<?xml version="1.0" encoding="UTF-8"?>
<testsuite xmlns:xsi="http://www.w3.org/2001/XMLSchema-instance" xsi:noNamespaceSchemaLocation="https://maven.apache.org/surefire/maven-surefire-plugin/xsd/surefire-test-report-3.0.xsd" version="3.0" name="TestSuite" time="14.105" tests="4" errors="0" skipped="0" failures="0">
  <properties>
    <property name="sun.desktop" value="gnome"/>
    <property name="awt.toolkit" value="sun.awt.X11.XToolkit"/>
    <property name="file.encoding.pkg" value="sun.io"/>
    <property name="java.specification.version" value="1.8"/>
    <property name="webdriver.chrome.driver" value="/home/marlon/.cache/selenium/chromedriver/linux64/94.0.4606.61/chromedriver"/>
    <property name="sun.cpu.isalist" value=""/>
    <property name="sun.jnu.encoding" value="UTF-8"/>
    <property name="java.class.path" value="/home/marlon/eclipse-workspace/testing-beer-ambassador/target/test-classes:/home/marlon/eclipse-workspace/testing-beer-ambassador/target/classes:/home/marlon/.m2/repository/org/testng/testng/7.4.0/testng-7.4.0.jar:/home/marlon/.m2/repository/com/beust/jcommander/1.78/jcommander-1.78.jar:/home/marlon/.m2/repository/org/webjars/jquery/3.5.1/jquery-3.5.1.jar:/home/marlon/.m2/repository/org/seleniumhq/selenium/selenium-java/3.141.59/selenium-java-3.141.59.jar:/home/marlon/.m2/repository/org/seleniumhq/selenium/selenium-api/3.141.59/selenium-api-3.141.59.jar:/home/marlon/.m2/repository/org/seleniumhq/selenium/selenium-chrome-driver/3.141.59/selenium-chrome-driver-3.141.59.jar:/home/marlon/.m2/repository/org/seleniumhq/selenium/selenium-edge-driver/3.141.59/selenium-edge-driver-3.141.59.jar:/home/marlon/.m2/repository/org/seleniumhq/selenium/selenium-firefox-driver/3.141.59/selenium-firefox-driver-3.141.59.jar:/home/marlon/.m2/repository/org/seleniumhq/selenium/selenium-ie-driver/3.141.59/selenium-ie-driver-3.141.59.jar:/home/marlon/.m2/repository/org/seleniumhq/selenium/selenium-opera-driver/3.141.59/selenium-opera-driver-3.141.59.jar:/home/marlon/.m2/repository/org/seleniumhq/selenium/selenium-remote-driver/3.141.59/selenium-remote-driver-3.141.59.jar:/home/marlon/.m2/repository/org/seleniumhq/selenium/selenium-safari-driver/3.141.59/selenium-safari-driver-3.141.59.jar:/home/marlon/.m2/repository/org/seleniumhq/selenium/selenium-support/3.141.59/selenium-support-3.141.59.jar:/home/marlon/.m2/repository/net/bytebuddy/byte-buddy/1.8.15/byte-buddy-1.8.15.jar:/home/marlon/.m2/repository/org/apache/commons/commons-exec/1.3/commons-exec-1.3.jar:/home/marlon/.m2/repository/com/google/guava/guava/25.0-jre/guava-25.0-jre.jar:/home/marlon/.m2/repository/com/google/code/findbugs/jsr305/1.3.9/jsr305-1.3.9.jar:/home/marlon/.m2/repository/org/checkerframework/checker-compat-qual/2.0.0/checker-compat-qual-2.0.0.jar:/home/marlon/.m2/repository/com/google/errorprone/error_prone_annotations/2.1.3/error_prone_annotations-2.1.3.jar:/home/marlon/.m2/repository/com/google/j2objc/j2objc-annotations/1.1/j2objc-annotations-1.1.jar:/home/marlon/.m2/repository/org/codehaus/mojo/animal-sniffer-annotations/1.14/animal-sniffer-annotations-1.14.jar:/home/marlon/.m2/repository/com/squareup/okhttp3/okhttp/3.11.0/okhttp-3.11.0.jar:/home/marlon/.m2/repository/com/squareup/okio/okio/1.14.0/okio-1.14.0.jar:/home/marlon/.m2/repository/org/apache/logging/log4j/log4j-api/2.14.1/log4j-api-2.14.1.jar:/home/marlon/.m2/repository/org/apache/logging/log4j/log4j-core/2.14.1/log4j-core-2.14.1.jar:/home/marlon/.m2/repository/com/opencsv/opencsv/5.4/opencsv-5.4.jar:/home/marlon/.m2/repository/org/apache/commons/commons-lang3/3.11/commons-lang3-3.11.jar:/home/marlon/.m2/repository/org/apache/commons/commons-text/1.9/commons-text-1.9.jar:/home/marlon/.m2/repository/commons-beanutils/commons-beanutils/1.9.4/commons-beanutils-1.9.4.jar:/home/marlon/.m2/repository/commons-logging/commons-logging/1.2/commons-logging-1.2.jar:/home/marlon/.m2/repository/commons-collections/commons-collections/3.2.2/commons-collections-3.2.2.jar:/home/marlon/.m2/repository/org/apache/commons/commons-collections4/4.4/commons-collections4-4.4.jar:/home/marlon/.m2/repository/commons-io/commons-io/2.11.0/commons-io-2.11.0.jar:/home/marlon/.m2/repository/io/github/bonigarcia/webdrivermanager/5.0.3/webdrivermanager-5.0.3.jar:/home/marlon/.m2/repository/org/slf4j/slf4j-api/1.7.32/slf4j-api-1.7.32.jar:/home/marlon/.m2/repository/com/google/code/gson/gson/2.8.8/gson-2.8.8.jar:/home/marlon/.m2/repository/org/jsoup/jsoup/1.14.2/jsoup-1.14.2.jar:/home/marlon/.m2/repository/com/github/docker-java/docker-java/3.2.12/docker-java-3.2.12.jar:/home/marlon/.m2/repository/com/github/docker-java/docker-java-core/3.2.12/docker-java-core-3.2.12.jar:/home/marlon/.m2/repository/com/github/docker-java/docker-java-api/3.2.12/docker-java-api-3.2.12.jar:/home/marlon/.m2/repository/com/fasterxml/jackson/core/jackson-annotations/2.10.3/jackson-annotations-2.10.3.jar:/home/marlon/.m2/repository/org/apache/commons/commons-compress/1.21/commons-compress-1.21.jar:/home/marlon/.m2/repository/commons-lang/commons-lang/2.6/commons-lang-2.6.jar:/home/marlon/.m2/repository/com/fasterxml/jackson/core/jackson-databind/2.10.3/jackson-databind-2.10.3.jar:/home/marlon/.m2/repository/com/fasterxml/jackson/core/jackson-core/2.10.3/jackson-core-2.10.3.jar:/home/marlon/.m2/repository/org/bouncycastle/bcpkix-jdk15on/1.64/bcpkix-jdk15on-1.64.jar:/home/marlon/.m2/repository/org/bouncycastle/bcprov-jdk15on/1.64/bcprov-jdk15on-1.64.jar:/home/marlon/.m2/repository/org/slf4j/jcl-over-slf4j/1.7.30/jcl-over-slf4j-1.7.30.jar:/home/marlon/.m2/repository/com/github/docker-java/docker-java-transport-httpclient5/3.2.12/docker-java-transport-httpclient5-3.2.12.jar:/home/marlon/.m2/repository/com/github/docker-java/docker-java-transport/3.2.12/docker-java-transport-3.2.12.jar:/home/marlon/.m2/repository/org/apache/httpcomponents/client5/httpclient5/5.0.3/httpclient5-5.0.3.jar:/home/marlon/.m2/repository/org/apache/httpcomponents/core5/httpcore5/5.0.2/httpcore5-5.0.2.jar:/home/marlon/.m2/repository/commons-codec/commons-codec/1.13/commons-codec-1.13.jar:/home/marlon/.m2/repository/net/java/dev/jna/jna/5.8.0/jna-5.8.0.jar:/home/marlon/.m2/repository/org/brotli/dec/0.1.2/dec-0.1.2.jar:"/>
    <property name="java.vm.vendor" value="AdoptOpenJDK"/>
    <property name="sun.arch.data.model" value="64"/>
    <property name="java.vendor.url" value="https://adoptopenjdk.net/"/>
    <property name="user.timezone" value="America/Bogota"/>
    <property name="java.vm.specification.version" value="1.8"/>
    <property name="os.name" value="Linux"/>
    <property name="user.country" value="US"/>
    <property name="sun.java.launcher" value="SUN_STANDARD"/>
    <property name="sun.boot.library.path" value="/usr/lib/jvm/adoptopenjdk-8-hotspot-amd64/jre/lib/amd64"/>
    <property name="sun.java.command" value="/home/marlon/eclipse-workspace/testing-beer-ambassador/target/surefire/surefirebooter7562479723381027877.jar /home/marlon/eclipse-workspace/testing-beer-ambassador/target/surefire 2021-10-24T22-29-48_011-jvmRun1 surefire6030181515784035703tmp surefire_06301568347089543733tmp"/>
    <property name="surefire.test.class.path" value="/home/marlon/eclipse-workspace/testing-beer-ambassador/target/test-classes:/home/marlon/eclipse-workspace/testing-beer-ambassador/target/classes:/home/marlon/.m2/repository/org/testng/testng/7.4.0/testng-7.4.0.jar:/home/marlon/.m2/repository/com/beust/jcommander/1.78/jcommander-1.78.jar:/home/marlon/.m2/repository/org/webjars/jquery/3.5.1/jquery-3.5.1.jar:/home/marlon/.m2/repository/org/seleniumhq/selenium/selenium-java/3.141.59/selenium-java-3.141.59.jar:/home/marlon/.m2/repository/org/seleniumhq/selenium/selenium-api/3.141.59/selenium-api-3.141.59.jar:/home/marlon/.m2/repository/org/seleniumhq/selenium/selenium-chrome-driver/3.141.59/selenium-chrome-driver-3.141.59.jar:/home/marlon/.m2/repository/org/seleniumhq/selenium/selenium-edge-driver/3.141.59/selenium-edge-driver-3.141.59.jar:/home/marlon/.m2/repository/org/seleniumhq/selenium/selenium-firefox-driver/3.141.59/selenium-firefox-driver-3.141.59.jar:/home/marlon/.m2/repository/org/seleniumhq/selenium/selenium-ie-driver/3.141.59/selenium-ie-driver-3.141.59.jar:/home/marlon/.m2/repository/org/seleniumhq/selenium/selenium-opera-driver/3.141.59/selenium-opera-driver-3.141.59.jar:/home/marlon/.m2/repository/org/seleniumhq/selenium/selenium-remote-driver/3.141.59/selenium-remote-driver-3.141.59.jar:/home/marlon/.m2/repository/org/seleniumhq/selenium/selenium-safari-driver/3.141.59/selenium-safari-driver-3.141.59.jar:/home/marlon/.m2/repository/org/seleniumhq/selenium/selenium-support/3.141.59/selenium-support-3.141.59.jar:/home/marlon/.m2/repository/net/bytebuddy/byte-buddy/1.8.15/byte-buddy-1.8.15.jar:/home/marlon/.m2/repository/org/apache/commons/commons-exec/1.3/commons-exec-1.3.jar:/home/marlon/.m2/repository/com/google/guava/guava/25.0-jre/guava-25.0-jre.jar:/home/marlon/.m2/repository/com/google/code/findbugs/jsr305/1.3.9/jsr305-1.3.9.jar:/home/marlon/.m2/repository/org/checkerframework/checker-compat-qual/2.0.0/checker-compat-qual-2.0.0.jar:/home/marlon/.m2/repository/com/google/errorprone/error_prone_annotations/2.1.3/error_prone_annotations-2.1.3.jar:/home/marlon/.m2/repository/com/google/j2objc/j2objc-annotations/1.1/j2objc-annotations-1.1.jar:/home/marlon/.m2/repository/org/codehaus/mojo/animal-sniffer-annotations/1.14/animal-sniffer-annotations-1.14.jar:/home/marlon/.m2/repository/com/squareup/okhttp3/okhttp/3.11.0/okhttp-3.11.0.jar:/home/marlon/.m2/repository/com/squareup/okio/okio/1.14.0/okio-1.14.0.jar:/home/marlon/.m2/repository/org/apache/logging/log4j/log4j-api/2.14.1/log4j-api-2.14.1.jar:/home/marlon/.m2/repository/org/apache/logging/log4j/log4j-core/2.14.1/log4j-core-2.14.1.jar:/home/marlon/.m2/repository/com/opencsv/opencsv/5.4/opencsv-5.4.jar:/home/marlon/.m2/repository/org/apache/commons/commons-lang3/3.11/commons-lang3-3.11.jar:/home/marlon/.m2/repository/org/apache/commons/commons-text/1.9/commons-text-1.9.jar:/home/marlon/.m2/repository/commons-beanutils/commons-beanutils/1.9.4/commons-beanutils-1.9.4.jar:/home/marlon/.m2/repository/commons-logging/commons-logging/1.2/commons-logging-1.2.jar:/home/marlon/.m2/repository/commons-collections/commons-collections/3.2.2/commons-collections-3.2.2.jar:/home/marlon/.m2/repository/org/apache/commons/commons-collections4/4.4/commons-collections4-4.4.jar:/home/marlon/.m2/repository/commons-io/commons-io/2.11.0/commons-io-2.11.0.jar:/home/marlon/.m2/repository/io/github/bonigarcia/webdrivermanager/5.0.3/webdrivermanager-5.0.3.jar:/home/marlon/.m2/repository/org/slf4j/slf4j-api/1.7.32/slf4j-api-1.7.32.jar:/home/marlon/.m2/repository/com/google/code/gson/gson/2.8.8/gson-2.8.8.jar:/home/marlon/.m2/repository/org/jsoup/jsoup/1.14.2/jsoup-1.14.2.jar:/home/marlon/.m2/repository/com/github/docker-java/docker-java/3.2.12/docker-java-3.2.12.jar:/home/marlon/.m2/repository/com/github/docker-java/docker-java-core/3.2.12/docker-java-core-3.2.12.jar:/home/marlon/.m2/repository/com/github/docker-java/docker-java-api/3.2.12/docker-java-api-3.2.12.jar:/home/marlon/.m2/repository/com/fasterxml/jackson/core/jackson-annotations/2.10.3/jackson-annotations-2.10.3.jar:/home/marlon/.m2/repository/org/apache/commons/commons-compress/1.21/commons-compress-1.21.jar:/home/marlon/.m2/repository/commons-lang/commons-lang/2.6/commons-lang-2.6.jar:/home/marlon/.m2/repository/com/fasterxml/jackson/core/jackson-databind/2.10.3/jackson-databind-2.10.3.jar:/home/marlon/.m2/repository/com/fasterxml/jackson/core/jackson-core/2.10.3/jackson-core-2.10.3.jar:/home/marlon/.m2/repository/org/bouncycastle/bcpkix-jdk15on/1.64/bcpkix-jdk15on-1.64.jar:/home/marlon/.m2/repository/org/bouncycastle/bcprov-jdk15on/1.64/bcprov-jdk15on-1.64.jar:/home/marlon/.m2/repository/org/slf4j/jcl-over-slf4j/1.7.30/jcl-over-slf4j-1.7.30.jar:/home/marlon/.m2/repository/com/github/docker-java/docker-java-transport-httpclient5/3.2.12/docker-java-transport-httpclient5-3.2.12.jar:/home/marlon/.m2/repository/com/github/docker-java/docker-java-transport/3.2.12/docker-java-transport-3.2.12.jar:/home/marlon/.m2/repository/org/apache/httpcomponents/client5/httpclient5/5.0.3/httpclient5-5.0.3.jar:/home/marlon/.m2/repository/org/apache/httpcomponents/core5/httpcore5/5.0.2/httpcore5-5.0.2.jar:/home/marlon/.m2/repository/commons-codec/commons-codec/1.13/commons-codec-1.13.jar:/home/marlon/.m2/repository/net/java/dev/jna/jna/5.8.0/jna-5.8.0.jar:/home/marlon/.m2/repository/org/brotli/dec/0.1.2/dec-0.1.2.jar:"/>
    <property name="sun.cpu.endian" value="little"/>
    <property name="user.home" value="/home/marlon"/>
    <property name="user.language" value="en"/>
    <property name="java.specification.vendor" value="Oracle Corporation"/>
    <property name="java.home" value="/usr/lib/jvm/adoptopenjdk-8-hotspot-amd64/jre"/>
    <property name="basedir" value="/home/marlon/eclipse-workspace/testing-beer-ambassador"/>
    <property name="file.separator" value="/"/>
    <property name="line.separator" value="&#10;"/>
    <property name="java.vm.specification.vendor" value="Oracle Corporation"/>
    <property name="java.specification.name" value="Java Platform API Specification"/>
    <property name="java.awt.graphicsenv" value="sun.awt.X11GraphicsEnvironment"/>
    <property name="surefire.real.class.path" value="/home/marlon/eclipse-workspace/testing-beer-ambassador/target/surefire/surefirebooter7562479723381027877.jar"/>
    <property name="sun.boot.class.path" value="/usr/lib/jvm/adoptopenjdk-8-hotspot-amd64/jre/lib/resources.jar:/usr/lib/jvm/adoptopenjdk-8-hotspot-amd64/jre/lib/rt.jar:/usr/lib/jvm/adoptopenjdk-8-hotspot-amd64/jre/lib/sunrsasign.jar:/usr/lib/jvm/adoptopenjdk-8-hotspot-amd64/jre/lib/jsse.jar:/usr/lib/jvm/adoptopenjdk-8-hotspot-amd64/jre/lib/jce.jar:/usr/lib/jvm/adoptopenjdk-8-hotspot-amd64/jre/lib/charsets.jar:/usr/lib/jvm/adoptopenjdk-8-hotspot-amd64/jre/lib/jfr.jar:/usr/lib/jvm/adoptopenjdk-8-hotspot-amd64/jre/classes"/>
    <property name="sun.management.compiler" value="HotSpot 64-Bit Tiered Compilers"/>
    <property name="java.runtime.version" value="1.8.0_292-b10"/>
    <property name="user.name" value="marlon"/>
    <property name="path.separator" value=":"/>
    <property name="os.version" value="4.19.0-18-amd64"/>
    <property name="java.endorsed.dirs" value="/usr/lib/jvm/adoptopenjdk-8-hotspot-amd64/jre/lib/endorsed"/>
    <property name="java.runtime.name" value="OpenJDK Runtime Environment"/>
    <property name="file.encoding" value="UTF-8"/>
    <property name="java.vm.name" value="OpenJDK 64-Bit Server VM"/>
    <property name="localRepository" value="/home/marlon/.m2/repository"/>
    <property name="java.vendor.url.bug" value="https://github.com/AdoptOpenJDK/openjdk-support/issues"/>
    <property name="java.io.tmpdir" value="/tmp"/>
    <property name="java.version" value="1.8.0_292"/>
    <property name="user.dir" value="/home/marlon/eclipse-workspace/testing-beer-ambassador"/>
    <property name="os.arch" value="amd64"/>
    <property name="java.vm.specification.name" value="Java Virtual Machine Specification"/>
    <property name="java.awt.printerjob" value="sun.print.PSPrinterJob"/>
    <property name="sun.os.patch.level" value="unknown"/>
    <property name="java.library.path" value="/usr/java/packages/lib/amd64:/usr/lib64:/lib64:/lib:/usr/lib"/>
    <property name="java.vm.info" value="mixed mode"/>
    <property name="java.vendor" value="AdoptOpenJDK"/>
    <property name="java.vm.version" value="25.292-b10"/>
    <property name="java.ext.dirs" value="/usr/lib/jvm/adoptopenjdk-8-hotspot-amd64/jre/lib/ext:/usr/java/packages/lib/ext"/>
    <property name="sun.io.unicode.encoding" value="UnicodeLittle"/>
    <property name="java.class.version" value="52.0"/>
  </properties>
  <testcase name="negativeLoginTest[{no=2, description=incorrect password, password=Testing123#4, sharpID=100000001, expectedMessage=Estas credenciales no coinciden con nuestros registros.}](1)" classname="com.tribu.qaselenium.tests.NegativeLoginTests" time="6.936">
    <system-out><![CDATA[[TestNG] [WARN] Ignoring duplicate listener : com.tribu.qaselenium.testframework.testbase.EmailableTestingReporter
*****loggerFactory-counter***** = 1
*****driverFactory-counter***** = 1
[TestNG-test=PositiveLoginTest-CH-1] [csvReader] 22:29:51,045 INFO  [logger csvReader] Se ejecuta csvReader()
[TestNG-PoolService-0] [setUp] 22:29:51,053 INFO  [PositiveLoginTest-CH] Se ejecuta setup() 
[TestNG-PoolService-1] [setUp] 22:29:51,057 INFO  [PositiveLoginTest-CH] Se ejecuta setup() 
[TestNG-PoolService-1] [createDriver] 22:29:53,403 INFO  [PositiveLoginTest-CH] 431619268 driverFactory crea driver
[TestNG-PoolService-0] [createDriver] 22:29:53,403 INFO  [PositiveLoginTest-CH] 590093889 driverFactory crea driver
[TestNG-PoolService-1] [createDriver] 22:29:53,403 INFO  [NegativeLoginTest-CH] 1943352204 driverFactory crea driver
[TestNG-PoolService-0] [createDriver] 22:29:53,407 INFO  [NegativeLoginTest-CH] 2084515342 driverFactory crea driver
[TestNG-PoolService-0] [logInTest] 22:29:53,534 INFO  [PositiveLoginTest-CH] Starting Login Test
[TestNG-PoolService-1] [negativeLoginTest] 22:29:53,534 INFO  [NegativeLoginTest-CH] Starting negativeLoginTest #2forincorrect password
[TestNG-PoolService-0] [negativeLoginTest] 22:29:53,536 INFO  [NegativeLoginTest-CH] Starting negativeLoginTest #1forincorrect sharpID
[TestNG-PoolService-1] [logInTest] 22:29:53,537 INFO  [PositiveLoginTest-CH] Starting Login Test
[TestNG-PoolService-1] [openUrl] 22:29:57,025 INFO  [NegativeLoginTest-CH] Open Url
[TestNG-PoolService-1] [loginBySharId] 22:29:57,025 INFO  [NegativeLoginTest-CH] 1943352204 Clicking sharpId button
[TestNG-PoolService-1] [negativelogin] 22:29:57,242 INFO  [NegativeLoginTest-CH] 1943352204 Executing negative login with sharpID [100000001] and password [Testing123#4]
[TestNG-PoolService-0] [openUrl] 22:29:58,001 INFO  [PositiveLoginTest-CH] Open Url
[TestNG-PoolService-0] [loginBySharId] 22:29:58,002 INFO  [PositiveLoginTest-CH] 590093889 Clicking sharpId button
[TestNG-PoolService-0] [login] 22:29:58,111 INFO  [PositiveLoginTest-CH] 590093889 Executing login with sharpID [100000001] and password [Testing123#$]
[TestNG-PoolService-0] [openUrl] 22:29:59,020 INFO  [NegativeLoginTest-CH] Open Url
[TestNG-PoolService-0] [loginBySharId] 22:29:59,021 INFO  [NegativeLoginTest-CH] 2084515342 Clicking sharpId button
[TestNG-PoolService-1] [openUrl] 22:29:59,030 INFO  [PositiveLoginTest-CH] Open Url
[TestNG-PoolService-1] [loginBySharId] 22:29:59,030 INFO  [PositiveLoginTest-CH] 431619268 Clicking sharpId button
[TestNG-PoolService-0] [negativelogin] 22:29:59,187 INFO  [NegativeLoginTest-CH] 2084515342 Executing negative login with sharpID [100000001] and password [Testing123y$]
[TestNG-PoolService-1] [login] 22:29:59,203 INFO  [PositiveLoginTest-CH] 431619268 Executing login with sharpID [100000002] and password [Testing123#$]
]]></system-out>
    <system-err><![CDATA[SLF4J: Failed to load class "org.slf4j.impl.StaticLoggerBinder".
SLF4J: Defaulting to no-operation (NOP) logger implementation
SLF4J: See http://www.slf4j.org/codes.html#StaticLoggerBinder for further details.
Starting ChromeDriver 94.0.4606.61 (418b78f5838ed0b1c69bb4e51ea0252171854915-refs/branch-heads/4606@{#1204}) on port 22425
Only local connections are allowed.
Please see https://chromedriver.chromium.org/security-considerations for suggestions on keeping ChromeDriver safe.
ChromeDriver was started successfully.Starting ChromeDriver 94.0.4606.61 (418b78f5838ed0b1c69bb4e51ea0252171854915-refs/branch-heads/4606@{#120
4}) on port 12578
Only local connections are allowed.
Please see https://chromedriver.chromium.org/securitSy-ctarting ChromeDriver 94o.0.n4s6i0d6.e6r1a t(i4o1n8sb 7f8ofr5 8s3u8gegde0bs1ct6i9bobn4es5 1eoan02 5k2e1e71p8i5n49g15 -Crehfrs/obmreanDcrhi-hveeards /s46a0f6@e{.#
12C0h4}r)o mone Dporritv e16r2 50w
aOsnl ys tloacralt ceondn ecstiuocncs earses aflulolweldy..

Please see https://chromedriver.chromium.org/security-considerations for suggestions oStarting ChromeDriver 94.0.4606.61 (418b78f5838n keeping ChromeDriver safe.
ChromeDriver was started successfully.
ed0b1c69bb4e51ea0252171854915-refs/branch-heads/4606@{#1204}) on port 18589
Only local connections are allowed.
Please see https://chromedriver.chromium.org/security-considerations for suggestions on keeping ChromeDriver safe.
ChromeDriver was started successfully.
Oct 24, 2021 10:29:53 PM org.openqa.selenium.remote.ProtocolHandshake createSession
INFO: Detected dialect: W3C
Oct 24, 2021 10:29:53 PM org.openqa.selenium.remote.ProtocolHandshake createSession
INFO: Detected dialect: W3C
Oct 24, 2021 10:29:53 PM org.openqa.selenium.remote.ProtocolHandshake createSession
INFO: Detected dialect: W3C
Oct 24, 2021 10:29:53 PM org.openqa.selenium.remote.ProtocolHandshake createSession
INFO: Detected dialect: W3C
]]></system-err>
  </testcase>
  <testcase name="negativeLoginTest[{no=1, description=incorrect sharpID, password=Testing123y$, sharpID=100000001, expectedMessage=Estas credenciales no coinciden con nuestros registros.}](2)" classname="com.tribu.qaselenium.tests.NegativeLoginTests" time="9.357"/>
  <testcase name="logInTest[{no=1, description=Qauser1, password=Testing123#$, sharpID=100000001, expectedMessage=Simplifica Hub}](1)" classname="com.tribu.qaselenium.tests.PositiveLoginTests" time="8.078"/>
  <testcase name="logInTest[{no=2, description=Qauser2, password=Testing123#$, sharpID=100000002, expectedMessage=Simplifica Hub}](2)" classname="com.tribu.qaselenium.tests.PositiveLoginTests" time="9.985"/>
</testsuite>