<?xml version="1.0" encoding="UTF-8"?>
<testsuite xmlns:xsi="http://www.w3.org/2001/XMLSchema-instance" xsi:noNamespaceSchemaLocation="https://maven.apache.org/surefire/maven-surefire-plugin/xsd/surefire-test-report-3.0.xsd" version="3.0" name="TestSuite" time="229.207" tests="10" errors="0" skipped="0" failures="1">
  <properties>
    <property name="sun.desktop" value="gnome"/>
    <property name="awt.toolkit" value="sun.awt.X11.XToolkit"/>
    <property name="file.encoding.pkg" value="sun.io"/>
    <property name="java.specification.version" value="1.8"/>
    <property name="webdriver.chrome.driver" value="/home/marlon/.cache/selenium/chromedriver/linux64/94.0.4606.61/chromedriver"/>
    <property name="sun.cpu.isalist" value=""/>
    <property name="sun.jnu.encoding" value="UTF-8"/>
    <property name="java.class.path" value="/home/marlon/eclipse-workspace/testing-sso/target/test-classes:/home/marlon/eclipse-workspace/testing-sso/target/classes:/home/marlon/.m2/repository/org/testng/testng/7.4.0/testng-7.4.0.jar:/home/marlon/.m2/repository/com/beust/jcommander/1.78/jcommander-1.78.jar:/home/marlon/.m2/repository/org/webjars/jquery/3.5.1/jquery-3.5.1.jar:/home/marlon/.m2/repository/org/seleniumhq/selenium/selenium-java/3.141.59/selenium-java-3.141.59.jar:/home/marlon/.m2/repository/org/seleniumhq/selenium/selenium-api/3.141.59/selenium-api-3.141.59.jar:/home/marlon/.m2/repository/org/seleniumhq/selenium/selenium-chrome-driver/3.141.59/selenium-chrome-driver-3.141.59.jar:/home/marlon/.m2/repository/org/seleniumhq/selenium/selenium-edge-driver/3.141.59/selenium-edge-driver-3.141.59.jar:/home/marlon/.m2/repository/org/seleniumhq/selenium/selenium-firefox-driver/3.141.59/selenium-firefox-driver-3.141.59.jar:/home/marlon/.m2/repository/org/seleniumhq/selenium/selenium-ie-driver/3.141.59/selenium-ie-driver-3.141.59.jar:/home/marlon/.m2/repository/org/seleniumhq/selenium/selenium-opera-driver/3.141.59/selenium-opera-driver-3.141.59.jar:/home/marlon/.m2/repository/org/seleniumhq/selenium/selenium-remote-driver/3.141.59/selenium-remote-driver-3.141.59.jar:/home/marlon/.m2/repository/org/seleniumhq/selenium/selenium-safari-driver/3.141.59/selenium-safari-driver-3.141.59.jar:/home/marlon/.m2/repository/org/seleniumhq/selenium/selenium-support/3.141.59/selenium-support-3.141.59.jar:/home/marlon/.m2/repository/net/bytebuddy/byte-buddy/1.8.15/byte-buddy-1.8.15.jar:/home/marlon/.m2/repository/org/apache/commons/commons-exec/1.3/commons-exec-1.3.jar:/home/marlon/.m2/repository/com/google/guava/guava/25.0-jre/guava-25.0-jre.jar:/home/marlon/.m2/repository/com/google/code/findbugs/jsr305/1.3.9/jsr305-1.3.9.jar:/home/marlon/.m2/repository/org/checkerframework/checker-compat-qual/2.0.0/checker-compat-qual-2.0.0.jar:/home/marlon/.m2/repository/com/google/errorprone/error_prone_annotations/2.1.3/error_prone_annotations-2.1.3.jar:/home/marlon/.m2/repository/com/google/j2objc/j2objc-annotations/1.1/j2objc-annotations-1.1.jar:/home/marlon/.m2/repository/org/codehaus/mojo/animal-sniffer-annotations/1.14/animal-sniffer-annotations-1.14.jar:/home/marlon/.m2/repository/com/squareup/okhttp3/okhttp/3.11.0/okhttp-3.11.0.jar:/home/marlon/.m2/repository/com/squareup/okio/okio/1.14.0/okio-1.14.0.jar:/home/marlon/.m2/repository/org/apache/logging/log4j/log4j-api/2.14.1/log4j-api-2.14.1.jar:/home/marlon/.m2/repository/org/apache/logging/log4j/log4j-core/2.14.1/log4j-core-2.14.1.jar:/home/marlon/.m2/repository/com/opencsv/opencsv/5.4/opencsv-5.4.jar:/home/marlon/.m2/repository/org/apache/commons/commons-lang3/3.11/commons-lang3-3.11.jar:/home/marlon/.m2/repository/org/apache/commons/commons-text/1.9/commons-text-1.9.jar:/home/marlon/.m2/repository/commons-beanutils/commons-beanutils/1.9.4/commons-beanutils-1.9.4.jar:/home/marlon/.m2/repository/commons-logging/commons-logging/1.2/commons-logging-1.2.jar:/home/marlon/.m2/repository/commons-collections/commons-collections/3.2.2/commons-collections-3.2.2.jar:/home/marlon/.m2/repository/org/apache/commons/commons-collections4/4.4/commons-collections4-4.4.jar:/home/marlon/.m2/repository/commons-io/commons-io/2.11.0/commons-io-2.11.0.jar:/home/marlon/.m2/repository/io/github/bonigarcia/webdrivermanager/5.0.3/webdrivermanager-5.0.3.jar:/home/marlon/.m2/repository/org/slf4j/slf4j-api/1.7.32/slf4j-api-1.7.32.jar:/home/marlon/.m2/repository/com/google/code/gson/gson/2.8.8/gson-2.8.8.jar:/home/marlon/.m2/repository/org/jsoup/jsoup/1.14.2/jsoup-1.14.2.jar:/home/marlon/.m2/repository/com/github/docker-java/docker-java/3.2.12/docker-java-3.2.12.jar:/home/marlon/.m2/repository/com/github/docker-java/docker-java-core/3.2.12/docker-java-core-3.2.12.jar:/home/marlon/.m2/repository/com/github/docker-java/docker-java-api/3.2.12/docker-java-api-3.2.12.jar:/home/marlon/.m2/repository/com/fasterxml/jackson/core/jackson-annotations/2.10.3/jackson-annotations-2.10.3.jar:/home/marlon/.m2/repository/org/apache/commons/commons-compress/1.21/commons-compress-1.21.jar:/home/marlon/.m2/repository/commons-lang/commons-lang/2.6/commons-lang-2.6.jar:/home/marlon/.m2/repository/com/fasterxml/jackson/core/jackson-databind/2.10.3/jackson-databind-2.10.3.jar:/home/marlon/.m2/repository/com/fasterxml/jackson/core/jackson-core/2.10.3/jackson-core-2.10.3.jar:/home/marlon/.m2/repository/org/bouncycastle/bcpkix-jdk15on/1.64/bcpkix-jdk15on-1.64.jar:/home/marlon/.m2/repository/org/bouncycastle/bcprov-jdk15on/1.64/bcprov-jdk15on-1.64.jar:/home/marlon/.m2/repository/org/slf4j/jcl-over-slf4j/1.7.30/jcl-over-slf4j-1.7.30.jar:/home/marlon/.m2/repository/com/github/docker-java/docker-java-transport-httpclient5/3.2.12/docker-java-transport-httpclient5-3.2.12.jar:/home/marlon/.m2/repository/com/github/docker-java/docker-java-transport/3.2.12/docker-java-transport-3.2.12.jar:/home/marlon/.m2/repository/org/apache/httpcomponents/client5/httpclient5/5.0.3/httpclient5-5.0.3.jar:/home/marlon/.m2/repository/org/apache/httpcomponents/core5/httpcore5/5.0.2/httpcore5-5.0.2.jar:/home/marlon/.m2/repository/commons-codec/commons-codec/1.13/commons-codec-1.13.jar:/home/marlon/.m2/repository/net/java/dev/jna/jna/5.8.0/jna-5.8.0.jar:/home/marlon/.m2/repository/org/brotli/dec/0.1.2/dec-0.1.2.jar:"/>
    <property name="java.vm.vendor" value="AdoptOpenJDK"/>
    <property name="sun.arch.data.model" value="64"/>
    <property name="java.vendor.url" value="https://adoptopenjdk.net/"/>
    <property name="user.timezone" value="America/Bogota"/>
    <property name="java.vm.specification.version" value="1.8"/>
    <property name="os.name" value="Linux"/>
    <property name="user.country" value="US"/>
    <property name="sun.java.launcher" value="SUN_STANDARD"/>
    <property name="sun.boot.library.path" value="/usr/lib/jvm/adoptopenjdk-8-hotspot-amd64/jre/lib/amd64"/>
    <property name="sun.java.command" value="/home/marlon/eclipse-workspace/testing-sso/target/surefire/surefirebooter3391512118048613900.jar /home/marlon/eclipse-workspace/testing-sso/target/surefire 2021-10-20T20-43-06_362-jvmRun1 surefire2036688187003248842tmp surefire_08514144818086115379tmp"/>
    <property name="surefire.test.class.path" value="/home/marlon/eclipse-workspace/testing-sso/target/test-classes:/home/marlon/eclipse-workspace/testing-sso/target/classes:/home/marlon/.m2/repository/org/testng/testng/7.4.0/testng-7.4.0.jar:/home/marlon/.m2/repository/com/beust/jcommander/1.78/jcommander-1.78.jar:/home/marlon/.m2/repository/org/webjars/jquery/3.5.1/jquery-3.5.1.jar:/home/marlon/.m2/repository/org/seleniumhq/selenium/selenium-java/3.141.59/selenium-java-3.141.59.jar:/home/marlon/.m2/repository/org/seleniumhq/selenium/selenium-api/3.141.59/selenium-api-3.141.59.jar:/home/marlon/.m2/repository/org/seleniumhq/selenium/selenium-chrome-driver/3.141.59/selenium-chrome-driver-3.141.59.jar:/home/marlon/.m2/repository/org/seleniumhq/selenium/selenium-edge-driver/3.141.59/selenium-edge-driver-3.141.59.jar:/home/marlon/.m2/repository/org/seleniumhq/selenium/selenium-firefox-driver/3.141.59/selenium-firefox-driver-3.141.59.jar:/home/marlon/.m2/repository/org/seleniumhq/selenium/selenium-ie-driver/3.141.59/selenium-ie-driver-3.141.59.jar:/home/marlon/.m2/repository/org/seleniumhq/selenium/selenium-opera-driver/3.141.59/selenium-opera-driver-3.141.59.jar:/home/marlon/.m2/repository/org/seleniumhq/selenium/selenium-remote-driver/3.141.59/selenium-remote-driver-3.141.59.jar:/home/marlon/.m2/repository/org/seleniumhq/selenium/selenium-safari-driver/3.141.59/selenium-safari-driver-3.141.59.jar:/home/marlon/.m2/repository/org/seleniumhq/selenium/selenium-support/3.141.59/selenium-support-3.141.59.jar:/home/marlon/.m2/repository/net/bytebuddy/byte-buddy/1.8.15/byte-buddy-1.8.15.jar:/home/marlon/.m2/repository/org/apache/commons/commons-exec/1.3/commons-exec-1.3.jar:/home/marlon/.m2/repository/com/google/guava/guava/25.0-jre/guava-25.0-jre.jar:/home/marlon/.m2/repository/com/google/code/findbugs/jsr305/1.3.9/jsr305-1.3.9.jar:/home/marlon/.m2/repository/org/checkerframework/checker-compat-qual/2.0.0/checker-compat-qual-2.0.0.jar:/home/marlon/.m2/repository/com/google/errorprone/error_prone_annotations/2.1.3/error_prone_annotations-2.1.3.jar:/home/marlon/.m2/repository/com/google/j2objc/j2objc-annotations/1.1/j2objc-annotations-1.1.jar:/home/marlon/.m2/repository/org/codehaus/mojo/animal-sniffer-annotations/1.14/animal-sniffer-annotations-1.14.jar:/home/marlon/.m2/repository/com/squareup/okhttp3/okhttp/3.11.0/okhttp-3.11.0.jar:/home/marlon/.m2/repository/com/squareup/okio/okio/1.14.0/okio-1.14.0.jar:/home/marlon/.m2/repository/org/apache/logging/log4j/log4j-api/2.14.1/log4j-api-2.14.1.jar:/home/marlon/.m2/repository/org/apache/logging/log4j/log4j-core/2.14.1/log4j-core-2.14.1.jar:/home/marlon/.m2/repository/com/opencsv/opencsv/5.4/opencsv-5.4.jar:/home/marlon/.m2/repository/org/apache/commons/commons-lang3/3.11/commons-lang3-3.11.jar:/home/marlon/.m2/repository/org/apache/commons/commons-text/1.9/commons-text-1.9.jar:/home/marlon/.m2/repository/commons-beanutils/commons-beanutils/1.9.4/commons-beanutils-1.9.4.jar:/home/marlon/.m2/repository/commons-logging/commons-logging/1.2/commons-logging-1.2.jar:/home/marlon/.m2/repository/commons-collections/commons-collections/3.2.2/commons-collections-3.2.2.jar:/home/marlon/.m2/repository/org/apache/commons/commons-collections4/4.4/commons-collections4-4.4.jar:/home/marlon/.m2/repository/commons-io/commons-io/2.11.0/commons-io-2.11.0.jar:/home/marlon/.m2/repository/io/github/bonigarcia/webdrivermanager/5.0.3/webdrivermanager-5.0.3.jar:/home/marlon/.m2/repository/org/slf4j/slf4j-api/1.7.32/slf4j-api-1.7.32.jar:/home/marlon/.m2/repository/com/google/code/gson/gson/2.8.8/gson-2.8.8.jar:/home/marlon/.m2/repository/org/jsoup/jsoup/1.14.2/jsoup-1.14.2.jar:/home/marlon/.m2/repository/com/github/docker-java/docker-java/3.2.12/docker-java-3.2.12.jar:/home/marlon/.m2/repository/com/github/docker-java/docker-java-core/3.2.12/docker-java-core-3.2.12.jar:/home/marlon/.m2/repository/com/github/docker-java/docker-java-api/3.2.12/docker-java-api-3.2.12.jar:/home/marlon/.m2/repository/com/fasterxml/jackson/core/jackson-annotations/2.10.3/jackson-annotations-2.10.3.jar:/home/marlon/.m2/repository/org/apache/commons/commons-compress/1.21/commons-compress-1.21.jar:/home/marlon/.m2/repository/commons-lang/commons-lang/2.6/commons-lang-2.6.jar:/home/marlon/.m2/repository/com/fasterxml/jackson/core/jackson-databind/2.10.3/jackson-databind-2.10.3.jar:/home/marlon/.m2/repository/com/fasterxml/jackson/core/jackson-core/2.10.3/jackson-core-2.10.3.jar:/home/marlon/.m2/repository/org/bouncycastle/bcpkix-jdk15on/1.64/bcpkix-jdk15on-1.64.jar:/home/marlon/.m2/repository/org/bouncycastle/bcprov-jdk15on/1.64/bcprov-jdk15on-1.64.jar:/home/marlon/.m2/repository/org/slf4j/jcl-over-slf4j/1.7.30/jcl-over-slf4j-1.7.30.jar:/home/marlon/.m2/repository/com/github/docker-java/docker-java-transport-httpclient5/3.2.12/docker-java-transport-httpclient5-3.2.12.jar:/home/marlon/.m2/repository/com/github/docker-java/docker-java-transport/3.2.12/docker-java-transport-3.2.12.jar:/home/marlon/.m2/repository/org/apache/httpcomponents/client5/httpclient5/5.0.3/httpclient5-5.0.3.jar:/home/marlon/.m2/repository/org/apache/httpcomponents/core5/httpcore5/5.0.2/httpcore5-5.0.2.jar:/home/marlon/.m2/repository/commons-codec/commons-codec/1.13/commons-codec-1.13.jar:/home/marlon/.m2/repository/net/java/dev/jna/jna/5.8.0/jna-5.8.0.jar:/home/marlon/.m2/repository/org/brotli/dec/0.1.2/dec-0.1.2.jar:"/>
    <property name="sun.cpu.endian" value="little"/>
    <property name="user.home" value="/home/marlon"/>
    <property name="user.language" value="en"/>
    <property name="java.specification.vendor" value="Oracle Corporation"/>
    <property name="java.home" value="/usr/lib/jvm/adoptopenjdk-8-hotspot-amd64/jre"/>
    <property name="basedir" value="/home/marlon/eclipse-workspace/testing-sso"/>
    <property name="file.separator" value="/"/>
    <property name="line.separator" value="&#10;"/>
    <property name="java.vm.specification.vendor" value="Oracle Corporation"/>
    <property name="java.specification.name" value="Java Platform API Specification"/>
    <property name="java.awt.graphicsenv" value="sun.awt.X11GraphicsEnvironment"/>
    <property name="surefire.real.class.path" value="/home/marlon/eclipse-workspace/testing-sso/target/surefire/surefirebooter3391512118048613900.jar"/>
    <property name="sun.boot.class.path" value="/usr/lib/jvm/adoptopenjdk-8-hotspot-amd64/jre/lib/resources.jar:/usr/lib/jvm/adoptopenjdk-8-hotspot-amd64/jre/lib/rt.jar:/usr/lib/jvm/adoptopenjdk-8-hotspot-amd64/jre/lib/sunrsasign.jar:/usr/lib/jvm/adoptopenjdk-8-hotspot-amd64/jre/lib/jsse.jar:/usr/lib/jvm/adoptopenjdk-8-hotspot-amd64/jre/lib/jce.jar:/usr/lib/jvm/adoptopenjdk-8-hotspot-amd64/jre/lib/charsets.jar:/usr/lib/jvm/adoptopenjdk-8-hotspot-amd64/jre/lib/jfr.jar:/usr/lib/jvm/adoptopenjdk-8-hotspot-amd64/jre/classes"/>
    <property name="sun.management.compiler" value="HotSpot 64-Bit Tiered Compilers"/>
    <property name="java.runtime.version" value="1.8.0_292-b10"/>
    <property name="user.name" value="marlon"/>
    <property name="path.separator" value=":"/>
    <property name="os.version" value="4.19.0-18-amd64"/>
    <property name="java.endorsed.dirs" value="/usr/lib/jvm/adoptopenjdk-8-hotspot-amd64/jre/lib/endorsed"/>
    <property name="java.runtime.name" value="OpenJDK Runtime Environment"/>
    <property name="file.encoding" value="UTF-8"/>
    <property name="java.vm.name" value="OpenJDK 64-Bit Server VM"/>
    <property name="localRepository" value="/home/marlon/.m2/repository"/>
    <property name="java.vendor.url.bug" value="https://github.com/AdoptOpenJDK/openjdk-support/issues"/>
    <property name="java.io.tmpdir" value="/tmp"/>
    <property name="java.version" value="1.8.0_292"/>
    <property name="user.dir" value="/home/marlon/eclipse-workspace/testing-sso"/>
    <property name="os.arch" value="amd64"/>
    <property name="java.vm.specification.name" value="Java Virtual Machine Specification"/>
    <property name="java.awt.printerjob" value="sun.print.PSPrinterJob"/>
    <property name="sun.os.patch.level" value="unknown"/>
    <property name="java.library.path" value="/usr/java/packages/lib/amd64:/usr/lib64:/lib64:/lib:/usr/lib"/>
    <property name="java.vm.info" value="mixed mode"/>
    <property name="java.vendor" value="AdoptOpenJDK"/>
    <property name="java.vm.version" value="25.292-b10"/>
    <property name="java.ext.dirs" value="/usr/lib/jvm/adoptopenjdk-8-hotspot-amd64/jre/lib/ext:/usr/java/packages/lib/ext"/>
    <property name="sun.io.unicode.encoding" value="UnicodeLittle"/>
    <property name="java.class.version" value="52.0"/>
  </properties>
  <testcase name="negativeLoginTest[{no=5, description=incorrect password, password=Testing123#2, sharpID=100000004, expectedMessage=Estas credenciales no coinciden con nuestros registros.}](1)" classname="com.tribu.qaselenium.tests.NegativeLoginTests" time="5.917">
    <system-out><![CDATA[[TestNG] [WARN] Ignoring duplicate listener : com.tribu.qaselenium.testbase.EmailableTestingReporter
[main] 20:43:08,539 INFO  [NegativeLoginTest-CH] Se crea factory
[main] 20:43:08,571 INFO  [logger csvReader] Se ejecuta csvReader()
[TestNG-PoolService-2] 20:43:08,605 INFO  [NegativeLoginTest-CH] Se ejecuta setup() 
[TestNG-PoolService-0] 20:43:08,605 INFO  [NegativeLoginTest-CH] Se ejecuta setup() 
[TestNG-PoolService-1] 20:43:08,606 INFO  [NegativeLoginTest-CH] Se ejecuta setup() 
[TestNG-PoolService-3] 20:43:08,607 INFO  [NegativeLoginTest-CH] Se ejecuta setup() 
[TestNG-PoolService-4] 20:43:08,608 INFO  [NegativeLoginTest-CH] Se ejecuta setup() 
[TestNG-PoolService-3] 20:46:34,955 INFO  [NegativeLoginTest-CH] 1788093783 Factory crea driver
[TestNG-PoolService-4] 20:46:34,955 INFO  [NegativeLoginTest-CH] 2064818712 Factory crea driver
[TestNG-PoolService-1] 20:46:34,955 INFO  [NegativeLoginTest-CH] 236449324 Factory crea driver
[TestNG-PoolService-0] 20:46:34,956 INFO  [NegativeLoginTest-CH] 964323637 Factory crea driver
[TestNG-PoolService-2] 20:46:34,955 INFO  [NegativeLoginTest-CH] 1990978527 Factory crea driver
[TestNG-PoolService-0] 20:46:35,121 INFO  [NegativeLoginTest-CH] Starting negativeLoginTest #1forincorrect sharpID
[TestNG-PoolService-3] 20:46:35,121 INFO  [NegativeLoginTest-CH] Starting negativeLoginTest #4forincorrect sharpID
[TestNG-PoolService-2] 20:46:35,121 INFO  [NegativeLoginTest-CH] Starting negativeLoginTest #3forincorrect password
[TestNG-PoolService-1] 20:46:35,122 INFO  [NegativeLoginTest-CH] Starting negativeLoginTest #2forincorrect password
[TestNG-PoolService-4] 20:46:35,122 INFO  [NegativeLoginTest-CH] Starting negativeLoginTest #5forincorrect password
[TestNG-PoolService-1] 20:46:35,126 INFO  [NegativeLoginTest-CH]  Constructor BasePageObject
[TestNG-PoolService-4] 20:46:35,126 INFO  [NegativeLoginTest-CH]  Constructor BasePageObject
[TestNG-PoolService-0] 20:46:35,126 INFO  [NegativeLoginTest-CH]  Constructor BasePageObject
[TestNG-PoolService-3] 20:46:35,128 INFO  [NegativeLoginTest-CH]  Constructor BasePageObject
[TestNG-PoolService-2] 20:46:35,128 INFO  [NegativeLoginTest-CH]  Constructor BasePageObject
[TestNG-PoolService-0] 20:46:35,133 INFO  [NegativeLoginTest-CH] 964323637 Welcome abre url
[TestNG-PoolService-4] 20:46:35,133 INFO  [NegativeLoginTest-CH] 2064818712 Welcome abre url
[TestNG-PoolService-3] 20:46:35,133 INFO  [NegativeLoginTest-CH] 1788093783 Welcome abre url
[TestNG-PoolService-1] 20:46:35,133 INFO  [NegativeLoginTest-CH] 236449324 Welcome abre url
[TestNG-PoolService-2] 20:46:35,136 INFO  [NegativeLoginTest-CH] 1990978527 Welcome abre url
[TestNG-PoolService-4] 20:46:38,029 INFO  [NegativeLoginTest-CH] 2064818712 Driver despues de abrir la URL
[TestNG-PoolService-4] 20:46:38,029 INFO  [NegativeLoginTest-CH] 2064818712 Clicking sharpId button
[TestNG-PoolService-4] 20:46:38,215 INFO  [NegativeLoginTest-CH]  Constructor BasePageObject
[TestNG-PoolService-4] 20:46:38,215 INFO  [NegativeLoginTest-CH] 2064818712 Executing negative login with sharpID [100000004] and password [Testing123#2]
[TestNG-PoolService-3] 20:46:39,982 INFO  [NegativeLoginTest-CH] 1788093783 Driver despues de abrir la URL
[TestNG-PoolService-3] 20:46:39,982 INFO  [NegativeLoginTest-CH] 1788093783 Clicking sharpId button
[TestNG-PoolService-3] 20:46:40,075 INFO  [NegativeLoginTest-CH]  Constructor BasePageObject
[TestNG-PoolService-3] 20:46:40,075 INFO  [NegativeLoginTest-CH] 1788093783 Executing negative login with sharpID [100000008] and password [Testing123#$]
[TestNG-PoolService-2] 20:46:40,991 INFO  [NegativeLoginTest-CH] 1990978527 Driver despues de abrir la URL
[TestNG-PoolService-2] 20:46:40,991 INFO  [NegativeLoginTest-CH] 1990978527 Clicking sharpId button
]]></system-out>
    <system-err><![CDATA[SLF4J: Failed to load class "org.slf4j.impl.StaticLoggerBinder".
SLF4J: Defaulting to no-operation (NOP) logger implementation
SLF4J: See http://www.slf4j.org/codes.html#StaticLoggerBinder for further details.
SSStttaararttritnign gC hCrhorommeDriver 94.0.eSiDntrgiS vtCeharrr o9tm4ie.nD0rg.i vCehrr o9m4e.D0r.iver 94.0.arting ChromeDriver 94.0.444666000446600666...666111  ( (4(414181b887b78bf87f58f85853388e83de8d0eb0d1b0cb161c9c6b69b9b4bbeb4541e5ea1e0e521a5e02a251716.856419 1(54-r1e8fbs7/b82fr1a578n1c38h85e-4hd9e01ab51d-scr/6e49fb6s0b/64b@er{5a1#n1eca2h00-24h5}e2)a1 d7os1n/8 4p56o409r6t1@ 5{-3#6r1e121f0s
4O/}bn)rl ayon ncl pohoc-rhatle a 3d25s0/364
.6O60n16l y@( {4l#1o18c2ab07l48 }fc5)o8 n3on8nee cdpto0irbo1tn cs86 99ab1reb9 4
aeOln5ll1oyew ael0od2c.5a2l1 7c1on85n04ec29t515i
-oPrneslf esaar/seber  asanelcelh o-hwhteetadp.dss
:P//4l6e0a6s/@ec{ hs#re1oe2m 0eh4dt}r)t poivne rp.orst:c/ h1/rc8o1hm6ri1ou
mmOen.loyd rrligov/ecsarel.c cuchroriontnmye-icocunosnindeecrtaitoinso nasr ef oarl lsuoggestcitoniso nosn  akre a2l1718m5.4o9wr1ge5d/-s.r
eePfclsue/rabsireta yns-ceche https-:heads/46l06o@w{e#d12.
0P4l}e) aon se eseepei htntgps :C/h/rcohmreDr/i/vcerh rsoafe.m
edproriotvnesr i.6dc7eh3r5a
tOinolny sl ocfaol orcm oesdnurngiegvceestroitomiinousnm s.o onar rkge/e r.alclhorwoemdi.u
m.org/sePlease see https://chromedrsiecvuer.crhitryo-mciounsimd.org/security-concursiitdye-rconastiidoenrsa tiofnosr f osurg gseusggesttiioonnss  oonn k ekeepeipning gC ehrroamteionDsr ifvor suggestions on keeping ChromeDriver safe.
ChromeDriver safe.
er safe.
eping ChromeDriver safe.
ChromeDriver was started successCfullyC.h
rComhreDomreiDrvieverhr r wwoaamsse  Dssttaarrteted d ssuuccccresessfsfuullllyy..i

ver was started successfully.
ChromeDriver was started successfully.
Oct 20, 2021 8:46:34 PM org.openqa.selenium.remote.ProtocolHandshake createSession
INFO: Detected dialect: W3C
Oct 20, 2021 8:46:34 PM org.openqa.selenium.remote.ProtocolHandshake createSession
INFO: Detected dialect: W3C
Oct 20, 2021 8:46:34 PM org.openqa.selenium.remote.ProtocolHandshake createSession
INFO: Detected dialect: W3C
Oct 20, 2021 8:46:34 PM org.openqa.selenium.remote.ProtocolHandshake createSession
INFO: Detected dialect: W3C
Oct 20, 2021 8:46:34 PM org.openqa.selenium.remote.ProtocolHandshake createSession
INFO: Detected dialect: W3C
]]></system-err>
  </testcase>
  <testcase name="negativeLoginTest[{no=1, description=incorrect sharpID, password=Testing123y$, sharpID=100000001, expectedMessage=Estas credenciales no coinciden con nuestros registros.}](3)" classname="com.tribu.qaselenium.tests.NegativeLoginTests" time="9.544">
    <system-out><![CDATA[[TestNG-PoolService-1] 20:46:41,073 INFO  [NegativeLoginTest-CH] 236449324 Driver despues de abrir la URL
[TestNG-PoolService-1] 20:46:41,073 INFO  [NegativeLoginTest-CH] 236449324 Clicking sharpId button
[TestNG-PoolService-2] 20:46:41,162 INFO  [NegativeLoginTest-CH]  Constructor BasePageObject
[TestNG-PoolService-2] 20:46:41,162 INFO  [NegativeLoginTest-CH] 1990978527 Executing negative login with sharpID [100000002] and password [eesting123#$]
[TestNG-PoolService-0] 20:46:41,238 INFO  [NegativeLoginTest-CH] 964323637 Driver despues de abrir la URL
[TestNG-PoolService-0] 20:46:41,238 INFO  [NegativeLoginTest-CH] 964323637 Clicking sharpId button
[TestNG-PoolService-1] 20:46:41,271 INFO  [NegativeLoginTest-CH]  Constructor BasePageObject
[TestNG-PoolService-1] 20:46:41,271 INFO  [NegativeLoginTest-CH] 236449324 Executing negative login with sharpID [100000001] and password [Testing123#4]
[TestNG-PoolService-0] 20:46:41,401 INFO  [NegativeLoginTest-CH]  Constructor BasePageObject
[TestNG-PoolService-0] 20:46:41,402 INFO  [NegativeLoginTest-CH] 964323637 Executing negative login with sharpID [100000001] and password [Testing123y$]
]]></system-out>
  </testcase>
  <testcase name="negativeLoginTest[{no=2, description=incorrect password, password=Testing123#4, sharpID=100000001, expectedMessage=Estas credenciales no coinciden con nuestros registros.}](4)" classname="com.tribu.qaselenium.tests.NegativeLoginTests" time="9.625"/>
  <testcase name="negativeLoginTest[{no=3, description=incorrect password, password=eesting123#$, sharpID=100000002, expectedMessage=Estas credenciales no coinciden con nuestros registros.}](4)" classname="com.tribu.qaselenium.tests.NegativeLoginTests" time="9.684"/>
  <testcase name="negativeLoginTest[{no=4, description=incorrect sharpID, password=Testing123#$, sharpID=100000008, expectedMessage=Estas credenciales no coinciden con nuestros registros.}](5)" classname="com.tribu.qaselenium.tests.NegativeLoginTests" time="11.794">
    <failure message="Expected condition failed: waiting for visibility of element located by By.xpath: //span[@class=&apos;text-center&apos;] (tried for 5 second(s) with 500 milliseconds interval)" type="org.openqa.selenium.TimeoutException"><![CDATA[org.openqa.selenium.TimeoutException: Expected condition failed: waiting for visibility of element located by By.xpath: //span[@class='text-center'] (tried for 5 second(s) with 500 milliseconds interval)
	at com.tribu.qaselenium.tests.NegativeLoginTests.negativeLoginTest(NegativeLoginTests.java:47)
Caused by: org.openqa.selenium.NoSuchElementException: 
no such element: Unable to locate element: {"method":"xpath","selector":"//span[@class='text-center']"}
  (Session info: headless chrome=94.0.4606.81)
For documentation on this error, please visit: https://www.seleniumhq.org/exceptions/no_such_element.html
Build info: version: '3.141.59', revision: 'e82be7d358', time: '2018-11-14T08:17:03'
System info: host: 'station', ip: '127.0.1.1', os.name: 'Linux', os.arch: 'amd64', os.version: '4.19.0-18-amd64', java.version: '1.8.0_292'
Driver info: org.openqa.selenium.chrome.ChromeDriver
Capabilities {acceptInsecureCerts: false, browserName: chrome, browserVersion: 94.0.4606.81, chrome: {chromedriverVersion: 94.0.4606.61 (418b78f5838ed..., userDataDir: /tmp/.com.google.Chrome.IpRsiB}, goog:chromeOptions: {debuggerAddress: localhost:46165}, javascriptEnabled: true, networkConnectionEnabled: false, pageLoadStrategy: normal, platform: LINUX, platformName: LINUX, proxy: Proxy(), setWindowRect: true, strictFileInteractability: false, timeouts: {implicit: 0, pageLoad: 300000, script: 30000}, unhandledPromptBehavior: dismiss and notify, webauthn:extension:credBlob: true, webauthn:extension:largeBlob: true, webauthn:virtualAuthenticators: true}
Session ID: 2d8af21aa085402d7c058d436fa0896e
*** Element info: {Using=xpath, value=//span[@class='text-center']}
	at com.tribu.qaselenium.tests.NegativeLoginTests.negativeLoginTest(NegativeLoginTests.java:47)
]]></failure>
  </testcase>
  <testcase name="logInTest[{no=5, description=Qauser1, password=Testing123#$, sharpID=100000001, expectedMessage=Simplifica Hub}](1)" classname="com.tribu.qaselenium.tests.PositiveLoginTests" time="6.266">
    <system-out><![CDATA[[main] 20:46:46,997 INFO  [PositiveLoginTest-CH] Se crea factory
[main] 20:46:46,999 INFO  [logger csvReader] Se ejecuta csvReader()
[TestNG-PoolService-1] 20:46:47,010 INFO  [PositiveLoginTest-CH] Se ejecuta setup() 
[TestNG-PoolService-0] 20:46:47,010 INFO  [PositiveLoginTest-CH] Se ejecuta setup() 
[TestNG-PoolService-2] 20:46:47,013 INFO  [PositiveLoginTest-CH] Se ejecuta setup() 
[TestNG-PoolService-4] 20:46:47,012 INFO  [PositiveLoginTest-CH] Se ejecuta setup() 
[TestNG-PoolService-3] 20:46:47,010 INFO  [PositiveLoginTest-CH] Se ejecuta setup() 
[TestNG-PoolService-0] 20:46:47,563 INFO  [PositiveLoginTest-CH] 2080334585 Factory crea driver
[TestNG-PoolService-2] 20:46:47,606 INFO  [PositiveLoginTest-CH] 70777706 Factory crea driver
[TestNG-PoolService-3] 20:46:47,608 INFO  [PositiveLoginTest-CH] 1562190272 Factory crea driver
[TestNG-PoolService-1] 20:46:47,614 INFO  [PositiveLoginTest-CH] 1494040047 Factory crea driver
[TestNG-PoolService-4] 20:46:47,616 INFO  [PositiveLoginTest-CH] 694636964 Factory crea driver
[TestNG-PoolService-0] 20:46:47,676 INFO  [PositiveLoginTest-CH] Starting Login Test
[TestNG-PoolService-0] 20:46:47,676 INFO  [PositiveLoginTest-CH]  Constructor BasePageObject
[TestNG-PoolService-0] 20:46:47,677 INFO  [PositiveLoginTest-CH] 2080334585 Welcome abre url
[TestNG-PoolService-3] 20:46:47,720 INFO  [PositiveLoginTest-CH] Starting Login Test
[TestNG-PoolService-3] 20:46:47,722 INFO  [PositiveLoginTest-CH]  Constructor BasePageObject
[TestNG-PoolService-3] 20:46:47,722 INFO  [PositiveLoginTest-CH] 1562190272 Welcome abre url
[TestNG-PoolService-4] 20:46:47,728 INFO  [PositiveLoginTest-CH] Starting Login Test
[TestNG-PoolService-4] 20:46:47,728 INFO  [PositiveLoginTest-CH]  Constructor BasePageObject
[TestNG-PoolService-4] 20:46:47,728 INFO  [PositiveLoginTest-CH] 694636964 Welcome abre url
[TestNG-PoolService-2] 20:46:47,728 INFO  [PositiveLoginTest-CH] Starting Login Test
[TestNG-PoolService-2] 20:46:47,729 INFO  [PositiveLoginTest-CH]  Constructor BasePageObject
[TestNG-PoolService-2] 20:46:47,729 INFO  [PositiveLoginTest-CH] 70777706 Welcome abre url
[TestNG-PoolService-1] 20:46:47,736 INFO  [PositiveLoginTest-CH] Starting Login Test
[TestNG-PoolService-1] 20:46:47,747 INFO  [PositiveLoginTest-CH]  Constructor BasePageObject
[TestNG-PoolService-1] 20:46:47,747 INFO  [PositiveLoginTest-CH] 1494040047 Welcome abre url
[TestNG-PoolService-0] 20:46:49,720 INFO  [PositiveLoginTest-CH] 2080334585 Driver despues de abrir la URL
[TestNG-PoolService-0] 20:46:49,720 INFO  [PositiveLoginTest-CH] 2080334585 Clicking sharpId button
[TestNG-PoolService-4] 20:46:49,886 INFO  [PositiveLoginTest-CH] 694636964 Driver despues de abrir la URL
[TestNG-PoolService-4] 20:46:49,886 INFO  [PositiveLoginTest-CH] 694636964 Clicking sharpId button
[TestNG-PoolService-0] 20:46:49,913 INFO  [PositiveLoginTest-CH]  Constructor BasePageObject
[TestNG-PoolService-0] 20:46:49,913 INFO  [PositiveLoginTest-CH] 2080334585 Executing login with sharpID [100000001] and password [Testing123#$]
[TestNG-PoolService-1] 20:46:49,954 INFO  [PositiveLoginTest-CH] 1494040047 Driver despues de abrir la URL
[TestNG-PoolService-1] 20:46:49,954 INFO  [PositiveLoginTest-CH] 1494040047 Clicking sharpId button
[TestNG-PoolService-4] 20:46:50,053 INFO  [PositiveLoginTest-CH]  Constructor BasePageObject
[TestNG-PoolService-4] 20:46:50,053 INFO  [PositiveLoginTest-CH] 694636964 Executing login with sharpID [100000001] and password [Testing123#$]
[TestNG-PoolService-3] 20:46:50,117 INFO  [PositiveLoginTest-CH] 1562190272 Driver despues de abrir la URL
[TestNG-PoolService-3] 20:46:50,117 INFO  [PositiveLoginTest-CH] 1562190272 Clicking sharpId button
[TestNG-PoolService-1] 20:46:50,128 INFO  [PositiveLoginTest-CH]  Constructor BasePageObject
[TestNG-PoolService-1] 20:46:50,128 INFO  [PositiveLoginTest-CH] 1494040047 Executing login with sharpID [100000002] and password [Testing123#$]
[TestNG-PoolService-2] 20:46:50,277 INFO  [PositiveLoginTest-CH] 70777706 Driver despues de abrir la URL
[TestNG-PoolService-2] 20:46:50,277 INFO  [PositiveLoginTest-CH] 70777706 Clicking sharpId button
[TestNG-PoolService-3] 20:46:50,322 INFO  [PositiveLoginTest-CH]  Constructor BasePageObject
[TestNG-PoolService-3] 20:46:50,323 INFO  [PositiveLoginTest-CH] 1562190272 Executing login with sharpID [100000002] and password [Testing123#$]
[TestNG-PoolService-2] 20:46:50,487 INFO  [PositiveLoginTest-CH]  Constructor BasePageObject
[TestNG-PoolService-2] 20:46:50,487 INFO  [PositiveLoginTest-CH] 70777706 Executing login with sharpID [100000001] and password [Testing123#$]
[TestNG-PoolService-4] 20:46:53,795 INFO  [PositiveLoginTest-CH]  Constructor BasePageObject
]]></system-out>
    <system-err><![CDATA[Starting ChromeDriver 94.0.4606.61 (418b78f5838ed0b1c69bb4e51ea0252171854915-refs/branch-heads/4606@{#1204}) on port 10694
Only local connections are allowed.
Please see https://chromedriver.chromium.org/security-considerations for suggestions on keeping ChromeDriver safe.
Starting ChromeDriver 94.0.4606.61 (418b78f5838ed0b1c69bb4e51ea0252171854915-refs/branch-heads/4606@{#1204}) on port 16269
Only local connections are allowed.
Please see https://chromedriver.chromium.org/security-considerations for suggestions on keeping ChromeDriver safe.
ChromeDriveCr hwraosm esDtrairvteerd  wassu csctartede sssufcuclly.
essfully.
Starting ChromeDriver 94.0.4606.61 (418b78f5838ed0b1c69bb4e51ea0252171854915-refs/branch-heads/4606@{#1204}) on port 3935
Only local connections are allowed.
Please see https://chromedriver.chromium.org/security-considerations for suggestions on keeping ChromeDriver safe.
ChromeDriver was started successfully.
Starting ChromeDriver 94.0.4606.61 (418b78f5838ed0b1c69bb4e51ea0252171854915-refs/branch-heads/4606@{#1204}) on port 27368
Only local connections are allowed.
Please see https://chromedriver.chromium.org/security-considerations for suggestions on keeping ChromeDriver safe.
ChromeDriver was started successfully.
Starting ChromeDriver 94.0.4606.61 (418b78f5838ed0b1c69bb4e51ea0252171854915-refs/branch-heads/4606@{#1204}) on port 24975
Only local connections are allowed.
Please see https://chromedriver.chromium.org/security-considerations for suggestions on keeping ChromeDriver safe.
ChromeDriver was started successfully.
Oct 20, 2021 8:46:47 PM org.openqa.selenium.remote.ProtocolHandshake createSession
INFO: Detected dialect: W3C
Oct 20, 2021 8:46:47 PM org.openqa.selenium.remote.ProtocolHandshake createSession
INFO: Detected dialect: W3C
Oct 20, 2021 8:46:47 PM org.openqa.selenium.remote.ProtocolHandshake createSession
INFO: Detected dialect: W3C
Oct 20, 2021 8:46:47 PM org.openqa.selenium.remote.ProtocolHandshake createSession
INFO: Detected dialect: W3C
Oct 20, 2021 8:46:47 PM org.openqa.selenium.remote.ProtocolHandshake createSession
INFO: Detected dialect: W3C
]]></system-err>
  </testcase>
  <testcase name="logInTest[{no=1, description=Qauser1, password=Testing123#$, sharpID=100000001, expectedMessage=Simplifica Hub}](2)" classname="com.tribu.qaselenium.tests.PositiveLoginTests" time="7.783">
    <system-out><![CDATA[[TestNG-PoolService-0] 20:46:55,260 INFO  [PositiveLoginTest-CH]  Constructor BasePageObject
]]></system-out>
  </testcase>
  <testcase name="logInTest[{no=2, description=Qauser2, password=Testing123#$, sharpID=100000002, expectedMessage=Simplifica Hub}](5)" classname="com.tribu.qaselenium.tests.PositiveLoginTests" time="8.78">
    <system-out><![CDATA[[TestNG-PoolService-3] 20:46:56,266 INFO  [PositiveLoginTest-CH]  Constructor BasePageObject
[TestNG-PoolService-1] 20:46:56,274 INFO  [PositiveLoginTest-CH]  Constructor BasePageObject
[TestNG-PoolService-2] 20:46:56,305 INFO  [PositiveLoginTest-CH]  Constructor BasePageObject
]]></system-out>
  </testcase>
  <testcase name="logInTest[{no=4, description=Qauser2, password=Testing123#$, sharpID=100000002, expectedMessage=Simplifica Hub}](5)" classname="com.tribu.qaselenium.tests.PositiveLoginTests" time="8.829"/>
  <testcase name="logInTest[{no=3, description=Qauser1, password=Testing123#$, sharpID=100000001, expectedMessage=Simplifica Hub}](5)" classname="com.tribu.qaselenium.tests.PositiveLoginTests" time="8.866"/>
</testsuite>