<?xml version="1.0" encoding="UTF-8"?>
<!-- Generated by org.testng.reporters.JUnitReportReporter -->
<testsuite hostname="station" failures="1" tests="1" name="com.tribu.qaselenium.tests.mazaprendo.MAUploadEvidenceTests" time="60.624" errors="0" timestamp="2022-04-07T14:05:38 COT" skipped="0">
  <testcase classname="com.tribu.qaselenium.tests.mazaprendo.MAUploadEvidenceTests" name="uploadEvidence" time="60.624">
    <failure message="The following asserts failed:
	Element doesn&#039;t exist By.xpath: //ul[@id=&#039;files_list&#039;]/li expected [true] but found [false],
	Element doesn&#039;t exist By.xpath: //ul[@id=&#039;files_list&#039;]/li expected [true] but found [false],
	Element doesn&#039;t exist By.xpath: //ul[@id=&#039;files_list&#039;]/li expected [true] but found [false]" type="java.lang.AssertionError">
      <![CDATA[java.lang.AssertionError: The following asserts failed:
Element doesn't exist By.xpath: //ul[@id='files_list']/li expected [true] but found [false],
Element doesn't exist By.xpath: //ul[@id='files_list']/li expected [true] but found [false],
Element doesn't exist By.xpath: //ul[@id='files_list']/li expected [true] but found [false]
at org.testng.asserts.SoftAssert.assertAll(SoftAssert.java:47)
at org.testng.asserts.SoftAssert.assertAll(SoftAssert.java:31)
at com.tribu.qaselenium.testframework.pagebase.BasePO.exec(BasePO.java:342)
at com.tribu.qaselenium.tests.mazaprendo.MAUploadEvidenceTests.uploadEvidence(MAUploadEvidenceTests.java:52)
at java.base/jdk.internal.reflect.NativeMethodAccessorImpl.invoke0(Native Method)
at java.base/jdk.internal.reflect.NativeMethodAccessorImpl.invoke(NativeMethodAccessorImpl.java:62)
at java.base/jdk.internal.reflect.DelegatingMethodAccessorImpl.invoke(DelegatingMethodAccessorImpl.java:43)
at java.base/java.lang.reflect.Method.invoke(Method.java:566)
at org.testng.internal.MethodInvocationHelper.invokeMethod(MethodInvocationHelper.java:133)
at org.testng.internal.TestInvoker.invokeMethod(TestInvoker.java:598)
at org.testng.internal.TestInvoker.invokeTestMethod(TestInvoker.java:173)
at org.testng.internal.MethodRunner.runInSequence(MethodRunner.java:46)
at org.testng.internal.TestInvoker$MethodInvocationAgent.invoke(TestInvoker.java:824)
at org.testng.internal.TestInvoker.invokeTestMethods(TestInvoker.java:146)
at org.testng.internal.TestMethodWorker.invokeTestMethods(TestMethodWorker.java:146)
at org.testng.internal.TestMethodWorker.run(TestMethodWorker.java:128)
at java.base/java.util.ArrayList.forEach(ArrayList.java:1541)
at org.testng.TestRunner.privateRun(TestRunner.java:794)
at org.testng.TestRunner.run(TestRunner.java:596)
at org.testng.SuiteRunner.runTest(SuiteRunner.java:377)
at org.testng.SuiteRunner.runSequentially(SuiteRunner.java:371)
at org.testng.SuiteRunner.privateRun(SuiteRunner.java:332)
at org.testng.SuiteRunner.run(SuiteRunner.java:276)
at org.testng.SuiteRunnerWorker.runSuite(SuiteRunnerWorker.java:53)
at org.testng.SuiteRunnerWorker.run(SuiteRunnerWorker.java:96)
at org.testng.TestNG.runSuitesSequentially(TestNG.java:1212)
at org.testng.TestNG.runSuitesLocally(TestNG.java:1134)
at org.testng.TestNG.runSuites(TestNG.java:1063)
at org.testng.TestNG.run(TestNG.java:1031)
at org.testng.remote.AbstractRemoteTestNG.run(AbstractRemoteTestNG.java:115)
at org.testng.remote.RemoteTestNG.initAndRun(RemoteTestNG.java:251)
at org.testng.remote.RemoteTestNG.main(RemoteTestNG.java:77)
]]>
    </failure>
  </testcase> <!-- uploadEvidence -->
  <system-out>
    <![CDATA[ <img src='data:image/png;base64,iVBORw0KGgoAAAANSUhEUgAAB4AAAAOiCAYAAACRicroAAAAAXNSR0IArs4c6QAAIABJREFUeJzs3Xd4lGX69vFzMiE9kyAlhA5RARVQFtC4gEoTUIqgskpZ0P0JAuoqvgKiqyvSFMVVwLWtSFEBkSJFRVAhuyAgkIQSSkBKAkkgvUxIMs/7x5gxQzLpEBy/n+OYw8xT7ueeQpA557puk2EYhgAAAAAAAAAAAAAAV4X09PRKn+tRjfMAAAAAAAAAAAAAANQgAmAAAAAAAAAAAAAAcBMEwAAAAAAAAAAAAADgJgiAAQAAAAAAAAAAAMBNEAADAAAAAAAAAAAAgJsgAAYAAAAAAAAAAACA34m1a9eWup8AGAAAAAAAAAAAAAB+BwrD39JCYAJgAAAAAAAAAAAAALjKXRr6ugqBCYABAAAAAAAAAAAA4CrmKuwtabvJMAzjck8IAAAAAAAAAAAAAFA+6enplT6XCmAAAAAAAAAAAAAAcBMEwAAAAAAAAAAAAADgJgiAAQAAAAAAAAAAAMBNEAADAAAAAAAAAAAAgJvwrOkJAAAAAAAAAAAAAACK27dvX7mPvfnmmyVRAQwAAAAAAAAAAAAAboMAGAAAAAAAAAAAAADcBC2gAaCajJn5hT5a85PL/U/9pave+PsA6dQeGfPvcz1QQD2ZXtglmUyXYZYAAAAAAAAAAMCdEQADwJXW5BYpoJ6UmVTy/swk6fgOKSz8ys4LAAAAAAAAf0g2m03Z2dnKycmR1WpVbm6uJMnLy0u+vr7y9fWVj4+PPD2JFADg94Df1gBwpZlM0o29pJ8+dXmIEblWJgJgAAAAAAAAXCaGYSgjI0OpqamOwPfS/VarVVarVSkpKTKZTPLy8lJwcLAsFotMdK8DgKsWawADQA0wtR9Q+gEHNkmGcWUmAwAAAAAAgD+U7OxsHT9+XAkJCbJarTIMQ/n5+crKylJ8fLwuXLignJwc2Ww2xzmGYSg3N1cJCQmKjY1VTk5ODT4CAEBpqAAGgJrQ8jbaQAMAAAAAAOCKMgxDSUlJSk9Pl/Fr8UF6eroiIiK0e/duHTlyRNnZ2WrQoIFyc3PVpk0b9evXTzfccINTxa9hGDpz5oyCgoJUr149qoEB4CpDBTAA1ITCNtClMCLXXqHJAAAAAAAAwN0ZhqHTp08rLS1NhmHIZrMpOTlZkyZN0syZM/XNN98oMTFRHh4eCg0NVUpKilavXq0xY8ZoyZIlTtXAhdLS0nTq1ClHmAwAuDpQAQwANcTUfoCMUtYB1oFN0n0z7GExAAAAAAAAUEmF4W/RtX5jY2M1a9Ys7d+/X15eXmrRooVat26tsLAwBQUFqVmzZjp79qyOHj2qRYsW6cKFCxo7dqx8fHwcY0pSbm6uTp48qWbNmlEJDABXCQJgAKgptIEGAAAAAADAFZCUlOQU/qalpentt99WVFSUzGaz2rZtq/DwcIWEhMjX11fe3t6yWCy65pprFBoaqiNHjmj9+vWqU6eORowY4RinMPC9ePGikpKSaAcNAFcJWkAD+MNqP+SFUm/Hz7gIZqsLbaAB/A7MW/E/mcMnqf/Ej10es23fCZnDJ6nJgOmObW98ulU3PvSGbLay24B9suFnmcMn6auIg9Uy58tt9Y8HZA6fpF/Opkiq2GMtj5PnUtS4/3R9s+NItYwHAAAA4I8tOztbaWlpjvuGYejw4cM6ePCgPDw81KFDB4WHhysoKEi1atWSv7+/AgICZLFYFBwcrMDAQDVo0ECdO3fWTz/9pJQU+7+Figa9JpNJaWlpslqtV/zxAQCKowIYwB/WoRPxpe7Pzcu77HOgDTSA34uvdxzW2fPpCq1rKbZv4brdxbbd0CJEvTtfJw+Psn9/Lf16jyRpycY96t/lhqpP9gqryGMtj+AAX/W+9To1CQmqlvEAAAAAXBkJCQlasWKFdu/ereTkZNWrV09dunTR/fffr8DAwBqZk2EYOnv2bLFtK1euVHp6ugIDA3XttdfK29tbnp6eqlWrlnx8fOTr6yuz2ayCggLl5uYqKytLHh4eSk1NVXx8vGrXrl3i9eLi4hQWFkYVMADUMCqAAaAmFbaBdiUzSTq998rNBwBK4OPtKR8vTy3+NagtKivnolZsiVL92gFO2/uGt9LcpweUOXZ8Urq27I7VPX9urbXbDiots+rfFi8osFV5jIoo72Mtr6AAH/3nhQd1Q4uQahsTAAAAwOW1detWTZgwQfXr19esWbO0YsUKvfzyyzIMQ4888ogOHqyZjkeZmZmy2WwymUyOW0FBgX766SfZbDYFBATI09NThw8f1oYNG7Rp0ybt2bNHFy5ckNVqVUZGhvbv368tW7YoMjJSHh4eio6Odox1KcMwlJGRUQOPFABQFAEwANSk8rSB3kcbaAA1yySTHujRrsRK3xVbopR7MV/33XmT0/Yp8zeq3t3/LHPspd/sla+3pxY8N1gFNkMrtkQ57f/3lztk6f6iPtnws2566A353TFVnUa9rZ0HTzsdYw6fpDc/26b6ff6pB55fIskeBL/y0XdqMmC6/O+cqruf/FBHT593nPfQC0vV64kP9O6X29Vy8CxZur+ofk9/pLikNKc5LPsuUtfdP1u+3Z5X1zELFHXM+dvzRR9rROQvModPKvG2P/acJCkjO1dPvblGjftPl98dU3Xz8Lla9cN+x3hnEtNkDp+kzzdFOradT83SyJc/1zW9XtI1vV7S/834QpnZuQIAAABQ8w4cOKB3331X7777rh588EE1aNBA3t7eatKkiR555BHNmjVLL774os6dO3fF51bYrrmo06dPy2q1ytPTU4GBgUpKsi+D1r59e9WpU0c5OTk6f/680tPTlZWVJcMw1KpVK11//fWy2Ww6evSoY6ySQuDk5OTL94AAAOVCC2gAqGFltoGOXCf1f4k20ABqjPVivh7p31mfrP9ZO/af0m03NXXsW7hut/p3vUFB/j6VGnvp13vUN7y1GtcP0l0dwrRk4x79bUBnp2Oyci5qycY9+uiFB5SXb9Ozb69Tv6c/0olVUxTo5+047qO1OzVzXD+1ambvrDDutVX69Nu9mjGur5qGBOvV/2xW7yc/0IHPnpWfTy1J0n+jflFqRo5mPN5X51OzNPXfX2viv9bp81eHSZJ+OnBKw/7xmXp1vk6vju2jU+dSNe0/37l8PG3DGmjz/Mcc9/PybRr58ueqG+yvaxvXlSQ9/OKnijp2VrMn9FOjehat3XpQQ19Yql0fP6n214UWGzP3Yr66j39P1ov5+vfkIcrKuajJ8zcoPcuqZdOHV+p5BwAAANzJA1MW68siX6osKnLJ07oprIHq3f1PNQ+trR0fTZDZ/Ftd1H3PfaK7b2ulsYNvq/T13377bU2ZMkV169YtcX9YWJgeffRRffDBB3rxxRcrfZ2KKigo0MWLF4ttT0lJcVQCN2rUSI0bN1adOnXk5eUlk8mk1NRU2Ww22Ww2JSUlyWq1qmXLljp79qxCQ0OVlZXlCH4Nw5DJZHL6b15envLz8+XpWXr88MWXq/Tc5KmlHjP4voGaM3tm5Z8EAPiDIgAGgJpW2AY6M6nk/YVtoJt2qPw14g9JOUXa7/gGSg3bVGyM5DNSyiXrJjdsLfkWXw+0mNifJF0SYNduKF3TuOxzL517RVXmsV4iMiZW6RnZkqS2rVoo2BJQxhl2J+MSdCo+0eX+tIxMBQUGlHvMrTujXK6hczIuQc0ahahpw/pq1qjstrGp6ZmKPnyizOMu1bVTW5fjVPa5cXVeaY+3qIpc15XImFit37JDW3f+Vn0aFBig9m1aatjAnuV6Tt2ZYRi69cYmuq5JXX381S5HABx75oK27TuhtXNGa/Ouo2WMUlzUsbOKjj2nKaO6S5IG33WTxr22Sr+cTVHzUOf1pJa+8pCjzfQXM0cobPAs/eerXXpqaBfHMatf+6uua2L/wOXwySR9uHan5v2/QXp8cLgk6ebrGyps8Gx9sSVKI/v9SZIU6OetjW89qrrB/pKk43EX9Om3v7Xen73oBzVrEKyv3hgtz18/JAr089b411eV+JiCAnx0Z4cwx/2p736tlIwcff2vv8nH2/6/3n//S1c1bRDsmOudHcK0cP1ufb3jcIkB8CcbftbBE4mKXPK0bmxpfy/W8vTQX/+5TCfPpahZg5LX3gIAAAD+SJ55qKtef/LeUo9JTs/WW8siNPHhbtV23aSkJKWnp6tdu3alHte7d2998MEHKigokNlsrrbrl8ZqtS+xU/hva5PJJJvNptq1a8tsNisvL09+fn4ym83asWOHcnJy5O/vrwYNGsjf31+hoaHKzMxUbm6uvvvuOxUUFKhp06a6cOGCCgoKnMYtDH8LZWdny2Ip/TOj+wffJ0kuQ2DCXwCoPAJgAKhphW2gS6kCNvatlakKAbCxerp0fNdvG3wCZXpmdfkC2MIxPp/sPIYk0+OLpLBbSz8x9icZ744svr1ha5meWVP2dS+de0W17CTTuCWVP19Sn79OUnqmPQB+ftzDmjq+fBV3S1Zv0owFpVR3F9G0YX29N/0Zdevs+h+MfUdPLtdYQYH+mjBykMYNH+gyGI2KOV7u8YrKOrDB5TjtWrfU9pXzyjVO0edm48ezSnzcFZlfu9YtNXxQTw0b2LNCYfBXm7fruVnvuQzq123Zrunzl6prp7Z6ftywUl8fd2e9mK/R/Ttp5sIteuuZAfL1rqWF63crtK5FfW67Xhv+d6jCYy7ZuEfeXp665/bWkqTBd7bVhDmrtfSbvZr6ayhcyM+7luPnxvWD1PbaBoo66tyKObROoOPnzbuPSZIGdL1B1tx8SVJI7UC1aFhbuw+dcQTATUOCHeGvJDWsZ1FSSpbj/s8xZzTkrraO8FeSGhS5TmkiIn/R7MU/aNb4vk7BbtebW2jByu1atmmffjmbIuvFfKVnWZWanlPiOJt3HVWb5vUV1qiO47Hc3ra5JGn3oTMEwAAAAEA5zZ5wjx6b+YWG3NW22JdOKys+Pl7Nmzcv8zhPT0/Vrl1bKSkpLiuFq1tOTvF/Y5hMJjVp0kTBwcFKTEyUl5eXAgIC1LhxYyUmJqpu3bpq27at8vLyZLPZ1KxZMzVr1kw+Pj7KyclRo0aNlJeXp1OnTsnX11f+/v7y9/cv9gXu3NzyLVnjKgQm/AWAqmENYAC4CphuvLv0AyLXSUW+RVll1gwZayvwP9G7vqx0CGts/aTkHfExv1YGX90Wr9rkCH8laf7iNUpNz6z265yKT1Tf0ZPVZ9SkKo+flpGl6fOXKnzIBEXGxFbTDMsWFXNcY6a+ecWud+m1n5v1vm7oPVpfbd5e5vGp6ZkaM/VN/eXJaU7hb5eObZ1uhbbtilbf0ZM1Y8HSyzL/34OLeQX6a78/KTs3Tyu/j5bNZmjRhp/1135/ktnsobz8ggqNZ7MZ+mzTPt3ZoaUkKTM7V77engq/qZmWbNxT5vnXWPyUkOy6O0BSiv3PUdMBM+R/51TH7XhcspLTs12ed6mE5EyFlDPwLSo9y6qR//xcd9zSslh1wRNzVmvWoi0aOyRc3817THsX/111gvxcjpWYkqmDJxKcHsd198+WJCW7CI0BAAAAFNemeX09PjjcZUefyggICFBmZvn+HZ+VlSVvb++yD6wmhSFsYWWuzWZz/NyjRw+FhYXJ29tbJpNJt9xyi4YOHao+ffooKChIhmGooKBAHh4e8vb21h133KEePXqobt26yszM1Ouvv65PP/1U+/btU1JSknJzc2Wz2RzXLqn1tCv3D75Pr82a7rhP+AsAVUcFMACUYeq8NToed97l/vFD71SXm8Nc7i+Xa2+//G2gL7X/O3sAW1YFb066jDUzKneN5DPSgc0udxtbP5GprOvXsOnz7YFfk9D6On02UWkZWfpq83aNuK9XhcZxVeUaGROrqEPHNX3+Up0+m6htu6I1ff5SvT5ljMuxunRsq28+mV1se2p6prbtita8RasVsTvaHiqPmqyD335calVsRaqay7Jk9Xfq0rFthZ+f0rh6vJK9TXRUzHEtWb1J0YdPKC0jS395cprGDR9Y6nM49IlpitgdLUmyBPhp6vjhGj6oePXwybgEp2rl6fOXKiUts9Sx3ZVhGGpQJ1B9w1tp4brdql87QGcS0zTq3o6/7q/YeFt+Pqb4pHTFJ6UrqMc/iu3fdfC0Ot3QxOX5Z89nqNMNrrsY+Pt6yWz20PcLxsjs4fydx6IVv2VpUCdQaRkVD1mfmLNGqRk5Wvjug07fhM+9mK+P1+/WOxMH6q+/ViFLKjbHogJ8vXVLq4aa9+x9xfa1bHRNhecGAAAAuKO3lkVo3hf/c9r2p9aNFfH+OMd9wzD0wiM91G7Ym/rs2316qPfNVb5u8+bNdfbsWWVlZcnf3/W/NU6fPi1vb28FBlb8C6aVlZub61iT12azyWq1KjMzU6mpqfL19VVYWJgKCgqUn58vs9ksX19feXl5KTU1Vfn5+SooKJCnp6dMJpN8fHxkGIby8/PVvHlzrVixQseOHdPJkyfVoUMHtWzZUk2aNFFISIg8PT0d7afL6/7B9zmqgQEAVUcADABl2LTjkPYePu1y/71d21Y9ADZ7XfY20CWO+fkUeyvoUtbxNbZ+Ilkrtwavsc1F9W+hA5vtIXEFWlFXlKnbqEqf+9Xm7Tp91l4d+vqUMY5gdcaCpdUWcLZvHab2rcPUv0e4+oyapOjDJ7RgyRp169xO/XuEV2isYEuA+vcIV/8e4Zo+f4lmLPhUaRlZemzqm1r+TvGA7XIZ+8JctWvTUu1bV/HPRTl069xO3Tq304SRg/TV5u167Pk3lJ6ZrQVL1qhd65Ylvk7/b+Z7jvC3basWWvbOP1yu8dusUYimjh+ue3uEO1qBlzb2H8Ej/Ttp8KRFys3LV9ebWzjWsa2oJRv3KMDPW1/NGS0Pj98C0ot5+bp34sda8vUepwA4LcuqAD/7N+UPn0zSwRMJ+r9Brr9A0vXmFioosCkt06p+v7aYln6t6L2m/G3CO7VprE07j2rGuL6ObelZpX+QsWJzlJZ8vUdLX3lYTUKCnfZlZOeqoMDmFAofO3NBKaWEzF1ubqEZC7eoeWhtp/bTCcmZjnWRAQAAgD+6vw/tUuYawJLk611L704arOEvfaa7b7u+ytc1m80aNGiQPvzwQz311FMlHmMYht5++22NHFnCElmXUUFBgdLT03X27FkdOXJE8fHx2rNnj+Li4tStWzfdcMMNOnjwoAICApSamiofHx9ZLBYZhqGoqCjVrl1bycnJat++vWrXru0Ij4OCgpSdnS2bzaaDBw8qMTFRQUFBatGihcLDw3XdddepTp06V/SxAgCc0QIaAK4SV7wNtCSlxLlu0SzZw9lN5VvTtZicdGlX2S2VjG/fKXW/adwSmeYcdn2btktq2Lrkc4fOlG7qWanpS9K8Rasl2at/+/cI14SRgyTZ2zUvXrWp0uOWJNgSoPdmPOO4v3VnVJXGmzp+uJqE1pckrd+yo0pjlVfbVi0cP/cdNfmytMouTf8e4fq6SKXwpNnvF5vDybgELVhiX3vaEuCnrxfOdhn+FtW+dVixsf+o7vlzG4VcE6D/RZ3U6P6dKjVGtjVPq348oId6tVe3W1qoS/vmjlv3jtfqvjtu1OebIpVf8Fv7sPueW6SvIg7qiy3RGvTcJ7rG4qfRv1Yfl+TWG5tqYLcbNeLlz/WvZRH6YU+s/rUsQtfdP1tfbz9c7rlOGnmX9h6J11NvrlHUsbNau+2gpizY6PL4+KR0jZ39pTrd0ESN6wcpIvIXx+3chQzVDfbXn1o31ssffKv3Vu3Qv5ZF6M7H/628/AJl5pS8RtaYQbeqTpCfek54X599u0/f/xyrv7+5Vtc/8JrTesUAAAAAyqdnp+vUu/P1+n9vr1ctT3OVx3vooYd06tQpzZ8/X3l5eU77srKy9NJLLykiIkLnzp2r8rUqIisrS8eOHdPOnTu1e/dubd68WcePH9e5c+cUGxsrs9ksDw8PR7Cbnp6uzMxMeXl5qU2bNmrcuLFCQkKUk5Oj5ORkpaenKyMjQ/Hx8ZJ+C5gTExMVHx+vqKgobdq0SQcOHKhQC2gAQPUjAAaAq0VhG2hXCttAV7dN8+xBbwmMzydXftxdXxavHO46UvK5pFpt/2Z7WFxJxprp9vWEL9VxkNRpcKXH3bozylElOnX8MEn2gLEwVF265rtKj+1K+9ZhsgTY1wGNijle5fG6df5tDduTcQlVHq8s/XuEa9jAHpLs6xD3HV2F908ltW8dpufHPeyYw5LVzq9TYagvSa9NHlNqa+ySxh43fKBj7Or+EsDvhafZQyP7/UkBft56oHvxtublsfrH/crMztWjAzqXuP/RAZ11PjVLG7f/9md71L0d9cxbX2n4S5/J37eW1s99RIF+pa+d9dm0h/W3AZ31+pIf1eepj/TB6p/01tMD1Ce8Vbnn2rFNYy195SGt/2+M/vx/8/Xa4h/09ENdXR6/8+BppWbkaNfB07pj7LtOt9U/HpAkLZs+TDdf31DPvr1Ob32+TS+M7qEHerRTtjWvxDGDA3219d+Pq21YA417bZX6T/xY+47Ga+PcR1WvdvnbWQMAAAD4zRtP9dfabQcVeTS+ymOZzWbNnj1bnp6eGjp0qF599VXNnz9fL730koYNG6Zrr71WjRo10vz587Vw4cJqmH35+Pr6ytvbW40bN5aXl5eCgoJUUFAgSdq7d69+/vlnnTlzRvn5+Y4AOD09XadPn1Z0dLQiIyN17tw5RUVFKSEhQWlpaUpISNCaNWt08eJFx5rCubm5slqtslqtio2N1f79++XpSfNRAKhJ/BYGgKtFedpAH/i22ttAS5KxbIpMjy923rj/O+n4rsqPWUL7Z1PXv8rISZd2/xbCyZphXwv47icqfo01053HKtSyk0x/KXnN2PJastoe7lkC/JxaMU8dP0xjX5irbbuitXVnVInr+lZFs0Yhij58oloC26KVrSfjEspV6VpV78+YqKiY44o+fEJRMcc1Zuqbem/6M2WfWI3GjxjkWLN3/uLVjsptyfl1rUwL5wkjBzkqiL/aUvG1oH+PJjxwuyY8cLvTtlnj+2nW+H5O2z54/n6n+zPH99XM8X1VkofvvkUP332Ly2t273itCrbb/wz/+0t7BfvIvh00bkjJbdHHDr5NYwffVmy7t5enZk/op9kT+pVwlvTZq8OKbXt22B16dtgdTtuG9myvoT3bFzuuUNHHOuiOGx1zd6VFw2u0Ye6jxR5DoQKbvfLZ0/zbdzUb1w8qcb4AAAAA7N78bJveWhZRbPsbT/XXkw/+udj2erX99doT9+hv01dUy/U9PT01ZswYjRgxQtHR0UpLS1Pnzp31/PPPy9vbW71799a4ceP03nvvqaCgQI8++mjZg1ZRYGCgoqOjFRMTo7i4OMXGxiorK0sFBQWyWq1au3atrrnmGjVv3lw2m02ZmZkym81KTEyUxWJRw4YNlZmZqRMnTigrK0s2m03Z2dmyWq3y8PBwBMCFlcR+fn4yDEMpKSkEwABQw/gtDABXEdONd8soJQBW9EapzySpyNqR1SJ2pz3wLWyXnJMuY82Myo+360sp5ZJv0N7YQ7qmsUzdRsm4NLTdvUqqaAC860tp26Li20NbyzR6QcXGusTJuAQtXbNZkj3wK1ol2r9HuJ6b9Z7SM7M1b/Hqag+Aow+fkCS1a9OyymNFFqkiLi38PRWfqG27osscr2untmUeI0lfL5ytNr1GKT0zW0tWf6cuHdte0aA02BKgLh3bKmJ3tE7FJzq2n4xLUHpmtiRVeH3lQs0ahahtqxaKPnxCEeV4zoCKioj8Rat/3C9JlV5fGQAAAPijWTFzRJnHJH3zUrFto+/tWOrSMpXh5+enW2+9tdj2Bg0aaMGCBXr88cf14YcfKiAgQEOHDq3Wa1/KYrFo9+7dOnbsmLKzs5WZmeloUe3t7S2bzaaMjAwlJSXJ19dX2dnZ8vX1VZ06dZSSkqJ9+/bJ09NToaGh8vLyUlpampKSkpSfny9PT0/ZbDZHmJyfny8/Pz8FBgYqLy9PISGX/0voAADXCIAB4GpS2AY6M6nk/Rd+sbeBvhxVwGtmyBTWWfK12NcFTolzPsAnQLKWb01XY9eXxbaZCtsxN2wjhbaWzhZp25wSZw90y9uyOf6QjGVTim/3CZDpoVmSr6V847gwff4Sx8/DBzkHl8GWAA0f1EsLlqzR+i07qrWytuh127euWgAcGRPrCCibhNYvdY5LVn9XrFVySbIObCjXtYMtAfr6k9m6fYg91B/7wly1a9NS7VuHlev86tCtc1tHC+/CSu2iVdVVec2CAu1fCEjLYO1VVL/Zi75XROQvmvhwN7W/LrSmpwMAAACgGjVo0EDz58/XxIkTlZBw+Zdq8vf317XXXquYmBhdvHhRHh4eMpvNunjxoqOFsyTFx8fLy8tLNptNfn5+qlevnrp27SrDMJSTk6Ps7GwlJibq9OnTOnr0qDw9PR1jGYYhwzDk4+Oj3Nxc+fr6qk2bNrJYqvbZDACgalgDGACuJoVtoEthHPi2eq7Va4Lz/ZQ4e/CbfMa+LnBRN/awB7flEX+oeOvo2g1/qy6WZOr212KnldQyukTJZ2QsKPmbvaZxS8o/TxdS0zO1bou95eywgT1KDAqLthQuGtpWxeJVmxxtiy0Bfho/YlAZZ7i2dWeUxk6d6wgoC9cwvpLatw7Tv1992nG/76jJSk0v3xcIgKLGDr5NBdtnK6CM9X7dxVdvjFbKd//Ua0/cU9NTAQAAAHAZNGzYUJ999pmefPLJy34tk8mkfv36ycvLS8HBwfLx8ZEkFRQUyGQyyWw2y2QyyWazKSkpSSdPnlRsbKxOnTql8+fPKyUlRWlpabpw4YKOHDmizZs3KycnR6ZLOtMZhiEPDw95eHgoMzNT4eHh8vAgegCAmkQFMABcaXHR0qHNLnebvPxllHZ+NbWBNnX7q4zdl7Rq3jRPxoFLKkF9AmQa+LyMzyeXa1xj68LiGzuA1dqOAAAgAElEQVReUtl7U09pzXTniuL4GCn2JymseJskh5x0GQvHS9aMYrtMQ2dWOfyV7GvGFganl1b/FmrWKETDBvbQ0jWbtXTNZr02eYxTm+iSLF3znaMitaiTcQnaujPKqVXxsnf+Uep4p+ITNGPB0hL3fbV5u6KKtH4eNrBHme2Xhw3s4fKxVsWI+3pp264oLV2zWWkZWeo7erK2r5xX9onVoGj763a/VlO3K1JVXXR/RRVWElsC/Co9BgAAAAAAV8Kdd96pli1bOqqAbTabPDw8VKtWLeXn5ys/P18Wi0UNGjRQbm6ukpKSlJWVpbi4OJlMJuXm5iozM1MXLlyQ1WqV2WxWrVq1HNXDhZXANptNZrNZ1113nbp3717DjxoAQAAMAFfa6SgZm+a63t+ik+TtL+W6aC9bXW2gfS0y/WWWjHdHOm+Pj3G+33WUdE3j8o2ZfEa6dH1fSaZO9xW7tm7qWexYY+snMpUSABsfjys+P0nqOrL87aPLsHiVPQDv0rFtqev7Dh/Uy7FO8PzFqzV1/PBSxy1Pi+UmofX1/oxnylxX+FR8oqbPLzkALmrc8IF6fcqYMo9r1iik2tcyLvT+jImKijmu6MMnFBVzXGOmvqn3pj9zWa5VVNQhe8BrCfBzhOnBlgA1Ca2v02cTFbErWqnpmWUG95eKjInV6bP2sL7rZXrOAAAAAACoLmazWS+99JKGDx8ub29v5eXlKT8/X4ZhqKCgQB4eHvLz81NISIg8PT2VkZHh2C9JOTk58vDwcKr6zc/Pl5eXl/Lz8x0VxP7+/mrYsKH++c9/qlatWjX1cAEAv6IPAwBcdUzSTX1KPaLa2kCH3Wpv7+xK7YYy3f1EuYczdq0qvvHGHiUGyKZuo4ofe2CzPUQuaezPJxVvLf3r+KaBU8s9x9IsXrXJEe4NH9Sz1GO7dW6ntq1aSJLmL15TqfbGlgA/denYVuOGD9S/X31aMd8trHQQ27ZVCzUJre+4/+9Xny5X+HslfL1wtqNadsnq77R41abLer2vNm8v8jo6VzaPuM/+uqZlZOmrzdsrPPb8Rb99aaF/9/AqzBIAAAAAgCujQ4cOevjhhxUUFCRfX1+ZzWZ5enrKz89PnTt3Vu3atVWnTh2FhoYqJCREderUUUhIiOrWrSuLxaLAwEDl5+c7jVlYSWyz2WQYhs6fP69bbrlFN910Uw09SgBAUQTAAHAVMrUfUPoB0Rslo9RG0eW/1sDnJZ+SqyArFKzmpEslrONrclWZ27CNFNq62OYS1wLe9WWJlcUKbS3TX2aVf45lKKyqbRJav8y2yZIc6/SWJ0zc+PEsZR3Y4HQ7+9MX+uaT2Xp9yphyXa9Ql45ti42148v52vHlPEfQOmPB0qtmzd1gS4C+/mS24/7YF+YqKubEZblWanqmnpv1nuN+0fWaJedAeNLs9xUZE1vusb/avN1R9V3e9wgAAAAAAFeDKVOmqHFj+xf0/f395e3trTZt2qh79+6qU6eO6tSpo/r166tBgwayWCzy9vZ2rBHs4+Oj3NxcSXJUBhtFPpfy9PTUddddp+nTpxdbHxgAUDMIgAHganTt7fY20K4UtoGuDtc0trd5vlTLTvY2zeW1/7via/PWbljqGKZufy2+cdcqe5hcKPYnGcumlDxAozbStkXSt/NKv5XD1p1RjqrRwirRsoy4r5ej6tbVmrxXUrAlQO/PmCjJ3iZ6zNRSWo1fYe1bh+nfrz7tuL9uS8Wrb8tyMi5BfUdPdqynPGxgDzVrFOJ0TLNGIZo96TFJ9uD+L09MK1cI/NXm7Roz9U3H/fdnXP421gAAAAAAVBez2ax169apefPm8vDwkIeHh86cOaO6desqNDRUgYGB8vHxkcViUVBQkPz9/eXn5ycfHx95eXkpLy/PKfwtrPy12Wxq1qyZvv/+e5nN5hp+lACAQgTAAHA1MntduTbQkr3N8yXVuBWtrDW+faf4xo5lrMt7U8/i1cfWDHvFb+G4H49zff7uVTK+fafMW3kUVv9aAvwclb3lURgWn4pPvOytjcujf49wjRs+UJI9ZK1Mm+PLZcR9vRxzq04n4xI0Y8FShQ+ZoKgY+9q/bVu1cIThl5owcpCGDbS3Pj8Vn6jbhzyh52a9r5NxCcWOjYyJ1Zipb+ovT05TWoZ9Xe7Zkx67bGsmAwAAAABwudSqVUsRERF6+OGHJdnX8t27d6/q16+v4OBgx3E+Pj7y9vZ2/Ozh4eFY77cwPPbw8FCtWrU0YsQI7dixg3V/AeAq41nTEwAAlMzUfoCMn1e6PiB6o9RnklRNrXVMg56X8Y09LDXd1LPEdXtd2v+dlBJffMxO9/12J/6QjF2rZLqm0W/rAvta7CHwJe2djW2Lflsj2Hr52xhHxsQqYne0JHuAGmwpuSV2ScaPGKQZCz6VJC1d891V0RZ46vhhjnVwx0x9U+1azytWCVvUktXfaduu6HKNPWxgzyo9xtenjFFUzHHH810e0YePq8+oSSXuOxmX4Kj4/W2OPfTa5NLXP35/xkQ1axTieO3mL16t+YtXKyjQX+1at5SkYs+JJcBPr02uWLtuAAAAAACuJmazWXPmzNHgwYM1cuRI7dq1S126dJGnp6ejfbPNZpPJZJLNZlNBQYH8/f1lMplkNpvl7e0tT09P+fj46NNPP9Udd9xB22cAuAoRAAPA1aqwDXRuVsn7C9tAN+1QPdcLu1WmcbdW6lRj68LiGwtDXklKPiPjTXtVrSFJx36SafQCSZKp2ygZl67vmxJnrwJ2tX5wNZu/6LfrTx0/vELnBlsCNGxgDy1ds1nbdkVr686oGq8ODbYEaNm8F3X7kCeUlpGlMVPf1NcLZ7s8/lR8YrEQ1ZWundpWeX7L3nlRtw2e4Gi5XZa0jKxyBdRdOrbVhJGD1L9HeLnGnTp+uLp2aqd5i1dr/ZYdLq9lCfBT/x7hmjp+eKlBOgAAAAAAvwcmk0l//vOfdejQIa1cuVKZmZny9vaW1WqVp6c9MsjLy5PJZJKnp6cCAgIUEBCgWrVqqUWLFnr22Wf14IMPOqqEAQBXHwJgAH9Yg7qXHpxa/H0lSd07t1KzhnVcHtekwTWSpA6tGin5zptcHtf+uob2H+o0Lb29c8j19v+avaQ/PyL9ssv1sUnHyxcAN2pT9jGVGcPX8tt6vS07Oe1yWt93/3fO5x3Y/NvPDdtIHQdJyXFOhxjJcTKVMG51S03P1Mm4RHXp2FbtWresVMA3dfxwnYyzh5nbdv0WADdtGKIuHe2BaZCllDWdy6lwrMIK1dK0bx2m2ZMe01ebt8sw7GvYFg1Ggyz+jvEqomlD5+en6DiX7nOlMKB+bub7jjFKUtb8giz+at+6pYICA9S/R3ilXrtundupW+d2OhmXoK82b1daRqa27oz+dV9bNW0YUuGqcAAAAAAAfg+8vLz00EMPyTAM5eXlKTExUampqTpx4oROnz6tevXqydvbW/Xq1VOXLl3Url071atXTx4erCwJAFc7k1G4cjsAAJdL/CFHBbAkqXZDmaZ+X3PzAQAAAAAAAADgKpaebi++2rdvX7nPufnmmyVJfFUHAHD5NWwjdR0p1W4ohbaWaeDUmp4RAAAAAAAAAABuiQpgAAAAAAAAAAAAALiKUAEMAAAAAAAAAAAAACAABgAAAAAAAAAAAAB3QQAMAAAAAAAAAAAAAG6CABgAAAAAAAAAAAAA3AQBMAAAAAAAAAAAAAC4CQJgAAAAAAAAAAAAAHATBMAAAAAAAAAAAAAA4CYIgAEAAAAAAAAAAADATRAAAwAAAAAAAAAAAICbIAAGAAAAAAAAAAAAADdBAAwAAAAAAAAAAAAAboIAGAAAAAAAAAAAAADcBAEwAAAAAAAAAAAAALgJAmAAAAAAAAAAAAAAcBMEwAAAAAAAAAAAAADgJgiAAQAAAAAAAAAAAMBNeJ44fbam5wAAAAAAAAAAAAAA+FWdIP9Kn+vZokloNU4FAAAAAAAAAAAAAFAV6enplT6XFtAAAAAAAAAAAAAA4CYIgAEAAAAAAAAAAADATRAAAwAAAAAAAAAAAICbIAAGAAAAAAAAAAAAADdBAAwAAAAAAAAAAAAAboIAGAAAAAAAAAAAAADcBAEwAAAAAAAAAAAAALgJAmAAAAAAAAAAAAAAcBMEwAAAAAAAAAAAAADgJgiAAQAAAAAAAAAAAMBNEAADAAAAAAAAAAAAgJsgAAYAAAAAAAAAAAAAN0EADAAAAAAAAAAAAABuggAYAAAAAAAAAAAAANwEATAAAAAAAAAAAAAAuAkCYAAAAAAAAAAAAABwEwTAAAAAAAAAAAAAAOAmCIABAAAAAAAAAAAAwE0QAAMAAAAAAAAAAACAmyAABgAAAAAAAAAAAAA3QQAMAAAAAAAAAAAAAG6CABgAAAAAAAAAAAAA3AQBMAAAAAAAAAAAAAC4CQJgAAAAAAAAAAAAAHATBMAAAAAAAAAAAAAA4CYIgAEAAAAAAAAAAADATRAAAwAAAAAAAAAAAICbIAAGAAAAAAAAAAAAADdBAAwAAAAAAAAAAAAAboIAGAAAAAAAAAAAAADcBAEwAAAAAAAAAAAAALgJAmAAAAAAAAAAAAAAcBMEwAAAAAAAAAAAAADgJgiAAQAAAAAAAAAAAMBNEAADAAAAAAAAAAAAgJsgAAYAAAAAAAAAAAAAN0EADAAAAAAAAAAAAABuggAYAAAAAAAAAAAAANwEATAAAAAAAAAAAAAAuAkCYAAAAAAAAAAAAABwEwTAAAAAAAAAAAAAAOAmCIABAAAAAAAAAAAAwE0QAAMAAAAAAAAAAACAmyAABgAAAAAAAAAAAAA3QQAMAAAAAAAAAAAAAG6CABgAAAAAAAAAAAAA3AQBMAAAAAAAAAAAAAC4CQJgAAAAAAAAAAAAAHATBMAAAAAAAAAAAAAA4CYIgAEAAAAAAAAAAADATRAAAwAAAAAAAAAAAICbIAAGAAAAAAAAAAAAADdBAAwAAAAAAAAAAAAAbsKzpicAAAAAAABQVYZh1PQUAADVxGQy1fQUAAD4XSMABgAAAAAAvxsEvQDg/lz9ricYBgCgfAiAAQAAAADAVa2kIKAiQTChMQBcfSoS5hYeW/T3OWEwAACuEQADAAAAAICr0qXBbdH7pe0DAFz9Svu9XVq4e2kYTBAMAEBxBMAAAAAAAOCqYLVaa3oKAFANDEmGLmR66Nl307T8xzqyFX4Me2lWaUgm2WSYPGSy2eTnU6B3JuTrL3eZih2K8vHx8anpKQAAUOM8anoCAAAAAAAAAAAAAIDqQQAMAAAAAAAAAAAAAG6CABgAAAAAANQ41vAFAFQH/j4BAIAAGAAAAFdIQUGBnn32WfXq1UsrVqyotnFHjRqlLl26aOHChdU25tVk+vTp6tKliyZPnlzTUwGAy4YP6wEA1Ym/VwAAf3SeNT0BAACqw+rVqzVnzpwKn/e3v/1No0aNugwzAnCpkydPaseOHZKkVatW6YEHHqjhGaE6ZGdna+PGjfrvf/+rEydOKDU1Vd7e3goNDdXtt9+uBx98UEFBQS7Pz8rK0po1a7RlyxbFxcVJkho1aqTu3btrwIABCggIKPG8s2fPasOGDfrpp5909uxZpaenKzAwUC1bttRdd92l/v37y9Oz+D939u/fr02bNmnPnj06f/68rFargoODdeONN6pfv366/fbbS3280dHRWrFihWJiYnT+/HnVrVtXrVq10gMPPKB27dpV4JmzW79+vWbOnCmz2ax33nmnzDEqev3HHntMBw8eLPd86tatq9WrV5d6zL/+9a8Sv8Rx7733On1R4cEHH1R8fHy5rvvee+/pxhtvdNyv6Os0a9YsrVu3rlzXGjNmjEaMGOG4X5X3cF5entavX6+tW7cqNjZWaWlp8vHxUf369dWxY0cNHjxYjRs3rra5FhUTE6N169YpOjpaiYmJysvLU/369dW4cWPdeeeduvvuu2U2m6s83yuh8EN6PqwHAFQHwzBkMpkc/wUA4I+IABgAgCto4cKF+vDDD9WiRQstXry4pqcDXFFNmzZVhw4dFBkZqf79+9f0dFANIiIiNHv2bKWkpDhtz8vL09GjR3X06FF9+eWXmjt3rlq3bl3s/OPHj2vixIlKSkpy2h4TE6OYmBgtX75cc+bM0bXXXuu0/+OPP9aiRYuUl5fntD01NVV79uzRnj17tGbNGr399tuyWCyS7CHfzJkz9f333xebR1JSkn744Qf98MMP6tu3r55//vliHxYahqF33nlHy5cvd9oeHx+v+Ph4ff/99xoyZIieeuopeXiUr9FSbGys3njjDUn2oLa08PdyXL8kXl5elT63Knx9fSVV/XUqDz8/P8fPVXkPJyQk6Omnn9apU6cc20wmkzIzM5WZmanjx49r5cqVevLJJzVkyJAKz/PSuRayWq167bXX9O233xbbd+rUKZ06dUqRkZHq2rWrAgMDr+h8K4PwFwBwORACAwD+6AiAAQBu4e677y6xauutt97S1q1b1a5dO7388svF9ruqLANQ/Tw9PfX222/zIYybOHXqlKZOnaqCggLVrVtXAwcO1E033SSLxaILFy5o+/btWrt2rTIyMjRlyhQtX75ctWrVcpyfmJiocePGKTMzU4GBgRo6dKjat28vDw8PRUZG6vPPP9f58+c1btw4LVq0SA0aNJAkrVu3Th999JEkqVWrVurXr5+uvfZaeXl56dy5c1q/fr127NihY8eO6fXXX9e0adMkSW+88YYjVOzatavuuusuNWrUSAUFBTp58qSWLVumX375RRs3blSbNm00ePBgp8c7f/58R/jasWNHDRw4UA0aNFBiYqLWrFmjnTt3auXKlTKZTPr73/9e5vOXnZ2tF154QRcvXlR4eLgefvjhUo+v6vV79+6tsWPHlji21Wp1XL9nz55lzv3RRx/VQw895Lj/+OOPKyEhodhx7777rgoKCkoc45dfftEzzzwjSRo2bJhatmwpqfKv0/jx4/XII4+4fHxjx45Venq62rVrp4EDB0qq+nt46tSpOnXqlHx8fPToo4+qe/fuqlevnrKzs3Xo0CEtWrRIe/fu1dy5cxUWFqabb7650nMtlJ+fr6eeekoHDhyQh4eHevbsqR49eqhp06aqVauWUlNTtXfvXgUEBDiFv1WZ75VACAwAqE6EvwAAEAADANyEr6+vo3qoKB8fH0lSrVq1VL9+/Ss9LQAl4EMY99C0aVNNnjxZEREReuGFF4r9Dr799tvVqlUrzZo1S0lJSdqxY4e6du3q2P/mm28qMzNTwcHBWrBggZo2berY1759e915550aP368UlJSNGfOHEeb/759++rIkSOqXbu2Ro0a5fR+atOmje666y5NmzZN33zzjX744Qelp6fLYrHoySefVHJysoYOHarbbrvNaa7t2rVTz5499be//U0nT57U2rVrnQLgwmpkSbr//vudAtY2bdrojjvu0Ntvv63ly5dr5cqV6tWrl1M745LMmjVLp0+fVkhIiF588cVS/1xUx/Xr1avn8u/BlStXSrJ/SePS4LskAQEBTl+gql+/fokBcJ06dUo8PyMjw1H5fNttt2nMmDGOfZV9nQIDA4sFnpL9A+AXX3xR6enpql+/vqZPn+5oDV6V9/Dhw4cVExMjSXruuefUu3dvp+enU6dO6tChg0aPHq3jx49r7dq1jkC1MnMt9NFHH+nAgQPy9vbWa6+9pj/96U9O+xs0aFBitX1V5ns5FQ18DcMgAAYAVIvCv08K//+KIBgA8EdEAAwAwK+SkpK0atUqbdu2TefOnZOnp6caNWqknj17qn///vL39y92Tnp6upYvX67//e9/iouLk9VqdaxB2alTJ/Xr10916tTRK6+84tSq8cSJE+rSpYvjfmlr/JXlzJkzWrt2rbZv3+74AD40NFRdu3bVkCFDVLt2bafj7777bmVlZen5559Xv379Shxz165devrppyVJ3377rVMLysK1H3v37q2pU6dq9erV+vbbb3XmzBm99NJL6ty5c4Wem0v9/PPPWrNmjQ4dOqQLFy7IYrGoWbNm6tu3r3r27Fnimp7lkZGRob59+0qSPv/8c3l4eGj58uXavn27kpKSFBAQoObNm6tfv37q1atXsXUTJWnUqFE6duyYJk2apC5dumj58uWKiIhQQkKC1q1b59Q6tTLvp4KCAq1bt06bN29WbGysMjMz5evrq8aNG+vmm29Wnz59irXClezh0MqVKxUZGanz5887nud77rlH3bt3L7EdbNHHcscdd2jFihX68ccfde7cOUlSkyZN1LNnTz3wwAOlPucVff8VXrek9bePHj2qDRs2aO/evTp79qysVquCgoJ0ww03aMiQIerUqZPLeVRWdbwvcnJytHnzZm3btk2HDx9WamqqatWqpUaNGqlLly4aOnRoiWFPoaSkJK1evdrxXjGbzWrWrJn69eune+65p9xzt1qtWrFihfbs2aOQkBDNmzfP6fjKvE/K0rdvX8ccStKnTx/NmTNH+fn5jvV9Jfv7JiIiQpI0duxYp/C3UNOmTTV27FjNnDlTO3bs0MmTJ9WsWTOZzWZH5agr9957r7755hsZhqGzZ8/KYrEoKChIc+fOdXmOr6+vevToof/85z/F1q1dtmyZbDabGjZsqAkTJpR4/rhx4xQREaH4+HgtW7ZMr7zyistrrVy5Ulu2bJHZbNYrr7ziaFPtSnVfvyibzeYIl3v27Km6deuW67zKKigo0D/+8Q/FxcWpadOmevnll53ee1V5nUqycOFC/fDDD/Ly8tLMmTOL/U6q7Hu4aNtyV7+bzGaz2rVrp+PHjzt+t1ZlrhkZGfr8888lSU899VSx8Lc0l2O+VVW06rfoDQCAqrr07xOqgQEAf0QEwAAAyL4G4LRp05SVleW0vXAdyi+//FIzZ85UWFiYY9/p06f1xBNP6Pz5807nFF2DMjIyUnPmzJGfn58sFovS09MdxxX9wL+wUrmiVq5cqXnz5hVbBzM2NlaxsbFavXq1Zs2apZtuuqlS45fm4sWLeuKJJxQVFeXYZrPZJFXsuSk63pw5c7Rhwwanc86fP6/z58/r559/1sqVKzVt2jRHK9jK2rlzp9577z2n1zs5OVnJycmOtUOnTZvmMgg5ffq0Ro8eXezxFarM+8lqtWrixImKjIx0OiczM9Nx3oYNG7Rq1Sp5e3s79v/nP//Rxx9/7PQt9wsXLujChQvatWuX1q9fr1deecVlAPnLL7/o448/VmJiotP2w4cP6/Dhw/r+++/1zjvvOF2zUHW+/+bOneuoQiwqOTlZERERioiI0KOPPqrRo0eXOVZlVeZ9ERsbq4kTJxZ7L+Tn5+vYsWM6duyYNm7cqAULFigkJKTYNbdt26bp06crMzPTafv+/fu1f/9+bdq0qcxwUJK2bt2qDz74wPFaXBocVfV9UllFP2QLCgpy/Pzjjz9Ksod5ffr0cXl+7969NXfuXFmtVv34448aOXJkua57aaBYXoXnFX3O8/Pz9b///U+S1L9/f5dfiPD09NS9996r999/Xzt27NDFixdLXE/30KFDeueddyTZWyeXVSlc1eu/+uqrunjxosvXNiIiwhFsDh06tNS5VIf58+dr165d8vf316xZsyq1FENJr1NJtm7d6mgX/vzzz6tVq1YVvpar93BoaKjj5yNHjujWW28tdq5hGI6q24YNG1Z5rj/++KPy8vIUHBxc6pdDSlLd870cCIABuBXj15vJJMMkmQybZCr8HecihDQMGTLs59lPvhIzdUuXVgADAPBHRAAMAPjDO3jwoGMNwNtuu02jR4/W9ddfL5vNpn379um9997TkSNH9Nxzz2nhwoWOD9HfeustnT9/XqGhoXrmmWd04403ytvbW4mJiTpy5IhWrlypRx99VJL07LPP6tlnn9XChQv14YcfqkWLFlq8eHGV5r1x40ZHlVS7du00fPhwXX/99TIMQ3v37tWHH36o+Ph4vfzyy/rss8+c1i2sDj/88IMkqUOHDrr//vvVpEkTxwfMFXluCr3++uvauHGjJHv13oABA9SwYUOlpaVp69atWrRokQ4dOqSJEyfqgw8+cKpKrqg333xTZrNZDz/8sHr37q169eopKSlJ33zzjZYvX67o6GhNmTJFCxYsKPF5+/TTTyVJAwYMcFTMFR5X2ffTF198ocjISHl5eenJJ59Uly5dFBQUpOTkZJ06dUobN27U9ddf///Zu/P4qMrz/eOf50wWEvZFQRAFBEU2JeJC3VoUKUoVqVK3urQqLlWrRf261N264Q+34m6rqK2iFVsKFrUq4l4VUSGIiCyyKAFCIJBk5jy/P84yZ5KZZLIg2/XuK00yc+acZ86ckJe55r7vlCD2ueee44knngBg9OjRjBo1is6dO7N+/XpmzJjBQw89xEcffcQtt9zCHXfckfZcPPfccziOw+jRozniiCNo164dy5cvZ9KkSbz99tvMmTOHRx99tEbVYVNff506daJNmzYcf/zxHHzwwey6665hiPrwww8zd+5cHn/8cQYPHpy2vWlTaMh1scsuu2Ct5cADD+SYY44J54f+8MMPvP766zz55JOsXLmSu+++mzvvvDPleF9++SXXXnstiUSCzp07c9ZZZzFw4EByc3OZP38+Tz/9NJ9++mlWa58wYQKFhYWcccYZHHDAASkhdVNcJw316aefEo/HAdhzzz3D2+fOnQtAv379aq0wz83NpX///nz00UfMmzcv6+N++OGHgBfY1af9f/C4aPi2ZMmS8E0BAwcOrPXxwf3l5eUsWbIk5U0e4FVwXnvttcTjcQ455BBOOumkOtfU2OPX9fyDitKioiJ69epV53oaY+rUqTz//PMYY7jhhhvSVn5nI93rVN0333wTzn8+9dRTs5ptnE6ma3iPPfagqKiITz75hD/96U+MHTuWgw8+OAynly9fzqOPPkpxcTGxWFpSwskAACAASURBVIwTTjih0WudNWsW4P2b6zgOb775JtOmTWPevHmUl5fTrl07BgwYwMiRI+nTp0/KY5tyvU0hU/Vv8EYyEZHtg4vBwTUGiwEnCHchJdw1FouLsQ7WMRgM1L8xi0S4rovjOClvLFIVsIiI7GgUAIuIyA7vrrvuIpFIMGTIEG688caU/yA88MADGThwIOeffz7z5s1j4sSJXHDBBQBhMDNmzBgGDx4cPqZr16507dqVI444YrOtOTo/8YgjjuD6669PqXg76qijGDx4MHfffTe//vWvmzz8DQwdOpTrrruuxn9E1/fcfPTRR2H4O3bsWEaOHBne16ZNG379618zePBgzj33XBYtWsTEiRNTZkY2xB133JEyX7J169b07NmToqIirrjiCubOncvLL7+c8Y/g1dcZaOj1FPxhf/jw4Sn77dixIx07dqzRsnPt2rU8+OCDAFx22WUpcztbtWrFiBEjGDhwIL/5zW945513eP/992vM0wz88Y9/ZOjQoeH3u+yyC0VFReFszH//+9+cd955YVC3Oa6/E088kWOOOaZGRd+gQYPYa6+9OPXUU1m9ejWvvvrqZguAof7XRWFhIU888USNduZdu3blzDPPJCcnh4ceeoj33nuPsrKylCrM4FrZbbfdePjhh1Pua9++PQcccAA33XQTr732WlZr//Of/1wjwGvK66S+Nm3axL333gvAfvvtlxKGrlmzBvDm0tYlCLNXr16d1XEXLlwYhponnnhi1q2tp02bFnY0GD16dI21ZrPe6P2rV69Oec7WWm6++WZWrlxJp06duOaaa8L7Fi1axFVXXQVQ41poquOnU1xcnPY5by533XUX4J2Le++9lzfeeINRo0bV62c60+tU3QMPPMDGjRsBeOWVV1i0aBHDhw/n8MMPz/pYtV3DALfeeis33ngj77//fvj6Vde8eXOuvfbaWp9jtmstKSkBvAr/a6+9NqykD5SXl7N06VKmTZvGOeecU6NivqnWuzlEQ2D9YV5EtgfWgOs45FrDHm0q6d91DeuqmrHkh0Libqxaca/BcR0Kcyvp0qmcVnkJ2uXng81TEXAD6feKiIiI3k8mIiI7uPnz5zN//nyMMfzud79L+x+HeXl5nHvuuYD3h9no7QCzZ88mkUg02ZoSiUTaj2hVzPTp09m0aRP5+flcfvnlaQOOli1bcsMNN9QZADSU4zi1njPI/txMnjwZgP79+6cNVQF69uwZtif917/+lbLfTOcsUyvJ/fbbL2PINXjw4LD6asqUKWm36d69e9p1NuZ6CkLS+fPn12gHnM706dOJx+N07do1JdSL6tKlC8cffzxAjdbagT333DMl/I0KzndZWVnKPMjNcf3l5ORkbOfasmXLcNblokWLstofZPezFNXQ6yLdLOtAEOBYa1myZEl4+7x58/j6668BuPTSS9O253Uch7Fjx9byDJNGjRqVtnqzMdeJtTbjOaxLZWUlV111FQsXLqRVq1Y1wqaysjKAtLOwqwu2ibbQz2T58uWMHTuWiooK+vbty2mnnVbnYwDef//9sEL7pJNOYp999qmxVqDOzgPR5xN9HMAzzzzDu+++S05OTo1225WVlSxevJjFixfXOL9Ndfx0gqB811135eCDD065r77/rmYrmKO9dOlSpk6dyjnnnBOuoy61vU7VWWvDN62UlJQwc+ZMrrnmmrDqvi51XcPgzdWtrKysdT+u69Zosd/QtQZvgnj55Zd566236NOnD+PHj2f69OlMmTKF8ePH07dvX6y1PPLIIzUC4qZab1OpXv2rFtAist2xluYFLhed3Ibn/9SCW8/NoW3BhjQbuhgTZ69dy3jimnyeubklhxTFMOjfxIbS7xgRERFVAIuIyA4uCGCstWGL1HTKy8sB74+vpaWltG7dmiOPPJLJkyfzj3/8g3fffZfBgwfTp08f9tprL3bffffwj9z1NXr0aFauXFnj9lGjRnHZZZcB3vw+8Np9NmR+YlPYfffdMwZf9T038+fPB+DQQw+t9ZiHHnooEydOZO3ataxatYqOHTuyfPlyTjzxxLTb33zzzfzsZz+rcftRRx1V53FeffVVFi5cGLYPiyoqKkr7uMZcT0OHDg1bLo8aNYpDDjmEPn360Lt3b3r16lVjBm9wzpYsWcLtt9+e8VhBq9SFCxemvb+2AKVr167h16tXr2bXXXcFNt/1t2HDBmbOnMmcOXNYt25dSlARBBnBuctGNj9LUY25LoqLi3n//fdZsWIFGzZsCEPmoKqv+tq/+eYbwJv/PWjQoIzHzPb8ZromG3OdTJs2jT/96U9pt58yZQpt2rRJe9+mTZu48sor+fjjjykoKOCuu+6qMbc7eF7V52SnE2xT13ziJUuWcMkll/D999/TrVs37rjjjlrbSwdmzpzJH//4R6qqqhgyZEhYlV99reC9hrWtI/p8otvNmjWLRx55BIALL7ywRnve2jTF8dNZuXIlb7zxBuD9rETfsNKQf1ezERyvvLycL774gkcffZS5c+fywAMP0KtXr/CNHunU9TpVF7Sor6qqYsGCBUyaNIn//Oc/vPnmm/zlL3/h7LPPzvjYbK7hxYsXc+GFF1JWVsauu+7KqaeeSlFRETvttBPr169nyZIlTJ48mVdffZXx48ezZs2ajMfMdq3NmjULH7P33nvzwAMPhG+4KiwsZP/996eoqIiLLrqI2bNn8+STT4ZvQmnK9TZW9T/AV28HLSKyXbAGhxxwoE2hoVW+w4JWLsSoWdVrDTZmiOVYurSI0amFQyKmKcCNEf2dUr0KWFXBIiKyo1AALCIiO7Roa81M1Z7VrV69mtatW3PxxRdTWFjIv/71L1asWMFLL73ESy+9BHjtGYcOHcpZZ51V5x/hGyKoAmrbtm2T7ztbtR27vucm2+fTrl278Os1a9bQsWPHBq29+h/yqwvWkUgkWLduXY2gK1Pw1ZjraciQIZSXl/PUU0+xbNkypk+fzvTp0wGvavjQQw/lzDPPpHv37oDX2rc+x4quLap169YZHxOtNgxmYAZrhqa9/r744guuvvrqOtv8bs5woCHXheu63H777RkrrKOiaw9ejzZt2jTJH6AyXZNNdZ1ka8OGDVx++eXMnj2b5s2bM27cOPr27Vtju+BnedWqVXXuM9gm+vNf3cKFC7nkkktYvXo13bt359577814TqL++9//cuONN5JIJDjiiCO47rrrarzhI3rc4I0nda0VktfLmjVruP7663Fdl379+jFkyJCwlW8g+v3q1avDqs9WrVo1+viZvPDCCyQSCVq2bMnRRx9d67ZNrbCwkAMOOIA+ffpwxhlnsHLlSl588cWMAXA2r1Mmubm59O7dmz/+8Y9s3LiRGTNm8NJLL/Gb3/wm7T6yvYaffPJJysrK2GWXXXj88cdTqq/btWtHu3bt2GeffejWrRuPPvooTz/9NMcee2ytM5nrWmv0mj7jjDPC8DcqFotx0kknMXv2bL766is2btxIQUHBZllvU0g3C1hEpHbBHF0DBqxfJWuqRaU2rJ41GAvWpN9uc67TmgTe9F+LMTnkuAbHmhrJrsFiXLAmTiKWwDpVOG4O1lFI2VDVW0Ar9BURkR2RAmAREdmhBX8g79ixIy+++GK9HpuXl8cFF1zAOeecw+eff05xcTHz5s2juLiY7777jueff55Zs2bx2GOPZf2HaiCrdQSBQEPCmqAirrZKymholElt/wFd33PTrl07li1bVmf4Fw1JgnOwyy67MHPmzDrXG7Vo0aJaK82CdcRisbRtiTM998ZcTwAjRoxgxIgRzJs3j7lz5zJv3jy++uorvvrqK15//XXef/99nnzySTp16hQea/jw4SmzRH8Mjbn+0kkkEvzxj39k9erVDBo0iIsvvpjddtstpXrzgQceyLpNbKC+r0FDrot//vOfTJ06lVgsxv/93/9x8MEH07Jly/AaKS8vT1tZHLx+a9euTVtlXl+ZHt+Y6+Too4+uVzBYVlbGpZdeSnFxMS1btmT8+PEZ54jutddevPnmm3z++efE4/GMlbrxeJwvvvgifEw6X331FZdeeimlpaX06tWLe+65p9Y3NgSmTZvGbbfdhuu6DB8+nKuuuirtedx1110pLCykvLycTz75JG0YGAjmnxcUFLDbbrsBMHHixPDfri+++ILjjjuu1nVF57aOHz+efffdt1HHT6e8vJx//etfABx33HEplaXQsH9XG6JFixb85Cc/4aWXXgqr4qvL9nXKxpFHHsmMGTMoLS1l9erV4XzpQH2u4c8//zzcZ22tzEeNGsWjjz5KPB5n7ty5WQeq6dbarVs33nnnHYBaX9/oMUpLSykoKNjs662v6pVZ0a9FRDKzWFwMMcAFazAkcKnWecnPWMHiuAZwsLhe6PojBYEGg7FOuA7rp77W2BplvRaDNQbHOhhrsCaHHzOq3h5V/x0ThMBQ+3/HioiIbE80A1hERHZoe+65J+C1wgza2tZXbm4uRUVFnHLKKdx4440899xz3HTTTYAXTHz55Zfhtk31H5vBuj/99NOs5sVGBeHd0qVLM27z2WefNXxxEdmemyDYmTFjRq37e/vttwEv1Kr+h/v6CIKPTIJ1dO/evV5BQ1NcT+Cdj5EjR3LllVfy+OOP8/TTT9OyZUs2bNgQVgUHx3rvvffqnOnY1Bpz/aVTXFzMDz/8AMBVV11Fjx49smrd29Qacl0E1+SwYcMYPnw4rVq1yurnPJiNvGnTJv73v/9l3C6bOa61+bGuk7Vr13LRRRdRXFxMmzZtuP/++zMGZ5Ccjbxx40ZeffXVjNu9+uqrYRvtww47rMb9X375JRdffDGlpaX06dOH++67L6vwd/Lkydx66624rsvIkSO5+uqrM/6s5+bmMnjwYAD+/e9/p1TDRyUSCf79738DcNBBB4XVmRUVFXWupzaNPX46U6ZMYf369cRiMX75y182an2NFfwxtqCgoMZ99Xmd6nOsdMer7zUcVGnX9fMePWam1y7btUbnNH/33XcZH7t8+fLw62BUw+Zeb2OpAlhEsmPAemGua1wvXLUOMTcHY413v//hWIccNwdrErixChziONbF4MKPNlvXgPE//Im+tR3ZKPRtMvq9IiIiogBYRER2cHvssUc4i/G2227LOI/y22+/TQlygbSzRQMHHXRQ+HW00jaosiopKWnUf4weddRRNGvWjIqKCsaNGxfOG41av349N998MwsWLEi5PfiD9n/+8x/WrVtX43HffvstkydPbvDaoP7nJqiI+/LLL8NW0dV9/fXXPP/88wD84he/aFQIMH/+fN5///2097333nu8/vrr4XHqozHX05o1azIGRbvvvjtdunQBkuds2LBh5OXlsXbtWv7f//t/Ga+nmTNnZlXRXR+Nuf7SiQaT0bbTgUQiUe/q34ZoyHURrD1TRd1rr72W9vY999yTnj17AnDPPfekDXpd1+Xuu+/O/gmk8WNcJ6tWreLCCy/k66+/pn379tx///3hc8tkt912C/8tmDBhAkuWLKmxzXfffcdDDz0EwP777x+2Pw/MmjWLSy+9lPXr1zNgwADuueeerFruP/fcc4wbNw6AE088kbFjx9YZigUzcpcuXcqDDz6YdpuHH344fGNNdH7u5ZdfzsyZM2v9uO+++8Ltp0yZEt6+//77N/r41bmuywsvvADAEUccwU477VTrc28oay3XXXddWHmazsqVK8Ofq379+qXcV9/X6fHHH2fKlCkZr/HKykomTZoEQLdu3VJ+ZhtyDQdvrnj11Vdr7agR/X3aq1evRq21X79+9OjRA/Aqy4NQNyqRSIS/K/fbbz9yc3Mbvd7NKVMlsIhIJl5IGoS+Dq4xuE4lmDgm+CCONQmqHJeEk4N1c8E6uIBrnB8t/pUtR79fRERE1AJaRESEK6+8kjFjxjB//nzOPPNMTj/9dPbbbz9at25NSUkJb731Fk8//TT5+fk88cQTdOjQgaqqKi644AJatWrFiBEjGDhwIJ06dcJay7Jly/jrX/8KQH5+fkrb0uCPqevWrePJJ5/klFNOoby8nM8++yysiMtGy5Yt+cMf/sCtt97Ka6+9RklJCaeddhp77bUXrusya9YsHnnkEZYuXcrs2bN59tlnwz8C/+IXv2DatGmUlZVx3nnnMWbMGHr16kU8HufDDz/k8ccfb9T5bMi5GTRoEEcffTRTp07l7rvvZsGCBRx77LF07tyZ0tJSZsyYwV/+8hcqKyvp1q0bv/71rxu1RvBe91NOOYVhw4bRoUMHfvjhB/7zn//wt7/9DfCC8mOPPbZB+63v9QReCPjZZ58xYsQIDjroIHbbbTfy8vJYvXo1U6dOpbi4GIB9990X8K6Byy67jNtvv50pU6awdOlSTjrpJHr37k1+fj5Llixh6tSpvPzyy+y7777cc889xGKxjOuuj8Zcf+n06tWLgoICNm7cyBNPPMHvfve7cK1lZWXccccdTbLubNT3uthnn3349NNPmT59OiNHjmT33XcP73v33Xd54IEHMh5r7NixXHjhhSxevJizzz6b3/72txQVFZGbm8tXX33FxIkT+eSTTxr1fDb3dbJy5Uouuugili1bBsD1119P8+bN+f7779Nu365du7C6e+zYsZx++umsWbOGMWPGcPLJJ7PvvvtijOGzzz7jb3/7G2vXrqWgoIDLL788ZT8fffQRY8eOJZFIsNtuu/F///d/rF+/Pm1FuuM44c/Zk08+yaOPPgp4b2Q4+eSTM641Pz8/rCbu27cvJ5xwApMmTeK5557j22+/ZeTIkXTq1ImVK1fy8ssv89577wFw/PHHM2DAgKzPYTaa8vgzZswIX6/Ro0c36TqjXnnlFf773//y3//+l6KiIg477DB69uxJixYtWLNmDZ999hkvvvgiZWVl5Ofnp4TW9X2dysrKmDhxIvF4nGeffZahQ4fSr18/2rZty4YNG1iwYAGTJk0K32gQ/R3S0Gv4tNNO45133mH58uWcffbZnHnmmQwaNIi2bduyadMmFi1axD/+8Y9wPviQIUPYbbfdWLp0aYPX6jgOV1xxBRdccAGzZ8/mkksu4dxzz6VPnz44jsPXX3/Nww8/zOeff47jOJx11lnhYxu63qamP8CLSGNZHLAulY7FNTGMjeE6CRzXIeitHLxdKIaLcb32ypWAY1xi1q3Rgll2PJoJLCIiOwIFwCIissPbY489GDduHDfccAPLly/PGDYNHDgwrC5bsGAB69atY+XKlYwfPz7t9o7jMHbsWNq0aZOyj/79+/P555/z2GOP8dhjjwHeTNEXX3yxXm2Nhw8fzsaNG7n//vv59NNPw9mPUe3bt+emm25KCd8GDBjA2WefzWOPPcbixYtrzAXNzc3lnHPOCf/4Xl8NPTdjx44FYOrUqUyePDltFfLee+/NLbfckrZVaH2ce+65/P3vf2fixIlMnDixxv19+/bllltuqTW0zKQh11NFRQVz585l1apV/PWvfw1D8up+8YtfpFRQjxgxgsrKSh544AFmzZrFrFmzajzGGMOgQYOaLPwNNPT6S6dFixZcfPHF3HHHHUyaNIkZM2bQs2dPysvLmTNnDvF4nKKiokaHoXVpyHVx0kkn8dZbb7Fw4UJOP/10+vbtS6tWrVi0aBFLliyhb9++LFy4MG3FXb9+/bjpppu49dZb+e6778L26FH9+/enR48evPzyyw1+XpvzOrn66qvD4Azg4osvrnX7xx57LOxC0KlTJ/785z8zduxYSkpKePjhh2ts365dO+688046d+4c3lZaWsoVV1wRVj8uXryYU045JeMxmzVrxmuvvcY777yT8u/a9OnTw5bq6QwePJi77ror/P6iiy7CdV1efPFFPvjgAz744IMajxk5ciS///3vazkDDddUxw+q6ffZZ59aWxw31v77789BBx3E+++/zyeffJLx57ewsJDrrrsuDBsb8jrdeuutjBo1ihdffJHFixdnfCOTMYYzzjiDYcOGhbc19Bru27cvN9xwA7fddhuLFy8Of35jsViNytxDDjkk/F278847N3it4P27ceedd3Ldddcxa9YsLrjgAsD7vRp0Y8jLy2Ps2LHhG4aABq93c4qGwWrVKSLZMiQorYS//a+cmV/HibmQMGBcg7GWoM+ytRaMBWtx3Rit8yo582ct2L97MzVa3gGk+72i0FdERHY0CoBFRETwqionTpzItGnT+O9//8vSpUtZv349bdq0oU+fPhx99NEccsgh4fa9e/dm0qRJTJ8+nQ8++ICvv/6a0tJScnJy2Gmnndh3330ZPXp0jZalxhjGjRvHI488wltvvcXatWvZeeedOfTQQ8P20PUxatQoDjjgAF5++WXef//9sPXyLrvswmGHHcYvf/nLlJA1cOaZZ9K3b1/+8Y9/MGfOHEpLS2nbti377bcfJ510Es2aNWtwANzQc5OXl8fVV1/NsGHDePnll5kzZw4lJSW0atWKbt268fOf/5yhQ4c2yWzYfffdl2HDhvHcc8/xzjvv8MMPP9C8efPwOMOGDWvUcep7PeXn5/P000/z1ltv8fbbbzN37tywTXjwmBEjRoRzQKNGjRrFgQceyD//+U/ee+89Vq5cSVVVFR06dKCoqIgTTjihzlamDdXQ6y+dX/ziF3Tp0oW///3vzJkzhw8++IA2bdpw8MEHc/LJJzNnzpzNHgA35Lpo0aIFDz/8MM888wxvvfUWxcXF5OTk0KVLF84//3xOPPFERo4cmfGYhx9+OL179+all17inXfeYcWKFTiOw+67786wYcM47rjjGvyzGLW5rpPGziju1asXTz/9NC+//DJvvvlm2MK4S5cu/PSnP2XkyJE12jpXVFRQVVVV72M1dl614zhceumlDBkyhBdeeIHi4mJKSkpo164dvXv35pe//CUDBw5s1DE29/HnzJnDF198AcCvfvWrzbZWgA4dOjBu3DjmzZvH9OnT+eyzz1i2bBkbNmygRYsW7LzzzgwePJiRI0ey8847h49ryOuUl5fHxRdfzMknn8y0adP4+OOP+fbbbyktLSUvL4/27dszcOBARowYEbbpDzTmGh4yZAgDBw5k8uTJfPjhhyxdupR169ZRWFhIhw4d6N+/P0OHDmXQoEFNstbAQQcdxLPPPss///nP8N+NjRs3stNOO3HggQdywgknpK3ebch6fwwKfUWkPixQmXD4eGkBL83OBddv6WwNuGBdCxhw/TDYH/m7U7NNDN3Xsn93BYA7Gv2eERGRHZWx+i0oIiIiO4CysjKGDx8OeDNHm7pFq2ybdF2IiPx4ovMYXddN+UgkEiQSiQa9IU5EdhwWWLXBcPW/XJ75Xy7WxsKQ1/ts/CpgmxICt29WwX1nuBy/X+zHqf/1/9pqjfdNwoV35xpOu7WCH8pakdKH2locJ8EBPUr4240t6djagDWoWLXhNm3aRCwWIxaL4ThOykdQBaxqYBER2RasW7cOIG03t0yCblDOZlmRiIiIiIiIiEgWosGwiEhdLH6w6uC1eXYAY/zPkQ/HJD8nRwTLDkC/V0RERBQAi4iIiIiIiMgWpj/Si0j2DMYxfrAbhLzW/xz5OhoCY4PxwLKD0O8VERHZ0SkAFhEREREREZEfjf4oLyKNZvCqf41NDX+DiuCgKjioDI55QbD+9dmx6fePiIjsSHK29AJEREREREREREREshF2cnb8Ml8XL+QNsj0XP/wleaOp9lgRERGR7ZwCYBEREdkhtGzZkpkzZ27pZchWRteFiIiIyLbDRL8I2zzjhb5U+94BEqkPVAAsIiIiOwoFwCIiIiIiIiIiIrJtMGCi7Z6DsNclmfA6FlxvOwtgDEbpr4iIiOxAFACLiIiIiIiIiIjINsFa681yNXjpruNlwTaoCHZJhsIE21isPwNYObCIiIjsCBQAi4iIiIiIiIiIyLbBGG/+r2PCwNcaA65Nhr7GqwC2trYdiYiIiGy/nLo3EREREREREREREdmyvHbO/vhfY/020H7Ka6oN+jU2dU6wSn9FRERkB6IKYBEREREREREREdmqWf//LQlipoI8DHEnn4Sbi/Vn/uL4fZ6xGGswxMmNV5JPJTFygBwsVlmwiIiIbPcUAIuIiIiIiIiIiMhWzeAV9XbMN9x5bEtuPM4y4+sKrnzBZdmmQq8S2OIFwcZgqOSnvcq5bXQLdmmVTysLxlqvclhERERkO6cAWERERERERERERLZqFos1XgjcigpyHYfCmMXm4IW/rrdVOPDOGmLGpa1j2dmCoYq4AXAwqgEWERGR7ZxmAIuIiIiIiIiIiMhWzQAWF9eAxZDjQsy6YKoIg18T/TBY4wAJrImTMDm4RsOARUREZMegAFhERERERERERES2ahYwODg2GeAmjME6Jhn+hp8tGBeTLAfGWBfHWoJpwj/aopvocOGubPJrm+kAKRunPEBERER2EAqARUREREREREREZKtmMBgLruN6YbAFY8AYA47xQ1/8ENir/nUdFzBYA9YBZwu0fw6OZqPfNIjFGheDi+s1xCbuuATReOoHYA2WONZU4dgYxsYac3ARERHZxmgGsIiIiIiIiIiIiGwDvEbQBvyQ1/uMA7gmuDtZ8hLmodtB22cLxjq41sHgkuPmYmwcrMU6buq2xgUcsHkYLAkTx5oEhpjmH4uIiOwgFACLiIiIiIiIiIjItikIgYPWz+CHwWa76n1osBgSJJwY1oDLJlxjMMZrix2NdS0Gi8WxMa9W2KnE+n8GVvwrIiKyY1AALCIiIiIiIiIiItuEoMjX2sgNxvXaQIe3uZCwW1XaaRtde2twMRgsuA5xYzDWIWGcGqN9LQ7eyXD9ltk5xFwHYxJb1TkRERGRzUcBsIiIiIiIiIiIiGwbbGpX53AGsOvPwnUMuF4BMP6s3K2BiYznbeAeMMSwruWbFVU8Onk18USMhOOSqFbpbP022THXIRFL4FiHnjvHOWtExaAx3QAAIABJREFUZ1rkN2YN3t7TrU1ERES2LgqARUREREREREREZKtnwZv762eQNmj7bAiD3zAhdgDjxabGWm/bLbRmAIxNziS2ySeQ7bL8eBuA79Y6PPaf1mx0C/ynW7PXtQWMNVgnTsy1HLz3Kk7+uaVFfmNPhAs2BsSBmN9smiBxFxERka2EAmARERERERERERHZ+pnoZ6/RMaba7ZZwJrAxxm+8vIXCyeCwQQrsADHrzSh2678va71dOBhck4slDzDpw21rAYu1ubhYKhLNWb3RwTYwqDXe7kg4DjE3RusCQ8xxMNbFmK2jylpERESSFACLiIiIiIiIiIjINiEaX1pDGPaGdzomWWFr8OtTLVtDm2IbrA/8UNhiN/uoYgfXwKdft+Cw8xINL9S1YIjh5lSwc34Jf72+A/v0iPn72/LnVkRERFIpABYREREREREREZFtQ1BsGlT7Ov6H65fHWsD1qmJtJBjOvtnyZuTgtawO1uIShtWbZVqxMd5BjKWCHCo25TZ8V9biUEXCySfHbUnc9W5zieEYuzWcXREREYlQACwiIiIiIiIiIiLbhBpBYzDvF5JtlR0/kNyC3Z9rMCSrZaNrTmyu41msNV7v5uCzafgJsQYS5PoBvMHBkmMhYdytI1wXERGRFAqARUREREREREREZBviB47GVPvwa2iDzDPodxx8X20vqbW3QYxZS5hpbSTsDEqQg2A13fZplm0i3xjrtYSu7zzgulgLxgXjgHUwrvEqj+tRYmyCFtXBmi1Yx+JYMCaO6+R7gbDZXAm2iIiINIYCYBEREREREREREdkm2DB3dfwAFe9zLDpbF4xrME6QXgYPShPUWoPB8e+JtmFOl5YGYXEsuY2xtVbAGq8/tT//Fy+IdU21INiEs4GDlTaaDUqOLdbYeo5BDuYme6FvJAHGNRaLwViLMYmmb1stIiIiTUIBsIiIiIiIiIiIiGz1gvzSRm8JglU3Uk1rvNDTYmttA23wWkUb68W61kTjzBjJPs3B9i7gYkn495n0pcWZ1m8Ig16vStf4c4stxqntkfVkjBeQ+1W8OC4Q84+ZRWRrwTou4IAb8/eRDIVFRERk66cAWERERERERERERLYxQakvqSFwLBLIGrA2CC7Tp7Sun+FaHAzGG5UbVvqmtje2wT6xWJPAWAdj6zH/NmhTHQmqk08i+GT8iuLGh62Otbg43nFd//hZrte4xqv+Na43Rtg6/voUAouIiGwLFACLiIiIiIiIiIjI1i/TTN0gSHWMFwIbExbnpmSraSQDX9dr52wS3vc2j7ACOHiwSxigxozFsQksrldHnGkOcArXbwFNaiWw9UNhTP06NddxLIsJj1eYW07blhXJuci1PdKFNesK2Og282f81lJGLSIiIlslBcAiIiIiIiIiIiKyDYnEpKZa+OpXAhvHD4Gz2JcLbIjHWLneEre5abYJ5vNaXL8M2LGWFvkOO7cw5Bi3znjUmPD/klmqg1+CTCRjrX3Flmgr5iziYuPiYOnffT0TrmhLu4K6e00v32A58/pVzF/RCRs0yjZNF02LiIjI5qcAWERERERERERERLZ6NghIrYmEqdYPUiMbBnN18XNLa7AmCHGjvIpb1xreXRznwufXs3pTvhd6uvjVufghrV+p6wIJg6GK4X0tD/26NS3z0qwVi2ssjvVaOrsO2JhJXaslrPz1+iz7azLWbwMdWal/t3efixOz5LmVuMbxJxmnMsZiLLjGkutYmufG2bm1S4fCugJmcGOG3BzXm4lsHcKgWRmwiIjINkMBsIiISAMlEglisdiWXoaIiIiIiMiOyyEyA9i/zSZvrx6kpmdxTQ6bclqwKdYMa/Hn5ZKcneumzhw2bhVVpgLSxq8ZBFXAwVqDbDV4Dsnl1Ahak5OMDXt1dnjwMhfiFkzCr2GObOsvPWYtCePgWEPHVs1pmVfPBLdpRhGLiIjIFqAAWEREpJ6Ki4u5/fbbWbBgAaeddhpjxozZ0ksSERERERHZMfgzeC02faAafjZ+kXAyOk3HVA+Jg1bMQfjrVxNj/O+D+x3jVdnWpyI2GlQHjzPWn1uczcNdwGWnNjD6YPwqZwdLattq7xlbYtZicbyCadsCSNRjsSIiIrItUwAsIiLbjW+++YbTTz895baWLVvSo0cPzjrrLAYNGtToY1hruf766ykoKODOO+9k1113bfQ+RUREREREpD78ENhYr7VzNFgNP1twTJAX18oGu3RMMvCF1NnCQYYcjNB1LdZQrfa2tgMQCY/9b2wk/DXUulbjlwpbcnCxxNw4Ccebz+tUX4UNioothkpcLJgckiXHIiIisr1TACwiItudU045hX79+gGwfv16Xn31VX7/+99z0003MWTIkEbt+/vvv+e7777jlltuYfDgwU2xXBERERERke1TNGs0aW4jzf1ZDZqNbJMp/HX9gBj8KuC6k2AT7MtG0tjqlcBBf2XHYEyWPZL9SmXjEFYnp36uPfwNdmJxwVTi2BwgRsx1cJ2qGk2oDWCNS6XJwWCI2RjWuHhF0xriKyIisiNQACwiItudvffem8MOOyz8/uc//zlnn302f/nLX9IGwPWZ5VtWVgZAq1atmmaxjaAZxCIiIiIisrXy6lVdjPXqUF2/r7JJl3Qa68/dDbfybk6716AXs8Xgh6omsnEY4Pp7CDpAY6m1X7MB61QLYo0Nw97q84WNPxvYWJNsEV3jaRn/8NXC6mjiG4TLJtKtOiMHY/OwGKwTx1jv/BrrpN06Fvy/dbx1GlX/ioiI7CgUAIuIyHbPcRyKioqYNGkSAIsWLeLUU0/ljDPO4PXXX6e0tJRp06YB8NprrzFx4kQWL17MTjvtxPHHH89JJ52EMYYHH3yQZ555BoCLL74YgGnTptGyZUvWrl3Lfffdx7vvvgvAT3/6Uy6++GIKCwsB2LBhAw8++CAzZsxg06ZN9O7dmwsuuIDevXuH6ywuLubBBx/kyy+/pFmzZvz0pz/l/PPPp3nz5gBcd911rFixgm7duvHaa69x3nnnMXr06B/nJIqIiIiIiNSDtZa4cTAYclz8xNTiOjWrVR3Xvz0ITB3vtvSBrfHy0jBTtcm2zEG1LnghbVilW3fVaxiNmkhYS7WQNmV2L2TMVP3H+oXIySM4eA8w1QJhN1hnUL2bfp/JQ1sglrKWmpzkzcatbUMRERHZDikAFhGRHcKKFSto06ZNym0vvPACZ5xxBl26dAHg3//+N7fddhvHH3885513HrNnz2bChAmUlZVx7rnn8qtf/Yq9996ba6+9lquuuoq9996b5s2bU1lZyUUXXURlZSVXXHEFGzdu5MEHH2TDhg3cfPPNANx11118+umn/O53v6N58+Y89dRTXHrppTz77LO0bduWhQsXcsEFFzBgwACuv/56SkpKePjhh1m4cCH3338/juP9RWPOnDm0atWKq666ij333PPHPYkiIiIiIiJZcqyDtQ6ukyARc71ux67XnTnKBRKOwbEuxjpYHFw3c9dmU+0b66SbAZycq5s6gDcNGzmW42WzNtjeiTzer/wlcpOpXjFcK5M6AzhsK+3fHVQyi4iIiDQBBcAiIrLdqayspLy8HPBaNr/xxhu8+eab/OpXv0rZ7sILL+TYY48FvHbKDz30EEceeSR/+MMfAMIZv88++yyjR4+mXbt2YVi8yy670KNHD8CrAv7222956qmn6N69OwA5OTncfPPNrFixgk6dOvHhhx8yYsQIjjrqKAB69uzJn/70J5YsWULbtm157LHHaNu2LePGjSMnx/v13KVLFy699FLeffddDjnkEAA6duzIHXfcodbPIiIiIiKy1bJY3FiCWCKHmBsjHrPErPUCXmPAGKy1GGMw1uJYF2sNVU4MjCVmK/ES0fT/3eP6x7DWr6at3qo5qDKO4Vfb2lq6P5uUilzr+PuyfiochL6un9RG5wsHPZuzCW6D8DcWaScd7DO7ImURERGRrCkAFhGR7U5QdRuIxWKMHj2aMWPGpNzevn378OuFCxeyZs0ajjzyyJRtfv7znzNx4kRmz56dMlc46n//+x/dunWjS5cuVFZWAtC/f3/Aa+vcqVMn+vfvz9SpU+nYsSMHH3wwnTp14t577w338fHHH3PMMceE4S/A/vvvT9u2bfn444/DALhNmzYKf0VEREREZKtnLKw3htUWTMIhbvxA19pk1as1Xkdka3BI4FpoYWAnYl7AWsv+LcYLeqNVtUGVbqRVczAKuFZ+2GtMEOYGD4iGwP6sX79y15upm31q63Wi9sJoL7TGW384nziybdZ7FREREUlPAbCIiGx3zj77bIqKigBo2bIlXbp0IS8vr9bHrFmzBoAOHTqk3N6uXTsA1q1bV+tjFy5cyJAhQ2rcFzzu+uuvZ+LEiTz77LOMHz+ePfbYg9/85jccfvjhJBIJ1q9fX+PY4IXUpaWlta5dRERERESkobyY1WJcv9TV+EFntD0x+PmnjXxbLaasFmBWWYdJq+LcsqCK9Ylc4iZOLEFQvutlrn4Y7ALWGvKr4py5G9zQrxn5biLDekmdh+uQrPyNLsBEQlxrvcDYpAtXI72mg2A2qCh2I1s7JtlaGq/q2MH6LaAz9KtOXXUkBCYZVEMYPNvI1gqBRUREpDEUAIuIyHZn9913Z8CAAfV6TOvWrQFYu3Ztyu0lJSUp96dTUFDAnnvuGbaOjurcuTMAhYWFjBkzhjFjxrBkyRKeeeYZrrnmGiZMmMCAAQMoLCyscWyAVatWhWG2iIiIiIhIUzMWjJuD64A1VVhiJJwYrj8YNwwiDX5qW1ONKbsWKjFUxFzK8w3rbC7EY97M3Ej1bxAG43opcKWppCI34c8JTh+BWuOtylhvbdZxU+fqhk/KJh+Ag4G0FcXWGIx1yTEWx7GQY8L1hCF4gmSobBIYbNhe2m8CXWO1KV2djcUNAmgHbLBOf//W4rfGTr9GERERkfpSACwiIgL06NGD1q1b88Ybb3DQQQeFt7/++uvEYrFaA+V99tmHp556ik6dOqW0lV69ejVt27Zl0aJFXHXVVYwdO5aioiK6du3K73//e6ZMmcL8+fMZMGAARUVFzJgxg3PPPTds8fzJJ5+wdu1aBcAiIiIiIrJZuY5LwnGxGD6tSDBlfQVl1mBdPwAORtX6aWdQCWz8z9aayNxc73PcWoor8thInj/O16+WtY4/+9ZGZvYGgakXmUb/vzoTSVstYIzxwtgEyRA4mAHsLz4If6vv0fprd4nRPN9lQIeNrNrk8l1ZjB8qmiU3Cqt/LbEc6FpYQYf8OHu0dYkZJ+Nawx34XZ+t4314Jz1ZoWwckyxYVumviIiINAEFwCIiIkBOTg7nnHMO48aNo0WLFhx00EF8+eWXPPXUU5x66qm1VgAfd9xxTJ48mUsuuYQzzjiD9u3bM2PGDKZOncrzzz9P165dycvL44477uCcc86hbdu2vPLKK8RiMfbZZx8Afvvb3zJmzBiuvPJKRo0axZo1a3jwwQcZMGAAP/nJT36s0yAiIiIiIjsgYx2MC+AwrzLBxMpmfG9ykjNvvR7NXmhpTXKOb1DJ6pqa21oDCYO1QRltJJQNAtVICBxsZrOugg0ej5euOpGq3WAGcHBfhj16obMlBuy3k8NTxxbwQ2Uut8yM88I8158zHHm4hcKcBBf8BE7tU0huDJrHqmq2w8603DDkDfYbWbOCXxEREWlCCoBFRER8I0eOJDc3l2eeeYYXX3yRjh07cuGFFzJ69OhaH9eyZUsmTJjAAw88wLhx44jH4/Tu3Zu7776bNm3aADBu3DgmTJjA3XffTWVlJd27d+e2226jZ8+eAPTq1Yv77ruPCRMmcM0119CiRQuGDBnCeeedh+M4tR1eRERERESkUQwJYliqjMWNJUjEHFzjpM7VjQ6ojbQwNn5o6+8otRVzjsUkvFTYWAdjHNywnDgIZm34GBsEthnC0PAwFhJBj2WDF/7ayLGdyAOM9eccp9upxeBijSHXxMjPN8SB/By8YLrac8U1GMehZW6CNs0SWBPDWCfoS53x7HolwP5TdkjOEg4DazdZASwiIiLSBBQAi4jIdqNHjx7MnDmzzu123333jNsdc8wxHHPMMRkf26tXr7SP3XnnnbnpppsyPq5Dhw5cd911ta6rX79+TJgwIeP9te1fRERERESkIbxCXZeYjeHiBbSOdSLhKn7/YpKhpfErV63x2kFHeyz71bcm4c21tYBxY9iYnyEHQbIfqCb7S5NdJW1KNW8keY75x8ZbmzEmnNFb196sgRgJjLXeGTDWryh20swWDvJlb3awY603v7eOlYbP2dhkuBytCE4ZGpztc68xfVlEREQEUAAsIiIiIiIiIlsJ13Xr3mgzs9biOA7GGIK6Qe8OUgOqal1lFb/ItspgcKyDNS4GQw4GGyN5jQehqn+DlwW73s+Icb3qVRvz2iUHIaa13j78ubnW+CW5saCNtLcNxiTbRhuvEtiY5Bzh6mWx1lswJpp7OiTbP/uhL44N7zb+T62FNHXAhiA59u6P+ccN7vJbVYcPdMBJYIzj78eScByq92xKjWn94xs/7w6C6qBNtfFXGYTs4TDj6jv1Vmj9UmfHGqyJ/isVfWbevGWTHDgc3q9KYxERkR2DAmARERERERER2SqccvLJW/T4Bq9aMCcWIz8/n/Yd2tO5c2f22GMP+vfrT9euXXFyctLWH4psy1Lez+CP+Y0W14K/Qcx7k0QY4FoD5ITze5NZpBf0GuNgMV4+a/w02UR2aklWwwZtnLNOKP1FGltzBnAQXGc9TSfZpjkMZf0gO2XffgWwjT4mC+FpCWb9RqurrV9tbMgQ5lLtNu+cxh0XjMVYL8CvuRQXSIBx/dcpltVaRUREZPugAFhEREREREREtgoff/jBFj2+MX47W//rgLUWYwxdunThZz/7GUOOHErvPn1o164dGJOyrcg2Jyir9ePHlEpeSLZAjlkvrHSBhIONuWD9ytIggAwfZ7zg0RivyDcPb2hv9ZbK0dDW9Xsr1xXaVn8HhjGR2b9+hXGw7mx/NlNKg01qm2Yblv8nZ/dWD8ezZfD2G3CTO7GOHzYbmzZXtsZ/dWwCQwxcB2Ojj009kMHBEidZ5WyS1dUiIiKy3VMALCIiIiIiIiJbha0hSE23huC27777jqeffpq/P/ccnTrtwvG/HMVvfvtbmjcvxHUtjqMKO9mWhf2b/S8jqWgQsFpwrMVxXIwLThxcXP+NE6nBpQ36HluD63iJbxguV6/SDTtMB1W96do1V/8+OTs4aB+dDIEJ5+16bZIbcC6iYWkQNAeVyql3kDaxTbN240TC9aAa2LXg2iz//bMYm4c1LolYJcbNwbExLIl0R8ObgRzD4OCYKqw1fhmyiIiIbO8UAIuIiIiIiIiIZMtCVWUlSxYv4t7x43nllWn84Q9/4NDDDvPmgm4FIfZWr66sTKdwC4iEmGE4aZKVuni3ORb2yYszvFmcVq7FtTESjut1MLZ+0a+/p4S1fLQpxitlMSrdXIgZv7i1luHZkc7QWS87pSI3CKz9PTimxua1CWLqlEpm8MNlmwxt/dm70UNnvV7H/8Img2pL9Xm+aViDxcGaCtZVxvhqOSRsAmPd1Fnl/hfGelXD1rrErEvz/AQ9u+SRp/epiIiI7BAUAIuIiIiIiIiI1IM3K9gLf76aW8wfLruMM04/g3PPO5/C5s1TtqxHlLVdsdZSUrKK6f95hbVr16bcZ6p3qw0e438ccthh9OvbD+MoUP9xJIf3GtzUNswOXlWu3/o45ibom+NyTkEOO2NxDV474urluhYqDLRYb3irzKUiqKaNkaz8Bb/lsQuuxXEdcBJYx+K4JmOwav2fP+9r680fDpNYfy6x64efxqaMMDZp64q9Zx50ffZC2khFcSD43gSPAKzFmgwhsIXoIGLrRGYrB+GyYyFBOAPYcf1gOM0yTRDqEqN4OZx1fwWlFYW41sVxDdb1HmeC1wuLdcGSwEnAft3X89jl7dipRYYTKyIiItsVBcAiIiIiIiIiItkKwx8TzgZev66MRx5+BIvhvPPOp1lhgR9c7njhb3BOjDF8s+Ab/vzAn1m5coV3H5HOwpkeb6BFy5bsvXcfchy1qv1RhJdq8LaG4Ha/DbIbmYfreG2FY4CDwVjXf0SNtJJc69DZJjggVslaE8e4DljXC3Bd/zoIsk4XcMGxFXTPycUhN2NUm3b90TbSeOGtsd5ao6N9a9tF2Hcaku9SSAmB/cDWGL/SuK6f8aANsxdKey2gSf4QGOOHvxCkyCZZIpx2d9YArkPcwqqKZqwrL/DuC4Jjv02399l6c5eNi0lAacUmLxcWERGRHYICYBERERERERGRBvJmn0JlVSWPPfYoBQUF/Obss8nLy9vCK9tygnOyfNkyNpSVhYGvE1TzZgjiwuxt8y5PshH0dLbUqIS1xmRV3B4zcY5oEeOggkISxsU1gImFwa/x486EcbFYclwHY/MoNABxrMlcBRxIyWIh9eLxQ9z6Z57RkJfI8w8u5IbMFI6ui2RgHTNhaBuGw9nuJqhUtiY59zh4vL//4CXMWKUsIiIi2y0FwCIiIiIiIiIiDZDSnthaKjdt4rFHH2ZgURH7H3BAWAm7IzHGhAHwNwsXkkgk6n8O/PO2o527LSfSJDmoMk0p1fYDxrACOBkqBg9Lu1drKTBVFMQcXAdiiRwc1+I6qT3AjTU41hCPJXBNgphfHexGZ/DWunxTI/jEegWwNWYKZ5mEGkiGq0EX5yAENsbPhjP0Mq9rn07w5ILyZxNZYzbRcmRLx/8qYZKzhV3/yRuL9WcgG+u1wxYREZEdh3rpiIiIiIiIiIg0AQOUlpbyxOOPsX592ZZezhYRhL/xeJzFixcRj8e38IqkfiJV2sEs4OjcWuNXv2YTfNo8rM0jSJWrYnHiToKEcf2PhPfhJKhyDK6JYWzMC5ZtzGvhXJ9lV68CNv4c4Oz34i27+j4dapwPb75wPXccPY/RfRqbep6z3JeJPqb6GmMm0mra317vpxAREdmhKAAWEREREREREWmksK2tNbz99tu8PWMGicSPGH7a7D8y3dXoY0eUrVvHyhUrcF037UO2dhlPXz3O87YyAtr6/0tZryHZBjkluDSYsK+wDSuBaz5Vi3GqMKYKx7rkuoYc6+DgEHNTPxxrMCSIuZaYX7nq+iFrphWncPy1OqZasOot2mR4WJozkKwYjoaq6b4Oy6Az7zPtnabmh/GrqnGilcC1CHpeRwPfMJyOhsnJ108V9SIiIjseBcAiIiIiIiIiIo3lBywWS1VFBU8/PZF1paVbelU/Oi9kspSs+oFVP/wQVgTLNsDvShxkh+FtkfDTGi+gNZGYMv1LnExLXePgGpsMYmuEoH44aYIOzQ7GWGpOAPZC1WjlbdiuOphZHJndmy6/zlhhG25gMTj+/kitgg6+DjevI1A1rr+N14vadQzEqBHU2kiVbtYNoMOAN7L2aPjrUCMQt9Vab4uIiMj2TQGwiIiIiIiIiGxT6luEWe9izQZWcHrjPL2EZf78+Xy94OsfLwBNU1mY6SPTXU3BWosxhsVLl7C+bNttg53x9NXjPG8rYVvKUoP81JjUqldT7b40+0i3Z0MQ7prUg6U7R3WmtP5m1SuVg7AzGlZHPzdU9fDXkLLPbH+yTfXvHFNtvd65NtXPR0b+P041nmtknzUqg2uuRERERLZvOVt6ASIiIiIiIiIimbiuS05ODgceeCDHHXcc+fn5YIxXKWiqpUf1HsrpicfjlJSU8Pnnn/HWG2+wvmw9lnQViNnbsK6ML2bPpqhoELFYrMnarwaBcrC/4PsgeM32ONH9REPqplin67osXbKEDeXljd7Xj616YB89P9mcm0yvz9bdfjd1bW40RLSAG/k6QUqlasYuzZtZUFebfEeDH4gGaw0+B1Wy4Q0ZWCKnwfrtmIO+7v5xovuN7KquVzZcJ0GVcrB/wLXJJ1OfS6RaGB2+PsE+IXkM61Vpm3qE4dFTISIiItsmBcAiIiIiIiIislWy1uI4DolEgnfffZdvv/2W4447jp/+bAh9+vUjP7+ZX1jYuHDNC0+9rGPTxk3865//5C9PPMGCr7/GS3yyUG0J8Xic2Z/NprKigoLCwkatL53qAa5jvATIWpt1mFQ9/A3229iwMpFIsHzZMqoqKxu1n61B9PxkW81tMOF8XNg8IXvTM6nXjan2dSAW3GAjIeyPq0ahbBCEunitmyOBtTefOMtVhtv7glA1uLF6hmwsxhqsNbUm4Sn/RIWLD0LgZEibmrqaWn6OvTuCwmobfSGCSuBgveCdE2uw9a2GDpZnt9QrLSIiIo2hAFhEREREREREtlrW2jCUXLZsGQ899BB/fWoi3bp359xzz+Woo4aRl5fXoAw4DOVMMudpVljACaNP5Gc/+xlnn/1b5n75RYPXXjxvHhs2bKCgsLDhwWqa3CURT7BkyRK+XfQtSxYvYdWqVaxZXUL5+g1UVlXhJhK17i5oVR3LyaFt2zbs0WMP9hu0H3v17k1OTiP+VOQXM1ZVVbF8+Qqq4vGGR/P1acHdFHlq5Fjl5eUsWbyEb7/9lu+WLuWHVatYV1pKeXk5VVVV4Nb+poDgdc7Nz6fDTjvRq1cvBu0/iN133x3H2QamsQUhqAmqVv3boyFjFlKCV5vcV+bKeuu/7IZgxnDdc3YjHanDENh4VbANPtXG36/BRo8fBMKR3NZQ7XlGRW8Ofv4dkzyvkKw0rle+apJrcIxf3htZo5vczDsHJtIGugkoCxYREdkmKAAWERERERERka1SEKRVD043lm9g7pdfcNnvL6HnHntw/KgTOO74key08871Clmrb2uSd9Bh5504/8ILuHzsH9hUXu5lV1nuO9iuZNUqfli1ivYdOqQN/qJVoUuWLGbRtwtZs2YNJSUllJSUsHbNWtavLwuD3Xi8itWrV7N0yVI2btwYrjXxtMLGAAAgAElEQVRl7Y3QqfMuDD3qKH4+fDj9+venWX6zlD3XeP7WsmzZd5x7ztl8VTwvJRfKepxpmsfcfMMN3HTDDXVu3759e+4adzeHHH54+PjU5XkrqqqqYsGCBaxY9h1r1qymZPVqVq1aRWlpKevXr2djeTlVlVVUVVby/Q8/sGL5cir96uXGVOuG58NacnJz6dWrJz8ffjRHDj2KHnvsQSwWC1e9JYuCbdCaGJKBp7F+5SjeEl0Ag7EmOb7XGjCuH4BWSxitxViwxuA6lpjrYE0ci+MfyiaDZv9EWZMssTXW4tYIi70jRwtSLRY3mFds8cNfbzdBLmps5HHpWrsb463JWP+zASeBjfnPOwhUrb+GSOWuxU3bW9n42wbHtMbF4nhVuI71+2z7/DUbp46fZQsGi+s/WceAdVwc16vutWHFr7dm47+GXvtn15/FnGnnNTnBTGETnuzUtSgIFhER2aopABYRERERERGRbUpYkOi6zJ//NePuvptdOnfm6BHHNGl73cMPO5x+/frx8Uf/w9osW0FHlJWVsXr16pQq5uqMMbiuy8SnJvLCc3+nvLychOv6bWOTUVWm9sNNVtRnLSuWLeepvz7Jiy++yMiRI7n0ssto1apNnY9N1ym4sbLZV7bHW11Swi0338ysT/5HvCqO67op3XXrO341W9H9J+JxiucWU1w8j6cmTuS8Medz0sknk9+s2WZcQQMZP4wMn0Ck4hQvu6w7+zNYY3FcS45rcY2LxeC4kTJaW+0Q1iFGAqwlbmJhKJvCph4jpRo2EASgTv0Cz9TlO5EqW1LnICffKUKDDhB9WEpVdd37s0DCcSnItezdqYw1lbCyNEZJeX5yH34e74XDLp2bV9KhoIo9OsTJqcdybTCrOGwbQDYvvIiIiGwltoG+MyIiIiIiIiIiNQWBqptI4NbRlre++zXG0KyggOHDj25wW+R4IkHJqlWZw1t/NqwxhsqKCjZt2oTrun4tpdfaNV14HKyvyVj/eK5X/1letp5nJz7N786/gK+K53nVnE13tB+N8QN013Wp2FRBZWUVruuGtwfn0MkQzDfVOQ5eZ2stuJaS779n/P8bx5133MHKFf+fvTcPkKSs7/9fz1PV19x7zLInsCz3jSCieCAqikISBQ8QjygGr0SjYsw3qPFEJV4EFRKNP0HwJF5REAQ5jKIElkO5d7l2lz1ndufsq+r5/VH1PP10Tc/s9OwuO8DnZXq7u7rqeZ56qprU9Lve78/66deo3ZW0sm9r+zANR7BuuJWT0ritRUujEgGxHkA1UFTCmFgpjIqJtEkfEGuIdSIQR0pR1YpqYEDVmVptbGQwK00iVGobdZyM07jn7A5OE+sstnNh3bBul9tvU+m03XRsbk51s5G49ZmnCGJNLg45aoHmqvfP5Zp/LPCaoyKUihv7HxhQMRhFMad418sUN36qk6+/q4+5pemP2dj9tw+x/AqCIAjCUwpxAAuCIAiCIAiCIAiC8NRnF2ToKuDwww+jUChQSyOB22VwcHBSAbhVj348rbLuRvs+G1m9s/c5094fb7mFj3/sY3zxS19i8dIlTz0ROHUuKr+mbCZWfLKY8Z2Naz8dz9joKN+97DuMjAxz3nkfpaevd5f2P+XYcENruDxtXLAT/ZTnglUZN2grETj5cEsccm8dxrQhwjPQWvevSUKNYxS5GAIT0B9qjshH29UbXZloN07V7NC14u9MhMus89d3AFtBfMaiso1UNo3IaqxQPbkfPFZQC0GbGKUSnTeMIUR547HCeNqPNuRUTEiUDnt6rujGvHr7HWePuyAIgiAIsxkRgAVBEARBEARBEARBEFpggJ6eHorFAiPDwzNqo1yptLfBblBZzWR9Grj9ttv48he/yD//y78wb/78WZVU3C6+lrn7BpE+myTC/Npf/5oD9t2fN77lTRRLpd04sElwQjANITQt3Ntw/05UBBUQofhDvc6/bKuyRuVRUdDYLjbJiReTCItx8kkY1/jrDvjGwhwFW8S3RdsTFjhVuXlMzlXbFNs8CcZrzrl+07GCE2qtmG/87aZzTrl5VE3t2Tq9Vr+erEmFIYwhMIpIGZSJMDpxTjuR1piGWB3FoOM0XhuMilDZWs3bHatpCP5NOy06sCAIgiDMdiQCWhAEQRAEQRAEQRAEYRK0ClEqTCOZ29s20aTiJgfwpL7BWammGIyJuOaaq/nfm29ykdRPRWbo19zljIwMc9l3L+Xuu+9szK3hSR2w68rYhGOr9jVilhPdME5ERBV760ylfhqMVlTCPJWwQDkfUs7lqAQ5Krk8lTBHJRdSyeWo5HJUgzzlsERd51DEkzh3jdOg3Qi0oSmuOkheq8A6Y3VjByfZ/8Y8pNHrylvqx2ErhQlsvLgVwbdnVU7UVOPa8NtrPEyQPE82m8mxMcReBDdGYWz0c1N7BgKNUZpYp85f9PRPKUNSQxnbno2XTtrW2mBnYFZ+sQRBEARBEAFYEARBEARBEARBEAShFWpSKWYGbe3iiOEdQU3ysJTLZa6++ioGBrbsjuHNnOyOtEoqngWsW7eW31xzLZVyefcJ7K2ER+X+aThXtWpyqipMw3Sb2digkjqytp6y7yS2bbass5v0NakzPTNEF5Xe1LZqS5dU9l+VtqdthLI3Tn+s/jaTkrWcO4WdpohtKwCrxv5MNqfJvDb37db15yAdp1JW1lYuJbstWgjVKq2vPBsM9YIgCIIgTI4IwIIgCIIgCIIgCIIgCMKkGGO47bbbWLVqFXEcb38DoS2MMfzp1lvZsGHj7h5Ka/ybF1Tm/XQ394ROoBGvbJel7le3fBrqrdOnfYHSE4PVNNOOJ2/bir6quR/NJO7kabasUiFY02g7iQtorNaueu2PzVtmrLhMe/c/NNUA9l/7x8hfTxAEQRCEWYcIwIIgCIIgCIIgCIIgCMIElHVuAoODg6y84w6q1epuHtXTAzu3dn7XP7GeBx98MP2Q9tS6JwOlQOvkoTIp1VPFVZuktq/RykUzN8RKkzw8Ebjh+m0tAjemxSTxw1nXa2Db9ETWtvfVb9O2k2lvehr1xIZdXHUmWlqTRC63ecyd5u3HQIc4kVqp6TmpWzZsj5E9br7QHKgmIVgQBEEQhNmHCMCCIAiCIAiCIAiCIAjCpCilMMZw9513iQC8ixgdGeHh1auJ4vgpUFK1XZXSc7lO+rCC6PRE0EkjkPFe6yQC2cy4oLJpFj2bXLbtC59uzNZF7TmXE9PzzN31xheT8cZq53Um+I5qnXm0ci0LgiAIgjCrCHf3AARBEARBEARBEARBEJ6JGGOcuJoVU+xnoNBa09PTQ19fH93d3ZQ6OyiVSuTzBXK5EK2DKftRwMDAAHfeeSfDw8O0Vx210cqGjRuolCvQm44x/SQmqfdqXZkKBcY0YnTbIJkL1ehgCj3QWEnNtI6itfV0/bq6xllWG8J2vlCgp6eXnt5euru76OjopFQsksvnCXMhWk3tn4jjmCeeWMd9997L6NjYjMy7UVRnYMtmqtUKpVJHm1s/eVj3bVIf2wqWkxeXNS6GOF1He5vYzXXjtVITvws+jR69/vxzTHubRsmRUK0L6k6C5yzWns3X9mGdwJDu2FTfJdtn40RWWdesFVdjf/XttesHOitQMU0FfgOTtud9eWZSs9c6n+O0TztulQzRjXAmtYUFQRAEQdjliAAsCIIgCEITdz74BGs2bmPryDjbRspsHW48u2Xe+02DowDM6+2gp7NIT2eB3q5i+rpIb2eRuT0l+ud2sf+yfvZZMpf9ls3fzXspCIIgCIKw+3HiL3D0s48hlw/J5XL09vYyd+5cFi5cxNIly1i6dCn5fN7fkNjELj7YttUKY0xiAlSKhx56iHPO+Tsee+ThGY13fGycSrXStKyjs4uTX/kqjn7WMSQikaFarfKH3/+eJx5fmw5u+n0opXjW0cew7377o4PWQpg2GgOUOjpYtGhxut3kbXZ2dvKKV5zMkUceRbFYpK+vj3nz5rFo0SKWLVvGwoULCcLANdIQ37ePrYkcRRH/feWVfP7zn2No27a29DClFFEUMTwyRFSro0ptbLwbUSpOtdDWKr3z3dpat1aId8Jq+hwbT6xUU98zYE8Jq30CJjAQp+1bhTh12CqlmgT56d764ERrpRsbGSDCxTerqe5OcL3GnvNXeaKqFZQbc6G1bwn2FeHtTIB15dp5jNJ2MShNesNH3J5IawXwtJ0mzdko7/shyq8gCIIgzFZEABYEQRCEZygjYxXuePAJbr9/LXc+sI47H1rHyvvXzbi9LdvG2LJtbNrr77NkLvsunc++S+ex77L57L9nP8ccuJT+OZ0zHoMgCIIgCMJTCd+Zeuqpf8Wpp56aWcNG3KqmdcGkYlGzyzUrWrrPFGAMK1as4PTTX8tXv/wloqje9jjrUZ04ao6p7e3t5T3veU/T2IZHhvnQBz7A2rVr23LDJoKh4VWnvIozzzyLIAwwLSQ7lfEwO9fxJPT29XH22WenGyeiWfN82lq2zQ7sZHU1qSBsTHIcjDGEYcgpr3oVt976J/7n5z8njqJp7nXSjsEQx3HL/X0qY9OOnWs2+yE0u4Ld8u24YE3mU+tUtW5anaxgnarTn1XVEDqtaO07XNN6uLbNtuVPrRrxz9ZZi0odujNutSEEG5L6vLFpTL5udtRPu0nPZOz6gEYEtCAIgiAIsxoRgAVBEAThGcDGwRFuu28tK+9fy50PrmPlA+tYtWbLbh3T6rUDrF47wDV/bF6+Yuk8jj98b44/Ym+OP3xvDtp7we4ZoCAIgiAIwi5moqg4uaoymSN1KqfqhM+MYc9ly8gX8oyPTV8Adu0YmgTKCYJzsjBZ3lbsblNvoFTqwFQThN12JLKm8WXGOl2H71Tr2uVWJO7s7GKvPfckzOWotiEAq6QALObppf02jlF6OpgJH6biaqyaBdwJDUyOPU9AtRaBZyhUOg2atD2TiqomjYC2jzZucTB2desADtJxes5oMyPx1zQLyibtg8TA7CLP22zWuJrCVkVviNUNZ7EgCIIgCLMVEYAFQRAE4WnI6HiV3962iutufZBr//Qg9z6ycdrbHrZiIUftv4i99uhmyfxu5vWU6Czl6CiElAohhTAgF2qC9McE7bkiYqOIYkM9iinXImr1mNFyjZHxGhsHR3lwzSB3rdrAH/6yhtHxasv+V63Zwqo1W7j0V7cB0Ndd4nmH7cXzDk8E4RcetXwnzJAgCIIgCMLTn6yh0gBK651v3vM7MqCMRjF13dztNbc9odfQwlSaXdlrwEyx2k5Dgd4V8/sUxcmj9h9brDm2rlobg+zXrDUYpTCusHMz2ShnBalIaZrr6Fo3bFZ4ni4TdF3TEEOVt6yNo93kqM3W/bWCuK0/PBMjsBO+SeY4deq2WYYbO5IJDmAbV60yNYAFQRAEQZiViAAsCIIgCE8Txso1rrhmJZdffTs3rdx+Xbf5vSVOfNZynnvoUg7aaz6L5nXSVcxRr9eSGDov6s6+bkTgmUakIEnts+THLkOoIdSKQhhgjGZeV4jWnbBXHy8+YjFwCABBGFKtG4bH62wYGOWhdYP87Hf3c9PKR5rGuXV4nF/9/j5+9fv73LI3nfwsznz5UZz0nP13zuQJgiAIgiDsbqZpVnSiy0yMgqmzdlcJN8oTrawpcYdIBzphV1Xzy2nvjyJ1STY7iw3WzTlzEhfv0y3AeUfIeFmVJ9k6t6r/OU60TeK4p27bj2p2/ejkyBqTOmy96Gmjpv/9MnY8kKqg3mCcmO2vNEVrfmN2H5uE2kY3Ss/gS21pEpRVEgO9IwI4qbvaj+e2DXlC+A5+bQRBEARB2IWIACwIgiAIT3Fu+fNjfOvnf+L7197BWLk26Xr7Lp3L6088mOcdspRl/Z3kw0ZknX2u1apNdc5sXTOLv1wpRRw3frnxa9MppYiiaMK2/npxFBFg6Csp5izt5oAlXbzymKWEYY6N28rc9sAGfnj9X/jdXY9N2JfLrrqdy666ncX9PbzpFc/ibX91LPsunbcDsygIgiAIgrB7sRVA/WuqOIoYGBhky5bNjI+PE0VZ1az9XlY/tGpCHd8dZkKSdZw8dqA55xxlCgFre+JWKoYZEzc1ZOe6Wq2yZcsWBgcHKZfLmNi3ZLaDQaWtrlu7puka+ZmMxrCPVpwRxDyhqvzOhDxC0BAWrfgJFHTMc3XM/kHEkUFqXp1EtTWp6pg4zRUmcB+k4rFy70El7ZjkCE3mho1ptGkUxJokotmkhYRtvLL780alNzw0eZG9MSbra2Mw6MTZjEpilf0awKmYGtMqIjuDPd/tPypO3NIBDRe0i6pO200d1RidrD9J0y3R6Q3A1k2dzoNJ47bTW4XbaVEQBEEQhCcREYAFQRAE4SnI0GiZ7/zqNv7jJ3/knoc3tFxnfm+JN7/iCF569N7svbCHUCdOXb+GmdaaKIoaDt5JRF9jDEEQuPe+COy3Y7eL49itb7eBZrHZx28rjiPmdYW87KjFnPSsJQRhjg1bx/nTPev40Q338oc/P+62W7dpiM9fdgOfv+wGnn3wMt526rN5w8uOoKezOLOJFQRBEARB2E34ySsbN2zgisuv4Morr2T9+vVN10ozxb+GC55Rtj3jierJde09f7mHyy69jOuuu47BwcEJW8xkrg1xQ7je4TE/PdAYDifi4BwMGMUH4ohHrBgJTuU3saEjNrw5jDktpwlMhDIBqWTaouXmKOKmSGZ77FILunIu4Omf8+7mA7+urq1rHRt3kI1Sngg6zbYVaeS1bkQ1k9bU1Qql2hdUkzbTQcU0opqtwDzTE9LNrY2lbtyR0fwVERFYEARBEGYjIgALgiAIwlOINRu38dXv38zFP7mlpdt3j7mdnHvG83jxkcvoLoVelLPBmIk/Zll3gtbaCb9WJM6+j6KoScD1P7PL4jh221nR135mjGla365jo6UncxNH9Rrzu0JOfvYyTn72MlSQ49b71vO5y3/PXx5u1Da+9Z7HufWexzn333/JO/76WD5wxgtZ3N+zM6ZdEARBEARhl2KMIYrq3HHHSr572WXceMMNjA4NA2lqrEpcrDsiAps0jla5Vp/++KJ3tVrhN9dew/e//33uuH0l5fFxINXHJsxrewK5MY244x0V6p8+KJQJiCARNa0um8aQO3HSmLROrcFolbhVAWUiJrPBJuWBTXZxgk7jn70awDMZe3Ot3kx7emaxyk4sVqQO+YnjnEm7rjCPvYc3FZVJReUZFQG24romLfibjlsbZzQ2/sqCIAiCIMw6RAAWBEEQhKcAd69az+cv/S0/vO6uCdF/XR153v/a4zjluSuY0xk2IgNTQTVbx7cVDfdtPGnks3UIx3Hs1rMisP9s+/dfZx3A/visSJ3t027vi8SQ/Bh0zH7zuPITf0W5rrjqj6v5whW/Z3A4+RFvZKzCl793Mxf+8H95/UuP4MNvOoHDVixse84FQRAEQRB2Nf512w++/33+7d8uYHhoCO35SJUnnO0Iz1Rh0hjD4OAAnzv/s/ziF7+gXqk2XVvuDJQIYC0xRhFgMKpOXWnqOkzimKFZM9SJvghpFLMBoxIX8ARxMVMEW9li04pU+FSpCEzy7Ny6DTPrtA6X7yy27TUtV2005m2rVepO9ly6aVPKiq7e/m2/QdK6wiaZRFtH2LU9w/rWVvy1Dmo7n2m7rl6xnQZBEARBEGYdIgALgiAIwizmf353L1/+3s3ccPuqCZ+d+bJD+btTn8WSeSXnrvUF3Kwg6wu5WWE2K+j66/tiLDQ7d/3tfRevHxdt8QVdGxndSlzOitFZITuKIoIgwBhDMTS85vn7cNoLVrBuYJxLfr6S7/3mz+l6MVf8eiVX/HolJx6zL+97/fM55fkH7ZTjIgiCIAiCsLMYGxvjkksu4Tv/9W3GR0dSPSW91mLXaCt6+6s8bRgcHOAzn/40v/jFzzFR1HKdHZ3nbAqx6MEJRsfEQBgH5JROzjudTlC2TLJRaBMRmiQ62kz5k6VVHVMfsFINcdW26zlrZ+rWdYKsjVWOU7E5KVA87bYymrXNpW4eZyq2zuTUSfRo71tt58EJuHYUbaq1vgO4SRBvtC2nuyAIgiDMXkQAFgRBEIRZRq0ecfmvV/KlK27iL6ub6/uGgeajb30Bp71gP0KdiKr1et0JqBZf6LUiqhVt/YhnoMkBEWV+FPPdw/Y56yTOOoztOr74Cw2RuFUdYF+49oVnpZQTey3ZeGm7/aI5Rf71Lc/lX856Lj++8X4+fenvqKdu6ev/7yGu/7+HOGzFQj74xhdxxklHEgbPpJ8+BUEQBEGYNZjkn0S+ivnVr/6HS7/9X4yPjoBSTW7SJmFRmDb2WnF0ZJgvfeELXP3LX0IUJ3PbYkJ3eJ7lILUkmVdFlF52a6UwtsatFVZtvHCgUhEzBoI0cniivJg4ZONUlEyqBDuh0yr57rUCnXynEufxVOKnaoiZxiRD88VZk+5RbNz6GNUwA7fYd1BNxmFDsmvEqUAbe0NSCqPTNmOItZm+s1ylrmKyInDccCurGKPaKwis8ebAWpTtuJ2wPkPVWhAEQRCEXY4IwIIgCIIwi/j5zffwga/8gofXDTQt7+0qcP45L+HEI5emP000sMJp1tULiTAaBEGTMGuF1ewyaHYJ27Zaib7+e79f6xb28QVdf/3Jlttx++7fbFs+rlZw6gwOteH1J+zHG048kOvvWMM/X3Id20YqQBKl/dZP/oBPfutaLvrQq3n5cfu3PA6CIAiCIAi7DE+H+vPdf+brX/86Y6Oju3VITyf8a8VrrrmWX/7yl1Sr1WdsBPbux9leE03WCYqkFtvsWqrp/QSMatTPxZppPRHSashTNjIViahsGgWzm3clKRo9/bK6E9pIxVrnWqYR1zxTJTV7B4OdX6f3qpk5dd32xj9ASW1hN+fiARYEQRCE2YoIwIIgCIIwC1i9doBzPncl1//fQ03L91rUxwXveilHLJ+LMTGYGJQiiiIX2ZwVVH2CIJgQ6ZxdJ1tr149ntj+UZfsBmsRZX1DOuot9ETkbM+2352+bdRi3ql/sR1H7gnEjsjrmJUcu4U/feAsrV2/hw9+4jsfWb3Xz/cp//BanPP8gvvqBv2bvRXOmfawEQRAEQRB2BJNqKZVKhe9edilr16xpea0jzAyVKuwjwyP89Cc/YVTE9d2HFXf96GMrHNqasqmV1OimTSZF0agXbNdXVki1unBA4tQ1Ju17eiHfKh2jsdHPzj1LI/7Zq9nbNnac2vuuZ2oLG2UwM/lvgY2oVungDInT2G9rJlqt3efss9+0aMCCIAiCMCsRAVgQBEEQdiNj5Rqf+fZ1fPGKm6jVG/HLyxZ08+W/fzmHL5+biqmN+rvW1QtQr9ebavT6Dl+frHjrv/bF2Fax0L4r2K7r9+Mvy4rLfl92XTt2XyjO1iJu9Zl9HQQBURQ5sdeK4f462brCRy6fw68/fxp/fnQrf/+VX7N+YARIaixf88cH+PBZJ/DPbzmRYkEujQRBEARB2PUY4PHHHuP2/7stiSYW8XfnYuCmm27iwfvvB5D53U3YWbdJx4n+a9IYZxKBUqdiZbrcEGPQU+qJWf3VtWf/JIjTznSaMN3WqNNY6XT7plhp24cVcmeCouEAtm24iGXTtFp77ZpEBDbpc5w6pa2QnRqP25oLt69WXG5evivqkwuCIAiCsPOQ4neCIAiCsJv44XV3ceDrLuBzl/7Wib+5UPP1D57Mb774Bg7bew5RFDWJrb5L1gqvfsRzK+E3G8mc/dzW2fWF11bO3Xq97vr0aw5nBWdbb9iv6dvKSWw/819n3cN2jLZdX/CdbH0/htqvaayU4rC953DjhWdy0ftfTi5M1qnWIj797es46A0X8JMb/jzlMRMEQRAEQdhREi1Gcfef/8yG9Ruma04UpkOqUY2Pj3PzTTexbdu23T0iYcLJbcVV1RAYVequ9UvUqja+FC6aOftaOdPxdEdqS/0mw7RxzTScy8pfuw280sFu393DE5xngiZxPfsOa+3NafujTYbqxOPM8bEx0DMcriAIgiAITw4iAAuCIAjCk8x9j2zkBed8nTPOu5y1mxo/Sr315CO487/O5sQjlgBMcLG2im62rlzfBeu7cq1wa5f7Lt2ssOzHKfuiarVapVarOQHWbmvXs/37fbQSnbOOXl9gzo7HH0N2v/zPs3NkseMMgqBp3rTWYAwvfdYy7vzW2bzuxIPdZ4+t38rp/3wZL33vf3D/o5u2fyAFQRAEQXgGYIjjCEO8/VVbbk0qQjUX6FQYVt52G/VabeYjmyJ9ZXvbPZ2JMQwMbGHVQw9Sr093fm0R1rjpGjV7vTplC6bxEBJM06sWdzo4N6xxycVWb2XK71zy94GNU/ddrom4mj7ssqZuWx0g33nbKEpsrPDpBNBEpFVagUrswdO/f8PbOfdQNAmsqmE1nnqUGZwz1yQPXwi3QnA61nYwvlvZ9qOtMBynUdUzzcMWBEEQBGFXIzmHgiAIgvAk8qXv3cw/f+1X1KPGDxqHLl/AJeeezPzuPMmPjMZFIfuOWV+AhYZgCo1av77wGkURQRA0iaCtXLO+ozaKIvfI5XLU63WGhobo7e11P37lcjniOCaXy1GtVl2ks41nrtVqrk9/jL64m415ztYpzjqafcexPw++G9qK3Uop6vW6G4MvStt1gyDARBGf+tvjec+rj+ZdX7yaex5JRN/f3raKI876Mhf8w6v4+9cev7MOvSAIgiAIT1FGRoepVsoztrsVC8Wm9wpFrVpl1arVxCa2C6eNvX7q6Oxg8eLFzJs7r+m6Z9Lt0rqgWwYGWL1qVVNSytOGVIsaGBxg0+ZNM66trLSit6eXxYsX09vbO402VCL8KsXaNY+zdu2appsTn5mkgqdRDSOqjTp29lHTiFlWpiG+TgOrn5LGSrvatDavWZPEFje12UqsTNZRnlqs0vE0RR5nDqey+zClk3gAACAASURBVDGNcRq8KGrfRQsNEdiAUrFnQZ66TbuKsq5frZJOYjv29HXquFapPX663wY7ZhcrbRfGdnlaCNikUdPiBxYEQRCEWYcIwIIgCILwJDA4NM4ZH72ca//0oFvWWcpxyYdO4dn7z29ywVqh0oqlvhhsyQrBVsS14qiNQfYdu34NX621E3qhEZVcr9cpFAqMj48zPDxMvV5Ha83w8DBDQ0N0dHQwZ84carUaWmuCIKBSqTTVIbafZevyZsVdf7ld199v+z4rImfb8B3MdgzZ9vzXdn0rmi/sK/LTT7+aW+7dwDsu+CWVap1aPeL9X/o519zyAN/9xBn0djX/cCsIgiAIwjMEBffddx/j4+UZN9HT2wv41yWG0dFRhoeHZ+YWVbBk6Z587OMf5/jnH08+n0/a9euUtsIkotBVv/oVH/nwhxkfG5tB508NRkZGGGtn/6zolsb+Pv8FL+QDH/wgBxxwILlc+tPZVCKwpzN+7aILueTiiynbc0Z0sanx3KWmqUbt9CYu0d3TdTVJ7VtL6gRu/pptv11j19M0BuSZXXcotd13Ksd4Arj3mFG76Yh02onVp63QPoNxKhtVbfVdO07N1N8HQRAEQRBmBRIBLQiCIAi7mFv+/BiHnvnFJvH39S85hNv/820ce0B/kzDpi5NW1LQ1frP1cv3Xfk1cu8wXSSERea24Wi6XiaKoKUrZCqdr1qyhXC6zZs0axsfHeeyxx7juuut4/PHHGRgYYNOmTTz++ONUq1WGh4cJw5BisUg+n6eWxhj6Qm02mrlVPWN/7HZMtjax3f9s3d9stHO23m9WTPfbhmZROo5jjj2gnzu+9TZOe9FBrp1f/f4+Dn/jl7jtvjU7cAYIgiAIgvBUw14vVCpVrr76aur1+oyik7XWzJ83L1MeI0krqVWrMxpbLpfnnHe+k+e/4AXk8wWUSlUe5StILR5KP6UiimcacQ1QrVXdte/0aMxTd3c3Z531Jg455DDCXC6J+lWaqedWpXG5pLG4wrRwNWtV8987RuEmdBJcqLQC49endTHI/mPKpiY0rPx6v65Ob9pWGuFuBdBpN+1uXrWnkzdObZIavja22u7gNMZqbA62Vo3452y93hli/LYCmusK76hgLQiCIAjCLkccwIIgCIKwizDG8PnLbuBj/3ENkRf5/O3/91c876A9wMRNd6xnhUorXvpCqnWttnLS+v1m28sKyPl8HmOMi3hWSpHP53nkkUcol8v09vby8MMPs3LlSlatWkU+n2fBggUcfPDBjI2N0dnZyc9+9jPmz5/PggULOPbYY+ns7KRer9Pb20ulUiGfzxNFEfV6nVwu56KirVjbavy+I9iPpbZz4u9Hdlv7w2r2OesWtnNo2/bFYoXhM28/npOPW8HZn/8fANZs3Mbzzv4an333yXzwzBfO+HwQBEEQBOGpxx//+Eduu+02YhPPSOfo7upi7tx5zUKkSq5rYhPPSI3t6OhgxYoVhOHT+yedHdGVzITo32luB/TNnceixYvbsky43lTjvdAGNr24ze+DW1upiSfMBIFyexZ5b7s4/Rst6wCGRGiFhrhs2jhTlRWtTWsHcGYYbWHrB/tx1dapawsst9tkOq3Gbq9VGqvdGKDov4IgCIIwe3l6/7UgCIIgCLuJzVtHef2/XM4Nt69yy/ZZPIcfffI1dOSS91kR119mX/vLs/jb+7V0mx0mNH1WrVYpFpM443K5zLp16wBYvXo1V199NatWrSKOYzZu3NgkoAZBwEMPPcRtt93G3nvvzbp166hWq4yNjaG1JpfLsXz5ck444QSOPvpourq6mDNnDoCLkbYR1H7N4GyNY6BJ+G61z76Ya5+zc5EVfSfrL1tr2L4+/uA9uO2bb+e0867kkfVbqUcxH/73X3LtHx/ge596I3N6ShPGJgiCIAjCk0/z9YLx/p12CzSyTcHl0AJD27Zx8TcuZnRkdPqNZtabO3cuCxb0T7gZz0xXjGqBUgqdXk81dd3i2sffZqZu2hmRKqLTrsHbJLIl5U2MWziducruK42iq21Oc6ADlJ6o/raav6yw/6RgjDddypbPTUTFabqPjQFlbN1bg9EzPx93Gk6sNe7YK9N6n/zvjzMKWyHVFz8NLYzE6UK3TNmlmfGYZvG46Vgn2yvrVLYu3Gw/mMSenM61whr1VSOiOU7/+5O6eGf0LVXpP16ctkM3t9jWkVZgbA3gWDWcxrE3H9npFARBEARh1iACsCAIgiDsZB54bBMvee9/sG7TkFv29lcdxUfe+BziTEyxT1bI9F3AVoy1tX4hEUqtuGrbsk6QWq3WFL88OjpKR0cHhUKBRx99lEsvvZSNGzdSrVbZtGkT69evJ5/PO4E2DEPiOHZ1gsMwxBhDLpdjzZo1rFixgrVr1yY/zpmkjt3dd9/NvffeSxiGFAoFli1bxpvf/GYOPvhgKpUKnZ2dAORyOfcjqB1fFEXkcrmmuGg/ljq73Bdys2Tn0O6L/SwrkmcFZ/vcVdBc/YXX8unv/pHvXnMXANf+6UGe9ZavcPVXzuaAvfq3dyoIgiAIgvAkoYiZoXSCMXEao5wINnEcc9MNN/L1r32Nu++6Ky2p2Ya8YRKJxaA44ICD6OzsbCGCKrdeu5J1eXyctWvWcOSRR7Z0AU92E5193rptW9O11c5mR4TmVP/jkYcfplarpvvXRnYvVotrU47yVt+6bZAtW7akucImPVST75P7zMSUy+MMDW3D7ML5hYYWlwiLmlgnZ9z2TyWDUTFGK5RRRGgCY1Ix2IUqA3jvnxxpzyRWUwJjQMWpSDrJDqlEULVpxMZGE/v3DBiSidKqoYGq1nOk3H89GvscK9MsKqfO2qQJQ6xSoTp1x2b/+2PXCWINKiZWEClNHJikvYBmBzC0Hx+u0nPdxkj7N1Kk/2kxOgZtUoPw9I9nQ6y226VLY4VShtj+OWXFb0EQBEEQZh0iAAuCIAjCTuR3dz7CqR/8NkOjZQDCUPOjT5zGgUt7Joi/Vsxt5eJNtg1bxjnb99lo5Hq9Tq1Wa6qVW61WqdfrhGHIo48+yn/+53/yu9/9jnK57ETQfD5PGIZN29gxFotF5/AtlUporSmVSgwODrLffvvxwAMPMDQ0RC6XY3x8nHK57OKkt2zZwh133MHixYvZb7/9eMc73sHy5cud2Ovvly/IZmsG2/3zl03mmrZt+eJx1h1sBeXsD7H+5/Y9wHlnHcspz9uPN37qJ0RRzGPrt3Lc2y/iV19+G889bK92Tg9BEARBEHYhT6xdxwP33ofS7akRSinGx8ts2bKFu+66i6uvuorVq5IUl+Q6YiajMQRhyKGHH04hTV/xPkrFFTWpIDUV5XKF73z72xx6yCHss88+jesor50oiqhWq0liy+goDzz4IDfffBPXXnst69Y9ASbapZqNk9FmWA/3t7+9nhef+GKOO+65FPLF7R4Dt+v+eioR4doVg7du3cr//OIXHHjAgcydMydxA2eOUb1ep1KpUKlUGBoa4u677+aGG3/L7353MwObt+xiPSzZo0S4janriBohdaVTJ+/U22qjUUahlUGbGI1BAxEhqMbfK1YG3l1M2bNpGLwnRD1bd22btX8n3IrhhE/VFNdsVAQqTsv3Bhid3HxiMpnhBoVK57oexOn33rpoja/iN+KUZzjdytVSJhmnbcdNUGOn2rmdwmhQKvVj69QvnorBKmjSmQVBEARBmIWIACwIgiAIO4n/vuHPnHHe5dTTer+Hr9iDyz/614Qqalm3NgiCJtE3l8tNEIKzEcWtllvR1hhDoVAAkh/9xsbGGBsb44EHHuDGG2/kJz/5CUEQUKvVKJVK1Go15/a1dXntj4V2bLZ2bxiG9PX1US6X6evrI45j+vv7eeKJJ4jjmG3btlGv1119Ytu21ppNmzaxdu1arr/+ek488UTOO+88xsfH6evrc/sbBEGTIO7voy8OTxb/bPGdv60c1rYNO29+/eBsvLRfj/mI5X2s/Obbef0nfsq9j2xiaLTMie+5hEs//gZe+5LDd+zEEQRBEARhxvg3eV1wwRe44IIvzLiN5A1NLsIkWbUNVca67oDOri4OO+wwV/6iQSIOJ8tnIp8Y7rr7Tt79nndx3HHHMW/evOR6ySgqlSrbtm1jcHCQgYEBNm/exKYN6xkZGWlcU043lnkH0EoThhNjqiclM5wn1q7jIx/+J4444kj2WLhoGvWODSjDEUccycmvfBVBGMxITVNAHEX87Kc/4aEHH+TII4+it7c36cEYyuUyA4MDbN06wMDAAJs2bWLDhg1UyhUSyQ+rfO9C7TRx7MYk16vjBPySmKuMoqy2/zOfUtAZRZymFSeRujkNBESYVD00RqGt23W2uzuVajhVoRF5nEYsNzzNM2hTq4kO4FijVYRRhljXE8ey0akw2qS8oqgTBcmNCGEUEsZ2rKq5Vu8Mafx3y3MraxpCsPbe22G1IYgr5UVoxyY9F7SbYxF+BUEQBGF2IwKwIAiCIOwEPvP/Xc/HLvm1e//K5+3Pl971ouRucNMQHn3BERo1e63b1wqXWceqLxz7D1+oLZfLDA4OUiwW+fWvf81VV13FY489xuDgoItxtm5e6+i1bVrXbxAE5HI5enp6yOfz1Go1wjCkVCpRqVQwxjAyMkJXVxf1ep0DDzyQlStXuu2KxSKVSoU4jt3Duo2NMVx77bU88MADvOhFL+J1r3sdS5cunRB37c+P/QxompdW4q2/LAxDJyhnBXTrvrb42/qx1Pa1dQwXQvjZp1/D+752PVf94UGqtYg3nHc5jzwxyLlnvWinnUuCIAiCILTHzhAzW9ZynWGzVjBbse++7H/A/i3jnwuFAqWOjskjbreDMrD6wYdY/eBDjWUtboxr2sa7gW5XopQiCAO6OrtmvD3Als2buf6630y5T5ZE5DOcdvrreMXJr6TU0UEun59Z/0CtUuGO22/jzpW3b7/2L6TeT2vjnFG3bQwwjSoncZfWVMBdKuDngWKsRe3iVvQpONzEvIiYXAwoRQ3QJsQojUrFYOPspLNLBba3TThxNxtT7Ec3e9/ntgKtfRHfirUKTJA8tAqICajrRNw1REmnyrpskxnUQD7SVFRIOYhTUTZ1AHvxz8qKt20ywQVtReX0vRXH223efqfcRn4ctAG0bqjEgiAIgiDMSkQAFgRBEIQdIIpi3v6ZH3HZVbe7ZW886TA+/ubnJgJoJobY/2HOF3B9sTHrYM1GGANNTln7GB8fp1KpcO655/KXv/zFCbv5fJ58Pk8QBBMETkhq8vrtFQqFJvG5VqvR2dlJHMfOPTx37ly01jz22GNujMVi0dUQrtfrLqY6u++PPvool19+Od/73vc477zzOOGEE+ju7nbzN9mPl61cv75jNxuhnRyfqElMzjqnsxHbWcdxEATuuERRhFIxX33Pi+npyPOD6/4CwEe+9iseeWKAf//g36DbjJwUBEEQBGF20cotOANNhiAMOf21r6Wvr69lL50dHSzo70cHmjjaOfVid6T27s4mCAL6F/QT5nLUa7X2G3Au7HbriybXsD09PfT19bJp44Ydki6nPaf+arv4ctBWm9UGFBHaxKDyif94OmKcMdRQ3BnFXBlHhCYJgFZATSniGG5VinKQ27U7sqOkaq6NJ3Yira/y6sbK2zuSZsKL9G8M+0Y3Pi9Hmv8eMtxfjdGxoU6UOIEBY9LvczoWZRTKxFR1hfVjmpE4nwzQP1R2zDty7mjT5FR24vIOtKm0cona2Mh6cM7ixBg805h8QRAEQRB2NSIAC4IgCMIMGSvXOPWD3+aG21e5Zf/4+uN45ymHuShkP0rY4guZVjDN1qu1LlX7WVYQ9eOJa7UaY2NjfOMb3+A3v/kNIyMjhGFIvV4nn883uXK7u7sZHh5GKUWlUkEpxejoqHMGW0qlkqsdnM/nnYO4q6uLYrGIMYaOjg7mzJnj9mF8fJwtW7YA0NHR4eoP22hpGwltaxUXCgU+9alP8e1vf5v3vOc9vOxlL8MY4/r1xdtWYm2r+bTzOFlEdDZCGpjgPLbu4Gyfvmv7k299HovmdfGVH/4RgIv/+xYeeWKQK89/M8WCXF4JgiAIwlOVHdFgjDFu22cfeywvO+mlk0YXK6U46JCDueHG6yGKG6LTNDrf1Q7eHSW5yTFk7332pVjqYLi6zYlI/m5OuRfOtTm9mqXplR8KhUYxf+5clixazKoHHmx7/DOa3yf5kKhUjTQqSBOnba3j6ZxAMBoG/EArrozjCZ8BREpTU3rWujut67Wxx6YRq5xZwc6LMlYgbyEFG18rVUmdX20wOgaCZmE5UlS04tejimuG022NQscGE6vU1a/SuOj0vwsGYgNEGqM0BKkD2JB+YFzUstuF7aWI+39rKpOI4H70s0nGYqZ5WkxApX8PKRoDU8o5oZVO51zNtANBEARBEHY1M7mRVRAEQRCe8WwcHOH5f/e1JvH3c+98Kee86tAmETIrQAITREXrko2iqMnRm41+rtfrblmtVqNcLjM2NsaFF17IySefzE9/+lPGx8fJ5XJOxLQOVuv+HR4eBnD1emu1GrlcjkKhQKFQIJ/PUyqVyOVydHR0UKlUGBsbY2RkhCiKGB8fJ4oiCoUCnZ2dHHroocRxTLFYBHDbWsG4UCg40djOiX2uVquMjY3x8MMP85GPfIR/+7d/Y2BgwInXdr1Wbl/7bEX0VnPcyh3sC+f+8bGu4axo36oGs+WdpxzGp9/xYvf+6j/cz/F/9zU2DY5O9zQSBEEQBOFpSGdXJ28/++309PROskbiKjzm6KPp7Ox+2mkn9nrvqKOOYuHChU5DfLJkIgP09vZx5JFHuZInTzcaczmTWU1Eu3oQUM7lmh9h8qgFQSIozlYyQ1M2rrnpYZrfz6RprZrbAWu9xuiAOH0YrYmCgDjQxEFArALiICBKP490gNEhJtCNmrzWTWtFVJ3pfLvmc0/M9nVYv3098WbktlCgsnWE3evZkzggCIIgCEJrRAAWBEEQhDbZMDDCi955MXc++IRb9s1/OpW/fu5e7r0f4QwTHaf+8qxAGQSBa8Nft1qtUi6XMcZQqVQYGBjg3e9+Nz/4wQ8IgoCOjg5KpRJBEBCGoYt2HhsbY3Q0ESXtMq01vb29dHd3k8/nqdfr5HI5FwGdy+WcmKy1plQqkc/nWbBgAf39/cyZM8cJtN3d3ZTLZUZHR53ruKOjg87OTtd+V1cX8+bNo6Ojg2KxSC6XIwxDV/t4fHycSy+9lDe84Q3ceuutTkTO1vHNisF2nqwI3Opzf859l7A9Rtl5nlDTbZLPlFKc/oIVfPV9r3DL7nhgHS985zfYMDCCIAiCIAjPDPxrkDCX4w1vOIPjjjve3YA3YX0SAWn/Aw5gxb4rUnNhu1HHOz7WXRUZbfvYa6+9eM5xx5HL590yX5/aZSgIwoCXvfwkFi5e5Ma0q8mmzsymSO6nHX5Ms/1nggAKKIP9X9sisHULK5zo61ywto+mvrz3OvW7W5esFZK1L0orF6U8QRRujGLqafBWN77obdtMx9/YnzZQYJRJBGC3f5l5EBFYEARBEGY1IgALgiAIQhsMDo3zwnO+zgOPbXLLfnb+63n+IXu4H/h8wRBocphma/n6UdG+MGmfx8bGqFQqRFFEsVgkn89TrVYZHh7mC1/4Ag8//DBBEBAEAVEUUa1Wmxy/URSRy+Xo7u52ztpyuUylUmF4eNj139HR4aKgx8fHGR8fd2K0FWPr9TojIyMMDw/z6KOPsnnzZoaGhqhUKvT39zN//nzmzp1LsVikUChQqVQol8tN2/lx0MVikc7OTvL5PIVCAa01Gzdu5B3veAef+MQnGBsbm1Cz2I93tstttLQ/v1ZY9+soWyHZCux+BLf/42yrH+taRUHb4/jyo5fyw0+e7tZ94LFNvPjdFzM4NN7+CSYIgiAIwlOK7E18r33963jv3/8DhWJh0m3sdcecuXM55ZRTKJWKT8pY42zc7y4mCAL+5m/+hsWLFz+p/UIiS63Yd19e8IIXPjn9tSg5kn0t7GTSqY3xRcmMAKrNDH/5TKPHXZum0VaTiMsUIvD2PrftWBdv6iymPVnVJk437bvXl1JgbC3jNjRgW/fX+PM5wVlt6//KeS4IgiAIsxERgAVBEAShDd75+St5aM0W9/5HnzqdA5Z0u/c2ctkXCa1w6Qu/rerUWkEy++wLylEUMTg4yM0338wf/vAHJ9RGUUSlUnHRyTbe2ReVrdhra/pagbRUKtHb20sQBOTzeSfIhmHoRGdbI3jOnDkUi0WWLFlCf38/mzdv5sADD6RQKFAqlejs7KSvr48wDOnp6XGO3+7ubgqFQsvYa78fW/P4Rz/6Ee9+97upVquTirOtflDzReLs/Foh3hfdbTs2MjvbVvZ1NnLa9nXYXr38+NOvdevf/+gm3v2F/576ZBIEQRAE4WlDsVjktNNO5wMfOJfOrm7vk8kVF601p51+Gs87/nh0GOxysdBez/T09LDvvvuSy+V2eZ8HHXQgf/OaV9PR0ZH036661QZ+Sq9JXcCvfvWr2W+//Z7Uusnz589n4cKFu7SPFrcr7mBr09++9ZqTtGGSf6bdg3eYplrfP5rJdT+txdbUpTqdvt25YxfoNP/YRjS3Elm3K/LabZpFU/d5YDLiqtfPFJg0Rr5p8DrjTLY1gVVj39r+/rUSu1P372yvRS4IgiAIggjAgiAIgjBt/t/Xr+LH19/t3l/4vldw+N5zmmKcrbDqu1ah2UGajYTzY5/9bbXWrrauMYZcLsfo6Cg33ngjF198sRNlgyCgXq+79qIocrV9rTtYa+3E1Fwux7x588jn864W79DQEJDUBq7VasRxTE9PD3PnzmXPPffkiCOOYPny5cybN4/999+fPffck1KpxJ577kkul2P58uX09/fT2dnJPvvsw6JFi9h7771Zvnw5e+yxBz09PRSLRXp6elw8ta1rbGsZW7Hbxk7fc889nH766dxyyy1u/azD16/lm3VX+4KvFZZ9cdivs5ytDeyL7tnj1epYKqU4dM9e/v39jTjoH153F+ddfPXMTzhBEARBEGYVTddxxjghZcHCPfj4Jz/BR//14/T09WY038nVFqWgVOrggx86lwMPOgSUnnjdAcQtHi1bzYg7rp30KQhDXvTiE7jo61/jM+d/lr45cxKfY1vaYXtCYy5f4Kw3vYVXn346uUIeQ4yZfA9mjr/vLu1XceBBB/Phj3yEJcuWEU0Ry9zOPPvnQbKdwSjo6urmjDeexSXf/BZvestbKRRK1kc6vfFPE2WSnVXpoNOrWFTLPZhkr4yBOAYTJ+2183DDNWmLGmzMcvNIG6ViTRInHCttJzHzSNaJAWNyKDP5vHl/RaW6qknjjyc+lAJlNCjQMc2ZyRNaTfcqHbRpcv167WoDKgadRJoTRBP7Tg5Uul7s1m+IwaYRE52OE53sSxAbIMKoeBKhP91fQClDpBXKtasy/RuMNhidzJfx6wZPAzuuiXObtu12V8RgQRAEQZiNhLt7AIIgCILwVOBbP7+Vz192g3v/4TOP5+XHLAMaP675Ll/fAezTSrycrF6Y/bxQKFCr1Vi1ahXnn38+d9xxh4tztpHGQRBQqVSc8zcMQ7TWlMtllFJumXXhAoRhSGdnJ5VKBWOMq81r3b31ep3e3l4WLFjAyEhS07Zer9PZ2elE6zlz5jA8PExHRwe9vb3sueeeDAwMsGjRIoIgYHR0lM7OTubOnUutVmNgYICenh5GRkaoVCoAlMtlF11t565QKFCtVnniiSd4//vfz1e+8hWOO+44Fx9tncNWxLWO4snqK/vz7ruB7Xp+fKN/DLIuYn+Z7d8/zi971lL+6Y3P5/OX/w6A87/zW/bbs5+3vPLo9k86QRAEQRBmLTrMsXjRYk58yUt457vexdz589pyxfnr7bff/nz2/PP5149/jLvvvJMovcZTqYDWrtHO3dymFBHQ19vHQQcdxNvPPpsXnvAidKAZ2raV+f3z2bxh49QdzECnzaa39PT08I//+AGCQHPlj3/M6Mhw+41Ov/f0/5Ix6CDkRS8+kXPHxzn//M+yft06TGwmHCdft5t+V8nxXrBgAccd91ze+ta/5eBDDkUFmg0bN9LT08PmTeWdslc+sbLPhpqGCIUxGtMo/DoFDcFVYVKh1fpJpydXB8Y4QTU0MRFB2nfm7x7AoIm1SdYwybahUURMjCMPTEzOxCgUsYqB9AbZbJtKoQ3EKsZgiFQihGqiZG0VpyquITBJK8o6ka0gnEU1TLex7ciKn/buADuQWCWzHMRoFMRgVNy8rv/atjWF+JyUA44IVExNB8QqIozihrDdGGayH2ggEe+VUihitDbEJm70HydzGugYrSKUUYmozXSPNKAURisw6QQkByDZlzQe2vjzJQiCIAjCrEIEYEEQBEHYDlf/4X7O+dyV7v3bXnUUZ7/yECci2thnv6asLzr64qN1oPquU/8HKK019Xq9yRFcrVa57777+OhHP8rGjRsJgoByuUwYhpRKJSqVinP8WmE0CAKq1SpRFFEoFOjs7GyqmRuGIcYYhoeHKZVK5HI5Fi9ezJw5c9h7772J45h58+aRy+WI45i+vj43vkql4lzF5XKZ3t5e9+NXZ2cn3d3dLlJ5ZGSE0dFRcrkcW7ZsceLxli1bqFarbN26tUk4r9frRFHU5Oyt1Wq8733v45xzzuG9730vIyMjLtbaxl/bNoCmbX03ddZ1HYahG2eruGjfHey7fi3W7e3Hd2utedsrDmLz1lG+9cuVAJz9mR+xpL+Hlz57v51yPgqCIAiC8OSRei3Td4pSR4nnPOc5nHLKqRx9zDEsWpzc9GbUjukfBx98MF/56le5+OJvcOWPfkwtvVGuLZQ/ZsPCRYs49dS/4qSXv4IDDziAYqmUiDYYurt7WbxoKffdc5/bxt/TybuYtnTURE9vDx/60LkcffTRei5uMwAAIABJREFUXPjVr7L6oVUzaGXKgU2abmuM4aSTTmLZsqV8+Ytf5Oabb8aYHTleSTTwfvvtx2mnn84JJ5zA0mVLkxstSa4nly5dyrz+fjZt3ji9frLu0SkITOLkVMTkYxhXGqN06u+cTp1nQ87AgfU6y6OIwCTHPbbj2A6hiTlGK0IVglFoZVJRuvncyAq3BQPH1KuYepwKmM10mYhlOhGTlVIoEyei7IQbFGKwBtpAsTCGk6Iam029IU4aO1bDodrQaXKNOrjTwuDin6Ghq6dqZz6ucVKhxhEFnY5FERMn+xw3ZFrjXNqqsXnsOfONbV6hjGFPnaNXmfSb2FrMb3iwEwE2NDGHzqlzSqWS3AhgDJikvSCOyWlY0RWgyKVu7XbOfRsjbe86oDEf2v++iQIsCIIgCLMREYAFQRAEYQpW3r+O13zkUif8/dXz9+efzzy2SUz1xUFfmGwl8GbdqP5yG9MMOKdrvV7nxz/+MRdeeCHVatUtC8OQfD7vagBDInxa528cx0RRREdHB3Ecu/WsaBwEgYts7urqYv78+WitWbBgAePj48yfP5/u7m601k4sthHX+XzeOYatCFqr1ejo6ACgVCoBMDY2Rn9/vxPI58+fT7lcZnBwkH333ZfBwUF6e3sZHBxkaGiIsbExN5dDQ0PO1VssFqlUKlx44YVs27aNc845h87OTjdvWRHY9udHPPuCu7+dFdrt/PmCbjbqOXs8s3HTdt611vzTGc9m3ZZhrrrlIeLY8OoPf4fff/O9HLZi19aDEwRBEISnOocceujuHgLQKNFRKpXYY+Ei9tlnBYcffjiHH3443d3dTaLIjkgf/vXJ4iVL+MQnPslJJ53EZd+5lPvuvZfNmze768NsZw1RKbkO6eruZn7/fA444EBOPvkVvOAFL6SruxuVxu5asSbR6hTHHHss6zdscKGwqoWEapwzMlEnly1bRj6Xb3v/jIFiqYNXvvJVHHfcc/nxD3/Ib37zG9asWcPWrVup1WrTdxsrKBVLFEtFwiAkCANyYY58qcjiJYuT6zhwZVdRiiAIOfTQw7jwoou4+qqr+MmVP2HVQw+xdevW5JozlVTtfPrzi4IwCOnp7WGPPfbgiCOO5JRTTuVZRx9NLp9rEigTo6dh4cKFHHPMMeSCIA1KnsZuacWSJUvQQZCMxzT694lRREqhjcZo0MYQEJP4bKdzJiq6ooizULwllyMwMZFKRMzt2c2TBGRDGCdu3prOkYsNgYkwauL2gUnsqLEK6DGGdwaKd+iJQqxNRM6lTlMDBNTSGxaapWSj4sR9HefIRxHPUTFHFIqpExh3HikSl3BgNIUoOaraJMcaNfmNDMlX2wqfaayydQCnQneBgJM7Y87oyxHpmFwcY1TO7YttKZ7siGTVcZWsqeM8+bhKHU2sdBLtnNlQoVwfBihpOHO/Ds7YL2407azDiTifj2N0bIhVIgxP+z9YNv45nbPEWWyjppPay8aAlnrAgiAIgjArUWayAiiCIAiC8AznsfVbOfotX2VgaAyAYw9eyqUfecWEOGDfBWzx44h9wbBVlLB9rtfrTsS1Iu/NN9/Mhz70IWq1mmuzq6vLxT1bF7J1F1tBVmvtavzaCGkr/haLRebOnctee+1FT0+PE4F7enqa2vDr5gLUajWCIEApRXd3N9VqlTAMqdVqjI6OMjaWzFNHRwdjY2Ns2bIFY4xzGA8NDVGv1xkfH2fLli2USiWq1Sqjo6MopVi9erV7b+sY+/tdKBSIoogLLriA5zznOXR0dDQ5eO3cWhE2W3/Zf5117lpsvLS/bVbkz26fbd9uq3XAWZ/9H/50z1oAFszp4v++8w8s6e+dwdkoCIIgCE99/LQO+/+z7U1r9mHi6Yllux5FGAbu5joDjVhm3YhA3Zn41xTVSpUNGzbwxBPrWL36YR5/7DGGhoaoVCpOnArDHJ2dHSxcuJDl++zDooUL6Z/fT9+cOQRh4ya3VrHUBkOtWqNerSXvW2uNDdE4FZ6VUuQLJXTQnhM4m8Ri4piRkVE2b97E4OBWNm3axNZtWxkfH3fXtnY7RXITYy6fo6uzizlz59DV1UWxmAjAYRiQy+UoFvN0dHZTKBbAiWSJgp396WtkZIQN6zewdu0aVj/8MOvWrmN0dISoHrl18/k8vX29LFq0iOXL92HBgn76Fyygu7ubID0n0h3K7izGGJfGM515Sq4hDToIyBeKqQO29UExJkahiVEEBoZ0zBd1zLeMZlxPx+cRM6dW51wd8LcK8pG1qaqWztxM78QqJtIGZUJ0nMRHW+ezf1bEJDHVQZwcw0hpUPVU7HXKom0VoyJUai01KCIVExiVxCy79YyLHNZGEytDFCRRyGHcbMNP1qwTGI0xybzUU9dqMMHJbl3DilgZthjNh4cVPyiHGHscvDLKfSbmc30V3tSt3DiUUo0vTIrVTpsXtvoZNqkTbKzjORXjW4wybSL920SlWdPG3sDgz1UyHq3qqTdco6ljHexTYYDHq4rXXbGVO7f1p3HW1l1tUJGiP9zG99+c5znzQ7TyM7JnB+Pj465Ukk2vsn8jZv9OFwRBEITZzNDQEAB33HHHtLc58sgjARGABUEQBKEl1VrEMW/9Kn9ZvQGA/ZfN5xfnn5bWP0rwxT4/Mtj/LBv3nBWO/UhoG/1s27r99ts599xzGRwcBHDiq3Wa2h+WwjB0feVyOXK5nOsrjmNKpRL1et3V6V2yZAlLly5l4cKFTdt1d3cDDaHXj1i2UdK2fdu/MYZarebWqVQqTtgdGxtzMdFBkPwwNz4+zsjICEopNm7ciNaawcHBJsF3y5YtbNu2jZGRETcvVsi2dYkvuugiDjrooAn1eicT2X2R1xfesz8w+tgfBlqt0+p4++/djwkq4BXn/oCHn0iO4VEHLOaWb/09YbC9H9cEQRAE4enHdATgYrG4e8fYQg9ITIDNN31ZV22zuLNDucITrkUmu+Esu9xdd5gkclbp7CDs515fKg23ju37KcalPM1KJSJTO2G6Lduc5Keoya6d/c/t8uy8OO+u8l2SjcFP1dYO0UIAnji27WNMnB67dI6bLNveesQooxKHqIGqillLyOPGUFfbv4FCATmj2VsblpgIQ4gyaTjwdAQxY6fUYFSdWCl0HHqW6waxUShVT84Xk0vdrv4J5ZpMxmZiDBGg0SZxQjdp0gaCWFPXhkjXCWKFNmFy7utM/wYwAbGOiVWENjHaBLi89qxYnJ4vBsMWNP80ovh+OUyEVJuPHRswEb2x4fM9Fd7UHTgBWCvroPeDkZuFbrtUOd+9FbSDRPC3TmATE2umKQDbQsPZvy8Mypj0u21F5USo3d7tGwZ4vOYJwDHJ9rYWcAQLwm384I0Fju0PdokAbIzB2BshVCLym6bbAZrHa93S9ghUxssiAAuCIAhPC3ZEAJYIaEEQBEFowT9d9Esn/mqt+dEnXw0mbhkF7Au90Pzjpo0YniAMpmR/CLXvR0ZG+PjHP87mzZvRWlMqlRgeHqazs9O5YgEKhYLrRylFPp+nVqu5P2pzuRxhGLJ8+XLiOOaAAw5g2bJlTti1zuBCoeD6t05b696t1WpUq1UKhYITOf36uLZmbxiG7kfcMAzp7Ox061pxuFgsEgQBlUqFrq6u1K1RdCLypk2bWLRoET09Paxfv56RkRFyuRyjo6PU63VKpRLbtm3jM5/5DBdddBG9vb1NfbSq5Wvf21htf979uOxcLjch9tk/TtlazX6/fpv2eCbulho/++zpHPG2b2KMYeX96/h/X7+KL/z9q9o8IwVBEAThmcHu/kF+qrjW5rGZps92St8t9r1VSZFJl6eRrBOZOFZl/9UTPpo4hgkr7LiPYKrj7H822Xqt5yUja2Xsl9tra6cxyTHb/mZBZsEk67mjl8QL51EsJ2LvdrpTsRPIVVKkNmUax9YzuhqC9PyYTND3hEknEk5c1zviKIJExGvVpoJIJ7V2A6PTscQTBN3G+lG6roK0XdVyXd89nK6Q1rl12qoBtII4wOi6u9HAqDg95LZh75xrPaimfhrzl/7dQip8TrGlO8dcJvxkJ0tDak52sc2bUG3ss70LJE6FZJ0I8wr73xw7jp2JSZ3ehjh1Zus4eZ4wzHR11dhSEARBEAQm3h4mCIIgCM94fnPrg1z4w/9173/wr6+hEDQLgtkavlYEtJ8BTSJp1qWadQRY0TQIAjZs2MB73/tetm7dSkdHh6uB29nZ6WrA5fNJ7TXfXVsqlRgbG6Nerzuxs7u7m3333ZdcLsfy5cvp6+tzjt+enqSO2dy5c7H1fe2Y4zimUCgAifO4s7NzQrSyFVOLxSIdHR2USiUXO233P5fLuTjq7u5uwjB0UdSLFi1yfVSrVVcneMmSJfT399Pf309fX58TZwG2bt1KsVjk/vvv54orrnBieFagzeKL8f4xskKtFa9hoqNksnrOdns7F3Y9G59tnwshfP9fX+O2+eIVN3HjytWTjlUQBEEQBEEQJkc5Yc/qloqGXjndh5Ufp5APpxxCMoy0hUkaaUicdoPtdKZIb2SYYl3X1NR9N3eZ/s+222LVxmvlpNjMZHn7bZqE8JYdtzurmT52nEZj2/f8Tt2E0ioRv7NjbBGvvvPQBEYTp67oGE0U1DEqzjyMe46VwSjDxNrJgiAIgvDMRARgQRAEQfDYvHWUMz96hXt/1kmHc9jefUDDLWrx3bvWcZsVDf2o5+y6VpC07tc4jhkfH+fqq6/moYceolKpUK/XGR0ddXWBrUhbrVad09e2NzIy4moHFwoF+vr6WLRoESMjI3R0dNDR0cH8+fPd63q9TrlcdmKvHbuNXPYjkn0xOwxD5xC2cdC5XI58Po8xhmKxSD6fp1gsYoxpGruto2djq/P5PL29vRQKBcIwpKOjgyAIWLBgAfPmzWP+/PksXrwYpRT1ep18Ps/IyAgA3/jGN7jkkkuceGvnweIfA/veP352Wav3foS3PW5+e9tr14+2BDhi+Rze8JJD3ednfvQKBofGW52CgiAIgiAIgiDsJpqkQ19dTwXPRBRWzoX79MUXwE1mHtLHzlOrWxKrmFhp6grqRlM1IVVCauSSh0keFZNjnBzj5CmbPGVyu2xMgiAIgvBUQiKgBUEQBMHjzI9dwZZtY8D/z96bh8l11Xfe33PX2qsXLS3JWm1LNtbjFfCCwTY2EBMGGCCJgcw8mfAmBBgymXcgyWSeSYaEPGFJ8hKTBDvJkMUsBtuxIY6NwcbyLkvCkizJspbW0lKruyX1Ul3rXc/7R9Xv9KnbJalb1ob0++gpVdVdzj333tPdt+p7v98fsGhuAf/7P9+oop8p8hfQIn4TrmD9OVkHmOaRKBiGoRIJaZ2DBw/ivvvuQxAEKrbYsiy1PAm31BfXdVVEM823LAuFQgGZTAZxHGPZsmVYvnw5CoUCGo0GoiiC7/vI5XLwPE+JyLZtw/M85dI1TVM5m2k+MOUIJvL5PKrVKkzTRKFQQBiGyplLjuGuri6Uy2WEYdgmWpMY3N3drfpFtS36+vqQyWQQRRGWLFmCvXv3qprGVMfp/vvvx5VXXonbbrtNRUAn3b60HXLk0rnR45+pPRKS6dzR++Q8/VxSu/r2aTndmfzH/+VteGHrARwYKWF4tIxf+5Pv4Qdf/bU3MlwZhmEYhmEYhnmjSC28uT2heQpDNmvhCgnEsi22+vykVezZkK0i4XIqDjuWmv4tTk8CNJoR1zUf+LW/ncSTr9vNGsxxa3sxANnsk4jj5vu4lVSFGAe/aR6vaYZhGIa5IGAHMMMwDMO0+Nr9z+Op9bvV+x/82S8p8RdA27MuEiZjnXXhT49NTjpKdUGVpn/9619HqVRS76MoUnV9KV6Z6u2m02k0Gg3Vnuu6cF0XxWIR8+bNQ19fH+bOnYv58+dDCKHio4Fm7eDJyUmk02nlym00GioKOgxDAFCOXxKbLcuClBKmaap9DIIA6XRa7Z9lWSr6mWr8+r4P0zSV85eEU8dxlGPZdV1kMhm4rqv6a9s2isUiurq6sHz5cuUAjuNYOaa/8IUvoFKpTKv3S+eCHMzJOsu0TDIaulMtZ3qvC/967WUStpPr6oRhgIf+5MPq/aPPb8ffPPjiTIYmwzAMwzAMwzCnGZF8k4yiNmiakovPb5TbV0wdC3JAA4iEQCgMhMJEiFP7iISJEDYgTfgiA98owDfy8I0ifKOr9eiGL7rgGd3wzO7ms9GFhtF9Fg8awzAMw5w7sAOYYRiGYQBs7R/G7//NY+r9PZ/7ReRdo2MMcrKeLwmfhmEgDMM2l6kuCFJbJAqTIGmaJhzHQbVaxfbt22GaJkzTRK1WU+JvFEVwXVe1L6VEvV5XUcyGYSCbzcKyLCxatAiLFy9WTuBUKoUwDFEul1EsFmFZFmq1GtLptIpVNk2zTZTV457T6bQSQSnOmQRp2pcoilSMdTabxeTkpNo3z/NUHWMSmEkIpv7T+lJKVRdY70+lUkE+n8eCBQtw6NAh1GpNl7bruhgfH8f69evx9re/XZ0XXdSl2Gz9nOlQ/3W3bvIc03JEp1rOSYewft7pHBXTAnf/zp347a89DgD4/Nf/HXe85VKsWjp3tkOWYRiGYRiGYZhTgZCQEjBaPmApJGAaQNSytsaYsgjHaImh57unhmomC0hDQjmA4xgwBGrSxN9tivBoOmjq4nFLEm8Zh5uLt9zDrfeAhIybzwJTTl6B1ucvCUCKpslaSBiRQBDF6B91AQMQUkAa1Ae0nMlouYJbG5ai2RmGYRiGYVgAZhiGYZiGF+Ij//M+BGHTEfqe6y/BO69epARavb5vsg4w0B79nBQJdWE1KRY3Gg0l5sZxjF27dqmIZqAptgZBoJzCusuU2jAMQ0Uvd3d3Y+HChZg7dy6KxaISTovFInzfR29vL1KplHLskvArpVTuYIoydhwHhmEokZcikqnGMEHuZhJZgyBQfdbbIjGYnMqe57XFS5umqWKvHceBbduo1Wqo1+soFArwfR+NRgO9vb3wfR+lUknFVwPAQw89hPe85z1KGNbbTjpzk+Kufl71+Ghd+O20nr4MHUdd8NUd37ReHMd497WLcOcNl+Dxtbvh+SF++X99C+v/8bfh2BxTxjAMwzAMwzDnDHQtL9ASFjFVD/dCYJoDOoYhAsRwUI7z+NetIYRs1uclAVfI1mehWDRF4bglysaYMk3HErIl9KrptGwrxlnEEiKOIWMTEhIGIsSi9TnUaLUHtNckNjSxnmEYhmEYjoBmGIZhmC/+45PYdeAoACCbdnD3Z++Y5hIlMViv16vPIwcrMBUVrLdBDtMwDNsig0nINU0TGzZsQK1WU8JrGIaI4xi+78MwDGQyGZim2VYDOJPJoKurC/l8Hn19fcjlcpg3bx5SqRQqlQrmzJkDKSVs20Yul1PbD4JACZ40zbZtWJalxF8SNdPpdFsNXIqDBpoOXFqP1pVSqjYMw1Bis23bcBwHjuPAdV3Vnh6FTVSrVRiGgXw+D9u2kc/nMWfOHExOTqKrq0ttM45jFAoFrFmzBjt37pzWTzo/yZjnpCNYF3L15cidrE/r9EhGS+tisB6nTcf0Lz9zOzKp5n5v7R/Gn/3zT2cxYhmGYRiGYRiGOd0IEnsNNGvhCgkYLeOpULbW8xe171Dx17FIATABCYSWCd+yEFsC0jIgTQOxKSCN5nNkCsSW0XqI5sMQiM3WsobRfG80X0vThDSN5vrCQGSZiG0D0hCAtAAjTvRH759oPpvgb7sZhmEYpgX/SWQYhmEuaIaOTuIvvvOsev/N//kBQE7FKhNU65Xcv7qTlyKbaXqnuGFykdIziYq1Wg2+72P37t24//7729zG+nZd10W1WlV1evX46FwuhyVLlmDhwoXo6+tTguPSpUvhuq4SbOv1uhKeaf1Go6H2hYRL2h8ppYqL1l3MtA+WZcH3fQRBoI4TOXipLc/z1P6T4E3HkERcACoSmoRT6jfVEqa6wJdeeimy2Sy6u7uVaxgACoUC/vAP/1C5iOkY6vumO7X156Szl46N7uQFpoTd5LrHigQn9P2m4yhkhH/4vQ+oZb70L0/j0JHJEw1XhmEYhmEYhmFOJ5qmK0kA1oVGAQjj/Bd/JaD2XeguWwFAxBBGBIEIQKSim9VDqbO6fRjT34vWf8n2AUAIGFLAbEVuxxbaHcnqfMh2Udho3wTDMAzDXMiwAMwwDMNc0Hzu7kfhB00x9pqVC3DtxT1qXqfYYKoXSyIhibm62JusBUuCoF73lgRC27YRBAH++q//GuVyWS1fr9dVm5lMRkVD0zZJqE2n0ygWiygWi8hmsygWi+jt7UUul1MRyhTNTM5cvW4v9YlEX4qdjuNYOWwpzjlZK5hEbMdx1DGjqGhy++bz+WnCMonm5Px1HEcJ57ZtK2E4lUqhXq/Dtm24rouuri6YpolFixZh0aJFyOVycBwHtVoNpmli3759GBwcbDs3uiBL+03HWBd39XOuT9OFfd0dTFC/k7HgyfY6icRvvrQHq1fMAwD4QYQ/+MbjxxynDMMwDMMwDMOcJuTUkxQCsRCajik7CpQxRLP07Nno75midQyk0nNFywkdt1y+FmCYmvgqp54pkpkeptFy6ErAFM1net8m4Mqmi9eUiM0YkRVq7ut4+rkwWqKwkRDrGYZhGIbhP4kMwzDMhcumnYdw/082q/ff+B93tgl5JBwma8Ima8CSAKiLhXobyXqxwJSzVwiBDRs2YN26dcp1C0BFLNu2reKlKU6Y1i0UCujp6cGcOXOwbNkyzJkzB7Ztw/d9RFGkXlN/MpkMoihSIqzuVA3DEFEUIQxDFeNMoikJuCSgkpBr2zZSqZQSjkkgpmVSqZRy7+rHjvaTRHJyLOvbpWOZyWRg2za6uroghECxWIRlWejt7cX8+fPhui4ymQzCMEQYhnjooYdgmqaKzSaBXhflOwnESeduUrQl9HPZyeGtL0tjSZ+uO6njOMbf/+771PL3Pf4KNu44dJwRyzAMwzDMrJGn4MEwHZg2THhM/XzS0hYBgVFhYj2AdVLgiC5e6oKjKREbMfZIgRelwG5pIDwPv14lcy5E3HT8iqh5LGA0Rd82N65oF3BJkKWHaA16JSS33itxfUq8bX4mow4YgGFAkA1Z3860eGraJvjbboZhGIZpwX8SGYZhmAuWT335X9Xr//Seq9CdMTuKgXrsM4C2aGhd8CPnLAm2SbGRoPbCMMTAwAC+9KUvKXE3k8moWGXLsmCaJjzPg5QSQRDAMAz4vo9UKoV8Po9cLodcLocoilCpVJTAaJom6vU6crmcctV6ngfLspSYrNev1UVXcvaSC5j6oUcxk6MZmBLBSVTWjwvVK3YcR8UzB0HQVmeYnoH2KOggCGDbttpWNpuFEAJdXV2q9nFXVxcajYba/iOPPIJaraaczLr4SudBj+PW+6+f0+R5O5YYnIwF12tEd3pOOo6LKeA//cKV6v1nvvpwcpgyDMMwDPNGmBZdehIPhjkeQnvmMfXzh5CIhUQoYrwMif9Sl/j1hsCzMdX6TTwgUDFs3O07+NBYjD8te6hAnne6vgSmhFdhtB4AjEiJwhBxqy5v684GQcujdawkBN31IOLm+2TisxJym0KxNFuOY1PAFE1tWBoCMKk/0Jy/+vuEU5thGIZhGBaAGYZhmAuT7/54E9a9dgAAYFkG/tev3gig3dlJrlESB3WRMIkuqCajjgF0FIJrtRrWrVuHI0eOKGdurVZT89PptHLHJh3H+Xwepmlizpw5SKfTSiylGOVqtQrbtiGlRK1WU0KqEALpdBqpVKpN0KbawPr+kIvYcRz1rDt7dXE4k8mofScR1/d91R45pGl5EqEty1JR0K7rKmdxMm6aXM3kErZtG319fSgWiygUCmpeHMdYs2aNOu76+esUxUyv9fq8+nmj+fqxp7Ghjxdajtzgx3IN69um5f/g4zfCMJrLv7xtAA/+dMsxxxnDMAzDMAxzbqCu9s435e9CRBgQMCBFhIYTo+YYCA1jygWrl7SVEtKI4DkSoeHCN5rJTefbOIgBSBHCFD6ECAEjhGkEMIRsewiDnpsuYWFEEEYIYUQwRASIaGqeiCBEDCHippBstOYjgiFCGCKCgaD1OkBkhZBmU2QWMm4KwZ0UZAMdxGeGYRiGYayz3QGGYRiGOdN4fojP3f2oev/137kTkGHzLueEM5aE26Swp7/XhWLdBZoUjoMgAAAleKZSKTzyyCPK/Ut1ecmxW6/XVSwzicpxHKNQKMAwDMybNw/ZbBb5fF6JwLQM1dUlwZfaJyeu3i8SZ0lYpenkFkbruJDITOInCbn0TCKq67oIwxBCCBVhTcdDSol0Oq2Ebjq2lmXB8zx13MMwhOu66nhQnV/qWyqVgm3b6OnpweTkJKrVKoIgQDabxbp163DnnXcCgKpzTMykBnAnhzTtry7cJmOgqd1O85LbaRsniHH3f7sT//X/ewwA8PmvP4oPvONNsK3pNYcZhmEYhpkd+t9pYPrf5BM3cJwJs22LOS+YNqZIbZrFcEhePzJnE9H6sTZaAqIEDAEpWtOpQpDRfG0IAcCCBBDaLQFTGCrV+Hyhx5D4rcttDEUREIumx1lKGLGY+i3YnNQy+7betF5CSggISCkAyKaTt1lkWW1jalrLbxxrPxdx89A3YomHXzHQf8SFFBEAUzsnsv38QLa1zzAMwzAXOiwAMwzDMBccf/GdZzE8WgYALO3rwjuvWoQoCqcJd1JKmKapYoz16cn4ZF3QI6HwWHViKd5427Zt6O/vV6Ks67ptQjKJv9R+EAQq8jmTyagHicMUA+26rhJrU6lUm4BMtXFJVNWdtsl+625X2jeKb3YcR4mztH+pVAq+76NarSphmERliq92XRflcrlNXKb9dRwHvu8rwZaE8Vqtpr4Yo3YMw0C9Xodt28hkMkilUqjX63AcB0NDQ0rEBdpr8SYdu8lobto2HTOCzseiSt1pAAAgAElEQVTxXODJbekictIVTG0S77r2Iizt68L+4QkMDE/ga/c/j8//6i0zG9AMwzAMwxwXIYHx8XEMDAwglrNXaVTCrxC49NJLkclk2GHGIIoiDB4cxPjY2OzMn62xs3DhQsybN+90dI2ZJQISBkLEhokIAIRQgq40ZEsIbjpNYwEgAoy4FVlsCEQQkEKeN78WBICiIfGfV2URmAJmJJruWwBCxlO//5p3UEO/MUb9ihUU/0wtNp+p3rJaHlNR281SwK15UgCIUQskNu6PsGtMNMXelkCPWLb3I4YS6RmGYRiGacICMMMwDHNBUfcCfPm+Ner9N/7HeyFlPE0UTLp7dfFXrx1LQimJg8mYX315apMijXfv3q3culTbN4oipNNpVCoVAFCRy/V6HZZlKbG4UCggl8uh0WggnU7D8zyEYYhsNqtcuCRgUmRzHMewbRthGML3faTTabUPFJ9Msc4U1WyaJlzXVX2h5cnFTA5p2jfP8+A4DhqNhlqO2o2iCJ7nqZhnmh6GIXK5HMIwRDqdRrlcVsculUqh0Wi0CarUViqVguM4cF0XjuPA8zzUajXs2bMHo6OjmDt3bkfBXhfiCd2xTfuiLwug43nUBV793Ovi8vHcwFNOcuCez/0i7vzctwEAX77vaXzmIzchk7Lf6JBnGIZhmAsa0Yps/cdv/l/cc889TdFAzTzx+q3qlQCa10Jf/NM/xUc+8hFoMgVzgeI1GvjGN/4WDz7wAICZJ8/GUiIWwO/97u/h1z/xCXVdzZw9pABiCBixCUtKwIpa+qPRnNk0qNLSEIZEDAEzaiqOhjz/7gmRaIrflgxhCqF0VaGP9Ladbp/W/AyUvDWCDpS2opTtv2i17UMAhjCxqreGiVoNMrbalpdUXlg2ncCtX/cwEIO/8mYYhmEY/mvIMAzDXGD8/Q/WoVLzAAArl/TikgW5ae5eAG1uWKDd0ZlEd5uSGKi7R/X1AaBer6NcLuPee+9VrlkST3Vx0rIsBEGg3LRAs05uPp9HNpsFABSLRUgpUSqVkM/nlSOXvkgiR3IYhm1fLlmWBSmlEp/J2UuuYXI/k1vY9301TXf9Uo3iMAyVQE3OYHIwUzw1ib0U7UxCLjl8aX9TqRSiKEK9Xle1hek46FHUtVoNXV1daDQaOHz4sDo/1WoVa9aswV133aUEfB1y6eq1ffV5+ljQHb3Jc6m7enUhmJbRz+Wxxo4e/X1xXxYXL+pB/+AYxifr+OfHNuBTH7px2joMwzAMw8wOL/Dw9DNPN2/6Q0skmOG6uqgXhwGef/55/IcPvF/dIMdceKhrOhKfMDvnp4BsCYbnWWbwzzkCArFBn/9acdBGy3VqAoimfnM03bACkDGEkOfl7SBTH11MSKFJtkkB95jrz/CWCIranj4DRiyRM0L87zuLaEgBC2ErUlpoVuP2zUxp9fUTb5thGIZhznOOn2PIMAzDMOcRcSzxV/c/p95/+bduV4Id0F7/l6aT+1evHUtuT93hq4vIFBecFApJxA2CAEePHsX4+LgSPUlgtSxLOXiDIICUEuVyGUIIpFIpAGjGDgLKAex5HorFonLxRlGkXLMkYlKNXhJgSRileGuCBGFyAZNTl9zDURQhiiLl0qUvP2lfqT06Lq7rwvd91XdyH1er1Wk1eClamrZ1+PBhjI2NwXEcFAoF5fYlIZnOSTqdRjqdVvtpWRYef/zxNhFej5um/nY678kI7OQ8fbppmtOEf905rI+t5viL28ZKcnxFUYSvfvoOtfxffPvZaTXmGIZhGIaZHVICa19ai7179kzVp5zN+tASRYXA+nXrMHRoaHaNMEyC808uPElk4nEuINAUfkm/NPRnTQml6ecxovUP0x6nfEPTHlLECA2J2DCQdWP0pmL0OgI9qRg9qQg96Rg96Ri9mRi9KYneNNCbluhNSfSkzpXBxDAMwzBnFxaAGYZhmAuGh5/Zin1D4wCAYs7FFUu62gTIY9X4pXn0nBTvkuIvzdMhMZCii1977TUVe0ziH0Uu0/ok3tq2Ddd1Ydu2EmVpnh6nbBiGcs/qTt3x8XH4vo/JyUkcOHAAIyMjGBkZQalUghAClUpFtTs2NobJyUnlSK5UKmq58fFxeJ6HRqMB27bV6zAMlWOX1tPr7woh0Gg01DZGR0chhMCRI0cQBAFM08TAwAB27dqFvXv3YmBgAHv27EF/fz+2b9+OAwcOqLaoRrBt223nIpvNqthr0zSxY8cO1Go1df7oWOgCbqfzo7epxzp3Orf6Op1qC3caEyRE632heaZpYvXSLnTlmmL53kNj+Lfnt89gZDMMwzAMk4Su6Xzfw/e+dz/8RjMB5g1pF1Li6OEjeOzRf0cYhKeknwxzoXEyNzjq1+RnDBJ9SegVAEwJGHLq21RDnPci8NlCSAkzFhDShClDGGhAiggQZttDovWQBqQ00bRrmydqnmEYhmEuCDgCmmEYhrlg+MvvPKte/8Vn3t1WuxZAm3MzKf7Saz2OWY+L1h2/uvCn14ul17ZtY8OGDQCgatcahqEeQRCoyGPDMJDNZpWzNQgCJaYODw9j8eLFqi5wGIYol8swDKPNETsxMYHx8XF0dXVhcnIS27Ztg2EY2LVrF66++mosWLAAYRji8OHD+PCHP4wXX3wR8+fPx/Lly5V4vHjxYmzZsgUXX3wxXNdFLpdT7t56vQ7bttuOAx2nMAwRBAFGR0dRKBTg+z4A4NChQyiXy2g0Gmg0Gti0aRP6+vqwY8cOdHV1YWRkBIcPH0Ycx2g0GkqILhQK6OvrQzqdRj6fh+d58H0fPT09GBwcRBRF6hgdOXIEixYtajsHwJQTl5zNyZrOnc5jMiY8OVaS44fQhWZdDE5GTetfZn3l03fgN7/yqBqz73/7m9744GcYhmGYC5T9+/dj8ysb24WjkxFsWqtLGeORhx/Ghz78YSxYuOCU9JFhLiwk4jjChvXr8cUvfrF5s6k8sQFYACgUC/j0Zz6LX/iFO0+z8CoAql+r17GVAIShxGFB05jTQPMcxJAALEBaiAEIBOh08s/HGG6GYRiGeaOwAMwwDMNcEKx/7QDWbh0AAKQcCzevXtBM8Org+Ew6OXWSUb/0nhy7RFI41EVB3/fxyiuvKCGZauaSu5X6RDV19Zhmx3FQq9VQKBQwd+5cJf4KIZToG8exEkyHh4fRaDQwMjKiBNd6vQ7TNJHJZPCzn/0MhmGgUCgglUrh3nvvRU9PD/bt24fBwUEUi0WEYYjXXnsNixYtwtjYGBYuXKiE2yiKVFw17ZvrupBSqmlA04E7NDSErq4uDA8PI4oiHDp0CGEYYnx8HGNjYzh8+DCCIEC1WoXneajX68hmsxgcHMS+fftULHWhUEBvby/6+vrQ1dWFbDaLcrmMbDYLz/MQRREcx8G2bduwcOHCNscuuW518T5Z//lYIn7SDa6/JndvUhBOjofk6043FLx9dR9cx4TnR3hu015s2nkIV69cOJNhzjAMwzBMgg3rN2BsfPyUtCUkACEwePAgXt28CX0L+qalijAMc2LCMMTBgwexp38PvEZjRtKdlBLVajdqtdpp7l2rN6rWsxYH3ZpNZWspHlnOprA4M0MEYiEhEcKQZuvwRxByurs3hsGHn2EYhmE6wAIwwzAMc0Hw1W89o15/4RO3QrQ+shN6rVci6fJMOj6PJwqSyKiLe+Ti3bp1qxKNSbCM4xiWZcH3fVVrl9YNw1C5a/P5PMrlMubMmQPDMJRAnM/nEYYh6vU6oijC3r17sXPnTiWoUt+pBrBlWWg0GkocnZiYULV2h4eHkcvlUCqV0NfXB9M0kUqllEBeKpWQzWbhOI4Srj3PU+0DUzHJ5AJ2HAelUgmZTAYDAwMIwxDVahVHjhyB53lIp9OYmJhAsVjE2NgYAMCyLCWslstlta9BEGBsbAx79uzBFVdcoYTgXC6H0dFRWJaFKIrw2muv4Y477ugoyiYF2eT5pOdOMd/kzNbjwvVtdGo/KSoTep1iNU9K/NGv3YI/+LuftsbuGnz7jz92oiHOMAzDMAw0DUYAURjgyZ88gSgMT1qoVbqPQEsQkghDHy+8+Dxuu+OdsGynWSVTaiswDHMcBMIwxsEDg/BnKP5OrXnqf8Rk67dGDNlqW0BANkuG6xs0AMQU/2zAiAFpAIinShjzj/+pQ7R+8QqYU5o8zI5Cu4Dkg88wDMMwHeAawAzDMMx5z+CREv51zVYAgGka+A83rgDQLvKR2Ks7QZPiLr3Xa8Mm438pVprm0bIk6Pq+j0wmo+Kefd9XdWsdx0EcxwiCALZtKxHVdV0IIZDP51EqlZSr1XVd5cClfk1OTmLHjh0YHR1FvV5Xbt9UKoV8Po90Oq3cxbRd6l+lUkGj0UAul0M6nVYO3/HxcQgh0N/fD6AZ31ypVBBFESYnJ5VATaJ2vV6H7/sIwxCVSgVSSjQaDRQKBdVGqVRCrVaD4ziq77R/hmEgDEPkcjkATddzNpuFbdtIpZr1cS3LQjabxdDQEEzTRDqdhuM4bedjz549yGazSnw1TVOdo6TYm4x+1mO7k3V7yTXciaTrV39P7uzk+NKd5/R4/00rYJrN8//AT7fg4OHS8YY4wzAMwzBJJLBrxw5semXjaWha4oUXXkB5chI4kzVJGeY8wfM87N+378zW9D0uEoZsfY4AIKVoOn8lKcCta3+jGUssDYnYEJBWDBjsPz1dJI7+9ImthxDTJzMMwzAMww5ghmEY5gLg7x95WX258LE7VsMUU+Kt7urtFAWs08kVSssJIZRQqDuEaTldXO7u7obneUq4JfGPop7pYdu2qu2ru4Mdx1GCJ9D8AsU0TeWoHRoawsDAgKoFTFHSqVQKXV1dqFarCMMQ2WwWQRCoeZVKBZZlYd68eRgfH0dvby8mJibaHM3btm3DpZdeqkRa0zRRr9dV/DT1lURlioJOpVKYmJhALpfD5OQkXNdFKpXC6OgoMpmM2veenh7lFI7jGPV6HWEYIpVKIZvNAgAajQaCIMCRI0fQ3d2N9evX4/bbb0c+n1fHul6vY3x8vE1YJeeufm6S8c6685qWI3EbgHqmdnQ6RYEnl9W3q597fewJIWCbwC/f9iZ898mtiKIY3/y39fjDT9xx4sHOMAzDMBc4dPUWRhG+e//9qFarp8GaJzB44CCee+ZZvO/9H4Bl8b31DDMbqtUqBgYGznY3ALRinFvi78I4wodkhDFpAkJAyMQvDgkIKSFlBEMKGHGEqyFhQACtCrUMwzAMwzDnCiwAMwzDMOc9335iyvnxyfdf29H9CUAJuAQJcrpADGDac7Idvd6vLupRbdof//jHqm6vlFIJprZtA2jW0QWazld9fSklUqkUisWi2lYQBKqubqPRwMDAAA4fPqzE5a6uLriui1wuB8uy0NPT0/wiFEAmk0Gj0UC5XEahUEBPTw8mJyeRSqWQTqeRyWTgui7y+Tx838eSJUswNjaGTCaDarWqnMSWZSkROo5j5WqmvjcaDdi2DdM0cejQIfT09Kho6r6+PmQyGezYsQP5fB6maSKbzSKdTqNerwNoCtx9fX0IggC1Wg2lUgm+76NaraJaraJSqcDzPBQKhTZBf/fu3W2OW12cTZ5DvSZwMtZZF/Y71felebT/JEIn2+h0gwEtq4vTtP1PffA6fPfJpnP9/p9sYgGYYRiGYU6EFsN8eGQEzz77LGR8Gpx5UiIKQzz0wAO47fY7UCwWWfdhmFkwMTGBI0ePnO1uNGnlN1sQuCaWWC1chAAMGTZ/rBMicGQYECKClDEEJIzYghtFU2ZhhmEYhmGYcwQWgBmGYZjzmo07DmHPYLOmbCHrYn6XO61eK9Au4JIgp8caEyTUJcXfZDtJcZfaK5VKeOihh9qEXSEEHMdBvV5XQmlvby9qtRqAqehgqrlLz+SwJTF27dq1qFQqMAwD3d3dKBQKWLhwIYrFIpYuXQrXdWHbNlzXVS5aKSVGRkaUy3Z8fBzpdBpz586FaZooFosIggDZbBZSSiXEOo6j1ifh2vO8tuNIdYtTqRQ8z0O1WkU+n4dlWVi2bJmqO+x5HlatWoWwVZ+vUCjAsix1XCjG2bIsTE5OwvM8jIyMYN++fRgfH4dhGBgeHsbcuXPV8SQX8ObNm7F69eppMcudagAD7aK+HhedRHcV07mkcZEUepMuY6oNrQv7ncTp+UUHaddG3QuwY/8RvLp7CFdesmCGI59hGIZhLmAksGnjJowePtqMaFZFfE8NorWN7du3o3/3Llx73ZtPWdsMc74jhMDo6ChKE5NnuysAKOlZIkYMUwI2AhjSgCklhGzOa1texpCIYUUmQlMCIlK1gxmGYRiGYc4lWABmGIZhzmu+9+Qm9fq///INHcVfAG1Cb1KwA6ZEQsuylAjcaR0S9gC0tUGvq9UqRkZGEEWRcgG7rgvLslCv11VdYHLpCiGQSqVUXeBcLqecspZlKcftE088Adu2USgUIIRALpfDqlWrsGLFCsybNw/ZbBau66JarcKyLFVXuFarIZvNKgfvnDlzYNu2Wo5iouM4hmVZSKfT8DwPlmUp5zDNo8hqqpGr1zKO4xjZbBbd3d0Amu5my2pehtTrdeVqrlaryGazyGQySsjVI5lJECYHcXd3N/bs2YPBwUEsWLAAnucpMdU0Tbz++uu4+uqrEQSBOp46SYE3GQeuu3j1+GYSbZNR0Mnl9bGjt6uPQ11A1vsURRF+55duwJ9967nmWP7JZhaAGYZhGOY4yJYFWAB4+umn4HmNlnlPnOIEaAEJiXK1gvXr1+Gqq66CYVodrzFnB0XIUjv0/AZczMlVk4m22g1pJ+KN79/M+nRh0rKhTjv/szn3+oE8l2vSxhgeGoQfeM23elfP0lgQEDClgJDN82CiVa6lQ3+EFBAwIYXRrBssz+2jfUqRQNtJEm0zGIZhGIY5x+BCNQzDMMx5zXd/PCUAv/eGi9Vr3aF5LJcn0DkqWHdvEnrkb6f2SfRrNBqqdi614fs+xsfHEccxoihCLpdTjlsSUqMoUg7eKIoQxzFM00QqlUIURbjooouQzWbR1dWFq6++Gtdeey2WLl2KhQsXwrIshGGISqUCAKrebq1Wg23bsG1bicl6zV5aj5y4qVQKANQ2qeYufWlYr9cRRZESt4FmnHWlUkGtVlPCrGEYqFarSKVS8H0fQRCgXq9jYmJCOaDDMGwTV0ksdl1Xiclz585FPp9HX18fXNdV4m8Yhiryeu3atdNE+E6OX9qPpAhL55s4lribHEvJ8aG7gWm7+nJJMZhuLnj/26bGrB5lzjAMwzBMB1p/eg8OHMALzz3XmiZOuahEf9ejMMKTTz6JcqXcNv3kSXaURME32KT+0Jslc7SU06Z1erQtd6r7NBvkKXick3Q6/yfTxjm7gwCAKIpx6NAhRFF4qm/NOCnUUBQADAEIA0L96/CzQNfuhmz+ehFofrt69nfl9CMACDn1OLd/oBiGYRjmgocdwAzDMMx5y0tb9uPg4RIAYOGcHLqz1rQv5kjQ0wVcPY6XBEC9ri+91iOCk/G99FoXHU3TRCaTgWmayhVL7lmKf6blSeRtNBoqSprcwKZpIp1OIwgCGIaBsbExhGEIx3HQ29uLnp4e9PX1IZ/Pt9WfNU0Tvu8roTmKIiXy1ut1ZDIZeJ4HIYQSYKnftC1gqjax7/twHAdRFMH3fSUkB0EA13WVm1k/LkEQwPd9+L6PcrmsxG0SjcmNbNu26oNlWWg0GkqAJoE0l8tBSomFCxfi0KFDytlMTmrHcTA0NKSOfydRls4Dve8UE30scVcXkztFOOtOYX2bNN7ISU7nh9bVhfKenMCiuXkMHinjwMgE1r92AG950+JZ/ywwDMMwzIUAiUkPPvQQxsbGWtNOw3boekJKbNu6FVu3bsWNN75tWjLISbQ89VJqUt4b2Am1vmxvRmnBEhgeHsauXbswOnYU9Xqt7XrZcRz0dM/BihUrcNFFF6nSH8r1eBJ9O1afjrXwqT6H56Zc1X7ujzXruEgJQT74U3XQOhz/N9p+vVbH0NAQ4jA6JSZ35hQww983bN5nGIZhmJ8vWABmGIZhzlu+95PN6vXvfvSmjiKgLuQlhTkA09bRBeNO4m+nuGB9Xr1eVwJpGIZKJKTavNRWtVpV0cvk9PV9X0U8kyg7Pj6OarWqXMOLFy+G4zhKaPZ9X227XC4rRy/QFGOpLyQE68RxrOr9xnGMMAxh2zZ834dpmkoIBqCE2yAIVFsUkUyCLQnFtG+e5yk3NAAlGtNxJ1GYYrepTjGJxhQxXSgUUK/XlUgeRZES033fP6ZgS/tI75MxzEQnYZf6rO+f7uTVnzvdIKDfaEBu8OQ2oygCAPz2h9+K37vnKQDA95/czAIwwzAMwxwDKSVGR0fxkyd/gjhq3bx3OhWK1rXGA99/ANdcfR0y2cwpaTYIAjzxo8exbdtWyFhCzjB6+aJFF+E/fuhDyGazre4JQEpISAg0rwePHDmCDevX45WfvYJtW7eiv78fpVIJUsYd22xenzS3XygUsGrVKlx//fV497vfjUtXroJt220xuTOLiW5d90gg8H2MjY9jYnwcE6USKuUy6o2GSs0JfB9jY2MYOjSEw4cPY2xsDBOlCdSrNdRqNYRhiCiKOt6MmdwPIQQsy0I+n8e8vvlYvmIFrr32Wtx8881Yvnw5TNOaxT6ceugGyx/+4BG89tprrXOHlsX0xAgpYdk2PvzhX8Kqy1ZNTX8D+7NnTz8e+P73USqV2vv6Bg5R4HnYsG5d++eyE7SnPiPVanjgge9j3Yb1J9xOsVDAXR/9GJYuXTpt3uk4x51Shma6PACUShPYtXMnBg4cwNEjR1CpVhH4/pnRxiXgOi4+8MEP4uKLVxxzzAkAMaSqg95oeOjv70f/nt0YHhpSN/i2Zp8x5s6dh0984hPNPp6ln1+GYRiGORdhAZhhGIY5L5FS4ntPTgnAt16zpG1+p/q8JLrp88ghSh8kyQ18rChhXUAkkU93gpJoGYahcssCUE5gEoVJuLQsS9XL7e3theM4cBxH1fmtVCrI5/OwLAtLliyBlBJz585Voi+JrrQNfVvZbFZFSjuOA8/z1BdPFKNMkdCGYaBerysXsuM4CMNQOZFJSKYv4KSUSlCmPpRKJXieh3q9rvYPaMY7W5alxFDHcdRxTqVSaDQayrlMNYZ18VxKiUsuuUSJydQPqhdMbZHgqp+7TjcDdHrWIfFXF3lPJBgno6ZpfCQjxZPjCgDeec2U4PvtJzbiK5/9Rf5ig2EYhmE6IITA9u3bMTgwAAkJAwKafnnqkLS95vNLL72IwYMHsXLVqmOvMwuiKMQzz6zBD3/wA8RhNOO/+8suvhg3v/3tyGaz2nVKc/f37t2Du+++G0889hgCP2jN012nxxNQm/PKkyX8bMN6bFi/Hn9379/h//mN38CnPv1ppDLp46w7HQGBQ4OD+KM/+kO88MILCD1/uss0cZ1+zLZaIrdeNbfzcoCUMcLAx8T4GCbGx7Bz+3Y88e//DtM08Zuf/CR+87c+hUxLPD/T0D46joOJiXF89zvfRhSGsywB3PT/dnUVcdllq5oVhd/QNaPEunUv4/7vfgeVcrm1iTf+w5S8bp7xuBECfks83rBu3QmX7+vrwx3vejeWLVt2Uts7WWazP1JKHDo0iHvuuQePPvIIqtVqx/F+uvssJZDL5XHdddfh4hUrjvmDJFs/a4Hv40eP/wh/9bWvYWD//tbvwuk3W58JJIBLV12GT3ziE/wZiWEYhmESsADMMAzDnJeseWUPDo83a94u6M0jbYuOApseAax/YCTRMBnjTLHJuqgHtAt71JYuAlNEs+d5yGaz6u5oXTi2bVu5HUi8NU0TnuehWCyiWCzCMAxVC5gcw47joKurC67rIpVKKRGa4paBdqcrxSrbto1UKoV0Og0pJTzPw+HDh1WfSQgmxzO5aslNnM1mVdyyXuOW+k1CLYm+jUYDtVoNQRAocZiWSaVScF0XCxcuRCqVwuTkJCqVijretm2rL0R831fiOTm24ziGbdvIZrMYHx9vc243Gg0V8U3HoNOXE/o+6MuSE1ePdaTjQMJ+0imedBonx4i+bdpeMk6anOiFjI35PVmMjFUxMlbBi1v2421XTn2RxTAMwzAXJJKe2sWS59asQb1R1xc5QRtNhVhieqmIE4oJrQ2UJyexYcN6XHLJxTCsU/E1i4CUFGgt1bQTMXZ0FEcOH8GSpUthCGD06Ch++tRTeOyxR7Hu5ZcReP5USx2E1dm4FsMgwN/dew+2b38N/+/nP4fLLrsMUs7cAex5HgYHDyHwPAh57HN1LPG30018M+l3p/dRFOHee+7Byy+vw3/777+Dt15/AwzTaMbingVB6frrb8T8eX0YGjzYnDDDPpA4t2H9BoyOjqF3Ts/MBTmpv2yuUyqVsGXzZtRrtbZtnC30siwzWh4k/E8tX6lU8C//9E948cUXT2nfFi9ZjM//7u+hp6enbftAp59cCUiJgQMH8O1vfQuPPPwIxo4ebetrp7Izp3csNmv5SnnszHX6HLbm6afwf//hH7Bp0ybIKIbA9Jthz+TPDdVmbts2R4ozDMMwDAAWgBmGYZjzlMdffF29/vVfvHpaJC+R/JCdjAZORj7r6+ht6EKyLjDqDmApJQYGBlCpVFQ8cyaTQRAEyOVy8H1fiY3kiCVxNJ1OK3GX2gqCAPPmzUOtVlPLO46DarWqlm00GqqfcRwjn8/Dtm2k02nkcjnlqq3X6yiVSqjX6ypuOYn+JUQmk0Ecx8qdbNt22zHSjyPFPus1f/VjScdCSolyuYyjR4+qfZdSolarodFoqIhpvSZxFEXIZDIoFotoNBrI5XJtgnB3d3dbFDX1SRf4iaQ4q0d6H6vGL+2nvkzS8Zt0iuvTOrVLwq/exq+/9xr82beeV2ObBWCGYRjmgqdD7dBquYynnvwJolYpipk1QyDpZ0AAACAASURBVH//20t/zEbACIMQzzy7Bh/8jx9ExsrNYieOgVaIU4iZ1xWuVsrYt3cvrrzqSqxduxZf+D9fwMH9+yFEZ3fvTPax4zIt4TyOIzy95mlMVibx1T//cyxevAQzEapJshGyefyFACiA+mSrKJ9oX06073EU45UN6/EHv//7+LMvfwVveetbVerLmUDvz/IVy3HDTTfg4QcfmrUDWADYtWMnXt20EbfefvtJCXHkqh4aPITNmzaphKSzycntx/TDF4UR9vb3Y/3La09Nx1qUJsbg+96Mlo3jGAMD+/E7v/3b2LZlK/00tPrc/tkkOe20IiQgJNpDE5qVgaWUiMMI377vW/jql7+EMGxPERAz+rk/fRiYurGFYRiGYZgpTvbammEYhmHOaZ7fvE+9fsdVSzpG/hL0Jd+xRF49NjgZ9UyvaZ5eG5YERAAq9rmrq0vVx6V6uiSeep6n+kL1caWUyvFrmqaKhAag6vJms1nliKUY5DAMUavV4Ps+6vU66vU6XNdFuVxGf38/Xn31VezcuRPDw8M4ePAg+vv7sWTJEixduhQHDx7E4OAgqtUq6vWmg4Ycvcl9dhxHidwUv+y6LhzHQRRFStCuVCptdX9JJK3VahgcHEQ+n8e73/1uLFiwAPPnz0dPT49yJqfTaeVWJpHY8zwVX03nKpVKAZiKlK7X6+jt7YVpmm3LJWO96Vzpbt7k2Ei6wZPirz49KSDrY4LOG81PCsFJlzA93nHVVAz0c5v2dhjxDMMwDHNhIyTwox/9CENDQzNyhBKy9cjm87jr4x9T11mzczpKbNiwAXv27FF/588GYRjhx0/8CJ/91Kfw6U9+Egf378Npt8JJiZ/97Gf46le+gsOHD5/ebZ1GZMtLfuDgAXzxi3+MV1/dfNbcrtlsDrfffgfmzZuH2Zw/+pQzOnoUL7zwAqqVykn3IYoi7NixAwMHDnRMUWJODiklNm/ahM98+tPYunVbcxrOrrP6+DT75TU8/PO//BO+9rW/QBhNv1GYYRiGYZhzE3YAMwzDMOcdDS/EhtcPqvdL5+chWr6CTm5MXfzr5N5MRv/qX4B0ag9AWy1cei+EwPz585UYLESzni6JmRSxXKvVlLvVtm0AzXpgtm0jjmN4nqdEzVQqperjUp1e13UhhEAQBCiXyxBCoFKpYHJyEnPnzsXy5cuRy+WQy+Xguq7qX39/P3zfR3d3N+I4xujoKPL5fFv0NbULAOl0Gp7nwXEcpFIpWK3IQ9pviq+uVqsYGxtDrVZT7mLHcdS2rrvuOixYsAAjIyPI5/OIogjpdBqWZeHAgQNwXRfpdFrtC9X4pfhpqkGcz+eRTqeVuzcMQxw9elTFYCfFezpmJFLTtE5fcnVyjdN0vdZzp4hnap8EYqr5q7dDNwXo4rAuRi+dn1fLvrR1AGEUwzL5Pj6GYRiGEUIAsUS1WsWDDzyorrFmtjKAWEIYApddfhk+/alP47k1z2BoaOj4gozQXzb/9pcnSvjBD36AlasuU9d0ZxohgGefWdP2/vRsKPEylljz1E9x441vw6/cddcZdc6eKqacjMDO13fg29+6D5dccgny+cIZ64OKDDYErr/hBlx+xRUnJapHUYSXXnoJvzI8jEvz+ROvAEwzbjc8D5s3bUK9Vpu1I55phxy1UkpMjI3jr+/+Onbv2Amh36B8Lh9eKfGzDevwN3ffjXq11urvudxhhmEYhmEI/uaQYRiGOe9Yu20/oqgppL1p+VwYiDu6MZI1lZLPFB2cnEd0cgEDUJHP5AjW68V2d3ejUChACKEEXhKHqV6t7/vwfR+mabZ9gUhCo+M4EEK0Pev7R3V3q9UqqtUqRkZGYBgGenp6VB3eSqWCer0O27bR39/f5k62LAthGCKdTmNiYgK1Wg2e56m4aACoVqsqzpkcvSTUplIp5UYWQijHbhiGylHcaDSwYMECLFq0CK7rYmBgAIZhYPfu3XjmmWewadMmPPjgg3j44Yexf/9+bN26te28AIDneYiiSMVHA0A+n4dpmup8jIyMqONM684kTu1YzqFkZLj+OnnjgP4F9PHqeNFNBjRedPe4Eo2FxKK5zS8goyjGum0Hjtl3hmEYhrkQIOcuWn+Pd+7ciV27ds2+HQHEUuL6G2/E/L75uO6669Tf4Bmtr90U+OSTT2JoaGjWfThVSLSilFsHR70/A3ieh0cefhiDg4PnsJvxeLSOlpRAHOPZNc/g2WefQRD4Z6UnhWIBt9x2K2zXmd2KTTspBgYG8Orm2buYyY06enQUW17dMqt1mWMjpUSjVsd9992HF1984awmBcwU+swyNjaKv/3bv0G5XFbji2EYhmGYnw/YAcwwDMOcd+jxzx+9fbUS1nSHJjBV01YX4jo5N6m+rr5s8ovBY70m0dF1Xfi+r0TSyclJZLNZ+L6PdDoN3/cRhqGq/0o1eIMgUFGEruvCNE00Gg21P67rotFoKBGYhE/f95VA2t3djbGxMezcuRP9/f1qnxzHUTV1qY7v4sWL0dfXh1wup2Kq9X01DAO+76u+kyuYRFnbttFoNGBZlnLeUi1iEmqXL1+OYrHYvAt+YgKDg4PYvXs3Dhw4gHK5jFwuB9M0VXT1U089hSAIkE6nUSwWceedd6LRaODw4cPo7u6GEEI5aKkfjUZDxUXv3bsXK1euPG6NXj3GOooi5VzRz3cnMVcfU8kbBpLul2Tcc7K+cHJcEtTOx9+1Gl/5zosAgOc278VNVy7tNPwZhmEY5oJComlGe+mll1CplGe3IqDqpt5www0wDBPX33ADHnvsMURhiEQxzI7o15aHh0ewefNmLF68mApSnlFjn7oCFYn3x1quAyfTXwFARjG2bNmCjRtfwYIFC1SKzYl7kOzN2XYWSkgIjI2N4cdPPIEbb7gJPb29Z6Unb3nLW7Bs6TLs3LkTkLLpNm8dnhNUPIbvNbD2xZfw/ve/H1brXAi9KO7xGhDA7t27cfDgweMs1M5sJcE3cpZ/LuVHIbBn7158+9vfQhiEEBLqXM4ImXh5On5MOmwjCiP89OmfYt3L65ppCULM5Ndisrk2TutP+Ew7xzAMwzAXCOwAZhiGYc47XtAE4JtWXzSt/i8JwkmhDUCbEEfuXVonjmP10OuzJmOASQTU1yWhVa8d6/u+WkePKU7Wp7UsC41GA0EQII5jOI6j3KXValVFNBNRFKHRaKBer2N0dBTPPfccHnvsMWzcuFG5eWu1GiYmJlCtVlGr1VAqlTAyMoItW7Zg/fr1eP755zE2NgbLstDV1YXu7m61nSAIVJyzlBKZTEaJ3LlcDtlsVtUsJlHUtm1YloWlS5filltugZQSzzzzDJ555hmsWbMGW7duRalUwurVq1EsFjE2NoYgCHDjjTeir68PhUKhdQf6GL7zne+gWq3i6NGjCIJACcu0HRJMLctCqVRSfQXa6+8Sei3f5N349F53e+u1gmn/6Dzq7m/9QW10chZ3cgQnn+M4xjuvXaaNca4DzDAMw1zYCO1Fw2vgJ08+gfgka1NeuvIyXLbycgAC11z3FmRzBcxGRaC/94Hv4YXnnoHn1U+qH28UA+1f8iTfnw4oDlaYBkLfw0svvIBGYyb7H2NKIpIQrcfZQwAwAGGod1s2bcahwcEz2gOBZj1rSIGLLlqCW259JxzbbU5rccyj1GpAonnt+NprW7Fr186p9Wbg3BQSCBo+Xt28CZPl0snvzDnAuSIUCwBxFOHltS+iND4GQAJG++eEcwoaiAAq5Qp++PAPmjcgGAKxNu9cQiUfEOdgHxmGYRjmbMACMMMwDHNeEccSL7w6JQAvmpMBMCWy6bG6ehwwgGmCHQl8JHQml9PFQt3FqbdBUchUuxdo1s41DAOpVEo5d5MiMkUWk5OU6vqmUinEcaxEV4qSpm1SP8rlMtasWYPnnnsO+/fvRyqVQk9PD/r6+rB48WKUSiUEQYArrrgC1157LTKZDKIoQldXF6655hq4rouXX34Za9euxeTkJK699lqsWLECjuPAdd02FysdH3JK66IpRVQ7joMlS5bglltuwTe+8Q1897vfRbVaxZVXXolKpaKE7iiKUCqV0N3drRzM73vf+3DVVVdh6dKlattPP/00PM/D8PCwqverO5ZJvPd9X9VO00XWMAynCa9JQZ/2IQxD5c7W91OvJUzr689TYzJuu7FAv4FAH1d6O8kvhKSUWDI3q94/s5EFYIZhGIYRACCBjRs34fXXts9+5Vbpzbvuugu5fA4SwNJlS3HVNVdDGLOvyymlxAvPPY8jhw+3HJvnJuI4j5OFrml27dyJycnJEyw8JXQaUgDSeMPbPx2Mjo5i4MDAWdt+JpPBO29/JxYsXAicxHg8eOAA1r70kkoWUrVmj9uOxNHRo3h1y6vwW59dZsLxxtSpHGez3da5Qr1ex6bNm9S5mDXaDs32WM/4OOkHrGUBHh4ewu5WgtTJdvlcPScMwzAMcyHAAjDDMAxzXrF51xCq9aab9tKLemCgXbjVXb0kyiUdl8nXuvsTmBL0SODUxURdFCRRUggBy7KUaHvddddBSgnHcVCtVgE0hWISLGl5x3GQSqVUPV+qz5vNZttcpSSwRlGEjRs34rHHHsNjjz2GSqUCy7KQy+Uwf/58LF26FO973/uUG9Z1XYyMjGDTpk2o1+tK+Hzf+96Hj3/847jxxhthWRZ+/OMf45vf/CZ6e3sxb948ZLNZpFKpNpFVCIF6vY5Go6EcsfQFB9UyzmazuPfeezE4OIiLLroIt912G2655RZkMhkIIZDNZrF9+3YV/0znrKenB4sXL8aqVatUVDVte9GiRejq6oJpmgiCALlcrk1AtW0b27dvRxAE0wRzOle6aB9FkTo+qv5ua1u6qN/JQayPk6SInKwX3Uk0To5LfZppmjANYOXiZgRhpeZha/9wpx8BhmEYhrkgoL+XgR/gwQceQDRL9y+t39MzB7e98zaYVrNClm3b+PjHPoZUOtVcZhY+QgHgyJEj+NGPnkAYRm3XmWeSY13f6vOSy3SafjKMj4+jUq4cv38AIA1A6J7fKb/ysa7N9ett0zSP++hUYmO2hGGI4aHhk17/jSIgcMUVq3HNNdcAs3SK0rX5Cy+8hNEjR1s3S5x4H2IpsXfPXry+fXvzBokO2+00XmYzdt7IWJvVOvLcERwnJiawZ8+e5o0lJ4n6fXSadqpTGPvQ0DCqlerJt3kKfqfMcotnaDsMwzAM8/MB1wBmGIZhzis27TqkXn/o1svb4nqB6RHPURQpkU+HBDhdiNOjpHWRzrKsNjcwCc20DXr2PA+2beOaa67Bgw8+iDAMYZqminOmiGUSTKnfURQpF7EeH00is23bcF0Xruvi+uuvx+rVq7Fv3z6USiUcPHhQCdZz585FX18fVq1ahUqlopzFtm3DcRyMjY1hwYIFcF0XxWIRK1euRDqdxrp161AqlfDEE0/g6quvVvtMIqplWQiCAFJK5ZRtNBptQnN3dzdM00Q6ncb8+fPx5je/GV1dXbAsC5dddhlefvlljI+Po7e3F47jKGH7jjvugBAChUIBmzZtQi6XQxzHStAuFotKjJZSolAowLZtTE5OolgsolQqYd++fbBtG/V6HVbry13djUsua/3402taXh9DdL51xzaJx7Rc0sGbnJeMg6bXeh1nfTxRv95/8yr8+XdfVGN99cV9J/NjwjAMwzA//wgBAYmR4WFseHkdZHxywsiqyy/D/Pmtv6et9W9++9ux6KLF2LVzB2IA5jHXnk4cx/i3H/4bPvKRX0J3T88ZrgLcJFlWIqbritY1jzAMCMNqu9ZtLhghDIOTEmuorXq9jlr9+BHQQgjAEHDcFFLpdFPbFAIQJizLwrx583DxxRdjxYoVWLp0KRYtWoR58+ahq7sL+Vz+BPWFm20Fvo9169fjK1/+El7bumXW+wM0z+X4+PgZF3/V+YNEKp3CO269BU888bi6QXKm6wPAlldfRX9/P/oW9LXabC2TWIf2MQxDbNu2DYcPH2nWdpbTS+bo2yHBXQiBGMYxl23fVozQ92YlDE5dXxuwLBuGdeKvM+1UGkKcfd+LlBLj4+M4cvgIpASMk4h9llJCGqI19o3T8HtFwnFTEIaphPNYxjh69Aj8IDipFmMpIYzmTdBz586F67qntssay5Y1S+VIOet7JRiGYRjmvIYFYIZhGOa8YveBo+r1NZf0tX2xRV8w6PHFegw0LUOugk6uA10M1r/gIDGZ6vzq6wFoE/Yuv/xyLFq0CEePHoWUEo1GAwCUY1ZKqVy11B6JtXpbej9zuZzapuu6SKVSGBgYQBzHGB0dhe/7OHToEF5//XW84x3vwMaNG9vqDk9MTMC2bdx1110wDAOlUgnbt29Hd3c33vOe92D+/Pno7u5GGIZIpVLKURuGIYIgUKJoEASIokhFWAdBAMdx0NXVBSkl3vGOdyCVSuHo0aPYv38/RkZGcOutt2JsbAyvv/46Jicn1Zd6t912G3p6etDf34+tW7dCCIFMJoOFCxeip6cHqVQKhUIBlmXBNE3UajUUi0XlJq7X6zAMAx/96EeVQK0Ls+TQpmNKYyMIAiXAk3BL80j4peOWjAvXx5E+LxnnrEOCMDmTaZo+7mjbV148r+NYZxiGYZgLDwkpgY2vvIKxsdHWlFlqwAJ46/VvhWVb1CQAwHEdvPktb8bOnTtOplsY2L8fu3buwluvv/6sWBD1Kw3LtrFk2VKsXLkSy5Ytw4IFC9Dd04NCvgjHcWEYU9ctlclJrF37Eh584AGUSrOr/6pf84bh8QUjCWDRokX4q7v/ClEYwbItuCkHrptCJpNVN+ABUMdPFy5jnAgJy7Vx08034f9k/g9+//Ofx969sy+fIQF1bZu8WfSMIYArr7wSV6xejQ3r1886RrdUmsD6detw0003zch9WilXsHHjRhzPSUnXurZtY968ebjooouwbNlyrLjkUlz+psvR29t7XCG4NDGBv/zzr2LdunWzqoHbvNkzj9/45G/hjne964TLm5aFvr6+ts+BZwO6kcDzvZP+dTBn3lx87OMfxzXXXINUKnPqawdLCcMUWHHxxVOT4hjlcqXts+1sME0TH/nlX8FnP/tfMX/+/JYYf+oVWillW41shmEYhmGmYAGYYRiGOa/YfXBKFFs0tymK6neXJ2v+dhLjki5hXRzsFJenOzv17dC2yCFKgmkmk8GKFSswPDyMKIqQTqfh+z4ajYa6g57ERHLRUiS0HmsXhiE8z0M+n1f9Mc2mc8KyLMyZM0e5XskpfOTIEWzZsgV33nknfvjDH6JSqaiawr/6q7+KMAzx4osvYmxsDIsWLcLVV1+NJUuWYHBwEJVKRe0zuX7jOIbjOOpYkTvY8zxkMhklbudyubY6vStXrsSll16KQqEA3/fx3ve+F+9617uwadMmVCoVzJ8/H3PmzMGjjz6KSqWCKIrQ09OjYrENw0BPT4+qp0yieCqVguu6qNfrcF0XH/jAB7By5UrUajUVHU1ObOonCekU7RyGoYrUTt5AoLuw6ZjrkGv4eF8yJV059Do5HjtNWzK/qF7vPjh6zG0wDMMwzHmPbP6tfOzxf0fDazSvvWbZhGk6uPltb5/62y4FSPi64Yab8ND3H2jeMDfThoWAEECjXsPal1/CtW++DqZlwThDKjBdp2Xyedxw40344Ac+gLfdfDMKhcIJBSNa9+Z33ALLdnHvvfcC8cxjtdtudouPr8YIAI7jYMnSpVoH9LltHQPVaj7GEsdl5cpVuOrqazEwcABRGM5oZXVDHlrXa2dTXJLAggULcdut78S2LVtRb9QhIWc8pqI4woZX1mN0fBRzeucce8HWPh8aOoTdu3a2wrjFMY8X3eg5ODiIwcFBrF37Mrq7e/DHf/InuOGt1wOGccx1R4+OIp35/9l78yA5rvvO85NHZdbd1VV9N9BonARAgCRIXCIIkuJhjyVTsmRTsizHymNNjCMcDvka27OyR6Ll2fXMrMe7np2NXXlj1xqvvVrJI9OShuIlCRQFkMRBAmycjRt933XfR+4fVe91VhMkuxsgCTTfh1GsQlXmy5cvs7uz8vu+318QNH0+lvpddkdcExuGQWdnJxs2bFzW5ApNA9vrIxAMv+WzcqVCIZ9Ho/7d7e3c0kvFqTkU8wWq5fkyM4sVcGuOQygc5l//93/CJz75Cdd+vPe/UxygUi6jOU7dcezUS1Evlu7ubn77S1+io6NjvgCwo934z9OCPsja1m/9SKFQKBSKDz1KAFYoFArFiuKCyxUZDfmg8QUeml24bmFtoWjr/tztAL2eIHe9GF+xLbdYKLYrnKrr1q3j9ddflyKjEHUDgYAUdoXLV4icwhUMdTdCuVzG6/VSq9UolUpYloXH42mKMvb7/VIk9vl8+Hw+UqkUqVSKxx9/nGw2S2dnJwAdHR1ks1kikQiBQEBuZ25uTo5DrVbD5/NJsRqQEdbCOesWUj0ejxRFxetarSafh4eHGRsbo1ar0dbWxp49eyiVSuTzeRKJBNFolK6uLgzDIJ1OU6lUpEArHNGWZUmHr67rdHR0kE6naWtr48knn2R6eppCoSDrKbe1tcn4bK/Xi9frlTc9s9ks7e3tFItFeT7Yti3juhcK/m5xH+YnDCwUeRe6zBfetHE7zN3rL3QRtwbmIw8vKAewQqFQKD7kDJ47x2uvHaYellsXbJYS+HrfffexfsP66362Y8cO2jo6GB8ZWXK/ao7DD194gV/+5c/R3rjOer/QNI0nP/MZ/vAP/0hO0lusWKRpGpquse+BffzDP/wDczNT72VXF2xcvLi5aqthmPgDATT9g48CXg6OBpbl4dFHH+XZHzzDKRFnvVily3G4ePEiR48c4Wf/2c+947lQq9U4OTDAzMz0kvup6xpbtm7l7nvuwVnGZIz3GnENHgqH+TdPfZUv/5s/ecsyhw4e5F//4R+STi3N/b4Y6mVn5lOEFosG9K3p45FHH3n/ncyOqDu8dDRNY23/WmJtbfVkBiGov/2cAoVCoVAoFO8Bt+cVsEKhUCgUb8PZq/M3qiyT64q1C4VfIbReT3xzf0FfWMPVHcMsEAKhu023c7hWqxGNRmVdX9u2pWNXRBm7++vut4hetixLir3FYrEprrparUqhWQi+ra2tWJZFqVSiUqkQi8Vob2+nUCjg8/nI5/OkUikuXbrEpUuXGB0dpVQqsX79ejo7O2WNXeHeFf0SdXpFZHOlUqFUKkkBGpDruQVSr9cr970+g38DlmVx9uxZJicnSSQSaJomY55F/V6xbiwWw7ZtKbAXCgXpPHYch1gshsfjwe/38/Wvf53vfe97XL16lbm5OTo6OvD5fExPTxMKhahWq0xPT5NKpYjH4wCk02my2azcn3Q63eQCX+jsFjV6F9Yxcwu9C4XchcKw+9/u+sALJxf47Pm5e4PXln5zTqFQKBSK2xn3NVytVuO//sN/JZfNLKsepmEafOazn8Hn8zUab3zQaKqzq4sHHnhgedG/jsOF8+d5/dgxao1rovcTDU0msyxJ/G08goGgFI/fa653/bQwbedmcFuKTg6NaFuN/nXr2LV7d/24LqEJDYjPznHw4CEymQw4znXX14BMOs2bJ94kl80uvouNY2R7vezavbsRucwtN+Dua2qv10sgEHjLw7a976mzVpzKSzmnNU0jGAwSDAavm2j1vuA4LGdiRiqTplgsgib2eXntzHfDectDoVAoFArFO6MEYIVCoVCsGCZm05Qa0Vpd0WD9BkfjRpZbuIPmG4ji2S3+wvyNsIWisFhWOFndop6o5SreL5fLTe0Jt2p7ezu2bVMul8nn8wQCAbxeL6VSiVqtRktLi3S1CvGxWq1i2zalUkm6f92OX7EvwoHr8/no6emhv7+fvr4+2trayGazjI2NMTk5KftvmiY+n49EIkEgEGD79u3s2rWL9vZ2NE1rcgALkVXEKQvx110vN51ON0VeC7evWFa4awuFQv2GkW2zadMmdu7cyZo1a+jp6cEwDLLZLLZto+s6kUiEnp4e+vr66OzsJBqNyn03TVO6qAHa2trQNI1YLCYdwxMTE4yMjODz+RgdHSUYDHL16lVyuRypVErGQafTaQ4cOMCBAwcYHh6mWCySzWbl+Ip9uZ7L1x0J7j5XFi6zUBR2nx8L23lLZHmtSmvIC0A6V2Q2mVvsj4dCoVAoFCsC8Td1ZnqGV155Bae2PCGgu6eHXbt3o5vGdSUJTdP45c99Dn8jFWUpaGhUqzW++93vkl2CmHaz0LSliUxv18b7ydsJOnXfYG3ZD61uY3w/duGmIwV8DQxDZ9+D+2mJtLz7iguoVau8fvQoI8N1N/v1xtlxHEZHRzl96mT9u8cSh6y9vZ19D+xD07UPNDH77XBPcHh7lud2vbl9WNAjx6FeO/etk5PfD/R3iPJ+JxzH4fzgeX784x/iOFXqduLasn8WldirUCgUCsXyUBHQCoVCoVgxuGui3r999VtidQXXc2WKfy+M6HWLu+L12y0nHKnXW8btFp2ZmWHv3r184xvfwOv1sn//fqrVKnNzcwwNDZFIJMjlcni9XhmdLFy0wiUsXKemacq+C9etEEY9Hg8+nw/btmX/has1kUhQrVYpl8tymY6ODlpbW6WwLKKYhbBaq9WkoO2O0xYOZBHx7Pf7ZfyzaZoy5lpERYv4Zdu2m0TetrY2gsEg1WqVzs7Ophq8IhZbbEu8do+/qDHc0tKCYRhcu3aNjo4OqtUqw8PDnDlzBq/XS2trKx6Ph8OHD9Pd3U1rayu2bTM5Ocn4+DhbtmwhlUpRLBZlH0TENtAk+ovti/1ciBCD3VHR7nPK7aauR8PNR0y7zyu3y3v/XWv43qHBxjk/Q6ylb+k/LAqFQqFQ3OacOXOG0eFhRLXWpcoD27dvJxqLveV9EVOK47Bt252s6e/n1MmTS+6f5jgMvDnA8NAw4W3vXoP3w4zjif+KWwAAIABJREFUOORyOeZmZzl96hSnTp5iZHSEdDqNU6st4+jOU606XL5yhUp58fWMbzUc6lHQW7ds4b77dvLiCy8suY2hoWFODgywZeuW62+jVuPC4HmuXbu2LEf95js2s27dejH7YMnrv6/c4t27ZdBopD/p1Fi6DlzI53jqK1/h2rWrPPTQQ/MuZmfpXiRd0/BYFqZpYnlt+f1VoVAoFArFO6MEYIVCoVCsGNw1UXds7AJoEtPerm7SQqemEP2uFwstlnG7FBbWfRVi3sKaw4ZhUK1WSaVSlEolfuu3fotvf/vbBINBfD6frJ/rOA6lUkm25fP5ZPyxiH0Wkc4ixkxsx7Ks+Sg225ZfjEUbYl/7+/tlzV6xvx6PB9u2qVarFAoFGa3sFo6FECnGpVarSQeuWyQX4yLE42KxKKOfhWhcLpfRdZ1yudzkLBbrCxEZkLWHxTpiPIvFojyGwnkt9jubzWKaJsPDw5imSU9PDwcPHqS3t5eJiQmCwSDhcJhCocCpU6eIxWJs3bqVK1eusHHjRkKhEOVymUAgwPj4OLFYjFAoRK1Ww7Is6QYWYyLOAeGEvt755v4ckLWa3a5f8XphzWHxuPeObikAXxieYc+dSgBWKBQKxQpGxKY2YmUdpy73vvjC8xSL+aZFrydQiNBR3Wl+b+/e+xuTu7QFSzOvAms69+3axelTp+RkwsUIuQ4OaJCIz3Hs6GE2b9ksr4mUENzs5puenOQf//FpDvz4x5w/f45sJtP0+Y2OV+NbwNtGH98uaA60RmN89LHHOXLkKMlEfEljU6mUOHz4NT75C5/E8tbTZOrzHOYThN48/gb5XA5wFicCO3W3u+31snvvXvwBf71ddY6vCHRdJ9wSrn+3XcZPj6ZpJBMJ/uov/2f+l7/8S5DTdZbbH4NQKESsvY2+vj527dnNJz/5STraO0DT5LwDdf4pFAqFQjGPioBWKBQKxYrh0si8ALx5TVuTSLtQRHs7J2+1WpWi40Ln7sLYLbdQ6a776/63+2ZhuVwml8vR2dnJmjVraG1tpbW1VcYU+3w+Wlpa6OzsJBAIYFmWXE+4ZPP5PJZlYRgGtm1Ld2qlUnc1iPjnQCCA3+/HNE1s28YwDEzTxOv14vP58Hq92LYta2D5/X4pEgunr1vYFYi+ChevEEGhLvK66/0KMRvqAm4ul2sSfd3iqXD16rre1DchIou4aeGGFn0Tz8KVq+u6HBePx0MymSQejzMyMsL58+fJ5XK8+eabeL1e+vr6uHz5MrlcTjqtc7kc4XCYaDRKJpMhk8kwNDREsViUzmmxr2K/y+WyHHeBGJeF7vKF55PbMS7GTeB2rYs2DMNg0+pW1zk/i0KhUCgUHxYcQNMcJicneOmlA/W/sw1hePFlRzUCgSB7P/KR+t9gsd512tE0nT17P4K1TKdZpVLmRz/8IdlMZlnrr1Q06tdKhw4e5J9/4df4y7/4C944doxMqj5Oy4nKfadtaTj1SOvbVBfSmL8OfOCBB9h4xx1LWFlriGMOp06d4vKVK9f9PpNIJDh16hRyEsQSxmr16j7uvW+n/A51y6O9zUPRhKZpxNra8FieZY+RTN5Cu+FhrtWqJBJxLl24wIEf/Yj/8Od/zsd+7uf41rf+v+tE7asDqlAoFAoFKAFYoVAoFCuIidm0fB1t1EkVAqaI513ozBSCnHC5mqYp33N/JsQ4t6AnHL5uoU98JtZzC6pCGBbv+Xw+oC4mTk1NSQHUtu16vJVl4fP5ME1TRj2L9SuVCoZhYFkWlUpFCpALY4XFurZtS1HZsix0XScUCkmxVYimmUyGfD4v2xGxzWIMhIM3l8vJ/kJdBK1Wq03isOiHcAqL+sZud7NwM+u6Lusji3G2LAuPx4PX65WPQCCAaZoyQky4lt1iqWEY+Hw+dF3H4/EQjUbRdZ2pqSkuXbpEW1sbtVqNH/zgBxw5coTnn3+eK1euUCqVGBgY4NSpU7z55pu8/PLLXLlyRYrypmkyMzPD0NAQyWRS7quIoy6VSlKIFm5vd91gMXZiTNyI8XUfP/f55F6nvWW+FqH7nFcoFAqFYqWjATjw377/fWZmZt5t8beurNXduQ8+/DA9PT3vuorjONxzzz309PYsSYx0L/vmm29y5vQZnJrKnRV27Eqlwt//P3/LH/zBv+L8hcF6jVDt/a87fDvS0dHBvvvvb0rfWRQOTIyP8+orr1JuXIvDfLmbS5cuMTo6uuT+6IbB3Tt2sH79OlWndQXS29NLS3jpdaffFxxIxuM89ZWv8q9+7/cYHxt1/Q5R56JCoVAoFKAEYIVCoVCsIDL5+ZsZPnveveqOYRYI4dbt/DVNUzpp3fHPC0Ved/Sz4zhSNAakk1PEKou2hCjoFjQPHDhAS0sL8XicK1euMDU1hWEY6LrO2rVrCYVC2LZNMBiUjlbLsuS2hAAphF4hYLvrIblrBou+CBewEJPdIrlt21KQFWMnECJ2sViU7l+3yC3GSwjTQsTWNE1GJrsF4lKp1FTD2DRN/H6/XF7ssxCDgabIaVF3N5/PyzFxx1m3traSSCTw+/3EYjFijTp/AwMDDAwMkM/n5fE+ffo0Bw8eZHBwkNOnT3Ps2DE2bNggRV1N04jH4ziOw+TkJLquMz4+TqFQwDRNMpmMdCLXajUZ7SzOh4XnjxDF3cKv6L87Itp9volj4rPnK3i4z3mFQqFQKFYkLmcuDqSSKZ5/7jmcxuS+peA4DpZt80tPPonVmPz2tpttTOhra4vx2OOPYzSuP2Sm9LvoC2L9fC7P9773PUqNshUfWhrjVSmXefof/5H//J/+E7NTU9Ldejs7dN8vhAv4/vvvl9e1i8chn8tx+NVXicfjTZ+USiVODgyQTCaX5rzWIBAM8MD+/fj8/iX2R3E70NHZwR2bN98y4v7CZC4NjWq5wosvvsBv/Ma/ZGx09Jbpq0KhUCgUtwJKAFYoFArFiiGTm7+xZpnzf+IWRg276wILZDxV41kIxkK8M01TinIillkImkIgFMKfcPoKqtWqFFUBGRM9PT2Nz+fj6tWrtLe309PTg8/nw7Is4vE4Pp+PQCAgRVav1yvds0J8FZ8VCgUpxJZKJRnBJpzCboFaxDi7+y/cqcI1K9b3eDxSaBUOXrfgKsTcXC5HoVCQ6wQCARnXHAqFpBM5l8tRrVbxer0ydlmsI8RYQLqS3fWB3THKoq9ucV+4hz0eD4ZhEIvFWLNmDbVajbGxMVKplIyhFk7nkZERhoeHSSaTjI6OMjk5SSqVIpFIcO3aNSzL4syZMxw+fJhwOAxAT08PyWSSbDZLLpdrqvlcLBYpFotks1k5pu5zSgjlog6geBavxT6J4+uepCCeTWP+ppz7nFcoFAqF4sPA+fODXL54aUlaoXvZ/nVruXPbnYsWuRwHfuFTn6KlNbIsU5mmweFXX2VkZARtEcLxysUBx+HNEyf466//Nclk8oPu0G3L+g0bePDBB99SPuSdEPr6qVOnuHjhYtNns7OzvP7665RKS7uudIDVfX3cfc/dKkZ5hRIIBPjMZ55smmB8yyAn4zjojsbguXN89atfoVDIKRFYoVAoFIoGSgBWKBQKxYohW5h3Q5qG/hYX5cL4ZyG+uQW6hVHOog13jVm361UIoWI54QYWkdPC0SlioIUwOD09TUtLC5OTk9RqNe644w4Mw5C1Zjs6Oujs7ATA6/VKh64QD93bF4Kv4zjk83k0TZM1at01Zt1uZ0DWFRZuWsuyZKyyZVl4vV4pbgqhM5FIUCgUpBhsGIaMnxYidTAYpKWlhWg0Km8W+P1+GV0txsI9bm63tYi11jQNr9crj43ol/u4lMvlJhFVCLyiDvL+/fspFovMzs4Sj8eb4riFuFoqlcjlcmSzWQqFAul0mqGhIa5evcqFCxfw+/20tbWRSqVob2+vu3nyec6ePUsqlQIgHA6TzWYxTVPWOS4WizJO2x0nDjQJ6OLZHQvtnoDgdg7ruo5tKQewQqFQKD581P8eOrz88stkMtlF66iaQ0N4dQCNHTt2EAqGFr1dTYM1fX1svmMzzjLUW8eBqalJBt58k5qznBZub+T1tVO/Tvvbv/1bRoaGFuWibm6IRbuvVzrhcJhHH3+ctra2+huLHQ/HIZmIc/TIETmh0nEchoaGOH3qNIvWzITopmnce999xEQ/FCsOXdfZt28fDz38MG6Ff+GP4wf6Iym+y1drvPTjA3zjb/4GZ0G5HYVCoVAoPqwoAVihUCgUK4ZMbl4MszzG29b9hXnBUSBEXeAtdW/dTmAh6JbLZSlYCvercMKWSiXS6TT5fB6oi5Tlcpl0Oo3H45Eio9/vZ2Jigvvuu4/29na6u7uJRCJ0dnYSiUSkKBsIBJpigoVrV7iS3S5YEREt3LfCbazruhRtgaabPoJSqdQkiou2yuUyHo+HdDpNpVIhGAxKh68YY8MwsG1bjk+pVJJjKkRxj8dDMBiUQuvCaG4R7Sz65d5nMYb5fF5GUJdKpabYZUA6ioWYPjs7i+M4ZLNZisUi5XJZOpWF2C5ir1OplByzQqEglz906BBzc3NMTExIEdm2bbq7uzl69CgXL15kaGiIS5cuMTY2xtTUFNlsllKpJKOhhcAr3NTlcrlp7MV23fHh7vFx15X2KAewQqFQKD5k1P8eQiqV5PnnnqXmLC3+2WmIvwD77n8Ay+NBW6xd0dHwmDa7du1BN413X/6tDVAqFjnw0o/J5XMfWpekA7xy6BBHjx6mUi0v2zH6IR2+JjRdZ/fej3DHlq3vvmzjgaaBrlEul3j99SPMTE0A9QmmZ0+fZmZmegk1mOvXsNFYG7t378H2WFDjQy/MrzTE9w+fP8AX/8W/pLOzC8fRFj9R4L1Ga37Uv1M6fPtb32ZkGfWsFQqFQqFYiSgBWKFQKBQrhiYHsN4smomHO1rX/SyikYU4J167BTx3DHIikSCZTEphMpvNAvO1bA3DIJPJkE6npRgqnLwwXz+4XC7T19dHNBqlp6eHnTt3smPHDqanp8lms1iWJUXNYrHY5Lh174MQQd0Co1v0FpHVIrJZfCYioh3HwbZt2XeYdwpXKhUpnIqaxOFwuElY93g8sj+zs7PMzs6SSqWkCCzcwY7jEAwGSafTTXWGRR1jsT9iP3Vdp1wuS1ew6JM4RqJGr9g3EVEdDAYJBoNSeBbxzLqu4/f7pTu3o6NDxmcLkd/v91Or1RgZGeHMmTOMjY3x0ksvMTExwdWrV8lms5w5c4YXX3yRUqnEtWvXmJqaolgscvbsWUZHRxkdHSWbzeLz+chkMtRqNVKpFPl8nmw2KyOkC4WCPDdFZLQYfyFqu4X6Wq2Gx5i/fFMOYIVCoVCsdNwTpn768stcuXoVpzY/gexd18cBDWpOja6ubu6991753qLX1zX27t2Lz+fHcYsOi90HHF577VWuXrn6oXWmFQsFDr3yCnOzc8troDHm8my4ngXx7R4rkEgkwv79++vXjUtUxS9euMjrr7+BU3MoFAocP36cWrWyhNhcDTSNjXds4p577kHTNaXMr2A0XePue+7mD/7oj2hpaUHTXLqr40pZ+IBwqM8/ANDQmByf4MjhIx9chxQKhUKhuIVQArBCoVAoVgxuB7CuzccLC6GyWq2+xXUKNNXVFa5eIfa6n4X4KOrzBoNBoO46tW2bRCLB1NQUyWRS1pitVquk02ni8TjpdJrLly8zODgo3bTr16/H6/Xi8/kwDIPJyUl+8pOfcOXKFSlYihhkISQK97E7ShnqoqiIgxZCqBB+3THXQugslUpyX4UI7I5XFuMiYpIzmQxQd+q6n4VoK8bZtm0ZCa3ruoyrrlQq2LZNOBympaVFuoBFfLXP55P7srBPuVxOiqPiGAoHsBCxAbkty7JoaWmhu7ub3t5eKTKL/a5Wq/KYASQSCRkfnUql8Hq9BAIBOUaO48jjcfjwYebm5lizZg3t7e0UCgXWr1+PpmnMzc0xMjJCoVCQ42bbthTYhegv2hf7KMZOOIPdruaFdand97szeeUAVigUCsWHg3y+wHe+8x0p/i61xqOm6Xz8iZ8n2haDxVsd63970bhjy2Y23bGpaXLhUkjMJXj+2WepLEgB+bCQSqUYHDzXdF26FGRJjMZ/i14PZ1nH63Zg157drO5fU48WX8L+zc3N8tprr5LJZhgfG+PixQtL27AGttfL7t27ae/oWGKvFbcjuq7z8Y9/nK889RSRaHR+gnWjtvetRLlc5tBPf/pBd0OhUCgUilsC890XUSgUCoXi9sDtAHZwcBrxzcLxurAGa831uYhvDgQCmKYpxUURF+zz+Zrq6gq3pqZpUuwVTtmWlhYSiQQ+n49QKMTk5CSJREIKuVeuXME0TfL5POvWrZNtJZNJzp07RyqVwufzYZom4XAYwzBk7V0hEArB0+0eFaJrsVjE6/U2RSg7jiP3y+PxUC6XMU1Txja72xPrmaZJsVikWq0yMzMjnbnCKQx1Udq2bemUdgvKYgxFH8Rr4QguFosyxtpdY1m4doXQ7cZdX1mIumJbIuq6WCzi8/nw+XxYlkUkEpHjk8/nZe1jIbSKdarVKqFQSPZb1Gv2er2EQiFZVzgej6NpGuPj40xPT+P3+3n66afZuHEje/fu5ciRI5w9e1bGaItayJFIhHg8TjQaleK8OHZiDCzLAprjsMVN0vmbpfM3WdyTHhQKhUKhWMlMjk9w5szZxiz2pQuIwXCIj3/85zENc0kCpLiOCQQCfOKTn+TUyZOUi8v7+/vSgQN87ld+he7enmWtfzsTj8eZnJxa8qFzX0dqej2O1jRNNEdfVFOOUyOfz8mJjSsBcX24du1aHnr4YYaHh6mVKk3Xje9ErVbl2NEjjI+OcvbMOSYnJpZ0WBzHIRqLsvcje+sTR7VFB6orblc0Dd00+PlPPMEdd9zBv/23/5bjx49TzOfrqQg4H/w54DQSG9AYOHnyg+6NQqFQKBS3BEoAVigUCsWKIZkpzP+j4bQUjlHxGpAiY30xp6mWbiaTIRwOS8ewEA8Nw6BSqRCPx2ltbSWdTkuhs1gs1r8AF4uEw2HWrFmDz+djeHiYgwcP0tfXx6VLl0gmkwwNDREKhYhGo0Ddsbpu3TpyuRzZbBbbtqUI3dLSQkdHB6lUSi47Ozsr6++K6GLhFhVCrM/no1arEQgEZN+FAO6OkAakECyeRbS0cA6LCOpEItHkDhZRyuVymWQyKQXWYDAoa/4Kh0exWCSVSknBVwjMhUJBjr0YX9HParXaFFUtxloI8OLZ7XoW28tkMoRCIUKhELquyyhoIZYLV67YvhCBa7Ua8Xgcv9+PbdtyYkAmk5Hu7hMnTgCQTqcJBoMkEglZH3l6eppCoUB3dzff+c53CIfDABw/fpzHHnuMbDZLJpPB4/EQCASa6kqLYyKEcPdYLxSB3Q4P5QBWKBQKxUqnoS1w5MgRkon4kiN9xd/OjZs20r+2vx5Xu4z1AR555BH+z7/+a0aHR5YudjgOI8PDnD1zhu6e7iW5kFcC8UScfD637PXbOzr4tV//59x77731tBkWV4+5XCryN//3/8WLL75IpVJZ9vZvRfx+P489/jg/evGHjAwNLf6cdDRGR0Z55dVXuHb1KplMGpivk/2uaLB161bWrl37oTuPP+xomsamLXfwv/0f/ztvnjjBi8+/wI9++EOmpiaX5Mxf1LaWs44DjgbJePym9kWhUCgUitsVJQArFAqFYsVg6BqV6rzjVdSNnY/O1ZpENiEiClFQ1KEVwqBwzFarVS5fvkyxWGR0dJRYLIau63R0dJDJZPjmN7/Jrl270DSNdDrNiRMnmJqaYnZ2lvb2dqanp0mlUjJGeWhoCMuy6O/vZ/369QQCARKJBNVqVUYDh0Ihurq6CAaD0rEghNBKpSKdrEIkFSKiZVmynWKxiKZpeDweWbvY4/FIMVHsO8zXJBY3xkQ0s3DDinq8pVKJfD4vHbJzc3PkcrkmMVhEUFcqFSku5/N5pqeniUQiGIbRVP+2UqlI5ysgY5pN05THT+y3WzAVNYCFqC2WKZfLUkgPBoPMzMw0Ob9t2waQ54NwM5fLZekCFxHO5XKZubk5WlpaqNVqZDIZyuUyO3fu5OzZs+RyOXkcxP50d3cTi8U4efIkbW1tmKbJhQsX6O3tZW5ujnw+T09PjxSC3VHX7trQ4niJGtDu4yW4xRLXFAqFQqF4T6iUi3zvn/6Rarmy9PhgBzR0dt23u6ncxFIQ22xv7+SubXcxMTy6aLFD9leDbC7DwUMHuf/B/Xi9Nh8K36QGOFDI56mUisvaY9Pj4Td/67f47C9/Tl63LZZCvkBrrB1N05ekcd7K1M8pDU3Tufuue7h7+92MXhte0r4V8gW+/0/frSccVWugLa5CnAPYXh+79nyEcDgCi3QdK25vFh7jcCjE/v37eeCBB/jqnz7F0NAQg+cGmZqeopAvvE0rS6NYLPDN//fvmJ6cum4fZN8aj/oLDRyHbDZ9U/qgUCgUCsXtjhKAFQqFQrFiCPptEuk8ALpu4Di1Jvevu76vEDHT6TSWZeH3+8lkMpRKJekQ9Xg8jIyMEIvF8Hq9HDlyhLGxMXbu3ClFukQiQTQaRdd1+vr6+Pu//3spCs7MzMhavpFIhHQ6TaFQoFQqUSgUGBkZYd++fbJebSqVolwuEwwGiUaj9Pb2UqvVmJqaahJVhbAqXLEiEllECQvx17btJieucPeK2GfxvnDj2rYtBW8R0yxEcVEvt1arkcvlmJqa4hvf+AaTk5NomkZPTw9f/OIXKRQKZLNZcrmcFNE9Hg9PP/00g4OD9Pb28sQTT0jRVLTtFmiF+1UI2EKwB6SQLWofV6tVisWiFLZFnWIh2BqGQT6flyKyGJNisYhhGPh8PikiQ11kz2azMi7aNE0ikQitra1kMhnp4L148SITExMEAgFs26a1tZWLFy+SSqVYtWoV/f39nDlzhra2NgYGBrAsi3A4zJkzZ6Q4LcRtIVQLwdsdJZ7NZgGabnbq+rzjJeifF84VCoVCoVipnDh+nBMnTiw64raJhjLw4EMPYSxRPFyIYRjsvX8vP3zxBarLcJM6jsOBH/+Y/+4LX6B/7doVIUYulkq5QrVae/cFr0P/mjXs2b1bXq8p5vH5fDz8yEf54Q9fpFRcfDJMrVbj9OnTy9pm/5p+9uzes2QxXrGyEN/PdF1n7dq19Pf3y89uxqSAdDrF88/9gKmJySW3t9Lc/gqFQqFQLBd1taZQKBSKFUPAa0kBuObM1wAWTkp3fLHX66VUKtHa2srMzAzZbJZyuSyFwUqlQrFxEyWbzZJKpRgbG2Pbtm0kk0kymQyrV69mbGyMO++8k1deeYVr166RyWTkesI1W61WSaVSWJYl68LmcjmSySSFQkEKwIlEgkgkQigUoq2tDUDe6PL5fFL0FI5Q8bm7Xqy7pqzYvjtKWUQlezweKR4LwddxHLxerxRLARmV3Nvby9WrV4nH4xSLRSYnJ2Vt3GAwiNfr5dvf/jaPPPIIkUgEqIu1ExMTHDhwgImJCdra2ujr62N6epp8Pk9fX58U503TbKpTLPomBGBN06Q4LQRgIQYLh7Q4boZhkEwm8fl8ZLPZJtdsrVaTMdTuGs8iIlrEZefzedmmqIEs6gx7PB6mpqYolUoEAgFmZmaYnZ2VDuxXXnmFHTt24Pf7GR0dJRqNcuHCBelgTqfTPP3009x555309/dLcV2I0QD5fB6/3y8nK3g8Hrxeb/3mh+v+R9Bn35SfHYVCoVAobkXEdc0/ffe7MpVkKevW0di4aQObt2xxfSg/WlxbYnFNY/fuPYRbWpibnV2afuvUH2Ojo7z88susXt2HYRqy3RWNyPFeZkRsMBjEsr3vuIz7ek9c997q4ypc5O46x4tcsU7DXX3PPTvYvHkzb755Ao1333fxmSiJs9jtiu8Sd99zD+vWr3tLaZL3C8dxcHBWvIP+rck/SzxPlrCNhcfy7f7t3rZ7mbfr6431bX47i1/n1v+5VygUCoXi/UQJwAqFQqFYMbjdkI6DdMkCMlJYCImmaUrR07ZtyuUy8XiceDxOW1ubdJ3GYjGOHj3KsWPHZNxzX18f+/bt4/vf/z6f/vSn+c53vsPU1JSMAG5paWFubk46UoXomEqlMAxDbl8IyY7jSKdtNBolEomg6zozMzPSfSqctsLRquu6rK8LkMvlZKyhZVlNcdDFYhGv1/uWOr9CaBV1jMVnQnC1LItSqYTP56Ojo4NIJMLx48eJxWIAbNq0iXK5TCQSkY7W4eFh6bgtl8tcvHiRrq4uOjs7pRv50qVLlEolNmzYII9XuVzG4/HI6G5AitjCKSv2WQjAhUKhab1CoUA6ncbr9cp6vkIUBmQcdSqVIhgM4vF46rF3DWe4qEUsnODBYFDeeBaTCAqFAqFQSNZfzmQyaJpGKpXCcRxSqRSmaXL69GkikQjDw8N4PB66urrYunUr4XBYniunT59mzZo1TE1NkUgkaGtrw7ZtwuGwrEMtYp9FP+rn9PwNlaBPOYAVCoVCsTIRAsLMzAxHjx5dtqCg6Rqf/OQvEAwFl6r7Xqcx6O9fw7077+PHP/wRTm2RjlYhZDReP/vMD/jEJz5JpDWy3J7cRtRH+0bqg+ZyOSqV8qKXbxKltFtXYM+ks1KEXQ4OgObQ3dvDYz/7M5w/PygnNy6G5YxLMBhk3759+Ly+ZbdxI1QqFeKJen3XD4PYp2ka1cZ3ETGZ+Wbt91J+p77dNm/2+DeJzkCl8V1+saz080GhUCgUiqWiBGCFQqFQrBjcbsiq46BV6yKniE8WQprjOOTzedLpNMVikUwmg2EYrFmzhkqlwsmTJ9F1nfHxcSYmJhgcHMSyLBzHYXZ2lmKxKIXJb37zmwwPD1OpVMjlcng8HtLpdFOtWfGF3e1uFWJuMpmUjly/30+xWJROVNu2GRkZIRKJ4PP5mJubw+fzUalUqFZW7ch/AAAgAElEQVSrZDIZ6RoNBoNSIHVHQgOydq97HEqlknQkC2GxVqs11UUuFovScevz+bjzzjupVCpMTExQrVbp6upi1apVBAIBfD4f8XicSqXC2NiYbKujo4NgMIimaSQSCRKJBOFwmLa2Nvx+v+yPu+6vcCC7XQliX0R8M9TdublcTt4MEcdERFX39vbKcXDXfBY3BoTzOJfLyeMhthcMBrFtG8MwpBAuHMoiTly4db1eLz09PbS2tjI3N0c0GiWRSBCPxwmHw/JYPvPMM6xfvx7TNNm+fTutra0cOXKEaDRKNBqVYzE6OkprayvxeJzW1lZ0XZc1iQEMz/zlW9CvHMAKhUKhWNmcHBhgdHR0WW5DTdNojUR48OGH6tc3N6gNONTr0f7iL/4irx48RC6XW2ILGjhw8eJFrly5zI7We2+sQ7cBTpPsvrwDMDQ8xMDAAH19azBNz3xz19te4zp/bm6OudlZjh8/zmuvvXZLRsKeOHGc6elpenp6li9caRqWbfHII4/wzPe+x7lz525uJxfQ39/P9u3b3tNtXA8hQGazWQ7+9CA//8Qn6OjoWPEisIPDxMQ4ly5dYuPGjcBNEDmv82tUpF9ZliWjvcXvXPekYcF7Nebu3/MXLl5gqlH/V6FQKBQKxfJQArBCoVAoVgwB33w0cjZbIOCtx/cKUbFcLjfdJBDOTsMwiMfjsgbuyy+/TG9vL7FYjJmZGbZv387s7CzpdJr29nbi8ThjY2MyXrirq4uRkRHa2tpk/VvhdhWinogmFu5aqLuSZ2dnyeVyBINBgCYnarVaxe/3S0HY7ewVzlcR31woFGRMsHD6VioVLMuSfXGLvICMfxbCsKilWyqVZD+EE9q2bXp6evD7/SQSCRkv7ff7pfPYLTiLGr5+v5/Ozk5M0yQQCBCNRmlpaSESiRAMBpuETdE/93ahLuyKsRR9L5fLlMtlWdtY1M6tVquEQiFWr15Nb28vxWKRw4cPS+FXiMWapsl2hSAvahGLcS2Xy4RCISn4CmeziKB0O3Mdx2FwcFC6grPZrHQQx2IxxsfH5WSDPXv2kE6niUajjI2NSXG5u7ubYrFIPB4nFosRDodl3WdxvMvlMtXC/A1M5QBWKBQKxUpDahMaONUq3//eP8napu8mOkip0Wmk4zqwcdMd9PauAu3GA2Pr6+vs3LWH3lWrOT94blH9am7AIZNOcvTIYbZt34bpsZo/XmEI17NhGKDrOCx9Pwv5Av/5r/6KUqHAz/7sPyMSieBQnxiYzWaZnJxkeHiYixcucPr0aYaGrjE3G2dubo5C4/pN9uUmIicQOnWZe6mi2Buvv87Xnvoqv/Ebv8Hdd98tJ/lpaGKuQONf12vXaXpat34D9+7cxblzg/OJ2zdrhxvbMAyTHfftpK2t44aa0zQNrXFNvmAT79rlmuPw6quv8Gdf+1O+8IUv0Ne3Gn0RtaE1dGyvj0DQX9/++/zTJsq4ODjgLC3ue3xsnK/96VP82Z99jbVr1zWO7WLWn49dd2r178KzszOMj40zMT7BxMQ4443n2dlZ0DR+9/d/n507d8kWyqUS/+tf/RVvvH6MWFuM3t5VdPf00NPbQ29PL9093bRGItRn19ykMXUcjh49yp/8yR+TTqWWtf5KnhSgUCgUCsVSUAKwQqFQKFYMbgdwDU2KhO7ash6PR7ozhcv15MmT9Pf3MzAwwMjIiIzgLRaLbNq0iUKhQCKR4K677uLSpUuynq/f72dkZIRr165Jh6+madIlKpyqQgSuVqtS3BTLxePxpvhmIfi1trYSDoeZm5ujXC43OXeFUOmulSvikk3TlLO2hQPCtu0mZ62IUxbR1EIcd7e10I0LyHhij8cj+y9ufPl8PkKhEPF4nOHhYXw+H5qmEYvF8Hq9FAoFbNsmm83KiGaxD7qu4/F4ZF+FsCtq7rpnnwvRduG4FotFKaRaloXH4yGXy3H27FkGBwelq9nj8chobCGsuvdFbEe0NTs7K2tGQ100F6J1MBiUDhMRG12pVAiHw5imyeTkJKFQiEAgQDqdZnR0lHXr1hGPxzl58iTBYJC9e/dSrVZZvXo1ra2tFItFjh49yoYNG0gkElSrVXp7e+XxqdVqlKradc95hUKhUChWFA5cuXKZQ4cOLcnlJ3QvpyGS7Nq9h0DA3yxNLFEbEIsLA3IwGGTHvTu4cH5wca7kBdurVqs8//xzfOoXP017R+fSOnO70Rgey7LlNepyuHbtGn/85S/zx1/+MgC1Rv3b+mnR+IczP9TNtUqXvdnrIgVlXcfrtZestcrJoMUiB370I1768Y8bUp3TGK+6oPypT3+aP/93/x6PZ8GEP63pCahfy+7f/yDf/afvkkunbu5ON8ToWFsbu/fswfZ5b0jrMwxdJiUtth0xZhpQLZd59tkf8OwPnmm8/86NaIBpevilz3yGL//xH9ev699HfVDTNHw+H6ZpUlxCiIGs1VytcvjVV/nUpz7FnXfeSTAQYuEOuH8Pie85xWKBXC5DOpMhnUqRTKXqk21hPpbe5bgNhoJkM5mmdmuOw9DQEEePHJl/T5M/cQAEAgG6u7ob/boxHMchmUoxPDxMrVat93UZtd9FSSGFQqFQKD7sKAFYoVAoFCuGgMsNWa5U8ZmaFEyz2Sy6rpNIJJiZmWFwcFA6a8+cOYNhGExPT5PP52lpacHn8xGNRrl48SKzs7O0t7dTq9Wka3NmZgav1yujhW3bRtM0urq66jOoqTthU41Zy4lEgkgkIoVoUUO2VCpx8eJFvF6vdJ1alsXly5elUCwEUiEeC9FSOFDdDl/xnhBJ3XWPhTtYuIJFjJfbBSv6JcRxaL6hIKKwRV9E/d1isYhhGIRCIdasWSNvcrjbsW1bCr3CZStuUIg2hcArHLpiO+KhaRr5fL5+jBvi/sIYacdxSKfTjI2NcerUKTnuMC8ai1rK4oayiN4WIrMQfCuVinwtnMZup7U4DoVCgWq1SiAQkNvxer0YhkFHRwfT09P4fD4cxyESiZBKpRgZGeH06dMEAgEikQirVq3i/PnzhEIhWUt4YmKCWq1GKBSS55ujzzvd3XWvFQqFQqFYCYhb/TXH4fvf/z7p5DIcYI1GLMvDww8/vCiH4FLQdZ09e/fw9He+I0tCLJWzZ89y4sQJHn308Zvev1uRUCiEbXtvWnu6uDx15P/edwxDp6UlUp9ouMxavlKodhxXSLa2rD26c9s2du7axcsv/fimD4muaWzespntd911w+5Ky7aJtEbQNR3HWVqNV9mfegHkpuO/sF/z/tc62luV8/cFXdeJxqJ4fT6y6fTyGnEcsqk0R157DWexDuLGBAn3dzn9OostNl5fLCd+9kQP8pksly9eZF4W1m5o/kG9L1r9p2CZDYXD4eV3QKFQKBSKFYQSgBUKhUKxYnDH4eYKZSJ+L5VKhUwmQzwep1QqkUwmyeVy3HPPPZimyeDgIB/96Ef5+te/jmEY7Nmzh66uLqLRKMePH2diYoJyuUxXVxdbt27FMAwuX77M+Pg4mUyGYrFIIBDAtm0pLmazWRnZ6yadTssoYhFXnM/nGR0dZcOGDbIGcF9fH+FwmImJCc6fP0+qMVvb5/ORaczKFm0LZ6iINhYOW+FCFgKwcBYLYVg4YmF+lnggEJC1n0R7lUpFvhaiKUCxWJRjKxyx7e3tBINBarUayWSSWq2GZVmyTq8Qad1uW+Fu9vv90nXs7ptw6YptCKFZxHcLEbpUKpHP55vqK5dKJTo7O0kkErL/YsyEsC4E80AgIEVbEessRONCoSCdyO4IaiGii+XFo1arEYlEsG2bfD7P8PAw09PTxGIxZmdnGRgYAOo3Qk+dOsWWLVuYnp5mcnKSkZERtm/fTrVaZXp6mosXL8ra1GJfs+X5G4wqAlqhUCgUKw1xDZBIJHjppZduIM5T466772Hjpk03rW/ShajBvffdR7S9jcmx8YUq0yJ6plEplXnumR9w//37CAZv3Dl3qxONRolEIoyPDi8pLvm6y72TVvU+iHuaVhceTcOkq6sTn9e7jHrQC13Kmmu/5sOfl0J7RzuPPf4Yrx89TDabXXJ/rket4Ur2+3zs2r2btra2G27Ttm16unvQTYNqeekC8NueEwvOCymoa81B2h9E/HNrpJXOzk5mp5ZX03Z+osAST3HnbfZ3qSkI0oH9bivO93O5uI/UoliQH+5o0NnTvfwOKBQKhUKxgrje5C+FQqFQKG5LumLzN8/imSIXLlxgenpa1tTt6elhbm6OmZkZZmdnqVQqZLNZLMti/fr17N27l71796JpGleuXJHRuz09PWzbto1Tp07xd3/3d7Kuq2maBINBLMsik8kwOzvLxMQEgHSqup2sQtwUgmulUuHq1au0tbXx0ksvMTMzw7lz5zh+/Dhvvvkmk5OTwHz0snCpCiFV13UqlQqlUklGOwsBVLhSC4WCrFUsHK9COBWiohCFi8WijIYWrl23q1i4Y1OpFJlMRgquHR0d3Hvvvdx999309vayceNGdu7cyQMPPCDbLxQKJJNJZmZmpHCeTqfRNE1+Xi6XpbAsnM7CWSv6IWKqhRAsavOWSiUsyyISiUjHLtRF1unpaQzDoLW1FYB8Pk+xWJR1hXVdl+8JF4/YjqhrLLYNyP5ZlkU4HCYQCGBZFtFolEAggKZpsmZ0oVBgYmJCbgPg6tWr2LZNKpUiFAoxNDTEuXPnyGQy3HHHHfJc6unpqdeDMwwZN22aJrOp/HXPeYVCoVAoVgJa42b++cFBrl25uvT1G8+GafDkZ5684bja6+E40N3Vzf79+99Sy3SxaA4cf+MNRoaHb27nbjE0TUPTNCKRCGvX9t+caGLtHR7vI7qus379emI3QRR14yx4XiyGafDQQw+zdv26m9ofNOjo6OD++/fJWrY3gq7rbN6yBe9NdITfKufE2xGJRNi8ebOcWLtkriNwvyvvxZi8U5vvxWPJ/dNA07h/377l7Z9CoVAoFCsMJQArFAqFYsWwftX8zZfzw7O88cYbmKZJtVrF5/NJ1+yuXbtoaWlhdHSUUqnEqVOn2LZtG7/5m7/J0NAQfX19UuBLJpPYti3Fwc7OTjo7OzEMg61bt7J+/XpWr15Nd3e3dMC2tLTIesPCOer3+wGaIo5rtZqs8dva2sqBAweYnJzkwoULjI+PMzMzQ7FYxOfz0dPTI+vzithiEQ1tWZYUUoU7tlQqyUhkETstZm6LPghRWKwrIpXL5TKAFIrFe0K0zWQyGIZBJpNhdHSUM2fOcOzYMU6ePMmpU6e4du0ap0+f5rvf/S5DQ0PMzMwwNzeHbdvS5RqPx8lmsySTSRk9LQTXbDYrxeZarSb7VSwWm/rmru1cq9Wo1WrEYjFZp7hWqxEOhxkZGcFxHBKJRJOALqKyxb67XdO6rjfVaxbHyzRNGWWdTqelGF6pVIhEIvIYeDweAoGAPBapVIqZmRm5rStXrjA3N8fU1BQf+9jHyOfzDAwMcODAAXRdZ9OmTSQSCSn6j4yMMDU1xeTkJIPXZq57zisUCoVCsRKoJ7o6PP/882TSGdA0nEUqAVpjXcdx6OjsZNeu3TccV3vd7Wh1EeuJJ54gEAwuo4W6jW9qeprjbxyX5TBWIo7jQCNtZefOnQQDjfFy5p/cj5u3YfFw5vvxHrB+/QY2b96Crhs3tBMO9dqqUvzVlhED7UBXdyd79u4FNDn2N4LWiFq+c/s2+vpWz3f2BnAch40bN7Dpjo3zfXScm3wCuDco//eB6MEO4PP72b17N7phIqOrb+RcWeTjw4Con+3+XbNPCcAKhUKhUABKAFYoFArFCmLj6nkx7PCZEfr6+mhvb5du0fHxca5cuSKjecvlMpFIhG3bthGNRjl9+jQAMzMzbN68mWQyyWc/+1n8fr+sWysijbu6uggGg/j9flpaWohGo1iWRUtLC4ZhyEcgECAcDkv3rbjBp2kalmVhmiY/+clP6O3t5d5776W1tRVd12lpacHr9TI8PCxdpu76vu44Z3d9XHccsRA6xSObzUoRVbhfHcchl8tJp3Imk5Hvi23ouk6xWJRj5jgOo6OjjI6OMjU1RSKRYGpqivPnz3PlyhXOnz/P6dOnicfj5PN50uk0Ho+HqakpTNOkWCwyMTHB6Ogok5OTZDIZuT2ou46F4FwsFqWLGeruWxHJXCqVpPsZ6qLw5OQkyWSSdDpNNpvl4MGDJJNJyuWyFJXFzHvHcfB4PJimKWOvxSSBarVKqVSSIrCu643adXbT+Ii4b03TGB8fp1AoSKdurVaTsdqapuHxeAiHw5imydzcHNlsls7OTkzTpK2tjf7+fh588EHa29tl9LVlWZRKJXp7e7FtG8dxODY4ft1zXqFQKBSKlYCjw/T0NC8+92y9fuUyHIcOsHXrNmKxWEMUvtmdBByNzXdsZc2atUtfvyHuFUtFnn/hOTKZzKLrcN5uaA1Hnq7rPPLIo6xbvwFNe+utqJsuALvafU9onJMtLS089tjjhEI3VnNUo36DTgbtyujexZ/8Yp19+/YTjUZvqD9uAn4fe/Z+hGAo3IhSvnEZtb2jg5//xBPYXm89Enyp0cZLQTbsfDDVohuHcc/uvWzYuGl5fXC5YjWtfq4s5vGhQHPqEyYavz/v3LqVbdu2f8CdUigUCoXi1uBDcz2gUCgUipXPhlUx+frExSlWr15NsVgkl8tJN+bevXuZmZmR9V2vXr0qBcxqtcqWLVuIxWKkUilisRihUIiNGzdKZ+jly5dlndw777yTcDjM1q1bmZ2dpVQqkcvlmJubIxgMous6nZ2deL1eKfb6/X4p5IkY4gsXLnDs2DHK5TK9vb20t7dLUba7u5tqtUoqlZLCpxAcxY1C0zSl4Ctq1wpRVNM06f511woWYqio8Ssijt31eUWbxWKRbDYrnbzxeJyJiQkZEw2QyWRIJpMUCgUSiYRs1+PxEAqFpCPX7/djWVa9lm02y+TkJGNjY9LFK2Kfhfu3Vqs1OZfFvgjBG5COXdM0GRgY4Pjx4xw/fpyDBw9y/PhxKdhCXfRdGMedy+WkYBsKhZrqJJumidfrRdd1UqkUUI+VtixLivJiWZiP0S6VStL97TgOtm1jGIYUxUXN4nK5zEsvvcSZM2fIZDIyVnxiYoJoNCodzOfOnZM1pA+dHLnuOa9QKBQKxUpAc+CFF15gqlErc14Ue3fcAuq+ffvw+n3ymulm0tB/CYfD7Nixox4DvQStTvRTc+CNN95g8NzZpmueFYkGvat6+aUnnyTcEpZj9Z6l9boa1A0Dy7JuZuuNbWhousYD+/ezc/cuNP3G45FvBKdhLN28ZQt7992//LjhBazu6+O+++6tl0O5SQfKtm0ef+xn2L2n7tKv933lTYBw09XVxZe+9CVaWyO3VDz1bY8DWmOCdaQ1wu/87u/f8IQMhUKhUChWCkoAVigUCsWKoSsWwvLU67SOTGdoaYlIF+Xo6CjDw8Pouk4wGCQajdLS0sKOHTv4yEc+wu7du9m8eTPZbJZwOMzs7CyRSIRvfetbPPfcc5RKJRzHoa+vj9WrVzM6Osrc3BzpdJpDhw5J5+no6Cgej0eKq+Pj46RSKflv4eJ1xziXy2WeeeYZjh49SiqVkus7jkMoFGJmZobLly8Tj8elwAjzNw8rlQqBQEAKl5VKRcY/CyetiHN2P2q1mlxeiMvuG6fCfSqiquPxOHNzc0xOTkohulQqUSgUSKVSJBIJyuUyPp8Pv99PW1sboVCIQCAgay0LgdqyLAzDoFwuMzExwczMjKw/7BZpRWSyEINFNDMg13c7ci9cuMDBgwd56aWXGBkZkTdSRdtCZAakkAz1m1CilrNoX4jhlUqFVCola/qmUimSyaTcF8dxsCyLQqEgncQ+n08K2ZFIhI6ODoLBIIFAgG3btrFlyxaCwSDJZFK6sAcHB3n11VcxDINsNksgEGDVqlVs2bKF7u5utm7dit8fYCaZAyDgs2iLBN67HyiFQqFQKD4Astksz/3g2WW5YcXf/VBLmH0PPPCeC6q6aXD//fdjeb1L6q8UpTWNXDbHc88+S6lR9mEl4wAf+9jHeOTRx+QERCmGc3P0MNFezXGo4tDZ3c1XvvoUH3viifdMXmxvb+eLX/wia9evb8Q4f3DHUdM0otEojz32KJHWCDc6qoZpsv2uu+jvXyed6zeLzq4ufv2L/4JYe9t89PUK/hkwPR72P/Qgv/KrnwdDp9ZIa1IsH/fEGY9l8du/+/vs3LXrA+6VQqFQKBS3DkoAVigUCsWKYkt/h3ydSGexbRuA3t5eEokEY2NjXLhwAU3TCIfDrFq1imKxSDwe59ixY1IM7e/v59ixY+zYsQOv18uBAwe4fPky69evl1HKJ06cYGZmhkqlQktLy/wNrEbcrxAcRV1YQEYW67ou3aG6rlMoFDh06BCHDh1iZGSEiYkJstksiUSCq1evcurUKc6fP086ncYwjKbauEL8FPV/5Y2vxjJCxHQ7YUVtXxHzLL48i2jlcrlMLpejXC4zNTXF8PAw6XSaZDIpheharSZjrwOBgHRW6LrOzMwMV69eJZvNkkql8Pl8so6u6HMgEMC2bSqVCtPT06TT6aYav6J+8ULHr2ijVCrJcYW6kC1c1eJminAhCxeu2H+xnBB7U6kU+XyearWKx+PB4/FIR7TjOHi9XoLBYJPrWCAEXCFsh0IhcrmcjJh2R2eL/otY73Q6zblz56Rz+uWXX+YnP/kJ0WiU0dFRZmdnpaiey+XAmHevbF4zf64rFAqFQrFSuHb1av1aDZacC+w4DjUNHnhgP6tXr5KC1c2WlNzC8o5772XV6lVo+hIinBudqoueDq+9dpipyamb3MtbCzEy4UgLX/qd3+ahjz6M6fHcPJHecaBWrxbtAL2rV/H5z3+eb/yX/8LnPv957tp+V110vjlbq29SSL26xn27dvE7v/e79PX14aDNl519H/VMrXG+a7rOzp27WLdu/Q2L0cFgkPv37cOyPbKtG90lMQFC0zT27NnLU0/9GX1r1sjPV5oIrCGi0MHr9fKFX/s1PvvZz+IL+Oej31fWLr8viAnVjuPg9wf49V//Ir/05JONRAZlr1YoFAqFAsB890UUCoVCobh92LCqjTcv1Guk6nYQr3c+nre9vZ2uri66urpkvdgtW7aQy+UYGanH6vr9fgYGBpicnCSfz+P3++nr6yOfz+P1ekmn01KQnJmZkdHJuVwOwzDQNI14PC6jgz0eD+l0WjpERSSzEBCFAGwYBoVCgTfeeIOBgQFaW1vZtGkTPp+PS5cucfXqVWq1GplMhlKpBNRdq+JLr7iJ4hZMfT4f1WqVQqEgY6JFNLNhGFSr1SYhU0QWi2WgLlgPDQ1RLpfJ5/OkUilM0ySbzcpati0tLViWJZcTQrRhGExMTFCpVPB6vVQqFYLBoOyb2+lcrVZJp9MyLlrUJAaa4qxFDWPhDs7n89IJLGoIC7evGBt3zWT3DSchirsjpsX2DMOQorEQhUVNZeFKFp+LvoTDYWq1mnQHl0olKQbbto2u66TTaebm5vD5fGQyGbq7u7ly5QqmaWIYBl1dXTz77LN4PB7m5ua477776O7uxuv11s+RsvtcV/HPCoVCoVh5/PSnPyUen0NUQF2qLuL1evnUpz6FYb4/tztao608/tjjXLlymWqp/O4ruHEADUZHRzl16lRdSHZNbluZOPT29vKnX/saf/kf/yPPfP+/1a/BxIG+Ed1Gg95Vq/j8r/4qj/3M4/SuWoVpWoBO76rV+ANBMunUTdiH62xa03j00ccIh8P8+z//d5w7c+YDFDIdYrEYmzffwbGjR2+opb6+PrZv28bNzyuu/3SbHg+PPf44kUgL/+P/8GecPXN2xQnAC2ltjfLlL3+ZTZs28Rf/4X8il80ifxl8gNyuo94ajfLUU3/K4z/zs5iWp/GuEoAVCoVCoQAlACsUCoVihbFxdZt8PTyZxO6w6OzsZG5ujjfeeIOPfvSjDAwM0N7ejmEYHDhwgJaWFikujo+PY5omra2ttLW1cfbsWYLBIJZlkc/ncRyHubk5TNMklUpJ8bVUKhEOh/F6vdRqNSqVCtlsVoqQwjFrGAZ+v59KpYLH45GiqxAihWt3cnKS6elp+R7UxeJkMindw25BUwi/UI9GNgyDYrEoHbKibrEQj4XDVYi1C2P4PB4PmUyGkZERRkdHyWazZLNZKWyOj4+Tz+cxTZNQKEQwGJQxyqIusehnPp+XLmJd14nFYkSjUemoFaKuZVnyPSHyuh3N1WpVtu9eRwi2bhFYjIU4Pu66yKItIbry/7P35mFy3Od956eOruq758QMMLiIgycIHhBFUhJJ0RJJW5It685KjrM+FGc3ybNeJxs7z+7m2SS213n21JNkfez62kSJbMmP1ocukiIlkqJ4mBJIAgRxDTG45p7pme6u6rNq/+h5f1MNgMSABEgQeD/PM5pBd3X96verHrGmP/V9X+gp5yzpYulV7Ps+zWbT9B8WaW9ZFvl83pzvKIrMOOl0mmazSaPRMNv19/dz4MAByuUyCwsLNBoNjh49iud5ZDIZms0m+Xyea665hr6+Pq677jqWlpbYu3cve/bs6b4/w9WPZpLvdUVRFEW5UvjGX/1lNz9pd/9bfkEf41sWG8c2c9Oumy962jNJvDIWdMuqPfjgQ3ztq19jfm6WNWkUK+k7LRr1gCef+B73ffBecvl8d7+2jWW52HaHOF5bmVjLslf2aF+wzUlKN8uysC0bixUZba21TK2FbbtYWMQJn2USkCv/iuOYkdEN/OZv/Q533HEXf/aVr3Dw1Vep18NukvcC8DyP9evXc8MNN/ATH36Q+z/0E/SVSub8dOcVMToywuDAIEGltuY5da+zAeJzJpXPfMx1U9x99/v5d//+d/nTP/kTHn3kESYnTxElrkHldcnKQa8nPG3ic6/H6y6R3DQRY9sumzZu4ZExfe0AACAASURBVM2KsDiOcR2X99zxXobXjWKt7PvisTp/x3V471138od//Cd8+ctf5tvf+hYnJo7TrNeJ38qgkhDF6qaX7ZXVic9xPuMImxjH7iao4cLKkluWc9bWr/day7LJZPN8/gt/l/fccSd/8Pu/z/PPP8fc9LT5+y75/nj96a3td0X+xpK/zxzHxfM9PM8nk8mQyWQolEps3rKFa7ZtTwwAru3wwAMPksvlmZubIwhq1MOAer1Os9mk3W7RarWJE612KpVKT2nr5M3KZ/7/zFo4a54xOK7D+g0beP+99/DFL36RzZu3nrG/d6vOVhRFUZSLixVf6bfWKYqiKFcVf/TXz/PF3/4aAL/6qffw0O4SmUyGF154gSiKuP76600iNJ1Oc+jQIZPmDcOQTZs2ceutt/I3f/M3HD16lOuvv579+/czNjbGqVOnWF5ept1um3LIIm7DMGRoaIharfuhUr1eN4lREYoiNVOplJGJsNqzV0iWChYxK4+XSiU+8IEPmF6zvt/9w11KHTebTVKplOmVK+On02k8zyOdTgOYBK5I6aRAlrTyzMwM+/btY2pqijAMqdVqpNNpcrkcqVSKfD7f0z/Y931T9rpWq5kEchAEhGFo5lQsFikUCpTLZarVqhG7e/bs4cYbbySTyRBFkSmdLPNIlq0Ow9CUzhaJfOzYMZ566qmestC2bRvZ67quma+Uic5kMkYaS6lleb2sL2A+jKnX6/i+j+M4pFIpisUijUaDdrtNJpMhl8uxuLhIKpUyInj9+vXU63WCICCdTjM7O2sk8uzsLNls1vRNrlQq/NIv/RKjo6Ok02k6nQ7f//73ueWWW9i4cSPfPVDj3379xwD88f/4WX7+I3su9q+QoiiKolwyktc4cp0k/42Xr/LiPMRvrnBtHIPnpxkcHDQ9doWLKa96ji2OiToRc7OzdDptsNZ25Mmep7Zt47oug4ND3SokUUx5sUy9Xoc4Il7jPru2zCKXy1HsK11QeeV4Zc0tutdEi/MLKzfPxWub08omluXQPziA76d7BPC5xlv5gVq1xsSxY3zzW9/gu499l9fGX6PdaZ+VAJdbAjKZNLt27eLe++7j3nvuYeOmTeRyOVzXWxXr0jok7paFbrfblBcWVyq+rHFOQC6Xp1AsrfZtfr3pnyG2Ou02iwuLvPDC8/zNN/6GZ374DAuLCyboaXU3NC1DhoeGGBvbyKbNm7hm61Z2XnstN954IxvGNq6I/TWwsu8Y6LTb/Okf/zG/8z//9pt670dRxPoNG/hXv/lbfPD++3vmdimI4xgsi6jToVatcuy1Yzz2+GP87fPPceTIEcrlRdrtjilDLTo6pnt+Pc+nWCwyOjrCNdu2sWnTJnLZHLlcgcHBQcbGxti0ZXP3xl/bPmtN4jiiXg9ZXFzsPZdrPH7XdRkYHDZ/R6xlnWScdrvN8vISRw8f5oknnuCVA69w6uRJgpWbj99gB91TvnKzq+/7lEolBgYGGNuwgc1btrB92za2bt1KeqUdT/fLxrYdHNfFsR3clNtTFUqOP47jnl8Tuem1HbXM32WdToc40WYo6nQI63WOvfYaxyYmOH3qFJNTU5QXy5TLiwRhSKvZotVurXmdZLtCPs+mzZvZtWsX9913H5s3b6ZQLGI7Xfl+5i0KUilKvuTvY8uyTLWrS90nXlEURVEuBsvL3Qo2e/fuXfNrbr31VkATwIqiKMoVxm3Xjpmfv/nsUX72zveztLREoVBgdHSUer1OtVql1WqRz+fJ5XIcPnzY9LqdmZnB932mp6epVqscOnSIvr4+FhYWmJmZMQJSEqhSKjiTyVAul016NdlbV/7QTKVSuK5r+vLKvuQPbtlWPhSVP0yThGFIo9EwElKSwEDPGHIHtuM4RmJK6WnP84xwTv7Ra9s2zWbTCOvBwUGq1SpRFJFKpbjjjjvYvHkzo6OjZk0Bs30mkzGJ13q9Tjqd7t7VvyJLRRSvW7eOkydPEgQB5XKZTCZDq9Viw4YN5oMFWJWuItml97GsWRiGPfOfmZkxxyPrm0xWy9xk7rK/ZLJY1k3WUcp7yxqs9pnKUiwWCYKARqNhZHoYhpRKJcrlMo7j4HkeMzMzOI7D0NAQ09PTeJ7H8PAw1WoVz/PMXDqdDh/4wAcIw5Byucw111zDyZMnufPOOwGYnp7mr5+eWn2vX7f6XlcURVGUK4X1Gza+pdevJTl3sRCJZzs2I6MjrJq9C+PMY7Ysi/6BgdX0p7XG/cZccILWYK1KtZTnMbJ+9ML3cUbsdy1HYlkW+UKem3bt4qabd/FP/rt/Rr1eZ2FhwVwfyXZSeWZgYKBHtJmbJTn7vHcToDGO6zK0bviC3xdrzUz0HEccYzsOQ+uGeeinPsJDP/UROp0OS0tLLC8v91yjy98jZ84nmZq8sGPpavN6PWD/K/tWBOmFz9lxHK6/4Xp2795tjuuSsnKebMehUCpx8y272bX75p6qPlFCNJ75N0zyd+dcKVO5weH1lsKybDKZHJlM7twJ4fPwVrI1qVSKwcEhBgYGee9dd/fs80JuOki+5lzH83rbvNH2yVtxLMcm5Xh4ln/OY0iyafNW7nmdcS+UN1rbbkJcJa6iKIqivB4qgBVFUZQrilt2rief9akGDQ6dXKRQ7KNQ6N75LeJPJOrExARbt25l3759PPTQQ0xNTVEsFnnllVcolUpMTk6yuLjI9PQ0lUrFSNkzywFLGjUMQ/OBVLVaxbIsI0EtyzKPwWrqVxKqQI/8hXN/gCFiuV6vk81mzb6SH3rIPOUu50ajQTabxXVdI0Ft2zavk1662WzWfLgi6dOf+7mf49ixYzSbTUqlEvPz82SzWRzHoVgsEscx+XyeMAwJgoDh4WGGhoaYnJwkl8uZstnSN1jk6MaNGzly5Aj5fJ5MJsP8/Dzj4+Ns2LDBSHWgR4Yn+wW3Wi1TmlnSQwsLCz0flMnd3Wd+cCYfsMlcRZj7vk8QBObDiU6nQ7VaNf17Zb2S5yVZilpeFwQBmzZtot1us7CwwNjYmPkQM5vNmuSz3GjQ39/PLbfcwqlTp0wZ8qGhIX70ox+xY8cOhoeHqdfrDK8b4dgfHgagv5jh5u1v4oNZRVEURbnCedvE70Uc86zXS/TVWpWpF7CzC3/Nm3vB64+9hj2aOZ/R+9e2LbLZrLnOXduwb3zs1oqYfzMzvJBza0TXyr+TU3Mch4GBAQYGBta0n9crOf3GiVAgjqk3Qr761a/yxPe/v/Y5Jw/Wskilfe66+30MDg6cdV4vFUlRfeYaJFOb593PGsp1X+jr347XnO/faxkz+XfQ+V535vqudYwLef7NbruW173zXZMVRVEU5fJHBbCiKIpyRWHbFvfeeg3ffPpVAE7OLjOU7/aH7XQ6NBoNTp8+zc6dOwnDkD/8wz9k165d7Nu3j8nJSWZmZpifnzd9ahcWFlheXmbz5s289tpr9Pf3c+zYMaD7x6j0bhWxWK/XjST2fZ9Wq2V6u0riN5lMlT9oRTDK42eSTLROTk5y7bXXmqSs9KmVNIGUcxbBLCWPZWyRwcnnpXetJJglTTw1NcXS0hJBELC0tIRlWRw8eJA4jrn22msZGRlh06ZNTE1NEUURuVyOWq1myif39fWRyWRYWlqiv7+fiYkJFhYWCILAiGWR5+vWrTPpW5G8MndJ5soHP+l02ohl6TNVqVR6hK+IYRHISSGeTqfJZDImRSw9hFOpFIApoyZpbilxLSI6KfTl3LRaLRYXF/E8z5QCt22b+fl5tm7diuM4LC8vY9s2nucRBIFJ+W7bto3BwUGOHj3Knj17SKfTNBoNRkZGePTRR9m5cydNJ2/eD/fccs1F/91RFEVRlHc7Z5ULPrt+8CUdc83DvFFY0Drj+4XwFuZ4VkXkC9zXm375pQ6Wvg3vgXMPzEVtQ9poNHj++eeZnZ09+729QqvZZGp6kqd+8BR79+4larV5cwHJmLGxMe686863TbK91fffeYnP2OVZNaDf4LVXkmV8q/O8jNbpkr9nFEVRFOUKQAWwoiiKcsVx723bjADeO77AR94zxpNPPsmWLVs4cuQItm0zMTHBY489xvT0NMPDw+TzeTZu3Eg2mzWJ3+3bt7Nx40aCIGBycpJisWgknfSSlfLP7XbblBRuNps4jmPkpu/7PSldKS0syV9J3ErfYOCs0m/JnycnJ9m6davpuSvyETBy0nVd0uk0YRgSRRGe5wGQy+VM314pzSxpV5lPsm9xo9Gg0+mwsNDtA+f7vikjfeTIEVqtFrVajeHhYdLpNK1Wy6SeS6WSKaG8tLREq9ViamqKhYUFTp8+bRK2nufh+36PmJbeviLTU6mUEcNJgS7bSSlmWE0MuK57lmyXtbBtm0qlQjabNWJc1liS2Mm0tCSdl5eXsaxuz2Ep3S3HIb2GZf0cxyGdTtPf38/p06cZGRkxx9LX10c+n2dmZoZSqcRTTz1l3gOVSoW9e/dSKpU4cOAAQRDw/PPPw3Cz5z2uKIqiKIqiXKZcRPlLDEG1xv/z+3/A008/9Qb7ThTsXel9vFYrZopoxxa24/L+993D1q3b3rb0r6IoiqIoinLxUQGsKIqiXHHce9tqOvKvnj7Cdf3dcsmvvPIKO3fu5Ec/+hEvvfQSx44dI5vNsn//fiqVCrVajXw+z7Zt23Ach7m5OQ4fPkwulzO9cH/84x9TKBSMWJWkZxiGPSnadruN53lG9Nq2TbFYpFKp0Gq1yOVypFIpGo2GkZzyWnn8XMRxTBAE1Go1UqkUjuNg27bpLSxlnF3XNanVZrNpBLV8Fzl6ZipZRLFIzHQ6TbFYpNlsmnHjOGZ5eZlUKsXx48eZm5tjdnaWdDoNQLFYxHVdbNtmcXGRpaUlk7w+deoU8/PzBEFgJG1/fz+O4xg5Dd1UsxyXCFhZK0kti2iP45jp6Wmgt6SZpKoBk9yVNYRu6Wzpi5xKpXpS21KaW8p4y9yhK9FFuksJadnftm3bOH78OAMDA5TLZXzfJ5PJ0NfXh+u6bN26leeeew7f9410d12XhYWFbq+166/nySefNOfm5ZdfZnx8nBtvvJHvHiyf8z2uKIqiKEqXs1TV2+Cu3tQQl6NTe4vHdDlOCXhHDuzSDRmft8ezGftCxa3EKWPYsnkLDz300EoZ7rdpAS/1MOfb/2X7Br7IvNV5Xk7rdDkdi6IoiqJcpqgAVhRFUa449ly/Ed9zaTTbvHBwihc3LZLPZVlaWuK73/0ur7zyCouLi6xbt45CoUA2m2VhYYHDhw/TarU4ePCgkZHlctmkOguFAp7nmWRtshew53k0Gg0jEpNpWiHZtzeZXpWEr0hKEZVCMp0KXdEo6VXAlD12XZcgCIywloSwCEoRwJKElcSyPAeYstAisev1Oq1Wywhl2bZYLBop6nmeSfJ6nsfc3BytVsskhG3bNilgkaj5fB7btkmlUqTTaVPSWcSofElitlqtmh7Gcj6Syd25uTmzjjKvKIqMJE8mgWWtC4WCmWetVjNrIKlt6QfcaDSM8E2uWRiG5HI5I+9d1+Xw4cP09fUxNDREf38/6XSa5eVlRkZGaLVanDx5kmKxyMmTJ/E8j0KhYNbLsiyOHz9u1j+VSlGpVPA8j23bd/Dvnz8FQC7jcdu1Yxf5t0ZRFEVRFEW5alnxv56X4oP338/te/Z0//aIY00BK4qiKIqivEtRAawoiqJccbiOzT23XMOjzx8GoDA0Rs7pliret28fnufR39/Pzp07mZ6eZmpqinvuuYfjx48D3R5bpVKJxcVFkwQFTKpXZKIkeyWhKo+J9EyWbhaJKDJS+s4my0BLalWSofI4rKZWhYWFBQYHB42QFDkbx7HpQ9xoNEzJZulFLKJYeiKLRJa5iDCW8T3PMyI4nU4TRRGNRsOkirPZLIuLi8zPzxuZW6/XTW9kmY+kZSWx7DiO6akbRRH5fN703wWMVO90OqYEtKyBiGHpmSwlqkWQy/rKczIX3/d70tGy5vK8lKROpVKmXHOtVjOSXvoP12o12u22STnLvGTMhYUFKpUKpVKJgYEBLMuiXC4zMzNDf38/jUaD0dFRFhYWTKnubDZLLpdjbm6O22+/nVarxdzcHEEQdJPlbqL/763XYNv6QZyiKIqiKIpycdm2fTsf/8TPkvJS599YURRFURRFuaxRAawoiqJckdx7+zYjgJejAgdffJRarcbdd9/NI488YhKdu3fv5uGHH+axxx6j2WySyWRwHAfHcSiVSlSrVSMUgyAwaU+gpxdsMjkrMlDKK4skhK5klMck9dpoNIw8FNEoyVb5Wb7LfpeWlnr65IrUFCEsY0ovX0nPilQFTDI3n8/3zEmSuVICWsoUy7oky1bX63VTHjrZvxjoKY0sSVzLsshkMqbUdD6fp1QqGRHabDZ7jj8ppmUNk6Wd2+02CwsLJlks6+R5nknsylpK3+Nms2nSv0EQGIkvx95oNDhx4oQR1ZKcTqVSptR3Pp83vZ3lOVk/oVqt0ul0SKfTzM3N4bout9xyC5OTkxw8eJBsNmvWYseOHbTbbZaXl816Dw0NMT8/z+TkJCeW7dX3tvb/VRRFURRFUS4ilmVRLBb5uZ//ea69/jrTS1hvOVQURVEURXn3Yp9/E0VRFEV59/GRu683P//1s8dJpVIEQcDi4iLXXXcdAD/+8Y/53ve+RxAEzM7OsmHDBiM9FxYWqNfrpo+uSMRWq2XEbrvdNiWbJTkrElZSo/K8JE9FCKZSKZOUzWazRkBKQjeZIE6WgBa5Wq1WqVQqRFFkylFDV2B2Oh0ajYZJzwImwSuJWBG+juOYNLAIzziOTY/jVCqF67oUCgWGh4dZt24dAwMDFAoF81UsFslms0ZoptNpI5ItyzJltvv6+igWixSLRUqlktlXsVg0QljWSX5OinNJ/kqaOggCGo0G+/bt65l7FEUmhS3lnGV9RbJ3Oh1qtZoZq9Pp9CSHk0Jf1kEelzLatVrNpJPlPMj5ERHfarXM+ySKIh5//HEmJydNeeeZmRlc12V+fp5Wq0U+nycIAgCTVPd9nz9/4ujqe/t9q+9tRVEURVEURbkw4sRXF9d1+fgnPsFHPvpR3JXqOIqiKIqiKMq7G00AK4qiKFckt123gU0jfZyYLrN/YpF/8y8/w8Pf+gYvvfQStm0zPDzM4OAgp0+fNiWIkz1ka7UaqVTKJElFjqZSKRqNBlEUmV6/6XS6R/SKZJW+rlIiGLoJ1WKxaETk/Pw8ruvS19fH7OwsnueZlK2IR9lvsgx0FEXMzc1RLBZJpVKmJLFIZxGfIkylJLQcH2Bkb7I3sCR1ZX4AmUzG7M/3fdLpNKVSibm5OSNpK5UKcRxTqVTMNrJ/6Q0sQjWXy5HL5Uin07iua6SvSHQ5zuS5AEwpaUniRlHE1NQU8/PzPXJcUsCA6acs87YsyyR3fd/H8zwj+uX4kqWkpaS19EGWNZZy2tJDOHmTgNwoIMnqIAjIZrMEQUAURSZ1LNJbjlfmGYYhjUaDRqNBuVxm+7U38MRL3XOxfeMgN28fvXS/OIqiKIqiKMpVQAysXj/fcccd/OIv/zL5fAHQ5K+iKIqiKMqVgApgRVEU5YrlCw/dxu/8v48D8J1nDjE3O8sHPvAB5ubmKJVKTExM0Gq1WLdunZGey8vLRFFEJpOhVquZksD9/f2m9LKUcXZdl1QqZcolSzJYkrZSFlh64XqeR7PZpNlsEoahEZGu65ryxCJ8RVy22+0e8StyUtKotVqNfD5vpGk2mzWyudFomDQuYEo7NxoNACObpSSySF/XdY3QTPY4Fqkrpa9HR0ep1+t0Oh2KxSJBEFAoFMyxS+JZRKvrunieZxLQyYRtco5y/O12m0ajgeM4pvSyPC4p3vHx8Z6y2SKCfd8350DEr/QwjqKIdDptUtyyriLtk7I6CALTt1i2y2azRvI2Gg08zzMSXvYHmBLdcryjo6M9vZqnp6e59dZbGR4eptFosG3bNlzXpVKpmB7Pk5OTeMPXA6cA+PyDt771XwxFURRFURTl6iWGruK1sB2b999zD7/xG7/B+vUb3uEDUxRFURRFUS4mKoAVRVGUK5bPfGi3EcBf+cFpfu1DuxkfH+dzn/sc4+PjPP300yb5uby8TBiG2LZNrVYz6VRJ+LbbbSqVCu12u6fcsojMXC5nUqlSelnkqZSGrlarRvBFUUS9XjfSOZ1OA5jSzbZtm7LEQrI3sMhJkYwiUUVeS2K53W4bAdrpdCgUCmZfQRDgui7FYpGlpSVyuZyRtSKCgZ4euDKffD5v0rrJJKz0Bs7lcibFLMJZyklLAlZKUUviWWS3zDMpx7PZrBGscnyTk5NMT0+bNUr2L072YJb0bbIst4jYM5PW+XzelGyWuXY6nR75nBT0yd7InueRyWRot9umvLRt2yZdnkyKLywsMDY2xrFjxxgZGeHuu+/mscceM9sFQcBzzz3Hrl27+IvnZ8174Od+as+l+WVRFEVRFOVdg1wLnvnvMx+/XDnXzY3KpSX5N4RgOzY/8eEP8d//D/+CDWMbsLB6quooiqIoiqIo725UACuKoihXLLdeu4EdGwc5cnKe2eUWqWyJXC7HH/zBH/DpT3+asbExJiYmqFQqJikqglESpyIMoStCs9ksrVbL9GkFjPSVss6SJE2mUiUhKlI3ub1t27RaLZNCTgrNZFnj5L+TpaWbzSa+7xMEgZG/qVSKZrNpxvA8z0hjScJK0lXGFnkr+02OJyJUSjhLojmZSBbhWa/Xe/rpBkFgBKvMF7oJWSlNLT1ypbyyHIO8Jlliu1KpUC6X2bt3rzkHIpKl7HQywS37y2QyZowoikwCOynqoygyol7WUM6LrLvI+XQ6bcpUyxwkxZ3L5UilUvi+b1538OBBRkdHqdVq9Pf3m2ON45jJyUm2bt1KFEWMjo6yd+9e1q9fD6kcc8vdGw5uvGaEHRsHL80vi6IoiqIo7yrOlHSXu7RLXsMmrzHfLdL6SkDW2XFdtu/cwec+9zl+9hOfJJ8vYCWKPuv5UBRFURRFuTJQAawoiqJc0Xz2w7fw23/yGACvTLZYOHaMn/mZn2FhYcHI2Gw2y/LyMp1OxzwmIlPkbRRF2LZNu902j4sQTfbsFTnoeZ5JrIpwlG3PlLrSk1dSwzI+nP1hWVJgJo9JRGW1WqXZbJrUcjabNdvGcUw+nycMQxzHMVJXyhjX63U8z6PRaFAqlYzUFcEMmLLWyfLXMt9ms2l6CANGpEp6V2S1zFsEq4hxmbNI2eRjURSZedZqNQ4cOGDKXif79kqP5UqlQj6fp1qtAuD7vkk1i7BPylw5NyLLM5mMOaeyVo1GA9d1jdwHTB/fsbExFhcXTdnqRqOB7/s9Qtv3fcIwxPM8s+5hGFIqlajVatx3332EYcjS0hL33XcfBw4c4GR7FFgEuol2RVEURVGUKIrYv38/p09PYlkWt93WbSnxbuDVV19lYmIC102xe/fNDA0NvdOH9K4hRjr3XthroPsi27bZee21fPGLf58PPfBhMpkstt1706eiKIqiKIpy5aACWFEURbmi+fRP7DYC+C+em+bv7BzhpZdeIooiwjAkm80yMzNjSjwXi0VqtZpJ6Cb7+GazWTKZDJVKxZRstiyLMAyNgGy322QyGZaXl00pYhG2tm2bJKmUa04KTilZLB/CyBdgJLGMk+wtm5S3krRNlnlL3sVfqVTI5XLEcUy9Xiefz5u5yjjJnsRS+rjVauH7vknqipwVsdtut03aN/kBkuxHymYLIklFaMsYcRybktmyniJVa7Ua7Xab/fv3c+pUtyeurKkkbx3HoVarmV7LIu8zmQxBEPTMU0SupKClLLXsU6SwpJSFZLltOS/QleJDQ0MsLS2xuNiVttVqFdu2KZVKxHHM0NAQmUyGI0eOMDw8TDab5dvf/jZDQ0MsLi4SRRE7duyg0+lQr9f51itls//PP3TbWt7yiqIoinJFEBOTKBSMFUfASlo0tuXhqwq5xiqXl3j4kceZnp4ijqHVbvOTP/kQzsp15eVFtPLdolKp8cijj3P8+Inu9VYM9913D97K9bbyOlhQ6u/j//jSlzh96hSTk5PMTE0zPzfH0tISYb1urp0TL8FNpUhnswwODbJ50yauv/4Gtm7dius6cEbKV1O/iqIoiqIoVx4qgBVFUZQrmlt2rmfnpiEOn5hjqdrEyvRz7Nirpt9sf38/CwsLNBoNisUiYRiapGYmkzGJWN/3cRyHxcVFstmsEa/VatWUCBZh3Gg0TNI3mUxNJn9l/GQSVeSnyMXk48kSxEmJ3G63yefzACZN63lej1DO5XJGxDqOQxiG5HI5ms2mkeCSsE2KTzlGkasiewHTU9d13Z50rIwpcrrZbPb0IE4mYl3XJQxDI2NlLElZQ1cUN5tNKpUKrVaLo0ePcuLEibOS0bIeURTRarVMKtmyLHzfJ4oi0um0SUrLHD3PM+M2m00j31utFoVCgSAITDJcSmdL+lneG5ZlMT8/T6vVYn5+3mzX6XSMgG42mzz44IO8/PLLjI+PU6/XmZqawnVdtm7dat4vR48epVgsUiqV2LRzN/UXJwDYvWO9ln9WFEVRri7i7g1bXQ1s41hg21e3pJJrnk6nTRzLteHKdeK7oJRysipN9zq4e9zK+bFtm4GBAQYGBrhp1y7z+Ll6Pyevk+XfyZ/PlL+KoiiKoijKlYkKYEVRFOWK57Mf2s1vraSA981lyNRqtFotMpkMp06dMslSEbPy4VSz2TT9fyUxm06ncV3XvEZKJIusFUEqH8ZIaWRJqSZ7/8p+YTXhK8chotfzPNMHV8Sv7F/61gLmu0hbeQ1ArVbD933iOCYIAnK5nEm0Si9jScGm02mTonUcx0jTTqdj9iG9kUUkB0GAbdsmCS0yWYSsrKWsjZR8lq+kLIZuElgSvEEQGKF74MABxsfHe0pDS7ns5PyTQl76B8v5yGazpg9yp9OhF1ioKgAAIABJREFUVquRzWZ7zpnI6kqlYkpHy35ElsvzZ/ZhTqfTDA8P02q1OHnyJMVikaGhIZaXlymXyxSLRY4cOWKSvq7rUi53U74f+9jHGBkZ4eDBg6RSKb772qw535/W8s+KoijKVUYQBPzu7/0BU1NTgMWnP/UJ7rzzvVx1sd8Ecp3SvZkNIIY4xlm5drycsazul211pbVlge1YKiMvgKTITVYMer1zn6zKk5TC2ndZURRFURTl6kAFsKIoinLF8yufvIvf/tPHieOYHxxa5mc25JmdmcZxHIrFIp1OhzAMjfSUvraAkaDSu1VkpQhY3/eNNBYRGMcxzWbTyFvbtk1aNFluONnnNllKOEmy9HMyQSzp4Xq9TiaTMSnXZFlmkdbQ/dDH9/0eYS1p1mq1aubWaDSM6JZ5J9PLkrCVtK+UfJY1S5aGFmGdLEktQl0EdKvVMolhSRIHQUCj0TAiOAgCDh06xLFjx173A6uk+BUpLOsvfX8dx+n5tyS1k7JYjkXWU4R8KpUy6ydzEKEtx9RoNCgUCuRyOdNnecuWLZTLZVqtFi+88IJJDA8ODhIEAUEQsLCwwNDQEE8++SS5XI6+vj42b9nKl354amUcm1/46Hve4m+BoiiKorxbsbpf8cp3hVKpxAc/eB8njp/AsuD2228z12uXq9iLYygU8tx73z2Mjx8jlUpx8827SLkO3TLRl2P56suLpPxNfn+97c63H0VRFEVRFOXKRgWwoiiKcsUzNlzicx/ezVceeZEYi2joZuLpKcIwZMeOHYRhSLPZZHh4mOPHjwOQyWR6SgqLEBSRKElQ27ZNClbKCUu5ZRGfsJp6TaaEAZNkdV23pxw0dD+cSZaUlt5eZ/b3FXmazWZpNBrm+Uaj0ZNAbrVa5PN506v3zFRxrVajUCjQ6XR6yiRL6jcpUm3bNvuV3sCSbpaErCR6z5zbwsKCeU1SuNfrdVqtFmEYEoahKb984MABjh071pOaltLKsg6STpb0tIjlM0sNypqIYJbzmkzUZLNZMx8pJS3Cfnl5mUKhQBiGuK5rekGPjo4yPz+PbduMj48zMjJCPp9neXmZ+kpftmq1avpCp1IpwjBkfn6eUqnET//0T9Pf38/mzZv59re/zd7Tq4mNz334FjYMFy/J74aiKIqiXL7YGPmr4hdYFXeO47Ln9tvZc/vtIJ2SL9vKvnJdC1hw8+6buXn3zd3HANAS0BfMhS7ZZfm+UBRFURRFUS41KoAVRVGUq4Jf//n7+cojLwLwjZer/OoH3s/k6VPMzs6aBKyIzkajwebNm6lWq0acSuozk8lQr9dxXdf0BBZxKEJU+uVKP1yRklI6WURlUr4m+/92Oh3iOCadTtNut0mlUkZ6ynHIB4CSVhVpnMlkTIo12TtYksTSSzebzfZIZSlhXKlUzFr4vo/neabnbRAEZDIZms0m9Xod3/dNGWWRvkBPCWjXdU2ZaZGsIkHjOGZ5edmIaEnESgK4XC5TLpdNWjhZuk6OW/YjQlaEt+u6JlktpbjlXNTrdSON5dyJKD4z5S1IWWjHcUzJa3mvOI7D7OysWY9CoUC5XOaaa65haWnJJK6l3LWU1Z6fn2fLli04jsOPf/xjFhcXAXjwwYf4ze+cQj6t+/W/+8GL80ugKIqiKO8C4rgD2MRWBMRYVgxxREyHOF5po2HFifK2DsQWFhZdC3q2HUuWwhXObMcB0Uqd4pVrlthCJLR1jn0i4yXGMEeRGM+yLGKru23vWPaKtF253ogTuz0PvaJ3tUrMWg1wd/tu6tYyx7aawu0tExwlXkPPNmsbTA5ztU9xLJO04pUewG+wr5ju84lzHq+ss2XFq+8JLDOWJWo57r4OK1p5bfecWvLj+aaQPO3W6rXsav/lM/vtyld01su7D/ReW75pVOgqiqIoiqIoa0AFsKIoinJVsHvHeu7fs53HXzhKFNu0cluYm3uR5eVl1q1bx9TUlEm3rlu3joWFBdPvt1QqUS6X8TzPJFXr9TrZbBbLsshkMiwtLZl0r0hH27YpFAomlSsSMPlBkUhDKceclJtRFJFOp3sSrJIqXk2AOEZMSmoXMD1uq9WqEZwytvTqFTEtPYHl+SiKqNfr9PX1mZSulK2WVK9I6WTJ5dUPxWLTN1jWREo0S6JZyjtL6eRWq0Wj0WB5eZlWq8XS0hK1Wg04+0NUoCclLdtYlmVKXstaSCpaym+LfBbJm1wXSQaLaJcS0rK+Mm85P77vs7S0ZKR/pVKhUCj0nLtGo0EURWzZsoXTp0+bPsvr1q1jbm7OpKFnZmZoNpuk02mO17J0oioAH75jJ7u2j1703wdFURRFuXxZabEQ2ViWTRyLznPAcozIMy4tjrGIu0L1HNHIs2RsjJF43b60IlAdoihmfn6epaUlUq7Lpk0bsW3nrH2u7PnsMSyLzsrNg7VajTAMaTSatFeu9RzHJp/PM9DfT8qzsd9kP9a4R5rKdSVr3ld3E5s4XpGksLLWK2sbx8Qx1Ot1FhYWzM18pVKJgYH+nmo2az/m5OGuitILmbmcv1X5bmFZ9sr+LfN4vdFgYWHRXEvm8zkGhwZIuSlMVPoCJapphxJHtNsdlpaWqVWr3RtA4xh3pW1MsVgkn8+vinUsc7iSeNYSzIqiKIqiKMrbgQpgRVEU5arhn37hPh5/4SgAv//Ia/zKe27A9z36+vp44oknyGQyTE9PEwQBxWKRRqPBQw89xIsvvkgmk6FarXLq1CnzYVK73SabzVKtVo2c9TzPyFXHcajX6z2JWPmQMZVKmbLNqVSK+fl5U7ZYUqnFYtEkVpPPJVPEnueRSqVwHAfX7f5nXZK3APl83gjYZrPZ8z2TyZhEr4hZSSFLujmdThvZa9s2tVrNPBaGoRGnkoy1LItms2nEtAjXZO/jer1ueiV3Oh0jfoMgoNVqUa1WTellKc8Nq72Pk98Bk3KWf0vyV+Yi4je5NpKSTgpzOafy2larZcS8lIOWVLYklgEzZyn/LaWy9+3bx9DQEL7vk8/njXiXY0yn0+amgtXUd4b/8NQ08hHhP/25+y7Rb4OiKIqiXJ78x//4n6hVAyq1KnNz89DVu3zjm9/i4UceNWnceMXj/eIv/AJjYxuAzsoeenvJJmXbww8/yjPPPovjOPzK3/8lBgcHAAfbdnn2mef4znceZrlagTjmmq1b+KVf/iU8T0pRn5s4jgmCkGeffY4jR8eZnJwy14YyfvIaECCbzfDQgw9w55134jgXLgPDMOQ/f+XPOXXqFAAPPfgge/bcZq7/zkccw+zsLF/+8pepVGrccccdPPjgA9h2dz6Li4t873tP8OKLLxKETXkVlhWzceNGPv3pTzG2Yf0FHbNldW8k/PrXv87BQ0dwXZef/KmHuGX3zTivK9nNEZubIU+cOMnXvvY1giDgzjvfy3333Yfv+4DF0lKFxx5/nBdeeMFUkBERu3XLFj71qU8wMjK8omXXEAG2kj9aVKs1nnjyKZ577jlqtfCscyw/+75PKuUmAtkWvu/x0Y98hBtuuM7chKkoiqIoiqIolxIVwIqiKMpVw0/efR3Xbh7m0PFZmh2b7Oj1LBz7McPDw1x77bXMzs4yMjLC/Pw8c3NzPPDAAxw4cIB9+/YxMDBAuVymUqmQz+ep1Wp4nke5XDYpCEmUSipW5KFIQUnEAqaEdLVaNULTcRx83zdpVSk9LYlV2Wcy/Ssky0sn+8zKOEnxKJKz3W5TqVRMMjedTpvjSJYqlg/cpMTy8vKyKYEs85P5Szq2Xq8bASz9cxuNBmEYUqvVTOpZErbLy8vUajUzTiqVMuJXRK0p+7eyjSSqk0leWbdcLmfS1bIv6VeclOzSL1jmmXxM5ihjSl9j6YEs/Z8lxSy9jB3HMfJ6cXGRTqfDwsICGzduZHl5mUajwZEjR7AsyySBb7rpJiYnJ+nfehsvneieq5u2jfDAe3de0t8JRVEURbncePmlfcR0s5NCHMc0Go2VNg50n115Ooq7paLfCBGwjUZjpcVHzFKlRrHUz49eeI4nnnyKudl5okQ54dzKTXSvs8eV791tG40mzzzzDIuLZTBJ2uTYvUnkIAj5y7/6a06cOMHHPvZR8vncBa1RVzoHVCoVANrtlrnGXAuWZdGJYqrVkEqlRqVSo92JmDo1ybPPPMP+Vw4Q1ILkK1bGtTh58jRf/erX+NznPsPIunVntc04H2HYoFoNujfbNdumXPNajrl7zRdTrXWPu1yu0Gy2mZ2b59lnnufFl14yN+h1XwPyXnnt2AT/8cv/mc985pNs3rRpzccraeiDBw/xzW99m+npmZWbD+W4e1PJckNgo7F67WrbFp7XTzrtq/hVFEVRFEVR3jZUACuKoihXFb/x9+7nF//1nwPwR987zW995g5efvllNmzYQH9/Pw8//DDVapV2u82TTz5JFEWUSiWCIMDzPNNvVySg4ziEYWjKLCdLBEv5ZPnwUETvwMAA7XabIAhMglZSrNls1pR5DsPQ9PQVcQurKQPpE2zbtjmuer1uji2ZGJaeuCKHpcxzMoFQrVbJZrMARmRDt39wGIYmbRzHMblcjna7bVKtIotFCCdLM0sJ5kwmQ61WMwJaxKusd1KkS49kEcWyL9mviPBkEjg5z2azSTabNeskX3JeZP+WZZn1l2RwUprLa+TfruuaFLDIYUnzipAOw9DMsdlsUigUCMOQKIrI5/OsW7eOcrnM+vXrabVajI6OMjg4yP3338+//MtppG/cr//8/Rf3za8oiqIo7wKGhoYA6MQRS0tL5noml8uRyfg928ZxjOu4rK2hKytGsNuTd2LiBN/8xreZmJgw1xdy45rnuQwODpwnnRuvfHWvA0rFEmFYx025FAsFiqUShUKBTCZjrg9nZmaYmDhOEIREUcxLL77Mtddey2233bJmEbqKJJPj8+jv18MyM6hUK3z/+9/nqad+QBDUsW2LlOexYcN6Nm/eTBRFHD58mNnZeaIo5uTJ07zwty/wwAMfXknfXvjYvd/Phxyp9EteuXat1XjiySf54Q9/SL3ewLa7ZZhHR9cxNjaG67ocPnyYqakZoihmenqGl1/ez8axsTWVsZbrwFqtxmOPP87k5BQA2WyO3TffyA033MDAwICpjHN6cpK9e1/k2LFjtNvdmwLf/4G7efDBD+N73mqPYpXAiqIoiqIoytuACmBFURTlquILD93Gr/+7bzC7WGN2qY5T3Mji4hMm9Zksb7y8vEwcx+TzeZM6EWloWRZBEGDbNtlstkdSypeUQQZM4rTVaplSyZZlUSqVaLVauK5rSiGL1BRJKYli2U8yCSulnyWtWigUeqSlHMOZ/YmDIDDHLV8yp1Qqhed5BEGA7/umpLEITUk++75vZKp8b7fbPaWkpb+vPC4feDWbTZMSFgkuglzStvKBb1J8J9c4uR4iZ0XkAqb0X7IUtByLiG+R4b7v02w2zTGIzE+muUV+t1otACP+0+k0IyMjTE9P02638TwP6IrzTCZDo9Gg3W6zYcMGUqkUY2Nj5HI5tm7dysDAABMTEwwMDNDJjrJcnwRg/VCRz334lkv1a6AoiqIoly3/7J/9E2JiakHA7/3e7zM11W2N8OCDD3DXXe+lx52tOME1a8Q4XnlJzMPfeXil7YPDjh072H3zTWzevJn+/n48X2TdG6lV6Z0L6bTPL/zif4njuCulf60zNpPeujA3O8ef/dmfc+LESVrtNuPjr7Fr1014K+0q3j5W53bo0GEOvnoQiFi/fpQ77riDG2+8gYH+PjOXIAj56tf+gv37XyGO4fjxkzQajVUBnAxFvyFvVn5KB135X4tDhw7z6quvEkcR69ev5z179nDTTTeulPbunpvl5Qpf//pfsv+VA8RxzOzMHPV6k1wuc/4RV3oOT05NMze3AMCG9aN8/OM/zdatW7FtK7FdzNjGMW679VaeeeZZHnn0UcKwzskTJ6ksL+MPDq3uONnCWVEURVEURVEuESqAFUVRlKsK17H5tc/fyz//998C4Nd+7/v8gzs3Mjl5mpMnTzI1NYXjONxwww28/PLLhGFIpVKh0WgYoSrln0VoBkFgRKAkPZOpApGnUrZYZLH0mZUyyMnUrQjNZrNphKM8niwhWK/XKRaLZswoioyAlCTtwMAA8/PzRhJL7+BkeWlJ5IpElURuvV43glbGlfkkSy6LYBVpmxStyXXoll2MzHGeWa5QpLcI66REl+dFAMs8Jbkr+wrD0Ajeer1u0jywmiIWuSvltkX+ShlsEdMicJvNJs1m04jifD5vznccx0xOTuL7vjl2OT5JOXuex/bt2+l0Orz44ov09/ezd+9etm/fTiqVolKp8qUnXjLz/LXP34vrrL2Uo6IoiqJcMVjxSp5XLNmqaD0r53uBEi2xN6IVafiJn/04W7duRtSikbfWGw3Q+7htW2SzrycU457vw8ND3H77bZw6fZp2u8PMjNxAdqECePV68M24xORaRlGEn/K4597388EP3ovneT033gGk02m2btnCq68epN3uENbrNJvtngotrztQz78lzXsBB9rTjDc2Ur3T6ZDxfe66+07uvfde8vmsKbktFAp5duzYzpEjRwnrdcJ6SLvdAs4vgGXuM9PTpg3Izp3b2bJl00o6fHUgq1vnm1TK5cYbb+BHP97LyZMnWVgoU6sGDA3KNmufuqIoiqIoiqK8FVQAK4qiKFcd/+jT7+dLX3mKqfkKS0GH16pF5k+dYnp6muHhYWZnZymXy0RRxMjICLOzsyYtKqKwXC6b8sEiIGu1mpGrIhklAZvsOZtMCwNGVubzeWBV6so+k9uLyJTErowtxyJSVcZvt9ssLS3h+76RnnKMUqpY+g6fS7iKcE4K3WRpa+lNLBI12QdZXi8/i1SW40vOQY5f5iLH2W63TQr3zPRzMjktxyL7cRyHZrNJLrfaU6/dbpuEruxT+h+3Wi1SqRTVapVSqUSj0TAiPFl2WkpZi5SXFHRfX5+R6NIjGroflopUf+GFF7jtttsYGBhgeXmZarVKEARcc801dPpvYClYAmB0sMA//NTdF/ttryiKoihKgp07d/CFL3yedDqNtF+4dCQjnzHFYn7l+iKm0Wj23Nz3TlAo5PncZz/Ljh3bTKr1TKTlR8/z73CK1fc9PvmpT7Jr1004jnXOdZTy4Y7rdMVwopLMWmk2m+ZaNJvL4Ziy4+cm5Xmk091kdBRFtNqd191WURRFURRFUS4VGi1RFEVRrjqy6RT/yz/+qPn3nz+/xMj6jYRhyPj4OEEQUKlUTIJzZGSkJzkrH4CVSqWeUsT5fN4ITkmpioiVfSXTwO12m0wmY8osS8lky7KMHJTevpLmTY6XFMNyXJ1Ox4yZSqUoFAo4jmP6z6VSKXOMhULBCOVsNmu2EaktMlnGl9LKshaAkcWNRqNnzpKilcflWEUON5tNI4ST0jY513a7bcpEC7J/SQhLaWYR1HEc0263TTlvSVfL2mezWZO2TqaGRWxLWrhYLBqBLxI+tVKasdVqUa/XTSq4v7/f9HaW/fb39+P7Pp1Oh1Kp1P3g0XHI5XIUCgUz33w+z+C69fzZ82Uzx//zv/0ZfE/v0VMURVGUS4nnpbo3oRGbG/3ebG/WZAuQKOpei7Q7nZWviHYnpt2J6Kx8xfFqD9zu6y7evNbOavliz/MZHBrsaZFhtjJr00062ys/m6D0O9jP1nVT9PWVcBzrDc+hzAtIlOQ+P/KSblnv7nlu1JumUkxSJCd/7rTbNJtNM7a7hn7DiqIoiqIoinKx0U8XFUVRlKuSzz90G//2z3/Ac6+cACwOt69hbGycEydO0Gg0WFpaotlssmXLFiYmJkilUiwvL/cI0WTJ5FQqhWVZ+L7fIz+TPXalB7AIYN/3qdVqZDIZI26TvWhbrZbpYwv0yFX5EEtkqPwscjaOYyMs+/r6TFI2lUqRyWSo1+vU63VKpRLNZtMck4wtJMWzpGqhm6aVRLFIU5Ha0O0/LPNPJoVFUgNmzeS1Mp7s37Zt6vV6z+OA6fMr+02WoJbtRCADZDIZoiiiUqnQbrfJ5XJGCss2nU7HCFuAarVqylHLmsraiKz3PI9Op0MYhuTzeaanp7nuuusYHh7m+PHjrF+/nvHxcVNGOwxDjhw5wsjICNls1gjv7x1PA93z/L7dW/jMh3a/5fe3oiiKoijnIwYrAsvmrURZRfw1m03273+F8dcmqFQqPTewrfYA7l4LVSpV2pdFKnQ1lbz69W5qTnuB5aQvdO8rfaAHBvpXrpNbHB0fZ2ZmN+vXj65ss3pdLu+F8fFxFubnASgVi2SzuXPtXlEURVEURVEuKSqAFUVRlKuW3/31T7Ln730JgOfHq/zqhx6g+u2vE4ah6ft6/Phxk0SVtKqIOxGQvu8bMdtoNHBd1yQDkkK10+mYfYg4FqEq+0qlUmY7SbhKqeRk+vfMD5tE9iaTD0nRmk6nyeVyzM3NGREMq2WRkz2KZXwR2fIFGFktsjWdTpvjFDku8lVEqcjfZEllGV/WUY5dRLDsPynAZa7ynCSIpZ+wCFlJZMia1ut1c948zzP/lm06nY6RxK7rsri4aH6W1DSslt2WOUjJ606nw8zMDENDQ5RKJaampoy8X7dundl2bm6OarVKuVym1WrR39/P5utu4zvPNFbmbPF///NPX7w3uKIoiqIob8CK6DTOM+59fK17sSzCsM5Xv/pV9u17hSjhIy3zv4mk6Dkee0d41/eivbTyF1hJ/cKGsTEGBgao1U4yMTHBf/7KV/iJ++9n586duCkXC4jimKAW8PzzL/DMMz+kWguwbYctW7fS11d6R5PSiqIoiqIoytWJCmBFURTlquXWazfwK5+4i9//+jMA/OkPq3z81lv59re+RTqdZmRkxPTJhVX5WK/XjcAVwZlMBcv2nucBGPEp8lSkrud5pFLd8oNhGBqBLGN4nndWaWXXdU1PYc/ziOO4J4UsQloe8/3V/mNxHJPNZs3YmUyGMAxNulXSupLKlUSy9LuVeYmkBXqEOKyKW8dxSKfTNJtNGo2GmXcqlTIi23Vd8yVIiWwRxlISO4k8JwldSU9LL+BWq2VKbifXUvafTqepVqvk83lTYlrKbcuaeZ5n5H06nWZubo50Oo3neSwvL9PX12dkv5SO9n2fo0eP8rGPfYwXXniBcrlb1nn37t3U63XuvfdeRkZGeO6558hkMgwMDPIfXlqd13/9qbu5fuu6t/q2VhRFURRljVhn+cMLT8DGscUPfvA0B149RBR3yyMPDw8xOjqCl/JWdtkdyLYtYmwWF5cYHz9qWmS8I1hnCtR38FjeFFbi6xKOYkGxUOB9d93Nt8vfYamyzOTkDF/+T39mrv+kco9U1ZHj27RpI3e85zZ8P9V72IqiKIqiKIryNqACWFEURbmq+a1/8JP82aMvUq6ELAYR9cwmxsbGWLduHYVCgaNHj5rSxrlcjnq9TjqdBjC9ekWaAqTTaSOIzxTH0rdXksGwWipZJKYITdu26XQ6pr+t7F9krOu6jI2NmZQtYHrcitAtFos9clqSwCI8ZRxJ/kqJZ0m1SlJYJLKkkkVGSwJXjrPdbveIUxGy8hhghLOMJ3MWmSvzTMr1ZOlrGV8ksJSCbrVaZ323bdscu4hcoEcUA2YdUqkUYRgaAS3zqtVq5nnpAy0pYpH+cRxTLpfp6+vj1VdfJZVK0d/fz8jICIcOHWJwcJBXX32Vubk57rrrLl577TXquS3MV08CUMqn+c1/8JOX6m2uKIqiKMololqtsnfvXlqt7nXfzTffzGc/+2k8P4UVdwWlZUm/2Bgsm337XmFi4tg7K4CV8yJtfW3b5vY9t1GrBTzy3UeJog6WZZtraoixsLBsC9/3yGbT7Np1M/fddx+lYuEdnYOiKIqiKIpy9aICWFEURbmq6S9m+Ne/8hD/+H/9/wD4yt/W+OJ77iTtOTz99NMUi0VOnTplSjNLijWXyxHHsemlK2WU0+m02RZWyzVLf9nkc9JDWCQtYHravl7JZ/nasGGDEZIiPXO5nEkai+wslUrm2CThG0URpVKJWq1GrVbrGUckb6fTYWBggEajYfoWy9giYX3fN2IcMP2PRV4n+/E6jkMQBEb6SlllGU/GF/mcLEctz4kkltSzrFeyTLPneViWZcYKw9D0Km42myaxWygUjKAXsS+lrwEzvuu61Ot1fN8nDEPTuzkIAjOWJLUlsfzKK69w3XXX8dprr1Eul8lkMlQqFVOSenJyktGxTfyLvzxl3of/5h99lELWv4jvbEVRFEV593N21dzLr0dts9lckYDd65rrrr8Oz3Ox4ojehGpX9sZEvB3li5WLScxr4xM899xzWJbFgw8+xKaNG8zfAN2bFG3zN0J/fx+5XI7u5f3l955VFEVRFEVRrg5UACuKoihXPf/VJ+/i//ra0xw4NgNYPH6qj6G5x1hcXMRxHPL5PJZlUalUGBgYoNPp0G63aTabZDIZ+vv7KZfLptyxIIJWyjFHUUSr1TKlhjudTk/i1nGcnm2TYjZZBrlYLDI4OGhEred52LZNHMdkMpmesswimUWSiiC2LItCoWCSsFLq2nVdms0mvu8b8SljS1o3mWSWhK2IbcuyyGQyPb2QRT5Lz2DZznVdcyyA6bucSqVoNps9ZfSS/Y7PtaaSBpZ0bzJRnMvljJyWOUriRtYQMOW7k/2Nk2sv58d1XVO+W1LQ0ue31WqRyWQ4efIkYRji+z73338/jzzyiOkdXCwWeXzSIlppEnjz9lF++WfuuCTvbUVRFEV5tyM3wsWXqS/tVg2JVm5Ws0j7fjcNagGxLVv13NynQvDdgfQAjqKI8dfGmZ2bpa+/n82bN7Htmq0923VJvknjxJeeb0VRFEVRFOXtxz7/JoqiKIpyZWNZFv/hf/ovSLnd9OeRmSbepjtptVosLy9TLBZN2tOyLAYHB420jeOYIAiMUIyiiFwux/qYM1nlAAAgAElEQVT1601CVnrpSspXxK8ISpGhvu/j+77pkyupV9kvdBO9N910E319fdi2bZ4PgoB2u002m8V1XfOcSGj5LsfhOA6pVIpMJoPrugwMDJDP502P3OTaZDIZ4jg2EtnzPHzfp1gsks1mSafTpu+wyFsRtVLeGjDlqpPlqCUBLUnd1Q95Y9P/GHr7/soaSully7LI5/NGxPq+b+Zl2zbVatVIY9u2Te9fSTKLkJbyztIveHl5mTAMTbJXhK+Ul5bxRQhDNwVUq9Uol8u0222q1SqPP/44mUyGWq3G8ePHWfS388LhGQBSrsOX/9Xnz+pzrCiKoijKKr3y9PJCruXiOIYY4gjAIo6T/22XJLBNPWzw6quv0ulo+efLHXnLxTE06t2bPCuVCvv376dardArec8Uvd3zrR+7KYqiKIqiKO8UmgBWFEVRFOC26zbwO//wI/yTL/01AE9MpPjYnR9k4uBe5ufnjQiM45j5+Xl836fValGv12k0GmSzWcIwJJ/Pk06nWVpaMsK1Wq2apKp8eJlKpUz5Y0mcigSU8sZJGWrbNps3b2bdunVks1nTD1fI5XImzSrpVRlHxkyn06b/sJSDTiZsHcchnU6bktJSBlnGFwmc7NsrZa2lNLYkXCUhnc/nabVaNJtNwjA0klZS1HEcG3kqslzGSwpewMxD0r1n9gNO9lqW16XTaaIoYn5+nmw2axK+nueZFLasjcw7OU8ZW/r+SgltSTanUinq9bpJIIswr9Vq9PX10Wg0mJycJJvN4nke7/uJj/JHP5g05+1/+28+xk3bRi7221lRFEVR3vVYlo1td/+7bGExNztHFIFtJ2WbyLXoAm6msjh3+eVkuebz0T2GGLAcm5SXglr3hr1yeYEo6nSvnVbKPhN3r3Nm5+b5q7/6BkfGx4mj7ryIX+941jCP+K3cQHbma9ewr3hlzWOr2844ediv+/Kk6D4zAf1WpL7FhZ+zCxxh5dTYtk2xWMRxXFrtNk88+RTPPPssoyOjbNq0kS1btjA6OkoulyXluriug+s6Z70n9YY/RVEURVEU5e1EBbCiKIqirPCrf+cDfPPpA3z3+SMAfHdqPR/fFXHstaM4jkM2mwUwiVmRj4CRmK1WiyAIqNfrQDcRCqsJXpGf2Wy2R4YCpkdssqSzlFnetm0bW7Zsod1uUywWjRyVssUihCVd22g0SKfTRlhKMlgEqGwrPYtlf8nEcL1eN+lkSdZK+lUEq+u6RpoCRtzKGCJLZTzP8+h0OuZ5WTfP83pKPktKWqSu7DuJlKuW9RX5W61WjaRuNBr4vm/Kc4tcT/YMFqEs40rp56TgFmkusjmTyZjeyMm1F1EsPZ8zmYyZ19jGzXx57+oHfz9193X8w0+/762+bRVFURTlisR1HYrFIqdOnQZiXnrpJYaGhxgb24DrdK8J8vkCxWLhHL2C34iLmyTO5bIMDQ1RLi/TiTo8+9xz9PX1sWPnDlJuivmFeSYmJjh48CCvvXaMoFZjcHCIoBYQ1utnWNQL5S30Eo7h7MTqeRbyTfnLNyu4z0d8xve1HMe5fn6DEVbWyLLgpptu5PCRIxw6fJhOFNGoN5iYmOD48eP84AdPmxspC4U8hUKO/v5+du7YwfU33EDa99Y+LUVRFEVRFEW5SKgAVhRFUZQE/+lffZ7dX/jfmV6oEjYjDkXX4XQOkcvlmJ+fZ3h4mNHRUfbv328k4MjICM1mk2w2y8zMjOl5K6lS3/ep1WoA+L6P53lGxiaTvO122yRJXdel1WpRLBbZs2cPQ0NDAGZ/rusShqGRno1Gw4hhx3HI5XIApmyxCFJJHCf78HqeR6vVMn18RURL/992u21SrlIGGugRpVJKWV4v85Djke2k1HM2mzXHLr2CATMvx3EIggDg/2fvvsOkLM89jn+nt+2wLL1IE0RABAwIUlVE7CVRsWuiYjSaWBNN7En0aGKNvZeAvUssYMGKFBEEQXqH3WXL9HL+GJ6HGeqCKIq/z7nmYnfmLc/7zlzHzf72vm8bNueGzOZ8JhQ2YbHX6yUQCBCNRgkGg9TX19tKXhN+m2OYQDg33IVsO22n02krps29SyQSFBYW2u+9Xq+tqDbHTKfTdi2ADfu9Xi8rCvsSq8tuW1FWwBPXnPBDfYxFRER+9jweD3t17cLs2d+QTkP1unW88MKLmMDPQYYePXpw4okN++9p9r/NuaHh9w8lHYDX7Wb//fuzZMkSIpEYq1ev5Yknn96wTc7PMG6Xkz333JMRI0Yw7tnnWLJkyfdYR+Z7Zqu5HVYaWkmbsf+3vefZ/Hzc7ZPZ5LttHyOTIduOO/fRQKZiN51OU1tXRywWx+GAUMCP25XtgJNMJkkmk6RSKerq66mrr2fFiuz+n3/+JV26dObww0ZRVla2nX+oICIiIiLy/SgAFhERydG4JMQz149myHn/AeDL+TUc02M4sya9RCqVsnNhPR4PlZWVFBYWUlNTg8PhsFWmJvQzlbXxeNzO9t24nbEJgE14mFv126FDBzp06IDX66WkpIRIJGLn7wJUV1fbY+a2YTYPU8nr9/vzZgJnMhmi0ajdt66ujlAoZCtaTQWvw+Gw1axFRUU24I3H4zbMNXN9TfBrAl9zbaayNhaL2ddMKB0IBOx9y20LDRsqgDe+X6YSOTfUzm1Zbc5lQmVTBR0MBkkkEnbusvlFXX19PV6v11ZNm3OYX+jlzgn2+Xyk0+m8kDd3hrNpS22CeLO2eDzOHn0P47VZcXv8sTeeTElh4If9MIuIiPxsZcO9fXr1YNHiRXzxxZT1P1OYnweyX65atYpkMonH07BfbWTbSW9vgLk1TiBDp04dGTJ4MO++9x7RaIzcMNWcs3nz5vTv359u3brgdrkJBPyw3VWsufLnz5qfIRvSZjib+W4UyNqAfFv7Z4A060ceN9CGds2bBvHbKZMb5jc0SE6TIb3+fd++c6bTGb7+ehavvvoaVZVVtG7bhkNHjqRx48ZEo1Hq6+upr6+ntraWqupqVq9exdKly6iqqiKdzjBr1jeUFBczcuRI/H5VAouIiIjIj0cBsIiIyEYO2KcdV5w6hJsefQ+A56YnGL3fQKZ89qENHf1+P9XV1YTDYTvv1VT5mtm6JpA1bY5N8Gh+MWeqbAEbTObOt+3SpQslJSU2xDSVv6bFsQk8TbhrwtuCggK7RrfbbcPhQCBg128CT4fDYauFw+EwhYWF1NXVEY1GSaVStiK3sLCQaDRq1xKLxWw1rQm9TTgdjUZtNYQJtXPn+xpOp9O2l04kEvaeOJ1OkskkkUhkszOAzbYmmDX3zdy7QCCAy+UiEonYMNfv99v7nVup7HA4KC0tpb6+3v7i1Nwn835tPK/ZhNfhcBiPx4PP58ur+DXV4GbbXvsNZNysDfPvrjpjGAN6tN2pn1kREZHdT3Y0xVFHHUmnjh357LPPqa2tAbIjLMrKymjXrt02qypz/4isU6eO+NZ3+Kho0mST8RINX9qGilmHw4HH7WbIkEF069aVjz/+lAULFpBIJHC7vDRtWkGPnt3o0KE9Ho/X/oHcfn370qZtGwpDIdtdpaE8Hg+9e/emY8cOOMjQsmXL7drf4ci2rh44cH+isRihUIBA0LfNe9msWTMGDx5EKpWmsKCQYDCwHaFzBqfLSfce3WnWrDkul5vmLZrT0LJY8z4WlxRzwAEDiSfieD1eiouLt7UnTSrKOeCAAcTjCUpLS/D7fTQk7M5koLKykokT36eyspJQsIDBgw6gTZtWOJ1QUBCgceNSeyxTkB1PJPn44094++23iUZifDdvAVVVVTRrVtGgaxURERER2RkcmdzfxIqIiAgAyVSagb+9m89mLgag0O9kP980Fi9akDcPN51Os27dOsrLy1m+fDlAXjUvbGj9Zx4mXMytlDW/gMwNHocMGUKzZs0oLCy0FaaZTIZwOEw8Hmft2rVUVlYSCAQIhUIUFRXZ+cSmFbIJWXMrb/1+PwCRSCT7y8n1bZDD4bCt4jUzjKPRqD2GqZo1rZFNQJx7XeaXgKlUirq6OlKpFLFYjHQ6TSQSAbJtnk0rbBNIR6NRMpkMtbW11NXVUVVVxbRp0+y9y/3X7XbbwNvcM3OfcytxzexjE0Cb7UyYHY1G7XbmGr1erw2kc8NyEzDX19fbMDiTyVBcXGzbQJvQ3+fzEQwGSSaTNG3Wgq89+1MbzZ67T9dWTLp/DE6negCKiMgvj/nZyPzMYDprmD/OSqVSBAIBshWt63fK6SCc/YMyJy6XM+cPxLIvbimEzP15bP1h2PBFw8LLTQ+a87Vjw3myP69AJpO9JpfThcPpxGF2yF1DTv64vSvY5Jc4Ob/W2Z7rsd2fyZbzZnfd+n20gW3OjWxoAJy3f44GNZ/ewv7brFc278uGZ3L22VYAnOGbb+Ywduyz1NbV0aJFc0afdALl5Y3XH9dsl3/cDLB6TSXPPDOWxQsXU1hcxK+PP5bOnTtu8zpFZOcwY4Vy/5DXdLky/9t7h/7/v4iIyI+spqYGgKlTpzZ4n549ewLZfkUiIiKyEbfLydgbR1MQzFbo1kbTfJXuQcuWrfD7/bby1LRSXrNmTV4r59zw0DyfG2Sa/yFqjpPLBJlr1qyhrKyMQCBAIBCwbaSDwSB+v59AIGArfHPbOycSCYLBoK18NduZ4NWEl6FQyIbLXq/XBrtmvT6fz7ZpNmFvIJCt9DAtrk3Aayp3c1tQm2qWeDxOIpGwv+g15zcze829MhW7pnoX8ltlm3bL5ntz/0wlL2yYsWzuoQmtzTWaucCm3XNhYeEmFbzRaJRwOGxD40QiYSuYTVCcyWRwu93U1NTYimnTUtu0f27UqDHz/P1s+Ftc4OfZm05W+CsiIrJNDvvffft/60deuN2uvJ+dHI6t/xI/9+eH7JHXP7ax3zaWt8nYXHMsh4MNf0DmcmZDwuzJ8nd3NHzy7tZO72DDNW7v9WxYg9l32/cx//41/B5usj/bd/1b2r8h+5G3z/adOR6Pk1z/R4culwvn+p9jN9wvsy5n3jE9bjdulxMcjvV/EJBs4JWKiIiIiOwcCoBFRES2oFVFCS/84xRcrux/LlfWplkc2o9AIEgkEqG6uppkMmmrRWFDRUtulWpu5aqZ72tC1dy2zwBerxen04nL5WLJkiUEAgEKCwsJBoM0atTIVvuaVsdFRUU2NE0kEhQVFdlK2tz5vCbkNAG0aSftdrvx+/22VbVZtwmKTXBq2irnhqKArSzODUUzmYwNWJ1OJ16v11Y557bDNqG4qZw1FdGpVIpwOLzpL2zXX2fuvODcymPAzhA27bfNHF/TBtu0rnY6nRQUFOD1bmgdmMlkbGhtwm9zTKfTaWcf584GNmF/YWEhLpfLhurFxSXUtjiY1dmu4HjcLl6+5XRaNtlWm0IRERER+alwe9z2fwvU1dVTX1e/+UnCNhXPBsFVVVXU1NaTIWNHuYiIiIiI/JgUAIuIiGzF0N4dePKaE+z3c1bEiLUYjMPhIBaL2epQ074wV+5MNBMAm7m9JhA11bsmfDXbulwuampqWL58OQ6Hw1bnBoNBOzfXBJk+n8+Gxul0mqKiIoLB4CYzd80vn0yIaYLXeDxuZ9+aMNiEs7ChpbUJi3Ordk1VsTl+NBolkUjYe2HOYYJeU0kbCARspa6pbDaBr9vttgGwuU/mPqbTaRv8mrXkVgWnUik7/9h8nUqlbAsws/bca/P5fHmV0eZ5U2WcW/lrQmMTmJuvc6uEy8vLSbYexpwVMXvvx944WnN/RURERH5WHBQXFVNQUIDD4WDdunV8/MknrFy5av1IluzPf8lkimQyRTyeor4+wtJlK/jwo0lUVq4FIBQKUVBYuIuvRURERER+ady7egEiIiI/dccN687CFVVcdufrAHy5KM6AXkdRM+HRvNm9brfbVvXmzsM1IWZulatpAZ1bPez3+0kkEnYGsNfrZfr06XTs2NEGkbFYzLZiTiaTm7RkNqFobitn0xo6Ho/bgDcSidjnHA4HXq+XeDwOkNe6OXfd5piRSMS2PDbX5nK5iMfjtu0yYGfsmmObANpUQMdiMVKplD2fqdiNRqPEYrFNZv+attEmnI1Go3mzkc37YNpNm2A5FovhcDjsjGNT0VtfX4/H47HXbdpZm8pns525F+Y8uffUtKM0s5JjsRjuNgfw6YKE/fzc/scjOHxg1x/uAyoiIiIiO53DAeXljenUqSNrVq8lmUoyefJkZs2aRUlJKT6ff/3P6Nntk4kk0ViUdeuqqa8Pk8k4cDicdOjQwXacERERERH5sSgAFhERaYA/nTSIhcuruPu5jwH4cEGGgw48mS/eeDiv1bIJBU3lqQlHTUVsbliZG1qaebqmshYgkUiwYMGCvJnCphrW5/MRi8WIxWK2BbMJVhOJhK1UMGG00+mktLTUBpxmtq/T6SSRSBAOh22YbCp1TdBqrsWEp2busGkXbY7j9Xpt6GsqcCORiK0whtz5eI68MNc8zP3Irab2+Xx2Tbn3DbDVwKb6Ofc85v0wQXtBQYENg8vKyqipqbH3L/cazLWaNtbmdb/fTzwet+2kTbvuRCJBaWkpNTU1dB54PBMWbFjfpaMHM+bY/jvzoygiIiIiP4JMJjueZfCgwdSsq2HWN98Qi8Woq6unri68yfaOjIMMmWwXaMDn87LXXl3p378/vvVjUEREREREfiwKgEVERBro9j8ewaqqOp599ysAxn/rYMTwY/ji3RdsOLulEBKwrZdN2AjYStVs+7ik3caEo+FwmEWLFtGtWzf7nN/vJxwO4/P5CIezv3wy7aNNEJxOp23b6Gg0avcJhUIAtkrWtHsOBoNUV1cD2DUGg0Hb2tgEw2btJgQ11comwDbBaSqVIhAI2P1Npa65ZlMtDdjw1oSz5l6Ye5g7t9cE2uZ+Gub13HDdrNF8HY1G7fpNUJ17bea9SCQSthLb/Gv2MVW+Zm2mdXRtbS3dBxzKmws8dk0nHbwPN405ZOd9AEVERETkR+NYP+m3sCDIMcccyZIlS5k37zsWLV5MZWUVdXX1tmuN+UPCgoIQjcrKaN26Je3ataN161b4/f5dfCUiIiIi8kukAFhERKSBHA4HT157ImvXPcB7k+cB8OaCYg498Dg+/d84W+mbG1SaVsEmLDUtoDeeb5sbZgJ2u0wmw5QpU+jRo4cNIwGCwSC1tbUEAgGi0SipVCpvlq1p/2zm9mYyGTv318zZNUFvJpMhFovh9/uJRqO2ujiZTOaFpGY9Zg2mLXRumG3mHJvqZHNtuddvjm/uTSqVsoFxfX09icSG9skbV0vntoQ27ZcTiYQ9hwlyTTWyaStttjcV0NFoNG+Wsd/vtwG8CeRNla95T812ueepra0lnU7Tc+BhvLlgQ2u/Ifu25+Grjt+5H0AREZFfAIVl8lMUCAYoLS1l77277eqliEgDRCKRXb0EERGRXc657U1ERETEcLucvHTzaey1R4V97rV5IXoMO5FEImFn9ZqqVxOWmspeEzjmtjw2wa4JjU1FrGkfPXPmTKqqquxxzPZFRUX4/X6CwSB+v59AIIDH4yEYDFJQUJDXotnMBzZBqZlpm9ty2gTD5l9TpWu28fl8eL1eG8KmUincbrcNm3Mrnc0xTftkE/6adeS2zTb7mGrd3LnIGwfAJnA212VmGJsQ2Zwjd35xKBQiEAjY2clmf3MPzNzheDxOfX09gA2szb2KxWJEo1Fqa2vtuROJBF6vl30OHM3bSxvZz0PPTs156ebTcLn0Y5aIiIiIiIiIiIj8+PSbSRERke0UCnh5587f0bNTc/vcO/O9dBlyMn6/3waogA0/c9snm+AxNzw1Vba57Z9N5WkymWT69Ok2PIVsQBkMBslkMhQWFgLkBbGmOtfM6zVVq6ay1wS0uVW8prI2k8nYmcBer9f+G4/HAWxVsWk1ba6joKDAVi4D9ryQnZ+WG96akNvr9dqw2TxXU1OTd79zZ/7mMqGvCanN/TbBdCKRIB6PU1VVRTgcJhwOk06nbVBuKrQ9Hg9er9d+bUJpc7+DwaANsNPpNNFo1LaLbrf/Sfxv3oaGKj06NmP87WcTCmjOm4iIiIiIiIiIiOwaCoBFRER2QHlpiAn3nMPgXu3tcx8sdFHW6zhKSkrweLKzYE1VqwlnTegJ5FUBm8phE5SaClQAn8/HzJkzqa+vJ5PJEAqF8Pl8tsWzaXkcCARsG2gz1xewAauZhWvOa87t8Xiorq4mHo/b2bhlZWV5LaLNbGHYMCPY7JtKpYjH49TV1dmAO5VK2TnDpoI4GAzaCmJToWvCWxOOm3bUuS2jc0Ntc09NyG6qcXP3N9ds5hubSt6SkpJN7ptpc222iUajuN1uCgoKbJic+16ZGcF+v5+SnsfywfyUff8P2KcdH943hkbFwR/gEyciIiIiIiIiIiLSMAqARUREdlBh0Meb/z6TowZvmAU2dZmDTMcjCIZCeVW1iUQibz4wbKhgzQ1JTaWuaSNtAs3ly5fbUNW0Y3Y4HDaQLCoqArKBrAlNAXsuEwKbKl4TTNfX1xONRikqKrLBsmmHbM5tzmWqdE2wbELX3HnD8XjctrrOrUCGDTOCTZtr027azOI1TAht1mnOZe6fCW9jsZi9x6adtQmsI5GIrU42649EIsTjceLxOJFIBK/XawN3EyZ7vd686mhTrZ0bMJeXN8Hb7Td8tXJDtfPhA7sy/vazCfo9O+3zJSIiIiIiIiIiIrIjFACLiIh8Dx63i3E3jmbMsf3tc3NWpalrNYomFc1sIGmqUTeuOjWVraYCFcibBWwqT2tra5k8ebINiU34a6p+TWWxCVZdLpedh2tCZpfLZStaU6mUDZhdLhd+v98GoaH14bUJa00rZROymiDWtFE2FbgbX4tZe24baROEm5DYrMnn89nA2VQA5879NYFwbttn85w5R+6s4UAgkDdH2NyH3HtjQvZUKmXbTpsZy8lkkkAgkDc32eFw0LRZc6Ltj2V+lcO+3+cc/Sue/8cpeNwbAmERERERERERERGRXUUBsIiIyPfkcDi4/Y9HcP05I+xzy2oczCsYwl49+thWx2YGrqlmNUFwIpGwgacJQ80MYVNd6/V6ef31120oax5mFq8JVB0Oh51la/Y1j0wmY2cUm1bQkG3pHA6HbaiaSqVsJayZ0Wv2SyaTtsWz2d5U5Jq5u7FYLK99szmmy+UiFAptUjlsZuuaSuFkMpl3b3PD8Y3ve27oa1pru91ukskkHo+HQCCQFxSHw2FisZhdrwnZTShsQnOHw8G6devstul0mh69+7G4bAQrajfMJL7xvEO465KjbKW1iIiIiIiIiIiIyK6mAFhERGQnueLUITx01fE2DKyNwf/WdmSvgUfZUDE3kDXBZ+48W1Opmjt7Fja0QJ42bRp+v9+2dI7FYrYKeOO2yj6fD4/HY6trTQAN+XN0TQBqQmXzummxbI7pdrsJBoP2uIANtk0Q63a7KSwsxO/32yrb3MDVXJf52lyXOb+59s0FqrnPmXtorttUM5sK69zrNM+Z/XPvKWTbZpeWllJWVkbz5s1tFbBpH+3xeOh/6Gl8ULc34aRr/fkdPPa333DZyYN31sdHREREREREREREZKdQACwiIrITnTpyX17856n4fdkKXofDwf/mBwj1+A0VTZsRi8Vs2+HcylQTvpqvTZhpAlbIzuKdNm2areA1QanD4cDv9xMKhWz75GQyaUNiUylsKmPNOU01smlxbPYz5zdBaG6FsqmYNWsw7achG7aaGbuxWMw+5/P58Pv9APb4TqcTv99vZxqbgDaRSNjrzZ2hbALr3NbZyWTSbm/Cb9Nq23xt2kyb102b7HQ6TX19PYlEws5BNtdv1uZ2uykuKaW0zylMXFZsA2Of180b/zqTkw7e50f6VImIiIiIiIiIiIg0nAJgERGRnWzUgC589tAFdGpdbp/7dq2Tb4ND6N67vw0yTcWrCTdN+GteN22gTRCcTqeZNWsWwWCQdDptA17D7XZTVFREKpWyc2wBvF4v6XTaVgqb6mAz39cEwabFswmDTfvn3Nm+udXCAPF4HI/HY9dhguHctZsK3dzKZsjO+vV6vTbkNcfLrfQ1X+fOQwZstbSZhWxCXvO8CY83XpO5DlMhbALfeDxOOBxm7dq1tg136/ZdWdn0cOZVbbjHnVqX8/nDFzC8T8fv/TkRERERERERERER+SEoABYREfkB7LVHBVMe+wNnHNbHPhdJuXi3shN79jtsk3bGJnQ1QacJh3NbOptZwo888ggFBQU2zDTzb3Mraz0ej62QNccMh8PE43F7rmAwiNfrJRaL2Upj04o6k8nYMNac1wTLpurWbG/aL5vZwYCtTjaVuuZ1EzInk0l8Ph8Oh4NQKGRDaGCzQa+pyM3dxlT6Ajb0NWGvWbO5Jy6Xi2AwaFtPmwpsEwxnMhlbPe10OmnZ82Amp/vYls8AZx/RlymP/YG99qj4YT88IiIiIiIiIiIiIt+DAmAREZEfiN/n5v4rj+Xp608iFMgGow6Hg/eXlxLa+zgqmjaz1a+mghXy59ua9scmDHa73Xz44YfU1NTg9XptFWzuvF0T/kK2wrWurs4GsE6nE6/Xa4/n8/lsa2RT1WvO6XQ6icViNiA2Aa6ppDWtm03Ia6qHE4kEHo8nrwrZhNThcJhEImFbMbtcLltxG4/HbWVu7joSiQThcDgvzDXbmeuKRqOEw2H7fCKRIBgM2kpqE6o7nU5bCe3z+QgGgwQCAUKhEC6Xi4LCYvzdf8Onq8ts2FwU8vPc30/hP5cfY1t7i4iIiIiIiIiIiPxUKQAWERH5gR0/rDvTn7yYXp1b2OfmrfMxK3Qg+x30GwKBQF4rZtMGOplM5gXDJsD1+XzMnTvXzs01VbImmM1kMrbFs9PpJBgM2tbLiUSCWCxmw2IT6OZWH+e2qDav5zLnNe2TzZo9Hg+xWAy32000GgWyc4tNQH6iJVMAACAASURBVFtfX29bS5uKXhPQmgpkc62woX20qfQ1wTVkK35N+N2oUSMCgQB+v39DaFtUZANtEzqbfc39Nm20fT4fgUCAHgccyYqWx7Okzm/XsN9erZn+5EUcOWivnfqZEBEREREREREREfmhKAAWERH5EbRtVsrHD57PFacOsSFlIpnh9XkBIu2PY59fDbLVrqb9sWlLbEJWE7xmMhk+/fRTgsEgfr/fVu+mUilbhWtaOQPU1NSQyWQIBAKk02kbziaTSSKRCEBeC2bTAtq0kDaVv6Yi2VT35s4xNi2Xg8EgsVgMIC90zm1zbap4Tfhrgu7cdtYmiDZtnE0YnHtd5l6Ew2G7BtMaOhaL2ZDX4XDg9/vz2liXlJTgdruJx+N07LYv9W2P5r1lZSRTG+YG//m0oXxw77m0qij5MT4iIiIiIiIiIiIiIjuFAmAREZEfidvl5PpzRjDpgTHs07m5fX5lbYbxK9tS0fck9ujQCY/HA5DXvthUwZqq2+nTp1NXV2crgAOBgJ1zC9gZu5lMBr/fnzfTF/Jn9JrqWxO8miA5tyrZhLFmP4/HY4PZ3Orhuro6GwpHIhEbSJt/fT6fnVFs5gWbY5lq4/Lycrs2UwHsdDqJRCI2HM+d72taR5vg2+Vy2bDaBN9me8hWBCeTSdq0a0/FfqOZUNWJ1eENPxL16tyCyY9eyLW/OxiXSz8qiYiIiIiIiIiIyM+LfqspIiLyI+vbtRWfP3wB/7n8GMqKgvb56SudfJbuR4e+I20LZ/MwAaqpqk2lUrzxxhu2mtbMvzUhqGmXbIJQwM7mDQQCdmavqYKNx+NEo1E7k9eEsZlMxraANoFqbmWt+dpUKpvQ2lTyArbFdH19vZ0Z7PP5APLmDpugu7i4eLOzgM3xAbsOcw1mHrEJq5s2bUowGCQUCuF2u/F4PIRCIRuIt9v3YKa4DmB21YZ2z41LQtx3xbF89vDv6dGx2Q/19ouIiIiIiIiIiIj8oBQAi4iI7AIOh4Ozj+jLt89eyjlH/8qGtA6Hk/eXlVDZ6mh6Dz6MoqIiWwUL2GpYv9/PF198Yat1Q6GQbRNtKlwhG5RGIhEbyJoQ2YS6psrXrMkEzJCtzDVVvaYVtKn0dbvdJBIJ+0gmk3n7mjDW6/Xa+cRm3q7X6yUej+Pz+Wy1c+6azIzg3ArgzYXPJgw2oa+Za+z1eqmsrMTr9RKLxWzA7XK56D34cCKdR/Pp2gocDnNPHZx3TD/mjLuUMw/vY98LERERERERERERkZ8jBcAiIiK7UElhgLsuOYovH7uQPl1b2edr4y5emVdE/R7H03fYUZSWldkKWdPOuK6ujqVLlxIKhWwlrdfrtSGtCUhNOGyeMy2fTQDr8XhsgJp7jNxq3dxw2FTzmmpj05Y5kUjYal2Xy2UD5FgsRjQatYGwqfLdOOCNxWI4HA6CwSAlJSW2vbTZz6zRbG9aUMfjcdte2u122/OZ9bdv34FhR51OquupvLO8gnDSY+9z366tmPr4RdzxpyMpLthQDSwiIiIiIiIiIiLyc6UAWERE5Cege4dmfPzAGB666njKS0P2+aWVUZ6f5WNRo0PpfeAJNC4vB7DB6CuvvEJhYeEmLY5NO2jzMLNyTWtnp9NJJpOxoW8gELCtks0+Zpauy+WyFbmRSCRvX7NtKpXC7/eTTqdtgGzCZTM72O/320pfE9qaQDf3msy15FYmm39NqO1yuWwg7Pf7bUtrc16v18se7dsz6MizmOkfwnNfu1hWFbX3taKsgIevOp6PHzyfvfao+OHfYBEREREREREREZEfiXtXL0BERESyHA4Hp47cl+OGduehVz7nX898wPxllQDURdO8NseNwz+cfv0ihBd+xrKli/n6669ZuHAhTZo0seGqqdo1IS5gWy5nMpm8kNfr9eLz+WwraRPI5raINq2lTXAcj8fJZDK2IthU5MbjcVv16/f7cblcxGIxQqGQre4tKyuzr23c1tm0tzZziv1+vw2czXFz20yb8DeRSNgQOJ1O06JVGwKt+zJxvpPMLAewYZ/2LRtx4a8HcMZhfQj4NlQCi4iIiIiIiIiIiOwuFACLiIj8xAT9Hs4/rj/nH9efse9M519Pf8CnXy8CIIOTSctCZNyD6dY3Q7vAGl599VXOOOMMW23rdrttS+R4PA5kg9zclsxmHq8JXROJBF6vF8jO443FYoTDYRsimwA4dw6wqdjNZDIEAgGi0Sher9dWB8diMVwuF5FIBMC2mjYzfs3zmUzGhremrbPb7SYQCBCLxXA6nSSTSbt+03LaVACXlZURDIXYo+u+zKsr5ZO1Hhzz8+f49tu7DRedMJBjhuz9o7yHIiIiIiIiIiIiIruKAmAREZGfsOOHdef4Yd35YtYS/vn4BF6YOIN0Ohuwfr3Kwdc0weepoPGnSzl2aDdcREmn0wSDQRvWmipeE9aaebq5s39NsGqqdk1VbTgcJplMblL5a0Jgs78JbHNbMwcCAdatWwdgq4f9fr8Nmk0lsqk2jsViAPh8PrxeL4WFhVRXV+fNMzbhtrmOHn0GkCjqwMeLHMzKZuSs7xiN0+ng6MHduGT0YHp3afkjvmsiIiIiIiIiIiIiu44CYBERkZ+B3l1aMvbG0SxcUcVtT33AQ69+Tn0kW90bS2R4dMIiHp2wiJblhZx7WHf6di7A7czYCmDTRtmEuCZILSoqIhwOA9gW0W63G7fbbYPddDoNYENfyM7r9Xg8eQGz2+2283+9Xq9t35xMJvF6vRQUFNggN5PJ2MpjU3Gc24ba5/MRCATstkYmk6HzXj3xVOzF9LUh3q30QGX+vSoI+jjzsD5cfOIBtGxS/MO9KSIiIiIiIiIiIiI/QQqARUREfkbaNC3lXxcfzjW/PYinxk/hiTe+5JMZi+zrS1bX8ueHPgKgbdMijhnYkf32rKDE7yYaCdsA1rR0drlc+Hw+iouLqa6uBsDr9VJTU0MkErFtnmOxGB5Pdmauaf/scrlsVa9pD22qd00raPO12+22lcTmGGZmsJkhHAgEqKmpwel02v18Ph/NWrSiRYce1LoaM3W5k6nOAKze9N4M6NGW0Yfsy6+Hd6co5P8h3wYRERERERERERGRnywFwCIiIj9DxQV+zj26H+ce3Y8Fy6t44s0vefz1ycxdstZus2BFDf83brL9vmXjAkb0aUWvPcpoWuzBQZKamhpcLldeW+dkMmnbPzscDhsCm6DWtGQ2lcLme5fLZQPdQCBAMpkklUrZquJQKITD4bBVvoDdJpVKEYlEcDgclFc0w11YQaxRkkxwMN+lvXxnqnw3+snlV91ac/zwHpxwUE+alBb80LddRERERERERERE5CfPkcntqygiIiI/a9O+Xc5Tb03h6fFTWbp63Va3bVToo1ubEvbt2ISOLUto3ihEYcBNJFxPfX09tbW11NTUkEwmcblcdvZuQUGBDXCdTmdeu2i/32+3ra2tZe7cuSxfvhyv10tZWRmBQICCggISiQShgiJqI0kq65MsWLGOb5fX8e2qJHUJ11bX3atzC44f3oOTDt6H5uVFO+3eiYiIyA8rd5SE6SiSTqftH4OlUilKS0t38SpFROTnrqqqyv6RsulcZf6g2XSlMv+bVkRE5KespqYGgKlTpzZ4n549ewIKgEVERHZLmUyGL2cv5fVJs3lj0jd8NnMx2/Of/O7tGtG6PEBZECpKgvjdEPK78LodFBcEcDkyODJpnA5Ip1N4vV6CwSBujw+3x0saB2sqq1m2fCU19VESaSfhpItFa2LMXLKOucvrG7yWvfao4ICee9C/exuG9+2oSl8REZGfKQXAIiLyY1AALCIiuwsFwCIiIrJVlTVhPpmxiC9nL2XqnGV8OXspC5dX7eplbVbXdhUM2mcPDui1B8N6d6BRcXBXL0lERER2AgXAIiLyY1AALCIiu4vvEwBrBrCIiMgvQFlRkJH992Rk/z3tc+vqokz+Zglfzl7KlNlLmTJnGXMWrdmuSuEdFfB56NS6MZ1bl9O5TTmd1v/bpW0FQb/nBz+/iIiIiIiIiIiIyO5KAbCIiMgvVHGBn6G9OzC0d4e851dW1lFZE2btujBr19Wzdl2Yypow1bURVlfVs7YmTFVNhDU5r8XiSRoVBykK+SkuyD4Kg77s9yE/ZUUBmpQV0rlNOZ1bl9O6ackuumoRERERERERERGR3ZsCYBEREclTUVZARZnm7IqIiIiIiIiIiIj8HCkAFhERERERERGRHfLZzMWEo3F6dGhOaVFgVy9HREREREQA565egIiIiIiIiIiI/Px8OG0B/c68k5seeY/CkG9XL0dERERERNZTACwiIiIiIiIiItsllUrz+1tepHObcv57w0m4XfoVk4iIiIjIT4VaQIuIiIiIiIjIbuPA39/Pu1/M5bm/n8KRg/YC4Ik3v+TUa/5Lk9IC5jx7KYXBbLXqixO/5pjLH2No7w78746zAViyah1tjrhxs8d+8C/Hcdqhve33E6d8x9/uH8/kb5YS8ns5bGAXbjjnEMpLQ3abjY/ndDpoVVHCYQO68LezDsprm3z2jc/y0CufA/DR/WP4VbfW9rVoLEn5iL8RjibYo0UZ3z572Sbr+/q7lXQ/6VacTgdLX/0LTUoLNnsdr0/6husfeoev5i2nvLSAg/frxPXnjKBRcdBuc/3D7/DX+8ZzwfH7c9tFh+ftb6573tK1hPxeLr3zta1e96QHxrDfXtlrqa6N0Oigv+F0Okh89PfNrs/oeOw/+G5pJQABn4fuHZrxp9GDOHpwt7ztzPu7OS/dfBqjBnSx6ykK+al6+5qtnndjmUyGfz3zIfe+8AmLV1XTrlkZpx7am4tOGJgXfBcO+QvhaIKlr/6Fpo0KAXjg5c/43U3PcfTgboy76eRN7g1s/TORyWS4Y9wk7n/xU+YuWUNpYYCjB+/N9eccTElhfsvtBcuruPLuN3j7829JJNP0796GG84ZQc9OzbfrekVERETk509/nikiIiIiIiIivwirquq4+fEJDdrW6XTQv3ubvEdFWaF9ffynczjo9/fz/pT5lBYGCMcSPPjy5xxwzj3UhWNbPF6fLq1Yuy7MneMmceLVT23x/M+/91Xe9299OptwNLHVNY99exoA6XSG5zba3x53wgwO/9MjfPr1Ilo2KaE+Eue+Fz9l2Jh7iSdSWz0+bP91A1xy+2vbPO7W9OjYjLbNSvls5mKOu+Jxbn36g81uV1oU2OQ9KysKbnbb7XHxv17hT7e/ysIVVbRv0YiFK6q4/K7X+f0tL36v4zbkM3HdQ+9w0W0vM3fJGvbdsyXpTIZ7nv+YQy9+iEwmY7dbvqaG/mfdyX/fnkY6kyHo9/Dmx7M54Jx7mDpn2fdap4iIiIj8/CgAFhEREREREZFfjFuf/oBlq2u2uV1BwMcH956X9zikX2f7+vm3vEgylebmC0ax8KUrWfH6VezfvS1zFq3m/556f4vHm/TAGGY8dTEBn4fxn85h0YrqzZ7/hYkz8r5/ceLX21zzuHen43A4gA1hcK50OsMfbn2ZTCbDM9efxKz//onFL/+Zob078NW8FTz2xuRtnmN7rxvgo+kLGrT+LXnoL8cz4+k/8v5/zsXvc3Pl3W/YyuBcA3u02+Q969+9zQ6fF2D2wtXcMW4SRSE/05+8mOlPXsy3z15G45IQ9734Kd8uXrPDx27IZ+K+Fz8F4M1/n8WH953Ht89eRovyYj6ZsYhJXy20211933hWVtZx5KC9WPH61Sx99S9cfMJA6iNxLvrXyzt+A0RERETkZ0kBsIiIiIiIiIj8IjidDiKxBFff99b3Os7UOcuYt2QtFWUFXHj8/kC2RfHVZw0HYOw707e6f6uKEjq0bATA4lWbBsD7dG7Od0srmfbtcgCSqTSvfDiTXp1bbPGY0+cuZ/bC1Qzs2ZaOrRrzwdQFLF+TH3R/8c0Slq5eR7vmZRw3rDsAXo+LMcf2p2/XVqxYW7vTr9sE0pff9TrJVHqrx9+W/t3bcNLB+5BIpnjyrSnf61gN9dIHX5PJZDhmSDc6tmoMQNNGhZxz1K/o27XV9wqAc23pM2GqfKtrIwAUBn08+/eTeenm09ijeRmQDfafn5D9g4Frf3uwbUt99VkH4ve5eX/KfFZW1u2UdYqIiIjIz4MCYBERERERERH5RTiwb0daNy3hkdcm89W8FTt8nNmLVgPQtV0FrpwZsHu3bwbAnEWr89rzbmzhiirmLlkLYEO8XCP77QnACxOybZwnfDmPqppIXgXyxsatD19H9u/CYQO6kMlkeHajNtBz14eVJmg0jhy0Fx8/eD5/OX3YFo8PO3bdhUEfxw/rzreL13DvC59s9fgN0atzSwCmf/vjtDWetzj7PrVv2Tjv+Wt+exAfP3g+I/vvuVPOs6XPxG+P3A+AYy5/nOOueJx3Pp9L366tGDWgC80aFwGwurqe6toILpeTru2a2H0Lgz7aNC0FspXMIiIiIvLLoQBYRERERERERH4RfB43158zgkwmw6V3bH0ubU19FFe/y+yj3VE32dfW1UUBKCkM5O1TVpT9Pp3OULvRPNy6SIyBv7ub/mfdxd4n3kokluCMw/rYEC9Xtw7NaFVRYqs6X5yQbZ98cAMC4FEDujBqYNfsc2/nV+SaNRUGfVu99i3ZkesGuPG8Q/C4XVz74NvU1G9+TnBDNSrOzvStrIls8trLH8zMe89Ov27s9zoXfP97tjUN+UxcdcZw/nrWgfi8Lp6fMIODLriffU/9d16gu64uey+KQj5bcW2YGcjVdZveLxERERHZfbl39QJERERERERERH4sJx7Uk389/QHjP51D+xaNtrid0+lgQI+29vumZYX266KQH9jQlteoWv+90+mgIJAfGKbTGSZN3zCz9dD99+Tey4/Z7LnD0ThHD+7Gv//7IbMXrubF979mn87NqchZQ64ps5fx7eI1tGteRpe2TejYqjElhQE+mr6ApavX0aK8GMi2awaoi8S3eN1bsyPXDdCueRnnH9ef257+gH8+PmGHzm2sXRcGNoTOuZqUFtC7S0v7fY+Ozb/XuSD3nn2/4HpzGvKZcDodXH3mcMYc25/HXp/M3c9NYuqcZRxy0YPMeOqPBP0e+77U1MfIZDJ5IbB5b4oL/Dt9/SIiIiLy06UKYBERERERERH5xXA4HNx8waEA3PfSp1vcriDg4727z7GPp68/yb7WuXU5AF9/t5JUzlzbGevbSrdv0QinM78SsyjkJ/XxP/jikQsB+Gj6QsLRzQex4WiCY4buDWRn5y5fU8MxQ7pTv4Xgdtw70wCYv6wSV7/L8A24woa0497Z0Aa6w/o2xt8tXZu3/xsfz+aoSx/ljnEfbfF+7Oh1G38+bRglhYGt3vOG+HL2EgC6tW+6yWu/6taaV/7vdPv4w28GfK9zAbRf3y57/tLKvOdvfmIiR136KO9NnmefM1XCkVjCPme+9q8PknNt6zOxYHkV1zzwP/7z/Cc0Kg5y0QkDmfHUH2nfshELl1cx6asFQDb4LikMkEqlmTl/ld2/Lhxj4fIqADpu1MJaRERERHZvCoBFRERERERE5BdlcK/2jBrQJS/E3B77dG5Ox1aNWVVVxx3jJgEQiye54eF3ATh2fXi7pX2H9+lIdW2E/2xhJm48kaL/3m1o1riIlz+YaY+ZSKY2u/24d7OtnvfdsyX9u7ehf/c29OiYncs79u1pdrs+XVtSXhpi7pK1vPrhLLvuW56YyMsfzMTB5sPbnXHdpUUB/nz6sB2+5wCfzFjEk29NweVycsJBPXf4ONtj1IAuADw/YQYLV2TD1GWra7j5iQm8/MFMyktCdlsTSr8wMduyO5VK8/pH3wCw1x4VWzzHlj4TToeDax98mz/d/qo9t9vlxOfJNvQz75fT6eDYIdl7/7f7x9t7fNOj7xGJJei3dxual2/aalxEREREdl9qAS0iIiIiIiIivzj/GDOSNz6evcOB5F2XHMXIix7kj/9+hTvGfkh1XZTq2gjtmpdxyejBW9330pMH8/bn33Lb0x/w++P2x+fd9NczDoeDowd3465nJ7F3+6Z0bNWYL2Yt2WS7yd8s4bullZQVBfn4gTG4XNm/9a+PxCkfcQ2ffr2IRSuqad20BI/bxT/PP5TTrxvLkZc+SqfWjVm7Lsya6no6tynnjMP6/KDXff6x/bn72UnMX1a51e02dvaNz5JIpvh6/krS6Qw3nDuCTuurkXN9OG0BQ877T95z1/1uRF4r77pIbJNtbjz3EPrt3Waz5+7eoRmnHdqbR177gi6/voWOrRozb8laIrEEo0f0yqtE/vPpw3jn87lccvurPP76ZKrrIixaUU2T0gLOPKzvVq9xc5+J1k1LOPPwPjz48ufsfeKt9OrcgiWr1jF/WSV7tCjjV91a2/2v+e1BvDbpG56fMINmh15H0O9l8cpq/D43t/7hsK2eW0RERER2P6oAFhEREREREZFfnD3bNuGsw7ceym3NsD4dePvO3zK4V3tWV9fjcTs57dDefHjfeductzqsTwf23bMlK9bW8shrX2xxu2OHdgfgmPX/bs64d7LVvyP772nDX4BQwMvwPh0AGPvOhirgU0buy1PXncje7Zsyf1klAZ+HMw/vw4R7ziHo37RN8c68bq/HxQ3njtjmOTb25eylzF2yln33bMkz15/E5acM2ex2lTVh3p8yP++xpro+b5t0OrPJNmau8Jbce8UxXH3mcCrKCvh28RpaNy3h+nNGcP+Vx+ZtN2ifPXjr9rPYv3tbFiyvoqomwuEDu/L+vedSXhrawtGztvSZuOfSo7ntosNp17yMz2YuJhyN8+vhPRh/+9mEAl67XdNGhUy6f4ytjK6ujXBg345MvOdc+nZttdVzi4iIiMjux5HJZDK7ehEiIiIiIiIisnszv35Ip9NkMhnS6TTpdJpUKmUfpaWlu3iVIiLyc1dVVYXL5bIPp9OJ0+nE4XDgdGb/UMbh2HrLexERkZ+CmpoaAKZOndrgfXr2zP5BoCqARURERERERERERERERER2EwqARURERERERERERERERER2EwqARURERERERERERERERER2EwqARURkt3H9w+/g6neZfZQO/ysH/O4enh7f8BkJP7R4IkWf026n+aHX8c2CVTvtuLMWrKLZyOvY74w7SCRTm7z+1FtTcPW7jNaH38iy1TU77bw/V1fd+xaufpcx5Lz/7OqliIiIiIiIiIiIiOxUCoBFRGS35HQ6qKmP8tH0BYz+69OcfeOzu3pJANSGY0z9dhkrK+uYvWj1Tjvu7IWrWVVVx5ezl1JTH9vknJfc8RqhgJdX/u90mpcX7bTzioiIiIiIiIiIiMhPi3tXL0BERGRn26NFGd8+exlrqut59PXJXH7X6zz0yucM7NmOU0buu8vWlUylaVQc5H93nM3KyjoOH9h1px378IFdeeKaE2hRXkyj4mDea19/t5JTDtmXg/t1okfHZjvtnD9FyVQat0t/3yYiIiIiIiIiIiK/XAqARURkt9W4JMQfTzyAmd+t5JHXvuC2pz/IC4Dvfu5j7hz3EfOXVdKscRFnHd6Xy08ZgtPpAGDCl/O4+t7xTJu7nJDfw8Ce7bjh3EPo0LIRkG3n/Lf7x/PEm1NYW1NPp1blXHbKEH5zYA8A2h11E4tWVHPVGcN4avxUIrEE81+4gmFj7gOgoqyAwb3a2+2uOHUIr330DbMXraZL2ybc+acj6bd3G7veR1+fzC1PTGTukjW0bFLM6BG9uOLUoXg9Lt6dPJfRf30agNTH/wAgnc5w2zMfcP+Ln7JwRRX/fWcap4/qwxWnDsHtcjJj3gp6jL4Nt8vJ8/84lUvvfI0Fyyvp2bE5D/z5OLq0bbLZ+1pTH+XCW1/mhQkzKAz5OPuI/fjv29P4ZsEq3rr9LIb36bjN+3vnuElceOtLDO/TkSG923PH2I8IRxOM+FUn7r3iGIpCfgDC0QRX3fsm/317OmvX1dOlbROuPvNAjhy01xbv8eKX/0xVTYSr73uL5yfMYF1dlD3blvPn04Zx1OBuO+fDJSIiIiIiIiIiIvITpRIZERHZ7R09ZG8Aps9dzuqqegD+dv94fn/Li8xeuBqvx83C5VVcde9b/P2x9wCY9u1yDvnDg3w0fQH7dGpOYdDHs+9+xbAx97KuLgrA6df9l388PoGlq9fhdDiYPnc5J139FM+991Xe+a976B3mLVmL0+HY6jpvevQ9wtE4Qb+HqXOWcejFD9lz3ffip5xx3Vhmzl+Jy+nku6WVXPvg2/zp9le3eLw/3PYyl97xGt8uXoPL6WTh8ir+dv94Lv7XK3nbJVNpjrrsUeYvqyQaS/LJjEVbbZn9u5ue47HXJ1MbjrG6qp5rHvjfJvOMt3V/jfe+nMef73mTqtoINfVRxr4znX8+PgGATCbDqD8+xL+e+ZAVa2vxuF1M+3Y5x1z+GB9NX7DFe5zJZDj04oe4+7mPSabStG1WypTZyzj2iseZ8OW8rb4HIiIiIiIiIiIiIj93CoBFRGS317JJsf166ep1rK6q58ZHs0Hkc38/hXXvXMurt54BwE2PvksyleaVD2cST6Q4dP89mXDPOUx94iJ6dGxG0O9l+tzlfP3dSp753zQA3vz3WdS+dz2XjB4EwO3//TDv/F3bVfD6bWfy5r/P2uo6/3TSIGaPu5TZYy+lvDTEurooD7/6Bel0hr/eNx6AK08bSt2E6+16//PCJ8QTqU2ONX9ZJXc9OwmAB/9yHHUTrufJa08E4K5nJzFro8D2viuOoX7C9dx/5bEAfPzVQmLx5CbHnbtkLWPfmQ7AbRcdTuT9Gza5robcXyPo8zD50Qupn3C9rc5+b3I2pH3p/ZlM/PI7SosCzBl3KTXvXselowcDcN2Db+edM/cefzl7KZ/PWozL5WTyoxcy4+k/MmTf9gA8/dbULd1+ERERERERERERkd2CWkCLiMhub+PC2wlfziOVOcdwQQAAIABJREFUSuNxu3jto1m89tEs+1o4mmD+sko6ty4H4O3P53LZna8zrE8HPrxvDEG/B4B7nv8YgHbNyziwb7bl8UUnHEDbZmUUBL155/vjSQdw8K86AeSFnxvr0i7bcrlRcZCR/ffk0dcm89Xc5cxetJpVVXUA/PbI/QA4pF9n/nP5MaRSaaLxxCbHeveLbIhaUVbAaYf2BuA3B/bg6vveYt6Stbw/5Tv2797Wbj9q/y44HA4G9mxnn1tZWUfrpiV5x/1y9lIASosCnH9sfxwOh73+7bm/RquKEnp2ag5A/+5teez1yaxYWwvA2599C0Bh0MdNj74LYF+b8d3KvHPm3mOAxEd/ByCVSrO6qp6OrRrz3uR5LF5Vvcm9EhEREREREREREdmdKAAWEZHd3sIVVfbr5uVFfDgt2z44kUzx0Cufb7L9qqo6jhvWna+/W8E/Hp/ALU9O5JYnJ1IQ9HHd7w7mguP3p7o225q5rCho96soK+Cco3+1U9ZcWhgAYGVlLdW1Eft87vnOPqLvFvdfXZ0NjJs1Lsp7vlmjQuYtWcuSVes2u58jJy1PZzKbvL6yMhvAtigvtrOSN90me+6t3d/Nnzv/vOZci1ZUb3KcLR3DeOn9r7n2wbeZPnc56fSG69jMJYmIiIiIiIiIiIjsVhQAi4jIbu+5d7Mzebu2q6BJaQHFBX4AAj4Pa8f/DZ938/85/NvZB/HHkwbx1idzeHHiDJ4eP5WLbnuZAT3a2oC2siZst4/EEsxbshaP20XnNuXfa83LVtcAUFFWaM9lzhcKZCuMZ85fSTqdoVPrTc9lguKNg9Jla7LHLc0JkrdHs0bZQHlVZR2ZTCYvMDYacn+nzF62zXOZ4wzZtz1v3/nbBq9x2rfLOe7KJ8hkMlx95oH06tyCR179nOcnzGjwMURERERERERERER+rjQDWEREdltVNRFueXIiT741BYALfzMAgEH77IHT6SASS3DZna+TSqWJJ1Jcde9bjFs/3/aoSx+ldPhfufeFTzh26N48cc0JtGlWCsB3Syttq+T5yyqZ8GW23fId4z6ix+jbOOGqJ3dove99MY9EMsV3Syt585M5APTo1JxOrcspLw0B8PCrXwDw2czF7H3irfQ8+V/URWKbHGtwrz2AbJD81Prrf37CDL5bmm2/PKRX+x1aY6/OLXA4HKyqquPB9VW55vqNhtzfhhjSuwOQnQls5g6vXRfmxKueYu6StVvc76PpC0il0rSqKOHPpw3lkH6dSaVV+isiIiIiIiIiIiK/DKoAFhGR3c53SysJHHAl8UTKPjd6RC/OOjzbMrl10xL+dOIg/vnEBO4Y9xEPvPwZkK3g7dK2CccO3ZvRh/Ti5Q9mcsXdb/DWJ3NYVxdl4fIqSosCDOzZjoqyAo4b1p1x70xn2Jj7KC7ws64u2xb6gl8P2KF1P/Hmlzz73nTiiRTpdIayoiCnj+qN0+ngr2cdyPk3v8g1D/yP257+gNpwNvQ9+ZBeeW2hjU6tyznz8D48+PLnnPy3Zzjvny/YfU44qCf7dG7OjHkrtnuNe7Qo44SDevLUW1P43U3P8YdbXyYSy59B3JD72xC/Ht6De5//hI+mL+CEvzzJOX9/jrpInFQqTWlRgLsuOWqz++27ZwsAFi6vosWo60lnMqyprgcglkhu9zWLiIiIiIiIiIiI/JyoAlhERHZL8USKwqCPX3VrzUNXHc+jf/113us3jTmEey47mm7tm5JMpQn6PYwe0Ys3/30WDoeDY4bszX9vGM0+nVrw0fQFLFheyWEDuvLuXb+joqwAgEev/jWXjB5E8/IiwtFsuHnfFcdy2qG9d2jN5x/Xn73bN8PrcdGrcwtev+0MCoM+AM49uh8P/Pk4urRtQiSWoGmjQi4ZPYh7Lj16i8e759Kjuea3B9G2WSmRWIJWFSX85fRhPHzV8Tu0PuPuS4/i1EP3pSDoo7QowLW/O9i+5vd6gG3f34Zwu5y8+e+z+NNJg2hVUUJ9JE7LJsVcedpQbrlg1Bb322+v1jxy9a/p2KoxdZEY3Ts045rfHgTAnEVrvseVi4iIiGywdu1aBgwYwM0337yrlyIiIiIiIpLHkclk1BNRRERkF2p31E0sWlHNg385bofD4x/TohXVfPL1Io4f1h2Ah175nLNvfBaXy8nSV/5i21WLiIiI5DK/fkin02QyGdLpNOl0mlQqZR+lpaXf+zwHHHAA6XQ677m+ffty6623bnb7dDrNww8/TLt27Rg6dGiDz7N27VqOOOIIjjjiCC655JIdXu99993HY489lvdc8+bNGTt27A4fU0Tkl6yqqgqXy2UfTqcTp9OJw+HA6czWQzX0D5NFRER2pZqaGgCmTp3a4H169uwJqAW0iIiIbKfz/vk8b3w8m9/e+CyhgJcVa2uzzx/dT+GviIiI/CQ0btyY4cOH2+/btGmzxW0zmQwPP/wwgwYN2q4AeGcaNWoUl19++S45dzqdtoGIiIiIiIjsHvQTvoiIiGyXuy89mlNG7ovP66aqNkLXdhXccsEo/u/CLbdlFhEREfkxNWvWjPPPP98+DjvsMDKZDHfffTejRo1ixIgRXHvttYTDYUaOHAnAxIkTOffccwH4/PPPOeWUUxg6dChnnXUW33zzDQArV67kvPPO4+CDD+auu+7KO+eCBQsYM2YMQ4cO5eSTT2bSpEn2tdNPP32HAt6RI0fyzDPPcOyxxzJq1CjGjx+/2e0+++wzTjzxRA488EAuv/xyqqurARg+fDjLly8HIBwOM2DAAMLhMM899xznnXcep556Ktdffz0AL730EkceeSSHHHIIf//730mlUgDMmDGD0047jYMOOoiLLrqIlStXbvd1iIiIiIjIj0sBsIiIyC42/4UrSH38j59F+2eA1k1LePiq41n5xtWEJ97AV09dzEUnDMTl0o8VIiIi8tMQj8dZsmSJfSSTSSZOnMhTTz3FoEGD+M1vfsP48eN55JFHuOyyywDo2rUrZ555JvX19Vx55ZUkk0nGjBnDwoULueGGGwC4+eabmT59OkOHDrXBKkAymeSSSy5hzpw5HH300aRSKa688koWLFgAgN/vx+v17tC1zJkzh8cee4wLL7yQ22+/fZPXq6urueqqq7jgggt47bXXKC8v584779zmcRcsWMDll1/OFVdcwapVq7jrrru45557GDt2LP/P3n1HR1U8bBz/Zjed9EIgQJASeodQBATpvYpgoYNSBEWI0lGQXgRBuoAEqYJICyJdKQooKCAovZNAekLq7vtH3uyPGBKCUjQ+n3NyzM6dO+Xurgn7ZOaeO3eO4OBgoqOjee+99+jSpQtbtmyhbNmyjBgxAt1NTERERETkn01bQIuIiIiIiIhIjnL27Fk6depkebx69Wru3bsHgIuLC02bNiUgIABnZ2fy5csHgLe3N1WqVCEmJobhw4fj5+dHkSJFOHjwID/88AMJCQn8+OOPVKlShffff5+QkBDatWsHwK+//srNmzfp1asX3bp1o0GDBvTq1Ys9e/bQvXt35s2bl+V4t2zZwpYtWyyPJ0yYwAsvvABAly5dcHR0pFatWnz44YfExcXh6Ohoqfvjjz9SvHhxqlevDkCPHj3SrT7OTJUqVShZsiQANjY2mM1mLl++TEBAADNnzsTKyooDBw5QoEABy9bYXbt2Zf369Vy6dIlChQo9tA8REREREXk2FACLiIiIiIiISI7i5+dH7969LY89PT1p2LAhJ06cYNWqVQQFBVGiRAk++OCDDOc6OTkRHR3NRx99REhICDExMQBERkZiMpnw9fUFwGg0Ws4JDw8HsBxL++/9q4SzktU9gK2srNL1l7Y1c5qIiAi8vLwsj93d3WnevHm2+r3/nIkTJ7J06VLGjh1LvXr1eOuttwgPDydPnjyWekajEW9vb27fvq0AWERERETkH0x7NYqIiIiIiIhIjuLq6sqLL75o+XJwcODSpUvUr1+frVu3MmLECH7//XcWL16c4dyzZ88yZcoUihUrxvz58wkICABSVw4bjUbCwsIynOPj4wPArVu3ALhx40a68ifJ29ubO3fuWB7HxcXx66+/AmBtbY3JZHpoG+Hh4fj6+vLpp5+yatUqrly5wldffUXu3LkJCQmx1EtJSSE0NBR3d/fHPxEREREREXlstAJYRERERERERHKUW7dupdt2uUCBAoSFhbFw4UK6du2Kt7c3JpMJJycnjEYjjo6OHD9+nJUrV1KiRAkgdfXurl27OHnypKWdGjVqcOjQIYKCgjh79qylvESJEvj5+bFixQqioqL44YcfMBqNNGjQAIB+/fqRO3fuB644/ruqVKnC1KlTOXr0KBUrVmTZsmXcvn2bsmXLkj9/fg4cOEDTpk1Zs2ZNpm388ccfTJ48mXnz5uHu7k6uXLlISkqiWrVqTJ8+nX379lGzZk1WrVqFh4cHxYoVe+zzEBERERGRx0cBsIiIiIiIiIjkKKGhoXzxxReWx5UrV2bGjBlERUWxfv16TCYTderUsWwT3b17d5YuXcrhw4d55ZVXaN++PcHBwYSHh1O+fHkOHDhASEgIgwYNIioqiqCgIOrWrYu1derHKkajkcmTJzN16lS+/vprfHx8GD9+PAULFgRSV+XGxcVlOt4/3wPY3d2dzZs3Z2uuzs7OjB8/npkzZ3Ljxg2qVq3KiBEjgNTgecKECSxdupSmTZtm2kbVqlXp0KEDPXr0IDk52fLYwcGBadOmMW3aND766COKFSvGxIkTLdtSi4iIiIjIP5OV2Ww2P+tBiIiIiIiIiEjOlvbxg8lkwmw2YzKZMJlMpKSkWL60tbCIiPxd4eHhGI1Gy5fBYMBgMGBlZYXBkHpHRP0hi4iI/BtERUUBcPz48WyfU6FCBUD3ABYRERERERERERERERERyTEUAIuIiIiIiIiIiIiIiIiI5BAKgEVEREREREREREREREREcggFwCIiIiIiIiIiIiIiIiIiOYQCYBERERERERERERERERGRHEIBsIiIiIiIiIiIiIiIiIhIDqEAWEREREREREREREREREQkh1AALCIiIiIiIiIiIiIiIiKSQygAFhERERERERERERERERHJIayf9QBEREQeh5CQENq1a5dlnVq1ajFp0qSnMp7Lly/z2muvMXnyZGrWrPnY2+/WrRv+/v6MGDHisbf9XzNr1iz279/P+vXrn/VQRERERERERERERP42BcAiIpIjuLm5MXnyZMvjvXv3EhwczPjx47G2Tv1x5+np+Vj62rx5M5MnTyY4OBhnZ+fH0qaIiIiIiIiIiIiIyOOgAFhERHIEW1vbdCttL1y4AECNGjWwtbV9VsP6zzCbzQBYWVk945E8Xjl1XiIiIiIiIiIiIpJzKQAWEZH/nIiICD755BMOHjwIQN26dRk4cCCOjo4AXLlyhdmzZ/PLL79gY2NDtWrV6N+/Px4eHjRr1oyoqCgAmjZtSqNGjRg9enSmfV2+fJlVq1Zx6tQpPDw86NatGy1btrQcT0lJYdmyZWzbto2wsDAKFy5M7969qV69uqVOVFQU06ZN48CBAzg4ONCmTRtLMAkwZswYjh8/zsaNGy1B5d69exk5ciSLFy+mRIkSGcaVkJDA/Pnz2bVrF/Hx8ZQsWZK33noLf39/AIYOHUpkZCTz5s2znBMUFMSSJUvYs2cPAC1btqR69ercuHGDkydPsnjxYvz9/Tl8+DCLFy/m4sWLuLm50axZM7p164bRaMz2nP9s9OjRREdH4+/vz65duwgPD6dq1aq89957eHh4AKlh7bp169i4cSM3b97E09OTFi1a0LVrV8t1MZlMLFq0iE2bNpGQkEDNmjWxsbFJ11dm8/r999+ZM2cOp06dwtXVlZdeeolXX3010zGLiIiIiIiIiIiIPAuGZz0AERGRpykxMZEBAwZw6tQp3nvvPQYMGMD333/PxIkTAUhOTmbQoEFER0czZswY3nrrLY4ePWq51+68efPo2bMnAPPnz6dPnz5Z9rd06VKqVavGqFGjKFq0KJMnT+ann36yHJ84cSJffPEFL730EuPGjSNv3rwEBgbyww8/WOqMGzeOgwcP0rNnTwYPHsypU6c4f/685Xjjxo25e/cuJ0+etJQdOHCAfPnyPTD8hdRAdfv27fTo0YMPPvgAg8HAwIEDCQ0NfaTrGRwcTPHixRkzZgx58uThwoULDB06lCJFijBp0iTatWvH8uXL+eyzzx5pzg9y5MgREhMTmTp1KmPGjOHkyZOMHTvWcnzVqlXMmzePli1bMmPGDF599VWWL1/Ohg0bLHVWr15NUFAQDRo0YNSoUbi6urJ9+/aHzuvKlSv0798fGxsbxo4dS6tWrZg/f366tkVERERERERERET+CbQCWERE/lOCg4O5dOkSy5cvp1ChQgBYW1szbtw4bt26RVxcHLdv3yYwMNCyItXZ2Zl169YRFxdHwYIF8fLyAqBgwYI4OzuTkpJCSkqKpY+0ew4D9OnTh/bt2wOpK41ff/11Vq9eTaVKlbhw4QLbt28nMDCQ1q1bA1CzZk369evH/PnzqVatGufOnePQoUMMHTqUFi1aAFC7dm1efvllSx/VqlXDzc2N/fv3U7ZsWcxmM4cPH6Zly5aYzWaSkpIsdY1GI7///jsHDhxg/Pjx1KlTB4DKlSvTtm1bdu3aRadOnbJ9PRs2bMjAgQMtj3fs2EFycjLvvvsudnZ2BAQEkJyczO3btwGyNefExERLe1ZWVpYVugULFuSdd94BoHDhwiQnJzNmzBj++OMP/P39qVKlCuXLl6d06dIAVKxYkR9//JGDBw/Svn17UlJSWLlyJY0bN2bQoEEA1KlTh4iICE6dOpXlvKZPn46LiwsTJ060bDd+69YtVq1aRbt27bJ9vURERERERERERESeNAXAIiLyn3L06FGee+458uXLZwkay5YtC8CZM2eoVq0aHh4eLFy4kLi4OAICAqhZs2a6+wv/2Zo1a5g7d67l8ahRoywrb/PkyWMpNxgM1KpVi507d1rGAqlhYxorKysaN27MtGnTiI6O5syZM0BqeJzG2toaFxcXy2Oj0Ui9evXYt28f/fv35/Tp04SHh9OgQQPOnj1Lr169LHVbtGhBwYIFAXj++ect5XZ2dixZsuSR75fs6emZ7nHJkiUxGAx89NFHtG7dmnLlytG1a1fL8ezMuW3btsTHxwPg6+vL2rVrAbC3t0/XV40aNQA4d+4c/v7+FCtWjO+//5533nmHq1evEhMTQ3x8PMWLFwfg9u3bREREpLuWD5rDg8qOHj1qOS/tdVOuXDm2bNlCZGQkrq6u2blcIiIiIiIiIiIiIk+cAmAREflPCQ8P5+LFi9SrVy/DsaioKBwcHJg/fz6fffYZU6dOJTY2lipVqtC/f3+KFCnywDabNGlCpUqVLI99fX0JDw9/YF0XFxfCwsKA1HsROzg4WO49nCbtnrZRUVGEh4dja2uLk5NTlvNq3LgxGzZs4Ny5cxw8eJBChQpRuHBh4uPjWbx4saWem5sbX3/9NU5OThnufXt/WP1XlSpVipkzZxIUFERgYCBGo5GGDRvSp08fXF1dszXnuXPnYjKZALIMpB0dHTEajZZrvWPHDj766CN69OhB3759cXFx4eOPPyYiIgLAct3T+sous9lMREQEGzduZOPGjRmOR0VFKQAWERERERERERGRfwwFwCIi8p/i4OBAsWLFGDx4cIZjvr6+lv+OGjUKk8nE6dOnmTNnDgMGDODLL7/MEFxCaqD451AxswA4IiICd3d3AFxdXbl37x4JCQnY2dlZ6ty9exdIDYs9PDxITEwkMTExyzC0dOnS5MuXj3379nHgwAHq168PpK6a/fN9gJ2dnYmNjSU5OTnddtX3s7Kywmw2Z9pfVipVqkSlSpVISEjg8OHDzJgxg1u3bvHxxx9na8758uXLVj8RERGkpKRYrufGjRt58cUX6datm6XO/auG056jmJiYR5qPlZUV9vb2NGjQgJYtW2Y47uPj80jtiYiIiKTZv38/w4cPZ/DgwbRt2/ZZD0dERERERHIIw7MegIiIyNNUvnx5rl27Rp48eShdurTlK2/evLi7uxMcHMzrr79OXFwcBoOBMmXK0LVrV6Kiorh16xaQGghm182bNy3fm81mDh48SLFixYDUe9QC7NmzJ905u3btwt/fH2dnZ0qWLAn8b+vktHbi4uIy9NWwYUO2bt3KuXPnaNCgQaZjuv8+wWlSUlLo2bMnq1evBlK3QA4NDU13XlpIm5UZM2YwYsQIIHVb6Tp16tC4cWPOnj2b7TlnJjY2Nl0ovX//fgD8/f0BiI6OTvfcJCYmcv78ectjHx8f3N3d013LtHYfpnz58ly4cIGSJUtaXjMlS5YkX758j7xttoiIiDxZZrOZ5cuX065dOxo0aEDv3r05cuTIQ887duwYn332WaZ/yPe4JSUlsXDhQtq2bftYwt/AT7bh2WgsV29HPobR/c/M1QfoPWHDY2vP+cUxXAvJ/hh3HjmHscZwHF4YhcMLo8jfciK9J2zg5p1oS51RC3ZgU3OEpU6eZuN5c+JXxN5LtNQ5deE2bQKDcG/wIU51x1Ctx6d8ufvkY5uXiIiIiMg/iVYAi4jIf0rr1q3ZuHEjb7/9Nl27dsXT05P9+/ezbds21q5dS8WKFS0hZseOHUlJSWH58uV4e3vj5+cH/G/F5/r16wkICKB06dKZ9rdw4ULu3btHvnz52LFjB1euXOG9994DoFixYtSrV48ZM2YQExNDgQIF2LFjBydOnGDatGkAFC5cmJo1azJt2jSGDBlCnjx5WLduHTdu3KB8+fLp+mrcuDHLli2jePHi5M+fP9MxlS1bloCAACZNmkSfPn3w8fFh48aNXL16lTp16gAQEBDAxo0bmTlzJpUqVeLkyZNs2LABo9GY5fWtVKkSI0eO5JNPPqFWrVqEhoayfft2qlSpku05Z+batWuMHTuW5s2bc/XqVebOnUtAQABFixYFoHr16qxdu5aCBQuSJ08eNmzYwOXLlylUqBCQeq/k1157jQULFuDr60uFChU4evQo33zzDV5eXln23bNnT/r168ewYcNo3bo1VlZWrFu3jtjYWBYsWJDluSIiIvJ0ffbZZ5bfiapVq8ahQ4cIDAxk8eLFlt8bHuTYsWMsX76cF1980bLDyJOSkpKCjY0NK1aseEztmdj8/RkCX6/Diu0/M6xr3cfS7pNwfkMgXq65Humcwvk8+OPLIZhMZi7cCGPCsj3U6DWXY58PwNM1dYeebs0rs2h4OwBu3Y3mlVGrGfvZLia/1ZQL18Oo/eYC+rarxqzBLXFxtGPHj3/QZ/JXxMYn0rVZpay6FxERERH511EALCIi/ynOzs7MnTuXOXPmMG3aNJKTkylRogTTp0/Hzc0NgFmzZjFv3jxGjBiBra0tZcuWZdiwYZbtkitXrky9evUICgoiJCQkywB40KBBbNmyhdOnT+Ph4cGwYcOoUKGC5fioUaNYtGgRQUFBREdHU6RIEaZNm0a1atUsdUaMGMHUqVMZNWoUrq6uNGjQgLJly2boq0CBAnh4eFi2f87K+PHjmTt3LvPmzePevXuUKVOGTz/9lLx58wLwwgsv0LVrV7Zs2cKmTZuoUKECHTp0YMOGrFd/1K1bl5EjR/LFF1+wYcMGXF1deeGFF+jTp88jzflBihYtire3Nx988AFxcXFUrVrVEqZDakgbFxfHunXrMJvNNG7cmFq1arFv3z7LdtcdO3YkKiqKRYsWAakrklu2bMmhQ4ey7LtUqVJ88sknzJ8/n5EjR2JnZ0fVqlUZNmxYlueJiIjI05WYmMjatWspUKAACxcuxGg0cubMGXr16sW2bdsYOHAga9euZdWqVcTExFC5cmWGDh3Kjh07WL58OQBdunTh448/pkyZMsycOZM9e/bg7OzMa6+9Rrt2qQHjpk2bWLJkiWXHmN27d7N48WKKFy/O8uXLWb9+PUlJSdSqVYt33nmHXLlyMXXqVL7++muaN2/O7t27mTlzJm+++Sa9evWiW7duHDlyhNmzZ3Pt2jUKFy7MkCFDKFGiBHv37mXChAlMnz79gb8DAmw//DvVyxSgc9OKNHl7SboA+NSF2/SesIGrIZEU9vVg2egOFPJ158jpa/SbspHw6HvY29owe0grXqxcmPiEZHqO/5IDv1ymgI8blYr7WtqKjkvgrambOHzyCjbWRt7qUIM+7VJ/h/NoOJZxbzZi475TnLt2l4/facHWA2c4ef42NtYGtn3cHSdHW4q0m8pva94ln7cLg2dt4+v9pzGZzdStVJhFw9thbcx8szqDwYqi+T1ZMvIl6vVfxKzVBxj7ZsMM9fJ4OvN2x5qMW7ILgImf76VxNX/G921sqdOxQTlMJjNDPtlG5yYVMRiyv8uPiIiIiMg/nQJgERHJkTp37kznzp0feCx37tyMHTs203NLlSrF7NmzMz1uMBiyPB+gYMGCfP/99wA0bdo003o2Njb069ePfv36ZVrHxcWFcePGZdkfwK+//kpYWFi2AmBHR0eGDBnCkCFDHnjcysqK3r1707t373TlAwYMsHy/efPmB57bpEkTmjRpkmnf2ZnzgxiNxizPs7e3JzAwkMDAwHTlXbt2tXxvZWXFG2+8wRtvvJFpP5nNq1y5csydO/eRxiwiIiJP15UrV4iLi6Nhw4aWnUuKFy/OunXrsLe359ixY5adSgoVKkRQUBBLlizhpZde4vjx4+zfv59+/fpRpEgR5syZw9atW2natCl37txhxowZ+Pv74+TkxJQpU/D19aVOnToEBwdb+t+yZQuLFi2iUqVK+Pr6smXLFkwmE6NGjbLUOXToEAEBAenGHRsby/Dhw/H29qZ///7Mnz+f8ePHExQUhNFoxMHBAYMh82D0860/8UbbquTzdsHHw4kjp68RUCo/ZrOZV0ev5oNeDWhbtzRTVuyn35SNBM/JRMnSAAAgAElEQVTsTt8pGxn48vN0aVaJVTtO0G/KRn5b8y5Ltx7j6u1Izq0PJPZeIs/3nsfzZQsCMGbhTsxmM2fWvktY1D0Cus+hRlk/yvvnxWgwEBufyLeze7Jw44+8Ono1v3zxNkXze1K//2K2HDhDp4bl/netDpxhxw9/cGrVIKysoFqPuXy5+2S6OlnpUL8cq3ecyPR4ismEjXXqa2DfzxeY2C/j76cv1StDlw/XcuZyKKUK5c5WvyIiIiIi/wYKgEVERP7lQkJCOHLkCEFBQdStW9eyRbWIiIjIf01MTAwATk5OljIrKyvLLic+Pj6MGzeOcuXK4e7uzrp16zh37hx+fn4899xz7N+/n+rVq+Pu7s6OHTsoUaIEgYGBxMXF0aJFC/bt24eLiwsA77//PpUrV8bOzo5ly5YBsGPHDuzt7Zk6dSp2dnbcvXuX3bt3M3ToUMt4Zs+eTcGCBTl16pSlzGw2M3z4cPz8/ChSpAgHDx7khx9+IDk5mdq1a1O7du1M5xwedY9jZ65Tr3IRAF5rUpGg4J8IKJWfK7cjuXIrgrZ1U3esGdSpJv3aVQfguwVvYvv/AWndSoXpNnYdAPt/ukDbuqWxNhpwdbKnde1ShEbEAvD1/tOsHNcJKysrPF0deenFsny9/zTl/VOvb/PniwNQJJ8nhXzdKZrfM/Vxfg9u3olKN+4WNUvwYqUi2NulfjRVvUwBLlwPe+hznMbXy5nImPgHHrseGsXM1Qdo9nwJACKi4/HxcMpQz8baiJdrLu5GxmW7XxERERGRfwMFwCIiIv9yZ86cYfr06VSsWDHD6lcRERGR/xIPDw8gdUVtGrPZTGRkJLa2tvj4+PDVV1+xcOFCIiIiiI+PJzk5OUM7sbGx3Lt3jzNnzlCvXj1LeUhIiKV+/vz5gdSAOU14eDheXl7Y2dkB4OvrS1JSEmFh/ws27w+n7y+Ljo7mo48+IiQkxBJkm0ymh8551bcnuHEnCs9GY/9/vmBrY2T6280JCYvB1cneUtfG2mhZFfv1/t+Y++UhkpJNJKekYDKbAQiLuoe7i4PlHHcXB0sAHBIew0vDvrBs05yQmEzHBv9bsZvLwRYAo9EKRzsbS7nRYCDFZE437jsRcbw3J5jfLoVghRWXbobTv0ONh843zfXQqHSh7rKtx1ix/efUMTs70KF+Wd57/QUAcrs7cT00KkMbySkm7kTG4u32aPckFhERERH5p1MALCIi8i/3wgsvsHv37mc9jCfqYVtui4iIiADkzZsXR0dHjh8/TkpKiuUewL1796ZDhw74+PiwZs0aBg8eTLVq1ejZs2eGNsxmM05OTjg6OuLj42NZvZuUlISnpyd79+4F4Pr16/j4+GA2/y/YzJ07NydPniQxMRFbW1tu3ryJ0WjE09Mzy3GfPXuWKVOm0Lx5c8aOHcusWbM4fPhwtua8fNtP7Jnbm+pl/CxlbQKD2HrgLBWL+xIWdQ+TyYzBYEViUgoXrofhnMuOHh99ybHP36Lkc7m5FhJJobZTgNTANyL6fytrQ8JiLN/n8XRm3YTXqFAsb7bGlpVRC3YAcGBhH4xGA70nbHik81ftOEGbOqUsj7s1r8yi4e0eWLdelcKs3nEiXVgNsGHvKXy9XChe0OsRRy8iIiIi8s+W+Q1kRERERERERET+RWxsbHj55Ze5dOkSffr0YfLkyQwbNgxra2uaNm1qWVn7xx9/sGbNGqKjoy2rbNO2dl60aBHnz5+nWbNmXLx4kTVr1rBnzx4++OADbt26ZdmOedKkSXz66ads3LjR0n+TJk2Ii4sjMDCQqVOncujQIerXr4+1ddZ/f5+2YvnmzZvs2rWLkydPAqkrgL///nvatGnDb7/9luG83y6FcPV2JNVKF0hX3rpOKYKCf8LPx5WCedxYHvwTAPM2HGbQzC2ER93DycGWwr4epKSYmL32ICaTmXsJSVQv48dXe0+RlJzCnYhYvv7utKXdVrVLsuCrHzCbzSQlpzB41laOnbme/SfoPncj4yhTxAej0cCJP26y++h5YuMSHnrejdAo3pz4FbfDounTtlq2+nqvcx2+O3GJ9+cEcz00iui4BL7ae4qB0zcxZUDTdKu4RURERERyAq0AFhEREREREZEco3v37qSkpLB161YuXLhAkSJFGDFiBMWKFcPHx4dTp06xY8cOypcvT6FChQgNDQWgQYMGbN++naNHj9KmTRv69u2LwWBg586dxMfHU7t2bUqWLImTkxNDhw5l8eLF7N69m8KFC/PTT6kBa8OGDQkNDWXDhg38/vvvNGrUiEGDBj10zBUrVqR9+/YEBwcTHh5O+fLlOXDgACEhISQmJhIXF0dSUlKG85Zv/YlWtUtmCDBb1irBW9O+JizqHivHdaL3hA0M+/Qbivl5sWx0Bwr5utPs+eKU6DgDDxcHpg5oxuGTV2k44DO+mdWD709comDryfjlceOlF8ty8240AB/0bsCAaZso1mE6ySkmWtQsQbmief7S8zTolVp0HbuOJZuPUrVUAaa/3ZweH33J8+UL0rJWyXR1L1wPw+GFUZjN4JLLjmbPF+e7BX0sW04/TP7crhxc1Jdhc7dT/vVZJCQmU7ZIHhYOa0er2iUf3oCIiIiIyL+Mlfn+vYpERERERERERJ6AtI8fTCYTZrMZk8mEyWQiJSXF8uXu7v6MR5k9V69epUCB1FW348aN45tvvmHt2rX4+vo+45GJiEh4eDhGo9HyZTAYMBgMWFlZYTCkboiplf8iIvJvEBUVBcDx48ezfU6FChUArQAWEREREREREcm2uLg4+vbtS926dXF0dGTnzp0ULVr0mYS/xTpM4/y1sKfeb05TvKA3p1c/fKW2iIiIiMi/hQJgEREREREREZFssre3p1WrVmzevJnY2FgqV67MkCFDnslYfl/3bPoVEREREZF/Nm0BLSIiIiIiIiJPXE7aAlpERP65tAW0iIjkFH9nC2jDExmRiIiIiIiIiIiIiIiIiIg8dQqARURERERERERERERERERyCAXAIiIiIiIiIiIiIiIiIiI5hAJgEREREREREREREREREZEcQgGwiIiIiIiIiIiIiIiIiEgOoQBYRERERERERERERERERCSHUAAsIiIiIiIiIiIiIiIiIpJDKAAWEREREREREREREREREckhFACLiIiIiIiIiIiIiIiIiOQQCoBFRERERERERERERERERHIIBcAiIiIiIiIiIiIiIiIiIjmEAmARERERERERERERERERkRxCAbCIiIiIiIiIiIiIiIiISA6hAFhEREREREREREREREREJIdQACwiIiIiIiIiIiIiIiIikkMoABYRERERERERERERERERySEUAIuIiIiIiIiIiIiIiIiI5BAKgEVEREREREREREREREREcggFwCIiIiIiIiIiIiIiIiIiOYQCYBERERERERERERERERGRHEIBsIiIiIiIiIiIiIiIiIhIDqEAWEREREREREREREREREQkh1AALCIiIiIiIiIiIiIiIiKSQygAFhERERERERERERERERHJIRQAi4iIiIiIiIiIiIiIiIjkEAqARURERERERERERERERERyCAXAIiIiIiIiIiIiIiIiIiI5hAJgEREREREREcmRQkJC6Ny5M23btmXx4sXPejgiIiIiIiJPhQJgEREREREREcmRvLy8KF++PKGhobRr1w6AlJSUbJ+/c+dOatWqxc6dO5/UEC3Gjh1Lly5dnng/IiIiIiKS81k/6wGIiIiIiIiIiDxuW7ZsYcGCBYSHhwPQpk0batasSf369dmzZw9jx47FaDQ+41H+j6urK+7u7k+0D7PZzNGjR9m8eTOFCxemW7dulmO7du1i8eLF3L17lxIlSjB06FB8fX0BWL9+PStXriQhIYEXX3yRt99+G2trfaQkIiIiIvJPpRXAIiIiIiIiIpKjLF68mEmTJlnCXwCTycR3333HuHHjSEhI4NSpU0+k70dZYXy/t99+m1mzZj3m0aQ3bNgwFi9ezK1bt0hMTLSUX7p0iWnTpvHhhx8SHByMn58fM2bMAODixYssWbKEmTNnsnr1as6cOcO2bdue6DhFREREROTvUQAsIiIiIiIiIjnGqVOnWLZsmeWxo6MjTZs2tTxOSUnBzs6OcuXKPfD8o0eP0qlTJ1q0aMHu3bst5Zs3b6ZWrVocOHAAgEmTJlGrVi3u3r3L1KlTqVWrFhMnTqRJkyYkJiYyZcoUGjduTPPmzZk9ezZmsxlIDVv79etHw4YN6d69uyWI7tu3L40bNwZSV+p+/vnntGrViqZNmzJ+/HhiY2OB1JXMb775JmPGjKFRo0YMHDiQmJiYbF2boUOHsmDBAkqXLp2u/MaNG7Rv355ixYphNBpp2LAhV65cAeDw4cPUrFmTAgUK4OTkRMuWLTl8+HC2+5s2bRqdO3emfv36zJ49mz179tC6dWuaNm3KqlWrstWOiIiIiIg8GgXAIiIiIiIiIpJjrFmzJt3jXLlyUb58+XRl+/bt4+bNmxnOTUhIYMyYMYSHh9O4cWN+//33R+r70KFDBAQEsHz5cjZt2kTr1q2pUKECa9asYe/evSQnJ/Pee+9x5coV2rZty507dxgxYkSGVcNbtmxh0aJFPPfcc9SpU4fg4GDLilxIDbnt7e0pV64cP/30E9u3b8/W+Nzc3B5Y/vzzz9OrVy/L419++YUKFSoAcPfuXTw8PCzHPD09uXPnTravyYULF/j4449ZsGABX331Fdu3b2fFihVMmzaNhQsXEhUVle22REREREQke3TDFhERERERERHJMX755Zds1fv555/JmzdvurLTp08TGRlJ79696dq1K8WKFWPcuHHZ7nv27NkULFiQkydPUrRoUWrXrs2ZM2fYt28f586dw9PTkxs3bjBgwAA6duxI6dKlCQ4OJjIyMl07O3bswN7enqlTp2JnZ8fdu3fZvXs3Q4cOBaBw4cIMGzaMGzdu8PLLL3P16tVsj/Fhzp8/z/r161mwYAEAiYmJ2NraWo4bjcZ020c/TKNGjfDy8sLLy4tChQrRrFkznJ2dKV26NG5ubty6dQsXF5fHNn4REREREVEALCIiIiIiIiI5SNpWyf3796dmzZpYWVmxZ8+eDPXi4uIylEVERADg6+sLpIadj8LJyQkAb29v1qxZw+zZs4mOjgYgOTnZsnLWy8sLgDp16lCnTp0M7YSHh+Pl5YWdnZ1lPElJSYSFhQFgMKRu6GZtbW1p+3G4c+cOQ4cOZejQofj4+ABga2ubboWyyWSy9PuojEZjunMNBgMmk+nvDVpERERERDJQACwiIiIiIiIiOUbu3Lm5fPkyn376KZ9++mmm9dzd3TMtSwta7/fnsDXtnr4PMmPGDH7++WcmTZpEUlISgwcPBlKDYcASBP/2228cPXqU1q1bZ5jDyZMnLatvb968idFoxNPTM9M+/664uDgCAwPp0qUL1atXTzeWM2fOWB6HhISk2xJaRERERET+eRQAi4iIiIiIiEiOUbVqVS5fvpxlHaPRSOXKlTOUlypVCjc3N1avXo21tTVbtmyxHCtQoAAAQUFBnDhxgm+//TbT9mNiYkhISODXX3/l1KlTQGpgXLJkSXx9fVmxYgXh4eF8++233Lt3j44dO6Y7v0mTJvz4448EBgaSP39+Dh06RMOGDf/yytuHSUlJYfTo0dSqVYuWLVumO1ajRg2WLl3KxYsX8fb2ZuvWrTRp0uSJjENERERERB4Pw7MegIiIiIiIiIjI49KxY0ccHR0fWsfNzS1Dua2tLWPHjsXW1pYlS5ZQuHBhy7EyZcrQunVrLl++zA8//EDZsmUzbf+tt97Cz8+PL774Ah8fHwwGA7dv38ba2ppJkyZRoEAB1q1bR65cuZg0aVK6e+wCNGzYkL59+3Lt2jV2795No0aNePfddx/xSmTfkSNHOHz4MKtWraJBgwaWr8OHD1OgQAH69OnDkCFD6NSpEyVKlMiwYllERERERP5ZrMxZ7VkkIiIiIiIiIvIYpH38YDKZMJvNmEwmTCYTKSkplq8Hbcv8Vxw4cIBRo0aRmJiY4ViNGjUYP358htBVRERyhvDwcIxGo+XLYDBgMBiwsrKy3EPdysrqGY9SRETk4aKiogA4fvx4ts+pUKECoC2gRURERERERCSHqVmzJp999hlBQUEcPXqUuLg4/Pz8aNWqFS1btsRoND7rIYqIiIiIiDwxCoBFREREREREJMcpVKgQo0ePftbDEBEREREReep0D2ARERERERERERERERERkRxCAbCIiIiIiIiIiIiIiIiISA6hAFhEREREREREREREREREJIdQACwiIiIiIiIiIiIiIiIikkNYP+sBiIiIPAtx9+KJjYsnMSmJFJMJk8mE2fysR/XPZWVlhcFgwGgwYGtjTS5HBxwd7J71sERERERERERERETkTxQAi4jIf4bJZCYiKpqYuHvY29niYG+Hi3MujMbUYNPKyupZD/Efy2w2k2IykZJiIjEpiZi4OO6GR5LL0R43F2cMBl07ERERERERERERkX8CBcAiIvKfEBkdS2R0DK7OTvj5+jzr4fzrWFlZYW00Ym00Ymdrg3MuRyD1ul67FYqrcy5cnXM941GKiIiIiIiIiIiIiO4BLCIiOZrZbOZmyF0Sk5LIl8dbIeVj5uqci3x5vEhMTOL2nXDM2kdb5F/DbDZzLyHpWQ9DREREREREREQeMwXAIiKSYyUlJ3P9Vih2tjZ4e7hhNOjH3pNgNBjw9nTD2trI9Vt3uJeQ8KyHJCJZuJeQxBsTv8T5xVE41R1J8Q5TOHzyyrMeloiIiIiIiIiIPCb6JFxERHIkk8nE7dBw3Fyc8XBzybTe6d/OMvLDCbz8ek/aduxC4PAP+PnEr09xpH/fqd/O8FqPPly5ei3TOjGxsTRr24lvd+99YuPwdHPBxsaau2FRmEymv9WWd+MPMdZ4n6O/ZT6nBm8txFjjfRZv+hGA2HuJPNdmIp9vO/a3+n7W4hOSMdZ4nznrDgLw/YlL5GvxEacv3n7GI3uy2gR+zhsTv3zgsZ/P3sDhheHMXP39Ux5V5joMC8JY432mfbEv0zrjluzCWON9On+w2lKW1Twfhz+/fh70vpiwbDcrtv/MuDcbs3FqVzo3q4yX29PfHSGra/HplwdxrT+a745ffMqjEhERERERERH591MALCIiOdKt0DAcHOxwyuWQaZ0fjhzj/VFjsbKyot+bPRjY7w3s7GwZ+eEEfj3122Mf0/Zvd9OsbSdiYmMfa7se7u5UqlAOFxfnx9ruX+Hj5Y6Dgx23QsMeS3vLthx9YPnlW+HsOXY+XZm9rTWNqvnjn9/rsfSd5ty1uxhrvM/Gfacea7vZ5evlQqNqxZ5JQPcgnT9YTcXOMx97uzXLP0fV0n4ZyqPjEnhl1BdMf7sl73Sq9dj7/bsye42azWaWb8t4LLN5PikPel9s+u40HeqVY9ArtWlZqxQju9enaH7PpzamNJldixN/3OSjJbv4ZlYvalco9NTHJSIiIiIiIiLyb2f9rAcgIiLyuEVExWAwGPDMYuVvUlISn8xbRPmypRk7aihWVlYA1Kldk0Hvj2DeoqXMnTnlaQ35b8mbx4fBA/s962FYeLq5cCs0jIioGNxcnP5yO15uuVj17XGmv90CO9v0v7J8vvUYnq6OhEffs5QZjQYWDnsp2+2npJgwGh/P38I9zrb+rHA+D5aOevmJtP1PEvh6nQeW57K35cSKQRleA/8EXm65+O1SCD+evkrVUgXSHdt//CIXroeR2z39eyCzeT4pD3pf3LwTRbMaJZ7qOB4ks2tRurAPVzYNx8ba+JRHJCIiIiIiIiKSM/zzPkkTERH5G0wmE5HRseTP651lvZ9P/Ep4eARDB79tCX8BDAYrGtV/kWUrVhEdHYOzc2p4s++7g6xZv5Hr12/g6elBi6aNaNuqueXcSdNmERkdTa0a1Vj31SaioqIoXbIEb/d/Ey9PDzp26UV0dAwAL7/ekxdfqEXgoLcAOH/hIouWBnH293M4OzvTqnkTXmrbEoCr167z5oDBvPfuAPbuP8DxX37F1cWFl9u3oXmThgAc/ek4o8dNYu6sqTznlxpCXbh0mTnzFnH+wiW8vb14qW2rDNcgIjKSxUtX8OOxn0hKSqZcmVL07t6Z/Pl8LXWO/nScoJVruXL1Gq6uLjSoV4dXOrTDaMw6mPH2cOP6rVCcnRz/8r2XO9Qrx7wNh9i4/xQdG5S3lJvNZj7fepTXGlfkk7UHLOXxCcnkqjuCWe+25q0Oz2dob/6Gw/Sf+hVTB7Zg0ue7qVW+EBsmdwFg7a5f+GjJTv64eodift5M6t+MpjWK02FYEBv2ngSg/dDl+Hq7cHXTiEzbSk4xMX7pLpZuOcrtsGjKFM7D2Dcb07RGccs4ouMSGDl/O+v3nCQsKo5iBbwY06shbeuWeeB12H7oLM3fXcKJFYMoUyQP8zccZtDMTawc+yojF3zDhet3Kebnzdz32pLL3pY3Jq7n5IVb+Pm48eEbjdJduzsRsbw7czNbDqSucG//Ylk+fqclTo52AORtNo7erasSGRvPF9/8jMHKig71y/HxO634/Uoo5V//2NKWscb7LBjWnl6tqmZrTvcSkhg+N5g1O08QG59E1VIFmDqgORWKpb7eavScQ/7crqyb2NlyzupvTzDp892cvRJKPm9X+ravwbuv1La877Iar63Nkw8Pq5TMz9nLoSzbcjRDALxsy1HK++fFJZd9uvIHzfN+D7tOj/r6uf99UaaID/X7LwRgyoq9TFmxl28+6cWdiDheG72Sy18PJ39uVwAu3ghj8Kwt7Dl2HjtbI01rlGDKW83xdk9dif77lVCGzQ1mz7HzmExmAkoVYMY7LSlbJI+l74e18edrkZ33z7N+zkVERERERERE/g20BbSIiOQoYZHR2QodL1y8DIB/kcIZjjVv0pB1K5ZYwt8du/YyecYnlC5ZnJFDB1On1vN89vkXLF+5Nt15p387yzc7d9P99Vfo3vlVTv92lkVLlwMwbcKHvN6pAwDTJ42le5dXALh+4yaBIz7AxsaGoYHv0KRRPZatWMmW4B3p2p716UKKFilE4DsDKPxcQT5d8BmXr1x94Nzi4xMY+cEEoqJj6N+nFy+3b8OXX21KVychMZH3RnzIyd/O0KdXNwYN6MOdu2EEDh9DWHg4AJeuXGXsxKkUes6PUcOG0LxpI1av+4oVqx9+/1Kj0UCuXA6ER0Y/tG5mfDydqVelaIYtdvf+dIFLN8N5pXHFv9TuZ5t+ZGK/Zrz76gsArPzmZ14Z+QUNAvxZP6kL5YrmpU3gMk78cZMZ77Rky4weAHw8qBU7Z7+RZVu9xq9jyoq9DHi5JmsnvE4hXw9aDl7KN4d/t5zz6qiVbNx3islvNWPbxz2oV6UoHUd+wYk/bmZ7DolJKXy0dBfDu9Vj/tD2xMQl0H7octq89zmdGlXg89Ed8cvjRtcP13D5VurzmZCYTL3+Czh86grzh7Zn+tst2fTdaXqOX5eu7Wkr93MnIpaFw16iR8sA5m84zGebf8S/gBcnVgyiec0SFPPz5sSKQbSvWzbbc+o08guCtv/E6J4NWTn2VQxWVjQYsJDroZEPnOPSLUd5bfRKapUvxPpJXejUsDzvz9nG6IXp3xuZjfdpSEhMpluLKqzacZz4hGRLeUxcAl/u/oXuLQNISEzOooWMHnad/s7rJ6BkAU6sGISrkz09WgZwYsUgapQpmKFeZEw8dfrM5+KNMBYMa8/MQa35/sRF2r7/OSaTmZi4BOr0mU9YVBzLx3Ri7YTXMVhZ0eLdJZbr8LA2HiQ77x94ts+5iDwe9//x3Z+ZTKanOBIREclpsvo5ktXPHxERkZxGK4BFRCTHMJnNRMfE4ZfP56F1o6KjcbC3x97eLus2TSaWBa2iTu3n6f9mTwACKqcGj+s3bqJNi6a4uqZuNe3oYM+40cNx/f978d68dYs9+1NXqBbInw8PD3fL9065UlfArVi9DmcnJ0YPG4KNjQ3VqlQiJPQO6zdupkXTRpZxdGjbilc7tgegQvkydHitBydPn6GgX/pVhwDbd+4mIjKSqRM+IJ9vXgBKFvfnzQGDLXV27NzD9Rs3mf/JNArkz5fabrkydH9jAF9+tZk3enTh15OnSU5Ooe8bPbCztaVShXKkJKcQcufOQ68vgJuzE1dv3MbDzQXDX/iHdkJiEt1bVKHLh2u4FhJpWZm4dPMRKpfIT3G/rFd5Z2bjlK74F0i9H6rZbOb9T7fRoX45ZryTuuq6SfXiHDl9lU/WfM9nIzuQkJQCgJ+PG8ULemfa1snztwgK/ol577fjjTbVAGhRsyQv9JnH8HnBNK5eDIB3OtXGL4+b5by6lYqwbOtRth8+S3n/vNmex1eTu+KXxw1Ivc/rq6NW8vGgVgx8uSYANcoWpGDrCRw4cYmCedz5fNsxTl8M4cSKQZQunPoesbE2WELignlSX581yz3Hig9fwcrKinZ1y7Djh9/Z99MF+rarQZkieXB1csDe1poy9630fNicjpy+ypbvf+PLiZ0tK1XrVSmCX6sJrNn5C+++Ujvd3FJSTAyfG0ynhuWZE9gGgGbPp25ZPHXFPga+XMuyijSr8T5p8YnJdGtehQ8WfcuGvb/y6v//UcKanb+QnGLitcYVWbr5SLbby851+juvn1wOtpQpkgejwYCXa650z+H9Fm78gdCIGH5cOoA8nqn/Pyucz4MaPedw/I8b+BfwYumolwkoVQBPV0cAcrs7UbnrLE6cu0G10n4PbaNS8Xzp+szu+wee7XMuIk+eyWTC8Bd3DxEREUkLgBX2iojIf53+VSUiIjlGfHwCdrY2f3nL4Qe5dOUqEZGR1K1dM115vbq1SU5O4fSZs5Yyb28vS/gL4OnhQWRkVJbtHz/xK1WrVMJshsTEJBITkyhdsji3Q0KJivwI3ooAACAASURBVP7f6tkiRQpZvs/l6IidnR0RkQ9eOXnu3AUKFypoCX8B3N3d0vf7y68ULvScJfwFcHF2JqByRU78egqAYv5FMBismD5rLsd/OUlSUhKdOrRlYN/eWc4pjdFowNbWhvj4hGzV/7P4xGTa1S2Lq5M9n287BkBUbDwb9p6kR8sAEpIebWVlmrye/3uOfrsUwo3QKNrUKUN8QjLxCckkJqVQs9xzHPntwSusM2tr19FzALzSqIKlzMrKitcaV+L47zcIj0q9X3HtCoXYeuAMNXrOIW+zcbg3GENkTDwRUfd4FPffWzYtvL0/VEsLzEMjYlPHd+QPSj6XmyL5PC1zfb7scwAc/e2a5bwK/nnTfViSz9uVkPCYLMfysDntP34RgOY1S1rOcbCz4ejnA3ntASu5T164TUh4DJ3uu5YArzepRFJyCgd+ufS3xvu4xCcmkT+3K42q+bNs6/9Wqi/beoQ2L5TGw8XR8gcE2ZGd6/S4Xj9Z+e74BSqXyG8JbgECSubn1KrB+BfwwtnRjkol8jF+6S4qvP4x3o0/pE7f+QCW1/nD2viz7L5/4Nk+5yLyZFhZWVm+kpP/2s93ERERgOTkZMvvigqBRUTkv0wrgEVEJMeIi08gl4P9wysCuXI5ci8+noSEBOzsMl8FnBbgpq3eTZMWqN4f0j4qs9lMZFQ0W7d/y9bt32Y4nnbP4KzOf5CIyEjc3dweeCxNZGQUnn+aE6TOKy3ULu5flAkfjmLt+o2MGTcJg9HIiy/UpFvnV3Bxds5w7oPkcrAnLj4Bx2w+L/dLTErB3s6aVxtV4POtRxnRrR5rdv6CGTOvNKpAzL2/FizfLy00em30ygzH8nq5PFJbdyJiyeVgi7Nj+tdTWgAWFhWHu4sDA6Zt5OvvTjH5reZUKZGfXA62VO3+yV+cwcOlvUxCwmM4ffE2ueqOyFAn7CHhYWavtTQPm1N4VByuTvYZ7tGaFlz/WWhE6vPi+6fnIO1a3o2M+1vjfVwS/z/c7dGyKp1GfsGVWxEkJCVz8JfLBM9M3TEgKTn7AXB2rtPTeP2ERd1L9wcGkPrhWYnncgOp9xVuNGARdrbWjO/bFP8Cnly9HUmjgYuy3cafZff9k5mn9ZyLyOP1oA/mk5KSsLd/9N8bREREABITEzOUKQgWEZH/IgXAIiKSYyQmJuHklnlAcL9CBf0AOH/hEqVKFk93bNee/axcu55ZUyfg8v/3Af7zSt6w8AgAXFweLSS8n5WVFXZ2dtStXZPGDV7McNzby4vbISGP3K67mxvXb9zIso6zszMRERlXEIeFh+Ny3yrmcmVKUa5MKRISEzn203E+XbiEkNA7fDRmeLbGYmdnS2xE1qugM5MW6HRvGcDc9Yf47vhFlm05YlkVHB339wNgJ4fUsGlOYBsqFku/Je2fQ7iH8XBxJPZeIvcSknCws7GU37ybOn9PV0cSEpNZuvUoswe3pmuzypY6j3PVemacHOyoWNyXOUPaZjhWOJ/HX243O3NydXIgKjaBpOQUbKwffl09XVK3dw4Nj01XfvNu6h9ceLk5/uXxPk5pmWOr2qXwcHHg823HiE9IooCPGw0C/P+/TvaDyYddp6f1+nFzsudORGymxw/8colfz9/i9Oohlm3R/3xf34e18WfZef+ISM705w/lk5KSMJvN+rBeREQemdlsJikpCaPxf79L6+eJiIj8V2kLaBERyTFSUkwYjdn70Va5UgWcnZ1Y//XmdOVms5ngb3dhb2+Pk1MuCvr54eLszPcHD6ert//7gxgMBkr/KTzOiuU+uPflJGVKleDS5SsU8y9KieL+lCjuTzH/ouTNmwdbW5sHN/QQxfyLcP7/2LvzOKvrQv/jb3YRhi0XVkVjcRdB3CrFq6nlhl696VVzy7K0X5pa1u26L6UmWtcyd7uZCya4Fl4X4N5CFBQzZRFXFoVSlmFHZn5/jDPNMDMwKDLw5fl8POYB55zv+Z7P95zBcc7rfL6ft97JvPn/nJ28aFHNGZ677LRDXn/jzbw/65+BeeGiRRn/4svZZacdkyS/uuWOXPGz65MkrVq2zD577ZF/2e9Lef2NNxs8lmbNmmbFirJPdByV+vftll17d8lPbv5Tnvvbuznt8IGfan/V7fz5zmnXZpO8PXNO9tppq6qv7bbePDtuU7FObuXrtrqQN6j/55MkDz7zSo3rH3jq5fTr0zUdSlqndNHSrFhRVuNNiKnTP8ic0rV3+t76fLHfNnl92gfp2aVjjWPdpmunWjM1V6VpkyY1nouGHNMXdumZ8vLy/Om5f54yfcWKsgw85Re5/t7/rfUYO31+y3yu/aZ58Jm/1rj+gadeTrNmTfPFXbepdZ/G1LJFs5x4SP/c/fi4/PaP43PKoQPStOmav9G0uudpXX3/7LNLz4ybNL3GaZWnTv8gPY64MmNeeafq8aq/l/b8a9PWaB8ra8i/H6BYVn5DvvIU0EmydOmn/5AXABufpUuX1lhWoDohGICNjRnAABTGRytW1Pik76q0atkyZ33r9Pz0uhtz5TXXZ78vfSHLli3L6P8bk0mTp+Snl1+cJGnevFlO+vd/y02/uT1t2rTJgN12zeTXp+a+ocNy7NFHNvhUyEnFGsFJ8sgTf0r/XXfJdn1758Tjj80FP744l199bb5y8IFp0qRJHn7sj1m0aFGu/9kVa/4kJDnogEG5b+hDueraITn1xONTnvLcftfvamxzyEEH5LE/Ppn/vOzqnHT8sWnRokXu/8PwNG/ePMccdXiSZJedd8xV1wzJLXfcnT0H7p4PPvwwz4wcnX677NTgsTRr1iwfrWj4KXDrc9rhe+R71z+cnl06ZlD/bT/1/iq1atk8l5zx5Zz/i8dSVlaWQ/beLn+fuzAX3TIi/zpo51x91lfS+XMlad6sae77nwlp2aJ5Dv3CdnXua7e+XfNvB+ySs68bnrkLFqdPj83z+xEv5X8nvJ3Hrz8tSbJZhzYZsF33XHLrkykvL8+SZR/l2t+NyvKPVqyVU1qvyrcG75nfDHsuB559S/7j1APS+XMleXjUq7nz8XGZ+uAPs3nHNg3az1adO+TBZ/+a3494KQN36JHePTZb7THts8vWOXBg73zjygdz1be/kq06d8gtw57L69P+kaMH1f5+atG8WS775sE569ph6VDSOgfv1TdjX303V971TH540qD1cjboaYcPzI33/1+S5JTDPtmHFFb3PK2r759vHbVX/mvon3PY9+/Mj07eP02aNMkltz6ZLTq2zR479Mjf5y5M201b5eRL789Zx+6TiW/NzpD7KkL+gsXLGrSPlTXk3w+w4Wuy0oeIql9f3cKFC9OqVStv1gPQYOXl5Vm4cGGNnx31/Rzx8wWAjYEADEChNF2DX+T2/cLe2bR169z7wEO5dsh/ZdNNW6fXttvk5z+9PH1796ra7tBDvpwWLVrkwWGP5NEn/pTNN9ss3zj1pAw+7CtrNLZdd94pX/rCXhn6h4fzjw8+zHZ9e6dv71756WUX5c7/vjdXXjMkrVq2TP/dds05Z5+5RvuurlWrVrn84h/nl7+6NT/8z8vSecst8q+DD8+kKVOrtmm9ySb52RUX57Y7/zu/+FXFup0777RDLjjn7HTqWLHe6Bf33jPnfe87eXDYo3nsj0+mpKQke+85MKd+/d8bPJY1eT1W5YSDd8sP/uvxnHLYwLX+y/r3vvbFlGzaKj///ej84oE/Z8tOJTnxkN1y0elfTpJsukmLXPntQ3Llnc/kb2/OqjcAJ8ndFx+Xi24ZkZ/e/WzmlC7OLr265PHrT8vBe/Wp2ub+K0/IWdcOy/m/eCybdWiTn5x6QEa++EYWLVm+Vo9rZR1KWmf0zd/OBb94LN+5ZliWf7Qiu2/fPX8ccnqD42+SnHn0Xhnx3JR88+o/5Fc/OCq9e2zWoGP6w09Pyg9veiI/+tUTWbhkWfbeaeuM/PWZ6dml7nWAzzx6r7Rq2TzX/m5k/mvoX7JV5w659ruH5ntf++Knfi4+Czt9vnMG7tAjbVu3rPeYGmJ1z9O6+P75XPtNM+rmb+e8Gx/N1y+9Ly2aN8uR++6Ya84+NM2aNU3nz5Vk2M++nvNufCxnXPVgdtx2y/zhp1/PhTc9UbV+8+r2UZeG/PsBiqX6DK3qM7bKysqyePHibLrp+veBHwDWT4sWLUp5eXmaNm1a588XANjYNClfk4XJAGA99ta097JNjy6NPQxW4nUBACqVl5fX+CorK6v6WrFiRdVXWVlZOnTokBYtPtmSGABsPJYtW5Z58+aladOmadasWdVX06ZNq76qf9BIEAZgQzF//vwkyYQJExp8n379+iWxBjAAAACwDtU3M2vlN+bnzp2bFWthKQkAiuujjz7K3Llzk9T+OWImMAAbMwEYAAAAWOfqCr/Vv8rLyzNnzpyUlZU18kgBWB+VlZVlzpw5Ser/WVJ5GwBsbARgAAAAYJ1Y+U34uiJw9dN1rlixIrNnz87SpUsbY7gArKeWLFmS2bNnp6ysrNbPjlXFXzEYgI1F88YeAAAAALBxqXwDvry8vFb8LS8vr/qz8uuDDz5I69at065duzRr1qyRRw9AY1mxYkXmz5+fxYsX11jjtzL+1rXer9M/A7AxEoABAACARlHfDODqEbjS4sWLs2jRopSUlKSkpMSb+QAbkbKysixYsCClpaW1ZvyuKv4CwMZKAAagMNq2ad3YQ6AOXhcAoLrK9X3rmgVcPf7WpaysLKWlpZk3b1422WSTbLrppmnRokWaNm2aZs2aebMfoADKy8uzYsWKlJWVZfny5Vm0aFGWLFlSI/RWfjVr1qzWTOD6QrCfEQBsTARgAApj804dGnsI1MHrAgCsSuUb8k2bNk1ZWVm98bfyTfzK9R6XLVuWpUuXVp0mOkmNGcMAbJjqOjtE5Yd8qgfeleOv2b8A8E8CMAAAALBOrTwLuPr1q5r9W7lNWVlZjTWCk5rxVwgG2PBU/5lQ3xIBK88AXt3MX7N/AdhYCcAAAABAo1r5Dfq6QnDlG/mV4bi+ACz+Amy46vp5UF8AXvnv9c0AFn8B2BgJwAAUxlvT3mvsIQAAbNS26dGlwduuHHOrv2FfuRZw5XbVT/1c+acADFA8qwrAq4rAZv0CQE0CMACFsSZvOAIA0PjqisDVrRyC64q/AjBAcawuAK8cgVd3ymcRGICNlQAMAAAANJqV4++qAm9dt1kDGKAYVrcGcH0hWPwFgNoEYAAAAKBRNXQmcF3Rt76ZvyIwwIZj5f/urxyAq/+9vq+V7wcAGzMBGAAAAGh09UXg+tb7rX658rq6/g7AhqGuGcCVf68vBFffVvwFgH8SgAEAAID1Qn0zgKvfVj0SJ8IvQNHUdyroyj9XFXzFXwCoIAADAAAA643KN+9XF4Krb1edCAyw4arvVNDV/y78AsDqCcAAAADAeqf6LN+6gsDKt9W3LQAbnoaE4PouAwACMAAAALCeWpO4u6rbzAoGWP+sSbit74wQAEDdBGAAAABgvVb9Tf5PMtNXJAAoBv89B4CGEYABAACADUZ9b/6b5QtQHEIvAHw6AjAAAACwwRMLAAAAKjRt7AEAAAAAAAAAsHYIwAAAAAAAAAAFIQADAAAAAAAAFIQADAAAAAAAAFAQAjAAAAAAAABAQQjAAAAAAAAAAAUhAAMAAAAAAAAUhAAMAAAAAAAAUBACMAAAAAAAAEBBCMAAAAAAAAAABSEAAwAAAAAAABSEAAwAAAAAAABQEAIwAAAAAAAAQEEIwAAAAAAAAAAFIQADAAAAAAAAFIQADAAAAAAAAFAQAjAAAAAAAABAQQjAAAAAAAAAAAUhAAMAAAAAAAAUhAAMAAAAAAAAUBACMAAAAAAAAEBBCMAAAAAAAAAABSEAAwAAAAAAABSEAAwAAAAAAABQEAIwAAAAAAAAQEEIwAAAAAAAAAAFIQADAAAAAAAAFIQADAAAAAAAAFAQAjAAAAAAAABAQQjAAAAAAAAAAAUhAAMAAAAAAAAUhAAMAAAAAAAAUBACMAAAAAAAAEBBNG/sAQDA+uC5v72bL5xxU723b9W5Q94a9qN1OKK6vfrmrOxywvVp2rRJZjz2k2zRsW1jDwkAAAAAgPWIAAwASdq1aZV9dtk6SVK6cGleeeP9tG7VIrv17Zok6fK5do05vCoPPPVykqSsrDx/ePaVfPvovRt5RAAAAAAArE8EYABIssM2W+Z/f/OdJP+cDbxN105V160vhj7z1zRp0iTl5eV54KmXBWAAYJXGvvpunnphasrLy+vdpmTTVjnzqL3SqqW3CAAAAIrAb3cAsAbGTZye8258NOMnzUiXzUryjSP3zAUn7JemTZukxRcuTJfPtcs3jtwjv3zgzykrL89/nHpAemzRPj+86Yl8OG9Rjt5/p9zyo2PSvFnTTJ3+Qc678dGMfPHNtGjeNAft0Sc3fv/IbN6xTZ2P/dep72XyO3/Pvrttk/f+UZr/nfB23vvH/HTZbP2YnQwArH8uvuXJ/M/zr692u/59u+VL/bZZByMCAADgs9a0sQcAABuKabPm5oCzb8mYv72bPXbskSXLPsqPf/XH/PqhMVXbzPj7vPxm2HPps9VmmVu6OD/45eM57YoH0mOL9llRVpa7Hx+f+596OStWlOWQ792Wx/5vYg7YvVcG9O2e+596Od+55qF6H3/o039Nknx1n+1z+Be3T3l5eR589pXP/LgBgA3Xz84+NCWbtlrlNicfOkD8BQAAKBABGAAa6JbhY7Ng0dJceNKg/Pbi4/LodacmSe587IWqbZo0aZKXf3du/nzrWdl7561TXl6ea757aEbd/O1cdPqXkyQvTZ6RZR+tyE9OOyD3XnFCHvrZ1zPsmpOTZJUzdCoD8GFf3D6HfWmHiuue+utncqwAQDHs2rtLHvzpSWnerO5f/7+8R+/85sJ/XcejAgAA4LMkAANAA02YMjNJcuVdz2TrI6/KgJNvTJK8NXNO1TZNmiSbdag4hfPmH/+5TZdOFZc/PrXzvAVL0rpVi/TdavPc/NCYdDjgopTs/5MkSemipXU+9kuTZ+b1af/INl07ZfueW+QLu/RMh5LW+fNf386Mv8/7DI4WACiKAwf2zq0/PqbW9bv27pKhV5+UFs2bNcKoAAAA+KxYAxgAGmj5RyuSJD88aVD22aVn1fX1zaipVF7HdfMWLMmh378jyz9akV/94Ohst/Xm2eeMm1JWVtfWydCnX06SvDXzwzTb+4cr3fZKzjnui2twJADAxubrXx2Qd2fNzcW3PJkk6bFlhzx+/WmrPT00AAAAGx4zgAGggXb6fOckyeR3/55Dv7BdDvvi9lmy7KPs1rfbGu/rb2++n3kLlqR/32456Sv907vHZimvu/0mSYY+U3Gq5wHbdc8+u2ydfXbZOrv27pIkeeCpl9f8YACAjc5PTj0gZx2zTzp/riRPDDktXTZr19hDAgAA4DNgBjAANNBZx+yTWx9+PsNHvZpdThiSDiWb5C9/fSffHLxnfv3Do+u9X3kdZXfbrp3Sonmz/OWVd3L8T+7JCxOnV2330YqyGrOKx0+anjdnfJhO7TbNmNvOSrOPb1u4eFk2P+TSjH313bz7/txs1bnDWj5iAKBofnHekfnFeUc29jAAAAD4DJkBDAANtE3XTnn2V9/K/gM+nzdmfJDX3pqdEw/pn0u/edAq71fXzN4um7XL7y49Plt37pgRY6fkoD37ZLueWyRJ3pzxQY1thz5dMfv3q/tsVxV/k6RN65Y5cGCvJMkDT5sFDAAAAABA0qS8rmlJAAAAAAAAADSK+fPnJ0kmTJjQ4Pv069cviRnAAAAAAAAAAIUhAAMAAAAAAAAUhAAMAAAAAAAAUBACMAAAAAAAAEBBCMAAAAAAAAAABSEAAwAAAAAAABSEAAwAAAAAAABQEAIwAAAAAAAAQEEIwAAAAAAAAAAFIQADAAAAAAAAFIQADAAAAAAAAFAQAjAAAAAAAABAQQjAAAAAAAAAAAUhAAMAAAAAAAAUhAAMAAAAAAAAUBACMAAAAAAAAEBBCMAAAAAAAAAABSEAAwAAAAAAABSEAAwAAAAAAABQEAIwAAAAAAAAQEEIwAAAAAAAAAAFIQADAAAAAAAAFIQADAAAAAAAAFAQAjAAAAAAAABAQQjAAAAAAAAAAAUhAAMAAAAAAAAUhAAMAAAAAAAAUBACMAAAAAAAAEBBCMAAAAAAAAAABSEAAwAAAAAAABSEAAwAAAAAAABQEAIwAAAAAAAAQEEIwAAAAAAAAAAFIQADAAAAAAAAFIQADAAAAAAAAFAQAjAAAAAAAABAQQjAAAAAAAAAAAXRvLEHAABry1vT3mvsIQAAbNS26dGlsYcAAACw0ROAASgMbzgCAAAAALCxcwpoAAAAAAAAgIIQgAEAAAAAAAAKQgAGAAAAAAAAKAgBGAAAAAAAAKAgBGAAAAAAAACAghCAAQAAAAAAAApCAAYAAAAAAAAoCAEYAAAAAAAAoCAEYAAAAAAAAICCEIABAAAAAAAACkIABgAAAAAAACgIARgAAAAAAACgIARgAAAAAAAAgIIQgAEAAAAAAAAKQgAGAAAAAAAAKAgBGAAAAAAAAKAgBGAAAAAAAACAghCAAQAAAAAAAApCAAYAAAAAAAAoCAEYAAAAAAAAoCAEYAAAAAAAAICCEIABAAAAAAAACkIABgAAAAAAACgIARgAAAAAAACgIARgAAAAAAAAgIIQgAEAAAAAAAAKQgAGAAAAAAAAKAgBGAAAAAAAAKAgBGAAAAAAAACAghCAAQAAAAAAAApCAAYAAAAAAAAoCAEYAAAAAAAAoCAEYAAAAAAAAICCEIABAAAAAAAACkIABgAAAAAAACgIARgAAAAAAACgIARgAAAAAAAAgIIQgAEAAAAAAAAKQgAGAAAAAAAAKAgBGAAAAAAAAKAgBGAAAAAAAACAghCAAQAAAAAAAApCAAYAAAAAAAAoCAEYAAAAAAAAoCAEYAAAAAAAAICCEIABAAAAAAAACkIABgAAAAAAACgIARgAAAAAAACgIARgAAAAAAAAgIIQgAEAAAAAAAAKQgAGAAAAAAAAKAgBGAAAAAAAAKAgBGAAAAAAAACAghCAAQAAAAAAAApCAAYAAAAAAAAoCAEYAAAAAAAAoCAEYAAAAAAAAICCEIABAAAAAAAACkIABgAAAAAAACgIARgAAAAAAACgIARgAAAAAAAAgIIQgAEAAAAAAAAKQgAGAAAAAAAAKAgBGAAAAAAAAKAgBGAAAAAAAACAghCAAQAAAAAAAApCAAYAAAAAAAAoCAEYAAAAAAAAoCAEYAAAAAAAAICCEIABAAAAAAAACkIABgAAAAAAACgIARgAAAAAAACgIARgAAAAAAAAgIIQgAEAAAAAAAAKQgAGAAAAAAAAKAgBGAAAAAAAAKAgBGAAAAAAAACAghCAAQAAAAAAAApCAAYAAAAAAAAoCAEYAAAAAAAAoCAEYAAAAAAAAICCEIABAAAAAAAACkIABgAAAAAAACgIARgAAAAAAACgIARgAAAAAAAAgIIQgAEAAAAAAAAKQgAGAAAAAAAAKAgBGAAAAAAAAKAgBGAAAAAAAACAghCAAQAAAAAAAApCAAYAAAAAAAAoCAEYAAAAAAAAoCAEYAAAAAAAAICCaFJeXl7e2IMAAAAAAAAAoML8+fM/8X3NAAYAAAAAAAAoCAEYAAAAAAAAoCAEYAAAAAAAAICCEIABAAAAAAAACkIABgAAAAAAACgIARgAAAAAAACgIARgAAAAAAAAgIIQgAEAAAAAAAAKQgAGAAAAAAAAKAgBGAAAAAAAAKAgBGAAAAAAAACAghCAAQAAAAAAAApCAAYAAAAAAAAoCAEYAAAAAAAAoCAEYAAAAAAAAICCEIABAAAAAAAACkIABgAAAAAAACgIARgAAAAAAACgIARgAAAAAAAAgIIQgAEAAAAAAAAKQgAGAAAAAAAAKAgBGAAAAAAAAKAgBGAAAAAAAACAghCAAQAAAAAAAApCAAYAAAAAAAAoCAEYAAAAAAAAoCAEYAAAAAAAAICCEIABAAAAAAAACkIABgAAAAAAACgIARgAAAAAAACgIARgAAAAAAAAgIIQgAEAAAAAAAAKQgAGAAAAAAAAKAgBGAAAAAAAAKAgBGAAAAAAAACAghCAAQAAAAAAAApCAAYAAAAAAAAoCAEYAAAAAAAAoCAEYAAAAAAAAICCEIABAAAAAAAACkIABgAAAAAAACgIARgAAAAAAACgIARgAAAAAAAAgIIQgAEAAAAAAAAKQgAGAAAAAAAAKAgBGAAAAAAAAKAgBGAAAAAAAACAghCAAQAAAAAAAApCAAYAAAAAAAAoCAEYAAAAAAAAoCAEYAAAAAAAAICCEIABAAAAAAAACkIABgAAAAAAACgIARgAAAAAAACgIARgAAAAAAAAgIIQgAEAAAAAAAAKQgAGAAAAAAAAKAgBGAAAAAAAAKAgBGAAAAAAAACAghCAAQAAAAAAAApCAAYAAAAAAAAoCAEYAAAAAAAAoCAEYAAAAAAAAICCEIABAAAAAAAACkIABgAAAAAAACgIARgAAAAAAACgIARgAAAAAAAAgIIQgAEAAAAAAAAKQgAGAAAAAAAAKAgBGAAAAAAAAKAgBGAAAAAAAACAghCAAQAAAAAAAApCAAYAAAAAAAAoCAEYAAAAAAAAoCAEYAAAAAAAAICCaP7WtPcaewwAAAAAAAAAfOxz7dt84vs2KS8vL1+LYwEAAAAAAADgU5g/f/4nvq9TQAMAAAAAAAAUhAAMAAAAAAAAUBACMAAAAAAAAEBBCMAAAAAAAAAABSEAAwAAAAAAABSEAAwAAAAAAABQEAIwAAAAAAAAQEEIwAAAAAAAAAAFIQADAAAAAAAAFIQADAAAAAAAAFAQAjAAAAAAAABAQQjAAAAAAAAAAAUhAAMAAAAAAAAUhAAMAAAAKmRifAAAIABJREFUAAAAUBACMAAAAAAAAEBBCMAAAAAAAAAABSEAAwAAAAAAABSEAAwAAAAAAABQEAIwAAAAAAAAQEEIwAAAAAAAAAAFIQADAAAAAAAAFIQADAAAAAAAAFAQAjAAAAAAAABAQQjAAAAAAAAAAAUhAAMAAAAAAAAUhAAMAAAAAAAAUBACMAAAAAAAAEBBCMAAAAAAAAAABSEAAwAAAAAAABSEAAwAAAAAAABQEAIwAAAAAAAAQEE0b+wBsHF6e+aHGfXSG3n7vQ8zYcqMzC1dnLmli1OepEPb1pm7YHGaJOlQ0jodSlqnX59u6de7W3bt3TU9u3Zq5NEDNNzSiRPzj6uuWu12JUcdlXZHH70ORgR8Etvtffmnun+3Lu3TrUuHin317pzt+2yZA77UN+1KNlkbwwMKYOnzY/LR9On5aMa0LJv4asrmz6+1TdN27dJy+x2rLrfcfsc079Y9Lapdt75ZMX1aFgwbukb32WSPvdJqz30+oxEBAAAUX5Py8vLyxh4EG4cJU2bk7sdfyLPjp6Znl04Z1P/z6denW3p26bTKqPv2zA+rQvHIF9/I3NLF2a1vt5x86MD069NtHR4BQMP948ors3TSpCyfMSMfzZixym1LBg/O5v/xH2nart06Gh2wpj5tAK7PAfv2zY/POagqDgMbjxXTp2XR0yOyZOyYLBk7JuWltYPvmmix/Q5p3q1HWm6/YzY98OD1JgovHfuXzDrp39boPu3PPjft/995n9GIgMa0YN7f07b95o09DACADcL8Oj4Y3FBmAPOZu/vxFzLk3lHp17tbTjlsYIacO3iV248cPzWjXnojF3/j4MwtXZx33p+TQQN6ZdCAXjnn+P2qtrnh3tF5+70Pc+rhe+TkQweui0MBaJClEydm7m9/W+O65l27pt3RR2fx2LFZ/MILNW5r++Uvi7+wkXp69OQ8PXpyrvrJETn60F0bezjAOrD4qRFZ8NADWfzUiLW63+UTX8vyia9V7Le8PO2rBeBZJx6bDt8916xaoNEJwAAA64Y1gPnMXHrbiPQ78bqUl5dnwu/Oz10XH59BA3plwpRVz4S75NYRueTWEZlbujg33Dcqg759U0aOn1pjm0EDeuWui4/P8GtPy1szP8igM2/Kpbet3TdQAD6puk7Z+NHMmSkrLc3SSZNq3bZ04sR1MSxgPfbjKx7JVUP8vwwU2cKHhmbG/nvl7985fa3H39VZ+vyYzDrp3zLrxGOzdOxf1uljAwAAsO4JwKx1I8dPTb8Tr0v7Nptkwu/OzymH7ZEkueTWP6XJnt/Pbif9PLudeF3envlhnfcf9dIbSSpOGX3XYy/Uun3ClBm59LYRufS2ikh8yRmHZOTNZ6V9m03S78TrasVigMbQeuDAdDr77HQ6++w0bds2STL37rtTVlrayCMD1le/feD5jH3xncYeBrCWLZ/4amadeGw+uPDcrJgxvVHHIgQDAABsHARg1pq5pYtz6mX35q7HXsjIX59VdbrmpCIKX3rbkxl2zal5a9hPMqd0cc4ZMrzWPirj7cXfOCjnDBmeDiWta92+20k/z7CRr2TYyFey20nXVc0oPuf4/TLy12flhvtG59whwzO3dPFneLQA9WvRrVs6nHJKFj//fBY//3yatm+/yu0Xjx27jkYGrO+uvsEsYCiSOVdekveOPDhLnx/T2EOpQQgG1ifLli5s7CEAABSONYBZKyZMmZFzrh+ec47fN4P32zlzSxdn1ItvZL/+n0+SjHxxanp26ZjB++2cJDnlsIG59LYna+1n5ItTs2vvrunZpVNefn1m7vzP43LO9cMz8sWpGTSgV264b3S27twxE353fpKk34nX5YZ7R+eui49PknQoaZ3h156Wux57PoMvuCM3fH9w+vXptm6eBICPNe/ePUmy+PnnG3kkwLrUt9eWaVeySY3rJk55PwsWLm3wPia9Pisz3pubbl06rO3hAevQiunTMvus07N84muNPZRVqgjBY9Jqj72z2U+vT7PuPRp7SEDBfTj77XTeaoeqy++/+1qNy0W2cNrMLJzxXtXlDtv3Scv2JZ96v9NHPJs5E6dUXd5izwHZcu/dG3TfZfNKs3x+adr06FrnbbPHjs/C6TPTcYe+2WKvAQ3a55xXJ6fjjn0bNviPzRozrsFjrj6+6f8zMrPHjMuy+aXpuGPfNTr21Y2nSZMmSZI23brU+fysiYXTZmbOxCmZ89rkLJtXmpbtS9Kme9dse8zhDbp/fc/psnmlmfvxfjvu0LdB31NzXp2chTPey5zXJlf8ffrMfOWP9zX4WJbNK81bf3g000Y8mwPvv7XB9wNg3ROA+dQq4+9dFx2fnl07ZfioV3LqZfdm7oIlOeXQgbnzouPTs0unvP3enEyYMiP9+nTLhCkzc+S+O9XaV4e2rXPKoQPTr0+3bN25IhhXPw303NLFGdS/V437zF3wz5m+w0e9kp5dOuWUw/ZIvz7dcs71w0VgoFE07949PZ9+OstnzMisCy/MRzNn1rvt4hdqn+4e2PD8+NyDs2f/rWtdP790Se6+f2xuun10g/YzccosARg2YMsnvpr3Tzw25aXzG3soDbb0+TGZ8S97p83Rx6bD2d8XgoHPxIJ5f0+nLXrWuFzf7N/K61u2arNOxvZZWThtZibd8ftMf/LZLJxe+3fCLfbaPdsee0SDQ2ClWWPG5a0HH820J5/N8vm1lxlq071r9rru0loxdOG0mZk1dnxmjxlXEQBfm5w23bvmK0/cl5btS6qi6vQRz2b6k8/WuG+LdiXZ7vQTsvM536r1eMvmlWbynb/Pm0MfycLpM9P/ovOz3eknNPh4nj7ujCQV8frAB25b5bZvDn0k058cWWt8lZfrO/ZVqTzuN4c+ktnPjat1e8cd+qbv6Ses0etUuc/Jt9+TOa9NrnOb8ZdeW+dzOmvMuMweO77iz4/Hc8B9t1Yd0/QRz+bNBx+t9RwkybbHHJH+F51fZwieNWZc1XO9piq/59588JGq694c+ki2PfaIT7Q/aIjyD/+cJq17JK23auyhwAapSXl5eXljD4IN1/BRr+SGe0dn+LWnpUNJ64wcPzX7f+dXGXLOkZm7YHEuve3JzHnqynQoaZ1BZ95Utb7v1p07Zvi1pzU4zL4988OquHzUD+7MDecOztwFi3PJrSMy7JpTM3i/nTNhyozs/+2bMnfBktz5n8fllMP2yNzSxRl8wR1VM5MBGsPUvqv/9HOvyXX/QgisH7bb+/LVbnP3TV+vMwBX3X7f2Fx9Y+0zoKzsrNP3zXe/sd9qt6s0v3RJJk2dlSSZNOX9zCtdUjVjYY+Px7PHbvWP69OaOOX9lH48y/n5j9cwXhePu76rfF0mTXk/8xfUngW+R/+tU9KmVbbv07kRRsdnZenYv2T2d77R6PG3/dnnpv3/O6/q8rt9uq/R/ddmCF469i+ZddK/rdF9Vh4/UAzvv/taOm25dVXUfeah6/IvR59fY5tlSxdWzQrekOPvsnmlefGy6zJtxDPZ9pgjsuXeu6dFu5KqsFp9JnBSES0HXHR+uh+8/yr3O2vMuLxyw2+y5V4Dsu0xFeFt1nPjMun2ezK32izgSivHwDeHPpLnzr+41nZ9Tzshy+eXZtqTz6ZNty5JUuf+Kve5188vrbo8fcSzGf3N79fa7sj/e7zBM2d/v/VuSVYdgGeNGZcXL7suW+w5oOp5mvPa5Ey+/Z5az2flOOsLodW9OfSRvHLDb6pmD7fp3rXe/a4qglc3fcSzGXP+xdlyzwHp+3EIXz6/tCJe/8/IWtt33KFv9rru0qpZvk8c8rVaz3+b7l2z87ln5pUhNyfl5VXjXF66oNb+2nTvmn1vub7OWcOTbr8nL152XY3r/v2dl1Z5PMk/X6OVH+fIPz++2vvCJ1E+/d4kSZPuxzfySKBxzZ//yX+3NAOYT2zClBk14m+SDBrQK0fuu1NuvL9ihsuuvbtW3Tby5rMyYcqMzC1dnH59ulVdP+rFNzK3dHEmvF6xlm9l7E0qZgT369Ot6lTSg/fbOXf+53FVs4KHnHNk1SmnT73s3mzdpVMuPnRgTr38vvTs0imDBvTK8GtPy+AL7kjPLp3MBAbWW0snTkyr7bdv7GEAn6GTj9uzQQF4dWa8NzdPj56csS++k+dffDuldcTFuuzRf+scdeiuOeBLfWudqnpNzC9dkuFPvJynRk+uiL+refztem+Zow/dNYO/umu9jztxyvs56uSGnUJu2N1n1Iimv7xt1GpnVzc0qq+NfT30+Mt5evTkPD264R/s2aP/1jlw3745YN++Zn9vwJZPfHW9iL9rw8KHhmbhQ0PNCAbWusqoO+HPD2ar3gNr3Pb+uxWnzV/5+g3NnFcn56njzkibbl1y5J+fqBEgt9x79+x87pmZfMc9mXT7PVXxbtm8Vf/sWDhtZsacf3FmPzcue113aY1Zl9v2OCLbHntEJt1+T14ZcnONIDhtxDPpe9q/p2X7ihC47bFHZNn80loBcPId96RFSdvse+uQqlmmC6fNzKTb78nkO39fY9vKGaCVEbj7wftnm389PG/94dEa2/11yM3Z+/rLVv+EVVPXrN3KY5/z6qQceP9tNaLmlnvvnu1OPyFvDn0k4y+9tsaxzxrzQhZOn1l17CtbNq80o7/5/dXu95UhN1eF4OXzS7Nsbv2v1bJ5pXnu/Isz/clns/M538rO555Z4/buB++fOa9OzpjzLqoReCtnY1eO4cD7b8vDX/hqjeNZOH1mnjvvolqzq+s69oXTZ2b0N79fNbO7um2POaLW6/9JLZw+M9NHPLvaDy7Amiqbem3KF72bZrv8srGHAhs0AZhPpPK0z8OvPS1Jcupl92bIuYPToaR1xamgj7w8Hdu1rlqrt1K/Pt0yt3RxHh79t7w0uTIGd02/Pt1ywIDeWVFenvSv2LZZkyb5qKwsL02eniH3jkqHtq2z/+69Mni/nXPKYXvU2O/gC+7IWzM/zMibz0q/Pt1yya0jqtYNrlwX2JrAwPqs7FN8mgvYcJS0bbXaYNqubf1x9siTbsnkj2f7rqnnX3wnz7/4TkratsrVPzkyB+63ZmuzzS9dkqtvfDJPjZrU4OicVKxrfNUNT+Z/Rk3Of//q63Xu9+wLH2jQvn70vYPW2xmzE6e8n7MvfCAz3pu3xvetfG3qe45Y/22Ip31uCCEYWJvatt88SUXonfrKqBxz5j/f2H9t3BPptfN+G/Ss36TmDNv96ohvSdKyfUl2PvfMbHvMERlz3kVZNr80+906pN7ZsrPGjMvob34/y+eXZudzvlXvKXe3O/2E9Dho/4w576LMHjs+W+w5IPveOqTOALhyKE6SARdfUCPAtunRNQMuuSAdd+xba9bwmw8+km2OObxq+72vvywLp8/M7LHjq7Z56w+PZpdzz1yj9XM77lDz/08rY/ry+aXpf9H59a4tvO2xR6T7Qftn9BnnZvbY8en+5UHZ6+eX1Tv7t/p+q8+8rW+/lcF+759fVm/sXDavNE8fd0bmvDY5W+w5oFb8rTrGHfvmq3+6P+MvuTaT7/x92nTrkn1vHVJjDC3bl2TbY46oFd+7f3lQrVNrV47xqa99o0ZUXjh9ZsZfem2tCP9p1p1uUdK21vfNpDt+LwCzVq346/9LUi7+wlogALPG5pYuzimX3ZuRvz4rHUpaZ8KUGRk28pWMfHFqhl1TcVrnuy4+Pkf94M4MH/VK1amX55Yuzo33j85Lk2fklMMGZv8BvTLyxam5+/EXcu4ND9f7eP16d82gAb0yqH+vlKc8p1x2b3br2y3f+9q+6VDSOm/P/LDi9M+790qHtq1zw72jMm/hkhprBVeG6cE/uKNq3ADrk4VPPZXWe+7Z2MMAPkMz3pvboHC6xypOI/1J4291pQuW5uwLH8hRh+6aq3/SsDW7nho1OT+64uE1Cr8rK2nbqs7rL7z84QZF03/5Up+cfNz6+d/Jhx5/OVffMOJTPT/Jql971l9l8+dl9ndOL1z8rU4IpqiuuOKKqmUT2rVrl+9+97uNPKJia9t+8yxbujB/fuLmbNW7IhwuW7owr437Y3bY/SsbfPydPuLZqlC6zb8evtrw2aZH19Wudzvn1clVa7a2KGmbvqetel3dyn2uam3Wlu1L0nGHvjVibZJ0P6juiFffrOFXbvhNjWC8988vy8NfPLTGNpNuvycDLrlglWOe82rFWVPadOtSIyRWj7QtStqudk3hlu1LcuADt612RurCaTNr7Hd1a9hWBvv6gm6l6gF2ddsmyYBLKoL7FnvtXmeU3XLv3WsH4HqOq2X7kux365A88ZWv1Qi0b/3h0Qy4+IJPFX2r2/ncMzN7zLgap7Ge/dy4zBozbo3WXKZYyj/8S5KkSfN2SbudPvmOPpqXFeNPTlKeZnvW3wqAhhOAWWOnXn5vbvh4tu/I8RWzbCf87vwM/sEd2f/bN+XZX5+VwfvtnGHXnFoVYe9+/IU8O25qjjlg1yTJuUOG5+335jTo8Sa8PjMTXp+ZG+4bnZ5dOuaUw/bIgO165JTL7s3+A3rle8ftmwm/Oz+nXHZvtjnqiiTJyV8dmEEDKh77rseez9vvfZhLzjgkN5w7OKdefm+GXXPaZ/DMANQ2/6GHGrTd3N/+NiVHH+000FBgP7rikdVu07Vz+3U2w3XY4y+npE2r/Pjcg1e53VVDRuS3Dzz/qR+vruO6+76xeeZ/615frrqundv/f/bOO66J84/jH5AhQsKwFWSItcqyiAUFbRW14qiDIrV1oKJ1tkLVOqq4Rx3VOir2p3WBStU6QBwVxKrQVkChAhUIWiqQgKCFkGPI/v0RE3LJJbkMhvber1de5i7PPffccweG+9zn88X2tR9pPIaWICvnqVbEX4ZXl39XfoUGHreth9EqVF48h6obMWDPnANW4Gzosk3bekgMDGqzf/9+bN36DQCh+BsTo3mZBgbl/Hb1f6gQPENPV2E5hfyc++j7/sQ2HpXm1JYTuCvhkrXTkiPy7tJ14veWcoRCKpSJmtICsD7LRGHfTrMDZGriliTeJ7UxtrOG6+L5yNh7SLwu98JluC5ZoLDvskyhACwtQN9dug51AoLyM0Uoc6NK9ms5QDuiZcaeg2Lx19imK20xVNFY9dmyc2ZsK/+hAmM7azjNDiDNPwBwY28pvR6UUXxXeK4tB/SD3chhKE68TxKaOUcjGAH4v0J1PhqLr6Op+BqaqguA6gLKZjoW70HHcgx0Ld6jJwrXl6M+cQKAJugNiNLumBkY/sMwAjCDSuw9fQduLx25YVeSMWvzGRxfOxkzx3ni9v8WovtHm7H3dDzC1k8R1+adufE0hnq8jXcdbTB9/SnwK16A3VSH1fX5yNIxwUU9S4X79GrgA9ABT9cAT4qADYdjYGbSERvmjkZTUxP8lh9D2Lop4hrDQHPU9JI9UQi7KqwXPNS9p7Am8J2/EHYlWSZGmoGBgUEbVCclQXDxIvTt7FCdlITqZGrRRNfEBI0V5OikAj8/GHl6QpfNBnvCBBj7+LTGkBkYGFoQXhEfyX/mIfTIHVou18BJretwPfFzMoYPcYKXHOfpxatpWhF/qcjKeYrQo3dotT2w41ON6ha3JCs3R2tN/HXu1T7jrRnkQ4QdRnVcjNb6Mxo+Ep1GjIaejS30nXtTCqyNgnLUZT0EALxIuovarIeo53FRl52ptXEoookQoHz/bgjCjjBCMMMrC5/PlxF/3dzc2nhUrz+PM+6g4HEKjNlvwKJLd1SUNwvBrzoZew6KRUUA6KIFYTH3XDQp0ldeTLE6SAuy0tHLVDjODpBxAVcWFJKczo6fBZBqG9cJCHCORSh0xIrERem6tpLHbqJCjLQiuDG3SMK3Nua0tpxA9rFmp642zr08DChEYUl6TPSVEYAruYVa2bc+y0Q8X65LFpCuBe6N2zLXAsPrRVPp72h8tFPs9lXe/g80lf6BRgjFYN3u86Fj+SF1Y8FfqE8NBPTYQvFXj/leycCgLRgBmIE2fKIaYVfviev6zhznidspf2PW5jO4k/o3Asf2h44O0NdB+J/9k8JSbDgcg6+mDsGi3ZG4nfo3AIDdVIczHf+Bi4kudFnAbuIxdhfr43u95huPtk3V2NxDD86CIjj4joKBQy+UrN+IvVUWCOtgDX4FsHhPFIa6v41N8z+Uqe/7IIeHWZtO48GjQgSO6Y++DtaYuek0nlxaiw1zR2Ho5wfgN8SViYJmYGDQOqIYZ354uIz4q2dtDSNPT3R+GS337/79qIyLIwnBDQIBzAIDGfGXgeEVJHDhCY22Vzfi2LGnpYw4KiBe0I6LPnD0DrzcZevOJqXmIYSGa5kuNl3NSONbtYWecLpwtne7rvtLZ54de1rCy90erJfniSBeIOtRMbJynqKisnkOWO1U5GagpoFbAP7+PRr308HaBmZfLoWRzyhaQqou2xSGXu8BgPhfQCgM1yTdxYuku9BrhYhmRghmeJUJDQ1FeXk5I/62IrU1lbj3q/C7kks/oQggqgn8OpB7nvydSRuRu9yYWxr3oU2oRGJpwc/AlCXjQs0+9hMcPwuQOycliffRxcuD1FdLHXvuOfJ50oZYy429RRL/pWvkahNlgjWVAKuNYyxJvE9ySzvNDpAR09P3HJSpN8zwGlCdj4b0L2kLv1Q0lf6BhtI/ANY70OvzPdkRLPgL9Ul+AJqg5x7OiL8MDFqGEYAZaLN4dxT2LvEjrQtbPwV9HayxZO8lhF29h8Ax/bF4yhA8yOFh8e4obJ7/IYYsCAW/4gWAZvH3na6mqOXkQJdFoJGowNf9PNAjh4t1Lywh0NFH1FvVOFYEHKxkg30kAc5N12Hb1AlcnY6Y2VCITB0TxHXojNupf8N36RFE75ojHN9LEXjx7ig8KSrF8bWTMWvzGWyYu0Zci9iMZYS9S/yweHcUwtZPafV5ZGBgeD1oFAjAP3ECgosXYejsDCNPT5gMHw49W1sYeXmJheDqpCQAgKGzM3TZbFIfljt2AADquVzU8XgybYjISPy7fz8AwMTHB0aenowwzMDwmvLBYAfaEcfWVqbw8XZU6NwFhCLr1r0xiLqWrrC/5NQ88Ir4JIEWEEY/08XE2BA+Qxzh4+0kFjF5RXxk5zxFXDwHhU/LSf1v3RuD7EfKhdP+79ojeE77dQbFxXOUtgnd/il8hsi/WZeV8xSRV9Nw8WoabLsyNzxeJUq3btCo7q+OCUsonM6coxXhVJdtCqMRo2E0YrTGfakCIwQzvGrw+XzEx8dj0KDBmD59OiP+thKPM+6gtqYK5m92g0u/MW09HK1SfJcch9vFy0Mr/UrWWQWEQmpxYgrMXRxJYqp0jHFx4n2UPeSgx8TxSuOQVUHafWo7YihlO1VcwGUPOajkFcl8Jn3suecvoywzhySAmrs4yoypgluIkrv30WWAB2XscbFUbLU2kBarubG38MuHk0lzb2xrDROJ+OZaAYGyTA4qCwrR1NSkNeG0tpwgLeuzTGi5u5VR9pAjIz57rF+OX8ZMFi//c+Ey+ixZwLiAXyOaiq+hIf1LoF7q+64eCzoW70On8/vQeSnm6li8L/ysOh9N1QVo+vd3NBb/AhAPm7cjhGKvbq8V0O0+D03c02jIWgugCXpelzSrH8zAwEAJIwAz0OJJYSmeFJWKo5+X7ImC3xBXHF83BYunDMFQj57gE9XifzccjsHm+R/Cd9kRsfjr1cDHjvocOL4/AJW37kCXZQITn+Gof/4vOpibwZfDgWF9OT7X741KHT2MNKmGXsULODdVYERjKZJ0TGGrI+xrbf3fMG2qwwU9K/ArXsB3GVkEDls3BX2n7QKfqMatH75Ad2sLAEIXs2icGw7H4ElhqfgzBgYGBrqUhoaCHxaGRkL4x1U9j4fKuDg837oVRp6eJAevSAhWhJ6tLfRsbQGQheV6Hk/chh8eDn54OHRZLLD9/WE2Y4Z4GwYGhlcXaytThCwepVAglGTrGl/4j6V3o5rN6ojtaz+CTVczHDgar7Bt3B0OyX188WoabQex35g+CFk8iiKi2R4Y64aQJaNw8Woa2CaG4n0pE6UBoah8YMentMbQXmGZGCo9t84OVnB2sELQnCHtNuaaQZa6rIcaRT/rO7ngjR17oO/cW4ujko9p0BIIwo6gqYJQ3lhNXhchOD4+Hjo6OsjLy4O9vfAhm27duonfMygnLS0NAoEAfD4fAGBmZtau5tDMzAyxsUy939bGwNAY+gZG+MB/mUb9lJY8gYGhcbtyD0vXwm0p6gQEShLvy+wvQ+K9PssElgP6wXXJApXijemIhNxYstDpKBHZLIkqLuDcc9HQZ5mQavxKi5iAMMa4klsoMwYRxjZdYe7iCNtRw+C+bhml27iyoFDGnWuioKYuXWoFsuMty+SIaxvLw3bEUPT4xFerIr30/DjNlu+8VoXixPuwfK8/ShJTSOttRw4j7TP3fLTCuG+GV4fGJz+iMWsNeWVHW3TotRw6VmPkO3WNukHHqBt0LN6Hbq8VgOAvNDz6Fk0l14Wf1wvQmLUGjdwzAPEXoMdixF8GhhaEEYAZaLHhcAw2zB0lrqsbONYTYVeSETi2P7p3FQqoQz16AgBmbjqNpVOHksRfAAjuUgvbwhpU30+BLssEuiwW6gq4qCssRH1hEfSsu2IEUYQRDc8xPtcUIxqqwEYH7Nfths/1yTdG3jbuAE+brriQ2wQAYhE4YtN0LN4dhaidnyFq52di0ZpPVGPf2XjsPX0HfR1scOt/C7Fh7ihsOBzDuIAZGBhoI3LkSgqz0lQnJ6M6ORl6NjboHBwM1oQJtPoWCb+SwjJlO4IQi8FGnp6wCAqiJTIzMDC0Pzzd7RE4yQvDvenfnKMr/koSOMlLqQAskPjOBgCRV9No9T3jU0+ELBmltJ1o3LwiPlZtuUSr7wPfTmr3gihBvFD8eUUNTpxNwgwatZ3b+7EykBGEHVZ7W8P+A/Dm/44eMP2fAAAgAElEQVS2qjhq+uVSsGbOARF2pFWFYIvVG6FnY9Ni+9IW8fHxOHAgFJcvX5bbpk+fPjh06Ee4ubkhPj4eo0cr/90n4vr1GHh7ewMAtmzZIq49K4/Bg73h5tYHCxcGkURTR0dHFBTki5fPnDkLX19Zh5skfD4f1tZdxct2dt3A4QhFiU6d6JdEGjRosELRVDSH8fHxKC+nrnnfHuZQhPSxV1VVKx2D9PybmpqiqOgpneH/Z3mccUdc47en6xCN6/3W1lQi7fcLMDA0Rv/h02FgaKyNYWodyVhcdakskK3baubsAI/1y+VuY8BmqV3TVplIWPaQQ6pzO2DXRlgOlB8tTNcFnHs+GrYjh5H2TzUWRcduYmtNy3VaQVELt4LbMnVrh59R/D1B0dzJQ59lovDz2nKCJLq/9fF4rYixZQ85qCMqkLJxp9K2yuK+GV4NmrinZcRf3Z7LoPvWfNUjmtnvoIPHCTSV/o6GlBlA/cvvoMRfAIAOffYz4i8DQwvCCMAMSuET1WIhdfHuKPArXuBdRxvcTrXAsC9+AAAcXztZHL0856MB+PK7iyTxFwC+eG6ONbpdMBo1sA2YBH7ET6i+nwI9664wHjZE/J5dXA+Bjj4u6AlrvY1oeI4phpXw9uiJXg52MEQTyn/6E8c4NYD+283jrHiB1f+7imXThmHD4Rjs/coPfKIaG4/EYO/pO+BXvEDgmP7YMFf4R6bIBcwnqplawAwMDAqhI/xKU8/joXjlSpSFheHNkBC5Ii1d4ZeK6uRk8GbMgJGnJ94ICYGhs7NK2zMwMLQtyal5SE7NA8vEEIGTB2DGp54aiYAC4gWyHxejqQnQ0QFYxoZwdrACm9UR/d+1x70/8xSORbIfRW1F9H/Xnpb4K8kXK36mVfd3xqeeCuOt2wt0avZu3RuLi1fT4D/WDf3ftW+39YwZ6NPALUBl5Hm1ttV3cml18VeELtu01YXgf1cugQ6LrbxxG5GXl4dJkz5FerryVIL09HS5wqa2SUiIR0JCPEJDQ3Ho0I+YPn06AMDXdzwOHDggbnf58mWlArC0qO3rO16rY+Xz+Zg0aRISEhQ/aAS03Rzu2PEtgoODNeovOjqaJP4CQHl5OU6ePCk+PwyyGHTshN+vHSSJtaUlT2Bi+qbK4m3yzXBkpVwXLz/+6w7efscbnsNntLkQbEzhIq0s0ExY1GfLCmgGbJZawqGmlD3kIG7yXNQJCOizTOCxfjllvLIkdFzA3JhbqCMqlPYFaOfYqdy+dRTuXW3QEudJkUu7tpzAzclzUflS5HacNRUeG+Q/LKAKIoevKNrcgM2Csa212OFclsmhFffdEuwLvQgdHR3xss8H7nBxbvm/IY6Hx4CoqBIvz5w+Cmx2pxbfryIys/KQdC8bSclZEBDNY7O1eRNenk4Y8YEHrTE2lf6OhoxFzSv0WOjQZz90LDWL7texeB96w1JRn+hHioVuLL6ODjT7ljzfqp5r6WvF328QbG3oJUlkZuXhYtRvyMzOA5f3HLY2b4jn9WO/wQq3PR+ZgMLC57THKc2XC+mZSkTjjPs1Vbysyc8Dl/cMF6N+AwCwWJ3wsd9g2te45LYiVDkOEQJBFW78moKk5Gxwec8gEFSJxzDA05n28UmPh8XqhFkzVLuPIaI9/uwrgxGAGZQSdiUZM8f1BwAsnuwNPlGNmZtOw8ykI9bPGYmh7j0x1KMnnhSWgk9UIy45Bw8eyT5Vx0Y9buh2hqCyHCMOhqNnv3fQQBDowGJB19wcelZWaKysxJ6eOvB8xIFtUw2cmyrARgMMujqg9tYvaCI8UN9VeNNszrh+CLteCK5Os3j74FEh7mUW4ElRKR7k8GBmYoQNh2Mw5N23EbZuikzc88xx/RF1JwMzx3m24AwyMDC8qlQnJaF41SqVhF9parOzwZsxA8Y+Pnhz1SqZqGd1hF+ZcSYno8DPD6wJE/BmSIhMrWEGBob2DVFRg9AjdxB3Jxvb1vjSEggFxAtEXUtD1qNiJKc+Aa9I8Q111sv4ZTpk0ajNCwidxaqwdU8MrVhpx56WKgvLbYWne3el7moAyH5UjK17hc45lokhPN27w8vdHsO9HWVqLzO0fyou/qzWdjomLFieOtfmschtIQS3R9LS0jB69ChKQdLV1RWmpsKfzfJyPjIyhAGrpqatf+7mz58He3t7eHt7Y9q06SQB+MoV+Y5lEZcvR5OWp03Tnlipzhy2BV9/vQJubm5iB7E6nDp1Us76U4wArIBuvfrjwW/ncXrfHPG6t9/xxqAxn6vcl+fwQOQ/uo9KgfBGul1PD7X6aQmoBODixPvoYadc2JSHgSkLxjZdUckrEq8rSUpBbTnRau7KyoJCZB/7CZxjETC26QrXxfPRY6Iv7f0rcwHnnouGsU1XSrHUzNkB/Kwc8bI2jp1KkC+IuaVxBLOxrTUg5frmaqFfuuSei0bKpl1AUxPe+ni81uvw5p6Lhvu6ZXCSE/ldW07g0vtjxOc59/zlVhOAvz8QRVpuampqcQE4MTkLW7ZHyOx3UZB/i+5X4Xi2RSArO5/y8yRk40JkAoDD+HjCYHy50E++8Fmdj4aUwOZlbccz65lCb0AUSQRu4p1Bk+VoWgKz5Pk+Fh6D+LjdtMU36WvFs7+TUgFYIKjClu0RL+evGR7vuXhe94VGYs3KAIz0oa79fiEyAcn3smmNkQpVhNPlq35ENqdAvHw+MgHxcbvV2u+NuFTsC41sXr6Zgp/CQ2hty+U9J20LqHYcXN4zfH8gCrFxKSAkHmaQJCk5G/tCI+Hs1A1rVgVggKd8Q8yFyASZ86+OABwblyLzs88y6YRZge373oVuWw+Aof0TfvUe/Ia4AgC6W1sgbP0U/BO5Bm69bLDxSKzYPbv3TDxm+3ph31nqm2BcHSPc6PAGtui/jSwdYzQQBBoJAjUcDhrLytBYWQm273jUFxZi5jhPfDh/EuwCPoVRPw/UcoRf+qrvp6CxogIWC+ahPjoaXg2yf2juOxuPpVOHYsmeKHS3tkDgmP7Q0QFlrV+/Ia7Yd0b5TTsGBob/FtVJSeBNnw7ejBkaib+SVMbFId/PD/zwcBSvXInc/v1Run+/xuKvJERkJLjTp6MmK0trfTIwMNDHb0wfLJztLfPq/649TIyVC7DZj4oRtPJnCBTECvOK+Fj49c/wHLkTW/fGIvJqmlLxFwAt162I5NQntNp5quDQTUrNw4mfk5W2MzE2xA/fvjp1f73c7eHY01KlbYiKGtyM52Dr3lgM99+PGQtPIClVueOaof1QEXlOre2sIs63ufgriUgItrmdCNOgJdAx+e/ENYpcq9LCZUjIahQWFiEpKRmxsbGIjY1FUlIysrKyERKyGm5u1DH8gwYNRlVVtdyXIuHx+vUYcbu7dxMRErIabKmH+UJD9wMA3NzcYGfXTby+vLwc0dFkgVf6OK9cuSJetrPrJvcYACg8Bun4Zz6fj/nz58nM4cKFC5GVlS0zh4WFRdix41u5dYA1mcOQkNW051Ad8vLySPMoSUJCPPLymN/hihg9dR36fzAdbu9/jPEzt2kk2kpGSFtYdtfG8EhUlD9TazvLgf1k4nk5EnHJiqgsKETu+csytVUBoMsAWWE097z8n3lpuDG3kLH3EGVNXWnKHnKQsecgMvYeQvzcr/DLh5NxadBYcI5FwHHWVHz0xzWV68mKXMCSZB/7CbXlBGrLCXBv3Jbr/qVazzkWQdGSGm7MLSQuXY+yh+Q6vG99TE5B+OfCZcq4bSqyj0agJDFFpr0dhdCbTfP8A8JrIHHpehTfVVxLuiwrR3yOMvYeQtykuTjn6o3EZethwGbho9+vYeDuTVoVf4vv3kclrwg9Jsp/mMHAlEWq4VzJLUTuOfrX6avG8fAY2XUnWr+uvEBQhQVBexEQuE2u+CvNhcgEjJuwFuelBE0RDelfAvXND+61SG3elyIwOtpK7Ve1hBCCqMLUwK3aHZsEAoGwf2nxVxoe7zk+D96H7w9EKmzX0iQmZ5HEX0A4NnnnWhkCopK0LBRcL6o9PrrsC72IIT5LcSEyQa74K0lWdj4CArdhRYj65XnocvwExc/+Sdl17Q1GAGZQyJPCUrj1siFFJPOJanS3tsDtgwvx58ml6Otgg9spj2HG6ojvfrpNq98BHg6wWDAPxsOGQs9a9otJDScHpQd/RHnEadRwyF/WKm/dAT/iNLgwFMdES3M0Ogn2Vha4nfIYe7/yg71Vs/h7O+Ux+ISwvo8Zywj2XS3wpLCU1rgZGBhebySF3+pk5UKFqjQSBJ5v3QoisuW+GNZmZ4PHiMAMDG3ChLF9ETxniMzr5A8z8Gvkl1g4W7nziFdUjq17qf+ICD+TBL8ZP+JmPIfy89bE2sqUdly1gHiBoK/P0mq7fe1HbeqIzcpRvZbj9rW+tAR+eSSn5iFw4Qms2hKtUPxnaB/UZT1EA4+r8nbGEyZC37l3C4xIc/6LQvDy5cuRn98s2rHZbFy/HoM1a9bAzEz2d5C9vT3WrFkjs17buLm5Yc2aNdi5cxdpPZ/ffFNUOsJZUd3i+Hjyw87ajH8ODQ2Vic4+dOhH7Ny5i1LkNTMzQ3BwsFwBWFvIm8P0dPUdyCdPkt2/ISGrScuaiMuvI7U15JvGBobGcOk3Bn3fnwiLLpqJtgaGnTBl0RFMWXQEBobajVysranErcjv1BaBpQWyskwOLRGsIPYWEpeuQ9ykOfjJ/l2kbGius9qHwkVJV9AFgJSNO5Gx5yB+GTNZadtaAQHbkcOQ+/MlcGNvieN9AYBz/CckLl1Pa5/SOH4WQBLHRS5gUaywPGGxx0RfGVE9+9hPMoKuPNL3HETu+Wj8MmYySbClEpZTNu2SWSdNZUEhUjftQtykObg0aCyujZ4k/sx21DCYOTuQ2pck3lcq6IrIPhqB3PPRuDl5rsLjqxMQcPwsAGV/ZSNjz0GUJN4XR1hXcgtxc/Jc2tcGXTL2HITtiKFKhX/peZWM/n6d4PKekSJ2RRBEldpCmzqIxMkbN2XHogyCqAKPJ/t7rqn0dzSV/iFe1u25rOVq8+qZooObxP+d9QI0ZKr+PSsrOx+bt57S4sCamR+0l7awDgD7QiMprwEuxVy3BFQPJgBAGIVoqS4iV25LsXzVjzJOXbo8zKT3ELu6ZGblUTq5ebznLTon2oARgBkUcjv1MYZ6COvsztx4GrdTHmPo5wcw7PMD4BPV6OtgAwAIu3IPPv0ccCn+L6V9flmfB5P7iRBERuFFZhaM+nnAeNhQWCyYh7rCQuhZW8PIwx1vLP8KRv088LCiCb56ffG5njPeWP4VDBwdUF9YBFvUwKuBT7mP8Gv3MMfXC2FX7sGMZYSw9VPwIIcH8+EhGPbFD3jLbzPCrgjFnaHub+N26mMtzRgDA8OrCj8sDKX796MmM7PF92XUvz+M+vdvsf4bCQKl+5kbUQwM7Qk2qyOC5wzBjE+Vl52gEngvXk3Dtn2xKjl5WxJVRFo2qyMSw6fgXrAVbna+jNi6g3JfDks/QPH8iai8ol7ErjwImsKqOvPr7GCFkz/MgLWVZs7OyKtpCFqp3eNm0D4vkv5Q3ogCs+ClWh6JajQKlLsqREKwdXQsjCdMbIVRtQ15eXmIiCDfLFy9eo1G8cDaRloklXSYSkc4K4qBlhaHtRX/zOfzceBAKGldSMjqdhWFLD2HfH6Z2n1JCsB2dt2wZs0aksP41KmWufn8qvI0P1NtEVUZLv3GwMDQWCwqa4P8R/dw/fQmXD6+CqUlebgcthK/XzuI0hLVbia7LlkgI1imbNqlVLDkxtwiLUs6Zo3trOG6eD7p8zoBQUvoyz0XLY6PNrbpqnT8AGDe2xEf/nJWxiULCJ3H6ojA8lzAueei0cXLQ65b1cCUJRMjXCcgkLhsvdJjL757Xxwf/dbH40n7sBzYT1zLVgQ39hayjyp2F0s7r6UFT4/1svV24+d9pfT815YTyL0g/F1tbNMV5r3l1/kFhPPifWQPBuzaKHO9lWVylIrIqsCNuYWSpBRaUdaWA/uRrrNKbqHMtf06IB1rK0lrOkCnzPiGUpxkmRjB328Q1qwMQET4Kny50A/+foPAMmk2dvn7DaKMq2581PzwCTraQrfXihYZuwgdi/ehY9P8IEUT7yxQTV9wFRF2Mlbr4juV2OfkaIc7cd/h76wT+DPpIHZsnUuaVwDYsi1CRvBdFOSPLxf6kV4zp4+U2afPB+4y7b5c6EdrvPIeTACEInlisvYMIitCDreIqL181Y8ydYNFiOYmInwV/rd/Eb5c6AcnRzvx506Odjh9YjXlttqCyv0rIqydu4AZAZhBIbdT/sZQ954Iu5KMqDvCJ2bTHhWijKjG4t3kJzLO30qn6oLEFsOnWBf4Aax274SJz3DUPX6M8ojTKP3fITQSBPStrWGxYB4aKyqQf/Aodvz5DOMN3JHZgYU19bmovp+Cfzh5MB42BKZTJ+NHo3xE1KZjR53sl5vzt9Lx4BFP7Pb1W34MQ9x74tYPX2D9nFFYvDsKfKIaQz164nbK31qYLQYGhlcZs5kzYXPqFHqkpKAnhwObEyfwxqpVLSLU2pw6BZtTp9CTw4FdVBTeWLUKBk5OWt1HdVKSVvtjYGDQDoGTldfNJSpqSJHASal5CNlCL0bN2soU/d+1l3lp4lClovAp9UN48uhgbQfW1LmwuZIMy4PnoN/LRW7bmpS7+HfDEvDGe2lNCKZb15hXpNpxiXB2sELUiXlYONtbIyE4OTUP4WeY39/tmRdJd1XexnjCRHSwtVPesAXhDRuI8v27aQnBHWzt0HnHXtj8eve1FIKlXbF2dt0QHBzcRqOhRjpSWFLMpIqBlj4mEZL1f5XFP6tCfHw8KfqZzWYjKChIK31rCz6f/Pu8Tx/1jj0+Ph4FBc03pEXHOX58s/hTXl4u4xL+L9OtV38k3wwnOYFraypRXNA+E4q69eqPnu8MQYVAeEO7tqYK+oZGKruVDUxZGPjdJtK6OgGBOAWCXGVBIUokasc6zpoqI4i6LlkgI8iKhD550cW15YTYganPMqEUJxUex+5NGLBro8xnIhFYVZcplQu4JClFbvyzCKfZAXKPXd6c1pYLRWJA/rF7H94j49hN3bRLoWNb8jNjm64yorblwH4ycyY6/4qcwCkbd4pdvKqcpx6f+MLn7BGZ4yjL5Ci85uhSW07g7st5lIx3VoR0O1VisF8FBIIqhY5bHu+5VoU2eWzeekom6hcAvlzoh/ibe7Bz2zzMChyFAZ7OWBTkj53b5iH+5h6x8Lhz2zzZTgV/kdy/HXrRvxY1QXo/jcW/qNXPlm0RyMzSXjmGGzfJjk5r6844fWK1uGYwm90JEycMRvzNPWIhkmVihDWrAmTqCk+cMBiLgvxJr7Uh02T2OStwlEw7unWlFT2YAMh3B6sDQVRhQdA+rfUHCGvrUom/Ph+4407cdzh0YDEWBfljgKczRvp4YFGQP65GfYOI8FXw+cAdhw4spl0LWh24vGdyxWlAGI+tzetP2zACMINC0h7x0N3aAk+KSjFznCe6dxXW1N27xA9PioSxybdTHqOvgzUuxSuOVBpuVIP5vv3Q8Pw5HqzfjkUbT2B5VVfwYIj6oqd4vnM3Sg/+iJQlq/HN1XQMqnHG93rNf+iGdbDG01u/4YZuZzy99Rv+TXmAZ+w3MNjBEqZN9TL7uxSfgZlj++N26mM8KSxF3tMyhK2bgqEePbF4yhCUV77Agxwe+jrYIO2Rdmp8MjAwvD4YeXk1i8L37sEiKIgysl5TDJ2dYTZzJrpdugS7qCitCc5sf3pfFBkYGFoXdeKNQ4/cUdrGb0wf3LwYjF8jv8TJH2bIvJwdqMtmUME2UR7tzCsqVzuu2LDfe+h6+gZM536lsF1DERf/bliC4vkT0VAoe5ND2/CK+Ch8qlrtKUlELu9fI79EZPhczPjUU+X6wABw4mdGAG7PvEhOVHmbTj6jW2AkqtFECFC+fzeKPhqFyov0ahi/rkJwS8QiCwTlSEhIoHylpaWpPL4VK8g3RKXjp2VjoGVFi+joaAgEzXX86BynvGNISEiQakeew/HjfSmjs1VBm3OYlpaGrVu/Ia1TN8JbWtj19RUKVuPHk+eTcQGTcek3BtHHVyLm9GZcDluJ8/8LBsEvaethyUWytjAAtd3FtqOGqSQC3l26TvzecdZUeGygFl0G7t4Ex1lTSevKMjm4NmYyMvYeIgnBteUE4ud9hUpuIfRZJvA5e0Spq5SKHp/44sNrZ2Tcw6KoYrp1cwGhqEwV9WzuonxcA3dvgvu6ZaR1ZZkc/DJmMlI2kh3WlQWF4mM3c3aAz9kjlNHFBqYsSvE0cdl6yuhibswtsZvazNkBH/5CXdqkxye+8P5xt4zYfXPyXMTP/Yp0DdSWE0jZuAv/vHT/Dti1kZbTVhLz3o7wOXsEtiOGktaLrjm6daipSFy6DnUCAmbODrTrPksL+qrEYL8KHD9xnVST1Nq6M/z9BpHatLQLmMt7hrCTsvWGd2ydi0VB/nJFMDa7k1zhEQAai681L3S0hY7tFK2MVylG3aDTpfl7cpPkOFSAIKqwIuQwBALlNWPVwcXJnnJu2exO2Lltnlh8nzhhcIvsXxECQZWMOCntHI77NVWrrt2s7Hyt1dwVCKoo+/L3G4RDBxbLCOqSDPB0VtpGG0jXgfbs7wTP/mQTjyKHcFuj19YDYGjfmL6MMjAzMUL41XvwG/IOwtZPwcyNp8V1gaPu/IWRXo54UkQdqcRuqsPqtw3wcWcDFPOeYXZCMZI6uIivvgt6VmDplOMj82zU6TegTFcPeg1ceHUoxZ9PbdCl3gg+TaVwbqoAAPB0DLFAzwXE3x2Q2eFNPOYlILNDN5n9Pikqg0O3LohN4sBviCtMjTti39l4rJ8zCntPC2+kdu9qQTpOBgYGBip02WxYBAfDLDAQ/PBwlIaGKt9IDQydnWFz6hSKv/4aRJR6dS8AwMDJCRbtzMnCwMAghK5oKnSi2kNAvMC9PxU/Teo3pg+2r/2IRn/0cKIpFoefTULwnCHKG8rBdP5S6Fnb4t+NioXgmpS7KJw6ElaHzkHfUb06VPf+zIOAeKGwbvHFq6oJDIpwdrASi+4C4gXi4jmIvJqm9FwCQnE9K+epSqI9Q+vQKChHEyFQ3lACHRMWjEa0vQAsooHHxb8rl4C//zuYBS+Fsf8nSrcRCcFmwUvB3/8dKiPPt8JIWw5pd+3gwZpHP6enp2PUKNk4PwAYNGgwYmNlb9aKWLFiOUxNzcRjk6xNDAijlaXjqYOCgnHgwAHx8uXLV2Rq3krHPwcFKf9uKO8YAKCqqlr8Pi2NnP7Vp08fpX0rQ5M5PHXqlFikpjuHdODz+aS4cFdXV7Eb29fXF3Z23cTu4ISEeOTl5bV4jeNXBatuLvjAfykeZ9yBQUdj9HxnCExMW/YGrSZUlD+DXU8PuPQbg6cFmSgteaL2eHt84gtzF0ekbNwpdveKREDbkcNgO2oYDNgsZB+NQElSCrp4ecB1yQJYDuynsF+PDcthO2qYsParRL8Zew4iY89B6LNZMLG1FtfudV08H46fBdAW76gQRUJn7DkIzvFmMbEsk4NLg8aix0Rf9PjEF10GeCjoRYjT7ABSH6L+6eA0OwCWA/ohY89BcG/cFq/nHIsA5xg5ulmfZULr2EUiMOdYBLKPRqCOEN5zzNhzELnnomE7chjsRg1DceJ9ZB+NgD7LBE6zA5T2aztqGD4acE1mzrixt8R1jyXp4uUBj/XL1RLpRcfhfWQPso9GIFWilnGdgEDKxp3IPRcNx9kBMHd2kLsPaZFfcp6lnc6KMO/tCDNnB3H8NgBwjkYovbZfFaRjhj+bMRpenk4k8S0pORtc3rMWE6SonJ5rVgZoLDw2lf4ufq9r9aFGfamKruWHaCi5/nIcqiftiBCKkj/iYOhibQ2tuW+O/GhqF2d7uDi33f/9x09cJy1bW3fGoiB/JCZnk2Ksj4fHyH0AQB0uRCbAs7+Txtde7M0U0oMVgND5S+lUbwMEgiocP0H+DjprxigAIM3vxajfsChoQouL0erACMAMcnlSWCoWSGeO80TY1XsY9sUPAABT4464fXAhAOBBDk9cJ1iaEQ3PEepqhDcHuiH61zR8mVsBQYfmJ4MndvsdE3png60rgL4eUFcHWHUBnpYA+vqAoQHwtKIbav4xR3G6DebpOeNeB3MAQmH5ZOcS6DVZwaLDmwDFgyy19fV4kCN09+79yg+zNp/BhsPCJzKOr52M7tbC4zNjGQmP9+UyAwMDAxUiIdjYxwe8adPQWFHRIvux3LEDlXFxavVvNmMG3ljdsrUvGBgY1CeSpsgocgrTiS4OnKQ4VjopNU8lZ6uXuzAyuqJScT3cE2eTEDjJS6Goqgzj8ZNQy3kI4sxRhe2aKgQoChiFrhExMiIwHccyIJx7eRHcWTlPceJsyzhv2ayO8B/rBv+xbrh4NY1WnLegndR6ZiBTl/VQ5W06eg1sgZFoDiMEN6Opc1VT0tOpSyktXLgQ48f7UgqX9vb2cHV1RUaGMIUrPz8PaWlppIhnSVewpHDZEmgrWlpd8vNlRV9A8RzSQdr9K11D2dd3PEmIP3nypNpO41ed0pInMpHJFl26w3O4ajHKbYVBx074wF/oMrXqJr9MBV3MezvC5+cjKHvIATf2FsoeclArIFBbLkDuz5dgwGbBduRQeKxbppLwZzmwHywHNvcr7a40thXWDO4yoJ9S4bfLgH5wXSz818TWWmEtXo8Ny+E0OwDpew6iLJMDflYO9FkmqCjgoaKAR8slKqpnXFFQCBM7axjbqpauZd7bEd5H9qCyoBAFL+e0ktvsQjZ3cRTW96Vx7JLH5rpkARw/CxAKtDG3UCsgUJbJAedYBMoeZsOAzYLHumWwHNBP7hxR9euxYTlclywQn3+RMA8ABmwWzHs7osdEX4V9mrw8n+YujmUs5pYAACAASURBVDB3cVTY1ml2AOxGDkP20QgUJzbXQK4tF6D4j3uwlKp73MXLA+YujjLu7LKHHBTfvY8uXh6wHTVMaUy3NAO/24SUjc21ZIXXPaHRgwjtgfORCSgs/Fe8zDIxwscTBoPN7gTP/k4kIWhfaGSLiVc34sjRxE6OdpgVOErjfiWFVx2L9zXuTxV0rMYAGYskxvI77TFIz/2Nm6k4Hh6j8Zx4eToDB5pNGTzec4ybsAYHQxe1O4FP+sEEkSC7KGgCAgK3iddfiPpNoUucDtLzvWVbBFycumkkgEtf0wCwNoT+gyctjbRAbW3dGSN9PMTvJX8vXIhMoB3b3ZowAjCDXJ4UlaK7tVBsNWMZ4cGpZbid8hj8imoMde8pdgD3dbARi6zspjrsqM8Bu6kBeh10YT1uNMx1X6AGurB7zkNqbXN8X5JTPczd/oaAT6ACgJEhUP0CSHrUF107PUBDA0BUAI11+ehkV4a3q4DTj0qAl2nPFcNGoKljF5RXVcH/tzuY1lAHAKjqoI+vugxEXGkTHuTwwK8QPqk8c5wnhrr3FB5XVwuS2NvXwfrl8TICMAMDg3JETt0CPz/ljTXYR/W9e7TbG/XvD4vgYBh5Ka8vysDA0DbE3eEg9KjyOGcAsO0qrCNLx7mrTIClEyEtjae7PX5NyFHYhqiowYyFJ3Bgx6dqRVuLMF+2CVW3r6PhqfKSHE/nfyLjBKbrWA49egee7vYyztqsnKdYtSUaRCuIrv5j3Wg7gRleDwyce7f1EBSiqRD8/OslqLmneix2W1Jerl6t79bm1KlTMoKjJNOmTcfXX6+QaH9SLMRKxz8r6kcbSNfbbS8om0NlhEql/kyfTu5r2rTpJAH41KlT/1kBuPZFFR5n3JGJUn5VMDA0bpF+zXs7qu3spNOv6xL1+xCKyfSdmcZ21hi4e5PyhgpwXbJAo+1F41DFlUoHA1MWenziq7LYSbdfKP+vlRJjO2uV5szYzlpujLg0Pj8foVwvenhBXTTdvr1yPJzsshzh4yEW0j6eMFjGCbh21TSt1yTNzMoDUVFNWjcrUAspM4K/SIs6nVtXAIaeKcDqDRAvH7SsygdoCsCLgiZgX2gkWZTcHgEvTyeNRMkBns4yYmdWdj6G+CzFxxMGw99vEAZ4Oqvdv7aQfjABAGbNEF4TAzydSQIlQVThQmSCRuL4odDFGDthNanPFSGH8VN4iNrXe5JU3WzP/k7tSmTfF3qRtPzZjNGk91u2N6dQHD8Ri1kzRrdoPWJ1YGoAM6jEUI+e8BviKhZ/AaEDmP8yzjB98TBM+Wom+k6fiLc/HodOjbUoqNdFIbcE/Ld6ouAtJzy17o6n1t2h69IdzuPO4M2eo2Bry4adDcBmAXXlD9DRELCzASw6s9DVaTwGTT+Dxnft8NS6Oyp6OuKFozMaWGywzdmwdXoLNnNmosvGdei89Ct0WxKMfZ8219A0k4h37m5tgaEePRmhl4GBQWMMnVvuy149l0tb/GX5+cHmxAnYnDrFiL8MDG0M59FTJP+ZR3olpeYh9Gg8/Gb8iKCVP9MSGa2tTMWCKh13a9wdjtzPVm6+pJbYGDh5AK122Y+K4TfjR0ReS1MYb52V8xThZ+Q7bM3mL6W1v6YKAUqWzUYj0exoFonlyiAqajAh8DAWfv0zQo/Gi8/LhMDDyKbhtJbHys2XcDNe/jmQJivnqdr7Ymhb6nncth5CiyESgnnDBqhUI9gy4jwsT/4Mw/70fme0B0RxyyJUrS9LxaBBg1FVVU35UhRdDAA7dnyLM2fOIiRkNezsmksblZeXY8WKFXK3E9WiFXH58hWJ95cVtpWHvGOQjH+mQp6LWRXaYg4VkZaWJo53BoBx48bJuMXd3NxI+8vPz0N0tPKUh9cRq24uyLx/DaUlT8TrSkue4O+/4knrWpqKcu3VOGRgeBUpe8hBxt5DSNm4C9zY26gtJ9p6SK88iclZyOYUkNYtCpogfj9xwmBYW3cmfS4dy6sNMrNlY4hdnGRLIqpKU71UUpQevb+ttImOPlv8vqm6QEFLWQ6FLpaZ/6mB2zSuB7x2VYBMv4DQ5RkQuA3ePl/hQlRCi9UdpoP0gwn+foNI4qO0G/X4Sc3q1LLZnXBIKmJbFL2tLtIPNQzwdJLTsvWJjUuhdP6L+HjCYLAkdCeCqELsTVlHc1vDOIAZtILIATzn5O/YU3IXRg11MJRqY/dGV9QZdgR0dAAANTVZeJp9BQOnnAEA5KWdh7uFCd569hS1L17g37IXKK3nY+LsvUi6tB46eAxztif4xMtfDCmpaOL9A+nKwwQ6IEDPFejAwu2Uv1vwqBkYGBi0T2VcHIpXrqTdvvrePRi6uMDQ2Rm6bLbyDRgYGFqMrXtlb1D3f9deZQF2wtjmKE0WjXjlbftiQVTWYMKYPmLhOO4OByd+TkJyqnpOUy93e9pjJypqsGqz8Ia3p7s9PN2b4x6TU58gK+cpiIoa9H/XXm4Es/H4SeAf+o6WC7ihiIuy79aj84a9AIRx2dZWprRjrm/Gc1QSbJURdS0dUdeE4sdwb0c4O1jB0134xLnnu81Pniel5uHE2SSl0dqAcP4Z2h/1XNVuSAHt3wEsjUgIFoQfhkXIBhh6vad0G0Ov92AZ8R5qkv4A//vd7d4RbG9vj99+a47LS0iIR3Cw8vq4LYWbmxu8vb3h6+uL6dOnw9m5+cZXQkK8TLSzCEUx0C0d/+zm1oc0h1euXG5T56v0HHp5eYod0AkJ8YiPj1c5Blra/XvlyhV06mQkp3Uzp06dpC24v24MGvs5fr34HVimXVBR/gwVgmd4+x1v2PVSXh9WG9TWVCLm9GZ8vOD7VtkfA0N7o+whB7+MmSxe5hyLgD6bJaxdPGvqKx/D3FYcDyeLZlQOxYkTBuN7ichgUdyuNuHxZB9wacvasyQEf6Gx5Bfo9qTnQJdBA9FZJEqO918rXkcQVVgQvBc/hYeo3a+Lsz2uRn6DzdtOkeo8i+DxnmPFqsNgsSLw7da54ljg1oLqwQRRbVoRI4d7YIvJKbHIyuM9x/nIBI3q9ro422PNygCS81Xd6O22FM/pcPwE+Wdf0vkPCK+9ET4epOvj+wORGtdF1jaMA5hBq8SVNmGSTm9k6cjG51g8L4Il7x/xy8n2bxgT/0PyMQfkXJ+C6tKH4D35G/V19XhRXY3Gah4MXiTjzoHusKjYhO4W2ajJu0/qQxqR+JvZgflSw8DA8OpQk5WF0tBQPPngAxQtXIhGgv5TuvU8Hp5v3YonH3yA0tBQNErE/TEwMLx6mBgbwl9CABbV41VG6JE7GO6/H04DN8Np4GYErfxZbfFXxPa1vrT2LUlyah5Cj9wRv5JT88SuZ6JCvkMYoO8CBoDKK+fQUNj8B6+kaK4p1lb0b0BIu55vxnMQeuQOZnxxAjO+OCE+H04DNyNw4QlawvMHgx1UHjMDg7apy8pE8fRPUTztE9Qk/UFrG6EQ3P4dwdJC4JUrV5CX1z5i2e3t7REQMI20TlqIlEQ63vjUqZNIS0tr8fjnwYPJc5ieno74+Hit70cd7O3tMX48WYCVruWrDD6fjytXLitvSEF7up5aG4su3TF6yjpYdnPG267e+Hj+9xg05vMWi1cWUVH+DAWP7iPm9GZUCJ7hVuR3+PuveNTWVLbofqmoLChESWIKMvYeQvzcr2hvV1tOgBt7Gykbd6HsofoPqdWWEyhJTEFJYvtzIInmhmqdumMWbc+NvU17m+K791GSmILc85dRWVCofAMKRPPMjb2NksQUrbpsyx5yxPOh6rVg3tsRU/P+FL8+vHYGrovno+D6r/hlzGSkbNwFzrGfkHsuWuMxF9+9j5SNuzTq41WAy3uGuF9TSeukRTbhOnIUs0ho+y/QxD2N+t8/QOOjnUC1rEuZFhIuZFUdwECzKClJUnK2THyvqrDZnbBz2zxEhK+Cv98gyjYEUYXPg/dhQdDeVhU0qR5MkH4gQCRQSnIxSvPrclbgKJn52LI9AplZqn3/aW9RyZJkZuWRIsABsvNf3joe7zliKeoatyWMA5hBK/R1sMGdP4Vu28wOLATouiKiLgPOTdRfuB/b1qCzTj26dgFqap7BpuN1PCm4ju52QP5j4G0b4Ek10NcRKCoBzE2BcgJIt9XBoEfUY6ASf4d6vM24gBkYGNodpaGhqONyUc/joTo5WSt9NhIESvfvBz8sDJbbt8PYx0cr/TIwMLQuB76dJFNP12eIo9hhqi6OPS3BeaxazLFNVzOc/GEGpn9xgpZrVRnKYpaNx0+C4KcjqHuUSau/0t3r8eauYwCAwEleCD9Dz12riBmfeiLrUTFtN3GWBtHR8qAbv83Q+qjj5q3NegijEVqoz9ZG1CTfRfH0uzD0HAiz4CWvhSN4/PjxWL6cTRJJJ036FNevx8hE/LYFQUFBiIg4JV6OiDiFnTt3Uo7N19eXVAdYMgZaso228fX1hZ1dN1JE8ooVy9v1HK5Zs4a2E/ry5csoL6f3/wAVJ0+e/E/UAq6tqZQRd01M30Tf9ye26jhMTN9E8s1wlJYIbzznP7oP8y72LS48S3PuncGoIypU2qa2nEDcpDngZ+WI19mOHEp7+8qCQnBv3EZBzC2UJN6X+dzcxRFdBvSD02dTYWxnrbCv3HPRyNh7CAN2bVSpNjAAZOw5iNzzl+G6eL64jm5tOYGMPQdRlpWDskwO6gRCwfHDa2dQkpSC7KMRqOTKCrBdBvRDj098YTtiqFzHatync1CSRL7BPjXvT6XjlN5u+JnDpHkpe8hBSVIKiu/eR3HifdQJCAzYtVF8TJUFhcjYewgFsbfExyPCduQweKxbpnSeqeDG3ELu+cvgxt6S+czY1ho9PvGV6+DlxtzC3WXrYTdyGNzXLSO1EdWKdpodgLKHHHBjb0GfZQLbkcPE7X6yfxc9JvpiwHcblY6ztpzAPxcuk86d7cihKl8vrxL7QiNJy9bWnSmdnmx2J/j7DSI5AcNOxGjVCejsJPt/WGZWXpu6gJu4p9GQsQgAoNt9LmCkeSS1jpGdWtvNChyFzOw8KTdmFJyd7DV25w7wdMYAT2csCpqA4+ExuBCZIBNdfONmKrZsF7qBWxqqBxM+lnOtLQqaQJqTpORsJCZnaVzDeO2qacjMyiO5kKcGbkN83G6N+m0vrmBp96+82sS2Nm/K1IsOOxnT6o5wRTAOYAatYCYVTyjQ0UeAviulExgA+PZd8cZ7V8F7MQp1oI4sNXxpOCEI4HnDMJh5nIHZe/0p2/JgKNf5y69QXK+IgYGBobUp3b8fRGSk1sRfSRoJAkULF4I3fTrjBmZgeIUwMTZE6PZPKaN/QxaPUtmJK4ljT0sEzxmisE3hUz7lemcHK2xf+5FG+1cFi6XKbz6JqL4dg5r7Qmcim9UR29d+pNG+HXtaIkjJPLU0C2d7M/HP7Zj/cqkFoRD8ejiCzczMsHo1WZxLT0/H6NGj2oVzU7quLCDfwSqKgRaRn5+HU6eahc+WiH8WIS1wtrc5lJwXQDUXcGjoftLy9esxCusjHzpErn0neQ5eZx78dr6thyDGpd8YqeUPW30Mqoq/AGBgyoLdqGEqb1dZUIi4SXMRN2kOCq7/CjQ1UbYry+SAcywClwaNReLS9XIdr8V37yNx2XpUcgtxc/Jc5J5TvZZ1JbcQicvWi5cNTFkwtrNGyUshVYTQibqTUvwFgJLE+0hcug6/jJmM4ruyojYAuC5ZoPL46JCycSdSNu4EV0LgTdm0Szg/S9cjbtIcVBTwYGzTVWZbbuwtXBszGdwYWRFXHsV37+PS+2ORey4aXQZ4wH3dMjjOmgp9lom4TSW3EBl7DuLSoLHI2HtI5hymbNyJOgGB3PPRuDl5rlxnr3lvR7guWYAen/jKCMm556NpnfPzfbxlzl3G3kO0j/dVQyCowo2bZJHtsxnyH+qTFuCysvORmJyltfHY2rwhsy4pOZuipWrICK6Cv2htJyn+6thMgq7zN2qPoamaq/a2kqxdNQ1OjuTjWRFyGFyK+Gx1sLV5E2tDpiH+5h58udCPVP8VENYHbg33J9WDCfIeNhAJlJJc0II7XeSOlq6BuyB4r0r9SJ+vpHuaX9OawuU9k4n9pnL+i5D+2U9KzlbZDd2SMA5gBrl072qBJ4XSFXap6etgI7NOJAJTOYFLUYFOZnboPvE6/n36BAQ3Dp30/0JRLR/8+gfQr++J+s5vID5XgN6DpsPR40M8y89AU/1Zmf1k6RgjQN8VAh19ynHRcQA/yCnEzLGetI6VgYGBQVO637yJquRkVMbFofLmzRbZR3VyMrjTp8Ny+3YYOmv2ZB8DA0PL4jemD4LnDJFx/opgszqq7cS1tjLFD99+qrQdr0i+08lniCMuOczDys3RKtczVhXDfu+BNXk2iDNHabXnH94Ny35CR6LPEEdsXeOLkC2q37R07GmJkz/MAJtGzeWWYuFsb6VCPcOrx4uku1C/qln7QxNHcOXFn8H//js0FCqv9d3SBAcHIz09neQSTU9Ph7OzE8aPH4/Bg73FdXfz8vKQnp6G+Ph4fPvtTspasvn5+fjmG/k3PqdNm6aSEBsUFERy9h44cEBuneKgoGDMnz9PvCzpXFU1/lnRMXTr1g3Tpzf3N336dMTHx9OaQz6fj/T0dFy+HK32HA4ePFilOr7Tpk0nzeGpU6douXLT0tLEdZUBwM6um9L9jh8/HvPnNy/n5+chOjr6ta8FXFH+DE/zM2HVzaWth4Lamko4e4yGRZfuePzXHdS+qGp1B7C6OH4WQFtEqy0nwDn+EzL2HMRbH4+Hz9nDpM/LHnKQey4aueejZQTp3PPRKIi9BZ8zh2He25H0mbR7WCTkipyv6uI0OwCcoxGo5BWR1tuOGIouA/vBxNYaZZkcVBQUCkVXiTGLxGhJB64Iy4H9YGzTVaZfTfE+vAe/fDiJ1G+dgMDNyXPx1sfj8dEf18TrhRHIO0nu7ToBgbvL1sPH1lpmjiWpLSeQuGw9uLG3KI/PdckCZOw5CM7xn0h9Z+w5CH2WCZxmN0fdSo61LJODm5PnYviZwyrX+5UnyCujJPE+iu/efy1dwMdPXAdBkN2ISfeyQFRQOxSpnIvHw2M0dlqKcHG2B8vEiOQ8PX5S9bqrMki5dpsEGdBhv6NwE2nxt0Of/QrbK6Q6H5CIfdbp/L7aXYlEyakztorniSCqMDVwm/rjk7OfRUH+mDVjNLyHLyGdkwuRCS3q/qR6MIEgqvH9gUg5W0DmOr4Y9RsWBU2gdLSqgouzPb7dNg+fB+8Tr0tKzsYK3mEFW5EZ6eNBchGLHpzQ1s+NOlAJ5BejEpDNoY44p3rQ4/iJGOzcNo+idevDCMAMculubYEnRaVK2/V1sIGBHvWlJE8ENqjn4u+rg1D05ntoNB6EN94aApd+c0jb/pV4DXolt8B9eBUv/vkepU+uo5awANBD3EaR+AsAL2rqKcVpafhENbpbWyhtx8DAwKAN9Gxtwba1BdvfH40CAQQXL0IQGYnabO0+6VabnY2ihQvRLSrqP+1aYmBoj/R/1x4+3o7wGeIoV/iVxNnBCpdOzsM3e2Lwa0KO0vaifRzY8SltUTMr5ymcHawoPxPFQcfd4SD8bFKLCsGm85fiRcpdWlHQNSl38e+GJei8YQ8AwH+sG9gmHbF1bwytGGcTY0METvZC4CQvtcRfXhG1c1oVPhjsgMDJAxjn7ysAHbFTmvYWf6wt1BGCjf0/hbH/p+1GCD58+DDKy/m4coUcm3z58mVcvqxa/df8/Dx8880WuZ8PHjxYJQF4+nSyeJmfn4f4+HhKIVJafJREVQFS0TEMGjSYJAADwjk0MzPFgQMHSOtbYg5DQlarJABTzSEdUfbUKbJTOCgoSOm+zMzMEBAwjSSGX758+bUXgF36jcFv1/4H31nbYWBojNqaShTnZ+FpQSb+LX4Cz+EzYNGle6uMxaqbC7r1EibG9XQd0ib1f9XFwJQFfZaJUgdxbblQiCzL5KCLlwcG7t4k08a8tyM8ei+H65IFSNm4E/9cIP8c1gkIxE2eizHXziiNKtaWCGw7chhJyHRdPJ/k4LV96YCuLSfAORYhI4YnLlsPcxdHGUHV2NZa6wKwgSkLrksWkJzMAGBs01Vmvi0H9oPP2SMy81wnEIq7H/5yhnIfkufRcdZUyvk1MGXBY8Ny2I4ahsSl61DJK4KxTVd4H96jUFgGNBOB1SX3XPRrKQBT1fC9cTNVRnxTRNyvqeDynmkstIkY4eNBcibyeM9xPFxzEVjHYiCaSu8CABqLf0EH2yly22pV/H25P9JYlIjPyqASJXm852r1dT4yASOHe8itVctmd8LHEwYj7GRs874K1dsXXageTCCIKhlXsNJ+wmOwNmSaxuMZ6eOBmdNHkudAhfkeMdwD3x+IIq3bsi0CVyLlfydsSQSCKhw/ESuzXtWffW2J7NqAEYAZNGaox9vIyS+BvZU58p7KOoapRGCWUUfoQyCs/fvkOnQqgWsXTWBu2R3VNXqwMAUK8x7D3aECT58BNhZAnTHwTCLNVJn4a29ljuy8Ygz1eFvpMTAx0QwMDG2FLpsNs5kzYTZzJqqTkiC4eBFEVJTyDWlSz+Ph2TffwHLHDq31ycDwX2ThbPo3nSWx6WqGwEleYL0UF227mtISfOX19cO3k8Ar4iP8TBKyHhXLCLHWVqZw6mVJKSgqOwY6AqjPEKFonZXzFMmpeUhKfYLk1DxKZ7KJsSGcHazg3MsSnu7d4UlT4NRlmcLyx/MonjeRlghceeVnGDi4gDV1LmmMcXc4iIvPRlZOMan+sWiOvNy7Y8JYN5njnjDWTeFYPd2bb2b7j3WD/1g3JKXmITn1CbJynoKoqEFWzlO5bu3+79qDZWIInyFO8HK3V/t6YGgbdExYaKqgjleUR/WN6690HWBFiIRgI59RsAjZgA62yuu2tSch+OefzyE6OhqhoaH47TfN4/C0BZWgGBq6n1IANTMzw7hx42SE7JaMf5Zk585dGD/eF1u2bKE1h2lpaSoJuepCNYcHDhxQKspKR0XTFXHHjx9Pu3bz64JVNxdYdLHHrYu7UVtTKa7Ba/5mNwwa+3mrib8AZNy+r4r7V4S5i6NMTVtJJEVDQHkEsoEpCwN3b4LlwH4yYqbYpXpWuUNLGyKwtAjp+FmA3HauSxagy4B+uDmZXEMzbvJcfPTbVVJfornQNpYDZIVM25HUMd0Gpix4rF+OskwOyQlclsmhdMVKn0dJJy/lWAb2w4e/nAXnWAQcPwugLei2pAjsOGsqyjI5pOv1nwuX0WfJArXqH7dXzkcmoLDwX630tS80UmtOwEVBE3AjLoXkON2yPQIsdieN6g3rWI4RC8BNJdeB+nJATzbDRtviLwA0SQjAOhYDKferKlSipCokJmfh+wORSErOBm/hMywK8qe9LZernbhpeVA9mKAOF6J+w6Igf7nitiqsDZmGxOQskpOXLi7O9vD5wJ1U0zgrOx9TA7fi4P7FWhmfKsTeTJER2NXlQmSCStdOS8EIwAwK6d7VAg9yeApdtEPde2LY4QPwG+KKfWfjKduIROA19bnwbyyBnl4H0ucdOwJdzCtgqPMXMrMBtjPQxVy4ngpl4i8A+A1xxaU7f2HxZMVReg9yeOjbS7lLmIGBgaGlMfLygpGXFzoHB+PZ1q1ai4cmoqIYAZiBQUPaUzSvTVczhCxR/SlvbR6Ds4MVnB2sEDjZi7RekYtYFVQVgct2b0BtTibMl26ALkt400AkBKuK/1g3lbfxcrdnHLz/ETp6DUT1TdVuJlXFvb4CsIjquBjw4mJg7P8JzIK+eqWEYF9fX/j6+iItLQ3p6emIj4+XqWPr7e0Ne3t79OnTB4Cw9m5IyGra+5AUYqXFT3kibVBQEG0BNygoGH36kH930RFZ1T0Gaby9vREbG4u8PKFTWdEcisal6hxKHo825pBq33l5eQgKao7atre3p30OfH19ZfrMy8t7rQVgABg09nMk3zyBpvIm2PX0QLde/dHTVb3vG8k3w+E5PFDLI3w1UBa/GzdpjlhgNHN2oO227PGJL2oFBFI37SKtL0m8j7KHHKVuUkB7TmARygRJy4H94L5uGWnMdQIC3NhbpDGoU3OZal/SUImYisYsEoGlRWtuzC2Z/lM27hSLv128PGgJpiJhXFW0LQKL6jFbDuwHp9kBuDRoLOnz9D0HKV3pryrHw6+TllkmRnB2pvf/QVZWHkmgvXEzFQJBlVaELFubN7EoyB9btkeQ1n8dchjJ97KxZmUA5X64vGcIOxGL85EJuBK5WcaVqGv5IRqz1oqXG/85BN1eK0htWkT8Lf0dTaV/NI/DZrLGfYpYGzINmdn5SFaxpmxichYCJCKjvz8QBRubNykFdoGgCjd+JbtC6V4n6qDNBxMIogoXIhM0jxB/yekTq2XisOmyNiQASclZpG2TkrMxzn8N1q6ahhHD3WW2EQiqEHYyBsfCY7BmVYBGD0BIsi/0olb6AYDjJ2Ixa8boVhexpWEEYAaFDPV4G7dTHisUgM1YRnDrZYOJw/rIFYABoQi8Qt8RqAOsa6if1EvN7YseQwLxOC8NPY3CKNvQEX8BYKSXI/hENcxYRgrb3U55TMslzMDAwNBa6NnaousPP6A6KQlFX3yBxgrN/7itycpiagEzMDC0ONoQf0XoskzR9fQNlB/6DoLTh5W6Liuv/IwXKX/AbP5SGI9TXveYgUEd1BGAKyPPwyx4KS1R9FWn8uI5VF4890oKwW5ubnBzc/t/e3ceF1W9/w/8BbI4wCwgorJaV4XBcENF7xdRE8FKDWxRUwRvanbVBLfSKLVcL7n9xJulmQtopgmBLZClgl1BhQTKATNz2ExEnIVFROH3xziHObPPMODS+/l48MiZOXPOZ84MpLzO+/3WaHOsjY+Pj1HzZLUJCQkxKpxVrseS+1Rn7mvQxcfHB1FRQ274CAAAIABJREFUUY/FOdR27LasSdc+nyR3G+u0VtoGP/+m2fusld5EnawaV4pO48qvp2FlZQVh4HOw6+zw2FXxtoW+VsZFW3ayqku9wrVXo+ri9/o0XD2SxtoHAJRnntQIgH1nvoa68kqU/3CKdX/OkpWoysnDsE2rTTq2ufxen4byjJOsKtPyjJM6Q2hbrlO7rsdNS1Wwqm7DB2u08VavUL5x9gKrVbQlWybbcp0QuHIpirbs1JgJ/N3zUxDy6Wajwn5juA0brAilY99gtev+86t0BK5c2mFtp3X5KvUMcg0EfmOfDdQbemmrZNy5I9bomaTlFTcxMnQxc1sur8fn+7+3WCXgzOhwXCoWs1pBA4pqw69SsjF2zCD4C33g4eGKiopqXBKJWa1r587fhoP7VrBDKY43rDwmo6XiMACg+dqnsPacwswHbo/wFwCaf09ovdHZE1Z6Wk+b45PEWJNDyWFDhfDz9WJ9BpQB+9gxgRg7ZhDKK24i93wxPt+XodHuOGxM+83/Vb8wYegQPxzav8Lo5y9d/inrc2ORGdIP8HgO2LkjlhWeG8vToyviV0zH2yvYnSkqKqoxd/5WeHi4slpxXxKJkXOumKnUfXvFLvC4Dm2evZx5Ik8jYE/et9zo7/1LIjEmTGq9kEIur0fmj3kWC6fNZf1Qj04eeaMG9cKp/D8Mbhczfgh2p+XixRDDffqX2frit1p72NtrPsblSNDSAsj/usjcx1cZW3mzjmNU+Bv9/BB8eeIiYsYPMbieU/l/YNSgXga3I4SQjsYJCkLPkydh5+fXpv1YOzlR+EsIeWzx31gM94M/wHH8K7By0v9LpfvXy3FrVRwqJgRB+ulmNJX82kGrJH8Xnc2YAwwA1e8ssvBKHm11x46g4tnhuPVOHO6XG9cOznHSq/A4lQv+/DhY83iGn0AI6VBXik6jVmrZ1pZ2nR2Qe2Ivrvx6GgBw6cJ3uPjzUYse43F39Uga67azv+lBXj8tFaTKik5VnuGjEbJ7C4Z9pBn0Xj2ahpzFKzXuV1dXpr+a2VjqYe8NlTD49m/scNWcc2Jp6mtw9GRX96q/j7Y8ywWlzv6+ePqViXjuu8MQCPuwHqsrr8SJKbM1zpmpqnIuQCDswwS8AXFz4ejRg7VNyZ5kbU/tUBUV1cg9V6z3K/NH3e3WAcVsVFV+vl5GB0CAIsyaFBHMuu8rtbC2rRLWz8HQIdp/T/TDj/nYlpiCZct3YVtiisbcUlFxKeYu2KrxvE69l7beuCfD/cK3ALRn+PsfVvUv6/gWwuM54KAJAalSwvo54DqxC8q+SsnG3Plb8Q/hDIwMXYxly3dBVFzK2sbdvYvFAlV12i5MeMnEYHHh/EjW7YqKaou1lAYU4flb8yLMeu7LkSOwcd1srY9VVFTj8/0Z2JaYwnym1ds0L1uxC+UVbfs7yuf72/a97y/00fi+/H87TJvN3B4oACZ69XR3wbXrNZDI9V8pMyqwF65dr8GciOFG7Vdi0xNlEs2wOKT/NTSI4vDc0NYAWPpg7u9dG1802hsOfwHg1dABuHa9BqMC9Qe7EnkDrl2vQU93F6PWTQghHc2ax4P7jh2wdjL/qmbXd41vr0cIIY+iTu5e6LJqKzzSc9Fl5WbYDxqmd/v718sh/XQTrk8LR9koIW688TJub1qJhlPf630eIYbYCvvC1s/f5Oc1njuLxtz/Gd7wCWNOEMx/azG4Mdp/AfR3JxaLkZ2djfT0dCQmJiI7OxvZ2exf3DU3N0MqlTJfdXV1Ju87KSkJ2dnZGm2cCfn5250W3Z+dvSPGvfY+676hY2Y8MdW/JybPNupLVxh4VyrXqA42Jzj0DB+tEdbp8/QrE80OgWsNtLM2lvos3iZZayeYuzL9XWEeBvU1qVf4lmeeZN2WXLqMoq2foConj/nSFtLWlVXi6tF0lGec1HhMnR2fi9DDuzVC4CaZvM0hcG1ZpcZ7MmwTu+Vz8Z6DuCt99N4bU5RX3GTNIgWAmdGmj/FQD+YsHbQBwKH9KxD/jv450tpwnTiYFKElOOR4w7pn69+/Wmr+h3tnnm2X8LflxrdovqLSmp7b1+LVv0r+Qh+Tz5O/0AfxK6ZrhMD6cJ04+CQx1tTlGU39wgR39y4mV5Z6enTVCCiPpVr2c7lw/iSEPqvZstkYL0eOQPK+5XB372Lyc1+KCNZobW6KSyKxRrtwS33vZ57Qf9FJe6MAmBgUOyUEqaeLDG63dVEEdn19FgsnG27F9GWRM4JeS8dN3hbcsfs/3Ja2PtbDrXX2720pUNspGFV2b2Pg1BxU1xkOf1fOCkNC0k/YusjwFSepp4sQ84LhKmFCCHmYbDw9za7gFcyYAd4ky7QaIoSQh82ay4fjhMno9ulX8Dx5CV0/+gz82YtgP2gYOnXXPrLEro8/7Hr7o3PgcHBGPdlzWEnHcJr0ilnPq/r3LDSJfrPwah4PqkFws0xq+AntzMGBw/rq0aM7JBKJzu3DwsJY2xsjKGioxnHMCVTFYjHmzJkDPz8/CIV+CA8Pw+TJr2LZsqUIDw9DeHgYevTojqVLlwAALl26hB49ujNfEyfqntspkUiwdu1ajX3PmTMb4eFhEAr94Ofnh7Vr1+o9P2vWrNF4rbNn6w/xVbcNCwsz6jyoHyM83LgqG/X3LytL9+gqopt37yH4q+wSSn8/z7q/puoa/vg1C5cufGvWfu/eqYdXr0AIA8fBkedqiaWy999YhytFpy2+X2NU5Vww6qtJR6Cp635zqFekGtKWENgSjJmP21EMVRjXlVWyWmwLhH00KpjVZxZfPZqGoi07cWLyLObru+en4KDPQObryDMjULhlJ+y4TvA0svV3e4XAVTkXNELtbsMHw3fma6xjXD2apv7UdmVKQKfE4+qex7ktkV2tx3XimNW+ddhQoUbQtletutASZkaH4/SJTYiJCjN4LrhOHLw1LwJZP27R+ZqshWsBbt/WO+SKbkoWDX/LDzHVxQAAGy5sLLRvXWZGh2tUZRvycuQIHNy/QmeltapJEcHI+nEL/Ntp/q+2CxPMbSs8cwb7706554qRc06ksZ1HG8LUhPVz4Odr3uibYUOF+CZlLd6aF2FUEDwpIhjJ+5bjvRXTdW7D4xq+qEy9+pfrxDGrnffLkSM01r33gOW/901BM4CJQREjAxC5bA9ixg/Vu92APh7w6e6CPt5d0b+3Owp+133V360WN5xOWYkRLyyBMCQWe9e+ht7P9ENtd1fYdK7FTTvA3t8JLr6h6N29J6rLi1B4YiMO/tJZ7xr693ZHzx4ukPS+o3dusdK+b87j8/fa5wojQsiTrSE3t0OPd19u2j/+rZ2c0G3jRjiGhrbTiggh5OGy5vLBGTUOnFHjwMdiw08gxEIcQsfh9jrT5yC2yGWoficO3Q4cgTWP3w4rU2iWSdEikz2SM4frjh1B/Q8Z4MXMAjf69XY9D6aQSqVITEy02AxXsViMoiLNi6gPHDhg0jHWrFmDdevWGtxOKpWioKDQpDUWFBRg8uTJKC3VH0qXloqxdu0aHDhwAIcPHzZ6LnFychLi4+Ph42OZX4YmJmr+cjg7OwtisdhixyD6OfG74h/PhODnb3fC6nkrRRh8+QJqZTfh3NVbo5LXlP0+O0lxAcPQMdGold60aAXwuR/340apCN59Bnd4ZbFbkHG/PFaddatKWwh6+1KJWfNjuw0frPM4ujz9ykTY8bg4u/h9VoCpDPmMmQnc1tbDlqQ+l9dYhuba5q1unWNqy3XCcLXKWG0Ewj465zk7erqj27DBZofgyhA4b3UCa+6wMgQO/WKXSTOB68oqUVdxHVlzDI+zKNlzEH6vm16Vaq6D+1dAptYK1hBPD90XmsycEc6q4NO3rSGfJMbiUnHr/2P1Bc9t4enRFe+tmI73VkxHzjkRyiuqUaHSCpfHdUTQUD+jw0mbfttx7+dn1e61Au5JAZu2/b2t+dqnaBax/x5k3XsZwDM8UhJQzGNV5e9n/P//E9bPwcwZ4cznxZjn+gt9cGj/igdzlPOQc45dITpsqB9eihxhVuWpKa+Fx3XU2N6U1sSqwkIDjTp22JhAeO5r/fyb8vnl8RxwaP+7rM+/KXg8ByycPwkL50/CJZEYueeKIZPXofzBvGVPD1d4eHRlzQXW56XIERAKvVv3r+W1aPveN2bf2hzav4JZq67jdSQKgIlBAi4HPt1dcCrvisGWylsXRWDU3B1YHj0Gb6w/AmndHZ3bppy9DNe7wSjtMQq4WwMr9Ee1nIvBobPw+8VTuC/7AzeKPsG1rEu4e+sUThXzIG7UfbU937Ez1r35Av5z4CekJvzL4Os6lXcFPt1dqP0zIcQkDbm5kKWkQJ5i/hyHK76+4AwdCk5QEDhDh8Lez0/vrLvqdetwt7hY5+OqrJ2cIIiJgSA6mubnEUIIIe2gk6cXHCNfRl2K6XMqm0SXcCPqFbjt+KxdAtom0W+oficOLitWPZIBMKAIwqXbN0O2d/cjFQTv2JGI+fPnQyAQtHlf2sJKAEhKSjI6AJ49ezaSk5M07vfy8mYFnmKxGGVlpSaFoAUFBRg3LhxSKbsaW3Xfyv0qlZaKMW5cOA4f/hIhIYa7fgGKAHvXrl1Gr0ufAwcOaL0/MXE7EhI+0voYsbyhY2agVnoTP6VsAgDY2nHQ//9egv/g5ywWrjrxza86UlVTdQ0/HduEOpnil7Bf7XzrwVqft8j+jRH65W6jtjvoM1DnY25BgazgtursBYsEbMbOzfUMH41Qz904MXmWWSFwe7RrrjOzzbR6Fa4lnF30Psp/OAVAEeoO3/SBUeGqHY+LAC2zmc2h3iYcUITAwzcrgui2hsBlD9pX67qgQfXzWVdeiatH0jQqoNuLpSsuLbk/Hs/B7JDOXJY4XotM8wK2loovcK/mZ3QSfgirbqb/DG2p+RnNvyewZv4CQKeAbSa1fm7r6zP3/fUX+sBf6IOFbTo6mymvxdKfJWP21dZjWmrNynPfFsasxZLf+54eXdvUjtrSKAAmRlk1OxwzPzxkMAAGgL3vT0XEsj1I3zQLExbv1hkCHykZiOh+F+Bcm4bQAOD2rTPo0QnI/2QKvD2A61WAmxtwvRZoAZB9ra/W/QCK8Dd90yxErUpGasK/IOAabgGyencGVf8SQvRqlsnQWFyMRpEIjSIRGs6dw72KCovsu+HcOTScO8fctuZytbZ5Vt1GH8cxY8CbNIkqfgkhhJAOIFiw2KwAGFCEwJUvhqN70hHYCnX/G8dUDT98j+p3FqFFLmvzvqycFNVOLbXtN8vvUQuCLVkFrCusLC0VIy0tTW9bZgBYunSJRvgbEBCAhISPtIavWVlZels0q5JIJJg8eTIr/OXxeEhI+AhRUVEa+509ezYTBEulUkye/CpEomKjgnJLVQGnpaVBJtP+uU5KSqIAuJ3UVF2Di1tP1n129o4YN9W8St+O5uLWE969B0OU9z0AwNbeoUPDX0tRr9wt/+EU6soqTa4OVa/E1dZSWFfLaee+vgg9rDsEtuU6mbQWY6jPklVtaWxOAHzj7IU2r0nV1SNpKNr6Ce5KZfAcOwqe4aP1hp6OHj1YQe1tlZbRbaXvfBgKgY1R8lkyhn20Wufru/1bCb57fgpzu2jrJx0WABPLaik/xMz8RWdPRdXvvQffiw1luJ8fA3CfQaen5sDKY4ruHQHAPSlabnyH5hvfoeXGdxoPmxr+EkLMQwEwMUpPdxf07+1hVBVwT3cX7H1/KmI3p+Lgh1F47b0DWkPgRnTG/osDsPTZC/jrpuZ+GhsV/5XLgZzLXHz31zCtx+M7dsYny1/Be598h9SEfxnV+pmqfwkhqmoSEwEAjSIRmmUy3JfJjK64tZRmudzosJczZAiseTxF9bBQCE5QUDuvjhBCCCGqOnl6gTvjdcj3f2bW81vkMlx/MRzc6FngL4hrU/B5v7wMksTNqDt2xOx9qLMT9kXXjz+DfO9uyPbu/tsEwevWrUVUVFSbAssDBw6wwsoVK95ltXFOT0/XGwCLxWLs2LGDdd+0adP1VtIaW5ELAImJiay2zzweDxkZmVpbO4eEhCAzMxNBQUOZ12RqUD5nzhxkZLRt9llSUmugzuPxEBUVxZwjqVRqVKhOTPfTsU2YOHNDh7dNtqTu3v64UnQadp0dLVZZ3NGefnkiirZ+wrqv+LNkBK5aatJ+alVCQregQK1tpG9fKtE5a9ZQCGxp6u2adbVLBoyr7K3KMT8AzluVADsBD3elcty+VMLsy5bHxYs/f2uwRTQAuA0brBHCmlIpe/u3EtwWXcbTL08wef36QmBDbpy9gLqK6/AM033+nfv64qmXJjD7ryuvxI2zmjODyaONFf5y+8JmWCoA4H7eDLTUnG3dUP6rYoZv4VuwcvknrLr8HwDAiuOFloYyxb5u/axR7cvo7IlO/bfDyuX/2u21EEJaUQBMjLZqdjhGvbkDF5OWGNx2QB8PbF0UgYile5C+eRbe2/kdTv/yh8Z2qb/3w8in7OD7lA1ulhcCkMDaGrgtBeQNDiivHYjSOnucvWml9TgjB/4DS6aPxvyEr4wOfwEgdksqTn08z6htCSFPPs6QIaz/Pooo5CWEEEIeLfy3FqH22JdtCkfl+3aj9tiX4MXMglPkKya1bb5fXobalCOQbt9s9vH1sebxwX9rMbgxszo0CK499iVcN2yGfdA/2+1YqgICAiAWi5mAs61ti1Wrf3k8HuLj45GensbMBE5OTkJCQoLOCto1a9awbnt5eSMhIUHrtm1dHwDMn79A71xfHx8fJCR8hDfemMPct2OH/gB42rTpTAVzdnYWsrKyTAqpVYnFYhw/fpy5PWHCREyfHsUKyZOSDlAA3A7s7B3w87c7MTpy8cNeitns7B3xWuweAEDp7+cf8mrM4+jlDt+Zr6Hk84PMfSWfH0S34YN1hrXqbv9WAsmDilNjZ9RqowyBs2bHaW07bElXj7CD5adfbv0eV29ffftSicHAsSzjpNlrCVy1FEVbdqJkTzLr/iaZHF8Hv2BUO+V+cXNZASygqJT1DBttVICctzoBVbl5KNr8MV7837cmv4bhmz+AHY/L+hzpqvhmrXHLTniOHWVwjV7ho1mvr2jrJxQAP0a0hr8P5v12Cvpa8bgovrUaWPm8mv/pDnq1sO61BNZPvdHmWcKEEONZP+wFkMeHgMtB7JQQrNr1vVHbD+jjgYtJS/Dezu8wenAvbIl9EXzHzqxt5OBj528DUdHYD9frBwO+h2AbkAaXMX/CKSARl2/2xtHfnHFU3I/1PL5jZ3z+3hSMHtwLHyWdxMWkJUaHv6t2fY+YF4YY1SaaEPL3wAkKeuS/CCGEEPJosebx4bpxS5v3oww+K54djusvhkG6fTMaz51F47nWaotmmZS57/baVbj+Yhgqnh3ebuGvKmUQ7HEqB/z5cUx76PZyv6Icd3LPGt7QQvh8AebPX8DcTk5Oglgs1vMM3cRiMc6cyWZuT5igCCymT2e3VtbVIhoA0tPZoUd8fLxF5hIDitm/qnN9AWD+/PkGnxcVFQUej8fclkqlyMrK0rt9QEAAc3vt2rU6tzVE/VxFRUWhf//+rP0fP37c7PeM6NYrYCRKf7+gNzitqbqGG2WiDlyVabp7+zN/9u796F7sa0hA3FyNNstnl6zUCEl1yVutuIjEluuE0MO7TW4frcq5ry+e++4wqyWzKerKDLdvvnH2AitMfOqlCaw1uw0brHE+suYs0rnvG2cvMAG4KvW22PoExM3FmC92aRxXWUlraF/KIF9VXXkl8j8w3ML+xtkLTBtwXbOb1VtmaxO4aimGfaR/ZrO24xpzoYFn+Gg4evRgblflXLB4223SPvSFv0pWnlNhMzof1sIPFa2hTWHDhXXP2bAZdQHWvZdR+EtIB6MAmJgkZvxQXLxciVN5V/RuF7s5FamniyDgcnBq5zzwHTtj7zfn8d9lL2PlrDD4dHdmtr1QYYcpe20x72QAZnx4DKu37UPIpNkYGl+EyUnO+OqKN7OtT3dnrJwVhv8uexlbv8gC37EzTu2cBwGXg4uXK3Dxsv7ZnKfyruDi5UrETh3ZthNBCCGEEGIisVhMv6B+iBoLf0PDmRw0S6SGN26j+vp6FHfwKAHycHDGjoNj5MsW21+T6BKk2zfjxvRXcGP6Kyjt44nSPp4oH9yXuU++bzeaRJcsdkxjdXQQ3JHmz5/PCjjVq3CNlZi4nXV7wgRFq0716lT1Fs9KBQUFGrNu1efytoV6aBscPMLocFm9gldfAAyANZdXWQVsDtUA2MvLm1mHKaE6MY//4Ofh3NUbP3+7E3cb6wAoAt+Cn79CxqEPcWjb60jfuxy3bvz5kFf65LPjK1oNq4auTTI5cpasRN7qj/SGqlePpKEqNw9uQYF48edv9VaqGhMiKtcTeni3WSFwnoHAszzjJLLmLGJuO3r0QOBKdrtrOz4XAXFzWfc1yeT49vkpuHqUXWVbV1aJnCUr4RYUqBHeqrfWNqTb8MF48edv4RYUqHHsE1NmGwzkA+Lmapyzq0fTkLN4pd7nFW3ZyfzZ9/VpWrdRb5mty9OvTNQaAmsLa5UXDnQbZlwlr3qbaGMvUCAPjzHhL8OGD+ueb8BmdL4izBV+CCuPybByGQ5w+zKbWbkMh5XLcFj3WoJOQSmwGfsHrIVrAY639v0SQtoVBcDEZHvfn4rYLam4Vlmj9fGY1Yew7XAW9h5vvUo0dupInPp4Hi6XVSH19K+ImzoSSaunYeHkEPTv3XoVn6jeE19d88al+61X8/bv7Y6Fk0OQtHoa4qaOROrpX3G5rAqnPp6H2KkjIZE3YPSbOzAwahMGRm3C6Dd3QCJv0FiXRN6AmA8OYe/7NGCeEEIIIcYTiUSIjo5GdHS0xmPR0dFISUkxaj/vv/8+NmzYoPWx6upqREdHY926dW1a6+Os4rlXcYXrw/q6PnU2Ggt/a/O+myVSVDw/BTVrN8Na0P5XnWdkZGD9+vVtnntJHg/O766GrZ+/4Q2fEE9iECwQCPDuu60tjc2tAlZv/6wMfn18fFgVq6WlYq2BqFTKvkAlOHiEyWvQR33/AhN+Hvbrp7tNtDYhISGs9ZtTBZyVlcWqWJ44cYLKn9mhelJSksn7J4YFv/AmWlpacGjbLOz7z1Sk712Oiz8fxV9ll2Br74DRkYvgP/j5h73MvwVl6Oo5dhTr/pI9yfg6+AXkLF6Jq0fTUZWTh7tSOW6cvYCirZ+gaMtOhHy6GaFf7jbYxtfYEFF1PaaGwOWZJ5E1exGqcvJw+7cS1JVVoionDyV7DuLE5NnImrOIaU0sEPZB6GHt6/Z7fRqeeok9D7dJJkfO4vdxJCAEJybPfvA1C77/eg2hX+5GyC52147yzJP4+v9eMBhUqoajdnwuQr/cjYDYNzSPvWSl3lBZec7UA+SrR9Pw3XNTtIawygAfAIZ9tNoibZV1hcCqirbshER0GQJhH6MrxtXnGf/5VbpRFd/k4TAp/FXH8YZ1zzfQqd92dAr6GjbBJ2HzXBVsnqtCp6Cv0Snoa1j3XkZzfgl5BNAMYGIyAZeDve9PRcwHh5Ca8C9WK+Wth05j37fn0b+3OyJGPoOLlysQtyUVW+IiMKCPB1bNHofYKSOReroIR34sgPh6DSJHBSBu6kh0trPFX7dk6ObCxY0aObp34eHO3SZcvFzxoHK3AjHjh+DUx/PYx/ziNP6srMGfKfG4dr0GEUv3YOsXp7Fq9jhmG4m8ARFL92islxBCCCHEEKFQaJH9REREwMHBQetjrq6uFjnG48w+wB8NZ3LBfe0lOI0PR0P2WUg+/hx1xzPR89czsPExfjaqutrjmeAEB6Hbzk0WXLFugwYNQnV1NQIDAw1vTB571jw+uiUdQcWoYe06I/dRowyCnSa9Csn2TahLOfqwl9QmCxYsQGJiIhM4mjoLOC0tjVW9q165O3/+AtYc3QMHDmhU1XZ0lwhTQ11VhYUFBreJj4/HuHHhAMybBaxe1ata9asM1ZWzlUtLxUhLS6NZwBbm4tYTwS+8iXM/7gcAOPG7wonfFd29/OHdZzDs7B0f8gofTbZcJ42qVUuw43MRsnsL6soqUbhlJ6tN8tWjabh6tDXIFAj7wO/1aWbNizVlPaGHd+PE5FlMi2UnT3ZYWFdeyaxHuU155kmUZ+qfyesWFIiQXVv0htbDN38A576+KNqyE03yWub+JpkcVTkX4BYUyGp53W34YAx6fwnTdtktKBABcXP1hqq2XCetjwfEzYVn2GicXfw+q7100ZaduHokDQFxc+Es7KNRca0MkIs/S2at+/alEvw4ZTYcPd3h7O8LR093VOVcwO1LJXALCkTgyqUG5wybQhnW5ixZyboNKEJnZZDtp6PiWBvnvr5w9OjBmg9duGUnhm82b+Y0aT9tCn8JIY8VCoCJWQb08cDWRRGsUHXv8XOI2/o1Pn9vCmI3p0Iib8CouTsgrbuDi5crMKCPByTyBgi4HMSMH4qY8UMBgAl3JbWKqt2UU0UYFfgP3JbXQ+DEwYshz2BLXARz7GuVNSj4vRIjB/3jwfP/QMTIAPR0d0FPdxeMCuyFU3l/ALMV2ysrhJUhNCHk7+36v/+Nuh9/1LjfxsMDXVesgGNoqMHn9NixA46hoWiWyVD64ou4V6n4Ry03IgLdNm5ktmuWyVAeFYW7xcUQzJgB13ffRUNuLipmzGC2cRwzBj3++1/W8RpFIpRFRECdNZcLTlAQui5fDhtPT61r80pNhb1KWCXZuxfV69czt5XrIIRYnlgsRkNDA/z8/JCXl4eysjL4+voyAbKfnx+srKw0nlNSorvaQrkfb29v+Pn5sQJkkUiEkpISODg4YNCgQVpDZJFIBAcHBzg6OiI/Px+urq4a+6murkZxcTHq6+vh6+sLHx8fAIo2xqWlpcx+z5w5g+DgYNZxUlJSYGVlhYgHP7Oqq6tRXV0NV1dXuLpi0DHdAAAZ+klEQVS6GjwnqpSVubY+XnCcEA7HCeFoKi1H3Tc/QJZ8FC4r4tAskaLhTC4aiy7B1tsTji+MhbWAj2aJFI2/imDrpfi7nuzgV3AaPxa16ZmAlRVclseCN/0V3BOXofFXEeyfEWpUAmdkZKChoQERERHIy8vDrVu3mPOqXLv661d9D4KDg1nndcSIEVrPc3V1Nfz8/ODn56f1fdJ2nsmjz5rHR/fko/hr2st/qxAYADp5eqHLxq0QLFj82AfB8fHxTEibnJyE+Ph45meiIUlJusNKQNEO+g2VgrHk5CQkJCRYbL6vOaRSidnPNea8KKuAlXOR165da3QALJFIkJzcWtXr5eWN/v3ZgbV6qJ6UdIAC4Hbg3XvIYz0/tyPZcp3g9/o0+P5rmsFqW110zXhV5ejljuGbP0DgyqVMSKjkNmwwnP19TTq+o6c73IICNSo4jWHH5+L57w8jb1UCHL3cNapF3YYNZgLAu1K5Iqg+kqZ1Ji+gCIr7xc01au4soAgon355Iq4eTUPV2Qu4K5PD2d8XnuGjtQa3fq9Pg5OnO2x5XJ3Bb0DsG3D299W7DaAIPJ///jCuHklDecZJ3Mi5gCZ5LRw9euDG/86jW5DuCwH9Xp8Gv9enaTy3rrwSdeWVEAj7wNnfFwGxb+g9F25BgXD0dDerMvjpVybC2d8X5Zknmff+rlSO8oyTcAsKhLO/r8mficCVS1H8WTJzW3kBAHl0UPhLyN8LBcDEbIqK3nAmBO7ZwwWfvzcFAi4HVlbA3m/OY0AfD1y7XsOEvXuPn8Pq3RmIGBmAhVNCMKCPB0YF9sKowF6tO56t+5h7j5/DzA+/AACk/GemIvjt4YJ935xDzPgh6NnDBQW/VyD6BcU/TpSVvwunhLCPQQj52xJERzOBqY27O3iTJkGydy/uVVTg+rx58Ni/H5ygINZzrLnsfzzLjh2DY2gorHk8uCxYgKrlywFAI1i25vFg7+enCIAftI61Vpkvp3zOvfJyJtAFwApwAUWw3FhcjLvFxag7cQKNIhF6/vQTAIA3aRJzXM6QIRrPVT+eLCUFLgsWaNxPCGm75ORklJSUwNXVFdXV1cz9H3zwAXx8fJj2z/v27QMArFu3jgl/ORx2h5L6+nqsX78epaWtrS9dXV3x1ltvwcfHB8nJycjMzISXlxeqq6tx7NgxbN68WaPCeMOGDXBwcEB9fT1rPx9++CEcHByQnZ2N3bt3s54THByM2bMVfyFbv349vLy8cOvWLdTX1yMsLIy1rTIAVQbA2dnZSE1NRUREBCIjIw2eE0Os+a0/q+6Jy1A5dQ7uictg388fNWdyYRfgD89vFX83rHhuMuyeEeJeWQWapTII3pyJmvVbAQAuy2MBALLko6hZvxUe334BzojhrGPl5eWhpKQEeXl5zHnPzlaEFqq3N21SVBEr3z9fX1+UlpYiJSUF77zzDnx8fJCfn4/U1FS88847EAqFyMvLw+7du1nvg5+fH5Y/+P/Hhg0b4OXlhYaGBlRXV2PgwIEUAD+GbIV9/7YhMPBkBMFRUVFYs2aNyVXAYrEYx48fZ25rCysFAgHGjx/P2u7AgQNYsGABc1v952JRUaFZr8NYBQXG7189LObzjQuuza0CVq/+1TYLWT1UP378OMRisdGhPTHOnTopZJIbaL5/j7nPupMNbG3tYWPXGTa29rCxtYet3d+721pA7BtmB78CYR90GzYYT78y0aTn2/G58AwfbXRYqsvTr0w0K/xVFbhKe8WzavWnHZ/LBJ91ZZW4famECa/dhg2Gk6dmgGwM1f0aw9D5Up8vbEhbzl9bz33ol7sNb6SHc19fVmWxssrcXJb4PJL2dV/0HgDFrN5Ogfsp/CXkCUcBMGmTUYG9sJXLUbRdXhSBmMCh2HroNPr3VlQID4zahM/fm8Jsv/eb8+jf2wMtLUDq6SJFiLzre1hZWWHlrHDsPX4OAi4HESMDcK2yBjM/PMSq3I3dnIqFk0OwdVFrZdzWRRG4+HsFBkYpfhk3cuA/EDtlJC5erkDs5lRsXUSVv4QQ7Ww9POCyYAGaysshT00FADScO8cKgJtlMtT9+CNs3N2ZSl/V0NYpNBTVa9eiubYWzXI5ZMeOgTdpEuu5nCFDmIBXsncvAMDayQnNtYp2T5J9+/RW5fImTYK9UIirQxQXt9yrqEBDbi44QUEa4bQ6+bFjAMCsv1kuR+2JE8waCSGWFxYWhvDwcCakzc/P1/hldEZGBkpKSjBw4EDExirCSdUZw8nJySgtLcVrr72G8PBwiEQibNiwAQcPHsTy5cuZNqGxsbFMpa2u9tL19fXYtGkTXF1dsWvXLpw5cwbZ2dkIDAzE7t270aVLF6xZswYODg7YunUrzpw5g0GDBjHti5WVr5GRkTqPYYlzotRUWo6GMzmoS8+A/OBXAADetJdxa90W3C26hB4HP4XjhHBIdnyG6nc+gCz5KATzXgcA3P1VBMGbMyGY97rZs36Dg4MRHh6O+Ph4lJaWYtasWQgMDMS6detQVlaG6upqVvAdGRnJvD8pKSnM+6lKGSApg2/l+5CRkYHwcEUwojzPYWFhFF48xmyFfeGelomqf7+OpuJLD3s5D8XjHgRrqwI2RD2sLCsrhYOD4TAsOTmJFQDz+eyfW1KpFAUFBRphsrlCQkKwbl3rLF5TAmb1mcX9+vUz+pjmVAEnJiaybq9bt5a1dl0OHDhg1HtGNDXU3oakuhw1VWLcri6D9FYlJNVluNfUaPQ+7DlccBz44Djx0ZnDQ2dHPhx5XeDi1hNduj0Fu85PbstoU0NDVc9/f9iCK3k8KKuFKSwkpGNZufwTVrxnYN172cNeCiGkA1AATNpsQB8PZiZwzPghiJ06ErFTRyJm9SH4dHdmqn+VrZt79nBG5ChFBTAARIwMwMCoTWhpacHq3ZlMYNzT3QWn8v9g2kdfvFwBad0djAr8B+v4Ai4HF5OW4FTeFQi4HMV6jp/D3uPnKfwlhOh1Xy5H3YkT7IrgyEjWNrUnTqBZLofL/PmoO3ECDefPA2gNba15PDiGhjIBsjwlhQlXlc/lqgXCNu7u6Pruu7g+bx4A06tyrZ2cNKqUtblXXo6G8+fBGTIEnKAg1Dz4RVpNYiIFwIS0I29vbwCKObCZmZlatxGJRADAhH/qlAGv8nGhUIguXbqguLiYuV1SUoLFixdj0KBBGpW56pTVpMHBwThz5gxEIhGzzsDAQCbYHTFiBH755ReUlpay5tcqK4LNZcw5UZInH4U8WREYOb4wFi4r4mDj44V7peUAAMnHeyD5eA/uSxSzNuuOZzABsDWPC9f/rLLIWpXnxNXVFQ4ODsztmzdvMu9Dfn4+82cArApfJWUbbNX22qrvg+pnYNq0aWaH7OTR0cnTC92SjuDW23Fo+FH/5/1J9rgGwdqqgA1RD4CNVVhYyAp4+/fvDy8vb+bYgCIINWUWsT7qwatUKjVqbq5YLGZm7eralz7aqoD1KSgoYJ0DUyQlGRfaEwXx5XO4UnQaVeUluNtYB3sOF3wXd3R25MHFzRvuT/WDg5MzuPyusO5kCwBovt+EpqZG3GtqxP2mRjQ9+G/jnTrcqZfiTr0Md+plkN6qRH3tbdbxOjvw4dzVC126PQWBqycED/5MCCGkY3QK3P+wl0AI6UAUABOL6OnuglM75yF2cyoil+3B5+9NVVTmXq5gttn6RRb4jp2xclY4Ll5unQExoI8HFk4OwerdmVg4OYQJjJWuXa9htvPp7ozVuzIgcOKg4PdK+PRwRsTIAACKamSJvAGRy/aA78hhZhMTQogud4uLmRAWAJzGjtUIYSUPWrXyJk2CNY/HBMCqoa0gJoZVQaysDpYfOwZrJyeNQFgQHQ3H0FCjq3Ibzp/HzXXrACjaPBs7w1e5du6kSXAKDWUCYNUKYkKI+bSFfe1xDGUgqHq8yMhI+Pn5ISMjA/n5+cjPz2faDRvaHwA4Ojpq3Kf+ZyVfX8Oz6FTX2VYuy2PhsiJO5+Pc116GrU9r23zVNtH2/fwtsgZDlIH6oEGDWLN8TT0Hqu+DOc8njy5rHh9dP96DumNfombNyr9lS2gl1SC4+u04NJ7PedhLMki9CtjbW3dVflpamtlhJaAZ8EZFRbEqXZOTkxASEqK1BbI5pk2bzpqtu27dWoMB8NKlSzT2YcrsYvUq4GXLtLeKVVKv/jVFaanY6DbTf1eS6nLcKC/GjbJi2HOc4PF0fzwzdDwEXb1g39nJ4serk1VDcqsCkptlDyqLKyDK/x737zUx2zh39YagiwdcuvWEi5sPunR/GvYc82boEkIIIYQQBeuHvQDyZNm6KAILJ4cgYuke7PvmPGvurrKC9+usXxEzfghzv0TegNP5VwAAA/qwZ32MHPgPXKtsvWI0NeFf+LOyBqP//V+s/PR71rbbvsjCqDd3YOHkEOxdOZXCX0KIQZwhQ9CrpASuD2YwSvbtQ7nKL9caRSLcLS6GjYcHJPv3My2gATChLaCY2WunEgBI9u1jqm9VQ11lINtUUYGaxERW2Kx8TBvJ55/j7oMKM3uhUGPOry6yB+2f71VWQrJ/P2w8Wjsi6DseIUSTMgTdtWsXiouLIRKJmF/YDxo0yOT9KatrU1NTWbNxlZRBbnJyMurr65GRkYGGhgYEBwcDUMyrdXBwQGxsLGbNmgUArHnB2tTX1yP1wcUqgwYNgo+PDzgcDvLz8yESiVBdXc1U56qGmvooA8vMzEyIRCKDa2gL5czehjM5sPX2BGfEcFjzebDv11fnc2y8FD/36o5noiH7LBrOWCZ4Up6f/Px8ODg4QCgUwsHBQWvrZh8fH3Tp0gUlJSUQiUSor69nzrM5nx3yeHGc9Co8TuWAM0Z/lf7fQSdPL3RLPopuB76E/ZBhD3s5ekVFRcHLy5u5XVoq1rltUhK7+veTTz5FfX2Dzq8vvmC3ej1+PB0SSet83fnz54OndkHiG2/MaVMoqkq9OrawsBBz5sxhrUHV7NmzWXOLlWs0lWrIXViou/W0RCLB8ePprPsqK6/rPafTpk1nbW9uRfbfhcDVE74DQhEyYT6CQmPgNzAM3byEGuFvTdU1ixzPkecKj6f6o+/Q8Qh+/k28ELUG0xftx0tvbMOYl5chcORUOHf1huz2X8g7fQg/HNmAL7bPwZGP5+GnYx/h4s9HUf5HPurltyyyHmOY0vaaEEIIIeRRRRXAxOJGBfbCqcBe2Hv8HEbN3YHRg3th4eQQnNo5DxcvV2Dv8fOs7WM+OIQWAJ+/NwVxW1IRMTKAFd4qK4ABRRWw5Kd1OJV3han43fZFFj4/fg4RI5/BxST2lcmEEGIMQUyMIrStrMTd4mI0ikSwFwpb5/VyuWjIUYQGdn5+TBir2kpZEB2NqgdBsiwlpXXfD2Z6MmGyuzvulZfjXnk5OqnM771bXKyzKtdlwQJUr18PAJDs3w/H0FCD1buyY8fQXFsLG3d3Zu227u64V6HozKA6x5gQYti0adOwbds2nDlzBmfOnAEAcDgcREREmDWvdcSIESgtLUVmZiYWL16s8XhkZCRu3rzJOp6XlxciH7Spz87Oxi+//MJsz+FwWC2b1anOF37ttdeYbRcuXIht27Zhw4YNrMcNVRIrhYeHo7i4GCkPfu4NHDgQgCLYjlRrqd9WLivi0CQuY7WIBoCnywp1zvt1WRGHqjeX4PpURQtrTrDiZ2fF81PQS6470DFEKBQiIiICGRkZeP/995n733rrLa3vg7bzHBYWpvc9I08OZTVwY+7/IPl/mzukAtaaZ94M7I5gH/RPdEv+Z4eeD3MkJCRgypTJercRi8WscJTH4xms1J04cSJ4PB5kMkUbe6lUivT0dOZ5AoEAGRmZGD6cHZIvW7YUiYmJmDhxAvr16w8fHx9IJBIUFhaisLAAt29LDLbYBxQXpWzc+B+8/Xbr7L+kpAPIysrCxIkTMGKEonK2sLAQBw4c0Ai/V6x416yZxD4+PhrVx9qkp6dDKpUyt8ePH2+w2jgqKoq13+TkJCQkJOh8XlJSErKzs7U+5u3tbbFq68fZlaLTuNtYBxe3nu12DCe+G5z4bvB8eiDr/ttVYlT/9Qdu/fUnblb+jrIrecxj9hwuXNx8wBV0A9e5G/gu7nDidwXPuTs62diZtQ65pApyyQ3Iaq6jk42dYmZxV2/Y2Nq36fURQgghhDxsVi0tLS0PexHkyaacx/uUuwsiRgbgxZHPMI9dvFyB1NNFiBgZgAF9PDBq7g7EjB/CtIE+lXcF167XaLSF/vr0r0g9XYRfLlcgdkqIRmhMCCG6NOTmomLGDACKCmCPpCQ0y2S4OqS1M0GvkhI0y2S49uyzsOZy0fPkSeYx9W099u8HJyhIsf3o0WiurWUeU+4fAG68/TbkqalwW7+eVRWsvB8AuBER6LZxIwDgikrLVY/9+9Fw7hzTwtmay0XPn35StKTW8noAoGL6dDScPw+v1FRWxXDpiy8yAbZgxgyj20kTQhTEYjHTJtnHx4fVslf5mPL++vp6iMVidO3aFa6urszcX9VwVbmNknrwqtyntupS1bXoCmyVwe8777yjdc1KyrWpPy4SiXRWtipVV1fj5s2bzOtU3hYKhQbPiap74jI0lZbD1tsTNj5eOo+n3A4Aa9uG7LNaK4KV29sH+MNawEdj4W8AoLGd+loN3QbY75/qeUpJSUFqaqpGW27leVZ//do+G+TJdb+8DJLtm1D/Q4ZFW0N3cveA06RX4TTpVXTyZH8PlfYx7YIv+yHD0C25Y2b2aguC+fPjwH9L8+IYS3FwaP23Y3DwCJ3BaVhYGNO2WFV9fQMAxXxg1XbN06ZNN2pe79KlS7Bjxw7mdr9+/ZCTk8vaJi0tDXPmzGaCYkOUr+PXX3/F0KGtf1cdPvyf+PHHHzW2V1+7MebNm4eEhI8M7uv77zO0tmAWi8UQCjU7TKi+B0FBQ1nzhr/44rDBFtWAolOHaivujRv/gwULFgDQ/T5qo+/z8HdRU3UNZ775GBNnbnzYSwEA3L/XBGlNBaS3KiC9VQmJ8r/VZaztOI58RTAs6Aaec3fwXHqgs4PiYpimuw1obKhF4x057tTJIK2pRGODHLZ2HPC7eKCrR2+49wyAnb2jtiUQQgghhDw0xv57QBuqACbtLmb8UMSMH8pU/245dBrOPI4i8B3UCzEvDEVPdxcAwKmd81jPHRXYC9cqa3A6/w9cvFyBU/lX8GdlDUYN6oWFU0IwoI+HtkMSQohOzfLWX7Q2FhejIioKTRWt88rdlJW2+/ahWS4HT62CzZrHA2fIEGYWcE1iIjyCgmDN48ExNJQJcwHF7F1AERrXPfjFm/qcX6exY5nnyFNTIYiJ0driWRAdDdmxY8zM4Ovz5sHjwAHW2u8/eG0NubloOH8edn5+GvtyCg1FzYMAWHWOMSHEOPqCUPXHlK2BlbSFe+rbtOV4+hgKFnU9bkwg6erqygozVW8bOieqbHy89Aa/hrZTtog2tL2ultHqazV0G9B8PWKxmKna5nA4Gs9py3kmTw7lTNwuG4GGH77HndyzuHPuLJqKL5m8L1s/f3QeOhwOY8NhH/TPdlht+3uUK4Lj4+Mxbly4zsfVWw0b2xp5/vwFrAC4sLAQBQUFrMraiRMnIiQkBEuXLkV6elqbfvGjTXx8/IP9L2EFrtp4eXlj165dbZ6ra6gKuKCggLUWLy9vo8JfQHN28o4dO5gAmJjm4pmjCH7hzYe9DEYnG1u4uPXUWo0sq7muCIZrKnGnXo6muw1outuAm9ev4Lr4N7RAUfNi39kJDlxnOPHd0KNnAPyHPA+Oo/FzrAkhhBBCHkcUAJMOM6CPB7YuUgS2EnkDTuVfwcm833HxciUkcsUV1NLaBgi4HEjkDWgBIHDiQMDlYEAfd/Ts4YItsRFMWEwIIeZoyM0FR6WCFy0tsHV3h9OYMUxr5WaZjNnuvkyGZpmMCUnvlZczIbDy+bJjx8CbNAmCmBgmzLV2cmLC3prt22H/YF6ksr20rvXUbN8OwcyZrPvqTpwAJygIPf77X9Rs345mmQxoaUFDbi7uikSsbRtFIsiOHWPuU2/z3CyTaRyPqoAJeXL5qnQTIO1POU/Z19cXkZGRWqutCVHFGTsOnLHjAADNMimaRL/hXkU57pUrKtvuVZQx/y+38VBcyGDj6QUbD0+TAl/+/DiT1mXjafhiDEtTDYKbLRx2qluxovXvPvoupgkJCcHGjf9htSRWkkgkrFbBfD7f6NbIyjbMqvvVdgyBQIBdu3ZBIklAVlYWCgsLkZWVxdqmf/9+8Pb2YcLZbt26sVrTe3npfi9DQkKQm3sOBQUFSE9PR2FhASQS6YNj89GvX39MmDDB4OtSD4b1ndP4+HidF9hIpVLWe9OvXz+9x1WlrW2zRCKBQCBAVFSU0eG1OWMdnjTdvf3btfWzJfFceoDn0gMd/xOLEEIIIeTRRy2gCSGEEEIIIYQQQgghhBBCCCHkEdKWTkDWFlwHIYQQQgghhBBCCCGEEEIIIYSQh4gCYEIIIYQQQgghhBBCCCGEEEIIeULQDGBCCCGEEEIIIYQQQgghhBBCCHmERUdH63xs3759rNtUAUwIIYQQQgghhBBCCCGEEEIIIY8w9ZBX3/0UABNCCCGEEEIIIYQQQgghhBBCyCNOPezVFQpTAEwIIYQQQgghhBBCCCGEEEIIIY8BZeirK/wFAKuWlpaWjloQIYQQQgghhBBCCCGEEEIIIYQQ/WQymdnPpQpgQgghhBBCCCGEEEIIIYQQQgh5QlAATAghhBBCCCGEEEIIIYQQQgghTwgKgAkhhBBCCCGEEEIIIYQQQggh5AlBATAhhBBCCCGEEEIIIYQQQgghhDwhKAAmhBBCCCGEEEIIIYQQQgghhJAnxP8H0efGrKmAU7cAAAAASUVORK5CYII=' height='250' width='300'/> ]]>
  </system-out>
</testsuite> <!-- com.tribu.qaselenium.tests.mazaprendo.MAUploadEvidenceTests -->
