<?xml version="1.0" encoding="UTF-8"?>
<!-- Generated by org.testng.reporters.JUnitReportReporter -->
<testsuite hostname="station" failures="0" tests="1" name="com.tribu.qaselenium.tests.apimazaprendo.MACreateF2FCourseTests" time="45.387" errors="0" timestamp="2022-04-07T13:25:23 COT" skipped="0">
  <testcase classname="com.tribu.qaselenium.tests.apimazaprendo.MACreateF2FCourseTests" name="createF2FCourse" time="45.387"/>
  <system-out>
    <![CDATA[ <img src='data:image/png;base64,iVBORw0KGgoAAAANSUhEUgAABLAAAARMCAYAAACJcWqtAAAAAXNSR0IArs4c6QAAIABJREFUeJzs3XlYVGX7B/DvsCPIoiKLW4M74Iq4k6mor3smpuVS+iqWqWSZYqUpam6ViksJaSam5q5IpYCmCYoKbixqiaUIIuqwDwjM/P7gN+dlYBgGGJgxv5/rmgvmLM95Zs6c7T738xzR8OHD5aCXzvnz53VdBSIiIiIiIiJ6idy/f7/a8xposR5ERERERERERERaxwAWERERERERERHpNQawiIiIiIiIiIhIrzGARUREREREREREeo0BLCIiIiIiIiIi0msMYBERERERERERkU4dP35c7XgGsIiIiIiIiIiISGcUwSt1QSwjuVxeV/UhIiIiIiIiIiISlA1aHT9+HKNGjSo3HQNYRERERERERERU5yrKuFIVxNIogDVx4kRMmjRJK5XbvXs3fvrpJ62URbq3fPlyyOVyLFmyRNdV+dcTi8V488030bNnTwDAxYsXsX//fty7d0/HNSMiIiIiIiKqOlWZVhUxkMvlqOylreAVAEyaNKnS5fFV+y9tEIvFcHNzQ4cOHSAWi7VSJqnm5uaGb775RgheAUDPnj3xzTffwM3NTYc1IyIiIiIiIm0Si8UYP348LCwsdF0VvaJRACsnJ0drC8zJydF58IYv7QSwRowYofJ/0r7Zs2dXaxwRERERERG9OMRiMfz9/TFhwgT4+/sziFWKRk0Iv/rqK4wZM0YrCzxy5IjWAiikOxYWFhgwYIDwfsCAAdixYwdyc3N1WKt/J7FYDHt7+wrH29vbQywWsykhERERERHRC27hwoWwtLQEADg7O8Pf3x9LlizhtTY0DGBFRkYiMjKyDqpDL4r+/furHHbixAkd1ObfTZOIO6PyREREREREL67GjRvj8ePHWLNmDfz9/ZWCWCNGjMDPP/+s4xrqnkZNCHX1+v777xEWFoZVq1ZVOu3kyZMRFhaGbt26VXk5/fr1Q1hYGMaMGaPR9Nu3bxcyySp7tWnTBsOGDdP5d6ntJoSqmgxqqxlhdHQ0MjIycPjw4XLjGjZsCD8/PxgbG1dazujRo5GRkYE5c+ZopV668sorr1Q6jZ2dXbXK7tevH65fv46MjAwMHz5cadyECRNw7do1pKWl4fTp00p9bXXp0gWnT5/Go0ePcO3aNbzxxhvCuAYNGmDPnj1ITk5GUlISli5dKowTiUTw9/fHX3/9hdTUVAQHB8PGxqZWl1nZ5yQiIiIiItKl/v37Y9u2bejfvz/u3buHJUuWKHXlFB8fX2kZzZs3R0ZGhsrXnTt3KpwvIyMD4eHhAIA33ngDGRkZeP/99wFU7fq7qq5evarxS8FI67XQktatW6NFixaIjo5Gt27d0KBBAzx79qxWlhUXF4cvvvhC4yZYmzZtgomJiUbTTpw4EY0aNUJoaGhNqigQiUR11gSzcePGFfavpKpJm729Pfz9/VVOv3nzZjx+/LjSZXbu3Blt27bFqVOnMHDgQNjb2yMtLU0YP378ePj5+WHTpk0oLCxUW1Z0dDQmTpyIhISESperz/7+++9Kp0lPT69yubNmzYK/vz+SkpLKjXNzc8O3336L6OhoBAYG4uOPP8bu3bvh7u4OIyMj7N27FzKZDMuWLcP48eMRFBSEGzdu4K+//sLGjRsxePBgrFmzBu3atcOHH36Iu3fvIjg4GD4+Ppg7dy5++uknPHz4EJ988gny8vIwc+bMWlumus9JRERERESkS/3798fcuXMBQPh75swZLFmyBP7+/tixYwfi4uI0Lu/evXsIDAxUGpaXl6fRvBcuXMDEiROFgFlVrr/rgkZNCB0cHDBo0CCtLDAsLAyPHj2qdLpBgwYhNzcXAQEBCA4ORv/+/XHw4EFhfPPmzfHJJ5+gZcuWSEhIwD///AMAkMvlsLOzw969exEaGgpDQ0P0798fqampWLZsGSZOnAhPT0/cu3cPX3zxBZ48eQI3Nzd8/vnn2LJlCw4fPozdu3ejsLAQe/fuxfTp02FsbIxjx45h586dAIA5c+agQYMGGD16NAwNDTFjxgz0798fVlZWSE1Nxd69exEWFoYffvgBzZs3BwCEh4fD29tbWPFnzpzBhAkTMGXKFOTl5WHOnDno0aMHjI2NcfPmTXzzzTd48uQJBg0aBD8/PwQFBWHIkCHCuLpgYWGBDh06VGmeiqbXtInb+PHjkZWVhfnz5+PatWvw9vbGli1bAADr16/H1KlTAQAPHz7EtGnTcOrUKaxbtw5DhgyBsbExLly4AF9fX6SmpqJHjx748ccfsXjxYmzatAn169fH4sWLMXToUNjY2OD27dtYuXIlzpw5AwDo3r07li9fDjc3NxQWFuL333/HRx99VGuBU01p0ta5Ou2hCwoKMGDAAAwYMKBcxtLYsWMhEomwaNEiXL16FQ0aNMD8+fPRvXt3mJubw8HBAUuWLMG3336LxMREHD16FGPGjMHmzZsxdOhQnD59GuvWrYOZmRlGjRoFb29vBAcHw9vbG1lZWZgzZw5kMhleffVVjBo1CrNnz661Zar7nERERERERLpSOnilUDqI9d5771X5Wu/hw4f49ttvKxy/aNEiTJs2DQCwcuVKpQSZXr16YceOHVi0aBHatGlT7vpbVSupuqRRAOvrr7+Gg4ODVhY4ZMgQTJw4Ue00iqBTZGQkUlNTcePGDQwaNAgHDhwQplm0aBFatmyJTZs2ITc3V2gmJpfL8fz5cwAlzYa+//575ObmYuzYsVi/fj127dqFJ0+eYMKECRg/fjw2b96stMLkcjkKCwthb2+Prl27Yu3atZg1axYmT56Mc+fO4e7du0rTDh48GOPGjcPWrVsRFxeHN998E++99x5iYmKwfPlybN26FSkpKVi3bh0yMzNRWFiIRo0awcXFBVu2bEFOTg5mzpyJwYMHY+PGjcjOzsbnn3+O9957D8uXLxeinGPHjsWhQ4eQkJBQZxlY9+7dQ0BAQLkNqqoCAgI0ym4zNDSEt7c3QkNDcf/+fURGRmL8+PFCAGvDhg1wc3ODh4cHRo4cibi4OPj7++Ott97C/PnzIZFIsH37dqxcuVLYIEvbvHkzRo8eDX9/f8THx+OLL77AgQMH4OnpicTERPzwww949uwZ3njjDTRs2BBbt27FvHnzsHjx4hp9/pq6d+8e0tLSKuzIPS0trVoduG/fvh0AlDrjV2jZsiUACIFhRflt2rSBqalphePEYjGMjIyEcfn5+Xj06BHatGkDAGjVqhUePnwImUwmzNuzZ080a9as1pap7nMSERERERHpgqrglcK0adNw6dKlaiUqmJmZCYk0CpmZmcjMzMTQoUOxcOFCREZG4uuvv8akSZMgEolUlqPq+lvXNOoDS1vBKwBwdHSsdHnu7u6wtbXF1atX0ahRI8TExKBVq1Zo0aIF5HI5GjRogDZt2iAuLg7Hjh1DeHg4zp07V25ZycnJOHbsGPbu3QsAePr0KY4cOSK8b9asmVKfUKX/NzExQUBAAC5duoRffvkFQElfRGWDXYqmhC4uLrC1tcX69esxZswYPHnyBH/99Rfkcjny8/MRHx+PoqIiAEC9evWwevVqhISEIC8vDzt27MDYsWNx9OhRREREIDc3F87Ozkr1OX/+PPbs2YNr167VaR9YZ86cweLFi5Xa32oqJycHixcvFjKcKjNgwADY2dnh/PnzcHJywu+//46OHTuiXbt2AEqCF1lZWQCA2NhYSCQSLF++HG3atMH333+PQ4cOISsrS6nfJAVFxlx0dDS++eYbnDx5EqtWrYKRkRHGjx8PoGS9ODo6olOnTrh//z7EYrHOg1cKly5dqta46lJ0GKgIBhcUFAAo+Y4U2XSKYerGKcqoV68egJJMvNLjFP9bWFjU2jKJiIiIiIj0ibrgVU5OTo2eOtitWzfcuHFD6aVI+BkyZAgAYM2aNTh9+jQ+/fTTCstRdf2taxplYF27dg2dO3fWygIVARh1Bg8eDKDk8ZGlDRo0CIGBgUKnz8+ePRPKUvQBVDpA8+TJE8jlcmHFP336FHK5XAjGGBsbl6uL4n1ubi6ys7MBQJjexMSkXAArJCQEzZs3x5AhQ/Daa6+huLgYERERWLdunVIb0dLz5eXl4enTp8L7Tp064d1334WTkxNEIhFMTEyQkZGhNE9ycnKdZV6VFRcXJ7S/VQQZKqPY6KqSGTRhwgQAEDKuSg+vqOmXp6cn/Pz8IBaLYWBgAFNTU6XvVqFZs2YAgAcPHgjDHj58CABo0qQJgJL+yr7++musXbsWAHD//n34+vpqHICrTSdOnMDIkSMrHKdtit+8qakpcnJyYGZmBqBkuyguLgYAYVjpcYptTTFMUYZieG5urtI4xf85OTm1tkwiIiIiIiJ9oUnwqjotbBQSExOxYsUKpWF//vkngP89/EvRrdOjR4+E1jEvAo06cf/www+1GsBSx9zcHL1790ZsbCz2798vDJ8xYwYGDhyIwMBAZGRkACjJqlFo3LgxAOUAVtm/ChW9r2j6skqPLywsxIYNGxAQEICWLVvi9ddfx/Dhw3HhwgWVgQ+5XK70AzE2NsZnn32GZ8+ewdvbG3l5eUodviuWpbiA1xXFkxA0CWJVZ6OztLTEsGHDcPbsWWzdulUYvnjxYnh7e6sMYJmamiIoKAhpaWlo3749cnJylAJUpSmGK4JVAIS0SsW4qKgo9OrVC3Z2dujTpw/Wrl2LtWvXwsPDQ+PPUVseP36MuLi4ctllcXFxGnWOX1WKp1Q4Ozvj6dOnQvO+xMREIeNJLBYL0yjG3bt3D4WFhcIwCwsLODg4CBmSt2/fRocOHWBkZISioiK0bNkSubm5uH//fq0tk4iIiIiISB/UdvAKKEncqeghcopkDwcHB9y5cwdNmjSBgYFBjZZXlzTKwAKg9OjC2tSvXz+YmZnh1KlTuHDhgjC8bdu2mDp1Kjp37oyrV6/i7t276NChA0aNGoW8vDz07dsXAMo1kavO+7L/q2piqHj/3nvvYeTIkVi5ciXS0tLw5MkTAIBUKoVcLkdBQQGcnJzQp08fxMTElCvb0NAQxsbGMDY2RtOmTTFgwAAUFhbC2tpaaOKoqm66oOmGZGlpWeWNbvTo0TA3N8eBAwdw8uRJYXjnzp2xaNEieHp64o8//oBUKgVQki119uxZmJiYwMTEBK1atcLYsWNRUFAgNDEt7dmzZzh27JjQYfidO3ewaNEi5OfnY/fu3XBwcEBUVBROnz4tPDExLy/vX53F4+HhAScnJ7i4uAjvjYyMEBsbi4MHD2LevHlYuXIlTpw4galTp+LPP//ElStXYGRkhAcPHmDmzJkoLCzE+PHj8fz5cxw+fBhSqRQhISEYPXo0/Pz84OLiAiMjI+zZswcA8PPPP6Nnz57YvHkzHj16BA8PD+zcuRPFxcW1tkx1n7OigCcREREREZE21UXwCgCaNm0qNBksLTg4GGFhYZgyZQr8/PxgaGiIKVOmqI0zlL7+/vXXX3V+/aRRH1h1+VI0H7x48aLS8KioKACAl5cX5HI5VqxYgbt372LWrFnw8vLC0aNHAZRkNJWmqo8rdQErVe/VBbD27NmD6OhoLFy4ENu2bcPAgQPx7bffIioqCnK5HIcOHYKxsTHmzJkDa2vrcmXn5eVh69atMDIywurVq5GVlYWAgAAYGRnB19dXZV3qsg+s0sRiscZNCBWZMppS9EMVFhamNPzUqVMAgDfffBMAsGvXLjx79gwLFy6Ei4sLlixZAlNTUxw4cADPnj3DokWLYGJiIjQDLG327NnYvn07Zs2ahe3bt+PZs2d4/fXXkZSUhEePHsHPzw+urq747bffsGfPHvz111+YPn16lT5HbbGwsMArr7xSbvgrr7yi8RMey/rwww/x448/Ct+t4r2npydu3boFHx8f2Nvb4/PPP8etW7fw9ttvQy4vecjBxIkTkZqaiiVLlqBevXp45513hE7UP/roI/zyyy/w9fVF7969sXLlSuEJoj/88AM2bNiAIUOGYMaMGThw4AA+++wzAKi1Zar7nERERERERLXNwsJC5YPGAO0Gr4CSa8Tly5eXe9nZ2eHEiRMICAhA+/btsXXrVpw6dQrZ2dlC395llb7+7tatm1bqVxOivn376jath3Ti5s2bVZ5nxIgR+O9//6vRtNu3b6+Vvpmq4vXXX8fOnTuxePFibNq0Sad1qYn+/ftj/Pjxap9C+PPPP+tFX11ERERERERUnlgsLtclj7aDVy+C+/fvA6haK78uXboA0LAJ4bRp0yqMFlbVjh07sGPHDq2URXVL1dP9oqOjAQA9evQoN60uA1hisRjDhg0DAL14WkJVNW7cGG+++SZ69OhRadabvb095s6di2nTpiE6Ohr79++vlX6xiIiIiIiIqHrK9iv9MgavakrjAJa2TJs2Ddu3b9daeVR3XF1dhf9zcnKwY8cOIeunf//+mDZtmhBsKT2tLgwePBhjxoxBdHQ0jh8/rtO6VFXZ71JTlpaWGDhwIHr06KG0boiIiIiIiEg3xGIxhg8fjs2bNwtBrIULF2LNmjUMXlWRRt3NZ2dna22B2iyL6k7jxo2FgEpcXBw+/vhjpQDJmTNn8PHHHyMuLg5ASTBF8WRIXdi2bRvs7OwwZMgQZGVl6aweVdW4cWPMnTu3ysGr0iwtLTF37lydfv9ERERERERUkqAwcOBAzJ49G0BJJtZ7773H4FU1aJSBtWLFCkyYMEErC9y3b5/On6ZHVZebm4vo6GjExcVV2DTw8ePHWLx4MUaMGAE3N7d/9RP8apMiCEhEREREREQvNgsLC4SEhLCFjBaIevbsyWjSSygxMVHXVSAiIiIiIiKil0itd+JORERERERERESkKwxgERERERERERGRXmMAi4iIiIiIiIiI9BoDWEREREREREREpNcYwCIiIiIiIiIiIr3GABYREREREREREek1I5lMJrwRiUQ6rAoREREREREREf0baDthyqg2Cyf9xXVNRERERERERC8KNiF8SXG9ExEREREREVFdqWmrP6Nr165pqSqkC0lJSXB2dtZ1NaiGuB7/Pbgu9QPXA1WEvw39x3Wk/7iO6ga/ZyKqjkuXLsHNzU3X1ahQUVFRtec10GI9iIiIiIiIiIiItI4BLCIiIiIiIiIi0msMYBERERERERERkV5jAIuIiIiIiIiIiPQaA1hERERERERERKTXGMAiIiIiIiIiIiK9xgAWERERERERERHpNQawiIiIiIiIiIhIrzGARUREREREREREes1I1xUgopoJCQlBbGws5s6dC1tbW11Xh6pBIpFg7dq15Ybb2tpiwYIFOqjRy2vXrl1ITEyEmZkZXF1d0bt3bzg5Oem6WqRjUqkUoaGhSEpKEn4bAwcO1HW1SI2YmBgcPHhQaZi3tzfc3d11VCMiIiKqqSoHsCQSSbkTArFYDC8vLyQlJcHZ2VlrlaO6k5KSgqioKADgBdsLJCYmRlhvwcHBmDt3ro5rRNUhkUiqNJxqz7hx4xAYGIhHjx4hJiYGMTExvOglnDhxArGxscL71NRUyOVyeHl56bBWpI6q/Sf3qfpBKpUiMTERKSkpSE1NBQA4OjrCyckJ7du3h7m5uY5rSERE+qpaAaykpCSlYXK5HAAQFBTEE/0XkEQiQVBQEPLz8wEA8fHxzOZ5AZS9u5yamoqDBw/C29tbh7Wi6nB2doaDgwMePXqkNLx37946qtHLy9zcHD4+PkIQCwAOHjwIW1tb3qB5SUkkEqXglUJsbCwDWERVFB4ejsjISOGcU0FxbWFmZoa+ffsyw5GIqI4kJydDJBIBAOrVq6f3MQCt94F18OBBxMTEaLtYqkUxMTFKJxL5+fmIj4/XYY2oMqqaRgDAs2fPuP29oHx9fSEWi4X3AwcOxMiRI3VYo5eDVCotN8zc3Lzcd3/ixIm6qhLpGWZIEtWcVCpFUFAQIiIilM45bWxsYGNjI7zPz89HeHg4goKCVO6fiYhIux4+fIjk5GQkJyeXu5muj2qlDyzFhTUzsV4MqqKsTN/WXxUFr7y9veHi4oLAwEAhFZ9eLGZmZir/p9oTGBiIcePGldteUlJSlN6npqZCIpHo/V0pqjtdu3bVdRWoBs6fP4+CggLhvZmZGfr06aPDGv27BQcH4969e8J7sViMcePGCftUiUSCAwcOCNMkJSVh9+7dmDFjhk7qS0RE+qnWOnGvSRCruLgYx48fx7lz5/D48WOYm5ujTZs2GDdunFKGQnVkZmbi1q1b6NGjR43K+f3333H69Gn4+/uXG3ft2jXs2LEDAQEBNVpGXXF3d0dSUpLQRKJr1641Dj6+++675dLDAcDBwQEbNmxQO++ff/4JIyOjGq/rsqKiotCxY0dYWlpqtdy6pC54pVhnPj4+CAgIgI+Pj1YutnNzczFv3jw0bdoUS5YsqXF5qqSnp2P27NnYs2cPDA0NtV6+uu1VV5YuXap08VRWaGgoQkNDlYa1b98eU6ZMqdFy9+zZg1OnTmHhwoVo3759jcpSpfR3vXXrVjRo0AATJkzQ+nK05dGjRwgKCsKMGTOUglhlm8oD0FoAKzo6GiEhIfjnn39gYGCAZs2aYfjw4ejVq1eNyz58+DCOHTuGwYMHIzMzU2++f1XbuFwux7Zt22BsbIwpU6bA2NhYx7VUTVUwWXHxDUA4fkqlUri6ulYrsHXgwAH8+eef+PTTT5WGX7x4ETt37sR3331XvcpXUW3vi/VJ2f0rALUBrPz8fLzzzjv45ptv0KRJE7VlSyQSLFu2DLm5uVizZg0aNGhQ4/q+yMLDw5WCVzY2Npg8ebLSzVJbW1tMnjwZAQEByMjIAFCybYWHh1e5qW5tn7e8aOf5RETaUlRUhOzsbJ3e0K3VpxBWN4i1ceNG/P3335gxYwbatGmDgoICnDx5EkuWLMGqVavQtGnTatfpxo0buHbtWo0DWL1790a3bt1qVIY+cXd3FwJY2sqc8/PzQ+fOnas83+nTp9GqVatyASxFX2uKNrpVtW/fPjg7O1cpgCWTyWBgoPWWttWiSfAKKMmemzx5Mg4cOAAvL68a99vz+++/o1+/foiJiUFqaiocHR1rVF5ZMpkMDRs2xLZt22rtgkkft1d1wauKqAoKV0VRURHOnz+PSZMmISwsrFYCWKW9++67Vd5+6nqbMzU1RX5+PoKCgjBu3DhIJBIkJCSoDGBpIyvu5MmT2LNnD9555x14eHjAxMQEly9fxrZt25Cfn4/+/fvXqPzIyEhMnz4dnp6eyMvL0+p3WZN9sKpt/P79++jXr1+t/w5rysnJCTY2NsJFNQCMGDECQEmfkbt37xaGJyQk4OHDhy9k89+62Be/LG7fvg2ZTIbAwMAqbS/6dM6hLVKpFJGRkUrD+vTpIwSvDhw4AJFIBG9vb5ibm8Pd3R0RERHCtJGRkUrTa6K2z1uIiF5GRUVFSExMhK2t7b8ngDV8+PByF1hVbb+emJiIy5cv46uvvhLucJmammLcuHFwcHAQ7tCmp6djx44dSElJgUgkgpubGyZPngxTU1PMmTMHw4cPR0xMDLKzs2FsbIyPPvoIKSkp2LlzJ4qLi7FkyRL4+/tDIpFg+/btSE5OhoGBATw8PPDmm2/C0NAQ3333HSwtLZGeno5nz54hOzsbPj4+cHFxQVRUlJBlkJWVhS1btuDBgwewsbEpd6F88uRJnDx5EjKZDGZmZpg0aRLc3Nxq8E2/+DIzM7F161akpqZCJpOhadOmeP/99/H777/jjz/+QExMDB4+fIj//Oc/+Pjjj/Hmm2/iyJEj+Oqrr+Dn5wdfX1+4uroCAHbu3AmZTIZp06ahsLAQwcHBuHLlCoqLi9GnTx9MnjwZ69evR1paGlauXIm33noLly5dQpMmTYQ76JcvX8a+ffvw9ddf48yZM7h48SKMjY2Rnp6ONWvW4Nq1a/jpp5+Ql5cHQ0NDjBkzpsYXmlUVEhJSblhFD01wcnKCra2tkFlSkyBWREQE5s2bh/r16yMiIgKTJk0CAKSlpeGjjz7CpEmTcPnyZUgkEnTo0EEIWqSlpWHbtm1IS0uDTCZD9+7d8e6770IkEmHLli2wsrLC9evX4eLigpEjRyrd9T9z5gxOnDiB4uJiWFlZYerUqRCLxXj69Cl8fX0xffp0/PHHH5BIJBCLxZg9ezZEIhGePn2KoKAg3Lt3DyYmJvD29ka/fv2UtlcAOH78OMLCwoTy//vf/6J169bV/o5eFJcuXULr1q3Rr18/HDhwADk5OUJA97vvvoO5uTmePHmC1NRUmJiYYOrUqThy5AgeP34MGxsbfPLJJzA1NcXmzZthYWGB9PR0ZGRkoKioCDNnzkTLli2Vlrdz504hA6iwsBBBQUGIj4+HTCZDixYt8P7778Pa2lrlNldXXF1dERsbi/z8fAQHB9fqsgoKCrB3715MmTIFAwYMEIb37dsXNjY2MDIqOSQ/f/4cu3fvxo0bNyCXy2Fvb4/p06ejcePGOHfuHP744w80b94cd+/exbNnzzB06FAMHToUX331FVJTU7Fnzx48ePAAGRkZwvev2Oc+ePAADRs2RN++fRESEoLNmzcjLCwMkZGRWLp0KYCS7IVp06bh+++/h1QqLbcPLiwsrHDbrmgf/PTpU6VtvKLjYmXbuK706dNHyNgxNTUVsvXCw8PLTRsVFQUvLy+tN8Wv6LhpbW0NHx8ftcdFTbe9+fPnK62nhIQEBAcHC8HQQYMGYdiwYQBKbjYdP35cCLqMHDnypep4u6JzxOLiYuzcuRM5OTmYN28elixZguLi4grPWcseD1u1aoVz586hSZMmuHv3LjIyMjBz5kxERkYiOTkZeXl5mDdvHpo1a4bCwkLs3btXuAHZokULTJ8+HfXr11f7e6lLCQkJ5a4NHj16hIiICKUHJHTt2hXOzs5wdnZWCmDl5+cjISGhSjdXVZ235ObmYubMmVixYgVeeeUVACX9vixYsACBgYGYN29ehdtQZef5L+s5BRGwXag4AAAgAElEQVS9PBTBq7y8PACqb2bWr18fVlZWtV4XrdzmycjIwL1799CkSRO0bNlS6VVZmnVZN2/erHA+T09P2NvbAwA2bdqEZs2aYePGjVi3bh0ePnyII0eOAAAMDQ1x48YN+Pn5YfXq1TA3N0dYWBhcXV0xaNAguLu7CxeymzZtQqNGjbB+/XqsWrUK8fHxwoHT0NAQUVFR+O9//4vly5ejf//++Pnnn8vVa//+/TAyMsKWLVuwdOlSXL9+XenzHDx4EJ999hk2bNiAt956C1999RWys7Or9L1ok0Qiwb1795ReiscYAyV9vZQdX7Y/mJr65ZdfUL9+fQQEBGDTpk1o27Ytrl27htGjR8PZ2Rnjx48XmpQ8f/4cBQUF2L59e6Vp+EePHkVKSgo2btyIDRs24ObNmzh16hR8fX0BAJ999lmlT3YzMTFBYmIiBgwYgDVr1qCwsFBYd1u2bMH777+PwMBAZGVlae370MSUKVOUOjpV98TPmJgY4aSwJp2gJiQkwMLCAs2aNUO/fv1w/vx5FBUVAQAMDAxQVFSE58+fC9mRsbGxiI6OBgB8//33cHZ2xpYtW7B27VpERUXh8uXLAABjY2NcuHABfn5+mDZtmtIyExMTERwcjAULFmDDhg0YPnw41q5di6KiIhgaGqKwsBCZmZlYvHgxVq5cievXrwsPHdi8eTOcnZ3x3Xffwc/PD99//z0ePHigVP6dO3dw+PBhoYlbt27dEBgYWO3vSFdCQkKwaNEilVl5FQkLC8PAgQNhbGyMnj174uzZs8I4Q0NDXL16FbNmzcK6desgl8sRFBQEX19frFu3DhkZGbhy5QqAknUfHR2NWbNm4csvv8SAAQOwZcsWtcs+ceIEUlNTsXHjRmzevBnFxcXCPrvsNleXqtLnTVBQUI32hX/99RekUik8PT3LjXNzc0O7du0AAEeOHEFycjLWrVuHjRs3QiwWY/PmzQBK1lN8fDw8PDywdOlSzJkzB8HBwSgsLMT8+fPRuHFjTJ8+HW+//bZS+QcOHIChoSG2bNkCPz8/nDlzRqNMD1X7YHXbdkX74NLUHRcr28Z1RXFRC0CpqWlFnZ2WPqZqS0XHzcpUd9vLycnB2rVrMWHCBGzcuBGff/45Dh8+jJs3b6KgoACBgYFYtGgRAgICsHjxYly5cgWFhYVa/9z6qqJzxA4dOmDy5Mlo2rQpNmzYgAYNGqg9Zy17PDQ0NERiYiIGDhyIFStWoEePHli3bh1Gjx6NFStWwM3NDb/++isA4NixY7hz5w5Wr16NDRs2wMbGBtu3bwdQ/d+LtqnaZ8bExCA8PFx46IwieFXR9FXZ71Z03mJhYYHu3bvjzJkzwrRRUVHo1q0bLCws1Jap7jz/33JOQURUkbLBq7y8PKHT99Kvhw8f1kl9tJKBJZFI1O6sq5IBkpubW2lKWlZWFm7fvo158+YBKDn4v/baawgNDRX6+ujdu7eQAi8Wi5Genl6unOzsbMTHxwt3dk1NTTFw4ECcPXsWgwcPBgB07txZiCS+8sorOHnyZLlybt68iQkTJkAkEsHExASvvfaacGJy6dIleHh4oGHDhgCATp06wdLSErdu3YKHh4dG34m2SKVS7N69W2XTmNIqetqWo6MjZsyYofFd5bVr15aLzk6YMAEjR45Ew4YNER0djdjYWLi6umLMmDEqy1DM7+npqdHd94sXL+KNN96AsbExjI2NsWzZMiGroSosLCyEfkyMjY2xdetW4XO3b98ehoaGePz4cZ1EmRWcnZ0xd+5cnDhxAhkZGXBxcVE5XemmhjY2NkoXXlUVHh4uZIpYW1ujVatWuHTpklIQUHExbmZmhk6dOiE+Ph69evXCJ598Iqyz+vXrw9nZWbioE4lEcHFxQaNGjcot88KFC+jRo4cQrO7Rowd+/PFH3L59Wwhsv/rqqwBKmks6ODggPT0d2dnZSEhIgK+vL0QiEZo0aYKtW7eiXr16uHv3rlB+69atheFAyTZ+9OjRan9HdSk1NRUJCQmIiYlBQkICgJL1bWNjU2kfIampqUhPT0eHDh0AlDzlUBEgVOjYsaPwO2/SpAmsra1hamoKoOSi/enTp8K0Xbp0EbK3evbsiR9++AGZmZkVLn/UqFEYOnSosD26ubkJnwFQ3ubqkpOTE7y9vTUKBCqaGpbtL0tTOTk5sLCwgImJidrpoqOjhf0YAAwaNAhHjx5Fbm4uAMDOzk4IdonFYhQXF0MikaBx48YVlnnz5k28/fbbEIlEsLCwQJ8+fRAWFlZpnVXtg9Vt2xXtg0v/NtQdFxVZC6q2cV3ShycOanrcLKu6297NmzdhbW2NTp06Cct3d3dHTEwM3NzcYG1tjfDwcPTv3x9OTk5YuHChFj7li0WTc8TKzllVHQ8dHBzQvHlzACX7YicnJ6EZXJMmTXD16lUAJdvb6NGjhebNw4YNg6+vL4qLi6v9e9G2yoK5Xbt2FbLhpVIpoqKiqlxGaerOW1577TVs2LABkyZNgrGxMaKiooSscnXUnee/yOcURESVKRu80ge12gdWdVhZWeHOnTtqp1GcCJcOHlhZWSn1T1E6yCISiSCTycqVo5h+8eLFwjBF+q+qcgwMDFSWk52drdSvUv369ZXqWvZCp2xd60pkZGSlwSt1UlNTER4ernHfHgsWLKiwD6zBgwdDJBIhJCQEGzZsQMeOHTF16lThgqYsTQNFGRkZSt+/4oSiuLhYo/kVyqbYnzlzBhcuXBD6gCkqKhL+r0vm5uYYN24c4uPjERgYiJEjRyoFh8v2k1XVjk9Ly87OxqVLlxAbG4sff/wRQEn/HHl5eUoBrLLft+JCMz4+HidOnIBUKoVIJEJqaqpSXzcVrdOMjAzcuHEDN27cEIYVFBQgIyNDCGCp2i4V21Tp+pT+XyE/Px/79u3DX3/9BaCkuZYu1mV1VNTMTZPtOiwsDBkZGZg6dapSeYmJicJ6Kd3Hk4GBQbn3pfd/qraznJycCpf/6NEj7N+/H+np6RCJRErrEyi/zdUld3d32NraIiQkpNLHB9ckiGVtbY3c3Fzk5+er7U8rMzNTaftQfNeKY1/Z4xsAlcem0soep9QFu1QpXR9123ZF++DSNDkuanLsrSulM7MBKNXT1NRUZX92Ve0vraLzFEXmKVD146ZCdbe9sr9DoOS3+PTpU4hEIixduhQhISFYsWIFDAwMMGbMmJeqCSGg2e9Uk3PWst+zpvvijIwMBAcHY9++fUrzZmRkVPv3UpdMTU2F/uQUN1lrEiyu7LylQ4cOMDMzw5UrV+Do6IicnByN+mpVd57/Ip9TEBFpojr99tYmvQtgderUCfv370dSUlK5rK2jR49CLBYLwzMyMoQDcVZWVpU7E1M0R1u9erXKC11NWVpaKl24lT74lu34tbp11QbFRa6Dg0O5IFRKSorQv8fw4cPLXVwoLuy02Sxi0KBBGDRoEKRSKbZv345du3YJdyjLKp19VbbZi1QqFbJErK2tle70Z2Zmori4uNwJuoGBgdIJhrqockxMDA4fPoxVq1ahcePGkMvlmDx5suYftBa4urrC2dkZwcHBcHJywogRI1R28l6T5oNnzpxBr1698MEHHwjDZDIZZs6cidTUVOFufmZmpnDnODs7G1ZWVsjOzsa6devw0UcfCX1FrFy5Uqn8ijLqGjRogFdffbVc00IAagO/inVcer+QlpZWrtP+AwcO4P79+1iyZAnMzMxw584dLFu2TO13UVcU+zepVIqkpKRKgymaKiwsxNmzZ/H1118LmW1ASROT8PDwanWiXXo7UzSJVhdo3rRpE1xdXfHhhx9CJBLhyJEjSExMrPJya4uzszN8fX0hkUggkUiEC8bAwMByB+7qBrFatmyJevXqISIiQinzDQBiY2OFzr9tbGyUvl9Fc2VbW1ulJ3lVhYWFhdJ+rnRGk6p9almK7bWybbuifXBp+nRcVOf8+fOIiooqd0EtkUgglUphbm4OZ2fncr/j0n1kaaphw4ZISUmBXC5X2jfev39fKdhY0XFT3XGxutte2d8hoLyeHB0d4ePjAwC4desWvvzyS7Rt27ZGD9qpqrJPczUzM8MXX3xRZ8vXhKLpv7pz1ur272Zrawtvb+8KH0xUlfOs2uLo6FjhfsvJyUmpM/eKbsZo2gl7Zectjo6O6NevHyIjI+Hk5IS+ffsKAWJ125C683x9PqcgIqopIyMjuLi4ICEhocoJIbVF7x510qpVK3h6emLt2rW4fPkycnNzIZFIsHfvXoSEhMDBwQH169dH+/bthVTtwsJCnD59Gt27d6+0fCMjI6EZhoWFBdzc3ITOseVyOY4ePYpz585Vqc4uLi74448/IJfLIZVKlfqV6dGjB65cuSI0vYmNjUVeXp5On7qkOOku/Sp9su3k5FRuvLY7o/3uu++EO9rm5uZCYAhQXkeqNGzYUOjXKDMzU6kvgu7duyMsLAwFBQUoKCjAmjVrEB0dDQMDA4hEIqHcRo0aITk5GUBJdpaqlHWFrKwsWFtbw87ODnK5HIcPH4ZIJKrxE+FqytzcHD4+PrCxscHGjRtVNoEKDQ2tUh9JCnK5HOHh4eX6C1M86KB0NsLp06cBlFzYXrt2DW5ubsjLy0NxcbHQqXdMTAz++ecfjb6znj174uLFi8IF9uPHj/HNN99UGv23srJC27ZtERoaCrlcjrS0NCxcuBBPnjxRmi4rKwtOTk4wMzODVCrFr7/+iuLiYp333TJjxgz4+PjAy8sLI0eOhK+vr8psBgcHh3LDKsv2uHDhAuzt7ZWCVwDQq1cvXLp0SW3mVEWuX78u7NfOnTuH5s2bq70RkJWVBWdnZyFj58KFCzrfhlSxtbUV9olOTk7w8fERLmJKUwSxqtI3i7GxMSZPnoy9e/ciNDRUCIScPXsWmzZtEgIVPXr0QEREhPCbPHnyJNzc3Gq0H27bti2ioqIgl8uRl5eHCxcuCOMaNmyIR48eCctTdwysbNuuaB9cmj4eF8sKCQkR1pEqiiZ4ffv2LTdO1bDKdO/eHUVFRQgODkZ2djYKCgpw8eJF/Pbbb0KwU91xU91xsbrbXocOHYT9OlAS9IyNjYWHhwf++ecfLFu2TNh3NGnSBEZGRnWeeaIquKxvanLOWpmePXvi5MmTwvdw9epV7Nq1C4D630tdUhfMzcjIQEREBCIiItTesNEkIKzpectrr72Ga9eu4dy5c0JTZUD9NqTuPF9fzymIiLSlXr16cHFxEQL+JiYmaNKkSbmXqmuU2qB3GVgA8MEHHyA0NBT79u1DWloazMzM0LFjR3z55ZfCBdjs2bPx/fffC/3ddO3aFaNGjaq07C5duuDXX3/FrFmzsHnzZsyePRvbt2/HnDlzIJPJ0LJlyyo/XW78+PHYvHkzZs6cCRsbG/Tr10/oYNPV1RXjxo3DypUrIZPJYGFhgYULF1baYeS/werVq1UO37p1K4YPH47t27fj0KFDMDAwgJOTE2bMmAGg5IQsODgYSUlJePfdd8vNP2HCBOzYsQMXL16Era0tevbsKXQsPmbMGOTk5ODDDz+ETCZDjx49MGTIEIhEIvTp0wfLly/HuHHjMHjwYKxfvx6ff/45LCws0LFjR5VPk1LUJzIyEnPmzEG9evUwduxYvPrqq9iyZQsWL15c5QcVaFvfvn2FiykbGxshHV/xaHdFJ6ne3t4alxkXF4ecnBx07Nix3LhevXph48aNQnDF1tYW8+fPR05ODnr16gUPDw+IRCIMGzYMixYtEjpOnTRpEnbs2IFmzZqpXXa7du3w1ltvYdWqVSgqKoKRkRFGjx4NU1PTSjPK5syZg6CgIMycORMmJiaYPHkyWrRooXT3d+TIkQgICMCHH34IKysrTJs2DcnJyfj000+xbt06jb8jbSqdWVqal5eXUrDQwcEBvr6+SElJUcoMqqypaHh4OHr16lVuuK2tLcRisdLJuKa6du2Kbdu2ITU1Febm5pg1a5ba6d966y389NNPOHToEJo1a4YZM2ZgzZo1+OGHH9CmTZsqL7+uKIJY2srEGjBgAKytrXH8+HHs378fIpEIzs7O+Oijj4T+yV5//XXk5OTgk08+gVwuR9OmTSv9fiujOE598MEHcHR0RN++fYXjVMeOHdGuXTssWrQItra2QgBGVXMoe3t7tdt2Rfvg0v2nqTsu6qJ5vSqK/WZFYmNj4e7uDmdn53IZZRX1T6iOhYUFli1bhuDgYMyZMwdFRUXCeldkuqk7bqo7LlZ327OwsMCCBQuwa9cu7Ny5EwYGBnjrrbfQvn17yOVyuLq6ws/PD0DJjSdvb+9K9+8vq+qes1Zm1KhRyMvLw4IFCyCTyWBtbS00E1f3e6lLLi4uFTa1NTU1FYJqqm4UKIZrsk1pct4yYcIE2Nvbo1WrVsjJyYFYLBamUbcNqTvP18dzCiIibVMEsRISEmBnZ1en2dZlieRVvB2TlJSEoKCgKi2kKp24U9WoamqpSkpKCoKCgoS+V8pecB04cEB4ap27u7tSsKOyeanmNF2PFZFKpUhNTVXbH1bZ9VpT6enpmD17Nvbu3avR08xeFpquy0WLFgn/29raYsGCBeWmkUgkWLt2rfBeLBYLTXYkEgliYmKE/pvq0tatW9GwYUOMHz++TpdbFTXdpsoqGzQszczMDAsWLNB6pqq2yWQyYVuNjIxEaGgovvzySx3Xqu5p8tvYtWtXhdk8zs7O6NOnj7C+16xZoxTAWrBggd41h3zRVGc/qrBq1SoAJYH70jcAgJKHVygC/urmpcpVZR+ral0AyutDk2m0JSAgAC1btizXlFsfaftYRkQvh0uXLsHNzU2jaUtnyltZWanNiM/Ly0Nubi7s7OxqVD/FDQLFQ0k00aVLFwB62ISQakdwcLBwMp6fny9k5wAlgQ5F8ErxvvTdZ3Xzkn5QNAstzd3dXenkLCYmBkFBQTXqF0sVdlZacxKJBAcPHlRaNykpKSo7bFewtbWFl5eXzi6UX7b1Xllzwoqe3qovjh49Cn9/fxQWFqKoqAi///57tTKFXhZTpkyBj4+PypeXl5cQvDp//ny5rLGIiAit72eJXmReXl5K2U6aEovFWg9eJSYmIi4ursqtLYiIqCQTq6bBq5rSyyaEpH1lT7BLd+arqo+P0iff6uYl/da3b1+kpqYKAcqkpKQqPUmS6k5MTAwcHByE5lvh4eFafWgC1Zy65oQ1eXJWXfjPf/6D+/fvY86cOTAwMICLiwvGjh2r62q9kCQSCSIiIhAfH68ySysmJgbx8fFwdXXFwIEDmY1FBGDy5MkIDg5WatKfkJAgdGCv6ApBQSwWa/2BOStWrEBycjI++OADlU9IJSIi/VflAJajo2OVH5Os6dNDqPb07t1bqaNyd3d3pf/Pnz8vXJCZmprC1dVVo3lJ/40bNw4AhCCWti607ezs8PPPP2ulrJfR8OHDy138lt62vLy8yjXV1Zd9aU37Y3qRVRTE6tOnjw5rVTkzMzPMnTtX19V44ZVuUq9Ofn6+kM08adIkpWMqaU/Z/WjpB1qoyjAsPUzdvKR9igfPhIeHC+ecqamp5W7UmJqaom/fvlrPvAKAzz//XOtlEhG96Er35/wi9NNd5QCWubl5rRxUqHaNHDkS5ubmQlv60uvQ1tYWPj4+iIyMBFByIVb6jnHZefX9Qo3KGzFiBMzMzCCRSISAFulWZU8qUzwFj/SPk5MTFi5ciPDwcEgkEri7uzNA8ZKIjIys8pPuQkND+fuoJer2o5XtQ6vztEiqOS8vL/Tp0wcJCQlISUkRAliOjo5wcnKCi4uL3vcnSET0b6LLDtmrg00IXyLqAo9OTk5qAxsMWr7YzM3N2WyQSIu4Tb2cqtO3VUVPVyN6WZmbm8Pd3Z0Z/UREVGUMYBERERFpYMqUKbquAhEREdFLi08hJCIiIiIiIiIivcYAFhERERERERER6TUGsIiIiIiIiIiISK8xgEVERERERERERHqNASwiIiIiIiIiItJrDGAREREREREREZFeYwCLiIiIiIiIiIj0GgNYRERERERERESk10T79++X67oSRERERERERET07zZkyBAAwNWrVzWep0uXLgAAIysrq1qpFBERERERERERvbyMjIxgZmYGa2tr2Nra1qysBg0aaKlaREREREREREREJQwNDWFiYgILCwuYmprWqCwjOzs7LVWLiIiIiIiIiIiohIGBAQwNDWFqagozMzPIZLJql8UMLCIiIiIiIiIi0jqRSASRSARDQ0MYGRlBKpVWuyyjevXqabFqREREREREREREJRRBLJFIVKNyjIyMjLRUJSIiIiIiIiIiIu0z0HUFiIiIiIiIiIiI1GEAi4iIiIiIiIiI9BoDWEREREREREREpNcYwCIiIiIiIiIiIr3GABYREREREREREek1BrCIiIiIiIiIiEivMYBFRERERERERER6jQEsIiIiIiIiIiLSawxgERERERERERGRXmMAi4iIiIiIiIiI9BoDWEREREREREREpNcYwCIiIiIiIiIiIr1mpOsKaMvMVQex/Vh0heN9J3ji6w9HAfdjId8ypuKCLO0g+vwyIBLVQi2JiIiIiIiIiKiq/jUBLI016wJY2gE56arH56QDSReBlr3qtl5ERERERERE9K8hk8mQl5cHqVSK/Px8FBQUAABMTExgbm4Oc3NzmJmZwcjo5QvNVMfL9y2JRIDrICB6T4WTyK8fh4gBLCIiIiIiIiKqArlcjuzsbGRkZAgBq7Lj8/PzkZ+fD4lEApFIBBMTE9jY2MDKygoitgar0EvZB5ao0yj1E8SHAXJ53VSGiIiIiIiIiF54eXl5SEpKQlpaGvLz8yGXy1FUVITc3FykpKTg6dOnkEqlkMlkwjxyuRwFBQVIS0vD3bt3IZVKdfgJ9NvLl4EFAM492YyQiIiIiIiIiGpMLpcjPT0dWVlZkP9/MkxWVhbOnz+PK1eu4M6dO8jLy4ODgwMKCgrQvn17DBs2DC4uLkoZV3K5HMnJybC2toadnR2zscp4KTOwhGaEasivH6+jyhARERERERHRi0gul+PBgwfIzMyEXC6HTCbDs2fPsHDhQqxatQonT57E48ePYWBgAEdHR0gkEhw9ehQzZ87E7t27lbKxFDIzM3H//n0hGEYlXs4MLJQ0I5Sr6QcL8WHAmC/5NEIiIiIiIiIiKkcRvCrd19Xdu3exevVqxMXFwcTEBGKxGO3atUPLli1hbW2NFi1aIDU1FX/++Sd27dqFp0+f4r333oOZmZlQJgAUFBTgn3/+QYsWLZiJ9f9e2gAWmxESERERERERUXWlp6crBa8yMzMREBCAGzduwNDQEB06dECvXr1gb28Pc3NzmJqawsrKCg0aNICjoyPu3LmD0NBQNGzYEJMnTxbKUQSsnj9/jvT0dDYn/H86a0LYaeznal9JyRUElrSFzQiJ6AUwblEwDHstxFc/na1wmuU7ImDYayEmL90nDAs8Go39ETc0Wsa0Ffth2ncRnmbm1bi+tW3e+uMQj1klvK/K59TUmuDfEXbpT62WSURERET/Lnl5ecjMzBTey+Vy3L59GwkJCTAwMEDXrl3Rq1cvWFtbw9jYGBYWFrC0tISVlRVsbGxQv359ODg4oHv37oiOjoZEIgEApUCVSCRCZmYm8vPz6/zz6SOdZWAl3ktRO76gsLDW68BmhET0oth54grmT+xXbrhcLseuX66UG37ifALsbCzx5sCOasuVFhTi8Jk4FBXL8HP4dcwa+2JlnWr6Oatif/h15OYVYFD31lork4iIiIiqJz8/HydOnMDp06eRnJwMS0tLdOnSBd7e3hCLxTqpk1wuR2pqarlhhw4dQlZWFurXr49WrVrB1NQURkZGMDY2hpmZGczNzWFoaIji4mIUFBQgNzcXBgYGyMjIQEpKCmxtbVUu7+HDh2jZsuVLn4X18jYhBDRrRvjgKtC8a93Wi4iolEY2Fkj8+zEuJTxAd5dmSuPOXbuHpIfP0NjWUmn48a+malT2sXMJkBYU4o3X3LD719gXLoCl6eesipgffbVeJhERERFVXXJyMhYuXIjOnTvD19cXLVq0QG5uLi5duoRPP/0U3t7eGDt2bJ3XKycnBzKZTCmgVFxcjOjoaMhkMlhaWsLIyAi3b99GWloaGjZsiNatW6Ndu3YwNjZGdnY24uLicP36dRgbG8PU1BQ3b96Em5sbAJTrvF0ulyM7OxtWVlZ1+jn1zcsdwFI0I1SThSW/dhwiBrCISIe6tW+K2/+kY+eJK+UCWDtPXEGn1o6wsjBTGt7rv5vRtLE1DqyaDHV2/xqD/u4tMXWkB0Z+/AP+fPAErZs1EsY7DluOaSM9cPfhU4RGJsLUxAjvDu+GNR8Mg6GhgTCN94AO+Cv5Kc5dS8KlHXPh6myPn8OvY+UPEUKZqz8YhmG92wnz+LzeA5k5+dh9MhYGIhHGDeyI9R+OgomxIQBAJpNjSeBJBB6NhrSgECP6tIeJsfJhq/TnPH/9b/R771uVn/P67nlwa+kAuVyOb/b+gW8PXUDq0yy0aWaHZT6DMcrTRZi2tfcaeHm0xrcL3xCGqfssRERERKR9ubm5mD9/Pj744AN4enoKw83MzDB06FB4enrC19cXDRo0QP/+/eu0bormfqU9ePAA+fn5MDIyQv369ZGeng4TExN06tQJUqkUUqkUT548gYWFBXJzcyGXy9G2bVsYGRnh3r17+PPP/3VhIRKJygWxnj179tIHsHTWB5a+EHUapX6C6ycAPrqSiHSo4HkR3h3RDXtPXUN+QZEwPCevAAdP38DUkR4oeF6kpgTV0iW5OHXpT7zezw1eHq1Rv54pfvotttx0X/10Fm2b2+Hgqil4d3g3rN/7B1btOqM0zXdHLsK2vjlWzRoGO1sLBP8ai7cX78EoTxf8tnE6ero1x+sLfsTV2/9rPv7VnrMoKCzCHv+3MefNvvju8EVsD1yJoL0AACAASURBVLkkjP9m7zms+vEMpo/qjkOrp0Ds1AA/nbxa4efp3NoR0TvmCK8/ts1CY1tLdGjpgDbN7QAA/tvDsSTwJPze6Y/wTT5wETfGuEXBiLv7qMJyNfksRERERP82dkOWwbDXwnIvuyHLAABxdx/BsNdCzFtfvu9oW68vcOvvxzVa/v79++Hh4aEUvCrN0tIS/v7+2LJlC4qLi2u0rKooLi7G8+fPyw2XSCQQiUSQyWRo0qQJmjZtivbt28Pe3h5isRhmZmaQyWSQyWRIT09Hfn4+xGIxjIyM4OjoiLy8PIhEIiGrq+zfwsJCFBVVfs5/8PAROLdxUfuav3CRFr+RuvNyZ2ABddOMMCURkGb/7715fcCpfdXKeJYMSMpcLDm1A8w1iMDejQZQpq2srRPQoGnl85ate1VV57OWcf3WXWRll3Qu3aGtGDZWlpXMUeKfh2m4n1LxTjMzOwfW9S01LvPcpRsVtjn+52EaWjSxR3OnxmjRxL7SsjKycnDz9r1KpyvL06NDheVU97upaD51n7e0qiy3Itdv3UXo6Ys4d+l/nXFb17dEp/bOmDjaS6Pv9N8s/3kR3h3eDUuDwnD495t4e0gXAMDP4TdQVCzDxCFd8EPI5SqXuzfsGoqLZRj9qgtMjA0xvE877P7tKpbOGKw03eShXbHMp2TYkJ5tkC7JxcZ957FoSn8hC2uUpwv2LH8bQEmK86Ktv2LCoE5Y8d5/AACencT449rf2HTgPHZ8/mZJWT3aCllOg3u0wfFz8Tgbm4T33+iFomIZ1u0+i2kjPfDlrKHCNMmPM/HHddXbjmU9U3Rr/7/92oJNocjIkeLUphlCVtevF27j47dexfRR3QEAnVo74cDpm/j1wm24tXQoV6amn4WIiIjo3+jYuncxom/F13M29c0R/Fss3h7SBR5lWgrUVEREBJYsWaJ2miZNmqBFixa4desWXF1dtbr8iig6VC8dYJLJZLC1tYWhoSEKCwtRr149GBoa4uLFi5BKpbCwsICDgwMsLCzg6OiInJwcFBQUIDw8HMXFxWjevDmePn2K4uJipXLLZmLl5eVVmoXl/cYYAMACv89Ujn9jzGh8tWaVynH6jgGsOmhGKD+6EkgqdXFpVh+ij45qFkBSlLHPT7kMAKL3dwEte6if8W405N9OKT/cqR1EHx2rfLll615Vzh4Qzdpd/fkB/OedhcjKKQlgfTrrbXz2wSSN5tt9NAxfblXTSX8pzZ0aY9vKj/Bq94o7gh461U+jsqzrW2D2lNcxa9LoCgM7N24laVxeabnxv1RYTsd2zrhwaLNG5ZT+bn79YbXKz12V+nVs54xJr3th4mivKgWzQiIuYMHqbRUGGk+cvoCVW36Cp0cHfDprotr182+W/7wQTRtbY3CP1tgZekUIYO0MvYzXX3VFA6t6KCis+l2n3b/GoleHFnBsVHIQHPNaB+wLu47IG3+jT8dXhOls65srzTfmNTfs/i0WD9Oz0NzBBgDg7NRAGJ/492OkPsnCG/3/F3A1MBDBs/MruHDzvjCsZZP/zQMADg3r47EkBwBw/1EGnmTkYtSrLkrTNLSup9FnO3f1Hr7Z+wdWfzAUHUoFpi5un600XT0zYzS0qodnFTyBUdPPQkRERPQyMjU2xBfTB8Fn1SFc3jkXRobaa+T18OFDtGjRotLpxGIx7t+/X2cBLKlUWm6YSCRCs2bNYGNjg8ePH8PExASWlpZo2rQpHj9+jEaNGqFDhw4oLCyETCZDixYt0KJFC5iZmUEqlaLJ/7F35/ExnfsfwD+zZF9JiNgjYl8qEmp3hdJFKbfXUhS3bWqp27pdkB9dlApFF9yit6ilpbUrtURt1xaCpIglSEgii2yTPTNzfn9M53Qms2QmmSRDP+/7mttkzjnP85xFZL6+z/dp1AhlZWVISkqCi4sL3Nzc4ObmZpBQUFJSYtEYTQWxHufgFcAphAAASfvB5new9TTCYgWEPVY8NNE7Kh1EEk5sML4hJf6PzCz7tnHnYTF4BQArN+5GTl6+zftJSknHs5NmYcjED6rcfq6iAAtWbkaPkdNxJT7BRiOsWGz8HYRHLKux/sr3/f6iNWj3zCTsjTpT4f45efkIj1iG0TPm6wWveod01HtpnYyOw7OTZmHhqs3VMn57V/pHcGry0G44eiEBSQ9zcOt+Jk7HJmLS0FAAQJnSugDWjcQMXIx/gOH9/vyL/tkereHsJMemA4bTCHXVq+MGAHiYZTw7UxuE+secTXrp5v/dE41sheFf+Lq0/8L08JGmbb+6HpadkI68gmJMnL8VfZ5qjplj+upty8guwIyluxE4YhGc+8yBrMcH4nhtfS5ERERETzqlSo03hneHu6sjlm45YdO2PTw8UFBQUOF++fn5cHZ2rnA/W9EGkbS/t6rVavHrsLAwBAYGwsnJCRKJBF26dMGoUaMwZMgQeHl5QRAEqFQqSKVSODk5oV+/fggLC4Ovry/y8/OxZMkSbNmyBZcvX0ZGRgZKSkqgVqvFvo1NXTTl7yNewuJFC8TvH/fgFfAYZGBFrNiNO8mZJrdPG9UfvZ8KrFonLXvW/GqEvx/RBJAqyqAqyoOwe2Hl+sh6AFyNMrlZOLEBkor6r2ULVmoCFk386+N+ajpyFQXYG3UG418aZFU7prKMrsQnIPb6HSxYuRn3U9NxMjoOC1ZuxpLZ4Sbb6h3SEQc3RBq8n5OXj5PRcVjx/S6cuhCnCYpNnIVrh9aZzUqyJqusIpt2HUHvkI5WXx9zTJ0voJlmGBt/B5t2HUbcjbvIVRRg9Iz5mDpumNlrOOqt+Th1IQ4A4Onuiohp4zBuuGH2VmJyml622IKVm5Gdm2+27SeRNn7+Yp92qOvpgg37L6K4pAxN/LwxMDToj32sC7Jv+qPW1Qcr9uODFfqZfduiYvHFOy/CydH4XxHpWZqgjl9d48+1h6sTAGDN7L+ja5tGetsc5DKLxufvqwlcPTKRGWXO28v3IDuvCMdWvQmpVP9frYa+uw5ymRRb5o9Fqyb14OLkgICXTP9FbotzISIiInpcjZz1vcHvU++M7iOWeBAETfbRNx+MRO83VuHvf+uIwMY+Nuk7ODgY0dHRGDzYdMKJSqXC+fPn8frrr9ukT0uUlJRAEAQxm6q4uBj5+fnIycmBi4sLAgMDoVKpoFQqIZPJ4OLiAkdHR+Tk5ECpVEKlUkEul0MikcDZ2RmCIECpVKJ58+b46aefcPv2bSQmJiI4OBgtWrRAkyZN4OfnB7lcLk5ftNTfR7wkZmM9Cew+gHX47HVcunHf5PYX+nSsegBL5lgrqxEKP87WTCU0U8dKOLEBKK5cDSrhpInsK62rUZoglxVTGa0l6Tux0sfujTqD+6ma7Jwls8PFwNDCVZttFqDp3CYQndsEYmhYDwyZ+AHibtzFqk270bdbJwwN62FVW96e7hga1gNDw3pgwcpNWLhqC3IVBXgjYhm2fW1+7rYtvfl/y9GpbQt0blPFPxcW6NutE/p264TpE4Zjb9QZvDFnKfLyC7Fq0250atPC6H1677PVYvCqY+sAbP16nskaV80a+SFi2ji8ENZDnEpqru0nnaODDOOGBGPDLxdQUqbEP4eGGvxCYQlBELD54CX06tRc/OVD68qtFMxYuhu/nI7HiP6aZXwVhfqpyntPXYOvtxsa1/My2n6HFg3g6eaMm0kZ+OeLoeL7yRm5YkCoIk39vFG/jjv2nLiKZ3u0Ft83ly0FADuP/Y4Nv1zE+nmjxOmNWpk5BYi+dh8bPxqN7u2bAgCKS5QoNlMA3xbnQkRERPS42r5ogtkaWFrtW/hh+ss9MWXxDhz6yjbBpDFjxuCjjz5Cnz594OpqvIzEtm3bEBwcDB8f2wTNLKFSqZCXl4fU1FTcvHkTKSkpiImJQXJyMvr27Yt27drh2rVrcHd3R05ODpydneHp6QlBEBAbG4s6deogKysLnTt3Rp06dcTgl5eXFwoLC6FWq3Ht2jWkp6fDy8sLAQEB6NGjB4KCgmr0PO0RpxD+ocanEQJAdrLpKX6AJrh02LKaRgaK8oDonRXuJhz62ux2ydRNkHx+w/RrfrSmmLyxY0d9BnQYWKnhA8CK73cB0GRfDQ3rgekThgPQTPfbuPNwpds1xtvTHasXzhS/1y0mXhkR08ahiX99AMAvR89WqS1LdWwdIH797MRZ1TLV0pyhYT3wq06m1geRawzGkJichlWbNLXXPN1d8ev6SIsKtHduE2jQ9l/V5KGhuJuShZSMPEx8IbTiA4w4deUeElOzMWVkD/Tu3FzvNWVEDzSq56U3jXDdvgtYsuk4Tscm4qO1h/D9/hi8PbqPWMC9PCdHOT56fRCW/XACEf/5Faeu3MO2qFj0en0VPv3OdFaoLplMivfG98fa3efxf9/8ikPnbmLWyv3YesT0n8307HyEL9qO0HZN0DGwAS7fTBFfj3ILUdfTFf6+nojceAw/RcVi88FLGDBtNfIKilFUUlZt50JERET0VxAxMQyJqdn4fv9FOMirHmpo3bo1XnzxRbz99ttIS0vT26ZWq/Hjjz9i5cqVyMrKsmpqXVUVFBTg9u3bOH/+PC5cuICoqCjcuXMHDx8+REJCAmQyGaRSqRiYysvLQ35+PhwdHdG2bVs0btwYfn5+KCoqQlZWFvLy8qBQKJCSolm0TRsgS09PR0pKCmJjY3H48GFcvXq1Rs/THjGApaWdRmiKdhqhrR1eoQlUGSH8aH2Rb1H0DsPMrT4TAOdyU35+j9IEuypJ2L1AU0+rvJDhQOiISrd74nysmKUTMe0VAJoAiTYotHn3kUq3bUrnNoHwdNdE9mPj71S5vb7d/qzhlJicZmZP2xga1gOvDAsDoKnDVZki8VXVuU0g5kwdK45h0y79+6QNSgLA4lnhVhV879wmEFPHDRPbtnUQ83HRIbABQts1wd+6BqK5f51KtbHpQAy8PVzEDCtdUqkEk14Iwf7T8eL0vVeGdEHs7VS89MEGfP3Tabw9ujfeH9fPbB//GtUbq2eNxK4TVxE2bTXe/XIfxg3pgvnhFfxjgY53RvfG7Ff/htU7z2HkrO9xNyUL/xrVy+T+p2MT8Si3ENHX7qPrq1/qvX6KioVUKsG+pZPg7e6MSfO3IeI/v2Lcs8Ho0rohrptZ5tkW50JERET0pHN2kuM/H4zAu1/tg0ptm+SPMWPGYNSoUZg+fTree+89rFy5EpGRkRg1ahTu3buH3r1748yZM5g1a1aNBXdcXFzg5OSExo0bw9HREV5eXlCpNPVoL126hIsXL+LBgwdQKpViACsvLw/3799HXFwcrly5gocPHyI2NhZpaWnIzc1FWloadu/ejdLSUrGmVklJCYqLi1FcXIyEhAT8/vvvkMvtfhJdtfprn70uS6YRXj1k82mEACBsnQ3JlI36b/5+pEqr/xmbPijp8yqEojzgwp9BBBQrNLWwBr9lfR+7F+i3pdUiFJLRxmsmWWrTLk1wwtPdVW8qX8S0V/Dm/y3Hyeg4nDgfa/NV6Zo18kPcjbs2CTjpZhYlJqdZlGlUVWsW/hux8XcQd+OuWNR99YKZFR9oQ9PGDxdrVq3cuEvMnAP072tlpgBOnzBczODae9T6WmiPo58+G2/wXvmV9ADg1s8f6H1/xsg+Wqtnj8Tq2SNNbv/4jWfw8RvPiN/7eLpiyYwXTO6fun+u0fcnDw3F5KHGs8SMHbN36SS97yUSCeaHDzYIFC3911Dxa93zHN6vPVRnzP/seapVQxz/Zoree1NH6k8XVqsFgxV0zJ0LERER0ZNq+PsbIDFSseLC+n9BZqSUxYCQlniuZxtsrGBRIGuEhYWhf//+uHHjBu7fvw8XFxe8+eab8PLyglKpxJw5c3Dy5Em8//77iIyMhJNT9ZZ58PDwQFxcHOLj45GcnIyEhAQUFBRApVKhuLgYe/bsQd26ddG8eXOo1Wrk5+dDJpMhPT0dnp6eaNiwIfLz83H37l0UFBRArVajsLAQxcXFkEqlYgBLm8nl6uoKQRCQnZ3NAFZtD8CeSNoPhmAmgIW4A8CQD2D0T3BVJJzXBKy00+2qUrgd0GRfZafov9c+DKjbGJK+EyGUDzpd2AlYG8CK3gGc/N7wff82kExaZV1b5SQmp2Hzbs3UnOkThutl6QwN64H3F61GXn4hVmzcZfMAVtyNuwCATm1bVLmtKzpZXOaCV0kpmuLxFekT2rHCfQDg1/WRaDtoIvLyC6ulqHtFvD3d0Tuko1jIXisxOU1cUdLa+mJazRr5oWPrAMTduItTFlwzImskPHiEC/EPcD89Fy2b+Nb2cIiIiIhqVcbBDyu1z/p5o7B+3iibjkUmk6Fdu3Zo166d3vtyuRwLFizArFmzcPr0acybNw+RkVVLpqiIp6cnLly4gNu3b6OwsBD5+fkoK9OUo3BycoJarYZCoUBGRgZcXFxQWFgIFxcX+Pj4IDs7G5cvX4ZcLoe/vz8cHR2Rm5uLjIwMKJVKyOVyqNVqMRimVCrh6uoKDw8PlJWVwc+v+pMi7BkDWLoqWo3w0T3br0b4B2H3QkgCuwEunpq6WNnJ+js4uwPFltU0EqJ3GLwn0U7na9gW8G8DpOpM+8tO1gSkLJ3yl3IdwtbZhu87u0MyZpHZovSWWLByk/j1uOH6gRdvT3eMGz4Iqzbtxi9Hz9o0s0m3385tqhbAuhKfIAZYmvjXNzvGTbuOGEy1M6bg6v4K9wE01+jXDZHoOVITlKzJou5afbt1FKeAajPldLPaqnLPvDw0Ac1cRcVL6hJZY/uxOHzy7REM6hbEbCsiIiKix4SDgwM+++wzfPjhhwa1sqqDm5sbWrZsifj4eJSWlkIqlUImk6G0tFScAggAKSkpcHR0hFqthqurK+rVq4c+ffpAEAQUFRWhsLAQ6enpuH//Pm7dugW5XC62JQgCBEGAs7MzSkpK4OLigrZt28Lb27uC0T3ZWANLl3YaoRnC1UO26WtQuek92oLuxgq3tw/TBJ4skXLdcOphnYZ6xdQlfV81OKzCFQu1sh5AWGU4pQnQFHy3eJwm5OTlY98fRc9fGRZmNNChOyVNN+hUFRt3HhanvXm6u2La+OEVHGHaifOxeDNiuRhg0dbwqkmd2wTim0/fEb+vjaLu9GRI3T/X7PTBJ8n74/oj/9in+GXZZK4wSERERPQYcXR0xGeffYbvvvuu2vuSSCR47rnn4OjoCG9vbzg7OwPQFF+XSCSQyWSQSCRQq9XIyMhAYmIiEhISkJSUhMzMTGRnZyM3NxePHj3CzZs3ERUVhaKiIkjKzfQSBAFSqVQsCN+jR+VmsTxJ/noZWMlxwHXTK0dJHN1gttycjaYRSvq+CuFCual+h1dAuFouE8fZHZJhcywu6C6cWG/4Zki5zKoOA4HdC/QzulLigYRzQGB3040X5UFYP82wODz+WHGwisErQFMzSRv4KZ99pdWskR9eGRaGzbujsHl3lEXFwDfvPiJmBOlKTE7DifOxelPdtn49z2x7SSlpWLhqs9Fte6PO6BWAf2VYWIXT914ZFmbyXKti/EuDcDI6Fpt3R4lF3c9sr+SqllbSnT7Z6Y9stk46WW1XqlAkX5vJpS24T0REREREVJP69++PFi1aiFlYarUaUqkUDg4OUCqVUCqV8PT0RIMGDVBSUoKMjAwUFBQgOTkZEokEJSUlyM/Px6NHj1BcXAyZTAYHBwcxe0ubiaVWqyGTyRAUFIQBAwbU8lnXvr9eAOt+LITDy01vDwgFnNyAEhPTk2w1jdDFE5LRiyD8Z4L+++VX9OszEajb2LI2sx4YLaouCX3JoG90GGiwr3BiAyRmAljCuqnGVxzsM6FKKw7q2rhTE8DrHdLRbH2rccMHiXWyVm7chYhp48y2a8kUvSb+9bFm4cwK62olpaRjwUrjASxdU8cNw5LZ4RXu16yRn81reWnVVlH32OuaAJWnu6sYDPT2dEcT//q4n5qOU9FxyMnLt2oVQkAzNfN+qibY2KearhkREREREZE5MpkMH374IcaNGwcnJyeUlZVBqVRCEASoVCqx+Lqfnx/kcjkUCoW4HQCKiooglUr1sq6USiUcHR2hVCrFDC43Nzc0bNgQH3/8MRwcHGrrdO0GpxAakAAdhpjdw2bTCAO7a6YHmlKnoVWrAwrROw3f/KN4e3mSvhMN970apQmCGWv7xw+Mr4rYPgySYREWj9GcjTsPi8GJccMHmt23b7dO6Ng6AACwcuPuSk2P83R3Re+Qjpg6bhi++fQdxB9ZX+lAUsfWAWjiX1/8/ptP37EoeFUTfl0fKWYrbdp1BBt3Hq7W/vZGndG5j/qZZeNf0tzXXEUB9kadsbrtld//GXQdOoAptEREREREVDuCg4MxduxYeHl5wcXFBTKZDHK5HK6urujWrRvq1KkDHx8f+Pv7w8/PDz4+PvDz84Ovry88PT3h4eEBpVKp16Y2k0u7EmFmZia6dOmCDh061NJZ2hcGsIyQdH7R/A5xBwDB7ERDy/saNkdToN3oNisCQ0V5gJE6VhJTmVHaYu7lGK2FFb3DaGYX/NtAMnqR5WOsgDarqYl/fYtWzdPWqbIkGHJg3SIUXN2v90o99zMObojEktnhVq3S1zuko0FbZ3esxNkdK8RA0cJVm+2m5pS2qLvWm/+3HLHxd6ulr5y8fLy/aLX4vW69MkA/oPVB5BpciU+wuO29UWfErDtLnxEiIiIiIqLqMnv2bDRurEkYcXNzg5OTE9q2bYsBAwbAx8cHPj4+qF+/Pho0aABPT084OTmJNbK0BdoBiJlZgk6cQS6XIygoCAsWLDCoj/VXxQCWMS17aqYRmqKdRmgLdRtrpgmW1yJUr/B6hX4/Ylibqlzx9vKMFXNH9E5NMEwr4ZzxFQcBoFFb4OT3wKEV5l8WOHE+Vsza0WbpVGT8S4PErCdTNalqkrenO9Ys/DcAzTTD8AgzU1VrWPmi7vuOWp/9VJHE5DQ8O2mWWE/MWBH+Zo38EPnBGwA0gcfRb823KIi1N+oMwiOWid+vWVj90yCJiIiIiIjMkclk2LdvH5o3by4WXH/w4AF8fX3h7+8PDw8PODs7w9PTE15eXnBzc4OrqyucnZ3h6OiIsrIyveCVNvNKrVajWbNm+O233yCTyWr5LO0HA1jGyBxrbhohoJkmWC4bytrMJuHQ14Zvli/eXl6HgYbZX8UKTcaVtt11U00ff2EnhENfV/iyhDb7ytoVALXBrqSU9GqfGmeJoWE9MHXcMACaIFFlpslVl/EvDRLHZkuJyZqi9j1GThcL2HdsHSAG88qbPmE4XhmmmTqblJKOniPfwvuL1ojF2XVdiU9AeMQyjJ4xXyzuH/nBG9VWM4yIiIiIiMgaDg4OOHXqFMaOHQtAU8vq0qVLqF+/Pry9vcX9nJ2d4eTkJH4tlUrFelfa4Je2EPz48eNx9uxZ1r0q569XxN1Cks4vQri43fQONlqNUOxv+BwIBzXBHkmHgZYXbgc02Ve6qxlq29Qt3p5yHUL0TkjqNvqzLpapYu4nv/+zRlZx9U+DuxKfIK4QODSsh1WFvaeNH46Fq7YA0Kw0aA/TyiKmvSLWgQqPWIZObVYYZCLp2rTrCE5GG66QaMwrwwZW6RyXzA5HbPwdoysymhJ34w6GTPzA6LbE5DS9FRw1YwzD4lnm63+tWfhvNGvkJ967lRt3YeXGXfDycBNXKyx/TTzdXbF4lnXTPYmIiIiIiKqbTCbD559/jhEjRmDChAmIjo5G7969IZfLxel/arVaLM6uUqng5uYGiUQCmUwGJycnyOVyODs7Y8uWLejXrx+nDRrBAJYp2mmE1b0aoVZgd0imml4B0BzhxHrDN3WLt2c9gLBMk9UkAMDtc5BMWgVAU8xdKF/fKjtZk4Vlo5UFK6JbmLui1QTL8/Z0xyvDwrB5dxRORsfhxPnYWs/O8fZ0x9YVc9Fz5FvIVRQgPGIZfl0faXL/pJR0gyCQKX1CO1Z5fFu/nounR0wXp2xWJFdRYFGArXdIR0yfMBxDwywrrh4xbRz6hHbCio278MvRsyb78nR3xdCwHoiYNs5sIJCIiIiIiKi2SCQS9OrVC9evX8f27duRn58PJycnFBcXQy7XhF7KysogkUggl8vh7u4Od3d3ODg4ICAgAO+++y7+8Y9/iFlaZKjWAljDB5gP/Hi6uQAABnRrjWYNfUzu16RBXQBAcOtGyOpvujJ/56CGmi98mpqfHujXSvNfmSPQazJwz8jKe1oZdywLYDVqW/E+lWnDxfPPelUtQvU26dW3+v2I/nFXo/78umFbIGQ4kJWst4uQlQyJkXZtLScvH4nJ6egd0hGd2rSoVIAiYto4JCZrgjEno/8MYDVt6IfeIZqAj5enmZpmFtK2pc0QMqdzm0BEfvAG9kadgSBoajjpBna8PN3E9qzRtKH+9dFtp/w2U7QBtvc/WyO2YUxF4/PydEPnNi3g5eGOoWE9KnXv+nbrhL7dOiExOQ17o84gV5GPE+fj/tjWEU0b+lmdlUdERERERFRbHB0dMWbMGAiCgLKyMqSnpyMnJwd3797F/fv3Ua9ePTg5OaFevXro3bs3OnXqhHr16kEqZYWnikgEwUbL6ZH9SrkuZmABAOo0hCTit9obDxERERERERH95eTlaZJwLl2yfGG8Ll26AGAR97+Ghm2BPhM0qxL6t4FkWERtj4iIiIiIiIiIyGLMwCIiIiIiIiIiomrHDCwiIiIiIiIiInpiMYBFRERERERERER2jQEsIiIiIiIiIiKyawxgERERERERERGRXWMAi4iIiIiIiIiI7BoDWEREREREREREZNcYwCIiIiIiIiIiIrvGABYREREREREREdk1BrCIiIiIiIiIiMiuMYBFRERERERERER2jQEsIiIiIiIiIiKyawxgERERERERERGRXWMAi4iIiIiIiIiI7BoDWEREREREREREZNcYwCIiIiIiIiIirIRFGgAAIABJREFUIrvGABYREREREREREdk1+d37qbU9BiIiIiIiIiIiesL5eLlV+lh5QBP/Sh2YmpqKlJQUKBQKKJXKSg/AFuRyOTw8PNCwYUP4+1t+PqmpqUhLS0NeXh5KS0urcYTWcXR0hKenJ/z8/Kw+n/T0dOTm5trV+diKo6MjvLy8UL9+fV4XO1DZ+0FERERERER/TXl5eZU+ViIIgmDNAUqlEleuXAEAtGjRAh4eHpDL5ZUegC0olUooFArcuXMHANC+fXs4Ozub3L+4uBhXr16FUqmEv78/XFxcIJPJamq4FVKpVCgqKkJqairkcjlatmwJLy8vk/trz0elUqFRo0ZwdHS0q/OxFZVKhdLSUiQnJ0Mmk/G61DLt/UhJSYFUKq3wfhAREREREdFfmzaAdenSJYuP6dKlC4BK1MC6cuUK6tSpg65du6JOnTq1HrwCNBlY2jEBwNWrV83uHxsbC2dnZwQFBcHd3d3ughoymQzu7u4ICgqCUqnEzZs3ze4fFxcHV1dXtGzZ0u6CcbYkk8ng4uKCli1bQqVS8brUMu39CAwMtOh+EBEREREREVWWVQGslJQUAJrMK3ulDWJpx1peSkoKBEF4bKY8BQUFQa1Wmz0ftVoNPz+/Gh5Z7WrZsiWvix2p6H4QERERERERVYXVASx7Dl5ptWjRwuQH6YcPHz42wSstf39/PHz40Oi2hw8f/mWDNH5+frwudsTc/SAiIiIiIiKqCqsCWPn5+fDw8KiusdiMh4cH8vPzjW5TKBRwcXGp4RFVjYuLCxQKhdFtCoUCrq6uNTwi++Dq6srrYkfM3Q8iIiIiIiKiqrAqgKVUKu2i5lVF5HK5yZURy8rKHrtaSDKZDGVlZUa3lZWVPRb3pDrI5XJeFzti7n4QERERERERVYXVRdyJiIiIiIiIiIhqEgNYRERERERERERk1xjAqiYHDx6Ej4+POJXRx8cHBw8erOVR2VZkZCT69etX28N4rJw6dQo+Pj4ma7TpioyMRFhYWA2MioiIiIiIiMi+VUsA63//+x8kEglOnz5tdPuuXbsglUqRkJBQHd3bTHFxMXx8fEy+Xn75ZZPHlq+/9Ntvv6Fnz54AgKSkJOzYsaNax25KVFSU3jk0bNgQwcHBmD59Oq5fv25VWw4ODlbVEzt16hQuXLhg7ZBrRPnr4uPjg/r166NLly6YM2cO8vLybNLPU089hd9++82ihQQmTZqE1atX26RfIiIiIiIiosdZtVS57tWrFzp37ozVq1eLQRtda9asweDBgxEYGGhVu7VVRH758uUYPny4wfvWjCU4OBgqlQqCIODAgQP43//+hxEjRthymBbRBpyio6PRoEED5Obm4saNG/jyyy8xYMAAfPvtt3j++eerpe81a9agd+/eCAkJqZb2q6L8dQGA0tJSXLp0Ce+88w4SExOxefPmKvfj4eGB4OBgk4sM6GrQoAH8/f2hUqmq3C8RERERERHR46zaphBOmzYN27ZtQ3Z2tt77SUlJOHjwIKZNmwYA+OGHH9C+fXu4uLigZcuWmDNnDkpKSgBospbkcjl27NgBHx8ffPHFF9U1XLM8PDzg7e1t8HJzcxP32bNnD55++mk0adIEw4YNQ1JSkl4bXl5e+PXXX7F48WJ8+OGHOHjwIAICApCYmFjTpwMAcHV1hbu7Oxo3boxBgwYhKioKkydPxowZM8RsI5VKhYULF6JDhw5o2rQp+vTpg61bt5ps88qVKxg2bBiaNGmC9u3b4/XXX8fDhw8BACNGjMD+/fvx8ccfi0HNzMxMhIeHIzAwEIGBgXjxxRcRExNT/Sdvhva6uLu7o27duhg8eDAWLFiAgwcPitP+zI17/vz56Natm16bKpUKbdq0wTfffIOTJ0/Cy8tLbGvr1q3o2bMnGjdujFatWmHKlCni9f/ss8/Qv39/sZ24uDi89NJLaNmyJdq3b4/JkycjNTVV3F6/fn38/PPPGD16NEJDQ9G+fXt88803euMwdz8zMjIwefJktGrVCo0bN0afPn2wd+9eG19hIiIiIiIiIutVWwDrlVdegbOzM77//nu999euXYumTZviueeew+nTp/HPf/4TS5YsgUKhwP79+7Fr1y58+OGHAAAnJyeoVCr8/PPPiImJwZQpU6pruGYJggC1Wm3wEgQBgCYo99prr2HKlCnIysrC559/bnTql1wux4cffoixY8fi+eefR05ODgICAmr6dAD8eU4qlQplZWXIy8vD7NmzkZubi6ioKADAV199hb179+LgwYPIzc3F8uXL8e9//1vcrkuhUODll1/GoEGDkJmZid9//x0SiQSvvvoqAODw4cNo2rQpPvvsM1y9ehUAMGXKFJSWluLGjRtITU3F0KFDMWLECGRmZtbchSin/L0uLS0V77U2E8rcuMePH4+EhATExcWJbZ48eRJZWVkYM2aM3pTLe/fuYdq0aVi8eDEUCgUuX76Mhw8f4vPPPwegP0UzOzsbw4YNQ/fu3XHv3j3ExsZCqVRi5MiRUKvVADTP11dffYX//Oc/uHXrFpYuXYq5c+ciJSUFQMX38+OPP0Z+fj7i4+ORm5uLiIgITJkypVbvBxERERERERFQjQEsV1dXvPrqq3qBHJVKhXXr1mHKlCmQSqX48ssvMWrUKDz33HOQy+Vo1aoVZs2ahbVr12oGJ9UMb/LkyWjWrJlexlNNmjp1Kho2bGjwOnLkCABN9pWPjw9ef/11FBQUoE2bNhg3bpzRtoqKisSASHZ2thh8sAceHh7w8/MTs8fWrFmD2bNno2nTpsjNzUWPHj0wevRobNq0yeDYn3/+GR4eHnjvvfdQVFQEqVSKRYsW4cKFC7h27RoUCgUAzbS83Nxc3Lx5E0ePHsXnn38OBwcHFBYW4q233oKvry927txZo+dtzo0bN7B48WIMGDAA3t7eFY47MDAQnTt31stc2rVrFwYPHgxvb2+9trOysiAIApydnZGbmwt3d3ccPnxYDGDp+vnnnyGVSjF37lxxKu38+fNx48YNXLx4UdzvlVdegY+PD3JycjBw4ECo1Wqx1lxF9/PRo0dwcHCASqWCQqHAiy++iPz8fNSrV686Li0RERERERGRxaq1oNTUqVPx1Vdf4eTJk+J0pMzMTEyePBmAJjhw5coVrF+/3uDYnJwc8eugoKDqHGaFFixYgKFDhxq8rw1IpKamonnz5igtLQWgCdS1aNGiRsdoC4IgoLi4GK6ursjLy0N6ejomTZqESZMm6e3XuXNng2Pv3LmDe/fuwdXV1WBbUlIS2rVrZ7A/ALRq1cpg/wcPHlTlNKqkW7dukEgkADQ11wRBwNChQ/H1119DEIQKx61SqTB27FisXbsWc+bMQWlpKfbu3YsVK1aIGXtaoaGheOutt/Dcc8+hU6dO6N+/P4YPH44OHToYtH3//n0EBgairKwMgOZeNWrUCIDm+oaGhgIA/P39DYKiJSUlFt3PBQsWYOTIkWjXrh369euHgQMHYtiwYRYVnCciIiIiIiKqTtWWgQVoPuQPHDhQzMJas2YNRo0aBV9fX03nUilmzpwJQRAMXrrZKk5OTtU5zArVrVsXDRo0MHg5OjoC0GQVlQ9OaINZj5OEhATk5OSgTZs2YhBnz549BvdGN+NHSyaTITg42Oi9NBb8006Ny8vLM9h/yZIl1XuiZhw8eBCXL1/G5cuXERERAS8vLyxbtgzOzs4Wj3vEiBG4c+cO4uLiEBUVBbVajWeeecagL5VKhcWLFyMxMRFvvPEG7ty5g7CwMHz77bcG+2rvhy5tIXhtpqIpEonEovsZFBSEW7du4aeffkLLli2xePFi9O/f32YrMBIRERERERFVVrUGsABNMfft27fj1q1besXbAc0H5kuXLunt/+jRI+Tm5lb3sKxiqgaWVuPGjZGUlKQXxIqPj6+NoVbJokWL0KRJE/Tt2xeenp6oX78+zp49i6ysLPEVFxdntCZSy5YtcfPmTdy/f1/cNz09HXFxcWLWkC7tCpTHjx/Xaz8mJgaFhYXVfq6m+Pj4wNfXF76+vpg5cybatGmDiRMnivfbknH7+vqif//+2L9/P/bs2YO///3verWvtJRKJZKSkuDm5obx48dj27ZtmDt3LtatW2ewb2BgIG7fvq0XGL19+7bemMyx5H6mp6cjOzsbISEh+OSTTxAbG4v09HT89ttvVl5FIiIiIiIiItuq9gDWCy+8gPr162PixIkIDg7WW6FtxowZOHbsGNasWYOSkhI8ePAAI0eO1Aty2YNHjx4hKSnJ6AsAnn32WaSnp2P16tXIz8/H6dOnsWPHDpPtubi4IDExEdnZ2SguLq6p09CTnp6OlJQUJCYm4rfffsPo0aNx8OBBbNiwQczMmTFjBlavXo3Tp09DpVIhJiYGzzzzDH788UeD9l5++WU4OTlhzpw5yM3NhUKhwLx58/DCCy+IASxXV1ckJCQgKysLQUFBGDRoEObNm4fExEQolUps27YNPXr0wM2bN2v6coh0A5QlJSX473//i+joaKxYsQIALBq3Wq0Wr+ehQ4cwevRoo31t3boV/fv3x4ULF1BYWIjExERcvHgRrVu3Ntj35ZdfhkQiQWRkJIqKipCZmYkFCxbgqaeeQpcuXSo8r4rup1qtxsCBA/HJJ5/g0aNHyMvLQ1RUFIqKioxOlyQiIiIiIiKqSdUewJLJZHjzzTdx+vRpTJ06VW9br169sHHjRnz55Zfw8vJC165d0bp1a3zzzTfVPSyrzJo1C126dDH6UiqVaNu2LTZs2IDvvvsOrVu3xpIlS/DRRx8BgNHsozFjxiA1NRUhISF6q9XVpAEDBqBjx44ICQnBW2+9hfr16+PChQvo2rWruM+MGTMQHh6O8PBwNGnSBK+//jpmzpyJ1157zaA9Z2dnHDhwAElJSejQoQM6deqEe/fu4eDBg3BwcAAAhIeHY/PmzejTpw9KS0uxbt06tG7dGn/7298QEBCANWvWYOfOnWjTpk2NXYeK1KtXD8uXL8eCBQtw6dIlcSGCisb9wgsv4MaNG/D09NQL2uqaNGkS3njjDbz22mto0qQJevbsCRcXF3z99dcG+7q6umLfvn04c+YMWrVqhf79+6NevXrYv3+/uDpiRczdT6lUit27d+P69et46qmn0Lx5c8ydOxffffed0ZpcRERERERERDVJIpQv3mTGkSNHMHDgwOocj82YGuuRI0cQHBxscTt169Y1uz0rKwsA4OjoCFdXV0ilUiiVShQXF8Pd3V3cXrduXSgUCpSVlUEul8PDwwMAoFAoxFpG5sTExNjkfBwcHMS+tdRqNZRKJQoLCw0KgLu4uMDJyQlSqRRqtRrFxcVi1piLiwscHR3FKZ8ymQxubm6Qy+UQBAFKpRIFBQVim87OznB1dRVXYJRIJHBzc4ODgwMkEglUKhUKCwuNBv1q6rrk5OQYXAMnJye4ubkhNzcXKpXKonFLJBLUqVMHarVab0ECuVwOT09P8bnQvb6CIKCsrAwFBQUQBMHg+srlcri6ukIul4v3TLsvoHnG8vPz9aYZ6j535fsrfz9lMpnYvva8ioqKrKrnZup+EBEREREREWlrLJcvJ2WOdtZRta5C+CTQBhoqUlpaavBBX/dY3a+VSiWys7NtM0ArlZWVWXxOAFBUVISioiKLtqlUKrMFv3WDJYBmWlt+fr7FY6lO5q5LSUkJSkpKxO8tGbcgCEbbUyqVeu9bc32VSqXZ62usv/LvmetPpVJBoVCYbJ+IiIiIiIiotlT7FEIiIiIiIiIiIqKqYACLiIiIiIiIiIjsGgNYRERERERERERk1xjAIiIiIiIiIiIiu1ZhEfcjR46IX/v7+1frYGzJ399fb+xPgiftfGyF18W+8H4QERERERH9dVXXyvQSQRCEammZiIiIiIiIiIjoD3l5eQCAS5cuWXxMly5dAHAKIRERERERERER2TkGsIiIiIiIiIiIyK4xgEVERERERERERHaNASwiIiIiIiIiIrJrDGAREREREREREZFdYwCLiIiIiIiIiIjsGgNYRERERERERERk1xjAIiIiIiIiIiIiu8YAFhERERERERER2TUGsIiIiIiIiIiIyK4xgEVERERERERERHaNASwiIiIiIiIiIrJrDGAREREREREREZFdYwCLiIiIiIiIiIjsGgNYRERERERERERk1xjAIiIiIiIiIiIiu8YAFhERERERERER2TUGsIiIiIiIiIiIyK4xgEVERERERERERHaNASwiIiIiIiIiIrJrDGAREREREREREZFdYwCLiIiIiIiIiIjsGgNYRERERERERERk1xjAIiIiIiIiIiIiu8YAFhERERERERER2TUGsIiIiIiIiIiIyK4xgEVERERERERERHaNASwiIiIiIiIiIrJrDGAREREREREREZFdYwCLiIiIiIiIiIjsGgNYRERERERERERk1xjAIiIiIiIiIiIiu8YAFhERERERERER2TUGsIiIiIiIiIiIyK4xgEVERERERERERHaNASwiIiIiIiIiIrJrDGAREREREREREZFdYwCLiIiIiIiIiIjsGgNYRERERERERERk1xjAIiIiIiIiIiIiu8YAFhERERERERER2TUGsIiIiIiIiIiIyK4xgEVERERERERERHaNASwiIiIiIiIiIrJrDGAREREREREREZFdYwCLiIiIiIiIiIjsGgNYRERERERERERk1xjAIiIiIiIiIiIiu8YAFhERERERERER2TUGsIiIiIiIiIiIyK4xgEVERERERERERHaNASwiIiIiIiIiIrJrDGAREREREREREZFdk9f2AIiIiIiIapMgCLU9BCIiuySRSGp7CEQiBrCIiIiI6C+BgSoiIuuY+rnJwBbVBgawiIiIiOiJZezDlzWBLAa9iOhJZ00wSruv7s9GBrOopjCARURERERPnPKBJ93vzW0jIvqrMfcz0Fxwqnwwi4Esqm4MYBERERHRY6+4uLi2h0BEjzUBKkGCn0+WYvJiZ6jhqHlborcLJBAgSACJWoCnmxJ7FwAhQWowdGPI2dm5todATxiuQkhERERERERERHaNASwiIiIiIiIiIrJrDGARET3GlEol0tPTa3sYRES1ijWsiIjsD382k60xgEVE9JgqLi7GhAkTMGLECCxbtsxm7c6bNw8TJ07Erl27bNamvcjMzMTEiRMxceJEJCcn1/ZwiMgG+AGJiMh+8Wc02RKLuJNRM2fORG5urlXHyGQyrFmzpppGRETlpaamIikpCQAQExNjs3aTkpJw+/ZtPHr0yGZt2ouysjLcvn0bAFBSUlLLozEuJSUFBw4cwLlz55CSkgKFQgFPT0+0aNECAwYMwAsvvACZTGbyeIVCgZ9++gnHjx/H/fv3AQBNmjRBv3798PLLL8PDw8Om/dbWeE1Rq9X49NNPkZiYiMDAQMyePdvsqkjW9v/7779j+fLlVo1pwoQJ6Nevn1XHkGW0H4z4AYmIyP4IggCJRCL+l6iqGMAio27duoXs7GyrjpFKaz6hLzY2FtHR0ahTpw5GjBhR4/0T1aaAgACMHTsWV65cwauvvlrbw6EqEgQB3377LTZv3gylUqm3LTs7GxcvXsTFixexe/dufPnll0YDO3fv3sW///1vg2mlCQkJSEhIwL59+7B06VIEBARUud/aGm9Fvv32Wxw6dAiurq746KOPzP7CXJn+8/PzcePGDYvHAwA5OTlW7U+WYfCKiMj+MYhFtsQAFhn18ccfo7S0VO+9jIwMREZGAgCmTZtm8IGiNgJYV65cwbp16xAQEMAAFv0lTZ06tbaHQDayZ88ebNiwAQDQvn17PP/88wgKCoKjoyPS0tLwyy+/4Pjx47h58yYiIyPx6aef6h2fmZmJqVOnihlQY8eORZcuXSCRSHD58mVs2bIF6enpmDp1KjZu3AhfX98q9Vtb4zXn1KlT+P777wEAERERaNKkicl9bdH/woUL4ejoaLT9nTt34n//+x+kUim6detW4dipchjEIiKyXwxeka0xgEVGBQcHG7yXmJgoft2+fXt06tSpJodERPREGzp0KO7cuYP69evjlVde0dsWGBiInj17YtGiRdi3bx+OHz+OnJwceHt7i/ssX74cCoUC3t7eWLVqFZo2bSpua9euHfr27YspU6YgOzsbX3zxhRhQqmy/tTVeUx48eID58+cDAMaOHVvhlD1b9P/0008bDWCp1Wp88cUXAID+/fvD39/f7FjIeroBK0EQGMAiIrJD2p/N2uAVA1lUVQxgUbW5d+8e9u7di4SEBOTk5MDX1xcdO3bECy+8AB8fH6PHqNVqHDt2DKdOnUJycjKKiorg4eGBgIAAhIaGomfPnnBwcMDGjRtx6dIlnD9/HoBmGsjMmTPFdp599lkMGjSoUuNOS0vDgQMHcPXqVWRkZMDV1RXNmjXDoEGDjAb2IiIiUFRUhDFjxiA0NNRom7dv38aqVasAAIsWLdL7wLN06VIkJydj1KhR6Nq1K44ePYoTJ04gLS0Nq1atgoODg1XXxtj5/PLLL7h27RoyMzPh6emJZs2aYciQIWjfvn2lrlH5cYeEhODUqVOIiopCSkoKZDIZGjZsiP79+6N3795G699Yet5a1fk8lVeZvsqfz7Fjx3D8+HGkpqYCABo3boywsDD06dPH7HW19vnT9jt48GAMHjzYYHtMTAxOnz6NmzdvIjc3F3K5HI0aNUKvXr0wcOBAs7WJKquqz0ZVx52QkID9+/eL98/Hxwddu3bF888/b/G4q+uZNEcqleKdd94xu8+QIUOwb98+CIKAlJQUMSCUmpqK48ePAwBef/11vWCMVuPGjREeHo5Fixbh2LFjSE1Nhb+/f6X7ra3xGlNcXIw5c+agoKAAXbp0QXh4uNlx2br/8k6dOoUHDx4AAMaMGWPRMWQ53awr3RcRUZUIgESQQC0VIBWUUMMBkAB//J/ejhIBgEQNiQDwp49p5X82MxuLqooBLLI5lUqFNWvWYPPmzXrv3759G2fPnsX333+P999/3+DDdk5ODt59913Ex8cbtHnlyhXs2rULvXr1QmRkJG7duiUGr7R0v69MdpggCNi8eTPWrl0LlUqlty02NhZ79+7FgAEDEBERAScnJ3HbhQsXUFBQgIEDB5psOy8vTxyfUqnUC2DFxcXh9u3bCAkJwfr16xEXF6c3JsC6a6N77A8//IDVq1cbnE9MTAx27tyJ/v37Y9asWXB3d7fkEunRjjs4OBibN282KCJ+9epVHD58GK1atcKnn36Khg0bGj3e3HkDNfM8VbUv3fPp1KkTvv32W1y/fl1ve3x8PI4cOYJ+/frhk08+MQjAVPb50/ZbPhh5//59fPzxx0bP/8aNGzh69Ci2b9+OpUuXWl0kuyJVeTaqMm6lUolVq1Zh27Zteu/fvn0b586dww8//IBp06ZVOO7qeiZtQfcXPi8vL/HrEydOAAAcHR3x7LPPmjx+8ODBWL58OUpKSnD8+HGMHj26Sv3ay3gXL16MO3fuwNfXFx9//HGFgdmq9N+mTRt8/vnnAAC53PivUT/++CMAzd9Fbdu2NTsWqjoGsIjIFgSJGhIAUrUEEgASqRICZNALYEkECAAkggBIBEihgkQi00SxGJMxUD4Di6iqGMAim/vqq6+wfft2SKVSjBgxAmFhYahTpw5SUlKwc+dOnDx5EvPnz4erq6teNsoXX3yB+Ph4eHh44J///Cc6dOgAZ2dnZGRk4MaNG9izZw9GjhwJQFP3Z/z48di4cSOOHj0KAFi3bp3YVmWyH9auXSvWTunatSuGDh2Kxo0bIy8vD7/99hv27duHo0ePwt3dHe+//35VLpFR33zzDdRqNYKCgjBgwAD4+PiIH8KsuTZa//3vf7F+/XoAQGhoKIYOHYqGDRsiNzcXJ06cwN69e3Hs2DFkZWXh66+/rnQmzjfffAMAaN26NUaOHInmzZujsLAQp0+fxs6dO3Hz5k289dZbWL9+vdFAibnzBmrmeapqX7q+/fZbAEDv3r0xcOBA1K1bFw8fPsSuXbtw7do1HD9+HBs3bsTEiRP1jrP18+fi4oJ79+7Bz88Pzz//PDp37gwvLy9kZmbi2LFjYlbe8uXLMW/evArbq4zKPBtVGfeyZcuwZ88eAPrPfE5ODo4fP45ffvmlwmlo2nFXxzNpC+fOnQMAeHp6okGDBuL7V69eBaCZ3m2qJhMAODg4oEOHDrh48SJ+//33KvdrD+P96aefcOjQIchkMnzyySeoW7duheOqSv/e3t54+umnTR5z7do1xMbGAmD2VXUwlX2lVqtreWRE9LhTQwqZIEOXZiX48NUUJGe7YdNBbyjKXHT2kkCiBuq5FmLMC9nw91ahaZ16kMD2Ge1PArVaDalUqvePDMzCoqpgAItsKjY2Ftu3bwegmSrXs2dPcVvjxo3RrVs3rF27Fhs2bEBkZCS6d+8ufng4ffo0AGD69Ol6U32aN2+O0NBQjBkzRvwQ2aBBAzRo0ABBQUE4evQoAgICEBQUVOlxx8fHi8GD8ePHG0w/6datG/r27YstW7bgH//4R6X7MUetVmPEiBF45513DH6gW3NttOejDV4ZO5/u3bujb9++eO+99xAbG4utW7di7NixlR77M888g4iICL0xhISEICwsDG+99ZY4BeuDDz6w6rxr6nmqal/lvfnmmxg3bpzee0OGDMHbb7+NmJgY7NixA+PHjxf7r47nz9fXF0uWLEGHDh30pr61bNkSTz/9NOrUqYONGzciKioK7777LlxdXS1q11rWPhuVHXdMTIwYvDJ2DZ9++mn069cP7777boVjrq5nsqru3r2LrVu3AgD+8Y9/6F1T7aqx9erVq7Cd+vXrAwCysrKq3G9tjzcuLg4rVqwAoFlcRDf7dtmyZbhw4QKeeeYZg4BxdV6vH374AYDmeejVq5dFx1Dl6Qax+GGIiKpCKkggSFQIbOogapOKAAAgAElEQVSMt5s0xcV7wPbjReUCWAIEmQqenmUIf7Yemvk6QJCWQYAACVOwDPBnNNlazS8bR0+0Xbt2AQAGDBig98FO1z//+U/4+/sjJycHp06dEt/X/uvpo0ePjB5XHbV6tLQfSAMCAvD6668b3adHjx74+uuv0bx582oZg6+vL2bMmGH0h7u118aS8+nevTuGDRsGANixY0eVpl/MmjXL6P1p3749Jk2aBAA4dOgQCgoKDPYxd941+TxVpS9djRs3NihoDWjqG2k/RGdlZSElJUXcVl3PX5cuXYzW+AIgTptSqVS4e/euxW1aqzLPRmXGrQ1embuGTz/9tEW18arrmayK1NRUvPvuuygpKUH79u0NAqS5ubkAYNF0YO0+eXl5Ve63NseblZWFuXPnQqVSYcCAAQbB3fT0dCQlJRkNPFXn9dLW1ho1alStrM77V1A++4pTCIkeNwIg/Fk8Svjjf4Z7/fGuABN72HpUEgACpH9MDZQKRjI7BUCikkItAQSJCjJJkWY6IYNXRvHnNdkaM7DIprTTMhwdHREdHW1yP+0H2qtXr2LAgAEAgJ49e+Lo0aNYs2YNrly5gpCQELRu3RpBQUFVqtFz4MABo1NP6tWrJwYUtNvDwsJq7QNH9+7dTdZTsfbaWHo+AwcOxM6dO/Hw4UNkZWXBx8fHouulq27dumYzTJ555hmsXr0aJSUluHv3Ljp06GDxedfk81SVvnSFhISY/Bcm3eBTVlYWmjRpAqD6n7+kpCSkpaWhoKBA/KWhpKRE3G4ssGhMTT8b1oxbW3Osoms4bNgwHD582OR2oPqeSWuvn9aDBw8wY8YMpKeno3nz5oiMjDQYn5ubGwCgqKjIzJlpFBYW6h1TlX5ra7wqlQpz585FZmYmmjVrhlmzZlXYji37N2Xbtm1Qq9Xw9PQ0qK1V2ftPfyr/oaf8dEIiejxos5U0BdAlgEQFtSDTz6yQACqJGjKVHIAMaolSUzgd1ZfJIxUDZgIEiQCpiWmBgkRbAwtQQ6Y5l2oZ0eNP9+dz+SwsZmVRZTCARTalzXb59ddf8euvv1a4f0ZGhvj1u+++i6KiIpw5cwbnzp0Ta6cAQFBQEJ577jkMHz7cZGaGKTExMThw4IDB+wEBAeKHhszMTACAn5+fVW3bkq+vr8lt1l4bS89HOzUG0NwLHx8fi66XrmbNmpnto169euJcd+24dJk775p8nqrSly7tKmvG6GZ7lJaWil9X1/N38uRJrFixAsnJyWb3s7R2TE09G5UZt/b+VXQNLbnG1fVMWnv9AM00vLfffhuPHj1CQEAAvvzyS6PPmLbuk3ZqnDnafczVirK039oa78qVK3HlyhUAwIQJE5CUlGRwnHYhgPj4ePFrV1dXNG3a1ObXCwDy8/Oxb98+AMBLL70EZ2dnve2Vuf9kmrFaWET0mBAkECBALVVBIsggUUsgF+QQJCoIEuCPRCg4qB2glpRBkJRCJkihmTxU3dlOUmiXFhRgeoVBBq0sU34KIYNWVFUMYJFNeXp6ori4GJ06dcIzzzxT4f6NGjXSO3bJkiVISUnB6dOncfPmTdy8eRP37t3DrVu38OWXX+LcuXPi6k+WevbZZw1WaNP2p+Xh4YGioiIoFAqr2gYgZnvoBiTKs6Rdc1kj1l4bT09Pi85Hd7v2elhyvXQ9fPjQbB+62TPGMp8qOu+aep6q0peuyvylXJXnz5SLFy9izpw5EAQBffr0Qffu3Q0CaAsXLrSqzZp4Nio7bg8PDxQXF1v1zJtSXc+ktdfv9u3bePvtt5GTk4OgoCB88cUXJlcAbNGiBY4fP46rV6+KBVONEQRBzAIKDAyscr+1Md6cnBy9lSbnz59vdlzXrl3Da6+9BgB46qmnsGLFCpteL63du3ejqKgIDg4OBgtEANbffzKu/L/m635NRI8HCSSAIIEUUkAA1BIBgrQYEkEK7a9RggRQSSRQQw6poIZEEKCSao7l5OzHR/mf19ogFsCVCalyGMAimwoICEB6ejoaNWqE4cOHV6qNhg0b4u9//7v4fVFREbZs2YJ169bh7NmzuH37Nlq2bGlxe8HBwQgODja7T4sWLZCeno7z589bXaTd29sbCoUCqampJve5ceOGVW2aYum1CQgIQFpaWoXnc/78eQCarARtNpYl10uXufMGgLNnz4pfN23a1OJ2gZp9nmzRV2VV5fkzRVvXrFu3bvjss88MtlcmgFUTz0Zlx920aVNkZGRY/MxXVlWeE2uu3/Xr1zFz5kwoFAq0a9cOS5cuNTuVuk+fPli3bh0UCgXOnj1rsj7XuXPnxFpOffv2rXK/tTVeSzLp0tLSDPbXZlHZ6nppKZVK/PTTTwA0U2ONZWtZ++eHLMMMLKLHj6bWlAQZxWXIKQWkagnUUgmk6j9yq/744yyFChJBBbVECgcZUN9DAgeJwHJTjxH+jCZbYwCbbOq5554DoCnKfPnyZZP73blzx+A9UxlMLi4uGD9+vPi9bkFe7fSv/Pz8So1XS7tK3dmzZ/WmmulKS0vD5s2boVQq9d7X1jU6evSo0XPIycnBzz//XKXxWXttdM9HN0igKzMzU1wta8iQIRbVtjFl7969Rt8vKCjA2rVrAWhqQ1my4peumnyeqtJXVVXl+TNFOyXPVNZITExMJUZqPWufjcqOe8iQIQDMP/MZGRniao+VVRPPSWxsLP71r39BoVCgU6dO+OKLLyoMIrVq1Qpt27YFoJleZ+xnYkFBAVauXAkAaNu2LVq1alXlfmtjvN7e3ti+fXuFr6eeegoAMGLECPG9Tz75xGbXS9eRI0fEZ3f06NFmz51sw1QmFhHZPwnUUKqV+PaECn3nK9H30zL0/ESNHp+o8PRHSjz9kRLdPyxD6Dw1QuapEDpHjcnLc5CRrzmaHh/8WU22xgAW2VT//v3RtWtXqFQqzJw5Exs3btSrMZKSkoKvvvoKr776ql4tEEEQ8Oabb+Kjjz5CTEyMXvChqKgI3333HQBNYeQWLVqI27RZGxkZGTh58qT4vrWrqvXr1w+hoaEAgNmzZ2PLli3iVCOVSoVTp05h2rRp+M9//mOQ/aENPqSmpmL27Nm4d+8e1Go1VCoVLly4gKlTp4pFgCujMtdG93zmzJmDH3/8UfyAplKpcPLkSYSHhyM3Nxe+vr5Vrr+yZMkSrFmzRrzXgiAgOjoa4eHhSElJgYODA958802r263J56myfdlCVZ4/U7TndfToUYN6XbGxsUazm6qDtc9GZcc9cOBAMSBh7Jk/fvw4wsPDq/RnEaj+5+TixYv417/+hcLCQrRs2RIffvghSktLkZOTY/DSrqSn9d5770EqlSIxMRHTp0/HxYsX8f/svXmcXGWV//8+z61ektDpJhshYQ2rQWFYZFEERQT8Efy5ogjOsCibI8IYUAybCwpfFsEXIjuSEUZUHEUY/I74HRDX+bIjg0AgkJWEbJ10ku6uus/5/nHvc+tWd3V3VXens523r0pV3br3ec596la/uB/P+ZxSqUSpVOLpp5/mS1/6EnPnzsU5x0UXXTQs826seIeD4Zz/Jz/5CZA0ANh1112HPVbDSgQNY0tCRVCJ6NIG2nU0K3QsHfE2dPhtWONbWOPH0hGn20otrPWjWe1bADH9agvD/rYb9WIlhMawEkUR3/zmN7n00kt5+umnufXWW7n11ltpaWkhjuPs5lFEKrqJ/e1vf8s8ih599FEKhQLjx49HVVmxYkWWdfL5z3++wmD54IMPZscdd2T+/PlcfPHF7LDDDqxbt47Ozk5++ctfMnr06Jrids7xjW98g0suuYSnn36am2++mZtvvpmxY8eybt26bP7tttsu81IJHH744Xz4wx/mkUceyczCGxsbKZVKmcl0+HwwDGZtnHNcccUVzJo1i2effZabbrqJm266idbWVjo6OojjODufK6+8ckBz4v448sgjeeGFF5g9ezazZ8/OvIiKxSIAzc3NzJo1i7333rvusUfyehrsXMPBUK6/vjjllFN4/PHHWbJkCZ/+9KfZd999GTNmDAsWLOC1115jp512oqOjY9jPJc9gro3Bxt3Q0MC3v/1tvvrVrzJnzpw+r/l//Md/HFIW1oa8Ttrb27nwwguz9ZkzZ05VL6VAc3Mzjz76aPZ+zz335Fvf+hbf+MY3mDNnDl/+8pczb6fwt6ixsZErrriCPfbYY8jzbqx4h4vhmv/JJ59kzpw5gGVfjRT5Gx4rTzGMzRcVwElWMqhewCn4/HZN2/6ZcrU5Uu1vtBm5G0PBMrCMYae1tZUbbriBWbNmsd9++1EoFFizZg3r1q1jzJgxHHXUUdx9990V/jHvete7uPvuu/nYxz7GDjvsQKlUYsmSJSxduhTnHAcddBDXXHNNRekXQKFQ4IYbbuCwww4jiiIWLFhAe3s7BxxwQN2ZFmPHjuWGG27ga1/7Gu985zuJoojVq1dTKpWYNGkSn/3sZ7nnnnuYMmVKr2O//vWvM3PmzMybq7u7G1XlXe96F1dffTWnnHLKIFZyaGvT2trKjTfeyEUXXcTee+9NFEW0t7cTxzFTpkzh1FNP5Uc/+tGghKU806ZNy77PlpYW1qxZQ7FYpKWlhRNOOIG77rqLD3zgA4MefySvp8HMNVwM5fqrxtSpU7n99ts56qijcM7x5JNP8vjjj7N06VI++tGPcuutt9LU1DTs55FnMNfGUOLebrvtuO222zj33HOzDojt7e2oKv/wD//AtddeOyzd3jbUddLV1dVvM4haOPLII7n99ts5+uijaWhowHuP955CocDRRx/N7bff3svLabDzbqx4h5PhmD9kX+22225ZJqUxMphoZRibL0pq4h2lWVWORLxyAhFJJ0AhEa4k+cyb5rFZY3+zjeFA1K4kYwOjqrS3t+Oco6WlpSbFvbu7m9WrV1MoFGhpaSGKopqP2XbbbWvafyC896xatYpRo0YxatSomo8LcbS1tQ3JV2qg8etZG0jKqFatWkVLSwuNjY1DjuPUU09lzpw5nHbaaZxxxhnZ9vb2dqIoqugcN5yM1PU02LmGi8Fef9WI47ji/Dc0w3VtDDXuYrGY/RaH429CX2zM66Q/vPcsXboUgEmTJvXbXXFTYGPHu7HnN/on76EShMbwiOOYOI5pbm7eyFEahlELCnTHwnf/j/K//k8B9Q58mnHlSTKuvOa2Kftt38HPzm9khxbdcFWEmiZ9SZIx9Mzrjo9d2sXba3IddVUBZfft2nnw6kZ2Ge8AsQSxPujs7CSKIqIowjlX8Qj/vbSp/HeTMXKEBjnPPPNMzcfsv//+gJUQGiOAiNDW1lbXMY2NjRWlghvqmP5wzg2qtG644xiu8aMoYvz48RsgokpaW1sH3mkIjNT1NNi5hovBXn/ViKKIbbfddljGGgr1XhtDjbuhoWFErvmNeZ30h3OOyZMnb+wwamZjx7ux5zcGR17YMgxj8yGTLJyU34WfsddynVB4LWL2V5sh9jfaGG7s/140DMMwDMMwNlvsxsgwNi+CECXB2iqUEGav07LBrIwwd5Cx2WF/o43hxAQswzAMwzAMY7PAboQMYwvCkYhUQbxy6QPN3kvYbmxR2N9yY7BYCaFhGIPikEMOYaeddmLatGkbOxRjE8OuDcMwDMMw+kNJ7aScpF0HSdsSpuKVB7ymllNSFrkMw9iqMQHLMIxBcc4552zsEIxNFLs2DMMwDMPoi8QonXLnQckZtiNl3ytNuxKqmnhlGAZgCZmGYRiGYRiGYRjGCKEoHo8giYd7pOB82fMqeGA5kCjGEYODGMEKzwxj68YysAzDMAzDMAzDMIwRwSk0Af/f3iWmbFvk6QVw75OjKEr6oSbZWOKUd0zo5J8OdezQ4pnQqIhi2ViGsRVjApZhGIZhGIZhGIYxIqiAqHDw5Ih3TVXGNBa59xkP3iVlhF4hSp6ntnbxuXe3sm2hhEgRL5nTu2EYWyH26zcMwzAMwzAMwzBGCMU7jyoUvBCpB1fKlRCSvhZUIkRLAJSkAbX0K8PYqrEMLMMwDMMwDMMwDGPEcOpQ8TiVRJRypNlX6Q4iqcF7hIqCeCKVpFHhhmYYjLY0/CPlLclL6bETiVinuc9MozOMPrEMLMMwDMMwDMMwDGNEEJVUlErEK3WARIl5u0s7DzrSDKwY0QiVRLySDa3upP7xQqWmVC+Kx+FRVVCXnKcmBvbZ/0RRBU8pFeYSk3ozqjeMvrEMLKMq3/rWt3jjjTd6bf/CF77AoYceCsDKlSuZOXNmTeNFUcRtt91WsW3RokU88sgj/PWvf2XRokWsWbOGsWPHMm3aNI466ihmzJhBFEXZ/iM9X544jnnkkUd47LHHePXVV2lvb2fUqFFMmjSJd7/73Xz84x9nypQpwxZrnueee46HH36Y559/nqVLl+KcY9KkSey4444ceeSRHHPMMRQKlT/leuM1DMMwDMMwjJEhk4dSkYpEtApqkddymoULmzentCTFaYTXCHUxkVdi8YBQmUKmCB7nRyGqxFEXSmGzOlPDGGlMwDKq8sYbb/Dyyy/32t7e3p69LhaLVfepRl5gUVXuuOMO7r33XkqlUsV+K1eu5KmnnuKpp57iV7/6FTfeeCMtLS0bZb7AsmXLuOCCC5g7d262TURYs2YNa9as4bXXXuPnP/85M2fOZMaMGUOKNU93dzfXXHMNjzzySK/P5s2bx7x583jyySd5z3veQ1tb25DiNQzDMAzDMIyRQgDNpxqJJo8gXHktp0JtNIYyeZxkcymo6wYtgEjSRbFiCsFpTOxKoAUiInx6rGEYvTEBy6jKBRdcQEdHB5AIKV//+td77dPW1sa1117b5xgvvPAC99xzDwBnn312tv3BBx/Mtu+zzz4cf/zx7LHHHjQ2NrJkyRIefvhhHn/8cV555RWuvvpqvv3tb2+U+QKXXnopc+fOpbGxkdNPP50PfehDTJgwgXXr1vHiiy9y99138+KLL3LVVVex6667ss8++ww61kAcx5x//vk8//zziAgf+tCHOPbYY9lll12IooilS5fy7LPPEsdxhXg12HgNwzAMwzAMY6SQ1B8q03MkVXugnI2V7bPxiuoGpyNJGnGJFWuUP7/YhWoxzcIqoyQJWYVYiAueRhUOnj6KiWOrV4QYhmECltEH73znO7PX3d3dVfdpbGzMygl7snTpUq688koAjjvuOD7zmc9kn51wwgm8/vrrTJo0iZNPPrniuN122433vOc9XHXVVTz00EM8/vjjrFq1ira2thGfD+C1117jhRdeAODCCy/kwx/+cHZsS0sLhx56KAcccACf+9znWLhwIQ888AD77LPPoGMN3HPPPTz//PMUCgWuvPJK3vve91Z8PmHCBKZPn97ruMHGaxiGYRiGYRgjgeZeaKpViUvVqrTSDpWsG6GEg0YoK6ksqoWHltWmGpG0neKLC2JOvSpivTbhfO/jFcGp4F1Ma7SOH11Z5EP7DE7AUjTVAHOCn5jltbFlYQKWMex0dXVx8cUXs3LlSt7xjndw0UUXVXzunOOCCy7od4zjjjuOhx56CFVl0aJFvbKMRmq+xYsXZ/u85z3vqXpsY2MjBx54IAsXLmThwoX9zjNQrADr1q3jxz/+MQBnnHFGL/GqP4Y7XsMwDMMwDMMYViSvRykiJEbuAU9WSigiCA4Z4TysxMBdIUpj8cnG8LKW4xP7LkeJZlSbiYHeKpyiAkpMESi6mE6iLIerVpyHWACNaMATiU+z3MwS3tiyMAHLGHauuuoqXn75ZSZMmMB3v/tdGhsb6x5DpPzHvbW1daPNN2HChOz1woUL+4wlGN5PnDhxyLE+8cQTdHd309TUxCc+8Ym6zmO44zUMwzAMwzCM4SZvb6VIWkKYbnSSemAlWVia9eYboRSsnMe8ChCFDYqvRb3qMVTFq976VWoGFrGu2MQ/fb2Ic3HdITsVfKQ0uDV89wvCZz84hsj5Dd+10TBGGMspNIaVH//4x/z2t7+loaGBK6+8skJQqYe//vWvAIwdO5bJkydvtPn22msvdt99dyARn+bPn19xXHd3N3fddRfPP/88kJQrDjXWp556CoDp06czevRoALz3LFq0iNdee43ly5f3OcdwxmsYhmEYhmEYG4SgSQXSckFceAAuZF0lhu4jKcZkM4W4QiaW07Iv13AlN4kAHh8pa4vNrOlqqvuxuqtAx/qINZ1j6I4jImJU7Vbf2PKwDCxj2Jg7dy633HILkHThe/jhh1myZAlHHHFEn532+hrn/vvvB+DEE08kiqrXgY/EfCLCd77zHWbOnMnrr7/OSSedVHWMKIo499xzOeSQQ4Yc67JlywDYfvvtWbVqFXfeeSe//e1vM1P98NlHPvIRTjrppIrjhytewzAMwzAMw9gQSO45eUgu8yr9MJQQOuk38SoTuNKdhkXiymlTEuJSLXtg1ZmF1fc8CuLRJM0MvAPxPeopaxzKCWgE6vEOUIe4YChmGFsOJssaw8bKlSsr3j/44INcdtllnHbaaTV7LS1evJiZM2fS1dXFPvvswymnnLLR52tpaeHggw/ud5wJEyaw9957D0usK1asAGDt2rWcccYZ/Pu//zvFYpE999yTadOm0dTUxOLFi7n11lv58pe/3MtkfzjiNQzDMAzDMIwNQUi+SmylBJWQcSVJplNWXyiJzUdiElXVBUvxePH4VFXS1D2q1yMIUBqlz/2pUC5MXzZxhyT7KotvuIShTCpDvCCaGLEP9HAKzisQJ2ftg4CnqV9YvkjTMLYcLAPLGDamT5/OvffeS6lUYvny5fzlL3/hl7/8JXPnzuUrX/kKs2fP7tefasGCBZx33nksXbqUXXbZhauvvrrfTKqRmK+9vZ1//ud/Zu7cuTQ3NzNjxgwOPPBAJk6cSEdHB2+++WY255e+9CUuueQSjjnmmCHFGmJ4/PHHgcTI/aSTTqK5uRlIjOB/+tOfctttt/Hcc89x5513cs455wxrvIZhGIZhGIaxIQhNBiF5kWQ5aeoFlXYf9ImopZJ6YfUhGDmNcD6RbBSPSnCA77m/R4MTe3Jkn/KOAKqJECahdBAgdBF0HomEkDg2pEpCdZlIpi6c60AjalrCKGlwmnVz9GnXQTHzdmMLxQQsY9hobm5m5513BmC33Xbj4IMPZr/99mPWrFksWLCA//zP/2TGjBlVj507dy7nn38+y5cvZ9ddd+XGG2/st/PgSM03e/Zs5s6dyzbbbMMdd9zBDjvsUPH5QQcdxMc+9jG++93v8sgjj3Dddddx2GGH0dLSMuhY83GceOKJnHbaaRVjNTU18bnPfY41a9Zw33338atf/Yqzzz4bERm2eA3DMAzDMAxjQ1EWftK8KidlQ3NJ1RjVVIfq28RdpURJEhP0VPHC4alW56cSJ4KYOkSriVw9Asy/zmdiRZITiCT15hqEYCTJOTuv+CBcBSWq/wOTtXEefJKlVi6lNIwtGyshNDYoRx55ZGaK/j//8z9V95kzZw5f+tKXWL58OXvssQc33XQT48aN2yTmC+buxx57bC8xKOCc4wtf+AKQlP298MILQ4p16tSp2etjjz22z+OPOOIIADo6OjJj9w0Zr2EYhmEYhmEMmVSPymSaIFK5XI1cBERh176FGVGH0whRwVGiQBfgUXGVDy2Ab0R8E5GPcD1N5PsKNWSHOVKNLIlPRdBhKSPMCWExNLKCAqv6fTSwiiY6k+wtF5OIdVYuaGwdWAaWscEZO3Ysb731VlLD3oOXXnqJf/mXf2HNmjVMnz6d6667bsjZQMM5XzBOHyimsWPH9jpmsLEeeuihPPDAAwBVzyEQx+UWuw0NDSMSr2EYhmEYhmEMC6l2I0hq4B7KBylnYrm8xFN9kBhY0x2xfL3D9+pVmL7TIIMJTU6ZOEZoLmjfsk++crFcqUc5+yns1s8Y2UkKfWWQJSM4cCVGF7r4/sUNHLHHqH7HXFuCz39nAU/N2Qmfen4NXHZoGFsGJmAZg6azs5P777+fU045pd9OgXPmzAFg2rRpFZ89//zzzJw5k3Xr1rHvvvty7bXXMnr06E1mPoCddtqJZcuW8ac//YnTTz8d56onLf7+97+vOGYosR544IFMmDCBZcuW8Zvf/IY999yz6vG/+93vAJg0aRKtra1DitcwDMMwDMMwRgLNygIT8SoTYIJqk/3na2pFromRe/DNyos7ihB74RcvFvnqQyWKsUNVEg8tTSfzqb9WnLzecex6Zp85lv2n9JaJPB6XlgUmnu9BXNPUr0ohcmXBSATFI1UKm5KxPI0NMYWSElf15lKcCt7FbBMVmdgqTB0X9y9gFYVRDUW8aGJKL9q3PmYYWxgmYBmDZvbs2cyePZuHH36YE088kUMOOYSpU6finGPVqlU89thj3HnnnXjvaWlpqTALf+qpp5g5cybFYpHdd9+dyy+/nO7u7l4d9SDJQmptbR3x+QA+9alP8fTTT/PKK68wa9YszjzzTHbdddds3/Xr1/Pwww9zyy23APCud72Lvffem9tuu23QsTY2NnLeeedx2WWX8dOf/pSxY8dy4oknZmJbd3c3999/P7/4xS8AOOmkk7JjBxuvYRiGYRiGYWwMBBCXqi/BZ11S4cilGVoDqDOxK9AVNVEiFbAcSYO+vD+VALHS7ZJefX2PmFODsgysdByf21Zl98pNjkP3dLw4u0BUEuKosm5RBTxCQZWSa6DgG2ht6qw+YDWG7CBvGJsfJmAZg2by5Mk0NTWxaNEibrjhBiARfwqFAsViMdtv1KhRfPvb387K2trb27nwwguzfebMmcMnPvGJPudpbm7m0UcfHfH5AN73vvdx+umnc9ddd/HEE0/wxBNPMH78eCZMmMDatWtZsmRJNu5OO+3Et771rSGtTeCoo45i8eLF/PCHP+SOO+5g9uzZ7LDDDhQKBebPn8/69esBOOaYY/jkJz+ZHTfYeA3DMAzDMAxjxNCkhZ+mHfSyhnqQCDM+EYz4OzQAACAASURBVIsk68pXXdQJJX4Sjvdp7Z8n8azyClGaQZUKUSIDlf1BVhwYxKvs+CSbSyoSrqrERSK8uYKyXdSNJ0r3Ku8btKdIFU+cClLNoLFlUxlGH5iAZQyaj3zkIxx++OE8+OCD/P73v2fOnDl47zOBZOzYsRxxxBGceuqpmVk5QFdXV9XMp01tvsDpp5/OwQcfzH333ceTTz7J8uXLM9N0gD333JNjjjmGj3/84zQ2Ng4p1jwnn3wy06dP56c//Sl//vOfef3117PP9tprLz71qU9x3HHHDUu8hmEYhmEYhjHSBFupzPsqPIeuf6L4GhrzJZ0M00fWvVDKopbTbHB1ZOWI/SFCIlS5nAuXJuNlols/ESWyW5LtpVLeko2vkBQgOpAikBjDD4s3vGFsoYiqWuKhMSx0dXWxfPlyuru7aWtro7W1tV8T8s1tPkiM01etWsXq1atpampi3LhxNDc3b/BYvfcsX76c9evXM378eMaMGbNB4zUMwzCMTYnwn6vee1QV7z3ee+I4zh6jRo3ayFEaxpZLJuH4NBMq1XJ6eYdLEKU0rXDrmXeUCjmafFoS4WdvFDnnD810x4WsQyEexJf44OS13PPhZsZFSWfBnmOB0u2Fe/4mzPxNRLd3iddVOgY+7Fb2wNp5m3Xce1rEgZOlVylgLD5tNOj4vwuFT13fxZKOlsrxFHYbt4pfXdLEtHGJu3vP/67X9PySToFdOF/IXL8q1yvG04jgiXyEd92kdZN9srYofPzrb/L7l6eBDx5YSaZawZW4/p/X8fmjm8PXtFFZv349URRlD+cczjlEJPPq3dD3b8amx+rVqwF45plnaj5m//33BywDyxhGmpqamDJlyhY7H0AURYwfP57x48fXddxQY3XOMXHixLqPG2y8hmEYhmEYhpHHk1pieIfHg/Np9lDyuQAuLeGLEUSTTKXqLYUS+/YK7SKiLBK5dETnEhP3Gnr9aci6CuOEssN8G0MnqOsjfUrApdGqJAKURiQZWJ7UBwvwkggwueN6jxXkKo9S6Cdby+EkTuy1XImBxCvD2NoxAcswDMMwDMMwDMPoE1GIFGIHxUIJNOkOKPgKI/GSE5zGRApOHSUB0dSXKj9e/llSlStU+UFWRii5joVVSTO2JC0fFJ9mfeVVs9CJMAhb1ZoBVj/r1FsrZzDv0sUYoAxRci+k31SoKq0VDcPoExOwDMMwDMMwDMMwjD5R8XinFEqNlCJBJMZ5UInIizBOPU6FkosoOSHSLhLVJ6o6rg8KVPCqgrJgRHJYyIaqrvFIWRwT0Eh7j+N9zgsLVLR3J8Ge5xs84/Pm8oQYJTOPNwxjZDEByzAMwzAMwzAMw+gX8cICB12xo+RSUUpz9XmaZEAJiVfWaAdTiRIT9n4HlrJQFHbuWXfY3xhBbRLK2Vw+CGOp0hS6CIZsrVrON4xX0SFRyplYahqWYYw0JmAZhmEYhmEYhmFscSiKIj4xzdbU6Dv/OVJukiAildV6kn8prPIR57/azaOrCsQIzneDd6gnEZFSzUgVotjz0YlFbtqviTGZk3rFzNm4SUmelmvyQslfvuww93FPE/dko0NcOrmktYjBeN2lylU6V6S+IoI8kp6GSNIzUPLlhlmHxHTdpK9RDMPYUJiAZRiGYRiGYRiGscUhuLhAKfIgRVb4iNUqaCIbkWsZmOyulDOqNJN8svftXlnjHJ3NAsUGRJIme5mDetCFYiWmRDFKOvr19L8KUwGpQTuJWXocJgwlfho0p8TyvSKgdBxJzOAjKeFchEPw3uXEpmwpECnhNEYjUCeJuFd13TT9N58Zlg6SCm0qVdU0wzA2MCZgGYZhGIZhGIZhbHEosSumulQj1769np90NVCSCHyaqORTzSpLSkpELY3JBC3N9u2mw49KBKnIJ938vIM4V66XmqVL3puqCuGTTMgSyjZZaYleaCqoaMUxFeOo0iieD+wU8aOPKE8ujrnhzzElacy6DibeV8qe23Zx+dENtLgC09oGXLpEoAteV0FgI43NhCvD2CiYgGUYhmEYhmEYhrGloUKkDkHpdsrqhgLLpAkfsqU8ibiTz55KxSxxJKWBIYvJA64JKYGgqAriJTFEzzKUyq81Lb2r1qkvvymIU9kYoWQvCGuOVC3yVJewFBXHjts4dtrG40LJoGrlmF7YZpTw4d2FJi2gEveTPJWkfWmIK2SZRZqIWM4nmViGYYw4JmAZhmEYhmEYhmFsaYgSS4lIHSWJUjFJykbnwaA8E6k0E3zy3uzZswdtUCROPauSln6JYCSkmViUBZ9+O/XlsqokxJSLRzU1W09Esv7kIi/QoEU8hSSkKN2YM1sHwYngKBFTIArZZv1kUgUP94oSwkiTsaX/Y3ubiZlblmEMByZgGYZhGIZhGJs9qhsvI0JEUrvs8q1qL0PssO8Ix2ZszQiiEV6USB2RuHI3PSUtrUtK7CRsdIJqCYkdKi5nhJVmNGmcbpdUKKJs4I6URay8eKWVhuy9tKNMJErHcVKxk6SeXaFBYeVvyCF4fKpUOU3bDEbpjpmvliARRBoR4atmhuUttkQlSUwLGVik8ZGIf5IJY3Fuh/xgSSqb4nCaF+F6558JUfhCkvORjfe3zDA2dUzAMgzDMAzDMDZ7TvrMZ0Z0vsQ6GqLI0dTUzKSJE9l5552ZPn06BxxwAC0tLYnRs3k9GxuRfO6P5k3X8x9GiZQisaYiUqG8XxCifNLNUCmk4qwm5YOSliBmXlGpiFWzT1TuBxK6BWZlgKlQVMcwWWZUMI93mnUODBWSUClWVSNbolDSmAly5SyzsghW1Z0LpYAilJxPdC/vMtP67DiJgRJIqLs0DKM/TMAyDMMwDMMwNnue+u+/brS5JZ9dokpjYyPTp0/niCPfz1Ef+hB777UXLooq9jOMkSFRc7Jmgz30EyJNzK5iSTKrohiIwUeV+zlBNcap4Ask6VCxVGZ0BbEoLf3rV8FKFSRFU6E33Tc/Xh8dDPsaqxxvELG0/DrWbJ++LeGr4Chnc2VxpcJdfyEJiPq0e6LgYlc2hM+HikOllIpXkWVfGcYAmIBlGIZhGIZhbPZsKuKQiFAsFnnuued49tln+f6NN3DMh4/j4osvZuoOOwCC1JxWYhjDQe63IaG9XvreA+polphm54mKkvq6F5MsK0CcoF5RB+t9Qzn7iqTMruwRRdmEPZe9pdpbNwOyTn+SZTgFASwnhIlm5XcyQNpUJtK59F0wpg8libmfXS1/LSQ99/KY6Xl6ScW3viNRPEKEArEroTQmB4vP7SdZm0OVAk49qkVECjVGaBhbHyZgGYZhGIZhGMYGINzH/+//eIQnnniCL5x5JmeeeRZNTc0bO7SNT3+JJnbvPozkighDZlS+hNBBoy9xVovnzDFCgyql9BBBEr0rLZddrcKFb3XyxJomVNJyON+ji2AgLbGrOZ8oX7JITjQK4tMA10S+PDBTxPLeVSEe0ZqDynZzUhbW0kwzTcW16gjOF0C6eW1FxI/+cy1r404i1bLPV8ArHgUf0RyV+OTRrey/o9hPwDD6wAQswzAMwzAMw9gQSPlGdH3HWr5//fdYOG8Bsy69jG1atkmzxvIuRVsOwVRfRHjl5Ze59NJZdHR0ZNtDkkwvBN6577589aKv0TZu3CaTWbf5EtKQ0rK3fCaRpM8RtKHs7DW1E9dEnMqVvKnCKonYtqQ00Y0vFQCflP9VqEeKKzmELhrwFHxT1cypnG18UuAYxKEQUxqjz1cpSjiqcjDBEXQpdZp2Csw+zMQ1kcScXUhEoz5lIknTv4KBe1g3Hzy1kqAin6pu1c5PPFBgaTvc9vvRdHSNKn8VcbK+6tOFi5ODR7tODt63xP47NlaPyzAME7AMwzAMwzAMY0OjqogIP3/g5zQ2N3HpJZdRaGyo0eh680VVefONN/jbc8/T3d09oCClQGvbtpRi3+9+xiAJy+9IhJMgUOXNz6u2z1TGUOJfJjpOjmNUk3I4ycSrZKAYTYUdYUpDA5GU8CK4fnKKJCeUZbWCqTYkTmqUd8vKl4Tz8z2e6yArewwCWNZsMFkkyRo09CWChXMR1EWoRGURLFI0XN7p3wVFURelpu6GYfSFCViGYRiGYRiGsYEJwo2o8vP772effd7JJz75SaKtwNz9tddeo1Qq1X6ABG+kLXtdRhxHoswE0SVkKrmykNVf7VoDJd7dVMA7h2ghMXSXpMNeubueR1SJBSJ1qAfvavgeQ6kgpB5TWmGWnuhqWW1jn0jeryo7MH2OpDJZrB8k/0JIjNx9atrl0lLEGsl8wvK+Y9l3kWs+aJe7YQyIOUgahmEYhmEYxgZERMoPoFgscu3/uoq5c1/b2KFtcOI4Zs5ryXmaILUxSNdc0kwmR1IGJ1rOLpLgD9W3uJP4XTXhUw2p5GK8FFGJUWK8lPBSQoGSRKgk5uUgOK1B7JHcw2kuJu0RU9/XUGgQWB4nP26ujLLGyzDJ5NLyONnaUS4tHHAQLYtq4XiXKrRRWpKYjil1xGYYWysmYBmGYRiGYRjGSJGaYrevauf+n/yE7u7uDT5fLY9qm4c0X8q6tWtZuGB+5n21KVN1aWpcv00VzX+5Esr1QoobmRgjQnKyaefBXqckirgSgqfghcgLgsP53EOTNCOX7iMkpYlaVZTx5eSoTGSSsnF7iLVvp6rcGSb/qyiPzItYmZdVqJeE6kpRiCg5OMucCgJYxftas7mkMoZMxNLyOaffhdSSqWYYWzkmYBmGYRiGYRjGUKlVxEhvolWVBx54gIUL5m+4mKAys6WfR7XNQ5pWBBFYtXIFby9dOsTRRoaqS1Pj+m2q5G2aktdSLolLY1dJMpOk53G9RnKIRPhIcFUFovL3rg6ECJFqZumaaUhZfLnMq7ywk9fZ8udSEVYqMIXzS4zcqcycCvtpiKbaDzZtPJA+ayaoUS6zTNeupmTCnsKc5M4vP24uC25TvpYMY1PABCzDMAzDMAxjq8BXfcigHrmma4POwFmzejWPPfbYZpGdVC+qiiosemsxa1av3tjhGCHDp2d2koDkzMlHMJzyjJmgI5WiU9jWH9X85nuKRLlzHdQZupyQFRS1MO5ASI9yzZ4xVbw29cowBsJM3A3DMAzDMIwtjiAKbb/99syYMYMPfvCDTJg0KUudKP9b302jqtLd3c1bS97iheef47H/+i+ee/Y5vPe1jRR2Su9rn/q//5dTPvePNDQ0DNkjKnQ6DK8Hi4hkY+XHHAyLFi5k3fr1gz5+JBiqgBjWqee2TYNyHFlJHCTqbXifvq6WK7VBo8r85KVsap7Fl/Oeyrym+ogu50ufiULh+wiikFIWsdIy3r6o+CYdID4nLvnUZL7a5NWRvEl+Pn3EK7jU3V0Bp2VD9wGQTI0bWeHRMDY2JmAZhmEYhmEYWyyLFy/m9ttv56677uIfTzudfzr1VCZNmkShUKhbZMiLFLvvtQeHH/E+zjzrHG695RZu/sEPKHZ31h3fnDlzWLd2La1tbfWLRVXuW+M4plgsUiqVKBaL+DhGYz/gLa5Kcn7OOaIoorm5maamJpyro2AjN0m4rV60cCFdXV21j9HHeH0yFMUlN773Plu3UrFE7GN87FG0Jq9unFAoFGhqaqK5uTkJbZMQscppR0ra8S5oLjnxamByZuoa/K36krzCvmVxpV9pTHJZU56k/C8NuD9j+R5Tlr22gq+UUu6y6DVTzSrFs6rhlOMXSTskBgWM6rp3X+Ol+0oE6qXcgTDEGYeyQq0vA6sihc0wth5MwDIMwzAMwzC2eOI45u477+Def53N5MnbccEFX+HDx88gKkQDH1wNBUSIChHnfPFc2tes5kd33wmxr+nwkLWzbNky3n77bVrb2npPkcuCSoodobu7m0WLFjFv3nyWvb2UFStWsH7deorFbl5//XVeeunvrFu3LhFj4jgRsLzvN8so/4kTIUqFmJ123plTTz+NY445lqghSjrRhdy1nuKMKn//+/8w81++QkdHR7a5vb09OY+aViXhuWee4eMf/f8HFM/O+eIXOfEzJ1WXUPJioMZ0dXWxaNFi5s17k2XLlrFixUrWr1vH+vXreWPuXF555RXWh3UrlYi9x+fWbcD4JQhYzeyyy858/vOf5/0f/CANDY25mGr0ThpGFJ8+p93wJFVaIiBcqk7KiU5KknHUo0YuGKV7UYQGIu9RkeSaSBU+Tf9RSQb2IjiNAYeQ/50J2nNsV/4syUaSLIkqzKH9iGGJKJUar0daFq+CWpWW/wn0PY6WS4NVPIhL4gpZYkFkCtlh/SAKPl3kREtLf8tBdArioQszurIPVq1I5UulXLFoGFsqJmAZhmEYhmEYWxx9Zb8Uu7uZ9+Y8Ljj/An776O/43o031JxlVG1MTbd//vOf5z//9yMsnDe/3/l7jrd27VreWrKE3Xbfvc9jVJXvfuc7PPTrB1mxYgVxKc72FfougRt0BlBXF+vWrmXFihWcf94z7LnXXpxz7rkcc8wxNDQ09XlYIq4tpGNNR8X2eu/Ju7u6eWvx4gH37Vi9pt/POzs7+e53vsN//uYRVq5YQTEuJaJFerdfNWFmCApTd1cXazs6WLliOV8891z22Xc/zjzzTD50zDFE0Ua67ZLK1xJEklSAzW9LpC2pmtQj6hB1NKjHSypkaZqZpNnw6dgREVDw4CmkYlBuMK0SVF6BCd9R6I6Y7Vfd8EpS5UzT92VxKN3Hh+NzC1JlrCQE6b1RKnZIxxWCBNZXDpp3RRojmNrWxTYl5e32Rop5M660PDFCmTimk7aGbkYXGquMViWk4MflNKtANIytATNxNwzDMAzDMLYqgkixZk3/AkitY4kIEydO5LBDD6v7+DiOWbpkSdmzp8fYIZNo8aLFLF/6Nr4U4xBEFVR7lR0OW9magvikfO7Vv7/MV758PjdefwOd69ZvFhkeAvg4ZvGixSxbtow4jonEZZlGQu+1Gq610/R7+dtzz3LRzK9w6w9vYe3aDjaKzJCfUkgyiEIHQqdp5z/JNCXNizz5YUSJXZFipHRHntgJguAdxA68E9QJKoqKo+igGMV4V6wpPAmxZYbpZeNzrdizb8paV/4cyToAJmb19X0HkjseR5LdJen2foi8I4obOGiy4y9fH8vjFzUwpa07HSM3psCYZuVfz2vkr1dvwzF7NwwYo5J+T2Ecu6M3tiIsA8swDMMwDMPYChneei4B9tprr0Edu3z58r4tdCoMwvNFT1KZULIhRKzcOKrKHXfcjvfKv8ycSUNjw/DMsaFIjbpDPlGWsbaBRKte46VfWef69dx4w/UUi93885fOo9AwsrdfIWkoqf6Ust9SBMTlTKcsQykzBu+5LgpEvFSMmI8Si+LTFc6y2RQ8DuehoI5tI+GAxrjPG84wQ9lcXhOD9PChC3HnTdxrEKCCz1fPTCzJe3PViITSQcqZXEFcy7LWKlGguwCiSdlvQT2N3pV9vlLD9mytHTSRrJPTqPwVDBhb7lzDwzC2cEzAMgzDMAzDMIwhokBraytRFBHHcV3Hrq+1S9/wai390tM8WwCNPffddx/7H3AAHzz66MH7h21oetzID9TEboOQqTOg3vPj2bPZY/c9OP4jJ4xgEH0QRLYg7LhQOKe9S+jCIQqdDm5a18l9cQGNC0kGIAI+KSfUGMS7pJmglnhfQ8xPto/YBnqtfa9ZpPez5DOdpOeOVaMsi0RBeIKyiJUvn+zTxL3nxQNEAnE6hk/zwaRvvUiAyHsijSiJIloilkKlUKepEOY9GqXCmiqIr0lX15CpFs5DScU/NR3L2KKxhEPDMAzDMAzDGCKC4FwBValqMt0/5VLAPpMpRviuNF99VbbzVtatXcMN11/LksWLslK5TY5cAlE5+2gjxgO0t6/i7rvvZNXKFWXfqBHImgmCjavmO+UA51EXI1JWQqSauJMaZcVRRDFqpNhQoFgoUIoaKEUNFKMCpYYGioWIUhRRjBrwUSHJonI9TzKxlvdSnkZdrkQvIhGNXBChoj7XKYs6E6yCYXt6QHYRJ+NFGiat7lxVXjRJDNyd9i67FNBCWEKpuN7KKyzE4pMMQEn+JkgkuR9UOF+XZIYJROpSA/yBL1bnXHkMcWk5YVIS6lSouXumYWxmmIBlGIZhGIZhGEbNvPrqq/zxT3/c2GFsVqgqr7zyMn944g/4ERb9eiY3VX4oNZfSBiFQglgUyvuCoXhO9ZQgEvUxdIWcJqRiFb0fycw1xZeMKxWCVeKHJT2bKtZIKDPWnPAklXfQA4iQkvs3W5/sOZS3arZfXSFmY2nF2mda5UYWbQ1jQ2AClmEYhmEYhmEYdfGXP/+F9etqLH00EBE613fyxBN/oHN956YhLgTxyjlUenQf7E8zEs2ZrVMWUVxZ6NGwXQcSZYKIQ2V2kuTGq/2EcuWDVB6fjl93gV1W9kfZgD2UNtb7HYbzy5uvO1DnKhszDkCFTZnr8drl1sAwtkBMwDIMwzAMwzAMY0BCx0UR4ZVXXqF9dfvGDmmTJ79mqsqLL/6NtWs7+vZKH/kAs4pC6F+3yqoenZTFoZ4iSsjICkIKVRtsZruW3/R4hEyuii6EAy2WlsfLspK0Mta66CGEVWSG1dnNMPzTszbXaVK+WWdsKlq59jkhUV290RnG5oOZuBt9MmvWLB5//PHsfRRFbL/99rz3ve/l9NNPZ8yYMUOe449//CO33HILCxcu5OSTT+aMM84Y8piGYRiGYRhbAsEXq+f74DsVPisUGmhoKFAoFHCFApFzOOf67bAnQOw9q9tX013srvveftmyZaxZs4bJkycnseXjzm8J9+Z1ZISopqVbqWbRt1uRlCeWap/nx6zcKiIUGhooFBooFAoUChGuhnUDKJViOjrW0N3dXW3qflm5YgXtq1czYdKkOo7asFSU8/UhfWTfaRBvgrIUsn2CShW69YWywKR1X5Wxwuu0eC5kTfk0uyt0/KuIaSB5LVeqlz1LLub0fZ/DSK930rNs0FPOoBoMjsT8K3QhDCWK2QrXWEYYRKsQTzCZl3B8ahS/sQVSwxhmTMAy+mX77bfn0ksvBSCOY1599VXuvvtunnrqKe644w4KhcFfQuvWrePSSy/lwAMP5Lzzzsv+A8gwDMMwDGNrJ7utTYWBgw55N2NaRjN61Gha21qZOHEiU6fsyI477kjLNtukYkwBV4iIomhgISY1En/ppZf48pfPY9GC+XXF19XVRceajoptrW3jOO74E+hatx4VRdXzwnPPMW/um+WTqoEJEyaw/4HvZtSoZhTfQ2BJhBMP7Lb77tXFrXTNXOQ49NDDGDduPKNGjaKtrY1JEycyZeoUdtxxJ8ZsM4aGxsZk3ZyjEBUQJ/2um6oSxzHPP/ccF1xwPm8vXVqXRrB+/VrWr1u7iekKOacm8Un9X5UANQg5od7NpUKjT43XPYmQks8I6mM61UqdyReUXjqVBmGr9lQ1DaWH2cDpBx5wHrSA4JP9eo2Z/OrCby8zkc8HmopGUm53mKxZH2OVU8koG8EHIS3NEhMXhLfeYl9fZNM7TQUxMld83SRS+wxjw2ACltEvzc3N7Lvvvtn7/fffn6lTp/LVr36VP/zhD7z//e8f9NiLFy+mu7ubT3/60xx00EHDEa5hGIZhGMYWyT/906lUpo6UM1fymVk9M7bCPnmyzoEK++23H5/97Ml877priOO4plhUFe89xVKxYvtOO+3ElVdeGfZCUS679FLeePPNmm+pFZi2++5885vfZMLECX14FuXOEe11fmEtGpuaOP2M08uZLsKAXRPDWD3XMr9NVTnooHfz2c9+lh/e/ANK3cVqQ1XFe0/saxcqNiWy1QgCUTgNB8RSFmk8qcgTjuq95vmVrTAdD9lXDlBNhaY6ogsZYdnmNKMrnUerh9M3wesrxBSeszLCOoSiIICFQ4OS53Lx1xwXfcRlWVfGlo0JWEbdHHDAAQDMn5/8P3UnnHACH/jAB1iwYAHPPvssd955J7vuuiuPPvoo//qv/8q8efOYOHEiH/vYx/jMZz6DiPDDH/6Qe++9F4Dzzz8fgEceeYSWlhYAfve73/GjH/2IBQsWsMMOO3Duuedy2GGHAbB27Vp++MMf8vvf/57Ozk723ntvzjnnHN7xjndkMfY3d38xG4ZhGIZhbCr0zgSqfmca9qsm5Aw4rio77DCVQkNDzQJWXuSpNmYo75Osi1udd9SSJAGpSK+Cqj4qBvuMsefOA5UH9rdfflshithl551pbGyqWcCStCxys9UX0q9TQpaPhNI3gShNi8tlT2WFcX2ccMXmkIWUF2R6ilG1ki/3cyQZYqLpUKlBfA3fgobdKkQnsuo8HcR1Xc6aKj9nXR1rLR+EsrAWSiLDb1FSTy3D2EIxE3ejbt566y0Axo4dm2375S9/SUtLC+eccw5tbW08/PDDXHHFFRxyyCFcf/31nHDCCdxyyy3cfvvtAJxyyilcc801AFxxxRX87Gc/yzy1fvOb33D55Zdz+OGHc/3117PPPvvwta99jVdeeQWAa665hj//+c9ceOGFXH311TjnOP/881m2bBnAgHP3FbNhGIZhGMbWQF5YUAERN3yiStAHIOlAN2AXuqHNVTWbpsf2vnYbKsO6bpsJiYAlZWGnZxe87LX0mQ3UU9IUSb2mqoylUnffwPIY+VhcEJ3qHKeqUT1pFlr6qDlJrIrxfd2dFnuMlY0jWQZWPR0NDWNzwzKwjJqJ45g333yTa6+9lubmZt773vdmnx1++OF84xvfyPa75ZZbOPbYYzn33HOBpPSwWCwye/ZsTjzxRNra2pgwYQIA48aNY/vttweS/yfvlltu4eijj+ass84CktT2559/np/97GfMmjWL//7v/2bGjBm8733vA2DnnXfmpptuYtmyZWy77bY1zd0zZsMwDMMwjE2ZrBww/VdTu+dwe5/JRIO4edU+CvWGQpqjhdSfp0J6aOVzftw6ysASd/xaxQAAIABJREFU7/Yku0XpneVSrQRxICSkUW1FmS6SfpcNqoz2nXS5iG5pDB+W9xPFOWVUqUgjMWhUNeFJy07vSVlmWMuIxMtJFaK0g6P2L8r4VERSHBoyrYI5ulI2hpf021eqZmGFq4Qsu4zepXqSvh7gmtGKV4rPRKucmbxLYvGhJFMFL56aZFEniJPKDDcvBB+trejSNLYyTMAy+mXu3LkcfvjhFdt23XVXrrvuukyAApgyZUrFMStXruSoo46qOO7oo4/mrrvu4vnnn+eII46oOt8bb7zBsmXLKry1nHPsu+++vPjiiwDsu+++PPzww0yaNIn3vve9bL/99lx22WUAzJkzp+a58zEbhmEYhmFsyuTL9pYueYuXXvo7r77yCvPnz2f16tU1l/9VY/HixRTr8HHqP9A+Xg9imEysGmiePj7Llzh6H7N0yRL+/ve/8+qrc5g/fx6rV68hLpWSQ+oSsZI0s8ULF9HZub6O4zZfFBilnkubGjjLCffEcGuslMK6pX5Y4oQTpMTFYwuM8xGjiKt31suVUyaG6WGiMF4iIvW8Bgb6ljQtP63oOpiWEWbfcX/XlFa8SMLJlySmsUoqiA14fQaxTAR1UlkqGcQylxPTpMaMriwLLtQzpjHnuxD2e7KGsXliApbRL/kuhFEUsd1221UIV9VYuXIlAOPHj6/YPm7cOABWr1494LGXXHJJr8/CvJdffjmzZ8/mvvvu44YbbmC33Xbj9NNP58gjjxzS3IZhGIZhGJsiqoriWd3eznXXXssvfv4A3V1dAFXN2+sZNzCY4zdlyuemLFv2Nt+77noe+NnP8KmB+lDOty9z/C0ZUcEBbQ5avDJJwYkHokqBR5WxwE4ibCMxhapijKQZQrlugdlSlk3X0WT4egr/JHRKDAPnGgQmJYRBLKpxzJBpl48p05uGYOIOiUiHJmJYPWWEQa/Kq3tmDGRsJZiAZfRLzy6EtdDa2grAqlWrKrYvX7684vNqjB49GoCvfe1r7LXXXhWfFQrJ5Tpq1CjOOusszjrrLN544w3uvfdeZs2axc033zykuQ3DMAzDMDYlgjAlIvzigX/n+uuu5e0lSxLj59yN82CFlC1VgAkCUxyX+NlPf8rNN/+AtxYtQpBhOWehurfTlk1Sytfki3SKp+gawEfJR0pZQBFAPYLg1KPECBEVC9azLDSU1YnmspykbExec4RUimFZt8Se2VK1jRsM6zOxKnRITD/T7Foa6GLIZVflxbBwvkMRw1SzbLVg6q4hO8vMsIwtENNqjWFn2rRptLa28thjj1Vs/93vfkcURf0KYtOmTWPMmDHMmzePPfbYI3u0tbUxadIk5s+fzznnnMPf/vY3AHbZZRe+8pWvAPDqq68OaW7DMAzDMIxNDVXl9ttv55uXX8Hbby1BvWYZGMGUejgeWxpdXV3cfdddXHnlt3lr0aJeJznktdpSF64PVBTvPEpE5AupGEhvI/dUhHHepzeaBaoLM+EALZcQSlpi56TsFSU9qvr6WfMgAbnMbyp9E4zS69RzsiwnR+ahlbzWpPlBfcOlmVZSFrHC+Q5GZwrrHrK3gr+W0/KaGcYWiGVgGcNOoVDgC1/4Atdeey1tbW0ceuihvPjii9xzzz2cfPLJ/WZBNTY2csYZZ3DTTTcRRRGHHXYYy5Yt4wc/+AFHHXUUZ599NqtXr+aqq67i7LPPprW1ld/85jdEUcQ//MM/DGluwzAMwzCMTQINxuqex/7rv7jpxhtYv3Zt4m+TZn1YbkV1VBVUefDff8H3v/c9ujo7y13zcgxp/bbSxRcSM3UvSWWfRrkSQJ++EA+xS7Kq1BH8wvKLliQG+eQ6D5lMmQcWqel6+t5J2Xi9n8jCDF7BRz2zvST5IAhsKkl8vUYpj5URAXGuFFHJhCdNF0Odr+byVQUti2rBWN77LANLRUGjGsZJk68c5XXJppdU2N4aswSNrQETsIwNwkc/+lEaGhq49957+clPfsJ2223HF7/4RU488cQBjz3xxBMZPXo0//Zv/8Z9993HuHHjOO644zjttNOIoogbbriBm2++mSuvvJJisci0adO4+uqr2W233YY8t2EYhmEYxkYnvVFevGgRl156KevWrbV70RpQVVSVuXPncscdd9AZxCtjmElSk7IKtZCOVGWpq65+pmflPg0iY86zqtzpr9Z8ojSbS3LCWnh2oWR2gLGk4ikVq3rsk3YhlHrznLLSPsrPaeaZllXAGsciE76ydUqzzJJ3dZYkGsZmgglYRp9ceeWVNe3361//uur2448/nuOPP77P4/bYYw/+8Ic/VP1sxowZzJgxo+pnEydO5PLLL+83poHm7itmwzAMwzCMjY0qOBEe+vVDvP3WknLWh9EvAvjYc/+//YT58+YDDNrg3qhCLompohMfqZdTyAgaIGFK6GFvJSBZxlV5LrT2cjhJs440E3Sk7BEVzNzrNc/Jl0jmfb7Sz7Lmf7WSlh9mJyWaZHcNoryxHFd6oCf1DaMsYpmGZWyBmIBlGIZhGIZhGJsQgrB6dTsPPfhr8CbA1ERaKtbe3s6f/vAH4rhk6zaMhJX09BCURNNOgal44svd/rSfwrqe2zO/qSA0hecaRSdN/y2XI6bm5lA2cx+K11RPAzSn9etDmS9XWjvpyTyrytSQJRZ2c5RLEaFcJmkeWMYWjJm4G4ZhGIZhGMYmhfLKyy+zYMGC8NaoAVHl9TlzWLhw4cYOZQulyoWYz3ZKxRmpyCiq8eKVHo/UoDzrBFjDWFmiYsWjsryuVvf9LEMsjBEaKQYPq8GIYdmxUnmekvpf1TNUvjwyi5M0M84Sr4wtF8vAMgzDMAzDMIwho6xbt4ase1odNDQ2VZizK8qrr7xKd1cX2cZaIkjvukWEbbfdlsbGxgFL6FSVrq4uVq9enR2/WZJmnbz49/+hWOyq4YCykKFpGVYURbS2ttLY2Nj/ken+XV2drF7dvnmvW40EL3SnaV6VhvWT3DXvQRURzf0M+qrdk2xgAcSF0r/g7E5icJ50NOgRSf569ghROm8YOgyaZmGJ9Mpk1NR1qk+CqBTGyZcQKsk5QuZdVTXXLBeqC5lh+eywrDRRUoN8rTm7xDsSUS3YZmWtHDXNknMgMZavYmxpmIBlGIZhGIZhGENFYN78+fg4rrt0LXRJDmKTAG+//TZxHNcdw0EHH8IV3/gGe+y+Oy5y/fvgpMLAI488wkUzZ9LV2VnffJsYXpW3Fi+mVMu6ZRk2SWfHQw47lIsv/jrvmD69/P31tW5padpDDz3IZZdcQseajq0g5aV8IfU6VUkFLSnbh5c1pwEWJvhISSqEhfJByLKmah0riGzicvuFzCSoO8spiyEr0aMcn2h9/lf5WEIGV9Dn6syYqvDAr+hEWC4hNP8rY0vFBCzDMAzDMAzDGCQh+6a7u5s///nP2bZaRSwRYfJ22/XYX+hcv556E3uam0dx8ddnseeee2Xj9HsTK6FzX33zjASJh3d9/l/ex6zvXE9tJ1RWNrYdN46LL74kEa/cwPNpmn1jxvo5Qq2f9+Vuf8HYqr8MQMiV0lH2hQoqWL4csbYGgmUhR9ODNLdNBNQPrO2Ew0IGVt5cXoAor4zR/+9M078TIQMrL9DFYXnq+BEKaCSVGVi+7N6elVFa7bGxBWIClmEYhmEYhmEMkYce+jWvvPxy3ceNGjWKSZN6CFgCse9llz0gEyZMYMr22ydDbObiyuCiFzT2A++WQ4EJEycxabtJ9RmG57QLI4ekmU41ZDtp9ujhCRW+wpxGVPv0Us6YIoxXLt+rp9wz+wnlTeWz2HQw4ZW7EIZxIsq+WHVcTUJSMqnBTysvsA0mLsPYTDAByzAMwzAMw9iqSG5iBUFrtHTOjuz9VuGll17ipu/fRHd3sbYbx9wwra1tTJ48GRi66KSq+B436HlfrI3j1aS1ZVLlTLOL3UXiuJT7YID0lop39a+havmaqNxeOXbmU5Zlt2yA9UznVAFRSTr5afBjGriErqwdKV58Ph1nxMQ2DQlY+NQiq3fs6VkmgpNouRufl4oMKnX5I6rVxoVfcW7u0HUwy0pK37tUx9Io+Z308qvzib9VWhsoIQMsE69yY4nUXiaZ7ZYKVXmxyQvqfPY+y+6rYayk42J6jsE3zJWvAx0gAdMwNkdMwDIMwzAMwzC2QhTU4+O4xpKz9ChVvPesX7+e9lXt/OY//oPvf//7dHV2JokftYpQqiiOnXfehW222aZS4Bmk0rDs7bd5/bXXmDhxYi4TI7npz4SsdPi4VGLNmg6WL1/Os889R6lU6mvYQZGJP3WeiwBzX3+d115/LcmK0hrSooKokBqMi9ZQfpj7aMnSxbw5bz7jJ0zKvr788cHwW1UpFUusXt3OsuVv88wzz1AsFus7wYFPJlgj4VJz8FIkOD9QUpOCK6JSoITD+QIRmog4EpMYjSsyIjKWJBqNBOWnypxSvh6F9GsOwqCkYowHnGR6VLVxgnl68LdSBM0OSDOdUhFNRSmJUBKPuhKuh4mVR3EUQDwlV6I7csSRpl5V6S8nLXPUCgFrAJFVkjhFfHm3YGLlfCreafbbrIlUC0vOW1LhLY0muVhNvTK2SEzAMgzDMAzDMLZK/vqXv/DBI4+s+0ZPvdJV7Gb92nV0dq7PZQ/Ve8eo7LvffjQ1N/X6JHKu7vG6urq5/LJLuf571zN9+j44kVSbE3wcs2DBAp555hn+8qc/8fTTT7Jq1So6OtZSLHaDVO2jNmTESd2ZZatWruSySy/lW9/6Nge/+xAKhb5vWSpu+CUpH6vXXHv1qnYumfV1vvOd73DA/geU41UljkvMXzCPZ555hj/+8Y88/fQztLevYu3atcTdxQ1SqhmsoECJBZZoxKKGCD/AXE4bGeOVaVrCiSfWxKpJRVE8fuDeeyNHXvNxUk4US32hKsri6kGo7mOmSae/Bl/AUUK9kNTv5Q4VcOooRp7IFxhdjIg0iE45QSj8NOtdykgqM7pUy10Sy+HXRpJKVvYJ82WtdzOvHjaMfjEByzAMwzAMw9iqCKJDd3c3b721eFjGqhcVaGhs4v3vfz/O9bxTV5qam5NMovpG5bU5c/jYRz9KW2sbhUIBBUrFEh0dHZRK5WyhiiKsDXjHO3r06Np2zFuAiTBv7hv84ymn0NjYVGV9KlFRvnDm2Zxzzjk0NzdnY9Q6raoy55WX+exnPs3Ysa0UChGqUCoW6VjbUTU7TfJzDOfySZIZ6DRCiegQx/eIuUehNEA2mqAcFpf4vhOmaSnd4kAjRCMiH+NUqc8lbMMQlkzzG0I2Uch6kkSMTDKKalnkVCzNyvzIRDAVRaIYLw5PjPhCmiFWnl/weIkpeBBfoCsCX9BcNhiVr2skyUbU3l5VqWF9SDirC9FyCWGsiQiYKxXd3D3wDKMvTMAyDMMwDMMwjEFQcfNNHTpGWit06GGHMv2d+1TdZeKECUSFCN8d1xWTABp7Vq5Y0fuzEbypDZ5b48dPwDmH93XIJpn+oHR3daKqfYpYiTSg+FIR5xyTJ0/GFSLi7ho6zeXjJSmrXLliedVzqRZfduAwkiTMCaJCpHGiT7gCnZFQGqBDonhhdRwxFyhKlPopKR6hiNLuPEl6U76130Ykq36TcglhvkOfBgU3Kf+TPkQszf5JXwRj8yzLS8B7OjTiv7scBS3g1FVmtCkoEYpQ8Eq3E17pVLy6cp1jYDDLF7y5goiVF8QG8VWIE8Rpdr0kJaTJRCKyKeXaGcawYgKWYRiGYRiGYYwUmgguLoo4/fOnM2rUqKq7TdttNwpNjRS7uysMzgeiL7P2kc7ICDHsvMuuNI0aw7qONYhQkf1TSxKLINVLwrLPw3yAV/beay8aCw0Uu2v3psqvWeZ71eP9SJJamxM7SY29IWuj199x4nmmMeLkOCbSIGBIZje/vtBEyW0a4lWFBiialuRJD6EoEfJC+V9fAwUNyIuCeNQJSFoemGVLOf6n2MiMV0qId6gK4klKCYNg6oPflUtM3uOIIg1pl8D0M19pCD/gTzNrDpCWCvYUr0Lp32C+klxJIxp+XJqJgjKoGkzD2LSxq9owDMMwDMMwBoH0eNRGYg7+8U9+ggMOOLAPgUSYPn06U6dMrevGttwlT3o9Rpow7/R99mHq1CmZL09NkWSLKnUckOy/5557MWXK1PoTZHqsU7/rVv+XXl8sgAvKVa1LACCO2EWsbmhkZWMjK9LHysZGVjU20hVFm45BUtB0wtvwXQcxx1HXOodmBZAfQ1LxKdmmTuh2DXS5At0uoisq0B1FyUMKdKWfdUlEURoouigdo9x5MIxXW4e/JHgJpZHhvPLnFkn53OtBBHHhHHPnu4l8vYaxoTAByzAMwzAMwzA2MKpJJ0AF9t9/f7761a8xevSYqiKJooxtHcvxxx+fdjvbcB3FsrhUq2ZuDXXcyZMnc9QHP4hzLunsRy25RINEoLVtLIcd/h5cFA37OQXyY26oObZ4ei6Z6/EQUp8nrf/6z4QvzY0nVcbPvU47AWYildNyyV8mhpXHqvzZ9h+c5tO08jG53PsaxqkYs+LccvGHMQUG3c7UMDZhTMAyDMMwDMMwjA1Ivhxt6o47cO33vkdb27Z97p942MAJH/kI48aPS0rANoBIkvel6lk6N1w45/jUpz7F5O23H9Zx8wSNQVWJ/h975x0fR3W27evMbNGqy5bkJmPLxmDAxjHFmNAxzbSEklADIYHw5ntJIAnppJCQXih5Q0hCIKEnlIRAiDEYMLbBNBdsDG4YG9m4yeraOnO+P2bO7OxoJa1syfVc/Bbtzs6Zc+bMrHfm3vt5nlCIiy66iLoRIwbUfaaEK50se/tQWo4Kb/QW5Ag8fRVufY5DT5CS2W2pfroVsQiIVr7Xans4z6VwCgj2iS7bxo0sFE7Gqr64LVW1Tf+2fKGI+qzU7K1oAUuj0Wg0Go1GoxlghBAcfvjh/PVv91E3cj+fN6L7W826kXX88Ic/pKg4f56s/hgTwNSpU7n88ssxTXNA+qkbWcfXvn4j5eXlzgJPtehn3Kp148aN47NXXUUkEhkwd5QQgqlHH80nPvnJARGxZA+vCt9CYe1yk6B316fw8k1lE4d3g5eDqTeEFymaDYETOSGkvsDAnrrLRW1HhdQpEcuELqJVvodfaMoRuIRPdCpMJJL+v0IE+vWFFaqVCj3UQnYdN9mxaTR7KzqJu0aj0Wg0Go1G008EBROBwYi6Oq648kouvvQSYrHigOCR/47VWcfgjOlnsXLV+/zprrtIxju997q7z+1y7yrVH+lzWYFpmBx86ASu+vznOOWUU3hn6RKe+OcTdLZ1dLOh4HB7rnLm30fDMDn7nE/Q1NTMrbf+lvaWFreLfvgt3VcK0tEpDDAMLvz0RTS1tHDXXX8gGU+4eoHo2izf2P2b94cLChCGwZFHTOGyyz7DtNNOZfZLL/H8zFl0dLb1Yaw99C1BYgMmqo6ikE41wV434Fj1fDvhZTDvpZ3EFk4/NgYm7vninwnpSElSCAxpY2M6x0/mVpcU0hmCkKZTRNBNMJ4zpyLrvkK6YYICELYjEtnOvjiRfIaj+1hgCdn1nBHS3ZbqQSIN76TP/rVshAESA2Hb7jQZXiL17PpqYKJrpUDLEcIEIEzpmLqEBVJ0KSYosLGFiZA2QuBUkDRkQKySGFIihY0Q0t2G5UxaLyqUEAJMkRW9fNOinGGFSIgazZ6GFrA0Go1Go9FoNJodJKujCKQtKS4ppqZ2COdfcAFXfOYKSspKe6ym1x1CCL70pS8xeHAVt956Ky2N21ShMXeF3jbgH6OkuLSU/fc/gC9c8wVOPfVURMhAAsNH1FFWVkFnR2f3ldV8+sn23Bx/5jNXMHToEH50881s2bSJfjFHiRwNC3AElGhREf/zxS9SUlrCH++6i21bG4PN+tCHoLSsjAPHH8j/++L/4+PHHINpOtXp6urqqKiqKEjAkgV2KlzVRAhHKEoLoxe5UJEhKqHCsgljYEiwhdVrq7Cdpky4AqCU2MJEIvH78QRgI5DYSCRlMsPQTJqMCPv3EBObwXaakAg5BiMpCKo70hUbhbCxBUSkZLiVIikMZ5I8ccemQmQQhLCFI571quEppxQ4ApTq1zAosjOMMhIYmNhSIMi4O+c6o6RE2k51QgznPDLcyoRSiUQSbCT1RgqMCJYQRC3pVIzM2cfszEkkISQ14RTxiETaWSubsCWlpiRkGAgEtjByDFXd4o3Z16Fwj5QrcOsQV83eiBawNBqNRqPRaDR7PLs6kXY4HGb0mLFMnnwYJ510EhMnTqSispJoUdR1TCmHReE3lP6bz4svuZSTTz6Z3/z61/zn6afJpNLOG3l2Wwjh3bza0nG3jBkzhiuvvJJTTzuNQYMGEwqFc+6SS0vLqKkdwkcfbfTpDbnuGuWcAeHc0Bc45Z7zCzj11NOYMmUKDz3wIPfecw/Nzc159zenX+l3j8mc9aWU2G7ooOpEhZ2FQmE++9mrmDZtGrfdeivPPPV0Tt4v/zaC/as+x4wdy1Wfu5qTTjqJwdXVmCHTOYbCWWfIkCHU1A5hfcOHvc6DxHHHSP8CCKgVwnFeufmWQhKiNogCojsNGWJyOsVPDIMRQmILx0XV2zlnGmHKbcf5ZQtBSFrYSJwyd9nBhiSkDJOwhCukwbmmW2DAN3YhTUqESVjaZIQgLNOO8JTjnLJc51SYiCU5R8DRIdNJTO7Oi0AghUGRDFNpO5YsQ1peP/nwlgZNZ+5mDwlZPF4XwzAyCGljEPb1B1IKb868dsFQQSmRwsKQZVTKNBYGGcOkqydSqCMJQGVI8sgpESyp3hNevxkhGC7SKJ9dof9CSBUeqUoiKsFOfQC0A0uzFyLkrv6212g0Go1Go9FoekBdrtq27QgWto1t21iW5T3infFdMjYhIBKJEIvFnEp7zoCzYkg/OSD8l+wNHzawePEili9fwYb162lrayOVSjkJrA1BJBKhvLyCEXUjGFM/hvEHHsjo+npC4exv10GxyJY27W3tjjDWnZDk+YCcW/yS8jLCoVDBLo8coUhCa2sL7723nDVr1rBp00ba2tpJp1O+9Z2hmGaIcDhMSWkJVZVVDB48mJKSEiKRMMXFxVRUlFFdM4TikmLH8eMMMWfObNviw3Ufsnjx26xctZL1DevpaG8nk8l4YlUkEqGiqpK6ESMYM2YM48cfxKhRowiFzPx5n9xE7u3t7WTSmQJmwBFiyioqCIXCOWMNzpHEceJ0CpvvGZL7RYiM6Ckc0HEsHZ22uCNkMMayMWyJNASyxzBCR5CxhEDIEIa08UIFfQOzXcuQIZ3t2YaFIW2EVIml1LZsV+QxQRpIYSHoui2JxLRNbCHdbYEhc9UiSRpTGkgZAiFIG9KNwguE4LohhFJInkqZXN4kyIhQNjzQfUwxUjw7QhK1XYEwj6PLCNwaO4cosJKwfe5Bx/EUFAm9fwfAFfDIdU66SpNz7mWQhHD2wsKJU+z+M9VmCS75x0Ze2DTS6cdyFCthQ0hm+OWZSa45JIIp/Ba0XUM8Hsc0Te9hGAaGYSCEwDCc81K7xPY9WltbAVi4cGHBbSZPngxoB5ZGo9FoNBqNZi+galD3Vf0GgnwGB0dwyWYrEio7tQy03MH7tbqRddSNrOOss7PLunMoOSILgfBFn8PEW9egrKwsm5sozxi7GIaEP4apd3JzUEnKyss5csqRHDnlyJx1enNc+V1T2a0FI9WEpwFIKTEMk9H19Yyur++y3XzjzMl91cM+GYYzb4Wh4sZ85eK6dI57IkmkFISBL1phzsHGFj2LZAZQboQYKi0sYWKbriDTo0AgENIgbAkQFpZhIeyQk9/Jp3sJqSrlpRHSxLQcwSVXG3OcVgIJ0gJXpJKB9UzbCRVMhzKYEsJWGLBzQywlCFlMxrCxjQyGhJBlZh1GvhkNvhAqObrEDSeUICykkK4rynTPFdt1umXPbLuLSKgcWa6HUgqwIwgsbCEwpd1tNcKccxELqaoNeoN1gjKdqEmVD8vo3aUpyIYQ2ji5taQrlHnuq/5FSumKqkoVNPKO0pljBzvP+xrNjqIFLI1Go9FoNBrNHs/O/hU/b2+e6Sp4J94P/RW4f13WEyKPfqHu9H2ruet2CZkisE6+7WwHPe2P/73geup17nLfLb/3RHZpU2j/hbzvrlT4urmDy/vSWaQcPYCQRBCMExbjCuzBSdjkUzHyOYjyDEuajqRjEMqb9z1bdc8NPRX55Qnh/k+4GbS8sEAfTpJ1SUga7us82xKAsDAAQ7rxk/nGhfDSZoHhVhv07buNmxjeBCMD0nTdV0ruDJxf+fcIL+zPHZfTm+NUy3f0vc8TuKJPPsEne6zV+gX/UyEE0pCOGCctsA0vJ5bwPvNOMYD+QAobw3ZEP8swMG2Bled4GNI/YxpN/6MFLI1Go9FoNBqNRqPR7LHkhOb5BUX11HBdbQUkgt9j8Cokqn3yCXd9SaZVSFfSBGE5SealQca0XA3TFd3c8E8p/PUr95aJ1uxOaAFLo9FoNBqNRqPRaDR7HtL3xxOr3L++8DrsYBjtHo6JVzkRyMbrKcdbPztSpRseur5F8sI7KWwlmknIWuDcUEbphC4bAj49pV+HodFoAUuj0Wg0Go1Go9FoNHsm/qxSOVGBKkcUwhGycmxJe7aY5RR2lE5ZS2wwhZufK5t3T/YUD9xHpEhj2CZLN1n8zwMRpB1xk+OLbKJ8KcGWXqlNU1p8ekq6fwag0bhoAUuj0Wg0Go1Go9FoNHsg0pWlhJNmXdhguHmfVC4wKbPCzgAlOd/pCHefDVeU8/Q5yYoWyfMbLSLYCFXEQTnVhMTLli+d/FzKxOWkzVLveQ0QOIUOQ1aGpR85+c2kYTn5xAwbb17dAopOW5GblF+j6Se0gKXRaDQajUaj0Wg0mj2PfIKUcmHZMpt9XvqEnr0BVYUQAImwbTBt0kT40xuCe+dbWIT6Ml6fAAAgAElEQVSxlbDluqSE+1fa+EIAceZKKjeVGwroc1MJaWNkDCwpkAZuUnyc971qiOq13HvmWbPboQUsjUaj0Wg0Go1Go9HsFQhV+dMAR4kRWWeQX8zakxE41RXdJO7SEI4jygbLNLFEKJvX3SY7H164n3DD/cgVn4TMJoVXQqAEMhIiEiwDIyMd55eyWKn2/sHJrhUeNZr+QAtYGs0As/LDraz8cCurGhrZ2tROY2snrR1JWjsStHUmaW6Le68bWzoBKIlFKC4KE4s6j+KiMMXRCNWVJdTVVlA3pIK6mgrqaisZOaSC+uGDdvFeajQajUaj0Wg0uxiBI+YIV4ExcIQaVbFP7kXWICERhhM66YhZEuG6saQQYBvZBOvebvvEO+VOU6Ke8C1DiVlOE2EIhO3qYSGccEHwJcx351htO6dPjab/0AKWRtMPbGnq4I13P2TFuq2sbnDEqpUfbmXNhm3btb2OeIqOeKpPbcaNrOZjBwxn0rjhHHbgCCaOHcrwmvLt6l+j0Wg0Go1Go9nt8VUhtARYym3l5jYHss4jCZZhYNmSPd4fZDgPx2Ul3KzuNtIAKUJZ8ckmR4jyFCtPYHITZKkk7AovL5Z0NDABUlhO6KDEl0CerHDlF8ncSoQaTX+jBSyNZjt45/1NzF28hlfeXsv8pWtZ1dC4q4fkOb0enfW2t6yitIijJ47ipMPHMu2IcUw+cPguHKFGo9FoNHsAO3LPtUffEWt6wrv3ByeXUCGN9Pkw4AgJGWHwjjB4KZPhbSGwQmSdR4AQAonNZim4My6oxeL0SIihwu5x27szQlVWlDYCG4wQUhpZ0U45qQzpKHvKZWW4Ypbld6iRdax5oYZuKKEhvOdCmMiQDRkTTJ9yqEII/f92Sp0HSzMwaAFLoymA2Qvf55W31zJv8RrmLv6Ats5kQe1Ki6McfUgdE8fUMm5kFbVVpZQWhSiOhiiKhIiETUKGwDQEAtv5gpUSYTg/HalqtGnLxpbQkUjT3JZgS3Oc1Ru2seyDRt5cvoG1HzXl7b+lPcGMV5cz49XlAFSVxzj58P05+Yj9GVFbzjnHHtxfU6TRaDQazd6BFh00echJnaTPkd0Gy7DJGGnmiSjft6OkpURI2xFkDMc6JKUEU/IBIX6QNBhrwYFRyRD2zEMpASkMV2AyHOEKn+PJO0+Fm9cKV6QSnhPNcWw5CJUQ3pZO6KE6x4Wb7N1dV0jh9GUClplTcTArnPnU3T1xcjW7PVrA0mi6Ycary3nkuUXc/98Fva577KRRnHf8eA6oG0xtZYyyWIhI2MDKZJBSOqKU+4+/eu6JVQKktL0fKWzbzsmDaAARw9lGtNigurSU/YeVMnV8tbdOOBwmbUm2tiZZ81Ezi1dt4tnXVrHk/c0542xqjfP4i0t4/MUlAEQjIaYdsT/nnzSR8044hMqy2I5MmUaj0Wg0ezzSF/YixPbfgfm/+zV7Lup8EEI49+N9dJX422v6H0OGMK0oESERho3EcELoJFknkQQjY4CQ2IZEWmBKkU32vodhACNLLSbY7dh2GLAxMiAxnVRWEmwpHVOVW1XQMURJDBuklxdLIm2JkIbXTrrzJdyKhVI64ZbShoyAeNxgfVMU23BzbKkB4YYhGiL7XKMZAISUOjhVo1GsWLeFe556gwdmLOSjra3drnf0hJFceuoEjjhwGINLw9i2k8lQXZwIIbBtO+evlBLDMLpcGKsLXP96pmnmXPBkMhkMw8hpE2wfXCalJBQKs60jzaKVm3lk1lJeXLCm232KhE0uOGkiX/jkVI6fXL8Ds6jRaDQaTf+ivuNs20ZKiW3b2LaNZVneIxbrnx9hpJQgJc3NzWQyVu8NfKh74VgsRklJifPC2APvkDUe6tyzLIu2llYsyypIw5LuWsXFxZSUlGgBa4CQSBJCco9h8h0ZIiXdxFCuEOOFEtoqL5PN2EySe8pMjkTuifqVIzxJiIdMDGlgu9GEuaqR2jOZ8wchHScVfqNU7iyoaUPlZUc40YrYPP9Bmk/fFSYjTcfdZfvyaXkVDp38WAYWW3/bhmma3sMwDAzDQAiRc2+j2bdobXXusxcuXFhwm8mTJwPagaXR0NqR4P7/LuCvT7/JguXr865z9ISRXDTtEI48cCg1FUUgbZ/gZHv/CFuW5Tio3H+YlWilUMKSaZrea78IBXjbUe1s2/bWV20gVyzz49+WbVtUFAmOn1DLCROnEQqF2dQc57VlG/jFg/PY1NThtUulLR6euYiHZy5izIhBXPepY7jq7CMoLynaofnVaDQajWZPQgho2rqNs846i61btvje6LmdPyfyUVOncvdf7qYoFtszb5A1Xdi0aRPXfuELvPfuuwA5bvl8SDf10Be/+EW++tWv5lzLafoXQxpEbBNhAEYGLANMw6mUp8LlDImwbKQUSEJORN0emqRJIpAGRO0kYSmwfCF+dBGDsq+VOJ9fL/IJXnkqCNrCRsowUWFRFk5g2VHPraXEKwkIy3F+SSkw6dsPABpNIWgBS7PP0rC5hVsffpm7//0G7XlyWk0YU8u3Lz+WIw4cgpCWJz7JgNtKYdvOrx7KZWUYRhf3lXptWVaOAOV/Ty1TvzJ359ryr6/WUaGJaiz+9QEymTSDS0NMP3Ik04+8mM6U5IWF6/j1I6+yaVtWzHp//Ta+ettTfP9PM7nmE1P46iXH64qGGo1Go9lnePHlF2nctgVch0Yht7leNXokC956g3ffe4/Jh00e0HFqBh7v2sy9URcFunYczUQ6CbY1A4oAMoabdFwYYBjZEEJ/bijlhpQ2Zq8S5O6LSlMlCXkprrw3emxXSAK3/O8LGSIk0xw9IsLcG8POeS1VoixnfmVOawkiDPStqrpG0xtawNLscyxZvZFf3Pci/5j1NpaVe1FRVRbjm5d9nDOmjCEWdh1TVjrrug3kscpH1v1kd3Ff+cUsJTSp9ZSI5f+rhCf/83y5FJRgpUS2YJ+qvV/kAigtMjj7qFGcM3U0zZ0WT7+yilsffY2OuPNl096Z5NaH53DHP+Zx0SmT+MZnTmTi2KF9n3SNRqPRaPYQpISZM2diW+pHqALbuQ/DDf2f8cx/mTRpknbe7MPsU+47/+dkV+24Slyu+leX4VKAbTsJylXVvb2AYOhfP264CzYWYFIUglFVAtM2vTBZ8N2XSE9dAyCeGJghavZdtICl2Wd4eu673PrwHF5asLrLe5eeOoFrzz2M4YNivtwaMieMzy8i5ctp5c/P4Rek/Ov7xSTIdU752/tdVP5wQ4VfkFIhh/nEsaCY5h8POPkcVL6tymKTz5w6nitOO4iGxk7+/NQiHn5+qbuezUPPLuShZxdy8hH7c/1Fx3L2sQf1y3HRaDQajWZ3QH3Pbtz4EQvefDN7Q9bHe0S1nXlz59LZ3kFpeZnO8aLZK1HnemdnJ1u3bEHarqTRzemuiheVlpZSU1Pb/wNSBiMTR0Cx3CROKqmTEE4OKP157DOGlBjSRGJhyDRgglDivArGVCLWLhmiZh9BC1iavZp0xuLBZxfy24de5p33N+W8FzINvvfZ47jguHGEDEcUUsnS/V9sfqFKiUD5Eq8DOe4my8qN+/a7t9TfoJMr6PDywhYDP/+qfvPlwfI7v/zCmRAiJzk80CU8UbUfMSjGD688mu9efjSPzV7OLffNJeO61V54cxUvvLmKiWOH8rXLTuCS0z5GyNxzbdgajUaj0fh58IEHaWlu2e4qgqrF+6tX89aCBZxw4gn9O0CNZjfCtjPMfPa/3HzzzaSTBYSLScnZ557LL37564Fxain3j5COkGW5Cz03FvuYNa5/MKQA4RYwkGFsYSOw6DqZhp5ezYCiBSzNXsu/5yzjq7c9xZoN23KWV5RG+dm10zj5Y3Vdkjcq4SfoqoJsMnW/sKSEoeAyyHVpqW3lE638r/39+qtzKIIJ3/NVI8w3br/7KrgtP/5KO6ZpEjIkF504jotPHs8Lixr49h9n0dLu5Atbsnojn/3R3/nRX57j/248j9OnHpD3OGg0Go1Gszvj/yZsb29l5oz/7rB4BU7eyfv/9leO/vhUItEoIJw8SsEVNZo9mEzGYt3adcQ7Opyk3r0gpcTKZPqtfyEleFGDftek+9zAqUAoshX1BMIpSCj1R7FQbEN4IYOGFE7CeM/y5ltPaAOWZmDRApZmr+P99du49ueP88Kbq3KWjxpWya++eAqT6gchpQ3SBjehugr5CwpCfkzT7BISGFwnmGvKH94XTLiutgN0SbruF6SCY/KHDgaFqXwOrqDDK99FuT+U0S94ZUMebaZ9bASv/+FKFr7fyDf+MIt1G5u9+T7zK3/h7GMP4vavfoLRw6oKPlYajUaj0ew2CFi9chUbNmzY3ubuk+yt9MKFb9HYuJVhw0f0yxA1mt2NZDLFmvfXeDnjdja2YZBRrh+3Gh7Czn4ghfTcV7YwQYJdgNCmycWRqvwCYf7oCx2ToRlotICl2WvoTKT5yb2z+M1DL5POZMP3RtaWceuXTufQ+kGuGJTNP6VcVQCZTKbHhOeKfEnU8wlR+cIKgxUJ1XrB6oH5xDF/X2pdNXa/0BXMxZXvPfXcNE0sy8qpjhhMPB/Mq/Wx+iqe/cUFLF3bzJdue5aN29oBJ8fYzNdW8I3LT+TbV55MUVT/86LRaDSa3R//t/yDDz1IKtm1MvH20t7ewWvz53PuJ87Tydw1ex1CCOKdnaxYsWKX5ZUybGccIduiKpMkYZiOO8hLKg5IibBtbNd2NSidwgyX4MYXajSaPQh9h6nZK/jHrLe58fanWb+lxVsWDhncfv3pTPtYHYDnhPKH9AWdVOri0p8AXeEXfPKRr+Jf0EUF2Vxbqj+/YOR3X6lxqDZB51Qwf1VPubSCIY5K3FKCVXdur2BOL78QN3F0FbPvuJTn3lzLV/7vOdIZm1Ta4pZ7Z3Hff9/it9efw3knTuj2mGk0Go1Gs8vxhfR9+GEDL8ya1a85cqRtc//f7mPaKadSXl6h45U0exVSSrZta2Lzls3bHXa744OAmLS4zICzzSJsYTsuoJxwXQPbNBHYSCShSIwK23JW0gndNZo9Cu3y0+zRvPfBZo679k4uuenBHPHqs9Mnsfieqzl5kmPZD7qI8oX+KVeU34Xkd0X5haeg8NWTUOQXhVKpFOl0OkcgU1UP1V8lkAVzaPkJOqqCyd6Dri5/1UP/fvnfD86RQo0zXwJ4pOSUw0ay+C9X8+mTD/beW7exmQu/fT+nXPcnlq/d0vuB1Gg0Go1mVyJhzuzZtLe2OYlx+gkBvLN0Ke+9+26/bVOj2V0QQrBl6xZam1t32RhsQ2IZNlFpU2OnqbVshmRshtg2td7DotZOMcTKMNSSVGERRmZD4jQazR6DFrA0eyy/fXgOky6/lVfeXustm1Bfy7w7r+Tbl07BFI4oowQhJc70lLwcskKNvxqhZVmeA8vvQgq6p/w5sizLwrIs0uk04IQotra2Yts2tm2TyWS88Zmm6YUwdhdmGHRb+V1SwX0LCllB4ck0TUKhUM62/GGQ/mqLSrQL5tVSgpthGAgsfnzVMcz+3Wc4eHSN19eLb61m0uW38rtH5/Xx6Go0Go1GM/BIIZ3ExNLm+edmYkuJbfTfTa0ELGnz0ksvYmXS3aYHKAw78HoHxil9j+Bbvh/FenrsEJIex7D3YpO7w305hoLd79bNZn3DOmw3FE/sguMpEBjScP+CQTYzuz/NuClNwEQgMN319yr9SoKTmd597FU7p9Fk2d3+FdRoeqWpNc4Z19/N1+94mozlXMyVxMI88L3zePxHn2BwaRjIuq78riK/mKXwizdKUPI7k4QQOcJVMPRQheCpbSvhKpPJEI1GsW2btrY2WltbMQyDtrY2NmzYQFNTE+l0mkQi4YlYyWSSVCrltU+n011CFvOJU/6LSX9C+mD+KyWeqbxXQQeXfx/VHAVDLvOFGirRb2hlEf+65Tzu++4niEYcgSydsbjht//mnK/dS0t7oh/OAI1Go9Fo+g8pJStXrmTBW28B/X/bJyTMnDmTltYWr7/t3FLg9Q4oBcECYj4xSUifEKFe+5sofWBHBChB1zEUSlD86stjl7Ojx3C32AkPK2Ozbt065zzpUtt75yBwowCFk/eqW1eVSouldKu9Td/xPpz+D7BGs/ehc2Bp9ijmL13HBd+6j42Nbd6yi6Ydwo+uOhaB9MLi/EKMP2+VP4FqvoqDfjeS32kVrN6nwgxt2yaVSuV1dxmGQUNDAyUlJWzYsIGKigo2b97MypUrGTp0KDU1NWQyGdra2qivryeZTFJcXEw47Ahw8Xg8Z3z+sD+13L8vwZBDf2iiErX86/rb+pepUEl/uKHfEeZ3XwXHp7Y15cAaFv3lc9x09xwen+2ETTzzynscetlveeIXV3D4+LrtOwE0Go1Go+lHBAIpbR544AHi8Xj/i1fud+O6deuYO3ceZ599zg7kCco6pZOJBFLayAJGLIQgFot5z0HpOdK5zwWQks2bNrNkyRJWrlzJhg0baG5uIplK5AhuoVCYstJyhg4dyvjx4zn88MMZMmSIlzdM+vrsCdf3llvZjPzXZlY6w8aNG9m4cSNbt26ltbWV9vZ2ksmk52bvjXA4TGVVJSPq6jjooIOorq7uMkc7B2e/Eok4ic44CFnQMQRHkwhHIpSUlGQdRtsxbmlL2lpb6ezszF2+HVOQiMdZs/r9rCDUy6FQxyoeT/DRxo96XFcIQUVFBUVFRXnf6w/851tf1/df+6bT6YLPxe1BSOf6PFpUhOjGIep9phFdwqDVj+MDNT4/0Wg0p8iURtPfaAFLs0cgpeQX97/E9/80E8vKWujv/c65fPygISBt50Io4JKCbEhcMDeVaZo5LqtgXin/c//2/OIWQCQS8ULtWltbEUIQiUT44IMPSCQSVFRUsGbNGhYuXMjq1auJRCLU1tZy8MEH09nZSUlJCU8++STV1dXU1tYyZcoUSkpKyGQyVFRUkEwmiUQinisrHA57XwwqEXu+8fvDC5XApoS8fEKf/2/QfRUUs9RzNYdq236xSyD5yeePYfrUsVz9i6cBaNjcwsev/j0//X/T+dqlx2/3+aDRaDQaTX8gpaSzs5OXX34ZadvkxB71SweuSGZZ/POJJ5h++nRCkfAObbCpqZELL7iAD9etc5f1PNjqmmr+8ejjjBw5MrsVaSFtm8Zt21i0cCEPPPAAr706H8tNG6DIV9BG/TUMg6KiIi6++BKuvOpzDBs+vNub6/y7Itm46SM2b9rMB2vWsG7tWhoaGtja2EhzczPxzk5SqRQbN20i4f6oJ/E5wHoYZ3C84EZW4Vy3nX7aaVx9zTUcOP4gQqEdOR59Q41n1vPPcdNN36Wjra1PPplDJkzkrrv+yNBhw7Z7DC0tzdx441d56cUX3SU7crJnRdDgD6Q9MfPZGTw789ke1ykujvHzX/6KM888K9tbH/roC4VsV91HdHS088Ga93nxhReYO3cuy1esoKOjw9nGgNm6BOPGHcBjjz9GSUlp/kMmHSk0lUry0foNzJ49m+eff46l7yyhra1tpxmyfvGrX3P++edr8UozYGgBS7Pbs7W5g4u++yAvLVjtLRszvIpHf3Q+xe41R75cT8GQOP/yIEEHEWSFr+B66r1UKuX9KpRIJNiwYQMA77//PjNmzGD16tXYts3mzZtzBCDTNFm1ahVvvfUWo0ePZsOGDaRSKTo7OzEMg3A4TH19PSeeeCKHH344paWlVFVVAXjOKOWGUkKWP5RRjQ/IEe7y7XPwl6d8bqqgaNVdf0GXmnp+zMFDeOvuz3PBTY/zwcZmMpbNN373H557bQUP//gyqspjXcam0Wg0Gs3O4p133mHzpk0D3s/SJUvZsmULw0cM75ftCel4mHq7T+xo72DLli05Atby997j1ltv5Y3XXndEFDuPKtRT3+53fjwe5957/8q///0U3/neTZxz7rmFtXf//vxnP+eZp58G2xFCunMBicBf/xgKxXDdT5lkiv889TTPz3yOs8/9JN/41jepqqraqTfcU6dOZfz48bz1xuuuAFRY32vXrOG1117j3E98YrvHu2H9et5euCjrvttBZWN7RSXR27GTXY9xY2MjM2bMIJVK9bm/IMXFxZx55pmUlZUVNP5MJsPf//537vz979m2ZXNOio9sJGzfHF2FIqXE7Ck80mX5e8v4zne+y/Jly0innJx7whCIARL+uozT/3wn9anZ99AClma3ZsW6LUy77k9s2JKtbvL5sybzrcuOwvZ/cQT+gewu2bg/xM5fbdAfNqe2pZKcp9PpnATtHR0dFBcXE41GWbt2Lffddx+bN28mlUqxZcsWNm7cSCQS8QSmUCjk5Z2yLItQKISUknA4TENDA2PHjmX9+vWetbejo4MlS5bw7rvvEgqFiEajjBw5kiuuuIKDDz6YZDLp2MdxLPH+aoNqv8LhcE4lQX++ruByvxAVJDiHal/Ue0GRLyiYqb+lUYMZv/wUtzzwGg/MfBuA515fyWFX3saM267mwFE1aDQajUYz4Ci3iPvEsiz++pe7SSWdHI093m9JvNAcKbq6s7tDuM1aW5p4ftZMLrvsM5ih7bwElwKkAVIgRGGpbNPJFO+vWs3EQw/lzTfe4N577mX+K3NJJrJ5KQt1TnXZT+n8b9u2rfzgezfR0tLERRdfTCQSpWdRxr12yUhPqLBF31Ni9XaDnO/6UJFKpnji0X+waeMGfvijHzNy1H4IxIDedKttD66uYdrJp7DgjTfdN3pup67SOjs6mDP7JaZPn04kT2hdT41VsOKSJW/T1NSUM54doS/b6Nu6XZdt/Ggjv/nlL2hvby94O91RXT2YqVOnUFZWBvjCXwPrSWmxfv16vv/dm3hl3jz3/mNgz5OuSCQWNn6h2QCcSBIrk+Fvf/0bd935fzQ3NwO5ESM7a6zCHZXXn07DpRkAtICl2W2Zu/gDzvnavbR2OBdYoZDBozdfwPi68i7ilRKj8rmonLahvOGA6nUwtE4lUPfntkqlUmQyGUKhEGvXruXPf/4zc+fOJZFIeCJOJBIhFArltFFjLCoq8hxWsVgMwzCIxWI0NTUxbtw4VqxYQWtrK+FwmHg8TiKR8MIRGxsbWbRoEcOHD2fcuHFcc8011NfXe2KVf7/8gpJfrArm0FLLunOtqW35xa+gO8ufF8uP/331GuCmy6dw9sfHcdmP/4ll2azb2MzUz/8fz9z6OY6eOKovp4dGo9FoNH3Hn7QcWP9hA3Pnzu1De+c7sG7kSFpbW2ltaem1ifqWtSybe++9l7PPOZdBgwb3adg7gmVZzJvzMnNens3Mmc9hZZzqyP19T9vW3sZPf/pTampqOPW0M3Lyju6OKBFz7tw53HTTd/nNb2+lpmbn/KAmhOD4E07g4QcfoOHDD+lNwfK/++Ybb9LQsJ4xY8f06SAKIYh3dvLGG2/kTbmxp7A9ef+3Fyklq1au4itfuYH33n3PcY25cawDFy5YKM41fjqV4oEH7udXv/o5dsbqpY1Gs+ejqxBqdkueeGkp0/73j554dejYISy8+2rG15XnfOkqF5D/Ikm99otPfteQH/9yJdik02ls2yYajXoOp87OTlpbW1m0aBG/+c1v+NSnPsWsWbNob2/33E5CCEKhkJc0PpPJ5FQUVOGDoVCIyspKIpEIlZWVFBUVUVNTQ1lZGaWlpZimSSaTwbZtMpkMHR0dXjXCLVu28NJLL3HJJZfwne98h0Qi4VU3VGKR6t8vZgXD+/zzp+aoOxdbPoEqeOHjf1+Nxd+3ekgpmVRfycK7P89Bo52LxNaOBCf/7x95dNbbfT5PNBqNRqPZHoQQCAmvvvoqyWQy7/dgXqQEAy6/4jNMmTIlx7mdvyPc6mfO7e76dR+ydOk7OyWZsjcEAc888x9m/PcZbCuNEP0oXvnUBCEhk0zx21//hvXr1/dTBwOHd32C4PX583nwgfv6JTStNySOkW50/WhOnHYyRh+Fvq2NW5k7d07hDXzHaP369byzZGn2rT1MvNoZZOsaSNpaWvn5T3/GCle8EkI4IXm7y7xJyZyXZ/OzW27BSjv56wr+t0yj2UPRApZmt+Mnf32BT337fjJusvYzP34A//jhuUTM3PxKwep5QbeVv0qeauN3J/kFML+QpQSppqYm4vE4Tz31FDfeeCOf/exn+frXv86TTz7pCVXFxcVEIhHKy8spKSnxXFeWZWGaplP1prKSIUOGEIvFiMVilJaWkkwmkVLS3t7uhS+OHz+eSCTitSspKSEcDufsT8K1+0spee6557jiiiu45557aGhoyJmHoHPK/15wXoLik1qmLq5VKGU+Qaq7kMHecopFQ/DkLecz/ehxAKTSFhff9CC/emD2dp0zGo1Go9EUgldc3nVfP/XvfxfeWDjCw6DBg5l+5plceumlhMPhgsQo//fjC7NmkQkkSx9IJK5XQzr6m83ARvasWbOGp596yiuUs/vizoy0kZbFPx55hPfeW7ZTxiylJByNMP3MMymrKC+wkfNIJ1PMmf1yQe6/nKZS8t6yd2loaNiuMe8zuOHB2JK///3vzJ07d7c7j9V4tm1r5I7bb3c0yt1riBrNgKEFLM1ug2XZfPZHf+f7f8xWJbnstInc9v9OhIATSIknfnHKX7LVL1YFcz4FhRXDMDyRyLIs0uk08XicZDLJl770JX7xi1+wePFiNrkJXiORCNFolEgk0kXUUe8VFRVhmiYlJSU5QpIKS7Rt28utNWjQIAzD8C4opJRee3+lxEwmQzKZJJFIkMlksCyLtWvX8uCDD3Leeefx5JNPOlVGfAT31S8++QUo1W8wabtf8PInqwwKVUFnl/8Y+J1hapmTDyzD7f97EhdNO8Rr+63fP8P//uqf2Lb+FtZoNBrNwCGBJUuXsHjxosIbOOWOOfzwI6ipqWHKUVMZud+o7Ps94P+efGHW8zQ2bkV6QWw7iR5ir0SzbgYAACAASURBVGQ3j+3Clrw8ezYtLc09OL3cHkS/9bpDSGDLlq3MfXnOzhEr3FRGBx98MB/72GRPVEUWMguShQsXsGbNmpxrvF4bSsnrb7xOIhEvdIgFPbaHgdz2DuN+zrds3cJjj/4D27IKF4d8g5ey8P3syzxI8ES2Gc8+y7Jl7zh9FeC62inzvEsPnmZfQAtYmt2CzkSa0758N/f/d4G37CsXTeX7n5nqCTj5Qt38gla+RO1KpPGLX/4LE//2lKjU1tbGnXfeyWWXXcaSJUu8bUYiEYqKirz1otGoF+qXTCZJpVK0tLQQj8e9kL9MJuOFBKqcV8qdVVVV5QlcxcXFVFVVMXjwYGpraxk0aJA3ruLiYsLhMKZpevm+1D5mMhkSiQSWZfHjH/+YK6+8klmzZnltVehiUPzzu8/8BF1Z/jDMfG6rYFhiMKG7EsD8ffldYbZt86PPfpwbPn2U1+6uJ+Zzzo33kkjuvF+nNRqNRrNvIHxPnnjicS95e8GNpeD4408kHIoQKSriyKOmOt+DBUTsqO/TDevX8+or83baTZ5KrOx/Hhyu6ObRp37UdZohWPP+aj7asJ6etSDnTldIARIMN8n4zsOdDTcZvgAWLVjQ5cfAAelVOHa+oqJiTjt9OiXFJeTWseumoTNVtLY0M//VV7y3pJQ9HjQhoaW5hUWLFvZpnIU8toeB3PaOIgDbslj6zlLWN3yIc3IWGJYncp/25yNnowgy6TTP/ue/Ti4uQ3RbwTM4vIGe55zzV0cyagYALWBpdjlbmjo49gu/56UFq71lP/+fU7j2rAk5Ykcw4TjkOoGUs0c5qZR44he21LpKUJJSkk6nSSQSdHZ2cscddzB9+nT+9a9/EY/HCYfDnvNIuaGUkKQucJSIlU6nCYfDRKNRz6EVi8UIh8MUFxeTTCbp7Oykvb0dy7KIx+NYlkU0GqWkpIQJEyZg2zZFblUZ1VZVLoxGo5SWlnrJ4P0utFQqRWdnJ2vWrOFb3/oWv/71r9m2bRuhUCinumIw1M8vWClBKd8c+9cPtlXimD9nlmrnFwjz5eFS/M/ZE7nlmpO81zNeXc4xX/g9W5s7Cj2NNBqNRqMpCAFIy+aVefMKd9u4wkFJaQnHHHOMd5M2bdrJhCORPvf/zH/+QyqV2ivv71SKhLVr13Y/vxKQAkOqVNi7UrLI0tDQwNYtW3Zaf4ZhcMIJJzDugAM8Z02hzJkzh21bG52Z61VckSxdupT163X4YCGkUilefnk2yVSy740H4DSWeV50dHayZu0Hu114o0Yz0OgqhJpdiuO8+jNvr/rIW3b3N8/hmINrvdc9Vc7zC1NBkUsJPErMCoVCnriiKgqGw2GSySStra184xvfYNmyZV4IoHI4+fvt7OzEsqwccUkIQXl5uSdkpVIpiouLSSQSRKNRTNOks7PTy60Vi8WIRCIMHjyYsrIyqqqqPIGprKyM9evX09HRgWVZRCIRwuGw974SyUKhkBdKmE6nPeFISkk8Hue+++5jxowZ/OxnP2PKlCleuKIK4/OLScE8Yn63VT7R0P+eEgfVX1UNMt+xUm3zvSeE4MLjxlJWHOX622cAsGjFBk6//m5evuuLlMT6dnOg0Wg0Gk0+JBIh4ZV5r7Bh/fqCkx2r76tjjzueIcOGOgsFTJ48mZH7jWT1qlVIwCjg7lUAb7/9Nps2bmTkfvs5y3ZC0uV8P0blvB8Yu98P1NfxpVIptmzZ2u3NtfT+Cmy3LykB4aR1qKqqoqamhurqaqqqqigrK/Pyjqrqy93R0dHByy+/zIrly7Ftq0/jb25pobW11RlbNz+69Rdq2zU11Zx40slOOGsBYoRqt2L5ChYvXszJ004GKb0QsuCIpZSkUilef/012tva8+5Tb+dDd/MgpUT45JXe5iunH9Gzj0K6zrxdQTKZZOGChX3uXznhHDFS9F+lQgG2EF7oqZTSrYLa6nye+zA+iXO/pH5s71eEcD6fUrqRmLtelNbsfWgBS7PLyFg2Z3/tnhzx6l8/+zTjR2STWSpxRBGsnOd/7Q81VE4pJayk02k6Ozs9EUe5nJLJJG1tbfzyl79kzZo1Xt4pFf4HWeeVZVmemwrwclIZhkFbWxvRaNQLB+zo6CAcDhOPxz3HVnDb7e3tACQSCWzbpqysjGQy6ZVwTqfTtLe3Y9u2t64SqFSVRRWOGAqFPIFLiVSbN2/mmmuu4fzzz+eGG26gtLQ0xy3lD6lU8+Sv5hgUt/zzrUQsvyDmrwYZdHr5Cbrm1DallJx+eB1/v/kCLvrB44AjYn3i639lxu1XEzK1YVSj0Wg0O04qneZ3t99OJp3pk0ghTIOzzjrTE1CkhLLycs6YPp3f/+53fbrXbdyylf88/TTXXHstIXMnXY77vvdDUacATWlpKbW1tdSPGcOI4XWUFJd485FKpZg3ZzZvvfUWyWQfnShS0tHZg4va7eOaa6/lwgsvJFYco7yinEGDqxk0aFCXH9xy2/bUr7PtL3zxi9zwpeuYN3dun4btuPLjO83VIt3wtBNOPJ6HHnqAzZs2FRwe09zUxLy5czn55JN7df20trQwZ85cLNvJ5xQ859U819TUcOSRRzJ+/HjKK6uoqHCqZXf3GYnHO7nn7j+zZMmSwj9HQjDlqKO46nNX97ieaZocdMjB3QquA0lHRwdbt24F+ibCCMNgyNAhHH/CCew/dlyfK0x2j6SyqpJoNOq+lDRubfR+xO4h2VxggIKy0nK+/s1vcNFFF2Mahmt+7B+hSUrnBwLtCdMMJFrA0uwSpJRcctODzF7wvrfs0R9fmCNeKbHHL3L4Q90UytUTdBQpscb/1/+rnWVZNDU1MW/ePF599VXS6TShUMhL5G4YBpFIJCfhul9QU3mx/OW3i4qKKCkpobGxkUgkQigU8rYZjUZzhLCqqipM02To0KHU1NTQ0NDA+PHj+eCDDzyXVigUorW11XN4qXBCy7JIpVKeS0yJbKFQyHOGpdNpbNvm0UcfZcWKFdx9993ZLz7ffKnnQYL5xtQyf04rf64sf14tv9NKtfM/9x+j4HE8dHQlj93yKS686VEAXnxrNZd9/yEeueUy/UuORqPRaHaYD9d9yKIli5DS7kO4j6AoWsyhhx7qvVYOpWnTTuWeP99NPB4veHtCCB555CEuuvhiKgcNKsi5tb2o7/hwURHHn3ACn/zkeUyYMIGysjJisSLC4Yg7pq4GoM9edRV3/+lP3HrrrSCt4Ka7R4CV7j2X5YSJE7w9l6hZVU4Td0A5UyPo8fZYOFsqryjnrLPP4bX5r5NJp/oU1mVbudWaBxLh+pfGjtmfjx99DE/+659eav/egwJh/uuv0tTSRFVlVU+dsHbdOlYsf7fXcMMtW7bwzDPPMHPmTMrKK/jSl6/n8ssvRyihI0Brayv/+ue/8GxHvQxaXQMOHTqUaaec0uv6+XxhwXBTCdgSBLabHiq/E61gpFPpMRHPVv4u5FywpWTU6NH87W/3MaKuLmcsO4zMLfgggVQy6fwb5lJIT6Zh8PVvfINLLrnUWd8QO5Z0PdCpM0+yt0+pRrNDaEuDZpfwv7/6F0+8tNR7fcf1Z3Do6KocZ5UKz1MiR1Bs8Tt3FMrppJ6rtoZheK4rKSXhcJiOjg5mz57NXXfdhWEYXqJ0f9igEoLUe8r5lEqlEK5NdvDgwUQiES8XlbKeq/A+27YpLy9n0KBB7LfffkyaNIn6+noGDx7MAQccwH777UcsFmO//fYjHA5TX19PTU0NJSUljBkzhmHDhjF69Gjq6+sZMmQI5eXlFBUVUV5e7glWKq+XyuWlRCQVfrhs2TIuvPBC5s+f763vF5L8Ql/Q3abmTOUT81cT9Lf1hxZCbjiiIni88h1LIQQT9qvgdzec4a332AtL+PJvntz+E06j0Wg0GgAJc+fOwXaLnBR+mys56qgpVNfWOt99qNtowajRoxk6fHjhlcrc787NGzexbNmy7dqN7eFrN97I739/J6effjp1dXVUVFQQiUR9P1jlVioGCIdDTDvlFKoGDSq4n0Lm1Zs/IZybfNWnAMcipB7OHGf/C77u5j8pKCtzrpMKqfWY70e7nYF0/4sVx5h+xhlEIhFXlChgzEgaGhqYN3dej5GH0oaFCxaQSiZ7DGnzH3vLsigtKeHoo48uSIQZqJlT21XH5qCDDublea+wYPFi77Fw8WJ+ePMP+3UUtm1jW30LPw2ZJkdNPYphw4cD/SzgBD6XoK6d8X0ueiccDjNp0iTnhSFUKjrfB7KPj27Gyi76PGn2DbSApdnp/OSvL/DHf873Xn/j0mM4/YiRQFbI8LuqlFASxJ/Lwe+KyieKqOTu0WgUwzBYvXo13/zmN7ntttu8XFJKMPOH+SUSzq8vKgwxlUrR0dHhxY6rcYZCIcrKyohEIp5YFovFqK+vZ9KkSey3336MGTOGQw89lOrqampra4nFYpSUlHh9VlVVYds2xcXFVFRUcMghhxCLxRg2bBhDhgyhoqKCoUOHMmrUKMaOHUtVVRXDhg2jsrKSWCxGWVmZNyZ/9T/l/Proo4+44YYbmDNnDkCOQKjCHJUI5Rez1Bz7E8HnC0HsLldZMDF8cB01f8Ev5lMPq+Oblx3rvb7z8Vf5+X0vFnqaaTQajUYD5P5YkkwkeOwfj/r8U4URCoe56nOf65p/SUBZWRnTp0/vc7hQJpPh2RkzSPU1PG878X+XF7o+QhCLxXIc3P1Nbz9u7RCCHkWbXY6r04Fg0mGTmXDoRNd5VljzeHsHzz77LB0dHSDzV3Fsb2vlrTfeLHxI7rxPPHQSY8eOpU867wDh5b41DUrLSiktK8t5RKNF/d9noO/eMAyDwYOrcyqhDziyb/Ypy7Kd0Eih9mv77Vf++yydSF6zM9EhhJqdyl//8ybf/+Oz3uvPnTWZq888xBM6VCicX1jxO3P84klQUIHcLwt/eJ16L5VK8d577/G9732PzZs3Y5omiUSCUChELBYjmUx6jisVrmeaJqlUKqdioBLMVP4pKSVtbW1ecvfhw4dTVVXF6NGjsW2bwYMHe0ncKysrvfElk0nP1ZVIJKioqEAIQW1tLSUlJZSVlXlVENvb273cWo2NjZ741djYSCqVorm5OSeUT4lyfjEqnU5z/fXXc+2113LdddfR3t7uCV7qFzd/Ynx/W7+bLShIqbBG/zHIlzPLn8fAvw0lpgWTw3/ujIPY2tzBX/7jlH3+7h9mUFdbweVnHNYv56NGo9Fo9n783z1vvvkWK1as6FPuK4ARdSOYfPjhCNPoGtUGXHzJJTxw331eheJecUWLZ2fM4OovfIFRo0YVPJbtRbD9ickH8l486LDPvbZTad63AykLSoq+K/Efi8qqKqafdSZL3367oJxjap5enz+fDRs2MO6AcXmP7/oNG1j2zlIVXVmQGFVUVMSxJxznuXR2tQTY+zm7I3Fw3fRJ311EO1O8cn58hr4cnUwmzW9+8ysOO/xjlJWXu5850ecPePA+QAtYmp2JFrA0O42n577L1T95zHt97rEH8O1Lp+SIQcEE3/mcQIpgXiz/chXmB3iJzjOZDI899hh33HEHqVTKWxYKhYhEIsTj8Zzwt1Ao5I3BsiyKi4uxbdtbT4lepml6IX+lpaVUVzu/vtTW1hKPx6murqasrAzDMDyxS7nCHKu4pKioyBNx0um0lyg+FosB0NnZSU1NjSfwVVdXk0gkaGpqYv/996epqYmKigqamppobW2ls7PTm8vW1lbPgVZUVEQymeSOO+6gpaWFa6+9lpKSEm/egiKW6s8fIhi8OFKv/Qng1XHLJ1rlExyDzjl/ZcNvXnIkGxrb+O/8VQBc9eN/UF1RwhlHH7hd56FGo9Fo9i38N1dP//vfSMvCQCD7cGd+5BFHEok639l+R4/7zcXQoUMYO25/Fi1YWPC4BNC0rYmXX3yJy6+8Yp8NuZHSqZL34osvMuOZ/7D2g7W0traSTCSwZW6Vu74QT6ZJJBK4ddf6edT9i8RxF50y7RT+/tDDrFyxovc27nnd2NjIq6+8wrhx4xBG1/1ctmQpWzZv8fJtFbLNUaNGccThR+x+4sRuNJRdTVFREYYZQqZTBZ/fUkrefecdzpp+JmP3H0s4EgEEhuzb5yMUClFTW8u48Qdy3HHHMXLkyO3YA41m+9AClmansPLDrXz6uw94X4JTDq7jl184vkt4md+F5V8W/EXDL4wEBREhhJfHKhQKkXHzXMyfP5/bbrstW7EDvMp/yWQyJ++WEpKU00tVYCkuLvaSvcdiMYqKihg0aBCjRo2ivLzcE7HKy8u9KoFqbEpEArxqgaZpUlZWRiqVIhqNerm5Ojs7AefLqbOzk46ODtrb2z2HV2trq+fcamxs9MIHI5EIQ4cO5f333/fCHWOxGOl0mnQ6TTwexzAMYrEYDz/8MIcddhhHHXWUJ84FxalMJoNhGF2SsvsFJ3/+rHxJ2f1tgiJl8NgF3Vlqnduvm0Zja5zXl63HtiWf+s79vP3gV6kfXnhODo1Go9HsY6jLCyGQ2KQSCV57/VUQ2axI+XJpeM3cJ8IwOeXU0zENX4igyP6RCBAmUz9+LG8vWtzFkZwXXwjPCy88z4Wf/hRF7o9W+4KQpb7/Ozs7eeG557nzzjtZtXKlk7Cpn3d/T5hPxx0Hw0fU8fFjj2PlypW9t1HXT8DcuS/zifM+SXllhZcTSUqJbVm88fprZKx0Tpvux+G8f8SRR3mixG41f7vRUHYlQggGVQ8mHImQSsb71A5g40cfsfGjj3pZu2ekdKofGkJw+JFHcvlnLmfatGlEojGfwUBnK9L0P/qs0gw4qbTF+d+8j2TKEZUOGFnN/d85q9uwPyVYBROJ+gWO4HO/cKJED+V2CofDLFy4kJtvvtkTs8LhMKFQiFQqlSMq+fsrKiqitLSU4uJiz11kGAamaRKLxaioqGDMmDFMmDCBcePGMXToUMrLyz0hSTm41DiUsJZMJgmHw144ohpTJpPxHGElJSVe+GI0GqWyspLBgwd7otDgwYM9wUyFHRQVFXnzN2LECOrq6qiurvbEN5XQ3b+Pt9xyC2vXrvX2LXiRovY7OO/+16qtck6p7QSrFAaFSYXfraX66nrcbe7/zjnUD3Oq7HQm0lz47ftJpftQEUmj0Wg0+yTKgfPy7NlsWL++8IZuKqK6kSM5YsqRva5+5pnTPRGqLyxevJgPGxr63G6PxQ3BjHd0cvMPfshXvvIVVq5YQd+qQu69TDvlFAYPru41t5A/aG7JkqW8++673vSpa6nNmzfzzjvvAIUJURIwQyFOOvlkzJD2OezOOAWieqg+uRMQONfxb7z2Gl/+8pe57LLL2LJlM4ahruO1ZU7T/2gBSzPgfO32p1i2ZhPgCBmP/ug8kPkTe/sTiUNWOMknUOULHfQnDVdt29vb+cEPfsDWrVu9MLpEIuElZle5oqLRqBcKZ5omkUiETCbjbU+JXuPGjWPYsGFMnjyZww8/nKFDh2JZFvF4nFQqlZMIXW1T9RuJRDxRSglbSvRRgpcKT/Tn4SopKaGoqIji4mJCoRDJZJKioiIqKiqIRqOUlpZSUVHhJXwfNmyYlwB+5MiRVFVVEYlEiMViXoL6WCxGS0sLP/nJT2hubvbmUIURBh1S/td+cSqY50q5toKJ3vPlvlLnhL99cB01/7aV5smfXuhtc9GKDXzr989s51mp0Wg0mn0FA0EqkeTuu+9G2oXfUDnfeXDWOedQWlra7Xrqe2ncuHFMmvwx3wYo6P6trbWNRx56GDtj7fahbjuMOx/xzjg3XP9l/vXPxwELsAc0z9aegDqPJk6cyNFHT+1T221bt/LKnLn4FUDbtnn77bdZ3xfRFhh3wAEcdMjBfWqj2fkUFRVx0EEH77IQzy55iG3J4gULufD883h/9Wq0eKUZKLSApRlQnnnlPe58/FXv9d9/eD5RU3YRr/xClLLeq/cgK3Lkc2EF/+H2J1/ftGkT1113Hc3NzRQXF3s5oEpKSrwcWZFIBIBEIoFpmoTDYWKxGJ2dnZ64pUL99t9/f8LhMPX19VRWVnrOpvLycoYMGcKgQYO8UMSgkAWOo0klgfc7npTTSYlUsViMSCSSs//KQRWJRCgrKyMUCnmhjMOGDfP6SKVSXp6sESNGUFNTQ01NDZWVlViW5VVQam5upqioiOXLl/PQQw95oZW9JXhVYZ7BY6RErVAolFMVMnjM8jnvVHs1F373nXptmibREDzyw/O9Nrf/fS7/mfdet2PVaDQazT6MWz1NSsnGjRtZ+d7yPif1toFjjzu2S1h8l66EwDBMTj/9dIRpFCREZb/rYNZzz9G4dSt7/02fJJVMctuttzJnzstI296uZNl7K0IISktKOO200wgV6oCSgJS8On8+ra2t3uJ0Os3rr71Oe0d7wfMbCoc45rhjqRpUpd1wuznhcJhzzz23a2XUnUg2jNX9T8JHGz7iuuv+l9bWlt0rf5pmr0ELWJoBo2FzC5f/4GHv9eWnHcrE0dkKfEFXFeTmuwqKHsr5o973P1eCSjqd9irvxeNxZsyYwapVq0gmk2QyGTo6Ory8WEpkSqVSpNPpnFxP7e3tXjifCuEbNmwY7e3tFBcXU1xcTHV1tfc8k8mQSCQ8sUqNXYUH+l1LfjFOVe9TDi/btgmHwznJ3SORCEVFRV5YpBq7P0RRCEEkEvEcWaFQyAt9rK2tZfDgwVRXVzN8+HAvXDESidDe3g7AH/7wB/74xz964lPwQj1fOGcwHDB4cRTMVxYUuoKP7rbrObDc5ZPqq7h42gTv/StufoSNjQVWfdJoNBrNPskLL8xyCpwUsK6QINwM79U11YwbN66gPoSAI488klisGNkHIUpK2LJ5M8veXdZXfW2PwfvBUcKyd97hsUf/QSaVLlyvk4HH3oyAww4/ggMOdIvVFLK/UrJ2zfssXLDAE2lbW1t57bX5hbkOXRGsvLyc0884g5Cpwwd3d6SUHHfccRxz7LHevxvBj8lO/6gIAVKy8r3l/PxnP8ubOkSj2VG0gKUZEGxbcuG376elPQHAiJpyvnfF0Tmihl+IUssUQXGjt9xXStTxh7Y1NDRw//33e7mtVGVBtb6q9KfGEo1GvUTnKql6KBSivLzcS3I+evRoJk6cSH19vZf8XSVKVwKYf1vKOeV3LKllkHVkRaNRz+WlHGjl5eWe60q1E0J4zi8VqqecWOp5VVUVlZWVmKZJR0cHbW1tDB06lOHDh1NSUsJ+++3nzUcsFiMajVJcXMwjjzzC7NmzPUdaPjHJPw7ljFLLIOuey5fLzC/g+Y950KXlT/QeDFVU/OiqYxheXQZAc1uci296UP/Ko9FoNJoc1HdMR0c7DzxwP7bsy82U891z6SWXU1FWXlhonxSM2q+e8eMP7qOjSJLOpPjnP58glU71od2eh23bPP74Y7S1tToiXx9dPvuGKUgwuKaGs845l3A40sNa7nwIwBC0trYw+8VZpFNJAFavWsWHH64rMDTTkVwPOHA8Bx44ft8QCvdg1LV1UXGM62/4KtGiGLKPlQT7d0DZhxACBDz22GMsX758141Js9eiBSzNgPCjvzzHG8s+9F4/+bNP5eS98v/1O5KCYYHBvEv5krsr1xKQI6r87ne/o6WlxXttWRaRSIR0Ou2F5ylRKxaLkUgkvO1Fo1Gi0SgVFRXU1tYydOhQampqGDJkCEIIL/wQIBqN0traSiwW84SkRCLhhRKqiojKcaUELpUDSwk2QjiVD2OxmLd/KheWEr2KiopIpVKYpuk5r5TIoxLHq7EXFxd7ObhSqRThcJiKigoqKyupr6/3HFi2bXuOtZtvvpn29vYckVCJUmqMSoDyHye1TjC0sLtcZspRpdZRYYl+Ya67nFkAmUyaJ2650Hs9Z9EafvLXFwo5NTUajUazj/HWm2+ybu26gm/IpftfaVkZF1xwAcIQBSknEkk4GuGyyy/DDId9CkNhzH7pJRo+3LuTua/fsJ433niz13QFXVDhoOp1PqvJXuTSCoVCnH76GQwfMbzgc0hKyauvvMrWrY1kMhnefPMNkvF4gT/wCcKRCMcef5zzQ+a+oRTu8QghOPiQg/n9nXdSVl7m15FcJ+nOHY/66AkE0rJ5YdasnTsAzT6BFrA0/c7cxR9wy71ZMeGuG8+iLGrkCBrBindBZ5USSboTtQBPePELKoZheCLPu+++6yVkT6VSnnilclplMhlPcInH41iW5VUlLCkpIRwOM2LECOrr6xk69P+z995xchzntejpnu7p7smzOQBYAEQGhEAQAgGSAKMoUjJpU5QsWaR/tiTbkqzkKPtdW/a7toLtJz/7XskSTZGSbZGmAnmVKCZRIgQwBxAkIpF3gc15YndPT90/Zr7amt5Z7OwCIIFVHf6GE7q7qrqqFl19+nzna8GCBQtgmiYKhQIGBwc5aZPNZvnvpIIigsk0TU40EVFG33Vd56QVfVZVFZ7n8ZdlWfzcA4EAXNeFaZrcUJ7KMQyDkz50LGOMZ0SkfiRj+mg0yo3es9ksb8PIyAhefPHFinGhekRzd9rmh+j7RajmqyWOfzWFFY2r3wxeVHwlwxr+9dPv5Mf87d1P4Pl9ndPOTwkJCQmJXy08+sijVZO/TIelS5eiqbkZyjT+V35sv3o7GhobSjRYDeQBtSmTTuPpnTtR9Io1kg4XHw4eOIi+/r6ax8H/QJMpbEK5dYYX9f10mfwuZHQs7MDWq64sR/fVdh6dXZ146aUXMToyghdfeAFesbZszQwMra2tuOrKKyetvSQubCiqim3bt+Or//Y1LFm6DEXGUHyL530pXJhhx1M73rI2SMxdyABniXMK2yngg5+7n/+jeePmJbh2fXsFwQRMKK+m8lEiMkf8PRAIVKh26OJKiidSMhWLRRw+fBj5fJ6TTJqmcZIGQIXKh8pQVRWBQACxWAzJZBJtbW1obGxEPB7naqV4PA7HcVBf4zRQfQAAIABJREFUXw/TNLliirILMsa4OisQCHDVF5mvk9JIVVXusUWgBQN5c7muy9sslkVkFinFbNuuCN0joosIK13Xkc1mkcvlEIvF4DgO8vk86uvr4TgOxsbGYNs27+8HH3wQN954I7LZLIDKsEC/MqqaoT6Nq2j2LhKX1Y4T96F+FEML/QspUp7duHEebrp8CR557ggYY7jzbx/Avv/+E+jahBJMQkJCQuJXEwqAdCqNHTueKj2xZcKGMx1XvvZcte0q6MHaDZLpuEgkilWrV6O3uwe1SIEmbjQV/OLnP8ft730vrHCo5novFigAuru7Ydv52o8R1gl1jQ247LLLEA5HoEz7DJ6h+9QpvPTSixXJgS4GiGukG264AQ//+CdIjY7VdGzBdfGLX/wcdXVJ7N+3FzVHaSrA2nVrS75bilJW0UhcNFCAy7duwUM//CG+ec+9+Nd//Vd4hQIYK74l40jKr65O+WBZ4txDElgS5xRfvv+XONVfusiGrSD+1yevB2OVCwcioUR/I3HbVCGEYiggET2kpCLyhwicl156CdlslhNHmUwGxWKRh9KFQiG4rsuJL1JuWZaFcDiMlpYWRCIRNDU1Qdd1jI+Po6GhgZutRyIR5PN5rqASw/lIfUXlUpsYY9zwXVQY6brOPbf8pA2FO5IyzLIsHpYoKp3S6TQvi5RltC2TyXB/rWKxiGg0ikgkguPHjyORSCCbzXL/sFgshqeeegpvvPEGFixYUKFSo/Eh43lgIgbf72MFVA8nFA3ip3q6J445jTXtL441kXr//IfX4eevnIDtFHD01BD+5YFd+LM7ts906kpISEhIzDkw/PD/PITBgYGZhZQxIBSK4Kab3zWrWlVVxU3vvAm7ntoBx3ZqIsxK7WN45ZWX8cYbh7B2w4Y5RyAwAGOjo/DK1go1Q1HwoQ9/GJ/69GcQDofpx2kqY3js0Uex57XX4GWzFxUbI66N1q1bjw3rN2DHU0+hFlqJFRl2v/QyAopSttGYvj4GIKDp2Hb1NQgENEDSVxcdaM4YpomPfvxj+M0PvB9HDh/GoUOH8MYbb2BoaAiu655VHQP9fdi3dy9QS/ivooCBITVeG/EqITETSAJL4pyhZ3AcXxB8iO79y1sB5k1SW4lKKdGzyh8uKIat+cMPiQihkDlFUZDNZhEMBnHixAk88MADk9Q+VK9hGJzQonaQqikSiWD+/PmcwCoUCtB1HR0dHZx40nWdhxwGg0EeVpfP57nnFKmoiMSiDILZbLaC7BK3kXJL7A+RvLJtG6ZpcuKLVE4AuLKMshMSwUXnS33tui5XbS1duhQDAwNIJpPo7+9HLpeDaZqIxWL43Oc+h7vvvnuSYs4/HmJb/eMm9r0YEkrtpLH37+snxaqFHtJ5lxb9Hr7xF7fgzv/5EADg77/5JH7nXZehMRmGhISEhMSvLhy7ZIzOqjwwOyMUYN26dVjQ0THjOun6tf3qq9HS0oKukzUqEMpu3NlsFj/44Q+xZu1aqNocWqYrABjg2HmwGWQmY4yhpaUFt73nPQhHIjOqsMwJXqQodVgsFse1112Pp3+5s+ZwwJ6eHjz8k4fL517bvO/oWIj16zaUvjDURHxJXBioiFBAadiTySQ2vf3tePvmzWe0/pgJHn74x/j0Jz95xhmliB8Y4M7xpBQSbw2kB5bEOcOff+WnyNkldn/DslZcekkd31Yt7Iz8nkTVlZ+sEkkeYILcIBJIVOjoug7XdfGVr3wFqVSK75/L5XiZoVCIhxaK3giBQACWZSEejyMejyMcDiMej6O+vh6RSISH4FFoH2OMhwTSeVCbyHeLwhZJtUTkVyAQ4CGHROqQookyAALg5Jeu6wgGgzxDIbWXtgcCAU5gkd8VHUdeWaZpIpfLcb8sylLY3t6O9vZ2RCIRBINBZLNZBAIBnDhxAqdPn64YG5FQ8iupqpmx+n8jRRb1kR+i91k1+FVeYr2blzVg9aImAEA6a+OzX314ynkqISEhITH3wRhDT08Pjhw5MqNjSi/g2uuug66VwwdnYApOnEEikcBV27dhRonBSmZH2LljB8bGxi5q/6aqUCjX3cyQTCYRiUSn3F5tjVmxfcY1nhvwtrCJ7zWNpzjfGHDFlVdi4eJFNXmq0dqoUKPKjTGGgKpi6xVXoH1ee03HnCvU6hF3McB/HufqvKpFpYjl+9+BSqJKXIuL6/nZvGbyhzRXxlXiwoQksCTOCV7c34X7H9vNv3/tT26qICKI+PB7Ivk9kIjAEMkOsYxq/1CLSp6XXnoJL7zwAldbAaUsgUCJ4CKDcwpHo2NjsRjq6urQ0NCAhQsXoqGhgYf2eZ7HP1N7QqEQVxH5zS4LhQIP8yPPKiJ9iIAiAoiIKMowSMQXEVy0DymvKMyQ+oPOk0g+WrCI9VJfhkIh6LqORCIBRVEQj8ehaRrq6+vR3NzMMxcWCgUUCgU8+OCD3ABfVLuJpGI1gsuvnPKTTgRxLP0KOz/5JWYvpN/9WQzv/vOJUI//ePhlvPpG9xlmrISEhITEXAVdM777ve8hk8nM6FhFUaAGVGy54gowZbbkhwIoCq7atg1arR5abKL+3p5evP7qnqpWCxcvJidsqRW5XA6FQu3hT4yVjN4VRXnz07BVwXgqNesbeqYwtLa34oZ33lj14d9UmMm8CYfDeMcN1yOoByvWb+cT9KB5roGiJoCzJ3FqPb7aQ2QaR3+Uy0xfImolRcX6JCTOBySBJXHWYIzh977wff79zhvXIRkKVCUzKkK/gElG7QRSLokZ9fz+WGJ5hUIBnZ2d+NKXvsTJqVAoBMdxuEdVIBCAbdtgjMF1XaiqCsdxYJom94WKRCLwPA/pdJovHAOBAHK5HCKRCFc12bbNvaDEf+j9pBEpq0iFJXpjUbghKcqoL8Xse2K/UFggZVNUlAmPLDFckeomRRidL2U61DQN4XAYiqIgkUggFAohkUggkUggn8/z+n/wgx/wkEdSnfmf4hDZ5A81FMe0mq+Zf7xFkk88zt8H/guxiISl4I4b1/LvH/uHh/xTVUJCQkLiVwCKomB4eBjf//73ZnwTxRjDpk2b0LGwY9ZhVOU8eVi7di2amppmejAc28F9992HfD4/Z5QMJbUNZhWbdvr0aezatQtFrzilGo4esnV1deHxxx7DP3/5y7jrrrtg55233M3p+eeew8mTJ2fJhpayTd94442or68HcO7VLUuWLMHq1avPaZlTgdq+d+9e7Ny5c06pDAuFAva8+ipPgnRWBI6vS3K5HAYHByetoTOZDCfNzkc/ivdvTz/z9EUckisxlzCHgusl3irc++OX8PrRXgCApqn4H3dsAeBVKGvEkDP6PFWomEgI+ckQvwKIkM1m8cILL2BgYIArmegCAgCWZfHvfsVXNBpFIBBAQ0MDLMvimQWJyMlkMlz5lM1mOcmlKAosy+Jm4gB4dkEK6RPbTfsSyURkkkgEEUFF5vJExpE/FvWfaBRPbSESjHyuGGOctBKzApKqjFRauq6jpaUFo6OjyGazyGQyCIVCyOVyeOqpp/Cud71r0viJBJNfYUXjSv1Hx9B2MWxTnBsiQSaGE4pqumphhKIh/v+4Ywvuf+J1FIsML+zvwn/+9GX89s0bp53DEhISEhIXPyh8TwHw4gvPYXhgYFolAPEhKiuJdZSAhg/81h2lkHyiPmZmn8WPa2hsxtXXXIcH7vv29GoqZeJdAcOunTtw8sQxrFi1ukT61JpN7gIFCaE0LQimqFBYbT5Y9LDun770JfSePo3rr78ehmmiiJI3aHd3N44dO4Z9r+/F7t27MTw8PHHspA+zA609VFWFFggArDaTKBrv40eP4qO/9xF87GMfw4oVK8DU0gxRFAWGZaJjwcKyebrYXiY0XcElS5Zi46bNeOThhyf67mzOi8ZD17HliqsQjsRmVV5JsRgAcZPTJfqkPunv78NnPv1J3HHHHVi3bt0Z1WUKFCiqhqXLlqK5taXib+y8QCl7rqolI/KSJ9iZ66Ptr7z0Er70xc/jQx/6ECwrBCjVtSI8eqFYRLFY4Gv9sbExnDp1CqdOdqKzqwsnT55EZ2cnRkZGsHTZUnz3+w8hUvaCY4zhy//0T7j/vv9CY2MjFi1ejI6FC9HR0YGFCxeivb0dlhmqnFuzgOM4eOihh/Cjh34AtUZSjtbpgSnOX0LibCAJLImzQipr4y//7af8+//+zE0AK5QvZJXKJFLi+A29xe8iGSGSJESE0Dtl0iCiyDRN/OAHP+CED/lSkWKKTNcpbJD8p2KxGFRVRVNTE8LhMKLRKCexaB/ylSLCisonJZTYLpFw0XWd/+7P3EeKKNHYnkISiaQrFoswDAOFQgGKovAQSOoPxtgkYk5VVWiaBtu2eb8XCgUYhsH7g3yuqG2maULXddTV1WF8fByZTAau6yIcDuOFF17ATTfdBGDCIJ5QiwdWNYUana+4IPQTU1RutW3VZNJ8nqCIf/nUO/Gpf3kEAPBn//th3H7tWoTM2tOgS0hISEhcxChfRh5/7LEZH1oEUJdIYOPGjWcd/kLXrvfefjse+t53kc/nZ3R8oVDA008/jeUrVkJR58ZNoIJSuFpADZTUVDNAJpPB17/+dXz9618HIBAltAYR6zkPoUv0gNE0Df691noYYzhx/Dj+4rOfRRGilxDD29atw7f+4z8RjyfOWIZhGLjp5puxa+dOpMdGz+JMyig3vbGxEduu3g41MLs5VkqANIukOQwYHx3D177y1XJ7qvcl5UPUdQP/8+//Du+5/fby/rNqbs0wTBPhcBjjY6MzqsrzPDxw//148MEHoetBKFMEO9GatlgsAqwAr+DBKxbBWBEls7jJVitTtaPoFdHX24e+3j4898yz/HBFAYK6AUUNnFV3eZ5Xut9R2IzLMUPWWdQsIVEdc+OKKPGW4V8e2IWhsRKB0tGSwLXr2iv8iujdrzLyk1r+cEOR6BC/i2XR747jYN++fTh69CjPwEfkh5g5j34XQwwjkQhCoRB/iebo6XQanudxxZJYNimZiFii0ES/asjv6yRmDqQwRtM0AYCrpYASqaRpGjKZTIVXF+0TCAR4Kmk/qaQoCifdNE2DYRjQdZ0ryKgO13U5WUYG76FQCKZpcjlyT09PhVG+OLZiaKCorKL9qP/F44EJRdp08GeJFFVZfojl37hxPjpaSgvBwdEM/td3d01bl4SEhITEHECZyOjt7cOOHTtmFu6ilK4lq1avRl19/TkhQRhjWHTJYjS1NE/cfc7AEP7xRx9DKjU+Z8J2GICm5mbotfqCYXK4nKKUtDdq+aUwVnEzcz59dyzLQlNz87SqPj/E/RUGqFAQgAJ1BjoiRVFw+ZbLseZta0qJAc4qOo2hWF6zrV6zBqtXzT58MBgMoqWldcbH0ThONIqV/n5JCSm+ICgblfM7xoRwOIx58+bNvC7GoECB57jIpdPIZVJVX/lsGvlsGk4uCyfvwCt4QLFYUipWmfNnAn9QXJ5PpTkGKEyB69hw8jnY+SzsfG5Wr4JrQ0FxUrtqQbK+bvqdJCRmCElgScwajuvhq99/mn//2p/cDMYqfYuIgAAmSA2R7PB7PRHh4Se7gEp/KNpfURQ4joMjR45wtZRhGBVhctlslpNK4XAYjDFulO66LmKxGCKRCPeasG27QiFFBBBQIpbIu4pIIcdxeMghkUekCCICiUL+LMvimQCJZKLMhHSO5Ptl23aF+osUXURY2bbNDeB1XYdlWdA0jZNy8Xicm8ErisJJMWonlcUYg2mavO/IUyubzeLYsWMYGhqqGDNxISZ6XxFExZxotC5egKuFForHiWorMYy0Glkmlln6jeHrf3oz//1fH9iFwgyf9EpISEhIXHxQULpO/ORHP8b42FgtUV6Vx6sKbnvPbbUbr5+pLEG5vWXr1tK1bAb3fwoU7Nu7F6+/9jrOkq+4IED9seSSSxCPxWv27BFV3HwdoSiTXjMllWbcdpTWUUuWLKmwNphNWcAEj1mrpoUBSCQTuPbaayvWRbODAqaUHoBu27YNQSM46wmmaRqWL18+K28z/9gqiiKyVWWyyt/yN+cvwTRNXHHlFTOujeZKKeS3hqMrzrdyLs94PgtlgPel/302r4l2TQua2IqCogKsXbduZucgIVEDJIElMWv8x09fxsBIKbvPsgX1WNIamURCkNeRSDr4jdxFiGodCg3zQyRRcrkcUqkU7rrrrgrlkG3bFQohCgekML1AIADDMBCLxbiSKR4vLajGxsagqip0XYemaZw4IuUTqbHE8ECSllOYHx1Hflyk6iLSi9okZhUsFAooFosVZu3FYpGTZxQKSARYIBBAKBRCOBxGOBzmHltUr6Zp/L1QKMA0TU6g0ThRqKTjOEgkEqirq+PjRf5fTz31FG+/SDgCqFBH+cdTDBMVx11c9ImKLXpVI62qEVv++ig7iud5uKQlgkvaS099+kfS+Pajr0yaRxISEhIScwzly8ujjz4yYYg1DUjNAwAtLS245pprzilbpKoK3v/+98M0LV5fbWAouC5+9IMfTukZejGBlRU2S5YswZKllwB4c5Q05xKKomDr1q2wrNmHRRUBrqCaWZbL0p5XbrsS8zsWzLp+KksB0NTago2XXXYW2TZL4/q2t70NDQ0Nsyb1pq9kis/nEUFdx1VXXYVwJDyzeUrZRMsfiwCKyhle56HtFwZKc+zaa699qxsiMQchCSyJWYExhn++/5f8+z989LqKBZb49EA09RbJCdrGjQyFMENRtUNZCEWvI1Isua6LwcFBjIyM8Gx5RGJpmsYVVJRFL5VKcTUSAIRCIQDgCizbtrlyiQgvUmYRCUNhd0QokbKMiCcCKZko+yApuoiUIqVVqpxe2TAqfRWoPOoXUpZR28nwMZPJTFI4BYPBCgKsv78fw8PDCAaDiMViXG1F5BaNiWVZsCyLn6emaXjkkUcqzDVFw3pqb7VxFxVbNPbiNvF3Is3EeUH7VQsbrGb8Ls4vz/PwTx+/nu//T9/eMf2klpCQkJC4qFFUgL6eHhw9/AZXANQCxkohVVu2XolQKMQNx88JmIIVy1dh6bIVpa+1HqcoKAJ48eUXMTIyzNt5sUIpqzgsy8Ktt/w6AgGddwa/0cc54CfKChAizGpVek2L8lxavnwFLt24qeRtNINwUEIptKt0nMJ40Nf01TMFShGYP78D1157PV8jzQYUxnjpxo2Yv6ADKlOgstmTia3trfiN228rrRWL7Nz+/QCYMLV/czIZsDK5uGTJUqxbvxHFCbnc9BDISUUph7qyM7zO65m8+WAK4z5vDfUNuOLKq97qJknMQcy1vxuJNwk/efoA3ugcAADEIwZWL0hUECjVQs78Jtz+UDSR2PATEyKIzPA8D6ZpYv/+/YhEIhXm7aR6ouOJfCL1kqiuom2kXiJyxDRNXhbtNzIyAsdxMD4+jq6uLvT19aGvrw9jY2NQFAXpdJqXOzw8jPHxcSiKAtu2kU6n+X4jIyOwbRv5fJ57aOXzeRQKBXieh1wux4+jfiBSJ5/P8zoovG9gYICrqTo7O3H48GEcP34cnZ2dOHbsGI4ePYoDBw6gq6uLl+U4Di9HHItwOMwVXoFAAIcOHUI2m+XjR30hElDVxkcsk4hKAFXH1p+l0B+GWm1OEJEmtoW2BQIBrOlIIBEpkX0HT/Tj0WcP1TCzJSQkJCQuWjCGu//9bmQymQpl1ZkPmbgr3b59OwKadk6VQQyl6+aWLVtKZuw1xgMyxqAqCnq7e/D8c8+iWPTOabveMijA9muuxtr16wBVoZ9KxM45Kp/CnhRVhRWyzl2/KQoi0Qju/O3fRkNTY81jeW7AwJTSA8p33HgjorHYrKtmKEUPXHvNNaWHomd5HqZp4Tff934sWnLJROa+ixnl5odCYXz84x9HQ339mzzWFzHKHKNhGPi7z38B9fUNb3WLJOYgJIElMSt8+b4J9dWX//Adk0y9iQQCMIm8os/kdSUSVKIXlLi/qMoRsxbquo6XXnoJwITiiUL1KESOMhAqioJwOMwVXa7rctVVb28v99Aiw/dUKgVVVSsUSaOjozh06BAGBgYwPDyMF154Aa+88gruuecePPnkkzh27BheeeUVPPTQQ4hGo3jxxRfx2muvIZ/Po6+vD11dXchms9izZw9GRkYwPj4O27Z5lsJcLsf7gfqT2k6+WN3d3RgbG8P4+DgAoLu7G4ODg+jr68OpU6fw6quvor+/H7t27UJnZydef/11dHZ24uDBgzh8+DD27t2L1157DZ2dndzUnbIvhkKhijBC6qOBgQHe7yKRJCqhqF9p/PxKKxpPcVxJkTbhX4VJx/u90MTt4nwS5x69/lFQYX1ZUAxKSEhISMw9DA8P4zvf+U5ZfVPbMXRtaWhswNs3b56NqGZaFMFw9TXXwAxZNatmqF0Fr4C7vn4XctncRa3AIjAAybo6/P3nP4/W1tYKhdSsOYKy8TVfBwCIJxP408/+Bf6fv/ocNF0/N2OqlMZl+/btuOO374SqaygSXXO+h0ZQsa9ctQqbNl12VlXOWzAfGzduAhTlrOY8tWlBRwc++9m/RLyuZN9wzpRvbwFK/KcCRVVw2ds34VN//JnSWNM5nY9/JC5yiFYhqqrive9/P667/vq5QbpLXHDQpt9FQqISrx3pwc5XjwMAzKCGK9e0lv39Jitu/ISFCH+oGH0/E5nh98VyHAevvPIKJ748z4Ou61xdRG0i03YxzI8M3mOxGBobG7mpu1KWuBMJQsqp3t5eTkSlUink83nkcjnuRfXyyy9DVVXEYjGYpom77roLdXV1OHHiBE6fPo14PI5CoYD9+/ejvb0dw8PDaGtrQz6fRz6fh+d5PNyRzo08sug3oPQkt6enB4lEAr29vfA8D93d3SgUChgZGcHw8DD6+/vhui4ymQxs20Yul0M4HMbp06dx4sQJHtYYi8VQX1+PlpYWJBIJhMNhpFIphMNh2LbNjfD37duHtra2Sebs4lj5vc5ojKuRkH41nviZ1FV+Dy3/fPB/JrWcuP9Va1pgBAOwHQ8/f+kIXn2jG+uXtdUyzSUkJCQkLjLsfmV3Sbk8g2MYYygqwK/dciuSyeR5a9vqNauxdOlSvPbqq5MeylRvWOlNUYB9+/fj5ImTWLV61Xlr35uNJUuX4kv/+A/4i89+Fj2nu8+ytDKpoACxeAy/+5GP4Pbb34vGxmbsfW0PrFAI7tjYWbeZr0UU4Hd+90NwXAdf+7d/Q7EwfWblcwUGwAxZuPa667Fz5044tjPjMgKahiuuuBL1DXVgYOfAGF2BAoZtV23DFz7/RfzlZ/8MY+egvy8EqKqK97zndgR1HZ/767+GazsoJaySGhA/SvcICj70oY/gj/70T6Goas1JCiQkZgL51ycxY3zhWz/nn//fD18NBZOJKfEFTBhx08V/KkVONZKLjhN9ksif6dChQ5z0cl0XnufBdV1omgbHcbhyieoTjb6j0Siy2SwaGhqgqirP+BeNRlEoFJDJZJBOp/Haa6/hiSeewCuvvIIXX3wRp06dwsjICFKpFM8uSD5ZADA6Oorh4WFks1ns378fPT092LdvH44dO4bTp09zcoYM423bBmOME2+5XI5nQqRsisAEQRQMBjE2NgbHcdDZ2YmTJ09idHQUx48fR19fH3RdRzqdhmmayGQyKBQK3HS+WCwilUohk8lgaGgIQ0NDOHz4MJ555hmcPHkS+XweiUQCkUiE+4gFAgHs37+/Qt1EY0rvfqJJHE+RzPSPuxgGKBq6++eO/3O1MFTRp4vPI8bwN7+znf/+z1KFJSEhITFn8aMfPAQwryyQmFDknOkFAEHdwDvfeRPUwHlYFpevUYZh4N3vvgWKOvGg5Yyv8n8lrySGZ57exdcwBMZqKIevq2anb5q4nlJ9NdZZ3rd8KF8pTly/gcu3bMW/fe3r2Lb9agQ0nZcv9o/YhinHzzCwafNm/NXnPocfP/xTfOIPP4GWlhaoqoqW1jbU1dUL7a+1v6oN5cTaw7JMfPSjH8MXvvBFLFy4qCwCm9xmf1/S2FLPKGJH8R3P/FKhYOXKlYjHE9OM3mQwxhCPxXHd9TcgaJjnKKsfKynEAiquu/56fOu//hNXX3MNNF2fpI6b6YuOLSX2m2qMWOW9iHDc9HN0+vM3DAO/cdt7cNe/342NmzYBaoC3RezXaXtpmjl3pvJ0w0BdQ9NE1Ep5LsTjCYTCERRZuRdm0rdV2lYLxP7jf7SKgoWLFuH/+/+/jD/98z9HMKhPNFJC4hxDKrAkZoTTA2P4/s9fBwAEAip+bctiQPhHnEgSkayqpripRlaIpAepcETCgvYlpY3jOAiFQtyHyXGcCpInk8nAdV2exQ8oXYSIvBobG8O8efO4QTopoKhd4+PjOHXqFFKpFHK5HPeYIn8oIq0o/E8MpUun0wgGg4hEIrAsiyusxsfH0dbWhqNHj+Kyyy5Dd3c3WltbEY/HkclkEAwGefigqqrI5XI8HDKXy3GyLBaL4ejRowDAyaxgMMizL9L5qaoKx3EQiUS4moqyLmqaxt9DoRB6enrQ3t7ODeDF8Th27BjC4TD35qJzpfER38UQTxFEZInm637FlAjap9p2f/ZD+uyfTwBwy9bF+Ot7noLnFfHAz/bgCx+/CfOa4jOb+BISEhISFzxGR0exbv36mm/ECNF4EpcsWXKeWoUSW8MYrr76ajzxxBPI5zI1HFN563fk2BHYTh6apkMLBLBy5SrUJ+tQClCcrqgSedXY0DijZk8QREGsXLkSDQ0NqP2mVEVzc0vVXUvX59K1e9XqNbjr7m/gyZ/9DN+8914cPXIY46lxeGWyrijc3NN1Xdc0RCIRNDY24rrrr8f73vc+zOvomOCB+LqTIRqN4oorrkQsGqup7ZFIBOFodJL3ZmXbAUCBYZi47T2349prr8O999yLn/70JxgeHESm7BvKmKA/UUprZK3sxWqZJkzvGwxcAAAgAElEQVTTRMeC+RUP4GjfSWDlDUqJOIjFEjAM84znMhUuWXIJLt24saSbqnKOs4WiKFACClavWYu7vnEPdv7yl/jWvd/EkSNHkEqNIZ/LwePrt/L5AJzAU1QVuqYhaARhmhY0LQBV1aDrQYQjEdTVNVBFFfUyxlBXX1fyVaO2ANNO00QiAcMwphxr4cwQCGi48qptuHzLVuzatRPf/MY3cOLEcWQyWdj5fOnh7lTHC/8eKaqKQHkeBMtzwbQstLe1YUFHB0zTQDBoIp5IIlmXRFtbO9rb29Ha1lr5oLasbfrMZz6DT3/600ilUujq6kJvX8lWJJVKYWxsDK7tlBJeDQzgxIkTyGQyyNs2XMfhD/7pfqtY41xgjCGgqtDL9xQtLc34rTvuwG/cdluJyCzrY6T2SuJ8QWEzvcpL/Erjb+9+HH9375MAgDtvXIu/umMzgAkljEgg+MMIRVJLJLT84YVimKD4tIuOo22u62J8fBy33norDMPgnlDkg5XP5/mTCl3XeRiepmncyH3JkiVYtGgR4vE4b18oFEI6ncbJkydx4sQJdHZ2ci8sTdNglhcduq5zhZNpmnBdF8FgEKZpIp1OQ9d1tLS0YGRkBIlEgivCFi5ciEwmg1AohKVLl6K+vh6WVfLFcByHp2cm5RSB1Eqe56G3txeZTAbd3d0YHR2FoigYGhri/l1EaI2NjfFshLlcjj+9JRIrn8/DdV3Yto1kMolQKITrrrsOe/fuxSuvvAJFUTA2Noa3ve1t+N73vsdN5UVVmxg26h8n/6JM9NESSU+RDKOy/KGktK9//vgzFFYjTP/2P57Ff/9sLwDgbz5yAz734eshISEhIXHxQHzwRdcY8qekl0WG1DMquPI+91x7tvCy6bpUDnWrtZ0Tl0G6RpbIMCIfaipL5G3U2s+PlZU1YAwKV6qwmuvjh9Bazr8b9Un5mEKhgHQmjXQmjVOnTmNwcBC2nS8XUUqu09LSgpbmZlihECKRCDQtAECZREJwnVO5r0okXm1tr2U+VLt9svN5pDNpDA+P4PTpU0il0lBVlfuLJpNJvv7UNQ16UC/7twZqnnflVTRefP55fPITf4iRoeGajqM2q6qKT336M/j4Jz9ZA3EzOxClqgAoFjxkslnYtl2KKigUUCivZ8VqAwGtnDxIhaaV+0VRoJYTCmkBDUpA5cSX2GL/WNR6Ov4hnK4fxIe1xWIR+XwOdt6GWyiUkixMMbloHpY81FSoqsITJemajqARLK/3lVLbq8xB/30SkaPVbuLLf7LlrQp/LxaLcF0Hrlso/5tZgFfwymoy39/jdP2gqtC0AAzDRMiyoAbUcuZFRfi3ogSyW6EX3adVi8yQ+NUB3bfv3r275mM2bNgAQCqwJGaI+x6bmGR/cMulFf+oihdBIlsIRFD4w8P87/5yRHJCJDlITfT4449z3ypSQzHGuOrKcUreAMFgcJJiyDRNxONxXpfrutxXKp/Po7OzE/39/VyVRU9qSgsmDXV1dchkSk9RQ6EQ8vk8UqkUYrEY6urqMD4+DtM0uTm6YRiIRqNwHAcLFizA8PAwQqFQKVuSonBfKtu2uQqLVGXUdspaGAgE0N3djbq6Ou511dLSglAohEOHDiEajSIQCCAcDsOyLG4Ob9s2Wlpa4LoustksV29lMhkeMmnbNmKxWIWS6siRIxWZBP0KO/Gdfqd2+9VztO9U6ipSZomKLX8Z1by2ROWeSHQpioKP/fpGTmA98MSrksCSkJCQmIuYzU2Qcn6VAhMKHMX3Q43HixIe4UfGMLPzndVJkgxM7KQaClJQU7/ytV/5PlvTdSSSSSSSScybN3/mra3ojzKdoIi0Qm1tr6WrKtat5XfTsmBaFhoaGrFs2bIaSpmMM+oKyv00MNCHb3zjbowMj9RYKECZGZvbWrH1qiuqrr/PFcQeD5T9Vs8FpuqZ2Z7DTA8T+6y0xo4gHI7Mqu4zVzR5Dk6lBJxSMyYq3MrvJQLJgjk74d4ZQVNMRgxKvBmQBJZEzdh9qBvHTpee9MTCBpoTRtVQMb/qikL+xMyEwEQWQj955S/HT05ReWNjY3jwwQcriCkKH6TQu0AggPr6emSzWQDgT2yDwSB0XefvJJ8lMum5555DOl16cpZMJhGLxdDW1oZ4PI6Ojg7+BM0wDK5iYoyhr6+PK7JGRkZgWRYaGxsRCAQQj8fhui7C4TAYY5xIIvN4kXgjXyzR38nzPJimCdu2kclkEI1GoWkaFi5ciNHRUR5CuHz5chQKBSiKglgsxs3sKXyQyDLKgNjX14cTJ05gZGQEqqqit7cXjY2NvD8pfHHPnj1Ys2bNlOF7/vETx1UMG/SDyqExEEkrP1HlN4FnjFUQZWKIotiG5ngQlqEjZ7s4dHIArx3pwdolrTXOfAkJCQmJuYoKpYP4wzm+r/ff101b/JR367UWMJPKpjhsUufUhhmf63lgEJUZN2J2IH7vXNy4j4+PY/fu3Si4hbJyrLKefD6H/Qf246c/fRinOrugFNmMFXWXbdqEFStWnH1jz4DZzpszwi+e83dO1Yaco7rfbMz2fN7CfjgvYy4hMQUkgSVRM77zs1f55z963+VVySsAFUSVn3AAJkgO0Tuq2jFETACTw8KIbOrr6+PG7YqiwDAMaJqGXC7H/Z9IJaUoCg/103UdkUiEK5U0TeOKp8ceewy6riMWi0FRFEQiESxfvhyLFy9GU1MTwuEwDMNAJpPh4YiKoiCbzfLsfYFAAA0NDTzMUNM0hMNhuK6LYrEITdNgWRZs24amaVy5Rdso5JE8vajN1FfhcJhnSwoGgzzUMJfLcVVZJpNBOBxGKBTiRJQY0keEFim4kskkN5pvbW2FbdsVBvoHDx7E+vXreSjmmYhLcRzP5FElqqxEcpPKr2boTttEGbe4ncoT2+R5Hj7z3svxxW/vLM3lJ/ZIAktCQkJCYvK91nm6+ZpxsRfCTeBsia9z24rZ4U1qxDlTnTCg88RJ/NGnPoVUanx69RpQM3nFlFI8Z1A3cMu7b4Vphc62tWfG+ej7M5V5QUy4c4jZns9b2Q9zbQwkLmjILIQSNeO/H58gsG6+/BL+WVTInCmWvlqomaieIYghY9XKn4g9z6NQKFSU4TgORkZGuC9GJBLhiicigsisnZRX5NVkmiY8z8O8efMQDoeRSCSwfv16XHrppejo6EBbWxs0TSt5NKTTAEp+DYwxZLPZkqeBrnMyjDEG13VhmiY/jpRQZlm/S3VGo9EKFVEul+OeHkQYOY6DdDqNbDbLiSVVVZHJZGCaJpyyIWMul8Po6ChXoBUKhQpyiMguwzA4GdbY2IhoNIqWlhYYhsHJq0KhwEMmn3vuuUkkYjXFFZ2Hn0Si8SZMRU7555J/fohqLKpX3M9PZhE5essVE3NWDIWVkJCQkJCQkLgQUI6+PC/YsnUr1q1ff55Kl5CQkHhzIAksiZrw7Osncap/DADQ1hBBMjxZvEeEgqimEUMERWWMeMxURIX/s5/4CoVCJQPEMlEDgJNHpFyikEMivGzb5uWZpolAIADLsngI3/DwMAqFAoLBIOrr61FXV4fW1lYkEglOqhEhQubnRIoxxlAoFHi2QNrXcRwUCgVOdrmui0KhwIkpMm8HSmGVZD5PBBuZHvqN7YmsyufzGBoaQjab5W0iw3hqXyaT4fsODg7yrIhE8BDR19bWxvvRMAze1mAwiJ6engpSSIR/bMV9xLGdipyicv3liEqtqQgvUcEntotUfKQ8q4voaG+MAgC6+kbx4v6uSXNYQkJCQkJCQmJOgQH19fX4nd/9XSSSCelTJCEhcVFDElgSNeE7T+zhn//8A1snqW+ACaJCJHlEM3e/V5VIePkJDv9ncX/6nMvleJgd1Uk+UoZhcPIsk8nw0D1VVblaiUIEyV9qZGQEmUwGkUgEra2tWLRoEQzD4ESZ4zjlDB4uRkdHMT4+XkpHWybG0uk09+qibH8EItBc1+VhjaSoomyD1D+kGHNdl5dFKio6d8/zYNs2RkZGMDo6imw2y1VbACrOn4g1MmoX67Vtm6u8dF1HU1MTkskk983yPI8ThI7jTPK7mmo86X2q8FEqQyScxBBScR/Ri6sawSlmLBSJS/FFZN2n3vN2fvx3fzYxpyUkJCQkJCQk5iJUVcWNN70TV26/qmRqfx6M2yUkJCTeLEgCS2JaMMbwHeFm/+oNCyq2VyMViDQQyQRSyBCJQaopkWgQyxAJC9FLi8oi0oUIIHFf+k7qJvqNPLLq6+sRDAYRDAa5z5XruohGo4hGo1i4cCFUVeVm5kQaZbNZZLNZTlAReRIOh7lhejAY5ISJbds8fSy1mUIEqd2GYXCiCCgpq6iddL5EYhUKBTiOg7GxMU6ijY2NcTJPURTulUXqMnpFo1EeZpnNZpFKpbjCisaFMYYlS5Zw1Re1jc6RxsyvrPOH7/nVVvSu+BZOVJ4/vFSceyIBNlUWSyIwxXrEugnXbpjIanTfY7snbZeQkJCQkJCQmEtYtXo1PvL7v/dWN0NCQkLinEASWBLT4qlXjqF/pOT51FofhaVP9hkCUDX0CwBXxfh9kUhVNJXHkUiMAKgIEwsEArBtG+FwGAA4eUPtIGKLyCsinGzbhmmaiMfjUFWVe2FZlgXGGILBIFpbW2EYBhKJBG+v67qcuKKQQCJTyHTdNE00NDSgtbUVra2tPEQxGAzCcZyKUEJd1zkxlkqleKY/keAT200+X0SI5fN5ZDIZHiJI4YlEikUiEbS1tXE/L6qL2ioSYa7rcmKNwi11XedKMHEc8vl8BelD/VONeKJzEMdFJJrEuSKGHNLnavPA77Ml/i6avotzUlSHxUI6mutKc6ZvOI1nXj9Zdc5LSEhISEhISFx8KJZfpbVTY2MjPvPHf4x58xZMzuQnISEhcRFCElgS0+KRZw7yzx961/pJoV2iiTb9Xi20zJ9xjsgrEXRcNW8sInHo1dnZiXQ6zUMIDcPgpuOO4/BwOk3TuCE5kVWmafL6KVyvqakJkUgEwWCQk1kUIiiG4OVyOZ7ZkMpLJBIIBoNwXRepVAoDAwM8pI/IK1JxETFF4YSWZaFYLHJzdzJ91zSNK7eo/yj8MJVKIZ/P8/P0PA+FQoHXl8/nkUqlcOrUKYyNjcG2bW4+T8TX2NgYHMfhxBmFY8bjcU6CUagiYwzJZHJStkAxfE+EXyElkkuikbtfYUe/iaGAfrLUr9Tzk1Xi3KQ5IO77oZs3VJ3bEhISEhISEhIXNZgCMAUMCurq6/FXf/M3uGrb9re6VRISEhLnDJOduCUkfNi15wT/vG3dgqqhYAR/CNmZSAhRmSOSELRNzLQnKnRIQZRIJFAoFGCaJnRdh+M4CAaDXM1E5du2zY8lxVUgEODhfsCE2ikcDnNPKMpwKIbvESESi8U4QQQADQ0NnDgbHR3FpZdeilwuhx07dsDzPK7msiyLkzME8goT2yKGASqKUuFvlU6nuVk79XUgEEA2m8Xg4CA2bNiAbdu2oa+vD7lcDo7jIJVKIZPJwLIsHtpJvxuGgVgshlwux8eBsiRSKGYul0N9fT3vD7+qyj+WogdatXA/UYknGreL88RPapGCjEIaxXr8qiuRuPLP123r5uOL3y71/c5Xj1eZ8RISEhISEhcn/Kr2qX57qyE++LrQ2nYxQlwzAcC8+fPw95//Ii7fumXSg2YJCQmJixmSwJI4I/J2AS8dPMW/dzRHoWAi1IvgJ6z8xMZUGeZERU218gBwPynxu6IoaG5u5mSWopSyCtq2DV3XeYheNpvlhAZ5TAWDQei6jmKxCNu2uYk7mbsTKZLL5WAYBhRF4coqRVGQTqcxPj6OxsZGLFq0CJFIBJFIBIZh8PYdPXoUjuMgmUyiWCxiaGgI0WiUh+kRMUSZCC3Lgm3bXIWlaVpFv1HIZCaTwfDwMLLZLFddUYhiMpnExo0b0drair6+PkSjUXieB8uyoGkaurq6YBgGLMvi50IeV7lcjnt0kRcYkW1E7g0ODvJsiSJhBaCCsCL4fcvEsSX4fxfDRP3kJ/UtHUehpP7yKTRVNIMXSdKO5ijf99m9nSh4RWgBKUaVkJCQkJgbuJCJCr+Kmn6TJNbZgfovEovhfe//TXzwg3dg/vypPWslJCQkLlZIAkvijHhu30l4XokIWLWoESqKFQoaghgqWE19Ve03v5cSkRMigSGGEooeSqqqIplMIhaLYXx8nIcHZrNZXp8YYkfeT34VEJm4B4NBHsZHpBcA7nWVzWZ5CGE0GkVdXR3y+Tyy2SyAkkdVJBLBwYMHMW/ePCQSCXR3d0PTNGSzWViWhdHRUe7ZRediGAYymQwPF6T6KIugqqr8/BRFQSqV4uGA+Xweuq4jn8+jvb0d9fX1MAwDnZ2dWLx4MY4cOYJ9+/ahrq4Oe/bswb59+7Blyxa4rosFCxbwPqUwQSLCaFyi0WiF0X5fXx8n+ohErEYy+SGGD4oQF7GiObs4P0TSUjR89+8jhoOSIovILRpvqjOgqmhvjOH0wDg8r4gX9nVh69qOWv4cJCQkJCQuEjAwlBx/WMn7R0EpvAqYk0ZAdF1MpdJ47LHHkU6nsXjxQmzdupU/FHtrQWs+BYODg3jiiSeQz9tYtXoVNl12GQKBOTgoM0QkEsGGjRvR3X0aqbFxpFLjyOXyFd6htJRirLQeCpom6uqSaG9vx+WXX473vu99aG1rK+8r+1RCQmLu4UK4oklcwBDDBz9w3RpODPjNsqcy2SaIflT+fUXDbjq22mciXAzDgOM4XE00Pj6OcDjM/aTILJ1CzcgI3XVdHqZnGAYCgQDy+XyFh1Y+n+dkFpEijuPAtm14nodkMonh4WG88cYbOHr0KD8n8r+i0ERd1zF//ny0tLQgEolwY3nxXFVVheM4vO2kyiLyjMgpTdO48klVVU7MMcawaNEixONxMMYwOjqK06dP48iRI+jq6kIqlUIkEkEgEEAul0Mul8OTTz4J13VhWRbi8Thuuukm5PN59Pf3I5lMQlEUrmCidpBxeyqVwvHjx7Fs2bKKEL5qKjtSR/mJJxrvaqGm4pyi+um76Jslzgt/O0Qiq9o8pHI+eMMa/OP9zwAAdu45LgksCQkJiTkExhigKmDl+35VmSBP5jIYY+jt68Oe1/aWru0DQ7hs0yauQH9rQQ+tgJ6ePry6Z2/p+s0YNqxfh0DAeIvb9xZDAToWLcTd99xTWreUDddt28bIyAiy2WzFmjgYDCKRTCAciUwUIQkrCQmJXwFIAkvijHhaILC2rpk3iXwSVTxnUtgQSUTfK58mVZrBi+SHP0sheTdReUSykP8VZdcTs8+J4W6apiGfz8N1Xa64IvVWJpOZdC6e5yGfzyOXy2FoaAjHjx/HyZMnoSgKV005jsOVWETQeZ6H0dFRdHV1Qdd1rFixAtFoFIlEApFIBPl8npu6k0KLMYZQKMRJukgkwsP3yMxdJMJaW1uxfft27N69Gzt27MDo6CjGxsYwOjoKAFi7di1GRkbQ2dkJTdOwZcsWdHV1cfP24eFh3H///bjxxhsxODjIPbyIQCKvMDqvsbExHrooquT8/lPVxhiYUL2J6j2qi8qksvwklx9+okosz6/IqqbYuvbShZzAenrPceDOq6vMfgkJCQmJixGDg4P48U8eBqBg6ZJLcOWVW+f8zT2/ZhJRBIaAykpSnQsIpeYwUJa8uU4qzgb8IRwA3QiiqaW5qv1CtTUQIIksCQmJuQ1JYElMiWKR4enXJgis9oYQaMEhkgN+U25g8sVTJCrEbSJpRfCHgxFc1+X7it5RFApISiW/lxI9eSQlD/lamaaJYrHIvaIURakIjSP1ViqV4gQRhdCFw2GEQiGYpol9+/YhFAph/fr1CIfDOHDgAEZHR5FIJLBhwwYcPnwYzz//PCKRCLZu3Ypt27aht7cXnZ2dFaojIrQYY5wIo34hcicYDCIYDKK5uRlbt27F1772NRw/fhzxeBxr167FI488wkkiz/MwNjaGZDKJwcFBeJ6Hd7/73di7dy/6+/vR3d2NQqGAX/ziF2hvb0dvby86Ojq4AouIMjKSdxwH/f39vC9pHGl/cezEMRbPgdRw1MeiKTvt6ydIK+dkcVLZ4tzzq7zElzgXFzSG+fcdu6WRu4SEhMRcQjaXx4EDB8EYEA6F8auQdJuugfFEAvPmtSGbyaCjY0GF8v1CQSIRw7x57XBdF/PmtyEQUAFIMqvWMTrTAz4JCQmJuQ5JYElMiT2He5DJlULXls6rg4rJ4Xz+p0B+xYv4G1CZcRCoVOUwxrjaiPalfUSiQtM0GIaBdDqNjRs34vjx4wgGg0ilUgBKRJeu67Btm5MkpL4iI/RCoQBN0xAOhycptMg/a/fu3Th58iR6e3s5qWRZFurr61FfX4/NmzfjscceA1AKSezr68P4+HiFf9e73/1u9Pf347nnnsOBAwfw+OOPo7+/H3feeSfy+TxSqVQF2eI4DiKRCM8ISH1DxE8gEICu6wiHw7jrrrswMDCAefPm4bLLLsPy5cuxY8cOZDIZTqTF43GuDlMUBXV1dZg/fz6SyST6+/v5OCqKgvb2diQSCQQCAbiui0gkUkEA6bqOAwcOYNu2bTzMUgw3FP3KgBKxRaShaEYvklAUdukPCfSbsBPJJSrraH8xEyHtTxCJVgLVt2x+Pd7oGkI6a2Pv0V6suaRlRn8fEhISEhIXKhTfa+6D1l6NDY34g9//faCccAeMQbkguCFSaAPzF8zHJz758QlvsrIi6wJo5IWBmYjmZJdJSEj8imHuP5KSmDVePdzNP9929cpJRICoxBK9iPzwk1x+BZZ4HD0pFMPDKHwuEAhwAodIqg0bNgBABfFFZZL/EmUlBMAz9/nDDwuFAidcgsEg4vE4Nm/ejHe961247rrrsGnTJrS2tqKurq60QGxsREtLC5YvX4558+YhFovBMAzouo5oNApFUdDa2grDMBCPx7Fs2TJceumliEQiGBsbw2OPPcbJMk3TKkg213U5mUchjOQhZhgGkskkAoEALMtCc3MzNm3ahGQyCU3TsGLFChQKBYyMjCAejyMYDCISiSCZTOL666+HqqqIxWI4cuQIIpEIotEoFi9ejBUrViAej8M0TU7wxGIx3teWZWFsbAwnTpyAruvI5XIVGQEBVCjI6LM4FiJRSPArzehdPNY/Z8SyRAJOnFNUlqjmEw3hFUXBLVcurzrXJSQkJCQuTjDmgYKvGCuixAR4wuciGDwwsHIomzJh7D6pLDbp+jHxe7FcVxHFcvml32tpIys3hU28qC1i+fCFyRPHcwaUrn/+HZUJ5+9p2sWYJ6zZivy8eLsBAMWJ82eVHqZnroCaVQQ3J1PIbP8MZQibaSyK5TBExrxSeSiHSlLf8mOY0E5wTq+2dlauX0tzaOK8JwqjeSW8qswbCQkJCYlzA6nAkpgSR7oG+ecNS1omeQkBlSbafhUMEVuiwgaoVMX41VoAKsy/RUJMJEqo3pUrV6K9vR2Dg4NgjCGfzwMAVywxxnhYIZVHYYRiWWI7I4IhpmEYME2Th/sNDQ3BcRx0d3fj4MGD2LZtG3bv3s1N1hVFwejoKHRdx/vf/36oqoqxsTEcOHAAyWQSN954I5qbm5FMJlEoFGCaJlzX5Sor13WhaRoPk/Q8j2dPJBP6RCIBxhi2bdsG0zQxODiIkydPoq+vD1dffTWGh4dx8OBBjI+Pc+LummuuQV1dHY4ePYq9e/dCURSEQiG0tbWhrq4OpmkiFotxX69sNot4PA5FURAOh5HL5aCqKj7wgQ9wgk0MzRPDCEV1FBGNos8VbSNlHfWbqNgTvbSmUvOJc4JQzZNNPFZUd629pKnqXJeQkJCQuFgRKBNSChRFLScgVAGF1iGKkIiQ0YdJmKwmV8BYEYpC16XSQalUGkPlEP1SuN6ZzdL5NUtRUCh7YGazWeRyObgFr+TNqWuIJxJIJBJQ1ekz/U4HpUwSKdNIdRQFYIxC8sv9h2KZFyqRc9lsFkNDQ8jlcjAMA01NTbAsc0Zt5JdtPk4MyrTMEhFzSvn/dH0X21vqq3Q6g6GhIdi2Dcsy0dTUUF7zsZqIPD+K5YdwoyOjSKXTcMvrvWDQQCwWRTweLz9AZWDchwyYmYyqyulKSEhISFSFJLAkpsSRUxM39e2NJVJHfKJUTUklQjTNBlBBSFXLFicqufzqG7+3ERE+oVAIixcvRm9vLzzP41kIKbsg7QtUZkIMBoNc0UVl2baNaDTK20MZBTVNQ0NDA3K5HDRN46bvAwMDeP3113HTTTfhRz/6EdLpNIrFIkKhEO644w4UCgU888wzGB4eRnt7O9avX48FCxbg9OnTSKfT/JxJdUWm8tRXpM6ybRuhUIiTc5FIpMKnatmyZVi6dClisRgcx8HNN9+MG264Aa+++irS6TSam5vR0NCAn/zkJ0in0/A8D3V1dQgGgzBNE6qqoq6ujvuJEalnmiYMw+AL1VtvvRXLli1DNpvlBu+2bUPXdd5OIgLJr6xQKCAYDFYoqkTVnd/QXYTneVyhNRVEckosxz8fq/22oDnOPx85NTRlHRISEhISFwfu/vd7kM3mMJ5OlUkmhldf3YMDBw5CDFObN68dH/nwh4TfKgMS6HrR19ePu+76d0BR8Ae//xE0NzehUPBw+lQ3nnzyF3jj8GF4RQ91yQQ+/elPQdM0TMU+MMYwPDyCn/3sSXSdOo3BwaEKX0jx+qQoCtraWnHLr70bCxcuhC8R7xkxPDyCb9xzL7LZLJYvW4bbbvt1mKY57XGMAYcPH8Z3vvNd6FoQd9x5B9rbW+G6Lrq7e7Bz5y4c2H8AjuvxUwyFTLzzne/E2zdt5OuW6aAoKjo7O/Ff374Ptu1g42Ub8e533YSAeqaTZHzd8Oyzz+Gpp3bAMIL4yEc+jEQiCcdx0dV1Gk/t2IHDhw/z9R4AxGJR3Hrrr2H1qpUIBFQo0wWfKKZjIE0AACAASURBVOU1AxSMj6fwzLPP4bnnnkc2mxPGiAi1UsboYFATfgeWXLIY73vfexEMXgjZHyUkJCTmFiSBJTElDguqlLqoBaBYQSRVI5v8pJO4XVTgVCMU/KSVqLgSyQ6ql5RCixcvxssvv8xJEiKlwuEwJ6ZIZUUkDamygJIPk+u63NSdMhrqus7bHQgEEAqFOMllWRYsy8L4+DjGx8dxww03IJPJoLm5GQDQ1NSETCaDRCKBcDjM6xkeHq7I4mdZFifbgJKSidRWFL5HRJCu65zUoc8UqlcsFtHV1YXu7m4Ui0U0NDRg8+bNcBwHuVwOo6OjqKurQ0tLCwKBAFKpFA+bDAaDXJEWDAa5wkpVVTQ1NSGVSqGhoQHvfe97MTAwgHw+D9M0Yds2GhoauBeWaZowTZMTc5lMBo2NjdyLTFEUGIbBwz39hKVITgIThKefpPKr/PwLZlHhVy2bIW1LhicWloelAktCQkLioseRI0cpvx0A8Gt4JpPhXkuMoewzOb0gp1hkyOXzKBSKGBodQygcxb33fhOnT3dzRZcChVsIVCdwiiAvLtt28Nprr8FxClyfM3EtmwhrZIzh9OlufOMb9+DOO+/AqlUrau4DxorIZvPIZrMVa53poCgKCh5DJmtDURxkc3kMDA7jvvvuQ29PD7xisaR8UiYIv2w2jx/96CcIhSysfdsaXs50KBaLyGZs2I4Nx3anVYdRuaoagOt6yGRzcF0PedvFkaPH8IP/80P0DwwIa0pWVpSVSKj77/8O7rzzt7B61cqa+gJQMDw8im/c800MVJRb2iaqq1zX5RYUAINhBBGLRaFpM2AdJSQkJCRqhiSwJKbEgRP9/HNQA4oem0Qe+GX2oqLGT3KJIAJHVFdRuaK3khh+KJJi9CSurq6O+1oZhlHhpRUIBCqebortptA9UgcB4OSU3yuJ/KYsywJQWqw4jgNd11FfXw/GGEZGRmBZVikMwHVx9OhROI4DTdOQSCSwcuVKxONxqKrKw/F0XeftI+VS6eltpQE6tU80Q6dtRAhZloVIJIJQKIQTJ07gwIEDsCwLilLKtlhXV4dcLodAIIBMJsPrMgyD95uqqsjn87zvGGOor69HZ2cnQqEQ7rrrLrS2tmLZsmVoamrCokWLYBgGTpw4gQULFiCfz2NgYADBYJATY6lUireBwjkNw+Ako6jGovElgm8qBVW1uSeOsfhdDGv0k6OWMfHP36GTA9P+PUhISEhIXNj44Ad/CwwMg0NDePTRR6EowKJFC7Fly+XcH4oxIBQKlcmr6U3eGStFu+14aid6e3qQzWahqioWLuzAkiVLkEwmEItGoWnV1zvlUgAoiMfjeMcN74AeDMKySipnvfzArBQuCIyPj+OZZ57DkSNHUHA97Nr1NJYtWwqtZhmWwt9rsM2qCspQ3NXVBdt2EAqFsWHDeixZuhiRSASO42DXzqdx8OAbKBQ8vPD881ixfFlNSi9/G2uDaPJeejmugx/+8Ec4deoU8vk8YtE4Nl22EQsXdSAUDiGXzeKXO5/GG28cgecVcWD/QaxYvoyvs6asiTF4XhE7fvlLDA4OQlVVrFmzGlu2bEZDfT0PR8znHQwODWHnzl04dOgNMMawffsVeMc7rocWKD0gO5vQTwkJCQmJ6pAElkRV9A6lSjJxAC11kVIWG2UiI101b6pq5AJBVG75zdbF40mCTuocMgUHwFVIdCyphRobG2EYBjKZDBzH4R5RjuOgWCwiHo9jZGQEuq5XmIQbhsH3EZVDYp2kgLIsC21tbfA8D7ZtI5VKYXBwECMjI9x8nUIYNU3D6OgoGhsbsWzZMrS0tMCyLK7AEv3CSGlFKi/xvHVdRyqV4gbvZOpOoYau68K2bZimyYknwzCwbNkytLa2Ip1Oo1AoYGxsDKlUCpZloVgsIpFIwLIs3pei/xcZy9MYNTQ0QFEU1NfXc8VWb28vHMfBqlWr0NXVhUgkghMnTiAWi2F8fBwtLS3IZDKwbRvPPvssFEXBmjVr0NjYyLM/Un+JIYv+uSQSmNVUfn4Flwg/mSWSZXzuFT0koyZGUnmksjaGxrKoj4dm8dciISEhIXEhYN36kgroZGcnHnusRAjV19dj/bq1s7E/AlBSaalQcOzoUZimibVr1+Caq7dj3rz28vbpCp7IvhcOW9h+9VVn3JsxhtaWFnzlq19FJpPD4NAQbNuBFrZm2HI24xyMRHkxxnDk8BFYloHLN19W9tFM8vYBQCKWQHd3N0ZHx9E/MAzbtmEYxoSayl9xxXdW/l4DvVZBNDIwpdRG1y3g6JGjiMUi2HL5ZlxzzXb+4E5sZ1dnF3L5PEZGRuA47rQElqIoyNs2Oju7wBhDW1sLbr3lZsRisYqTME0TiUQcjQ0NuOeee9HT24eTJ7vg2AXo4WAl5yYhISEhcc4gCSyJqhA9gba+bf6ksCxCtfAs+j6VAbdY1lT7iSSPfx9RrTM4OIjLL78c3/rWt2CaJq666ip4nofh4WF0dnZidHQU2WwWpmny0DsKJySlEal+aFEjqsAojFDXdViWBcMwePsLhQIcx8Ho6Cg8z+PZ+sjYNJlMwjRN6LrOQ/mIGCKTdvoshkVSfZ7nIRQKceKOSB8KKaS+IPVZJpOBYRhQVRUNDQ2IRCLwPA/Nzc0VHlQUVkl10Wex/8lji8xJT548iaamJnieh66uLuzfvx+maSKZTELXdTz//PNobW1FMpmEYRjo6+tDT08PVq5cifHxcdi2zdtAIZoAOFkoKvHoPP0Q1VSkrvIrs2g/UlyJSi6aV6Kq76q1HfjR04fKc34Q9fEFM/9jkZCQkJCY82hvb8dHP/r7MA0DtaWzmwkq2Y5oNIxwOIR0OgunfP2cWVlng1Ib2trb8ZEP/S6isbAvhK6EeDyGcCiEsbHxstVD+Tr8piTeK60ZVi5fjvfcfhui0QgUZbI3azwehxUKIW/bKHgFMDb9uDHG4BUKyGQyYAxobGycRF5R+QAQj8dRX9+Ant4+pNNZFGY0VhISEhISM4UksCSqQvQE2rC0BQAqyAC/fxXBr5Qh0oLIKNGTiPYRVVh+3yMxW51IWFBo3fj4OBzHwSc+8Ql897vfRSQS4eoi8nKiDIHkgRUIBDixZNs2gsEg94kgU3PGGILBIG8bhdoB4GXQuS5cuLBCSaUoCnRdh2EY8DwP+Xwe+Xy+gkByHKdCXUTnSAoov4qNDOcBcNWVGGZImQwpiyGRYHS8qF4j7y06hvrTtm0+hp7ncZUakWOapqGrqwuapqGtrQ27du1Ce3s7ent7EYlEEIvFkM/nsXfvXtTX12PVqlU4fvw4li5dimg0Ctd1EQ6H0dPTg/r6ekSjUa4mI2UZ9QnNAVJpVZtv4nYAFSo2kbwSiUHxN8YYLl3eygmsw12D2LxaElgSEhISEpMRiYTK19HZMzT+NVSlektcG/1f9t4sOLL7vvf7dp/us/Xe2AcYALNzZriNOFwkilZkS5ZsWddVjiQ6V46TlPOQqjzcqmxVyZOTqlSShzzmwUr5lu5NXLpyRaZdMiVZCylRImWuM5qVmAWDwY5G78vpc/r0koee7w//BkfijERStPT/VLGAQffZ/qdBNL74fr+/Yd8T27zu9n7r/WHvHBYXF5BMJTGcvvhOOxX/GDg8NcWJ/4FYjoZrd/LUSSSTCRGv3un+j8KIvtPB/YsY/kENiN6JnPZ6ffR6e07x0T/YsuO1O7LtB7cOGo1G89uHFrA0d+WmMoHwgYXxkR/6qsOF/yaqI4YxONUtpDpt3hHpUpw/fB4jZ3yMwlEYhvB9H1NTU4hGo/A8D7lcTmJujuMgk8mIGysMQ3FJ0aXUbreRSCSkS4rdVoy4UZRKJBIwTVOEHvZHURBixI+uIn6N50lRSV0zAHKuvDYKN8CeSMV1oxgH3Ck/9byRGCU7tSjM0MrPaKRqmVe7odTH6HziuUSj0WEc4I4gV6vVxL3VbDaRTqfxs5/9DAsLC5ifn8fy8jLGxsZkbTzPQzqdRj6flwhnqTR09tG5ls1mpWQfgFyLer6qSLU/xqq+nvi62f+a5Jrt/8tsNBrF8YM55TWvJxFqNBqN5ucxQCQ6jL79MuIEf4YHQYDLV97G+voGPM8b2T9jcv3+ANVqHR98/ozvz/jvd4pX+3+Wqs6nD86BRd453EWF/7yfLqrh+yIDqXQKxVIFW1tbKBQKmJ6efscfYAFgY2MTO4VhZ2wul5X+K41Go9G8P2gBS3NXtooN+TyfGpZyUjRQXVX7o4X8Gh0/FA74UXXXqOIV3TPsnFLfjHB7urNURxadWCxYZz8Vpw1aliViEgBxOQF73U88V8bb6F7aH0ujeEVhSCWVSo1cU7/fR7PZFEGGHVbqGjA+53keBoOB7JPRQgp23I77ZWyQ0UTGIoMgQDKZBABZS0Ye6SbjGvJrvu8jmUyi0WhITFGdWsQCe4qR6XQaOzs7KBQK2N3dxUMPPYR+v49vfetbIgw+8MADSKfTuHLlCoIgQKfTwcrKCg4fPoyTJ0+KMLe7u4t6vY50Oo1UKjVyDXSoqfdILf5XY4d3c/Wp4pYqGqrrbxgGJjIJeWy7tPea12g0Go1mFEWcGelvuvcpf5VKFV/5ylewW6woX8ewJV5Rfga/LvfOYP8/PswlTu+PUhaJAJZl4dixY1hb28Du7i6++tV/h0996tM4fPgQ4vHhe8gw7OLmzWV873vfQ6VaQywWxwMnHoBlmb8GIU+j0Wh+e9ACluauNNuBfO5Ye7E2FoyrDhd+jSIC+6QowFDUomiwPxZGZxPdQOrj6r7V41NM4v5efPFFZDIZbG9vo1AoSAdUNBrFoUOHsLOzI6IIHUWmaYrjSZ0GyHNXY4PAntNKFbXozKKgxigc43d8TD13YChS9ft9BEEgx1YFJm5nmubIVD/P82CaJoIgQCQSkXPtdDoigPHrvD6KV1xbbk8xj/eLpfDqfeJa5XI5VKtVjI2NYWxsDL7vo1wu48KFC3AcR87dNE1cvnwZjUYDtVoNrVYL9XodTz31FHzfl31WKhUMBgPs7Owgm81KrDAej6PZbMK27ZHOD7X4n1+/W9RS7WdTp0jujw/wNalOImy2O7/Mt4pGo9FofksYlXLuT9wZDCL4p3/67h3xKoJkMoFHH314+AecO/XpkcgA0aiBbq+Hl1/+Ker1+nt6/u9K5L3u9no/ef+EtWg0it955hlsrG3iytWrKJVr+Prf/n8jdQ7dbld5zxHBgw+extmzZ2AY0ff79DQajea3Gi1gae6K+su8GdsTq/aXYKu9WGS/lZsCAx00dEDx63Qpqa4Zij50/vAYFGBUF1YQBNjd3UUmk8HKygoWFhYwMzMjMcNKpSK9WCxSt21b4oIUxIChUOL7vvQzdTodJBJDlw6jiXzDwoij6upRnVWM9TECSJeX53nodDoSY+Q60llFQSuZTCIej8O2bdkmlUqhXq8jFovB8zwkEgmJQTLSyNgmI410YbXbbRGz9q/zXpfF3j0x74z2NgwD2WwW+Xwe/X4fm5ubcnxVcKxWqxK53NjYQKvVQr/fR7Vaxe3bt3Hw4EFcuXIFg8EAZ8+eRalUwoEDB1Cr1eB5HhzHQS6Xk3Wk4MjOLoqhfO3wtci143N5H3mP9gugasw1Zuy9w2x6e6KtRqPRaDTvJc1mE8vLywAA04zjz//8y1g8tIDIABiWkkNKxoNOF+fP/+yDF7A04Ftay7Lw0EMP4tbKCmzHRjweGzrrOx0gEoHrOkglk5iensQDJ0/i9KlTsG3rF+9co9FoNL8yWsDS3BX1l/mYERWRAMA7yrCBd5avq48Be1FAloOrsTq6fVRBgo4hdlfRvcTPKU5ZliXi1c7ODvr9Pk6cOIFWq4Vms4lOp4PJyUnEYjFsbGxIJxSFMDWWCOyVnVPwsSxL+qgoQKkRR7qXLMuS7ihGFhnvU4vW2V9FwYdCFs+FYh5FtmQyCdM0pbQ9DEO4rgvP8+Svf2EYjog7qiOMDq1YLAbbtkWwYuyQ0TwAsh8KaJ7nyTUnEgmcOXMGL7zwAkqlkjjPuI16zZFIBJZlwfd9BEGA1dVVOI4D3/dx+vRpOI6Der2OiYkJeJ6HdruNq1ev4pFHHkEul0M6nRbRkWtIx5nruiNRVWDPdbX/I+HrVY0TSseXqR1YGo1G85uGan4ZDAYY4Ndfqs0OSQBIp1OYnplGRArShxFCFoAP0IfOoP16GN6DYSXFK6/8FL1+D5/73Ofw0IOnRt7/jU6iHODDH7nUaDSa3wy0gKW5KyMOrPhenEx1wBAKJoQijtrVpEa99jusuC3L2On6YQE6nUOcLAgAjUYDruvC9335fHt7G4899piMPKaQYts2fN+HaZoiivH8u92uuLxUgY4F6f1+XyYTUvCxLAudTkccTrwWdU3oHuL6MLZHJ1a1WkW320UymXyHGMaeLQp27OWiUERRJ5lMotVqwTAMuK4rogywVyKvijz8nD1jQRBIgTqFJ/V+0NHFCYWlUgmDweDOaOm9uGMikUBwZ8w3C+/r9bqsG4WsMAzx8ssv4yMf+chI15hlWZiZmcHrr7+OMAyRTCZRKBTE8ZXNZuXeJxKJkfPjGqk9Z6qbjA451eGnvk7j2oGl0Wg0v+FEfu3iFcA/7N2J+RsxRBFFJBLdV6UVuSO2aX7dlEslVKpVmTIYibybQKXvmkaj0XwQaAFLc1dGHFjRCDB4ZyG26oTZL1BRGKLwxegco3mqUFKtVhGJRJBMJmUSIAUoxg2bzaZMI6SbSHV/DQYDhGGI+fl55PN5RCIRzM3Nodls4qWXXnqHyykIAqRSqZH4ImNp/EgRiXE6VQBSnVuM6FGso8gFQEQ69jbRReX7vjisDMNAs9mU9aWYNhgMUCqVpHOBohHdWa1WSwrYx8fHR6KA6n2h+MPSdtM00W63R/q4eF7qubKjK5lMIplMot/vy7nx67Ztizg1NzeHUqkknVj9fh+u66LZbGJ9fV0ihvV6HWfPnkW73caBAwewvLyMN998E4uLi7h9+zYmJiYQBAGuXr0qIt3ExAQymQyazSai0SiazSZc15V7SYcc153Osv0OO3VwQL/fR9zQDiyNRqP5TYN/QAIiaDYaynuXAQC6le9lT4N3FKzvca+CxR0HWDSC6J2f5b7vo9PpwLLi8hweolyu4lvf/i62C7t7p3xfbqw75zX4ZQSV+9nmTlH54F4LyykA3e3rvyz3fg/ulcFw0CRM00LMMNDodPDNb/4jlpbexoEDs5iZnsLU1NRweE80IpnDof44OqBIo9FoNO89WsDS3BX1l/loBEAkOhIdZPRP/Rqw5zyiQLW/2Fx1+rDM23VdEaoYWWO8ju6tTqcD13XRarXEgl8sFuF5nji9jhw5Atu24TgOwjDE9vY23njjDaysrGBubg7RaFT6pJrNJvL5vLivANw1Tkfhhl1VwN4bY147+5rUgnk1tsbrBiAxOxaVq6Ic98l1o3OL++RHXq9lWbJ2jFNyvVzXlXVSz4lCIq+j1+tJCfz+SCePZZomMpkMZmZmUK/XRSDjdbOwvlqtAhgKktFoFI7joN1uw3VdJBKJO2/Wh2IfnV+vvvoqDMPAwsICJiYm4Ps+jhw5gqtXr6JcLqNarcrUwk6ng0wmM7KfMAxh2zYSiYR0j/G8wzCUji4AIzHCPbFVfc1rB5ZGo9H8JuC47p1JvV3cunULl69cxdzcLIw7P+Nt20E8bvyKIsP9iSe2YyOTSaPZbKFer+Gtt97C4088DvtO5L5SqeDq0tt4+SevwPPaSDgumi3vVzi/X4bIvs/f7Rrv8vgHqtvc68Ei+z6+O/mxHI4eO4o333oL9WYDb7x5DnjjLfmjbCLhYnp6GjMz0zg4N4vZ2VmMT4wjqoUrjUajeV/RApbmrqgC1gADDO7ErxjJ2h9P6yuPd7tdKRhn5C0SicD3fQCA4zgy7Y6iCQWFZrOJdrstjqBMJoNqtQrHcZBKpbCzsyOiBgDcunULsVgM7XYbhw8fln3VajW8/fbbqNfrcBwHsVgM6XQahmGgWq3C932JEqqClBo7Y3RO7Y7i89QoH4USOrbU/XG7WCwmMbtisSh9X5ZljbjMLMsSN5YqiHEN1b/sqY6sIAhkSqJaIk/XFPu3VCgqAnuxOx6LYl4QBHAcB47jwDRNZLNZWR92hFHAZD8ZrzOVSsl5t1otdLtd2LY9/KvlnV6tSqWCSCSCra0t7O7uwnVdPPfcczh27BieeuopvPbaa7h69aqIefl8HpZlIZvNolKpIJ/Po91uy73kebPjDBiNU+4fMKD+VbbpaQeWRqPR/CaQy2YxO3sAt27dRtDp4N/9u//nTgQMwGCAL3zhC3jiibP3trOI6t765YgAsE0LTzzxOP7+7/8BA0Tx/Le+g+e/9Z2RwSLAcBLhMx//OMYnJvAP//DNX0IQGuw77/vdNKL8F8XPv+7BfZ7bO3/u/uq8y74GUci13KMjTTrJBgMkEsNp1oNu704S4c4fbAcDNJstXL+5jBs3bgIYvo/62Meewh/+wR8gHte/Xmk0Gs37hf4/rOaujPQB3XG6sCicnwN70/OGTxuIiMKYF6OAvV5PxA8WhVcqFeRyOTQaDRFqgiDAuXPnEAQB0uk0FhYW4DgO1tbW8JOf/ATz8/O4efMmarUaVldXkUqlkM/nAQwdRYcPH4bneWi1WrAsS0S0TCaDyclJmehjGAZKpRISiQTi8Th83x9xjlFI4tTBRCIh504Bj3FEiiEUsviRMTVG89jjxcgk3V7RaFTicLVaTQSiZDIpXWJ0rAVBgHq9LoIVBTLf92Xtub5qcb46LVF1V/H+8b5SlOPxms0mUqnUcMx3NCqONIp9dEPx+BSx+v2+uOtYcN/tdtFsNlGtVlEoFHD+/HkAwz6zZDIpEcNGo4Hd3V34vo+ZmRl84xvfQDqdBgCcO3cOn/rUp6Skn1MPeUxGPnnd6gRMvkZVEUuNxGoHlkaj0fwmMIyq/eEffhb/9t9+Fe12AKCPwWDPdVso7Nzbngb8w89oR+b9M4whPvbYR7Bb2MU/v/oqut0eKOoMBgNEMMChQ4fw+5/+FA4dXsTa2hoMg/HF+xV9+neibXs/r9/tvAcDIBIdCmiDO9sO/7v7dpyaOEBv5GfpL0Z1dfV45HvefnDnRHl+kcjg50ZBBwMMzw2DO/fx3tew0Wjh61//Oq5fv4mxsRy++KUvYXJiEr7vo9VqwWu1UKlWsb2zjZWV29je3kav18dPX/lnzExP44knHr/nY2k0Go3m/tACluauGEYUvd7eGzbTNEecUqo4osbeKGpwAh6FDTqWer0elpeXEQQBNjY2MDY2hmg0isnJSTSbTXzta1/D448/jkgkgkajgfPnz6NQKKBUKmFiYgK7u7uo1+sSw1tdXYVpmlhcXMSRI0eQSCRQrVbR6/UkWpZKpTA9PY1kMilRPgo53W5XnEQUedTeK+6HU/CGkYSOOJvU4vD9nVyc5heNRmU7Tu5jcXq73RaHUrlchud5I2IWO6c4SZCl9ru7u8hmszAMA61WC77vyzHpPAIgMT9OI1SvWxV8GCOkKMfnhGEoQmAymUSxWBxx3rFziq8HusnCMBQXnu/7ct3lchmZTAb9fn84jjoMcfbsWVy9ehWe58l94PXMzMxgbGwMFy9exPj4OGKxGK5fv47Z2VmUy2Xp0aKQpUYl1W403i/GRdX7Re75/bdGo9FoPuQMsLC4gP/+v/tvce7cORSLRQAR2LaNbDaLQ4cO/eKt7/wcyefzePbZL2IwANJ33MP3fyp7nVuWaeKP//jzeOyxj+Dtt99GrVZHNGIgl8vhyNFFzM4egGEMqwWmpqfx7LNfAjB0rt8ryVQKf/If/wl63S4y6ZT8XH43IhFgZmYaX/rSFzEY9DExMXbHtXb3a45Go/j9z/w+vHYbZsyUYTLvLpQNMD4xji9+8Yvo9QYYn8gjcuePTO+2HTDAqVMPIJfLA+hjbnb2FxxvgEwmjc9//nMIgg6SCRe2bf6c56rHAS5fvoxrS9cQiRj4+MefwcL8QUQigOuayOczoBgWQQT9AXDx0mX83d/9HbxmG9eWruPhhx+G41jveiyNRqPR3D9awNLclaRjotYcRv6iUQODQX/EfaX2W1GEaTQaME1Tirs7nY44dOLxONbX1zE2NgbbtvHaa69hc3MTZ8+eFZGhWq0in88jGo1ifn4ef/M3fyOiRrFYxK1btxAEAbLZLBqNhpSg+r6P9fV1PP3009LXVK/XZaJdPp/H7Ows+v0+CoXCiChEYUjtmQL2+rAoXlmWNeKEortKnRZIRw/7qCjYMeZHUY99Uf1+H57noVAo4Ktf/Sp2dnYQiURw4MAB/MVf/MXeX/o8T0TAeDyO5557DktLS5idncXnP/95EX24b1VgovuIAhwFRwAixHGyY6/XQxAEIsw1m00AEMHJMAy0220RwbgmQRDAMAw4jjMyfZETCxk3jMViyGazyOVyaDab4qC6ceMGtre3kUgkYFkWcrkcbty4gXq9jrm5OSwuLuLKlSsYHx/HhQsXYJom0uk0rly5IuIaxTkKbRTs1Chqq9UCgJE389GoIZ8n3Xd/Y6vRaDSaDzsRRCIGIgDS6RQ+8Ynfuf893BFFHMfBmUcf/VVP5x37PXhwDgcPzv3C4zu2jUcefui+D2dbFh556MH73g4AMpk0zjz68D09NxqN4uQDJ+77GJFIBMlEEo8+cm/HUbeLIILpqSlMT03d0/Mdx8HpUyfv6zj9fh/rG5voI4JkwsHMzBQiESVaONw7cMfVFYkAiwvzyGVz8Fo+ao06gqCtBSyNRqN5n9ACluauJBQBqz/Y68Cik0WNv9m2jU6ng1wuh2KxiFarJdPhGGdjoXir1UK9Xsfm5iYefPBB1Go1NJtNHDx4EJubmzh9+jReeeUV3L59G81mU7aja6nX66Fer8M0TelF8jwPtVpNfebn9AAAIABJREFUJuyxNyubzSKVSmF8fBzAXvk6S94BiCOHj6t9SWqnEo+vRvEYtYvH4yJ+qYXpnJRIUYxRu9nZWaysrKBSqSAIAuzs7Eg3FCf7/e3f/i1+93d/F9lsFsBQbNre3saLL76I7e1tjI+PY35+Hru7u2i325ifnxdxUS2GV0v11fJ8imsUsChm0aHG+2YYBmq1GhzHQavVescUSsYY1Y4zRgwZt2QBPs+jWCxKz1Y8HkehUECn00EikUCxWESpVBIH3CuvvIIzZ87AdV1sbGwgn8/j+vXr4iBrNBp47rnncPr0aSwuLoo4SDENgBTJU2yNx+NSDK/+YpHUbzY1Go1Go/ktR33PO5A0wjsZ9oNFIne6YEds3LrIXaPRaN4vtICluSvqL/MDYGSaGyNpFEJisZiINpZlIQxDVCoVVCoVjI+Pi+tnbGwMr7/+Ot544w2JC87Pz+Ppp5/GN7/5TfzJn/wJvvGNb6BQKEiELJPJoFwuiyOIokm9XpfC8VgsJkIYy8tjsRjy+Tyy2Syi0SiKxaK4f+h0oqOI0+kolnmeJ3Z90zRH4oQsdd/fc0WhSC1UVwUj0zTR6XTgOA4mJyeRzWZx7tw5jI2NAQCOHz+OMAyRzWbFUbS2tiaOpzAMcePGDUxPT2NqakrcYDdv3kSn08HRo0flfoVhKNMIGSekCEenEq+ZAhZL7bmd7/toNBpSYF+pVETUwp3XQxiGqNfrSCaTiMfjI8X87OKiEy+ZTIogSBHU932kUinpH2N5fb1ex2AwQL1eRywWw+XLl5HNZrG2toZ4PI7p6WmcOnUK6XRaXiuXL1/GwsICCoUCqtUqxsfHYVkW0um09LAxNsjzGL6m995wJh3twNJoNBqN5reZaDSKVCp5571QG0vXrmFhcR6xmLGvRmtYED/o93Ht+g2Uy2UMMEAqlYJp6fcTGo1G836hBSzNXVF/me/1B4gM+lLwrZZ4DwYDtNttNBoNBEGAZrMJwzCwsLCAbreLixcvIhqNYmtrC9vb21haWoJpmhgMBiiVSgiCQISVr33ta1hbW5Mphiz0VruWKJCo7iKKUbVaTRxRrusiCAJxAlmWhfX1dWSzWTiOg3K5DMdx0O120ev1pLCdYgsFHjVSCEC6q9R16HQ64gijMMLJjBRNOJmv3+8PLe2nT6Pb7d4p/uxhenoac3NzSCQScBwHlUoF3W4Xm5ubsq/JyUkkk0lEIhFUq1VUq1Wk02mMj4/DdV05H7X3ig4wFu3zHLmWFO0Mw4DneeKs4z1h1HF2dlbWQe08YxyCzi/P8+R+8HjJZBKWZcEwDBHy6BBjHJVuKdu2ceDAAeRyOZTLZeTzeVSrVVQqFZkiaVkWnn/+eRw5cgSxWAwPPfQQcrkcXnvtNeTzeeTzeVmLjY0N5HI5GRgQjUalkwsADGVSUNLVDiyNRqPRaH6biUQiOHz4MOIv/Rhh2MWPfvQSbty4gdOnT2NiYgK2PfwDZ9jpoFwuY+naEm7evIlud4BodPj+17bsX/NVaDQazW8uWsDS3JWEImC1Wj4S9jD+RVEkDMORsk46awzDQKVSkQ6ol156CbOzsxgbG0OxWMRDDz2EUqmERqOBiYkJVCoVbG5uSjxtenoa6+vrGB8fl/4nuo0oSjDaRncTMHSFlUoleJ6HZDIJACNOoF6vJwWjFFLorKLziPE/3/clZkanFcvReS6qSAVA4oMUttglxUJ7xh/pUjtw4ABc10W1WpV4ouu64vxSBTN2WLmui6mpKcRiMSQSCeTzeWQyGWSzWSSTyRFhhuenHheAFLSr5x6GoUzuo8BFYS+VSuHgwYOYnZ1FEAR49dVXRbii2MWCdq5fJBKRLi6uaxiGSKVSIljRWcZie9UZNRgMsLS0JK6sVqslDq6xsTFsbW2JWPrkk0+i0Wggn89jc3NTxLGZmRkEQYBKpYKxsTGk02npPeP9DsMQPb8rr3PtwNJoNBqN5rebwQA4fPgw/qNPfAI//NFLCMMO1tbWsba2MfK8yODOhMhoRN4Pnzp1EmfPnv0lJ1VqNBqN5l7QApbmrqi/zPcREZFD7VaKx+PijqHL6OLFi1hcXMSFCxewvr4uEa4gCHD8+HH4vo9qtYqHH34YN2/elD4r13Wxvr6O27dvi8OKU+0YywP2+pV6vZ6IM3xepVIZif9RsMjlckin0yiXyzKRjuIJhRa1K4pxOxanAxCnmWVZI84mxvEYbaS4p+5rvxsKgMTbWJjO62UZeiqVQqVSwdraGhzHQSQSkQJ8lsS3Wi2J+KnTH+PxuJwrhSl2TlEs6nQ6IjrtX9cgCEQIMk0T8Xgcnufh6tWrWFpaEldZPB6XaCWFIfVaeBzuq1QqSWcaMBT9KLolk0m0222Uy2WJHXa7XaTTacRiMezs7CCVSiGRSKDRaGBjYwOHDx9GpVLBxYsXkUwm8dRTT6HX6+HgwYPI5XIIggCvv/46jh49KpMpZ2dnRwYRdHoR5TWvHVgajUaj0fw2E8EAhhHBpz/9u3jggWN4++1rWFlZQbFUQavV2usKjRtwXQe5bBYHD87hxInjOHLk8MgkaI1Go9G892gBS3NXVAdW2O3BiUVE8Gm1WohGo6hWqygWi1haWhJn05UrV2AYhpSLZzIZOI6DfD6PGzduoFQqYWJiAv1+X1wzxWJRCs8ZF4xEIpienkapVAIwdCLV63UAkIJ2CmnsUOp0Orhx4wZs2xbXj2maWF5eFqGLAg/FL4oudACpDit+jSKP2vtFdxZdWYzMqS4knhfFPYBjoIcwSslzYf8Uy+9TqRQWFhbgOI6cD/fDyY4sJacDTO24okBFhxSPo05NZME6xcn9McTBYIBGo4HNzU1cunRJ1h0YLWuno4pdYqpIRsGq2+3K53R6qU43dYpjr9dDIpGQ49i2DcMwMDk5id3dXTiOg8FggGw2i3q9jvX1dVy+fBmJRALZbBZzc3O4du0aUqmUdGltb2+j3+8jlUrJ620Q3Svx11MINRqN5l82/Bmj0bwXnDhxAidO3P+kRY1Gswd/19Bo3iu0gKW5K6obxQtCZF0b3W4XzWYTlUoFnU4HtVoNnufh0UcfRSwWw9LSEj75yU/ir/7qr2AYBp588klMT08jn8/j3Llz2N7eRhiGUsJtGAaWl5extbUlEwcTiQQsyxJxhBMN1WmBANBoNCTKxrhbu93GxsYGjh49Kh1Y8/PzSKfT2N7exrVr11Cv16WHqtlsAtibREhnDqNxdDjRBaaWtvOYAMSRBEBEpEQigSAIYJqm7I8TDQGI6AMAQRDI2tKRNDExgWQyiX6/j1qthn6/LxMXeTy6vij80F3muq64vtRzo0uKx1CnRFK4Y+yx3W6P9It1Oh1MTU2hWq3K+XPN9hekJxIJEZ3UwnQA8H1fnGBqhJEiIJ/P//r9PrLZLCzLQrvdxtraGnZ3dzE2NoZSqYQLFy4AAFKpFC5duoSTJ09id3cXOzs7WF9fx0MPPYRer4fd3V3cuHFDutl4ra1wb7qQjhBqNBqNRqPRaDQazYcXLWBp7sr0WEo+rzY7aBXX0O/3MTc3B8MwcODAAdy6dQvNZhOu62JsbAytVgu5XA5HjhzB9PQ0nnzySdy+fRu3bt3C7Ows1tbWcODAAZw6dQqXLl3CxYsXpdeoWq0iHo8jHo+j2WzKhDsA4hSi+4kRQwAidEQiEaysrOCZZ57BD3/4Q5w5cwbXr19HqVRCNpuVa2F0b2NjY8R1xZ4rChvszlJdQTwXx3HE+UQRhq4nfqQ4xCl/jCOqkxzDMITneRJFtG0bk5OTOHjwIPL5PBqNBqampgAM3Vo//elP0ev1xHXGXiyKO/l8XmJ5dI5RnKN4BUCulTFHnmsYhmi321JK77ruyF+zU6kUrl+/DsMwkMvlUK/XRei6mzBHeBzGT/mR58XOLE5f9DxP4pW+76NUKiGVSknpfTQalWOsrKzgxIkTKBaLSKVSWF1dRb/fx4EDB3DixAmZTDk7O4tEIgHDMJBMJqW0v1TaO1f1Na/RaDQajUaj0Wg0mg8XWsDS3JUjc2Py+bXVEoL1t3D27Fn0ej04jiPCyOOPPw7f97GxsYFOp4NLly7hwQcfxJe+9CU899xzmJ+fR6lUgmmaqNVqOHTokHQsTU1NodfrYWtrC6dOnZLIGh1AdOBsbW3BNE0RsVzXlU6ufr8vbh52XOVyObz44ovS0TU3Nydik+M4yGQyWF1dFcGJDiL+B0DEn263K31fnU4HiURC/g1AxCmKbI7jjHRjMbqnTm7sdrsIggCNRgPtdhvJZBLVahWlUgndbhc7OzuYmZkRkaXZbGJ1dVVEtMFggFwuh9XVVcTjceTzeXGJZTIZ+L4vJe48Vxa3M+IYBIGIbzy3WCyGZrMpBe9jY2PSv9Xv95FOp7G+vo7BYIBqtSrinnoPuHaM+LEYXp3eyOfGYjGZTthoNEbK5RkNpIiYSCRQKpXQ6XRQr9fR6/WQTCbR6/Vw69Ytcen9+Z//OV599VVcuHABsVgMzzzzDI4fPy6vz8FggPX1dREQl26Hymt+/P3/xtJoNBqNRqPRaDQazS+FFrA0d+XYwb1f5l+9soZ/9eA8JiYmJBa3tbWFW7du4dFHH0WlUkEYhshms5iamkKz2cTly5cBAMViEQ888ABu3ryJZ599Fmtra+JeMk0TpVIJ09PTSCQSIrww8pVIJETEMAwDiURCurcYfaNAYpomut0ufvSjH+HLX/4ycrkc1tfX4fs+MpkM+v0+lpaWcPbsWYmq0aXEaB+dQgCkj4pOJXXqIKONtm2LIEMxjCXyFNhs25aYIzB0PwVBgHa7Lb1TGxsbqFarI1MDG40GgiCQcnpuz1L6QqEg+9re3hYBzTAMWJYl/VKxWGxE7ON+eE6M9KndWMBQ1NrZ2UEul4NhGGi1Wjh37hxqtdqIKEXBj6XuXEd1eqK6xhQGU6kU2u22XHO320Wr1RKn2tbWltwPRhL5GolEIojH40in0/A8D+VyGdFoFCdOnEAsFsP4+DgmJiZw+PBhjI+Pi/vMNE10Oh3Mzs5ic3MTg8EAbyxt3fU1r9FoNBqNRqPRaDSaDxdawNLclaOKA+v8zQL+6z94CkEQwPM85HI5lEolPPXUUygWixIHW1lZwdTUFMrlMiYnJ3Hy5Ek0Gg0UCgWMjY0hlUrh2LFj2NraQiwWw/LyMmzbRiaTwenTp3H9+nUsLi7ihz/8oThkyuUykskkut0uxsfH0Wg0YJqmOLH6/T6CIJBy8+vXr+ONN97AsWPHMDs7i3q9LqLSzMwMer0eWq2WFKwDkNJ4upAopLG7iaIOI4ymaY7E5jjBENgrZqdziPulEBYEAVqtForFIlqtFrrdLnZ3d0WUASBT+IC9iCSFIbrf2HVFarWaRARnZ2cRj8dFIKNLik4p9mV1Oh1EIhEpdAcgQl0sFsOFCxeQTqdhGAauXbuGjY3hCGl2j/E6Vdea7/tIpVLo9/vIZDLwPE/ELjquWMhPIYsiFWOB3B/F0v0TFC3LQq/XQ6VSGSmbD8MQP/zhD1GpVLCwsIBYLIZkMont7W3k83lEIhGsr6+jUCiIq+vli+t3fc1rNBqNRqPRaDQajebDhRawNHdlZjwNM26gE/awVmgik8mi0ajDNE1sbGxgbW0NY2NjSCaTME0Tvu/jzJkzWFhYwO7uLubn53Hx4kWk02lcvXoVhw4dwte//nW4rouTJ09iMBhgfn4elmVheXkZ8/PzaDQaePnll7GzswNgWKLOuCCjhuyUUkUUNaoWhiGef/55PP300zh9+rQIObZtI5VKoVgsolAooFKpIJVKybhj7oMF7BSlKB5RJOGEQtWtBEBEGsYe6SQijEBGo1GUy2VUKhU0m01xIfEcgL1YYiKRgOu6iMfjIuJFo1ER8drtthS1s8Nqe3sblmVhdnZW9ks3VLvdRq/Xk0ij6qBidxUdZt1uF9evX5fpgnw+o5FqbJACIN1dLOFvNpuyDWOWdH2pAhyvi/1YpmmiXq/DdV1Eo1E4jgPf9xGNRpHNZhGPx9FoNAAACwsLaLVaWF1dRa1WE9FsaWkJQRDgT//0T9FqtTAzM4N8Po9cLgfP85DP5+H7AYo1D8Bw6uZ4NvH+fDNpNBqNRqPRaDQajeZXRgtYmp/LAwuTuHBjGLGqNlpwLUsiWOfPn0cQBCgUCnjwwQeRTqeRTCYRBAEqlQoKhQIMw4Dv+1hcXMQbb7yBM2fO4Pbt23jxxReRTqfxyCOPiNBw/vx5ETIymYxMu6MziW4idjixK4vCEYWXaDQK3/fx8ssvo1qt4ujRoyLydDodbG1tYXl5GdeuXcPx48eRzWZFFKOYRbcUPwKQ59i2PeIGAiDnpD5fFXQYnet2u6jValhbW0Ov10O9Xh+JIpqmKQXx3Hc0GkWxWESxWEQul8NgMIDruiICqZP/Op0OgiDA7u4u0uk0TNMUtxbdZOzBouOK+6BgR9GLPV2qSEfBi6JVEAQyzZDxwX6/L7FPlvKrTq1erwfbtkemI/K8AEgMMxaLyXo0Gg1YloV4PC4uLQqO7OZKJBJoNBp4++23xbX10ksvYWZmBo8//riU9tPF5nkeonFn5LWu0Wg0Go1Go9FoNJoPL1rA0vxcjs6NiYBlWEnY9l68a2JiAtPT05ienpa+pJMnT8LzPKyvD2NZruviwoUL2NnZQbvdhuu6mJ+fR7vdhm3baDQaEmErFosiMHieJxG8SqWCWCwmIg/dR+xC6nQ64nSigEXh7K233sKFCxeQy+Vw/PhxOI6DmzdvYmVlRRxCjOqpMUK6uegaYik5I3KMF+7vzlIdVxS5+BxgGDVcXV2VaX/1eh2xWEy6n8rlMjKZDEzTlOepwtj29ja63a6IaCwxZ6xQFfkajQZSqZR0dDFeqMYhgyAQt1ev15MOrTAMR8Q3NXpIIY4iGP+j84zCmHo8Co6M/lHUopjG87YsS84lnU6j3++jVqtJkX4qlYLneRJDbDQaKJfLUnQ/MzODW7duSaH99PQ0vv3tbyMej6NcLuOxxx7DzMwMbNsevkb2+tt1fFCj0Wg0Go1Go9FoPuRoAUvzc1FLrVd36jg6GZeOq7feeguf/OQnceHCBUxMTMAwDLz44ovIZDIijrDrKpfLYXx8HFevXpXIIV1G5XIZsVgM9XpdxKNOp4N0Og3btsU91Gq1REThBD3DMOC6rhSWUzRS421hGGJnZ0d6plSnT61WkyiiKshQuAIgBfJBEIi7Su1mAoaF73weBSs6o/h4s9nE+vo6NjY20Gq1pP+KrjDGAVOpFJLJJCzLkj4tOshY1F4oFLC2toZoNIqxsTHk83kkk8kRUco0TfkaRaputzviGuP+1W0oOKkiFteC90ftBeO+KBoBELcX14C9YfF4HNYdFx/dcxQdI5EIksmk3G/GMOnYoruMz8vlcrh69Sqq1SrK5TKCIMDNmzfFtdXpdJBMJnHo0CFks1mcOHECtVoN58+fx2OPPTZ8fbYHd32tazQajUaj0Wg0Go3mw4cWsDQ/lyNze7/UX14pYTaVwc7ODt58800cOXIEruvCsiyEYQjXdbG+vo56vY5isYh2u42DBw/iYx/7GP7xH/8RS0tLOHXqFC5fvozZ2VlsbGygVCqJeAHsdUBRBOr3+7BtG77vi2MH2IvzxWIxcfNQgKJIE4lExPlD4YpOKOJ5nkToWAbuOA76/T7i8fhIRJHxOgpKPBdG79ghpT4PGHZf1Wo1FAoFXL16Fdvb22i32xIdTCQSOHz4sHRccSoge6T6/T5835fYW6fTQb/fl46rdDqNVCqFarWKZrOJXq+HcrmMXC4n7qtYLCZTD7muPEe1GJ3F9t1uF41GQ0RCwggg4318vNfrod/vw3EcEb24lpZlybbqcemiY1cYxa0gCBCNRhGPx5FIJOQ+8x7Oz8/D932srq5ibGwMu7u7EqHc3d2V80mlUlhdXcWnP/1pTExMwDRN5PN5XLx4EdlsFnNzc/jZ9aryWtcOLI1Go9FoNBqNRqP5MKMFLM3P5cyJA/L58/98E3/8xNOo1WpIpVKYnp6G7/toNpsIwxDJZBKJRALXr19HGIYoFAooFAqwLAs7OztoNpu4du0astksyuUyCoWClIXTAUTByXEcVKtVcQ8xskYRir1YsVgMYRiOTPpjjI/PVbux9tNutxEEASzLksiiGrHjMSiYGYYhggyjixRyuA1Ri987nQ7GxsbQbDZFHHv88ccxPz+P6elpWVMA8nzHccRx5Ps+bNsWUS4ej4vQNTk5ifX1dXieh2q1CsdxEIYhDhw4IG4mACLw0Z1GoY1r1m63R66/UCjI+XB9VWcbr43Xzv2pzi6uG9eR8VCuAffrui7S6TQ8z5M+rX6/j3a7LX1ohmHANE3pVhsfH8fOzg5M08TExASazSZM05Rr6fV6+PjHP452u41qtYpDhw5hfX0dTz75JABgZ2cH33xlW3mtz/6q3y4ajUaj0Wg0Go1Go3kf0QKW5ufy6LEDSLoWml6Aa+sVpNJZpFIpjI2NiXBBEej27dtYXFzEpUuX8JnPfAbb29tIp9O4cuUKMpkMtra2UKlUsLOzg0ajIaLS/jgZJ/W1223k83kYhoFms4lIJCIiTiQSka8BkMgZHUIARsQrACOl6/w3hTHf90cm4nG/auSQBeZBEMB1XcRiMRFxOH2QAhD7viji2LaNXq+HP/uzP8PKygo6nQ4ymQxKpRJc14VhGEin0xgMBkgmk2i32/A8DxMTExgfH8fW1hYSiYTELtmbRXFnbm4ON27cQDKZhOM4KJVKWF5exoEDB0QUBDAi5ql9WWEYSrSPLqlyuSxrzbVQ3XIApLOMnzP2x5J3z/NEAOv1emg2m9JfxfVS74saZeR2nufh4MGD6Ha7KJfLmJ2dRblcljWm84xCaS6XwyOPPIKNjQ2JsY6Pj+Ott97C0aNHMTExAd/3MTE5hZW/vg4AyKUdPHRk+r3+9tFoNBqNRqPRaDQazXuIFrA0P5doNIJnHlnEt3+6BABY321gPDkUP3q9HoIgwObmJo4dO4Z2u42//uu/xoMPPohLly5ha2sLhUIBpVJJeprK5TLq9Trm5+dx69Yt5HI5rKysABgKJOwuojDi+76IXIwqstuIjivVGURxhQKJWiquojqKtra2cPz4cXEqMcpGx5UaX1ML23lsilnq4+xuooOMbq7t7W3UajV4nodarYZIJIKlpSUMBgMcP34cU1NTOHjwILa3t9Hv95FIJNBqtRCNRmFZFrLZLBzHQa1WQy6Xw+3bt1Eul+F5nghjFP8mJyfF/USRitdOZxRdabZtizDG6GCj0RgRrNT4H8U8Cnq2bcv0RLq7eGxgOGWQa8ryewpZXB8Kkrw3YRiiUqnANE20Wi25r6VSCYuLizAMA/V6HdFoFKZpwvM8cVkdPnwYY2NjuHnzJh577DHYto0gCDA1NYXvf//7OHbsGDpGUl4Pzzxy6D3/3tFoNBqNRqPRaDQazXuLFrA0v5Df+chhEbB+tlzCH5ydxY9//GMsLCzgxo0biEajuH37Nl544QXs7OxgYmICyWQSc3NzcF1XHFdHjhzB3NwcPM/D1tYW0um0iAzsUmJ8kFP3GFUzDEPEGcuyRlxSjKbRebW/NwuAlImrAgk/39rawuLionROUTwBIOIKpyC22230+32YpgkASCQS0lvFaB/dRrwe7pMl5Oyo6vV6MnXPNE3cuHEDYRii1WphYmICtm0jDENxnWUyGYng1Wo1hGGI7e1tlMtlbG5uisPJNE1YljUirHFiI8XAeDwuwpYqAPJ5jPIBGCm23y8Wci04EZCF+up60wmnutXoNKvX61I8z+gnz4NdW1w/wzBg2zZyuRw2NzcxNTUl55LNZpFMJlEoFJDJZPCTn/xEXgONRgPnz59HJpPB1atX4XkeXn/9dWCis/caP3P4A/hO0mg0Go1Go9FoNBrNr4IWsDS/kN95dO+X+3945SaO54ZxuytXruDYsWN46623cOHCBaysrMB1XVy+fBmNRgOtVgvJZBKHDx+GYRgoFou4fv06EomEdEGdO3cOqVRKhCE6bTiRTy1mN01ThKpoNIp0Oo1Go4EwDJFIJBCPx6UAvNPpyLb8+t0YDAbwPA+tVksmCUajUenWYgyQE/wYs6PAxo/qxD3VFUahiyKMbdtIp9PodDpy3MFggHq9jng8jtXVVRSLRezu7sK2bQBAOp2WKYSVSgW1Wk2cbyzC9zxPRKZcLgfDMERcAyATGlUBiWtF1xiFwsFggJ2dHQB7nV4Uorg/Oqe4hgBkoiIL2VXXHKOdjIHy2oGhCEjRkBFE7u/w4cNYXV1FPp9HtVqFZVlwHAfZbBaxWAyLi4t47bXXYFmWiIaxWAzlchmGYeCBBx7Aj3/8Y7k3Fy9exPLyMk6dOoUfLO0VuP/OGe3A0mg0Go1Go9FoNJoPO1rA0vxCzp6cg2XGEHS6eHNpCz87WEYy4aJWq+EHP/gBrly5gkqlgsnJSaRSKbiui3K5LGXuS0tLIqZUq1Vx1aRSKZimKc4mtQvLNE0p81aFFfZRARjprVLdQ3RYUWSh0EJUdxAAmbjHfTE2F4vF4HmeCG50aFFgoYBFJxIdY3wM2CuSpwjn+75M1aMYxP4rijqmaYqTyjRNFItFhGEoDq1oNCouLIpAyWRSJvfZti2RQAo7/I+OpWazKR1evB+qc6pYLMo68rpYvK7eC3WtU6mUXGer1ZI1oGuOfVhBEIhgpa5Zu91GIpEQ8TEWi+H69evIZrMYHx9HLpeDbduo1+uYmppCGIZYX19HOp3G+vo6TNNEKpWS9YpEIlhdXR0p/W80GjBNE4ePHMX/9foGACDhmDhzXBe4azQajUaj0Wg0Gs2HHS1gaX4hMSOKjz+yiB+8fgMAkB6fhWsMo26XLl2CaZrI5XI4duwYdnZ2sL29jWeeeQarq6sAhsXcmUwGlUrwKTUzAAAgAElEQVRlpGSdriqKIXRW0SHEr1G0UaN/FEEoprB3SY0R0jVEZw6/Duy5hki5XMbY2NjIZD4+jz1cnFZIdxbFNv671+uJCMZroeDF45umKUKWbdvo9/sIgkBcXa7rolKpoFQqiRjl+750g/F66FaiY4zTEXnMZDIp/VMARBTs9XoSIeQaUNhiZxgjjhT4uL58jNdiWdaIO02dbsj9NptNxONxifu1Wi0RGdm/1Wq1ZBIiz58TIVkm32g0kMlkkM/nEYlEUK1WUSgUkMvlEAQBpqenUS6XJerpui4SiQSKxSI+8pGPIAxDFItFeJ43dPbFlP6rRw8hGn1nT5pGo9FoNBqNRqPRaD5caAFL8678zpnDImDVBym8/db30Wq18NGPfhTf+973xFHz8MMP47vf/S5eeOEFdDodOI4DwzBgGAYymQyazebIdDm6bQCMdCGpziWKGYznUeQAIGXq0WhUXEdBEIj4QaGEziJ+zo/cb61WG+mJoihDQUudaEjXUqfTEVEIgDijksnkyDXRGcUIIWNuXBc19uj7vsQL1f4uACPROjqhWHzPqGIymUQmkxEhh1MFef6qsKZOV6Rgx0l/amn6YDCAaZrimOJasver0+mI+8rzPBEhee5BEGBtbU2ENjrX4vG4REWTyaR0m/Exrh9pNpvo9XqwbRvFYhGxWAyPPPIItra2sLS0BNd1ZS2OHj2KbreLer0u6z0+Po5SqYStrS2s1aMjr22NRqPRaDQajUaj0Xz4Mf7yL//yL3/dJ6H5cJN0Lfzff/8qAKDS7GDBraNcLsO2bYlt3b59G1tbW2g0GqjX65ienka73ZYY4GAwQKPRkJJ2On+APSFK7apibxPFkEgkIvvh4yxspwDkuu6IQKM6gogaIeS+wjBEJpORc4vFYjJ9kOenlsZ3Oh3Yti29WIy8qU4vVWRijJGOM8uyYFkW4vG4CFPsjmIRPB+js4zPSyQSEpezLAvJZBKpVAqZTAbpdFrEJMb51AigOhlRdV4BQ4EoDEO8/vrraLfbIwX0FP0Mw4BpmvJ13hfDMOReq1FPHouioLqGfIzr4fu+ONbU8n71XvNYfGx1dVXcaJ7nwfd9pFIpcYqxBJ9F8/F4HPV6HS9tpNDyhyLj//lvPo+p/J4jS6PRaDQfbvYPaFH/cxzn13x2Go1Go1FhmoX/8fcUdYL83abGa36z4e/929vb97zNzMwMAO3A0twDHzkxi4NTWaztVHH5dgX/x//8RXz328/jwoULiEajmJiYwNjYGDY3NyXCpnYosSSdTh6KISxYVwULTt+juKGKEWrfFAApc6e4USqVEIvFkM1msbu7K8XvPEY8Hpf9qjHCfr+PYrGIdDotwpkqsrDHiZE/Rgp5fgDEnaR2Y1HE4vUBgOM4sj/LsmDbNjKZDIrFoog/jUZDBD8+h/tnNxZ/ACQSCSQSCdi2LWXyFIFisZicp3ovAEgUkU6ofr+P7e1tlEqlEXGPLiwAI8XtFMPonLIsC6Zpwvd9ER7VH0x0oKk9YFxjxjEpujGeyP/CMBRnm+d5cF0XnueJcBWNRsWFxvNVBwIEQYAgCFCtVnHk+Em8dGF4L47MjeGhI9Pv3zeORqPRaDQajUaj0WjeM7SApbknvvyZM/jf//2LAIB/+udrKO7u4uMf/ziKxSIymQxu376NMAwxOTkpok29Xke/34fjODJxLwgC5HI5ie7RfaU6kNSJfrZto9frSayMXVCmaUrxe7vdFiElFotJvI2CFYUXFpUTiit0KHFyIkUf13VFLAuCALZtyzZ09FA9pljGSB1Fq1gsJoKM2vFFUYrRyenpafi+j16vJ6XuqVRKzp1TGSkUxWIxKcGPx+MiGKnuKGCvUJ4ON7ql1EhiJBJBr9fD8vLySOySQhZdZvF4fGSaINeNbjS6ueiUCsNwRGzzPE96u/g8TnoMwxBBEMA0TRERuT8AEvHk+U5PT490le3s7ODRRx/FxMQEgiDA4cOHEYvF0Gg0pONsa2sL5sQDAIYF7v/69x/91b8xNBqNRqPRaDQajUbzgaAFLM098aVPPSIC1n94eRP/ze89jOXlZTz77LNYXl7GK6+8Is6ber2OdruNaDSKVqsl7iA6rDj5r9vtijNpMBiIEJNIJMQVxOJxij/sp+IkvUajgX6/LxG0er0O27YBDEUn9j71er0RYUftxqK4QpGEIhDFNzrGGH2k4JNKpWRfLAhPp9Oo1WpIJBIiNlHIAvamF/Ja2QFFt5TqRGI0MpFIiIuMghkjhnQgMWpIxxnFOl6nKu65risCEc9va2sLOzs7I9FAinRqBxndTzzPMAxFSNrvdEsmk+h2uyMxQjUOycdUkY49WaZpSqSz1WpJyTvdfapTr1wuY3Z2FisrK5iamsJHP/pRvPDCC/I8z/Pw2muv4cEHH8Q3Xt+V18Cf/cFj7883i0aj0Wg0Go1Go9Fo3nO0gKW5Jx45NoOjc2O4sV7Cbj1E3EkjkUjgK1/5Cr7whS9gdnYWt2/fRqPREKcOBRI6ftQ+KMMw4LouwjCE53lyHIpWaucRBRCKTXToUJRSnx+NRqVwfH9XkxqLU/+tRhM7nQ4sy4LneSJesceLxzBNU0QvOpHoNOKxKT6pU/XUQnYKYYlEQhxlqiOMgo3v+yOTAD3PE4FIneanTktkLxTjeTwHbqNGNBuNBqrVKs6fPy/3gEIYY4uqg477cxxHjtHv98UBpwqN/X5fhEauIe8L153iIkv4KcBxHePxOBKJBOLxOCzLku2WlpYwPT2NVquFXC43UjC/tbWFxcVF9Pt9TE9P4/z588PMdDyBYn0omJ46NIWjc2PvzzeLRqPRaDQajUaj0Wjec6Lv/hSNZsizn3pEPr+8GWJlZQWf/exnUS6XRUxyXVeicPwahRiKIHRFdbvdd7ie6CTi9Lxeryfl5xStVBGMqNPvAMiEQ4oswF7hK7AnWgF7EUIWwHc6HXF51et1tFoteJ4nMTzf90UwarfbIur0ej1xP1F4CoJASsgpavF8GIukwMMpeul0WqKHiUQCyWRSuq1c1xVhj4IRhR51jSjS0R3Fr/F66X5rtVq4evWquKe4NlzTTCYD3/eRTCblfC3LEudcv99HGIbiklOFR4p9iUQC3W5X9q8KeBQnAUiP1ezsLDKZjLj1uNZ8vu/7sCwL7XZbJkE2m020221kMhm0Wi0888wzeOKJJ5DJZPCJT3wCJ0+eRCd1RF4fX/y9h3/p7wONRqPRaDQajUaj0XzwaAeW5p754qcewf/61RcAAH/3RgF/emwKFy5cQL/fR7vdhuu6KBQKEhFMp9NotVoiJKk9Vq7rwnEcNBoNifxFIhG0220RULrdLhzHQb1elygbhSeKJQAk7qcKNBRz6HxSxSsWr6uTL/hcFpGzi0ktfVdLyQGg0WggkUhgMBiIyLN/uqLaycXoXBiGsCxLnFKqoEdhim4rNfbI/VA8IiwpV8U6njcjl1xPinCtVgvdbheXL1/GxsawE4prSkGMpe/sGqMQ5ziOlKjzOilE0YVGYW2/qEWXGFHjmrwvwFDkGh8fR61WQ6VSATCclEhRbTAYYHx8HI7j4MaNG5iYmIDruvjOd76D8fFxVCoV9Pt9HD16FL1eD77v49tXqrL/f/2ZM/fyktdoNBqNRqPRaDQazYcE7cDS3DMPHZnGiYUJAECt2QHsLFZWVrC8vIzBYIBcLieT8NLptJSrRyIROI4D13UBDB08hmGgUqlIUXoikRARioIGS9IZD1OdQfun5NHZRceXOgUQwIiAQvaLW5yAx7hbu90Wd1G73Uaj0RAxhC4wCm58DgU29jvxnOgkYjeV6kjyPA+e5yEIAnQ6HTSbTXk8DEO0223pAms2m/J1NdJHVxPFJFXkYz8Yha5Go4EgCHDt2jWsra2NuNJUtxq3YaSQUwdZ3M41ZR+XbdtSLK+uL/uw6K5jITwFNrrMGCkslUpotVq4efOmXC+34Vp/8pOfBAAsLy/D932ZoDg3Nyei4s2bN0VQPXjsYfjh8DofPjqj44MajUaj0Wg0Go1G8y8M7cDS3BfPfuoR/C9//X0AwKWiA7fVQhiGcBwHGxsb4uyho4jxvE6nI6IPHUssd+c2sVhMInZ08AB7QggLx+kSultEENhzWPE8KCqZpik9UBSPuH/2NgEYKRmnAMNjtFotmSroeZ4UrAOQLi+6kDhpsNVqSYE9o43cB7vB2u02EomElLLvF8MoKHEt1emCFIXYO0aRB4AIcJ1OB57niah29epVLC8vj0QLKf6p18/OKq4z14JxUfaA9Xo9tFotESn5HBbeNxoNiR5yP67rijjFMn61h8y2bUxMTCAMQ6yvryOdTmN8fBz1eh3VahXpdBo3btwQp1UsFkO1OnRZ/dEf/RGmpqawtLSEeDyOHyzvlbd/QccHNRqNRqPRaDQajeZfHNqBpbkv/ss/fgKGMXzZvHK9AcdNikCSTqeRzWbFTWUYhjiwAIjTigXuFEUoILmuK44q9kWpfVKMprH3iB1ZAESEUR1Z+9kfHVS3o7OKLiPG4Ri/o+jGDiYKQTxHtTeLfV+MvzHe1263JcJHtxWnLXa7XXFh0b1FBxhFKG7L59OZpW7Dc+FUQ9XZxc6rixcvimtOXQtCwYyiGNdcLW2nSMeydjrl6A5jLJNF/upkxXg8Dtd1Rbzja0N11gVBAMdxZJqjYRhYWFiQ63zzzTdx+fJlRCIRjI2NwfM8bG9vY2NjA0EQ4Mc//jHK5TKy2SwOzi/itVveneNE8V987uyv+F2g0Wg0Go1Go9FoNJoPGi1gae6L2YkM/pNPPwoAGCACP3MSg8EA7XYb09PT4jqic4ZChG3bInpQIKLI5bquTPGjwGWapkyd4wQ9Nc7HfzPapk7kozBCEUotOuf+yP5+KzqYXNeFZVlyXkEQiKi2P+anikS+76PT6aBWq424njhZz/d9ieWpEwMpaqlTAinesbOq1WqJeEUxqFqtyvYUhyKRiGzXbrfheR5qtRp838fVq1dx8+ZN6Z6iC4xOtUgkIs4427blXqluOm5H5xmvg2IWhS8AIy4rdXJiNBpFvV6XjjBOIrRtGwsLC0gmk4hGo1heXka/30cymUS9XpcYZrPZBACJirbbbZRKJaTTaXz+85/H448/js9+9rOIx+N4dSWU+/3lz5zBgYn0+/xdotFoNBqNRqPRaDSa9xodIdTcN//Tf/67+H+/8xYA4PtLPv7N0x/D9tYmdnd30Ww2ZWogXUDz8/Mj3U2MEjqOA9/3EYvFpBOLvUqMCsbj8ZHeKAotFKno1lIjgTy22ovFiXbsXmJBO7DnyGIHFoUwx3FELGKED9hzcjUaDYnCsXwdgETgGo2GrAXFME4c9DwPjuOI6GVZlsTw1EJzNUIYi8UkpkjRjYLVYDBAvV4XhxR7tSiuVatVVKtVEZ3U3iueN/fTbrcRi8UkskmBi2tpmqbcC9W1xntHoYvP219+z1ihYRgSmeRrxTAM7O7uynqkUilUq1UcOnRIREFu3+12JZZZKpWwsLAAwzBw7tw5KX7/vU//Pv637+4AGB7/f/zPPvnefBNoNBqNRqPRaDQajeYDRQtYmvvmxMIEPvf0A3j+5bfRH0RRNaZRLF5AvV7H5OQktre3xV01OTmJcrksrp5MJoNqtSoxQN/34fs+XNeVsvdarSauKbWYPZVKIQiCkW4lVYih6MFSc1WcYfG46iBiEboaY6OwQmcXAOl4ajabItDw2OyqorDGTiw+zhL1bDYrjjFGIdlTRVGN58YoHQUl9mZxTdhNxZJ7OtMikYj8OwgC1Ot1hGGIWq2GVqsFYE+44poBezFKtUuMLi6uC11pdIqpbi+KVOq6mKaJIAhEKGT/GNeX1837Y1kWarWaiJaNRgOpVGrk3jE+ubCwgM3NTekZm5ycRLFYRLlchmVZKBQK6HQ6sG0bS6U4ev3hdf2rZ07h+PzEe/79oNFoNBqNRqPRaDSa9x8tYGl+Kf6H//STeP7ltwEA//5H6/ivnngAjm0hm83ipZdeguM42NnZged5SKfTCIIAn/nMZ/Czn/0MjuOg2WxK6TswdD+5rotmsyniEruTKNxwmh4dSRR4OAXPdV3E43GUSiWJ4NEVlE6nxTGkPqa6uEzTlMmFLDKn8wmATNJTO6/40XEccVRRWKILjO4y27ZFrIpGo2i1WvK1drstwg+dSSxjp7BGwYhRTF5Pp9MRtxmFK0YXm80mer0eTNNEu90W0UztGuNHAOIyUzvFer2eXAuFK3Vt6FJTBT/eU27LqKQ6LZGuODrGAMg1s3OMscRLly79/+ydd5hV1fm27zOnt2kwDB2kiiBNRFFEAVGwgT0qGmPF8jOixlgTE2OJEutnLIkFNBC7WFAsqICKKFW6IEVgmF5Pb98fk3exzwCCCGJ57+s618zZZ++111rnKDPPPO/z0rx5c9xuN4FAwAiHMkfpgChjN7rePLz0RSXQKJjd/Lvhe+m/BkVRFEVRvi8fzlvDqKufpFv75nz06DgKc337ekqKoijKTxwVsJTdYnCfjgzo0ZYvl28khYNUsB21FSsoKiqiW7dulJeXU1xcTGVlJRUVFYwYMYLly5ezZMkSCgsLqampob6+nkAgQCgUwuVyUVNTk9V50Jq5JOKHiBrW7nlSgtjQ0GAEGQmQF7eQlC6KY0jGtLqvBGt5oohGIpJZnVmSDSXlbPX19cYZ5fF4zDyspW7W3CmXy0VdXZ0poZP1yfrFnSQZUU6n0+RHSb5VKBQyrjNxONXV1REKhcx9nE6nEa5EaBInlrUTYiqVynJSyb5JkLrMQco73W53lkgo+V2yTusxa3dDEdtEnJM1+f1+4yJzOp3GrSXiW3V1NalUiqqqKtq2bUtdXR2xWIzVq1djs9mME6tnz56UlJSQ07wHmerG9/WIvvsxoEfbvfrfhKIoiqIou0Y6neHpN76ge4cipj94kYpXiqIoyi6hApay29xywXDG/GEiAJNml3H/2INZsuQrWrduTUFBAe+++64JO581axbpdJq8vDzC4bAJaRd3lXyNRCKmTM9aYibldyI0iVBVWFhoOviJg0lcRD6fz5QJRiIRk2ll7S4oYo7kZOXk5Jh5RaNRMzerY0syoUTckjJBKSMEaGhowOdr/GFMhDhozM+KRCLG7ZXJZPD7/aaroISoS/aUZEwBJjhdgvFDoZAR0EQ4kv22CoGSESZCl4wl44qQZ3ViWdcZj8fx+Xxmn6xdHkWckjFk/8WZZRX95Bp5LkHxcp68rx6Pxwhq0rlRBK9gMGg6NwYCAVq0aEFNTQ2tWrUikUjQsmVLmjVrxlFDh/LH5781n9U/nqfZV4qiKIryUyEnx8ak236zr6ehKIqi/MxQAUvZbU44vAfd2hexakM54ViKmLuFCWKXfCIpj6urqyOTyRAIBIjFYqYcUEQhCfOWrnVAllgiZXSAcfwkEglTamez2cjLyzPd8KSUTkQZEVnE0SXjWJ1IUjoobqFgMJglusgcmuZzhcNhM295yJqcTicul4twOIzb7c7q1BePx43zzO12GzFIviaTyaxSRMm3kuMiQEkQvDV/SgQ+cTuJAGcV7qx7bN0PEZdEiAJM+Lu1lFDmYu1gKM6seDxu5iBipNVNJ+KdBOmLcOnxeCguLqa0tJRkMonL5QIahT+v10ssFiOZTNK6dWucTidt2rTB7/fTsWNHCgsLWb9+PYWFhTTkFJKiBICenYoZNaj73vrPQFEURfkF4Tz8BtLpDJXv3kZ+0AvAxrJaOoy+E4AP/zmOIf32A6CmPkKzY24jJ8dG4pO7tzm3KU/ecjrnHz8g69i0T1dw18QZLFy1GZ/HxchDu3PHZSNp2yLPnNN0TJvNRrviPEYe2p2/XnIsRQX+bc4bNqAL7z18cda9bvvXu9z+1AcATPzzmYwd2X+bOT7w39lc++Ab7N+xBUunXLvddUx5dyH/mPwxy9eV0TzPz7ABXbj90mOz5ryjvdydNe9sz7dH0z3LD3oZeEA7bvztMDPWjs61cs1ZR3DvVSeYc3L9Hqrf/8sO77sjdrZnXy7fyCEXPEy39kUsf/46c925t/2XydMX8OA1o7ny9MO2O98dfR4Ayqob+PMT7/LmJ8sprw7RpiiXsSP7c9P5w3C7sn8N3JX3RVEUZV+Ts68noPx8sdlsWV3dbnn6M9q0bUtNTQ0rV65ky5YtVFVV0bFjRxMKXlJSQlVVlQljD4VCplwsnU4TCoWM+CFh6FaHljhz5P4iBknOkpTRSVaWiCbiCBJHllxvRRxXEkAP4HK5jFvK4XBQVFRkXEVutxufz0d+fj4ejwe/34/X68XtdhsxRkQjCayvr6838xCxSxxkkmEViUSM6BePx4lEIjQ0NBiRChpdU7W1tVRXV1NfX2+cVuKgAoywJHtnFQGtr0uppNPpxOv1GgFMHHHyPoRCISM0WsUuKW2U8+T983q9We4reZ5Op03ovIh4gUAAaBTUSkpKzH7LvSQEPhQKEY1G6dy5M23atGHRokXU1dWxcOFC1q9f/78A+AYmvLrcrPMGdV8piqIoe4grJ7xKMpXe6XkOew5nDO+d9divdWHWOc+9M58Tr32aOUs2cGDnVuT63Tz3znwG/u4hSqsadjjmKUf1IpOBJ177nFNumJjVoEX4cN4aSirqso5NeXfhTuf97NvzAFixroy5y77d5vWHX/yEsX+ewvJ1ZRzSsz1Bn5tJ0+Zx5LhHqW2I7nT877tm2PU93x6yZz33K+b9L75m+JWP8+IHi7/zXOujb/c2u3VfKz90z3bEzj4PqVSaY/7vXzzx2ufk+j2cOLgH0XiSvz39AZff82rWWLvzviiKouwL1IGl/CDOPrYfNz/2DpvL66iLpKilmE2bvqC0tJSioiLKy8upqakhnU5TXFxMeXm5ceuI0FFTU2NEChGaQqGQCVYXkUQcSNbMJatbC7aKMiKIRKNRcnNzzZjW863B5eI6EqeSCFcynpQz1tbW4na7jaNI5iilbpK7tT3BSIQcq3PJWhop2VxStmfNAZPr5XspE5T5Wdcg87d2BxRHlwh6Td1nVueazEXGsdvtxONx/P6tf9GT4HYpGRQHm3QddDqdNDQ0kJeXZ7oHWoPe0+m0KYUUF5a40PLz801ZpGSkAaaTZTqdZt68efTr14/CwkLq6upoaGggHA6z3377kdvhIBqije6rDq0K+M2Ivnv6Y68oiqL8Sln6TSkPPj+ba88e8p3n+TwupvztnB2+Hk+kuPr+1wF46a5zGT2kJ+l0hnNvm8J/31vEn5+YzmM3nLrDMWsboux38l18ung9azZV0aVtM3Oey2knnkjx3/cWMf6sIwD4Ytm3rN5YidvlIBZPbndOX63ZwsJVm2mW56OyNsykt+Yx8IB25vVwNMHNj74DwIxHLuWQnu0BOPvWyTz//iL+/frc79yX3Vkz7Pqebw/rnk2fs4rjxj/JuL+/wvGH98Dnce7w3D3FD92z72Jnn4fl68r4as0WWhQEWPjs1Tgddkoq6mh30p1MnDaPh68bg8/j3O33RVEUZV+gDizlB+Gw53DX5aPM82c+qaBtuw5EIhG++eYbwuEw9fX1xkFTXFxsnDUiTnk8HvLy8rKcUdLxz1oKJ0KSjGV1X0knQCnTk5I7m81mxA3JthJXkvV+VmFL5iWh5uJOCgaD2O12vF6vOSZzDAaDRhDz+XzmHBHlRAyT+0tpnuwFYMQucadZhSZxZ0kJHmzN1pJOiCLqiehkXWsymcxycMlarQ4tKe0TgS2TyRi3mMfjMe422Xufz5fldrN2LhQRKycnh9zcXCNAiogonQwTiYTppBiPxykoKDDZZjJuQUGBCZHPy8vD7/djt9vx+/0Eg0Gz3kAgQMtWbXjy41KzxrsuH0VOTrbTTlEURVF2B7fLQX7Qy1/+/R6bymt/0FizF62lui7C/h1bMHpIT6AxF+r6cxtdw6/NXPqd1+cFPKa0q7w62yHTp2trigr8TJ6+wBwT99XwAV12OOakt74E4O9XHk9hro//vr+QeGLrzw2zFq4lFInTr3trI8QAXDf2SG46fxjti/P3+Jr35J4fe2g3Du/dkZr6CNM+XfGDxtpVfuie7Srb+zy0bBbE6bBTURvisVfnEI4maNU8l9isO4nOutMIeD/0s6goivJjogKW8oMZO7I/R/XvDEA0lmK9rQtt2rQxLqDa2loikQiFhYVUVFTgdDqJRqNZwejiAJIOfjabzZTiiRglYoq4liTbKZVK4Xa7jTgioorb7TYCjQSCW3OYrGIQbA08l+9FXLJ2I8zPzzcCitvtJj8/34S15+XlmTI5j8djMrVExJLQcrfbbQQtwORSSemi2+3G6/Waa6zCm5Q2ivgk85f5yT1lX2V8CaWXtQnizpJxpcTSer019N7r9eL1es3eW8smU6mUeYhTChoD7eU9kTVJp0LrvkBjFpbT6aS0tJTu3bvTt29fPB4PnTt3xm63GxEuEomwevVqvF4vPp+PwsJCcnJy+HRLkESy8b5H9u/EmUf32UOfckVRFOXXjtvp4G/jjiUUiXPNA29857l1oSj2QX80j/1Ovivr9Q2lNQB0bpNdVijPy6tDRGPbd0qlUmne+mQFy9eV4XU76dmpOOv1WDzJb47uy/yVm1i5vpx0OsPz7y+iT9dWdGxVsMMx/zN9AT6PkzOG9+b04b2provwxuxl5hwRkNq1yBZd+ndvw+2XHsvpw3t/557szpq/z57vCt3aNwdgzabKbV7b2Xu2O/zQPdsVdvR5aJ7v56FrR5Njs3H1fa9TPOov/O72F1jyTSkO+9ZfAX/IZ1FRFOXHRksIlT3Cv246jR5n3ksyleajpVWMHz6ChndeNRlK8XicDRs2GCeQuIWs+VZSgieuIwkwl3ByKTkETDaWNXA8Ho8DmLEkW0tK9KwB69sLLgeMWCWvyXFxLonA5vf7qaioIFP9G44AACAASURBVBaLmfOlrE4EHHFxiQhnFXgAIwSJOCWil4hK8pAufeKIEuFNBEC5v1WIsrq8ZHwJYhekXFFyuuTeUj4p+y7lgfLeyfvmcrnMc2vQvtfrNWJVdXW1+V5ca7C1bFPWICWTqVSKsrIymjdvTl5eHlu2bCGRSBCLxWjRooU5t6KigoaGBmpqakgkEhQUFNChez+emNOY9+Fy2nny5tP36GdcURRFUS4dcyjPvPklL834itOG7Vh8cNhzOOWoXuZ5UUEg6/XtxFYB2+ZzWhGBRfC4HTxx46nk+j1Z5zVEYpwzsh8Pv/gJU95dwBF9O7Glsp5rzh7C0m+2bHfs6Z+vorSqgbOO6Yvf62LsyP48/uocJr71JacOPRCAtIke2OEUv5PdWTPs+p7vCt91L6fDzrmjtgbbN8/z7/DcXeWH7tl3sSufh0vGHMKR/TrxyEuf8vz7i5g0bR6Tpy/g3zefbta6u++LoijKvkAFLGWP0KlNITecN5S/Pd3Y3eapT+o5uU8f3nnnHdNZTnKiYKt4Eo1GjQAlAo2IKlLKBphudCLciPgjopQ1aD0SiRgBTO7hcrm2Kc2T4HcpuxNHkJS4iaAmx9xut5lDJpMxnQddLhder5dIJGLyq8RNJa4ucZRJ3pOsS0QmIEvQA7JcVx6Ph3g8boLSrZ38ZBx5COJGE8HL2rlQkNekS6OUTUoWViKRMCWb1r2U8T0eDw0NDQQCAeOOknJN2TOXy2XER4/HQ0VFBR6PB5fLRV1dHfn5+UaslNJDt9vNmjVrOOGEE5g3bx41NY1/HezduzfRaJQhQ4ZQXFzM3Llz8Xq9FBYW8vSCrW66m84fvk1YrqIoiqL8UHJybPzz+pM55IL/xzUP7tgRtLM8JSkdW70x2wkkzqDm+X487uwf00UU21hey6eL13Nkv06cfWy/bcYOReIcfEA7uncoYvK7C9lYVovNZuOsEX1N1lFTnp3WGN4+5d2FWWHv78xZRVl1Ay0KArRqlgtASWV2OPxXa7Ywfc5KDtivmOMO23+Prhl2fc93hRXrywDotJ2fEbxuJ/+66bQfNH5TdnXPnI7GP0AmLVEP0OiuArDbtxWTdvZ52FJZz5bKeloUBHjo2tHcd/WJ/Gvq51x572tc9Y+pnHNsP3JybLv9viiKouwLtIRQ2WPcdP4wIxrURjNsThbRpk0bevToQZcuXfD5fOTl5eF0OsnPz8fpdJKbm4vP58Pn8xkXj9WRZO0gCNmuIRGSJD9JRBprpz5xOKVSKVNmZxXIoFH8adOmjXE5ybVer9cIUjI/cWXJ3IPBIIlEwgg0UvIXCASMW0uEIBF05CFZWT6fD5fLhcfjIScnx8xTRDWZg7ieJCzd2o2xaai9OJzke6t7S/bR2iFQzrfONRqNmjwrawB7Tk4OPp/PhLvLNZDtVJOOhFL+KV0nZY2Sg2YtbZR71dTU4HA4WLFiBU6nk4KCAvbff39WrVpFKBRixYoVLF26lEMPPZTc3Fw2JYqojTSuvWOrgqzumIqiKIqyJzlo/7ZcevIhbC6v2/nJO2Bwn47kB72sXF/O67May/QymQz/+M9MAE4c3GOba0QUe/v+CykuDDB9zirem/v1NudF/xfSfvax/VizsZJn357P8AFdaF2USzSe2Ob82oYoU2ctw+91ZXfg69a6sbTwnQVmzh63g3krNrF4dYm5/s6nP+CP/28aX63Zvrvrh6xZ2BN7Pn3OKj5dvJ5cv4dRg7rv9jjfh13ds67tmmOz2diwpYaNZY1lh4lkii9XbARgv1bbCm47+zy8/OFXHPTbB7ngby8AjYLXuSP7Y7PZqAtFCUXjZo67+74oiqL82Kicruwx3C4H/7rpNI6+8gkApq9M8bt+BxP0Ovn0008bhYZNm4y4IS4iv99PJpMhGo2abKxUKoXH49lGqMlkMiZvyfqaZGhZw8QlM2tHJYPyaN26tRFUJF/L7/cbp5fkM+Xl5Zm5icMqnU6Tl5dHKBQiFApl3cfaibCwsNB0URSXk5wja5JMKWjsyCfilZwPW8sEw+GwEaCkLE/uJ/eXkjxrOaO8Jo4rEQhlv6xlfhJmL/eSfCop1xTHVDAYNAKj3+83TiyZi9zf4XAQjUZxu91EIhEj9oXDYXMvccqJGLls2TK6d+/O2rVrqampwev1Ul9fb0oaS0pKKChqzSPTqszn8MlbTs/KdlAURVGUPc0d40by8odfUV4d2q3r3S4HD4w/ifP/+jyn3fgsh/RsR2VtmJXry2mW5+O2i4/Z4bUBn5vbLj6Gy/7+Ctc++AYLJl2N3fLvnpSEjR3Znz8/8S7JVJpzRvbLes3K8+8vIhZPctLw3lmusVkL13LUZY8xado8xp91BHkBD7f87mhueewdBl/yTw47sAObK+pY+k0p7YrzueikgXttzbB7ex6Oxjn3tv+yqbyW2YvWYbPZePSPpxDwuXd4rpVjD+3G2JH9v/Oca88eQt9urbd7/13dM5/HyaUnH8Jjr8xhwPkPMrjPfixZs4U1Gyvp3aUVRw/susM17ujzcPYx/bj3uY95b+7X9D/vAXp0bMG8FZvIZDIMG9CF4P/24Ie+L4qiKD8m+lueskcZelBnzvhfIKXNlsOHG/P54osvqK6uJhQKEQgE8Hg8RKNR010umUwSiUTwer20atWKYDCIz+czYg9szZ7yer0ARuCQEj/AZGDJNQ6HIyv03CouCbm5uTRr1syIYhKunslk8Hq9WUKUiFvWeUhoezAYNG4yyXYSgcftdpvSOyk3FHeX1QElJYpWp5h0M7SuU9xSHo8nSxySMHUJfbfmgMXj8SwBS/ZEXGMi+ombTPZXSgflnn6/n9zcXBNkbw1rl722jiMiouyr3FuulZB7KdmU+8TjcWpqakgmk2zcuJFIJEI8HufQQw+lurqaLVu2UFZWRjgc5uUlGfMD+TnH9jMNBRRFURRlb5Ef9HLPlcf/oDHOHdWfqfeezyE927Fw1WbKq0OcMbw3c578P9NRbkdceOLBHLBfMUu/KeVfU+du95yOrQoY3KcjXrczK4+rKZP+Vz44sokr6bADO5Af9LJ4dQkLV20G4MbfDuXRP55C++J8Ppr/DbUNUc4d1Z9Zj19GszzfXl3z7ux5MpVm8vQFLFi5maH9O/P+/7uY34zYfoMXOdf6mLd8407PEcfUjtjVPbvv9yfyt3EjKcz18fZnK4gnU1xx2mF88MglO/3D3PY+DwW5Xj791xVcPHog5TUhXv5wCdF4kstPHcTzd2SXt/6Q90VRFOXHxJbJbO9vMYqy+2yprKf7GffSEG4MDR/V3caSj/6L3++nZcuWVFZWUlVVRWFhIXl5eVRVVREOh42YIy6sSCRihKGamhoikYgRayKRiBGUrDlWIpBI+Z24umCrcCOZT7m5ufTs2dN0MMzJySEYDJoSx+bNmxunlZS7iePJKj7J9/F4nHA4jNPpNN+LKyyZTJpyQmtGlIhD1vB66dJns9lMZ8WcnJysbn4iSmUyGVwulxGuRHRyu900NDSQSCQIhUKUlZXx9ddfm7GswfXiZpLQeK/Xa8RDr9dryg9FXCoqKsoKXq+vr8fr9RqxSsQ7wNwrHo/jcrmy8sOs4fRWUU4EMXHViZjp8XgoLCzE6XSyZcsWXC4XR552JY+/uw5o/Cvn1y/9cZd+gFYURVF+XlhL/OXfDfn3UB4FBdvvsKcoiqLsG6qrq40ZQH6nkt+drN3flV8XdXWN5eALFizY5Wv69Wt0EqsDS9njtGwW5I5xI83zt1dmOGLYSJxOJ5WVlUQiEfMDaGVlZZYDJxwOG6FH3Fq1tbXk5OTgdrtN3lUikTA/zFodSk6n0whN1k58VqdTTk4O7du3p1u3bvh8PlOWJ//zFHeROJYkcNzpdBqXkRyz5k41zaSSDC/53ip4SbdDcSGJkGUNkZecrUAggMPhIBAImLwsICsLSzoEynWSWSX3k/2yuq/kuYh0clzeG6tjSsQleQ/D4TDRaJRYLGaEKet+NV2nuMJEIItGo1ndFGV+1jJSm82G1+slFAoZEaukpISKigpcLhfHjT7NiFcAd10+SsUrRVEURVEURVGUXyiagaXsFa44bRBTZy5lxperAfikqi1H9OnL6tVfY7fb8fkahQaHw0FhYWFWiZ8INIlEwgglsLVEUAQjyXWSQHFrzpO4iqwlgZI11alTJzp06EAymSQ3N9eIJ+IesgacO51OYrGYEdXS6TQ+ny8rb0vOFYFHxhOnltPpJBqNGkHN2pHQ6oaSkkfZBxGe5B4iEsn9XC6XCamXgHfZP2vJoNWtZe1waEVcX7K/Il41NDQYkUtKNiWYXcRBa2aWCHFyXxHurEH6UqIoApbV8WXdewl4l/JOr9dr1tWhQ0de+GpryeJR/TtzyZhDfujHVlEURVEURVEURfmJog4sZa9gs9mYcvvZxhGzvrSeikBfUqkUfr+feDxOXl4eXbt2ZcuWLSYvqri4GI/HQ35+PplMxpTMidvJ4/GYjndut5tgMGiyo6xdDK0lbyK05Obmcthhh9GrVy+CwSCBQAC3223yqES0icViRjwSwUqEKBGSRDSS0j9rDhVszbESIU1K/MRlJOWQ4sKSXC23223cUE2D0GFrdlROTg6RSMRkdVnLG8U1JXsqZYuyR/LV6sgSIUxKAyVIXdbj8/nMfopQKOUb1r0SB5W8Fg6HiUQi5n2xlk2Km0zKM0UkBMw54riLx+NEo1E8Hg+BQIBYmyPZWNEY4tqiIMALd45V+7GiKIqiKIqiKMovGBWwlL1G83w/U27fGhL5zvwSeh52PNXV1aRSKerq6li7di1Op5OqqiqCwSB1dXXEYjFqa2uJxWLGYeV2u42zyCpcWTsMWkPJpZwQGoWuHj16MHToUJo3b05+fj5utxu/34/H48Hv92cJVNJpT8rxpATO6XQSCARMcLvH4zGii9vtNrlOfr/fCFZWwUlcS7m5uVnh6jabzYSURyIR4+yydh8UtxJgcq5krslk0tSVi7tJygqBrPvIWIBxglnzqqwB+HIvh8Nh3FTinhPXmzjRUqmU6cLodDqzHHVSJijOKsn8EpFLBCopG5T9t9ls5Obmmv2TYPgDDj+JmcuqzRpeuvtcLR1UFEVRFEVRFEX5haMClrJXGX5wF2753XDzfOKcEAMPO9LkJuXk5Jjg7nA4TG1tYyeXUKjRXSNZVLFYDKfTid/vN535YGvonzU4XMQPcf3Y7XZ69OhBUVERxcXF+Hw+8vPzKSoqMq9LNzzJakqlUiZEXOYo51i7A3o8HoLBoHEm+f1+fD6fCYIXd5fkW0UikSw3mTUvChoFo1gsZlxbkg8ljigJVG/qNhIBTsoIZU/EjSZuLUEEJil3tI4rbjRxYEmQu+ytuLxEoBPnm91up6CgwJRFinNOyiatJZfW3C8phZQ9kbFEeBNnGsDAw45iypcRs44/XXg0h/fuuAc+qYqiKIqiKIqiKMpPGRWwlL3Ony8aYUSGTCbD69/k07Zde+LxOHV1dUSjUfx+vxGHpNRO3FRN85qktBAwnYesZYTWsjjYGuAuYlNubi55eXn4fD4CgYBxVolLSUoBRWixdsmQLoGAEaXEndXUfSTjyZhNxRrJpRIxToQxCZFPJpNGlLLmSsmcpNxOBDHpxmh1j4l4Jfds2nTUul+yxmQyafKwwuEw4XCYVCpl3h95HovF8Hq9Zm0AZWVlRCIRs6dW8UqQsslIpFGIisfj2O12gsFgVjC+zFnWtl+nzkzfVGTGOap/Z269YKs4qiiKoiiKoiiKovxyUQFL2evk5Nh44c6xpsyrqiHBt75DaN++PR6PxwgV0kWvoqIiKzNJnFpS4mcNPre6f6wld4KIRxUVFRQWFhpHkYhOPp/P5E9J2aHcSxxKkv9kPU+EK3Eg+f1+gsGgcWlZOxCKKOf1ek1+lIhkmUzGOLZEFBKnkrWEUUQuawdG6R4ogpnV1SYZW3a73QhF1lJLEYbkueyftRujlG3KHkqpoKzR5/MRCoWIxWIApqxT7pNKpYhGo4TDYZNJJkH5Igo6HA4jCtbV1dHQ0GA+ByJc5eTk0LyoiIpmQ6lqaBTCNPdKURRFURRFURTl14UKWMqPQstmQV6f8DucjkbX0LKNDdQXH4XP5yMSiVBTU2PK5cTNIyVz4sKSLnUiqEhXQRGFRBSR68UxZLfb2bhxI16vl2AwiM/no1mzZsbtJKVyubm5RvRJJBLk5uaSyWSor6839xO3l1VAkxwpCWMX15TM25qF5XK5jLvLKuoAJtPKKupkMhkjEEnYubjTpFxQ1m0NvbcGwYfD4SzBSq6xdm6U7ouy54BxTYmjS3KsJKNKwu5zcnIIBAK4XC7y8vIAspxlIt7JmDk5OcTjcVPeKCKciJXBYBC73W5Ewfz8fNKdTmRlSWMQvdvlYNr9F2rulaIoiqIoiqIoyq8IFbCUH41De7Vnyu1nGyFlzqpqXF1Hms5/4s6R8jEr1lI3EbCklE8EHXFPiXgk59rtdurq6igpKTE5S+J8spYIitgkolc6nSY3Nxefz7dN+Z0Et4sII8KRlAV6vV4jZom4BFu764nYZXVNiatLxo9GoyQSiaxySRGYRHSy2WxZXQjFWWYtXRQBS/ZJ9lHC1aW8UsaQPZXOhOKSExFRugrK3K1rs4bXW4+Ly8vqvBLRSwQ/+d7q0ioqKsLT7Tjmr60z7+crd59Hv+6t9+RHU1EURVEURVEURfmJowKW8qNy8lG9+Of1J5vnHy2vo9NhZxgBScQOq7Akgpb1q7XznjW8XM6xhrwnk0lcLheLFy/OugYwpXySP+VyuUwel4g6gCkFlNLCWCxmOhGKOCS5UZJzBZgOhiL4SOmdfBUnFmwV6cQBJi4qgGg0asaQczwej3GgSfi7IMJZNBolFotlOcbkq4Tdy/iSPSUlieIOi0ajRpwSd1s4HDadEzOZjCklbGhoABrFtoaGBvNeWgVJ6bYoDi5r90efz2fmGIvFCHQdxsxVDebax284lZGDuv/gz6GiKIqiKIqiKIry80IFLOVH55Ixh/DHc48yz99dEefgUecboUXcP1YHj3wVAcca9C1uJMCUz4nQJSQSCdatW5eVqSVuJMl6cjgcxpUlwlAikTAildwToKCgwDiFpBRRSgPD4bDJrbK6jsR5JPeXzolSNmh1IwUCAYAsoUrC1WVfrI40cVfJ/lm7BlrFIxHTBKurTNxYMmfrfWSPZW8DgYDZv8LCQhwOB7FYLKuU0yr+yfshwprP58sqW3Q6nSYTrKCgAIA+w8/hg1UJM79bfjecC086eDc/dYqiKIqiKIqiKMrPGRWwlH3CnZeP4ozhvc3zt5anOeToU7cRl0SMaZrVJM+tpYWSRyWlfIApSZTueRs2bMDlchlHlcfjMeWAIuxI+aEIWSKwQKNTKZlMEg6HTYmgCEvitmrWrFnW/W02m3FdydpE6BHnkaxDRC15TdYs4fGSpSVzFYeTOMvk+1gsZsYTcU9cTbIfViHL6oAToc26r1KWCI3urmg0aq4Td5jsgzXsXVxcIgaKw0uuj8ViJpgeGsWu+vp6+gw+gXdWbf28nHNsP/5yyTF75LOnKIqiKIqiKIqi/PxQAUvZZ0y67TcMP7iLef72ujwOGXG6KW0T55AIWeLekWMiQjXNdxIRRrA6ihYsWGDymcRV5fP5SKVSxgEk3fhE1LJ2EgwEAkasEVeRiD1yj1gshsfjAcjKybKKTtavMkdZg7zmcDjw+/1GRLOWVMr63W43sVjMuLjEceX1erMC4pvet+kcbDZblrAHZLmuotEomUzGrFvEMBGjrOWH1uwvcY6l0+ms0koRDz0ej7muvr6e+vp6egw8hrfX5Zp5Dz2oM0/fesYP+7ApiqIoiqIoiqIoP2tUwFL2GU6HnVf//lt6dW5pjr21xk+f4WebDKimriTACELiJLIKMuL2EUFFwtjFcbRs2TKqq6vNOHJ+bm4uHo8Hn8+Hx+PB6/WaTKZAIGA6CtpsNpxOJx6Px4hJ8Xg8qzQRtgbNWwPnRfASYUfKIUU0E/dU09B3GdMazi7OLY/Hk9UhUa4RUcja1bGpaCWCmawrHo8b4VBEPKfTaToGptNpUyppzQ6TroKSTRaNRonH44RCIQAjuMlexWIxotEo9fX15t6JRAKXy0W/EWN5f1Mz83no2601U+89H7td/1elKIqiKIqiKIrya0Z/K1T2KX6vi/cfvoS+3bZ2lftgrYseQ8812VPWjoIisIgbSYQTq/gjZYbyVUr25LXFixcb8QcaBRYJDw8GgwBZQpK4oySvSlxOsViMZDJpBCari8oalh4Oh01AvHyVEkPpRiguK1mHOL0EuS80hsRbxScR6STHS8ZIp9PU1dVl7bfV9WVFRCtrdpjstcPhIJFIEI/Hqa6uJhwOEw6HSafTRuiTMkvJ8JLvrWH2IhCKAJdOp42zy+12s9/h5/DeGoeZU5+urZj+4EX4va7d/HQpiqIoiqIoiqIovxRUwFL2OUUFfj56dBxH9e9sjs1ab6ew/+nk5+eb/ClxFYm4JKINZJfFiXNLhB5rtz23282yZcsIhUJkMhlToie5T5lMxghNbrfbvObz+QCMQCQljU1D051OJzU1NcTjcZMNVVhYaLKwRAhzu93A1owsuTaVShGPx2loaDACXSqVIpFImLXIfMTBJQ4pEZ9E3JNyRmvJoVWUkz0VkVDcUNbrZc1SEihOqvz8/G32TcoN5ZxoNIrD4SAQCGSVhMp+ud1uE5Kf3/c0Zq3dGjY/pN9+zH7iCprn+/fCJ05RFEVRtmXx4sUMHjx4m8ezzz67w2tSqRSDBw/m5ptv/l73uvfeexk8eDCVlZW7PV+5d9PH9OnTd3tMRVEURfkp49j5KYqy9wn63Lzz4IWcdetkXv1oCQALN9vo1nU0vq+n0lBfb8QWEWxEUAGMK0tEIrvdbsrnJLNKSvpKSkqMKCRiUiQSMV+lC550EbSWBQJGsBEXlQhroVAIu91Obm4uDoeDSCRCJBIxDjLAZEJJSaHb7TYZUtZgdYfDYQLRZXwRkkTMkswrCW9PpVI4nU7C4bC5n4hoViFPxCSroCU5WlIKKYJXJpMhEomYjC25TyQSATDCmeRnibCXTCZNaD1gcrSsOWWZTIaiohbYup/CV6U2M+eTjjiAF+4ci9Ox1YGmKIqiKD8WAwcO5PDDDzfPe/XqtQ9ns3NeeeUVWrRosa+noSiKoih7HXVgKT8ZnA47L945litOO8wcW1WWpqHdCbQobrVNmHtT148IV+IAArKysMT5U19fz7x587IC0d1ut3FdibPL2tVP8qCk86F0CIStYedy3OPxZIWwi0tJQtWtmVlS2ijiUVMRzhqObnWHuVwuEomEubesUUQxcU+JA8uaeyUimbVs0BowL84uEbEkEF5el32w7o1klaVSKVO2KBlj0kXRmhtms9lo2ao10c6nsbZ6q3g17pRDeeXv56l4pSiKouwz9t9/f0499VTz6N69O5lMhscee4wTTjiBkSNHcttttxEKhTjuuOMA+Pjjj7nssstIp9M88cQTnHTSSYwYMYIbbriBmpoaACZPnswJJ5zAOeecw9q1a7PuOWvWLM4++2yOPvporrrqKjZs2ADApk2bGDNmDFOmTPlea/jmm28444wz+Oc//8lxxx3H2WefzerVq7d77ty5c829r7vuOiorK1mxYgWnnnqqOeeTTz7hwgsvNGOPGTOGv/71r5x11lkATJ06lTFjxnDMMcdwxx13mCYyS5Ys4fzzz2fEiBGMHz+e0tLS77UORVEURbGiApbyk8Jms/HQtaP527iR5tjmOhtrAkPp2edg4/ixdh20dssT15WEmrvdbuOAEseRy+Vi2rRpRlSSh2RRiSAkge1WJ5Y8pNuenCMCUTKZJBwOG1FI3ElyX8m8EsFHSgTlfHF3Se5ULBbLKv+TMe12O36/P8u5Zc3DkrLLZDKZtbdWca/pvltFKynNdDgcJJNJnE4nXq83S+gKh8OmE6GIWSKQWUU/m81GbW2tOTedTtNnwCC+LRzJlvqtmVx3Xj6KR/5wsnG6KYqiKMq+YM2aNUybNo1p06YxY8YMAGbOnMlzzz3HiSeeyGWXXcb777/P008/zd133w1Anz59GD9+PB999BGTJk3i8MMPZ9y4ccyePZunnnqKFStW8M9//pM2bdpw/PHH880335j7bdiwgVtuuQWv18vFF1/M2rVruf7664nH43i9Xrp06ULLli23O9fvYvPmzRQXF/PKK69w0EEHMXHixG3Oqamp4dZbb2XcuHG8/vrrtG3blgceeGCnY1dUVNCnTx+eeOIJysrKeOSRR3jooYd44YUX2LhxI2+99Rb19fVcf/31nHnmmbz66qv06NGDm2++eYd5nIqiKIqyM7SEUPlJcuNvh9K6KJcL//Zio2sqBu9Fu3LMEe1YOutV41ySH4JEmLGWvolTSMoLJVhdRK9FixbRr18/04mwvr4er9drOiBKyaGIOSIcxePx7eZIiXhkdWfJ61KiZ+2q6PP5jHgm7iVxM0kuVTAYNNdLhz8RjOQe1vJBEfLE3WVduxXrMRHl3G53VjC9ONykDNAqDIrIZN1/aCy7lFwxt9tNWVkZsVjMZGwB9D/6LD7aGLR0lbTxzJ/O5Jxj++3hT5GiKIqifH8++eQTPvnkEwCaN2/OsGHDaGhoABr/zRw6dCi9e/fG5/PRvHlzAPLz8+nWrRvdunVj2LBhAMa1tXr1aj799FMArr76anr06MHGjRt5/fXXAfjggw9IpVKMHz+eXr16Nf4x76GHWLZsGX379mXChAnfOd9TTjnFfN+lSxeeeeYZMydxUQ0aNIgnn3xym2vnzp1Lt27dGDJkCACXXHIJK1as2OkeFRQUMHr0aADjCF+1ahWHH344jz76KADvvvsu7dq1Y9SoUQBceOGFTJ06lXXr1rHfNGP/iwAAIABJREFUfvvt9B6KoiiK0hQVsJSfLL897iCa5fo485bniMYaw87fW+ula5/f4N08g00bvzVCi5TgicPHGq4uIotVeHG73SxatIj+/fvjdDqJx+NGOPJ4PPj9fmKxGC6Xi2QyaVxT0WgUj8dDNBo17iarG0xK5KwPOS7ZVfIQoUtcXBLaDo1ikZQailCVTqezygPFKSbuLsmYEkFO7medlzjYRFCSvbKKVtaOjvJczhXRTgQ7mVcoFCInJ4dYLGacVzKmdHsM5uaR0/VEPt7kQExWbpeD1yecz9EHd/0RPlGKoiiKsnPOO+88LrnkkqxjxxxzDAsXLuS5557j2Wef5aCDDuKGG27Y5tp4PM59993H7NmzTelgMpk03xcVFQFkuY2rqqoAjMuquLgYgJKSEvr27bvT+e4oA8t6D/n3vyk1NTVmTgA+n4/+/fvvkoglFBYWctdddzFx4kTuvvtuhgwZwnXXXUd1dXWWc8xut1NUVERpaakKWIqiKMpuoSWEyk+aEwb3YO5TV9Gt/dYfrr6uzOFr31B6Dzgsy/lk7cJnDS0XNxVgHETpdJrly5cbF5QElAsOh4Pc3FwT9i5ilcvlIp1Om7wsl8tlcrMSiURWJz8RmCRTS8oDm2Z2SUlfPB43YemAEbasc5dAenFXCSK2iWAl41l/eJXvrXlggMngkiwwKf+T402dbjInWYc4q0SwisfjhMNhKisrTRlnx2492VJ8Emuqt+5xt/ZFfPH0VSpeKYqiKD95vv32W0aNGsWbb77Jtddey5dffsnjjz++zXkvvfSSOWfmzJnk5uYCmAYx0nXQ6owW8am8vBzA5ESJkLU3KSoqoqKiwjxPpVJUVlaamIVdIZFI0Lt3bx555BFeffVVKisrjahmzbxKpVKUlZWZvVAURVGU74sKWMpPnp6dilkw6WouOPFgcyySsjOjqhv7Dzpxm78wimhk7b4nriMpCZS/RD7zzDMEAgEjxkj+k7iVPB6PcRNJaaHkP1nD2H0+Hy6Xi1gsZjK6xLkkHQtF7BHxKZFIZLmyJG9KRDZr6aIIXtbXRSRLJpO43W5sNpsJjbeW+DUVqjwej9kLOUeC5gEjWlmdYSL6Sc6Wz+czpYtS+ijClnQ1lPM7HXwcXyQGEEltDWa/ePRAFky6mp6d9v4P54qiKIryfVi1ahWvvfaaeaxcuZJZs2Zx1VVXMWPGDPLz8wHweDzm38Rly5bx3nvvmU7Aq1at4tlnn6X+f12Upavhgw8+yOTJk022FsDw4cNxOBzcf//9vPzyy0yePJnWrVtz4IEHUl1dzXXXXceHH364V9Y6YMAAvv76a2bPnk0kEuHJJ5/k7rvvpri4mNraWpYvX055eTmvvfbaDsf4/PPPOe+88ygpKSGRSBi3+CGHHMLGjRuZPn06oVCIp59+mmbNmtGtW7e9shZFURTll4+WECo/CzxuB/+66TRGHNKNi+54kVCkURCaWVJA5wNPx182i00bv80qbQOMgORyuYzYIiWHALNnz+bkk0/G5XIZQUrErFgsRm5uLpFIxIhL8Xg8K0jd6XQSiURMhz05HolEskLm7XY7sVjMuLQkw0v+wiklf4ARpeSY0+kkHA6bMHW5b319PTabzQhw1uD62tpa44yCrRlhEgwv4po1C0uuF7FKSv8SiQQ+n49EImFEKxGnrB0KrUHyiUQCfyCIvdsYZm12mpLBXL+Hp289gzFH9tzrnxlFURRF2R3mzJnDnDlzzPOLLrqIc889l/r6eh599FHS6TRDhgzh0ksvBeCCCy7gqaeeYurUqdxxxx0sXbqUF198kd69e9OxY0dKSkro2rUrV155Jc899xxTp06ld+/eJherdevW3H333TzyyCM89thjdO/eneuuu878+7969WpKSkp2OF9rBhbAddddR+/evXdprcFgkDvvvJMHHniAP/3pTxx00EHccsstBINBxo0bxzXXXIPP52PgwIGm1LEpgwcP5ptvvuGiiy4iHo8zaNAgTjvtNLxeLxMmTGDChAncc8897L///tx1113arEVRFEXZbWwZbQWi/MxYV1LN6Tc+y/yVm8wxp8PGiA5hln32FqFQyDiBRGiRUHSr+CIOpgsuuIBu3bqZLnk+n884j3w+H5lMxohLLpeLcDhsuh2KcCSviQNLygfFAWUtcZTvrYKXCFaZTIZoNApg1hGJREzQuwhQOTk5JJNJvF4vubm5WaWIkUiEiooKtmzZwowZM4zzyypoyVxFRJNOinl5eaaLooiBEu4urjFxpmUyGdxuNzU1Ndjtdrxer+na2LnfcGaWFpJIbv3fyyE92/P8HefQrjh/r39GFEVRlF8W8m+tNe/S2rAklUppaZqiKMpPjOrq6qwO5fI7iTWGREXtXx91dXUALFiwYJev6devseGXlhAqPzs6tirgsyev5MbfDjX/w0skM0xb4yXS+XT6HXqkcRtZ3UUi2IhwJYLR559/js/nw+PxmPJBqwhl7aBXV1dHJpMxziMRm5LJJJFIBCCrhM/azU+69EjWlJToSWliU2HL5/MRi8UATN6VCEjyg7s4niTnS7oQWsshJRdLBDTJ0rKuS/ZCxCuZtwSzi2AnIffWMsj8/HwcDgfxeJxuvQYQ7nQaH2wqMOKVzWbj5vOHMevxy1S8UhRFURRFURRFUXYLFbCUnyUOew5/GzeST/99Bf26tzbHS+szvFvakeKB59CpSzdTKiiCjTXvSULHFy9eTENDg/lLgNfrNZkWgMmYymQyxnlkDUi3ZlRJiaIIRyKENQ14FwFIRCzrX5TF1dXQ0GBErUgkYgQ1+ep2u01Gl+RlyVjiOCsqKsoKjJe/ekQikazujCKGxeNxI5BJULuIbSLcyfmAKW3ssF9nWg86jw+ru1LWsPV96t+9DfMm/p6/Xnosdrv+70ZRFEVRFEVRFEXZPfQ3SuVnzcAD2vHF01fx2A2nUpjrM8cXl+YwNz2ILgOPM10C5SECkLiaUqkUb7/9tnEzhcPhLBFH8rNEyAFMNpXX6zWZVeJCisfjRKNRk5UlYpIEtcNWx5PV2STfi1NMRDdxUgEmMysUCplAd7fbDWBEJRk7JyeHvLy87WZhyfiAmYesQcoTRWxr2bIlPp8Pv99vyg39fr8R9DoPGMkC+xCWVbrMfZrn+3nixtOY+/T/0adrq7319iuKoiiKoiiKoii/ElTAUn722Gw2Lh49kK9fup5xpxxqRCabLYeZm/OpancKA4460WRFiaAjbiSPx8OXX35p3FJ+v9+UGYrDCBqFnkgkktWpULobwtbyPpmTCGSAyZhqaGgwpYTitHI4HKYjoQhJ1mtFTHK5XKbTn8PhwO12m/B5t9tt3GbWOblcLuMak7VvTzwTMUtEKwmxd7lcVFVVmcwsEejsdjsHDx1NtPtYPqtogc0me2rj8lMHserF67nwpIO1pl1RFEVRFEVRFEXZI6iApfxiyA96eeQPJzN/0u85+IB25nh93M4ba3IJdTqDgcNPpqCw0DiUpByuoaGBTZs24ff7jZPJ5XIZkUkEHhG35JiUDIqA5HQ6jQBkHcPqlrKKW+KmEreXlPUlEgnjlpKug5LjFY1GjaAlLqumAlUsFsNms+Hz+cjPzzfliXKdzFHOlxJG6cTodrtxOBzmfjL/zp27cPQpvyPd87e8v7kFoaTT7PPAA9qx8NnxPHzdGPICnh/lPVcURVEURVEURVF+HaiApfzi6N2lFZ/9+wqeuvUMigr85vimqiivLHezodnxDBhxFs2LigCMsPPGG28QDAa3KZGzhqZbs6KkNFACz0W08nq9ptROrpEsKbvdbhxRkUgk61prRyWPx0M6nTYCmIhjkp0lQepStihrEAeYPJe1NO3yYXVdSei7BLRLSaTc1+Vy0alzZ44cczHLPEN5aYmdTVVRs6/FhQGevvUMPnvySnp2Kt77b7CiKIqiKIqiKIryq8OxryegKHsDm83Gb487iNOH9eapN77ggf/OYu3mKgAaomneWuXA5jmaQYMihNfPZfOmb1m6dCnr16+nRYsWRhwS15SIUIAp2ctkMlkilcvlwu12m1JEEZSsJYZSmijCVzweN2HvsLWDYTweN64rj8eD3W4nFovh9/uNu6qwsNC81rQsUMojJafL4/EYwUzGtZYpiniVSCSMiJVOp2nTrgPeDofw8Tc2MssBtl7TuW0zfn/mYC448WC87q1OLEVRFEVRFEVRFEXZ06iApfyi8XmcXHn6YVx5+mG88MFiHpgyi8+XbgAgQw6fbvaTcRxFr4EZOnrKeePNN7nwgguM20lC091uN/F4HNga4C4lfZJHJaJRIpEwoeupVIpYLEY4HDYimAhY1hwscUxJp79oNGo6GUpJoN1uJxKJAJhSRcm4kuOZTMaIT1IW6HA48Hq9Jhw+mUya+UvJojiwCgsL8fn9dDrgINY0FDCn0ontm+wcq0EHdmD8WUdw6tADf5T3UFEURVEURVEURVFUwFJ+NZwxvDdnDO/Nl8s3cs+zH/Hqx0tIpxsFoqVlNpZSjNNeTN4nGzhj+IG47Y2leT6fz4hN4qISsUnypKzZVyIMiWtKXE0SCN/UeSUillwvgpO1tM/r9VJbWwtg3Fsej8cIZeIEE7dXLBYDMEHvwWCQmpqarDwvEedkHb0PHkwytwufbbCxvFHjQzLYc3JsnHJUL/4w9igG9Gj7I75riqIoiqIoiqIoiqIClvIrZECPtrxw51jWb6nm/smzeOrNLwhF/ueuSsGU2ZuYMnsTzXLdXHr8gQzu5cXryDEOLCnDExFKhKDc3FzC4TCAKTGUjoEiTElAvIhW0JhX5XQ6swQyh8Nh8q9cLpcp/0smk7hcLgKBgBGiJJBeuhvGYrGsMka3243X6zXnCplMhm4H9MVZfACLKwN8WOWEquy9CvjcXHjiwVxz9hDatsjbe2+KoiiKoiiKoiiKonwHKmApv1o6tCzggWtO4i+XHMN/31vIlHcXMmvhWvN6ZV2MO6d8CUBRnodTBnfhsJ4tKQq4SMejRkCSkkAJas/Ly6OmpgZo7EJYV1dHJBIxZYKxWAynszEzSsoHpYOgx+Mx5YXinpJSQvne4XAYJ5eMIZlZkqHl9Xqpq6sjJyfHXOd2u+nQcT+69hpA0tuSt5eEWGT3QsW2ezPowA6cM7If5xzbj1y/dhRUFEVRFEVRFEVR9i22jNWSoSi/cjaX1/HCB4t5acZiPvtq/Q7Pa1noZfSgThzcrTktgnbSyTh2u90IUVKal0wmaWhooKqq0dqUTqeNi0oC3a1OLSnxkw6AOTk5Roz69ttvWbduHV6vl/z8fPLy8oxgJc6ruro6SktLqaysJJlM0q5dewpbdqCkIYeFm5Is2VC/wzX16tySs47pyznH9qNdcf4e31tFURRF2V2srmX544907pVHQUHBPp6loiiKYqW6utr8biO/J8nvL027pCu/Hurq6gBYsGDBLl/Tr18/QAUsRdkhG8tqmfzuAp5/bxELV23+znNbFXoZ1KMVPdrn077IT4t8LwGvk3g0TCgUor6+nrq6OpLJJHa73fwAHggEzP+0pWOhlBBKh8F0Ok19fT2rV6+mpKQEl8tFYWEhXq+XQCBAIpGgsLCQZBrqohk2lNbxdUkDy0vibKiMfee8O7Qq4KwRfTnrmL706txyj+2doiiKouxJVMBSFEX5+aEClrI9VMBSlL1MWXUD7839ms8Wr+ej+WtYvq5sl6/t0T6fAzsU0LrAQetmQewkcTtsOHLA7/NAOkUmnSLH1hjq7nK58Pn8uNxuXC432HKorq2jtKyculCUSDxD0uamvCHFhooYKzbVsb6kepfmUpDrZdhBXRg2oAu9u7TisN4ddndLFEVRFOVHQwUsRVGUnx8qYCnbQwUsRfmRqawN89H8Ncz4cjWzF61jyZot+3pK2yUv4OGwAztwZP/ODD+4C/27t9nXU1IURVGU740KWIqiKD8/VMBStscPEbA0xF1RdoNmeT5OHXogpw49EIBwNMHydaWsXF/Oqg3lrFxfzsoN5azaUEEkltjr87HZbHRt15y+XVvRu2tr+nZrTZ8urWhdlLvX760oiqIoiqIoiqIoexsVsBRlD+DzODlo/7YctH/bbV7bsKWGlRvKWbG+jPKqBirrwtSFYtSFotSHY9TUR8zzytowAAGfG6/bgdftxOt24vM48bldNM/307ZFHm2L82hblEfbFvm0bZFHpzaFP/aSFUVRFEVRFEVRFOVHQwUsRdnLtG+ZT/uW+YwY2HVfT0VRFEVRlF8Ar732GhMmTGD8+PGceuqp+3o6iqIoivKjkLOvJ6AoiqIoiqIoPwUaGhq44447GDVqFKNGjeL6669nw4YN33lNKpVi8ODB3HzzzT/KHBOJBDNnzuTEE0/8weLVm7NXkD/8L0yevmgPza6RhatK6HrahD023onXTuS5d3Y9KyWZSmMfdBPeIbfiHXIrzY75KydeO5G5y74157z/xeqsc/KH/4WRv3+K1RsrzTnVdRGuuHcqbU64C88Rt9L99H9w5zMfkUql99jaFEVRlF1HHViKoiiKoiiKAtx0000sXLiQ0aNHk5eXxyuvvML48eOZNGkSfr9/X08PAKfTyX333bdHxpr41jzuumIkk6bN4+xj++yRMfcGz952Jh7X9/+15euXrqNtizxKKup57p0FjPi/J5l2/+84/H9dmDu1KeTrl64DGvNMb338Xc7503/5/KkriCdSjLjqSVo1CzL9wQvo2KqARatLuPye11izsZInb1Hnm6Ioyo+NOrAURVEURVGUXz1Llixh/vz5nHzyyVx77bVcdNFFXHLJJZSWlvL555+TTqd54oknOOmkkxgxYgQ33HADNTU1HHfccQB8/PHHXHbZZQDMmTOHsWPHMmLECMaPH09paSkAr7/+OmPGjOGkk07i2muvZfDgwaxYsQKAWbNmcfbZZ3P00Udz1VVXGefX+++/z+DBg5kwYQLHH388b775JoMHD+aZZ57Z4Zw2bdrEmDFjmDJlyg7XW1UX5qs1pYw7eSDfltWyubzOvFZTH+XMmyfTYfTf6XnW/bw3dzXQ2IX5hGsm0uXUe+l0yj089MKn5pq7Jn5Eh9F/p9+5D/HWpyuy7nXHMx/S48z7OOA39/N/E14nnkgBcMofn+OvT37AiddOpNMp9/DXJ2dw73MzGXbFv+hx5n0s+roEgHNve56XPvwKgEnT5rP/GffR+ZR7GXr5v/i2tHan722r5kH+MHYI1559BDc+8s52z/F5nNx6wXC+XL6JulCMFz5YTEVNiJfvHkuvzsUEfC4O792Bqfeex+R3F7JiXflO76soiqLsWVTAUhRFURRFUX71LFu2DIADDzzQHBs9ejQff/wxQ4cO5aOPPmLSpEkcfvjhjBs3jtmzZ/PUU09x9913A9CnTx/Gjx9PSUkJN910E3a7nYsvvpiVK1dyxx13sHbtWu655x7y8/MZO3Ys69evN/fZsGEDt9xyC16vl4svvpi1a9dy/fXXE4/HzTnTp0/ngAMOwOv1mmM7mpPX66VLly60bNlyh+ud8u5iTh/eC5vNxm9G9OE/0xea1/70xLu0bp7L+ql/5OlbT+PMmycTjSW5a+JHtGwWYPXLf2DGIxdzwyPvsLm8juXryrj3uZl8/tTlzJ/0f6xYV2bGmjpzGVOmL2LOk5fz1X9+z6byOh579XMA7Dk25i7dyOsTzuOdBy7gb0/PoKjAz4xHLuasY/ry2CufZ825qi7MuL+/xrT7z2fNK3+ge/vm3PnMh7v8Hp8+/EA+W7LBCGhNSaXTZl4zF6zlpCN64HLas87p2KqAQ3q2Y8a8Nbt8X0VRFGXPoCWEiqIoiqIoyq+eUCgEQCAQMMdsNht2e6OAMWzYMIYNGwZAJpPhscceY/Xq1fz+978HID8/n27dujF58mTi8ThXXHEFAwcOpKKigsmTJzNjxgwArr76avr27Ut9fT1PP/00AB988AGpVIrx48fTq1ejqPTQQw8ZUQ3giiuuYMyYMSxdutQc29GcCgsLmTDhuzOoJk2bx8Q/nQHA2JH9GHP9JP4wdggAb36ygpfvGgvAwAPaseblP+BxO7j7ipEkko3iT8dWBbQvzmddSTWLV29hSN/9aNks+L/x+jNnSWPe1Oszl3Pucf3IC3gAuPCkAfxj8iyuOuMwAEYd1h2bzUbnNoWkUmmOO6w7AJ3bFjJ/xaasORfm+ih9+2aCPjcAR/bvxDNvzvvOdVpp3TyXdDpDKBLf5rWGcJy/PvkBR/XvhN/roqY+Su+urbY7TqtmQdM5WlEURfnxUAFLURRFURRF+dVTUFAAbBWymhKPx7nvvvuYPXs2NTU1ACSTyW3Oq6ioAOCaa67JOr5pU6MY06rVtqJIVVUVgHFMFRcXA1BSUoLT6QSyhbXvO6emLFtbxvyVmxl00T/NsYZInPkrN9O/e2vKqkLkB7c6vQpyG79f9HUJf37ifcprGsix5fBtWQ3pTIaquog5B6DQ8n1ZdQOvz1pu3FSpVJriwq1r8Xsb12e3NxaG+Nyuxuc5OcYRJaTTGSY8N5Ppn38NNIast2+Zv9P1CpvK63A57eQHG8W0bzZV4R1yKwAel4Mj+u7HM386HYAWBX42l2+/PLGksp4j+3fa5fsqiqIoewYVsBRFURRFUZRfPV26dAFg6dKlDB8+HICpU6fy8MMPc+utt7Jp0ybefPNNbr/9do488khOOOGE7Y4j4tONN95Ir169gMbOgbNnzwagtLTUnCO0aNECgPLycpo3b24ys4qLi424tT1eeumlXZpTUyZNm8/tlx7DDecdaY7dP2U2z06bT//urWlR6Ke8poH9WjeKeivXl9OxVQHn/Ol5/jB2CBeeNADAdBosyPVSUx8xY5VWNZjvWzYLcvPvhnL1bw7fpbl9F8+/v5hXP17GzMcuJT/o4bl3FjDxrfm7fP3k6QsZMbArNpsNyA5xb8rQAZ256h9v8I/fH4/X7TTHvy2tZe6yjfz7Zg1xVxRF+bHRDCxFURRFURTlV0+vXr3o27cvL7/8Mg888AD//ve/efzxxwkEAvTv359wuLFkbNWqVTz77LPU19eTTqex2+34fD6WLVvGe++9x1FHHYXH4+E///kP8+fPZ/LkyTz00EMcddRRANx///288MILvP322+bew4cPx+FwcP/99/Pyyy8zefJkWrdunZXHtT12NKfq6mquu+46Pvxw23yoVCrNc+8sYMyQA7KOjzmyJ1PeW0Qylea4Qd154tW5pNMZ5q/czGEXP0om0xji3rdbo4PsuXcWUF4doiEc57AD2zNz4VpKKupJpdJMfGtrWd+JR/TgP+8soD4cA+CJ1+byzFu7XvZnpbI2TMdWBeQHPVTXRZj41nwawtuWAzalIRzn4Rc/5f+9+Bm3Xzpil+41ZsgBdGxVwMnXP8uytWVEY0nmLvuWk//4LBeccBBd2jbbrTUoiqIou48KWIqiKIqiKIoCxsk0bdo0XnrpJQ444ADuv/9+gsEgp59+OgcffDAvvvgiixYtomPHjpSUlJDJZLjgggsIhUJMnTqV4uJi7rvvPvx+Pw8//DCLFy9mzJgxdOzYkRtuuIHq6mqef/55Wrdube7bunXr/8/efUdHVTxsHH+yGyAJpAEhdOlSQxMU6R1pKkhQiiAqiGIXFEFAEQFFFAXkJypNQ6+CFEGqgIA0AQXpnQSSkErK7r5/xOybDbvJJgSywPdzzh6TW+bOzF5D9snMXI0bN07x8fGaNm2aSpYsqU8//dQ6fdARR3WKjY3V8ePHdenSpZvO+XXXcXl75VPlMgE228sW91exQt5as+OYRg9oo+sxN1Sy01j1HDFPc0c/I4987vqwfys9OWSOavT4UmERsXo1uIFeHLtE/t6eGvRUA9Xt87Wq9/hSDWuWUbIpZfpf58ZV9GSz6qrXd4rKd/lMSzcdVpv6FbP1/nRvFaSwiFg92O1zPTX0J338UhuduRyh4dPW2T2+4lMT5NnkA5Xo9Il+3vq31k9+QTUdrGuVntFo0JpJz+nBBwLU9vUf5N/6Qz07aqG6twrSV293zlb9AQC3xs1isVhyuxIAAACAI6m/rprNZlksFpnNZpnNZplMJusrdQ0rV3b8+HHrVMWxY8dq1apVWrBggU2YBQD3ioiICBmNRuvLYDDIYDDIzc1NBkPKWJrUKb24f0RFRUmS9u3b5/Q5tWvXlsQaWAAAAMBtFxMTo4EDByo4OFi+vr769ddfVaFChTseXr32+QpNWbTzjl7zXnVy6RA9kIVF5AEAt4YRWAAAAHBp98oIrAULFigkJERRUVGqVauWBg8ebPephABwL2AEFuxhBBYAAADg4oKDgxUcHJzb1QAA4K7EIu4AAAAAAABwaQRYAAAAAAAAcGkEWAAAAAAAAHBpBFgAAAAAAABwaQRYuKsdOnFZm/aecPkyAQAAAABA9vEUQjiUp+F7MptTHlttMLipVKCfOjxaWUN6N1OpQL9crp0UHhWnh/p+paRkk37+/Dm1f7TybS/z7Uk/68t521S3ckn98kU/FfbLf8vXvNslm8zK12ioJGnDlP5qVqd8LtcIAAAAAHCvYQQWMuWT30O+BTx05lKEpi7eoYf6fqV9Ry/mdrVUwDOfqpcPVGDBAipXvOBtL3P3kXPasu+UWtaroA1T+hNeAQAAAABwhzACC5n6+p3H1atdHZ25HKFnR83TtgOn1XNkiPbPeVN58xhzrV558xi1Z+brd6zMelVLaffM13L0egAAAAAAIHOMwILTHijqr58+6iGj0aCjZ8L0y/Z/rPumLt6hqk9PkGeT91XxqfH6euHvNueeuhiu4Pd/VOBjH8mv5Qg1GfCN1v1xzLo/Mcmk96euVunOnyh/s2Gq3ftLzfv1gCTp9KUIGRu8K2ODdzX7lz8V+NhHevGTRUo2ma3bN+09YXPcpz9uUtknxyp/s2F6fPDtAoilAAAgAElEQVRMXboa5dS10pcpSWazRZ+HbFHl4M/k2eR9lesyTqN/2KBkk1lSyppZxgbvKl+joZqzeq8qdftU+ZsNU8MXp+jv06EO+zMq9oaeG71Afi1HqFj70Xp1wjJV6Dpexgbvav3uf53q26xcO6NyHPWxJEVExevVCctUouPHKtBsuOr2maRFv/2V0a0CAAAAAECOIsBClpQs4qvalYpLktbvSglZPvjfWr06YZmOnglTEf8COnUxQm9MXKHvV+yWJMXdSFKrQd9q8ca/9GDpADWuVVa/Hzytjm/P0I6/zkiSnhs9X+PnbNLl8GgF+BXQweOX1HNEiBZvtA1KXvhkka5GxioxyZRhPYdOWa2ExGTdSEjWym1/q9fIedZ9zl4r1RtfrNCQr1fp33NXFeBXQGcuRWjU9HV668ufbY5LNpnV96P5iruRpMQkk3YeOmsNgewZMHaxZv/yp6LjEuTmlhIwnboYbnNMZn3r7LWdLUey7WOLxaKOb/+gqYt3KG8eo+o8WEL7j11U92E/asPu447fAAAAAAAAchABFrKsRICvJOlC2HWFRcRq/JxNkqRv3u2iM8vf16yR3SVJH373qywWi/YevaDTlyLkW8BDm6e9pJ8/f04vdXlENSsU055/zuvwySvWEVBbpg3U6WVDNfKF1pKkr+Zvs7l2q3oVtGLCc3qvT/MM6xgyuocurvpAP3/+nCRp094T2nf0YpauJaWMHJuyaLskadHY3jq74n2tmJBS5pRF228a5bR43LM6//MwhXzUQ5K0468zSkhMvqnc4+evacGGg5Kk74Z108VVH2jH94NsjnGmb525dlbLSdvHe49e0M5DZyVJ26e/oi3/G6jW9StKkuav339TuwAAAAAAuB1YAwtZ5ub2/19v2ntCJpNZHvnc1a9TPUnSU81r6NlR83Qh7LquhMfogaJ+cjcadD3mhnp8EKLurWvp4wHt5O/jKUn6ZskOSVK5EgX1SPXSkqSXujyi4gE+KuCZz+bak995UuVKpCyunjqFz56Hq6WU0/7RyipZxFfnQ6/r4IlLiruR6PS1JOm3PSnTCIsV9tGTzapLkjo0rKwKJQvp+Plr2rLvpBoGlbEe36hmyte1/hulJklXwmNUuqjtUxv3Hr0gSSro46W+HepKkupXLWVzjDN9m5aja/9x+GyWyknbx5Jk2jHeZn/18kX1665/dT70+k39BQAAAADA7UCAhSw7ezlSklQ8wMcaftxISFa+RkNvPvZKpOpXLaUfP3xGr3y2VAs2HNSCDQflbjTohcfr64s3Oisy+oYkyd/by3peEf8CeqFzfUkp6zOlMhjclFWF/fLrfOh1hYbHWEMvR9dKH4qFRaa0r2ihAjbbixby1vHz1xyGOG5pUj5zuhFOknQlPFpSSh+mPdb2mMz71itfnkyv7Uw5Rfz/v33p+3jbgdMaO+s37Tt6QaERsdYRW3aaBQAAAADAbUGAhSw5czlCB45fkiQ1r1tB8QlJklKe3jfoqUdvOj41GOnWMkiPN6mmTXtPaNXvf2v68l2atmSnKpQsLH/vlJFYEdFx1vNuJCTr9KVwubsb5W68tZmuoREpAU5gwQKKu5GU4bXKFPO3ObegT0rQFRoea7P98rWUAMrfx0vZUayQjyQpLCLG4TG+BTwkZdy3MXEJmV7LmXIc+ft0qNq8Nl2JSSa93aOJ6lQuoZC1+7Ry29+ZXhcAAAAAgJxCgAWnnbsSqV4j58pkMqt8yULq2LCKwiJjZDC4KTHJpBoViunZ9inT4ZZtPqwqZYqoTDF/TZy7VWNn/qZW9Spo7sc91ebhSoqJS9TMVXt04vw1DezaQJJ08kK4dh05p/pVS+nb5X/ozS9WKKhCMS39tE+W67rjrzMqU8xf6/44pothKU8grFWpuIwGQ4bX2j3zNZtymtctLyllva/lWw7r8SbVtHbnMR0/f02S1OK//VlV58EScnNz05XwGC3ccFDdWgZZpxWmalanXKZ9e+jE5Uyv5Uw5aUe5pbVp7wklJCarbPGCGj+ovSRp6aZD2WozAAAAAADZRYCFTL0+cYXenrRSVyNTRiEV8vVSyEc95JHPXaUC/fRu72YaO2ujnhu9QMOmrVF8QpIiouIVVKGY9s5+XU82raaPvvtVCzYcVFhkrAr5emn5liOSpE6Nq6pauUB1axmkhRsOqlH/qSpZxFdn/gtUXn+6Ubbq3GvkXL07+RddupYSXrWuX1FBFYpJUpauVbFUYb34eH1NX75LXd6drZJFfHXhv0CsR9vaqlWpuFMhUnrlShTUM21qKWTtPj09/Ce989VKa7mpnOlbZ9xKOal9dupiuB7s9qnMFotOXkh5UmLq6DsAAAAAAG43nkKITEVGxys8Kk4PFPPXS10e0Z6Zr+uhKiWt+z9+qZ3+N7SrqpcvqrCIlJDrqRY1tOCTXnJzc1PZ4gW15X8D1aFhZe35+7zW7DymOg+W0OJxz6rtI5UkSbNGdNfgXk0VWLCALoZFqWrZQH0/vJv6dngoW3X++KV28sjnrrx5jHq8STXNHvW0dV9WrzVl8JMaPaCtyhTz1+Vr0SpZxFfDn2upH4Z3y1bdUk0d8qT6dKirAl75ZLZY9GH/NtZ9HnnzWNuRUd86K7vlNAwqo++Hd1OFkoV08WqUHijqb31q4+GTV2Q2sxAWAAAAAOD2c7NYWIoZ94bTlyJUvss4SdKJJe/dtJ6Vq7kSHqP9xy5aQ7x5vx5QzxEhMhjcdGHl8AzXpgIA4H6S+uuq2WyWxWKR2WyW2WyWyWSyvvz9XfvffQC430RERMhoNFpfBoNBBoNBbm5uMvy3tEtW/iiPe0NUVMrMo3379jl9Tu3atSUxhRDINQPGLtbP247ogWL+KuCZV4dPXpEkDezSgPAKAAAAAIA0CLCAXPLJy+2UN49Rv/15XJeupkxl7Nepnl4LbpjbVQMAAAAAwKUwhRAAAAAujSmEAHD3YQoh7LmVKYQs4g4AAAAAAACXRoAFAAAAAAAAl0aABQAAAAAAAJdGgAUAAAAAAACXRoAFAAAAAAAAl0aABQAAAAAAAJdGgAUAAACkEx8fr379+qlr165avHhxblcHAID7HgEWAAAAkI6np6eaNm2q+Ph4tWvXTpJkMplyuVY3CwsL08iRI3X48OHcrgoAALcVARYAAACQxtatW9WtWzdNnz5dUVFR6tChg8aMGaNly5Zp4sSJslgsmZbx2WefqVGjRrp27dptrWtERIT+/PNPXbhw4bZe5/Tp05o1a5b69eunPXv22Oxbu3atunfvrlatWum1117TxYsXrfsOHDig3r17q02bNnrrrbd09erV21pPAMC9iwALAAAA+M/y5cs1dOhQXbp0ybotOTlZq1ev1ldffaXQ0FCdO3cuF2toq1KlSlq5cqXatGlzW6/zwQcfyGKxKCYmxibAO378uCZNmqQRI0ZoxYoVKlasmCZOnCgpZcTaiBEj1Lt3by1ZskRFihTRlClTbms9AQD3LgIsAAAAQNLFixf15Zdf2mxr0KCB9WuTyaTAwECVLl3a7vkhISHq2LGjevbsqVOnTlm3//zzz2rUqJF+//13SdK4ceOso7PWr1+vRo0aacKECerQoYMOHTqkb7/9Vp07d1br1q313nvvKTIyUpK0ZcsW9ezZU61bt9Y777yjq1evavfu3WrUqJEWLFggKWX0WI8ePayjoc6ePWtTh88//1xdunRRhw4dtHr1aqf7Zs6cOerbt6+8vLxstkdHR+v5559XtWrV5OXlpfbt21uv+e+//8rd3V1t2rRRgQIF1KNHD+3cudOp6/3777/q2rWrJkyYoHbt2umZZ57RoUOH9O6776pFixbq37+/rly54nT9AQB3PwIsAAAAQNKSJUuUlJRks61KlSo23y9btkzx8fE3nfvPP/9o6tSpKlGihDp06KCTJ09m6dpr165V1apVdeTIEc2ePVsNGzbUSy+9pG3btumHH37Q2bNn9cEHH6hQoULq27ev9u7dqy+++MKmjLNnz2r48OHy9PTUiy++qFOnTmnIkCFKTEy0qWePHj1kNBr11VdfZamO9tSuXVtdu3a1fr9//37VqVNHknTt2jUVLlzYuq9w4cKKjo5WQkKCU2VfuXJFNWvW1JIlSxQUFKRBgwapa9euWrlypQICAjR//vxbrj8A4O7hntsVAAAAAFzBgQMHMj3GZDLp0KFDqlevns327du3S5LeeOMNValSRefPn9eKFSucvvYrr7yiJ554QpIUHBwsSbJYLJo2bZqOHz+ujRs3ymQy6bXXXlOFChVkNBpvGoG0YcMGmUwmvfnmm6pevbrc3Nz01Vdf6ciRI9ZjevfurSZNmujo0aNavXq1oqKi5OPj43Q9M3Ls2DEtXbpU06dPlyQlJibKYPj/v5e7u7tbt+fLly/T8vz9/dW6dWtJUpMmTfTPP/+ofv36klJGxm3bti1H6g0AuDsQYAEAAACSYmNjJUnPPPOMOnXqJCllVFZ6cXFxN21LneYXEBAgSXJzc8vStQsUKCApJdyZOHGitm3bZi0zOTnZuvh5oUKFJElPP/20JGn37t3WMsLDwyVJRYsWlSQFBgZKks16XqmMRqMk3TTiLLuuXLmioUOHatiwYdY+yJs3r82TG5OTkyXJqfAqPaPRaA3AJMlgMLjkUyEBALcPARYAAACglMDn7Nmzmjt3rubOnevwOH9/f4fbUqfNpV3oPDV4MZvNmdZh0aJFWrlypUaPHq2mTZuqY8eOkv4/GAsPD5e/v7+2bt2qq1evqmTJktZzixQpIkkKCwtT4cKFrSO0AgMDb+tTCmNiYjR48GD179/fZmRakSJFFBoaav0+LCxM3t7eyps3722rCwDg3sUaWLArdXHRjF7//vvvHalLp06dNHny5NtS9qRJk2zWbUD20I8AgHtB+mmB9nh7e6tatWo3bW/YsKGklH8TQ0JC9Ntvv1n3lSpVSlLKaK65c+dq8+bNDstPHd117NgxzZkzR9HR0TKbzWrWrJkMBoMmT56shQsXavTo0dZF4VO1bNlS7u7u+uKLL7R48WKFhISoePHiqlGjRuaNz6bk5GS9//77atu2rdq2bWuzr1y5cjIajVq5cqViYmIUEhKiRo0a3ba6AADubQRYsKtXr16aOnWq9ZX6BJm029L+xS+7Up+IEx0dnQO1BgAAyL7OnTvbLDpuz3PPPWedfpdWpUqVNGjQIJ09e1bLly9XUFCQdV/16tX1+OOP6/Dhw1q7dq1q1qzpsPxu3bqpXr16WrhwoQ4cOKAyZcro0qVLKlWqlEaPHq0rV67om2++UfXq1fXuu+/anFu8eHGNGzdO8fHxmjZtmkqWLKlPP/1UefLkyWJPOG/37t3au3evvvnmG5s/dP7+++8yGo368MMPtXDhQnXp0kVhYWEaOHDgbasLAODe5mZJO74ZcKB58+YKDg7O8V86fv75Z40fP16rV6+Wt7e33WM6deqktm3batCgQTl6bSnlr6RbtmzR4sWLc7zs+wn9CAC4nVJ/XTWbzbJYLDKbzTKbzTKZTNaXvWl92XH48GG98847dv+41qZNGw0bNsxugAUAsBURESGj0Wh9GQwGGQwGubm5WR/wkNX1AnH3i4qKkiTt27fP6XNq164tiTWwkAM2bNigmTNn6vz58ypZsqRefvllNWjQQFLKYqjffPONtmzZohs3bqhy5coaOHCgqlSpovbt21tv3scee0xt2rTRiBEj7F4jJiZGH330kbZu3Sp3d3e1a9dOgwYNsvkFcv369ZozZ47Onj2rgIAAPfnkk3r66aetPxTNZrOmT5+uFStWKCEhQY8++qjNXyRHjhypffv2admyZdYfqBs3btQHH3yg7777TpUrV7ZbtyVLlmjhwoW6cuWKSpYsqT59+qhly5aSpLZt26pr167q37+/9fi33npLkjRx4kRJKQFd8+bNdf78ee3fv1/ff/+9ihQp4rDfnG1vep06dVLHjh114cIFbd++XXny5FH79u318ssvW/vRYrFo3rx5Wrp0qa5evarSpUvrhRdesBnun1k/OmpT2bJlM7xXAABwBdWqVdOMGTM0e/Zs7dixQ1FRUSpdurS6du2q9u3b2zxVDwAA3Dn8C4xbsmbNGo0cOVKNGjXSxIkTVa1aNb333ns6duyYJOmzzz7Tjh07NHjwYI0fP14Gg0FvvPGGrl69qhkzZuill16SJM2cOVOvvfaaw+usWrVK/v7+GjNmjLp27apFixZp5syZNvtHjRqlhx9+WBMnTlSnTp00bdo062OcJWnevHmaM2eOOnXqpE8++UTFixfXunXrrPvbtm2r8PBwHTx40Lpt27ZtKlGihMPwKiQkRJMmTVL79u315ZdfqkmTJho5cqS2bt2apX5ctmyZvL29NXDgQPn5+WXYb86211F9S5curTFjxqh9+/aaP3++5syZY93/ww8/aPr06erdu7e++uorlSlTRsOGDdPJkyed7kdHbcrsXgEAwFUULVpUQ4YM0dKlS7VhwwbNmDFDHTt2JLwCACAXMQIL2WaxWDRt2jS1atVKAwYMkCTVrFlTBw8e1MKFCzVs2DDt2rVLHTt2VOPGjSVJDzzwgCZPnqyrV6+qcuXK8vX1lZTydBxHUwillCmMr776qiSpfv36un79uhYtWqQ+ffrIzc1N06ZNU9u2bfXyyy9LShlimJSUpNmzZys4OFje3t4KCQlRx44draFZ/fr1FRoaqgMHDkiSHn74Yfn5+Wnjxo2qVauWTCaTtm/fri5dutitU1JSkmbNmqVu3bqpd+/ekqSgoCCdPHlSy5cvt7bZGY0aNdKHH35o/T6jfvP398+0vX5+fnav065dO73wwgvW9kZGRmrBggXq3bu3jEajdu7cafPo8AoVKmjjxo3auXOnypUrJ5PJlGk/2muTM/cKAAAAAACO8GckZNvp06d19epVNWvWzLrNYDAoKChI//zzj6SUQGfVqlVatGiRLl26pIIFC2rEiBEORzQ5kvpY6FQNGzZUdHS0QkNDderUKUVERKhFixY2x7Rq1UrJyck6ePCgrly5osjIyJuefJMaoEmS0WhUixYttHnzZlksFh04cEDR0dFq1aqV3TqdOHFCsbGxevjhh222jxo1Sh999FGW2le8eHGb7zPqN2fa60j6kLBp06aKioqyjuyaPn26XnzxRet+Dw8P+fj46Pr165LkVD/aa5Mz9woAAAAAAI4wAgvZFhERIUkaPnz4TftSn+AzcuRIzZ49WyEhIfryyy9Vvnx59evXT02bNrVb5uDBg7Vjxw7r90uWLLF7nI+PjyQpPDxc8fHxkqRChQrZHFOwYEFJKYvEXbt2zWabI23atNGSJUv0119/adu2bSpbtqzKli1rt24jR46UpJsWjc2bN6/y5s2b4XUyk1G/pfZ7Ru11th9TR2pdu3ZNgYGBioyM1IwZM7R9+3aFhYUpOTnZ5nhn+zE9Z+4VAAAAAAAcIcBCtnl5eUmS3nvvPT344IM2+9zdU24tT09PDRgwQAMGDNDp06f1008/adiwYZo6darN46VTvfnmmzYLnjsKSiIjIyWlhEepYVHqtlSpYYuvr6817EldNN6R6tWrq3jx4tq0aZO2bdumDh06OKxbQkKC3eumld2namTUb6mjnTJqr7P9mBospe4fPHiwjEajRo0apdKlSytfvnzq2rWr9Xhn+zE9Z+4VAAAAAAAcYQohsq1cuXLKnz+/zp49q4oVK1pffn5+KlKkiM6dO6eBAwfq0KFDkqQyZcro7bffliT9+++/km4OeIoXL25TVmq4ERoaanPc9u3b5e3trcDAQJUrV06+vr7atGmTzTEbNmyQ0WhUUFCQAgMD5e/vf9Pi6qkBTlpt2rTRypUrdfHiRZvpg+nrVqlSJXl5eWnXrl0250+dOlUff/yxpJRgKCwszGZ/RoGXpEz7zZn2OurHuLg4m3O2bdsmPz8/BQQEKDIyUn///be6dOmiatWqWacbJiYmWo/PSj+mldm9AgAAAABARhj6gGzLmzevnn/+eU2ePFlGo1ENGjTQ1atXNWXKFLVo0UIvvfSSoqKiNG7cOL300kvy9fXVmjVrZDQaVatWLUkpT/mRUp6qV7duXVWsWNHutTZu3KhJkyapQYMG+uuvv7RixQr169fPGsy8+OKLmjBhgvz8/PTII4/o8OHDmjVrlnr27GkdsdSzZ09NmTJFPj4+ql27tvbs2aMNGzbcFKC0adNGM2fOVOXKlVWiRIkM29+zZ0/98MMP8vHxUVBQkPbv36958+ZZpxfWq1dPq1atUs2aNVW4cGGtW7dOx44dU/369R2WW7x48Qz7zd3d3an22rNq1SqVLFlSNWrU0B9//KE1a9aof//+MhqN8vHxUeHChfXjjz/K3d1dycnJWrx4sWJjY62jzYxGo9P9mL6vMrpXXnnlFYfnAgAAAABAgIVbEhwcLC8vL82dO1chISEqWLCg2rVrp+eee05Go1Fffvmlpk6dqjFjxigpKUnlypXT+PHjVb58eUlSnTp11KJFC02fPl1nz57VkCFD7F6nZ8+eunjxooYNGyZ3d3c99dRT1if/SdITTzyhPHny6KefftK8efMUGBioV155RcHBwdZjunfvrqioKC1btkwLFy5UgwYN1K1bN23evNnmWqVLl1bBggXVsmXLTNvfp08feXh4aPHixfruu+9UunRpjRgxwnruCy+8oIiICH399dcyGAxq3ry5HnnkEZnNZodlOtNvzrTXnjZt2uj48eMKCQmRyWRScHCwevToISllUfXPPvtMX3zxhcaMGSM/Pz/17NlTSUlJOnPmTJb7Mb2M7hUAAAAAADLiZrFYLLldCcCVHDlyRP3799eSJUvuqeltnTp1Utu2bTVo0KDcrgoAAFmS+uuq2WyWxWKR2WyW2WyWyWSyvtI/VAUAkLsiIiJkNBqtL4PBIIPBIDc3NxkMKasZZXfNYNy9UtdT3rdvn9Pn1K5dWxIjsACra9eu6cCBA5oxY4ZatGhxT4VXAAAAAADczVjEHfjPkSNH9PHHH6tIkSJ65513crs6AAAAAADgP0whBAAAgEtjCiEA3H2YQgh7bmUKISOwAAAAAAAA4NIIsAAAAAAAAODSCLAAAABwV8hoqonZbL6DNQEAZCSjn8lMG0R2EWABAADgrkeABQCuI/VnMmEVchIBFgAAAO5Kbm5u1ldycnJuVwcA8J/k5GRreEWIhZxCgAUAAIC7ir0PQ0lJSblQEwCAPYmJiTdtI8jCrSLAAgAAwF0n/QehpKQkWSyWXKoNACCVxWK56Y8KhFfICQRYAAAAuGuk/xCUOoVQkhISEnKjSgCANBISEmymeKdFkIVbQYAFAAAAl+boA0/67bGxsYzCAoBcZLFYFBsba7PN2Z/hQGYIsAAAAHBXSftX/bR/5bdYLIqPj8/l2gHA/SsuLk4Wi+WmEVj2RmMBWUWABQAAgLtS2g9Iqa/Y2FgWdAeAXJCYmKi4uDi7P5uBnECABQAAgLuCo7/mp/+QFBkZKZPJlGv1BID7TXJysiIjIyXd/DOZkVjIKQRYAAAAuKvYC67STyWMiIiQ2WzO5ZoCwL3PbDYrIiJCkuOfy6n7gFtBgAUAAACX5+hJVmk/IBkMBhkMBrm5uclkMik0NJQnEwLAbXTjxg2FhobKbDbf9HM4o/CKMAvZ4Z7bFQAAAACclfqhJ/0iwQaDQRaLxfrf1Ne1a9fk6ekpHx8fGY3GXK49ANwbTCaToqKiFB8fbw2t0oZX6UMs1sNCTiDAAgAAwF3H0QistCFWqvj4eMXFxcnb21ve3t58gAKAbDKbzYqJiVF0dPRNI64yCq+AnECABQAAgLtC6vpW9kZhpQ2v7DGbzYqOjtb169fl4eEhLy8v5cmTRwaDQUajkQ9YAJCOxWKRyWSS2WxWUlKS4uLidOPGDZugKvVlNBpvGonlKMji5y2yiwALAAAAd6XUD0EGg0Fms9lheJX6wSl1jZbExEQlJCRYpxlKshmxBQCwP9I1NfBPG1ClD68YfYXbhQALAAAAd430o7DSbs9o9FXqMWaz2WaNLMk2vCLIAnC/S/vz1dF07fQjsDIbecXoK+QEAiwAAADctdJ/KLIXZKV+eEoNvhwFWIRXAJDC3s9WRwGWo6cPph+BRXiFW0WABQAAgLtK+jAq7YektAu4p586mPpfAiwAyFhGAVZGIRajrnA7EWABAADgrmMvxEorfZBlL7wiwAIA+zILsDJ76qC984FbRYAFAACAu1L68CqjgMrePtbAAoCbZbYGlqMgi/AKtxsBFgAAAO5azo7EshdaORp5RYgF4H5l7wEZqf91JswivMLtRIAFAACAu5qjEMvReldpv0/dZu9rALgfOVp43V5IlVFoRXiFnEaABQAAgLueoxFYafelDbkkgisAyIijqYSp/80osCK8wu1AgAUAAIB7QuoHpsyCrLTHpUWIBQApHE0lTPs1wRXuNAIsAAAA3FPSjrKy9yEs/T5HxwLA/c6ZIMvR90BOI8ACAADAPScr4VRG+xiVBeBel5XgydHoVuBOIMACAADAPSvtB6vsjLTigxkA3IyfjcgNBFgAAAC4Lzj6wMUoKwCwj6AKroQACwAAAPc1PqABAOD6DLldAQAAAAAAACAjBFgAAAAAAABwaQRYAAAAAAAAcGkEWAAAAAAAAHBpBFgAAAAAAABwaQRYAAAAAAAAcGkEWAAAAAAAAHBpBFgAAAAAAABwaQRYAAAAAAAAcGkEWAAAAAAAAHBpBFgAAAAAAABwaQRYAAAAAAAAcGkEWAAAAAAAAHBpBFgAAAAAAABwaQRYAAAAAAAAcGkEWAAAAAAAAHBpBFgAAAAAAABwaQRYAAAAAAAAcGkEWAAAAAAAAHBp7rldAdz94uJvKDbuhhKTkmQym2U2m2Wx5HatXJObm5sMBoOMBoPy5nFXfi9PeXnmy/4UvEMAACAASURBVO1qAQAAAADg0giwkC1ms0WRUdGKiYuXR7688vTIJx/v/DIaU8IZNze33K6iS7JYLDKZzTKZzEpMSlJMXJyuRVxXfi8P+fl4y2Cg3wAAAAAASI8AC1l2PTpW16Nj5OtdQKWLB+Z2de4qbm5ucjca5W40Kl/ePPLO7yUppU/PXw6Tr3d++Xrnz+VaAgAAAADgWlgDC06zWCy6FHpNiUlJKlE0gKAlB/l651eJooWVmJikK1cjZGEOJgAAAAAAVgRYcEpScrIuXA5Tvrx5FFDQT0YDt05OMxoMCijkJ3d3oy5cvqr4hITcrhIAAAAAAC6BFAKZMpvNuhIWIT8fbxX083F4XGJikn6cu1DPD3xdj3frpd7PD9Q302coNi7uDtb21qxet0Fbft+R4TH/+36W+vYfdNvqUMjPR3nyuOtaeJTMZvMtldVt6BwZG7yrCT9tdnjM6B82yNjgXfUeNc+67dtlf2jBhoO3dO3c1uD5yeo2dI71+3uhTZnJqI1LNx2SR+P3NWn+tjtcK8dc+f505v75cc1e1egxUfmbDVPpzp9o8Fcrb2ud7Lnb3nMAAAAguwiwkKnLYeHy9MynAvk9HR5jMpk0bNQYrVqzTo93fEyjhr+r4K5PaOvvOzXq409lNufslLg1v/6m9k8+rZjY2Bwt94/df+rPvQdytMzsCCzsL0/PfLocFp4j5c1cucfudovFotm/3Lxv5bYjWrvjaI5cO9V3K3bJ2OBdRUbH52i5zrodbcqu29UXjtoYGR2v0T+s1+TBT+j17o1y9Jo5wRXuz8ykv+beoxfU58P5qlG+qL4fFqzh/VqqZKDfHa2TvXqlcvX3HAAAAMgqFnFHhiKjYmQwGFQog5FXkrRy9Tod/vsfTZrwiSqWLydJql2zhh4oXUrvffCRtv6+Q00bP3onqnxLRg0bkttVsCrk56PLYeGKjIqRn0+BbJdT2C+//j4dql1Hzql+1VI2+7bsP6WTF8JVxN+2/BUTnsv29VzVvdim9By10c/bU3tnv3GHa+Ocu+X+TH/N3UfOSZL+N7SrvL3y3fH6pLob33MAAAAgOwiw4JDZbNb16FiVLBaQ6bG/bdqqWkHVreFVqqDqVVWjelVdDg21btu8dbvmL16mCxcuqlChgur4WBs92bmD3NzcJEk9+g7QY21aKjYuTr9t3iqDm0GNGz6i/s/3UR53d3V/9gVFR8dIkoJ7Pa/mTRpp8JspU/q2bNuuuQuX6uLFSypevJj6PdtD9erWdqpcSXpzyHAVLlxQw4a89V8fWDQnZL5Wr9ughMREPfxQHbm73/y/TWZtiouL14w5Idq+c5cSEhJVoXxZ9Xu2pypVLJ9hvwYU9NOFy2HyLuCV7XXHHqpSUkfPhGnmyj03BQQzV+5RzYrF5JPfw2Z7g+cnq2QRXy0c29tumcXaj9ZTLWro+Plr2rL/pHb98JqqlQvU/PUHNGbGBv177qoqliqsca+0V/tHKyug7YcKj0qZSlqozSj1aFtbc0Y97bCceb8e0LhZv+no2TCVCPDVwK4N9NYzja39abFYNHHuVn2zeIcuXYtSpVIB+rB/G3VuXNVhP6RvU7H2o9W3w0O6eDVKy7cclpubm3q2ra2Jb3TSqOnr9N2KXUo2mdW6fkVNHdJFhXy9rGU5amdquf2feFjXY27ox7V7ZXBzU7eWQfrijc7Km8fosC+cbdPUxTv01fxtOhcaqQolC+v9vi3UvVVNh+9bZn2ZWX1vt9txf0oZ99Ot3j/NX56mLftOSZL8Wo7Qo0EPaOv/XlaV7hPUqGYZTX//qRytx732ngMAAADZwRRCOBR+Pdrp4OTUmTMqV7aM3X3jR49Q965PSJLWbdik8RO/Ut3aNfXxqPfVtnUL/TA7RLNDFtics3j5z0pKStJ7b7+uzh3badWaX7Vu/UZJ0uSJ4/Vc72ckSVO+GK/+z/eRJG3YtEXjPv9Kj9Srq49Hva/KlSrqw08+04mTp5wq156lK1Zq/uJlatu6hT54720FBhbRxi2268k406avp03Xrj17NWjgixo5bLAMBoPeH/WxwiMiMuxXo9Gg/Pk9FXE9OsPjMpKQmKy+HR/S3HX7dSMh2bo9Ji5Bi347qOc61VNCYnIGJdg3belO+Xt7auzL7RXgn19zVu9Vjw9C1LlxVa2Z9IIeqV5aTwyZpX1HL2rv7Nf1ycuPSZL2zXlDX7zRyWE5M1buUc8RIWr7yINaM+kFPd+5voZOXa0R366znvPR9+s14tu1eq9Pc63/ur+qli2ibkPn6NCJy1lqw5fzt6pi6cJaOLa3+j/xsL5ZskNBPSfqnzNhmj3yaY19+TGt3nFUw6etsZ6TUTtTTQjZrISkZIV81EOvBjfStCU79f3PuyTJYV8406YJP23Wm1+sUJ8OD2ntpBf1RJNq6vFBiJZvOWy3fc70ZWb1vd1ux/2ZWT/d6v0zd3RPjXyhtSTpyLx3tPAT+0FaTtTjXnzPAQAAgOxgBBbsMlssio6JU+kSgZkeGxcXr+Rkkwr6+2dcptmsmXPmqkXTxnq+T09JUo1qVZWcnKz5i5bqiY6Pydc3Zapi3do19erAFyVJdWoFaeeuPTp46LA6tGutgMKF5O3tLUkKCCisAvnzy2KxaMbsuWra+FH16fW0JKlalSo6dORvLV+1Rm+9OjDTctMzmUxatHSF2rRqbg3M6tQK0tVr13T4yD9ZatPe/QfVtlVzNaj/kCSp5Jsl9N2MObp2LSLTfvPzLqBzF6+ooJ+PDP+NoMiKG4nJ6tvhIY2a/quWbPpLPdqmjEibv/6gkk1m9WxbWzN+3p3lcjs3rqqQ0T0kpYwkGTp1tZ5uXVMfv9ROktS4Zllt3X9aXy/cph+GB1tHMJUO9JOft6fdckwms96fulq92tXR+EHtJUlNa5dTUrJJn8z8Ta8FN1KAf36t3nFUbz/TRC90ri9JqlmxuBb+9pdW7ziq6uWLOt2G3o/V0fDnWkqSWtevqF+2/6OI6HjNH9NTedxTRqLsO3pBv+057nQ7Jantww/qm3e7SJLaPFxJK7Yc1ua9JzWwSwOVCvSz2xeZtSkxyaQxM37Ta8ENNbRPc0lSo5pldOjkZX277A893qSaTduc7cvM6nu75fT96Uw/3er9U7SQtwr6pLyHDxT1l0e+m/8pzYl63KvvOQAAAJAdjMCCXTduJChf3jzZnrZmz+mz5xR5/boaN7L9gNSscUMlJ5t05J//X4i4WFHb4Mzfz0+R16Mcln3u/AWFR0SoYYOHrdsMBjdVr1pFx/49ka1yQ8Ou6npUtDV0SuXzX3iWlTZVq1JZ69Zv0opVa3QlNEz+fr4a/OYgVaxgO+XSHqPRoLx58+jGjYRMj7XnRmKSShbxVZuHK2rmqv9fEHvmqt16okk1FfTxUkKSKcvllite0Pr136dDdelqlLo0r2HdZjC4qXGtMtp95LzT5Rw6eUWhETHq1jLI5pinW9dUUrJJvx88LUna+f0gfTSgrXW/l0ceFfLxUvj1rD3xspBPfpvvSxbxVZUyRazhlSQVK+yjsMjYLLWzfIn/b5OUEniERsRkWJfM2vTXiUuKir2htg0etDnvpw97aN7HPW8qz9m+zG59c0pO35/O9FNO3T+3ux736nsOAAAAZAcjsGBX3I0E5ff0yPxASR4eHjIY3BR5PTLD467/FxQV9Ld9Upefn68kKSo6k2lyFsdPMkwNoT759Iub9mU2wslRuRGR123qZ4+zbRry5quat2iJFi39WdO+m6kyD5RWr6ef0qOP1M+4bv/J7+mhuBsJ8nLyPUkr8b8P//061dfTw3/S2cuRSkhK1vaDZ7T6y+clSUnJWQ+w0kr94Bv8/o837StWOOMHAKQVFhnz3zneNtsDC6Z8f+2/D/ZhEbEa/cN6rfr9b10Ii7rl+mcm9Ra5lXZaMrh/pczbFB6V8sTCAD/bBc098rnLw86Pcmf7Mrv1zSk5fX8600934v7JiXrcq+85AAAAkB0EWLArMTFJBfw8Mz9QKSNQSpcqpZOnztjdP2rMpwqqXk01a6QsTHw93Yin8PCUdaB8fJwPOtLz/C/Yef2V/qqQbiF5d2P2FiVODaVSF4y3x8c75YNlZm3y8Minvr2eUd9ez+js+QtatHSFPh4/URM++VBVq9iOrrAnX768io10PAItI6mfSTs3rqqCPp6a9cufupGQpFKBfmpVr+J/x9zaB9fUp7B9O/Qp1a1cwmZf2tFMmUkdERUWEWuz/dLVlLYX9kuZttXpnRlyNxoUMrqHKpUKkGe+PCr75Nhs199ZOdVOezJrk1+BlHv8amSsoyJsONuXuS2n709n+ulO3D85UY979T0HAAAAsoMphLDLZDLLaHT+9mjetJH27j+o02fO2mw//Pc/2rVnrwIKF9IDpUvLx9tb23b8YXPMlt93yGAwqJoTQU4q61pQ/32uLVO6lLy8PHX+wiWVL1vG+vL18VFA4cJOl5tWkYDC8vP11Y4/bNffibx+3fq1M226cPGS3hk6Qn8fPSZJKl2yhF7p30+SdOLUaTnDaDTIZDJnqx2p8uYxqle7Opq1ao9mr/5TfTvUlcGQ9TW17Klerqh88nvo2Nkw1apU3PoK8M+vUoEpo9EM1icIZlBO+UAV8vXS4o1/2WxfsOGgjEaDGtUsq6uRsdp95Jxe7tpAD1crLX+flKD1RjYWos8qZ9rpjPR94UybapQvpgJe+bTuj2M2Zb035Rf1/Wj+zXV1oi9dSU7dn5n10526f3KiHvf6ew4AAABkBSOwYFeyySRjFkYuPdHxMW39fYeGfzhWvZ5+SoGBRXTu/AXNX7xMNWtUU8MGD8tgcNOzPbtr8rTv5Ovjo4fq1NI/x/7VvIVL1a3L4zZrS2WmSJEASSlPAKwZVE3ly5ZRr2eC9d2M2TIaDapXt7auhUfo+5k/qnHDBnqhb68s94HBYNBTT3bW97N+lI+3t2pUr6r9B//Slm07FFC4kCTJ3d2YaZvye3kpOiZWkyb/T317PyMfHx9t2LhZRqNRNapVcaouRqNRyaZbn+bUr1M9TZqf8hTFvh3r3XJ5qfLlddeoF1vrna9Wyt1o0GOPVtbFq1Ea8vUqBbcM0qevdtADRVOmcs5YtUct6pZXrUrFbyonj7tRowe01cufLlWAX361a1BZOw+f0ZgZG/Ru72Yq5Osls9miYoV9NH7OJuVxNyox2aQpC7crKvaG4hOScqxN2W2nM9L3RVCFYpm2ySOfu4b0bqaPvvtVBX291KhmGW3ee1Kfh2zRjx8+c9M1nOlLV5MT92dm/VTQx+uO3D85UY/74T0HAAAAnEWABYey8sS7PHnyaOxHH2hOyALNmbdQMTGxKhpYRI+1aaluT3a2jqRo37aV3N3dtWjpCi1dsVIBhQvr+b699ETHx7JUt6Dq1dS44SOaEzJf5y821msDX9QTHR+Tl4eHFi9fqcXLVsrfz1ctmzVRj+5ds1R2Wk92bq/omBj9svZXLVu5WvXq1tbjHR/T9p3//7j5zNpkNBo1ZtQw/TDrJ038+hslJSWrTOlSGvn+YJV5oLRT9cjO0wftqV6+qOpVLaUCnnlVplgma4Nl0evdG8nbK58+D9miCT9tVmBBbz3bvo4+6NdKktS8bnl1axmkEf9bq2Ptamvae/bflwFPPqK8edz12Y+bNHHuVpUu6qdPX+2g17s3kpQyZXXl58/p9YnL9dzoBSrsl19DejdTYnKy/j4dmqNtyk47nWGvL5xp07C+LeSVL4+mLNqukd+u04MPBGjOqGfUvVVNu9fJrC9dTU7dn5n10526f3KiHvf6ew4AAAA4y83Cqq2w49S5SypbqlhuVwNp8J4AAAAAAO5mUVEp67Pu27fP6XNq164tiTWwAAAAAAAA4OIIsAAAAAAAAODSCLAAAAAAAADg0giwAAAAAAAA4NIIsAAAAAAAAODSCLBgV4H8nrldBaTDewIAAAAAuF8RYMGugIJ+uV0FpMN7AgAAAAC4XxFgAQAAAAAAwKURYAEAAAAAAMClued2BeCaTp27lNtVAAAA95GypYrldhUAAIALI8CCXfwSCQAAAAAAXAVTCAEAAAAAAODSCLAAAAAAAADg0giwAAAAAAAA4NIIsAAAAAAAAODSCLAAAAAAAADg0giwAAAAAAAA4NIIsAAAAAAAAODSCLAAAAAAAADg0giwAAAAAAAA4NIIsAAAAAAAAODSCLAAAAAAAADg0giwAAAAAAAA4NIIsAAAAAAAAODSCLAAAAAAAADg0giwAAAAAAAA4NIIsAAAAAAAAODSCLAAAAAAAADg0giwAAAAAAAA4NIIsAAAAAAAAODSCLAAAAAAAADg0giwAAAAAAAA4NIIsAAAAAAAAODSCLAAAAAAAADg0giwAAAAAAAA4NIIsAAAAAAAAODSCLAAAAAAAADg0giwAAAAAAAA4NIIsAAAAAAAAODSCLAAAAAAAADg0giwAAAAAAAA4NIIsAAAAAAAAODSCLAAAAAAAADg0giwAAAAAAAA4NIIsAAAAAAAAODSCLAAAAAAAADg0giwAAAAAAAA4NIIsAAAAAAAAODSCLAAAAAAAADg0giwAAAAAAAA4NIIsAAAAAAAAODSCLAAAAAAAADg0giwAAAAAAAA4NIIsAAAAAAAAODSCLAAAAAAAADg0txzuwK4Nz32xvda98cxh/u/H95NfTs8dAdrZN+X87bp7Uk/q3KZIjo89+3crg4AAAAAALCDAAu3RdM65eRXwEOStHnfSV0Jj9GjQQ+oZICvJKls8YK5WT2rOav/lCT9czpUu46cU/2qpXK5RgAAuIblWw7rrxOXMzzmgaL+6v1YnTtUIwAAcD8jwMJt8d6zza1fp47Ger17Yz3VooZ1e1hErF6fuFyrdxyVZz53dWpUVZ+91kE++T207cBpNX3pGz3epJo88rpr+dbDCizore/ef0ob/zyhqYt3KK+7UUP7ttBrwQ0lSbN++VMTQ7bo2NkwBfgV0LPt6+ij/m1lMLjZreNfJy5r/7GLKuTrpWvX4zR71Z8EWAAA/OelcUsUGhGT4TEGg5ueaFpN3l757lCtAADA/Yo1sJArTCaz2r/5veavP6BHgx5QtXJF9d2KXRowdrHNccu3HNbl8GjVebCEzlyKUIe3ftBPa/epRd3yuhYVp7cn/ayzlyP1+8HT6jd6gSKj4/VOz6YKLFhAY2dt1ORF2x3WYfaqPZKk8YM6qKCPl+at36/EJNNtbTcAAHeLSW8/nukxX7zRmfAKAADcEQRYyBUb957Q3qMX1KlRVa2a2E+/fv2iqpUL1IINBxUTl2A97qEqJfXblAHaMHmA3I0GJSaZtHHqAC0c21sdHq0ss9miA8cvqmFQGZl2jNeZ5e9r9IC2GvdKe0nSht3/2r2+yWTWT2v3ycsjj4JbBqlbyyBFRMXr521H7kj7AQBwdcEtg/Tpqx0c7n+nZ1MN6vboHawRAAC4nzGFELli/7GLkqSftx2RscG7NvtOXgy3fu2TP2Udrbx5jPLyyKuo2BsK9PeWJPl5e0qSrsfckCT9tHafPv9ps/49d1VxN5IkSVGxN+xef+0fx3QlPEbPtKml/J551atdHf1v6U7NWrVHXZvXsHsOAAD3m7d7NNG5y5H6euHvNtu7t6qpca88lku1AgAA9yMCLOSKpGSzJKnNw5XUJ93TCEsV8dPhU1ccnmuR5aZtW/ad0rOj5qlauUCtmvi8zodGqveoeQ7LmPNLyuLtc9ft19x1+63b1+w8ptCIGBXxL5Cl9gAAcK+a+EYnnQ+7rqWbDkmSmtQuqxkfBMvNzf4akwAAALcDARZyRfXygZKkExeu6Ykm1eSRz13/nA7V6UsR8vfxzHJ5Ww+ckiR1aVZdTWqX1S/b/3F47PWYG1q+9Yjye+ZVh0crW7cfO3dV+49d1E9r9unNZxpnuQ4AANyLDAY3/TjqGXV8+wdFxsRr6fg+ypeXXyEBAMCdxW8fyBWPNaismhWL6cC/l1S37yTVfbCEVv7+t4oW8la7Bg9meK7l5gFYqlKmiCTpuxW7FR4Vr0W/HZQku4uyz19/QAmJyercMkhzP+5p3b51/yk1GzhNs3/5kwALAIA0PPK5a/3k/rldDQAAcB9jEXfkCnejQWsnvahe7ero8rVoLdl0SA9XK63F457N9FyLnQSrS7PqGtqnuRKTkrV4418a2DVlUdl/z12V2Wx7/Oz/pg+mD8oerfGA/Lw9dfD4JesaXQAAAAAAIPe5WeylAQAAAAAAAEAOioqKkiTt27fP6XNq164tiRFYAAAAAAAAcHEEWAAAAAAAAHBpBFgAAAAAAABwaQRYAAAAAAAAcGkEWAAAAAAAAHBpBFgAAAAAAABwaQRYAAAAAAAAcGkEWAAAAAAAAHBpBFgAAAAAAABwaQRYAAAAAAAAcGkEWAAAAAAAAHBpBFgAAAAAAABwaQRYAAAAAAAAcGkEWAAAAAAAAHBpBFgAAAAAAABwaQRYAAAAAAAAcGkEWAAAAAAAAHBpBFgAAAAAAABwaQRYAAAAAAAAcGkEWAAAAAAAAHBpBFgAAAAAAABwaQRYAAAAAAAAcGkEWAAAAAAAAHBpBFgAAAAAAABwaQRYAAAAAAAAcGkEWAAAAAAAAHBpBFgAAAAAAABwaQRYAAAAAAAAcGkEWAAAAAAAAHBpBFgAAAAAAABwaQRYAAAAAAAAcGkEWAAAAAAAAHBpBFgAAAAAAABwaQRYAAAAAAAAcGkEWAAAAAAAAHBpBFgAAPwfe3ceFmW5/3H8gwsuMANauQCGmQt0wkpT9KSoadqxNCQty7XF6hy1tO2Ux9LMtLJSC/tpmrlW5kZqJzEtxc5RcSkjBbRjooBiJTAD4s7vj3EeZ5xhU5Gner+uyyt55lnue8qEz3zv7w0AAADA1AiwAAAAAAAAYGpVKnoAMKefDx6q6CEAAIA/kesa1K/oIQAAABMjwIJXfBMJAAAAAADMgiWEAAAAAAAAMDUCLAAAAAAAAJgaARYAAAAAAABMjQALAAAAAAAApkaABQAAAAAAAFMjwAIAAAAAAICpEWABAAAAAADA1AiwAAAAAAAAYGoEWAAAAAAAADA1AiwAAAAAAACYGgEWAAAAAAAATI0ACwAAAAAAAKZGgAUAAAAAAABTI8ACAAAAAACAqRFgAQAAAAAAwNQIsAAAAAAAAGBqBFgAAAAAAAAwNQIsAAAAAAAAmBoBFgAAAAAAAEyNAAsAAAAAAACmRoAFAAAAAAAAUyPAAgAAAAAAgKkRYAEAAAAAAMDUCLAAAAAAAABgagRYAAAAAAAAMDUCLAAAAAAAAJgaARYAAAAAAABMjQALAAAAAAAApkaABQAAAAAAAFMjwAIAAAAAAICpEWABAAAAAADA1AiwAAAAAAAAYGoEWAAAAAAAADA1AiwAAAAAAACYGgEWAAAAAAAATI0ACwAAAAAAAKZGgAUAAAAAAABTI8ACAAAAAACAqRFgAQAAAAAAwNQIsAAAAAAAAGBqBFgAAAAAAAAwNQIsAAAAAAAAmBoBFgAAAAAAAEyNAAsAAAAAAACmRoAFAAAAAAAAUyPAAgAAAAAAgKkRYAEAAAAAAMDUCLAAAAAAAABgagRYAAAAAAAAMDUCLAAAAAAAAJgaARYAAAAAAABMjQALAAAAAAAApkaABQAAAAAAAFMjwAIAAAAAAICpEWABAAAAAADA1AiwAAAAAAAAYGoEWAAAAAAAADA1AiwAAAAAAACYGgEWAAAAAAAATI0ACwAAAAAAAKZGgAUAAAAAAABTI8ACAAAAAACAqRFgAQAAAAAAwNQIsAAAAAAAAGBqBFgAAAAAAAAwNQIsAAAAAAAAmBoBFgAAAAAAAEyNAAsAAAAAAACmRoAFAAAAAAAAUyPAAgAAAAAAgKkRYAEAAAAAAMDUCLAAAAAAAABgagRYAAAAAAAAMDUCLAAAAAAAAJgaARYAAAAAAABMjQALAAAAAAAApkaABQAAAAAAAFMjwAIAAAAAAICpEWABAAAAAADA1AiwAAAAAAAAYGoEWAAAAAAAADA1AiwAAAAAAACYGgEWAAAAAAAATI0ACwAAAAAAAKZGgAUAAAAAAABTI8ACAAAAAACAqRFgAQAAAAAAwNQIsAAAAAAAAGBqBFgAAAAAAAAwNQIsAAAAAAAAmBoBFgAAAAAAAEyNAAsAAAAAAACmRoAFAAAAAAAAUyPAAgAAAAAAgKkRYAEAAAAAAMDUCLAAAAAAAABgagRYAAAAAAAAMDUCLAAAAAAAAJgaARYAAAAAAABMjQALAAAAAAAApkaABQAAAAAAAFMjwAIAAAAAAICpEWABAAAAAADA1AiwAAAAAAAAYGoEWAAAAAAAADA1AiwAAAAAAACYGgEWAAAAAAAATI0ACwAAAAAAAKZGgAUAAAAAAABTI8ACAAAAAACAqRFgAQAAAAAAwNQIsAAAAAAAAGBqBFgAAAAAAAAwNQIsAAAAAAAAmBoBFgAAAAAAAEyNAAsAAAAAAACmRoAFAAAAAAAAUyPAAgAAAAAAgKkRYAEAAAAAAMDUCLAAAAAAAABgagRYAAAAAAAAMDUCLAAAAAAAAJgaARYAAAAAAABMjQALAAAAAAAApkaABQAAAAAAAFMjwAIAAAAAAICpEWABAAAAAADA1AiwAAAAAAAAYGoEWAAAAAAAADA1AiwAAAAAAACYGgEWAAAAAAAATI0ACwAAAAAAAKZGgAUAAAAAAABTI8ACAAAAAACAqRFgAQAAAAAAwNQIsAAAAAAAAGBqBFgAAAAAAAAwNQIsAAAAAAAAmBoBFgAAAAAAAEyNAAsAAAAAAACmRoAFAAAAAAAAUyPAAgAAAAAAgKkRYAEAAAAAAMDUCLAAAAAAAABgagRYAAAAAAAAMDUCLAAAAAAAAJgaARYAAAAAAABMjQALAAAAAAAApkaABQAAAAAAAFMjwAIAAAAAAICpYN4DpQAAIABJREFUEWABAAAAAADA1AiwAAAAAAAAYGoEWAAAAAAAADA1AiwAAAAAAACYGgEWAAAAAAAATI0ACwAAAAAAAKZGgAUAAAAAAABTI8ACAAAAAACAqRFgAQAAAAAAwNQIsAAAAAAAAGBqBFgAAAAAAAAwNQIsAAAAAAAAmBoBFgAAAAAAAEyNAAsAAAAAAACm5lNYWFhY0YMAAAAAAADAH5vNZrvoa6nAAgAAAAAAgKkRYAEAAAAAAMDUCLAAAAAAAABgagRYAAAAAAAAMLUqPx88VNFjAAAAAAAAwB/cVQF+F30tuxACAAAAAACg3LELIQAAAAAAAP6wCLAAAAAAAABgagRYAAAAAAAAMDUCLAAAAAAAAJgaARYAAAAAAABMjQALAAAAAAAApkaABQAAAAAAAFMjwAIAAAAAAICpEWABAAAAAADA1AiwAAAAAAAAYGoEWAAAAAAAADA1AiwAAAAAAACYGgEWAAAAAAAATI0ACwAAAAAAAKZGgAUAAAAAAABTI8ACAAAAAACAqRFgAQAAAAAAwNQIsAAAAAAAAGBqBFgAAAAAAAAwNQIsAAAAAAAAmBoBFgAAAAAAAEyNAAsAAAAAAACmRoAFAAAAAAAAUyPAAgAAAAAAgKkRYAEAAAAAAMDUCLAAAAAAAABgagRYAAAAAAAAMDUCLAAAAAAAAJgaARYAAAAAAABMjQALAAAAAAAApkaABQAAAAAAAFOrUtEDgLvv92Row47/Kdt+TJLUsH5t7T90VIH+NZSTVyBJqmWpqQ4trtfNTYMrcqhAuTprs+lESoqyXnhBpzMy3F7z69xZ9d9/v4JGhj+KAf+Yp63fpZXq3LAmdRVcP1BdOjRTr+43lfPIgKKdteWqYO0anc44qONbNjmO2XNVyRJgnFMlJERVghuoemRbVQkKUeWQBpd9HNnjx+hkyu4iX6+7YPFlfyYAAPhz8yksLCys6EH82eXYCzRnVaJy8gp0c9NgRXeIcHt9/fafFGipoUD/Go5/WmoobkOSvt+ToUD/Ghp8d2sFWmpU0OiB8nHoH/9Q/rp1kiRLdLQKEhN1OjNTkhQ8b55qREZW5PDwB1CWAMtVWJO6mji6p8Kb1iuHUQHe5S9bLNvcmTqVXHRoVJS68z9Ttci/Kvfdt1U9sq2qRf71kseT1a+3TmzdXOTr1+5Jv+RnACU5emS/atdpWNHDAACUgc1mu+hrWUJYwaZ8skFzViVq8N2tdXPTYM39YqviNiS5nTN2ZrziNiQp+vnZWr/jJ0nSzU2C1allEw2+u7XmrErU1E8TKmL4QLmq0aqVKvn7yx4XZ4RXQEVL2ZulYS98Jpv9eEUPBX8C+csWK6NTG/32wsiLCq9cHd+ySVkD7lNW/z46seW/l2mEQMU5efxYRQ8BAHAFEWBVkP2ZRzV25mpFd4jQiAc6KNBSQ2NnxmvyiGiNnRmv/ZlH3c6P2/Cjbm4SrO/3ZGj99p8U/fxsLV+fpLEz4zXigQ66J+pGjZ252uM64Peq9vDhkqRKAQEerxUkJl7p4QBuMg7lavkXOyt6GPgDO2vLVVb/PvrthZE6k3F5q5lOJBJk4Y8nL/eXih7CJcvatK2ih+Ah/2CmjmzefkWek70r9bLe82SuvcSxn8y162Su/bI+F0D5oQdWBVi//Set3/GTBt/VWiMmxynHXqD104dKktIOZys3r8BYErg/86hGPBCl9dv/p+gON+r7PRn6fk+GBt/VSoPvbq3o52ZLkr7fm6ERfTtoyqcbFN0hgv5Y+N2rFh6u2sOH65cJEyp6KPiTSdn0kvH7LTvSNPfTzfp64x6P89YmpGpQX5ay4vI7lbxLR/7xyGUPri7kCLI2qVrrtgocPvKyLC0EKsLhA7tVu26o8XVe7i/yD7jmio8ja9M2/bxkpbI2b1N+eqb8QoIU0rWTwh5+UH4Ngoq85sjmbUr5cKFO2fMkSSFdO6nly88a1+xbvEJHNm9X9u5URYx4XHXa3Kqfl67UvsUrlL07VVWtFoU90k/NHnpQvgEW45p9S1bKPyRIbd5+xeuzkyZPV/qa9Wrz1iuq9Zdmbq/tW7xCqbM/VvZuR6hU1WpRo949FTHiceMZF9q3eIXS16xX1uZtOmWzK6RrJ4V066RGvXt4PT//YKZSZn+s9DXfKD8903iO61yc72n27lQ1e/hBhXTt5DZ3v5AgNerT023uJ3Pt+vJv9ys/45Ak6cG07zyenb0rVamzP9a+JSt03b091PadcV7HiCvI9qNUs4FUxfPDa8CJHlhXWNyGJOXYCzT47taK25CkOau2av+ho/p+wbNGsNWxRWN1bNlY67f/JB8fH7frO7S4Xjn2Ao14J077Dx3V2CHdFGipocHjPlGgfw3FTXpYcRuSFGip4dFLC/g9yujfXwVbt7odo4k7LoeiemC5BlhOt/d6V5mHc92OtbolVPPfH+hx7toNqUr5KUuJO/ZLktIzcxQSFChJCmtST52jmimyRajHdd6s3ZCqxO/SlLL3sNvxsCb11Kt7c48+XM5nXyiscV116eD44WTZFzs95hJUL0Axd3k2p9+yI83rezTskSi3rzMO5WhdQqrWJqQqec9h2fNOKKxJXVkt1RVcP1CtW4Sq9S2hCq4fWKp5/5mdSt6lw/37qNB+8f0hLuTsgVVS3yq/mD4KHPZ0qZq+0wMLZnD0yH75B1yjn5I26IZbu+vkiXwdzUpT7bqh8q3md8XGcTLXrs3PjlGdNi0V9kg/SY4wJ2nydOVnHFJVi7+6f7nILcTK3pWqpMnT1ahPT4V066STuXalzl6opCkzJEl+wfXVZdEs+TUIUsqHC7Vj3FuSHAGPX3B9NR/5hE7a7MYzJKlOm1vVZdFMjwCn86czVbftrR7jTpo8XUlTZuieb78wxpYe/432LV6hlmOek1+DIOUfzNT2VyYp/av1jmdEtlSXz2a53Sd7V6o2PfOyWo55TnXb3qr8g5n6YfJ0/bx0ZZHXJE2eroPx36jLolnyDbAo/2CmNj3zso5scVRMOUOlfYtXaPOzY4y51wpvqrBH+umkza6UDxcqJ9nxAVOtG5qp86czjRDL9T3zFmA55+7k+h7gyis8+h/pVK586nav6KHgCriUHlhUYF1B3+/JUI69QA3r19ZD4z7RRy8/oLj1P2rwXa0kSR1bNjbO25Z8UCdOnlZewQlVr1ZVObYCXR3op627D6hK5UoafHcrdWzZWDn2Al0X/aq+m/+sxs6Md1RnneuL9f2eDCqx8Id06oJdCYHyZvGvLim32HOS9xxWr0Ezvb7mDIwSd6Rp3qItat0iVC8+1bXIRvDLvtipaR9uUMYh78903mfutIFGGJa857BeHP+57Hkn3M7196umz+c/Zny9/IudHqFUq1tCvQZYiTv2a9qHnj0WXQOsuZ9u0cSpazzOSdnrDNLStPyLnUUGfjjvTPrByx5elUX+ssXKX7a4TEEWUJFq12mo1Z+M0+0xzygv9xedPJGvetfecEXHcDLXrnV9hyjwXLDi1KhPT4V07aR9S1aoQddObuHIvsUrtH3cW4oY8bhCunWSJPkGWBQx8gmFdO2klA8XKuyRfsY1YY/0U+qHC5WfcUinbHZ1+PenxmshXTtp7f2PKid5j45s3qZ9i1eoUZ+eipo5WV927ytJSpoyw2uAJTmCMue9vAVafg2CFDVrsvYtXqGsTdvUcsxzbtdnbdqmdX2HuIVkfg2C1PadcWo+8gntW7JCESOfcLtm09Mv6+elK9X7hwQjcPJrEKQun81SyocLlb0r1XhOoz49jaDqlM2ulmOeM6rFGvXpqYRHRyr9q/XK3p2q1NkLjWfVusG9ouxCeQczFRje1AjAUj5cqJZjnyv2GpSPwvRPJEk+IQ9U8Ejwe0CAdYXk2Ascjdg7RKhh/dqas2qrHhr3iaY8Ha31O37S93syFLchSf7VfbUwfoe+31t0w+qbmwTpzJmzWr/jJ0V3iNDkkdHq+PdpurlpsDq2bKwpnziWEc75IlEN69dmh0L8bp1ITtYpL83bT6akyLZsmawxMRUwKvzZLPtip1K9VDX1uiDwsV0QHBUncUeaBg6dp3XLnpTVUt3ttRde/Vxx//6hVPcJqe8os7fZj+vF8Ss8witJev2le8qt8qmo8Apld9aWqyNDHylzeFU17AZVslglSaczDupM5qUH/ARZvy85OTkKDw9TYWGh4uPX6KabPMPoP6rd2/4t32o1ja8rYkfChCEjlb07VS1eftbjNd8Ai1uoJTmWzW0f95ZO2exq1LunxzW1/tLM63I2v5Ago6LKNQzzDbCow8zJ+rzdXZJkBFi1/tJMESMeV9KUGTqyeZuyNm3zCLGyd6Wq2bnxZW3apqQpMxQY3tRrJVKjPj3VqI/7ePMPZirhsadV1eLvNSDzaxDkEV6lx3+jn5eu1HX39vC6FPHC90uSfK3nz7twqWObt8dpSfMoYw4RIz0u9yo/PVMdZk7WhiEjlZO8R/uWrlTEyCeKXB6JEhQc0Nms1So8+h8VHjso2X+ULDfKp6pVPlfdpkp1/iZZb/S47OzeN1VYcFCVm79XAYPG7xEB1hUy5dMNGtG3g+I2JGnwuE805+UHFP3cbCNc+mb7Xn2+4Uft25OmcdWzFFTthFb41NGC447/iXaucUL/uKWe6luqaeYXiXp2b6Y6trheAf7VVctSU/s/f0k59gL1en62sm0Fitvwo+ImPawpn27Q2CF3VuTUgTI7kZysX197zW3poCU6WpWtVtmWLdPZvDwdefFFFWzZomv+9S9VslorcLT4o4k9V3FksxWcW77nGV41a1zXa8XShedYLdVlsx/3GoDZ805owpR4vf7SPcaxCZPjSx1eSTKCqQlT4r2Oc+B9rY2lg5ebzX5csR9u8Dju71fNqCxznXvrUi6b/LOyz5lV6l0G/Xr1ln/MfUX2rDpry9Wp5F06vmWTTibvUiXrxfUTIcj6fYiNjf1Thld5ub9o69fz1a3vS/Kt5ndFlww6Ze9KNZa8lVTx45Ty4UKdsjmahl9MWOIXXN/zWIMg1YlsaYzFqdnD/YzeWt6qsLI2n6+o2v7KpDLNQzo/lzqRLUt9jfM5/pdpuZ5vgMWYu7OPVmn5NQhS27fH6cvufXXKZner4EIpnc7Vmd0vqTDjU8/X7D+qUFLh0f/q7N5J8qn9V1UOH28EWWd+cGzYRHiFsiDAugL2Zx5Vw/q1tf/QUXVs0VgN69fWiHfiNOflBxS3IUm/Zudp3Kw1Omu3641r8tTN9ouq1Kun1nmHdWthrl4+XlfP1DutDxOS1bowV2GS/u/ULr231a5xezI0aXgPxW1IkiQVFko3Nw3WlKejJcnx3MyjahhUuwLfAaB4p9PT9cvEiTqRnKwarVvL2quXghcs8Hru1f/6l/H7szabcubNU86cOaoSHCxrTIz8O3dWlZCQKzV0/AHFzvIMZVy1uiVU0964z+tr0d2ba9D9kR5LA23245owxTOcWpdwfsel5D2HNe8z7ztstrolVL3uuskIrDIO5RjjXLsh1Wvo1axxXY0a2a3YuVyK5L1ZHhVfQfUCFDfvMbeqMpv9uNYmXN6dpf5ozqQfVG7s5BLPq9aqja5+Y3KJQVIla4CqRf7VI+CqEhKiE1uLuKgYziDLMuhRBQwfedGBGMpHQECAPvhg5p8qvJKkn37coAaNW17xJYOu0td8Y/y+tGGUsym6JH35t76qeq66qNYNzeQbYHHsiFdYWGQ1kF+I9+Dn5LlQzDWkclaAeavCytq0TXXb3GpUWzmX0h3Zsl1r7x8iSfIPCTJer2rxl6/V4laFlbV5mzH20jiZazeqyJKmzFDWuR0Cnc85mWtX/sEM1Wl7q9dKrMDwpsXOPaRrp1KPw1nV5VqpljL7YwKssrD9qNNboqXTjsphn+D7Vanu3+RjvVGqca10OleFth9V+Nt/dDb9UxUe/a9Ob4lWpSbPO3peVbESXqHMCLCugDlfJKpji8YaOzNeOfYCvfLYnYqb9LC+35OhnzN/07hZa5STd1yjTx/QHRmZqlT/3A8+Pj662/azdlaWPjlklVWnNbdSkGyVqqj1GZvuq1dZY385rufeW6mXH+2qW5qGqGOL6zXigQ6asypRc1Zt1frpQzXinTgj0ALM5HR6un6LjZV9+XLjmH35ctmXL5dvWJiuGTVKNSI9d3lzDa7O2h3ftJxMSdGvEybo1wkT5NeliwIHDvR6LXApOkc106gRXT2W/UlSZIvQIpuzWy3V9fpL92jthlTl5Z8Pfex5J7RlR5oiW4Rq7qItXq+N7t7crUrLwdGzKuNQjl4c/7nHNf5+1fT6S55LU8pb5uFcJe/NcnsfrJbqJVar/dnlvPd2ief49eqtq96YcknPueqNKfKPuU85775TbAP2otjnzlLess9kHfyozpZzn66EhARNmxarhIQE5eY6esFde22o3nzzTfXs2VNdu3b12OjGKT4+Xjt37tTzzz/v8VpoaKj69++vqKgoJSQk6LXXXpMkLVq0SIGB7ktt09LS9Nhjjv5xH3zwgRISErSgiA9X+vfvrwEDBrhdu2DBAq1cuUI//OAImAMCAhQVFaVFiz7T/Pnzi7zXm2++qZtuuknPPfesfvghyeP1Hj16aNiwYcbXBw6kadWqVcrNzXUbg+RYXnj//fdLkgIDA7Ro0Wden/l7cmDvVl3bpJVuuPVvpTr/8IHd2vmfpbq5XW/5Wa+ukN0JixLStaPb13UiW7qFRqWVHv+NcpL3KDC8qZo97B78uFZh7Vu8wgiw9i1eYfTfclXV4q+IEY9LkrGTYlFjcoZepa18cg3v/ILrK+zhB1XValF+eqZ8rRZHk/ZzQZ43rksJvc29tOHTkc3blP7Ven0ceovb8VM2u7EEEyVwDa8sf1GVlnMdoZWrKgHyqX2bfGrfpkpNntfZ/TN0NvklnU0eLVUPUZX233i/N1AMAqxytj/zqG5uGqz9h45q/6Gj8pFjueBNTYK0KWm/3pz/tXLyjkuSllWqo+r+frqvnkW+WYdUPeJGHS8sVJ/8Y5qVV1WRhfl6pu4p1Tn3F8/Kr7ZLaqicvOMaN2uNnh9wu/5+7226uf9biu5wo+ImPSxJurlpEFVYMBVvwdWFTqakKGPgQNVo3VpXjxqlauHhXoMrb/LXrlX+2rWq0bq16k6cSEUWLpt1Calal5CqgfdHatSIrl7PyTiUo8Tv0pRxKFeJO/arsFDy8XHsHBhgre4WYLlau8GzSimoXoBGjSi6iuofz3/mte/VqJHdimwQf7k4+29daNDQeQquH6DOUWGKbBGqVreEeg384HDWlqv85UuKPedyhFdO1SL/qroL/6oTW/57UUFWod2m3PfeuSxjKcqQIUO0cOH5cKdBg2sVGBigpKQk/fDDD+rZs6e+/XZjsffIzc3Vxo2eGxBs3CgtWDBfn366SFFRUcY5K1eu9Ah/VqxYoY0bE9SgwbUKDQ1VWlqa13tKUvv27Y3f79y5U3fe2c0I3iSpXbv2+vbbjVq50rErW3H3cl63c+cPXue5cWOCVq5cqfj4eLfzXMfgNH/+fLfnJCQkKCoqyuO83xNn4/b61/5FhSrUzbf1Lvb83dv+rcMHd2vX1i90e4xnn6rLJT3+G6+B0IVcQ5iQrp08ejqVVdLk6dq3eIUiRjzuNcBxrcL6eelKNR/5hPwaBOnI5m1ee23lZxwqsuH7hZxL97LPBVklca8Os5bq/SpOyocLlfrhQkWMeFzNHu5X6iq4g/HfqM1br7hVs+1bvEI/L12ppCkzyi3Auj7csZFJl9tbaMa0ERd1j/SMX3R3r5dktx/Tk0Oj9dSwy9MPds3a7VoWt1FfrdthHAsOvlq9e7XX4AHdZLWe7zWn07lGeOUTfH+pq6gqNXxcPjUa6MyOwdLxdBXafpRP7ds8znt86BSt/XqHRr/QTw8N8v490AMDJyhxa0qR7+Xu5DTNmb9GS5ef/3/ovb3aa/QL/dzm4nxWcVq3CtMn80Z5fe2jufEa//pCWSw19fHcF3VDePHtEm5u9bjk46PRL/ZT716e/892nmPPKyj2vxOb7ZjmzI/XkuUblZHxq3H8js4tNHhgN7VpHe51nJK0ctmrxY5zauwyvTstrlTnVoRKFT2AP7q4DUnq2KKxBt/dWuv/b6ju6XCjOrZorDmrEpWbV2CEV5K0u7JFo0/U069VHH2xTh/5Rb6NrlPE9fX1f3c1Vf8WDVQ9M122pXE6czRbjW1HjGtz8o4rN69Ac1YlKrrDjbq5abDRXyu6Q4SxxBCoSGdtNh2NjdWB6OhiwytXBYmJOhgdrawXXtD+22/X0ffeKza8uvDaA9HROpGcfCnDxp/M3GkDjV8vPtVVrW7x/It73qItmjA53u1Y8p7DGjh0njrHvKcXX12h2FkblLgjTVu/SzN2DSxqV0FJXoOtsCZ1iwx/3pu1wWtvrdvbN70iFU/B9QN1e3vvyzkyDuVq3qItGvrPz9Q55l1NmLJGNvtxr+f+2RWsjS/29cpBwar1r1cu+3MdQdYSXTNtlioHmWfH4vHjxxvh1d13363MzENKTU3Vli2Jysw8pB49eridP2rUv3TsWIHbrwutXh2vY8cK9Omni2Q91zMxNjZWgYGBuvvuuyVJK1eu8LhuwYL5kqSePd2f2a5de49njh49WpIjmHKGV1ar1Xj2mjVrdOxYgVavji/xXhcGTM45JienqF+//pIcIdbOnTtLfD9jY2MlOUJAyRFo/d75B1yjdt3/rroNwksMrySp3rU36Pobo8q81PDkiXzl5f5S7DmuS9b2LVnp9Zx9i1coacoMpcc7qk3quIQ4KR8uLPLem55+Wdm7PD/YOGmza/vYSVp7/xB9HHqLUmZ/rKiZk4utPmr2cD9VtfhLkn6YPF3p8d+oThv3kKrZQw9KOl+F5E3+wUytvX+IsjY5lg46A6n89Ezj2IW2j52kpCkzjLk4+2Vl704t8pqsTdu0+Zkxyj/oXtmVnbzHmPviiCglTZlhzL204VX+wUxl705Voz49VbftrcYvZy+w/PTMIud/udjsxy762o/mxst+7vqP5q2RzXbx95IcQcgTw6bo78OnuoVXkpSR8aumxi5XVJen3Z5zZvdoR3hVu22ZlwD61O2uSuGvOu6zfZB02vP7Iuf7M/71hdqcWPz38N7ey93JaXpw0ES38EqSli7fqKguT2t38vmdmC/l34UkzZ63WpJktx/TR/OK//tckux5BbLbj+mfo2a6jePCc4ob25q12xXV5WlNjV3uFl5J0lfrdqjfoImaGrvM7bjNnu/y++LnvMTlfSvNnK40AqxyFmipof2HjmrOqkQ99OonGtG3gzq2bKzDR+16Y75n2eSA6jZdeypP1W9urpqRraVKlVWpcmVVsliUk5mlv1cJV6VOnXQiJVUWnZa18JRx7Yzlm3T4qF1jh9yphvVr67roV9Xp79Ou5HSBIp1OT1fWCy8o76uvSh1AXXh9tbAwVQkqW1n9WbtdGRd8qg4Ux7kUMLJFqAb1jdT89wd6DWrmfZaojEM5ks6HV4k7vH8zcrGKq6KKDLtKi/tdpVXXbdHKRud/jT66SLkfvKOz9qLDstKylxA6vf7SPUWGWMY98k5o3qItGvbC73/pUnk49tXqYl8PfPKZy9Zz6kz6QY9jNe64U8Hrt+iq198xRZAVG+v4Yahdu/b67LPFbsv6AgMDL6nPU8+ePdWjh6OyIjfX8WfX+fWqVauUk5NjnJuWlqakJMeHf/37l/7vkNjY94wKqvj4NR5h1KVUP4WGhrpViblWeHmTkJCggwcPyGq1atIkR+PsVatWus3z9+TkiXwdPbJfkiPEKm0gdcOt3dWu+991w63dS/2swwd2a+VHLyr+k1d1YG/RjeNq/aWZEcikr/nGa/CR8uFCJU2ebiyfC3ukn9HL6eelK71e46wGcvaYcuVrtajl2OdU69w9TtnsWtt3iNewy7jGZTfEn5euVMrsjz16TEWMfMIIubaPe8vr/X6YPF3Zu1Lkf65yyTUYS3jsaUf/LhfZu1KV+tHHSpo83ag8cw3aNj87xuMayVFVdjD+a49li6dsdmPup2x2Y+5lCZx+mDzda4WVb4BFIXc4lnQWFUZWNJvtmJbGfWt8bbcf8whpyuqBga8ZwZXFv4ZiotvpyaHRenJotFq3CpMkPTW01/mqJduPKsxYJFWxqHLLeRf1zEoNH5dP7bbSaZsKD/+72HOfGDZV6RnFB8kXmhq73Aj5Rr/QTwvnvqgnh0bL4l9DdvsxvTrxfHB8b6/2xnxjotsZx13fh3uLqJRasnyjMjN/M75eFvdtmcb6xPCpZQ4gNycm6+/DpxrzCwq6Sk8OjdboF/pp8ICusvjXkMW/hh4aeHGbuHmb06WGpJcbAVY523/oqMbOjFfD+rUV4FdDUz7doLgNSapZrarHuZ1rnNBbtzdU3rXXad7q73R0+gc6+b//yW7P16uf/kdtfw1Rhqpp0/odSjpsV3DPv+mHq9P00Ol0SY4qrJrVqipuQ5LGzozXd/Of1VN9ozTl0w3KyfP8RBK4kqqEhKj+++/r2s8/V+PUVNWfNk1+nTuX+voakZEKXrBADb/5Rg3XrVPtYcNUyd+/dBcXFuqsrXz7teCPbVDfNl6Pp5+rqHrh1RUeS/maNa6rCaN7ulV0NWtct0zPTd5zuMjXWre7URHD/qHr3vo/Wf2qqVrqd6qW+p1Of79FuR+8rYwebWT/ZFaZnnehLSUEclZLdb3/5v1aPneIors3V1C9ooOWxB1pmvup9z5ff2bHE4tewufjb5FfjPcNAy7Gr/8cqaz+fXRiy389XvOLua/Cg6yEhATZzv2/2rXH0+WSk5OjjRsdP+w1b+4IwlwrupzL+yTH8kHJUblUltBsxQrHPe6+++5yaarurKCyWq1q3rx5qc7t0aOnevbsKavVqtzcXLd5/p74VvPEJqPYAAAgAElEQVQz+llt/XpescHSpapdN1R5tl+UZ/ulxKAsauZkI5Da/OwYtzAla9M2r72puiya5XZN0pQZRpCTvStV28e9pevu7eG1kblTy7HPqc1br6iqxb9UQY7r87N3pXgsXfQNsKjLollu90ud/bExrpQPF+rnpSvVcsxzRrDkG2AxKpdO2exa13eIW9WUs8KsxcvPGtfUbXurMe789Ex93u4ut8Ao5cOFOrJlu3HfouYe9cE7xlg3PztGqbM/LvJ8p/T4b/Tz0pVqUESzd+eSRmfDe7NZunyjEVyENXNs5vHR/IuvkJkau0wpqQeN+62KG69JEx/TU8Ni9NSwGH0yb5RWLnvVbRnf2YxPJDkqqVTl4j9cqdTE0aPwzE9vFXue3X5MTwybWqZ7O5cExkS300ODHMvpnhoWo+nTRigmup1mxJ5flte7V3tjvq5B1b0ux4ta6vfRXMcHUEFBVxnHyhIoZmT8qudHfVDq8x3Vcuffi9Ev9NPGdZP11LAYPTSom14a1V/fb52hVXHj3Zd8loFzTs7/viTpo3nFf9B2pRFglaP9mY5dB29uGqTPE35Ubn6BGtavrRx7gXakZhjnWQtPaczV+Xov8mo9+M0hhcX/pin+tTSmeVW91/igZtTaId+oA+rd5L8aFvSL7Kqs8ZUbqcnqX7X60AkdsJxvRrkjNeNc360gvTIrXnO/2KqbmwY7+nBlHq2ItwHwyq9LF9V//301iIuTb1hYma6tEhKi2sOHF7lToatK/v6q+8YbqnRu2QhwMZyVVt4k7znssZTP36+a5r8/UDF33eRW0VXcfbyFP1u/Syv2GkmqHNRAdT9YKr+7+7gdL8yzKfvtMfpt7Mhir3c+58IlfhmHcrwuUfQmvGk9vf7SPfp6+ZNat2y4Bt7X2ut5yXuLDuT+rAqLaYZe847Lv4vkicRNyhpwnymDrISE872aSlupNGHCa6pZs4bxa/z48R7nPP/8c2rTJlJBQfV14ECa+vXrb1QkFbWM0Nk36sLlg5L07bcb3Z5Zs2YN47WDBw9IOh+QlaS4ezktWLBA3bp1U82aNbRw4QI1aHCtR3XahXJycoylmM6QzlltNm1abKnGZkY33NpddRuE6/obo3Rtk1bl9hzfan5qdfsAder1dMnnngt+IkY8Lr/g+tr87Bh9+be+2vzMGKV+uFBt3npF3Vcvclvi5htgUffVi9Ti5WcVGN5USZOna0nzKH0ceou2vzJJLV9+1qM/la/VojqRLd36RjXq01Pdv1ykkDs6GkHOl3/r67H0zvnM6+51/LfQqLf3Hk+1/tJM9/zn38Zctr8ySUuaR2nxje2VvStV93z7hUf1UqM+PXXPt1/ount7KO9ghj5vd5cShjythCFP65TNrs6fzvQI4pzjbvbQg/K1+GvzMy/r49BbinyOc+7OZY6SI2xyzl2Str8ySZ/fdpdH8OR8Pf9gpjY9O0Yhd3Qsskl+SNdORkVZ0pQZXs+pSM7laq1bhemlUY7lxBkZv7ot+SoL53UW/xr6ZN6/FBLsucHBhf2Pzh7+UpJUueHjF/VMJ5/at0nVQ6SCg16XETrHJUnJKQf06oSSv+d3cgZKW7amuFUPtWkdrkkTH7vocMfV5sRkI/x7aliMUb310bw1pbreObev1u3QR3NLF0KuWbfdCDCfHBpdZH8wb/8eS+PCOXW5vYWk0s/pSqGJeznaf8gRGI0dcqfmrErUPVE3qmPLxho7c7X2HzqqkVcdV7ujP8tWN0hhYQ31TeIuPZz7qx6WdPz2g7L67NGx41JwaIBOFuSqUh0p02ZT1IFAWc6c0ala16hxowg1TN2rkdXOanPNetpoL1BOXoHHM9dv/0n7D9HIHeZTLTxcIfPn68A99+h0Zul2sXG9tkpwsE5nZHh93RIdrauGD6eJOy7Jlh1pmjil6G8ubF6aqIc3refRu2rup1uKbOAuSV2immneZ4lux+x5JzT0n59p3rSBJTZCr/XMKzq2frUK89yXY+Svcizdu2rsZEmSxb+a1+snTl2jiaMdPzBs2ZGmUV52NyyN4PqBGjWym5L3Zmnrd+4VXMX1APszOpW8q9jXqwQ3KPb1S+EIsjapWuu2Chw+UtUi/+r2ul/MffKLuU/5yz5Tzrtv60ym9//PlpfiwhlXzgbrTq6/d3LuAig5djIcNmyY2/179OipVatWuS0jXLVqlSTvywcd1U+Xp7qqNPc6cCBNBw6c/7N0zz09Swz4nFVWDRpcq549HX+ue/TooYULF+iHH37Qzp07y6VCrLzs3vZvYwlgWXtZXayyLDn0DbAoYuQTpd4FzynskX7FVlm5ipo12etxvwZBipo1WSdz7crenVpsA/a274zz2rjd1cXMxa9BkHHfk7l25adnltic3q9BkFqOfU4txxZdaeVU0twlR7Wb6w6GddveqgfTvnM7t0+S940TnHwDLOrz46UtySsvrku7HjrXpDso6CplZv6mZXEbi6wSKsru5DTjfvf2al/6UOe4Y+WPrDeW6Xne+FhvVGExzdzDw0MVEny1lsV9qznz1yg8PLRU8+zdq73enRanjIxfFdXlaT08qJtiottddLDjjTN0svjXUO9e7dWmdZiWxX0ru/2Yliwv+d9HeHiorJaaWvv1Do1/faHCw6/1aLx+oS0u/cCKWtZ4KZxzCgq6Sl27tJTV6hhfaed0pRBglbOG9R2B0eC73T+N3rk3U/9oWVf1fH5V7SqnVHD6jNqFh0gK0fcnf9Bt3YdJOq2rA3J1KP2watSorkO/VNFtDSP1v8pLFHHU8U1teqXqqlE7QJYTx9UgNEQbtv9PHVte7/HMQEsN5dhZRghzqmS1qmpwcJkDrJy5c4sMr2oPH67AgQOpvEKZDRzq6OlQWChlHs4pMnQJqhegyBahXpfZbf3O0bR94P2RstmPK+7fOzVxavGfYA3qG6llX+z0CLlS9mapc8y76nXXzQpv6liCmHEoV2s3pOjFEd0U2cLxA3slS4ACH3tG2e+M9bh3/qrPVL1lG/n1uF+RLRrq642eO0Yt/2Knln9RclNoV7d2eVN3dAxTl6hmCqoXYPTs2rIjTZmHPSvHigrP/qzO2ooP9HzD/1LuY3ANsmr/a6yqXvBMv5j7VKNLN9nnzJJtziyPgPRycg2fSrtb3oABA4wG6kVZvTpezZs3V7duXZWUlKTnn3/e2MFPcgQ7j58rJnBdXlfU8sHmzW/SmjXe/zxbrVbZbDalpZWuH15x93IaNepfGj16tMaPH68JE15TbGys+vXrX2wA5ewlZrPlqls3z0/pY2NjNXPmzFKN0Qz8A65R4rq58vHx0Ynj+WrdeaB8q/ld9P0O7N1arhVcFcE3wFLq3QPLexy+AZe2s2JZZO9KVcJjjkq5Rn16Oqq6StnQ/ffEuTTNGS5I0sMD79T41xdqS2KKNicmlxiAuHJt5B1ZhuskOSqnSlCY9W/HMsNi+FhvVOGR1UUGWJL00ov9tTs5TSmpBzV+4kLdEHZtibviPTUs5twufWtktx/T1Njlmhq73Oh3dalBVnrGL8YyRWeQFBJ8jVq3ClPi1hS9O215qcKeSRMf0wMDX1NK6kE9MWyqEta+U2yQmO7SsP1yhnGOe5+f08Pn+me5hqSlndOVQIBVzpw7AXrz+PZcvXkqXzFnf5b2nU9Uq0bkqdKBJ+UXeK1+PnSLGjYJ0/69KTr76/fyOfW2cnMa6fr/7pMkOVvnLqtUR8//WvQ3wg3r19b39iv76SlwuRUkJuqszaaCxETlrV1bZHglSUffe085c+YocPBg1S6HXir44yptI/Zhj3aQ5Gj67u9XzSN4mjBljSZMKX3ZtbNyadR4zx4mzkboJbE8OES2j2fqzGHPPxs5H7yjGh3vVJcOzUoM05yaNa5b7DLCvPwTZQq+Yu66uVTnweFsMcsLL7cTiZt06J5u8ovpo8BhT6tyyPnqr0rWAAU8+Ywsgx8t1yDLNbB67bXXLqnh+YUCAwM1bNhwPf74Y8YOfs4AyLmMcNWqVW7LCL0tHyxJVFSUVq1apYULF2j06NFeK8Iu1ujRoxUb+55sNluxAdTOnTuNBvS5ubnGckhXq1b9vvpgXduklfwDrtHJ48cuqQLr5Il8ffvF/+ngT9t1/Y1RlxyEncy1K/Wjj5V/MFN12rT02hw8Pf4bZW3erlo3NPX6ulPWpm06smW7pPNL5rxVMZWmwin/YKZO2uzGOdm7UpWdvEf56ZmKGPG40uO/UXbyHuNZ3pbVuY4nYoTncrH8g5nat3SlTuba1XLMs27Hs7ZsV63wpsbz9y1eoezde+Qb4JhXaYK2C8d43b093IIp1/fhnv98oZO5dqWv+UbbX5kk/wZBCunaSb5Wi/LSM4t8Xv7BTKXM/lh127gvzTSbzYnJStyaIul8uCA5wpOpsctkzyvQ0uUbyxRgXZKqxVfInvlhuAp/+4+qlBBgFRZ4bixyIau1pmZMG6G7o0fLbj+m50fN1MdzR5V43Uuj+uuhQd00NXa5vlq73XiP1qzdro/nvlhiCFYc1yV/rsv47u3VXolbU5SR8WupAkWrtaYmTXxMDw6c4Oj1NXxKqeZWHqbGOnaHt/jXcKvuempYjP45amap53Ql0AOrnH2/x/sP2Dc1cfwl8XzVZlpWqY7ba1f/NUpna92rfQfOSr99rqO73lC9Sp/L6n9GvvXvVe020W7nL6tUR89XdfwF0eGW68s0DuD3wrZsmTIGDNChoUOLrbxyddZu19H33tOBe+7RieTit+EFymLoI1GKuet89cOgvpElXuPvV81rbyjXHlcxd92koY9c2g/tgY8/4/X4mUPpsn88S8H1A0v1DH+/anr9paJ/2LqwZ1ZJbm/fVF06XLlP5f8ITnvZNbC85S9brIzb2+q3F0Z67FroDLKC129WwLCR8vG/vFUOoaGh6tfP0ddl48YEPfbYYx475l3KDnoDBgyQ9VxVbmysex8o190Ii1s+WJJ//et8NVi3bt3c+npJlzZ+ScYuhMXtJuicW0REhFavjnf7NWOGo2Fwbm6u0eTdzFwbtdeu0/CSlw/6VvOTf4CjcuHaJrdeUnglSdm7U5U0ebr2LVmh/HTvVeT7Fq9Q6uyFXl8/mWtX0pQZWnvfo0qaPF0psxYoafJ0bX9lkr7s3lef33aX0uPddy3f/MzL+rJ732IbtuelZ+rL7n2NnQSTJk/X5mdeVtLk6VocEaWEx55W0uTpxrM+b3eXtr/yltuOgM65JU2eXuQzkiZPV+rs8zu6pXy4UJ+3u0ubn3nZ8YwpM5Tw6Eilx3+j1NmO3RjX9R2izc+MKXLsKR8u1Paxk5S9O1V5BzKMMS5pHqXNz4wx+ns53wfnvXwDLGrUp6favjNOESOfUK2/NFNeeqbWFbFDo3OsqbMXavu44huJVzTXxuCu4YLVWlN3nKvGKusOeFbL+Uof16VppWL/0fvx07k6/e3tKsz6t6qUZofCAkfPQJ8SliOGBF+jNyc+JsnRD2v86wuLPd/1ukkTH1PCusl6cqjj52dHUFS2pvCuXHeC7HJ7C7dKqN692hv9t96dtrxU97shPFSjz/Uz25KYUmyvr5Dgq43f706+fLte22zHjJ0o7zi3dNCpa+eWRr+u0s6pvBFglaPiqq+cSwslR4j1WuXrjK/T0jbKWr+tQjt9ooC236hSk5lKq/qubP7/UKF/W/22/0vjXNfwqqRnFvcaYHbWmBg12rpVdSZOVI1WZSv7P5mSoowBAwixcEmC6gUountzrVs2XMPPVV85DX+0g4Y+EiV/P+9L5Jo1rqv57w9U2Lkldq4ubNI+/NEOmjttoFrdUvKng94avPv1uF/VWnjfNdH2ySydSv3RGG9RguoFaP77A40lgaV9tjf+ftU09JEovf/m/aU6/8+kpB5XpzOufIDlVFFB1qRJk9SuneMHtAUL5isoqL7CwsLUrVs31a9fzyN4urCJu7cm6K6KCoBcwy2p+N0HvTVedzaPv+mmm4yQ6MCBNN15p2Pc3bp1MxrJl/Ze3jhDtaJ2E8zJyTGqq/r3H6CoqCi3XwMGDFBERIQkR3N4szuwd5tOnsiXJB0+sFu7t/3b+PpiNY7ooAeemmUEWeWtqKqr7F2p+rJ7X1W1+KvLZ7PU5bNZ6vPjRnX+dKaxQ2F+eqYSHnvaLcQ6aXOETBfueOiN89xmLn22Gt3bQ71/SFDvHxIU9cE7xrNSZy80luJJUq0byv6BQ9gj/dzGnncgQ1GzJitq1mTd8+0Xxmv7lqzwCMZO5tq19n7HLoYtxz6niJFPqO0743TPt1+oTqQjpKlq8TcqxZxz27dkRbGBmCRlbfbcUfCU7XxYl5+eWeJ7WVHSM37RsnOBiSTdEvmErg8faPxyfa20zcAlR3DiDFuWxn3r1uy8WJZzy8xtF4RYp3N1enMvqSBNVSI/L1WPrMJz9/CpUXK/x65dWhoh1NLlG42KtKK4hnlWa009NSzGuN5ZTXQxXHeCXPv1Drd/F9eHDzT6im1JTCl1oNi7V3ujCfyc+UVXyN/RuaXx+8sZJn00b7Uxp2Vx37rN55bIJ2TPc7QhKsucyhNLCMvRzU2DNXbmanVs2djteMcWjVXJx0efJ5z/g/9RlRDZVEVvnNmrqmczVTXjWVWVlHNE+iXvOvmc/FkRYdL+7VLNKtdI8vMIrySpRbNgRXmpwlq/4yeNHXKnx3Hg96SS1SprTIysMTE6nZ6u3957T/a4uFJde9Zu16GhQ9Xw66/LeZT4vRg1oqvXBuzeOPtMFWf4ox006P5ILf9ip2x5x5W4I02tW4QquH6gUa0VXD9QwdMGul0XUt9z98HIFqGKfH+gkvccVvLeLGUcylHyHscOfuFN68nqX12tW4QWGTBd8/ZsZT3WW6f27nY7Xphn0+HH+6jejMUa/mgHxdx1k7bscN/psHWLhm7znXvBeJ3Cm9ZT4prnlLw3S4k79hvHk/ccNsYV3qSeWrcILbEB/Z9V5ZAG8vG3FLkc79jaNaply1Ul68VvVX6p8pctVv6yxSUuLcx99x3Z5314yc8LDAzUmjVrNH/+fK1cuUKrVq0ymphbrdZLXpLXv/8ATZs2zahAGj58uPFajx49jZ37Lmb5oNOAAY7gaPz48UpISNDBgweMZXzO8Ohi3XTTTYqIiFBSUpJee+01I5BzWrlypXJzc41xeNO//wD985/Pa+PGBKWlpV3WZY6X28239dbqj8cp+5cDatC4pVp3HlRs1VRe7i8lBlO16zQ8989Lq74qrapWz4A3e1eq1vYdIl+Lv0cT97ptb1X31Yu06emX9fNSRxi56dkxuqfNrR69nTY/6whuiluaKLmHUa5N00O6dVJIt07Gs45s3qZ9i1eUeL/iNOjWSTnnlv653sevQZA6zJysz9vdJUnat2SlW6P4tfc/qpzkPYr64B23+/k1CFKXz2Ypa9O2IpcC7lviCJ/avP2K19ddwyqn7F2pavHys0qaPF2n7Hnat2TlJc27vJQllFoa962eGhZT6obszuVhdvsxPThogqbHPuXRW2l3cprbcrtKdf+ms/ZdOrN/hio3d/Tau6jwKv0T6bTdEYjVuLbU492cmFJseJWe8YueHzVTu5MPeCwVtFou/c+8cyfI0pgau1yTzlWOlWTSxMeMXl9F6dqlpcKaNVBK6kF9tW6Hnh81U29OGOJ2js12TLtT0sq01K8su1iWZU7lhQCrAnRs2VhxG5IU4Fddufnnl2AsreL4hr/7affmuidrP6Jqh90blHoLrwL8quvYiVMegRnwR1QlJER133hDgYMHK+uFF3QypfhPYiSVatkh/jyKqy66WFZL9WKXE1ot1UsVhjmFN613UeOsZAlQ/U++Uu6Mt5U70/2HAWeIZX1wiOo/8IjbUkhvihuvcz5lmRPcVY9sq4J13j9xLbTbVLA2Xn4x913hUXlyDbJqjRrrFqpVsgao1uhXZB38qHLee1v5y5dc8vMGDBhQZAAjSceOFb8xTVRUlNdzbrrppiKvnTlzZrGNzUePHl1iw3in0NDQS75XUc3dt2xJLPa84t43SRo+fLhbcGc2riGUf8A16vnQG6W65n8/JujA3q26rfsTRkhlVpueeVmnbHY1urfooLTlmOd0ZPM25Wcc0imbXUc2bzP6NDV76EHtW7JCp+x52vzsGGXv3uPWh+pC2bs9l9AV9axLDbBcXVjF5dcgSCF3dFT6V+vdllTuW7xCOcl7VCeyZZEN2L2FV9fd20PZu1OVk7ynxBDrQidtdjXq3VOnbI5lnEc2bys2JLucklMO6MFBE9yOWS01NfrFfm4BkutytdatwvTJPO/9kT6aG6/xry+U3X5MS5dvdOvLVJzevdprS2KylsV9q+SUA+rQ5Rnd26u9sVRtzdrtSk45oHt7tTeCkkohfXX2p7dUmLFIavi4VLNBmcMrSTqzd5IkqXLDsoUhM2JHKKrzSKMqyJvdu9NkzyvQg4Mm6qlhvXRDeKjSM37R1Gnn+zxdTC8n150gnxwaXWTz+4/mxmvt1zu0LO5bvfRi/1IHikavr2LmZvTMcunp1fvcLpLpGb9qzdrtstuPaeWyV0vV56u0c5oau1yJW1PKPKfyQIBVzlyXCl54/ImYtnpjvvu69qVV6qmNX4SOH/+PqleXalmltH2zdGOj8+ccPdXYI7ySpCdi2qpe7T/erhtAcaqFhytk/nylDxhQYohV1qWHwO9dwOPPyL/Hfcpb+ZnyVi4ymrsX5tmU+8Hbyv3gbdXo2E2+TW+Ub9O/qEbH0n3Ti8un5h13FhlgSdLR18aqRpduFVqF5Sp/2WId+ype1sGPyjLoEbdxVQ5poKvemKLA4d77sJlRQkKCfHx8JEnt2zuWLp46dUqnT59W5cqV5evrW+x1ERERCgwsvqExyu77/yzRzbf1LvX5vtVram/SeuXbflVe7i8VEmBlbd4uTZnhcdzZs8n1a2eF0oWN0135BljU7JF+2nGuP1P27lSFdOukI1u2q8tns9SoT0+tvf9RnbLnKXX2Qp2y2Usd3nh7Vp02tzqqsM41br8cvIVRfiGOOVe1+BvHnMv3TtnzdGSz4/mB4U3drs/atE21bmjmdqxRn56qdUMzo3qrrCGWb4BFESOf0MH4b5STvEdJU2ZckQDLbj+mLYme37MOHtjNLcBas267sbTrqWG9irzfQ4O6afa81crM/E0fzY8vdYAlOXb5s1pqGkvXlnqpxvn/9u47PKoy7eP4N22SSaalkJAeQg0QQAKIC6FoBBuIZdcCiLovYhfsurqrLthXURfXFXcVIWsXBNYFBIEEBGmSUEIN6ZA+mZlkMqnvH8McMsykAEqi3J/rykUy5znnPGcETH7cz/1s+XE/BYWl9rmpY/CMm0lTzkIaMh+0DzjT8CrzAagtAL8oPKJu6fBcwb4c8D8fP82k6591ezwqshvPPD1NqSyb+5Jrv6xXz7KCyPHeaDVq7rjtilZDHJ3WX9nR78OPV/HQ/dd36PqOXl/3tNGjq39CLP/5+Glm3T+foqJyzOYaPvzYtUrvu3U7OxRgfbjIXlGm1ajbnuf9MHXGS/ZzzuCZfgkSYP3Cxg3txUcrt3H7Nc6Ne2+/ZgT/+Gozsd0DyT1R6XTM4pWIz9CXOfDDWwR45dM9vAGfwEisPn2ISLmTA99/5XKf2O6B4OHhch/Afv+rXV8X4rfCU6dDk5JCRRsBlnr4cMLfffc8zkqIrsErIhr9rEfQz3qExqJ8anf+QENRAU3mKposJrzDo/EOj8Q3yX3fLPHLUqe0/YNGs9lE+ZMP0+3ds1+e1/QzL0NsNpuoeucNTB990GqQdbZa9rDKyjrgtLxtwoQJbNqUztNP/8lt9VL37mGYTCa357aUm5vL448/5tJDSq/Xs2rVat5//598+OGHjB6d7FTdlJGRwYsvznM5b9CgQbz66mtOuybOnTuXF1+cB0By8hhWr3b+AcPxnKtWrXbZbXHx4sXMmmX/AWvq1GluK7naey9+zTT6blQU52CpKqXOVk3+4Z0E6ELolTi21XNUvgGMuOw26mprzrgxe97h7XSP6X/ODd1Ltu6gxE2vpdNZWlQeuVva1lLYSPdhSuW+gyd33/v2rMOb02lOC9Pae5bWmta3p2CN/R/vWy6ddIRmlvxCtjz8LNWFxwF7iKWJiiD0kmFETxjvNhBT6bWkfPbBGb0P1flF1Jst7DkZOGqiIzFmHbJXoeUXtRksnosRw/u1ebxlk26ArKxcRgzvh07r327F0LNPTVOCjNOX/bVFp/Pn2aenccN1yXz48WoKCsuUJXojhvdjwmVJ3HCywsfBs/fjNJX/oDRz97p46RmFV82Fn4G3ttVG7/37xTj96nI8IZZXXpzJV0vT3Y658WQVmaMSyiHl0qFKRZY7Oq2/8t+oZZN7ONVTy/GetFWB1D8hluunjKagsIz9WXlOx1IuHYrJXMPIEe5/L0xISWrz2RzX/+/SeaxZt9OpH1i/vtH0T4jljtsmujxjQr9Yl2crKCxFpwtQnqktI0ckKHM//ZnONwmwfmFxEUEYN7qWARq0ahJ6hPHQzck8v3CN01LCd7+v4/Loe9F2G46ndhr9+idiNlnwKF1L2Y5ZvPJlb+BUSZY+wI87J41gUO8It43ac45XEBfhvhJMiM5WvXYtpqVLsW7f3uY446JF1BcW4puQgG9CAuoRp0JZW1YWlrVr3Z7nHRFB0AMPoLu+8/6lQIiuwisimoAIaabelXjq9ARcd2Oby+6sa1dT/uQcgl9+84yvX/7kHDTX/R7fi393LtN0q70g61zNnTu3zWV4LS1evFgJrxxfuwt2MjIyuOKKiUqfqNGjk4mNjSU3N5fMzIxWG7e7O89g0JOWlkZmZiZXXDGRf/7zfbfL99LT00hLS3MJqlrz97+/o3yemrqE11577YKr8hoy+kY2ffsPALrH9G8zvHKI6X3mVdb7d1K8BAIAACAASURBVHzL9u8Xo9F1Y+Itz55TY/fQi5NI+fwDl9eLt+xg3c2n+tS0rPCx5LcdAqla9M9yVC7BqQbmrYU3PW48+x5uLSuj2nKmAVZdlZldL7xOnclM4uxZTv2vFB4eXPvDtx2+ZuX+g4RdMkx5H7Y+8mcKvttA9pfLTy4RdP8+5K9ZT3NzM8U/nPre00erod5sIfPN97jkjRfO6Nk6qrUlgK159uTudB0xISWJCSlthxBt6Z8Qe4a9jTyUzxozH8Sr92N4RN7c+nDTXhqznqG54gcAe/+sVkKvjjz3jdclc2OLHRlPN3JEwhkvE+yfENvqf6OoyG5n9N+vtffynwtmt3tue88G9uCxI+Mc3P3+ONNn6sjczwcJsM6DIX0i2bDziEtvqiljE1m2cQ9/mTnBKcQqten5ekcjtw//N4F1kP8dnKxuZ9fhbuw1nfrXWn2AH49OG8fAnuFMGevaGHTDziOMGyo9sUTnajKZsB04gC0riyazmfqCAhoKC7Fu29b+yY5rmM2Yly7FvLTtXTe8IyLwiYxEffHFBKSk4Jtw5mvchRDifDI88Ei7faOqv/6Cuqx9hLz8Jj4JA9q9ZmNBPmVPPoxt2xY01/2+Q/MIfvkNjG//jcaiM+sX2DLIMjz4MNoZ/3dG57cmNXUJzzzzTIeajC9evBhAaXC+ZMkSlwDLaDQqIVR0dAyff/65U2DVclfC0/3hD3+gqqoKnU7H6tVrlPOMRiMTJ05gz549PP74Y0yaNMlt2DRv3rwOBVgZGRns2bMHnU6HXm8gPz/Ppdn8b1Xe4e1KCBUUGscVt/z5F79nTO/hbP9+MQH6kPO2KyGg9IEq+G5DmxU/jmotH62GqAnj3Y5xF2K11/PKnboqeyjWWtXX6Sr3tX+PgjUbqDOZqdx3kOwvl5M4exZD//yoSyWV4/2oN5nb7EPlqDxzaFnBptJrGfPBm0pD+oI161sN2QpWr+eqVZ85veYIGo99tYJBc+7+xaqwfvVaNGz3GvoRTTn/pLliC42ZD8Lh1/CMuhmPoFHK8OaKzTSd+J9SrYVfFF6D33EaI8SZ8OzsCVwIxiX1YvehQoxm10qsKWMTCdT6M3PKSAb3PvUX5X+PXcK+solkHE+huG4CHt3v5qeiFJZnnfoLfXDvCGZOGUlUqMFteGU0W1m2ca80dRedzlOnQz1iBIYZMwi6/37CXn6ZyMWL6XXw4M/+Ebd+PZFLlhD0wAMSXgkhfhW8oqLR3z+n3XH1Wfs5fu1ESu/9I9a17nemclRrFV56CbZtW85oHgHX/4HIDT8S/PIbeEVEntG5YA+yKuc9R+H4c1+OOnq0/V+V586d2+7Y3NxcNm2y9yZ5/317xVZeXi7Lly93Grd48WKlgmrhwoUu1VatVTktX76c/Hz7konXXnvd6TyDwcDnn38BoOxsePpzREfHKFVY7VmyxH7+pEmTuf/++wFYsGBBu+f9FuQd3kHe4barsX9uKj9/Zjz+CaOvuucXv5cjIAKU6qN6k5m0ux52OtaSozfUJX97odXm5nAqxDIk9AHab9rubm7ZJ3c8dDSKb9mA/cC/Ul3GF3egV1ZgQh8OfLBE6dF17MsVbkOlvi2WE+5x00cM7AHT/666WXlPWnPJGy/Q42RzfHfvQ/GWHU7VbA5hlwwjIDIccH1ecdJpuw16hF2F18Xf4JX4FvhFgTWfpsOv0fjjFOWj6fBr9vDKW4tn3Ey8k9dLeCXOiQRY58nt14zguYWu32w+t3AV44b2YuoVSUwZO5Anpo9ncO8IDlbquOWr/vxnRwCf513CM5+YuenLRJbm9GNw7wiemD6eKWMHMvWKJMYN7cXGXUddrj3/0408N1Ma8gohhDu5ubmUlZUpX2dlZbkdV1NT43Ls9HO7iiZjFdZNW7Fu2ootc98ZnWtN30KTseqs791V35NfC/2Dj+DTr3+HxlrXrqb03j+S1yeKvD5RFE/7PflJ/cnrE0XpvX+k+usvzmku5xpkNRYWnNP9Ae6//36io2NITV3SbvDjWHI3enQygwcP5pprrgFOhUEOjt5Vo0cnd3g5H0BmZqbyubslgrGxsUrglp7uOldHJdi8efPavZcjAJs0aRKTJ9t3gsvLy+1Q+PVrN2TUjWz67z84kbefo3vT2Pzte6z46EmO7Nn4i93T0ffqfFRftQxTAgf0ZeTrzyuvr7t5JsVbnHtOVe47SMnWHVz57adKqAT2pYruQiBHiNWjjZ0NwTWcqc4vYt3NM6k3mYm6fJyyA2HUxPFKILbrhdfZ+fzrVOcXKUsBA08eg9ZDp4DoCK5a9Rl977hVeda1N890qd4Ku2SYMu+SrTvY+shfXEK9PW++12YlWkstQ6yW6qrMbH30L0RPdH8Nx7Wzv1rRaqh4IWvMeMBtw3aPqFvwHr8L71Hf49nrUTyCLlE+PHs9ilfiW3hffhTPhHng3TU2JBG/XhJgnScGrZrbrxnOso17lNfmf7KR5z9Yg9FiJeNwEc/NvIKRiXFMGTuQh25K5q+zrkSbcCvBkSMx9JrMX2ddyeybxzBl7EBGJsbx3MwrMJqt3P7CJ7z5yUZmv7FMufZHK7cxZWyi255YQgghIDU1lfT0U7vtvPzyy27HZWVlceC0DQJOP7ersO3ZT+GVN1G9fBXHb55J8d0d2w2uesVqTEu+wNNw9t9Y7tq1i9zc3LM+X0DYki/w0Jz5bsK2bVtoNpvaH3iGAq7/A+HL16C/f85ZzetcGAyGDgc/y5fbgylHuDRpkv0H8JUrVzotC6yqsn/ekSWJLTl+Xycmula7n5qv/c+O0U0IPH369A5VYTn6eOl0OiZPnkxsbKxyz9Mru36LNPpujLhsBqs//Ss/bfoCW62F4Zfe1qH+V11By6bk7rTsZwX2HfSu/PZToi4fp4RY34y6mrU3zWTLw3+meOsOrvzfZ05L5hxaWxqn0mtbDW8cdr3wOmtvmql8fDP6air3H6THDZMY84Fzn72xC98k9GJ735yD/07lm9FXkzZzDn3vvJWUzz8g6vJxABT/sN0llGrZSyvpuccY8/4b9j5TJjP/u+pm9sz/p9M5l7zxAkP//Cg+Wg3ZXy7nf1fdzM7nX+fgv/9D2syHAUj57AOnSrS2QqaW74Oj4mrn869RV2VyCgRbcvw3rDeZOfhvqcJqqTHzAZorNre926BuIJ69H7dXZZ388Oz9+BnvNChEW6QH1nk0pE8kOccr+GjlNob0iWT3oSIG947g9hc+waBRM+Nq+7r/268eQVxEEBt2HgF6kHO8QuljNS6pF0azlbc+S2NI70h2Hyrk9muGM2VsIlMe+zdgD68c9xOiM+Vdey11Bw7gqdGAhwchTz+tNFNvKCgg57LLAIj8+GN8ExLIGT+eJouF+O3b8dTpsP74I4W33Ub89u1UvPMOxo8/xjsykrjvvwfsvbWyh9v/3Jx+D8e9wxcsICAlxWk+2ilTCHvllU54R8SvwdKlSwkICGDnzp3ceuut+Pv7ExJi3xkoPT2dXbt2kZ+fT0JCAjU1NSxdupSysjJGjx5NUlISO3fuZM2aNSQlJTFhwgTAXsW1evVqPDw8KC0t5brrriMkJIT09HQ2bdqkjN25cyc1NTXs2rWLhx56CLCHZTExMSQnJ7N06VKuu+465VpZWVkMHTqU5GTnJp4hrz5HwKSJFF51M2Hv/Q3jgn9h3bQV3a03EjBpIhUvvolvYn/q8wqwpm8h6Ok5BD89B9OSL9BNs/dLys3NZdmyZSQkJJCbm8vQoUPZtGkTEyZMICEhgdWrV3PgwAHluUNCQvD396empoZNmzaRlZVFUlISo0ePJj09HX9/f/Ly8rjuuta3Ar/Qeer0dE/9khNTb6TZ0jX+9d9Tp0f/4CNob/8/zB99gOmjD87b3KZPn87cuXPbDH5aLu+bNGmSct5jjz2KyWRy2z/KEWR1lCOcystrfecld8FVS8888wyzZt3VZi+sU9VXk5XXpk2bzhNPPH7BNHPvlTj2VxNYOfS4YVK7PZN8tBqlsqmlwAF9GfPBm9RVmZUKLZVO6za0coj//WSn5X3uXPLGC4RdMkzpJRXYvy83Zqah0mvJ/mI5BavXYykoQqXT0uOGScT/frLbvlMB0RGkfP4BxVt22BumjxzmNLeRf3uB6oIip9fib5xM6MhhLteLmjiea0d+e6o3VXOzS6jX749Tib9xsjKmrspMXZWJvnfe6nK9jr4P/f44lcABfanOL0ITHUHKZ66N9ls+79A/P0q9yYyP7vyG9l1ZY+YDNBd/23Z4JcR5IgHWeTZlbCIbdh5hw84jzH94Cs8tXE3O8Qpm3zwGo9nK7DeWMW5oL+Y/PIXdhwoZl9QLg0XNuKRezP9kI+OSejH7jWXERQQC9qWJ4+5ZwEcrt5+8nn1JovS9El2Bl9b+P//wd9+l8LbbKJs3TwmwarZtwzsigoaiIoyLFhH+7rsEpKRgXrYMy9q16K6/nvrCQrRTpuCp02HLyrKPLyzE9PXX6K6/Hk+dTrlX3Pr1ZA8fjnHRInTXX6/c2/Pkr00mkxKmVa9bR5PJ5HS+EA7Lli3jwQcfJCQkhDVr1hASEkJWVhYhISEsXbqUhx56SNkZLTU1lerqapKTk1m4cCGxsbEsXLiQqVOnKqEXgL+/v3Ld6upqlixZQlJSEkuXLmXmzJmkpqbS3NxMTU0N6enpzJx5aseq3Nxc/P39lbldd9117Ny5k4SEBGJiYkhPT3cJsCpemo8tcx+qgQmYlnxB9crVhLzyFwqvvInI2CgqXpqP9tYbCH56DtUrV9NUZaKpyoQ59VSAFRsby65duxg9ejRpaWmEhIQo70FZWZkyz5deekkJ4xISEjhw4AC5ublMnDiRhQsXEh0dTXp6OjU1NU7PJdzzSRhA99QvKXtiDvUH9nf2dBSdFWS1DH7ccSwT1Ov13HTTqR02PU7ufrNgwQIlwNLr7eFPZuYezkRMjL1iq6qqCqPR6DZEclRptVbd1V4Y17KPV3p6OhMnTjx5z1Nh24oVK9wuYfw1qyjJoTgvC4uplIpi+3toqSrFYrJvWa/RdXNa3hcUFovKN4Cg0FgC9CEEhcZ1yrwdWoZEbY35/d62K3ZVem2713FwF4S1N65l1VL87yd3+BoOrT2nSq9FpXcOkQKiI1oN81R6bbv37sgY6Pj74AjXAqIj3O98eJr2KukuRB4+OrwkvBJdhCwh7ATjkuwB0/xPNzL75jEM6RPBuKRefLRyG3HhQUwZNxCDVo3RYmXKY/8mLjwIgPmfnvqGx6BRk3O8AoNWze4lj/LRn29h2cY9TBmbKOGV6HKKn3oKAMPttyuvmb/+mqAHHsA7IoLqdetoKChQjhsXLVJ+1V1/PQ0FBdiysuj2pz/Zz3WzE6Fp6VI8NRoMM2a4nYPp66/RTpmC7vrraTKbMX399c/6jOLXp1u3btTU1Chfq9Wnllw7KopKS0uV1w4cOEBISAixsbFKoFRaWkpycjJJSUnExMRQWlrKzJkzWbp0KcuWnVrW3fK6Q4cOJS8vj7KyMpKSkkhISCApKUmZS3JyMgkd2ICgX79+9OvXz/3B5mZ0t95I1P8+oyGvgEajieqVazDc90e89PbgVjft93jHRrd7n6SkJPz9/enXrx9Dhw4FUHpd7dq1i4kTJxIQEKCMz8rKIjY2loSEBEJCQpTllxMnTjzjpVsXKp+EAYQt+QL1ZRM6eyouHEFW5Iat52VpYcvld3v2ZDody83NZeXKlYA9XEpPT1M+HM3aW/aPclRo5eXl8s4773R4Do5eVAB///vfXY6npaUpVWBt9dZ67bXXAPdLIlsuEczLy1Weo2X/rQULXO/9a2SpKuXIno3s3vwleYd3EKAPIbrXMEZddTcTb3mWG+5+mxmPf8KMxz/hhrvfZuItzzLqqrsZPOoGonsNo5lmykty2LbuY7587wG+eu9B1i/9Gxmbv6I4PwtLVWn7kxBCdJhnwjwJr0SXIRVYnWRIn0iG9Ilk/icbMWjUTjsUDultX/q3+1ARceFBSoDlMP/hKcx+YxlGi5UhfSL5aOU2jBYrz8284rw+gxAdFfbSSxgXLaLi738nICUFL60W6/bt4OFh/8AeVoX86U+o+vWj7sABqteupclkQn3xxZTNmwceHkqwZd22jYaCAryjopR7VLz9Nnh44D9ihNs5GBctAg8PpSLL+PHHToGauPAMHTqUhQsXEhAQQG5urksV0+mSk5NJT09n2bJllJeXA5CQkMCyZcs4cOAAeXl5dOvWjdWrVzNmzBilUqllJdaaNWuUiql+/frx1ltvERAQwJo1a3jwwQddem2BPUDatGmTEnB1pM9U0NOndrRTJ4/EuOBf9t//ep1LaOWp12F8174EvT6vkCZjVbu9sIYOHaosYwScnnHixIksXboUDw8P8vLyuOuuu9i5c6fTGNE+T52ebv/4N7Yff6DsiTk0FhV29pSctKzIqnr7Dcwf/+sXu5ejCssRSjk4Qh+dTseJE8Uu53XvHqYsIxwzZgzTp09nyZLF7NmzhyeeeJz8/DymTp2m7Cq4fPlytwFUbGws11xzDStXruTFF+dhMBiYNGkSer2e9PR07rrLXlmYmJjYZoXU5MmTGT062W2jd8ez3Hfffbz22usux2bNuovMzEwyMjKcdkHMy8tz6ceXmJjYpZcaavTd3C4TrCjJAdw3U9foT1VidY85udlBi43MTuTtx1JVSu6hbVSU5FJZkktQaBxBYbEEhcah0XcjMDRGadreEXW2aupqa1D5+Z/ReUIIIX45Hs3Nzc2dPYkLndFsVUKo8Um9GTu0J7sPFZJzvEIZM2VsIh+t3Mbt19h/OP9m415+OlSAQaPm9mtGSLN20SUVTpuGdft2Ij/+GOOiRVSvW0f0smWYv/6aRpOJsFdeoclkImf8ePDwIO7777GsXUvJyYqtkKeewnD77WQnJRG5ZAm+CQmYvv6akqeeUvpYHelrLw0PX7CA4/fdh3rECCIXL3a6d5PZTOm8ecStXw/A8XvvpXrdOiI//hj1xRd32vsjOl9ubi55eXmEhIQoVU9ZWVkkJCRQVlZGdXU1AQEBVFdXExsbS1lZmbKkr1u3boSEhCjXcFQqOb6OiYlxqjiaMWMGt956K/369VNeLysrU+4XEhKiVDadHvZkZWUpVV+O+XTrZv9hrrS0VLlek7EK2579qJMvcTq/ITefmvSt+MRGoU6+BGv6FnwT++Np0Cvn+MREUZ9XoLze8r3Izc11uZ9j7o737sUXXyQ5OZnk5GRlR8LY2FjlPerWrZvyDOLMWb9bheXrz7GuW9Phc3yHj0Rzwx8IuP4PABRPvRHb9q2tjo85dPa7BzYW5GN8529UL/3ynK7l72//fmbVqtVOYVLfvn2VKqenn/4TzzzzjPKau9AH4LHHHmXBggUAFBUdx2AwkJGRwV13zWTPHvfLCFetWs1nn33Khx9+yOjRyaxZY3+/jUYjEydOaPW8xMREVq9eowRHc+fO5cUX5zldA+zVWldccWqH6FWrVmM0Grn5Zvvyx6ysA24rFR1h3NSp01i4cCETJkxQlhy6e4Yz2WWxK9i/41tieg//WXcDrCjJoaI41/5rSS4VxTnU11npHt0flZ+/2+WHzdh/LNLouinhlxBCiJ+XyXT2G89IBVYXYNCqmX2L/V+idh8qZP4nztsFV1XXklNUYa+yWrgKg8beE+vasVLKKbo278hI1EDFyaUaoS+9hE9kJPWFhUovLE+djoCUFBoKC7GsXYsmJYWyefNosljQXX891WvX4puQgE+kvTLRJzIS9fDhNBQW0lBQgPpkE3f1iBEYbrsNW1YWpq+/Vu4NYP3xRzQnG7k7xjaZTFSvXSsB1gUuNjbW5YdFR5Dl6Pnk+Pz011q7hrtrgv0HcEdfG4eQkBCnyq/WqpROX1LYclzLe3ka9C7hFYB3bDS6FpVXLce0POf06izHfU9/vtPn/swzzxASEkJSUpIyxt054uypL78C9eVX0GSqwvbjFuqy9lGXtY+m074J9Lv4EryjolGnTMRT51xJp0oY8IvNzysqmuBX5mN44BGM7/ztrK8zerT995Re7zz31157TVm+FxsbS0ZGhvL77P77H3C5DtgboGdk2JfgZWZmMmbMGAYPHsyPP25j8eLFpKWlOVU0Oq43aNBgrr76agYMOPV9lsFgUM5bsWK50rTdYNAzadJkl8qr2NhYRo9OZvDgQU6vjxkzhqlTpyn31ev1pKWlMXp0cqt/dwDcf/8DpKWlKT2xTr9uS6e/d78GKt+AnzW8AuwVWKFxgHO1V0VJDnW1NS7jlcouIYQQXZZUYAkhhBBCCCGEEEKIX9y5VGBJE3chhBBCCCGEEEII0aVJgCWEEEIIIYQQQgghujQJsIQQQgghhBBCCCFElyYBlhBCCCGEEEIIIYTo0iTAEkIIIYQQQgghhBBdmgRYQgghhBBCCCGEEKJLkwBLCCGEEEIIIYQQQnRpEmAJIYQQQgghhBBCiC5NAiwhhBBCCCGEEEII0aVJgCWEEEIIIYQQQgghujQJsIQQQgghhBBCCCFElyYBlhBCCCGEEEIIIYTo0iTAEkIIIYQQQgghhBBdmgRYQgghhBBCCCGEEKJLkwBLCCGEEEIIIYQQQnRpEmAJIYQQQgghhBBCiC5NAiwhhBBCCCGEEEII0aVJgCWEEEIIIYQQQgghujQJsIQQQgghhBBCCCFElyYBlhBCCCGEEEIIIYTo0iTAEkIIIYQQQgghhBBdmgRYQgghhBBCCCGEEKJLkwBLCCGEEEIIIYQQQnRpEmAJIYQQQgghhBBCiC5NAiwhhBBCCCGEEEII0aVJgCWEEEIIIYQQQgghujQJsIQQQgghhBBCCCFElyYBlhBCCCGEEEIIIYTo0iTAEkIIIYQQQgghhBBdmgRYQgghhBBCCCGEEKJLkwBLCCGEEEIIIYQQQnRpEmAJIYQQQgghhBBCiC5NAiwhhBBCCCGEEEII0aVJgCWEEEIIIYQQQgghujQJsIQQQgghhBBCCCFElyYBlhBCCCGEEEIIIYTo0rw7ewJCCCGEEEIIIYQQZ8JqPozVcoQa82GaGmqwWQsB8FYF4eMbjI8qCLW2NxrDIDy91J08W/Fz8Ghubm7u7EkIIYQQQgghhBBCtKWp0YrFmEl50bd4eqnRGAZhMWZSdzK8askQOo76unKs5sNoDIPRBV+MWtu7E2YtWjKZTGd9rlRgCSGEEEIIIYQQokuzmg9zImcJ/tpeRPd9EG9VsHKswk2AFRg2ThljKt/KiZzFaAyDCY64SiqyfqUkwBJCCCGEEEIIIUSXZSrfSnFOKgBhcdM7dE7LgEsXPBJbTSHGkg1YzYeJ6vuQhFi/QtLEXQghhBBCCCGEEF1Sy/AK7JVYbTlUEsJ3R5KVr40WGwAWYwYANmshBQffoqnR+gvMVvySJMASQgghhBBCCCFEp6urNVJxIkP5+vTwCqDmtADLX9ubE+YgTpiDKKryp09oGZ+kVbHhpzzmf7GD+V9sx2YtoKGuUjnHZi2kNP8r5WuLMdfpvqJrkiWEQgghhBBCCCGE6HRHdy+msbGEoO6DaagrpzT/a5cx7iqwfsqP4I2VDRgt9STGBTB2UBjzv9wBwPwHLsNUttblHFP5j0pj95y9/8LLO4ig7oN//ocSPxsJsIQQQgghhBBCCNHpGhtL0Bq05B1YTrfIBIIjrnQJsayWI05fe3qrubL/Xq7sD9nGnny0oYnU9UVUmmvpEa7njpe/JSqoiYTI4YzqsY8IfQ1g36WwsdFKxYkM1FpvGmxnvzueOD8kwBJCCCGEEEIIIUSnsBhzyUyfS1TvSfipfWlsqOL4kZUUHV3B4DGPt3JOJhrDIAB81VGcMAfxz43xbM6qJueEURm3+0iJ03mxYTEsmpVHhL4GX/9IDmxbhI9vIBpdAwGGHhzdvZga81G6RV9K97gxv9xDi7MiPbCEEEIIIYQQQgjRKTSGWAwhwdTV7MLHL5imRh/Ce0Sg0Yej1vYmwJDock7LZYRGi43b3uvOnlwbN43WcfWIMOXYkF6hvD4riZVPWPn8YRUDYwPYmRuGWtMLXfBIfP016IKasdXW09xYgc26Dx9VPUHdB52XZxdnRiqwhBBCCCGEEEII0WmaGlXYaiupr7Pio1Jjq6nEy7sHAKHRN5BrPkxTY60yvmWAtftwMaMStDQ2VPPPVWXKroNgr8DSqeGv2XpmX9XMmzftxNPLj+49njx5Xx/qaovx8jZQYzHS3GzFwyMYlZ/hPD25OBNSgSWEEEIIIYQQQohOUXEig4Ij39PUCL5qPU1NjXh6+pO99zMsxly8VcEYQsc7nWOzFtLUaAVg3EUxmKweZBX5YLTYuHVcmNPYqGAPHp2i4/kv6smu7ElwxFV4q4IBKMnfRGODluamJhob6gEoytlO3oHl5+HJxZmSAEsIIYQQQgghhBCdQmOIJX7AGHzVOpppoL6uFh9fNb0GTURjiAU4GToFOp1X06IKa3DPQHTqZkYPCKJ/lD3mGDs4GoD/bChm+qhS7r6yO5kn+jqFYRHxQ/ELUNHY2Iivvz8+Kh0xfYdLBVYXJQGWEEIIIYQQQgghOoXKz0Bzsx/NzUaMpYUUHt1OfV0p9XVNTuO6Rd/o9HW1MUP5fNaYw+SV1jKyVz2WOhWxYTrGDYlhzV90ypj/G7WLy0cmOV2jqcmHels5tTWVFB7eiQdWbDU10sC9i5IASwghhBBCCCGEEJ3CYszFWF5IQ70nGn0o3WOH0FDvianyBFVlmcpSQY1hEGpNL+W8GvMR5ws1NzM0poQZE/ox//4UGhtMxOn2ow/wpaAc4uInMqRXqDK8qdFKWWEWjfUqNPpQDKE9qKurx1Zbx4mctPPy7OLMSIAlhBBCCCGEEEKITmEx5qI1BOLtHYiPrxdeXn74qHR4eNTQ2FDGiZwlytjuPaYpnzfU/vJl1QAAGl1JREFUVdBQVw6AWtubbx4pY1hcOX169MWg8aXOWgzAa1NriQq2L0N0KM5ZTGXxejSBgaj8AoEmfNVavH00eHk1UVdrPD8PL86IBFhCCCGEEEIIIYToFI7leiq1F8V5RyjM3oqXtxVtYCzNTbVUGzMpL/oWAG9VMEHhVyrntuyD5e9djqeXH55eaqfrj+tb6BR8GUvWYyrfhs1agNo/jOZmEwWHt2KpKsFH5Yufv5ag7oN/yUcWZ0kCLCGEEEIIIYQQQnSapiYfaqvL0AdHERzel7raery9dfj4BgFQcfx/mMq3AhAYNl5p6G49GWB5edtDK191lMu1g8KvVF43lW+lNP9rAHxUwTQ1edNQbyO8x3AAbNZympu8lObxomuRAEsIIYQQQgghhBCdouJEBsf2LqehwQu1Ro+Pyp+mZj/2bf03nl7+yrjS/K+xWQvw9FIrDd0txj3AqeDK19/+q9VyFE9vNSp1pLJ00FS+leKcVAA8vfxQa3tz/NgmPDw0gCfqgEAa6qEoZycVJ041iBddhwRYQgghhBBCCCGE6BRB3QfTc9CVaPTdaKy34avW4IEHg5PvQGMYRHjPmXh6+dHUaKXoyEKaGq1KQ/emRis2a4FyLcfywVrLUZoarMrSwZbhlUodSWz/J9EYBhHZcyQqvwCgGZWvH+qAQKJ7XSwVWF2UBFhCCCGEEEIIIYToNJ6eemqrT1BjMWKpKsHDw0ptTY0SVsX2fxKVOpKGugoKDr4FQLeYGwD7MkLHUkN/bW9s1gIa6s2otb3xVUdhsxYo4VVQ+JXE9n8Sb1Wwsrthfd1xqsrzqao4TmNjOY0NTaj8DJ3wLoj2eHf2BDqLObeI7JUbOLZiPQAqnQZblRldbATmvOMA9Jg0nvhrxqGNjejMqQrxq7VxTyHLthxld3YpxmobGdmlHTpvcHw3Hrp2CLen9Hc5ZrTYmLMwjd3ZpWRklzI2MYopl/TkoWuH/GzzNlpsvLV8NznFJsYlRjEjJeFnu7YQ5+KOO99jx85s5ethSfF8+O+7O3FGorOZ73mQupX/6+xpiE6gmnQV2nff6uxpiDNkKjnK/u/fa/W4t68GfVhPdKHxhPX6ndOxLZ8+igceytfa0HgGXHpPu9ePGng5+XvXOJ0LMPLm1872MYT42dXX2fD0Am1gGHW1NTTUm6g2F1NasBFb9W7Cekwjuu9DlOZ/ial8G8U5SwiLm4YhdBw15sMYQscD4OMbRGXxBjy8VOw+UoLNWkDBwbfxVgXSPW46am1vrObDnMhZgr/uEgqP/khU737og6Pw8vahrtZEfZ3sQNhVXXAB1oElK8ha/A262Ah6TBrPlZ++ga9BC0BDTTHe/mHK2OwV69k27z1MuUUkTL+WftMmdda0hfhVWbQ2i+dSt5JbYjqr8zOyS7nzze/IKTbx3NSRyutGi42LHviP03U37ilg454CdmeX8uGcy8957kaLjR53fkhVtQ2ARWv3s2FPwc9ybSGEEEJc2OptFsrzM9scU3zkBwB0ofEMm/Icar3955OK/D1O45pp7tD1g6IHuZwrRFdiMeZyPGcDET2GUW+rwUflQ0ODH4bgQBrqLNishRQcfJvgiKsIOxlCFeekotb2IjjiKnL3v6Rcy1sVjMWYgT74WirN+yg4+DZqbS+6x02nqbGGoqMLqTba/4w01FmI6z+CepuVxiYbvuoAaPan7PheTuSkKbsjiq7jggmwCtN2kP7468RPGsd1qz/AVpWNOX8txbu/pq4q22W8Sh+Prkcio1+7HV99PBl/T2XpxP9jxJ/uJnLMsE54AiG6vpxiE9fNXdnhSqv2LFqb5RRgzX5/Y6uh2KK1+7l2ZDxTLul5Tve8bu5KJbxqee2Hrh3CkPhu53RtIYQQQoiOMpVks+XTx0i+/V18fDWdPR0hfjEaQywR8cn4+lqxmErxVRtorLehUvmCpw8ATY1WSvO/wmLMpHvcVGL6P0HBwbfw9Y8iOOIqrObD6IJHYLMWoAseiVedDpobCY64EkPoeMqLvsVYskFZNujp5QeePnh4NOCvDcJSVYLNWoOfvyehUYkSXnVRF0SAtf3Ff2LKKeS6VQtpajhG3oYHqKvKpqE+AHNNHGUnLsVs9KLfwCMUZvfBV9+EVl9EYNU3GI9+g0ofT5+bZ9Jv2mS2zXuPok07Gf70rM5+LCG6lN3ZpYx/8iuX8OdctAyrNmQW8PG6rDbHz3k/jXGJURg0vmd1v2VbjrJxT4HbY7uzSyXAEkIIIcTPTtstHgBzqes/qltNxRTsWUOPYdef72kJcV6pA/rQULcffXAElqoKNPog6m1NNNZ70HPIq1iMGViMmVQb95C7/xXC4qbRI/EFTuQsJjTa3gsrLG46VvNhAsPGY9m3Ag9PX3zVURzb8xca6irwVgWiC74YtbY3GsMgTuSk0dToSaNHLdWmMrpF9KLaVIm3T49OfjdEa37TAZbNaGbdrL8QmZzE+AWPc3zbXKxlezBXx3N47+Xs21gEQHB0I4HBfjQ0+FN4wIqXWk1FiY662iR6JgUxYNhR6jY/hTokkVEvPsOhT79n3ay/cNk/n293DjXWWn7YvpPgoED8/fw4eDSbvj3j6dsrns+WraRPL/v/sPILi5g8MYXyiko+XbaSlDGj7K8XHSdlzCgOHsmmpraWiwY69wTKLzyOv9oPgJ/27ic6IhwAf7Wa6Ej75+UVlRw8mk1wYCDllZXkFx5n0sQUrFar0znllZX8bniSci9/Pz/KKysJDgyk78l5/rB9J317xhMcFKjMobyikryi4y5zExeOXyK8AhgzMFL5fM7CtHbH55aYmP/NT05VW2dizvut30PCKyGEEEL8EgZcdjfB0YOpt1nYv+49CvZ953T8xJEfJMASv3nR/SZxLPMopsoSVL4arJZqVH6+1FRl4ek1GX9tb/y1vfGMm46pfCvlRd9i8g2me9x0ZedBALW2Nw115ehCRtLU+B0nchajMQxGF3Ixvuoop3uW5n+PSt2IqdKEyi+AalMFfgF6Intfd74f/4I2Y8aMVo8tWrTI6evfdIC16YnXib9mHD0mDyRvwwNYq2rIyp5ATVEjh7cX4RvgR3i4BuORAlS6cLSGMszHagH79oxhvWM5sqMCP3UMTc3xDBy8loLNT9Fj8hxUBm27IVaNtZbPlq3kpinXKCFT317xlFdUAvbw6aYp1wAo4U9ZRSVWa60SGB08ms3atM38bngSr7/7vktI9MP2ndw05Rp76GS1Kuc55BceV8Y4lPesxF/tR35hEbv37FfCMoeWIRvAk3Nf5bF7ZxIcFMgP23YRHBjoFGD9tHc/P2zfKQHWBcposf0i4ZXOX8X8WWMB+Gjt/g4vS3zhPz9ye0p/4sJ0Z3S/tnp2jRkYKQHWBebAgSIsFvv/D/r0DUenVbdzRtu2bz+Kh4cHGo0f/fq53xjEcc+2xnT0PuHhgURGBrZ/gpv7OwwbFt/GaCGEED83H18Ng696lPL8DKymEuX1+trqTpyVEOdHxsa5eHqZCQyNwsPDm7raGurr6vD2aabiRAZNjWa279tE2uEoth72wmgJY/eREuK6LyKuu54hvUKZcUUiQ3qF4q0KxlZzEE8vNT0SX8BqPoytppBq4x5qzIfRBo3Dy1uPj6oZL08/NHofvLy88PZRYaosIWPjXEZdu7Cz35ILxqJFi9yGWKeHV/AbDrC2zXuPkMQ+9Jg8kMLNT1Ju7E55ZSLrl5cz+YZA8vb7oWuuxXjESEhMMAnjC/GoMzHutgSKd9ZhqoXCw7mExYShDYKf1laj8r2U+J4/Urj5SSLHvIw5tw8Zf09l8P1T3c7hs2Ur6durhxJeObQMf9oTEhRIjbUWf7Uf0RERHDySrQRLNdZa1Kdd+3QLPlzMnx958KzvDxAS2Pp4x9yCAwOd5iYuHO56Rp1uUI+QM+pNFRemY8rInhg0vvZdB9uojHLnjje/Y/3LN3R4fE6xibe+2d3qcUeQJn77Fi9JZ0nqJoqKKp1ev3byMB5/fBIPPbSo1V0AEwc/7nTOPXenALAkdRNm86lgqG/fCJ54bBLDh/fEZLaSmrqJxUvSncZotX7ce88Epk0d3e6cTWYrr766gu/X73W5zz13X85llw5o89zU1E0s+2aHyzNrtX5Mn5bM1Kmj0WnVFBZWcsVVLzmN6ds3gi8/n+322qe/HxqNH1s2v9Du8wghxIVOrQ9zCrB8/AI6cTZCnB/DJ77Oj/+7C1t1CWpNOJaqEnxUajw8rGSkPUN47GjC4+/kf5/9l4yjhcp5OSeqyDlRxYbdecz/cgdx3fVMGd2b5uYGcouNfLn8TWXswZJg7rw6hbyszyk8upaYPhdT1+RDVXkBodF9sNUex2ZtZPhE2aHzfDs9xHIXXsFvNMAqTNtBWcZBrkj9KwWbn6LYGEHB8UQKDtVw6XW9UfnmER2poeyQkZ6JUYT3rsevuZ7CT0KJvG0DdSHjsezMJuGiHlTVNdBkUxE/xJsflx+n7trfERmVjfdPb5I46yXW3/cqhWk73DZ2P3g0m8kTL2tzroeOHgNA7eenLPlTt1gSePDIMaV6avLEy1i+ep0SEu3eu49Rw5OUa1VUGpXrRUWEk19YREhgoEuA1pK1tlY5JzjQoIRbNbW1ytLD340Y2mrodfBoNkMGDiA4MJAftu+SAOsC89Ha/a32jAJ7FdWyZycxblBUq2Pa81zq1jOu7tq4p4ANmQUdvu+c99NavcdtlyVI9dUF4k/PfMbyFTvdHvtm+Q4OHCyiqKiiw9c7PbhyOHiwiDv/75/89YU/sCR1EwcPFrmMMZtreeXV5TQ3NzN9WnKr9zh4qIgrrnyp1fvMnrOIaVNH88Tjk12OFxZW8tCcRW7v75jDu//4jnXf7+Pf/5pFZGQgffqEc+jQcad7FBZWulR7rft+n8v1Lh3fepAmhBDiFFPxUaevdaHntkGNEL8WF41/lawfn6O2OB9dYBjHj2UQGBZHdK8kGpuMaC2rWfjwGB57/0c2ZuQ7nRsbpiOuux6A9T/lkXHUHgL//g378cE9Q7n/2r7UVx1BHeBNn4smYK0up7zwCGExfakxlaPyDabn4OtQ+RnO63MLO0eI1Vp4BfaVcr85GX9P5bL3X6B415s0VJ9g/Y/9aPRoJntfKXqf4xTnBxDY3YOQ6CDqcnIxxO6malswnipfmooHowkzEhrkR/XBo/QeXsux9DIMwfXoQ3UU5nmQndMXc1kJxT+9yehXHyPj76lu52G1Wtutdmpubqa52XkLXH+1mg8/+ZJDR7K545YblQAqOCiQGqtVWYJYY611un5zs/vrtXl/mpVz1OpTS2TKKyp54W9v07dnPL9rEZKdbt3GzaxL38yh7GNs2bFLmZv47TNabDyf+mOrx2NCtWx45cZzCq92Z5fy9vLWK6Mmj2w9ML3jze9aPdbShswCvtl61O0xnb+K+XdJ9dWF4N1/rGk1vHI4eLDIbVDUmvbGPvvnz1sNjxz+8d53mMzWNu/R3n2WnKywaslktrYZXrV08GARs2fbv5GYcq3rP9Z8v36vy2vbd7j+mbr00oHt3ksIIS5k9TYLGf97nYa6GuU1b5U/8Unu+1812KqpyM90+jCVuDaCF+LXxGKswV8fgrdKTUhkAuqAbtRYjNBsoaRgNerKRXz+bAofPnEVADMmDuSnd8aS9nwkH9+j4eN7NKx6tid735/EX2aMUsaseeVqRoWlUXjkcxoaqqitqcHLS0NIZH88PH1RBwRhNprRGGI78/EveG2FV/AbrMA6sHg5IYP70tRwjOoTW1m6+wZCu9WzJ6uZUROjaaaShmofYkYextsUS5NKi4dPDj4VVsg7StP+3vhc1EBNfjGRSQPw8z+OStMdi0nF4PEq9uz3BZ960vddSorPcgzxxwgZ3NdtFVafnvHtLqtzdyw4yEDKmNG8/u77LuenjBnF5pON1B3N11ue13JsdGQE+UVt/3Di76d2O4foiHAevfcuFny4mEfvvcttFddPe/dzxy03KiFacKCBzdt3MnliSpv3FL8NH63d32rPKEfl1blWLrW1dPDPt17Mc1NHEnfHv8krMbsczy0x8Vzq1nYburcVdM2ectFZ72gofj0KCyv5x3trf7Hrh4cbMJtrnfpLdZTZXMv33+9zGxydiVdfW86llw5QenktWZLuNrzq08f+/5WWVVYA23dks+ybHVw6fiCvvrbC+dj2oy5VYtu3OwdYGo1fm0sZhRDiQrb108fdvu6t8mfAZfeg1oe5PW4qyWbLp4/9klMT4rxS+RkICuuPl5eRutoi/DXh2Kx15GatJ27AZYRG96Gp3kTW+vsZqI/m4KLZeFVuQKMPJEA32OlaGuDOS45w66W30njiU3J3ricwRE1YdB+qTeXk7N9In6GT8PXzo85aBt46AnTRUn3Vxf3mKrCyV6xn8H1TqTiQSkVtJAeyfVH7NhKgUtEtsIqKYn/02joAAvQ21EH2YKb+qP2b7aaaBvCpxS80CG18HbVloSRdq8F0wgsvr3qCA71oRsfhbB8qa6OoOPgfBt83lQNLlrvM5Xcjklixet1ZPYe/2o/77pjOh59+6VTV1LdXPIeOHGP33v3tLtfzV/vxu+FJrE3bfFZziI4MJ2XMKD5bttLt8UNHsp0qwIYMHMC6s7yX+PVpq2fUc1NHnnN4tWzL0VaXJ+r8Vcy+9iIAPpozoc055hS7D9kA5i/7qdUQLiZUq9xD/LZ9s3y7y2sajR9/feEPbN70PKu+fUrpZ3WmHn9sEmtWPc2WzS8weZL7atbJk5LYvOl59mS86nbMgQ5USU2dOppV3z7FnoxX+esLf0Cjcf5HB7O5lm9OVmGZzFaWpG5yOt6nTzirvn2Kr76Yw1dfzOGLz2a7XGP58h3KMsKW1m/Y7/R1YWGlSwAmyweFEOLM6ELjGXP7e0QNbP37HCF+ixJGzkYTdCk2qxfmqjKaqWbAJTfi46PmaOb3AITF9MYQosWW9x8Cw4cQoIvEYswFoM5moroqH5WfnqDug2k8vgxfPyMBOm9sNhPH9qXhq9aROGo6NDdQYyrD0zMQL+8+JIx039dTdB2/qQDLZrRXYXiparCW7+XbQ+MA+CnTE53KRF2zB4e3lxDao5yqkkjCL95K9Hj7Dy4BA3oA4B3ThGdAAVEzcvGN20XVMaC+As/meqoq1Bi0NRzbZy/r/e+u4VjL9uClqnG6v8NFA/tz2Vh7ALR7734OHT3G2rTNHDxyqrR3xZp1ysfpgoMCuWnKNSz4cLHT6631pMrYm6Vcy3GPSRNTKK+oZPnqtRw6eoxDR4+xfPVaaqz2SoDyykrlnB+2uy6fcSwfXL7aXp3g6M+VX3jcZQ7+aj+GDBzg9jrit2V3dmmbO/bNnnLuwU9b1VfzZ43FoPHludStjBsU1epSwqpqG8+lbnV7zGix8fx/Wl8C+dGcCVJ9dYFw16/p7fkzmHLtMHRaNZGRgdx7zwSmdqChekt9+oQ7VSbNm3uTyxiNxo8nnpisVEbNm3uTS3B08EDbAdY9d6fw5OOTlT5UU64dxtvzXXdy+Wa5/e/mb77Z4bLscN5fb3LqY9WvX4RL36ztO7Ixma1uq8FaVlzJ8sGuy2fkCLcfZztOCPHLMZVkk7boHk4c/qGzpyLEedc9bgwBuiQa6mrw8w+ktrqG+rpq/NR6TEYLjY0WSgoLiexzFfW1VVSbCgjqPoiS3DUUZf2LwDD79x3VVfn0HDKdylIr9bZ6PD398PRW09zkg6miAF9/LZ5eAdRavek5ZHonP7XoiN/UEsJjK9YTP2k8luNbAPhvWg2JEWpys42MGuLDiWINMf09wOcEpcf8Ce8BJSsGYhiowndCFqqkKAg+junHoTTWNBI4PgMfjS8VxSoie9ayfWMNfcfqAPBWebNtdw3TfgeW41uITB7GsRXr6Tfd+Rv+iwb256KB/amx1mK1WunTs4dy7NH7Zro8Q99e8U6VVY7zW3LXk6pvr3iefeQBl9f91X5KE/iDR7KJjoxQ5tC3VzwvPeNasnz6EsA7brlR+fy+O0/9wXY0nW9trPjt+ui7/a0ea2/JXkc8l7q1zYDs9pT+PJe6lRf+8yPjEqOYf9dYlm913/Ph43VZzJ5ykUtF2Oz3N7bauH3yyPhz6t0lfl1Orxbq0yec4cNdG+bee8/lpJ5WudQWd0vmNBo/p6WE/fpGKOFVy9da7nTYnmlumrwPH97TbcN1gMIi116FFkstO3Zku7x2uoMHitwuI1y3fp/ynsnywa5L94X7np3l0b3Paty58h6QgPaDf+AZFQlAs8mE9c13sH7w0c96HyG6uqgBl6PWh1Fvs1B8+AdlB8IGWzU7lz3P4CsfcVuJpe0WT/fev3N6zVpVTMG+jvUBFaKra6hrpt5WS3OzvWAkNHogKr8A6uus9Bvxf6h8dah8dUrfqtrS5Vgq85VlgIFhA6mrrSKqz40U53xOc7MPUT0vwmYz46NqptZiBLzR6KXv1a/FbyrAKs08yJD7p2LKf4tDxiQs1XU04Q+AtdGL/dtLueZaDwpzwvHxszfFbfDTkPflPsJSeqO9KJOyVYMw7jlMUFIsddUxaCJrOJShJe5iC76aAPJyPPHWqPH1UePnV09W2QCGHt9Cj0nPkLHA/Td8YA+S2toN8HyQHQLFz2Xj3kK3r8eEas85+MkpNvFCG5VR82eNJafYpCxhnLMwjZ/euZU/33pxq+fNeT+N9S/foHy9IbOAj9dluR0rjdtFv74Rbl/XadUuodDZXPtMwqn2DEuKdwnAHIYP7+nay2r7UbcVXXf88b0O39PdboQtw6/v1ztXtMnyQdFRHjod6HSdPQ0hzruoxMsJjrb37+kzajpbPnkMc+mpv1cPbV7iNsAK7zNKCb/A3gTeXJItAZb4Teg5ZDo9mc7R3YtpbjqMl3c9Pn46amuMNDV6odFHU5y3mbKCH/Dwsv+c7VGdTYDam90b/2r/Gg+CI4YRGj2S40c9wMcDPHzw9KjHYjIRFJpEP6m8+lX5fwYedMDNMwdZAAAAAElFTkSuQmCC' height='250' width='300'/> ]]>
  </system-out>
</testsuite> <!-- com.tribu.qaselenium.tests.apimazaprendo.MACreateF2FCourseTests -->
