<?xml version="1.0" encoding="UTF-8"?>
<!-- Generated by org.testng.reporters.JUnitReportReporter -->
<testsuite hostname="station" failures="0" tests="5" name="com.tribu.qaselenium.tests.PositiveLoginTests" time="56.443" errors="0" timestamp="2021-10-29T19:18:03 COT" skipped="0">
  <testcase classname="com.tribu.qaselenium.tests.PositiveLoginTests" name="logInTest" time="11.349"/>
  <system-out>
    <![CDATA[ <img src='data:image/png;base64,iVBORw0KGgoAAAANSUhEUgAAB4AAAAO9CAYAAABjCXqmAAAAAXNSR0IArs4c6QAAIABJREFUeJzs3XdYU1fjB/BvWGGoIC1DUTFqHYh74UCLA1+t4hZb0P60zjpqq63aKm2xal21jupbrdaK2irWuusAcaGCioCIggO1KqOoYe/k90feXBMIECAQ1O/nefJA7jj35N7cmzz53nOO6L333pOD3jgXLlzQdxWIiIiIiIiIiIiIiIiISINHjx6Ve10DHdaDiIiIiIiIiIiIiIiIiIj0iAEwEREREREREREREREREdFrggEwEREREREREREREREREdFrggEwEREREREREREREREREdFrggEwEREREREREREREREREdFrggEwEREREREREREREREREdEr4tChQyXOZwBMRERERERERERERERERPQKUIa/JYXARnK5vKrqQ0RERERERERERERERERE5VA49D106BA8PDyKLMcAmIiIiIiIiIiIiIiIiIioGiuuxa+mEFirANjb2xteXl46qdyuXbuwc+dOnZRF+rd48WLI5XL4+PjouyqvPYlEgtGjR8PFxQUAcPnyZezduxdxcXF6rhkRERERERERERERERFVJk0tfYtjIJfLUdpDV+EvAHh5eZW6PT4q/6ELEokEzs7OaNWqFSQSiU7KJM26dOmCH374QQh/AcDFxQU//PADunTposeaERERERERERERERER6YdEIoGnpycsLCz0XZVqRasAOCMjQ2cbzMjI0Hv4yYduAuBBgwZp/J90b/z48eWaR0RERERERERERERE9DqSSCTw9fXFmDFj4OvryxBYhVZdQK9cuRLDhw/XyQb379+vswCS9MfCwgK9e/cWnvfu3Rvbtm3T6c0CpCCRSGBnZ1fsfDs7O0gkEnYFTUREREREREREREREb4x58+ahRo0aAIBGjRrB19cXPj4+zKqgZQAcHByM4ODgKqgOvSrc3Nw0Tjty5IgeavN60+aOFd7VQkREREREREREREREbwJbW1skJSVh+fLl8PX1VQuBBw0ahD179ui5hvqnVRfQ+nr88ssvOHXqFJYtW1bqsmPHjsWpU6fQsWPHMm+nV69eOHXqFIYNG6bV8tu2bcOBAwe0WrZp06YYOHCg3velrruA1tTls666gQ4JCYFUKsX+/fuLzHvrrbcwf/58GBsbl1rOkCFDIJVKMXPmTJ3US19atmxZ6jINGzYsV9m9evVCREQEpFIp3nvvPbV5Y8aMQXh4OBITE3H69Gk4OzsL89q1a4fTp08jISEB4eHhaj0EWFtbY/fu3Xj8+DHu37+Pb775RpgnEong6+uLu3fvIj4+Hn5+frCysqrUbZb2OomIiIiIiIiIiIiI6NXg5uaGn3/+GW5uboiLi4OPjw/S09OF+Tdv3iy1jAYNGkAqlWp8xMbGFrueVCpFQEAAAGD48OGQSqWYNm0agLLlV2UVHh6u9UPJSOe10JF33nkHjo6OCAkJQadOnWBtbY3nz59XyrZu3LiBr7/+Gvfv39dq+XXr1sHExESrZb28vPD222/j6NGjFamiQCQSVVkX2ra2tpgxY4bGeZq6JLazs4Ovr6/G5Tds2ICkpKRSt9m2bVs0a9YMJ0+eRJ8+fWBnZ4fExERhvqenJ+bPn4/169cjLy+vxLJCQkLg5eWF6OjoUrdbnWlzsXrw4EGZy/3444/h6+ur8X3v7OyMTZs2ISQkBJs3b8acOXOwc+dOdOjQAUZGRvj9998hk8nw7bffwtPTE1u2bEFkZCTu3r2LtWvXwt3dHcuXL0fz5s0xe/Zs3Lt3D35+fpg8eTJmzZqFXbt24cmTJ/j888+RmZmJKVOmVNo2S3qdRERERERERERERET0anBzc8OsWbMAQPgbFBQEHx8f+Pr6Ytu2bYiKitK6vLi4OGzevFltWmZmplbrXrp0CV5eXkKGU5b8qipo1QW0nZ0d+vfvr5MNnjhxQi3QK07fvn2RkZGBtWvXYufOnXBzc8O+ffuE+Q0aNMDnn3+Oxo0bIzo6Go8ePQIAyOVy2NjY4Pfff8exY8dgYGAANzc3xMfH49tvv4WXlxdcXV0RFxeHr7/+GsnJyWjVqhUWLlyIjRs34s8//8TOnTuRn5+P3bt3Y+LEiTAxMcHBgwfx66+/AlC8qaytreHh4QEDAwNMnjwZbm5usLS0RHx8PHbv3o1Tp05h+/btqF+/PgAgICAAI0eOxPr165Gfn4+goCCMGTMGY8eORUZGBmbNmgUXFxcYGRnhxo0b+OGHH5CcnIx+/fph/vz52LJlC/7zn//gxo0bWL16tU6ORWksLCzQqlWrMq1T3PLadlHs6emJ1NRUzJ07F+Hh4Rg5ciR++uknAMCaNWswfvx4AMCTJ08wYcIEnDx5EitXrkT//v1hbGyMS5cu4ZNPPkF8fDy6dOmC3377DYsWLcL69etRs2ZNLFq0CAMGDICVlRViYmKwZMkSBAUFAQA6d+6MxYsXw9nZGXl5eThz5gw+++yzSrvxQFva9FVfnv7sc3Jy0Lt3b/Tu3btIi9kRI0ZAJBJhwYIFuH79OqytrTF37lx07twZZmZmsLe3h4+PDzZt2oRbt27hwIEDGDZsGDZs2IABAwbg9OnTWLlyJUxNTeHh4YGRI0fCz88PI0eORGpqKmbOnAmZTIaePXvCw8MDM2bMqLRtlvQ6iYiIiIiIiIiIiIio+lMNf5VUQ+CpU6eWOSt58uQJNm3aVOz8BQsWYMKECQCAJUuWqDXQ7Nq1K7Zt24YFCxagadOmRfIrTb3cViWtAuA1a9ZobPFZHv3798cHH3xQ4jIGBgbo3bs3goODkZCQgMjISPTr1w/+/v7CMgsWLECTJk2wbt06IUAFFAFwbm4uAEW3r1u2bEFGRgZGjBiBNWvWYMeOHUhOTsaYMWPg6emJDRs2CAdM2T1yfn4+bG1t0b59e6xYsQLTp0+Ht7c3zp49i3v37gl1kMvlcHd3x6hRo7Bp0ybcuHEDo0ePxrRp03Dt2jX4+vpi48aNiI+Px/Lly5GSkoL8/Hy8/fbbcHJywoYNG5CWloapU6fC3d0da9euRVpaGhYuXIipU6di8eLFwl0CI0aMwJ9//ono6OgqawEcFxeHdevWFTmhymrdunWIi4srdTlDQ0OMHDkSR48exaNHjxAcHAxPT08hAP7xxx/h7OyMTp06YfDgwYiKioKvry/ef/99zJ07Fy9evMDWrVuxZMkS4YRUtWHDBgwZMgS+vr64efMmvv76a/j7+8PV1RW3bt3Cr7/+iufPn2P48OF46623sHHjRnz66adYtGhRhV5/RcXFxSExMbHYczAxMVGr/VvY1q1bAQC9e/cuMq9x48YAgIcPHwp1AICmTZtCLBYXO08ikcDIyEiYl52djYSEBDRt2hQA0KRJEzx58gQymUxY18XFBfXr16+0bZb0OomIiIiIiIiIiIiIqHrTFP4qTZgwAaGhoeVqKGdqaooGDRqoTUtJSUFKSgoGDBiAefPmITg4GKtXr4a3tzdEIpHGcjTlV/qm1RjAugp/AcDe3r7U7XXs2BG1a9fG9evX8fbbb+PatWto0qQJHB0dIZfLYW1tjaZNmyIqKgoHDx5EQEAAzp49W2Rb//zzDw4ePIjff/8dAPDs2TP89ddf2L17NwCgfv36RcJU5XMTExOsW7cOoaGhOHbsGABAIpGoLS+Xy4VgqkWLFrCyssIPP/yAoUOHIjk5GXfv3gWgCKSio6ORn58PADAzM8OyZctw+PBhZGVlYevWrRgxYgQOHDiAwMBAZGRkoHHjxmrbCg4Oxu7duxEeHl6lYwAHBQVh0aJFav2nays9PR2LFi0SWtiWpnfv3rCxscGFCxdQt25dnDlzBq1bt0bz5s0BKMK/1NRUAEBYWBhevHiBxYsXo2nTpvjll1/w559/IjU1VW3cWCVra2sMGTIEISEh+OGHH3DixAksW7YMRkZG8PT0BACYm5ujTp06aNOmDR49egSJRKL38FcpNDS0XPPKSzlguvJmipycHACKfaRsza2cVtI8ZRnm5uYAFC3BVecp/7ewsKi0bRIRERERERERERER0auppPA3PT0dPj4+5Qp/AaBjx46IjIxUe8ycORMAhJ6Rly9fjtOnT+PLL78sthxN+ZW+adUCODw8HG3bttXJBpUBZkn69esHAJg3b16R6Zs3b4aVlRUARaCrLEs5vqxqwJmcnAy5XC4ceOXyyufGxsZqy6sGpBkZGUhLSwMA4a/q8srH4cOH4ejoCHd3d7z77rsoKChAYGAgVq5ciby8vCKhq1wuR1ZWFp49eya8rjZt2mD8+PGoW7cuRCIRTExMIJVK1db7559/qqzlb2FRUVFC/+nKkK40ypOuLC1Tx4wZAwBCi1/V6cV13evq6or58+dDIpHAwMAAYrFYbd8qKbvi/ueff4RpT548AQA4ODgAUIzXvHr1aqxYsQIA8OjRI3zyySdaB9iV6ciRIxg8eHCx83RNGfiLxWKkp6fD1NQUgKKr6YKCAgAQpqnOU55bymnKMpTTMzIy1OYp/09PT6+0bRIRERERERERERER0atHm/C3PD2kKt26dQvfffed2rQ7d+4AAGxsbAAACQkJwl9l76avAiNtFpo9e7ZOA+CSmJmZoUePHggLC1Pr8nnixIno27cvNm/ejJSUFADAW2+9Jcy3t7fXSf3KKi8vDz/++CPWrVuHxo0bY+jQoRg4cCAuX76M06dPa1xHGWYBipbGCxcuxPPnzzFy5EhkZmYKLY5V6ftNFRcXp3UIXJ6TrkaNGhg4cCDOnj2LjRs3CtMXLVqEkSNHagyAxWIxtmzZgsTERLRo0QLp6elqAa8q5XRl2AtAaNavnHfx4kV07doVNjY26N69O1asWIEVK1agU6dOWr+OypKUlISoqKgirZujoqKEmx90KTY2FgDQqFEjPHv2TOie+datW0KLW4lEIiyjnBcXF4e8vDxhmoWFBezt7XHu3DkAQExMDFq1agUjIyPk5+ejcePGyMjIwKNHjyptm0RERERERERERERE9Gqp7PAXUDQcPXr0aLHzAEX+GBsbCwcHBxgYGFRoe1VJqxbAAHD9+vVKropCr169IBaLcerUKVy8eFGYrhxAuW3btrh+/Tru3bsHZ2dneHh4ICsrCz169ACAIl0cl+W5pnmF/xaeP3XqVAwePBhLly5FYmIikpOTAQCZmZnCeMQODg7o3r07rl27VqRsAwMDGBsbw9jYGPXq1UOfPn2Ql5cHS0tLNGjQoNht64O2J1KNGjXKfNINGTIEZmZm8Pf3x4kTJ4Tpbdu2xYIFC+Dq6orz588jKysLgKK17tmzZ2FiYgITExM0adIEI0aMQE5OjtBFuKrnz5/j4MGD8PDwwIwZMxAbG4sFCxYgOzsbO3fuhL29PS5evIjTp09jw4YNSEpKQmZm5mvdirRTp06oW7cunJychOdGRkYICwvDvn378Omnn2LJkiU4cuQIxo8fjzt37uDq1aswMjLCP//8gylTpiAvLw+enp7Izc3F/v37kZWVhcOHD2PIkCGYP38+nJycYGRkJHS7vmfPHri4uGDDhg1ISEhAp06dsH37dhQUFFTaNkt6ncXdMEBERERERERERERERPpRFeEvANSrV0/o8lmVn58fTp06hXHjxmH+/PkwNDTEuHHjSszpVPOrv//+W+/5g1ZjAFflw93dHQBw+fJltemXLl0CoOgGWi6X47vvvsO9e/cwffp09O3bFwcOHADwsptmJW0CYFUlLatp/u7duxESEoJ58+bhv//9L/r06YNNmzbh4sWLkMvl2LdvH4yMjDBr1ixYWloWKTszMxObNm2CsbExli9fjpSUFKxbtw7GxsZF3ty63M/lIZFItO4CWtlSU1vKcXhPnTqlNv3kyZMAgNGjRwMAduzYgefPn2PevHlwcnKCj48PxGIx/P398fz5cyxYsAAmJiZCN86qZsyYga1bt+Ljjz/G1q1b8fz5cwwdOhT3799HQkIC5s+fj5YtW+L48ePYvXs37t69i4kTJ5bpdVQWCwsLNGzYsMj0hg0bCq1jy2r27Nn47bffhH2rfO7q6orbt29j8uTJsLOzw8KFC3H79m188MEHkMvlyMvLg5eXF+Lj4+Hj4wNzc3N8+OGHePjwIQDgs88+w7Fjx/DJJ5+gW7duWLJkCfbt2wcA+PXXX/Hjjz+if//+mDRpEvz9/fHVV18BQKVts6TXSURERERERERERERE1YeFhQUmTJigcZ4uw19AkbEsXry4yMPGxgZHjhzBunXr0KJFC2zcuBEnT55EWloaTExMNJalml917NhRJ/WrCFGPHj3026yU9OLGjRtlXmfQoEH46KOPtFp269atlTI2bVkMHToU27dvx6JFi7B+/Xq91qUi3Nzc4OnpCTs7O43zExMTsWfPnmoxVjEREREREREREREREVFFSCSSIkOS6jr8fRU8evQIQOnD66pSDumrVRfQEyZMKDZtL6tt27Zh27ZtOimLqlbh8WcBICQkBADQpUuXIsvqMwCWSCQYOHAgAODFixd6q0d52draYvTo0ejSpUupra7t7Owwa9YsTJgwASEhIdi7d2+ljAtMRERERERERERERERU2eLi4uDj4yOEwG9i+FtRWgfAujJhwgRs3bpVZ+VR1WnZsqXwf3p6OrZt2ya0OnVzc8OECROEsFJ1WX1wd3fHsGHDEBISgkOHDum1LmVVeF9qq0aNGujTpw+6dOmidmyIiIiIiIiIiIiIiIiqO4lEgvfeew8bNmwQQuB58+Zh+fLlDH/LyECbhdLT03W2QV2WRVXH1tZWCCSjoqIwZ84ctYAxKCgIc+bMQVRUFABFGGlra6uXugLAzz//DBsbG/Tv3x+pqal6q0dZ2draYtasWWUOf1XVqFEDs2bN0uv+JyIiIiIiIiIiIiIiKgs3Nzf06dMHM2bMAKBoCTx16lSGv+WgVQvg7777Dp6enjrZ4J49e6DNNql6ycjIQEhICKKioort2jkpKQmLFi3CoEGD4OzsjIyMjCqu5etBGaITERERERERERERERG9KSwsLHD48GH2cKoDIhcXF6axb6Bbt27puwpEREREREREREREREREpMGjR48AAOHh4Vqv07ZtWwBatgAmIiIiIiIiIiIiIiIiIqLqjwEwEREREREREREREREREdFrggEwEREREREREREREREREdFrggEwEREREREREREREREREdFrggEwEREREREREREREREREdFrggEwEREREREREREREREREdFrwkgmkwlPRCKRHqtCRERERERERERERERERPRm0XWDXaPKLJyqLx5rIiIiIiIiIiIiIiIiotcPu4B+Q/G4ExEREREREREREREREVU/Fe212ejixfM6qkr1kZDwL+ztbfRdDaoAHsPXA4/j64PHsnrgcaDi8L1R/fEYVX8JCf+iUaNG+q7Ga+/+/fvcz0RERERERFQthIaGwtnZWd/VKFZ+fn651zXQYT2IiIiIiIiIiIiIiIiIiEiPGAATEREREREREREREREREb0mGAATEREREREREREREREREb0mGAATEREREREREREREREREb0mKj0AjnyRj8gX5R+kmIiIiIiIiIiIiIiIiIiItFPpAfCGmCxsiMmq7M0QEREREREREREREREREb3xKjUAPpeYh11xOdgVl4NziXmVuSkiIiIiIiIiIiIiIiIiojdepQXA0lwZ3r+QJjx//0IapLmyytocEREREREREREREREREdEbr1ICYGmuDAMCU9UCX03TiIiIiIiIiIiIiIiIiIhId4x0XaAy6I2U5heZFynNx4DAVPzdpxasTCp9+GEieoWdOHESkZFRmDRpAqysrPRdHSoHqVSK9es3FpluZWWFmTM/1kON3lx79vgjNvYOTE1N0axZU3Tu3BH29vb6rhbpWVZWFk6dCsTDh48gFovRvHlT9Ozpqu9qUQkiIiJx6NARtWkeHoPQpk1rPdWIiIiIiIiIiIiqI50GwCWFv0rVNQSWSqU4fPio2rQGDRqgVy9XPHjwEA0bOuqpZlQRCQkJCA29CgAMPF4hERGRwnHbu/dPTJ78kZ5rROUhlaYUM11axTUhD49B2LFjF5KSkhAREYmIiEiGRoSTJwMQGXlDeJ6YmAi5HOjViyFwdaXpulrctZaqVlZWFm7duoWnT58iPj4eAFCnTh3UrVsXLVq0gJmZmZ5rSERERERERERvEp0FwMWFvz+71AQATLn8cjzg6hgCS6UpePDgodo0uVwOwBV+frv4Q/krSCqVws9vN7KzswEAMTGxbE36CijcuikxMRGHDh2Bh8cgPdaKyqNhQ0fY2toiKSlJbXrnzh31VKM3l5mZGcaN8xJCYAA4dOgILC0teYPTG0oqlaqFv0qRkTcYABOVUUBAAIKDg4XvnEr3798HAJiamqJHjx7o06ePPqpHRERERERERDrw+PFjiEQiAIC5uTlq166t5xqVTCfpa0nhr7dEDG+JWAiClZQh8KsyJvChQ0cQERGp72pQGURE3FD7IS47Oxu3b8fqsUZUGk1dWwKKoILn36tpypSJcHRsIDzv2dMV/fu767FGb4asrKwi08zMzNC/fz+1aSdPBlRVlaiaYQt9oorLysrCli1bEBgYqPad08rKSu2Gw+zsbAQEBGDLli0ar89EREREREREVP09efIEjx8/xuPHj5GQkKDv6pRKJy2Ax5xPKxL+ev0v+FVS/l+4JfDUkHT84VpLF9WodMpgii2BXw1WVpZFppmZmeqhJqSN4sJfD49BaNr0HezYsQt2drbsxvsVJBaLNf5PlWfHjl0YMmRQkfMlISFR7XliYiKkUil7RiBB69at9F0FqoDLl0ORm5sjPBeLTdGlSyc91uj15ufnh7i4OOG5RCLBqFGjhDuAX7x4AX9/f2GZ+/fvY+fOnZg0aZJe6ktEREREREREb44KB8CTL6fhfFJekemD6xX9kV9TCHz4cS6+CEvHivY1KlqVKlGRELigoAB//30cFy9ewr//JsPMzBSNGzfG0KEecHSseBecp08HoXdvtwqVceFCMM6dO48vv5xfZF5eXh4mT56G1atXwNraukLbqQpt2rTGgwcPhS4uW7duVeHwft26Dbh+PVxo5q9q9eoVJTb5v3fvPoyMDHVyrFWFhISiZUsn1KjxapxDmpQU/iqP2bhxXtiyZRvGjfPSSViVkZGBL79cBAeHuvjii7kVLk+T5ORkfP75fPzyy88wNDTUefklna/6smLFauTk5BQ7/9SpAJw6pd7qtGnTd+DpOapC2/X3/xNBQWfwyScz0axZ0wqVpYnqvq6O+72wpKQk+PntxtixH6iFwA8fPiyyrFSaopNz6tGjR/jrr4O4c+cucnNz8dZb1ujevRsGDPhPhd//hw8fwbFjx+Hm9i7q1q1TbfZ/cef4+fMXcPlyCCZM+D+89dZbeqxh8UxNi35Pc3RsgCFDBgOA8PmZnZ2N5s2blSsYPnDgEO7du485c2arTb9y5Sp27/4Da9asKl/ly2Hu3HkYP/5DtGzpVGXb1IfC11cAJQbA2dnZmDZtBpYsWYy6deuUWv6aNWtx9+49TJjwf+jQoX2F6vqqCwgIUAt/raysMHbsWLWxfmvXro2xY8di3bp1Quv6+/fvIyAgAH379i3T9jIyMvDpp5+iXr168PHx0c2LUJGXlwdvb29s3Lix2l63iIiIiIiIiF4V+fn5SEtL02s30RUKgA8/zsWuOM0/9C+9kQlXW6MiY/xqCoF/ismGq60JBtczqUh1qkx5Q+D//nczHj16hHHjxqJJk8bIycnF6dNBWLp0OXx8FsLBoW656ySVSnHkyLEKB8CdO3dC27ZtKlRGddKmTWshANZVy+2BAwdg1KgRZV7v3LnzaNRIUiQAVow1DY2hsjb27/8LDRs6likAlslkMDCoHuNvaxP+Aorua0ePHoFDh46gZ0/XCo9beuHCRXTv3g0RERFISEiEvb1dhcorTCaTwdraGj/+uLpSwl+gep6vJYW/ulxHVX5+Pi5fDsHo0SNx5szZSgmAVZVnv1f1OScWi5GdnQ0/v93w8BgEqTQFsbGxRca6BzQHgWUVFxeH779fid6934WX1/uwsrJCXNwD/PbbDsTHJ2DSpI8qVH5ISCjGjvVGt24uyM3N1en7viLXYE3neGZmJgwNDTF37mflvq5XBXt7e1haWiIl5WVX0O7uikDq9u0Y+Pv/KUyPiYlFfHz8K9l9u/Lc8/FZCHNzs9JXoGKlpaUjMvJGmW8ErE7fOXQlKysLwcHBatO6d+8uhL/+/v4QiUQYOXIkzMzM0KFDBwQGBgrLBgcHqy2vjTNnzqBXr164du0a4uPjUadO6YE9EREREREREVW9/Px83Lp1C7Vr1341A2BprgxTQ9LVpg1yMMH5pDyk5MlL7N7ZWyLGuUT18HhqSDpcba2KBMbVQb9+fYsEFFlZ2cUsrVlMTCzCwq5j8eJvhRYWYrEYQ4d6wNbWBsbGikORnJyMnTt3IyEhASKRCC1atICn5yiIxWJs27YdFhYWePbsGV68eIH09HR8+OE4SCQNsXjxUqSkpGDBgq/w2WezYWxsDD+/XXj69CkMDAzQrl07DBs2BIaGhsWW07x5M4SGXhFaVslkMvzxxx5cvRoGCwsL9O79rtprCgw8jdOngyCTySAWm2L06JFwcmpRgT396ktJScXWrduQmJgEmUyGunXrYMKE8QgODsalS5cRHh6B+Ph49OnTGwsXfo2hQ4fg6NFjWLz4G3zzzWJMnToZLVo0BwDs3v07ZDI5vL0/QF5eHvbs8cf16+EoKCiAi0tneHqOxsaN/0VS0r9YvfpHjBgxDJmZmQgJCcX8+V8AULQWmTHjE6xb9yPCw8Nx5cpVGBsbIzn5Gb791gdJSUnYvn0HkpL+hUwmQ4cO7fDBB+9XaWhx4sSpItMKh79KysDCz28Xxo71qlAIfO7cOUybNhU1a9bA2bPn1FqgfvaoJSM8AAAgAElEQVTZ5+jbtzeiom4iPT0DlpaWmDhxAiwtayEvLw+//eaH27djIJPJUL9+PUyYMB6WlrVw/vwFtX08c+bHaq0Dz5+/gBMnTqKgoAA1a9aEl9f7cHR0xPPnzzF//lcYN84bly5dhlQqhaNjA0yaNBEikQjPnz/Hb7/54eHDRzAxMcGQIYPRvXs3tfMVAP7++ziCgs4K5Y8d64XGjRuVex+9Kq5dC0Pjxo3QvXs3HDhwCOnp6cINEcHBl3Dx4iXUrWuPuLgHSElJxf/93ziEhITi6dOnyMrKwrRpU1GvngO2bPkF5ubmSE5+hpSUFOTnF2D8+HGQSCRq21Pd72V5P3z7re5bbBWnWbOmQuvNvXv3Vfr2/P3/RIcO7eDpOVqY9s47TTBz5nTcu3cfAJCbm4u9e/fh5s2bkMvlsLGxxbhxXrCxsUFw8CVcunQZ9es7IC7uAV68kKJv3z7o168P1q//CQkJidi37088efIEderYC/tfec198uQprK1rw8WlC44fP4mVK79HUNCZYq+H2dlZRa7BeXl5xV4Pi7sGP3/+XO0cv307Bnv2+CMrKxNHjhzFu+++K4SqX3yxAO7ufREeHon09HQYGxth+vRpeu1+u3PnTkKLUbFYLLQWP3v2fJFlQ0OvomdP1zIFVtoo7nPT0rIWPvnksxI/F8ty7vn6fie0AFY9TgYGBmrH6dy58/j77+NCaPmf//RHr149dfqaq7PiviM6OjbAd98tAQCsXLkaI0eOgKNjg2K/s27ZshW1atVEVNRNNGvWDBKJROtrMYBiPy/lcjl27/4dERE3IBIBZmbm8Pb+AE2aNK7S/RQdHa025i8AJCQkIDAwEC9evEBYWBgAoH379mjUqBEaNWqkFgBnZ2cjOjoaHTp00HqbgYGB+PTTT1GzZk0EBgbC29sbAPDVV1+hW7dueO+99wAobmqZNm0apk6dijNnzsDBwQGjRim+41y5cgV//PEHVq9eDZlMhh07diAkJAQ1atSAu7v6DR7h4eHYtWuXcFPLsGHD4OZWsRtNiYiIiIiIiF53yvA3MzMTgOZGJzVr1kStWpU/NG6509alUZmQ5sqE5662xtjTsxaO97GEpbHiBR1+nIsBp1PUllPa7FITraxe5s/SXBmWRmWWtzqVIiUlFQ8fPkKdOvZo2NBR7VGnTtnGIY2OvgWJpKHG7vW6desKW1tbAMDmzb/AwcEB33+/FL6+3yA+Ph5HjhwDABgaGiI09Aq8vb3w1VcL4OraA3/9dQBisRgTJvwfatWqhWXLlsDGxgabN/+Ct96yxtKl38HHZyFu376Ns2fPlVhOYVevXkNYWDgWL/4Gixd/g6Skf4V5N29G49Chw5gz51MsW7YEI0cOw4YNG5GWll6knKoilUrx8OEjtUdiYpIwPzExqch8XQ/UfepUAGrUqIHly5dixYpleOedJoiKisLAgQPQsKEjhg8fijFjPGFsbIzc3Fzk5uZg/fofS70L5OjRvxEfn4Dvv1+CZcu+w82bt3D6dBCmTp0MAJgzZza6dOlcYhnGxsaIjb2Dnj1dhSBqx45dcHR0xKpVy/Htt18jNPQKwsKu62ZnaGn06JGwtHw5XnNx4S+gaC2sbNFd+IfXsrh9Owbm5uaoV88B3bp1w+XLIcjPfzmOuYGBAWJiYvH553Pg6/s1TE3FOHjwEADgxImTSExMxPffL8HKld+joECGo0ePAtC8j5ViYmKxZ48/Zs2agWXLlsDdvR/Wrt2A/Px8GBoaIi8vD6mpqfj88zlYuPBLREXdxK1btwEAW7ZsRcOGDbFmzSrMnj0LO3bsxOPHT9TKv3v3Hg4fPoovv5yH1atXoF27Nti+fUe595G+nDhxEosXL9XYKrw4Z86cRc+erjA2NkanTh0QHHxJmGdoaIDY2Fj07NkTCxd+iY4d22P9+p8wcOAALFz4JVq0aIGAAMWP8iKRAa5eDcNHH42Hj89C9OzZA7/8sq3U+pbn/VDZyjLmp5/f7gpdCwsKChATE4tu3boWmWdnZydMP3LkGJ4+fQpf32/w/fdL4ejYAFu2bAWgOE63b99Gu3btMH/+F5g8eSL27NmLvLw8zJw5HTY2b2PcOO8ivS8cPHgIhoaGWLVqOWbPnoXz54O1ammo6Rpc0vWwuGuwqvT0dKxbtwEjRgzF998vxdy5n+HIkSO4eTNaeI03b0bj009n4ZtvFsHU1AxBQWfLvsN1qHnzl63lVXtBSEpK0rS42meqrhT3uVma8p57JR2nnJwcbN++A59++gmWL1+Gzz+fg+vXw5GXV3Sok9dVcd8RzczMhJuNvv56ETp0aF/id1ZjY2OEhl7F7Nmz4O39QZmuxSV9Xt68eRORkTewZIkvli9fhuHDh+LKlStVvp+ePn1aZNq1a9cQEBCAa9euAXgZ/ha3vKZpxYmOjoaFhQXq16+PXr164cKFC8L3Fjc3NwQFBaktK5fL0bp1yT3fhISE4MqVK1i1ahVWrlyJxMSXY8Tn5eXhxx9/xPvvv4+ffvoJ06ZNw+bNm5Gamqp1nYmIiIiIiIjeNIXD38zMTDx+/LjI48mTJ6WUpBvlagEszZVhV1yu2rSfXRStrVrXNsLxPpb4T2AKUvLkOJeYV2xL4D09a8Lp0Avh+a64XHzpLKs2rYClUil27NhZ7PyytEDMzMwotZVPamoa7ty5i48/ngpA8eNZjx7dceLEKYwYMQwA0KqVM2rVqgkAaNCgPgIDg4qUk5aWjlu3bmPSpI8gEokgFovRq1dPBAdfFLqI1qac6OhbaN26FSwsLAAAbm69cPz4CQBAWNh1tGvXTugC0NnZGRYWFrhz5w7at2+n1T7RlaysLOzbt19j16aqTp4s2tIUUAQUY8d+oHWrpr//Pl6kLGfnlvjkk5mwtq6Na9euISIiEs2bN8OgQe9pLEN510fXri5atba9evUqBg16D8bGxjA2NsaCBV/AyKjsp6+5ublauDpr1nRh+zVr1oCjo6PaD4BVoWFDR0yaNAEnTwYgNTUVTZu+o3E51a6iLS0t0bx5s3Jv8+zZc+jZ0/V/ZdVCo0YSXLsWphaid+nSWdg3HTq0x+HDim0PGPAf9O3bR9j/Tk7Ncft2jLBe4X2sdOXKVXTo0F642aNjxw74/fc9uHPnrnBjiDIoMzMzg62tLZ49e4a0tHTcvh2DqVMnQyQSoW7dOli1agXMzc3w4MEDofzGjRth1arlMDc3B6A4x48e/bvc+6gqJSYmISYmFhERkYiJiQWgON6Wlpbo1cu1xHUTEhKRnPxMGNezZ8+e+O9/f0b//v2EZezsbFG/fj0AQJ06dWBvby+EXXXq2As3FQCKscKVrYc7deqIXbt+R0pK8T94l/f9UNns7e3h4TFIqyBd2VV04fGCtZWVlQWZTAZLy5I/465duyZcxwDFZ8rRo8eQkZEBAHj77beE89/RsQEKCgoglUphY2NTbJnR0dEYOXIERCIRLCws0KVLZ5w5U3qoqukaXNL1sLhrsGoYEh19C7Vq1YSzszMARffQbdq0QUREhPD+7Ny5k9BdtKNjAyQnJ5da18oklaaUvlAl0/Zzs7DynnslHScnpxaoVasWzpw5B1fXHqhTxx6zZ8/Swat8tWjzHbG076wikQjNmzdVG0tW22txSZ+XVla1kZaWjosXL6Ft27Zo3bpVucanrqj4+PgS57dv315odZuVlYWLFy+WuQxVAQEB6N27NwDFd6AmTZogNDQU3bp1Q7du3bB9+3bcu3cPjRs3xsWLF9GjR49Sb4a5ceMG2rVrJ3zP79evHw4fPgxAcTw3btwofDdu0aIFDA0NkZSUVCV3KBMRERERERG9agqHv9VBuQLgnfdz1Fr1Tm9mCkeLl+PfKUPgrselABQtgadcTsPPLjXVynG0MISXRCx0BS3NlWHn/RzMaP76jdFWs2ZN3L17v8RllD8k16z5cj/VrFlTbXw+MzNT4X+RyAAyWdHW1crllyz5Xpim7EKvLOWkp6erjS+mun5qamqRoKBwXatKaOjVUsPfkiQmJuLcufNaj204YMB/ih0DuHdvN4hEIhw/fgKbNv2Mli2d4OX1frFj5anu05KkpKSojfGrDPkKCgq0Wl+p8I92t2/fxokTp5CVlQ2RSBHEVfb4qZqYmZlhyJDBuH07Bjt27EL//v3Ubq4oPE5waaFgSdLS0nHtWhgiIiLx++97ACjGJ8zKylILgGvWVN3fZkhPV4RUiYlJOHDgIJKTn0EkUvQUoHqeFPfDaEpKCm7ejBZaAwJAbm4OUlJShADY1PTleWlgoDgvleeU6vFXrZtSdnY29u8/gPv34wDIkZeXJ4xtWt0V103xw4cPAZR8rM+cOYOUlBRMn/4ypMnOzkZMTKzwXhaLX45xa2BgoDbmrWI/v9xPqvtZ+cO3MqDUpLzvh6rQpk1rWFpa4sSJU8W26FSqSAhsYWEBQ0NDPH/+XAh3NElNTVW75in3dWpqGgDA1PTlZ78yiNX02aQqPT1dCC8AwMbm7TLVXbU+JV0Pi7sGqyr8+gDFa3zx4uWNbqo3GolEIsjlJb++ynT7dgzOnbsgPFe90UEsFmscm7us40WLRND4GpU9HwBl/9xUKu+5V9JxEolEmD//Cxw/fgKrVv0AAwMDDBo08I3qAhrQ7juiNt9ZC+9nba/FJX1etmjRHNOnT0NQ0Bns3bsPdna2eP/9MXjnnSblfbk6JxaLMWjQIACK8Hfnzp1q14GySktLQ2hoKMLCwvDbb78BUFwbMzMz0a1bN5ibm6NLly44c+YMGjZsiJCQECxatEirch0cHITnhc+ZoKAgXLp0SfgukZ+f/8p8ryAiIiIiIiLSB02/p+lTuQLg80nqXeF5S0yLLHP4sXoL4Z3/C3kLh8BftTJXGwv4fFLeaxkAOzu3xF9/HcSDBw/QsGFDtXlHjx6Do2MDODoqpqekpAg/fKalpZV5fMDatRXLf/31Io1BkbbMzc3Vgg/VlkKWlpZFwt7y1FUXFCERYGtrq9bqD1C0DlSOb9ivX1+1Li4BCMGILru1dHN7F25u7yIrKwt+frvwxx97hRYyham2/i3cUiMrK1v4sbRWrVpCSAIofuiWyQqK/FhXuIySuklOS0vHunU/Yfr0aWjXri0AYNWqNVq8wsrTvHkzODo2gL//n4iNjYW7e78i4S9Q9jG4VV24cAGdOnXEpEkfCdNkMhk+/XQOEhIShfeI6v5OT88UzqXNm39BixbNMG3aFIhEIhw5chQxMXdK3W7t2lbo1q0rvL0/KDKvpBsnlMdY9bqQlJSkFnoBiq5wHz9+jC++mANTU1PcvXsPy5evLLVeVUFxfXNEdnYWHjx4VGoYqa28vDwEB1/Ed999K7QUA4CTJwNw9uzZct3MoNqiMz1d0aV9STdqlPf9UFUaNnTElCkTIZVKIZWmCIHLjh27inwhKW8ILBKJ4OTUAmfOnC3S4vL58+c4cOAQPvxwLCwtLdXOq7Q0xf9WVpZ4WM57eMzNLZCVlSU8T05+JvyvzfVQeQ0u7XpY3DVYVeHXpyg3DVZWlqhOLl8OxZUrVyGVStWmS6VSZGVlwczMDI6ODRAbq/4+Vh0jWFvW1taIj0+AXC5X+7x7/PiJWlhf3OdmSZ+L5T33SjtO9vZ2+L//GwcAiI29gx9++BFNmjSBg0PdMr32ilixYrXa+WlqaorPP/+syravDeXQDSV9Z9WmhxNNSvq8BICWLZ3QsqUTCgoKEBR0Bhs2/IS1a6v2+0udOnUQFxencV7dunWFmz38/f1x/77mG0BVb1goSVBQELp27Yrp06cL02QyGaZMmYL4+HjUqVMH7777LtauXYu2bdvC2toajo6Km+gMDAzUQlvVu5AtLCyEzzkAaiH1tWvXsH//fixbtgy2traQy+UYO3asVvUlIiIiIiIiehMZGRnByckJ0dHRZW64V1nK1ddypPRl5RtYGKJ1bfUceWdcjtp4vsoxgXfG5WDKZfUf3VRbDgPAowz9tYapTI0aNULXri5Yu3YDwsKuIyMjA1KpFPv27cfx4ydga2uLmjVroFmzpkJXe3l5eTh37jw6dCi9S2UjIyPk5uYiPz8fFhYWcHJqIXTXLJfLcfToMbVxMbXRrFkzREREIi0tHXK5HIGBp4V5HTq0R3h4OJ4/fw5A0UIzKyuz2O57q4KZmWmRsZpVA197e7si81VbuejCtm3bhbGWzczMYGNjI/zwZmRkVGLzf2vr2kLf7ykpqYiKuinMa9++Pc6cOYOcnBzk5ORg7dp1uHo1DAYGBhCJREK51ta1kZiYJIxXePFi8cc8KysTBQUFkEgUNx6Eh0fgn3/+QXa2fu9SMTMzw7hx3qhVyxI///yLxi5sT50KKNMYsUpyuRxnzpwtMl6ygYEB2rVrJxw7ALh48TLy8vIgk8lw+fJlODm1AKD4gdvR0REikQgJCYkIDb2KnJzSA+mOHTviypWrQpev//77L376aVOpdwXVqlUT77zTBCdPnoJcLkdSUhK++WaxcO4ppaamwd7eHqampsjKykJAQCAKCgr0Pnbl2LFeGDfOG716uaJ/f3dMmTJR6H5blWqAq6TaWkyT0NCrsLGxLbJu584dce3adbUftrUVFXVT2LcXL15CvXr1SryRprzvh6pmZWX1v2uiPezt7TFunJfG/asMgcs6JvDIkSMQHX0L27ZtR0JCInJzc3Hr1m2sWvUDTE3FMDQ0RIcOHXDu3DnhPRkYGAQnpxZad7+vSZMmjREaegVyuRyZmZlqY4Hq8npY3DVYlZNTC6Snp+PGDUU3tsnJyYiMjES7dlU7LEJJTpw4iVOnAoqEv0rK0FfTmPKljTOvSfv27ZCfn489e/YiLS0dOTk5uHLlKgIDT8PdXXHDVkmfmyV9Lpb33CvpOP3zzz9YvnylcO2oU6cOjIwMq7zVo6abM6qbinxnLU1Jn5dnz57Db7/5oaCgAIaGhqhbt65eWqXWrVv8DQFSqRSBgYEIDAws8VpaUhlKcrkcAQEB6Natm9p0AwMDdOrUCYGBinGTnZ2dIRaLsX37dvTq1UtY7u2338bjx48BKHqNUe2K2snJCWFhYUhLS4NcLsfx48eFeampqbC0tBTOx/3790MkElXL9yIRERERERFRdWFubg4nJyeh5zsTExM4ODgUeZRnGL7yKFcL4EcZLwNgRwv1DLlwyPulszkG1zMRxgTW1BLY1dZYaFUcKc0vT5VeCZMmfYQTJ05h//6/kJT0L0xNxWjZsiUWLfpKCDAmTfoIO3bsxPz5X0IkEqFNm9YYMOA/pZbdoEF91K5thc8+m4uZM2dg0qSP4Oe3C198sQAymQwSSUN4e/coU31dXDrjzp07WLjQB2Zmphg06D2IRCLIZDK0aNEcQ4Z4YPXqNZDJZDA3N8cnn8wq0irxdXTs2N/4++/jRaZPmvQR3N37YefOXTh06AgMDAxgb2+PDz/0BqAYw27PHn88ePAQH3wwpsj6w4cPw65du3H16jVYWVmhU6cOyM9XnGuDBg1ERkYGFixYCJlMho4dO6BPH0W3mS4unbFy5Q8YMsQD/fr1QdOm78DX9ztYWlqha9cuADR3o2prawt397749tvvYGFhjvbt22P06FHYtWs3HBzqwsWliy53W5m5uHRGbKxiPFhLS0u4u/cFAPj7/wlAcdMBAHh4DNK6zOjoW8jIyBTG41TVqVNH/PzzZmG87ebNm2Lp0uVITU1FvXoOGDx4MABgxIhh8Pf/E4cPH4GDgwM+/HAs1q5dh127dqNx48bFbrtp03cwcuRwrFmzFvn5BTAyMsTAgQMgFotL/UF18uSJ+O23nZg9ew5MTEzg6TkK9evXx8OHj4RlBgzoj59/3oIFC75CzZo14e39AZ48eQpf3yVYvPgbrfeRLjk6NtA4TnqvXq44d+688NzW1hZTpkxEQkKCWsvU0rr6Pnv2LDp16lhkupWVFRwdGyA4+BIsLcvWBXObNq3x6687kJiYCFNTU0ycOL7E5cv7ftA3ZQisq5bADRrUx6JFX+HgwUNYunQZsrNzYGdnh759+whjz7/33gBkZGTAx+cbyOVy1K1bFx99VPL+Lc3w4UOxZctWzJ07D/b2dnBx6YKAAEUg0rJlS51dD4u7BqveiGFhYYFZs2bgjz/2YvfuP2BgYIARI4brpVv94kRE3ChxfmTkDbRp0xoNGzoW6emjWbOy3+BlYWGBBQvmYc+evZg3bwHy8/OF465saV3S52ZJn4vlPfdKOk5yuRzNmzfDt99+BwAwMjKEh4cH6tVzKLa8N1l5v7OWpqTPy86dO+H27Rh88cUCGBgYwMLCAlOmTNbBqykbJyenYrtKF4vFQihd3I1MYrEYTk5Fv4sUFhUVhfT0dLRuXXQ8665du2Lt2rUYM2YMjIyM0KtXL/z111/o0ePl9313d3esWbMGCxcuhIWFBVq3bo2AAEXPON27d8ft27cxZ84cmJmZYdiwYcL3fBcXFwQHB2PmzJkwNzfHiBEj0LNnT/z0009YtGiRWtfRRERERERERPSSMgSOjo6GjY0N6tUrfsi8yibKyEgt823zFr8nC/+72hrjeB9FN3CRL/KFcX8BwEsixub/Bb2F53lLxEII/J/AFLVupTPeL9sYfoUlJPwLe3ubMq3z4MFD+PntKtM6Y8d6aQw3qOK0PYYJCQnw89uN7OxsmJqaFgksDh48jMhIxQ/ebdq0VgsLS1uXKq4856KqrKwsJCYmlTgecOHjqgtz587D+PEfagyK31TaHsvFi5cK/1tZWWHmzI+LLCOVSrF+/UbhuaNjA4wb5y3Mi4i4gTZtWlV5l/K//LIN1tbWGD58aJVutywqek4VLS9BYwgMKLqdnTFjWoVa6FYFmUwmdBV8+XIITp48BR+fhXquVdXT5r2xZ49/sb0OODo6onPnjsLxXrfuJ7UAeObMj/UyzMPrpDzXUaVFi74EAJw9e17tBhoA6NnTVbhhpqR1qXQJCf+iUaNGWi0bEBAgtMBV1adPH/Tt21frZXQlICAAYWFh+OKLL3RabmW4f/++1vuZiIiIiIiIqDKFhobC2dlZq2VDQkKE/2vVqoUWLVoUu2xmZiYyMjJgY1Ox33Lz8xWNZsPDw7Vep21bRcOLcnUBrezSGQBu/K876IcZBRhw+uXYiarhLwC0rm2k1up3Z1yO0Br4oUq3z6plE5Vm794/hdaT2dnZ8PffL8yLiIgUwl/lc2Wr0dLWperBzMysyE0Wbdq0Rr9+L380jYiIhJ/fLrVxQKl6kEqlOHToiNqxSUhIwN69fxa7jpWVFXr1ctVb0KSPrkT1qbTuoE+eDNBDrbR39OgxrFixCnl5ecjPz8eFCxfRrFkzfVer2vL0HIVx47w1Pnr1chXC38uXQ4uMTX7u3AVeZ4lU9O3bFxKJpMzrSSQSnYe/L168wIEDB4TeSoiIiIiIiIhIv8zNzSsc/lZUubqAbl3bSGixK82VYV5YOh5myCDNVQS5rayM1MJfJW+JGJEv8vBTjCJ0mxeWARHUu5QuPJ4wUUkK/0Ct+uO0VJpSeHFkZb3sarekdal6c3HpjMTERCHgf/DgIc6dO4/+/d31XDMqLCIiEra2tnBxUYwfevbseSQmJuq5VqSqpO6gC18nq5s+fXrj8eMnQnewzZo11XmPAG8KqVSKc+cuICYmVmO39BERkYiJiUWzZk3Rs2cPtgYmAjB27Fj4+fkhLi5OmBYdHQ2RSCT8r0oikWDs2LE6rcPevXtx4sQJeHh4lHjnMRERERERERG9WcoZABuqddm8IUb9h8KvWpkXu+6XzuZCACzNlWGyynjByrL1wc7OFj17ljzepKZ1SL86d+6I0NCrwvM2bVqp/R8SEioEGmKxGM2bN9VqXar+hgxRtHJRhsCaAv/yWrVquc7KetP069e3SIioem716uVapKv16nItnThxgr6roDfFhcCdO3fSY61KZ2pqiilTJum7Gq881SERSpKdnS30pjFq1Ag0b87W1pWh8HVUtYW+prGYVaeVtC7pnpmZGSZPnoyAgABcuHABOTk5iI+PR3x8vNpyYrEYPXr00HnLXwAYPXo0Ro8erfNyiYiIiIiIiEidg4OD8L+FhYUea6KdcgXArrYmQoiryeB6JsXOszIxgKutsVqArGqQg35+qDIzMxPGT6NXR//+7jA1NcPDhw/h6OiodgytrKwwbpwXQkKuAAC6dOmk1mKp8LqdO3es8vpTxbi794WpqRhSaQpb/VUTypa+xbG3t+dY29WUvb09Zs78GOfOnYdUmoI2bVoz4HtDhIRcKTX8LezUqUC+PypJSdfR0q6hpV2DqXL07dsX3bt3R3R0NJ4+fSoEwHXq1EHdunXh5ORU7cdTJyIiIiIiIqKS1atXT99VKJNyBcCD65mggYWhWtfNqqS5MliZFD+8sOqYv6paWRmhp51xeapEbzBF6Ks5vLe3txdaipZ1Xar+zMzM2O0zkQ7xnHozlTX8BQATk+Jv9iN6E5mZmaFDhw7o0KGDvqtCRERERERERFS+ABgAfu5SAwNOa+5ydef9HMxorvku94cZBcUGxyvaV/8m00RERESvE0/PUfquAhEREREREREREelQ8c10S9HTzhheEs3dNS+7mYXIF/ka5025nK5x+vRmpmz9S0RERERERERERERERERUAeUOgAFgs0tNDHIo2gWgNFeGMefT8FNMNiJf5EOaK8ORx7no+rdU49i/gxxMsKJ9jYpUhYiIiIiIiIiIiIiIiIjojVfuLqCV9vSshSU3MrE0KlNt+sOMAnwRprm1r6ovnc3xVSvzilaDiIiIiIiIiIiIiIiIiOiNV+EAGAC+amWO1rWNMOVyGlLy5FqtY2kswh+utdjtMxERERERERERERERERGRjugkAAaAwfVMMHjkWzj8OBc772fjyJNcjct5ScQYXE+MwfWKdh1NRERERERERERERBcDTewAACAASURBVERERETlp7MAWGlwPROGu0REREREREREREREREREemCg7woQEREREREREREREREREZFuMAAmIiIiIiIiIiIiIiIiInpNiPbu3SvXdyWIiIiIiIiIiIiIiIiIiEihf//+AIDw8HCt12nbti0AwOiDTQGVUikiIiIiIiIiIiIiIiIiItKCyBAwNAKMTQETczz7XwBcHkYwMddhzYiIiIiIiIiIiIiIiIiIqExEBoCBIWAkhsjQqEJFGcG0ho5qRUREREREREREREREREREZScCRAaK8LeiAbDIxEJHlSIiIiIiIiIiIiIiIiIiorITASIoWgKLDCpUkhGMTXRTJyIiIiIiIiIiIiIiIiIiqoD/BcEVYFTRBJmIiIiIiIiIiIiIiIiIiKoHowpHyEREREREREREREREREREVC0YMf4lIiIiIiIiIiIiIiIiIno9GLEBMBERERERERERERERERHR64FdQBMRERERERERERERERERvSYM9F0BIiIiIiIiIiIiIiIiIiLSDQbARERERERERERERERERESvCY4BTERERERERERERERERET0muAYwERERERERERERERERERErwkjxr9ERERERERERERERERERK8HjgFMRERERERERERERPD/5D1k/DoDdWtbFJl37IuhyP5tJgwNFE2KYlb/H3q3rF/VVdRocu9W+q6CmqEdG+PsolF4vnka/v15Cs4uGoXhnZvou1qVYqxrC5z+amSR6Zsm9MGPY9+F2NhQD7UiIiIjiNgGmIiIiIiIiIiIiIiAp9IMjHV1wvLDV4Vp9axroIm9leKJSASIgO7f7kFKZi70/ftyHSsLfDG4IzYHRem1HkpT+7TC4lHd8Pnu8zgcdh+ZufnwaN8Im8b3QQ1TE+w4f0vrsgxEIsjkcuG5SASoPC3z+pXBP+QOjlyPU3sfONd/CzuDbyE4Nl4xgRkEEVGVM9J3BYiIiIiIiIiIiIioejh6/f/Zu+/4qur7j+Pvc+/Nvdk7ZLBCQth7T2WoOCoO3BO1WvvTaqu22mm12ta6a2vVWveuqyJu2QKyhySEEVYgkJ3cjLvv748bQkJuSIBAILyej8d5kJzz/Z7v55wbvvrgk+/nu03XTezbKAF89fg++vaHXbrh9H715767/3L99OVvNWdDfpN73DJlgO6cNlSRoSFaua1Qt/znGxXbHdrx9I269l9fasHG3ZKkx66aKLPJpF+8MV+psRF66trT1a9zvLw+vz5ZmacHPloqr8+v526corIqp7olRiktLkIJkaG67ZW5WrGtUAv+cKlSYsK17i9Xa/rjs1RQUa1/XD9Zp/XpLLPJ0A+7SnTzi9+oyF57zN9duNWiBy8Zq1+9vVCvLMiuP//u0k3aV1Ejl8crSbJaTPrTJeN07pB0+f1+rd9Vojtem6eSKoeum9hXM0b2lMPtVffEKF3xzOda9eer9MCHS3Xf+SM1/HdvKTTErGdvmKIeSTEymwx9sjJPd725QJL04o/PULG9VmcO7KYFG/foF2/MbxTj6J4peuLq0xQTZpXZbNLs1dt07zuL5PX5NSozWY9eOVHxkaFyuD16dPZKvbd0syRp5mn9dNc5Q2U2meT1+fTkF6v18vxsXTo6Szec3l9THv5AUiABfuvUQTKbDNkdLv3m3cWal5Ovq8b11pXjemvDrhINz0hWWlyE/vn1Wj379bpj/rkAwKmIEtAAAAAAAAAAAEnS2p1Fcnt8mtg7rf7cNeP76L3vN7Wq/8Teafr19JE6668fKv3nL2lfRY2evnZSi/1euuVM5ZfYNfC+NzTuj+/q9L6dddOk/pIkt9enGaN76s7X52nywx/o1UU5uv/iMap1efST/3yjfZW1GvTrN7W9uFJ3TBuinskxGnDv6+p9z6symw3dd/6II3sZh2lkZrKiQq16e3Fuk2vzcvK1eHNgRew95w3X6J4pGnP/uxr06zfr3tHpkiSH26PxvdL08oINGnP/u3K4PQq3WhQZalXqbf/WnrJqPX3dJK3eVqTe97yq0X94R5eMztL04Rl1/b26eFRPXfjErCbJX0l65IoJemHueg247w0N+c2bigm3qX+XBMWEW/XxL87XE5+v0sD73tBlf/9Mf79ukvp2jleY1aJ/zpysC56Ypf73vq5zH/2fzh+a0aS88+R+XfSbC0bpR4/9TwPve0N/eH+J3rvjXMVHhsrt9WlS3y76ZFWezvzLh5r53Ff66+UTKBENAMeIRaL8AgAAAAAAAADAkGTo1UU5un5iPy3MLdCYnimqdrq1bmdJgzaN2zd08cgsfbp6u3aX1Ugy9Is3FijEbGrQrmmf+MgwTe7XRTf9+xtJhmpcXr20IFtXj+ujF+ZskGTo6/U7VWx3SjK0dkexfjJl4EH3Cvz55Odr9OzX6+X2Bkofz83O1+l9OjcZ81iIDQ9VWbVDDrfvkOPNGJmlR2evVLXTI8nQM1+t1Q+PXCPz81/L7zdUXuPUF2t3SjLkr7tPIKkc+PrSpz+rK+1sqKTKqdXbC9UzObauvbQod492lVYHjSG/pEoXDstUzu4yrcgr1M0vfispsG9xWbVT/1u5TZKhbUV2zV69XTNGZunh/y1TYWWtfjxpgF5ZmKPNe8t18VOz6+544P1fMDxTs1blKb9u7G9+yFdJlUPje6VJMrSjqFKLN++VZGjNjmJZLSalxkRoe7H9qN47AKApC/lfAAAAAAAAAMB+b363Uev/co2iwhbo2gl99NqinObztwf9+3JKbLg2FZTXn3d4vHJ4vIfsnxwbLkma+9sZ9actZpNK7LX1be0Od/3XPr9fZpMpaBwZydG6/8LR6p4ULZ/Pr+SYcOUWlB2XdVBF9lrFR4YqIjRE1U53s+2SY8L1yBXj9cCMMfXnqhxupcSGS4ZUVFl7cF5bhQ3exel9O+vOs4cqOswqn8+vrJRYLdy0p/56o/4HufWVObrn3GH658zJ6hIfqdcW5uh37y9RSmy4usRHKvex6+rbhoaY9eGKrfJLOuOvH+qus4fqs19dIK/Pr799ukIvzc9uFGdyTOPPXpJKqhxKjglXRa1LlQ0/QwUS9Gaz6bh8NgBwqrEwtwIAAAAAAAAA9iuqrNXC3N26bEwvTR+eoT+8v1RG3T8kG2qcwz3435cLK2qUHBNWfz7CFqLU2Aht2Vcur9/fqG90mFU1Lo/2llVLksb98T2VVjsa3e9QYwXLQ796y1mav3G3rvnXl5KkX/5ouCb2SjsuOcaV2/apvMapmyb10zNfrm107ezB3dU7NU5Pf7FGBeXV+vMny/Xxiq1N7mFI8ivIM/sDX8dHhOr9O8/Tlf/8XLNXb5ckzbp7eqPPpWH/g1U73Hrgw+/1wIffq1tClN6/8zzdWFShgrJqbdlXoRG/fztoTHn7KnT7q/MkSeOyUvXJ3edryeaCRnHuO+izl6SkqDDtrahWuDWk0fMc4ncIAABtwNT4P9kcHBwcHBwcHBwcHBwcHBwcHBwcHByn5rGfoVcXbtSvzx+hRbl7VFrtbHDdCPL1geN/q7bp/GEZ6tEpRoZh6E+XjNVDl46VZCi/pEr9OidIMpQUFa4zBnaTJJXXuDQ3O1+/OGeoJEOGYeie84brqnG9m8R18Phuj08RNotCzGZJhhKjw7R6e5EkQ5nJsZoxsqciQkOOy/tzefy6793FenDGWP1s2hClxkYoKtSqq8f30cu3nKkdxXZJhj5asVU/mTygLilqaNqg7nrkigktPqtkKDrcphCzSSvzAs94zuB0DeyaoAib9RD9A0eI2azv7r9MA7okSjK0u6xaJfZaGYaheTm7lRIbrmmDuksyFG4N0bMzJ2twtyQN7JqoL++9UHERoZIM5RaUy+nxyTAax/fRijydN7SHusRHSTJ09uB0RYVZtSi3oMXn4uDg4OAIdhw5y1H1BgAAAAAAAAB0OJ+v3a5/XH+6Xl+08bD6zc3O158/Wa7Zd09XuM2iNTuKdetLcyRJf/zwez15zURdPCJTBRXV+mj5VlnNZknSTf/+Rk9ec5qyH7lGZpOhldsL9eqCnBbHW7OzWHvKqrX1yet12d8/1x/eX6o/XTpWv54+QhvyS3XHa/P1wZ3n6fGrJurutxYe/os4TK8uyFFRZa1+cc5Q/f7CUfL7/Vq9vUhX/vNLzcvOlyQ9/tkqRYdZ9f2Dl8tsGCq01+ruN1sX2/aiSj3z5Votuv9SVdQ49b+VefrNe4v15DWnKWd36SH7ur0+/e3TlXr11jMVYQuR3+/Xtxt26eX52XJ5fLr4qdn625UT9MTVE2UyDH2wfKvW7yqRz+/Xgo17tPj+S2UYhlwer/78v+XK2V2mET2S6++/YONuPfTxcs26+3yZTYbKqp265OnZqqhxHfkLBQAcESN05j/97R0EAAAAAAAAAAAAACBg39PXSJLWrFnT6j5DhgyRJFmOdgkxAAAAAAAAAAAAAODEYGrvAAAAAAAAAAAAAAAAbYMEMAAAAAAAAAAAAAB0EBbDoAQ0AAAAAAAAAAAAAHQErAAGAAAAAAAAAAAAgA6CBDAAAAAAAAAAAAAAdBAkgAEAAAAAAAAAAACgg7CIPYABAAAAAAAAAAAAoENgBTAAAAAAAAAAAAAAdBAkgAEAAAAAAAAAAACgg7AYogQ0AAAAAAAAAAAAAHQEFvK/AAAAAAAAAAAAANAxUAIaAAAAAAAAAAAAADoIi1gCDAAAAAAAAAAAAAAdAiuAAQAAAAAAAAAAAKCDYA9gAAAAAAAAAAAAAOggKAENAAAAAAAAAAAAAB2EhfQvAAAAAAAAAAAAAHQM7AEMAAAAAAAAAAAAAB2ERQZrgAEAAAAAAAAAAACgI2AFMAAAAAAAAAAAAAB0ECSAAQAAAAAAAAAAAKCDsEiUgAYAAAAAAAAAAACAjsBC/hcAAAAAAAAAAAAAOgYL+V8AAAAAAAAAAAAA6BgoAQ0Ax1Go3ymHYWvvMAAAAAAAAAAAQAdlau8AAOBUklKRq1BPdXuHAQAAAAAAAAAAOij2AAaA4yTUU61rLrtYr3y2UAWyyWtY2jskAAAAAAAAAADQwbACGACOk3B/rS4Y21+WmBSlOfJl9nvaOyQAAAAAAAAAANDBsAcwABwnQ7vGq09avBJiI1Wi7koq26u9trT2DgsAAAAAAAAAAHQgrAAGgOMg1FOtG84eK0myWcyS2aLQqDilOna1c2QAAAAAAAAAAKAjsRgsAAaAY8rs92hi11BdMKafiu21cnq9geILoRGyGVJqxS4VhaayJzAAAAAAAAAAADhqlIAGgGPI7PdocpJbr937Y0nSgo27VWJ3qn7utUXKlhCq1NJ8FVsS5LBEtF+wAAAAAAAAAADgpEcJaAA4RsK8Nbp2YKze+N2PZbWYNGfDLr0yb0PThmaLzEnpSrE4lFy7S2a/5/gHCwAAAAAAAAAAOgTqjQJAGzP7PUoPqdIzP7tAE/qla+OeUi3fuk9zNuzStqLKZvv5o5IUGu5Rl6piOZwelVkT5DLZjmPkAAAAAAAAAADgZGcRmwADQJuJdRbpmvG99burr1O4LaT+vN3hVu+0eK3YVnjoG1hCpNhUhXo9SqsqUq3TSyIYAAAAAAAAAAC0GiuAAaANRHgqNS0rXr+95gZlpcY3utY5PlKSVGKvbf0NzRb5Y1IVKinNXihHbaFKbZ1IBAMAAAAAAAAAgEMiAQwARyHCU6kzs+L1swsv0siszkHbzNmQL0lat6v4iMbwR3WSLUpKK8tXjcuvEluyvAbTNwAAAAAAAAAAaMpiiBLQAHC4Avv82vXYT87TlMGZzbabsyFfu0urtHzrPhWU1eio5ty4rgr3ehRWlq9ic6xqLNFHfi8AAAAAAAAAANAhWcj/AsDhCfVU64pBiXroxqsVFWZttt2cDfnauKdUuQVlWrm9UG0y31osMpLS1cleqCrnXhXbUtrgpgAAAAAAAAAAoKOghigAHIYYR5GeuXmaLhjT/5Dt9id/txVVam52fpvH4Y/qpAhrtcyVu1VsTZLX1HwiGgAAAAAAAAAAnDosbbMkDQA6vp4q1JsPXq8+nROabePyePX52p3aXVql3ILyuuTvMZpnbZEKjQ9VatE2FYR3Z19gAAAAAAAAAAAgU3sHAAAng+HhFXrndzMPmfwttjv07tItdcnfsmOy8rcJs0XmpB5Krdkhs99z7McDAAAAAAAAAAAnNPYABoAW9FKhXrn3x+qWGN1sm+V5+7Q8r1CSNDcnX7kFZcevwILFInOnHupUtEMFET2O06AAAAAAAAAAAOBERAloADiENG+RZv3lJ0qJjQh6vdju0JzsfBXba1Vsr9Xc7HyVVDmOc5QKrARO6KrIXTmqSup3/McHAAAAAAAAAAAnBAvpXwAILsJZolfumRE0+evyeLU8r1DrdhZLktbvLNaKbfvk8vja7ddqLCFWmUOjZKvcI1d0WjtFgePhj9OH6Odn9teXP+zW5c/Pa+9wTng2i0n7nrxSkjTp0c+1ZmdpO0cEAAAAAAAAAMeOpb0DAIATkcnv0VXDO2t0765Nri3P26f1O0vk9HhVbK/V4s0F2lNW3Q5RBhERJ2vRNnlDY+W1hh+zYW6YkKUnLx8V9JrT41NZtVMbCyr02Q/5em3xFjnc3mMWC3Cym3XHGZqYlSxJuumVRfpg5Y5Dtn9p5gRdPLx7s9ftDrd2llZrQe5ePb8gV9uLq5q0uW5cpv5+5Rh5fX4l3PnW0T0AAAAAAAAAgBOKRQZrgAHgYD1VrMH9R8nl8cpqMWtPWbW2FVUqd0+ZnB6vnB6v1u0s0cpthXU9Toy5NCTEIntYgsLL82RPHnjsBmrwuBW17kaXImwWpcSEKSUmTJP6pOiW03pr+j++0Z7y2mMXzynHOPAH/x1vWcN3ZBgn1DvLSIqqT/5K0vXjsvTBqp2H7lQXvsfnV7XT0+iSyTAUaQtR/7RY9U+L1cwJWfq/N5fooyb3POidAAAAAAAAAOgwWAEMAAcJd1doQP+esjs9+s+87EbX9id+1+8qlsvja6cIm2eYLZLJLI8lTCE1xXKHJx7T8Zwen7rf+9/GMRhS17gIXTc2U3efNUA9O0Xpb5eM1DUvLjimsQAno5njekqSvs0p0OQ+KZqYlaz0xMigq3YPNj93r2b8a26T8zaLSWMzO+nBC4ZqUJc4vXDtOOXsqdDGvRVtHj8AAAAAAACAE4+pvQMAgBNNvKtYtojoRuecdXv+vv/9Fq3cVnhCJn8lyesJrAb0WiMVWtbCKsJjxO+XdpZW66HZ6/Tiwk2SpLMHdFZoiLld4gFOVCFmk64anSFJenHRJi3eWiTDkK4bk3lU93V6fJqXu1fnP/ONiuwOhZhN+umkPm0RMgAAAAAAAICTACuAAaCBGEehzNFJWrGtUHaHW1aLWQXl1SfOHr8tMPz++q89odGyVhXKFdmp3eKZv2mvbj6tlywmQ/ER1qBloCdmJevm03ppVHqiEiJtqnZ6lFNQoQ9W7dCri7fI7Q2ebD/cfn+6YKh+NrWvXpi/SX/5fJ2euGyUpvRN1c7SKk185PNWPU9ydKhum9xXU/umKj0xUjaLWaXVTq3cXqLnF+RqXu7eJn2+vussjUxP1PUvLdTcjXt1//lDdM7ALoqPsKqgolZvL8vTo1/+IL9fGtwlTvedM0ijMxIVYQvR5n2V+vucbL23fHvQePz+wIrr2yb30ZWjMtQjMUoen08/7C7Ts3M36tN1+UH7De4Sp59O6qMxGUlKiQmTYRgqqKjRwk379NQ32dpaZG/SJzbMqtsm99G0AZ3VIzFKNotJRVUObd5XqbeXbdN7K7apwY+fJCkrOVo/m9JXE3p2UlpsuHx+aV9lrVbtKNF/Fm3W4q2FTcaxWUy6cUKWLhzSXb1TohUVGqIqp0c5BeV6Z9k2vbpkS5NxJMliMnT7lL66YlQPpSdEqsbl0ZqdpXrq22x9n1cU9D3s1ykqVLdP6asz+6Wpa3yELCZD+yodWppXqH/Ny9WaXaWN2k/r31nv/uR0Ze+p0Li/ztbvzhuka8f2VHJ0qLrf+98mZdGbc96gLkqMtKm8xqVvsguUHBWmCT076arRGXr4s3Xy+oI86GGoqHXr07X5umFCT41MP7bVAAAAAAAAAACcONgDGAAaiFKtFJ4il9ev9fkNkj4nyVzp9rjrY/XaomSz75ErKrmFXkeidfuHRoSGSArsVVpodzZp+4fzBuuus/pJkrYXV2nR5kIlx4RpVI9Ejc1M0mUj0jXjubmyOzxH3c9Rt2o71GrWE5eP0kVDux14llZ8vr2So/X5HWcoIdImt9enzYV21bo8ykiK0jkDO+ucgZ31qw9W6oUFmxr1c7gD48aG2/TJz85QZlKUthZVymoxqUdipH5z7iCFhVj06fp8zbp9quwOt3aV1SgzKUoDOsfqhWvHyeH26ZO1uxq8c9W/1xeuHa9LR3TX9uIq5e6tUM9O0RqX2UnjMjvp3g9X6vn5jeO5eFg3vXDtOFlMhiodbm3cWymzyVDPTlG6dmymZgxP1/n/+FYrd5TU90mItOnbu6YpPSFCLo9P2QXlqnS4lRYTrkm9UzSpd4qm9k3VLa8vqe8zJiNJH/3fZIWFmFVe49L63WVyeXzK7BSlGcO76+Jh3fWL95bplcVb6/uEhZg1+2dnaFj3eElSXpFdmwsrlRoTrjEZSRqTkaTJfVJ1/cuLmnw+r910ms4d2FmS9MOechWU1ygjKUof3zZFt731fYOWjT/vod3i9eFPJysu3Koal1erdpbI6fZqQOc4XT6yhy4dka673lveKE6HxxuI12rWjROzdM+0AQ1u3/o9hmeOy5Ikfbhqp9w+vz5as1N/nTFcKTFhmjagsz5bv7uZnq3fv7ek2ilJig4LaboXcivvAQAAAAAAAODkYuGf/AAgwOapkiUsuuWGJzC3y9UwNSS/xSaLq0Zea3ibjmM08/XBLhwSSLJ+k71HXp+/UdsLh3bTXWf1U5XTo1tfX6LZ6w+sVu2fFquXbxivUT0S9afpQ/WL95YfdT+vL5CIzUyK0qAu8br97e81P3evjBaeYb+/zRiuhEibfthTrhnPzlWh3SEpUMb34QuH6ebTsvTg9CH6cNUOlVQ56/v56lZx3jm1rzburdCP/v6Nql0emQxDj186QjPH99RNE7N0zsDOeuLrDXr8qw2SpOjQEL136ySN7pGon5zWS7MaJoDrjMlIkiRNe+prLdtWLCmQRP3XNWN1wZCu+uP5Q/Txqp31sYZbzXryslGymAy9/f023fXf5XK4A8nMhEib3vzxaRrdI1GPXzpCkx/7sn6c2yf1UXpChH7YXa4Ln53T6PlG9UjU2zefpstGpOv1pVu1aHNgVe+fLhiisBCz3lyap7v+u7y+bLphSNeOydRTl4/SwxcN0wcrd6jKGUjU3za5j4Z1j5fd4dFFz85plIS+dER3vXDtOF0wpKvO7p+mLzfsqb928bBuOndgZ/n8fs18+btG7+qS4d316CUj6r9v+HmHW8167caJigu36tucAt306nf1q3dNhqHfnDtQd5/VX49eMkLf5xXX76G7f2WuzWLWbZP66O/f5ujVJVvl8/tV5fC06ucpPTFSp/cK/HLGG99vlSGpstat2evyNWN4d103JlOfN5sAPqClsXokRkqSSqqczbbl/wUBAAAAAACAjoU9gAGgTrSrXIpMaO8wjlityyW/r3HZY3dYvGyVwcsAHyvRoSEa2i1e/75unM4Z0Fl7K2v1+/+tbtLu3rMDqyYfnr2uURJXkjbsKddtbwZWbV41OkPxEbaj7uetqxs8vmcnPTBrjd5cmqf8shrtKqtp8ZkMQyqoqNW83L16ePa6+oSqJLm9Pv3hk9VyeXwKDTFrQs/gJbdTY8N1xzvLVO0KJDt9fr8ea5Dsdbi99clfSap0uPXCglxJ0pBu8UHvmRhp06/eX1Gf/JWkWrdXd77zvWpcXoWFmHXRsG7111JiwjV3Y4G+21KoP81eW5/8lQIJwj9/ti4wXtd4JUQeeHeDusRJkj44KLktScu2FeuOt5fpj7PWqKLG1aBPIOZXlmxptGe23y+9tmSrfvvxKj306TqFWQ/sRuH1+fV19h79Y25Oo+SvJP13xQ4t2Roo5XxG37RG164ZHdgzd/a6/CaJ8vdX7mi8erqBGcPT1TUuXNUuj255fUmj0s0+v18PzV6nH3aXK8Rs0i2n9WoUpySlxYZpfX6Z7v9kjfKK7NpeXCVfsPrUQVw/NlOGIeUUVGj1zgPVBt5clidJOrNfmlKiw1p1r+akRIfpzH6Bd7Vw876juhcAAAAAAACAk4eFdR8AEGAzvDqZ50RHTa2CxW/yOoKePzqB+9ksJpU9fWXQFl6fX/9ZtEVPfL2hbu/fAzFkJEWqT0qMJOnj1buCxrd8e4kK7Q51igrV2MxOmr0u/4j7NYzZ7fXpnWXbg/Ztjt8v/d+bB5URbsDh9ml3eY16JEYqOTos6L3n5BSopMrV6Nru8lo5PT7ZLCb9d+WOJv22FQf2no6wWmS1mBskUgPtalxezV6/u0m/ilqPluYVaUqfFI3snqTntVmSlFdUpRteWdzsc2wpPLD3b3JUWF28UlldYndSrxT9Y85GeQ7am3b2+t3S+sb3LKtxKiU6TGf0TdOK7Y330JWkf81rWJo60Oepb3L01Dc5QWPbH9/YzKQm73h03Uror7ILgvb7aPVOXTc2s8F9A23OrEskz8/dp9JqV9C+n67L14DOsTq9V0rQ668tzQt6/lAsJkNXjc6QtD/he6D/vNx9yi+rUZe4cF09JkOPf5Xdwt2ajh1htWhsZpIevGCIosMCeyg/N3/TIeI8eec9AAAAAAAAAE1Z+Dc/AJCsXqcsVpv8J+mc6PP75HQ5guZxDL9k+Fzym61tN2CDcfZU1Da6ZDKkmDCrwkLMumJUulJjwvT7T1Yrr6iqvk3/zrGSAonVF68f2+wwlKtGlQAAIABJREFU4XWrQ7OSoyTjyPs1tLWoStVuzxHlvAxDGpeRpEFd45UUYVNoiFlG3f6pMWGB92s2GUFrZO8srQ46ptPtlc1iCnp9/16zUqDUtMvbeIX35n2VgXNB7ru1yK4pfVLUPTGiyfVwq1mTeqeod0qMYkNDZLWYJQUS+vuZzQee46XvtujCod10eu9kLfvteXp/5Q7NyS3Qiu0lTZLB+z2/YJPu/9Fg3Xv2AJ3eK0WfrN2publ7tXFvZdD2DfVLjdGoHolKiwlXhNUikykQyNC6ldAN33FqTJjCrYH4txXbg76LTfsajNmgBnTvlEDJ9w17ypv9ecgtDJR97pEYKYvZCDxvg7br8ssO+2fpnEGd1SkqVB6fX+8u396ov1/S28u26ZfT+uuaMRl6/OvmE8Cn9UrW1j9f3Oic2WQoJiyk/vtKh1s3vPKddlfUNF+7/SSd9wAAAAAAAAAEZ2m5CQB0fGHuCvljTt7yz/aqGvmbScR5rBGyVBfLHZ0W9PrRcHp86n///4Je69kpSrdM7KWbJ2Zpcp8UXfrcPH1XV8I3LjxQXtgwAiWZWxJtCzmqfg2V1TiDtGzZqB6Jev6aMUpPiDyi/pUO9yGv21u4HkzpIZ6lsq6ccVRo43dw3dhMPXThUEXZWv+/AEvyinTZ8/P1xGUj1CMxUr+c1l+/nNZfVU6P5ufu1Rvf5+mLBnvySoHVvC6vT/dOG6AxGYkak5EoSdpbWasvftijl77brPW7yxv1SY4O1b+vHaeJWS1/tvtFhzZOdgbTsLRzQ/t/nspqXUGvS1J53epnw5Ciw0LqVgofUFbTfN/mzBzbU5L01YY9Kq5q+hm+uSxP95zVX+kJgX2C528KXr45xGxSfETTX+yocXm1o6RKczbu1b/m52p3ectlzgEAAAAAAAB0HJSABgBJZsOQQkLbO4wj4nS7VVNVpebmc681SiHOSrmP2Xwf/L5bCqv0qw9WKdRi1rVjM/ToJSM07pEvJEn7c9U1Lq86/+r9Vo9zpP0aCmyTfHjvIjk6VP/9yemKDg3R6p2l+vPnP2jVzhKV17jr93xdfO/Z6psao0ZLTJvEcahxg10/eJlm4+uBvWiD33P/rwMEwgu0Oatfqp6+fKQk6f2VO/Wv+bnavK9SdmdgX+L4CKu2PnxR0PHm5u7TsIdma0LPTjqnf2ed3jtZfVNidN6gLjpvUBd9lV2gq15cWL8/riQ9O3eTXvluq6b1T9OZfdM0MauTusSFa+a4TF0/NlMPf76+UYnjN26aqBHdE1Rod+iBT9dp3sa9Kqpyyl238vlvM4bp5olZjd7N/hXYzb9DyWwyHXTmoDb+IOfqWx7o6/fvv/+Btr5D9A2mW3yEJvVOliSdO7Czyp664pDtrxuTqfmbCoNe+zZnry55fn4rRm3u5/FQ1wEAAAAAAACcrCwG/+YHALL5nToZ50Ofz6fKioqWYzeZ2vT5GqWOWrjv7A27de3YDPVNjVGnaJuK7M76VbjhVrOiQi2qqktAtuRI+x0c9OG+i6tG91B0aGD15wXPzm007v571a+0NZq//6HGNYL0O/g911+v+zMmzNrsPfeXAa50uOvb/OS0XpKkubl7dcsbS5p/hkM8x6IthVq0JZCQTIkO1fVje+quM/vqrH6p+umkXvrn3NxG7WvdXn28Zpc+XrNLktQvLUY/n9pPlwzrpt+eM1Bzc/dq9c5SjUxP0IjugVX417/8nb7fVnzI+Pafq27wWUSHhQSNOSHS1qjf/jalNU4lRdkUH2Fr9j3GRQTG9Pn9qnIG3uXh/Pwf7PqxGTIZhlxeX9DVv/tZzSYlRtp03qAuio+wNl5p3ODn4Ej/Xh/NMwAAAAAAAAA4sVECGgAkmf2HkUg8gVRU2uX1tFw62PA4jkM0wTXcj9RqDqymzN5TUX9uWLcELdgcvMTtwY6039HqkxwjSVqaVxQ06dwlNlxpsWHHJZaGsjpFyTD2r/JtrEdioFR1XpG9/lzvlMBzfJ1TEPR+o+vKNLfW3kqHHvnyB9lCTPr51L6a2ju1SQL4YNl7KnTL60uUnhChEd0TNLl3ilbvLK2PrbLW3Sj529DI9KZl2vdU1Mrp8clmMSkzKUqL68qMNzSwS2yzsfROjtaAtODXJalfSuDa5kJ7s/sdt5bZZOiq0RmSpH/N26QHPl3bbNsIq0U5D16gSJtFl49M13PzNx3V2AAAAAAAAABOHZSABgBJFr+3vUM4bBX2ajlqW7e3p+FvvlTwkWl9+djzB3aVFNhLtaDCKcnQ9pJq5eytVN+UaF0/NlMLNjctcRsXbtWs2ydr4eZCPfDpOjnc3iPud7gxH2x/WWOrxRy0733nDJSpbhlloNxwc/c/3BLQzV0P/BkbbtVpWSlN9oiNsFo0JiNJkrR0W3F9e1/dc9iCPEdoiFl3ndGv/nuzEXiO5OhQ/fKs/kqMtGnmK4uDRlZoD6xkjbBZJBkalZ6gm8b3VF5xlR75ckPwPpWBX0qItAb67H/HIZbg7++KkenKTIoKxGY68C58fmn1rlKN6ZGos/ql6fWl25r0vXRYeoPvDvT9KmePLhraVaf1SlZCRKhKqhuvyDUMafqQwM/v19kFOvj9N/360Kb176yU6ECp+deX5h2yb7XLqw9X7dR1YzN07ZhMPTd/czNjtsXfa/5fEAAAAAAAAOhIDt4UDwBOTSG2ltucQGpqa1VTVdnq9mZfy6uE25JhSL2So/T4pcP1o0GdJUkvLtpSv1+uJD3+VSAxeNHQrrpzap9G/bvEhuutH09Qv9QYZSZFNUjiHnm/o7E6v1SSNL5nknp2iqo/H24166ELhmhcZpKW1K08zaxbeXs8VDrcevzS4UpPiKg/ZzYZ+uvFQxVps6jS4dYna/Prr63eFXiOS4d1V7jVXH8+LSZM79w8UTkFFap2BVY473/OIrtTZ/VL1fTBXfTnC4cowtq4eEj3hAjdNL6nJGlRXUK+tMalS4Z31y/O7KsrRqbXJ8f3m9Q7WZP7pEiSFtaVk16zMxBbWIhZl4/sXt/WMKSrRqXrrxcN1fsrd0qSMpKiGt3v3eXbJUnnDuisK0cdSPaaDEN3Tu2jsZmJjX729vt49S7lFVcp3GrWc9eMVnSDEtMhZpMeuWiYsjpFye706IWFm5v0P1zXjw2s/l20pVB5xVUttn/9+zxJUt+U6KCrnwEAAAAAAAAgGAuLPgCgThvPh71TYxVpCySUNu0tl93RNknYmtpaVVSUH1a8PpP5mCwAtllM2v6Xi5pcDrdaZDEdGPC9FTv0t682NIrhwzW7NLBLnO6c0kf3/2iQbpmYpdx9lYoLt6p/WqwsJkMb91bqF/9d3ib9GsV+mO/ivRU7dMeUPuoSG655d5+lJXlFMhmGhnePl98vXfL8fE3tm6qxmUm6dkyGOseF6+XFW/XFhj0tj2sc4vrBCz3rvjfXvduvswsUYjZp2W/O1aqdpaqodWlAWqxSYwLlqO/7aLXKa131/f4+d6POGZCmfmkxWvnb87R6V6liw6wakZ6gTfsqNfPVxXpt5jhN6NlJj84YpouHdtN9H6/Sbe8s01s3TdCtp/fS9eMytaXQLrvDrYRIm3p1ipZhSOt3l+upOTmSIW0psuvB2et0/48G6dmrRumhC4ZoW0mV3F6fusSGq0tcuCTpze+3ae6mfZIh5eyr1Oc/7NE5A9L07JWjdf3YTFXUuNQ/LVZpsWH61YertHFvpS4Z3k1ZnaL05Z1T9Xn2Hj31TY7eWLZNlw7vrnGZSfrnlaP063MGqLDSoR6JkYoJC9FNry3RP64cpQirRSbTgU18nV6fbnh1sT689XRN7ZOi9X88X6t2lMjnlwZ3iVN8hFW1bq9ueWOp8strjmoBcJfYcE2tS3q/tjSvVf1W7ixVdkGF+qXG6NoxGVq+o6RpoyP9e93Wi4gBAAAAAAAAnDAoAQ0Ako4oKxjE+UPTNblvmib37dzkmt3h1tyc3Zqbs0fzcnYf0f3LyirkcNSouVgHdE1SVLhV2buKVVHjPOjqsZnvG66a3K/G5dWOilqt2FGit5Zv18L6Us2NY3jg0/Wam7tPN43vqZHpCRqfmaSKWrfW5ZfpwzW79PqSPNmdnjbrd8DhvYtKh0fnPjNXfzhvoCb3TtbErE4qtDs0a+1uPfltjvKKq7SlqErDusZrQs9OGtwlToax/2fqUBneluIKngEOCwms3rU7Pbrn/VW6fXIvXTa8uwakxcrr92vRliI9PWejvt24t9E9Vu0s04X/mq/7pvXX0G7xOr1XsnaV1ujpbzfq6TkbVeX06Df/W6tnrxyprE7R6p0SLb/P0MLNRTrzqW9162m9NC4zUT07RclqNsnuCOzX+8n6fL383VY5Pb768Z6ek6vsggpdNyZDg7vGaWDnWJkMQ8VVTn25oUBvLt+mT9ftbhTfTa8v1b3T+uvioV01vFu8ymvdWr2zVLe/s7y+3Pez8zbpqlHp6p0SXXfOkNcnXfrCQt05pY8uHtZVXeMiFGG1aG1+mf4+J1fzNu3TXy7yKMJqUWiIpdGY63dXaNwjX+r2yb11Vr9UjeqRKEOBvYU/XrNL/5iXq+0l1UE+i+Y+s+CuGZ0hk2GovMalWQc996G8tjRPf71oqC4a2lW/+XhNkD2oyQADAAAAAAAAaMyI+/l7TWsiAsApJtW9T9a45CPu3zs1Vk9cNU5psREtN5a0p7xaz83J1qzV21vV3ufzq6yiQi5HbdDrl43rq19OH62uidGSpIoap/7w7kK9+122JMlatVdVqUNbNRYAAAAAAAAAAGhf2x+YJklas2ZNq/sMGTJEkmRhzQcAHJ3pw9L1wEUjD6tPWmyEHrx4pK4em6X7P1qu3ILyZtt6PV6VlpXL43E1uTaga5KeuvEMDeia1Oh8TLhNT99whhbn5mtXcaW8lgjW+AEAAAAAAAAAcAqwyCAlAAB+j0tHUgY1kPwdccTj9k6N1Tv/d6aem5Ot5+dmN7le63CosqJCPt+B0rr73TN9tO6ZPuqQ9//l9NG646VvZPK5xXwPAAAAAAAAAEDHZ2nvAADgRODxS7bD7JMWF6F7zhncJuPfOqWfJvdN011vL9Gesmr5/T6V26vkqK5u0jaw6ndqk1W/wUwbkiFJ8pub7tMLAAAAAAAAAAA6HlN7BwAAJ4Jaa4zkdhxWn1sn91VUaNslVgOrgc/QZaMyVFhc0iT5GxNu04OXT9Q391/RquTv/j4BbPcOAAAAAAAAAMCpgBXAACDJYY6QUV0of2xaq9pHhYbo/KHpbR5HVGiIfn3+MF0ztqce/WSZsncVKyrcqvG9u+jmMwY3SOi2ntlVJU94QpvHCgAAAAAAAAAATjzsAQwAknzmELldHllaOSdOH9bjmMbTNTFaf7/xjDa5l9njkCOyU5vcCwAAAAAAAAAAnNgoAQ0AdWr9FsnraVXbqNCTo4DCkk27JYOpHgAAAAAAAACAU4WF9b8AEFBjS1B0dYkUndxi26hQ6zGNJb/ErsdmLdOGnUWSpLunj9LZQzIO+z4bduyTNzRKzPUAAAAAAAAAAJwaLCItAACSJJc5TI7qQoVGtzwv2h3uYxJDfoldd778rRbn7m50/oZ/fq7Lx/fVg5dPUHRY65PP3/+wSc6YbmKuBwAAAAAAAADg1GAhJwAAB1SExCi0tlwKjz1ku4KKmjYdt7LWpcdnLdML36wNnAgyN7+7OEcbdhXpg3sualUSuLLWpS9XbZaS+7dprAAAAAAAAAAA4MTFxpAA0IDTFitHVUWL7VZsK2qzMd9bvFGjfv3ageTvIfywq1gzHvtIlbWuFtv+5/Mlcsalt0WIAAAAAAAAAADgJEEJaAA4SHlIomIKtiosNbPZNnvKa/TW0i26akzPIx5nyabdemzW8iblns8e0kP9uyQ2aLdHizcdaLM/CXyolcD5JZX6z5fL5I068vgAAAAAAAAAAMDJx9LeAQDAicZljZS90q/qokJFxsQr1Bp8qnx+bo56p8RqeHpi0OvNyS+x67FZy/Xu4pxG58f16qynbpiqrglRTfocvPK3pSTw3c++r71h3Q4rLgAAAAAAAAAAcPJjD2AACMKRlKXI3atV5vXKYrEqLDxMISEhkqQQi0Ven1/F9hpd98K3unVyX/3szEEt3vOLNdv0xdptBxK/Debfy8f20VMzp6qy1qX3lmzU52vyVFnjUv+uiTpnSIbG9krTLWcO0WOzltX3+SG/WDMe/0hPzZxav2K4stal+9/6Vgt3VkmxcW33QgAAAAAAAAAAwEnBSLznI397BwEAJyJzbYVs5dvljkhqsW10uE3jeqWpf9dEdU2IUteEaFXWOPVDfrEqa1x6d8lGVdY4g/Y9e0gPvfTTc7Qhv1g3PPu58kvsTdp8/fvLFB1m0+jfvB70HpeP6yNJWrxxpwp256s2ecBhPCkAAAAAAAAAADiRbP39FEnSmjVrWt1nyJAhkigBDQDN8obFyOHvJltlvjzhCYdsW1njDKzwXbPtiMb697fr9PisZfUlng/285fn6OyhPZrt/+7ijZIkq30vyV8AAAAAAAAAAE5hJIAB4BB84XHyOSpkqSlpMQl8pFqTON6QX6wN+cWHbBNSXaSaTv0lS9M9gQEAAAAAAAAAwKnBIoNNgAHgUJwJPWQr3S5LbekxSwIfLWvFbtV26iO/NbS9QwEAAAAAAAAAAO3I1N4BAMDJwBmfLndUikKqio74HtFhVv14ykB1SYg6ov5dEqL05PWT1b9LgyS0zyOrfa8cyf3ksx3ZfQEAAAAAAAAAQMdBCWgAaCVPRJJ8hkVhpXlyRSZJpsObQm+eOlh3/2iEHrxsgv797Tr9e8465ZfYW+x39uAemjYkXWcP7iHDMPT4pyskSSZXjUzuGlUnD6DsMwAAAAAAAAAAkCRZJEpAA0Br+cLjVW2NVFjJFvnllzcsrtV9v1izTWcP6aH+XRJ089RBunnqIFXUuLQhv1i7SuzaVRxIBseEW9W/a6Kiw6wa0DWxvv97S3L12KcrlF9SpZCqYnmt4apNHdzmzwgAAAAAAAAAAE5eFrYABoDDFGKVI6WfTDVlCivbJndYvPzmllfgZueX6KyH/qsfTxmoy8b1Uf8uCYoJt2pcr7Rm++SX2PXF2u3697eB1cJmp11WT62cSVnyWiP4FR4AAAAAAAAAANAIJaAB4Aj5wuNUHR4na9kOWWrL5DdZ5G3FPrwvzlmvF+esV3RYYKXvwQngXSX2+mN/iWhLTYksfp/c0WnyRCYdk+cBAAAAAAAAAAAnP0pAA8BRcsWlS5IsVUWyVBdLfo981qgWVwVX1rq1ZFOBlmwqCHrd5KpRiLNCPrNVzvge8rUiuQwAAAAAAAAAAE5trAAGgDbiiUyqX50bUr5L5poSmQzJ75f8Fpu8llDJFHzaNblqZMgnw1Utw2yR3zDLY4uWM6nn8XwEAAAAAAAAAABwkrOwABgA2p47rqvccV3rv7dUFcnwOGV2lgdt74lIkt8wy9up1/EKEQAAAAAAAAAAdECsAAaA42D/ymB3O8cBAAAAAAAAAAA6NvYABgAAAAAAAAAAAIAOwkL6FwAAAAAAAAAAAAA6BvYABgAAAAAAAAAAAIAOghLQAAAAAAAAAAAAANBBmNo7AAAAAAAAAAAAAABA2yABDAAAAAAAAAAAAAAdhEUGJaABAAAAAAAAAAAAoCNgBTAAAAAAAAAAAAAAdBAW1v8CAAAAAAAAAAAAQMdgkUgBAwAAAAAAAAAAAEBHYCH/CwAAAAAAAAAAAAAdA3sAAwAAAAAAAAAAAEAHQQloAAAAAAAAAAAAAOggLO0dAACcyDITI3Raz0R1jrEpLSZUUbYTZ9q0Oz3aU+FQfrlDC7eWaGtxdXuHBAAAAAAAAAAA2hl7AANAECFmky4enKpz+naS2XRiTpRRoRb1Do1U7+RITcpK0GfZhfpw7R55fP72Dg0AAAAAAAAAALQTi0EGGAAa6RYXptsm9lBqTGh7h9JqZpOh8wekaHBajF5YvF07y2rbOyQAAAAAAAAAANAOTO0dAACcaMakx51Uyd+GusWHaUx6XHuHAQAAAAAAAAAA2gkJYABoICspQuf2T27vMI7Kuf2T1S0urL3DAAAAAAAAAAAA7cAigxLQALDf+IwEmU7yedFkGJrSK0mvLNvV3qEAAAAAAAAAAIDjjBXAANBAt/iOsXL2ZC1hDQAAAAAAAAAAjg4JYABoIC26YyROU6Nt7R0CAAAAAAAAAABoBySAAaCBcKu5vUNoE7FhIe0dAgAAAAAAAAAAaAcW4yTf6xIAEBzzOwAAAAAAAAAApx5WAAMAAAAAAAAAAABAB0ECGAAAAAAAAAAAAAA6CItEiVAAOKAjzYkd6VkAAAAAAAAAAEBrWMgPAEAHxfwOAAAAAAAAAMAphxLQAHCEnvnt7Vr6zacttlu54Cs998Ddh2xTWrRXv776bHk9nrYKDwAAAAAAAAAAnIIoAQ0ARyjMYigypOU5dNKk0zV98njt9jbfJikpSe+88462ey3yt1mEzO8AAAAAAAAAAJxqLKQHAOCAw50Tjbrj/ReeUFhElMpLClVZWqKaqkpdeOMdyuw3SAvmzdeyuV/q1vsfl9vl1Gdv/Uc5q5fK6/Fo8NjTde5VN6u4pEi/+vlMPfzqpzJbLNqavU6fvfVvOWqrZTKZNXrqeZpw9oXH9FkAAAAAAAAAAMDJjz2AAaChI5kTDSkmzKK1yxfqz08+o04J8frovbc154PXlNn/MYWHGAq1BNrN//Q9VRXl66WXXpLX69ZdP79L38+ZrQFDRwZuZUjVVZV648kH9Ktf/1YjRo5QYWGR7rz9/5TcpZuyBg47ts8CAAAAAAAAAABOapSABoA2YWj4iOGqtMSotMyrpG49VTm76f7AOcsX6bIrrtKWaosMhehvjz+pMo+h3YVl9W22Za9RXFyskvsM04ZSn0KsCRo7Zoy2rl12eAlg5ncAAAAAAAAAAE45lvYOAAA6CktohDy+wNdOnyGf19ekTWV5mXy2KPn8kuRXvju0yZ6/bnuZYmJiVOmu+94n2SKjZC8qPpbhAwAAAAAAAACADoAEMAC0Ef/BmdwmqV0pLjZW5eXlSq37vrysVD6fT6YGbeLj41VWVt6oX0V5hRLi49syXAAAAAAAAAAA0AFZZFAiFACOl9Hjxuu7bz5TxtCxkqTXn3hAwydMUb9ho+vbZA0cKnvlU8pds1y9h4xUWdE+rVmxTHfe9/vDG4z5HQAAAAAAAACAUw4rgAHgODrr4itUWWnXE/fcLL/fp/Hjx+vcH03X9j376tt4rZH64wMP6plnn9Os15+T2WTWDTfcqJSsgapyN11VDAAAAAAAAAAAsJ/R+Y9zyCYAQJ1XrhzY6rZ94kwqqfWryOFXtyiTfH4pvyqw72+01VD3SEPrS31KCDWUGGpSbrlXJkPqEmlSTIgkQyp3SruqfLKapIEJZq0q8sovKTLEUJcIQ2ZToLR0Ya1fxY7Dm65nvr3+sNoDAAAAAAAAAIATQ/YvhkuS1qxZ0+o+Q4YMkSRZJEqEAsABrZ8TN5btT8ga2mk/8LUkVbqk9aV+SYZKHFKJwyfJkM+vBm0PjOnySSuLfPX9q9zSxvKm7Q4P8zsAAAAAAAAAAKcaC/kBAOigmN8BAAAAAAAAADjlmNo7AAAAAAAAAAAAAABA2yABDAAAAAAAAAAAAAAdBHsAA0CHxfwOAAAAAAAAAMCphj2AAaChjjQndqRnAQAAAAAAAAAArWIhPwAAHRPzOwAAAAAAAAAApx5KQANAh8X8DgAAAAAAAADAqcbU3gEAAP6fvTsPj6q8////msxM9hCWEEhAoIBCgyhrCRVc2FRQlMWiKKgULW79qFSh7lVRrJW6VsuPVtxABJXFatlBUakgBFkEFH9lCRAIyRCSSTIzZ873j5hpZpiELJMMDM/HdeUyc877Pud9ZtK09ZX7vgEAAAAAAAAAAEKDPYABIFLx+x0AAAAAAAAAgLMOS0ADgJ9I+p0YSc8CAAAAAAAAAACqgyWgAQAAAAAAAAAAACBCEAADAAAAAAAAAAAAQISwmKZphrsJAAAAAAAAAAAAAECZgoICSVJWVla1x3Tr1k0SM4ABAAAAAAAAAAAAIGIQAAMAAAAAAAAAAABAhCAABgAAAAAAAAAAAIAIQQAMAAAAAAAAAAAAABGCABgAAAAAAAAAAAAAIgQBMAAAAAAAAAAAAABECAJgAAAAAAAAAAAAAIgQBMAAAAAAAAAAAAAAECEIgAEAAAAAAAAAAAAgQhAAAwAAAAAAAAAAAECEIAAGAAAAAAAAAAAAgAhBAAwAAAAAAAAAAAAAEYIAGAAAAAAAAAAAAAAiBAEwAAAAAAAAAAAAAEQIAmAAAAAAAAAAAAAAiBAEwAAAAAAAAAAAAAAQIQiAAQAAAAAAAAAAACBCEAADAAAAAAAAAAAAQIQgAAYAAAAAAAAAAACACEEADAAAAAAAAAAAAAARggAYAAAAAAAAAAAAACIEATAAAAAAAAAAAAAARAgCYAAAAAAAAAAAAACIEATAAAAAAAAAAAAAABAhCIABQNIn23PU8rFl1apt99RKrdidW2XN7G/2q9/LX4aiNQAAAAAAAAAAgGqzhbsBADjTbLivv5Ljqv71OaZ7uoaf37KBOgIAAAAAAAAAACjDDGAACLDfUay4Bz/V7G/2a9Dr65UxfY1uenezTLPsfO+/fqHP9+RJkg44SnTV//eN0h9frg5Pr9JbGw5IkuZtPqjhs76RJBW7Dd394TZ1ena1zntmta6c+R/9/3nOsDwbAAAAAAAAAACIbATAABDAbo1SicernBOlWnFHpv5zXz8t23VUq388ednnce9tVo/Wycp+YrD+dfuvdOeCrdp26IRfzTMrftSOnBPa8odLtPuhy9S9VbLGvbu5oR4HAAAAAAAAAACcRQiAAaAS43q1liQlxdjUMSWL1+5MAAAgAElEQVRBe/OL/c7nFrm0Zs8x3dmvnSwWqXNqovY+NlCdWyT61X303SFNzGyjWHvZr9xJv26rL/+bL0exu2EeBAAAAAAAAAAAnDUIgAGgEo1i7b7voyyS4TX9zh8uKJUkNYuP9h1LSYiWLcriV5dzolTNE/xryo8DAAAAAAAAAACEEgEwANRSi6QYSf5B7k/HnCfN7G3ZKEY5hS7f66NFZd+nNYptgC4BAAAAAAAAAMDZhAAYAGqpeWK0LmrXRH9d+5O8prQn16keL3x+0lLRoy5I06z1e1Xq8UqSXlv3Xw08N0WNYm3haBsAAAAAAAAAAEQw0gcAqIN3b+qhOxZ8p1ZPLFesLUrPD8/QhemNtPnAcV/N1IEdled064Ln18o0pYyWiZp9Q7cwdg0AAAAAAAAAACKVxTRN89RlAAAAAAAAAAAAAICGUFBQIEnKysqq9phu3comn7EENAAAAAAAAAAAAABECAJgAAAAAAAAAAAAAIgQBMAAIMly/yey3P+J7/uG/CcAAAAAAAAAAECosAcwAAAAAAAAAAAAAJxG2AMYAAAAAAAAAAAAAEAADAAAAAAAAAAAAACRggAYAAAAAAAAAAAAACIEATAAAAAAAAAAAAAARAgCYAAAAAAAAAAAAACIEATAAAAAAAAAAAAAABAhCIABAAAAAAAAAAAAIEIQAAMAAAAAAAAAAABAhCAABgAAAAAAAAAAAIAIQQAMAAAAAAAAAAAAABGCABgAAAAAAAAAAAAAIgQBMAAAAAAAAAAAAABECAJgAAAAAAAAAAAAAIgQBMAAAAAAAAAAAAAAECEIgAEAAAAAAAAAAAAgQhAAAwAAAAAAAAAAAECEIAAGAAAAAAAAAAAAgAhBAAwAAAAAAAAAAAAAEYIAGAAAAAAAAAAAAAAiBAEwAAAAAAAAAAAAAEQIW7gbAIDTgcvlCncLACBJio6ODncLAAAAAAAAAM5gBMAA8DPDKA13CwDOclZrTLhbAAAAAAAAAHCGYwloAAAAAAAAAAAAAIgQBMAAAAAAAAAAAAAAECEIgAEAAAAAAAAAAAAgQhAAAwAAAAAAAAAAAECEIAAGAAAAAAAAAAAAgAhBAAwAAAAAAAAAAAAAEYIAGAAAAAAAAAAAAAAiBAEwAAAAAAAAAAAAAEQIAmAAAAAAAAAAAAAAiBAEwAAAAAAAAAAAAAAQIQiAAQAAAAAAAAAAACBCEAADAAAAAAAAAAAAQIQgAAYAAAAAAAAAAACACEEADAAAAAAAAAAAAAARggAYAAAAAAAAAAAAACIEATAAAAAAAAAAAAAARAgCYAAAAAAAAAAAAACIEATAAAAAAAAAAAAAABAhbOFuAAAikdvt1kcfLdSCBR8qLi5eGRmd5fEYys3NVVJSkiZMuEW/+EW7cLcJAAAAAAAAAAAijMU0TTPcTQBAuLlcLhlGaUivabNF67bbfqfOnTvrgQcmS7JIkiZP/oNycnL0z3/ODOn9AJz5rNYYRUdHh7sNAAAAAAAAAGFWUFAgScrKyqr2mG7dukliCWgAqDcej0uSZJpeuVwlcrmK5XIV67zzztPRo0fD3B0AAAAAAAAAAIhEBMAA0IDy8x1at+4LjR07VpKUm5urxx9/Unfe+XtJ0qFDhzR9+p81fvwESZJhGJox40XNmPGinn/+BU2bNt13ra+/Xq9HHnlML730qqZP/7Oef/4FSVJ2drbuu+8Peu211/XAA1P17rtzJElfffW1Ro8eo7ffflfPPvtn3XHH3Q356ADOUGvXrlXv3r11992n/p1hGIZeeeUV9e7dW40aNVKjRo3Uu3dvvfrqq/J6vYxroHEV1eTzAwAAAAAAQGQgAAaAerZly3d6/vkX9MQTT+n22yepTZu2uuyySyVJzZs3V+/ev1JUVNmv4/T0dF10UT9ZLGXLRX/zzQZlZx/U1KlT9fDDD+uyyy6TJO3Z85OmTZuuBx54QH/4wx/02GOPKTm5sSTJ6zU1fvzNuvfee3XHHXforbfeUUlJifr376+mTZvJ7fZoypQpGjp0WBjeDQBnip07d+qaa67RpZdeqo0bN56y3uVyafDgwbr33nt11VVXKSsrS+vXr1ePHj10zz33aOjQoXK73Yyr53Hlavr5AQAAAAAAIHIQAANAPevW7UI9/PDDeuaZZ7R48WJlZvbRb387Ud99t1Wmaco0DV+taZryev/3Ojm5sXbu3KXFixeroMCh/v0vkiStXr1WXbp0UePGjeR2l8jlKtHEib+VJLVp00Y9e3aT212qxMQ4SVJRkVOG4ZEktW7dWlFRpkaMuKah3gIAZ5AjR47ozjvvVL9+/dSkSRO1a9euWuMeeughrV69Wvfee68ef/xxtW/fXhkZGfr73/+uUaNGaenSpXriiScYV8/javv5AQAAAAAAIHIQAANAPTNN07cHcGmpU0OHXqn09HQtXLj4lGPPP7+Lfv/73+uDDxboN78ZqzffnC1JysvLU6NGjWSapq/250nE2rdvn15++VW9+eZb+vDDj38+a/HrR/rfHsUAUNHmzZs1ePBgZWdna/bs2WrRosUpxxw9elSvvfaaJOmuu+466fzkyZMlSS+++KKOHTvGuHoaJ9Xu8wMAAAAAAEBkIQAGgAZmGG5ZLBbZbPZT1nq9hoYNu0Jz5rynZ555RnPmvK8ffvhRKSkpys09GnTM448/qYyMLrr99tt13XXXhbp9ABHu8ssv14gRIxQTE1PtMYsXL1ZJSYnS0tLUvn37k85nZmYqKSlJTqdTS5YsYVw9jZNq9/kBAAAAAAAgshAAA0AD27Ztu/bu3asBA8r2801KSlJOTo5KS0slSV6v11e7fPlK7d37X5WUFKlr1wwlJyfLYonSJZdcoh07vtemTZtPuv6JEydkt1vldpeqpMTZMA8F4Kz2+eefS5I6deoU9LzFYlFGRoYkae3atYyrp3EAAAAAAACAJNnC3QAARCK326158+br6NGjcjqdmj79z5Kk0lKXHA6HHn/8cV10UV8ZhkeZmX308ceLdOutt+ncczuqUaNGcjgcWrlylVJSmuv552eoQ4cOKiws1DXXXKNzz+0oSXryySc1c+YsWa02paY2V9u2bXTLLeN1441j9corr2np0qXq2bOXLBaLFi5cqAsu6Kr8/Hxt3LhRv/hFm0qDBQCoqZ07d0qSUlNTK61JT0/3q2Vc6McBAAAAAAAAEgEwANQLu92uW265RbfddrtMU/J6PT+fschiscjjcckwyo7FxsbojTdel8USJa/XkGTqkUcelctVLNM0lZmZKa/XK4vFItP0yu0umyn861/30SWXXCzTlEzT6zs3evQo3XDDDfJ6DRmGobFjb/Td75NPlsgwDHk8pX4zjQGgLnJyciSVrWhQmeTkZL9axoV+HAAAAAAAACARAANAvfF4XPJ4XNWqLS0NXKq5pIpzZQzD4wuRq7pvxe+Liwur1Q8A1ERRUZEkKTo6utKa2NhYSVJh4f9+DzEutOMAAAAAAAAAiT2AAQAAUEcWi0WSZJpmpTXl58prGRf6cQAAAAAAAIBEAAwAAIA6SkhIkCS5XJWvelBaWrZ8fWJiIuPqaRwAAAAAAAAgEQADAACgjtLS0iRJBQUFldbk5eVJklq2bMm4ehoHAAAAAAAASATAAAAAqKPOnTtLkg4fPlxpzcGDByVJnTp1Ylw9jQMAAAAAAAAkAmAAAADU0cUXXyxJ2rlzZ9DzhmFox44dfrWMC/04AAAAAAAAQCIABgAAQB1dddVVio2NVW5urr7//vuTzq9bt05Op1OxsbG66qqrGFdP4wAAAAAAAACJABgAAAB1lJKSorvuukuS9Morr5x0/oUXXpAk3XPPPUpJSWFcPY0DAAAAAAAAJMkW7gYAIFL9978Hwt0CgHrWrl3rcLdQr7xer7xeryTJ4/FUWTtt2jRt3LhRb7zxhpo3b64JEyaopKREf/nLX7RkyRINGjRITz/9NOPqeVxFNfn8AAAAAAAAEDkspmma4W4CAMLN5XLJMErD3QaAs5zVGqPo6Oiw9vCPf/xDf/vb33T48GHl5OTIMAzfuZiYGLVs2VJpaWmaMWOG+vbt6zfW4/Ho5Zdf1jvvvKMffvhBUVFR+uUvf6nx48dr0qRJslqtQe/JuNCNq8vnBwAAAAAAgNNHQUGBJCkrK6vaY7p16yaJABgAJBEAAzg9nA4BMAAAAAAAAIDwq0sAzB7AAAAAAAAAAAAAABAhCIABAAAAAAAAAAAAIEIQAAMAAAAAAAAAAABAhCAABgAAAAAAAAAAAIAIQQAMAAAAAAAAAAAAABGCABgAAAAAAAAAAAAAIgQBMAAAAAAAAAAAAABECFu4GwCASLVjx+5wt4B6kpFxXo3HGIZXbrdHLpdHXq8hr9es1rioKIuioqyKjrbJbrfJauVvtwAAAAAAAAAAlSMABoB61LNnz3C3gBD79ttva1Tv8RhyOktlGIZsNpvsdrsslmhFRVUvyPV6vTJNU263R8XFpbJarYqPj5HNZq1N+wAAAAAAAACACEcADABAPSksLJbb7VFMTIxiY2NrdY3yoNhqtSomJkYej0cnTjhlt9uUmBgXynYBAAAAAAAAABGAdSQBAAgx05SOHy+UYXiVkJAgmy10f29ls9mUkJAgw/CqoMAp06zeUtIAAAAAAAAAgLMDATAAACG2f3+2PB5DcXH1N0M3Li5OpmkqOzun3u4BAAAAAAAAADjzsAQ0AAAhlJOTK7s9WklJSZXWOJ1OLVy4UJs2bVJubq7i4+PVo0cPDRkyRG3atKn2veLi4lRYWKicnFy1aJESivYBAAAAAAAAAGc4AmAAAEKkpKRUTmex0tLSKq3Zt2+fpk+frri4OPXr109t27bV3r17tXPnTj322GOaOHGi+vXrV+17NmvWTIcOHVJJSaliY2NC8RgAAAAAAAAAgDMYATAAACGSm5uvxo0bKyoq+A4Lubm5mj59urp3764bb7xR8fHxkqQePXpIkpYtW6ZZs2YpJSVFnTt3rtY9o6Ki1LhxY+Xm5qt165aheRAAAAAAAAAAwBmLPYABAAgBl8stt9uthISESmuWLl2quLg4v/C3oiFDhqh79+6aM2dOje6dkJAgt9stl8td474BAAAAAAAAAJGFABgAgBA4caIwaKhb0ebNm9WvX78q6y6//HLt27dPubm5Nbp/fHy8nM7iGo0BAAAAAAAAAEQeAmAAAEKguLj0lAFwbm6u2rZtW2VNmzZtfLU1ER8fr8JCZ43GAAAAAAAAAAAiD3sAAwAQAh6PWzZb1f+1GhcXp7179/r2/A1m3759kqSUlJQa3T8qKkper1GjMUB1HDp0SAcPHtSJEyfk8XjC0oPNZlNSUpLS09OVlpZW7XGHDh3SkSNHdPz4cblcrnrssP5ER0crOTlZqampNX727OxsORyOeuyueqxWq5KSktSqVauz7vOrT7X92QAAAAAAAJGPABgAgBDweAxZrdYqa3r06KFdu3ZVWfP999+rWbNmNQ6A7XY7ewAjpDwej7Zs2SJJat++vZKSkk75Rw712cuJEyf0008/6eDBg+rSpYtiY2MrrS8pKdH27dtlGIZatWql9PT0U/7n83RlGIZcLpf279+vgwcPqmPHjkpOTq603uPxKCsrS4ZhKC0tTe3bt2/AboMzDEPFxcXat2+fsrOzdf755581n199qunPBgAAAAAAOHuwBDQAAA3k8ssv186dO7Vs2bKg5/ft26dFixZVOUMYaChbtmxRkyZN1LNnTzVp0iRs4a9UNgO4vBdJ2r59e5X1W7duVXx8vDp27Ki4uLgzOjy0Wq2Ki4tTx44dZRiGdu/eXWV9VlaW4uLidO655yoxMbGBuqya1WpVYmKizj33XBmGoW3btlVZH0mfX32q6c8GAAAAAAA4exAAAwAQAjabVYZR9RLMbdq00cSJEzVnzhy9/PLL2rVrl5xOp3bt2qVFixbpsccekyQtX75c69atq9H93W63oqPtte4fqOjgwYOSdFrMHg1UHgKX9xjo4MGD8nq9atGiRUO21SA6duwor9db5bOXz/w9XZWHwGfj51efTvWzAQAAAAAAzi4sAQ0AQAjYbHZ5PJ5TzlTr16+fUlJS9N577+nZZ5/1HW/WrJkGDx6s5cuXS5JmzZrlq68Or9erqChmySE0Dh48qA4dOoS7jUq1b99ee/bsUXp6+knnDh8+HNHhYYsWLXT48OGgz56dnX1ah7/l0tLSlJ2dfVZ+fvWpqp8NAAAAAABwdiEABgAgBOLiYuR0OhUTE3PK2s6dO+upp55Sbm6ucnNzlZKS4tvzt23btr7wtyYhsNPpVGJifB2eAPifwsJCJSUlhbuNSiUlJamwsDDouRMnTqh169YN3FHDiY+P1969e4OeKywsVLt27Rq4o5qLi4s7az+/+lTVzwYAAAAAADi7sAQ0AAAhkJSUKKfTWaMxKSkp6ty5sy/8lcrC3okTJ/pez5o1q1rLQTudTsXHx9Xo/kBlPB5PWPf8PRWbzSaPxxP0nNvtPq17ryubzSa32x30nGEYZ8R+uVZr5UvmR/rnV5+q+tkAAAAAAABnFwJgAABCIDraLrvdrqKiojpfKzAEPtWMrqKiItntdvYABgAAAAAAAAAQAAMAECopKU3kcDhkmmadr1UeAg8ePFg33nhjpXWmacrhcCglpUmd7wnUxsCBA/Xwww8HPdepUyf9/e9/b+COas7hcCgjI0PXXnvtSee+/fZbbdmy5ZTX2Ldvn5o1a1bpzOTTzdatW9WsWTOlpqae9HX//fcHHfPkk0/q//7v/yRJd911l6ZNmyZJOnLkiD755JMG6z3Qe++9p9TUVKWkpOjJJ5/UsmXL1LZtW7/ZsEePHlVKSoref/99v7G33HKLpk6dql/84he+52/WrJmaN2/ue/3ee++ddM9x48bpySef9L02TVN33XWXRowYoeLi4vp7WAAAAAAAgGogAAYAIERiY2MUHx+n3NzckFyvX79+VYa/kpSbm6v4+DjFxp5672GgPkyaNElvvvnmScHn559/roMHD2rs2LHVvlZlywLXt/fff18333yzjh07pj179vide++997Rt27ZTXuOcc87RoUOHzpjli8uXii4sLJTH4/H7qiy0t9lsvud76aWXNHXqVElln/Wnn37aMI0HMWHCBHk8Ho0cOVI2m00DBgyQYRj65ptvfDVr1qxRamqq1q5d6ztmGIa++OILXX311XI4HL7nb9WqlebNm+d7PWHChJPuWfG9kKQHH3xQBw4c0JIlSxQXx3L8AAAAAAAgvAiAAQAIoRYtUmQYHh0+fLje73XkyBGZpqkWLVJOXQzUk2uvvVZer1f/+te//I7PmjVLN954o5KSkrR+/Xr17dtXnTp10oUXXqi5c+f66tq2bavnn39erVq10vz58xu6fUnSO++8ozFjxmj8+PF65513fMdffvllffDBB5o2bZoeffRRSdIrr7yinj176sILL9SAAQP07bffSpL279+vtLQ0XxD+5ZdfatCgQfrVr36lzMxMv1D13XffVWZmpnr37q3MzEy/eza0vLy8k77Kl7LfvHmzLr74YvXs2VM33HCD8vLyfOPuvfdeTZ8+XevWrdMf//hHffbZZxo2bFhYnqG0tFR5eXnyer2SysLZSy+9VGvWrPHVrF69WnfffbdWr17tW6Vh48aNcrlc6tu3r/Lz833PL0klJSW+16WlpVXe/4knntCOHTu0ZMkSvz+EeO+993TRRRcpMzNTQ4cO1XfffSdJGjJkiN544w1fndfrVZcuXbRy5Upt2LDB93PTo0cPPfTQQ2fMrHIAAAAAAHD6IAAGACDEWrVK06FDB7Vjx456mdFoGIZ27NihnJwcpaU1D/n1gZqw2+2aMGGCZs2a5Tt2/PhxLViwQL/73e/kcDg0bNgwPfDAA9q1a5c+/vhj3Xnnndq+fbskKTY2VqtWrdKePXt0/fXXN3j/X375pZo2baoOHTpozJgx+vDDD+VyuSSVzers0aOHnnrqKb3wwgvasGGDZsyYoXXr1mnv3r269tprfcslR0X9739W5+fna9y4cZo2bZp2796t5cuX669//avWrl0rp9Op+++/X59++ql++OEHLV++XEuXLlVJSUmDP/up3H333br11lu1Z88evfrqq1qyZInvnM1mk91u16WXXqo77rhDV199tb744oswduvviiuu0KpVqySVLc+8atUqjRo1Sk2aNPEt6b1mzRoNHDjQ77Orqeeee05ffvml/vWvf/kCaEn6+uuv9fjjj2vRokXauXOnJk+erJtuukkul0u//e1v/f4I4quvvpLFYtHgwYP12GOP6c4779Tu3bu1Y8cOFRUV6fvvv691fwAAAAAA4OxEAAwAQIhZrVHq06eXoqPt2rRpk44cORKyax85ckSbNm1SdLRdPXte6FvGFQin22+/XUuXLlV2drakspmPXbt2Vffu3bVy5Uo1bdpUI0eOlCS1b99eV199tW+2r8Vi0ejRoxUbGxuW3t9++23deuutMgxDycnJ6tOnj282c0lJiUzTlMvlktPpVGZmpvbu3av4+Hg5HA4NHDjwpCWjpbIlkVNTU9WvXz85HA4lJyfrqquu0vLlyxUbG6vU1FS9+uqr2rBhg5KTk7Vo0aKwPX/79u2Vnp7u97Vp0yYdOnRIO3fu1KhRo+RwONS8eXNdeeWVJ40vXybZ6/WqoKAgDE8Q3KBBg7RlyxYdPXpU3333nRo1aqS0tDQNGjTINzN41apVuuKKK2p9jwULFmjevHnKz8/XsWPH/M4tXrxYo0aNUmpqqhwOh6688kpFRUXpm2++0TXXXKM9e/Zo8+bNkqSFCxdq7Nix8nq9atu2rT788EOtWLFCRUVFmjVrlrp161b7NwIAAAAAAJyVzoxNygDgDFW+NCjOThkZneRwHNeePf/V3r171axZM6WkpMhqtSohIaFa1ygqKpJhGMrNzdWxY8cUGxurLl06q3Hj5HruHqi+du3aaeDAgXrzzTf1yCOPaNasWbr77rslSYcPH9b+/fvVrl07X31JSYlGjx7te52amtrgPUvSsWPH9Mknn2jZsmWaPHmypLIZ9seOHdOIESNOqnc4HJo2bZo2btwoi8Wi0tJSv1mf5fLy8tS8eXO53W5JZUv8NmnSRPv371dUVJTWrFmj5557TqNHj1ZUVJTuu+8+jR8/vn4fthIOh+Ok8LmgoEBbt26VJN/vqvJnOJ1C3qqkp6erc+fOWrNmjQ4dOqRBgwbJ6/Xqsssu08svv6ybb75Zmzdv1rvvvlvre5x//vlasGCB7r77bt10001auHChYmLK9mPPzc3VypUrtXTpUl+90+nUsWPHFBcXp5EjR+r9999X165dtWTJEt8eyq+//rpeeOEFTZ48WQcOHNDYsWP16KOPKjo6um5vCAAAAAAAOKsQAANAPcnIOC/cLeA00Lhxsnr2vFCFhUU6cuSo9u7dK4/HraIiZ7XGJyTEy2azKzU1Ra1bn6/ExOoFx0BDmzRpku6//34NHz5cP/30k2855/T0dJ177rm+QDEYi8XSUG36mTt3rn7zm99o9uzZvmNer1fp6enas2ePOnTo4Ff/5z//Wd9//71WrVqlxMRErV+/XoMGDTrpui1btlROTo7fsaNHjyotLU1SWeD9t7/9TXa7XevWrdPQoUPVp08fderUqR6esmp5eXlBZx83adLEd75587Kl5g8dOlTtP15pCJ999pmaNm2qPn36SJKKi4uVlJQkqexzHDp0qL766isdOHBAt99+uyTp17/+tW655RatWLFCGRkZatGiRdAQvzoyMjLkdDr14osv6oorrtA999yjmTNnSpLS0tI0btw4vfTSS756i8WioqIiuVwu3XTTTRo/frwGDBig1q1b67zzzpNhGLJYLHr00Uf11FNPaf/+/Ro+fLjeeecd/fa3v63LWwUAAAAAAM4yLAENAEADSExMUPv27dSz54Xq06eXBgy4uFpfffr0Us+eF+qcc1oR/uK0dtVVV6m0tFRTpkzRuHHjFB8fL0kaMGCADh065JvhWFRUpNtuu823/G24mKapt99+WyNHjlR+fr7v6/jx47r22mt9M0Ojo6PlcDgklc2W7dy5s7xer7Kzs/Xiiy/K4/GotLTU79oXX3yxjh07ppUrV0qS9u/fr88++0zDhw/Xtm3bdPXVV+vAgQNyOBw655xzFBMTE7YQvDJpaWnq2LGj5s2bJ0navXu373kC2e125efnN2R7kqStW7dq6tSpOnLkiHbt2qWvvvpKmZmZvvNDhgzRl19+qc2bN+uiiy6SVLbndLdu3TRz5kwNHTq01uGvJN9Yl8ul+fPna8OGDZo+fbokaeTIkZo/f76+++47ORwObdmyRddee63vferbt6/i4+P18MMP66abbpJhGHK5XBo4cKA2btyo48ePKzExUSkpKbLZ+JtdAAAAAABQMwTAAAAAqDOr1aqJEyfq3//+tyZNmuQ7npycrE8++URPPfWUOnbsqK5du6pp06a64IILwtht2T69eXl56t+//0nnRowYoblz58rlcmn06NF65plnNHHiRN13332+kHHMmDGaMmWKunTposGDB/uNT0xM1MKFCzV9+nT16dNH119/vaZNm6bevXvrggsu0IABAzRw4EB1795dQ4YM0aOPPqpf/vKXDfXoftq0aaPU1FS/r8zMTJmmqX/+8596//331aVLFz3yyCMaN26cDMM46RqXX365NmzYoAsuuCDo+foyZcoUde3aVX369NHIkSM1depU9e3b13e+V69eys3NVefOnf1mLg8cOFCbNm066XOri9jYWH388cf629/+pvnz56tXr16aNm2abrjhBvXq1Us33HCDrrnmGl8fhmFo/Pjx2r9/v29/7OjoaD388MP63e9+p+7du6tXr17q0KGDbr755pD1CQAAAAAAzg4W02Xy3EsAACAASURBVDTNcDcBAOHmcrlkGKWnLgSAemS1xpwWe32uWLEi6NLGp5PKelyxYoV69OhxyvF2u12JiYlBZ67abDYlJSUpPz9fMTExSkhIkMvlUnFxsRITE2WxWOT1elVUVKTExERJ0vbt23XhhRcqJydHNptNNptNCQkJslgsMk1TJSUlvpnCcXFxvr1ipbI9kUtKSqr97Js2barTs0tlgX1ycvC9xL1erxwOh98zGIbhW6K4qKhICQkJ8nq9Ki4ultVqVaNGjWSapm+2dEM8g1QWttvtdkllS0AHvo9NmjSRYRh+exfHxcUpLi5OBQUF8ng8J12zcePGcjqdcrlcld43KSlJhmHI6fzfcv7l72lhYaFcLpdiYmIUGxvr+xkoLi72u+acOXO0fPlyzZ49W+X/lyw6OlpxcXG+GeFut1tFRUXVfj8qe18BAAAAAMCZp/zfZ2RlZVV7TLdu3SSxBzAAAADOQm63u9Jliz0ej+9caWmp3xLPx48f96stf52Tk6O4uDjfcr0ej+ek2nLFxcUqLi6u8zPUhWEYysvLq7KmqmeoGEoahhGWJaAlqbCwsMrzwfo61ftfnRD7xIkTJx0LfE8Df3YqOnz4sP7yl7/ozTffVMW/x3W5XFUGzwAAAAAAANXBEtAAAABAHaxevVrXXXed7rzzznC3gjPA9OnT1b9/f02aNEk9e/YMdzsAAAAAACACMQMYAAAAqIMhQ4YoPz9fpaWlfksCA8H86U9/0nPPPRd0yWoAAAAAAIBQIAAGAAAA6qCq5aSBQKfDEuAAAAAAACCysQQ0AAAAAAAAAAAAAEQIAmAAAAAAAAAAAAAAiBAEwAAAAAAAAAAAAAAQIQiAAQAAAAAAAAAAACBCEAADAAAAAAAAAAAAQISwmKZphrsJAAg3l8slwygNdxsAznJWa4yio6PDcu8VK1b4vk9PT1dGRkZY+qiu77//XtnZ2eFuAwAAAABQTwYNGhTuFgAgrAoKCiRJWVlZ1R7TrVs3SQTAACCJABjA6SGcATAAAAAAAACA00ddAmCWgAYAAAAAAAAAAACACEEADAAAAAAAAAAAAAARggAYAAAAAAAAAAAAACKELdwNAMDpwmqNCXcLAAAAAAAAAAAAdUIADACSoqOjw90CAAAAAAAAAABAnbEENAAAAAAAAAAAAABECAJgAAAAAAAAAAAAAIgQBMAAAAAAAAAAAAAAECEIgAEAAAAAAAAAAAAgQhAAAwAAQJJkmqbfPwOPVfyqrC7Y61PVVXa9yl43RF3gczd0HQAAAAAAAFBbtnA3AAAAgNOLxWKRaZqyWCx+x6qqKz8f+DpwbLC68tAz8B6B1w91XVX9nepcfdcBAAAAAAAAtUUADAAAgJOUB5IVA9tgNRUD13KBryu7RrDXFa8XbKZsqOuChd0VA+TA7xuqDgAAAAAAAKgtloAGAACAT1XLNUv/C30Dj1X8Z2BdYLBZWV3g9QLHhLou2PlT9dpQdQAAAAAAAEBtMQMYAAAAkqoOHwOXbq4o2IzfmtQFu0d911XsqTqha7jqAAAAAAAAgJoiAAYAAIBPsAD1VLXBgt6aHAtcqrmq5ZNDVVfxGQP7qOwZG7IOAAAAAAAAqC0CYAAAAEjyD2kr2y+3omD76wZTVQBbWe2pQtG61p1qWehg4XG46gAAAAAAAICaYA9gAAAASPIPdCvOTC3/CpxZW1lducBwuLK66swWDnVdZUF0YAAbrjoAAAAAAACgtpgBDAAAAJ/AJYkDw9NTBZiVXbM6dcGuGRg4h6quqqC1umFsuOoAAAAAAACAqhAAAwAAIKhgs33LVRa2Vje8PNWM3MBZw6GuCzaLObC/cB4jBAYAAAAAAEBtsQQ0AAAAJPmHpqZpnvS64vHyoLJiWBlsT+DAZaWD1QULQQO/D3VdZc9d8Vh1lo1uiDoAAAAAAACgJpgBDAAAAEknB7TB9q2tGN56PB65XC7Z7XbZ7fag1wr8vrJ7Bt4nsI+GqDudjgEAAAAAAAC1xQxgAAAASPKfPVtxhm/g+fLActWqVRo+fLg+/PBD3/mKdVUtwxxYFyxwbqi6is9bfr7i84ejDgAAAAAAAKgtAmAAAABIOnmmbvlM2YozgyvW5Obm6j//+Y8OHjx40viKtRXDzsBrVDwWbEZs4L1DWRfYZ7C9gcNVBwAAAAAAANQWATAAAAB8KluOuLLZtJVdI1hd4KzgwFmxwZacrq+6YM9YlXDVAQAAAAAAADXFHsAAIMnlcoW7BQCQJEVHR4f1/pXNRA3cO7eyWapVLX0cOBO3sr2FA69d33UVj1U3AK/vOmYBAwAAAAAAoLYIgAHgZ4ZRGu4WAJzlrNaYcLcgqfJwtzrBZLCaykLhqq5V8Xx91FU2K/hUfYWrDgAAAAAAAKguloAGAACAn2DLNwfOUK1sCeNgdcFC2spm5VYV0tZnXfn3p1sdAAAAAAAAUFMEwAAAAJDkH5oGzkgNDHGrmiVcrmJdYKgcLAANPB7s2qGsK+8vWKAd7Dkaug4AAAAAAACoDQJgAAAASPKflVsxQD3VDNaKxwKDzWBhbLC9gQPrAgPiUNcF9lzVexHOOgAAAAAAAKCmCIABAAAgqfL9e2uy/HNlgW9t6irWN1Td6XQMAAAAAAAAqA1buBsAAADA6SHY7NNg4W1Nr1XVksxV1VUMiuuzLvBZgy2BfTrUAQAAAAAAANVBAAwAAABJ/kFkxdeSZBiGTpw44XfM6XTKNE2VlJQoPz/fd9xisSgxMVE2m63a+wAHu29D1VWsrRjChrOOEBgAAAAAAAC1RQAMAAAASf8LIYPNkt2zZ4/uuOMOFRUV+Y7l5uaquLhYM2fO1OLFi/2u8+qrr6pnz56SdNL1KgahwYLRiseqClBDVVcxhK3sPWnoOgAAAAAAAKC2CIABAADgE7iEcrmSkhLt2rVLhYWFvmMej0emaerIkSNyOBx+13A6nb5rBLtmsL2GK+ul4rlQ1VXVV2XLSDdkHQAAAAAAAFBbBMAAAADwCZydW65t27aaOXOmDMPwHVu3bp1eeeUV3XjjjRo+fLjfdTIyMnzXqCoMDXbvhqqr7lLL4aoDAAAAAAAAaoMAGAAAAH6ChZPJyckaOnSo37nCwkJZrVZlZGTo6quvrnT/2oohcHX3ua14vj7qqtovuKrrhKsOAAAAAAAAqK6ocDcAAACA00vFsLZc4Aza8q/q1gWGtIFhZ7B9cQND2vqsK//+dKsDAAAAAAAAaooAGAAAAJL8Q9Nge9VWDFMrm60aGAZXnOEa7J+B164qBA11XXl/FcPsqp6joesAAAAAAACA2iAABgAAgCT/WbkVA9RTzWANXMY4cHZwsBC4Yl1g4Bx4z/qoq/h9sDA72AzlcNQBAAAAAAAANcUewAAAAJDb7db8+fNrNGb9+vXyeDzavHmz5s6dW+1xFotFjRo10qWXXqr4+Pigs4ID6ytbcjrUdafTMQAAAAAAAKA2LCb/lgkA5HK5ZBil4W4DwFnOao1RdHR0WO5dUFCg5OTker+PxWJRRkaGnn76aQ0bNkx2u913rqolqCsKdV1lqjsmXHUAAAAAAACIXAUFBZKkrKysao/p1q2bJGYAAwAAoIHYbDZdcskleu6559S9e3dfMFtR4LFTzeKtbV3gstXBzlUUrjoAAAAAAACgpgiAAQAAIIvFosTERL9jpmmqtLRUHo+nztdPTEzUTTfdpClTpqht27YnBbOB+w8Hzt6tSZ1pmnK5XDVeTtlqtfrNSC6/VrD7Bgp1HQAAAAAAAFBbBMAAAABQbGys/vnPf/odc7lceu211/T111/X+fqDBw/WU089pWbNmvmOBc6ArUxN6oqKijRnzhx9++23MgyjRj0mJSVpxIgR+vWvfy2r1XrS/Sv2ECy0DXUdAAAAAAAAUBsEwABQDzwejxYuXKx58z5Qs2bNNGrUSA0ePFCGYWjhwsWaP/9DJSc30qhRIzVkyKBwt+vn3/9epoULF+mNN14LdysAGpDdbtd1113nF7I6nU4tWrQoJNdv2rSpEhMTg4afga8tFkut61atWqX7779fhYWFterz66+/1kcffaS0tDS/67LHLwAAAAAAAM4UBMAAUA9sNpuuv/56rVy5Wp07d9IVV1whw3DLarVqzJgx+vzzdWrbto2uvPJKGYY73O366dq1q6xW+6kLq2H9+m+UmfmrkFwLQMMoX0q5JrNuU1NTlZSUdNK53NxcORwOv2MVrx3sHsHuX5O63bt31zr8laSDBw/q+PHjfgFwZctOBwp1HQAAAAAAAFAbBMAAUE88HpekslCiYshb2fHTRevWrdSmTZs69/bDDz/qgw/mEwADZ5iazk6NiYnRlClTNHr0aL/jhmHo2Wef1cyZM/2OB167svCzslm/ta2rCa/X63sfqnPf+qgDAAAAAAAAaosAGABOA4cPH9arr76uZs2aKifniK64YoguvfQSffXV15ox40UNH361srMPat++fRo37saTjr3++qt6442ZcjgciouL148//qipUx9QQkKiZsx4Udu3b1fPnj31448/qqCgQKNGjVRBQYG2bNmq7OxsjRlzncaOvV4Ox3G99dY7WrFipZYs+ViSVFJSor//fZYKCwvl8XiUnp6miRMn6Isv1umvf31Z55/fRV6voR9//ElpaS01bdqTOn78uGbOnKUDB7I1Y8aLGjZsqDp1Ok8PPvhHpaWlqaioSB6PRw89NEXR0dHasuU7LVjwkVJSUnTgwAGNH3+TunY9P8yfCnD2qW142rhxY51zzjl+SzMbhhF0VnDF+wTOBC4/V9ns4+rWhUJVIWyw2ckNUQcAAAAAAABUBwEwANSzzZuz9PTTz/odO3DggNq0Ocf3+vnnZ6h79+6aMOFWHTiQrVtvnaALLrhA/fv31+zZ78jt9mjKlCn6178+DXpMklq2TNPvf/97maY0depUffrpv3XbbRM1bNgwff/9Tj366KOy2+16//33NWfOXM2d+57i4xO1YsUKPffccxo79no1btxYl156qVasWOnr7YMPFmj//gN6+eWXZBiGbrhhrM4/v4suu+wyvfvuXPXr10/Dh1+t4uJSjRkzRl99tV5DhgxS3759ZRheTZ06VW63S6bp1UUXXaTRo0fL6/XqqquuVlbWFv3qV731xhszddddd6l79+7KycnRsWO5DfPhAPBTl+WIK4a6VV2jYt3Ro0eVk5NTq/tJUnJyslq1auXbCzjUQXDF6wXOCK5sj+JQ1REEAwAAAAAAoLYIgAGgnvXo0UMPPPAHv2N33HGn73un06nvvtuq226bKJerRC1aNJfNZtPu3T+oadMmkqTWrVsrKsrUiBHX+JaQDjw2evQouVwlkqTGjZuouLhUkimv1/h5Np5LhuFShw4dVFJSIqvVotLSIrVt21qlpaVyuVyKjo6W1+vx6/U///lG/fv3l8tVLEk699xztW3bDvXtmympLKgoLS1WVJSUnp6uoqIimaYpr9crSb6eJGnUqJFyu8teJyUlyeksu2ZycmPNnTtXiYnx+sUv2iklpYlvPICGU9fgMXBf3qrqNm7cqEmTJmnPnj21vl/z5s319NNPa/To0b4QOFQCw9pwHAMAAAAAAABqgwAYAOqZaXp94Wkw+fn5kqTFixdr1apESVLHjh1ltVorXKMsECgPfwOPmaapjz76UPv27VdSUpJ+/PEH/fKXGZX0Y/gFDF5v1WFDXl6+Nm3apLy8Yz/fz6PExMQqRgQPYAoLCzV//odyu92KjY1VYWGhL6x58MEH9MYbf9ddd/1e7dq109SpD+icc1pX2ReA0KtLgBr4RxuV/RFH+T3eeustbdq0qU6Bp8Ph0AcffKBhw4YpISGh1tcJpuLs3KNHj2rr1q0qLq78d3lVYmNj1aVLF7Vs2bJa7zEhMAAAAAAAAOqCABgAwqxp06aSpFGjRqtz506SpKgoq9xu10mzcSuzdu3n+vjjRXr77bcUFRWlY8fyQtZfkyZNlJmZqTFjfvNzb1EyDMMvjK6Of/xjtrxerx588AFJ0rJlK3znmjVrrCeeeFylpS49+eSTmjXrn/rTnx4L2TMAqD8ej0dLly7V0aNH/Y6bpqlvv/026BjTNFVYWBiSoLOgoECGYdRbaJqfn69JkyZp+fLlcrvdtbqGzWZT//799fbbb6t58+aSgu9hzLLPAAAAAAAACAUCYAAIs7i4OHXt2lULFy7U5Mn31uoaJ04UyW6PlsfjksViUWlpqWw2e0j669s3U8uWLdcVVwxWfHx8tcfZ7XadOHHC97qwsFCNGzeW210qwzD8ZgfOnv22br55nCwWqXfv3vrmm29C0juA2qnJUtAej0fz5s3TvHnzQn7tmqiPPYAlaefOnVq+fLkKCwtrfY3S0lKtWbNG27dv1yWXXCLJP+wl+AUAAAAAAEAoRYW7AQCIRG63W2+++ZZycnK0des2LVy4SFJZUPLmm2/p4MGD2rZtuz76aKEk6aGH/qi8vHzdeec9euyxP2nmzFkqLi7Whg0blZ+fr40bN2rXrl2SFPTYxRf3k9Vq1aRJd2nGjBdlsURp27atysrK0tdfr1dxcbE++2yp8vLytXbtF3K73Vq8eIlOnDih5cvLZuIuW7Zc+/bt951fuHCRSkpKdP31Y3T++V10772T9dBDj+qll17Vvn37tWnTZl8fR48e1YYNZf/MysrSsWN56tWrlwoLC/WHP0zRl19+pWuvvVbr1n2pyZMf1OzZbys5OVmrVq2Ww3Fc+/bt19NPP6vXXntd69d/rdtvvy0MnxqAcvUdSNbXbN366Lt8j/S6Kikp8S0hXbFP0zRZ8hkAAAAAAAAhZTH5N04AIJfLJcMoDek17fYY2Wx2maYpj8clj8cd5LjbN2s3OjpOFotFXq9XpumV212qqCirYmLifl5yuVRerzfoMcmi2Niy2bleryHJoqioKLlcxbLZomW12uVylcgwPL77u90l8njcP7+OlttdIsMwZLNF+50v6zlWVqtVpmnK6/X6ei7vw+0ukcUSpejoOHm9hlyukp/Px8s0vb59iqOj42SaXnm9hqxWm7xer1yuEkVHx0oq2y/ZYomS210q0wy+fygQyazWGEVHR4e1h4r/09DpdOqWW27RggUL/h97dx4eVXn3f/wzk4UQsi+ELWHfMYRFFkkFgiIqltCnrRb3rdblKbVKsfBTIpVWi4rsorKoFFGWUkDAQNhFBIQQEcGENSEkIWRPyDaZ3x95Ms1kI/vA+H5dl1eYc+77nO85qBcXn7m/d7XjjUajBgwYoKCgoEpB5g8//KDY2FhJ0pNPPqkFCxbIxaX0v/fHH39cK1asaHC9d955p9auXSsPDw+ZzWa98847mjJlSr2vFxQUpK1bt6pPnz4ym83avXu3xo0b1ygh8JYtWzRu3DhJqrH9c1OtkgYAAAAAAMDNIysrS5IUHR1d6zkhISGSaAENAE2mqKhARUWVQ+WqjpvNZhUU5FUaW1Ji0rVrOdc9JpmVn59bZR2FhfmS8svdP19FReU/W9dT8fx/j1W4o1lWdZjNJuXnl/9stvosyepz+XsWFl6rsnYAza+slXJtA0hnZ2c99dRTmjRpktXxkpISzZgxwxIAl2mqcPNmCk0rtn/m+5gAAAAAAABoTATAAAAAsKhPkNqiRQt5eHhYHTOZTHJyqrwX+c0S0jZ3oFw+BL5Z3hEAAAAAAABuTOwBDAAAAEkN35u3tvvZ3gwrXpszhDUYDJb7Ef4CAAAAAACgoQiAAQAAIKlh4WP5vWxrCnibKvxtilbKTRlUl127qtD8ZgjIAQAAAAAAcOOiBTQAAAAk1b/tcUlJiYqLiysdqy7IbKpVro153fKBdmPXWz78rekYAAAAAAAAUB8EwAAAAJBUvwC1qKhIK1as0O7du62Om81mHTt2rFHuYQtlK4rbtm2rtm3b6vz58w26XocOHRQYGFir5ycEBgAAAAAAQEMQAAMAAKDeTCaT9u/fr/3799d6TlMEnE0Vmnbt2lV///vftXbt2kqrnGvL0dFREydOVM+ePS3Hyq+2Lr/aGAAAAAAAAGgoAmAAAABYqW8raFteuyn2AJYkBwcHPfDAA5o4caJKSkrqdQ2j0agWLVpIqjrsJfgFAAAAAABAYyIABoAmcv58gq1LANDEOnXqYOsSmkRTB5JNtVq3KfcWdnFxkVR1gNvYxwAAAAAAAICGIAAGgCZir8EQAPvW1PvPNmXQ2VS113bVcmOPAwAAAAAAAOqDABgAAAAWZa2Um7oFdFlL5IZycXGxqrlspW59GY1GOTk5WT4nJydrx44dOn36dL1bQNfHrFmzmu1eAAAAAAAAsC8EwAAAALCoGP46ODg0SlhrNBol/XcF8IQJE7R161alpKTUa+WuwWCQp6en7r77brVs2dJyPDQ0VLfccotiY2PrfN0WLVpozJgxCggIkNls1rlz5/Tss89q3759KigoqHONDUEADAAAAAAAgPoymJu6zx8A3AQKCwtlMjXvX+4DQEUODi3k7Oxss/tX3I+2uLhYR48eVUpKSoOv3a5dO/Xv318ODg4ym80ymUz68ccfFR8fX6+VtQaDQa1bt1a/fv0sq34NBoNMJpPOnDmjM2fOyGQy1emarVq1UnBwsHx8fGQymfTcc8/po48+avK22FXhj+gAAAAAAAA/b1lZWZKk6OjoWs8JCQmRRAAMAJIIgAHcGG6EALikpKTOwak9unLlisaNG6cTJ07Y5P78ER0AAAAAAODnrSEBMC2gAQAAIKk0dFy7dq3mzJlj61JsrqioSHFxcbYuAwAAAAAAAKgzAmAAAABYJCUl6dtvv7V1GQAAAAAAAADqyWjrAgAAAAAAAAAAAAAAjYMAGAAAAAAAAAAAAADsBAEwAAAAAAAAAAAAANgJAmAAAABYGAwGW5cAAAAAAAAAoAEIgAEAACCpNPx1dHS0dRkAAAAAAAAAGoAAGAAAABYtWrSwdQkAAAAAAAAAGoAAGAAAAJJKVwC3adNGbm5uti4FAAAAAAAAQD0RAAMAAMCiW7du8vX1tXUZAAAAAAAAAOqJABgAAACSJLPZrDZt2qh79+62LgUAAAAAAABAPREAA8BNJuNakcYvi9G9y2J0Jaeo1vPMZmnZ4ctynb5HxSXmJqyw+dnzswHNyWAwyM3NTXfeeaccHBxsXQ4AAAAAAACAeiAABoAbUFZ+sSZ+HKOpW+IqncvIL9YXD/XV74e2029XntDSQ4m1uqbBIE0KCbA6NnzBdzoUn9UoNddWXqFJ3yXU/55V1VzVswGoHwcHB915551q166drUv52aIFNwAAAAAAABqCABgAbkBbT1/V/PAeWhtzRQXFJVbnOnm3lKuzgyb09dOuPwzQk0NqH9I4GA1Wn+eHd1dwG7dGqbm2Vh9P0eGE7HrPr67mis8GoO7MZrPMZrN69eql++67TwYD/13Zwt13323rEgAAAAAAAHATc7R1AQCAyjKuFauDp4tuDfTQf364ot/2L13dejW3SA+vPilJ6ujtom8uZGp8bz+9Ma6LJOkP608r0LOFvruUrUkhAfp1cGudS7umv249q96tXeXs8N/v/RxPzNFTa07p7+O66tZAD/1+3Y9q5ewor5aOMpulhRN7WNX00aFEHb2UrUBPF313KVvv/bKbfFo66S9fnlGAu7OyCoplNEj/uLubvvwxVQ/86wf9+fZAnUjKUWxqvv7zWD85GA1adviyfF2d5Oxg1BO3ttWsqAvKLSxWVoFJQV4u+suoIE35Mk5bT6VpbA8fHb2UpRaORm1+vL9OJudaar6nt2+1zyZJ7+2L18WMAnm3dFTc1WuafW83tXZzasrfNuCmVxb4uri46IknnlBUVJROnz5t46p+Xry8vPTMM8/YugwAAAAAAADcxFgBDAA3mFMpeers01KS9OCAAC07nGQ559vKSSM6eWlQB3ct/lVPbXw8WB98+98W0H8ZGaTpYzrpD8Paa9nhy5KkyRvjNLGfn2bc2Vkv/iLQMrZ/Oze193SRJPm7OWlwB0+1cXfWgvAeemigdTvlo5eyNXd/vBaE99RfwzrqxV8EyiCDFn1zSS5ORr16RyfNvreb4lKv6fPjKbqvj5/MkqaHddK/Hw3WiE4e2vxjmjp5t1Rw21a6u5ePnri1rb65kKmdcWn6+91dNfeX3TVnX7wSswp0X28/+bo66t37umnXMwMVn1Gg7y/nWNVc07Mdis/SZ9HJeve+bnr1jk4a0M5NEdvPNt5vEmDnDAaDgoOD9b//+7/y8PCwdTk/K+PGjdOgQYNsXQYAAAAAAABuYqwABoAbzLrvU3Q1r1jbY9NUbJKOJGQrLvWauvm1rDTWp6WTrhWZJEkFxSX6/HiKHI0GJWQWWFpHHzifqfkTutfq3i2dSr8XNLyjp9XxfecyNbC9h8q6LI/oVHr+mwuZure3n2VcSDt3fXMhU78LaW1dp+t/6yzvSEK2cgpNmhV1QZI0NMhDGdeKrcYYDJJ3SyflV2iFXdOzfXMhS30C/tsmOqSdmz7+LqnSOADVc3Jy0kMPPaTY2Fi9//77KigosHVJds/b21tPPPGEXFxcrj8YAAAAAAAAqAYBMADcQEwlZhWXmPXufd0sx7IKirT8yGXN+r82z9VZeTRJlzILtGBiD+2MS9eJpByZzVJxSYkauo2n4f9qq4q53OESs1l1vVV3P1dNH9PR6tjesxnXnXe9ZzOXK6zErDrXBfxcmc1mSytoT09PTZ8+XVlZWVq5cqWKiopsXJ19GzNmjIYNG8beywAAAAAAAGgQWkADwA3kq9NpurWDdbvV8b399K9jSSoyVR3AlknKLpK7i4Ok/4afBoMU3NZNe85cP1CtyYhOHvr6fIYy861X597W0VMnknItn49eytHwjjW3izUaDMovKl3NO6Cduw5cyFR6Xt1DpZqe7baOnjqRnFOuruxKq5oBVM1gMMhsNlv+q0rgngAAIABJREFUP+Ln56fZs2dr8uTJatWqlY2rs18eHh565JFH5ObmZvUFFgAAAAAAAKCuWAEMADeIPWcz9ObuCxrX00cju3qplbODsvKL9X1SrlJyivTS5jg9Nritjl/OVpGpRJezCvRtfJbMKl0xG97XTw+sOqGreUVq695C8ZkFOnopW+/d112TN8YqMjZNbdyd5exg0KaTqfJ1dVJCZr6i4tLU2cdF0YnZKjSZdSIpV/3aWIc8gzp46K9hHRW+4nt19HaRj6uT/nx7Bz07vL2mfHlGr351VjkFJerd2lW/7R9gWcEbGZumWzu464fkPLk6GZWZX6xRXbw0I/K8cgtLNH1MRz02uK1+/ekJdfd3VSdvF70yuqP2nctUSk6Rjl3KliSl5hZp99l0FZeYLTUP7OBe7bNN7Oevhwa00Qv//km+rZx0Pj1fs+/tVvGVA6hG+RWoBoNBvr6+mjlzprp3766XXnpJOTk5NcxGfdx+++0KDQ2VJFYAAwAAAAAAoEEMZpYYAIAKCwtlMrG/JQDbcnBoIWdnZ5vdv6z9c/mf0n8DyZKSEs2dO1dTp06lHXQj8vDw0PLlyzVx4kTCXwAAAAAAAEiSsrKyJEnR0dG1nhMSEiKJFtAAAAD4P2XhY8WfZYxGo373u9+pa9euzV6bPRs2bJhuv/12y/vm+5kAAAAAAABoCAJgAAAA1IrZbJaPj486depk61Lshru7ux5++GH5+PjYuhQAAAAAAADYCQJgALhBuE7fw89m+Amgemaz2fJP2efy56r6NerPYDBozJgxGjdunIxGI+8VAAAAAAAAjYI9gAFA7AEM4MZg6z2AyyvbB7jisaSkJI0ePVqnT5+2UWX2wWAwaMCAAVq8eLFuvfVWq+MAAAAAAAAAewADAACgUVW1H63BYNDhw4d15swZW5VlFwwGg4YMGaI5c+Zo0KBBVnsu891MAAAAAAAANJSjrQsAAADAja0slDQYDHJycpLRyHcI68NoNKp9+/YKDw/Xs88+q549e1paP5eFv6wABgAAAAAAQEMRAAMAAMCiYghZMZAMDQ3V66+/rm3btqm4uLi5y7spOTk5qVu3burfv79uv/129ejRQy4uLlZjyu+7TAgMAAAAAACAhmAPYAAQewADuDHcKHsAl1/xWzGQNJvNMplMKijg/5l14ejoWGn1dHVhLyEwAAAAAAAAGrIHMCuAAQAAYKWmFcBSaZjp4OBgtU9wdS2Myx+rblzFfYYrfj+xuv2IGzKufC3Xm9uU46p7BwAAAAAAAEB9EQADAABAUuWAtmKYWV75cWXnrxe2Xm9cVXPK6mrKcWaz+boBrK3GAQAAAAAAAHVFAAwAAABJsgpoy37WFNSWVz5grTim4mrf6sZd77pNNa42z2TLcQAAAAAAAEBdEAADAACgVqpq51z+12VhccXQWKq6/XFN4yret7HHVfccZXMqstU4AAAAAAAAoK6Mti4AAAAAN4aylsRVBbQVf12xRXT5Ns8V2z1XXFFc3bgyZcfLX7+xx1UXulYMjG01DgAAAAAAAKgvVgADAABAUvWtmsvOVQwvqwuBqwo5axpX/nx1ewg3xbia6iw/1hbjAAAAAAAAgPoiAAYAAEAlVbVILh/eVhxX/vz1xta0Ard8ONyU4yo+Y8Waq9qruLnHAQAAAAAAAPVBAAwAAIAaVdViuex4dUFx+Z8Vr1VVEFpVOFsxDG3sceXPVZxXXSvp5hoHAAAAAAAA1Bd7AAMAAMCiqpbJ5YPf6vYHrm51a1nL4+utgi1/v6r2IW7qcRWf39bjAAAAAAAAgPpiBTAAAAAsatPGuXygW9Oq2uu1Z75RjpXVWV37aFuPAwAAAAAAAOqCABgAAABWqtvjV6q6XXF1LYxrO67iqteqVvE29riq2kRXHGvLcQAAAAAAAEB9EQADAACg1mray/Z6K22rG3e9z00xrq61NPc4AAAAAAAAoL7YAxgAAAAAAAAAAAAA7AQBMAAAAAAAAAAAAADYCVpAA8D/cXBoYesSAAAAAAAAAAAAGoQAGAAkOTs727oEAAAAAAAAAACABqMFNAAAAAAAAAAAAADYCQJgAAAAAAAAAAAAALATBMAAAAAAAAAAAAAAYCcIgAEAAAAAAAAAAADAThAAAwAAAAAAAAAAAICdIAAGAAAAAAAAAAAAADtBAAwAAAAAAAAAAAAAdoIAGAAAAAAAAAAAAADsBAEwAAAAAAAAAAAAANgJAmAAAAAAAAAAAAAAsBMEwAAAAAAAAAAAAABgJwiAAQAAAAAAAAAAAMBOEAADAAAAAAAAAAAAgJ0gAAYAAAAAAAAAAAAAO0EADAAAAAAAAAAAAAB2ggAYAAAAAAAAAAAAAOwEATAAAAAAAAAAAAAA2AkCYAAAAAAAAAAAAACwEwTAAAAAAAAAAAAAAGAnCIABAAAAAAAAAAAAwE4QAAMAAAAAAAAAAACAnSAABgAAAAAAAAAAAAA7QQAMAAAAAAAAAAAAAHaCABgAAAAAAAAAAAAA7AQBMAAAAAAAAAAAAADYCQJgAAAAAAAAAAAAALATBMAAAAAAAAAAAAAAYCcIgAEAAAAAAAAAAADAThAAAwAAAAAAAAAAAICdIAAGAAAAAAAAAAAAADtBAAwAAAAAAAAAAAAAdoIAGAAAAAAAAAAAAADsBAEwAAAAAAAAAAAAANgJAmAAAAAAAAAAAAAAsBMEwAAAANDKlSv161//WqGhoQoLC1NWVpbV+fT0dI0aNUqhoaEKDw/XsmXLJEkLFy5UeHi4UlNTG62WpUuXKjQ0VI899lijXbMmJ06c0Pjx4xUaGqqzZ882+Hp/+9vfFBoaqunTp9d6zunTpxUeHq7Q0FDFxMQ0uIb6iI+P14svvqiDBw/a5P5NJSYmRs8++6xmzZql6dOn680331ReXt515+3cuVPjx4+3vI9r167p0Ucf1dy5c5u6ZAAAAAAAgAYhAAYAAIAeeugh3XbbbWrRooUKCwu1bds2q/ObN2+Wg4ODJGngwIF64oknJJWGhqmpqcrOzm60WkaPHt1o16qNfv36KSAgoNGuFxYWVuc5PXv2VIcOHRqthrrasWOHtmzZolOnTtmshqZy9epVPfXUU5o+fbpmzZqlK1euaPny5dedFxYWJg8PD8vntWvXavLkyZo8eXJTlgsAAAAAANBgBMAAAACwGDNmjCRp48aNlmMlJSXavHlzlcHmjBkz9Nlnn6lz586NXoujo2OjX7M6BoOh0a5lNN58f8S+44479Mwzz6hFixa2LqXRDRo0SLfccovlc8+ePXXy5MlazS3/78XDDz+sgQMHNnp9AAAAAAAAja35/lYNAAAAN7xRo0Zp//79On/+vGJiYhQcHKxvv/1WXbp0kb+/v9XYH374Qa+88orS09O1aNEiBQcHKyoqSsuXL5fBYJCvr69effVVJSQk6C9/+Ytyc3MVFhamkydPKjMzU+PHj1f79u21YcMGJScn68EHH7Rq+5yRkaE33nhDhw8flqenp1588UUNGDBAs2fP1n/+8x8FBgZq7ty5euONN+Tr66sZM2bo008/1VdffSVnZ2e5ublpypQpCgwMrPScycnJmj17ts6dO6du3bopISHB6nxVz+Hr66v3339fMTExMpvNMhgMWrRokSRp/fr1Wr16tXx9fWUymayulZmZqbffflvx8fHKzc3Vgw8+qPDw8Gp/D/bu3at3331X8fHxuvPOO/XKK69Ikt544w0lJCTIaDQqISFBDzzwgCZNmiRJ+v777zV//nzl5ubK3d1dvXr10p/+9CfFxsbqnXfeUX5+vkwmk6ZOnap+/frV4d8IawcPHtSmTZvk5eWluLg4LVmyRGazWUuXLtWFCxdUUlKinj176pFHHlFkZKTeeustjRgxQpcuXVJiYqJ++ctfymg06ujRo7pw4YJefvll3XHHHZKkN998U5KUm5srFxcXTZs2TadPn9aMGTPUtm1bOTk56fTp0+rXr59mzZolg8GgDRs26MiRI/Ly8tLZs2f197//XV5eXlY1l1/FK0mpqamVxpRJTEzUnDlz5O3tLVdXV6Wnp0sqXUW8YMECJSUlafHixZJU7b2rekcAAAAAAADN6eZbngAAAIAm4+TkpLvvvluStGnTJknSv//9b02cOLHS2L59+6pjx46Wz4mJiZo5c6a6du2qt956S0eOHNEnn3yi/v37q3v37pKkkSNHavHixSopKdGaNWvUu3dvzZw5U9euXdMnn3xidX03Nzf9v//3//T+++/r3Llz+tvf/iaTyaTnn39eUum+xNOmTZO7u7vMZrP27dunJUuW6O6779aiRYt04sQJRUREVPmcs2bN0sGDB/XWW2/prbfeUvv27a/7HN9//71WrlypmTNnavHixerTp48k6fjx43r33XfVtWtXLV68WI8++qjVvRYtWqRdu3Zp5syZ6t+/v+bMmaOrV69W+3vQo0cPzZ49W46Ojtq8ebOSk5Mlla6IXrx4sRYuXKiSkhItWrRI2dnZSktL08svv6zMzEwtX75cCxcuVFpamkwmk1599VUlJSVp2bJlysvL01tvvVXtfWtj3rx5+sMf/qApU6bo4YcfliTt379fO3fuVEREhF5//XWtXr1asbGxGjt2rNzd3TV+/HgtXbpUM2bM0Oeff65HH31US5Ys0UMPPaQ1a9ZYrt2rVy+98sormjFjhqKionT+/Hn16tVLPXv2VEhIiGbPnq1PP/1UBw8e1E8//SSpdLX1zJkz9fLLL8vZ2Vk7d+687jP8+OOPGjt2bJXnXnvtNY0YMULTpk3Tn/70J0tQ7Ovrq2HDhlmNre7eVb0jAAAAAACA5kQADAAAACsTJkyQVLoKNi4uTvHx8br11luvO+/QoUMymUwKDAyUn5+fpNKwrTx/f3/5+/urdevWkiQvLy916dJFrq6uKiwsVGFhYaXrtm3bVoGBgUpJSVFKSorluMlk0rx58zRr1iyFh4frwIEDkqSgoCC5uLioffv2On36tFJTU62ul5OTo6NHj8rHx0fdunWr9XOUrex96aWXtGHDBj355JOSpD179kiShg4dWuV7+eabbyRJ7du3l5+fn0wmk2JjY6t9j23atJG/v78llM7KypIkTZkyRQaDQQaDQd7e3pJKVxfv379fubm5Gjp0qJydneXg4KDnn39ely5dUkJCgtq1ayej0Sg/Pz+dO3euyndcW25ubvr444+VnJys0NBQSaWrgoODg+Xg4CBHR0d17txZP/zwg2VOWSvv7t27q7i42NIiu3PnzlZ7R5etinZ0dFSrVq2Ul5dX6f6enp7y9va2vJOyFcVS6Urf3NzcGuvftm2bunTpopEjR1Y6l5ycrFOnTmnUqFG1ehfV3buqdwQAAAAAANCcaAENAAAAK0FBQQoJCVF0dLSmTZum8PDwWu2Rm5GRIak0ZIuOjlZAQEC1e8qWXc9sNlt9rk7Lli0llbYH9vT0lFS6AtPV1VWSFBISotWrV0sqXcUsyXLv9PR0S5ArybL61s3NrU7PERwcrNtvv1179+7V22+/rdWrV2vZsmWWgLm662VmZkqSJk+erJycHAUEBKioqKjG55Ws30lxcbFWrFihw4cPy8/PzyoIT0tLkyRLKCxJAQEBiomJkSSdPXtWL7zwgrKzsxUQEKCcnBz5+Phc9/5VmTZtmubPn6/7779fYWFh+utf/6q0tDSlpKRo7ty5kiQXFxc5OzvX6bomk0mrVq1Senq6WrVqpWvXrtVq3s6dO3Xs2DF5enrq3LlzlpXmVTl+/Lj27dunGTNmVHm+7PexYsvout67qndU9u8kAAAAAABAcyAABgAAQCUTJkxQdHS0rly5onvuuadWc8pCxbvuuktPP/10o9ZTtlK0TZs21Y4pC0DLwtWCggKrusqUBcjlV5+WV91z5OTkKCIiQnFxcVq1apV2795t2QO27Hx1daWmpmru3LlycHCo+UGrsX79eq1YsUK//e1v9cc//lEPP/ywzp07J0mWvZnLguvy95WkLl26aMGCBfW6b0WdOnXSO++8o6SkJP3xj3/Unj175ObmJn9/f02ePLne142KitKhQ4c0f/58SaX7617PlStX9I9//EMbN25Uy5YtdfHixWrHxsTEaOPGjYqIiKg2jHV3d5dUuuK6uj2Ca3Pvqt5R2T7HAAAAAAAAzYEW0AAAAKhk1KhR8vT01OjRo68bhpUZOnSoHB0d9fXXX1va99Zmpev1xMfHKzExUSNHjqx2la0kjRgxwjI+Pz9fly5dUq9eveTr62s1zsvLSz169FB6erpOnTolSSopKbnucxw9elRRUVHq06ePpk6dKkny8/PTkCFDJMnSgrpsVXPFurZv3265V1k76doqq6P8Kt8yw4YNk6urq/bs2WPZL7iwsFDt27dXp06dFBsbq/Pnz1ueoyE+/fRTSaVBfPfu3WUwGDRw4EB9/fXXlQLourh69aolmDWZTJXeYXVzjEajJVQvLi6uctyxY8e0cuVKPf7440pNTdXly5eVlJRUaVz79u0VEBCgr776qkH3ruodAQAAAAAANCeHiIiICFsXAQAAANtauXKlIiMjdfr0afn4+KhTp07KyMjQXXfdpYCAAK1atUpbt25Vdna2MjIylJeXJ0dHR61fv175+fkqKirSvffeq65du+rIkSNatmyZdu/ebQm/1q5dq2vXrsnV1VWurq7asGGDioqK5ObmpsLCQm3btk1ms1kBAQHq0aOHkpOTlZmZqcjISG3atEnDhg3TlClT1KJFC3388ceKjo5WSUmJ8vPzLfsTBwYGytHRUdu2bdP27dvVoUMHTZs2zbLit7zg4GCdOXNGa9asUWRkpDIzM5WXl6fs7GyNHz++yucICgrS4sWL9fXXXysyMlL33nuvxo4dq8DAQEmle/1u2LBBJ0+eVGpqqjIzM9WvXz/deeedunr1qtavX6/169fr6NGjGjRokKV9tSSdOnXK6h15eXlp3bp1KigokIuLi8LDw3Xs2DF99913SkxMVFJSkjIyMuTt7a3hw4erf//+On36tJYtW6atW7fqypUrGjp0qAYMGKC4uDh9/PHH2rZtm86fP28JpMvbtWuXIiMjFR0drZycHCUlJalLly6VWjmvXLlShw8f1qFDh2Q0GvXggw+qW7duyszM1AcffKD9+/fr9OnT6tGjh44fP67IyEg5OjqqV69e2rx5s7777jt5enqqXbt2Wr9+vX766Sf16NFDwcHBWrdunXbs2GEJaDMyMhQYGKgNGzYoOztbwcHBiomJ0fbt2+Xs7Kxx48bp+PHjWrlypWJjY1VQUKC4uDgNHjzY6osCH374oXbv3q21a9dqzZo1WrNmjdauXavHH3/c6tmMRqP69OmjTz75RFu3btXx48d18eJFZWVlqX379tqyZYvOnTsnHx8fDR48WNHR0VXe+9///neld1S2VzAAAAAAAEBtlXW3q+qL7NUp655nMNfm6/UAAAAAAAAAAAAAgGaRlZUlSYqOjq71nJCQEEm0gAYAAAAAAAAAAAAAu0EADAAAAAAAAAAAAAB2ggAYAAAAAAAAAAAAAOwEATAAAAAAAAAAAAAA2AkCYAAAAAAAAAAAAACwEwTAAAAAAAAAAAAAAGAnCIABAAAAAAAAAAAAwE4QAAMAAAAAAAAAAACAnSAABgAAAAAAAAAAAAA7QQAMAAAAAAAAAAAAAHaCABgAAAAAAAAAAAAA7AQBMAAAAAAAAAAAAADYCQJgAAAAAAAAAAAAALATBMAAAAAAAAAAAAAAYCcIgAEAAAAAAAAAAADAThAAAwAAAAAAAAAAAICdIAAGAAAAAAAAAAAAADtBAAwAAAAAAAAAAAAAdoIAGAAAAAAAAAAAAADsBAEwAAAAAAAAAAAAANgJAmAAAAAAAAAAAAAAsBMEwAAAAAAAAAAAAABgJwiAAQAAAAAAAAAAAMBOEAADAAAAAAAAAAAAgJ0gAAYAAECVsrKy9Oyzzyo0NFQrVqywdTmSpIULFyo8PFypqamVzm3evFmhoaG65557bFAZAAAAAAAAcGMgAAYAAECVPDw8NHjwYFuXYSU+Pl6pqanKzs6udC4sLMwGFQEAAAAAAAA3FkdbFwAAAIAbn8FgsHUJkqQZM2YoNTVVgYGBlc4ZjXy3EQAAAAAAACAABgAAgHJzc/W3v/1NRUVFSk1N1dChQ/Xcc89Zzp85c0Z//vOfFRMToy5duujdd9+Vm5ub1q1bp02bNsnf318nTpzQ8OHDNW3aNP3444+aOXOmLl++rBkzZigrK0sfffSRXnrpJb333nvKyMjQgAEDVFhYqISEBI0ZM0aTJ0+Wg4NDtTX+8MMPeuWVV5Senq5FixYpODhYx48f13vvvafi4mIFBAQ0x6sCAAAAAAAAbmgskwAAAIDWrVun8+fP65133tHSpUsrrab19PTUzJkz1aNHD508eVL79u2TJKWmpmrOnDmaPXu2Bg8erMjISB04cEC33HKLRo4cKUlavXq1tm3bptatW6t79+4aPny4JOnee+/VkiVLNGLECK1fv16RkZE11ti3b1917NjR8jk3N9cSCH/44YeaOXNmY74SAAAAAAAA4KZEAAwAAACZTCYlJCToL3/5iw4ePKjf//73Vud9fX3l5uam3r17S5JlD96nnnpK3t7ekmT5mZmZaTX3tttu04cffqiIiAh5enpajpe1lS7bZ/jYsWN1qvno0aPKzs5W//795eLiUqe5AAAAAAAAgL2iBTQAAAB03333aceOHTpw4IAOHDigsLCwKlfUVtwLePv27fryyy/VokULJSQkVHltd3d3SVLnzp2rPN+qVStJ/w2Va+vq1auSJDc3tzrNAwAAAAAAAOwZK4ABAAAgBwcHffLJJ/rHP/6h7t27a+fOndcNZOPi4vTGG28oNzdX//znPzVkyJB63Ts3N1eS5O/vX6d5ZauJ6xocAwAAAAAAAPaMABgAAAD69NNPlZycrF/84hd67LHH5OrqKldX1xrnlAW3Xl5elfYMrovDhw9LksLCwuo0LyQkRM7OzoqOjta1a9dkNpvrXQMAAAAAAABgLxwiIiIibF0EAAAAbCspKUnz58/Xt99+q6NHj+r555+Xr6+vPvroI6Wmpio/P18jRozQ8uXLlZaWpmvXrul3v/udLl68qGPHjunixYu6cuWKEhISVFxcrI4dO+qLL75QWlqacnNzFRQUpICAAEnSvn37FBcXp4SEBG3btk3nz5/X008/rdGjR9dYY0xMjNavX6/8/HwVFRVp3Lhx6ty5s2JiYrR69Wp9/fXXyszMVEFBgTw9PS37FQMAAAAAAAA3m4KCAkmlf29XW23atJEkGcwslQAAAEAzmjVrlrZu3arXX39dY8aMsXU5AAAAAAAAwA0nKytLkhQdHV3rOSEhIZIkxyapCAAAALiO4uLiSscef/xxJSYmVjl+6tSpdW4TDQAAAAAAAPzcEAADAACg2Vy4cEEnTpyQJH355Zfq06ePAgMDLefffvttmUymKud6eHg0S40AAAAAAADAzYwW0AAAAAAAAAAAAABwA2lIC2hjk1QEAAAAAAAAAAAAAGh2BMAAAAAAAAAAAAAAYCcIgAEAAAAAAAAAAADAThAAAwAAAAAAAAAAAICdIAAGAAAAAAAAAAAAADtBAAwAAAAAAAAAAAAAdoIAGAAAAAAAAAAAAADshKOtCwAAAMCNIz4+Xu+++67uv/9+DRs2zHL84sWLmjdvnry9vZWamqoXX3xRQUFBN9W5mp4PAAAAAAAAsBesAAYAAIAkaceOHdqyZYtOnTplddxsNuvVV1/V/fffr+nTp+t//ud/9Nprr91U52p6PgAAAAAAAMCeEAADAABAknTHHXfomWeeUYsWLayOx8bG6tKlSxo8eLAkafjw4bpw4YJiY2NvmnM1PR8AAAAAAABgT2gBDQAAgBrFxcWpdevWMhgMkiQHBwe1bt1acXFxMpvNN8W57t27N+s7AwAAAAAAAGyFABgAAAA1yszMrLRqtmXLlsrMzJTZbL4pzgEAAAAAAAA/F7SABgAAQL2UrbS9mc8BAAAAAAAA9oYVwAAAAKiRp6en8vPzrY7l5eXJw8NDZrP5pjgHAAAAAAAA/FwQAAMAAKBG3bt3V0pKisxmswwGg4qLi5WSkqLu3bvLbDbfFOcAAAAAAACAnwtaQAMAAKBG3bp1U4cOHXTkyBFJ0sGDB9WpUyd169btpjkHAAAAAAAA/FwYzGaz2dZFAAAAwPZ27dqln376SWvWrNGQIUPUt29fTZgwQW5ubrpw4YLmz5+vgIAAJScn649//KOCgoIk6aY5V9PzAQAAAAAAADeSrKwsSVJ0dHSt54SEhEgiAAYAAAAAAAAAAACAG0pDAmBaQAMAAAAAAAAAAACAnSAABgAAAAAAAAAAAAA7QQAMAAAAAAAAAAAAAHaCABgAAAAAAAAAAAAA7AQBMAAAAAAAAAAAAADYCQJgAAAAAAAAAAAAALATBMAAAAAAAAAAAAAAYCcIgAEAAAAAAAAAAADAThAAAwAAAAAAAAAAAICdIAAGAAAAAAAAAAAAADvhaOsCAAAAcGO5cuWKfvWrX8lsNmvRokUKDg62dUlVWrx4sbZs2aKAgAAVFxcrLi5OktSvXz8VFxcrMTFRL7zwgu65555qr2EymfT5558rMjJSubm58vf317Vr1+Tv768nnnhCvXr1aq7HAQAAAAAAABoFATAAAACsREVFyWAwyGw2a/v27c0SAH/xxRcaNmyYgoKC6jTvzTffVN++fXX27Fk98sgjMhqNev/99yVJX375ZY1zzWaz/vrXv+rAgQN69NFH9eSTT8poNMpkMun999/X2bNnCYABAAAAAABw06EFNAAAAKzs2LFDDz74oCRp165dMplMTXq/I0eOaN68eYqPj6/TvICAAAUEBFR7PigoSF5eXtWe3717tw4cOKDAwEDeliucAAAgAElEQVQ99dRTMhpL/2js4OCgUaNGqWXLlnWqBwAAAAAAALgRsAIYAAAAFvHx8TIajZo0aZI+++wzZWRk6PDhwxo2bJhlzPfff6/58+crNzdX7u7u6tWrl/70pz8pNjZW77zzjvLz82UymTR16lQZDAZNnTpVGRkZGjBggAoLC5WQkKAxY8Zo8uTJ+vbbb/XPf/5TUmlL59jYWD322GN64403lJCQIKPRqISEBD3wwAOaNGmSVa2/+tWvanwWZ2dnRUREKC8vT/fcc4+mTZumL774QsuWLdO8efO0b98+SdLgwYNlMBis5vbt21d9+/ZtjFcKAAAAAAAANCtWAAMAAMBix44duuOOO+Tu7q4hQ4ZYjpVJS0vTyy+/rMzMTC1fvlwLFy5UWlqaTCaTXn31VSUlJWnZsmXKy8vTW2+9pb59+2r48OGSpHvvvVdLlizRiBEjtH79ekVGRuq2226ztFl+9tln9dhjj0mSHB0dtXjxYi1cuFAlJSVatGiRsrOz6/QsPXv2tOz/265dO0mlq4LHjRunHj166NKlS5Kk1q1bN+CNAQAAAAAAADcWAmAAAABY7Ny5U2FhYZKkO+64Q5K0d+9eFRYWSpL279+v3NxcDR06VM7OznJwcNDzzz+vS5cuKSEhQe3atZPRaJSfn5/OnTtnmSfJssp28ODBkqRjx45VW8eUKVNkMBhkMBjk7e0tScrMzKzz80yYMEGStGnTJpWUlCgyMlLjx4+XVLoHsCQVFRXV+boAAAAAAADAjYoW0AAAAJAk/fTTT0pOTta0adMkSSaTSUajUXl5efr66681evRopaWlSZIllJVK9+KNiYmRJJ09e1YvvPCCsrOzFRAQoJycnEr3adWqlSRVu6K3uLhYK1as0OHDh+Xn56eUlJR6P1Pnzp0VHBysmJgY7dq1SykpKerWrZskqW3btjp58mSV1zebzSooKJCLi0u97w0AAAAAAADYAiuAAQAAIKm01fPkyZP1wQcf6IMPPtDSpUt1++23W85Jkr+/vyQpIyPDam5ZINylSxctWLBAq1at0rp16+Tj41PpPrm5uVbXqmj9+vVasWKF+vbtq1mzZjW4RXN4eLgk6e2339aYMWMsx0ePHi1JOnjwoIqLi63mXLx4UcuXL2/QfQEAAAAAAABbIAAGAACAzGaz9u7dq5EjR1odHzdunCTpwIEDysnJ0bBhw+Tq6qo9e/YoOTlZklRYWKj27durU6dOio2N1fnz5yVV31r58OHDkmRpNe3q6ipJunr1qiQpLy9PkvUq44YYNWqUPDw8VFBQYGlrLUkjR47UqFGjlJqaqg8++EAlJSWSSt/Fvn375OhIsxwAAAAAAADcfBwiIiIibF0EAAAAbGvevHk6ceKECgoKdOutt0qS8vPztWrVKsXFxamkpERnzpzRfffdp5CQEJ0+fVrLli3T1q1bdeXKFQ0dOlQDBgxQXFycPv74Y23btk3nz5/XiBEjtG/fPsXFxSkhIcFy/Omnn7aswPX19dXRo0e1d+9eXbp0Sb/5zW907Ngxfffdd0pMTFRSUpIyMjLk7e2tkJCQSrVv3bpVK1eu1OXLl2U2m3XmzBl5e3urbdu2kiQHBwelp6crICBAY8eOtcwzGAwaNWqUvLy8tHfvXq1atUr79u3Tf/7zH2VlZWncuHFq06ZNM7x9AAAAAAAAwFpBQYEkKSkpqdZzyv4uy2A2m81NUhUAAAAgadasWdq6datef/11qxbMzWn+/PkaMWKEBg4caJP7AwAAAAAAAHWRlZUlSYqOjq71nLLFE7SABgAAQLOouM9uU7t48aJ27typlJQU/fjjj4S/AAAAAAAA+FlgYzMAAAA0mQsXLujEiROSpC+//FJ9+vRRYGBgs91/3rx58vb21vTp05vtngAAAAAAAIAt0QIaAAAAAAAAAAAAAG4gtIAGAAAAAAAAAAAAABAAAwAAAAAAAAAAAIC9IAAGAAAAAAAAAAAAADtBAAwAAAAAAAAAAAAAdoIAGAAAAAAAAAAAAADsBAEwAAAAAAAAAAAAANgJAmAAAAAAAAAAAAAAsBMEwAAAAKjkN7/5jZ577rkGXeNf//qXXnvttUaqSNq5c6fGjx+vgwcPNto1AQAAAAAAAHtDAAwAAAArp06dUmFhoWJiYpScnFzreWlpaYqLi7N8HjhwoMaMGdNodYWFhcnDw6PRrgcAAAAAAADYIwJgAAAAWNm1a5defPFFOTs7KyoqqtbzPv/8c505c8byuXfv3ho5cmSj1mYwGBr1egAAAAAAAIC9cbR1AQAAALixREdH6/e//72GDx+uqKgoTZo0yer8iRMn9Omnn8rf31/Z2dkKDAzUgAEDtG3bNgUFBSk+Pl4TJ07UggULlJSUpMWLF2vOnDlat26dnnvuOU2aNEmJiYmaO3eu/P399fLLL+vNN9+UJOXm5srFxUXTpk2TwWBQYmKi5syZI29vb7m6uio9Pd1SR2JiohYtWiRvb2+lpqaqf//+euCBB5r1XQEAAAAAAAA3GgJgAAAAWPz000/q0qWLHBwcNGbMGL322mtKSEhQhw4dJEnZ2dmaMmWKFixYoK5du0qSlixZokGDBqldu3YaP3687rrrLknSsGHDtGHDBknSCy+8oKioKPn5+UmS2rVrJwcHBz3//POSpF69eik8PFzFxcUaO3asJk2apM6dO+u1117T+PHjFR4eLkk6dOiQpdaIiAg98MADCgsLU1FRkR588EF16tRJw4YNa56XBQAAAAAAANyAaAENAAAAi127diksLEySdNttt8nFxUU7duywnD906JA8PDws4a8kPfbYY9e9rpOTk+655x5t3LhRkpScnCxfX1+1bNlSkiwBr6Ojo1q1aqW8vDwlJyfr1KlTGjVqVKXrpaam6uTJkxowYIDl+oMGDdK+ffvq+eQAAAAAAACAfWAFMAAAACwOHDig+Ph4bdq0SZLk6empqKgoS8h79epVubu7W81p0aJFra49YcIEffbZZ7p48aKioqI0fvx4SZLJZNKqVauUnp6uVq1a6dq1a5JKQ15J8vDwqHStslbQrVq1shxzd3dXfHx8XR4XAAAAAAAAsDsEwAAAAJAkxcXFqXfv3nrllVcsx/bs2aPp06fr7Nmz6tKli3x9fZWWllav67dv316DBw/Wxo0blZycrMcff1ySFBUVpUOHDmn+/PmSZGkbXRY0Z2VlycvLy+paPj4+kqScnBzLr7Ozs+Xr61uv2gAAAAAAAAB7QQtoAAAASJJ27typsWPHWh0bPny4XF1dLW2gBw8erJycHO3cubPSfEdHR2VnZ9d4j/DwcK1du1aDBg2yHLt69aqcnJwkla4GNpvNkkoD44CAAH311VeVruPr66u+ffvqyJEjkqTi4mJ99913Cg0NrcMTAwAAAAAAAPbHISIiIsLWRQAAAMC2tm7dqjVr1sjPz09du3aVs7OzJCkyMlKnTp3SqVOnZDQaNXDgQAUHB2vp0qXauHGjDh8+rPT0dPXp00d5eXlasWKFLly4oICAAG3ZskXnzp2Tj4+PZc/gwMBAbd++XX/+858toa+fn5/WrVunHTt26PLly0pKSlJGRoZ+8YtfqE+fPvrkk0+0detWHT9+XBcvXlRWVpZGjBihIUOGaM2aNYqJidGWLVs0evRojRs3zmbvEAAAAAAAAGgsBQUFkqSkpKRaz2nTpo0kyWAuW2IBAAAAAAAAAAAAALC5rKwsSVJ0dHSt54SEhEiiBTQAAAAAAAAAAAAA2A0CYAAAAAAAAAAAAACwEwTAwP9v7+5jvSwLP45/zgHEzuEcnhIU5cEwFHB4wlYuTSFz4R9uxmLEcAlrGNGEKOcimzHSkTNL89doFU6UbA21x6GsmQiSRyoeSoQ46lAGw8nTgQMcPMD5/YGeSciDYkEXr9c/53zv731d9/X98g/b+1z3DQAAAAAAAIUQgAEAAAAAAAAKIQADAAAAAAAAFEIABgAAAAAAACiEAAwAAAAAAABQCAEYAAAAAAAAoBACMAAAAAAAAEAhBGAAAAAAAACAQgjAAAAAAAAAAIUQgAEAAAAAAAAKIQADAAAAAAAAFEIABgAAAAAAACiEAAwAAAAAAABQCAEYAAAAAAAAoBACMAAAAAAAAEAhBGAAAAAAAACAQgjAAAAAAAAAAIUQgAEAAAAAAAAKIQADAAAAAAAAFEIABgAAAAAAACiEAAwAAAAAAABQCAEYAAAAAAAAoBACMAAAAAAAAEAhBGAAAAAAAACAQgjAAAAAAAAAAIUQgAEAAAAAAAAKIQADAAAAAAAAFEIABgAAAAAAACiEAAwAAAAAAABQCAEYAAAAAAAAoBACMAAAAAAAAEAhBGAAAAAAAACAQgjAAAAAAAAAAIUQgAEAAAAAAAAKIQADAAAAAAAAFEIABgAAAAAAACiEAAwAAAAAAABQCAEYAAAAAAAAoBACMAAAAAAAAEAhBGAAAAAAAACAQgjAAAAAAAAAAIUQgAEAAAAAAAAKIQADAAAAAAAAFKL9oEGDTvYaAAAAAAAAAHhLfX39+x5rBzAAAAAAAABAIQRgAAAAAAAAgEIIwAAAAAAAAACFEIABAAAAAAAACiEAAwAAAAAAABRCAAYAAAAAAAAohAAMAAAAAAAAUAgBGAAAAAAAAKAQAjAAAAAAAABAIQRgAAAAAAAAgEIIwAAAAAAAAACFEIABAAAAAAAACiEAAwAAAAAAABRCAAYAAAAAAAAohAAMAAAAAAAAUAgBGAAAAAAAAKAQAjAAAAAAAABAIQRgAAAAAAAAgEIIwAAAAAAAAACFEIABAAAAAAAACiEAAwAAAAAAABRCAAYAAAAAAAAohAAMAAAAAAAAUAgBGAAAAAAAAKAQAjAAAAAAAABAIQRgAAAAAAAAgEIIwAAAAAAAAACFEIABAAAAAAAACiEAAwAAAAAAABRCAAYAAAAAAAAohAAMAAAAAAAAUAgBGAAAAAAAAKAQAjAAAAAAAABAIQRgAAAAAAAAgEIIwAAAAAAAAACFEIABAAAAAAAACiEAAwAAAAAAABRCAAYAAAAAAAAohAAMAAAAAAAAUAgBGAAAAAAAAKAQAjAAAAAAAABAIQRgAAAAAAAAgEIIwAAAAAAAAACFEIABAAAAAAAACiEAAwAAAAAAABRCAAYAAAAAAAAohAAMAAAAAAAAUAgBGAAAAAAAAKAQAjAAAAAAAABAIQRgAAAAAAAAgEIIwAAAAAAAAACFEIABAAAAAAAACiEAAwAAAAAAABRCAAYAAAAAAAAohAAMAAAAAAAAUAgBGAAAAAAAAKAQAjAAAAAAAABAIQRgAAAAAAAAgEIIwAAAAAAAAACFEIABAAAAAAAACiEAAwAAAAAAABRCAAYAAAAAAAAohAAMAAAAAAAAUAgBGAAAAAAAAKAQ7U/2AgBOBRdffPHJXgIAAAAA8JYXXnjhZC8B4H+WAAwQ/6EEAAAAAADK4BbQAAAAAAAAAIUQgAEAAAAAAAAKIQADAAAAAAAAFEIABgAAAAAAACiEAAwAAAAAAABQCAEYAAAAAAAAoBACMAAAAAAAAEAhBGAAAAAAAACAQgjAAAAAAAAAAIUQgAEAAAAAAAAKIQADAAAAAAAAFEIABgAAAAAAACiEAAwAAAAAAABQCAEYAAAAAAAAoBACMAAAAAAAAEAhBGAAAAAAAACAQgjAAAAAAAAAAIUQgAEAAAAAAAAKIQADAAAAAAAAFEIABgAAAAAAACiEAAwAAAAAAABQCAEYAAAAAAAAoBACMAAAAAAAAEAhBGAAAAAAAACAQgjAAAAAAAAAAIUQgAEAAAAAAAAKIQADAAAAAAAAFEIABgAAAAAAACiEAAwAAAAAAABQiPYnewEAp4pzzz03Y8eOzeDBg1NRUZHXXnst8+bNy8qVK09o3mHDhmXhwoXve3xlZWUuv/zyLF68+ITWAQAAAAAAlM8OYIAk3bt3z/e+971s3LgxU6dOzZe//OUsWLAg3/jGNzJw4MATmnvs2LEnNL5Pnz658sorT2gOAAAAAADg9GAHMECS6667LmvXrs3cuXPbji1evDhNTU1pampKcjDETpgwIZ07d05LS0t++ctfZtmyZUmSBx98MHPnzs2nPvWpdO/ePc8880wef/zxfOtb30rnzp1z77335o477khzc3Nuvvnm9O7dO0nyhz/8IU888USSpKqqKl/96ldz4YUXZvfu3XnggQfS0NCQadOmpaqqKtOnT8/06dOPug4AAAAAAOD0ZgcwQJKBAwfmueeeO+z48uXLs379+lRUVGTq1Kl58sknM3ny5Nx7772ZPHlyOnXqlCTZv39/zjrrrMyYMSMzZszIqFGjcsYZZ2TWrFnZt29fvv71r2fz5s0ZOXJktm3blkmTJmXGjBn50pe+lK5duyZJxowZk23btuWmm27KrFmzMnXq1LS0tGTOnDlZs2ZNpk+ffsx1AAAAAAAApzcBGCBJdXV1Ghsbj/h+jx490r179yxZsiRJsn79+mzcuDEDBgxoO+ftgLxly5Y0NzenS5cuh83zyCOPZPbs2UmSTZs2ZcuWLenRo0eSZOjQoXn66aeTJP/6178yZcqU7Nu37z2vAwAAAAAAOH25BTRAkqampnTv3v2I73fu3Dm7du065NjOnTtTW1vb9rq5ubnt9wMHDqSy8vC/senTp09Gjx6d2tratLa2pmvXrqmoqHjXa+zYseN9rQMAAAAAADh92QEMkGTVqlX59Kc/fdjxK6+8Mp/85CfT2NiY6urqtlibJDU1Ndm+fft7us6UKVOydOnSTJs2Ld/+9rcP2XXc2Nh4SMjt1atX2rc/9O90Pqh1AAAAAAAAZRKAAZL8/ve/T+/evTNx4sT06NEjZ555ZoYPH57x48fnjTfeyOuvv57Nmzfn8ssvT5L069cvPXv2zNq1a4867/79+1NZWZmOHTsmSTp16pRXXnklSTJs2LBUV1e3vbds2bJ89rOfTUVFRS644ILccccdbXNUVVUlyfteBwAAAAAAcHqoGDhwYOvJXgTAqaBnz5654YYbcvHFF6ddu3ZpaGjIr371q7z00ktJDt6+ecKECamtrc3evXvz8MMP55///GeSZPbs2bntttuyadOmw15/97vfTZ8+fXLnnXfmox/9aK6//vrs3r07f/7zn1NTU5Nhw4blO9/5Tvbs2ZOJEyfmwgsvzJ49e/LAAw9k5cqV6dq1a2bOnJkDBw5k0qRJR10HAAAAAADwv6++vj5JsmLFiuMeU1dXl0QABgAAAAAAADilnEgAdgtoAAAAAAAAgEIIwAAAAAAAAACFEIABAAAAAAAACiEAAwAAAAAAABRCAAZI0rdv3yJ+AgAAAAAAp7eKgQMHtp7sRQAAAAAAAABwUH19fZJkxYoVxz2mrq4uiR3AAAAAAAAAAMUQgAEAAAAAAAAKIQADAAAAAAAAFEIABgAAAAAAACiEAAwAAAAAAABQCAEYAAAAAAAAoBACMAAAAAAAAEAhBGAAAAAAAACAQgjAAAAAAAAAAIUQgAEAAAAAAAAKIQADAAAAAAAAFEIABgAAAAAAACiEAAwAAAAAAABQCAEYAAAAAAAAoBACMAAAAAAAAEAhBGAAAAAAAACAQgjAAAAAAAAAAIUQgAEAAAAAAAAKIQADAAAAAAAAFEIABgAAAAAAACiEAAwAAAAAAABQCAEYAAAAAAAAoBDtT/YCAE4FI0aMyGc+85m0trYecvyRRx7JypUrP9BrnXfeebnhhhvy/e9//wOd92T44he/mOuvvz4HDhxIa2trNm/enGeffTa/+c1vsm/fvv/KGvr165dvfvObufnmm/8r1wMAAAAAgFOZAAzwlueffz6PPfbYf/w6GzduzI9//OP/+HX+W5566qn8/Oc/T4cOHdK3b9+MHz8+/fv3PyxwV1RUHBbYAQAAAACAD5YADHAMffr0yejRo3P33Xe3vR41alTuueee9OrVK6NHj87q1atz/vnnp6amJr/97W+zdu3aJAd3Fg8dOjSVlZVZtGhRFi1alF69eh2yA3jEiBEZMmRIKioq8tprr+Xxxx/P3r17c8UVV+Scc85Jhw4d0q1bt1RWVuahhx7K9u3bU1VVlTFjxqRHjx5JkkWLFmXJkiXvuv4hQ4ZkxIgR6dixYxoaGjJv3rzs378/Q4YMyTXXXJP27dunsbExjz76aDZv3nzMz3QkLS0teemllzJz5szcf//9GTRoUF588cU89NBDeeyxx/L5z38+X/nKV3LLLbfk6aefzl/+8pckyW233Zannnoq9fX1mTt3bn7961/n0ksvTZcuXbJgwYI88cQTSZL+/ftnwoQJqa2tTXNzc2bPnp1Vq1ad+D8wAAAAAAAUxDOAAU7AgQMH0rNnz6xbty6zZs3Kn/70p1xzzTVJDobXAQMG5O67784Pf/jDXHXVVendu/ch4y+55JJcdNFF+dGPfpS77rorFRUVGT58eNvcgwcPzh//+Mf83//9XzZs2JDLLrssSXL11VensbExM2fOzM9+9rNcd911qa2tPWx9tbW1GTlyZH7xi1/kzjvvTHV1da644op06dIlX/jCF/Lggw/mrrvuysqVKzN69Ohjfqbj0dTUlBdeeCGDBw9Okuzbty+dO3fOuHHjsnfv3qOO3b9/fzp16pTp06dn+vTpGTNmTLp165YkuemmmzJ//vxMmjQpv/vd7zJhwoTjXhMAAAAAAJwu7AAGeMtll13WFljfdt999x1zXEtLS9asWZMk2bRpUzp37pwkueiii7JixYq0tLSkpaUlP/jBD7J379706tWrbeygQYOybNmytLS0JEn+/ve/53Of+1yefPLJJMm6deuyY8eOtrnfDsjz589PZeXBv+HZsmVLtm/fnq5du7ad+7YBAwbk1VdfzdatW5MkDz/8cFpbW1NXV5d169Zly5YtSZK//vWvGTlyZDp06HDUz3S8tm3blg996ENJktbW1tTX1x/32Oeeey5Jsn379rz66qvp379/tm7dmttvv73te1q1alUmTpz4ntYEAAAAAACnAwEY4C319fXv+gzgPn36HHXcO3e1tra2toXZmpqavPLKK23v7dmz57Cx1dXV2b17d9vr3bt3p7q6+ohzV1RUJEnOPvvsjBgxItXV1WltbU1tbW3be/8+/zuv++abb7at7Z3X3bdvX95888106tTpqJ/peHXt2jUNDQ1tr3fu3HncY3ft2tX2++7du9vWdOmll+baa69Nu3bt0q5du3f9vAAAAAAAcLoTgAGO4Z3hNUk6dux4XON27tzZFi+TpHPnzm0B9m27du065Jyqqqo0NTUdc+6xY8dm4cKFWbp0aZJk2rRp73rerl27DgnKVVVV6dChQ3bu3Jnzzz+/7XiHDh3SoUOHNDU1HffnO5Kamppccsklh8T01tbWtt8PHDhwyPd55plnHjb+jTfeSHIwYO/cuTPdunXL1772tdx6663ZsGFDzjrrrNx///0ntE4AAAAAACiRZwADHENjY2NqamrawuiQIUOOa9yaNWsydOjQdOzYMVVVVZk0aVI+/OEPH3LOiy++mLq6urZbL3/iE5/I6tWrjzl3VVVVNmzYkCT5+Mc/nqqqqpxxxhmHndfQ0JB+/fqlR48eqayszKhRo/Kxj30sa9euTb9+/dK9e/e267788sttt1h+v3r37p1bb701f/vb37Ju3bp3PWfr1q1tt8E+++yzDwnRSXLVVVclSXr06JG+ffumoaEh1dXVaW5uzuuvv57Kyspce+21qaysbPveAAAAAACAg+wABjiGHTt25Pnnn8/kyZOzbdu2rF69Oh/5yEeOOe4f//hHzj333Nxyyy2pqKjI4sWLs379+px33nlt56xcuTLnnHNOpk6dmoqKirz88st55plnjjn3ggULMm7cuDQ3N2fp0qVZsmRJRo0alZ/85CfZvn1723mNjY159NFHM378+HTs2DENDQ159tlns2/fvsybNy/jxo1L+/bts3Xr1sybN+99fT9XX311hg8fnuTgs38XLlz4rrfSftv8+fMzZcqUDBkyJBs2bMjy5csPucX01q1bc88996Sqqipz5sxJY2NjGhsbs3z58tx3333ZtWtX5syZkwsuuCC33357Zs+e/b7WDQAAAAAAJaoYOHBg67FPA4D/vDlz5mTq1KnZunXryV4KAAAAAACcNPX19UmSFStWHPeYurq6JG4BDcAp5p3PBwYAAAAAAN4bARgAAAAAAACgEAIwAO/L288M/iB/3njjjfnpT396QvMAAAAAAMDpzDOAAQAAAAAAAE4hngEMAAAAAAAAgAAMAAAAAAAAUAoBGAAAAAAAAKAQAjAAAAAAAABAIQRgAAAAAAAAgEIIwAAAAAAAAACFEIABAAAAAAAACiEAAwAAAAAAABRCAAYAAAAAAAAohAAMAAAAAAAAUAgBGAAAAAAAAKAQAjAAAAAAAABAIQRgAAAAAAAAgEIIwAAAAAAAAACFEIABAAAAAAAACiEAAwAAAAAAABRCAAYAAAAAAAAohAAMAAAAAAAAUAgBGAAAAAAAAKAQAjAAAAAAAABAIQRgAAAAAAAAgEIIwAAAAAAAAACFEIABAAAAAAAACiEAAwAAAAAAABRCAAYAAAAAAAAohAAMAAAAAAAAUAgBGAAAAAAAAKAQ7U/2AgAAAAAAAAA4XF1d3XseYwcwAAAAAAAAQCEEYAAAAAAAAIBCCMAAAAAAAAAAhRCAAQAAAAAAAAohAAMAAAAAAAAUQgAGAAAAAAAAKIQADAAAAAAAAFAIARgAAAAAAACgEAIwAAAAAAAAQCEEYAAAAAAAAIBCCMAAAAAAAAAAhRCAAQAAAAAAAAohAAMAAAAAAAAUQgAGAAAAAAAAKIQADAAAAAAAAFAIARgAAAAAAACgEAIwAAAAAAAAQCEEYAAAAAAAAIBCCMAAAAAAAAAAhRCAAQAAAAAAAAohAJD95x8AAAK/SURBVAMAAAAAAAAUQgAGAAAAAAAAKIQADAAAAAAAAFAIARgAAAAAAACgEAIwAAAAAAAAQCEEYAAAAAAAAIBCCMAAAAAAAAAAhRCAAQAAAAAAAAohAAMAAAAAAAAUQgAGAAAAAAAAKIQADAAAAAAAAFAIARgAAAAAAACgEAIwAAAAAAAAQCEEYAAAAAAAAIBCCMAAAAAAAAAAhRCAAQAAAAAAAAohAAMAAAAAAAAUQgAGAAAAAAAAKIQADAAAAAAAAFAIARgAAAAAAACgEAIwAAAAAAAAQCEEYAAAAAAAAIBCCMAAAAAAAAAAhRCAAQAAAAAAAAohAAMAAAAAAAAUQgAGAAAAAAAAKIQADAAAAAAAAFAIARgAAAAAAACgEAIwAAAAAAAAQCEEYAAAAAAAAIBCCMAAAAAAAAAAhRCAAQAAAAAAAAohAAMAAAAAAAAUQgAGAAAAAAAAKIQADAAAAAAAAFAIARgAAAAAAACgEAIwAAAAAAAAQCEEYAAAAAAAAIBCCMAAAAAAAAAAhRCAAQAAAAAAAAohAAMAAAAAAAAUQgAGAAAAAAAAKIQADAAAAAAAAFAIARgAAAAAAACgEAIwAAAAAAAAQCEEYAAAAAAAAIBCCMAAAAAAAAAAhRCAAQAAAAAAAAohAAMAAAAAAAAUQgAGAAAAAAAAKIQADAAAAAAAAFAIARgAAAAAAACgEAIwAAAAAAAAQCEEYAAAAAAAAIBCCMAAAAAAAAAAhWh/shcAAAAAAAAAwJHdeOONR3xvzpw5h7y2AxgAAAAAAADgFPbvkfdoxwVgAAAAAAAAgFPcv8feI0VhARgAAAAAAADgf8Db0fdI8TcRgAEAAAAAAAD+Zxwt/iYCMAAAAAAAAEAxBGAAAAAAAACAQgjAAAAAAAAAAIUQgAEAAAAAAAAKIQADAAAAAAAAFOL/AYsCLoWIs7gBAAAAAElFTkSuQmCC' height='250' width='300'/> ]]>
  </system-out>
  <testcase classname="com.tribu.qaselenium.tests.PositiveLoginTests" name="logInTest" time="10.741"/>
  <system-out>
    <![CDATA[ <img src='data:image/png;base64,iVBORw0KGgoAAAANSUhEUgAAB4AAAAO9CAYAAABjCXqmAAAAAXNSR0IArs4c6QAAIABJREFUeJzs3XdYU1fjB/BvWGGoIC1DUTFqHYh74UCLA1+t4hZb0P60zjpqq63aKm2xal21jupbrdaK2irWuusAcaGCioCIggO1KqOoYe/k90feXBMIECAQ1O/nefJA7jj35N7cmzz53nOO6L333pOD3jgXLlzQdxWIiIiIiIiIiIiIiIiISINHjx6Ve10DHdaDiIiIiIiIiIiIiIiIiIj0iAEwEREREREREREREREREdFrggEwEREREREREREREREREdFrggEwEREREREREREREREREdFrggEwEREREREREREREREREdFrggEwEREREREREREREREREdEr4tChQyXOZwBMRERERERERERERERERPQKUIa/JYXARnK5vKrqQ0RERERERERERERERERE5VA49D106BA8PDyKLMcAmIiIiIiIiIiIiIiIiIioGiuuxa+mEFirANjb2xteXl46qdyuXbuwc+dOnZRF+rd48WLI5XL4+PjouyqvPYlEgtGjR8PFxQUAcPnyZezduxdxcXF6rhkRERERERERERERERFVJk0tfYtjIJfLUdpDV+EvAHh5eZW6PT4q/6ELEokEzs7OaNWqFSQSiU7KJM26dOmCH374QQh/AcDFxQU//PADunTposeaERERERERERERERER6YdEIoGnpycsLCz0XZVqRasAOCMjQ2cbzMjI0Hv4yYduAuBBgwZp/J90b/z48eWaR0RERERERERERERE9DqSSCTw9fXFmDFj4OvryxBYhVZdQK9cuRLDhw/XyQb379+vswCS9MfCwgK9e/cWnvfu3Rvbtm3T6c0CpCCRSGBnZ1fsfDs7O0gkEnYFTUREREREREREREREb4x58+ahRo0aAIBGjRrB19cXPj4+zKqgZQAcHByM4ODgKqgOvSrc3Nw0Tjty5IgeavN60+aOFd7VQkREREREREREREREbwJbW1skJSVh+fLl8PX1VQuBBw0ahD179ui5hvqnVRfQ+nr88ssvOHXqFJYtW1bqsmPHjsWpU6fQsWPHMm+nV69eOHXqFIYNG6bV8tu2bcOBAwe0WrZp06YYOHCg3velrruA1tTls666gQ4JCYFUKsX+/fuLzHvrrbcwf/58GBsbl1rOkCFDIJVKMXPmTJ3US19atmxZ6jINGzYsV9m9evVCREQEpFIp3nvvPbV5Y8aMQXh4OBITE3H69Gk4OzsL89q1a4fTp08jISEB4eHhaj0EWFtbY/fu3Xj8+DHu37+Pb775RpgnEong6+uLu3fvIj4+Hn5+frCysqrUbZb2OomIiIiIiIiIiIiI6NXg5uaGn3/+GW5uboiLi4OPjw/S09OF+Tdv3iy1jAYNGkAqlWp8xMbGFrueVCpFQEAAAGD48OGQSqWYNm0agLLlV2UVHh6u9UPJSOe10JF33nkHjo6OCAkJQadOnWBtbY3nz59XyrZu3LiBr7/+Gvfv39dq+XXr1sHExESrZb28vPD222/j6NGjFamiQCQSVVkX2ra2tpgxY4bGeZq6JLazs4Ovr6/G5Tds2ICkpKRSt9m2bVs0a9YMJ0+eRJ8+fWBnZ4fExERhvqenJ+bPn4/169cjLy+vxLJCQkLg5eWF6OjoUrdbnWlzsXrw4EGZy/3444/h6+ur8X3v7OyMTZs2ISQkBJs3b8acOXOwc+dOdOjQAUZGRvj9998hk8nw7bffwtPTE1u2bEFkZCTu3r2LtWvXwt3dHcuXL0fz5s0xe/Zs3Lt3D35+fpg8eTJmzZqFXbt24cmTJ/j888+RmZmJKVOmVNo2S3qdRERERERERERERET0anBzc8OsWbMAQPgbFBQEHx8f+Pr6Ytu2bYiKitK6vLi4OGzevFltWmZmplbrXrp0CV5eXkKGU5b8qipo1QW0nZ0d+vfvr5MNnjhxQi3QK07fvn2RkZGBtWvXYufOnXBzc8O+ffuE+Q0aNMDnn3+Oxo0bIzo6Go8ePQIAyOVy2NjY4Pfff8exY8dgYGAANzc3xMfH49tvv4WXlxdcXV0RFxeHr7/+GsnJyWjVqhUWLlyIjRs34s8//8TOnTuRn5+P3bt3Y+LEiTAxMcHBgwfx66+/AlC8qaytreHh4QEDAwNMnjwZbm5usLS0RHx8PHbv3o1Tp05h+/btqF+/PgAgICAAI0eOxPr165Gfn4+goCCMGTMGY8eORUZGBmbNmgUXFxcYGRnhxo0b+OGHH5CcnIx+/fph/vz52LJlC/7zn//gxo0bWL16tU6ORWksLCzQqlWrMq1T3PLadlHs6emJ1NRUzJ07F+Hh4Rg5ciR++uknAMCaNWswfvx4AMCTJ08wYcIEnDx5EitXrkT//v1hbGyMS5cu4ZNPPkF8fDy6dOmC3377DYsWLcL69etRs2ZNLFq0CAMGDICVlRViYmKwZMkSBAUFAQA6d+6MxYsXw9nZGXl5eThz5gw+++yzSrvxQFva9FVfnv7sc3Jy0Lt3b/Tu3btIi9kRI0ZAJBJhwYIFuH79OqytrTF37lx07twZZmZmsLe3h4+PDzZt2oRbt27hwIEDGDZsGDZs2IABAwbg9OnTWLlyJUxNTeHh4YGRI0fCz88PI0eORGpqKmbOnAmZTIaePXvCw8MDM2bMqLRtlvQ6iYiIiIiIiIiIiIio+lMNf5VUQ+CpU6eWOSt58uQJNm3aVOz8BQsWYMKECQCAJUuWqDXQ7Nq1K7Zt24YFCxagadOmRfIrTb3cViWtAuA1a9ZobPFZHv3798cHH3xQ4jIGBgbo3bs3goODkZCQgMjISPTr1w/+/v7CMgsWLECTJk2wbt06IUAFFAFwbm4uAEW3r1u2bEFGRgZGjBiBNWvWYMeOHUhOTsaYMWPg6emJDRs2CAdM2T1yfn4+bG1t0b59e6xYsQLTp0+Ht7c3zp49i3v37gl1kMvlcHd3x6hRo7Bp0ybcuHEDo0ePxrRp03Dt2jX4+vpi48aNiI+Px/Lly5GSkoL8/Hy8/fbbcHJywoYNG5CWloapU6fC3d0da9euRVpaGhYuXIipU6di8eLFwl0CI0aMwJ9//ono6OgqawEcFxeHdevWFTmhymrdunWIi4srdTlDQ0OMHDkSR48exaNHjxAcHAxPT08hAP7xxx/h7OyMTp06YfDgwYiKioKvry/ef/99zJ07Fy9evMDWrVuxZMkS4YRUtWHDBgwZMgS+vr64efMmvv76a/j7+8PV1RW3bt3Cr7/+iufPn2P48OF46623sHHjRnz66adYtGhRhV5/RcXFxSExMbHYczAxMVGr/VvY1q1bAQC9e/cuMq9x48YAgIcPHwp1AICmTZtCLBYXO08ikcDIyEiYl52djYSEBDRt2hQA0KRJEzx58gQymUxY18XFBfXr16+0bZb0OomIiIiIiIiIiIiIqHrTFP4qTZgwAaGhoeVqKGdqaooGDRqoTUtJSUFKSgoGDBiAefPmITg4GKtXr4a3tzdEIpHGcjTlV/qm1RjAugp/AcDe3r7U7XXs2BG1a9fG9evX8fbbb+PatWto0qQJHB0dIZfLYW1tjaZNmyIqKgoHDx5EQEAAzp49W2Rb//zzDw4ePIjff/8dAPDs2TP89ddf2L17NwCgfv36RcJU5XMTExOsW7cOoaGhOHbsGABAIpGoLS+Xy4VgqkWLFrCyssIPP/yAoUOHIjk5GXfv3gWgCKSio6ORn58PADAzM8OyZctw+PBhZGVlYevWrRgxYgQOHDiAwMBAZGRkoHHjxmrbCg4Oxu7duxEeHl6lYwAHBQVh0aJFav2nays9PR2LFi0SWtiWpnfv3rCxscGFCxdQt25dnDlzBq1bt0bz5s0BKMK/1NRUAEBYWBhevHiBxYsXo2nTpvjll1/w559/IjU1VW3cWCVra2sMGTIEISEh+OGHH3DixAksW7YMRkZG8PT0BACYm5ujTp06aNOmDR49egSJRKL38FcpNDS0XPPKSzlguvJmipycHACKfaRsza2cVtI8ZRnm5uYAFC3BVecp/7ewsKi0bRIRERERERERERER0auppPA3PT0dPj4+5Qp/AaBjx46IjIxUe8ycORMAhJ6Rly9fjtOnT+PLL78sthxN+ZW+adUCODw8HG3bttXJBpUBZkn69esHAJg3b16R6Zs3b4aVlRUARaCrLEs5vqxqwJmcnAy5XC4ceOXyyufGxsZqy6sGpBkZGUhLSwMA4a/q8srH4cOH4ejoCHd3d7z77rsoKChAYGAgVq5ciby8vCKhq1wuR1ZWFp49eya8rjZt2mD8+PGoW7cuRCIRTExMIJVK1db7559/qqzlb2FRUVFC/+nKkK40ypOuLC1Tx4wZAwBCi1/V6cV13evq6or58+dDIpHAwMAAYrFYbd8qKbvi/ueff4RpT548AQA4ODgAUIzXvHr1aqxYsQIA8OjRI3zyySdaB9iV6ciRIxg8eHCx83RNGfiLxWKkp6fD1NQUgKKr6YKCAgAQpqnOU55bymnKMpTTMzIy1OYp/09PT6+0bRIRERERERERERER0atHm/C3PD2kKt26dQvfffed2rQ7d+4AAGxsbAAACQkJwl9l76avAiNtFpo9e7ZOA+CSmJmZoUePHggLC1Pr8nnixIno27cvNm/ejJSUFADAW2+9Jcy3t7fXSf3KKi8vDz/++CPWrVuHxo0bY+jQoRg4cCAuX76M06dPa1xHGWYBipbGCxcuxPPnzzFy5EhkZmYKLY5V6ftNFRcXp3UIXJ6TrkaNGhg4cCDOnj2LjRs3CtMXLVqEkSNHagyAxWIxtmzZgsTERLRo0QLp6elqAa8q5XRl2AtAaNavnHfx4kV07doVNjY26N69O1asWIEVK1agU6dOWr+OypKUlISoqKgirZujoqKEmx90KTY2FgDQqFEjPHv2TOie+datW0KLW4lEIiyjnBcXF4e8vDxhmoWFBezt7XHu3DkAQExMDFq1agUjIyPk5+ejcePGyMjIwKNHjyptm0RERERERERERERE9Gqp7PAXUDQcPXr0aLHzAEX+GBsbCwcHBxgYGFRoe1VJqxbAAHD9+vVKropCr169IBaLcerUKVy8eFGYrhxAuW3btrh+/Tru3bsHZ2dneHh4ICsrCz169ACAIl0cl+W5pnmF/xaeP3XqVAwePBhLly5FYmIikpOTAQCZmZnCeMQODg7o3r07rl27VqRsAwMDGBsbw9jYGPXq1UOfPn2Ql5cHS0tLNGjQoNht64O2J1KNGjXKfNINGTIEZmZm8Pf3x4kTJ4Tpbdu2xYIFC+Dq6orz588jKysLgKK17tmzZ2FiYgITExM0adIEI0aMQE5OjtBFuKrnz5/j4MGD8PDwwIwZMxAbG4sFCxYgOzsbO3fuhL29PS5evIjTp09jw4YNSEpKQmZm5mvdirRTp06oW7cunJychOdGRkYICwvDvn378Omnn2LJkiU4cuQIxo8fjzt37uDq1aswMjLCP//8gylTpiAvLw+enp7Izc3F/v37kZWVhcOHD2PIkCGYP38+nJycYGRkJHS7vmfPHri4uGDDhg1ISEhAp06dsH37dhQUFFTaNkt6ncXdMEBERERERERERERERPpRFeEvANSrV0/o8lmVn58fTp06hXHjxmH+/PkwNDTEuHHjSszpVPOrv//+W+/5g1ZjAFflw93dHQBw+fJltemXLl0CoOgGWi6X47vvvsO9e/cwffp09O3bFwcOHADwsptmJW0CYFUlLatp/u7duxESEoJ58+bhv//9L/r06YNNmzbh4sWLkMvl2LdvH4yMjDBr1ixYWloWKTszMxObNm2CsbExli9fjpSUFKxbtw7GxsZF3ty63M/lIZFItO4CWtlSU1vKcXhPnTqlNv3kyZMAgNGjRwMAduzYgefPn2PevHlwcnKCj48PxGIx/P398fz5cyxYsAAmJiZCN86qZsyYga1bt+Ljjz/G1q1b8fz5cwwdOhT3799HQkIC5s+fj5YtW+L48ePYvXs37t69i4kTJ5bpdVQWCwsLNGzYsMj0hg0bCq1jy2r27Nn47bffhH2rfO7q6orbt29j8uTJsLOzw8KFC3H79m188MEHkMvlyMvLg5eXF+Lj4+Hj4wNzc3N8+OGHePjwIQDgs88+w7Fjx/DJJ5+gW7duWLJkCfbt2wcA+PXXX/Hjjz+if//+mDRpEvz9/fHVV18BQKVts6TXSURERERERERERERE1YeFhQUmTJigcZ4uw19AkbEsXry4yMPGxgZHjhzBunXr0KJFC2zcuBEnT55EWloaTExMNJalml917NhRJ/WrCFGPHj3026yU9OLGjRtlXmfQoEH46KOPtFp269atlTI2bVkMHToU27dvx6JFi7B+/Xq91qUi3Nzc4OnpCTs7O43zExMTsWfPnmoxVjEREREREREREREREVFFSCSSIkOS6jr8fRU8evQIQOnD66pSDumrVRfQEyZMKDZtL6tt27Zh27ZtOimLqlbh8WcBICQkBADQpUuXIsvqMwCWSCQYOHAgAODFixd6q0d52draYvTo0ejSpUupra7t7Owwa9YsTJgwASEhIdi7d2+ljAtMRERERERERERERERU2eLi4uDj4yOEwG9i+FtRWgfAujJhwgRs3bpVZ+VR1WnZsqXwf3p6OrZt2ya0OnVzc8OECROEsFJ1WX1wd3fHsGHDEBISgkOHDum1LmVVeF9qq0aNGujTpw+6dOmidmyIiIiIiIiIiIiIiIiqO4lEgvfeew8bNmwQQuB58+Zh+fLlDH/LyECbhdLT03W2QV2WRVXH1tZWCCSjoqIwZ84ctYAxKCgIc+bMQVRUFABFGGlra6uXugLAzz//DBsbG/Tv3x+pqal6q0dZ2draYtasWWUOf1XVqFEDs2bN0uv+JyIiIiIiIiIiIiIiKgs3Nzf06dMHM2bMAKBoCTx16lSGv+WgVQvg7777Dp6enjrZ4J49e6DNNql6ycjIQEhICKKioort2jkpKQmLFi3CoEGD4OzsjIyMjCqu5etBGaITERERERERERERERG9KSwsLHD48GH2cKoDIhcXF6axb6Bbt27puwpEREREREREREREREREpMGjR48AAOHh4Vqv07ZtWwBatgAmIiIiIiIiIiIiIiIiIqLqjwEwEREREREREREREREREdFrggEwEREREREREREREREREdFrggEwEREREREREREREREREdFrggEwEREREREREREREREREdFrggEwEREREREREREREREREdFrwkgmkwlPRCKRHqtCRERERERERERERERERPRm0XWDXaPKLJyqLx5rIiIiIiIiIiIiIiIiotcPu4B+Q/G4ExEREREREREREREREVU/Fe212ejixfM6qkr1kZDwL+ztbfRdDaoAHsPXA4/j64PHsnrgcaDi8L1R/fEYVX8JCf+iUaNG+q7Ga+/+/fvcz0RERERERFQthIaGwtnZWd/VKFZ+fn651zXQYT2IiIiIiIiIiIiIiIiIiEiPGAATEREREREREREREREREb0mGAATEREREREREREREREREb0mGAATEREREREREREREREREb0mKj0AjnyRj8gX5R+kmIiIiIiIiIiIiIiIiIiItFPpAfCGmCxsiMmq7M0QEREREREREREREREREb3xKjUAPpeYh11xOdgVl4NziXmVuSkiIiIiIiIiIiIiIiIiojdepQXA0lwZ3r+QJjx//0IapLmyytocEREREREREREREREREdEbr1ICYGmuDAMCU9UCX03TiIiIiIiIiIiIiIiIiIhId4x0XaAy6I2U5heZFynNx4DAVPzdpxasTCp9+GEieoWdOHESkZFRmDRpAqysrPRdHSoHqVSK9es3FpluZWWFmTM/1kON3lx79vgjNvYOTE1N0axZU3Tu3BH29vb6rhbpWVZWFk6dCsTDh48gFovRvHlT9Ozpqu9qUQkiIiJx6NARtWkeHoPQpk1rPdWIiIiIiIiIiIiqI50GwCWFv0rVNQSWSqU4fPio2rQGDRqgVy9XPHjwEA0bOuqpZlQRCQkJCA29CgAMPF4hERGRwnHbu/dPTJ78kZ5rROUhlaYUM11axTUhD49B2LFjF5KSkhAREYmIiEiGRoSTJwMQGXlDeJ6YmAi5HOjViyFwdaXpulrctZaqVlZWFm7duoWnT58iPj4eAFCnTh3UrVsXLVq0gJmZmZ5rSERERERERERvEp0FwMWFvz+71AQATLn8cjzg6hgCS6UpePDgodo0uVwOwBV+frv4Q/krSCqVws9vN7KzswEAMTGxbE36CijcuikxMRGHDh2Bh8cgPdaKyqNhQ0fY2toiKSlJbXrnzh31VKM3l5mZGcaN8xJCYAA4dOgILC0teYPTG0oqlaqFv0qRkTcYABOVUUBAAIKDg4XvnEr3798HAJiamqJHjx7o06ePPqpHRERERERERDrw+PFjiEQiAIC5uTlq166t5xqVTCfpa0nhr7dEDG+JWAiClZQh8KsyJvChQ0cQERGp72pQGURE3FD7IS47Oxu3b8fqsUZUGk1dWwKKoILn36tpypSJcHRsIDzv2dMV/fu767FGb4asrKwi08zMzNC/fz+1aSdPBlRVlaiaYQt9oorLysrCli1bEBgYqPad08rKSu2Gw+zsbAQEBGDLli0ar89EREREREREVP09efIEjx8/xuPHj5GQkKDv6pRKJy2Ax5xPKxL+ev0v+FVS/l+4JfDUkHT84VpLF9WodMpgii2BXw1WVpZFppmZmeqhJqSN4sJfD49BaNr0HezYsQt2drbsxvsVJBaLNf5PlWfHjl0YMmRQkfMlISFR7XliYiKkUil7RiBB69at9F0FqoDLl0ORm5sjPBeLTdGlSyc91uj15ufnh7i4OOG5RCLBqFGjhDuAX7x4AX9/f2GZ+/fvY+fOnZg0aZJe6ktEREREREREb44KB8CTL6fhfFJekemD6xX9kV9TCHz4cS6+CEvHivY1KlqVKlGRELigoAB//30cFy9ewr//JsPMzBSNGzfG0KEecHSseBecp08HoXdvtwqVceFCMM6dO48vv5xfZF5eXh4mT56G1atXwNraukLbqQpt2rTGgwcPhS4uW7duVeHwft26Dbh+PVxo5q9q9eoVJTb5v3fvPoyMDHVyrFWFhISiZUsn1KjxapxDmpQU/iqP2bhxXtiyZRvGjfPSSViVkZGBL79cBAeHuvjii7kVLk+T5ORkfP75fPzyy88wNDTUefklna/6smLFauTk5BQ7/9SpAJw6pd7qtGnTd+DpOapC2/X3/xNBQWfwyScz0axZ0wqVpYnqvq6O+72wpKQk+PntxtixH6iFwA8fPiyyrFSaopNz6tGjR/jrr4O4c+cucnNz8dZb1ujevRsGDPhPhd//hw8fwbFjx+Hm9i7q1q1TbfZ/cef4+fMXcPlyCCZM+D+89dZbeqxh8UxNi35Pc3RsgCFDBgOA8PmZnZ2N5s2blSsYPnDgEO7du485c2arTb9y5Sp27/4Da9asKl/ly2Hu3HkYP/5DtGzpVGXb1IfC11cAJQbA2dnZmDZtBpYsWYy6deuUWv6aNWtx9+49TJjwf+jQoX2F6vqqCwgIUAt/raysMHbsWLWxfmvXro2xY8di3bp1Quv6+/fvIyAgAH379i3T9jIyMvDpp5+iXr168PHx0c2LUJGXlwdvb29s3Lix2l63iIiIiIiIiF4V+fn5SEtL02s30RUKgA8/zsWuOM0/9C+9kQlXW6MiY/xqCoF/ismGq60JBtczqUh1qkx5Q+D//nczHj16hHHjxqJJk8bIycnF6dNBWLp0OXx8FsLBoW656ySVSnHkyLEKB8CdO3dC27ZtKlRGddKmTWshANZVy+2BAwdg1KgRZV7v3LnzaNRIUiQAVow1DY2hsjb27/8LDRs6likAlslkMDCoHuNvaxP+Aorua0ePHoFDh46gZ0/XCo9beuHCRXTv3g0RERFISEiEvb1dhcorTCaTwdraGj/+uLpSwl+gep6vJYW/ulxHVX5+Pi5fDsHo0SNx5szZSgmAVZVnv1f1OScWi5GdnQ0/v93w8BgEqTQFsbGxRca6BzQHgWUVFxeH779fid6934WX1/uwsrJCXNwD/PbbDsTHJ2DSpI8qVH5ISCjGjvVGt24uyM3N1en7viLXYE3neGZmJgwNDTF37mflvq5XBXt7e1haWiIl5WVX0O7uikDq9u0Y+Pv/KUyPiYlFfHz8K9l9u/Lc8/FZCHNzs9JXoGKlpaUjMvJGmW8ErE7fOXQlKysLwcHBatO6d+8uhL/+/v4QiUQYOXIkzMzM0KFDBwQGBgrLBgcHqy2vjTNnzqBXr164du0a4uPjUadO6YE9EREREREREVW9/Px83Lp1C7Vr1341A2BprgxTQ9LVpg1yMMH5pDyk5MlL7N7ZWyLGuUT18HhqSDpcba2KBMbVQb9+fYsEFFlZ2cUsrVlMTCzCwq5j8eJvhRYWYrEYQ4d6wNbWBsbGikORnJyMnTt3IyEhASKRCC1atICn5yiIxWJs27YdFhYWePbsGV68eIH09HR8+OE4SCQNsXjxUqSkpGDBgq/w2WezYWxsDD+/XXj69CkMDAzQrl07DBs2BIaGhsWW07x5M4SGXhFaVslkMvzxxx5cvRoGCwsL9O79rtprCgw8jdOngyCTySAWm2L06JFwcmpRgT396ktJScXWrduQmJgEmUyGunXrYMKE8QgODsalS5cRHh6B+Ph49OnTGwsXfo2hQ4fg6NFjWLz4G3zzzWJMnToZLVo0BwDs3v07ZDI5vL0/QF5eHvbs8cf16+EoKCiAi0tneHqOxsaN/0VS0r9YvfpHjBgxDJmZmQgJCcX8+V8AULQWmTHjE6xb9yPCw8Nx5cpVGBsbIzn5Gb791gdJSUnYvn0HkpL+hUwmQ4cO7fDBB+9XaWhx4sSpItMKh79KysDCz28Xxo71qlAIfO7cOUybNhU1a9bA2bPn1FqgfvaoJSM8AAAgAElEQVTZ5+jbtzeiom4iPT0DlpaWmDhxAiwtayEvLw+//eaH27djIJPJUL9+PUyYMB6WlrVw/vwFtX08c+bHaq0Dz5+/gBMnTqKgoAA1a9aEl9f7cHR0xPPnzzF//lcYN84bly5dhlQqhaNjA0yaNBEikQjPnz/Hb7/54eHDRzAxMcGQIYPRvXs3tfMVAP7++ziCgs4K5Y8d64XGjRuVex+9Kq5dC0Pjxo3QvXs3HDhwCOnp6cINEcHBl3Dx4iXUrWuPuLgHSElJxf/93ziEhITi6dOnyMrKwrRpU1GvngO2bPkF5ubmSE5+hpSUFOTnF2D8+HGQSCRq21Pd72V5P3z7re5bbBWnWbOmQuvNvXv3Vfr2/P3/RIcO7eDpOVqY9s47TTBz5nTcu3cfAJCbm4u9e/fh5s2bkMvlsLGxxbhxXrCxsUFw8CVcunQZ9es7IC7uAV68kKJv3z7o168P1q//CQkJidi37088efIEderYC/tfec198uQprK1rw8WlC44fP4mVK79HUNCZYq+H2dlZRa7BeXl5xV4Pi7sGP3/+XO0cv307Bnv2+CMrKxNHjhzFu+++K4SqX3yxAO7ufREeHon09HQYGxth+vRpeu1+u3PnTkKLUbFYLLQWP3v2fJFlQ0OvomdP1zIFVtoo7nPT0rIWPvnksxI/F8ty7vn6fie0AFY9TgYGBmrH6dy58/j77+NCaPmf//RHr149dfqaq7PiviM6OjbAd98tAQCsXLkaI0eOgKNjg2K/s27ZshW1atVEVNRNNGvWDBKJROtrMYBiPy/lcjl27/4dERE3IBIBZmbm8Pb+AE2aNK7S/RQdHa025i8AJCQkIDAwEC9evEBYWBgAoH379mjUqBEaNWqkFgBnZ2cjOjoaHTp00HqbgYGB+PTTT1GzZk0EBgbC29sbAPDVV1+hW7dueO+99wAobmqZNm0apk6dijNnzsDBwQGjRim+41y5cgV//PEHVq9eDZlMhh07diAkJAQ1atSAu7v6DR7h4eHYtWuXcFPLsGHD4OZWsRtNiYiIiIiIiF53yvA3MzMTgOZGJzVr1kStWpU/NG6509alUZmQ5sqE5662xtjTsxaO97GEpbHiBR1+nIsBp1PUllPa7FITraxe5s/SXBmWRmWWtzqVIiUlFQ8fPkKdOvZo2NBR7VGnTtnGIY2OvgWJpKHG7vW6desKW1tbAMDmzb/AwcEB33+/FL6+3yA+Ph5HjhwDABgaGiI09Aq8vb3w1VcL4OraA3/9dQBisRgTJvwfatWqhWXLlsDGxgabN/+Ct96yxtKl38HHZyFu376Ns2fPlVhOYVevXkNYWDgWL/4Gixd/g6Skf4V5N29G49Chw5gz51MsW7YEI0cOw4YNG5GWll6knKoilUrx8OEjtUdiYpIwPzExqch8XQ/UfepUAGrUqIHly5dixYpleOedJoiKisLAgQPQsKEjhg8fijFjPGFsbIzc3Fzk5uZg/fofS70L5OjRvxEfn4Dvv1+CZcu+w82bt3D6dBCmTp0MAJgzZza6dOlcYhnGxsaIjb2Dnj1dhSBqx45dcHR0xKpVy/Htt18jNPQKwsKu62ZnaGn06JGwtHw5XnNx4S+gaC2sbNFd+IfXsrh9Owbm5uaoV88B3bp1w+XLIcjPfzmOuYGBAWJiYvH553Pg6/s1TE3FOHjwEADgxImTSExMxPffL8HKld+joECGo0ePAtC8j5ViYmKxZ48/Zs2agWXLlsDdvR/Wrt2A/Px8GBoaIi8vD6mpqfj88zlYuPBLREXdxK1btwEAW7ZsRcOGDbFmzSrMnj0LO3bsxOPHT9TKv3v3Hg4fPoovv5yH1atXoF27Nti+fUe595G+nDhxEosXL9XYKrw4Z86cRc+erjA2NkanTh0QHHxJmGdoaIDY2Fj07NkTCxd+iY4d22P9+p8wcOAALFz4JVq0aIGAAMWP8iKRAa5eDcNHH42Hj89C9OzZA7/8sq3U+pbn/VDZyjLmp5/f7gpdCwsKChATE4tu3boWmWdnZydMP3LkGJ4+fQpf32/w/fdL4ejYAFu2bAWgOE63b99Gu3btMH/+F5g8eSL27NmLvLw8zJw5HTY2b2PcOO8ivS8cPHgIhoaGWLVqOWbPnoXz54O1ammo6Rpc0vWwuGuwqvT0dKxbtwEjRgzF998vxdy5n+HIkSO4eTNaeI03b0bj009n4ZtvFsHU1AxBQWfLvsN1qHnzl63lVXtBSEpK0rS42meqrhT3uVma8p57JR2nnJwcbN++A59++gmWL1+Gzz+fg+vXw5GXV3Sok9dVcd8RzczMhJuNvv56ETp0aF/id1ZjY2OEhl7F7Nmz4O39QZmuxSV9Xt68eRORkTewZIkvli9fhuHDh+LKlStVvp+ePn1aZNq1a9cQEBCAa9euAXgZ/ha3vKZpxYmOjoaFhQXq16+PXr164cKFC8L3Fjc3NwQFBaktK5fL0bp1yT3fhISE4MqVK1i1ahVWrlyJxMSXY8Tn5eXhxx9/xPvvv4+ffvoJ06ZNw+bNm5Gamqp1nYmIiIiIiIjeNIXD38zMTDx+/LjI48mTJ6WUpBvlagEszZVhV1yu2rSfXRStrVrXNsLxPpb4T2AKUvLkOJeYV2xL4D09a8Lp0Avh+a64XHzpLKs2rYClUil27NhZ7PyytEDMzMwotZVPamoa7ty5i48/ngpA8eNZjx7dceLEKYwYMQwA0KqVM2rVqgkAaNCgPgIDg4qUk5aWjlu3bmPSpI8gEokgFovRq1dPBAdfFLqI1qac6OhbaN26FSwsLAAAbm69cPz4CQBAWNh1tGvXTugC0NnZGRYWFrhz5w7at2+n1T7RlaysLOzbt19j16aqTp4s2tIUUAQUY8d+oHWrpr//Pl6kLGfnlvjkk5mwtq6Na9euISIiEs2bN8OgQe9pLEN510fXri5atba9evUqBg16D8bGxjA2NsaCBV/AyKjsp6+5ublauDpr1nRh+zVr1oCjo6PaD4BVoWFDR0yaNAEnTwYgNTUVTZu+o3E51a6iLS0t0bx5s3Jv8+zZc+jZ0/V/ZdVCo0YSXLsWphaid+nSWdg3HTq0x+HDim0PGPAf9O3bR9j/Tk7Ncft2jLBe4X2sdOXKVXTo0F642aNjxw74/fc9uHPnrnBjiDIoMzMzg62tLZ49e4a0tHTcvh2DqVMnQyQSoW7dOli1agXMzc3w4MEDofzGjRth1arlMDc3B6A4x48e/bvc+6gqJSYmISYmFhERkYiJiQWgON6Wlpbo1cu1xHUTEhKRnPxMGNezZ8+e+O9/f0b//v2EZezsbFG/fj0AQJ06dWBvby+EXXXq2As3FQCKscKVrYc7deqIXbt+R0pK8T94l/f9UNns7e3h4TFIqyBd2VV04fGCtZWVlQWZTAZLy5I/465duyZcxwDFZ8rRo8eQkZEBAHj77beE89/RsQEKCgoglUphY2NTbJnR0dEYOXIERCIRLCws0KVLZ5w5U3qoqukaXNL1sLhrsGoYEh19C7Vq1YSzszMARffQbdq0QUREhPD+7Ny5k9BdtKNjAyQnJ5da18oklaaUvlAl0/Zzs7DynnslHScnpxaoVasWzpw5B1fXHqhTxx6zZ8/Swat8tWjzHbG076wikQjNmzdVG0tW22txSZ+XVla1kZaWjosXL6Ft27Zo3bpVucanrqj4+PgS57dv315odZuVlYWLFy+WuQxVAQEB6N27NwDFd6AmTZogNDQU3bp1Q7du3bB9+3bcu3cPjRs3xsWLF9GjR49Sb4a5ceMG2rVrJ3zP79evHw4fPgxAcTw3btwofDdu0aIFDA0NkZSUVCV3KBMRERERERG9agqHv9VBuQLgnfdz1Fr1Tm9mCkeLl+PfKUPgrselABQtgadcTsPPLjXVynG0MISXRCx0BS3NlWHn/RzMaP76jdFWs2ZN3L17v8RllD8k16z5cj/VrFlTbXw+MzNT4X+RyAAyWdHW1crllyz5Xpim7EKvLOWkp6erjS+mun5qamqRoKBwXatKaOjVUsPfkiQmJuLcufNaj204YMB/ih0DuHdvN4hEIhw/fgKbNv2Mli2d4OX1frFj5anu05KkpKSojfGrDPkKCgq0Wl+p8I92t2/fxokTp5CVlQ2RSBHEVfb4qZqYmZlhyJDBuH07Bjt27EL//v3Ubq4oPE5waaFgSdLS0nHtWhgiIiLx++97ACjGJ8zKylILgGvWVN3fZkhPV4RUiYlJOHDgIJKTn0EkUvQUoHqeFPfDaEpKCm7ejBZaAwJAbm4OUlJShADY1PTleWlgoDgvleeU6vFXrZtSdnY29u8/gPv34wDIkZeXJ4xtWt0V103xw4cPAZR8rM+cOYOUlBRMn/4ypMnOzkZMTKzwXhaLX45xa2BgoDbmrWI/v9xPqvtZ+cO3MqDUpLzvh6rQpk1rWFpa4sSJU8W26FSqSAhsYWEBQ0NDPH/+XAh3NElNTVW75in3dWpqGgDA1PTlZ78yiNX02aQqPT1dCC8AwMbm7TLVXbU+JV0Pi7sGqyr8+gDFa3zx4uWNbqo3GolEIsjlJb++ynT7dgzOnbsgPFe90UEsFmscm7us40WLRND4GpU9HwBl/9xUKu+5V9JxEolEmD//Cxw/fgKrVv0AAwMDDBo08I3qAhrQ7juiNt9ZC+9nba/FJX1etmjRHNOnT0NQ0Bns3bsPdna2eP/9MXjnnSblfbk6JxaLMWjQIACK8Hfnzp1q14GySktLQ2hoKMLCwvDbb78BUFwbMzMz0a1bN5ibm6NLly44c+YMGjZsiJCQECxatEirch0cHITnhc+ZoKAgXLp0SfgukZ+f/8p8ryAiIiIiIiLSB02/p+lTuQLg80nqXeF5S0yLLHP4sXoL4Z3/C3kLh8BftTJXGwv4fFLeaxkAOzu3xF9/HcSDBw/QsGFDtXlHjx6Do2MDODoqpqekpAg/fKalpZV5fMDatRXLf/31Io1BkbbMzc3Vgg/VlkKWlpZFwt7y1FUXFCERYGtrq9bqD1C0DlSOb9ivX1+1Li4BCMGILru1dHN7F25u7yIrKwt+frvwxx97hRYyham2/i3cUiMrK1v4sbRWrVpCSAIofuiWyQqK/FhXuIySuklOS0vHunU/Yfr0aWjXri0AYNWqNVq8wsrTvHkzODo2gL//n4iNjYW7e78i4S9Q9jG4VV24cAGdOnXEpEkfCdNkMhk+/XQOEhIShfeI6v5OT88UzqXNm39BixbNMG3aFIhEIhw5chQxMXdK3W7t2lbo1q0rvL0/KDKvpBsnlMdY9bqQlJSkFnoBiq5wHz9+jC++mANTU1PcvXsPy5evLLVeVUFxfXNEdnYWHjx4VGoYqa28vDwEB1/Ed999K7QUA4CTJwNw9uzZct3MoNqiMz1d0aV9STdqlPf9UFUaNnTElCkTIZVKIZWmCIHLjh27inwhKW8ILBKJ4OTUAmfOnC3S4vL58+c4cOAQPvxwLCwtLdXOq7Q0xf9WVpZ4WM57eMzNLZCVlSU8T05+JvyvzfVQeQ0u7XpY3DVYVeHXpyg3DVZWlqhOLl8OxZUrVyGVStWmS6VSZGVlwczMDI6ODRAbq/4+Vh0jWFvW1taIj0+AXC5X+7x7/PiJWlhf3OdmSZ+L5T33SjtO9vZ2+L//GwcAiI29gx9++BFNmjSBg0PdMr32ilixYrXa+WlqaorPP/+syravDeXQDSV9Z9WmhxNNSvq8BICWLZ3QsqUTCgoKEBR0Bhs2/IS1a6v2+0udOnUQFxencV7dunWFmz38/f1x/77mG0BVb1goSVBQELp27Yrp06cL02QyGaZMmYL4+HjUqVMH7777LtauXYu2bdvC2toajo6Km+gMDAzUQlvVu5AtLCyEzzkAaiH1tWvXsH//fixbtgy2traQy+UYO3asVvUlIiIiIiIiehMZGRnByckJ0dHRZW64V1nK1ddypPRl5RtYGKJ1bfUceWdcjtp4vsoxgXfG5WDKZfUf3VRbDgPAowz9tYapTI0aNULXri5Yu3YDwsKuIyMjA1KpFPv27cfx4ydga2uLmjVroFmzpkJXe3l5eTh37jw6dCi9S2UjIyPk5uYiPz8fFhYWcHJqIXTXLJfLcfToMbVxMbXRrFkzREREIi0tHXK5HIGBp4V5HTq0R3h4OJ4/fw5A0UIzKyuz2O57q4KZmWmRsZpVA197e7si81VbuejCtm3bhbGWzczMYGNjI/zwZmRkVGLzf2vr2kLf7ykpqYiKuinMa9++Pc6cOYOcnBzk5ORg7dp1uHo1DAYGBhCJREK51ta1kZiYJIxXePFi8cc8KysTBQUFkEgUNx6Eh0fgn3/+QXa2fu9SMTMzw7hx3qhVyxI///yLxi5sT50KKNMYsUpyuRxnzpwtMl6ygYEB2rVrJxw7ALh48TLy8vIgk8lw+fJlODm1AKD4gdvR0REikQgJCYkIDb2KnJzSA+mOHTviypWrQpev//77L376aVOpdwXVqlUT77zTBCdPnoJcLkdSUhK++WaxcO4ppaamwd7eHqampsjKykJAQCAKCgr0Pnbl2LFeGDfOG716uaJ/f3dMmTJR6H5blWqAq6TaWkyT0NCrsLGxLbJu584dce3adbUftrUVFXVT2LcXL15CvXr1SryRprzvh6pmZWX1v2uiPezt7TFunJfG/asMgcs6JvDIkSMQHX0L27ZtR0JCInJzc3Hr1m2sWvUDTE3FMDQ0RIcOHXDu3DnhPRkYGAQnpxZad7+vSZMmjREaegVyuRyZmZlqY4Hq8npY3DVYlZNTC6Snp+PGDUU3tsnJyYiMjES7dlU7LEJJTpw4iVOnAoqEv0rK0FfTmPKljTOvSfv27ZCfn489e/YiLS0dOTk5uHLlKgIDT8PdXXHDVkmfmyV9Lpb33CvpOP3zzz9YvnylcO2oU6cOjIwMq7zVo6abM6qbinxnLU1Jn5dnz57Db7/5oaCgAIaGhqhbt65eWqXWrVv8DQFSqRSBgYEIDAws8VpaUhlKcrkcAQEB6Natm9p0AwMDdOrUCYGBinGTnZ2dIRaLsX37dvTq1UtY7u2338bjx48BKHqNUe2K2snJCWFhYUhLS4NcLsfx48eFeampqbC0tBTOx/3790MkElXL9yIRERERERFRdWFubg4nJyeh5zsTExM4ODgUeZRnGL7yKFcL4EcZLwNgRwv1DLlwyPulszkG1zMRxgTW1BLY1dZYaFUcKc0vT5VeCZMmfYQTJ05h//6/kJT0L0xNxWjZsiUWLfpKCDAmTfoIO3bsxPz5X0IkEqFNm9YYMOA/pZbdoEF91K5thc8+m4uZM2dg0qSP4Oe3C198sQAymQwSSUN4e/coU31dXDrjzp07WLjQB2Zmphg06D2IRCLIZDK0aNEcQ4Z4YPXqNZDJZDA3N8cnn8wq0irxdXTs2N/4++/jRaZPmvQR3N37YefOXTh06AgMDAxgb2+PDz/0BqAYw27PHn88ePAQH3wwpsj6w4cPw65du3H16jVYWVmhU6cOyM9XnGuDBg1ERkYGFixYCJlMho4dO6BPH0W3mS4unbFy5Q8YMsQD/fr1QdOm78DX9ztYWlqha9cuADR3o2prawt397749tvvYGFhjvbt22P06FHYtWs3HBzqwsWliy53W5m5uHRGbKxiPFhLS0u4u/cFAPj7/wlAcdMBAHh4DNK6zOjoW8jIyBTG41TVqVNH/PzzZmG87ebNm2Lp0uVITU1FvXoOGDx4MABgxIhh8Pf/E4cPH4GDgwM+/HAs1q5dh127dqNx48bFbrtp03cwcuRwrFmzFvn5BTAyMsTAgQMgFotL/UF18uSJ+O23nZg9ew5MTEzg6TkK9evXx8OHj4RlBgzoj59/3oIFC75CzZo14e39AZ48eQpf3yVYvPgbrfeRLjk6NtA4TnqvXq44d+688NzW1hZTpkxEQkKCWsvU0rr6Pnv2LDp16lhkupWVFRwdGyA4+BIsLcvWBXObNq3x6687kJiYCFNTU0ycOL7E5cv7ftA3ZQisq5bADRrUx6JFX+HgwUNYunQZsrNzYGdnh759+whjz7/33gBkZGTAx+cbyOVy1K1bFx99VPL+Lc3w4UOxZctWzJ07D/b2dnBx6YKAAEUg0rJlS51dD4u7BqveiGFhYYFZs2bgjz/2YvfuP2BgYIARI4brpVv94kRE3ChxfmTkDbRp0xoNGzoW6emjWbOy3+BlYWGBBQvmYc+evZg3bwHy8/OF465saV3S52ZJn4vlPfdKOk5yuRzNmzfDt99+BwAwMjKEh4cH6tVzKLa8N1l5v7OWpqTPy86dO+H27Rh88cUCGBgYwMLCAlOmTNbBqykbJyenYrtKF4vFQihd3I1MYrEYTk5Fv4sUFhUVhfT0dLRuXXQ8665du2Lt2rUYM2YMjIyM0KtXL/z111/o0ePl9313d3esWbMGCxcuhIWFBVq3bo2AAEXPON27d8ft27cxZ84cmJmZYdiwYcL3fBcXFwQHB2PmzJkwNzfHiBEj0LNnT/z0009YtGiRWtfRRERERERERPSSMgSOjo6GjY0N6tUrfsi8yibKyEgt823zFr8nC/+72hrjeB9FN3CRL/KFcX8BwEsixub/Bb2F53lLxEII/J/AFLVupTPeL9sYfoUlJPwLe3ubMq3z4MFD+PntKtM6Y8d6aQw3qOK0PYYJCQnw89uN7OxsmJqaFgksDh48jMhIxQ/ebdq0VgsLS1uXKq4856KqrKwsJCYmlTgecOHjqgtz587D+PEfagyK31TaHsvFi5cK/1tZWWHmzI+LLCOVSrF+/UbhuaNjA4wb5y3Mi4i4gTZtWlV5l/K//LIN1tbWGD58aJVutywqek4VLS9BYwgMKLqdnTFjWoVa6FYFmUwmdBV8+XIITp48BR+fhXquVdXT5r2xZ49/sb0OODo6onPnjsLxXrfuJ7UAeObMj/UyzMPrpDzXUaVFi74EAJw9e17tBhoA6NnTVbhhpqR1qXQJCf+iUaNGWi0bEBAgtMBV1adPH/Tt21frZXQlICAAYWFh+OKLL3RabmW4f/++1vuZiIiIiIiIqDKFhobC2dlZq2VDQkKE/2vVqoUWLVoUu2xmZiYyMjJgY1Ox33Lz8xWNZsPDw7Vep21bRcOLcnUBrezSGQBu/K876IcZBRhw+uXYiarhLwC0rm2k1up3Z1yO0Br4oUq3z6plE5Vm794/hdaT2dnZ8PffL8yLiIgUwl/lc2Wr0dLWperBzMysyE0Wbdq0Rr9+L380jYiIhJ/fLrVxQKl6kEqlOHToiNqxSUhIwN69fxa7jpWVFXr1ctVb0KSPrkT1qbTuoE+eDNBDrbR39OgxrFixCnl5ecjPz8eFCxfRrFkzfVer2vL0HIVx47w1Pnr1chXC38uXQ4uMTX7u3AVeZ4lU9O3bFxKJpMzrSSQSnYe/L168wIEDB4TeSoiIiIiIiIhIv8zNzSsc/lZUubqAbl3bSGixK82VYV5YOh5myCDNVQS5rayM1MJfJW+JGJEv8vBTjCJ0mxeWARHUu5QuPJ4wUUkK/0Ct+uO0VJpSeHFkZb3sarekdal6c3HpjMTERCHgf/DgIc6dO4/+/d31XDMqLCIiEra2tnBxUYwfevbseSQmJuq5VqSqpO6gC18nq5s+fXrj8eMnQnewzZo11XmPAG8KqVSKc+cuICYmVmO39BERkYiJiUWzZk3Rs2cPtgYmAjB27Fj4+fkhLi5OmBYdHQ2RSCT8r0oikWDs2LE6rcPevXtx4sQJeHh4lHjnMRERERERERG9WcoZABuqddm8IUb9h8KvWpkXu+6XzuZCACzNlWGyynjByrL1wc7OFj17ljzepKZ1SL86d+6I0NCrwvM2bVqp/R8SEioEGmKxGM2bN9VqXar+hgxRtHJRhsCaAv/yWrVquc7KetP069e3SIioem716uVapKv16nItnThxgr6roDfFhcCdO3fSY61KZ2pqiilTJum7Gq881SERSpKdnS30pjFq1Ag0b87W1pWh8HVUtYW+prGYVaeVtC7pnpmZGSZPnoyAgABcuHABOTk5iI+PR3x8vNpyYrEYPXr00HnLXwAYPXo0Ro8erfNyiYiIiIiIiEidg4OD8L+FhYUea6KdcgXArrYmQoiryeB6JsXOszIxgKutsVqArGqQg35+qDIzMxPGT6NXR//+7jA1NcPDhw/h6OiodgytrKwwbpwXQkKuAAC6dOmk1mKp8LqdO3es8vpTxbi794WpqRhSaQpb/VUTypa+xbG3t+dY29WUvb09Zs78GOfOnYdUmoI2bVoz4HtDhIRcKTX8LezUqUC+PypJSdfR0q6hpV2DqXL07dsX3bt3R3R0NJ4+fSoEwHXq1EHdunXh5ORU7cdTJyIiIiIiIqKS1atXT99VKJNyBcCD65mggYWhWtfNqqS5MliZFD+8sOqYv6paWRmhp51xeapEbzBF6Ks5vLe3txdaipZ1Xar+zMzM2O0zkQ7xnHozlTX8BQATk+Jv9iN6E5mZmaFDhw7o0KGDvqtCRERERERERFS+ABgAfu5SAwNOa+5ydef9HMxorvku94cZBcUGxyvaV/8m00RERESvE0/PUfquAhEREREREREREelQ8c10S9HTzhheEs3dNS+7mYXIF/ka5025nK5x+vRmpmz9S0RERERERERERERERERUAeUOgAFgs0tNDHIo2gWgNFeGMefT8FNMNiJf5EOaK8ORx7no+rdU49i/gxxMsKJ9jYpUhYiIiIiIiIiIiIiIiIjojVfuLqCV9vSshSU3MrE0KlNt+sOMAnwRprm1r6ovnc3xVSvzilaDiIiIiIiIiIiIiIiIiOiNV+EAGAC+amWO1rWNMOVyGlLy5FqtY2kswh+utdjtMxERERERERERERERERGRjugkAAaAwfVMMHjkWzj8OBc772fjyJNcjct5ScQYXE+MwfWKdh1NRERERERERERERBcDTewAACAASURBVERERETlp7MAWGlwPROGu0REREREREREREREREREemCg7woQEREREREREREREREREZFuMAAmIiIiIiIiIiIiIiIiInpNiPbu3SvXdyWIiIiIiIiIiIiIiIiIiEihf//+AIDw8HCt12nbti0AwOiDTQGVUikiIiIiIiIiIiIiIiIiItKCyBAwNAKMTQETczz7XwBcHkYwMddhzYiIiIiIiIiIiIiIiIiIqExEBoCBIWAkhsjQqEJFGcG0ho5qRUREREREREREREREREREZScCRAaK8LeiAbDIxEJHlSIiIiIiIiIiIiIiIiIiorITASIoWgKLDCpUkhGMTXRTJyIiIiIiIiIiIiIiIiIiqoD/BcEVYFTRBJmIiIiIiIiIiIiIiIiIiKoHowpHyEREREREREREREREREREVC0YMf4lIiIiIiIiIiIiIiIiIno9GLEBMBERERERERERERERERHR64FdQBMRERERERERERERERERvSYM9F0BIiIiIiIiIiIiIiIiIiLSDQbARERERERERERERERERESvCY4BTERERERERERERERERET0muAYwERERERERERERERERERErwkjxr9ERERERERERERERERERK8HjgFMRERERERERERERPD/5D1k/DoDdWtbFJl37IuhyP5tJgwNFE2KYlb/H3q3rF/VVdRocu9W+q6CmqEdG+PsolF4vnka/v15Cs4uGoXhnZvou1qVYqxrC5z+amSR6Zsm9MGPY9+F2NhQD7UiIiIjiNgGmIiIiIiIiIiIiIiAp9IMjHV1wvLDV4Vp9axroIm9leKJSASIgO7f7kFKZi70/ftyHSsLfDG4IzYHRem1HkpT+7TC4lHd8Pnu8zgcdh+ZufnwaN8Im8b3QQ1TE+w4f0vrsgxEIsjkcuG5SASoPC3z+pXBP+QOjlyPU3sfONd/CzuDbyE4Nl4xgRkEEVGVM9J3BYiIiIiIiIiIiIioejh6/f/Zu+/4qur7j+Pvc+/Nvdk7ZLBCQth7T2WoOCoO3BO1WvvTaqu22mm12ta6a2vVWveuqyJu2QKyhySEEVYgkJ3cjLvv748bQkJuSIBAILyej8d5kJzz/Z7v55wbvvrgk+/nu03XTezbKAF89fg++vaHXbrh9H715767/3L99OVvNWdDfpN73DJlgO6cNlSRoSFaua1Qt/znGxXbHdrx9I269l9fasHG3ZKkx66aKLPJpF+8MV+psRF66trT1a9zvLw+vz5ZmacHPloqr8+v526corIqp7olRiktLkIJkaG67ZW5WrGtUAv+cKlSYsK17i9Xa/rjs1RQUa1/XD9Zp/XpLLPJ0A+7SnTzi9+oyF57zN9duNWiBy8Zq1+9vVCvLMiuP//u0k3aV1Ejl8crSbJaTPrTJeN07pB0+f1+rd9Vojtem6eSKoeum9hXM0b2lMPtVffEKF3xzOda9eer9MCHS3Xf+SM1/HdvKTTErGdvmKIeSTEymwx9sjJPd725QJL04o/PULG9VmcO7KYFG/foF2/MbxTj6J4peuLq0xQTZpXZbNLs1dt07zuL5PX5NSozWY9eOVHxkaFyuD16dPZKvbd0syRp5mn9dNc5Q2U2meT1+fTkF6v18vxsXTo6Szec3l9THv5AUiABfuvUQTKbDNkdLv3m3cWal5Ovq8b11pXjemvDrhINz0hWWlyE/vn1Wj379bpj/rkAwKmIEtAAAAAAAAAAAEnS2p1Fcnt8mtg7rf7cNeP76L3vN7Wq/8Teafr19JE6668fKv3nL2lfRY2evnZSi/1euuVM5ZfYNfC+NzTuj+/q9L6dddOk/pIkt9enGaN76s7X52nywx/o1UU5uv/iMap1efST/3yjfZW1GvTrN7W9uFJ3TBuinskxGnDv6+p9z6symw3dd/6II3sZh2lkZrKiQq16e3Fuk2vzcvK1eHNgRew95w3X6J4pGnP/uxr06zfr3tHpkiSH26PxvdL08oINGnP/u3K4PQq3WhQZalXqbf/WnrJqPX3dJK3eVqTe97yq0X94R5eMztL04Rl1/b26eFRPXfjErCbJX0l65IoJemHueg247w0N+c2bigm3qX+XBMWEW/XxL87XE5+v0sD73tBlf/9Mf79ukvp2jleY1aJ/zpysC56Ypf73vq5zH/2fzh+a0aS88+R+XfSbC0bpR4/9TwPve0N/eH+J3rvjXMVHhsrt9WlS3y76ZFWezvzLh5r53Ff66+UTKBENAMeIRaL8AgAAAAAAAADAkGTo1UU5un5iPy3MLdCYnimqdrq1bmdJgzaN2zd08cgsfbp6u3aX1Ugy9Is3FijEbGrQrmmf+MgwTe7XRTf9+xtJhmpcXr20IFtXj+ujF+ZskGTo6/U7VWx3SjK0dkexfjJl4EH3Cvz55Odr9OzX6+X2Bkofz83O1+l9OjcZ81iIDQ9VWbVDDrfvkOPNGJmlR2evVLXTI8nQM1+t1Q+PXCPz81/L7zdUXuPUF2t3SjLkr7tPIKkc+PrSpz+rK+1sqKTKqdXbC9UzObauvbQod492lVYHjSG/pEoXDstUzu4yrcgr1M0vfispsG9xWbVT/1u5TZKhbUV2zV69XTNGZunh/y1TYWWtfjxpgF5ZmKPNe8t18VOz6+544P1fMDxTs1blKb9u7G9+yFdJlUPje6VJMrSjqFKLN++VZGjNjmJZLSalxkRoe7H9qN47AKApC/lfAAAAAAAAAMB+b363Uev/co2iwhbo2gl99NqinObztwf9+3JKbLg2FZTXn3d4vHJ4vIfsnxwbLkma+9sZ9actZpNK7LX1be0Od/3XPr9fZpMpaBwZydG6/8LR6p4ULZ/Pr+SYcOUWlB2XdVBF9lrFR4YqIjRE1U53s+2SY8L1yBXj9cCMMfXnqhxupcSGS4ZUVFl7cF5bhQ3exel9O+vOs4cqOswqn8+vrJRYLdy0p/56o/4HufWVObrn3GH658zJ6hIfqdcW5uh37y9RSmy4usRHKvex6+rbhoaY9eGKrfJLOuOvH+qus4fqs19dIK/Pr799ukIvzc9uFGdyTOPPXpJKqhxKjglXRa1LlQ0/QwUS9Gaz6bh8NgBwqrEwtwIAAAAAAAAA9iuqrNXC3N26bEwvTR+eoT+8v1RG3T8kG2qcwz3435cLK2qUHBNWfz7CFqLU2Aht2Vcur9/fqG90mFU1Lo/2llVLksb98T2VVjsa3e9QYwXLQ796y1mav3G3rvnXl5KkX/5ouCb2SjsuOcaV2/apvMapmyb10zNfrm107ezB3dU7NU5Pf7FGBeXV+vMny/Xxiq1N7mFI8ivIM/sDX8dHhOr9O8/Tlf/8XLNXb5ckzbp7eqPPpWH/g1U73Hrgw+/1wIffq1tClN6/8zzdWFShgrJqbdlXoRG/fztoTHn7KnT7q/MkSeOyUvXJ3edryeaCRnHuO+izl6SkqDDtrahWuDWk0fMc4ncIAABtwNT4P9kcHBwcHBwcHBwcHBwcHBwcHBwcHByn5rGfoVcXbtSvzx+hRbl7VFrtbHDdCPL1geN/q7bp/GEZ6tEpRoZh6E+XjNVDl46VZCi/pEr9OidIMpQUFa4zBnaTJJXXuDQ3O1+/OGeoJEOGYeie84brqnG9m8R18Phuj08RNotCzGZJhhKjw7R6e5EkQ5nJsZoxsqciQkOOy/tzefy6793FenDGWP1s2hClxkYoKtSqq8f30cu3nKkdxXZJhj5asVU/mTygLilqaNqg7nrkigktPqtkKDrcphCzSSvzAs94zuB0DeyaoAib9RD9A0eI2azv7r9MA7okSjK0u6xaJfZaGYaheTm7lRIbrmmDuksyFG4N0bMzJ2twtyQN7JqoL++9UHERoZIM5RaUy+nxyTAax/fRijydN7SHusRHSTJ09uB0RYVZtSi3oMXn4uDg4OAIdhw5y1H1BgAAAAAAAAB0OJ+v3a5/XH+6Xl+08bD6zc3O158/Wa7Zd09XuM2iNTuKdetLcyRJf/zwez15zURdPCJTBRXV+mj5VlnNZknSTf/+Rk9ec5qyH7lGZpOhldsL9eqCnBbHW7OzWHvKqrX1yet12d8/1x/eX6o/XTpWv54+QhvyS3XHa/P1wZ3n6fGrJurutxYe/os4TK8uyFFRZa1+cc5Q/f7CUfL7/Vq9vUhX/vNLzcvOlyQ9/tkqRYdZ9f2Dl8tsGCq01+ruN1sX2/aiSj3z5Votuv9SVdQ49b+VefrNe4v15DWnKWd36SH7ur0+/e3TlXr11jMVYQuR3+/Xtxt26eX52XJ5fLr4qdn625UT9MTVE2UyDH2wfKvW7yqRz+/Xgo17tPj+S2UYhlwer/78v+XK2V2mET2S6++/YONuPfTxcs26+3yZTYbKqp265OnZqqhxHfkLBQAcESN05j/97R0EAAAAAAAAAAAAACBg39PXSJLWrFnT6j5DhgyRJFmOdgkxAAAAAAAAAAAAAODEYGrvAAAAAAAAAAAAAAAAbYMEMAAAAAAAAAAAAAB0EBbDoAQ0AAAAAAAAAAAAAHQErAAGAAAAAAAAAAAAgA6CBDAAAAAAAAAAAAAAdBAkgAEAAAAAAAAAAACgg7CIPYABAAAAAAAAAAAAoENgBTAAAAAAAAAAAAAAdBAkgAEAAAAAAAAAAACgg7AYogQ0AAAAAAAAAAAAAHQEFvK/AAAAAAAAAAAAANAxUAIaAAAAAAAAAAAAADoIi1gCDAAAAAAAAAAAAAAdAiuAAQAAAAAAAAAAAKCDYA9gAAAAAAAAAAAAAOggKAENAAAAAAAAAAAAAB2EhfQvAAAAAAAAAAAAAHQM7AEMAAAAAAAAAAAAAB2ERQZrgAEAAAAAAAAAAACgI2AFMAAAAAAAAAAAAAB0ECSAAQAAAAAAAAAAAKCDsEiUgAYAAAAAAAAAAACAjsBC/hcAAAAAAAAAAAAAOgYL+V8AAAAAAAAAAAAA6BgoAQ0Ax1Go3ymHYWvvMAAAAAAAAAAAQAdlau8AAOBUklKRq1BPdXuHAQAAAAAAAAAAOij2AAaA4yTUU61rLrtYr3y2UAWyyWtY2jskAAAAAAAAAADQwbACGACOk3B/rS4Y21+WmBSlOfJl9nvaOyQAAAAAAAAAANDBsAcwABwnQ7vGq09avBJiI1Wi7koq26u9trT2DgsAAAAAAAAAAHQgrAAGgOMg1FOtG84eK0myWcyS2aLQqDilOna1c2QAAAAAAAAAAKAjsRgsAAaAY8rs92hi11BdMKafiu21cnq9geILoRGyGVJqxS4VhaayJzAAAAAAAAAAADhqlIAGgGPI7PdocpJbr937Y0nSgo27VWJ3qn7utUXKlhCq1NJ8FVsS5LBEtF+wAAAAAAAAAADgpEcJaAA4RsK8Nbp2YKze+N2PZbWYNGfDLr0yb0PThmaLzEnpSrE4lFy7S2a/5/gHCwAAAAAAAAAAOgTqjQJAGzP7PUoPqdIzP7tAE/qla+OeUi3fuk9zNuzStqLKZvv5o5IUGu5Rl6piOZwelVkT5DLZjmPkAAAAAAAAAADgZGcRmwADQJuJdRbpmvG99burr1O4LaT+vN3hVu+0eK3YVnjoG1hCpNhUhXo9SqsqUq3TSyIYAAAAAAAAAAC0GiuAAaANRHgqNS0rXr+95gZlpcY3utY5PlKSVGKvbf0NzRb5Y1IVKinNXihHbaFKbZ1IBAMAAAAAAAAAgEMiAQwARyHCU6kzs+L1swsv0siszkHbzNmQL0lat6v4iMbwR3WSLUpKK8tXjcuvEluyvAbTNwAAAAAAAAAAaMpiiBLQAHC4Avv82vXYT87TlMGZzbabsyFfu0urtHzrPhWU1eio5ty4rgr3ehRWlq9ic6xqLNFHfi8AAAAAAAAAANAhWcj/AsDhCfVU64pBiXroxqsVFWZttt2cDfnauKdUuQVlWrm9UG0y31osMpLS1cleqCrnXhXbUtrgpgAAAAAAAAAAoKOghigAHIYYR5GeuXmaLhjT/5Dt9id/txVVam52fpvH4Y/qpAhrtcyVu1VsTZLX1HwiGgAAAAAAAAAAnDosbbMkDQA6vp4q1JsPXq8+nROabePyePX52p3aXVql3ILyuuTvMZpnbZEKjQ9VatE2FYR3Z19gAAAAAAAAAAAgU3sHAAAng+HhFXrndzMPmfwttjv07tItdcnfsmOy8rcJs0XmpB5Krdkhs99z7McDAAAAAAAAAAAnNPYABoAW9FKhXrn3x+qWGN1sm+V5+7Q8r1CSNDcnX7kFZcevwILFInOnHupUtEMFET2O06AAAAAAAAAAAOBERAloADiENG+RZv3lJ0qJjQh6vdju0JzsfBXba1Vsr9Xc7HyVVDmOc5QKrARO6KrIXTmqSup3/McHAAAAAAAAAAAnBAvpXwAILsJZolfumRE0+evyeLU8r1DrdhZLktbvLNaKbfvk8vja7ddqLCFWmUOjZKvcI1d0WjtFgePhj9OH6Odn9teXP+zW5c/Pa+9wTng2i0n7nrxSkjTp0c+1ZmdpO0cEAAAAAAAAAMeOpb0DAIATkcnv0VXDO2t0765Nri3P26f1O0vk9HhVbK/V4s0F2lNW3Q5RBhERJ2vRNnlDY+W1hh+zYW6YkKUnLx8V9JrT41NZtVMbCyr02Q/5em3xFjnc3mMWC3Cym3XHGZqYlSxJuumVRfpg5Y5Dtn9p5gRdPLx7s9ftDrd2llZrQe5ePb8gV9uLq5q0uW5cpv5+5Rh5fX4l3PnW0T0AAAAAAAAAgBOKRQZrgAHgYD1VrMH9R8nl8cpqMWtPWbW2FVUqd0+ZnB6vnB6v1u0s0cpthXU9Toy5NCTEIntYgsLL82RPHnjsBmrwuBW17kaXImwWpcSEKSUmTJP6pOiW03pr+j++0Z7y2mMXzynHOPAH/x1vWcN3ZBgn1DvLSIqqT/5K0vXjsvTBqp2H7lQXvsfnV7XT0+iSyTAUaQtR/7RY9U+L1cwJWfq/N5fooyb3POidAAAAAAAAAOgwWAEMAAcJd1doQP+esjs9+s+87EbX9id+1+8qlsvja6cIm2eYLZLJLI8lTCE1xXKHJx7T8Zwen7rf+9/GMRhS17gIXTc2U3efNUA9O0Xpb5eM1DUvLjimsQAno5njekqSvs0p0OQ+KZqYlaz0xMigq3YPNj93r2b8a26T8zaLSWMzO+nBC4ZqUJc4vXDtOOXsqdDGvRVtHj8AAAAAAACAE4+pvQMAgBNNvKtYtojoRuecdXv+vv/9Fq3cVnhCJn8lyesJrAb0WiMVWtbCKsJjxO+XdpZW66HZ6/Tiwk2SpLMHdFZoiLld4gFOVCFmk64anSFJenHRJi3eWiTDkK4bk3lU93V6fJqXu1fnP/ONiuwOhZhN+umkPm0RMgAAAAAAAICTACuAAaCBGEehzNFJWrGtUHaHW1aLWQXl1SfOHr8tMPz++q89odGyVhXKFdmp3eKZv2mvbj6tlywmQ/ER1qBloCdmJevm03ppVHqiEiJtqnZ6lFNQoQ9W7dCri7fI7Q2ebD/cfn+6YKh+NrWvXpi/SX/5fJ2euGyUpvRN1c7SKk185PNWPU9ydKhum9xXU/umKj0xUjaLWaXVTq3cXqLnF+RqXu7eJn2+vussjUxP1PUvLdTcjXt1//lDdM7ALoqPsKqgolZvL8vTo1/+IL9fGtwlTvedM0ijMxIVYQvR5n2V+vucbL23fHvQePz+wIrr2yb30ZWjMtQjMUoen08/7C7Ts3M36tN1+UH7De4Sp59O6qMxGUlKiQmTYRgqqKjRwk379NQ32dpaZG/SJzbMqtsm99G0AZ3VIzFKNotJRVUObd5XqbeXbdN7K7apwY+fJCkrOVo/m9JXE3p2UlpsuHx+aV9lrVbtKNF/Fm3W4q2FTcaxWUy6cUKWLhzSXb1TohUVGqIqp0c5BeV6Z9k2vbpkS5NxJMliMnT7lL66YlQPpSdEqsbl0ZqdpXrq22x9n1cU9D3s1ykqVLdP6asz+6Wpa3yELCZD+yodWppXqH/Ny9WaXaWN2k/r31nv/uR0Ze+p0Li/ztbvzhuka8f2VHJ0qLrf+98mZdGbc96gLkqMtKm8xqVvsguUHBWmCT076arRGXr4s3Xy+oI86GGoqHXr07X5umFCT41MP7bVAAAAAAAAAACcONgDGAAaiFKtFJ4il9ev9fkNkj4nyVzp9rjrY/XaomSz75ErKrmFXkeidfuHRoSGSArsVVpodzZp+4fzBuuus/pJkrYXV2nR5kIlx4RpVI9Ejc1M0mUj0jXjubmyOzxH3c9Rt2o71GrWE5eP0kVDux14llZ8vr2So/X5HWcoIdImt9enzYV21bo8ykiK0jkDO+ucgZ31qw9W6oUFmxr1c7gD48aG2/TJz85QZlKUthZVymoxqUdipH5z7iCFhVj06fp8zbp9quwOt3aV1SgzKUoDOsfqhWvHyeH26ZO1uxq8c9W/1xeuHa9LR3TX9uIq5e6tUM9O0RqX2UnjMjvp3g9X6vn5jeO5eFg3vXDtOFlMhiodbm3cWymzyVDPTlG6dmymZgxP1/n/+FYrd5TU90mItOnbu6YpPSFCLo9P2QXlqnS4lRYTrkm9UzSpd4qm9k3VLa8vqe8zJiNJH/3fZIWFmFVe49L63WVyeXzK7BSlGcO76+Jh3fWL95bplcVb6/uEhZg1+2dnaFj3eElSXpFdmwsrlRoTrjEZSRqTkaTJfVJ1/cuLmnw+r910ms4d2FmS9MOechWU1ygjKUof3zZFt731fYOWjT/vod3i9eFPJysu3Koal1erdpbI6fZqQOc4XT6yhy4dka673lveKE6HxxuI12rWjROzdM+0AQ1u3/o9hmeOy5Ikfbhqp9w+vz5as1N/nTFcKTFhmjagsz5bv7uZnq3fv7ek2ilJig4LaboXcivvAQAAAAAAAODkYuGf/AAgwOapkiUsuuWGJzC3y9UwNSS/xSaLq0Zea3ibjmM08/XBLhwSSLJ+k71HXp+/UdsLh3bTXWf1U5XTo1tfX6LZ6w+sVu2fFquXbxivUT0S9afpQ/WL95YfdT+vL5CIzUyK0qAu8br97e81P3evjBaeYb+/zRiuhEibfthTrhnPzlWh3SEpUMb34QuH6ebTsvTg9CH6cNUOlVQ56/v56lZx3jm1rzburdCP/v6Nql0emQxDj186QjPH99RNE7N0zsDOeuLrDXr8qw2SpOjQEL136ySN7pGon5zWS7MaJoDrjMlIkiRNe+prLdtWLCmQRP3XNWN1wZCu+uP5Q/Txqp31sYZbzXryslGymAy9/f023fXf5XK4A8nMhEib3vzxaRrdI1GPXzpCkx/7sn6c2yf1UXpChH7YXa4Ln53T6PlG9UjU2zefpstGpOv1pVu1aHNgVe+fLhiisBCz3lyap7v+u7y+bLphSNeOydRTl4/SwxcN0wcrd6jKGUjU3za5j4Z1j5fd4dFFz85plIS+dER3vXDtOF0wpKvO7p+mLzfsqb928bBuOndgZ/n8fs18+btG7+qS4d316CUj6r9v+HmHW8167caJigu36tucAt306nf1q3dNhqHfnDtQd5/VX49eMkLf5xXX76G7f2WuzWLWbZP66O/f5ujVJVvl8/tV5fC06ucpPTFSp/cK/HLGG99vlSGpstat2evyNWN4d103JlOfN5sAPqClsXokRkqSSqqczbbl/wUBAAAAAACAjoU9gAGgTrSrXIpMaO8wjlityyW/r3HZY3dYvGyVwcsAHyvRoSEa2i1e/75unM4Z0Fl7K2v1+/+tbtLu3rMDqyYfnr2uURJXkjbsKddtbwZWbV41OkPxEbaj7uetqxs8vmcnPTBrjd5cmqf8shrtKqtp8ZkMQyqoqNW83L16ePa6+oSqJLm9Pv3hk9VyeXwKDTFrQs/gJbdTY8N1xzvLVO0KJDt9fr8ea5Dsdbi99clfSap0uPXCglxJ0pBu8UHvmRhp06/eX1Gf/JWkWrdXd77zvWpcXoWFmHXRsG7111JiwjV3Y4G+21KoP81eW5/8lQIJwj9/ti4wXtd4JUQeeHeDusRJkj44KLktScu2FeuOt5fpj7PWqKLG1aBPIOZXlmxptGe23y+9tmSrfvvxKj306TqFWQ/sRuH1+fV19h79Y25Oo+SvJP13xQ4t2Roo5XxG37RG164ZHdgzd/a6/CaJ8vdX7mi8erqBGcPT1TUuXNUuj255fUmj0s0+v18PzV6nH3aXK8Rs0i2n9WoUpySlxYZpfX6Z7v9kjfKK7NpeXCVfsPrUQVw/NlOGIeUUVGj1zgPVBt5clidJOrNfmlKiw1p1r+akRIfpzH6Bd7Vw876juhcAAAAAAACAk4eFdR8AEGAzvDqZ50RHTa2CxW/yOoKePzqB+9ksJpU9fWXQFl6fX/9ZtEVPfL2hbu/fAzFkJEWqT0qMJOnj1buCxrd8e4kK7Q51igrV2MxOmr0u/4j7NYzZ7fXpnWXbg/Ztjt8v/d+bB5URbsDh9ml3eY16JEYqOTos6L3n5BSopMrV6Nru8lo5PT7ZLCb9d+WOJv22FQf2no6wWmS1mBskUgPtalxezV6/u0m/ilqPluYVaUqfFI3snqTntVmSlFdUpRteWdzsc2wpPLD3b3JUWF28UlldYndSrxT9Y85GeQ7am3b2+t3S+sb3LKtxKiU6TGf0TdOK7Y330JWkf81rWJo60Oepb3L01Dc5QWPbH9/YzKQm73h03Uror7ILgvb7aPVOXTc2s8F9A23OrEskz8/dp9JqV9C+n67L14DOsTq9V0rQ668tzQt6/lAsJkNXjc6QtD/he6D/vNx9yi+rUZe4cF09JkOPf5Xdwt2ajh1htWhsZpIevGCIosMCeyg/N3/TIeI8eec9AAAAAAAAAE1Z+Dc/AJCsXqcsVpv8J+mc6PP75HQ5guZxDL9k+Fzym61tN2CDcfZU1Da6ZDKkmDCrwkLMumJUulJjwvT7T1Yrr6iqvk3/zrGSAonVF68f2+wwlKtGlQAAIABJREFU4XWrQ7OSoyTjyPs1tLWoStVuzxHlvAxDGpeRpEFd45UUYVNoiFlG3f6pMWGB92s2GUFrZO8srQ46ptPtlc1iCnp9/16zUqDUtMvbeIX35n2VgXNB7ru1yK4pfVLUPTGiyfVwq1mTeqeod0qMYkNDZLWYJQUS+vuZzQee46XvtujCod10eu9kLfvteXp/5Q7NyS3Qiu0lTZLB+z2/YJPu/9Fg3Xv2AJ3eK0WfrN2publ7tXFvZdD2DfVLjdGoHolKiwlXhNUikykQyNC6ldAN33FqTJjCrYH4txXbg76LTfsajNmgBnTvlEDJ9w17ypv9ecgtDJR97pEYKYvZCDxvg7br8ssO+2fpnEGd1SkqVB6fX+8u396ov1/S28u26ZfT+uuaMRl6/OvmE8Cn9UrW1j9f3Oic2WQoJiyk/vtKh1s3vPKddlfUNF+7/SSd9wAAAAAAAAAEZ2m5CQB0fGHuCvljTt7yz/aqGvmbScR5rBGyVBfLHZ0W9PrRcHp86n///4Je69kpSrdM7KWbJ2Zpcp8UXfrcPH1XV8I3LjxQXtgwAiWZWxJtCzmqfg2V1TiDtGzZqB6Jev6aMUpPiDyi/pUO9yGv21u4HkzpIZ6lsq6ccVRo43dw3dhMPXThUEXZWv+/AEvyinTZ8/P1xGUj1CMxUr+c1l+/nNZfVU6P5ufu1Rvf5+mLBnvySoHVvC6vT/dOG6AxGYkak5EoSdpbWasvftijl77brPW7yxv1SY4O1b+vHaeJWS1/tvtFhzZOdgbTsLRzQ/t/nspqXUGvS1J53epnw5Ciw0LqVgofUFbTfN/mzBzbU5L01YY9Kq5q+hm+uSxP95zVX+kJgX2C528KXr45xGxSfETTX+yocXm1o6RKczbu1b/m52p3ectlzgEAAAAAAAB0HJSABgBJZsOQQkLbO4wj4nS7VVNVpebmc681SiHOSrmP2Xwf/L5bCqv0qw9WKdRi1rVjM/ToJSM07pEvJEn7c9U1Lq86/+r9Vo9zpP0aCmyTfHjvIjk6VP/9yemKDg3R6p2l+vPnP2jVzhKV17jr93xdfO/Z6psao0ZLTJvEcahxg10/eJlm4+uBvWiD33P/rwMEwgu0Oatfqp6+fKQk6f2VO/Wv+bnavK9SdmdgX+L4CKu2PnxR0PHm5u7TsIdma0LPTjqnf2ed3jtZfVNidN6gLjpvUBd9lV2gq15cWL8/riQ9O3eTXvluq6b1T9OZfdM0MauTusSFa+a4TF0/NlMPf76+UYnjN26aqBHdE1Rod+iBT9dp3sa9Kqpyyl238vlvM4bp5olZjd7N/hXYzb9DyWwyHXTmoDb+IOfqWx7o6/fvv/+Btr5D9A2mW3yEJvVOliSdO7Czyp664pDtrxuTqfmbCoNe+zZnry55fn4rRm3u5/FQ1wEAAAAAAACcrCwG/+YHALL5nToZ50Ofz6fKioqWYzeZ2vT5GqWOWrjv7A27de3YDPVNjVGnaJuK7M76VbjhVrOiQi2qqktAtuRI+x0c9OG+i6tG91B0aGD15wXPzm007v571a+0NZq//6HGNYL0O/g911+v+zMmzNrsPfeXAa50uOvb/OS0XpKkubl7dcsbS5p/hkM8x6IthVq0JZCQTIkO1fVje+quM/vqrH6p+umkXvrn3NxG7WvdXn28Zpc+XrNLktQvLUY/n9pPlwzrpt+eM1Bzc/dq9c5SjUxP0IjugVX417/8nb7fVnzI+Pafq27wWUSHhQSNOSHS1qjf/jalNU4lRdkUH2Fr9j3GRQTG9Pn9qnIG3uXh/Pwf7PqxGTIZhlxeX9DVv/tZzSYlRtp03qAuio+wNl5p3ODn4Ej/Xh/NMwAAAAAAAAA4sVECGgAkmf2HkUg8gVRU2uX1tFw62PA4jkM0wTXcj9RqDqymzN5TUX9uWLcELdgcvMTtwY6039HqkxwjSVqaVxQ06dwlNlxpsWHHJZaGsjpFyTD2r/JtrEdioFR1XpG9/lzvlMBzfJ1TEPR+o+vKNLfW3kqHHvnyB9lCTPr51L6a2ju1SQL4YNl7KnTL60uUnhChEd0TNLl3ilbvLK2PrbLW3Sj529DI9KZl2vdU1Mrp8clmMSkzKUqL68qMNzSwS2yzsfROjtaAtODXJalfSuDa5kJ7s/sdt5bZZOiq0RmSpH/N26QHPl3bbNsIq0U5D16gSJtFl49M13PzNx3V2AAAAAAAAABOHZSABgBJFr+3vUM4bBX2ajlqW7e3p+FvvlTwkWl9+djzB3aVFNhLtaDCKcnQ9pJq5eytVN+UaF0/NlMLNjctcRsXbtWs2ydr4eZCPfDpOjnc3iPud7gxH2x/WWOrxRy0733nDJSpbhlloNxwc/c/3BLQzV0P/BkbbtVpWSlN9oiNsFo0JiNJkrR0W3F9e1/dc9iCPEdoiFl3ndGv/nuzEXiO5OhQ/fKs/kqMtGnmK4uDRlZoD6xkjbBZJBkalZ6gm8b3VF5xlR75ckPwPpWBX0qItAb67H/HIZbg7++KkenKTIoKxGY68C58fmn1rlKN6ZGos/ql6fWl25r0vXRYeoPvDvT9KmePLhraVaf1SlZCRKhKqhuvyDUMafqQwM/v19kFOvj9N/360Kb176yU6ECp+deX5h2yb7XLqw9X7dR1YzN07ZhMPTd/czNjtsXfa/5fEAAAAAAAAOhIDt4UDwBOTSG2ltucQGpqa1VTVdnq9mZfy6uE25JhSL2So/T4pcP1o0GdJUkvLtpSv1+uJD3+VSAxeNHQrrpzap9G/bvEhuutH09Qv9QYZSZFNUjiHnm/o7E6v1SSNL5nknp2iqo/H24166ELhmhcZpKW1K08zaxbeXs8VDrcevzS4UpPiKg/ZzYZ+uvFQxVps6jS4dYna/Prr63eFXiOS4d1V7jVXH8+LSZM79w8UTkFFap2BVY473/OIrtTZ/VL1fTBXfTnC4cowtq4eEj3hAjdNL6nJGlRXUK+tMalS4Z31y/O7KsrRqbXJ8f3m9Q7WZP7pEiSFtaVk16zMxBbWIhZl4/sXt/WMKSrRqXrrxcN1fsrd0qSMpKiGt3v3eXbJUnnDuisK0cdSPaaDEN3Tu2jsZmJjX729vt49S7lFVcp3GrWc9eMVnSDEtMhZpMeuWiYsjpFye706IWFm5v0P1zXjw2s/l20pVB5xVUttn/9+zxJUt+U6KCrnwEAAAAAAAAgGAuLPgCgThvPh71TYxVpCySUNu0tl93RNknYmtpaVVSUH1a8PpP5mCwAtllM2v6Xi5pcDrdaZDEdGPC9FTv0t682NIrhwzW7NLBLnO6c0kf3/2iQbpmYpdx9lYoLt6p/WqwsJkMb91bqF/9d3ib9GsV+mO/ivRU7dMeUPuoSG655d5+lJXlFMhmGhnePl98vXfL8fE3tm6qxmUm6dkyGOseF6+XFW/XFhj0tj2sc4vrBCz3rvjfXvduvswsUYjZp2W/O1aqdpaqodWlAWqxSYwLlqO/7aLXKa131/f4+d6POGZCmfmkxWvnb87R6V6liw6wakZ6gTfsqNfPVxXpt5jhN6NlJj84YpouHdtN9H6/Sbe8s01s3TdCtp/fS9eMytaXQLrvDrYRIm3p1ipZhSOt3l+upOTmSIW0psuvB2et0/48G6dmrRumhC4ZoW0mV3F6fusSGq0tcuCTpze+3ae6mfZIh5eyr1Oc/7NE5A9L07JWjdf3YTFXUuNQ/LVZpsWH61YertHFvpS4Z3k1ZnaL05Z1T9Xn2Hj31TY7eWLZNlw7vrnGZSfrnlaP063MGqLDSoR6JkYoJC9FNry3RP64cpQirRSbTgU18nV6fbnh1sT689XRN7ZOi9X88X6t2lMjnlwZ3iVN8hFW1bq9ueWOp8strjmoBcJfYcE2tS3q/tjSvVf1W7ixVdkGF+qXG6NoxGVq+o6RpoyP9e93Wi4gBAAAAAAAAnDAoAQ0Ako4oKxjE+UPTNblvmib37dzkmt3h1tyc3Zqbs0fzcnYf0f3LyirkcNSouVgHdE1SVLhV2buKVVHjPOjqsZnvG66a3K/G5dWOilqt2FGit5Zv18L6Us2NY3jg0/Wam7tPN43vqZHpCRqfmaSKWrfW5ZfpwzW79PqSPNmdnjbrd8DhvYtKh0fnPjNXfzhvoCb3TtbErE4qtDs0a+1uPfltjvKKq7SlqErDusZrQs9OGtwlToax/2fqUBneluIKngEOCwms3rU7Pbrn/VW6fXIvXTa8uwakxcrr92vRliI9PWejvt24t9E9Vu0s04X/mq/7pvXX0G7xOr1XsnaV1ujpbzfq6TkbVeX06Df/W6tnrxyprE7R6p0SLb/P0MLNRTrzqW9162m9NC4zUT07RclqNsnuCOzX+8n6fL383VY5Pb768Z6ek6vsggpdNyZDg7vGaWDnWJkMQ8VVTn25oUBvLt+mT9ftbhTfTa8v1b3T+uvioV01vFu8ymvdWr2zVLe/s7y+3Pez8zbpqlHp6p0SXXfOkNcnXfrCQt05pY8uHtZVXeMiFGG1aG1+mf4+J1fzNu3TXy7yKMJqUWiIpdGY63dXaNwjX+r2yb11Vr9UjeqRKEOBvYU/XrNL/5iXq+0l1UE+i+Y+s+CuGZ0hk2GovMalWQc996G8tjRPf71oqC4a2lW/+XhNkD2oyQADAAAAAAAAaMyI+/l7TWsiAsApJtW9T9a45CPu3zs1Vk9cNU5psREtN5a0p7xaz83J1qzV21vV3ufzq6yiQi5HbdDrl43rq19OH62uidGSpIoap/7w7kK9+122JMlatVdVqUNbNRYAAAAAAAAAAGhf2x+YJklas2ZNq/sMGTJEkmRhzQcAHJ3pw9L1wEUjD6tPWmyEHrx4pK4em6X7P1qu3ILyZtt6PV6VlpXL43E1uTaga5KeuvEMDeia1Oh8TLhNT99whhbn5mtXcaW8lgjW+AEAAAAAAAAAcAqwyCAlAAB+j0tHUgY1kPwdccTj9k6N1Tv/d6aem5Ot5+dmN7le63CosqJCPt+B0rr73TN9tO6ZPuqQ9//l9NG646VvZPK5xXwPAAAAAAAAAEDHZ2nvAADgRODxS7bD7JMWF6F7zhncJuPfOqWfJvdN011vL9Gesmr5/T6V26vkqK5u0jaw6ndqk1W/wUwbkiFJ8pub7tMLAAAAAAAAAAA6HlN7BwAAJ4Jaa4zkdhxWn1sn91VUaNslVgOrgc/QZaMyVFhc0iT5GxNu04OXT9Q391/RquTv/j4BbPcOAAAAAAAAAMCpgBXAACDJYY6QUV0of2xaq9pHhYbo/KHpbR5HVGiIfn3+MF0ztqce/WSZsncVKyrcqvG9u+jmMwY3SOi2ntlVJU94QpvHCgAAAAAAAAAATjzsAQwAknzmELldHllaOSdOH9bjmMbTNTFaf7/xjDa5l9njkCOyU5vcCwAAAAAAAAAAnNgoAQ0AdWr9FsnraVXbqNCTo4DCkk27JYOpHgAAAAAAAACAU4WF9b8AEFBjS1B0dYkUndxi26hQ6zGNJb/ErsdmLdOGnUWSpLunj9LZQzIO+z4bduyTNzRKzPUAAAAAAAAAAJwaLCItAACSJJc5TI7qQoVGtzwv2h3uYxJDfoldd778rRbn7m50/oZ/fq7Lx/fVg5dPUHRY65PP3/+wSc6YbmKuBwAAAAAAAADg1GAhJwAAB1SExCi0tlwKjz1ku4KKmjYdt7LWpcdnLdML36wNnAgyN7+7OEcbdhXpg3sualUSuLLWpS9XbZaS+7dprAAAAAAAAAAA4MTFxpAA0IDTFitHVUWL7VZsK2qzMd9bvFGjfv3ageTvIfywq1gzHvtIlbWuFtv+5/Mlcsalt0WIAAAAAAAAAADgJEEJaAA4SHlIomIKtiosNbPZNnvKa/TW0i26akzPIx5nyabdemzW8iblns8e0kP9uyQ2aLdHizcdaLM/CXyolcD5JZX6z5fL5I068vgAAAAAAAAAAMDJx9LeAQDAicZljZS90q/qokJFxsQr1Bp8qnx+bo56p8RqeHpi0OvNyS+x67FZy/Xu4pxG58f16qynbpiqrglRTfocvPK3pSTw3c++r71h3Q4rLgAAAAAAAAAAcPJjD2AACMKRlKXI3atV5vXKYrEqLDxMISEhkqQQi0Ven1/F9hpd98K3unVyX/3szEEt3vOLNdv0xdptBxK/Debfy8f20VMzp6qy1qX3lmzU52vyVFnjUv+uiTpnSIbG9krTLWcO0WOzltX3+SG/WDMe/0hPzZxav2K4stal+9/6Vgt3VkmxcW33QgAAAAAAAAAAwEnBSLznI397BwEAJyJzbYVs5dvljkhqsW10uE3jeqWpf9dEdU2IUteEaFXWOPVDfrEqa1x6d8lGVdY4g/Y9e0gPvfTTc7Qhv1g3PPu58kvsTdp8/fvLFB1m0+jfvB70HpeP6yNJWrxxpwp256s2ecBhPCkAAAAAAAAAADiRbP39FEnSmjVrWt1nyJAhkigBDQDN8obFyOHvJltlvjzhCYdsW1njDKzwXbPtiMb697fr9PisZfUlng/285fn6OyhPZrt/+7ijZIkq30vyV8AAAAAAAAAAE5hJIAB4BB84XHyOSpkqSlpMQl8pFqTON6QX6wN+cWHbBNSXaSaTv0lS9M9gQEAAAAAAAAAwKnBIoNNgAHgUJwJPWQr3S5LbekxSwIfLWvFbtV26iO/NbS9QwEAAAAAAAAAAO3I1N4BAMDJwBmfLndUikKqio74HtFhVv14ykB1SYg6ov5dEqL05PWT1b9LgyS0zyOrfa8cyf3ksx3ZfQEAAAAAAAAAQMdBCWgAaCVPRJJ8hkVhpXlyRSZJpsObQm+eOlh3/2iEHrxsgv797Tr9e8465ZfYW+x39uAemjYkXWcP7iHDMPT4pyskSSZXjUzuGlUnD6DsMwAAAAAAAAAAkCRZJEpAA0Br+cLjVW2NVFjJFvnllzcsrtV9v1izTWcP6aH+XRJ089RBunnqIFXUuLQhv1i7SuzaVRxIBseEW9W/a6Kiw6wa0DWxvv97S3L12KcrlF9SpZCqYnmt4apNHdzmzwgAAAAAAAAAAE5eFrYABoDDFGKVI6WfTDVlCivbJndYvPzmllfgZueX6KyH/qsfTxmoy8b1Uf8uCYoJt2pcr7Rm++SX2PXF2u3697eB1cJmp11WT62cSVnyWiP4FR4AAAAAAAAAANAIJaAB4Aj5wuNUHR4na9kOWWrL5DdZ5G3FPrwvzlmvF+esV3RYYKXvwQngXSX2+mN/iWhLTYksfp/c0WnyRCYdk+cBAAAAAAAAAAAnP0pAA8BRcsWlS5IsVUWyVBdLfo981qgWVwVX1rq1ZFOBlmwqCHrd5KpRiLNCPrNVzvge8rUiuQwAAAAAAAAAAE5trAAGgDbiiUyqX50bUr5L5poSmQzJ75f8Fpu8llDJFHzaNblqZMgnw1Utw2yR3zDLY4uWM6nn8XwEAAAAAAAAAABwkrOwABgA2p47rqvccV3rv7dUFcnwOGV2lgdt74lIkt8wy9up1/EKEQAAAAAAAAAAdECsAAaA42D/ymB3O8cBAAAAAAAAAAA6NvYABgAAAAAAAAAAAIAOwkL6FwAAAAAAAAAAAAA6BvYABgAAAAAAAAAAAIAOghLQAAAAAAAAAAAAANBBmNo7AAAAAAAAAAAAAABA2yABDAAAAAAAAAAAAAAdhEUGJaABAAAAAAAAAAAAoCNgBTAAAAAAAAAAAAAAdBAW1v8CAAAAAAAAAAAAQMdgkUgBAwAAAAAAAAAAAEBHYCH/CwAAAAAAAAAAAAAdA3sAAwAAAAAAAAAAAEAHQQloAAAAAAAAAAAAAOggLO0dAACcyDITI3Raz0R1jrEpLSZUUbYTZ9q0Oz3aU+FQfrlDC7eWaGtxdXuHBAAAAAAAAAAA2hl7AANAECFmky4enKpz+naS2XRiTpRRoRb1Do1U7+RITcpK0GfZhfpw7R55fP72Dg0AAAAAAAAAALQTi0EGGAAa6RYXptsm9lBqTGh7h9JqZpOh8wekaHBajF5YvF07y2rbOyQAAAAAAAAAANAOTO0dAACcaMakx51Uyd+GusWHaUx6XHuHAQAAAAAAAAAA2gkJYABoICspQuf2T27vMI7Kuf2T1S0urL3DAAAAAAAAAAAA7cAigxLQALDf+IwEmU7yedFkGJrSK0mvLNvV3qEAAAAAAAAAAIDjjBXAANBAt/iOsXL2ZC1hDQAAAAAAAAAAjg4JYABoIC26YyROU6Nt7R0CAAAAAAAAAABoBySAAaCBcKu5vUNoE7FhIe0dAgAAAAAAAAAAaAcW4yTf6xIAEBzzOwAAAAAAAAAApx5WAAMAAAAAAAAAAABAB0ECGAAAAAAAAAAAAAA6CItEiVAAOKAjzYkd6VkAAAAAAAAAAEBrWMgPAEAHxfwOAAAAAAAAAMAphxLQAHCEnvnt7Vr6zacttlu54Cs998Ddh2xTWrRXv776bHk9nrYKDwAAAAAAAAAAnIIoAQ0ARyjMYigypOU5dNKk0zV98njt9jbfJikpSe+88462ey3yt1mEzO8AAAAAAAAAAJxqLKQHAOCAw50Tjbrj/ReeUFhElMpLClVZWqKaqkpdeOMdyuw3SAvmzdeyuV/q1vsfl9vl1Gdv/Uc5q5fK6/Fo8NjTde5VN6u4pEi/+vlMPfzqpzJbLNqavU6fvfVvOWqrZTKZNXrqeZpw9oXH9FkAAAAAAAAAAMDJjz2AAaChI5kTDSkmzKK1yxfqz08+o04J8frovbc154PXlNn/MYWHGAq1BNrN//Q9VRXl66WXXpLX69ZdP79L38+ZrQFDRwZuZUjVVZV648kH9Ktf/1YjRo5QYWGR7rz9/5TcpZuyBg47ts8CAAAAAAAAAABOapSABoA2YWj4iOGqtMSotMyrpG49VTm76f7AOcsX6bIrrtKWaosMhehvjz+pMo+h3YVl9W22Za9RXFyskvsM04ZSn0KsCRo7Zoy2rl12eAlg5ncAAAAAAAAAAE45lvYOAAA6CktohDy+wNdOnyGf19ekTWV5mXy2KPn8kuRXvju0yZ6/bnuZYmJiVOmu+94n2SKjZC8qPpbhAwAAAAAAAACADoAEMAC0Ef/BmdwmqV0pLjZW5eXlSq37vrysVD6fT6YGbeLj41VWVt6oX0V5hRLi49syXAAAAAAAAAAA0AFZZFAiFACOl9Hjxuu7bz5TxtCxkqTXn3hAwydMUb9ho+vbZA0cKnvlU8pds1y9h4xUWdE+rVmxTHfe9/vDG4z5HQAAAAAAAACAUw4rgAHgODrr4itUWWnXE/fcLL/fp/Hjx+vcH03X9j376tt4rZH64wMP6plnn9Os15+T2WTWDTfcqJSsgapyN11VDAAAAAAAAAAAsJ/R+Y9zyCYAQJ1XrhzY6rZ94kwqqfWryOFXtyiTfH4pvyqw72+01VD3SEPrS31KCDWUGGpSbrlXJkPqEmlSTIgkQyp3SruqfLKapIEJZq0q8sovKTLEUJcIQ2ZToLR0Ya1fxY7Dm65nvr3+sNoDAAAAAAAAAIATQ/YvhkuS1qxZ0+o+Q4YMkSRZJEqEAsABrZ8TN5btT8ga2mk/8LUkVbqk9aV+SYZKHFKJwyfJkM+vBm0PjOnySSuLfPX9q9zSxvKm7Q4P8zsAAAAAAAAAAKcaC/kBAOigmN8BAAAAAAAAADjlmNo7AAAAAAAAAAAAAABA2yABDAAAAAAAAAAAAAAdBHsAA0CHxfwOAAAAAAAAAMCphj2AAaChjjQndqRnAQAAAAAAAAAArWIhPwAAHRPzOwAAAAAAAAAApx5KQANAh8X8DgAAAAAAAADAqcbU3gEAAP6fvTsPj6q8////msxM9hCWEEhAoIBCgyhrCRVc2FRQlMWiKKgULW79qFSh7lVRrJW6VsuPVtxABJXFatlBUakgBFkEFH9lCRAIyRCSSTIzZ873j5hpZpiELJMMDM/HdeUyc877Pud9ZtK09ZX7vgEAAAAAAAAAAEKDPYABIFLx+x0AAAAAAAAAgLMOS0ADgJ9I+p0YSc8CAAAAAAAAAACqgyWgAQAAAAAAAAAAACBCEAADAAAAAAAAAAAAQISwmKZphrsJAAAAAAAAAAAAAECZgoICSVJWVla1x3Tr1k0SM4ABAAAAAAAAAAAAIGIQAAMAAAAAAAAAAABAhCAABgAAAAAAAAAAAIAIQQAMAAAAAAAAAAAAABGCABgAAAAAAAAAAAAAIgQBMAAAAAAAAAAAAABECAJgAAAAAAAAAAAAAIgQBMAAAAAAAAAAAAAAECEIgAEAAAAAAAAAAAAgQhAAAwAAAAAAAAAAAECEIAAGAAAAAAAAAAAAgAhBAAwAAAAAAAAAAAAAEYIAGAAAAAAAAAAAAAAiBAEwAAAAAAAAAAAAAEQIAmAAAAAAAAAAAAAAiBAEwAAAAAAAAAAAAAAQIQiAAQAAAAAAAAAAACBCEAADAAAAAAAAAAAAQIQgAAYAAAAAAAAAAACACEEADAAAAAAAAAAAAAARggAYAAAAAAAAAAAAACIEATAAAAAAAAAAAAAARAgCYAAAAAAAAAAAAACIEATAAAAAAAAAAAAAABAhCIABQNIn23PU8rFl1apt99RKrdidW2XN7G/2q9/LX4aiNQAAAAAAAAAAgGqzhbsBADjTbLivv5Ljqv71OaZ7uoaf37KBOgIAAAAAAAAAACjDDGAACLDfUay4Bz/V7G/2a9Dr65UxfY1uenezTLPsfO+/fqHP9+RJkg44SnTV//eN0h9frg5Pr9JbGw5IkuZtPqjhs76RJBW7Dd394TZ1ena1zntmta6c+R/9/3nOsDwbAAAAAAAAAACIbATAABDAbo1SicernBOlWnFHpv5zXz8t23VUq388ednnce9tVo/Wycp+YrD+dfuvdOeCrdp26IRfzTMrftSOnBPa8odLtPuhy9S9VbLGvbu5oR4HAAAAAAAAAACcRQiAAaAS43q1liQlxdjUMSWL1+5MAAAgAElEQVRBe/OL/c7nFrm0Zs8x3dmvnSwWqXNqovY+NlCdWyT61X303SFNzGyjWHvZr9xJv26rL/+bL0exu2EeBAAAAAAAAAAAnDUIgAGgEo1i7b7voyyS4TX9zh8uKJUkNYuP9h1LSYiWLcriV5dzolTNE/xryo8DAAAAAAAAAACEEgEwANRSi6QYSf5B7k/HnCfN7G3ZKEY5hS7f66NFZd+nNYptgC4BAAAAAAAAAMDZhAAYAGqpeWK0LmrXRH9d+5O8prQn16keL3x+0lLRoy5I06z1e1Xq8UqSXlv3Xw08N0WNYm3haBsAAAAAAAAAAEQw0gcAqIN3b+qhOxZ8p1ZPLFesLUrPD8/QhemNtPnAcV/N1IEdled064Ln18o0pYyWiZp9Q7cwdg0AAAAAAAAAACKVxTRN89RlAAAAAAAAAAAAAICGUFBQIEnKysqq9phu3comn7EENAAAAAAAAAAAAABECAJgAAAAAAAAAAAAAIgQBMAAIMly/yey3P+J7/uG/CcAAAAAAAAAAECosAcwAAAAAAAAAAAAAJxG2AMYAAAAAAAAAAAAAEAADAAAAAAAAAAAAACRggAYAAAAAAAAAAAAACIEATAAAAAAAAAAAAAARAgCYAAAAAAAAAAAAACIEATAAAAAAAAAAAAAABAhCIABAAAAAAAAAAAAIEIQAAMAAAAAAAAAAABAhCAABgAAAAAAAAAAAIAIQQAMAAAAAAAAAAAAABGCABgAAAAAAAAAAAAAIgQBMAAAAAAAAAAAAABECAJgAAAAAAAAAAAAAIgQBMAAAAAAAAAAAAAAECEIgAEAAAAAAAAAAAAgQhAAAwAAAAAAAAAAAECEIAAGAAAAAAAAAAAAgAhBAAwAAAAAAAAAAAAAEYIAGAAAAAAAAAAAAAAiBAEwAAAAAAAAAAAAAEQIW7gbAIDTgcvlCncLACBJio6ODncLAAAAAAAAAM5gBMAA8DPDKA13CwDOclZrTLhbAAAAAAAAAHCGYwloAAAAAAAAAAAAAIgQBMAAAAAAAAAAAAAAECEIgAEAAAAAAAAAAAAgQhAAAwAAAAAAAAAAAECEIAAGAAAAAAAAAAAAgAhBAAwAAAAAAAAAAAAAEYIAGAAAAAAAAAAAAAAiBAEwAAAAAAAAAAAAAEQIAmAAAAAAAAAAAAAAiBAEwAAAAAAAAAAAAAAQIQiAAQAAAAAAAAAAACBCEAADAAAAAAAAAAAAQIQgAAYAAAAAAAAAAACACEEADAAAAAAAAAAAAAARggAYAAAAAAAAAAAAACIEATAAAAAAAAAAAAAARAgCYAAAAAAAAAAAAACIEATAAAAAAAAAAAAAABAhbOFuAAAikdvt1kcfLdSCBR8qLi5eGRmd5fEYys3NVVJSkiZMuEW/+EW7cLcJAAAAAAAAAAAijMU0TTPcTQBAuLlcLhlGaUivabNF67bbfqfOnTvrgQcmS7JIkiZP/oNycnL0z3/ODOn9AJz5rNYYRUdHh7sNAAAAAAAAAGFWUFAgScrKyqr2mG7dukliCWgAqDcej0uSZJpeuVwlcrmK5XIV67zzztPRo0fD3B0AAAAAAAAAAIhEBMAA0IDy8x1at+4LjR07VpKUm5urxx9/Unfe+XtJ0qFDhzR9+p81fvwESZJhGJox40XNmPGinn/+BU2bNt13ra+/Xq9HHnlML730qqZP/7Oef/4FSVJ2drbuu+8Peu211/XAA1P17rtzJElfffW1Ro8eo7ffflfPPvtn3XHH3Q356ADOUGvXrlXv3r11992n/p1hGIZeeeUV9e7dW40aNVKjRo3Uu3dvvfrqq/J6vYxroHEV1eTzAwAAAAAAQGQgAAaAerZly3d6/vkX9MQTT+n22yepTZu2uuyySyVJzZs3V+/ev1JUVNmv4/T0dF10UT9ZLGXLRX/zzQZlZx/U1KlT9fDDD+uyyy6TJO3Z85OmTZuuBx54QH/4wx/02GOPKTm5sSTJ6zU1fvzNuvfee3XHHXforbfeUUlJifr376+mTZvJ7fZoypQpGjp0WBjeDQBnip07d+qaa67RpZdeqo0bN56y3uVyafDgwbr33nt11VVXKSsrS+vXr1ePHj10zz33aOjQoXK73Yyr53Hlavr5AQAAAAAAIHIQAANAPevW7UI9/PDDeuaZZ7R48WJlZvbRb387Ud99t1Wmaco0DV+taZryev/3Ojm5sXbu3KXFixeroMCh/v0vkiStXr1WXbp0UePGjeR2l8jlKtHEib+VJLVp00Y9e3aT212qxMQ4SVJRkVOG4ZEktW7dWlFRpkaMuKah3gIAZ5AjR47ozjvvVL9+/dSkSRO1a9euWuMeeughrV69Wvfee68ef/xxtW/fXhkZGfr73/+uUaNGaenSpXriiScYV8/javv5AQAAAAAAIHIQAANAPTNN07cHcGmpU0OHXqn09HQtXLj4lGPPP7+Lfv/73+uDDxboN78ZqzffnC1JysvLU6NGjWSapq/250nE2rdvn15++VW9+eZb+vDDj38+a/HrR/rfHsUAUNHmzZs1ePBgZWdna/bs2WrRosUpxxw9elSvvfaaJOmuu+466fzkyZMlSS+++KKOHTvGuHoaJ9Xu8wMAAAAAAEBkIQAGgAZmGG5ZLBbZbPZT1nq9hoYNu0Jz5rynZ555RnPmvK8ffvhRKSkpys09GnTM448/qYyMLrr99tt13XXXhbp9ABHu8ssv14gRIxQTE1PtMYsXL1ZJSYnS0tLUvn37k85nZmYqKSlJTqdTS5YsYVw9jZNq9/kBAAAAAAAgshAAA0AD27Ztu/bu3asBA8r2801KSlJOTo5KS0slSV6v11e7fPlK7d37X5WUFKlr1wwlJyfLYonSJZdcoh07vtemTZtPuv6JEydkt1vldpeqpMTZMA8F4Kz2+eefS5I6deoU9LzFYlFGRoYkae3atYyrp3EAAAAAAACAJNnC3QAARCK326158+br6NGjcjqdmj79z5Kk0lKXHA6HHn/8cV10UV8ZhkeZmX308ceLdOutt+ncczuqUaNGcjgcWrlylVJSmuv552eoQ4cOKiws1DXXXKNzz+0oSXryySc1c+YsWa02paY2V9u2bXTLLeN1441j9corr2np0qXq2bOXLBaLFi5cqAsu6Kr8/Hxt3LhRv/hFm0qDBQCoqZ07d0qSUlNTK61JT0/3q2Vc6McBAAAAAAAAEgEwANQLu92uW265RbfddrtMU/J6PT+fschiscjjcckwyo7FxsbojTdel8USJa/XkGTqkUcelctVLNM0lZmZKa/XK4vFItP0yu0umyn861/30SWXXCzTlEzT6zs3evQo3XDDDfJ6DRmGobFjb/Td75NPlsgwDHk8pX4zjQGgLnJyciSVrWhQmeTkZL9axoV+HAAAAAAAACARAANAvfF4XPJ4XNWqLS0NXKq5pIpzZQzD4wuRq7pvxe+Liwur1Q8A1ERRUZEkKTo6utKa2NhYSVJh4f9+DzEutOMAAAAAAAAAiT2AAQAAUEcWi0WSZJpmpTXl58prGRf6cQAAAAAAAIBEAAwAAIA6SkhIkCS5XJWvelBaWrZ8fWJiIuPqaRwAAAAAAAAgEQADAACgjtLS0iRJBQUFldbk5eVJklq2bMm4ehoHAAAAAAAASATAAAAAqKPOnTtLkg4fPlxpzcGDByVJnTp1Ylw9jQMAAAAAAAAkAmAAAADU0cUXXyxJ2rlzZ9DzhmFox44dfrWMC/04AAAAAAAAQCIABgAAQB1dddVVio2NVW5urr7//vuTzq9bt05Op1OxsbG66qqrGFdP4wAAAAAAAACJABgAAAB1lJKSorvuukuS9Morr5x0/oUXXpAk3XPPPUpJSWFcPY0DAAAAAAAAJMkW7gYAIFL9978Hwt0CgHrWrl3rcLdQr7xer7xeryTJ4/FUWTtt2jRt3LhRb7zxhpo3b64JEyaopKREf/nLX7RkyRINGjRITz/9NOPqeVxFNfn8AAAAAAAAEDkspmma4W4CAMLN5XLJMErD3QaAs5zVGqPo6Oiw9vCPf/xDf/vb33T48GHl5OTIMAzfuZiYGLVs2VJpaWmaMWOG+vbt6zfW4/Ho5Zdf1jvvvKMffvhBUVFR+uUvf6nx48dr0qRJslqtQe/JuNCNq8vnBwAAAAAAgNNHQUGBJCkrK6vaY7p16yaJABgAJBEAAzg9nA4BMAAAAAAAAIDwq0sAzB7AAAAAAAAAAAAAABAhCIABAAAAAAAAAAAAIEIQAAMAAAAAAAAAAABAhCAABgAAAAAAAAAAAIAIQQAMAAAAAAAAAAAAABGCABgAAAAAAAAAAAAAIgQBMAAAAAAAAAAAAABECFu4GwCASLVjx+5wt4B6kpFxXo3HGIZXbrdHLpdHXq8hr9es1rioKIuioqyKjrbJbrfJauVvtwAAAAAAAAAAlSMABoB61LNnz3C3gBD79ttva1Tv8RhyOktlGIZsNpvsdrsslmhFRVUvyPV6vTJNU263R8XFpbJarYqPj5HNZq1N+wAAAAAAAACACEcADABAPSksLJbb7VFMTIxiY2NrdY3yoNhqtSomJkYej0cnTjhlt9uUmBgXynYBAAAAAAAAABGAdSQBAAgx05SOHy+UYXiVkJAgmy10f29ls9mUkJAgw/CqoMAp06zeUtIAAAAAAAAAgLMDATAAACG2f3+2PB5DcXH1N0M3Li5OpmkqOzun3u4BAAAAAAAAADjzsAQ0AAAhlJOTK7s9WklJSZXWOJ1OLVy4UJs2bVJubq7i4+PVo0cPDRkyRG3atKn2veLi4lRYWKicnFy1aJESivYBAAAAAAAAAGc4AmAAAEKkpKRUTmex0tLSKq3Zt2+fpk+frri4OPXr109t27bV3r17tXPnTj322GOaOHGi+vXrV+17NmvWTIcOHVJJSaliY2NC8RgAAAAAAAAAgDMYATAAACGSm5uvxo0bKyoq+A4Lubm5mj59urp3764bb7xR8fHxkqQePXpIkpYtW6ZZs2YpJSVFnTt3rtY9o6Ki1LhxY+Xm5qt165aheRAAAAAAAAAAwBmLPYABAAgBl8stt9uthISESmuWLl2quLg4v/C3oiFDhqh79+6aM2dOje6dkJAgt9stl8td474BAAAAAAAAAJGFABgAgBA4caIwaKhb0ebNm9WvX78q6y6//HLt27dPubm5Nbp/fHy8nM7iGo0BAAAAAAAAAEQeAmAAAEKguLj0lAFwbm6u2rZtW2VNmzZtfLU1ER8fr8JCZ43GAAAAAAAAAAAiD3sAAwAQAh6PWzZb1f+1GhcXp7179/r2/A1m3759kqSUlJQa3T8qKkper1GjMUB1HDp0SAcPHtSJEyfk8XjC0oPNZlNSUpLS09OVlpZW7XGHDh3SkSNHdPz4cblcrnrssP5ER0crOTlZqampNX727OxsORyOeuyueqxWq5KSktSqVauz7vOrT7X92QAAAAAAAJGPABgAgBDweAxZrdYqa3r06KFdu3ZVWfP999+rWbNmNQ6A7XY7ewAjpDwej7Zs2SJJat++vZKSkk75Rw712cuJEyf0008/6eDBg+rSpYtiY2MrrS8pKdH27dtlGIZatWql9PT0U/7n83RlGIZcLpf279+vgwcPqmPHjkpOTq603uPxKCsrS4ZhKC0tTe3bt2/AboMzDEPFxcXat2+fsrOzdf755581n199qunPBgAAAAAAOHuwBDQAAA3k8ssv186dO7Vs2bKg5/ft26dFixZVOUMYaChbtmxRkyZN1LNnTzVp0iRs4a9UNgO4vBdJ2r59e5X1W7duVXx8vDp27Ki4uLgzOjy0Wq2Ki4tTx44dZRiGdu/eXWV9VlaW4uLidO655yoxMbGBuqya1WpVYmKizj33XBmGoW3btlVZH0mfX32q6c8GAAAAAAA4exAAAwAQAjabVYZR9RLMbdq00cSJEzVnzhy9/PLL2rVrl5xOp3bt2qVFixbpsccekyQtX75c69atq9H93W63oqPtte4fqOjgwYOSdFrMHg1UHgKX9xjo4MGD8nq9atGiRUO21SA6duwor9db5bOXz/w9XZWHwGfj51efTvWzAQAAAAAAzi4sAQ0AQAjYbHZ5PJ5TzlTr16+fUlJS9N577+nZZ5/1HW/WrJkGDx6s5cuXS5JmzZrlq68Or9erqChmySE0Dh48qA4dOoS7jUq1b99ee/bsUXp6+knnDh8+HNHhYYsWLXT48OGgz56dnX1ah7/l0tLSlJ2dfVZ+fvWpqp8NAAAAAABwdiEABgAgBOLiYuR0OhUTE3PK2s6dO+upp55Sbm6ucnNzlZKS4tvzt23btr7wtyYhsNPpVGJifB2eAPifwsJCJSUlhbuNSiUlJamwsDDouRMnTqh169YN3FHDiY+P1969e4OeKywsVLt27Rq4o5qLi4s7az+/+lTVzwYAAAAAADi7sAQ0AAAhkJSUKKfTWaMxKSkp6ty5sy/8lcrC3okTJ/pez5o1q1rLQTudTsXHx9Xo/kBlPB5PWPf8PRWbzSaPxxP0nNvtPq17ryubzSa32x30nGEYZ8R+uVZr5UvmR/rnV5+q+tkAAAAAAABnFwJgAABCIDraLrvdrqKiojpfKzAEPtWMrqKiItntdvYABgAAAAAAAAAQAAMAECopKU3kcDhkmmadr1UeAg8ePFg33nhjpXWmacrhcCglpUmd7wnUxsCBA/Xwww8HPdepUyf9/e9/b+COas7hcCgjI0PXXnvtSee+/fZbbdmy5ZTX2Ldvn5o1a1bpzOTTzdatW9WsWTOlpqae9HX//fcHHfPkk0/q//7v/yRJd911l6ZNmyZJOnLkiD755JMG6z3Qe++9p9TUVKWkpOjJJ5/UsmXL1LZtW7/ZsEePHlVKSoref/99v7G33HKLpk6dql/84he+52/WrJmaN2/ue/3ee++ddM9x48bpySef9L02TVN33XWXRowYoeLi4vp7WAAAAAAAgGogAAYAIERiY2MUHx+n3NzckFyvX79+VYa/kpSbm6v4+DjFxp5672GgPkyaNElvvvnmScHn559/roMHD2rs2LHVvlZlywLXt/fff18333yzjh07pj179vide++997Rt27ZTXuOcc87RoUOHzpjli8uXii4sLJTH4/H7qiy0t9lsvud76aWXNHXqVElln/Wnn37aMI0HMWHCBHk8Ho0cOVI2m00DBgyQYRj65ptvfDVr1qxRamqq1q5d6ztmGIa++OILXX311XI4HL7nb9WqlebNm+d7PWHChJPuWfG9kKQHH3xQBw4c0JIlSxQXx3L8AAAAAAAgvAiAAQAIoRYtUmQYHh0+fLje73XkyBGZpqkWLVJOXQzUk2uvvVZer1f/+te//I7PmjVLN954o5KSkrR+/Xr17dtXnTp10oUXXqi5c+f66tq2bavnn39erVq10vz58xu6fUnSO++8ozFjxmj8+PF65513fMdffvllffDBB5o2bZoeffRRSdIrr7yinj176sILL9SAAQP07bffSpL279+vtLQ0XxD+5ZdfatCgQfrVr36lzMxMv1D13XffVWZmpnr37q3MzEy/eza0vLy8k77Kl7LfvHmzLr74YvXs2VM33HCD8vLyfOPuvfdeTZ8+XevWrdMf//hHffbZZxo2bFhYnqG0tFR5eXnyer2SysLZSy+9VGvWrPHVrF69WnfffbdWr17tW6Vh48aNcrlc6tu3r/Lz833PL0klJSW+16WlpVXe/4knntCOHTu0ZMkSvz+EeO+993TRRRcpMzNTQ4cO1XfffSdJGjJkiN544w1fndfrVZcuXbRy5Upt2LDB93PTo0cPPfTQQ2fMrHIAAAAAAHD6IAAGACDEWrVK06FDB7Vjx456mdFoGIZ27NihnJwcpaU1D/n1gZqw2+2aMGGCZs2a5Tt2/PhxLViwQL/73e/kcDg0bNgwPfDAA9q1a5c+/vhj3Xnnndq+fbskKTY2VqtWrdKePXt0/fXXN3j/X375pZo2baoOHTpozJgx+vDDD+VyuSSVzers0aOHnnrqKb3wwgvasGGDZsyYoXXr1mnv3r269tprfcslR0X9739W5+fna9y4cZo2bZp2796t5cuX669//avWrl0rp9Op+++/X59++ql++OEHLV++XEuXLlVJSUmDP/up3H333br11lu1Z88evfrqq1qyZInvnM1mk91u16WXXqo77rhDV199tb744oswduvviiuu0KpVqySVLc+8atUqjRo1Sk2aNPEt6b1mzRoNHDjQ77Orqeeee05ffvml/vWvf/kCaEn6+uuv9fjjj2vRokXauXOnJk+erJtuukkul0u//e1v/f4I4quvvpLFYtHgwYP12GOP6c4779Tu3bu1Y8cOFRUV6fvvv691fwAAAAAA4OxEAAwAQIhZrVHq06eXoqPt2rRpk44cORKyax85ckSbNm1SdLRdPXte6FvGFQin22+/XUuXLlV2drakspmPXbt2Vffu3bVy5Uo1bdpUI0eOlCS1b99eV199tW+2r8Vi0ejRoxUbGxuW3t9++23deuutMgxDycnJ6tOnj282c0lJiUzTlMvlktPpVGZmpvbu3av4+Hg5HA4NHDjwpCWjpbIlkVNTU9WvXz85HA4lJyfrqquu0vLlyxUbG6vU1FS9+uqr2rBhg5KTk7Vo0aKwPX/79u2Vnp7u97Vp0yYdOnRIO3fu1KhRo+RwONS8eXNdeeWVJ40vXybZ6/WqoKAgDE8Q3KBBg7RlyxYdPXpU3333nRo1aqS0tDQNGjTINzN41apVuuKKK2p9jwULFmjevHnKz8/XsWPH/M4tXrxYo0aNUmpqqhwOh6688kpFRUXpm2++0TXXXKM9e/Zo8+bNkqSFCxdq7Nix8nq9atu2rT788EOtWLFCRUVFmjVrlrp161b7NwIAAAAAAJyVzoxNygDgDFW+NCjOThkZneRwHNeePf/V3r171axZM6WkpMhqtSohIaFa1ygqKpJhGMrNzdWxY8cUGxurLl06q3Hj5HruHqi+du3aaeDAgXrzzTf1yCOPaNasWbr77rslSYcPH9b+/fvVrl07X31JSYlGjx7te52amtrgPUvSsWPH9Mknn2jZsmWaPHmypLIZ9seOHdOIESNOqnc4HJo2bZo2btwoi8Wi0tJSv1mf5fLy8tS8eXO53W5JZUv8NmnSRPv371dUVJTWrFmj5557TqNHj1ZUVJTuu+8+jR8/vn4fthIOh+Ok8LmgoEBbt26VJN/vqvJnOJ1C3qqkp6erc+fOWrNmjQ4dOqRBgwbJ6/Xqsssu08svv6ybb75Zmzdv1rvvvlvre5x//vlasGCB7r77bt10001auHChYmLK9mPPzc3VypUrtXTpUl+90+nUsWPHFBcXp5EjR+r9999X165dtWTJEt8eyq+//rpeeOEFTZ48WQcOHNDYsWP16KOPKjo6um5vCAAAAAAAOKsQAANAPcnIOC/cLeA00Lhxsnr2vFCFhUU6cuSo9u7dK4/HraIiZ7XGJyTEy2azKzU1Ra1bn6/ExOoFx0BDmzRpku6//34NHz5cP/30k2855/T0dJ177rm+QDEYi8XSUG36mTt3rn7zm99o9uzZvmNer1fp6enas2ePOnTo4Ff/5z//Wd9//71WrVqlxMRErV+/XoMGDTrpui1btlROTo7fsaNHjyotLU1SWeD9t7/9TXa7XevWrdPQoUPVp08fderUqR6esmp5eXlBZx83adLEd75587Kl5g8dOlTtP15pCJ999pmaNm2qPn36SJKKi4uVlJQkqexzHDp0qL766isdOHBAt99+uyTp17/+tW655RatWLFCGRkZatGiRdAQvzoyMjLkdDr14osv6oorrtA999yjmTNnSpLS0tI0btw4vfTSS756i8WioqIiuVwu3XTTTRo/frwGDBig1q1b67zzzpNhGLJYLHr00Uf11FNPaf/+/Ro+fLjeeecd/fa3v63LWwUAAAAAAM4yLAENAEADSExMUPv27dSz54Xq06eXBgy4uFpfffr0Us+eF+qcc1oR/uK0dtVVV6m0tFRTpkzRuHHjFB8fL0kaMGCADh065JvhWFRUpNtuu823/G24mKapt99+WyNHjlR+fr7v6/jx47r22mt9M0Ojo6PlcDgklc2W7dy5s7xer7Kzs/Xiiy/K4/GotLTU79oXX3yxjh07ppUrV0qS9u/fr88++0zDhw/Xtm3bdPXVV+vAgQNyOBw655xzFBMTE7YQvDJpaWnq2LGj5s2bJ0navXu373kC2e125efnN2R7kqStW7dq6tSpOnLkiHbt2qWvvvpKmZmZvvNDhgzRl19+qc2bN+uiiy6SVLbndLdu3TRz5kwNHTq01uGvJN9Yl8ul+fPna8OGDZo+fbokaeTIkZo/f76+++47ORwObdmyRddee63vferbt6/i4+P18MMP66abbpJhGHK5XBo4cKA2btyo48ePKzExUSkpKbLZ+JtdAAAAAABQMwTAAAAAqDOr1aqJEyfq3//+tyZNmuQ7npycrE8++URPPfWUOnbsqK5du6pp06a64IILwtht2T69eXl56t+//0nnRowYoblz58rlcmn06NF65plnNHHiRN13332+kHHMmDGaMmWKunTposGDB/uNT0xM1MKFCzV9+nT16dNH119/vaZNm6bevXvrggsu0IABAzRw4EB1795dQ4YM0aOPPqpf/vKXDfXoftq0aaPU1FS/r8zMTJmmqX/+8596//331aVLFz3yyCMaN26cDMM46RqXX365NmzYoAsuuCDo+foyZcoUde3aVX369NHIkSM1depU9e3b13e+V69eys3NVefOnf1mLg8cOFCbNm066XOri9jYWH388cf629/+pvnz56tXr16aNm2abrjhBvXq1Us33HCDrrnmGl8fhmFo/Pjx2r9/v29/7OjoaD388MP63e9+p+7du6tXr17q0KGDbr755pD1CQAAAAAAzg4W02Xy3EsAACAASURBVDTNcDcBAOHmcrlkGKWnLgSAemS1xpwWe32uWLEi6NLGp5PKelyxYoV69OhxyvF2u12JiYlBZ67abDYlJSUpPz9fMTExSkhIkMvlUnFxsRITE2WxWOT1elVUVKTExERJ0vbt23XhhRcqJydHNptNNptNCQkJslgsMk1TJSUlvpnCcXFxvr1ipbI9kUtKSqr97Js2barTs0tlgX1ycvC9xL1erxwOh98zGIbhW6K4qKhICQkJ8nq9Ki4ultVqVaNGjWSapm+2dEM8g1QWttvtdkllS0AHvo9NmjSRYRh+exfHxcUpLi5OBQUF8ng8J12zcePGcjqdcrlcld43KSlJhmHI6fzfcv7l72lhYaFcLpdiYmIUGxvr+xkoLi72u+acOXO0fPlyzZ49W+X/lyw6OlpxcXG+GeFut1tFRUXVfj8qe18BAAAAAMCZp/zfZ2RlZVV7TLdu3SSxBzAAAADOQm63u9Jliz0ej+9caWmp3xLPx48f96stf52Tk6O4uDjfcr0ej+ek2nLFxcUqLi6u8zPUhWEYysvLq7KmqmeoGEoahhGWJaAlqbCwsMrzwfo61ftfnRD7xIkTJx0LfE8Df3YqOnz4sP7yl7/ozTffVMW/x3W5XFUGzwAAAAAAANXBEtAAAABAHaxevVrXXXed7rzzznC3gjPA9OnT1b9/f02aNEk9e/YMdzsAAAAAACACMQMYAAAAqIMhQ4YoPz9fpaWlfksCA8H86U9/0nPPPRd0yWoAAAAAAIBQIAAGAAAA6qCq5aSBQKfDEuAAAAAAACCysQQ0AAAAAAAAAAAAAEQIAmAAAAAAAAAAAAAAiBAEwAAAAAAAAAAAAAAQIQiAAQAAAAAAAAAAACBCEAADAAAAAAAAAAAAQISwmKZphrsJAAg3l8slwygNdxsAznJWa4yio6PDcu8VK1b4vk9PT1dGRkZY+qiu77//XtnZ2eFuAwAAAABQTwYNGhTuFgAgrAoKCiRJWVlZ1R7TrVs3SQTAACCJABjA6SGcATAAAAAAAACA00ddAmCWgAYAAAAAAAAAAACACEEADAAAAAAAAAAAAAARggAYAAAAAAAAAAAAACKELdwNAMDpwmqNCXcLAAAAAAAAAAAAdUIADACSoqOjw90CAAAAAAAAAABAnbEENAAAAAAAAAAAAABECAJgAAAAAAAAAAAAAIgQBMAAAAAAAAAAAAAAECEIgAEAAAAAAAAAAAAgQhAAAwAAQJJkmqbfPwOPVfyqrC7Y61PVVXa9yl43RF3gczd0HQAAAAAAAFBbtnA3AAAAgNOLxWKRaZqyWCx+x6qqKz8f+DpwbLC68tAz8B6B1w91XVX9nepcfdcBAAAAAAAAtUUADAAAgJOUB5IVA9tgNRUD13KBryu7RrDXFa8XbKZsqOuChd0VA+TA7xuqDgAAAAAAAKgtloAGAACAT1XLNUv/C30Dj1X8Z2BdYLBZWV3g9QLHhLou2PlT9dpQdQAAAAAAAEBtMQMYAAAAkqoOHwOXbq4o2IzfmtQFu0d911XsqTqha7jqAAAAAAAAgJoiAAYAAIBPsAD1VLXBgt6aHAtcqrmq5ZNDVVfxGQP7qOwZG7IOAAAAAAAAqC0CYAAAAEjyD2kr2y+3omD76wZTVQBbWe2pQtG61p1qWehg4XG46gAAAAAAAICaYA9gAAAASPIPdCvOTC3/CpxZW1lducBwuLK66swWDnVdZUF0YAAbrjoAAAAAAACgtpgBDAAAAJ/AJYkDw9NTBZiVXbM6dcGuGRg4h6quqqC1umFsuOoAAAAAAACAqhAAAwAAIKhgs33LVRa2Vje8PNWM3MBZw6GuCzaLObC/cB4jBAYAAAAAAEBtsQQ0AAAAJPmHpqZpnvS64vHyoLJiWBlsT+DAZaWD1QULQQO/D3VdZc9d8Vh1lo1uiDoAAAAAAACgJpgBDAAAAEknB7TB9q2tGN56PB65XC7Z7XbZ7fag1wr8vrJ7Bt4nsI+GqDudjgEAAAAAAAC1xQxgAAAASPKfPVtxhm/g+fLActWqVRo+fLg+/PBD3/mKdVUtwxxYFyxwbqi6is9bfr7i84ejDgAAAAAAAKgtAmAAAABIOnmmbvlM2YozgyvW5Obm6j//+Y8OHjx40viKtRXDzsBrVDwWbEZs4L1DWRfYZ7C9gcNVBwAAAAAAANQWATAAAAB8KluOuLLZtJVdI1hd4KzgwFmxwZacrq+6YM9YlXDVAQAAAAAAADXFHsAAIMnlcoW7BQCQJEVHR4f1/pXNRA3cO7eyWapVLX0cOBO3sr2FA69d33UVj1U3AK/vOmYBAwAAAAAAoLYIgAHgZ4ZRGu4WAJzlrNaYcLcgqfJwtzrBZLCaykLhqq5V8Xx91FU2K/hUfYWrDgAAAAAAAKguloAGAACAn2DLNwfOUK1sCeNgdcFC2spm5VYV0tZnXfn3p1sdAAAAAAAAUFMEwAAAAJDkH5oGzkgNDHGrmiVcrmJdYKgcLAANPB7s2qGsK+8vWKAd7Dkaug4AAAAAAACoDQJgAAAASPKflVsxQD3VDNaKxwKDzWBhbLC9gQPrAgPiUNcF9lzVexHOOgAAAAAAAKCmCIABAAAgqfL9e2uy/HNlgW9t6irWN1Td6XQMAAAAAAAAqA1buBsAAADA6SHY7NNg4W1Nr1XVksxV1VUMiuuzLvBZgy2BfTrUAQAAAAAAANVBAAwAAABJ/kFkxdeSZBiGTpw44XfM6XTKNE2VlJQoPz/fd9xisSgxMVE2m63a+wAHu29D1VWsrRjChrOOEBgAAAAAAAC1RQAMAAAASf8LIYPNkt2zZ4/uuOMOFRUV+Y7l5uaquLhYM2fO1OLFi/2u8+qrr6pnz56SdNL1KgahwYLRiseqClBDVVcxhK3sPWnoOgAAAAAAAKC2CIABAADgE7iEcrmSkhLt2rVLhYWFvmMej0emaerIkSNyOBx+13A6nb5rBLtmsL2GK+ul4rlQ1VXVV2XLSDdkHQAAAAAAAFBbBMAAAADwCZydW65t27aaOXOmDMPwHVu3bp1eeeUV3XjjjRo+fLjfdTIyMnzXqCoMDXbvhqqr7lLL4aoDAAAAAAAAaoMAGAAAAH6ChZPJyckaOnSo37nCwkJZrVZlZGTo6quvrnT/2oohcHX3ua14vj7qqtovuKrrhKsOAAAAAAAAqK6ocDcAAACA00vFsLZc4Aza8q/q1gWGtIFhZ7B9cQND2vqsK//+dKsDAAAAAAAAaooAGAAAAJL8Q9Nge9VWDFMrm60aGAZXnOEa7J+B164qBA11XXl/FcPsqp6joesAAAAAAACA2iAABgAAgCT/WbkVA9RTzWANXMY4cHZwsBC4Yl1g4Bx4z/qoq/h9sDA72AzlcNQBAAAAAAAANcUewAAAAJDb7db8+fNrNGb9+vXyeDzavHmz5s6dW+1xFotFjRo10qWXXqr4+Pigs4ID6ytbcjrUdafTMQAAAAAAAKA2LCb/lgkA5HK5ZBil4W4DwFnOao1RdHR0WO5dUFCg5OTker+PxWJRRkaGnn76aQ0bNkx2u913rqolqCsKdV1lqjsmXHUAAAAAAACIXAUFBZKkrKysao/p1q2bJGYAAwAAoIHYbDZdcskleu6559S9e3dfMFtR4LFTzeKtbV3gstXBzlUUrjoAAAAAAACgpgiAAQAAIIvFosTERL9jpmmqtLRUHo+nztdPTEzUTTfdpClTpqht27YnBbOB+w8Hzt6tSZ1pmnK5XDVeTtlqtfrNSC6/VrD7Bgp1HQAAAAAAAFBbBMAAAABQbGys/vnPf/odc7lceu211/T111/X+fqDBw/WU089pWbNmvmOBc6ArUxN6oqKijRnzhx9++23MgyjRj0mJSVpxIgR+vWvfy2r1XrS/Sv2ECy0DXUdAAAAAAAAUBsEwABQDzwejxYuXKx58z5Qs2bNNGrUSA0ePFCGYWjhwsWaP/9DJSc30qhRIzVkyKBwt+vn3/9epoULF+mNN14LdysAGpDdbtd1113nF7I6nU4tWrQoJNdv2rSpEhMTg4afga8tFkut61atWqX7779fhYWFterz66+/1kcffaS0tDS/67LHLwAAAAAAAM4UBMAAUA9sNpuuv/56rVy5Wp07d9IVV1whw3DLarVqzJgx+vzzdWrbto2uvPJKGYY73O366dq1q6xW+6kLq2H9+m+UmfmrkFwLQMMoX0q5JrNuU1NTlZSUdNK53NxcORwOv2MVrx3sHsHuX5O63bt31zr8laSDBw/q+PHjfgFwZctOBwp1HQAAAAAAAFAbBMAAUE88HpekslCiYshb2fHTRevWrdSmTZs69/bDDz/qgw/mEwADZ5iazk6NiYnRlClTNHr0aL/jhmHo2Wef1cyZM/2OB167svCzslm/ta2rCa/X63sfqnPf+qgDAAAAAAAAaosAGABOA4cPH9arr76uZs2aKifniK64YoguvfQSffXV15ox40UNH361srMPat++fRo37saTjr3++qt6442ZcjgciouL148//qipUx9QQkKiZsx4Udu3b1fPnj31448/qqCgQKNGjVRBQYG2bNmq7OxsjRlzncaOvV4Ox3G99dY7WrFipZYs+ViSVFJSor//fZYKCwvl8XiUnp6miRMn6Isv1umvf31Z55/fRV6voR9//ElpaS01bdqTOn78uGbOnKUDB7I1Y8aLGjZsqDp1Ok8PPvhHpaWlqaioSB6PRw89NEXR0dHasuU7LVjwkVJSUnTgwAGNH3+TunY9P8yfCnD2qW142rhxY51zzjl+SzMbhhF0VnDF+wTOBC4/V9ns4+rWhUJVIWyw2ckNUQcAAAAAAABUBwEwANSzzZuz9PTTz/odO3DggNq0Ocf3+vnnZ6h79+6aMOFWHTiQrVtvnaALLrhA/fv31+zZ78jt9mjKlCn6178+DXpMklq2TNPvf/97maY0depUffrpv3XbbRM1bNgwff/9Tj366KOy2+16//33NWfOXM2d+57i4xO1YsUKPffccxo79no1btxYl156qVasWOnr7YMPFmj//gN6+eWXZBiGbrhhrM4/v4suu+wyvfvuXPXr10/Dh1+t4uJSjRkzRl99tV5DhgxS3759ZRheTZ06VW63S6bp1UUXXaTRo0fL6/XqqquuVlbWFv3qV731xhszddddd6l79+7KycnRsWO5DfPhAPBTl+WIK4a6VV2jYt3Ro0eVk5NTq/tJUnJyslq1auXbCzjUQXDF6wXOCK5sj+JQ1REEAwAAAAAAoLYIgAGgnvXo0UMPPPAHv2N33HGn73un06nvvtuq226bKJerRC1aNJfNZtPu3T+oadMmkqTWrVsrKsrUiBHX+JaQDjw2evQouVwlkqTGjZuouLhUkimv1/h5Np5LhuFShw4dVFJSIqvVotLSIrVt21qlpaVyuVyKjo6W1+vx6/U///lG/fv3l8tVLEk699xztW3bDvXtmympLKgoLS1WVJSUnp6uoqIimaYpr9crSb6eJGnUqJFyu8teJyUlyeksu2ZycmPNnTtXiYnx+sUv2iklpYlvPICGU9fgMXBf3qrqNm7cqEmTJmnPnj21vl/z5s319NNPa/To0b4QOFQCw9pwHAMAAAAAAABqgwAYAOqZaXp94Wkw+fn5kqTFixdr1apESVLHjh1ltVorXKMsECgPfwOPmaapjz76UPv27VdSUpJ+/PEH/fKXGZX0Y/gFDF5v1WFDXl6+Nm3apLy8Yz/fz6PExMQqRgQPYAoLCzV//odyu92KjY1VYWGhL6x58MEH9MYbf9ddd/1e7dq109SpD+icc1pX2ReA0KtLgBr4RxuV/RFH+T3eeustbdq0qU6Bp8Ph0AcffKBhw4YpISGh1tcJpuLs3KNHj2rr1q0qLq78d3lVYmNj1aVLF7Vs2bJa7zEhMAAAAAAAAOqCABgAwqxp06aSpFGjRqtz506SpKgoq9xu10mzcSuzdu3n+vjjRXr77bcUFRWlY8fyQtZfkyZNlJmZqTFjfvNzb1EyDMMvjK6Of/xjtrxerx588AFJ0rJlK3znmjVrrCeeeFylpS49+eSTmjXrn/rTnx4L2TMAqD8ej0dLly7V0aNH/Y6bpqlvv/026BjTNFVYWBiSoLOgoECGYdRbaJqfn69JkyZp+fLlcrvdtbqGzWZT//799fbbb6t58+aSgu9hzLLPAAAAAAAACAUCYAAIs7i4OHXt2lULFy7U5Mn31uoaJ04UyW6PlsfjksViUWlpqWw2e0j669s3U8uWLdcVVwxWfHx8tcfZ7XadOHHC97qwsFCNGzeW210qwzD8ZgfOnv22br55nCwWqXfv3vrmm29C0juA2qnJUtAej0fz5s3TvHnzQn7tmqiPPYAlaefOnVq+fLkKCwtrfY3S0lKtWbNG27dv1yWXXCLJP+wl+AUAAAAAAEAoRYW7AQCIRG63W2+++ZZycnK0des2LVy4SFJZUPLmm2/p4MGD2rZtuz76aKEk6aGH/qi8vHzdeec9euyxP2nmzFkqLi7Whg0blZ+fr40bN2rXrl2SFPTYxRf3k9Vq1aRJd2nGjBdlsURp27atysrK0tdfr1dxcbE++2yp8vLytXbtF3K73Vq8eIlOnDih5cvLZuIuW7Zc+/bt951fuHCRSkpKdP31Y3T++V10772T9dBDj+qll17Vvn37tWnTZl8fR48e1YYNZf/MysrSsWN56tWrlwoLC/WHP0zRl19+pWuvvVbr1n2pyZMf1OzZbys5OVmrVq2Ww3Fc+/bt19NPP6vXXntd69d/rdtvvy0MnxqAcvUdSNbXbN366Lt8j/S6Kikp8S0hXbFP0zRZ8hkAAAAAAAAhZTH5N04AIJfLJcMoDek17fYY2Wx2maYpj8clj8cd5LjbN2s3OjpOFotFXq9XpumV212qqCirYmLifl5yuVRerzfoMcmi2Niy2bleryHJoqioKLlcxbLZomW12uVylcgwPL77u90l8njcP7+OlttdIsMwZLNF+50v6zlWVqtVpmnK6/X6ei7vw+0ukcUSpejoOHm9hlyukp/Px8s0vb59iqOj42SaXnm9hqxWm7xer1yuEkVHx0oq2y/ZYomS210q0wy+fygQyazWGEVHR4e1h4r/09DpdOqWW27RggUL/h97dx4eVXn3f/wzk4UQsi+ELWHfMYRFFkkFgiIqltCnrRb3rdblKbVKsfBTIpVWi4rsorKoFFGWUkDAQNhFBIQQEcGENSEkIWRPyDaZ3x95Ms1kI/vA+H5dl1eYc+77nO85qBcXn7m/d7XjjUajBgwYoKCgoEpB5g8//KDY2FhJ0pNPPqkFCxbIxaX0v/fHH39cK1asaHC9d955p9auXSsPDw+ZzWa98847mjJlSr2vFxQUpK1bt6pPnz4ym83avXu3xo0b1ygh8JYtWzRu3DhJqrH9c1OtkgYAAAAAAMDNIysrS5IUHR1d6zkhISGSaAENAE2mqKhARUWVQ+WqjpvNZhUU5FUaW1Ji0rVrOdc9JpmVn59bZR2FhfmS8svdP19FReU/W9dT8fx/j1W4o1lWdZjNJuXnl/9stvosyepz+XsWFl6rsnYAza+slXJtA0hnZ2c99dRTmjRpktXxkpISzZgxwxIAl2mqcPNmCk0rtn/m+5gAAAAAAABoTATAAAAAsKhPkNqiRQt5eHhYHTOZTHJyqrwX+c0S0jZ3oFw+BL5Z3hEAAAAAAABuTOwBDAAAAEkN35u3tvvZ3gwrXpszhDUYDJb7Ef4CAAAAAACgoQiAAQAAIKlh4WP5vWxrCnibKvxtilbKTRlUl127qtD8ZgjIAQAAAAAAcOOiBTQAAAAk1b/tcUlJiYqLiysdqy7IbKpVro153fKBdmPXWz78rekYAAAAAAAAUB8EwAAAAJBUvwC1qKhIK1as0O7du62Om81mHTt2rFHuYQtlK4rbtm2rtm3b6vz58w26XocOHRQYGFir5ycEBgAAAAAAQEMQAAMAAKDeTCaT9u/fr/3799d6TlMEnE0Vmnbt2lV///vftXbt2kqrnGvL0dFREydOVM+ePS3Hyq+2Lr/aGAAAAAAAAGgoAmAAAABYqW8raFteuyn2AJYkBwcHPfDAA5o4caJKSkrqdQ2j0agWLVpIqjrsJfgFAAAAAABAYyIABoAmcv58gq1LANDEOnXqYOsSmkRTB5JNtVq3KfcWdnFxkVR1gNvYxwAAAAAAAICGIAAGgCZir8EQAPvW1PvPNmXQ2VS113bVcmOPAwAAAAAAAOqDABgAAAAWZa2Um7oFdFlL5IZycXGxqrlspW59GY1GOTk5WT4nJydrx44dOn36dL1bQNfHrFmzmu1eAAAAAAAAsC8EwAAAALCoGP46ODg0SlhrNBol/XcF8IQJE7R161alpKTUa+WuwWCQp6en7r77brVs2dJyPDQ0VLfccotiY2PrfN0WLVpozJgxCggIkNls1rlz5/Tss89q3759KigoqHONDUEADAAAAAAAgPoymJu6zx8A3AQKCwtlMjXvX+4DQEUODi3k7Oxss/tX3I+2uLhYR48eVUpKSoOv3a5dO/Xv318ODg4ym80ymUz68ccfFR8fX6+VtQaDQa1bt1a/fv0sq34NBoNMJpPOnDmjM2fOyGQy1emarVq1UnBwsHx8fGQymfTcc8/po48+avK22FXhj+gAAAAAAAA/b1lZWZKk6OjoWs8JCQmRRAAMAJIIgAHcGG6EALikpKTOwak9unLlisaNG6cTJ07Y5P78ER0AAAAAAODnrSEBMC2gAQAAIKk0dFy7dq3mzJlj61JsrqioSHFxcbYuAwAAAAAAAKgzAmAAAABYJCUl6dtvv7V1GQAAAAAAAADqyWjrAgAAAAAAAAAAAAAAjYMAGAAAAAAAAAAAAADsBAEwAAAAAAAAAAAAANgJAmAAAABYGAwGW5cAAAAAAAAAoAEIgAEAACCpNPx1dHS0dRkAAAAAAAAAGoAAGAAAABYtWrSwdQkAAAAAAAAAGoAAGAAAAJJKVwC3adNGbm5uti4FAAAAAAAAQD0RAAMAAMCiW7du8vX1tXUZAAAAAAAAAOqJABgAAACSJLPZrDZt2qh79+62LgUAAAAAAABAPREAA8BNJuNakcYvi9G9y2J0Jaeo1vPMZmnZ4ctynb5HxSXmJqyw+dnzswHNyWAwyM3NTXfeeaccHBxsXQ4AAAAAAACAeiAABoAbUFZ+sSZ+HKOpW+IqncvIL9YXD/XV74e2029XntDSQ4m1uqbBIE0KCbA6NnzBdzoUn9UoNddWXqFJ3yXU/55V1VzVswGoHwcHB915551q166drUv52aIFNwAAAAAAABqCABgAbkBbT1/V/PAeWhtzRQXFJVbnOnm3lKuzgyb09dOuPwzQk0NqH9I4GA1Wn+eHd1dwG7dGqbm2Vh9P0eGE7HrPr67mis8GoO7MZrPMZrN69eql++67TwYD/13Zwt13323rEgAAAAAAAHATc7R1AQCAyjKuFauDp4tuDfTQf364ot/2L13dejW3SA+vPilJ6ujtom8uZGp8bz+9Ma6LJOkP608r0LOFvruUrUkhAfp1cGudS7umv249q96tXeXs8N/v/RxPzNFTa07p7+O66tZAD/1+3Y9q5ewor5aOMpulhRN7WNX00aFEHb2UrUBPF313KVvv/bKbfFo66S9fnlGAu7OyCoplNEj/uLubvvwxVQ/86wf9+fZAnUjKUWxqvv7zWD85GA1adviyfF2d5Oxg1BO3ttWsqAvKLSxWVoFJQV4u+suoIE35Mk5bT6VpbA8fHb2UpRaORm1+vL9OJudaar6nt2+1zyZJ7+2L18WMAnm3dFTc1WuafW83tXZzasrfNuCmVxb4uri46IknnlBUVJROnz5t46p+Xry8vPTMM8/YugwAAAAAAADcxFgBDAA3mFMpeers01KS9OCAAC07nGQ559vKSSM6eWlQB3ct/lVPbXw8WB98+98W0H8ZGaTpYzrpD8Paa9nhy5KkyRvjNLGfn2bc2Vkv/iLQMrZ/Oze193SRJPm7OWlwB0+1cXfWgvAeemigdTvlo5eyNXd/vBaE99RfwzrqxV8EyiCDFn1zSS5ORr16RyfNvreb4lKv6fPjKbqvj5/MkqaHddK/Hw3WiE4e2vxjmjp5t1Rw21a6u5ePnri1rb65kKmdcWn6+91dNfeX3TVnX7wSswp0X28/+bo66t37umnXMwMVn1Gg7y/nWNVc07Mdis/SZ9HJeve+bnr1jk4a0M5NEdvPNt5vEmDnDAaDgoOD9b//+7/y8PCwdTk/K+PGjdOgQYNsXQYAAAAAAABuYqwABoAbzLrvU3Q1r1jbY9NUbJKOJGQrLvWauvm1rDTWp6WTrhWZJEkFxSX6/HiKHI0GJWQWWFpHHzifqfkTutfq3i2dSr8XNLyjp9XxfecyNbC9h8q6LI/oVHr+mwuZure3n2VcSDt3fXMhU78LaW1dp+t/6yzvSEK2cgpNmhV1QZI0NMhDGdeKrcYYDJJ3SyflV2iFXdOzfXMhS30C/tsmOqSdmz7+LqnSOADVc3Jy0kMPPaTY2Fi9//77KigosHVJds/b21tPPPGEXFxcrj8YAAAAAAAAqAYBMADcQEwlZhWXmPXufd0sx7IKirT8yGXN+r82z9VZeTRJlzILtGBiD+2MS9eJpByZzVJxSYkauo2n4f9qq4q53OESs1l1vVV3P1dNH9PR6tjesxnXnXe9ZzOXK6zErDrXBfxcmc1mSytoT09PTZ8+XVlZWVq5cqWKiopsXJ19GzNmjIYNG8beywAAAAAAAGgQWkADwA3kq9NpurWDdbvV8b399K9jSSoyVR3AlknKLpK7i4Ok/4afBoMU3NZNe85cP1CtyYhOHvr6fIYy861X597W0VMnknItn49eytHwjjW3izUaDMovKl3NO6Cduw5cyFR6Xt1DpZqe7baOnjqRnFOuruxKq5oBVM1gMMhsNlv+q0rgngAAIABJREFUP+Ln56fZs2dr8uTJatWqlY2rs18eHh565JFH5ObmZvUFFgAAAAAAAKCuWAEMADeIPWcz9ObuCxrX00cju3qplbODsvKL9X1SrlJyivTS5jg9Nritjl/OVpGpRJezCvRtfJbMKl0xG97XTw+sOqGreUVq695C8ZkFOnopW+/d112TN8YqMjZNbdyd5exg0KaTqfJ1dVJCZr6i4tLU2cdF0YnZKjSZdSIpV/3aWIc8gzp46K9hHRW+4nt19HaRj6uT/nx7Bz07vL2mfHlGr351VjkFJerd2lW/7R9gWcEbGZumWzu464fkPLk6GZWZX6xRXbw0I/K8cgtLNH1MRz02uK1+/ekJdfd3VSdvF70yuqP2nctUSk6Rjl3KliSl5hZp99l0FZeYLTUP7OBe7bNN7Oevhwa00Qv//km+rZx0Pj1fs+/tVvGVA6hG+RWoBoNBvr6+mjlzprp3766XXnpJOTk5NcxGfdx+++0KDQ2VJFYAAwAAAAAAoEEMZpYYAIAKCwtlMrG/JQDbcnBoIWdnZ5vdv6z9c/mf0n8DyZKSEs2dO1dTp06lHXQj8vDw0PLlyzVx4kTCXwAAAAAAAEiSsrKyJEnR0dG1nhMSEiKJFtAAAAD4P2XhY8WfZYxGo373u9+pa9euzV6bPRs2bJhuv/12y/vm+5kAAAAAAABoCAJgAAAA1IrZbJaPj486depk61Lshru7ux5++GH5+PjYuhQAAAAAAADYCQJgALhBuE7fw89m+Amgemaz2fJP2efy56r6NerPYDBozJgxGjdunIxGI+8VAAAAAAAAjYI9gAFA7AEM4MZg6z2AyyvbB7jisaSkJI0ePVqnT5+2UWX2wWAwaMCAAVq8eLFuvfVWq+MAAAAAAAAAewADAACgUVW1H63BYNDhw4d15swZW5VlFwwGg4YMGaI5c+Zo0KBBVnsu891MAAAAAAAANJSjrQsAAADAja0slDQYDHJycpLRyHcI68NoNKp9+/YKDw/Xs88+q549e1paP5eFv6wABgAAAAAAQEMRAAMAAMCiYghZMZAMDQ3V66+/rm3btqm4uLi5y7spOTk5qVu3burfv79uv/129ejRQy4uLlZjyu+7TAgMAAAAAACAhmAPYAAQewADuDHcKHsAl1/xWzGQNJvNMplMKijg/5l14ejoWGn1dHVhLyEwAAAAAAAAGrIHMCuAAQAAYKWmFcBSaZjp4OBgtU9wdS2Myx+rblzFfYYrfj+xuv2IGzKufC3Xm9uU46p7BwAAAAAAAEB9EQADAABAUuWAtmKYWV75cWXnrxe2Xm9cVXPK6mrKcWaz+boBrK3GAQAAAAAAAHVFAAwAAABJsgpoy37WFNSWVz5grTim4mrf6sZd77pNNa42z2TLcQAAAAAAAEBdEAADAACgVqpq51z+12VhccXQWKq6/XFN4yret7HHVfccZXMqstU4AAAAAAAAoK6Mti4AAAAAN4aylsRVBbQVf12xRXT5Ns8V2z1XXFFc3bgyZcfLX7+xx1UXulYMjG01DgAAAAAAAKgvVgADAABAUvWtmsvOVQwvqwuBqwo5axpX/nx1ewg3xbia6iw/1hbjAAAAAAAAgPoiAAYAAEAlVbVILh/eVhxX/vz1xta0Ard8ONyU4yo+Y8Waq9qruLnHAQAAAAAAAPVBAAwAAIAaVdViuex4dUFx+Z8Vr1VVEFpVOFsxDG3sceXPVZxXXSvp5hoHAAAAAAAA1Bd7AAMAAMCiqpbJ5YPf6vYHrm51a1nL4+utgi1/v6r2IW7qcRWf39bjAAAAAAAAgPpiBTAAAAAsatPGuXygW9Oq2uu1Z75RjpXVWV37aFuPAwAAAAAAAOqCABgAAABWqtvjV6q6XXF1LYxrO67iqteqVvE29riq2kRXHGvLcQAAAAAAAEB9EQADAACg1mray/Z6K22rG3e9z00xrq61NPc4AAAAAAAAoL7YAxgAAAAAAAAAAAAA7AQBMAAAAAAAAAAAAADYCVpAA8D/cXBoYesSAAAAAAAAAAAAGoQAGAAkOTs727oEAAAAAAAAAACABqMFNAAAAAAAAAAAAADYCQJgAAAAAAAAAAAAALATBMAAAAAAAAAAAAAAYCcIgAEAAAAAAAAAAADAThAAAwAAAAAAAAAAAICdIAAGAAAAAAAAAAAAADtBAAwAAAAAAAAAAAAAdoIAGAAAAAAAAAAAAADsBAEwAAAAAAAAAAAAANgJAmAAAAAAAAAAAAAAsBMEwAAAAAAAAAAAAABgJwiAAQAAAAAAAAAAAMBOEAADAAAAAAAAAAAAgJ0gAAYAAAAAAAAAAAAAO0EADAAAAAAAAAAAAAB2ggAYAAAAAAAAAAAAAOwEATAAAAAAAAAAAAAA2AkCYAAAAAAAAAAAAACwEwTAAAAAAAAAAAAAAGAnCIABAAAAAAAAAAAAwE4QAAMAAAAAAAAAAACAnSAABgAAAAAAAAAAAAA7QQAMAAAAAAAAAAAAAHaCABgAAAAAAAAAAAAA7AQBMAAAAAAAAAAAAADYCQJgAAAAAAAAAAAAALATBMAAAAAAAAAAAAAAYCcIgAEAAAAAAAAAAADAThAAAwAAAAAAAAAAAICdIAAGAAAAAAAAAAAAADtBAAwAAAAAAAAAAAAAdoIAGAAAAAAAAAAAAADsBAEwAAAAAAAAAAAAANgJAmAAAAAAAAAAAAAAsBMEwAAAANDKlSv161//WqGhoQoLC1NWVpbV+fT0dI0aNUqhoaEKDw/XsmXLJEkLFy5UeHi4UlNTG62WpUuXKjQ0VI899lijXbMmJ06c0Pjx4xUaGqqzZ882+Hp/+9vfFBoaqunTp9d6zunTpxUeHq7Q0FDFxMQ0uIb6iI+P14svvqiDBw/a5P5NJSYmRs8++6xmzZql6dOn680331ReXt515+3cuVPjx4+3vI9r167p0Ucf1dy5c5u6ZAAAAAAAgAYhAAYAAIAeeugh3XbbbWrRooUKCwu1bds2q/ObN2+Wg4ODJGngwIF64oknJJWGhqmpqcrOzm60WkaPHt1o16qNfv36KSAgoNGuFxYWVuc5PXv2VIcOHRqthrrasWOHtmzZolOnTtmshqZy9epVPfXUU5o+fbpmzZqlK1euaPny5dedFxYWJg8PD8vntWvXavLkyZo8eXJTlgsAAAAAANBgBMAAAACwGDNmjCRp48aNlmMlJSXavHlzlcHmjBkz9Nlnn6lz586NXoujo2OjX7M6BoOh0a5lNN58f8S+44479Mwzz6hFixa2LqXRDRo0SLfccovlc8+ePXXy5MlazS3/78XDDz+sgQMHNnp9AAAAAAAAja35/lYNAAAAN7xRo0Zp//79On/+vGJiYhQcHKxvv/1WXbp0kb+/v9XYH374Qa+88orS09O1aNEiBQcHKyoqSsuXL5fBYJCvr69effVVJSQk6C9/+Ytyc3MVFhamkydPKjMzU+PHj1f79u21YcMGJScn68EHH7Rq+5yRkaE33nhDhw8flqenp1588UUNGDBAs2fP1n/+8x8FBgZq7ty5euONN+Tr66sZM2bo008/1VdffSVnZ2e5ublpypQpCgwMrPScycnJmj17ts6dO6du3bopISHB6nxVz+Hr66v3339fMTExMpvNMhgMWrRokSRp/fr1Wr16tXx9fWUymayulZmZqbffflvx8fHKzc3Vgw8+qPDw8Gp/D/bu3at3331X8fHxuvPOO/XKK69Ikt544w0lJCTIaDQqISFBDzzwgCZNmiRJ+v777zV//nzl5ubK3d1dvXr10p/+9CfFxsbqnXfeUX5+vkwmk6ZOnap+/frV4d8IawcPHtSmTZvk5eWluLg4LVmyRGazWUuXLtWFCxdUUlKinj176pFHHlFkZKTeeustjRgxQpcuXVJiYqJ++ctfymg06ujRo7pw4YJefvll3XHHHZKkN998U5KUm5srFxcXTZs2TadPn9aMGTPUtm1bOTk56fTp0+rXr59mzZolg8GgDRs26MiRI/Ly8tLZs2f197//XV5eXlY1l1/FK0mpqamVxpRJTEzUnDlz5O3tLVdXV6Wnp0sqXUW8YMECJSUlafHixZJU7b2rekcAAAAAAADN6eZbngAAAIAm4+TkpLvvvluStGnTJknSv//9b02cOLHS2L59+6pjx46Wz4mJiZo5c6a6du2qt956S0eOHNEnn3yi/v37q3v37pKkkSNHavHixSopKdGaNWvUu3dvzZw5U9euXdMnn3xidX03Nzf9v//3//T+++/r3Llz+tvf/iaTyaTnn39eUum+xNOmTZO7u7vMZrP27dunJUuW6O6779aiRYt04sQJRUREVPmcs2bN0sGDB/XWW2/prbfeUvv27a/7HN9//71WrlypmTNnavHixerTp48k6fjx43r33XfVtWtXLV68WI8++qjVvRYtWqRdu3Zp5syZ6t+/v+bMmaOrV69W+3vQo0cPzZ49W46Ojtq8ebOSk5Mlla6IXrx4sRYuXKiSkhItWrRI2dnZSktL08svv6zMzEwtX75cCxcuVFpamkwmk1599VUlJSVp2bJlysvL01tvvVXtfWtj3rx5+sMf/qApU6bo4YcfliTt379fO3fuVEREhF5//XWtXr1asbGxGjt2rNzd3TV+/HgtXbpUM2bM0Oeff65HH31US5Ys0UMPPaQ1a9ZYrt2rVy+98sormjFjhqKionT+/Hn16tVLPXv2VEhIiGbPnq1PP/1UBw8e1E8//SSpdLX1zJkz9fLLL8vZ2Vk7d+687jP8+OOPGjt2bJXnXnvtNY0YMULTpk3Tn/70J0tQ7Ovrq2HDhlmNre7eVb0jAAAAAACA5kQADAAAACsTJkyQVLoKNi4uTvHx8br11luvO+/QoUMymUwKDAyUn5+fpNKwrTx/f3/5+/urdevWkiQvLy916dJFrq6uKiwsVGFhYaXrtm3bVoGBgUpJSVFKSorluMlk0rx58zRr1iyFh4frwIEDkqSgoCC5uLioffv2On36tFJTU62ul5OTo6NHj8rHx0fdunWr9XOUrex96aWXtGHDBj355JOSpD179kiShg4dWuV7+eabbyRJ7du3l5+fn0wmk2JjY6t9j23atJG/v78llM7KypIkTZkyRQaDQQaDQd7e3pJKVxfv379fubm5Gjp0qJydneXg4KDnn39ely5dUkJCgtq1ayej0Sg/Pz+dO3euyndcW25ubvr444+VnJys0NBQSaWrgoODg+Xg4CBHR0d17txZP/zwg2VOWSvv7t27q7i42NIiu3PnzlZ7R5etinZ0dFSrVq2Ul5dX6f6enp7y9va2vJOyFcVS6Urf3NzcGuvftm2bunTpopEjR1Y6l5ycrFOnTmnUqFG1ehfV3buqdwQAAAAAANCcaAENAAAAK0FBQQoJCVF0dLSmTZum8PDwWu2Rm5GRIak0ZIuOjlZAQEC1e8qWXc9sNlt9rk7Lli0llbYH9vT0lFS6AtPV1VWSFBISotWrV0sqXcUsyXLv9PR0S5ArybL61s3NrU7PERwcrNtvv1179+7V22+/rdWrV2vZsmWWgLm662VmZkqSJk+erJycHAUEBKioqKjG55Ws30lxcbFWrFihw4cPy8/PzyoIT0tLkyRLKCxJAQEBiomJkSSdPXtWL7zwgrKzsxUQEKCcnBz5+Phc9/5VmTZtmubPn6/7779fYWFh+utf/6q0tDSlpKRo7ty5kiQXFxc5OzvX6bomk0mrVq1Senq6WrVqpWvXrtVq3s6dO3Xs2DF5enrq3LlzlpXmVTl+/Lj27dunGTNmVHm+7PexYsvout67qndU9u8kAAAAAABAcyAABgAAQCUTJkxQdHS0rly5onvuuadWc8pCxbvuuktPP/10o9ZTtlK0TZs21Y4pC0DLwtWCggKrusqUBcjlV5+WV91z5OTkKCIiQnFxcVq1apV2795t2QO27Hx1daWmpmru3LlycHCo+UGrsX79eq1YsUK//e1v9cc//lEPP/ywzp07J0mWvZnLguvy95WkLl26aMGCBfW6b0WdOnXSO++8o6SkJP3xj3/Unj175ObmJn9/f02ePLne142KitKhQ4c0f/58SaX7617PlStX9I9//EMbN25Uy5YtdfHixWrHxsTEaOPGjYqIiKg2jHV3d5dUuuK6uj2Ca3Pvqt5R2T7HAAAAAAAAzYEW0AAAAKhk1KhR8vT01OjRo68bhpUZOnSoHB0d9fXXX1va99Zmpev1xMfHKzExUSNHjqx2la0kjRgxwjI+Pz9fly5dUq9eveTr62s1zsvLSz169FB6erpOnTolSSopKbnucxw9elRRUVHq06ePpk6dKkny8/PTkCFDJMnSgrpsVXPFurZv3265V1k76doqq6P8Kt8yw4YNk6urq/bs2WPZL7iwsFDt27dXp06dFBsbq/Pnz1ueoyE+/fRTSaVBfPfu3WUwGDRw4EB9/fXXlQLourh69aolmDWZTJXeYXVzjEajJVQvLi6uctyxY8e0cuVKPf7440pNTdXly5eVlJRUaVz79u0VEBCgr776qkH3ruodAQAAAAAANCeHiIiICFsXAQAAANtauXKlIiMjdfr0afn4+KhTp07KyMjQXXfdpYCAAK1atUpbt25Vdna2MjIylJeXJ0dHR61fv175+fkqKirSvffeq65du+rIkSNatmyZdu/ebQm/1q5dq2vXrsnV1VWurq7asGGDioqK5ObmpsLCQm3btk1ms1kBAQHq0aOHkpOTlZmZqcjISG3atEnDhg3TlClT1KJFC3388ceKjo5WSUmJ8vPzLfsTBwYGytHRUdu2bdP27dvVoUMHTZs2zbLit7zg4GCdOXNGa9asUWRkpDIzM5WXl6fs7GyNHz++yucICgrS4sWL9fXXXysyMlL33nuvxo4dq8DAQEmle/1u2LBBJ0+eVGpqqjIzM9WvXz/deeedunr1qtavX6/169fr6NGjGjRokKV9tSSdOnXK6h15eXlp3bp1KigokIuLi8LDw3Xs2DF99913SkxMVFJSkjIyMuTt7a3hw4erf//+On36tJYtW6atW7fqypUrGjp0qAYMGKC4uDh9/PHH2rZtm86fP28JpMvbtWuXIiMjFR0drZycHCUlJalLly6VWjmvXLlShw8f1qFDh2Q0GvXggw+qW7duyszM1AcffKD9+/fr9OnT6tGjh44fP67IyEg5OjqqV69e2rx5s7777jt5enqqXbt2Wr9+vX766Sf16NFDwcHBWrdunXbs2GEJaDMyMhQYGKgNGzYoOztbwcHBiomJ0fbt2+Xs7Kxx48bp+PHjWrlypWJjY1VQUKC4uDgNHjzY6osCH374oXbv3q21a9dqzZo1WrNmjdauXavHH3/c6tmMRqP69OmjTz75RFu3btXx48d18eJFZWVlqX379tqyZYvOnTsnHx8fDR48WNHR0VXe+9///neld1S2VzAAAAAAAEBtlXW3q+qL7NUp655nMNfm6/UAAAAAAAAAAAAAgGaRlZUlSYqOjq71nJCQEEm0gAYAAAAAAAAAAAAAu0EADAAAAAAAAAAAAAB2ggAYAAAAAAAAAAAAAOwEATAAAAAAAAAAAAAA2AkCYAAAAAAAAAAAAACwEwTAAAAAAAAAAAAAAGAnCIABAAAAAAAAAAAAwE4QAAMAAAAAAAAAAACAnSAABgAAAAAAAAAAAAA7QQAMAAAAAAAAAAAAAHaCABgAAAAAAAAAAAAA7AQBMAAAAAAAAAAAAADYCQJgAAAAAAAAAAAAALATBMAAAAAAAAAAAAAAYCcIgAEAAAAAAAAAAADAThAAAwAAAAAAAAAAAICdIAAGAAAAAAAAAAAAADtBAAwAAAAAAAAAAAAAdoIAGAAAAAAAAAAAAADsBAEwAAAAAAAAAAAAANgJAmAAAAAAAAAAAAAAsBMEwAAAAAAAAAAAAABgJwiAAQAAAAAAAAAAAMBOEAADAAAAAAAAAAAAgJ0gAAYAAECVsrKy9Oyzzyo0NFQrVqywdTmSpIULFyo8PFypqamVzm3evFmhoaG65557bFAZAAAAAAAAcGMgAAYAAECVPDw8NHjwYFuXYSU+Pl6pqanKzs6udC4sLMwGFQEAAAAAAAA3FkdbFwAAAIAbn8FgsHUJkqQZM2YoNTVVgYGBlc4ZjXy3EQAAAAAAACAABgAAgHJzc/W3v/1NRUVFSk1N1dChQ/Xcc89Zzp85c0Z//vOfFRMToy5duujdd9+Vm5ub1q1bp02bNsnf318nTpzQ8OHDNW3aNP3444+aOXOmLl++rBkzZigrK0sfffSRXnrpJb333nvKyMjQgAEDVFhYqISEBI0ZM0aTJ0+Wg4NDtTX+8MMPeuWVV5Senq5FixYpODhYx48f13vvvafi4mIFBAQ0x6sCAAAAAAAAbmgskwAAAIDWrVun8+fP65133tHSpUsrrab19PTUzJkz1aNHD508eVL79u2TJKWmpmrOnDmaPXu2Bg8erMjISB04cEC33HKLRo4cKUlavXq1tm3bptatW6t79+4aPny4JOnee+/VkiVLNGLECK1fv16RkZE11ti3b1917NjR8jk3N9cSCH/44YeaOXNmY74SAAAAAAAA4KZEAAwAAACZTCYlJCToL3/5iw4ePKjf//73Vud9fX3l5uam3r17S5JlD96nnnpK3t7ekmT5mZmZaTX3tttu04cffqiIiAh5enpajpe1lS7bZ/jYsWN1qvno0aPKzs5W//795eLiUqe5AAAAAAAAgL2iBTQAAAB03333aceOHTpw4IAOHDigsLCwKlfUVtwLePv27fryyy/VokULJSQkVHltd3d3SVLnzp2rPN+qVStJ/w2Va+vq1auSJDc3tzrNAwAAAAAAAOwZK4ABAAAgBwcHffLJJ/rHP/6h7t27a+fOndcNZOPi4vTGG28oNzdX//znPzVkyJB63Ts3N1eS5O/vX6d5ZauJ6xocAwAAAAAAAPaMABgAAAD69NNPlZycrF/84hd67LHH5OrqKldX1xrnlAW3Xl5elfYMrovDhw9LksLCwuo0LyQkRM7OzoqOjta1a9dkNpvrXQMAAAAAAABgLxwiIiIibF0EAAAAbCspKUnz58/Xt99+q6NHj+r555+Xr6+vPvroI6Wmpio/P18jRozQ8uXLlZaWpmvXrul3v/udLl68qGPHjunixYu6cuWKEhISVFxcrI4dO+qLL75QWlqacnNzFRQUpICAAEnSvn37FBcXp4SEBG3btk3nz5/X008/rdGjR9dYY0xMjNavX6/8/HwVFRVp3Lhx6ty5s2JiYrR69Wp9/fXXyszMVEFBgTw9PS37FQMAAAAAAAA3m4KCAkmlf29XW23atJEkGcwslQAAAEAzmjVrlrZu3arXX39dY8aMsXU5AAAAAAAAwA0nKytLkhQdHV3rOSEhIZIkxyapCAAAALiO4uLiSscef/xxJSYmVjl+6tSpdW4TDQAAAAAAAPzcEAADAACg2Vy4cEEnTpyQJH355Zfq06ePAgMDLefffvttmUymKud6eHg0S40AAAAAAADAzYwW0AAAAAAAAAAAAABwA2lIC2hjk1QEAAAAAAAAAAAAAGh2BMAAAAAAAAAAAAAAYCcIgAEAAAAAAAAAAADAThAAAwAAAAAAAAAAAICdIAAGAAAAAAAAAAAAADtBAAwAAAAAAAAAAAAAdoIAGAAAAAAAAAAAAADshKOtCwAAAMCNIz4+Xu+++67uv/9+DRs2zHL84sWLmjdvnry9vZWamqoXX3xRQUFBN9W5mp4PAAAAAAAAsBesAAYAAIAkaceOHdqyZYtOnTplddxsNuvVV1/V/fffr+nTp+t//ud/9Nprr91U52p6PgAAAAAAAMCeEAADAABAknTHHXfomWeeUYsWLayOx8bG6tKlSxo8eLAkafjw4bpw4YJiY2NvmnM1PR8AAAAAAABgT2gBDQAAgBrFxcWpdevWMhgMkiQHBwe1bt1acXFxMpvNN8W57t27N+s7AwAAAAAAAGyFABgAAAA1yszMrLRqtmXLlsrMzJTZbL4pzgEAAAAAAAA/F7SABgAAQL2UrbS9mc8BAAAAAAAA9oYVwAAAAKiRp6en8vPzrY7l5eXJw8NDZrP5pjgHAAAAAAAA/FwQAAMAAKBG3bt3V0pKisxmswwGg4qLi5WSkqLu3bvLbDbfFOcAAAAAAACAnwtaQAMAAKBG3bp1U4cOHXTkyBFJ0sGDB9WpUyd169btpjkHAAAAAAAA/FwYzGaz2dZFAAAAwPZ27dqln376SWvWrNGQIUPUt29fTZgwQW5ubrpw4YLmz5+vgIAAJScn649//KOCgoIk6aY5V9PzAQAAAAAAADeSrKwsSVJ0dHSt54SEhEgiAAYAAAAAAAAAAACAG0pDAmBaQAMAAAAAAAAAAACAnSAABgAAAAAAAAAAAAA7QQAMAAAAAAAAAAAAAHaCABgAAAAAAAAAAAAA7AQBMAAAAAAAAAAAAADYCQJgAAAAAAAAAAAAALATBMAAAAAAAAAAAAAAYCcIgAEAAAAAAAAAAADAThAAAwAAAAAAAAAAAICdIAAGAAAAAAAAAAAAADvhaOsCAAAAcGO5cuWKfvWrX8lsNmvRokUKDg62dUlVWrx4sbZs2aKAgAAVFxcrLi5OktSvXz8VFxcrMTFRL7zwgu65555qr2EymfT5558rMjJSubm58vf317Vr1+Tv768nnnhCvXr1aq7HAQAAAAAAABoFATAAAACsREVFyWAwyGw2a/v27c0SAH/xxRcaNmyYgoKC6jTvzTffVN++fXX27Fk98sgjMhqNev/99yVJX375ZY1zzWaz/vrXv+rAgQN69NFH9eSTT8poNMpkMun999/X2bNnCYABAAAAAABw06EFNAAAAKzs2LFDDz74oCRp165dMplMTXq/I0eOaN68eYqPj6/TvICAAAUEBFR7PigoSF5eXtWe3717tw4cOKDAwEDeliucAAAgAElEQVQ99dRTMhpL/2js4OCgUaNGqWXLlnWqBwAAAAAAALgRsAIYAAAAFvHx8TIajZo0aZI+++wzZWRk6PDhwxo2bJhlzPfff6/58+crNzdX7u7u6tWrl/70pz8pNjZW77zzjvLz82UymTR16lQZDAZNnTpVGRkZGjBggAoLC5WQkKAxY8Zo8uTJ+vbbb/XPf/5TUmlL59jYWD322GN64403lJCQIKPRqISEBD3wwAOaNGmSVa2/+tWvanwWZ2dnRUREKC8vT/fcc4+mTZumL774QsuWLdO8efO0b98+SdLgwYNlMBis5vbt21d9+/ZtjFcKAAAAAAAANCtWAAMAAMBix44duuOOO+Tu7q4hQ4ZYjpVJS0vTyy+/rMzMTC1fvlwLFy5UWlqaTCaTXn31VSUlJWnZsmXKy8vTW2+9pb59+2r48OGSpHvvvVdLlizRiBEjtH79ekVGRuq2226ztFl+9tln9dhjj0mSHB0dtXjxYi1cuFAlJSVatGiRsrOz6/QsPXv2tOz/265dO0mlq4LHjRunHj166NKlS5Kk1q1bN+CNAQAAAAAAADcWAmAAAABY7Ny5U2FhYZKkO+64Q5K0d+9eFRYWSpL279+v3NxcDR06VM7OznJwcNDzzz+vS5cuKSEhQe3atZPRaJSfn5/OnTtnmSfJssp28ODBkqRjx45VW8eUKVNkMBhkMBjk7e0tScrMzKzz80yYMEGStGnTJpWUlCgyMlLjx4+XVLoHsCQVFRXV+boAAAAAAADAjYoW0AAAAJAk/fTTT0pOTta0adMkSSaTSUajUXl5efr66681evRopaWlSZIllJVK9+KNiYmRJJ09e1YvvPCCsrOzFRAQoJycnEr3adWqlSRVu6K3uLhYK1as0OHDh+Xn56eUlJR6P1Pnzp0VHBysmJgY7dq1SykpKerWrZskqW3btjp58mSV1zebzSooKJCLi0u97w0AAAAAAADYAiuAAQAAIKm01fPkyZP1wQcf6IMPPtDSpUt1++23W85Jkr+/vyQpIyPDam5ZINylSxctWLBAq1at0rp16+Tj41PpPrm5uVbXqmj9+vVasWKF+vbtq1mzZjW4RXN4eLgk6e2339aYMWMsx0ePHi1JOnjwoIqLi63mXLx4UcuXL2/QfQEAAAAAAABbIAAGAACAzGaz9u7dq5EjR1odHzdunCTpwIEDysnJ0bBhw+Tq6qo9e/YoOTlZklRYWKj27durU6dOio2N1fnz5yVV31r58OHDkmRpNe3q6ipJunr1qiQpLy9PkvUq44YYNWqUPDw8VFBQYGlrLUkjR47UqFGjlJqaqg8++EAlJSWSSt/Fvn375OhIsxwAAAAAAADcfBwiIiIibF0EAAAAbGvevHk6ceKECgoKdOutt0qS8vPztWrVKsXFxamkpERnzpzRfffdp5CQEJ0+fVrLli3T1q1bdeXKFQ0dOlQDBgxQXFycPv74Y23btk3nz5/XiBEjtG/fPsXFxSkhIcFy/Omnn7aswPX19dXRo0e1d+9eXbp0Sb/5zW907Ngxfffdd0pMTFRSUpIyMjLk7e2tkJCQSrVv3bpVK1eu1OXLl2U2m3XmzBl5e3urbdu2kiQHBwelp6crICBAY8eOtcwzGAwaNWqUvLy8tHfvXq1atUr79u3Tf/7zH2VlZWncuHFq06ZNM7x9AAAAAAAAwFpBQYEkKSkpqdZzyv4uy2A2m81NUhUAAAAgadasWdq6datef/11qxbMzWn+/PkaMWKEBg4caJP7AwAAAAAAAHWRlZUlSYqOjq71nLLFE7SABgAAQLOouM9uU7t48aJ27typlJQU/fjjj4S/AAAAAAAA+FlgYzMAAAA0mQsXLujEiROSpC+//FJ9+vRRYGBgs91/3rx58vb21vTp05vtngAAAAAAAIAt0QIaAAAAAAAAAAAAAG4gtIAGAAAAAAAAAAAAABAAAwAAAAAAAAAAAIC9IAAGAAAAAAAAAAAAADtBAAwAAAAAAAAAAAAAdoIAGAAAAAAAAAAAAADsBAEwAAAAAAAAAAAAANgJAmAAAAAAAAAAAAAAsBMEwAAAAKjkN7/5jZ577rkGXeNf//qXXnvttUaqSNq5c6fGjx+vgwcPNto1AQAAAAAAAHtDAAwAAAArp06dUmFhoWJiYpScnFzreWlpaYqLi7N8HjhwoMaMGdNodYWFhcnDw6PRrgcAAAAAAADYIwJgAAAAWNm1a5defPFFOTs7KyoqqtbzPv/8c505c8byuXfv3ho5cmSj1mYwGBr1egAAAAAAAIC9cbR1AQAAALixREdH6/e//72GDx+uqKgoTZo0yer8iRMn9Omnn8rf31/Z2dkKDAzUgAEDtG3bNgUFBSk+Pl4TJ07UggULlJSUpMWLF2vOnDlat26dnnvuOU2aNEmJiYmaO3eu/P399fLLL+vNN9+UJOXm5srFxUXTpk2TwWBQYmKi5syZI29vb7m6uio9Pd1SR2JiohYtWiRvb2+lpqaqf//+euCBB5r1XQEAAAAAAAA3GgJgAAAAWPz000/q0qWLHBwcNGbMGL322mtKSEhQhw4dJEnZ2dmaMmWKFixYoK5du0qSlixZokGDBqldu3YaP3687rrrLknSsGHDtGHDBknSCy+8oKioKPn5+UmS2rVrJwcHBz3//POSpF69eik8PFzFxcUaO3asJk2apM6dO+u1117T+PHjFR4eLkk6dOiQpdaIiAg98MADCgsLU1FRkR588EF16tRJw4YNa56XBQAAAAAAANyAaAENAAAAi127diksLEySdNttt8nFxUU7duywnD906JA8PDws4a8kPfbYY9e9rpOTk+655x5t3LhRkpScnCxfX1+1bNlSkiwBr6Ojo1q1aqW8vDwlJyfr1KlTGjVqVKXrpaam6uTJkxowYIDl+oMGDdK+ffvq+eQAAAAAAACAfWAFMAAAACwOHDig+Ph4bdq0SZLk6empqKgoS8h79epVubu7W81p0aJFra49YcIEffbZZ7p48aKioqI0fvx4SZLJZNKqVauUnp6uVq1a6dq1a5JKQ15J8vDwqHStslbQrVq1shxzd3dXfHx8XR4XAAAAAAAAsDsEwAAAAJAkxcXFqXfv3nrllVcsx/bs2aPp06fr7Nmz6tKli3x9fZWWllav67dv316DBw/Wxo0blZycrMcff1ySFBUVpUOHDmn+/PmSZGkbXRY0Z2VlycvLy+paPj4+kqScnBzLr7Ozs+Xr61uv2gAAAAAAAAB7QQtoAAAASJJ27typsWPHWh0bPny4XF1dLW2gBw8erJycHO3cubPSfEdHR2VnZ9d4j/DwcK1du1aDBg2yHLt69aqcnJwkla4GNpvNkkoD44CAAH311VeVruPr66u+ffvqyJEjkqTi4mJ99913Cg0NrcMTAwAAAAAAAPbHISIiIsLWRQAAAMC2tm7dqjVr1sjPz09du3aVs7OzJCkyMlKnTp3SqVOnZDQaNXDgQAUHB2vp0qXauHGjDh8+rPT0dPXp00d5eXlasWKFLly4oICAAG3ZskXnzp2Tj4+PZc/gwMBAbd++XX/+858toa+fn5/WrVunHTt26PLly0pKSlJGRoZ+8YtfqE+fPvrkk0+0detWHT9+XBcvXlRWVpZGjBihIUOGaM2aNYqJidGWLVs0evRojRs3zmbvEAAAAAAAAGgsBQUFkqSkpKRaz2nTpo0kyWAuW2IBAAAAAAAAAAAAALC5rKwsSVJ0dHSt54SEhEiiBTQAAAAAAAAAAAAA2A0CYAAAAAAAAAAAAACwEwTAwP9v7+5jvSwLP45/zgHEzuEcnhIU5cEwFHB4wlYuTSFz4R9uxmLEcAlrGNGEKOcimzHSkTNL89doFU6UbA21x6GsmQiSRyoeSoQ46lAGw8nTgQMcPMD5/YGeSciDYkEXr9c/53zv731d9/X98g/b+1z3DQAAAAAAAIUQgAEAAAAAAAAKIQADAAAAAAAAFEIABgAAAAAAACiEAAwAAAAAAABQCAEYAAAAAAAAoBACMAAAAAAAAEAhBGAAAAAAAACAQgjAAAAAAAAAAIUQgAEAAAAAAAAKIQADAAAAAAAAFEIABgAAAAAAACiEAAwAAAAAAABQCAEYAAAAAAAAoBACMAAAAAAAAEAhBGAAAAAAAACAQgjAAAAAAAAAAIUQgAEAAAAAAAAKIQADAAAAAAAAFEIABgAAAAAAACiEAAwAAAAAAABQCAEYAAAAAAAAoBACMAAAAAAAAEAhBGAAAAAAAACAQgjAAAAAAAAAAIUQgAEAAAAAAAAKIQADAAAAAAAAFEIABgAAAAAAACiEAAwAAAAAAABQCAEYAAAAAAAAoBACMAAAAAAAAEAhBGAAAAAAAACAQgjAAAAAAAAAAIUQgAEAAAAAAAAKIQADAAAAAAAAFEIABgAAAAAAACiEAAwAAAAAAABQCAEYAAAAAAAAoBACMAAAAAAAAEAhBGAAAAAAAACAQgjAAAAAAAAAAIUQgAEAAAAAAAAKIQADAAAAAAAAFKL9oEGDTvYaAAAAAAAAAHhLfX39+x5rBzAAAAAAAABAIQRgAAAAAAAAgEIIwAAAAAAAAACFEIABAAAAAAAACiEAAwAAAAAAABRCAAYAAAAAAAAohAAMAAAAAAAAUAgBGAAAAAAAAKAQAjAAAAAAAABAIQRgAAAAAAAAgEIIwAAAAAAAAACFEIABAAAAAAAACiEAAwAAAAAAABRCAAYAAAAAAAAohAAMAAAAAAAAUAgBGAAAAAAAAKAQAjAAAAAAAABAIQRgAAAAAAAAgEIIwAAAAAAAAACFEIABAAAAAAAACiEAAwAAAAAAABRCAAYAAAAAAAAohAAMAAAAAAAAUAgBGAAAAAAAAKAQAjAAAAAAAABAIQRgAAAAAAAAgEIIwAAAAAAAAACFEIABAAAAAAAACiEAAwAAAAAAABRCAAYAAAAAAAAohAAMAAAAAAAAUAgBGAAAAAAAAKAQAjAAAAAAAABAIQRgAAAAAAAAgEIIwAAAAAAAAACFEIABAAAAAAAACiEAAwAAAAAAABRCAAYAAAAAAAAohAAMAAAAAAAAUAgBGAAAAAAAAKAQAjAAAAAAAABAIQRgAAAAAAAAgEIIwAAAAAAAAACFEIABAAAAAAAACiEAAwAAAAAAABRCAAYAAAAAAAAohAAMAAAAAAAAUAgBGAAAAAAAAKAQAjAAAAAAAABAIQRgAAAAAAAAgEIIwAAAAAAAAACFEIABAAAAAAAACiEAAwAAAAAAABRCAAYAAAAAAAAohAAMAAAAAAAAUAgBGAAAAAAAAKAQAjAAAAAAAABAIQRgAAAAAAAAgEIIwAAAAAAAAACFEIABAAAAAAAACiEAAwAAAAAAABRCAAYAAAAAAAAohAAMAAAAAAAAUAgBGAAAAAAAAKAQ7U/2AgBOBRdffPHJXgIAAAAA8JYXXnjhZC8B4H+WAAwQ/6EEAAAAAADK4BbQAAAAAAAAAIUQgAEAAAAAAAAKIQADAAAAAAAAFEIABgAAAAAAACiEAAwAAAAAAABQCAEYAAAAAAAAoBACMAAAAAAAAEAhBGAAAAAAAACAQgjAAAAAAAAAAIUQgAEAAAAAAAAKIQADAAAAAAAAFEIABgAAAAAAACiEAAwAAAAAAABQCAEYAAAAAAAAoBACMAAAAAAAAEAhBGAAAAAAAACAQgjAAAAAAAAAAIUQgAEAAAAAAAAKIQADAAAAAAAAFEIABgAAAAAAACiEAAwAAAAAAABQCAEYAAAAAAAAoBACMAAAAAAAAEAhBGAAAAAAAACAQgjAAAAAAAAAAIUQgAEAAAAAAAAKIQADAAAAAAAAFEIABgAAAAAAACiEAAwAAAAAAABQiPYnewEAp4pzzz03Y8eOzeDBg1NRUZHXXnst8+bNy8qVK09o3mHDhmXhwoXve3xlZWUuv/zyLF68+ITWAQAAAAAAlM8OYIAk3bt3z/e+971s3LgxU6dOzZe//OUsWLAg3/jGNzJw4MATmnvs2LEnNL5Pnz658sorT2gOAAAAAADg9GAHMECS6667LmvXrs3cuXPbji1evDhNTU1pampKcjDETpgwIZ07d05LS0t++ctfZtmyZUmSBx98MHPnzs2nPvWpdO/ePc8880wef/zxfOtb30rnzp1z77335o477khzc3Nuvvnm9O7dO0nyhz/8IU888USSpKqqKl/96ldz4YUXZvfu3XnggQfS0NCQadOmpaqqKtOnT8/06dOPug4AAAAAAOD0ZgcwQJKBAwfmueeeO+z48uXLs379+lRUVGTq1Kl58sknM3ny5Nx7772ZPHlyOnXqlCTZv39/zjrrrMyYMSMzZszIqFGjcsYZZ2TWrFnZt29fvv71r2fz5s0ZOXJktm3blkmTJmXGjBn50pe+lK5duyZJxowZk23btuWmm27KrFmzMnXq1LS0tGTOnDlZs2ZNpk+ffsx1AAAAAAAApzcBGCBJdXV1Ghsbj/h+jx490r179yxZsiRJsn79+mzcuDEDBgxoO+ftgLxly5Y0NzenS5cuh83zyCOPZPbs2UmSTZs2ZcuWLenRo0eSZOjQoXn66aeTJP/6178yZcqU7Nu37z2vAwAAAAAAOH25BTRAkqampnTv3v2I73fu3Dm7du065NjOnTtTW1vb9rq5ubnt9wMHDqSy8vC/senTp09Gjx6d2tratLa2pmvXrqmoqHjXa+zYseN9rQMAAAAAADh92QEMkGTVqlX59Kc/fdjxK6+8Mp/85CfT2NiY6urqtlibJDU1Ndm+fft7us6UKVOydOnSTJs2Ld/+9rcP2XXc2Nh4SMjt1atX2rc/9O90Pqh1AAAAAAAAZRKAAZL8/ve/T+/evTNx4sT06NEjZ555ZoYPH57x48fnjTfeyOuvv57Nmzfn8ssvT5L069cvPXv2zNq1a4867/79+1NZWZmOHTsmSTp16pRXXnklSTJs2LBUV1e3vbds2bJ89rOfTUVFRS644ILccccdbXNUVVUlyfteBwAAAAAAcHqoGDhwYOvJXgTAqaBnz5654YYbcvHFF6ddu3ZpaGjIr371q7z00ktJDt6+ecKECamtrc3evXvz8MMP55///GeSZPbs2bntttuyadOmw15/97vfTZ8+fXLnnXfmox/9aK6//vrs3r07f/7zn1NTU5Nhw4blO9/5Tvbs2ZOJEyfmwgsvzJ49e/LAAw9k5cqV6dq1a2bOnJkDBw5k0qRJR10HAAAAAADwv6++vj5JsmLFiuMeU1dXl0QABgAAAAAAADilnEgAdgtoAAAAAAAAgEIIwAAAAAAAAACFEIABAAAAAAAACiEAAwAAAAAAABRCAAZI0rdv3yJ+AgAAAAAAp7eKgQMHtp7sRQAAAAAAAABwUH19fZJkxYoVxz2mrq4uiR3AAAAAAAAAAMUQgAEAAAAAAAAKIQADAAAAAAAAFEIABgAAAAAAACiEAAwAAAAAAABQCAEYAAAAAAAAoBACMAAAAAAAAEAhBGAAAAAAAACAQgjAAAAAAAAAAIUQgAEAAAAAAAAKIQADAAAAAAAAFEIABgAAAAAAACiEAAwAAAAAAABQCAEYAAAAAAAAoBACMAAAAAAAAEAhBGAAAAAAAACAQgjAAAAAAAAAAIUQgAEAAAAAAAAKIQADAAAAAAAAFEIABgAAAAAAACiEAAwAAAAAAABQCAEYAAAAAAAAoBDtT/YCAE4FI0aMyGc+85m0trYecvyRRx7JypUrP9BrnXfeebnhhhvy/e9//wOd92T44he/mOuvvz4HDhxIa2trNm/enGeffTa/+c1vsm/fvv/KGvr165dvfvObufnmm/8r1wMAAAAAgFOZAAzwlueffz6PPfbYf/w6GzduzI9//OP/+HX+W5566qn8/Oc/T4cOHdK3b9+MHz8+/fv3PyxwV1RUHBbYAQAAAACAD5YADHAMffr0yejRo3P33Xe3vR41alTuueee9OrVK6NHj87q1atz/vnnp6amJr/97W+zdu3aJAd3Fg8dOjSVlZVZtGhRFi1alF69eh2yA3jEiBEZMmRIKioq8tprr+Xxxx/P3r17c8UVV+Scc85Jhw4d0q1bt1RWVuahhx7K9u3bU1VVlTFjxqRHjx5JkkWLFmXJkiXvuv4hQ4ZkxIgR6dixYxoaGjJv3rzs378/Q4YMyTXXXJP27dunsbExjz76aDZv3nzMz3QkLS0teemllzJz5szcf//9GTRoUF588cU89NBDeeyxx/L5z38+X/nKV3LLLbfk6aefzl/+8pckyW233Zannnoq9fX1mTt3bn7961/n0ksvTZcuXbJgwYI88cQTSZL+/ftnwoQJqa2tTXNzc2bPnp1Vq1ad+D8wAAAAAAAUxDOAAU7AgQMH0rNnz6xbty6zZs3Kn/70p1xzzTVJDobXAQMG5O67784Pf/jDXHXVVendu/ch4y+55JJcdNFF+dGPfpS77rorFRUVGT58eNvcgwcPzh//+Mf83//9XzZs2JDLLrssSXL11VensbExM2fOzM9+9rNcd911qa2tPWx9tbW1GTlyZH7xi1/kzjvvTHV1da644op06dIlX/jCF/Lggw/mrrvuysqVKzN69Ohjfqbj0dTUlBdeeCGDBw9Okuzbty+dO3fOuHHjsnfv3qOO3b9/fzp16pTp06dn+vTpGTNmTLp165YkuemmmzJ//vxMmjQpv/vd7zJhwoTjXhMAAAAAAJwu7AAGeMtll13WFljfdt999x1zXEtLS9asWZMk2bRpUzp37pwkueiii7JixYq0tLSkpaUlP/jBD7J379706tWrbeygQYOybNmytLS0JEn+/ve/53Of+1yefPLJJMm6deuyY8eOtrnfDsjz589PZeXBv+HZsmVLtm/fnq5du7ad+7YBAwbk1VdfzdatW5MkDz/8cFpbW1NXV5d169Zly5YtSZK//vWvGTlyZDp06HDUz3S8tm3blg996ENJktbW1tTX1x/32Oeeey5Jsn379rz66qvp379/tm7dmttvv73te1q1alUmTpz4ntYEAAAAAACnAwEY4C319fXv+gzgPn36HHXcO3e1tra2toXZmpqavPLKK23v7dmz57Cx1dXV2b17d9vr3bt3p7q6+ohzV1RUJEnOPvvsjBgxItXV1WltbU1tbW3be/8+/zuv++abb7at7Z3X3bdvX95888106tTpqJ/peHXt2jUNDQ1tr3fu3HncY3ft2tX2++7du9vWdOmll+baa69Nu3bt0q5du3f9vAAAAAAAcLoTgAGO4Z3hNUk6dux4XON27tzZFi+TpHPnzm0B9m27du065Jyqqqo0NTUdc+6xY8dm4cKFWbp0aZJk2rRp73rerl27DgnKVVVV6dChQ3bu3Jnzzz+/7XiHDh3SoUOHNDU1HffnO5Kamppccsklh8T01tbWtt8PHDhwyPd55plnHjb+jTfeSHIwYO/cuTPdunXL1772tdx6663ZsGFDzjrrrNx///0ntE4AAAAAACiRZwADHENjY2NqamrawuiQIUOOa9yaNWsydOjQdOzYMVVVVZk0aVI+/OEPH3LOiy++mLq6urZbL3/iE5/I6tWrjzl3VVVVNmzYkCT5+Mc/nqqqqpxxxhmHndfQ0JB+/fqlR48eqayszKhRo/Kxj30sa9euTb9+/dK9e/e267788sttt1h+v3r37p1bb701f/vb37Ju3bp3PWfr1q1tt8E+++yzDwnRSXLVVVclSXr06JG+ffumoaEh1dXVaW5uzuuvv57Kyspce+21qaysbPveAAAAAACAg+wABjiGHTt25Pnnn8/kyZOzbdu2rF69Oh/5yEeOOe4f//hHzj333Nxyyy2pqKjI4sWLs379+px33nlt56xcuTLnnHNOpk6dmoqKirz88st55plnjjn3ggULMm7cuDQ3N2fp0qVZsmRJRo0alZ/85CfZvn1723mNjY159NFHM378+HTs2DENDQ159tlns2/fvsybNy/jxo1L+/bts3Xr1sybN+99fT9XX311hg8fnuTgs38XLlz4rrfSftv8+fMzZcqUDBkyJBs2bMjy5csPucX01q1bc88996Sqqipz5sxJY2NjGhsbs3z58tx3333ZtWtX5syZkwsuuCC33357Zs+e/b7WDQAAAAAAJaoYOHBg67FPA4D/vDlz5mTq1KnZunXryV4KAAAAAACcNPX19UmSFStWHPeYurq6JG4BDcAp5p3PBwYAAAAAAN4bARgAAAAAAACgEAIwAO/L288M/iB/3njjjfnpT396QvMAAAAAAMDpzDOAAQAAAAAAAE4hngEMAAAAAAAAgAAMAAAAAAAAUAoBGAAAAAAAAKAQAjAAAAAAAABAIQRgAAAAAAAAgEIIwAAAAAAAAACFEIABAAAAAAAACiEAAwAAAAAAABRCAAYAAAAAAAAohAAMAAAAAAAAUAgBGAAAAAAAAKAQAjAAAAAAAABAIQRgAAAAAAAAgEIIwAAAAAAAAACFEIABAAAAAAAACiEAAwAAAAAAABRCAAYAAAAAAAAohAAMAAAAAAAAUAgBGAAAAAAAAKAQAjAAAAAAAABAIQRgAAAAAAAAgEIIwAAAAAAAAACFEIABAAAAAAAACiEAAwAAAAAAABRCAAYAAAAAAAAohAAMAAAAAAAAUAgBGAAAAAAAAKAQ7U/2AgAAAAAAAAA4XF1d3XseYwcwAAAAAAAAQCEEYAAAAAAAAIBCCMAAAAAAAAAAhRCAAQAAAAAAAAohAAMAAAAAAAAUQgAGAAAAAAAAKIQADAAAAAAAAFAIARgAAAAAAACgEAIwAAAAAAAAQCEEYAAAAAAAAIBCCMAAAAAAAAAAhRCAAQAAAAAAAAohAAMAAAAAAAAUQgAGAAAAAAAAKIQADAAAAAAAAFAIARgAAAAAAACgEAIwAAAAAAAAQCEEYAAAAAAAAIBCCMAAAAAAAAAAhRCAAQAAAAAAAAohAJD95x8AAAK/SURBVAMAAAAAAAAUQgAGAAAAAAAAKIQADAAAAAAAAFAIARgAAAAAAACgEAIwAAAAAAAAQCEEYAAAAAAAAIBCCMAAAAAAAAAAhRCAAQAAAAAAAAohAAMAAAAAAAAUQgAGAAAAAAAAKIQADAAAAAAAAFAIARgAAAAAAACgEAIwAAAAAAAAQCEEYAAAAAAAAIBCCMAAAAAAAAAAhRCAAQAAAAAAAAohAAMAAAAAAAAUQgAGAAAAAAAAKIQADAAAAAAAAFAIARgAAAAAAACgEAIwAAAAAAAAQCEEYAAAAAAAAIBCCMAAAAAAAAAAhRCAAQAAAAAAAAohAAMAAAAAAAAUQgAGAAAAAAAAKIQADAAAAAAAAFAIARgAAAAAAACgEAIwAAAAAAAAQCEEYAAAAAAAAIBCCMAAAAAAAAAAhRCAAQAAAAAAAAohAAMAAAAAAAAUQgAGAAAAAAAAKIQADAAAAAAAAFAIARgAAAAAAACgEAIwAAAAAAAAQCEEYAAAAAAAAIBCCMAAAAAAAAAAhRCAAQAAAAAAAAohAAMAAAAAAAAUQgAGAAAAAAAAKIQADAAAAAAAAFAIARgAAAAAAACgEAIwAAAAAAAAQCEEYAAAAAAAAIBCCMAAAAAAAAAAhRCAAQAAAAAAAAohAAMAAAAAAAAUQgAGAAAAAAAAKIQADAAAAAAAAFAIARgAAAAAAACgEAIwAAAAAAAAQCEEYAAAAAAAAIBCCMAAAAAAAAAAhWh/shcAAAAAAAAAwJHdeOONR3xvzpw5h7y2AxgAAAAAAADgFPbvkfdoxwVgAAAAAAAAgFPcv8feI0VhARgAAAAAAADgf8Db0fdI8TcRgAEAAAAAAAD+Zxwt/iYCMAAAAAAAAEAxBGAAAAAAAACAQgjAAAAAAAAAAIUQgAEAAAAAAAAKIQADAAAAAAAAFOL/AYsCLoWIs7gBAAAAAElFTkSuQmCC' height='250' width='300'/> ]]>
  </system-out>
  <testcase classname="com.tribu.qaselenium.tests.PositiveLoginTests" name="logInTest" time="11.610"/>
  <system-out>
    <![CDATA[ <img src='data:image/png;base64,iVBORw0KGgoAAAANSUhEUgAAB4AAAAO9CAYAAABjCXqmAAAAAXNSR0IArs4c6QAAIABJREFUeJzs3XdYU1fjB/BvWGGoIC1DUTFqHYh74UCLA1+t4hZb0P60zjpqq63aKm2xal21jupbrdaK2irWuusAcaGCioCIggO1KqOoYe/k90feXBMIECAQ1O/nefJA7jj35N7cmzz53nOO6L333pOD3jgXLlzQdxWIiIiIiIiIiIiIiIiISINHjx6Ve10DHdaDiIiIiIiIiIiIiIiIiIj0iAEwEREREREREREREREREdFrggEwEREREREREREREREREdFrggEwEREREREREREREREREdFrggEwEREREREREREREREREdFrggEwEREREREREREREREREdEr4tChQyXOZwBMRERERERERERERERERPQKUIa/JYXARnK5vKrqQ0RERERERERERERERERE5VA49D106BA8PDyKLMcAmIiIiIiIiIiIiIiIiIioGiuuxa+mEFirANjb2xteXl46qdyuXbuwc+dOnZRF+rd48WLI5XL4+PjouyqvPYlEgtGjR8PFxQUAcPnyZezduxdxcXF6rhkRERERERERERERERFVJk0tfYtjIJfLUdpDV+EvAHh5eZW6PT4q/6ELEokEzs7OaNWqFSQSiU7KJM26dOmCH374QQh/AcDFxQU//PADunTposeaERERERERERERERER6YdEIoGnpycsLCz0XZVqRasAOCMjQ2cbzMjI0Hv4yYduAuBBgwZp/J90b/z48eWaR0RERERERERERERE9DqSSCTw9fXFmDFj4OvryxBYhVZdQK9cuRLDhw/XyQb379+vswCS9MfCwgK9e/cWnvfu3Rvbtm3T6c0CpCCRSGBnZ1fsfDs7O0gkEnYFTUREREREREREREREb4x58+ahRo0aAIBGjRrB19cXPj4+zKqgZQAcHByM4ODgKqgOvSrc3Nw0Tjty5IgeavN60+aOFd7VQkREREREREREREREbwJbW1skJSVh+fLl8PX1VQuBBw0ahD179ui5hvqnVRfQ+nr88ssvOHXqFJYtW1bqsmPHjsWpU6fQsWPHMm+nV69eOHXqFIYNG6bV8tu2bcOBAwe0WrZp06YYOHCg3velrruA1tTls666gQ4JCYFUKsX+/fuLzHvrrbcwf/58GBsbl1rOkCFDIJVKMXPmTJ3US19atmxZ6jINGzYsV9m9evVCREQEpFIp3nvvPbV5Y8aMQXh4OBITE3H69Gk4OzsL89q1a4fTp08jISEB4eHhaj0EWFtbY/fu3Xj8+DHu37+Pb775RpgnEong6+uLu3fvIj4+Hn5+frCysqrUbZb2OomIiIiIiIiIiIiI6NXg5uaGn3/+GW5uboiLi4OPjw/S09OF+Tdv3iy1jAYNGkAqlWp8xMbGFrueVCpFQEAAAGD48OGQSqWYNm0agLLlV2UVHh6u9UPJSOe10JF33nkHjo6OCAkJQadOnWBtbY3nz59XyrZu3LiBr7/+Gvfv39dq+XXr1sHExESrZb28vPD222/j6NGjFamiQCQSVVkX2ra2tpgxY4bGeZq6JLazs4Ovr6/G5Tds2ICkpKRSt9m2bVs0a9YMJ0+eRJ8+fWBnZ4fExERhvqenJ+bPn4/169cjLy+vxLJCQkLg5eWF6OjoUrdbnWlzsXrw4EGZy/3444/h6+ur8X3v7OyMTZs2ISQkBJs3b8acOXOwc+dOdOjQAUZGRvj9998hk8nw7bffwtPTE1u2bEFkZCTu3r2LtWvXwt3dHcuXL0fz5s0xe/Zs3Lt3D35+fpg8eTJmzZqFXbt24cmTJ/j888+RmZmJKVOmVNo2S3qdRERERERERERERET0anBzc8OsWbMAQPgbFBQEHx8f+Pr6Ytu2bYiKitK6vLi4OGzevFltWmZmplbrXrp0CV5eXkKGU5b8qipo1QW0nZ0d+vfvr5MNnjhxQi3QK07fvn2RkZGBtWvXYufOnXBzc8O+ffuE+Q0aNMDnn3+Oxo0bIzo6Go8ePQIAyOVy2NjY4Pfff8exY8dgYGAANzc3xMfH49tvv4WXlxdcXV0RFxeHr7/+GsnJyWjVqhUWLlyIjRs34s8//8TOnTuRn5+P3bt3Y+LEiTAxMcHBgwfx66+/AlC8qaytreHh4QEDAwNMnjwZbm5usLS0RHx8PHbv3o1Tp05h+/btqF+/PgAgICAAI0eOxPr165Gfn4+goCCMGTMGY8eORUZGBmbNmgUXFxcYGRnhxo0b+OGHH5CcnIx+/fph/vz52LJlC/7zn//gxo0bWL16tU6ORWksLCzQqlWrMq1T3PLadlHs6emJ1NRUzJ07F+Hh4Rg5ciR++uknAMCaNWswfvx4AMCTJ08wYcIEnDx5EitXrkT//v1hbGyMS5cu4ZNPPkF8fDy6dOmC3377DYsWLcL69etRs2ZNLFq0CAMGDICVlRViYmKwZMkSBAUFAQA6d+6MxYsXw9nZGXl5eThz5gw+++yzSrvxQFva9FVfnv7sc3Jy0Lt3b/Tu3btIi9kRI0ZAJBJhwYIFuH79OqytrTF37lx07twZZmZmsLe3h4+PDzZt2oRbt27hwIEDGDZsGDZs2IABAwbg9OnTWLlyJUxNTeHh4YGRI0fCz88PI0eORGpqKmbOnAmZTIaePXvCw8MDM2bMqLRtlvQ6iYiIiIiIiIiIiIio+lMNf5VUQ+CpU6eWOSt58uQJNm3aVOz8BQsWYMKECQCAJUuWqDXQ7Nq1K7Zt24YFCxagadOmRfIrTb3cViWtAuA1a9ZobPFZHv3798cHH3xQ4jIGBgbo3bs3goODkZCQgMjISPTr1w/+/v7CMgsWLECTJk2wbt06IUAFFAFwbm4uAEW3r1u2bEFGRgZGjBiBNWvWYMeOHUhOTsaYMWPg6emJDRs2CAdM2T1yfn4+bG1t0b59e6xYsQLTp0+Ht7c3zp49i3v37gl1kMvlcHd3x6hRo7Bp0ybcuHEDo0ePxrRp03Dt2jX4+vpi48aNiI+Px/Lly5GSkoL8/Hy8/fbbcHJywoYNG5CWloapU6fC3d0da9euRVpaGhYuXIipU6di8eLFwl0CI0aMwJ9//ono6OgqawEcFxeHdevWFTmhymrdunWIi4srdTlDQ0OMHDkSR48exaNHjxAcHAxPT08hAP7xxx/h7OyMTp06YfDgwYiKioKvry/ef/99zJ07Fy9evMDWrVuxZMkS4YRUtWHDBgwZMgS+vr64efMmvv76a/j7+8PV1RW3bt3Cr7/+iufPn2P48OF46623sHHjRnz66adYtGhRhV5/RcXFxSExMbHYczAxMVGr/VvY1q1bAQC9e/cuMq9x48YAgIcPHwp1AICmTZtCLBYXO08ikcDIyEiYl52djYSEBDRt2hQA0KRJEzx58gQymUxY18XFBfXr16+0bZb0OomIiIiIiIiIiIiIqHrTFP4qTZgwAaGhoeVqKGdqaooGDRqoTUtJSUFKSgoGDBiAefPmITg4GKtXr4a3tzdEIpHGcjTlV/qm1RjAugp/AcDe3r7U7XXs2BG1a9fG9evX8fbbb+PatWto0qQJHB0dIZfLYW1tjaZNmyIqKgoHDx5EQEAAzp49W2Rb//zzDw4ePIjff/8dAPDs2TP89ddf2L17NwCgfv36RcJU5XMTExOsW7cOoaGhOHbsGABAIpGoLS+Xy4VgqkWLFrCyssIPP/yAoUOHIjk5GXfv3gWgCKSio6ORn58PADAzM8OyZctw+PBhZGVlYevWrRgxYgQOHDiAwMBAZGRkoHHjxmrbCg4Oxu7duxEeHl6lYwAHBQVh0aJFav2nays9PR2LFi0SWtiWpnfv3rCxscGFCxdQt25dnDlzBq1bt0bz5s0BKMK/1NRUAEBYWBhevHiBxYsXo2nTpvjll1/w559/IjU1VW3cWCVra2sMGTIEISEh+OGHH3DixAksW7YMRkZG8PT0BACYm5ujTp06aNOmDR49egSJRKL38FcpNDS0XPPKSzlguvJmipycHACKfaRsza2cVtI8ZRnm5uYAFC3BVecp/7ewsKi0bRIRERERERERERER0auppPA3PT0dPj4+5Qp/AaBjx46IjIxUe8ycORMAhJ6Rly9fjtOnT+PLL78sthxN+ZW+adUCODw8HG3bttXJBpUBZkn69esHAJg3b16R6Zs3b4aVlRUARaCrLEs5vqxqwJmcnAy5XC4ceOXyyufGxsZqy6sGpBkZGUhLSwMA4a/q8srH4cOH4ejoCHd3d7z77rsoKChAYGAgVq5ciby8vCKhq1wuR1ZWFp49eya8rjZt2mD8+PGoW7cuRCIRTExMIJVK1db7559/qqzlb2FRUVFC/+nKkK40ypOuLC1Tx4wZAwBCi1/V6cV13evq6or58+dDIpHAwMAAYrFYbd8qKbvi/ueff4RpT548AQA4ODgAUIzXvHr1aqxYsQIA8OjRI3zyySdaB9iV6ciRIxg8eHCx83RNGfiLxWKkp6fD1NQUgKKr6YKCAgAQpqnOU55bymnKMpTTMzIy1OYp/09PT6+0bRIRERERERERERER0atHm/C3PD2kKt26dQvfffed2rQ7d+4AAGxsbAAACQkJwl9l76avAiNtFpo9e7ZOA+CSmJmZoUePHggLC1Pr8nnixIno27cvNm/ejJSUFADAW2+9Jcy3t7fXSf3KKi8vDz/++CPWrVuHxo0bY+jQoRg4cCAuX76M06dPa1xHGWYBipbGCxcuxPPnzzFy5EhkZmYKLY5V6ftNFRcXp3UIXJ6TrkaNGhg4cCDOnj2LjRs3CtMXLVqEkSNHagyAxWIxtmzZgsTERLRo0QLp6elqAa8q5XRl2AtAaNavnHfx4kV07doVNjY26N69O1asWIEVK1agU6dOWr+OypKUlISoqKgirZujoqKEmx90KTY2FgDQqFEjPHv2TOie+datW0KLW4lEIiyjnBcXF4e8vDxhmoWFBezt7XHu3DkAQExMDFq1agUjIyPk5+ejcePGyMjIwKNHjyptm0RERERERERERERE9Gqp7PAXUDQcPXr0aLHzAEX+GBsbCwcHBxgYGFRoe1VJqxbAAHD9+vVKropCr169IBaLcerUKVy8eFGYrhxAuW3btrh+/Tru3bsHZ2dneHh4ICsrCz169ACAIl0cl+W5pnmF/xaeP3XqVAwePBhLly5FYmIikpOTAQCZmZnCeMQODg7o3r07rl27VqRsAwMDGBsbw9jYGPXq1UOfPn2Ql5cHS0tLNGjQoNht64O2J1KNGjXKfNINGTIEZmZm8Pf3x4kTJ4Tpbdu2xYIFC+Dq6orz588jKysLgKK17tmzZ2FiYgITExM0adIEI0aMQE5OjtBFuKrnz5/j4MGD8PDwwIwZMxAbG4sFCxYgOzsbO3fuhL29PS5evIjTp09jw4YNSEpKQmZm5mvdirRTp06oW7cunJychOdGRkYICwvDvn378Omnn2LJkiU4cuQIxo8fjzt37uDq1aswMjLCP//8gylTpiAvLw+enp7Izc3F/v37kZWVhcOHD2PIkCGYP38+nJycYGRkJHS7vmfPHri4uGDDhg1ISEhAp06dsH37dhQUFFTaNkt6ncXdMEBERERERERERERERPpRFeEvANSrV0/o8lmVn58fTp06hXHjxmH+/PkwNDTEuHHjSszpVPOrv//+W+/5g1ZjAFflw93dHQBw+fJltemXLl0CoOgGWi6X47vvvsO9e/cwffp09O3bFwcOHADwsptmJW0CYFUlLatp/u7duxESEoJ58+bhv//9L/r06YNNmzbh4sWLkMvl2LdvH4yMjDBr1ixYWloWKTszMxObNm2CsbExli9fjpSUFKxbtw7GxsZF3ty63M/lIZFItO4CWtlSU1vKcXhPnTqlNv3kyZMAgNGjRwMAduzYgefPn2PevHlwcnKCj48PxGIx/P398fz5cyxYsAAmJiZCN86qZsyYga1bt+Ljjz/G1q1b8fz5cwwdOhT3799HQkIC5s+fj5YtW+L48ePYvXs37t69i4kTJ5bpdVQWCwsLNGzYsMj0hg0bCq1jy2r27Nn47bffhH2rfO7q6orbt29j8uTJsLOzw8KFC3H79m188MEHkMvlyMvLg5eXF+Lj4+Hj4wNzc3N8+OGHePjwIQDgs88+w7Fjx/DJJ5+gW7duWLJkCfbt2wcA+PXXX/Hjjz+if//+mDRpEvz9/fHVV18BQKVts6TXSURERERERERERERE1YeFhQUmTJigcZ4uw19AkbEsXry4yMPGxgZHjhzBunXr0KJFC2zcuBEnT55EWloaTExMNJalml917NhRJ/WrCFGPHj3026yU9OLGjRtlXmfQoEH46KOPtFp269atlTI2bVkMHToU27dvx6JFi7B+/Xq91qUi3Nzc4OnpCTs7O43zExMTsWfPnmoxVjEREREREREREREREVFFSCSSIkOS6jr8fRU8evQIQOnD66pSDumrVRfQEyZMKDZtL6tt27Zh27ZtOimLqlbh8WcBICQkBADQpUuXIsvqMwCWSCQYOHAgAODFixd6q0d52draYvTo0ejSpUupra7t7Owwa9YsTJgwASEhIdi7d2+ljAtMRERERERERERERERU2eLi4uDj4yOEwG9i+FtRWgfAujJhwgRs3bpVZ+VR1WnZsqXwf3p6OrZt2ya0OnVzc8OECROEsFJ1WX1wd3fHsGHDEBISgkOHDum1LmVVeF9qq0aNGujTpw+6dOmidmyIiIiIiIiIiIiIiIiqO4lEgvfeew8bNmwQQuB58+Zh+fLlDH/LyECbhdLT03W2QV2WRVXH1tZWCCSjoqIwZ84ctYAxKCgIc+bMQVRUFABFGGlra6uXugLAzz//DBsbG/Tv3x+pqal6q0dZ2draYtasWWUOf1XVqFEDs2bN0uv+JyIiIiIiIiIiIiIiKgs3Nzf06dMHM2bMAKBoCTx16lSGv+WgVQvg7777Dp6enjrZ4J49e6DNNql6ycjIQEhICKKioort2jkpKQmLFi3CoEGD4OzsjIyMjCqu5etBGaITERERERERERERERG9KSwsLHD48GH2cKoDIhcXF6axb6Bbt27puwpEREREREREREREREREpMGjR48AAOHh4Vqv07ZtWwBatgAmIiIiIiIiIiIiIiIiIqLqjwEwEREREREREREREREREdFrggEwEREREREREREREREREdFrggEwEREREREREREREREREdFrggEwEREREREREREREREREdFrggEwEREREREREREREREREdFrwkgmkwlPRCKRHqtCRERERERERERERERERPRm0XWDXaPKLJyqLx5rIiIiIiIiIiIiIiIiotcPu4B+Q/G4ExEREREREREREREREVU/Fe212ejixfM6qkr1kZDwL+ztbfRdDaoAHsPXA4/j64PHsnrgcaDi8L1R/fEYVX8JCf+iUaNG+q7Ga+/+/fvcz0RERERERFQthIaGwtnZWd/VKFZ+fn651zXQYT2IiIiIiIiIiIiIiIiIiEiPGAATEREREREREREREREREb0mGAATEREREREREREREREREb0mGAATEREREREREREREREREb0mKj0AjnyRj8gX5R+kmIiIiIiIiIiIiIiIiIiItFPpAfCGmCxsiMmq7M0QEREREREREREREREREb3xKjUAPpeYh11xOdgVl4NziXmVuSkiIiIiIiIiIiIiIiIiojdepQXA0lwZ3r+QJjx//0IapLmyytocEREREREREREREREREdEbr1ICYGmuDAMCU9UCX03TiIiIiIiIiIiIiIiIiIhId4x0XaAy6I2U5heZFynNx4DAVPzdpxasTCp9+GEieoWdOHESkZFRmDRpAqysrPRdHSoHqVSK9es3FpluZWWFmTM/1kON3lx79vgjNvYOTE1N0axZU3Tu3BH29vb6rhbpWVZWFk6dCsTDh48gFovRvHlT9Ozpqu9qUQkiIiJx6NARtWkeHoPQpk1rPdWIiIiIiIiIiIiqI50GwCWFv0rVNQSWSqU4fPio2rQGDRqgVy9XPHjwEA0bOuqpZlQRCQkJCA29CgAMPF4hERGRwnHbu/dPTJ78kZ5rROUhlaYUM11axTUhD49B2LFjF5KSkhAREYmIiEiGRoSTJwMQGXlDeJ6YmAi5HOjViyFwdaXpulrctZaqVlZWFm7duoWnT58iPj4eAFCnTh3UrVsXLVq0gJmZmZ5rSERERERERERvEp0FwMWFvz+71AQATLn8cjzg6hgCS6UpePDgodo0uVwOwBV+frv4Q/krSCqVws9vN7KzswEAMTGxbE36CijcuikxMRGHDh2Bh8cgPdaKyqNhQ0fY2toiKSlJbXrnzh31VKM3l5mZGcaN8xJCYAA4dOgILC0teYPTG0oqlaqFv0qRkTcYABOVUUBAAIKDg4XvnEr3798HAJiamqJHjx7o06ePPqpHRERERERERDrw+PFjiEQiAIC5uTlq166t5xqVTCfpa0nhr7dEDG+JWAiClZQh8KsyJvChQ0cQERGp72pQGURE3FD7IS47Oxu3b8fqsUZUGk1dWwKKoILn36tpypSJcHRsIDzv2dMV/fu767FGb4asrKwi08zMzNC/fz+1aSdPBlRVlaiaYQt9oorLysrCli1bEBgYqPad08rKSu2Gw+zsbAQEBGDLli0ar89EREREREREVP09efIEjx8/xuPHj5GQkKDv6pRKJy2Ax5xPKxL+ev0v+FVS/l+4JfDUkHT84VpLF9WodMpgii2BXw1WVpZFppmZmeqhJqSN4sJfD49BaNr0HezYsQt2drbsxvsVJBaLNf5PlWfHjl0YMmRQkfMlISFR7XliYiKkUil7RiBB69at9F0FqoDLl0ORm5sjPBeLTdGlSyc91uj15ufnh7i4OOG5RCLBqFGjhDuAX7x4AX9/f2GZ+/fvY+fOnZg0aZJe6ktEREREREREb44KB8CTL6fhfFJekemD6xX9kV9TCHz4cS6+CEvHivY1KlqVKlGRELigoAB//30cFy9ewr//JsPMzBSNGzfG0KEecHSseBecp08HoXdvtwqVceFCMM6dO48vv5xfZF5eXh4mT56G1atXwNraukLbqQpt2rTGgwcPhS4uW7duVeHwft26Dbh+PVxo5q9q9eoVJTb5v3fvPoyMDHVyrFWFhISiZUsn1KjxapxDmpQU/iqP2bhxXtiyZRvGjfPSSViVkZGBL79cBAeHuvjii7kVLk+T5ORkfP75fPzyy88wNDTUefklna/6smLFauTk5BQ7/9SpAJw6pd7qtGnTd+DpOapC2/X3/xNBQWfwyScz0axZ0wqVpYnqvq6O+72wpKQk+PntxtixH6iFwA8fPiyyrFSaopNz6tGjR/jrr4O4c+cucnNz8dZb1ujevRsGDPhPhd//hw8fwbFjx+Hm9i7q1q1TbfZ/cef4+fMXcPlyCCZM+D+89dZbeqxh8UxNi35Pc3RsgCFDBgOA8PmZnZ2N5s2blSsYPnDgEO7du485c2arTb9y5Sp27/4Da9asKl/ly2Hu3HkYP/5DtGzpVGXb1IfC11cAJQbA2dnZmDZtBpYsWYy6deuUWv6aNWtx9+49TJjwf+jQoX2F6vqqCwgIUAt/raysMHbsWLWxfmvXro2xY8di3bp1Quv6+/fvIyAgAH379i3T9jIyMvDpp5+iXr168PHx0c2LUJGXlwdvb29s3Lix2l63iIiIiIiIiF4V+fn5SEtL02s30RUKgA8/zsWuOM0/9C+9kQlXW6MiY/xqCoF/ismGq60JBtczqUh1qkx5Q+D//nczHj16hHHjxqJJk8bIycnF6dNBWLp0OXx8FsLBoW656ySVSnHkyLEKB8CdO3dC27ZtKlRGddKmTWshANZVy+2BAwdg1KgRZV7v3LnzaNRIUiQAVow1DY2hsjb27/8LDRs6likAlslkMDCoHuNvaxP+Aorua0ePHoFDh46gZ0/XCo9beuHCRXTv3g0RERFISEiEvb1dhcorTCaTwdraGj/+uLpSwl+gep6vJYW/ulxHVX5+Pi5fDsHo0SNx5szZSgmAVZVnv1f1OScWi5GdnQ0/v93w8BgEqTQFsbGxRca6BzQHgWUVFxeH779fid6934WX1/uwsrJCXNwD/PbbDsTHJ2DSpI8qVH5ISCjGjvVGt24uyM3N1en7viLXYE3neGZmJgwNDTF37mflvq5XBXt7e1haWiIl5WVX0O7uikDq9u0Y+Pv/KUyPiYlFfHz8K9l9u/Lc8/FZCHNzs9JXoGKlpaUjMvJGmW8ErE7fOXQlKysLwcHBatO6d+8uhL/+/v4QiUQYOXIkzMzM0KFDBwQGBgrLBgcHqy2vjTNnzqBXr164du0a4uPjUadO6YE9EREREREREVW9/Px83Lp1C7Vr1341A2BprgxTQ9LVpg1yMMH5pDyk5MlL7N7ZWyLGuUT18HhqSDpcba2KBMbVQb9+fYsEFFlZ2cUsrVlMTCzCwq5j8eJvhRYWYrEYQ4d6wNbWBsbGikORnJyMnTt3IyEhASKRCC1atICn5yiIxWJs27YdFhYWePbsGV68eIH09HR8+OE4SCQNsXjxUqSkpGDBgq/w2WezYWxsDD+/XXj69CkMDAzQrl07DBs2BIaGhsWW07x5M4SGXhFaVslkMvzxxx5cvRoGCwsL9O79rtprCgw8jdOngyCTySAWm2L06JFwcmpRgT396ktJScXWrduQmJgEmUyGunXrYMKE8QgODsalS5cRHh6B+Ph49OnTGwsXfo2hQ4fg6NFjWLz4G3zzzWJMnToZLVo0BwDs3v07ZDI5vL0/QF5eHvbs8cf16+EoKCiAi0tneHqOxsaN/0VS0r9YvfpHjBgxDJmZmQgJCcX8+V8AULQWmTHjE6xb9yPCw8Nx5cpVGBsbIzn5Gb791gdJSUnYvn0HkpL+hUwmQ4cO7fDBB+9XaWhx4sSpItMKh79KysDCz28Xxo71qlAIfO7cOUybNhU1a9bA2bPn1FqgfvaoJSM8AAAgAElEQVTZ5+jbtzeiom4iPT0DlpaWmDhxAiwtayEvLw+//eaH27djIJPJUL9+PUyYMB6WlrVw/vwFtX08c+bHaq0Dz5+/gBMnTqKgoAA1a9aEl9f7cHR0xPPnzzF//lcYN84bly5dhlQqhaNjA0yaNBEikQjPnz/Hb7/54eHDRzAxMcGQIYPRvXs3tfMVAP7++ziCgs4K5Y8d64XGjRuVex+9Kq5dC0Pjxo3QvXs3HDhwCOnp6cINEcHBl3Dx4iXUrWuPuLgHSElJxf/93ziEhITi6dOnyMrKwrRpU1GvngO2bPkF5ubmSE5+hpSUFOTnF2D8+HGQSCRq21Pd72V5P3z7re5bbBWnWbOmQuvNvXv3Vfr2/P3/RIcO7eDpOVqY9s47TTBz5nTcu3cfAJCbm4u9e/fh5s2bkMvlsLGxxbhxXrCxsUFw8CVcunQZ9es7IC7uAV68kKJv3z7o168P1q//CQkJidi37088efIEderYC/tfec198uQprK1rw8WlC44fP4mVK79HUNCZYq+H2dlZRa7BeXl5xV4Pi7sGP3/+XO0cv307Bnv2+CMrKxNHjhzFu+++K4SqX3yxAO7ufREeHon09HQYGxth+vRpeu1+u3PnTkKLUbFYLLQWP3v2fJFlQ0OvomdP1zIFVtoo7nPT0rIWPvnksxI/F8ty7vn6fie0AFY9TgYGBmrH6dy58/j77+NCaPmf//RHr149dfqaq7PiviM6OjbAd98tAQCsXLkaI0eOgKNjg2K/s27ZshW1atVEVNRNNGvWDBKJROtrMYBiPy/lcjl27/4dERE3IBIBZmbm8Pb+AE2aNK7S/RQdHa025i8AJCQkIDAwEC9evEBYWBgAoH379mjUqBEaNWqkFgBnZ2cjOjoaHTp00HqbgYGB+PTTT1GzZk0EBgbC29sbAPDVV1+hW7dueO+99wAobmqZNm0apk6dijNnzsDBwQGjRim+41y5cgV//PEHVq9eDZlMhh07diAkJAQ1atSAu7v6DR7h4eHYtWuXcFPLsGHD4OZWsRtNiYiIiIiIiF53yvA3MzMTgOZGJzVr1kStWpU/NG6509alUZmQ5sqE5662xtjTsxaO97GEpbHiBR1+nIsBp1PUllPa7FITraxe5s/SXBmWRmWWtzqVIiUlFQ8fPkKdOvZo2NBR7VGnTtnGIY2OvgWJpKHG7vW6desKW1tbAMDmzb/AwcEB33+/FL6+3yA+Ph5HjhwDABgaGiI09Aq8vb3w1VcL4OraA3/9dQBisRgTJvwfatWqhWXLlsDGxgabN/+Ct96yxtKl38HHZyFu376Ns2fPlVhOYVevXkNYWDgWL/4Gixd/g6Skf4V5N29G49Chw5gz51MsW7YEI0cOw4YNG5GWll6knKoilUrx8OEjtUdiYpIwPzExqch8XQ/UfepUAGrUqIHly5dixYpleOedJoiKisLAgQPQsKEjhg8fijFjPGFsbIzc3Fzk5uZg/fofS70L5OjRvxEfn4Dvv1+CZcu+w82bt3D6dBCmTp0MAJgzZza6dOlcYhnGxsaIjb2Dnj1dhSBqx45dcHR0xKpVy/Htt18jNPQKwsKu62ZnaGn06JGwtHw5XnNx4S+gaC2sbNFd+IfXsrh9Owbm5uaoV88B3bp1w+XLIcjPfzmOuYGBAWJiYvH553Pg6/s1TE3FOHjwEADgxImTSExMxPffL8HKld+joECGo0ePAtC8j5ViYmKxZ48/Zs2agWXLlsDdvR/Wrt2A/Px8GBoaIi8vD6mpqfj88zlYuPBLREXdxK1btwEAW7ZsRcOGDbFmzSrMnj0LO3bsxOPHT9TKv3v3Hg4fPoovv5yH1atXoF27Nti+fUe595G+nDhxEosXL9XYKrw4Z86cRc+erjA2NkanTh0QHHxJmGdoaIDY2Fj07NkTCxd+iY4d22P9+p8wcOAALFz4JVq0aIGAAMWP8iKRAa5eDcNHH42Hj89C9OzZA7/8sq3U+pbn/VDZyjLmp5/f7gpdCwsKChATE4tu3boWmWdnZydMP3LkGJ4+fQpf32/w/fdL4ejYAFu2bAWgOE63b99Gu3btMH/+F5g8eSL27NmLvLw8zJw5HTY2b2PcOO8ivS8cPHgIhoaGWLVqOWbPnoXz54O1ammo6Rpc0vWwuGuwqvT0dKxbtwEjRgzF998vxdy5n+HIkSO4eTNaeI03b0bj009n4ZtvFsHU1AxBQWfLvsN1qHnzl63lVXtBSEpK0rS42meqrhT3uVma8p57JR2nnJwcbN++A59++gmWL1+Gzz+fg+vXw5GXV3Sok9dVcd8RzczMhJuNvv56ETp0aF/id1ZjY2OEhl7F7Nmz4O39QZmuxSV9Xt68eRORkTewZIkvli9fhuHDh+LKlStVvp+ePn1aZNq1a9cQEBCAa9euAXgZ/ha3vKZpxYmOjoaFhQXq16+PXr164cKFC8L3Fjc3NwQFBaktK5fL0bp1yT3fhISE4MqVK1i1ahVWrlyJxMSXY8Tn5eXhxx9/xPvvv4+ffvoJ06ZNw+bNm5Gamqp1nYmIiIiIiIjeNIXD38zMTDx+/LjI48mTJ6WUpBvlagEszZVhV1yu2rSfXRStrVrXNsLxPpb4T2AKUvLkOJeYV2xL4D09a8Lp0Avh+a64XHzpLKs2rYClUil27NhZ7PyytEDMzMwotZVPamoa7ty5i48/ngpA8eNZjx7dceLEKYwYMQwA0KqVM2rVqgkAaNCgPgIDg4qUk5aWjlu3bmPSpI8gEokgFovRq1dPBAdfFLqI1qac6OhbaN26FSwsLAAAbm69cPz4CQBAWNh1tGvXTugC0NnZGRYWFrhz5w7at2+n1T7RlaysLOzbt19j16aqTp4s2tIUUAQUY8d+oHWrpr//Pl6kLGfnlvjkk5mwtq6Na9euISIiEs2bN8OgQe9pLEN510fXri5atba9evUqBg16D8bGxjA2NsaCBV/AyKjsp6+5ublauDpr1nRh+zVr1oCjo6PaD4BVoWFDR0yaNAEnTwYgNTUVTZu+o3E51a6iLS0t0bx5s3Jv8+zZc+jZ0/V/ZdVCo0YSXLsWphaid+nSWdg3HTq0x+HDim0PGPAf9O3bR9j/Tk7Ncft2jLBe4X2sdOXKVXTo0F642aNjxw74/fc9uHPnrnBjiDIoMzMzg62tLZ49e4a0tHTcvh2DqVMnQyQSoW7dOli1agXMzc3w4MEDofzGjRth1arlMDc3B6A4x48e/bvc+6gqJSYmISYmFhERkYiJiQWgON6Wlpbo1cu1xHUTEhKRnPxMGNezZ8+e+O9/f0b//v2EZezsbFG/fj0AQJ06dWBvby+EXXXq2As3FQCKscKVrYc7deqIXbt+R0pK8T94l/f9UNns7e3h4TFIqyBd2VV04fGCtZWVlQWZTAZLy5I/465duyZcxwDFZ8rRo8eQkZEBAHj77beE89/RsQEKCgoglUphY2NTbJnR0dEYOXIERCIRLCws0KVLZ5w5U3qoqukaXNL1sLhrsGoYEh19C7Vq1YSzszMARffQbdq0QUREhPD+7Ny5k9BdtKNjAyQnJ5da18oklaaUvlAl0/Zzs7DynnslHScnpxaoVasWzpw5B1fXHqhTxx6zZ8/Swat8tWjzHbG076wikQjNmzdVG0tW22txSZ+XVla1kZaWjosXL6Ft27Zo3bpVucanrqj4+PgS57dv315odZuVlYWLFy+WuQxVAQEB6N27NwDFd6AmTZogNDQU3bp1Q7du3bB9+3bcu3cPjRs3xsWLF9GjR49Sb4a5ceMG2rVrJ3zP79evHw4fPgxAcTw3btwofDdu0aIFDA0NkZSUVCV3KBMRERERERG9agqHv9VBuQLgnfdz1Fr1Tm9mCkeLl+PfKUPgrselABQtgadcTsPPLjXVynG0MISXRCx0BS3NlWHn/RzMaP76jdFWs2ZN3L17v8RllD8k16z5cj/VrFlTbXw+MzNT4X+RyAAyWdHW1crllyz5Xpim7EKvLOWkp6erjS+mun5qamqRoKBwXatKaOjVUsPfkiQmJuLcufNaj204YMB/ih0DuHdvN4hEIhw/fgKbNv2Mli2d4OX1frFj5anu05KkpKSojfGrDPkKCgq0Wl+p8I92t2/fxokTp5CVlQ2RSBHEVfb4qZqYmZlhyJDBuH07Bjt27EL//v3Ubq4oPE5waaFgSdLS0nHtWhgiIiLx++97ACjGJ8zKylILgGvWVN3fZkhPV4RUiYlJOHDgIJKTn0EkUvQUoHqeFPfDaEpKCm7ejBZaAwJAbm4OUlJShADY1PTleWlgoDgvleeU6vFXrZtSdnY29u8/gPv34wDIkZeXJ4xtWt0V103xw4cPAZR8rM+cOYOUlBRMn/4ypMnOzkZMTKzwXhaLX45xa2BgoDbmrWI/v9xPqvtZ+cO3MqDUpLzvh6rQpk1rWFpa4sSJU8W26FSqSAhsYWEBQ0NDPH/+XAh3NElNTVW75in3dWpqGgDA1PTlZ78yiNX02aQqPT1dCC8AwMbm7TLVXbU+JV0Pi7sGqyr8+gDFa3zx4uWNbqo3GolEIsjlJb++ynT7dgzOnbsgPFe90UEsFmscm7us40WLRND4GpU9HwBl/9xUKu+5V9JxEolEmD//Cxw/fgKrVv0AAwMDDBo08I3qAhrQ7juiNt9ZC+9nba/FJX1etmjRHNOnT0NQ0Bns3bsPdna2eP/9MXjnnSblfbk6JxaLMWjQIACK8Hfnzp1q14GySktLQ2hoKMLCwvDbb78BUFwbMzMz0a1bN5ibm6NLly44c+YMGjZsiJCQECxatEirch0cHITnhc+ZoKAgXLp0SfgukZ+f/8p8ryAiIiIiIiLSB02/p+lTuQLg80nqXeF5S0yLLHP4sXoL4Z3/C3kLh8BftTJXGwv4fFLeaxkAOzu3xF9/HcSDBw/QsGFDtXlHjx6Do2MDODoqpqekpAg/fKalpZV5fMDatRXLf/31Io1BkbbMzc3Vgg/VlkKWlpZFwt7y1FUXFCERYGtrq9bqD1C0DlSOb9ivX1+1Li4BCMGILru1dHN7F25u7yIrKwt+frvwxx97hRYyham2/i3cUiMrK1v4sbRWrVpCSAIofuiWyQqK/FhXuIySuklOS0vHunU/Yfr0aWjXri0AYNWqNVq8wsrTvHkzODo2gL//n4iNjYW7e78i4S9Q9jG4VV24cAGdOnXEpEkfCdNkMhk+/XQOEhIShfeI6v5OT88UzqXNm39BixbNMG3aFIhEIhw5chQxMXdK3W7t2lbo1q0rvL0/KDKvpBsnlMdY9bqQlJSkFnoBiq5wHz9+jC++mANTU1PcvXsPy5evLLVeVUFxfXNEdnYWHjx4VGoYqa28vDwEB1/Ed999K7QUA4CTJwNw9uzZct3MoNqiMz1d0aV9STdqlPf9UFUaNnTElCkTIZVKIZWmCIHLjh27inwhKW8ILBKJ4OTUAmfOnC3S4vL58+c4cOAQPvxwLCwtLdXOq7Q0xf9WVpZ4WM57eMzNLZCVlSU8T05+JvyvzfVQeQ0u7XpY3DVYVeHXpyg3DVZWlqhOLl8OxZUrVyGVStWmS6VSZGVlwczMDI6ODRAbq/4+Vh0jWFvW1taIj0+AXC5X+7x7/PiJWlhf3OdmSZ+L5T33SjtO9vZ2+L//GwcAiI29gx9++BFNmjSBg0PdMr32ilixYrXa+WlqaorPP/+syravDeXQDSV9Z9WmhxNNSvq8BICWLZ3QsqUTCgoKEBR0Bhs2/IS1a6v2+0udOnUQFxencV7dunWFmz38/f1x/77mG0BVb1goSVBQELp27Yrp06cL02QyGaZMmYL4+HjUqVMH7777LtauXYu2bdvC2toajo6Km+gMDAzUQlvVu5AtLCyEzzkAaiH1tWvXsH//fixbtgy2traQy+UYO3asVvUlIiIiIiIiehMZGRnByckJ0dHRZW64V1nK1ddypPRl5RtYGKJ1bfUceWdcjtp4vsoxgXfG5WDKZfUf3VRbDgPAowz9tYapTI0aNULXri5Yu3YDwsKuIyMjA1KpFPv27cfx4ydga2uLmjVroFmzpkJXe3l5eTh37jw6dCi9S2UjIyPk5uYiPz8fFhYWcHJqIXTXLJfLcfToMbVxMbXRrFkzREREIi0tHXK5HIGBp4V5HTq0R3h4OJ4/fw5A0UIzKyuz2O57q4KZmWmRsZpVA197e7si81VbuejCtm3bhbGWzczMYGNjI/zwZmRkVGLzf2vr2kLf7ykpqYiKuinMa9++Pc6cOYOcnBzk5ORg7dp1uHo1DAYGBhCJREK51ta1kZiYJIxXePFi8cc8KysTBQUFkEgUNx6Eh0fgn3/+QXa2fu9SMTMzw7hx3qhVyxI///yLxi5sT50KKNMYsUpyuRxnzpwtMl6ygYEB2rVrJxw7ALh48TLy8vIgk8lw+fJlODm1AKD4gdvR0REikQgJCYkIDb2KnJzSA+mOHTviypWrQpev//77L376aVOpdwXVqlUT77zTBCdPnoJcLkdSUhK++WaxcO4ppaamwd7eHqampsjKykJAQCAKCgr0Pnbl2LFeGDfOG716uaJ/f3dMmTJR6H5blWqAq6TaWkyT0NCrsLGxLbJu584dce3adbUftrUVFXVT2LcXL15CvXr1SryRprzvh6pmZWX1v2uiPezt7TFunJfG/asMgcs6JvDIkSMQHX0L27ZtR0JCInJzc3Hr1m2sWvUDTE3FMDQ0RIcOHXDu3DnhPRkYGAQnpxZad7+vSZMmjREaegVyuRyZmZlqY4Hq8npY3DVYlZNTC6Snp+PGDUU3tsnJyYiMjES7dlU7LEJJTpw4iVOnAoqEv0rK0FfTmPKljTOvSfv27ZCfn489e/YiLS0dOTk5uHLlKgIDT8PdXXHDVkmfmyV9Lpb33CvpOP3zzz9YvnylcO2oU6cOjIwMq7zVo6abM6qbinxnLU1Jn5dnz57Db7/5oaCgAIaGhqhbt65eWqXWrVv8DQFSqRSBgYEIDAws8VpaUhlKcrkcAQEB6Natm9p0AwMDdOrUCYGBinGTnZ2dIRaLsX37dvTq1UtY7u2338bjx48BKHqNUe2K2snJCWFhYUhLS4NcLsfx48eFeampqbC0tBTOx/3790MkElXL9yIRERERERFRdWFubg4nJyeh5zsTExM4ODgUeZRnGL7yKFcL4EcZLwNgRwv1DLlwyPulszkG1zMRxgTW1BLY1dZYaFUcKc0vT5VeCZMmfYQTJ05h//6/kJT0L0xNxWjZsiUWLfpKCDAmTfoIO3bsxPz5X0IkEqFNm9YYMOA/pZbdoEF91K5thc8+m4uZM2dg0qSP4Oe3C198sQAymQwSSUN4e/coU31dXDrjzp07WLjQB2Zmphg06D2IRCLIZDK0aNEcQ4Z4YPXqNZDJZDA3N8cnn8wq0irxdXTs2N/4++/jRaZPmvQR3N37YefOXTh06AgMDAxgb2+PDz/0BqAYw27PHn88ePAQH3wwpsj6w4cPw65du3H16jVYWVmhU6cOyM9XnGuDBg1ERkYGFixYCJlMho4dO6BPH0W3mS4unbFy5Q8YMsQD/fr1QdOm78DX9ztYWlqha9cuADR3o2prawt397749tvvYGFhjvbt22P06FHYtWs3HBzqwsWliy53W5m5uHRGbKxiPFhLS0u4u/cFAPj7/wlAcdMBAHh4DNK6zOjoW8jIyBTG41TVqVNH/PzzZmG87ebNm2Lp0uVITU1FvXoOGDx4MABgxIhh8Pf/E4cPH4GDgwM+/HAs1q5dh127dqNx48bFbrtp03cwcuRwrFmzFvn5BTAyMsTAgQMgFotL/UF18uSJ+O23nZg9ew5MTEzg6TkK9evXx8OHj4RlBgzoj59/3oIFC75CzZo14e39AZ48eQpf3yVYvPgbrfeRLjk6NtA4TnqvXq44d+688NzW1hZTpkxEQkKCWsvU0rr6Pnv2LDp16lhkupWVFRwdGyA4+BIsLcvWBXObNq3x6687kJiYCFNTU0ycOL7E5cv7ftA3ZQisq5bADRrUx6JFX+HgwUNYunQZsrNzYGdnh759+whjz7/33gBkZGTAx+cbyOVy1K1bFx99VPL+Lc3w4UOxZctWzJ07D/b2dnBx6YKAAEUg0rJlS51dD4u7BqveiGFhYYFZs2bgjz/2YvfuP2BgYIARI4brpVv94kRE3ChxfmTkDbRp0xoNGzoW6emjWbOy3+BlYWGBBQvmYc+evZg3bwHy8/OF465saV3S52ZJn4vlPfdKOk5yuRzNmzfDt99+BwAwMjKEh4cH6tVzKLa8N1l5v7OWpqTPy86dO+H27Rh88cUCGBgYwMLCAlOmTNbBqykbJyenYrtKF4vFQihd3I1MYrEYTk5Fv4sUFhUVhfT0dLRuXXQ8665du2Lt2rUYM2YMjIyM0KtXL/z111/o0ePl9313d3esWbMGCxcuhIWFBVq3bo2AAEXPON27d8ft27cxZ84cmJmZYdiwYcL3fBcXFwQHB2PmzJkwNzfHiBEj0LNnT/z0009YtGiRWtfRRERERERERPSSMgSOjo6GjY0N6tUrfsi8yibKyEgt823zFr8nC/+72hrjeB9FN3CRL/KFcX8BwEsixub/Bb2F53lLxEII/J/AFLVupTPeL9sYfoUlJPwLe3ubMq3z4MFD+PntKtM6Y8d6aQw3qOK0PYYJCQnw89uN7OxsmJqaFgksDh48jMhIxQ/ebdq0VgsLS1uXKq4856KqrKwsJCYmlTgecOHjqgtz587D+PEfagyK31TaHsvFi5cK/1tZWWHmzI+LLCOVSrF+/UbhuaNjA4wb5y3Mi4i4gTZtWlV5l/K//LIN1tbWGD58aJVutywqek4VLS9BYwgMKLqdnTFjWoVa6FYFmUwmdBV8+XIITp48BR+fhXquVdXT5r2xZ49/sb0OODo6onPnjsLxXrfuJ7UAeObMj/UyzMPrpDzXUaVFi74EAJw9e17tBhoA6NnTVbhhpqR1qXQJCf+iUaNGWi0bEBAgtMBV1adPH/Tt21frZXQlICAAYWFh+OKLL3RabmW4f/++1vuZiIiIiIiIqDKFhobC2dlZq2VDQkKE/2vVqoUWLVoUu2xmZiYyMjJgY1Ox33Lz8xWNZsPDw7Vep21bRcOLcnUBrezSGQBu/K876IcZBRhw+uXYiarhLwC0rm2k1up3Z1yO0Br4oUq3z6plE5Vm794/hdaT2dnZ8PffL8yLiIgUwl/lc2Wr0dLWperBzMysyE0Wbdq0Rr9+L380jYiIhJ/fLrVxQKl6kEqlOHToiNqxSUhIwN69fxa7jpWVFXr1ctVb0KSPrkT1qbTuoE+eDNBDrbR39OgxrFixCnl5ecjPz8eFCxfRrFkzfVer2vL0HIVx47w1Pnr1chXC38uXQ4uMTX7u3AVeZ4lU9O3bFxKJpMzrSSQSnYe/L168wIEDB4TeSoiIiIiIiIhIv8zNzSsc/lZUubqAbl3bSGixK82VYV5YOh5myCDNVQS5rayM1MJfJW+JGJEv8vBTjCJ0mxeWARHUu5QuPJ4wUUkK/0Ct+uO0VJpSeHFkZb3sarekdal6c3HpjMTERCHgf/DgIc6dO4/+/d31XDMqLCIiEra2tnBxUYwfevbseSQmJuq5VqSqpO6gC18nq5s+fXrj8eMnQnewzZo11XmPAG8KqVSKc+cuICYmVmO39BERkYiJiUWzZk3Rs2cPtgYmAjB27Fj4+fkhLi5OmBYdHQ2RSCT8r0oikWDs2LE6rcPevXtx4sQJeHh4lHjnMRERERERERG9WcoZABuqddm8IUb9h8KvWpkXu+6XzuZCACzNlWGyynjByrL1wc7OFj17ljzepKZ1SL86d+6I0NCrwvM2bVqp/R8SEioEGmKxGM2bN9VqXar+hgxRtHJRhsCaAv/yWrVquc7KetP069e3SIioem716uVapKv16nItnThxgr6roDfFhcCdO3fSY61KZ2pqiilTJum7Gq881SERSpKdnS30pjFq1Ag0b87W1pWh8HVUtYW+prGYVaeVtC7pnpmZGSZPnoyAgABcuHABOTk5iI+PR3x8vNpyYrEYPXr00HnLXwAYPXo0Ro8erfNyiYiIiIiIiEidg4OD8L+FhYUea6KdcgXArrYmQoiryeB6JsXOszIxgKutsVqArGqQg35+qDIzMxPGT6NXR//+7jA1NcPDhw/h6OiodgytrKwwbpwXQkKuAAC6dOmk1mKp8LqdO3es8vpTxbi794WpqRhSaQpb/VUTypa+xbG3t+dY29WUvb09Zs78GOfOnYdUmoI2bVoz4HtDhIRcKTX8LezUqUC+PypJSdfR0q6hpV2DqXL07dsX3bt3R3R0NJ4+fSoEwHXq1EHdunXh5ORU7cdTJyIiIiIiIqKS1atXT99VKJNyBcCD65mggYWhWtfNqqS5MliZFD+8sOqYv6paWRmhp51xeapEbzBF6Ks5vLe3txdaipZ1Xar+zMzM2O0zkQ7xnHozlTX8BQATk+Jv9iN6E5mZmaFDhw7o0KGDvqtCRERERERERFS+ABgAfu5SAwNOa+5ydef9HMxorvku94cZBcUGxyvaV/8m00RERESvE0/PUfquAhEREREREREREelQ8c10S9HTzhheEs3dNS+7mYXIF/ka5025nK5x+vRmpmz9S0RERERERERERERERERUAeUOgAFgs0tNDHIo2gWgNFeGMefT8FNMNiJf5EOaK8ORx7no+rdU49i/gxxMsKJ9jYpUhYiIiIiIiIiIiIiIiIjojVfuLqCV9vSshSU3MrE0KlNt+sOMAnwRprm1r6ovnc3xVSvzilaDiIiIiIiIiIiIiIiIiOiNV+EAGAC+amWO1rWNMOVyGlLy5FqtY2kswh+utdjtMxERERERERERERERERGRjugkAAaAwfVMMHjkWzj8OBc772fjyJNcjct5ScQYXE+MwfWKdh1NRERERERERERERBcDTewAACAASURBVERERETlp7MAWGlwPROGu0REREREREREREREREREemCg7woQEREREREREREREREREZFuMAAmIiIiIiIiIiIiIiIiInpNiPbu3SvXdyWIiIiIiIiIiIiIiIiIiEihf//+AIDw8HCt12nbti0AwOiDTQGVUikiIiIiIiIiIiIiIiIiItKCyBAwNAKMTQETczz7XwBcHkYwMddhzYiIiIiIiIiIiIiIiIiIqExEBoCBIWAkhsjQqEJFGcG0ho5qRUREREREREREREREREREZScCRAaK8LeiAbDIxEJHlSIiIiIiIiIiIiIiIiIiorITASIoWgKLDCpUkhGMTXRTJyIiIiIiIiIiIiIiIiIiqoD/BcEVYFTRBJmIiIiIiIiIiIiIiIiIiKoHowpHyEREREREREREREREREREVC0YMf4lIiIiIiIiIiIiIiIiIno9GLEBMBERERERERERERERERHR64FdQBMRERERERERERERERERvSYM9F0BIiIiIiIiIiIiIiIiIiLSDQbARERERERERERERERERESvCY4BTERERERERERERERERET0muAYwERERERERERERERERERErwkjxr9ERERERERERERERERERK8HjgFMRERERERERERERPD/5D1k/DoDdWtbFJl37IuhyP5tJgwNFE2KYlb/H3q3rF/VVdRocu9W+q6CmqEdG+PsolF4vnka/v15Cs4uGoXhnZvou1qVYqxrC5z+amSR6Zsm9MGPY9+F2NhQD7UiIiIjiNgGmIiIiIiIiIiIiIiAp9IMjHV1wvLDV4Vp9axroIm9leKJSASIgO7f7kFKZi70/ftyHSsLfDG4IzYHRem1HkpT+7TC4lHd8Pnu8zgcdh+ZufnwaN8Im8b3QQ1TE+w4f0vrsgxEIsjkcuG5SASoPC3z+pXBP+QOjlyPU3sfONd/CzuDbyE4Nl4xgRkEEVGVM9J3BYiIiIiIiIiIiIioejh6/f/Zu+/4qur7j+Pvc+/Nvdk7ZLBCQth7T2WoOCoO3BO1WvvTaqu22mm12ta6a2vVWveuqyJu2QKyhySEEVYgkJ3cjLvv748bQkJuSIBAILyej8d5kJzz/Z7v55wbvvrgk+/nu03XTezbKAF89fg++vaHXbrh9H715767/3L99OVvNWdDfpN73DJlgO6cNlSRoSFaua1Qt/znGxXbHdrx9I269l9fasHG3ZKkx66aKLPJpF+8MV+psRF66trT1a9zvLw+vz5ZmacHPloqr8+v526corIqp7olRiktLkIJkaG67ZW5WrGtUAv+cKlSYsK17i9Xa/rjs1RQUa1/XD9Zp/XpLLPJ0A+7SnTzi9+oyF57zN9duNWiBy8Zq1+9vVCvLMiuP//u0k3aV1Ejl8crSbJaTPrTJeN07pB0+f1+rd9Vojtem6eSKoeum9hXM0b2lMPtVffEKF3xzOda9eer9MCHS3Xf+SM1/HdvKTTErGdvmKIeSTEymwx9sjJPd725QJL04o/PULG9VmcO7KYFG/foF2/MbxTj6J4peuLq0xQTZpXZbNLs1dt07zuL5PX5NSozWY9eOVHxkaFyuD16dPZKvbd0syRp5mn9dNc5Q2U2meT1+fTkF6v18vxsXTo6Szec3l9THv5AUiABfuvUQTKbDNkdLv3m3cWal5Ovq8b11pXjemvDrhINz0hWWlyE/vn1Wj379bpj/rkAwKmIEtAAAAAAAAAAAEnS2p1Fcnt8mtg7rf7cNeP76L3vN7Wq/8Teafr19JE6668fKv3nL2lfRY2evnZSi/1euuVM5ZfYNfC+NzTuj+/q9L6dddOk/pIkt9enGaN76s7X52nywx/o1UU5uv/iMap1efST/3yjfZW1GvTrN7W9uFJ3TBuinskxGnDv6+p9z6symw3dd/6II3sZh2lkZrKiQq16e3Fuk2vzcvK1eHNgRew95w3X6J4pGnP/uxr06zfr3tHpkiSH26PxvdL08oINGnP/u3K4PQq3WhQZalXqbf/WnrJqPX3dJK3eVqTe97yq0X94R5eMztL04Rl1/b26eFRPXfjErCbJX0l65IoJemHueg247w0N+c2bigm3qX+XBMWEW/XxL87XE5+v0sD73tBlf/9Mf79ukvp2jleY1aJ/zpysC56Ypf73vq5zH/2fzh+a0aS88+R+XfSbC0bpR4/9TwPve0N/eH+J3rvjXMVHhsrt9WlS3y76ZFWezvzLh5r53Ff66+UTKBENAMeIRaL8AgAAAAAAAADAkGTo1UU5un5iPy3MLdCYnimqdrq1bmdJgzaN2zd08cgsfbp6u3aX1Ugy9Is3FijEbGrQrmmf+MgwTe7XRTf9+xtJhmpcXr20IFtXj+ujF+ZskGTo6/U7VWx3SjK0dkexfjJl4EH3Cvz55Odr9OzX6+X2Bkofz83O1+l9OjcZ81iIDQ9VWbVDDrfvkOPNGJmlR2evVLXTI8nQM1+t1Q+PXCPz81/L7zdUXuPUF2t3SjLkr7tPIKkc+PrSpz+rK+1sqKTKqdXbC9UzObauvbQod492lVYHjSG/pEoXDstUzu4yrcgr1M0vfispsG9xWbVT/1u5TZKhbUV2zV69XTNGZunh/y1TYWWtfjxpgF5ZmKPNe8t18VOz6+544P1fMDxTs1blKb9u7G9+yFdJlUPje6VJMrSjqFKLN++VZGjNjmJZLSalxkRoe7H9qN47AKApC/lfAAAAAAAAAMB+b363Uev/co2iwhbo2gl99NqinObztwf9+3JKbLg2FZTXn3d4vHJ4vIfsnxwbLkma+9sZ9actZpNK7LX1be0Od/3XPr9fZpMpaBwZydG6/8LR6p4ULZ/Pr+SYcOUWlB2XdVBF9lrFR4YqIjRE1U53s+2SY8L1yBXj9cCMMfXnqhxupcSGS4ZUVFl7cF5bhQ3exel9O+vOs4cqOswqn8+vrJRYLdy0p/56o/4HufWVObrn3GH658zJ6hIfqdcW5uh37y9RSmy4usRHKvex6+rbhoaY9eGKrfJLOuOvH+qus4fqs19dIK/Pr799ukIvzc9uFGdyTOPPXpJKqhxKjglXRa1LlQ0/QwUS9Gaz6bh8NgBwqrEwtwIAAAAAAAAA9iuqrNXC3N26bEwvTR+eoT+8v1RG3T8kG2qcwz3435cLK2qUHBNWfz7CFqLU2Aht2Vcur9/fqG90mFU1Lo/2llVLksb98T2VVjsa3e9QYwXLQ796y1mav3G3rvnXl5KkX/5ouCb2SjsuOcaV2/apvMapmyb10zNfrm107ezB3dU7NU5Pf7FGBeXV+vMny/Xxiq1N7mFI8ivIM/sDX8dHhOr9O8/Tlf/8XLNXb5ckzbp7eqPPpWH/g1U73Hrgw+/1wIffq1tClN6/8zzdWFShgrJqbdlXoRG/fztoTHn7KnT7q/MkSeOyUvXJ3edryeaCRnHuO+izl6SkqDDtrahWuDWk0fMc4ncIAABtwNT4P9kcHBwcHBwcHBwcHBwcHBwcHBwcHByn5rGfoVcXbtSvzx+hRbl7VFrtbHDdCPL1geN/q7bp/GEZ6tEpRoZh6E+XjNVDl46VZCi/pEr9OidIMpQUFa4zBnaTJJXXuDQ3O1+/OGeoJEOGYeie84brqnG9m8R18Phuj08RNotCzGZJhhKjw7R6e5EkQ5nJsZoxsqciQkOOy/tzefy6793FenDGWP1s2hClxkYoKtSqq8f30cu3nKkdxXZJhj5asVU/mTygLilqaNqg7nrkigktPqtkKDrcphCzSSvzAs94zuB0DeyaoAib9RD9A0eI2azv7r9MA7okSjK0u6xaJfZaGYaheTm7lRIbrmmDuksyFG4N0bMzJ2twtyQN7JqoL++9UHERoZIM5RaUy+nxyTAax/fRijydN7SHusRHSTJ09uB0RYVZtSi3oMXn4uDg4OAIdhw5y1H1BgAAAAAAAAB0OJ+v3a5/XH+6Xl+08bD6zc3O158/Wa7Zd09XuM2iNTuKdetLcyRJf/zwez15zURdPCJTBRXV+mj5VlnNZknSTf/+Rk9ec5qyH7lGZpOhldsL9eqCnBbHW7OzWHvKqrX1yet12d8/1x/eX6o/XTpWv54+QhvyS3XHa/P1wZ3n6fGrJurutxYe/os4TK8uyFFRZa1+cc5Q/f7CUfL7/Vq9vUhX/vNLzcvOlyQ9/tkqRYdZ9f2Dl8tsGCq01+ruN1sX2/aiSj3z5Votuv9SVdQ49b+VefrNe4v15DWnKWd36SH7ur0+/e3TlXr11jMVYQuR3+/Xtxt26eX52XJ5fLr4qdn625UT9MTVE2UyDH2wfKvW7yqRz+/Xgo17tPj+S2UYhlwer/78v+XK2V2mET2S6++/YONuPfTxcs26+3yZTYbKqp265OnZqqhxHfkLBQAcESN05j/97R0EAAAAAAAAAAAAACBg39PXSJLWrFnT6j5DhgyRJFmOdgkxAAAAAAAAAAAAAODEYGrvAAAAAAAAAAAAAAAAbYMEMAAAAAAAAAAAAAB0EBbDoAQ0AAAAAAAAAAAAAHQErAAGAAAAAAAAAAAAgA6CBDAAAAAAAAAAAAAAdBAkgAEAAAAAAAAAAACgg7CIPYABAAAAAAAAAAAAoENgBTAAAAAAAAAAAAAAdBAkgAEAAAAAAAAAAACgg7AYogQ0AAAAAAAAAAAAAHQEFvK/AAAAAAAAAAAAANAxUAIaAAAAAAAAAAAAADoIi1gCDAAAAAAAAAAAAAAdAiuAAQAAAAAAAAAAAKCDYA9gAAAAAAAAAAAAAOggKAENAAAAAAAAAAAAAB2EhfQvAAAAAAAAAAAAAHQM7AEMAAAAAAAAAAAAAB2ERQZrgAEAAAAAAAAAAACgI2AFMAAAAAAAAAAAAAB0ECSAAQAAAAAAAAAAAKCDsEiUgAYAAAAAAAAAAACAjsBC/hcAAAAAAAAAAAAAOgYL+V8AAAAAAAAAAAAA6BgoAQ0Ax1Go3ymHYWvvMAAAAAAAAAAAQAdlau8AAOBUklKRq1BPdXuHAQAAAAAAAAAAOij2AAaA4yTUU61rLrtYr3y2UAWyyWtY2jskAAAAAAAAAADQwbACGACOk3B/rS4Y21+WmBSlOfJl9nvaOyQAAAAAAAAAANDBsAcwABwnQ7vGq09avBJiI1Wi7koq26u9trT2DgsAAAAAAAAAAHQgrAAGgOMg1FOtG84eK0myWcyS2aLQqDilOna1c2QAAAAAAAAAAKAjsRgsAAaAY8rs92hi11BdMKafiu21cnq9geILoRGyGVJqxS4VhaayJzAAAAAAAAAAADhqlIAGgGPI7PdocpJbr937Y0nSgo27VWJ3qn7utUXKlhCq1NJ8FVsS5LBEtF+wAAAAAAAAAADgpEcJaAA4RsK8Nbp2YKze+N2PZbWYNGfDLr0yb0PThmaLzEnpSrE4lFy7S2a/5/gHCwAAAAAAAAAAOgTqjQJAGzP7PUoPqdIzP7tAE/qla+OeUi3fuk9zNuzStqLKZvv5o5IUGu5Rl6piOZwelVkT5DLZjmPkAAAAAAAAAADgZGcRmwADQJuJdRbpmvG99burr1O4LaT+vN3hVu+0eK3YVnjoG1hCpNhUhXo9SqsqUq3TSyIYAAAAAAAAAAC0GiuAAaANRHgqNS0rXr+95gZlpcY3utY5PlKSVGKvbf0NzRb5Y1IVKinNXihHbaFKbZ1IBAMAAAAAAAAAgEMiAQwARyHCU6kzs+L1swsv0siszkHbzNmQL0lat6v4iMbwR3WSLUpKK8tXjcuvEluyvAbTNwAAAAAAAAAAaMpiiBLQAHC4Avv82vXYT87TlMGZzbabsyFfu0urtHzrPhWU1eio5ty4rgr3ehRWlq9ic6xqLNFHfi8AAAAAAAAAANAhWcj/AsDhCfVU64pBiXroxqsVFWZttt2cDfnauKdUuQVlWrm9UG0y31osMpLS1cleqCrnXhXbUtrgpgAAAAAAAAAAoKOghigAHIYYR5GeuXmaLhjT/5Dt9id/txVVam52fpvH4Y/qpAhrtcyVu1VsTZLX1HwiGgAAAAAAAAAAnDosbbMkDQA6vp4q1JsPXq8+nROabePyePX52p3aXVql3ILyuuTvMZpnbZEKjQ9VatE2FYR3Z19gAAAAAAAAAAAgU3sHAAAng+HhFXrndzMPmfwttjv07tItdcnfsmOy8rcJs0XmpB5Krdkhs99z7McDAAAAAAAAAAAnNPYABoAW9FKhXrn3x+qWGN1sm+V5+7Q8r1CSNDcnX7kFZcevwILFInOnHupUtEMFET2O06AAAAAAAAAAAOBERAloADiENG+RZv3lJ0qJjQh6vdju0JzsfBXba1Vsr9Xc7HyVVDmOc5QKrARO6KrIXTmqSup3/McHAAAAAAAAAAAnBAvpXwAILsJZolfumRE0+evyeLU8r1DrdhZLktbvLNaKbfvk8vja7ddqLCFWmUOjZKvcI1d0WjtFgePhj9OH6Odn9teXP+zW5c/Pa+9wTng2i0n7nrxSkjTp0c+1ZmdpO0cEAAAAAAAAAMeOpb0DAIATkcnv0VXDO2t0765Nri3P26f1O0vk9HhVbK/V4s0F2lNW3Q5RBhERJ2vRNnlDY+W1hh+zYW6YkKUnLx8V9JrT41NZtVMbCyr02Q/5em3xFjnc3mMWC3Cym3XHGZqYlSxJuumVRfpg5Y5Dtn9p5gRdPLx7s9ftDrd2llZrQe5ePb8gV9uLq5q0uW5cpv5+5Rh5fX4l3PnW0T0AAAAAAAAAgBOKRQZrgAHgYD1VrMH9R8nl8cpqMWtPWbW2FVUqd0+ZnB6vnB6v1u0s0cpthXU9Toy5NCTEIntYgsLL82RPHnjsBmrwuBW17kaXImwWpcSEKSUmTJP6pOiW03pr+j++0Z7y2mMXzynHOPAH/x1vWcN3ZBgn1DvLSIqqT/5K0vXjsvTBqp2H7lQXvsfnV7XT0+iSyTAUaQtR/7RY9U+L1cwJWfq/N5fooyb3POidAAAAAAAAAOgwWAEMAAcJd1doQP+esjs9+s+87EbX9id+1+8qlsvja6cIm2eYLZLJLI8lTCE1xXKHJx7T8Zwen7rf+9/GMRhS17gIXTc2U3efNUA9O0Xpb5eM1DUvLjimsQAno5njekqSvs0p0OQ+KZqYlaz0xMigq3YPNj93r2b8a26T8zaLSWMzO+nBC4ZqUJc4vXDtOOXsqdDGvRVtHj8AAAAAAACAE4+pvQMAgBNNvKtYtojoRuecdXv+vv/9Fq3cVnhCJn8lyesJrAb0WiMVWtbCKsJjxO+XdpZW66HZ6/Tiwk2SpLMHdFZoiLld4gFOVCFmk64anSFJenHRJi3eWiTDkK4bk3lU93V6fJqXu1fnP/ONiuwOhZhN+umkPm0RMgAAAAAAAICTACuAAaCBGEehzNFJWrGtUHaHW1aLWQXl1SfOHr8tMPz++q89odGyVhXKFdmp3eKZv2mvbj6tlywmQ/ER1qBloCdmJevm03ppVHqiEiJtqnZ6lFNQoQ9W7dCri7fI7Q2ebD/cfn+6YKh+NrWvXpi/SX/5fJ2euGyUpvRN1c7SKk185PNWPU9ydKhum9xXU/umKj0xUjaLWaXVTq3cXqLnF+RqXu7eJn2+vussjUxP1PUvLdTcjXt1//lDdM7ALoqPsKqgolZvL8vTo1/+IL9fGtwlTvedM0ijMxIVYQvR5n2V+vucbL23fHvQePz+wIrr2yb30ZWjMtQjMUoen08/7C7Ts3M36tN1+UH7De4Sp59O6qMxGUlKiQmTYRgqqKjRwk379NQ32dpaZG/SJzbMqtsm99G0AZ3VIzFKNotJRVUObd5XqbeXbdN7K7apwY+fJCkrOVo/m9JXE3p2UlpsuHx+aV9lrVbtKNF/Fm3W4q2FTcaxWUy6cUKWLhzSXb1TohUVGqIqp0c5BeV6Z9k2vbpkS5NxJMliMnT7lL66YlQPpSdEqsbl0ZqdpXrq22x9n1cU9D3s1ykqVLdP6asz+6Wpa3yELCZD+yodWppXqH/Ny9WaXaWN2k/r31nv/uR0Ze+p0Li/ztbvzhuka8f2VHJ0qLrf+98mZdGbc96gLkqMtKm8xqVvsguUHBWmCT076arRGXr4s3Xy+oI86GGoqHXr07X5umFCT41MP7bVAAAAAAAAAACcONgDGAAaiFKtFJ4il9ev9fkNkj4nyVzp9rjrY/XaomSz75ErKrmFXkeidfuHRoSGSArsVVpodzZp+4fzBuuus/pJkrYXV2nR5kIlx4RpVI9Ejc1M0mUj0jXjubmyOzxH3c9Rt2o71GrWE5eP0kVDux14llZ8vr2So/X5HWcoIdImt9enzYV21bo8ykiK0jkDO+ucgZ31qw9W6oUFmxr1c7gD48aG2/TJz85QZlKUthZVymoxqUdipH5z7iCFhVj06fp8zbp9quwOt3aV1SgzKUoDOsfqhWvHyeH26ZO1uxq8c9W/1xeuHa9LR3TX9uIq5e6tUM9O0RqX2UnjMjvp3g9X6vn5jeO5eFg3vXDtOFlMhiodbm3cWymzyVDPTlG6dmymZgxP1/n/+FYrd5TU90mItOnbu6YpPSFCLo9P2QXlqnS4lRYTrkm9UzSpd4qm9k3VLa8vqe8zJiNJH/3fZIWFmFVe49L63WVyeXzK7BSlGcO76+Jh3fWL95bplcVb6/uEhZg1+2dnaFj3eElSXpFdmwsrlRoTrjEZSRqTkaTJfVJ1/cuLmnw+r910ms4d2FmS9MOechWU1ygjKUof3zZFt731fYOWjT/vod3i9eFPJysu3Koal1erdpbI6fZqQOc4XT6yhy4dka673lveKE6HxxuI12rWjROzdM+0AQ1u3/o9hmeOy5Ikfbhqp9w+vz5as1N/nTFcKTFhmjagsz5bv7uZnq3fv7ek2ilJig4LaboXcivvAQAAAAAAAODkYuGf/AAgwOapkiUsuuWGJzC3y9UwNSS/xSaLq0Zea3ibjmM08/XBLhwSSLJ+k71HXp+/UdsLh3bTXWf1U5XTo1tfX6LZ6w+sVu2fFquXbxivUT0S9afpQ/WL95YfdT+vL5CIzUyK0qAu8br97e81P3evjBaeYb+/zRiuhEibfthTrhnPzlWh3SEpUMb34QuH6ebTsvTg9CH6cNUOlVQ56/v56lZx3jm1rzburdCP/v6Nql0emQxDj186QjPH99RNE7N0zsDOeuLrDXr8qw2SpOjQEL136ySN7pGon5zWS7MaJoDrjMlIkiRNe+prLdtWLCmQRP3XNWN1wZCu+uP5Q/Txqp31sYZbzXryslGymAy9/f023fXf5XK4A8nMhEib3vzxaRrdI1GPXzpCkx/7sn6c2yf1UXpChH7YXa4Ln53T6PlG9UjU2zefpstGpOv1pVu1aHNgVe+fLhiisBCz3lyap7v+u7y+bLphSNeOydRTl4/SwxcN0wcrd6jKGUjU3za5j4Z1j5fd4dFFz85plIS+dER3vXDtOF0wpKvO7p+mLzfsqb928bBuOndgZ/n8fs18+btG7+qS4d316CUj6r9v+HmHW8167caJigu36tucAt306nf1q3dNhqHfnDtQd5/VX49eMkLf5xXX76G7f2WuzWLWbZP66O/f5ujVJVvl8/tV5fC06ucpPTFSp/cK/HLGG99vlSGpstat2evyNWN4d103JlOfN5sAPqClsXokRkqSSqqczbbl/wUBAAAAAACAjoU9gAGgTrSrXIpMaO8wjlityyW/r3HZY3dYvGyVwcsAHyvRoSEa2i1e/75unM4Z0Fl7K2v1+/+tbtLu3rMDqyYfnr2uURJXkjbsKddtbwZWbV41OkPxEbaj7uetqxs8vmcnPTBrjd5cmqf8shrtKqtp8ZkMQyqoqNW83L16ePa6+oSqJLm9Pv3hk9VyeXwKDTFrQs/gJbdTY8N1xzvLVO0KJDt9fr8ea5Dsdbi99clfSap0uPXCglxJ0pBu8UHvmRhp06/eX1Gf/JWkWrdXd77zvWpcXoWFmHXRsG7111JiwjV3Y4G+21KoP81eW5/8lQIJwj9/ti4wXtd4JUQeeHeDusRJkj44KLktScu2FeuOt5fpj7PWqKLG1aBPIOZXlmxptGe23y+9tmSrfvvxKj306TqFWQ/sRuH1+fV19h79Y25Oo+SvJP13xQ4t2Roo5XxG37RG164ZHdgzd/a6/CaJ8vdX7mi8erqBGcPT1TUuXNUuj255fUmj0s0+v18PzV6nH3aXK8Rs0i2n9WoUpySlxYZpfX6Z7v9kjfKK7NpeXCVfsPrUQVw/NlOGIeUUVGj1zgPVBt5clidJOrNfmlKiw1p1r+akRIfpzH6Bd7Vw876juhcAAAAAAACAk4eFdR8AEGAzvDqZ50RHTa2CxW/yOoKePzqB+9ksJpU9fWXQFl6fX/9ZtEVPfL2hbu/fAzFkJEWqT0qMJOnj1buCxrd8e4kK7Q51igrV2MxOmr0u/4j7NYzZ7fXpnWXbg/Ztjt8v/d+bB5URbsDh9ml3eY16JEYqOTos6L3n5BSopMrV6Nru8lo5PT7ZLCb9d+WOJv22FQf2no6wWmS1mBskUgPtalxezV6/u0m/ilqPluYVaUqfFI3snqTntVmSlFdUpRteWdzsc2wpPLD3b3JUWF28UlldYndSrxT9Y85GeQ7am3b2+t3S+sb3LKtxKiU6TGf0TdOK7Y330JWkf81rWJo60Oepb3L01Dc5QWPbH9/YzKQm73h03Uror7ILgvb7aPVOXTc2s8F9A23OrEskz8/dp9JqV9C+n67L14DOsTq9V0rQ668tzQt6/lAsJkNXjc6QtD/he6D/vNx9yi+rUZe4cF09JkOPf5Xdwt2ajh1htWhsZpIevGCIosMCeyg/N3/TIeI8eec9AAAAAAAAAE1Z+Dc/AJCsXqcsVpv8J+mc6PP75HQ5guZxDL9k+Fzym61tN2CDcfZU1Da6ZDKkmDCrwkLMumJUulJjwvT7T1Yrr6iqvk3/zrGSAonVF68f2+wwlKtGlQAAIABJREFU4XWrQ7OSoyTjyPs1tLWoStVuzxHlvAxDGpeRpEFd45UUYVNoiFlG3f6pMWGB92s2GUFrZO8srQ46ptPtlc1iCnp9/16zUqDUtMvbeIX35n2VgXNB7ru1yK4pfVLUPTGiyfVwq1mTeqeod0qMYkNDZLWYJQUS+vuZzQee46XvtujCod10eu9kLfvteXp/5Q7NyS3Qiu0lTZLB+z2/YJPu/9Fg3Xv2AJ3eK0WfrN2publ7tXFvZdD2DfVLjdGoHolKiwlXhNUikykQyNC6ldAN33FqTJjCrYH4txXbg76LTfsajNmgBnTvlEDJ9w17ypv9ecgtDJR97pEYKYvZCDxvg7br8ssO+2fpnEGd1SkqVB6fX+8u396ov1/S28u26ZfT+uuaMRl6/OvmE8Cn9UrW1j9f3Oic2WQoJiyk/vtKh1s3vPKddlfUNF+7/SSd9wAAAAAAAAAEZ2m5CQB0fGHuCvljTt7yz/aqGvmbScR5rBGyVBfLHZ0W9PrRcHp86n///4Je69kpSrdM7KWbJ2Zpcp8UXfrcPH1XV8I3LjxQXtgwAiWZWxJtCzmqfg2V1TiDtGzZqB6Jev6aMUpPiDyi/pUO9yGv21u4HkzpIZ6lsq6ccVRo43dw3dhMPXThUEXZWv+/AEvyinTZ8/P1xGUj1CMxUr+c1l+/nNZfVU6P5ufu1Rvf5+mLBnvySoHVvC6vT/dOG6AxGYkak5EoSdpbWasvftijl77brPW7yxv1SY4O1b+vHaeJWS1/tvtFhzZOdgbTsLRzQ/t/nspqXUGvS1J53epnw5Ciw0LqVgofUFbTfN/mzBzbU5L01YY9Kq5q+hm+uSxP95zVX+kJgX2C528KXr45xGxSfETTX+yocXm1o6RKczbu1b/m52p3ectlzgEAAAAAAAB0HJSABgBJZsOQQkLbO4wj4nS7VVNVpebmc681SiHOSrmP2Xwf/L5bCqv0qw9WKdRi1rVjM/ToJSM07pEvJEn7c9U1Lq86/+r9Vo9zpP0aCmyTfHjvIjk6VP/9yemKDg3R6p2l+vPnP2jVzhKV17jr93xdfO/Z6psao0ZLTJvEcahxg10/eJlm4+uBvWiD33P/rwMEwgu0Oatfqp6+fKQk6f2VO/Wv+bnavK9SdmdgX+L4CKu2PnxR0PHm5u7TsIdma0LPTjqnf2ed3jtZfVNidN6gLjpvUBd9lV2gq15cWL8/riQ9O3eTXvluq6b1T9OZfdM0MauTusSFa+a4TF0/NlMPf76+UYnjN26aqBHdE1Rod+iBT9dp3sa9Kqpyyl238vlvM4bp5olZjd7N/hXYzb9DyWwyHXTmoDb+IOfqWx7o6/fvv/+Btr5D9A2mW3yEJvVOliSdO7Czyp664pDtrxuTqfmbCoNe+zZnry55fn4rRm3u5/FQ1wEAAAAAAACcrCwG/+YHALL5nToZ50Ofz6fKioqWYzeZ2vT5GqWOWrjv7A27de3YDPVNjVGnaJuK7M76VbjhVrOiQi2qqktAtuRI+x0c9OG+i6tG91B0aGD15wXPzm007v571a+0NZq//6HGNYL0O/g911+v+zMmzNrsPfeXAa50uOvb/OS0XpKkubl7dcsbS5p/hkM8x6IthVq0JZCQTIkO1fVje+quM/vqrH6p+umkXvrn3NxG7WvdXn28Zpc+XrNLktQvLUY/n9pPlwzrpt+eM1Bzc/dq9c5SjUxP0IjugVX417/8nb7fVnzI+Pafq27wWUSHhQSNOSHS1qjf/jalNU4lRdkUH2Fr9j3GRQTG9Pn9qnIG3uXh/Pwf7PqxGTIZhlxeX9DVv/tZzSYlRtp03qAuio+wNl5p3ODn4Ej/Xh/NMwAAAAAAAAA4sVECGgAkmf2HkUg8gVRU2uX1tFw62PA4jkM0wTXcj9RqDqymzN5TUX9uWLcELdgcvMTtwY6039HqkxwjSVqaVxQ06dwlNlxpsWHHJZaGsjpFyTD2r/JtrEdioFR1XpG9/lzvlMBzfJ1TEPR+o+vKNLfW3kqHHvnyB9lCTPr51L6a2ju1SQL4YNl7KnTL60uUnhChEd0TNLl3ilbvLK2PrbLW3Sj529DI9KZl2vdU1Mrp8clmMSkzKUqL68qMNzSwS2yzsfROjtaAtODXJalfSuDa5kJ7s/sdt5bZZOiq0RmSpH/N26QHPl3bbNsIq0U5D16gSJtFl49M13PzNx3V2AAAAAAAAABOHZSABgBJFr+3vUM4bBX2ajlqW7e3p+FvvlTwkWl9+djzB3aVFNhLtaDCKcnQ9pJq5eytVN+UaF0/NlMLNjctcRsXbtWs2ydr4eZCPfDpOjnc3iPud7gxH2x/WWOrxRy0733nDJSpbhlloNxwc/c/3BLQzV0P/BkbbtVpWSlN9oiNsFo0JiNJkrR0W3F9e1/dc9iCPEdoiFl3ndGv/nuzEXiO5OhQ/fKs/kqMtGnmK4uDRlZoD6xkjbBZJBkalZ6gm8b3VF5xlR75ckPwPpWBX0qItAb67H/HIZbg7++KkenKTIoKxGY68C58fmn1rlKN6ZGos/ql6fWl25r0vXRYeoPvDvT9KmePLhraVaf1SlZCRKhKqhuvyDUMafqQwM/v19kFOvj9N/360Kb176yU6ECp+deX5h2yb7XLqw9X7dR1YzN07ZhMPTd/czNjtsXfa/5fEAAAAAAAAOhIDt4UDwBOTSG2ltucQGpqa1VTVdnq9mZfy6uE25JhSL2So/T4pcP1o0GdJUkvLtpSv1+uJD3+VSAxeNHQrrpzap9G/bvEhuutH09Qv9QYZSZFNUjiHnm/o7E6v1SSNL5nknp2iqo/H24166ELhmhcZpKW1K08zaxbeXs8VDrcevzS4UpPiKg/ZzYZ+uvFQxVps6jS4dYna/Prr63eFXiOS4d1V7jVXH8+LSZM79w8UTkFFap2BVY473/OIrtTZ/VL1fTBXfTnC4cowtq4eEj3hAjdNL6nJGlRXUK+tMalS4Z31y/O7KsrRqbXJ8f3m9Q7WZP7pEiSFtaVk16zMxBbWIhZl4/sXt/WMKSrRqXrrxcN1fsrd0qSMpKiGt3v3eXbJUnnDuisK0cdSPaaDEN3Tu2jsZmJjX729vt49S7lFVcp3GrWc9eMVnSDEtMhZpMeuWiYsjpFye706IWFm5v0P1zXjw2s/l20pVB5xVUttn/9+zxJUt+U6KCrnwEAAAAAAAAgGAuLPgCgThvPh71TYxVpCySUNu0tl93RNknYmtpaVVSUH1a8PpP5mCwAtllM2v6Xi5pcDrdaZDEdGPC9FTv0t682NIrhwzW7NLBLnO6c0kf3/2iQbpmYpdx9lYoLt6p/WqwsJkMb91bqF/9d3ib9GsV+mO/ivRU7dMeUPuoSG655d5+lJXlFMhmGhnePl98vXfL8fE3tm6qxmUm6dkyGOseF6+XFW/XFhj0tj2sc4vrBCz3rvjfXvduvswsUYjZp2W/O1aqdpaqodWlAWqxSYwLlqO/7aLXKa131/f4+d6POGZCmfmkxWvnb87R6V6liw6wakZ6gTfsqNfPVxXpt5jhN6NlJj84YpouHdtN9H6/Sbe8s01s3TdCtp/fS9eMytaXQLrvDrYRIm3p1ipZhSOt3l+upOTmSIW0psuvB2et0/48G6dmrRumhC4ZoW0mV3F6fusSGq0tcuCTpze+3ae6mfZIh5eyr1Oc/7NE5A9L07JWjdf3YTFXUuNQ/LVZpsWH61YertHFvpS4Z3k1ZnaL05Z1T9Xn2Hj31TY7eWLZNlw7vrnGZSfrnlaP063MGqLDSoR6JkYoJC9FNry3RP64cpQirRSbTgU18nV6fbnh1sT689XRN7ZOi9X88X6t2lMjnlwZ3iVN8hFW1bq9ueWOp8strjmoBcJfYcE2tS3q/tjSvVf1W7ixVdkGF+qXG6NoxGVq+o6RpoyP9e93Wi4gBAAAAAAAAnDAoAQ0Ako4oKxjE+UPTNblvmib37dzkmt3h1tyc3Zqbs0fzcnYf0f3LyirkcNSouVgHdE1SVLhV2buKVVHjPOjqsZnvG66a3K/G5dWOilqt2FGit5Zv18L6Us2NY3jg0/Wam7tPN43vqZHpCRqfmaSKWrfW5ZfpwzW79PqSPNmdnjbrd8DhvYtKh0fnPjNXfzhvoCb3TtbErE4qtDs0a+1uPfltjvKKq7SlqErDusZrQs9OGtwlToax/2fqUBneluIKngEOCwms3rU7Pbrn/VW6fXIvXTa8uwakxcrr92vRliI9PWejvt24t9E9Vu0s04X/mq/7pvXX0G7xOr1XsnaV1ujpbzfq6TkbVeX06Df/W6tnrxyprE7R6p0SLb/P0MLNRTrzqW9162m9NC4zUT07RclqNsnuCOzX+8n6fL383VY5Pb768Z6ek6vsggpdNyZDg7vGaWDnWJkMQ8VVTn25oUBvLt+mT9ftbhTfTa8v1b3T+uvioV01vFu8ymvdWr2zVLe/s7y+3Pez8zbpqlHp6p0SXXfOkNcnXfrCQt05pY8uHtZVXeMiFGG1aG1+mf4+J1fzNu3TXy7yKMJqUWiIpdGY63dXaNwjX+r2yb11Vr9UjeqRKEOBvYU/XrNL/5iXq+0l1UE+i+Y+s+CuGZ0hk2GovMalWQc996G8tjRPf71oqC4a2lW/+XhNkD2oyQADAAAAAAAAaMyI+/l7TWsiAsApJtW9T9a45CPu3zs1Vk9cNU5psREtN5a0p7xaz83J1qzV21vV3ufzq6yiQi5HbdDrl43rq19OH62uidGSpIoap/7w7kK9+122JMlatVdVqUNbNRYAAAAAAAAAAGhf2x+YJklas2ZNq/sMGTJEkmRhzQcAHJ3pw9L1wEUjD6tPWmyEHrx4pK4em6X7P1qu3ILyZtt6PV6VlpXL43E1uTaga5KeuvEMDeia1Oh8TLhNT99whhbn5mtXcaW8lgjW+AEAAAAAAAAAcAqwyCAlAAB+j0tHUgY1kPwdccTj9k6N1Tv/d6aem5Ot5+dmN7le63CosqJCPt+B0rr73TN9tO6ZPuqQ9//l9NG646VvZPK5xXwPAAAAAAAAAEDHZ2nvAADgRODxS7bD7JMWF6F7zhncJuPfOqWfJvdN011vL9Gesmr5/T6V26vkqK5u0jaw6ndqk1W/wUwbkiFJ8pub7tMLAAAAAAAAAAA6HlN7BwAAJ4Jaa4zkdhxWn1sn91VUaNslVgOrgc/QZaMyVFhc0iT5GxNu04OXT9Q391/RquTv/j4BbPcOAAAAAAAAAMCpgBXAACDJYY6QUV0of2xaq9pHhYbo/KHpbR5HVGiIfn3+MF0ztqce/WSZsncVKyrcqvG9u+jmMwY3SOi2ntlVJU94QpvHCgAAAAAAAAAATjzsAQwAknzmELldHllaOSdOH9bjmMbTNTFaf7/xjDa5l9njkCOyU5vcCwAAAAAAAAAAnNgoAQ0AdWr9FsnraVXbqNCTo4DCkk27JYOpHgAAAAAAAACAU4WF9b8AEFBjS1B0dYkUndxi26hQ6zGNJb/ErsdmLdOGnUWSpLunj9LZQzIO+z4bduyTNzRKzPUAAAAAAAAAAJwaLCItAACSJJc5TI7qQoVGtzwv2h3uYxJDfoldd778rRbn7m50/oZ/fq7Lx/fVg5dPUHRY65PP3/+wSc6YbmKuBwAAAAAAAADg1GAhJwAAB1SExCi0tlwKjz1ku4KKmjYdt7LWpcdnLdML36wNnAgyN7+7OEcbdhXpg3sualUSuLLWpS9XbZaS+7dprAAAAAAAAAAA4MTFxpAA0IDTFitHVUWL7VZsK2qzMd9bvFGjfv3ageTvIfywq1gzHvtIlbWuFtv+5/Mlcsalt0WIAAAAAAAAAADgJEEJaAA4SHlIomIKtiosNbPZNnvKa/TW0i26akzPIx5nyabdemzW8iblns8e0kP9uyQ2aLdHizcdaLM/CXyolcD5JZX6z5fL5I068vgAAAAAAAAAAMDJx9LeAQDAicZljZS90q/qokJFxsQr1Bp8qnx+bo56p8RqeHpi0OvNyS+x67FZy/Xu4pxG58f16qynbpiqrglRTfocvPK3pSTw3c++r71h3Q4rLgAAAAAAAAAAcPJjD2AACMKRlKXI3atV5vXKYrEqLDxMISEhkqQQi0Ven1/F9hpd98K3unVyX/3szEEt3vOLNdv0xdptBxK/Debfy8f20VMzp6qy1qX3lmzU52vyVFnjUv+uiTpnSIbG9krTLWcO0WOzltX3+SG/WDMe/0hPzZxav2K4stal+9/6Vgt3VkmxcW33QgAAAAAAAAAAwEnBSLznI397BwEAJyJzbYVs5dvljkhqsW10uE3jeqWpf9dEdU2IUteEaFXWOPVDfrEqa1x6d8lGVdY4g/Y9e0gPvfTTc7Qhv1g3PPu58kvsTdp8/fvLFB1m0+jfvB70HpeP6yNJWrxxpwp256s2ecBhPCkAAAAAAAAAADiRbP39FEnSmjVrWt1nyJAhkigBDQDN8obFyOHvJltlvjzhCYdsW1njDKzwXbPtiMb697fr9PisZfUlng/285fn6OyhPZrt/+7ijZIkq30vyV8AAAAAAAAAAE5hJIAB4BB84XHyOSpkqSlpMQl8pFqTON6QX6wN+cWHbBNSXaSaTv0lS9M9gQEAAAAAAAAAwKnBIoNNgAHgUJwJPWQr3S5LbekxSwIfLWvFbtV26iO/NbS9QwEAAAAAAAAAAO3I1N4BAMDJwBmfLndUikKqio74HtFhVv14ykB1SYg6ov5dEqL05PWT1b9LgyS0zyOrfa8cyf3ksx3ZfQEAAAAAAAAAQMdBCWgAaCVPRJJ8hkVhpXlyRSZJpsObQm+eOlh3/2iEHrxsgv797Tr9e8465ZfYW+x39uAemjYkXWcP7iHDMPT4pyskSSZXjUzuGlUnD6DsMwAAAAAAAAAAkCRZJEpAA0Br+cLjVW2NVFjJFvnllzcsrtV9v1izTWcP6aH+XRJ089RBunnqIFXUuLQhv1i7SuzaVRxIBseEW9W/a6Kiw6wa0DWxvv97S3L12KcrlF9SpZCqYnmt4apNHdzmzwgAAAAAAAAAAE5eFrYABoDDFGKVI6WfTDVlCivbJndYvPzmllfgZueX6KyH/qsfTxmoy8b1Uf8uCYoJt2pcr7Rm++SX2PXF2u3697eB1cJmp11WT62cSVnyWiP4FR4AAAAAAAAAANAIJaAB4Aj5wuNUHR4na9kOWWrL5DdZ5G3FPrwvzlmvF+esV3RYYKXvwQngXSX2+mN/iWhLTYksfp/c0WnyRCYdk+cBAAAAAAAAAAAnP0pAA8BRcsWlS5IsVUWyVBdLfo981qgWVwVX1rq1ZFOBlmwqCHrd5KpRiLNCPrNVzvge8rUiuQwAAAAAAAAAAE5trAAGgDbiiUyqX50bUr5L5poSmQzJ75f8Fpu8llDJFHzaNblqZMgnw1Utw2yR3zDLY4uWM6nn8XwEAAAAAAAAAABwkrOwABgA2p47rqvccV3rv7dUFcnwOGV2lgdt74lIkt8wy9up1/EKEQAAAAAAAAAAdECsAAaA42D/ymB3O8cBAAAAAAAAAAA6NvYABgAAAAAAAAAAAIAOwkL6FwAAAAAAAAAAAAA6BvYABgAAAAAAAAAAAIAOghLQAAAAAAAAAAAAANBBmNo7AAAAAAAAAAAAAABA2yABDAAAAAAAAAAAAAAdhEUGJaABAAAAAAAAAAAAoCNgBTAAAAAAAAAAAAAAdBAW1v8CAAAAAAAAAAAAQMdgkUgBAwAAAAAAAAAAAEBHYCH/CwAAAAAAAAAAAAAdA3sAAwAAAAAAAAAAAEAHQQloAAAAAAAAAAAAAOggLO0dAACcyDITI3Raz0R1jrEpLSZUUbYTZ9q0Oz3aU+FQfrlDC7eWaGtxdXuHBAAAAAAAAAAA2hl7AANAECFmky4enKpz+naS2XRiTpRRoRb1Do1U7+RITcpK0GfZhfpw7R55fP72Dg0AAAAAAAAAALQTi0EGGAAa6RYXptsm9lBqTGh7h9JqZpOh8wekaHBajF5YvF07y2rbOyQAAAAAAAAAANAOTO0dAACcaMakx51Uyd+GusWHaUx6XHuHAQAAAAAAAAAA2gkJYABoICspQuf2T27vMI7Kuf2T1S0urL3DAAAAAAAAAAAA7cAigxLQALDf+IwEmU7yedFkGJrSK0mvLNvV3qEAAAAAAAAAAIDjjBXAANBAt/iOsXL2ZC1hDQAAAAAAAAAAjg4JYABoIC26YyROU6Nt7R0CAAAAAAAAAABoBySAAaCBcKu5vUNoE7FhIe0dAgAAAAAAAAAAaAcW4yTf6xIAEBzzOwAAAAAAAAAApx5WAAMAAAAAAAAAAABAB0ECGAAAAAAAAAAAAAA6CItEiVAAOKAjzYkd6VkAAAAAAAAAAEBrWMgPAEAHxfwOAAAAAAAAAMAphxLQAHCEnvnt7Vr6zacttlu54Cs998Ddh2xTWrRXv776bHk9nrYKDwAAAAAAAAAAnIIoAQ0ARyjMYigypOU5dNKk0zV98njt9jbfJikpSe+88462ey3yt1mEzO8AAAAAAAAAAJxqLKQHAOCAw50Tjbrj/ReeUFhElMpLClVZWqKaqkpdeOMdyuw3SAvmzdeyuV/q1vsfl9vl1Gdv/Uc5q5fK6/Fo8NjTde5VN6u4pEi/+vlMPfzqpzJbLNqavU6fvfVvOWqrZTKZNXrqeZpw9oXH9FkAAAAAAAAAAMDJjz2AAaChI5kTDSkmzKK1yxfqz08+o04J8frovbc154PXlNn/MYWHGAq1BNrN//Q9VRXl66WXXpLX69ZdP79L38+ZrQFDRwZuZUjVVZV648kH9Ktf/1YjRo5QYWGR7rz9/5TcpZuyBg47ts8CAAAAAAAAAABOapSABoA2YWj4iOGqtMSotMyrpG49VTm76f7AOcsX6bIrrtKWaosMhehvjz+pMo+h3YVl9W22Za9RXFyskvsM04ZSn0KsCRo7Zoy2rl12eAlg5ncAAAAAAAAAAE45lvYOAAA6CktohDy+wNdOnyGf19ekTWV5mXy2KPn8kuRXvju0yZ6/bnuZYmJiVOmu+94n2SKjZC8qPpbhAwAAAAAAAACADoAEMAC0Ef/BmdwmqV0pLjZW5eXlSq37vrysVD6fT6YGbeLj41VWVt6oX0V5hRLi49syXAAAAAAAAAAA0AFZZFAiFACOl9Hjxuu7bz5TxtCxkqTXn3hAwydMUb9ho+vbZA0cKnvlU8pds1y9h4xUWdE+rVmxTHfe9/vDG4z5HQAAAAAAAACAUw4rgAHgODrr4itUWWnXE/fcLL/fp/Hjx+vcH03X9j376tt4rZH64wMP6plnn9Os15+T2WTWDTfcqJSsgapyN11VDAAAAAAAAAAAsJ/R+Y9zyCYAQJ1XrhzY6rZ94kwqqfWryOFXtyiTfH4pvyqw72+01VD3SEPrS31KCDWUGGpSbrlXJkPqEmlSTIgkQyp3SruqfLKapIEJZq0q8sovKTLEUJcIQ2ZToLR0Ya1fxY7Dm65nvr3+sNoDAAAAAAAAAIATQ/YvhkuS1qxZ0+o+Q4YMkSRZJEqEAsABrZ8TN5btT8ga2mk/8LUkVbqk9aV+SYZKHFKJwyfJkM+vBm0PjOnySSuLfPX9q9zSxvKm7Q4P8zsAAAAAAAAAAKcaC/kBAOigmN8BAAAAAAAAADjlmNo7AAAAAAAAAAAAAABA2yABDAAAAAAAAAAAAAAdBHsAA0CHxfwOAAAAAAAAAMCphj2AAaChjjQndqRnAQAAAAAAAAAArWIhPwAAHRPzOwAAAAAAAAAApx5KQANAh8X8DgAAAAAAAADAqcbU3gEAAP6fvTsPj6q8////msxM9hCWEEhAoIBCgyhrCRVc2FRQlMWiKKgULW79qFSh7lVRrJW6VsuPVtxABJXFatlBUakgBFkEFH9lCRAIyRCSSTIzZ873j5hpZpiELJMMDM/HdeUyc877Pud9ZtK09ZX7vgEAAAAAAAAAAEKDPYABIFLx+x0AAAAAAAAAgLMOS0ADgJ9I+p0YSc8CAAAAAAAAAACqgyWgAQAAAAAAAAAAACBCEAADAAAAAAAAAAAAQISwmKZphrsJAAAAAAAAAAAAAECZgoICSVJWVla1x3Tr1k0SM4ABAAAAAAAAAAAAIGIQAAMAAAAAAAAAAABAhCAABgAAAAAAAAAAAIAIQQAMAAAAAAAAAAAAABGCABgAAAAAAAAAAAAAIgQBMAAAAAAAAAAAAABECAJgAAAAAAAAAAAAAIgQBMAAAAAAAAAAAAAAECEIgAEAAAAAAAAAAAAgQhAAAwAAAAAAAAAAAECEIAAGAAAAAAAAAAAAgAhBAAwAAAAAAAAAAAAAEYIAGAAAAAAAAAAAAAAiBAEwAAAAAAAAAAAAAEQIAmAAAAAAAAAAAAAAiBAEwAAAAAAAAAAAAAAQIQiAAQAAAAAAAAAAACBCEAADAAAAAAAAAAAAQIQgAAYAAAAAAAAAAACACEEADAAAAAAAAAAAAAARggAYAAAAAAAAAAAAACIEATAAAAAAAAAAAAAARAgCYAAAAAAAAAAAAACIEATAAAAAAAAAAAAAABAhCIABQNIn23PU8rFl1apt99RKrdidW2XN7G/2q9/LX4aiNQAAAAAAAAAAgGqzhbsBADjTbLivv5Ljqv71OaZ7uoaf37KBOgIAAAAAAAAAACjDDGAACLDfUay4Bz/V7G/2a9Dr65UxfY1uenezTLPsfO+/fqHP9+RJkg44SnTV//eN0h9frg5Pr9JbGw5IkuZtPqjhs76RJBW7Dd394TZ1ena1zntmta6c+R/9/3nOsDwbAAAAAAAAAACIbATAABDAbo1SicernBOlWnFHpv5zXz8t23VUq388ednnce9tVo/Wycp+YrD+dfuvdOeCrdp26IRfzTMrftSOnBPa8odLtPuhy9S9VbLGvbu5oR4HAAAAAAAAAACcRQiAAaAS43q1liQlxdjUMSWL1+5MAAAgAElEQVRBe/OL/c7nFrm0Zs8x3dmvnSwWqXNqovY+NlCdWyT61X303SFNzGyjWHvZr9xJv26rL/+bL0exu2EeBAAAAAAAAAAAnDUIgAGgEo1i7b7voyyS4TX9zh8uKJUkNYuP9h1LSYiWLcriV5dzolTNE/xryo8DAAAAAAAAAACEEgEwANRSi6QYSf5B7k/HnCfN7G3ZKEY5hS7f66NFZd+nNYptgC4BAAAAAAAAAMDZhAAYAGqpeWK0LmrXRH9d+5O8prQn16keL3x+0lLRoy5I06z1e1Xq8UqSXlv3Xw08N0WNYm3haBsAAAAAAAAAAEQw0gcAqIN3b+qhOxZ8p1ZPLFesLUrPD8/QhemNtPnAcV/N1IEdled064Ln18o0pYyWiZp9Q7cwdg0AAAAAAAAAACKVxTRN89RlAAAAAAAAAAAAAICGUFBQIEnKysqq9phu3comn7EENAAAAAAAAAAAAABECAJgAAAAAAAAAAAAAIgQBMAAIMly/yey3P+J7/uG/CcAAAAAAAAAAECosAcwAAAAAAAAAAAAAJxG2AMYAAAAAAAAAAAAAEAADAAAAAAAAAAAAACRggAYAAAAAAAAAAAAACIEATAAAAAAAAAAAAAARAgCYAAAAAAAAAAAAACIEATAAAAAAAAAAAAAABAhCIABAAAAAAAAAAAAIEIQAAMAAAAAAAAAAABAhCAABgAAAAAAAAAAAIAIQQAMAAAAAAAAAAAAABGCABgAAAAAAAAAAAAAIgQBMAAAAAAAAAAAAABECAJgAAAAAAAAAAAAAIgQBMAAAAAAAAAAAAAAECEIgAEAAAAAAAAAAAAgQhAAAwAAAAAAAAAAAECEIAAGAAAAAAAAAAAAgAhBAAwAAAAAAAAAAAAAEYIAGAAAAAAAAAAAAAAiBAEwAAAAAAAAAAAAAEQIW7gbAIDTgcvlCncLACBJio6ODncLAAAAAAAAAM5gBMAA8DPDKA13CwDOclZrTLhbAAAAAAAAAHCGYwloAAAAAAAAAAAAAIgQBMAAAAAAAAAAAAAAECEIgAEAAAAAAAAAAAAgQhAAAwAAAAAAAAAAAECEIAAGAAAAAAAAAAAAgAhBAAwAAAAAAAAAAAAAEYIAGAAAAAAAAAAAAAAiBAEwAAAAAAAAAAAAAEQIAmAAAAAAAAAAAAAAiBAEwAAAAAAAAAAAAAAQIQiAAQAAAAAAAAAAACBCEAADAAAAAAAAAAAAQIQgAAYAAAAAAAAAAACACEEADAAAAAAAAAAAAAARggAYAAAAAAAAAAAAACIEATAAAAAAAAAAAAAARAgCYAAAAAAAAAAAAACIEATAAAAAAAAAAAAAABAhbOFuAAAikdvt1kcfLdSCBR8qLi5eGRmd5fEYys3NVVJSkiZMuEW/+EW7cLcJAAAAAAAAAAAijMU0TTPcTQBAuLlcLhlGaUivabNF67bbfqfOnTvrgQcmS7JIkiZP/oNycnL0z3/ODOn9AJz5rNYYRUdHh7sNAAAAAAAAAGFWUFAgScrKyqr2mG7dukliCWgAqDcej0uSZJpeuVwlcrmK5XIV67zzztPRo0fD3B0AAAAAAAAAAIhEBMAA0IDy8x1at+4LjR07VpKUm5urxx9/Unfe+XtJ0qFDhzR9+p81fvwESZJhGJox40XNmPGinn/+BU2bNt13ra+/Xq9HHnlML730qqZP/7Oef/4FSVJ2drbuu+8Peu211/XAA1P17rtzJElfffW1Ro8eo7ffflfPPvtn3XHH3Q356ADOUGvXrlXv3r11992n/p1hGIZeeeUV9e7dW40aNVKjRo3Uu3dvvfrqq/J6vYxroHEV1eTzAwAAAAAAQGQgAAaAerZly3d6/vkX9MQTT+n22yepTZu2uuyySyVJzZs3V+/ev1JUVNmv4/T0dF10UT9ZLGXLRX/zzQZlZx/U1KlT9fDDD+uyyy6TJO3Z85OmTZuuBx54QH/4wx/02GOPKTm5sSTJ6zU1fvzNuvfee3XHHXforbfeUUlJifr376+mTZvJ7fZoypQpGjp0WBjeDQBnip07d+qaa67RpZdeqo0bN56y3uVyafDgwbr33nt11VVXKSsrS+vXr1ePHj10zz33aOjQoXK73Yyr53Hlavr5AQAAAAAAIHIQAANAPevW7UI9/PDDeuaZZ7R48WJlZvbRb387Ud99t1Wmaco0DV+taZryev/3Ojm5sXbu3KXFixeroMCh/v0vkiStXr1WXbp0UePGjeR2l8jlKtHEib+VJLVp00Y9e3aT212qxMQ4SVJRkVOG4ZEktW7dWlFRpkaMuKah3gIAZ5AjR47ozjvvVL9+/dSkSRO1a9euWuMeeughrV69Wvfee68ef/xxtW/fXhkZGfr73/+uUaNGaenSpXriiScYV8/javv5AQAAAAAAIHIQAANAPTNN07cHcGmpU0OHXqn09HQtXLj4lGPPP7+Lfv/73+uDDxboN78ZqzffnC1JysvLU6NGjWSapq/250nE2rdvn15++VW9+eZb+vDDj38+a/HrR/rfHsUAUNHmzZs1ePBgZWdna/bs2WrRosUpxxw9elSvvfaaJOmuu+466fzkyZMlSS+++KKOHTvGuHoaJ9Xu8wMAAAAAAEBkIQAGgAZmGG5ZLBbZbPZT1nq9hoYNu0Jz5rynZ555RnPmvK8ffvhRKSkpys09GnTM448/qYyMLrr99tt13XXXhbp9ABHu8ssv14gRIxQTE1PtMYsXL1ZJSYnS0tLUvn37k85nZmYqKSlJTqdTS5YsYVw9jZNq9/kBAAAAAAAgshAAA0AD27Ztu/bu3asBA8r2801KSlJOTo5KS0slSV6v11e7fPlK7d37X5WUFKlr1wwlJyfLYonSJZdcoh07vtemTZtPuv6JEydkt1vldpeqpMTZMA8F4Kz2+eefS5I6deoU9LzFYlFGRoYkae3atYyrp3EAAAAAAACAJNnC3QAARCK326158+br6NGjcjqdmj79z5Kk0lKXHA6HHn/8cV10UV8ZhkeZmX308ceLdOutt+ncczuqUaNGcjgcWrlylVJSmuv552eoQ4cOKiws1DXXXKNzz+0oSXryySc1c+YsWa02paY2V9u2bXTLLeN1441j9corr2np0qXq2bOXLBaLFi5cqAsu6Kr8/Hxt3LhRv/hFm0qDBQCoqZ07d0qSUlNTK61JT0/3q2Vc6McBAAAAAAAAEgEwANQLu92uW265RbfddrtMU/J6PT+fschiscjjcckwyo7FxsbojTdel8USJa/XkGTqkUcelctVLNM0lZmZKa/XK4vFItP0yu0umyn861/30SWXXCzTlEzT6zs3evQo3XDDDfJ6DRmGobFjb/Td75NPlsgwDHk8pX4zjQGgLnJyciSVrWhQmeTkZL9axoV+HAAAAAAAACARAANAvfF4XPJ4XNWqLS0NXKq5pIpzZQzD4wuRq7pvxe+Liwur1Q8A1ERRUZEkKTo6utKa2NhYSVJh4f9+DzEutOMAAAAAAAAAiT2AAQAAUEcWi0WSZJpmpTXl58prGRf6cQAAAAAAAIBEAAwAAIA6SkhIkCS5XJWvelBaWrZ8fWJiIuPqaRwAAAAAAAAgEQADAACgjtLS0iRJBQUFldbk5eVJklq2bMm4ehoHAAAAAAAASATAAAAAqKPOnTtLkg4fPlxpzcGDByVJnTp1Ylw9jQMAAAAAAAAkAmAAAADU0cUXXyxJ2rlzZ9DzhmFox44dfrWMC/04AAAAAAAAQCIABgAAQB1dddVVio2NVW5urr7//vuTzq9bt05Op1OxsbG66qqrGFdP4wAAAAAAAACJABgAAAB1lJKSorvuukuS9Morr5x0/oUXXpAk3XPPPUpJSWFcPY0DAAAAAAAAJMkW7gYAIFL9978Hwt0CgHrWrl3rcLdQr7xer7xeryTJ4/FUWTtt2jRt3LhRb7zxhpo3b64JEyaopKREf/nLX7RkyRINGjRITz/9NOPqeVxFNfn8AAAAAAAAEDkspmma4W4CAMLN5XLJMErD3QaAs5zVGqPo6Oiw9vCPf/xDf/vb33T48GHl5OTIMAzfuZiYGLVs2VJpaWmaMWOG+vbt6zfW4/Ho5Zdf1jvvvKMffvhBUVFR+uUvf6nx48dr0qRJslqtQe/JuNCNq8vnBwAAAAAAgNNHQUGBJCkrK6vaY7p16yaJABgAJBEAAzg9nA4BMAAAAAAAAIDwq0sAzB7AAAAAAAAAAAAAABAhCIABAAAAAAAAAAAAIEIQAAMAAAAAAAAAAABAhCAABgAAAAAAAAAAAIAIQQAMAAAAAAAAAAAAABGCABgAAAAAAAAAAAAAIgQBMAAAAAAAAAAAAABECFu4GwCASLVjx+5wt4B6kpFxXo3HGIZXbrdHLpdHXq8hr9es1rioKIuioqyKjrbJbrfJauVvtwAAAAAAAAAAlSMABoB61LNnz3C3gBD79ttva1Tv8RhyOktlGIZsNpvsdrsslmhFRVUvyPV6vTJNU263R8XFpbJarYqPj5HNZq1N+wAAAAAAAACACEcADABAPSksLJbb7VFMTIxiY2NrdY3yoNhqtSomJkYej0cnTjhlt9uUmBgXynYBAAAAAAAAABGAdSQBAAgx05SOHy+UYXiVkJAgmy10f29ls9mUkJAgw/CqoMAp06zeUtIAAAAAAAAAgLMDATAAACG2f3+2PB5DcXH1N0M3Li5OpmkqOzun3u4BAAAAAAAAADjzsAQ0AAAhlJOTK7s9WklJSZXWOJ1OLVy4UJs2bVJubq7i4+PVo0cPDRkyRG3atKn2veLi4lRYWKicnFy1aJESivYBAAAAAAAAAGc4AmAAAEKkpKRUTmex0tLSKq3Zt2+fpk+frri4OPXr109t27bV3r17tXPnTj322GOaOHGi+vXrV+17NmvWTIcOHVJJSaliY2NC8RgAAAAAAAAAgDMYATAAACGSm5uvxo0bKyoq+A4Lubm5mj59urp3764bb7xR8fHxkqQePXpIkpYtW6ZZs2YpJSVFnTt3rtY9o6Ki1LhxY+Xm5qt165aheRAAAAAAAAAAwBmLPYABAAgBl8stt9uthISESmuWLl2quLg4v/C3oiFDhqh79+6aM2dOje6dkJAgt9stl8td474BAAAAAAAAAJGFABgAgBA4caIwaKhb0ebNm9WvX78q6y6//HLt27dPubm5Nbp/fHy8nM7iGo0BAAAAAAAAAEQeAmAAAEKguLj0lAFwbm6u2rZtW2VNmzZtfLU1ER8fr8JCZ43GAAAAAAAAAAAiD3sAAwAQAh6PWzZb1f+1GhcXp7179/r2/A1m3759kqSUlJQa3T8qKkper1GjMUB1HDp0SAcPHtSJEyfk8XjC0oPNZlNSUpLS09OVlpZW7XGHDh3SkSNHdPz4cblcrnrssP5ER0crOTlZqampNX727OxsORyOeuyueqxWq5KSktSqVauz7vOrT7X92QAAAAAAAJGPABgAgBDweAxZrdYqa3r06KFdu3ZVWfP999+rWbNmNQ6A7XY7ewAjpDwej7Zs2SJJat++vZKSkk75Rw712cuJEyf0008/6eDBg+rSpYtiY2MrrS8pKdH27dtlGIZatWql9PT0U/7n83RlGIZcLpf279+vgwcPqmPHjkpOTq603uPxKCsrS4ZhKC0tTe3bt2/AboMzDEPFxcXat2+fsrOzdf755581n199qunPBgAAAAAAOHuwBDQAAA3k8ssv186dO7Vs2bKg5/ft26dFixZVOUMYaChbtmxRkyZN1LNnTzVp0iRs4a9UNgO4vBdJ2r59e5X1W7duVXx8vDp27Ki4uLgzOjy0Wq2Ki4tTx44dZRiGdu/eXWV9VlaW4uLidO655yoxMbGBuqya1WpVYmKizj33XBmGoW3btlVZH0mfX32q6c8GAAAAAAA4exAAAwAQAjabVYZR9RLMbdq00cSJEzVnzhy9/PLL2rVrl5xOp3bt2qVFixbpsccekyQtX75c69atq9H93W63oqPtte4fqOjgwYOSdFrMHg1UHgKX9xjo4MGD8nq9atGiRUO21SA6duwor9db5bOXz/w9XZWHwGfj51efTvWzAQAAAAAAzi4sAQ0AQAjYbHZ5PJ5TzlTr16+fUlJS9N577+nZZ5/1HW/WrJkGDx6s5cuXS5JmzZrlq68Or9erqChmySE0Dh48qA4dOoS7jUq1b99ee/bsUXp6+knnDh8+HNHhYYsWLXT48OGgz56dnX1ah7/l0tLSlJ2dfVZ+fvWpqp8NAAAAAABwdiEABgAgBOLiYuR0OhUTE3PK2s6dO+upp55Sbm6ucnNzlZKS4tvzt23btr7wtyYhsNPpVGJifB2eAPifwsJCJSUlhbuNSiUlJamwsDDouRMnTqh169YN3FHDiY+P1969e4OeKywsVLt27Rq4o5qLi4s7az+/+lTVzwYAAAAAADi7sAQ0AAAhkJSUKKfTWaMxKSkp6ty5sy/8lcrC3okTJ/pez5o1q1rLQTudTsXHx9Xo/kBlPB5PWPf8PRWbzSaPxxP0nNvtPq17ryubzSa32x30nGEYZ8R+uVZr5UvmR/rnV5+q+tkAAAAAAABnFwJgAABCIDraLrvdrqKiojpfKzAEPtWMrqKiItntdvYABgAAAAAAAAAQAAMAECopKU3kcDhkmmadr1UeAg8ePFg33nhjpXWmacrhcCglpUmd7wnUxsCBA/Xwww8HPdepUyf9/e9/b+COas7hcCgjI0PXXnvtSee+/fZbbdmy5ZTX2Ldvn5o1a1bpzOTTzdatW9WsWTOlpqae9HX//fcHHfPkk0/q//7v/yRJd911l6ZNmyZJOnLkiD755JMG6z3Qe++9p9TUVKWkpOjJJ5/UsmXL1LZtW7/ZsEePHlVKSoref/99v7G33HKLpk6dql/84he+52/WrJmaN2/ue/3ee++ddM9x48bpySef9L02TVN33XWXRowYoeLi4vp7WAAAAAAAgGogAAYAIERiY2MUHx+n3NzckFyvX79+VYa/kpSbm6v4+DjFxp5672GgPkyaNElvvvnmScHn559/roMHD2rs2LHVvlZlywLXt/fff18333yzjh07pj179vide++997Rt27ZTXuOcc87RoUOHzpjli8uXii4sLJTH4/H7qiy0t9lsvud76aWXNHXqVElln/Wnn37aMI0HMWHCBHk8Ho0cOVI2m00DBgyQYRj65ptvfDVr1qxRamqq1q5d6ztmGIa++OILXX311XI4HL7nb9WqlebNm+d7PWHChJPuWfG9kKQHH3xQBw4c0JIlSxQXx3L8AAAAAAAgvAiAAQAIoRYtUmQYHh0+fLje73XkyBGZpqkWLVJOXQzUk2uvvVZer1f/+te//I7PmjVLN954o5KSkrR+/Xr17dtXnTp10oUXXqi5c+f66tq2bavnn39erVq10vz58xu6fUnSO++8ozFjxmj8+PF65513fMdffvllffDBB5o2bZoeffRRSdIrr7yinj176sILL9SAAQP07bffSpL279+vtLQ0XxD+5ZdfatCgQfrVr36lzMxMv1D13XffVWZmpnr37q3MzEy/eza0vLy8k77Kl7LfvHmzLr74YvXs2VM33HCD8vLyfOPuvfdeTZ8+XevWrdMf//hHffbZZxo2bFhYnqG0tFR5eXnyer2SysLZSy+9VGvWrPHVrF69WnfffbdWr17tW6Vh48aNcrlc6tu3r/Lz833PL0klJSW+16WlpVXe/4knntCOHTu0ZMkSvz+EeO+993TRRRcpMzNTQ4cO1XfffSdJGjJkiN544w1fndfrVZcuXbRy5Upt2LDB93PTo0cPPfTQQ2fMrHIAAAAAAHD6IAAGACDEWrVK06FDB7Vjx456mdFoGIZ27NihnJwcpaU1D/n1gZqw2+2aMGGCZs2a5Tt2/PhxLViwQL/73e/kcDg0bNgwPfDAA9q1a5c+/vhj3Xnnndq+fbskKTY2VqtWrdKePXt0/fXXN3j/X375pZo2baoOHTpozJgx+vDDD+VyuSSVzers0aOHnnrqKb3wwgvasGGDZsyYoXXr1mnv3r269tprfcslR0X9739W5+fna9y4cZo2bZp2796t5cuX669//avWrl0rp9Op+++/X59++ql++OEHLV++XEuXLlVJSUmDP/up3H333br11lu1Z88evfrqq1qyZInvnM1mk91u16WXXqo77rhDV199tb744oswduvviiuu0KpVqySVLc+8atUqjRo1Sk2aNPEt6b1mzRoNHDjQ77Orqeeee05ffvml/vWvf/kCaEn6+uuv9fjjj2vRokXauXOnJk+erJtuukkul0u//e1v/f4I4quvvpLFYtHgwYP12GOP6c4779Tu3bu1Y8cOFRUV6fvvv691fwAAAAAA4OxEAAwAQIhZrVHq06eXoqPt2rRpk44cORKyax85ckSbNm1SdLRdPXte6FvGFQin22+/XUuXLlV2drakspmPXbt2Vffu3bVy5Uo1bdpUI0eOlCS1b99eV199tW+2r8Vi0ejRoxUbGxuW3t9++23deuutMgxDycnJ6tOnj282c0lJiUzTlMvlktPpVGZmpvbu3av4+Hg5HA4NHDjwpCWjpbIlkVNTU9WvXz85HA4lJyfrqquu0vLlyxUbG6vU1FS9+uqr2rBhg5KTk7Vo0aKwPX/79u2Vnp7u97Vp0yYdOnRIO3fu1KhRo+RwONS8eXNdeeWVJ40vXybZ6/WqoKAgDE8Q3KBBg7RlyxYdPXpU3333nRo1aqS0tDQNGjTINzN41apVuuKKK2p9jwULFmjevHnKz8/XsWPH/M4tXrxYo0aNUmpqqhwOh6688kpFRUXpm2++0TXXXKM9e/Zo8+bNkqSFCxdq7Nix8nq9atu2rT788EOtWLFCRUVFmjVrlrp161b7NwIAAAAAAJyVzoxNygDgDFW+NCjOThkZneRwHNeePf/V3r171axZM6WkpMhqtSohIaFa1ygqKpJhGMrNzdWxY8cUGxurLl06q3Hj5HruHqi+du3aaeDAgXrzzTf1yCOPaNasWbr77rslSYcPH9b+/fvVrl07X31JSYlGjx7te52amtrgPUvSsWPH9Mknn2jZsmWaPHmypLIZ9seOHdOIESNOqnc4HJo2bZo2btwoi8Wi0tJSv1mf5fLy8tS8eXO53W5JZUv8NmnSRPv371dUVJTWrFmj5557TqNHj1ZUVJTuu+8+jR8/vn4fthIOh+Ok8LmgoEBbt26VJN/vqvJnOJ1C3qqkp6erc+fOWrNmjQ4dOqRBgwbJ6/Xqsssu08svv6ybb75Zmzdv1rvvvlvre5x//vlasGCB7r77bt10001auHChYmLK9mPPzc3VypUrtXTpUl+90+nUsWPHFBcXp5EjR+r9999X165dtWTJEt8eyq+//rpeeOEFTZ48WQcOHNDYsWP16KOPKjo6um5vCAAAAAAAOKsQAANAPcnIOC/cLeA00Lhxsnr2vFCFhUU6cuSo9u7dK4/HraIiZ7XGJyTEy2azKzU1Ra1bn6/ExOoFx0BDmzRpku6//34NHz5cP/30k2855/T0dJ177rm+QDEYi8XSUG36mTt3rn7zm99o9uzZvmNer1fp6enas2ePOnTo4Ff/5z//Wd9//71WrVqlxMRErV+/XoMGDTrpui1btlROTo7fsaNHjyotLU1SWeD9t7/9TXa7XevWrdPQoUPVp08fderUqR6esmp5eXlBZx83adLEd75587Kl5g8dOlTtP15pCJ999pmaNm2qPn36SJKKi4uVlJQkqexzHDp0qL766isdOHBAt99+uyTp17/+tW655RatWLFCGRkZatGiRdAQvzoyMjLkdDr14osv6oorrtA999yjmTNnSpLS0tI0btw4vfTSS756i8WioqIiuVwu3XTTTRo/frwGDBig1q1b67zzzpNhGLJYLHr00Uf11FNPaf/+/Ro+fLjeeecd/fa3v63LWwUAAAAAAM4yLAENAEADSExMUPv27dSz54Xq06eXBgy4uFpfffr0Us+eF+qcc1oR/uK0dtVVV6m0tFRTpkzRuHHjFB8fL0kaMGCADh065JvhWFRUpNtuu823/G24mKapt99+WyNHjlR+fr7v6/jx47r22mt9M0Ojo6PlcDgklc2W7dy5s7xer7Kzs/Xiiy/K4/GotLTU79oXX3yxjh07ppUrV0qS9u/fr88++0zDhw/Xtm3bdPXVV+vAgQNyOBw655xzFBMTE7YQvDJpaWnq2LGj5s2bJ0navXu373kC2e125efnN2R7kqStW7dq6tSpOnLkiHbt2qWvvvpKmZmZvvNDhgzRl19+qc2bN+uiiy6SVLbndLdu3TRz5kwNHTq01uGvJN9Yl8ul+fPna8OGDZo+fbokaeTIkZo/f76+++47ORwObdmyRddee63vferbt6/i4+P18MMP66abbpJhGHK5XBo4cKA2btyo48ePKzExUSkpKbLZ+JtdAAAAAABQMwTAAAAAqDOr1aqJEyfq3//+tyZNmuQ7npycrE8++URPPfWUOnbsqK5du6pp06a64IILwtht2T69eXl56t+//0nnRowYoblz58rlcmn06NF65plnNHHiRN13332+kHHMmDGaMmWKunTposGDB/uNT0xM1MKFCzV9+nT16dNH119/vaZNm6bevXvrggsu0IABAzRw4EB1795dQ4YM0aOPPqpf/vKXDfXoftq0aaPU1FS/r8zMTJmmqX/+8596//331aVLFz3yyCMaN26cDMM46RqXX365NmzYoAsuuCDo+foyZcoUde3aVX369NHIkSM1depU9e3b13e+V69eys3NVefOnf1mLg8cOFCbNm066XOri9jYWH388cf629/+pvnz56tXr16aNm2abrjhBvXq1Us33HCDrrnmGl8fhmFo/Pjx2r9/v29/7OjoaD388MP63e9+p+7du6tXr17q0KGDbr755pD1CQAAAAAAzg4W02Xy3EsAACAASURBVDTNcDcBAOHmcrlkGKWnLgSAemS1xpwWe32uWLEi6NLGp5PKelyxYoV69OhxyvF2u12JiYlBZ67abDYlJSUpPz9fMTExSkhIkMvlUnFxsRITE2WxWOT1elVUVKTExERJ0vbt23XhhRcqJydHNptNNptNCQkJslgsMk1TJSUlvpnCcXFxvr1ipbI9kUtKSqr97Js2barTs0tlgX1ycvC9xL1erxwOh98zGIbhW6K4qKhICQkJ8nq9Ki4ultVqVaNGjWSapm+2dEM8g1QWttvtdkllS0AHvo9NmjSRYRh+exfHxcUpLi5OBQUF8ng8J12zcePGcjqdcrlcld43KSlJhmHI6fzfcv7l72lhYaFcLpdiYmIUGxvr+xkoLi72u+acOXO0fPlyzZ49W+X/lyw6OlpxcXG+GeFut1tFRUXVfj8qe18BAAAAAMCZp/zfZ2RlZVV7TLdu3SSxBzAAAADOQm63u9Jliz0ej+9caWmp3xLPx48f96stf52Tk6O4uDjfcr0ej+ek2nLFxcUqLi6u8zPUhWEYysvLq7KmqmeoGEoahhGWJaAlqbCwsMrzwfo61ftfnRD7xIkTJx0LfE8Df3YqOnz4sP7yl7/ozTffVMW/x3W5XFUGzwAAAAAAANXBEtAAAABAHaxevVrXXXed7rzzznC3gjPA9OnT1b9/f02aNEk9e/YMdzsAAAAAACACMQMYAAAAqIMhQ4YoPz9fpaWlfksCA8H86U9/0nPPPRd0yWoAAAAAAIBQIAAGAAAA6qCq5aSBQKfDEuAAAAAAACCysQQ0AAAAAAAAAAAAAEQIAmAAAAAAAAAAAAAAiBAEwAAAAAAAAAAAAAAQIQiAAQAAAAAAAAAAACBCEAADAAAAAAAAAAAAQISwmKZphrsJAAg3l8slwygNdxsAznJWa4yio6PDcu8VK1b4vk9PT1dGRkZY+qiu77//XtnZ2eFuAwAAAABQTwYNGhTuFgAgrAoKCiRJWVlZ1R7TrVs3SQTAACCJABjA6SGcATAAAAAAAACA00ddAmCWgAYAAAAAAAAAAACACEEADAAAAAAAAAAAAAARggAYAAAAAAAAAAAAACKELdwNAMDpwmqNCXcLAAAAAAAAAAAAdUIADACSoqOjw90CAAAAAAAAAABAnbEENAAAAAAAAAAAAABECAJgAAAAAAAAAAAAAIgQBMAAAAAAAAAAAAAAECEIgAEAAAAAAAAAAAAgQhAAAwAAQJJkmqbfPwOPVfyqrC7Y61PVVXa9yl43RF3gczd0HQAAAAAAAFBbtnA3AAAAgNOLxWKRaZqyWCx+x6qqKz8f+DpwbLC68tAz8B6B1w91XVX9nepcfdcBAAAAAAAAtUUADAAAgJOUB5IVA9tgNRUD13KBryu7RrDXFa8XbKZsqOuChd0VA+TA7xuqDgAAAAAAAKgtloAGAACAT1XLNUv/C30Dj1X8Z2BdYLBZWV3g9QLHhLou2PlT9dpQdQAAAAAAAEBtMQMYAAAAkqoOHwOXbq4o2IzfmtQFu0d911XsqTqha7jqAAAAAAAAgJoiAAYAAIBPsAD1VLXBgt6aHAtcqrmq5ZNDVVfxGQP7qOwZG7IOAAAAAAAAqC0CYAAAAEjyD2kr2y+3omD76wZTVQBbWe2pQtG61p1qWehg4XG46gAAAAAAAICaYA9gAAAASPIPdCvOTC3/CpxZW1lducBwuLK66swWDnVdZUF0YAAbrjoAAAAAAACgtpgBDAAAAJ/AJYkDw9NTBZiVXbM6dcGuGRg4h6quqqC1umFsuOoAAAAAAACAqhAAAwAAIKhgs33LVRa2Vje8PNWM3MBZw6GuCzaLObC/cB4jBAYAAAAAAEBtsQQ0AAAAJPmHpqZpnvS64vHyoLJiWBlsT+DAZaWD1QULQQO/D3VdZc9d8Vh1lo1uiDoAAAAAAACgJpgBDAAAAEknB7TB9q2tGN56PB65XC7Z7XbZ7fag1wr8vrJ7Bt4nsI+GqDudjgEAAAAAAAC1xQxgAAAASPKfPVtxhm/g+fLActWqVRo+fLg+/PBD3/mKdVUtwxxYFyxwbqi6is9bfr7i84ejDgAAAAAAAKgtAmAAAABIOnmmbvlM2YozgyvW5Obm6j//+Y8OHjx40viKtRXDzsBrVDwWbEZs4L1DWRfYZ7C9gcNVBwAAAAAAANQWATAAAAB8KluOuLLZtJVdI1hd4KzgwFmxwZacrq+6YM9YlXDVAQAAAAAAADXFHsAAIMnlcoW7BQCQJEVHR4f1/pXNRA3cO7eyWapVLX0cOBO3sr2FA69d33UVj1U3AK/vOmYBAwAAAAAAoLYIgAHgZ4ZRGu4WAJzlrNaYcLcgqfJwtzrBZLCaykLhqq5V8Xx91FU2K/hUfYWrDgAAAAAAAKguloAGAACAn2DLNwfOUK1sCeNgdcFC2spm5VYV0tZnXfn3p1sdAAAAAAAAUFMEwAAAAJDkH5oGzkgNDHGrmiVcrmJdYKgcLAANPB7s2qGsK+8vWKAd7Dkaug4AAAAAAACoDQJgAAAASPKflVsxQD3VDNaKxwKDzWBhbLC9gQPrAgPiUNcF9lzVexHOOgAAAAAAAKCmCIABAAAgqfL9e2uy/HNlgW9t6irWN1Td6XQMAAAAAAAAqA1buBsAAADA6SHY7NNg4W1Nr1XVksxV1VUMiuuzLvBZgy2BfTrUAQAAAAAAANVBAAwAAABJ/kFkxdeSZBiGTpw44XfM6XTKNE2VlJQoPz/fd9xisSgxMVE2m63a+wAHu29D1VWsrRjChrOOEBgAAAAAAAC1RQAMAAAASf8LIYPNkt2zZ4/uuOMOFRUV+Y7l5uaquLhYM2fO1OLFi/2u8+qrr6pnz56SdNL1KgahwYLRiseqClBDVVcxhK3sPWnoOgAAAAAAAKC2CIABAADgE7iEcrmSkhLt2rVLhYWFvmMej0emaerIkSNyOBx+13A6nb5rBLtmsL2GK+ul4rlQ1VXVV2XLSDdkHQAAAAAAAFBbBMAAAADwCZydW65t27aaOXOmDMPwHVu3bp1eeeUV3XjjjRo+fLjfdTIyMnzXqCoMDXbvhqqr7lLL4aoDAAAAAAAAaoMAGAAAAH6ChZPJyckaOnSo37nCwkJZrVZlZGTo6quvrnT/2oohcHX3ua14vj7qqtovuKrrhKsOAAAAAAAAqK6ocDcAAACA00vFsLZc4Aza8q/q1gWGtIFhZ7B9cQND2vqsK//+dKsDAAAAAAAAaooAGAAAAJL8Q9Nge9VWDFMrm60aGAZXnOEa7J+B164qBA11XXl/FcPsqp6joesAAAAAAACA2iAABgAAgCT/WbkVA9RTzWANXMY4cHZwsBC4Yl1g4Bx4z/qoq/h9sDA72AzlcNQBAAAAAAAANcUewAAAAJDb7db8+fNrNGb9+vXyeDzavHmz5s6dW+1xFotFjRo10qWXXqr4+Pigs4ID6ytbcjrUdafTMQAAAAAAAKA2LCb/lgkA5HK5ZBil4W4DwFnOao1RdHR0WO5dUFCg5OTker+PxWJRRkaGnn76aQ0bNkx2u913rqolqCsKdV1lqjsmXHUAAAAAAACIXAUFBZKkrKysao/p1q2bJGYAAwAAoIHYbDZdcskleu6559S9e3dfMFtR4LFTzeKtbV3gstXBzlUUrjoAAAAAAACgpgiAAQAAIIvFosTERL9jpmmqtLRUHo+nztdPTEzUTTfdpClTpqht27YnBbOB+w8Hzt6tSZ1pmnK5XDVeTtlqtfrNSC6/VrD7Bgp1HQAAAAAAAFBbBMAAAABQbGys/vnPf/odc7lceu211/T111/X+fqDBw/WU089pWbNmvmOBc6ArUxN6oqKijRnzhx9++23MgyjRj0mJSVpxIgR+vWvfy2r1XrS/Sv2ECy0DXUdAAAAAAAAUBsEwABQDzwejxYuXKx58z5Qs2bNNGrUSA0ePFCGYWjhwsWaP/9DJSc30qhRIzVkyKBwt+vn3/9epoULF+mNN14LdysAGpDdbtd1113nF7I6nU4tWrQoJNdv2rSpEhMTg4afga8tFkut61atWqX7779fhYWFterz66+/1kcffaS0tDS/67LHLwAAAAAAAM4UBMAAUA9sNpuuv/56rVy5Wp07d9IVV1whw3DLarVqzJgx+vzzdWrbto2uvPJKGYY73O366dq1q6xW+6kLq2H9+m+UmfmrkFwLQMMoX0q5JrNuU1NTlZSUdNK53NxcORwOv2MVrx3sHsHuX5O63bt31zr8laSDBw/q+PHjfgFwZctOBwp1HQAAAAAAAFAbBMAAUE88HpekslCiYshb2fHTRevWrdSmTZs69/bDDz/qgw/mEwADZ5iazk6NiYnRlClTNHr0aL/jhmHo2Wef1cyZM/2OB167svCzslm/ta2rCa/X63sfqnPf+qgDAAAAAAAAaosAGABOA4cPH9arr76uZs2aKifniK64YoguvfQSffXV15ox40UNH361srMPat++fRo37saTjr3++qt6442ZcjgciouL148//qipUx9QQkKiZsx4Udu3b1fPnj31448/qqCgQKNGjVRBQYG2bNmq7OxsjRlzncaOvV4Ox3G99dY7WrFipZYs+ViSVFJSor//fZYKCwvl8XiUnp6miRMn6Isv1umvf31Z55/fRV6voR9//ElpaS01bdqTOn78uGbOnKUDB7I1Y8aLGjZsqDp1Ok8PPvhHpaWlqaioSB6PRw89NEXR0dHasuU7LVjwkVJSUnTgwAGNH3+TunY9P8yfCnD2qW142rhxY51zzjl+SzMbhhF0VnDF+wTOBC4/V9ns4+rWhUJVIWyw2ckNUQcAAAAAAABUBwEwANSzzZuz9PTTz/odO3DggNq0Ocf3+vnnZ6h79+6aMOFWHTiQrVtvnaALLrhA/fv31+zZ78jt9mjKlCn6178+DXpMklq2TNPvf/97maY0depUffrpv3XbbRM1bNgwff/9Tj366KOy2+16//33NWfOXM2d+57i4xO1YsUKPffccxo79no1btxYl156qVasWOnr7YMPFmj//gN6+eWXZBiGbrhhrM4/v4suu+wyvfvuXPXr10/Dh1+t4uJSjRkzRl99tV5DhgxS3759ZRheTZ06VW63S6bp1UUXXaTRo0fL6/XqqquuVlbWFv3qV731xhszddddd6l79+7KycnRsWO5DfPhAPBTl+WIK4a6VV2jYt3Ro0eVk5NTq/tJUnJyslq1auXbCzjUQXDF6wXOCK5sj+JQ1REEAwAAAAAAoLYIgAGgnvXo0UMPPPAHv2N33HGn73un06nvvtuq226bKJerRC1aNJfNZtPu3T+oadMmkqTWrVsrKsrUiBHX+JaQDjw2evQouVwlkqTGjZuouLhUkimv1/h5Np5LhuFShw4dVFJSIqvVotLSIrVt21qlpaVyuVyKjo6W1+vx6/U///lG/fv3l8tVLEk699xztW3bDvXtmympLKgoLS1WVJSUnp6uoqIimaYpr9crSb6eJGnUqJFyu8teJyUlyeksu2ZycmPNnTtXiYnx+sUv2iklpYlvPICGU9fgMXBf3qrqNm7cqEmTJmnPnj21vl/z5s319NNPa/To0b4QOFQCw9pwHAMAAAAAAABqgwAYAOqZaXp94Wkw+fn5kqTFixdr1apESVLHjh1ltVorXKMsECgPfwOPmaapjz76UPv27VdSUpJ+/PEH/fKXGZX0Y/gFDF5v1WFDXl6+Nm3apLy8Yz/fz6PExMQqRgQPYAoLCzV//odyu92KjY1VYWGhL6x58MEH9MYbf9ddd/1e7dq109SpD+icc1pX2ReA0KtLgBr4RxuV/RFH+T3eeustbdq0qU6Bp8Ph0AcffKBhw4YpISGh1tcJpuLs3KNHj2rr1q0qLq78d3lVYmNj1aVLF7Vs2bJa7zEhMAAAAAAAAOqCABgAwqxp06aSpFGjRqtz506SpKgoq9xu10mzcSuzdu3n+vjjRXr77bcUFRWlY8fyQtZfkyZNlJmZqTFjfvNzb1EyDMMvjK6Of/xjtrxerx588AFJ0rJlK3znmjVrrCeeeFylpS49+eSTmjXrn/rTnx4L2TMAqD8ej0dLly7V0aNH/Y6bpqlvv/026BjTNFVYWBiSoLOgoECGYdRbaJqfn69JkyZp+fLlcrvdtbqGzWZT//799fbbb6t58+aSgu9hzLLPAAAAAAAACAUCYAAIs7i4OHXt2lULFy7U5Mn31uoaJ04UyW6PlsfjksViUWlpqWw2e0j669s3U8uWLdcVVwxWfHx8tcfZ7XadOHHC97qwsFCNGzeW210qwzD8ZgfOnv22br55nCwWqXfv3vrmm29C0juA2qnJUtAej0fz5s3TvHnzQn7tmqiPPYAlaefOnVq+fLkKCwtrfY3S0lKtWbNG27dv1yWXXCLJP+wl+AUAAAAAAEAoRYW7AQCIRG63W2+++ZZycnK0des2LVy4SFJZUPLmm2/p4MGD2rZtuz76aKEk6aGH/qi8vHzdeec9euyxP2nmzFkqLi7Whg0blZ+fr40bN2rXrl2SFPTYxRf3k9Vq1aRJd2nGjBdlsURp27atysrK0tdfr1dxcbE++2yp8vLytXbtF3K73Vq8eIlOnDih5cvLZuIuW7Zc+/bt951fuHCRSkpKdP31Y3T++V10772T9dBDj+qll17Vvn37tWnTZl8fR48e1YYNZf/MysrSsWN56tWrlwoLC/WHP0zRl19+pWuvvVbr1n2pyZMf1OzZbys5OVmrVq2Ww3Fc+/bt19NPP6vXXntd69d/rdtvvy0MnxqAcvUdSNbXbN366Lt8j/S6Kikp8S0hXbFP0zRZ8hkAAAAAAAAhZTH5N04AIJfLJcMoDek17fYY2Wx2maYpj8clj8cd5LjbN2s3OjpOFotFXq9XpumV212qqCirYmLifl5yuVRerzfoMcmi2Niy2bleryHJoqioKLlcxbLZomW12uVylcgwPL77u90l8njcP7+OlttdIsMwZLNF+50v6zlWVqtVpmnK6/X6ei7vw+0ukcUSpejoOHm9hlyukp/Px8s0vb59iqOj42SaXnm9hqxWm7xer1yuEkVHx0oq2y/ZYomS210q0wy+fygQyazWGEVHR4e1h4r/09DpdOqWW27RggUL/h97dx4eVXn3f/wzk4UQsi+ELWHfMYRFFkkFgiIqltCnrRb3rdblKbVKsfBTIpVWi4rsorKoFFGWUkDAQNhFBIQQEcGENSEkIWRPyDaZ3x95Ms1kI/vA+H5dl1eYc+77nO85qBcXn7m/d7XjjUajBgwYoKCgoEpB5g8//KDY2FhJ0pNPPqkFCxbIxaX0v/fHH39cK1asaHC9d955p9auXSsPDw+ZzWa98847mjJlSr2vFxQUpK1bt6pPnz4ym83avXu3xo0b1ygh8JYtWzRu3DhJqrH9c1OtkgYAAAAAAMDNIysrS5IUHR1d6zkhISGSaAENAE2mqKhARUWVQ+WqjpvNZhUU5FUaW1Ji0rVrOdc9JpmVn59bZR2FhfmS8svdP19FReU/W9dT8fx/j1W4o1lWdZjNJuXnl/9stvosyepz+XsWFl6rsnYAza+slXJtA0hnZ2c99dRTmjRpktXxkpISzZgxwxIAl2mqcPNmCk0rtn/m+5gAAAAAAABoTATAAAAAsKhPkNqiRQt5eHhYHTOZTHJyqrwX+c0S0jZ3oFw+BL5Z3hEAAAAAAABuTOwBDAAAAEkN35u3tvvZ3gwrXpszhDUYDJb7Ef4CAAAAAACgoQiAAQAAIKlh4WP5vWxrCnibKvxtilbKTRlUl127qtD8ZgjIAQAAAAAAcOOiBTQAAAAk1b/tcUlJiYqLiysdqy7IbKpVro153fKBdmPXWz78rekYAAAAAAAAUB8EwAAAAJBUvwC1qKhIK1as0O7du62Om81mHTt2rFHuYQtlK4rbtm2rtm3b6vz58w26XocOHRQYGFir5ycEBgAAAAAAQEMQAAMAAKDeTCaT9u/fr/3799d6TlMEnE0Vmnbt2lV///vftXbt2kqrnGvL0dFREydOVM+ePS3Hyq+2Lr/aGAAAAAAAAGgoAmAAAABYqW8raFteuyn2AJYkBwcHPfDAA5o4caJKSkrqdQ2j0agWLVpIqjrsJfgFAAAAAABAYyIABoAmcv58gq1LANDEOnXqYOsSmkRTB5JNtVq3KfcWdnFxkVR1gNvYxwAAAAAAAICGIAAGgCZir8EQAPvW1PvPNmXQ2VS113bVcmOPAwAAAAAAAOqDABgAAAAWZa2Um7oFdFlL5IZycXGxqrlspW59GY1GOTk5WT4nJydrx44dOn36dL1bQNfHrFmzmu1eAAAAAAAAsC8EwAAAALCoGP46ODg0SlhrNBol/XcF8IQJE7R161alpKTUa+WuwWCQp6en7r77brVs2dJyPDQ0VLfccotiY2PrfN0WLVpozJgxCggIkNls1rlz5/Tss89q3759KigoqHONDUEADAAAAAAAgPoymJu6zx8A3AQKCwtlMjXvX+4DQEUODi3k7Oxss/tX3I+2uLhYR48eVUpKSoOv3a5dO/Xv318ODg4ym80ymUz68ccfFR8fX6+VtQaDQa1bt1a/fv0sq34NBoNMJpPOnDmjM2fOyGQy1emarVq1UnBwsHx8fGQymfTcc8/po48+avK22FXhj+gAAAAAAAA/b1lZWZKk6OjoWs8JCQmRRAAMAJIIgAHcGG6EALikpKTOwak9unLlisaNG6cTJ07Y5P78ER0AAAAAAODnrSEBMC2gAQAAIKk0dFy7dq3mzJlj61JsrqioSHFxcbYuAwAAAAAAAKgzAmAAAABYJCUl6dtvv7V1GQAAAAAAAADqyWjrAgAAAAAAAAAAAAAAjYMAGAAAAAAAAAAAAADsBAEwAAAAAAAAAAAAANgJAmAAAABYGAwGW5cAAAAAAAAAoAEIgAEAACCpNPx1dHS0dRkAAAAAAAAAGoAAGAAAABYtWrSwdQkAAAAAAAAAGoAAGAAAAJJKVwC3adNGbm5uti4FAAAAAAAAQD0RAAMAAMCiW7du8vX1tXUZAAAAAAAAAOqJABgAAACSJLPZrDZt2qh79+62LgUAAAAAAABAPREAA8BNJuNakcYvi9G9y2J0Jaeo1vPMZmnZ4ctynb5HxSXmJqyw+dnzswHNyWAwyM3NTXfeeaccHBxsXQ4AAAAAAACAeiAABoAbUFZ+sSZ+HKOpW+IqncvIL9YXD/XV74e2029XntDSQ4m1uqbBIE0KCbA6NnzBdzoUn9UoNddWXqFJ3yXU/55V1VzVswGoHwcHB915551q166drUv52aIFNwAAAAAAABqCABgAbkBbT1/V/PAeWhtzRQXFJVbnOnm3lKuzgyb09dOuPwzQk0NqH9I4GA1Wn+eHd1dwG7dGqbm2Vh9P0eGE7HrPr67mis8GoO7MZrPMZrN69eql++67TwYD/13Zwt13323rEgAAAAAAAHATc7R1AQCAyjKuFauDp4tuDfTQf364ot/2L13dejW3SA+vPilJ6ujtom8uZGp8bz+9Ma6LJOkP608r0LOFvruUrUkhAfp1cGudS7umv249q96tXeXs8N/v/RxPzNFTa07p7+O66tZAD/1+3Y9q5ewor5aOMpulhRN7WNX00aFEHb2UrUBPF313KVvv/bKbfFo66S9fnlGAu7OyCoplNEj/uLubvvwxVQ/86wf9+fZAnUjKUWxqvv7zWD85GA1adviyfF2d5Oxg1BO3ttWsqAvKLSxWVoFJQV4u+suoIE35Mk5bT6VpbA8fHb2UpRaORm1+vL9OJudaar6nt2+1zyZJ7+2L18WMAnm3dFTc1WuafW83tXZzasrfNuCmVxb4uri46IknnlBUVJROnz5t46p+Xry8vPTMM8/YugwAAAAAAADcxFgBDAA3mFMpeers01KS9OCAAC07nGQ559vKSSM6eWlQB3ct/lVPbXw8WB98+98W0H8ZGaTpYzrpD8Paa9nhy5KkyRvjNLGfn2bc2Vkv/iLQMrZ/Oze193SRJPm7OWlwB0+1cXfWgvAeemigdTvlo5eyNXd/vBaE99RfwzrqxV8EyiCDFn1zSS5ORr16RyfNvreb4lKv6fPjKbqvj5/MkqaHddK/Hw3WiE4e2vxjmjp5t1Rw21a6u5ePnri1rb65kKmdcWn6+91dNfeX3TVnX7wSswp0X28/+bo66t37umnXMwMVn1Gg7y/nWNVc07Mdis/SZ9HJeve+bnr1jk4a0M5NEdvPNt5vEmDnDAaDgoOD9b//+7/y8PCwdTk/K+PGjdOgQYNsXQYAAAAAAABuYqwABoAbzLrvU3Q1r1jbY9NUbJKOJGQrLvWauvm1rDTWp6WTrhWZJEkFxSX6/HiKHI0GJWQWWFpHHzifqfkTutfq3i2dSr8XNLyjp9XxfecyNbC9h8q6LI/oVHr+mwuZure3n2VcSDt3fXMhU78LaW1dp+t/6yzvSEK2cgpNmhV1QZI0NMhDGdeKrcYYDJJ3SyflV2iFXdOzfXMhS30C/tsmOqSdmz7+LqnSOADVc3Jy0kMPPaTY2Fi9//77KigosHVJds/b21tPPPGEXFxcrj8YAAAAAAAAqAYBMADcQEwlZhWXmPXufd0sx7IKirT8yGXN+r82z9VZeTRJlzILtGBiD+2MS9eJpByZzVJxSYkauo2n4f9qq4q53OESs1l1vVV3P1dNH9PR6tjesxnXnXe9ZzOXK6zErDrXBfxcmc1mSytoT09PTZ8+XVlZWVq5cqWKiopsXJ19GzNmjIYNG8beywAAAAAAAGgQWkADwA3kq9NpurWDdbvV8b399K9jSSoyVR3AlknKLpK7i4Ok/4afBoMU3NZNe85cP1CtyYhOHvr6fIYy861X597W0VMnknItn49eytHwjjW3izUaDMovKl3NO6Cduw5cyFR6Xt1DpZqe7baOnjqRnFOuruxKq5oBVM1gMMhsNlv+q0rgngAAIABJREFUP+Ln56fZs2dr8uTJatWqlY2rs18eHh565JFH5ObmZvUFFgAAAAAAAKCuWAEMADeIPWcz9ObuCxrX00cju3qplbODsvKL9X1SrlJyivTS5jg9Nritjl/OVpGpRJezCvRtfJbMKl0xG97XTw+sOqGreUVq695C8ZkFOnopW+/d112TN8YqMjZNbdyd5exg0KaTqfJ1dVJCZr6i4tLU2cdF0YnZKjSZdSIpV/3aWIc8gzp46K9hHRW+4nt19HaRj6uT/nx7Bz07vL2mfHlGr351VjkFJerd2lW/7R9gWcEbGZumWzu464fkPLk6GZWZX6xRXbw0I/K8cgtLNH1MRz02uK1+/ekJdfd3VSdvF70yuqP2nctUSk6Rjl3KliSl5hZp99l0FZeYLTUP7OBe7bNN7Oevhwa00Qv//km+rZx0Pj1fs+/tVvGVA6hG+RWoBoNBvr6+mjlzprp3766XXnpJOTk5NcxGfdx+++0KDQ2VJFYAAwAAAAAAoEEMZpYYAIAKCwtlMrG/JQDbcnBoIWdnZ5vdv6z9c/mf0n8DyZKSEs2dO1dTp06lHXQj8vDw0PLlyzVx4kTCXwAAAAAAAEiSsrKyJEnR0dG1nhMSEiKJFtAAAAD4P2XhY8WfZYxGo373u9+pa9euzV6bPRs2bJhuv/12y/vm+5kAAAAAAABoCAJgAAAA1IrZbJaPj486depk61Lshru7ux5++GH5+PjYuhQAAAAAAADYCQJgALhBuE7fw89m+Amgemaz2fJP2efy56r6NerPYDBozJgxGjdunIxGI+8VAAAAAAAAjYI9gAFA7AEM4MZg6z2AyyvbB7jisaSkJI0ePVqnT5+2UWX2wWAwaMCAAVq8eLFuvfVWq+MAAAAAAAAAewADAACgUVW1H63BYNDhw4d15swZW5VlFwwGg4YMGaI5c+Zo0KBBVnsu891MAAAAAAAANJSjrQsAAADAja0slDQYDHJycpLRyHcI68NoNKp9+/YKDw/Xs88+q549e1paP5eFv6wABgAAAAAAQEMRAAMAAMCiYghZMZAMDQ3V66+/rm3btqm4uLi5y7spOTk5qVu3burfv79uv/129ejRQy4uLlZjyu+7TAgMAAAAAACAhmAPYAAQewADuDHcKHsAl1/xWzGQNJvNMplMKijg/5l14ejoWGn1dHVhLyEwAAAAAAAAGrIHMCuAAQAAYKWmFcBSaZjp4OBgtU9wdS2Myx+rblzFfYYrfj+xuv2IGzKufC3Xm9uU46p7BwAAAAAAAEB9EQADAABAUuWAtmKYWV75cWXnrxe2Xm9cVXPK6mrKcWaz+boBrK3GAQAAAAAAAHVFAAwAAABJsgpoy37WFNSWVz5grTim4mrf6sZd77pNNa42z2TLcQAAAAAAAEBdEAADAACgVqpq51z+12VhccXQWKq6/XFN4yret7HHVfccZXMqstU4AAAAAAAAoK6Mti4AAAAAN4aylsRVBbQVf12xRXT5Ns8V2z1XXFFc3bgyZcfLX7+xx1UXulYMjG01DgAAAAAAAKgvVgADAABAUvWtmsvOVQwvqwuBqwo5axpX/nx1ewg3xbia6iw/1hbjAAAAAAAAgPoiAAYAAEAlVbVILh/eVhxX/vz1xta0Ard8ONyU4yo+Y8Waq9qruLnHAQAAAAAAAPVBAAwAAIAaVdViuex4dUFx+Z8Vr1VVEFpVOFsxDG3sceXPVZxXXSvp5hoHAAAAAAAA1Bd7AAMAAMCiqpbJ5YPf6vYHrm51a1nL4+utgi1/v6r2IW7qcRWf39bjAAAAAAAAgPpiBTAAAAAsatPGuXygW9Oq2uu1Z75RjpXVWV37aFuPAwAAAAAAAOqCABgAAABWqtvjV6q6XXF1LYxrO67iqteqVvE29riq2kRXHGvLcQAAAAAAAEB9EQADAACg1mray/Z6K22rG3e9z00xrq61NPc4AAAAAAAAoL7YAxgAAAAAAAAAAAAA7AQBMAAAAAAAAAAAAADYCVpAA8D/cXBoYesSAAAAAAAAAAAAGoQAGAAkOTs727oEAAAAAAAAAACABqMFNAAAAAAAAAAAAADYCQJgAAAAAAAAAAAAALATBMAAAAAAAAAAAAAAYCcIgAEAAAAAAAAAAADAThAAAwAAAAAAAAAAAICdIAAGAAAAAAAAAAAAADtBAAwAAAAAAAAAAAAAdoIAGAAAAAAAAAAAAADsBAEwAAAAAAAAAAAAANgJAmAAAAAAAAAAAAAAsBMEwAAAAAAAAAAAAABgJwiAAQAAAAAAAAAAAMBOEAADAAAAAAAAAAAAgJ0gAAYAAAAAAAAAAAAAO0EADAAAAAAAAAAAAAB2ggAYAAAAAAAAAAAAAOwEATAAAAAAAAAAAAAA2AkCYAAAAAAAAAAAAACwEwTAAAAAAAAAAAAAAGAnCIABAAAAAAAAAAAAwE4QAAMAAAAAAAAAAACAnSAABgAAAAAAAAAAAAA7QQAMAAAAAAAAAAAAAHaCABgAAAAAAAAAAAAA7AQBMAAAAAAAAAAAAADYCQJgAAAAAAAAAAAAALATBMAAAAAAAAAAAAAAYCcIgAEAAAAAAAAAAADAThAAAwAAAAAAAAAAAICdIAAGAAAAAAAAAAAAADtBAAwAAAAAAAAAAAAAdoIAGAAAAAAAAAAAAADsBAEwAAAAAAAAAAAAANgJAmAAAAAAAAAAAAAAsBMEwAAAANDKlSv161//WqGhoQoLC1NWVpbV+fT0dI0aNUqhoaEKDw/XsmXLJEkLFy5UeHi4UlNTG62WpUuXKjQ0VI899lijXbMmJ06c0Pjx4xUaGqqzZ882+Hp/+9vfFBoaqunTp9d6zunTpxUeHq7Q0FDFxMQ0uIb6iI+P14svvqiDBw/a5P5NJSYmRs8++6xmzZql6dOn680331ReXt515+3cuVPjx4+3vI9r167p0Ucf1dy5c5u6ZAAAAAAAgAYhAAYAAIAeeugh3XbbbWrRooUKCwu1bds2q/ObN2+Wg4ODJGngwIF64oknJJWGhqmpqcrOzm60WkaPHt1o16qNfv36KSAgoNGuFxYWVuc5PXv2VIcOHRqthrrasWOHtmzZolOnTtmshqZy9epVPfXUU5o+fbpmzZqlK1euaPny5dedFxYWJg8PD8vntWvXavLkyZo8eXJTlgsAAAAAANBgBMAAAACwGDNmjCRp48aNlmMlJSXavHlzlcHmjBkz9Nlnn6lz586NXoujo2OjX7M6BoOh0a5lNN58f8S+44479Mwzz6hFixa2LqXRDRo0SLfccovlc8+ePXXy5MlazS3/78XDDz+sgQMHNnp9AAAAAAAAja35/lYNAAAAN7xRo0Zp//79On/+vGJiYhQcHKxvv/1WXbp0kb+/v9XYH374Qa+88orS09O1aNEiBQcHKyoqSsuXL5fBYJCvr69effVVJSQk6C9/+Ytyc3MVFhamkydPKjMzU+PHj1f79u21YcMGJScn68EHH7Rq+5yRkaE33nhDhw8flqenp1588UUNGDBAs2fP1n/+8x8FBgZq7ty5euONN+Tr66sZM2bo008/1VdffSVnZ2e5ublpypQpCgwMrPScycnJmj17ts6dO6du3bopISHB6nxVz+Hr66v3339fMTExMpvNMhgMWrRokSRp/fr1Wr16tXx9fWUymayulZmZqbffflvx8fHKzc3Vgw8+qPDw8Gp/D/bu3at3331X8fHxuvPOO/XKK69Ikt544w0lJCTIaDQqISFBDzzwgCZNmiRJ+v777zV//nzl5ubK3d1dvXr10p/+9CfFxsbqnXfeUX5+vkwmk6ZOnap+/frV4d8IawcPHtSmTZvk5eWluLg4LVmyRGazWUuXLtWFCxdUUlKinj176pFHHlFkZKTeeustjRgxQpcuXVJiYqJ++ctfymg06ujRo7pw4YJefvll3XHHHZKkN998U5KUm5srFxcXTZs2TadPn9aMGTPUtm1bOTk56fTp0+rXr59mzZolg8GgDRs26MiRI/Ly8tLZs2f197//XV5eXlY1l1/FK0mpqamVxpRJTEzUnDlz5O3tLVdXV6Wnp0sqXUW8YMECJSUlafHixZJU7b2rekcAAAAAAADN6eZbngAAAIAm4+TkpLvvvluStGnTJknSv//9b02cOLHS2L59+6pjx46Wz4mJiZo5c6a6du2qt956S0eOHNEnn3yi/v37q3v37pKkkSNHavHixSopKdGaNWvUu3dvzZw5U9euXdMnn3xidX03Nzf9v//3//T+++/r3Llz+tvf/iaTyaTnn39eUum+xNOmTZO7u7vMZrP27dunJUuW6O6779aiRYt04sQJRUREVPmcs2bN0sGDB/XWW2/prbfeUvv27a/7HN9//71WrlypmTNnavHixerTp48k6fjx43r33XfVtWtXLV68WI8++qjVvRYtWqRdu3Zp5syZ6t+/v+bMmaOrV69W+3vQo0cPzZ49W46Ojtq8ebOSk5Mlla6IXrx4sRYuXKiSkhItWrRI2dnZSktL08svv6zMzEwtX75cCxcuVFpamkwmk1599VUlJSVp2bJlysvL01tvvVXtfWtj3rx5+sMf/qApU6bo4YcfliTt379fO3fuVEREhF5//XWtXr1asbGxGjt2rNzd3TV+/HgtXbpUM2bM0Oeff65HH31US5Ys0UMPPaQ1a9ZYrt2rVy+98sormjFjhqKionT+/Hn16tVLPXv2VEhIiGbPnq1PP/1UBw8e1E8//SSpdLX1zJkz9fLLL8vZ2Vk7d+687jP8+OOPGjt2bJXnXnvtNY0YMULTpk3Tn/70J0tQ7Ovrq2HDhlmNre7eVb0jAAAAAACA5kQADAAAACsTJkyQVLoKNi4uTvHx8br11luvO+/QoUMymUwKDAyUn5+fpNKwrTx/f3/5+/urdevWkiQvLy916dJFrq6uKiwsVGFhYaXrtm3bVoGBgUpJSVFKSorluMlk0rx58zRr1iyFh4frwIEDkqSgoCC5uLioffv2On36tFJTU62ul5OTo6NHj8rHx0fdunWr9XOUrex96aWXtGHDBj355JOSpD179kiShg4dWuV7+eabbyRJ7du3l5+fn0wmk2JjY6t9j23atJG/v78llM7KypIkTZkyRQaDQQaDQd7e3pJKVxfv379fubm5Gjp0qJydneXg4KDnn39ely5dUkJCgtq1ayej0Sg/Pz+dO3euyndcW25ubvr444+VnJys0NBQSaWrgoODg+Xg4CBHR0d17txZP/zwg2VOWSvv7t27q7i42NIiu3PnzlZ7R5etinZ0dFSrVq2Ul5dX6f6enp7y9va2vJOyFcVS6Urf3NzcGuvftm2bunTpopEjR1Y6l5ycrFOnTmnUqFG1ehfV3buqdwQAAAAAANCcaAENAAAAK0FBQQoJCVF0dLSmTZum8PDwWu2Rm5GRIak0ZIuOjlZAQEC1e8qWXc9sNlt9rk7Lli0llbYH9vT0lFS6AtPV1VWSFBISotWrV0sqXcUsyXLv9PR0S5ArybL61s3NrU7PERwcrNtvv1179+7V22+/rdWrV2vZsmWWgLm662VmZkqSJk+erJycHAUEBKioqKjG55Ws30lxcbFWrFihw4cPy8/PzyoIT0tLkyRLKCxJAQEBiomJkSSdPXtWL7zwgrKzsxUQEKCcnBz5+Phc9/5VmTZtmubPn6/7779fYWFh+utf/6q0tDSlpKRo7ty5kiQXFxc5OzvX6bomk0mrVq1Senq6WrVqpWvXrtVq3s6dO3Xs2DF5enrq3LlzlpXmVTl+/Lj27dunGTNmVHm+7PexYsvout67qndU9u8kAAAAAABAcyAABgAAQCUTJkxQdHS0rly5onvuuadWc8pCxbvuuktPP/10o9ZTtlK0TZs21Y4pC0DLwtWCggKrusqUBcjlV5+WV91z5OTkKCIiQnFxcVq1apV2795t2QO27Hx1daWmpmru3LlycHCo+UGrsX79eq1YsUK//e1v9cc//lEPP/ywzp07J0mWvZnLguvy95WkLl26aMGCBfW6b0WdOnXSO++8o6SkJP3xj3/Unj175ObmJn9/f02ePLne142KitKhQ4c0f/58SaX7617PlStX9I9//EMbN25Uy5YtdfHixWrHxsTEaOPGjYqIiKg2jHV3d5dUuuK6uj2Ca3Pvqt5R2T7HAAAAAAAAzYEW0AAAAKhk1KhR8vT01OjRo68bhpUZOnSoHB0d9fXXX1va99Zmpev1xMfHKzExUSNHjqx2la0kjRgxwjI+Pz9fly5dUq9eveTr62s1zsvLSz169FB6erpOnTolSSopKbnucxw9elRRUVHq06ePpk6dKkny8/PTkCFDJMnSgrpsVXPFurZv3265V1k76doqq6P8Kt8yw4YNk6urq/bs2WPZL7iwsFDt27dXp06dFBsbq/Pnz1ueoyE+/fRTSaVBfPfu3WUwGDRw4EB9/fXXlQLourh69aolmDWZTJXeYXVzjEajJVQvLi6uctyxY8e0cuVKPf7440pNTdXly5eVlJRUaVz79u0VEBCgr776qkH3ruodAQAAAAAANCeHiIiICFsXAQAAANtauXKlIiMjdfr0afn4+KhTp07KyMjQXXfdpYCAAK1atUpbt25Vdna2MjIylJeXJ0dHR61fv175+fkqKirSvffeq65du+rIkSNatmyZdu/ebQm/1q5dq2vXrsnV1VWurq7asGGDioqK5ObmpsLCQm3btk1ms1kBAQHq0aOHkpOTlZmZqcjISG3atEnDhg3TlClT1KJFC3388ceKjo5WSUmJ8vPzLfsTBwYGytHRUdu2bdP27dvVoUMHTZs2zbLit7zg4GCdOXNGa9asUWRkpDIzM5WXl6fs7GyNHz++yucICgrS4sWL9fXXXysyMlL33nuvxo4dq8DAQEmle/1u2LBBJ0+eVGpqqjIzM9WvXz/deeedunr1qtavX6/169fr6NGjGjRokKV9tSSdOnXK6h15eXlp3bp1KigokIuLi8LDw3Xs2DF99913SkxMVFJSkjIyMuTt7a3hw4erf//+On36tJYtW6atW7fqypUrGjp0qAYMGKC4uDh9/PHH2rZtm86fP28JpMvbtWuXIiMjFR0drZycHCUlJalLly6VWjmvXLlShw8f1qFDh2Q0GvXggw+qW7duyszM1AcffKD9+/fr9OnT6tGjh44fP67IyEg5OjqqV69e2rx5s7777jt5enqqXbt2Wr9+vX766Sf16NFDwcHBWrdunXbs2GEJaDMyMhQYGKgNGzYoOztbwcHBiomJ0fbt2+Xs7Kxx48bp+PHjWrlypWJjY1VQUKC4uDgNHjzY6osCH374oXbv3q21a9dqzZo1WrNmjdauXavHH3/c6tmMRqP69OmjTz75RFu3btXx48d18eJFZWVlqX379tqyZYvOnTsnHx8fDR48WNHR0VXe+9///neld1S2VzAAAAAAAEBtlXW3q+qL7NUp655nMNfm6/UAAAAAAAAAAAAAgGaRlZUlSYqOjq71nJCQEEm0gAYAAAAAAAAAAAAAu0EADAAAAAAAAAAAAAB2ggAYAAAAAAAAAAAAAOwEATAAAAAAAAAAAAAA2AkCYAAAAAAAAAAAAACwEwTAAAAAAAAAAAAAAGAnCIABAAAAAAAAAAAAwE4QAAMAAAAAAAAAAACAnSAABgAAAAAAAAAAAAA7QQAMAAAAAAAAAAAAAHaCABgAAAAAAAAAAAAA7AQBMAAAAAAAAAAAAADYCQJgAAAAAAAAAAAAALATBMAAAAAAAAAAAAAAYCcIgAEAAAAAAAAAAADAThAAAwAAAAAAAAAAAICdIAAGAAAAAAAAAAAAADtBAAwAAAAAAAAAAAAAdoIAGAAAAAAAAAAAAADsBAEwAAAAAAAAAAAAANgJAmAAAAAAAAAAAAAAsBMEwAAAAAAAAAAAAABgJwiAAQAAAAAAAAAAAMBOEAADAAAAAAAAAAAAgJ0gAAYAAECVsrKy9Oyzzyo0NFQrVqywdTmSpIULFyo8PFypqamVzm3evFmhoaG65557bFAZAAAAAAAAcGMgAAYAAECVPDw8NHjwYFuXYSU+Pl6pqanKzs6udC4sLMwGFQEAAAAAAAA3FkdbFwAAAIAbn8FgsHUJkqQZM2YoNTVVgYGBlc4ZjXy3EQAAAAAAACAABgAAgHJzc/W3v/1NRUVFSk1N1dChQ/Xcc89Zzp85c0Z//vOfFRMToy5duujdd9+Vm5ub1q1bp02bNsnf318nTpzQ8OHDNW3aNP3444+aOXOmLl++rBkzZigrK0sfffSRXnrpJb333nvKyMjQgAEDVFhYqISEBI0ZM0aTJ0+Wg4NDtTX+8MMPeuWVV5Senq5FixYpODhYx48f13vvvafi4mIFBAQ0x6sCAAAAAAAAbmgskwAAAIDWrVun8+fP65133tHSpUsrrab19PTUzJkz1aNHD508eVL79u2TJKWmpmrOnDmaPXu2Bg8erMjISB04cEC33HKLRo4cKUlavXq1tm3bptatW6t79+4aPny4JOnee+/VkiVLNGLECK1fv16RkZE11ti3b1917NjR8jk3N9cSCH/44YeaOXNmY74SAAAAAAAA4KZEAAwAAACZTCYlJCToL3/5iw4ePKjf//73Vud9fX3l5uam3r17S5JlD96nnnpK3t7ekmT5mZmZaTX3tttu04cffqiIiAh5enpajpe1lS7bZ/jYsWN1qvno0aPKzs5W//795eLiUqe5AAAAAAAAgL2iBTQAAAB03333aceOHTpw4IAOHDigsLCwKlfUVtwLePv27fryyy/VokULJSQkVHltd3d3SVLnzp2rPN+qVStJ/w2Va+vq1auSJDc3tzrNAwAAAAAAAOwZK4ABAAAgBwcHffLJJ/rHP/6h7t27a+fOndcNZOPi4vTGG28oNzdX//znPzVkyJB63Ts3N1eS5O/vX6d5ZauJ6xocAwAAAAAAAPaMABgAAAD69NNPlZycrF/84hd67LHH5OrqKldX1xrnlAW3Xl5elfYMrovDhw9LksLCwuo0LyQkRM7OzoqOjta1a9dkNpvrXQMAAAAAAABgLxwiIiIibF0EAAAAbCspKUnz58/Xt99+q6NHj+r555+Xr6+vPvroI6Wmpio/P18jRozQ8uXLlZaWpmvXrul3v/udLl68qGPHjunixYu6cuWKEhISVFxcrI4dO+qLL75QWlqacnNzFRQUpICAAEnSvn37FBcXp4SEBG3btk3nz5/X008/rdGjR9dYY0xMjNavX6/8/HwVFRVp3Lhx6ty5s2JiYrR69Wp9/fXXyszMVEFBgTw9PS37FQMAAAAAAAA3m4KCAkmlf29XW23atJEkGcwslQAAAEAzmjVrlrZu3arXX39dY8aMsXU5AAAAAAAAwA0nKytLkhQdHV3rOSEhIZIkxyapCAAAALiO4uLiSscef/xxJSYmVjl+6tSpdW4TDQAAAAAAAPzcEAADAACg2Vy4cEEnTpyQJH355Zfq06ePAgMDLefffvttmUymKud6eHg0S40AAAAAAADAzYwW0AAAAAAAAAAAAABwA2lIC2hjk1QEAAAAAAAAAAAAAGh2BMAAAAAAAAAAAAAAYCcIgAEAAAAAAAAAAADAThAAAwAAAAAAAAAAAICdIAAGAAAAAAAAAAAAADtBAAwAAAAAAAAAAAAAdoIAGAAAAAAAAAAAAADshKOtCwAAAMCNIz4+Xu+++67uv/9+DRs2zHL84sWLmjdvnry9vZWamqoXX3xRQUFBN9W5mp4PAAAAAAAAsBesAAYAAIAkaceOHdqyZYtOnTplddxsNuvVV1/V/fffr+nTp+t//ud/9Nprr91U52p6PgAAAAAAAMCeEAADAABAknTHHXfomWeeUYsWLayOx8bG6tKlSxo8eLAkafjw4bpw4YJiY2NvmnM1PR8AAAAAAABgT2gBDQAAgBrFxcWpdevWMhgMkiQHBwe1bt1acXFxMpvNN8W57t27N+s7AwAAAAAAAGyFABgAAAA1yszMrLRqtmXLlsrMzJTZbL4pzgEAAAAAAAA/F7SABgAAQL2UrbS9mc8BAAAAAAAA9oYVwAAAAKiRp6en8vPzrY7l5eXJw8NDZrP5pjgHAAAAAAAA/FwQAAMAAKBG3bt3V0pKisxmswwGg4qLi5WSkqLu3bvLbDbfFOcAAAAAAACAnwtaQAMAAKBG3bp1U4cOHXTkyBFJ0sGDB9WpUyd169btpjkHAAAAAAAA/FwYzGaz2dZFAAAAwPZ27dqln376SWvWrNGQIUPUt29fTZgwQW5ubrpw4YLmz5+vgIAAJScn649//KOCgoIk6aY5V9PzAQAAAAAAADeSrKwsSVJ0dHSt54SEhEgiAAYAAAAAAAAAAACAG0pDAmBaQAMAAAAAAAAAAACAnSAABgAAAAAAAAAAAAA7QQAMAAAAAAAAAAAAAHaCABgAAAAAAAAAAAAA7AQBMAAAAAAAAAAAAADYCQJgAAAAAAAAAAAAALATBMAAAAAAAAAAAAAAYCcIgAEAAAAAAAAAAADAThAAAwAAAAAAAAAAAICdIAAGAAAAAAAAAAAAADvhaOsCAAAAcGO5cuWKfvWrX8lsNmvRokUKDg62dUlVWrx4sbZs2aKAgAAVFxcrLi5OktSvXz8VFxcrMTFRL7zwgu65555qr2EymfT5558rMjJSubm58vf317Vr1+Tv768nnnhCvXr1aq7HAQAAAAAAABoFATAAAACsREVFyWAwyGw2a/v27c0SAH/xxRcaNmyYgoKC6jTvzTffVN++fXX27Fk98sgjMhqNev/99yVJX375ZY1zzWaz/vrXv+rAgQN69NFH9eSTT8poNMpkMun999/X2bNnCYABAAAAAABw06EFNAAAAKzs2LFDDz74oCRp165dMplMTXq/I0eOaN68eYqPj6/TvICAAAUEBFR7PigoSF5eXtWe3717tw4cOKDAwEDeliucAAAgAElEQVQ99dRTMhpL/2js4OCgUaNGqWXLlnWqBwAAAAAAALgRsAIYAAAAFvHx8TIajZo0aZI+++wzZWRk6PDhwxo2bJhlzPfff6/58+crNzdX7u7u6tWrl/70pz8pNjZW77zzjvLz82UymTR16lQZDAZNnTpVGRkZGjBggAoLC5WQkKAxY8Zo8uTJ+vbbb/XPf/5TUmlL59jYWD322GN64403lJCQIKPRqISEBD3wwAOaNGmSVa2/+tWvanwWZ2dnRUREKC8vT/fcc4+mTZumL774QsuWLdO8efO0b98+SdLgwYNlMBis5vbt21d9+/ZtjFcKAAAAAAAANCtWAAMAAMBix44duuOOO+Tu7q4hQ4ZYjpVJS0vTyy+/rMzMTC1fvlwLFy5UWlqaTCaTXn31VSUlJWnZsmXKy8vTW2+9pb59+2r48OGSpHvvvVdLlizRiBEjtH79ekVGRuq2226ztFl+9tln9dhjj0mSHB0dtXjxYi1cuFAlJSVatGiRsrOz6/QsPXv2tOz/265dO0mlq4LHjRunHj166NKlS5Kk1q1bN+CNAQAAAAAAADcWAmAAAABY7Ny5U2FhYZKkO+64Q5K0d+9eFRYWSpL279+v3NxcDR06VM7OznJwcNDzzz+vS5cuKSEhQe3atZPRaJSfn5/OnTtnmSfJssp28ODBkqRjx45VW8eUKVNkMBhkMBjk7e0tScrMzKzz80yYMEGStGnTJpWUlCgyMlLjx4+XVLoHsCQVFRXV+boAAAAAAADAjYoW0AAAAJAk/fTTT0pOTta0adMkSSaTSUajUXl5efr66681evRopaWlSZIllJVK9+KNiYmRJJ09e1YvvPCCsrOzFRAQoJycnEr3adWqlSRVu6K3uLhYK1as0OHDh+Xn56eUlJR6P1Pnzp0VHBysmJgY7dq1SykpKerWrZskqW3btjp58mSV1zebzSooKJCLi0u97w0AAAAAAADYAiuAAQAAIKm01fPkyZP1wQcf6IMPPtDSpUt1++23W85Jkr+/vyQpIyPDam5ZINylSxctWLBAq1at0rp16+Tj41PpPrm5uVbXqmj9+vVasWKF+vbtq1mzZjW4RXN4eLgk6e2339aYMWMsx0ePHi1JOnjwoIqLi63mXLx4UcuXL2/QfQEAAAAAAABbIAAGAACAzGaz9u7dq5EjR1odHzdunCTpwIEDysnJ0bBhw+Tq6qo9e/YoOTlZklRYWKj27durU6dOio2N1fnz5yVV31r58OHDkmRpNe3q6ipJunr1qiQpLy9PkvUq44YYNWqUPDw8VFBQYGlrLUkjR47UqFGjlJqaqg8++EAlJSWSSt/Fvn375OhIsxwAAAAAAADcfBwiIiIibF0EAAAAbGvevHk6ceKECgoKdOutt0qS8vPztWrVKsXFxamkpERnzpzRfffdp5CQEJ0+fVrLli3T1q1bdeXKFQ0dOlQDBgxQXFycPv74Y23btk3nz5/XiBEjtG/fPsXFxSkhIcFy/Omnn7aswPX19dXRo0e1d+9eXbp0Sb/5zW907Ngxfffdd0pMTFRSUpIyMjLk7e2tkJCQSrVv3bpVK1eu1OXLl2U2m3XmzBl5e3urbdu2kiQHBwelp6crICBAY8eOtcwzGAwaNWqUvLy8tHfvXq1atUr79u3Tf/7zH2VlZWncuHFq06ZNM7x9AAAAAAAAwFpBQYEkKSkpqdZzyv4uy2A2m81NUhUAAAAgadasWdq6datef/11qxbMzWn+/PkaMWKEBg4caJP7AwAAAAAAAHWRlZUlSYqOjq71nLLFE7SABgAAQLOouM9uU7t48aJ27typlJQU/fjjj4S/AAAAAAAA+FlgYzMAAAA0mQsXLujEiROSpC+//FJ9+vRRYGBgs91/3rx58vb21vTp05vtngAAAAAAAIAt0QIaAAAAAAAAAAAAAG4gtIAGAAAAAAAAAAAAABAAAwAAAAAAAAAAAIC9IAAGAAAAAAAAAAAAADtBAAwAAAAAAAAAAAAAdoIAGAAAAAAAAAAAAADsBAEwAAAAAAAAAAAAANgJAmAAAAAAAAAAAAAAsBMEwAAAAKjkN7/5jZ577rkGXeNf//qXXnvttUaqSNq5c6fGjx+vgwcPNto1AQAAAAAAAHtDAAwAAAArp06dUmFhoWJiYpScnFzreWlpaYqLi7N8HjhwoMaMGdNodYWFhcnDw6PRrgcAAAAAAADYIwJgAAAAWNm1a5defPFFOTs7KyoqqtbzPv/8c505c8byuXfv3ho5cmSj1mYwGBr1egAAAAAAAIC9cbR1AQAAALixREdH6/e//72GDx+uqKgoTZo0yer8iRMn9Omnn8rf31/Z2dkKDAzUgAEDtG3bNgUFBSk+Pl4TJ07UggULlJSUpMWLF2vOnDlat26dnnvuOU2aNEmJiYmaO3eu/P399fLLL+vNN9+UJOXm5srFxUXTpk2TwWBQYmKi5syZI29vb7m6uio9Pd1SR2JiohYtWiRvb2+lpqaqf//+euCBB5r1XQEAAAAAAAA3GgJgAAAAWPz000/q0qWLHBwcNGbMGL322mtKSEhQhw4dJEnZ2dmaMmWKFixYoK5du0qSlixZokGDBqldu3YaP3687rrrLknSsGHDtGHDBknSCy+8oKioKPn5+UmS2rVrJwcHBz3//POSpF69eik8PFzFxcUaO3asJk2apM6dO+u1117T+PHjFR4eLkk6dOiQpdaIiAg98MADCgsLU1FRkR588EF16tRJw4YNa56XBQAAAAAAANyAaAENAAAAi127diksLEySdNttt8nFxUU7duywnD906JA8PDws4a8kPfbYY9e9rpOTk+655x5t3LhRkpScnCxfX1+1bNlSkiwBr6Ojo1q1aqW8vDwlJyfr1KlTGjVqVKXrpaam6uTJkxowYIDl+oMGDdK+ffvq+eQAAAAAAACAfWAFMAAAACwOHDig+Ph4bdq0SZLk6empqKgoS8h79epVubu7W81p0aJFra49YcIEffbZZ7p48aKioqI0fvx4SZLJZNKqVauUnp6uVq1a6dq1a5JKQ15J8vDwqHStslbQrVq1shxzd3dXfHx8XR4XAAAAAAAAsDsEwAAAAJAkxcXFqXfv3nrllVcsx/bs2aPp06fr7Nmz6tKli3x9fZWWllav67dv316DBw/Wxo0blZycrMcff1ySFBUVpUOHDmn+/PmSZGkbXRY0Z2VlycvLy+paPj4+kqScnBzLr7Ozs+Xr61uv2gAAAAAAAAB7QQtoAAAASJJ27typsWPHWh0bPny4XF1dLW2gBw8erJycHO3cubPSfEdHR2VnZ9d4j/DwcK1du1aDBg2yHLt69aqcnJwkla4GNpvNkkoD44CAAH311VeVruPr66u+ffvqyJEjkqTi4mJ99913Cg0NrcMTAwAAAAAAAPbHISIiIsLWRQAAAMC2tm7dqjVr1sjPz09du3aVs7OzJCkyMlKnTp3SqVOnZDQaNXDgQAUHB2vp0qXauHGjDh8+rPT0dPXp00d5eXlasWKFLly4oICAAG3ZskXnzp2Tj4+PZc/gwMBAbd++XX/+858toa+fn5/WrVunHTt26PLly0pKSlJGRoZ+8YtfqE+fPvrkk0+0detWHT9+XBcvXlRWVpZGjBihIUOGaM2aNYqJidGWLVs0evRojRs3zmbvEAAAAAAAAGgsBQUFkqSkpKRaz2nTpo0kyWAuW2IBAAAAAAAAAAAAALC5rKwsSVJ0dHSt54SEhEiiBTQAAAAAAAAAAAAA2A0CYAAAAAAAAAAAAACwEwTAwP9v7+5jvSwLP45/zgHEzuEcnhIU5cEwFHB4wlYuTSFz4R9uxmLEcAlrGNGEKOcimzHSkTNL89doFU6UbA21x6GsmQiSRyoeSoQ46lAGw8nTgQMcPMD5/YGeSciDYkEXr9c/53zv731d9/X98g/b+1z3DQAAAAAAAIUQgAEAAAAAAAAKIQADAAAAAAAAFEIABgAAAAAAACiEAAwAAAAAAABQCAEYAAAAAAAAoBACMAAAAAAAAEAhBGAAAAAAAACAQgjAAAAAAAAAAIUQgAEAAAAAAAAKIQADAAAAAAAAFEIABgAAAAAAACiEAAwAAAAAAABQCAEYAAAAAAAAoBACMAAAAAAAAEAhBGAAAAAAAACAQgjAAAAAAAAAAIUQgAEAAAAAAAAKIQADAAAAAAAAFEIABgAAAAAAACiEAAwAAAAAAABQCAEYAAAAAAAAoBACMAAAAAAAAEAhBGAAAAAAAACAQgjAAAAAAAAAAIUQgAEAAAAAAAAKIQADAAAAAAAAFEIABgAAAAAAACiEAAwAAAAAAABQCAEYAAAAAAAAoBACMAAAAAAAAEAhBGAAAAAAAACAQgjAAAAAAAAAAIUQgAEAAAAAAAAKIQADAAAAAAAAFEIABgAAAAAAACiEAAwAAAAAAABQCAEYAAAAAAAAoBACMAAAAAAAAEAhBGAAAAAAAACAQgjAAAAAAAAAAIUQgAEAAAAAAAAKIQADAAAAAAAAFKL9oEGDTvYaAAAAAAAAAHhLfX39+x5rBzAAAAAAAABAIQRgAAAAAAAAgEIIwAAAAAAAAACFEIABAAAAAAAACiEAAwAAAAAAABRCAAYAAAAAAAAohAAMAAAAAAAAUAgBGAAAAAAAAKAQAjAAAAAAAABAIQRgAAAAAAAAgEIIwAAAAAAAAACFEIABAAAAAAAACiEAAwAAAAAAABRCAAYAAAAAAAAohAAMAAAAAAAAUAgBGAAAAAAAAKAQAjAAAAAAAABAIQRgAAAAAAAAgEIIwAAAAAAAAACFEIABAAAAAAAACiEAAwAAAAAAABRCAAYAAAAAAAAohAAMAAAAAAAAUAgBGAAAAAAAAKAQAjAAAAAAAABAIQRgAAAAAAAAgEIIwAAAAAAAAACFEIABAAAAAAAACiEAAwAAAAAAABRCAAYAAAAAAAAohAAMAAAAAAAAUAgBGAAAAAAAAKAQAjAAAAAAAABAIQRgAAAAAAAAgEIIwAAAAAAAAACFEIABAAAAAAAACiEAAwAAAAAAABRCAAYAAAAAAAAohAAMAAAAAAAAUAgBGAAAAAAAAKAQAjAAAAAAAABAIQRgAAAAAAAAgEIIwAAAAAAAAACFEIABAAAAAAAACiEAAwAAAAAAABRCAAYAAAAAAAAohAAMAAAAAAAAUAgBGAAAAAAAAKAQAjAAAAAAAABAIQRgAAAAAAAAgEIIwAAAAAAAAACFEIABAAAAAAAACiEAAwAAAAAAABRCAAYAAAAAAAAohAAMAAAAAAAAUAgBGAAAAAAAAKAQAjAAAAAAAABAIQRgAAAAAAAAgEIIwAAAAAAAAACFEIABAAAAAAAACiEAAwAAAAAAABRCAAYAAAAAAAAohAAMAAAAAAAAUAgBGAAAAAAAAKAQ7U/2AgBOBRdffPHJXgIAAAAA8JYXXnjhZC8B4H+WAAwQ/6EEAAAAAADK4BbQAAAAAAAAAIUQgAEAAAAAAAAKIQADAAAAAAAAFEIABgAAAAAAACiEAAwAAAAAAABQCAEYAAAAAAAAoBACMAAAAAAAAEAhBGAAAAAAAACAQgjAAAAAAAAAAIUQgAEAAAAAAAAKIQADAAAAAAAAFEIABgAAAAAAACiEAAwAAAAAAABQCAEYAAAAAAAAoBACMAAAAAAAAEAhBGAAAAAAAACAQgjAAAAAAAAAAIUQgAEAAAAAAAAKIQADAAAAAAAAFEIABgAAAAAAACiEAAwAAAAAAABQCAEYAAAAAAAAoBACMAAAAAAAAEAhBGAAAAAAAACAQgjAAAAAAAAAAIUQgAEAAAAAAAAKIQADAAAAAAAAFEIABgAAAAAAACiEAAwAAAAAAABQiPYnewEAp4pzzz03Y8eOzeDBg1NRUZHXXnst8+bNy8qVK09o3mHDhmXhwoXve3xlZWUuv/zyLF68+ITWAQAAAAAAlM8OYIAk3bt3z/e+971s3LgxU6dOzZe//OUsWLAg3/jGNzJw4MATmnvs2LEnNL5Pnz658sorT2gOAAAAAADg9GAHMECS6667LmvXrs3cuXPbji1evDhNTU1pampKcjDETpgwIZ07d05LS0t++ctfZtmyZUmSBx98MHPnzs2nPvWpdO/ePc8880wef/zxfOtb30rnzp1z77335o477khzc3Nuvvnm9O7dO0nyhz/8IU888USSpKqqKl/96ldz4YUXZvfu3XnggQfS0NCQadOmpaqqKtOnT8/06dOPug4AAAAAAOD0ZgcwQJKBAwfmueeeO+z48uXLs379+lRUVGTq1Kl58sknM3ny5Nx7772ZPHlyOnXqlCTZv39/zjrrrMyYMSMzZszIqFGjcsYZZ2TWrFnZt29fvv71r2fz5s0ZOXJktm3blkmTJmXGjBn50pe+lK5duyZJxowZk23btuWmm27KrFmzMnXq1LS0tGTOnDlZs2ZNpk+ffsx1AAAAAAAApzcBGCBJdXV1Ghsbj/h+jx490r179yxZsiRJsn79+mzcuDEDBgxoO+ftgLxly5Y0NzenS5cuh83zyCOPZPbs2UmSTZs2ZcuWLenRo0eSZOjQoXn66aeTJP/6178yZcqU7Nu37z2vAwAAAAAAOH25BTRAkqampnTv3v2I73fu3Dm7du065NjOnTtTW1vb9rq5ubnt9wMHDqSy8vC/senTp09Gjx6d2tratLa2pmvXrqmoqHjXa+zYseN9rQMAAAAAADh92QEMkGTVqlX59Kc/fdjxK6+8Mp/85CfT2NiY6urqtlibJDU1Ndm+fft7us6UKVOydOnSTJs2Ld/+9rcP2XXc2Nh4SMjt1atX2rc/9O90Pqh1AAAAAAAAZRKAAZL8/ve/T+/evTNx4sT06NEjZ555ZoYPH57x48fnjTfeyOuvv57Nmzfn8ssvT5L069cvPXv2zNq1a4867/79+1NZWZmOHTsmSTp16pRXXnklSTJs2LBUV1e3vbds2bJ89rOfTUVFRS644ILccccdbXNUVVUlyfteBwAAAAAAcHqoGDhwYOvJXgTAqaBnz5654YYbcvHFF6ddu3ZpaGjIr371q7z00ktJDt6+ecKECamtrc3evXvz8MMP55///GeSZPbs2bntttuyadOmw15/97vfTZ8+fXLnnXfmox/9aK6//vrs3r07f/7zn1NTU5Nhw4blO9/5Tvbs2ZOJEyfmwgsvzJ49e/LAAw9k5cqV6dq1a2bOnJkDBw5k0qRJR10HAAAAAADwv6++vj5JsmLFiuMeU1dXl0QABgAAAAAAADilnEgAdgtoAAAAAAAAgEIIwAAAAAAAAACFEIABAAAAAAAACiEAAwAAAAAAABRCAAZI0rdv3yJ+AgAAAAAAp7eKgQMHtp7sRQAAAAAAAABwUH19fZJkxYoVxz2mrq4uiR3AAAAAAAAAAMUQgAEAAAAAAAAKIQADAAAAAAAAFEIABgAAAAAAACiEAAwAAAAAAABQCAEYAAAAAAAAoBACMAAAAAAAAEAhBGAAAAAAAACAQgjAAAAAAAAAAIUQgAEAAAAAAAAKIQADAAAAAAAAFEIABgAAAAAAACiEAAwAAAAAAABQCAEYAAAAAAAAoBACMAAAAAAAAEAhBGAAAAAAAACAQgjAAAAAAAAAAIUQgAEAAAAAAAAKIQADAAAAAAAAFEIABgAAAAAAACiEAAwAAAAAAABQCAEYAAAAAAAAoBDtT/YCAE4FI0aMyGc+85m0trYecvyRRx7JypUrP9BrnXfeebnhhhvy/e9//wOd92T44he/mOuvvz4HDhxIa2trNm/enGeffTa/+c1vsm/fvv/KGvr165dvfvObufnmm/8r1wMAAAAAgFOZAAzwlueffz6PPfbYf/w6GzduzI9//OP/+HX+W5566qn8/Oc/T4cOHdK3b9+MHz8+/fv3PyxwV1RUHBbYAQAAAACAD5YADHAMffr0yejRo3P33Xe3vR41alTuueee9OrVK6NHj87q1atz/vnnp6amJr/97W+zdu3aJAd3Fg8dOjSVlZVZtGhRFi1alF69eh2yA3jEiBEZMmRIKioq8tprr+Xxxx/P3r17c8UVV+Scc85Jhw4d0q1bt1RWVuahhx7K9u3bU1VVlTFjxqRHjx5JkkWLFmXJkiXvuv4hQ4ZkxIgR6dixYxoaGjJv3rzs378/Q4YMyTXXXJP27dunsbExjz76aDZv3nzMz3QkLS0teemllzJz5szcf//9GTRoUF588cU89NBDeeyxx/L5z38+X/nKV3LLLbfk6aefzl/+8pckyW233Zannnoq9fX1mTt3bn7961/n0ksvTZcuXbJgwYI88cQTSZL+/ftnwoQJqa2tTXNzc2bPnp1Vq1ad+D8wAAAAAAAUxDOAAU7AgQMH0rNnz6xbty6zZs3Kn/70p1xzzTVJDobXAQMG5O67784Pf/jDXHXVVendu/ch4y+55JJcdNFF+dGPfpS77rorFRUVGT58eNvcgwcPzh//+Mf83//9XzZs2JDLLrssSXL11VensbExM2fOzM9+9rNcd911qa2tPWx9tbW1GTlyZH7xi1/kzjvvTHV1da644op06dIlX/jCF/Lggw/mrrvuysqVKzN69Ohjfqbj0dTUlBdeeCGDBw9Okuzbty+dO3fOuHHjsnfv3qOO3b9/fzp16pTp06dn+vTpGTNmTLp165YkuemmmzJ//vxMmjQpv/vd7zJhwoTjXhMAAAAAAJwu7AAGeMtll13WFljfdt999x1zXEtLS9asWZMk2bRpUzp37pwkueiii7JixYq0tLSkpaUlP/jBD7J379706tWrbeygQYOybNmytLS0JEn+/ve/53Of+1yefPLJJMm6deuyY8eOtrnfDsjz589PZeXBv+HZsmVLtm/fnq5du7ad+7YBAwbk1VdfzdatW5MkDz/8cFpbW1NXV5d169Zly5YtSZK//vWvGTlyZDp06HDUz3S8tm3blg996ENJktbW1tTX1x/32Oeeey5Jsn379rz66qvp379/tm7dmttvv73te1q1alUmTpz4ntYEAAAAAACnAwEY4C319fXv+gzgPn36HHXcO3e1tra2toXZmpqavPLKK23v7dmz57Cx1dXV2b17d9vr3bt3p7q6+ohzV1RUJEnOPvvsjBgxItXV1WltbU1tbW3be/8+/zuv++abb7at7Z3X3bdvX95888106tTpqJ/peHXt2jUNDQ1tr3fu3HncY3ft2tX2++7du9vWdOmll+baa69Nu3bt0q5du3f9vAAAAAAAcLoTgAGO4Z3hNUk6dux4XON27tzZFi+TpHPnzm0B9m27du065Jyqqqo0NTUdc+6xY8dm4cKFWbp0aZJk2rRp73rerl27DgnKVVVV6dChQ3bu3Jnzzz+/7XiHDh3SoUOHNDU1HffnO5Kamppccsklh8T01tbWtt8PHDhwyPd55plnHjb+jTfeSHIwYO/cuTPdunXL1772tdx6663ZsGFDzjrrrNx///0ntE4AAAAAACiRZwADHENjY2NqamrawuiQIUOOa9yaNWsydOjQdOzYMVVVVZk0aVI+/OEPH3LOiy++mLq6urZbL3/iE5/I6tWrjzl3VVVVNmzYkCT5+Mc/nqqqqpxxxhmHndfQ0JB+/fqlR48eqayszKhRo/Kxj30sa9euTb9+/dK9e/e267788sttt1h+v3r37p1bb701f/vb37Ju3bp3PWfr1q1tt8E+++yzDwnRSXLVVVclSXr06JG+ffumoaEh1dXVaW5uzuuvv57Kyspce+21qaysbPveAAAAAACAg+wABjiGHTt25Pnnn8/kyZOzbdu2rF69Oh/5yEeOOe4f//hHzj333Nxyyy2pqKjI4sWLs379+px33nlt56xcuTLnnHNOpk6dmoqKirz88st55plnjjn3ggULMm7cuDQ3N2fp0qVZsmRJRo0alZ/85CfZvn1723mNjY159NFHM378+HTs2DENDQ159tlns2/fvsybNy/jxo1L+/bts3Xr1sybN+99fT9XX311hg8fnuTgs38XLlz4rrfSftv8+fMzZcqUDBkyJBs2bMjy5csPucX01q1bc88996Sqqipz5sxJY2NjGhsbs3z58tx3333ZtWtX5syZkwsuuCC33357Zs+e/b7WDQAAAAAAJaoYOHBg67FPA4D/vDlz5mTq1KnZunXryV4KAAAAAACcNPX19UmSFStWHPeYurq6JG4BDcAp5p3PBwYAAAAAAN4bARgAAAAAAACgEAIwAO/L288M/iB/3njjjfnpT396QvMAAAAAAMDpzDOAAQAAAAAAAE4hngEMAAAAAAAAgAAMAAAAAAAAUAoBGAAAAAAAAKAQAjAAAAAAAABAIQRgAAAAAAAAgEIIwAAAAAAAAACFEIABAAAAAAAACiEAAwAAAAAAABRCAAYAAAAAAAAohAAMAAAAAAAAUAgBGAAAAAAAAKAQAjAAAAAAAABAIQRgAAAAAAAAgEIIwAAAAAAAAACFEIABAAAAAAAACiEAAwAAAAAAABRCAAYAAAAAAAAohAAMAAAAAAAAUAgBGAAAAAAAAKAQAjAAAAAAAABAIQRgAAAAAAAAgEIIwAAAAAAAAACFEIABAAAAAAAACiEAAwAAAAAAABRCAAYAAAAAAAAohAAMAAAAAAAAUAgBGAAAAAAAAKAQ7U/2AgAAAAAAAAA4XF1d3XseYwcwAAAAAAAAQCEEYAAAAAAAAIBCCMAAAAAAAAAAhRCAAQAAAAAAAAohAAMAAAAAAAAUQgAGAAAAAAAAKIQADAAAAAAAAFAIARgAAAAAAACgEAIwAAAAAAAAQCEEYAAAAAAAAIBCCMAAAAAAAAAAhRCAAQAAAAAAAAohAAMAAAAAAAAUQgAGAAAAAAAAKIQADAAAAAAAAFAIARgAAAAAAACgEAIwAAAAAAAAQCEEYAAAAAAAAIBCCMAAAAAAAAAAhRCAAQAAAAAAAAohAJD95x8AAAK/SURBVAMAAAAAAAAUQgAGAAAAAAAAKIQADAAAAAAAAFAIARgAAAAAAACgEAIwAAAAAAAAQCEEYAAAAAAAAIBCCMAAAAAAAAAAhRCAAQAAAAAAAAohAAMAAAAAAAAUQgAGAAAAAAAAKIQADAAAAAAAAFAIARgAAAAAAACgEAIwAAAAAAAAQCEEYAAAAAAAAIBCCMAAAAAAAAAAhRCAAQAAAAAAAAohAAMAAAAAAAAUQgAGAAAAAAAAKIQADAAAAAAAAFAIARgAAAAAAACgEAIwAAAAAAAAQCEEYAAAAAAAAIBCCMAAAAAAAAAAhRCAAQAAAAAAAAohAAMAAAAAAAAUQgAGAAAAAAAAKIQADAAAAAAAAFAIARgAAAAAAACgEAIwAAAAAAAAQCEEYAAAAAAAAIBCCMAAAAAAAAAAhRCAAQAAAAAAAAohAAMAAAAAAAAUQgAGAAAAAAAAKIQADAAAAAAAAFAIARgAAAAAAACgEAIwAAAAAAAAQCEEYAAAAAAAAIBCCMAAAAAAAAAAhRCAAQAAAAAAAAohAAMAAAAAAAAUQgAGAAAAAAAAKIQADAAAAAAAAFAIARgAAAAAAACgEAIwAAAAAAAAQCEEYAAAAAAAAIBCCMAAAAAAAAAAhRCAAQAAAAAAAAohAAMAAAAAAAAUQgAGAAAAAAAAKIQADAAAAAAAAFAIARgAAAAAAACgEAIwAAAAAAAAQCEEYAAAAAAAAIBCCMAAAAAAAAAAhWh/shcAAAAAAAAAwJHdeOONR3xvzpw5h7y2AxgAAAAAAADgFPbvkfdoxwVgAAAAAAAAgFPcv8feI0VhARgAAAAAAADgf8Db0fdI8TcRgAEAAAAAAAD+Zxwt/iYCMAAAAAAAAEAxBGAAAAAAAACAQgjAAAAAAAAAAIUQgAEAAAAAAAAKIQADAAAAAAAAFOL/AYsCLoWIs7gBAAAAAElFTkSuQmCC' height='250' width='300'/> ]]>
  </system-out>
  <testcase classname="com.tribu.qaselenium.tests.PositiveLoginTests" name="logInTest" time="11.292"/>
  <system-out>
    <![CDATA[ <img src='data:image/png;base64,iVBORw0KGgoAAAANSUhEUgAAB4AAAAO9CAYAAABjCXqmAAAAAXNSR0IArs4c6QAAIABJREFUeJzs3XdYU1fjB/BvWGGoIC1DUBG1DsS9cCB14atV3GIL2J/WWWerdbRiW61aV62j+lartaK2irXuqoADRQUVAREBB2pVRlHD3snvj7y5EggQIBDU7+d5eEjuOPfk3tybPPnec47ogw8+kIHeOpcuXdJ2FYiIiIiIiIiIiIiIiIhIhcePH1d4XR0N1oOIiIiIiIiIiIiIiIiIiLSIATARERERERERERERERER0RuCATARERERERERERERERER0RuCATARERERERERERERERER0RuCATARERERERERERERERER0RuCATARERERERERERERERER0Wvi6NGjpc5nAExERERERERERERERERE9BpQhL+lhcB6MpmsuupDREREREREREREREREREQVUDT0PXr0KNzc3IotxwCYiIiIiIiIiIiIiIiIiKgGK6nFr6oQWK0A2NPTEx4eHhqp3N69e7Fnzx6NlEXat2zZMshkMixZskTbVXnj2dvbY8yYMXBycgIAXL16FQcOHEBcXJyWa0ZERERERERERERERERVSVVL35KoFQBrKvxVlOXj46Ox8kh77O3t4ejoKDxmEFl1unbtioULFypNc3JygpOTE77//nsEBwdrqWZERERERERERERERERUk+jIZDKU9ZeRkaGxDWZkZJS5Pf5V/Z8mDB48WOVj0rzx48dXaB4RERERERERERERERG9XdRqAbxmzRqMGDFCIxs8dOiQxgJI0h4TExP06dNHeN6nTx/s3LlTozcLkJy9vT2srKxKnG9lZcUW2ERERERERERERERERARAzQA4KCgIQUFB1VAdel307t1b5bTjx49roTZvNhMTE40sQ0RERERERERERERERG8+tbqA1tbfL7/8Aj8/P6xcubLMZb28vODn54dOnTqVezsuLi7w8/PD8OHD1Vp+586dOHz4sFrLNmvWDIMGDdL6vtR0F9CqunzWVDfQwcHBkEgkOHToULF577zzDhYuXAh9ff0yyxk6dCgkEglmzpypkXppS6tWrcpcplGjRhUq28XFBeHh4ZBIJPjggw+U5o0dOxZhYWFITEzE2bNnhfGeAaB9+/Y4e/YsEhISEBYWptRDgLm5Ofbt24cnT57gwYMH+Oabb4R5IpEIS5cuxb179xAfHw8fHx+YmZlV6TbLep1ERERERERERERERPT2aNiwISQSicq/2NjYEteTSCTw9/cHAIwYMQISiQTTpk0DUL78qrzCwsLU/lPQ03gtNOS9996DnZ0dgoOD0blzZ5ibm+PFixdVsq1bt27h66+/xoMHD9RafuPGjTAwMFBrWQ8PD7z77rs4ceJEZaooEIlE1daFtqWlJWbMmKFynqouia2srLB06VKVy2/evBlJSUllbrNdu3Zo3rw5zpw5g759+8LKygqJiYnCfHd3dyxcuBCbNm1CXl5eqWUFBwfDw8MDUVFRZW63Jrt9+3aZyzx8+LDc5X766adYunSpyve9o6Mjtm7diuDgYGzbtg1z587Fnj170LFjR+jp6eH333+HVCrFt99+C3d3d2zfvh0RERG4d+8eNmzYAFdXV6xatQotWrTAnDlzcP/+ffj4+GDy5MmYNWsW9u7di6dPn+KLL75AZmYmpkyZUmXbLO11EhERERERERERERHR2ykuLg7btm1TmpaZmanWuleuXIGHh4eQ4ZQnv6oOanUBbWVlhQEDBmhkg6dPn1YK9ErSr18/ZGRkYMOGDdizZw969+6NgwcPCvMbNmyIL774Ak2aNEFUVBQeP34MAJDJZLCwsMDvv/+OkydPQkdHB71790Z8fDy+/fZbeHh4wNnZGXFxcfj666+RnJyM1q1bY/HixdiyZQv+/PNP7NmzB/n5+di3bx8mTpwIAwMDHDlyBL/++isAYNasWTA3N4ebmxt0dHQwefJk9O7dG6ampoiPj8e+ffvg5+eHXbt2oUGDBgAAf39/jBo1Cps2bUJ+fj7OnTuHsWPHwsvLCxkZGZg1axacnJygp6eHW7du4YcffkBycjL69++PhQsXYvv27fjPf/6DW7duYd26dRo5FmUxMTFB69aty7VOScur20Wxu7s7UlNTMW/ePISFhWHUqFH46aefAADr16/H+PHjAQBPnz7FhAkTcObMGaxZswYDBgyAvr4+rly5gtmzZyM+Ph5du3bFb7/9Bm9vb2zatAm1a9eGt7c3Bg4cCDMzM8TExGD58uU4d+4cAKBLly5YtmwZHB0dkZeXh/Pnz+Pzzz+vshsP1KXOuMoVGXs5JycHffr0QZ8+fYq1mB05ciREIhEWLVqEmzdvwtzcHPPmzUOXLl1gZGQEa2trLFmyBFu3bsWdO3dw+PBhDB8+HJs3b8bAgQNx9uxZrFmzBoaGhnBzc8OoUaPg4+ODUaNGITU1FTNnzoRUKkWvXr3g5uaGGTNmVNk2S3udRERERERERERERET0dnr69Cm2bt1a4vxFixZhwoQJAIDly5crNdDs1q0bdu7ciUWLFqFZs2bF8itVvdxWJ7UC4PXr16ts8VkRAwYMwEcffVTqMjo6OujTpw+CgoKQkJCAiIgI9O/fH76+vsIyixYtQtOmTbFx40YhQAXkAXBubi4Aebev27dvR0ZGBkaOHIn169dj9+7dSE5OxtixY+Hu7o7NmzcLB0zRPXJ+fj4sLS3RoUMHrF69GtOnT4enpycuXLiA+/fvC3WQyWRwdXXF6NGjsXXrVty6dQtjxozBtGnTcOPGDSxduhRbtmxBfHw8Vq1ahZSUFOTn5+Pdd9+Fg4MDNm/ejLS0NEydOhWurq7YsGED0tLSsHjxYkydOhXLli0T7hIYOXIk/vzzT0RFRVVbC+C4uDhs3LhR2LcVtXHjRsTFxZW5nK6uLkaNGoUTJ07g8ePHCAoKgru7uxAA//jjj3B0dETnzp0xZMgQREZGYunSpfjwww8xb948vHz5Ejt27MDy5cuFE7KwzZs3Y+jQoVi6dClu376Nr7/+Gr6+vnB2dsadO3fw66+/4sWLFxgxYgTeeecdbNmyBZ999hm8vb0r9forKy4uDomJiSWeg4mJiWrt36J27NgBAOjTp0+xeU2aNAEAPHr0SKgDADRr1gxisbjEefb29tDT0xPmZWdnIyEhAc2aNQMANG3aFE+fPoVUKhXWdXJyQoMGDapsm6W9TiIiIiIiIiIiIiIiejsZGhqiYcOGStNSUlKQkpKCgQMHYsGCBQgKCsK6devg6ekJkUikshxV+ZW2qTUGsKbCXwCwtrYuc3udOnVC3bp1cfPmTbz77ru4ceMGmjZtCjs7O8hkMpibm6NZs2aIjIzEkSNH4O/vjwsXLhTb1j///IMjR47g999/BwA8f/4cf/31F/bt2wcAaNCgQbEwVfHcwMAAGzduREhICE6ePAkAsLe3V1peJpMJwVTLli1hZmaGH374AcOGDUNycjLu3bsHQB5IRUVFIT8/HwBgZGSElStX4tixY8jKysKOHTswcuRIHD58GAEBAcjIyECTJk2UthUUFIR9+/YhLCysWscAPnfuHLy9vZGenq72Ogrp6enw9vYWWtiWpU+fPrCwsMClS5dgY2OD8+fPo02bNmjRogUAefiXmpoKAAgNDcXLly+xbNkyNGvWDL/88gv+/PNPpKamKo0bq2Bubo6hQ4ciODgYP/zwA06fPo2VK1dCT08P7u7uAABjY2PUq1cPbdu2xePHj2Fvb6/18FchJCSkQvMqqlatWgAg3EyRk5MDQL6PFK25FdNKm6cow9jYGIC8JXjheYrHJiYmVbZNIiIiIiIiIiIiIiKiojp16oSIiAilv5kzZwKA0DPyqlWrcPbsWXz55ZcllqMqv9I2tVoAh4WFoV27dhrZoCLALE3//v0BAAsWLCg2fdu2bTAzMwMgD3QVZSnGly0ccCYnJ0Mmkwnd4yqWVzzX19dXWr5wQJqRkYG0tDQAEP4XXl7xd+zYMdjZ2cHV1RXvv/8+CgoKEBAQgDVr1iAvL69Y6CqTyZCVlYXnz58Lr6tt27YYP348bGxsIBKJYGBgAIlEorTeP//8U20tf4uKjIzEkiVLsHTpUiGkK0t6ejqWLFlSrpapY8eOBQChxW/h6SV13evs7IyFCxfC3t4eOjo6EIvFSvtWQdEV9z///CNMe/r0KQDA1tYWgHy85nXr1mH16tUAgMePH2P27NlqB9hV6fjx4xgyZEiJ8zRNEfiLxWKkp6fD0NAQgLyr6YKCAgAQphWepzi3FNMUZSimZ2RkKM1TPE5PT6+ybRIRERERERERERERERV1584dfPfdd0rT7t69CwCwsLAAACQkJAj/Fb2bvg701Flozpw5Gg2AS2NkZISePXsiNDRUqcvniRMnol+/fti2bRtSUlIAAO+8844w39raWiP1K6+8vDz8+OOP2LhxI5o0aYJhw4Zh0KBBuHr1Ks6ePatyHUWYBchbGi9evBgvXrzAqFGjkJmZKbQ4Lkzbb6q4uDi1Q+CKhL+1atXCoEGDcOHCBWzZskWY7u3tjVGjRqkMgMViMbZv347ExES0bNkS6enpSgFvYYrpirAXgNCsXzHv8uXL6NatGywsLNCjRw+sXr0aq1evRufOndV+HVUlKSkJkZGRxVo3R0ZGCjc/aFJsbCwAoHHjxnj+/LnQPfOdO3eEFrf29vbCMop5cXFxyMvLE6aZmJjA2toagYGBAICYmBi0bt0aenp6yM/PR5MmTZCRkYHHjx9X2TaJiIiIiIiIiIiIiIiKev78OU6cOFHiPECeP8bGxsLW1hY6OjrVWb1KUasFMADcvHmziqsi5+LiArFYDD8/P1y+fFmYrhhAuV27drh58ybu378PR0dHuLm5ISsrCz179gSAYl0cl+e5qnlF/xedP3XqVAwZMgQrVqxAYmIikpOTAQCZmZnCeMS2trbo0aMHbty4UaxsHR0d6OvrQ19fH/Xr10ffvn2Rl5cHU1NTNGzYsMRta4O6gW6tWrXKPSbt0KFDYWRkBF9fX5w+fVqY3q5dOyxatAjOzs64ePEisrKyAMhb6164cAEGBgYwMDBA06ZNMXLkSOTk5AhdhBf24sULHDlyBG5ubpgxYwZiY2OxaNEiZGdnY8+ePbC2tsbly5dx9uxZbN68GUlJScjMzHyjW5F27twZNjY2cHBwEJ7r6ekhNDQUBw8exGeffYbly5fj+PHjGD9+PO7evYvr169DT08P//zzD6ZMmYK8vDy4u7sjNzcXhw4dQlZWFo4dO4ahQ4di4cKFcHBwgJ6entDt+v79++Hk5ITNmzcjISEBnTt3xq5du1BQUFBl2yztdZZ0wwAREREREREREREREb3Z6tevL3T5XJiPjw/8/Pwwbtw4LFy4ELq6uhg3blypOV3h/Orvv//Wev6g1hjA1fnn6uoKALh69arS9CtXrgCQdwMtk8nw3Xff4f79+5g+fTr69euHw4cPA3jVTbOCOgFwYaUtq2r+vn37EBwcjAULFuC///0v+vbti61bt+Ly5cuQyWQ4ePAg9PT0MGvWLJiamhYrOzMzE1u3boW+vj5WrVqFlJQUbNy4Efr6+pg1a1axbWvqryLs7e3V7gJa0VJTXYpxeP38/JSmnzlzBgAwZswYAMDu3bvx4sULLFiwAA4ODliyZAnEYjF8fX3x4sULLFq0CAYGBkI3zoXNmDEDO3bswKeffoodO3bgxYsXGDZsGB48eICEhAQsXLgQrVq1wqlTp7Bv3z7cu3cPEydOLNfrqComJiZo1KhRsemNGjUSWseW15w5c/Dbb78J+1bx3NnZGdHR0Zg8eTKsrKywePFiREdH46OPPoJMJkNeXh48PDwQHx+PJUuWwNjYGB9//DEePXoEAPj8889x8uRJzJ49G927d8fy5ctx8OBBAMCvv/6KH3/8EQMGDMCkSZPg6+uLr776CgCqbJulvU4iIiIiIiIiIiIiIno7NWrUCMuWLSv2Z2FhgePHj2Pjxo1o2bIltmzZgjNnziAtLQ0GBgYqyyqcX3Xq1KmaX0lxop49e2q3WSlpxa1bt8q9zuDBg/HJJ5+oteyOHTuqZGza8hg2bBh27doFb29vbNq0Sat1qYzevXvD3d0dVlZWKucnJiZi//79NWKsYiIiIiIiIiIiIiIiIqq8x48fAyh7eN3CFEP6qtUF9IQJEzBhwoSK1a6InTt3YufOnRopi6pX0fFnASA4OBgA0LVr12LLajMAtre3x6BBgwAAL1++1Fo9KsrS0hJjxoxB165dy2x1bWVlhVmzZmHChAkIDg7GgQMHqmRcYCIiIiIiIiIiIiIiIqr51A6ANWXChAnYsWOHxsqj6tOqVSvhcXp6Onbu3Cm0Ou3duzcmTJgghJWFl9UGV1dXDB8+HMHBwTh69KhW61JeRfelumrVqoW+ffuia9euSseGiIiIiIiIiIiIiIiI3h466iyUnp6usQ1qsiyqPpaWlkIgGRkZiblz5yoFjOfOncPcuXMRGRkJQB5GWlpaaqWuAPDzzz/DwsICAwYMQGpqqtbqUV6WlpaYNWtWucPfwmrVqoVZs2Zpdf8TERERERERERERERGRdqjVAvi7776Du7u7Rja4f/9+qLNNqlkyMjIQHByMyMjIErt2TkpKgre3NwYPHgxHR0dkZGRUcy3fDIoQnYiIiIiIiIiIiIiIiKi8RE5OTkxj30J37tzRdhWIiIiIiIiIiIiIiIiISIXHjx8DAMLCwtRep127dgDUbAFMREREREREREREREREREQ1HwNgIiIiIiIiIiIiIiIiIqI3BANgIiIiIiIiIiIiIiIiIqI3BANgIiIiIiIiIiIiIiIiIqI3BANgIiIiIiIiIiIiIiIiIqI3BANgIiIiIiIiIiIiIiIiIqI3hJ5UKhWeiEQiLVaFiIiIiIiIiIiIiIiIiOjtoukGu3pVWTjVXDzWRERERERERERERERERG8edgH9luJxJyIiIiIiIiIiIiIiIqp5Kttrs97lyxc1VJWaIyHhX1hbW2i7GlQJPIZvBh7HNwePZc3A40Al4Xuj5uMxqvkSEv5F48aNtV2NN96DBw+4n4mIiIiIiKhGCAkJgaOjo7arUaL8/PwKr6ujwXoQEREREREREREREREREZEWMQAmIiIiIiIiIiIiIiIiInpDMAAmIiIiIiIiIiIiIiIiInpDMAAmIiIiIiIiIiIiIiIiInpDVHkAHPEyHxEvKz5IMRERERERERERERERERERqafKA+DNMVnYHJNV1ZshIiIiIiIiIiIiIiIiInrrVWkAHJiYh71xOdgbl4PAxLyq3BQRERERERERERERERER0VuvygJgSa4UH15KE55/eCkNklxpVW2OiIiIiIiIiIiIiIiIiOitVyUBsCRXioEBqUqBr6ppRERERERERERERERERESkOXqaLlAR9EZI8ovNi5DkY2BAKv7uWwdmBlU+/DARvcZOnz6DiIhITJo0AWZmZtquDlWARCLBpk1bik03MzPDzJmfaqFGb6/9+30RG3sXhoaGaN68Gbp06QRra2ttV4u0LCsrC35+AXj06DHEYjFatGiGXr2ctV0tKkV4eASOHj2uNM3NbTDatm2jpRoREREREREREVFNpNEAuLTwV6GmhsASiQTHjp1QmtawYUO4uDjj4cNHaNTITks1o8pISEhASMh1AGDg8RoJD48QjtuBA39i8uRPtFwjqgiJJKWE6ZJqrgm5uQ3G7t17kZSUhPDwCISHRzA0Ipw544+IiFvC88TERMhkgIsLQ+CaStV1taRrLVWvrKws3LlzB8+ePUN8fDwAoF69erCxsUHLli1hZGSk5RoSERERERER0dtEYwFwSeHvz061AQBTrr4aD7gmhsASSQoePnykNE0mkwFwho/PXv5Q/hqSSCTw8dmH7OxsAEBMTCxbk74GirZuSkxMxNGjx+HmNliLtaKKaNTIDpaWlkhKSlKa3qVLJy3V6O1lZGSEceM8hBAYAI4ePQ5TU1Pe4PSWkkgkSuGvQkTELQbAROXk7++PoKAg4TunwoMHDwAAhoaG6NmzJ/r27auN6hERERERERGRBjx58gQikQgAYGxsjLp162q5RqXTSPpaWvjraS+Gp71YCIIVFCHw6zIm8NGjxxEeHqHtalA5hIffUvohLjs7G9HRsVqsEZVFVdeWgDyo4Pn3epoyZSLs7BoKz3v1csaAAa5arNHbISsrq9g0IyMjDBjQX2namTP+1VUlqmHYQp+o8rKysrB9+3YEBAQofec0MzNTuuEwOzsb/v7+2L59u8rrMxERERERERHVfE+fPsWTJ0/w5MkTJCQkaLs6ZdJIC+CxF9OKhb8e/wt+FRSPi7YEnhqcjj+c62iiGlVOEUyxJfDrwczMtNg0IyNDLdSE1FFS+OvmNhjNmr2H3bv3wsrKkt14v4bEYrHKx1R1du/ei6FDBxc7XxISEpWeJyYmQiKRsGcEErRp01rbVaBKuHo1BLm5OcJzsdgQXbt21mKN3mw+Pj6Ii4sTntvb22P06NHCHcAvX76Er6+vsMyDBw+wZ88eTJo0SSv1JSIiIiIiIqK3R6UD4MlX03AxKa/Y9CH1i//IryoEPvYkF/ND07G6Q63KVqVaVCYELigowN9/n8Lly1fw77/JMDIyRJMmTTBsmBvs7CrfBefZs+fQp0/vSpVx6VIQAgMv4ssvFxabl5eXh8mTp2HdutUwNzev1HaqQ9u2bfDw4SOhi8s2bVpXOrzfuHEzbt4ME5r5F7Zu3epSm/zfv/8Aenq6GjnWhQUHh6BVKwfUqvV6nEOqlBb+Ko7ZuHEe2L59J8aN89BIWJWRkYEvv/SGra0N5s+fV+nyVElOTsYXXyzEL7/8DF1dXY2XX9r5qi2rV69DTk5OifP9/Pzh56fc6rRZs/fg7j66Utv19f0T586dx+zZM9G8ebNKlaVK4X1dE/d7UUlJSfDx2Qcvr4+UQuBHjx4VW1YiSdHIOfX48WP89dcR3L17D7m5uXjnHXP06NEdAwf+p9Lv/2PHjuPkyVPo3ft92NjUqzH7v6Rz/OLFS7h6NRgTJvwf3nnnHS3WsGSGhsW/p9nZNcTQoUMAQPj8zM7ORosWzSsUDB8+fBT37z/A3LlzlKZfu3Yd+/b9gfXr11as8hUwb94CjB//MVq1cqi2bWpD0esrgFID4OzsbEybNgPLly+DjU29Mstfv34D7t27jwkT/g8dO3aoVF1fd/7+/krhr5mZGby8vJTG+q1bty68vLywceNGoXX9gwcP4O/vj379+pVrexkZGfjss89Qv359LFmyRDMvopC8vDx4enpiy5YtNfa6RURERERERPS6yM/PR1pamla7ia5UAHzsSS72xqn+oX/FrUw4W+oVG+NXVQj8U0w2nC0NMKS+QWWqU20qGgL/97/b8PjxY4wb54WmTZsgJycXZ8+ew4oVq7BkyWLY2tpUuE4SiQTHj5+sdADcpUtntGvXtlJl1CRt27YRAmBNtdweNGggRo8eWe71AgMvonFj+2IBsHysaagMldVx6NBfaNTIrlwBsFQqhY5OzRh/W53wF5B3XztmzEgcPXocvXo5V3rc0kuXLqNHj+4IDw9HQkIirK2tKlVeUVKpFObm5vjxx3VVEv4CNfN8LS381eQ6heXn5+Pq1WCMGTMK589fqJIAuLCK7PfqPufEYjGys7Ph47MPbm6DIZGkIDY2tthY94DqILC84uLi8P33a9Cnz/vw8PgQZmZmiIt7iN9+2434+ARMmvRJpcoPDg6Bl5cnund3Qm5urkbf95W5Bqs6xzMzM6Grq4t58z6v8HW9OlhbW8PU1BQpKa+6gnZ1lQdS0dEx8PX9U5geExOL+Pj417L7dsW5t2TJYhgbG5W9ApUoLS0dERG3yn0jYE36zqEpWVlZCAoKUprWo0cPIfz19fWFSCTCqFGjYGRkhI4dOyIgIEBYNigoSGl5dZw/fx4uLi64ceMG4uPjUa9e2YE9EREREREREVW//Px83LlzB3Xr1n09A2BJrhRTg9OVpg22NcDFpDyk5MlK7d7Z016MwETl8HhqcDqcLc2KBcY1Qf/+/YoFFFlZ2SUsrVpMTCxCQ29i2bJvhRYWYrEYw4a5wdLSAvr68kORnJyMPXv2ISEhASKRCC1btoS7+2iIxWLs3LkLJiYmeP78OV6+fIn09HR8/PE42Ns3wrJlK5CSkoJFi77C55/Pgb6+Pnx89uLZs2fQ0dFB+/btMXz4UOjq6pZYTosWzRESck1oWSWVSvHHH/tx/XooTExM0KfP+0qvKSDgLM6ePQepVAqx2BBjxoyCg0PLSuzp119KSip27NiJxMQkSKVS2NjUw4QJ4xEUFIQrV64iLCwc8fHx6Nu3DxYv/hrDhg3FiRMnsWzZN/jmm2WYOnUyWrZsAQDYt+93SKUyeHp+hLy8POzf74ubN8NQUFAAJ6cucHcfgy1b/oukpH+xbt2PGDlyODIzMxEcHIKFC+cDkLcWmTFjNjZu/BFhYWG4du069PX1kZz8HN9+uwRJSUnYtWs3kpL+hVQqRceO7fHRRx9Wa2hx+rRfsWlFw18FRWDh47MXXl4elQqBAwMDMW3aVNSuXQsXLgQqtUD9/PMv0K9fH0RG3kZ6egZMTU0xceIEmJrWQV5eHn77zQfR0TGQSqVo0KA+JkwYD1PTOrh48ZLSPp4581Ol1oEXL17C6dNnUFBQgNq1a8PD40PY2dnhxYsXWLjwK4wb54krV65CIpHAzq4hJk2aCJFIhBcvXuC333zw6NFjGBgYYOjQIejRo7vS+QoAf/99CufOXRDK9/LyQJMmjSu8j14XN26EokmTxujRozsOHz6K9PR04YaIoKAruHz5CmxsrBEX9xApKan4v/8bh+DgEDx79gxZWVmYNm0q6te3xfbtv8DY2BjJyc+RkpKC/PwCjB8/Dvb29krbK7zfy/N++PZbzbfYKknz5s2E1psHDhys8u2GdR7/AAAgAElEQVT5+v6Jjh3bw919jDDtvfeaYubM6bh//wEAIDc3FwcOHMTt27chk8lgYWGJceM8YGFhgaCgK7hy5SoaNLBFXNxDvHwpQb9+fdG/f19s2vQTEhIScfDgn3j69Cnq1bMW9r/imvv06TOYm9eFk1NXnDp1BmvWfI9z586XeD3Mzs4qdg3Oy8sr8XpY0jX4xYsXSud4dHQM9u/3RVZWJo4fP4H3339fCFXnz18EV9d+CAuLQHp6OvT19TB9+jStdr/dpUtnocWoWCwWWotfuHCx2LIhIdfRq5dzuQIrdZT0uWlqWgezZ39e6udiec69pUu/E1oAFz5OOjo6SscpMPAi/v77lBBa/uc/A+Di0kujr7kmK+k7op1dQ3z33XIAwJo16zBq1EjY2TUs8Tvr9u07UKdObURG3kbz5s1hb2+v9rUYQImflzKZDPv2/Y7w8FsQiQAjI2N4en6Epk2bVOt+ioqKUhrzFwASEhIQEBCAly9fIjQ0FADQoUMHNG7cGI0bN1YKgLOzsxEVFYWOHTuqvc2AgAB89tlnqF27NgICAuDp6QkA+Oqrr9C9e3d88MEHAOQ3tUybNg1Tp07F+fPnYWtri9Gj5d9xrl27hj/++APr1q2DVCrF7t27ERwcjFq1asHVVfkGj7CwMOzdu1e4qWX48OHo3btyN5oSERERERERvekU4W9mZiYA1Y1OateujTp1qn5o3AqnrSsiMyHJlQrPnS31sb9XHZzqawpTffkLOvYkFwPPpigtp7DNqTZam73KnyW5UqyIzKxodapESkoqHj16jHr1rNGokZ3SX7165RuHNCrqDuztG6nsXq97926wtLQEAGzb9gtsbW3x/fcrsHTpN4iPj8fx4ycBALq6uggJuQZPTw989dUiODv3xF9/HYZYLMaECf+HOnXqYOXK5bCwsMC2bb/gnXfMsWLFd1iyZDGio6Nx4UJgqeUUdf36DYSGhmHZsm+wbNk3SEr6V5h3+3YUjh49hrlzP8PKlcsxatRwbN68BWlp6cXKqS4SiQSPHj1W+ktMTBLmJyYmFZuv6YG6/fz8UatWLaxatQKrV6/Ee+81RWRkJAYNGohGjewwYsQwjB3rDn19feTm5iI3NwebNv1Y5l0gJ078jfj4BHz//XKsXPkdbt++g7Nnz2Hq1MkAgLlz56Br1y6llqGvr4/Y2Lvo1ctZCKJ2794LOzs7rF27Ct9++zVCQq4hNPSmZnaGmsaMGQVT01fjNZcU/gLy1sKKFt1Ff3gtj+joGBgbG6N+fVt0794dV68GIz//1TjmOjo6iImJxRdfzMXSpV/D0FCMI0eOAgBOnz6DxMREfP/9cqxZ8z0KCqQ4ceIEANX7WCEmJhb79/ti1qwZWLlyOVxd+2PDhs3Iz8+Hrq4u8vLykJqaii++mIvFi79EZORt3LkTDQDYvn0HGjVqhPXr12LOnFnYvXsPnjx5qlT+vXv3cezYCXz55QKsW7ca7du3xa5duyu8j7Tl9OkzWLZshcpW4SU5f/4CevVyhr6+Pjp37oigoCvCPF1dHcTGxqJXr15YvPhLdOrUAZs2/YRBgwZi8eIv0bJlS/j7y3+UF4l0cP16KD75ZDyWLFmMXr164pdfdpZZ34q8H6paecb89PHZV6lrYUFBAWJiYtG9e7di86ysrITpx4+fxLNnz7B06Tf4/vsVsLNriO3bdwCQH6fo6Gi0b98eCxfOx+TJE7F//wHk5eVh5szpsLB4F+PGeRbrfeHIkaPQ1dXF2rWrMGfOLFy8GKRWS0NV1+DSroclXYMLS09Px8aNmzFy5DB8//0KzJv3OY4fP47bt6OE13j7dhQ++2wWvvnGG4aGRjh37kL5d7gGtWjxqrV84V4QkpKSVC2u9JmqKSV9bpaloudeaccpJycHu3btxmefzcaqVSvxxRdzcfNmGPLyig918qYq6TuikZGRcLPR1197o2PHDqV+Z9XX10dIyHXMmTMLnp4fletaXNrn5e3btxERcQvLly/FqlUrMWLEMFy7dq3a99OzZ8+KTbtx4wb8/f1x48YNAK/C35KWVzWtJFFRUTAxMUGDBg3g4uKCS5cuCd9bevfujXPnziktK5PJ0KZN6T3fBAcH49q1a1i7di3WrFmDxMRXY8Tn5eXhxx9/xIcffoiffvoJ06ZNw7Zt25Camqp2nYmIiIiIiIjeNkXD38zMTDx58qTY39OnT8soSTMq1AJYkivF3rhcpWk/O8lbW7Wpq4dTfU3xn4AUpOTJEJiYV2JL4P29asPh6Evh+d64XHzpKK0xrYAlEgl2795T4vzytEDMzMwos5VPamoa7t69h08/nQpA/uNZz549cPq0H0aOHA4AaN3aEXXq1AYANGzYAAEB54qVk5aWjjt3ojFp0icQiUQQi8VwcemFoKDLQhfR6pQTFXUHbdq0homJCQCgd28XnDp1GgAQGnoT7du3F7oAdHR0hImJCe7evYsOHdqrtU80JSsrCwcPHlLZtWlhZ84Ub2kKyAMKL6+P1G7V9Pffp4qV5ejYCrNnz4S5eV3cuHED4eERaNGiOQYP/kBlGYq7Prp1c1Krte3169cxePAH0NfXh76+PhYtmg89vfKfvsbGxkrh6qxZ04Xt165dC3Z2dko/AFaHRo3sMGnSBJw544/U1FQ0a/aeyuUKdxVtamqKFi2aV3ibFy4Eolcv5/+VVQeNG9vjxo1QpRC9a9cuwr7p2LEDjh2Tb3vgwP+gX7++wv53cGiB6OgYYb2i+1jh2rXr6Nixg3CzR6dOHfH77/tx9+494cYQRVBmZGQES0tLPH/+HGlp6YiOjsHUqZMhEolgY1MPa9euhrGxER4+fCiU36RJY6xduwrGxsYA5Of4iRN/V3gfVafExCTExMQiPDwCMTGxAOTH29TUFC4uzqWum5CQiOTk58K4nr169cJ///szBgzoLyxjZWWJBg3qAwDq1asHa2trIeyqV89auKkAkI8Vrmg93LlzJ+zd+ztSUkr+wbui74eqZm1tDTe3wWoF6YquoouOF6yurKwsSKVSmJqW/hl348YN4ToGyD9TTpw4iYyMDADAu+++I5z/dnYNUVBQAIlEAgsLixLLjIqKwqhRIyESiWBiYoKuXbvg/PmyQ1VV1+DSroclXYMLhyFRUXdQp05tODo6ApB3D922bVuEh4cL788uXToL3UXb2TVEcnJymXWtShJJStkLVTF1PzeLqui5V9pxcnBoiTp16uD8+UA4O/dEvXrWmDNnlgZe5etFne+IZX1nFYlEaNGimdJYsupei0v7vDQzq4u0tHRcvnwF7dq1Q5s2rSs0PnVlxcfHlzq/Q4cOQqvbrKwsXL58udxlFObv748+ffoAkH8Hatq0KUJCQtC9e3d0794du3btwv3799GkSRNcvnwZPXv2LPNmmFu3bqF9+/bC9/z+/fvj2LFjAOTHc8uWLcJ345YtW0JXVxdJSUnVcocyERERERER0eumaPhbE1QoAN7zIEepVe/05oawM3k1/p0iBO52SgJA3hJ4ytU0/OxUW6kcOxNdeNiLha6gJblS7HmQgxkt3rwx2mrXro179x6Uuozih+TatV/tp9q1ayuNz2dkZCg8Fol0IJUWb12tWH758u+FaYou9MpTTnp6utL4YoXXT01NLRYUFK1rdQkJuV5m+FuaxMREBAZeVHtsw4ED/1PiGMB9+vSGSCTCqVOnsXXrz2jVygEeHh+WOFZe4X1ampSUFKUxfhUhX0FBgVrrKxT90S46OhqnT/shKysbIpE8iKvq8VNVMTIywtChQxAdHYPdu/diwID+SjdXFB0nuKxQsDRpaem4cSMU4eER+P33/QDk4xNmZWUpBcC1axfe30ZIT5eHVImJSTh8+AiSk59DJJL3FFD4PCnph9GUlBTcvh0ltAYEgNzcHKSkpAgBsKHhq/NSR0d+XirOqcLHv3DdFLKzs3Ho0GE8eBAHQIa8vDxhbNOarqRuih89egSg9GN9/vx5pKSkYPr0VyFNdnY2YmJihfeyWPxqjFsdHR2lMW/l+/nVfiq8nxU/fCsCSlUq+n6oDm3btoGpqSlOn/YrsUWnQmVCYBMTE+jq6uLFixdCuKNKamqq0jVPsa9TU9MAAIaGrz77FUGsqs+mwtLT04XwAgAsLN4tV90L16e062FJ1+DCir4+QP4aX758daNb4RuNRCIRZLLSX19Vio6OQWDgJeF54RsdxGKxyrG5yztetEgEla9R0fMBUP7PTYWKnnulHSeRSISFC+fj1KnTWLv2B+jo6GDw4EFvVRfQgHrfEdX5zlp0P6t7LS7t87JlyxaYPn0azp07jwMHDsLKyhIffjgW773XtKIvV+PEYjEGDx4MQB7+7tmzR+k6UF5paWkICQlBaGgofvvtNwDya2NmZia6d+8OY2NjdO3aFefPn0ejRo0QHBwMb29vtcq1tbUVnhc9Z86dO4crV64I3yXy8/Nfm+8VRERERERERNqg6vc0bapQAHwxSbkrPE97w2LLHHui3EJ4z/9C3qIh8FetjZXGAr6YlPdGBsCOjq3w119H8PDhQzRq1Ehp3okTJ2Fn1xB2dvLpKSkpwg+faWlp5R4fsG5d+fJff+2tMihSl7GxsVLwUbilkKmpabGwtyJ11QR5SARYWloqtfoD5K0DFeMb9u/fT6mLSwBCMKLJbi17934fvXu/j6ysLPj47MUffxwQWsgUVbj1b9GWGllZ2cKPpXXq1BFCEkD+Q7dUWlDsx7qiZZTWTXJaWjo2bvwJ06dPQ/v27QAAa9euV+MVVp0WLZrDzq4hfH3/RGxsLFxd+xcLf4Hyj8Fd2KVLl9C5cydMmvSJME0qleKzz+YiISFReI8U3t/p6ZnCubRt2y9o2bI5pk2bApFIhOPHTyAm5m6Z261b1wzdu3eDp+dHxeaVduOE4hgXvi4kJSUphV6AvCvcJ0+eYP78uTA0NMS9e/exatWaMutVHeTXNztkZ2fh4cPHZYaR6srLy0NQ0GV89923QksxADhzxh8XLlyo0M0MhVt0pqfLu7Qv7UaNir4fqkujRnaYMmUiJBIJJJIUIXDZvXtvsS8kFQ2BRSIRHBxa4vz5C8VaXL548QKHDx/Fxx97wdTUVOm8SkuTPzYzM8WjCt7DY2xsgqysLOF5cvJz4bE610PFNbis62FJ1+DCir4+eblpMDMzRU1y9WoIrl27DolEojRdIpEgKysLRkZGsLNriNhY5fdx4TGC1WVubo74+ATIZDKlz7snT54qhfUlfW6W9rlY0XOvrONkbW2F//u/cQCA2Ni7+OGHH9G0aVPY2tqU67VXxurV65TOT0NDQ3zxxefVtn11KIZuKO07qzo9nKhS2uclALRq5YBWrRxQUFCAc+fOY/Pmn7BhQ/V+f6lXrx7i4uJUzrOxsRFu9vD19cWDB6pvAC18w0Jpzp07h27dumH69OnCNKlUiilTpiA+Ph716tXD+++/jw0bNqBdu3YwNzeHnZ38JjodHR2l0LbwXcgmJibC5xwApZD6xo0bOHToEFauXAlLS0vIZDJ4eXmpVV8iIiIiIiKit5Genh4cHBwQFRVV7oZ7VaVCfS1HSF5VvqGJLtrUVc6R98TlKI3nqxgTeE9cDqZcVf7RrXDLYQB4nKG91jBVqXHjxujWzQkbNmxGaOhNZGRkQCKR4ODBQzh16jQsLS1Ru3YtNG/eTOhqLy8vD4GBF9GxY9ldKuvp6SE3Nxf5+fkwMTGBg0NLobtmmUyGEydOKo2LqY7mzZsjPDwCaWnpkMlkCAg4K8zr2LEDwsLC8OLFCwDyFppZWZkldt9bHYyMDIuN1Vw48LW2tio2v3ArF03YuXOXMNaykZERLCwshB/e9PT0Sm3+b25eV+j7PSUlFZGRt4V5HTp0wPnz55GTk4OcnBxs2LAR16+HQkdHByKRSCjX3LwuEhOThPEKL18u+ZhnZWWioKAA9vbyGw/CwsLxzz//IDtbu3epGBkZYdw4T9SpY4qff/5FZRe2fn7+5RojVkEmk+H8+QvFxkvW0dFB+/bthWMHAJcvX0VeXh6kUimuXr0KB4eWAOQ/cNvZ2UEkEiEhIREhIdeRk1N2IN2pUydcu3Zd6PL133//xU8/bS3zrqA6dWrjvfea4swZP8hkMiQlJeGbb5YJ555CamoarK2tYWhoiKysLPj7B6CgoEDrY1d6eXlg3DhPuLg4Y8AAV0yZMlHofruwwgGuQuHWYqqEhFyHhYVlsXW7dOmEGzduKv2wra7IyNvCvr18+Qrq169f6o00FX0/VDczM7P/XROtYW1tjXHjPFTuX0UIXN4xgUeNGomoqDvYuXMXEhISkZubizt3orF27Q8wNBRDV1cXHTt2RGBgoPCeDAg4BweHlmp3v69K06ZNEBJyDTKZDJmZmUpjgWryeljSNbgwB4eWSE9Px61b8m5sk5OTERERgfbtq3dYhNKcPn0Gfn7+xcJfBUXoq2pM+bLGmVelQ4f2yM/Px/79B5CWlo6cnBxcu3YdAQFn4eoqv2GrtM/N0j4XK3rulXac/vnnH6xatUa4dtSrVw96errV3upR1c0ZNU1lvrOWpbTPywsXAvHbbz4oKCiArq4ubGxstNIq1cam5BsCJBIJAgICEBAQUOq1tLQyFGQyGfz9/dG9e3el6To6OujcuTMCAuTjJjs6OkIsFmPXrl1wcXERlnv33Xfx5MkTAPJeYwp3Re3g4IDQ0FCkpaVBJpPh1KlTwrzU1FSYmpoK5+OhQ4cgEolq5HuRiIiIiIiIqKYwNjaGg4OD0POdgYEBbG1ti/1VZBi+iqhQC+DHGa8CYDsT5Qy5aMj7paMxhtQ3EMYEVtUS2NlSX2hVHCHJr0iVXguTJn2C06f9cOjQX0hK+heGhmK0atUK3t5fCQHGpEmfYPfuPVi48EuIRCK0bdsGAwf+p8yyGzZsgLp1zfD55/Mwc+YMTJr0CXx89mL+/EWQSqWwt28ET8+e5aqvk1MX3L17F4sXL4GRkSEGD/4AIpEIUqkULVu2wNChbli3bj2kUimMjY0xe/asYq0S30QnT/6Nv/8+VWz6pEmfwNW1P/bs2YujR49DR0cH1tbW+PhjTwDyMez27/fFw4eP8NFHY4utP2LEcOzduw/Xr9+AmZkZOnfuiPx8+bk2ePAgZGRkYNGixZBKpejUqSP69pV3m+nk1AVr1vyAoUPd0L9/XzRr9h6WLv0OpqZm6NatKwDV3ahaWlrC1bUfvv32O5iYGKNDhw4YM2Y09u7dB1tbGzg5ddXkbis3J6cuiI2VjwdramoKV9d+AABf3z8ByG86AAA3t8FqlxkVdQcZGZnCeJyFde7cCT//vE0Yb7tFi2ZYsWIVUlNTUb++LYYMGQIAGDlyOHx9/8SxY8dha2uLjz/2woYNG7F37z40adKkxG03a/YeRo0agfXrNyA/vwB6eroYNGggxGJxmT+oTp48Eb/9tgdz5syFgYEB3N1Ho0GDBnj06LGwzMCBA/Dzz9uxaNFXqF27Njw9P8LTp8+wdOlyLFv2jdr7SJPs7BqqHCfdxcUZgYEXheeWlpaYMmUiEhISlFqmltXV94ULF9C5c6di083MzGBn1xBBQVdgalq+Lpjbtm2DX3/djcTERBgaGmLixPGlLl/R94O2KUJgTbUEbtiwAby9v8KRI0exYsVKZGfnwMrKCv369RXGnv/gg4HIyMjAkiXfQCaTwcbGBp98Uvr+LcuIEcOwffsOzJu3ANbWVnBy6gp/f3kg0qpVK41dD0u6Bhe+EcPExASzZs3AH38cwL59f0BHRwcjR47QSrf6JQkPv1Xq/IiIW2jbtg0aNbIr1tNH8+blv8HLxMQEixYtwP79B7BgwSLk5+cLx13R0rq0z83SPhcreu6VdpxkMhlatGiOb7/9DgCgp6cLNzc31K9vW2J5b7OKfmctS2mfl126dEZ0dAzmz18EHR0dmJiYYMqUyRp4NeXj4OBQYlfpYrFYCKVLupFJLBbDwaH4d5GiIiMjkZ6ejjZtio9n3a1bN2zYsAFjx46Fnp4eXFxc8Ndff6Fnz1ff911dXbF+/XosXrwYJiYmaNOmDfz95T3j9OjRA9HR0Zg7dy6MjIwwfPhw4Xu+k5MTgoKCMHPmTBgbG2PkyJHo1asXfvrpJ3h7eyt1HU1EREREREREryhC4KioKFhYWKB+/ZKHzKtqooyM1HLfNm/ye7Lw2NlSH6f6yruBi3iZL4z7CwAe9mJs+1/QW3Sep71YCIH/E5Ci1K10xoflG8OvqISEf2FtbVGudR4+fAQfn73lWsfLy0NluEGVp+4xTEhIgI/PPmRnZ8PQ0LBYYHHkyDFERMh/8G7bto1SWFjWulR5FTkXC8vKykJiYlKp4wEXPa6aMG/eAowf/7HKoPhtpe6xXLZshfDYzMwMM2d+WmwZiUSCTZu2CM/t7Bpi3DhPYV54+C20bdu62ruU/+WXnTA3N8eIEcOqdbvlUdlzqnh5CSpDYEDe7eyMGdMq1UK3OkilUqGr4KtXg3HmjB+WLFms5VpVP3XeG/v3+5bY64CdnR26dOkkHO+NG39SCoBnzvxUK8M8vEkqch1V8Pb+EgBw4cJFpRtoAKBXL2fhhpnS1qWyJST8i8aNG6u1rL+/v9ACt7C+ffuiX79+ai+jKf7+/ggNDcX8+fM1Wm5VePDggdr7mYiIiIiIiKgqhYSEwNHRUa1lg4ODhcd16tRBy5YtS1w2MzMTGRkZsLCo3G+5+fnyRrNhYWFqr9OunbzhRYW6gFZ06QwAt/7XHfSjjAIMPPtq7MTC4S8AtKmrp9Tqd09cjtAa+FGhbp8Ll01UlgMH/hRaT2ZnZ8PX95AwLzw8Qgh/Fc8VrUbLWpdqBiMjo2I3WbRt2wb9+7/60TQ8PAI+PnuVxgGlmkEikeDo0eNKxyYhIQEHDvxZ4jpmZmZwcXHWWtCkja5Etams7qDPnPHXQq3Ud+LESaxevRZ5eXnIz8/HpUuX0bx5c21Xq8Zydx+NceM8Vf65uDgL4e/VqyHFxiYPDLzE6yxRIf369YO9vX2517O3t9d4+Pvy5UscPnxY6K2EiIiIiIiIiLTL2Ni40uFvZVWoC+g2dfWEFruSXCkWhKbjUYYUklx5kNvaTE8p/FXwtBcj4mUefoqRh24LQjMggnKX0kXHEyYqTdEfqAv/OC2RpBRdHFlZr7raLW1dqtmcnLogMTFRCPgfPnyEwMCLGDDAVcs1o6LCwyNgaWkJJyf5+KEXLlxEYmKilmtFhZXWHXTR62RN07dvHzx58lToDrZ582Ya7xHgbSGRSBAYeAkxMbEqu6UPD49ATEwsmjdvhl69erI1MBEALy8v+Pj4IC4uTpgWFRUFkUgkPC7M3t4eXl5eGq3DgQMHcPr0abi5uZV65zERERERERERvV0qGADrKnXZvDlG+YfCr1obl7jul47GQgAsyZVicqHxghVla4OVlSV69Sp9vElV65B2denSCSEh14Xnbdu2VnocHBwiBBpisRgtWjRTa12q+YYOlbdyUYTAqgL/ilq7dpXGynrb9O/fr1iIWPjccnFxLtbVek25lk6cOEHbVdCakkLgLl06a7FWZTM0NMSUKZO0XY3XXuEhEUqTnZ0t9KYxevRItGjB1tZVoeh1tHALfVVjMReeVtq6pHlGRkaYPHky/P39cenSJeTk5CA+Ph7x8fFKy4nFYvTs2VPjLX8BYMyYMRgzZozGyyUiIiIiIiIiZba2tsJjExMTLdZEPRUKgJ0tDYQQV5Uh9Q1KnGdmoANnS32lALmwwbba+aHKyMhIGD+NXh8DBrjC0NAIjx49gp2dndIxNDMzw7hxHggOvgYA6Nq1s1KLpaLrdunSqdrrT5Xj6toPhoZiSCQpbPVXQyha+pbE2tqaY23XUNbW1pg581MEBl6ERJKCtm3bMOB7SwQHXysz/C3Kzy+A748qUtp1tKxraFnXYKoa/fr1Q48ePRAVFYVnz54JAXC9evVgY2MDBweHGj+eOhERERERERGVrn79+tquQrlUKAAeUt8ADU10lbpuLkySK4WZQcnDCxce87ew1mZ66GWlX5Eq0VtMHvqqDu+tra2FlqLlXZdqPiMjI3b7TKRBPKfeTuUNfwHAwKDkm/2I3kZGRkbo2LEjOnbsqO2qEBERERERERFVLAAGgJ+71sLAs6q7XN3zIAczWqi+y/1RRkGJwfHqDjW/yTQRERHRm8TdfbS2q0BEREREREREREQaVHIz3TL0stKHh73q7ppX3s5CxMt8lfOmXE1XOX16c0O2/iUiIiIiIiIiIiIiIiIiqoQKB8AAsM2pNgbbFu8CUJIrxdiLafgpJhsRL/MhyZXi+JNcdPtbonLs38G2BljdoVZlqkJERERERERERERERERE9NarcBfQCvt71cHyW5lYEZmpNP1RRgHmh6pu7VvYl47G+Kq1cWWrQURERERERERERERERET01qt0AAwAX7U2Rpu6ephyNQ0peTK11jHVF+EP5zrs9pmIiIiIiIiIiIiIiIiISEM0EgADwJD6Bhgy6h0ce5KLPQ+ycfxprsrlPOzFGFJfjCH1i3cdTUREREREREREREREREREFaexAFhhSH0DhrtERERERERERERERERERFqgo+0KEBERERERERERERERERGRZjAAJiIiIiIiIiIiIiIiIiJ6Q4gOHDgg03YliIiIiIiIiIiIiIiIiIhIbsCAAQCAsLAwtddp164dAEDvo63+VVIpIiIiIiIiIiIiIiIiIiJSg0gX0NUD9A0BA2M8/18AXBF6MDDWYM2IiIiIiIiIiIiIiIiIiKhcRDqAji6gJ4ZIV69SRenBsJaGakVEREREREREREREREREROUnAkQ68vC3sgGwyMBEQ5UiIiIiIiIiIiIiIiIiIqLyEwEiyFsCi3QqVZIe9A00UyciIiIiIiIiIiIiIiIiIqqE/wXBlaBX2fXCH/oAACAASURBVASZiIiIiIiIiIiIiIiIiIhqBr1KR8hERERERERERERERERERFQj6DH+JSIiIiIiIiIiIiIiIiJ6M+ixATARERERERERERERERER0ZuBXUATEREREREREREREREREb0hdLRdASIiIiIiIiIiIiIiIiIi0gwGwEREREREREREREREREREbwiOAUxERERERERERERERERE9IbgGMBERERERERERERERERERG8IPca/RERERERERERERERERERvBo4BTERERERERERERETwnf0BMn6dAZu6JsXmnZw/DNm/zYSujrxJUcy6/0OfVg2qu4oqTe7TWttVUDKsUxNc8B6NF9um4d+fp+CC92iM6NJU29WqEl7OLXH2q1HFpm+d0Bc/er0Psb6uFmpFRER6ELENMBEREREREREREREBzyQZ8HJ2wKpj14Vp9c1roam1mfyJSASIgB7f7kdKZi60/ftyPTMTzB/SCdvORWq1HgpT+7bGstHd8cW+izgW+gCZuflw69AYW8f3RS1DA+y+eEftsnREIkhlMuG5SAQUelru9auCb/BdHL8Zp/Q+cGzwDvYE3UFQbLx8AjMIIqJqp6ftChARERERERERERFRzXDiZhzGObdUCoA9erRAQOQ/GO/iIEwL+tod034NwNnbT4qVMbmPI2YPaI9ahvq4EZeEyTv8kZyWjUcbJsBr62kERj8FAKz9yBm6Ojr4bM8F1DMzwY9eLnCwNUeBVIajNx7g27+uokAqw38n9MHL9Bw0fLc2bOqa4J1ahpi+6xyuxyUhcMloWJsaI2KlB9zWHUN8SgY2f9wbvVrYQldHhMh/nmPSL/74Ny2ryvedsYEelo7qhvm/X8SuwChh+v6rsUhMyURufsH/s3ff8VXV9x/H3+fem3uz92aFhLBH2FtBVEQrDtx1YK3W/rTaqq12Wq22tW5trdrWveuqiFu2gCBbEsIIKySQndyMe3PX748bQkJuSIBAILyej8d5kJzz/Z7v55wbvvrgk+/nK0myWkz60yUTdG5Wmnw+nzbsLtVtryxQabVD104eoFmj+8jh8qhXfISuePpTrf7zVbrv/eW65/zRGvm7NxQcZNYz15+h3glRMpsMfbQqT3e8vkiS9O8fn6kSe53OGtJTizYV6BevLWwW49g+yXrsh6cpKsQqs9mkuWu26+63lsjj9WlMRpIevnKyYsOD5XC59fDcVXpn+RZJ0uzTBuqOGcNlNpnk8Xr1+Gdr9OLCbF06NlPXnz5IZzz4niR/AvzmaUNlNhmyO+r1m7eXakFOvq6a0E9XTuinjbtLNTI9SakxYfrHl+v0zJfrj/nnAgCnIkpAAwAAAAAAAAAkSet2Fcvl9mpyv9TGc1dP7K93vt3crv6T+6Xq1zNH6+y/vq+0n7+gfZW1evKaKW32e+Gms5RfateQe17ThD++rdMHdNMNUwZJklwer2aN7aPbX12gqQ++p5eX5Ojei8eprt6tn/znK+2rqtPQX7+uHSVVum16lvokRWnw3a+q310vy2w2dM/5o47sZRym0RlJigi26s2luS2uLcjJ19It/hWxd503UmP7JGvcvW9r6K9fb3hHp0uSHC63JvZN1YuLNmrcvW/L4XIr1GpReLBVKbf8SwXlNXry2ilas71Y/e56WWP/8JYuGZupmSPTG/p7dPGYPrrwsTktkr+S9NAVk/T8/A0afM9ryvrN64oKtWlQ9zhFhVr14S/O12OfrtaQe17TZU99oqeunaIB3WIVYrXoH7On6oLH5mjQ3a/q3If/p/OHp7co7zx1YHf95oIx+sEj/9OQe17TH95dpnduO1ex4cFyebyaMqC7Plqdp7P+8r5mP/uF/nr5JEpEA8AxYpEovwAAAAAAAAAAMCQZenlJjq6bPFCLcws1rk+yapwurd9V2qRN8/ZNXTw6Ux+v2aE95bWSDP3itUUKMpuatGvZJzY8RFMHdtcN//pKkqHaeo9eWJStH07or+fnbZRk6MsNu1Rid0oytG5niX5yxpCD7uX/8/FP1+qZLzfI5fGXPp6fna/T+3drMeaxEB0arPIahxwu7yHHmzU6Uw/PXaUap1uSoae/WKfvH7pa5ue+lM9nqKLWqc/W7ZJkyNdwH39S2f/1pU9+0lDa2VBptVNrdhSpT1J0Q3tpSW6BdpfVBIwhv7RaF47IUM6ecn2XV6Qb//21JP++xeU1Tv1v1XZJhrYX2zV3zQ7NGp2pB/+3QkVVdfrxlMF6aXGOtuyt0MVPzG2444H3f8HIDM1Znaf8hrG/+j5fpdUOTeybKsnQzuIqLd2yV5KhtTtLZLWYlBIVph0l9qN67wCAlizkfwEAAAAAAAAA+73+zSZt+MvVighZpGsm9dcrS3Jaz98e9O/LydGh2lxY0Xje4fbI4fYcsn9SdKgkaf5vZzWetphNKrXXNba1O1yNX3t9PplNpoBxpCdF6t4Lx6pXQqS8Xp+SokKVW1h+XNZBFdvrFBserLDgINU4Xa22S4oK1UNXTNR9s8Y1nqt2uJQcHSoZUnFV3cF5bRU1eRenD+im288ZrsgQq7xenzKTo7V4c0Hj9Wb9D3LzS/N017kj9I/ZU9U9NlyvLM7R795dpuToUHWPDVfuI9c2tg0OMuv977bJJ+nMv76vO84Zrk9+dYE8Xp/+9vF3emFhdrM4k6Kaf/aSVFrtUFJUqCrr6lXV9DOUP0FvNpuOy2cDAKcaC3MrAAAAAAAAAGC/4qo6Lc7do8vG9dXMken6w7vLZTT8Q7Kh5jncg/99uaiyVklRIY3nw2xBSokO09Z9FfL4fM36RoZYVVvv1t7yGknShD++o7IaR7P7HWqsQHnol286Wws37dHV//xckvTLH4zU5L6pxyXHuGr7PlXUOnXDlIF6+vN1za6dM6yX+qXE6MnP1qqwokZ//milPvxuW4t7GJJ8CvDMPv/XsWHBevf283TlPz7V3DU7JElz7pzZ7HNp2v9gNQ6X7nv/W933/rfqGRehd28/Tz8qrlRheY227qvUqN+/GTCmvH2VuvXlBZKkCZkp+ujO87VsS2GzOPcd9NlLUkJEiPZW1ijUGtTseQ7xOwQAgA5gav6fbA4ODg4ODg4ODg4ODg4ODg4ODg4OjlPz2M/Qy4s36dfnj9KS3AKV1TibXDcCfH3g+N/q7Tp/RLp6J0bJMAz96ZLxeuDS8ZIM5ZdWa2C3OEmGEiJCdeaQnpKkitp6zc/O1y9mDJdkyDAM3XXeSF01oV+LuA4e3+X2KsxmUZDZLMlQfGSI1uwolmQoIylas0b3UVhw0HF5f/Vun+55e6nunzVeP5uepZToMEUEW/XDif314k1naWeJXZKhD77bpp9MHdyQFDU0fWgvPXTFpDafVTIUGWpTkNmkVXn+Z5wxLE1DesQpzGY9RH//EWQ265t7L9Pg7vGSDO0pr1GpvU6GYWhBzh4lR4dq+tBekgyFWoP0zOypGtYzQUN6xOvzuy9UTFiwJEO5hRVyur0yjObxffBdns4b3lvdYyMkGTpnWJoiQqxaklvY5nNxcHBwcAQ6jpzlqHoDAAAAAAAAALqcT9ft0N+vO12vLtl0WP3mZ+frzx+t1Nw7ZyrUZtHanSW6+YV5kqQ/vv+tHr96si4elaHCyhp9sHKbrGazJOmGf32lx68+TdkPXS2zydCqHUV6eVFOm+Ot3VWigvIabXv8Ol321Kf6w7vL9adLx+vXM0dpY36Zbntlod67/Tw9etVk3fnG4sN/EYfp5UU5Kq6q0y9mDNfvLxwjn8+nNTuKdeU/PteC7HxJ0qOfrFZkiFXf3n+5zIahInud7ny9fbHtKK7S05+v05J7L1VlrVP/W5Wn37yzVI9ffZpy9pQdsq/L49XfPl6ll28+S2G2IPl8Pn29cbdeXJiterdXFz8xV3+7cpIe++FkmQxD763cpg27S+X1+bRoU4GW3nupDMNQvdujP/9vpXL2lGtU76TG+y/atEcPfLhSc+48X2aTofIapy55cq4qa+uP/IUCAI6IETz7H77ODgIAAAAAAAAAAAAA4LfvyaslSWvXrm13n6ysLEmS5WiXEAMAAAAAAAAAAAAATgymzg4AAAAAAAAAAAAAANAxSAADAAAAAAAAAAAAQBdhMQxKQAMAAAAAAAAAAABAV8AKYAAAAAAAAAAAAADoIkgAAwAAAAAAAAAAAEAXQQIYAAAAAAAAAAAAALoIi9gDGAAAAAAAAAAAAAC6BFYAAwAAAAAAAAAAAEAXQQIYAAAAAAAAAAAAALoIiyFKQAMAAAAAAAAAAABAV2Ah/wsAAAAAAAAAAAAAXQMloAEAAAAAAAAAAACgi7CIJcAAAAAAAAAAAAAA0CWwAhgAAAAAAAAAAAAAugj2AAYAAAAAAAAAAACALoIS0AAAAAAAAAAAAADQRVhI/wIAAAAAAAAAAABA18AewAAAAAAAAAAAAADQRVhksAYYAAAAAAAAAAAAALoCVgADAAAAAAAAAAAAQBdBAhgAAAAAAAAAAAAAugiLRAloAAAAAAAAAAAAAOgKLOR/AQAAAAAAAAAAAKBrsJD/BQAAAAAAAAAAAICugRLQAHAcBfucchi2zg4DAAAAAAAAAAB0UabODgAATiXJlbkKdtd0dhgAAAAAAAAAAKCLYg9gADhOgt01uvqyi/XSJ4tVKJs8hqWzQwIAAAAAAAAAAF0MK4AB4DgJ9dXpgvGDZIlKVqojX2afu7NDAgAAAAAAAAAAXQx7AAPAcTK8R6z6p8YqLjpcpeqlhPK92mtL7eywAAAAAAAAAABAF8IKYAA4DoLdNbr+nPGSJJvFLJktCo6IUYpjdydHBgAAAAAAAAAAuhKLwQJgADimzD63JvcI1gXjBqrEXienx+MvvhAcJpshpVTuVnFwCnsCAwAAAAAAAACAo0YJaAA4hsw+t6YmuPTK3T+WJC3atEeldqca515buGxxwUopy1eJJU4OS1jnBQsAAAAAAAAAAE56lIAGgGMkxFOra4ZE67Xf/VhWi0nzNu7WSws2tmxotsickKZki0NJdbtl9rmPf7AAAAAAAAAAAKBLoN4oAHQws8+ttKBqPf2zCzRpYJo2FZRp5bZ9mrdxt7YXV7XazxeRoOBQt7pXl8jhdKvcGqd6k+04Rg4AAAAAAAAAAE52FrEJMAB0mGhnsa6e2E+/++G1CrUFNZ63O1zqlxqr77YXHfoGliApOkXBHrdSq4tV5/SQCAYAAAAAAAAAAO3GCmAA6ABh7ipNz4zVb6++Xpkpsc2udYsNlySV2uvaf0OzRb6oFAVLSrUXyVFXpDJbIolgAAAAAAAAAABwSCSAAeAohLmrdFZmrH524UUandktYJt5G/MlSet3lxzRGL6IRNkipNTyfNXW+1RqS5LHYPoGAAAAAAAAAAAtWQxRAhoADpd/n1+7HvnJeTpjWEar7eZtzNeesmqt3LZPheW1Oqo5N6aHQj1uhZTnq8QcrVpL5JHfCwAAAAAAAAAAdEkW8r8AcHiC3TW6Ymi8HvjRDxURYm213byN+dpUUKbcwnKt2lGkDplvLRYZCWlKtBep2rlXJbbkDrgpAAAAAAAAAADoKqghCgCHIcpRrKdvnK4Lxg06ZLv9yd/txVWan53f4XH4IhIVZq2RuWqPSqwJ8phaT0QDAAAAAAAAAIBTh6VjlqQBQNfXR0V6/f7r1L9bXKtt6t0efbpul/aUVSu3sKIh+XuM5llbuIJjg5VSvF2Fob3YFxgAAAAAAAAAAMjU2QEAwMlgZGil3vrd7EMmf0vsDr29fGtD8rf8mKz8bcFskTmht1Jqd8rscx/78QAAAAAAAAAAwAmNPYABoA19VaSX7v6xesZHttpmZd4+rcwrkiTNz8lXbmH58SuwYLHInNhbicU7VRjW+zgNCgAAAAAAAAAATkSUgAaAQ0j1FGvOX36i5OiwgNdL7A7Ny85Xib1OJfY6zc/OV2m14zhHKf9K4LgeCt+do+qEgcd/fAAAAAAAAAAAcEKwkP4FgMDCnKV66a5ZAZO/9W6PVuYVaf2uEknShl0l+m77PtW7vZ32azWWIKvMwRGyVRWoPjK1k6LA8fDHmVn6+VmD9Pn3e3T5cws6O5wTns1i0r7Hr5QkTXn4U63dVdbJEQEAAAAAAADAsWPp7AAA4ERk8rl11chuGtuvR4trK/P2acOuUjndHpXY67R0S6EKyms6IcoAwmJkLd4uT3C0PNbQYzbM9ZMy9fjlYwJec7q9Kq9xalNhpT75Pl+vLN0qh8tzzGIBTnZzbjtTkzOTJEk3vLRE763aecj2L8yepItH9mr1ut3h0q6yGi3K3avnFuVqR0l1izbXTsjQU1eOk8frU9ztbxzdAwAAAAAAAAA4oVhksAYYAA7WRyUaNmiM6t0eWS1mFZTXaHtxlXILyuV0e+R0e7R+V6lWbS9q6HFizKVBQRbZQ+IUWpEne9KQYzdQk8etrHM1uxRmsyg5KkTJUSGa0j9ZN53WTzP//pUKKuqOXTynHOPAH/x3vG1N35FhnFDvLD0hojH5K0nXTcjUe6t3HbpTQ/hur081TnezSybDULgtSINSozUoNVqzJ2Xq/15fpg9a3POgdwIAAAAAAACgy2AFMAAcJNRVqcGD+sjudOs/C7KbXduf+N2wu0T1bm8nRdg6w2yRTGa5LSEKqi2RKzT+mI7ndHvV6+7/No/BkHrEhOna8Rm68+zB6pMYob9dMlpX/3vRMY0FOBnNntBHkvR1TqGm9k/W5MwkpcWHB1y1e7CFuXs165/zW5y3WUwan5Go+y8YrqHdY/T8NROUU1CpTXsrOzx+AAAAAAAAACceU2cHAAAnmtj6EtnCIpudczbs+fvut1u1anvRCZn8lSSP278a0GMNV3B5G6sIjxGfT9pVVqMH5q7XvxdvliSdM7ibgoPMnRIPcKIKMpt01dh0SdK/l2zW0m3FMgzp2nEZR3Vfp9urBbl7df7TX6nY7lCQ2aSfTunfESEDAAAAAAAAOAmwAhgAmohyFMkcmaDvthfJ7nDJajGrsKLmxNnjtw2Gz9f4tTs4UtbqItWHJ3ZaPAs379WNp/WVxWQoNswasAz05Mwk3XhaX41Ji1dcuE01TrdyCiv13uqdennpVrk8gZPth9vvTxcM18+mDdDzCzfrL5+u12OXjdEZA1K0q6xakx/6tF3PkxQZrFumDtC0ASlKiw+XzWJWWY1Tq3aU6rlFuVqQu7dFny/vOFuj0+J13QuLNX/TXt17fpZmDOmu2DCrCivr9OaKPD38+ffy+aRh3WN0z4yhGpserzBbkLbsq9JT87L1zsodAePx+fwrrm+Z2l9XjklX7/gIub1efb+nXM/M36SP1+cH7Dese4x+OqW/xqUnKDkqRIZhqLCyVos379MTX2VrW7G9RZ/oEKtumdpf0wd3U+/4CNksJhVXO7RlX5XeXLFd73y3XU1+/CRJmUmR+tkZAzSpT6JSo0Pl9Un7quq0emep/rNki5ZuK2oxjs1i0o8mZerCrF7qlxypiOAgVTvdyims0FsrtuvlZVtbjCNJFpOhW88YoCvG9FZaXLhq691au6tMT3ydrW/zigO+h/0SI4J16xkDdNbAVPWIDZPFZGhflUPL84r0zwW5Wru7rFn76YO66e2fnK7sgkpN+Otc/e68obpmfB8lRQar193/bVEWvTXnDe2u+HCbKmrr9VV2oZIiQjSpT6KuGpuuBz9ZL483wIMehso6lz5el6/rJ/XR6LRjWw0AAAAAAAAAwImDPYABoIkI1Umhyar3+LQhv0nS5ySZK11uV2OsHluEbPYC1UcktdHrSLRv/9Cw4CBJ/r1Ki+zOFm3/cN4w3XH2QEnSjpJqLdlSpKSoEI3pHa/xGQm6bFSaZj07X3aH+6j7ORpWbQdbzXrs8jG6aHjPA8/Sjs+3b1KkPr3tTMWF2+TyeLWlyK66erfSEyI0Y0g3zRjSTb96b5WeX7S5WT+Hyz9udKhNH/3sTGUkRGhbcZWsFpN6x4frN+cOVUiQRR9vyNecW6fJ7nBpd3mtMhIiNLhbtJ6/ZoIcLq8+Wre7yTtX43t9/pqJunRUL+0oqVbu3kr1SYzUhIxETchI1N3vr9JzC5vHc/GInnr+mgmymAxVOVzatLdKZpOhPokRumZ8hmaNTNP5f/9aq3aWNvaJC7fp6zumKy0uTPVur7ILK1TlcCk1KlRT+iVrSr9kTRuQopteXdbYZ1x6gj74v6kKCTKrorZeG/aUq97tVUZihGaN7KWLR/TSL95ZoZeWbmvsExJk1tyfnakRvWIlSXnFdm0pqlJKVKjGpSdoXHqCpvZP0XUvLmnx+bxyw2k6d0g3SdL3BRUqrKhVekKEPrzlDN3yxrdNWjb/vIf3jNX7P52qmFCraus9Wr2rVE6XR4O7xejy0b116ag03fHOymZxOtwef7xWs340OVN3TR/c5Pbt32N49oRMSdL7q3fJ5fXpg7W79NdZI5UcFaLpg7vpkw17WunZ/v17S2uckqTIkKCWeyG38x4AAAAAAAAATi4W/skPAPxs7mpZQiLbbngCc9XXN00NyWexyVJfK481tEPHMVr5+mAXZvmTrF9lF8jj9TVre+Hwnrrj7IGqdrp186vLNHfDgdWqg1Kj9eL1EzWmd7z+NHO4fvHOyqPu5/H6E7EZCREa2j1Wt775rRbm7pXRxjPs97dZIxUXbtP3BRWa9cx8FdkdkvxlfB+8cIRuPC1T98/M0vurd6q02tnYz9uwivP2aQO0aW+lfvDUV6qpd8tkGHr00lGaPbGPbpicqRlDuumxLzfq0S82SpIig4P0zs1TNLZ3vH5yWl/NaZoAbjAuPUGSNP2JL7Vie4kkfxL1n1eP1wVZPfTH87P04epdjbGGWs16/LIxspgMvfntdt3x35VyuPzJzLhwm17/8Wka2ztej146SlMf+bxxnFun9FdaXJi+31OhC5+Z1+z5xvSO15s3nqbLRqXp1eXbtGSLf1Xvny7IUkiQWa8vz9Md/13ZWDbdMKRrxmXoicvH6MGLRui9VTtV7fQn6m+Z2l8jesXK7nDromfmNUtCXzqql56/ZoIuyOqhcwal6vONBY3XLh7RU+cO6Savz6fZL37T7F1dMrKXHr5kVOP3TT/vUKtZr/xosmJCrfo6p1A3vPxN4+pdk2HoN+cO0Z1nD9LDl4zSt3kljXvo7l+Za7OYdcuU/nrq6xy9vGybvD6fqh3udv08pcWH6/S+/l/OeO3bbTIkVdW5NHd9vmaN7KVrx2Xo01YTwAe0NVbv+HBJUmm1s9W2/L8gAAAAAAAA0LWwBzAANIisr5DC4zo7jCNWV18vn7d52WNXSKxsVYHLAB8rkcFBGt4zVv+6doJmDO6mvVV1+v3/1rRod/c5/lWTD85d3yyJK0kbCyp0y+v+VZtXjU1XbJjtqPt5GuoGT+yTqPvmrNXry/OUX16r3eW1bT6TYUiFlXVakLtXD85d35hQlSSXx6s/fLRG9W6vgoPMmtQncMntlOhQ3fbWCtXU+5OdXp9PjzRJ9jpcnsbkryRVOVx6flGuJCmrZ2zAe8aH2/Srd79rTP5KUp3Lo9vf+la19R6FBJl10YiejdeSo0I1f1OhvtlapD/NXdeY/JX8CcI/f7LeP16PWMWFH3h3Q7vHSJLeOyi5LUkrtpfotjdX6I9z1qqytr5JH3/MLy3b2mzPbJ9PemXZNv32w9V64OP1CrEe2I3C4/Xpy+wC/X1+TrPkryT997udWrbNX8r5zAGpza5dPda/Z+7c9fktEuXvrtrZfPV0E7NGpqlHTKhq6t266dVlzUo3e30+PTB3vb7fU6Egs0k3nda3WZySlBodog355br3o7XKK7ZrR0m1vIHqUwdw3fgMGYaUU1ipNbsOVBt4fUWeJOmsgalKjgxp171akxwZorMG+t/V4i37jupeAAAAAAAAAE4eFtZ9AICfzfDoZJ4THbV1ChS/yeMIeP7o+O9ns5hU/uSVAVt4vD79Z8lWPfblxoa9fw/EkJ4Qrv7JUZKkD9fsDhjfyh2lKrI7lBgRrPEZiZq7Pv+I+zWN2eXx6q0VOwL2bY3PJ/3f6weVEW7C4fJqT0WteseHKykyJOC95+UUqrS6vtm1PRV1crq9sllM+u+qnS36bS/x7z0dZrXIajE3SaT629XWezR3w54W/Srr3FqeV6wz+idrdK8EPactkqS84mpd/9LSVp9ja9GBvX+TIkIa4pXKGxK7U/om6+/zNsl90N60czfskTY0v2d5rVPJkSE6c0CqvtvRfA9dSfrngqalqf19nvgqR098lRMwtv3xjc9IaPGOxzashP4iuzBgvw/W7NK14zOa3Nff5qyGRPLC3H0qq6kP2Pfj9fka3C1ap/dNDnj9leV5Ac8fisVk6Kqx6ZL2J3wP9F+Qu0/55bXqHhOqH45L16NfZLdxt5Zjh1ktGp+RoPsvyFJkiH8P5WcXbj5EnCfvvAcAAAAAAACgJQv/5gcAktXjlMVqk+8knRO9Pq+c9Y6AeRzDJxneevnM1o4bsMk4BZV1zS6ZDCkqxKqQILOuGJOmlKgQ/f6jNcorrm5sM6hbtCR/YvXf141vdZjQhtWhmUkRknHk/ZraVlytGpf7iHJehiFNSE/Q0B6xSgizKTjILKNh/9SoEP/7NZuMgDWyd5XVBBzT6fLIZjEFvL5/r1nJX2q63tN8hfeWfVX+cwHuu63YrjP6J6tXfFiL66FWs6b0S1a/5ChFBwfJajFL8if09zObDzzHC99s1YXDe+r0fkla8dvz9O6qnZqXW6jvdpS2SAbv99yizbr3B8N09zmDdXrfZH20bpfm5+7Vpr1VAds3NTAlSmN6xys1KlRhVotMJn8gwxtWQjd9xylRIQq1+uPfXmIP+C4272syZpMa0P2S/SXfNxZUtPrzkFvkL/vcOz5cFrPhf94mbdfnlx/2z9KMod2UGBEst9ent1fuaNbfTUuEMAAAIABJREFUJ+nNFdv1y+mDdPW4dD36ZesJ4NP6Jmnbny9uds5sMhQVEtT4fZXDpetf+kZ7Kmtbr91+ks57AAAAAAAAAAKztN0EALq+EFelfFEnb/lne3WtfK0k4tzWMFlqSuSKTA14/Wg43V4Nuvd/Aa/1SYzQTZP76sbJmZraP1mXPrtA3zSU8I0J9ZcXNgx/Sea2RNqCjqpfU+W1zgAt2zamd7yeu3qc0uLCj6h/lcN1yOv2Nq4HUnaIZ6lqKGccEdz8HVw7PkMPXDhcEbb2/y/AsrxiXfbcQj122Sj1jg/XL6cP0i+nD1K1062FuXv12rd5+qzJnrySfzVvvceru6cP1rj0eI1Lj5ck7a2q02ffF+iFb7Zow56KZn2SIoP1r2smaHJm25/tfpHBzZOdgTQt7dzU/p+n8rr6gNclqaJh9bNhSJEhQQ0rhQ8or229b2tmj+8jSfpiY4FKqlt+hq+vyNNdZw9SWpx/n+CFmwOXbw4ymxQb1vIXO2rrPdpZWq15m/bqnwtztaei7TLnAAAAAAAAALoOSkADgCSzYUhBwZ0dxhFxulyqra5Wa/O5xxqhIGeVXMdsvg98361F1frVe6sVbDHrmvHpeviSUZrw0GeSpP256tp6j7r96t12j3Ok/Zryb5N8eO8iKTJY//3J6YoMDtKaXWX686ffa/WuUlXUuhr3fF169zkakBKlZktMW8RxqHEDXT94mWbz6/69aAPfc/+vA/jD87c5e2CKnrx8tCTp3VW79M+Fudqyr0p2p39f4tgwq7Y9eFHA8ebn7tOIB+ZqUp9EzRjUTaf3S9KA5CidN7S7zhvaXV9kF+qqfy9u3B9Xkp6Zv1kvfbNN0wel6qwBqZqcmajuMaGaPSFD143P0IOfbmhW4vi1GyZrVK84Fdkduu/j9Vqwaa+Kq51yNax8/tusEbpxcmazd7N/BXbr71Aym0wHnTmojS/AucaWB/r6fPvvf6Ct9xB9A+kZG6Yp/ZIkSecO6abyJ644ZPtrx2Vo4eaigNe+ztmrS55b2I5RW/t5PNR1AAAAAAAAACcri8G/+QGAbD6nTsb50Ov1qqqysu3YTaYOfb5mqaM27jt34x5dMz5dA1KilBhpU7Hd2bgKN9RqVkSwRdUNCci2HGm/g4M+3Hdx1djeigz2r/684Jn5zcbdf6/GlbZG6/c/1LhGgH4Hv+fG6w1/RoVYW73n/jLAVQ5XY5ufnNZXkjQ/d69uem1Z689wiOdYsrVIS7b6E5LJkcG6bnwf3XHWAJ09MEU/ndJX/5if26x9ncujD9fu1odrd0uSBqZG6efTBuqSET312xlDND93r9bsKtPotDiN6uVfhX/di9/o2+0lh4xv/7maJp9FZEhQwJjjwm3N+u1vU1brVEKETbFhtlbfY0yYf0yvz6dqp/9dHs7P/8GuG58uk2Go3uMNuPp3P6vZpPhwm84b2l2xYdbmK42b/Bwc6d/ro3kGAAAAAAAAACc2SkADgCSz7zASiSeQyiq7PO62SwcbbsdxiCawpvuRWs3+1ZTZBZWN50b0jNOiLYFL3B7sSPsdrf5JUZKk5XnFAZPO3aNDlRodclxiaSozMUKGsX+Vb3O94/2lqvOK7Y3n+iX7n+PLnMKA9xvbUKa5vfZWOfTQ59/LFmTSz6cN0LR+KS0SwAfLLqjUTa8uU1pcmEb1itPUfslas6usMbaqOlez5G9To9NalmkvqKyT0+2VzWJSRkKEljaUGW9qSPfoVmPplxSpwamBr0vSwGT/tS1F9lb3O24vs8nQVWPTJUn/XLBZ9328rtW2YVaLcu6/QOE2iy4fnaZnF24+qrEBAAAAAAAAnDooAQ0Akiw+T2eHcNgq7TVy1LVvb0/D13qp4CPT/vKx5w/pIcm/l2phpVOSoR2lNcrZW6UByZG6bnyGFm1pWeI2JtSqObdO1eItRbrv4/VyuDxH3O9wYz7Y/rLGVos5YN97ZgyRqWEZpb/ccGv3P9wS0K1d9/8ZHWrVaZnJLfaIDbNaNC49QZK0fHtJY3tvw3PYAjxHcJBZd5w5sPF7s+F/jqTIYP3y7EGKD7dp9ktLA0ZWZPevZA2zWSQZGpMWpxsm9lFeSbUe+nxj4D5V/l9KCLf6++x/x0GWwO/vitFpykiI8MdmOvAuvD5pze4yjesdr7MHpurV5dtb9L10RFqT7w70/SKnQBcN76HT+iYpLixYpTXNV+QahjQzy//z+2V2oQ5+/y2/PrTpg7opOdJfav7V5XmH7FtT79H7q3fp2vHpumZchp5duKWVMTvi7zX/LwgAAAAAAAB0JQdvigcAp6YgW9ttTiC1dXWqra5qd3uzt+1Vwh3JMKS+SRF69NKR+sHQbpKkfy/Z2rhfriQ9+oU/MXjR8B66fVr/Zv27R4fqjR9P0sCUKGUkRDRJ4h55v6OxJr9MkjSxT4L6JEY0ng+1mvXABVmakJGgZQ0rTzMaVt4eD1UOlx69dKTS4sIaz5lNhv568XCF2yyqcrj00br8xmtrdvuf49IRvRRqNTeeT40K0Vs3TlZOYaVq6v0rnPc/Z7HdqbMHpmjmsO7684VZCrM2Lx7SKy5MN0zsI0la0pCQL6ut1yUje+kXZw3QFaPTGpPj+03pl6Sp/ZMlSYsbykmv3eWPLSTIrMtH92psaxjSVWPS9NeLhuvdVbskSekJEc3u9/bKHZKkcwd305VjDiR7TYah26f11/iM+GY/e/t9uGa38kqqFWo169mrxyqySYnpILNJD100QpmJEbI73Xp+8ZYW/Q/XdeP9q3+XbC1SXkl1m+1f/TZPkjQgOTLg6mcAAAAAAAAACMTCog8AaNDB82G/lGiF2/wJpc17K2R3dEwStrauTpWVFYcVr9dkPiYLgG0Wk3b85aIWl0OtFllMBwZ857ud+tsXG5vF8P7a3RrSPUa3n9Ff9/5gqG6anKncfVWKCbVqUGq0LCZDm/ZW6Rf/Xdkh/ZrFfpjv4p3vduq2M/qre3SoFtx5tpblFctkGBrZK1Y+n3TJcws1bUCKxmck6Jpx6eoWE6oXl27TZxsL2h7XOMT1gxd6Nnxvbni3X2YXKshs0orfnKvVu8pUWVevwanRSonyl6O+54M1qqirb+z31PxNmjE4VQNTo7Tqt+dpze4yRYdYNSotTpv3VWn2y0v1yuwJmtQnUQ/PGqGLh/fUPR+u1i1vrdAbN0zSzaf31XUTMrS1yC67w6W4cJv6JkbKMKQNeyr0xLwcyZC2Ftt1/9z1uvcHQ/XMVWP0wAVZ2l5aLZfHq+7RoeoeEypJev3b7Zq/eZ9kSDn7qvTp9wWaMThVz1w5VteNz1Blbb0GpUYrNTpEv3p/tTbtrdIlI3sqMzFCn98+TZ9mF+iJr3L02ortunRkL03ISNA/rhyjX88YrKIqh3rHhysqJEg3vLJMf79yjMKsFplMBzbxdXq8uv7lpXr/5tM1rX+yNvzxfK3eWSqvTxrWPUaxYVbVuTy66bXlyq+oPaoFwN2jQzWtIen9yvK8dvVbtatM2YWVGpgSpWvGpWvlztKWjY7073VHLyIGAAAAAAAAcMKgBDQASDqirGAA5w9P09QBqZo6oFuLa3aHS/Nz9mh+ToEW5Ow5ovuXl1fK4ahVa7EO7pGgiFCrsneXqLLWedDVYzPfN101uV9tvUc7K+v03c5SvbFyhxY3lmpuHsN9H2/Q/Nx9umFiH41Oi9PEjARV1rm0Pr9c76/drVeX5cnudHdYvwMO711UOdw69+n5+sN5QzS1X5ImZyaqyO7QnHV79PjXOcorqdbW4mqN6BGrSX0SNax7jAxj/8/UoTK8bcUVOAMcEuRfvWt3unXXu6t169S+umxkLw1OjZbH59OSrcV6ct4mfb1pb7N7rN5Vrgv/uVD3TB+k4T1jdXrfJO0uq9WTX2/Sk/M2qdrp1m/+t07PXDlamYmR6pccKZ/X0OItxTrria9182l9NSEjXn0SI2Q1m2R3+Pfr/WhDvl78Zpucbm/jeE/Oy1V2YaWuHZeuYT1iNKRbtEyGoZJqpz7fWKjXV27Xx+v3NIvvhleX6+7pg3Tx8B4a2TNWFXUurdlVplvfWtlY7vuZBZt11Zg09UuObDhnyOOVLn1+sW4/o78uHtFDPWLCFGa1aF1+uZ6al6sFm/fpLxe5FWa1KDjI0mzMDXsqNeGhz3Xr1H46e2CKxvSOlyH/3sIfrt2tvy/I1Y7SmgCfRWufWWBXj02XyTBUUVuvOQc996G8sjxPf71ouC4a3kO/+XBtgD2oyQADAAAAAAAAaM6I+fk7LWsiAsApJsW1T9aYpCPu3y8lWo9dNUGp0WFtN5ZUUFGjZ+dla86aHe1q7/X6VF5ZqXpHXcDrl00YoF/OHKse8ZGSpMpap/7w9mK9/U22JMlavVfVKcPbNRYAAAAAAAAAAOhcO+6bLklau3Ztu/tkZWVJkiys+QCAozNzRJruu2j0YfVJjQ7T/ReP1g/HZ+reD1Yqt7Ci1bYet0dl5RVyu+tbXBvcI0FP/OhMDe6R0Ox8VKhNT15/ppbm5mt3SZU8ljDW+AEAAAAAAAAAcAqwyCAlAAA+d72OpAyqP/k76ojH7ZcSrbf+7yw9Oy9bz83PbnG9zuFQVWWlvN4DpXX3u2vmWN01c8wh7//LmWN12wtfyeR1ifkeAAAAAAAAAICuz9LZAQDAicDtk2yH2Sc1Jkx3zRjWIePffMZATR2QqjveXKaC8hr5fF5V2KvlqKlp0da/6ndai1W/gUzPSpck+cwt9+kFAAAAAAAAAABdj6mzAwCAE0GdNUpyOQ6rz81TBygiuOMSq/7VwGfqsjHpKiopbZH8jQq16f7LJ+ure69oV/J3fx8/tnsHAAAAAAAAAOBUwApgAJDkMIfJqCmSLzq1Xe0jgoN0/vC0Do8jIjhIvz5/hK4e30cPf7RC2btLFBFq1cR+3XXjmcOaJHTbz1xfLXdoXIfHCgAAAAAAAAAATjzsAQwAkrzmILnq3bK0c06cOaL3MY2nR3yknvrRmR1yL7PbIUd4YofcCwAAAAAAAAAAnNgoAQ0ADep8FsnjblfbiOCTo4DCss17JIOpHgAAAAAAAACAU4WF9b8A4Fdri1NkTakUmdRm24hg6zGNJb/UrkfmrNDGXcWSpDtnjtE5WemHfZ+NO/fJExwh5noAAAAAAAAAAE4NFpEWAABJUr05RI6aIgVHtj0v2h2uYxJDfqldt7/4tZbm7ml2/vp/fKrLJw7Q/ZdPUmRI+5PP336/Wc6onmKuBwAAAAAAAADg1GAhJwAAB1QGRSm4rkIKjT5ku8LK2g4dt6quXo/OWaHnv1rnPxFgbn57aY427i7We3dd1K4kcFVdvT5fvUVKGtShsQIAAAAAAAAAgBMXG0MCQBNOW7Qc1ZVttvtue3GHjfnO0k0a8+tXDiR/D+H73SWa9cgHqqqrb7Ptfz5dJmdMWkeECAAAAAAAAAAAThKUgAaAg1QExSuqcJtCUjJabVNQUas3lm/VVeP6HPE4yzbv0SNzVrYo93xOVm8N6h7fpF2Blm4+0GZ/EvhQK4HzS6v0n89XyBNx5PEBAAAAAAAAAICTj6WzAwCAE029NVz2Kp9qiosUHhWrYGvgqfK5+TnqlxytkWnxAa+3Jr/UrkfmrNTbS3OanZ/Qt5ueuH6aesRFtOhz8MrftpLAdz7zrvaG9DysuAAAAAAAAAAAwMmPPYABIABHQqbC96xRuccji8WqkNAQBQUFSZKCLBZ5vD6V2Gt17fNf6+apA/Szs4a2ec/P1m7XZ+u2H0j8Npl/Lx/fX0/Mnqaqunq9s2yTPl2bp6raeg3qEa8ZWeka3zdVN52VpUfmrGjs831+iWY9+oGemD2tccVwVV297n3jay3eVS1Fx3TcCwEAAAAAAAAAACcFI/6uD3ydHQQAnIjMdZWyVeyQKyyhzbaRoTZN6JuqQT3i1SMuQj3iIlVV69T3+SWqqq3X28s2qarWGbDvOVm99cJPZ2hjfomuf+ZT5ZfaW7T58veXKTLEprG/eTXgPS6f0F+StHTTLhXuyVdd0uDDeFIAAAAAAAAAAHAi2fb7MyRJa9eubXefrKwsSZSABoBWeUKi5PD1lK0qX+7QuEO2rap1+lf4rt1+RGP96+v1enTOisYSzwf7+YvzdM7w3q32f3vpJkmS1b6X5C8AAAAAAAAAAKcwEsAAcAje0Bh5HZWy1Ja2mQQ+Uu1JHG/ML9HG/JJDtgmqKVZt4iDJ0nJPYAAAAAAAAAAAcGqwyGATYAA4FGdcb9nKdshSV3bMksBHy1q5R3WJ/eWzBnd2KAAAAAAAAAAAoBOZOjsAADgZOGPT5IpIVlB18RHfIzLEqh+fMUTd4yKOqH/3uAg9ft1UDereJAntdctq3ytH0kB5bUd2XwAAAAAAAAAA0HVQAhoA2skdliCvYVFIWZ7qwxMk0+FNoTdOG6Y7fzBK9182Sf/6er3+NW+98kvtbfY7Z1hvTc9K0znDesswDD368XeSJFN9rUyuWtUkDabsMwAAAAAAAAAAkCRZJEpAA0B7eUNjVWMNV0jpVvnkkyckpt19P1u7Xedk9dag7nG6cdpQ3ThtqCpr67Uxv0S7S+3aXeJPBkeFWjWoR7wiQ6wa3CO+sf87y3L1yMffKb+0WkHVJfJYQ1WXMqzDnxEAAAAAAAAAAJy8LGwBDACHKcgqR/JAmWrLFVK+Xa6QWPnMba/Azc4v1dkP/Fc/PmOILpvQX4O6xykq1KoJfVNb7ZNfatdn63boX1/7VwubnXZZ3XVyJmTKYw3jV3gAAAAAAAAAAEAzlIAGgCPkDY1RTWiMrOU7Zakrl89kkacd+/D+e94G/XveBkWG+Ff6HpwA3l1qbzz2l4i21JbK4vPKFZkqd3jCMXkeAAAAAAAAAABw8qMENAAcpfqYNEmSpbpYlpoSyeeW1xrR5qrgqjqXlm0u1LLNhQGvm+prFeSslNdslTO2t7ztSC4DAAAAAAAAAIBTGyuAAaCDuMMTGlfnBlXslrm2VCZD8vkkn8UmjyVYMgWedk31tTLklVFfI8Nskc8wy22LlDOhz/F8BAAAAAAAAAAAcJKzsAAYADqeK6aHXDE9Gr+3VBfLcDtldlYEbO8OS5DPMMuT2Pd4hQgAAAAAAAAAALogVgADwHGwf2Wwq5PjAAAAAAAAAAAAXRt7AAMAAAAAAAAAAABAF2Eh/QsAAAAAAAAAAAAAXQN7AAMAAAAAAAAAAABAF0EJaAAAAAAAAAAAAADoIkydHQAAAAAAAAAAAAAAoGOQAAYAAAAAAAAAAACALsIigxLQAAAAAAAAAAAAANAVsAIYAAAAAAAAAAAAALoIC+t/AQAAAAAAAAAAAKBrsEikgAEAAAAAAAAAAACgK7CQ/wUAAAAAAAAAAACAroE9gAEAAAAAAAAAAACgi6AENAAAAAAAAAAAAAB0EZbODgAATmQZ8WE6rU+8ukXZlBoVrAjbiTNt2p1uFVQ6lF/h0OJtpdpWUtPZIQEAAAAAAAAAgE7GHsAAEECQ2aSLh6VoxoBEmU0n5kQZEWxRv+Bw9UsK15TMOH2SXaT31xXI7fV1dmgAAAAAAAAAAKCTWAwywADQTM+YEN0yubdSooI7O5R2M5sMnT84WcNSo/T80h3aVV7X2SEBAAAAAAAAAIBOYOrsAADgRDMuLeakSv421TM2ROPSYjo7DAAAAAAAAAAA0ElIAANAE5kJYTp3UFJnh3FUzh2UpJ4xIZ0dBgAAAAAAAAAA6AQWGZSABoD9JqbHyXSSz4smw9AZfRP00ordnR0KAAAAAAAAAAA4zlgBDABN9IztGitnT9YS1gAAAAAAAAAA4OiQAAaAJlIju0biNCXS1tkhAAAAAAAAAACATkACGACaCLWaOzuEDhEdEtTZIQAAAAAAAAAAgE5gMU7yvS4BAIExvwMAAAAAAAAAcOphBTAAAAAAAAAAAAAAdBEkgAEAAAAAAAAAAACgi7BIlAgFgAO60pzYlZ4FAAAAAAAAAAC0h4X8AAB0UczvAAAAAAAAAACccigBDQBH6Onf3qrlX33cZrtVi77Qs/fdecg2ZcV79esfniOP291R4QEAAAAAAAAAgFMQJaAB4AiFWAyFB7U9h06ZcrpmTp2oPZ7W2yQkJOitt97SDo9Fvg6LkPkdAAAAAAAAAIBTjYX0AAAccLhzotFwvPv8YwoJi1BFaZGqykpVW12lC390mzIGDtWiBQu1Yv7nuvneR+Wqd+qTN/6jnDXL5XG7NWz86Tr3qhtVUlqsX/18th58+WOZLRZty16vT974lxx1NTKZzBo77TxNOufCY/osAAAAAAAAAADg5McewADQ1JHMiYYUFWLRupWL9efHn1ZiXKw+eOdNzXvvFWUMekShQYaCLf52Cz9+R9XF+XrhhRfk8bh0x8/v0Lfz5mrw8NH+WxlSTXWVXnv8Pv3q17/VqNGjVFRUrNtv/T8lde+pzCEjju2zAAAAAAAAAACAkxoloAGgQxgaOWqkqixRKiv3KKFnH1XNbbk/cM7KJbrsiqu0tcYiQ0H626OPq9xtaE9ReWOb7dlrFRMTraT+I7SxzKsga5zGjxunbetWHF4CmPkdAAAAAAAAAIBTjqWzAwCArsISHCa31/+102vI6/G2aFNVUS6vLUJenyT5lO8KbrHnr8terqioKFW5Gr73SrbwCNmLS45l+AAAAAAAAAAAoAsgAQwAHcR3cCa3RWpXiomOVkVFhVIavq8oL5PX65WpSZvY2FiVl1c061dZUam42NiODBcAAAAAAAAAAHRBFhmUCAWA42XshIn65qtPlD58vCTp1cfu08hJZ2jgiLGNbTKHDJe96gnlrl2pflmjVV68T2u/W6Hb7/n94Q3G/A4AAAAAAAAAwCmHFcAAcBydffEVqqqy67G7bpTP59XEiRN17g9makfBvsY2Hmu4/njf/Xr6mWc159VnZTaZdf31P1Jy5hBVu1quKgYAAAAAAAAAANjP6PbHeWQTAKDBS1cOaXfb/jEmldb5VOzwqWeESV6flF/t3/c30mqoV7ihDWVexQUbig82KbfCI5MhdQ83KSpIkiFVOKXd1V5ZTdKQOLNWF3vkkxQeZKh7mCGzyV9auqjOpxLH4U3Xs9/ccFjtAQAAAAAAAADAiSH7FyMlSWvXrm13n6ysLEmSRaJEKAAc0P45cVP5/oSsoV32A19LUlW9tKHMJ8lQqUMqdXglGfL61KTtgTHrvdKqYm9j/2qXtKmiZbvDw/wOAAAAAAAAAMCpxkJ+AAC6KOZ3AAAAAAAAAABOOabODgAAAAAAAAAAAAAA0DFIAAMAAAAAAAAAAABAF8EewADQZTG/AwAAAAAAAABwqmEPYABoqivNiV3pWQAAAAAAAAAAQLtYyA8AQNfE/A4AAAAAAAAAwKmHEtAA0GUxvwMAAAAAAAAAcKoxdXYAAAAAAAAAAAAAAICOwR7AANBVMb8DAAAAAAAAAHDKoQQ0ADTTlebErvQsAAAAAAAAAACgPSgBDQAAAAAAAAAAAABdBAlgAAAAAAAAAAAAAOgiDJ/P5+vsIAAAAAAAAAAAAAAAflVVVZKktWvXtrtPVlaWJFYAAwCA/2fvzsOjKu///78mM5ONhLCEJQGBIgoNoqwlVHBjEUFRAYui4IYWt35UqlCtS1UUa6UuWC0/WnEXQWWxWlZRUakgBFkEFH9lCRAIyRCSyWxnzvePmGlmMglZJhkYno/rykXmnPd9n/eZidT6yn0fAAAAAAAAAEDMIAAGAAAAAAAAAAAAgBhBAAwAAAAAAAAAAAAAMYIAGAAAAAAAAAAAAABiBAEwAAAAAAAAAAAAAMQIAmAAAAAAAAAAAAAAiBEEwAAAAAAAAAAAAAAQIwiAAQAAAAAAAAAAACBGEAADAAAAAAAAAAAAQIwgAAYAAAAAAAAAAACAGEEADAAAAAAAAAAAAAAxggAYAAAAAAAAAAAAAGIEATAAAAAAAAAAAAAAxAgCYAAAAAAAAAAAAACIEQTAAAAAAAAAAAAAABAjCIABAAAAAAAAAAAAIEYQAAMAAAAAAAAAAABAjCAABgAAAAAAAAAAAIAYQQAMAAAAAAAAAAAAADGCABgAAAAAAAAAAAAAYgQBMAAAAAAAAAAAAADECAJgAAAAAAAAAAAAAIgRBMAAAAAAAAAAAAAAECMIgAEAAAAAAAAAAAAgRhAAA4Ckj7bmqe3Dy2pU2+nxlVqxM7/amrnf7NXAF76MRGsAAAAAAAAAAAA1Zot2AwBwsll3zyClJVX/1+e4XpkadVbbRuoIAAAAAAAAAACgDCuAASDEXkepku7/WHO/2ashL69V1ozVuu7NjTLNsvP9/vqFPt9VIEna53Dp0v/vG2U+slynP7FKr63bJ0mat3G/Rs35RpJU6jV05/tb1PWpT3Xmk5/qktn/0f9f4IzKvQEAAAAAAAAAgNhGAAwAIezWOLl8fuUdc2vFbdn6zz0DtWzHYX36Y+Vtnye8tVG926cp99Gh+tetv9LtCzZry4FjQTVPrvhR2/KOadPvz9fOBy5Ur3ZpmvDmxsa6HQAAAAAAAAAAcAohAAaAKkzo216SlJpgU5f0JtpdWBp0Pr/Eo9W7juj2gZ1ksUjdWqdo98OD1a1NSlDdB98d0KTsDkq0l/2VO/nXHfXlfwvlKPU2zo0AAAAAAAAAAIBTBgEwAFShaaI98H2cRTL8ZtD5g0VuSVLL5PjAsfQm8bLFWYLq8o651apJcE35cQAAAAAAAAAAgEgiAAaAOmqTmiApOMj96Yiz0sretk0TlFfsCbw+XFL2fUbTxEboEgAAAAAAAAAAnEoIgAGgjlqlxOvcTs31189+kt+UduU71fvZzyttFT3m7AzNWbtbbp9fkvTSmv9q8Bnpappoi0bbAAAAAAAAAAAghpE+AEA9vHldb9224Du1e3S5Em1xemZUls7JbKqN+44GaqYN7qICp1dnP/M1BxdJAAAgAElEQVSZTFPKapuiudf0jGLXAAAAAAAAAAAgVllM0zSPXwYAAAAAAAAAAAAAaAxFRUWSpJycnBqP6dmzbPEZW0ADAAAAAAAAAAAAQIwgAAYAAAAAAAAAAACAGEEADACSLPd+JMu9HwW+b8w/AQAAAAAAAAAAIoVnAAMAAAAAAAAAAADACYRnAAMAAAAAAAAAAAAACIABAAAAAAAAAAAAIFYQAAMAAAAAAAAAAABAjCAABgAAAAAAAAAAAIAYQQAMAAAAAAAAAAAAADGCABgAAAAAAAAAAAAAYgQBMAAAAAAAAAAAAADECAJgAAAAAAAAAAAAAIgRBMAAAAAAAAAAAAAAECMIgAEAAAAAAAAAAAAgRhAAAwAAAAAAAAAAAECMIAAGAAAAAAAAAAAAgBhBAAwAAAAAAAAAAAAAMYIAGAAAAAAAAAAAAABiBAEwAAAAAAAAAAAAAMQIAmAAAAAAAAAAAAAAiBEEwAAAAAAAAAAAAAAQIwiAAQAAAAAAAAAAACBGEAADAAAAAAAAAAAAQIwgAAYAAAAAAAAAAACAGGGLdgMAcCLweDzRbgEAJEnx8fHRbgEAAAAAAADASYwAGAB+ZhjuaLcA4BRntSZEuwUAAAAAAAAAJzm2gAYAAAAAAAAAAACAGEEADAAAAAAAAAAAAAAxggAYAAAAAAAAAAAAAGIEATAAAAAAAAAAAAAAxAgCYAAAAAAAAAAAAACIEQTAAAAAAAAAAAAAABAjCIABAAAAAAAAAAAAIEYQAAMAAAAAAAAAAABAjCAABgAAAAAAAAAAAIAYQQAMAAAAAAAAAAAAADGCABgAAAAAAAAAAAAAYgQBMAAAAAAAAAAAAADECAJgAAAAAAAAAAAAAIgRBMAAAAAAAAAAAAAAECMIgAEAAAAAAAAAAAAgRhAAAwAAAAAAAAAAAECMIAAGAAAAAAAAAAAAgBhBAAwAAAAAAAAAAAAAMcIW7QYAIBZ5vV598MFCLVjwvpKSkpWV1U0+n6H8/Hylpqbqpptu0C9+0SnabQIAAAAAAAAAgBhjMU3TjHYTABBtHo9HhuGO6Jw2W7xuueW36tatm+67b4okiyRpypTfKy8vT//85+yIXg/Ayc9qTVB8fHy02wAAAAAAAAAQZUVFRZKknJycGo/p2bOnJLaABoAG4/N5JEmm6ZfH45LHUyqPp1RnnnmmDh8+HOXuAAAAAAAAAABALCIABoBGVFjo0Jo1X2j8+PGSpPz8fD3yyGO6/fbfSZIOHDigGTP+rIkTb5IkGYahmTOf08yZz+mZZ57V9OkzAnN9/fVa/fGPD+v552dpxow/65lnnpUk5ebm6p57fq+XXnpZ9903TW+++bYk6auvvtbYseP0+utv6qmn/qzbbruzMW8dwEnqs88+U79+/XTnncf/O8MwDL344ovq16+fmjZtqqZNm6pfv36aNWuW/H4/4xppXEW1+fwAAAAAAAAQGwiAAaCBbdr0nZ555lk9+ujjuvXWyerQoaMuvPACSVKrVq3Ur9+vFBdX9tdxZmamzj13oCyWsu2iv/lmnXJz92vatGl68MEHdeGFF0qSdu36SdOnz9B9992n3//+93r44YeVltZMkuT3m5o48Xrdfffduu222/Taa2/I5XJp0KBBatGipbxen6ZOnaoRI0ZG4d0AcLLYvn27Lr/8cl1wwQVav379ces9Ho+GDh2qu+++W5deeqlycnK0du1a9e7dW3fddZdGjBghr9fLuAYeV662nx8AAAAAAABiBwEwADSwnj3P0YMPPqgnn3xSixcvVnZ2f9188yR9991mmaYp0zQCtaZpyu//3+u0tGbavn2HFi9erKIihwYNOleS9Omnn6l79+5q1qypvF6XPB6XJk26WZLUoUMH9enTU16vWykpSZKkkhKnDMMnSWrfvr3i4kxdeeXljfUWADiJHDp0SLfffrsGDhyo5s2bq1OnTjUa98ADD+jTTz/V3XffrUceeUSdO3dWVlaW/v73v2vMmDFaunSpHn30UcY18Li6fn4AAAAAAACIHQTAANDATNMMPAPY7XZqxIhLlJmZqYULFx937Flnddfvfvc7vffeAv3mN+P16qtzJUkFBQVq2rSpTNMM1P68iFh79uzRCy/M0quvvqb33//w57OWoH6k/z2jGAAq2rhxo4YOHarc3FzNnTtXbdq0Oe6Yw4cP66WXXpIk3XHHHZXOT5kyRZL03HPP6ciRI4xroHFS3T4/AAAAAAAAxBYCYABoZIbhlcVikc1mP26t329o5Mjhevvtt/Tkk0/q7bff1Q8//Kj09HTl5x8OO+aRRx5TVlZ33Xrrrbrqqqsi3T6AGHfxxRfryiuvVEJCQo3HLF68WC6XSxkZGercuXOl89nZ2UpNTZXT6dSSJUsY10DjpLp9fgAAAAAAAIgtBMAA0Mi2bNmq3bt366KLyp7nm5qaqry8PLndbkmS3+8P1C5fvlK7d/9XLleJevTIUlpamiyWOJ1//vnatu17bdiwsdL8x44dk91uldfrlsvlbJybAnBK+/zzzyVJXbt2DXveYrEoKytLkvTZZ58xroHGAQAAAAAAAJJki3YDABCLvF6v5s2br8OHD8vpdGrGjD9LktxujxwOhx555BGde+4AGYZP2dn99eGHi3TjjbfojDO6qGnTpnI4HFq5cpXS01vpmWdm6vTTT1dxcbEuv/xynXFGF0nSY489ptmz58hqtal161bq2LGDbrhhoq69drxefPElLV26VH369JXFYtHChQt19tk9VFhYqPXr1+sXv+hQZbAAALW1fft2SVLr1q2rrMnMzAyqZVzkxwEAAAAAAAASATAANAi73a4bbrhBt9xyq0xT8vt9P5+xyGKxyOfzyDDKjiUmJuiVV16WxRInv9+QZOqPf3xIHk+pTNNUdna2/H6/LBaLTNMvr7dspfCvf91f559/nkxTMk1/4NzYsWN0zTXXyO83ZBiGxo+/NnC9jz5aIsMw5PO5g1YaA0B95OXlSSrb0aAqaWlpQbWMi/w4AAAAAAAAQCIABoAG4/N55PN5alTrdodu1eyq5lwZw/AFQuTqrlvx+9LS4hr1AwC1UVJSIkmKj4+vsiYxMVGSVFz8v7+HGBfZcQAAAAAAAIDEM4ABAABQTxaLRZJkmmaVNeXnymsZF/lxAAAAAAAAgEQADAAAgHpq0qSJJMnjqXrXA7e7bPv6lJQUxjXQOAAAAAAAAEAiAAYAAEA9ZWRkSJKKioqqrCkoKJAktW3blnENNA4AAAAAAACQCIABAABQT926dZMkHTx4sMqa/fv3S5K6du3KuAYaBwAAAAAAAEgEwAAAAKin8847T5K0ffv2sOcNw9C2bduCahkX+XEAAAAAAACARAAMAACAerr00kuVmJio/Px8ff/995XOr1mzRk6nU4mJibr00ksZ10DjAAAAAAAAAIkAGAAAAPWUnp6uO+64Q5L04osvVjr/7LPPSpLuuusupaenM66BxgEAAAAAAACSZIt2AwAQq/77333RbgFAA+vUqX20W2hQfr9ffr9fkuTz+aqtnT59utavX69XXnlFrVq10k033SSXy6W//OUvWrJkiYYMGaInnniCcQ08rqLafH4AAAAAAACIHRbTNM1oNwEA0ebxeGQY7mi3AeAUZ7UmKD4+Pqo9/OMf/9Df/vY3HTx4UHl5eTIMI3AuISFBbdu2VUZGhmbOnKkBAwYEjfX5fHrhhRf0xhtv6IcfflBcXJx++ctfauLEiZo8ebKsVmvYazIucuPq8/kBAAAAAADgxFFUVCRJysnJqfGYnj17SiIABgBJBMAATgwnQgAMAAAAAAAAIPrqEwDzDGAAAAAAAAAAAAAAiBEEwAAAAAAAAAAAAAAQIwiAAQAAAAAAAAAAACBGEAADAAAAAAAAAAAAQIwgAAYAAAAAAAAAAACAGEEADAAAAAAAAAAAAAAxggAYAAAAAAAAAAAAAGKELdoNAECs2rZtZ7RbQAPJyjqz1mMMwy+v1yePxye/35Dfb9ZoXFycRXFxVsXH22S322S18rtbAAAAAAAAAICqEQADQAPq06dPtFtAhH377be1qvf5DDmdbhmGIZvNJrvdLoslXnFxNQty/X6/TNOU1+tTaalbVqtVyckJstmsdWkfAAAAAAAAABDjCIABAGggxcWl8np9SkhIUGJiYp3mKA+KrVarEhIS5PP5dOyYU3a7TSkpSZFsFwAAAAAAAAAQA9hHEgCACDNN6ejRYhmGX02aNJHNFrnft7LZbGrSpIkMw6+iIqdMs2ZbSQMAAAAAAAAATg0EwAAARNjevbny+QwlJTXcCt2kpCSZpqnc3LwGuwYAAAAAAAAA4OTDFtAAAERQXl6+7PZ4paamVlnjdDq1cOFCbdiwQfn5+UpOTlbv3r01bNgwdejQocbXSkpKUnFxsfLy8tWmTXok2gcAAAAAAAAAnOQIgAEAiBCXyy2ns1QZGRlV1uzZs0czZsxQUlKSBg4cqI4dO2r37t3avn27Hn74YU2aNEkDBw6s8TVbtmypAwcOyOVyKzExIRK3AQAAAAAAAAA4iREAAwAQIfn5hWrWrJni4sI/YSE/P18zZsxQr169dO211yo5OVmS1Lt3b0nSsmXLNGfOHKWnp6tbt241umZcXJyaNWum/PxCtW/fNjI3AgAAAAAAAAA4afEMYAAAIsDj8crr9apJkyZV1ixdulRJSUlB4W9Fw4YNU69evfT222/X6tpNmjSR1+uVx+Otdd8AAAAAAAAAgNhCAAwAQAQcO1YcNtStaOPGjRo4cGC1dRdffLH27Nmj/Pz8Wl0/OTlZTmdprcYAAAAAAAAAAGIPATAAABFQWuo+bgCcn5+vjh07VlvToUOHQG1tJCcnq7jYWasxAAAAAAAAAIDYwzOAAQCIAJ/PK5ut+v9ZTUpK0u7duwPP/A1nz549kqT09PRaXT8uLk5+v1GrMUBNHDhwQPv379exY8fk8/mi0oPNZlNqaqoyMzOVkZFR43EHDhzQoUOHdPToUXk8ngbssOHEx8crLS1NrVu3rvW95+bmyuFwNGB3NWO1WpWamqp27dqdcp9fQ6rrzwYAAAAAAIh9BMAAAESAz2fIarVWW9O7d2/t2LGj2prvv/9eLVu2rHUAbLfbeQYwIsrn82nTpk2SpM6dOys1NfW4v+TQkL0cO3ZMP/30k/bv36/u3bsrMTGxynqXy6WtW7fKMAy1a9dOmZmZx/3n80RlGIY8Ho/27t2r/fv3q0uXLkpLS6uy3ufzKScnR4ZhKCMjQ507d27EbsMzDEOlpaXas2ePcnNzddZZZ50yn19Dqu3PBgAAAAAAOHWwBTQAAI3k4osv1vbt27Vs2bKw5/fs2aNFixZVu0IYaCybNm1S8+bN1adPHzVv3jxq4a9UtgK4vBdJ2rp1a7X1mzdvVnJysrp06aKkpKSTOjy0Wq1KSkpSly5dZBiGdu7cWW19Tk6OkpKSdMYZZyglJaWRuqye1WpVSkqKzjjjDBmGoS1btlRbH0ufX0Oq7c8GAAAAAAA4dRAAAwAQATabVYZR/RbMHTp00KRJk/T222/rhRde0I4dO+R0OrVjxw4tWrRIDz/8sCRp+fLlWrNmTa2u7/V6FR9vr3P/QEX79++XpBNi9Wio8hC4vMdQ+/fvl9/vV5s2bRqzrUbRpUsX+f3+au+9fOXviao8BD4VP7+GdLyfDQAAAAAAcGphC2gAACLAZrPL5/Mdd6XawIEDlZ6errfeektPPfVU4HjLli01dOhQLV++XJI0Z86cQH1N+P1+xcWxSg6RsX//fp1++unRbqNKnTt31q5du5SZmVnp3MGDB2M6PGzTpo0OHjwY9t5zc3NP6PC3XEZGhnJzc0/Jz68hVfezAQAAAAAATi0EwAAAREBSUoKcTqcSEhKOW9utWzc9/vjjys/PV35+vtLT0wPP/O3YsWMg/K1NCOx0OpWSklyPOwD+p7i4WKmpqdFuo0qpqakqLi4Oe+7YsWNq3759I3fUeJKTk7V79+6w54qLi9WpU6dG7qj2kpKSTtnPryFV97MBAAAAAABOLWwBDQBABKSmpsjpdNZqTHp6urp16xYIf6WysHfSpEmB13PmzKnRdtBOp1PJyUm1uj5QFZ/PF9Vn/h6PzWaTz+cLe87r9Z7QvdeXzWaT1+sNe84wjJPieblWa9Vb5sf659eQqvvZAAAAAAAApxYCYAAAIiA+3i673a6SkpJ6zxUaAh9vRVdJSYnsdjvPAAYAAAAAAAAAEAADABAp6enN5XA4ZJpmvecqD4GHDh2qa6+9tso60zTlcDiUnt683tcE6mLw4MF68MEHw57r2rWr/v73vzdyR7XncDiUlZWlK664otK5b7/9Vps2bTruHHv27FHLli2rXJl8otm8ebNatmyp1q1bV/q69957w4557LHH9H//93+SpDvuuEPTp0+XJB06dEgfffRRo/Ue6q233lLr1q2Vnp6uxx57TMuWLVPHjh2DVsMePnxY6enpevfdd4PG3nDDDZo2bZp+8YtfBO6/ZcuWatWqVeD1W2+9VemaEyZM0GOPPRZ4bZqm7rjjDl155ZUqLS1tuJsFAAAAAACoAQJgAAAiJDExQcnJScrPz4/IfAMHDqw2/JWk/Px8JScnKTHx+M8eBhrC5MmT9eqrr1YKPj///HPt379f48ePr/FcVW0L3NDeffddXX/99Tpy5Ih27doVdO6tt97Sli1bjjvHaaedpgMHDpw02xeXbxVdXFwsn88X9FVVaG+z2QL39/zzz2vatGmSyj7rjz/+uHEaD+Omm26Sz+fT6NGjZbPZdNFFF8kwDH3zzTeBmtWrV6t169b67LPPAscMw9AXX3yhyy67TA6HI3D/7dq107x58wKvb7rppkrXrPheSNL999+vffv2acmSJUpKYjt+AAAAAAAQXQTAAABEUJs26TIMnw4ePNjg1zp06JBM01SbNunHLwYayBVXXCG/369//etfQcfnzJmja6+9VqmpqVq7dq0GDBigrl276pxzztE777wTqOvYsaOeeeYZtWvXTvPnz2/s9iVJb7zxhsaNG6eJEyfqjTfeCBx/4YUX9N5772n69Ol66KGHJEkvvvii+vTpo3POOUcXXXSRvv32W0nS3r17lZGREQjCv/zySw0ZMkS/+tWvlJ2dHRSqvvnmm8rOzla/fv2UnZ0ddM3GVlBQUOmrfCv7jRs36rzzzlOfPn10zTXXqKCgIDDu7rvv1owZM7RmzRr94Q9/0CeffKKRI0dG5R7cbrcKCgrk9/sllYWzF1xwgVavXh2o+fTTT3XnnXfq008/DezSsH79enk8Hg0YMECFhYWB+5ckl8sVeO12u6u9/qOPPqpt27ZpyZIlQb8I8dZbb+ncc89Vdna2RowYoe+++06SNGzYML3yyiuBOr/fr+7du2vlypVat25d4Oemd+/eeuCBB06aVeUAAAAAAODEQQAMAECEtWuXoQMH9mvbtm0NsqLRMAxt27ZNeXl5yshoFfH5gdqw2+266aabNGfOnMCxo0ePasGCBfrtb38rh8OhkSNH6r777tOOHTv04Ycf6vbbb9fWrVslSYmJiVq1apV27dqlq6++utH7//LLL9WiRQudfvrpGjdunN5//315PB5JZas6e/furccff1zPPvus1q1bp5kzZ2rNmjXavXu3rrjiisB2yXFx//vX6sLCQk2YMEHTp0/Xzp07tXz5cv31r3/VZ599JqfTqXvvvVcff/yxfvjhBy1fvlxLly6Vy+Vq9Hs/njvvvFM33nijdu3apVmzZmnJkiWBczabTXa7XRdccIFuu+02XXbZZfriiy+i2G2w4cOHa9WqVZLKtmdetWqVxowZo+bNmwe29F69erUGDx4c9NnV1tNPP60vv/xS//rXvwIBtCR9/fXXeuSRR7Ro0SJt375dU6ZM0XXXXSePx6Obb7456JcgvvrqK1ksFg0dOlQPP/ywbr/9du3cuVPbtm1TSUmJvv/++zr3BwAAAAAATk0EwAAARJjVGqf+/fsqPt6uDRs26NChQxGb+9ChQ9qwYYPi4+3q0+ecwDauQDTdeuutWrp0qXJzcyWVrXzs0aOHevXqpZUrV6pFixYaPXq0JKlz58667LLLAqt9LRaLxo4dq8TExKj0/vrrr+vGG2+UYRhKS0tT//79A6uZXS6XTNOUx+OR0+lUdna2du/ereTkZDkcDg0ePLjSltFS2ZbIrVu31sCBA+VwOJSWlqZLL71Uy5cvV2Jiolq3bq1Zs2Zp3bp1SktL06JFi6J2/507d1ZmZmbQ14YNG3TgwAFt375dY8aMkcPhUKtWrXTJJZdUGl++TbLf71dRUVEU7iC8IUOGaNOmTTp8+LC+++47NW3aVBkZGRoyZEhgZfCqVas0fPjwOl9jwYIFmjdvngoLC3XkyJGgc4sXL9aYMWPUunVrORwOXXLJJYqLi9M333yjyy+/XLt27dLGjRslSQsXLtT48ePl9/vVsWNHvf/++1qxYoVKSko0Z84c9ezZs+5vBAAAAAAAOCWdHA8pA4CTVPnWoDg1ZWV1lcNxVLt2/Ve7d+9Wy5YtlZ6eLqvVqiZNmtRojpKSEhmGofz8fB05ckSJiYnq3r2bmjVLa+DugZrr1KmTBg8erFdffVV//OMfNWfOHN15552SpIMHD2rv3r3q1KlToN7lcmns2LGB161bt270niXpyJEj+uijj7Rs2TJNmTJFUtkK+yNHjujKK6+sVO9wODR9+nStX79eFotFbrc7aNVnuYKCArVq1Uper1dS2Ra/zZs31969exUXF6fVq1fr6aef1tixYxUXF6d77rlHEydObNibrYLD4agUPhcVFWnz5s2SFPi7qvweTqSQtzqZmZnq1q2bVq9erQMHDmjIkCHy+/268MIL9cILL+j666/Xxo0b9eabb9b5GmeddZYWLFigO++8U9ddd50WLlyohISy57Hn5+dr5cqVWrp0aaDe6XTqyJEjSkpK0ujRo/Xuu++qR48eWrJkSeAZyi+//LKeffZZTZkyRfv27dP48eP10EMPKT4+vn5vCAAAAAAAOKUQAANAA8nKOjPaLeAE0KxZmvr0OUfFxSU6dOiwdu/eLZ/Pq5ISZ43GN2mSLJvNrtat09W+/VlKSalZcAw0tsmTJ+vee+/VqFGj9NNPPwW2c87MzNQZZ5wRCBTDsVgsjdVmkHfeeUe/+c1vNHfu3MAxv9+vzMxM7dq1S6effnpQ/Z///Gd9//33WrVqlVJSUrR27VoNGTKk0rxt27ZVXl5e0LHDhw8rIyNDUlng/be//U12u11r1qzRiBEj1L9/f3Xt2rUB7rJ6BQUFYVcfN2/ePHC+VauyreYPHDhQ419eaQyffPKJWrRoof79+0uSSktLlZqaKqnscxwxYoS++uor7du3T7feeqsk6de//rVuuOEGrVixQllZWWrTpk3YEL8msrKy5HQ69dxzz2n48OG66667NHv2bElSRkaGJkyYoOeffz5Qb7FYVFJSIo/Ho+uuu04TJ07URRddpPbt2+vMM8+UYRiyWCx66KGH9Pjjj2vv3r0aNWqU3njjDd188831easAAAAAAMAphi2gAQBoBCkpTdS5cyf16XOO+vfvq4suOq9GX/3791WfPufotNPaEf7ihHbppZfK7XZr6tSpmjBhgpKTkyVJF110kQ4cOBBY4VhSUqJbbrklsP1ttJimqddff12jR49WYWFh4Ovo0aO64oorAitD4+Pj5XA4JJWtlu3WrZv8fr9yc3P13HPPyefzye12B8193nnn6ciRI1q5cqUkae/evfrkk080atQobdmyRZdddpn27dsnh8Oh0047TQkJCVELwauSkZGhLl26aN68eZKknTt3Bu4nlN1uV2FhYWO2J0navHmzpk2bpkOHDmnHjh366quvlJ2dHTg/bNgwffnll9q4caPOPfdcSWXPnO7Zs6dmz56tESNG1Dn8lRQY6/F4NH/+fK1bt04zZsyQJI0ePVrz58/Xd999J4fDoU2bNumKK64IvE8DBgxQcnKyHnzwQV133XUyDEMej0eDBw/W+vXrdfToUaWkpCg9PV02G7+zCwAAAAAAaocAGAAAAPVmtVo1adIk/fvf/9bkyZMDx9PS0vTRRx/p8ccfV5cuXdSjRw+1aNFCZ599dhS7LXtOb0FBgQYNGlTp3JVXXql33nlHHo9HY8eO1ZNPPqlJkybpnnvuCYSM48aN09SpU9W9e3cNHTo0aHxKSooWLlyoGTNmqH///rr66qs1ffp09evXT2effbYuuugiDR48WL169dKwYcP00EMP6Ze//GVj3XqQDh06qHXr1kFf2dnZMk1T//znP/Xuu++qe/fu+uMf/6gJEybIMIxKc1x88cVat26dzj777LDnG8rUqVPVo0cP9e/fX6NHj9a0adM0YMCAwPm+ffsqPz9f3bp1C1q5PHjwYG3YsKHS51YfiYmJ+vDDD/W3v/1N8+fPV9++fTV9+nRdc8016tu3r6655hpdfvnlgT4Mw9DEiRO1d+/ewPOx4+Pj9eCDD+q3v/2tevXqpb59++r000/X9ddfH7E+AQAAAADAqcFimqYZ7SYAINo8Ho8Mw338QgBoQFZrwgnxrM8VK1aE3dr4RFJVjytWrFDv3r2PO95utyslJSXsylWbzabU1FQVFhYqISFBTZo0kcfjUWlpqVJSUmSxWOT3+1VSUqKUlBRJ0tatW3XOOecoLy9PNptNNptNTZo0kcVikWmacrlcgZXCSUlJgWfFSmXPRHa5XDW+9w0bNtTr3qWywD4tLfyzxP1+vxwOR9A9GIYR2KK4pKRETZo0kd/vV2lpqaxWq5o2bSrTNAOrpRvjHqSysN1ut0sq2wI69H1s3ry5DMMIenZxUlKSkpKSVFRUJJ/PV2nOZs2ayel0yuPxVHnd1NRUGYYhp/N/2/mXv6fFxcXyeDxKSG7LPMgAACAASURBVEhQYmJi4GegtLQ0aM63335by5cv19y5c1X+f8ni4+OVlJQUWBHu9XpVUlJS4/ejqvcVAAAAAACcfMr/e0ZOTk6Nx/Ts2VMSzwAGAADAKcjr9Va5bbHP5wucc7vdQVs8Hz16NKi2/HVeXp6SkpIC2/X6fL5KteVKS0tVWlpa73uoD8MwVFBQUG1NdfdQMZQ0DCMqW0BLUnFxcbXnw/V1vPe/JiH2sWPHKh0LfU9Df3YqOnjwoP7yl7/o1VdfVcXfx/V4PNUGzwAAAAAAADXBFtAAAABAPXz66ae66qqrdPvtt0e7FZwEZsyYoUGDBmny5Mnq06dPtNsBAAAAAAAxiBXAAAAAQD0MGzZMhYWFcrvdQVsCA+H86U9/0tNPPx12y2oAAAAAAIBIIAAGAAAA6qG67aSBUCfCFuAAAAAAACC2sQU0AAAAAAAAAAAAAMQIAmAAAAAAAAAAAAAAiBEEwAAAAAAAAAAAAAAQIwiAAQAAAAAAAAAAACBGEAADAAAAAAAAAAAAQIywmKZpRrsJAIg2j8cjw3BHuw0ApzirNUHx8fFRufaKFSsC32dmZiorKysqfdTU999/r9zc3Gi3AQAAAABoIEOGDIl2CwAQVUVFRZKknJycGo/p2bOnJAJgAJBEAAzgxBDNABgAAAAAAADAiaM+ATBbQAMAAAAAAAAAAABAjCAABgAAAAAAAAAAAIAYQQAMAAAAAAAAAAAAADHCFu0GAOBEYbUmRLsFAAAAAAAAAACAeiEABgBJ8fHx0W4BAAAAAAAAAACg3tgCGgAAAAAAAAAAAABiBAEwAAAAAAAAAAAAAMQIAmAAAAAAAAAAAAAAiBEEwAAAAAAAAAAAAAAQIwiAAQAAIEkyTTPoz9BjFb+qqgv3+nh1Vc1X1evGqAu978auAwAAAAAAAOrKFu0GAAAAcGKxWCwyTVMWiyXoWHV15edDX4eODVdXHnqGXiN0/kjXVdff8c41dB0AAAAAAABQVwTAAAAAqKQ8kKwY2IarqRi4lgt9XdUc4V5XnC/cStlI14ULuysGyKHfN1YdAAAAAAAAUFdsAQ0AAICA6rZrlv4X+oYeq/hnaF1osFlVXeh8oWMiXRfu/PF6baw6AAAAAAAAoK5YAQwAAABJ1YePoVs3VxRuxW9t6sJdo6HrKvZUk9A1WnUAAAAAAABAbREAAwAAICBcgHq82nBBb22OhW7VXN32yZGqq3iPoX1UdY+NWQcAAAAAAADUFQEwAAAAJAWHtFU9L7eicM/XDae6ALaq2uOFovWtO9620OHC42jVAQAAAAAAALXBM4ABAAAgKTjQrbgytfwrdGVtVXXlQsPhqupqslo40nVVBdGhAWy06gAAAAAAAIC6YgUwAAAAAkK3JA4NT48XYFY1Z03qws0ZGjhHqq66oLWmYWy06gAAAAAAAIDqEAADAAAgrHCrfctVFbbWNLw83orc0FXDka4Lt4o5tL9oHiMEBgAAAAAAQF2xBTQAAAAkBYempmlWel3xeHlQWTGsDPdM4NBtpcPVhQtBQ7+PdF1V913xWE22jW6MOgAAAAAAAKA2WAEMAAAASZUD2nDPra0Y3vp8Pnk8Htntdtnt9rBzhX5f1TVDrxPaR2PUnUjHAAAAAAAAgLpiBTAAAAAkBa+erbjCN/R8eWC5atUqjRo1Su+//37gfMW66rZhDq0LFzg3Vl3F+y0/X/H+o1EHAAAAAAAA1BUBMAAAACRVXqlbvlK24srgijX5+fn6z3/+o/3791caX7G2YtgZOkfFY+FWxIZeO5J1oX2GezZwtOoAAAAAAACAuiIABgAAQEBV2xFXtZq2qjnC1YWuCg5dFRtuy+mGqgt3j9WJVh0AAAAAAABQWzwDGAAkeTyeaLcAAJKk+Pj4qF6/qpWooc/OrWqVanVbH4euxK3q2cKhczd0XcVjNQ3AG7qOVcAAAAAAAACoKwJgAPiZYbij3QKAU5zVmhDtFiRVHe7WJJgMV1NVKFzdXBXPN0RdVauCj9dXtOoAAAAAAACAmmILaAAAAAQJt31z6ArVqrYwDlcXLqStalVudSFtQ9aVf3+i1QEAAAAAAAC1RQAMAAAAScGhaeiK1NAQt7pVwuUq1oWGyuEC0NDj4eaOZF15f+EC7XD30dh1AAAAAAAAQF0QAAMAAEBS8KrcigHq8VawVjwWGmyGC2PDPRs4tC40II50XWjP1b0X0awDAAAAAAAAaosAGAAAAJKqfn5vbbZ/rirwrUtdxfrGqjuRjgEAAAAAAAB1YYt2AwAAADgxhFt9Gi68re1c1W3JXF1dxaC4IetC7zXcFtgnQh0AAAAAAABQEwTAAAAAkBQcRFZ8LUmGYejYsWNBx5xOp0zTlMvlUmFhYeC4xWJRSkqKbDZbjZ8DHO66jVVXsbZiCBvNOkJgAAAAAAAA1BUBMAAAACT9L4QMt0p2165duu2221RSUhI4lp+fr9LSUs2ePVuLFy8OmmfWrFnq06ePJFWar2IQGi4YrXisugA1UnUVQ9iq3pPGrgMAAAAAAADqigAYAAAAAaFbKJdzuVzasWOHiouLA8d8Pp9M09ShQ4fkcDiC5nA6nYE5ws0Z7lnDVfVS8Vyk6qrrq6ptpBuzDgAAAAAAAKgrAmAAAAAEhK7OLdexY0fNnj1bhmEEjq1Zs0Yvvviirr32Wo0aNSponqysrMAc1YWh4a7dWHU13Wo5WnUAAAAAAABAXRAAAwAAIEi4cDItLU0jRowIOldcXCyr1aqsrCxddtllVT6/tmIIXNPn3FY83xB11T0vuLp5olUHAAAAAAAA1FRctBsAAADAiaViWFsudAVt+VdN60JD2tCwM9xzcUND2oasK//+RKsDAAAAAAAAaosAGAAAAJKCQ9Nwz6qtGKZWtVo1NAyuuMI13J+hc1cXgka6rry/imF2dffR2HUAAAAAAABAXRAAAwAAQFLwqtyKAerxVrCGbmMcujo4XAhcsS40cA69ZkPUVfw+XJgdboVyNOoAAAAAAACA2uIZwAAAAJDX69X8+fNrNWbt2rXy+XzauHGj3nnnnRqPs1gsatq0qS644AIlJyeHXRUcWl/VltORrjuRjgEAAAAAAAB1YTH5r0wAII/HI8NwR7sNAKc4qzVB8fHxUbl2UVGR0tLSGvw6FotFWVlZeuKJJzRy5EjZ7fbAueq2oK4o0nVVqemYaNUBAAAAAAAgdhUVFUmScnJyajymZ8+eklgBDAAAgEZis9l0/vnn6+mnn1avXr0CwWxFoceOt4q3rnWh21aHO1dRtOoAAAAAAACA2iIABgAAgCwWi1JSUoKOmaYpt9stn89X7/lTUlJ03XXXaerUqerYsWOlYDb0+cOhq3drU2eapjweT623U7ZarUErksvnCnfdUJGuAwAAAAAAAOqKABgAAABKTEzUP//5z6BjHo9HL730kr7++ut6zz906FA9/vjjatmyZeBY6ArYqtSmrqSkRG+//ba+/fZbGYZRqx5TU1N15ZVX6te//rWsVmul61fsIVxoG+k6AAAAAAAAoC4IgAGgAfh8Pi1cuFjz5r2nli1basyY0Ro6dLAMw9DChYs1f/77SktrqjFjRmvYsCHRbjfIv/+9TAsXLtIrr7wU7VYANCK73a6rrroqKGR1Op1atGhRROZv0aKFUlJSwoafoa8tFkud61atWqV7771XxcXFderz66+/1gcffKCMjIygeXnGLwAAAAAAAE4WBMAA0ABsNpuuvvpqrVz5qbp166rhw4fLMLyyWq0aN26cPv98jTp27KBLLrlEhuGNdrtBevToIavVfvzCGli79htlZ/8qInMBaBzlWynXZtVt69atlZqaWulcfn6+HA5H0LGKc4e7Rrjr16Zu586ddQ5/JWn//v06evRoUABc1bbToSJdBwAAAAAAANQFATAANBCfzyOpLJSoGPJWdfxE0b59O3Xo0KHevf3ww4967735BMDASaa2q1MTEhI0depUjR07Nui4YRh66qmnNHv27KDjoXNXFX5Wteq3rnW14ff7A+9DTa7bEHUAAAAAAABAXREAA8AJ4ODBg5o162W1bNlCeXmHNHz4MF1wwfn66quvNXPmcxo16jLl5u7Xnj17NGHCtZWOvfzyLL3yymw5HA4lJSXrxx9/1LRp96lJkxTNnPmctm7dqj59+ujHH39UUVGRxowZraKiIm3atFm5ubkaN+4qjR9/tRyOo3rttTe0YsVKLVnyoSTJ5XLp73+fo+LiYvl8PmVmZmjSpJv0xRdr9Ne/vqCzzuouv9/Qjz/+pIyMtpo+/TEdPXpUs2fP0b59uZo58zmNHDlCXbueqfvv/4MyMjJUUlIin8+nBx6Yqvj4eG3a9J0WLPhA6enp2rdvnyZOvE49epwV5U8FOPXUNTxt1qyZTjvttKCtmQ3DCLsquOJ1QlcCl5+ravVxTesioboQNtzq5MaoAwAAAAAAAGqCABgAGtjGjTl64omngo7t27dPHTqcFnj9zDMz1atXL910043aty9XN954k84++2wNGjRIc+e+Ia/Xp6lTp+pf//o47DFJats2Q7/73e9kmtK0adP08cf/1i23TNLIkSP1/ffb9dBDD8lut+vdd9/V22+/o3feeUvJySlasWKFnn76aY0ff7WaNWumCy64QCtWrAz09t57C7R37z698MLzMgxD11wzXmed1V0XXnih3nzzHQ0cOFCjRl2m0lK3xo0bp6++Wqthw4ZowIABMgy/pk2bJq/XI9P069xzz9XYsWPl9/t16aWXKSdnk371q3565ZXZuuOOO9SrVy/l5eXpyJH8xvlwAASpz3bEFUPd6uaoWHf48GHl5eXV6XqSlJaWpnbt2gWeBRzpILjifKErgqt6RnGk6giCAQAAAAAAUFcEwADQwHr37q377vt90LHbbrs98L3T6dR3323WLbdMksfjUps2rWSz2bRz5w9q0aK5JKl9+/aKizN15ZWXB7aQDj02duwYeTwuSVKzZs1VWuqWZMrvN35ejeeRYXh0+umny+VyyWq1yO0uUceO7eV2u+XxeBQfHy+/3xfU63/+840GDRokj6dUknTGGWdoy5ZtGjAgW1JZUOF2lyouTsrMzFRJSYlM05Tf75ekQE+SNGbMaHm9Za9TU1PldJbNmZbWTO+8845SUpL1i190Unp688B4AI2nvsFj6HN5q6tbv369Jk+erF27dtX5eq1atdITTzyhsWPHBkLgSAkNa6NxDAAAAAAAAKgLAmAAaGCm6Q+Ep+EUFhZKkhYvXqxVq1IkSV26dJHVaq0wR1kgUB7+hh4zTVMffPC+9uzZq9TUVP344w/65S+zqujHCAoY/P7qw4aCgkJt2LBBBQVHfr6eTykpKdWMCB/AFBcXa/789+X1epWYmKji4uJAWHP//ffplVf+rjvu+J06deqkadPu02mnta+2LwCRV58ANfSXNqr6JY7ya7z22mvasGFDvQJPh8Oh9957TyNHjlSTJk3qPE84FVfnHj58WJs3b1ZpadV/l1cnMTFR3bt3V9u2bWv0HhMCAwAAAAAAoD4IgAEgylq0aCFJGjNmrLp16ypJiouzyuv1VFqNW5XPPvtcH364SK+//pri4uJ05EhBxPpr3ry5srOzNW7cb37uLU6GYQSF0TXxj3/Mld/v1/333ydJWrZsReBcy5bN9Oijj8jt9uixxx7TnDn/1J/+9HDE7gFAw/H5fFq6dKkOHz4cdNw0TX377bdhx5imqeLi4ogEnUVFRTIMo8FC08LCQk2ePFnLly+X1+ut0xw2m02DBg3S66+/rlatWkkK/wxjtn0GAAAAAABAJBAAA0CUJSUlqUePHlq4cKGmTLm7TnMcO1Yiuz1ePp9HFotFbrdbNps9Iv0NGJCtZcuWa/jwoUpOTq7xOLvdrmPHjgVeFxcXq1mzZvJ63TIMI2h14Ny5r+v66yfIYpH69eunb775JiK9A6ib2mwF7fP5NG/ePM2bNy/ic9dGQzwDWJK2b9+u5cuXq7i4uM5zuN1urV69Wlu3btX5558vKTjsJfgFAAAAAABAJMVFuwEAiEVer1evvvqa8vLytHnzFi1cuEhSWVDy6quvaf/+/dqyZas++GChJOmBB/6ggoJC3X77XXr44T9p9uw5Ki0t1bp161VYWKj169drx44dkhT22HnnDZTVatXkyXdo5sznZLHEacuWzcrJydHXX69VaWmpPvlkqQoKCvXZZ1/I6/Vq8eIlOnbsmJYvL1uJu2zZcu3ZszdwfuHCRXK5XLr66nE666zuuvvuKXrggYf0/POztGfPXm3YsDHQx+HDh7VuXdmfOTk5OnKkQH379lVxcbF+//up+vLLr3TFFVdozZovNWXK/Zo793WlpaVp1apP5XAc1Z49e/XEE0/ppZde1tq1X+vWW2+JwqcGoFxDB5INtVq3Ifouf0Z6fblcrsAW0hX7NE2TLZ8BAAAAAAAQURaT/+IEAPJ4PDIMd0TntNsTZLPZZZqmfD6PfD5vmOPewKrd+PgkWSwW+f1+maZfXq9bcXFWJSQk/bzlslt+vz/sMcmixMSy1bl+vyHJori4OHk8pbLZ4mW12uXxuGQYvsD1vV6XfD7vz6/j5fW6ZBiGbLb4oPNlPSfKarXKNE35/f5Az+V9eL0uWSxxio9Pkt9vyONx/Xw+WabpDzynOD4+Sabpl99vyGq1ye/3y+NxKT4+UVLZ85Itljh5vW6ZZvjnhwKxzGpNUHx8fFR7qPivhk6nUzfccIMWLFhQZX1cXJx69eqlDh06VAoyt27dqh9++EGSdPPNN2vWrFlKTCz75/3GG2/U3Llz693v0KFDtWDBAjVt2lSmaerZZ5/VfffdV+f5OnTooE8++URZWVkyTVOrV6/W8OHDIxICf/zxxxo+fLgkVbv9c0OtkgYAAAAAAMDJo6ioSJKUk5NT4zE9e/aUxBbQANBgvF63vN7KoXK446Zpyu12Vqr1+w2VlhYf95hkyuUqCduHx+OS5KpwfZe83oqvg/sJPf+/YyFXNBXUh2kacrkqvjaDXuv/sXfn4VqV9d7Av8/eTDKPbgVBVHDCEGcMcgAzVDziec85ebTBOg3H7M0GTdPXJJNOHktzRCvR1GOWSuYEoeCAmokDEqkIKsogIDLP7M3z/sHZOzaTzBufPp/r6to8a933Wr+1IC8uvs/9u5Nan9e854oVS9dbO7DjVbdS3tQAskGDBvnKV76SM888s9bxVatW5bLLLqsJgKttr3Dz4xSart3+2fcxAQAAANiWBMAAANTYkiC1YcOGad68ea1jVVVVqV9/3b3IPy4h7Y4OlNcMgT8u7wgAAACAnZM9gAEASLL1e/Nu6n62H4cVrzsyhC0UCjX3E/4CAAAAsLUEwAAAJNm68HHNvWw3FvBur/B3e7RS3p5BdfW11xeafxwCcgAAAAB2XlpAAwCQZMvbHq9atSqVlZXrHNtQkLm9Vrluy+uuGWhv63rXDH83dgwAAAAAtoQAGACAJFsWoK5cuTK33357nnzyyVrHi8ViXnnllW1yj7pQvaJ49913z+67757Jkydv1fX22GOPdOzYcZOeXwgMAAAAwNYQAAMAsMWqqqryzDPP5JlnntnkOdsj4Nxeoek+++yTn/zkJ7nvvvvWWeW8qerVq5fTTz89++23X82xNVdbr7naGAAAAAC2lgAYAIBatrQVdF1ee3vsAZwk5eXlOeOMM3L66adn1apVW3SNsrKyNGzYMMn6w17BLwAAAADbkgAYYDuZPHlqXZcAbGedO+9R1yVsF9s7kNxeq3W3597CjRo1SrL+AHdbHwMAAACArSEABthOSjUYAkrb9t5/dnsGndur9k1dtbytxwEAAADAlhAAAwBQo7qV8vZuAV3dEnlrNWrUqFbN1St1t1RZWVnq169f83nmzJl5/PHHM2HChC1uAb0lBg0atMPuBQAAAEBpEQADAFBj7fC3vLx8m4S1ZWVlSf6+Avi0007LsGHDMmvWrC1auVsoFNKiRYucdNJJ2WWXXWqO9+7dO5/4xCcyceLEzb5uw4YN07dv31RUVKRYLOadd97JOeeck9GjR2f58uWbXePWEAADAAAAsKUKxe3d5w/gY2DFihWpqtqx/7gPsLby8oZp0KBBnd1/7f1oKysr8/LLL2fWrFlbfe327dvn4IMPTnl5eYrFYqqqqvL6669nypQpW7SytlAoZNddd81BBx1Us+q3UCikqqoqb731Vt56661UVVVt1jWbNGmS7t27p3Xr1qmqqso3vvGN/PrXv97ubbHXx1/RAQAAAP6xLViwIEkyduzYTZ7To0ePJAJggCQCYGDnsDMEwKtWrdrs4LQUffDBB+nXr1/Gjx9fJ/f3V3QAAACAf2xbEwBrAQ0AQJLVoeN9992Xa665pq5LqXMrV67MpEmT6roMAAAAANhsAmAAAGrMmDEjf/nLX+q6DAAAAABgC5XVdQEAAAAAAAAAbBsCYAAAAAAAAIASIQAGAAAAAAAAKBECYAAAahQKhbouAQAAAADYCgJgAACSrA5/69WrV9dlAAAAAABbQQAMAECNhg0b1nUJAAAAAMBWEAADAJBk9Qrg3XbbLU2bNq3rUgAAAACALSQABgCgRpcuXdKmTZu6LgMAAAAA2EICYAAAkiTFYjG77bZbunbtWtelAAAAAABbSAAM8DEzb+nK9B8yLqcMGZcPFq3c5HnFYjJkzPtpfMlTqVxV3I4V7nil/GywIxUKhTRt2jSf/vSnU15eXtflAAAAAABbQAAMsBNasKwyp/9mXC58dNI65+Ytq8zvP9ctXzuqff7trvG59YXpm3TNQiE5s0dFrWNH3/BSXpiyYJvUvKmWrKjKS1O3/J7rq3l9zwZsmfLy8nz6059O+/bt67qUf1hacAMAAACwNQTAADuhYRM+zPUD9s194z7I8spVtc51brVLGjcoz2nd2uaJ/zwk/3Hkpoc05WWFWp+vH9A13Xdruk1q3lT3vDorY6Yu3OL5G6p57WcDNl+xWEyxWMz++++fU089NYWC/1/VhZNOOqmuSwAAAADgY6xeXRcAwLrmLa3MHi0a5YiOzfPHv32Qfzt49erWDxevzOfveS1JsmerRvnzu/PT/4C2uaLf3kmS/xw6IR1bNMxL0xbmzB4V+Zfuu+adOUvzg2Fv54BdG6dB+d+/9/Pq9EX5yr1v5Cf99skRHZvna/e/niYN6qXlLvVSLCY3nr5vrZp+/cL0vDxtYTq2aJSXpi3ML/6pS1rvUj/ff+StVDRrkAXLK1NWSP7rpC555PXZOeN//pbvHtMx42csysTZy/LHsw9KeVkhQ8a8nzaN66dBeVm+fMTuGTTy3SxeUZkFy6vSqWWjfP+4TrngkUkZ9sacnLhv67w8bUEa1ivLw186OK/NXFxT88kHtNngsyXJL0ZPyXvzlqfVLvUy6cOlueqULtm1af3t+dsGH3vVgW+jRo3y5S9/OSNHjsyECRPquKp/LC1btszXv/71ui4DAAAAgI8xK4ABdjJvzFqSvVrvkiQ565CKDBkzo+Zcmyb106tzyxy2R7MM/uf98uCXuueXf/l7C+jvH9spl/TtnP/s2SFDxryfJDnvwUk5/aC2uezTe+U7n+pYM/bg9k3ToUWjJEm7pvVz+B4tsluzBrlhwL753KG12ym/PG1hrn1mSm4YsF9+0GfPfOdTHVNIITf9eVoa1S/LpSd0zlWndMmk2Uvzu1dn5dQD26aY5JI+nfOHL3ZPr87N8/Drc9K51S7pvnuTnLR/63z5iN3z53fnZ9SkOfnJSfvk2n/qmmtGT8n0Bctz6gFt06ZxvVx9apc88fVDM2Xe8vz1/UW1at7Ys70wZUF+O3Zmrj61Sy49oXMOad80Ax97e9v9JkGJKxQK6d69e/7v//2/ad68eV2X8w+lX79+Oeyww+q6DAAAAAA+xqwABtjJ3P/XWflwSWUemzgnlVXJi1MXZtLspenSdpd1xrbepX6WrqxKkiyvXJXfvTor9coKmTp/eU3r6Ocmz8/1p3XdpHvvUn/194KO3rNFreOj35mfQzs0T3WX5V6dV5//87vzc8oBbWvG9WjfLH9+d37+vceutets/Pc61/Ti1IVZtKIqg0a+myQ5qlPzzFtaWWtMoZC02qV+lq3VCntjz/bndxfkwIq/t4nu0b5pfvPSjHXGARtWv379fO5zn8vEiRNz8803Z/ny5XVdUslr1apVvvzlL6dRo0YfPRgAAAAANkAADLATqVpVTOWqYq4+tUvNsQXLV+a2F9/PoP9t87whd708I9PmL88Np++bUZPmZvyMRSkWk8pVq7K123gW/re29SmucXhVsZjNvVXXto1zSd89ax17+u15Hznvo56tuEZhq4rZ7LrgH1WxWKxpBd2iRYtccsklWbBgQe66666sXLmyjqsrbX379k3Pnj3tvQwAAADAVtECGmAn8qcJc3LEHrXbrfY/oG3+55UZWVm1/gC22oyFK9OsUXmSv4efhULSffemeeqtjw5UN6ZX5+Z5dvK8zF9We3XuJ/dskfEzFtd8fnnaohy958bbxZYVClm2cvVq3kPaN8tz787P3CWbHypt7Nk+uWeLjJ+5aI26Fq6zqhlYv0KhkGKxWPPfkbZt2+aqq67KeeedlyZNmtRxdaWrefPm+cIXvpCmTZvW+gILAAAAAGwuK4ABdhJPvT0vP33y3fTbr3WO3adlmjQoz4JllfnrjMWZtWhlvvfwpJx9+O559f2FWVm1Ku8vWJ6/TFmQYlavmB3QrW3OuHt8PlyyMrs3a5gp85fn5WkL84tTu+a8BydmxMQ52a1ZgzQoL+Sh12anTeP6mTp/WUZOmpO9WjfK2OkLs6KqmPEzFueg3WqHPIft0Tw/6LNnBtz+1+zZqlFaN66f7x6zR845ukMueOStXPqnt7No+aocsGvj/NvBFTUreEdMnJMj9miWv81cksb1yzJ/WWWOfsKukAAAIABJREFU27tlLhsxOYtXrMolfffM2Yfvnn+5c3y6tmuczq0a5aLj98zod+Zn1qKVeWXawiTJ7MUr8+Tbc1O5qlhT86F7NNvgs51+ULt87pDd8s0/vJk2Tepn8txlueqULmu/cmAD1lyBWigU0qZNm1x++eXp2rVrvve972XRokUbmc2WOOaYY9K7d+8ksQIYAAAAgK1SKFpiAJAVK1akqsr+lkDdKi9vmAYNGtTZ/avbP6/5M/l7ILlq1apce+21ufDCC7WD3oaaN2+e2267LaeffrrwFwAAAIAkyYIFC5IkY8eO3eQ5PXr0SKIFNAAA/6s6fFz7Z7WysrL8+7//e/bZZ58dXlsp69mzZ4455pia9+37mQAAAABsDQEwAACbpFgspnXr1uncuXNdl1IymjVrls9//vNp3bp1XZcCAAAAQIkQAAPsJBpf8pSfO+AnsGHFYrHmf9Wf1zy3vl+z5QqFQvr27Zt+/fqlrKzMewUAAABgm7AHMEDsAQzsHOp6D+A1Ve8DvPaxGTNm5Pjjj8+ECRPqqLLSUCgUcsghh2Tw4ME54ogjah0HAAAAAHsAAwCwTa1vP9pCoZAxY8bkrbfeqquySkKhUMiRRx6Za665JocddlitPZd9NxMAAACArVWvrgsAAGDnVh1KFgqF1K9fP2VlvkO4JcrKytKhQ4cMGDAg55xzTvbbb7+a1s/V4a8VwAAAAABsLQEwAAA11g4h1w4ke/funR/96EcZPnx4Kisrd3R5H0v169dPly5dcvDBB+eYY47Jvvvum0aNGtUas+a+y0JgAAAAALaGPYABYg9gYOews+wBvOaK37UDyWKxmKqqqixf7r+Zm6NevXrrrJ7eUNgrBAYAAABga/YAtgIYAIBaNrYCOFkdZpaXl9faJ3hDLYzXPLahcWvvM7z29xM3tB/x1oxbs5aPmrs9x23oHQAAAADAlhIAAwCQZN2Adu0wc01rjqs+/1Fh60eNW9+c6rq257hisfiRAWxdjQMAAACAzSUABgAgSWoFtNU/NxbUrmnNgHXtMWuv9t3QuI+67vYatynPVJfjAAAAAGBzCIABANgk62vnvOavq8PitUPjZP3tjzc2bu37butxG3qO6jlrq6txAAAAALC5yuq6AAAAdg7VLYnXF9Cu/eu1W0Sv2eZ57XbPa68o3tC4atXH17z+th63odB17cC4rsYBAAAAwJayAhgAgCQbbtVcfW7t8HJDIfD6Qs6NjVvz/Ib2EN4e4zZW55pj62IcAAAAAGwpATAAAOtYX4vkNcPbtcetef6jxm5sBe6a4fD2HLf2M65d8/r2Kt7R4wAAAABgSwiAAQDYqPW1WK4+vqGgeM2fa19rfUHo+sLZtcPQbT1uzXNrz9tQK+kdNQ4AAAAAtpQ9gAEAqLG+lslrBr8b2h94Q6tbq1sef9Qq2DXvt759iLf3uLWfv67HAQAAAMCWsgIYAIAam9LGec1Ad2Oraj+qPfPOcqy6zg21j67rcQAAAACwOQTAAADUsqE9fpP1tyveUAvjTR239qrX9a3i3dbj1tcmeu2xdTkOAAAAALaUABgAgE22sb1sP2ql7YbGfdTn7TFuc2vZ0eMAAAAAYEvZAxgAAAAAAACgRAiAAQAAAAAAAEqEFtAA/6u8vGFdlwAAAAAAALBVBMAASRo0aFDXJQAAAAAAAGw1LaABAAAAAAAASoQAGAAAAAAAAKBECIABAAAAAAAASoQAGAAAAAAAAKBECIABAAAAAAAASoQAGAAAAAAAAKBECIABAAAAAAAASoQAGAAAAAAAAKBECIABAAAAAAAASoQAGAAAAAAAAKBECIABAAAAAAAASoQAGAAAAAAAAKBECIABAAAAAAAASoQAGAAAAAAAAKBECIABAAAAAAAASoQAGAAAAAAAAKBECIABAAAAAAAASoQAGAAAAAAAAKBECIABAAAAAAAASoQAGAAAAAAAAKBECIABAAAAAAAASoQAGAAAAAAAAKBECIABAAAAAAAASoQAGAAAAAAAAKBECIABAAAAAAAASoQAGAAAAAAAAKBECIABAAAAAAAASoQAGAAAAAAAAKBECIABAAAAAAAASoQAGAAAAAAAAKBECIABAAAAAAAASoQAGAAAAAAAAKBECIABAAAAAAAASoQAGAAAAAAAAKBECIABAMhdd92Vf/mXf0nv3r3Tp0+fLFiwoNb5uXPn5rjjjkvv3r0zYMCADBkyJEly4403ZsCAAZk9e/Y2q+XWW29N7969c/bZZ2+za27M+PHj079///Tu3Ttvv/32Vl/vxz/+cXr37p1LLrlkk+dMmDAhAwYMSO/evTNu3LitrmFLTJkyJd/5znfy/PPP18n9t5dx48blnHPOyaBBg3LJJZfkpz/9aZYsWfKR80aNGpX+/fvXvI+lS5fmi1/8Yq699trtXTIAAADAVhEAAwCQz33uc/nkJz+Zhg0bZsWKFRk+fHit8w8//HDKy8uTJIceemi+/OUvJ1kdGs6ePTsLFy7cZrUcf/zx2+xam+Kggw5KRUXFNrtenz59NnvOfvvtlz322GOb1bC5Hn/88Tz66KN544036qyG7eXDDz/MV77ylVxyySUZNGhQPvjgg9x2220fOa9Pnz5p3rx5zef77rsv5513Xs4777ztWS4AAADAVhMAAwBQo2/fvkmSBx98sObYqlWr8vDDD6832Lzsssvy29/+Nnvttdc2r6VevXrb/JobUigUttm1yso+fn/FPuGEE/L1r389DRs2rOtStrnDDjssn/jEJ2o+77fffnnttdc2ae6afy4+//nP59BDD93m9QEAAABsazvuX9UAANjpHXfccXnmmWcyefLkjBs3Lt27d89f/vKX7L333mnXrl2tsX/7299y0UUXZe7cubnpppvSvXv3jBw5MrfddlsKhULatGmTSy+9NFOnTs33v//9LF68OH369Mlrr72W+fPnp3///unQoUMeeOCBzJw5M2eddVatts/z5s3LFVdckTFjxqRFixb5zne+k0MOOSRXXXVV/vjHP6Zjx4659tprc8UVV6RNmza57LLLcuedd+ZPf/pTGjRokKZNm+aCCy5Ix44d13nOmTNn5qqrrso777yTLl26ZOrUqbXOr+852rRpk5tvvjnjxo1LsVhMoVDITTfdlCQZOnRo7rnnnrRp0yZVVVW1rjV//vz87Gc/y5QpU7J48eKcddZZGTBgwAZ/D55++ulcffXVmTJlSj796U/noosuSpJcccUVmTp1asrKyjJ16tScccYZOfPMM5Mkf/3rX3P99ddn8eLFadasWfbff/98+9vfzsSJE/Pzn/88y5YtS1VVVS688MIcdNBBm/Enorbnn38+Dz30UFq2bJlJkybllltuSbFYzK233pp33303q1atyn777ZcvfOELGTFiRK688sr06tUr06ZNy/Tp0/NP//RPKSsry8svv5x33303559/fk444YQkyU9/+tMkyeLFi9OoUaNcfPHFmTBhQi677LLsvvvuqV+/fiZMmJCDDjoogwYNSqFQyAMPPJAXX3wxLVu2zNtvv52f/OQnadmyZa2a11zFmySzZ89eZ0y16dOn55prrkmrVq3SuHHjzJ07N8nqVcQ33HBDZsyYkcGDByfJBu+9vncEAAAAsCN9/JYnAACw3dSvXz8nnXRSkuShhx5KkvzhD3/I6aefvs7Ybt26Zc8996z5PH369Fx++eXZZ599cuWVV+bFF1/MHXfckYMPPjhdu3ZNkhx77LEZPHhwVq1alXvvvTcHHHBALr/88ixdujR33HFHres3bdo0/+///b/cfPPNeeedd/LjH/84VVVVOffcc5Os3pf44osvTrNmzVIsFjN69OjccsstOemkk3LTTTdl/PjxGThw4Hqfc9CgQXn++edz5ZVX5sorr0yHDh0+8jn++te/5q677srll1+ewYMH58ADD0ySvPrqq7n66quzzz77ZPDgwfniF79Y61433XRTnnjiiVx++eU5+OCDc8011+TDDz/c4O/Bvvvum6uuuir16tXLww8/nJkzZyZZvSJ68ODBufHGG7Nq1arcdNNNWbhwYebMmZPzzz8/8+fPz2233ZYbb7wxc+bMSVVVVS699NLMmDEjQ4YMyZIlS3LllVdu8L6b4rrrrst//ud/5oILLsjnP//5JMkzzzyTUaNGZeDAgfnRj36Ue+65JxMnTsyJJ56YZs2apX///rn11ltz2WWX5Xe/+12++MUv5pZbbsnnPve53HvvvTXX3n///XPRRRflsssuy8iRIzN58uTsv//+2W+//dKjR49cddVVufPOO/P888/nzTffTLJ6tfXll1+e888/Pw0aNMioUaM+8hlef/31nHjiies998Mf/jC9evXKxRdfnG9/+9s1QXGbNm3Ss2fPWmM3dO/1vSMAAACAHUkADABALaeddlqS1atgJ02alClTpuSII474yHkvvPBCqqqq0rFjx7Rt2zbJ6rBtTe3atUu7du2y6667JklatmyZvffeO40bN86KFSuyYsWKda67++67p2PHjpk1a1ZmzZpVc7yqqirXXXddBg0alAEDBuS5555LknTq1CmNGjVKhw4dMmHChMyePbvW9RYtWpSXX345rVu3TpcuXTb5OapX9n7ve9/LAw88kP/4j/9Ikjz11FNJkqOOOmq97+XPf/5zkqRDhw5p27ZtqqqqMnHixA2+x9122y3t2rWrCaUXLFiQJLngggtSKBRSKBTSqlWrJKtXFz/zzDNZvHhxjjrqqDRo0CDl5eU599xzM23atEydOjXt27dPWVlZ2rZtm3feeWe973hTNW3aNL/5zW8yc+bM9O7dO8nqVcHdu3dPeXl56tWrl7322it/+9vfauZUt/Lu2rVrKisra1pk77XXXrX2jq5eFV2vXr00adIkS5YsWef+LVq0SKtWrWreSfWK4mT1St/FixdvtP7hw4dn7733zrHHHrvOuZkzZ+aNN97Icccdt0nvYkP3Xt87AgAAANiRtIAGAKCWTp06pUePHhk7dmwuvvjiDBgwYJP2yJ03b16S1SHb2LFjU1FRscE9ZauvVywWa33ekF122SXJ6vbALVq0SLJ6BWbjxo2TJD169Mg999yTZPUq5iQ19547d25NkJukZvVt06ZNN+s5unfvnmOOOSZPP/10fvazn+Wee+7JkCFDagLmDV1v/vz5SZLzzjsvixYtSkVFRVauXLnR501qv5PKysrcfvvtGTNmTNq2bVsrCJ8zZ06S1ITCSVJRUZFx48YlSd5+++1885vfzMKFC1NRUZFFixaldevWH3n/9bn44otz/fXX57Of/Wz69OmTH/zgB5kzZ05mzZqVa6+9NknSqFGjNGjQYLOuW1VVlbvvvjtz585NkyZNsnTp0k2aN2rUqLzyyitp0aJF3nnnnZqV5uvz6quvZvTo0bnsssvWe77693HtltGbe+/1vaPqP5MAAAAAO4IAGACAdZx22mkZO3ZsPvjgg5x88smbNKc6VPzMZz6Tr371q9u0nuqVorvtttsGx1QHoNXh6vLly2vVVa06QF5z9emaNvQcixYtysCBAzNp0qTcfffdefLJJ2v2gK0+v6G6Zs+enWuvvTbl5eUbf9ANGDp0aG6//fb827/9W771rW/l85//fN55550kqdmbuTq4XvO+SbL33nvnhhtu2KL7rq1z5875+c9/nhkzZuRb3/pWnnrqqTRt2jTt2rXLeeedt8XXHTlyZF544YVcf/31SVbvr/tRPvjgg/zXf/1XHnzwweyyyy557733Njh23LhxefDBBzNw4MANhrHNmjVLsnrF9Yb2CN6Ue6/vHVXvcwwAAACwI2gBDQDAOo477ri0aNEixx9//EeGYdWOOuqo1KtXL88++2xN+95NWen6UaZMmZLp06fn2GOP3eAq2yTp1atXzfhly5Zl2rRp2X///dOmTZta41q2bJl99903c+fOzRtvvJEkWbVq1Uc+x8svv5yRI0fmwAMPzIUXXpgkadu2bY488sgkqWlBXb2qee26HnvssZp7VbeT3lTVday5yrdaz54907hx4zz11FM1+wWvWLEiHTp0SOfOnTNx4sRMnjy55jm2xp133plkdRDftWvXFAqFHHrooXn22WfXCaA3x4cfflgTzFZVVa3zDjc0p6ysrCZUr6ysXO+4V155JXfddVe+9KUvZfbs2Xn//fczY8aMdcZ16NAhFRUV+dOf/rRV917fOwIAAADYkcoHDhw4sK6LAACgbt11110ZMWJEJkyYkNatW6dz586ZN29ePvOZz6SioiJ33313hg0bloULF2bevHlZsmRJ6tWrl6FDh2bZsmVZuXJlTjnllOyzzz558cUXM2TIkDz55JM14dd9992XpUuXpnHjxmncuHEeeOCBrFy5Mk2bNs2KFSsyfPjwFIvFVFRUZN99983MmTMzf/78jBgxIg899FB69uyZCy64IA0bNsxvfvObjB07NqtWrcqyZctq9ifu2LFj6tWrl+HDh+exxx7LHnvskYsvvrhmxe+aunfvnrfeeiv33ntvRowYkfnz52fJkiVZuHBh+vfvv97n6NSpUwYPHpxnn302I0aMyCmnnJITTzwxHTt2TLJ6r98HHnggr732WmbPnp358+fnoIMOyqc//el8+OGHGTp0aIYOHZqXX345hx12WE376iR54403ar2jli1b5v7778/y5cvTqFGjDBgwIK+88kpeeumlTJ8+PTNmzMi8efPSqlWrHH300Tn44IMzYcKEDBkyJMOGDcsHH3yQo446KoccckgmTZqU3/zmNxk+fHgmT55cE0iv6YknnsiIESMyduzYLFq0KDNmzMjee++9Tivnu+66K2PGjMkLL7yQsrKynHXWWenSpUvmz5+fX/7yl3nmmWcyYcKE7Lvvvnn11VczYsSI1KtXL/vvv38efvjhvPTSS2nRokXat2+foUOH5s0338y+++6b7t275/7778/jjz9eE9DOmzcvHTt2zAMPPJCFCxeme/fuGTduXB577LE0aNAg/fr1y6uvvpq77rorEydOzPLlyzNp0qQcfvjhtb4o8Ktf/SpPPvlk7rvvvtx777259957c9999+VLX/pSrWcrKyvLgQcemDvuuCPDhg3Lq6++mvfeey8LFixIhw4d8uijj+add95J69atc/jhh2fs2LHrvfcf/vCHdd5R9V7BAAAAAJuqurvd+r7IviHV3fMKxU35ej0AAAAAAAAAO8SCBQuSJGPHjt3kOT169EiiBTQAAAAAAABAyRAAAwAAAAAAAJQIATAAAAAAAABAiRAAAwAAAAAAAJQIATAAAAAAAABAiRAAAwAAAAAAAJQIATAAAAAAAABAiRAAAwAAAAAAAJQIATAAAAAAAABAiRAAAwAAAAAAAJQIATAAAAAAAABAiRAAAwAAAAAAAJQIATAAAAAAAABAiRAAAwAAAAAAAJQIATAAAAAAAABAiRAAAwAAAAAAAJQIATAAAAAAAABAiRAAAwAAAAAAAJQIATAAAAAAAABAiRAAAwAAAAAAAJQIATAAAAAAAABAiRAAAwAAAAAAAJQIATAAAAAAAABAiRAAAwAAAAAAAJQIATAAAOu1YMGCnHPOOendu3duv/32ui4nSXLjjTdmwIABmT179jrnHn744fTu3Tsnn3xyHVQGAAAAADsHATAAAOvVvHnzHH744XVdRi1TpkzJ7Nmzs3DhwnXO9enTpw4qAgAAAICdS726LgAAgJ1foVCo6xKSJJdddllmz56djh07rnOurMx3GwEAAABAAAwAQBYvXpwf//jHWblyZWbPnp2jjjoq3/jGN2rOv/XWW/nud7+bcePGZe+9987VV1+dpk2b5v77789DDz2Udu3aZfz48Tn66KNz8cUX5/XXX8/ll1+e999/P5dddlkWLFiQX//61/ne976XX/ziF5k3b14OOeSQrFixIlOnTk3fvn1z3nnnpby8fIM1/u1vf8tFF12UuXPn5qabbkr37t3z6quv5he/+EUqKytTUVGxI14VAAAAAOzULJMAACD3339/Jk+enJ///Oe59dZb11lN26JFi1x++eXZd99989prr2X06NFJktmzZ+eaa67JVVddlcMPPzwjRozIc889l0984hM59thjkyT33HNPhg8fnl133TVdu3bN0UcfnSQ55ZRTcsstt6RXr14ZOnRoRowYsdEau3Xrlj333LPm8+LFi2sC4V/96le5/PLLt+UrAQAAAICPJQEwAACpqqrK1KlT8/3vfz/PP/98vva1r9U636ZNmzRt2jQHHHBAktTswfuVr3wlrVq1SpKan/Pnz68195Of/GR+9atfZeDAgWnRokXN8eq20tX7DL/yyiubVfPLL7+chQsX5uCDD06jRo02ay4AAAAAlCotoAEAyKmnnprHH388zz33XJ577rn06dNnvStq194L+LHHHssjjzyShg0bZurUqeu9drNmzZIke+2113rPN2nSJMnfQ+VN9eGHHyZJmjZtulnzAAAAAKCUWQEMAEDKy8tzxx135L/+67/StWvXjBo16iMD2UmTJuWKK67I4sWL89///d858sgjt+jeixcvTpK0a9dus+ZVrybe3OAYAAAAAEqZABgAgNx5552ZOXNmPvWpT+Xss89O48aN07hx443OqQ5uW7Zsuc6ewZtjzJgxSZI+ffps1rwePXqkQYMGGTt2bJYuXZpisbjFNQAAAABAqSgfOHDgwLouAgCAujVjxoxcf/31+ctf/pKXX3455557btq0aZNf//rXmT17dpYtW5ZevXrltttuy5w5c7J06dL8+7//e95777288soree+99/LBBx9k6tSpqayszJ577pnf//73mTNnThYvXpxOnTqloqIiSTJ69OhMmjQpU6dOzfDhwzN58uR89atfzfHHH7/RGseNG5ehQ4dm2bJlWblyZfr165e99tor48aNyz333JNnn3028+fPz/Lly9OiRYua/YoBAAAA4ONm+fLlSVb/u92m2m233ZIkhaKlEgAA7ECDBg3KsGHD8qMf/Sh9+/at63IAAAAAYKezYMGCJMnYsWM3eU6PHj2SJPW2S0UAAPARKisr1zn2pS99KdOnT1/v+AsvvHCz20QDAAAAwD8aATAAADvMu+++m/HjxydJHnnkkRx44IHp2LFjzfmf/exnqaqqWu/c5s2b75AaAQAAAODjTAtoAAAAAAAAgJ3I1rSALtsuFQEAAAAAAACwwwmAAQAAAAAAAEqEABgAAAAAAACgRAiAAQAAAAAAAEqEABgAAAAAAACgRAiAAQAAAAAAAEqEABgAAAAAAACgRNSr6wIAANh5TJkyJVdffXU++9nPpmfPnjXH33vvvVx33XVp1apVZs+ene985zvp1KnTx+rcxp4PAAAAAEqFFcAAACRJHn/88Tz66KN54403ah0vFou59NJL89nPfjaXXHJJ/s//+T/54Q9/+LE6t7HnAwAAAIBSIgAGACBJcsIJJ+TrX/96GjZsWOv4xIkTM23atBx++OFJkqOPPjrvvvtuJk6c+LE5t7HnAwAAAIBSogU0AAAbNWnSpOy6664pFApJkvLy8uy6666ZNGlSisXix+Jc165dd+g7AwAAAIC6IgAGAGCj5s+fv86q2V122SXz589PsVj8WJwDAAAAgH8UWkADALBFqlfafpzPAQAAAECpsQIYAICNatGiRZYtW1br2JIlS9K8efMUi8WPxTkAAAAA+EchAAYAYKO6du2aWbNmpVgsplAopLKyMrNmzUrXrl1TLBY/FucAAAAA4B+FFtAAAGxUly5dsscee+TFF19Mkjz//PPp3LlzunTp8rE5BwAAAAD/KArFYrFY10UAAFD3nnjiibz55pu59957c+SRR6Zbt2457bTT0rRp07z77ru5/vrrU1FRkZkzZ+Zb3/pWOnXqlCQfm3Mbez4AAAAA2JksWLAgSTJ27NhNntOjR48kAmAAAAAAAACAncrWBMBaQAMAAAAAAACUCAEwAAAAAAAAQIkQAAMAAAAAAACUCAEwAAAAAAAAQIkQAAMAAAAAAACUCAEwAAAAAAAAQIkQAAMAAAAAAACUCAEwAAAAAAAAQIkQAAMAAAAAAACUCAEwAAAAAAAAQImoV9cFAACwc/nggw/yz//8zykWi7npppvSvXv3ui5pvQYPHpxHH300FRUVqayszKRJk5IkBx10UCorKzN9+vR885vfzMknn7zBa1RVVeV3v/tdRowYkcWLF6ddu3ZZunRp2rVrly9/+cvZf//9d9TjAAAAAMA2IQAGAKCWkSNHplAopFgs5rHHHtshAfDvf//79OzZM506ddqseT/96U/TrVu3vP322/nCF76QsrKy3HzzzUmSRx55ZKNzi8VifvCDH+S5557LF7/4xfzHf/xHysrKUlVVlZtvvjlvv/22ABgAAACAjx0toAEAqOXxxx/PWWedlSR54oknUlVVtV3v9+KLL+a6667LlClTNmteRUVFKioqNni+U6dOadmy5QbPP/nkk3nuuefSsWPHfOUrX0lZ2eq/GpeXl+e4447LLrvssln1AAAAAMDOwApgAABqTJkyJWVlZTnzzDPz29/+NvPmzcuYMWPSs2fPmjF//etfc/3112fx4sVp1qxZ9t9//3z729/OxIkT8/Of/zzLli1LVVVVLrzwwhQKhVx44YWZN29eDjnkkKxYsSJTp05N3759c9555+Uvf/lL/vu//zvJ6pbOEydOzNlnn50rrrgiU6dOTVlZWaZOnZozzjgjZ555Zq1a//mf/3mjz9KgQYMMHDgwS5Ysycknn5yLL744v//97zNkyJBcd911GT16dJLk8MMPT6FQqDW3W7du6dat27Z4pQAAAACwQ1kBDABAjccffzwnnHBCmjVrliOPPLLmWLU5c+bk/PPPz/z583PbbbflxhtvzJw5c1JVVZVLL700M2bMyJAhQ7JkyZJZy8geAAAgAElEQVRceeWV6datW44++ugkySmnnJJbbrklvXr1ytChQzNixIh88pOfrGmzfM455+Tss89OktSrVy+DBw/OjTfemFWrVuWmm27KwoULN+tZ9ttvv5r9f9u3b59k9argfv36Zd999820adOSJLvuuutWvDEAAAAA2LkIgAEAqDFq1Kj06dMnSXLCCSckSZ5++umsWLEiSfLMM89k8eLFOeqoo9KgQYOUl5fn3HPPzbRp0zJ16tS0b98+ZWVladu2bd55552aeUlqVtkefvjhSZJXXnllg3VccMEFKRQKKRQKadWqVZJk/vz5m/08p512WpLkoYceyqpVqzJixIj0798/yeo9gJNk5cqVm31dAAAAANhZaQENAECS5M0338zMmTNz8cUXJ0mqqqpSVlaWJUuW5Nlnn83xxx+fOXPmJElNKJus3ot33LhxSZK333473/zmN7Nw4cJUVFRk0aJF69ynSZMmSbLBFb2VlZW5/fbbM2bMmLRt2zazZs3a4mfaa6+90r1794wbNy5PPPFEZs2alS5duiRJdt9997z22mvrvX6xWMzy5cvTqFGjLb43AAAAANQFK4ABAEiyutXzeeedl1/+8pf55S9/mVtvvTXHHHNMzbkkadeuXZJk3rx5teZWB8J77713brjhhtx99925//7707p163Xus3jx4lrXWtvQoUNz++23p1u3bhk0aNBWt2geMGBAkuRnP/tZ+vbtW3P8+OOPT5I8//zzqaysrDXnvffey2233bZV9wUAAACAuiAABgAgxWIxTz/9dI499thax/v165ckee6557Jo0aL07NkzjRs3zlNPPZWZM2cmSVasWJEOHTqkc+fOmThxYiZPnpxkw62Vx4wZkyQ1raYbN26cJPnwww+TJEuWLElSe5Xx1jjuuOPSvHnzLF++vKatdZIce+yxOe644zJ79uz88pe/zKpVq5KsfhejR49OvXqa5QAAAADw8VM+cODAgXVdBAAAdeu6667L+PHjs3z58hxxxBFJkmXLluXuu+/OpEmTsmrVqrz11ls59dRT06NHj0yYMCFDhgzJsGHD8sEHH+Soo47KIYcckkmTJuU3v/lNhg8fnsmTJ6dXr14ZPXp0Jk2alKlTp9Yc/+pXv1qzArdNmzZ5+eWX8/TTT2fatGn513/917zyyit56aWXMn369MyYMSPz5s1Lq1at0qNHj3VqHzZsWO666668//77KRaLeeutt9KqVavsvvvuSZLy8vLMnTs3FRUVOfHEE2vmFQqFHHfccWnZsmWefvrp3H333Rk9enT++Mc/ZsGCBenXr1922223HfD2AQAAAKC25cuXJ0lmzJixyXOq/y2rUCwWi9ulKgAASDJo0KAMGzYsP/rRj2q1YN6Rrr/++vTq1SuHHnpondwfAAAAADbHggULkiRjx47d5DnViye0gAYAYIdYe5/d7e29997LqFGjMmvWrLz++uvCXwAAAAD+IdjYDACA7ebdd9/N+PHjkySPPPJIDjzwwHTs2HGH3f+6665Lq1atcskll+ywewIAAABAXdICGgAAAAAAAGAnogU0AAAAAAAAAAJgAAAAAAAAgFIhAAYAAAAAAAAoEQJgAAAAAAAAgBIhAAYAAAAAAAAoEQJgAAAAAAAAgBIhAAYAAAAAAAAoEQJgAADW8a//+q/5xje+sVXX+J//+Z/88Ic/3EYVJaNGjUr//v3z/PPPb7NrAgAAAECpEQADAFDLG2+8kRUrVmTcuHGZOXPmJs+bM2dOJk2aVPP50EMPTd++fbdZXX369Enz5s232fUAAAAAoBQJgAEAqOWJJ57Id77znTRo0CAjR47c5Hm/+93v8tZbb9V8PuCAA3Lsscdu09oKhcI2vR4AAAAAlJp6dV0AAAA7l7Fjx+ZrX/tajj766IwcOTJnnnlmrfPjx4/PnXfemXbt2mXhwoXp2LFjDjnkkAwfPjydOnXKlClTcvrpp+eGG27IjBkzMnjw4FxzzTW5//77841vfCNnnnlmpk+fnmuvvTbt2rXL+eefn5/+9KdJksWLF6dRo0a5+OKLUygUMn369FxzzTVp1apVGjdunLlz59bUMX369Nx0001p1apVZs+enYMPPjhnnHHGDn1XAAAAALCzEQADAFDjzTffzN57753y8vL07ds3P/zhDzN16tTsscceSZKFCxfmggsuyA033JB99tknSXLLLbfksMMOS/v27dO/f/985jOfSZL07NkzDzzwQJLkm9/8ZkaOHJm2bdsmSdq3b5/y8vKce+65SZL9998/AwYMSGVlZU488cSceeaZ2WuvvfLDH/4w/fv3z4ABA5IkL7zwQk2tAwcOzBlnnJE+ffpk5cqVOeuss9K5c+f07Nlzx7wsAAAAANgJaQENAECNJ554In369EmSfPKTn0yjRo3y+OOP15x/4YUX0rx585rwN0nOPvvsj7xu/fr1c/LJJ+fBBx9MksycOTNt2rTJLrvskiQ1AW+9evXSpEmTLFmyJDNnzswbb7yR4447bp3rzZ49O6+99loOOeSQmusfdthhGT169BY+OQAAAACUBiuAAQCo8dxzz2XKlCl56KGHkiQtWrTIyJEja0LeDz/8MM2aNas1p2HDhpt07dNOOy2//e1v895772XkyJHp379/kqSqqip333135s6dmyZNmmTp0qVJVoe8SdK8efN1rlXdCrpJkyY1x5o1a5YpU6ZszuMCAAAAQMkRAAMAkCSZNGlSDjjggFx00UU1x5566qlccsklefvtt7P33nunTZs2mTNnzhZdv0OHDjn88MPz4IMPZubMmfnSl76UJBk5cmReeOGFXH/99UlS0za6OmhesGBBWrZsWetarVu3TpIsWrSo5tcLFy5MmzZttqg2AAAAACgVWkADAJAkGTVqVE488cRax44++ug0bty4pg304YcfnkWLFmXUqFHrzK9Xr14WLly40XsMGDAg9913Xw477LCaYx9++GHq16+fZPVq4GKxmGR1YFxRUZE//elP61ynTZs26datW1588cUkSWVlZV566aX07t17M54YAAAAAEpP+cCBAwfWdREAANStYcOG5d57703btm2zzz77pEGDBkmSESNG5I033sgbb7yRsrKyHHrooenevXtuvfXWPPjggxkzZkzmzp2bAw88MEuWLMntt9+ed999NxUVFXn00UfzzjvvpHXr1jV7Bnfs2DGPPfZYvvvd79aEvm3bts3999+fxx9/PO+//35mzJiRefPm5VOf+lQOPPDA3HHHHRk2bFheffXVvPfee1mwYEF69eqVI488Mvfee2/GjRuXRx99NMcff3z69etXZ+8QAAAAALaV5cuXJ0lmzJixyXN22223JEmhWL3EAgAAAAAAAIA6t2DBgiTJ2LFjN3lOjx49kmgBDQAAAAAAAFAyBMAAAAAAAAAAJUIADAAAAAAAAFAiBMAAAAAAAAAAJUIADAAAAAAAAFAiBMAAAAAAAAAAJUIADAAAAAAAAFAiBMAAAAAAAAAAJUIADAAAAAAAAFAiBMD8//buPtbLsvDj+OccQOwczuEpQVEeDEMBhyds5dIUMhf+4WYsRgyXsIYRTYhyLrIZIx05szR/jVbhRMnWUHscypqJIHmk4qFEiKMOZTCcPB04wMEDnN8f6JmEPCgWdPF6/XPO9/7e13Vf3y//sL3Pdd8AAAAAAABAIQRgAAAAAAAAgEIIwAAAAAAAAACFEIABAAAAAAAACiEAAwAAAAAAABRCAAYAAAAAAAAohAAMAAAAAAAAUAgBGAAAAAAAAKAQAjAAAAAAAABAIQRgAAAAAAAAgEIIwAAAAAAAAACFEIABAAAAAAAACiEAAwAAAAAAABRCAAYAAAAAAAAohAAMAAAAAAAAUAgBGAAAAAAAAKAQAjAAAAAAAABAIQRgAAAAAAAAgEIIwAAAAAAAAACFEIABAAAAAAAACiEAAwAAAAAAABRCAAYAAAAAAAAohAAMAAAAAAAAUAgBGAAAAAAAAKAQAjAAAAAAAABAIQRgAAAAAAAAgEIIwAAAAAAAAACFEIABAAAAAAAACiEAAwAAAAAAABRCAAYAAAAAAAAohAAMAAAAAAAAUAgBGAAAAAAAAKAQAjAAAAAAAABAIQRgAAAAAAAAgEIIwAAAAAAAAACFEIABAAAAAAAACtF+0KBBJ3sNAAAAAAAAALylvr7+fY+1AxgAAAAAAACgEAIwAAAAAAAAQCEEYAAAAAAAAIBCCMAAAAAAAAAAhRCAAQAAAAAAAAohAAMAAAAAAAAUQgAGAAAAAAAAKIQADAAAAAAAAFAIARgAAAAAAACgEAIwAAAAAAAAQCEEYAAAAAAAAIBCCMAAAAAAAAAAhRCAAQAAAAAAAAohAAMAAAAAAAAUQgAGAAAAAAAAKIQADAAAAAAAAFAIARgAAAAAAACgEAIwAAAAAAAAQCEEYAAAAAAAAIBCCMAAAAAAAAAAhRCAAQAAAAAAAAohAAMAAAAAAAAUQgAGAAAAAAAAKIQADAAAAAAAAFAIARgAAAAAAACgEAIwAAAAAAAAQCEEYAAAAAAAAIBCCMAAAAAAAAAAhRCAAQAAAAAAAAohAAMAAAAAAAAUQgAGAAAAAAAAKIQADAAAAAAAAFAIARgAAAAAAACgEAIwAAAAAAAAQCEEYAAAAAAAAIBCCMAAAAAAAAAAhRCAAQAAAAAAAAohAAMAAAAAAAAUQgAGAAAAAAAAKIQADAAAAAAAAFAIARgAAAAAAACgEAIwAAAAAAAAQCEEYAAAAAAAAIBCCMAAAAAAAAAAhRCAAQAAAAAAAAohAAMAAAAAAAAUQgAGAAAAAAAAKIQADAAAAAAAAFAIARgAAAAAAACgEAIwAAAAAAAAQCEEYAAAAAAAAIBCCMAAAAAAAAAAhRCAAQAAAAAAAAohAAMAAAAAAAAUQgAGAAAAAAAAKIQADAAAAAAAAFAIARgAAAAAAACgEAIwAAAAAAAAQCEEYAAAAAAAAIBCCMAAAAAAAAAAhRCAAQAAAAAAAAohAAMAAAAAAAAUQgAGAAAAAAAAKIQADAAAAAAAAFCI9id7AQCngosvvvhkLwEAAAAAeMsLL7xwspcA8D9LAAaI/1ACAAAAAABlcAtoAAAAAAAAgEIIwAAAAAAAAACFEIABAAAAAAAACiEAAwAAAAAAABRCAAYAAAAAAAAohAAMAAAAAAAAUAgBGAAAAAAAAKAQAjAAAAAAAABAIQRgAAAAAAAAgEIIwAAAAAAAAACFEIABAAAAAAAACiEAAwAAAAAAABRCAAYAAAAAAAAohAAMAAAAAAAAUAgBGAAAAAAAAKAQAjAAAAAAAABAIQRgAAAAAAAAgEIIwAAAAAAAAACFEIABAAAAAAAACiEAAwAAAAAAABRCAAYAAAAAAAAohAAMAAAAAAAAUAgBGAAAAAAAAKAQAjAAAAAAAABAIQRgAAAAAAAAgEIIwAAAAAAAAACFEIABAAAAAAAACiEAAwAAAAAAABRCAAYAAAAAAAAoRPuTvQCAU8W5556bsWPHZvDgwamoqMhrr72WefPmZeXKlSc077Bhw7Jw4cL3Pb6ysjKXX355Fi9efELrAAAAAAAAymcHMECS7t2753vf+142btyYqVOn5stf/nIWLFiQb3zjGxk4cOAJzT127NgTGt+nT59ceeWVJzQHAAAAAABwerADGCDJddddl7Vr12bu3LltxxYvXpympqY0NTUlORhiJ0yYkM6dO6elpSW//OUvs2zZsiTJgw8+mLlz5+ZTn/pUunfvnmeeeSaPP/54vvWtb6Vz58659957c8cdd6S5uTk333xzevfunST5wx/+kCeeeCJJUlVVla9+9au58MILs3v37jzwwANpaGjItGnTUlVVlenTp2f69OlHXQcAAAAAAHB6swMYIMnAgQPz3HPPHXZ8+fLlWb9+fSoqKjJ16tQ8+eSTmTx5cu69995Mnjw5nTp1SpLs378/Z511VmbMmJEZM2Zk1KhROeOMMzJr1qzs27cvX//617N58+aMHDky27Zty6RJkzJjxox86UtfSteuXZMkY8aMybZt23LTTTdl1qxZmTp1alpaWjJnzpysWbMm06dPP+Y6AAAAAACA05sADJCkuro6jY2NR3y/R48e6d69e5YsWZIkWb9+fTZu3JgBAwa0nfN2QN6yZUuam5vTpUuXw+Z55JFHMnv27CTJpk2bsmXLlvTo0SNJMnTo0Dz99NNJkn/961+ZMmVK9u3b957XAQAAAAAAnL7cAhogSVNTU7p3737E9zt37pxdu3Ydcmznzp2pra1te93c3Nz2+4EDB1JZefjf2PTp0yejR49ObW1tWltb07Vr11RUVLzrNXbs2PG+1gEAAAAAAJy+7AAGSLJq1ap8+tOfPuz4lVdemU9+8pNpbGxMdXV1W6xNkpqammzfvv09XWfKlClZunRppk2blm9/+9uH7DpubGw8JOT26tUr7dsf+nc6H9Q6AAAAAACAMgnAAEl+//vfp3fv3pk4cWJ69OiRM888M8OHD8/48ePzxhtv5PXXX8/mzZtz+eWXJ0n69euXnj17Zu3atUedd//+/amsrEzHjh2TJJ06dcorr7ySJBk2bFiqq6vb3lu2bFk++9nPpqKiIhdccEHuuOOOtjmqqqqS5H2vAwAAAAAAOD1UDBw4sPVkLwLgVNCzZ8/ccMMNufjii9OuXbs0NDTkV7/6VV566aUkB2/fPGHChNTW1mbv3r15+OGH889//jNJMnv27Nx2223ZtGnTYa+/+93vpk+fPrnzzjvz0Y9+NNdff312796dP//5z6mpqcmwYcPyne98J3v27MnEiRNz4YUXZs+ePXnggQeycuXKdO3aNTNnzsyBAwcyadKko64DAAAAAAD431dfX58kWbFixXGPqaurSyIAAwAAAAAAAJxSTiQAuwU0AAAAAAAAQCEEYAAAAAAAAIBCCMAAAAAAAAAAhRCAAQAAAAAAAAohAAMk6du3bxE/AQAAAACA01vFwIEDW0/2IgAAAAAAAAA4qL6+PkmyYsWK4x5TV1eXxA5gAAAAAAAAgGIIwAAAAAAAAACFEIABAAAAAAAACiEAAwAAAAAAABRCAAYAAAAAAAAohAAMAAAAAAAAUAgBGAAAAAAAAKAQAjAAAAAAAABAIQRgAAAAAAAAgEIIwAAAAAAAAACFEIABAAAAAAAACiEAAwAAAAAAABRCAAYAAAAAAAAohAAMAAAAAAAAUAgBGAAAAAAAAKAQAjAAAAAAAABAIQRgAAAAAAAAgEIIwAAAAAAAAACFEIABAAAAAAAACiEAAwAAAAAAABRCAAYAAAAAAAAohAAMAAAAAAAAUIj2J3sBAKeCESNG5DOf+UxaW1sPOf7II49k5cqVH+i1zjvvvNxwww35/ve//4HOezJ88YtfzPXXX58DBw6ktbU1mzdvzrPPPpvf/OY32bdv339lDf369cs3v/nN3Hzzzf+V6wEAAAAAwKlMAAZ4y/PPP5/HHnvsP36djRs35sc//vF//Dr/LU899VR+/vOfp0OHDunbt2/Gjx+f/v37Hxa4KyoqDgvsAAAAAADAB0sABjiGPn36ZPTo0bn77rvbXo8aNSr33HNPevXqldGjR2f16tU5//zzU1NTk9/+9rdZu3ZtkoM7i4cOHZrKysosWrQoixYtSq9evQ7ZATxixIgMGTIkFRUVee211/L4449n7969ueKKK3LOOeekQ4cO6datWyorK/PQQw9l+/btqaqqypgxY9KjR48kyaJFi7JkyZJ3Xf+QIUMyYsSIdOzYMQ0NDZk3b17279+fIUOG5Jprrkn79u3T2NiYRx99NJs3bz7mZzqSlpaWvPTSS5k5c2buv//+DBo0KC+++GIeeuihPPbYY/n85z+fr3zlK7nlllvy9NNP5y9/+UuS5LbbbstTTz2V+vr6zJ07N7/+9a9z6aWXpkuXLlmwYEGeeOKJJEn//v0zYcKE1NbWprm5ObNnz86qVatO/B8YAAAAAAAK4hnAACfgwIED6dmzZ9atW5dZs2blT3/6U6655pokB8PrgAEDcvfdd+eHP/xhrrrqqvTu3fuQ8Zdcckkuuuii/OhHP8pdd92VioqKDB8+vG3uwYMH549//GP+7//+Lxs2bMhll12WJLn66qvT2NiYmTNn5mc/+1muu+661NbWHra+2trajBw5Mr/4xS9y5513prq6OldccUW6dOmSL3zhC3nwwQdz1113ZeXKlRk9evQxP9PxaGpqygsvvJDBgwcnSfbt25fOnTtn3Lhx2bt371HH7t+/P506dcr06dMzffr0jBkzJt26dUuS3HTTTZk/f34mTZqU3/3ud5kwYcJxrwkAAAAAAE4XdgADvOWyyy5rC6xvu++++445rqWlJWvWrEmSbNq0KZ07d06SXHTRRVmxYkVaWlrS0tKSH/zgB9m7d2969erVNnbQoEFZtmxZWlpakiR///vf87nPfS5PPvlkkmTdunXZsWNH29xvB+T58+ensvLg3/Bs2bIl27dvT9euXdvOfduAAQPy6quvZuvWrUmShx9+OK2tramrq8u6deuyZcuWJMlf//rXjBw5Mh06dDjqZzpe27Zty4c+9KEkSWtra+rr64977HPPPZck2b59e1599dX0798/W7duze233972Pa1atSoTJ058T2sCAAAAAIDTgQAM8Jb6+vp3fQZwnz59jjrunbtaW1tb28JsTU1NXnnllbb39uzZc9jY6urq7N69u+317t27U11dfcS5KyoqkiRnn312RowYkerq6rS2tqa2trbtvX+f/53XffPNN9vW9s7r7tu3L2+++WY6dep01M90vLp27ZqGhoa21zt37jzusbt27Wr7fffu3W1ruvTSS3PttdemXbt2adeu3bt+XgAAAAAAON0JwADH8M7wmiQdO3Y8rnE7d+5si5dJ0rlz57YA+7Zdu3Ydck5VVVWampqOOffYsWOzcOHCLF26NEkybdq0dz1v165dhwTlqqqqdOjQITt37sz555/fdrxDhw7p0KFDmpqajvvzHUlNTU0uueSSQ2J6a2tr2+8HDhw45Ps888wzDxv/xhtvJDkYsHfu3Jlu3brla1/7Wm699dZs2LAhZ511Vu6///4TWicAAAAAAJTIM4ABjqGxsTE1NTVtYXTIkCHHNW7NmjUZOnRoOnbsmKqqqkyaNCkf/vCHDznnxRdfTF1dXdutlz/xiU9k9erVx5y7qqoqGzZsSJJ8/OMfT1VVVc4444zDzmtoaEi/fv3So0ePVFZWZtSoUfnYxz6WtWvXpl+/funevXvbdV9++eW2Wyy/X717986tt96av/3tb1m3bt27nrN169a222CfffbZh4ToJLnqqquSJD169Ejfvn3T0NCQ6urqNDc35/XXX09lZWWuvfbaVFZWtn1vAAAAAADAQXYAAxzDjh078vzzz2fy5MnZtm1bVq9enY985CPHHPePf/wj5557bm655ZZUVFRk8eLFWb9+fc4777y2c1auXJlzzjknU6dOTUVFRV5++eU888wzx5x7wYIFGTduXJqbm7N06dIsWbIko0aNyk9+8pNs37697bzGxsY8+uijGT9+fDp27JiGhoY8++yz2bdvX+bNm5dx48alffv22bp1a+bNm/e+vp+rr746w4cPT3Lw2b8LFy5811tpv23+/PmZMmVKhgwZkg0bNmT58uWH3GJ669atueeee1JVVZU5c+aksbExjY2NWb58ee67777s2rUrc+bMyQUXXJDbb789s2fPfl/rBgAAAACAElUMHDiw9dinAcB/3pw5czJ16tRs3br1ZC8FAAAAAABOmvr6+iTJihUrjntMXV1dEreABuAU887nAwMAAAAAAO+NAAwAAAAAAABQCAEYgPfl7WcGf5A/b7zxxvz0pz89oXkAAAAAAOB05hnAAAAAAAAAAKcQzwAGAAAAAAAAQAAGAAAAAAAAKIUADAAAAAAAAFAIARgAAAAAAACgEAIwAAAAAAAAQCEEYAAAAAAAAIBCCMAAAAAAAAAAhRCAAQAAAAAAAAohAAMAAAAAAAAUQgAGAAAAAAAAKIQADAAAAAAAAFAIARgAAAAAAACgEAIwAAAAAAAAQCEEYAAAAAAAAIBCCMAAAAAAAAAAhRCAAQAAAAAAAAohAAMAAAAAAAAUQgAGAAAAAAAAKIQADAAAAAAAAFAIARgAAAAAAACgEAIwAAAAAAAAQCEEYAAAAAAAAIBCCMAAAAAAAAAAhRCAAQAAAAAAAAohAAMAAAAAAAAUQgAGAAAAAAAAKIQADAAAAAAAAFCI9id7AQAAAAAAAAAcrq6u7j2PsQMYAAAAAAAAoBACMAAAAAAAAEAhBGAAAAAAAACAQgjAAAAAAAAAAIUQgAEAAAAAAAAKIQADAAAAAAAAFEIABgAAAAAAACiEAAwAAAAAAABQCAEYAAAAAAAAoBACMAAAAAAAAEAhBGAAAAAAAACAQgjAAAAAAAAAAIUQgAEAAAAAAAAKIQADAAAAAAAAFEIABgAAAAAAACiEAAwAAAAAAABQCAEYAAAAAAAAoBACMAAAAAAAAEAhBGAAAAAAAACAQgjAAAAAAAAAAIUQgAEAAAAAAAAKIQADAAAAAAAAFEIABgAAAAAAACiEAAwAAAAAAABQCAEYAAAAAAAAoBACMAAAAAAAAEAhBGAAAAAAAACAQgjAAAAAAAAAAIUQgAEAAAAAAAAKIQADAAAAAAAAFEIABgAAAAAAACiEAAwAAAAAAABQCAEYAAAAAAAAoBACMAAAAAAAAEAhBGAAAAAAAACAQgjAAAAAAAAAAIUQgAEAAAAAAAAKIQADAAAAAAAAFEIABgAAAAAAACiEAAwAAAAAAABQCAEYAAAAAAAAoBACMAAAAAAAAEAhBGAAAAAAAACAQgjAAAAAAAAAAIUQgAEAAAAAAAAKIQADAAAAAAAAFEIABlUpv60AAAG2SURBVAAAAAAAACiEAAwAAAAAAABQCAEYAAAAAAAAoBACMAAAAAAAAEAhBGAAAAAAAACAQgjAAAAAAAAAAIUQgAEAAAAAAAAKIQADAAAAAAAAFEIABgAAAAAAACiEAAwAAAAAAABQCAEYAAAAAAAAoBACMAAAAAAAAEAhBGAAAAAAAACAQgjAAAAAAAAAAIUQgAEAAAAAAAAKIQADAAAAAAAAFEIABgAAAAAAACiEAAwAAAAAAABQCAEYAAAAAAAAoBACMAAAAAAAAEAhBGAAAAAAAACAQgjAAAAAAAAAAIUQgAEAAAAAAAAKIQADAAAAAAAAFEIABgAAAAAAACiEAAwAAAAAAABQCAEYAAAAAAAAoBACMAAAAAAAAEAhBGAAAAAAAACAQrQ/2QsAAAAAAAAA4MhuvPHGI743Z86cQ17bAQwAAAAAAABwCvv3yHu04wIwAAAAAAAAwCnu32PvkaKwAAwAAAAAAADwP+Dt6Huk+JsIwAAAAAAAAAD/M44WfxMBGAAAAAAAAKAYAjAAAAAAAABAIQRgAAAAAAAAgEIIwAAAAAAAAACFEIABAAAAAAAACvH/axNaJ1treMQAAAAASUVORK5CYII=' height='250' width='300'/> ]]>
  </system-out>
  <testcase classname="com.tribu.qaselenium.tests.PositiveLoginTests" name="logInTest" time="11.451"/>
  <system-out>
    <![CDATA[ <img src='data:image/png;base64,iVBORw0KGgoAAAANSUhEUgAAB4AAAAO9CAYAAABjCXqmAAAAAXNSR0IArs4c6QAAIABJREFUeJzs3Xl4TFfjB/DvJJNdJNJKQhBBLRH7FkuSCuKlBLVEEX2ptZZSqrSiRVFb1f6WUhW0RNVeSyISggSRRERiiz1Lg8m+z/z+mN9cmWSSTJJJJvh+nscjc5dzz9w7984893vPOaKPPvpIBnrnXLx4UdtVICIiIiIiIiIiIiIiIiIVHj9+XO51dTRYDyIiIiIiIiIiIiIiIiIi0iIGwEREREREREREREREREREbwkGwEREREREREREREREREREbwkGwEREREREREREREREREREbwkGwEREREREREREREREREREbwkGwEREREREREREREREREREb4ijR4+WOJ8BMBERERERERERERERERHRG0AR/pYUAotlMllV1YeIiIiIiIiIiIiIiIiIiMqhcOh79OhRuLu7F1mOATARERERERERERERERERUTVWXItfVSGwWgHwmDFjMHr0aI1Ubu/evdizZ49GyiLtW7p0KWQyGRYtWqTtqrz17OzsMGLECDg6OgIArly5ggMHDiA2NlbLNSMiIiIiIiIiIiIiIqLKpKqlb3HUCoA1Ff4qyvL29tZYeaQ9dnZ2cHBwEP5mEFl5unTpgvnz5ytNc3R0hKOjI3788UcEBwdrqWZERERERERERERERERUnejIZDKU9i89PV1jG0xPTy91e/xX+f80YcCAASr/Js0bN25cueYRERERERERERERERHRu0WtFsCrV6/Gxx9/rJENHjp0SGMBJGmPiYkJXF1dhdeurq7YuXOnRh8WIDk7OztYWVkVO9/KyootsImIiIiIiIiIiIiIiAiAmgFwUFAQgoKCqqA69Kbo2bOnymnHjx/XQm3ebiYmJhpZhoiIiIiIiIiIiIiIiN5+anUBra1/v/76K86ePYsVK1aUuqynpyfOnj2Ljh07lnk7Li4uOHv2LIYMGaLW8jt37sThw4fVWrZp06bo37+/1velpruAVtXls6a6gQ4ODoZEIsGhQ4eKzHvvvfcwf/586OnplVrOoEGDIJFIMGPGDI3US1tatmxZ6jINGzYsV9kuLi4IDw+HRCLBRx99pDRv5MiRCAsLQ0JCAs6dOyeM9wwA7dq1w7lz5xAfH4+wsDClHgIsLCywb98+PH36FA8ePMD3338vzBOJRFiyZAnu3buHuLg4eHt7w9zcvFK3Wdr7JCIiIiIiIiIiIiIiqq7CwsLU/qcg1mJ9S/TBBx/A1tYWwcHB6NSpEywsLPDy5ctK2dbNmzfx3Xff4cGDB2otv2HDBujr66u17OjRo/H+++/jxIkTFamiQCQSVVkX2paWlpg+fbrKeaq6JLayssKSJUtULr9p0yYkJiaWus22bduiWbNmOHPmDHr16gUrKyskJCQI8z08PDB//nxs3LgRubm5JZYVHByM0aNHIyoqqtTtVme3bt0qdZmHDx+WudzPP/8cS5YsUfm5d3BwwNatWxEcHIxt27Zhzpw52LNnDzp06ACxWIw//vgDUqkUixcvhoeHB7Zv346IiAjcu3cP69evh5ubG1auXInmzZtj1qxZuH//Pry9vTFp0iTMnDkTe/fuxbNnz/DVV18hIyMDkydPrrRtlvQ+iYiIiIiIiIiIiIiI3jZqdQFtZWWFvn37amSDp0+fVgr0itO7d2+kp6dj/fr12LNnD3r27ImDBw8K8xs0aICvvvoKjRs3RlRUFB4/fgwAkMlkqF27Nv744w+cPHkSOjo66NmzJ+Li4rB48WKMHj0aTk5OiI2NxXfffYekpCS0atUKCxcuxJYtW/DXX39hz549yMvLw759+zBhwgTo6+vjyJEj+O233wAAM2fOhIWFBdzd3aGjo4NJkyahZ8+eMDMzQ1xcHPbt24ezZ89i165dqF+/PgDA19cXw4YNw8aNG5GXlwd/f3+MHDkSnp6eSE9Px8yZM+Ho6AixWIybN2/ip59+QlJSEvr06YP58+dj+/bt+M9//oObN29i7dq1GjkWpTExMUGrVq3KtE5xy6vbRbGHhwdSUlIwd+5chIWFYdiwYdi8eTMAYN26dRg3bhwA4NmzZxg/fjzOnDmD1atXo2/fvtDT08Ply5fxxRdfIC4uDl26dMHvv/8OLy8vbNy4EaampvDy8kK/fv1gbm6OmJgYLFu2DP7+/gCAzp07Y+nSpXBwcEBubi7Onz+PL7/8stIePFCXOuMql2fs5ezsbLi6usLV1bVIi9mhQ4dCJBJhwYIFuHHjBiwsLDB37lx07twZRkZGsLa2xqJFi7B161bcvn0bhw8fxpAhQ7Bp0yb069cP586dw+rVq2FoaAh3d3cMGzYM3t7eGDZsGFJSUjBjxgxIpVI4OzvD3d0d06dPr7RtlvQ+iYiIiIiIiIiIiIiI3jZqBcDr1q1T2eKzPPr27YtRo0aVuIyOjg5cXV0RFBSE+Ph4REREoE+fPvDx8RGWWbBgAZo0aYINGzYIASogD4BzcnIAyLt93b59O9LT0zF06FCsW7cOu3fvRlJSEkaOHAkPDw9s2rRJaFGr6B45Ly8PlpaWaN++PVatWoVp06ZhzJgxCAgIwP3794U6yGQyuLm5Yfjw4di6dStu3ryJESNGYOrUqbh+/TqWLFmCLVu2IC4uDitXrkRycjLy8vLw/vvvw97eHps2bUJqaiqmTJkCNzc3rF+/HqmpqVi4cCGmTJmCpUuXCq1chw4dir/++gtRUVFV1gI4NjYWGzZsEPZteW3YsAGxsbGlLqerq4thw4bhxIkTePz4MYKCguDh4SEEwD///DMcHBzQqVMnDBw4EJGRkViyZAk++eQTzJ07F69evcKOHTuwbNkyjB8/vkj5mzZtwqBBg7BkyRLcunUL3333HXx8fODk5ITbt2/jt99+w8uXL/Hxxx/jvffew5YtWzB79mx4eXlV6P1XVGxsLBISEoo9BxMSEtTav4Xt2LEDAODq6lpkXuPGjQEAjx49EuoAAE2bNoWBgUGx8+zs7CAWi4V5WVlZiI+PR9OmTQEATZo0wbNnzyCVSoV1HR0dUb9+/UrbZknvk4iIiIiIiIiIiIiI6G2j1hjAmgp/AcDa2rrU7XXs2BG1atXCjRs38P777+P69eto0qQJbG1tIZPJYGFhgaZNmyIyMhJHjhyBr68vAgICimzryZMnOHLkCP744w8AwIsXL/D3339j3759AID69esXCVMVr/X19bFhwwaEhITg5MmTAAA7Ozul5WUymRBMtWjRAubm5vjpp58wePBgJCUl4d69ewDkgVRUVBTy8vIAAEZGRlixYgWOHTuGzMxM7NixA0OHDsXhw4fh5+eH9PR0NG7cWGlbQUFB2LdvH8LCwqp0DGB/f394eXkhLS1N7XUU0tLS4OXlJbSwLY2rqytq166Nixcvom7dujh//jxat26N5s2bA5CHfykpKQCA0NBQvHr1CkuXLkXTpk3x66+/4q+//kJKSorSuLEKFhYWGDRoEIKDg/HTTz/h9OnTWLFiBcRiMTw8PAAAxsbGqFOnDtq0aYPHjx/Dzs5O6+GvQkhISLnmlVeNGjUAQHiYIjs7G4B8HylacyumlTRPUYaxsTEAeUvwgvMUf5uYmFTaNomIiIiIiIiIiIiIiN4lagXABQcNrih1Asw+ffoAAL7++mscOHAAn332GQCgT58+kMlkMDc3ByAPdBXrKMaXLRhwJiUlQSaTCd3jKpZXvNbT01NavmAd0tPTkZqaCplMhtTU1CLLK/4dO3YMR44cQZcuXbB8+XL8/fffWLBgAcRicbHvLzMzU6nubdq0wZo1a3Dq1CmcPn0aJiYm0NXVVarbkydPNBL8ljUABoDIyEgsWrSoTCFwWloaFi1ahMjISLXXGTlyJABg8+bNiIqKEsJXxXRVnJyccPjwYcTFxSEhIQE1a9aEnp5ekeUUXXE/efJEmPbs2TMAgI2NDQD5eM3//vsvVq1ahYsXLyI8PBw9e/ZUu/6V6fjx4+WaV16KY614wMHQ0BCAvKtpxfmjmFbSPEUZiunp6elK8xR/p6WlVdo2iYiIiIiIiIiIiIiI3iVidRaaNWsW2rZtq5ENlhYmGxkZoUePHggNDVXq8nnChAno3bs3tm3bhuTkZADAe++9J8y3trbWSP3KKjc3Fz///DM2bNiAxo0bY/Dgwejfvz+uXLmCc+fOqVwnPz9f+FtfXx8LFy7Ey5cvMWzYMGRkZAgtjgtSdJmrLbGxsVi0aBGWLFkitNQsjiL8LUu3xDVq1ED//v0REBCALVu2CNO9vLwwbNgwlWO3GhgYYPv27UhISECLFi2QlpamFPAWpJiuCHsB+TjSBeddunQJXbt2Re3atdG9e3esWrUKq1atQqdOndR+H5UlMTERkZGRRVo3R0ZGCg8/aNKdO3cAAI0aNcKLFy+E7plv374ttLi1s7MTllHMi42NRW5urjDNxMQE1tbWCAwMBADExMSgVatWEIvFyMvLQ+PGjZGeno7Hjx9X2jaJiIiIiIiIiIiIiIjeJWqNAQwAN27cqOSqyLm4uMDAwABnz57FpUuXhOlNmzbFuHHj0LZtW9y4cQP379+Hg4MD3N3dkZmZiR49egBAkRauZXmtal7h/wvPnzJlCgYOHIjly5cjISEBSUlJAICMjAxhPGIbGxt0794d169fL1K2jo4O9PT0oKenh3r16qFXr17Izc2FmZkZGjRoUOy2tUHdQLdGjRplHpN20KBBMDIygo+PD06fPi1Mb9u2LRYsWAAnJydcuHABmZmZAOStdQMCAqCvrw99fX00adIEQ4cORXZ2ttBFeEEvX77EkSNH4O7ujunTp+POnTtYsGABsrKysGfPHlhbW+PSpUs4d+4cNm3ahMTERGRkZLzVrUg7deqEunXrwt7eXngtFosRGhqKgwcPYvbs2Vi2bBmOHz+OcePG4e7du7h27RrEYjGePHmCyZMnIzc3Fx4eHsjJycGhQ4eQmZmJY8eOYdCgQZg/fz7s7e0hFouFbtf3798PR0dHbNq0CfHx8ejUqRN27dqF/Pz8SttmSe+zuAcGiIiIiIiIiIiIiIiI3lRqdQFdlf/c3NwAAFeuXFGafvnyZQCvu4H+4YcfcP/+fUybNg29e/fG4cOHAbzupllBnQC4oJKWVTV/3759CA4Oxtdff43//e9/6NWrF7Zu3YpLly5BJpPh4MGDEIvFmDlzJszMzIqUnZGRga1bt0JPTw8rV65EcnIyNmzYAD09PcycObPItrXRBbSCnZ1dqa1/Cy5bFopxeM+ePas0/cyZMwCAESNGAAB2796Nly9f4uuvv4a9vT0WLVoEAwMD+Pj44OXLl1iwYAH09fWxatWqItuYPn06duzYgc8//xw7duzAy5cvMXjwYDx48ADx8fGYP38+WrZsiVOnTmHfvn24d+8eJkyYUKb3UVlMTEzQsGHDItMbNmwotI4tq1mzZuH3338X9q3itZOTE6KjozFp0iRYWVlh4cKFiI6OxqhRoyCTyZCbm4vRo0cjLi4OixYtgrGxMT799FM8evQIAPDll1/i5MmT+OKLL9CtWzcsW7YMBw8eBAD89ttv+Pnnn9G3b19MnDgRPj4++PbbbwGg0rZZ0vskIiIiIiIiIiIiIiJ624h69Oih3WalpBU3b94s8zoDBgwQxmMuzY4dOyplbNqyGDx4MHbt2gUvLy9s3LhRq3WpiJ49e8LDwwNWVlYq5yckJGD//v3w9/ev4poRERERERERERERERFRZXj8+DGA0ofXLUgxpK9aXUCPHz8e48ePL1/tCtm5cyd27typkbKoahUefxYAgoODAQBdunQpsqw2A2A7Ozv0798fAPDq1Sut1aO8LC0tMWLECHTp0qXUVtdWVlaYOXMmxo8fj+DgYBw4cKBSxgUmIiIiIiIiIiIiIiKi6k/tAFhTxo8fjx07dmisPKo6LVu2FP5OS0vDzp07hVanPXv2xPjx44WwsuCy2uDm5oYhQ4YgODgYR48e1WpdyqrwvlRXjRo10KtXL3Tp0kXp2BAREREREREREREREdG7Q0edhdLS0jS2QU2WRVXH0tJSCCQjIyMxZ84cpYDR398fc+bMQWRkJAB5GGlpaamVugLAL7/8gtq1a6Nv375ISUnRWj3KytLSEjNnzixz+FtQjRo1MHPmTK3ufyIiIiIiIiIiIiIiItIOtVoA//DDD/Dw8NDIBvfv3w91tknVS3p6OoKDgxEZGVls186JiYnw8vLCgAED4ODggPT09Cqu5dtBEaITERERERERERERERERlZXI0dGRaew76Pbt29quAhERERERERERERERERGp8PjxYwBAWFiY2uu0bdsWgJotgImIiIiIiIiIiIiIiIiIqPpjAExERERERERERERERERE9JZgAExERERERERERERERERE9JZgAExERERERERERERERERE9JZgAExERERERERERERERERE9JZgAExERERERERERERERERE9JYQS6VS4YVIJNJiVYiIiIiIiIiIiIiIiIiI3i2abrArrszCqfrisSYiIiIiIiIiIiIiIiJ6+7AL6HcUjzsRERERERERERERERFR9VPRXpvFly5d0FBVqo/4+H9hbV1b29WgCuAxfDvwOL49eCyrBx4HKg4/G9Ufj1H1Fx//Lxo1aqTtarz1Hjx4wP1MRERERERE1UJISAgcHBy0XY1i5eXllXtdHQ3Wg4iIiIiIiIiIiIiIiIiItIgBMBERERERERERERERERHRW4IBMBERERERERERERERERHRW4IBMBERERERERERERERERHRW6LSA+CIV3mIeFX+QYqJiIiIiIiIiIiIiIiIiEg9lR4Ab4rJxKaYzMreDBERERERERERERERERHRO69SA+DAhFzsjc3G3thsBCbkVuamiIiIiIiIiIiIiIiIiIjeeZUWAEtypPjkYqrw+pOLqZDkSCtrc0RERERERERERERERERE77xKCYAlOVL080tRCnxVTSMiIiIiIiIiIiIiIiIiIs0Ra7pARdAbIckrMi9Ckod+fin4p1dNmOtX+vDDRPQGO336DCIiIjFx4niYm5truzpUDhKJBBs3biky3dzcHDNmfK6FGr279u/3wZ07d2FoaIhmzZqic+eOsLa21na1SMsyMzNx9qwfHj16DAMDAzRv3hTOzk7arhaVIDw8AkePHlea5u4+AG3atNZSjYiIiIiIiIiIqDrSaABcUvirUF1DYIlEgmPHTihNa9CgAVxcnPDw4SM0bGirpZpRRcTHxyMk5BoAMPB4g4SHRwjH7cCBvzBp0mdarhGVh0SSXMx0SRXXhNzdB2D37r1ITExEeHgEwsMjGBoRzpzxRUTETeF1QkICZDLAxYUhcHWl6rpa3LWWqlZmZiZu376N58+fIy4uDgBQp04d1K1bFy1atICRkZGWa0hERERERERE7xKNBcDFhb+/OJoCACZfeT0ecHUMgSWSZDx8+EhpmkwmA+AEb++9vFH+BpJIJPD23oesrCwAQEzMHbYmfQMUbt2UkJCAo0ePw919gBZrReXRsKEtLC0tkZiYqDS9c+eOWqrRu8vIyAhjx44WQmAAOHr0OMzMzPiA0ztKIpEohb8KERE3GQATlZGvry+CgoKE35wKDx48AAAYGhqiR48e6NWrlzaqR0REREREREQa8PTpU4hEIgCAsbExatWqpeUalUwj6WtJ4e8YOwOMsTMQgmAFRQj8powJfPTocYSHR2i7GlQG4eE3lW7EZWVlITr6jhZrRKVR1bUlIA8qeP69mSZPngBb2wbCa2dnJ/Tt66bFGr0bMjMzi0wzMjJC3759lKadOeNbVVWiaoYt9IkqLjMzE9u3b4efn5/Sb05zc3OlBw6zsrLg6+uL7du3q7w+ExEREREREVH19+zZMzx9+hRPnz5FfHy8tqtTKo20AB55IbVI+Dv6/4NfBcXfhVsCTwlOw59ONTVRjUqnCKbYEvjNYG5uVmSakZGhFmpC6igu/HV3H4CmTT/A7t17YWVlyW6830AGBgYq/6bKs3v3XgwaNKDI+RIfn6D0OiEhARKJhD0jkKB161bargJVwJUrIcjJyRZeGxgYokuXTlqs0dvN29sbsbGxwms7OzsMHz5ceAL41atX8PHxEZZ58OAB9uzZg4kTJ2qlvkRERERERET07qhwADzpSiouJOYWmT6wXtGb/KpC4GNPczAvNA2r2teoaFWqREVC4Pz8fPzzzylcunQZ//6bBCMjQzRu3BiDB7vD1rbiXXCeO+cPV9eeFSrj4sUgBAZewDffzC8yLzc3F5MmTcXatatgYWFRoe1UhTZtWuPhw0dCF5etW7eqcHi/YcMm3LgRJjTzL2jt2lUlNvm/f/8BxGJdjRzrgoKDQ9CypT1q1HgzziFVSgp/Fcds7NjR2L59J8aOHa2RsCo9PR3ffOMFG5u6mDdvboXLUyUpKQlffTUfv/76C3R1dTVefknnq7asWrUW2dnZxc4/e9YXZ88qtzpt2vQDeHgMr9B2fXz+gr//eXzxxQw0a9a0QmWpUnBfV8f9XlhiYiK8vffB03OUUgj86NGjIstKJMkaOaceP36Mv/8+grt37yEnJwfvvWeB7t27oV+//1T483/s2HGcPHkKPXt+iLp161Sb/V/cOX7hwkVcuRKM8eP/i/fee0+LNSyeoWHR32m2tg0waNBAABC+P7OystC8ebNyBcOHDx/F/fsPMGfOLKXpV69ew759f2LdujXlq3w5zJ37NcaN+xQtW9pX2Ta1ofD1FUCJAXBWVhamTp2OZcuWom7dOqWWv27dety7dx/jx/8XHTq0r1Bd33S+vr5K4a+5uTk8PT2VxvqtVasWPD09sWHDBqF1/YMHD+Dr64vevXuXaXvp6emYPXs26tWrh0WLFmnmTRSQm5uLMWPGYMuWLdX2ukVERERERET0psjLy0NqaqpWu4muUAB87GkO9saqvtG//GYGnCzFRcb4VRUCb47JgpOlPgbW069IdapMeUPg//1vGx4/foyxYz3RpEljZGfn4Nw5fyxfvhKLFi2EjU3dctdJIpHg+PGTFQ6AO3fuhLZt21SojOqkTZvWQgCsqZbb/fv3w/DhQ8u8XmDgBTRqZFckAJaPNQ2VobI6Dh36Gw0b2pYpAJZKpdDRqR7jb6sT/gLy7mtHjBiKo0ePw9nZqcLjll68eAndu3dDeHg44uMTYG1tVaHyCpNKpbCwsMDPP6+tlPAXqJ7na0nhrybXKSgvLw9XrgRjxIhhOH8+oFIC4ILKs9+r+pwzMDBAVlYWvL33wd19ACSSZNy5c6fIWPeA6iCwrGJjY/Hjj6vh6vohRo/+BObm5oiNfYjff9+NuLh4TJz4WYXKDw4OgafnGHTr5oicnByNfu4rcg1WdY5nZGRAV1cXc+d+We7relWwtraGmZkZkpNfdwXt5iYPpKKjY+Dj85cwPSbmDuLi4t7I7tsV596iRQthbGxU+gpUrNTUNERE3Czzg4DV6TeHpmRmZiIoKEhpWvfu3YXw18fHByKRCMOGDYORkRE6dOgAPz8/YdmgoCCl5dVx/vx5uLi44Pr164iLi0OdOqUH9kRERERERERU9fLy8nD79m3UqlXrzQyAJTlSTAlOU5o2wEYfFxJzkZwrK7F75zF2BghMUA6PpwSnwcnSvEhgXB306dO7SECRmZlVzNKqxcTcQWjoDSxdulhoYWFgYIDBg91haVkbenryQ5GUlIQ9e/YhPj4eIpEILVq0gIfHcBgYGGDnzl0wMTHBixcv8OrVK6SlpeHTT8fCzq4hli5djuTkZCxY8C2+/HIW9PT04O29F8+fP4eOjg7atWuHIUMGQVdXt9hymjdvhpCQq0LLKqlUij//3I9r10JhYmICV9cPld6Tn985nDvnD6lUCgMDQ4wYMQz29i0qsKfffMnJKdixYycSEhIhlUpRt24djB8/DkFBQbh8+QrCwsIRFxeHXr1csXDhdxg8eBBOnDiJpUu/x/ffL8WUKZPQokVzAMC+fX9AKpVhzJhRyM3Nxf79PrhxIwz5+flwdOwMD48R2LLlf0hM/Bdr1/6MoUOHICMjA8HBIZg/fx4AeWuR6dO/wIYNPyMsLAxXr16Dnp4ekpJeYPHiRUhMTMSuXbuRmPgvpFIpOnRoh1GjPqnS0OL06bNFphUOfxUUgYW39154eo6uUAgcGBiIqVOnwNS0BgICApVaoH755Vfo3dsVkZG3kJaWDjMzM0yYMB5mZjWRm5uL33/3RnR0DKRSKerXr4fx48fBzKwmLly4qLSPZ8z4XKl14IULF3H69Bnk5+fD1NQUo0d/AltbW7x8+RLz53+LsWPH4PLlK5BIJLC1bYCJEydAJBLh5cuX+P13bzx69Bj6+voYNGggunfvpnS+AsA//5yCv3+AUL6n52g0btyo3PvoTXH9eigaN26E7t274fDho0hLSxMeiAgKuoxLly6jbl1rxMY+RHJyCv7737EIDg7B8+fPkZmZialTp6BePRts3/4rjI2NkZT0AsnJycjLy8e4cWNhZ2entL2C+70sn4fFizXfYqs4zZo1FVpvHjhwsNK35+PzFzp0aAcPjxHCtA8+aIIZM6bh/v0HAICcnBwcOHAQt27dgkwmQ+3alhg7djRq166NoKDLuHz5CurXt0Fs7EO8eiVB79690KdPL2zcuBnx8Qk4ePAvPHv2DHXqWAv7X3HNffbsOSwsasHRsQtOnTqD1at/hL//+WKvh1lZmUWuwbm5ucVeD4u7Br98+VLpHI+OjsH+/T7IzMzA8eMn8OGHHwqh6rx5C+Dm1hthYRFIS0uDnp4Y06ZN1Wr32507dxJajBoYGAitxQMCLhRZNiTkGpydncoUWKmjuO9NM7Oa+OKLL0v8XizLubdkyQ9CC+CCx0lHR0fpOAUGXsA//5wSQsv//KcvXFycNfqeq7PifiPa2jbADz8sAwCsXr0Ww4YNha1tg2J/s27fvgM1a5oiMvIWmjU6Rs4AAAAgAElEQVRrBjs7O7WvxQCK/b6UyWTYt+8PhIffhEgEGBkZY8yYUWjSpHGV7qeoqCilMX8BID4+Hn5+fnj16hVCQ0MBAO3bt0ejRo3QqFEjpQA4KysLUVFR6NChg9rb9PPzw+zZs2Fqago/Pz+MGTMGAPDtt9+iW7du+OijjwDIH2qZOnUqpkyZgvPnz8PGxgbDh8t/41y9ehV//vkn1q5dC6lUit27dyM4OBg1atSAm5vyAx5hYWHYu3ev8FDLkCFD0LNnxR40JSIiIiIiInrbKcLfjIwMAKobnZiamqJmzcofGrfcaevyyAxIcqTCaydLPex3rolTvcxgpid/Q8ee5qDfuWSl5RS2OZqilfnr/FmSI8XyyIzyVqdSJCen4NGjx6hTxxoNG9oq/atTp2zjkEZF3YadXUOV3et169YVlpaWAIBt236FjY0NfvxxOZYs+R5xcXE4fvwkAEBXVxchIVcxZsxofPvtAjg59cDffx+GgYEBxo//L2rWrIkVK5ahdu3a2LbtV7z3ngWWL/8BixYtRHR0NAICAkssp7Br164jNDQMS5d+j6VLv0di4r/CvFu3onD06DHMmTMbK1Ysw7BhQ7Bp0xakpqYVKaeqSCQSPHr0WOlfQkKiMD8hIbHIfE0P1H32rC9q1KiBlSuXY9WqFfjggyaIjIxE//790LChLT7+eDBGjvSAnp4ecnJykJOTjY0bfy71KZATJ/5BXFw8fvxxGVas+AG3bt3GuXP+mDJlEgBgzpxZ6NKlc4ll6Onp4c6du3B2dhKCqN2798LW1hZr1qzE4sXfISTkKkJDb2hmZ6hpxIhhMDN7PV5zceEvIG8trGjRXfjGa1lER8fA2NgY9erZoFu3brhyJRh5ea/HMdfR0UFMzB189dUcLFnyHQwNDXDkyFEAwOnTZ5CQkIAff1yG1at/RH6+FCdOnACgeh8rxMTcwf79Ppg5czpWrFgGN7c+WL9+E/Ly8qCrq4vc3FykpKTgq6/mYOHCbxAZeQu3b0cDALZv34GGDRti3bo1mDVrJnbv3oOnT58plX/v3n0cO3YC33zzNdauXYV27dpg167d5d5H2nL69BksXbpcZavw4pw/HwBnZyfo6emhU6cOCAq6LMzT1dXBnTt34OzsjIULv0HHju2xceNm9O/fDwsXfoMWLVrA11d+U14k0sG1a6H47LNxWLRoIZyde+DXX3eWWt/yfB4qW1nG/PT23leha2F+fj5iYu6gW7euReZZWVkJ048fP4nnz59jyZLv8eOPy2Fr2wDbt+8AID9O0dHRaNeuHebPn4dJkyZg//4DyM3NxYwZ01C79vsYO3ZMkd4Xjhw5Cl1dXaxZsxKzZs3EhQtBarU0VHUNLul6WNw1uKC0tDRs2LAJQ4cOxo8/LsfcuV/i+PHjuHUrSniPt25FYfbsmfj+ey8YGhrB3z+g7Dtcg5o3f91avmAvCImJiaoWV/pO1ZTivjdLU95zr6TjlJ2djV27dmP27C+wcuUKfPXVHNy4EYbc3KJDnbytivuNaGRkJDxs9N13XujQoX2Jv1n19PQQEnINs2bNxJgxo8p0LS7p+/LWrVuIiLiJZcuWYOXKFfj448G4evVqle+n58+fF5l2/fp1+Pr64vr16wBeh7/FLa9qWnGioqJgYmKC+vXrw8XFBRcvXhR+t/Ts2RP+/v5Ky8pkMrRuXXLPN8HBwbh69SrWrFmD1atXIyHh9Rjxubm5+Pnnn/HJJ59g8+bNmDp1KrZt24aUlBS160xERERERET0rikc/mZkZODp06dF/j179qyUkjSjXC2AJTlS7I3NUZr2i6O8tVXrWmKc6mWG//glIzlXhsCE3GJbAu93NoX90VfC672xOfjGQVptWgFLJBLs3r2n2PllaYGYkZFeaiuflJRU3L17D59/PgWA/OZZjx7dcfr0WQwdOgQA0KqVA2rWNAUANGhQH35+/kXKSU1Nw+3b0Zg48TOIRCIYGBjAxcUZQUGXhC6i1SknKuo2WrduBRMTEwBAz54uOHXqNAAgNPQG2rVrJ3QB6ODgABMTE9y9exft27dTa59oSmZmJg4ePKSya9OCzpwp2tIUkAcUnp6j1G7V9M8/p4qU5eDQEl98MQMWFrVw/fp1hIdHoHnzZhgw4COVZSie+uja1VGt1rbXrl3DgAEfQU9PD3p6eliwYB7E4rKfvsbGxkrh6syZ04Ttm5rWgK2trdINwKrQsKEtJk4cjzNnfJGSkoKmTT9QuVzBrqLNzMzQvHmzcm8zICAQzs5O/19WTTRqZIfr10OVQvQuXToL+6ZDh/Y4dky+7X79/oPevXsJ+9/evjmio2OE9QrvY4WrV6+hQ4f2wsMeHTt2wB9/7Mfdu/eEB0MUQZmRkREsLS3x4sULpKamITo6BlOmTIJIJELdunWwZs0qGBsb4eHDh0L5jRs3wpo1K2FsbAxAfo6fOPFPufdRVUpISERMzB2Eh0cgJuYOAPnxNjMzg4uLU4nrxscnICnphTCup7OzM/73v1/Qt28fYRkrK0vUr18PAFCnTh1YW1sLYVedOtbCQwWAfKxwRevhTp06Yu/eP5CcXPwN7/J+HiqbtbU13N0HqBWkK7qKLjxesLoyMzMhlUphZlbyd9z169eF6xgg/045ceIk0tPTAQDvv/+ecP7b2jZAfn4+JBIJateuXWyZUVFRGDZsKEQiEUxMTNClS2ecP196qKrqGlzS9bC4a3DBMCQq6jZq1jSFg4MDAHn30G3atEF4eLjw+ezcuZPQXbStbQMkJSWVWtfKJJEkl75QJVP3e7Ow8p57JR0ne/sWqFmzJs6fD4STUw/UqWONWbNmauBdvlnU+Y1Y2m9WkUiE5s2bKo0lq+61uKTvS3PzWkhNTcOlS5fRtm1btG7dqlzjU1dUXFxcifPbt28vtLrNzMzEpUuXylxGQb6+vnB1dQUg/w3UpEkThISEoFu3bujWrRt27dqF+/fvo3Hjxrh06RJ69OhR6sMwN2/eRLt27YTf+X369MGxY8cAyI/nli1bhN/GLVq0gK6uLhITE6vkCWUiIiIiIiKiN03h8Lc6KFcAvOdBtlKr3mnNDGFr8nr8O0UI3PWUBIC8JfDkK6n4xdFUqRxbE12MtjMQuoKW5Eix50E2pjd/+8ZoMzU1xb17D0pcRnEj2dT09X4yNTVVGp/PyMhQ+Fsk0oFUWrR1tWL5Zct+FKYputArSzlpaWlK44sVXD8lJaVIUFC4rlUlJORaqeFvSRISEhAYeEHtsQ379ftPsWMAu7r2hEgkwqlTp7F16y9o2dIeo0d/UuxYeQX3aUmSk5OVxvhVhHz5+flqra9Q+KZddHQ0Tp8+i8zMLIhE8iCussdPVcXIyAiDBg1EdHQMdu/ei759+yg9XFF4nODSQsGSpKam4fr1UISHR+CPP/YDkI9PmJmZqRQAm5oW3N9GSEuTh1QJCYk4fPgIkpJeQCSS9xRQ8Dwp7sZocnIybt2KEloDAkBOTjaSk5OFANjQ8PV5qaMjPy8V51TB41+wbgpZWVk4dOgwHjyIBSBDbm6uMLZpdVdcN8WPHj0CUPKxPn/+PJKTkzFt2uuQJisrCzExd4TPsoHB6zFudXR0lMa8le/n1/up4H5W3PhWBJSqlPfzUBXatGkNMzMznD59ttgWnQoVCYFNTEygq6uLly9fCuGOKikpKUrXPMW+TklJBQAYGr7+7lcEsaq+mwpKS0sTwgsAqF37/TLVvWB9SroeFncNLqjw+wPk7/HVq9cPuhV80EgkEkEmK/n9Vabo6BgEBl4UXhd80MHAwEDl2NxlHS9aJILK96jo+QAo+/emQnnPvZKOk0gkwvz583Dq1GmsWfMTdHR0MGBA/3eqC2hAvd+I6vxmLbyf1b0Wl/R92aJFc0ybNhX+/udx4MBBWFlZ4pNPRuKDD5qU9+1qnIGBAQYMGABAHv7u2bNH6TpQVqmpqQgJCUFoaCh+//13APJrY0ZGBrp16wZjY2N06dIF58+fR8OGDREcHAwvLy+1yrWxsRFeFz5n/P39cfnyZeG3RF5e3hvzu4KIiIiIiIhIG1TdT9OmcgXAFxKVu8IbY2dYZJljT5VbCO/5/5C3cAj8bStjpbGALyTmvpUBsINDS/z99xE8fPgQDRs2VJp34sRJ2No2gK2tfHpycrJw4zM1NbXM4wPWqiVf/rvvvFQGReoyNjZWCj4KthQyMzMrEvaWp66aIA+JAEtLS6VWf4C8daBifMM+fXordXEJQAhGNNmtZc+eH6Jnzw+RmZkJb++9+PPPA0ILmcIKtv4t3FIjMzNLuFlas2ZNISQB5De6pdL8IjfrCpdRUjfJqalp2LBhM6ZNm4p27doCANasWafGO6w8zZs3g61tA/j4/IU7d+7Aza1PkfAXKPsY3AVdvHgRnTp1xMSJnwnTpFIpZs+eg/j4BOEzUnB/p6VlCOfStm2/okWLZpg6dTJEIhGOHz+BmJi7pW63Vi1zdOvWFWPGjCoyr6QHJxTHuOB1ITExUSn0AuRd4T59+hTz5s2BoaEh7t27j5UrV5dar6ogv77ZIisrEw8fPi41jFRXbm4ugoIu4YcfFgstxQDgzBlfBAQElOthhoItOtPS5F3al/SgRnk/D1WlYUNbTJ48ARKJBBJJshC47N69t8gPkvKGwCKRCPb2LXD+fECRFpcvX77E4cNH8emnnjAzM1M6r1JT5X+bm5vhUTmf4TE2NkFmZqbwOinphfC3OtdDxTW4tOthcdfgggq/P3m5qTA3N0N1cuVKCK5evQaJRKI0XSKRIDMzE0ZGRrC1bYA7d5Q/xwXHCFaXhYUF4uLiIZPJlL7vnj59phTWF/e9WdL3YnnPvdKOk7W1Ff7737EAgDt37uKnn35GkyZNYGNTt0zvvSJWrVqrdH4aGhriq6++rLLtq0MxdENJv1nV6eFElZK+LwGgZUt7tGxpj/z8fPj7n8emTZuxfn3V/n6pU6cOYmNjVc6rW7eu8LCHj48PHjxQ/QBowQcWSuLv74+uXbti2rRpwjSpVIrJkycjLi4OderUwYcffoj169ejbdu2sLCwgK2t/CE6HR0dpdC24FPIJiYmwvccAKWQ+vr16zh06BBWrFgBS0tLyGQyeHp6qlVfIiIiIiIioneRWCyGvb09oqKiytxwr7KUq6/lCMnryjcw0UXrWso58p7YbKXxfBVjAu+JzcbkK8o33Qq2HAaAx+naaw1TmRo1aoSuXR2xfv0mhIbeQHp6OiQSCQ4ePIRTp07D0tISpqY10KxZU6GrvdzcXAQGXkCHDqV3qSwWi5GTk4O8vDyYmJjA3r6F0F2zTCbDiRMnlcbFVEezZs0QHh6B1NQ0yGQy+PmdE+Z16NAeYWFhePnyJQB5C83MzIxiu++tCkZGhkXGai4Y+FpbWxWZX7CViybs3LlLGGvZyMgItWvXFm68icXiEpv/W1jUEvp+T05OQWTkLWFe+/btcf78eWRnZyM7Oxvr12/AtWuh0NHRgUgkEsq1sKiFhIREYbzCS5eKP+aZmRnIz8+HnZ38wYOwsHA8efIEWVnafUrFyMgIY8eOQc2aZvjll19VdmF79qxvmcaIVZDJZDh/PqDIeMk6Ojpo166dcOwA4NKlK8jNzYVUKsWVK1dgb98CgPwGt62tLUQiEeLjExAScg3Z2aUH0h07dsTVq9eELl///fdfbN68tdSngmrWNMUHHzTBmTNnIZPJkJiYiO+/XyqcewopKamwtraGoaEhMjMz4evrh/z8fK2PXenpORpjx46Bi4sT+vZ1w+TJE4TutwsqGOAqFGwtpkpIyDXUrm1ZZN3OnTvi+vUbSje21RUZeUvYt5cuXUa9evVKfJCmvJ+HqmZubv7/10RrWFtbY+zY0Sr3ryIELuuYwMOGDUVU1G3s3LkL8fEJyMnJwe3b0Viz5icYGhpAV1cXHTp0QGBgoPCZ9PPzh719C7W731elSZPGCAm5CplMhoyMDKWxQDV5PSzuGlyQvX0LpKWl4eZNeTe2SUlJiIiIQLt2VTssQklOnz6Ds2d9i4S/CorQV9WY8qWNM69K+/btkJeXh/37DyA1NQ3Z2dm4evUa/PzOwc1N/sBWSd+bJX0vlvfcK+k4PXnyBCtXrhauHXXq1IFYrFvlrR5VPZxR3VTkN2tpSvq+DAgIxO+/eyM/Px+6urqoW7euVlql1q1b/AMBEokEfn5+8PPzK/FaWlIZCjKZDL6+vujWrZvSdB0dHXTq1Al+fvJxkx0cHGBgYIBdu3bBxcVFWO7999/H06dPAch7jSnYFbW9vT1CQ0ORmpoKmUyGU6dOCfNSUlJgZmYmnI+HDh2CSCSqlp9FIiIiIiIiourC2NgY9vb2Qs93+vr6sLGxKfKvPMPwlUe5WgA/Tn8dANuaKGfIhUPebxyMMbCevjAmsKqWwE6WekKr4ghJXnmq9EaYOPEznD59FocO/Y3ExH9haGiAli1bwsvrWyHAmDjxM+zevQfz538DkUiENm1ao1+//5RadoMG9VGrljm+/HIuZsyYjokTP4O3917Mm7cAUqkUdnYNMWZMjzLV19GxM+7evYuFCxfByMgQAwZ8BJFIBKlUihYtmmPQIHesXbsOUqkUxsbG+OKLmUVaJb6NTp78B//8c6rI9IkTP4ObWx/s2bMXR48eh46ODqytrfHpp2MAyMew27/fBw8fPsKoUSOLrP/xx0Owd+8+XLt2Hebm5ujUqQPy8uTn2oAB/ZGeno4FCxZCKpWiY8cO6NVL3m2mo2NnrF79EwYNckefPr3QtOkHWLLkB5iZmaNr1y4AVHejamlpCTe33li8+AeYmBijffv2GDFiOPbu3Qcbm7pwdOyiyd1WZo6OnXHnjnw8WDMzM7i59QYA+Pj8BUD+0AEAuLsPULvMqKjbSE/PEMbjLKhTp4745ZdtwnjbzZs3xfLlK5GSkoJ69WwwcOBAAMDQoUPg4/MXjh07DhsbG3z6qSfWr9+AvXv3oXHjxsVuu2nTDzBs2MdYt2498vLyIRbron//fjAwMCj1huqkSRPw++97MGvWHOjr68PDYzjq16+PR48eC8v069cXv/yyHQsWfAtTU1OMGTMKz549x5Ily7B06fdq7yNNsrVtoHKcdBcXJwQGXhBeW1paYvLkCYiPj1dqmVpaV98BAQHo1Kljkenm5uawtW2AoKDLMDMrWxfMbdq0xm+/7UZCQgIMDQ0xYcK4Epcv7+dB2xQhsKZaAjdoUB9eXt/iyJGjWL58BbKysmFlZYXevXsJY89/9FE/pKenY9Gi7yGTyVC3bl189lnJ+7c0H388GNu378DcuV/D2toKjo5d4OsrD0Ratmypsethcdfggg9imJiYYObM6fjzzwPYt+9P6OjoYOjQj7XSrX5xwsNvljg/IuIm2rRpjYYNbYv09NGsWdkf8DIxMcGCBV9j//4D+PrrBcjLyxOOu6KldUnfmyV9L5b33CvpOMlkMjRv3gyLF/8AABCLdeHu7o569WyKLe9dVt7frKUp6fuyc+dOiI6Owbx5C6CjowMTExNMnjxJA++mbOzt7YvtKt3AwEAIpYt7kMnAwAD29kV/ixQWGRmJtLQ0tG5ddDzrrl27Yv369Rg5ciTEYjFcXFzw999/o0eP17/33dzcsG7dOixcuBAmJiZo3bo1fH3lPeN0794d0dHRmDNnDoyMjDBkyBDhd76joyOCgoIwY8YMGBsbY+jQoXB2dsbmzZvh5eWl1HU0EREREREREb2mCIGjoqJQu3Zt1KtX/JB5lU2Unp5S5sfmTf5IEv52stTDqV7ybuAiXuUJ4/4CwGg7A2z7/6C38LwxdgZCCPwfv2SlbqXTPynbGH6Fxcf/C2vr2mVa5+HDR/D23lumdTw9R6sMN6ji1D2G8fHx8Pbeh6ysLBgaGhYJLI4cOYaICPkN7zZtWiuFhaWtSxVXnnOxoMzMTCQkJJY4HnDh46oJc+d+jXHjPlUZFL+r1D2WS5cuF/42NzfHjBmfF1lGIpFg48Ytwmtb2wYYO3aMMC88/CbatGlV5V3K//rrTlhYWODjjwdX6XbLoqLnVNHy4lWGwIC829np06dWqIVuVZBKpUJXwVeuBOPMmbNYtGihlmtV9dT5bOzf71NsrwO2trbo3LmjcLw3bNisFADPmPG5VoZ5eJuU5zqq4OX1DQAgIOCC0gM0AODs7CQ8MFPSulS6+Ph/0ahRI7WW9fX1FVrgFtSrVy/07t1b7WU0xdfXF6GhoZg3b55Gy60MDx48UHs/ExEREREREVWmkJAQODg4qLVscHCw8HfNmjXRokWLYpfNyMhAeno6ateu2L3cvDx5o9mwsDC112nbVt7wolxdQCu6dAaAm//fHfSj9Hz0O/d67MSC4S8AtK4lVmr1uyc2W2gN/KhAt88FyyYqzYEDfwmtJ7OysuDjc0iYFx4eIYS/iteKVqOlrUvVg5GRUZGHLNq0aY0+fV7fNA0Pj4C3916lcUCpepBIJDh69LjSsYmPj8eBA38Vu465uTlcXJy0FjRpoytRbSqtO+gzZ3y1UCv1nThxEqtWrUFubi7y8vJw8eIlNGvWTNvVqrY8PIZj7NgxKv+5uDgJ4e+VKyFFxiYPDLzI6yxRAb1794adnV2Z17Ozs9N4+Pvq1SscPnxY6K2EiIiIiIiIiLTL2Ni4wuFvRZWrC+jWtcRCi11JjhRfh6bhUboUkhx5kNvKXKwU/iqMsTNAxKtcbI6Rh25fh6ZDBOUupQuPJ0xUksI3qAvenJZIkgsvjszM113tlrQuVW+Ojp2RkJAgBPwPHz5CYOAF9O3rpuWaUWHh4RGwtLSEo6N8/NCAgAtISEjQcq2ooJK6gy58naxuevVyxdOnz4TuYJs1a6rxHgHeFRKJBIGBFxETc0dlt/Th4RGIibmDZs2awtm5B1sDEwHw9PSEt7c3YmNjhWlRUVEQiUTC3wXZ2dnB09NTo3U4cOAATp8+DXd39xKfPCYiIiIiIiKid0s5A2BdpS6bN8Uo3yj8tpVxset+42AsBMCSHCkmFRgvWFG2NlhZWcLZueTxJlWtQ9rVuXNHhIRcE163adNK6e/g4BAh0DAwMEDz5k3VWpeqv0GD5K1cFCGwqsC/vNasWamxst41ffr0LhIiFjy3XFycinS1Xl2upRMmjNd2FbSmuBC4c+dOWqxV6QwNDTF58kRtV+ONV3BIhJJkZWUJvWkMHz4UzZuztXVlKHwdLdhCX9VYzAWnlbQuaZ6RkREmTZoEX19fXLx4EdnZ2YiLi0NcXJzScgYGBujRo4fGW/4CwIgRIzBixAiNl0tEREREREREymxsbIS/TUxMtFgT9ZQrAHay1BdCXFUG1tMvdp65vg6cLPWUAuSCBtho50aVkZGRMH4avTn69nWDoaERHj16BFtbW6VjaG5ujrFjRyM4+CoAoEuXTkotlgqv27lzxyqvP1WMm1tvGBoaQCJJZqu/akLR0rc41tbWHGu7mrK2tsaMGZ8jMPACJJJktGnTmgHfOyI4+Gqp4W9hZ8/68fNRSUq6jpZ2DS3tGkyVo3fv3ujevTuioqLw/PlzIQCuU6cO6tatC3t7+2o/njoRERERERERlaxevXrarkKZlCsAHlhPHw1MdJW6bi5IkiOFuX7xwwsXHPO3oFbmYjhb6ZWnSvQOk4e+qsN7a2troaVoWdel6s/IyIjdPhNpEM+pd1NZw18A0Ncv/mE/oneRkZEROnTogA4dOmi7KkRERERERERE5QuAAeCXLjXQ75zqLlf3PMjG9Oaqn3J/lJ5fbHC8qn31bzJNRERE9Dbx8Biu7SoQERERERERERGRBhXfTLcUzlZ6GG2nurvmFbcyEfEqT+W8yVfSVE6f1syQrX+JiIiIiIiIiIiIiIiIiCqg3AEwAGxzNMUAm6JdAEpypBh5IRWbY7IQ8SoPkhwpjj/NQdd/JCrH/h1go49V7WtUpCpERERERERERERERERERO+8cncBrbDfuSaW3czA8sgMpemP0vMxL1R1a9+CvnEwxretjCtaDSIiIiIiIiIiIiIiIiKid16FA2AA+LaVMVrXEmPylVQk58rUWsdMT4Q/nWqy22ciIiIiIiIiIiIiIiIiIg3RSAAMAAPr6WPgsPdw7GkO9jzIwvFnOSqXG21ngIH1DDCwXtGuo4mIiIiIiIiIiIiIiIiIqPw0FgArDKynz3CXiIiIiIiIiIiIiIiIiEgLdLRdASIiIiIiIiIiIiIiIiIi0gwGwEREREREREREREREREREbwnRgQMHZNquBBERERERERERERERERERyfXt2xcAEBYWpvY6bdu2BQCIR231rZRKERERERERERERERERERGRGkS6gK4Y0DME9I3x4v8D4PIQQ99YgzUjIiIiIiIiIiIiIiIiIqIyEekAOrqA2AAiXXGFihLDsIaGakVERERERERERERERERERGUnAkQ68vC3ogGwSN9EQ5UiIiIiIiIiIiIiIiIiIqKyEwEiyFsCi3QqVJIYevqaqRMREREREREREREREREREVXA/wfBFSCuaIJMRERERERERERERERERETVg7jCETIREREREREREREREREREVULYsa/RERERERERERERERERERvBzEbABMRERERERERERERERERvR3YBTQRERERERERERERERER0VtCR9sVICIiIiIiIiIiIiIiIiIizWAATERERERERERERERERET0luAYwEREREREREREREREREREbwmOAUxERERERERERERERERE9JYQM/4lIiIiIiIiIiIiIiIiIno7cAxgIiIiIiIiIiIiIoLPFx8h/bfpqFvLpMi8k/MGI+v3GdDVkTcpiln7X7i2rF/VVVRpkmsrbVdByeCOjRHgNRwvt03Fv79MRoDXcHzcuYm2q1UpPJ1a4Ny3w4pM3zq+F372/BAGerpaqBUREYkhYhtgIiIiIiIiIiIiIpl3SwYAACAASURBVAKeS9Lh6WSPlceuCdPqWdRAE2tz+QuRCBAB3RfvR3JGDrR9f7mOuQnmDeyIbf6RWq2HwpRerbB0eDd8te8CjoU+QEZOHtzbN8LWcb1Qw1Afuy/cVrssHZEIUplMeC0SAQVelnn9yuATfBfHb8QqfQ4c6r+HPUG3EXQnTj6BGQQRUZUTa7sCRERERERERERERFQ9nLgRi7FOLZQC4NHdm8Mv8gnGudgL04K+88DU3/xw7tbTImVMcnXAF33boYahHq7HJmLSDl8kpWbh0frx8Nx6GoHRzwAAa0Y5QVdHB7P3BKCOuQl+9nSBvY0F8qUyHL3+AIv/voJ8qQz/G++KV2nZaPC+KerWMsF7NQwxbZc/rsUmInDRcFibGSNixWi4rz2GuOR0bPq0J5yb20BXR4TIJy8w8Vdf/JuaWen7zlhfjCXDumLeHxewKzBKmL7/yh0kJGcgJy8fAKAv1sHSYd3Qv21DyGQy3HzyAjN3n8eLtCyMdWqBoZ2aICs3H7bvm2Lkxn8QunwUFh+6gvkDO6HDwn0w1NPFlnGusKttBl0dEY5ef4Av9wYCAH6d0BtJqZno06oBAqOfY/aeAKU6dmlijZ9GO8PMSB+6ujo4cSMWX/95EflSGTo3tsLqT5xgUcMQWbl5WH3iOg5cuQsA+K+zPb7s1w66OjrIl0qx7tQN/BYQheFdPsA4l5ZwXfYXAHkAPqVXa+jqiJCalYNv9l/C+dtPMapbM3zSrRluPXmBDo2sULeWCTafDceWsxGVflyIiN5F7AKaiIiIiIiIiP6PvTuPj6q6+zj+vTOTmez7ToCQEPYl7LuCqLhUXHCvC9ZqfR5tbdVW2z6t1drF1rWLVdu6W5e6VUTrxiIIyr4IISxhCwSyZybLTGZ7/pgQEjIhAQKB4fN+ve6L5N5z7vndO+Hoi1/O7wAAIElau6tMbo9PU/pnNp+7btIAvfn15k71n9I/Uz+dOUbn/v4dZf/wOe2vqdeT10/tsN9zt56j4gqHht73iib+6g2dObCHbp46WJLk9vo0a1xf3fnyAk37zdt6cXGB7r9svBoaPfrePz/TfnuDhv30Ve0ot+sHM/LVNy1OQ+59Wf3veVFms6H7Lhp9dC/jCI3JTVNMuFWvLSlsc21BQbGWbAmsiL3nwlEa1zdd4+9/Q8N++mrTOzpTkuR0ezSpX6ae/2KDxt//hpxujyKtFkWHW5Vx+9+1t6pOT94wVau3l6n/PS9q3C9f1+Xj8jRzVE5Tf68uG9tXlzw2p03yV5Ievnqynp2/XkPue0X5P3tVcZE2Dc5KUlykVe/96CI99tEqDb3vFV35pw/1pxumamCPREVYLfrr7Gm6+LE5Gnzvy7rgj//RRSNy2pR3njYoSz+7eKy+9ch/NPS+V/TLt5bqzR9coMTocLm9Pk0dmKX3VxXpnN+9o9lPf6LfXzWZEtEAcJxYJMovAAAAAAAAAAAMSYZeXFygG6cM0qLCEo3vm646l1vrdlW0aNO6fUuXjcnTB6t3aE9VvSRDP3rlC4WZTS3ate2TGB2haYOydPPfP5NkqL7Rq+e+2KhvTxygZ+dtkGTo0/W7VO5wSTK0dme5vnfW0EPuFfjz8Y/W6KlP18vtDZQ+nr+xWGcO6NFmzOMhPjJcVXVOOd2+w443a0ye/jh3pepcHkmG/vzJWn3z8HUyP/Op/H5D1fUu/XftLkmG/E33CSSVA19f8eSHTaWdDVXUurR6R6n6psU3tZcWF+7V7sq6oDEUV9TqkpG5KthTpRVFpbrlH59LCuxbXFXn0n9WbpdkaHuZQ3NX79CsMXn6zX+WqdTeoO9OHaIXFhVoy75qXfbE3KY7Hnz/F4/K1ZxVRSpuGvuzb4pVUevUpH6ZkgztLLNryZZ9kgyt2Vkuq8WkjLgo7Sh3HNN7BwC0ZSH/CwAAAAAAAAA44NUvN2n9765TTMQXun7yAL20uKD9/O0h/76cHh+pzSXVzeedHq+cHu9h+6fFR0qS5v98VvNpi9mkCkdDc1uH0938tc/vl9lkChpHTlqs7r9knHqnxMrn8ystLlKFJVUnZB1UmaNBidHhigoPU53L3W67tLhIPXz1JD0wa3zzuVqnW+nxkZIhldkbDs1rq7TFuzhzYA/ded4IxUZY5fP5lZcer0Wb9zZfb9X/ELe9ME/3XDBSf509TVmJ0XppUYH+762lSo+PVFZitAofuaG5bXiYWe+s2Ca/pLN//47uOm+EPvzJxfL6/PrDByv03MKNreJMi2v92UtSRa1TaXGRqmlolL3lZ6hAgt5sNp2QzwYATjcW5lYAAAAAAAAAwAFl9gYtKtyjK8f308xROfrlW1/JaPqHZEOtc7iH/vtyaU290uIims9H2cKUER+lrfur5fX7W/WNjbCqvtGjfVV1kqSJv3pTlXXOVvc73FjB8tAv3nquFm7ao+v+9rEk6cffGqUp/TJPSI5x5fb9qq536eapg/Tnj9e2unbe8N7qn5GgJ/+7RiXVdfrt+8v13optbe5hSPIryDP7A18nRoXrrTsv1DV//UhzV++QJM25e2arz6Vl/0PVOd164J2v9cA7X6tXUozeuvNCfaesRiVVddq6v0ajf/Fa0JiK9tfojhcXSJIm5mXo/bsv0tItJa3i3H/IZy9JKTER2ldTp0hrWKvnOczvEAAAuoCp9X+yOTg4ODg4ODg4ODg4ODg4ODg4ODg4Ts/jAEMvLtqkn140WosL96qyztXiuhHk64PHf1Zt10Ujc9QnNU6GYejXl0/QQ1dMkGSouKJWg3okSTKUEhOps4f2kiRV1zdq/sZi/ej8EZIMGYahey4cpWsn9m8T16Hjuz0+RdksCjObJRlKjo3Q6h1lkgzlpsVr1pi+igoPOyHvr9Hj131vLNGDsybo+zPylREfpZhwq749aYCev/Uc7Sx3SDL07opt+t60IU1JUUMzhvXWw1dP7vBZJUOxkTaFmU1aWRR4xvOHZ2tozyRF2ayH6R84wsxmfXn/lRqSlSzJ0J6qOlU4GmQYhhYU7FF6fKRmDOstyVCkNUxPzZ6m4b1SNLRnsj6+9xIlRIVLMlRYUi2XxyfDaB3fuyuKdOGIPspKjJFk6Lzh2YqJsGpxYUmHz8XBwcHBEew4epZj6g0AAAAAAAAACDkfrd2hv9x4pl5evOmI+s3fWKzfvr9cc++eqUibRWt2luu25+ZJkn71ztd6/Lopumx0rkpq6vTu8m2yms2SpJv//pkev+4MbXz4OplNhlbuKNWLXxR0ON6aXeXaW1WnbY/fqCv/9JF++dZX+vUVE/TTmaO1obhSP3hpod6+80I9eu0U3f2vRUf+Io7Qi18UqMzeoB+dP0K/uGSs/H6/Vu8o0zV//VgLNhZLkh79cJViI6z6+sGrZDYMlToadPernYttR5ldf/54rRbff4Vq6l36z8oi/ezNJXr8ujNUsKfysH3dXp/+8MFKvXjbOYqyhcnv9+vzDbv1/MKNavT4dNkTc/WHaybrsW9Pkckw9PbybVq/u0I+v19fbNqrJfdfIcMw1Ojx6rf/Wa6CPVUa3Set+f5fbNqjh95brjl3XySzyVBVnUuXPzlXNfWNR/9CAQBHxQif/Vd/dwcBAAAAAAAAAAAAAAjY/+R1kqQ1a9Z0uk9+fr4kyXKsS4gBAAAAAAAAAAAAACcHU3cHAAAAAAAAAAAAAADoGiSAAQAAAAAAAAAAACBEWAyDEtAAAAAAAAAAAAAAEApYAQwAAAAAAAAAAAAAIYIEMAAAAAAAAAAAAACECBLAAAAAAAAAAAAAABAiLGIPYAAAAAAAAAAAAAAICawABgAAAAAAAAAAAIAQQQIYAAAAAAAAAAAAAEKExRAloAEAAAAAAAAAAAAgFFjI/wIAAAAAAAAAAABAaKAENAAAAAAAAAAAAACECItYAgwAAAAAAAAAAAAAIYEVwAAAAAAAAAAAAAAQItgDGAAAAAAAAAAAAABCBCWgAQAAAAAAAAAAACBEWEj/AgAAAAAAAAAAAEBoYA9gAAAAAAAAAAAAAAgRFhmsAQYAAAAAAAAAAACAUMAKYAAAAAAAAAAAAAAIESSAAQAAAAAAAAAAACBEWCRKQAMAAAAAAAAAAABAKLCQ/wUAAAAAAAAAAACA0GAh/wsAAAAAAAAAAAAAoYES0ABwAoX7XXIatu4OAwAAAAAAAAAAhChTdwcAAKeT9JpChXvqujsMAAAAAAAAAAAQotgDGABOkHBPna678jK98OEilcgmr2Hp7pAAAAAAAAAAAECIYQUwAJwgkf4GXTxhsCxx6cp0Fsvs93R3SAAAAAAAAAAAIMSwBzAAnCAjeiZqQGaikuKjVaHeSqnap322zO4OCwAAAAAAAAAAhBBWAAPACRDuqdNN502QJNksZslsUXhMgjKcu7s5MgAAAAAAAAAAEEosBguAAeC4Mvs9mtIzXBePH6RyR4NcXm+g+EJ4lGyGlFGzW2XhGewJDAAAAAAAAAAAjhkloAHgODL7PZqW4tZL935XkvTFpj2qcLjUPPfaomVLCldGZbHKLUlyWqK6L1gAAAAAAAAAAHDKowQ0ABwnEd56XT80Xq/833dltZg0b8NuvbBgQ9uGZovMKdlKtziV1rBbZr/nxAcLAAAAAAAAAABCAvVGAaCLmf0eZYfV6s/fv1iTB2Vr095KLd+2X/M27Nb2Mnu7/fwxKQqP9CirtlxOl0dV1iQ1mmwnMHIAAAAAAAAAAHCqs4hNgAGgy8S7ynTdpP76v2/foEhbWPN5h9Ot/pmJWrG99PA3sIRJ8RkK93qUWVumBpeXRDAAAAAAAAAAAOg0VgADQBeI8tg1Iy9RP7/uJuVlJLa61iMxWpJU4Wjo/A3NFvnjMhQuKdNRKmdDqSptqSSCAQAAAAAAAADAYZEABoBjEOWx65y8RH3/kks1Jq9H0DbzNhRLktbtLj+qMfwxqbLFSJlVxapv9KvCliavwfQNAAAAAAAAAADashiiBDQAHKnAPr8OPfK9C3XW8Nx2283bUKw9lbVavm2/SqrqdUxzbkJPRXo9iqgqVrk5XvWW2KO/FwAAAAAAAAAACEkW8r8AcGTCPXW6eliyHvrOtxUTYW233bwNxdq0t1KFJVVauaNUXTLfWiwyUrKV6ihVrWufym3pXXBTAAAAAAAAAAAQKqghCgBHIM5Zpj/fMkMXjx982HYHkr/by+yav7G4y+Pwx6Qqylons32Pyq0p8praT0QDAAAAAAAAAIDTh6VrlqQBQOjrq1K9+uCNGtAjqd02jR6vPlq7S3sqa1VYUt2U/D1O86wtWuGJ4coo266SyN7sCwwAAAAAAAAAAGTq7gAA4FQwKrJGr//f7MMmf8sdTr3x1dam5G/VcVn524bZInNKH2XU75TZ7zn+4wEAAAAAAAAAgJMaewADQAf6qVQv3Ptd9UqObbfN8qL9Wl5UKkmaX1CswpKqE1dgwWKRObWPUst2qiSqzwkaFAAAAAAAAAAAnIwoAQ0Ah5HpLdOc331P6fFRQa+XO5yat7FY5Y4GlTsaNH9jsSpqnSc4SgVWAif1VPTuAtWmDDrx4wMAAAAAAAAAgJOChfQvAAQX5arQC/fMCpr8bfR4tbyoVOt2lUuS1u8q14rt+9Xo8XXbr9VYwqwyh8fIZt+rxtjMbooCJ8KvZubrh+cM1sff7NFVzyzo7nBOejaLSfsfv0aSNPWPH2nNrspujggAAAAAAAAAjh9LdwcAACcjk9+ja0f10Lj+PdtcW160X+t3Vcjl8arc0aAlW0q0t6quG6IMIipB1rLt8obHy2uNPG7D3DQ5T49fNTboNZfHp6o6lzaV1OjDb4r10pKtcrq9xy0W4FQ35wdna0pemiTp5hcW6+2VOw/b/rnZk3XZqN7tXnc43dpVWacvCvfpmS8KtaO8tk2bGybm6k/XjJfX51fSnf86tgcAAAAAAAAAcFKxyGANMAAcqq/KNXzwWDV6vLJazNpbVaftZXYV7q2Sy+OVy+PVul0VWrm9tKnHyTGXhoVZ5IhIUmR1kRxpQ4/fQC0et6bB3epSlM2i9LgIpcdFaOqAdN16Rn/N/Mtn2lvdcPziOe0YB//gv+Mda/mODOOkemc5KTHNyV9JunFint5etevwnZrC9/j8qnN5Wl0yGYaibWEanBmvwZnxmj05T//76lK92+aeh7wTAAAAAAAAACGDFcAAcIhId42GDO4rh8ujfy7Y2OragcTv+t3lavT4uinC9hlmi2Qyy2OJUFh9udyRycd1PJfHp973/rt1DIbUMyFKN0zI1d3nDlHf1Bj94fIxuu4fXxzXWIBT0eyJfSVJnxeUaNqAdE3JS1N2cnTQVbuHWli4T7P+Nr/NeZvFpAm5qXrw4hEalpWgZ6+fqIK9Ndq0r6bL4wcAAAAAAABw8jF1dwAAcLJJbCyXLSq21TlX056/b329VSu3l56UyV9J8noCqwG91miFV3WwivA48fulXZV1emjuOv1j0WZJ0nlDeig8zNwt8QAnqzCzSdeOy5Ek/WPxZi3ZVibDkG4Yn3tM93V5fFpQuE8X/fkzlTmcCjOb9D9TB3RFyAAAAAAAAABOAawABoAW4pylMsemaMX2UjmcblktZpVU1508e/x2wPD7m7/2hMfKWluqxujUbotn4eZ9uuWMfrKYDCVGWYOWgZ6Sl6ZbzuinsdnJSoq2qc7lUUFJjd5etVMvLtkqtzd4sv1I+/364hH6/vSBenbhZv3uo3V67MqxOmtghnZV1mrKwx916nnSYsN1+7SBmj4wQ9nJ0bJZzKqsc2nljgo980WhFhTua9Pn07vO1ZjsZN343CLN37RP91+Ur/OHZikxyqqSmga9tqxIf/z4G/n90vCsBN13/jCNy0lWlC1MW/bb9ad5G/Xm8h1B4/H7Ayuub582QNeMzVGf5Bh5fD59s6dKT83fpA/WFQftNzwrQf8zdYDG56QoPS5ChmGopKZeizbv1xOfbdS2MkebPvERVt0+bYBmDOmhPskxsllMKqt1ast+u15btl1vrtiuFj9+kqS8tFh9/6yBmtw3VZnxkfL5pf32Bq3aWaF/Lt6iJdtK24xjs5j0ncl5uiS/t/qnxyomPEy1Lo8KSqr1+rLtenHp1jbjSJLFZOiOswbq6rF9lJ0UrfpGj9bsqtQTn2/U10VlQd/DAakx4brjrIE6Z1CmeiZGyWIytN/u1FdFpfrbgkKt2V3Zqv2MwT30xvfO1Ma9NZr4+7n6vwuH6foJfZUWG67e9/67TVn09lw4LEvJ0TZV1zfqs40lSouJ0OS+qbp2XI5+8+E6eX1BHvQI1DS49cHaYt00ua/GZB/fagAAAAAAAAAATh7sAQwALcSoQYpMV6PXr/XFLZI+p8hc6fa4m2P12mJkc+xVY0xaB72ORuf2D40KD5MU2Ku01OFq0/aXFw7XXecOkiTtKK/V4i2lSouL0Ng+yZqQm6IrR2dr1tPz5XB6jrmfs2nVdrjVrMeuGqtLR/Q6+Cyd+Hz7pcXqox+craRom9xen7aUOtTQ6FFOSozOH9pD5w/toZ+8vVLPfrG5VT+nOzBufKRN73//bOWmxGhbmV1Wi0l9kqP1swuGKSLMog/WF2vOHdPlcLq1u6peuSkxGtIjXs9eP1FOt0/vr93d4p2r+b0+e/0kXTG6t3aU16pwX436psZqYm6qJuam6t53VuqZha3juWxkLz17/URZTIbsTrc27bPLbDLUNzVG10/I1axR2broL59r5c6K5j5J0TZ9ftcMZSdFqdHj08aSatmdbmXGRWpq/3RN7Z+u6QMzdOvLS5v7jM9J0bv/O00RYWZV1zdq/Z4qNXp8yk2N0axRvXXZyN760ZvL9MKSbc19IsLMmvv9szWyd6IkqajMoS2ldmXERWp8TorG56Ro2oAM3fj84jafz0s3n6ELhvaQJH2zt1ol1fXKSYnRe7efpdv/9XWLlq0/7xG9EvXO/0xTQqRV9Y1erdpVIZfbqyE9EnTVmD66YnS27npzeas4nR5vIF6rWd+Zkqd7ZgxpcfvO7zE8e2KeJOmdVbvk9vn17ppd+v2sUUqPi9CMIT304fo97fTs/P69FXUuSVJsRFjbvZA7eQ8AAAAAAAAApxYL/+QHAAE2T60sEbEdNzyJuRsbW6aG5LfYZGmsl9ca2aXjGO18fahL8gNJ1s827pXX52/V9pIRvXTXuYNU6/LotpeXau76g6tVB2fG6/mbJmlsn2T9euYI/ejN5cfcz+sLJGJzU2I0LCtRd7z2tRYW7pPRwTMc8IdZo5QUbdM3e6s166n5KnU4JQXK+P7mkpG65Yw8PTgzX++s2qmKWldzP1/TKs47pw/Upn01+tafPlNdo0cmw9CjV4zW7El9dfOUPJ0/tIce+3SDHv1kgyQpNjxMb942VeP6JOt7Z/TTnJYJ4Cbjc1IkSTOe+FTLtpdLCiRR/3bdBF2c31O/uihf763a1RxrpNWsx68cK4vJ0Gtfb9dd/14upzuQzEyKtunV756hcX2S9egVozXtkY+bx7lj6gBlJ0Xpmz3VuuSpea2eb2yfZL12yxm6cnS2Xv5qmxZvCazq/fXF+YoIM+vVr4p017+XN5dNNwzp+vG5euKqsfrNpSP19sqdqnUFEvW3Txugkb0T5XB6dOlT81oloa8Y3VvPXj9RF+f31HmDM/Xxhr3N1y4b2UsXDO0hn9+v2c9/2epdXT6qt/54+ejm71t+3pFWs176zhQlRFr1eUGJbn7xy+bVuybD0M8uGKq7zx2sP14+Wl8XlTfvoXtgZa7NYtbtUwfoT58X6MWl2+Tz+1Xr9HTq5yk7OVpn9gv8csYrX2+TIcne4NbcdcWaNaq3bhifq4/aTQAf1NFYfZKjJUkVta522/L/ggAAAAAAAEBoYQ9gAGgS21gtRSd1dxhHraGxUX5f67LH7ohE2ezBywAfL7HhYRrRK1F/v2Gizh/SQ/vsDfrFf1a3aXfveYFVk7+Zu65VEleSNuyt1u2vBlZtXjsuR4lRtmPu522qGzypb6oemLNGr35VpOKqeu2uqu/wmQxDKqlp0ILCffrN3HXNCVVJcnt9+uX7q9Xo8Sk8zKzJfYOX3M6Ij9QPXl+musZAstPn9+uRFslep9vbnPyVJLvTrWe/KJQk5fdKDHrP5GibfvLWiubkryQ1uL268/WvVd/oVUSYWZeO7NV8LT0uUvM3lejLraX69dy1zclfKZAg/O2H6wLj9UxUUvTBdzcsK0GS9PYhyW1JWra9XD94bZl+NWeNauobW/QJxPzC0q2t9sz2+6WXlm7Tz99bpYc+WKcI68HdKLw+vz7duFd/mV/QKvkrSf9esVNLtwVKOZ89MLPVtevGBfbMnbuuuE2i/K2VO1uvnm5h1qhs9UyIVF2jR7e+vLRV6Waf36+H5q7TN3uqFWY26dYz+rWKU5Iy4yO0vrhK97+/RkVlDu0or5UvWH3qIG6ckCvDkApKarR618FqA68uK5IknTMoU+mxEZ26V3vSYyN0zqDAu1q0Zf8x3QsAAAAAAADAqcPCug8ACLAZXp3Kc6KzvkHB4jd5nUHPH5vA/WwWk6qevCZoC6/Pr38u3qrHPt3QtPfvwRhyUqI1ID1OkvTe6t1B41u+o0KlDqdSY8I1ITdVc9cVH3W/ljG7vT69vmxH0L7t8ful/331kDLCLTjdPu2prlef5GilxUYEvfe8ghJV1Da2uranukEuj082i0n/XrmzTb/t5YG9p6OsFlkt5haJ1EC7+kav5q7f06ZfTYNHXxWV6awB6RrTO0XPaIskqaisVje9sKTd59haenDv37SYiKZ4paqmxO7Ufun6y7xN8hyyN+3c9Xuk9a3vWVXvUnpshM4emKkVO1rvoStJf1vQsjR1oM8TnxXoic8KgsZ2IL4JuSlt3vG4ppXQn2wsCdrv3dW7dMOE3Bb3DbQ5pymRvLBwvyrrGoP2/WBdsYb0iNeZ/dKDXn/pq6Kg5w/HYjJ07bgcSQcSvgf7Lyjcr+KqemUlROrb43P06CcbO7hb27GjrBZNyE3RgxfnKzYisIfy0ws3HybOU3feAwAAAAAAANCWhX/zAwDJ6nXJYrXJf4rOiT6/T65GZ9A8juGXDF+j/GZr1w3YYpy9NQ2tLpkMKS7Cqogws64em62MuAj94v3VKiqrbW4zuEe8pEBi9R83Tmh3mMim1aF5aTGScfT9WtpWVqs6t+eocl6GIU3MSdGwnolKibIpPMwso2n/1LiIwPs1m4ygNbJ3VdYFHdPl9spmMQW9fmCvWSlQarrR23qF95b99sC5IPfdVubQWQPS1Ts5qs31SKtZU/unq396nOLDw2S1mCUFEvoHmM0Hn+O5L7fqkhG9dGb/NC37+YV6a+VOzSss0YodFW2SwQc888Vm3f+t4br3vCE6s1+63l+7S/ML92nTPnvQ9i0NyojT2D7JyoyLVJTVIpMpEMiIppXQLd9xRlyEIq2B+LeXO4K+i837W4zZogZ0//RAyfcNe6vb/XkoLA2Ufe6THC2L2Qg8b4u264qrjvhn6fxhPZQaEy6Pz683lu9o1d8v6bVl2/XjGYN13fgcPfpp+wngM/qladtvL2t1zmwyFBcR1vy93enWTS98qT019e3Xbj9F5z0AAAAAAAAAwVk6bgIAoS/CXSN/3Klb/tlRWy9/O4k4jzVKlrpyuWMzg14/Fi6PT4Pv/0/Qa31TY3TrlH66ZUqepg1I1xVPL9CXTSV8EyID5YUNI1CSuSOxtrBj6tdSVb0rSMuOje2TrGeuG6/spOij6m93ug973dHB9WAqD/Ms9qZyxjHhrd/BDRNy9dAlIxRj6/z/AiwtKtOVzyzUY1eOVp/kaP14xmD9eMZg1bo8Wli4T698XaT/ttiTVwqs5m30+nTvjCEan5Os8TnJkqR99gb995u9eu7LLVq/p7pVn7TYcP39+omaktfxZ3tAbHjrZGcwLUs7t3Tg56mqJ16lrgAAIABJREFUoTHodUmqblr9bBhSbERY00rhg6rq2+/bntkT+kqSPtmwV+W1bT/DV5cV6Z5zBys7KbBP8MLNwcs3h5lNSoxq+4sd9Y1e7ayo1bxN+/S3hYXaU91xmXMAAAAAAAAAoYMS0AAgyWwYUlh4d4dxVFxut+pra9XefO61xijMZZf7uM33we+7tbRWP3l7lcItZl0/IUd/vHy0Jj78X0nSgVx1faNXPX7yVqfHOdp+LQW2ST6yd5EWG65/f+9MxYaHafWuSv32o2+0aleFquvdzXu+Lrn3PA3MiFOrJaZt4jjcuMGuH7pMs/X1wF60we954NcBAuEF2pw7KENPXjVGkvTWyl3628JCbdlvl8MV2Jc4Mcqqbb+5NOh48wv3a+RDczW5b6rOH9xDZ/ZP08D0OF04LEsXDsvSJxtLdO0/FjXvjytJT83frBe+3KYZgzN1zsBMTclLVVZCpGZPzNWNE3L1m4/Wtypx/MrNUzS6d5JKHU498ME6Ldi0T2W1LrmbVj7/YdZI3TIlr9W7ObACu/13KJlNpkPOHNLGH+Rcc8uDff3+A/c/2NZ3mL7B9EqM0tT+aZKkC4b2UNUTVx+2/Q3jc7Vwc2nQa58X7NPlzyzsxKjt/Twe7joAAAAAAACAU5XF4N/8AEA2v0un4nzo8/lkr6npOHaTqUufr1XqqIP7zt2wR9dPyNHAjDilxtpU5nA1r8KNtJoVE25RbVMCsiNH2+/QoI/0XVw7ro9iwwOrPy9+an6rcQ/cq3mlrdH+/Q83rhGk36Hvufl6059xEdZ273mgDLDd6W5u870z+kmS5hfu062vLG3/GQ7zHIu3lmrx1kBCMj02XDdO6Ku7zhmocwdl6H+m9tNf5xe2at/g9uq9Nbv13prdkqRBmXH64fRBunxkL/38/KGaX7hPq3dVakx2kkb3DqzCv/H5L/X19vLDxnfgXF2LzyI2IixozEnRtlb9DrSprHcpJcamxChbu+8xISowps/vV60r8C6P5Of/UDdOyJHJMNTo9QVd/XuA1WxScrRNFw7LUmKUtfVK4xY/B0f79/pYngEAAAAAAADAyY0S0AAgyew/gkTiSaTG7pDX03HpYMPjPAHRBNdyP1KrObCacuPemuZzI3sl6YstwUvcHupo+x2rAWlxkqSvisqCJp2z4iOVGR9xQmJpKS81RoZxYJVva32SA6Wqi8oczef6pwee49OCkqD3G9dUprmz9tmdevjjb2QLM+mH0wdqev+MNgngQ23cW6NbX16q7KQoje6dpGn907V6V2VzbPYGd6vkb0tjstuWad9b0yCXxyebxaTclBgtaSoz3tLQrPh2Y+mfFqshmcGvS9Kg9MC1LaWOdvc77iyzydC143IkSX9bsFkPfLC23bZRVosKHrxY0TaLrhqTracXbj6msQEAAAAAAACcPigBDQCSLH5vd4dwxGocdXI2dG5vT8Pffqngo9P58rEXDe0pKbCXakmNS5KhHRV1Kthn18D0WN04IVdfbGlb4jYh0qo5d0zToi2leuCDdXK6vUfd70hjPtSBssZWizlo3/vOHypT0zLKQLnh9u5/pCWg27se+DM+0qoz8tLb7BEbZbVofE6KJOmr7eXN7X1Nz2EL8hzhYWbddfag5u/NRuA50mLD9eNzBys52qbZLywJGlmpI7CSNcpmkWRobHaSbp7UV0XltXr44w3B+9gDv5QQbQ30OfCOwyzB39/VY7KVmxITiM108F34/NLq3ZUa3ydZ5w7K1MtfbW/T94qR2S2+O9j3k4K9unRET53RL01JUeGqqGu9ItcwpJn5gZ/fTzeW6ND33/brw5sxuIfSYwOl5l/+quiwfesavXpn1S7dMCFH14/P1dMLt7QzZlf8veb/BQEAAAAAAIBQcuimeABwegqzddzmJFLf0KD6Wnun25t9Ha8S7kqGIfVLi9GjV4zSt4b1kCT9Y/HW5v1yJenRTwKJwUtH9NSd0we06p8VH6l/fXeyBmXEKTclpkUS9+j7HYvVxZWSpEl9U9Q3Nab5fKTVrIcuztfE3BQtbVp5mtu08vZEsDvdevSKUcpOimo+ZzYZ+v1lIxRts8judOv9tcXN11bvDjzHFSN7K9Jqbj6fGReh12+ZooKSGtU1BlY4H3jOModL5w7K0MzhWfrtJfmKsrYuHtI7KUo3T+orSVrclJCvrG/U5aN660fnDNTVY7Kbk+MHTO2fpmkD0iVJi5rKSa/ZFYgtIsysq8b0bm5rGNK1Y7P1+0tH6K2VuyRJOSkxre73xvIdkqQLhvTQNWMPJntNhqE7pw/QhNzkVj97B7y3ereKymsVaTXr6evGKbZFiekws0kPXzpSeakxcrg8enbRljb9j9SNEwKrfxdvLVVReW2H7V/+ukiSNDA9NujqZwAAAAAAAAAIxsKiDwBo0sXzYf+MeEXbAgmlzfuq5XB2TRK2vqFBNTXVRxSvz2Q+LguAbRaTdvzu0jaXI60WWUwHB3xzxU794ZMNrWJ4Z81uDc1K0J1nDdD93xqmW6fkqXC/XQmRVg3OjJfFZGjTPrt+9O/lXdKvVexH+C7eXLFTPzhrgLLiI7Xg7nO1tKhMJsPQqN6J8vuly59ZqOkDMzQhN0XXj89Rj4RIPb9km/67YW/H4xqHuX7oQs+m781N7/bTjSUKM5u07GcXaNWuStU0NGpIZrwy4gLlqO97d7WqGxqb+/1p/iadPyRTgzLjtPLnF2r17krFR1g1OjtJm/fbNfvFJXpp9kRN7puqP84aqctG9NJ9763S7a8v079unqzbzuynGyfmamupQw6nW0nRNvVLjZVhSOv3VOuJeQWSIW0tc+jBuet0/7eG6alrx+qhi/O1vaJWbq9PWfGRykqIlCS9+vV2zd+8XzKkgv12ffTNXp0/JFNPXTNON07IVU19owZnxiszPkI/eWeVNu2z6/JRvZSXGqOP75yujzbu1ROfFeiVZdt1xajempibor9eM1Y/PX+ISu1O9UmOVlxEmG5+aan+cs1YRVktMpkObuLr8vp004tL9M5tZ2r6gHSt/9VFWrWzQj6/NDwrQYlRVjW4vbr1la9UXF1/TAuAs+IjNb0p6f3SV0Wd6rdyV6U2ltRoUEacrh+fo+U7K9o2Otq/1129iBgAAAAAAADASYMS0AAg6aiygkFcNCJb0wZmatrAHm2uOZxuzS/Yo/kFe7WgYM9R3b+qqkZOZ73ai3VIzxTFRFq1cXe5aupdh1w9PvN9y1WTB9Q3erWzpkErdlboX8t3aFFzqebWMTzwwXrNL9yvmyf11ZjsJE3KTVFNg1vriqv0zprdenlpkRwuT5f1O+jI3oXd6dEFf56vX144VNP6p2lKXqpKHU7NWbtHj39eoKLyWm0tq9XInoma3DdVw7MSZBgHfqYOl+HtKK7gGeCIsMDqXYfLo3veWqU7pvXTlaN6a0hmvLx+vxZvLdOT8zbp8037Wt1j1a4qXfK3hbpvxmCN6JWoM/ulaXdlvZ78fJOenLdJtS6PfvaftXrqmjHKS41V//RY+X2GFm0p0zlPfK7bzuinibnJ6psaI6vZJIczsF/v++uL9fyX2+Ty+JrHe3JeoTaW1OiG8Tka3jNBQ3vEy2QYKq916eMNJXp1+XZ9sG5Pq/hufvkr3TtjsC4b0VOjeiWqusGt1bsqdcfry5vLfT+1YLOuHZut/umxTecMeX3SFc8u0p1nDdBlI3uqZ0KUoqwWrS2u0p/mFWrB5v363aUeRVktCg+ztBpz/Z4aTXz4Y90xrb/OHZShsX2SZSiwt/B7a3brLwsKtaOiLshn0d5nFtx143JkMgxV1zdqziHPfTgvfVWk3186QpeO6KmfvbcmyB7UZIABAAAAAAAAtGYk/PDNtjURAeA0k+HeL2tC2lH3758Rr8eunajM+KiOG0vaW12np+dt1JzVOzrV3ufzq6qmRo3OhqDXr5w4UD+eOU49k2MlSTX1Lv3yjUV648uNkiRr7T7VZozo1FgAAAAAAAAAAKB77XhghiRpzZo1ne6Tn58vSbKw5gMAjs3Mkdl64NIxR9QnMz5KD142Rt+ekKf7312uwpLqdtt6PV5VVlXL42lsc21IzxQ98Z2zNaRnSqvzcZE2PXnT2VpSWKzd5XZ5LVGs8QMAAAAAAAAA4DRgkUFKAAD8nkYdTRnUQPJ39FGP2z8jXq//7zl6et5GPTN/Y5vrDU6n7DU18vkOltY94J6Z43TPzLGHvf+PZ47TD577TCafW8z3AAAAAAAAAACEPkt3BwAAJwOPX7IdYZ/MhCjdc/7wLhn/trMGadrATN312lLtraqT3+9TtaNWzrq6Nm0Dq36nt1n1G8yM/BxJkt/cdp9eAAAAAAAAAAAQekzdHQAAnAwarHGS23lEfW6bNlAx4V2XWA2sBj5bV47NUWl5RZvkb1ykTQ9eNUWf3X91p5K/B/oEsN07AAAAAAAAAACnA1YAA4AkpzlKRl2p/PGZnWofEx6mi0Zkd3kcMeFh+ulFI3XdhL764/vLtHF3uWIirZrUP0u3nD28RUK388yNtfJEJnV5rAAAAAAAAAAA4OTDHsAAIMlnDpO70SNLJ+fEmSP7HNd4eibH6k/fObtL7mX2OOWMTu2SewEAAAAAAAAAgJMbJaABoEmD3yJ5PZ1qGxN+ahRQWLp5j2Qw1QMAAAAAAAAAcLqwsP4XAALqbUmKrauQYtM6bBsTbj2usRRXOPTInGXasKtMknT3zLE6Lz/niO+zYed+ecNjxFwPAAAAAAAAAMDpwSLSAgAgSWo0R8hZV6rw2I7nRYfTfVxiKK5w6M7nP9eSwj2tzt/014901aSBevCqyYqN6Hzy+etvNssV10vM9QAAAAAAAAAAnB4s5AQA4KCasDiFN1RLkfGHbVdSU9+l49obGvXonGV69rO1gRNB5uY3lhRow+4yvX3PpZ1KAtsbGvXxqi1S2uAujRUAAAAAAAAAAJy82BgSAFpw2eLlrK3psN2K7WVdNuabSzZp7E9fOpj8PYxvdpdr1iPvyt7Q2GHbf360VK6E7K4IEQAAAAAAAAAAnCIoAQ0Ah6gOS1ZcyTZFZOS222Zvdb3+9dVWXTu+71GPs3TzHj0yZ3mbcs/n5ffR4KzkFu32asnmg20OJIEPtxK4uMKuf368TN6Yo48PAAAAAAAAAACceizdHQAAnGwardFy2P2qKytVdFyiwq3Bp8pn5heof3q8RmUnB73enuIKhx6Zs1xvLClodX5ivx564qbp6pkU06bPoSt/O0oC3/3UW9oX0euI4gIAAAAAAAAAAKc+9gAGgCCcKXmK3rNaVV6vLBarIiIjFBYWJkkKs1jk9flV7qjXDc9+rtumDdT3zxnW4T3/u2a7/rt2+8HEb4v596oJA/TE7OmyNzTqzaWb9NGaItnrGzW4Z7LOz8/RhH6ZuvWcfD0yZ1lzn2+KyzXr0Xf1xOzpzSuG7Q2Nuv9fn2vRrlopPqHrXggAAAAAAAAAADglGMn3vOvv7iAA4GRkbqiRrXqH3FEpHbaNjbRpYr9MDe6ZrJ5JMeqZFCt7vUvfFJfLXt+oN5Zukr3eFbTvefl99Nz/nK8NxeW66amPVFzhaNPm019cqdgIm8b97OWg97hq4gBJ0pJNu1Syp1gNaUOO4EkBAAAAAAAAAMDJZNsvzpIkrVmzptN98vPzJVECGgDa5Y2Ik9PfSzZ7sTyRSYdta693BVb4rtl+VGP9/fN1enTOsuYSz4f64fPzdN6IPu32f2PJJkmS1bGP5C8AAAAAAAAAAKcxEsAAcBi+yAT5nDWy1Fd0mAQ+Wp1JHG8oLteG4vLDtgmrK1N96mDJ0nZPYAAAAAAAAAAAcHqwyGATYAA4HFdSH9kqd8jSUHncksDHylqzRw2pA+S3hnd3KAAAAAAAAAAAoBuZujsAADgVuBKz5Y5JV1ht2VHfIzbCqu+eNVRZSTFH1T8rKUaP3zhNg7NaJKF9Hlkd++RMGySf7ejuCwAAAAAAAAAAQgcloAGgkzxRKfIZFkVUFqkxOkUyHdkUesv04br7W6P14JWT9ffP1+nv89apuMLRYb/zhvfRjPxsnTe8jwzD0KMfrJAkmRrrZXLXqy5tCGWfAQAAAAAAAACAJMkiUQIaADrLF5moOmu0Iiq2yi+/vBEJne773zXbdV5+Hw3OStIt04fplunDVFPfqA3F5dpd4dDu8kAyOC7SqsE9kxUbYdWQnsnN/d9cWqhHPlih4opahdWWy2uNVEPG8C5/RgAAAAAAAAAAcOqysAUwAByhMKuc6YNkqq9SRNV2uSMS5Td3vAJ3Y3GFzn3o3/ruWUN15cQBGpyVpLhIqyb2y2y3T3GFQ/9du0N//zywWtjscsjqaZArJU9eaxS/wgMAAAAAAAAAAFqhBDQAHCVfZILqIhNkrdopS0OV/CaLvJ3Yh/cf89brH/PWKzYisNL30ATw7gpH83GgRLSlvkIWv0/u2Ex5olOOy/MAAAAAAAAAAIBTHyWgAeAYNSZkS5IstWWy1JVLfo981pgOVwXbG9xaurlESzeXBL1uaqxXmKtGPrNVrsQ+8nUiuQwAAAAAAAAAAE5vrAAGgC7iiU5pXp0bVr1b5voKmQzJ75f8Fpu8lnDJFHzaNTXWy5BPRmOdDLNFfsMsjy1WrpS+J/IRAAAAAAAAAADAKc7CAmAA6HruhJ5yJ/Rs/t5SWybD45LZVR20vScqRX7DLG9qvxMVIgAAAAAAAAAACEGsAAaAE+DAymB3N8cBAAAAAAAAAABCG3sAAwAAAAAAAAAAAECIsJD+BQAAAAAAAAAAAIDQwB7AAAAAAAAAAAAAABAiKAENAAAAAAAAAAAAACHC1N0BAAAAAAAAAAAAAAC6BglgAAAAAAAAAAAAAAgRFhmUgAYAAAAAAAAAAACAUMAKYAAAAAAAAAAAAAAIERbW/wIAAAAAAAAAAABAaLBIpIABAAAAAAAAAAAAIBRYyP8CAAAAAAAAAAAAQGhgD2AAAAAAAAAAAAAACBGUgAYAAAAAAAAAAACAEGHp7gAA4GSWmxylM/omq0ecTZlx4YqxnTzTpsPl0d4ap4qrnVq0rULbyuu6OyQAAAAAAAAAANDN2AMYAIIIM5t02fAMnT8wVWbTyTlRxoRb1D88Wv3TojU1L0kfbizVO2v3yuPzd3doAAAAAAAAAACgm1gMMsAA0EqvhAjdPqWPMuLCuzuUTjObDF00JF3DM+P07JId2lXV0N0hAQAAAAAAAACAbmDq7gAA4GQzPjvhlEr+ttQrMULjsxO6OwwAAAAAAAAAANBNSAADQAt5KVG6YHBad4dxTC4YnKZeCRHdHQYAAAAAAAAAAOgGFhmUgAaAAyblJMl0is+LJsPQWf1S9MKy3d0dCgAAAAAAAAAAOMFYAQwALfRKDI2Vs6dqCWsAAAAAAAAAAHBsSAADQAuZsaGROM2ItXV3CAAAAAAAAAAAoBuQAAaAFiKt5u4OoUvER4R1dwgAAAAAAAAAAKAbWIxTfK9LAEBwzO8AAAAAAAAAAJx+WAEMAAAAAAAAAAAAACGCBDAAAAAAAAAAAAAAhAiLRIlQADgolObEUHoWAAAAAAAAAADQGRbyAwAQopjfAQAAAAAAAAA47VACGgCO0p9/foe++uyDDtut/OITPf3A3YdtU1m2Tz/99nnyejxdFR4AAAAAAAAAADgNUQIaAI5ShMVQdFjHc+jUqWdq5rRJ2uNtv01KSopef/117fBa5O+yCJnfAQAAAAAAAAA43VhIDwDAQUc6JxpNx1vPPqaIqBhVV5TKXlmh+lq7LvnOD5Q7aJi+WLBQy+Z/rNvuf1TuRpc+/Nc/VbD6K3k9Hg2fcKYuuPYWlVeU6Sc/nK3fvPiBzBaLtm1cpw//9Xc5G+pkMpk1bvqFmnzeJcf1WQAAAAAAAAAAwKmPPYABoKWjmRMNKS7CorXLF+m3j/9ZqUmJevfN1zTv7ZeUO/gRRYYZCrcE2i384E3VlhXrueeek9fr1l0/vEtfz5urISPGBG5lSHW1dr3y+AP6yU9/rtFjRqu0tEx33vG/SsvqpbyhI4/vswAAAAAAAAAAgFMaJaABoEsYGjV6lOyWOFVWeZXSq6/sc9vuD1ywfLGuvPpaba2zyFCY/vDo46ryGNpTWtXcZvvGNUpIiFfagJHaUOlTmDVJE8aP17a1y44sAcz8DgAAAAAAAADAacfS3QEAQKiwhEfJ4wt87fIZ8nl9bdrYq6vks8XI55ckv4rd4W32/HU7qhQXFye7u+l7n2SLjpGjrPx4hg8AAAAAAAAAAEIACWAA6CL+QzO5bVK7UkJ8vKqrq5XR9H11VaV8Pp9MLdokJiaqqqq6Vb+a6holJSZ2ZbgAAAAAAAAAACAEWWRQIhQATpRxEyfpy88+VM6ICZKklx97QKMmn6VBI8c1t8kbOkIO+xMqXLNc/fPHqKpsv9asWKY77/vFkQ3G/A4AAAAAAAAAwGmHFcAAcAKde9nVstsdeuyeW+T3+zRp0iRd8K2Z2rF3f3MbrzVav3rgQf35qac15+WnZTaZddNN31F63lDVutuuKgYAAAAAAAAAADjA6PGreWQTAKDJC9cM7XTbAQkmVTT4Veb0q1eMST6/VFwb2Pc31mqod7Sh9ZU+JYUbSg43qbDaK5MhZUWbFBcmyZCqXdLuWp+sJmloklmryrzyS4oOM5QVZchsCpSWLm3wq9x5ZNP17NfWH1F7AAAAAAAAAABwctj4o1GSpDVr1nS6T35+viTJIlEiFAAO6vycuKnqQELW0C7Hwa8lyd4ora/0SzJU4ZQqnD5Jhnx+tWh7cMxGn7SyzNfcv9Ytbapu2+7IML8DAAAAAAAAAHC6sZAfAIAQxfwOAAAAAAAAAMBpx9TdAQAAAAAAAAAAAAAAugYJYAAAAAAAAAAAAAAIEewBDAAhi/kdAAAAAAAAAIDTDXsAA0BLoTQnhtKzAAAAAAAAAACATrGQHwCA0MT8DgAAAAAAAADA6YcS0AAQspjfAQAAAAAAAAA43Zi6OwAAAAAAAAAAAAAAQNdgD2AACFXM7wAAAAAAAAAAnHYoAQ0ArYTSnBhKzwIAAAAAAAAAADqDEtAAAAAAAAAAAAAAECJIAAMAAAAAAAAAAABAiDD8fr+/u4MAAAAAAAAAAAAAAATY7XZJ0po1azrdJz8/XxIrgAEAAAAAAAAAAAAgZJAABgAAAAAAAAAAAIAQQQIYAAAAAAAAAAAAAEIECWAAAAAAAAAAAAAACBEkgAEAAAAAAAAAAAAgRJAABgAAAAAAAAAAAIAQQQIYAAAAAAAAAAAAAEIECWAAAAAAAAAAAAAACBEkgAEAAAAAAAAAAAAgRJAABgAAAAAAAP6fvTsPj6q8////msxkspAQlrAkIFBEoUGUtYQKbiwiKCpgURTc0OLWj0oVqnWpimKt1AWr5Ucr7iKoLFbLKioqFYQgi4DirywBAiEJIZlkljPn+0fMdGYyCVlmMjA8H9eVi8w57/uc95mJ1PrKfd8AAABAjCAABgAAAAAAAAAAAIAYQQAMAAAAAAAAAAAAADGCABgAAAAAAAAAAAAAYgQBMAAAAAAAAAAAAADECAJgAAAAAAAAAAAAAIgRBMAAAAAAAAAAAAAAECMIgAEAAAAAAAAAAAAgRhAAAwAAAAAAAAAAAECMIAAGAAAAAAAAAAAAgBhBAAwAAAAAAAAAAAAAMYIAGAAAAAAAAAAAAABiBAEwAAAAAAAAAAAAAMQIAmAAAAAAAAAAAAAAiBEEwAAAAAAAAAAAAAAQIwiAAUDSR1vz1PbhZbWq7fT4Sq3YmV9jzdxv9mrgC1+GozUAAAAAAAAAAIBas0W7AQA42ay7Z5DSkmr+63Ncr0yNOqttI3UEAAAAAAAAAABQgRnAABBkb1GZku7/WHO/2ashL69V1ozVuu7NjTLNivP9/vqFPt9VIEnaV1SuS/+/b5T5yHKd/sQqvbZunyRp3sb9GjXnG0lSmdvQne9vUdenPtWZT36qS2b/R/9/gSMqzwYAAAAAAAAAAGIbATAABIm3xqnc41XeMadW3Jat/9wzUMt2HNanP1Zd9nnCWxvVu32ach8dqn/d+ivdvmCzthw4FlDz5IoftS3vmDb9/nztfOBC9WqXpglvbmysxwEAAAAAAAAAAKcQAmAAqMaEvu0lSakJNnVJb6LdhWUB5/NLXVq964huH9hJFovUrXWKdj88WN3apATUffDdAU3K7qDE+Iq/cif/uqO+/G+hisrcjfMgAAAAAAAAAADglEEADADVaJoY7/s+ziIZXjPg/MFipySpZbLddyy9iV22OEtAXd4xp1o1CaypPA4AAAAAAAAAABBOBMAAUE9tUhMkBQa5Px1xVJnZ27ZpgvJKXL7Xh0srvs9omtgIXQIAAAAAAAAAgFMJATAA1FOrFLvO7dRcf/3sJ3lNaVe+Q72f/bzKUtFjzs7QnLW75fR4JUkvrfmvBp+RrqaJtmi0DQAAAAAAAAAAYhjpAwA0wJvX9dZtC75Tu0eXK9EWp2dGZemczKbauO+or2ba4C4qcLh19jOfyTSlrLYpmntNzyh2DQAAAAAAAAAAYpXFNE3z+GUAAAAAAAAAAAAAgMZQXFwsScrJyan1mJ49KyafsQQ0AAAAAAAAAAAAAMQIAmAAAAAAAAAAAAAAiBEEwAAgyXLvR7Lc+5Hv+8b8EwAAAAAAAAAAIFzYAxgAAAAAAAAAAAAATiDsAQwAAAAAAAAAAAAAIAAGAAAAAAAAAAAAgFhBAAwAAAAAAAAAAAAAMYIAGAAAAAAAAAAAAABiBAEwAAAAAAAAAAAAAMQIAmAAAAAAAAAAAAAAiBEEwAAAAAAAAAAAAAAQIwiAAQAAAAAAAAAAACBGEAADAAAAAAAAAAAAQIwgAAYAAAAAAAAAAACAGEEADAAAAAAAAAAAAAAxggAYAAAAAAAAAAAAAGIEATAAAAAAAAAAAAAkIzsQAAAgAElEQVQAxAgCYAAAAAAAAAAAAACIEQTAAAAAAAAAAAAAABAjCIABAAAAAAAAAAAAIEYQAAMAAAAAAAAAAABAjCAABgAAAAAAAAAAAIAYQQAMAAAAAAAAAAAAADGCABgAAAAAAAAAAAAAYoQt2g0AwInA5XJFuwUAkCTZ7fZotwAAAAAAAADgJEYADAA/MwxntFsAcIqzWhOi3QIAAAAAAACAkxxLQAMAAAAAAAAAAABAjCAABgAAAAAAAAAAAIAYQQAMAAAAAAAAAAAAADGCABgAAAAAAAAAAAAAYgQBMAAAAAAAAAAAAADECAJgAAAAAAAAAAAAAIgRBMAAAAAAAAAAAAAAECMIgAEAAAAAAAAAAAAgRhAAAwAAAAAAAAAAAECMIAAGAAAAAAAAAAAAgBhBAAwAAAAAAAAAAAAAMYIAGAAAAAAAAAAAAABiBAEwAAAAAAAAAAAAAMQIAmAAAAAAAAAAAAAAiBEEwAAAAAAAAAAAAAAQIwiAAQAAAAAAAAAAACBGEAADAAAAAAAAAAAAQIwgAAYAAAAAAAAAAACAGGGLdgMAEIvcbrc++GChFix4X0lJycrK6iaPx1B+fr5SU1N100036Be/6BTtNgEAAAAAAAAAQIyxmKZpRrsJAIg2l8slw3CG9Zo2m1233PJbdevWTffdN0WSRZI0ZcrvlZeXp3/+c3ZY7wfg5Ge1Jshut0e7DQAAAAAAAABRVlxcLEnKycmp9ZiePXtKYgloAIgYj8clSTJNr1yucrlcZXK5ynTmmWfq8OHDUe4OAAAAAAAAAADEIgJgAGhEhYVFWrPmC40fP16SlJ+fr0ceeUy33/47SdKBAwc0Y8afNXHiTZIkwzA0c+ZzmjnzOT3zzLOaPn2G71pff71Wf/zjw3r++VmaMePPeuaZZyVJubm5uuee3+ull17WffdN05tvvi1J+uqrrzV27Di9/vqbeuqpP+u22+5szEcHcJL67LPP1K9fP9155/H/zjAMQy+++KL69eunpk2bqmnTpurXr59mzZolr9fLuEYa568unx8AAAAAAABiAwEwAETYpk3f6ZlnntWjjz6uW2+drA4dOurCCy+QJLVq1Ur9+v1KcXEVfx1nZmbq3HMHymKpWC76m2/WKTd3v6ZNm6YHH3xQF154oSRp166fNH36DN133336/e9/r4cfflhpac0kSV6vqYkTr9fdd9+t2267Ta+99obKy8s1aNAgtWjRUm63R1OnTtWIESOj8G4AOFls375dl19+uS644AKtX7/+uPUul0tDhw7V3XffrUsvvVQ5OTlau3atevfurbvuuksjRoyQ2+1mXITHVarr5wcAAAAAAIDYQQAMABHWs+c5evDBB/Xkk09q8eLFys7ur5tvnqTvvtss0zRlmoav1jRNeb3/e52W1kzbt+/Q4sWLVVxcpEGDzpUkffrpZ+revbuaNWsqt7tcLle5Jk26WZLUoUMH9enTU263UykpSZKk0lKHDMMjSWrfvr3i4kxdeeXljfUWADiJHDp0SLfffrsGDhyo5s2bq1OnTrUa98ADD+jTTz/V3XffrUceeUSdO3dWVlaW/v73v2vMmDFaunSpHn30UcZFeFx9Pz8AAAAAAADEDgJgAIgw0zR9ewA7nQ6NGHGJMjMztXDh4uOOPeus7vrd736n995boN/8ZrxefXWuJKmgoEBNmzaVaZq+2p8nEWvPnj164YVZevXV1/T++x/+fNYS0I/0vz2KAcDfxo0bNXToUOXm5mru3Llq06bNccccPnxYL730kiTpjjvuqHJ+ypQpkqTnnntOR44cYVyExkn1+/wAAAAAAAAQWwiAAaCRGYZbFotFNlv8cWu9XkMjRw7X22+/pSeffFJvv/2ufvjhR6Wnpys//3DIMY888piysrrr1ltv1VVXXRXu9gHEuIsvvlhXXnmlEhISaj1m8eLFKi8vV0ZGhjp37lzlfHZ2tlJTU+VwOLRkyRLGRWicVL/PDwAAAAAAALGFABgAGtmWLVu1e/duXXRRxX6+qampysvLk9PplCR5vV5f7fLlK7V7939VXl6qHj2ylJaWJoslTueff762bfteGzZsrHL9Y8eOKT7eKrfbqfJyR+M8FIBT2ueffy5J6tq1a8jzFotFWVlZkqTPPvuMcREaBwAAAAAAAEiSLdoNAEAscrvdmjdvvg4fPiyHw6EZM/4sSXI6XSoqKtIjjzyic88dIMPwKDu7vz78cJFuvPEWnXFGFzVt2lRFRUVauXKV0tNb6ZlnZur0009XSUmJLr/8cp1xRhdJ0mOPPabZs+fIarWpdetW6tixg264YaKuvXa8XnzxJS1dulR9+vSVxWLRwoULdfbZPVRYWKj169frF7/oUG2wAAB1tX37dklS69atq63JzMwMqGVc+McBAAAAAAAAEgEwAEREfHy8brjhBt1yy60yTcnr9fx8xiKLxSKPxyXDqDiWmJigV155WRZLnLxeQ5KpP/7xIblcZTJNU9nZ2fJ6vbJYLDJNr9zuipnCv/51f51//nkyTck0vb5zY8eO0TXXXCOv15BhGBo//lrf/T76aIkMw5DH4wyYaQwADZGXlyepYkWD6qSlpQXUMi784wAAAAAAAACJABgAIsbjccnjcdWq1ukMXqq5vIZzFQzD4wuRa7qv//dlZSW16gcA6qK0tFSSZLfbq61JTEyUJJWU/O/vIcaFdxwAAAAAAAAgsQcwAAAAGshisUiSTNOstqbyXGUt48I/DgAAAAAAAJAIgAEAANBATZo0kSS5XNWveuB0Vixfn5KSwrgIjQMAAAAAAAAkAmAAAAA0UEZGhiSpuLi42pqCggJJUtu2bRkXoXEAAAAAAACARAAMAACABurWrZsk6eDBg9XW7N+/X5LUtWtXxkVoHAAAAAAAACARAAMAAKCBzjvvPEnS9u3bQ543DEPbtm0LqGVc+McBAAAAAAAAEgEwAAAAGujSSy9VYmKi8vPz9f3331c5v2bNGjkcDiUmJurSSy9lXITGAQAAAAAAABIBMAAAABooPT1dd9xxhyTpxRdfrHL+2WeflSTdddddSk9PZ1yExgEAAAAAAACSZIt2AwAQq/77333RbgFAhHXq1D7aLUSU1+uV1+uVJHk8nhprp0+frvXr1+uVV15Rq1atdNNNN6m8vFx/+ctftGTJEg0ZMkRPPPEE4yI8zl9dPj8AAAAAAADEDotpmma0mwCAaHO5XDIMZ7TbAHCKs1oTZLfbo9rDP/7xD/3tb3/TwYMHlZeXJ8MwfOcSEhLUtm1bZWRkaObMmRowYEDAWI/HoxdeeEFvvPGGfvjhB8XFxemXv/ylJk6cqMmTJ8tqtYa8J+PCN64hnx8AAAAAAABOHMXFxZKknJycWo/p2bOnJAJgAJBEAAzgxHAiBMAAAAAAAAAAoq8hATB7AAMAAAAAAAAAAABAjCAABgAAAAAAAAAAAIAYQQAMAAAAAAAAAAAAADGCABgAAAAAAAAAAAAAYgQBMAAAAAAAAAAAAADECAJgAAAAAAAAAAAAAIgRBMAAAAAAAAAAAAAAECNs0W4AAGLVtm07o90CIiQr68w6jzEMr9xuj1wuj7xeQ16vWatxcXEWxcVZZbfbFB9vk9XK724BAAAAAAAAAKpHAAwAEdSnT59ot4Aw+/bbb+tU7/EYcjicMgxDNptN8fHxsljsiourXZDr9Xplmqbcbo/KypyyWq1KTk6QzWatT/sAAAAAAAAAgBhHAAwAQISUlJTJ7fYoISFBiYmJ9bpGZVBstVqVkJAgj8ejY8ccio+3KSUlKZztAgAAAAAAAABiAOtIAgAQZqYpHT1aIsPwqkmTJrLZwvf7VjabTU2aNJFheFVc7JBp1m4paQAAAAAAAADAqYEAGACAMNu7N1cej6GkpMjN0E1KSpJpmsrNzYvYPQAAAAAAAAAAJx+WgAYAIIzy8vIVH29XampqtTUOh0MLFy7Uhg0blJ+fr+TkZPXu3VvDhg1Thw4dan2vpKQklZSUKC8vX23apIejfQAAAAAAAADASY4AGACAMCkvd8rhKFNGRka1NXv27NGMGTOUlJSkgQMHqmPHjtq9e7e2b9+uhx9+WJMmTdLAgQNrfc+WLVvqwIEDKi93KjExIRyPAQAAAAAAAAA4iREAAwAQJvn5hWrWrJni4kLvsJCfn68ZM2aoV69euvbaa5WcnCxJ6t27tyRp2bJlmjNnjtLT09WtW7da3TMuLk7NmjVTfn6h2rdvG54HAQAAAAAAAACctNgDGACAMHC53HK73WrSpEm1NUuXLlVSUlJA+Otv2LBh6tWrl95+++063btJkyZyu91yudx17hsAAAAAAAAAEFsIgAEACINjx0pChrr+Nm7cqIEDB9ZYd/HFF2vPnj3Kz8+v0/2Tk5PlcJTVaQwAAAAAAAAAIPYQAAMAEAZlZc7jBsD5+fnq2LFjjTUdOnTw1dZFcnKySkocdRoDAAAAAAAAAIg97AEMAEAYeDxu2Ww1/89qUlKSdu/e7dvzN5Q9e/ZIktLT0+t0/7i4OHm9Rp3GALVx4MAB7d+/X8eOHZPH44lKDzabTampqcrMzFRGRkatxx04cECHDh3S0aNH5XK5Ithh5NjtdqWlpal169Z1fvbc3FwVFRVFsLvasVqtSk1NVbt27U65zy+S6vuzAQAAAAAAYh8BMAAAYeDxGLJarTXW9O7dWzt27Kix5vvvv1fLli3rHADHx8ezBzDCyuPxaNOmTZKkzp07KzU19bi/5BDJXo4dO6affvpJ+/fvV/fu3ZWYmFhtfXl5ubZu3SrDMNSuXTtlZmYe95/PE5VhGHK5XNq7d6/279+vLl26KC0trdp6j8ejnJwcGYahjIwMde7cuRG7Dc0wDJWVlWnPnj3Kzc3VWWeddcp8fpFU158NAAAAAABw6mAJaAAAGsnFF1+s7du3a9myZSHP79mzR4sWLapxhjDQWDZt2qTmzZurT58+at68edTCX6liBnBlL5K0devWGus3b96s5ORkdenSRUlJSSd1eGi1WpWUlKQuXbrIMAzt3LmzxvqcnBwlJSXpjDPOUEpKSiN1WTOr1aqUlBSdccYZMgxDW7ZsqbE+lj6/SKrrzwYAAAAAADh1EAADABAGNptVhlHzEswdOnTQpEmT9Pbbb+uFF17Qjh075HA4tGPHDi1atEgPP/ywJGn58uVas2ZNne7vdrtlt8fXu3/A3/79+yXphJg9GqwyBK7sMdj+/fvl9XrVpk2bxmyrUXTp0kVer7fGZ6+c+XuiqgyBT8XPL5KO97MBAAAAAABOLSwBDQBAGNhs8fJ4PMedqTZw4EClp6frrbfe0lNPPeU73rJlSw0dOlTLly+XJM2ZM8dXXxter1dxccySQ3js379fp59+erTbqFbnzp21a9cuZWZmVjl38ODBmA4P27Rpo4MHD4Z89tzc3BM6/K2UkZGh3NzcU/Lzi6SafjYAAAAAAMCphQAYAIAwSEpKkMPhUEJCwnFru3Xrpscff1z5+fnKz89Xenq6b8/fjh07+sLfuoTADodDKSnJDXgC4H9KSkqUmpoa7TaqlZqaqpKSkpDnjh07pvbt2zdyR40nOTlZu3fvDnmupKREnTp1auSO6i4pKemU/fwiqaafDQAAAAAAcGphCWgAAMIgNTVFDoejTmPS09PVrVs3X/grVYS9kyZN8r2eM2dOrZaDdjgcSk5OqtP9gep4PJ6o7vl7PDabTR6PJ+Q5t9t9QvfeUDabTW63O+Q5wzBOiv1yrdbql8yP9c8vkmr62QAAAAAAAKcWAmAAAMLAbo9XfHy8SktLG3yt4BD4eDO6SktLFR8fzx7AAAAAAAAAAAACYAAAwiU9vbmKiopkmmaDr1UZAg8dOlTXXntttXWmaaqoqEjp6c0bfE+gPgYPHqwHH3ww5LmuXbvq73//eyN3VHdFRUXKysrSFVdcUeXct99+q02bNh33Gnv27FHLli2rnZl8otm8ebNatmyp1q1bV/m69957Q4557LHH9H//93+SpDvuuEPTp0+XJB06dEgfffRRo/Ue7K233lLr1q2Vnp6uxx57TMuWLVPHjh0DZsMePnxY6enpevfddwPG3nDDDZo2bZp+8Ytf+J6/ZcuWatWqle/1W2+9VeWeEyZM0GOPPeZ7bZqm7rjjDl155ZUqKyuL3MMCAAAAAADUAgEwAABhkpiYoOTkJOXn54flegMHDqwx/JWk/Px8JScnKTHx+HsPA5EwefJkvfrqq1WCz88//1z79+/X+PHja32t6pYFjrR3331X119/vY4cOaJdu3YFnHvrrbe0ZcuW417jtNNO04EDB06a5Ysrl4ouKSmRx+MJ+KoutLfZbL7ne/755zVt2jRJFZ/1xx9/3DiNh3DTTTfJ4/Fo9OjRstlsuuiii2QYhr755htfzerVq9W6dWt99tlnvmOGYeiLL77QZZddpqKiIt/zt2vXTvPmzfO9vummm6rc0/+9kKT7779f+/bt05IlS5SUxHL8AAAAAAAgugiAAQAIozZt0mUYHh08eDDi9zp06JBM01SbNunHLwYi5IorrpDX69W//vWvgONz5szRtddeq9TUVK1du1YDBgxQ165ddc455+idd97x1XXs2FHPPPOM2rVrp/nz5zd2+5KkN954Q+PGjdPEiRP1xhtv+I6/8MILeu+99zR9+nQ99NBDkqQXX3xRffr00TnnnKOLLrpI3377rSRp7969ysjI8AXhX375pYYMGaJf/epXys7ODghV33zzTWVnZ6tfv37Kzs4OuGdjKygoqPJVuZT9xo0bdd5556lPnz665pprVFBQ4Bt39913a8aMGVqzZo3+8Ic/6JNPPtHIkSOj8gxOp1MFBQXyer2SKsLZCy64QKtXr/bVfPrpp7rzzjv16aef+lZpWL9+vVwulwYMGKDCwkLf80tSeXm577XT6azx/o8++qi2bdumJUuWBPwixFtvvaVzzz1X2dnZGjFihL777jtJ0rBhw/TKK6/46rxer7p3766VK1dq3bp1vp+b3r1764EHHjhpZpUDAAAAAIATBwEwAABh1q5dhg4c2K9t27ZFZEajYRjatm2b8vLylJHRKuzXB+oiPj5eN910k+bMmeM7dvToUS1YsEC//e1vVVRUpJEjR+q+++7Tjh079OGHH+r222/X1q1bJUmJiYlatWqVdu3apauvvrrR+//yyy/VokULnX766Ro3bpzef/99uVwuSRWzOnv37q3HH39czz77rNatW6eZM2dqzZo12r17t6644grfcslxcf/71+rCwkJNmDBB06dP186dO7V8+XL99a9/1WeffSaHw6F7771XH3/8sX744QctX75cS5cuVXl5eaM/+/HceeeduvHGG7Vr1y7NmjVLS5Ys8Z2z2WyKj4/XBRdcoNtuu02XXXaZvvjiiyh2G2j48OFatWqVpIrlmVetWqUxY8aoefPmviW9V69ercGDBwd8dnX19NNP68svv9S//vUvXwAtSV9//bUeeeQRLVq0SNu3b9eUKVN03XXXyeVy6eabbw74JYivvvpKFotFQ4cO1cMPP6zbb79dO3fu1LZt21RaWqrvv/++3v0BAAAAAIBTEwEwAABhZrXGqX//vrLb47VhwwYdOnQobNc+dOiQNmzYILs9Xn36nONbxhWIpltvvVVLly5Vbm6upIqZjz169FCvXr20cuVKtWjRQqNHj5Ykde7cWZdddplvtq/FYtHYsWOVmJgYld5ff/113XjjjTIMQ2lpaerfv79vNnN5eblM05TL5ZLD4VB2drZ2796t5ORkFRUVafDgwVWWjJYqlkRu3bq1Bg4cqKKiIqWlpenSSy/V8uXLlZiYqNatW2vWrFlat26d0tLStGjRoqg9f+fOnZWZmRnwtWHDBh04cEDbt2/XmDFjVFRUpFatWumSSy6pMr5ymWSv16vi4uIoPEFoQ4YM0aZNm3T48GF99913atq0qTIyMjRkyBDfzOBVq1Zp+PDh9b7HggULNG/ePBUWFurIkSMB5xYvXqwxY8aodevWKioq0iWXXKK4uDh98803uvzyy7Vr1y5t3LhRkrRw4UKNHz9eXq9XHTt21Pvvv68VK1aotLRUc+bMUc+ePev/RgAAAAAAgFPSybFJGQCcpCqXBsWpKSurq4qKjmrXrv9q9+7datmypdLT02W1WtWkSZNaXaO0tFSGYSg/P19HjhxRYmKiunfvpmbN0iLcPVB7nTp10uDBg/Xqq6/qj3/8o+bMmaM777xTknTw4EHt3btXnTp18tWXl5dr7NixvtetW7du9J4l6ciRI/roo4+0bNkyTZkyRVLFDPsjR47oyiuvrFJfVFSk6dOna/369bJYLHI6nQGzPisVFBSoVatWcrvdkiqW+G3evLn27t2ruLg4rV69Wk8//bTGjh2ruLg43XPPPZo4cWJkH7YaRUVFVcLn4uJibd68WZJ8f1dVPsOJFPLWJDMzU926ddPq1at14MABDRkyRF6vVxdeeKFeeOEFXX/99dq4caPefPPNet/jrLPO0oIFC3TnnXfquuuu08KFC5WQULEfe35+vlauXKmlS5f66h0Oh44cOaKkpCSNHj1a7777rnr06KElS5b49lB++eWX9eyzz2rKlCnat2+fxo8fr4ceekh2u71hbwgAAAAAADilEAADQIRkZZ0Z7RZwAmjWLE19+pyjkpJSHTp0WLt375bH41ZpqaNW45s0SZbNFq/WrdPVvv1ZSkmpXXAMNLbJkyfr3nvv1ahRo/TTTz/5lnPOzMzUGWec4QsUQ7FYLI3VZoB33nlHv/nNbzR37lzfMa/Xq8zMTO3atUunn356QP2f//xnff/991q1apVSUlK0du1aDRkypMp127Ztq7y8vIBjhw8fVkZGhqSKwPtvf/ub4uPjtWbNGo0YMUL9+/dX165dI/CUNSsoKAg5+7h58+a+861aVSw1f+DAgVr/8kpj+OSTT9SiRQv1799fklRWVqbU1FRJFZ/jiBEj9NVXX2nfvn269dZbJUm//vWvdcMNN2jFihXKyspSmzZtQob4tZGVlSWHw6HnnntOw4cP11133aXZs2dLkjIyMjRhwgQ9//zzvnqLxaLS0lK5XC5dd911mjhxoi666CK1b99eZ555pgzDkMVi0UMPPaTHH39ce/fu1ahRo/TGG2/o5ptvbshbBQAAAAAATjEsAQ0AQCNISWmizp07qU+fc9S/f19ddNF5tfrq37+v+vQ5R6ed1o7wFye0Sy+9VE6nU1OnTtWECROUnJwsSbrooot04MAB3wzH0tJS3XLLLb7lb6PFNE29/vrrGj16tAoLC31fR48e1RVXXOGbGWq321VUVCSpYrZst27d5PV6lZubq+eee04ej0dOpzPg2uedd56OHDmilStXSpL27t2rTz75RKNGjdKWLVt02WWXad++fSoqKtJpp52mhISEqIXg1cnIyFCXLl00b948SdLOnTt9zxMsPj5ehYWFjdmeJGnz5s2aNm2aDh06pB07duirr75Sdna27/ywYcP05ZdfauPGjTr33HMlVew53bNnT82ePVsjRoyod/gryTfW5XJp/vz5WrdunWbMmCFJGj16tObPn6/vvvtORUVF2rRpk6644grf+zRgwAAlJyfrwQcf1HXXXSfDMORyuTR48GCtX79eR48eVUpKitLT02Wz8Tu7AAAAAACgbgiAAQAA0GBWq1WTJk3Sv//9b02ePNl3PC0tTR999JEef/xxdenSRT169FCLFi109tlnR7Hbin16CwoKNGjQoCrnrrzySr3zzjtyuVwaO3asnnzySU2aNEn33HOPL2QcN26cpk6dqu7du2vo0KEB41NSUrRw4ULNmDFD/fv319VXX63p06erX79+Ovvss3XRRRdp8ODB6tWrl4YNG6aHHnpIv/zlLxvr0QN06NBBrVu3DvjKzs6WaZr65z//qXfffVfdu3fXH//4R02YMEGGYVS5xsUXX6x169bp7LPPDnk+UqZOnaoePXqof//+Gj16tKZNm6YBAwb4zvft21f5+fnq1q1bwMzlwYMHa8OGDVU+t4ZITEzUhx9+qL/97W+aP3+++vbtq+nTp+uaa65R3759dc011+jyyy/39WEYhiZOnKi9e/f69se22+168MEH9dvf/la9evVS3759dfrpp+v6668PW58AAAAAAODUYDFN04x2EwAQbS6XS4bhPH4hAESQ1ZpwQuz1uWLFipBLG59IqutxxYoV6t2793HHx8fHKyUlJeTMVZvNptTUVBUWFiohIUFNmjSRy+VSWVmZUlJSZLFY5PV6VVpaqpSUFEnS1q1bdc455ygvL082m002m01NmjSRxWKRaZoqLy/3zRROSkry7RUrVeyJXF5eXutn37BhQ4OeXaoI7NPSQu8l7vV6VVRUFPAMhmH4liguLS1VkyZN5PV6VVZWJqvVqqZNm8o0Td9s6cZ4BqkibI+Pj5dUsQR08PvYvHlzGYYRsHdxUlKSkpKSVFxcLI/HU+WazZo1k8PhkMvlqva+qampMgxDDsf/lvOvfE9LSkrkcrmUkJCgxMRE389AWVlZwDXffvttLV++XHPnzlXl/yWz2+1KSkryzQh3u90qLS2t9ftR3fsKAAAAAABOPpX/PSMnJ6fWY3r27CmJPYABAABwCnK73dUuW+zxeHznnE5nwBLPR48eDaitfJ2Xl6ekpCTfcr0ej6dKbaWysjKVlZU1+BkawjAMFRQU1FhT0zP4h5KGYURlCWhJKikpqfF8qL6O9/7XJsQ+duxYlWPB72nwz46/gwcP6i9/+YteffVV+f8+rsvlqjF4BgAAAAAAqA2WgAYAAAAa4NNPP9VVV12l22+/Pdqt4CQwY8YMDRo0SJMnT1afPn2i3Q4AAAAAAIhBzAAGAAAAGmDYsGEqLCyU0+kMWBIYCOVPf/qTnn766ZBLVgMAAAAAAIQDATAAAADQAIUf6ZoAACAASURBVDUtJw0EOxGWAAcAAAAAALGNJaABAAAAAAAAAAAAIEYQAAMAAAAAAAAAAABAjCAABgAAAAAAAAAAAIAYQQAMAAAAAAAAAAAAADGCABgAAAAAAAAAAAAAYoTFNE0z2k0AQLS5XC4ZhjPabQA4xVmtCbLb7VG594oVK3zfZ2ZmKisrKyp91Nb333+v3NzcaLcBAAAAAIiQIUOGRLsFAIiq4uJiSVJOTk6tx/Ts2VMSATAASCIABnBiiGYADAAAAAAAAODE0ZAAmCWgAQAAAAAAAAAAACBGEAADAAAAAAAAAAAAQIwgAAYAAAAAAAAAAACAGGGLdgMAcKKwWhOi3QIAAAAAAAAAAECDEAADgCS73R7tFgAAAAAAAAAAABqMJaABAAAAAAAAAAAAIEYQAAMAAAAAAAAAAABAjCAABgAAAAAAAAAAAIAYQQAMAAAAAAAAAAAAADGCABgAAACSJNM0A/4MPub/VV1dqNfHq6vuetW9boy64Odu7DoAAAAAAACgvmzRbgAAAAAnFovFItM0ZbFYAo7VVFd5Pvh18NhQdZWhZ/A9gq8f7rqa+jveuUjXAQAAAAAAAPVFAAwAAIAqKgNJ/8A2VI1/4Fop+HV11wj12v96oWbKhrsuVNjtHyAHf99YdQAAAAAAAEB9sQQ0AAAAfGparln6X+gbfMz/z+C64GCzurrg6wWPCXddqPPH67Wx6gAAAAAAAID6YgYwAAAAJNUcPgYv3ewv1IzfutSFukek6/x7qk3oGq06AAAAAAAAoK4IgAEAAOATKkA9Xm2ooLcux4KXaq5p+eRw1fk/Y3Af1T1jY9YBAAAAAAAA9UUADAAAAEmBIW11++X6C7W/big1BbDV1R4vFG1o3fGWhQ4VHkerDgAAAAAAAKgL9gAGAACApMBA139mauVX8Mza6uoqBYfD1dXVZrZwuOuqC6KDA9ho1QEAAAAAAAD1xQxgAAAA+AQvSRwcnh4vwKzumrWpC3XN4MA5XHU1Ba21DWOjVQcAAAAAAADUhAAYAAAAIYWa7VupurC1tuHl8WbkBs8aDnddqFnMwf1F8xghMAAAAAAAAOqLJaABAAAgKTA0NU2zymv/45VBpX9YGWpP4OBlpUPVhQpBg78Pd111z+1/rDbLRjdGHQAAAAAAAFAXzAAGAACApKoBbah9a/3DW4/HI5fLpfj4eMXHx4e8VvD31d0z+D7BfTRG3Yl0DAAAAAAAAKgvZgADAABAUuDsWf8ZvsHnKwPLVatWadSoUXr//fd95/3ralqGObguVODcWHX+z1t53v/5o1EHAAAAAAAA1BcBMAAAACRVnalbOVPWf2awf01+fr7+85//aP/+/VXG+9f6h53B1/A/FmpGbPC9w1kX3GeovYGjVQcAAAAAAADUFwEwAAAAfKpbjri62bTVXSNUXfCs4OBZsaGWnI5UXahnrEm06gAAAAAAAIC6Yg9gAJDkcrmi3QIASJLsdntU71/dTNTgvXOrm6Va09LHwTNxq9tbOPjaka7zP1bbADzSdcwCBgAAAAAAQH0RAAPAzwzDGe0WAJzirNaEaLcgqfpwtzbBZKia6kLhmq7lfz4SddXNCj5eX9GqAwAAAAAAAGqLJaABAAAQINTyzcEzVKtbwjhUXaiQtrpZuTWFtJGsq/z+RKsDAAAAAAAA6ooAGAAAAJICQ9PgGanBIW5Ns4Qr+dcFh8qhAtDg46GuHc66yv5CBdqhnqOx6wAAAAAAAID6IAAGAACApMBZuf4B6vFmsPofCw42Q4WxofYGDq4LDojDXRfcc03vRTTrAAAAAAAAgLoiAAYAAICk6vfvrcvyz9UFvvWp869vrLoT6RgAAAAAAABQH7ZoNwAAAIATQ6jZp6HC27peq6YlmWuq8w+KI1kX/KyhlsA+EeoAAAAAAACA2iAABgAAgKTAINL/tSQZhqFjx44FHHM4HDJNU+Xl5SosLPQdt1gsSklJkc1mq/U+wKHu21h1/rX+IWw06wiBAQAAAAAAUF8EwAAAAJD0vxAy1CzZXbt26bbbblNpaanvWH5+vsrKyjR79mwtXrw44DqzZs1Snz59JKnK9fyD0FDBqP+xmgLUcNX5h7DVvSeNXQcAAAAAAADUFwEwAAAAfIKXUK5UXl6uHTt2qKSkxHfM4/HINE0dOnRIRUVFAddwOBy+a4S6Zqi9hqvrxf9cuOpq6qu6ZaQbsw4AAAAAAACoLwJgAAAA+ATPzq3UsWNHzZ49W4Zh+I6tWbNGL774oq699lqNGjUq4DpZWVm+a9QUhoa6d2PV1Xap5WjVAQAAAAAAAPVBAAwAAIAAocLJtLQ0jRgxIuBcSUmJrFarsrKydNlll1W7f61/CFzbfW79z0eirqb9gmu6TrTqAAAAAAAAgNqKi3YDAAAAOLH4h7WVgmfQVn7Vti44pA0OO0Ptixsc0kayrvL7E60OAAAAAAAAqCsCYAAAAEgKDE1D7VXrH6ZWN1s1OAz2n+Ea6s/ga9cUgoa7rrI//zC7pudo7DoAAAAAAACgPgiAAQAAIClwVq5/gHq8GazByxgHzw4OFQL71wUHzsH3jESd//ehwuxQM5SjUQcAAAAAAADUFXsAAwAAQG63W/Pnz6/TmLVr18rj8Wjjxo165513aj3OYrGoadOmuuCCC5ScnBxyVnBwfXVLToe77kQ6BgAAAAAAANSHxeS/MgGAXC6XDMMZ7TYAnOKs1gTZ7fao3Lu4uFhpaWkRv4/FYlFWVpaeeOIJjRw5UvHx8b5zNS1B7S/cddWp7Zho1QEAAAAAACB2FRcXS5JycnJqPaZnz56SmAEMAACARmKz2XT++efr6aefVq9evXzBrL/gY8ebxVvfuuBlq0Od8xetOgAAAAAAAKCuCIABAAAgi8WilJSUgGOmacrpdMrj8TT4+ikpKbruuus0depUdezYsUowG7z/cPDs3brUmaYpl8tV5+WUrVZrwIzkymuFum+wcNcBAAAAAAAA9UUADAAAACUmJuqf//xnwDGXy6WXXnpJX3/9dYOvP3ToUD3++ONq2bKl71jwDNjq1KWutLRUb7/9tr799lsZhlGnHlNTU3XllVfq17/+taxWa5X7+/cQKrQNdx0AAAAAAABQHwTAABABHo9HCxcu1rx576lly5YaM2a0hg4dLMMwtHDhYs2f/77S0ppqzJjRGjZsSLTbDfDvfy/TwoWL9MorL0W7FQCNKD4+XldddVVAyOpwOLRo0aKwXL9FixZKSUkJGX4Gv7ZYLPWuW7Vqle69916VlJTUq8+vv/5aH3zwgTIyMgKuyx6/AAAAAAAAOFkQAANABNhsNl199dVaufJTdevWVcOHD5dhuGW1WjVu3Dh9/vkadezYQZdccokMwx3tdgP06NFDVmv88QtrYe3ab5Sd/auwXAtA46hcSrkus25bt26t1NTUKufy8/NVVFQUcMz/2qHuEer+danbuXNnvcNfSdq/f7+OHj0aEABXt+x0sHDXAQAAAAAAAPVBAAwAEeLxuCRVhBL+IW91x08U7du3U4cOHRrc2w8//Kj33ptPAAycZOo6OzUhIUFTp07V2LFjA44bhqGnnnpKs2fPDjgefO3qws/qZv3Wt64uvF6v732ozX0jUQcAAAAAAADUFwEwAJwADh48qFmzXlbLli2Ul3dIw4cP0wUXnK+vvvpaM2c+p1GjLlNu7n7t2bNHEyZcW+XYyy/P0iuvzFZRUZGSkpL1448/atq0+9SkSYpmznxOW7duVZ8+ffTjjz+quLhYY8aMVnFxsTZt2qzc3FyNG3eVxo+/WkVFR/Xaa29oxYqVWrLkQ0lSeXm5/v73OSopKZHH41FmZoYmTbpJX3yxRn/96ws666zu8noN/fjjT8rIaKvp0x/T0aNHNXv2HO3bl6uZM5/TyJEj1LXrmbr//j8oIyNDpaWl8ng8euCBqbLb7dq06TstWPCB0tPTtW/fPk2ceJ169Dgryp8KcOqpb3jarFkznXbaaQFLMxuGEXJWsP99gmcCV56rbvZxbevCoaYQNtTs5MaoAwAAAAAAAGqDABgAImzjxhw98cRTAcf27dunDh1O871+5pmZ6tWrl2666Ubt25erG2+8SWeffbYGDRqkuXPfkNvt0dSpU/Wvf30c8pgktW2bod/97ncyTWnatGn6+ON/65ZbJmnkyJH6/vvteuihhxQfH693331Xb7/9jt555y0lJ6doxYoVevrppzV+/NVq1qyZLrjgAq1YsdLX23vvLdDevfv0wgvPyzAMXXPNeJ11VnddeOGFevPNdzRw4ECNGnWZysqcGjdunL76aq2GDRuiAQMGyDC8mjZtmtxul0zTq3PPPVdjx46V1+vVpZdeppycTfrVr/rplVdm64477lCvXr2Ul5enI0fyG+fDARCgIcsR+4e6NV3Dv+7w4cPKy8ur1/0kKS0tTe3atfPtBRzuINj/esEzgqvbozhcdQTBAAAAAAAAqC8CYACIsN69e+u++34fcOy22273fe9wOPTdd5t1yy2T5HKVq02bVrLZbNq58we1aNFcktS+fXvFxZm68srLfUtIBx8bO3aMXK5ySVKzZs1VVuaUZMrrNX6ejeeSYbh0+umnq7y8XFarRU5nqTp2bC+n0ymXyyW73S6v1xPQ63/+840GDRokl6tMknTGGWdoy5ZtGjAgW1JFUOF0likuTsrMzFRpaalM05TX65UkX0+SNGbMaLndFa9TU1PlcFRcMy2tmd555x2lpCTrF7/opPT05r7xABpPQ4PH4H15a6pbv369Jk+erF27dtX7fq1atdITTzyhsWPH+kLgcAkOa6NxDAAAAAAAAKgPAmAAiDDT9PrC01AKCwslSYsXL9aqVSmSpC5dushqtfpdoyIQqAx/g4+ZpqkPPnhfe/bsVWpqqn788Qf98pdZ1fRjBAQMXm/NYUNBQaE2bNiggoIjP9/Po5SUlBpGhA5gSkpKNH/++3K73UpMTFRJSYkvrLn//vv0yit/1x13/E6dOnXStGn36bTT2tfYF4Dwa0iAGvxLG9X9EkflPV577TVt2LChQYFnUVGR3nvvPY0cOVJNmjSp93VC8Z+de/jwYW3evFllZdX/XV6TxMREde/eXW3btq3Ve0wIDAAAAAAAgIYgAAaAKGvRooUkacyYserWraskKS7OKrfbVWU2bnU+++xzffjhIr3++muKi4vTkSMFYeuvefPmys7O1rhxv/m5tzgZhhEQRtfGP/4xV16vV/fff58kadmyFb5zLVs206OPPiKn06XHHntMc+b8U3/608NhewYAkePxeLR06VIdPnw44Lhpmvr2229DjjFNUyUlJWEJOouLi2UYRsRC08LCQk2ePFnLly+X2+2u1zVsNpsGDRqk119/Xa1atZIUeg9jln0GAAAAAABAOBAAA0CUJSUlqUePHlq4cKGmTLm7Xtc4dqxU8fF2eTwuWSwWOZ1O2WzxYelvwIBsLVu2XMOHD1VycnKtx8XHx+vYsWO+1yUlJWrWrJncbqcMwwiYHTh37uu6/voJslikfv366ZtvvglL7wDqpy5LQXs8Hs2bN0/z5s0L+7XrIhJ7AEvS9u3btXz5cpWUlNT7Gk6nU6tXr9bWrVt1/vnnSwoMewl+AQAAAAAAEE5x0W4AAGKR2+3Wq6++pry8PG3evEULFy6SVBGUvPrqa9q/f7+2bNmqDz5YKEl64IE/qKCgULfffpcefvhPmj17jsrKyrRu3XoVFhZq/fr12rFjhySFPHbeeQNltVo1efIdmjnzOVkscdqyZbNycnL09ddrVVZWpk8+WaqCgkJ99tkXcrvdWrx4iY4dO6blyytm4i5btlx79uz1nV+4cJHKy8t19dXjdNZZ3XX33VP0wAMP6fnnZ2nPnr3asGGjr4/Dhw9r3bqKP3NycnTkSIH69u2rkpIS/f73U/Xll1/piiuu0Jo1X2rKlPs1d+7rSktL06pVn6qo6Kj27NmrJ554Si+99LLWrv1at956SxQ+NQCVIh1IRmq2biT6rtwjvaHKy8t9S0j792maJks+AwAAAAAAIKwsJv/FCQDkcrlkGM6wXjM+PkE2W7xM05TH45LH4w5x3O2btWu3J8liscjr9co0vXK7nYqLsyohIennJZed8nq9IY9JFiUmVszO9XoNSRbFxcXJ5SqTzWaX1Rovl6tchuHx3d/tLpfH4/75tV1ud7kMw5DNZg84X9FzoqxWq0zTlNfr9fVc2YfbXS6LJU52e5K8XkMuV/nP55Nlml7fPsV2e5JM0yuv15DVapPX65XLVS67PVFSxX7JFkuc3G6nTDP0/qFALLNaE2S326Pag/+/GjocDt1www1asGBBtfVxcXHq1auXOnToUCXI3Lp1q3744QdJ0s0336xZs2YpMbHin/cbb7xRc+fObXC/Q4cO1YIFC9S0aVOZpqlnn31W9913X72v16FDB33yySfKysqSaZpavXq1hg8fHpYQ+OOPP9bw4cMlqcblnyM1SxoAAAAAAAAnj+LiYklSTk5Orcf07NlTEktAA0DEuN1Oud1VQ+VQx03TlNPpqFLr9RoqKys57jHJVHl5acg+XK5ySeV+9y+X2+3/OrCf4PP/OxZ0R1MBfZimofJy/9dmwGtJAa/97+lylYXsHUDjq1xKubYBpN1u16RJkzR+/PiA416vV4888ogvAK4UqXDzZApNg5d/5vcxAQAAAAAAEE4EwAAAAPCpT5CakJCgpk2bBhwzDEPx8VX3Ij9ZQtrGDpT9Q+CT5T0CAAAAAADAiYk9gAEAACCp4Xvz1nY/25NhxmtjhrAWi8V3P8JfAAAAAAAANBQBMAAAACQ1LHz038u2poA3UuFvJJZSjmRQXXntUKH5yRCQAwAAAAAA4MTFEtAAAACQVP9lj71erzweT5Vj1QWZkZrlGs7r+gfa4e7XP/yt6RgAAAAAAABQHwTAAAAAkFS/ANXtdmvu3LlavXp1wHHTNLVx48aw3CMaKmcUZ2RkKCMjQ//973//H3t3Hq5VWe8N/Lv3ZpJ5dCsIooIThjhjkAOYoeIRz3vOyaMN1mk4Zm82aBq+Kpl08liaI1qJph6zVDInCAVT1EwckEhFUEQGAZFhM8PePO8fnL1jM8m88enzua6uzbPWfa/1Wwvy4uL73L97m6631157pWPHjpv1/EJgAAAAALaFABgAgK1WVVWVZ599Ns8+++xmz9kRAeeOCk3322+//PjHP84DDzyw3irnzVWvXr2ceeaZOeCAA2qOrb3aeu3VxgAAAACwrQTAAADUsrWtoOvy2jtiD+AkKSsry1lnnZUzzzwzq1ev3qprlJaWpmHDhkk2HPYKfgEAAADYngTAADvIu+9Or+sSgB2sc+e96rqEHWJHB5I7arXujtxbuFGjRkk2HOBu72MAAAAAsC0EwAA7SLEGQ0Bx29H7z+7IoHNH1b65q5a39zgAAAAA2BoCYAAAalS3Ut7RLaCrWyJvq0aNGtWquXql7tYqLS1N/fr1az7Pnj07Tz75ZCZOnLjVLaC3xuDBg3favQAAAAAoLgJgAABqrBv+lpWVbZewtrS0NMnfVwCfccYZGT58eObMmbNVK3dLSkrSokWLnHLKKdltt91qjvfu3Tuf+MQnMmnSpC2+bsOGDdO3b9+Ul5enUChkypQpOe+88zJmzJisWLFii2vcFgJgAAAAALZWSWFH9/kD+BhYuXJlqqp27j/uA6yrrKxhGjRoUGf3X3c/2srKyrzyyiuZM2fONl+7ffv2OfTQQ1NWVpZCoZCqqqq88cYbmTZt2latrC0pKcnuu++eQw45pGbVb0lJSaqqqvL222/n7bffTlVV1RZds0mTJunevXtat26dqqqqfOMb38ivfvWrHd4We0P8FR0AAADgH1tFRUWSZNy4cZs9p0ePHkkEwABJBMDArmFXCIBXr169xcFpMfrggw/Sr1+/TJgwoU7u76/oAAAAAP/YtiUA1gIaAIAka0LHBx54INddd11dl1LnVq1alcmTJ9d1GQAAAACwxQTAAADUmDVrVv7yl7/UdRkAAAAAwFYqresCAAAAAAAAANg+BMAAAAAAAAAARUIADAAAAAAAAFAkBMAAANQoKSmp6xIAAAAAgG0gAAYAIMma8LdevXp1XQYAAAAAsA0EwAAA1GjYsGFdlwAAAAAAbAMBMAAASdasAN5jjz3StGnTui4FAAAAANhKAmAAAGp06dIlbdq0qesyAAAAAICtJAAGACBJUigUsscee6Rr1651XQoAAAAAsJUEwAAfMwuWrUr/oeNz2tDx+WDxqs2eVygkQ8e+n8aXPp3K1YUdWOHOV8zPBjtTSUlJmjZtmk9/+tMpKyur63IAAAAAgK0gAAbYBVUsr8yZvx6fix+fvN65Bcsr87vPdcvXjmmff7tnQm5/ceZmXbOkJDm7R3mtY8fe9HJenFaxXWreXEtXVuXl6Vt/zw3VvKFnA7ZOWVlZPv3pT6d9+/Z1Xco/LC24AQAAANgWAmCAXdDwiR/mxgH754HxH2RF5epa5zq32i2NG5TljG5t89R/Hpb/OHrzQ5qy0pJan28c0DXd92i6XWreXPe9Nidjpy/a6vkbq3ndZwO2XKFQSKFQyIEHHpjTTz89JSX+f1UXTjnllLouAQAAAICPsXp1XQAA61uwrDJ7tWiUozo2zx/+9kH+7dA1q1s/XLIqn7/v9STJ3q0a5c9TF6b/QW1zVb99kyT/OWxiOrZomJdnLMrZPcrzL913z5R5y/KD4e/koN0bp0HZ37/389rMxfnK/W/mx/32y1Edm+drD76RJg3qpeVu9VIoJDefuX+tmn714sy8MmNROrZolJdnLMrP/6lLWu9WP99/7O2UN2uQihWVKS1J/uuULnnsjbk563/+lu8e1zETZi3OpLnL84dzD0lZaUmGjn0/bRrXT4Oy0nz5qD0zeNTULFlZmYoVVenUslG+f0KnXPTY5Ax/c15O3r91XplRkYb1SvPolw7N67OX1NR86kFtNvpsSfLzMdPy3oIVabVbvUz+cFmuOa1Ldm9af0f+tsHHXnXg26hRo3z5y1/OqFGjMnHixDqu6h9Ly5Yt8/Wvf72uywAAAADgY8wKYIBdzJtzlmaf1rslSc45rDxDx86qOdemSf306twyR+zVLEP++YA8/KXu+cVf/t4C+vvHd8qlfTvnP3t2yNCx7ydJLnh4cs48pG2u+PQ++c6nOtaMPbR903Ro0ShJ0q5p/Ry5V4vs0axBbhqwfz53eO12yq/MWJTrn52WmwYckB/02Tvf+VTHlKQkt/x5RhrVL81lJ3XONad1yeS5y/Lb1+bk9IPbppDk0j6d8/svdk+vzs3z6Bvz0rnVbum+Z5OccmDrfPmoPfPnqQszevK8/PiU/XL9P3XNdWOmZWbFipx+UNu0aVwv157eJU99/fBMW7Aif31/ca2aN/VsL06ryG/Gzc61p3fJZSd1zmHtm2bQE+9sv98kKHIlJSXp3r17/u///b9p3rx5XZfzD6Vfv3454ogj6roMAAAAAD7GrAAG2MU8+Nc5+XBpZZ6YNC+VVclL0xdl8txl6dJ2t/XGtt6tfpatqkqSrKhcnd++Nif1SksyfeGKmtbRz7+7MDee0XWz7r1b/TXfCzp27xa1jo+ZsjCHd2ie6i7LvTqvOf/nqQtz2kFta8b1aN8sf566MP/eY/fadTb+e51re2n6oixeWZXBo6YmSY7p1DwLllXWGlNSkrTarX6Wr9MKe1PP9uepFTm4/O9tonu0b5pfvzxrvXHAxtWvXz+f+9znMmnSpNx6661ZsWJFXZdU9Fq1apUvf/nLadSo0UcPBgAAAICNEAAD7EKqVhdSubqQa0/vUnOsYsWq3PHS+xn8v22eN+aeV2ZlxsIVuenM/TN68vxMmLU4hUJSuXp1tnUbz5L/rW1DCmsdXl0oZEtv1bVt41zad+9ax555Z8FHzvuoZyusVdjqQra4LvhHVSgUalpBt2jRIpdeemkqKipyzz33ZNWqVXVcXXHr27dvevbsae9lAAAAALaJFtAAu5A/TpyXo/aq3W61/0Ft8z+vzsqqqg0HsNVmLVqVZo3Kkvw9/CwpSbrv2TRPv/3Rgeqm9OrcPM+9uyALl9denfvJvVtkwqwlNZ9fmbE4x+696XaxpSUlWb5qzWrew9o3y/NTF2b+0i0PlTb1bJ/cu0UmzF68Vl2L1lvVDGxYSUlJCoVCzX9H2rZtm2uuuSYXXHBBmjRpUsfVFa/mzZvnC1/4Qpo2bVrrCywAAAAAsKWsAAbYRTz9zoL85E9T0++A1jl+v5Zp0qAsFcsr89dZSzJn8ap879HJOffIPfPa+4uyqmp13q9Ykb9Mq0gha1bMDujWNmfdOyEfLl2VPZs1zLSFK/LKjEX5+eldc8HDkzJy0rzs0axBGpSV5JHX56ZN4/qZvnB5Rk2el31aN8q4mYuysqqQCbOW5JA9aoc8R+zVPD/os3cG3PnX7N2qUVo3rp/vHrdXzju2Qy567O1c9sd3snjF6hy0e+P826HlNSt4R06al6P2apa/zV6axvVLs3B5ZU7Yt2WuGPlulqxcnUv77p1zj9wz/3L3hHRt1zidWzXKJSfunTFTFmbO4lV5dcaiJMncJavyp3fmp3J1oabmw/dqttFnO/OQdvncYXvkm79/K22a1M+785fnmtO6rPvKgY1YewVqSUlJ2rRpkyuvvDJdu3bN9773vSxevHgTs9kaxx13XHr37p0kVgADAAAAsE1KCpYYAGTlypWpqrK/JVC3ysoapkGDBnV2/+r2z2v/TP4eSK5evTrXX399Lr74Yu2gt6PmzZvnjjvuyJlnnin8BQAAACBJUlFRkSQZN27cZs/p0aNHEi2gAQD4X9Xh47o/q5WWlubf//3fs99+++302opZz549c9xxx9W8b9/PBAAAAGBbCIABANgshUIhrVu3TufOneu6lKLRrFmzfP7zoFok2AAAIABJREFUn0/r1q3ruhQAAAAAioQAGGAX0fjSp/3cCT+BjSsUCjX/q/689rkN/ZqtV1JSkr59+6Zfv34pLS31XgEAAADYLuwBDBB7AAO7hrreA3ht1fsAr3ts1qxZOfHEEzNx4sQ6qqw4lJSU5LDDDsuQIUNy1FFH1ToOAAAAAPYABgBgu9rQfrQlJSUZO3Zs3n777boqqyiUlJTk6KOPznXXXZcjjjii1p7LvpsJAAAAwLaqV9cFAACwa6sOJUtKSlK/fv2UlvoO4dYoLS1Nhw4dMmDAgJx33nk54IADalo/V4e/VgADAAAAsK0EwAAA1Fg3hFw3kOzdu3d++MMfZsSIEamsrNzZ5X0s1a9fP126dMmhhx6a4447Lvvvv38aNWpUa8za+y4LgQEAAADYFvYABog9gIFdw66yB/DaK37XDSQLhUKqqqqyYoX/Zm6JevXqrbd6emNhrxAYAAAAgG3ZA9gKYAAAatnUCuBkTZhZVlZWa5/gjbUwXvvYxsatu8/wut9P3Nh+xNsybu1aPmrujhy3sXcAAAAAAFtLAAwAQJL1A9p1w8y1rT2u+vxHha0fNW5Dc6rr2pHjCoXCRwawdTUOAAAAALaUABgAgCSpFdBW/9xUULu2tQPWdcesu9p3Y+M+6ro7atzmPFNdjgMAAACALSEABgBgs2yonfPav64Oi9cNjZMNtz/e1Lh177u9x23sOarnrKuuxgEAAADAliqt6wIAANg1VLck3lBAu+6v120RvXab53XbPa+7onhj46pVH1/7+tt73MZC13UD47oaBwAAAABbywpgAACSbLxVc/W5dcPLjYXAGwo5NzVu7fMb20N4R4zbVJ1rj62LcQAAAACwtQTAAACsZ0MtktcOb9cdt/b5jxq7qRW4a4fDO3Lcus+4bs0b2qt4Z48DAAAAgK0hAAYAYJM21GK5+vjGguK1f657rQ0FoRsKZ9cNQ7f3uLXPrTtvY62kd9Y4AAAAANha9gAGAKDGhlomrx38bmx/4I2tbq1uefxRq2DXvt+G9iHe0ePWff66HgcAAAAAW8sKYAAAamxOG+e1A91Nrar9qPbMu8qx6jo31j66rscBAAAAwJYQAAMAUMvG9vhNNtyueGMtjDd33LqrXje0ind7j9tQm+h1x9blOAAAAADYWgJgAAA226b2sv2olbYbG/dRn3fEuC2tZWePAwAAAICtZQ9gAAAAAAAAgCIhAAYAAAAAAAAoElpAA/yvsrKGdV0CAAAAAADANhEAAyRp0KBBXZcAAAAAAACwzbSABgAAAAAAACgSAmAAAAAAAACAIiEABgAAAAAAACgSAmAAAAAAAACAIiEABgAAAAAAACgSAmAAAAAAAACAIiEABgAAAAAAACgSAmAAAAAAAACAIiEABgAAAAAAACgSAmAAAAAAAACAIiEABgAAAAAAACgSAmAAAAAAAACAIiEABgAAAAAAACgSAmAAAAAAAACAIiEABgAAAAAAACgSAmAAAAAAAACAIiEABgAAAAAAACgSAmAAAAAAAACAIiEABgAAAAAAACgSAmAAAAAAAACAIiEABgAAAAAAACgSAmAAAAAAAACAIiEABgAAAAAAACgSAmAAAAAAAACAIiEABgAAAAAAACgSAmAAAAAAAACAIiEABgAAAAAAACgSAmAAAAAAAACAIiEABgAAAAAAACgSAmAAAAAAAACAIiEABgAAAAAAACgSAmAAAAAAAACAIiEABgAAAAAAACgSAmAAAAAAAACAIiEABgAg99xzT/7lX/4lvXv3Tp8+fVJRUVHr/Pz583PCCSekd+/eGTBgQIYOHZokufnmmzNgwIDMnTt3u9Vy++23p3fv3jn33HO32zU3ZcKECenfv3969+6dd955Z5uv96Mf/Si9e/fOpZdeutlzJk6cmAEDBqR3794ZP378NtewNaZNm5bvfOc7eeGFF+rk/jvK+PHjc95552Xw4MG59NJL85Of/CRLly79yHmjR49O//79a97HsmXL8sUvfjHXX3/9ji4ZAAAAYJsIgAEAyOc+97l88pOfTMOGDbNy5cqMGDGi1vlHH300ZWVlSZLDDz88X/7yl5OsCQ3nzp2bRYsWbbdaTjzxxO12rc1xyCGHpLy8fLtdr0+fPls854ADDshee+213WrYUk8++WQef/zxvPnmm3VWw47y4Ycf5itf+UouvfTSDB48OB988EHuuOOOj5zXp0+fNG/evObzAw88kAsuuCAXXHDBjiwXAAAAYJsJgAEAqNG3b98kycMPP1xzbPXq1Xn00Uc3GGxeccUV+c1vfpN99tlnu9dSr1697X7NjSkpKdlu1yot/fj9Ffukk07K17/+9TRs2LCuS9nujjjiiHziE5+o+XzAAQfk9ddf36y5a/+5+PznP5/DDz98u9cHAAAAsL3tvH9VAwBgl3fCCSfk2Wefzbvvvpvx48ene/fu+ctf/pJ999037dq1qzX2b3/7Wy655JLMnz8/t9xyS7p3755Ro0bljjvuSElJSdq0aZPLLrss06dPz/e///0sWbIkffr0yeuvv56FCxemf//+6dChQx566KHMnj0755xzTq22zwsWLMhVV12VsWPHpkWLFvnOd76Tww47LNdcc03+8Ic/pGPHjrn++utz1VVXpU2bNrniiity9913549//GMaNGiQpk2b5qKLLkrHjh3Xe87Zs2fnmmuuyZQpU9KlS5dMnz691vkNPUebNm1y6623Zvz48SkUCikpKcktt9ySJBk2bFjuu+++tGnTJlVVVbWutXDhwvz0pz/NtGnTsmTJkpxzzjkZMGDARn8PnnnmmVx77bWZNm1aPv3pT+eSSy5Jklx11VWZPn16SktLM3369Jx11lk5++yzkyR//etfc+ONN2bJkiVp1qxZDjzwwHz729/OpEmT8rOf/SzLly9PVVVVLr744hxyyCFb8CeithdeeCGPPPJIWrZsmcmTJ+e2225LoVDI7bffnqlTp2b16tU54IAD8oUvfCEjR47M1VdfnV69emXGjBmZOXNm/umf/imlpaV55ZVXMnXq1Fx44YU56aSTkiQ/+clPkiRLlixJo0aNMnDgwEycODFXXHFF9txzz9SvXz8TJ07MIYccksGDB6ekpCQPPfRQXnrppbRs2TLvvPNOfvzjH6dly5a1al57FW+SzJ07d70x1WbOnJnrrrsurVq1SuPGjTN//vwka1YR33TTTZk1a1aGDBmSJBu994beEQAAAMDO9PFbngAAwA5Tv379nHLKKUmSRx55JEny+9//PmeeeeZ6Y7t165a999675vPMmTNz5ZVXZr/99svVV1+dl156KXfddVcOPfTQdO3aNUly/PHHZ8iQIVm9enXuv//+HHTQQbnyyiuzbNmy3HXXXbWu37Rp0/y///f/cuutt2bKlCn50Y9+lKqqqpx//vlJ1uxLPHDgwDRr1iyFQiFjxozJbbfdllNOOSW33HJLJkyYkEGDBm3wOQcPHpwXXnghV199da6++up06NDhI5/jr3/9a+65555ceeWVGTJkSA4++OAkyWuvvZZrr702++23X4YMGZIvfvGLte51yy235KmnnsqVV16ZQw89NNddd10+/PDDjf4e7L///rnmmmtSr169PProo5k9e3aSNSuihwwZkptvvjmrV6/OLbfckkWLFmXevHm58MILs3Dhwtxxxx25+eabM2/evFRVVeWyyy7LrFmzMnTo0CxdujRXX331Ru+7OW644Yb853/+Zy666KJ8/vOfT5I8++yzGT16dAYNGpQf/vCHue+++zJp0qScfPLJadasWfr375/bb789V1xxRX7729/mi1/8Ym677bZ87nOfy/33319z7QMPPDCXXHJJrrjiiowaNSrvvvtuDjzwwBxwwAHp0aNHrrnmmtx999154YUX8tZbbyVZs9r6yiuvzIUXXpgGDRpk9OjRH/kMb7zxRk4++eQNnrv88svTq1evDBw4MN/+9rdrguI2bdqkZ8+etcZu7N4bekcAAAAAO5MAGACAWs4444wka1bBTp48OdOmTctRRx31kfNefPHFVFVVpWPHjmnbtm2SNWHb2tq1a5d27dpl9913T5K0bNky++67bxo3bpyVK1dm5cqV6113zz33TMeOHTNnzpzMmTOn5nhVVVVuuOGGDB48OAMGDMjzzz+fJOnUqVMaNWqUDh06ZOLEiZk7d26t6y1evDivvPJKWrdunS5dumz2c1Sv7P3e976Xhx56KP/xH/+RJHn66aeTJMccc8wG38uf//znJEmHDh3Stm3bVFVVZdKkSRt9j3vssUfatWtXE0pXVFQkSS666KKUlJSkpKQkrVq1SrJmdfGzzz6bJUuW5JhjjkmDBg1SVlaW888/PzNmzMj06dPTvn37lJaWpm3btpkyZcoG3/Hmatq0aX79619n9uzZ6d27d5I1q4K7d++esrKy1KtXL/vss0/+9re/1cypbuXdtWvXVFZW1rTI3meffWrtHV29KrpevXpp0qRJli5dut79W7RokVatWtW8k+oVxcmalb5LlizZZP0jRozIvvvum+OPP369c7Nnz86bb76ZE044YbPexcbuvaF3BAAAALAzaQENAEAtnTp1So8ePTJu3LgMHDgwAwYM2Kw9chcsWJBkTcg2bty4lJeXb3RP2errFQqFWp83Zrfddkuypj1wixYtkqxZgdm4ceMkSY8ePXLfffclWbOKOUnNvefPn18T5CapWX3btGnTLXqO7t2757jjjsszzzyTn/70p7nvvvsydOjQmoB5Y9dbuHBhkuSCCy7I4sWLU15enlWrVm3yeZPa76SysjJ33nlnxo4dm7Zt29YKwufNm5ckNaFwkpSXl2f8+PFJknfeeSff/OY3s2jRopSXl2fx4sVp3br1R95/QwYOHJgbb7wxn/3sZ9OnT5/84Ac/yLx58zJnzpxcf/31SZJGjRqlQYMGW3Tdqqqq3HvvvZk/f36aNGmSZcuWbda80aNH59VXX02LFi0yZcqUmpXmG/Laa69lzJgxueKKKzZ4vvr3cd2W0Vt67w29o+o/kwAAAAA7gwAYAID1nHHGGRk3blw++OCDnHrqqZs1pzpU/MxnPpOvfvWr27We6pWie+yxx0bHVAeg1eHqihUratVVrTpAXnv16do29hyLFy/OoEGDMnny5Nx7773505/+VLMHbPX5jdU1d+7cXH/99SkrK9v0g27EsGHDcuedd+bf/u3f8q1vfSuf//znM2XKlCSp2Zu5Orhe+75Jsu++++amm27aqvuuq3PnzvnZz36WWbNm5Vvf+laefvrpNG3aNO3atcsFF1yw1dcdNWpUXnzxxdx4441J1uyv+1E++OCD/Nd//Vcefvjh7Lbbbnnvvfc2Onb8+PF5+OGHM2jQoI2Gsc2aNUuyZsX1xvYI3px7b+gdVe9zDAAAALAzaAENAMB6TjjhhLRo0SInnnjiR4Zh1Y455pjUq1cvzz33XE373s1Z6fpRpk2blpkzZ+b444/f6CrbJOnVq1fN+OXLl2fGjBk58MAD06ZNm1rjWrZsmf333z/z58/Pm2++mSRZvXr1Rz7HK6+8klGjRuXggw/OxRdfnCRp27Ztjj766CSpaUFdvap53bqeeOKJmntVt5PeXNV1rL3Kt1rPnj3TuHHjPP300zX7Ba9cuTIdOnRI586dM2nSpLz77rs1z7Et7r777iRrgviuXbumpKQkhx9+eJ577rn1Augt8eGHH9YEs1VVVeu9w43NKS0trQnVKysrNzju1VdfzT333JMvfelLmTt3bt5///3MmjVrvXEdOnRIeXl5/vjHP27TvTf0jgAAAAB2prJBgwYNqusiAACoW/fcc09GjhyZiRMnpnXr1uncuXMWLFiQz3zmMykvL8+9996b4cOHZ9GiRVmwYEGWLl2aevXqZdiwYVm+fHlWrVqV0047Lfvtt19eeumlDB06NH/6059qwq8HHnggy5YtS+PGjdO4ceM89NBDWbVqVZo2bZqVK1dmxIgRKRQKKS8vz/7775/Zs2dn4cKFGTlyZB555JH07NkzF110URo2bJhf//rXGTduXFavXp3ly5fX7E/csWPH1KtXLyNGjMgTTzyRvfbaKwMHDqxZ8bu27t275+23387999+fkSNHZuHChVm6dGkWLVqU/v37b/A5OnXqlCFDhuS5557LyJEjc9ppp+Xkk09Ox44dk6zZ6/ehhx7K66+/nrlz52bhwoU55JBD8ulPfzoffvhhhg0blmHDhuWVV17JEUccUdO+OknefPPNWu+oZcuWefDBB7NixYo0atQoAwYMyKuvvpqXX345M2fOzKxZs7JgwYK0atUqxx57bA499NBMnDgxQ4cOzfDhw/PBBx/kmGOOyWGHHZbJkyfn17/+dUaMGJF33323JpBe21NPPZWRI0dm3LhxWbx4cWbNmpV99913vVbO99xzT8aOHZsXX3wxpaWlOeecc9KlS5csXLgwv/jFL/Lss89m4sSJ2X///fPaa69l5MiRqVevXg488MA8+uijefnll9OiRYu0b98+w4YNy1tvvZX9998/3bt3z4MPPpgnn3yyJqBdsGBBOnbsmIceeiiLFi1K9+7dM378+DzxxBNp0KBB+vXrl9deey333HNPJk2alBUrVmTy5Mk58sgja31R4Je//GX+9Kc/5YEHHsj999+f+++/Pw888EC+9KUv1Xq20tLSHHzwwbnrrrsyfPjwvPbaa3nvvfdSUVGRDh065PHHH8+UKVPSunXrHHnkkRk3btwG7/373/9+vXdUvVcwAAAAwOaq7m63oS+yb0x197ySwuZ8vR4AAAAAAACAnaKioiJJMm7cuM2e06NHjyRaQAMAAAAAAAAUDQEwAAAAAAAAQJEQAAMAAAAAAAAUCQEwAAAAAAAAQJEQAAMAAAAAAAAUCQEwAAAAAAAAQJEQAAMAAAAAAAAUCQEwAAAAAAAAQJEQAAMAAAAAAAAUCQEwAAAAAAAAQJEQAAMAAAAAAAAUCQEwAAAAAAAAQJEQAAMAAAAAAAAUCQEwAAAAAAAAQJEQAAMAAAAAAAAUCQEwAAAAAAAAQJEQAAMAAAAAAAAUCQEwAAAAAAAAQJEQAAMAAAAAAAAUCQEwAAAAAAAAQJEQAAMAAAAAAAAUCQEwAAAAAAAAQJEQAAMAAAAAAAAUCQEwAAAAAAAAQJEQAAMAsEEVFRU577zz0rt379x55511XU6S5Oabb86AAQMyd+7c9c49+uij6d27d0499dQ6qAwAAAAAdg0CYAAANqh58+Y58sgj67qMWqZNm5a5c+dm0aJF653r06dPHVQEAAAAALuWenVdAAAAu76SkpK6LiFJcsUVV2Tu3Lnp2LHjeudKS323EQAAAAAEwAAAZMmSJfnRj36UVatWZe7cuTnmmGPyjW98o+b822+/ne9+97sZP3589t1331x77bVp2rRpHnzwwTzyyCNp165dJkyYkGOPPTYDBw7MG2+8kSuvvDLvv/9+rrjiilRUVORXv/pVvve97+XnP/95FixYkMMOOywrV67M9OnT07dv31xwwQUpKyvbaI1/+9vfcskll2T+/Pm55ZZb0r1797z22mv5+c9/nsrKypSXl++MVwUAAAAAuzTLJAAAyIMPPph33303P/vZz3L77bevt5q2RYsWufLKK7P//vvn9ddfz5gxY5Ikc+fOzXXXXZdrrrkmRx55ZEaOHJnnn38+n/jEJ3L88ccnSe67776MGDEiu+++e7p27Zpjjz02SXLaaafltttuS69evTJs2LCMHDlykzV269Yte++9d83nJUuW1ATCv/zlL3PllVduz1cCAAAAAB9LAmAAAFJVVZXp06fn+9//fl544YV87Wtfq3W+TZs2adq0aQ466KAkqdmD9ytf+UpatWqVJDU/Fy5cWGvuJz/5yfzyl7/MoEGD0qJFi5rj1W2lq/cZfvXVV7eo5ldeeSWLFi3KoYcemkaNGm3RXAAAAAAoVlpAAwCQ008/PU8++WSef/75PP/88+nTp88GV9SuuxfwE088kcceeywNGzbM9OnTN3jtZs2aJUn22WefDZ5v0qRJkr+Hypvrww8/TJI0bdp0i+YBAAAAQDGzAhgAgJSVleWuu+7Kf/3Xf6Vr164ZPXr0RwaykydPzlVXXZUlS5bkv//7v3P00Udv1b2XLFmSJGnXrt0WzateTbylwTEAAAAAFDMBMAAAufvuuzN79ux86lOfyrnnnpvGjRuncePGm5xTHdy2bNlyvT2Dt8TYsWOTJH369NmieT169EiDBg0ybty4LFu2LIVCYatrAAAAAIBiUTZo0KBBdV0EAAB1a9asWbnxxhvzl7/8Ja+88krOP//8tGnTJr/61a8yd+7cLF++PL169codd9yRefPmZdmyZfn3f//3vPfee3n11Vfz3nvv5YMPPsj06dNTWVmZvffeO7/73e8yb968LFmyJJ06dUp5eXmSZMyYMZk8eXKmT5+eESNG5N13381Xv/rVnHjiiZuscfz48Rk2bFiWL1+eVatWpV+/ftlnn30yfvz43HfffXnuueeycOHCrFixIi1atKjZrxgAAAAAPm5WrFiRZM2/222uPfbYI0lSUrBUAgCAnWjw4MEZPnx4fvjDH6Zv3751XQ4AAAAA7HIqKiqSJOPGjdvsOT169EiS1NshFQEAwEeorKxc79iXvvSlzJw5c4PjL7744i1uEw0AAAAA/2gEwAAA7DRTp07NhAkTkiSPPfZYDj744HTs2LHm/E9/+tNUVVVtcG7z5s13So0AAAAA8HGmBTQAAAAAAADALmRbWkCX7pCKAAAAAAAAANjpBMAAAAAAAAAARUIADAAAAAAAAFAkBMAAAAAAAAAARUIADAAAAAAAAFAkBMAAAAAAAAAARUIADAAAAAAAAFAk6tV1AQAA7DqmTZuWa6+9Np/97GfTs2fPmuPvvfdebrjhhrRq1Spz587Nd77znXTq1OljdW5TzwcAAAAAxcIKYAAAkiRPPvlkHn/88bz55pu1jhcKhVx22WX57Gc/m0svvTT/5//8n1x++eUfq3Obej4AAAAAKCYCYAAAkiQnnXRSvv71r6dhw4a1jk+aNCkzZszIkUcemSQ59thjM3Xq1EyaNOljc25TzwcAAAAAxUQLaAAANmny5MnZfffdU1JSkiQpKyvL7rvvnsmTJ6dQKHwsznXt2nWnvjMAAAAAqCsCYAAANmnhwoXrrZrdbbfdsnDhwhQKhY/FOQAAAAD4R6EFNAAAW6V6pe3H+RwAAAAAFBsrgAEA2KQWLVpk+fLltY4tXbo0zZs3T6FQ+FicAwAAAIB/FAJgAAA2qWvXrpkzZ04KhUJKSkpSWVmZOXPmpGvXrikUCh+LcwAAAADwj0ILaAAANqlLly7Za6+98tJLLyVJXnjhhXTu3DldunT52JwDAAAAgH8UJYVCoVDXRQAAUPeeeuqpvPXWW7n//vtz9NFHp1u3bjnjjDPStGnTTJ06NTfeeGPKy8sze/bsfOtb30qnTp2S5GNzblPPBwAAAAC7koqKiiTJuHHjNntOjx49kgiAAQAAAAAAAHYp2xIAawENAAAAAAAAUCQEwAAAAAAAAABFQgAMAAAAAAAAUCQEwAAAAAAAAABFQgAMAAAAAAAAUCQEwAAAAAAAAABFQgAMAAAAAAAAUCQEwAAAAAAAAABFQgAMAAAAAAAAUCQEwAAAAAAAAABFol5dFwAAwK7lgw8+yD//8z+nUCjklltuSffu3eu6pA0aMmRIHn/88ZSXl6eysjKTJ09OkhxyyCGprKzMzJkz881vfjOnnnrqRq9RVVWV3/72txk5cmSWLFmSdu3aZdmyZWnXrl2+/OUv58ADD9xZjwMAAAAA24UAGACAWkaNGpWSkpIUCoU88cQTOyUA/t3vfpeePXumU6dOWzTvJz/5Sbp165Z33nknX/jCF1JaWppbb701SfLYY49tcm6hUMgPfvCDPP/88/niF7+Y//iP/0hpaWmqqqpy66235p133hEAAwAAAPCxowU0AAC1PPnkkznnnHOSJE899VSqqqp26P1eeuml3HDDDZk2bdoWzSsvL095eflGz3fq1CktW7bc6Pk//elPef7559OxY8d85StfSWnpmr8al5WV5YQTTshuu+22RfUAAAAAwK7ACmAAAGpMmzYtpaWlOfvss/Ob3/wmCxYsyNixY9OzZ8+aMX/9619z4403ZsmSJWnWrFkOPPDAfPvb386kSZPys5/9LMuXL09VVVUuvvjilJSU5OKLL86CBQty2GGHZeXKlZk+fXr69u2bCy64IH/5y1/y3//930nWtHSeNGlSzj333Fx11VWZPn16SktLM3369Jx11lk5++yza9X6z//8z5t8lgYNGmTQoEFZunRpTj311AwcODC/+93vMnTo0Nxwww0ZM2ZMkuTII49MSUlJrbndunVLt27dtscrBQAAAICdygpgAABqPPnkkznppJPSrFmzHH300TXHqs2bNy8XXnhhFi5cmDvuuCM333xz5s2bl6qqqlx22WWZNWtWhg4dmqVLl+bqq69Ot27dcuyxxyZJTjvttNx2223p1atXhg0blpEjR+aTn/xkTZvl8847L+eee26SpF69ehkyZEhuvvnmrF69OrfccksWLVq0Rc9ywAEH1Oz/2759+yRrVgX369cv+++/f2bMmJEk2X333bfhjQEAAADArkUADABAjdGjR6dPnz5JkpNOOilJ8swzz2TlypVJkmeffTZLlizJMccckwYNGqSsrCznn39+ZsyYkenTp6d9+/YpLS1N27ZtM2XKlJp5SWpW2R555JFJkldffXWjdVx00UUpKSlJSUlJWrVqlSRZuHDhFj/PGWeckSR55JFHsnr16owcOTL9+/dPsmYP4CRZtWrVFl8XAAAAAHZVWkADAJAkeeuttzJ79uwMHDgwSVJVVZXS0tIsXbo0zz38/aNnAAAgAElEQVT3XE488cTMmzcvSWpC2WTNXrzjx49Pkrzzzjv55je/mUWLFqW8vDyLFy9e7z5NmjRJko2u6K2srMydd96ZsWPHpm3btpkzZ85WP9M+++yT7t27Z/z48XnqqacyZ86cdOnSJUmy55575vXXX9/g9QuFQlasWJFGjRpt9b0BAAAAoC5YAQwAQJI1rZ4vuOCC/OIXv8gvfvGL3H777TnuuONqziVJu3btkiQLFiyoNbc6EN53331z00035d57782DDz6Y1q1br3efJUuW1LrWuoYNG5Y777wz3bp1y+DBg7e5RfOAAQOSJD/96U/Tt2/fmuMnnnhikuSFF15IZWVlrTnvvfde7rjjjm26LwAAAADUBQEwAAApFAp55plncvzxx9c63q9fvyTJ888/n8WLF6dnz55p3Lhxnn766cyePTtJsnLlynTo0CGdO3fOpEmT8u677ybZeGvlsWPHJklNq+nGjRsnST788MMkydKlS5PUXmW8LU444YQ0b948K1asqGlrnSTHH398TjjhhMydOze/+MUvsnr16iRr3sWYMWNSr55mOQAAAAB8/JQNGjRoUF0XAQBA3brhhhsyYcKErFixIkcddVSSZPny5bn33nszefLkrF69Om+//XZOP/309OjRIxMnTszQoUMzfPjwfPDBBznmmGNy2GGHZfLkyfn1r3+dESNG5N13302vXr0yZsyYTJ48OdOnT685/tWvfrVmBW6bNm3yyiuv5JlnnsmMGTPyr//6r3n11Vfz8ssvZ+bMmZk1a1YWLFiQVq1apUePHuvVPnz48Nxzzz15//33UygU8vbbb6dVq1bZc889kyRlZWWZP39+ysvLc/LJJ9fMKykpyQknnJCWLVvmmWeeyb333psxY8bkD3/4QyoqKtKvX7/sscceO+HtAwAAAEBtK1asSJLMmjVrs+dU/1tWSaFQKOyQqgAAIMngwYMzfPjw/PCHP6zVgnlnuvHGG9OrV68cfvjhdXJ/AAAAANgSFRUVSZJx48Zt9pzqxRNaQAMAsFOsu8/ujvbee+9l9OjRmTNnTt544w3hLwAAAAD/EGxsBgDADjN16tRMmDAhSfLYY4/l4IMPTseOHXfa/W+44Ya0atUql1566U67JwAAAADUJS2gAQAAAAAAAHYhWkADAAAAAAAAIAAGAAAAAAAAKBYCYAAAAAAAAIAiIQAGAAAAAAAAKBICYAAAAAAAAIAiIQAGAAAAAAAAKBICYAAAAAAAAIAiIQAGAGA9//qv/5pvfOMb23SN//mf/8nll1++nSpKRo8enf79++eFF17YbtcEAAAAgGIjAAYAoJY333wzK1euzPjx4zN79uzNnjdv3rxMnjy55vPhhx+evn37bre6+vTpk+bNm2+36wEAAABAMRIAAwBQy1NPPZXvfOc7adCgQUaNGrXZ837729/m7bffrvl80EEH5fjjj9+utZWUlGzX6wEAAABAsalX1wUAALBrGTduXL72ta/l2GOPzahRo3L22WfXOj9hwoTcfffdadeuXRYtWpSOHTvmsMMOy4gRI9KpU6dMmzYtZ555Zm666abMmjUrQ4YMyXXXXZcHH3ww3/jGN3L22Wdn5syZuf7669OuXbtceOGF+clPfpIkWbJkSRo1apSBAwempKQkM2fOzHXXXZdWrVqlcePGmT9/fk0dM2fOzC233JJWrVpl7ty5OfTQQ3PWWWft1HcFAAAAALsaATAAADXeeuut7LvvvikrK0vfvn1z+eWXZ/r06dlrr72SJIsWLcpFF12Um266Kfvtt1+S5LbbbssRRxyR9u3bp3///vnMZz6TJOnZs2ceeuihJMk3v/nNjBo1Km3btk2StG/fPmVlZTn//POTJAceeGAGDBiQysrKnHzyyTn77LOzzz775PLLL0///v0zYMCAJMmLL75YU+ugQYNy1llnpU+fPlm1alXOOeecdO7cOT179tw5LwsAAAAAdkFaQAMAUOOpp55Knz59kiSf/OQn06hRozz55JM151988cU0b968JvxNknPPPfcjr1u/fv2ceuqpefjhh5Mks2fPTps2bbLbbrslSU3AW69evTRp0iRLly7N7Nmz8+abb+aEE05Y73pz587N66+/nsMOO6zm+kcccUTGjBmzlU8OAAAAAMXBCmAAAGo8//zzmTZtWh555JEkSYsWLTJq1KiakPfDDz9Ms2bNas1p2LDhZl37jDPOyG9+85u89957GTVqVPr3758kqaqqyr333pv58+enSZMmWbZsWZI1IW+SNG/efL1rVbeCbtKkSc2xZs2aZdq0aVvyuAAAAABQdATAAAAkSSZPnpyDDjool1xySc2xp59+Opdeemneeeed7LvvvmnTpk3mzZu3Vdfv0KFDjjzyyDz88MOZPXt2vvSlLyVJRo0alRdffDE33nhjktS0ja4OmisqKtKyZcta12rdunWSZPHixTW/XrRoUdq0abNVtQEAAABAsdACGgCAJMno0aNz8skn1zp27LHHpnHjxjVtoI888sgsXrw4o0ePXm9+vXr1smjRok3eY8CAAXnggQdyxBFH1Bz78MMPU79+/SRrVgMXCoUkawLj8vLy/PGPf1zvOm3atEm3bt3y0ksvJUkqKyvz8ssvp3fv3lvwxAAAAABQfMoGDRo0qK6LAACgbg0fPjz3339/2rZtm/322y8NGjRIkowcOTJvvvlm3nzzzZSWlubwww9P9+7dc/vtt+fhhx/O2LFjM3/+/Bx88MFZunRp7rzzzkydOjXl5eV5/PHHM2XKlLRu3bpmz+COHTvmiSeeyHe/+92a0Ldt27Z58MEH8+STT+b999/PrFmzsmDBgnzqU5/KwQcfnLvuuivDhw/Pa6+9lvfeey8VFRXp1atXjj766Nx///0ZP358Hn/88Zx44onp169fnb1DAAAAANheVqxYkSSZNWvWZs/ZY489kiQlheolFgAAAAAAAADUuYqKiiTJuHHjNntOjx49kmgBDQAAAAAAAFA0BMAAAAAAAAAARUIADAAAAAAAAFAkBMAAAAAAAAAARUIADAAAAAAAAFAkBMAAAAAAAAAARUIADAAAAAAAAFAkBMAAAAAAAAAARUIADAAAAAAAAFAkBMAAAAAAAAAARUIADAAAAAAAAFAkBMAAAAAAAAAARUIADAAAAAAAAFAkBMAAAAAAAAAARUIADAAAAAAAAFAkBMAAAAAAAAAARUIADAAAAAAAAFAkBMAAAAAAAAAARUIADAAA8P/bu/tYL8vCj+OfcwCxcziHpwRFeTAMBRyesJVLU8hc+IebsRgxXMIaRjQhyrnIZox05MzS/DVahRMlW0PtcShrJoLkkYqHEiGOOpTBcPJ04AAHD3B+f6BnEvKgWNDF6/XPOd/7e1/XfX2//MP2Ptd9AwAAABRCAAYAAAAAAAAohAAMAAAAAAAAUAgBGAAAAAAAAKAQAjAAAAAAAABAIQRgAAAAAAAAgEIIwAAAAAAAAACFEIABAAAAAAAACiEAAwAAAAAAABRCAAYAAAAAAAAohAAMAAAAAAAAUAgBGAAAAAAAAKAQAjAAAAAAAABAIQRgAAAAAAAAgEIIwAAAAAAAAACFEIABAAAAAAAACiEAAwAAAAAAABRCAAYAAAAAAAAohAAMAAAAAAAAUAgBGAAAAAAAAKAQAjAAAAAAAABAIQRgAAAAAAAAgEIIwAAAAAAAAACFEIABAAAAAAAACiEAAwAAAAAAABRCAAYAAAAAAAAohAAMAAAAAAAAUIj2gwYNOtlrAAAAAAAAAOAt9fX173usHcAAAAAAAAAAhRCAAQAAAAAAAAohAAMAAAAAAAAUQgAGAAAAAAAAKIQADAAAAAAAAFAIARgAAAAAAACgEAIwAAAAAAAAQCEEYAAAAAAAAIBCCMAAAAAAAAAAhRCAAQAAAAAAAAohAAMAAAAAAAAUQgAGAAAAAAAAKIQADAAAAAAAAFAIARgAAAAAAACgEAIwAAAAAAAAQCEEYAAAAAAAAIBCCMAAAAAAAAAAhRCAAQAAAAAAAAohAAMAAAAAAAAUQgAGAAAAAAAAKIQADAAAAAAAAFAIARgAAAAAAACgEAIwAAAAAAAAQCEEYAAAAAAAAIBCCMAAAAAAAAAAhRCAAQAAAAAAAAohAAMAAAAAAAAUQgAGAAAAAAAAKIQADAAAAAAAAFAIARgAAAAAAACgEAIwAAAAAAAAQCEEYAAAAAAAAIBCCMAAAAAAAAAAhRCAAQAAAAAAAAohAAMAAAAAAAAUQgAGAAAAAAAAKIQADAAAAAAAAFAIARgAAAAAAACgEAIwAAAAAAAAQCEEYAAAAAAAAIBCCMAAAAAAAAAAhRCAAQAAAAAAAAohAAMAAAAAAAAUQgAGAAAAAAAAKIQADAAAAAAAAFAIARgAAAAAAACgEAIwAAAAAAAAQCEEYAAAAAAAAIBCCMAAAAAAAAAAhRCAAQAAAAAAAAohAAMAAAAAAAAUQgAGAAAAAAAAKIQADAAAAAAAAFAIARgAAAAAAACgEAIwAAAAAAAAQCEEYAAAAAAAAIBCCMAAAAAAAAAAhRCAAQAAAAAAAAohAAMAAAAAAAAUQgAGAAAAAAAAKIQADAAAAAAAAFAIARgAAAAAAACgEAIwAAAAAAAAQCEEYAAAAAAAAIBCtD/ZCwA4FVx88cUnewkAAAAAwFteeOGFk70EgP9ZAjBA/IcSAAAAAAAog1tAAwAAAAAAABRCAAYAAAAAAAAohAAMAAAAAAAAUAgBGAAAAAAAAKAQAjAAAAAAAABAIQRgAAAAAAAAgEIIwAAAAAAAAACFEIABAAAAAAAACiEAAwAAAAAAABRCAAYAAAAAAAAohAAMAAAAAAAAUAgBGAAAAAAAAKAQAjAAAAAAAABAIQRgAAAAAAAAgEIIwAAAAAAAAACFEIABAAAAAAAACiEAAwAAAAAAABRCAAYAAAAAAAAohAAMAAAAAAAAUAgBGAAAAAAAAKAQAjAAAAAAAABAIQRgAAAAAAAAgEIIwAAAAAAAAACFEIABAAAAAAAACiEAAwAAAAAAABRCAAYAAAAAAAAohAAMAAAAAAAAUAgBGAAAAAAAAKAQAjAAAAAAAABAIdqf7AUAnCrOPffcjB07NoMHD05FRUVee+21zJs3LytXrjyheYcNG5aFCxe+7/GVlZW5/PLLs3jx4hNaBwAAAAAAUD47gAGSdO/ePd/73veycePGTJ06NV/+8pezYMGCfOMb38jAgQNPaO6xY8ee0Pg+ffrkyiuvPKE5AAAAAACA04MdwABJrrvuuqxduzZz585tO7Z48eI0NTWlqakpycEQO2HChHTu3DktLS355S9/mWXLliVJHnzwwcydOzef+tSn0r179zzzzDN5/PHH861vfSudO3fOvffemzvuuCPNzc25+eab07t37yTJH/7whzzxxBNJkqqqqnz1q1/NhRdemN27d+eBBx5IQ0NDpk2blqqqqkyfPj3Tp08/6joAAAAAAIDTmx3AAEkGDhyY55577rDjy5cvz/r161NRUZGpU6fmySefzOTJk3Pvvfdm8uTJ6dSpU5Jk//79OeusszJjxozMmDEjo0aNyhlnnJFZs2Zl3759+frXv57Nmzdn5MiR2bZtWyZNmpQZM2bkS1/6Urp27ZokGTNmTLZt25abbrops2bNytSpU9PS0pI5c+ZkzZo1mT59+jHXAQAAAAAAnN4EYIAk1dXVaWxsPOL7PXr0SPfu3bNkyZIkyfr167Nx48YMGDCg7Zy3A/KWLVvS3NycLl26HDbPI488ktmzZydJNm3alC1btqRHjx5JkqFDh+bpp59OkvzrX//KlClTsm/fvve8DgAAAAAA4PTlFtAASZqamtK9e/cjvt+5c+fs2rXrkGM7d+5MbW1t2+vm5ua23w8cOJDKysP/xqZPnz4ZPXp0amtr09ramq5du6aiouJdr7Fjx473tQ4AAAAAAOD0ZQcwQJJVq1bl05/+9GHHr7zyynzyk59MY2Njqqur22JtktTU1GT79u3v6TpTpkzJ0qVLM23atHz7298+ZNdxY2PjISG3V69ead/+0L/T+aDWAQAAAAAAlEkABkjy+9//Pr17987EiRPTo0ePnHnmmRk+fHjGjx+fN954I6+//no2b96cyy+/PEnSr1+/9OzZM2vXrj3qvPv3709lZWU6duyYJOnUqVNeeeWVJMmwYcNSXV3d9t6yZcvy2c9+NhUVFbngggtyxx13tM1RVVWVJO97HQAAAAAAwOmhYuDAga0nexEAp4KePXvmhhtuyMUXX5x27dqloaEhv/rVr/LSSy8lOXj75gkTJqS2tjZ79+7Nww8/nH/+859JktmzZ+e2227Lpk2bDnv93e9+N3369Mmdd96Zj370o7n++uuze/fu/PnPf05NTU2GDRuW73znO9mzZ08mTpyYCy+8MHv27MkDDzyQlStXpmvXrpk5c2YOHDiQSZMmHXUdAAAAAADA/776+vokyYoVK457TF1dXRIBGAAAAAAAAOCUciIB2C2gAQAAAAAAAAohAAMAAAAAAAAUQgAGAAAAAAAAKIQADAAAAAAAAFAIARggSd++fYv4CQAAAAAAnN4qBg4c2HqyFwEAAAAAAADAQfX19UmSFStWHPeYurq6JHYAAwAAAAAAABRDAAYAAAAAAAAohAAMAAAAAAAAUAgBGAAAAAAAAKAQAjAAAAAAAABAIQRgAAAAAAAAgEIIwAAAAAAAAACFEIABAAAAAAAACiEAAwAAAAAAABRCAAYAAAAAAAAohAAMAAAAAAAAUAgBGAAAAAAAAKAQAjAAAAAAAABAIQRgAAAAAAAAgEIIwAAAAAAAAACFEIABAAAAAAAACiEAAwAAAAAAABRCAAYAAAAAAAAohAAMAAAAAAAAUAgBGAAAAAAAAKAQAjAAAAAAAABAIQRgAAAAAAAAgEK0P9kLADgVjBgxIp/5zGfS2tp6yPFHHnkkK1eu/ECvdd555+WGG27I97///Q903pPhi1/8Yq6//vocOHAgra2t2bx5c5599tn85je/yb59+/4ra+jXr1+++c1v5uabb/6vXA8AAAAAAE5lAjDAW55//vk89thj//HrbNy4MT/+8Y//49f5b3nqqafy85//PB06dEjfvn0zfvz49O/f/7DAXVFRcVhgBwAAAAAAPlgCMMAx9OnTJ6NHj87dd9/d9nrUqFG555570qtXr4wePTqrV6/O+eefn5qamvz2t7/N2rVrkxzcWTx06NBUVlZm0aJFWbRoUXr16nXIDuARI0ZkyJAhqaioyGuvvZbHH388e/fuzRVXXJFzzjknHTp0SLdu3VJZWZmHHnoo27dvT1VVVcaMGZMePXokSRYtWpQlS5a86/qHDBmSESNGpGPHjmloaMi8efOyf//+DBkyJNdcc03at2+fxsbGPProo9m8efMxP9ORtLS05KWXXsrMmTNz//33Z9CgQXnxxRfz0EMP5bHHHsvnP//5fOUrX8ktt9ySp59+On/5y1+SJLfddlueeuqp1NfXZ+7cufn1r3+dSy+9NF26dMmCBQvyxBNPJEn69++fCRMmpLa2Ns3NzZk9e3ZWrVp14v/AAAAAAABQEM8ABjgBBw4cSM+ePbNu3brMmjUrf/rTn3LNNdckORheBwwYkLvvvjs//OEPc9VVV6V3796HjL/kkkty0UUX5Uc/+lHuuuuuVFRUZPjw4W1zDx48OH/84x/zf//3f9mwYUMuu+yyJMnVV1+dxsbGzJw5Mz/72c9y3XXXpba29rD11dbWZuTIkfnFL36RO++8M9XV1bniiivSpUuXfOELX8iDDz6Yu+66KytXrszo0aOP+ZmOR1NTU1544YUMHjw4SbJv37507tw548aNy969e486dv/+/enUqVOmT5+e6dOnZ8yYMenWrVuS5Kabbsr8+fMzadKk/O53v8uECROOe00AAAAAAHC6sAMY4C2XXXZZW2B923333XfMcS0tLVmzZk2SZNOmTencuXOS5KKLLsqKFSvS0tKSlpaW/OAHP8jevXvTq1evtrGDBg3KsmXL0tLSkiT5+9//ns997nN58sknkyTr1q3Ljh072uZ+OyDPnz8/lZUH/4Zny5Yt2b59e7p27dp27tsGDBiQV199NVu3bk2SPPzww2ltbU1dXV3WrVuXLVu2JEn++te/ZuTIkenQocNRP9Px2rZtWz70oQ8lSVpbW1NfX3/cY5977rkkyfbt2/Pqq6+mf//+2bp1a26//fa272nVqlWZOHHie1oTAAAAAACcDgRggLfU19e/6zOA+/Tpc9Rx79zV2tra2hZma2pq8sorr7S9t2fPnsPGVldXZ/fu3W2vd+/enerq6iPOXVFRkSQ5++yzM2LEiFRXV6e1tTW1tbVt7/37/O+87ptvvtm2tnded9++fXnzzTfTqVOno36m49W1a9c0NDS0vd65c+dxj921a1fb77t3725b06WXXpprr7027dq1S7t27d718wIAAAAAwOlOAAY4hneG1yTp2LHjcY3buXNnW7xMks6dO7cF2Lft2rXrkHOqqqrS1NR0zLnHjh2bhQsXZunSpUmSadOmvet5u3btOiQoV1VVpUOHDtm5c2fOP//8tuMdOnRIhw4d0tTUdNyf70hqampyySWXHBLTW1tb234/cODAId/nmWeeedj4N954I8nBgL1z585069YtX/va13Lrrbdmw4YNOeuss3L//fef0DoBAAAAAKBEngEMcAyNjY2pqalpC6NDhgw5rnFr1qzJ0KFD07Fjx1RVVWXSpEn58Ic/fMg5L774Yurq6tpuvfyJT3wiq1evPubcVVVV2bBhQ5Lk4x//eKqqqnLGGWccdl5DQ0P69euXHj16pLKyMqNGjcrHPvaxrF27Nv369Uv37t3brvvyyy+33WL5/erdu3duvfXW/O1vf8u6deve9ZytW7e23Qb77LPPPiREJ8lVV12VJOnRo0f69u2bhoaGVFdXp7m5Oa+//noqKytz7bXXprKysu17AwAAAAAADrIDGOAYduzYkeeffz6TJ0/Otm3bsnr16nzkIx855rh//OMfOffcc3PLLbekoqIiixcvzvr163Peeee1nbNy5cqcc845mTp1aioqKvLyyy/nmWeeOebcCxYsyLhx49Lc3JylS5dmyZIlGTVqVH7yk59k+/btbec1Njbm0Ucfzfjx49OxY8c0NDTk2Wefzb59+zJv3ryMGzcu7du3z9atWzNv3rz39f1cffXVGT58eJKDz/5duHDhu95K+23z58/PlClTMmTIkGzYsCHLly8/5BbTW7duzT333JOqqqrMmTMnjY2NaWxszPLly3Pfffdl165dmTNnTi644ILcfvvtmT179vtaNwAAAAAAlKhi4MCBrcc+DQD+8+bMmZOpU6dm69atJ3spAAAAAABw0tTX1ydJVqxYcdxj6urqkrgFNACnmHc+HxgAAAAAAHhvBGAAAAAAAACAQgjAALwvbz8z+IP8eeONN+anP/3pCc0DAAAAAACnM88ABgAAAAAAADiFeAYwAAAAAAAAAAIwAAAAAAAAQCkEYAAAAAAAAIBCCMAAAAAAAAAAhRCAAQAAAAAAAAohAAMAAAAAAAAUQgAGAAAAAAAAKIQADAAAAAAAAFAIARgAAAAAAACgEAIwAAAAAAAAQCEEYAAAAAAAAIBCCMAAAAAAAAAAhRCAAQAAAAAAAAohAAMAAAAAAAAUQgAGAAAAAAAAKIQADAAAAAAAAFAIARgAAAAAAACgEAIwAAAAAAAAQCEEYAAAAAAAAIBCCMAAAAAAAAAAhRCAAQAAAAAAAAohAAMAAAAAAAAUQgAGAAAAAAAAKIQADAAAAAAAAFAIARgAAAAAAACgEAIwAAAAAAAAQCEEYAAAAAAAAIBCtD/ZCwAAAAAAAADgcHV1de95jB3AAAAAAAAAAIUQgAEAAAAAAAAKIQADAAAAAAAAFEIABgAAAAAAACiEAAwAAAAAAABQCAEYAAAAAAAAoBACMAAAAAAAAEAhBGAAAAAAAACAQgjAAAAAAAAAAIUQgAEAAAAAAAAKIQADAAAAAAAAFEIABgAAAAAAACiEAAwAAAAAAABQCAEYAAAAAAAAoBACMAAAAAAAAEAhBGAAAAAAAACAQgjAAAAAAAAAAIUQgAEAAAAAAAAKIQADAAAAAAAAFEIABgAAAAAAACiEAAwAAAAAAABQCAEYAAAAAAAAoBACMAAAAAAAAEAhBGAAAAAAAACAQgjAAAAAAAAAAIUQgAEAAAAAAAAKIQADAAAAAAAAFEIABgAAAAAAACiEAAwAAAAAAABQCAEYAAAAAAAAoBACMAAAAAAAAEAhBGAAAAAAAACAQgjAAAAAAAAAAIUQgAEAAAAAAAAKIQADAAAAAAAAFEIABgAAAAAAACiEAAwAAAAAAABQCAEYAAAAAAAAoBACMAAAAAAAAEAhBGAAAAAAAACAQgjAAAAAAAAAAIUQgAEAAAAAAAAKIQADAAAAAAAAFEIABgAAAAAAACiEAAwAAAAAAABQCAEYAAAAAAAAoBACMAAAAAAAAEAhBGAAAAAAAACAQgjAAAAAAAAAAIUQgAEAAAAAAAAKIQADAAAAAAAAFEIABgAAAAAAACiEAAwAAAAAAABQCAEYAAAAAAAAoBACMAAAAAAAAEAhBGAAAAAAAACAQgjAAAAAAAAAAIUQgAEAAAAAAAAKIQADAAAAAAAAFEIABgAAAAAAACiEAAwAAAAAAABQCAEYAAAAAAAAoBACMAAAAAAAAEAhBGAAAAAAAACAQgjAAAAAAAAAAIUQgAEAAAAAAAAKIQADAAAAAAAAFEIABgAAAAAAACiEAAwAAAAAAABQCAEYAAAAAAAAoBACMAAAAAAAAEAhBGAAAAAAAACAQgjAAAAAAAAAAIUQgAEAAAAAAAAKIQADAAAAAAAAFKL9yV4AAAAAAAAAAN/5vZoAAACISURBVEd24403HvG9OXPmHPLaDmAAAAAAAACAU9i/R96jHReAAQAAAAAAAE5x/x57jxSFBWAAAAAAAACA/wFvR98jxd9EAAYAAAAAAAD4n3G0+JsIwAAAAAAAAADFEIABAAAAAAAACiEAAwAAAAAAABRCAAYAAAAAAAAohAAMAAAAAAAAUIj/B1UlDFWCTqoPAAAAAElFTkSuQmCC' height='250' width='300'/> ]]>
  </system-out>
</testsuite> <!-- com.tribu.qaselenium.tests.PositiveLoginTests -->
