<?xml version="1.0" encoding="UTF-8"?>
<!-- Generated by org.testng.reporters.JUnitReportReporter -->
<testsuite hostname="station" failures="0" tests="1" name="com.tribu.qaselenium.tests.mazaprendo.MAUploadEvidenceTests" time="30.372" errors="0" timestamp="2022-03-31T17:24:56 COT" skipped="0">
  <testcase classname="com.tribu.qaselenium.tests.mazaprendo.MAUploadEvidenceTests" name="uploadEvidence" time="30.372"/>
  <system-out>
    <![CDATA[ <img src='data:image/png;base64,iVBORw0KGgoAAAANSUhEUgAAB4AAAAOiCAYAAACRicroAAAAAXNSR0IArs4c6QAAIABJREFUeJzs3Xd4lGX69vFzMiG9UVPoRQHpLKAoTUAFlKqCShFWf4sC6iq+AuKubWmKsKuAIhakKEWqCioGFdilhJbQS4AASUgCCekJJPO8f4wZMySTRiA4fj/HMYeZp9zPPZOHIDnnum6TYRiGAAAAAAAAAAAAAAC3hJSUlDKf61KO8wAAAAAAAAAAAAAAVCACYAAAAAAAAAAAAABwEgTAAAAAAAAAAAAAAOAkCIABAAAAAAAAAAAAwEkQAAMAAAAAAAAAAACAkyAABgAAAAAAAAAAAIA/iPXr1xe5nwAYAAAAAAAAAAAAAP4A8sLfokJgAmAAAAAAAAAAAAAAuMVdG/o6CoEJgAEAAAAAAAAAAADgFuYo7C1su8kwDONGTwgAAAAAAAAAAAAAUDIpKSllPpcKYAAAAAAAAAAAAABwEgTAAAAAAAAAAAAAAOAkCIABAAAAAAAAAAAAwEkQAAMAAAAAAAAAAACAk3Ct6AkAAAAAAAAAAAAAAArav39/iY9t3bq1JCqAAQAAAAAAAAAAAMBpEAADAAAAAAAAAAAAgJOgBTQAlJPR077Wp+t2Otz/wmOd9d7f+0ln98qYO9DxQD7VZXotTDKZbsAsAQAAAAAAAACAMyMABoCbrXYbyae6lJZQ+P60BOnUDqlhx5s7LwAAAAAAAPwpWSwWZWRkKDMzU1lZWcrOzpYkubm5ydPTU56envLw8JCrK5ECAPwR8NMaAG42k0lqdp+080uHhxjh62UiAAYAAAAAAMANYhiGUlNTdfnyZVvge+3+rKwsZWVlKSkpSSaTSW5ubgoICJCfn59MdK8DgFsWawADQAUwtepX9AGHNkmGcXMmAwAAAAAAgD+VjIwMnTp1SnFxccrKypJhGMrJyVF6erpiYmJ06dIlZWZmymKx2M4xDEPZ2dmKi4tTZGSkMjMzK/AVAACKQgUwAFSEBnfRBhoAAAAAAAA3lWEYSkhIUEpKiozfig9SUlK0bds27d69W8ePH1dGRoaCgoKUnZ2tpk2bqk+fPrrjjjvsKn4Nw9D58+fl7++v6tWrUw0MALcYKoABoCLktYEughG+/iZNBgAAAAAAAM7OMAydO3dOycnJMgxDFotFiYmJmjBhgqZNm6YffvhB8fHxcnFxUXBwsJKSkrR27VqNHj1aS5YssasGzpOcnKyzZ8/awmQAwK2BCmAAqCCmVv1kFLEOsA5tkgZOtYbFAAAAAAAAQBnlhb/51/qNjIzU9OnTdfDgQbm5ual+/fpq0qSJGjZsKH9/f9WtW1exsbE6ceKEFi1apEuXLumZZ56Rh4eHbUxJys7OVlRUlOrWrUslMADcIgiAAaCi0AYaAAAAAAAAN0FCQoJd+JucnKz3339fERERMpvNatGihTp27KjAwEB5enrK3d1dfn5+qlKlioKDg3X8+HF99913qlq1qoYPH24bJy/wvXLlihISEmgHDQC3CFpAA/jTavXwa0U+Tp13EMyWF9pAA/gDmLPyfzJ3nKC+4z93eMzW/adl7jhBtftNsW1778stavb4e7JYim8D9sWGPTJ3nKBvth0ulznfaGt/PSRzxwk6E5skqXSvtSSiLiSpVt8p+mHH8XIZDwAAAMCfW0ZGhpKTk23PDcPQsWPHdPjwYbm4uKht27bq2LGj/P39ValSJXl7e8vHx0d+fn4KCAiQr6+vgoKC1KFDB+3cuVNJSdZ/C+UPek0mk5KTk5WVlXXTXx8AoCAqgAH8aR05HVPk/uyrV2/4HGgDDeCP4vsdxxR7MUXB1fwK7Fv47e4C2+6oH6j7O9wmF5fif34t/X6vJGnJxr3q2+mO65/sTVaa11oSAT6euv/O21Q70L9cxgMAAABwc8TFxWnlypXavXu3EhMTVb16dXXq1EmPPPKIfH19K2ROhmEoNja2wLZVq1YpJSVFvr6+atSokdzd3eXq6qpKlSrJw8NDnp6eMpvNys3NVXZ2ttLT0+Xi4qLLly8rJiZGlStXLvR60dHRatiwIVXAAFDBqAAGgIqU1wbakbQE6dy+mzcfACiEh7urPNxctfi3oDa/9MwrWrk5QjUq+9ht792xsWa/2K/YsWMSUrR5d6QevKeJ1m89rOS06/+0eG6u5brHKI2SvtaS8vfx0GevDdYd9QPLbUwAAAAAN9aWLVs0btw41ahRQ9OnT9fKlSv1xhtvyDAM/fWvf9XhwxXT8SgtLU0Wi0Umk8n2yM3N1c6dO2WxWOTj4yNXV1cdO3ZMGzZs0KZNm7R3715dunRJWVlZSk1N1cGDB7V582aFh4fLxcVFBw4csI11LcMwlJqaWgGvFACQHwEwAFSkkrSB3k8baAAVyySTHu3RstBK35WbI5R9JUcDuzW32z5p7kZVf+DNYsde+sM+ebq7at4rg5RrMbRyc4Td/o9W75Bf93/oiw171Pzx9+TVdbLaj3xfuw6fszvG3HGCZn21VTV6valHX10iyRoEv/XpT6rdb4q8u03WA89/ohPnLtrOe/y1pbrvuQX6cPV2NRg0XX7d/6E+L36q6IRkuzks/ylctz0yQ55dXlXn0fMUcdL+0/P5X+u28DMyd5xQ6ONg5AVJUmpGtl6YtU61+k6RV9fJaj1sttb8ctA23vn4ZJk7TtCyTeG2bRcvp2vEG8tU5b7XVeW+1/V/U79WWka2AAAAAFS8Q4cO6cMPP9SHH36owYMHKygoSO7u7qpdu7b++te/avr06frHP/6hCxcu3PS55bVrzu/cuXPKysqSq6urfH19lZBgXQatVatWqlq1qjIzM3Xx4kWlpKQoPT1dhmGocePGuv3222WxWHTixAnbWIWFwImJiTfuBQEASoQAGAAqmKlVMVVj4d9KRvmsKwkAZZF1JUd/7dtBx6IStOPgWbt9C7/drb6d75C/t0eZxl76/V717thEtWr46962DbVkY+FVxks27tWnrz2qH9//P5nNLurz4qdKvSYA/XT9Lk0b00cvPdFFkjTmnTV6d8kvemV4N3351hNKTMnQ/c8vUEbW7y3+/xtxRp+tD9PUZ3tr6rO99d+IKI3/z7e2/TsPndXQf36lRrWqaeE/h6hf52aaufRXh6+nRcMghc79m+3x/X+eVo3KPrqjfqAa1aomSXriH19q7a+HNGNcH22Y/Vd1b9dIQ15bqvATsYWOmX0lR93HzteOQ2f10cSH9d4LfbV+62E9NWVlyd9oAAAAADfM+++/r0mTJqlatWqF7m/YsKGeeuopLViw4KbOKzc3V1euXCmwPSkpSSaTSRaLRTVr1lStWrXUtGlTBQYGqn79+vLw8JDFYpHFYlFCQoKysrJUv359ubq6Kjg4WBkZGXYVwNf+9+rVq8rJySl2fl+vXqMGt99R5OPlCZPK8R0BgD8P1gAGgIqW1wY6LaHw/XltoOu0Lfs1Yo5Imfna73j6SiFNSzdG4nkp6Zp1k0OaSJ4F1wMtIHKnpGs+EVo5RKpSq/hzr517aZXltV4j/GikUlIzJEktGtdXgJ9PMWdYRUXH6WxMvMP9yalp8vf1KfGYW3ZFOFxDJyo6TnVrBqpOSA3VrVl829jLKWk6cOx0scddq3P7Fg7HKet74+i8ol5vfqW5riPhRyP13eYd2rLr9+pTf18ftWraQEP79yzRe+rMDMPQnc1q67ba1fT5N2G6q3kdSVLk+Uvauv+01s8cpdCwE8WMUlDEyVgdiLygSSO7S5IG3dtcY95ZozOxSaoXbL+e1NK3Hre1mf562nA1HDRdn30TpheGdLIds/adJ3VbbesvXI5FJeiT9bs05/8N0LODOkqSWt8eooaDZujrzREa0ecvkiRfL3dt/PdTqhbgLUk6FX1JX/74e+v9GYt+Ud2gAH3z3ii5ml1s54x9d02hr8nfx0Pd2ja0PZ/84fdKSs3U9/95Wh7u1v/1/vtjnVUnKMA2125tG2rhd7v1/Y5janVbcIExv9iwR4dPxyt8yYtq1sB6L1ZyddGTby5X1IUk1Q0qfO0tAAAAADdeQkKCUlJS1LJlyyKPu//++7VgwQLl5ubKbDbflLllZVmX2Mkf0FosFlWuXFlms1lXr16Vl5eXzGazduzYoczMTHl7eysoKEje3t4KDg5WWlqasrOz9dNPPyk3N1d16tTRpUuXlJubazeuyWSSka+AISMjQ35+Rf/O6JFBAyVJr0ycXOj+QQP7a+aMadf9PgDAnxEBMABUtLw20Du/dHiIsX+9TNcRABtrp0inwn7f4OEr00trSxbA5o2xbKL9GJJMzy6SGt5Z9ImRO2V8OKLg9pAmMr20rvjrXjv30mrQXqYxS8p+vqReT05QSpo1AH51zBOaPHZYic5bsnaTps5z/H3Nr05IDc2f8pK6dHD8D8beoyaWaCx/X2+NGzFAY4b1dxiMRhw9VeLx8ks/tMHhOC2bNND2VXNKNE7+92bj59MLfd2lmV/LJg00bEBPDe3fs1Rh8Deh2/XK9PkOg/pvN2/XlLlL1bl9C706ZmiR3x9nl3UlR6P6tte0hZv175f6ydO9khZ+t1vB1fzU667bteF/R0o95pKNe+Xu5qoH724iSRrUrYXGzVyrpT/s0+TfQuE8Xu6VbF/XquGvFo2CFHFNxWxwVV/b16G7T0qS+nW+Q1nZ1k+eB1b2Vf2Qytp95LwtAK4TGGALfyUppLqfEpLSbc/3HD2vh+9tYQt/JSko33WKsi38jGYs/kXTx/a2C3Y7t66veau2a/mm/ToTm6SsKzlKSc/S5ZTMQscJDTuhpvVqqGHNqrbXcneLepKk3UfOEwADAAAAFSgmJkb16tUr9jhXV1dVrlxZSUlJDiuFy1tmZsF/Y5hMJtWuXVsBAQGKj4+Xm5ubfHx8VKtWLcXHx6tatWpq0aKFrl69KovForp166pu3bry8PBQZmamatasqatXr+rs2bPy9PSUt7e3vL29C3yAOzu7ZEvWOAqBCX8B4PrQAhoAbgGmZg8UfUB5t4HOSpWxvhT/Ex22uswhrLHli8J3xBz9rTL41rZ4zSZb+CtJcxev0+WUtHK/ztmYePUeNVG9Rk647vGTU9M1Ze5SdXx4nMKPRpbTDIsXcfSURk+eddOud+21X5n+se64f5S+Cd1e7PGXU9I0evIsPfb823bhb6d2LeweebaGHVDvURM1dd7SGzL/P4IrV3P1ZJ+/KCP7qlb9fEAWi6FFG/boyT5/kdnsoqs5uaUaz2Ix9NWm/erWtoEkKS0jW57ururYvG6hbaCvVcXPS3GJjrsDJCRZ/xzV6TdV3t0m2x6nohOVmJLh8LxrxSWmKbCEgW9+KelZGvHmMnVt00Djf2tJnee5mWs1fdFmPfNwR/0052/at/jvqurv5XCs+KQ0HT4dZ/c6bntkhiQp0UFoDAAAAODm8PHxUVpayf4dn56eLnd39xs8o9/lhbB5lbkWi8X2dY8ePdSwYUO5u7vLZDKpTZs2GjJkiHr16iV/f38ZhqHc3Fy5uLjI3d1dXbt2VY8ePVStWjWlpaXp3Xff1Zdffqn9+/crISFB2dnZslgstmsX1nrakUcGDdQ706fYnhP+AsD1owIYAIoxec46nYq+6HD/2CHd1Kl1Q4f7S6TR3Te+DfS1Dv5kDWCLq+DNTJGxbmrZrpF4XjoU6nC3seULmYq7fgWbMtca+NUOrqFzsfFKTk3XN6HbNXzgfaUax1GVa/jRSEUcOaUpc5fqXGy8toYd0JS5S/XupNEOx+rUroV++GJGge2XU9K0NeyA5ixaq227D1hD5ZETdfjHz4usii1NVXNxlqz9SZ3atSj1+1MUR69XsraJjjh6SkvWbtKBY6eVnJqux55/W2OG9S/yPRzy3NvatvuAJMnPx0uTxw7TsAEFq4ejouPsqpWnzF2qpOS0Isd2VoZhKKiqr3p3bKyF3+5Wjco+Oh+frJEPtfttf+nG27znpGISUhSTkCL/Hv8ssD/s8Dm1v6O2w/NjL6aq/R2Ouxh4e7rJbHbRz/NGy+xi/5nH/BW/xQmq6qvk1NKHrM/NXKfLqZla+OFgu0/CZ1/J0eff7dYH4/vryd+qkCUVmGN+Pp7uatM4RHNeHlhgX4OaVUo9NwAAAADlp169eoqNjVV6erq8vR3/W+PcuXNyd3eXr2/pP2BaVtnZ2TIMw1bNm5WVpbS0NF2+fFmenp5q2LChcnNzlZOTI7PZLE9PT7m5ueny5cvKyclRbm6uXF1dZTKZ5OHhIcMwlJOTo3r16mnlypU6efKkoqKi1LZtWzVo0EC1a9dWYGCgXF1dbe2nS+qRQQNt1cAAgOtHAAwAxdi044j2HTvncP9DnVtcfwBsdrvhbaALHXPZJGsr6CLW8TW2fCFllW0NXmOrg+rfPIdCrSFxKVpRl5apy8gyn/tN6Hadi7VWh747abQtWJ06b2m5BZytmjRUqyYN1bdHR/UaOUEHjp3WvCXr1KVDS/Xt0bFUYwX4+ahvj47q26OjpsxdoqnzvlRyarr+NnmWVnxQMGC7UZ55bbZaNm2gVk2u889FCXTp0FJdOrTUuBED9E3odv3t1feUkpaheUvWqWWTBoV+n/7ftPm28LdF4/pa/sE/Ha7xW7dmoCaPHaaHenS0tQIvauw/g7/2ba9BExYp+2qOOreub1vHtrSWbNwrHy93fTNzlFxcfg9Ir1zN0UPjP9eS7/faBcDJ6Vny8bJ+Uv5YVIIOn47T/w1w/AGSzq3rKzfXouS0LPX5rcW09FtFb5WStwlv37SWNu06oaljetu2paQX/YuMlaERWvL9Xi196wnVDgyw25eaka3cXItdKHzy/CUlFREyd2pdX1MXbla94Mp27afjEtNs6yIDAAAAqBhms1kDBgzQJ598ohdeeKHQYwzD0Pvvv68RIwpZIusGys3NVUpKimJjY3X8+HHFxMRo7969io6OVpcuXXTHHXfo8OHD8vHx0eXLl+Xh4SE/Pz8ZhqGIiAhVrlxZiYmJatWqlSpXrmwLj/39/ZWRkSGLxaLDhw8rPj5e/v7+ql+/vjp27KjbbrtNVatWvamvFQBgjxbQAHCLuOltoCUpKdpxi2bJGs5uKtmargVkpkhha4o9zPjxgyL3m8YskWnmMcePt8OkkCaFnztkmtS8Z5mmL0lzFq2VZK3+7dujo8aNGCDJ2q558ZpNZR63MAF+Ppo/9SXb8y27Iq5rvMljh6l2cA1J0nebd1zXWCXVonF929e9R068Ia2yi9K3R0d9n69SeMKMjwvMISo6TvOWWNee9vPx0vcLZzgMf/Nr1aRhgbH/rB68p6kCq/jofxFRGtW3fZnGyMi6qjW/HtLj97VSlzb11alVPduje7tGGti1mZZtCldO7u/twwa+skjfbDusrzcf0IBXvlAVPy+N+q36uDB3Nquj/l2aafgby/Sf5dv0y95I/Wf5Nt32yAx9v/1Yiec6YcS92nc8Ri/MWqeIk7Fav/WwJs3b6PD4mIQUPTNjtdrfUVu1avhrW/gZ2+PCpVRVC/DWX5rU0hsLftT8NTv0n+Xb1O3Zj3Q1J1dpmYWvkTV6wJ2q6u+lnuM+1lc/7tfPeyL191nrdfuj79itVwwAAACgYjz++OM6e/as5s6dq6tXr9rtS09P1+uvv65t27bpwoULN3Ve6enpOnnypHbt2qXdu3crNDRUp06d0oULFxQZGSmz2SwXFxdbsJuSkqK0tDS5ubmpadOmqlWrlgIDA5WZmanExESlpKQoNTVVMTExkn4PmOPj4xUTE6OIiAht2rRJhw4dKlULaABA+SMABoBbRV4baEfy2kCXt01zrEFvIYxlE8s+btjqgpXDnUdIHtdUqx0MtYbFZWSsm2JdT/ha7QZI7QeVedwtuyJsVaKTxw6VZA0Y80LVpet+KvPYjrRq0lB+PtZ1QCOOnrru8bp0+H0N26jouOserzh9e3TU0P49JFnXIe496jrunzJq1aShXh3zhG0OS9baf5/yQn1Jemfi6CJbYxc29phh/W1jl/eHAP4oXM0uGtHnL/Lxctej3Qu2NS+Jtb8eVFpGtp7q16HQ/U/166CLl9O1cfvvf7ZHPtROL/37Gw17/St5e1bSd7P/Kl+votfO+urtJ/R0vw56d8mv6vXCp1qwdqf+/WI/9erYuMRzbde0lpa+9bi+++9R3fN/c/XO4l/04uOdHR6/6/A5XU7NVNjhc+r6zId2j7W/HpIkLZ8yVK1vD9HL73+rfy/bqtdG9dCjPVoqI+tqoWMG+Hpqy0fPqkXDII15Z436jv9c+0/EaOPsp1S9csnbWQMAAAC4Mcxms2bMmCFXV1cNGTJE//rXvzR37ly9/vrrGjp0qBo1aqSaNWtq7ty5Wrhw4U2bl6enp9zd3VWrVi25ubnJ399fubm5kqR9+/Zpz549On/+vHJycmwBcEpKis6dO6cDBw4oPDxcFy5cUEREhOLi4pScnKy4uDitW7dOV65csa0pnJ2draysLGVlZSkyMlIHDx6UqyvNRwGgIvFTGABuFSVpA33ox3JvAy1JxvJJMj272H7jwZ+kU2FlH7OQ9s+mzk/KyEyRdv8ewikr1boW8APPlf4a66bYj5WnQXuZHit8zdiSWrLWGu75+XjZtWKePHaonnlttraGHdCWXRGFrut7PerWDNSBY6fLJbDNX9kaFR1XokrX6/Xx1PGKOHpKB46dVsTRUxo9eZbmT3mp+BPL0djhA2xr9s5dvNZWuS3Zf1/L0sJ53IgBtgribzaXfi3oP6Jxj96tcY/ebbdt+tg+mj62j922Ba8+Yvd82tjemja2twrzxANt9MQDbRxes3u7Rsrdbv0z/NFqawX7iN5tNebhwtuiPzPoLj0z6K4C293dXDVjXB/NGNenkLOkr/41tMC2l4d21ctDu9ptG9KzlYb0bFXguDz5X+uArs1sc3ekfkgVbZj9VIHXkCfXYq18djX//lnNWjX8C50vAAAAgFuDq6urRo8ereHDh+vAgQNKTk5Whw4d9Oqrr8rd3V3333+/xowZo/nz5ys3N1dPPfVU8YNeJ19fXx04cEBHjx5VdHS0IiMjlZ6ertzcXGVlZWn9+vWqUqWK6tWrJ4vForS0NJnNZsXHx8vPz08hISFKS0vT6dOnlZ6eLovFooyMDGVlZcnFxcUWAOdVEnt5eckwDCUlJREAA0AFowIYAG4hxbaBPrCx/NtAS1LkLmvgmyczRca6qWUfL2y1lBRjv61ZD6lKrcLX5N1dfKvoQq+xdVHB7cFNZBo1r/Tj5RMVHael60IlWQO//FWifXt0tFXpzllcSPh8nQ4cOy1Jatm0wXWPFZ6virio8PdsTLy2hh0o9lFS3y+cYXuPlqz96aZXygb4+ahTO2v189mYeNv2qOg4paRlSFKp11fOU7dmoK3V9bZSvCdASW0LP6MPVvxXksq8vjIAAACAiuPl5aU777xT999/v9q3by93d2vnoqCgIM2bN09BQUH65JNPtHz58hs+Fz8/P+3evVv79+9XVFSU0tLSbK2Z3d3d5eLiotTUVCUkJCg7O1sZGRm6cuWKqlatqitXrmj//v06c+aMgoOD5ebmpuzsbCUkJCgnJ0cmk0kWi8UWJqempio9PV1ms1lXr15VYOCN/xA6AMAxPoYDALeSvDbQaQmF7790xtoG+kZUAa+bKlPDDpKnn3Vd4KRo+wM8fKSskq3paoStLrDNlNeOOaSpFNxEis3Xtjkp2hrolrRlc8wRGcsnFdzu4SPT49MlT7+SjePAlLlLbF8PG2Bf4Rng56NhA+7TvCXr9N3mHeVaWZv/uq2aXF8AHH400hZQ1g6uUeQcl6z9qUCr5MKkH9pQomsH+Pno+y9m6O6HrVXdz7w2Wy2bNlCrJg1LdH556NKhha2Fd16ldv6q6uv5nvn7Wj8QkJzK2qsofzMW/axt4Wc0/okuanVbcEVPBwAAAEA5CgoK0ty5czV+/HjFxd34pZq8vb3VqFEjHT16VFeuXJGLi4vMZrOuXLlia+EsSTExMXJzc5PFYpGXl5eqV6+uzp07yzAMZWZmKiMjQ/Hx8Tp37pxOnDghV1dX21iGYcgwDHl4eCg7O1uenp5q2rSp/Pyu73czAIDrQwUwANxK8tpAF8E49GP5XOu+cfbPk6KtwW/ieeu6wPk162ENbksi5kjB1tGVQ6TmPW1PTV2eLHBaYS2jC5V4Xsa84YXuMo1ZUvJ5OnA5JU3fbra2nB3av0ehQWH+lsL5Q9vrsXjNJlvbYj8fL40dPqCYMxzbsitCz0yebQso89YwvplaNWmoj/71ou1575ETdTmlZB8gAPJ7ZtBdyt0+Qz7FrPfrLL55b5SSfnpT7zz3YEVPBQAAAMANEBISoq+++krPP//8Db+WyWRSnz595ObmpoCAAHl4eEiScnNzZTKZZDabbZW8CQkJioqKUmRkpM6ePauLFy8qKSlJycnJunTpko4fP67Q0FBlZmbKZDLZXccwDLm4uMjFxUVpaWnq2LGjXFyIHgCgIlEBDAA3W/QB6Uiow90mN28V2eT5wEap1wTpmv/ZLi1Tlydl7L6mVfOmOTIOXVMJ6uEjU/9XZSybWKJxjS0LC25sd01lb/Oe0rop9hXFMUelyJ1SwzsdD56ZImPhWCkrtcAu05Bp1x3+StY1Y/OC02urf/PUrRmoof17aOm6UC1dF6p3Jo62axNdmKXrfrJVpOYXFR2nLbsi7FoVL//gn0WOdzYmTlPnLS103zeh2xWRr/Xz0P49il2ndmj/Hg5f6/UYPvA+bQ2L0NJ1oUpOTVfvURO1fdWc4k8sB/nbX7f8rZq6Zb6q6vz7SyuvkjivzTUAAAAAALeqbt26qUGDBrYqYIvFIhcXF1WqVEk5OTnKycmRn5+fgoKCbC2e09PTFR0dLZPJpOzsbKWlpenSpUvKysqS2WxWpUqVbNXDeZXAFotFZrNZt912m7p3717BrxoAQAAMADfbuQgZm2Y73l+/veTuLWU7aC9bXm2gPf1kemxaGd+wAAAgAElEQVS6jA9H2G+POWr/vPNIqUqtko2ZeF7aXXBdXFP7gQWureY9CxxrbPlCpiICYOPzMQXnJ0mdR5S8fXQxFq+xBuCd2rVQlw4tHR43bMB9tnWC5y5eq8ljhxU5bklaLNcOrqGPp75U5HUl67q2U+YWHgDnN2ZYf707aXSxx9WtGVjsNcvq46njFXH0lA4cO62Io6c0evIszZ/y0g25Vn4RR6wBr5+Ply1MD/DzUe3gGjoXG69tYQd0OSWt2OD+WuFHI3Uu1hrWd75B7xkAAAAAAOXFbDbr9ddf17Bhw+Tu7q6rV68qJydHhmEoNzdXLi4u8vLyUmBgoFxdXZWammrbL0mZmZlycXGxq/rNycmRm5ub3VrA3t7eCgkJ0ZtvvqlKlSpV1MsFAPyGPgwAcMsxSc17FXlEubWBbnintb2zI5VDZHrguRIPZ4StKbixWY9CA2RTl5EFjz0Uag2RCxt72YSCraV/G9/Uf3KJ51iUxWs22cK9YQN6Fnlslw4t1aJxfUnS3MXrytTe2M/HS53atdCYYf310b9e1NGfFpY5iG3RuL5qB9ewPf/oXy+WKPy9Gb5fOMNWLbtk7U9avGbTDb3eN6Hb830f7Subhw+0fl+TU9P1Tej2Uo89d9HvH1ro273jdcwSAAAAAICbo23btnriiSfk7+8vT09Pmc1mubq6ysvLSx06dFDlypVVtWpVBQcHKzAwUFWrVlVgYKCqVasmPz8/+fr6Kicnx27MvEpii8UiwzB08eJFtWnTRs2bN6+gVwkAyI8AGABuQaZW/Yo+4MBGySiyUXTJr9X/Vcmj8CrIUgWrmSlSIev4mhxV5oY0lYKbFNhc6FrAYasLrSxWcBOZHpte8jkWI6+qtnZwjWLbJkuyrdNbkjBx4+fTlX5og90jdufX+uGLGXp30ugSXS9Pp3YtCoy1Y/Vc7Vg9xxa0Tp239JZZczfAz0fffzHD9vyZ12Yr4ujpG3KtyylpemX6fNvz/Os1S/aB8IQZHyv8aGSJx/4mdLut6ruk9wgAAAAAALeCSZMmqVYt6wf0vb295e7urqZNm6p79+6qWrWqqlatqho1aigoKEh+fn5yd3e3rRHs4eGh7OxsSbJVBhv5fi/l6uqq2267TVOmTCmwPjAAoGIQAAPArajR3dY20I7ktYEuD1VqWds8X6tBe2ub5pI6+FPBtXkrhxQ5hqnLkwU3hq2xhsl5InfKWD6p8AFqNpW2LpJ+nFP0owS27IqwVY3mVYkWZ/jA+2xVt47W5L2ZAvx89PHU8ZKsbaJHTy6i1fhN1qpJQ330rxdtz7/dXPrq2+JERcep96iJtvWUh/bvobo1A+2OqVszUDMm/E2SNbh/7Lm3SxQCfxO6XaMnz7I9/3jqjW9jDQAAAABAeTGbzfr2229Vr149ubi4yMXFRefPn1e1atUUHBwsX19feXh4yM/PT/7+/vL29paXl5c8PDzk5uamq1ev2oW/eZW/FotFdevW1c8//yyz2VzBrxIAkIcAGABuRWa3m9cGWrK2eb6mGre0lbXGjx8U3NiumHV5m/csWH2clWqt+M0b9/Mxjs/fvUbGjx8U+yiJvOpfPx8vW2VvSeSFxWdj4m94a+OS6Nujo8YM6y/JGrKWpc3xjTJ84H22uZWnqOg4TZ23VB0fHqeIo9a1f1s0rm8Lw681bsQADe1vbX1+NiZedz/8nF6Z/rGiouMKHBt+NFKjJ8/SY8+/reRU67rcMyb87YatmQwAAAAAwI1SqVIlbdu2TU888YQk61q++/btU40aNRQQEGA7zsPDQ+7u7ravXVxcbOv95oXHLi4uqlSpkoYPH64dO3aw7i8A3GJcK3oCAIDCmVr1k7FnleMDDmyUek2Qyqm1jmnAqzJ+sIalpuY9C12316GDP0lJMQXHbD/w9ycxR2SErZGpSs3f1wX29LOGwNe0dza2Lvp9jeCsG9/GOPxopLbtPiDJGqAG+BXeErswY4cP0NR5X0qSlq776ZZoCzx57FDbOrijJ89SyyZzClTC5rdk7U/aGnagRGMP7d/zul7ju5NGK+LoKdv7XRIHjp1Sr5ETCt0XFR1nq/j9fY499M7Eotc//njqeNWtGWj73s1dvFZzF6+Vv6+3WjZpIEkF3hM/Hy+9M7F07boBAAAAALiVmM1mzZw5U4MGDdKIESMUFhamTp06ydXV1da+2WKxyGQyyWKxKDc3V97e3jKZTDKbzXJ3d5erq6s8PDz05ZdfqmvXrrR9BoBbEAEwANyq8tpAZ6cXvj+vDXSdtuVzvYZ3yjTmzjKdamxZWHBjXsgrSYnnZcyyVtUaknRyp0yj5kmSTF1Gyrh2fd+kaGsVsKP1g8vZ3EW/X3/y2GGlOjfAz0dD+/fQ0nWh2hp2QFt2RVR4dWiAn4+Wz/mH7n74OSWnpmv05Fn6fuEMh8efjYkvEKI60rl9i+ue3/IP/qG7Bo2ztdwuTnJqeokC6k7tWmjciAHq26NjicadPHaYOrdvqTmL1+q7zTscXsvPx0t9e3TU5LHDigzSAQAAAAD4IzCZTLrnnnt05MgRrVq1SmlpaXJ3d1dWVpZcXa2RwdWrV2UymeTq6iofHx/5+PioUqVKql+/vl5++WUNHjzYViUMALj1EAAD+NMa0L3o4NTP21OS1L1DY9UNqerwuNpBVSRJbRvXVGK35g6Pa3VbiPWLqnWKbu8ceLv1v2Y36Z6/SmfCHB+bcKpkAXDNpsUfU5YxPP1+X6+3QXu7XXbr+x78yf68Q6G/fx3SVGo3QEqMtjvESIyWqZBxy9vllDRFRcerU7sWatmkQZkCvsljhykq2hpmbg37PQCuExKoTu2sgam/XxFrOpdQ3lh5FapFadWkoWZM+Ju+Cd0uw7CuYZs/GPX387aNVxp1Quzfn/zjXLvPkbyA+pVpH9vGKExx8/P381arJg3k7+ujvj06lul716VDS3Xp0FJR0XH6JnS7klPTtGXXgd/2tVCdkMBSV4UDAAAAAPBH4Obmpscff1yGYejq1auKj4/X5cuXdfr0aZ07d07Vq1eXu7u7qlevrk6dOqlly5aqXr26XFxYWRIAbnUmI2/ldgAAbpSYI7YKYElS5RCZJv9ccfMBAAAAAAAAAOAWlpJiLb7av39/ic9p3bq1JImP6gAAbryQplLnEVLlECm4iUz9J1f0jAAAAAAAAAAAcEpUAAMAAAAAAAAAAADALYQKYAAAAAAAAAAAAAAAATAAAAAAAAAAAAAAOAsCYAAAAAAAAAAAAABwEgTAAAAAAAAAAAAAAOAkCIABAAAAAAAAAAAAwEkQAAMAAAAAAAAAAACAkyAABgAAAAAAAAAAAAAnQQAMAAAAAAAAAAAAAE6CABgAAAAAAAAAAAAAnAQBMAAAAAAAAAAAAAA4CQJgAAAAAAAAAAAAAHASBMAAAAAAAAAAAAAA4CQIgAEAAAAAAAAAAADASRAAAwAAAAAAAAAAAICTIAAGAAAAAAAAAAAAACdBAAwAAAAAAAAAAAAATsL19LnYip4DAAAAAAAAAAAAAOA3Vf29y3yua/3aweU4FQAAAAAAAAAAAADA9UhJSSnzubSABgAAAAAAAAAAAAAnQQAMAAAAAAAAAAAAAE6CABgAAAAAAAAAAAAAnAQBMAAAAAAAAAAAAAA4CQJgAAAAAAAAAAAAAHASBMAAAAAAAAAAAAAA4CQIgAEAAAAAAAAAAADASRAAAwAAAAAAAAAAAICTIAAGAAAAAAAAAAAAACdBAAwAAAAAAAAAAAAAToIAGAAAAAAAAAAAAACcBAEwAAAAAAAAAAAAADgJAmAAAAAAAAAAAAAAcBIEwAAAAAAAAAAAAADgJAiAAQAAAAAAAAAAAMBJEAADAAAAAAAAAAAAgJMgAAYAAAAAAAAAAAAAJ0EADAAAAAAAAAAAAABOggAYAAAAAAAAAAAAAJwEATAAAAAAAAAAAAAAOAkCYAAAAAAAAAAAAABwEgTAAAAAAAAAAAAAAOAkCIABAAAAAAAAAAAAwEkQAAMAAAAAAAAAAACAkyAABgAAAAAAAAAAAAAnQQAMAAAAAAAAAAAAAE6CABgAAAAAAAAAAAAAnAQBMAAAAAAAAAAAAAA4CQJgAAAAAAAAAAAAAHASBMAAAAAAAAAAAAAA4CQIgAEAAAAAAAAAAADASRAAAwAAAAAAAAAAAICTIAAGAAAAAAAAAAAAACdBAAwAAAAAAAAAAAAAToIAGAAAAAAAAAAAAACcBAEwAAAAAAAAAAAAADgJAmAAAAAAAAAAAAAAcBIEwAAAAAAAAAAAAADgJAiAAQAAAAAAAAAAAMBJEAADAAAAAAAAAAAAgJMgAAYAAAAAAAAAAAAAJ0EADAAAAAAAAAAAAABOggAYAAAAAAAAAAAAAJwEATAAAAAAAAAAAAAAOAkCYAAAAAAAAAAAAABwEgTAAAAAAAAAAAAAAOAkCIABAAAAAAAAAAAAwEkQAAMAAAAAAAAAAACAkyAABgAAAAAAAAAAAAAnQQAMAAAAAAAAAAAAAE6CABgAAAAAAAAAAAAAnAQBMAAAAAAAAAAAAAA4CQJgAAAAAAAAAAAAAHASrhU9AQAAAAAAgOtlGEZFTwEAUE5MJlNFTwEAgD80AmAAAAAAAPCHQdALAM7P0c96gmEAAEqGABgAAAAAANzSCgsCShMEExoDwK2nNGFu3rH5f54TBgMA4BgBMAAAAAAAuCVdG9zmf17UPgDAra+on9tFhbvXhsEEwQAAFEQADAAAAAAAbglZWVkVPQUAKAeGJEOX0lz08ofJWvFrVVnyfg17bVZpSCZZZJhcZLJY5OWRqw/G5eixe00FDkXJeHh4VPQUAACocC4VPQEAAAAAAAAAAAAAQPkgAAYAAAAAAAAAAAAAJ0EADAAAAAAAKhxr+AIAygN/nwAAQAAMAACAmyQ3N1cvv/yy7rvvPq1cubLcxh05cqQ6deqkhQsXltuYt5IpU6aoU6dOmjhxYkVPBQBuGH5ZDwAoT/y9AgD4s3Ot6AkAAFAe1q5dq5kzZ5b6vKefflojR468ATMCcK2oqCjt2LFDkrRmzRo9+uijFTwjlIeMjAxt3LhR//3vf3X69GldvnxZ7u7uCg4O1t13363BgwfL39/f4fnp6elat26dNm/erOjoaElSzZo11b17d/Xr108+Pj6FnhcbG6sNGzZo586dio2NVUpKinx9fdWgQQPde++96tu3r1xdC/5z5+DBg9q0aZP27t2rixcvKisrSwEBAWrWrJn69Omju+++u8jXe+DAAa1cuVJHjx7VxYsXVa1aNTVu3FiPPvqoWrZsWeD4wYMHKyYmpsgx88yfP1/NmjXTDz/8oLfffrtE53To0EGzZs3Sli1b9OqrrxbYHxISohUrVpRoLEn6z3/+U+gHNB566CHbhxB27Nihl19+ucRjStKECRPUrVs39e7du9D9q1evVo0aNQrdl5GRoU2bNik0NFQxMTG6dOmS/Pz8VL16dbVo0UIDBw5UnTp17I4vyz1Z2vPK+j707dv3uuZZ1nv/Vpb3S3p+WQ8AKA+GYchkMtn+CwDAn9Ef61+FAAD8wS1cuFCffPKJ6tevr8WLF1f0dICbqk6dOmrbtq3Cw8NtAQj+2LZt26YZM2YoKSnJbvvVq1d14sQJnThxQqtXr9bs2bPVpEmTAuefOnVK48ePV0JCgt32o0eP6ujRo1qxYoVmzpypRo0a2e3//PPPtWjRIl29etVu++XLl7V3717t3btX69at0/vvvy8/Pz9J1rBt2rRp+vnnnwvMIyEhQb/88ot++eUX9e7dW6+++mqBXxYahqEPPvigQJgaExOjmJgY/fzzz3r44Yf1wgsvyMWlbI2WPD09S32Ol5dXma51s1WqVKlM5+3evVtvvPGGLl++bLf90qVLunTpko4ePSpvb289/fTTksp+T17vvVxSee9DWa9Xlnv/Vkf4CwC4EQiBAQB/dgTAAACn8MADDxRatfXvf/9bW7ZsUcuWLfXGG28U2O+osgxA+XN1ddX777/PL2GcxNmzZzV58mTl5uaqWrVq6t+/v5o3by4/Pz9dunRJ27dv1/r165WamqpJkyZpxYoVdiFgfHy8xowZo7S0NPn6+mrIkCFq1aqVXFxcFB4ermXLlunixYsaM2aMFi1apKCgIEnSt99+q08//VSS1LhxY/Xp00eNGjWSm5ubLly4oO+++047duzQyZMn9e6779oqad977z1b+Nu5c2fde++9qlmzpnJzcxUVFaXly5frzJkz2rhxo5o2bapBgwbZvd65c+fawt927dqpf//+CgoKUnx8vNatW6ddu3Zp1apVMplM+vvf/24778MPP1Rubm6h7+GZM2f00ksvSZKGDh2qBg0aSJK6du2qNm3aOHzvZ8yYoZ07dyogIEDPPfecJOmuu+7S6tWrbccsWLBAGzduLO7bWMBTTz2lxx9/3Pb82WefVVxcnMPjly1bJjc3t0L3LVq0SGvXrpWnp6fuuece+fj42M1x9+7dmjp1qsOxt2zZotdee00Wi0UhISF6+OGH1bp1awUEBCgjI0OxsbHaunWrHnvsMUllvyev914u7ftQ1uuV9d7/IyAEBgCUJ8JfAAAIgAEATsLT07PQyikPDw9J1oobR60lAdxc/BLGOdSpU0cTJ07Utm3b9NprrxX4GXz33XercePGmj59uhISErRjxw517tzZtn/WrFlKS0tTQECA5s2bZ9fCt1WrVurWrZvGjh2rpKQkzZw509bmv3fv3jp+/LgqV66skSNH2t1PTZs21b333qu3335bP/zwg3755RelpKTIz89Pzz//vBITEzVkyBDddddddnNt2bKlevbsqaefflpRUVFav369XQCcV40sSY888ohdwNu0aVN17dpV77//vlasWKFVq1bpvvvuU7NmzSRJVatWLfT9S01N1XvvvSfJGt6OHj3ats/Dw8P299e1vv76a+3cuVNms1lTpkxRYGCgJMnNzc3u77nq1asXen5xfHx87D4cVaNGjSID4Bo1ahQafObk5Gjbtm2SpD59+sjX19d2fEnmePHiRU2fPl0Wi0VdunTR66+/Lnd3d7tj6tevb/fhr7Lek9d7L5f2ffD19S3T9cp679/K8ge+hmEQAAMAykXe3yd5f1cSBAMA/owIgAEA+E1CQoLWrFmjrVu36sKFC3J1dVXNmjXVs2dP9e3bV97e3gXOSUlJ0YoVK/S///1P0dHRysrKsq3D1759e/Xp00dVq1bVW2+9pR9//NF23unTp9WpUyfb89GjR2v48OFlmvf58+e1fv16bd++3fZL+uDgYHXu3FkPP/ywKleubHf8Aw88oPT0dL366qvq06dPoWOGhYXpxRdflCT9+OOPdi1G89aHvP/++zV58mStXbtWP/74o86fP6/XX39dHTp0KNV7c609e/Zo3bp1OnLkiG2dx7p166p3797q2bNnmdc1TE1Nta09uWzZMrm4uGjFihXavn27EhIS5OPjo3r16qlPnz667777ZDabC4wxcuRInTx5UhMmTFCnTp20YsUKbdu2TXFxcfr222/tfvlflvspNzdX3377rUJDQxUZGam0tDR5enqqVq1aat26tXr16lWgFa5kDadWrVql8PBwXbx40fY+P/jgg+revXuh7Wjzv5auXbtq5cqV+vXXX3XhwgVJUu3atdWzZ089+uijRb7npb3/8q5b2PrbJ06c0IYNG7Rv3z7FxsYqKytL/v7+uuOOO/Twww+rffv2DudRVuVxX2RmZio0NFRbt27VsWPHdPnyZVWqVEk1a9ZUp06dNGTIEFv4VZiEhAStXbvWdq+YzWbVrVtXffr00YMPPljiuWdlZWnlypXau3evAgMDNWfOHLvjy3KfFKd3794O13SVpF69emnmzJnKycmxre8rWe+bvFDsmWeesQt/89SpU0fPPPOMpk2bph07digqKkp169aV2Wy2Vc068tBDD+mHH36QYRiKjY2Vn5+f/P39NXv2bIfneHp6qkePHvrss88KrNm7fPlyWxXquHHjCj1/zJgx2rZtm2JiYrR8+XK99dZbDq+Vm5urf/7zn4qOjladOnX0xhtvlOj937Nnjz744ANJ0osvvqhWrVoVe05F2bRpky5evCiTyaTBgweX+vwVK1YoJSVFNWvWLDT8daSs92RZzyuOo/ehLNcr671/q8pf9Zv/AQDA9br27xOqgQEAf0YEwAAAyLoW39tvv6309HS77XnrUK5evVrTpk1Tw4YNbfvOnTun5557ThcvXrQ7J/86fOHh4Zo5c6a8vLzk5+enlJQU23H5fynrqNKrOKtWrdKcOXMKrAUYGRmpyMhIrV27VtOnT1fz5s3LNH5Rrly5oueee04RERG2bRaLRVLp3pv8482cOVMbNmywO+fixYu6ePGi9uzZo1WrVuntt9+2tYItq127dmn+/Pl23+/ExEQlJiba1k98++23Va1atULPP3funEaNGlXg9eUpy/2UlZWl8ePHKzw83O6ctLQ023kbNmzQmjVr7IKQzz77TJ9//rndp9zz1sYMCwvTd999p7feesthAHnmzBl9/vnnio+Pt9t+7NgxHTt2TD///LM++OCDQsOX8rz/Zs+erVWrVhXYnpiYqG3btmnbtm166qmnNGrUqGLHKquy3BeRkZEaP358gXshJydHJ0+e1MmTJ7Vx40bNmzfPVqmZ39atWzVlyhSlpaXZbT948KAOHjyoTZs2lSjA2bJlixYsWGD7XlwbvF/vfVJW+X/J5u/vb/v6119/lWQNXXv16uXw/Pvvv1+zZ89WVlaWfv31V40YMaJE180fpua/bknPy/+e5+Tk6H//+58kqW/fvg4/EOHq6qqHHnpIH3/8sXbs2KErV644bAk8d+5chYWFydvbW9OnTy/RcgQxMTH6xz/+odzcXPXv318DBgwo8esqb61bt9ayZcskOV7bd/ny5ZKkTp06qWbNmqUa3zAMhYaGSrJWXJc0/C0JR/dkWc67ke9DWedZ1nv/VkAADMCpGL89TCYZJslkWCRT3s84ByGkYciQYT3PevLNmKlTurYCGACAPyMCYADAn97hw4dta/HdddddGjVqlG6//XZZLBbt379f8+fP1/Hjx/XKK69o4cKFtoDk3//+ty5evKjg4GC99NJLatasmdzd3RUfH6/jx49r1apVeuqppyRJL7/8sl5++WUtXLhQn3zyierXr6/Fixdf17w3btxoq2Zr2bKlhg0bpttvv12GYWjfvn365JNPFBMTozfeeENfffWVw19Ol9Uvv/wiSWrbtq0eeeQR1a5dW8HBwZJK997keffdd23rVT700EPq16+fQkJClJycrC1btmjRokU6cuSIxo8frwULFthVJZfWrFmzZDab9cQTT+j+++9X9erVlZCQoB9++EErVqzQgQMHNGnSJM2bN6/Q9+3LL7+UJPXr1089e/ZUtWrVbMeV9X76+uuvFR4eLjc3Nz3//PPq1KmT/P39lZiYqLNnz2rjxo26/fbb7YKQ5cuX67PPPpMkDR48WIMGDVJISIjS0tK0ZcsWffTRRwoLC9O//vUvzZgxo9D3Yvny5XJxcdHgwYPVo0cPValSRbGxsVq5cqW2bt2qw4cPa8GCBQWqHsv7/gsKClJAQIAGDhyoe+65R7Vq1bKFqPPnz9eRI0f06aefqmPHjmrSpElJvs2lVpb7Ijg4WIZh6M4779SDDz5oW8czISFBoaGh+uKLLxQXF6f33ntP77zzjt31Dh06pNdee025ubkKCQnRqFGj1KZNG1WqVEknTpzQkiVLtG/fvhLNfd68efLy8tKTTz6pDh062IXU5XGflNW+ffuUk5MjSbr99ttt248cOSJJat68eZEV5pUqVVKLFi0UFhamY8eOlfi6u3btkmQNwErT/j/vvMaNG9u2nTt3zvahgKLW5c2/PyMjQ+fOnbP7kEeeDRs2aMWKFTKZTHrjjTcKrX6+VkZGhiZMmKCUlBS1bNnS1qGhonh4eKhWrVoO9+/Zs0cnT56UJA0ZMqTU48fGxto6CrRp00YJCQlauXKldu3apQsXLsjNzU01a9ZUt27dNGDAgFIFxI7uybKcdyPfh7LOs6z3/s3mqPo374NkAOAcLDLJRRaTSYZMkkteuCvZhbsmQ4YsMhkuMlxMMskklb4xC/KxWCxycXGx+2ARVcAAgD8bAmAAwJ/eu+++q9zcXHXv3l1vvvmm3T8I77zzTrVp00bPPvusjh07psWLF2vM/2fvzuOsqus/jr++59yZYYYdEVBCRUERFRWXpFwSdyVFS3IppVxwT4wy9JeWVmZi5oZaZiVqqZmahopbmgtWLmgqCIYssigzLMMyy73f7++Ps9xzZ+6dubMAA7yfPaaZufcs33vmDPNw3vP5fC64ACAOZsaNG8eIESPifQYMGMCAAQM47LDD1tuak7MjDzvsMK6++uqcqp8jjzySESNGcOONN/Ktb32r3cPfyBFHHMFVV13V6D+iW3pt/v3vf8fh74QJE3Iq23r06MG3vvUtRowYwbnnnsu8efOYMmVKzrzM1rj++utz5oB2796dQYMGMXz4cH7wgx/w4Ycf8vjjj/P1r3897/4N1xlp7f30zjvvAEFb0ORx+/btS9++fRu1P16xYgV33HEHAJdddlnOvNJu3boxatQo9t57b77zne/w6quvMn369EZzTyM/+tGPOOKII+LPt9lmG4YPHx7PqPz73//OeeedFwd16+P+O/nkkznuuOMaVbvuu+++7LLLLpx++ulUVVXx7LPPrrcAGFp+X1RUVHDPPfc0amc+YMAAxo4dSyqV4s477+T111+nuro6p8I2ule222477rrrrpznttpqK/bff3+uueYannvuuaLWfvvttzN48OCcx9rzPmmpmpoabr75ZgD22WefnDB0+fLlQHFzaqMwu6qqqqjzzp07N67KPPnkk4tubS7emDcAACAASURBVP3UU0/FHQ2SrXqjtRaz3uTzVVVVeQPgG264AQiCr5tvvpkXX3yRk046qcn7+pFHHmHu3LkAvPvuu1x66aUccsghHH/88e1aHdteouu/yy67sNdee7V4/8rKyvjjBQsWcNFFFzWqkq+qquK9997j8ccf51e/+lVRnSGauifXx36tvQ6tPV9r7/2OIBkC6xfzIrI5cAas51HiDDv1qGOPActZVd+JBZ9XkLZ+g+Jeg2c9Kkrq6N9vLd1KM/QqKwNXqiLgVtLPFREREf09mYiIbOFmz57N7NmzMcZw0UUX5f2Pw9LSUs4991wAnn766ZzHIfhlfCaTabc1ZTKZvG/Jqphp06ZRU1NDWVkZ3//+9/P+krdr1678+Mc/LvoXxy3leV6T1wyKvzaPPfYYAHvssUfBtqaDBg2KK6ieeOKJnOMWumaFWknus88+BUOuESNGcPjhhwPw5JNP5t1m4MCBedfZlvspCklnz57dKOjIZ9q0aaTTaQYMGJAT6iX179+fE088EaBRa+3IzjvvnBP+JkXXu7q6Op4NHJ27ve+/VCpVsNVx165d2WeffQCYN29eUceD4r6Xklp7X+SbZR055JBDgOCXUAsWLIgfnzVrVlwZOH78+Lytlz3PY8KECU28wqyTTjqpUfgLbbtPnHMFr2Fz6urqmDhxInPnzqVbt25MnDgx5/nq6mqAvLOwG4q2SbbQL2Tx4sVMmDCB2tpadtttN775zW82uw/A9OnT4wrtU045JWe2brRWoNnOA8nXk9yvoWiW9MKFC5k6dSrnnHNOHNzlk8lkcv6Q4p133uHmm2/mO9/5TsFW9E1p6b+ZLTF//nxef/11oHXVv5Ab9l999dXU1NRw1lln8dBDD/HCCy/wwAMPcPbZZ1NWVsb8+fOZOHFis5Wjzd2T7b1fa69Da8/X2nt/Y2pY/asW0CKy2XGOzuWWi0/twUM/78LPzk3Rs3xNng0txqTZ5QvV3HNlGfdf25UDh/sY9G9ia+lnjIiIiCqARURkCxcFMM65uEVqPmvXrgWCX0qvXLmS7t27c/jhh/PYY4/x17/+lddee40RI0YwdOhQdtllF7bffvv4F/wtNWbMmLj1ZdJJJ53EZZddBsBHH30EBK0xi5kduT5sv/32BYOvll6b2bNnA3DQQQc1ec6DDjqIKVOmsGLFCpYtW0bfvn1ZvHgxJ598ct7tr732Wg499NBGjx955JHNnufZZ59l7ty5cfuwpOHDh+fdry330xFHHBG3XD7ppJM48MADGTp0KEOGDGHw4MGNqvyia7ZgwQJ+8YtfFDxX1A40qh5sKBl0NTRgwID446qqqrjV6fq6/9asWcMrr7zCBx98wKpVq6irq4ufi2bGRteuGMV8LyW15b6YOXMm06dPZ8mSJaxZsyYOo9atWxdvk1z7//73PyBoIbvvvvsWPGex17fQPdmW++Spp57i5z//ed7tn3zySXr06JH3uZqaGi6//HLefPNNysvLueGGGxpVZ0avq+Gc7HyibZqbT7xgwQK++93v8tlnn7HDDjtw/fXXN9leOvLKK6/wox/9iPr6ekaOHBlX5TdcKwRfw6bWkXw9hbZ78cUX42P997//5be//S0ffvght912G4MHD47/2CFp7NixjB07Fmstixcv5tlnn+X3v/898+bN4+qrr+b2229v9nVGWvNvZktEQXbv3r0ZOXJkq47RqVOn+GNrLddee238xxQA2223HWPHjmXo0KFcdtllzJ49m9dee40DDzww7/GKuSfbcz9o3XVo7flae+9vLA1/Ad+wHbSIyGbBGTxS4EGPCkO3Mo+Pu1nwaVzV6wzON/gpR/8uPv26eGR8TQFui+TPlIZVwKoKFhGRLUXH/a9CERGRDSDZ2rNQtWdDVVVVdO/enUsuuYSKigqeeOIJlixZwqOPPsqjjz4KQM+ePTniiCP49re/3Wxo0RpRdVTPnj3b/djFaurcLb02xb6eXr16xR8vX76cvn37tmrtzf1CPVpHJpNh1apVjYKuQsFXW+6nkSNHsnbtWu69914WLVrEtGnTmDZtGhBUDR900EGMHTuWgQMHAkFr35acK7m2pO7duxfcJ1ntGM2ijNYM7Xv//fe//+WKK65ots3v+gwHWnNfWGv5xS9+UbDCOim59ujr0aNHj3b5BVShe7K97pNirVmzhu9///u8++67dO7cmUmTJrHbbrs12i76Xi6mejXaJvn939DcuXP57ne/S1VVFQMHDuTmm28ueE2SXnjhBX7yk5+QyWQ47LDDuOqqqxr9wUfyvNEfnjS3Vmj++6OiooL999+foUOHcuaZZ7J06VIeeeSRvAFwxPM8+vfvz9ixY6moqOCWW25hxowZzJkzh0GDBjX3cte7FStWxJ0Nvva1r7U6hEx+7bbZZpuc8Ddp//33Z9CgQcyZM4cZM2bkDYCLvSfbaz9o3XVo7flae+93FPlmAYuINC2ao2vAgAurZE2DqNTF1bMG48CZ/Nutz3U6kyGY/uswJkXKGjxnGiW7Boex4EyajJ/BefV4NoXzFFK2VsMW0Ap9RURkS6QAWEREtmjRL+j79u3LI4880qJ9S0tLueCCCzjnnHN47733mDlzJrNmzWLmzJl8+umnPPTQQ7zzzjvcfffdLZrDV8w6okCiNWFN9Ivopiopk6FRIU39B3RLr02vXr1YtGhRs+Ffci5kdA222WYbXnnllWbXmzRv3rwmQ5ZoHb7v521LXOi1t+V+Ahg1ahSjRo1i1qxZfPjhh8yaNYuPPvqIjz76iOeff57p06fzxz/+kX79+sXnOuaYY7jyyitbfK62aMv9l08mk+FHP/oRVVVV7LvvvlxyySVst912OaHJbbfd1mSL3Hxa+jVozX3xt7/9jalTp+L7Pj/84Q/58pe/TNeuXeN7ZO3atXkri6Ov34oVK/JWmbdUof3bcp8ce+yxHHvssUVvX11dzfjx45k5cyZdu3blpptuKjjXdpddduEf//gH7733Hul0umBAlk6n+e9//xvvk89HH33E+PHjWblyJYMHD+bXv/51k3/YEHnqqae47rrrsNZyzDHHMHHixLzX8Qtf+AIVFRWsXbuWt956q8lQLpp/Xl5eznbbbdfsGiCoMP7Sl77Eo48+GleGF+PII4/klltuAYKK8mID4Nb8m1msxx57jLq6OsrKyjjhhBNafZwvfOEL+L5PJpNh6NChTW7bp08f5syZk/fnVkvuyfbYL9LS69Da87X23u8IGlZmJT8WESnM4bAYfMCCMxgyWBp0XgozVnB41gAeDhuErhsoCDQYjPPidbgw9XXGNSrrdRicMXjOwziDMyk2ZFS9OWr4MyYKgaHp/44VERHZnGgGsIiIbNF23nlnAJYuXRq3tW2pkpIShg8fzmmnncZPfvITHnzwQa655hog+OXs+++/H2/bXv+xGa377bffLmpebFIU3i1cuLDgNjNmzGj94hKKvTZRsPPyyy83ebx//vOfQBBq9e7du9XreuKJJ5p8PlrHwIEDWxTMtcf9BMH1GD16NJdffjm/+93vuO++++jatStr1qyJq4Kjc73++us5rZI3hLbcf/nMnDmTzz//HICJEyey4447bpT2pa25L6J78qijjuKYY46hW7duRX2fR7ORa2pq+M9//lNwu6bmyBZjQ90nK1as4OKLL2bmzJn06NGDW2+9tckAK6roXLduHc8++2zB7Z599tm4jfbBBx/c6Pn333+fSy65hJUrVzJ06FBuueWWogKwxx57jJ/97GdYaxk9ejRXXHFFwe/1kpISRowYAcDf//73nGr4pEwmw9///ncADjjggHgWejGiX0iWl5cXvU9y5m1zs4k3hPr6ev76178CxN8LrdW5c2f22msvAD799NMmt128eDEAW2+9dc7jLb0n27pfpKXXobXna+2931GpAlhEimPABWGuNTYIV52Hb1MYZ4LnwzfPeaRsCmcyWL8WjzSesxgsbLDZugZM+BZO9G3qzEahb7vRzxUREREFwCIisoXbaaed4uqi6667ruA8yk8++SQnyAXyzhaNHHDAAfHHyUrbaK5hZWVlm/5j9Mgjj6RTp07U1tYyadKknCAgsnr1aq699lo+/vjjnMejXyw/88wzrFq1qtF+n3zyCY899lir1wYtvzZRhdT7778ft4puaM6cOTz00EMAfPWrX21TxeTs2bOZPn163udef/11nn/++fg8LdGW+2n58uXU1tbm3X777benf//+QPaaHXXUUZSWlrJixQp+9atfFbyfXnnllaIquluiLfdfPslgMl+QlclkWlz92xqtuS+itXfu3Dnvfs8991zex3feeee4YvPXv/513qDXWsuNN95Y/AvIY0PcJ8uWLePCCy9kzpw5bLXVVtx6663NVqNut9128b8FkydPZsGCBY22+fTTT7nzzjsB2G+//eL255F33nmH8ePHs3r1aoYNG8avf/3rolruP/jgg0yaNAmAk08+mQkTJjQb2o8ZMwZjDAsXLuSOO+7Iu81dd90V/2FNNGPXOcdVV13Fe++9V/DYS5cuje+t3XffHYDXXnuNW265hZqamoL7PfDAA0BQkd6SgHJ9mTZtWlwlP2bMmDYfL/q5MHPmTN54442820yfPj2eW5382dKae7It+yW15Dq09nytvfc7okKVwCIihQQhaRT6elhjsF4dmDQmeiONMxnqPUvGS+FsCTgPC1jjbbD4VzYe/XwRERFRC2gREREuv/xyxo0bx+zZsxk7dixnnHEG++yzD927d6eyspKXXnqJ++67j7KyMu655x569+5NfX09F1xwAd26dWPUqFHsvffe9OvXD+ccixYt4g9/+AMAZWVlOW1LBw8eDMCqVav44x//yGmnncbatWuZMWNGwRmH+XTt2pXvfe97/OxnP+O5556jsrKSb37zm+yyyy5Ya3nnnXf4zW9+w8KFC3n33Xd54IEHKCkpAYLw6qmnnqK6uprzzjuPcePGMXjwYNLpNP/617/43e9+16br2Zprs++++3LssccydepUbrzxRj7++GOOP/54tt12W1auXMnLL7/M73//e+rq6thhhx341re+1aY1QvB1P+200zjqqKPo3bs3n3/+Oc888wx/+tOfgCAoP/7441t13JbeTxCEgDNmzGDUqFEccMABbLfddpSWllJVVcXUqVOZOXMmQFwV17VrVy677DJ+8Ytf8OSTT7Jw4UJOOeUUhgwZQllZGQsWLGDq1Kk8/vjj7LXXXvz617/G9/2C626Jttx/+QwePJjy8nLWrVvHPffcw0UXXRSvtbq6muuvv75d1l2Mlt4Xe+65J2+//TbTpk1j9OjRbL/99vFzr732GrfddlvBc02YMIELL7yQ+fPnc/bZZ3PWWWcxfPhwSkpK+Oijj5gyZQpvvfVWm17P+r5Pli5dysUXX8yiRYsAuPrqq+ncuTOfffZZ3u179eoVV3dPmDCBM844g+XLlzNu3DhOPfVU9tprL4wxzJgxgz/96U+sWLGC8vJyvv/97+cc59///jcTJkwgk8mw3Xbb8cMf/pDVq1fnrUj3PC/+PvvjH//Ib3/7WyD4Q4ZTTz214FrLysriisrddtuNr3/96zz88MM8+OCDfPLJJ4wePZp+/fqxdOlSHn/8cV5//XUATjzxRIYNGwbA008/zQsvvMALL7zA8OHDOfjggxk0aBBdunRh+fLlzJgxg0ceeYTq6mrKyso4+eSTyWQy3HrrrSxYsIBnnnmGI488kuHDh7P11ltjrWXRokU88cQTvPnmm0BQZdqWjgjt5cEHHwTgS1/6UtHtr5sycuRIpk6dyvTp05k4cSJnn302Rx99NL169aK6uprnn3+eyZMnA8EfCETXvLX3ZFvu5aRir0Nrz9fae7+j0C/gRaStHB44S53nsMbHOB/rZfCsR9RbOfqzLh+LsUF75TrAMxbf2UYtmGXLo5nAIiKyJVAALCIiW7yddtqJSZMm8eMf/5jFixcXDJv23nvvuMLm448/ZtWqVSxdupSbbrop7/ae5zFhwgR69OiRc4w99tiD9957j7vvvpu7774bCCq4HnnkkRb9ovaYY45h3bp13Hrrrbz99tvx7MmkrbbaimuuuSYnfBs2bBhnn302d999N/Pnz280F7SkpIRzzjknDklaqrXXZsKECQBMnTqVxx57LG8V8q677spPf/rTFrVJzefcc8/lz3/+M1OmTGHKlCmNnt9tt9346U9/2mRoWUhr7qfa2lo+/PBDli1bxh/+8Ic4JG/oq1/9ak6V26hRo6irq+O2227jnXfe4Z133mm0jzGGfffdt93C30hr7798unTpwiWXXML111/Pww8/zMsvv8ygQYNYu3YtH3zwAel0muHDh7c5DG1Oa+6LU045hZdeeom5c+dyxhlnsNtuu9GtWzfmzZvHggUL2G233Zg7d27emdu7774711xzDT/72c/49NNP4/boSXvssQc77rgjjz/+eKtf1/q8T6644oo4wAK45JJLmtz+7rvvjqtV+/Xrx+23386ECROorKzkrrvuarR9r169+OUvf8m2224bP7Zy5Up+8IMfkMlkAJg/fz6nnXZawXN26tSJ5557jldffTXn37Vp06bFLdXzGTFiBDfccEP8+cUXX4y1lkceeYQ33ngjb1Xq6NGjufTSS+PP99tvPw444ACmT5/OW2+9VfAerqio4KqrrooDw9NPP53bb7+dlStX8vDDD/Pwww/n3e+LX/wi48ePL/gaNpR///vf8fziU045pd2Oe+211/KTn/yEV155hcmTJzN58uR4NnAk+j6KtPaebMu9HGnJdWjN+bbZZptW3fsdVTIMVqtOESmWIcPKOvjTf9byypw0voWMAWMNxjmiPsvOOTAOnMNan+6ldYw9tAv7DeykRstbgHw/VxT6iojIlkYBsIiICEFV5ZQpU3jqqad44YUXWLhwIatXr6ZHjx4MHTqUY489lgMPPDDefsiQITz88MNMmzaNN954gzlz5rBy5UpSqRRbb701e+21F2PGjGnUstQYw6RJk/jNb37DSy+9xIoVK+jTpw8HHXRQ3B66JU466ST2339/Hn/8caZPnx63Xt5mm204+OCD+drXvpYTskbGjh3Lbrvtxl//+lc++OADVq5cSc+ePdlnn3045ZRT6NSpU6sD4NZem9LSUq644gqOOuooHn/8cT744AMqKyvp1q0bO+ywA0cffTRHHHFEu8yG3WuvvTjqqKN48MEHefXVV/n888/p3LlzfJ6jjjqqTedp6f1UVlbGfffdx0svvcQ///lPPvzww7hNeLTPqFGj4jmkSSeddBJf/OIX+dvf/sbrr7/O0qVLqa+vp3fv3gwfPpyvf/3rLW5hWqzW3n/5fPWrX6V///78+c9/5oMPPuCNN96gR48efPnLX+bUU0/lgw8+WO8BcGvuiy5dunDXXXdx//3389JLLzFz5kxSqRT9+/fn/PPP5+STT2b06NEFz3nIIYcwZMgQHn30UV599VWWLFmC53lsv/32HHXUUZxwwgmt/l5MWl/3SVtnFA8ePJj77ruPxx9/nH/84x9xC+X+/fvzla98hdGjRzdqbVtbW0t9fX2Lz9XWedWe5zF+/HhGjhzJX/7yF2bOnEllZSW9evViyJAhfO1rX2PvvffO2ad3795MmjSJWbNmMW3aNGbMmMGiRYtYs2YNXbp0oU+fPowYMYLRo0fTp0+feL9Ro0Zx2GGH8eyzz/LGG28wa9YsqqqqMMbQo0cPhgwZwuGHH86hhx7aptfUXqIW7YMGDWL48OHtdtzy8nKuu+463njjDf72t78xZ84cli1bRteuXRk4cGA8ezv5hwutvSfbei9Dy65Da87X2nu/o1PoKyIt4YC6jMebC8t59N0SsGFLZ2fAgrMOMGDDMDgc+bt1pxqO2Mux30AFgFsa/ZwREZEtlXH6KSgiIiJbgOrqao455hggmDkatQuVLZvuCxGRDSc5j9Fam/OWyWTIZDKt+oM4EdlyOGDZGsMVT1ju/08JzvlxyBu8N2EVsMsJgbfqVMstZ1pO3MffMPW/4W9bnQk+yVh47UPDN39Wy+fV3cjpQ+0cnpdh/x0r+dNPutK3uwFnULFq69XU1OD7Pr7v43lezltUBaxqYBER2RSsWrUKIG83t0Ki8XHeelmRiIiIiIiIiEgRksGwiEhzHGGw6hG0efYAY8L3iTfPZN9nRwTLFkA/V0RERBQAi4iIiIiIiMhGpl/Si0jxDMYzYbAbhbwufJ/4OBkC46LxwLKF0M8VERHZ0ikAFhEREREREZENRr+UF5E2MwTVv8blhr9RRXBUFRxVBvtBEKx/fbZs+vkjIiJbktTGXoCIiIiIiIiIiIhIMeJOzl5Y5msJQt4o27OE4S/ZB02DfUVEREQ2cwqARUREZIvQtWtXXnnllY29DOlgdF+IiIiIbDpM8oO4zTNB6EuDzz0gk7ujAmARERHZUigAFhERERERERERkU2DAZNs9xyFvZZswus5sMF2DsAYjNJfERER2YIoABYREREREREREZFNgnMumOVqCNJdL8iCXVQRbMmGwkTbOFw4A1g5sIiIiGwJFACLiIiIiIiIiIjIpsGYYP6vZ+LA1xkD1mVDXxNUADvX1IFERERENl9e85uIiIiIiIiIiIiIbFxBO+dw/K9xYRvoMOU1DQb9Gpc7J1ilvyIiIrIFUQWwiIiIiIiIiIiIdGgu/H9HBt/UUooh7ZWRsSW4cOYvXtjnGYdxBkOaknQdZdThkwJSOJyyYBEREdnsKQAWERERERERERGRDs0QFPX2LTP88viu/OQEx8tzarn8L5ZFNRVBJbAjCIKNwVDHVwav5boxXdimWxndHBjngsphERERkc2cAmARERERERERERHp0BwOZ4IQuBu1lHgeFb7DpQjCXxtsFQ+8cwbfWHp6jj4ODPWkDYCHUQ2wiIiIbOY0A1hEREREREREREQ6NAM4LNaAw5Cy4DsLpp44+DXJN4MzHpDBmTQZk8IaDQMWERGRLYMCYBEREREREREREenQHGDw8Fw2wM0Yg/NMNvyN3zswFpMtB8Y4i+cc0TThDbbodjpdfCiX/dgVOkHOxjk7iIiIyBZCAbCIiIiIiIiIiIh0aAaDcWA9G4TBDowBYwx4Jgx9CUPgoPrXehYwOAPOA28jtH+OzuaSn7SKwxmLwWKDhtikPUsUjee+Ac7gSONMPZ7zMc5vy8lFRERkE6MZwCIiIiIiIiIiIrIJCBpBGwhD3uA9HmBN9HS25CXOQzeDts8OjPOwzsNgSdkSjEuDczjP5m5rLOCBK8XgyJg0zmQw+Jp/LCIisoVQACwiIiIiIiIiIiKbpigEjlo/QxgGm82q96HBYciQ8XycAUsN1hiMCdpiJ2Ndh8Hh8Jwf1Ap7dbjw18CKf0VERLYMCoBFRERERERERERkkxAV+TqXeMDYoA10/JiFjOtQaadrc+2twWIwOLAeaWMwziNjvEajfR0ewcWwYcvsFL71MCbToa6JiIiIrD8KgEVERERERERERGTT4HK7OsczgG04C9czYIMCYMJZuR2BSYznbeURMPg46/jfknp++1gV6YxPxrNkGlQ6u7BNtm89Mn4Gz3kM6pPm26O2pUtZW9YQHD3f2kRERKRjUQAsIiIiIiIiIiIiHZ6DYO5vmEG6qO2zIQ5+44TYA0wQmxrngm030poBMC47k9hlX0CxywrjbQA+XeFx9zPdWWfLw5fbuNe1A4wzOC+Nbx1f3nUZpx7t6FLW1gthwflAGvDDZtNEibuIiIh0EAqARUREREREREREpOMzyfdBo2NMg8cd8UxgY0zYeHkjhZPRaaMU2AN8F8woti0/lnPBITwM1pTgKAVM/nDbOcDhXAkWR22mM1XrPFwrg1oTHI6M5+Fbn+7lBt/zMM5iTMeoshYREZEsBcAiIiIiIiIiIiKySUjGl84Qh73xk57JVtgawvpUR0doU+yi9UEYCjvceh9V7GENvD2nCwefl2l9oa4Dg49N1dKnrJI/XN2bPXf0w+Nt/GsrIiIiuRQAi4iIiIiIiIiIyKYhKjaNqn298M2G5bEOsEFVrEsEw8U3W16PPIKW1dFaLHFYvV6mFRsTnMQ4aklRW1PS+kM5h0c9Ga+MlO1K2gaPWXw84zrC1RUREZEEBcAiIiIiIiIiIiKySWgUNEbzfiHbVtkLA8mN2P25EUO2Wja55sz6Op/DORP0bo7em9ZfEGcgQ0kYwBs8HCkHGWM7RrguIiIiORQAi4iIiIiIiIiIyCYkDByNafAW1tBGmWfU7zj6vMFRcmtvoxiziTDTuUTYGZUgR8Fqvu3zLNskPjEuaAnd0nnAzXEOjAXjgfMw1gSVxy0oMTZRi+pozQ6c5/AcGJPGemVBIGzWV4ItIiIibaEAWERERERERERERDYJLs5dvTBAJXjvJ2frgrEG40XpZbRTnqDWGQxe+EyyDXO+tDQKi/3sNsY1WQFrgv7U4fxfgiDWmgZBsIlnA0crbTMXlRw7nHEtHIMczU0OQt9EAow1DofBOIcxmfZvWy0iIiLtQgGwiIiIiIiIiIiIdHhRfumSj0TBqk1U05og9HS4JttAG4JW0cYFsa4zyTjTJ9unOdreAhZHJnzO5C8tLrR+Qxz0BlW6Jpxb7DBeU3u2kDFBQB5W8eJZwA/PWURk68B5FvDA+uExsqGwiIiIdHwKgEVERERERERERGQTE5X6khsC+4lA1oBzUXCZP6W1YYbr8DCYYFRuXOmb297YRcfE4UwG4zyMa8H826hNdSKozr6I6J0JK4rbHrZ6zmHxgvPa8PxFrtdYE1T/GhuMEXZeuD6FwCIiIpsCBcAiIiIiIiIiIiLS8RWaqRsFqZ4JQmBj4uLcnGw1j2zga4N2ziYTfO5KiSuAo50tcYDqG4fnMjhsUEdcaA5wDhu2gCa3EtiFoTCmZZ2amzmXw8Tn5UhzngAAIABJREFUqyhZS8+utdm5yE3taWH5qnLW2U7hjN8myqhFRESkQ1IALCIiIiIiIiIiIpuQRExqGoSvYSWw8cIQuIhjWWBN2mfpakfaleTZJprP67BhGbDnHF3KPPp0MaSMbTYeNSb+v2yW6hGWIJPIWJtesSPZirmIuNhYPBx7DFzN5B/0pFd5872mF69xjL16GbOX9MNFjbJN+0XTIiIisv4pABYREREREREREZEOz0UBqTOJMNWFQWpiw2iuLmFu6QzORCFuUlBxa53htflpLnxoNVU1ZUHoaQmrcwlD2rBS1wIZg6GeY3Zz3Pmt7nQtzbNWHNY4PBe0dLYeON/krtURV/4GfZbDNRkXtoFOrDR8OnjO4vmOUluHNV44yTiXMQ7jwBpHiefoXJKmT3dL74rmAmawvqEkZYOZyM4jDpqVAYuIiGwyFACLiIi0UiaTwff9jb0MERERERGRLZdHYgZw+JjLPt4wSM3PYU2KmlQXavxOOEc4L5fs7FybO3PY2HrqTS3kjV8LiKqAo7VG2Wr0GrLLaRS0ZicZG3bZ1uOOyyykHZhMWMOc2DZcuu8cGePhOUPfbp3pWtrCBLd9RhGLiIjIRqAAWEREpIVmzpzJL37xCz7++GO++c1vMm7cuI29JBERERERkS1DOIPX4fIHqvF7ExYJZ6PTfEzDkDhqxRyFv2E1MSb8PHreM0GVbUsqYpNBdbSfceHc4mJ2t4Bl6x4w5suEVc4ejty21cErdvjO4fCCgmnXBci0YLEiIiKyKVMALCIim43//e9/nHHGGTmPde3alR133JFvf/vb7Lvvvm0+h3OOq6++mvLycn75y1/yhS98oc3HFBERERERkZYIQ2DjgtbOyWA1fu/AM1Fe3CQXHdIz2cAXcmcLRxlyNELXOpyhQe1tUycgER6Hn7hE+Gtocq0mLBV2pLA4fJsm4wXzeb2Gq3BRUbHDUIfFgUmRLTkWERGRzZ0CYBER2eycdtpp7L777gCsXr2aZ599lksvvZRrrrmGkSNHtunYn332GZ9++ik//elPGTFiRHssV0REREREZPOUzBpNnsfI83xRg2YT2xQKf20YEENYBdx8EmyiY7lEGtuwEjjqr+wZjCmyR3JYqWw84urk3PdNh7/RQRwWTB2eSwE+vvWwXn2jJtQGcMZSZ1IYDL7zccYSFE1riK+IiMiWQAGwiIhsdnbddVcOPvjg+POjjz6as88+m9///vd5A+CWzPKtrq4GoFu3bu2z2DbQDGIREREREemognpVi3FBHaoN+yqbfEmnceHc3Xir4OG8R416MTsMYahqEhvHAW54hKgDNI4m+zUbcF6DINa4OOxtOF/YhLOBjTPZFtGNXpYJT98grE4mvlG4bBLdqgvyMK4Uh8F5aYwLrq9xXt6t/ej/nRes06j6V0REZEuhAFhERDZ7nucxfPhwHn74YQDmzZvH6aefzplnnsnzzz/PypUreeqppwB47rnnmDJlCvPnz2frrbfmxBNP5JRTTsEYwx133MH9998PwCWXXALAU089RdeuXVmxYgW33HILr732GgBf+cpXuOSSS6ioqABgzZo13HHHHbz88svU1NQwZMgQLrjgAoYMGRKvc+bMmdxxxx28//77dOrUia985Sucf/75dO7cGYCrrrqKJUuWsMMOO/Dcc89x3nnnMWbMmA1zEUVERERERFrAOUfaeBgMKUuYmDqs17ha1bPh41Fg6gWP5Q9sTZCXxpmqy7Zljqp1IQhp4yrd5qte42jUJMJaGoS0ObN7oWCmGu4bFiJnz+AR7GAaBMI2WmdUvZv/mNlTO8DPWUtjXvZhY5vaUERERDZDCoBFRGSLsGTJEnr06JHz2F/+8hfOPPNM+vfvD8Df//53rrvuOk488UTOO+883n33XSZPnkx1dTXnnnsu3/jGN9h11135v//7PyZOnMiuu+5K586dqaur4+KLL6auro4f/OAHrFu3jjvuuIM1a9Zw7bXXAnDDDTfw9ttvc9FFF9G5c2fuvfdexo8fzwMPPEDPnj2ZO3cuF1xwAcOGDePqq6+msrKSu+66i7lz53LrrbfiecFvND744AO6devGxIkT2XnnnTfsRRQRERERESmS5zyc87Behoxvg27HNujOnGSBjGfwnMU4D4eHtYW7NpsGnzgv3wzg7Fzd3AG8ebjEubwgm3XR9l5i/7Dyl8RDpmHFcJNM7gzguK10+HRUySwiIiLSDhQAi4jIZqeuro61a9cCQcvmF198kX/84x984xvfyNnuwgsv5PjjjweCdsp33nknhx9+ON/73vcA4hm/DzzwAGPGjKFXr15xWLzNNtuw4447AkEV8CeffMK9997LwIEDAUilUlx77bUsWbKEfv368a9//YtRo0Zx5JFHAjBo0CB+/vOfs2DBAnr27Mndd99Nz549mTRpEqlU8OO5f//+jB8/ntdee40DDzwQgL59+3L99der9bOIiIiIiHRYDof1M/iZFL71SfsO37kg4DUGjME5hzEG4xyeszhnqPd8MA7f1REkovn/u8eG53AurKZt2Ko5qjL2CattXRPdn01ORa7zwmO5MBWOQl8bJrXJ+cJRz+Zigtso/PUT7aSjYxZXpCwiIiJSNAXAIiKy2YmqbiO+7zNmzBjGjRuX8/hWW20Vfzx37lyWL1/O4YcfnrPN0UcfzZQpU3j33Xdz5gon/ec//2GHHXagf//+1NXVAbDHHnsAQVvnfv36scceezB16lT69u3Ll7/8Zfr168fNN98cH+PNN9/kuOOOi8NfgP3224+ePXvy5ptvxgFwjx49FP6KiIiIiEiHZxysNoYqBybjkTZhoOtcturVmaAjsjN4ZLAOuhjYGj8IWJs4vsMEQW+yqjaq0k20ao5GATcpDHuNicLcaIdkCBzO+g0rd4OZusWntkEn6iCMDkJrgvXH84kT2xZ9VBEREZH8FACLiMhm5+yzz2b48OEAdO3alf79+1NaWtrkPsuXLwegd+/eOY/36tULgFWrVjW579y5cxk5cmSj56L9rr76aqZMmcIDDzzATTfdxE477cR3vvMdDjnkEDKZDKtXr250bghC6pUrVza5dhERERERkdYKYlaHsWGpqwmDzmR7YgjzT5f4tEFM2SDArHceDy9L89OP61mdKSFt0vgZovLdIHMNw2ALOGcoq08zdjv48e6dKLOZAusldx6uR7byN7kAkwhxnQsCY5MvXE30mo6C2aii2Ca29ky2tTRB1bGHC1tAF+hXnbvqRAhMNqiGOHh2ia0VAouIiEhbKAAWEZHNzvbbb8+wYcNatE/37t0BWLFiRc7jlZWVOc/nU15ezs477xy3jk7adtttAaioqGDcuHGMGzeOBQsWcP/993PllVcyefJkhg0bRkVFRaNzAyxbtiwOs0VERERERNqbcWBsCuuBM/U4fDKejw0H48ZBpCFMbRtrNGXXQR2GWt+ytsywypVA2g9m5iaqf6MwGBukwHWmjtqSTDgnOH8E6kywKuOCtTnP5s7VjV+Uy+6Ah4G8FcXOGIyzpIzD8xykTLyeOATPkA2VTQaDi9tLh02gG602p6uzcdgogPbAResMj+8cYWvs/GsUERERaSkFwCIiIsCOO+5I9+7defHFFznggAPix59//nl8328yUN5zzz2599576devX05b6aqqKnr27Mm8efOYOHEiEyZMYPjw4QwYMIBLL72UJ598ktmzZzNs2DCGDx/Oyy+/zLnnnhu3eH7rrbdYsWKFAmAREREREVmvrGfJeBaH4e3aDE+urqXaGZwNA+BoVG2YdkaVwCZ875xJzM0N3qedY2ZtKesoDcf5htWyzgtn37rEzN4oMA0i0+T/N2QSaasDjDFBGJshGwJHM4DDxUfhb8MjunDtFp/OZZZhvdexrMbyabXP57WdshvF1b8OPwUDKmrpXZZmp54W33gF1xofIOz67LzgLbjo2Qpl45lswbJKf0VERKQdKAAWEREBUqkU55xzDpMmTaJLly4ccMABvP/++9x7772cfvrpTVYAn3DCCTz22GN897vf5cwzz2Srrbbi5ZdfZurUqTz00EMMGDCA0tJSrr/+es455xx69uzJ008/je/77LnnngCcddZZjBs3jssvv5yTTjqJ5cuXc8cddzBs2DC+9KUvbajLICIiIiIiWyDjPIwF8JhVl2FKXSc+M6nszNugR3MQWjqTneMbVbJa03hbZyBjcC4qo02EslGgmgiBo81c0VWw0f4E6aqXqNqNZgBHzxU4YhA6O3xgn6097j2+nM/rSvjpK2n+MsuGc4YTuzuoSGW44Etw+tAKSnzo7Nc3boddaLlxyBsdN7FmBb8iIiLSjhQAi4iIhEaPHk1JSQn3338/jzzyCH379uXCCy9kzJgxTe7XtWtXJk+ezG233cakSZNIp9MMGTKEG2+8kR49egAwadIkJk+ezI033khdXR0DBw7kuuuuY9CgQQAMHjyYW265hcmTJ3PllVfSpUsXRo4cyXnnnYfneU2dXkREREREpE0MGXwc9cZh/QwZ38MaL3eubnJAbaKFsQlD2/BAua2YUw6TCVJh4zyM8bBxOXEUzLp4HxcFtgXC0Pg0DjJRj2VDEP66xLm9xA7GhXOO8x3UYbA4YygxPmVlhjRQliIIphu8VqzBeB5dSzL06JTBGR/jvKgvdcGrG5QAhy/ZIztLOA6sbbYCWERERKQdKAAWEZHNxo477sgrr7zS7Hbbb799we2OO+44jjvuuIL7Dh48OO++ffr04Zprrim4X+/evbnqqquaXNfuu+/O5MmTCz7f1PFFRERERERaIyjUtfjOxxIEtJ7zEuEqYf9isqGlCStXnQnaQSd7LIfVtyYTzLV1gLE+zg8z5ChIDgPVbH9piqukzanmTSTPfnhugrUZY+IZvc0dzRnwyWCcC66AcWFFsZdntnCULwezgz3ngvm9zaw0fs3GZcPlZEVwztDgYl97o+nLIiIiIoACYBERERERERHpIKy1zW+0njnn8DwPYwxR3WDwBLkBVYOusopfZFNlMHjOwxmLwZDC4Hyy93gUqoYPBFmwDb5HjA2qV50ftEuOQkzngmOEc3OdCUty/aiNdLANxmTbRpugEtiY7BzhhmWxLlgwJpl7emTbP4ehL56Lnzbhd62DPHXAhig5Dp73w/NGT4WtquMdPfAyGOOFx3FkPI+GPZtyY9rw/CbMu6OgOmpTbcJVRiF7PMy44UGDFbqw1NlzBmeS/0olX1kwb9lkBw7Hz6vSWEREZMugAFhEREREREREOoTTTj11o57fEFQLpnyfsrIytuq9Fdtuuy077bQTe+y+BwMGDMBLpfLWH4psynL+niEc85ssroVwAz/4I4k4wHUGSMXze7NZZBD0GuPhMEE+a8I02SQO6shWw0ZtnItOKMNFGtd4BnAUXBc9TSfbpjkOZcMgO+fYYQWwS+5ThPiyRLN+k9XVLqw2NhQIc2nwWHBN054F4zAuCPAbL8UCGTA2/Dr5Ra1VRERENg8KgEVERERERESkQ3jzX29s1PMbE7azDT+OOOcwxtC/f38OPfRQRh5+BEOGDqVXr15gTM62IpucqKw2jB9zKnkh2wLZd0FYaYGMh/MtuLCyNAog4/1MEDwaExT5lhIM7W3YUjkZ2tqwt3JzoW3Dv8AwJjH7N6wwjtZd7PdmTmmwyW3T7OLy/+zs3obheLEMwXEjNnsQ54Vhs3F5c2Vnwq+Oy2DwwXoYl9w390QGD0eabJWzyVZXi4iIyGZPAbCIiIiIiIiIdAgdIUjNt4bosU8//ZT77ruPPz/4IP36bcOJXzuJ75x1Fp07V2Ctw/NUYSebsrh/c/hhIhWNAlYHnnN4nsVY8NJgseEfTuQGly7qe+wM1gsS3zhcblilG3eYjqp687Vrbvh5dnZw1D46GwITz9sN2iS34lokw9IoaI4qlXOfIG9im2ftxkuE61E1sHVgXZH//jmMK8UZS8avw9gUnvNxZPKdjWAGso/BwzP1OGfCMmQRERHZ3CkAFhEREREREREploP6ujoWzJ/HzTfdxNNPP8X3vvc9Djr44GAuaAcIsTu85rIyXcKNIBFixuGkyVbqEjzmOdizNM0xndJ0sw7rfDKeDToYu7DoNzxSxjn+XePzdLVPnS0B34TFrU0Mz050hi562TkVuVFgHR7BM402b0oUU+dUMkMYLrtsaBvO3k2euuj1euEHLhtUOxrO883DGRweztSyqs7no8WQcRmMs7mzysMPjAuqhp2z+M7SuSzDoP6llOrvVERERLYICoBFRERERERERFogmBUchD8ffTiT7112GWeecSbnnnc+FZ0752zZgihrs+Kco7JyGdOeeZoVK1bkPGcadquN9gnfDjz4YHbfbXeMp0B9w8gO7zXY3DbMHkFVbtj62LcZdktZzilP0QeHNQTtiBuW6zqoNdBlteGlakttVE3rk638hbDlsQXr8KwHXgbnOTxrCgarLvz+Cz52wfzhOIkN5xLbMPw0LmeEsclbVxy88qjrcxDSJiqKI9HnJtoDcA5nCoTADpKDiJ2XmK0chcuegwzxDGDPhsFwnmWaKNTFZ+Zi+PattaysrcA6i2cNzgb7mejrhcNZcGTwMrDPwNXc/f1ebN2lwIUVERGRzYoCYBERERERERGRYsXhj4lnA69eVc1v7voNDsN5551Pp4ryMLjc8sLf6JoYY/jfx//j9ttuZ+nSJcFzJDoLF9rfQJeuXdl116GkPLWq3SDiWzX6s4bo8bANsk3Mw/WCtsI+4GEwzoZ7NEorKXEe27oM+/t1rDBpjPXA2SDAteF9EGWdFrDguVoGpkrwKCkY1eZdf7KNNEF4a1yw1uRo36YOEfedhuxfKeSEwGFga0xYadzc93jUhjkIpYMW0GS/CYwJw1+IUmSTLRHOezhnAOuRdrCsthOr1pYHz0XBcdimO3jvgrnLxmIysLK2JsiFRUREZIugAFhEREREREREpJWC2adQV1/H3Xf/lvLycr5z9tmUlpZu5JVtPNE1WbxoEWuqq+PA14uqeQsEcXH2tn6XJ8WIejo7GlXCOmOKKm73TZrDuvgcUF5BxlisAYwfB78mjDszxuJwpKyHcaVUGIA0zhSuAo7kZLGQe/OEIW7LM89kyEvi9Uc3cmtmCifXRTaw9k0c2sbhcLGHiSqVncnOPY72D48ffQkLVimLiIjIZksBsIiIiIiIiIhIK+S0J3aOupoa7v7tXew9fDj77b9/XAm7JTHGxAHw/+bOJZPJtPwahNdtS7t2G0+iSXJUZZpTqh0GjHEFcDZUjHbLe1TnKDf1lPse1gM/k8KzDuvl9gA3zuA5Q9rPYE0GP6wOtskZvE0u3zQKPnFBAWyjmcJFJqEGsuFq1MU5CoGNCbPhAr3MmzumF724qPzZJNZYTLSc2NILP8qY7GxhG75443DhDGTjgnbYIiIisuVQLx0RERERERERkXZggJUrV3LP7+5m9erqjb2cjSIKf9PpNPPnzyOdTm/kFUnLJKq0o1nAybm1Jqx+LSb4dKU4V0qUKtf7adJehoyx4VsmePMy1HsGa3yM84Ng2flBC+eWLLthFbAJ5wAXf5Rg2Q2P6dHoegTzhVt44OR1TB7TuNzrXOSxTHKfhmv0TaLVdLi9/p5CRERki6IAWERERERERESkjeK2ts7wz3/+k3++/DKZzAYMP13xb4WeavO5E6pXrWLpkiVYa/Pu0tEVvHwtuM6byghoF/4vZ72GbBvknODSYOK+wi6uBG78Uh3Gq8eYejxnKbGGlPPw8PBt7pvnDIYMvnX4YeWqDUPWQivO4YVr9UyDYDVYtCmwW54rkK0YToaq+T6Oy6ALHzPvk6bxmwmrqvGSlcBNiHpeJwPfOJxOhsnZr58q6kVERLY8CoBFRERERERERNoqDFgcjvraWu67bwqrVq7c2Kva4IKQyVG57HOWff55XBEsm4CwK3GUHcaPJcJPZ4KA1iRiyvxf4mxaao2HNS4bxDYKQcNw0kQdmj2McTSeAByEqsnK27hddTSzODG7N19+XbDCNt7AYfDC45FbBR19HG/eTKBqbLhN0IvaegZ8GgW1LlGlW3QD6DjgTaw9Gf56NArEXYPW2yIiIrJ5UwAsIiIiIiIiIpuUlhZhtrhYs5UVnME4zyBhmT17NnM+nrPhAtA8lYWF3go91R6ccxhjmL9wAaurN9022AUvXwuu86YStuUsNcpPjcmtejUNnstzjHxHNkThrsk9Wb5r1GxKG27WsFI5CjuTYXXyfWs1DH8NOccs9jvbNPzMMw3WG1xr0/B6FBT+49TotSaO2agyuPFKREREZPOW2tgLEBEREREREREpxFpLKpXii1/8IieccAJlZWVgTFApaBqkRy0eyhlIp9NUVlby3nszeOnFF1ldvRpHvgrE4q1ZVc1/332X4cP3xff9dmu/GgXK0fGiz6PgtdjzJI+TDKnbY53WWhYuWMCatWvbfKwNrWFgn7w+xVybQl+fjt1+N3dtNhkiOsAmPs6QU6lasEvzehbV1Wb/oiEMRKO1Ru+jKtn4gQIcicvgwnbMUV/38DzJ4yYO1dxXNl4nUZVydHzAuuyLackt0iCMjr8+0TEhew4XVGmbFoThyUshIiIimyYFwCIiIiIiIiLSITnn8DyPTCbDa6+9xieffMIJJ5zAVw4dydDdd6esrFNYWNi2cC0IT4Oso2ZdDU/87W/8/p57+HjOHILEpwgNlpBOp3l3xrvU1dZSXlHRpvXl0zDA9UyQADnnig6TGoa/0XHbGlZmMhkWL1pEfV1dm47TESSvT7HV3AYTz8eF9ROytz+Te9+YBh9H/OgBlwhhN6xGhbJREGoJWjcnAutgPnGRq4y3D0WhavRgwwzZOIwzOGeaTMJz/omKFx+FwNmQNjd1NU18HwdPRIXVLvmFiCqBo/VCcE2cwbW0GjpanttYX2kRERFpCwXAIiIiIiIiItJhOefiUHLRokXceeed/OHeKewwcCDnnnsuRx55FKWlpa3KgONQzmRznk4V5Xx9zMkceuihnH32WXz4/n9bvfaZs2axZs0ayisqWh+s5sldMukMCxYs4JN5n7Bg/gKWLVvG8qpK1q5eQ119PTaTafJwUatqP5WiZ88e7LTjTuyz7z7sMmQIqVQbflUUFjPW19ezePES6tPp1kfzLWnB3R55auJca9euZcH8BXzyySd8unAhny9bxqqVK1m7di319fVgm/6jgOjrXFJWRu+tt2bw4MHsu9++bL/99njeJjCNLQpBTVS1Gj6eDBmLkBO8uuyxClfWu/DLbohmDDc/ZzfRkToOgU1QBdvqS23C4xpc8vxRIJzIbQ0NXmdS8uHo+98z2esK2UrjFuWrJrsGz4TlvYk12uxmwTUwiTbQ7UBZsIiIyCZBAbCIiIiIiIiIdEhRkNYwOF23dg0fvv9fLrv0uwzaaSdOPOnrnHDiaLbu06dFIWvDbU32CXr32ZrzL7yA70/4HjVr1wbZVZHHjrarXLaMz5ctY6vevfMGf8mq0AUL5jPvk7ksX76cyspKKisrWbF8BatXV8fBbjpdT1VVFQsXLGTdunXxWnPW3gb9tt2GI448kqOPOYbd99iDTmWdco7c6PU7x6JFn3LuOWfz0cxZOblQ0eNM8+xz7Y9/zDU//nGz22+11VbcMOlGDjzkkHj/3OUFK6qvr+fjjz9myaJPWb68isqqKpYtW8bKlStZvXo169aupb6unvq6Oj77/HOWLF5MXVi93JZq3fh6OEeqpITBgwdx9DHHcvgRR7LjTjvh+3686o1ZFOyi1sSQDTyNCytHCZZoAQzGmez4XmfA2DAAbZAwOodx4IzBeg7fejiTxuGFp3LZoDm8UM5kS2yNc9hGYXFw5mRBqsNho3nFjjD8DQ4T5aLGJfbL19rdmGBNxoXvDXgZnB++7ihQdeEaEpW7Dpu3t7IJt43O6YzF4QVVuJ4L+2yHwjUbr5nvZQcGhw1frGfAeRbPBtW9Lq74DdZswq9h0P7ZhrOYCx28MS+aKWzii527FgXBIiIiHZoCYBERERERERHZpMQFidYye/YcJt14I9tsuy3HjjquXdvrHnLwIey+++68+e//4FyRraATqqurqaqqyqlibsgYg7WWKfdO4S8P/pm1a9eSsTZsG5uNqgq1H263oj7nWLJoMff+4Y888sgjjB49mvGXXUa3bj2a3Tdfp+C2KuZYxZ6vqrKSn157Le+89R/S9WmstTnddVs6frVYyeNn0mlmfjiTmTNnce+UKZw37nxOOfVUyjp1Wo8raCUThpHxC0hUnBJkl81nfwZnHJ51pKzDGovD4NlEGa1rcArn4ZMB50gbPw5lc7jcc+RUw0aiANRrWeCZu3wvUWVL7hzk7F+K0KoTJHfLqapu/ngOyHiW8hLHrv2qWV4HS1f6VK4tyx4jzOODcNiybec6epfXs1PvNKkWLNdFs4rjtgEU84UXERGRDmIT6DsjIiIiIiIiItJYFKjaTAbbTFvelh7XGEOn8nKOOebYVrdFTmcyVC5bVji8DWfDGmOoq62lpqYGa21YSxm0ds0XHkfrazcuPJ8N6j/XVq/mgSn3cdH5F/DRzFlBNWf7nW2DMWGAbq2ltqaWurp6rLXx49E19AoE8+11jaOvs3MOrKPys8+46VeT+OX117N0yZLiZ9SuT/nKt73ozWUrgr1stXIwGjd/aOlMECCmfajzDbUpizUGZywZz4VvYD2wXhAQZ4yhzjPU+Q5MmqbTxmwPZuMRBJVe1Oo4WKeL3zd8gUWKKoujaxFVw8YvueXHNF543HBt8TX1cguJ8995Bt96lNgUe/fxeOrSXkwbX8ZJe2cwxmZfv+/AWHCGTiWG848wvHRtZyaf34Ne5cWv2UWvP3pTya+IiMgmRRXAIiIiIiIiIrLpWw89dA0wbNgelJWVUR+2BG6p5cuXFwyA850x2Z7WRNXyF70hAAAgAElEQVSN0ecNW1a392tucLw3pk/n6quu4sZf/Yptv9B/0wuBw8pFk5wp26CteKE24+0tPn64nrVr1nDflD+yenU1//d/P6Jbj+7r9fxNro14adkqz6hdcBz6mUQVrGlQDZovBA6erLQpPkzDWs+RIVFAG1X/uqCpscVQYsF3PlunPPYszTSbN8ZjouN1mtwK3Sj8bU1w2bDyN1kBHAXirQ6Vo5bKLtuymiioLlwPbg3Up8BzFmOCnDdlIYVJrCcKxsPzeI4SY0mRCZddXFV09romXrdt+HUXERGRjkwBsIiIiIiIiIhIHg7o1q0bnTqVsbq6ulXHqKmtbdkOGyFldYXO6eCtN9/kphtvZOKVV7JV794dqlNxSyWzzI23iPC9C1qYP/vMM+wyaGdOP/NbdCov34gLKyAOgskGoeHg3mz1b+NE0AAZDK+n01y5so6FphST8bP7WRfceJYgWLTBMylbzwkVcEe/EsqiIb55jt3ogThVzl1TXFWb07a5AJc4XFz1G64V4qA2CvNdcr9i7qn4Opqc40VzeqP8utAhDY6UBd8ZMsZhXAbnBZXTcUjrXDaszljwbNheG5zJYBrOam52rS4b+Oe8aOXAIiIiHZ1aQIuIiIiIiIiIFOCZFMakwpbMLds3yKRsTgVwwbrBDpmmOJzLMG3a07z6z5fjltSbolbWa653q1dXM+W+e3nvvRnZa+vYoAuOT+WiDsdR2pdtsxzkhjYIEY1NbNNU+ulwnqE2VUptqoya0hQ1JSXU+iXUlpRSmyqhtiRFbUkJtSUl1Pml1KTKSXslGGyByl0XZ9DxCjxHTrtqP/jY+FFlrJd9gQVef/Y6hK3XTeLRZDtsY3B+1F48CsGbK1UO0lQXHyN5vOyb84P3ha5m8LVx2EQLbpzBRa2fc47nwPdwxsN6YeUvXvG3lCOYoUx0vKi9dHBsz3NEV6BDfmOJiIiIAmARERERERERkXxMwSimFcdazy2G28IUeIvU1NTw9NNPUVVVuTGW13oNX0i+TsUdwKJFn/LctGepranZeAF7vuDRxP+XrVz1TE6lqsFli24b7OwwwRzZaJ5yspI4OmbeObvBuQpWpjdYYtwqPefYpkW5pIn+34TH86IWyol1Jtea3KeghiXnccJOTovtKAA22ddT6JoG1zX33PG2yWsQrtOYKNY2cZfsFskTVJtwvnJHKKgXERGRwhQAi4iIiIiIiIhIQc453nzzTT7++OP/Z+/NA+Qo6/z/11NVfc+ZZEJOSAjhPgURRRRRUQTcVfAA8VjFxXN1VVx3v7ouXqisF6LCrq4/YUE8WG9AEQRhvVgIl5xJuJKQa2aSOfuqen5/VD1PP13TM5meJCSEz8tturv6qaeeeqo6W9Pver8/RFG07RWEttBa85fbb2fDho27eiitcW9eUKn3013dETqBRryyWZa4X+3yaai3Vp92BUpHDFbTTDuevG8j+qrm7XhM4k6eZs8qEYI9Gn3HcQGNZu2q1+7YnGXaiMu0d/9DUw1g97V7jNx2giAIgiDsdogALAiCIAiCIAiCIAiCIExAGecmMDg4yIq77qJare7iUe0ZmLk187v+qfU88sgjyYe0p9Y9HSgFnhc/VCqleqq4ah3X9tWestHMDbFSxw9HBG64fluLwI1p0XH8cNr16ps+HZG17X11+zT9pPqbnkY9sWMbV52KlvaII5fbPOZW83ZjoAOsSK3U9JzULTs2x8gcN1do9lWTECwIgiAIwu6HCMCCIAiCIAiCIAiCIAjCpCil0Fpz7933iAC8kxgdGeHR1asJo+gZUFK1XZXScblO+jCC6PRE0EkjkHFee3EEsp5xQWXdLHo2uWzbFz7tmI2L2nEux6bnmbvrtSsm44zVzOtMcB3VXurRyrUsCIIgCMJuRbCrByAIgiAIgiAIgiAIgvBsRGttxdW0mGI+A4XneXR1ddHT00NnZyeFUpFCoUA2myOTCfA8f8rtKGBgYIC7776b4eFh2quO2uhlw8YNVMoV6E7GmHwSEdd7Na5MhQKtGzG6bRDPhWpsYAo9UBtJTbeOojX1dN26utpaVhvCdjaXo6urm67ubjo7OygWSxTyeTLZLEEmwFNT+yeiKOKpp9bx4AMPMDo2NiPzbhjWGejfTLVaoVAotrn204dx38b1sY1gOXlxWW1jiJM2nrOKWd1rvFZq4nfBpbFFZ3vuOeY5q4bxkVCtC+pOguMs9hybr9mGcQJDsmNTfZfMNhsnskq7Zo24GrnNt9WvG+isQEU0Ffj1ddKf8+WZSc1e43yOkm2acat4iHaEM6ktLAiCIAjCTkcEYEEQBEEQmrj7kadYs3ErW0bG2TpSZstw49kuc95vGhwFYHZ3ka5Snq5Sju6OfPI6T3cpz6yuAn2zOth/cR/7LpzF8sVzdvFeCoIgCIIg7Hqs+Asc/dxjyGQDMpkM3d3dzJo1i3nz5rNo4WIWLVpENpt1VyTSkY0PNn21QmsdmwCVYuXKlZx33t/zxGOPzmi842PjVKqVpmXFUgenvOpUjn7OMcQikaZarfLHP/yBp55cmwxu+ttQSvGco49hv+X74/mthTBPe2igUCwyf/6CZL3J+yyVSrzyladw5JFHkc/n6enpYfbs2cyfP5/Fixczb948/MC3nTTE921jaiKHYcj/XHMNX/jC5xnaurUtPUwpRRiGDI8MEdbqqEIbK+9ClIoSLbS1Sm99t6bWrRHirbCaPEfaESvV1PcMmFPCaJ+A9jVESf9GIU4ctkqpJkF+urc+WNFaeY2VNBBi45vVVHcn2K1GjvNXOaKqEZQbc+F5riXYVYS3MQHGlWvmMUz6RaM8khs+ovZEWiOAJ/00ac5aOd8PUX4FQRAEYXdFBGBBEARBeJYyMlbhrkee4s6H1nL3w+u4e+U6Vjy0bsb99W8do3/r2LTb77twFvstmsN+i2az3+I57L93H8ccuIi+3tKMxyAIgiAIgvBMwnWmnn76qzn99NNTLUzErWpqCzoRi5pdrmnR0n6mAK1ZtmwZZ575Or72lS8ThvW2x1kP60Rhc0xtd3c3733ve5vGNjwyzEc+9CHWrl3blhs2Fgw1p552KmeffQ5+4KNbSHYq5WG2ruNJ6O7p4dxzz01WjkWz5vk0tWybHdhxczWpIKx1fBy01gRBwGmnnsrtt/+FX/7850RhOM29jvvRaKIoarm/z2RM2rF1zaY/hGZXsF2+DResTn1qnKrGTevFDYxTdfqzqhpCpxGtXYdrUg/X9Nm2/OmpRvyzcdaiEofujHttCMGauD5vpBuT7zU76qfdpWMyttuARgS0IAiCIAi7NSIAC4IgCMKzgI2DI9zx4FpWPLSWux9Zx4qH17FqTf8uHdPqtQOsXjvAb/7cvHzZotkcf/gSjj9iCccfvoSDlszdNQMUBEEQBEHYyUwUFSdXVSZzpE7lVJ3wmdbsvXgx2VyW8bHpC8C2H02TQDlBcI4Xxsvbit1t2hoolTgw1QRhtx2JrGl8qbFO1+E7VVuz3IjEpVIH++y9N0EmQ7UNAVjFBWDRe5b22zhGyemgJ3yYiKuRahZwJ3QwOeY8AdVaBJ6hUGk1aJL+dCKq6iQC2jzauMVBm+bGAewn43Sc0XpG4q9uFpR1sg1iA7ONPG+zW21rChsVvSFWN5zFgiAIgiDsrogALAiCIAh7IKPjVX53xypuvP0RbvjLIzzw2MZpr3vYsnkctf989tmrk4VzOpndVaBUyFDMBRRyAbnAJxN4+MmPCZ7jioi0Iow09TCiXAup1SNGyzVGxmtsHBzlkTWD3LNqA3/86xpGx6stt79qTT+r1vRz+bV3ANDTWeAFh+3DCw6PBeEXHbV0B8yQIAiCIAjCnk/aUKkB5Xk73rznbkiD0h6Kqevmbqu7bQm9mham0nRjpwM9RbMdhgJvZ8zvMxQrj5r/mGLNkXHVmhhkt2atRiuFtoWdm0lHOStIRErdXEfXuGHTwvN0maDr6oYYqpxlbRztJkdtuu6vEcRN/eGZGIGt8E08x4lTt80y3JiRTHAAm7hqlaoBLAiCIAjCbokIwIIgCIKwhzBWrnHVb1Zw5fV38vsV267rNqe7wEnPWcrzD13EQfvMYf7sEh35DPV6LY6hc6LuzOtGBJ5uRAoS1z6Lf+zSBB4EniIX+GjtMbsjwPNKsE8PLzliAXAIAH4QUK1rhsfrbBgYZeW6QX5220P8fsVjTePcMjzOtX94kGv/8KBd9uZTnsPZrziKk5+3/46ZPEEQBEEQhF3NNM2KVnSZiVEwcdbuLOFGOaKVMSVuF8lAJ+yqan457f1RJC7JZmexxrg5Z07s4t3TApy3h5SXVTmSrXWrup9jRds4jnvqvt2oZrsdLz6yWicOWyd6Wqvpf7+0GQ8kKqgzGCtmu42m6M3tzOxjk1Db2IzyZvClNjQJyiqOgd4eAZzEXe3Gc5uOHCF8O782giAIgiDsREQAFgRBEIRnOH+67wm+8/O/cPUNdzFWrk3abr9Fs3jDSQfzgkMWsbivRDZoRNaZ51qt2lTnzNQ1M7jLlVJEUeOXG7c2nVKKMAwnrOu2i8IQH01PQdG7qJMDFnbwqmMWEQQZNm4tc8fDG/jhTX/ltnuemLAvV1x3J1dcdycL+rp48yufw9tffSz7LZq9HbMoCIIgCIKwazEVQN1rqigMGRgYpL9/M+Pj44RhWjVrfyurV66aUMd3u5mQZB3Fj+3ozjpHmULA2pa4lYhhWkdNHZm5rlar9Pf3Mzg4SLlcRkeuJbMdNCrpdd3aNU3XyM9mPDT7eoqz/IinVJXbdMBj+A1h0YifQM6LeL4Xsb8fcqSfmFcnUW11ojrGTnOF9u0HiXis7HtQcT86PkKTuWEjGn1qBZFHHNGsk0LCJl7Z/nmjkhsemrzIzhjj9p7WaLzY2YyKY5XdGsCJmBrRKiI7hTnfzX9UFLulfRouaBtVnfSbOKrRXtx+kq5b4iU3ABs3dTIPOonbTm4VbqdHQRAEQRCeRkQAFgRBEIRnIEOjZb537R38x0/+zP2PbmjZZk53gbe88ghedvQSlszrIvBip65bw8zzPMIwbDh4JxF9tdb4vm/fuyKw249ZL4oi296sA81is4vbVxSFzO4IePlRCzj5OQvxgwwbtozzl/vX8aObH+CP9z1p11u3aYgvXHEzX7jiZp578GLefvpzeePLj6CrlJ/ZxAqCIAiCIOwi3OSVjRs2cNWVV3HNNdewfv36pmulmeJew/nPKtuedkT1+Lr2/r/ezxWXX8GNN97I4ODghDVmMteaqCFcb/eY9ww8NIcTcnAGBrTiQ1HIY0aMBKvy60hTjDRvCSLOyHj4OkRpn0QybdFzcxRxUySzOXaJBV1ZF/D0z3l784FbV9fUtY60PchaKUcEnWbfiiTy2mtENZPU1PUUSrUvqMZ9JoOKaEQ1G4F5pieknVsTS924I6P5KyIisCAIgiDsjogALAiCIAjPINZs3MrXrr6VS3/yp5Zu371mlTj/rBfwkiMX01kInChnjdYTf8wy7gTP86zwa0Ti9PswDJsEXPczsyyKIrueEX3NZ1rrpvamjYmWnsxNHNZrzOkIOOW5iznluYtRfobbH1zP56/8A399tFHb+Pb7n+T2+5/k/K//inf+zbF86KwXsaCva0dMuyAIgiAIwk5Fa00Y1rnrrhX89xVXcMvNNzM6NAwkqbEqdrFujwiskzhaZXvd83FF72q1wm9v+A1XX301d925gvL4OJDoYxPmtT2BXOtG3PH2CvV7DgqlfUKIRU2jyyYx5Fac1DqpU6vRnordqoDSIZPZYOPywDq9OMZL4p+dGsAzGXtzrd5Uf97MYpWtWKxIHPITxzmTfm1hHnMPbyIqk4jKMyoCbMR1j6TgbzJuT1ujsXYbC4IgCIKw2yECsCAIgiA8A7h31Xq+cPnv+OGN90yI/usoZvng647jtOcvo7cUNCIDE0E1Xce3FQ33bTRp5LNxCEdRZNsZEdh9Ntt3X6cdwO74jEid3qZZ3xWJIf4x6Jjls7nmgldTriuu+/NqvnjVHxgcjn/EGxmr8JXv38rFP/xf3vCyI/jom0/ksGXz2p5zQRAEQRCEnY173faDq6/m3//9IoaHhvAcH6lyhLPt4dkqTGqtGRwc4PMXfo5f/OIX1CvVpmvLHYESAawlWit8NFrVqSuPuhfEcczQrBl6sb4ISRSzBq1iF/AEcTFVBFuZYtOKRPhUiQhM/Gzdug0z67QOl+ssNv01LVdtdOas66nEney4dJOulBFdnf3bdockdYV1PImmjrDte4b1rY34axzUZj6Tfm29YjMNgiAIgiDsdogALAiCIAi7Mb+87QG+8v1bufnOVRM+O/vlh/L3pz+HhbML1l3rCrhpQdYVctPCbFrQddu7Yiw0O3fd9V0XrxsXbXAFXRMZ3UpcTovRaSE7DEN830drTT7QvPaF+3LGCctYNzDOZT9fwfd/e1/SLuKqX6/gql+v4KRj9uMDb3ghp73woB1yXARBEARBEHYUY2NjXHbZZXzvv77L+OhIoqck11rsHG3F23aTPYbBwQE++5nP8Itf/Bwdhi3bbO88p1OIRQ+O0V5EBASRT0Z58XnnJROULpOsFZ4OCXQcHa2n/MnSqI6JD1iphrhq+nWctTN161pB1sQqR4nYHBconnZfKc3a5FI3jzMRW2dy6sR6tPOtNvNgBVwzijbVWtcB3CSIN/qW010QBEEQdl9EABYEQRCE3YxaPeTKX6/gy1f9nr+ubq7vG/gen3jbCZxxwnICLxZV6/W6FVANrtBrRFQj2roRz0CTAyJM/SjmuofNc9pJnHYYmzau+AsNkbhVHWBXuHaFZ6WUFXsN6Xhps/783jz/9tbn8//OeT4/vuUhPnP5bdQTt/RN/7eSm/5vJYctm8eH3/Rizjr5SAL/2fTTpyAIgiAIuw06/k8sX0Vce+0vufy7/8X46Ago1eQmbRIWhWljrhVHR4b58he/yPW/+hWEUTy3LSZ0u+dZDlJL4nlVhMllt6cU2tS4NcKqiRf2VSJiRoCfRA5PlBdjh2yUiJJxlWArdBol375W4MXfqdh5PJX4qRpiptbx0FxxVid7FGnbHq0aZuAW+w6qyTisiXeNKBFoI2dISqG9pM8IIk9P31muElcxaRE4ariVVYRW7RUE9nDmwFiUzbitsD5D1VoQBEEQhJ2OCMCCIAiCsBvx81vv50Nf/QWPrhtoWt7dkePC817KSUcuSn6aaGCE07SrF2Jh1Pf9JmHWCKvpZdDsEjZ9tRJ93ffudo1b2MUVdN32ky0343bdv+m+XGyt4MQZHHiaN5y4nDeedCA33bWGf77sRraOVIA4Svttn/oBn/rODVzykdfwiuP2b3kcBEEQBEEQdhqODnXfvffxzW9+k7HR0V06pD0J91rxN7+5gV/96ldUq9VnbQT2rsfaXmNN1gqKJBbbdCvV9H4CWjXq52LMtI4IaTTkKTuZilhU1o2C2c27EheNnn5Z3Ql9JGKtdS3TiGueqZKavoPBzK/Ve9XMnLp2fe0eoLi2sJ1z8QALgiAIwu6KCMCCIAiCsBuweu0A533+Gm76v5VNy/eZ38NF734ZRyydhdYR6AiUIgxDG9mcFlRdfN+fEOmcbpOutevGM5sfytLbAZrEWVdQTruLXRE5HTPt9ueum3YYt6pf7EZRu4JxI7I64qVHLuQv33orK1b389Fv3cgT67fY+X7VP36H0154EF/70N+wZH7vtI+VIAiCIAjC9qATLaVSqfDfV1zO2jVrWl7rCDNDJQr7yPAIP/3JTxgVcX3XYcRdN/rYCIempmxiJdVe0yqTomjUCzbtlRFSjS7sEzt1tU62Pb2Qb5WMUZvoZ+uepRH/7NTsbRszTs/5rqdqC2ul0TP5t8BEVKtkcJrYaez2NROt1uxz+tntWjRgQRAEQdgtEQFYEARBEHYhY+Uan/3ujXzpqt9TqzfilxfP7eQr738Fhy+dlYipjfq7xtULUK/Xm2r0ug5fl7R46752xdhWsdCuK9i0dbfjLkuLy+62TFszdlcoTtcibvWZee37PmEYWrHXiOFum3Rd4SOX9vLrL5zBfY9v4f1f/TXrB0aAuMbyb/78MB8950T++a0nkc/JpZEgCIIgCDsfDTz5xBPc+X93xNHEIv7uWDT8/ve/55GHHgKQ+d1FmFk3Scex/quTGGdigdJLxMpkuSZC402pJ6b1V9uf+ZMgSjbmJQnTbY06iZVO1m+KlTbbMELuTFA0HMCmDxuxrJuatdevjkVgnTxHiVPaCNmJ8bitubD7asTl5uU7oz65IAiCIAg7Dil+JwiCIAi7iB/eeA8Hvv4iPn/576z4mwk8vvnhU/jtl97IYUt6CcOwSWx1XbJGeHUjnlsJv+lI5vTnps6uK7y2cu7W63W7TbfmcFpwNvWG3Zq+rZzE5jP3ddo9bMZo+nUF38nauzHUbk1jpRSHLenllovP5pIPvoJMELep1kI+890bOeiNF/GTm++b8pgJgiAIgiBsL7EWo7j3vvvYsH7DdM2JwnRINKrx8XFu/f3v2bp1664ekTDh5DbiqmoIjCpx17olalUbXwobzZx+razpeLojNaV+42GauGYazmXltm4Dp3Sw3Xf7cATnmeARu55dh7XnzGn7o42HasXj1PExMdAzHK4gCIIgCE8PIgALgiAIwtPMg49t5ITzvslZH7+StZsaP0q97ZQjuPu/zuWkIxYCTHCxtopuNq5c1wXrunKNcGuWuy7dtLDsxim7omq1WqVWq1kB1qxr2pntu9toJTqnHb2uwJwejzuG9H65n6fnyGDG6ft+07x5ngda87LnLObu75zL60862H72xPotnPnPV/Cy9/0HDz2+adsHUhAEQRCEZwGaKArRRNtu2nJtEhGquUCnQrPijjuo12ozH9kU6SvbWm9PJkIzMNDPqpWPUK9Pd35NEdao6Ro1fb06ZQ+68RBidNOrFnc6WDestsnFRm9lyu9c/PeBiVN3Xa6xuJo8zLKmzbY6QK7ztlGUWBvh0wqgsUirPAUqtgdP//4NZ+fsQ9EksKqG1XjqUaawzlwdP1wh3AjByVjbQbtuZbMdzwjDURJVPdM8bEEQBEEQdjaScygIgiAITyNf/v6t/PM3rqUeNn7QOHTpXC47/xTmdGaJf2TUNgrZdcy6Aiw0BFNo1Pp1hdcwDPF9v0kEbeWadR21YRjaRyaToV6vMzQ0RHd3t/3xK5PJEEURmUyGarVqI51NPHOtVrPbdMfoirvpmOd0neK0o9l1HLvz4LqhjditlKJer9sxuKK0aev7PjoM+fTfHc97X3M07/7S9dz/WCz6/u6OVRxxzle46B9O5f2vO35HHXpBEARBEJ6hjIwOU62UZ2x3y+fyTe8Vilq1yqpVq4l0ZBZOG3P9VCwVWbBgAbNnzW667pl0vaQuaP/AAKtXrWpKStljSLSogcEBNm3eNOPayspTdHd1s2DBArq7u6fRh4qFX6VYu+ZJ1q5d03Rz4rOTRPDUqmFENVHH1j6qGzHLSjfE12lg9FOSWGlbm9bkNXvEscVNfbYSK+M2ylGLVTKepsjj1OFUZj+mMU6NE0XtumihIQJrUCpyLMhT92maKOP69VS8kciMPXmdOK5VYo+f7rfBjNnGSpuFkVmeFALWSdS0+IEFQRAEYbdDBGBBEARBeBoYHBrnrE9cyQ1/ecQuKxUyXPaR03ju/nOaXLBGqDRiqSsGG9JCsBFxjThqYpBdx65bw9fzPCv0QiMquV6vk8vlGB8fZ3h4mHq9jud5DA8PMzQ0RLFYpLe3l1qthud5+L5PpVJpqkNsPkvX5U2Lu+5y09bdb/M+LSKn+3AdzGYM6f7c16a9Ec3n9eT56Wdew58e2MA7L/oVlWqdWj3kg1/+Ob/508P89wVn0d3R/MOtIAiCIAjPEhQ8+OCDjI+XZ9xFV3c34F6XaEZHRxkeHp6ZW1TBwkV786+f/CTHv/B4stls3K9bp7QVOhaFrrv2Wj720Y8yPjY2g40/MxgZGWGsnf0zolsS+/vCE17Ehz78YQ444EAymeSns6lEYEdn/MYlF3PZpZdSNueM6GJT47hLdVON2ulNXKy7J2094tq3hsQJ3Pw123a/2rTzaAzIMbtuV2q761SOcARw5zGjfpMReclGjD5thPYZjFOZqGqj75pxekz9fRAEQRAEYbdAIqAFQRAEYSfzp/ue4NCzv9Qk/r7hpYdw53++nWMP6GsSJl1x0oiapsZvul6u+9qtiWuWuSIpxCKvEVfL5TJhGDZFKRvhdM2aNZTLZdasWcP4+DhPPPEEN954I08++SQDAwNs2rSJJ598kmq1yvDwMEEQkM/nyWaz1JIYQ1eoTUczt6pn7I7djMnUJjb7n677m452Ttf7TYvpbt/QLEpHUcSxB/Rx13fezhkvPsj2c+0fHuTwN32ZOx5csx1ngCAIgiAIzzTM9UKlUuX666+nXq/PKDrZ8zzmzJ6dKo8Rp5XUqtUZjS2TyXLeu97FC084gWw2h1KJyqNcBanFQ3nPqIjimUZcA1RrVXvtOz0a89TZ2ck557yZQw45jCCTiaN+lcfUc6uSuFySWFxhWtiatar57x2tsBM6CTZUWoF269PaGGT3MWVXEzpWbr1fW6c36SuJcDcC6LS7tjevmtPJGaen4xq+Jrba7OA0xqpNDranGvHP6Xq9M0S7ffk01xXeXsFaEARBEISdjjiABUEQBGEnobXmC1fczL/+x28Incjn7/7Lq3nBQXuBjpruWE8LlUa8dIVU41pt5aR1t5vuLy0gZ7NZtNY24lkpRTab5bHHHqNcLtPd3c2jjz7KihUrWLVqFdlslrlz53LwwQczNjZGqVTiZz/7GXPmzGHu3Lkce+yxlEol6vU63d3dVCoVstksYRhSr9fJZDI2KtqIta3G7zqC3VhqMyfufqTXNT+spp/TbmEzh6ZvV3oFKuMAACAASURBVCxWaD77juM55bhlnPuFXwKwZuNWXnDuN/jce07hw2e/aMbngyAIgiAIzzz+/Oc/c8cddxDpaEY6R2dHB7NmzW4WIlV8XRPpaEZqbLFYZNmyZQTBnv2TzvboSnpC9O801wN6Zs1m/oIFbVkm7NZU473QBia9uM3vg22t1MQTZoJAuS2LvLNelPyNlnYAQyy0QkNc1m2cqcqI1rq1Azg1jLYw9YPduGrj1DUFltvtMplWbdb3VBKr3Rig6L+CIAiCsPuyZ/+1IAiCIAi7iM1bRnnD/7uSm+9cZZftu6CXH33qtRQz8fu0iOsuM6/d5Wnc9d1aus0OE5o+q1ar5PNxnHG5XGbdunUArF69muuvv55Vq1YRRREbN25sElB932flypXccccdLFmyhHXr1lGtVhkbG8PzPDKZDEuXLuXEE0/k6KOPpqOjg97eXgAbI20iqN2awekax0CT8N1qn10x1zyn5yIt+k62vXStYfP6+IP34o5vv4MzPn4Nj63fQj2M+OjXf8UNf36Y73/6TfR2FSaMTRAEQRCEp5/m6wXt/HfaPdDINgWbQwsMbd3Kpd+6lNGR0el3mmo3a9Ys5s7tm3Aznp6uGNUCpRRecj3VtOkW1z7uOjN1086IRBGddg3eJpEtLm+i7cLpzFV6X2kUXW1zmn3PR3kT1d9W85cW9p8WtHamS5nyubGoOE33sdagtKl7q9HezM/HHYYVa7U99kq33if3+2ONwkZIdcVPTQsjcbLQLlNmaWo8ulk8bjrW8frKOJWNCze9HXRsT07mWmGM+qoR0Rwl//4kLt4ZfUtV8h8nTtviNffY1pFWoE0N4Eg1nMaRMx/p6RQEQRAEYbdBBGBBEARB2ME8/MQmXvq+/2DdpiG77B2nHsXH3vQ8olRMsUtayHRdwEaMNbV+IRZKjbhq+jJOkFqt1hS/PDo6SrFYJJfL8fjjj3P55ZezceNGqtUqmzZtYv369WSzWSvQBkFAFEW2TnAQBGityWQyrFmzhmXLlrF27dr4xzkd17G79957eeCBBwiCgFwux+LFi3nLW97CwQcfTKVSoVQqAZDJZOyPoGZ8YRiSyWSa4qLdWOr0clfITZOeQ7Mv5rO0SJ4WnM1zR87j+i++js/895/579/cA8ANf3mE57z1q1z/1XM5YJ++bZ0KgiAIgiA8TSgiZiidoHWUxCjHgk0URfz+5lv45je+wb333JOU1GxD3tCxxKJRHHDAQZRKpRYiqLLt2pWsy+PjrF2zhiOPPLKlC3iym+jM85atW5uurXY02yM0J/ofjz36KLVaNdm/NrJ7MVpcm3KU03zL1kH6+/uTXGGdHKrJ98l+piPK5XGGhraid+L8QkOLi4VFj8iLz7htn0oarSK0p1BaEeLha52IwTZUGcB5//RIezq2muJrDSpKRNJJdkjFgqpJI9Ymmti9Z0ATT5SnGhqoaj1Hyv7r0djnSOlmUTlx1sZdaCKVCNWJOzb9749p40ceqIhIQag8Il/H/fk0O4Ch/fhwlZzrJkbavZEi+adFexF4OjEIT/94NsRqs16yNFIopYnMn1NG/BYEQRAEYbdDBGBBEARB2IHcdvdjnP7h7zI0WgYgCDx+dMEZHLioa4L4a8TcVi7eeN2gZZyzeZ+ORq7X69RqtaZaudVqlXq9ThAEPP744/znf/4nt912G+Vy2Yqg2WyWIAia1jFjzOfz1uFbKBTwPI9CocDg4CDLly/n4YcfZmhoiEwmw/j4OOVy2cZJ9/f3c9ddd7FgwQKWL1/OO9/5TpYuXWrFXne/XEE2XTPY7J+7bDLXtOnLFY/T7mAjKKd/iHU/N+8BPn7OsZz2guW86dM/IQwjnli/hePecQnXfuXtPP+wfdo5PQRBEARB2Ik8tXYdDz/wIMprT41QSjE+Xqa/v5977rmH66+7jtWr4hSX+DpiJqPR+EHAoYcfTi5JX3E+SsQVNakgNRXlcoXvffe7HHrIIey7776N6yinnzAMqVarcWLL6CgPP/IIt976e2644QbWrXsKdLhTNRsro82wHu7vfncTLznpJRx33PPJZfPbPAZ21912Khbh2hWDt2zZwi9/8QsOPOBAZvX2xm7g1DGq1+tUKhUqlQpDQ0Pce++93HzL77jttlsZ2Ny/k/WweI9i4Tai7oXUCKgrL3HyTr2upz2UVnhK4+kID40HhASgGn+vGBl4VzHllnXD4D0h6tm4a9us/TvhVgwrfKqmuGatQlBRUr7XR3vxzSc6lRmuUahkrut+lHzvjYtWuyp+I055htOtbC1l4nGafuwENXaqndsptAdKJX5sL/GLJ2Kw8pt0ZkEQBEEQdkNEABYEQRCEHcT/3HwfZ338SupJvd/Dl+3FlZ/4GwIVtqxb6/t+k+ibyWQmCMHpiOJWy41oq7Uml8sB8Y9+Y2NjjI2N8fDDD3PLLbfwk5/8BN/3qdVqFAoFarWadfuaurzmx0IzNlO7NwgCenp6KJfL9PT0EEURfX19PPXUU0RRxNatW6nX67Y+senb8zw2bdrE2rVruemmmzjppJP4+Mc/zvj4OD09PXZ/fd9vEsTdfXTF4cninw2u87eVw9r0YebNrR+cjpd26zEfsbSHFd9+B2+44Kc88NgmhkbLnPTey7j8k2/kdS89fPtOHEEQBEEQZox7k9dFF32Riy764oz7iN/Q5CKMk1XbUGWM6w4odXRw2GGH2fIXDWJxOF4+E/lEc8+9d/Oe976b4447jtmzZ8fXS1pRqVTZunUrg4ODDAwMsHnzJjZtWM/IyEjjmnK6sczbgac8gmBiTPWkpIbz1Np1fOyj/8QRRxzJXvPmT6PesQalOeKIIznlVafiB/6M1DQFRGHIz376E1Y+8ghHHnkU3d3d8Ra0plwuMzA4wJYtAwwMDLBp0yY2bNhApVwhlvwwyvdO1E5jx25EfL06js+viLhOK8pq2z/zKQWlMOQMT3EyiZtTg0+ITtRDrRWecbvu7u5OpRpOVWhEHicRyw1P8wz69NREB3Dk4akQrTSRV48dy9pLhNEm5RVFndCPb0QIwoAgMmNVzbV6Z0jj3y3HrezREII9570ZVhuCuFJOhHakk3PBs3Mswq8gCIIg7N6IACwIgiAIO4DP/n838a+X/dq+f9UL9ufL735xfDe4bgiPruAIjZq9xu1rhMu0Y9UVjt2HK9SWy2UGBwfJ5/P8+te/5rrrruOJJ55gcHDQxjgbN69x9Jo+jevX930ymQxdXV1ks1lqtRpBEFAoFKhUKmitGRkZoaOjg3q9zoEHHsiKFSvsevl8nkqlQhRF9mHcxlprbrjhBh5++GFe/OIX8/rXv55FixZNiLt258d8BjTNSyvx1l0WBIEVlNMCunFfG9x13Vhq89o4hnMB/Owzr+UD37iJ6/74CNVayBs/fiWPPTXI+ee8eIedS4IgCIIgtMeOEDNb1nKdYbdGMFu2337sf8D+LeOfc7kchWJx8ojbbaA0rH5kJasfWdlY1uLGuKZ1nBvodiZKKfzAp6PUMeP1Afo3b+amG3875T4ZYpFPc8aZr+eVp7yKQrFIJpud2faBWqXCXXfewd0r7tx27V9IvJ/GxjmjzbYxwCSqnNhdWlM+9yifn/uKsRa1i1vRo+BwHfFiIjIRoBQ1wNMBWnmoRAzW1k66e6nA5rYJK+6mY4rd6Gbn+9xWoLUr4huxVoH244enfCJ86l4s7mrCeKPKuGzjGfSAbOhRUQFlP0pE2cQB7MQ/KyPetskEF7QRlZP3Rhxvt3vznbIruXHQGvC8hkosCIIgCMJuiQjAgiAIgrAdhGHEOz77I6647k677E0nH8Yn3/L8WABNxRC7P8y5Aq4rNqYdrOkIY6DJKWse4+PjVCoVzj//fP76179aYTebzZLNZvF9f4LACXFNXre/XC7XJD7XajVKpRJRFFn38KxZs/A8jyeeeMKOMZ/P2xrC9XrdxlSn9/3xxx/nyiuv5Pvf/z4f//jHOfHEE+ns7LTzN9mPl61cv65jNx2hHR+fsElMTjun0xHbacex7/v2uIRhiFIRX3vvS+gqZvnBjX8F4GPfuJbHnhrg6x/+W7w2IycFQRAEQdi9aOUWnIEmgx8EnPm619HT09NyK6Vikbl9fXi+RxTumHqx21N7d0fj+z59c/sIMhnqtVr7HVgXdrv1ReNr2K6uLnp6utm0ccN2SZfTnlO32U6+HDTVZj0NihBPR6Cysf94OmKc1tRQ3B1GXBOFBDoOgFZATSmiCG5XirKf2bk7sr0kaq6JJ7Yiravyeo3G2zqSesKL5G8M88ZrfF4OPf5nSPNQNcKLNHXC2AkMaJ18n5OxKK1QOqLqVVg/5jESZeMBuofKjHl7zh1PNzmVrbi8HX0qT9lEbUxkPVhncWwMnmlMviAIgiAIOxsRgAVBEARhhoyVa5z+4e9y852r7LJ/fMNxvOu0w2wUshslbHCFTCOYpuvVGpeq+SwtiLrxxLVajbGxMb71rW/x29/+lpGREYIgoF6vk81mm1y5nZ2dDA8Po5SiUqmglGJ0dNQ6gw2FQsHWDs5ms9ZB3NHRQT6fR2tNsVikt7fX7sP4+Dj9/f0AFItFW3/YREubSGhTqziXy/HpT3+a7373u7z3ve/l5S9/OVpru11XvG0l1raaTzOPk0VEpyOkgQnOY+MOTm/TdW1/6m0vYP7sDr76wz8DcOn//InHnhrkmgvfQj4nl1eCIAiC8ExlezQYrbVd97nHHsvLT37ZpNHFSikOOuRgbr7lJgijhug0jY3vbAfv9hLf5BiwZN/9yBeKDFe3WhHJ3c0p98K6NqdXszS58kOh8FDMmTWLhfMXsOrhR9oe/4zm92k+JCpRI7Xyk8RpU+t4OicQjAY+P/AU10TRhM8AQuVRU95u6+40rtfGHutGrHKqgZkXpY1A3kIK1q5WquI6v55GexHgNwvLoaLiKX49qvjNcLKuVniRRkcqcfWrJC46+XdBQ6SB0EMrD/zEAaxJPtA2atnuwrZSxN2/NZWORXA3+lnHY9HTPC0moJK/hxSNgSllndDKS+ZczXQDgiAIgiDsbGZyI6sgCIIgPOvZODjCC//+G03i7+ff9TLOO/XQJhEyLUACE0RF45INw7DJ0ZuOfq7X63ZZrVajXC4zNjbGxRdfzCmnnMJPf/pTxsfHyWQyVsQ0Dlbj/h0eHgaw9XprtRqZTIZcLkculyObzVIoFMhkMhSLRSqVCmNjY4yMjBCGIePj44RhSC6Xo1QqceihhxJFEfl8HsCuawTjXC5nRWMzJ+a5Wq0yNjbGo48+ysc+9jH+/d//nYGBAStem3at3L7m2Yjorea4lTvYFc7d42Ncw2nRvlUNZsO7TjuMz7zzJfb99X98iOP//htsGhyd7mkkCIIgCMIeSKmjxDvOfQddXd2TtIhdhcccfTSlUucep52Y672jjjqKefPmWQ3x6ZKJNNDd3cORRx5lS57saTTmciazGot2dd+nnMk0P4L4UfP9WFDcXUkNTZm45qaHbn4/k6491dwPGOs12vOJkof2PELfJ/I9It8nUj6R7xMmn4eej/YCtO81avIaN60RUb3UxrdpPnfEbFeHdfv3Jt6M3BYKVLqOsH29+yQOCIIgCILQGhGABUEQBKFNNgyM8OJ3Xcrdjzxll337n07nb56/j33vRjjDRMepuzwtUPq+b/tw21arVcrlMlprKpUKAwMDvOc97+EHP/gBvu9TLBYpFAr4vk8QBDbaeWxsjNHRWJQ0yzzPo7u7m87OTrLZLPV6nUwmYyOgM5mMFZM9z6NQKJDNZpk7dy59fX309vZagbazs5Nyuczo6Kh1HReLRUqlku2/o6OD2bNnUywWyefzZDIZgiCwtY/Hx8e5/PLLeeMb38jtt99uReR0Hd+0GGzmyYjArT5359x1CZtjlJ7nCTXdJvlMKcWZJyzjax94pV1218PreNG7vsWGgREEQRAEQXh24F6DBJkMb3zjWRx33PH2BrwJ7YkFpP0POIBl+y1LzIXtRh1v/1h3VmS02cY+++zD8447jkw2a5e5+tROQ4Ef+Lz8FSczb8F8O6adTTp1ZneK5N7jcGOazX8mCKCA0pj/tS0CG7ewwoq+1gVrttG0Lee9l/jdjUvWCMmeK0orG6U8QRRujGLqaXCaa1f0Nn0m42/sTxso0ErHArDdv9Q8iAgsCIIgCLs1IgALgiAIQhsMDo3zovO+ycNPbLLLfnbhG3jhIXvZH/hcwRBocpima/m6UdGuMGmex8bGqFQqhGFIPp8nm81SrVYZHh7mi1/8Io8++ii+7+P7PmEYUq1Wmxy/YRiSyWTo7Oy0ztpyuUylUmF4eNhuv1gs2ijo8fFxxsfHrRhtxNh6vc7IyAjDw8M8/vjjbN68maGhISqVCn19fcyZM4dZs2aRz+fJ5XJUKhXK5XLTem4cdD6fp1Qqkc1myeVyeJ7Hxo0beec738kFF1zA2NjYhJrFbryzWW6ipd35NcK6W0fZCMlGYHcjuN0fZ1v9WNcqCtocx1ccvYgffupM2/bhJzbxkvdcyuDQePsnmCAIgiAIzyjSN/G97g2v533v/wdy+dyk65jrjt5ZszjttNMoFPJPy1ijdNzvTsb3ff72b/+WBQsWPK3bhViWWrbffpxwwouenu21KDmSfi3sYJKpjXBFyZQA6ukZ/vKZRI/bPnWjryYRlylE4G19bvoxLt7EWUx7sqpJnG7ad2dbSoE2tYzb0IBN3V/tzucEZ7Wp/yvnuSAIgiDsjogALAiCIAht8K4vXMPKNf32/Y8+fSYHLOy0703ksisSGuHSFX5b1ak1gmT62RWUwzBkcHCQW2+9lT/+8Y9WqA3DkEqlYqOTTbyzKyobsdfU9DUCaaFQoLu7G9/3yWazVpANgsCKzqZGcG9vL/l8noULF9LX18fmzZs58MADyeVyFAoFSqUSPT09BEFAV1eXdfx2dnaSy+Vaxl672zE1j3/0ox/xnve8h2q1Oqk42+oHNVckTs+vEeJd0d30YyKz032lX6cjp822Dtunmx9/5nW2/UOPb+I9X/yfqU8mQRAEQRD2GPL5PGeccSYf+tD5lDo6nU8mV1w8z+OMM8/gBccfjxf4O10sNNczXV1d7LfffmQymZ2+zYMOOpC/fe1rKBaL8fbbVbfawE3p1YkL+DWveQ3Lly9/Wusmz5kzh3nz5u3UbbS4XXE7e5v++q1bTtKHjv8z7S04h2mq9u7RjK/7aS22Ji7V6WzbnjtmgZfkH5uI5lYi6zZFXrNOs2hqP/d1Slx1tjMFOomRbxq8l3Imm5rAqrFvbX//Wondift3d69FLgiCIAiCCMCCIAiCMG3+5ZvX8eOb7rXvL/7AKzl8SW9TjLMRVl3XKjQ7SNORcG7ss7uu53m2tq7Wmkwmw+joKLfccguXXnqpFWV936der9v+wjC0tX2NO9jzPCumZjIZZs+eTTabtbV4h4aGgLg2cK1WI4oiurq6mDVrFnvvvTdHHHEES5cuZfbs2ey///7svffeFAoF9t57bzKZDEuXLqWvr49SqcS+++7L/PnzWbJkCUuXLmWvvfaiq6uLfD5PV1eXjac2dY1NLWMjdpvY6fvvv58zzzyTP/3pT7Z92uHr1vJNu6tdwdcIy6447NZZTtcGdkX39PFqdSyVUhy6dzdf/2AjDvqHN97Dxy+9fuYnnCAIgiAIuxVN13FaWyFl7ry9+OSnLuAT//ZJunq6U5rv5GqLUlAoFPnwR87nwIMOAeVNvO4AohaPlr2mxB3bT/LkBwEvfsmJXPLNb/DZCz9HT29v7HNsSztsT2jMZHOc8+a38pozzySTy6KJ0JPvwcxx992m/SoOPOhgPvqxj7Fw8WLCKWKZ25ln9zyI19NoBR0dnZz1pnO47Nvf4c1vfRu5XMH4SKc3/mmidLyzKhl0chWLarkHk+yV1hBFoKO4v3Yedrg66dEDE7PcPNJGqVgdxwlHyjOTmHrEbSJA6wxKTz5vzl9Ria6qk/jjiQ+lQGkPFHgRzZnJE3pN9ioZtG5y/Tr9ehpUBF4caY4fTtx2fKCSdpFt3xCDdSMmOhknXrwvfqSBEK2iSYT+ZH8BpTShp1C2X5XavkZ7Gu3F86XdusHTwIxr4twmfdvdFTFYEARBEHZHgl09AEEQBEF4JvCdn9/OF6642b7/6NnH84pjFgONH9dcl6/rAHZpJV5OVi/MfJ7L5ajVaqxatYoLL7yQu+66y8Y5m0hj3/epVCrW+RsEAZ7nUS6XUUrZZcaFCxAEAaVSiUqlgtba1uY17t56vU53dzdz585lZCSuaVuv1ymVSla07u3tZXh4mGKxSHd3N3vvvTcDAwPMnz8f3/cZHR2lVCoxa9YsarUaAwMDdHV1MTIyQqVSAaBcLtvoajN3uVyOarXKU089xQc/+EG++tWvctxxx9n4aOMcNiKucRRPVl/ZnXfXDWzaufGN7jFIu4jdZWb77nF++XMW8U9veiFfuPI2AC783u9Yvncfb33V0e2fdIIgCIIg7LZ4QYYF8xdw0ktfyrve/W5mzZndlivObbd8+f587sIL+bdP/iv33n03YXKNpxIBrV2jnb25TSlCoKe7h4MOOoh3nHsuLzrxxXi+x9DWLczpm8PmDRun3sAMdNp0ektXVxf/+I8fwvc9rvnxjxkdGW6/0+lvPfm/eAyeH/Dil5zE+ePjXHjh51i/bh060hOOk6vbTX9T8fGeO3cuxx33fN72tr/j4EMORfkeGzZupKuri82byjtkr1wiZZ41NQ9CFFp76Ebh1yloCK4KnQitxk86Pbna19oKqoGOCPGTbaf+7gE0HpGn4xY6XjfQipCJceS+jsjoCIUiUhGQ3CCb7lMpPA2RitBoQhULoR5h3FpFiYqr8XXcizJOZCMIp1EN021kNmTET3N3gBlIpOJZ9iM8FESgVdTc1n1t+ppCfI7LAYf4KqLm+UQqJAijhrDdGGa8H3hALN4rpVBEeJ4m0lFj+1E8p74X4akQpVUsajPdIw0ohfYU6GQC4gMQ70sSD63d+RIEQRAEYbdCBGBBEARB2AbX//Ehzvv8Nfb92089inNfdYgVEU3ss1tT1hUdXfHROFBd16n7A5TnedTr9SZHcLVa5cEHH+QTn/gEGzduxPd9yuUyQRBQKBSoVCrW8WuEUd/3qVarhGFILpejVCo11cwNggCtNcPDwxQKBTKZDAsWLKC3t5clS5YQRRGzZ88mk8kQRRE9PT12fJVKxbqKy+Uy3d3d9sevUqlEZ2enjVQeGRlhdHSUTCZDf3+/FY/7+/upVqts2bKlSTiv1+uEYdjk7K3VanzgAx/gvPPO433vex8jIyM21trEX5s+gKZ1XTd12nUdBIEdZ6u4aNcd7Lp+Dcbt7cZ3e57H2195EJu3jPKdX60A4NzP/oiFfV287LnLd8j5KAiCIAjC00fitUzeKQrFAs973vM47bTTOfqYY5i/IL7pTavt0z8OPvhgvvq1r3Hppd/imh/9mFpyo1xbKHfMmnnz53P66a/m5Fe8kgMPOIB8oRCLNmg6O7tZMH8RD97/oF3H3dPJNzFt6aiJru4uPvKR8zn66KO5+GtfY/XKVTPoZcqBTZpuq7Xm5JNPZvHiRXzlS1/i1ltvRevtOV5xNPDy5cs548wzOfHEE1m0eFF8oyXx9eSiRYuY3dfHps0bp7edtHt0CnwdOzkVEdkIxpWHVl7i75xOnWdNRsOB9TpLwxBfx8c9MuPYBoGOOMZTBCoArfCUTkTp5nMjLdzmNBxTr6LrUSJgNtOhQxZ7sZislELpKBZlJ9ygEIEx0PqKeRGcHNbYrOsNcVKbsWoO9TQlnWnUwZ0WGhv/DA1dPVE7s1GNk3M1jsh5yVgUEVG8z1FDptXWpa0aq0eOM1+b7hVKa/b2MnQrnXwTW4v5DQ92LMAGOuLQ3jqnVSrxjQBag47786OIjAfLOnwUmcSt3c65b2KkzV0HNObDc79vogALgiAIwu6ICMCCIAiCMAUrHlrHaz92uRX+Xv3C/fnns49tElNdcdAVJlsJvGk3qrvcxDQD1ular9f58Y9/zMUXX0y1WrXLgiAgm83aGsAQC5/G+RtFEWEYUiwWiaLItjOise/7NrK5o6ODOXPm4Hkec+fOZXx8nDlz5tDZ2YnneVYsNhHX2WzWOoaNCFqr1SgWiwAUCgUAxsbG6OvrswL5nDlzKJfLDA4Ost9++zE4OEh3dzeDg4MMDQ0xNjZm53JoaMi6evP5PJVKhYsvvpitW7dy3nnnUSqV7LylRWCzPTfi2RXc3fWM0G7mzxV001HP6eOZjps28+55Hv901nNZ1z/MdX9aSRRpXvPR7/GHb7+Pw5bt3HpwgiAIgvBM55BDD93VQwAaJToKhQJ7zZvPvvsu4/DDD+fwww+ns7OzSRTZHunDvT5ZsHAhF1zwKU4++WSu+N7lPPjAA2zevNleH6Y31hCV4uuQjs5O5vTN4YADDuSUU17JCSe8iI7OTlQSu2vEmlirUxxz7LGs37DBhsKqFhKqts7IWJ1cvHgx2Uy27f3TGvKFIq961akcd9zz+fEPf8hvf/tb1qxZw5YtW6jVatN3Gyso5AvkC3kCP8APfDJBhmwhz4KFC+LrOLBlV1EK3w849NDDuPiSS7j+uuv4yTU/YdXKlWzZsiW+5kwkVTOf7vyiIPADurq72GuvvTjiiCM57bTTec7RR5PJZpoEytjoqZk3bx7HHHMMGd9PgpKnsVueYuHChXi+H49HN7bvEqEIlcLTHtoDT2t8ImKf7XTOREVHGHIOirdmMvg6IlSxiLktu3mcgKwJotjNW/MyZCKNr0O0mri+r2M7aqR8urTmXb7ind5EIdYkImcSp6kGfGrJDQvNUrJWUey+jjJkw5DnqYgjcvnECYw9jxSxS9jXHrkwPqqejo81avIbGeKvthE+k1hl4wBOhO4cPqeUIs7qyRB6dvUSdAAAIABJREFUEZkoQquM3RfTUzTZEUmr4ypu6UVZslGVOh6R8uJo59SKCmW3oYGCB2cvL3LW8qjRtbUOx+J8NorwIk2kYmF42v9gmfjnZM5iZ7GJmo5rL2sNntQDFgRBEITdEqUnK4AiCIIgCM9ynli/haPf+jUGhsYAOPbgRVz+sVdOiAN2XcAGN47YFQxbRQmb53q9bkVcI/LeeuutfOQjH6FWq9k+Ozo6bNyzcSEbd7ERZD3PszV+TYS0EX/z+TyzZs1in332oaury4rAXV1dTX24dXMBarUavu+jlKKzs5NqtUoQBNRqNUZHRxkbi+epWCwyNjZGf38/WmvrMB4aGqJerzM+Pk5/fz+FQoFqtcro6ChKKVavXm3fmzrG7n7ncjnCMOSiiy7iec97HsViscnBa+bWiLDp+svu67Rz12Dipd110yJ/ev10/2Zdz/M553O/5C/3rwVgbm8H//e9f2BhX/cMzkZBEARBeObjpnWY/59tblozDx1NTyzb+SiCwLc312loxDJ7jQjUHYl7TVGtVNmwYQNPPbWO1asf5cknnmBoaIhKpWLFqSDIUCoVmTdvHkv33Zf58+bRN6ePnt5e/KBxk1urWGqNplatUa/W4vettcaGaJwIz0opsrkCnt+eEzidxKKjiJGRUTZv3sTg4BY2bdrElq1bGB8ft9e2Zj1FfBNjJpuho9RB76xeOjo6yOdjATgIfDKZDPl8lmKpk1w+B1YkixXs9E9fIyMjbFi/gbVr17D60UdZt3Ydo6MjhPXQts1ms3T3dDN//nyWLt2XuXP76Js7l87OTvzknEh2KL2zaK1tGs905im+htR4vk82l08csK0PitYRCo8Iha9hyIv4khfxHe0x7k3H5xHRW6tzvufzdwqyobGpqpbO3NTWiVRE6GmUDvCiOD7aOJ/dsyIijqn2o/gYhsoDVU/EXqssml7RKkQl1lKNIlQRvlZxzLJtp23ksKc9IqUJ/TgKOYiabfhxyzq+9tA6npd64lr1JzjZjWtYESlNv/b46LDiB+UAbY6DU0a5R0d8vqfCmzuVHYdSqvGFSTDaafPCVj/DxnWCtXE8J2J8i1EmXSR/m6gka1qbGxjcuYrH46l64g338KhjHOxToYEnq4rXX7WFu7f2JXHWxl2tUaGiL9jK1W/J8rw5AZ5yM7J3D8bHx22pJJNeZf5GTP+dLgiCIAi7M0NDQwDcdddd017nyCOPBEQAFgRBEISWVGshx7zta/x19QYA9l88h19ceEZS/yjGFfvcyGD3s3Tcc1o4diOhTfSz6evOO+/k/PPPZ3BwEMCKr8Zpan5YCoLAbiuTyZDJZOy2oiiiUChQr9dtnd6FCxeyaNEi5s2b17ReZ2cn0BB63YhlEyVt+jfb11pTq9Vsm0qlYoXdsbExGxPt+/EPc+Pj44yMjKCUYuPGjXiex+DgYJPg29/fz9atWxkZGbHzYoRsU5f4kksu4aCDDppQr3cykd0VeV3hPf0Do4v5YaBVm1bH231vf0xQPq88/wc8+lR8DI86YAF/+s77Cfxt/bgmCIIgCHse0xGA8/n8rh1jCz0gNgE23/RlXLXN4s525QpPuBaZ7Iaz9HJ73aHjyFnlpQdhPne2pZJw68i8n2JcytGsVCwytROm27LPSX6Kmuza2f3cLE/Pi/XuKtcl2Rj8VH1tFy0E4Ilj2zZaR8mxS+a4ybLttCNCaRU7RDVUVcRaAp7Umrra9g0UCshojyWeZqEO0QQonYQDT0cQ02ZKNVrViZTCiwLHct0g0gql6vH5ojOJ29U9oWyX8dh0hCYEPDwdO6GbNGkNfuRR9zShV8ePFJ4O4nPfS21fA9on8iIiFeLpCE/72Lz2tFicnC8aTT8e/zSiuLocxEKqyceONOiQ7kjzha4Kb+70rQDsKeOgd4ORm4Vus1RZ370RtP1Y8DdOYB0ReUxTADaFhtN/X2iU1sl324jKsVC7rds3NPBkzRGAI+L1TS3gEOYGW/nBm3Ic2+fvFAFYa402N0KoWOTXTbcDNI/XuKXNEaiMl0UAFgRBEPYItkcAlghoQRAEQWjBP13yKyv+ep7Hjz71GtBRyyhgV+iF5h83TcTwBGEwIf1DqHk/MjLCJz/5STZv3ozneRQKBYaHhymVStYVC5DL5ex2lFJks1lqtZr9ozaTyRAEAUuXLiWKIg444AAWL15shV3jDM7lcnb7xmlr3Lu1Wo1qtUoul7Mip1sf19TsDYLA/ogbBAGlUsm2NeJwPp/H930qlQodHR2JWyNvReRNmzYxf/58urq6WL9+PSMjI2QyGUZHR6nX6xQKBbZu3cpnP/tZLrnkErq7u5u20aqWr3lvYrXdeXfjsjOZzITYZ/c4pWs1u9t1+zTHM3a31PjZ587kiLd/G601Kx5ax7988zq++P5T2zwjBUEQBOHZwa7+QX6quNbmsemmz3bItlvse6uSIpMuTyJZJzJxrMr815vw0cQxTGiw/T6CqY6z+9lk7VrPS0rWStkvt9XXDmOSY7bt1fzUgkna2aMXxwtnUSwlZEk7m1ORFchVXKQ2YRrH1jG6avzk/JhM0HeESSsSTmzrHHEUfizitepTQejFtXZ97SVjiSYIuo32YdJWQdKvatnWdQ8nDZI6t1Zb1YCnIPLRXt3eaKBVlBxy07FzzrUeVNN2GvOX/N1CInxOsaY9x2wm/GQnS0NqjnexzZtQTeyzuQskSoRkLxbmFebfHDOOHYlOnN6aKHFme1H8PGGYSXPVWFMQBEEQBCbeHiYIgiAIz3p+e/sjXPzD/7Xvf/BvryXnNwuC6Rq+RgQ0nwFNImnapZp2BBjR1Pd9NmzYwPve9z62bNlCsVi0NXBLpZKtAZfNxrXXXHdtoVBgbGyMer1uxc7Ozk72228/MpkMS5cupaenxzp+u7riOmazZs3C1Pc1Y46iiFwuB8TO41KpNCFa2Yip+XyeYrFIoVCwsdNm/zOZjI2j7uzsJAgCG0U9f/58u41qtWrrBC9cuJC+vj76+vro6emx4izAli1byOfzPPTQQ1x11VVWDE8LtGlcMd49RkaoNeI1THSUTFbP2axv5sK0M/HZ5jkXwNX/9lq7zpeu+j23rFg96VgFQRAEQRAEYXKUFfaMbqlo6JXTfRj5cQr5cMohxMNIepikk4bEaVbYxsYUyY0MU7S1XU297eZNJv8z/bZo2nitrBSbmixnv3WTEN5yw+3Oamob20+js217fqfuQnkqFr/TY2wRr77j8PC1R5S4oiM8Qr+OVlHqoe1zpDRaaSbWThYEQRCEZyciAAuCIAiCw+Yto5z9iavs+3NOPpzDlvQADbeowXXvGsdtWjR0o57TbY0gadyvURQxPj7O9ddfz8qVK6lUKtTrdUZHR21dYCPSVqtV6/Q1/Y2MjNjawblcjp6eHubPn8/IyAjFYpFiscicOXPs63q9TrlctmKvGbuJXHYjkl0xOwgC6xA2cdCZTIZsNovWmnw+TzabJZ/Po7VuGrupo2diq7PZLN3d3eRyOYIgoFgs4vs+c+fOZfbs2cyZM4cFCxaglKJer5PNZhkZGQHgW9/6FpdddpkVb808GNxjYN67x88sa/XejfA2x83tb1v9utGWAEcs7eWNLz3Ufn72J65icGi81SkoCIIgCIIgCMIuokk6dNX1RPCMRWFlXbh7Lq4ArlPzkDx2nFrdkkhFRMqjrqCuPao6oEpAjUz80PGjojOMk2GcLGWdpUxmp41JEARBEJ5JSAS0IAiCIDic/a9X0b91DICFfV184i3Pt9HPJvIXnIjflCvYfU7XATafGVGwXq9bkdCss2bNGq644gpqtZqNLQ6CwLY3wq0ZSy6XsxHN5vMgCOjq6qJYLBJFEUuWLGHp0qV0dXVRLpcJw5BqtUpHRweVSsWKyJlMhkqlYl26vu9bZ7P5HBqOYENnZyejo6P4vk9XVxf1et06c41juKenh+HhYer1epNobcTg3t5eOy5T22LevHkUi0XCMGTvvffm0UcftTWNTR2nq6++msMPP5yXvOQlNgI67fY12zGOXHNs3Phn058Rks2xM+/Tn7nH0vTrbt+0c53Jn/q74/nf+57kyQ1bWd8/zNs+/QN+dtHbtud0FQRBEARBEARhe9FOeHNzQnMDT8e1cJWGSDfFVu+ZJMWePZ0UCdeNOOxIO/q32jkJ0MQR12NVeNs3h/jtg5m4BnOUbC8CdDwmFUXx+yhJqiJizX/5U3UtCIIgCM8KxAEsCIIgCAlfvfo2brx9pX3/swtfZ8VfoOnZFQnTsc6u8OfGJqcdpa6gapZ//etfZ+vWrfZ9GIa2rq+JVzb1dguFAuVy2faXy+XI5XJ0d3czd+5c5s2bR19fH3vttRdKKRsfDXHt4KGhIQqFgnXllstlGwVdr9cBrOPXiM1BEKC1xvd9u4+1Wo1CoWD3LwgCG/1savxWq1V837fOXyOcZrNZ61jO5XIUi0VyuZwdbyaTobu7m56eHpYuXWodwFEUWcf0BRdcwMjIyIR6v+ZYGAdzus6yaZOOhm5Vy9m8d4V/t/ayEbbT67rU6zWu+fQZ9v0vb3uAb/z4D9M5NQVBEARBEARB2Mmo9Jt0FLVnllm5eM/Gun1VYy6MAxoIlaKuPOrKp86OfYTKp04GtE9VFal6XVS9TqpeN1WvJ3n0UlU9VLxeKn5v/Oz1UPZ6d+GkCYIgCMLugziABUEQBAG4b9V6PvaNa+37Sz9yKp05r2UMcrqerxE+Pc+jXq83uUxdQdD0ZURhI0j6vk82m2V0dJQHHngA3/fxfZ+xsTEr/oZhSC6Xs/1rrRkfH7dRzJ7nUSqVCIKAhQsXsnjxYusEzufz1Ot1hoeH6e7uJggCxsbGKBQKNlbZ9/0mUdaNey4UClYENXHORpA2+xKGoY2xLpVKDA0N2X2rVCq2jrERmI0QbMZv1tda27rA7nhGRkbo7Oxk/vz5rFu3jrGx2KWdy+UYHBzk9ttv54QTTrDHxRV1TWy2e8xczPhdt276GJt2hla1nNMOYfe4m2PUXVBc/MFT+IevXgfA+V//FS977nIO2Kev3VNWEARBEARBEIQdgdJoDV7iA9ZKg+9BmFhbIxoW4YhEDN3TPTWmZrJCexrrAI4i8BRj2uc/7gr5ZaEW6+JRIoknxuG4eeIeTt6DRkfxs6Lh5FUkf39p4P9n783D7LjqO+/vqf2uvaq7JVmSLdmSjf3Ykg14weAViAljM2wxkHmf9w1vQoCBZN4JkGRmsg15wpJkEicTcJIhC2uwHRtCbGwMlndZki3JkixraS0ttVqtVq93r+28f9z7O31u9W2pW9aG9PvoubpLVZ06VXW6u2596/v9SVE3WQsJIxIIohj9oy5gAEIKSIP6gIYzGQ1XcGPFUtQ7wzAMwzAMC8AMwzAMU62F+ODvfBNBWHeEvvv6S3H76sVKoNXr+ybrAAPN0c9JkVAXVpNicbVaVWJuHMfYvXu3imgG6mJrEATKKay7TKkNwzBU9HJHRwcWLVqEBQsWoK2tTQmnbW1t8H0fXV1d8DxPOXZJ+JVSKncwRRk7jgPDMJTISxHJVGOYIHcziaxBEKg+622RGExO5Vqt1hQvbZqmir12HAe2baNcLqNSqSCfz8P3fVSrVXR1dcH3fUxOTqr4agB46KGH8O53v1sJw3rbSWduUtzVj6seH60Lv62W0+eh/agLvrrjm5aL4xjvunYx7rrhUjy2bg9qfogP/7dvYcM/fBaOzTFlDMMwDMMwDHPOQOfyAg1hEdP1cC8EZjigYxgiQAwHhTiHf90WQsh6fV4ScIVsfBeKRV0UjhuibIxp03QsIRtCr/qc5m3EOItYQsQxZGxCQsJAhFg0vocajfaA5prEhibWMwzDMAzDEdAMwzAM88V/eBK7Dx4DAGRSDu77zJ0zXKIkBuv1evVp5GAFpqOC9TbIYRqGYVNkMAm5pmli48aNKJfLSngNwxBxHMP3fRiGgXQ6DdM0m2oAp9NptLe3I5fLoa+vD9lsFj09PfA8D8ViEd3d3ZBSwrZtZLNZtf4gCJTgSZ/Ztg3LspT4S6JmKpVqqoFLcdBA3YFLy9GyUkrVhmEYSmy2bRuO48BxHLiuq9rTo7CJUqkEwzCQy+Vg2zZyuRy6u7sxNTWF9vZ2tc44jpHP57F27Vrs2rVrRj/p+CRjnpOOYF3I1ecjd7L+WatHMlpaF4P1OG3ap3/+6TuQ9urbva3/CP7kn342jxHLMAzDMAzDMMzpRpDYa6BeC1dIwGgYT4WytZ6/qG2Hir+OhQfABCQQWiZ8y0JsCUjLgDQNxKaANOrPkSkQW0bjIeoPQyA2G/MaRv29UX8tTRPSNOrLCwORZSK2DUhDANICjDjRH71/ov5sgq92MwzDMEwD/pPIMAzDXNAMHZvCn33nGfX+G79zDyCnY5UJqvVK7l/dyUuRzfR5q7hhcpHSM4mK5XIZvu9jz549+N73vtfkNtbX67ouSqWSqtOrx0dns1ksXboUixYtQl9fnxIcly1bBtd1lWBbqVSU8EzLV6tVtS0kXNL2SClVXLTuYqZtsCwLvu8jCAK1n8jBS23VajW1/SR40z4kEReAioQm4ZT6TbWEqS7wZZddhkwmg46ODuUaBoB8Po/f+73fUy5i2of6tulObf056eylfaM7eYFpYTe57GyR4IS+3bQfhYzw91+4R83zpX9+CodHpk40XBmGYRiGYRiGOZ1omq4kAVgXGgUgjPNf/JWA2nahu2wFABFDGBEEIgCRim5WD6XO6vZhzHwvGv8l2wcAIWBIAbMRuR1baHYkq+Mhm0Vho3kVDMMwDHMhwwIwwzAMc0HzW/f9CH5QF2PXrFyIa1d0qmmtYoOpXiyJhCTm6mJvshYsCYJ63VsSCG3bRhAE+Ou//msUCgU1f6VSUW2m02kVDU3rJKE2lUqhra0NbW1tyGQyaGtrQ1dXF7LZrIpQpmhmcubqdXupTyT6Uux0HMfKYUtxzslawSRiO46j9hlFRZPbN5fLzRCWSTQn56/jOEo4t21bCcOe56FSqcC2bbiui/b2dpimicWLF2Px4sXIZrNwHAflchmmaWL//v0YHBxsOja6IEvbTftYF3f1Y65/pgv7ujuYoH4nY8GT7bUSid98WSeuWt4DAPCDCL/7tcdmHacMwzAMwzAMw5wm5PSTFAKxEJqOKVsKlDFEvfTs2ejvmaKxD6TSc0XDCR03XL4WYJia+CqnnymSmR6m0XDoSsAU9Wd63yTgyrqL15SIzRiRFWru63jmsTAaorCREOsZhmEYhuE/iQzDMMyFy+Zdh/G9n2xR77/2X+9qEvJIOEzWhE3WgCUBUBcL9TaS9WKBaWevEAIbN27E+vXrlesWgIpYtm1bxUtTnDAtm8/n0dnZie7ublx88cXo7u6GbdvwfR9RFKnX1J90Oo0oipQIqztVwzBEFEUIw1DFOJNoSgIuCagk5Nq2Dc/zlHBMAjHN43mecu/q+462k0Rycizr66V9mU6nYds22tvbIYRAW1sbLMtCV1cXent74bou0uk0wjBEGIZ46KGHYJqmis0mgV4X5VsJxEnnblK0JfRj2crhrc9LY0n/XHdSx3GMv/v8e9X833zsFWzaefg4I5ZhGIZhmHkjT8GDYVowY5jwmPr5pKEtAgKjwsQGAOulwIguXuqCoykRGzH2SoEXpMAeaSA8Dy+vkjkXIq47fkVU3xcw6qJvkxtXNAu4JMjSQzQGvRKSG++VuD4t3ta/k1EHDMAwIMiGrK9nRjw1rRN8tZthGIZhGvCfRIZhGOaC5ZNf/lf1+j+9+xp0pM2WYqAe+wygKRpaF/zIOUuCbVJsJKi9MAwxMDCAL33pS0rcTafTKlbZsiyYpolarQYpJYIggGEY8H0fnuchl8shm80im80iiiIUi0UlMJqmiUqlgmw2q1y1tVoNlmUpMVmvX6uLruTsJRcw9UOPYiZHMzAtgpOorO8XqlfsOI6KZw6CoKnOMD0DzVHQQRDAtm21rkwmAyEE2tvbVe3j9vZ2VKtVtf5HHnkE5XJZOZl18ZWOgx7HrfdfP6bJ4zabGJyMBddrRLd6TjqO2zzgP/3C1er9p7/6cHKYMgzDMAzzRpgRXXoSD4Y5HkJ75jH184eQiIVEKGK8BIn/pyLxK1WBZ2Kq9Zt4QKBo2LjPd/D+sRh/XKihCHne6foSmBZehdF4ADAiJQpDxI26vI07GwTNj8a+khB014OI6++Tic9KyK0LxdJsOI5NAVPUtWFpCMCk/kBz/urvE05thmEYhmFYAGYYhmEuTL77xGasf+0gAMCyDPy3X74RQLOzk1yjJA7qImESXVBNRh0DaCkEl8tlrF+/HiMjI8qZWy6X1fRUKqXcsUnHcS6Xg2ma6O7uRiqVUmIpxSiXSiXYtg0pJcrlshJShRBIpVLwPK9J0KbawPr2kIvYcRz1rDt7dXE4nU6rbScR1/d91R45pGl+EqEty1JR0K7rKmdxMm6aXM3kErZtG319fWhra0M+n1fT4jjG2rVr1X7Xj1+rKGZ6rdfn1Y8bTdf3PY0NfbzQfOQGn801rK+b5v/dj90Iw6jP/9L2ATz4s62zjjOGYRiGYRjm3ECd7Z1vyt+FiDAgYECKCFUnRtkxEBrGtAtWL2krJaQRoeZIhIYL36gnN51v4yAGIEUIU/gQIgSMEKYRwBCy6SEMeq67hIURQRghhBHBEBEgoulpIoIQMYSI60Ky0ZiOCIYIYYgIBoLG6wCRFUKadZFZyLguBLdSkA20EJ8ZhmEYhrHOdgcYhmEY5kxT80P81n0/Uu//6jfvAmRYv8s54Ywl4TYp7OnvdaFYd4EmheMgCABACZ6e5+GRRx5R7l+qy0uO3UqlomKZSVSO4xj5fB6GYaCnpweZTAa5XE6JwDQP1dUlwZfaJyeu3i8SZ0lYpc/JLYzGfiGRmcRPEnLpmURU13URhiGEECrCmvaHlBKpVEoJ3bRvLctCrVZT+z0MQ7iuq/YH1fmlvnmeB9u20dnZiampKZRKJQRBgEwmg/Xr1+Ouu+4CAFXnmJhLDeBWDmnaXl24TcZAU7utpiXX0zROEOO+37gL//l/PQoA+Nxf/Qj3vONNsK2ZNYcZhmEYhpkf+t9pYObf5BM3cJwP5tsWc14wY0yR2jSP4ZA8f2TOJqLxY200BEQJGAJSND6nCkFG/bUhBAALEkBoNwRMYahU4/OFTkPi16+wMRRFQCzqHmcpYcRi+rdg/aOG2bfxpvESUkJAQEoBQNadvPUiy2od0581/Max9nMR13d9NZZ4+BUD/SMupIgAmNoxkc3HB7KpfYZhGIa50GEBmGEYhrng+LPvPIMjowUAwLK+dtx+zWJEUThDuJNSwjRNFWOsf56MT9YFPRIKZ6sTS/HG27dvR39/vxJlXddtEpJJ/KX2gyBQkc/pdFo9SBymGGjXdZVY63lek4BMtXFJVNWdtsl+625X2jaKb3YcR4mztH2e58H3fZRKJSUMk6hM8dWu66JQKDSJy7S9juPA930l2JIwXi6X1YUxascwDFQqFdi2jXQ6Dc/zUKlU4DgOhoaGlIgLNNfiTTp2k9HctG7aZwQdj+O5wJPr0kXkpCuY2iTeee1FWNbXjgNHJjBwZAJ/8b3n8LlfvmVuA5phGIZhmOMiJDA+Po6BgQHEcv4qjUr4FQKXXXYZ0uk0O8wYRFGEwUODGB8bm5/5szF2Fi1ahJ6entPRNWaeCEgYCBEbJiIAEEIJutKQDSG47jSNBYAIMOJGZLEhEEFACnne/FoQANoMif9rVQaBKWBGou6+BSBkPP37r34HNfQbY9SvWEHxz9Ri/ZnqLav5MR21XS8F3JgmBYAY5UBi04EIu8dEXextCPSIZXM/YiiRnmEYhmGYOiwAMwzDMBcUlVqAL39zrXr/tf/6HkgZzxAFk+5eXfzVa8eSUEriYDLmV5+f2qRI4z179ii3LtX2jaIIqVQKxWIRAFTkcqVSgWVZSizO5/PIZrOoVqtIpVKo1WoIwxCZTEa5cEnApMjmOI5h2zbCMITv+0ilUmobKD6ZYp0pqtk0Tbiuq/pC85OLmRzStG21Wg2O46Barar5qN0oilCr1VTMM30ehiGy2SzCMEQqlUKhUFD7zvM8VKvVJkGV2vI8D47jwHVdOI6DWq2GcrmMvXv3YnR0FAsWLGgp2OtCPKE7tmlb9HkBtDyOusCrH3tdXD6eG3jaSQ58/bd+EXf91rcBAF/+5lP49AdvQtqz3+iQZxiGYZgLGtGIbP2Hb/wffP3rX6+LBmriiZdvVK8EUD8X+uIf/zE++MEPQpMpmAuUWrWKr33tb/DgAw8AmHvybCwlYgF84fNfwK98/OPqvJo5e0gBxBAwYhOWlIAVNfRHoz6xblCluSEMiRgCZlRXHA15/t0TIlEXvy0ZwhRC6apCH+lNG938Wf07UPLWCNpR2oJSNv+i1dYPARjCxKquMibKZcjYappfUnlhWXcCN37dw0AMvuTNMAzDMPzXkGEYhrnA+LsfrEexXAMArFzahUsXZme4ewE0uWGBZkdnEt1tSmKg7h7VlweASqWCQqGA+++/X7lmSTzVxUnLshAEgXLTAvU6ublcDplMBgDQ1tYGKSUmJyeRy+WUI5cuJJEjOQzDpotLlmVBSqnEZ3L2kmuY3M/kFvZ9X32mu36pRnEYhkqgJmcwOZgpnprEXop2JiGXHL60vZ7nIYoiVCoVVVuY9oMeRV0ul9He3o5qtYqjR4+q41MqlbB27Vrce++9SsDXIZeuXttXn6aPBd3RmzyWuqtXF4JpHv1YzjZ29OjvFX0ZrFjcif7BMYxPVfBPj27EJ99/44xlGIZhGIaZH7Wghqeefqp+0x8aIsEcl9VFvTgM8Nxzz+E/3HO3ukGOufBQ53QkPmF+zk8B2RAMz7PM4J9zBARig77/NeKgjYbr1AQQTf/mqLthBSBjCCHPy9tBpr/OoOZlAAAgAElEQVS6mJBCk2yTAu6sy8/xlgiK2p45AUYskTVC/I+72lCVAhbCRqS00KzGzauZ1uorJ143wzAMw5znHD/HkGEYhmHOI+JY4i+/96x6/+Vfv0MJdkBz/V/6nNy/eu1YcnvqDl9dRKa44KRQSCJuEAQ4duwYxsfHlehJAqtlWcrBGwQBpJQoFAoQQsDzPACoxw4CygFcq9XQ1tamXLxRFCnXLImYVKOXBFgSRinemiBBmFzA5NQl93AURYiiSLl06eInbSu1R/vFdV34vq/6Tu7jUqk0owYvRUvTuo4ePYqxsTE4joN8Pq/cviQk0zFJpVJIpVJqOy3LwmOPPdYkwutx09TfVsc9GYGdnKZ/bprmDOFfdw7rY6s+/uKmsZIcX1EU4aufulPN/2fffmZGjTmGYRiGYeaHlMC6F9dh39690/Up57M8tERRIbBh/XoMHR6aXyMMk+D8kwtPEpl4nAsI1IVf0i8N/VlTQunz8xjR+IcZj1O+ohkPKWKEhkRsGMi4Mbq8GF2OQKcXo9OL0JmK0ZmK0ZWO0eVJdKWArpRElyfR6Z0rg4lhGIZhzi4sADMMwzAXDA8/vQ37h8YBAG1ZF1cubW8SIGer8UvT6Dkp3iXFX5qmQ2IgRRe/9tprKvaYxD+KXKblSby1bRuu68K2bSXK0jQ9TtkwDOWe1Z264+Pj8H0fU1NTOHjwIIaHhzE8PIzJyUkIIVAsFlW7Y2NjmJqaUo7kYrGo5hsfH0etVkO1WoVt2+p1GIbKsUvL6fV3hRCoVqtqHaOjoxBCYGRkBEEQwDRNDAwMYPfu3di3bx8GBgawd+9e9Pf3Y8eOHTh48KBqi2oE27bddCwymYyKvTZNEzt37kS5XFbHj/aFLuC2Oj56m3qsc6tjqy/TqrZwqzFBQrTeF5pmmiauWtaO9mxdLN93eAz/9tyOOYxshmEYhmGS0Dmd79fwL//yPfjVegLMG9IupMSxoyN49Ef/jjAIT0k/GeZC42RucNTPyc8YJPqS0CsAmBIw5PTVVEOc9yLw2UJICTMWENKEKUMYqEKKCBBm00Oi8ZAGpDRRt2ubJ2qeYRiGYS4IOAKaYRiGuWD48+88o17/2aff1VS7FkCTczMp/tJrPY5Zj4vWHb+68KfXi6XXtm1j48aNAKBq1xqGoR5BEKjIY8MwkMlklLM1CAIlph45cgRLlixRdYHDMEShUIBhGE2O2ImJCYyPj6O9vR1TU1PYvn07DMPA7t27sXr1aixcuBBhGOLo0aP4wAc+gBdeeAG9vb245JJLlHi8ZMkSbN26FStWrIDrushms8rdW6lUYNt2036g/RSGIYIgwOjoKPL5PHzfBwAcPnwYhUIB1WoV1WoVmzdvRl9fH3bu3In29nYMDw/j6NGjiOMY1WpVCdH5fB59fX1IpVLI5XKo1WrwfR+dnZ0YHBxEFEVqH42MjGDx4sVNxwCYduKSszlZ07nVcUzGhCfHSnL8ELrQrIvByahp/WLWVz51J37tKz9SY/but7/pjQ9+hmEYhrlAOXDgALa8sqlZODoZwaaxuJQxHnn4Ybz/Ax/AwkULT0kfGebCQiKOI2zcsAFf/OIX6zebyhMbgAWAfFsen/r0Z/ALv3DXaRZeBUD1a/U6thKAMJQ4LOgz5jRQPwYxJAALkBZiAAIBWh388zGGm2EYhmHeKCwAMwzDMBcEG147iHXbBgAAnmPh5qsW1hO8Wjg+k05OnWTUL70nxy6RFA51UdD3fbzyyitKSKaaueRupT5RTV09ptlxHJTLZeTzeSxYsECJv0IIJfrGcawE0yNHjqBarWJ4eFgJrpVKBaZpIp1O4+WXX4ZhGMjn8/A8D/fffz86Ozuxf/9+DA4Ooq2tDWEY4rXXXsPixYsxNjaGRYsWKeE2iiIVV03b5roupJTqM6DuwB0aGkJ7ezuOHDmCKIpw+PBhhGGI8fFxjI2N4ejRowiCAKVSCbVaDZVKBZlMBoODg9i/f7+Kpc7n8+jq6kJfXx/a29uRyWRQKBSQyWRQq9UQRREcx8H27duxaNGiJscuuW518T5Z/3k2ET/pBtdfk7s3KQgnx0PydasbCt5+VR9cx0TNj/Ds5n3YvOswVq9cNJdhzjAMwzBMgo0bNmJsfPyUtCUkACEweOgQXt2yGX0L+2akijAMc2LCMMShQ4ewt38vatXqnKQ7KSVKpQ6Uy+XT3LtGb1StZy0OujGZytZSPLKcT2FxZo4IxEJCIoQhzcbujyDkTHdvDIN3P8MwDMO0gAVghmEY5oLgq996Wr3+w4/fCtH4yk7otV6JpMsz6fg8nihIIqMu7pGLd9u2bUo0JsEyjmNYlgXf91WtXVo2DEPlrs3lcigUCuju7oZhGEogzuVyCMMQlUoFURRh37592LVrlxJUqe9UA9iyLFSrVSWOTkxMqFq7R44cQTabxeTkJPr6+mCaJjzPUwL55OQkMpkMHMdRwnWtVlPtA9MxyeQCdhwHk5OTSKfTGBgYQBiGKJVKGBkZQa1WQyqVwsTEBNra2jA2NgYAsCxLCauFQkFtaxAEGBsbw969e3HllVcqITibzWJ0dBSWZSGKIrz22mu48847W4qySUE2eTzpuVXMNzmz9bhwfR2t2k+KyoRep1hNkxK//3/fgt/92581xu5afPuPPnqiIc4wDMMwDDQNRgBRGODJnzyOKAxPWqhVuo9AQxCSCEMfz7/wHG6783ZYtlOvkim1BRiGOQ4CYRjj0MFB+HMUf6eXPPU/YrLxWyOGbLQtICDrJcP1FRoAYop/NmDEgDQAxNMljPnH/9QhGr94BcxpTR5mS6FdQPLOZxiGYZgWcA1ghmEY5rxncGQS/7p2GwDANA38hxuXA2gW+Ujs1Z2gSXGX3uu1YZPxvxQrTdNoXhJ0fd9HOp1Wcc++76u6tY7jII5jBEEA27aViOq6LoQQyOVymJycVK5W13WVA5f6NTU1hZ07d2J0dBSVSkW5fT3PQy6XQyqVUu5iWi/1r1gsolqtIpvNIpVKKYfv+Pg4hBDo7+8HUI9vLhaLiKIIU1NTSqAmUbtSqcD3fYRhiGKxCCklqtUq8vm8amNychLlchmO46i+0/YZhoEwDJHNZgHUXc+ZTAa2bcPz6vVxLctCJpPB0NAQTNNEKpWC4zhNx2Pv3r3IZDJKfDVNUx2jpNibjH7WY7uTdXvJNdyKpOtXf0/u7OT40p3n9Lj7puUwzfrxf+BnW3Ho6OTxhjjDMAzDMEkksHvnTmx+ZdNpaFri+eefR2FqCjiTNUkZ5jyhVqvhwP79Z7am73GRMGTjewQAKUXd+StJAW6c+xv1WGJpSMSGgLRiwGD/6ekisfdnfth4CDHzY4ZhGIZh2AHMMAzDXAD83SMvqYsLH73zKphiWrzVXb2tooB1WrlCaT4hhBIKdYcwzaeLyx0dHajVakq4JfGPop7pYdu2qu2ru4Mdx1GCJ1C/gGKapnLUDg0NYWBgQNUCpihpz/PQ3t6OUqmEMAyRyWQQBIGaViwWYVkWenp6MD4+jq6uLkxMTDQ5mrdv347LLrtMibSmaaJSqaj4aeoricoUBe15HiYmJpDNZjE1NQXXdeF5HkZHR5FOp9W2d3Z2KqdwHMeoVCoIwxCe5yGTyQAAqtUqgiDAyMgIOjo6sGHDBtxxxx3I5XJqX1cqFYyPjzcJq+Tc1Y9NMt5Zd17TfCRuA1DP1I5Oqyjw5Lz6evVjr489IQRsE/jwbW/Cd5/chiiK8Y1/24Df+/idJx7sDMMwDHOBQ2dvYRThu9/7Hkql0mmw5gkMHjyEZ59+Bu+9+x5YFt9bzzDzoVQqYWBg4Gx3A0Ajxrkh/i6KI7xfRhiTJiAEhEz84pCAkBJSRjCkgBFHWA0JAwJoVKhlGIZhGIY5V2ABmGEYhjnv+fbj086PT9x9bUv3JwAl4BIkyOkCMYAZz8l29Hq/uqhHtWmfeOIJVbdXSqkEU9u2AdTr6AJ156u+vJQSnuehra1NrSsIAlVXt1qtYmBgAEePHlXicnt7O1zXRTabhWVZ6OzsrF8IBZBOp1GtVlEoFJDP59HZ2YmpqSl4nodUKoV0Og3XdZHL5eD7PpYuXYqxsTGk02mUSiXlJLYsS4nQcRwrVzP1vVqtwrZtmKaJw4cPo7OzU0VT9/X1IZ1OY+fOncjlcjBNE5lMBqlUCpVKBUBd4O7r60MQBCiXy5icnITv+yiVSiiVSigWi6jVasjn802C/p49e5oct7o4mzyGek3gZKyzLuy3qu9L02j7SYROttHqBgOaVxenaf2ffN91+O6Tdef6936ymQVghmEYhjkRWgzz0eFhPPPMM5DxaXDmSYkoDPHQAw/gtjvuRFtbG+s+DDMPJiYmMHJs5Gx3o04jv9mCwJpY4irhIgRgyLD+Y50QgSPDgBARpIwhIGHEFtwomjYLMwzDMAzDnCOwAMwwDMOc12zaeRh7B+s1ZfMZF73t7ox6rUCzgEuCnB5rTJBQlxR/k+0kxV1qb3JyEg899FCTsCuEgOM4qFQqSijt6upCuVwGMB0dTDV36ZkctiTGrlu3DsViEYZhoKOjA/l8HosWLUJbWxuWLVsG13Vh2zZc11UuWiklhoeHlct2fHwcqVQKCxYsgGmaaGtrQxAEyGQykFIqIdZxHLU8Cde1Wq1pP1LdYs/zUKvVUCqVkMvlYFkWLr74YlV3uFarYdWqVQgb9fny+Twsy1L7hWKcLcvC1NQUarUahoeHsX//foyPj8MwDBw5cgQLFixQ+5NcwFu2bMFVV101I2a5VQ1goFnU1+Oik+iuYjqWNC6SQm/SZUy1oXVhv5U43dvmIOXaqNQC7Dwwglf3DOHqSxfOceQzDMMwzAWMBDZv2ozRo8fqEc2qiO+pQTTWsWPHDvTv2Y1rr3vzKWubYc53hBAYHR3F5MTU2e4KAEp6logRw5SAjQCGNGBKCSHr05rmlzEkYliRidCUgIhU7WCGYRiGYZhzCRaAGYZhmPOaf3lys3r9Xz58Q0vxF0CT0JsU7IBpkdCyLCUCt1qGhD0ATW3Q61KphOHhYURRpFzAruvCsixUKhVVF5hcukIIeJ6n6gJns1nllLUsSzluH3/8cdi2jXw+DyEEstksVq1aheXLl6OnpweZTAau66JUKsGyLFVXuFwuI5PJKAdvd3c3bNtW81FMdBzHsCwLqVQKtVoNlmUp5zBNo8hqqpGr1zKO4xiZTAYdHR0A6u5my6qfhlQqFeVqLpVKyGQySKfTSsjVI5lJECYHcUdHB/bu3YvBwUEsXLgQtVpNiammaeL111/H6tWrEQSB2p86SYE3GQeuu3j1+GYSbZNR0Mn59bGjt6uPQ11A1vsURRF+80M34E++9Wx9LP9kCwvADMMwDHMcZMMCLAA89dRPUatVG+Y9cYoToAUkJAqlIjZsWI9rrrkGhmm1PMecHxQhS+3Q8xtwMScXTSbaajeknYg3vn1z69OFScOGOuP4z+fY6zvyXK5JG+PI0CD8oFZ/q3f1LI0FAQFTCghZPw4mGuVaWvRHSAEBE1IY9brB8tze26cUCTQdJNE0gWEYhmGYcwwuVMMwDMOc13z3iWkB+D03rFCvdYfmbC5PoHVUsO7eJPTI31btk+hXrVZV7Vxqw/d9jI+PI45jRFGEbDarHLckpEZRpBy8URQhjmOYpgnP8xBFES666CJkMhm0t7dj9erVuPbaa7Fs2TIsWrQIlmUhDEMUi0UAUPV2y+UybNuGbdtKTNZr9tJy5MT1PA8A1Dqp5i5dNKxUKoiiSInbQD3OulgsolwuK2HWMAyUSiV4ngff9xEEASqVCiYmJpQDOgzDJnGVxGLXdZWYvGDBAuRyOfT19cF1XSX+hmGoIq/XrVs3Q4Rv5fil7UiKsHS8idnE3eRYSo4P3Q1M69XnS4rBdHPB3W+bHrN6lDnDMAzDMC1o/Ok9NHAQzz/7bOMzccpFJfq7HoURnnzySRSKhabPT55kR0kUfINN6g+9WTJHSznjs1aPpvlOdZ/mgzwFj3OSVsf/ZNo4ZzcQABBFMQ4fPowoCk/1rRknhRqKAoAhAGFAqH8tfhbo3N2Q9V8vAvWrq2d/U04/AoCQ049z+weKYRiGYS542AHMMAzDnLe8uPUADh2dBAAs6s6iI2PNuDBHgp4u4OpxvCQA6nV96bUeEZyM76XXuuhomibS6TRM01SuWHLPUvwzzU8ib7VaVVHS5AY2TROpVApBEMAwDIyNjSEMQziOg66uLnR2dqKvrw+5XK6p/qxpmvB9XwnNURQpkbdSqSCdTqNWq0EIoQRY6jetC5iuTez7PhzHQRRF8H1fCclBEMB1XeVm1vdLEATwfR++76NQKChxm0RjciPbtq36YFkWqtWqEqBJIM1ms5BSYtGiRTh8+LByNpOT2nEcDA0Nqf3fSpSl40DvW8VEzybu6mJyqwhn3Smsr5PGGznJ6fjQsrpQ3pkVWLwgh8GRAg4OT2DDawfxljctmffPAsMwDMNcCJCY9OBDD2FsbKzx2WlYD51PSInt27Zh27ZtuPHGt81IBjmJlqdfSk3KewMboZaXzc0oLVgCR44cwe7duzE6dgyVSrnpfNlxHHR2dGP58uW46KKLVOkP5Xo8ib7N1qfZZj7Vx/DclKuaj/1sk46LlBDkgz9VO63F/n+j7VfKFQwNDSEOo1NicmdOAXP8fcPmfYZhGIb5+YIFYIZhGOa85V9+skW9/vxHbmopAupCXlKYAzBjGV0wbiX+tooL1qdVKhUlkIZhqERCqs1LbZVKJRW9TE5f3/dVxDOJsuPj4yiVSso1vGTJEjiOo4Rm3/fVuguFgnL0AnUxlvpCQrBOHMeq3m8cxwjDELZtw/d9mKaphGAASrgNgkC1RRHJJNiSUEzbVqvVlBsagBKNab+TKEyx21SnmERjipjO5/OoVCpKJI+iSInpvu/PKtjSNtL7ZAwz0UrYpT7r26c7efXnVjcI6DcakBs8uc4oigAAn/3AW/GFr/8UAPD9J7ewAMwwDMMwsyClxOjoKH7y5E8QR42b906nQtE413jg+w9gzerrkM6kT0mzQRDg8R8/hu3bt0HGEnKO0csXLb4I//H970cmk2l0TwBSQkJCoH4+ODIygo0bNuCVl1/B9m3b0N/fj8nJSUgZt2yzfn5SX38+n8eqVatw/fXX413vehcuW7kKtm03xeTOLSa6cd4jgcD3MTY+jonxcUxMTqJYKKBSrarUnMD3MTY2hqHDQzh69CjGxsYwMTmBSqmMcrmMMAwRRVHLmzGT2yGEgGVZyOVy6OnrxSXLl+Paa6/FzTffjEsuuQSmac1jG049dIPlD3/wCF577bXGsUPDYnpihJSwbBsf+MCHsOryVdOfv4Ht2bu3Hw98//uYnJxs7usb2EVBrYaN69c3fy87QXvqO1K5jAce+D7Wb9xwwvW05fO49yMfxbJly2ZMOx3HuFXK0FznB4DJyQns3rULAwcP4tjICIqlEgLfPzPauARcx8U973sfVqxYPuuYEwBiSFUHvVqtob+/H/179+DI0JC6wbcx+YyxYEEPPv7xj9f7eJZ+fhmGYRjmXIQFYIZhGOa8REqJf3lyWgC+dc3Spumt6vOS6KZPI4cofZEkN/BsUcK6gEgin+4EJdEyDEPllgWgnMAkCpNwaVmWqpfb1dUFx3HgOI6q81ssFpHL5WBZFpYuXQopJRYsWKBEXxJdaR36ujKZjIqUdhwHtVpNXXiiGGWKhDYMA5VKRbmQHcdBGIbKiUxCMl2Ak1IqQZn6MDk5iVqthkqlorYPqMc7W5alxFDHcdR+9jwP1WpVOZepxrAunkspcemllyoxmfpB9YKpLRJc9WPX6maAVs86JP7qIu+JBONk1DSNj2SkeHJcAcDta6YF328/vglf+cwv8oUNhmEYhmmBEAI7duzA4MAAJCQMCGj65alD0vrqzy+++AIGDx3CylWrZl9mHkRRiKefXosf/uAHiMNozn/3L16xAje//e3IZDLaeUp98/ft24v77rsPjz/6KAI/aEzTXafHE1Dr0wpTk3h54wZs3LABf3v/3+L//dVfxSc/9Sl46dRxlp2JgMDhwUH8/u//Hp5//nmENX+myzRxnj5rWw2RW6+a23o+QMoYYeBjYnwME+Nj2LVjBx7/93+HaZr4tU98Ar/2659EuiGen2loGx3HwcTEOL77nW8jCsN5lgCu+3/b29tw+eWr6hWF39A5o8T69S/he9/9DoqFQmMVb/yHKXnePOdxIwT8hni8cf36E87f19eHO9/5Llx88cUntb6TZT7bI6XE4cOD+PrXv44fPfIISqVSy/F+uvssJZDN5nDddddhxfLls/4gycbPWuD7+PFjP8Zf/sVfYODAgcbvwpk3W58JJIDLVl2Oj3/84/wdiWEYhmESsADMMAzDnJesfWUvjo7Xa94u7MohZYuWApseAax/YSTRMBnjTLHJuqgHNAt71JYuAlNEc61WQyaTUXdH68KxbdvK7UDirWmaqNVqaGtrQ1tbGwzDULWAyTHsOA7a29vhui48z1MiNMUtA81OV4pVtm0bnuchlUpBSolarYajR4+qPpMQTI5nctWSmziTyai4Zb3GLfWbhFoSfavVKsrlMoIgUOIwzeN5HlzXxaJFi+B5HqamplAsFtX+tm1bXRDxfV+J5+TYjuMYtm0jk8lgfHy8ybldrVZVxDftg1YXJ/Rt0OclJ64e60j7gYT9pFM86TROjhF93bS+ZJw0OdHzaRu9nRkMj5UwPFbEC1sP4G1XT1/IYhiGYZgLEklPzWLJs2vXolKt6LOcoI26Qiwxs1TECcWExgoKU1PYuHEDLr10BQzrVFxmEZCSAq2l+uxEjB0bxcjRESxdtgyGAEaPjeJnP/0pHn30R1j/0ksIav50Sy2E1fm4FsMgwN/e/3Xs2PEa/r/P/RYuv/xySDl3B3CtVsPg4GEEtRqEnP1YzSb+trqJby79bvU+iiLc//Wv46WX1uM3/stv4q3X3wDDNOqxuGdBULr++hvR29OHocFD9Q/m2AcS5zZu2IjR0TF0dXfOXZCT+sv6MpOTk9i6ZQsq5XLTOs4WelmWOc0PEv6n5y8Wi/jnf/xHvPDCC6e0b0uWLsHnPv8FdHZ2Nq0faPWTKwEpMXDwIL79rW/hkYcfwdixY019bVV25vSOxXotXylnz1yn72Frn/op/s/f/z02b94MGcUQmHkz7Jn8uaHazE3r5khxhmEYhgHAAjDDMAxznvLYC6+r17/yi6tnRPISyS/ZyWjgZOSzvozehi4k6wKj7gCWUmJgYADFYlHFM6fTaQRBgGw2C9/3ldhIjlgSR1OplBJ3qa0gCNDT04NyuazmdxwHpVJJzVutVlU/4zhGLpeDbdtIpVLIZrPKVVupVDA5OYlKpaLilpPoFyHS6TTiOFbuZNu2m/aRvh8p9lmv+avvS9oXUkoUCgUcO3ZMbbuUEuVyGdVqVUVM6zWJoyhCOp1GW1sbqtUqstlskyDc0dHRFEVNfdIFfiIpzuqR3rPV+KXt1OdJOn6TTnH9s1btkvCrt/Er71mDP/nWc2psswDMMAzDXPC0qB1aKhTw0yd/gqhRimJuzdDf/+bSH/MRMMIgxNPPrMX7/uP7kLay89iIWdAKcQox97rCpWIB+/ftw9XXXI1169bhD//gD3HowAEI0drdO5dtbDlPQziP4whPrX0KU8UpfPVP/xRLlizFXIRqkmyErO9/IQAKoD7ZKson2pYTbXscxXhl4wb87m//Nv7ky1/BW976VpX6cibQ+3PJ8ktww0034OEHH5q3A1gA2L1zF17dvAm33nHHSQlx5KoeGjyMLZs3q4Sks8nJbcfM3ReFEfb192PDS+tOTccaTE6Mwfdrc5o3jmMMDBzAb372s9i+dRv9NDT63PzdJPnZaUVIQEg0hybUKwNLKRGHEb79zW/hq1/+EsKwOUVAzOnn/vRhYPrGFoZhGIZhpjnZc2uGYRiGOad5bst+9fod1yxtGflL0EW+2URePTY4GfVMr2maXhuWBEQAKva5vb1d1celerokntZqNdUXqo8rpVSOX9M0VSQ0AFWXN5PJKEcsxSCHYYhyuQzf91GpVFCpVOC6LgqFAvr7+/Hqq69i165dOHLkCA4dOoT+/n4sXboUy5Ytw6FDhzA4OIhSqYRKpe6gIUdvcpsdx1EiN8Uvu64Lx3EQRZEStIvFYlPdXxJJy+UyBgcHkcvl8K53vQsLFy5Eb28vOjs7lTM5lUoptzKJxLVaTcVX07HyPA/AdKR0pVJBV1cXTNNsmi8Z603HSnfzJsdG0g2eFH/1z5MCsj4m6LjR9KQQnHQJ0+Md10zHQD+7eV+LEc8wDMMwFzZCAj/+8Y8xNDQ0J0coIRuPTC6Hez/2UXWeNT+no8TGjRuxd+9e9Xf+bBCGEZ54/Mf4zCc/iU994hM4dGA/TrsVTkq8/PLL+OpXvoKjR4+e3nWdRmTDS37w0EF88Yt/hFdf3XLW3K6ZTBZ33HEnenp6MJ/jR99yRkeP4fnnn0epWDzpPkRRhJ07d2Lg4MGWKUrMySGlxJbNm/HpT30K27Ztr3+Gs+usPj71ftWqNfzTP/8j/uIv/gxhNPNGYYZhGIZhzk3YAcwwDMOcd1RrITa+fki9X9abg2j4Clq5MXXxr5V7Mxn9q18AadUegKZauPReCIHe3l4lBgtRr6dLYiZFLJfLZeVutW0bQL0emG3biOMYtVpNiZqe56n6uFSn13VdCCEQBAEKhQKEECgWi5iamsKCBQtwySWXIJvNIpvNwnVd1b/+/n74vo+Ojg7EcYzR0VHkcrmm6GtqFwBSqRRqtRocx4HnebAakYe03RRfXSqVMDY2hnK5rNzFjuOodV133XVYuHAhhoeHkcvlEEURUqkULMvCwYMH4bouUqmU2haq8Uvx01SDOJfLIZVKKXdvGIY4duyYisFOive0z0ikppV7dpEAACAASURBVM9aXeRq5Rqnz/Vaz60inql9Eoip5q/eDt0UoIvDuhi9rDen5n1x2wDCKIZl8n18DMMwDCOEAGKJUqmEBx94UJ1jzW1hALGEMAQuv+JyfOqTn8Kza5/G0NDQ8QUZob+s/+0vTEziBz/4AVauulyd051phACeeXpt0/vTs6LEy1hi7U9/hhtvfBt+6d57z6hz9lQx7WQEdr2+E9/+1jdx6aWXIpfLn7E+qMhgQ+D6G27AFVdeeVKiehRFePHFF/FLR47gslzuxAsAM4zb1VoNWzZvRqVcnrcjnmmGHLVSSkyMjeOv7/sr7Nm5C0K/Qflc3r1S4uWN6/G/77sPlVK50d9zucMMwzAMwxB85ZBhGIY571i3/QCiqC6kvemSBTAQt3RjJGsqJZ8pOjg5jWjlAgagIp/JEazXi+3o6EA+n4cQQgm8JA5TvVrf9+H7PkzTbLqASEKj4zgQQjQ969tHdXdLpRJKpRKGh4dhGAY6OztVHd5isYhKpQLbttHf39/kTrYsC2EYIpVKYWJiAuVyGbVaTcVFA0CpVFJxzuToJaHW8zzlRhZCKMduGIbKUVytVrFw4UIsXrwYrutiYGAAhmFgz549ePrpp7F582Y8+OCDePjhh3HgwAFs27at6bgAQK1WQxRFKj4aAHK5HEzTVMdjeHhY7Wdadi5xarM5h5KR4frr5I0D+gXo49XxopsMaLzo7nElGguJxQvqFyCjKMb67Qdn7TvDMAzDXAiQcxeNv8e7du3C7t2759+OAGIpcf2NN6K3rxfXXXed+hs8p+W1mwKffPJJDA0NzbsPpwqJRpRyY+eo92eAWq2GRx5+GIODg+ewm/F4NPaWlEAc45m1T+OZZ55GEPhnpSf5tjxuue1W2K4zvwXrdlIMDAzg1S3zdzGTG3X02Ci2vrp1XssysyOlRLVcwTe/+U288MLzZzUpYK7Qd5axsVH8zd/8bxQKBTW+GIZhGIb5+YAdwAzDMMx5hx7//JE7rlLCmu7QBKZr2upCXCvnJtXX1edNXhic7TWJjq7rwvd9JZJOTU0hk8nA932kUin4vo8wDFX9V6rBGwSBiiJ0XRemaaJarartcV0X1WpVicAkfPq+rwTSjo4OjI2NYdeuXejv71fb5DiOqqlLdXyXLFmCvr4+ZLNZFVOtb6thGPB9X/WdXMEkytq2jWq1CsuylPOWahGTUHvJJZegra2tfhf8xAQGBwexZ88eHDx4EIVCAdlsFqZpqujqn/70pwiCAKlUCm1tbbjrrrtQrVZx9OhRdHR0QAihHLTUj2q1quKi9+3bh5UrVx63Rq8eYx1FkXKu6Me7lZirj6nkDQNJ90sy7jlZXzg5Lglq52PvvApf+c4LAIBnt+zDTVcvazX8GYZhGOaCQqJuRnvxxRdRLBbmtyCg6qbecMMNMAwT199wAx599FFEYYhEMcyW6OeWR48MY8uWLViyZAkVpDyjxj51BioS72ebrwUn018BQEYxtm7dik2bXsHChQtVis2Je5Dszdl2FkpICIyNjeGJxx/HjTfchM6urrPSk7e85S24eNnF2LVrFyBl3W3e2D0nqHgMv1bFuhdexN133w2rcSyEXhT3eA0IYM+ePTh06NBxZmpmvpLgGznKP5fyoxDYu28fvv3tbyEMQggJdSznhEy8PB0/Ji3WEYURfvbUz7D+pfX1tAQh5vJrMdlcE6f1J3yunWMYhmGYCwR2ADMMwzDnHc9rAvBNV100o/4vCcJJoQ1AkxBH7l1aJo5j9dDrsyZjgEkE1JcloVWvHev7vlpGjylO1qe1LAvVahVBECCOYziOo9ylpVJJRTQTURShWq2iUqlgdHQUzz77LB599FFs2rRJuXnL5TImJiZQKpVQLpcxOTmJ4eFhbN26FRs2bMBzzz2HsbExWJaF9vZ2dHR0qPUEQaDinKWUSKfTSuTOZrPIZDKqZjGJorZtw7IsLFu2DLfccguklHj66afx9NNPY+3atdi2bRsmJydx1VVXoa2tDWNjYwiCADfeeCP6+vqQz+cbd6CP4Tvf+Q5KpRKOHTuGIAiUsEzrIcHUsixMTk6qvgLN9XcJvZZv8m58eq+7vfVawbR9dBx197f+oDZaOYtbOYKTz3Ec4/ZrL9bGONcBZhiGYS5shPaiWqviJ08+jvgka1NetvJyXL7yCgACa657CzLZPOajItDf+8Cv4flnn0atVjmpfrxRDDRf5Em+Px1QHKwwDYR+DS8+/zyq1blsf4xpiUhCNB5nDwHAAISh3m3dvAWHBwfPaA8E6vWsIQUuumgpbrn1dji2W/+swax7qdGARP3c8bXXtmH37l3Ty83BuSkkEFR9vLplM6YKkye/MecA54pQLADEUYSX1r2AyfExABIwmr8nnFPQQARQLBTxw4d/UL8BwRCItWnnEir5gDgH+8gwDMMwZwMWgBmGYZjzijiWeP7VaQF4cXcawLTIpsfq6nHAAGYIdiTwkdCZnE8XC3UXp94GRSFT7V6gXjvXMAx4nqecu0kRmSKLyUlKdX09z0Mcx0p0pShpWif1o1AoYO3atXj22Wdx4MABeJ6Hzs5O9PX1YcmSJZicnEQQBLjyyitx7bXXIp1OI4oitLe3Y82aNXBdFy+99BLWrVuHqakpXHvttVi+fDkcx4Hruk0uVto/5JTWRVOKqHYcB0uXLsUtt9yCr33ta/jud7+LUqmEq6++GsViUQndURRhcnISHR0dysH83ve+F9dccw2WLVum1v3UU0+hVqvhyJEjqt6v7lgm8d73fVU7TRdZwzCcIbwmBX3ahjAMlTtb3069ljAtrz9Pj8m46cYC/QYCfVzp7SQvCEkpsXRBRr1/ehMLwAzDMAwjAEACmzZtxuuv7Zj/wo3Sm/feey+yuSwkgGUXL8M1a1ZDGPOvyymlxPPPPoeRo0cbjs1zE3Gcx8lC5zS7d+3C1NTUCWaeFjoNKQBpvOH1nw5GR0cxcHDgrK0/nU7j9jtux8JFi4CTGI+HDh7EuhdfVMlCqtbscduRODZ6DK9ufRV+47vLXDjemDqV42y+6zpXqFQq2LxlszoW80bboPnu6znvJ32HNSzAR44MYU8jQepku3yuHhOGYRiGuRBgAZhhGIY5r9iyewilSt1Ne9lFnTDQLNzqrl4S5ZKOy+Rr3f0JTAt6JHDqYqIuCpIoKYSAZVlKtL3uuusgpYTjOCiVSgDqQjEJljS/4zjwPE/V86X6vJlMpslVSgJrFEXYtGkTHn30UTz66KMoFouwLAvZbBa9vb1YtmwZ3vve9yo3rOu6GB4exubNm1GpVJTw+d73vhcf+9jHcOONN8KyLDzxxBP4xje+ga6uLvT09CCTycDzvCaRVQiBSqWCarWqHLF0gYNqGWcyGdx///0YHBzERRddhNtuuw233HIL0uk0hBDIZDLYsWOHin+mY9bZ2YklS5Zg1apVKqqa1r148WK0t7fDNE0EQYBsNtskoNq2jR07diAIghmCOR0rXbSPokjtH1V/t7EuXdRv5SDWx0lSRE7Wi24lGifHpf6ZaZowDWDlknoEYbFcw7b+I61+BBiGYRjmgoD+XgZ+gAcfeADRPN2/tHxnZzduu/02mFa9QpZt2/jYRz8KL+XV55mHj1AAGBkZwY9//DjCMGo6zzyTzHZ+q09LztPq85NhfHwcxULx+P0DAGkAQvf8TvuVZzs318+3TdM87qNViY35EoYhjgwdOenl3ygCAldeeRXWrFkDzNMpSufmzz//IkZHjjVuljjxNsRSYt/efXh9x476DRIt1ttqvMxn7LyRsTavZeS5IzhOTExg79699RtLThL1++g0bVSrMPahoSMoFUsn3+Yp+J0yzzWeofUwDMMwzM8HXAOYYRiGOa/YvPuwev3+W69oiusFZkY8R1GkRD4dEuB0IU6PktZFOsuymtzAJDTTOui5VqvBtm2sWbMGDz74IMIwhGmaKs6ZIpZJMKV+R1GkXMR6fDSJzLZtw3VduK6L66+/HldddRX279+PyclJHDp0SAnWCxYsQF9fH1atWoVisaicxbZtw3EcjI2NYeHChXBdF21tbVi5ciVSqRTWr1+PyclJPP7441i9erXaZhJRLctCEASQUiqnbLVabRKaOzo6YJomUqkUent78eY3vxnt7e2wLAuXX345XnrpJYyPj6OrqwuO4yhh+84774QQAvl8Hps3b0Y2m0Ucx0rQbmtrU2K0lBL5fB62bWNqagptbW2YnJzE/v37Yds2KpUKrMbFXd2NSy5rff/Ta5pfH0N0vHXHNonHNF/SwZucloyDptd6HWd9PFG/7r55Ff70uy+osX7Vir6T+TFhGIZhmJ9/hICAxPCRI9j40nrI+OSEkVVXXI7e3sbf08byN7/97Vh80RLs3rUTMQBz1qVnEscx/u2H/4YPfvBD6OjsPMNVgOsky0rEdF7ROOcRhgFhWE3nuvUZI4RhcFJiDbVVqVRQrhw/AloIARgCjuvBS6Xq2qYQgDBhWRZ6enqwYsUKLF++HMuWLcPixYvR09OD9o525LK5E9QXrrcV+D7Wb9iAr3z5S3ht29Z5bw9QP5bj4+NnXPxVxw8SXsrDO269BY8//pi6QXKuywPA1ldfRX9/P/oW9jXabMyTWIa2MQxDbN++HUePjtRrO8uZJXP09ZDgLoRADGPWeZvXFSP0a/MSBqfPrw1Ylg3DOvHlTNtLQYiz73uRUmJ8fBwjR0cgJWCcROyzlBLSEI2xb5yG3ysSjutBGKYSzmMZ49ixEfhBcFItxlJCGPWboBcsWADXdU9tlzUuvrheKkfKed8rwTAMwzDnNSwAMwzDMOcVew4eU6/XXNrXdGGLLjDo8cV6DDTNQ66CVq4DXQzWL3CQmEx1fvXlADQJe1dccQUWL16MY8eOQUqJarUKAMoxK6VUrlpqj8RavS29n9lsVq3TdV14noeBgQHEcYzR0VH4vo/Dhw/j9ddfxzve8Q5s2rSpqe7wxMQEbNvGvffeC8MwMDk5iR07dqCjowPvfve70dvbi46ODoRhCM/zlKM2DEMEQaBE0SAIEEWRirAOggCO46C9vR1SSrzjHe+A53k4duwYDhw4gOHhYdx6660YGxvD66+/jqmpKXVR77bbbkNnZyf6+/uxbds2CCGQTqexaNEidHZ2wvM85PN5WJYF0zRRLpfR1tam3MSVSgWGYeAjH/mIEqh1YZYc2rRPaWwEQaAEeBJuaRoJv7TfknHh+jjSpyXjnHVIECZnMn2mjzta99UrelqOdYZhGIa58JCQEtj0yisYGxttfDJPDVgAb73+rbBsi5oEADiugze/5c3YtWvnyXQLAwcOYPeu3Xjr9defFQuifqZh2TaWXrwMK1euxMUXX4yFCxeio7MT+VwbHMeFYUyftxSnprBu3Yt48IEHMDk5v/qv+jlvGB5fMJIAFi9ejL+87y8RhREs24LrOXBdD+l0Rt2AB0DtP124jHEiJCzXxk0334Q/SP8Bfvtzn8O+ffMvnyEBdW6bvFn0jCGAq6++GldedRU2btgw7xjdyckJbFi/HjfddNOc3KfFQhGbNm3C8ZyUdK5r2zZ6enpw0UUX4eKLL8HySy/DFW+6Al1dXccVgicnJvDnf/pVrF+/fl41cOs3e+bwq5/4ddz5zneecH7TstDX19f0PfBsQDcS1PzaSf866O5ZgI9+7GNYs2YNPC996msHSwnDFFi+YsX0R3GMQqHY9N12PpimiQ9++Jfwmc/8Z/T29jbE+FOv0Eopm2pkMwzDMAwzDQvADMMwzHnFnkPTotjiBXVRVL+7PFnzt5UYl3QJ6+Jgq7g83dmpr4fWRQ5REkzT6TSWL1+OI0eOIIoipFIp+L6ParWq7qAnMZFctBQJrcfahWGIWq2GXC6n+mOadeeEZVno7u5WrldyCo+MjGDr1q2466678MMf/hDFYlHVFP7lX/5lhGGIF154AWNjY1i8eDFWr16NpUuXYnBwEMViUW0zuX7jOIbjOGpfkTu4VqshnU4rcTubzTbV6V25ciUuu+wy5PN5+L6P97znPXjnO9+JzZs3o1gsore3F93d3fjRj36EYrGIKIrQ2dmpYrENw0BnZ6eqp0yiuOd5cF0XlUoFruvinnvuwcqVK1Eul1V0NDmxqZ8kpFO0cxiGKlI7eQOB7sKmfa5DruHjXWRKunLodXI8tvpsaW+ber3n0Ois62AYhmGY8x5Z/1v56GP/jmqtWj/3mmcTpung5re9ffpvuxQg4euGG27CQ99/oH7D3FwbFgJCANVKGeteehHXvvk6mJYF4wypwHSels7lcMONN+F999yDt918M/L5/AkFI1r25nfcAst2cf/99wPx3GO1m252i4+vxggAjuNg6bJlWgf0qU0dA9VqnmWO47Jy5Spcs/paDAwcRBSGc1pY3ZCHxvna2RSXJLBw4SLcduvt2L51GyrVCiTknMdUFEfY+MoGjI6Porure/YZG9t8eOgw9uze1QjjFrPuL7rRc3BwEIODg1i37iV0dHTij/7n/8QNb70eMIxZlx09NopUOgsIYzqW+gSbQ+fEpmmit7cXl1562UndXCEE4HopZLL5GdOCMES1UoFA/bvbbG7p+SJjiVqliiiYLjMzVwE3lhK5fB6//Tv/HXffc7e2Haf/d4oEEAYBhJR1x7Gsl6KeKwsXLsRvfPaz6OnpmS4ALMUb/3lK9EHVtp45iWEYhmEueFgAZhiGYc4rdmuuyM5cCmh8gQeaXbi6sJYUbfXpugO0lSDXKsaX1qWLhbRecqouX74cL7/8shIZSdTNZDJK2CWXL4mc5AoG6m6EIAjgeR7iOIbv+3AcB7ZtN0UZp9NpJRKnUimkUilMTU1hamoK73znO1EqldDb2wsA6OnpQalUQnt7OzKZjFrP2NiY2g9xHCOVSimxGoCKsCbnrC6k2ratRFF6Hcexej548CAOHz6MOI7R3d2N66+/Hr7vo1KpYGJiAp2dnejr64NpmigUCgjDUAm05Ih2HEc5fA3DQE9PDwqFArq7u/GhD30IIyMjqFarqp5yd3e3is/2PA+e56mLnqVSCQsWLECtVlPjwXVdFdedFPx1cR+YvmEgKfImXebJiza6w1xfPuki7shMRx7uZgcwwzAMc4Gz8/XXsW7dS6iH5dYFm/kEvl533XVYcemKltPWrFmD7p4eDB06NO9+xVLiySeewL33fgQLGudZZwohBD704Q/j85//grpJb65ikRACwhB4281vwwMPPICxY0dPZ1cTK6cXp1ZtNU0L6UwGwjj7UcAngxSA49i444478Nij/45tFGc9V6VLSuzZswcb1q/Hu3/hruOOhTiOsfXVV3Hs2Mi8+2kYAle86U24ZvVqyJO4GeN0Q+fguXwe/+MPfh+/+z/++4x5nn/uOfz25z+PwtT83O9zoV52ZjpFaK4IAEuXLcXtd9x+5p3MkuoOzx8hBC65+BJ0dXfXkxlIUJ/9ngKGYRiGYU4DP59nwAzDMAwzCzv2T1+ociy0FGuTwi8Jra3EN/0LerKGqx7DTJBAqLepO4fjOEZnZ6eq6+u6rnLsUpSx3l+93xS97DiOEntrtVpTXHUURUpoJsG3o6MDjuPA932EYYiuri4sWLAA1WoVqVQKlUoFU1NT6O/vR39/PwYHB+H7PlasWIHe3l5VY5fcu9QvqtNLkc1hGML3fSVAA1DL6QKp53lq2+t38F8Kx3GwY8cODA8PY2JiAkIIFfNM9Xtp2a6uLriuqwT2arWqnMdSSnR1dcG2baTTadx///344Q9/iP3792NsbAw9PT1IpVIYGRlBLpdDFEUYGRnB1NQUxsfHAQCFQgGlUkltT6FQaHKBJ53dVKM3WcdMF3qTQm5SGNbf6/WBkzcXpNzpe/d2Hpj/xTmGYRiG+XlGP4eL4xgPPvAgyqXiSdXDNC0TH/6lDyOVSjUab0xoNNXb14ebb7755KJ/pcTuXbvw8saNiBvnRGcSAaGSWeYl/jYe2f+fvTePkuuq730/59Q8dnX13C21WvNsW7ImS5ZtjEy4gDGGABfIigFnXdZKMCHkZt0scpdxIDzIRAIvLwTeei+GAH6GGMcGjzKWMZJtDdY8taZu9TxUd83zcN4fVXv3qbYsd7VkW27vj1e5Sl377LPPPqe6T53v+X5/Hq8Uj99sLnX+ND1t52rwjhSdDCrRthpdixaxcdOm8n6toQsNCE9Msnv3HhKJBBjGJZfXgEQ8zpHDR0glkzMfYmUfOZxONm7aVIlc5pqbcPM5tdPpxOPxvObhcDjfVGetOJRrOaY1TcPr9eL1ei+ZaPWWYBjM5saMWCJONpsFTWzz7PqZGobxmodCoVAoFIrLowRghUKhUMwZRibi5CrRWq1Bb/kCR+VCllm4g+oLiOLZLP7C1IWw6aKwaCucrGZRT9RyFT/P5/NV/Qm3alNTEw6Hg3w+TzqdxuPx4HQ6yeVylEol6urqpKtViI/FYhGHw0Eul5PuX7PjV2yLcOC6XC7a29vp6uqis7OTxsZGkskkQ0NDjI6OyvFbrVZcLheRSASPx8PatWvZuHEjTU1NaJpW5QAWIquIUxbir7lebjwer4q8Fm5f0Va4azOZTPmCkcPBsmXL2LBhAwsWLKC9vR2LxUIymcThcKDrOoFAgPb2djo7O2lpaSEYDMptt1qt0kUN0NjYiKZpNDQ0SMfwyMgIAwMDuFwuBgcH8Xq99Pb2kkqliMViMg46Ho+za9cudu3aRX9/P9lslmQyKedXbMulXL7mSHDzsTK9zXRR2Hx8TO/nNZHlpSL1PicA8VSWiWhqph8PhUKhUCjmBOJvamg8xEsvvYRRmp0Q0NbezsZNm9CtlktKEpqm8d8/9SnclVSUWtDQKBZLPPbYYyRrENOuFppWm8j0en28lbyeoFP2DZZm/dDKNsa3YhOuOlLA18Bi0dl2y3bqAnVvvOA0SsUir+7fz0B/2c1+qXk2DIPBwUFOHD9W/u5R45Q1NTWx7eZtaLr2tiZmvx7mGxxen9m5Xa/uGKaNyDAo18597c3JbwX6ZaK8L4dhGJzpPsPzzz+HYRQp24lLs/4sKrFXoVAoFIrZoSKgFQqFQjFnMNdE3bp2/mtidQWXcmWKf0+P6DWLu+L167UTjtRLtTG7RUOhEFu2bOHBBx/E6XSyfft2isUik5OT9PX1EYlESKVSOJ1OGZ0sXLTCJSxcp1arVY5duG6FMGqz2XC5XDgcDjl+4WqNRCIUi0Xy+bxs09zcTH19vRSWRRSzEFZLpZIUtM1x2sKBLCKe3W63jH+2Wq0y5lpERYv4ZYfDUSXyNjY24vV6KRaLtLS0VNXgFbHYYl3itXn+RY3huro6LBYLFy9epLm5mWKxSH9/PydPnsTpdFJfX4/NZmPv3r20tbVRX1+Pw+FgdHSU4eFhVq5cSSwWI5vNyjGIiG2gSvQX6xfbOR0hBpujos3HlNlNXY6Gm4qYNh9XZpf39usW8Pie7soxH6KhrrP2D8vrcPToUZ544glCoRD/+I//WPVeLpfjBz/4Ac899xzRaJT58+dzzz33sGPHjqp2jz32GA8//DBDQ0MEg0E+8IEP8LnPfa7KQXXkyBG+//3vc+bMGRwOB1u3buW+++4jEAjU1GZ0dJTvfe97HDhwgHw+z5o1a/iTP/kTli9fXtO4Z9KmWCzy0EMP8etf/5qxsTEaGxu57bbb+OxnP4vb7b7yyVcoFApFTZw8eZLB/n5EtdZa5YG1a9cSbGh4zc9FTCmGwZo1q1nQ1cXxY8dqHp9mGBw9cpT+vn78a964Bu+7GcMwSKVSTE5McOL4cY4fO87A4ADxeByjVJrF3p2iWDS40NNDIT/zesbXGgblKOhVK1dy440b2PnsszX30dfXz7GjR1m5auWl11Eqcbb7DBcvXpyVo37F8hUsWrRY3H1Q8/JvKdf48K4ZNCrpTzolateBM+kUD9x/Pxcv9nLrrbdOuZiN2r1IuqZhs9uxWq3YnQ75/VWhUCgUCsXlUQKwQqFQKOYM5pqo65a2AlSJaa9XN2m6U1OIfpeKhRZtzC6F6XVfhZg3veawxWKhWCwSi8XI5XJ88Ytf5Oc//zlerxeXyyXr5xqGQS6Xk325XC4Zfyxin0Wks4gxE+ux2+1TUWwOh/xiLPoQ29rV1SVr9orttdlsOBwOisUimUxGRiubhWMhRIp5KZVK0oFrFsnFvAjRL5vNyuhnIRrn83l0XSefz1c5i8XyQkQGZO1hsYyYz2w2K/ehcF6L7U4mk1itVvr7+7FarbS3t7N79246OjoYGRnB6/Xi9/vJZDIcP36choYGVq1aRU9PD0uXLsXn85HP5/F4PAwPD9PQ0IDP56NUKmG326UbWMyJOAaEE/pSx5v5fUDWaja7fsXr6TWHxWP98jYpAJ/tD7F59ZUJwKlUiv/8z//kySefZKBS53Dt2rWvafetb32LnTt3AuW6yz09PTzwwAPYbDZuvfVWAB5//HH+/u//XrYZGxvjwQcfJJlM8qd/+qcAnD9/ni9/+csyzjwej/PMM8/Q29vLD3/4QywWy4zaZLNZvvSlLzE4OChvkDh48CD33Xcf//Ef/yFrW89k3DNp881vfpNnKxdcPR4PQ0ND/OxnP2N4eJhvfOMbV7QPFAqFQnEZRGxqJVbWMMpy785nnyGbTVc1vZRAIUJHdaP6Z1u2bK3c3KVNa82UCqzp3LhxIyeOH5c3E85EyDUwQINIeJID+/eyYuUKeU6khOBqN9/46Ci//OWj7Hr+ec6cOU0ykah6/0rnq/It4HWjj98paAbUBxt4z4472LdvP9FIuKa5KRRy7N37Cnd95C7sznKaTPk+h6kEoSOHDpJOpQBjZiKwUXa7O5xONm3ZgttTviFOHeNzA13X8df5y99tZ/Hp0TSNaCTCd7/zT/zzd74D8nad2Y7Hgs/no6Gpkc7OTjZu3sRdd91Fc1MzaJq870AdXQrMBgAAIABJREFUfwqFQqFQTKEioBUKhUIxZzg/MCUAr1jQWCXSThfRXs/JWywWpeg43bk7PXbLLFSa6/6a/22+WJjP50mlUrS0tLBgwQLq6+upr6+XMcUul4u6ujpaWlrweDzY7Xa5nHDJptNp7HY7FosFh8Mh3amFQtnVIOKfPR4Pbrcbq9WKw+HAYrFgtVpxOp24XC6cTicOh0PWwHK73VIkFk5fs7ArEGMVLl4hgkJZ5DXX+xViNpQF3FQqVSX6msVT4erVdb1qbEJEFnHTwg0txiaehStX13U5LzabjWg0SjgcZmBggDNnzpBKpThy5AhOp5POzk4uXLhAKpWSTutUKoXf7ycYDJJIJEgkEvT19ZHNZqVzWmyr2O58Pi/nXSDmZbq7fPrxZHaMi3kTmF3rog+LxcKy+fWmY36CK2VwcJAf/vCHDAwM4KxcELxUGyGQ/tM//RPPPfccH/nIRwB48MEHZbsf/ehHANxzzz08//zz3H///QD88pe/lHP3s5/9jHw+z/r163nmmWd46KGHcDqddHd38/LLL8+4zc6dOxkcHCQQCPDII4/w5JNPsnTpUlKpFA8//PCMxz2TNufOnZPi79/93d/xzDPP8JWvfAWAXbt2lWvqKRQKheJNxwA0zWB0dIQXXthV/jtbEYZnXnZUw+PxsuWmm8p/g8Vyl+hH03Q2b7kJ+yydZoVCnt889xxJ9XeiCo3yudKe3bv53D2f5Tv/8A8cPHCARKw8T7OJyr3cujSMcqT1O1QX0pg6D7z55ptZako6eeOFtYo4ZnD8+HEu9PRc8vtMJBLh+PHjyJsgapir+fM7WX/jBvkd6ppHe52HogpN02hobMRmt816jmTyFtoVT3OpVCQSCXP+7Fl2/eY3/N23vsUH/tt/4+GH/79LRO2rHapQKBQKBSgBWKFQKBRziJGJuHwdrNRJFQKmiOed7swUgpxwuVqtVvkz83tCjDMLesLhaxb6xHtiObOgKoRh8TOXywWUxcSxsTEpgDocjnK8ld2Oy+XCarXKqGexfKFQwGKxYLfbKRQKUoCcHisslnU4HFJUttvt6LqOz+eTYqsQTROJBOl0WvYjYpvFHAgHbyqVkuOFsghaLBarxGExDuEUFvWNze5m4WbWdV3WRxbzbLfbsdlsOJ1O+fB4PFitVhkhJlzLZrHUYrHgcrnQdR2bzUYwGETXdcbGxjh//jyNjY2USiWefPJJ9u3bxzPPPENPTw+5XI6jR49y/Phxjhw5wosvvkhPT48U5a1WK6FQiL6+PqLRqNxWEUedy+WkEC3c3ua6wWLuxJyYEfNr3n/m48m8TFPdVC1C8zE/WzweD/feey8/+clP+NSnPnXJNocPHwagvb2djRs3ous6H/7whwE4e/YsiURC1pYGuOuuuwC44447ZKx3+aLiVF8f/OAHsdlszJ8/nw0bNgBw8ODBmtvcfPPNNDU14Xa7ef/73w/AoUOHZjzumbTp6emhpaWF6667jq1btwJwyy23yPkZHx+vcdYVCoVCMRs0AAN+/atfEQqF3qj5axfWyu7cW267jfb29jdcxDAMbrjhBto72msSI81tjxw5wskTJzFKKndW2LELhQI//Y8f8xd/8T85c7a7XCNUe+vrDr8TaW5uZtvWrVXpOzPCgJHhYV5+6WXylXNxmCp3c/78eQYHB2sej26xcP26dSxevEjVaZ2DdLR3UOevve70W4IB0XCYB+7/Gv/zK19heGjQ9DtEHYsKhUKhUIASgBUKhUIxh0ikpy5muBxT7lVzDLNACLdm56/VapVOWnP883SR1xz9bBiGFI0B6eQUscqiLyEKmgXNXbt2UVdXRzgcpqenh7GxMSwWC7qus3DhQnw+Hw6HA6/XKx2tdrtdrksIkELoFQK2uR6SuWawGItwAQsx2SySOxwOKciKuRMIETubzUr3r1nkFvMlhGkhYmuaJiOTzQJxLperqmFstVpxu92yvdhmIQYDVZHTou5uOp2Wc2KOs66vrycSieB2u2loaKChUufv6NGjHD16lHQ6Lff3iRMn2L17N93d3Zw4cYIDBw6wZMkSKepqmkY4HMYwDEZHR9F1neHhYTKZDFarlUQiIZ3IpVJJRjuL42H68SNEcbPwK8Zvjog2H29in7gcUxU8zMf8bGlvb+dzn/scXV1dr9tmYqLsNG5sbJQ/azDVTQyFQrKNuZ2maQSDQWBKJBUX7C/Vl3hvJm0uNyaxrlrGfbk2d9xxB4888gj/+q//Kn9++vRpAJxO54xEBIVCoVDMEpMzFwNi0RjPPP00RuXmvlowDAO7w8Hvf/zj2Cs3v73uais39DU2NrDjjjuwVM4/ZKb0G+gLYvl0Ks3jjz9OrlK24l1LZb4K+TyP/vKX/Mv3vsfE2Jh0t76THbpvFcIFvHXr1qpzlZlhkE6l2Pvyy4TD4ap3crkcx44eJRqN1ua81sDj9XDz9u243O4ax6N4J9Dc0szyFSuuGXF/ejKXhkYxX2Dnzmf5whf+B0ODg9fMWBUKhUKhuBZQArBCoVAo5gyJ1NSFNbt16k/c9Khhc11ggYynqjwLwViId1arVYpyIpZZCJpCIBTCn3D6CorFohRVARkTPT4+jsvlore3l6amJtrb23G5XNjtdsLhMC6XC4/HI0VWp9Mp3bNCfBXvZTIZKcTmcjkZwSacwmaBWsQ4m8cv3KnCNSuWt9lsUmgVDl6z4CrE3FQqRSaTkct4PB4Z1+zz+aQTOZVKUSwWcTqdMnZZLCPEWEC6ks31gc0xymKsZnFfuIdtNhsWi4WGhgYWLFhAqVRiaGiIWCwmY6iF03lgYID+/n6i0SiDg4OMjo4Si8WIRCJcvHgRu93OyZMn2bt3L36/HygLptFolGQySSqVqqr5nM1myWazJJNJOafmY0oI5aIOoHgWr8U2if1rvklBPFstUxflzMf8m4mYW/NxbR67iMEWXKqdeF+48c0XF0Ub8/H9Rm1Ef5dqI96rZdyXazOdZDLJv/zLvwBw9913V910oVAoFIo3lzNnurlw7nxNWqG5bdeihaxes3rGIpdhwEfuvpu6+sCsTGWaBntffpmBgQG0GQjHcxcDDIMjhw/zwx/8kGg0+nYP6B3L4iVLuOWWW15TPuRyCH39+PHjnDt7ruq9iYkJXn31VXK52s4rDWB+ZyfX33C9ilGeo3g8Hj7xiY9fm+e68mYcA93Q6D59mq997X4ymZQSgRUKhUKhqKAEYIVCoVDMGZKZKTek1aK/xkU5Pf5ZiDxmgW56lLPow1xj1ux6FUKoaCfcwELAEo5OEQMthMHx8XHq6uoYHR2lVCqxfPlyLBaLrDXb3NxMS0sLUHYYCoeuEA/N6xeCr2EYpNNpNE2TNWrNNWbNbmdA1hUWblq73S5jle12O06nU4qbQuiMRCJkMhkpBlssFhk/LURqr9dLXV0dwWBQXixwu90yulrMhXnezG5rEWutaZqsSWsel3m/5PP5KrFOCLyiDvL27dvJZrNMTEwQDoer4riFuJrL5UilUiSTSTKZDPF4nL6+Pnp7ezl79ixut5vGxkZisRhNTU1lN086zalTp4jFYgD4/X6SySRWq1XWOc5mszJO2xwnDlQJ6OLZHAttvgHB7BzWdR2H/eo6gBW1USwWuf/++xkYGGDhwoV8/vOff7uHpFAoFO8Kyn8PDV588UUSieSMdVTNoCK8GoDGunXr8Hl9M16vpsGCzk5WLF+BMQv11jBgbGyUo0eOUDJm08M7G3l+bZTP03784x8z0Nc3Ixd1dUfM2H091/H7/bz3jjum0ktmOh+GQTQSZv++ffKGSsMw6Ovr48TxE8xYMxOim6ax/sYbaTClqCjmFrqus23bNm697TbMCv/0j+Pb+pEU3+WLJV54fhcP/vu/Y0wrt6NQKBQKxbsVJQArFAqFYs6QSE2JYXab5XXr/sKU4CgQoi7wmrq3ZiewEHTz+bwULIX7VThhc7kc8XicdDoNTLkM4/E4NptNioxut5uRkRFuvPFGmpqaaGtrIxAI0NLSQiAQkKKsx+OpigkWrl3hSja7YEVEtHDfCrexrutStAWqLvoIcrlclSgu+srn89hsNuLxOIVCAa/XKx2+Yo4tFgsOh0POTy6Xk3MqRHGbzYbX65VC6/RobhHtLMZl3mYxh+l0WkZQ53K5qthlQDqKhZg+MTGBYRgkk0my2Sz5fF46lYXYLmKvY7GYnLNMJiPb79mzh8nJSUZGRqSI7HA4aGtrY//+/Zw7d46+vj7Onz/P0NAQY2NjJJNJcrmcjIYWAq9wU+fz+aq5F+s1x4eb58dcV9r2NjiAxbwWTXGb5teiXvOl3hOvRYy3OMautM3lxjSTNtPHfbk2Zr797W+zd+9eAoEA3/72t2Utb4VCoVC8eZT/HkIsFuWZp5+iZNQW/2xUxF+AbVtvxm6zoc3Urmho2KwONm7cjG61vHH713ZALptl1wvPk0qn3rUuSQN4ac8e9u/fS6GYn7Vj9F06fVVous6mLTexfOWqN25beaBpoGvk8zlefXUfobERoHyD6akTJwiFxmuowVw+hw02NLJp02YcNjuUeNcL83MN8f3D5fZw7x/9D1paWjEMbeY3CrzZaNWP8ndKg58//HMGZlHPWqFQKBSKuYgSgBUKhUIxZ6hyAOvVopl4mKN1zc8iGlmIc+K1WcAzxyBHIhGi0agUJpPJJDBVy9ZisZBIJIjH41IMFU5emKofnM/n6ezsJBgM0t7ezoYNG1i3bh3j4+Mkk8kqgSqbzVY5bs3bIERQs8BoFr1FZLWIbBbviYhowzBwOBxy7DAlghUKBSmciprEfr+/Sli32WxyPBMTE0xMTBCLxaQILNzBhmHg9XqJx+NVdYZFHWOxPWI7dV0nn89LV7AYk9hHokav2DYRUe31evF6vVJ4FvHMuq7jdrulO7e5uVnGZwuR3+12UyqVGBgY4OTJkwwNDfHCCy8wMjJCb28vyWSSkydPsnPnTnK5HBcvXmRsbIxsNsupU6cYHBxkcHCQZDKJy+UikUhQKpWIxWKk02mSyaSMkM5kMvLYFJHRYv6FqG0W6kulEjbL1OnbW+UAFnXmzHV+za/NNZZhqk6vYRhMTk4CUzV2xfOl+qqlzeXGNJM208d9uTaC73//+zz11FO43W6+853v0NHRgUKhUCjeXMw3TP3uxRfp6e3FKE3dQPaGy2OABiWjRGtrG+vXr5c/m/HyusaWLVtwudwYZtFhptuAwSuvvExvT++71pmWzWTY89JLTE5Mzq6DypzLo+FSFsTXe8xBAoEA27dvL5831qiKnzt7jldfPYhRMshkMhw6dIhSsVBDbK4GmsbS5cu44YYb0HRNKfNzGE3XuP6G6/mL//W/qKurQ9NMuqthSll4mzAo338AoKExOjzCvr373r4BKRQKhUJxDaEEYIVCoVDMGcwOYF2bihcWQmWxWHyN6xSq644KV68Qe83PQnwU9Xm9Xi9Qdhk6HA4ikQhjY2NEo1FZY7ZYLBKPxwmHw8TjcS5cuEB3d7d00y5evBin04nL5cJisTA6Ospvf/tbenp6pGApYpCFkCjcx+YoZSiLoiIOWgihQvg1x1wLoTOXy8ltFSKwOV5ZzIuISU4kEkDZqWt+FqKtmGeHwyEjoXVdl3HVhUIBh8OB3++nrq5OuoBFfLXZSTl9TKlUSoqjYh8KB7AQsQG5LrvdTl1dHW1tbXR0dEiRWWx3sViU+wwgEonI+OhYLIbT6cTj8cg5MgxD7o+9e/cyOTnJggULaGpqIpPJsHjxYjRNY3JykoGBATKZjJw3h8MhBXYh+ov+xTaKuRPOYLOreXpdavP17kT6rXEAr1u3DoChoSEOHDgAwK9//WsAlixZgtfrpb29XcaWP/744wDs2rWLRCKBxWJhzZo1VX09+eST5PN5hoaGePXVV6veq6XNSy+9RCgUIpvNsnPnzku2udy4Z9IG4Be/+AU//elPsdlsfPvb32bZsmVXOq0KhUKhqIF0OsMjjzwixd9aazxqms4H7/wQwcYGmLnVsfy3F43lK1ewbPmyqpsLayEyGeGZp56iMC0F5N1CLBaju/t01XlpLciSGJX/Zrwcxqz21zuBjZs3Mb9rQTlavIbtm5yc4JVXXiaRTDA8NMS5c2drW7EGDqeTTZs20dTcXOOoFe9EdF3ngx/8IPc/8ACBYHDqButKbe9riXw+z57f/e7tHoZCoVAoFNcE1jduolAoFArFOwOzA9jAwKjENwvH6/QarCXT+yK+2ePxYLVapbgo4oJdLldVXV3h1tQ0TYq9wilbV1dHJBLB5XLh8/kYHR0lEolIIbenpwer1Uo6nWbRokWyr2g0yunTp4nFYrhcLqxWK36/H4vFImvvCoFQCJ5m96gQXbPZLE6nsypC2TAMuV02m418Po/VapWxzeb+xHJWq5VsNkuxWCQUCklnrnAKQ1mUdjgc0iltFpTFHIoxiNfCEZzNZmWMtbnGsnDtCqHbjLm+shB1xbpE1HU2m8XlcuFyubDb7QQCATk/6XRa1j4WQqtYplgs4vP55LhFvWan04nP55N1hcPhMJqmMTw8zPj4OG63m0cffZSlS5eyZcsW9u3bx6lTp2SMtqiFHAgECIfDBINBKc6LfSfmQMQNm+OwxUXSqYulUxdZzDc9vJm0t7fzvve9j2effZYvf/nLuFwuGXH+uc99Trb77Gc/y9/+7d/yox/9iF/84hekUikAPvKRjxAIBAD49Kc/zW9+8xsOHjzI+9//frmfly5dytatW2fcZseOHfz4xz9mcHCQj33sY/I4cLvdfOITn5jxuGfSpre3l+9+97tA+TPyta99rWp+PvShD/GFL3zhKs+6QqFQKMyMDo9w8uSpyl3stQuIXr+PD37wQ1gt1poESHEe4/F4+PBdd3H82DHy2dn9/X1h1y4+9elP09bRPqvl38mEw2FGR8dq3nXm80hNL8fRWq1WNEOfUVeGUSKdTskbG+cC4vxw4cKF3HrbbfT391PKFarOGy9HqVTkwP59DA8OcurkaUZHRmraLYZhEGwIsuWmLeUbR7UZB6or3qloGrrVwoc+fCfLly/nb/7mbzh06BDZdLqcioDx9h8DRiWxAY2jx4693aNRKBQKheKaQAnACoVCoZgzRBOZqX9UnJbCMSpeA1JkLDczqmrpJhIJ/H6/dAwL8dBisVAoFAiHw9TX1xOPx6XQmc1my1+As1n8fj8LFizA5XLR39/P7t276ezs5Pz580SjUfr6+vD5fASDQaDsWF20aBGpVIpkMonD4ZAidF1dHc3NzcRiMdl2YmJC1t8V0cXCLSqEWJfLRalUwuPxyLELAdwcIQ1IIVg8i2hp4RwWEdSRSKTKHSyilPP5PNFoVAqsXq9X1vwVDo9sNkssFpOCrxCYM5mMnHsxv2KcxWKxKqpazLUQ4MWz2fUs1pdIJPD5fPh8PnRdl1HQQiwXrlyxfiECl0olwuEwbrcbh8MhbwxIJBLS3X348GEA4vE4Xq+XSCQi6yOPj4+TyWRoa2vjkUcewe/3A3Do0CF27NhBMpkkkUhgs9nweDxVdaXFPhFCuHmup4vAZofHW+UABvjLv/xL6uvr2blzJ9FolK6uLv7wD/+QW2+9Vba58847KZVKPPzwwwwODtLU1MT73/9+/uiP/ki2WbRoEf/8z//M97//fc6cOYPb7eamm27ivvvuk5/RmbRxOBx873vf43vf+x779++nUChwww038MUvfpHW1taaxv1GbUTEOyB/D5gxv69QKBSKq0tFW2Dfvn1EI+GaI33F386ly5bStbCrHFc7i+UBbr/9dv7vH/6Qwf6B2sUOw2Cgv59TJ0/S1t5Wkwt5LhCOhEmnU7Nevqm5mc9+/nOsX7++nDbDzOox53NZ/v3//X/YuXMnhUJh1uu/FnG73ey44w5+s/M5Bvr6Zn5MGhqDA4O89PJLXOztJZGIA1N1st8QDVatWsXChQvfdcfxux1N01i2cjn/1799nyOHD7PzmWf5zXPPMTY2WpMzf0brms0yBhgaRKedqysUCoVC8W5FCcAKhUKhmDNYdI1CccrxKurGTkXnalUimxARhSgo6tAKYVA4ZovFIhcuXCCbzTI4OEhDQwO6rtPc3EwikeChhx5i48aNaJpGPB7n8OHDjI2NMTExQVNTE+Pj48RiMRmj3NfXh91up6uri8WLF+PxeIhEIhSLRRkN7PP5aG1txev1SseCEEILhYJ0sgqRVIiIdrtd9pPNZtE0DZvNJmsX22w2KSaKbYepmsTiwpiIZhZuWFGPN5fLkU6npUN2cnKSVCpVJQaLCOpCoSDF5XQ6zfj4OIFAAIvFUlX/tlAoSOcrIGOarVar3H9iu82CqagBLERt0Safz0sh3ev1EgqFqpzfDocDQB4Pws2cz+elC1xEOOfzeSYnJ6mrq6NUKpFIJMjn82zYsIFTp06RSqXkfhDb09bWRkNDA8eOHaOxsRGr1crZs2fp6OhgcnKSdDpNe3u7FILNUdfm2tBif4ka0Ob9JbjaiWv33nsv99577yXfs9vt3Hfffdx3332X7eOuu+7irrvuumyb66+/nn/7t3+74jYtLS1885vfvGybmYz7jdqsXr2a3bt3X3Y9CoVCoXjzKOSzPP5fv6SYL9QeH2yAhs7GGzdVlZuoBbHOpqYWrltzHSP9gzMWO+R4NUimEuzes5utt2zH6XTwrvBNaoABmXSaQi47qy222mz88Re/yCf/+6fkedtMyaQz1Dc0oWl6TRrntUz5mNLQNJ3rr7uB69dez+DF/pq2LZPO8Kv/eqyccFQsgTazCnEG4HC62Lj5Jvz+AMzQdax4ZzN9H/t9PrZv387NN9/M1/76Afr6+ug+3c3Y+BiZdOZ1eqmNbDbDQz/7CeOjY5ccgxxb5VF+oYFhkEzGr8oYFAqFQqF4p6MEYIVCoVDMGbxuB5F4ObpV1y0YRqnK/Wuu7ytEzHg8jt1ux+12k0gkyOVy0iFqs9kYGBigoaEBp9PJvn37GBoaYsOGDVKki0QiBINBdF2ns7OTn/70p1IUDIVCspZvIBAgHo+TyWTI5XJkMhkGBgbYtm2brFcbi8XI5/N4vV6CwSAdHR2USiXGxsaqRFUhrApXrIhEFlHCQvx1OBxVTlzh7hWxz+Lnwo3rcDik4C1imoUoLurllkolUqkUY2NjPPjgg4yOjqJpGu3t7dx7771kMhmSySSpVEqK6DabjUcffZTu7m46Ojq48847pWgq+jYLtML9KgRsIdgDUsgWtY+LxSLZbFYK26JOsRBsLRYL6XRaishiTrLZLBaLBZfLJUVkKIvsyWRSxkVbrVYCgQD19fUkEgnp4D137hwjIyN4PB4cDgf19fWcO3eOWCzGvHnz6Orq4uTJkzQ2NnL06FHsdjt+v5+TJ09KcVqI20KoFoK3OUpcOEvNFzt1fcrx4nVPCecKhUKhUMxVDh86xOHDh2cccVtFRRm45dZbsdQoHk7HYrGwZesWntv5LMVZuEkNw2DX88/zh/fcQ9fChXNCjJwphXyBYrH0xg0vQdeCBWzetEmerymmcLlc3Hb7e3juuZ3ksjNPhimVSpw4cWJW6+xa0MXmTZtrFuMVcwvx/UzXdRYuXEhXV5d872rcFBCPx3jm6ScZGxmtub+55vZXKBQKhWK2qLM1hUKhUMwZPE67FIBLxlQNYOGkNMcXO51Ocrkc9fX1hEIhkskk+XxeCoOFQoFs5SJKMpkkFosxNDTEmjVriEajJBIJ5s+fz9DQEKtXr+all17i4sWLJBIJuZxwzRaLRWKxGHa7XdaFTaVSRKNRMpmMFIAjkQiBQACfz0djYyOAvNDlcrmk6CkcoeJ9c71Yc01ZsX5zlLKISrbZbFI8FoKvYRg4nU4plgIyKrmjo4Pe3l7C4TDZbJbR0VFZG9fr9eJ0Ovn5z3/O7bffLmu95nI5RkZG2LVrFyMjIzQ2NtLZ2cn4+DjpdJrOzk4pzlut1qo6xWJsQgDWNE2K00IAFmKwcEiL/WaxWIhGo7hcLpLJZJVrtlQqyRhqc41nEREt4rJFDVgxjlAoJOsM22w2xsbGyOVyeDweQqEQExMT0oH90ksvsW7dOtxuN4ODgwSDQc6ePSsdzPF4nEcffZTVq1fT1dUlxXUhRgOk02ncbre8WcFms+F0OssXP0zXP7wux1X57CgUCoVCcS0izmv+67HHZCpJLcuW0Vi6bAkrVq40vSnfmllformmsWnTZvx1dUxOTNSm3xrlx9DgIC+++CLz53disVpkv3MakeM9y4hYr9eL3eG8bBvz+Z44773W51W4yM11jme4YJmKu/qGG9axYsUKjhw5jMYbb7t4T5TEmel6xXeJ62+4gUWLF72mNMlbhWEYGBhz3kH/2uSfGo+TGtYxfV++3r/N6za3eb2xXtnYptYz82Wu/c+9QqFQKBRvJUoAVigUCsWcweyGNAykSxaQkcJCSLRarVL0dDgc5PN5wuEw4XCYxsZG6TptaGhg//79HDhwQMY9d3Z2sm3bNn71q1/x0Y9+lEceeYSxsTEZAVxXV8fk5KR0pArRMRaLYbFY5PqFkGwYhnTaBoNBAoEAuq4TCoWk+1Q4bYWjVdd1WV8XIJVKyVhDu91eFQedzWZxOp2vqfMrhFZRx1i8JwRXu91OLpfD5XLR3NxMIBDg0KFDNDQ0ALBs2TLy+TyBQEA6Wvv7+6XjNp/Pc+7cOVpbW2lpaZFu5PPnz5PL5ViyZIncX/l8HpvNJqO7ASliC6es2GYhAGcymarlMpkM8Xgcp9Mp6/kKURiQcdSxWAyv14vNZivH3lWc4aIWsXCCe71eeeFZ3ESQyWTw+Xyy/nIikUDTNGKxGIZhEIvFsFqtnDhxgkAgQH9/PzabjdbWVlatWoXf75fHyokTJ1iwYAFjY2NEIhEaGxtxOBz4/X5Zh1rEPotxlI/pqQsqXpdyACsUCoW2D2+KAAAgAElEQVRibiIEhFAoxP79+2ctKGi6xl13fQSvz1ur7nuJzqCrawHrN9zI88/9BqM0Q0erEDIqr5964kk+/OG7CNQHZjuSdxDl2b6S+qCpVIpCIT/j9lWilHbtCuyJeFKKsLPBANAM2jra2fF77+PMmW55c+NMmM28eL1etm3bhsvpmnUfV0KhUCAcKdd3fTeIfZqmUax8FxE3M1+t7a7ld+rrrfNqz3+V6AwUKt/lZ8pcPx4UCoVCoagVJQArFAqFYs5gdkMWDQOtWBY5RXyyENIMwyCdThOPx8lmsyQSCSwWCwsWLKBQKHDs2DF0XWd4eJiRkRG6u7ux2+0YhsHExATZbFYKkw899BD9/f0UCgVSqRQ2m414PF5Va1Z8YTe7W4WYG41GpSPX7XaTzWalE9XhcDAwMEAgEMDlcjE5OYnL5aJQKFAsFkkkEtI16vV6pUBqjoQGZO1e8zzkcjnpSBbCYqlUqqqLnM1mpePW5XKxevVqCoUCIyMjFItFWltbmTdvHh6PB5fLRTgcplAoMDQ0JPtqbm7G6/WiaRqRSIRIJILf76exsRG32y3HY677KxzIZleC2BYR3wxld24qlZIXQ8Q+EVHVHR0dch7MNZ/FhQHhPE6lUnJ/iPV5vV4cDgcWi0UK4cKhLOLEhVvX6XTS3t5OfX09k5OTBINBIpEI4XAYv98v9+UTTzzB4sWLsVqtrF27lvr6evbt20cwGCQYDMq5GBwcpL6+nnA4TH19Pbquy5rEABbb1Omb160cwAqFQqGY2xw7epTBwcFZuQ01TaM+EOCW224tn99coTZgUK5H+7GPfYyXd+8hlUrV2IMGBpw7d46engusq19/ZQN6B2BUye6z2wF9/X0cPXqUzs4FWK22qe4utb7Kef7k5CSTExMcOnSIV1555ZqMhD18+BDj4+O0t7fPXrjSNOwOO7fffjtPPP44p0+fvrqDnEZXVxdr1655U9dxKYQAmUwm2f273Xzozg/T3Nw850VgA4ORkWHOnz/P0qVLgasgcl7i16hIv7Lb7TLaW/zONd80LHiz5tz8e/7subOMVer/KhQKhUKhmB1KAFYoFArFnMHjmopGTiYzeJzl+F4hKubz+aqLBMLZabFYCIfDsgbuiy++SEdHBw0NDYRCIdauXcvExATxeJympibC4TBDQ0MyXri1tZWBgQEaGxtl/VvhdhWinogmFu5aKLuSJyYmSKVSeL1egConarFYxO12S0HY7OwVzlcR35zJZGRMsHD6FgoF7Ha7HItZ5AVk/LMQhkUt3VwuJ8chnNAOh4P29nbcbjeRSETGS7vdbuk8NgvOooav2+2mpaUFq9WKx+MhGAxSV1dHIBDA6/VWCZtifOb1QlnYFXMpxp7P58nn87K2saidWywW8fl8zJ8/n46ODrLZLHv37pXCrxCLNU2T/QpBXtQiFvOaz+fx+XxS8BXOZhFBaXbmGoZBd3e3dAUnk0npIG5oaGB4eFjebLB582bi8TjBYJChoSEpLre1tZHNZgmHwzQ0NOD3+2XdZ7G/8/k8xczUBUzlAFYoFArFXENqExoYxSK/evy/ZG3TNxIdpNRoVNJxDVi6bDkdHfNAu/LA2PLyOhs2bqZj3nzOdJ+e0biqOzBIxKPs37eXNWvXYLXZq9+eYwjXs8ViAV3HoPbtzKQz/Mt3v0suk+H3fu/9BAIBDMo3BiaTSUZHR+nv7+fc2bOcOHGCvr6LTE6EmZycJFM5f5NjuYrIGwiNssxdqyh28NVX+foDX+MLX/gC119/vbzJT0MT9wpU/nWpfo2qp0WLl7B+w0ZOn+6eSty+WhtcWYfFYmXdjRtobGy+ou40TUOrnJNPW8UbDrlkGLz88kt84+t/zT333ENn53z0GdSG1tBxOF14vO7y+t/iT5so42JggFFb3Pfw0DBf/+sH+MY3vs7ChYsq+3Ymy0/Frhul8nfhiYkQw0PDjAyPMDIyzHDleWJiAjSNP/vzP2fDho2yh3wux//53e9y8NUDNDQ20NExj7b2dto72ulo76CtvY36QIDy3TVXaU4Ng/379/O///dfEY/FZrX8XL4pQKFQKBSKWlACsEKhUCjmDGYHcAlNioTm2rI2m026M4XL9dixY3R1dXH06FEGBgZkBG82m2XZsmVkMhkikQjXXXcd58+fl/V83W43AwMDXLx4UTp8NU2TLlHhVBUicLFYlOKmaBcOh6vim4XgV19fj9/vZ3Jyknw+X+XcFUKluVauiEu2Wq3yrm3hgHA4HFXOWhGnLKKphThu7mu6GxeQ8cQ2m02OX1z4crlc+Hw+wuEw/f39uFwuNE2joaEBp9NJJpPB4XCQTCZlRLPYBl3XsdlscqxC2BU1d813nwvRdvq8ZrNZKaTa7XZsNhupVIpTp07R3d0tXc02m01GYwth1bwtYj2ir4mJCVkzGsqiuRCtvV6vdJiI2OhCoYDf78dqtTI6OorP58Pj8RCPxxkcHGTRokWEw2GOHTuG1+tly5YtFItF5s+fT319Pdlslv3797NkyRIikQjFYpGOjg65f0qlErmidsljXqFQKBSKOYUBPT0X2LNnT00uP6F7GRWRZOOmzXg87mppokZtQDQXBmSv18u69es4e6Z7Zq7kaesrFos888zT3P2xj9LU3FLbYN5pVKbHbnfIc9TZcPHiRf7qq1/lr776VQBKlfq35cOi8g9jaqqra5XOerWXRArKuo7T6ahZa5U3g2az7PrNb3jh+ecrUp1Rma+yoHz3Rz/Kt779t9hs027406qegPK57Pbtt/DYfz1GKh67uhtdEaMbGhvZtHkzDpfzirQ+i0WXSUkz7UfMmQYU83meeupJnnryicrPL9+JBlitNn7/E5/gq3/1V+Xz+rdQH9Q0DZfLhdVqJVtDiIGs1Vwssvfll7n77rtZvXo1Xo+P6Rtg/j0kvudksxlSqQTxRIJ4LEY0FivfbAtTsfQmx63X5yWZSFT1WzIM+vr62L9v39TPNPmJA8Dj8dDW2lYZ15VhGAbRWIz+/n5KpWJ5rLOo/S5KCikUCoVC8W5HCcAKhUKhmDN4TG7IfKGIy6pJwTSZTKLrOpFIhFAoRHd3t3TWnjx5EovFwvj4OOl0mrq6OlwuF8FgkHPnzjExMUFTUxOlUkm6NkOhEE6nU0YLOxwONE2jtbW1fAc1ZSdsrHLXciQSIRAISCFa1JDN5XKcO3cOp9MpXad2u50LFy5IoVgIpEI8FqKlcKCaHb7iZ0IkNdc9Fu5g4QoWMV5mF6wYlxDHofqCgojCFmMR9Xez2SwWiwWfz8eCBQvkRQ5zPw6HQwq9wmUrLlCIPoXAKxy6Yj3ioWka6XS6vI8r4v70GGnDMIjH4wwNDXH8+HE57zAlGotayuKCsojeFiKzEHwLhYJ8LZzGZqe12A+ZTIZisYjH45HrcTqdWCwWmpubGR8fx+VyYRgGgUCAWCzGwMAAJ06cwOPxEAgEmDdvHmfOnMHn88lawiMjI5RKJXw+nzzeDH3K6W6ue61QKBQKxVxAXOovGQa/+tWviEdn4QCrdGK327jttttm5BCsBV3X2bxlM48+8ogsCVErp06d4vDhw7z3vXdc9fFdi/h8PhwO51XrTxenp4b831uOxaJTVxco32g4y1q+Uqg2DFNItjarLVq9Zg0bNm7kxReev+pTomsaK1auYO11112xu9LucBCoD6BrOoZRW41XOZ5yAeSq/T99XFP+1zLaa5XztwRd1wk2BHG6XCTj8dl1YhgkY3H2vfIKxkwdxJUbJMzf5fRLNJtpvL5oJz57YgTpRJIL584xJQtrV3T/QXksWvlTMMuO/H7/7AegUCgUCsUcQgnACoVCoZgzmONwU5k8AbeTQqFAIpEgHA6Ty+WIRqOkUiluuOEGrFYr3d3dvOc97+EHP/gBFouFzZs309raSjAY5NChQ4yMjJDP52ltbWXVqlVYLBYuXLjA8PAwiUSCbDaLx+PB4XBIcTGZTMrIXjPxeFxGEYu44nQ6zeDgIEuWLJE1gDs7O/H7/YyMjHDmzBlilbu1XS4Xicpd2aJv4QwV0cbCYStcyEIAFs5iIQwLRyxM3SXu8Xhk7SfRX6FQkK+FaAqQzWbl3ApHbFNTE16vl1KpRDQapVQqYbfbZZ1eIdKa3bbC3ex2u6Xr2Dw24dIV6xBCs4jvFiJ0LpcjnU5X1VfO5XK0tLQQiUTk+MWcCWFdCOYej0eKtiLWWYjGmUxGOpHNEdRCRBftxaNUKhEIBHA4HKTTafr7+xkfH6ehoYGJiQmOHj0KlC+EHj9+nJUrVzI+Ps7o6CgDAwOsXbuWYrHI+Pg4586dk7WpxbYm81MXGFUEtEKhUCjmGuIcIBKJ8MILL1xBnKfGddffwNJly67a2KQLUYP1N95IsKmR0aHh6SrTDEamUcjlefqJJ9m6dRte75U75651gsEggUCA4cH+muKSL9nuclrVWyDuaVpZeLRarLS2tuByOmdRD3q6S1kzbddU+HMtNDU3seOOHby6fy/JZLLm8VyKUsWV7Ha52LhpE42NjVfcp8PhoL2tHd1qoZivXQB+3WNi2nEhBXWtOkj77Yh/rg/U09LSwsTY7GraTt0oUOMhbrzO9taagiAd2G+04NQ4Z4t5T82IafnhhgYt7W2zH4BCoVAoFHOIS938pVAoFArFO5LWhqmLZ+FElrNnzzI+Pi5r6ra3tzM5OUkoFGJiYoJCoUAymcRut7N48WK2bNnCli1b0DSNnp4eGb3b3t7OmjVrOH78OD/5yU9kXVer1YrX68Vut5NIJJiYmGBkZARAOlXNTlYhbgrBtVAo0NvbS2NjIy+88AKhUIjTp09z6NAhjhw5wujoKDAVvSxcqkJI1XWdQqFALpeT0c5CABWu1EwmI2sVC8erEE6FqChE4Ww2K6OhhWvX7CoW7thYLEYikZCCa3NzM+vXr+f666+no6ODpUuXsmHDBm6++WbZfyaTIRqNEgqFpHAej8fRNE2+n8/npbAsnM7CWSvGIWKqhRAsavPmcjnsdjuBQEA6dqEsso6Pj2OxWKivrwcgnU6TzWZlXWFd1+XPhItHrEfUNRbrBuT47HY7fr8fj8eD3W4nGAzi8XjQNE3WjM5kMoyMjMh1APT29uJwOIjFYvh8Pvr6+jh9+jSJRILly5fLY6m9vb1cD85ikXHTVquViVj6kse8QqFQKBRzAa1yMf9MdzcXe3prX77ybLFa+PgnPn7FcbWXwjCgrbWN7du3v6aW6UzRDDh08CAD/f1Xd3DXGJqmoWkagUCAhQu7rk40sXaZx1uIrussXryYhqsgipoxpj3PFIvVwq233sbCxYuu6njQoLm5ma1bt8latleCruusWLkS51V0hF8rx8TrEQgEWLFihbyxtmYuIXC/IW/GnFyuzzfjUfP4NNA0tm7bNrvtUygUCoVijqEEYIVCoVDMGRbPm7r4cqZ/goMHD2K1WikWi7hcLuma3bhxI3V1dQwODpLL5Th+/Dhr1qzhj//4j+nr66Ozs1MKfNFoFIfDIcXBlpYWWlpasFgsrFq1isWLFzN//nza2tqkA7aurk7WGxbOUbfbDVAVcVwqlWSN3/r6enbt2sXo6Chnz55leHiYUChENpvF5XLR3t4u6/OK2GIRDW2326WQKtyxuVxORiKL2Glx57YYgxCFxbIiUjmfzwNIoVj8TIi2iUQCi8VCIpFgcHCQkydPcuDAAY4dO8bx48e5ePEiJ06c4LHHHqOvr49QKMTk5CQOh0O6XMPhMMlkkmg0KqOnheCaTCal2FwqleS4stls1djMtZ1LpRKlUomGhgZZp7hUKuH3+xkYGMAwDCKRSJWALqKyxbabXdO6rlfVaxb7y2q1yijreDwuxfBCoUAgEJD7wGaz4fF45L6IxWKEQiG5rp6eHiYnJxkbG+MDH/gA6XSao0ePsmvXLnRdZ9myZUQiESn6DwwMMDY2xujoKN0XQ5c85hUKhUKhmAuUE10NnnnmGRLxBGgaxgyVAK2yrGEYNLe0sHHjpiuOq73kerSyiHXnnXfi8Xpn0UPZxjc2Ps6hg4dkOYy5iGEYUElb2bBhA15PZb6MqSfz4+qtWDyMqXG8CSxevIQVK1ai65Yr2giDcm1VKf5qs4iBNqC1rYXNW7YAmpz7K0GrRC2vXruGzs75U4O9AgzDYOnSJSxbvnRqjIZxlQ8A8wrl/94WPdgAXG43mzZtQrdYkdHVV3KszPDxbkDUzzb/rtmmBGCFQqFQKAAlACsUCoViDrF0/pQYtvfkAJ2dnTQ1NUm36PDwMD09PTKaN5/PEwgEWLNmDcFgkBMnTgAQCoVYsWIF0WiUT37yk7jdblm3VkQat7a24vV6cbvd1NXVEQwGsdvt1NXVYbFY5MPj8eD3+6X7Vlzg0zQNu92O1Wrlt7/9LR0dHaxfv576+np0Xaeurg6n00l/f790mZrr+5rjnM31cc1xxELoFI9kMilFVOF+NQyDVColncqJREL+XKxD13Wy2aycM8MwGBwcZHBwkLGxMSKRCGNjY5w5c4aenh7OnDnDiRMnCIfDpNNp4vE4NpuNsbExrFYr2WyWkZERBgcHGR0dJZFIyPVB2XUsBOdsNitdzFB234pI5lwuJ93PUBaFR0dHiUajxONxkskku3fvJhqNks/npags7rw3DAObzYbVapWx1+ImgWKxSC6XkyKwruuV2nWOqvkRcd+apjE8PEwmk5FO3VKpJGO1NU3DZrPh9/uxWq1MTk6STCZpaWnBarXS2NhIV1cXt9xyC01NTTL62m63k8vl6OjowOFwYBgGB7qHL3nMKxQKhUIxFzB0GB8fZ+fTT5XrV87CcWgAq1atoaGhoSIKX+1BAobGiuWrWLBgYe3LV8S9bC7LM88+TSKRmHEdzncaWsWRp+s6t9/+XhYtXoKmvfZS1FUXgE39vilUjsm6ujp27LgDn+/Kao5qlC/QyaBdGd0784NfLLNt23aCweAVjceMx+1i85ab8Pr8lSjlK5dRm5qb+dCH78ThdJYjwWuNNq4F2bHx9lSLruzGzZu2sGTpstmNweSK1bTysTKTx7sCzSjfMFH5/bl61SrWrFn7Ng9KoVAoFIprg3fN+YBCoVAo5j5L5jXI14fPjTF//nyy2SypVEq6Mbds2UIoFJL1XXt7e6WAWSwWWblyJQ0NDcRiMRoaGvD5fCxdulQ6Qy9cuCDr5K5evRq/38+qVauYmJggl8uRSqWYnJzE6/Wi6zotLS04nU4p9rrdbinkiRjis2fPcuDAAfL5PB0dHTQ1NUlRtq2tjWKxSCwWk8KnEBzFhUKr1SoFX1G7VoiimqZJ96+5VrAQQ0WNXxFxbK7PK/rMZrMkk0np5A2Hw4yMjMiYaIBEIkE0GiWTyRCJRGS/NpsNn88nHblutxu73V6uZZtMMjo6ytDQkHTxithn4f4tlUpVzmWxLULwBqRj12q1cvToUQ4dOsShQ4fYvXs3hw4dkoItlEXf6XHcqVRKCrY+n6+qTrLVasXpdKLrOrFYDCjHStvtdinKi7YwFaOdy+Wk+9swDBwOBxaLRYriomZxPp/nhRde4OTJkyQSCRkrPjIyQjAYlA7m06dPyxrSe44NXPKYVygUCoViLqAZ8OyzzzJWqZU5JYq9MWYBddu2bTjdLnnOdDWp6L/4/X7WrVtXjoGuQasT49QMOHjwIN2nT1Wd88xJNOiY18Hvf/zj+Ov8cq7etLReU4e6xYLdbr+avVfWoaHpGjdv386GTRvR9CuPR74SjIqxdMXKlWzZtnX2ccPTmN/ZyY03ri+XQ7lKO8rhcHDHjvexaXPZpV8e+9y7AcJMa2srX/rSl6ivD1xT8dTveAzQKjdYB+oDfPnP/vyKb8hQKBQKhWKuoARghUKhUMwZWht82G3lOq0D4wnq6gLSRTk4OEh/fz+6ruP1egkGg9TV1bFu3TpuuukmNm3axIoVK0gmk/j9fiYmJggEAjz88MM8/fTT5HI5DMOgs7OT+fPnMzg4yOTkJPF4nD179kjn6eDgIDabTYqrw8PDxGIx+W/h4jXHOOfzeZ544gn2799PLBaTyxuGgc/nIxQKceHCBcLhsBQYYeriYaFQwOPxSOGyUCjI+GfhpBVxzuZHqVSS7YW4bL5wKtynIqo6HA4zOTnJ6OioFKJzuRyZTIZYLEYkEiGfz+NyuXC73TQ2NuLz+fB4PLLWshCo7XY7FouFfD7PyMgIoVBI1h82i7QiMlmIwSKaGZDLmx25Z8+eZffu3bzwwgsMDAzIC6mibyEyA1JIhvJFKFHLWfQvxPBCoUAsFpM1fWOxGNFoVG6LYRjY7XYymYx0ErtcLilkBwIBmpub8Xq9eDwe1qxZw8qVK/F6vUSjUenC7u7u5uWXX8ZisZBMJvF4PMybN4+VK1fS1tbGqlWrcLs9hKIpADwuO40Bz5v3gVIoFAqF4m0gmUzy9JNPzcoNK/7u++r8bLv55jddUNWtFrZu3Yrd6axpvFKU1jRSyRRPP/UUuUrZh7mMAXzgAx/g9vfukDcgSjGcq6OHif5KhkERg5a2Nu7/2gN84M473zR5sampiXvvvZeFixdXYpzfvv2oaRrBYJAdO95LoD7Alc6qxWpl7XXX0dW1SDrXrxYtra18/t4/oqGpcSr6eg5/Bqw2G9tvvYVP/8FnwKJTqqQ1KWaP+cYZm93On/7Zn7Nh48a3eVQKhUKhUFw7KAFYoVAoFHOKlV3N8nUknsThcADQ0dFBJBJhaGiIs2fPomkafr+fefPmkc1mCYfDHDhwQIqhXV1dHDhwgHXr1uF0Otm1axcXLlxg8eLFMkr58OHDhEIhCoUCdXV1UxewKnG/QnAUdWEBGVms67p0h+q6TiaTYc+ePezZs4eBgQFGRkZIJpNEIhF6e3s5fvw4Z86cIR6PY7FYqmrjCvFT1P+VF74qbYSIaXbCitq+IuZZfHkW0cr5fJ5UKkU+n2dsbIz+/n7i8TjRaFQK0aVSScZeezwe6azQdZ1QKERvby/JZJJYLIbL5ZJ1dMWYPR4PDoeDQqHA+Pg48Xi8qsavqF883fEr+sjlcnJeoSxkC1e1uJgiXMjChSu2X7QTYm8sFiOdTlMsFrHZbNhsNumINgwDp9OJ1+utch0LhIArhG2fz0cqlZIR0+bobDF+Eesdj8c5ffq0dE6/+OKL/Pa3vyUYDDI4OMjExIQU1VOpFFim3CsrFkwd6wqFQqFQzBUu9vaWz9Wg5lxgwzAoaXDzzduZP3+eFKyutqRkFpbXrV/PvPnz0PQaIpwrgyqLngavvLKXsdGxqzzKawsxM/5AHV/68p9y63tuw2qzXT2R3jCgVK4WbQAd8+fxmc98hgd/9CM+9ZnPcN3a68qi89VZW3mVQurVNW7cuJEvf+XP6OzsxECbKjv7FuqZWuV413SdDRs2smjR4isWo71eL1u3bcPusMm+rnSTxA0QmqaxefMWHnjgG3QuWCDfn2sisIaIQgen08k9n/0sn/zkJ3F53FPR73Nrk98SxA3VhmHgdnv4/Ofv5fc//vFKIoOyVysUCoVCAWB94yYKhUKhULxzWDKvkSNnyzVSdYcXp3MqnrepqYnW1lZaW1tlvdiVK1eSSqUYGCjH6rrdbo4ePcro6CjpdBq3201nZyfpdBqn00k8HpeCZCgUktHJqVQKi8WCpmmEw2EZHWyz2YjH49IhKiKZhYAoBGCLxUImk+HgwYMcPXqU+vp6li1bhsvl4vz58/T29lIqlUgkEuRyOaDsWhVfesVFFLNg6nK5KBaLZDIZGRMtopktFgvFYrFKyBSRxaINlAXrvr4+8vk86XSaWCyG1WolmUzKWrZ1dXXY7XbZTgjRFouFkZERCoUCTqeTQqGA1+uVYzM7nYvFIvF4XMZFi5rEQFWctahhLNzB6XRaOoFFDWHh9hVzY66ZbL7gJERxc8S0WJ/FYpGisRCFRU1l4UoW74ux+P1+SqWSdAfncjkpBjscDnRdJx6PMzk5icvlIpFI0NbWRk9PD1arFYvFQmtrK0899RQ2m43JyUluvPFG2tracDqd5WMkbz7WVfyzQqFQKOYev/vd7wiHJxEVUGvVRZxOJ3fffTcW61tzuaM+WM8dO+6gp+cCxVz+jRcwYwAaDA4Ocvz48bKQbLq5bW5i0NHRwV9//et85x//kSd+9evyOZjY0Vei22jQMW8en/mDP2DH++6gY948rFY7oNMxbz5uj5dEPHYVtuESq9Y03vveHfj9fv72W9/m9MmTb6OQadDQ0MCKFcs5sH//FfXU2dnJ2jVruPp5xeVPt9VmY8cddxAI1PF/fPMbnDp5as4JwNOprw/y1a9+lWXLlvEPf/f3pJJJ5C+Dt5F36qzXB4M88MBfc8f7fg+r3Vb5qRKAFQqFQqEAJQArFAqFYo6xdH6jfN0/GsXR/P+z9+ZRcp3nfeZz99qrV3QDjY0gwBUEN1EkJZEULZG0Jdmy9ozsOONFcWaSnPE4mdg5M5MzSWzHOTNzZnSSTGzPOLYnVixbytF40UZSpERSFEWGEkiCBEEATey9d1d3Vd1b673zR/X79S2AJBokQILA+5zT6kbVrfvd77vV4u167u99fcbGxlhcXORHP/oR9957L88//zyjo6M4jsOjjz5KuVw2cnFqagrXdRkcHGRkZIT9+/dTKBTwfZ8oikiShMXFRVzXZWVlxcjXVqtFqVQik8kQxzGdTod6vW4kpCRmHcchl8vR6XTwPM9IVxGRktqdmZlhbm7OPAY9Wby8vGzSw2mhKeIXeqWRHceh2WyahKz0LRZ5LAlXkbWnl+HzPI9arcaJEyc4efIk9Xqder1uxObU1BRRFOG6LsVikUKhYMooS19iOc4oikyK2LZthoeHGRoaMolakbq+75vHRPKmE83dbtfsP/0aEbZpCSxrIecn3RdZ9iXSFegr5yzpYulVHAQBrVbL9B8WaW9ZFoVCwUNPWLEAACAASURBVJzvOI7NOJlMhlarRbPZNNsNDg6yf/9+KpUKi4uLNJtNDh8+jO/7ZLNZWq0WhUKBK664goGBAa6++mqWl5fZu3cvt956a+/9Ga19NJN+ryuKoijKpcLX/+ove/lJu/ff8nP6GN+y2Dyxlet333De055pktWxoFdW7f77H+CrX/kqC/NzrEujWGnfadFshDz+2He554N3ky8Uevu1bSzLxba7JMn6ysRalr26R/ucbU5aulmWhW3ZWKzKaGu9ZWotbNvFwiJJ+SyTgFz9V5IkjI1v4rd++3e57bY7+PMvf5kDL79MoxH1krzngO/7bNy4kWuvvZaf+PD93Puhn2CgXDbnpzevmPGxMYaHhgmr9XXPqXedDZC8ZlL59Mdc1+POO9/Pv/13/54/+eM/5uGHHmJq6iRx6hpUXpeuHPR6wtMmee31eN0lkpsmEmzbZcvmbbxZEZYkCa7j8p7b3svohnGs1X2fP9bm77gO773jdv7wj/6YL33pS3zrm9/k+NFjtBoNkrcyqCREsXrpZXt1dZLXOJ9JjE2CY/cS1HBuZcktyzlj69d7rWXZZHMFPv9zf5v33HY7f/D7v88zzzzN/MyM+fsu/f54/emt73dF/saSv88cx8UPfHw/IJvNks1mKZbLbN22jSt2XJkaAFzb4b777iefLzA/P08Y1mlEIY1Gg1arRafTpt3ukKRa7VSr1b7S1umblU///5n1cMY8E3Bch42bNvH+u+/iC1/4Alu3bj9tf+9Wna0oiqIo5xcrudRvrVMURVEuK/7DXz/DF37nqwD82qfewwN7ymSzWZ599lniOOaaa64xidBMJsMrr7xi0rxRFLFlyxZuuukm/uZv/obDhw9zzTXX8OKLLzIxMcHJkydZWVmh0+mYcsgibqMoYmRkhHq996FSo9EwiVERiiI1Pc8zMhHWevYK6VLBImbl8XK5zAc+8AHTazYIen+4S6njVquF53mmV66Mn8lk8H2fTCYDYBK4IqXTAlnSyrOzs+zbt4/p6WmiKKJer5PJZMjn83ieR6FQ6OsfHASBKXtdr9dNAjkMQ6IoMnMqlUoUi0UqlQq1Ws2I3VtvvZXrrruObDZLHMemdLLMI122OooiUzpbJPKRI0d44okn+spC27ZtZK/ruma+UiY6m80aaSylluX1sr6A+TCm0WgQBAGO4+B5HqVSiWazSafTIZvNks/nWVpawvM8I4I3btxIo9EgDEMymQxzc3NGIs/NzZHL5Uzf5Gq1yi//8i8zPj5OJpOh2+3yve99jxtvvJHNmzfznf11/s3XfgzAH/3Pn+UXPnLr+f4VUhRFUZQLRvoaR66T5L/x8lVZWoDkzRWuTRLwgwzDw8Omx65wPuVV37ElCXE3Zn5ujm63A9b6jjzd89S2bVzXZXh4pFeFJE6oLFVoNBqQxCTr3GfPllnk83lKA+VzKq+crK65Re+aaGlhcfXmuWR9c1rdxLIcBoeHCIJMnwB+rfFWf6Beq3P0yBG+8c2v851HvsOrk6/S6XbOSIDLLQHZbIbdu3dz9z33cPddd7F5yxby+Tyu66+JdWkdkvTKQnc6HSqLS6sVX9Y5JyCfL1Asldf6Nr/e9E8TW91Oh6XFJZ599hn+5ut/w1M/eIrFpUUT9LR6G5qWIaMjI0xMbGbL1i1csX07u666iuuuu45NE5tXxf46WN13AnQ7Hf7kj/6I3/1Xv/Om3vtxHLNx0yb+xW/9Nh+8996+uV0IkiQByyLudqnXahx59QiPPPoI/+WZpzl06BCVyhKdTteUoRYdndA7v74fUCqVGB8f44odO9iyZQv5XJ58vsjw8DATExNs2ba1d+OvbZ+xJkkS02hELC0t9Z/LdR6/67oMDY+avyPWs04yTqfTYWVlmcMHD/LYY4/x0v6XOHniBOHqzcdvsIPeKV+92TUIAsrlMkNDQ0xs2sTWbdu4cscOtm/fTma1HU/vy8a2HRzXxbEdXM/tqwolx58kSd+vidz02onb5u+ybrdLkmozFHe7RI0GR159lSNHj3Lq5EmmpqepLFWoVJYIo4h2q0270173Osl2xUKBLVu3snv3bu655x62bt1KsVTCdnry/fRbFKRSlHzJ38eWZZlqVxe6T7yiKIqinA9WVnoVbPbu3bvu19x0002AJoAVRVGUS4ybr5owP3/jh4f52dvfz/LyMsVikfHxcRqNBrVajXa7TaFQIJ/Pc/DgQdPrdnZ2liAImJmZoVar8corrzAwMMDi4iKzs7NGQEoCVUoFZ7NZKpWKSa+me+vKH5qe5+G6runLK/uSP7hlW/lQVP4wTRNFEc1m00hISQIDfWPIHdiO4xiJKaWnfd83wjn9R69t27RaLSOsh4eHqdVqxHGM53ncdtttbN26lfHxcbOmgNk+m82axGuj0SCTyfTu6l+VpSKKN2zYwIkTJwjDkEqlQjabpd1us2nTJvPBAqxJV5Hs0vtY1iyKor75z87OmuOR9U0nq2VuMnfZXzpZLOsm6yjlvWUN1vpM5SiVSoRhSLPZNDI9iiLK5TKVSgXHcfB9n9nZWRzHYWRkhJmZGXzfZ3R0lFqthu/7Zi7dbpcPfOADRFFEpVLhiiuu4MSJE9x+++0AzMzM8NdPTq+9169ee68riqIoyqXCxk2b39Lr15OcO1+IxLMdm7HxMdbM3rlx+jFblsXg0NBa+tNa534TzjlBa7DWpJrn+4xtHD/3fZwW+13PkViWRaFY4Prdu7n+ht38o//hn9BoNFhcXDTXR7KdVJ4ZGhrqE23mZknOPO+9BGiC47qMbBg95/fFejMTfceRJNiOw8iGUR74qY/wwE99hG63y/LyMisrK33X6PL3yOnzSacmz+1Yetq80Qh58aV9q4L03OfsOA7XXHsNe/bsMcd1QVk9T7bjUCyXueHGPezec0NfVZ84JRpP/xsm/bvzWilTucHh9ZbCsmyy2TzZbP61E8Jn4a1kazzPY3h4hKGhYd57x519+zyXmw7Sr3mt43m9bd5o+/StOJZj4zk+vhW85jGk2bJ1O3e9zrjnyhutbS8hrhJXURRFUV4PFcCKoijKJcWNuzZSyAXUwiavnFiiWBqgWOzd+S3iTyTq0aNH2b59O/v27eOBBx5genqaUqnESy+9RLlcZmpqiqWlJWZmZqhWq0bKnl4OWNKoURSZD6RqtRqWZRkJalmWeQzWUr+SUAX65C+89gcYIpYbjQa5XM7sK/2hh8xT7nJuNpvkcjlc1zUS1LZt8zrppZvL5cyHK5I+/fmf/3mOHDlCq9WiXC6zsLBALpfDcRxKpRJJklAoFIiiiDAMGR0dZWRkhKmpKfL5vCmbLX2DRY5u3ryZQ4cOUSgUyGazLCwsMDk5yaZNm4xUB/pkeLpfcLvdNqWZJT20uLjY90GZ3N19+gdn8gGbzFWEeRAEhGFoPpzodrvUajXTv1fWK31e0qWo5XVhGLJlyxY6nQ6Li4tMTEyYDzFzuZxJPsuNBoODg9x4442cPHnSlCEfGRnhRz/6ETt37mR0dJRGo8HohjGO/OFBAAZLWW648k18MKsoiqIolzhvm/g9j2Oe8XqJvlprMvUcdnbur3lzL3j9sdexRzPn03r/2rZFLpcz17nrG/aNj91aFfNvZobncm6N6Fr9d3pqjuMwNDTE0NDQuvbzeiWn3zgRCiQJjWbEV77yFR773vfWP+f0wVoWXibgjjvfx/Dw0Bnn9UKRFtWnr0E6tXnW/ayjXPe5vv7teM3Z/r2eMdN/B53tdaev73rHOJfn3+y263ndO981WVEURVEuflQAK4qiKJcUtm1x901X8I0nXwbgxNwKI4Vef9hut0uz2eTUqVPs2rWLKIr4wz/8Q3bv3s2+ffuYmppidnaWhYUF06d2cXGRlZUVtm7dyquvvsrg4CBHjhwBen+MSu9WEYuNRsNI4iAIaLfbprerJH7TyVT5g1YEozx+OulE69TUFFdddZVJykqfWkkTSDlnEcxS8ljGFhmcfl5610qCWdLE09PTLC8vE4Yhy8vLWJbFgQMHSJKEq666irGxMbZs2cL09DRxHJPP56nX66Z88sDAANlsluXlZQYHBzl69CiLi4uEYWjEssjzDRs2mPStSF6ZuyRz5YOfTCZjxLL0mapWq33CV8SwCOS0EM9kMmSzWZMilh7CnucBmDJqkuaWEtciotNCX85Nu91maWkJ3/dNKXDbtllYWGD79u04jsPKygq2beP7PmEYmpTvjh07GB4e5vDhw9x6661kMhmazSZjY2M8/PDD7Nq1i5ZTMO+Hu2684rz/7iiKoijKu50zygWfWT/4go657mHeKCxonfb9XHgLczyjIvI57utNv/xCB0vfhvfAaw/MeW1D2mw2eeaZZ5ibmzvzvb1Ku9ViemaKJ77/BHv37iVud3hzAcmEiYkJbr/j9rdNsr3V999ZSU7b5Rk1oN/gtZeSZXyr87yI1umCv2cURVEU5RJABbCiKIpyyXH3zTuMAN47uchH3jPB448/zrZt2zh06BC2bXP06FEeeeQRZmZmGB0dpVAosHnzZnK5nEn8XnnllWzevJkwDJmamqJUKhlJJ71kpfxzp9MxJYVbrRaO4xi5GQRBX0pXSgtL8lcSt9I3GDij9Fv656mpKbZv32567op8BIycdF2XTCZDFEXEcYzv+wDk83nTt1dKM0vaVeaT7lvcbDbpdrssLvb6wAVBYMpIHzp0iHa7Tb1eZ3R0lEwmQ7vdNqnncrlsSigvLy/TbreZnp5mcXGRU6dOmYSt7/sEQdAnpqW3r8h0z/OMGE4LdNlOSjHDWmLAdd0zZLushW3bVKtVcrmcEeOyxpLETqelJem8srKCZfV6DkvpbjkO6TUs6+c4DplMhsHBQU6dOsXY2Jg5loGBAQqFArOzs5TLZZ544gnzHqhWq+zdu5dyucz+/fsJw5BnnnkGRlt973FFURRFURTlIuU8yl8SCGt1/p/f/wOefPKJN9h3qmDvau/j9VoxU0Q7sbAdl/e/7y62b9/xtqV/FUVRFEVRlPOPCmBFURTlkuPum9fSkX/15CGuHuyVS37ppZfYtWsXP/rRj3j++ec5cuQIuVyOF198kWq1Sr1ep1AosGPHDhzHYX5+noMHD5LP500v3B//+McUi0UjViXpGUVRX4q20+ng+74RvbZtUyqVqFartNtt8vk8nufRbDaN5JTXyuOvRZIkhGFIvV7H8zwcx8G2bdNbWMo4u65rUqutVssIavkucvT0VLKIYpGYmUyGUqlEq9Uy4yZJwsrKCp7ncezYMebn55mbmyOTyQBQKpVwXRfbtllaWmJ5edkkr0+ePMnCwgJhGBpJOzg4iOM4Rk5DL9UsxyUCVtZKUssi2pMkYWZmBugvaSapasAkd2UNoVc6W/oie57Xl9qW0txSxlvmDj2JLtJdSkjL/nbs2MGxY8cYGhqiUqkQBAHZbJaBgQFc12X79u08/fTTBEFgpLvruiwuLvZ6rV1zDY8//rg5Ny+88AKTk5Ncd911fOdA5TXf44qiKIqi9DhDVb0N7upNDXExOrW3eEwX45SAd+TALtyQyVl7PJuxz1XcSpwygW1bt/HAAw+sluF+mxbwQg9ztv1ftG/g88xbnefFtE4X07EoiqIoykWKCmBFURTlkuPWazYT+C7NVodnD0zz3JYlCvkcy8vLfOc73+Gll15iaWmJDRs2UCwWyeVyLC4ucvDgQdrtNgcOHDAyslKpmFRnsVjE932TrE33AvZ9n2azaURiOk0rpPv2ptOrkvAVSSmiUkinU6EnGiW9Cpiyx67rEoahEdaSEBZBKQJYkrCSWJbnAFMWWiR2o9Gg3W4boSzblkolI0V93zdJXt/3mZ+fp91um4SwbdsmBSwStVAoYNs2nueRyWRMSWcRo/IlidlarWZ6GMv5SCd35+fnzTrKvOI4NpI8nQSWtS4Wi2ae9XrdrIGktqUfcLPZNMI3vWZRFJHP5428d12XgwcPMjAwwMjICIODg2QyGVZWVhgbG6PdbnPixAlKpRInTpzA932KxaJZL8uyOHbsmFl/z/OoVqv4vs+OK3fy7545CUA+63PzVRPn+bdGURRFURRFuWxZ9b++7/HBe+/llltv7f3tkSSaAlYURVEURXmXogJYURRFueRwHZu7bryCh585CEBxZIK80ytVvG/fPnzfZ3BwkF27djEzM8P09DR33XUXx44dA3o9tsrlMktLSyYJCphUr8hESfZKQlUeE+mZLt0sElFkpPSdTZeBltSqJEPlcVhLrQqLi4sMDw8bISlyNkkS04e42Wyaks3Si1hEsfREFokscxFhLOP7vm9EcCaTIY5jms2mSRXncjmWlpZYWFgwMrfRaJjeyDIfSctKYtlxHNNTN45jCoWC6b8LGKne7XZNCWhZAxHD0jNZSlSLIJf1ledkLkEQ9KWjZc3leSlJ7XmeKddcr9eNpJf+w/V6nU6nY1LOMi8Zc3FxkWq1SrlcZmhoCMuyqFQqzM7OMjg4SLPZZHx8nMXFRVOqO5fLkc/nmZ+f55ZbbqHdbjM/P08Yhr1kuZvq/3vTFdi2fhCnKIqiKIqinF92XHklH//Ez+L53tk3VhRFURRFUS5qVAAriqIolyR337LDCOCVuMiB5x6mXq9z55138tBDD5lE5549e3jwwQd55JFHaLVaZLNZHMfBcRzK5TK1Ws0IxTAMTdoT6OsFm07OigyU8soiCaEnGeUxSb02m00jD0U0SrJVfpbvst/l5eW+PrkiNUUIy5jSy1fSsyJVAZPMLRQKfXOSZK6UgJYyxbIu6bLVjUbDlIdO9y8G+kojSxLXsiyy2awpNV0oFCiXy0aEtlqtvuNPi2lZw3Rp506nw+LiokkWyzr5vm8Su7KW0ve41WqZ9G8Yhkbiy7E3m02OHz9uRLUkpz3PM6W+C4WC6e0sz8n6CbVajW63SyaTYX5+Htd1ufHGG5mamuLAgQPkcjmzFjt37qTT6bCysmLWe2RkhIWFBaampji+Yq+9t7X/r6IoiqIoinIesSyLUqnEz//CL3DVNVebXsJ6y6GiKIqiKMq7F/vsmyiKoijKu4+P3HmN+fmvf3gMz/MIw5ClpSWuvvpqAH784x/z3e9+lzAMmZubY9OmTUZ6Li4u0mg0TB9dkYjtdtuI3U6nY0o2S3JWJKykRuV5SZ6KEPQ8zyRlc7mcEZCS0E0niNMloEWu1mo1qtUqcRybctTQE5jdbpdms2nSs4BJ8EoiVoSv4zgmDSzCM0kS0+PY8zxc16VYLDI6OsqGDRsYGhqiWCyar1KpRC6XM0Izk8kYkWxZlimzPTAwQKlUolQqUS6Xzb5KpZIRwrJO8nNanEvyV9LUYRjSbDbZt29f39zjODYpbCnnLOsrkr3b7VKv181Y3W63LzmcFvqyDvK4lNGu1+smnSznQc6PiPh2u23eJ3Ec8+ijjzI1NWXKO8/OzuK6LgsLC7TbbQqFAmEYApikehAE/MVjh9fe2+9be28riqIoiqIoyrmRpL56uK7Lxz/xCT7y0Y/irlbHURRFURRFUd7daAJYURRFuSS5+epNbBkb4PhMhRePLvGv//lnePCbX+f555/Htm1GR0cZHh7m1KlTpgRxuodsvV7H8zyTJBU56nkezWaTOI5Nr99MJtMnekWySl9XKREMvYRqqVQyInJhYQHXdRkYGGBubg7f903KVsSj7DddBjqOY+bn5ymVSnieZ0oSi3QW8SnCVEpCy/EBRvamewNLUlfmB5DNZs3+giAgk8lQLpeZn583krZarZIkCdVq1Wwj+5fewCJU8/k8+XyeTCaD67pG+opEl+NMnwvAlJKWJG4cx0xPT7OwsNAnxyUFDJh+yjJvy7JMcjcIAnzfN6Jfji9dSlpKWksfZFljKactPYTTNwnIjQKSrA7DkFwuRxiGxHFsUsciveV4ZZ5RFNFsNmk2m1QqFa686loee753Lq7cPMwNV45fuF8cRVEURVEU5TIgAdaun2+77TZ+6Vd+hUKhCGjyV1EURVEU5VJABbCiKIpyyfJzD9zM7/6/jwLw7adeYX5ujg984APMz89TLpc5evQo7XabDRs2GOm5srJCHMdks1nq9bopCTw4OGhKL0sZZ9d18TzPlEuWZLAkbaUssPTC9X2fVqtFq9UiiiIjIl3XNeWJRfiKuOx0On3iV+SkpFHr9TqFQsFI01wuZ2Rzs9k0aVzAlHZuNpsARjZLSWSRvq7rGqGZ7nEsUldKX4+Pj9NoNOh2u5RKJcIwpFgsmmOXxLOIVtd18X3fJKDTCdv0HOX4O50OzWYTx3FM6WV5XFK8k5OTfWWzRQQHQWDOgYhf6WEcxzGZTMakuGVdRdqnZXUYhqZvsWyXy+WM5G02m/i+byS87A8wJbrleMfHx/t6Nc/MzHDTTTcxOjpKs9lkx44duK5LtVo1PZ6npqbwR68BTgLw+ftveuu/GIqiKIqiKMrlSwI9xWthOzbvv+sufvM3f5ONGze9wwemKIqiKIqinE9UACuKoiiXLJ/50B4jgL/8/VP8+of2MDk5yec+9zkmJyd58sknTfJzZWWFKIqwbZt6vW7SqZLw7XQ6VKtVOp1OX7llEZn5fN6kUqX0sshTKQ1dq9WM4IvjmEajYaRzJpMBMKWbbds2ZYmFdG9gkZMiGUWiiryWxHKn0zECtNvtUiwWzb7CMMR1XUqlEsvLy+TzeSNrRQQDfT1wZT6FQsGkddNJWOkNnM/nTYpZhLOUk5YErJSilsSzyG6ZZ1qO53I5I1jl+KamppiZmTFrlO5fnO7BLOnbdFluEbGnJ60LhYIp2Sxz7Xa7ffI5LejTvZF93yebzdLpdEx5adu2Tbo8nRRfXFxkYmKCI0eOMDY2xp133skjjzxitgvDkKeffprdu3fzn5+ZM++Bn/+pWy/ML4uiKIqiKO8a5Frw9H+f/vjFymvd3KhcWNJ/Qwi2Y/MTH/4Q/+P/9M/YNLEJC6uvqo6iKIqiKIry7kYFsKIoinLJctNVm9i5eZhDJxaYW2nj5crk83n+4A/+gE9/+tNMTExw9OhRqtWqSYqKYJTEqQhD6InQXC5Hu902fVoBI32lrLMkSdOpVEmIitRNb2/bNu1226SQ00IzXdY4/e90aelWq0UQBIRhaOSv53m0Wi0zhu/7RhpLElaSrjK2yFvZb3o8EaFSwlkSzelEsgjPRqPR1083DEMjWGW+0EvISmlq6ZEr5ZXlGOQ16RLb1WqVSqXC3r17zTkQkSxlp9MJbtlfNps1Y8RxbBLYaVEfx7ER9bKGcl5k3UXOZzIZU6Za5iAp7nw+j+d5BEFgXnfgwAHGx8ep1+sMDg6aY02ShKmpKbZv304cx4yPj7N37142btwIXp75ld4NB9ddMcbOzcMX5pdFURRFUZR3FadLuotd2qWvYdPXmO8WaX0pIOvsuC5X7trJ5z73OX72E5+kUChipYo+6/lQFEVRFEW5NFABrCiKolzSfPbDN/I7f/wIAC9NtVk8coSf+ZmfYXFx0cjYXC7HysoK3W7XPCYiU+RtHMfYtk2n0zGPixBN9+wVOej7vkmsinCUbU+XutKTV1LDMj6c+WFZWmCmj0lEZa1Wo9VqmdRyLpcz2yZJQqFQIIoiHMcxUlfKGDcaDXzfp9lsUi6XjdQVwQyYstbp8tcy31arZXoIA0akSnpXZLXMWwSriHGZs0jZ9GNxHJt51ut19u/fb8pep/v2So/larVKoVCgVqsBEASBSTWLsE/LXDk3Isuz2aw5p7JWzWYT13WN3AdMH9+JiQmWlpZM2epms0kQBH1COwgCoijC932z7lEUUS6Xqdfr3HPPPURRxPLyMvfccw/79+/nRGccWAJ6iXZFURRFUZQ4jnnxxRc5dWoKy7K4+eZeS4l3Ay+//DJHjx7FdT327LmBkZGRd/qQ3jUkSOfec3sN9F5k2za7rrqKL3zh7/Kh+z5MNpvDtvtv+lQURVEURVEuHVQAK4qiKJc0n/6JPUYA/+enZ/hbu8Z4/vnnieOYKIrI5XLMzs6aEs+lUol6vW4Suuk+vrlcjmw2S7VaNSWbLcsiiiIjIDudDtlslpWVFVOKWIStbdsmSSrlmtOCU0oWy4cw8gUYSSzjpHvLpuWtJG3TZd7Sd/FXq1Xy+TxJktBoNCgUCmauMk66J7GUPm632wRBYJK6ImdF7HY6HZP2TX+AJPuRstmCSFIR2jJGkiSmZLasp0jVer1Op9PhxRdf5OTJXk9cWVNJ3jqOQ71eN72WRd5ns1nCMOybp4hcSUFLWWrZp0hhSSkL6XLbcl6gJ8VHRkZYXl5maaknbWu1GrZtUy6XSZKEkZERstkshw4dYnR0lFwux7e+9S1GRkZYWloijmN27txJt9ul0WjwzZcqZv+ff+Dm9bzlFUVRFOWSICEhVSgYK4mB1bRoYsvDlxVyjVWpLPPgQ48yMzNNkkC70+Enf/IBnNXryouLePW7RbVa56GHH+XYseO9660E7rnnLvzV623ldbCgPDjA//HFL3Lq5EmmpqaYnZ5hYX6e5eVlokbDXDunXoLreWRyOYZHhtm6ZQvXXHMt27dvx3UdOC3lq6lfRVEURVGUSw8VwIqiKMolzY27NrJrywgHj8+zXGthZQc5cuRl0292cHCQxcVFms0mpVKJKIpMUjObzZpEbBAEOI7D0tISuVzOiNdarWZKBIswbjabJumbTqamk78yfjqJKvJT5GL68XQJ4rRE7nQ6FAoFAJOm9X2/Tyjn83kjYh3HIYoi8vk8rVbLSHBJ2KbFpxyjyFWRvYDpqeu6bl86VsYUOd1qtfp6EKcTsa7rEkWRkbEylqSsoSeKW60W1WqVdrvN4cOHOX78+BnJaFmPOI5pt9smlWxZFkEQEMcxmUzGJKVljr7vm3FbrZaR7+12m2KxSBiGJhkupbMl/SzvDcuyWFhYoN1us7CwYLbrdrtGQLdaE1PZLwAAIABJREFULe6//35eeOEFJicnaTQaTE9P47ou27dvN++Xw4cPUyqVKJfLbNm1h8ZzRwHYs3Ojln9WFEVRLi+S3g1bPQ1s41hg25e3pJJrnm63Q5LIteHqdeK7oJRyuipN7zq4d9zK2bFtm6GhIYaGhrh+927z+Gv1fk5fJ8u/0z+fLn8VRVEURVGUSxMVwIqiKMolz2c/tIffXk0B75vPkq3XabfbZLNZTp48aZKlImblw6lWq2X6/0piNpPJ4LqueY2USBZZK4JUPoyR0siSUk33/pX9wlrCV45DRK/v+6YProhf2b/0rQXMd5G28hqAer1OEAQkSUIYhuTzeZNolV7GkoLNZDImRes4jpGm3W7X7EN6I4tIDsMQ27ZNElpksghZWUtZGyn5LF9pWQy9JLAkeMMwNEJ3//79TE5O9pWGlnLZ6fmnhbz0D5bzkcvlTB/kbrdLvV4nl8v1nTOR1dVq1ZSOlv2ILJfnT+/DnMlkGB0dpd1uc+LECUqlEiMjI6ysrFCpVCiVShw6dMgkfV3XpVLppXw/9rGPMTY2xoEDB/A8j++8OmfO96e1/LOiKIpymRGGIf/+9/6A6elpwOLTn/oEt9/+Xi672G8KuU7p3cwGkECS4KxeO17MWFbvy7Z60tqywHYslZHnQFrkpisGvd65T1flSUth7busKIqiKIpyeaACWFEURbnk+dVP3sHv/MmjJEnC919Z4Wc2FZibncFxHEqlEt1ulyiKjPSUvraAkaDSu1VkpQjYIAiMNBYRmCQJrVbLyFvbtk1aNF1uON3nNl1KOE269HM6QSzp4UajQTabNSnXdFlmkdbQ+9AnCII+YS1p1lqtZubWbDaN6JZ5p9PLkrCVtK+UfJY1S5eGFmGdLkktQl0EdLvdNolhSRKHYUiz2TQiOAxDXnnlFY4cOfK6H1ilxa9IYVl/6fvrOE7fvyWpnZbFciyyniLkPc8z6ydzEKEtx9RsNikWi+TzedNnedu2bVQqFdrtNs8++6xJDA8PDxOGIWEYsri4yMjICI8//jj5fJ6BgQG2btvOF39wcnUcm1/86Hve4m+BoiiKorxbsXpfyep3hXK5zAc/eA/Hjx3HsuCWW24212sXq9hLEigWC9x9z11MTh7B8zxuuGE3nuvQKxN9MZavvrhIy9/099fb7mz7URRFURRFUS5tVAAriqIolzwTo2U+9+E9fPmh50iwiEduIJmZJooidu7cSRRFtFotRkdHOXbsGADZbLavpLAIQRGJkgS1bdukYKWcsJRbFvEJa6nXdEoYMElW13X7ykFD78OZdElp6e11en9fkae5XI5ms2mebzabfQnkdrtNoVAwvXpPTxXX63WKxSLdbrevTLKkftMi1bZts1/pDSzpZknISqL39LktLi6a16SFe6PRoN1uE0URURSZ8sv79+/nyJEjfalpKa0s6yDpZElPi1g+vdSgrIkIZjmv6URNLpcz85FS0iLsV1ZWKBaLRFGE67qmF/T4+DgLCwvYts3k5CRjY2MUCgVWVlZorPZlq9Vqpi+053lEUcTCwgLlcpmf/umfZnBwkK1bt/Ktb32LvafWEhuf+/CNbBotXZDfDUVRFEW5eLEx8lfFL7Am7hzH5dZbbuHWW24B6ZR80Vb2letawIIb9tzADXtu6D0GgJaAPmfOdckuyveFoiiKoiiKcqFRAawoiqJcFvzGL9zLlx96DoCvv1Dj1z7wfqZOnWRubs4kYEV0NptNtm7dSq1WM+JUUp/ZbJZGo4HruqYnsIhDEaLSL1f64YqUlNLJIirT8jXd/7fb7ZIkCZlMhk6ng+d5RnrKccgHgJJWFWmczWZNijXdO1iSxNJLN5fL9UllKWFcrVbNWgRBgO/7pudtGIZks1larRaNRoMgCEwZZZG+QF8JaNd1TZlpkawiQZMkYWVlxYhoScRKArhSqVCpVExaOF26To5b9iNCVoS367omWS2luOVcNBoNI43l3IkoPj3lLUhZaMdxTMlrea84jsPc3JxZj2KxSKVS4YorrmB5edkkrqXctZTVXlhYYNu2bTiOw49//GOWlpYAuP/+B/itb59EPq37jb/9wfPzS6AoiqIo7wKSpAvYJFYMJFhWAklMQpckWW2jYSWp8rYOJBYWFj0LeqYdS5fCFU5vxwHxap3i1WuWxEIktPUa+0TGS41hjiI1nmVZJFZv2/6x7FVpu3q9kaR2exb6Re9alZj1GuDe9r3UrWWObS2F218mOE69hr5t1jeYHOZan+JEJmklqz2A32BfCb3nU+c8WV1ny0rW3hNYZixL1HLSex1WvPra3jm15MezTSF92q21a9m1/sun99uVr/iMl/ce6L+2fNOo0FUURVEURVHWgQpgRVEU5bJgz86N3HvrlTz67GHixKad38b8/HOsrKywYcMGpqenTbp1w4YNLC4umn6/5XKZSqWC7/smqdpoNMjlcliWRTabZXl52aR7RTratk2xWDSpXJGA6Q+KRBpKOea03IzjmEwm05dglVTxWgLEMWJSUruA6XFbq9WM4JSxpVeviGnpCSzPx3FMo9FgYGDApHSlbLWkekVKp0sur30olpi+wbImUqJZEs1S3llKJ7fbbZrNJisrK7TbbZaXl6nX68CZH6ICfSlp2cayLFPyWtZCUtFSflvks0je9LpIMlhEu5SQlvWVecv5CYKA5eVlI/2r1SrFYrHv3DWbTeI4Ztu2bZw6dcr0Wd6wYQPz8/MmDT07O0ur1SKTyXCsnqMb1wD48G272H3l+Hn/fVAURVGUi5fVFguxjWXZJInoPAcsx4g849KSBIukJ1RfIxp5hoxNMBKv15dWBKpDHCcsLCywvLyM57ps2bIZ23bO2Ofqns8cw7Lort48WK/XiaKIZrNFZ/Vaz3FsCoUCQ4ODeL6N/Sb7sSZ90lSuK1n3vnqb2CTJqiSF1bVeXdskIUmg0WiwuLhobuYrl8sMDQ32VbNZ/zGnD3dNlJ7LzOX8rcl3C8uyV/dvmccbzSaLi0vmWrJQyDM8MoTnepio9DlKVNMOJYnpdLosL69Qr9V6N4AmCe5q25hSqUShUFgT61jmcCXxrCWYFUVRFEVRlLcDFcCKoijKZcM//rl7ePTZwwD8/kOv8qvvuZYg8BkYGOCxxx4jm80yMzNDGIaUSiWazSYPPPAAzz33HNlsllqtxsmTJ82HSZ1Oh1wuR61WM3LW930jVx3HodFo9CVi5UNGz/NM2WbP81hYWDBliyWVWiqVTGI1/Vw6Rez7Pp7n4TgOrtv7z7okbwEKhYIRsK1Wq+97Nps1iV4Rs5JClnRzJpMxste2ber1unksiiIjTiUZa1kWrVbLiGkRrunex41Gw/RK7na7RvyGYUi73aZWq5nSy1KeG9Z6H6e/AyblLP+W5K/MRcRvem0kJZ0W5nJO5bXtdtuIeSkHLalsSSwDZs5S/ltKZe/bt4+RkRGCIKBQKBjxLseYyWTMTQVrqe8s//GJGeQjwn/88/dcoN8GRVEURbk4+dM//U/UayHVeo35+QXo6V2+/o1v8uBDD5s0brLq8X7pF3+RiYlNQHd1D/29ZNOy7cEHH+apH/4Qx3H41b/7ywwPDwEOtu3yw6ee5tvffpCVWhWShCu2b+OXf+WX8X0pRf3aJElCGEb88IdPc+jwJFNT0+baUMZPXwMC5HJZHrj/Pm6//XYc59xlYBRF/NmX/4KTJ08C8MD993PrrTeb67+zkSQwNzfHl770JarVOrfddhv3338ftt2bz9LSEt/97mM899xzhFFLXoVlJWzevJlPf/pTTGzaeE7HbFm9Gwm/9rWvceCVQ7iuy0/+1APcuOcGnNeV7OaIzc2Qx4+f4Ktf/SphGHL77e/lnnvuIQgCwGJ5ucojjz7Ks88+ayrIiIjdvm0bn/rUJxgbG13VsuuIAFvpHy1qtTqPPf4ETz/9NPV6dMY5lp+DIMDz3FQg2yIIfD76kY9w7bVXm5swFUVRFEVRFOVCogJYURRFuWz4yTuv5qqto7xybI5W1yY3fg2LR37M6OgoV111FXNzc4yNjbGwsMD8/Dz33Xcf+/fvZ9++fQwNDVGpVKhWqxQKBer1Or7vU6lUTApCEqWSihV5KFJQErGAKSFdq9WM0HQchyAITFpVSk9LYlX2mU7/Cuny0uk+szJOWjyK5Ox0OlSrVZPMzWQy5jjSpYrlAzcpsbyysmJKIMv8ZP6Sjm00GkYAS//cZrNJFEXU63WTepaE7crKCvV63YzjeZ4RvyJqTdm/1W0kUZ1O8sq65fN5k66WfUm/4rRkl37BMs/0YzJHGVP6GksPZOn/LClm6WXsOI6R10tLS3S7XRYXF9m8eTMrKys0m00OHTqEZVkmCXz99dczNTXF4Pabef5471xdv2OM+96764L+TiiKoijKxcYLz+8joZedFJIkodlsrrZxoPfs6tNx0isV/UaIgG02m6stPhKWq3VK5UF+9OzTPPb4E8zPLRCnygnnV2+ie509rn7vbdtstnjqqadYWqqASdKmx+5PIodhxF/+1V9z/PhxPvaxj1Io5M9pjXrSOaRarQLQ6bTNNeZ6sCyLbpxQq0VUq3Wq1Tqdbsz0ySl++NRTvPjSfsJ6mH7F6rgWJ06c4itf+Sqf+9xnGNuw4Yy2GWcjiprUamHvZrtWx5RrXs8x9675Emr13nFXKlVarQ5z8wv88KlneO75580Ner3XgLxXXj1ylD/90p/xmc98kq1btqz7eCUNfeDAK3zjm99iZmZ29eZDOe7+VLLcENhsrl272raF7w+SyQQqfhVFURRFUZS3DRXAiqIoymXFb/6de/mlf/kXAPyH757itz9zGy+88AKbNm1icHCQBx98kFqtRqfT4fHHHyeOY8rlMmEY4vu+6bcrEtBxHKIoMmWW0yWCpXyyfHgoondoaIhOp0MYhiZBKynWXC5nyjxHUWR6+oq4hbWUgfQJtm3bHFej0TDHlk4MS09ckcNS5jmdQKjVauRyOQAjsqHXPziKIpM2TpKEfD5Pp9MxqVaRxSKE06WZpQRzNpulXq8bAS3iVdY7LdKlR7KIYtmX7FdEeDoJnJ5nq9Uil8uZdZIvOS+yf8uyzPpLMjgtzeU18m/XdU0KWOSwpHlFSEdRZObYarUoFotEUUQcxxQKBTZs2EClUmHjxo20223Gx8cZHh7m3nvv5Z//5QzSN+43fuHe8/vmVxRFUZR3ASMjIwB0k5jl5WVzPZPP58lmg75tkyTBdVzW19CVVSPY68l79OhxvvH1b3H06FFzfSE3rvm+y/Dw0FnSucnqV+86oFwqE0UNXM+lVCxSKpcpFotks1lzfTg7O8vRo8cIw4g4Tnj+uRe46qqruPnmG9ctQteQZHJyFv39elhmBtVale9973s88cT3CcMGtm3h+T6bNm1k69atxHHMwYMHmZtbII4TTpw4xbP/5Vnuu+/Dq+nbcx+7//vZkCOVfsmr1671Oo89/jg/+MEPaDSa2HavDPP4+AYmJiZwXZeDBw8yPT1LHCfMzMzywgsvsnliYl1lrOU6sF6v88ijjzI1NQ1ALpdnzw3Xce211zI0NGQq45yammLv3uc4cuQInU7vpsD3f+BO7r//wwS+v9ajWCWwoiiKoiiK8jagAlhRFEW5rPi5B27mN/7t15lbqjO33MApbWZp6TGT+kyXN15ZWSFJEgqFgkmdiDS0LIswDLFtm1wu1ycp5UvKIAMmcdput02pZMuyKJfLtNttXNc1pZBFaoqklESx7CedhJXSz5JWLRaLfdJSjuH0/sRhGJrjli+Zk+d5+L5PGIYEQWBKGovQlORzEARGpsr3TqfTV0pa+vvK4/KBV6vVMilhkeAiyCVtKx/4psV3eo3T6yFyVkQuYEr/pUtBy7GI+BYZHgQBrVbLHIPI/HSaW+R3u90GMOI/k8kwNjbGzMwMnU4H3/eBnjjPZrM0m006nQ6bNm3C8zwmJibI5/Ns376doaEhjh49ytDQEN3cOCuNKQA2jpT43IdvvFC/BoqiKIpy0fJP/sk/IiGhHob83u/9PtPTvdYI999/H3fc8V763NmqE1y3RkyS1ZckPPjtB1fbPjjs3LmTPTdcz9atWxkcHMQPRNa9kVqV3rmQyQT84i/91ziOu1r61zptM+mtC/Nz8/z5n/8Fx4+foN3pMDn5Krt3X4+/2q7i7WNtbq+8cpADLx8AYjZuHOe2227juuuuZWhwwMwlDCO+8tX/zIsvvkSSwLFjJ2g2m2sCOB2KfkPerPyUDrryvxavvHKQl19+mSSO2bhxI++59Vauv/661dLevXOzslLla1/7S158aT9JkjA3O0+j0SKfz559xNWew1PTM8zPLwKwaeM4H//4T7N9+3Zs20ptlzCxeYKbb7qJp576IQ89/DBR1ODE8RNUV1YIhkfWdpxu4awoiqIoiqIoFwgVwIqiKMplhevY/Prn7+af/rtvAvDrv/c9/t7tm5maOsWJEyeYnp7GcRyuvfZaXnjhBaIoolqt0mw2jVCV8s8iNMMwNCJQkp7pVIHIUylbLLJY+sxKGeR06laEZqvVMsJRHk+XEGw0GpRKJTNmHMdGQEqSdmhoiIWFBSOJpXdwury0JHJFokoit9FoGEEr48p80iWXRbCKtE2L1vQ69MouxuY4Ty9XKNJbhHVaosvzIoBlnpLclX1FUWQEb6PRMGkeWEsRi9yVctsif6UMtohpEbitVotWq2VEcaFQMOc7SRKmpqYIgsAcuxyfpJx93+fKK6+k2+3y3HPPMTg4yN69e7nyyivxPI9qtcYXH3vezPPXP383rrP+Uo6KoiiKcslgJat5XrFka6L1jJzvOUq01N6IV6XhJ37242zfvhVRi0beWm80QP/jtm2Ry72eUEz6vo+OjnDLLTdz8tQpOp0us7NyA9m5CuC168E34xLTaxnHMYHnc9fd7+eDH7wb3/f7brwDyGQybN+2jZdfPkCn0yVqNGi1On0VWl53oL5/S5r3HA60rxlvYqR6t9slGwTcceft3H333RQKOVNyWygWC+zceSWHDh0majSIGhGdThs4uwCWuc/OzJg2ILt2Xcm2bVtW0+FrA1m9Ot94nst1113Lj368lxMnTrC4WKFeCxkZlm3WP3VFURRFURRFeSuoAFYURVEuO/7Bp9/PF7/8BNMLVZbDLq/WSiycPMnMzAyjo6PMzc1RqVSI45ixsTHm5uZMWlREYaVSMeWDRUDW63UjV0UySgI23XM2nRYGjKwsFArAmtSVfaa3F5EpiV0ZW45FpKqM3+l0WF5eJggCIz3lGKVUsfQdfi3hKsI5LXTTpa2lN7FI1HQfZHm9/CxSWY4vPQc5fpmLHGen0zEp3NPTz+nktByL7MdxHFqtFvn8Wk+9TqdjErqyT+l/3G638TyPWq1GuVym2WwaEZ4uOy2lrEXKSwp6YGDASHTpEQ29D0tFqj/77LPcfPPNDA0NsbKyQq1WIwxDrrjiCrqD17IcLgMwPlzk73/qzvP9tlcURVEUJcWuXTv5uZ/7PJlMBmm/cOFIRz4TSqXC6vVFQrPZ6ru5752gWCzwuc9+lp07d5hU6+lIy4++59/hFGsQ+HzyU59k9+7rcRzrNddRyoc7rtMTw6lKMuul1WqZa9FcPo9jyo6/Np7vk8n0ktFxHNPudF93W0VRFEVRFEW5UGi0RFEURbnsyGU8/td/+FHz7794ZpmxjZuJoojJyUnCMKRarZoE59jYWF9yVj4AK5fLfaWIC4WCEZySUhURK/tKp4E7nQ7ZbNaUWZaSyZZlGTkovX0lzZseLy2G5bi63a4Z0/M8isUijuOY/nOe55ljLBaLRijncjmzjUhtkckyvpRWlrUAjCxuNpt9c5YUrTwuxypyuNVqGSGclrbpuXY6HVMmWpD9S0JYSjOLoE6ShE6nY8p5S7pa1j6Xy5m0dTo1LGJb0sKlUskIfJHw3mppxna7TaPRMKngwcFB09tZ9js4OEgQBHS7Xcrlcu+DR8chn89TLBbNfAuFAsMbNvLnz1TMHP/P//5nCHy9R09RFEVRLiS+7/VuQiMxN/q92d6s6RYgcdy7Ful0u6tfMZ1uQqcb0139SpK1Hri9152/ea2ftfLFvh8wPDLc1yLDbGXWppd0tld/NkHpd7Cfret6DAyUcRzrDc+hzAtIleQ+O/KSXlnv3nluNlqmUkxaJKd/7nY6tFotM7a7jn7DiqIoiqIoinK+0U8XFUVRlMuSzz9wM//mL77P0y8dBywOdq5gYmKS48eP02w2WV5eptVqsW3bNo4ePYrneaysrPQJ0XTJZM/zsCyLIAj65Ge6x670ABYBHAQB9XqdbDZrxG26F2273TZ9bIE+uSofYokMlZ9FziZJYoTlwMCAScp6nkc2m6XRaNBoNCiXy7RaLXNMMraQFs+SqoVemlYSxSJNRWpDr/+wzD+dFBZJDZg1k9fKeLJ/27ZpNBp9jwOmz6/sN12CWrYTgQyQzWaJ45hqtUqn0yGfzxspLNt0u10jbAFqtZopRy1rKmsjst73fbrdLlEUUSgUmJmZ4eqrr2Z0dJRjx46xceNGJicnTRntKIo4dOgQY2Nj5HI5I7y/eywD9M7z+/Zs4zMf2vOW39+KoiiKopyNBKwYLJu3EmUV8ddqtXjxxZeYfPUo1Wq17wa2tR7AvWuharVG56JIha6lkte+3k3Nac+xnPS57n21D/TQ0ODqdXKbw5OTzM7uYePG8dVt1q7L5b0wOTnJ4sICAOVSiVwu/1q7VxRFURRFUZQLigpgRVEU5bLl3//GJ7n173wRgGcma/zah+6j9q2vEUWR6ft67Ngxk0SVtKqIOxGQQRAYMdtsNnFd1yQD0kK12+2afYg4FqEq+/I8z2wnCVcplZxO/57+YZPI3nTyIS1aM5kM+Xye+fl5I4JhrSxyukexjC8iW74AI6tFtmYyGXOcIsdFvoooFfmbLqks48s6yrGLCJb9pwW4zFWekwSx9BMWISuJDFnTRqNhzpvv++bfsk232zWS2HVdlpaWzM+Smoa1stsyByl53e12mZ2dZWRkhHK5zPT0tJH3GzZsMNvOz89Tq9WoVCq0220GBwfZevXNfPup5uqcLf7vf/rp8/cGVxRFURTlDVgVncZ5Jv2Pr3cvlkUUNfjKV77Cvn0vEad8pGX+N5UUfY3H3hHe9b1oL6z8BVZTv7BpYoKhoSHq9RMcPXqUP/vyl/mJe+9l165duJ6LBcRJQlgPeeaZZ3nqqR9Qq4fYtsO27dsZGCi/o0lpRVEURVEU5fJEBbCiKIpy2XLTVZv41U/cwe9/7SkA/uQHNT5+001865vfJJPJMDY2Zvrkwpp8bDQaRuCK4EyngmV73/cBjPgUeSpS1/d9PK9XfjCKIiOQZQzf988orey6rukp7Ps+SZL0pZBFSMtjQbDWfyxJEnK5nBk7m80SRZFJt0paV1K5kkiWfrcyL5G0QJ8QhzVx6zgOmUyGVqtFs9k08/Y8z4hs13XNlyAlskUYS0nsNPKcJHQlPS29gNvttim5nV5L2X8mk6FWq1EoFEyJaSm3LWvm+76R95lMhvn5eTKZDL7vs7KywsDAgJH9Ujo6CAIOHz7Mxz72MZ599lkqlV5Z5z179tBoNLj77rsZGxvj6aefJpvNMjQ0zH98fm1e/+2n7uSa7Rve6ttaURRFUZR1Yp3hD889AZskFt///pPsf/kV4qRXHnl0dITx8TF8z1/dZW8g27ZIsFlaWmZy8rBpkfGOYJ0uUN/BY3lTWKmvCziKBaVikffdcSffqnyb5eoKU1OzfOk//bm5/pPKPVJVR45vy5bN3PaemwkCr/+wFUVRFEVRFOVtQAWwoiiKclnz23/vJ/nzh5+jUo1YCmMa2S1MTEywYcMGisUihw8fNqWN8/k8jUaDTCYDYHr1ijQFyGQyRhCfLo6lb68kg2GtVLJITBGatm3T7XZNf1vZv8hY13WZmJgwKVvA9LgVoVsqlfrktCSBRXjKOJL8lRLPkmqVpLBIZEkli4yWBK4cZ6fT6ROnImTlMcAIZxlP5iwyV+aZluvp0tcyvkhgKQXdbrfP+G7btjl2EblAnygGzDp4nkcURUZAy7zq9bp5XvpAS4pYpH+SJFQqFQYGBnj55ZfxPI/BwUHGxsZ45ZVXGB4e5uWXX2Z+fp477riDV199lUZ+Gwu1EwCUCxl+6+/95IV6myuKoiiKcoGo1Wrs3buXdrt33XfDDTfw2c9+Gj/wsJKeoLQs6RebgGWzb99LHD165J0VwMpZkba+tm1zy603U6+HPPSdh4njLpZlm2tqSLCwsGyLIPDJ5TLs3n0D99xzD+VS8R2dg6IoiqIoinL5ogJYURRFuawZLGX5l7/6AP/wf/v/APjyf6nzhffcTsZ3ePLJJymVSpw8edKUZpYUaz6fJ0kS00tXyihnMhmzLayVa5b+sunnpIewSFrA9LR9vZLP8rVp0yYjJEV65vN5kzQW2Vkul82xScI3jmPK5TL1ep16vd43jkjebrfL0NAQzWbT9C2WsUXCBkFgxDhg+h+LvE7343UchzAMjfSVssoynowv8jldjlqeE0ksqWdZr3SZZt/3sSzLjBVFkelV3Gq1TGK3WCwaQS9iX0pfA2Z813VpNBoEQUAURaZ3cxiGZixJakti+aWXXuLqq6/m1VdfpVKpkM1mqVarpiT11NQU4xNb+Gd/edK8D//1P/goxVxwHt/ZiqIoivLu58yquRdfj9pWq7UqAXvXNVdfczW+72IlMf0J1Z7sTYh5O8oXK+eThFcnj/L0009jWRb33/8AWzZvMn8D9G5StM3fCIODA+TzeXqX9xffe1ZRFEVRFEW5PFABrCiKolz2/DefvIP/66tPsv/ILGDx6MkBRuYfYWlpCcdxKBQKWJZFtVplaGiIbrdLp9Oh1WqRzWYZHBykUqmYcseCCFopxxzHMe1225Qa7na7fYk6sJBHAAAgAElEQVRbx3H6tk2L2XQZ5FKpxPDwsBG1vu9j2zZJkpDNZvvKMotkFkkqgtiyLIrFoknCSqlr13VptVoEQWDEp4wtad10klkStiK2Lcsim8329UIW+Sw9g2U713XNsQCm77LnebRarb4yeul+x6+1ppIGlnRvOlGcz+eNnJY5SuJG1hAw5bvT/Y3Tay/nx3VdU75bUtDS57fdbpPNZjlx4gRRFBEEAffeey8PPfSQ6R1cKpV4dMoiXm0SeMOV4/zKz9x2Qd7biqIoivJuR26ESy5SX9qrGhKv3qxmkQmCXhrUAhJbtuq7uU+F4LsD6QEcxzGTr04yNz/HwOAgW7duYccV2/u265F+kyapLz3fiqIoiqIoytuPffZNFEVRFOXSxrIs/uP/8l/hub3056HZFv6W22m326ysrFAqlUza07IshoeHjbRNkoQwDI1QjOOYfD7Pxo0bTUJWeulKylfErwhKkaFBEBAEgemTK6lX2S/0Er3XX389AwMD2LZtng/DkE6nQy6Xw3Vd85xIaPkux+E4Dp7nkc1mcV2XoaEhCoWC6ZGbXptsNkuSJEYi+75PEASUSiVyuRyZTMb0HRZ5K6JWylsDplx1uhy1JKAlqbv2IW9i+h9Df99fWUMpvWxZFoVCwYjYIAjMvGzbplarGWls27bp/StJZhHSUt5Z+gWvrKwQRZFJ9orwlfLSMr4IYeilgOr1OpVKhU6nQ61W49FHHyWbzVKv1zl27BhLwZU8e3AWAM91+NK/+PwZfY4VRVEURVmjX55eXMi1XJIkkEASA1gkSfq/7ZIEtmlETV5++WW6XS3/fLEjb7kkgWajd5NntVrlxRdfpFar0i95Txe9vfOtH7spiqIoiqIo7xSaAFYURVEU4OarN/G7f/8j/KMv/jUAjx31+NjtH+Togb0sLCwYEZgkCQsLCwRBQLvdptFo0Gw2yeVyRFFEoVAgk8mwvLxshGutVjNJVfnw0vM8U/5YEqciAaW8cVqG2rbN1q1b2bBhA7lczvTDFfL5vEmzSnpVxpExM5mM6T8s5aDTCVvHcchkMqaktJRBlvFFAqf79kpZaymNLQlXSUgXCgXa7TatVosoioyklRR1kiRGnoosl/HSghcw85B07+n9gNO9luV1mUyGOI5ZWFggl8uZhK/v+yaFLWsj807PU8aWvr9SQluSzZ7n0Wg0TAJZhHm9XmdgYIBms8nU1BS5XA7f93nfT3yU//D9KXPe/vf/7mNcv2PsfL+dFUVRFOVdj2XZ2Hbvv8sWFvNz88Qx2HZatolci8/hZiqL1y6/nC7XfDZ6x5AAlmPj+R7UezfsVSqLxHG3d+20WvaZpHedMze/wF/91dc5NDlJEvfmRfJ6x7OOeSRv5Qay01+7jn0lq2ueWL12xunDft2Xp0X36QnotyL1Lc79nJ3jCKunxrZtSqUSjuPS7nR47PEneOqHP2R8bJwtWzazbds2xsfHyedzeK6L6zq4rnPGe1Jv+FMURVEURVHeTlQAK4qiKMoqv/a3PsA3ntzPd545BMB3pjfy8d0xR149jOM45HI5AJOYFfkIGInZbrcJw5BGowH0EqGwluAV+ZnL5fpkKGB6xKZLOkuZ5R07drBt2zY6nQ6lUsnIUSlbLEJY0rXNZpNMJmOEpSSDRYDKttKzWPaXTgw3Gg2TTpZkraRfRbC6rmukKWDErYwhslTG832fbrdrnpd1832/r+SzpKRF6sq+00i5allfkb+1Ws1I6mazSRAEpjy3yPV0z2ARyjKulH5OC26R5iKbs9ms6Y2cXnsRxdLzOZvNmnlNbN7Kl/auffD3U3dezd//9Pve6ttWURRFUS5JXNehVCpx8uQpIOH5559nZHSEiYlNuE7vmqBQKFIqFV+jV/AbcX6TxPl8jpGRESqVFbpxlx8+/TQDAwPs3LUTz/VYWFzg6NGjHDhwgFdfPUJYrzM8PEJYD4kajdMs6rnyFnoJJ3BmYvUsC/mm/OWbFdxnIznt+3qO47V+foMRVtfIsuD666/j4KFDvHLwIN3/n737DpOyPPc4/p3etsOy9CJNEAERMCBIVRGxo4mKXRNbiklsSTSxRJPo0cQae+xG7F1iwYYVKVIEQTpL28KW6eX8MTwPM9QFURR/n3PNxe7MW573nbmOm/3tfd/pNLFojCVLlrB06VI++GCK/UPKwsICCgtDlJaW0rVLF/bu0QO/z9v0yxIRERER2UUUAIuIiOR47OqT6H3yTayubiASTzM/3R1Xaj6hUIiqqirKy8tp2bIls2fPtiFgRUUF8XicYDDImjVr7MxbU1Xq8/lobGwEwOfz4fV6bRibW8mbTCZtJanb7SaRSFBUVMT+++9P8+bNAezx3G43kUjEhp6xWMwGwy6Xi1AoBGDbFpuA1FQc587h9Xq9JBIJO8fXBNFm/m8ymbRVrqYNNJAXlJpWymZ/cx1mPWY70+o5GAzatZtZwYC9LpfLRTgcBrBhc27IbM5nQmETFnu9XgKBANFolGAwSGNjo63kNeG3OYYJhHPDXci203Y6nbZi2ty7RCJBYWGh/d7r9dqKanPMdDpt1wLYsN/r9bKqcCCxhuy2FWUFPHLVid/Wx1hEROQHz+PxsE/PHsyb9yXpNNSuX8+zzz6HCfwcZOjTpw8nndS0/55m/9ucGxp+81DSAXjdbg48cDDLly8nEomxdm0Vjzz6+MZtcn6Gcbuc7L333owZM4aJTz3N8uXLv8E6Mt8wW83tsNLUStqM/b8dPc+W5+PumMxm323/GJkM2XbcuY8mMhW76XSa+oYGYrE4DgeEAn7crmwHnGQySTKZJJVK0dDYSENjI6tWZff/9NPP6dGjO0ceMY6ysrId/EMFEREREZFvRgGwiIhIjuYlIZ64dgIjzv83AJ8vquO4PqOZO+V5UqmUnQvr8Xiorq6msLCQuro6HA6HrTI1oZ+prI3H43a276btjE0AbMLD3KrfLl260KVLF7xeLyUlJUQiETt/F6C2ttYeM7cNs3mYSl6/3583EziTyRCNRu2+DQ0NhEIhW9FqKngdDoetZi0qKrIBbzwet2Gumetrgl8T+JprM5W1sVjMvmZC6UAgYO9bblto2FgBvOn9MpXIuaF2bstqcy4TKpsq6GAwSCKRsHOXzS/qGhsb8Xq9tmranMP8Qi93TrDP5yOdTueFvLkznE1bahPEm7XF43H2GngEL8+N2+M/ed0plBQGvt0Ps4iIyA9WNtzbr18fli5bymefTdvwM4X5eSD75Zo1a0gmk3g8TfvVRrad9I4GmNviBDJ069aVEcOH89bbbxONxsgNU805W7duzeDBg+nVqwdul5tAwA87XMWaK3/+rPkZsilthrOZ7yaBrA3It7d/BkizYeRxE21s17x5EL+DMrlhflOD5DQZ0hve9x07ZzqdYfbsubz00svUVNfQvmMHDh87lubNmxONRmlsbKSxsZH6+npqamtZu3YNK1aspKamhnQ6w9y5X1JSXMzYsWPx+1UJLCIiIiLfHQXAIiIimzhov05cftoIrn/wbQCenplgwgFDmfbJ+zZ09Pv91NbWEg6H7bxXU+VrZuuaQNa0OTbBo/nFnKmyBWwwmTvftkePHpSUlNgQ01T+mhbHJvA04a4JbwsKCuwa3W63DYcDgYBdvwk8HQ6HrRYOh8MUFhbS0NBANBollUrZitzCwkKi0ahdSywWs9W0JvQ24XQ0GrXVECbUzp3vazidTtteOpFI2HvidDpJJpNEIpEtzgA225pg1tw3c+8CgQAul4tIJGLDXL/fb+93bqWyw+GgtLSUxsZG+4tTc5/M+7XpvGYTXofDYTweDz6fL6/i11SDm237HTCUiXM3zr+74sxRDOnTcZd+ZkVERPY82dEUxxxzNN26duWTTz6lvr4OyI6wKCsro1OnTtutqsz9I7Ju3bri29Dho6JFi83GSzR9aRsrZh0OBx63mxEjhtGrV08+/PBjFi9eTCKRwO3y0rJlBX369qJLl854PF77B3IHDBxIh44dKAyFbHeVpvJ4PPTv35+uXbvgIEPbtm13aH+HI9u6eujQA4nGYoRCAQJB33bvZatWrRg+fBipVJrCgkKCwcAOhM4ZnC4nvfv0plWr1rhcblq3aU1Ty2LN+1hcUsxBBw0lnojj9XgpLi7e3p60qCjnoIOGEI8nKC0twe/30ZSwO5OB6upq3nnnXaqrqwkFCxg+7CA6dGiH0wkFBQGaNy+1xzIF2fFEkg8//Ig33niDaCTG1wsXU1NTQ6tWFU26VhERERGRXcGRyf1NrIiIiACQTKUZ+vM7+GTOMgAK/U4O8M1g2dLFefNw0+k069evp7y8nMrKSoC8al7Y2PrPPEy4mFspa34BmRs8jhgxglatWlFYWGgrTDOZDOFwmHg8TlVVFdXV1QQCAUKhEEVFRXY+sWmFbELW3Mpbv98PQCQSyf5yckMb5HA4bKt4zQzjaDRqj2GqZk1rZBMQ516X+SVgKpWioaGBVCpFLBYjnU4TiUSAbJtn0wrbBNLRaJRMJkN9fT0NDQ3U1NQwY8YMe+9y/3W73TbwNvfM3OfcSlwz+9gE0GY7E2ZHo1G7nblGr9drA+ncsNwEzI2NjTYMzmQyFBcX2zbQJvT3+XwEg0GSySQtW7VhtudA6qPZcw/o2Y4p91yA06kegCIi8uNjfjYyPzOYzhrmj7NSqRSBQIBsReuGnXI6CGf/oMyJy+XM+QOx7ItbCyFzfx7bcBg2ftG08HLzg+Z87dh4nuzPK5DJZK/J5XThcDpxmB1y15CTP+7oCjb7JU7Or3V25Hps92ey5bzZXbd9H21gm3MjmxoA5+2fo0nNp7ey/3brlc37svGZnH22FwBn+PLL+Tz55FPUNzTQpk1rJpx8IuXlzTcc12yXf9wMsHZdNU888STLliyjsLiIn54wnu7du273OkVk1zBjhXL/kNd0uTL/23un/v+/iIjId6yurg6A6dOnN3mfvn37Atl+RSIiIrIJt8vJk9dNoCCYrdCtj6b5It2Htm3b4ff7beWpaaW8bt26vFbOueGheT43yDT/Q9QcJ5cJMtetW0dZWRmBQIBAIGDbSAeDQfx+P4FAwFb45rZ3TiQSBINBW/lqtjPBqwkvQ6GQDZe9Xq8Nds16fT6fbdNswt5AIFvpYVpcm4DXVO7mtqA21SzxeJxEImF/0WvOb2b2mntlKnZN9S7kt8o27ZbN9+b+mUpe2Dhj2dxDE1qbazRzgU2758LCws0qeKPRKOFw2IbGiUTCVjCboDiTyeB2u6mrq7MV06altmn/3KxZcxb6B9nwt7jAz1PXn6LwV0REZLsc9r/79v82jLxwu115Pzs5HNv+JX7uzw/ZI294bGe/7Sxvs7G55lgOBxv/gMzlzIaE2ZPl7+5o+uTdbZ3ewcZr3NHr2bgGs+/272P+/Wv6Pdxsf3bs+re2f1P2I2+fHTtzPB4nueGPDl0uF84NP8duvF9mXc68Y3rcbtwuJzgcG/4gINnEKxURERER2TUUAIuIiGxFu4oSnv37qbhc2f9crq5Psyx0AIFAkEgkQm1tLclk0laLwsaKltwq1dzKVTPf14SquW2fAbxeL06nE5fLxfLlywkEAhQWFhIMBmnWrJmt9jWtjouKimxomkgkKCoqspW0ufN5TchpAmjTTtrtduP3+22rarNuExSb4NS0Vc4NRQFbWZwbimYyGRuwOp1OvF6vrXLObYdtQnFTOWsqolOpFOFwePNf2G64ztx5wbmVx4CdIWzab5s5vqYNtmld7XQ6KSgowOvd2Dowk8nY0NqE3+aYTqfTzj7OnQ1swv7CwkJcLpcN1YuLS6hvcyhrs13B8bhdvHDjGbRtsb02hSIiIiLyfeH2uO3/FmhoaKSxoXHLk4RtKp4NgmtqaqirbyRDxo5yERERERH5LikAFhER2YaR/bvw6FUn2u/nr4oRazMch8NBLBaz1aGmfWGu3JloJgA2c3tNIGqqd034arZ1uVzU1dVRWVmJw+Gw1bnBYNDOzTVBps/ns6FxOp2mqKiIYDC42cxd88snE2Ka4DUej9vZtyYMNuEsbGxpbcLi3KpdU1Vsjh+NRkkkEvZemHOYoNdU0gYCAVupayqbTeDrdrttAGzuk7mP6XTaBr9mLblVwalUys4/Nl+nUinbAsysPffafD5fXmW0ed5UGedW/prQ2ATm5uvcKuHy8nKS7Ucxf1XM3vsnr5ugub8iIiIiPygOiouKKSgowOFwsH79ej786CNWr16zYSRL9ue/ZDJFMpkiHk/R2BhhxcpVvP/BFKqrqwAIhUIUFBbu5msRERERkR8b9+5egIiIyPfd8aN6s2RVDZfe9goAny+NM6TfMdRNfjBvdq/b7bZVvbnzcE2ImVvlalpA51YP+/1+EomEnQHs9XqZOXMmXbt2tUFkLBazrZiTyeRmLZlNKJrbytm0ho7H4zbgjUQi9jmHw4HX6yUejwPktW7OXbc5ZiQSsS2PzbW5XC7i8bhtuwzYGbvm2CaANhXQsViMVCplz2cqdqPRKLFYbLPZv6ZttAlno9Fo3mxk8z6YdtMmWI7FYjgcDjvj2FT0NjY24vF47HWbdtam8tlsZ+6FOU/uPTXtKM2s5FgshrvDQXy8OGE/P7f87iiOHNrz2/uAioiIiMgu53BAeXlzunXryrq1VSRTSaZOncrcuXMpKSnF5/Nv+Bk9u30ykSQai7J+fS2NjWEyGQcOh5MuXbrYjjMiIiIiIt8VBcAiIiJN8PuTh7GksoY7nv4QgPcXZzjk4FP47NUH8lotm1DQVJ6acNRUxOaGlbmhpZmnayprARKJBIsXL86bKWyqYX0+H7FYjFgsZlswm2A1kUjYSgUTRjudTkpLS23AaWb7Op1OEokE4XDYhsmmUtcEreZaTHhq5g6bdtHmOF6v14a+pgI3EonYCmPInY/nyAtzzcPcj9xqap/PZ9eUe98AWw1sqp9zz2PeDxO0FxQU2DC4rKyMuro6e/9yr8Fcq2ljbV73+/3E43HbTtq0604kEpSWllJXV0f3oScwefHG9V0yYTgXjB+8Kz+KIiIiIvIdyGSy41mGDxtO3fo65n75JbFYjIaGRhoawptt78g4yJDJdoEGfD4v++zTk8GDB+PbMAZFREREROS7ogBYRESkiW753VGsqWngqbe+AGDSVw7GjD6Oz9561oazWwshAdt62YSNgK1UzbaPS9ptTDgaDodZunQpvXr1ss/5/X7C4TA+n49wOPvLJ9M+2gTB6XTato2ORqN2n1AoBGCrZE2752AwSG1tLYBdYzAYtK2NTTBs1m5CUFOtbAJsE5ymUikCgYDd31Tqmms21dKADW9NOGvuhbmHuXN7TaBt7qdhXs8N180azdfRaNSu3wTVuddm3otEImErsc2/Zh9T5WvWZlpH19fX03vI4by22GPXdPKh+3H9BYftug+giIiIiHxnHBsm/RYWBDnuuKNZvnwFCxd+zdJly6iurqGhodF2rTF/SFhQEKJZWRnt27elU6dOtG/fDr/fv5uvRERERER+jBQAi4iINJHD4eDRq0+iav29vD11IQCvLS7m8IOP5+P/TbSVvrlBpWkVbMJS0wJ60/m2uWEmYLfLZDJMmzaNPn362DASIBgMUl9fTyAQIBqNkkql8mbZmvbPZm5vJpOxc3/NnF0T9GYyGWKxGH6/n2g0aquLk8lkXkhq1mPWYNpC54bZZs6xqU4215Z7/eb45t6kUikbGDc2NpJIbGyfvGm1dG5LaNN+OZFI2HOYINdUI5u20mZ7UwEdjUbzZhn7/X4bwJtA3lT5mvfUbJd7nvr6etLpNH2HHsFrize29huxf2ceuOKEXfsBFBER+RFQWCbfR4FggNLSUvbdt9fuXoqINEEkEtndSxAREdntnNvfRERERAy3y8nzN5zOPntV2OdeXhiiz6iTSCQSdlavqXo1Yamp7DWBY27LYxPsmtDYVMSa9tFz5syhpqbGHsdsX1RUhN/vJxgM4vf7CQQCeDwegsEgBQUFeS2azXxgE5Samba5LadNMGz+NVW6Zhufz4fX67UhbCqVwu1227A5t9LZHNO0Tzbhr1lHbttss4+p1s2di7xpAGwCZ3NdZoaxCZHNOXLnF4dCIQKBgJ2dbPY398DMHY7H4zQ2NgLYwNrcq1gsRjQapb6+3p47kUjg9XrZ7+AJvLGimf089O3WmudvOB2XSz9miYiIiIiIiIiIyHdPv5kUERHZQaGAlzdv+wV9u7W2z725yEuPEafg9/ttgArY8DO3fbIJHnPDU1Nlm9v+2VSeJpNJZs6cacNTyAaUwWCQTCZDYWEhQF4Qa6pzzbxeU7VqKntNQJtbxWsqazOZjJ0J7PV67b/xeBzAVhWbVtPmOgoKCmzlMmDPC9n5abnhrQm5vV6vDZvNc3V1dXn3O3fmby4T+pqQ2txvE0wnEgni8Tg1NTWEw2HC4TDpdNoG5aZC2+Px4PV67dcmlDb3OxgM2gA7nU4TjUZtu+hOB57M/xZubKjSp2srJt1yDqGA5ryJiIiIiIiIiIjI7qEAWEREZCeUl4aYfOe5DO/X2T733hIXZf2Op6SkBI8nOwvWVLWacNaEnkBeFbCpHDZBqalABfD5fMyZM4fGxkYymQyhUAifz2dbPJuWx4FAwLaBNnN9ARuwmlm45rzm3B6Ph9raWuLxuJ2NW1ZWltci2swWho0zgs2+qVSKeDxOQ0ODDbhTqZSdM2wqiIPBoK0gNhW6Jrw14bhpR53bMjo31Db31ITspho3d39zzWa+sankLSkp2ey+mTbXZptoNIrb7aagoMCGybnvlZkR7Pf7Kek7nvcWpez7f9B+nXj/7gtoVhz8Fj5xIiIiIiIiIiIiIk2jAFhERGQnFQZ9vPavszhm+MZZYNNXOsh0PYpgKJRXVZtIJPLmA8PGCtbckNRU6po20ibQrKystKGqacfscDhsIFlUVARkA1kTmgL2XCYENlW8JphubGwkGo1SVFRkg2XTDtmc25zLVOmaYNmErrnzhuPxuG11nVuBDBtnBJs216bdtJnFa5gQ2qzTnMvcPxPexmIxe49NO2sTWEciEVudbNYfiUSIx+PE43EikQher9cG7iZM9nq9edXRplo7N2AuL2+Bt9fP+GL1xmrnI4f2ZNIt5xD0e3bZ50tERERERERERERkZygAFhER+QY8bhcTr5vABeMH2+fmr0nT0G4cLSpa2UDSVKNuWnVqKltNBSqQNwvYVJ7W19czdepUGxKb8NdU/ZrKYhOsulwuOw/XhMwul8tWtKZSKRswu1wu/H6/DUJDG8JrE9aaVsomZDVBrGmjbCpwN70Ws/bcNtImCDchsVmTz+ezgbOpAM6d+2sC4dy2z+Y5c47cWcOBQCBvjrC5D7n3xoTsqVTKtp02M5aTySSBQCBvbrLD4aBlq9ZEO49nUY3Dvt/nHvsTnvn7qXjcGwNhERERERERERERkd1FAbCIiMg35HA4uOV3R3HtuWPscyvrHCwsGME+fQbYVsdmBq6pZjVBcCKRsIGnCUPNDGFTXev1ennllVdsKGseZhavCVQdDoedZWv2NY9MJmNnFJtW0JBt6RwOh22omkqlbCWsmdFr9ksmk7bFs9neVOSaubuxWCyvfbM5psvlIhQKbVY5bGbrmkrhZDKZd29zw/FN73tu6Gtaa7vdbpLJJB6Ph0AgkBcUh8NhYrGYXa8J2U0obEJzh8PB+vXr7bbpdJo+/QexrGwMq+o3ziS+7vzDuP3iY2yltYiIiIiIiIiIiMjupgBYRERkF7n8tBHcf8UJNgysj8H/qrqyz9BjbKiYG8ia4DN3nq2pVM2dPQsbWyDPmDEDv99vWzrHYjFbBbxpW2Wfz4fH47HVtSaAhvw5uiYANaGyed20WDbHdLvdBINBe1zABtsmiHW73RQWFuL3+22VbW7gaq7LfG2uy5zfXPuWAtXc58w9NNdtqplNhXXudZrnzP659xSybbNLS0spKyujdevWtgrYtI/2eDwMPvx03mvYl3DSteH8Dh76y8+49JThu+rjIyIiIiIiIiIiIrJLKAAWERHZhU4buz/P/eM0/L5sBa/D4eB/iwKE+vyMipatiMVitu1wbmWqCV/N1ybMNAErZGfxzpgxw1bwmqDU4XDg9/sJhUK2fXIymbQhsakUNpWx5pymGtm0ODb7mfObIDS3QtlUzJo1mPbTkA1bzYzdWCxmn/P5fPj9fgB7fKfTid/vtzONTUCbSCTs9ebOUDaBdW7r7GQyabc34bdptW2+Nm2mzeumTXY6naaxsZFEImHnIJvrN2tzu90Ul5RSOuBU3llZbANjn9fNq/88i5MP3e87+lSJiIiIiIiIiIiINJ0CYBERkV1s3JAefHL/r+jWvtw+91WVk6+CI+jdf7ANMk3Fqwk3TfhrXjdtoE0QnE6nmTt3LsFgkHQ6bQNew+12U1RURCqVsnNsAbxeL+l02lYKm+pgM9/XBMGmxbMJg03759zZvrnVwgDxeByPx2PXYYLh3LWbCt3cymbIzvr1er025DXHy630NV/nzkMGbLW0mYVsQl7zvAmPN12TuQ5TIWwC33g8Tjgcpqqqyrbhbt+5J6tbHsnCmo33uFv7cj594FeMHtD1G39ORERERERERERERL4NCoBFRES+BfvsVcG0h37DmUcMsM9FUi7equ7G3oOO2KydsQldTdBpwuHcls5mlvB//vMfCgoKbJhp5t/mVtZ6PB5bIWuOGQ6Hicfj9lzBYBCv10ssFrOVxqYVdSaTsWGsOa8Jlk3VrdnetF82s4MBW51sKnXN6yZkTiaT+Hw+HA4HoVDIhtDAFoNeU5Gbu42p9AVs6GvCXrNmc09cLhfBYNC2njYV2CYYzmQytnra6XTStu+hTE0PsC2fAc45aiDTHvoN++xV8e1+eERERERERERERES+AQXAIiIi3xK/z809fxjP45NpJzkAACAASURBVNeeTCiQDUYdDgfvVpYS2vd4Klq2stWvpoIV8ufbmvbHJgx2u928//771NXV4fV6bRVs7rxdE/5CtsK1oaHBBrBOpxOv12uP5/P5bGtkU9Vrzul0OonFYjYgNgGuqaQ1rZtNyGuqhxOJBB6PJ68K2YTU4XCYRCJhWzG7XC5bcRuPx21lbu46EokE4XA4L8w125nrikajhMNh+3wikSAYDNpKahOqO51OWwnt8/kIBoMEAgFCoRAul4uCwmL8vX/Gx2vLbNhcFPLz9N9O5d+XHWdbe4uIiIiIiIiIiIh8XykAFhER+ZadMKo3Mx/9Lf26t7HPLVzvY27oYA445GcEAoG8VsymDXQymcwLhk2A6/P5WLBggZ2ba6pkTTCbyWRsi2en00kwGLStlxOJBLFYzIbFJtDNrT7ObVFtXs9lzmvaJ5s1ezweYrEYbrebaDQKZOcWm4C2sbHRtpY2Fb0moDUVyOZaYWP7aFPpa4JryFb8mvC7WbNmBAIB/H7/xtC2qMgG2iZ0Nvua+23aaPt8PgKBAH0OOppVbU9geYPfruGAfdoz89GLOHrYPrv0MyEiIiIiIiIiIiLybVEALCIi8h3o2KqUD++7kMtPG2FDykQywysLA0Q6H89+Pxlmq11N+2PTltiErCZ4zWQyfPzxxwSDQfx+v63eTaVStgrXtHIGqKurI5PJEAgESKfTNpxNJpNEIhGAvBbMpgW0aSFtKn9NRbKp7s2dY2xaLgeDQWKxGEBe6Jzb5tpU8Zrw1wTdue2sTRBt2jibMDj3usy9CIfDdg2mNXQsFrMhr8PhwO/357WxLikpwe12E4/H6dprfxo7HsvbK8tIpjbODf7j6SN5767zaFdR8l18RERERERERERERER2CQXAIiIi3xG3y8m1545hyr0XsF/31vb51fUZJq3uSMXAk9mrSzc8Hg9AXvtiUwVrqm5nzpxJQ0ODrQAOBAJ2zi1gZ+xmMhn8fn/eTF/In9Frqm9N8GqC5NyqZBPGmv08Ho8NZnOrhxsaGmwoHIlEbCBt/vX5fHZGsZkXbI5lqo3Ly8vt2kwFsNPpJBKJ2HA8d76vaR1tgm+Xy2XDahN8m+0hWxGcTCbp0KkzFQdMYHJNN9aGN/5I1K97G6Y++Guu/sWhuFz6UUlERERERERERER+WPRbTRERke/YwJ7t+PSBX/Hvy46jrChon5+52skn6UF0GTjWtnA2DxOgmqraVCrFq6++aqtpzfxbE4KadskmCAXsbN5AIGBn9poq2Hg8TjQatTN5TRibyWRsC2gTqOZW1pqvTaWyCa1NJS9gW0w3NjbamcE+nw8gb+6wCbqLi4u3OAvYHB+w6zDXYOYRm7C6ZcuWBINBQqEQbrcbj8dDKBSygXin/Q9lmusg5tVsbPfcvCTE3ZeP55MHfkmfrq2+rbdfRERERERERERE5FulAFhERGQ3cDgcnHPUQL566hLOPfYnNqR1OJy8u7KE6nbH0n/4ERQVFdkqWMBWw/r9fj777DNbrRsKhWybaFPhCtmgNBKJ2EDWhMgm1DVVvmZNJmCGbGWuqeo1raBNpa/b7SaRSNhHMpnM29eEsV6v184nNvN2vV4v8Xgcn89nq51z12RmBOdWAG8pfDZhsAl9zVxjr9dLdXU1Xq+XWCxmA26Xy0X/4UcS6T6Bj6sqcDjMPXVw/nGDmD/xEs46coB9L0RERERERERERER+iBQAi4iI7EYlhQFuv/gYPn/o1wzo2c4+Xx938eLCIhr3OoGBo46htKzMVsiadsYNDQ2sWLGCUChkK2m9Xq8NaU1AasJh85xp+WwCWI/HYwPU3GPkVuvmhsOmmtdUG5u2zIlEwlbrulwuGyDHYjGi0agNhE2V76YBbywWw+FwEAwGKSkpse2lzX5mjWZ704I6Ho/b9tJut9uez6y/c+cujDrmDFI9T+PNygrCSY+9zwN7tmP6wxdx6++PprhgYzWwiIiIiIiIiIiIyA+VAmAREZHvgd5dWvHhvRdw/xUnUF4ass+vqI7yzFwfS5sdTv+DT6R5eTmADUZffPFFCgsLN2txbNpBm4eZlWtaOzudTjKZjA19A4GAbZVs9jGzdF0ul63IjUQiefuabVOpFH6/n3Q6bQNkEy6b2cF+v99W+prQ1gS6uddkriW3Mtn8a0Jtl8tlA2G/329bWpvzer1e9urcmWFHn80c/wienu1iZU3U3teKsgIeuOIEPrzvQvbZq+Lbf4NFREREREREREREviPu3b0AERERyXI4HJw2dn+OH9mb+1/8lH8+8R6LVlYD0BBN8/J8Nw7/aAYNihBe8gkrVyxj9uzZLFmyhBYtWthw1VTtmhAXsC2XM5lMXsjr9Xrx+Xy2lbQJZHNbRJvW0iY4jsfjZDIZWxFsKnLj8bit+vX7/bhcLmKxGKFQyFb3lpWV2dc2bets2lubOcV+v98Gzua4uW2mTfibSCRsCJxOp2nTrgOB9gN5Z5GTzFwHsHGfzm2b8eufDuHMIwYQ8G2sBBYRERERERERERHZUygAFhER+Z4J+j1cePxgLjx+ME++OZN/Pv4eH89eCkAGJ1NWhsi4h9NrYIZOgXW89NJLnHnmmbba1u1225bI8XgcyAa5uS2ZzTxeE7omEgm8Xi+Qnccbi8UIh8M2RDYBcO4cYFOxm8lkCAQCRKNRvF6vrQ6OxWK4XC4ikQiAbTVtZvya5zOZjA1vTVtnt9tNIBAgFovhdDpJJpN2/abltKkALisrIxgKsVfP/VnYUMpHVR4ci/Ln+A7atwMXnTiU40bs+528hyIiIiIiIiIiIiK7iwJgERGR77ETRvXmhFG9+Wzucv7x8GSefWcW6XQ2YJ29xsFsWuDzVND84xWMH9kLF1HS6TTBYNCGtaaK14S1Zp5u7uxfE6yaql1TVRsOh0kmk5tV/poQ2OxvAtvc1syBQID169cD2Ophv99vg2ZTiWyqjWOxGAA+nw+v10thYSG1tbV584xNuG2uo8+AISSKuvDhUgdzsxk5GzpG43Q6OHZ4Ly6eMJz+Pdp+h++aiIiIiIiIiIiIyO6jAFhEROQHoH+Ptjx53QSWrKrh5sfe4/6XPqUxkq3ujSUyPDh5KQ9OXkrb8kLOO6I3A7sX4HZmbAWwaaNsQlwTpBYVFREOhwFsi2i3243b7bbBbjqdBrChL2Tn9Xo8nryA2e122/m/Xq/Xtm9OJpN4vV4KCgpskJvJZGzlsak4zm1D7fP5CAQCdlsjk8nQfZ++eCr2YWZViLeqPVCdf68Kgj7OOmIAvz3pINq2KP723hQRERERERERERGR7yEFwCIiIj8gHVqW8s/fHslVPz+ExyZN45FXP+ejWUvt68vX1vPH+z8AoGPLIo4b2pUD9q6gxO8mGgnbANa0dHa5XPh8PoqLi6mtrQXA6/VSV1dHJBKxbZ5jsRgeT3Zmrmn/7HK5bFWvaQ9tqndNK2jztdvttpXE5hhmZrCZIRwIBKirq8PpdNr9fD4frdq0o02XPtS7mjO90sl0ZwDWbn5vhvTpyITD9ueno3tTFPJ/m2+DiIiIiIiIiIiIyPeWAmAREZEfoOICP+cdO4jzjh3E4soaHnntcx5+ZSoLllfZbRavquP/Jk6137dtXsCYAe3ot1cZLYs9OEhSV1eHy+XKa+ucTCZt+2eHw2FDYBPUmpbMplLYfO9yuWygGwgESCaTpFIpW1UcCoVwOBy2yhew26RSKSKRCA6Hg/KKVrgLK4g1S5IJDufrtJevTZXvJj+5/KRXe04Y3YcTD+lLi9KCb/u2i4iIiIiIiIiIiHzvOTK5fRVFRETkB23GV5U89vo0Hp80nRVr129z22aFPnp1KGH/ri3o2raE1s1CFAbcRMKNNDY2Ul9fT11dHclkEpfLZWfvFhQU2ADX6XTmtYv2+/122/r6ehYsWEBlZSVer5eysjICgQAFBQUkEglCBUXUR5JUNyZZvGo9X1U28NWaJA0J1zbX3a97G04Y3YeTD92P1uVFu+zeiYiIyLcrd5SE6SiSTqftH4OlUilKS0t38ypFROSHrqamxv6RsulcZf6g2XSlMv+bVkRE5Pusrq4OgOnTpzd5n759+wIKgEVERPZImUyGz+et4JUp83h1ypd8MmcZO/Kf/N6dmtG+PEBZECpKgvjdEPK78LodFBcEcDkyODJpnA5Ip1N4vV6CwSBujw+3x0saB+uqa1lZuZq6xiiJtJNw0sXSdTHmLF/PgsrGJq9ln70qOKjvXgzu3YHRA7uq0ldEROQHSgGwiIh8FxQAi4jInkIBsIiIiGxTdV2Yj2Yt5fN5K5g+fyWfz1vBksqa3b2sLerZqYJh++3FQf32YlT/LjQrDu7uJYmIiMguoABYRES+CwqARURkT/FNAmDNABYREfkRKCsKMnbw3owdvLd9bn1DlKlfLufzeSuYNm8F0+avZP7SdTtUKbyzAj4P3do3p3v7crp3KKfbhn97dKwg6Pd86+cXERERERERERER2VMpABYREfmRKi7wM7J/F0b275L3/OrqBqrrwlStD1O1vpGq9WGq68LU1kdYW9NIVV2YmroI63Jei8WTNCsOUhTyU1yQfRQGfdnvQ37KigK0KCuke4dyurcvp33Lkt101SIiIiIiIiIiIiJ7NgXAIiIikqeirICKMs3ZFREREREREREREfkhUgAsIiIiIiIiIiI75ZM5ywhH4/Tp0prSosDuXo6IiIiIiADO3b0AERERERERERH54Xl/xmIGnXUb1//nbQpDvt29HBERERER2UABsIiIiIiIiIiI7JBUKs0vb3yO7h3K+e9fT8bt0q+YRERERES+L9QCWkRERERERET2GAf/8h7e+mwBT//tVI4etg8Aj7z2Oadd9V9alBYw/6lLKAxmq1Wfe2c2x132ECP7d+F/t54DwPI16+lw1HVbPPZ9fzqe0w/vb79/Z9rX/OWeSUz9cgUhv5cjhvbgr+ceRnlpyG6z6fGcTgftKko4YkgP/nL2IXltk8+57inuf/FTAD645wJ+0qu9fS0aS1I+5i+Eown2alPGV09dutn6Zn+9mt4n34TT6WDFS3+iRWnBFq/jlSlfcu39b/LFwkrKSws49IBuXHvuGJoVB+021z7wJn++exK/OuFAbr7oyLz9zXUvXFFFyO/lktte3uZ1T7n3Ag7YJ3sttfURmh3yF5xOB4kP/rbF9Rldx/+dr1dUAxDweejdpRW/nzCMY4f3ytvOvL9b8vwNpzNuSA+7nqKQn5o3rtrmeTeVyWT45xPvc9ezH7FsTS2dWpVx2uH9uejEoXnBd+GIPxGOJljx0p9o2awQgHtf+IRfXP80xw7vxcTrT9ns3sC2PxOZTIZbJ07hnuc+ZsHydZQWBjh2+L5ce+6hlBTmt9xeXFnDH+54lTc+/YpEMs3g3h3467lj6Nut9Q5dr4iIiIj88OnPM0VERERERETkR2FNTQM3PDy5Sds6nQ4G9+6Q96goK7SvT/p4Pof88h7enbaI0sIA4ViC+174lIPOvZOGcGyrxxvQox1V68PcNnEKJ1352FbP/8zbX+R9//rH8whHE9tc85NvzAAgnc7w9Cb72+NOnsWRv/8PH89eStsWJTRG4tz93MeMuuAu4onUNo8PO37dABff8vJ2j7stfbq2omOrUj6Zs4zjL3+Ymx5/b4vblRYFNnvPyoqCW9x2R/z2ny/y+1teYsmqGjq3acaSVTVcdvsr/PLG577RcZvymbjm/je56OYXWLB8Hfvv3ZZ0JsOdz3zI4b+9n0wmY7erXFfH4LNv479vzCCdyRD0e3jtw3kcdO6dTJ+/8hutU0RERER+eBQAi4iIiIiIiMiPxk2Pv8fKtXXb3a4g4OO9u87Pexw2qLt9/cIbnyOZSnPDr8ax5Pk/sOqVKziwd0fmL13L/z327laPN+XeC5j12G8J+DxM+ng+S1fVbvH8z74zK+/7596Zvd01T3xrJg6HA9gYBudKpzP85qYXyGQyPHHtycz97+9Z9sIfGdm/C18sXMVDr07d7jl29LoBPpi5uEnr35r7/3QCsx7/He/++zz8Pjd/uONVWxmca2ifTpu9Z4N7d9jp8wLMW7KWWydOoSjkZ+ajv2Xmo7/lq6cupXlJiLuf+5ivlq3b6WM35TNx93MfA/Dav87m/bvP56unLqVNeTEfzVrKlC+W2O2uvHsSq6sbOHrYPqx65UpWvPQnfnviUBojcS765ws7fwNERERE5AdJAbCIiIiIiIiI/Cg4nQ4isQRX3v36NzrO9PkrWbi8ioqyAn59woFAtkXxlWePBuDJN2duc/92FSV0adsMgGVrNg+A9+vemq9XVDPjq0oAkqk0L74/h37d22z1mDMXVDJvyVqG9u1I13bNeW/6YirX5Qfdn325nBVr19OpdRnHj+oNgNfj4oLxgxnYsx2rqup3+XWbQPqy218hmUpv8/jbM7h3B04+dD8SyRSPvj7tGx2rqZ5/bzaZTIbjRvSia7vmALRsVsi5x/yEgT3bfaMAONfWPhOmyre2PgJAYdDHU387hedvOJ29WpcB2WD/mcnZPxi4+ueH2rbUV559MH6fm3enLWJ1dcMuWaeIiIiI/DAoABYRERERERGRH4WDB3alfcsS/vPyVL5YuGqnjzNv6VoAenaqwJUzA3bfzq0AmL90bV573k0tWVXDguVVADbEyzV20N4APDs528Z58ucLqamL5FUgb2rihvB17OAeHDGkB5lMhqc2aQO9YENYaYJG4+hh+/DhfRfypzNGbfX4sHPXXRj0ccKo3ny1bB13PfvRNo/fFP26twVg5lffTVvjhcuy71Pnts3znr/q54fw4X0XMnbw3rvkPFv7TPz86AMAOO6yhzn+8od589MFDOzZjnFDetCqeREAa2sbqa2P4HI56dmphd23MOijQ8tSIFvJLCIiIiI/HgqARURERERERORHwedxc+25Y8hkMlxy67bn0tY1RnENutQ+Oh1zvX1tfUMUgJLCQN4+ZUXZ79PpDPWbzMNtiMQY+os7GHz27ex70k1EYgnOPGKADfFy9erSinYVJbaq87nJ2fbJhzYhAB43pAfjhvbMPvdGfkWuWVNh0LfNa9+anblugOvOPwyP28XV971BXeOW5wQ3VbPi7Ezf6rrIZq+98N6cvPfsjGue/Ebngm9+z7alKZ+JK84czZ/PPhif18Uzk2dxyK/uYf/T/pUX6K5vyN6LopDPVlwbZgZybcPm90tERERE9lzu3b0AEREREREREZHvykmH9OWfj7/HpI/n07lNs61u53Q6GNKno/2+ZVmh/boo5Ac2tuU1ajZ873Q6KAjkB4bpdIYpMzfObD38wL2567LjtnjucDTOscN78a//vs+8JWt57t3Z7Ne9NRU5a8g1bd5Kvlq2jk6ty+jRsQVd2zWnpDDABzMXs2LtetqUFwPZds0ADZH4Vq97W3bmugE6tS7jwuMHc/Pj7/GPhyfv1LmNqvVhYGPonKtFaQH9e7S13/fp2vobnQty79k3C663pCmfCafTwZVnjeaC8YN56JWp3PH0FKbPX8lhF93HrMd+R9Dvse9LXWOMTCaTFwKb96a4wL/L1y8iIiIi31+qABYRERERERGRHw2Hw8ENvzocgLuf/3ir2xUEfLx9x7n28fi1J9vXurcvB2D216tJ5cy1nbWhrXTnNs1wOvMrMYtCflIf/p3P/vNrAD6YuYRwdMtBbDia4LiR+wLZ2bmV6+o4bkRvGrcS3E58cwYAi1ZW4xp0Kb4hl9uQduKbG9tAd9nQxvjrFVV5+7/64TyOueRBbp34wVbvx85et/HH00dRUhjY5j1vis/nLQegV+eWm732k17tefH/zrCP3/xsyDc6F0DnDe2yF62oznv+hkfe4ZhLHuTtqQvtc6ZKOBJL2OfM1/4NQXKu7X0mFlfWcNW9/+Pfz3xEs+IgF504lFmP/Y7ObZuxpLKGKV8sBrLBd0lhgFQqzZxFa+z+DeEYSyprAOi6SQtrEREREdmzKQAWERERERERkR+V4f06M25Ij7wQc0fs1701Xds1Z01NA7dOnAJALJ7krw+8BcD4DeHt1vYdPaArtfUR/r2VmbjxRIrB+3agVfMiXnhvjj1mIpna4vYT38q2et5/77YM7t2Bwb070Kdrdi7vk2/MsNsN6NmW8tIQC5ZX8dL7c+26b3zkHV54bw4Othze7orrLi0K8MczRu30PQf4aNZSHn19Gi6XkxMP6bvTx9kR44b0AOCZybNYsiobpq5cW8cNj0zmhffmUF4SstuaUPrZd7Itu1OpNK988CUA++xVsdVzbO0z4XQ4uPq+N/j9LS/Zc7tdTnyebEM/8345nQ7Gj8je+7/cM8ne4+sffJtILMGgfTvQunzzVuMiIiIisudSC2gRERERERER+dH5+wVjefXDeTsdSN5+8TGMveg+fvevF7n1yfepbYhSWx+hU+syLp4wfJv7XnLKcN749Ctufvw9fnn8gfi8m/96xuFwcOzwXtz+1BT27dySru2a89nc5ZttN/XL5Xy9opqyoiAf3nsBLlf2b/0bI3HKx1zFx7OXsnRVLe1bluBxu/jHhYdzxjVPcvQlD9KtfXOq1odZV9tI9w7lnHnEgG/1ui8cP5g7nprCopXV29xuU+dc9xSJZIrZi1aTTmf463lj6LahGjnX+zMWM+L8f+c9d80vxuS18m6IxDbb5rrzDmPQvh22eO7eXVpx+uH9+c/Ln9HjpzfStV1zFi6vIhJLMGFMv7xK5D+eMYo3P13Axbe8xMOvTKW2IcLSVbW0KC3grCMGbvMat/SZaN+yhLOOHMB9L3zKvifdRL/ubVi+Zj2LVlazV5syftKrvd3/qp8fwstTvuSZybNodfg1BP1elq2uxe9zc9NvjtjmuUVERERkz6MKYBERERERERH50dm7YwvOPnLbody2jBrQhTdu+znD+3VmbW0jHreT0w/vz/t3n7/deaujBnRh/73bsqqqnv+8/NlWtxs/sjcAx234d0smvpmt/h07eG8b/gKEAl5GD+gCwJNvbqwCPnXs/jx2zUns27kli1ZWE/B5OOvIAUy+81yC/s3bFO/K6/Z6XPz1vDHbPcemPp+3ggXLq9h/77Y8ce3JXHbqiC1uV10X5t1pi/Ie62ob87ZJpzObbWPmCm/NXZcfx5VnjaairICvlq2jfcsSrj13DPf8YXzedsP224vXbzmbA3t3ZHFlDTV1EY4c2pN37zqP8tLQVo6etbXPxJ2XHMvNFx1Jp9ZlfDJnGeFonJ+O7sOkW84hFPDa7Vo2K2TKPRfYyuja+ggHD+zKO3eex8Ce7bZ5bhERERHZ8zgymUxmdy9CRERERERERPZs5tcP6XSaTCZDOp0mnU6TSqXso7S0dDevUkREfuhqampwuVz24XQ6cTqdOBwOnM7sH8o4HNtueS8iIvJ9UFdXB8D06dObvE/fvtk/CFQFsIiIiIiIiIiIiIiIiIjIHkIBsIiIiIiIiIiIiIiIiIjIHkIBsIiIiIiIiIiIiIiIiIjIHkIBsIiI7DGufeBNXIMutY/S0X/moF/cyeOTmj4j4dsWT6QYcPottD78Gr5cvGaXHXfu4jW0GnsNB5x5K4lkarPXH3t9Gq5Bl9L+yOtYubZul533h+qKu17HNehSRpz/7929FBEREREREREREZFdSgGwiIjskZxOB3WNUT6YuZgJf36cc657ancvCYD6cIzpX61kdXUD85au3WXHnbdkLWtqGvh83grqGmObnfPiW18mFPDy4v+dQevyol12XhERERERERERERH5fnHv7gWIiIjsanu1KeOrpy5lXW0jD74ylctuf4X7X/yUoX07cerY/XfbupKpNM2Kg/zv1nNYXd3AkUN77rJjHzm0J49cdSJtyotpVhzMe23216s59bD9OXRQN/p0bbXLzvl9lEylcbv0920iIiIiIiIiIiLy46UAWERE9ljNS0L87qSDmPP1av7z8mfc/Ph7eQHwHU9/yG0TP2DRympaNS/i7CMHctmpI3A6HQBM/nwhV941iRkLKgn5PQzt24m/nncYXdo2A7LtnP9yzyQeeW0aVXWNdGtXzqWnjuBnB/cBoNMx17N0VS1XnDmKxyZNJxJLsOjZyxl1wd0AVJQVMLxfZ7vd5aeN4OUPvmTe0rX06NiC235/NIP27WDX++ArU7nxkXdYsHwdbVsUM2FMPy4/bSRej4u3pi5gwp8fByD14d8BSKcz3PzEe9zz3McsWVXDf9+cwRnjBnD5aSNwu5zMWriKPhNuxu1y8szfT+OS215mcWU1fbu25t4/Hk+Pji22eF/rGqP8+qYXeHbyLApDPs456gD++8YMvly8htdvOZvRA7pu9/7eNnEKv77peUYP6MqI/p259ckPCEcTjPlJN+66/DiKQn4AwtEEV9z1Gv99YyZV6xvp0bEFV551MEcP22er93jZC3+kpi7ClXe/zjOTZ7G+IcreHcv54+mjOGZ4r13z4RIRERERERERERH5nlKJjIiI7PGOHbEvADMXVLK2phGAv9wziV/e+BzzlqzF63GzpLKGK+56nb899DYAM76q5LDf3McHMxezX7fWFAZ9PPXWF4y64C7WN0QBOOOa//L3hyezYu16nA4HMxdUcvKVj/H021/knf+a+99k4fIqnA7HNtd5/YNvE47GCfo9TJ+/ksN/e789193PfcyZ1zzJnEWrcTmdfL2imqvve4Pf3/LSVo/3m5tf4JJbX+arZetwOZ0sqazhL/dM4rf/fDFvu2QqzTGXPsiildVEY0k+mrV0my2zf3H90zz0ylTqwzHW1jRy1b3/22ye8fbur/H25wv5452vUVMfoa4xypNvzuQfD08GIJPJMO539/PPJ95nVVU9HreLGV9VctxlD/HBzMVbvceZTIbDf3s/dzz9IclUmo6tSpk2byXjL3+YyZ8v3OZ7ICIiIiIiIiIiIvJDpwBYCtn6uQAAIABJREFURET2eG1bFNuvV6xdz9qaRq57MBtEPv23U1n/5tW8dNOZAFz/4FskU2lefH8O8USKww/cm8l3nsv0Ry6iT9dWBP1eZi6oZPbXq3nifzMAeO1fZ1P/9rVcPGEYALf89/288/fsVMErN5/Fa/86e5vr/P3Jw5g38RLmPXkJ5aUh1jdEeeClz0inM/z57kkA/OH0kTRMvtau99/PfkQ8kdrsWItWVnP7U1MAuO9Px9Mw+VoevfokAG5/agpzNwls7778OBonX8s9fxgPwIdfLCEWT2523AXLq3jyzZkA3HzRkUTe/etm19WU+2sEfR6mPvhrGidfa6uz356aDWmff3cO73z+NaVFAeZPvIS6t67hkgnDAbjmvjfyzpl7jz+ft4JP5y7D5XIy9cFfM+vx3zFi/84APP769K3dfhEREREREREREZE9glpAi4jIHm/TwtvJny8klUrjcbt4+YO5vPzBXPtaOJpg0cpqurcvB+CNTxdw6W2vMGpAF96/+wKCfg8Adz7zIQCdWpdx8MBsy+OLTjyIjq3KKAh68873u5MP4tCfdAPICz831aNTtuVys+IgYwfvzYMvT+WLBZXMW7qWNTUNAPz86AMAOGxQd/592XGkUmmi8cRmx3rrs2yIWlFWwOmH9wfgZwf34cq7X2fh8irenfY1B/buaLcfd2APHA4HQ/t2ss+trm6gfcuSvON+Pm8FAKVFAS4cPxiHw2Gvf0fur9GuooS+3VoDMLh3Rx56ZSqrquoBeOOTrwAoDPq4/sG3AOxrs75enXfO3HsMkPjgbwCkUmnW1jTStV1z3p66kGVraje7VyIiIiIiIiIiIiJ7EgXAIiKyx1uyqsZ+3bq8iPdnZNsHJ5Ip7n/x0822X1PTwPGjejP761X8/eHJ3PjoO9z46DsUBH1c84tD+dUJB1Jbn23NXFYUtPtVlBVw7rE/2SVrLi0MALC6up7a+oh9Pvd85xw1cKv7r63NBsatmhflPd+qWSELl1exfM36Le7nyEnL05nMZq+vrs4GsG3Ki+2s5M23yZ57W/d3y+fOP68519JVtZsdZ2vHMJ5/dzZX3/cGMxdUkk5vvI4tXJKIiIiIiIiIiIjIHkUBsIiI7PGefis7k7dnpwpalBZQXOAHIODzUDXpL/i8W/7P4V/OOYTfnTyM1z+az3PvzOLxSdO56OYXGNKnow1oq+vCdvtILMHC5VV43C66dyj/RmteubYOgIqyQnsuc75QIFthPGfRatLpDN3ab34uExRvGpSuXJc9bmlOkLwjWjXLBsprqhvIZDJ5gbHRlPs7bd7K7Z7LHGfE/p1547afN3mNM76q5Pg/PEImk+HKsw6mX/c2/OelT3lm8qwmH0NERERERERERETkh0ozgEVEZI9VUxfhxkff4dHXpwHw658NAWDYfnvhdDqIxBJcetsrpFJp4okUV9z1OhM3zLc95pIHKR39Z+569iPGj9yXR646kQ6tSgH4ekW1bZW8aGU1kz/Ptlu+deIH9JlwMyde8ehOrfftzxaSSKb4ekU1r300H4A+3VrTrX055aUhAB546TMAPpmzjH1Puom+p/yThkhss2MN77cXkA2SH9tw/c9MnsXXK7Ltl0f067xTa+zXvQ0Oh4M1NQ3ct6Eq11y/0ZT72xQj+ncBsjOBzdzhqvVhTrriMRYsr9rqfh/MXEwqlaZdRQl/PH0khw3qTiqt0l8RERERERERERH5cVAFsIiI7HG+XlFN4KA/EE+k7HMTxvTj7COzLZPbtyzh9ycN4x+PTObWiR9w7wufANkK3h4dWzB+5L5MOKwfL7w3h8vveJXXP5rP+oYoSyprKC0KMLRvJyrKCjh+VG8mvjmTURfcTXGBn/UN2bbQv/rpkJ1a9yOvfc5Tb88knkiRTmcoKwpyxrj+OJ0O/nz2wVx4w3Ncde//uPnx96gPZ0PfUw7rl9cW2ujWvpyzjhzAfS98yil/eYLz//Gs3efEQ/qyX/fWzFq4aofXuFebMk48pC+PvT6NX1z/NL+56QUisfwZxE25v03x09F9uOuZj/hg5mJO/NOjnPu3p2mIxEml0pQWBbj94mO2uN/+e7cBYEllDW3GXUs6k2FdbSMAsURyh69ZRERERERERERE5IdEFcAiIrJHiidSFAZ9/KRXe+6/4gQe/PNP816//oLDuPPSY+nVuSXJVJqg38OEMf147V9n43A4OG7Evvz3rxPYr1sbPpi5mMWV1RwxpCdv3f4LKsoKAHjwyp9y8YRhtC4vIhzNhpt3Xz6e0w/vv1NrvvD4wezbuRVej4t+3dvwys1nUhj0AXDesYO494/H06NjCyKxBC2bFXLxhGHcecmxWz3enZccy1U/P4SOrUqJxBK0qyjhT2eM4oErTtip9Rl3XHIMpx2+PwVBH6VFAa7+xaH2Nb/XA2z//jaF2+XktX+dze9PHka7ihIaI3HatijmD6eP5MZfjdvqfgfs057/XPlTurZrTkMkRu8urbjq54cAMH/pum9w5SIiIiIbVVVVMWTIEG644YbdvRQREREREZE8jkwmo56IIiIiu1GnY65n6apa7vvT8TsdHn+Xlq6q5aPZSzlhVG8A7n/xU8657ilcLicrXvyTbVctIiIiksv8+iGdTpPJZEin06TTaVKplH2UlpZ+4/McdNBBpNPpvOcGDhzITTfdtMXt0+k0DzzwAJ06dWLkyJFNPk9VVRVHHXUURx11FBdffPFOr/fuu+/moYceynuudevWPPnkkzt9TBGRH7OamhpcLpd9OJ1OnE4nDocDpzNbD9XUP0wWERHZnerq6gCYPn16k/fp27cvoBbQIiIisoPO/8czvPrhPH5+3VOEAl5WVdVnnz92kMJfERER+V5o3rw5o0ePtt936NBhq9tmMhkeeOABhg0btkMB8K40btw4Lrvsst1y7nQ6bQMRERERERHZM+gnfBEREdkhd1xyLKeO3R+f101NfYSenSq48Vfj+L9fb70ts4iIiMh3qVWrVlx44YX2ccQRR5DJZLjjjjsYN24cY8aM4eqrryYcDjN27FgA3nnnHc477zwAPv30U0499VRGjhzJ2WefzZdffgnA6tWrOf/88zn00EO5/fbb8865ePFiLrjgAkaOHMkpp5zClClT7GtnnHHGTgW8Y8eO5YknnmD8+PGMGzeOSZMmbXG7Tz75hJNOOomDDz6Yyy67jNraWgBGjx5NZWUlAOFwmCFDhhAOh3n66ac5//zzOe2007j22msBeP755zn66KM57LDD+Nvf/kYqlQJg1qxZnH766RxyyCFcdNFFrF69eoevQ0REREREvlsKgEVERHazRc9eTurDv/8/e/cdHlXxtnH8u7shjfRCIECoCSC9hGJo0nsVxUpVKQIi0puANEEsqBRBEJAqGKUEka6hCChdepeSAOkhdff9I29WQggEaf7i/bmuvcyZM2fmmbO7JuyzM/M/sfwzgF9eN+aNfIFrIaOI3zaeQ4vfpf9LtTCZ9GeFiIiI/DskJSVx6dIl6yMlJYVt27axePFi6tSpQ8eOHdmwYQPz589n8ODBADzzzDN069aNuLg4hg0bRkpKCr179+b8+fOMHz8egClTpnDw4EHq1atnTawCpKSkMHDgQE6cOEG7du1ITU1l2LBhnDt3DgB7e3tsbW3/0VhOnDjBggUL6NevH5999lmm85GRkYwcOZK+ffuydu1avL29+fzzz+/b7rlz5xgyZAhDhw4lLCyML774ghkzZrB8+XJOnTpFSEgIMTExDBo0iNdff501a9ZQtmxZhg8fjnYTExERERH5d9MS0CIiIiIiIiKSoxw/fpyOHTtaj5cuXcqtW7cAcHFxoWnTpgQGBuLs7Ez+/PkB8Pb2pkqVKsTGxjJs2DD8/PwoVqwYO3bsYPfu3SQmJvLbb79RpUoVBg8eTFhYGO3atQPg0KFDXLlyhe7du9O5c2caNGhA9+7d2bJlC126dGHGjBn3jHfNmjWsWbPGejxhwgRq164NwOuvv46joyM1a9ZkzJgxxMfH4+joaK3722+/UaJECapXrw5A165dM8w+zkqVKlUoVaoUALly5cJisXD+/HkCAwP55JNPMBgMhIaGUrBgQevS2J06dWLlypWcO3eOIkWK3LcPERERERF5OpQAFhEREREREZEcxc/PjzfeeMN67OnpScOGDTlw4ABLlixh4cKFlCxZkvfffz/TtU5OTsTExPDBBx8QFhZGbGwsAFFRUZjNZnx9fQEwmUzWayIiIgCs59L/e/ss4Xu51x7ABoMhQ3/pSzOni4yMxMvLy3rs7u5O8+bNs9Xv7ddMnDiRefPmMXbsWOrVq8fbb79NREQEefPmtdYzmUx4e3tz7do1JYBFRERERP7FtFajiIiIiIiIiOQorq6uPPfcc9aHg4MD586do379+qxdu5bhw4dz4sQJ5syZk+na48eP8+GHHxIQEMDMmTMJDAwE0mYOm0wmbt68mekaHx8fAK5evQrA5cuXM5Q/Tt7e3ly/ft16HB8fz6FDhwCwsbHBbDbft42IiAh8fX354osvWLJkCRcuXOD7778nT548hIWFWeulpqYSHh6Ou7v7ox+IiIiIiIg8MpoBLCIiIiIiIiI5ytWrVzMsu1ywYEFu3rzJ7Nmz6dSpE97e3pjNZpycnDCZTDg6OrJ//34WL15MyZIlgbTZu5s2beLw4cPWdmrUqMHOnTtZuHAhx48ft5aXLFkSPz8/Fi1aRHR0NLt378ZkMtGgQQMAevXqRZ48ee464/hhValShSlTprB3714qVqzI/PnzuXbtGmXLlqVAgQKEhobStGlTli1blmUbJ0+eZPLkycyYMQN3d3dy585NcnIy1apV46OPPmLbtm0EBQWxZMkSPDw8CAgIeOTjEBERERGRR0cJYBERERERERHJUcLDw/n222+tx5UrV2batGlER0ezcuVKzGYzderUsS4T3aVLF+bNm8euXbt46aWXaN++PSEhIURERFC+fHlCQ0MJCwujf//+REdHs3DhQurWrYuNTdrHKiaTicmTJzNlyhR++OEHfHx8GD9+PIUKFQLSZuXGx8dnGe+dewC7u7uzevXqbI3V2dmZ8ePH88knn3D58mWqVq3K8OHDgbTE84QJE5g3bx5NmzbNso2qVavSoUMHunbtSkpKivXYwcGBqVOnMnXqVD744AMCAgKYOHGidVlqERERERH5dzJYLBbL0w5CRERERERERHK29I8fzGYzFosFs9mM2WwmNTXV+tDSwiIi8rAiIiIwmUzWh9FoxGg0YjAYMBrTdkTUF1lEROR/QXR0NAD79+/P9jUVKlQAtAewiIiIiIiIiIiIiIiIiEiOoQSwiIiIiIiIiIiIiIiIiEgOoQSwiIiIiIiIiIiIiIiIiEgOoQSwiIiIiIiIiIiIiIiIiEgOoQSwiIiIiIiIiIiIiIiIiEgOoQSwiIiIiIiIiIiIiIiIiEgOoQSwiIiIiIiIiIiIiIiIiEgOoQSwiIiIiIiIiIiIiIiIiEgOoQSwiIiIiIiIiIiIiIiIiEgOYfO0AxAREXkUwsLCaNeu3T3r1KxZk0mTJj2ReM6fP88rr7zC5MmTCQoKeuTtd+7cGX9/f4YPH/7I2/6v+fTTT9m+fTsrV6582qGIiIiIiIiIiIiIPDQlgEVEJEdwc3Nj8uTJ1uOtW7cSEhLC+PHjsbFJ+3Xn6en5SPpavXo1kydPJiQkBGdn50fSpoiIiIiIiIiIiIjIo6AEsIiI5Ai2trYZZtqeOXMGgBo1amBra/u0wvrPsFgsABgMhqccyaOVU8clIiIiIiIiIiIiOZcSwCIi8p8TGRnJZ599xo4dOwCoW7cuffv2xdHREYALFy4wffp0Dh48SK5cuahWrRq9e/fGw8ODZs2aER0dDUDTpk1p1KgRo0aNyrKv8+fPs2TJEo4cOYKHhwedO3emZcuW1vOpqanMnz+fdevWcfPmTYoWLcobb7xB9erVrXWio6OZOnUqoaGhODg40KZNG2tiEmD06NHs37+f4OBga6Jy69atjBgxgjlz5lCyZMlMcSUmJjJz5kw2bdpEQkICpUqV4u2338bf3x+AIUOGEBUVxYwZM6zXLFy4kK+//potW7YA0LJlS6pXr87ly5c5fPgwc+bMwd/fn127djFnzhzOnj2Lm5sbzZo1o3PnzphMpmyP+U6jRo0iJiYGf39/Nm3aREREBFWrVmXQoEF4eHgAacnaFStWEBwczJUrV/D09KRFixZ06tTJel/MZjNfffUVP/74I4mJiQQFBZErV64MfWU1rhMnTvD5559z5MgRXF1def7553n55ZezjFlERERERERERETkaTA+7QBERESepKSkJPr06cORI0cYNGgQffr04ddff2XixIkApKSk0L9/f2JiYhg9ejRvv/02e/fute61O2PGDLp16wbAzJkz6dGjxz37mzdvHtWqVWPkyJEUL16cyZMn8/vvv1vPT5w4kW+//Zbnn3+ecePGkS9fPgYOHMju3butdcaNG8eOHTvo1q0bAwYM4MiRI5w+fdp6vnHjxty4cYPDhw9by0JDQ8mfP/9dk7+QllBdv349Xbt25f3338doNNK3b1/Cw8Mf6H6GhIRQokQJRo8eTd68eTlz5gxDhgyhWLFiTJo0iXbt2rFgwQLmzp37QGO+mz179pCUlMSUKVMYPXo0hw8fZuzYsdbzS5YsYcaMGbRs2ZJp06bx8ssvs2DBAlatWmWts3TpUhYuXEiDBg0YOXIkrq6urF+//r7junDhAr179yZXrlyMHTuWVq1aMXPmzAxti4iIiIiIiIiIiPwbaAawiIj8p4SEhHDu3DkWLFhAkSJFALCxsWHcuHFcvXqV+Ph4rl27xsCBA60zUp2dnVmxYgXx8fEUKlQILy8vAAoVKoSzszOpqamkpqZa+0jfcxigR48etG/fHkibafzqq6+ydOlSKlWqxJkzZ1i/fj0DBw6kdevWAAQFBdGrVy9mzpxJtWrVOHXqFDt37mTIkCG0aNECgFq1avHCCy9Y+6hWrRpubm5s376dsmXLYrFY2LVrFy1btsRisZCcnGytazKZOHHiBKGhoYwfP546deoAULlyZdq2bcumTZvo2LFjtu9nw4YN6du3r/V4w4YNpKSk8O6772JnZ0dgYCApKSlcu3YNIFtjTkpKsrZnMBisM3QLFSrEO++8A0DRokVJSUlh9OjRnDx5En9/f6pUqUL58uUpXbo0ABUrVuS3335jx44dtG/fntTUVBYvXkzjxo3p378/AHXq1CEyMpIjR47cc1wfffQRLi4uTJw40brc+NWrV1myZAnt2rXL9v0SERERERERERERedyUABYRkf+UvXv3UrhwYfLnz29NNJYtWxaAY8eOUa1aNTw8PJg9ezbx8fEEBgYSFBSUYX/hOy1btowvv/zSejxy5EjrzNu8efNay41GIzVr1mTjxo3WWCAt2ZjOYDDQuHFjpk6dSkxMDMeOHQPSksfpbGxscHFxsR6bTCbq1avHtm3b6N27N0ePHiUiIoIGDRpw/Phxunfvbq3bokULChUqBMCzzz5rLbezs+Prr79+4P2SPT09MxyXKlUKo9HIBx98QOvWrSlXrhydOnWyns/OmNu2bUtCQgIAvr6+LF++HAB7e/sMfdWoUQOAU6dO4e/vT0BAAL/++ivvvPMOFy9eJDY2loSEBEqUKAHAtWvXiIyMzHAv7zaGu5Xt3bvXel3666ZcuXKsWbOGqKgoXF1ds3O7RERERERERERERB47JYBFROQ/JSIigrNnz1KvXr1M56Kjo3FwcGDmzJnMnTuXKVOmEBcXR5UqVejduzfFihW7a5tNmjShUqVK1mNfX18iIiLuWtfFxYWbN28CaXsROzg4WPceTpe+p210dDQRERHY2tri5OR0z3E1btyYVatWcerUKXbs2EGRIkUoWrQoCQkJzJkzx1rPzc2NH374AScnp0x7396erP6nnnnmGT755BMWLlzIwIEDMZlMNGzYkB49euDq6pqtMX/55ZeYzWaAeyakHR0dMZlM1nu9YcMGPvjgA7p27UrPnj1xcXHh448/JjIyEsB639P7yi6LxUJkZCTBwcEEBwdnOh8dHa0EsIiIiIiIiIiIiPxrKAEsIiL/KQ4ODgQEBDBgwIBM53x9fa3/HTlyJGazmaNHj/L555/Tp08fvvvuu0yJS0hLKN6ZVMwqARwZGYm7uzsArq6u3Lp1i8TEROzs7Kx1bty4AaQliz08PEhKSiIpKemeydDSpUuTP39+tm3bRmhoKPXr1wfSZs3euQ+ws7MzcXFxpKSkZFiu+nYGgwGLxZJlf/dSqVIlKlWqRGJiIrt27WLatGlcvXqVjz/+OFtjzp8/f7b6iYyMJDU11Xo/g4ODee655+jcubO1zu2zhtOfo9jY2Acaj8FgwN7engYNGtCyZctM5318fB6oPREREZF027dvZ9iwYQwYMIC2bds+7XBERERERCSHMD7tAERERJ6k8uXLc+nSJfLmzUvp0qWtj3z58uHu7k5ISAivvvoq8fHxGI1GypQpQ6dOnYiOjubq1atAWkIwu65cuWL92WKxsGPHDgICAoC0PWoBtmzZkuGaTZs24e/vj7OzM6VKlQL+Xjo5vZ34+PhMfTVs2JC1a9dy6tQpGjRokGVMt+8TnC41NZVu3bqxdOlSIG0J5PDw8AzXpSdp72XatGkMHz4cSFtWuk6dOjRu3Jjjx49ne8xZiYuLy5CU3r59OwD+/v4AxMTEZHhukpKSOH36tPXYx8cHd3f3DPcyvd37KV++PGfOnKFUqVLW10ypUqXInz//Ay+bLSIiIo+XxWJhwYIFtGvXjgYNGvDGG2+wZ8+e+163b98+5s6dm+UX+R615ORkZs+eTdu2bR86+bv61z95tvsMHOuMwrPRWFq8+w37T1y5/4WAe4MxXAqLeqj+H0R6f1O//YU3Jqx6Yv2KiIiIiPyXaAawiIj8p7Ru3Zrg4GD69etHp06d8PT0ZPv27axbt47ly5dTsWJFaxLzxRdfJDU1lQULFuDt7Y2fnx/w94zPlStXEhgYSOnSpbPsb/bs2dy6dYv8+fOzYcMGLly4wKBBgwAICAigXr16TJs2jdjYWAoWLMiGDRs4cOAAU6dOBaBo0aIEBQUxdepU3nvvPfLmzcuKFSu4fPky5cuXz9BX48aNmT9/PiVKlKBAgQJZxlS2bFkCAwOZNGkSPXr0wMfHh+DgYC5evEidOnUACAwMJDg4mE8++YRKlSpx+PBhVq1ahclkuuf9rVSpEiNGjOCzzz6jZs2ahIeHs379eqpUqZLtMWfl0qVLjB07lubNm3Px4kW+/PJLAgMDKV68OADVq1dn+fLlFCpUiLx587Jq1SrOnz9PkSJFgLS9kl955RVmzZqFr68vFSpUYO/evfz00094eXnds+9u3brRq1cvhg4dSuvWrTEYDKxYsYK4uDhmzZp1z2tFRETkyZo7d671b6Jq1aqxc+dOBg4cyJw5c6x/N9zNvn37WLBgAc8995x1hZHHJTU1lVy5crFo0aKHbuu7zYd5Y8JKPu7fgpY1S3ErMZn5a3+nTs9Z7Jrbi1KF8zyCiB+c2WzBaMz6i5O92lcnJdX8BCMSEREREfnvML3//vvvP+0gREREHrWDBw+yb98+OnXqlCFpaWdnR926dTl58iQrVqzgp59+wmg0Mnz4cAoVKoSTkxNVqlTht99+Y9myZYSGhuLn58fIkSOtSwjny5eP8+fPs2bNGsxmM0FBQZn6j4qKYtWqVQwaNIjNmzezcuVKbt26Rd++faldu7a1Xs2aNYmPj2fVqlWsW7cOk8nEkCFDqFatmrVOtWrVOHnyJAsWLGD79u3WWcEuLi4Z2nJ1dSU4OJhWrVpRtmzZe96f2rVrEx4ezooVKwgJCcHNzY0xY8ZQqFAhAAoVKoTZbGbDhg1s2LABW1tbgoKC+PPPP61LLC9ZsoTixYtTtWpVa7uFCxfG19eX9evXs2LFCg4dOkTt2rXp16+fdaZsdsZ8py1btmAymQgICOCrr74iNDSUwMBAhg0bhoODAwDlypUjMjKStWvXsnv3bmrUqEFQUBAXL16kefPmGI1GSpcuTVJSEosXL2bdunUYDAbrrPAXX3wxy3F5e3tTqVIlduzYwfLlywkNDaVo0aIMGTKE3Llz3/Nei4iISEbpK3pYLJZMj/Tf6/9UUlISw4cPJ2/evMybN49atWpRoUIFgoODsbW1pVq1aixfvpwRI0Ywd+5cjh49SpUqVfjxxx+ZPXs2AN9//z1ly5bFw8ODqVOnMm7cOIKDg8mVK5f177Aff/yRwYMHs3z5co4cOcLIkSN59tln8fT0ZMGCBYwaNYoFCxZw/vx5KleujK2tLVOmTGHw4MFcu3aNcePGUblyZdq1a4fRaKRChQrs2bOHoUOHMn36dH755RcCAgLw8vJi69atvPnmm1SoUOGuW0+0GbSAkV3r0711II72uXDJbU/tikU4fyWCDbtO8ny9srQbvIiTl27w4cLtTF64jZ93n+L5emUwGg1MXrANDxdHuoz7jkkLtmEwGKhR1g+z2cKo2T/T68Mf+HzFTnYfuUCDQH/sbG24ERXPC8MWM2r2z3yyLBSDwUC10gUBcK3//v/HtZC3O9Rgy74zNOs/jy9X7iIi5ha7Dl+kZ/vqzFuzj8U/7adVrVL3jG/D7pM06z+fmd/vJiXVzPNDv6Xdc2Vwc36414qI5FwJCQkYjUbrw2AwZHjAg63sJSIi8rQkJiYCWFemzI68efMCYLD80w3+RERE5F/l0KFD9OzZk5UrV+a4fWlHjRrFX3/9xdy5c592KCIiIvIPpX/8YDabsVgsmM1mzGYzqamp1sfDzrw9deoUnTt3pnXr1gwcONDa79WrV7G3t+fMmTP069ePmjVrUqRIERYuXEi7du14/vnnmTlzJtu3b6dXr14Sb3tTAAAgAElEQVQ0adKEuXPn8sMPP9C0aVOuX7/Onj17mDFjBk5OTrz22mv4+vpSp04dQkJCiIyMZM6cOZw8eZLJkydTqVIlfH19WbNmDY0bN2bkyJFMmTKFH374AQ8PD8qUKcMrr7zCW2+9Rffu3enQoQNt2rTB29ub9u3bM3PmTPLmzcvChQv55ZdfmDp1KhMmTMi08sxf4dH4tZpE2PoReLo6Zji3Zd8ZOo5YwrWQ4XQY+i3Xo+LZ8FlXjAYD5V/9jI/7t6Bh1eK4NxhDh/plmTWkLacu3aD8q59xbNm77Dh0gSmLtrF95ls42ufitfeXUyCPK5N6N+G9z9YRGXOLOcPbc+5KBM90/JhT372Hr7cLXo3H0bVFFSa/3QSz2UKhNpOZO/x5Glf3Z8aq3fSZ+iPnggex9OeDHD8fzlfD2mUZX73KRSnc9kPmDGtP4+r+jJmzkfHzt3Jm1UAK5HF9qNeKiORcERERmEwm6+P2RLDRmLYjohLAIiLyvyA6OhqA/fv3Z/uaChUqAFoCWkRE5H9eWFgYe/bsYeHChdStWzfHJX9FREREsis2NhYAJycna5nBYCBfvnxA2lYe48aNo1y5cri7u7NixQpOnTqFn58fhQsXZvv27VSvXh13d3c2bNhAyZIlGThwIPHx8bRo0YJt27bh4uICwODBg6lcuTJ2dnbMnz8fgA0bNmBvb8+UKVOws7Pjxo0bbN68mSFDhljjmT59OoUKFeLIkSPWMovFwrBhw/Dz86NYsWLs2LGD3bt3k5KSQq1atahVq9ZdxxsZcwuTyZgp+QuQz9OZm9Hx1uNWtUqRyyZtZZwShbwy7PvbrVUgBoMB/4JeVAzw5bejl1gXeoyXGlUgt0PaKi6vNa3E0C/XM6l3Eyb1bkJySioAhfO54+fjxrkrEfh6u2DAQLvnSmMwGDh58Tpxt5JoXN0fgC7NK/P2lB/uOpa7xXfq0g3iE/6+/q221Rg7d/NdrxcRERERkb8pASwiIvI/7tixY3z00UdUrFjROtNFRERE5L8ofcuOuLg4a5nFYiEqKgpbW1t8fHz4/vvvmT17NpGRkSQkJJCSkpKpnbi4OG7dusWxY8eoV6+etTwsLMxav0CBAkDGWWQRERF4eXlhZ2cHgK+vL8nJydy8edNa5/bk9O1lMTExfPDBB4SFhVkT2WbzvffIzePuRGqqmWs3Y/HxyNjulRsxeLn+vVWFc247689Gg4HU29rO4/73te7ODkTE3CIsIjZDYtnDxYHwyLT7euDkFUbP3kh4ZCxGg5GLYZGYb1tgLv26m9HxGZZqtrezwcEu113Hcrf4bkTF4+Hydwx5PZ2tSWIREREREcmaEsAiIiL/42rXrs3mzTl7JsTYsWOfdggiIiLyPyBfvnw4Ojqyf/9+UlNTMZlMHDt2jDfeeIMOHTrg4+PDsmXLGDBgANWqVaNbt26Z2rBYLDg5OeHo6IiPj4919m5ycjKenp5s3boVgL/++gsfHx9u31krT548HD58mKSkJGxtbbly5QomkwlPT897xn38+HE+/PBDmjdvztixY/n000/ZtWvXfcfr7Z6b0kV9WLLhAO90DMpw7rvNh2hYtfh92wCIiLlFEdKW346MvYWnqyN53J2sCV+A61Fx1iTzK6OWMfDV2nRrVQUA/+enZmgvPSnu7uJAZMwta3lsfBK3EpOzFROAq5M9UbEJ1uNrN2OtM49FRERERCRrxqcdgIiIiIiIiIjIo5ArVy5eeOEFzp07R48ePZg8eTJDhw7FxsaGpk2bWmfWnjx5kmXLlhETE2OdZZu+tPNXX33F6dOnadasGWfPnmXZsmVs2bKF999/n6tXr1qXY540aRJffPEFwcHB1v6bNGlCfHw8AwcOZMqUKezcuZP69etjY3Pv79+nz1i+cuUKmzZt4vDhw0DaDOBff/2VNm3a8Oeff9712om9GjP6q5+Zt2YfkTEJXLsZy4eLtrNs40FGd2+Qrfu2KOQPAM5ejmD/iSvUKONHi1qlWLrhAPEJyZjNFuat3kfzZ0sAcCMqngoBactqL1r/B+ERccTGJ2Vqt3gBT2xz2bB+5wkAZn6/G6Mx+/tuFi/gSarZzPY/zgIwffkOTCZ9lCUiIiIicj+aASwiIiIiIiIiOUaXLl1ITU1l7dq1nDlzhmLFijF8+HACAgLw8fHhyJEjbNiwgfLly1OkSBHCw8MBaNCgAevXr2fv3r20adOGnj17YjQa2bhxIwkJCdSqVYtSpUrh5OTEkCFDmDNnDps3b6Zo0aL8/vvvADRs2JDw8HBWrVrFiRMnaNSoEf37979vzBUrVqR9+/aEhIQQERFB+fLlCQ0NJSwsjKSkJOLj40lOvvvM2eZBJVn2wcuMn7+FftNWY2MyUrtCEbbNeJNiBTzu23eq2UKhfG6Uf/VTImMS+LBPU/J5OfP8c2U4dOoKlV6fjsVioXbFIgx6rQ4AY95sQNtBC3F1sqdryyr0eaEGb0xcRejsHhnazmVjYvbQtvSaEozFkrbXsI+HEymp917aOp2drQ1fDGzD62OW4+bkQM/21cltnyvDstsiIiIiIpKZwXL7WkUiIiIiIiIiIo9B+scPZrMZi8WC2WzGbDaTmppqfbi7uz/lKLPn4sWLFCxYEIBx48bx008/sXz5cnx9fZ9yZDlP+uvGYDCQmmrGvvZIoja9j6P93fcSFhGJiIjAZDJZH0ajEaPRiMFgwGhMW0VAXyQREZH/BdHR0QDs378/29dUqFAB0AxgEREREREREZFsi4+Pp2fPntStWxdHR0c2btxI8eLFn0ryN6DDVE5fuvnE+31SUndOoGqXL3ijTVXebFOVRT/tp3QRHyV/RURERETuQwlgEREREREREZFssre3p1WrVqxevZq4uDgqV67Me++991RiObHi6fT7JH36bkt6fhjMhPlbyOPuxLyRzz/tkERERERE/vW0BLSIiIiIiIiIPHY5aQloERH599IS0CIiklM8zBLQxscSkYiIiIiIiIiIiIiIiIiIPHFKAIuIiIiIiIiIiIiIiIiI5BBKAIuIiIiIiIiIiIiIiIiI5BBKAIuIiIiIiIiIiIiIiIiI5BBKAIuIiIiIiIiIiIiIiIiI5BBKAIuIiIiIiIiIiIiIiIiI5BBKAIuIiIiIiIiIiIiIiIiI5BBKAIuIiIiIiIiIiIiIiIiI5BBKAIuIiIiIiIiIiIiIiIiI5BBKAIuIiIiIiIiIiIiIiIiI5BBKAIuIiIiIiIiIiIiIiIiI5BBKAIuIiIiIiIiIiIiIiIiI5BBKAIuIiIiIiIiIiIiIiIiI5BBKAIuIiIiIiIiIiIiIiIiI5BBKAIuIiIiIiIiIiIiIiIiI5BBKAIuIiIiIiIiIiIiIiIiI5BBKAIuIiIiIiIiIiIiIiIiI5BBKAIuIiIiIiIiIiIiIiIiI5BBKAIuIiIiIiIiIiIiIiIiI5BBKAIuIiIiIiIiIiIiIiIiI5BBKAIuIiIiIiIiIiIiIiIiI5BBKAIuIiIiIiIiIiIiIiIiI5BBKAIuIiIiIiIiIiIiIiIiI5BBKAIuIiIiIiIiIiIiIiIiI5BBKAIuIiIiIiIiIiIiIiIiI5BBKAIuIiIiIiIiIiIiIiIiI5BBKAIuIiIiIiIiIiIiIiIiI5BBKAIuIiIiIiIhIjhQWFsZrr71G27ZtmTNnztMOR0RERERE5IlQAlhEREREREREciQvLy/Kly9PeHg47dq1AyA1NTXb12/cuJGaNWuycePGxxWi1dixY3n99dcfez8iIiIiIpLz2TztAEREREREREREHrU1a9Ywa9YsIiIiAGjTpg1BQUHUr1+fLVu2MHbsWEwm01OO8m+urq64u7s/1j4sFgt79+5l9erVFC1alM6dO1vPbdq0iTlz5nDjxg1KlizJkCFD8PX1BWDlypUsXryYxMREnnvuOfr164eNjT5SEhERERH5t9IMYBERERERERHJUebMmcOkSZOsyV8As9nML7/8wrhx40hMTOTIkSOPpe8HmWF8u379+vHpp58+4mgyGjp0KHPmzOHq1askJSVZy8+dO8fUqVMZM2YMISEh+Pn5MW3aNADOnj3L119/zSeffMLSpUs5duwY69ate6xxioiIiIjIw1ECWERERERERERyjCNHjjB//nzrsaOjI02bNrUep6amYmdnR7ly5e56/d69e+nYsSMtWrRg8+bN1vLVq1dTs2ZNQkNDAZg0aRI1a9bkxo0bTJkyhZo1azJx4kSaNGlCUlISH374IY0bN6Z58+ZMnz4di8UCpCVbe/XqRcOGDenSpYs1Ed2zZ08aN24MpM3U/eabb2jVqhVNmzZl/PjxxMXFAWkzmd966y1Gjx5No0aN6Nu3L7Gxsdm6N0OGDGHWrFmULl06Q/nly5dp3749AQEBmEwmGjZsyIULFwDYtWsXQUFBFCxYECcnJ1q2bMmuXbuy3d/UqVN57bXXqF+/PtOnT2fLli20bt2apk2bsmTJkmy1IyIiIiIiD0YJYBERERERERHJMZYtW5bhOHfu3JQvXz5D2bZt27hy5UqmaxMTExk9ejQRERE0btyYEydOPFDfO3fuJDAwkAULFvDjjz/SunVrKlSowLJly9i6dSspKSkMGjSICxcu0LZtW65fv87w4cMzzRpes2YNX331FYULF6ZOnTqEhIRYZ+RCWpLb3t6ecuXK8fvvv7N+/fpsxefm5nbX8meffZbu3btbjw8ePEiFChUAuHHjBh4eHtZznp6eXL9+Pdv35MyZM3z88cfMmjWL77//nvXr17No0SKmTp3K7NmziY6OznZbIiIiIiKSPdqwRURERERERERyjIMHD2ar3h9//EG+fPkylB09epSoqCjeeOMNOnXqREBAAOPGjct239OnT6dQoUIcPnyY4sWLU6tWLY4dO8a2bds4deoUnp6eXL58mT59+vDiiy9SunRpQkJCiIqKytDOhg0bsLe3Z8qUKdjZ2XHjxg02b97MkCFDAChatChDhw7l8uXLvPDCC1y8eDHbMd7P6dOnWblyJbNmzQIgKSkJW1tb63mTyZRh+ej7adSoEV5eXnh5eVGkSBGaNWuGs7MzpUuXxs3NjatXr+Li4vLI4hcRERERESWARURERERERCQHSV8quXfv3gQFBWEwGNiyZUumevHx8ZnKIiMjAfD19QXSkp0PwsnJCQBvb2+WLVvG9OnTiYmJASAlJcU6c9bLywuAOnXqUKdOnUztRERE4OXlhZ2dnTWe5ORkbt68CYDRmLagm42NjbXtR+H69esMGTKEIUOG4OPjA4CtrW2GGcpms9na74MymUwZrjUajZjN5ocLWkREREREMlECWERERERERERyjDx58nD+/Hm++OILvvjiiyzrubu7Z1mWnmi93Z3J1vQ9fe9m2rRp/PHHH0yaNInk5GQGDBgApCWGAWsi+M8//2Tv3r20bt060xgOHz5snX175coVTCYTnp6eWfb5sOLj4xk4cCCvv/461atXzxDLsWPHrMdhYWEZloQWEREREZF/HyWARURERERERCTHqFq1KufPn79nHZPJROXKlTOVP/PMM7i5ubF06VJsbGxYs2aN9VzBggUBWLhwIQcOHODnn3/Osv3Y2FgSExM5dOgQR44cAdISxqVKlcLX15dFixYRERHBzz//zK1bt3jxxRczXN+kSRN+++03Bg4cSIECBdi5cycNGzb8xzNv7yc1NZVRo0ZRs2ZNWrZsmeFcjRo1mDdvHmfPnsXb25u1a9fSpEmTxxKHiIiIiIg8GsanHYCIiIiIiIiIyKPy4osv4ujoeN86bm5umcptbW0ZO3Ystra2fP311xQtWtR6rkyZMrRu3Zrz58+ze/duypYtm2X7b7/9Nn5+fnz77bf4+PhgNBq5du0aNjY2TJo0iYIFC7JixQpy587NpEmTMuyxC9CwYUN69uzJpUuX2Lx5M40aNeLdd999wDuRfXv27GHXrl0sWbKEBg0aWB+7du2iYMGC9OjRg/fee4+OHTtSsmTJTDOWRURERETk38VgudeaRSIiIiIiIiIij0D6xw9msxmLxYLZbMZsNpOammp93G1Z5n8iNDSUkSNHkpSUlOlcjRo1GD9+fKakq4iI5AwRERGYTCbrw2g0YjQaMRgM1j3UDQbDU45SRETk/qKjowHYv39/tq+pUKECoCWgRURERERERCSHCQoKYu7cuSxcuJC9e/cSHx+Pn58frVq1omXLlphMpqcdooiIiIiIyGOjBLCIiIiIiIiI5DhFihRh1KhRTzsMERERERGRJ057AIuIiIiIiIiIiIiIiIiI5BBKAIuIiIiIiIiIiIiIiIiI5BBKAIuIiIiIiIiIiIiIiIiI5BBKAIuIiIiIiIiIiIiIiIiI5BA2TzsAERGRpyH+VgJx8QkkJSeTajZjNpuxWJ52VP9eBoMBo9GIyWjENpcNuR0dcHSwe9phiYiIiIiIiIiIiMgdlAAWEZH/DLPZQmR0DLHxt7C3s8XB3g4X59yYTGmJTYPB8LRD/NeyWCykms2kpppJSk4mNj6eGxFR5Ha0x83FGaNR905ERERERERERETk30AJYBER+U+IiokjKiYWV2cn/Hx9nnY4/3MMBgM2JhM2JhN2trlwzu0IpN3XS1fDcXXOjatz7qccpYiIiIiIiIiIiIhoD2AREcnRLBYLV8JukJScTP683kpSPmKuzrnJn9eLpKRkrl2PwKJ1tEX+Z1gsFm4lJj/tMERERERERERE5BFTAlhERHKs5JQU/roajp1tLrw93DAZ9WvvcTAZjXh7umFjY+Kvq9e5lZj4tEMSkXu4lZjMmxO/w/m5kTjVHUGJDh+y6/CFpx2WiIiIiIiIiIg8IvokXEREciSz2cy18AjcXJzxcHPJst7RP48zYswEXni1G21ffJ2Bw97njwOHnmCkD+/In8d4pWsPLly8lGWd2Lg4mrXtyM+btz62ODzdXMiVy4YbN6Mxm80P1ZZ34zGYagxm759Zj6nB27Mx1RjMnB9/AyDuVhKF20zkm3X7Hqrvpy0hMQVTjcF8vmIHAL8eOEf+Fh9w9Oy1pxzZ49Vm4De8OfG7u5774/hlHGoP45Olvz7hqLLWYehCTDUGM/XbbVnWGff1Jkw1BvPa+0utZfca56Nw5+vnbu+LCfM3s2j9H4x7qzHBUzrxWrPKeLk9+dUR7nUvvvhuB671R/HL/rNPOCoRERERERERkf99SgCLiEiOdDX8Jg4Odjjldsiyzu49+xg8ciwGg4Feb3Wlb683sbOzZcSYCRw68ucjj2n9z5tp1rYjsXFxj7RdD3d3KlUoh4uL8yNt95/w8XLHwcGOq+E3H0l789fsvWv5+asRbNl3OkOZva0Njar541/A65H0ne7UpRuYagwmeNuRR9pudvl6udCoWsBTSdDdzWvvL6Xia5888naDyhemamm/TOUx8Ym8NPJbPurXknc61nzk/T6srF6jFouFBesyn8tqnI/L3d4XP/5ylA71ytH/pVq0rPkMI7rUp3gBzycWU7qs7sWBk1f44OtN/PRpd2pVKPLE4xIRERERERER+V9n87QDEBERedQio2MxGo143mPmb3JyMp/N+IryZUszduQQDAYDAHVqBdF/8HBmfDWPLz/58EmF/FDy5fVhQN9eTzsMK083F66G3yQyOhY3F6d/3I6XW26W/Lyfj/q1wM42458s36zdh6erIxExt6xlJpOR2UOfz3b7qalmTKZH8124R9nWnYrm92DeyBceS9v/JgNfrXPX8tz2thxY1D/Ta+DfwMstN3+eC+O3oxep+kzBDOe27z/Lmb9uksc943sgq3E+Lnd7X1y5Hk2zGiWfaBx3k9W9KF3Uhws/DiOXjekJRyQiIiIiIiIikjP8+z5JExEReQhms5momDgK5PO+Z70/DhwiIiKSIQP6WZO/AEajgUb1n2P+oiXExMTi7JyWvNn2yw6WrQzmr78u4+npQYumjWjbqrn12klTPyUqJoaaNaqx4vsfiY6OpnSpkvTr/RZenh68+Hp3YmJiAXjh1W48V7smA/u/DcDpM2f5at5Cjp84hbOzM62aN+H5ti0BuHjpL97qM4BB7/Zh6/ZQ9h88hKuLCy+0b0PzJg0B2Pv7fkaNm8SXn06hsF9aEurMufN8PuMrTp85h7e3F8+3bZXpHkRGRTFn3iJ+2/c7yckplCvzDG90eY0C+X2tdfb+vp+Fi5dz4eIlXF1daFCvDi91aIfJdO/EjLeHG39dDcfZyfEf773coV45ZqzaSfD2I7zYoLy13GKx8M3avbzSuCKfLQ+1lickppC77nA+fbc1b3d4NlN7M1ftoveU75nStwWTvtlMzfJFWDX5dQCWbzrIB19v5OTF6wT4eTOpdzOa1ihBh6ELWbX1MADthyzA19uFiz8Oz7KtlFQz4+dtYt6avVy7GUOZonkZ+1ZjmtYoYY0jJj6RETPXs3LLYW5GxxNQ0IvR3RvStm6Zu96H9TuP0/zdrzmwqD9liuVl5qpd9P/kRxaPfZkRs37izF83CPDz5stBbcltb8ubE1dy+MxV/HzcGPNmowz37npkHO9+spo1oWkz3Ns/V5aP32mJk6MdAPmajeON1lWJikvg25/+wGgw0KF+OT5+pxUnLoRT/tWPrW2Zagxm1tD2dG9VNVtjupWYzLAvQ1i28QBxCclUfaYgU/o0p0JA2uutRrfPKZDHlRUTX7Nes/TnA0z6ZjPHL4ST39uVnu1r8O5Ltazvu3vFa5vr8ScPq5QqwPHz4cxfszdTAnj+mr2U98+HS277DOV3G+ft7nefHvT1c/v7okwxH+r3ng3Ah4u28uGirfz0WXeuR8bzyqjFnP9hGAXyuAJw9vJNBny6hi37TmNna6JpjZJ8+HZzvN3TZqKfuBDO0C9D2LLvNGazhcBnCjLtnZaULZbX2vf92rjzXmTn/fO0n3MRERERERERkf8FWgJaRERylJtRMdlKOp45ex4A/2JFM51r3qQhKxZ9bU3+bti0lcnTPqN0qRKMGDKAOjWfZe4337Jg8fIM1x398zg/bdxMl1dfostrL3P0z+N8NW8BAFMnjOHVjh0A+GjSWLq8/hIAf12+wsDh75MrVy6GDHyHJo3qMX/RYtaEbMjQ9qdfzKZ4sSIMfKcPRQsX4otZczl/4eJdx5aQkMiI9ycQHRNL7x7deaF9G777/scMdRKTkhg0fAyH/zxGj+6d6d+nB9dv3GTgsNHcjIgA4NyFi4ydOIUihf0YOfQ9mjdtxNIV37No6f33LzWZjOTO7UBEVMx962bFx9OZelWKZ1pid+vvZzh3JYKXGlf8R+3O/fE3JvZqxrsv1wZg8U9/8NKIb2kQ6M/KSa9Trng+2gycz4GTV5j2TkvWTOsKwMf9W7Fx+pv3bKv7+BV8uGgrfV4IYvmEVyni60HLAfP4adcJ6zUvj1xM8LYjTH67Ges+7kq9KsV5ccS3HDh5JdtjSEpO5YN5mxjWuR4zh7QnNj6R9kMW0GbQN3RsVIFvRr2IX143Oo1Zxvmrac9nYlIK9XrPYteRC8wc0p6P+rXkx1+O0m38igxtT128neuRccwe+jxdWwYyc9Uu5q7+Df+CXhxY1J/mQSUJ8PPmwKL+tK9bNttj6jjiWxau/51R3RqyeOzLGA0GGvSZzV/hUXcd47w1e3ll1GJqli/Cykmv07FheQZ/vo5RszO+N7KK90lITEqhc4sqLNmwn4TEFGt5bHwi320+SJeWgSQmpdyjhczud58e5vUTWKogBxb1x9XJnq4tAzmwqD81yhTKVC8qNoE6PWZy9vJNZg1tzyf9W/PrgbO0HfwNZrOF2PhE6vSYyc3oeBaM7sjyCa9iNBho8e7X1vtwvzbuJjvvH3i6z7mIPBq3f/nuTmaz+QlGIiIiOc29fo/c6/ePiIhITqMZwCIikmOYLRZiYuPxy+9z37rRMTE42Ntjb2937zbNZuYvXEKdWs/S+61uAARWTks8rgz+kTYtmuLqmrbUtKODPeNGDcP1//fivXL1Klu2p81QLVggPx4e7tafnXKnzYBbtHQFzk5OjBr6Hrly5aJalUqEhV9nZfBqWjRtZI2jQ9tWvPxiewAqlC9Dh1e6cvjoMQr5ZZx1CLB+42Yio6KYMuF98vvmA6BUCX/e6jPAWmfDxi38dfkKMz+bSsEC+dPaLVeGLm/24bvvV/Nm19c5dPgoKSmp9HyzK3a2tlSqUI7UlFTCrl+/7/0FcHN24uLla3i4uWD8B//QTkxKpkuLKrw+ZhmXwqKsMxPnrd5D5ZIFKOF371neWQn+sBP+BdP2Q7VYLAz+Yh0d6pdj2jtps66bVC/BnqMX+WzZr8wd0YHE5FQA/HzcKFHIO8u2Dp++ysKQ35kxuB1vtqkGQIugUtTuMYNhM0JoXD0AgHc61sIvr5v1urqVijF/7V7W7zpOef982R7H95M74ZfXDUjb5/XlkYv5uH8r+r4QBECNsoUo1HoCoQfOUSivO9+s28fRs2EcWNSf0kXT3iO5bIzWJHGhvGmvz6ByhVk05iUMBgPt6pZhw+4TbPv9DD3b1aBMsby4Ojlgb2tDmdtmet5vTHuOXmTNr3/y3cTXrDNV61Uphl+rCSzbeJB3X6qVYWypqWaGfRlCx4bl+XxgGwCaPZu2ZPGURdvo+0JN6yzSe8X7uCUkpdC5eRXe/+pnVm09xMv//6WEZRsPkpJq5pXGFZm3ek+228vOfXqY109uB1vKFMuLyWjEyzV3hufwdrODdxMeGctv8/qQ1zPt/2dF83tQo9vn7D95Gf+CXswb+QKBzxTE09URgDzuTlTu9CkHTl2mWmm/+7ZRqUT+DH1m9/0DT/c5F5HHz2w2Y/yHq4eIiIikJ4CV7BURkf86/atKRERyjISEROxsc/3jJYfv5tyFi0RGRVG3VlCG8np1a5GSksrRY8etZd7eXtbkL4CnhwdRUdH3bH//gUNUrUMSC6EAACAASURBVFIJiwWSkpJJSkqmdKkSXAsLJzrm79mzxYoVsf6c29EROzs7IqPuPnPy1KkzFC1SyJr8BXB3d8vY78FDFC1S2Jr8BXBxdiawckUOHDoCQIB/MYxGAx99+iX7Dx4mOTmZjh3a0rfnG/ccUzqTyYitbS4SEhKzVf9OCUkptKtbFlcne75Ztw+A6LgEVm09TNeWgSQmP9jMynT5PP9+jv48F8bl8Gja1ClDQmIKCYkpJCWnElSuMHv+vPsM66za2rT3FAAvNapgLTMYDLzSuBL7T1wmIjptv+JaFYqwNvQYNbp9Tr5m43BvMJqo2AQio2/xIG7fWzY9eXt7Ui09YR4eGZcW356TlCqch2L5Pa1jfbZsYQD2/nnJel0F/3wZPizJ7+1KWETsPWO535i27z8LQPOgUtZrHOxysfebvrxyl5nch89cIywilo633UuAV5tUIjklldCD5x4q3kclISmZAnlcaVTNn/lr/56pPn/tHtrULo2Hi6P1CwTZkZ379KheP/fyy/4zVC5ZwJq4BQgsVYAjSwbgX9ALZ0c7KpXMz/h5m6jw6sd4Nx5DnZ4zAayv8/u1cafsvn/g6T7nIvJ4GAwG6yMl5Z/9fhcREQFISUmx/q2oJLCIiPyXaQawiIjkGPEJieR2sL9/RSB3bkduJSSQmJiInV3Ws4DTE7jps3fTpSdUb0/SPiiLxUJUdAxr1//M2vU/Zzqfvmfwva6/m8ioKNzd3O56Ll1UVDSed4wJ0saVntQu4V+cCWNGsnxlMKPHTcJoMvFc7SA6v/YSLs7Oma69m9wO9sQnJOKYzefldknJqdjb2fByowp8s3YvwzvXY9nGg1iw8FKjCsTe+meJ5dulJ41eGbU407l8Xi4P1Nb1yDhyO9ji7Jjx9ZSeALsZHY+7iwN9pgbzwy9HmPx2c6qULEBuB1uqdvnsH47g/tJfJmERsRw9e43cdYdnqnPzPsnDrF5r6e43pojoeFyd7DPt0ZqeuL5TeGTa8+J7x3OQfi9vRMU/VLyPStL/J3e7tqxKxxHfcuFqJInJKew4eJ6QT9JWDEhOyX4CODv36Um8fm5G38rwBQNI+/CsZOE8QNq+wo36fIWdrQ3jezbFv6AnF69F0ajvV9lu407Zff9k5Uk95yLyaN3tg/nk5GTs7R/87wYRERGApKSkTGVKBIuIyH+REsAiIpJjJCUl4+SWdYLgdkUK+QFw+sw5nilVIsO5TVu2s3j5Sj6dMgGX/98H+M6ZvDcjIgFwcXmwJOHtDAYDdnZ21K0VROMGz2U67+3lxbWwsAdu193Njb8uX75nHWdnZyIjM88gvhkRgctts5jLlXmGcmWeITEpiX2/7+eL2V8TFn6dD0YPy1Ysdna2xEXeexZ0VtITOl1aBvLlyp38sv8s89fssc4Kjol/+ASwk0NasunzgW2oGJBxSdo7k3D34+HiSNytJG4lJuNgl8tafuVG2vg9XR1JTEph3tq9TB/Qmk7NKlvrPMpZ61lxcrCjYglfPn+vbaZzRfN7/ON2szMmVycHouMSSU5JJZfN/e+rp0va8s7hEXEZyq/cSPvChZeb4z+O91FKzzm2qvUMHi4OfLNuHwmJyRT0caNBoP//18l+YvJ+9+lJvX7cnOy5HhmX5fnQg+c4dPoqR5e+Z10W/c59fe/Xxp2y8/4RkZzpzg/lk5OTsVgs+rBeREQemMViITk5GZPp77+l9ftERET+q7QEtIiI5BipqWZMpuz9aqtcqQLOzk6s/GF1hnKLxULIz5uwt7fHySk3hfz8cHF25tcduzLU2/7rDoxGI6XvSB7fi3Uf3NvyJGWeKcm58xcI8C9OyRL+lCzhT4B/cfLly4utba67N3QfAf7FOH32PFHRf89Ojo/POMOzXJlnOHn6DFev/Z1gjouPZ9/vByhXpjQAX87+mg8mTwPAztaWZ6tXpV6dWpw8fSbbsfwfe/cdHkX1tnH83t0kQCCQECC00HuVXpUauhQVUDpIU7EiNhAEREReQBAQEUR/olIFpPcuXXqT3iGUkIT07O77R8ianlCSDZvv57r2SrIzZ+aZ2SVD5t5zjslklNlseazjiFa1dAFVLplPw2as0e5jl9XnxRpPtL2YKhbPq+xZM+vidT/VrlDI9ihTOLfKF42aJzf6dUsuyGtYtbgkadGmo7GeX7DhsJ4rlV/ublkUGBwms9kS6ybE2at35Rf49IbvTUz954rqzJW7KpLPI9axFs2fM15PzaQYDYZY5yIlx1SvUhFZrVat2f3fkOlms0U1ek3RxD+2x9tHheJe8szhqkWbjsR6fsGGwzKZjKpfuWi8Nvbk4mxStxZV9cvK/frf6gPq1bqajMZHv9GU3HlKq/dP3UpFtP/U1VjDKp+9elfebcdo19FLtv3FvJe298SVR9pGXCn59wPAscS9IR89BLQkhYU9+Ye8AAAZT1hYWKxpBWIiCAYAZDT0AAYAOIxIsznWJ32TksnFRW8NeF1f/99kjflmoho8X0/h4eHatmOXTp3+V1+PHiFJcnIyqXuXTpr2w2xlzZpV1apU1ukzZzVv4RJ1fKldiodClqLmCJakv1atUdXKlVSmdEl1e62jhnw2QqPHjlfL5k1lMBi0bMVqBQcHa+K4Lx/9JEhq1qSh5i38U1+Nn6Te3V6TVVbN/nlurHVaNGuiFavX6fNRY9X9tY5ydnbW/MVL5eTkpFc6vChJqlSxvL76ZpJm/vSLatWorrv37mnTlm16rlKFFNdiMpkUaU75ELiJ6fNiTb07cZmK5PNQw6rFnnh70TK5OOmLfj76cMoKWSwWtahTRrfvB2n4zLV6uWFFjX2rpfJ6usnJZNS89Yfk4uyk1vXKJLitKqXzq1OTShr0f0t1/0GISnnn1u9rD2r7oYtaObGPJCmXe1ZVK1NQX/y4TlarVaHhkRo/d6siIs1PZUjrpAxoX0s/LNmtpoNmamjvJsrr6aZlW49rzsr9OrvoY+X2yJqi7RTK665Fm4/o97UHVaOct0p650r2mOpWKqymNUqq75hF+uqNliqU110zl+zWmSt39FLD+O8nZyeTRvVvrrfGL5G7WxY1r11ae45f1pifN+nj7g3TZW/QPi/W0OT5OyRJvdo83ocUkjtPafX+GdChtqYu3Kk2H8zRpz0byWAw6Isf1ymPRzbVLOet2/eDlM01k3qOnK+3OtbVyQu+mjQvKsh/EBKeom3ElZJ/PwCefYY4HyKK+XxMQUFBypQpEzfrAQApZrVaFRQUFOvakdh1hOsLACAjIAAGADgU4yP8IfdCvTpyzZJFfyz4U+MnTZWraxaVKFZUE74erdIlS9jWa93CR87Ozlq05C8tX7VGuXPlUt/e3dW+TctHqq1yxQp6vl5tLVy8THfu3lOZ0iVVumQJfT1quOb8+ofGfDNJmVxcVLVKZb03aOAjbTumTJkyafSIz/Td9B/18eejlNcrj15u/6JO/XvWtk6WzJk17ssRmjXnV02ZHjVvZ8UK5TTkvUHK6RE132j9OrU0+N03tWjJcq1YvU5ubm6qU6uGevfokuJaHuX1SErX5lX00dSV6tWmxlP/Y/3dzvXl5ppJE37fpikLdsorp5u6taii4a/7SJJcMztrzBstNGbOJh07fyvRAFiSfhnxqobPXKuvf9ksv8AQVSqRTysn9lHz2qVs68wf01VvjV+iD6esUC73rBrWu4m2/HNOwaERT/W44nJ3y6JtM97QkCkr9OY3SxQRaVb1sgW1etLrKQ5/JWngS7W1dve/6j92saZ/1EElvXOl6JgWf91dH09bpU+nr1JQaLjqVCisLd8PVJF8Cc8DPPCl2srk4qTxc7do6sK/VSivu8a/3Vrvdq7/xOciNVQonlc1ynkrWxaXRI8pJZI7T2nx/vHM4aqtM97Q4MnL1WPkPDk7mdTuhfL6ZlBrmUxG5fV005JxPTR48gr1+2qRyhfz0uKve+iTaats8zcnt42EpOTfDwDHErOHVsweWxaLRSEhIXJ1TX8f+AEApE/BwcGyWq0yGo0JXl8AAMhoDNZHmZgMAIB07MKVGyrqnc/eZSAOXhcAABDNarXGelgsFtvDbDbbHhaLRe7u7nJ2frwpMQAAGUd4eLj8/f1lNBplMplsD6PRaHvE/KARgTAA4FkREBAgSTp06FCK2zz33HOSmAMYAAAAAACkocR6ZsW9MX///n2Zn8JUEgAAxxUZGan79+9Lin8doScwACAjIwAGAAAAAABpLqHgN+bDarXKz89PFovFzpUCANIji8UiPz8/SYlfS6KXAQCQ0RAAAwAAAACANBH3JnxCIXDM4TrNZrN8fX0VFhZmj3IBAOlUaGiofH19ZbFY4l07kgp/CYMBABmFk70LAAAAAAAAGUv0DXir1Rov/LVarbav0Y+7d+8qS5Ysyp49u0wmk52rBwDYi9lsVkBAgEJCQmLN8Rsd/iY03y/DPwMAMiICYAAAAAAAYBeJ9QCOGQJHCwkJUXBwsNzc3OTm5sbNfADIQCwWix48eKDAwMB4PX6TCn8BAMioCIABAA4jW9Ys9i4BCeB1AQAAMUXP75tQL+CY4W9CLBaLAgMD5e/vr8yZM8vV1VXOzs4yGo0ymUzc7AcAB2C1WmU2m2WxWBQREaHg4GCFhobGCnqjHyaTKV5P4MSCYK4RAICMhAAYAOAwcud0t3cJSACvCwAASEr0DXmj0SiLxZJo+Bt9Ez96vsfw8HCFhYXZhomWFKvHMADg2ZTQ6BDRH/KJGfDGDX/p/QsAwH8IgAEAAAAAQJqK2ws45vNJ9f6NXsdiscSaI1iKHf4SBAPAsyfmNSGxKQLi9gBOrucvvX8BABkVATAAAAAAALCruDfoEwqCo2/kRwfHiQXAhL8A8OxK6HqQWAAc9/vEegAT/gIAMiICYACAw7hw5Ya9SwAAAMjQinrnS/G6ccPcmDfso+cCjl4v5tDP0V8JgAHA8SQVACcVAtPrFwCA2AiAAQAO41FuOAIAAMD+EgqBY4obBCcU/hIAA4DjSC4AjhsCJzfkMyEwACCjIgAGAAAAAAB2Ezf8TSrgTWgZcwADgGNIbg7gxIJgwl8AAOIjAAYAAAAAAHaV0p7ACYW+ifX8JQQGgGdH3N/7cQPgmN8n9ojbDgCAjIwAGAAAAAAA2F1iIXBi8/3G/Dn6uYS+BwA8GxLqARz9fWJBcMx1CX8BAPgPATAAAAAAAEgXEusBHHNZzJBYIvgFAEeT2FDQ0V+TCnwJfwEAiEIADAAAAAAA0o3om/fJBcEx14uJEBgAnl2JDQUd83uCXwAAkkcADAAAAAAA0p2YvXwTCgTiLktsXQDAsyclQXBiPwMAAAJgAAAAAACQTj1KuJvUMnoFA0D68yjBbWIjQgAAgIQRAAMAAAAAgHQt5k3+xMLgpEJeQgIAeLYk9nub3+cAAKSM0d4FAAAAAAAAAAAAAACeDnoAAwAAAACAdC2h3r2PMqwzQ0ADQPrzKEP3x50SILn2AABkdATAAAAAAAAgXYobAMT8OallAID073GH7n+U+eEBAMioCIABAAAAAEC6k1DYG/Or0Rg1q1X0jX8CAABwHHF/71sslni/52MGwVwDAACIzWDlI7IAAAAAACCdSC74NRgMMplMdqkNAGA/ZrM5Vtib0AeACIIBAI4kICDgsdvSAxgAAAAAAKQLCQW+0V+NRiPBLwBkYNHXAIvFIovFEm+5wWCgNzAAAA8Z7V0AAAAAAABAQqGv1WqVxWKR0Wi0DfkMAMjYoq8JFovFdq2Q4l9HAADIyPjrCQAAAAAA2FVi4a8kOTk5Ef4CAGIxGo1ycooa3JIQGACA+PgLCgAAAAAA2E1CPX6je3WZTCaG8gQAJCh6TviY1w6JEBgAAIkAGAAAAAAA2EliPX8JfwEAKREzBI4OgiVCYAAACIABAAAAAIDdJBT+MucvACCloq8ZMa8jEuEvACBj468pAAAAAACQ5mLemI97095kMtmrLADAMyj6uhH3ehL9HAAAGQ0BMAAAAAAASFMJ9fqN2fuXoZ8BAI/CYDDE6wVMb2AAQEZGAAwAAAAAAOwq5k16JycnO1cDAHgWRV8/4vYABgAgIyIABgAAAAAAaSax3r8Wi8XOlQEAHIHFYqEXMAAgwyMABgAAAAAAdhPzBj1z/wIAnoTJZEpwHmAAADIaxlUCAAAAAABpKqE5Gq1WK3P/AgCeiMFgSLD3b/QyAAAyCnoAAwAAAACANBG3N1bc4aCNRm5TAAAen9FoTHLYZ3oFAwAyCv6yAgAAAAAAaS6huYDpnQUAeBJxewBLhL4AgIyJABgAAAAAAKSZuDfluUEPAHiaErvGcJ0BAGQkBMAAAAAAAMBuEpqnEQCAx8V1BQAAAmAAAAAAAGAH9MwCAKQGri8AABAAAwAAAACANJBWN+B93v5Rpjofy1TnY42avSHe8gfBYcracKhtnR2HL0qSBo1fKrdGw/THukNpUmdCUlJD79ELZKrzsbp/MS8NK5N+X3tQbo2G6Z0Jy9J0vwDwtBEIAwAyAgJgAAAAAACQpmLefE/NoToXbjwS77kVO08pNCwy3vM7j1xUcGiE9p248tTrSKn0UENi9p24ouDQCO04fMHepQBAkhK6rhD6AgAyGid7FwAAAAAAADKm1L4hf+LCLZ24cEvlinrZnlu48XCC684f01XbDl1Qx8aVUrWmpKSHGhIzoq+PyhfPqwZVitm7FABIMYJfAEBGRQAMAAAAAADSXGrflC+aP6cuXL+nhRuPaERfH0lRwz+v2X1abq6Z5Oxk0r2AYNv6r49ZqL+PXNI1X3/b+j8s2a3vFuzUhRv35JXTTS83rKDhfX3k5popwX0Gh0bo8x/WaP6GI7rrH6SyRfJo+Os+at+gvL6cs1EjZq5TSe9cOrVgiCRp3Z5/1fK92TKZjLqx8vMEa/h19T8aOWu97twPUos6pRPsvXz+2j19PHWlNh04p/CISNWvXFTj326tCsXzSpJyNx+pewHBmj2so35d9Y92Hbsk7zw59M3brdXuhfK27fyy6oD+b+5Wnb16RwXz5FC3FlX1ac/GcnE2acLv2/TVz5v0QpWi2jx9oKSogH3o92u05Z/zMhoNqlnOW+MGtVKlEvkkSUEh4frix3VauOmo7twPUtH8OfXmK3X0xkt1nui1BYBHYbVaZTAY7F0GAABpiiGgAQAAAACA3UQHwU87EG5Tr6wkaUGMYaCX7zip0LBItW9QXmaLJcn2M/7crTe/WaKLN/z0fOWiehAcpol/bFf3EQnPvWu1WtVm8E/6dt4O3bwbKGcnkw6fuaGXP/mfdh65qA4NKkiSzly5o6u+/pKkjfvOSpJeeK6oPHO4xtvm30cuqdeo+bpw/Z6CwyK0cOMRLd9xItY6t+49UN1+U/XnlmMKCglXpNmidXv+VZNBM3U/MCTWuv3HLtbOIxcVFh6ps1fvqvsX82wh+Myle9Rn9AKduHBLJqNR56/d06jZG/ThlBUJHu+12/56fsD3+mv7CeX2yCrXzM5at+dfNXvnR925HyRJ6jtmoSb+sV2RZovqVSqify/f1qDxSzXpj+1JnnsAeBKpdV0BAOBZQgAMAAAAAADsKjVu0nt5uqlamYI6ddFXx87dlCQt2hQVBnf2eU5BIeFJtl+8+agkaWT/Zlozua9WTOyjUoVy68zVOwoJi4i3/rJtJ7T1n/PyyJ5F/y78SAGbRuujbg0lSaNnb1D5Yl4qUdBTkrRxf1Twu2HfGUlS+4fhcFwTft8qSapSOr/urB2hq8uHqvjDbUT7+pdNuu0XpHqViujO2hG6t36kGlQtpjv3g/T9n7tjrdurdTUFbBqtk/M/lNFoUFBIuPafvCqLxaoRM9dJkj7r1VgPtnypFRP7SJJmLNmt8AhzvNrmbziigKBQlSmSR6fmD9GJeR8qR7bMuu0XpHV7/pXFYtWSrcejzs34nlo7pa8mvPuiShXKrT3HLyd57gHgSRH+AgAyOoaABgAAAAAAaSatbsoHh4ars09lHTh1VQs3HlGRfB5aveu0PHO4qmHVYoo0J90DuHSh3Nq0/6wmz9shs8WihlWL6/gfg2U0JjyM6Ia9UWGum2smjf1lkyTp5t1ASdKx87ckSR0aVtD4uVu1ad9ZtalXVof+vS5Jat+gfAJblA4+XP5625rKnjWzsmfNrHqViujc1bu2ddY/3G+k2aL3v10uSQoICpUkHT9/M9b2mtUqLRdnk0oVyi2vnG66cSdAN+8G6vTl2/L1eyBJ6t++liSpZZ3SmvHJyzKbLQoNjx94f/Da8/rgteclSWHhkQoOjZC3l7v8H9zUFV9/GY0GlSjoqZMXffX2/y1Tn7Y11KxWSQ3qWDeRMw4AqYuhoAEAGQkBMAAAAAAAcDjBoeEa0KG2PvpupRZsPKIyRfIoLDxSPVtVS7BHa1xj3mihW/cC9eeWY/p02mpJUuF8Hpo9tKMaVSseb/1b96LC3ss37+un5ftiLYsOV9s3iAqAN+4/a+sFXKOctwrmyZFgDbcftktsedR+o9bZc/xyvJ610ftNSHQGYrFaYw0VnTP7f0NR92tXM9H2kvT1/zZrxp+7deXW/VjPR4f888d0U4+R82LVVq9SEf026jV5e7knuW0AAAAAj48AGAAAAAAAOJygkHAVzJND9SoV0c4jFzVmzkZJUmefygoOTXr4Z0nKkS2zFo7trqu+/lq967R+Wblfu45eUqfP5uraimFycTbFW1+SGlUrrg1T+ye4zVrlvZUvV3bduBOgaQt3Skq8968k5fV00/lr9+T/IDTJOu8FBOuLfs30eZ8myR5XQjzcsti+vxcQrKxZXCRJJy7cksViValCueO1mbbobw39fo3yeGTT9x+/JG8vd703cZnOxuidXL6Ylw788q6OnL2hNbtPa/qiXdp55KIG/d9SLRvf67FqBQAAAJA85gAGAAAAAAAOx2yJ6oXaqWllSdLJi77Klyu7XniumG1Zom3NFuVtNUoeTUfoqq+/+rWrqbkjX5MUFZAmFMg2ql5CkrT5wDkt2Bg11/Bd/2B1+fx3WyhqMBjU7oVykqQdhy9Kkl5qmPD8v5JUpVQBSdKCDYdltVoVEWnW8YfDSUdrXD2qN/LUhTt14kLUsuPnb6njp78qNCwyyeOMVqpQbuX2yCpJmrNivyRp74krqthlop7r/q0ehITFa7Pt4HlJUvPapdS/fS3VqVBI4ZH/9azefeyyPJqOUNEOY1W8gKc+6tZQX/TzkSSdv3YvRXUBAAAAeDz0AAYAAAAAAA6rY5NKev/bv2SxWNWxccVE5/CNyWQyqlOTypq26G+1fG+26lcuouMPw9W6lQrbwtKYOjetrB/+3K2dRy7qtWG/aeDXi/UgJFxms0Ue2bNo2pAOkqKGgZ7x525JUtkieRLsXRttcNcXtHjzUa3ceUplOo1XYHCYbcjnaMN6N9WybSd0536QKnaZqJzZXXUvIDjq2HecUKcmlZI9XqPRoBF9fTRo/FKNnLVek/7YrsDgqNC3e8uqsYaFjlatbEEt2nRUv67+R9sPXZCv3wMFh0bNFRweYVaNsgVVNL+HDp+5oQpdJqhi8bzafujiw3OQeK9nAAAAAE+OHsAAAAAAAMBheeXMpoZVo3rJdvZ5LsXtJr73okYNaK5c7q5av/eMIiMtGvhSbS0Z1zPB9Z1MRq2Z3Fcfdm0gby932xDUn/VqrP97p41tvYZVi9mGi+6QRO9fSapVvpD+98WrKpLPQzfuBqpq6QJ68+U6sdYplNddu2cP0qs+leWRPYsehISpcsl8mj2sY4rC32hvvFRHs4Z2VNkieRQSFqG8nm4a0q2Bvv/opQTXH/zaCxrSrYHyerrJPyhUnZtW1mvNos7v6Uu+MpmMWju5n15vW0OhYZHasO+s8nq6aexbLTWyX7MU1wUAAADg0RmsVmvS4x4BAAAAAAA8oejbDxaLRVarVRaLRRaLRWaz2fbw8PCwc5UAgGedn5+fTCaT7WE0GmU0GmUwGGQ0RvWHMhiSHw0CAAB7CwgIeOy2DAENAICi5iir129aossL5XXXhSWfpkkta3ad1kdTV+rctbsa2a+ZPuzaIE32mxrGz92q7xbslF9gsNZO7qe6lQqn2b7PXr2r0h2/UalCuXVy/odptt+nyWy2aNWuU5q1bK+ef65oit4LM5fu0cTft+mK730Vy++pj3s0VLcWVW3Ll207rk+nr9b5a/dUrEBOfTmwRay5B5Nr/yTbj4g0a9TsDfpl5QHdDQhSiYK59GHXBuresmqKlkcLDA7TH+sOadayvfruw3aqVb7QY5/LRZuOqvPQuQm2aft8OS355r9eXvtPXtWsZXvkFxii+WO6PVL7L+ds1PeLd8kvMEQ1yhbUtCEdVKF4XklRc0U2HTQzXvvZwzqqV+vqT9zearVq/G9R/xYDgsLUvFYpTf+og3K5xx++FAAAAAAAAM8+AmAAACRlz5rJFk4GBoXp6LmbypLJWVVK55ck5fPM/kTbn7f+sLoO/109WlXTnM87JbpeUEi4Og2dq6CQcFUvW9AuAU1Ka03O1oPn9cm0VXJ2MqlupcJyzez8FKt0fON+3aLvFuzUjTtRn/SrUzH58Pz7P3dp0Pilyp41s+pUKKxthy6o58j5yp8ruxpXL6HDZ26o42dzZTIaVLOct/advKLOQ+fqyG8fqGyRPMm2f9LtD/1+jSb8vk253LOqfqWi2nbovHqNmi/PHK5qVbdMssuDQsL17sRlmr/hsG2OwZSMZZPUucyXy02t6paJtf756/d06qKvihf0lCQt33FCI2au0+EzNyRJzWqVeqT20xfv0oiZ6+SZw1WVSuTTjsMX1WbwHJ1Z9JGcnUy6/rCuEgU9lT/3f79r8uZ0eyrtx/+2VZ9OW63cHllVoqCnFm8+qmu3/bVj5pv0fAAAAAAAAHBABMAAAEgqV9RL2394U9J/vYGL5s9pey6tnL16hnjs5AAAIABJREFUV0Eh4apYPK/2/PR2mu77aTv073VJ0sAOtfXtB23tXM2zZ9ayPQqPiFTpwrl1+tLtFLWZ9Md2SdKqSX1Up2Jhjf1ls4bNWKOlW4+rcfUS+nHpHpnNFk16r53eeqWuZvy5W2+NX6KpC3dq2pAOybZ/0u0fPnND5Yp6aek3PVW8oKdt+dKtx9Sqbplkl/sFhmjOiv0qUdBTAUFh8vV78MTnsl6lIlo+oXes51q8O0unLvqqd5sakqS/tp3QqUu3Va1MQR04dfWR209f9LckadO0AapQPK9eG/abFmw8oiVbj6tTk0q6fjsqwP2iXzPb3IkxPUl7s9miCb9tk8Fg0LYZb6ikdy49P+B77Tp6SdsOXVCDKsVSdA4BPLv2HL+sDfvOKqnZn9xcM2lgh9rK5MItAgAAAABwBPx1BwDAI9h/8qoGT16uA6euKV8uN/VtV0tDujaQ0WjQ8fO39P63f2nP8SvKmtlZL9Yvp2/ebq05K/Zr8OTlkqT/rTqgDfvO6MpfQ+Nte8WOk2o35GdJ0tFzN2Wq87E2Tuuv6mUK6uNpq/Tn5mN6EBKmqqULaNL7bVW1dAFJ0r+Xb+udCcu0/fAF5czuqq7Nq2hU/+ZycTZJkn5fe1Bjft6kSzf8VKpQLo0e0EKt65WJt39J+nbejgRrvX47QO9OXKb1e88oaxYXtalXVuMGtZK7W5YEtzNkygpNfBgWfrdwp75buFPmXeN09updDZ68XFv+OS9nJ6Oa1SylyR+0U26PqJ7Oq/4+pc+mr9bpy7dVJF9OfdqzkXq0qiZJuu0XpHcnLtPqXaeVJZOTWtcrq/Fvt060hqf1+uXIlln3A0P0weTlWrnzlCIizapTsbAmvNNGZYrkkSTtPHJRH09dpUP/Xlf+3NnVr10tDe7ygoxGgz6dtlrfzN2iz3o11oa9Z3Tk3A1VL1NQc0e+Jm8v90Rr/d+IV1WjnLfGzNmoUbM3pOj4OjWpJIvFqtoVooZELpo/pyTpQUiYJOngv9ckSS88DP0aVSsuSTp27maK2j/p9tdO6RurXsvDMCJLJucULc+Z3VV757ytamUKqtGbM1IcAD/KuTx79a7W7z2j2hUKqXwxL0nSoI71NOHdNvrn9DU1eSv+UMtJtQ8Lj9TJi77yyJ7FNmRzw2rFtWDjER0/d1NqUsnWMzmvp1u87T1p++t3AnTnfpBKFPRUqUK5JUkt65bRrqOXtPvYZQJgIAMYMXOd1u89k+x6VUsX0PPPFU2DigAAAAAAqY0AGACAFLpy676aDJqpkLAI1a9cRGeu3NFn01crWxYXvflyHbX+4CddvxOg3q2r69y1u5r1116FRUTq9bY11bpeGa3ceUrlinqps0/lBLdfvKCnujavot/WHlReTzd1afacvPO46+0Jy/S/VQdUvWxBlS2SR3PXHFS7IT/r7KKPZTQa1GbwHJ27elfVyxbU9TsBGj93q1ycTBo1oLmWbj2u7l/MU45smVWnYmHtOX5Z7T/6WQd+eVeVSuSLV0O1MgXi1RoWHqmmb8/U6Uu3Vb6Yl0LCIjTrr726eMMvXmAXrUHV4tp/6qq2HbygGuW89XzlIjKbLWrx7ixduH5P7V4or6CQcM3fcFgRkWYtHNtdZ67cUYePfpEUNUTvP6evqffoBcqfO7saVS2uVu/P1j+nr6lK6fyKiLTop+X75P8gVAu+6paqr9/PwzvrnQnL9Nvag2pVt4zyeGTTzyv36+RFX51d9LHOXr0jn7d/VFh4pOpWKqxTF2/rk2mrFB5p1tBejW37H/vLZtWuUEjZXTNrx+GLGv3TBs389JVE603JkM9xfTmwRayf564+IElqXL2EJMn/QaikqJ5ekpQjW2ZJsg0hnFz7J91+tGEz1ujEBV+t2X1a3l7u8eY2Tmy5a2ZnVStTMNnzENejnMsf/twlSXq9bU3bc5VLxv+3ktL2AUFR4Xj0OZGkHNmiPrQQfV6iv37w7XKduXJH3l7uGtanibo2r/LE7aPD85CwyP/aZ416Xe75B6f4uAA8u8YNaq3dA79XYHBYouv0bF2N8BcAAAAAHAgBMAAAKTRz6R49CA7T0F6N1b9Dbd25H6RqPSdrzop96tikkq7cuq9iBXJqyuB2Cg2P1Ne/bFbOHK56/rmiunY7QCt3nlL1sgU1rHcTSbKFnZJUME8Offdhe73Tub5+W3tQhbzcNf6dNpKkts+XU4OqxfRSwwrKliWTzl69q11HL+nEBV+du3ZX567eVYeGFbRobHfd9gtS/jajtXDTUY0a0FwTft8qSZo78jVVKpFPK3ac1Fvjl+h/qw6oV+vq+vyHtbYamtcurYEv1Y5X6+LNR3X60m01rFpcG6b2U3iEWdV6TtaGfWe0/+RVnb16V/PXH7JtZ3DXBmpTv6xOXfLVtoMX1KhqcY19q6VCwiI0rE8TuWZ2UacmlRQcGiG3RsNsvZKmzN+hSLNF337QVm93rKclW47plU9/1eJNRyVJ/5y+psbVS2jO551ktVrl8/aPWrz5qAKDw7Ry56l4NcTtDfm4r58kHTgd1bN10vttVaKgp8oUyaN7/sEKDA7T1IV/Kyw8UsNfb6oRfX10/to9le08Xt/8ukWf9mhk2/+Qrg009q2W2nP8sur2naYDp6K2+fkPa209ZCVpzuedku3VfOzczQRfu5hm/bVXq3edVvliXnrVJ2pYYLMl4eE/I82WeM8l1P5pbX/lzlM6cjZqPt2KxfMqZ3bXR1qemHnrD8d7H9SvXCRFbSUpNCxSc1buVzbXTOrcNOEPajxqe7Ml/rmNFn1e3FwzyWAwKJd71By9S7cdV48v5qmkdy4VSqKXeEra1yznrfy5s+vabX/NW39YPjVLav6GqHPkZDI+8jECePZULplPi77urtbv/5Tg73ufmiX1wycv26EyAAAAAEBqIQAGACCFoue0HfPzJo35eZPt+QvX/ZTHI5t8apbU+r1n5N12jHxqllS7BhXUsXHFRLf31/YTtu+jh2ZNSM3y3vrou5X6eOoq3bkfZHvePyhEpy75SpJtSN7cHlkVuu2reDW/OHhOrG1euH5Pd/yDYtWQ0PCxknT0YRDXtGZJGQwGZXJxkk/Nkjp50Vf7T17VrXuBsbbTOYGwUIoaxrd0odwaOmON+n+1yNYTKfrrqYdzs9apENVbs0PDCgrbMVZGg0ET/9gmSdq0/6wKt/sq1nYvXL+n05d849UQ93ie5PXr1qKqhs1Yo8rdJqpBlWJqXru0hvZurGyumWxBZbNapSRJxQrkVLmiXjpy9ob+vfzffLNeD+vxyhn1NSAoqrfsjsMXtO3gBdt6oeH/9dRMTHKv3baDFzRo/FK5ZnbW76O62IK+xAI/kzH284m1f1rbP/jrewoKCdcn01Zp+uJdGjZjjSa93zbFyxOT0PvgUczbcEh+ASHq27amsmZxeaS2ibVPKmQ1GQ2SpB8/e0UT33vR1st39E8b9cWP6zRv3SF9FqMX+eO0r1nOW6MHNNfrXy5U1+G/x6rJ0z3rIx8jgGdT0xol9eNnr6j36AWxnq9cMp8Wju0uZyeTnSoDAAAAAKQGAmAAAFIoItIsSfq4e0PVrfRfr8LoMGXFxD76eeV+/bn5qJZsPa556w9rd+f6mvjeiwluz7xrXIr22+OL+dryzzl93qeJWtQpo/cm/aV9J64kur4pRuAUERnV0+fXL15V9ofDvkqSV85sqlHOO0U1uDhH/XfB+DBskv6bm9XZyaQRfX00oq9PstvxfxCq1h/8pIhIs6Z/9JLKFM6tuv2myZJIr1Hpv3MbfRyt6pbRgA6xe7oWzuuRYA1nr96N9fOTvH6f9mykamUK6NfV/2jt7tNau/tfzV39j/b89LYyJXN+krN5+sBk14mrYdXiib52Z67c0Uuf/KJIs0ULvupmmzdWkvLlctOJC7ds4XP0kM3ubplT1P5Jtm+1WnX60m05OZlUoqCnsmZx0cCX6mj64l3afvhCsstTIqXvxcR8v/jh8M3taiazZsrbe+ZwlbOTyTaUsyT5PwiRJFtP7wfBYTIa/nv/VHx4Tq/6+j9xe0nq1bq6Cnm5a82u0yqQJ4f2Hr+seesPq/pjDKcN4NnVo1U1Xb51XyNmrpMkeXu5a+XEPrGGmAcAAAAAOAbGfQMAIIWig67Tl2+rdb0yalO/rELDI1WldAEdPH1db4z7U66ZnLVq0us6Of9DSdLCTUckSdHZTGhYxCPt02q1aueRizKZjPq0Z2PVKu+tSLPZtrxM4TySpL3HowLhgKBQVen+rVq8O+thzV6SJF+/ILWpX1at65XRtdv+Sc6jGrfW8sWitrFx3xlZrVZFmi3a8s/5WNtPiWPnb8r/Qaiqli6g7i2rqqR3LlljZL9lCkf1gt5z/LIkaevB86rYZaI+/2GtbT9Hz93U888VVZv6ZVU0f065Zc1km2c2OY/7+gWHRqjfV4v095GL+vWLV3Xlr6EqXTi3/jl9Teev37Odn3V7ooayvnLrvk5d9FXWLC4qks8jxefnabgXEKw2H/wkv4AQfft+W7V9vlys5dHBYPTrt/Vg1NeqpQukqP2TbN9gMKhO32kq23m8Lt+8LynqPSFJ+TyzJ7s8tR04dVX7T15VheJ5VbOc91NrbzAYVL6Yl+4Hhth6i297eF6qPDzvhdp9pRxNhuvKrajj3n8y6t9zwTw5nrh9tMbVS+ibt1urQrG8+nPLMRUrkPORhscG4BiG9W6it16pq7yeblo1qY/y5Ur9368AAAAAgLRHD2AAAFLorVfq6sdle7V063FV6jpJ7m6Z9feRS+rfvpZG9m+mhRuPaP6Gw/rn9DVdvx0gSbYedt55oubx/GvHCbV8b7ZWf/t6ivZpMBhUunBuHTt3Uy9+OEcPgsN18HTUUMaRZovavVBOxQrk1OLNR1Wv3zTdvBuoizf8NLjLC5KkT3o0VuehczV48nIt2XJUd/yDdeqir3Jky6JXfRKe4zRurSsm9Fb5Yl7auO+sqvaYrLCISJ2+dFuNqhVXrfKFUnz+iuXPKWcnk/4+ekmvDftN+05elfVhAhxptmhQx3r6YekeDZ68Qku3HteBU1fl/yBUX7/VSs1rl1Llkvl0+MwNlXv1/1ShWF7tOHJBhfN66MS8D1O0/8d9/VwzO+vYuZv6afk+XbzhJ88crrpw/Z5yuWdVIS93vftqfc1YslsjZ63Xpv1ndPKiryLNFn3evWGs3thpoc/ohTp79a5cMztr474z2rjvjG3Zkm966s2X6+q7hX/r46krtXTrMe05flkGg0H929dOUfsn3X7PVtX03cKdqt5rsp4rlV/bD0X17O37sMdscstT0/RFD3vvtn28fSXV/p3O9dVn9AL5vP2jShXKpb+PXFK+XNnV7mGAPqB9bX0zd4tq9v5O5Yp6aevB83IyGdX7xRpPpb0UNdf0vPWHdP7aPbk4mzTz01di9VoHkHFMGdxOUwa3s3cZAAAAAIBURA9gAABSqGj+nNo8fYAaVSuuc9fu6sQFX3VrUVUj+zdTHo9sWvddP1UplV/TF+/Sxv1n1b1lVf342SuSpLqVCqvPizVkMhp19uqdR9rv3JGvqWY5b+06eklurpn0cqOoeWnPX7snZyeTlv9fbzWtUVIH/72uwOAwvfdqfY0e0FyS9Erjivp9dBeVL+al3ccuKzAoTJ/3aaJXkpibOG6tJpNRyyf01ov1y+ns1Tu6fjtAr/pU1rwvuz7SceTLlV1zR76mwnk9tHbPv2pWq5TKFMnz8FjuqnTh3FoyrqdKF86tbQfPK2d2V8345GW1rldGTiaj1k7up24tqio0PFI7jlxQ7fKF9esXr6Z4/0/y+i35pqc6N62sZdtOaNZf+1S/clGt+bavXJxNKpzXQ6sm9VG1MgW06+hlmYxGDe3VWJ/2aPRI5+dpOHctatjr4NAI/bX9RKyHJBUv6KlFY7urWAFP7Tx8Ud553PXH6C6qXrZgito/6fbHDWqlYb2bKJtrJv195JLKFsmj30d3UbsXyqdoeWq5HxiieRsOycXZpG4tqjz19j1bVdPI/s3kZDJq/8mrqlupsFZN6qNs0XP2DmyuEX195OJs0t9HL6pKqfxaPqG3rUf1k7aXpNOXbuvO/WC1rFNa22a8oUbVij/OqQIAAAAAAMAzwGC1WhOfeA8AAAAAAOApiL79YLFYZLVaZbFYZLFYZDabbQ8Pj7SdPgEA4Hj8/PxkMplsD6PRKKPRKIPBIKMxqj+UwcBoOACA9C8gIOCx29IDGAAAAAAAAAAAAAAcBAEwAAAAAAAAAAAAADgIAmAAAAAAAAAAAAAAcBAEwAAAAAAAAAAAAADgIAiAAQAAAAAAAAAAAMBBEAADAAAAAAAAAAAAgIMgAAYAAAAAAAAAAAAAB0EADAAAAAAAAAAAAAAOggAYAAAAAAAAAAAAABwEATAAAAAAAAAAAAAAOAgCYAAAAAAAAAAAAABwEATAAAAAAAAAAAAAAOAgCIABAAAAAAAAAAAAwEEQAAMAAAAAAAAAAACAgyAABgAAAAAAAAAAAAAHQQAMAAAAAAAAAAAAAA7Cyd4FAAAAAAAASNKFKzfsXQIA4Bnnni2zvUsAAMDuCIABAAAAAEC6UNQ7n71LAAA84/z8/OxdAgAAdscQ0AAAAAAAAAAAAADgIAiAAQAAAAAAAAAAAMBBEAADAAAAAAAAAAAAgIMgAAYAAAAAAAAAAAAAB0EADAAAAAAAAAAAAAAOggAYAAAAAAAAAAAAABwEATAAAAAAAAAAAAAAOAgCYAAAAAAAAAAAAABwEATAAAAAAAAAAAAAAOAgCIABAAAAAAAAAAAAwEEQAAMAAAAAAAAAAACAgyAABgAAAAAAAAAAAAAHQQAMAAAAAAAAAAAAAA6CABgAAAAAAAAAAAAAHAQBMAAAAAAAAAAAAAA4CCd7FwAAAAAAAJCWrFarIiPNCouIUHh4hMIjIhUeHiGzxWLv0gDgmWcyGuXi4iwXZye5uDgrk7OznJxMMhgM9i4NAIAMgwAYAAAAAABkGH7+gQp4ECyj0aBMzs5ycXFW9myucnFxlpPJZO/yAOCZF2k22z5cExwcKr+IQFnMFmV3yyqPHG72Lg8AgAyBABgAAAAAADi8iIhI3brjp6yumeWdL4+MRnqiAUBqcDKZ5JTFJNcs/z1nsVjlH/hA127eVp5cHnJ24rY0AACpiSstAAAAAABwaPcDHigwKFheuTzk4uxs73IAIMMxGg3yyOEm1yyZddP3nrJnc1WO7NnsXRYAAA7LaO8CAAAAAAAAUsv1W3dksVjknS8P4S8A2FkmF2d558+jSItFN3zv2rscAAAcFgEwAAAAAABwSNdv3ZFbNlfldM9u71IAADF4umdXNtfMhMAAAKQSAmAAAAAAAOBw7gc8UOZMLnLL6mrvUgAACXDLllUuLs7yD3hg71IAAHA4BMAAAAAAAMChREREKjAomJ6/AJDOebpnV8CDYEVERtq7FAAAHAoBMAAAAAAAcCi37vjJK5eHvcsAAKRAnlwe8r3jZ+8yAABwKATAAAAAAADAYfj5Byqra2a5ODvbuxQAQApkcnFWliyZdd8/0N6lAADgMAiAAQAAAACAQ7BarfIPDFIOt2z2LgUA8Ajc3bIq4EGwrFarvUsBAMAhEAADAAAAAACHEBlplslklNFosHcpAIBHYDQaZTAYFGk227sUAAAcAgEwAAAAAABwCGEREcrE0M8A8ExycXFWeHiEvcsAAMAhEAADAAAAAACHEB4eIRcXAmAAeBZlcnFWGAEwAABPBQEwAAAAAABwCOERkXJxdrJ3GQCAx+Di7KTwiEh7lwEAgEMgAAYAAAAAAA6BHsAA8OxiCGgAAJ4eAmAAAAAAAOAQzBaLnEwme5cBAHgMTiaTzBaLvcsAAMAhEAADAAAAAAAAAAAAgIMgAAYAAAAAAAAAAAAAB0EADAAAAAAAAAAAAAAOggAYAAAAAAAAAAAAABwEATAAAAAAAAAAAAAAOAgCYAAAAAAAAAAAAABwEATAAAAAAAAAAAAAAOAgCIABAAAAAAAAAAAAwEEQAAMAAAAAAAAAAACAgyAABgAAAAAAANK5P9YdUr5Wo9Xq/dkKDA6zdzkAAABIxwiAAQAAAAAAgHRs4cYj6jFynnz9Hmjt7n/V6v3ZekAIDAAAgEQQAAMAAAAAAADp1NKtx9V1xB+yWKy25/4+ckltBs9RcGiEHSsDAABAekUADAAAAAAAAKRDK3acVOehc2U2W2QwGCTJ9nX7oQtq++EchYQRAgMAACA2AmAAAAAAAAAgnVm967Q6fvarIs0WeXu5a8wbLSRJZYvk0We9GkuSNh84pw4f/aKw8Eh7lgoAAIB0hgAYAAAAAAAASEc27Dujlz/5n8IjzCqSz0NbZwxU8QKetuWjBzTXiL4+kqT1e/9bFwAAAJAIgAEAAAAAAIB0Y/OBc2o35GeFhUeqeEFPbfl+oArn9Yi33vDXm+rLgVG9glfvOq1On81VRCQhMAAAAAiAAQAAAAAAgHThtl+Q2n44R6FhkSpVKLe2TB8oby/3RNf/tGcjffN2a0nS8h0n9PkPa9OqVAAAAKRjTvYuAAAAAAAAAICUzdVFRfLllNFo0Lop/eSVM1uybQZ3eUEuziYNmbJSpQvnSYMqAQAAkN4RAAMAAAAAAADpQJZMzjr6+weP3O7tjvU06JW6MhgMqVAVAAAAnjUMAQ0AAAAAAAA84wh/AQAAEI0AGAAAAAAAAAAAAAAcBAEwAAAAAAAAAAAAADgIAmAAAAAAAAAAAAAAcBAEwAAAAAAAAAAAAADgIAiAAQAAAAAAAAAAAMBBEAADAAAAAAAAAAAAgIMgAAYAAAAAAAAAAAAAB0EADAAAAAAAAAAAAAAOggAYAAAAAAAAAAAAABwEATAAAAAAAACQiu76B6tWn+/Uc+R8u9ax88hFVXhtgibP32HXOgAAAJC6CIABAAAAAACAVHTs/E3tP3lVc9f8o7DwSLvVsXLHSZ286Ktl247brQYAAACkPgJgAAAAAAAAIBVZrdYY39uzjuivdiwCAAAAqY4AGAAAAAAAAEjnjEZDrK8AAABAYpzsXQAAAAAAAACApNWrVETNapVS63pl7V0KAAAA0jkCYAAAAAAAACCd88qZTau/fd3eZQAAAOAZwBDQAAAAAAAAQCoyGv67BWe2WOxWR/S+Y9YDAAAAx8P/9gAAAAAAAIBUlC+Xm+373ccu262OPcej9p0/d3a71QAAAIDUxxDQAAAAAAAAQCoq6Z1LVUrn18HT19V79AKNf6e1KhbPK6PBkCb7fxASrlnL9mjH4YuSpFd9nkuT/QIAAMA+CIABAAAAAACAVDbn885q+MYMXbvtry6f/263Ovq3r6XW9crYbf8AAABIfQwBDQAAAAAAAKSyisXzav/P76hbi6rK5Z41Tfft7GRS5ZL5NPPTV/T9xy+l6b4BAACQ9ugBDAAAAAAAAKSBovlz6pcRne1dBgAAABwcPYABAAAAAAAAAAAAwEEQAAMAAAAAAAAAAACAgyAABgAAAAAAAAAAAAAHQQAMAAAAAAAAAAAAAA6CABgAAAAAAAAAAAAAHAQBMAAAAAAAAAAAAAA4CAJgAAAAAAAAAAAAAHAQBMAAAAAAAAAAAAAA4CAIgAEAAAAAAAAAAADAQRAAAwAAAAAAAAAAAICDIAAGAAAAAAAAAAAAAAdBAAwAAAAAAAAAAAAADoIAGAAAAAAAAAAAAAAcBAEwAAAAAAAAAAAAADgIAmAAAAAAAAAAAAAAcBAEwAAAAAAAAAAAAADgIAiAAQAAAAAAAAAAAMBBEAADAAAAAAAgnv3792vAgAHy8fFRu3btNGXKFIWEhKSobfPmzbV58+ZUrW/16tXq379/qu7jcXzyySeaOHFiqu9n6tSp+uCDDxJdPnbsWE2fPj3V60ivunTpou3bt9u7DAAAALtwsncBAAAAAAAASF9OnTqlwYMHq3fv3hoyZIju3r2rqVOn6tq1axo3bpy9y5MklS9f3t4lpGuNGjVSlixZ7F2G3XTq1EmlSpWydxkAAAB2QQAMAAAAAACAWNavX6+yZcuqV69ekqQSJUooW7ZsGjBggK5cuSJvb287VygVKlRIhQoVsncZqcZischofPzB+2rXrv0Uq3n2tG/f/rHamc1mmUymp1wNAABA2mIIaAAAAAAAAMRiMpl07949RURE2J4rXbq0pk+fLg8PD0nStWvX9P7776tp06bq2rWrtmzZkuj29u7dqx49esjHx0dvvvmmzp8/b1t2//59DR8+XM2aNVO7du30ww8/yGw2S4oK43744Qe1bdtWzZs31/Dhw3X//n1J0oIFC9S9e3fbdoKDg/X111+rRYsWat68ucaOHavg4GDbsvr162v58uXq0aOHmjRpovfff9+2LUn6+++/1atXLzVq1EhdunRJ8nge5dhjunTpkgYPHqzGjRurXbt2mjVrlm3Zzp075ePjoylTpqh58+bau3dvkscffX4mTpyoZs2aqX379lq5cqVtWcyhqDt16qTFixfblp0/f17169fX7du3JUm7du1Sz5491ahRI3Xv3l27du1K9Bj27dunLl26yMfHR0OGDNHw4cM1atQoSdK2bdvUvHnzWOu/8cYbmj17tu3npN4Lcc2bN09t2rRRmzZtNGnSJHXr1k3Lly+XJPXq1UsLFiyIVVf9+vVtP8cdhjyx/Ua/N7777ju1b99eM2fOVFBQkMaNG6eWLVuqRYsWGjFihAIDA23bOnPmjN544//Zu/PomK//j+OvmckmC4KIEGJfi9baqqWSWmvfS0tLS6m1qO1rV/vW2rc2pSj9EVQp/dLS1k5btVYkhNqXSIhkksz8/lDzlcaSRGIYz8c5c07m87mfe9+fyZxw5jX33q4KCgpS69attWHDhgfeAwAAgD0QAAMAAAAAACCJJk2a6MaNG+rSpYu2bNlbsT02AAAgAElEQVQis9ksJycnlSlTRp6enrp9+7Z69uypIkWKKDg4WG+99ZZGjBih8PDwZH2FhoZq8ODBateunb744gsVK1ZM/fv3t4XLgwcP1rVr1zR79myNHDlSmzdv1vLlyyVJn3/+uTZu3KihQ4dq7ty5ioqK0ujRo+9b88iRI3X8+HFNnTpVU6dO1dGjRzV58uQkbZYuXarevXtr6tSpioiI0NKlSyVJp06d0sCBA9W8eXN9/fXXat68uUaMGKGLFy8mGyc1936vxMRE9enTR7ly5dKyZcs0bNgwrVy5Ulu2bEnS9+3btzVz5kyVKVPmkfe/f/9+eXh4aM6cOapbt64mT56sGzduJBu7Zs2aSfbD/eWXX1S6dGn5+PjoyJEjGjhwoOrWrasvv/xStWvX1sCBA3Xq1Klk/URHR2vIkCEqU6aMFi1apAYNGmjXrl0Pve97Peq9cK8DBw5o9uzZevfddzVv3jxlz579vjWl17iHDx/W6NGj1apVK02aNElhYWGaNWuW5syZozNnzmjevHm2tgMGDFDx4sW1ZMkSvf3225owYYKOHDmSptoAAAAyAgEwAAAAAAAAksidO7eCg4OVN29ejR49Wg0aNNCMGTN0+/ZtSdKPP/4oV1dXdevWTf7+/qpXr54qVqyYJMy8a8WKFapTp47q1Kkjf39/de/eXdHR0Tp48KBCQ0N18OBBDR48WIULF9aLL76obt266cyZM7JYLAoJCdH777+vihUrqkCBAurXr5+ioqJkNpuTjBEREaFff/1VQ4YMUcmSJVWqVCkNHjxYmzdv1oULF2ztevfurXLlyqls2bKqVauW/vrrL0lS9uzZtXDhQjVs2FC+vr5q3ry5XFxcdOzYsWT3k5p7/7exY8eqR48eypUrl8qXL69y5crpzz//tJ03mUzq16+fihQpIjc3t0fef8mSJdWlSxcVKlRIHTt2VHx8vE6fPp1s3MDAQP3222+6efOmpDsBcM2aNSXdmUldpUoVvfnmm8qXL5/efvttVa5c2RbC32vr1q1ycXFR3759lS9fPtWoUUPVq1d/5H3f9bD3wr+tW7dOr776qpo3b648efKoffv28vX1TfFYqR33gw8+UOnSpZU9e3Z16NBB48aNU8GCBVWgQAHVqVPH9nuKiYnRpUuXVLlyZeXOnVsNGjTQ4MGD5ebmlqbaAAAAMgJ7AAMAAAAAACAZPz8/jRw5UpGRkdq0aZMWL16s48ePa+bMmTpx4oTOnj2r119/3dY+Pj5eWbJkSdbPiRMndOrUKW3atMl2LDY2VhcuXFBkZKQ8PT2VO3du27mgoCAFBQXp2rVrioqKUrFixWzn/P39tWDBgmRjhIaGys3NTYULF7YdK168uFxdXXXq1CmVKVNGkuTl5WU77+bmZgu0vby89Mcff2jq1Kk6c+aMEhISFBMTc9+Zqam593uZTCa5urpqxIgROnbsmGJiYhQXF6cGDRrY2hiNRtv+s5GRkY+8f09PT9vPLi4uMhqNtmWv71WsWDHlypVLO3bsUPny5XXs2DHbTOLQ0FDVr18/SfuyZcved1nrv//+W4ULF5azs7PtmMFgeOh93+th74V/O3v2rKpVq5bivtM6bokSJSQpyT1lz55dCxYs0O7duxUZGamEhATlypVLkuTu7q62bdtq8ODBeuWVV1SlShXVrFlT7u7u6VIrAABAeiAABgAAAAAAQBKHDx9W7ty55e3traxZs6p169YqUaKEunXrphMnTkiSSpcurUGDBiW57kEhWKtWrdSoUaMkx7y9vbVv374HBoj3BnKPcjf8vJfVapXVak02W/h+jh8/ruHDh2vYsGGqUqWKnJ2dk4Wi90rNvd9lNpvVu3dvNWzYUP/5z3/k6empIUOGPLB9au4/JQIDA/XLL78oNjZWJUqUsM2mdXZ2lpNT0o8ILRbLfcNvScle59R60Hvh3wwGw2OPlZZxJWncuHFKTEzUjBkz5Ovrq1WrViXZQ7lbt25q1KiRfvnlF61Zs0bz58/XnDlzknyRAQAAwJ5YAhoAAAAAAABJjBs3LtkSwDlz5pR0Zy/bgIAAnT59Wj4+PvL395e/v7+yZcumbNmyJesrICBAp06dsrW729bDw0MBAQGKjo7W+fPnbe3/+OMPLV26VF5eXsqaNastcJakq1evatq0aclC3fz58ysmJibJHrHHjx+X2WxWoUKFHnm/v/32m/LmzasaNWrI2dlZCQkJSkhIuG/b1Nz7vcLDw3X16lW1adPGNnM3Njb2ge1Tc/8pERgYqF27dunHH3+0Lf8sSQUKFNChQ4eStD148OB9X7e8efPq5MmTSV4bq9Vq+9nd3V2xsbGyWCy2Y/cGyQ97L9xvrOPHjz/wftzd3ZPMdn7Q7yu140p39la+uxy4JNtMcenOftHz589Xnjx51KZNG82fP1+ZM2fW5s2bHzg+AADAk0YADAAAAAAAgCTatWunlStXatmyZTpx4oQOHjyoCRMmKCAgQIULF1bt2rXl5OSkUaNGKSwsTIcPH1bnzp31448/JuvrzTff1M6dOxUcHKyzZ89q27ZtatmypS5fvqz8+fOrYsWKGjdunG0/4LFjxyouLk6S1Lp1ay1YsED79u3TqVOnNGHCBIWFhcnFxSXJGP7+/qpRo4bGjBmjo0eP6siRIxo/fryqVaumPHnyPPJ+/f39FR4ero0bN+rgwYMaNmzYA5eATs2938vX11fOzs768ssvdfToUc2fP1+7d+9+aJib0vtPiSJFiih79uzau3evXnvtNdvxtm3batu2bVq5cqUiIiK0bNky7dmzRy1btkzWR2BgoGJjYzVt2jSdOXNG27Zt0/bt223nCxQoIIPBoMWLFyssLExLlixJso/yw94L/9aoUSNt375dISEhOnfunBYvXqyLFy8muZ9Nmzbp8OHDOnDggObNm/fAe0/NuNKd98Pq1at1+PBhrV+/Xl999ZXt9+Th4aGvv/5aixYt0rlz57Rv3z5dunRJ+fLle8irDwAA8GSxBDQAAAAAAACSqFevnjJlyqRly5Zp4cKF8vDwUPny5TVw4EA5OTnJyclJU6ZM0fTp09WpUyd5eXmpYcOGql69erK+ihcvrtGjR2vBggX64osvlCdPHvXp00c+Pj6SpKFDh2rKlCnq0qWLMmXKpAYNGqhDhw6S7oST0dHRGj58uGJjY1WlShUNHjz4vjUPGjRI06dPV69evWQymfTaa6+pZ8+eKbrfqlWrqm3btpo5c6acnZ3VvHlzxcfH6+bNm8nauru7p/je75U1a1YNGzZMs2fP1rfffquqVavqzTff1NWrVx94TWruPyUCAwO1e/du2362klS4cGGNGTNGc+fO1ezZs5U/f35NmDBBxYsXT3a9h4eHxo4dq8mTJ2vz5s168cUXVapUKdv57Nmzq2/fvlq0aJFWrFihV1991bb/svTo98K9XnzxRXXv3l2LFi3SwoULVatWLeXIkcN2vkOHDoqIiFCvXr3k5+en1157TaGhofe974eNe789k4cMGaLx48erV69eKlGihDp16qR169bJbDbLx8dHEyZM0OzZs7V06VJ5e3urbdu2CgwMTNkvAQAA4AkwWO9dpwUAAAAAACAD3P34wWKxyGq1ymKxyGKxKDEx0fZ40H6cKRV+5rwK5PVLj3IBpNAnn3yixMREDRs2LMPHat68ud555x01bNgww8eCfaTH3/Hr16/LZDLZHkajUUajMcm+0g/aexwAgKdJVFRUmq9lCWgAAAAAAAAAAAAAcBAEwAAAAAAAAAAAAADgIFgCGgAAAAAAZDiWgAYAPApLQAMA8D8sAQ0AAAAAAAAAAAAAIAAGAAAAAAAAAAAAAEdBAAwAAAAAAAAAAAAADoIAGAAAAAAAAAAAAAAcBAEwAAAAAAAAAAAAADgIAmAAAAAAAAAAAAAAcBAEwAAAAAAAAAAAAADgIAiAAQAAAAAAAAAAAMBBEAADAAAAAAAAzwCLxZKu/SUmJqZrfwAAAHg6EAADAAAAAAAAGSgyMlLDhg1T7dq11bhxY82bN88Wvt66dUsTJkxQvXr1VLduXQ0fPlzR0dGSpF9//VW1atXSZ599pjp16mjPnj2SpJUrV6pBgwaqXbu2pk2bpk6dOmnNmjWP7C8mJkZVq1bVjBkz1KRJE82fP98OrwYAAAAyGgEwAAAAAAAAkIEGDx6sa9euafbs2Ro5cqQ2b96s5cuXS5ImTZqksLAwzZo1S3PmzNGZM2c0b94827W3b9/W7du3NXPmTJUpU0a//fabZsyYoXbt2mn27NlydXXV8ePHbe0f1Z8kHT58WKNHj1arVq2ezAsAAACAJ8rJ3gUAAAAAAAAAjio0NFQHDx7UypUrlTt3bklSt27dbLN5O3TooCxZsihbtmySpDp16mjDhg22600mk/r16yeTySRJWrt2rapWrao333xTklS4cGFt2bLF1v5R/UnSBx98oNKlS2fQHQMAAMDeCIABAAAAAACADHL69Gl5enrawl9JCgoKUlBQkCQpe/bsWrBggXbv3q3IyEglJCQoV65ctrZGo9EW/krS2bNnVb169SRj3Hv+Uf1JkrOzc7reIwAAAJ4uBMAAAAAAAABABnFycpLBYHjg+XHjxikxMVEzZsyQr6+vVq1apVWrVj2wvclkStf+AAAA4HjYAxgAAAAAAADIIAEBAYqOjtb58+dtx/744w8tXbpUkrR//341bNhQvr6+ku7s+fsw/v7+OnbsWJJjiYmJtp9T2x8AAAAcDwEwAAAAAAAAkEHy58+vihUraty4cbb9gMeOHau4uDhJdwLd1atX6/Dhw1q/fr2++uormc3mB/bXuHFj/fzzz1q5cqVCQ0M1e/ZsXbx40XY+tf0BAADA8RAAAwAAAAAAABlo6NCh8vLyUpcuXTR48GDVrFlTHTp0kCQNGTJEN2/eVK9evbRp0yZ16tRJmTJlemBoW6ZMGfXo0UOLFy9W7969ZbFY5Ovra1sWOrX9AQAAwPEYrFar1d5FAAAAAAAAx3b34weLxSKr1SqLxSKLxaLExETbw9vb+7HGCD9zXgXy+qVHucBTzWw2y8XFxfZz3bp1NXbsWL388st2rgx4POnxd/z69esymUy2h9FolNFolMFgkNF4Zz7Uw/bRBgDgaREVFZXma5kBDAAAAAAAADwjDhw4oG7duunQoUOKiIjQxIkTlTVrVpUtW9bepQEAAOAp4WTvAgAAAAAAAACkTNmyZVWlShUNHTpUN2/eVIkSJTR58mRlypTJ3qUBAADgKUEADAAAAAAAADwjTCaTOnbsqI4dO9q7FAAAADylWAIaAAAAAAAAAAAAABwEATAAAAAAAAAAAAAAOAgCYAAAAAAAAAAAAABwEATAAAAAAAAAAAAAAOAgCIABAAAAAAAAAAAAwEEQAAMAAAAAAAAAAACAgyAABgAAAAAAAAAAAAAHQQAMAAAAAAAAAAAAAA6CABgAAAAAAAAAAAAAHAQBMAAAAAAAAAAAAAA4CAJgAAAAAAAAAAAAAHAQBMAAAAAAAAAAAAAA4CCc7F0AAAAAAAAAHJPFYlHo2avauv+ktuw5oeMRl3X6/HXdvG22d2l4DnlmclGAn7eKB+RUYMXCCqpQWIXyZJPRyBwZAADgWAiAAQAAAAAAkO4Gzdqg2at3KiHBolhzgqySZJUMBntXhufVzdtmHTp5UYfCLmrVj3/KzcVJLs4mdWteRZ90rWvv8gAAANINX28DAAAAAABAutl39Ix8643Spyt+1c0Ys2LNCZIkgwh/YX8Gw533oiTFmhMUdStOU5dvl1/90Tpw/G+71gYAAJBeCIABAAAAAACQLj6cGKJX3pulK5G3FBefYO9ygBQxxyfq0vWbqvzuDPWYvMbe5QAAADw2loAGAAAAAADAYyvRepJCz1yVxWq1dylAmlisVs1dvUs/HQjTn8s+snc5AAAAacYMYAAAAAAAADyW4q0m6a+IK4S/eOZZrFYdCb+oEq0n27sUAACANCMABgAAAAAAQJp9OClEoWev2LsMIF2dOHNZPaawHDQAAHg2EQADAAAAAAAgTQ6HXdDCtXvExF84GqtVmheyW8dPX7J3KQAAAKlGAAwAAAAAAIA0Ceo+XwmJFnuXAWSIxESLAj+cb+8yAAAAUo0AGAAAAAAAAKn20fRvde1GjL3LADLUtRsx6j9jvb3LAAAASBUCYAAAAAAAAKSKxWLR/JBdSrSw9jMcmzkhUfNCdsvKOucAAOAZQgAMAAAAAACAVAk9e1WJBGJ4TiQkJCrs72v2LgMAACDFCIABAAAAAACQKj/tPylzfKK9ywCeiLj4RG3Ze8LeZQAAAKQYATAAAAAAAABSZcu+UHuXkC483V01tXdDRawbrBtbRunI1/00rU8j5fbJnKp+5g9qoQ5vlH9om/LF/RUeMkhurk6PU3K6eNbqfRr8uP+kvUsAAABIMf4HBwAAAAAAgFQ5duqSvUtIF18MbaUbN2NVvsOnunz9lvL6ZlXHhhVVrlgenbscla5jhZ69oolLflJsXEK69ptRnrV6M9oRB3nPAwCA5wMBMAAAAAAAAFLl1Pnr9i7hsXlkclG9V4opW63htuWsz1yM1MiFP2TIeDduxmrO6p0Z0ndGeNbqzWinzrEHMAAAeHawBDQAAAAAAABS5eZts71LeGwGg0FOJqM8M7k+tN21H0Yqi6dbkmOVS+XT9nldkxxzMhk14v3aOr12sK5sGqFNn72nMoX9bOfz+GRRWMhA2/N2dV7S7I+bql+7GgoPGaRG1Uret8b3GlXSwaUfKXLLKIWHDNKgDjWTtJk/qIU6NqyoBYNb6OLGYcqW2V2SVL9Kce1c1F1XN4/QqTWDNLRjkIxGg+06NxdnTevTSOe+G6qoraO1anx7+WbzvG+9Y7vV07BOryer76265bRwSEtJUhZPN80d2Fznvhuqy5uGa8O0TnqhUK6HvrbPEkd4zwMAgOcHATAAAAAAAACeOzdj4rRk4wH9PK+rmr32gjK5Oj9Wf+O61ZfValWJ1pOUs95ILf5uvzZ99p4C/LwfeE3LoDLKn9tbL7WfrnU/H0l2PquXm/L5eathvy+UNWiYqn8wRy0Cy6hFYOkk7cZ2raedf55WvsZjdS0qRo2rl9KnHzVW76nrlL32CL3y3ixVLJlPjauXsl0zpVcDnYi4rILNxtmuCx7W+r51zg/ZpXcbVEwSIEtSl6Yva+7qnXIyGbX5s/d1LSpGRVpMUM66o/T5t3u06dP3VNg/e2peRgAAAKQDAmAAAAAAAAA8l7qMX6WZ3+zQkHeDdOn74VozqYOCKhZOdT+ZXJ2UPYu7Ri78QTGx8bJYrFq66TfN/r8d6tu2+gOvuxljVq+p6xQZffu+569H3daweZt0+p8lt89cjNT0r3/W65WKJmn3w56/9Pm3exVnvrNf79iuddVxzErtPhwhSTp/JUqN+wcr5KdDtmtW/3RIs1ftVGxcgiKjb6vHlDV6tUx+ZfZIOttZurPk95Hwi3qjSgnbsRcK5ZKri0n7jp5Vs9deUHRMnAbP3qhbt82yWq36v61/avrXP2vQO4EpfBUBAACQXgiAAQAAAAAA8FyyWKyas3qnynf4VEVbTtS2A2Fa+clb6trslVT1U8g/u9ZuP5zs+Ppfj6pSybwPvG7fsbNKTLQ8tO9OjSrql/ndtGPhh9qx8EN9MbSVfLJ6JGlzN+iVJC93V+X1zaqffw9P0sZqtSZ5/su/zsfGJejspRtJloG+17yQXerctLLt+QfNXtbc1bskSZVK5dP3O48nu2bjzuOqXCrfQ+8PAAAA6Y8AGAAAAAAAAM+981eiNG35z2rUL1gD2r9mO26xWOVkSvoRmpurU5LnBoNBFkvSgFWSDDIo+dH/iY6Je2hNgRUKq0erqmrUL1hV3pulKu/NUuP+wTIkXYk5WT+Gfze4j7j4hGTHEhItyZZ5vmv9r0dVqqCv8uXKKo9MLmrwagkt3/z7PWMmv8ag5MEzAAAAMh4BMAAAAAAAAJ5Lnu6uyY6duxKVJEC9cC1aRfP5JGlTrWyBJM9Pnr2qpq+9kKyvhtVKJpmdm1rliuXR9zuP61pUjO1YwdwP31M3OiZOpy9cV41yBZMcT0ko/DAWi1VffLtX7zWurHZ1XlLItsO6HRcv6c4M5HpViie7pn6V4tp1KO33DwAAgLQhAAYAAAAAAMBzp1RBX+35vIdaBpWRu5uzJCnAz1sz+jXR4g37be2+2XJQE7u/oQA/bxmNBtV9pZg6NaqUpK+Y2HiduxylUV3qyNPdVU4mo9rXL68Pmr2sqcu2p7nGP0+e1+sViyiT6536/HNmUf+3azzyukGzNmrRkJZ6tUx+SVJun8xaO+md+4bUqbFg7R61r1dO3Vu+qnkhu2zHQ346JDcXJ03oXl+ZPdxkMhnVplZZ9WpTTeMX//hYYwIAACD1nB7dBAAAAAAAAPgfz0wuunnbbO8yHsvhsIvqMn6V+rxZTbP6N5Wrs0kXrt1U8Pq9mrDkJ1u7scFbldnDTXs+7yFXFydt3ReqLuNX6T8dg5L0N3DWBhXPn1NHv+4nT3cX7T1yVrV7LFDEhcg017hp1196qWge7f68h65H39bVG7c0bN5mNape8qHXffvLESUkJmpKrwYqnj+nbtyM1aJ1e+67T3FqXLgarcNhFxXg561jpy7ZjickWlS31yJN6F5ff33zsZydjNp9+Ixq91ygk2evPtaYTwuv+8wWBwAAeFoZrGzEAQAAAAAAMtjdjx8sFousVqssFossFosSExNtD29v78caI/zMeRXI65ce5eIRyrabqkNhF+1dBvDElC3ipwOLe9u7DIeXHn/Hr1+/LpPJZHsYjUYZjUYZDAYZjXcWxHzcJdEBAHgSoqKi0nwtS0ADAAAAAAAgVUoU8LV3CcATVaog73kAAPDsIAAGAAAAAABAqrxWrpC9SwCeqNde4j0PAACeHQTAAAAAAAAASJWgioXl6uJk7zKAJ8LV2aSaFQiAAQDAs4MAGAAAAAAAAKlSKE82OZv4WAnPB1cXJ+X3e7w9ygEAAJ4k/qcOAAAAAACAVDEajerUqJJMRoO9SwEylNFoUOcmlWU08jEqAAB4dvA/FwAAAAAAAKTa1N4NlS2zu73LADKUT1YPTej+hr3LAAAASBUCYAAAAAAAAKTJps/ek8HALGA4JqPBoB9mvG/vMgAAAFKNABgAAAAAAABpUrZIbr3XqKLIgOFoDAapS9PKKlUwl71LAQAASDUCYAAAAAAAAKTZ3IHNVTwgp73LANJVqYK5NLN/U3uXAQAAkCYEwAAAAAAAAHgsh5b3VYn8OWVkKjCecUaDQS8UyqU/vupj71IAAADSjAAYAAAAAAAAj+3Q8r7q2vwVQmA8s4wGgz5sWYXwFwAAPPMIgAEAAAAAAJAuPuvbWDsXfahsmd3vHLBa7VsQkELZs7hr9xc9NL1PI3uXAgAA8NgIgAEAAAAAAJBuKpTIq8ubhqtb81fk5uosk8kgWe9kwcTBsDer/vlegtUqk9EodzcXfdiiii59P1zliuWxd3kAAADpwmC18lVMAAAAAACQse5+/GCxWGS1WmWxWGSxWJSYmGh7eHt7P9YY4WfOq0Bev/QoF+nEarUq7O9rWv/rMe04GK5jpy/r1LlrunnbbO/S8BzyzOSi/LmzqXiAj6q/VFD1Ximu/H5ZZTQyR+ZpkR5/x69fvy6TyWR7GI1GGY1GGQwG2+/awFL1AIBnQFRUVJqvJQAGAAAAAAAZjgAYAPAoBMAAAPzP4wTAfL0NAAAAAAA4BJPRqITERHuXAQBIg4TERJmYjQ0AQLrgX1QAAAAAAOAQXFycZTbH27sMAEAamM3xcnFxtncZAAA4BAJgAAAAAADgEFycnWSOT7B3GQCANDDHJ8jF2cneZQAA4BAIgAEAAAAAgENgBjAAPLvizPFyZQYwAADpggAYAAAAAAA4BFdnZ8XFEwADwLOIJaABAEg/BMAAAAAAAMAhODmZZLVYZbFY7V0KACAVLBaLLFaLnEwme5cCAIBDIAAGAAAAAAAOwWAwyMvTXTeib9q7FABAKkRG3VQWL08ZDAZ7lwIAgEMgAAYAAAAAAA7DO4uXYm7HKo69gAHgmRBnjtft2Dhlzexp71IAAHAYBMAAAAAAAMCh5MzhrUtXrtu7DABACly8ck2+ObLZuwwAABwKATAAAAAAAHAozk5OyuzprquRUfYuBQDwEFev31AWL085ObH3LwAA6YkAGAAAAAAAOJwsmT1lNscr6uYte5cCALiPqJu3FJ+QoCxeHvYuBQAAh0MADAAAAAAAHJJfzuy6FRPLTGAAeMpcvX5DMbdjlcsnu71LAQDAIREAAwAAAAAAh+WXM7ucjEadOXdJceZ4e5cDAM+1OHO8Is5dlJOTE+EvAAAZyMneBQAAAAAAAGSkLJk95e7upktXritTJjdl9fKQ0ch34gHgSbFYLIqMuqnbsXHKnTMHe/4CAJDBCIABAAAAAIDDc3ZyUp5cPoq8Ea0z5y7JaDTKxcVZri7OcnF2kouLs5xMBBIA8LgSEhNlNsfLHJ+gOHO8zOZ4WWVVZk8P5cnlY+/yAAB4LhAAAwAAAACA50bWLF7KktnTFlDEmeMVdTNGZnO8Ei0We5cHAM880z9fsHFxdpKnu5tcsnrJyWSSwWCwd2kAADw3CIABAAAAAMBzxWAwyNnJSc5OTvJwz2TvcgAAAAAgXbHhDQAAAAAAAAAAAAA4CAJgAAAAAAAAAAAAAHAQBMAAAAAAAAAAAAAA4CAIgAEAAAAAAAAAAADAQRAAAwAAAAAAAAAAAICDIAAGAAAAAAAAAAAAAAdBAAwAAAAAAAAAAAAADoIAGAAAAAAAAAAAAAAcBAEwAAAAAAAAAAAAADgIAmAAAAAAAAAAAAAAcBAEwAAAAAAAAAAAAADgIAiAAQAAAAAAAAAAAMBBEAADAIOsTeIAABmjSURBVAAAAAAAAAAAgIMgAAYAAAAAAAAAAAAAB0EADAAAAAAAAAAAAAAOggAYAAAAAAAAAAAAABwEATAAAAAAAAAAAAAAOAgCYAAAAAAAAAAAAABwEATAAAAAAAAAAAAAAOAgCIABAAAAAAAAAAAAwEEQAAMAAAAAAAAAAACAgyAABgAAAAAAAAAAAAAHQQAMAAAAAAAAAAAAAA6CABgAAAAAAAAAAAAAHAQBMAAAAAAAAAAAAAA4CAJgAAAAAAAAAAAAAHAQBMAAAAAAAAAAAAAA4CAIgAEAAAAAAP5hNps1Y8YMNW7cWPXr19eoUaMUFRWV4ePGxMSoatWqOnz48H3Pnz59Wk2aNNGVK1cyvBYAAAAAzzYCYAAAAAAAgH/MmTNHO3fu1OjRozV9+nSdPXtW06ZNs3dZ8vHxUZs2bZQlSxZ7lwIAAADgKUcADAAAAAAA8I8ffvhB7777rsqUKaOiRYuqffv2+vXXXx+738TExMe63t3dXW3atJGzs/Nj1wIAAADAsREAAwAAAAAA/GP58uUKDAy0PXdycpLZbL5vgGu1WrV06VI1b95cQUFB6tatm06ePGk736lTJ40ZM0bt27dXt27dJEnHjh1T165dFRgYqLZt2+q///1vkj4PHjyo9u3bKygoSH369FFkZKQk6cSJE6pataoiIyO1ceNGNWzYUBaLxXbdkCFDNHHiRElSRESE+vTpo6CgIDVp0kRLly5NMsaWLVvUtm1bBQUFqXPnzg9cdhoAAADAs4kAGAAAAAAA4B9eXl4ymUySpMjISC1dulR169a1HbvXunXrtGzZMg0ZMkRLly5Vnjx5NHTo0CRtdu/erc6dO2vYsGGKjIxUnz59VKxYMQUHB6tDhw765JNP9Oeff9rar1mzRr1799bUqVMVERGRLLyVpOrVq+vmzZs6dOiQJCk+Pl579+5VzZo1devWLfXs2VPZsmXTwoUL1bt3by1ZskTffvutpDvh8KhRo/TOO+9oyZIlKl68uPr37y+z2ZxuryEAAAAA+3KydwEAAAAAAABPkxs3bqh58+aKjY1Vvnz5NG7cuPu2e/nll1W+fHn5+/tLklq2bKmNGzcqOjpaXl5ekqRmzZqpatWqkqSVK1fKw8NDPXv2lNFoVL58+XTy5EmdOHFChQoVkiT16dNH5cqVkyTVqlVLR48eTTauh4eHKlWqpF9++UVlypTR/v375eTkpHLlymn9+vVKTEzUgAED5OLiogIFCuj8+fNasmSJGjZsqLNnz8pgMKhKlSry9PRU165dFRAQoLi4OLm4uKT7awkAAADgyWMGMAAAAAAAwD28vLwUHBysWbNmydvbWyNGjLhvu5w5c2r79u16++23VbduXXXv3l2SksymdXL633fvIyIiVKRIERmN//s4plu3bmrWrFmSse9yc3PT7du37zt2YGCgtm/fLkn65ZdfVL16dZlMJoWGhqp48eJJwtyyZcvq3Llzio2NVYUKFVS6dGm1adNGEydO1G+//aamTZsmGRcAAADAs40AGAAAAAAA4B5Go1H+/v4qW7asPv74Y+3atUvnzp1L1u6bb75RSEiIhg4dqg0bNmju3LkP7dfJyUkGgyFdaqxWrZouXbqk8PBw/frrr6pZs6YkydnZOdly1Xf3Co6Pj5eLi4tmzJih8ePHK2vWrJoyZYq6d++uhISEdKkLAAAAgP0RAAMAAAAAAOjOzN02bdro8OHDtmN3Z+s6Ozsna79//35Vq1ZNRYsWldFofOBs3bsCAgIUGhpqC2Qlaf369dq2bVuqa3V3d1elSpW0cOFCxcbGqnz58pKkggUL6tixY0kC3YMHDypnzpzy8vLSjh07tH79er3wwgvq3LmzFi5cqIMHD+rIkSOprgEAAADA04kAGAAAAAAAQJKLi4v8/Pw0c+ZM/fXXXwoPD9esWbNUqlQp+fj4JGvv7++vbdu2ae/evdq5c6fGjx8v6c5M2/upXbu2bt26pZkzZyoiIkJbtmzRtGnT0rz8cmBgoLZt26Zq1arZlpquVauWDAaDJk6cqFOnTmn79u1asmSJ2rRpY6tt6tSp2rp1qy5cuKCtW7fKZDIpd+7caaoBAAAAwNPH6dFNAAAAAAAAng/Dhw/XjBkz1KdPH1ksFlWoUEFjxoy5b9t33nlHFy5c0ODBg+Xr66u33npLixcv1tWrV5UrV65k7T08PDRp0iRNnz5dq1evlq+vrwYMGKBy5copJiYm1bVWrVpVLi4utuWfJcnV1VVTp07V1KlT9e6778rb21vt27dXq1atJEk1atTQBx98oNmzZ+vq1avy9/fXmDFjlCNHjlSPDwAAAODpZLBarVZ7FwEAAAAAABzb3Y8fLBaLrFarLBaLLBaLEhMTbQ9vb287VwkAeNZdv35dJpPJ9jAajTIajTIYDLZl/dNrP3YAADJSVFRUmq9lCWgAAAAAAAAAAAAAcBAEwAAAAAAAAAAAAADgIAiAAQAAAAAAAAAAAMBBEAADAAAAAAAAAAAAgIMgAAYAAAAAAAAAAAAAB0EADAAAAAAAAAAAAAAOggAYAAAAAAAAAAAAABwEATAAAAAAAAAAAAAAOAgCYAAAAAAAAAAAAABwEATAAAAAAAAAAAAAAOAgCIABAAAAAAAAAAAAwEEQAAMAAAAAAAAAAACAgyAABgAAAAAAAAAAAAAHQQAMAAAAAAAAAAAAAA6CABgAAAAAAAAAAAAAHAQBMAAAAAAAAAAAAAA4CAJgAAAAAAAAAAAAAHAQBMAAAAAAAAAAAAAA4CAIgAEAAAAAAAAAAADAQRAAAwAAAAAAAAAAAICDIAAGAAAAAAAAAAAAAAdBAAwAAAAAAAAAAAAADoIAGAAAAAAAAAAAAAAcBAEwAAAAAAAAAAAAADgIAmAAAAAAAAAAAAAAcBAEwAAAAAAAAAAAAADgIJzsXQAAAAAAAAAAIH0MGDDAbmOHh4dr5cqVdhsfAADcwQxgAAAAAACAp8DiJUtVsGjJBz62bf/Z3iUmMWDQfzRu4uQ0tS1YtKQ2//DfjCrtsYWePKkRoz9Rtx69HtquU+cP9MWXi59QVcDTLTw8XPv27bN3GQAAQMwABgAAAAAAeCo0adxQr1Z5RZJ09Nhx9ezTV6tWLldmLy9Jkp9frjT3ffnyFVV+tbo2rl+rYkWLpEu99evVUaZMmdK9rT3duhWj9z/opt179ipr1iwqUbz4Q9s3a9JYBQsUeELVAakzaNCgJzpeuXLlnuh4AADgwQiAAQAAAAAA/mGxWHT58hVZrJYUX+Pp4SGvf0Lax5E5c2ZlzpxZkhQVHS1JCgjIp2ze3o/dd0aoUb1ahrS1p4SEeL1YtowmjB2jZV+v0J+HDj+0/Rv16z2hyoD0dfHiRQUHB+utt95Snjx5Htn+/PnzWrZsmdq3by8fH58nUCEAAHgcBMAAAAAAAACSjhw9qo7vf6BLly6n+tq3272pkcOHZkBVSZ2OiNDQ4SO1/8Dvyp3bTx/17ql6dWpLkq5fj9SwkaO1ffvPcnVzU+OGb2hA/75a/NUyjRk7XpJUr0FjvdfxHQ0e+HGSfm/dilHplypo0ID++nrFSv399zlVqlRBkyeM15Rpn2r9ho3KnNlLvbp/qDatW0qSOnftLr9cvho5fKjGjp+o0xFn5JfLV6tD1srdw119+/RSy+bNkrX9t7HjJ+pkWJiyZsmq7zf/IA8PD33cr49y+/lp6PCRunDxksqXe0lTJo6Xj08OSdLWH7dpyvRPdTL0pPL451G/j3rbXgdJ+jx4sebMna+4uDg1a9pYB377Xa1btVC7N9tIkhZ98aUWfv6FYmPjVKNaVY0Y9h9lzZpFWbJk0cf9Pkrx76NNu/aqWKG8+vbppbHjJ+r4Xyfk5empn3/dIXf3TOr/UR81a9rY1v7nX37V2PETdebs3ypVsoRGjRhmm5G9Y+cuDR0xSn+f/Vsvv1xZOXJkV1ycWTOmT0lxPUBKrV69WuPHj9eKFSv03Xffyc/P74FtL1y4oAYNGigsLEzu7u7q2rXrE6wUAACkBXsAAwAAAAAASJo1e16awl9JWrJ0uU6EhqZzRUnFxMTorfYdVaJECX23brU+eP899f6ov23cUWPG6vLly1r9zdf6bNpkrf32O30e/KXebvemftqySZIU8n8r1K9vnweOsWXrj5o6aYIWzp+j43+dUK26byhXLl+tWrFMrVu20NARo3Th4sX7XvvfLVvl4eGhlV8vVbMmjTV02Ehdvx6Zonvb/vOvKl/+Ja1auVz169bWkKEjNGbcBI0dM0pfLJyns2f/1mczZ0u6sz9v564fqn27ttr63+/V4e231Puj/jp3/rwkafeevfpk3AR1fr+TVi7/Sq5ubjp0+IhtrMVfLVPw4iWaPmWSVixboouXLmnYyFEpqvNR9uzdpxbNm2rH9h/1wfvvqf/AwTp1+rQk6ejRY/rgw57q/H4nrV+7SqVKltR7nbvKHB+v6Ohodf2wp8q99KL+b+VyNXijnr7b8H261ATcT4sWLVSoUCGFh4eradOmunLlyn3bXb16VU2bNlVYWJgKFCigFi1aPOFKAQBAWhAAAwAAAAAASLp67drjXX/18a5/lA3fb5Krm6sGfdxP+QMC1LxZE1V99RV9u36DJCksPFwvvVhWhQoV1MuVK+nTqZNUvFgxOTs7K5Pbnf133dzc5OLs/MAx+vbppbJly6jqq1XUqMEbyuGTQ3169VDx4sXUs3s3GY1GHTt2/L7XlilTWv379lHxYkXVq8eHMsfHK/TkyRTdW+VKFdW2TWsVL1ZU/fr2UXx8vLp2fl+VK1VUpYoV1KxpYx06fGc5Zp8cObR29Tdq3aqFcvv5qf1bbeXq4qI//7xzftnXK/R6UKDe7/SuihcvpkEf91Oe3LltYy1Y9Lk+7vuRKleqqKJFCmvQgP7asHGT4uPjU1Trw1SqWEGv1aguDw93dWj/lkq/UEqrQ9ZKkhYFf6kmjRuqaeNGyh8QoCGDPtaNGze0b99+rf9uo1xcXPTJ6JF6oVRJtWjWVG/Ur/vY9QAP4uPjozVr1ihv3rw6fvy4mjZtqsjIpF/YuHHjhpo1a6Zjx47J399fa9euZflnAACeESwBDQAAAAAA8C81qlfTpPGf6Lff/9CHPfsoISHB3iXpyJFjOnXqtEqVLW87ZjablTVrVklS1y6d1ffjgfrt9z8UWLOGGjZ4Q365ct23r/bvdtKePfskSW1at1T/vneWPXZy+t9HRR4eHkn2HzYajXJzdVXM7dv37TPzPfsgu7q6ymg0KiYmJkX3ZjKZbD97enhIkrzvGdvd3V0xMXfGzZIli/btP6DhI0cr/NQpJcQn6OatWzKbzZKk06cjVOv1oPv2HxUVpb//PqePBw3RwCF3lqO2Wq2yWCy6cOGi8ub1T1G9KVWieDFFRJyRJB05ekwnT4Zpzdpvbedv376tv8+d06mICJUoUSxJOO9kclKczOlaD3Avf39/rVu3TvXr19ehQ4fUokULhYSEyMvLS9HR0WrRooUOHjwoPz8/rVu3Tnnz5rV3yQAAIIUIgAEAAAAAAP7l7XZtlSNHDtV6PUilSpXUH38ctHdJkqQK5ctp/NjRSY7dDUzr1qmllytX0n+3btUP/92qaZ/O1KdTJ6l2rdeT9TNx/FjFxsZKkrzuCW6fBYcOH1GP3n01ddIEBQa+JhdnZ5Wr9IrtvNFoktH48EXvpk6eoBLFiyU5liuXb7rXao6Pl1VW2/N3OrytN//ZQ/mu7Nmza87c+TIYWKgPT17+/Pm1Zs0aNWjQQPv371ebNm20ePFitW/fXvv27ZOPj49CQkJUoEABe5cKAABSgf9ZAgAAAAAA/MvqNWt161aM9u0/8MAlj5+0woULKjT0pHL5+ip/QIDyBwTIJ4ePcuTIIbPZrAmTpujWrVtq0ayp5s2eoRbNmmrxV8skSQZD0r7u7SN7tmx2uJu027V7jwoUyK+6dWrJxdlZ8fHxSZZvLpA/QH8eOpTkmrszuDNnzqwcOXLo7Nm/bfefPyBAOXLkkPNDlsZOKavVkuT5oUNHFJAvnySpcKGCOnnyZLJxvTw9lT9/gI4eO57kPuITHn9JaiAlihYtqpCQEHl7e2vHjh166aWXtGPHDnl7eyskJETFihV7dCcAAOCpQgAMAAAAAADwLxs2fq/SL1VQqzffUlxcXJJzvr451apF83QJDFOjccOGcnJ20kf9B+j4Xyf0+x9/qGmL1trw/Sa5uLjop23bNWLUGIWePKkjR4/q9z/+UMF/Zu1lzpxZBoNBW3/8SecvXHiidae3AvkD9NdfJ7Q6ZK327T+gHr376tatGNsS0G1at9TmH7bo8+DFOnbsuMZNnKxz58/bru/8XkfNnDVH367foDNnzmrm7Llq2bqtrFbrg4a0OXkyTAs/D37g+V279+qbVat1OiJCU6Z9qpNhYWrRvKkk6b2O7+rHn7Zrxqw5OnX6tL7f9INqBNbShYsXVb9eXZnNZg0dPkqHjxzV/60O0Xcbvn/MVwpIuVKlSmn58uUyGAyKjo6WwWDQ8uXLVapUKXuXBgAA0oAAGAAAAAAAIIV8fHJo2eJgjR87Wls2bVDTJo1k+Pf02gzi4eGu4EULdP16pBo3baHOXXuobp1aqvPPEs/z5sxUQmKiGjVtqXbtO6po0SLq36+PJMnFxUVd3u+kmbPn6svFS59IvRklKLCmurzfSZ+Mn6AevT9SmdIvqOZr1RV9M1qSVLFCef1n8ADNnjNPb7/TSVaLRbn9/GT8Z4nlju+0V6eO72jMuPGqVfcNbdv+s6ZMGp+i3+PBQ4e0ZOkyWSyW+54v/UIp7dq1R42btdL/rQ7RlEnjle+ffVPLlH5BMz+bpnXrv1Pteg01aeo0jRj6H+Xy9ZWnh4fmzvpMe/fvV5t2b2vzD1tU7dUqMhqfzHsLSExM1Jw5c2xfhLBarZozZ44SExPtXBkAAEgLgzUlX28EAAAAAAB4DHc/frBYLLJarbJYLLJYLEpMTLQ9vL297Vpjm3bttWfvPklSbj8/VapYQWvWfWs7nz1bNi1f+qUKFyqU5Lq/ToSq43tdNHniOL1cudITrRn3Zzab5eLiIkmKi4vTixVe1txZn6lG9WrpOk6bdu1VqWIFfdS7p8aOn6jjf53Ql58vSFNf99YsSW++1UEvli2jAf37ple5eE4MGDBAkjRo0KAUtbdYLOrWrZtWrFghNzc39evXT5MnT1ZsbKxat26tOXPmpOgLEuXKlZMkhYWFpb34dHD9+nWZTCbbw2g0ymg0ymAw2PYHf1Jf3AEA4HFERUWl+VpmAAMAAAAAANyjYMEC+mbFUk2dPEFLghcpl6+vvL2zaumS4GThryQVLVJYfn657FAp7mfX7j1q2aadDvz2u8LCwjV46HBl8/ZWxQrl022M2NhY/fb7HwoLPyVf35yP3V/0zZuqU7+Rvt/0g86cOasvvlysffsPqMEb9dOhWuDh+vbtqxUrVsjZ2VnBwcHq27evgoOD5ezsrBUrVqhvX76EAADAs8bJ3gUAAAAAAAA8LUqVLKHgzxcoe7ZskqRXq7yiTRvW6fLlKypYsICdq0NKVKxQXoE1X1P3nn0UFR2tMqVf0OcL58nd3T3dxjhz9qzatX9XpV8opUYN3njs/rw8PdXvo176dMZMhZ86rQL5AzTrs2kqVbJEOlQLPNiQIUMUHBwsk8mkBQsWqE6dOpKkOnXqaMGCBerUqZO++OILZcqUSZ988omdqwUAAClFAAwAAAAAAPCPAf372cLfu7y8vOTl5WWnipBaJtP/t3f/rG1dYRyA33vUxVY8qIHmCzhDMvozeEkyaCm1N2NDqbAJ2UqpVuNJonSwdn8GfYBChy6GDh26GYSHdEhBIEiNDTq3g2uDQxz/z7VvnwfOoHvPufrN98crNeLN641483rjzr7j6fx8/PnH72eu/fjD9zd65quXL+LVyxc3egZcxebmZgwGgyiKIra3t6Pdbp+532634+DgINbX12MwGMTs7Gx0u92K0gIAV+EnoAEAAADi+D9+9/b2rnzu/ft/4u3bv+Lx4y8v3gxwDwyHw+j3+xER0e/3Y2lp6aP7lpeXo9frRUREr9eL4XD40X0AwP1iAhgAAAAgIjbWv4u1bzvR/+nnKIri0ucODw9j6Zuv4+n8/B2mA7g9MzMzMTc3F91uN1ZXVz+5d21tLY6OjmJrayuazeZnSggA3IQCGAAAACAinj97Fr/9+ku8e/d35DJf+tyjZtNPRAMPyuLiYuzv7196f6fTiU6nc4eJAIDbpAAGAAAA+E9KKZ48+arqGAAAANemAAYAAAAAqJHRaBQLCwtVxwAAKpKqDgAAAAAAwO0YjUaxu7tbdQwAoEJFWZZl1SEAAACAejt5/ZBzjrIsI+ccOeeYTqenq9VqVZwSgIduPB5Ho9E4XSmlSClFURSR0vE8VFEUFacEgItNJpNrnzUBDAAAAAAAAFATCmAAAAAAAACAmlAAAwAAAAAAANTEF1UHAAAAAAAAAOB8Kysr597b2dk589kEMAAAAAAAAMA99mHJ+6nrCmAAAAAAAACAe+7Dsve8UlgBDAAAAAAAAPAAnJS+55W/ERFFWZbl5woEAAAA/D+dvH7IOUdZlpFzjpxzTKfT09VqtSpOCcBDNx6Po9FonK6UUqSUoiiKSOl4HqooiopTAsDFJpPJtc+aAAYAAAAAAACoCQUwAAAAAAAAQE0ogAEAAAAAAABqQgEMAAAAAAAAUBMKYAAAAAAAAICa+BcqC5IL2rBC4AAAAABJRU5ErkJggg==' height='250' width='300'/> ]]>
  </system-out>
</testsuite> <!-- com.tribu.qaselenium.tests.mazaprendo.MAUploadEvidenceTests -->
