<?xml version="1.0" encoding="UTF-8"?>
<!-- Generated by org.testng.reporters.JUnitReportReporter -->
<testsuite hostname="station" failures="1" tests="1" name="com.tribu.qaselenium.tests.b22.B22InitialLoadInitiativesTests" time="477.538" errors="0" timestamp="2022-07-05T15:47:06 COT" skipped="0">
  <testcase classname="com.tribu.qaselenium.tests.b22.B22InitialLoadInitiativesTests" name="initialLoadInitiatives" time="477.538">
    <failure message="
	Amount value is diferent: CAC VIC file: 12.45 table: 12 expected [true] but found [false],
	Amount value is diferent: CAC VLC file: 14.01 table: 14 expected [true] but found [false],
	Amount value is diferent: CAC S&amp;M file: 12.82 table: 13 expected [true] but found [false],
	Amount value is diferent: CAC People file: 2.86 table: 3 expected [true] but found [false],
	Amount value is diferent: CAC Non People file: 1.93 table: 2 expected [true] but found [false],
	Amount value is diferent: CO VIC file: 23.68 table: 24 expected [true] but found [false],
	Amount value is diferent: CO VLC file: 18.72 table: 19 expected [true] but found [false],
	Amount value is diferent: CO S&amp;M file: 7.53 table: 8 expected [true] but found [false],
	Amount value is diferent: CO People file: 2.76 table: 3 expected [true] but found [false],
	Amount value is diferent: CO Non People file: 2.21 table: 2 expected [true] but found [false],
	Amount value is diferent: CO Others file: 20.83 table: 21 expected [true] but found [false],
	Amount value is diferent: EC VIC file: 1.42 table: 1 expected [true] but found [false],
	Amount value is diferent: EC VLC file: 12.5 table: 12 expected [true] but found [false],
	Amount value is diferent: EC S&amp;M file: 5.04 table: 5 expected [true] but found [false],
	Amount value is diferent: EC People file: 895.45 table: 895 expected [true] but found [false],
	Amount value is diferent: EC Non People file: 770.72 table: 771 expected [true] but found [false],
	Amount value is diferent: EC Others file: 2.63 table: 3 expected [true] but found [false],
	Amount value is diferent: H&amp;S VIC file: 14.16 table: 14 expected [true] but found [false],
	Amount value is diferent: H&amp;S VLC file: 10.19 table: 10 expected [true] but found [false],
	Amount value is diferent: H&amp;S S&amp;M file: 5.22 table: 5 expected [true] but found [false],
	Amount value is diferent: H&amp;S People file: 4.78 table: 5 expected [true] but found [false],
	Amount value is diferent: H&amp;S Non People file: 1.67 table: 2 expected [true] but found [false],
	Amount value is diferent: H&amp;S Others file: 2.7 table: 3 expected [true] but found [false],
	Amount value is diferent: MX VIC file: 100.96 table: 101 expected [true] but found [false],
	Amount value is diferent: MX VLC file: 51.55 table: 52 expected [true] but found [false],
	Amount value is diferent: MX S&amp;M file: 21.41 table: 21 expected [true] but found [false],
	Amount value is diferent: MX People file: 16.8 table: 17 expected [true] but found [false],
	Amount value is diferent: MX Non People file: 10.11 table: 10 expected [true] but found [false],
	Amount value is diferent: PE VIC file: 8.82 table: 9 expected [true] but found [false],
	Amount value is diferent: PE VLC file: 15.28 table: 15 expected [true] but found [false],
	Amount value is diferent: PE S&amp;M file: 6.62 table: 7 expected [true] but found [false],
	Amount value is diferent: PE People file: 5.06 table: 5 expected [true] but found [false],
	Amount value is diferent: PE Non People file: 3.16 table: 3 expected [true] but found [false],
	Amount value is diferent: ZHQ People file: 20.12 table: 20 expected [true] but found [false],
	Amount value is diferent: ZHQ Non People file: 3.25 table: 3 expected [true] but found [false]" type="java.lang.AssertionError">
      <![CDATA[java.lang.AssertionError: 
Amount value is diferent: CAC VIC file: 12.45 table: 12 expected [true] but found [false],
Amount value is diferent: CAC VLC file: 14.01 table: 14 expected [true] but found [false],
Amount value is diferent: CAC S&M file: 12.82 table: 13 expected [true] but found [false],
Amount value is diferent: CAC People file: 2.86 table: 3 expected [true] but found [false],
Amount value is diferent: CAC Non People file: 1.93 table: 2 expected [true] but found [false],
Amount value is diferent: CO VIC file: 23.68 table: 24 expected [true] but found [false],
Amount value is diferent: CO VLC file: 18.72 table: 19 expected [true] but found [false],
Amount value is diferent: CO S&M file: 7.53 table: 8 expected [true] but found [false],
Amount value is diferent: CO People file: 2.76 table: 3 expected [true] but found [false],
Amount value is diferent: CO Non People file: 2.21 table: 2 expected [true] but found [false],
Amount value is diferent: CO Others file: 20.83 table: 21 expected [true] but found [false],
Amount value is diferent: EC VIC file: 1.42 table: 1 expected [true] but found [false],
Amount value is diferent: EC VLC file: 12.5 table: 12 expected [true] but found [false],
Amount value is diferent: EC S&M file: 5.04 table: 5 expected [true] but found [false],
Amount value is diferent: EC People file: 895.45 table: 895 expected [true] but found [false],
Amount value is diferent: EC Non People file: 770.72 table: 771 expected [true] but found [false],
Amount value is diferent: EC Others file: 2.63 table: 3 expected [true] but found [false],
Amount value is diferent: H&S VIC file: 14.16 table: 14 expected [true] but found [false],
Amount value is diferent: H&S VLC file: 10.19 table: 10 expected [true] but found [false],
Amount value is diferent: H&S S&M file: 5.22 table: 5 expected [true] but found [false],
Amount value is diferent: H&S People file: 4.78 table: 5 expected [true] but found [false],
Amount value is diferent: H&S Non People file: 1.67 table: 2 expected [true] but found [false],
Amount value is diferent: H&S Others file: 2.7 table: 3 expected [true] but found [false],
Amount value is diferent: MX VIC file: 100.96 table: 101 expected [true] but found [false],
Amount value is diferent: MX VLC file: 51.55 table: 52 expected [true] but found [false],
Amount value is diferent: MX S&M file: 21.41 table: 21 expected [true] but found [false],
Amount value is diferent: MX People file: 16.8 table: 17 expected [true] but found [false],
Amount value is diferent: MX Non People file: 10.11 table: 10 expected [true] but found [false],
Amount value is diferent: PE VIC file: 8.82 table: 9 expected [true] but found [false],
Amount value is diferent: PE VLC file: 15.28 table: 15 expected [true] but found [false],
Amount value is diferent: PE S&M file: 6.62 table: 7 expected [true] but found [false],
Amount value is diferent: PE People file: 5.06 table: 5 expected [true] but found [false],
Amount value is diferent: PE Non People file: 3.16 table: 3 expected [true] but found [false],
Amount value is diferent: ZHQ People file: 20.12 table: 20 expected [true] but found [false],
Amount value is diferent: ZHQ Non People file: 3.25 table: 3 expected [true] but found [false]
at org.testng.asserts.SoftAssert.assertAll(SoftAssert.java:47)
at com.tribu.qaselenium.testframework.pagebase.BasePO.assertAll(BasePO.java:367)
at com.tribu.qaselenium.tests.b22.B22InitialLoadInitiativesTests.initialLoadInitiatives(B22InitialLoadInitiativesTests.java:52)
at java.base/jdk.internal.reflect.NativeMethodAccessorImpl.invoke0(Native Method)
at java.base/jdk.internal.reflect.NativeMethodAccessorImpl.invoke(NativeMethodAccessorImpl.java:62)
at java.base/jdk.internal.reflect.DelegatingMethodAccessorImpl.invoke(DelegatingMethodAccessorImpl.java:43)
at java.base/java.lang.reflect.Method.invoke(Method.java:566)
at org.testng.internal.MethodInvocationHelper.invokeMethod(MethodInvocationHelper.java:133)
at org.testng.internal.TestInvoker.invokeMethod(TestInvoker.java:598)
at org.testng.internal.TestInvoker.invokeTestMethod(TestInvoker.java:173)
at org.testng.internal.MethodRunner.runInSequence(MethodRunner.java:46)
at org.testng.internal.TestInvoker$MethodInvocationAgent.invoke(TestInvoker.java:824)
at org.testng.internal.TestInvoker.invokeTestMethods(TestInvoker.java:146)
at org.testng.internal.TestMethodWorker.invokeTestMethods(TestMethodWorker.java:146)
at org.testng.internal.TestMethodWorker.run(TestMethodWorker.java:128)
at java.base/java.util.ArrayList.forEach(ArrayList.java:1541)
at org.testng.TestRunner.privateRun(TestRunner.java:794)
at org.testng.TestRunner.run(TestRunner.java:596)
at org.testng.SuiteRunner.runTest(SuiteRunner.java:377)
at org.testng.SuiteRunner.runSequentially(SuiteRunner.java:371)
at org.testng.SuiteRunner.privateRun(SuiteRunner.java:332)
at org.testng.SuiteRunner.run(SuiteRunner.java:276)
at org.testng.SuiteRunnerWorker.runSuite(SuiteRunnerWorker.java:53)
at org.testng.SuiteRunnerWorker.run(SuiteRunnerWorker.java:96)
at org.testng.TestNG.runSuitesSequentially(TestNG.java:1212)
at org.testng.TestNG.runSuitesLocally(TestNG.java:1134)
at org.testng.TestNG.runSuites(TestNG.java:1063)
at org.testng.TestNG.run(TestNG.java:1031)
at org.testng.remote.AbstractRemoteTestNG.run(AbstractRemoteTestNG.java:115)
at org.testng.remote.RemoteTestNG.initAndRun(RemoteTestNG.java:251)
at org.testng.remote.RemoteTestNG.main(RemoteTestNG.java:77)
]]>
    </failure>
  </testcase> <!-- initialLoadInitiatives -->
  <system-out>
    <![CDATA[ <img src='data:image/png;base64,iVBORw0KGgoAAAANSUhEUgAAB4AAAAOiCAYAAACRicroAAAAAXNSR0IArs4c6QAAIABJREFUeJzs3Xd4VFX+x/HPpJGEFFqoIfQWpAhCooYuRRJARZFiWazg7sq6LoprW0UFwbKsvwVcFnBViiIWBKX3EqQYWgKEFggEQs2kkDrz+yNmzKROkkkb3q/n4TEz99xzz00mY+Z+7vkeg2+LHmYBAAAAAAAAAAAAAKqEsxHrS72vkx3HAQAAAAAAAAAAAACoRATAAAAAAAAAAAAAAOAgCIABAAAAAAAAAAAAwEEQAAMAAAAAAAAAAACAgyAABgAAAAAAAAAAAAAHQQAMAAAAAAAAAAAAANXEihUritxOAAwAAAAAAAAAAAAA1UBO+FtUCEwADAAAAAAAAAAAAABVXN7Qt7AQ2KUiBgMAAAAAAAAAAKqvu3p01d1B3dW1U3u1adlMDevXk7dXTUlSYlKyLsZfUfSpGEUcOqrtu/dp156ISh4xADiWwsLeFStWaPjw4VbPGXxb9DBXxKAAAAAAAAAAAED10bJZUz0++j49NGKwGjesX6J9L1yM17If1uh/S7/TqZjYchohADiusxHrS70vATAAAAAAAAAAALCoX6+uXp70lJ4cN9LyXPSpGEUcPqqMjAw1blhfrVs0U6MG9SRJcZeu6MTpGF24GC9XV1d1vS17lnCO+YuW6/1Z/1X8lasVfi4AUF0RAAMAAAAAAAAAgDJ7dNRwvfvqX+Tj7SVJ+nHNJhkMBvUO7qaoyEhLOx8fHxmNxnxfS1KHwEBtDd8vs9msYYP7SZKMiUl69d1/6ouvCy5hCgCwRgAMAAAAAAAAAADK5MOpL1tm/a7bvFOuri5qUNtLRqNRPj4+6hAYaFM/uYPiS9eTlJGRqYF975KUPRv4xdfft//gAcDBlCUAdrLjOAAAAAAAAAAAQDW06NOZlvD3y2Ur1KF1gDKSb6iJv7+CgoNtDn+l7BnAHQID1cTfXxnJN9ShdYC+XJY98/fJcSO16NOZ5XIOAIBszAAGAAAAAAAAAOAWtujTmQod2EcXL13W3gNH5Ofjrib+/vL395eUPaO3JAFwXrGxsTofG6vLxlTd0aWjGjbw06p1WzTu2cn2OgUAcDg5M4AjIiJs3qdr166SJJdyGREAAAAAAAAAAKjyPpz6siX8PXritGooXR0Cu8nHx8fSJjY21lIGOu9av7nbFcbf3z973/BwHT1xWpIUOrCPPpz6MuWgAaAcEAADAAAAAAAAAHALenTUcEvZ570HjqiG0jVw0CDL9tjYWEVFRsrHx0dBwcH59o+KjFRUrkC4qHWCfXx8NHDQIK1bu1Z7DxxR2KC+enLcSEUcitIXX6+w85kBwK2NEtAAAAAAAAAAgCohwL+RJOlsbFwlj8Tx1a9XV3s3LJOPt5e+XLZCDXzdFRQcnG9G7+7wcBmNRqtguDBGo1FRkZGSZFVCuqA20efi9chDw2VMTNIdAx5S/JWr9jkxAHAQlIAGABTIq6anQoK6qWH9emrdspm8anpatp04fVYnTsVo++79SkpOKfOxWrcIUEhQN3l51VTrFgGW55OSUyzHOXH6bJmPAwAAAAAAHIOvj7eGDuytsIF9FTqoT4FtVq3dopXrNuundVuVYEys4BHagXdLKeW8lJVW2SPJ5+VJT8nH20vrNu9U3zu7SVK+8NdoNCoyMlLjn3jCpj5zzxTeHR5eYADs4+OjJv7+auLvr3Wbd2pg37v08qSnKAUNAHbEDGAAKKMOYYHqEFZwaZviZKRk6EbsDWWkZCjuwHldOHBBGSkZZR5TgH8jTXn+aYUO6iNfH+9i2y/+ZqVeeefjUn2QGjMyVM+NH6NOgW2LbXs2Nk7TZv1HS5avKvFxAAAAAACAY/D18dbE8aM1cfxom65bSFKCMVFzFi7VnIVLq00QbG4xSubb/ioZj8tpy2OVPRwrLZv5a/+mbyVJm3f8oozkG0XO8N0dHl7ojN7CxMbGFtl+3dq1cq1ZS33v7ilJ6tZvpE7FnLO5fwBwdGWZAUwADABlNOzjEXL1cLVLXxkpGTq47IBidp0pdR9jHwzTtNdesPkDVI4EY6JeeedjLf5mpU3tfX28NXvGG4XeoVuU7eH7NG7CS9XmAxsAAAAAALCP0EF9NHvGGyW+bpEjwZiocRNe0vbwfXYemR2515O5aZjMzUdK7n6SJMPZFdL5NTJcqRrjfuvlP2vSs4/qxzWb1LppAzXx9883+zev3eHhioyMVGAha/zmsHXGsNFo1PnYWJ04d0nDBvfTrE+/0Jvvf1Ki8wAAR1aWANipXEYEALcIz7o17Rb+SpKrp6u6P36HOj/UpVT7T3vthVJ/iPL18da0116waSZvp8C2Wrl4TqnCX0kKCe6uRXNnlGpfAAAAAABQPU18YowWzZ1pdd1iyfJVMiYmWR5PnzVP02fNszxOMCZaVRLz9fHWysVzNGH86IoZdAmZW42VacB3MrefYAl/JckcMFzmO/8tc/AsqUbtShxhtodGDJYkGQwGGY3GYsPfHIGBgQoKDi7yX05AvDs8vMi+fHx8ZDQaZTAYrMYEACg7AmAAKAO/tn7FNyqF1gPaqPOokoXAE58Yo4lPjCnTcX19vLVo7sxi28ye8YZNQXFRQoK7a8qkp8vUBwAAAAAAqB4mPjFG0157wfJ4x+796tx7hBYtXykfby9JkjExyVLmOScU9vXx1qLlK9W59wjt2L3fsv/01/9a5usg9mZuP1HmwOclp8InC5j9gmS6a47k5luBI7N2Z4+uatywvqJPxah3cDebw9/y4OPjo97B3RR9KkaNG9bXXT26VtpYAMCREAADQBn4Ni2/P9Zb928jz7o1bWrbKbCtpjz/lF2OG+DfSGMfDCt0+yuTni5z+JtjYhW9WxcAAAAAANhP6KA+VuHvkuWrFDpmgs7Gxum5XNcGpkz9SAnGRCUYEzVl6keW58eNDNPZ2DiFjplgNRt42msvKCS4e8WcRDHMfsEyt3nctsZezWXu9FL5DqgIIUHZ37OIw0cVFRmpDsWUdM5RWFBsNBpLPZYOgYGKioxUxOGjkqS7g6rGzxMAqjsCYAAog1r+tcq1/9YDWtvUrixr5xRk3MiCA+CQ4O52LbHk6+Ot2zt1sFt/AAAAAACgasmpJJZjyfJVmjj5Lcu2oQOzl5cyJiZp1dotlnar1m6xzAIeMzLUct1j4uS3rELgRXNn2PWaSGmZ2z9bsvaNB0g+9rnBvqS6dmovScrIyLApvI2KjNTu8HCdjz2vjIwMq227w8PzBcMZGRnaHR4uJyfnYstA594n99gAAGVDAAwAZVCvnEpA52gW3LzYNqGD+tg0I/dwVLR27N5vta5OYW7r0KbA522ZZWxMTNKO3futyjIVpWmThja1AwAAAAAA1c/E8aMtAe2O3fst4a+UfU0jx6q1W5RgTLQ8TjAmWgXCudtOnPyWDkdFS8oOkSu9wphHA6lWyW9wNzfqWw6DKV6bls0kSY0b1rep/LPRaFRQcLDuGTRQaalpxbZPTU1VUHCwevTsYfOYGjesbzU2AEDZuFT2AACguiqv9X9zc/V0lW/TWko4d6PQNhP/UPSHnMNR0QodM8HyIcrXx1vTX/+rxowMLXSfgu6c7RTYttiySq+887HmLFhitc+qJXMta/kAAAAAAIBbR95w1sfbSysXz7E8DvBvbPn6tg5trLbl3T7l+ac19oHfr2WYzWbL1xPHj9achUutAuSKZPYq/gb+AnlVTtjZsH49SVLrFs10/uzpEu3rZcM1Hm/vks/Ibt2imdXYAABlQwAMAKXk27R8yz/ncPNwLXRbcaHsufNxVuGvlH0H7cTJbxUZABfkufFjitw+fdY8q/BXkg5FHtfsBUs0ZdLTJTpWVfLr5m/VqL6fTCaTJMlkNivu0mWtWL1R/56/WNeuJ9jtWDPfmqyzsXH6ZN6XRbYLX7NUE//2ln49FGW3Y9tDp8C2mvfx2woeXPXXdm7SqIHGPDBUH/x7YYHb35j8nD7490KlpNys4JFVDSFB3dTAr56Wr1ybb1uTRg00Mmyg/lXM6/RWdVfP21Wntq9Wrtlc2UPRS39+Uu7uNSRJTk5OcjIYlJmVZdk+7/Nlirt0ubKGV235eHvppT8/qfTfStQZZFBaerpOnD6r9Vt26kZC5Vx0BAAAqIpCB/Wxusm8qApmxVU3C/BvpAD/RgVu8/XxVuigPlr8zcrSDbSsXEtZgtq1+Nm35cHbq6YkqVGDejYFwE38/YtcK7iwbbGxsTbNMM4ZS+6xAQDKhgAYAErJt5zX/82RfDWl0G3FfTiaNmteqe5+LahMdGFloaXsoHnOwqUFbjt7Pq7Ex69q7n34GUvY6uTkpNYtAjThD6O1ZcXnuv+xP+vE6bOVPEIAyG/GJ/MtX/fs1kktAvz11fc/V+KICjZl0tP69LOvdD2h+LXHqor0jAy9PXO25XFNTw/17NZJzz7+sGYvWKLEpORKHJ01v7q19fjo+wq94QUAAKA8hQ3sU3wjOx6r0gJgl9KFlmbXmjLYeSjlwf+3AHh3eLiSk6yvGQUFB+drn5qapqjISEkqNDQGAJQvAmAAKCW/duVfAjrlWopSrhZ+Eblzh8IDYGNiUqEffIor5bw9fF++54oKm/Ou05Nbr6Cij3XsxJkit1c1JpNJx0+e0V9fn64J40frs/+bpt7DHrXMEAYA3HqSU25q0/ZfVLd2LQXf0UXrNu+s7CEBAABUCUNzBcBhYydabesU2FbTXntBUvbawNNmzSuwj1cmPa27g7plf/3OxzoUedxqe07Z6Jw2lcK9bun2q1HHvuOwUWJSsny8vRR36YrN++QEuevW5q8UlZe7e40SB79xl67Iv3GDKnUzJQBUZwTAAFBK+z7bU+Y+POvWVOOujdWoS+MCt18+VnRpzuJC2YL4+nhbPmAVZuU6632LC4wXLS84aO4U2LbIUtPGxCQdO1GytWaqkrkLl+qxUcPVv1eQ1m/ZpZqennr+mUc0+v6hqlunli5fvaY5C5bqP59/bdln9AND9eJz41W3di0lp6Tol/2H9MrUjxR/5ZokycXZWa/+dYIeeXCYatfyUcSRo3rpHx/o4JFjVsf28vLUx+9MUeigvnJzddXu/Qf1+nuzdPzk74F684AmeueVSbqzZ1dJ0u69B/TG9E8sM5abNmmkv//lGd3T9y65ubroVEys3pz+ibbu2mvpI3zNUr381oea8IeHdXvnQLUPHipJatuquab+fZKCunVWekaGflq3Jd/Mwu5dOurd1/6idq1aKC09XUejT+ndj+Zqz6+H7fhTKH9eNT0VNqivWjTzlyTdSDAqfO8By6zwGjXcNKR/iNq3aSknJyfFXYzXmk07LKV1O7Zvo9vat9apmHMKCe6u3fsOaucvv+r2Th3U564e8vT0UHp6us6ev6if1m1RUnLhs/6rIk9PDz3/9CP64usVGjKgl5o0rK+09HTtO3BEG7eGy/Tbulw534fjJ8+oz9095OvtrfgrV/XT+q26eOmKhgzopQ5tW8rNzVUnz5zTip83Wj74u7m5qldwd3W9rYM8Pd2VnHxTO/f8qvC9ByzjCBvcV/GXr6mGm6t6du8sD/caunLthjZt2231PvP804/o21XrdUfXjmrfpqWcnZ11NvaCVm/YpstXr1va+dWro3sH9FKTRg1kMpkUfSpGqzdutyoL3q51C/XrFaS6tWspNS1Nu/cesJxvdWCQ1LVTh+yy1bV8lZaeoajjJ7V64zZlZGRKKvz1a5B0Z8/b1eP2TnJ2clJqWrq2796nxg3ry5iYpJ2//Cqp6N+Ppk0aacwDQ+VV01Mv/nG8jIlJWr9ll/YfjJR/4wa6957e8qtbR1lZWYq/fFXrt+7SufMXK+8bZoMTp8+q623tLY+Le3/I+f2Zv2i5Qu/prca/vd4ij53Umk3blZaWbumrVfMADegdLL96dZSZmakjR09o3eadSkvPblPQz8ogg+69p5ek7JLgkrRg8be6cvW6w7wHAQCA6uFwVHSBN5vn2Ba+r9Dt24K6WcLdQ5HH87U7dz5OTZs0sio1XeE8m5RuP/f6kpObZEovvq0dXYy/Ih9vL504HSMP55LtO3DQIC1ZtFhjxo0tcPvPP/2ku0NCSjymE6dj5N+4gS7G2x5KAwAKRwAMAKUQ4N9IY+8NK3M/ByOP66c5W+Tq6arGXZqo86gucs215m/Uysgi9582a55CCrnDdXEBoayvj7cWzZ1RZHBsTEzK92HqUOTxfHfq5t2eV6fAtpa7cAtTWEhdnfy8YZvu6nm71m/ZpbatminBmKR7Hhivy1evq13r5vp6/j91Kuac1m/ZpU6BbfXG355T2JiJOhVzTjU9PfXg8EFKMP5ePunvf31W78+apx4DH5LJbNbTjz6oZQv+qS597lNqapql3fxZ7+q9jz/Vy299KLPZrHEPDdPKJXPVb8TjOh93SY0a+mn11/M085P5euL5V2U2mzX6gaFatfRTDbh/vGIvXNRdPbrqp/VbNfkfM5WcclOD+t6lz/5vmoIGjbIKwv753it6ZerHeuy5KZKyg+OfvvpU0z7+jx6d8JKl7wWz3lVCYvZMcBdnZy3970d6bvJbWrd5p1xdXNS/V5DVuVYXw+/tr/jLV/X1D6tlNpnUsIGfvGp6SsouCf6HMffrWPRpfTT7M2VmZqpNq+Ya92CYFi7+Tlev35AktWoRIBmy11xNSk5RowZ+uqfPXVqwaLmuXr8hNzdXdQ5sZ/Uzrk5qenoodFAfrVyzWXGXLqt+vTp6+L57lXIz1RIEStk3DpjMZv33i2+Umpqmrp3a69FRwxV/+ZqOHD2hD/+9UC4uzhp6Tx89NHywFiz+VpLkV7eObqamae7/vlJycor86tXRY6NG6Oq1G4o+FWPpv19IT0UdP6U5C5bo5s1UtWzeVCOHDdKK1Rt1NPr3EHj0/fdq6659+vG3dXq7d+moJx95UHMWLlWCMVG+Pt56fPR9+mndFn3x1Q9ydnFWULcuGj/mfs397CtlZWWpQ9uWGja4v5b/uEanzpyTu3sN9e8VrM4d2+lQVP73xKrIrYab/OrV0dLvftK16wnycK+hkcMGqV9IkNZu2mFpl/f1K0mD+oeoUQM/zf/yGyUlp8jDvYbCBvVVs6aNtXNPhKTifz/OnY/TjE/m5ysB7eTkpEceGq5vV67T8ZNn5OzkpNYtm1WL3w+zWZIhu4ifre8Pnh4eGjViiFZv2Jb9WvJw16C+d+kPo+/XvC+WyWQyqU3LZro/9B4t/3GtTp05pxruNTSgV7D+MOb3NlLBP6vjJ0/nKwHtaO9BAACgasq9Xm9plqey1dnY7ABYyr7uUZ7HKozZt13pdjQ4ST6tpBtR9h1QMaJPxahtq+a6cDFeft5uJd7/0MGD+uG77zQ0LFSDh9wrs8zasmmTNm/cpEZNmujeoUNL3OeFi/GWsQEAyo4AGABKYezIME2Z9LRd+kowJmrV2i2a89lSbXhnve6ceJd8/X11YmN0keWfpexSzUXdQZubr4+3Vi6eU+y6wbMXLNHZWOt1exOMiTYfR/o9/C3q7ltjYpKmzfqPzX1WVZevXlfHdq0lSb8eirLMCpWyy1svWLzcMkO4WdPGOnXmnE7FnJMkJaek6H9Lv7fqb9uufVYX6Wd9+oXuDx2oXsHdLSVF27dpqbWbd+izJd9Z2n225DsF+DfS8888qpff+kCTnnlMy39cq/mLllvafPH1CrVo5q9Jzz6qyW/OzDdjd82mHdp34IjuuL2Tfl6/1fL8l1//qNUbtlkeP//MI/rqu5/z9R06sI+GDMieaebtXVNenh7avnu/JCkjM1NrcgVK1UmdWr7atSfCErDkzNyTpA5tWyol5aY27/jF8tzxk2e0Zece3dXzdv24ZpMkyWAw6LuV65WekSFJql3LR9eu37AEQOnpGdobUb1mRudmMBi0au0Wywf2S5evas2mHeoX0tMqAM4ymfTtynXKysqSJO2NOKIut3WQQdKOX35/rfy4ZpNe/euz8vRwV8rNVJ2Pu6TzcZcs/Vy+ck2/7D+o1i2bWS4OODs5ydurpn5cvVE5c3BPnjmn71at1+D+IZYAuL5fXR05dkK/7D9o6e+X/QdVy9dbIUHdtGrdFvUK7q7wPRGKPHZSkpSZmaUdv+xXk0b11aFtSx2OitbAPndpxeoNOnkm+/f5ZmqaVq3bojt7dJWzk5P9v8nlIC0t3SroTbmZqk3bd2v4kAFWz+d9/XrV9NQdXW/Th7MXWgLDm6lp+nblOr015c+W/Wz9/cirRg031XBz0+mzsZKyXzfVpVpEm1bNFHshe5ayrefv5GTQ2k07fn8t3UzVip836pnHH1b7Ni0UeeykBvcP0YrVGy1tUn97vT3z2Ch1aNtKR45GS8r/syqMo70HAQAAVCpnD8m7Ral3N9cKlKGCA+CIQ0cVOrCPXF1d5ePjU+L9R9x/n77/7nt99MGHevsfb1lte/Sxx0o1JldXV8vYAABlRwAMAKXQq5iSyCXh6+OtsQ+GKXRQH73yzsda/M5KdQgL1ImN0XY9hi3h77nzcZqzcGmZjjX2wTBNe+2FYksvFRQ0V0f169XR5avZ5ZtdXVz04h/Ha3D/EEvAdUfX2yxB6+btv+ivE/+gtd/M1+oN2/TLr4cUvidCmb+1laSdv4VguR0/eUYN/OpZPVfQ+s5rNmzXe69nl/fu2a2T3nz/kwLbzPjH3yxjf/OlP6pj+zbKzMy0jHfF6o1W+/zy60Grx927dCyw7y+/+dESAF+/YdTS735S+Oql+m7Vev3y6yFt3bmnypQWzcrKksFQeEjn5OQkU1Z24Ls9fJ/GPBCqI0ejFXPugk7FxMqYmD2T2b9xQ7Vr3UJPPvKg1f41PdytZlFfir9iFcicPH1Ove/qoWceH6Vj0ad19nycYs5dqDJrSWeZTDI4GQrc5uRkUFaecWZlmXQhV0ArSVeuXpe3V02r5+Iuxlt+N35vd03XbhitnkvPyFBiUrK8anoq5WaqnJ2c1OfunmrXurmlxHLTxg0Vcfj3CwM+3l66FH9FeQswnzgVo3EPDZOrq4ulrPGBw8eU19HoUxp6T29JUqvmTeXj46V2bVpataldy0fnLlyUq6uL/OrV0fGT+e9Mvxh/Rd7eXvmer6o6d2ynoG6d5ezsJLOkurVrySnPzz7v67dxw/q6eOlyvtmieV8Xtv5+5HXzZqoiDkfp+acf1aGo4zp3Pk6nzsRaSh1XRd5eNdWzWye1bNZU/16wWFLJzj+nNH8Os7Jfk00bN1L0yRjVr1e3wNfbsROnFdCkoSUAzvuzKkxVfw8CAACOIfdnfp9y/Bu5omYaF8Zcp4tkKGEd5dzqdpPOLC++nR3t2J19k3/X29qrQb3aioqMLPGavdPen67BQwbrfws/07atW4vfoRA5x65TP/tv5O27bZ+AAAAoHAEwAJRCcUFqafj6eGv2jDfUqX0bvfLOx3bt15bw15iYpLHPTi7Th6WxD4Zp9ow3im23Y/d+TZ81r9THqUqG9A/RG9Ozw9A/PTVOge1a6d5RTyv1t3UbH3t4hGUN5aTkFN3zwBMKCeqmO3t01ct/fkrNmjbW/Y/9yTKrKy09/4X7rMysfIFMVlb+i/QGg3Ubg/IHeAaDwRKQzfngH9q84xf98aWplu3/+fjtfP0kJeUPbQvq22Syjt5eeG26Atu1Vp+7e2jUiCGaPeMNPffS2/ppXeWX/k5KTpFXTQ85OznlC608PT1kNpmVlpYdbkUcPqqTZ86pbavmah7QRIP7h+jXQ1GWGZKrN24vdoZ83uAqLT1dn372lVo081cz/8bqFxKk2rV89NmS73T12g07nmnpJCWnyLeQCzQ+3t6WtXlzZJmy8gWvJpMp32spM0/4m72vKV8onL2/2bL/3UHd1MCvruZ9sUyZmTk3V3RUiwB/q32cipp5a87drqBw+/fn0jIytGDRt1azjnNzdXXJs0euw1SjNYCbNmmkAb2C9d8vv7H8TOvWrqUnHxlp1a6g4NXJ2bZZzrb8fhTkh583qkH9emrVvKm6dGyvB8IG6duVaxV1/FSJ+yoPbq6ueu3FCZbH7jVq6IYxUXM/W6rkXDe6lPb8JUslacmQ/XWBr1qD1Uvb5pC8qr8HAQAAx9MpsK1lHd8ct3VoY/k6JNc6v3nlXvrqtg5t8v3NnVP+OedG3QrXqHeZdjf7BcngXEPKqrjlOHbuidCFi/Fq07KZVq7dLD8f92L3MZvN2nv1hA7dOCPz9WsKUrD69uunvv366ejRo9qwbr0uXozTVZc0zY9eq9tqN9cddVvLuYibryUpNjZWJ2PjFTaory5cjNeu35aUAQCUDQEwAJRQgH+jcr1zdeITY3T2wkXNWbCkzH3ZGv5K0pSpHxW4lq+tbA1/D0dFa+yzk0t9nKpkwvjRMpnM2rhttySpW5dAfbtynSX8laQWzawDKpPJpK279mrrrr16X//VO3+fpMcevq/AGbVFGXXfkHzlU4cM6KU9+w9JknbvPaCh9/TW1l1787XJKX3brXOgJrz4ptX2FgH+xYYVeyMOF9j3qBFD8rWNPHZCkcdOaM6CJRrSP0ST//xklQmAr11PUPu2LXXk6AmrbZ06tNXps7FWoUpiUrL2HTiifQeOyMO9hqZMelqbtu/W2dgLurtnt3zfMyeDwTJTtTBmszm7JPiZc9q0fbeGDOilO7rcpjWbttvrNEvtzNnzeiB0oLy9auYLezsFttGpmNgKHU+Txg10KPK4JfyVpDq1a1m1MSYmqV3rFjLIOhBr3bKZrly9rozfZrlL2bPYD0dZV1lo36aFzp3PLt179twFtW/TMl8AnPNzzcjIVPyVa2rbuoWijp+0atOogZ+lBHBV16RRfZ08c9bqZ1yntm+x+52Pu6RGDfzyvT7c3Fyt2tn6+5E77M/tUvwVXYq/op36Ve1at7Cs8VwVpGdk6J0P51oe161dS0+Me0Auzr/P/CjJ+0Obls10/OQZy2O/LH1rAAAgAElEQVSDpHatW2pb+F5lZGTqYvyVAl9v7Vq3LHaGhMlc8Pe3Kr8HAQAAx/HTui0aOrCPJGnVkrmFtgsJ7q5VNlRbm/76XwvdVtob78rE1UfmJvk/C5esDy+Zm4bKcOZb+4zJRst+WKNJzz4qs9ksHx8fxcbGyt/fP1+7U4kXtfnSIW25eEiZ5uwbqEe4WV9nat++vdq3by9JmrroX9p48aA2XjwoJ4NBfRp0Ut+GndTau1G+vo1Go/z9/XXi3CXLmAAA9lE9FigDgCokxI7lnwsz5fmnytxHp8C2Orj1e5vC3+deervAksK2Kkn4GzpmQqWUZLIXF2dntW/TUh9NnaI/PTlWf/jTK5aSmQcOH9W99/SW828z49q3aaknx/0+ky50UB89/8yjatTQT1J20NKlY3vLOpe2Ohp9Sp0D2+nJcSPlXsNN7jXc9OS4kRr7YJj+Ne9LSdKseV/qvqED9Mxjo+T+23qa48c+oDEjQ/XPuZ9nj/fIUYUN7mfpd+SwQepx+23FHv9f//lSD44YnK/vToFtdTQ6O5xp2qSRZr41WW1bNZezs5NquLnp7qBuJT7X8rRm0w6NuHeAbu/UQZ6eHvKq6amg7p01oHew1m/ZJSk7qBlxb381a9pYLi7OMig71E9OuanMjEwdiz4ts9ms+4YOsJQ7bli/np5+fFSRZdA7tG2lkODulptJPD3c1bhhfV27UTVm3iUmJWv3/oMaP/YBtWjmLzc3V9Wp7auwQX3VuGF97fn1UIWOJ+5ivDq0aSmn30Ks+n511bNbJ6s2WSaTUm6matiQ/vL09JDBYFCr5gG6P/Qey/rZkhR/+aoa1q+nnt06y8XFWS4uzurZrbO6dQ60rFm9LXyfunUOVPAdXeTm6iqDwWAp5ZsTo63bvEPDh/RT6xYBMhgM8vT00LDB/XQjwZhvVnlVFXfpslo2ayr3GjUkSe7uNdQvJKjomdSSklNuKnzvAT0yarga+NWVlL1W9tgHQq0CYVt/P65dv6FWLZpKyr5xqZavt8IG95Vf3dpyMhjk4uysFgFNdO16gl3P356uXr+hNZt2aNT998r5txC4JO8PA/rcqVbNc72WhvSXJMva1Ws2btewwblebx7uGja4n8xmc7GhuNGYJA93d9WvV0dOTk7yqulZ5d+DAACA41hZgTcAV+SxcpgD/yTJIGXeLNM/c+vHJHe/Ch37/5Z+L0kaNrifLl1PUlRkpNX2aOMFfRz5vV6P+FIb4g5Ywl9J2pFxRvsP5Z+pu3jFN4p0vmJ5bDKbteniQb0ZsUgfHvlOx4znrdqvW7tWl64nadhv1yb+t/Q7u50fANzqmAEMACXUuYP9yz/n5evjrdBBfbRqbek+vHQKbKuVi+cUuw5vTtnnstwlO+21FzTxiTHFtqvO4e+ab/5rKTFlyjIpNu6SflyzSb2HPWoVSHwyb5Hef/NF7fhpsa7fMOr8xUua+sEc9fgtqIo6dkrDBvfT5h8+l1dND12/YdSib1bq869+KPGYnnj+VT0++j698sIzcnN1Vfi+Awod/awuXIyXJF28dFlDHn5GU195Xn9/4VlJ2aW37x31jKXNn6e8q39N+7vGj7lfySk3tXPPr5YPgEWJvXBRQx9+VlP/Pkmv/vVZZWZladXaLXri+Vf16Yf/kCTdSDAqOfmmlv73QzX0q6eU1FRt2Bqul/7xQYnPtbwcjT6lZT+sVr+QIA2/t7/MZrPOxcbp869+sHyPzGaz4i5d1tB7esuvXh1lZZkUdzFeX3y9Qubftn/+9Q/q3ytYE/4wWh7uNXQ9wahtu/YW+VqPv3xVHdu10t3jR6uGm5tSUlP168FI7Y04UkFnX7w1G7bJmJik4UP6q04tX6WmpSn65BnN+3yZ0tIqdi3W7eH7FTqor/701DilpKbKaEzSus27FNCkoVW7rbv2ymw2a+L40fL0cNeVq9f1w88bdezEaat2y35YrU6B7TT5T0/K2dlJZ2PjNP/Lbyw/s8SkZM374msN7h+i/r2C5ezspAtx8fpp/VbL7OKj0adlNm/QPX3v0ti6dZSSmqrd+w5q8449atjAes3uqirm3AXt3n9Qzzz2kG6mpSk9PUObd/yi+4YOKHbfdZt2KCk5RWMfDJN3zZq6nmDUpu271a5VC8tayyYbfz9+3rBNI4cN0j197tLhqGit3bxD6ekZemTUcHl71VRGRqaiT8Vo5drN5fa9sIeDR46pZTN/De4fop/WbbH5/NMzMrTs+9UKHdhHY0YOVWZmliKPndRnS7+z3GB04vRZLf9xjQb0vlNjRoYqPT1Dh6OirdoUJiMzUyvXbtb4sQ9IktZu2qGzsXFV/j0IAAA4hlVrt8j4epLlxrPDUdFWfwsF+DeylHA+dz7Oat3g4rb7+nhbykgbE5NKfQ2lLAwH3pPhwHsVflx7OBVzTvMXLdeT40YqIyNTHQIDFRsbq7qN/LT09Datjyu8FPOVmuma/esKBV89KZ8sV6VlZehMUryOu1yTUxOfAvfZf+2k9l87qX4NO2t08166cemqAgMDFRuffRPi/EXLK7zaFAA4MoNvix7VZ6EyAKgCVi2ZW+i6NDmKWt82bFBfq3VuCjN34VJNmfpRicdXkvA3dMyEMpV9nj3jDY19MKzYdkuWr9KUqR9Vy/AXQPUQNrivbtwwWmbxFub5px/R8pXrCl3fF2Xz3BNjtXrDVi7c2MjT00N/++N4vT1zdmUPBQAAoNxMmfS0pkx6WlJ2meawsRMt23JXFFuyfJUmTn7Lat85M9/UmJGhkvJXL9u+apHl+sr0WfOKvBZT4QxOMvX+QnKynn9lOPGFDOdKX4HN3urXq6u9G5bJx9tLXy5bIc9aTtrgfU43Mn6v7JMSc0Wezcp2k2valUTVqPf7dSpvFw8NSG6qtOvSIw8NlzExSXcMeEjxV66W6TgA4GjORqyXJEVE2L4+eteuXSUxAxgASqy48HfH7v1FfuiYPmueFn8607IGTmFsKd1c0D62hL/Z6/D+Ld+dtSVRkvA37wc4AED1Nrh/iBKTknXk6AkZjYly93DX3T1vl4uLs86cPV98BwAAALhlzFm4VM89MUY+3l4KCe6u2TPe0HMvvS0pe4awZmS3Gzqwt3x9vC03j/v6eGvowN6WfnLP8J0z802r2b9zFi6toLOxkdkkw804mRuE/P6cKVOGG5GF71MJ4q9c1avv/lOfTH9Njzw0XCvXblb3ZD9tcPs9AM5MSSvzcdIuG60C4O4p9eVh8tFDD/WVJL367j8JfwHAzlgDGABKwJb1f22ZUTtx8tv2GI6VsQ+G2Rz+ho6ZUCHh7yvvfEz4CwAOaO+vh9Wwfj0989hDemPyH/XHJ8bI26um5i9aLpOZAkMAAAD4XYIx0eraQO5ZvwnGRP3029q9Octh5Qgd1MdyjWPJ8lWWYDj3rGBJGvvs5CpZccxw4D0ZLm6RMlOkpBgZ9v1dSjxV2cPK54uvV2j+ouWSpDu6dFRL9wD1T29ebscLSvBTG/dmuqNLR0nZpZ+/+HpFuR0PAG5VzAAGgBKwZVbuwajiA2B7fzDJ/eGpKGUtxezr463ZM96w+kBWmLylmQCgPK1cY9v6sP+a92U5j+TWcPX6DX27cl1lD6PaS0m5SflnAABwS1i1doteeedjTXvtBUnZ1zEC/BvpuZfe1uyFSy1V0qa99oJlpm9OW0latHylAvwbadHcmVbXZl5552NtD99XgWdSAmnXZNjzsgyVPQ4bvPj6+2pYv55Cf/s5JB1I0bA0V0X4XNMR2afCT2O32uqWWFfebrXUvnULNWzgp1XrtujF19+3S/8AAGvMAAaAEujcofgA2JYZwMXN0pVsD4lLEv5OnPxWmcLflYvnFBv+GhOT1CvsEcJfAAAAAABgMWfBEr3yzseWxyHB3XVw6w8a+0CoVdnnieNH65VJT1uunSQYEzX2gVAd3PpDvvB3zoIlFXsSDmzcs5O1at0WNWzgp7BBfZV53aA/NR6obrVayXwzo9T9OsmgjjX9NanJYGVdd1LYoL6W8Hfcs5PteAYAgNwMvi16UKMNAGx0aNsPatqkUaHbjYlJCujSv9h+pkx6WlMmPV1kG1tm0Noa/pb1Q1FO+FvcDGhjYpJCx0ywKQQHAAAAAAC3ntBBfTRn5pvy8fYq1f7GxCSNfXZy1Z35W819OPVlPTlupCRp3eadcnV1kU8tN+1IiNavpvNKM2fa1I+rwVkd0+upX/3blJSQoYyMTA3se5ek7LLPzPwFgOKdjVgvSYqIiLB5n65du0qiBDQA2MzXx7vI8FeybfZvp8C2mjh+dLHtivsgY0uILJW9FLOt4W/O2sJVcd0dAAAAAABQNaxau0Wdwkdo4vjReu6JMTYHwcbEJM1esERzFi7l2kM5evH19xVxKErvvvoXS2D745pNamHw0+PBg7XlyC86dTNeSTWylGhOU5qyA+EacpG3oYa80pzVwqO++nbsqa3h+xV3/oaGDe4nKftn+Oq7/2TNXwCoAMwABgAbhQR318rFc4psM33WPE2fNa/AbTlljGwJbX9at0VjiyiDM3vGGxr7YFix/SQYE22ejTv9X//NFzp3Cmyr2TPesGnt40ORx236AJZgTNK4CZT4AQAAAADgVufr463QQX0UNrCPQoK75wuDjYlJ2h6+TyvXbdGqtVsIfitQ/Xp19fKkpyyzgSUp+lSMIg4fVUZGhho3rK/WLZqpUYN6kqS4S1d04nSMLlyMl6urq7re1l5tWjaz7Dt/0XK9P+u/ir9ytcLPBQCqq7LMACYABgAb2Trj1h56hT1SaHBra/hbUnnLRHcKbKuVi+fYtF5xSdVq2dPufQIAAAAAgOovwD+7+trZ2LhKHgkkqWUzfz0++n49NGKwGjesX6J9L1yM17If1uh/S7/XqZhz5TRCAHBclIAGgArQ2YZZsPYwd+HSCg9/Jevy1QH+jcot/D0cFW33PgEAAAAAgGMg+K1aTsXE6s33P9Gb73+iO3t0VUhQd3XtlD27t2H9evL2qilJSkxK1sX4K9mzhA8d1Y7d+7Rzj+2BBQDAvgiAAcBGIcHdy/0YP63boilTPypwW4B/o3ILfyXrNYefGz+mXMJfybZ1kgEAAAAAAFC17NoToV2EugBQLThV9gAAoDqoW6dWvnVo7O1wVLQmTn670O3lGUDnnZVry5q/pXUwigAYAAAAAAAAAIDyQgAMADYIaNKoXPufu3CpQsdMUIIxsdA2nTuUXyibe/avJN0d1K3CjgUAAAAAAAAAAOyHEtAAYIO2rVuUS7+Ho6I1bdZ/tGrtlmLbVtSs3PIudU0JaAAAAAAAAAAAyg8BMADY4HRMrP639Hu79JWYnKITp2K0PXyfTpw+a/N+y1asKVH7koxnxc8bLY9PnIqx27nmtY3ZvwAAAAAAAAAAlCuDb4se5soeBAAAAAAAAAAAAAAg29mI9ZKkiIgIm/fp2rWrJNYABgAAAAAAAAAAAACHQQAMAAAAAAAAAAAAAA6CABgAAAAAAAAAAAAAHAQBMAAAAAAAAAAAAAA4CAJgAAAAAAAAAAAAAHAQBMAAAAAAAAAAAAAA4CBcKnsAAACUl9D/jarsIaAcrHr868oeAgAAAAAAAABUWcwABgAAAAAAAAAAAAAHQQAMAAAAAAAAAAAAAA6CABgAAAAAAAAAAAAAHITh/Pnz5soeBAAAAAAAAAAAAAAgm5eXlyQpIiLC5n26du0qiRnAAAAAAAAAAAAAAOAwXDw8PJSVlaXMzExlZWVZ/TOZTMrKypIkmUymSh4qAAAAAAAAAAAAADgeJ6fsebvOzs5ycnKyzAAuDReDwSCDwWDpNO+BnJycZDabZTZnV4rO+S8AAAAAAAAAAAAAoPQMBoPlvzmZbc5zpeWS01HuYDfnAGaz2TLzlwAYAAAAAAAAAAAAAOwndwAsyT4BcEEzf3M6N5lMltm/BL8AAAAAAAAAAAAAYH85E3QLq9xcEi55O8k9IzhnFjAAAAAAAAAAAAAAoHzZLQCWfp9OnBP6ms1mS+e5Q2ACYQAAAAAAAAAAAAAou9zlnvOWgy4tl7yhb+6vpfyBLwEwAAAAAAAAAAAAAJRd3rC3rOGvlGsGcO5OCwt/C3sOAAAAAAAAAAAAAFAyBQW+BoNBJpOp1H265J1WnDMLWCLsBQAAAAAAAAAAAICKVOYAOHdHBXWegzAYAAAAAAAAAAAAAOzPHqWfc7jkLvlcVOf2PCgAAAAAAAAAAAAAwP5cJGb6AgAAAAAAAAAAAIAjcMn7BDN9AQAAAAAAAAAAAKB6cqrsAQAAAAAAAAAAAAAA7IMAGAAAAAAAAAAAAAAcBAEwAAAAAAAAAAAAADgIAmAAAAAAAAAAAAAAcBAEwAAAAAAAAAAAAADgIAiAAQAAAAAAAAAAAMBBEAADAAAAAAAAAAAAgIMgAAYAAAAAAAAAAAAAB0EADAAAAAAAAAAAAAAOggAYAAAAAAAAAAAAABwEATAAAAAAAAAAAAAAOAgCYAAAAAAAAAAAAABwEATAAAAAAAAAAAAAAOAgCIABAAAAAAAAAAAAwEEQAAMAAAAAAAAAAACAgyAABgAAAAAAAAAAAAAHQQAMAAAAAAAAAAAAAA6CABgAAAAAAAAAAAAAHAQBMAAAAAAAAAAAAAA4CAJgAAAAAAAAAAAAAHAQBMAAAAAAAAAAAAAA4CAIgAEAAAAAAAAAAADAQRAAAwAAAAAAAAAAAICDIAAGAAAAAAAAAAAAAAdBAAwAAAAAAAAAAAAADoIAGAAAAAAAAAAAAAAcBAEwAAAAAAAAAAAAADgIAmAAAAAAAAAAAAAAcBAEwAAAAAAAAAAAAADgIAiAAQAAAAAAAAAAAMBBEAADAAAAAAAAAAAAgIMgAAYAAAAAAAAAAAAAB0EADAAAAAAAAAAAAAAOggAYAAAAAAAAAAAAABwEATAAAAAAAAAAAAAAOAgCYAAAAAAAAAAAAABwEATAAAAAAAAAAAAAAOAgCIABAAAAAAAAAAAAwEEQAAMAAAAAAAAAAACAgyAABgAAAAAAAAAAAAAHQQAMAAAAAAAAAAAAAA6CABgAAAAAAAAAAAAAHAQBMAAAAAAAAAAAAAA4CAJgAAAAAAAAAAAAAHAQBMAAAAAAAAAAAAAA4CAIgAEAAAAAAAAAAADAQRAAAwAAAAAAAAAAAICDIAAGAAAAAAAAAAAAAAdBAAwAAAAAAAAAAAAADoIAGAAAAAAAAAAAAAAcBAEwAAAAAAAAAAAAADgIAmAAAAAAAAAAAAAAcBAEwAAAAAAAAAAAAADgIAiAAQAAAAAAAAAAAMBBuFT2AAAAAAAAAICKZjabK3sIAAA7MhgMlT0EAKgyCIABAAAAAABwSyD0BQDHlfs9njAYwK2OABgAAAAAAAAOLXcoUNjXAIDqK3fgazAYLO/vBMEAblUEwAAAAAAAAHBIecPenMd5/wsAqN5ygt6c8NdgMBAEA7ilEQADAAAAAADA4eQOeXN/ffPqVd28fl0mGeTsVVNOHh6VOUwAgB04OzvL2dlZrq6ucnHJjj3yBsGEwABuJQTAAAAAAAAAcCh5w9+cf8cWfKYLGzdZtR32/fLKGCIAwE7MZrOysrJ08+ZNJScny8XFRe7u7gWWhSYEBnCrIAAGAAAAAACAw8kd/JpMJh2Y8YGuHzpc2cMCANiZwWCQi4uLvL295eXlpRs3bigxMVFeXl5ycnKyagcAtwqn4psAAAAAAAAA1UPe2b8mk0nHFnxG+AsAtwCDwaDatWvL3d1daWlpMplMBa4BDwCOjgAYAAAAAAAADiX3hf4bx6MVt2lzJY8IAFCRatWqpczMTGVmZhL+ArglEQADAAAAAADAIRQ0+/fS9h2VPCoAQEUzGAyqWbOmMjMzmQUM4JZEAAwAAAAAAACHkTcEvhEZVckjAgBUBg8PD2VlZRH+ArglEQADAAAAAADAoeRc7DebzUq9cqWyhwMAqATOzs5Ws38JfwHcSgiAAQAAAAAAUO3lvbBvueCflVVJIwIAVCaDwSBJBYa/hMEAHB0BMAAAAAAAABwGs7wAAAXh/w8AbiUEwAAAAAAAAHA4XOgHAEj8/wDArYkAGAAAAAAAAAAAAAAcBAEwAAAAAAAAAAAAADgIAmAAAAAAAAAAAAAAcBAEwAAAAAAAAAAAAADgIAiAAQAAAAAAAAAAAMBBEAADAAAAAAAAAAAAgIMgAAaAamr+gs8U0meAQvreo88+/6KyhwMAAAAAAAAAAKoAAmAAqIZ27grXBx/P0tVr13T16lW9P/Mj7d23v7KHBQAAAAAAAAAAKplLZQ8AAKqytLR0db0jyPL4qSfG68UXnrfrMRZ89rlmfvix5fG+3Tvk6elZ5D5HIqPyPXf8eLTu6N7NrmMriWnvz9TnXy6WJDk7OenwgX127X/RkqV65733LY8j9u5WjRpuJe4nMTFRmzZv1d79+3Xy5CmdP39BiUlJSktNlYenh2r51lLdunUUGNhBXTt3Vs8e3dWwYcMSH+fhcY/p4MFDJd7PFgvmzdWdwUFFtinN8d3c3OTh4aH6fn4KaOqvzp07KbhnD3Xu3Kkswy0XR48e087w3Tp46JBiYs7q4qVLSkm5qaysLHl6eKhO3ToKaOqvjoGB6nFHdwX17CFnZ+cKHeOYRx5XxIGDlsffL/9a7dq2sUvf//zX/+nTefMtjyf9+Y+a8MxTdukbAAAAlSMzM1OZmZnKyMiQyWSSyWSS2WyWJBkMBjk5OcnJyUmurq5ycXGRiwuX9QAAAFAw/lIEgGqo2+1drB4bDAZ17dq5kkZTPcTFXdT/zZ6rVT+vVlpaWoFtkpKSlZSUrNjz53Xg4CEtWfq1DAaDeva4Q/cNH6bQoUPk6upawSOvOOnp6UpPT1dCQoKiT5zQhk2bJUkBTf31yLixGj3qwUo9/6SkZC1b/q2+WvaNYmLOFtouMSlJiUlJiok5q23bd2ruf/6rWrV8NSx0qB57dJz8mzQp97FGHDhoFf5K0sL/fa7p7061S/81atSweuzmVvKbIQAAAFD5srKylJaWpvT0dJlMpkLbmc1mZWVlKSsrSxkZGZIkJycnubm5qUaNGhV+syMAAACqNkpAA0A11L1bN735+qsKaOqvgICmmvqPNxTYoUNlD6vK+vb7HxQ64gF9+/0PhYa/hTGbzdr9yx698tobCrtvpCUUvZWcPRer96bPUNiIB3SgnGY1F8VkMmnxkq808N5QzfjgoyLD38LcuJGgLxYt0ZDQEZr63nQlJCSUw0h/t+Czz/M9t+qn1YqPv2yX/t3yBPGlmQ0PAACAymM2m5WcnKyEhASlpqYWGf4WxmQyKTU1VQkJCUpOTrbMFi6JY8eP67Yu3S3/2nTopPa3dbU87nlXL0nSm2+9o3nzF5a4/+L8vHqtnnxmot37rQq6dA/S9evXK3sYhXpv+kwF391HffoP0rHjx23a5/r167qtS/dyHpk1e34fbX0dDw4drkOHD9vlmPYUGXVUg0OHV/YwAADVBDOAAaCaGj3qQY0e9WBlD6PKm7/gM33w8Syr57y8ampA/37qcUd3tWjeXH5+9eTm5qbk5BTduHFDZ2JidOjQYe3Zl10mOsfZs+f0j7ffUZ9eISUqt9a+fTvN+nCm3c6pfoP6JWpfq5avvlr0RbHtUlJSlJiUpAsX4nT4yBHt3BWuU6fPWLafPRercY+N1wczpmnIoIElHndpXIqP199eeqXANa5r1fJVUM8e6tSxo/yb+svH21vOzs5KTk5WXNxFHY8+od2/7NGZmBjLPllZWVq85Cut37BR77/3joKDetp9zGfPxWrDxk35ns/MzNQXi5bYpYy8a54Zv26uBMAAAADVRVpamlJSUkoV2BbVZ3p6ujw9PfNViylKu7ZtrZbvef4vLyooqKfGjXnYbmOrSM//5UX17h2iBx+4v7KHUmKLlnyliIgDmvn+e+V+rN2/7NG27Tu0af0amUxZBVYUqs7fSwAAQAAMAHBgu8J368N//svy2NnZWc889YSeHP+4atasWeh+3W7vqgfuGyEpe63ZH35cpaVfL1NqaqpGj3qoxGttubm5KSCgaelOwg4CAgJKfPwRw8Mk/T979x3X1NXGAfyXhL0RUJw4UFFRERFUVMSFu+69Z7XWt1q3te66q61aW/feey+G4N7gVsCFCAKiskeS9w/kSkyAAEEUf9/Ph8/LuTn3nCc36SvJc89zgBs3b2Lh4qUIuJN297NUKsW48ZNQxNwcznWcNB5rRo8eP8HwEaMQ/uaNwnH7alUxYvgwuDVqoFapu4ePHmPNuvU4eeqMsLLizZsIDBk+EtN/m4KuXTppNO6Nm7cI81QoXw7t27XF0r+WAwB27dmLEcOHZLvPd3Y+/4ImJ1/yEREREVHBiYuLy3FVInWlrypOTU3N8vMOUfDTp6jlUBP6+noFHQoRERHlE5aAJiKiQkkul+OPBYuEu+olEgn+Wb4Mo0eNzNGXIXZ2lTFx/FicOnYYXbt0+u5WXdd2dMT2rZswsH9f4ZhUJsP4SVOQkJCQb/MGBT/FwCHDFJK/RYtaYcXfS7Fn5zY0cXdTe58zu8qVsGThfBzctwu1HWsJx6VSKX6fORt79u7XWNzv37/HgYOHhXb/vn3Qo1sX6OvrAwBiYmKwd//BPM+jo6NYAlqHJaCJiIiIvnoxMTH5lvzNKCkpCTExMRofV5qaij+X/Y36Dd1RtYYjuvbog3v3Hyj0iY2NxW+/z4CLayM41W2A/oOG4v6Dh2rP8epVKMZPnII69RrAwckFP3TqhkuXr3yKQSrFgkVLUL+hO2o710fzlm0xf+FiyOVy1G/ojqPHT2DCpKmo39AdU6fNUDnHrj17MX7iFKXjCxf/ib+WrxTa02fOwbbtO/HfmnVo5N4cNWu7oEPnbvD2OadwXkxMDKbNmAXn+g3hWKceBgwehuCnTxX6xMfHY9nfK0POstwAACAASURBVODWpAWq16qDxs08sHnrNuHxn0aPwbTpM7HvwEHUb+iOVm07CI8FBgVj0NAf4VS3AVxcG2HC5KnZlkTesm07mnm0Qc3aLmjaojXWb9wsfDb+afQYTJ02Azt371GaK1121/LO3bvo2ac/7B2c4OLaCH8u+xtSqVShj5e3D9p36oraLq5wa9ICK/75V6mPpq8jkLYFVDOPNqjtXB8N3Zvhf2PGITIySnhcnfcxAMTGxuG332fAuX5D1KpTF4OHjUBQcLBCnxcvX2LET6NR28UVtV1cMXzkKDx99qmKljrxTp85Bxs3b8WcP+bDxbWRcPN1UHAwBg8bgVp16sK5fkNMnTYDcXFxmV6/gUOG4cLFSwrHfP3Oo1adusK+4emmzZiFI0ePaeR6ZhSfkIA5f8xHvQaNUatOXXTu1hM+vn4KfTzatMe16zfwv7Hj4VinHqrXqoP/jRn3VZdLJyL6VjEBTEREhdLNW7cQGBgktHv36oFGDRvkeryiRa0wa/o0WFhYaCK8b4pELMaEcWPRueOnLwbevInApi3bsjgr9z58+IDhI0YhOvqdcKyWQ03s3bkdTd0b53rcira22LhutVISf8bsubh85Wqux81o+87dSExMBACYm5uhXbs2MDExQYcf2gl9Nm/ZBmku9njL6PMVwCwBTURERPR1i4mJUUrC5KeUlBSNJ4H//Gs5dHV1cebkUVy/cgHNmrpj0NDhwt+/UqkU/QYOgbW1Nc55nsa1S34Y2L8vho8chefPX6g1x7XrN9CsqTt8zp7CrWuX8cvonzBq9BhERb0FAGzeuh0PHj7CyWOHcePqRWzZtA6VKlWESCTCRT9vtG3dCgvnz8VFP2/Mna06AZwTy1euQkhICA4d2IPb1y9jwrixmDpthrDlS2pqKvoNHAK5TIbTJ47i5rVLGDF8KMb8OlHh+gcFB8PE2Bj79+zEnVvXsPa/VVi3fhPO+Z4HAKz8eylmz5yOzh074KKfN04cTbtpNDT0NQYMHoru3brg2iU/+HqdQeVKFdGn/6BM30+LlizD4SPHsPa/f+B/4wo2rPsPZz29MG/BYoW5unTqqDBXRlldy/iEBMyc/QemTp6IgJtXsWXDOpw6c1bh8+FZT28sWLQEC+fNwY0rF3Bg704EP32K6TNnq4xZU9fx/oOHWPznX1i3ehVuXL2IU8cOo149F5iYGAtjZPc+Tve/seNQrVpVXDjnhWuXzqNZU3f07NMfr1+HAQDCwsPRrUcfNHCtj8vnfXDlwjk0dXdHj979EBr6Wq140y1fuQpWVlbwPnMSNarb49WrUHTv1Q9NGrvh6kU/XPT1Rs0a1fG/MeNUXj8A6NC+PQ4fPaZw7ODhI5DJ5PA59ykJK5VK4et7Hs2aNtXI9cw47sDBw5CYmIgTxw7h1rXLmDj+V/z2+wyc9VTcImns+Ilo5dEc1y6fh8/ZU5DKpJg0dVqmz42IiHKHCWAiIiqULl+5ptDOuIKVcmfi+LEwNzcT2vs0sJJVld+mz8Kr0FCh7eJcB5vWr4GVlWWex9bS0sL0aVPx47AhwjGZTIZxE6fgw4cPeRo7OTkZ23bsEto9unWF3sfSzP369IJIJAIAvAoNxenTZ/I0l65SCWgmgImIiIi+VnFxcV80+ZsuJSUlyxWDOVWvrgt+GjEchoaGMNDXx/Chg1GsWDFcvpr22evMWU+Ym5tj1MgfoaenB5FIhMZujTDyx2FYt3GTWnN0+KEdPFo0h6GhIUQiEdwbu6Fmjeq4ddsfAPDy5UvUcqgpJKCsixUTtu/RNKk0FW8iIjBrxu8wNzODSCRC/Xp1MW/ubCxZ+vfH5+wFqUyG2TOnw8zUFEDa55dxY/+nMFZ1e3sMGtgfFhZFAAC2FcqjV8/u8LtwIcsYVq9dj/59+8CjeTOIRCLo6upi8MABsLW1xZmzXkr9o6LeYvPWbfh35XKULWsDAChTujT+WfEXdu/dizcREULfvOxB/ftvU2BfrSrEYjEqVaqIiePG4kiG5OPipcuweOE82FWuDAAoUqQIFs3/A75+FxAREak0nqau48uQEJS1KQMbmzIAAAMDA/To1lXhBtrs3scA8ORJIOyrVUPP7t2gra0NLS0t9OzeDV07d8bqtesAAKvXrEO7tm3Qu1cPoU+3rp3RpVMn/LdmnVrxpqtWtQqGDx0sbBW0eu16dPyhvdLY1apVxZMngSpfk+bNm8LP7wKSk5MBAAkJibh56zaWLJyPQ0eOCP18/c7DyckR+vp6Grme6c56eSMhMVHhNXSu44R5c2Zh0Z9LFfr27tEdLT1aQCKRwMKiCObNmQVvH1/Ex8erfG5ERJQ73AOYiOgb1W/gEFy7fgMA0KqlB/5cNL+AI/q6vAwJEX43NzeDdbFiBRhN4WBsbIwO7dthw6YtAICQV68QGBgEW9sKGpvD55wvzpz1FNplypTGX38ugra2dhZn5dzoUSMR/PQpTp9JmysqKgpL/1qO6dOm5nrMI0ePIyoqrRSWtrY2enbvJjxW1sYGbo0awuecLwBgw6YtaNXSI9dzcQ9gIiIiom9DUlLSFyn7nNX8WlpaGvl70bmOk9KxCuXLIeJNWlLxtn8AvH3OoWef/gp93kZHo0L58mrNERkZhYVL/sTDR4+h9XHLl9v+AWjp0QIA0K1rZ/QfNBQPHz1G/XouqONUW0gyatrrsHBUrlRJuJEzXaOGaaV+ExIS4R8QgCaN3ZT6NHCtr9BOTU3FylX/wcv7HCQSsfC8MlYKUuXipUt4HRYOL28fheMvQ0LgULOGUv87d++iWtUqQkIvnZmpKWpUr447d+6iaRP3rJ94NrS0tFDdvprCsQrlywvJ5YSERDx+/AR/zF+kdG5CYgJehYYq3dyrqevYoH49rPp3Nbp074WmTRqjloMD6jjVVtg+KLv3cbounToq9Wvq7obZf6R993Lz1m1MHP+ryj4zZs9VK950jrUclK6HqrG7dO4orD7/nIG+Plxc6sDH1w8tmjXF6TNn0ayJO9wbN8LMOXMRFxcHQ0NDHDpyDJ06tFcrPnWuZ7pbt25n+ho+f/5CmB8A6tSprdDH2NgYlhYWiIyKQpmPSXAiIso7JoCJiKhQSk1NFX43NlYuT0S506hhAyEBDAD3Hz7UWAJYLpdj2d8rhLZIJMKfixbA9OPdw5okEokwf+5s3LrtL9yBvmffAQwdPAglShTP8XhyuRwbNn+6Lq1beSh9qdG/b28hAXzn7j1cv3ETTrUdcxW/cglozSbIiYiIiCjv5HJ5rla0Rd+9h6hr1xH77LnCcaOyNrB0rgOzalVzNF58fDx0dHSUEjM5pWrVn5ZECzL5p+1NJk0Yh2FDBuV6jnETJ8O1fj0snDdXODZm3ATIkbZa1a5yZficPQ2fc764ddsfW7ftQNGiRbHm35XQ09NTaw6xSIxUaarS8aSkJKVEuVRFv3Tpl1OdlbRr123Ao8dPsHvHFmGOXXv2ZrsVjYGBAbZt3oAa1e2znSNdZvHI5fI8vweAtM8en48j0ZJALvs0r4G+PnZsVW/Vd8b4spPddTQ0NMT+PTtx5eo1XLt+A8tXrsLLlyHYvGGtsCJanfcxACEhqhAjso9RDrnw5lD3dU9PjGZHLMq6mOcP7dth7779aNGsKQ4ePoxfx/wCiUSC5k2b4OTpM2jV0gO3/f2xZOE8teJT53oqPHc133uqXoPP30NERJR3LAFNRESFkpnpp1LFYWHhSCzAu+4Lk1KlSiq0P79LOi8uXrqMR4+fCO22rVuhWtUqGhv/c/r6+vhpxHChLZVKsWXbjlyN5et3HkFBwUJ7QN8+Sn3qujjDrnIlob1+4+ZczQUAOjqKCV8drgAmIiIi+urEx8fnqMxu5NVruDxiFPxnzELIseN4d++ewk/IseO4PX0mLo8Yhcir17If8KPcJqJzqrajo9JKVSDt72x1BQTcUSrp/OLFS4W2vr4eWrVsgSmTxuPE0UOIiYkRyveKJdknkaysLBEc/EzpeHqFrXTFrYshMChY6TX09buA8uXKQU9PDw41a8DL2wcymUypT0b+d+6iTauWCgnm5589L4lErJSEdKrtqHLFZ2bXtEZ1e9x/8BCRkVEKx6PfvUPAnbuobq9+Ilmda6mKvr4eypa1waXLV5QeyyxuTV5HsViMenVdMHrUSGzbvAEtPVpg1569OX4eBw8fVTrm6eUjrNZ1qu2Is57KZbg9vXzg6OCgdryqONSsqXLsjKWcVWnoWh/+AXfw4sVLhIdHwP7jzSIdO7TH4SPHcPasJ5q6NxZW8Gryeqb/96/qNSxXrqxQ3pqIiL4cJoCJiKhQqmL3qQxYcnIyDh7K+oMSqSdjYh0A4jT4RdKhDB+wJWIx/jf6J42NnZkunTqidKlSQvvo8eOQfvaBVR0ZV0W7ONeBnZ3qMnT9MySGfc754ukz5S+e1KGtzT2AiYiIiL5mUqk0R6WfHy7/B3cXLkbixzK6RjZlYe3mBtsB/WE7oD+s3dxgZFMWAJAYEYG7Cxfj4cpVao+flJSUo0RsbjRxd4NYLMaU36YL5YAfPnqErj164/XrMLXGqFatKk6dOSu0jxw7Luz/CwD//Lsax46fxPv3HwAAwU+f4XVYGEp/vFG1rE0ZXLx8GXK5PNM5nZ3rIPR1KNZt2IiEhETExsZiydK/8OLl5wlZLZibmeH3GbMQHR0NmUyGCxcvYfLUacLetM2bNYWOjg6mTJuOt2/fQiaT4dLlK1iydJlCUs2+WlWc9fISXoMnTwKxbftOhflsypTB7dsBiIuLQ/S7d0hISMSwoYOxZ98BbNqyDfEJCZDJZPDy9kHPPv1V3lxQpEgRDOzfF8NG/ITAjzeoPn32DD+O/Bm9enRTqlKUFXWuZWYmTRiHcRMnw8fXD1KpFAkJiVi7fgNmzvlDZX9NXcfTZz2xeu16hIWHA0hLfN+7fx9lypTOUfwVK9ri/v0H2LZ9p1DGfdv2ndi7/wCGDh4IABg6ZBCOnziFzVu3ISkpCcnJydi+czf2HTiIH4cNVivezAwbMgiHjhxTGvv+g4eoWNE20/MkEgmaNXHHqF/Gon27NsLx6vb2CH/zBms3bFIoP63J69nE3Q1GRkbCayiXy3Hp8hVMmfY7Jo4bm+1zJiIizWMCmIiICiV3dzeFD4qLlizFxUuXCzCiwiE2NkahrW6ZtezI5XL4Xfh0d3e9enVRskQJjYydFYlEovABODIyCg8ePMzRGA8ePMSVDCsw+vftnWnfNq1bwtLSAkDac964aWsOI06jVAJaRQktIiIiIio4OUn+Xv91IsLOnQMAmFatirqrVsBpyQLY/TwSpdq2Rqm2rWH380g4LVmAuqtWwLRq2qq+MG8fXB83IV9iyg2JRIJ1q/+FiYkxOnTuDnsHJ/zy6wT069MbxYtbqzXG/LmzcfLUabTr0Bnde/XFo0eP0aNbV+Fxh5o1sGfffjRq0hw1HJ3x8//G4vepU4Q9hvv364OIiEg4ubhi1P/GqHzOBvr62LhuDU6dPgunuvXRzKMNtLS0MHjgAKW+w4cNgY1NGfzQqRtq1nbBwsVLMXf2DDRxbyw8503r10BbSwsebdrDwaku/l29FkuXLIS52aebZ4cOHggDfQO0bt8R3Xv1xYpV/wlJ5HT16rrA1bUeGjVpgU5de+D5i+coamWFPTu24vqNG2jo1hQ1a7tg7fqN+G3KpEzLOY/9ZTQ6dmiPH0f+DHsHJwwZNhKtWnpgQg6TcOpcy8w0cK2PJQvn49//1sDRuT5cG7nj3v0H+HnkCJX9NXUdK1esiEePH+OHTl1h7+CEdh06o45TbXTv2iVHzx0A/l62BHfv3YerW1M4128ET28f7Ny2GdbWae/lYkWLYteOLbh0+SrqNnCDi2sj+Pr6Yff2rUIfdV53VUqUKI5d2zfjnO95uLg2Qr2G7rhz5y7+Xrok23M7/NAed+/eQ4f2bRWOt2/bBo8fP1FYBa7J6ymRSLBuzb8wMjRE63YdUcPRGUuW/oX5c2fDvbFbtnETEZHmiRITE1lcn4goE0lJyXBwchHaQwYNxK9jRmt0jvUbN2PRkqVC+8aVC2qVxuk3cIhQoqpVSw/8uWi+RuPKqXkLFmHz1u0A0lZv3vW/kc0ZObNtx07M+WOB0L59/Uq2qx5X/bcGf6/4R2hLxGL079cHgwb0g4WFhUbj+1z33v0QEHAHAFCjRnXs2pb7cr9f0/y3bvujV99PX4zMmTUdnTt2yPO4QUHBaNuhs9CeMmkC+vbumedx1XHn7j106/lpZe7kCePQL4sk7ufGTZyMY8dPAgBsbMrg+OEDEIszv8cu4/tSV1cXXmdOoIi5eY5iDn76DG3adxTaft5nhcQyERER0fcqfUWkTCaDTCaDVCqFVCrFhUFDszyv3cF9Go/l3bt3SqVQVXm4/B+EnTsHLQNDlO3WBaXatlZr/JCjx/Fs916kxsfB2r0x7H5SnVjLSCwWw8zMLNt+lGb6zDkoVaqksOKTiL5NoaGh0NPTg0QigUQigVgsFj6za2JfbCKi/JR+A9bt27fVPsfh41YEXAFMRESF1ojhQ9G+3ae7XqUyGdZv3IymHm3wv7HjcPT4Cbx//74AI/z2XLh4SaFdJZNSxzkV/PSpQrtmdfX3psqrqlXsoKWllSEW9csyh4WF4eSpM0K7X+9eWSZ/AaBHt67C6vSkpCRs37ErhxErl3xmCWgiIiKir0dqaqpayd/Iq9eElb85Sf4CQKm2rVG2W9oqvDBvH7X2BJbJZEhNTVV7DiIiIiL6dmll34WIiNKtXb8Ba9dvKOgwKAfmzZkJ2wrlsXzlKqSkpABIS7qdPuOJ02c8IRaLUcWuMurVrYt6dZ3h6FgLehlKR2tCQMAdVKleK8/jHDt8AOXLldVARLmTnJyssE+vpaUFKlfWTAI4LPyNQrtU6VKZ9NQ8iUSC4tbWeBkS8jGWcLXP3bRlu7BfkomJCTp2aJ/tOebmZmjfrg327N0PANixczeGDB6Yo/edzmd7AGuzBDQRERHRV0PdJGvghk0A0so+5yT5G+btAyAtCRxx9Rre37+PwA2bYOlcR63YMt78SERERESFE1cAExFRoSYWizF08EAcPrAHXbt0UtgXGEi7C/7e/QdYu34DBg8bAZf6jTBg8DCsXb8BL16GFFDUX6c16zYg5NUrod2hfXtIslntqq74+HiFtomxsUbGVZeRsZHwe1xcnFrnxMbGYe/+/UK7W5fO0NfXV+vc/n16C6Wm3kZH49DhIzmIFtDR0VZo6zIBTERERPTVSL/xNCvRd+8hMSICAFDl55Fqjx3m7YOHK1fh4cpVSIyIEM5NjIhA7LPnGomN0syc/hvLPxMREdE3iwlgIiL6LpS1scGs6dPg530G8+fORtMm7jBWkWRMTk7GlavXsGTp3/Bo3Q7de/XFiVOnIVWjhFthtnffAaxc9Z/QNjY2xuCB/TU2fvp+bd+S3Xv3ITY2LVkskUjQu1d3tc+tUKE8XOvXE9obN23N0TXQyZDw1dbW5r5FRERERF8Rdco/R127ASBt9a+elZVa46YnfwHA2s0NelZW0LOygpFN2Y+Pn9NIbERERET07WPNFyKiHGji7oafR47Q6Jhbtu3A/oOHNDomZc7Y2Bg/tG+LH9q3hUwmw/0HD3Hl6jVcvXoN127cREJCgkL/gDt3MXbcRFS0tcW8ubNQrWqVHM9ZoXw5bFy3Js+xmxcxz/MYOfXmTQQW/7kMR44dVzg+d9Z0mJmZamweQ0NDhfaHmBgUMf9yzzc2JjbTWFSRSqXYsm2H0G7p0RzWxYrlaM7+fXvj/IWLAIBnz5/Dy+ccmro3VuvcjAlgHa7+JSIiIvqqqJNkjXn6FACg/zH5G/vsOfStrCAxNFDZ//Pkr12GVcNGZW0Q+/yZMGZeYyMiIiKibx8TwEREOVC+XHnY2Wlmz9N0FSqU1+h4BUUikQi/y+RyyGQyiDVUHhhQLlWmpSXJpKf6xGIx7KtVhX21qhg8sD9SU1Nx2z8A3j7ncPzkaYSFhQl9nwQGonuvvlg4by5at/LI0TyGRkawtLTIc7z5LSEhATExsXgdFoa79+7hwsXL8PX1U1j9LBKJMGXSBDRv1lSjc1sXK6rQfvky5IslgKVSKUJfv84QS/aJ3OMnTym8P/r37ZPjeRu41oetbQUEBgYBADZs3KJ2AlgikUAiFkMqk7H8MxEREdFXJieVXYzKlUXss+e4NX0m9K0sUWvmDKUkcFbJ3/QxcC771b85jY2IiIiIvl1MABMRkUZkLKcsl8sRFxenssRybsVkWKFpYGCgkHDWFC0tLTjVdoRTbUeMG/sLPL28sXLVf3j46DGAtEThpKnTULSoFZxqO2p8/vwSEHAHVarXyvM45uZmmDNzBpq4u2kgKkXly5VTaPsH3EHNGtU1Po8q9+7dh1QqFdrlytlke86GTVuE32s71kJ1+2q5mrt/n96YNmMWAODGzZsIuHMXNarbq3Wuto4OpImJ0PlsX2siIiIi+vaI5PiYCJ6hkATOLvlLRERERKQK9wAmIiKNMDNVLAf8ISZGo+PHxn5KAJuammh0bFVEIhGaNW2CPTu3oWuXTsLxlJQUzJg9N9/n/5qYmJhg6OCBOHn0UL4kfwGgfPlyMM3wHjrn65cv86jie/6CQtuxVtbJ8stXruLBg4dCu3/f3rmeu13bNgornTds3Kz2uemln3V0tHM9PxERERFpnkgkUrtv7NNnMCprA4dZ06FlYCgkgaVx8Wonf2OfPsuX2IiIiIjo28UVwEREpBGf7wf7/PkLlCxRQmPjP3v2XPjd1FRze89mR0tLC7OmT0NUVBS8vNPKqgUFBePuvfuwr1b1i8VRkPbs3IYypUvl6xwikQgNXevj6PETANKSrC9ehuT7vKmpqTh46IjQtrCwQNVs9nn+PEk7esw4jcVz5qwnXoWGqvXfTnriV1eHK4CJiIiIviZisVihwowqxuXK4f39+4h9npa8TU8C3/59JmKfPce1cROQGBEBIPuVv7EfPysZf1ZVJ7PYiIiIiKjw4199RESkEZ/vjRxw565Gx79z757we1U7O42OrY6hgwcptO/eu//FY8itEiWKw8/7bJY/533O4sqFcwi4eRWnjh2Gvr6+cP6MWXO+yF5h7du1FX6XyWRY9veKfJ9z9559eBUaKrTbtmkFSRZfigUFBcPvwsV8i0cqk2HT5q1q9eUKYCIiIqKvkzpJVos6tQGkJW/TE70ZVwKrm/xNjIgQksjWalTrYQKYiIiI6PvAv/qIiEgjypUtq1DK9vKVqxob+9HjJ4iOfie0HWs5aGxsdVWtoph0jo6O/uIx5JalpSUsLS2y/LGwsICJiQm0tbVRpkxpTBw/Vjj/0uUr2LJtR77H2cC1Hira2grtk6dOIyDgTr7NFxcXh3/+WyO0JRIJ+vTqkeU56zduVkqG6+vr5/kno30HDuHDhw/Zxn/s0H7cuHIBWzdvyMGzJiIiIqL8pq2d/Q165vbVoGdlBQB4uGKVcDxjElidPX8fLP8HAKBnZQWjsjYaiY2IiIiIvn0sAU1ERBrj5OSI02c8AQBXr13H02fPUK5s2TyPu3PXbsV5ajvmecycSklJUWhraRXuf0K7d+0CL+9z8PU7DwD4c9nfcK1fDxXKZ19WLrdEIhF+GT0KP43+BQAgl8sxdvwk7Nm5DebmZhqdSyaTYcLkqYiKihKOdenUEaVKlsz0nMjIKKFENQAM6NdXIVGeF48eP0GHzt0AAPHx8di1Zx+GDh6Y5Tl6enoamZuIiIiINEvdzwq2A/vj7sLFeHfvHkKOHkeptq0BpCWBnZYsEBLEmQk5ehzv798XxsptbO/ev8fKf/7DqdNnEP7mDSwsLPBDuzYY+8tohYTxvfsPMH/hYty67Q9TUxN069IZo0b+CIlEAgB4EhiE5Sv+wcXLVxATE4OyNmUwdPAgdOncMUfzqPL27VvMW7AYXt4+kMvlcHd3w5SJE2BhUQQA0KJVWwQGBcPgs5sr4xMS0LN7N8ydPSPXYwNAh87dEHDnrsL41apVxa7tW7KMuyD9OmESSpYogbG/jM7zWDVru8Dn7EmYZ7jpO6PGzTywfNkSVLe3V/n4pKnTcODgYWireP+tXP4X3Bo1UHmeOq9NVjxat8OrV6GIT0jAkEEDMWXSeEilUmzeuh179+1H8NNn0NPTRUNXV0ydMhHFihZVa1wiIqJvAVcAExGRxnTr0ln4XS6X49//1uZ5zFehoTh05JjQdnGuAxubMtmeJ5XJ8jx3Ro8eP1Folyqpuf2Nv1ZzZ80Q9nZOSkrChElTkZqamq9zNnF3Q9Mm7kL7VWgo/jd2HJKTkzU6z9K/Vgh7OgOARZEiGPO/UVmes3X7DiEOiViMPr2zXi2cE5UrVURdF2eFuT6/6YCIiIiIvg1aWlpqlVq2dK4Da7e0ss1P9+xFyLHjwmPqJH8DN24CkFYm2tK5TrbzicVilQngX8aOhxxybNuyAXduXcO61atw4dJlLP1rudAnKDgYAwYPxQ/t2uLqRV9s27QB/v4BmDz1dwBp1XUGDR0OFxdnnD5+GLeuX8bkSRPwx/yF8PH1U3seVZKTk9G73yCYmpni9Imj8Dx9HMWKFkXPPv2QmJiYdr309bF7x1bc9b+h8GNXuTLcG2deGludsYG0mzS9z5xUGPtrTv4CQIf27dDEvXFBhyEYN/YXpdfnrv+NTJO/6r42WTl1/Aju+t/A/37+STi2eu06+JzzxYJ5c+F/4wqOHz4IHR0djPgp74lyIiKirwkTwEREpDGu9evBrnIloX346DGFFZM5JZVKMW7CZCQkJAjHBg3op9a527bvxLQZs5CUpJnE4aYtn/ZllUgkcK7jpJFxv2aWlhaY8ftvQvv+gwdYvnJVFmdoxtxZ01G8uLXQvnb9BvoNHIKIiMg8j52amorpM+dg7fpPZZPFYjEWZ7m7aAAAIABJREFUL5wHU1PTTM9LTEzEzt17hXazZk1QsoRmbwLo37e38PubNxF5+m+HiIiIiAqWjo6OWv3sfh4JI5uykMbFIXDDJtyePkvY/1eVxIgI3J4+S0j+GtmUzbZMdHYx/bN8GX6bPBGlS5WCjo4OqthVxpSJ43H8xCmhz+Ily/DjsCHo0rkjDAwMULasDVat/BsXLl2Cf8AdGBoa4tSxw+jdszuKFCkCA319NG7UEP379cGJk6fUnkeV7Tt3o1Spkvht8kRYWBSBubk5Jowbi4oVK2Lz1u2Znnfj5k18iPkA98aN8jx2ZGSU2qtOvxYNG7jCoWaNgg4j13L6uj96/Djb9xIADBk0EOtWr4J9tarQ0dFB8eLWmDd3Fu4/eIjXr8Py46kQEREVCCaAiYi+EzExMbh85Wq+f6AZ/+sYhbvdp/w2HYcOH83xODGxsfjxp9G47R8gHKvr4oyGDVyzPTcxMRFr1q3H3n0H0Klrd1y8dDnH82d08NARobQ1ALRo1hQWFhZ5GvNb4dG8Gdq3bSO0163fiFu3/fN1TlNTU6z+Z4VCQtY/4A46d+8Jb59zWZyZtcDAIPQfNBS79+5TOD592hSF1beq7DtwEO/fvxfa/fv2yXUcmXFr1BBlbT7t27Zx09YseqfJ7xXZRERERJQ7urq6avd1WrJAWAn87t49XB4xCtfHTcDDlasQcuw4Qo4dx8OVq3B93ARcHjEK7+7dA5C28tdpyYI8x2RgYKDyWPpq4cTERPieP4+unTsr9NHV1UWH9u1x/MTJTMfR19cXyv5mN09mTpw8hR7duigd79GtC44dT5t7367tqO1YS+Hxrdt3omf3bkKJ6tyOLZVKkZCYCCMjoyzjzCmPNu1x++Mq6jr1GqBWnboYPGwEgoKDFfoFBgVj0NAf4VS3AVxcG2HC5KmIjo7O8BxOY/Qvv2LHrt1wb94S6zek3RwwfeYcrFn36cbX+IQEzPljPuo1aIxadeqic7eewursdDExMZg2Yxac6zeEY516GDB4GIKfPtXo81aXOq9NRs9fvMTFS5eyHVdbW1vpPaelpSX8EBERFRZMABMRfQfu3L2HFq3bYeCQ4Wjeqi0OZyiprGn169XFyB+HCe2UlBRMmjoNv06YhOCnz7I9XyqT4dDho+jUpQfOX7goHLcuVgxLFs2HSCTKdowLFy8hMjJtb9fgp88weNgI9Ok/GKfOnM1RKeHo6HeYO28BpkybLhwzNDTEmF9+VnuMwuC3qZNgbZ22Ilcqk2Hi5N8QHx+fr3Pa2lbAxrX/wcrKUjgWERGJkT//gu69+sLX77zaZb4DA4MwcfJv+KFzN9y8dVs4rquriz/mzFQoXa6KTCbD5i3bhHaN6vao5VAzh88oeyKRCP369BLaj588UfhvIKP0PYNrODqjY5fuCAoumC9liIiIiEg1iUSSoySw3c8jYT9hnFD6OfbZc4R5+yBwwyYEbtiEMG8fxD57DiCtPLT9hHFqr/wF0v72zSoR+rlDh4+gaZO08sEvXryElaUVTEyMlfpVrWKHJ08CVY4hk8lw5OgxhS1esponM4GBQahapYqKuavgSWDa3Nra2gqfFd++fYszZ73QvatyAjGnY0dGRWW6921e/fzLWNhXq4qLvt64etEPTRq7oUfvfsKN26GhrzFg8FB079YF1y75wdfrDCpXqog+/QcpbBlz4eIlXLx0Gbu3b8UgFftBS6VSDBw8DImJiThx7BBuXbuMieN/xW+/z8BZT28AaTeX9hs4BHKZDKdPHMXNa5cwYvhQjPl1ImJiYvLl+WdFnddGU854eqFC+fIKnz+JiIi+dbytiYjoO7Bk6V949y5t9aJUKsWcP+ajbZtWau1LlRsjfxyGiIhI7NrzqWTu8ROncPLUGdhXq4q6Ls4oX64czM3NoKuri/fvPyAqKgq3bvvj0pUrQvI2XdGiVvhn+TIUUfNDd9Mm7hg39hcs+3uFsELyxs2buHHzJoyMDFG/Xl041nJAhfLlUbx4cRgapt2JnpiYiDdvIhAUFIwr167h3Dk/JCYlCeNqa2tj8YI/ULpUqRxdj+TkZLx48TJH52RJJEKZ0jmLIS+MjYwwb85MDBr6I+RyOV6GhOCPBYswZ+b07E/OAzu7yti9fQvGTZyKGzdvCscD7tzF8JE/o4i5OVxcnGFfrSpKlSwJExNjSCQSxMfHI/R1GJ48eYKr128gKChYaewSJYrj76VLUK2q8hcKnzvj6YUXL0OE9oB+ml/9m65jh/b4a8U/wmrj9Rs3o4FrfaV+EyZNxeMnaftSP3z0GL/PmIVtmzco9SMiIiKigmNgYIDk5GTI5XK1+ls614Glc52Pyd9ziPls5aVxuXKwdneDUVmbTEZQTSQSqVx9mxmfc744efoMjh5Mq5wTExsjfGb6nJGRET5kkhxcvPQvWFhYoLGb6hLMn8+TmQ8xMTA0NFQxtyESExORkpICbW1thcd279mHJo3dYGmZdeUmdcaOinqLsLAw2Nk7QCIRw9LCEvXr1cXPP41AiRLFsxw/K0+eBMKjRXP07tVDONa7Vw+8Cg3FmnXr8ftvU7B67Xr079sHHs2bAUhL5A8eOAABd+7hzFkvtG7lAQCQyqRYMG8uDPT1Vc511ssbCYmJmD1zupAod67jhHlzZmHOvAVo1tQdZ856QSqTKfRxca6DcWP/h/6Dhub6eaabt2ARVvzzr8Kx5k2bYPHCeSr7q/u612+YdoNBWHg4AMDLO61q1N/LlsCptmO2cYW8eoWZs+di6eKFOXo+REREXzsmgImIvgOvX79WaMfExiIq6m2+3d0qEokw4/epqFKlMubOWyjcmSyTyRBw5y4C7txVe6xaDjXx99Il2X5w/9zggf3hWq8u5i9agitXrwnHY2PjcPqMp0JJZ3VYFyuGRQv+UOsD5OcePnwEjzbtc3xeZiRiMe7639DYeOqo6+KMvn16CSth9+0/iCaNG6OJu1u+zmttbY3NG9Zg+87dWPHPvwplmN9GR+PEyVPCnmLq0NPVRY/u3fDjsMFZ7vmb0YaNmxXiafHxy5f8oKenh25dOgml2i5dvoJHj5+gcqWKQh+pTIagoCCF854EKraJiIiIqOClJ17j4uJydJ5RWRvYDuynsTgMDAzUqqQEANdv3MSkKdOwfu1/wqpXYyNjxMWprgAUGxsLE2PllcFr12+Aj48vdm3frHJuVfMcOHgYM2bPFfrMmDYVHTu0h4mxMeLi4pRWIMfGxkFPT08p+SuTybBj1x4sWvCHcGzqtBk4evyE0D56aB9Klyql1thVq9gh+PF9AGk3VIeEvMKW7TvQrVcfeJ46rrTSO7O5VOnQvq3SsWZN3DH7j/kAgIuXLuF1WDi8vH0U+rwMCVHY39eucuVMk78AcOvWbTRp7Kb0WjRwrY/nz18gLi4O/gEBmfbRhMkTx2Po4IFq91f3db/ol7aC+fRZT/j6+mHOrBlqzxEZGYV+A4fgl59HwbmOk9rnERERfQuYACYi+g44OtZSWMGora0NMzP1kl950b1rF7g1bIDV6zZg3/6DOSq/XKliRfw4bDA8WjTP9UplO7vK2LhuNW7cvIVdu/em3fWckJCjMczMTNGrR3cM7N8PRkbKdx9/T8b+bzQuXLwkrKj9fcYs1Ky5BxZFiuTrvGKxGH169cAP7dtiz9792LVnb45XVBsbG6PjD+0wdPCgHN1McPPWbfgH3BHafXr1yFHpvNzo3asHNmzaIqxeX79xMxb8MVt4XCIWw8HBQWFVdH6UpCYiIiKivNPV1UVqaiqSMlQW+tLzq1uK+t79Bxg1egxW/L0UVavYCcdLly6NiMgIfPgQo5SMu//gIWxtbRWO7d6zDzt27sGu7VtgrCI5nNk8HTu0R8cOyjfO2tpWwP0HD1C8uPVncz+ArW0Fpf7nfP2gp6+nkNCbO3sG5s5WTgzmdGyJRAIbmzL4bfJEXLx4Gddv3IRr/XoKfTKbS5XUVKnSMTk+rRg3MDDAts0bUKO6fZbjqFopqzRuJivR5XK5kPRVd7X6l5DT1yanPnyIQb+BQ9C7Z3d07dIpz+MRERF9bbgHMBHRd2DCr2NR2/HTytXajrWU7pLOL9bW1vh96mT4ep3G0iUL0bN7V9Sobo9SJUvCyMgQWlpasLCwQIUK5dGogSt+HTMau3dsxcF9u9CqpYdGylTXdqyFhfPn4pKfD/5btQI/DhuCRg1cUa5sWRgbGUEikUAikcDQ0BClS5VCXRdnDOzfF6tW/AVfrzP4+acR333yFwB0dXWwcN4caGml3T8W9fYtpk2f9cXmNzYywqAB/XDq2GHs370D438dA48WzVC5UkWYmJioPGdAv75YvWolLpzzxOSJ43O8knzDpi3C7/r6+uj2Bb4YKFa0KFq2aC60j584ifA3bxT6LJg3G3VdnGFgYIC6Ls6YOf23fI+LiIiIiHLH0NDwi33+ykhbW1utxCAABD99iqE//oSF8+cqVT3S19dDQ1dX7N67V+F4UlISDh4+LJQhBoATJ09jxT//YsvGdSr/9s5qnsy09GiBHbv2KB3fuXsvWrf0UDq+dftO9MlQVjmvY0ulyklaIK3scl5vDt2zb7/SMU8vH+EGT6fajvD08laeO5OYMlPb0RFe3j6QyWQKx339LqBcubIwMDCAQ80amfYpCDl93e0qVUKb1q3UGjs+IQGDhg5Hi+ZNMXjggDzHSkRE9DUSJSYmfj23dhERUb7x9PbBqNFjAABTJ09U+wMx0bciLCwMPfsMEPZ+AoDmzZriz0XzhaS1OgIDgzRyRzkRERERfVnpqxdlMhlkMhmkUimkUikuZLN/abts9qDVlJiYGGF7nPymra2tcvWtKqGhr9Gjdz9MnjgerVq2UNknKDgY3Xv1w6Txv6J1Kw9ERERi5uy5sLCwEEot+52/gIlTpmHrpnUoX65cruZRJTk5GT906gZX13oYMWwoxGIR1qzbgLOeXji0fy/09fWEviGvXqF1u4646OsFIyMjjYw99MefYF+tKtq3a4NSJUsi6u1brN+wGafPnsXZk8dy9FkjI4827fH+3Xv8/NMIdOncEQCwd98B/LViJQ7t24Pixa3xJiICHTp3x/Chg9G1Syfo6erC55wv/l29Fru2b4FIJMKJk6exd/8BrFu9SmH86TPnoFSpkhg6eCCkUin69B8EG5symPDrGJibm+PylasYN3Ey5sycDvfGbpBKpejWsw8qVrTFhF/HwMzMDFeuXsO8BYvwJDAIF329hHLdn2vczAPLly1BdXvVK5UnTZ2GCuXL56gEdE5e9+z8tXwl4uLiMWXSeKSkpGDI8JGwrVAe06ZOVnsM+naFhoZCT09PuPlfLBYLiw3ULY9PRFRQ0qvI3L59W+1zHBwcAHAFMBHRd+PWrU//SDR2a1iAkRDlD2tra6xb86/CSoMzZz3xy9jxapf+9vTyRocu3XHO1y+/wiQiIiKi75SxsbHa5ZjzQldXV+3kLwDMW7gIIa9eYcy4CbCzd1D4OXDwMACgQvny2LR+DQ4ePgLn+o3Qs+8A1KhRHfMzbFXyy9jxCAsLQ+t2HZXGefUqVK15VNHR0cG2zevx/t17NG/ZBk1btEZYeDh2bN2slATcvnM32rdtrVbyV92x586egXfv3mHg4OGoVrM22rTriNDXodi6aX2uk7/pli5ZiPsPHsLVrSmc6zeCp7cPdmzdJJQ9LmplhT07tuL6jRto6NYUNWu7YO36jfhtyqQcJa4kEgnWrfkXRoaGaN2uI2o4OmPJ0r8wf+5suDd2E/psWr8G2lpa8GjTHg5OdfHv6rVYumQhzM3Msp2jS/feSq9r63YdhccXLv5T6XE7ewf8tXylyvFy8rrnxO49++B3/gK2bt+pFMvkqb/nelwiIqKvDVcAExF9J3r1HYBbt/1ha1sBRw7szf4Eom9UUPBTDBg8FJGRUcKxShUrYtGCuahUsaLKc+RyOTZs2oJlf69ASkoKzMxMcXj/XlhZWX6psImIiIgoj772FcDpkpKSEB8fr/H9VkUiEQwMDL5IkpnyzqNNeyxe8Eemq2aJSDO4ApiIvmV5WQGct9vUiIjom5CcnIx79x8AANzdGhVwNET5q0L5cti1bQuG//QzAgODAACPnzxBpy490LZta7Rv2wZVq1SBnp4uXoeF4crV69i1Zy8ePnwkjFHHyQlFiqgub0ZERERElBe6urrQ0dFBfHy88KWeJsY0MDBgMoOIiIiIADABTET0Xbhz9x6Sk5MBAI2ZAKbvQIkSxbFz6ybMmjMPh48eAwBIZTIcOnwUhw4fzfJcjxbNsGj+H5BIJF8iVCIiIiL6DolEIhgaGkJPTw9JSUlITk6GTCbL0RhisRg6OjrQ1dXl365EREREpIAJYCKi78CtjyUizM3N4FCzRgFHQ/RlGBoaYsG8OWjTuiX+XPY3Hj1+kmV/iyJFMGniOLRt3eoLRUhERERE3zuJRAIDAwMYGBggNTUVqampSElJEcpYp5eJFolEQtlSbW1taGlp5Xn/WSpYp45lvu8xERERUV7xL0Uiou/AzVv+AICGDRoI+5wQfS8aNWyARg0b4MbNWzjr6Y179+8jIiIScshR1MoKpUuVQrOm7mjYwJVfohERERFRgUlP6urp6RV0KERERET0jeO3nERE34F/li8r6BCIClxtx1qo7ViroMMgIiIiIiIiIiIiyldcBkZEREREREREREREREREVEgwAUxEREREREREREREREREVEgwAUxEREREREREREREREREVEgwAUxEREREREREREREREREVEgwAUxEREREREREREREREREVEgwAUxEREREREREREREREREVEgwAUxEREREREREREREREREVEgwAUxEREREREREREREREREVEgwAUxEREREREREREREREREVEgwAUxERERERERERIWWSCIp6BCIiKgAyOXygg6BiKjAMAFMRERERERERESFlq6lZUGHQEREBUAqlUIsZgqEiL5P/H8/IiIiIiIiIiIqdEQiEUQiEUztKhd0KEREVAASEhIgFouFfw+IiL4nTAATEREREREREVGh8fkX/Vb16xVgNEREVBDkcjni4uIU/j1gIpiIvidMABMRERERERER0Tfv8y/107/oN7GtgGJujQooKiIiKgjv3r2DWCzOdAUwE8FEVNgxAUxERERERERERIVK+pf96T/l+/aGabWqBR0WERHlM7lcjujoaCQmJiokf7n6l4i+N0wAExERERERERFRoZH+BX/6l/3pCYAqv4xG0UYNCzg6IiLSNLlcjtTUVMTExCA8PBwpKSnQ0tJS+Dcg478NRETfA1FiYqK8oIMgIiIiIiIiIiLSBLlcLvzIZDJIpVLIZDLhJyk6GskfPkAk0YK2iTHE+voFHTIREeVReqI3/feMPxKJRGk1MBHRtyApKQkAcPv2bbXPcXBwAABo5UtEREREREREREREBUQkEkEulwurvzLSK1IEuubmkMvT1kSk/y8REX2bPq/8kP7//Rn3AM7Yj4joe8AEMBERERERERERFRoZk78AFBLAIpEIMplMWCGcjklgIqJvU8ak7uel/zMmgJkEJqLvDRPARERERERERERU6GT8kj89ASCTyYQEMVcAExEVDpmtAM7YZuKXiL43TAATEREREREREVGh8vkq4PRjGZO/TAATERUOqhLAnx/L2I+I6HvABDARERERERERERU6GZPA6b9nPA4w+UtEVFh8nuT9fNUvk79E9L1hApiIiIiIiIiIiAql9C/8P08EZzxORETfvsySvUz8EtH3iglgIiJSaccLX5wJ88f8Gv1QVM+0oMP56lyIfIB1wWcx0rYVnIrYFnQ4RERERESUhc8TwZ8fJyKiwoX//05E3zsmgImIPvJ5cxebn3nn+LwZ9j1QxsAqHyIidR1/fQN7X17M9PGeZRqiubXDF4xIc46EXsOBkMtZ9qloVByTq3bJ9Rzhie/gF3Ef9z68QFRSDBKlKTDU0oWNYVG4WlZBnWwS3Pfev4TXmwAExrxGnDQJJtr6qGxcEi2sHVDOsJjKc+KlSfB9cw8B75/jdUI04lIToSfRhrWeOWoXqYAmRWtAWyzReKxERERE9H3LmBDg6l8iosKFSV8iok+YACYi+qikfhE0KVZD6fjT2HA8jQuHg1k5FNE1VnrcWEv/S4RHWbAxKKrytYtM+oCAd88KICLNiU6OBQC4WFSCoZaeyj5FdXO3QlsO4EDIJZx4fRNSuQwl9S1Q2aQktEQSvE2Kwb33LxDw7hmumlfACNtWEKv4ILXn5QWceH0TWiIJbI2tYaZtiKikGFyNeoKrUY/R06YRmhWrqXDO9beB2PTMG3GpiTDXMUI5o6LQF+vgfUo8nse/wa4Xr3HuzV1MrNIZptoGGouViIiIiCgjJgqIiIiIqLBiApiI6KOKxiVQ0biE0vFDr67gaVw43ItVR3VTmwKIjLJTzbQ0qpmWVjp+Mzr4m08Av0uJg7ZYguEVPDQ+9r33L3As9DqqmpZBrzINUVy/iMLjkUkfsCrwJG5EB8Ez3F9pFfWhV1dw4vVNVDEphUHlm8FC59MNEmGJ0fgv6BS2P/eFnlgHDayqAAA+pCRg41MvGGnrYXgFD9ibllEYM1GajB0v/OAXcR+bn3nj54ptNBIrERERERERERER0fdCXNABEBERUebeJ8fDXNsoX8a2Ny2DCVU6YUyl9koJVQCw1DXBCNuWAIALkQ8VHgtLfIdjoTdQxsAK/6vUTiH5CwDWeuYYV7kjiugYYdfL84hJTQAAmGjrY1KVzphatatS8hcA9CQ66F/WHUX1THE7OhgJ0uQ8x0pERERERERERET0PeEKYCIiDVnwYD+exb3BKqcfs+w34vq/KGtYFBOrdFL5+M3oIPi8uYuX8VFIkCbBQtcEDmZl0axYTZjrqE4EXn8bCL+I+3ge/wZxqUnQFWujuL45qpmWQUOrqkrJOQB4FvcGnuEBeBwTincpsTDU0kN5w2JoWqwmqpiUyvI5RCZ9wLmIe7j3/gXeJL5HkiwFJtoGqGRcAq2L10ZpA0uh78MPIVj48ADalaiDjqXqZjmuV3gAtj4/h3F2HVDVRHlFryZp6vVKlyBNxq+3N6C0gSUmV+mcZd9XCW8x7c42tC1RB52yuSbvUuJgpWuSZZ+8qGxcMsvHLXVNYK5jJJSiTucVHoBUuRTdyrhCR6z6zwlDLV10LFUX64LP4kLEA7Qs7ggAKGVgkeWcYpEYFQyt8SbxPaKTY6H/MeGb21iJiIiIiIiIiIiIvidMABMRfSWSZalYG3wG198GwkrXFLXMy0FfooPXCdE4FXYbvhH3MMK2lVJidNvzc/AMD4C5jhFqmpWDibYBEqTJeBobjsOvruLG2yDMrt5L4ZyjoddwIOQKRCIR7E3LoJZ5OSRKU/AwJgSLHh5A2xJOmcZ5Juw2dr28AEAOW6PiqGtZGWKIEJrwFlejHuPG2yCMqtgaNczKAgDsTEqhtIElfN7cRdsSdaAtlmQ6tmd4AEroF8n35G9+0JfooIFlFZwN98fzuAjYGFpl2tcz3B9ikRjuRe2zHFMOOd6nxKOSitLkX1KSNAUWn+1/ffvdU5hoG6BKNq+Vk7ktNoq8cDM6WEgAqzWnLAUAYKZjmOdYiYiIiIiIiIiIiL4nTAATEX0ltjzzwY23gehepgFaWDtABJHwWFjiOyx/fBTLnxzDbPtesPy4IvRlfCQ8wwNQw6wsRldsA7FIsbJ/aMJbxKYmKhzzjbiH/SGXYWNohZ9sWwtjAYAcgO+bu9j23Bd6Em2VcYpEItQ0K4seZRrAStdU4bGHH0Kw5NEhbHzmhYU1+0NLlJbsbV7MAeufnsXlqEdoaFVV5bj33r/E68Ro9Cvrrt4F+wo1s64Jz/AAnAm/jSHlm6vsEy9NwqXIR6hTxDbTFd3pYlISIJPLYKadsySoJgXGvka8NAkuRpWEY7GpiYhM+gCnIrYZ3qWq6Uq0YWNYFM/i3qg9Z5IsBY9iXqG4fhEYSHTzFCsRERERERERERHR94YJYCKir0Bg7GtciEwrkethXUvpcWs9M/xSuR1+v7MDu16ex0+2rQFASKo1tKqqlPwFgBKf7ZWaLEvFrhfnYaptiF8r/wAjLX2Fx0UA3IraI0UuxfbnvipjbVK0BpoVq6nyMTuTUnArag+v8AAEx4YLK1frWlbC3pALOBvun2kC2DPcH4Zauqhvaafy8W9BUV1T1DQvi6tRT9C1tCtMtQ2U+vhF3EeSLCXTa5jRu5Q4AMCpsFs4FXYLAKAlksBYWx8l9IuguqkN3IpWg65YdbI+r1LlUmx7fg7aYglaFv/0vvyQEg8AKp+fKqbaBkiVSxGXmgRDrewTunteXEBcahJ62zTOc6xERERERERERERE3xvlbAEREX1xFyIeQCwSo6V15iVyrXRNUdeyMvyjnyEuNQkAYKydlsB9+CFErXluRgchQZoMD2sHpeRvRk2K1sj0MbEo6zWf5Q2LAUjbJzidlkiCxkWr42V8pMpYI5M+wP/dMzSyqpbpfrLfihbFHJAql8L7zR2lx+SQwyv8DsoZFkMFI+tsx9IRa6O5dU3hp2mxGnC2qIhiemYIjHmNnS/8MMl/M4JiwzT+PGRyOf4LPIXncRHoY9NYYbV3vDTt/aev5upcfYnOx/MSs+mZVmLc680d1LOojLoW6q3kzSpWIiIiIiIiIiIiou/Nt/0tOxFRIfEyIQpWuiYw0tKFTC7LtJ+dcUmce3MXL+MjYWdSEvamZVBS3wKe4QF4FvcGjuYVYGtcHDYGVioTqSHxUQCAaqZlsownuyRvRqlyKaSyTzFLPq5ETpalKvRrUrQ6jofewJlwf9iZlFJ4zDM8ACJR1onnb8WnPY/voG0JJ6EMNgD4v3uGiKT36FDKRa2xrPXM0LNMI5WPpcjSksy7X17AssdHsKBmvxxjfRQVAAAgAElEQVSVS86KTC7Df0GncCM6CJ1K1VVatZ0+T8LHRHB2EqTJH8/Ty7LfmTB/7Hjhh+qmNhhYvqlGYiUiIiIiIiIiIiL63jABTET0FYhNScCbpPcYcm2lWv3TSwNriSSYXLUzjofewKWoR9jz8gKAtARuOcNicLGopLCqNiY1AcCnlcNZMdcxQnRyrNJxOYBLkQ/hG3EPz+MikCRLUStmE20DOFtUxKXIR4hIei+s0kyWpcIv4j5qmZWHha6xWmN97dL3PL4S9RiullWE457hATDVNkCdIrZ5nkNbLEELawckyVJwIOQyLkc9RpOi1fM8rlQuw6rAk/g/e/cdp1dV5w/8M72mQiokIYSEGggdpCOIFLEgXQFFWVHE366uunZFXVfX3hYsKyqCICgdBJTeCaGXkISE9ITUmUyf+f0RMpuQhLRJJnnyfr9evJh57rnnfO9zLzPk+eScM3b+hLx3+4Ny0uD9V2rT842lnxe+sRT0mixsWZKSouK3XP75thljc/VrD2TP3jvkopEnrBCcb0itAAAAAABbGwEwQBcpKSpOe1Y/ezdZOlt2VYFpj7KqzGlamC/vfvpajbVtRc/Or6tLKvL+IW/LKUPelrlNCzNlydxMqJuZZxZMzp8m35sH5r6QL+526tK9Y99Y9nlRy5L0Lqt5yzFWFf4mybWvPZhbZjyRPXvvkPOGH53e5TUpzv/NGH5qwau5ZcYTqzz3HQPH5MG5L+bOWU/nzKGHJUkenPtilrQ15ZiBa94Td911vPHvlWc0b8j9WpNlex7fMfOpzgB4RuP8PL9wSk7e7sC1CjfX1j59dsxfpz6c6W/M7t4QrR1t+fn4W/LUgldzyvYH58TB+62yXW1pZbat6JmXF09PR1b17v6fpraWTK6fnR1q+q+2zU3TH891Ux/KmN7D8/GRx6/V+7O2tQIAAAAAbG0EwABdpEdZVVra21LX2pja0lUvdfvakrmrfH1odb9MqJuZqpLyDKjsvV7jF2XpPsH9Knpl3z4jcuqQQ3LF5Hvyj1lP58n5k7J/350ypHrbJMmzC6dkaHW/1fa1umWoG9qa8/eZ4zKidmA+NeqkFK0i+lvS1pysJgAeWt0vo3psl/vnPJ/3bndgKkvKc9espzOketvs3GO7db/oNVjUsnTGc2VJ2UrHNuR+rcmyPY9vmPZoXl48PaN6DM5ds55OSVFJjuq/x3r1uTrL7kHxG0tvr6+W9rb8bPzNeWbh5Jw65JAcP2j1+1EnyZjew3PnrKfywqLXslvPIatt9/j8V9LW0Z59+oxY5fEbpj2av017JPv02TEX7nR85xLiXVkrAAAAAMDWZMM+LQag07JA9cn5E1fb5q5ZT6/y9WX7li5bwnl13mp/4DcrSrJnr2FJkoVvLBm9d58dU11Skb/PHJdFb7F87x2znlrl6wtb6tPa0ZadagetMvxNkhcXTX3Lut4xcK80tDXn/rkv5MVFUzOt4fUcM2D9Z/++Wj87rzctXu2xZOleum+2IfdrbRzdf3RKi0ry95nj0tDWnAfmvpADthnZuXzy2nh58fQ1thk7f0KSZFjN6gP9NWlub81Pxt+UZxZOzulDD12rQPWoAUuv7+opD6SlvW2Vbepbm/LXqQ+nprRihaWwl/nr1Ifzt2mPZN8+I9Y6/F2fWgEAAAAAtiYCYIAuctA2o1JeXJprXnugM3hcpr2jIzdOfyxPzJ+wyuB0h5r+efuAPTN2/sRcOuH21Lc2rdTmpcXT8oVn/pjxy4WCD7/+Uq6YfM9q9urtyH1zn0+SDHsj7CwvLs1Zww7PopYl+f5L12d248KVzvnHrKfzl9cezMDKPiv12be8RypLyvPcoimrDP0m1c/K7TOfXNXb02nvPjumX0Wv3Dnrqfx91rjUllbloG12XqndMwsn54rJ97xlUN2Rjvzyldvyg5euz4zG+Sscm1A3Mw/OfTG9ymqyY+3Alc7dkPu1NpbteTxuwcT8bdojaWprWaege/zi6fnOC9fm56/ckqmrmInckaXLZ98w7bH0Ka/N/n1Hdh67Y+ZT+du0R9Le0bHSeW/W1N6SH718Y55bOCVnDj08xw3ce63qG1TZJycM3jdTlszJj16+Ia83rxjCz2xckP9+6a+Z11yX04Ycmp5v2nf6L689mBunP5b9+47MhTu9c63C3/WtFQAAAABga2IJaIAu0qe8NucNPzq/nnhnLnnu6uzcc3AGVPTOkrbmjK+bnrqWxlww4h3582v3r/L8M4YelraO9tw9+9mMnT8hu/Yckm0reqalvTWv1s/Oa0vmZmBl7/Qpr+08Z1L9rNw16+n8c/az2bFmQIZUb5uqkvIsaWvKi4umZmbjghyy7a4Z2WNw5zlv23aXLGxZkmunPpgvPPOH7NJj+wys7J3G9pa8tHhaXm9anBMH75fy4tL8derDK9RYXlya9w95W/746t351vPX5Mj+e2Sbih5Z0tqUFxZNzaPzxuftA/Z8y5mzRSnK2wfsmaum3JfZjQtz0uD9Ula88p6v/zvprixork91SUXeu/1Bq+3r9KGH5LIJf8+Xn7kiu/Yckn4VPTO3aVGeXzQ1SUc+uMMRqwwXN/R+rY1lex7fMXNcdqod9Jb74L7Z8NoBefuAPfPP2c/kiXkTsm1Fz2xftU1qSivT2NacSfWzMq+5Lr3KqvPJkSemvHjpr/RZjQty5ZR7kySjegx+y+WZ2zva88OXbsjLi6enuKg4c5sXdp67KoMq++bI5Zawfvd2B6alvTW3zhib/3jqD9mpx8D0LqvJ6811mVA3Ix0dHTlr2OGdM9yXuXbqQ537RPcsq3rL97ikqCSnDTlkg2sFAAAAANhaCIAButBB2+ycgZV9cvvMJ/Py4ul5ZfHM9Ciryi49tss7B+2TodX9Vht2lRQV55wdjsoBfUfl3jnPZkLdrLyw6LWUF5dmcGXfnDn08Bw1YI+UFv1fWHrm0MNz0DY754E5L+Tluul5+PWX0tzemprSygyr7pf3bH/QCjNDlzl+0D7ZvdeQ3DXr6by4aFrG101PdUlldqwdkA8PPya79tw+N05/bJV1Ht1/dAZU9M4ds8bluqkPp7GtOT3KqjKydlD+fZf3pLW9bY1LJx/Wb7dcNeW+JMlR/Uevss3oXsNy35zn17hk8j59RuRre5yR22c8mWcXTsmLi6amqqQie/YaluMH75uRtYNWe+6G3K+1sfw+y8cOXLdlrkuLSnL2sCPyjoFjcv+cF/LCoqmZUDczS9qaUlVSkX4VPXNE/z1ydP/RqVluD+Pl/4JArzW8d43tLZ3LTLd3tOeOmate+nuZPXoNXSFULUpy6pBDslvPoblr9lN5ZfHMvNw2Iz1KK7N/35F5x8AxGV4zYKV+nl7waufXa3pWSt8IgDe0VgAAAACArUVRY2PjmteHBIAuVNfamIvH/ioH9B2Zj+30zlW2mVQ/K5c8d3X+a69z0q+i1yausOt86Zkr0tDWnO/tdW6K12KZ465w24yxuWvW0/nemPM2yXgAAAAAAHStpqalW0WOGzdurc8ZM2ZMEnsAA9ANls36PHbgmNW2Gb94RgZV9d2iw9+XFk/L9IZ5efuAPTdZ+JskL9dNz569d9hk4wEAAAAAsPkQAAOwUb22ZG6a2lo6v5/ZOD+3zRyb3XoOyYjagas9b/zi6dlrCwoxF7bUZ3bTws7vm9tbc+Xk+1JTWrnaZa43llcWz9yi3jsAAAAAALqOPYAB2Gg60pGfj78lbWnP/n1HprW9LQ+9/lJK39jv+K3s0nP77NZz+01U6Yb7y2sP5fH5r+TgbXZOdUlFnpw/MTMb5+djOx2fqpLyTVZHU1tL3j5gdHbZgt47AAAAAAC6jj2AAdionl7wam6a/nimLJmToqKi7Nxju5w25JAMrurb3aV1qRkN83Lt1Ifz0uKpaWprzfbV2+Td2x1oJi4AAAAAAOtsQ/YAFgADAAAAAAAAbEY2JAC2BzAAAAAAAABAgRAAAwAAAAAAABQIATAAAAAAAABAgRAAAwAAAAAAABQIATAAAAAAAABAgRAAAwAAAAAAABQIATAAAAAAAABAgRAAAwAAAAAAABQIATAAAAAAAABAgRAAAwAAAAAAABQIATAAAAAAAABAgRAAAwAAAAAAABQIATAAAAAAAABAgRAAAwAAAAAAABQIATAAAAAAAABAgRAAAwAAAAAAABQIATAAAAAAAABAgRAAAwAAAAAAABQIATAAAAAAAABAgRAAAwAAAAAAABQIATAAAAAAAABAgRAAAwAAAAAAABQIATAAAAAAAABAgRAAAwAAAAAAABQIATAAAAAAAABAgRAAAwAAAAAAABQIATAAAAAAAABAgRAAAwAAAAAAABQIATAAAAAAAABAgRAAAwAAAAAAABSI0u4uAAAAAACAje+JGePz6IyX89ycyZm0YFZmL1mQ+pbGdHR0dHdpbMGKiopSU1aZ/tW9M7z3gOzeb1gOGDQq+w4a2d2lAWy1BMAAAAAAAAVqyqLZufqF+3LT+Eczq35+d5dDAero6Ehdc0PqmhsyccGM3PXquCTJgJo+OWnkATlt18MytGf/bq4SYOtS1NjY6K93AQAAAAAUkLkNi/KLx2/Mlc/f092lQM7c7Yh8fL93Zduqnt1dCsAWo6mpKUkybty4tT5nzJgxSQTAAAAAAAAF5doX7893Hromdc0N3V0KdKotr8rnDz41p+xyaHeXArBF2JAA2BLQAAAAAAAF4hv3XWHWL5uluuaGfOme3+e5OZPzlcPO7u5yAApacXcXAAAAAADAhrvo9l8If9nsXfn8Pbno9l90dxkABU0ADAAAAACwhbvo9l/krlfXfolI6E53vTpOCAywEQmAAQAAAAC2YN+47wrhL1ucu14dl2/cd0V3lwFQkATAAAAAAABbqGtfvN+yz2yxrnz+nlz74v3dXQZAwREAAwAAAABsgeY2LMp3Hrqmu8uADfKdh67J3IZF3V0GQEERAAMAAAAAbIF+8fiNqWtu6O4yYIPUNTfkF4/f2N1lABQUATAAAAAAwBZmyqLZln6mYFz5/D2Zsmh2d5cBUDAEwAAAAAAAW5irX7ivu0uALuWZBug6AmAAAAAAgC3MTeMf7e4SoEt5pgG6jgAYAAAAAGAL8sSM8ZlVP3+9z//m0edl4sWX56L9T17l8dvP/nYmXnx59h44Yr3HWJWbz7okEy++PCP6DOrSfrtSz4rqTLz48jz6kZ90ed+XnvSpTLz48rxjxL5d2nZz0BX3dlb9/DwxY3wXVgWw9RIAAwAAAABsQR6d8XJ3l7BJjdpm+0y8+PLcfva3u7sUNrKt7dkG2FgEwAAAAAAAW5Dn5kzu7hJgo/BsA3SN0u4uAAAAAACAtTdpwaxNOt5u/YbmpjMvyb2Tn8ltEx7Ph8ccl6G9+mfOkgW5efyj+ckjf8uSlqbO9tVlFbn4wPfkxJEHZNvqXpm8YFYufeKWlfqtLqvMh8e8I8fttF927DMore1tmTBven419tbc+spjSZKvH/nBfHDPY5IkI7fZLhMvvjxJcvjvPp2pi+YmSd6/62E5Z69jMqLv4Cxpacw/X30q33/wL5lVv+Atr2tor/759MGn5JAhu6eytDxPz5qU/3niplW065eP7nNCDh2yewb32CYLmurz3OxX84OHr8uzs1/tbHfMjnvngn1OyG79hiZJpi1+PY9MfTE/fPi6zG+s62w3oKZPfnjcx3L4sNGpLC3PM7Mm5bsPXp2xM15Zaex+1b3yo+M+liN22DOlRSV5evak/OzRG/LQ1OdXaDe6//BcdMDJ2W/wqFSWlueVedPyx6f/kWuev3edr+PSkz6VY3fcJxfe/NMcv9N+OWzoHvn4LT/LI9NeXOt7u7429bMNUKjMAAYAAAAA2ILMXvLWwebGcviw0fn20R9K78qavPz61PSr7p0L9jkhV57yHykvWTrXqKKkLFed8oVcsM8J6VfdO+Nfn5Ztqnvm+++4ILtuO3SF/o4YNjr/dvAp2bHPoEyYNz2z6uZnzMAR+fkJF+XU3Q5Pkjwz+9WMf31a5zk3vfxIbnr5kc7A+YuHnZnvHvuRDO89MI9MezGz6hbk/bseluvP+HoG1PRe7bUM7z0wN5zx9bxr1EEpLirOhPnTs+eA4fnduz+zUtvz935nzh59dHpW1uTZOZPT1t6eI3fYK9ec+qWM7LtdkuTIYXvm0pM+lTEDR+SZ2a9m3MyJ6VNZm+N22m+FcDxZGmqfNOrALGisS0dHew7Ybuf84b2fyw69B6w09iVHnZuTRh2UaYtez8Km+hy8/a75w3s/mxNGHrDC+/iXU7+UY3fcJ0taGjNp/szs3m+H/Ncx5+eSo85dp+tY3i9P/GRO3vngtLS3pamtZZ3u7frqrmcboNCYAQwAAAAAsAWpb2nstrF/99Qd+da9f0pbR3sG1vbJH977uYzuPzzn7HVsfj321nxozDuyR/8dMn7etJzz1+9mVv2ClBSX5KuHn50P7Pn2Ffq67ZXH8417/pg/P3dPGlqbkyQfGvOOfPnws3PuXsfmmufvzV+evy9Pz5qU287+Vsa/Pi0X3/aLzvP36L9Dzt/7nZmycE7ef80lmbtkYZLkI/scny8cekY+e8hp+fTfL1vldXzliA+kZ0V1bnr5kXzmjsvS3Naa3pU1ueqUL2TUNtuv0PaXj9+cp2ZNzF9feDAd6UhJcUl+8s4Lc/xO++f0PY7IN+/9U44fuX+KUpSv3v37XPns3UmSkuKSDOvVP01tLSv019zWmuOv+GImLZiZ2vKqXP6ef8/eA0fkjD2OzHfu//NKtR7/py92huDn7/3OfPGwM3PJUefmzolj097Rke8e+9GUlZTmq3f/IX94+s4kS2dLX/W+/8jZo4/OLeMfzUNTX1ir63hznWdc++2MmzkhSfKxfU9c63u7vrrz2QYoJGYAAwAAAABsQTo6Orrk/OKiVX88XFRUtLTdKo59+74r09bRniSZWTc///3gX5Ikx43YN8nSZZCT5HsPXtO5BHNbe1suue9PK/XVkY787qk70tTWkt6VNelX3Sv3TXk2STKsV/81XseyMW8e/0iKsnS55H7VvXLjSw+lvaMjx43Yb5XnVZSU5bChe6StvS1fufvyNLe1JkkWNNbn83f9dqX2M+vm5boXHkhJcXH6VvVI38raPPja8yvU+XrD4iTJOXsdmzP3ODKj+w9PSVFRJs6fsVJ/P3jo2kxaMDNJUtfckN8/dUeSZMfeg1Zqe8fEsSvMgP7Nk7flpdenpk9lbfYfvHP2H7xz+lX3yrOzX+0Mf5Nk/OvT8qsnb0uSztnCa3Mdy/ufJ27qDH+Tdbu362tDn20AljIDGAAAAABgK7JslmW/ml6rPN7/jaWT65obVjrW2t62wvcTFywNOPtVL+1r2+ql506cP3OFdi1vhKzLqy2vyteP/GCOG7FfqssqVjhWVrLmj66XjXnhfiflwv1OWul4dVlFelXUZGFT/Qqv963ukeKiosxpqMuCxhWPTZg3faV+RvbdLl878oM5YLudU/Km0LyseGmdv3jsxozsOzhHDx+Tbx39oSTJkpamXPnsP/Od+//cGZonyeSFs1foY+6SRZ31vtlTsyau9NrE+TOy8zbbr3D/lgXKy3v1jdeW3c+1uY7lLR88J+t2bwHoXgJgAAAAAIAtSFFR0QbNlHzl9aUh5/6DR6UoRelYbq7vLtsOSc+K6jS3tWbKm4LKJCktLlkhBF42a3XOG8svz12yMEN79cuOfQauMPt1VYHuZ992at67yyH5x6Rxueb5+9LY2pSK0vL8z4kXr9V1LJuF+tj0l/KLx25cZZu6VSwpPG/J4rR3dKRvZW16V9asEALv2GflWbg/O+ETGdl3u1w29pY8Nu3ltLa35rCho/PhvY/7v3GaG/LRG3+UATW9M2bgiIzuPzzv2/XQnL/3OzN10dxc/sYs3yQrvN9rsqpZwctqnFO/MO1vPAfDew9cqd0Ob7w2q27+Wl/H8lreFPavy71dX8tmnwOwYUorKlb+W0UAAAAAAGyeassqs3gVs3PX1l2TnkxDa3NGbbN9vnT4Wfnhw9elrrkhI/oMyneP+UiS5LZXHutcGnl5XzjszBX2AP7M296fJLljwtgkyZ2Tnsw+g3bKv7/t1Dwza1LnPrFfPuyslfraZdshSZJfPH5Txs4YnyQZM3DESu0WNNYlSbat6ZWyktK0tLWmKEW57ZXHc9EBJ2fUNttnQWN952zZftW9ctxO++WPT9+1yutvamvJ/VOezeHDRucbR567wh7AXz787BXalhSXZGTf7dLc1prvPnB1Z+C63+BRK7TbofeADKrtm4emvpDbJzyR2yc8kbrmhnz2kNMyoLbPKutYG+/b9ZBcOvbmFfYA3vmN6318+stp62jPrPoF2aP/DvngnsessAfwR/Z+Z5LkpvGPrPV1vJV1ubfrq7asMjILgKWamprW+1wzgAEAAAAAtiD9a/tk8bz1D4DnN9blq3f/Pv91zPn50Jh35Lwxx6ahpSnVZZVJkhmL5+Xb91+1ynPP2+vYnDzqoMysm5+RfQenrKQ0z82Z3DnD9Xfj/p4TRx6Q3fsNyz3nfT+vzJuegbV90reqx0p9PTrtpew3eFQuOeqcXPfCA+lTWZsz9zhypXaz6xfklXnTs1Pfwbn1rG9mSUtTfvPkbbn+pYfys0dvyCcPeHf+evpXM2H+jLS1t2WH3gNTXlKayQtmde4p/GaX3HtFrjv9qzlp1IE5bNgembbo9QzvM3ClpZHb2tsydsb47DNoZH554sV5eOoL2anvdivV+emD358TRx6QmXXzMmnBzJQUlWSfQTulrb0td0x4Ys035S3ceta38sq8aelZUZ2BtX3T3tGRr9x9eZraWpIkn7vz1/nVSf8vXz/yg/nYvidmcfOS7NR3uxQXFeWPT9+VR6e9lCRrdR1vZV3u7frqvwFhOQD/p3jNTQAAAAAA2FzsuIrlftfVX56/Lx+47ru5Z/IzWdzUkPKSskxbPDe/f+rOvPvPX8vsN5ZXXt4Lc6fk03+/LK8vWZSd+g7OnCUL89snb88Z1367M4xsbG3O6X/5dn419tbMWbIgO/UdnNcbFuVzd/4mD772/Ar9/fjRv+XXY2/NNlU987lDTssJIw/IDx6+LvPfmPG7vE/c+rM8NPWFDKztk/41vVNeUpYk+eHD1+Xjt/w0j057Kf1remdor/556fXX8pk7Lltt+JskE+bPyLuu/EpufPnhtLe3Z3ifgXl29qScdd13VtivN0kuuvXnufWVx3LQ9rvms4eclt36Dc1X7v79Cm0uf+qO3PTyI0mKcsDgnbNrv6F5dNpLOedv38uTMyes1T1ZlU/c8rPcPuHxDKztmx7l1Xl46os552/ffWOspe6d/Ezef803c+fEJ1NVVpEhvfrn+TmT87k7f7NCnWtzHW9lXe7t+uqKZxuApKhjQzaLAAAAAABgk/rZozfkBw9fu8nG263f0Nx05iV5Ye6UnPinL2+ycdn6/NtBp+SiA07u7jIANguLFi1KkowbN26tzxkzZkwSM4ABAAAAALYoB26/c3eXABuFZxugawiAAQAAAAC2IPsP3jkD7ZVKgRlY2yf7DxYAA3SF0u4uAAAAAACAdfPunQ/OpU/csknGen7OlOz4k3M3yVhsvd6988HdXQJAwTADGAAAAABgC3PGHkd2dwnQpTzTAF1HAAwAAAAAsIUZ1mtAPjD66O4uA7rEB0YfnWG9BnR3GQAFQwAMAAAAALAFuvjA96RHeVV3lwEbpEd5VS4+8D3dXQZAQREAAwAAAABsgbat7pUvHnZWd5cBG+SLh52Vbat7dXcZAAVFAAwAAAAAsIU6bffDLQXNFusDo4/Oabsf3t1lABQcATAAAAAAwBbsG0edm2N33Ke7y4B1cuyO++QbR53b3WUAFCQBMAAAAADAFu7Skz4lBGaLceyO++TSkz7V3WUAFCwBMAAAAABAAbj0pE9ZDprN3gdGHy38BdjISru7AAAAAAAAusY3jjo3e/Qfnm/d96csbm7o7nKgU4/yqnzxsLPs+QuwCQiAAQAAAAAKyGm7H56jh++Vnzzyt/zxmX90dzmQD4w+Ohcf+J5sW92ru0sB2CoUdXR0dHR3EQAAAAAAdL3JC2flqmfvzvUvPZSZdfO7uxy2IgNr++TdOx+cM/Y4MsN6DejucgC2OIsWLUqSjBs3bq3PGTNmTBIBMAAAAADAVuGx6S/lkakv5ZnZkzJxwczMrpufupbG+IiYDVFUVJTassr0r+2THXsPzOj+w3Pg9jtn/8E7d3dpAFu0DQmALQENAAAAALAV2H+wUA4AtgbF3V0AAAAAAAAAAF1DAAwAAAAAAABQIATAAAAAAAAAAAVCAAwAAAAAAABQIATAAAAAAAAAAAVCAAwAAAAAAABQIATAAAAAAAAAAAVCAAwAAAAAAABQIATAAAAAAAAAAAVCAAwAAAAAAABQIATAAAAAAAAAAAVCAAwAAAAAAABQIATAAAAAAAAAAAVCAAwAAAAAAABQIATAAAAAAAAAAAVCAAwAAAAAAABQIATAAAAAAAAAAAVCAAwAAAAAAABQIATAAAAAAAAAAAVCAAwAAAAAAABQIATAAAAAAAAAAAVCAAwAAAAAAABQIATAAAAAAAAAAAVCAAwAAAAAAABQIATAAAAAAAAAAAVCAAwAAAAAAABQIATAAAAAAAAAAAVCAAwAAAAAAABQIATAAAAAAAAAAAVCAAwAAAAAAABQIATAAAAAAAAAAAVCAAwAAAAAAABQIATAAAAAAAAAAAVCAAwAAAAAAABQIATAAAAAAAAAAAVCAAwAAAAAAABQIATAAAAAAAAAAAVCAAwAAAAAAABQIATAAAAAAAAAAAVCAAwAAAAAAABQIATAAAAAAAAAAAVCAAwAAAAAAABQIATAAAAAAAAAAAVCAAwAAAAAAABQILSU5IUAACAASURBVATAAAAAAAAAAAVCAAwAAAAAAABQIATAAAAAAAAAAAVCAAwAAAAAAABQIATAAGupo6Oju0sAAAAAgC2az9gANr7S7i4AYHPW1NSUhoaGNDc3p7W1tbvLAQAAAIAtXmlpacrLy1NVVZWKioruLgeg4AiAAVaho6MjCxcuTFNTU2pqatKjR4+UlJR0d1kAAAAAsMVra2tLY2NjFixYkIqKivTq1StFRUXdXRZAwbAENMCbdHR0ZN68eSkqKsqAAQNSW1sr/AUAAACALlJSUpKampoMGDAgRUVFmTdvnqWhAbqQABjgTRYuXJjS0tL06tWru0sBAAAAgILWq1evlJaWZuHChd1dCkDBEAADLKepqSlNTU3CXwAAAADYRHr16tX5uRwAG04ADLCchoaG1NTUdHcZAAAAALBVqampSUNDQ3eXAVAQBMAAy2lubk5VVVV3lwEAAAAAW5Wqqqo0Nzd3dxkABUEADPCGjo6OtLa2pqSkpLtLAQAAAICtSklJSVpbW7u7DICCIAAGeENRUVF3lwAAAAAAALBBBMAAAAAAAAAABUIADAAAAAAAAFAgBMAAAAAAAAAABUIADAAAAAAAAFAgBMAAAAAAAAAABUIADAAAAAAAAFAgBMAAAAAAAAAABaK0uwsAYKmWlpa0tramtbU17e3taW9vT0dHR5KkqKgoxcXFKS4uTmlpaUpLS1NWVtbNFQMAAAAAAJsbATBAN2ptbU1TU1Oam5s7w95V6ejoSFtbW9ra2tLS0pJkaShcXl6eioqKlJb6cQ4AAAAAAAiAAbpFa2trGhoaOsPc9dHR0ZGmpqY0NTWlrKwsVVVVgmAAAAAAANjKSQoANrElS5aksbGxS/tsaWlJS0tLKisrU11d3aV9AwAAAAAAWw4BMMAm0tbWlvr6+rS2tm60MRobG9Pa2pqampqUlJRstHEAAAAAAIDNU3F3FwCwNWhpacmiRYs2avi7TGtraxYtWrRBy0sDAAAAAABbJgEwwEbW0tKSxYsXp6OjY5ON2dHRkcWLFwuBAQAAAABgKyMABtiI2traUldX123j19XVpa2trdvGBwAAAAAANi0BMMBGVF9fv0ln/r5ZR0dH6uvru218AAAAAABg0xIAA2wkS5Ys2SR7/q5Ja2trlixZ0t1lAAAAAAAAm4AAGGAjaG1tTWNjY3eX0amxsXGzCKMBAAAAAICNSwAMsBE0NDR0dwkr2RxrAgAAAAAAulZpdxcAUGhaW1vT0tKyVm2fXjw5t85+MlMb5633eH3LanPKoAOzZ49hb9mupaUlra2tKS31ox8AAAAAAAqVGcAAXaypqWmt214745ENCn+TZF5LXW6d/eRatV2X2gAAAAAAgC2PaWAAXay5uXmt285rqUuS/HT3D6/3eJ987rdrHSI3NzenpqZmvccqVP/6pe/nkSeeyQdOPTEf//CpXd7/ESd/JC0trfnBJZ/OQfuNXmWb516ckI/+6yVJkruv/1XKy8u6vA4AAAAAAAqfABigC7W0tKSjo6O7y1itjo6OtLS0pKxsw8LF51+amKv+envGPftSFixcnNrq6uyx64ic+u5js//eu3dRtZuXP1x9c5qbW3LsUQdl6HYDu7scAAAAAABYJQEwQBdqbW3t7hLWqLW1dYMC4Kv/9vf85LIr075c0L1g0eLc/8i43P/IuHz8w6flA6ee0BWlblb+cPVNqatvyC4jdxAAAwAAAACw2RIAA3Sh9Q2AP/ncb7u4ktXbkJB63LMv5ceXXZmOjo6MGb1zLjjnfdlp+NDU1y/JrXc9kDvvfTRHH7Z/Z/vFdfW59PLrcu9DT2ThorpsN7B/3nXc4TntPcempKSkc9nj2pqqXHzBWbniL7dk+sw52X5Q/3zorHfnmCMOXK++Pv7h03LVX2/PAfvskdPf845cee1tGfv0i5k5e2569eqR/fbaNRece0r6bdNnjdc8dfqsnHb+5zq///ev/ShJ8sv//kL22GVE7rznkdxw272ZPHV6GhubM3T7gTn9vcfluKMOXqmvJ595MZf9/rpMnDw12/TplROOPTTnnv6ulJaWrHb8+x4amz9cc0temTgl5eVl2Xv0LvnoB9+bHXfYfq3uGQAAAAAAWxcBMEAXam9v7+4S1mhDarzy2tvS0dGRHYYMzo+++ZnOfWpra6py3pkn59wz3pWioqIkSf2Shlzwb9/M5NdmpLamOiN2GJJJk6flp7++Ki9PnJKv/vsFnf3W1Tfk2z/8Tef3k6ZMz1f/63/Sv1/f7LnbyHXu67s/vTxJcsA+e+Tp58fnupv/kV49a9N/276ZPmtObr7j/rz0yuT85idfTVnpW/8qrKgoz96jd8mTz7zY+dreo3dJbU11OjqS/73yhkyfOScD+m2Tjo7kxfGv5uvfvTQlJcU55vADV+jrD1ffnLKy0lRXVWbGrLn5zR//lslTZuQb/3HhKse+/ta7818/+V2Kioqyw9DBaWpqzj0PPpFHxz6bS3/wpew0fMja3DYAAAAAALYiAmCALrS+4epPd/9w59fLZgMv/9pbHVvX2cMbEgC/OP7VJMmRh+zbGf4us2hxfRYtrktNdVX69O6Za66/I5Nfm5EB/bfJ/3zvC6mpqcq0GXPyoU9+Nbf/48Gcc/pJK5x/7JEH5V8/dnbqlzTkE5/9TmbPnZe//+Oh7LnbyHXu64i37ZvPfeq89O7ZIx0dHdlp+JCMGD4kDQ2NeWXSa7nwM9/OK5NeywsvT8qeu418y2vut02f/Py7n8873n9h6uob8r2v/b8ccuCYzuPf/8a/pXevHikrLU1jU3Mu+f6v8sAj43LjbfeuFAAnyY1X/Dg9e9Tkymtvy09/fVXuvPeRfOC0lZfMbmhsys9/8+ckycUXnJkTjz106Xg//0Nu/+dDufyqG3PJf3z8LWsHAAAAAGDrIwAG6EIdy+2Lu7naWDVec/0d+c0Vf8sJxxyaL336Ixn79NIZs7Nmv573nvvpldpPePW1DOq/bef3F33k9PTu1SO9e/XIIQfulb/e/M/MeX1+kqxzX584/7T07tkjSTJtxuz8/DdXZ+zTL6S1tW2F86bNmL3GAHhN7n1wbK766+2dtS7f95t98LQT07NHTZLkzFPemWtuuCMzZ7+eZ1+ckJ1HDFuh7csTJqeuviFJ8uNL/5QfX/qnFY6/Mum1DaobAAAAAIDCJAAGYK3tMnKHzHl9fv75wOM578yTV5oFvLxlQfPB++2Zs09deYbrjsO2WyEk7dWjtvPrysqKJEnbG7OV17Wv/tv27fz6ku//Ks88/0qOPHS/vOf4o1JaWpJ/+/L309zckpaW9d8POUkeHftcfvrrq1JVWZEvf+ajGdBvm9x17yP5683/XGXfa1puegXL5fQ/+c/Ppri4eIXDVW+8RwAAAAAAsLziNTcBYG0t2/92c7YhNZ7+nnckSSa/NiP/+qXv55nnX0ldfUOmzZidq6+/Y4W2++61a5Jk4uSp6bdNn+yz5y7ZddTwjH3qheyxy4j07tVjrcfdkL4mTZ6WJHnfiUfngH12z847DUtzc8s6XXfyf6H0/IWLkyRtbW2ZNGVp36NGDMvxbz8k++y5S0pLSlbbxxV/uTWL6+rT0dGRa65fOvs3SfbYZcRKbUftNCy1NVVJkieeeiFjRu+cffbcJa2tbamrX5JdRw1f52sAAAAAAKDwmQEM0IWKi4vT1ta25obd6M0zSdfFPnvtmk+cf3p+8dur8+QzL+ZfPv3NldpMnT4rSXLqu4/NHXc/nElTpuf0j3wuA/r1zbz5i9LS2prF9Uvyrx87e63H3ZC+9th1pzz8+DP5xW+vztsPPzB33fvoul94ktG7jsw/738s3/nx/+Y3V/wt555+Umdw+8wLr+QXv706be3tueaGO1fbR1Nzc0444+JUVVakrn5JkuTow/bPqBHD8tyLE1ZoW1VZkU9+9Mz8549+m8uvujFXX39Hqisr8vr8hamqrMifLvvPDOjXd1XDAAAAAACwFTMDGKALbUi4uqlsaI1nv//4XPr9L+bow/bPNn16paSkJL179shB+43O1z/3sfzyv7+QJKmprsplP/xyzjrl+Awe2C/z5i9KTU1V3vn2t+Ws971zncbckL6++K/n59ADx+TVKdPzuytvyLAhg7LX7qPW+br/7cKzc8Tb9k11VWXq65dkwcLF2X2XEfn8pz6Ugf23yZ//+vc8+OhTOe+Md622jws/dGqGDxucpubmDOi/Tc478+R89bP/str27zru8PzoW5/JfmN2S0lxURbXL8moEcPybxd+QPgLAAAAAMAqFXUs21gRgEyfPj2DBw9e7/MbGhrS0NCw1u0/+dxvkyQ/3f3Db/na+rZflaqqqlRVVa11jQAAAACwKWzoZ3MAhWTRokVJknHjxq31OWPGjEliBjBAlyot3fxX1t8SagQAAAAAANaPABigC5WVlaWoqKi7y1itoqKilJWVdXcZAAAAAADARmIaGEAXKy8vT1NT01q17VtWm3ktdZ3LOC9vVa+t7th2lWu3H2x5eflatQMAAAAAALZMZgADdLGKioq1bnvKoAPXOrxdnb5ltTmh/95r1XZdagMAAAAAALY8ZgADdLHS0tKUlZWlpaVljW337DEse/YYtgmqWro8tf1/AQAAAACgsJkBDLARVFVVdXcJK9kcawIAAAAAALqWABhgIygtLU1lZWV3l9GpsrLS7F8AAAAAANgKCIABNpLq6urNInQtLS1NdXV1d5cBAAAAAABsAgJggI2opqYmRUVF3TZ+UVFRampqum18AAAAAABg0xIAA2xEJSUlqa2t7bbxa2trU1JS0m3jAwAAAAAAm5YAGGAjKysrS48ePTbpTOCioqL06NEjZWVlm2xMAAAAAACg+wmAATaBsrKy9OzZc5PsCVxaWpqePXsKfwEAAAAAYCskAAbYREpKStKzZ89UVlZutDEqKyvTs2dPyz4DAAAAAMBWauNPRQNgBdXV1SkvL09DQ0NaWlq6pM+ysrJUVVVtkhnGAAAAAADA5ktSANANSktL06NHj7S2tqapqSnNzc3p6OhYpz6KiopSXl6eiooKwS8AAAAAAJBEAAzQrUpLS1NaWpqampq0tLSktbU1ra2taW9vT3t7e2coXFRUlOLi4hQXF3eeY49fAAAAAADgzQTAAJuJsrIyoS4AAAAAALBBiru7AAAAAAAAAAC6hgAYAAAAAAAAoEAIgAEAAAAAAAAKhAAYAAAAAAAAoEAIgAEAAAAAAAAKhAAYAAAAAAAAoEAIgAEAAAAAAAAKhAAYAAAAAAAAoEAIgAEAAAAAAAAKhAAYAAAAAAAAoEAIgAEAAAAAAAAKhAAYAAAAAAAAoEAIgAEAAAAAAAAKhAAYAAAAAAAAoECUdncBAJuT8vLyTJ8+vbvLAAAAAICtTnl5eXeXAFAQzAAGWE5zc3N3lwAAAAAAWyWfzQF0DQEwAAAAAAAAQIEQAAMAAAAAAAAUCAEwAAAAAAAAQIEQAAMAAAAAAAAUCAEwAAAAAAAAQIEQAAMAAAAAAAAUCAEwAAAAAAAAQIEQAAMAAAAAAAAUCAEwAAAAAAAAQIEQAAMAAAAAAAAUCAEwAAAAAAAAQIEQAAMAAAAAAAAUCAEwAAAAAAAAQIEQAAMAAAAAAAAUCAEwAAAAAAAAQIEQAAMAAAAAAAAUCAEwAAAAAAAAQIEQAAMAAAAAAAAUCAEwAAAAAAAAQIEQAAMAAAAAAAAUCAEwAAAAAAB0sXnz56/zOU1NTamvX7IRqgFgayIABgAAAACALvTsc8/nA+d+ONOmT1+n8x59/Il86KP/klmzZm+kygDYGpR2dwEAW5p58+bl5PedttrjV11xebbfbrtNWNHKLrjwoixavDi//+2vUl5e3q21bMk+/8Wv5P4HHsyF//LRnH3m6Ssce/31eXnP+09PcXFxbrju6tx48635n8t+nQ+fd04+fN45ne2mTp2W3/zu8jwxdlwWL16U7QYPzkknHJ/TTj0lxcX+Htbmpq2tLSe/99QsXLQol/3yZ9lt111WOH7nP/6Zr33jWxm504j8768vzVkf/FCmvPbaW/5339HRketvvCl/u/6mvDZ1aioqyjNmr73y0fPPy/AddtgUl8UqjH9lQn77u9/nhRdfzOLFdRmy/fY5+aQT8p53n5zi4qLOds8+93x+8rNfZuKkSRk4oH/+5YKP5LBD3rZCX9/7wY9y/Q03JUmu+uPl2X77lZ+Fr13y7dx51z+SJDdff2169eq1Ea+u8K3qd3FpaWkGDRqYk45/Z84847RN/jN28pTXcvY5H8qYvfbMz378g0069uZs2c/JT1308Zz6/vetcOyCCz+Z5194If/760szcqcRG62G5f8bXaa2tjZj9tozH/3weRkxYseNNvbqfPUb38xd/7g7P/3R97P3mL02+fibq1mzZue3l/8+jzz6WOrqlv5sfu+7T87J7zpxjeeef8HH89LLL+eG665O3759N0G1bK3e+/4zMmfu3Ldsc81Vf8yggQO7fGy/a9hYlv05Z5ni4qL069cvu+26az56/nkZOmRIkuS++x/I17/5n/nkxz+Wd5980hr7bWtryxFvPy4DBwzIX/58xUarf3M0d+7r+fwXv5x99947gwYOSl1dXb79X/+dxx5/IgP698un//VTq/1/gIMOOCC/u/yP+ffPfyG/ueyXKSsr28TVA1AIfPIMsJ4qKipy5BGHrfRPdVXVJquhoaEhhx55TE4/65wVXl+4cFHq6urS3t6+yWopRG8/6sgkyf0PPLjSsfseeCAdHR3Zb5+9VxvkvDJhQj564UW5485/pHevntlnzJjMmz8/P/vlpfnxT3+xUWtn/ZSUlOSIww9Nspr7fv8DSZK3H33UWvf5ne9+P//9gx9nxswZGb3H7hk4cGDuve/+fOwTF2fGjJldUzjr5Kmnn8kFF34iDzz4YIZsv30O2G/fzJkzJz/48U/zo5/+rLPdwoUL8++f/2ImTJyYI484LPX1S/KVr30jU157bbV9//3Ou1Z6rbGxMfc/8MBGuZat3fK/i/fbd5/Mnzc/v7zs1/nWd77X3aXxJr/538vXawnErrTzqFGdz8vAAQNy/wMP5l8+cXEmTJzUrXWx1LTp0/PRCy/Kzbfclprq6uyx226ZOm16vvv9H+Z7P/jRCm3Pv+DjOfTIYzJ7zpxuqpat2cEHH9j5s2SXnUclSbYbPHiFPxNWVa75z4SeYzZHAwb0z5FHHJbDDj0k1VXV+efd9+T8Cz7e+f+/Sxoa0tjYmLr6+m6rcXWfg2ys89bXLy/9VVpb2/K5z346xcVF/5+9+46K6ujDOP5dOgIqRVHU2FFAjb1ib7EmarD3buw19lhiojHxTUxijTVqbGlGY2+x94Ld2Bs2VBAVwd33D2SVgIAogvh8zvEc2Vt27p17Z+7O784Mc+ct4NSp04z7YjQ+3t589lzAffWatRw5esz8t7W1FcOHDuLc+QvM/2XRG0mviIikPOoBLCKSQKmdnPh85GdJnYwYzZ87E5PJpLdEX5FvmVLY2tpy9Ngx7ty5i7NzWvOyLVsjgoOVKlV44fbjxk8gODiY7l270MivAQDBwcG07diFX3//g9q1aiRqjydJmMqVKrJs+d9s2bqdju3bmj8PDw9n567dAFSqUD5e+9qxcxcrVq7ivSxZ+P7bb3B1jeiRtHjpr0z8YTITf5jEl2NGvf6DkFjN/2URYWHhDOjb29yr7O7de7Ro044//lxGk0Z+ZMyQgcNHjhIcHEy7Nq1o06oFu3bvoe+AQRw+fMTcC+J5FhYG1qxdH2UUAIDNW7by6FEoFhYGjEbTGznGd8V/6+IbN27Sun1HVq9ZS/OmjdTLPhm5HxLC5KnTGTJwQJKl4aMPa1OnVk3z35OmTGPBwsXMnvMzo0cOT7J0SYRv/jeRwMBAWrdsTvu2rYGI3v6fdO/Nn8uWU7F8OYoWKfxG02Q0mjAYwGAwxL2yvDMG9O1t/v/fq1bzxdjxlChRjD49uydhqkRej/cL5Gf4kEFAxEhGY8d/w4q/V7Hk19/p26sH1atWoWyZ0qRKlSqJU5q8Xb9+gzXr1tOyeVMcHRwAOHf+AkUKF6JwoYJYW1uzYuUq7t69x6PQR3z9v4l8N+GrKPvI+l4WSpYozqIlv9K0cUON7iYiIi9NPYBFRBLBdz9MwrdCFTZu/sf82bwFC/GtUIXFS38Fnr3xvWvPXlq17UDl6rVo3yli6Lrnbdm6jTbtO1Gxag38mjTnp5mzCQsLY/HSX6laow4Q0WPCt0IV1m3YCEB9vyZUrFojyn6Wr1hJi9btI/bTuDlzfp5vDkREvgnbtUdvFi/9lfp+TahWsy6Dhgzn7t17iXaekjt7e3tKlSyO0Whi2/Yd5s8fPHjA/gMHsLa2onxZ3xi3PX/hIsdPnCRz5kw0fG7ISycnJ2pUrwbA7j17E/cAJEEKFXwfF2dnzp0/H2Wupn0HDhIS8gBvr7x4eGSM175Wrl4DQKuWzczBX4B6H36IjY0N+w4cVE/9JBAUFARA1qzvmT9LmzYNHdq24aMP6xL6KDTK+iEPHgBw8tRpADJmjHlIx3w+Ply+coVjx49H+XzNmnVYW1uTN0+e13YMErP06dNRskRxAE6ceFafrlq91lwHNm7eihV/r4qy3Y0bN/ls1OfUrFuPKh/Uom//gZw5c9a8fNfuPfhWqMIXY8czcMhwPqj9EXXr+TF77rxY0xMWFs7U6TOo93FjKlatQeeuPaL07niXpEmThlWr18Z5/If9j9CtZx+qfFCbWnXr8+VXXxMUFGxe/sPkqfhWqMLyFSvp238glarVpGHTFqxeu+6l0xT5AsiJk8+uldu3Axkx+gtq1KlHtZp1GfrZSG7duh1lu9ieqSBiaOuyFavy+x/LaNy8FZWq1aRrj96cv3Ax1vQcPXb86bHXom49P36YPJXw8PCXPq630Y0bN9m9Zy8uLi60atHc/LmLiwstWzQFIs776X/P4Fuhivl5ub5fk2i9g/fs3UfLNu2pXL0WHbt05/S/Z6Isj608iLzXR48ZS9/+A6lcvQYXL13GaDQya87P+DVpTuXqtWjRuj3LV6xMrNMhKUBYWBiTp/1k/l3Wpn0nNv+zFSDW6zg8PJyZs+fSqGlL8++//5YxIm+KwWCgWpXKAFy6GNED+I9lf1GtZl1mzp5rXu/U6X/p3e9TqteqS516H/PZqM9jnbv2q68n4FuhCsM+G4XJFP3ajq3Mja0d5MTJU/QdMIjqteryQa0P6d3vU/Pz3Iu227J1G74VqjDhu+/N33/02HF8K1Rh0JBnL4e97DGuW78Bk8mE73NTx6RL58bpM2e4f/8+hw/7Y2dni5OTI//77geqVqmEt5dXtP1UqlCe4ODgKO0RIiIi8aUAsIhIEhv22SgyZcpE9mxZOXHyFKM+/9K8bOu27QweNoJr1wIoX9YXO1s7Zs+dx8QfJ5PPx4fWLSMayFKndqJDuzbkyhHzHHbzf1nE2PHfEBQcRPlyZQGYPmMWk6dOj7LekaPHmLdgEfnz+5DayYkt27YzfeasRDryt4N5GOjnfnDt3LWHsLBwihcrhqOjY4zbRTbo+Hh7R+s10qZVCzavX02TRi+eS1qSjoWFBeXLR9wnW7c9y/etT4d/rlTxxb2+/+vkyYiAYX4fnyifW1tbsW7Vclb+9bvmgk4CkQHCceMnsHvPXnPDU906tejTszvZsmUFoHjRIri5ufLHn8v46usJTJ8xiyqVKlKkcKEY91uxfDkA1qx9Ngz0nTt32bNvP2VKl9SoDG/Io6cBfGubiPP9+x/L+PzLcdy/f58K5cvy4MFDvvzqa7bv2AlAUFAwnbv2YP2GTXjmzk3hQoXYvXcfXXv0jhb4+3vVaoxPnvBhnVpYWFrw08zZsQaBRo35kp/n/0LatGkoV7YMJ0+dplffAUk+FHJS6NS+LSaTiQnfff/CQIb/kaP06N2P4ydOUqpEcTw8MrLi71X0+3RwtG3GT/iW8CdPKFK4ENeuBfDluK9jbYiNSeTLHpH35sOHD+nSvSfr1m/A2ysvPt5ebNq8hYFDhpm3ie8zlclkYvbP8/AtXYoSxYtx6LA//QcO5smTJzGm5dSp03Tr2YfjJ05SpnQpnJ3TsnDREqZMn/FSx/S28j9yFICC7+fH2jrqQGWRvX6PHD2Gq6sLHdq1wc3NFYCmjRvGMC/7d2TJkpmsWd/j2PHjjPz8C/OyuMqDSKvXruPk6dPk8fTExsaan2bOZsasOWRwd6fhx/V5/PgxY8d/w+o1a1/7uZCUYfCwEcxfsBAnJ0fK+pbm6rVrDBk+gu07dsZ6HU/8cTIzZ88ldWon6n9UFzdXV6bPmMUvixYn5eHIO+z+/Yihnh0cHWJcHnjnDr369ufY8ePUrlmD4sWKsX7DJnr3+zTGl5gWL/2VZcv/Jo+nJ0MGfRrjCAuxlbkvage5fv0G3Xr2xv/IUcr6lqFqlUr4HzlKnwEDuR8S8lLtJ696jAAHD/tjb29PHk9P82fNmzQm5H4IH9T+iJ9mzaZH10/Ytn0HR44eo3OH9jHuJ3++iN+R+w8cjFdaRUREnqchoEVEEigoOJjPRn0e5bOqlStFecMzPkaPHE6JYkUxmUw0adGaCxcvERgYiIuLC9Nnzo5oLP16HN5eeQkLC6dFm3b8tfxvenTtQvZsWZk9dx5Ojk60atEsxv0/ePCAmbPn4uCQilk/TcXF2Zn7ISG0bNOeRUuW0qD+h6RJnRoAezs7Zs+IWOfGzZvU92vCgQOHEnaCUojSpUpiZ2fHnr37ePQoFDs7W/6JnAc2lkDgvXsRPaddXZyjLTMYDFhaWiZOguW1qFyxAr//sYwtW7fRyK8BJpOJrdt2YDAY4j38Mzy7DlxcXKItU+A36TRv2pjzFy6ybv0G+vQfSPr06ahWpTJ+DepH6alta2tL86ZN+Hbib9cR+AAAIABJREFUDyxb/jeN/BrQtUvnF+73vfeykCN7NtZv3ET3rl2wtLRk3YaNGI1Gqleryuw5sfcWlVcTGhrK9h072bZ9B1ZWVrxfID9hYWFM/WkmdnZ2TJ/yI25urly5epWmLdowd94CSpcqyaIlS7lx8ybNmjamS8eIxreFi5fyw6Qp/DRrNgP79zV/R4liRflqbMR8bVWrVKJ1u04sXLKU2rVqREvPseMn2LhpM1558zDlx4lYWlqyavVaPv9yHEuW/kanDu3ezIlJJgoXLkjFCuXZuGkzy5Yv56O6daKtEzFXXjjjvhhNieLFMJlMDB76GVu2bWft+vVUr1rFvG6TRn50fppf48ZP4K8Vf+N/9Cju7unjlZ5rAQH8OGUaAEUKFwTgtz+WcfXqNRr5NaB71y4AfDnua1asXMXuPXvJ5+Md5zNVBnd383d8MXokPt4RvXkGDxvBP1u28s+WrVSMoR6ZNmMWYWFhjB0zCt8ypQkPD6dlmw78/scyWrdo9sIXzlKKyJci0qdLF22Zq4sLBoOBO3fv4uLsTKsWzfhnyzZu3brNxw3qRdtm7JhRFC1SGKPRRNMWrTl//gKBd+7g5OgYZ3kQKVfOnEz5cSJ2drYAbNse8Qzw9bgvsLW1pUrlSowbP4Gz5y8k4lmRt9W+/QfYsXMX+fPl44fvvsHS0pKTp07RvlNXvvt+EosWzH3hdVyyeDF8vL2oVKE81tbWhIQ8oHqtumzctJlmTRol8ZHJu8RoNHHu3DlmzJoNQJnSpWJcz9//KEFBwTRv2thcL6d2cuTosRMEXL9OxgzPRs7ZtXsPP0yaipubK+O+GG0uY/8rtjK3erWqMbaDXL9+g/59e/Nelix45c2D0WjC1s6OhYuWcNj/CKVLlohxu0uXL8d5LuI6xsyZMkXb5szZs6Rzc8PC4lmA28MjI7/Mm83Va9dwTuuMpaUFTVu24ZPOHUid2inG7/bw8MBgMHBO9Y2IiCSAAsAiIgkUGhrK+g2bonyWO1eulw4A584Z8dapwWAgS+bMXL58hcA7d7C1tePMmbNk8vDA2ysvENFr8PORw7l9O5AnT+I3bKz/0WOEhoZSvlxlXJwjgpGODg5Uq1KZeQsWcuToMco8bfBycXExr5M+XTrs7GzfyV5Kz7O1tcW3dCnWbdjInn37KFWiODt37sLGxoayvi/O68ieSjGMaCVvgfcL5MfNzZXD/ke4FxTElStXuXnrFgXy5yN9+uiN0y9iNF8AuhCSEysrK0YMG0yDeh/y51/L2fzPVuYtWMjS3/7gs2GDzb1w9u7bz7SfZmJtbUVYWDhXr17DYIALFy8xfcZM6tauRfFiRc37DQ0NpXq1qkyeOp29+/ZTongx1q5bT+rUTpQsXpyp70hPvjfp5q1b+FaoEuUzKysrunbpRDo3Nw4d9uf+/fsULVKYsPAwrgUEYGFhQcaMGTh1+l9MJhN79+0HoM5zQdx6H9bhx8lTOXz4SJR9uzz3gkCunDnJ5OHBxYsXY+z9ETnMf/FiRblx8yYAObJHzEl86ulw4u+a7l07s2PnLqb9NDNaEDQ0NBT/I0dJ5+ZGieLFgIhno48+qsuWbds57H8kSgA4V66c5v9nyZIZgDuBsT+zjBs/gXHjJ0T5LGeO7LRt3Qp4lmdFihTmWkAAAHnzeLJi5aqI6+VpOmN7pno+AOzy3Etg5cv58s+WrZw5ey7asRuNEddhqlSpyJkjh/m7vbzycvHSJS5cvGQOJKdYpsjnplevLyPvMwsLA1myZObylSsEBgZy6dLlOMuDSLlz54wSmMiePTtnzp5jxKgx1Kr5AUUKF2La5O+jfbcIRAxDDlCzRjXzS595PD3x9srL0WPHzS/7xqRY0aIsXLyEVm07EnD9Oo8fPwYgMI7yTeR1WbN2fZTRbABq16phnsbov7K+lwULCwuW/72S1KlTU7pkCXp272peHjnyxf2QEEaM/gKj0cgXo0eae8DHJCFlrrt7erJlfY8ZM+dw/ORJ7ty5a14WeDswzuOOTVzHGJOgoCA88kSfNsjCwsIcMP5h0hTc07vjnDYtjZq2JPh+MHVq1aRLpw7PrW/AIVUqbt2+HW1fIiIicVEAWEQkgdK5ufH70oWvdZ+R74aaTBASEjHUUtq0aaKskytnTnLljGj0fPjwYZz7vPd0Dl8316g/sFyfNjpcD7gee4oUwaRypQqs27CRrVu3Y2dry/2QECqUL4u9vf0Lt3F2TgvAnbtqrHkbGQwGKlYoz5Klv7Fjxy4uXoqY86pypfgP/wzgnDYtDx484M6duy+cN1aSTv58PuTP50O/3r34489lTJo6jZGjx/Db4oUYDDBk+AgMBvhp6mSmTPuJLdu2M3P2XLJkzsymzVv4oFrVKPsLDX1MtaqVmTr9J1avXUcmDw+OHT9BvY/qYm1tFW1uYXl1tra2+JaJ6JFiZ2dHJg8PKpYvZw4IRr7EtHfffvwaN4+2fVBQEPfuRcwJ7ebqFmW/Dg4OBFyPrY4EJydHrlw1mffxvMjvnvPzfOb8PD/Kshs3b8X3EFOU9OnS0apFM6ZOn8G0n2ZGWRYUHIzJZIrWIBw5kkZALM8rkaNHmuJ42cYrbx48PDJiMFjg5uqCZ+7cVKlc0TwiQ2SAZcDAIdG2vXHzprmHXkKeqZycInr2xPRiXXBwEOHh4YSHh+PXJPp1euPmTXxI2QHgyGBYTA3ctwMDMZlM5qD7y3j+2To+5cGL9OvTE1sbG9asW8+WbduxsrKicqWK9O7RNcX3zpaX96xeiVpWRF7nAdevvzAAPGnqNJYs/Y1KFcvTt3cPHBwcaN/pk9fycoRIfGRwd8fHx4uwsHD+2bKVDO7uDOjbO8ahmgGyZcvKF6NH8OOUaUx6+i9zpkx80rkD5cr6mte7f/+++f+H/Y+YX3KPSULK3IDr1+nZuz+WVlZ06dieHDmysXzFSpYt/zvO54O4xPcYnxceHvOUD5HOnDnLb38s47sJ4+n36SBq1ahB/vw+jBz9Bfny+USZ3sDGxoYncexPREQkJgoAi4gkAgtzS2TCf2g4Pp1j595/GqPCw8MxGo3xnksyciihu08DwZFuBUa8BZsmTZpo20hUJUsUx8EhFdt27DCf99iGfwbwzJ0LgOPHT0RbNnvuPGbOnkunDu00lFsyVrliBZYs/Y2t27dz/sJFLCwM5jle48szdy6uXL3KseMnogSAw8LCqFm3PpaWlqz481cNCf4G3blzly/HjcfZxZlBA/oBYGdnS+NGfuzdf4Cdu3Zz7PhxTCYTISEPqFK5EjlzZOezYYPp0Lkrs+fOI1MmDywsDFF6IEJE+ZzOzY1CBQvyz5ZtuLpENPxGBopfNEeYJFxqJydGDh/6wuWpUqUCInr1N274cYzLU6d2gitw995dMthF9N4MDQ0lJCSEdG5u0bZ53u3bgVhYGEiTJjX3n764Zd7305eE6n1YJ0pP8efT9S5q3NCPFStX8dfyFTg5pTZ/7uToiMFgiPa8cvtpr520r+F5pW6dWtSpVfOFy1Olisizvr16RAtEZ8yYwTwndEKeqW4/DWw6p00bbZmdnR0GgwFHR0cGf9ov2vK8efO8cL8phY9PRID74KHDhIeHY2X1rKniwNN5D1+1F3R8yoMXcXRwYNCn/ejVoysHDh3mjz//YvWatVhaWDB4YP9XSpekPC/6/RVZnsVWVqxesxZHBwc+GzpYz4eSJAoUyMfwIYMA6DtgELt272HlqjXUqvnBC7fxLVMa3zKlOX/hIjt37mLOvAUM/WwUv8ybHWVkjHZtWrFw8RKmz5iFb+lSZM4cfehkSFiZu3XbDu6HhNC1S0fz1Bw7d+2J83gjA9txvWQR2zFm8vCItr6DgwPBzwW9n2cymRg/4Vvqf1QXS0sLQkIe0KSxH+nc3Fi0eClHjhyNEgAOvh8ca49pERGRF9HkcyIiicD5aQ+Fy1eumj+Lz9wyz0uVKhU5c+bg8uUrnDr9LxAxRGCnT3pQ5YNaBAUHmxsFwp+8OKjg4+2FjY0NW7dvN89H+ujRIzZs3ITBYKBI4UIvla53kbW1Nb5lynD37j1WrFyJnZ1dlHniYpI9WzbyeHpy4eIllq9Yaf48ODiYFStXYTQaKVpE5z458/H2wt09Pdu27+D8+QsUKljwhb01XqTGBxFDpc2dv4CgoGDz57//uYyHDx/yfoH8atx7w1KnduL4yZOsXLWaw/7PhvcNCwvj6tVrQESDTeqnc6Nff9oD1NHBgbFjRmNnZ8fly1coX7ZslAYteNb7sHq1Kjx69IhFS5aSOVOmlD90azLmnTcPNjY2nL9wEa+8eSnrW4ayvmVIkyYN2bNnw9ramkKFIuZ/XfH3KvN2f69cjclkosh/yumAgOvmBsJ9+w9w89YtsmXNGiVYFalQwfcBOHf+AqVLlTR/d3h4+Dt9TVhbW9G7RzeMRpP5uQQigqBeefNyLSCA/U8DfgDLn+bLf/MiMRR8mmc3bt4051fJEsUJffyYXDlzvvQzVWSvZaPRZB5OM/fTF8SeZ2tri1fevAQHB2Nra2v+7jx5PLG3t4/zRYSUIIO7O0ULF+L27UDmLXg2ws69oCDmzlsAQM0a1c2fW1lF1J0v0yMqPuVBTO4FBVG3fkN69umPvb09pUuWYOCAiLnBI0cIEXle4af1ysrVazAaI6btOXvuPCdOniCDu7s5WPTf69hoNPHw4SOMJpP5pbFdu+MOYIkklk4d2mEwGJgxew5hYWExrjNl2k/UrefHjp27yJb1PRo38qNyxQoYjUauPNceksHdnTatWvBJp46Ehoby5Vdfxxh0jU+ZG1M7SOQIao8fR6QzPDzcPM1HpJi2i2y7eT6tl//TdhPfY3xeBnf3KM85z1v21wquX79BuzatzJ8ZeNbDOnI6qYjjekBYWLhGkxIREQoWLBjvf5HUA1hEJBEUK1qYKdNg1pyf+ffMGW7evBUl0BBf7Vq3ZMjwkfTs05/SpUpy8eJFTp46Ra2aH5DmaXAifbp0XL9+gwEDh+D3cX2KFS0SZR9OTk40b9qYmbPn0qZDZwoXKsiRo8e4di2Aeh/VJWPGDPEaSvpdV7lSBVavWUtYWDjly5XD1tY2zm0G9OtF9179GPf1BP5Y9hfOzs4cPXaMoKBg6tf7kDyenm8g5ZJQBoOBShUq8MuixUDsvb4nfj8J+1RRhwRv1qQxpUuVpGqVSqxdt4EmLVrj7ZWXO3fucOLkKRwcUtGz2yeJegwSnaWlJb26d2Pk52Po1rMPhQsVJE2a1Bw7doJrAQF4e+V9Gpwz4O3lhf+RowwaMpx8+Xw4cuSoubw8/e8ZgoODzcO6Pq9CubJ887+JT+cErhJtubw5Tk5OtGrRjOkzZtGqbQdKlizB3Tt32Lv/ACWKFeWrsWNo5NeAlStXM2vOz5w4eQpra2u2bttOqlSpaN0y6jCxBw4eoku3nmTy8GDr9u0ANGnUMMbvLl6sKEWLFGbvvv20aN2efD7enDt/nuMnTtK1S8cXbvcuKFG8GL5lSrN12/Yon3fq0Jbe/T5lwKCh+JYpzfXrN/A/coRcOXNStXLlRE9XI78GrFq9hp/n/4L/kaO4u7tz2N+fgIDreGTMiLdX3jifqZ43cMgwyvqW4eLFyxw7fpxMHh6U8y0T43d37tjOfOxlSpfEwmDB3v0HsLKyZMkv87Czs0v0409q/fr04pPuvfhp5mw2bNxEOjc3jh4/wf3796lbu2aUnvSZM2Xi6LHjDB85mmpVKuP3cf049x+f8iAmaVKnxsfbiy1bt9Hv08Hk8czN/gOHAChVssTrOXhJUYoXK0rhQgXZf+Ag7Tt3JVvW99i5azdGo4lPOnc0rxfTdVyqZAn+2bKVLt17kS3re2z+ZysAj18QfBNJTJ65c1GhfDk2btrM738uo+HHDaKtU75cWRYuXsqYsV/xQfVqPAkPZ9WatTg7p8UrhhEs6tapxfqNm9h/4CC//v4nH9f/KMry+JS5NjY20dpBSpUswYxZc5jz83wuXrrMuXPnzC/Shz0NCse0XYH8+XB2TsvuPXvpO2AQ1tbW7Ny1+5WOESKmnfhj2V/cvh2Iq2vUl4jvBQXRq0c37O3tyZY1Kw4OqVi4ZCmFC77PyVOnaNr42TPiiZMnAfDO++Ihs0VERF5EPYBFRBJBHk9P+vTsjouzM/9s2YaVlRXNmjZ+6f2UK+vL5yM/wz19ejZs3MitW7dp1aIZ/Xr3Mq/Tu1d30qdLxyF//2jDT0Zq27olPbt3xcbGhvUbNvLkyRM6tm9L7x7dE3yM75riRYuYAz3xnQc2j6cnU36cSFnfMly7FsDefftwdXGle9cu9OreNTGTK69JZF5bWlpSvlzM8zsBbN+5i/UbNkX5d+tWxByfwwYPoluXTjinTcPeffu5di2AiuXLMfXH7/HwyPhGjkOiqlypApO+/44ypUpy+t8zbN0WMbx7qxbN+N/XX2FhYYGFhYEJX4+lkV8D/j17lhmz5nD23Hn8Pq5P86aNuXzlCiNGjTH37HleqlSpKPs0yFO9qgLASa1Vi2YM6NcHFxcXNmzcyOkzZ6lbpxbDh0YMb+ji7MykH76lrG8ZDh32Z+++/RQrWoTJ338bbUg/3zKlyZgxA9t37sLWxpaO7duae/r/l8FgYNwXo2nauCGPHj1izbr1BN+/T7cunWjk55fox53c9ez2CTY2NlE+K1K4EN989SU5smdn8z9buHT5ErVr1WDi/77G2jrx3112cXZm6qTvqVypAmfOnmPjps04p3Vm3BejzXMVvswzVZuWLThx4iT/njlDwfcLMH7cGPN8w/9VuFBBvpswnnw+3uzctYfde/dSIH8+vv92wjsR/AXInDkT06b8QK0aH3AvKIiDh/1xd09P39496d+3d5R1W7dsjmfuXJw7f57rN27E+zviKg9e5LOhg2jk14AzZ86yYOFi7t67S5dOHWjZvGmCjlVStsjy/+P6H3Hr5i02bd5ChgwZGDNqBJUqljevF9N1/Gm/3lSpVJGrV6/hf+QoXTp14L0sWZ7OWR9zb0KRxNShXWssLCyYO28BDx48iLbcK28evvnqS7JkzsIffy5jzdr1T+u0r2N8UdJgMDCwf1/s7GyZMu0n8wg8z4tPmfvfdhDP3LkYMWwIGdzd2bJ1Gy4uLnTu2B6ACxcvvXA7W1tbRo8YTs6cOdh/4CCXL1+m2yedX+kYAXzLlAIipjb4r5bNm5p/W6ZKlYrhQwbxz5atjP5iHA3q14syr3DkqCjly5WN8XtERERiYzDFNcmBiMg75OrVmIfvERERkXfXrt176DtgEDU+qMaQgQOSOjmSzHXs0p1jx4+zZOE8MmbQkI0iIiLvGqPRSKNmLXFPn54fvpuQ4H00bt6KDO7uTPzf1685hcmfRwxzK4uIvIuCgoISvK16AIuIiIiIiIiIiIiIvAYWFhZ07dKJg4cORxtSOr5+/3MZAQEB0Xoki4iIxJcCwCIiIiIiIiIiIiIir0mFcmX5sG5tRowaw82n0wPF17Hjx/lh0lS6f9IFz9y5EimFIiKS0mkIaBGR52gIaBEREREREREReVVGo5F5CxbSuOHH2NjYxHu7S5cuc/jIEWrV+CARU5e8aQhoEZEIrzIEtALAIiLPUQBYREREREREREQk6SgALCISQXMAi4iIiIiIiIiIiIiIiIiIAsAiIiIiIiIiIiIiIiIiIimFAsAiIiIiIiIiIiIiIiIiIimEAsAiIiIiIiIiIiIiIiIiIimEAsAiIiIiIiIiIiIiIiIiIimEAsAiIiIiIiIiIiIiIiIiIimEAsAiIiIiIiIiIiIiIiIiIimEAsAiIiIiIiIiIiIiIiIiIimEAsAiIiIiIiIiIiIiIiIiIimEAsAiIiIiIiIiIiIiIiIiIimEAsAiIiIiIiIiIiIiIiIiIimEAsAiIiIiIiIiIiIiIiIiIimEAsAiIiIiIiIiIiIiIiIiIimEAsAiIiIiIiIiIiIiIiIiIimEAsAiIiIiIiIiIiIiIiIiIimEAsAiIiIiIiIiIiIiIiIiIimEAsAiIiIiIiIiIiIiIiIiIimEAsAiIiIiIiIiIiIiIiIiIimEAsAiIiIiIiIiIiIiIiIiIimEVVInQEQkObGwsMDS0jKpk/FWevLkCYDO3ztM18C7Sfmesil/3x3K63eH8jplU/6KvB66l0SSTuT9JyIir0YBYBGR5xiNRoxGY1In462m8ye6Bt5NyveUTfn77lBevzuU1ymb8lfk9dC9JCIiIm8rDQEtIiIiIiIiIiIiIiIiIpJCKAAsIiIiIiIiIiIiIiIiIpJCKAAsIiIiIiIiIiIiIiIiIpJCKAAsIiIiIiIiIiIiIiIiIpJCKAAsIiIiIiIiIiIiIiIiIpJCKAAsIiIiIiIiIiIiIiIiIpJCKAAsIiIiIiIiIiIiIiIiIpJCKAAsIiIiIiIiIiIiIiIiIpJCKAAsIiIiIiIiIiIiIiIiIpJCKAAsIiIiIiIiIiIiIiIiIpJCKAAsIiIiIiIiIiIiIiIiIpJCKAAsIiIiIiIiIiIiIiIiIpJCKAAsIiIiIiIiIiIiIiIiIpJCKAAsIiIiIiIiIiIiIiIiIpJCKAAsIiIiIiIiIiIiIiIiIpJCKAAsIiIiIiIiIiIiIiIiIpJCKAAsIiIiIiIiIiIiIiIiIpJCKAAsIiIiIiIiIiIiIiIiIpJCKAAsIiIiIiIiIiIiIiIiIpJCKAAsIiIiIiIiIiIiIiIiIpJCKAAsIiIiIiIiIiIiIiIiIpJCKAAsIiIiIiIiIiIiIiIiIpJCWCV1AkREBAIDA6lbv2GUz9KmTUO2rFlp3rQxJUsUB2Dvvv306juA0iVL8NXYMVHW79WnP3v3H2DS999SIH++N5b21y22c9GyeVOKFyv62r7rwsVLNGvZhoLvF+CH7ya8tv3Gpd7Hjbl561as6yxZOI+MGTK8oRQlH+MnfMufy5ab/7a2tiJjhoyUKlmc1i2b4+Tk9Nq+649lf/H1hO9o27olbVu3fG37fZHLV67QuFmrWNfJ4O7O0kXzEz0tyUFKy+u/VvzNuPGxlyM1PqjGkIEDEuX7k6OUWp6PGvMla9auj3WdwQP7U/OD6omajuRk3YaNjBj17LnEwsJAunTp8PbyokO71ryXJctr+643mdeqr595k/czQN16fgTeucPWTete634jqU6OW9MWbbh46ZL571SpUpHJIyN1atXkw7q1sbS0fG3fldj5HROV5dGfxQAcHR0p+H4BOrRtTc6cOZIoZSIiIiLyOigALCKSjNja2lKqZESw9/btOxw67M/BQ4f56svPKV2qZBKn7s16/lwEBkaciz79BzJ8yCCqVa2cxKl7NaVKlSAoKAiAgIDrnDh5ikweHuTOndO8jr2dfVIlD4AfJk9l4aIlDBsykOpVq7zx78/j6UnGjO6Ehz/hxMmTLFryK7v37GPm9ClYW7+djy+p7O2pUL6s+e8TJ04RcP06Pt5epEvnBoBz2rRJlTwAHj58SNUadcjk4cGiBXPfyHemlLz2yJgxSv7u3LWbR49CKVO6lPk4vPLkSarkAbB9x04GDBpK7Vo1GNi/7xv73pRWnnvlzcvjx48BePQolJ27duPgkIpiRYuY10nqgGBS5bW7e3q88ubBZDJx8eJlNm7azM5du5kxbdJrDQK/Kaqvo0sp9/PbUCcDtOv4CSdPneK3Jb+QPl26JElDieLFsLe34+GDhxw+cpQJ333P6X/P8Gn/PkmSntdFZfkzkc9iAJcvX2Xrtu3s3befqZO+J2eO7In2vSIiIiKSuN6eVjURkXdAaicnPh/5mfnvhYuX8sOkKaxcvfadCwD/91ysWr2Wz78cx9z5C96qBsaYDOjb2/z/v1et5oux4ylRohh9enZP8D6NRhMGAxgMhteRxCT30Ye1qVOrJgCPHj2iY5dunD13nq3btlGxQvkkTl3CuLi4RLmmx4z9ipWr1tC4kR8Vy5dL8H6fPHnyWnvhvGkpJa+LFC5EkcKFzH9/3KgZAY+uM/jTfqRJkybB+zUajVhYvN2ztqS08tyvQT38GtQD4FpAAH6Nm5M+Xfoox5gQKSGv3y+Qn+FDBgFgMpkYO/4bVvy9iiW//k7fXj2SOHUvT/V1dCnlfladHH+9e3Yjc6ZMAFy8dInW7Tqx/O+VdGzfFmfnpA+SJ5TK8meefxYDmDRlGgsWLmb2nJ8ZPXJ4tPUT+zp/G89hYgtfs57w3//iybHjAFh6e2FVrw5W1d6ecvdNsQpejVXQb1g+OgrAEzsfwlPXJ9wp5fbmT4h1ATtZdnkTx+6dBcA7TQ7qZq5AlQzvVruTiEhKpwCwiEgyFvnGdeijR0mckqRXpXJFvhg3nosXnw1FFxYWzszZc1i1ei13790jj2duun3SmXw+3gCEh4czd94CVq9Zx42bN3Fzc6V2zRq0aNYUC4vk3fAaV9p37d5D3wGDqF61Cnfv3mX/wYPMnjGdrO9l4bff/2T+wkUEBt6h4PsFyOOZm3kLFjJi+BCqVKoIwO3bgXw/aQq7du/hyZMnFC9WhF7du+Hm5soHtT7kfkgIAKPHjGXO3Pks+HlWkp0LOzs7ypX15ey581y8dNn8+dFjx5k8dTonTp4klX0qqlWrQucO7bCyini8OXHyFNNnzOLI0aMYMODllZduXTol++Hs4kr35Gk/MX/BQlq1aMaWrdu4FxTEn78uJiwsjIk/Tmbd+o0YjU+oXLECd+7cZcu27Sz7bTEuLi5ARGP9/F8WcfnKFdzd09OiaRNq1fyAxUt/ZeIPkwG4cvUqvhWqRLlm3oSE5nVgYCBTf5rJjh27CHnwgCyZM9O2dQvKlfV9Y2mPr3UbNvLLwiWcO38eR0dHSpUoziddOpImdWoAOnbpzrHjx+n2SWcWL/mV/Pl9GDl8KNev3+Dr/33H/gMHcXJypFnjRvw8/xccHR3N92dsZeKgIcMa/G7lAAAgAElEQVTZsm07AMtXrGT5ipVRros36V0oz+NK7+PHj6lUrSY5c+agYIECrF6zls6d2vNR3TocPHSY777/kfMXLpA5U2bqf1SXb76dyId1a9O/Ty8g9jI8ueS1wWCgWpXKrPh7FZeey+vY0g5v1/0MiV9fx1b+JYf6OqXfz3Fdj69aJ78of8+dv0Cb9p3M6ajv1yRKGZBU3suSBa+8eTh02J9Lly+bA8AveraIFFfdl5zFlvZXLcuTa71dt04tFixczImTp4AXX+eRaVu05FcuX7mCm6srtWtFvZfjuhccHR1feA7jqi+MRiNzfp7P36tWExh4B4+MGWnk14DatWqYj2Xjps3MnbeAS5cvkzZNWipXrkjbVi2wtbVN9PP4ujz+fgphCxZH+ezJwcM8OXgY48nT2HTvnEQpS35sbn2H9d2oQ/dbPjyA5cMDWISe4LFbzyRKWfIy6dQiFl1YHeWzQ3dOcejOKU4FXeATz0ZJlDIREXnd9EqdiEgydePmTRYuXgpA2bJlkjg1Se/Bg4cYjUYcHR3Mn40a8yU/z/+FtGnTUK5sGU6eOk2vvgMIvHMHgIk/Tmbm7LmkTu1E/Y/q4ubqyvQZs/hl0eIXfU2yEd+0r167jpOnT5PH0xMbG2s2/bOFCd99z507dylerCiBgYHMW7AwyjYPHz6kS/eerFu/AW+vvPh4e7Fp8xYGDhkGQKuWzcifL2Ie6Yrly9HQr/6bOehY3L9/HwAHh4j8P3XqNN169uH4iZOUKV0KZ+e0LFy0hCnTZwBw/foNuvXsjf+Ro5T1LUPVKpXwP3KUPgMGmhvLk6OXSfecn+cTGvqYPLlzA/DDpKn8/scyrK2sKFyoENt37jI3HEb6/Y9lfP7lOO7fv0+F8mV58OAhX371Ndt37CSfjw+tWzYHIHVqJzq0a0OuHG8+WP6yeW0ymejVdwB/r1yNt7cX9T6sQ0hICEM/G8mRo8feePpjs3HzP4wYNYZ79+5Rq+YHFHw/PytWrmL0mLHR1v1x8lTSpk1D5kyZMJlMDBg8lB07d5ExgzueuXMzbcYsc1kXKbYysVrVyubhYfN4etKhXRtSpUr1Ro77v96F8jy+6T1z5izL/15J1qzv4ZzWmRs3b9J3wCBO/3sGH29v0qZNw/8mfh9lm7jK8OSU1/fvR5RbDk/zOq60v033c6TErK/jKv+SQ32dku/nl7keE1Inx5a/rq4udGjXxhzoatq4IWXLlH4zBx6H/9bTsT1bwMvVfclNfNOekLIckm+9HfooFABra+son//3Op//yyLGjv+GoOAgypeLGFJ9+oxZTJ463bxNfO4FiH4O46ovAH6aOZsZs+aQwd2dhh/X5/Hjx4wd/w2r16wFYPeevQwf+TkPHz6i4ccNyJDBnfkLFjLhu+h5kVyFr1kfLfj7vLAFiwlfE/tc1u8Kq+DV0YK/z7O+Ox+r4NUvXP6uWBewM1rw93mLLqxmXcDON5giERFJTOoBLCKSjNy8dQvfClHnb/NrUC/KkFzvolu3bjPxx0kAlCldCoBjx0+wcdNmvPLmYcqPE7G0tDQPQ7hk6W906tCOksWL4ePtRaUK5bG2tiYk5AHVa9Vl46bNNGuSvN9qjW/ac+XMyZQfJ2JnF/EW+9DhowD4fNRnlC5ZApPJRP+BQ9i5a7d5m9/+WMbVq9do5NeA7l27APDluK9ZsXIVu/fspUmjhtwOvIP/kSP4+pZOkjmAI4WFhbN33z5WrFyNhYWFed7BaTNmERYWxtgxo/AtU5rw8HBatunA738so3WLZgD079vb3FPFaDRha2fHwkVLOOx/hNIlSyTZMcUlvumuW7smA/pFzL93LyiIZctX4OCQilk/TcXV1YWgoGBatGnH7duBQEQPjKk/zcTOzo7pU37Ezc2VK1ev0rRFG+bOW8CUHyeSPVtWZs+dh5OjE62ensc3JaF5bWtrS7OmjXFydKR0qZKYTCYKFXyfTwcPY/M/W809zpKDDO7uDBsykIIFCuDunh6j0cjVq9fYtXsPDx8+xN7+2VyiwwYPNA+nun3HTs6cOUv+fD58/+03WFlZcfTYcTp98mwY2viUiba2tqxeu47cuXO+8fyN9K6U5/FNr62tLXNmTjMPr/rD5KmEhobSpFFDunbpCMC8BQuZMu0n8zZxleEVK5RP8rw2Gk2cO3eOGbNmA8/yOq60Fyr4/ltzP0dKzPo6rvIvqevrlH4/h4eHx/t6fNk6GeLO31YtmvHPlm3cunWbjxvUS7I5gCOFhDzgj2V/cebsOTw8MpI9W7Y4ny1Klyr5UnVfchNX2iOHQU5IWZ5c6+1rAQH8OGUaAEUKF4yy7Pnr/MGDB8ycPdd8nbs4O3M/JISWbdqzaMlSGtT/EHt7+3jdCxD9HM7/ZVGs9UXxYkXZtn0HBoOBr8d9ga2tLVUqV2Lc+AmcPX8BiHh+MplM9O7VnRLFihIeHk6f/gO5ceNmop7D1yn897/itY6GggaroN/itc67PhT0ssub4rWOhoIWEUkZFAAWEUlG7O3t+bBubQAePXzElm3b+P3PvyhcuFCyeev/TYkpGJ43jyfdP4loANi9Zy8AxYsV5cbNiB/xObJnAyJ6VAAUK1qUhYuX0KptRwKuX+fx48cABAZG7TWXHMU37blz5zQ3JhuNJs6cPYuLi4s5UGgwGMiWLWuUBuXIc1ekSGGuBQQAEed2xcpVnDr9L8WLFU3044vLuPETGDd+gvlva2sr+vftRSYPD4xGE3v37SdVqlTkzJHDfAxeXnm5eOkSFy5ewsfbi2xZ32PGzDkcP3mSO3fumvcV+J8Gp+TE3T19vNOdL5+P+f/nzp0nLCyM8mV9cXWNGBowdWon3FzdzA1sx46f4P79+xQtUpiw8DCuBQRgYWFBxowZOHX6X0wm0xs4wuheR14XK1KYGbPn8s23E7l58xZGoxGIGLozOfHKm4eAgACGjRjFhYsXCQl5YF4WeOcOmZ5rBM+f/1n+nnxapn1Qrap52OvI8i5SfMrEpPIulufxTa9z2rTmxm54drx1aj8bvvJFeZ0cy/A1a9ezZm3Unki1a9WgRvVqQPzS/rbcz5ESq76Ob/n3pr1L97O1tXW8r8eXrZOTa/7GpHGzVlH+dnF2ZuTwoVhYGPA/EvezxcvUfclNXGlP5+YGvFpZnhzq7f8+i0HEVERtW0fN++evc/+jxwgNDaV8ucq4ODsD4OjgQLUqlZm3YCFHjh7DzdU1znsh0n/PYXzqi+zZs3Pm7DlGjBpDrZofUKRwIaZNfta7N0f2iOmUJk+Zzu3btyletCgT//f1K52rNy1yzt9XXeddEDnn76uuk9JFzvn7quuIiMjbQQFgEZFkxNHBgW5dns331dCvPk1btOHHyVMpW6Y0BkPc86LFZ523ga2tLb5lInqT7Nq9l5CQEEYMG0Lq1E4A5mEE5/w8nzk/Rx3q6cbNWwBMmjqNJUt/o1LF8vTt3QMHBwfad/okyQJdLyMhaQ8ODiI8PBw319jnBotsYB0wcEi0ZZENUEnNK28ePDwycvPmLQ77H6FShQrmnvCRxxkeHo5fk+bRtr1x8yau113o2bs/llZWdOnYnhw5skXMnbb8b0wk3/wPuH49Qem+czciUOwaS95H3jN79+3Hr3H08xYUFISNjc0rHsHLe9W89jLmof/AoZw6fZo2rVpQtEhhzp07z/gJ3ya7vN6ydRvDRowmd66cDB30KenSpeOrb/7HqVOnY723XyZ/YysTk8q7WJ4nNL2RL324uri+cJ3kXIZncHfHx8eLsLBw/tmylQzu7gzo29v8bBJX2o1G41tzP0dKrPo6PuWfD28+QPgu3c8JvR7jU2Yn1/yNSemSJbBPZc+p0/9y6dJlOrZvi1fePED8ni0O+x9JUN2XHCS43o5PWZ6M6u3IZzGDwQI3Vxc8c+emSuWKWFi8eNa4e3fvAeDmGvUYXZ/OUXw94Lq5h3Rs98KLxKeu69enJ7Y2NqxZt54t27ZjZWVF5UoV6d2jK46OjtSpXZN7QUEsXLSEL8aOB+D9Avnp16cn2bNli7ZfERERkZRGAWARkWTsvSxZsLa24sqVqxiNJuzt7QC4ey8o2rp37kX8CE+VjN+ifxmpnZwYOXwoAPMXLGTytJ+YNXcewwZ/Cjw7znof1onW2ylyfqzVa9bi6ODAZ0MHmxsg3hYJSXvq1Kmxtrbi7tMGmRdJlSri3PXt1cM8t1ykjBkzJCzBr1ndOrWoU6smDx8+xK9Jc9au30Drls3JkiUzdnZ2GAwGHB0dGfxpv2jb5s2bh83/bOV+SAhdu3Skdq2I3hc7d+1504fx0rZu25GgdEc2vsWW95H3xfsF8tO44ccxLg8PD09Isl/Jq+b1ufMXOHnqFKVLlqBt65YAPHny5E0fRrysejon3af9+5I3jycQvzI7sjE11vyNR5mYVN7F8jyh6XV1deHc+fPcvXcXB4eY8y05l+EFCuRj+JBBAPQdMIhdu/ewctUaatX8AIg77W/T/Rwpserr+JR/SeFdup8Tej3Gp05Orvkbkx7dPyFzpkwcO36cjl26M3f+Aj6oHjEiRXyeLRJa9yUHCa6341OWJ6N6O/JZ7GVEvvTx3+v81tPe8WnSpInXvfAi8anrHB0cGPRpP3r16MqBQ4f548+/WL1mLZYWFgwe2B+DwUCLZk1o2rghx46fYNPmf1i89DcGDBrKkl/mvXSakoKltxdPDh6Ocx2BJ3Y+WD48EOc67zrvNDk4dOdUnOuIiEjK8OLX+UREJMntP3CQsLBwXF1dsLAwkCN7DuzsbDlx8mSUocGOHjvOuXPncHJyImvW95IwxYnj4wb1cHV1Ye26dZw9dx6AQgXfByIa50qXKklZ3zKU9S1DeHg4Pt5eGI0mHj58hNFkMge1du1O/gFAIMFpNxgM5M6Vmxs3b7J3337zvs4/nQcrUsGn5+7GzZvm81ayRHFCHz8mV86cAFg9bZBNioDg8+zt7WnZvClGo5HpM2cBEb2PvPLmJTg4GFtbW/Mx5Mnjib29Penc3AgJCQHg8eMwIOI4Is9JcpbQdGfL+h62trZs37nL3MgWFBTMrdvPepB4582DjY0N5y9cxCtvXvN5S5MmDdmzZ8Pa2trcEB/+5M3ne0Lz+sGDiOEYH4eFmfe1M5ne65FDR4Y9TeuNGzc595/7MyaRjc6r1qw1Dz965uy5KOvEVSYCWD4dPjop7+t3oTx/lfTmeZrXf69cbf7sv3kdnzI8OeR1pw7tMBgMzJg9x3zNx5X2t+l+hsStr+NT/kHS1tcp/X5O6PUYnzo53vlrFZG/T8KT/kUIby8vypYpzdWr1/hrxcqIz+LxbJHQui85SGja41OWvy319ov4eHthY2PD1u3buff0ReRHjx6xYeMmDAYDRQoXite98CJx1Rf3goKoW78hPfv0x97entIlSzBwQF8ALl66BEC3nn346ONGhIQ8IH8+H7p37cJ7WTJz/bmh55M7q3p1Xss674Lw1PVfyzopXd3MFV7LOiIi8nZQD2ARkWQkKDiYz0Z9DsD94PvsP3gQAL8GET9U7OxsadOqJZOnTqdzt54RDQcmE/sPHsJoNNGlUwfz/JApia2tLa1bNOebbycy/aeZfDlmFMWLFaVokcLs3befFq3bk8/Hm3Pnz3P8xEm6dulIk0YNKVWyBP9s2UqX7r3IlvU9Nv+zFYjakJccWVgYEpz2ls2bMHDIcAYOGUaJ4sW4cuUa/545E2WdRn4NWLV6DT/P/wX/I0dxd3fnsL8/AQHX8ciYEW+vvOY5uGbN/pmjx44zoG/vxDnYeKj3YV0WLl7Kxk3/cKrJaTw9c9O5Yzt69/uUAYOGUqZ0SSwMFuzdfwArK0uW/DKPUiVLMGPWHOb8PJ+Lly5z7tw5Tp3+F4Cwx8k3/xOabicnJz6qW5tFS36ldfuO5Pfx4eix41HmV3NycqJVi2ZMnzGLVm07ULJkCe7eucPe/QcoUawoX40dg42NDenTpeP69RsMGDgEv4/rU6xokUQ/7kgJyevcuXKRzs2Nvfv2M2DQUEwmEzt27gKSX16XKV2Kvfv2M3zEaIoXK8quPXvMjaZhsdzbxYsVxdMzNwcPHaZNh854ZMzIvv0Hoq0TV5mYOZMHAJs2byH0USi9enRL0LCMr+JdKM9fpQxv2KA+v/72O3N+ns+x4ycwGY3mZ4FI8SvDkz6vPXPnokL5cmzctJnf/1xGw48bxJn2t+l+hsSvr+Mq/+zs7JK0vk7p93NCr8f41MkQ//w9euw4w0eOplqVyvh9nLTBiw7t27Jtxw5mz/2ZGtWrxevZIqF1X3KQ0LTHpyx/W+rtF3FycqJ508bMnD2XNh06U7hQQY4cPca1awHU+6iuuZdufO6FmMSnrvPx9mLL1m30+3QweTxzs//AISDieRqgfFlfvvthEt169qasbxmuXL3GhYuXKFqkcJJMe5IQVtUqYzx5mrAFi2Ncbt20IVbVKr/hVCVP4U7VsQg9gfXd+TEuD0vbjHCn6m84VclPlQwlORV0gUUXVse4vFHW6lTJUPINp0pERBKLegCLiCQjoaGhrN+wifUbNnHk2DFy5sjB0EGf0qxJI/M6zZo0YviQQeTMkZ0DBw9x8LA/efN48uWYUdSt/XJDd71N6tSuiYdHRrZs287RY8cxGAyM+2I0TRs35NGjR6xZt57g+/fp1qUTjfz8APi0X2+qVKrI1avX8D9ylC6dOvBeliwEBQWZG2+Sq4Sm3bdMafr16UmaNGnYu28/GTO4U6lieQDzywEuzs5MnfQ9lStV4MzZc2zctBnntM6M+2I03l55AahapRJly5Tm7r27/Pvv2cQ/4FhYW1vTtlVLTCYTU6fPAKBwoYJ8N2E8+Xy82blrD7v37qVA/nx8/+0E7Ozs8MydixHDhpDB3Z0tW7fh4uJC547tAbhw8VJSHk6sXiXdnTt2oEG9j3j0KJRDh/2pWKEc2Z6OCBDZg6RVi2YM6NcHFxcXNmzcyOkzZ6lbpxbDhw4y76d3r+6kT5eOQ/7+3H/aI/lNSUhe29nZ8tXYMRTIn4/9Bw5y+/ZtPhs6GIALFy++0fTHpUG9D2nVohlGk5FtO3ZQtkxpqlerCsSevwaDgbFjRlG6ZAkuX77CuXPnzcORRvYOi0+ZmMnDg9Ytm2NlZcXBw4eTbGjdd6E8T2h6XV1d+OarseTOlZPD/kcIefCApo0jngGsLONfhieXvO7QrjUWFhbMnbeABw8exJn2t+l+jpSY9XVc5R8kfX2dku/nV7ke41Mnxyd/W7dsjmfuXJw7f57rN24k4tHGT47s2ahauTK3bwey9LffgbifLRJa9yUHCU17fMryt6nefpG2rVvSs3tXbGxsWL9hI0+ePKFj+7b07tHdvE587oWYxKeu+2zoIBr5NeDMmbMsWLiYu/fu0qVTB1o2bwqA38f16durB0ajkQULF3Po0GE+qluHUZ8NS8Sz8vrZdO+M7cghWBYsADbWYGONZcEC2I4cgk33zkmdvGTlsVtPQt1H88S+EBhswGDDE/tChLqP5rFbz6ROXrLxiWcjhuXvyPvOnlhbWGFtYcX7zp4My9+RTzwbxb0DERF5axhMJpMpqRMhIpJcXL16NamTIPJKnjx5gv+RoxR8vwAARqORDp27cfLUKebMnE7OHNmTOIWSWAIDAwkKvm9uVLt9O5BGzVpga2vH8j+WYjAYkjiF8ipOnf4Xj4wZcHR0BGDL1m0MGvoZ5cv5MmbUiCROnbxOBw8dpkD+/FhYRNyz3/0wiSVLf6NXj258XP+jJE6dvC6qr1M21cmisjyC7gURSSgPD4+kToKISLIQFBSU4G1T3jihIiIi77Bly//mm/99x/sF8pM5cyaOHTvBufPnKVWyhBqTU7hvv/+Rrdt2ULRIYdKkSc3OXbt59CiUtq1bqXHtLRceHs7AwcMIDw+ncKGCPHnyhK3bd2BpaUmTRg2TOnnyGp0/f4HuvfryXpbMeHt7cf36DfYfOEg6Nzc+qFYlqZMnr5Hq65RNdfK7TWX5M7oXRERERJKO5YgRI9RlQETkqeDg4KROgsgr8cydC3t7ew77H+Gw/xFSpbKn/kd16fN/9u47ronzjwP4J4SwEQFFBRTEjQMUBAfgVlRE3FpHq3XvbbW2/qy2WrdVO9TWuq17oOC2al1VwVr3RBAVGbISCBm/PyhoDEhAIAl83q8Xr9a75/KMey53ue89z00YB6FQqO3iURFq1NAdKampuB4Wljla1L4SRo8cjm5du2i7aPSRDAwM4OnRCFFRz/H3tWt49SoGrq51MGf2LNR1raPt4lEhKlu2LKpXc8G9+w9w7Xo4pOlS+Pg0x9w5s2Fdtqy2i0eFiOfrko3n5NKN3+Vv8VggooKytLTUdhGIiHRCenp6gbflFNBERO/gFNBERERERERERETawymgiYgyfcwU0AaFWA4iIiIiIiIiIiIiIiIiItIiBoCJiIiIiIiIiIiIiIiIiEoIBoCJiIiIiIiIiIiIiIiIiEoIBoCJiIiIiIiIiIiIiIiIiEoIBoCJiIiIiIiIiIiIiIiIiEoIBoCJiIiIiIiIiIiIiIiIiEoIBoCJiIiIiIiIiIiIiIiIiEoIBoCJiIiIiIiIiIiIiIiIiEoIBoCJiIiIiIiIiIiIiIiIiEoIBoCJiIiIiIiIiIiIiIiIiEoIBoCJiIiIiIiIiIiIiIiIiEoIBoCJiIiIiIiIiIiIiIiIiEoIBoCJiIiIiIiIiIiIiIiIiEoIBoCJiIiIiIiIiIiIiIiIiEoIBoCJiIiIiIiIiIiIiIiIiEoIBoCJiIiIiIiIiIiIiIiIiEoIBoCJiIiIiIiIiIiIiIiIiEoIBoCJiIiIiIiIiIiIiIiIiEoIBoCJiIiIiIiIiIiIiIiIiEoIBoCJiIiIiIiIiIiIiIiIiEoIQ20XgIhIlxgYGEAoFGq7GHpJLpcDQKltv9Jef6D0tkFprXeWkl7/kl6/vJSW+peWen5IaWmD0lLPDynJbVCS66ap0t4GrH/prn9hYltqhu2kObaV5rLaioiIPg4DwERE71AoFFAoFNouhl4r7e1X2usPlN42KK31zlLS61/S65eX0lL/0lLPDyktbVBa6vkhJbkNSnLdNFXa24D1L931L0xsS82wnTTHtiIiouLCADAR0XssLS21XQS9lJycDKD0tl9prz9QetugtNY7S0mvf0mvX15KS/1LSz0/pLS0QWmp54eU5DYoyXXTVGlvA9a/dNe/MLEtNcN20hzbSnNZbUVERB+H7wAmIiIiIiIiIiIiIiIiIiohGAAmIiIiIiIiIiIiIiIiIiohGAAmIiIiIiIiIiIiIiIiIiohGAAmIiIiIiIiIiIiIiIiIiohDLVdACIiIiIiIiIiIqKSTvY0Ahlh/yDjzl3Io55DkZgEZMiKJjORIQysykDo6ABRndoQNWwAQ2enosmrKKQ9hVIcBohvAelRUMoSAWQUQUYiCAytAGNHwKwuBGYNARPnIsinaESkRONG3D3cSXiMaPFrJEqTkaEomj4lMjCElZEl7M3Ko461C9xsa8HJwr5I8iIioo/HADARERERERERERFREUk/fwlpIaFQxL+B0KUqhFWdYezlCYGlBWBYRLdnZTIok1Mgex2LjIePkXbsJAxsysKkoz+MfZoUTZ6FQJl0HkgIBmQJUJpUA4yrQmDhDYHQEhAUQVspZYA8GcqMGEDyAEgIBQytAesACMr4FH5+heTiq3CERJ5HgjQJLhaOcLZ0gJddPViIzCAUCIskT7lSjpQMMWIkCXiUGInjzy/C2qgMOlb2QdMK7kWSJxERFRwDwERERERERERERESFTPY0AuKNW6BIlUDU0A2imtWLL3NDQwisy0JkXTYz39Z+yLj/EJKDwUg/eRJmnw7QrRHBaU+hfP0bIBdDad4QAtNaEBRHvgJDwNAaAkNrwLQWYNUaSsk9COL3Q5l4DILyQ3RqRHBESjQ2PziEVJkE7ja1UcOqSrHlLRQIYWVkCSsjS9SwqoIW8MSDxGc4+OwMTkZfxsAaXTgimIhIh/AdwERERERERERERESFKP30WSRO/wpCe3uY9elRvMHfXIhqVodZnx4Q2tsjcfpXSD99VttFAgAoE09BETEVMHIAyvWFwLSWVssjMK0FlOsLGDlAETEVysRTWi1PlrMvrmLWlZWwNyuPXlXbF2vwNzc1rKqgV9X2sDcrj1lXVuLsi6vaLhIREf2HI4CJiIiIiIiIiIiICkna4VBIgkNhNrAfhPYVtV0cNaJG7jCoWBHinXuhFIth0tlfa2VRJgQD8YcgKD8IMNKx0aPmHhCIKgGxf0CpEENgHaC1ooREnsORyHP4pHpnVDIrp7Vy5MbdtjYqmJbDrifHkCqToGNlX20XiYio1OMIYCIiIiIiIiIiIqJCkH76bGbwt0dXnQz+ZhHaV4RZj66QBIdqbSSwMvEUEH8IsO2pe8HfLEb2meWLP6S1kcBnX1zFkchz6O7cRieDv1kqmZVDd+c2OBJ5jiOBiYh0AAPARERERERERERERB9J9jQCKT+th0mnDhBYl9V2cfIksC4Lk04dkPLTesieRhRv5mlPoXz5I2DdGTC0Lt6888vQGrDunFnetKfFmnVESjR+ubML/o4+sDKyLNa8C8LKyBL+jj745c4uRKREa7s4RESlGgPARERERERERERERB9JvHELTNq10umRv+8T2leESbtWEG/cUqz5Kl//BkHZdro78vd9RvYQlG0H5evfijXbzQ8OoY2Dt06P/H1fJbNyaOPgjc0PDmm7KEREpRoDwEREREREREREREQfIf38JShSJRA1ctd2UfJN1MgdilQJ0s9fKpb8lEnnAbkYMPcolvwKjbkHIBdnlr8YXHwVjlSZBO62tYslv8LkblsbqTIJLr4K13ZRiIhKLQaAiYgKWejR43Dz8Iabhzf27NufY5rdezqKA7IAACAASURBVPdnpzl+IvMdMouXLoebhzfGjJ+kkvb161h4N28Bd88muPnvrSIvvzbIZDKcOHkao8dNxOat29XWp6en47uFi9GyrT8aN/XFJwM/w9Vr1/P9OS1at4ebhzdu3b6Ta1mGjRwDNw9v7N1/4OMqlU83/rmJOXPnYfrM2WrrZDIZ1v/2O7p27w3v5i3QrVffXPsWACiVSgz4dAjcPLwhFkuyl0+Z/gXcPLyxcfPWXLddu/5XuHl4Y9bsOR9XoY/QObB79vHx7p9cLgcAJCQkYM4389GhUyCa+bbCZ58Px/Uw1R+VuryvNbVsxQ9w8/DG2XOqNxfmfDM/x/a5dPkKAGD7H7vg5uGNsRMm5/rZ18PC4ebhjXYdA4q0Dh+Sn379oeNDX/o1kHffViqV+H3TFvgHdIVXU18MGjwUt27dVvkMfapvlqjnz7FqzU8I7N5LZfmzyKgc2yPrb/nKVQD0p0+/K6/zEZC5v/cfOIRBg4eimV9rHAw+rLJeH7/HctvXWa78fRX9BnyKxk190aqdPxYuWoJ0qTR7vT727/dt/2MXgnr0gVczPwT16IM/du1WWV8S6qip7Tt2onNgd3g28UFA1x7YsXN33hvpsJJ8/aHpOVnTfaqP5+0TJ0/jk4GfoalvS/gHdMWyFT9AIpGopMnrGux9OV3L6eM57UNmzZ7zwXN5WloaACBVLMbced+hRev2aOrbEtNmzEJcfLzKZ61c9SP8WrVDu44BOBR8RBvV+WhpIaEQNXTTOP35GzcwetkSdJkxHQPmzcXagweQJk1XSXP8778xfPH3CJgxDQPnf4MNhw9DmiHLXv/kxYvsz5i17hckpaQWuPyihm5ICwkt8Pb5khAMpXlDjZK+fv0GLTpNVvsbO3VVjunj45PQqecsDJ+wXGX52t8Po0ufr9Bz0DcIPfl3gYuuNG8IJAQXePv8CIk8D3cbzYO/Ny6GYen0BZjxyQR8M3I2Dm7aC2maap/6+/QlLJo8H9P7TcC8UbNxeOsByKQZ2etfPIvG0ukLMP2TCVg7fzVSk1IKXH53m9oIiSyeYDkREakz1HYBiIhKsiMhR9GjW1AOy9V/VI0cPhSHQ47i/F8XcPHyFTT19gIArP7xJ6SlpSGgc0fUr1e3yMtc3Nb8tBa79+7FmzeJUCgU8PZqrJZm4aKlOBJ6FBPHjUGlSpWwY+cujB43Eft27YCDg73Gn5PlwMFg1HWto7b8xYuX+PvqtcKrnAaOHjuOn9f9isePn8DAwADNmzVVS7Nw8VIcORKKEcOHokb1ajjz5zl8M38BhEJDBAWq3xjas3f/Bx8W2H/wED4d2F9tuVKpxMFD2r/Z8jo2FoEBndHwvZsnBgYGkMlkGD5qLNLS0jBuzCiUKWOJTVu2YeTocdixbTNcqjqrbKNL+zo/Hj56hC3bduS47vXrWDSoXw/dggJVlldzcVH5918XLiI2NhblyqlPFXbgoPan4tKkX2tyfGTR9X4NfLhvA8CGjZuwas3PGPb5YNSsUQObtmzFsFFjEbx/D2xsVN+Lpg/1vXvvHpatWIUrf1+FQCCAsbGxyvoKFezw+69r1bZ7+fIVvvjyKzRt4q2yXNf7dBZNz0df/28ego+EIKBTR3QP6oomXl45ptOH77G89jUAREZFYez4SWjc2BNLhg9F1PNorFy1BjK5HLNnzlBJqw/9Oye7du/FwkVLMOSzT9HYsxEuXLqM7xYuhpHISO07W1/rqKnDIaFYuHgpBvbvB29vL1y4cAkLvl8M67JW6NC+nbaLl28l/fpDk3OyJvtUX8/bR48dx/SZs9Gvb2+MHjkcj588weoff0F8QgLmz30bhNb0Ggz48LUcoD/ntLyMGPY5evXsrrb857XrkZaWDhMTEwDA1Okzcfv2HYwfNxoikQgrVq7GxMnTsPn3XwEAly5fQeixY9i7ewfiYuPw2dDhaN6sKWxsrPHo0WPcuXsPAZ07Fmvd8kv2NAKK+DcQ1ayuUfozYWGYv+l3dPP1w2cdO+PZq5fYcOQw3qSkYPonmcfG0SuXsWTHdvRt3RbuNWog6nUMfg0OhliajjHdMtt95a6daOneEEG+LbDsj+3YfPxo9rpdp0+jQ2MvlLEw16hMoprVIT37F2RPI2Do7FSAVtBQ2lNAlgCBaS2Nkr+OTwQADP+sM8qWeVsXG5syOaZfve4AUsVpKsuuhT/AyT/DsPHnaYiLT8a46avQxLMOylpZ4GnES9x/FIX2rT01Ko/AtBaQdDazHibOeW9QQBEp0UiQJqGGVRWN0of9dRUbl66HX+dW6NQ3EK+iXuDw9oNISUzGJ+M+BQBcOXUB29dsRpvuHVCjbk3EvIjB4S37IU1PR7chvQEAu37ehobNPODXqRV2/LQFx3YfyV53+sBxeLVqCvMyFhqVqYZVFZx/dR0RKdFwstCTqb6JiEoQjgAmIioiBgYGuHY9DC9fvVJZ/vLVK1wPC8++4Z/F0tISY0eNAAAsW74SCoUC9x88xMHgIzA1NcXEcWOLrezF6fKVKxjYvx+Oh+R8oyNVLMahw0cwYtgQ9OvbGy1b+GLl8iUwMTbG/ndujuT1OVmsra0RcvQopO+MOMpy4FAwrKys1PZNUbpy9RqaeHlh146taNRQfaqwxKQk7N6zD+PGjMKnA/ujWdMmmPXFNLi7NcDBQ+pPHSckJGDl6jVwd2uQY37W1tZ4/PgJ/r2lHiC+dj0MkVFRsLWx+fiKFVBSUjLS09PRvl0bdA/qqvInEAhw9tx53H/wEMuWLEJA547w8/XBiqWLAIEAoUePqXyWru3r/Ph2waJcH/h4/fo1Grq7qbVP+fJvbyAaGxvD2NgYhw6HqG0vkUhw7MRJre5nTft1XsdHFl3v10DefVuhUGDjpq3o16cXRo8cjrZtWmHND8sBpRJbt6veQNaH+gLA7Tt3YWVlhR9XrcDQIYPV1hsbGaGhu5va391791DV2RlNvN8GRHW9T79Lk/PRsRMncTD4MFYsXYR5c79GUNcusLMrr5ZOX77H8trXALBv/0GIjIywbMn3aOHni/79+mDUiGE4eDBYZZSdvvTvnBwJPYqmTbwxYdxoNGvaBFMnTYBXY08cCT2qkk6f66ipP3buzmyDyRPh27wZZkybDJ/mzbD9j13aLlqBlOTrD03PyZrsU309b6//7Xe0ad0KX0ybAp/mzTBoQH8M7N8PIaHHkJHxdlScJtdgWT50LadP57S8ODlVUTuPV63qjLDwG+jXJ3M2iLv37uHCxUuY8/WX6NEtCIEBnbHwu3n45+a/uPjf6OlnkZGo5+qKcra2qFWrJsqVK4fIqCgolUrM+25hjg8W6ZqMsH8gdKmqcfptJ47Bp4EbxnTvAa86ddCzZSv0bNEKJ69fg+y/2WEO/XUefm5u+DwgAB61aqGrjy+6NG+OU9ffPkjyPPY1mtStByORIbxcXRH53/2H6/fv48S1v2FhZpaveghdqiIj7J98bZNfSnEYlCbVNE4fG5cZAO7RxRed/Ztk/zX1clVLey38Ac5dvIlaNSqrLI96/hq1a1SBjXUZ1KjmAFsbKzyPjoVSqcTS1bthZCTKXx1MqkEpDsvXNvl1I+4eXCwcNU5/fE8o3Jo0RPfP+6BOo7poGdgWLQPa4NrZK5DLMvvU+dCzcGvaCAH9g1DL3RW+HVuieYcWuHb27Yjo1y9eoa5nAxgaiVCnUT28inoJALj/z11cPXsFZho+UJDFxcIRN+Lu5WsbIiIqHLrzq4OIqIRxa1AfSqUSR0JUb/odCQmFUqlEQ3f1qaG6d+uKWjVrZAZ+Dx3ODgQPHfJZjjcWSoJNG9ZjyGef5vj0OwA8ePAAGRkZ8H5nZJSxkREaNKiPf9+ZGjWvz8nSvm0bJCen4PSZP1WWK5VKHAw+jM4dO0ChUHxEjfLnq1lfYMa0yahZI+cnxZOTk9HJvwN8fJqpLHd2dkJycrJa+mUrVsGlqgs6d/LP8fPqutaBo4MD9h9UDx4fOBiMWrVqwrkon/bOQ2xsLACgQoUKyMjIULt5KhKJEBQYgBrV394wsLCwQPly5ZCcrDo1la7ta00dOBSMBw8fYcK4MTmufx0bh4oVK0ChUKhNTZhFIBCgfds2OJDDfj524iSk0gy0bt2yUMudH5r267yOjyy63q+BvPv2s8hIvElMhE/zt21iaWmJFn6+alPe60N9AaB7UFcsXvgtmjVtAgMDgUbbpKWlYe/+A+jTu6fKcl3v0+/S5Hz0x87daN+2DVr4+X7we0hfvsc02de3bt9BQ3c3GBsZZS/zauyJdKkUDx4+yl6mL/07J+np6bC0UB0RU9bKKnsK1Cz6XEdNKBQK3Ll7T+UhDiBzf9++cxdKpVJLJSu4knz9ock5WdN9qq/nbVfXOmqz6lR1doZMJoNE8vb41eQaDMj7Wk6fzmkFsXvPPlhaWqJtm1YAgH//vQ2BQKAyItyrsSfKly+Pq/+NiK/q7Ix/b99GbFwcHj56hNjYWDg6OuDAwWCYmpqiXdvWWqlLfmTcuQuho+YjHGs6VoG/l+psJ5UrVIBcLkdaeuaUvd8OG4Fp/T5RSWMsMsp8fcJ/x11lOztcuvUvMmQyXLt3D5Xt7JAhk2HVnt2Y0LOXxtdgWYSO9si4czdf2+Sb+BZg5KBx8viEZJSxNIOJqRHS0jNy/Q6VyeRY8eMe9O7WEo72qtdhTpXtcPfBM8QnJOHJ05eIi0+EfSVbhJz4GyYmRmjpo/nU3QAyyy8u2ld03Ul4DHtzO43TV3apAu82qt/lFRwqQi6XI/2/aaCHfzkG/cYOUkkjMhZBmi4F/js92zlWxK2r/0CeIcO9G3dg51AB8gwZ9qzbjl7D+0GQzz5lb26HOwmP87UNEREVDgaAiYiKiKdHI1hbW6tN93z4yFHY2tjkOELTwMAA06dmvg/q+yVLcfHyFTg42GPQgE/U0pYWcXGZ74aytVV9Ct7G2hoJCQn5/rxy5Wzg1dhT7YbT1WvX8fx5NDp17FDwwhYBRwcHfDd/Lio7vn3yV6FQ4MaNm/D08FBJez0sHIdDQvHlzOkQIOcfZVKpFF0DAxASekzlvYtisQTHT55Ct8AuOY5YKS4xr18DAP4371t4NfODd/MWGDthcva+9vVpjrlzvlLZ5tWrGES/eIHGno1UluvbvgYyR4kuX7ka48aMhLV1WbX1MpkMb968wf4Dh+DdvAWa+LREr7791d4TK5VK0S0oEE+ePsU/N/9VWXfgYDBa+PmqBSmKU376tSZ0vV8DefftrJsyRu8ExwCgUqWKePHypcoyfahvQR04FAy5TI7ALp1Vlut6n86PjIwMhN/4B5aWlug34FM08mqGlm39c5wqVB+/x3ITFxeX47kcgMr5XJ/7d1DXLjhz9hzO/HkOqampOHXmT5z+8yy6B3VVSafPddREckoKpFKp2ghGa+uySE9Ph/gDgTNdVZKvPzQ5Jxf2PtW1Y2Du17Ph5+ujsiwsPBw1a1RHmTKWADS/BsvrWg4oWee098nlcvyxazd69egGQ8PMt86lpadDIBDAUChUSWtfqSJevMwcrdrY0wMBnTqiV9/+GDt+MmbNmA6hUIg1P/+CmTOmFXs9CkIe9RyG+Xhoe2q/fmhSV3WU+M0nj+Bib589atfKwgImRsaQyxUQp6Xh7zt3sf/8WQT5+gGCzN97E3r0xtl//kHPr2bjTUoKBrb3x/YTJ1DXuSpcnTUfkZzFsHw5yKOe53u7fEmPgkCkeWAzLi4JcrkCA0csRIduM9CxxyysWXdQLRC8bdcpSDNkGNhX/VUD7g2qo31rTwwZsxQz/rcOE0f3gFBogN82h2LiaPVpzPMiENkB6VH53i4/osWvYWdqnXfC//QbOwiuHvVVlj2++xD2zo4ws8jsUxZWljA2MYZCrkCaOA13w27j3JEz8O3UElm3EHoN74cbF8Mwe/A0pCQmo0Ovzji+NxTOtarBuZb6lPd5sTO1RrT4db63IyKij8cAMBFREZHL5fBv3xYPHj7KHtly/8FDPHz0CB392yMjQ5bjdp4ejdCubWuIxZk3UqZMHK8WEChNstop6wZCFgOhAaTvTMmmqfR0KYK6dsGly1fw6lVM9vJ9Bw6hrmsdODvp/oibrdt24MXLlyoPBshkMsxf8D369en1wVEXUqkUXbsEQCwW4+Sp09nLjx47Drlcjk6d/AvUroVFLpfD3NwcjT0aYfmSRRg5fCguXb6COd98m+s2CxYtRo3q1dCyhZ/Kcn3c1ytXrUbFCnbo1SPnmxApKSmwti4LBwcHfP/dPHz15UwkvEnE+ElTVUaiKBQK1K9XF05OVbD/wNtpaCOjonA9LBzduupecCGnfq0pXe/XQN5928HBHgYGBmo3gl/FxCBNojp6UB/qWxBKpRLbd+xCYJfOMH9vukJ97NO5iY5+AZlMhv0HD6GFny9+WvMDWrXww+Kly3H23HmVtPr4PZabjAyZ+rn8v2lwpdK3/VWf+3fvnj0Q0KkjJkyeimZ+rTFpynR0D+qq9r5Qfa6jJrKmzH1/fwv/298ZenKs5qUkXX+87/1zcmHvU10/Bv69dQv7DhzC8KGfZy/T9Bosr2s5oGSd09537PhJxMcnoGePbtnLqlR2hEKhwO13RpXK5XLExcWrzJAwZtQInD4eitDDB9AloBOWr/gB3boGokplzafA1SZFYhIElgUP3N+NiEDo5csY0F79IZGvf1uPwJkzMHPtT6jn4oLPO78dse5UqSJWT5yEAwsW4tthw5EsEePIpQsY3iVQ7XM0IbC0gCIxqcD10IRSlggILTVOb2AggImxEQI7NcP8rwajpa8bdu47g937z2aniX4Rhy07T2D8iG4wMc55OufPB/pj/7a52Pn7V/Bv0xg//XoIndt7waFSAWZbE1pm1qMIJUqTYSHK3xTe73r24Ckun7yA9j07qa1bv/AnfDFgIn6e9wNc6lRHlwFvj9mKle0x6fsZWLBlOYZ/OQbiVDEuHj+PwEH5D5QDgIXIDIlS9dnLiIio6DEATERURNLS0hHQuSMAZI8CzvpvQOdOSP9vWqecpKSkvv3/1NRc05V2uY1y/ZB0qRRtWreChYU5DgYfBgCkpqbi5KnT6NY1UOUmtC76++o1LP9hNaZNmYRKlSpmL9+8dTsS3yRi9MjhH9w+PT0dFSrYoWkTb5Vp5/YfDEarli1gVaaMVm/MNm/WFH/9eRKTJoxDyxa+GDHsc4wdPRJ/nj2HyCj1J6zXrv8NFy9dwby5c9Tep6dv+/rmv7ewd/9BfDlzRq7vBixbtixOHw/F8iXfo3WrlujZPQgrly5CbFwcQo8eV0mbLpUiKLALQo8dz/6+OXAwGOXKlUPzZk11qv659WtN6Xq/BvLu2xYWFmjZwg+/b9yMi5evICEhAet+3YDDR0JhZq5640cf6lsQf124iCdPn6pN/5xFn/r0h2Sd1yeOH4ORw4eiqbcX5nw1C/Xr1cWmLdtU0urb91hBCQRvz+f63L8PHwlB8JEQjBszCr+u/QmjRgzD3v0HcOz4CZV0+lzHQiHI//WbrilJ1x/vK9A5OZ/7VJePgdjYWEye9gU6tGurMu2wJtdgmlzLZSkp57T3bd2+A23btEI5W9vsZd5ejVG+fHl8u+B7PH7yFM+fR2PGrNmIev5c7YGvLGHhN3DtejiCArtg1NgJ8G3VFlNnzESqWFxcVcm/DBnw3kMSmkpISsLc339DS3d3+Lmpvz97VNcgLBs7DsO7BCLs3n2sDz6Uw6dk+mH3Lgzq4I/zN/9B37lzMHD+Nzj/Tz7e6WtomFmXIpUBCDRvq8ED/LFnyxz06uoH36b1MXNyPzRtXAe73gkA//DzXjRqUB3Nm+T87u333bz1GDduPkLH9l6Y9tVadOkzG3O+2wSxJPf7NCoEhpn1KEIZChmEAmHeCXOQnJCE3xb/AvfmHnBv1khtfdDgnhg3bwoCB3XH/X/u4NDmfbl+1u61O+DfJwA3r9zA/4Z9gXmjZuOfy5q//1goECJDUdR9ioiIcsIAMBFREUlPT0e9unXh7OSEIyFHoVAoEBJ6DC4uVVGndi2198FlOfPnOVy8dBk2NplT/fyw6kfd/qFbxIyMMp/elaar3gTKyMjIXpcfsowMGBsZoZN/Bxw8lHnDKfTYcSiVSnT0bw+ZTHd/mDx+8hSTps5A757d0bN7UPbyl69e4Zd1v2Li+LEwMTGBXC6HQpk5HZZCIVeZGitrRHW3roG48vdVvHj5Es+eRSL8xg1069oFALTeBoL3biJmTcn39GmEyvKQ0GP46Zd1mDf3a9SqWUPtc/RpXysUCsz7biECu3SGa53amftQnrUPlR98V2Dduq6wsbHGk6dPVZZnZGQgsEtnpKWl4cTJU1AoFDgUfASBAZ1gYGCgM/XPrV/nhz70ayDvvj171gxUqVIZI0ePQ8u2/jj/10W0b9cWlSqq3oDXl/rm15ZtO9DE2wtVnZ1zXK8vfVpTrnXqqPy7ibcXHj9+orJMn77H8mJkJFI/l8systdlL9PT/q1QKLBk+Ur06tENQ4d8Bk+PRhg5fCh6dOuKRUtXqKTV1zpqykiUOXNNulT1JnpWvbPW66uSdP3xvtzOyYW9T3X1GJBIJBg7YTLKlyuP/339ZZ7p370Gy++1XEk7pwHAjX9u4ua/t9CvTy+V5cbGxli6aAFi4+LRrWcfdArshrJly6KqszMqVlR/yEAul2P+d99jxvQp+PGXtXCqUhnHjhyCXCbHbxs2Fld18k9kCBRgv6VJ0zFr/VrYWpXFlD45z4TjaGeHBtWqo3frNhjQoT12/3kGKTncIzh9/TpS09PRoFp1rAs+iCWjxmDmgIFYvGNbjulzJJNl1qVIiQBl/trq/evopl51ERP7BmkSKc7+9Q+u3XiAMcOCIJcrIJcroPjvHclyuULt3fNyuQLL1uzB+JHdsWHzUTjYl8Ou37+GXC7H1p0nNSuQUpZZjyIkMjCEXCnP93bStHSs/XY1rKyt0G/0wBzT2NlXQLW6NdA6qD3a9+qEM4dOQJyi3keun7uKNLEE1erWwMFNezB67iQMnDgE21dtyjF9TuRKOUQGRd2niIgoJ/z2JSIqIlk/2jt36oA1P63FL+t+xctXrzBh3GiV9e+SSqVYsizzJuHsmTNwJPQoTpw8jbXrfsWkCeOKr/A6xPa/p8fj4uNhb18pe3lsbJzae8g0kfXjL6hrIHbs3I3rYeE4cDAYbVu3goWFBVJTdTPYHhcfjzHjJ6KxR6Ps90Rn2bb9D0gkEsyeMxez58xVWde8RRsEBnTGvLlfAwCUyKx/yxa+KFOmDA4FH0ZaWjoqVawIb6/GmWlUfx8Xqyt/X4WZmSnq1VV/cvvdkRTXw8Lx9dx5mDxxPNq3bZPjZ+nTvv7rwkXcu3cf9+7dV5kKEAAmTJ6KSpUqIjT4AB4+eoTo6Bdq76kDAOF771WDUolytrbwad4M+w8Gw8bGBi9fvUJQYOaN1ay+oE0f6tf5oev9GtCsb9va2GDLxt/w7Fkk5Ao5qjo7o/+gIfD0aKiSXh/qm1+PnzzFpctXsGLp4twT6UGf1kT5cpnTDL78772HWZRKJUQikdoyQD++x/Jia2uLuPh4lWWxsbGZ6945n+tr/37zJhHx8Qlqgf16detix87dSExKglWZMgD0t46asrAwh7GREeLiVPf369hYmJqawszMVEsl+3gl7frjXR86Jxf2PtXFY0ChUGD6zNlISUnF5t/Xw9jYWGV9Xtdgml7LZSsh57R3bdm2A7Vr1YK7m5vaOrcG9RFyaB8inj1DGcsyMDMzRYs2HdCgQT21tBs3b0WVKpXh27wZFi1eiu/mfwNTU1N09G+PXXtyH6WobQZWZaBMToEgl3c/50ShUOLbTZuQKpZg1cRJMHov8Hr0ymXUcKwMF3v77GVVKzlALpcjPjk5+13BACCWpOGXQwcw//PhuBf5DHWcnOBol/me3XJlrPDkxQvUr1YtzzIpk1NgYFVG4zoUhMDQCpAnA4Z5v99WqVTi9LlwuNZ2QkU71d//AoEAAqEAW3eehFQqw4DhC9S2b91lKmZO6gf/do2zl/2x9wwc7cujSeM6+OGXfZg9rT9MTI3QpkVDHAq5qFkl5MmZ9ShCVkaWSMkQw8pI8+mylQolNi5bD4lYgokLpsPwvYfmr5y6AEcXJ9g7O2Qvs3dyhFwuR/KbpOx3BQNAmjgNBzftxrBZYxD5MAJONavCzr5CZtlsy+LFs2hUc8399VNZ8lsHIiIqPAwAExEVkaybP507dsSPP6/D2vW/QSAQoFNH/1y32bJtOyKjotDQ3Q1tWrdCjRo1cObPc9i6/Q/06BaEKlUqF1fxdUatmjVgbGyMvy5cRP16mYETiUSCG//cxOBPc36aVRN1atdCrVo1sWrNT7jxz02MGzOqsIpc6NLS0jBu4hTYlS+Phd/NU5tSrl/f3ujQvp3KspOnTuPXDRuxYf0vqFihgtpnikQiBHTyx4GDhyHNkKJb18A8p6orDsdOnER4+A3s2rE1+ynvq9euQSAQwMWlKgAgIuIZJk6ehj69emBg/355fqY+7Gu3Bg2wbfPvKstevHiJKdO/wLQpk7Jvhj569BhffPk1Thw9nB0wefz4CeLjE1DNxSXHz+7WNRCTpk6HVJoBj0YNdeZ7JK9+XRC62q8Bzfp2lqx9dPLUady+cwdz5+Q8CkmX65tfW7dtR6VKFeHn2zzPtLrapzVlZ1ceVZ2dEXL0WParIoDMhwRqVM/5xqw+fI/lpUH9eti0ZRskEglMTTODRRcvXYGJiQmq51Bvfevf1tZlYWpqikePH6ssf/joESwsLLKDv+/StzpqysDAAPXq1cVfFy5iyGeDspdfunwF9eq6arFkH6ckXn9kyeucXFT7VJeOge8XL8XNf29h04b1sLZWD0rldQ2m6bXc+/T9nJbl1asYnDx1Gl9/OTPXNCKRYlWevwAAIABJREFUCNX/C0B+v3gZbG1t0NTbSyXNi5cvsWnLNmzf8l9bCgTZM4wrlR+eFUfbhI4OkL2OhSgfAeAf9+/BnWcR+GH8RFhZqL8/ePuJE6hdpQq+GPD2d++TF9EQGhigoo2tStrfQoLhU78+qjs64FnMS5Wp2ZVKpcYPFchex0Lo6JB3wo9h7AhlRgwEGgSABQIBNmw9Cg/3mpg46u07aMNuPoR9RRsYG4kwc3I/pL83bfr6jUcQE/sGs6Z8gkoV3waOY2ISsHPfn1i7YmL252e1lBJKKDRsJ2VGDATGRft+anuz8oiRJOQreLr315149uApJnw3HRZW6tud2HsUVWo4Y8CEwdnLXjx7DgOhAWztVPvU4a0HUN+rIRyqVsbLqJcqr+BSKpUaP6kTI0mAvVl5jetARESFhwFgIqIi5uBgD3e3BggLv4HGnh45BuOAzFEw637dAIFAgKmTJwAAqlR2RO+ePbBtxx9YtHQ5Vq9cVpxF1wkmJiboHhSI3zZsRJkylqhcuTK2bf8DALKfkC+obl0DsXDREjg42MPTQ/29OLpAqVRi5pdf4+nTCHz7zf9w+85dlfWVKzuiUsWKalPE3r59BwBQu1atXEdldAsKxJZtOyAQCD66LQtL3949ceBgML763zcI6NQRkZFRWLnqR3Tq6I9KFSvizZs3GDN+EuzsyqN1q5YIC7+hsr1rndpqIzYA3d/XZcpYoq6r6qixrP1WpbJjdlCohZ8vHB0dMH7iVAwfOhgymQyrf/oFjg4O6NC+bY6f7efbHLY2Ngi/cSN7JLi2adKv3313XH7oYr8G8u7bWR49eoybt27jyt9XcSQkFKNHDsu+WZoTXa1vfiQmJSH4SChGDh+q0Y1/XezT+TVuzEhMnvYF/jfvW7Tw9cXpM3/i5r+38Puvv+S6ja5/j+WlW1AgNm7eiolTpmPAJ30R9TwaGzZuRs/uQTl+b2dtoy/9WyAQoH+/Pti8dTusrKzgWqc2/r11G9t27MTQIZ/lup0+1TE/PunbB1Omf4GFi5aghZ8vzv91AVevXcfyJd9ru2gFUlKvPwDNz8lFtU914RjYvHU7duzcjamTJiAuLg5xcXHZ66yty8LZySnPazCRSKTRtdz7SsI5DQC2/7ETFubm6OjfPtc0V69dx6PHj3Ek5Bhu37mDH1YsheF778yNjIzCqBFDs6+N6terh+DDIaherRqOHj+JBvXrF2k9PoaoTm1kPHwMUc28R0QCwJ4/z2D/uXMY2TUI8UlJiE9Kyl5X1sICjnZ26OHXAqv27kYFaxs0rFkTEa9eYtvx4+ju10J1tLBSCalUhpFdM6dur+lYGav27EZUTAxSJBLEJSXBuWKl94uQI3lUNER1amte8YIwqwtIHgCmtTRK3rdbSyxdswflbMqgTi0nXAu/jzPnbmDa+N4AAGcn9anELS3NkJgsRq0aqg9VRL2IxWf928POLjP47FqrCo6euoaqzvY4fe4GXGs5aVYH6fPMehShOtYueJQYiRpWVTRKf+bQSZwLOY2gz3oi6U0ikt4kZq+zsLKEnX0F+AW0xp51O2BdzgY1G9TGy6gXOL47BC06t1YdLawEMjKkCPosc0r3ytWqYM+67YiJfoW0VDGS4hNRyUmzBwWiU2NQxzrnh5WJiKhoMQBMRFQMAjp3Qlj4DQR06phrmuU/rIZYLIF/h3YqU4SOGP45Dh0+gnPn/8L5vy7Ap3mz4iiyTpk8cTwEAgOsXb8BKSkpqFmzBn5ctQIVKth91Od27uiP5St+QFBggNo7hXSFRJKGU2f+BABMnDJNbf3smTPQq2d3teWaqF6tGurVrQszM1OV6bW1qXq1avh5zQ/4YfVPmDhlOoyNjdHRvz2mTBwPAPjn5r+IjIoCAAweOkJt+/17/sjx/aH6sK81YWJigrU/rsbSFSvx9dz5SE9Ph+d/UzW+P3VsFqFQiC4BnbBz155cp6ssbqWtXwN59+0sW7btwPGTp+BapzaWLfkerVu2yPNzdbG++bFn7z4oFQp0CwrUKL0u9un8atO6FRZ8+w1+Xrseh4KPoEplRyxa+G2O02Zm0ffvsUoVK+Kn1SuxZPlKTJo6AxYWFujZPeiDr7jQt/49euRwWFmVwd59B/Hjz2thX6kSJowbg0/69s51G32ro6batmmFr2Z9gQ0bN2PXnn2oVLEivpr1BVq3aqntohVISb7+0PScXFT7VBeOgSMhoQCAJctXqq3r0L4dFi2YX6BrME2UhHNaWloa9u47gG5Bgbk+0AMA875diJSUFHh4NMKsL6bl+A5tr8ae8Grsmf3vSePHYtZXc9CqnT+8vRrj88GD1LbRFaKGDZB27CTQ2k+j9CevXQUA/Hxgv9q6Vg0b4ctBn6KLjw8MRYbYd/ZP7Dl7BuWsyqJf27bo1bK16gYCASb37Zv9T0c7OwzpFIBJq3+AoVCIKX37ooy5uUblkj9+ArNeQXkn/AgCs4ZAQihg1TrvxAA6+zeBEsCu/X9i4/ZjsLWxwpihgejcwTvfeTdyq4FGbm/73sjBAfh2yTYEffIVPNxron9vzY5DQdojCGxzP78XBjfbWjj+/CJawDPvxACunbsCANj/+261dY18PDFo8lD4+LeAyFCEP4NP4s/gUyhrWxZtu/ujVVfVGcUgAPq+8/5gO/sK6Nw/CKtmL4XQUIg+oweqTBf9IY9TotDdJeeHlYmIqGgJlEp9frsQEVHhio6OhqUl301SEMnJyQBQatuvtNcfKL1tUFrrnaWk17+k1y8vpaX+paWeH1Ja2qC01PNDSnIblOS6aaq0twHrX7rrX5gK0paJX/4PhvXqajwKWNdk3H8I2b+3YPXt/zTepqB9ThnxBZRm9SHQcBSwLlFK7kEgvgmB08J8bVeQtvr66mrUta6u8ShgXfMg8RluJTzEN55j87VdcnIy7N959zURUWmW9M4sIfml/y8YIiIiIiIiIiIiItIik47+yAi7kXdCHZURdgMmHf2LJzPrAAhSw4onr0ImSA0DrAOKJa+OlX0QHn8374Q6Kjz+LjpW9tF2MYiISi0GgImIiIiIiIiIiIg+grFPExiYmyLjeri2i5JvGdfDYWBuCmOfJsWSn6CMDyA0A1KvFUt+hSb1GiA0yyx/MWhawR3mhqYIj9O/IHB43F2YG5qiaQV3bReFiKjUYgCYiIiIiIiIiIiI6COZfToAacdPQx79UttF0Zg8+iXSjp+G2acDijVfQfkhUL45DkijizXfApNGQ/nmOATlhxRrtgNrdMHJ55fxQhxbrPl+jBfiWJx8fhkDa3TRdlGIiEo1BoCJiIiIiIiIiIiIPpKhsxMsRg1F2pGjUCa80XZx8qRMeIO0I0dhMWooDJ2dijdzE2cIKo4GEg4DsoTizTu/ZAlAwuHM8po4F2vWThb2GFGnF0KjziNRmlyseRdEojQZoVHnMaJOLzhZ8D2+RETaZKjtAhARERERERERERGVBMat/KAUiyHecwAmnTpAaF9R20XKkTz6JdKOHIVpgD+MW/lppQwCq9ZQKsRA3G7AujNgpIMBQ2l0ZpDapgsEVq21UgS/Sp5IlUmw9+lJ+Dv6oJJZOa2UIy8vxLEIjTqPTpV94VfJU9vFISIq9RgAJiIiIiIiIiIiIiokJp39ITAzQ8pP62HSrhVEjXTrPagZ18ORdvw0LEYN1VrwN4vAOgBKAzMoX/4IQdl2gLmHVsujIvVa5rTPFUdrLfibpWNlX5gbmuKXO7vQxsEb7ra1tVqe94XH3cXJ55cxok4vBn+JiHQEA8BEREREREREREREhci4lR+EVZ0g3rgFGQ8eQdTQDaKa1bVapoz7D5ERdgMG5qawWjSv+Kd9zoXAqjUExi5Qvv4NkDyA0rwhBKa1tFYepeQeBKlhgNAMBk5Lin3a59z4VfKEk6U9Nj84hAdJz+BuUxs1rKpotUwPEp8hPP4uzA1N8Z3XBE77TESkQxgAJiIiIiIiIiIiIipkhs5OKDPnS6Sfv4S0kFBIz/4FoUtVCB3tYVi+HASWFoBhEd2elcmgTE6B7HUs5FHRkD9+AgObsjANDICxT5OiyfNjmDhDUPkbKJPOQ5AQDCSdhdKkGmDkAIHIDhBaAoIiaCulDJAnQ5kRA0ifQ5D2CAJDa8AmCIIyPoWf30dysrDH7IYjcPFVOEIiz+P8q+twsXCEvbkd7EytYSEyg1AgLJK85Uo5UjLEiJEkIDo1Bo9TomBtVAaBVVqiaQXdGuVOREQMABMREREREREREREVGWOfJjD2aQLZ0whkhP2DjDt3IT33FxSJSUCGrGgyFRnCwKoMhI4OENWpDbNeQToz4vdDBGV8gDI+QNpTQBwGiG8BSeeglCUCyCiCHEUQGFpBYOwImNWFwLa3zoz4/ZCmFdzRtII7IlKicSPuHu4kPMaFV+FIlCYjQ1E0fUpkYAgrI0vYm5VHHWsXdHdpyxG/REQ6jAFgIiIiIiIiIiIioiJm6OwEQ2cnmHbrou2i6D4TZwhMnAGbbgAAgZaLo6ucLOzhZGGPQKdW2i4KERHpGANtF4CIiIiIiIiIiIiIiIiIiAoHA8BERERERERERERERERERCUEA8BERERERERERERERERERCUEA8BERERERERERERERERERCWEQKlUKrVdCCIiXREdHa3tIhAREREREREREZVa9vb22i4CEZFOSEpKKvC2HAFMRERERERERERERERERFRCGGq7AEREuoZPGRZM1ujp0tp+pb3+QOltg9Ja7ywlvf4lvX55KS31Ly31/JDS0galpZ4fUpLboCTXTVOlvQ1Y/9Jd/8LEttQM20lzbCvNcXY+IqLCwRHAREREREREREREREREREQlBAPAREREREREREREREREREQlBAPAREREREREREREREREREQlBAPAREREREREREREREREREQlhKG2C0BERERERERERERU0inEYkguX0X6jX+Q/ugx5DGxUEgkgEJRuBkZGMDA1BRCu3IwruYCY7cGMPX2hIGZWeHmU4SUcjFkiZcgTw6HQvwQyozXUMrFgFJZeJkIBBAIzSAQlYeBWXUILd1haNUEAqH+tJM4Iw1/x9zEjdh7eJwYiVhJAsSyNCgLs50ACAQCmBmaoJypNVysKsOtXC00tqsPM5FJoeZDRESFhwFgIiIiIiIiIiIioiIiffoMKfsPIuXUnzCpUxuGTpVh0aolhDZlARMTCAwKd5JGpUIBpKVBHv8GGS9fIjX0OOKWr4JF6xawCAqEkXOVQs2vMCkkTyGN2QtZ/EkYmNeF0KQKDG3bQmBYFjAwhUBQeG2lVCoAhQRK2Rso06KRERuK9IilMLRpAyO77jAwdS60vApbRFI0Djw5hTNRV1Db2gVVLCuhlaM3rI0tYSI0hkAgKNT8lEol0uTpSEhPxovU1zga8RdWhm9GS0cvdK3aGk5l7As1PyIi+ngMABMREREREREREREVgTfrNyLl6DGYNvFGucnjICiGUbgCAwPAzAyGZmYwdLQHPBvBQtwOkmvhiJk2ExYd2qPs0E+LvBz5JX2+DhmxIRBaNYWx0xQIhOZFmp9AYAAIzTPzMXaA0KoxlHJ/yJOuQXJ/MkTlOsLIYViRlqEgNtzei2MRF+BdsQEmug+EqWHRj8IVCAQwNTSBqaEJ7M3Lw8POFRJZc1yPuYMv/lqG9k7NMNi1e5GXg4iINMd3ABMREREREREREREVIunTZ3gxbjIyIiNhM2YEzHybFUvwNzcCMzOY+TaDzZgRyIiMxItxkyF9+kxr5XmXQvIU4jujIZc8g1HlsTC09ivy4G9uBEJzGFr7wajyWMglzyC+MxoKyVOtlOV9EUnRmHh2ASJTXmJUgz5obt+wWIK/uTE1NEFz+4YY1aAPIlNeYuLZBYhIitZaeYiISBUDwERERERERERERESFRHr7DmJmzIZxndqw6Oyv1cDv+wRmZrDo7A/jOrURM2M2pLfvaLU8itRbkDyYBqG5K0TlA7QW+H2fQGgOUfkACM1dIXkwDYrUW1otz534x/jy4grUtnZBRydfrQZ+32dqaIKOTr6obe2CLy+uwJ34x9ouEhERgQFgIiIiIiIiIiIiokIhffoMMXMXwKJDW5h6NtJ2cXJl6tkIFh3aImbuAq2NBFZInkLy6H8Q2fpDaNVYK2XIi9CqMUS2/pA8+p/WRgJHJEXj279/RrvKTeFh56qVMmjCw84V7So3xbd//8yRwEREOoABYCIiIiIiIiIiIqJCELd0Bcxa+MC4nu4G6rIY13OFWQsfxC1doZX8054ugmHZFjCwqKeV/DVlYFEPhmVbIO3pIq3kvzx8I3zsPeBqW10r+eeHq211+Nh7YHn4Rm0XhYio1GMAmIiIiIiIiIiIiOgjvVm/EYY2Njo98vd9pp6NYGhjgzfrizdgJ32+DgKRrc6O/H2f0KoxBCJbSJ+vK9Z8N9zeCxsTK50e+fs+DztX2JhYYcPtvdouChFRqcYAMBEREREREREREdFHkD59hpSjx2Deyk/bRck381Z+SDl6rNimglZIniIjNgSGNq2KJb/CYmjTChmxIcU2FXREUjSORVxASwf9CJK/q6VDYxyLuMCpoImItIgBYCKiIvLXhYvoP2gw3Dy8UdetEXr1HYCTp06rpUtLS8PKVWvQqp0/6tRviJZtOmDR0uUQi8VaKLVuCD16DF2790Y9d0/4tmqLBd8vhlgiyTX9gu8Xw6WmK06dPpO9bNOWrXCp6YrPh4/Kdbu/r16DS01XNPPVrR+dYeE30H/QYDRo5AXv5n6YOGU6Xr56pZJm3/6DcKnpqva3dPlKAMD9+w/gUtMVjRo3hVQqzTEfiSQN9Rs2hktNV0REaOedT7m5HhaO6TO/xPiJU9TWpaamYuaXX8PDqxnquXti7IRJiI2NU0nj4dUMLjVdcfPff3PNo/+gwXCp6Yo/du0u9PJ/jGeRkViybAXatO+U4/q/LlxEj979UM/dE81btMb87xaqfF/oc9+PiHiGkaPHwcOrGTy8mmHUmPF4FhmZvV7f+/W7mvm2yvEYdqnpiqAevQGUrPpmefnyJSZOmQ6vZr5w8/DGJwM/Q1j4DZU0+nz85iav85o+H7e5iY+Px4xZs9G8RWvUb9gYvfsNwN9Xr6mkKYn7umWbDjke13K5HAAwetxEuNR0xbpfN+T6GavW/ASXmq6YNHV6cRVbI3fu3sNnnw+Hh1czeDbxwZjxk/D8ufpN3aSkZGzashWdA7up7Vt9/l4rTd9fmpyjsojFYixfuQrtOwagTv2GiHr+PHudvu7vSVOn51p/l5qukEjSAGT+jvt67jx4NvFB7Xru6Nq9Ny5dvqLyWSWlT7wvr+vVi5cuI7B7L9Su547GTX3wv2++RXp6ukqaU6fPIKBrd9Su547W7Tti7/4DKuvv3b+PwO69UM/NA0OGjkBCQkKR1aewpOw/CNMm3hCYmWm8TXTsa6w7cAD9/zenQGkeP4/G0IXfof3ECZi2ZhUSU1IKVHaBmRlMm3gjZf/BAm2fX9KYvRBaNYVAaJ5n2pjXCfj629/RqedMtOkyBaOnrMS/t5+opZPL5Th9NgwTv1iD7btPqq3/cf0BtO82HYF9vsSRY5cLVG6B0BxCq6aQxhTPyNYDT07Bu2IDmBqaaJR+84rfMKrzYLW/u+G3s9PcDb+NRVPmY2KPkZj16RTsWrsd6Wlvj8/oiCgsmDgXE3qMxOo5y5GSmFygspsamsC7YgMceHKqQNsTEdHHM9R2AYiISqLde/fhi1lfwcDAAG4N6kMkEuHqtesYNnIMfly1Av4d2gMAMjIyMPCzobh2/TrKly8HT49GePToMX7+ZR3OnTuPndu3wtRUswv9kiL4SAjGT5yCTwf2x6SJ4/Dw4UMsW7EKcXHxWLJogVr6+/cf4LffN+X6eWfPnUfM69ewK19ebd2uPbo3HdGDBw/Rf9Bg+Pk0xw/LlyA5JQUrf1iD4SPHYN/uPyAUCgEAr2JiYGVVBl9Mn6qyfd06dVT+/SYxESdOnkanjh3U8go5ehSpqalFV5kCCD4SglWrf8SDh48gFArh5+ujlmbM+Em4efNfTJs6CSKRCN8vXooRo8diz87taml37dmH+vXU3yf1/Hm02g06bbt1+w4WfL8YFy9dhoGBAYyNjNTS3L13D0OGjUTLFr4YN3Y0IiKeYfHS5YhPSMCyxd+rpNW3vi+RpOHTIcNgbGyE+d/8DwqFAktXrMRnnw9HyKH9MDY2zk6rb/06Jz//uErtZrhSqcTIMePh69NcZXlJqC+QuY8HfjYUQkMh5sz+EubmZti0ZRsGDR6K0OADcHCwV0mvT8fvh+TnvKZvx21uZDIZBnz6OSRpEkydNBFWVmXw64aNGDR4KA7t34Pq1VxU0peUfQ0AMa9fo0e3IHi+N/WngYHqs9e79+zFsM8Hq22vVCqxZ9/+Ii1jQURGRaFnn37w9PDAwu/mQyIRY/GyFfh0yDAcPrgXxsbGSExMwtz53yIk9BhkMll20Dsn+va9Vtq+vzQ9RyUlJaNv/0GIjIrCwAGfwLVObZSztVX7PH3b3+PHjkb/fn3Vlq9ctQZpaenZv8/mzvsOB4ODMX3qFDjY22Pz1m0YMmwkjh45iMqOjirb6nufyKLJ9eqzZ5EYMmwkmnp7YcIPy/EsMgqLly6HXC7DvLmZAcxr169j+Kix6NzRH+PHjcHx4ycxdfpM2NjYoKWfLwBg9tffIKBTR3w6sD9mzv4aq9b8hK9nzwIArPt1A3p2D4K1tXXxVT4PCrEYKaf+RLnJ4zRK/yAyEmv27sH1+/cgEAhgbCgqUJol27eijYcnerRshe+3bsbvIUcwoVfmgxrbTxxHpyZNYWVhoVGZTD3cEbtsFcoOHwKDfASx80spF0MWfxLGTuoP+74vLV2KcdNXQSgUYsrY/7N3n2FRHH8Ax7/HAcehSJFmQRFjw16xF+y9m5hE89cYjV0To4nR2BN7NPaWRI1RY1fsMfau2HusiEhVOgcc939BQM8DAQWB8/d5Hl6w+9vZmd3ZXdjZmemCWm3Bxm2HGTJqHmuWf08Bp8R7ztLfvNjidYzQsEgSEhKoXqWUXjpnvW+x/59zrF3xPcEhYfQbNptaNdyxtbHi3gM/bt15RMumHunKvzJfVTQPZ6Er/CUKZdYdp6i4GA49PsOwSj3Svc3zkOcUK12cOs30e6EXcEl8Tvne92H+uNmUrVaRL75rT8ATf7at3EhEWAS9RnwBwJ/zV1GtXg0atmnCH/N+Z/e6HXTt9zEA+zftplaTuuS1tkpXfqo4lmHOxdX0ce+Cpdn79W5LCCFyAukBLIQQmSwoKJjxE6dgZmbGuj9WsmHdGv5c/Tsb1/+Jqakp348dn/xCbPmvv3He25t6detw+MA+Vv++gsP/7KN5s6Zcu36DhYuXZHNp3r2Fi5bSvFlTxo39nob169Gndy96/68n2712EhcXZxA/dvxEKlWskGJaFhYWqMzN2ZLCV8xR0dHs2r0Xe3vDl1TZadOWrVhZ5WXBvDk0bFCftq1bMWb0KK5eu869ey++cg4ICKCISxE+7NpF76dcubJ66dnZ2bExlUaDjZu25Ljynzp1mjq1a7FrxxaqVTWcN+va9RscOXqMn36cxEfdutK5Ywfmzp7JhYuXOHb8hF6snZ0dO7x2ptjjZOPmLdjY2CQ3qOcEV69dw9bWht+WL2HAl31TjNm9Zx8qlYp5c2bTsH49PuvxCf2++Jxdu/fqvWjPjXX/4qVLPPLx4acpk2jZohmtW7Vg2o+TefDgIZev6PeayW31OiUVypejWtUqej+RkZGEhYXxSfcP9WKNobwAp8+c4e69e8z7eRatW7WgYYP6zJszi+joaP45dEgvNrddv6+T3udabrxuU3Pg4CFu3rrF4gW/0LFDOzwbNWTxgl9QKBR47dylF2tM5zo0NIyYmBhatWxu8HxWKBTJcXZ2dtz59y6XLl8xSOPM2XM8euST4871b7+vIp9VPpYumk/TJp60a9uGnyZP5N79+3hfuAgk/m3i6/uEyRPHsWzxgteml9vua+/b/Su9z6iZP8/B39+fPV7bGPn1cNq0aomFheEL/tx2vou5uhqUv3hxN857X6Bnj8RGkMjISDZv3cbgAf35rMcnNGnciKWL5mOhUrFho35ZjaFOJEnP36vrN2zC3NycRQt+obFnI3p91oOhgweycfPW5NEvlixbQelSJZn780yaNWnMjGk/UqN6NRYsXJyczoOHD2jUsAEqlYqG9etx97//hY6fOMnWbdvJly9f1hc4A6JPn8OiTOl09/69+fAh1nnyMHPAYHo0b/HGMY8DA6hVvjzmZmbULFuOR0+fAnDu5k32nTmNVQYachWWlliUKU306XPp3uZNxIeewiRP2XT1/vW+eIeHj/yZPKY3jRtWpbZHWSaP+ZyY6FiOn3rxP8JZ71t079KIHesmp5iOz+MAypRyJb+dNSU/cMHezobHvoHodDqmzVmLytywcT01CmUeTPKUJT70VLq3eRNnA65Q2tYt3b1/AUJDnvOBe0nqNK+v92Od3wYA7+PnMDc354tvv6RstfI0ateE5l1a433sLAnaBAACfP0pV70SZiozylUrz9PHfkBiz+Ezh06RJ50fFEBiL+DStm6cDTD8m0cIIUTWkwZgIYTIZHv37ScqKor27dpQpUrl5OVJL1KePX/O1WuJw++s37AJgO9GjUh+WWJmZsZ3o0ZgYmLCxk1b0Ol0774Q2ah8+bJ07dxRb1lxNzfi4+OJitIfBnrj5i3cun2bkSO+SjEthQJatWzBxk1bDNbt2r2H2NhYmjdtknmZzwQD+/dj764dei+BkurGy8OFBgQGUrCAc+Ly1wwX3rplC44eP4F/QIDecp/Hjzl95ixtWrXMzOy/tckTx/PDmNGULlUqxfWXLl9BoVDQ4KWewbVqeuDk6GjQe6JVy+aEhYVOtnH7AAAgAElEQVSz72/94b90Oh2bt2yjQ7s2r+2d9K592LUL8+bMpn69ugY9xZLExMSgUplj/lJvC1sbG+Li4vQaknJj3Y+JSRxO0crqxdfkNjaJLyqiXxkCPrfV6/T69fdVNG3SGGdnZ73lxlLemh41OH38CCVKfJC8zNzcHKVSaXB/z23X7+uk97mWG6/b1JibmdGlc0dKlSyZvMzKygpHBwfCwsL0Yo3pXAcEBgJQoIAzcXFxqQ55W6FcWYq4uKTYILZx0xbcy5TGrVixLM1rRhUoUIBe/+upNxpDcbfEntxh4YlDQ5Yo8QHr/1xN544dUmwEfFluu6+9r/evl736jIqKjmbT5i0MHzqYQoUKkpCQkOq2ue18p2Ttur/IZ2VFy/9Gcrp56xZxcXHUqVMrOUalUlG5ciWDD9eMqU6k5+/Vy1euUK1qFb37Re1aHmg0Gm7dug0k/k1f/7+evkk6tG+L94WLyX/TFndz4+Chw8TGxnLs+EncirkSGxvLD+MnMWn8Dzmu0Vxz6TKmRV3SHd+2bl0m9PmCGmXdUSpSPpbpiSni5MzJK1eIi4/n3I2buDg5ERcfz8/r1vL1Rx+nep5SY1rUBc2lyxnaJqO04RdRWhRJV2zVSiXZueFH3FwLJC8zMzdFqTQhJubFc3bZvK/p2b05+fNbp5iOaxEnbtx6QHBIKPfuPyEo5DmFCtrjtfcUagsVng0MPz5+HaVFEbThFzO0TUZdCrpFEasCaQe+JCwkFFt7W3Q6HbExGoP1cZo4TM3MMDV70eBtmS8P2vh4tPGJ9yFnF2eunr1IfFwcNy5cw6mwM/FxcaxbuJruA3qgUCoM0n2dIlYFuBR0K0PbCCGEyBzSACyEEJnsyrVrAFStXNlg3R8rf+XOjStUKF+OoKBgHj3yIX9+O4PGriIuLhQuXAj/gAB8nxjOrWbMpv04Gc9GDfWWnTvvTelSpbC2fvGVd2hoGFOnz2LE8GHY2aU89JdGE0u3rp25e++ewRxtGzdtobFnI73GppzAysoKG2trtFot0dExXL9xk6nTZ1K5UkUqlH8xbJy/fyA3bt6iqkcdylWqRo3a9QzmzQJo7NkQtVrNli366zZt3kr+/HbUqV3LYJucLCYmBhMTE0xN9WexKFSoIE/8/PSWOdjbU6umh0FjyqnTZ/B5/Jh2bdtkeX4zW/t2bQkPj2DuvAWEhYVz9dp1lv/2O+3btdF72Z4b636tmh4ULlSI6TNn89Tfn6dPnzJ1+kyKFHGhpkcNvVhjq9cAd/69y7HjJ/isxycG64ylvBYWFjg42KPT6dBoNPj6PmH0mHHksbSkfTv969GYrt/0Ptdy43WbmkYNGzD9pyl6y54+fYrvkyd4vHI9G9O5Dvivcevb0WMpU74y7hWq8Hnf/oSEhOjFaWJj6dK5I9u9dunNiRkVFcXuPXvp2qVzqo3H2eWLz3vRt09vvWXnzp/H1NQ0xb9505Lb7mvv6/0rSUrPqEuXLhMdHUNAYCB1Gzbmg9LlaNqiDSdOGvaIy23n+1VarZY/1qyl+0fdkv8GDQoKBsA+v71ebH47O4Nr3hjrxOsEBQUb9Oq2s7UDSD42MTEag+GjCxUsiE6nw88vsQfrpPE/sGfvPqrVrEtwSAhDBg1g0ZJlVKtWRe9D65xCc/ceZq98xPcufP1Rdw5duEDbkd/wLCKcXq1a88eePZQrXpxybm5pJ/AKM2dnNHfvZUFOX0iI+heFRcG0AwGVyoz8dtaJDZqaOPz8g/lp1hrUlhY0a1w93fusUqkkLZt68OkXPzF89CK+GfIRpkoly37zYsTgbmkn8AqFRUESov7N8HYZcS/UhwJ5DKcFSU2CNoGIsHBO/H2MIR37MbTzl0we9AMPb78YSax6w5pER0Wzc802oiOj8bn7kANb9lK9YS3MVImNwt0H9MT72DlGfjyU8NAwWn3Ujj1/7aS4ewncynyQ2u5TVSCPA/dCfTK8nRBCiLcnDcBCCJHJnj17BoCDg73BOhMTE5RKJQqFgqDgIAAKpPJPopOjIwDBwSEprn9fXLp8hb82bmLwwP56y6fPnE3BAs58/MpQqS9LSEigUsUKFHN11RuK7dEjH86eO0+3Lp1y3AvWJL/+voqyFavQpn0nQsPCWLpogd7wkebmZlhaWjLmu1H8MmcWRVxc+GbUaK5evaaXjomJCW1atWTDSy+ckuYX7Ni+HQkJuauHuWvRImi1Wq68VE6tVktQUDDR0TF6sRqNhm5dOnHs+Ame/jcUGiTOo1m+XDncirm+s3xnFvcypZn242TmzltApWoetOvYhXz58vHjpAl6cbmx7ltYWPDr8iWcOn2G2vUaUbu+J+fOe/P78qV6PZ7B+Oo1wO8rV1OyZAk8ahi+yDK28l69do0y5StTr1ETdu7ew9LFC3B2ctKLMcbrN0lqz7XceN1mxLiJkylZ4gOaeDbSW25M5zo+XkvevHmp6VGDxQvmMWTQAI4dP8Go0WP14mJjY+nSqQORkZHs3bc/ebnXzt3Ea7W0b9cmx5/r0NAwps/6me4fdnuj4Xtz633tfb1/pfSMevDwIQDr/trA4IH9WbF0Eba2NvT9ciCBgUF62+fW851k1+49BAUH8/FHL/7viP2vl+qrHyWaKE3QvHL9GmOdeJ24uDjMXjkuSmXi68fY2MTjVrRoES5e0v/Y6elTfwCiYxJ71Zco8QGbN6zjsvcZVixdRGhoGOvWb+Dbb9KeNzY7aAOCUNrZvPP9FitYkCUjR7Fn9s9MHzCQsKgoth8/yoCOnd4oPaWdDdqAoLQD34IuLhCFacaO1c3bj6jfahgdP/6BA4e8mTGxH472GUujb6827N40lW1rJ9GqmQe/LNlC21a1KVwo/Y2sSRSmNujiAjO8XUYERT/DVpX+j/+iIiLJm88Ke2cHeo/sxyeD/0dEaDgLJ81N7g3sUrwIPYb2wuvPrXzVbQA/DhmPOq8lnw7+X3I6BYoWYtTPY5m9YSEDxw8nKiKKY3sO07FX1zcqh63KiqDoZ2+0rRBCiLcjDcBCCJHJkl5gpDV0c9Lq922I54wICAyk/6ChtG7VkpYtmiUvv3jpMn9t3MTE8T+kOaSVRqOha5dOeO3anTzE7IZNm3F0cKB+vboGL2hyivbt2rBx3RpmTv8JXYKOLwcO1hsabs2q39i5fTMdO7SjTauWrPptOXZ2tvy6cpVeOhqNhm5dO3P/wQPOe3sDcOLkKXx9n+TIHkZpqV2rJk6OjvwwfiL/3r2Hz+PHDBk+gkc+PuTNoz+HlEYTS/NmTbGyysum/3qcREREsHfffrp17Zz8Aio3ufPvXX6YMInOHTuwZtVvTJ0yiSdP/Php2kyD2NxW96Oioxn21Qg+KO7GiqWLWLpoAUVcCjP0q2+S85/E2Or189BQtmzbTs9PDXv/gvGVt3jx4mz6ay1LFs6nSuVK9B80hMe+vnoxxnj9QurPtSS57bpNr/kLF3Ps+AlmTp9qMGSnMZ3rBvXrcun8ab4dOYImjRsxZNAAvh4+lAP/HOTRoxc9XzQaDc7OztSrW1uvQWzDpi00a9IYG2vrHH1da7Vahn41AguVBSNHDH+jNHLrfe19vH+l9oyKiIgEYMXSRXzYtQuNGjZgyaL5AKxd/5debG4930l+W7mals2bpfiBb0pe/mgTjK9OvI2kQ9OpQ3uOHD3Oqj/WEBISwt59+5n80zQA8uRJeV7YHyZMYsjgAez7+wC16zWigWcz9u7/+11lPU0J0dGQxvD378LP69bSu3Ubjly8SKfR3/Lh2DEcuXgh/QlYWCSWJQvptFFgos7QNq5FnFk+bwTTJ/ajQjk3vh2/DD//4DfOw6Urd7lw+Q5tWtRk2LcLaNbhG0ZPWEFUlOGwySkyUSeWIwtFxcdgoVSlHfifvNZWTP9zLv2+H0Tl2lWp26IB/ccOISwklHOHE6dL8nvkx7qFq6nZuA7DfhxJjyG9eRYQwuZf16ea7rpFq2nzSQcunbrAdz2/YkzvkVw4cT7d+bJQqoiKj0k7UAghRKaTBmAhhMhk+fMnDm+VVs9dB/vEFwivzoWVJGm5ff6M96owBlHR0fTp2x8nRwemTpmYvFyr1TLmh/F06tie8uXKotVqSdAmzjmWkKAzmD8rNi6Ozh07EB0dzZ69+0lISGDz1m106tgBpVJJfFz8Oy1Xejk6OFClSmU6dWjPnNkzOO99gcNHjurFvPxyydLSkpoeNbh7975eTFxcHJUqVqBEiQ+SXzJv2LSFKpUr8UHxxDkocxMLCwsWzJtDYGAQzVq2oYFnM+xsbSju5kbBgvrzI8XFxaFSqWjXpg0bNyeW3WvXbnQ6aNemFXHxue9l25xf5uNSuBDTp06hVk0PunXtzKTxP7B6zZ/cu69/7nNb3d+0eQt3/r3L8iWLaNSwAU0aN2LFssXcuHmTLdu268UaW71eu2495uZmdGjfNsX1xlZeS7WaypUq0rSJJ8sWLyRBm8Cq1X/qxRjj9Zvac+1lue26TY8dXjuZ88t8Zkz9iTKlDed3N7Zz/WrDT9Lw33fvvRhOM6nnYLcuXTh56jRPnvjx4MFDznt707VLYo+tuBx8XY+bMInLl6+wdPH8VBtq0pJb72vv4/3rdc8oExMTyrq7J/9ua2NDmTJl+Pffu3pxufV8A3hfuMjFS5fp2eNjveVJo5NoYvUbi+Li4gxGLjG2OpEWc3NzNBr9Rv2k+17SsenxSXe6dO7IhEk/Uq1mXcZPnMIn3T9EqVQmj4T1sh1eO4mIiMCjRnWmTp/JmtW/8fPMaYz89ntCQ8MM4t9Xf587S2RMDJVKlGTR1s3MHTqcsb168+PqVYRHZm1jZVZTq1WUcy9G/ToVmDH5S7QJCWzYcviN0tJqtUybu46vB3Vj2e87KVzInm1rJ6PValm5dm8m5zx7FS1ZDCvrfDx9nDhdkteaLdg7O9Bz+OeUqliG2s3r8dGATznkdQB/36cG2589fJroyGhKlC/F5l/XM+ynkfT+pi+rf15BVETurlNCCPE+kAZgIYTIZGXdywBw6fJlg3WfftabEmXKc/HSZezt81O4UCGCgoK5ffuOXtxjX18eP/bF0cHBoFHrfaDVahky7GvCwsNZsXSR3tymR44e4/qNm2zYuJkSZcpTokx5mrduB0Df/gNp2KS5fmI6HQ4O9jRsUJ8NmzZz/MRJ/Pye0rVzx8TV5Kwe2IeOHOXI0WN6y0qXKgmQPB9WcHAIO3buMhjyGF4Mr5YkqYN5ty6d2LlrD/4BAezb/3fyC+bc2AO9SuVKHDm4nz1e2zhx9CAjR3zFw0ePqFypol5cUtm6dunEw4ePOHvuPBs3baF5syaJ82jmwrLfuXOHsmXd9RoYKlYo/9+6V+agymV1//adfyng7Jz8EQ0kfghRwNnZ4B5pTPVaq9Wyes06unTuhKU65Z4QxlLe6zduJr/4TqJWW1CkiAt+T/Xn8Da26/d1zzU9uey6TcvZc+f55tvvGT3qG1q1bJ5ijDGd65OnTnPp8pUU15mYvOj5nFTmJo0bYW1tzaYtW9mwaQsFCxZIngs1p17Xi5cuZ9OWbSxfspBirm8+bG1uu6+9r/ev1z2jHB0cSEhIwN//1Y9ZdZiZm+kvyWXn+2W/rVxFWfcyVK1SRW950se8SXMBJwkICDT4gNeY6kR6ODjYJ093lCQwMHGoXPv/jptSqWTaj5M5eewQO7dv4cjB/eh0Osq6l8HMTL/+hIeH89O0mUyaMI4rV64lT5dQpUplnBwduH1H/+/E7GKiVkNM9vVyjIyOZuHmTYzo/jE3Hj7E3dUVFycnyrm54WBtwz0/37QTAYiJSSxLFlIoLSEhfb2Mb//rw869+nOLW6jMKVzQAf/ANxtWeM2GAxQp5Ehtj7JcvnqPlk08UKtVNPOsyrUb99NOACAhOrEcWcjS1IIYbTp7JANPHj7myplLKa5TmCT+/+j3yBeX4kX1/p8sVrL4f9vr15HoyGg2r1jPx4M+4+Ht+7iWKo5TIWfcynyAjb0tvg8fpytfMVoNlqbZ3zteCCHeR9IALIQQmaxl8+ao1RZs3e7F9Rs3k5dfvnKVM2fPYZU3L+XLlQWgW9fOAEydPjN56DOtVsuMmT+TkJBA504dDXqSvA8mTv6Ji5cus3LFMuzs7PTWValcmW2b/9L7WThvDgBjRn/L8iULU0yzW5fOnDp9hl/mL6JG9Wq4uhbN8nK8iX37/mbMDxP0ejLf+q/xKynPOp2OocNHcOjwkeSY+Ph4zntfpESJD1JMt2P7dmg0GoYM+xoThYI2rVpmYSmynpmZGSVLlsDZyYmf587D3t6eunVqpxhbrqw77mVKM3P2HLwvXKRbl87vOLeZp3ChQgYNvUkvvQoXLpziNrml7hcuVAj/gADCwsKTlz0PDcU/IACXVMpmDPV61+49+Pv70+Pj7mnG5vby/vvvv4z89nu9oXBjYmJ4+PARrkVTrpfGcv2+7rmWktxy3b7O/QcP6Nd/EJ9+0p3evT5LM94YzvWu3Xv4dvRYvcas06fPoFAoKPFBcYN4MzMzOrZvy6bNW9mydRtdOnVMc2qL7LRz1x5m/TyXObNnUKVK5UxJM7fc197X+9frnlEeHtVRKpVs99qZvOx5aCg3btykVMmSKaaXW853kqdPn7Jn7/4Up2goU7o0FhYWeiP0REVHc+HCRSpVrJBiesZQJ9KjcqWKnD17nqiXhhE+dvwkarUFJV/5X8XRwYEypUvh5/eUdX9toGtnw3lrZ86eS7OmTSjrXgaFAhS8+P9Yp4OEhISsK0wGKB3t0YY8z7b9L92+jXoVK1HCxSXxOL30HiFBp0v3hxbakOcoHdM33PmbUpg5oItP37F68PApk6avxvfJi48KNJo4Hj8JpEghw97iafH3D2Hthn8YPiDx+lMoFMlDkyfoEn/SQxf/HIVZxucOzgh7tS3PNOFpB/7nycMnLJ70C+HPX/SK93vkR3hoGAWLFALAztHeoKE3qSHX3km/PNtXbaJSrSq4FC/y33F6+dpL/8F6pgnHXm2b7nIIIYTIPKbZnQEhhDA29vb5+f67bxnzw3i6fPhxcq/Es+fOEx8fz5RJE5Lnv+vbpzeHDh/h0JGjNPBsRpnSpbhz9y6+vk9wL1OagQP6ZWdRssWvv61k9Zo/+f67kQQGBREY9OIfPTs7W9yKFaO8dTm9bSwtE7+8dS1aJNUXTp6NGmBvn5/z3t7MmPZj1hXgLX36SXc2bt7CoKFf0f3DroSHR/Dz3HlUKF+Omh41gMQ61r5dG8ZPmkxkVCSODg6sWbuOwMBA+vbpnWK6dnZ2NGnsyZ69++jSqeMbD9mYU5w6fYZ//73Lth07uXL1KsuXLMTUNPU/a7p17cz4iVNwKVw4+TjmRr3+15PPen/BmB/G07JFc/wDApj181xq16qJe5nSKW6TW+p+pw7tWbJ0OX37D6Rvn97odDqWLFuBlVXeVIdGNoZ6/dvK1TSoV5eiRYukGZvby9uksSdFXFzoN2AwQwYNwNLSklV/rCFeq+WT7h+mul1uv37T81x7VW65blPz7NkzevXph5OTE82bNuHceW+99eXKuqfYCzq3n+sen3zMhk1b+GbUaDp2aMeDh4+YPutn2rdrk+qILt26dObX31ehUCjo8l9P75zI+8JFRoz6jnZtW5Pfzk7vnJqZmSWPRpFRueW+9r7ev173jHJ2cqLHJ92ZPecXdDodxVyLsmzFb6gsLOj+YdcU08st5zvJytVrsMqbl7ZtWhmsU6st6NalM4uXLsfa2hrXokX4fdUfQGJP59Tk9jqRHt26dGbZil/p138Qvf/XE5/Hj1mybAXdP+yqd+8PDAzi1JkzXL9+g9V//EnVqlX46JW6o9Pp0MRq+P7bkQCUL1+OcRMnc//BA0JDw/APCKBUqZT//3vXVMXdiHv6FNPCBd/5vnU6HbFxcQzq3AWA0kWK8vP6dfj4+xMRHUVwaChuBQqlK624p09RFXfLyuxiYvkBupgnoEo7T/VqV6BQQXtG/rCEz3u0xNLSgr+2HEIbr6Vj27oZ3rfPk0D69GyFk1PiB3lly7iya/9p3IoV5MBhb8qVSd/oFrqYJ5hYpvzxdWZxs3bBLzKQgnnS19Bc0aMS9s4OLJwwl1YftSVeq2XH6s3YOztSrYEHAI3bN+WXsbP4c/5KqtStzvPgZ2xftZnSldwp7OaSnJZOpyM2No4ufT4CoEgJV9YtWo2/71OiI6IIDX5OQdeUP9J9lV9kIG7WLmkHCiGEyHTSACyEEFng44+64eTowOKlKxKHAtTpqFK5En379E6eCw4S50D6Y+WvLF66nG07vDh5+gwO9vb07dObwQP7pzocqDHbusMLgCk/TTdY16ZVS36ZM+uN0lUqlXTq0J4//lxHqxYt3iqPWcm9TGn+XP07s36ey6ChX5E3Tx7q16/LqBFfJX84ADBl0gTm/jKfOb/MJzAwiFKlSvLrssUUd0v9n/VuXTuzZ+++5OH2crMxP0wgPCIcj+rVmTh+bIrzSr6sfdu2/DRtJl065+5e9fXq1mH5koXMW7CIrdu9sLGxpomnJ18PH5pquXJL3XdwsGf92j+YOn0m34waDUCVKpVZ/+fq1/aYzM31+sLFS1y8dJlfly1O9za5ubyWlpasWfUb02bMYtzEScTFxVGxQgU2rPsDZ2fnVLfL7dfvmzzXcst1m5oLFy8l95T88OMeBuv37/FK8XmV2891yZIlWPXbcmbMmkO//oNQWVjQrk0rvvuv4SK1bSpWKI+lpSWFC6Xv5Xx22LN3PxqNhi1bt7Nlq/687Pb2+Tlz4mgqW6YtN9zX3sf7V3qeUd9/NwpLS0t+/X0lYWHhVK5UkT9W/po4rHEqcsP5BoiOjmH9Xxvp1rVzqsP2j/72G0xMFMxfuJjw8HDKlC7FbyuWGm2dSK+CBQvw+4plTPlpGl8OHIKVlRXdP+zKtyNH6MWdOHmK0WN/wK1YMYYPG0zPTz/R+38HEntnTp0yKfn3Yq6ujBg+jA8/7oGpqRnTfpyMjbX1OylXWlQVKxC5Zz9Uq5J2cCZTKBSM+vTF89bFyYm+7Tow6OdZmCqVjPq0B/nypu+Di/iHPuRp0TSrsgqA0qoScUF7UFpXTzNWrVYxf+YQFi7bxsx5G4iPj8e9tCtLf/kaR4eM9yqtVrkU1Sq/+N9xUN8OjP/pd1p2HkX1yqX5rHvKU1a8ShvzCDP7rP0braJ9KfY+PE5VR/e0gwEzlTlDJ49g069/sWrOr8TGxlKyfCm69f0EpWnitVWmSjkGjBvGrrXbOXPwJHny5aFizcq069lZ756kUCjoMbRX8u9OhZxp37MLs0f+hNLUlE+H9iKPVfrq1KNwP5oXrZOBkgshhMgsCl1OnmxFCCHesSdPnlCw4Lv/YtcYPHnyBOC9PX7ve/nh/T0G72u5kxh7+Y29fGl5X8r/vpTzdd6XY/C+lPN1jPkYGHPZ0ut9PwZS/ve7/Jkpo8cyISqKxx99hv1Xg1FYZu3csFlFFxVF0Ox5FF63EpN0luFN6pxOG0Xk5a6oin6NQpmzRwJIiU4biebhLPJU2JCheYAzeqyi4mL4dN9IhlXqgTqXzqEbHR/DnIur+aPZdCzN0l8GeTcnhBAvhIWFpR2Uipw7wZAQQgghhBBCCCGEEELkcCaWluT1bED0+YvZnZU3Fn3+Ink9G6S78fdNKZSWmNo1Rht2Pkv3k1W0YecxtWucocbfN2FpZkHDwjXwDriRpfvJSt4BN2hYuEaGGn+FEEJkHmkAFkIIIYQQQgghhBBCiLeQt0M7ok+dRhcVld1ZyTBdVBTRp06Tt0O7d7I/c8dOaENPotNGvpP9ZRadNhJt6EnMHd/NMPbti3ly+ullouNj3sn+MlN0fAynn16mfTHP7M6KEEK8t6QBWAghhBBCCCGEEEIIId6CuWsR8jZvRuTBI9mdlQyLPHiEvM2bYe5a5J3sz0Ttipl9S+JDDr6T/WWW+JCDmNm3xETt+k72VzRfQZoVrc0h37PvZH+Z6ZDvWZoVrU3RfDKUsxBCZBdpABZCCCGEEEIIIYQQQoi3ZNPnM+JDQog+553dWUm36HPexIeEYNPns3e6X/NCX6CLC0YbmjsaN7WhZ9HFBWNe6It3ut9e7p0IiQnlfMD1d7rft3E+4DohMaH0cn83PaWFEEKkTBqAhRBCCCGEEEIIIYQQIhPk/3oYUYePobma8xvsNFevE3X4GPm/HpYt+7dwHUn888MkRFzNlv2nV0LEVeKfH8bCdWS27H94pc849uQ814P/zZb9Z8T14H859uQ8wyu92w8KhBBCGJIGYCGEEEIIIYQQQgghhMgE5q5FcBz3HRF7/87RPYGjz3kTsfdvHMd9986Gfn6VidoVdfHxxAXvybE9gbWhZ4kL3oO6+Ph3NvTzq4rmK8j31b9kv8/JHN0T+HzAdfb7nOT76l/K0M9CCJEDSAOwEEIIIYQQQgghhBBCZBJz9zI4TpuM5sZNInbuQRcVld1ZSqaLiiJi5x40N27iOG0y5u5lsjU/JnnKoi4xA23kdeICvdBpI7M1P0l02kjiAr3QRl5HXWIGJnnKZmt+yti5MaXWMG4+u8fuh0eJjo/J1vy8LDo+ht0Pj3Lz2T2m1BpGGTu37M6SEEIIpAFYCCGEEEIIIYQQQgghMpW5axEKzJuNmYsLIQuWEHX0RLY2BOuioog6eoKQBUswc3GhwLzZ2dbz91UmalcsyyxEqS5CrM984p8dybaGYJ02kvhnR4j1mY9SXQTLMguzrefvq4rmK8ic+t/hkteZRZfXc/zJhWxtCI6Oj+H4kwssurwel7zOzKn/nfT8FUKIHMQ0uzMghBBCCCGEEEIIIYQQxsimz2dYNmlExNbtBM2eh0WZ0pgWdcHM2RmlnQ1YWKAwydw+OrqEBIiJQRvynLinT4l/6EPMjZvk9WyA44yfckzD76vMCyV8K6QAACAASURBVH2BqV1TYgM2o3k4C5M8ZVFaFEFhURCFqQ2YqFEoMu9Y6XQJkBCNLv45upgnaGMekRB5DVO7xqhLzs4xDb+v6uXeCc/CNdl2/x/mXFxNaVs3ilgVoEAeB2xVVlgoVSgUikzdp06nI0ar4ZkmHL/IQB6F+3Hz2T0aFq7B1DpfScOvEELkQNIALIQQQgghhBBCCCGEEFnE3LUIdsMGYdO3N9Gnz6G5dJmIg4fQBgSREB0NCQmZu0MTE0zUapSO9qiKu5GnRVPsx32HiaVl5u4nC5ioXbEo+hW6wl8SH3oKbfhFtMF/o4sLRKeNAp0u83amUKBQWqIwc8DE8gPM7FtgWnw8CmXOP05F8xVkSMVP6ePehbMBV7gUdIuDj08TFP2MqPgYdJl5nACFQoGlqQX2alvcrF1oXrQOY6p/iaWZRabuRwghROaRBmAhhBBCCCGEEEIIIYTIYiaWluRpVJ88jepnd1ZyPIXSEjM7T8zsPLM7KzmapZkFDQpVp0Gh6tmdFSGEEDmMzAEshBBCCCGEEEIIIYQQQgghhBBGQhqAhRBCCCGEEEIIIYQQQgghhBDCSEgDsBBCCCGEEEIIIYQQQgghhBBCGAlpABZCCCGEEEIIIYQQQgghhBBCCCOh0Ol0uuzOhBBC5BRPnjzJ7iwIIYQQQgghhBBCCPHeKliwYHZnQQghcoSwsLA33lZ6AAshhBBCCCGEEEIIIYQQQgghhJEwze4MCCFETmNlZZXdWciVwsPDgff3+L3v5Yf39xi8r+VOYuzlN/bypeV9Kf/7Us7XeV+OwftSztcx5mNgzGVLr/f9GEj53+/yZyY5lukjxyn95FilX9KxEkII8XakB7AQQgghhBBCCCGEEEIIIYQQQhgJaQAWQgghhBBCCCGEEEIIIYQQQggjIQ3AQgghhBBCCCGEEEIIIYQQQghhJKQBWAghhBBCCCGEEEIIIYQQQgghjIRpdmdACCGEEEIIIYQQQgghjJ0uOprYc97EXblG/P2HJAQFo4uOhgRd5u7IRIFCrcbEPj+mxYpiVr4s5tWqoFCrM3c/WUkbhS7iHLqoK6C5hyIuCJ0uGnQJmbcPhQkKhRqdmT2o3FBYlkeRtxooLTNvH1ksOl6Dd/B1robc4UH4E4I1z4mO15CQmccJMFGYoDZVkV9lg6tVQcrZlaBKfnfUpqpM3Y8QQojMIw3AQgghhBBCCCGEEEIIkUXiH/kQ47UbzZHjmJUqidKlEBb166KwtUahsgATRebuMEGHThOD7lkoWn9/NH8fImLBUlT162DRpiWmRVwyd3+ZSKd5hC5kB4QfBovSKFSFIV8DUNqAiQUKReYNaKnTJUBCDArtc4h7ii70b3T+88GqAQq7tihURTJtX5nNJ8KPXT5HOfb0AiWsi1I4jxN1natgo7LCwsQchSJz65ROpyMmIZbnmnD8o4M54Huaxdf/oq5zZVq51MMlb4FM3Z8QQoi3Jw3AQgghhBBCCCGEEEIIkQWiVq0l5sA/mFWrSt5B/d5NL9z/egAr1GpMCjpjVrkiquhGxF64TNjYiVg09sSyZ/esz0cG6QJXwvP9KPLWAKdBBj1xM7mZPLExWWmZ+GNeEEWeKqBtAlEX4dFodDZNUTh8lsl7fXtr7njxz5MzVHNw50v3bqiVWd8LV6FQoFaqUFuqKGBpT6X8pYjWargcfIvx5xfhWbAGn5Rok+X5EEIIkX4yB7AQQgghhBBCCCGEEEJkovhHPjz/5nu0vo/J80UvVLU9snUIZoVajaq2B3m+6IXW9zHPv/me+Ec+2Zafl+k0j0h48DXE+IBjX7CqnX3DMCstE/fv2BdifEh48DU6zaPsycsrfCL8+O7MHHyjAuhduiMejhXeSeNvatRKFR6OFehduiO+UQF8d2YOPhF+2ZYfIYQQ+qQBWAghhBBCCCGEEEIIITJJ/M3bhI2bglmpEqiaNclRc+8q1GpUzZpgVqoEYeOmEH/zdvZmKPoGPBqLQl0KbFvknPl3lZZg2yIxX4/GJuYzG90OfcCkC0soYV2UJoVqZmvD76vUShVNCtWkhHVRJl1Ywu3QB9mdJSGEEEgDsBBCCCGEEEIIIYQQQmSK+Ec+hE2bjYVnA8wqV8zu7KTKrHJFLDwbEDZtdrb1BNZpHqF7PBWsG0OeKtmShzTlqQLWjdE9npptPYF9IvyYefl3GhaoTqX8pbIlD+lRKX8pGhaozszLv0tPYCGEyAGkAVgIIYQQQgghhBBCCCEyQcS8xajq1MTUvXR2ZyVNpu6lUdWpScS8xdmyf53fXMhXByzds2X/6WbpDvnqJOY3Gyy8vp6ajhUpbVMsW/afEaVtilHTsSILr6/P7qwIIcR7TxqAhRBCCCGEEEIIIYQQ4i1FrVqL0s4mR/f8fZVZ5Yoo7WyIWrX2ne5XF7gShdI25/b8fVWeKiiUtugCV77T3a6544WtKl+O7vn7qkr5S2GryseaO17ZnRUhhHivSQOwEEIIIYQQQgghhBBCvIX4Rz7EHPgH83p1sjsrGWZerw4xB/55Z0NB6zSP4Pl+yFf/newv0+SrD8/3v7OhoH0i/PjnyRnqOFd+J/vLTHWcK/PPkzMyFLQQQmQjaQAWQohMtmfvfipW9dD7qVG7Pj3+9zn/HDyUHBcUHGwQ9/LPkaPHsrEUOUtkVBQTJv1IA89m1KrXkG9GjSY4JEQvpoFnMypW9eDa9RuppvPFlwOpWNWDzVu3ZXWW31p4eDhr12+gW/dPUyzTI5/HDP96JA08m9HAsxnDR4zisa9v8vp/796lYlUP6jdqSmxsbIr7iImJoXa9RlSs6sEjn8dZVpY3cenyFcZNmMTI78YYrHvq75/iNfNZ777JMbm5Pjz29WXegkW069Q1xfXjJk5OsfynTp8BYO36DVSs6sGgoV+lug/vCxepWNWDpi3bZEkZ3kTTlm1SvR9+3LMXkPvr9au8du5OsbzzFyYOwWds5QXjv35f9cjn8Wuf9T/PnQfk3uv2dfz9A/ju+x/wbNqSOg0a83nf/ly+clUvxpjONYBGo2H+wsW0atcRjzoN6PLhx+zw2qUX8/XIb6lY1YOVq9ekms7S5SuoWNWD0WPGZXWWM8W5894MHvY1DRo3Z9yESXrrjLG8AEFBQdSu70n3Tz/TW25sdTrJ0eMnqFjVg1k//6K33JifY+l5Xj179oxxEyfTvFU7atdrxP8+74v3hYt66RhrnXhZZFQU02fOpnmrdtSq15Cevfpw9tz55PWjx4x77bMwJiYGgLnzFlK/UVOatmxjcO/MLWK8dmNWrSoKtTpd8fvPnqXvjGm0GfUNPSZP5LedO4mNi081fun2bTQZPpRT164lL7vv58eA2TNpO2oko5ctISwi8o3yrlCrMatWlRiv3W+0fUbpQnZA3hqgtEwzNjDoOZOmr6HDJ+No1WU0w75byPWbD/VjAp/ToNVXBj+DRsxLjln6+07afjiWLj0nsufA2TfLuNIS8tZIzP87sMvnKNUc3FErVemKP3vwFNO/mszI7kOZ1H8MO9dsIz42ziAu2D+InWu28dNgw2ev36MnzBr5EyM/HsrSyfOJDIt4o7yrlSqqObizy+foG20vhBDi7ZlmdwaEEMJYFXB2pmzZMgA8fx6K94WLDB8xigk/jKFD+7bJcSqVinp1axtsb29v/87ymtONGPkd16/fYMjgAZiZmTFn7nyGffUNq39fYRC7bbsXZd3LGCz383uq9yIipwoLC2fqjFn8/fcB4uLjSUhIMIiJiYmh/8AhmKvMGTP6W3S6BOYtXEz/QUPZuP5PVObmybGhYWEcOnKUZk0aG6Sz/+9/iIyKytLyZNTefftZvGwF9+7dx8TEhDq1axnEBAYGATBk0ABsbW2Sl9vnz28Qm5vqw81bt5g9Zx5nzp5DoVCgUqX8T35gYBAVypejY4d2esuLu7np/X78xEmCgoJSvJds2/5uXlhkxJyZ04mN0385odPpGD5iFLVreugtz231OjUBgYHky2fF8KGD9ZaXLqU/vJuxlBeM9/pNjZOTI7+vWGqw/OlTf779fiy1Xqnbue26TU1MTAz9BgxGqVTy7civUVtasn79Br4cMJhNf62lQAFnvXhjONcAk36cyuEjRxnY/0uKFnHh5KnTjBk3gTx5LPFs1FAvduv2HXzW4xODNHQ6Hdt35J6Gj63bdjB+0hSqVqnMl337UKVypZTjjKS8SWbMnkNkZOqNLMZSpyHxw4ap02amuM6Yn2NpPa/i4+Pp238QMTExDB7Yn3z5rFj1x598OWAw6/5cjVsxV730jKlOvGrCpB85fuIkQwcPoECBAqxd9xcDBg9j/ZpVuLkVo98Xn9O1SyeD7RYvXU5MjAYLCwtOnT7Dnn372LxxHcFBwfyvT1/q1K6FnZ0td+/e48bNW7Rp3TIbSpd+uuhoNEeOk3dQv3TF7z1zmpnr1vKRZxMqlSjB48AAVnh5ERWrYWBHw+P1wM+PTUcOGyyfu+EvGlaqTId6DZi9fi2r9+9N3n7DwYM0r16DfHnzpCtP5pUrEDF/CXl69Uh3I/Yb0UZB+GFwGpRmaIwmjq++X4ypUsnQfh1Rq1Vs9TrG12MW89vCb3B2tAMgMCQUgL7/a41NvhfltbPLB8D5i3c4cPgCKxd/Q3BIOINHzqNmtTLYWOflwcOn3L77mGae1dKXf8tK4D8fHHulqwH7TUXHazj29AJfundLV/yZf06wdsFqGndqTomyJQnwC2DnH1uJ1Wjo2DsxDd/7PmxbuZk7V26iMFFgamZmkM6GxX9SuXZV6rdqxLpFf7Bv467k7Q9u20+NRrXIky9vuvJUIX8pFl//i54l2qM2TV8jthBCiMwjDcBCCJFFqlSuxI+TJyT/fvTYcQYN/Yq58xfQrm3r5OXW1vmYNX1qdmQxV7h56xYnTp7i51nT8WzYAABnJye++HIgJ0+foZZHjeRYW1tbdu/dy4ivhmL+UiMowLYdXlhbWxMWFvZO859RgYGB+Pn5Meb7b7G1tWXQkOEGMZevXOWxry+rfltOxQrlgcQPBnr16ce1a9f1Xr7a2tqybbtXii/ctm7fQX47O4Pe1NnpzLnz1KxRg2k/TmbajFkpxgQGBgLw8UfdUL/mxURuqw/Xb9zE2tqahfPmcOHiZVav+TPFuMDAQGrV9KBTh/appqVSqTAxMWHHzt30+qyH3rro6Gj2/X2A/HZ2mZr/t1W2rLvBsqPHTxAeHk7XzvovwXJbvU5NYGAQLoULv/ZcgvGUF4z3+k2NytycypUM5wD8ee48irm6UvOlZ1huvG5Tc/a8N/cfPGDzX2spXjzx45QqlStRt0FjDh89xkfduiTHGsu5joqKZueuPYz65uvk8tWq6cE57wvs2rNXrwHY1taWe/fuc/XaNcqVLauXznnvC/g8fpwrzrXf06f8OG0GPT/9mK+GDUk1zljKm+T0mbP8c/Aw7mVKp7jeWOp0kmUrfsPU1BQba2uDdcb8HEvreXXk6DFu3/mXjev/pMQHxYHE+5xns1bs2buPAV++6ClsbHXiZXFxcfx94B8G9u9Hty6dAahRrSoNmzTn73/+oa/b5xQtWoSiRYvobfc8NJQLFy8xcdxYAB75+FDO3R37/PkTf+zt8Xn8GFtbGyb9OJVPun/0zsuWUbHnvDErVTLdDac7jh+jfsWKfN4mcWSPqqVKEfDsGXvOnE6xAfiXTRso7VKEaw/u6y33DQqkZtlymJuZUsPdnX1nEkcF8r59m7/Pn6Vzg4YGaaVGoVZjVqoksee8UWXhMNa6iHNgUTpdjacXL//LI58AVi4aiWvRxA/IKpRzo3WX0Zw8c4OObRLzGRSc2ADcuW09LNTmBuk89g2kdIki2Nnmw842H/ntrPF9EoR1vjzMmr+Rzu3rpb8ASkuwKI0u4hwK66wbwto7+DolrIumu/fvsT1HqFirCm0+6QBAqUruPA98xul/TiQ34PrcfUQeqzz0GzuYezf/5dD2AwbpBPr5U7ZaBUzNzShTpRxnD54E4Pblm5w7coaGbZukuwxqpYoS1kXxDr5OHafcN4y1EELkdjIEtBBCvCP16tbB0dGBkJBn+PsHZHd2co2rV6+jUCj0eoLWqF4NBwcHzr3ytXyzJo0JD4/g4CH9L6N1Oh3bvXbSumXzFHvU5iTFi7vx2/IltGvTGrWFRYoxGo0GAKu8L766TXoplzSEWpLmTRtz4uSp5F4MSXx9n3De+wLNmzXNzOy/tbGjv2XUN19RssQHqcYEBgWRL58VarWamJiYVM9pbqsPnTq0Z8bUKdSuVRMTE0WqcYFBwTg7O5GQkEB0dHSKMQqFgmZNGrNtu5fBun1/HyA2Ng5Pz/S/DMoua9aspVHD+jg5Oeotz231OjVBQUE4OTkBiY1HqTGW8oLxXr8ZERMTw+at2/jwpUZQMJ7rFhJf/h/Ytyu58RfA3MwMpVJpcN8ylnNtYaFi/x4vOnfUbwhTW1gQHa3/bC7rXobChQqxNYVzvW27F6VKlcTVtWiW5jczbN22AxsbawYP7I9Op0s1zljKC4mNXVOmTqfnpx/j4uKSYoyx1GmABw8fsnL1Gr4dNQKlUmmw3pifY2k9r8zMzOjQrk1y4y9A3rx5cbC3Jzxcf7hUY6oTr4qNiyMhIYG8L/UwValUqFQWREdrUt1u46YtWFlZ0aRxIwCKubpy9fp1goKD+ffuXYKCgihcuBDbtnuhVqtp2sQzy8vytuKuXEPpUijd8VO+6Mc33T/WW6YyM0cTGwuv3FP3njnNPT8/+rRpy6tcHB05de0qcfHxnL91CxdHR+Li45m3aSNDu3R97f8VKVG6FCLuyrW0A9+CLuoKClXhdMVWrvgBW9aMT278BTA3M0WpNCEm5kUdC3kWTj4rSyzU5sRo4gyuqaIujty884iQZ2Hcf/CU4JBQChbIz+6/z2JhYU7DuoYf7L2OQlUYXdSVDG2TUVdD7lA4j1O64/t+P5Dug3rqLTNTmRGriYX/qlTNJnX47Os+lK7kjoki5WYBx8LOXDt3GW1cPLcu3cCxkBPauHg2LVtL177dUWSwThXO48TVkDsZ2kYIIUTmkAZgIYR4R3Q6XeIf3oCZueEwOyJlMRoNCoUC01deOhUs4IzfU3+9Zfb2dtSoXs3gBeO58974+j6hVcvmWZ7fd6FG9WoULFiAOfMWEBAQiL9/ALPnzsOlcGGqVa2iF9ugfj3UajU7du7UW75thxd2trbU9Kj+LrOeKQIDg9BqE+jQ+UM86jSgVr1GzJw9x+CffGOsD/Hx8Tx//pyt23bgUacBNes2pOtHn3Dt2nW9uNjYWDp2aMf9Bw8M5tzctt2LBvXr6X1AkBPdu3efk6fP0P1DwyHPjKVeBwQGcfv2HRo0bk6teg3xbNoyxTnvjKW88H5fv0m27fBCG6/VGw0EjOO6TaJSqbDPnx+dTocmNhY/v6dMnPwTlmo1rVu20Is1lnNtYmKCff78mJmZERsby/Pnz/lz3Xq8L1zU6/EMiee6fbs27N6zL/FF/3+ioqLZf+AfOrZrm+p8qTnJmbPncHN1ZcSo76heqx41atdn/KQpemUC4ykvwG8rVxEbG8sXn/dKNcZY6jTAj1Nn0LB+Pb0Rd15mzM+xtJ5X9erWYcJ/vVeT+PsH8MTPj+rV9P8eN6Y68ao8lpY0bdKYP9as5dbtO4SFhbNg0VKiIiNp3Srlcmm1WtZv2EjXzh0xNU0cmLB6taq0adWSrh99wqAhXzF61EiUSiULFi/hu1HfvMsivbH4+w9ROqW/sc46b14szFVotQlExcRw9sZNth47Qod69UHxooEtIiqKZV47+Lxla2ysDP8OGNq5G0cuX6bL2DE8j4igR7MWrP37b8q6FsPdtViGy6F0ciL+/sO0A9+G5h6YOacdB6jMzbCzzZf4PiU2jqcBIcz45S/UaguaNKqaHBccHIZWm0CPflNp3nEULTuPZsGy7cnXbKUKH9DMsxq9B85i1PhlDBvQGaXShF9X72HYAMMe12kyc04sRxZ6EP4EJ7XhNCmpyWtthcpCRYI2gZioGG5euM7RXYeo16ohZKDNtmvf7lw6eYExvb4hIjSc5l1bs3/zHlxLFce1lFvaCbzCSZ2fB+FPMrydEEKItydDQAshxDsQGhbG7ytX8zw0FLdirtjnz09QcDAAAQGBVKyqPwfgJ90/ZOSIr7IjqzlOEZfCJCQkcP3GTcqXSxw2UKvVEhwcYjBHokYTS4f2bfl+7Hj8/QOSew1u2baDsu5lcC2aO3qXpEWlUrHglzl82rMXTVsmDhmWN29e1q7+3WBYOYWJCS2aNWXrdi96/+8z4EVvgzatW5KQkHqPnZzKxMQEtYUFXTp3pGDBAhw8eJjVa9bi5OhIj09ffEVvjPUhIiICW1sbChUqxJd9+xDy7DmLly5nyPAReG3blDxEYUJCAuXLlaVo0SJs3baDCuXLAeDz+DHeFy4yb84sTp0+k51FSdOatev4oHhxg48awHjqtZmZKZaWavr3+wIzM1PWrF3P2PETKV7cTW9oUWMpL7zf1y8knre16zbQrm1r8ljqD3toDNftq67fuMnHPf4HJD67liych6Ojg16MMZ7r+p7Nkns6jxg+lHp19YfRjI2NpX3bNixasowD/xykVYvERpK9+/aj1Wpp1aoFW3LBnM+PfB4TFBREyxbNmDd3Nrdu3Wb+wsVY5bXi6+EvhoQ2lvI+9vVl+a8rmfbjZCxSGaUFjKdO796zjytXr7J141+pxhjzcyy9z6uX/TR9BiU+KE7DBvpDwhpLnUjNpPFj6fG/z+nW/dPkZTOm/cgHxYunGL9v/wFCQp7RpXNHveUD+/djYP8X8+eOmzCJju3bUcQlfT1Fs1tCUDAKW8Oh0tPyw6/LOX09scdt7fLl+bx1G731y3buwMHGhjZ16vA40HAksaIFnJk/7MW0Qb6Bgew6dYKlI0ZlOC8ACltrEoKC32jbdO8jLgiUNmkHvuT2v4/pO/RnAFQqM2ZN7odD/hfH28REgYXKnHatauPsaMuxk1f5a8shHPLno1unxBFUPu/Rgs97vPgQbdqcdbRuVoNCBfTfK6SL0iaxHFkoWPMcG5VVhrdbPnUR188n9k4uX6MSbT/tmMYW+pxdCjJ82ov6E+gXwMn9xxg5e0yG8wJgo7IiWPP8jbYVQgjxdqQHsBBCZJGdu/dQsaoHFat6UL9RU379fRU21tb8MGa0XpyFhQXt2rTW+ylXrmwqqb5/PGpUx8HBgSk/TePe/Qf4+j5h1OgxPPb1NXh5romNpbFnI/LmzcN2r8QeBpGRkRz45yAd27cjNjYuO4qQ6aKjo/n2+7EUK1aM+XNnM3f2TAoXKsS3349NHh46SaxGQ8cO7Xj48BEXL10CEueu8/N7Sof27YiLyx09bl424Mu+/L13J59+/BGeDRswacIP1KtTm9V/rtWLM8b6YGNjw8H9e/h55jQ8GzWkS6cOzJ01naDgYPbs3a8Xq4mNpUO7tuzZtz+5Xmzb7oW9vT11atfK0eUPDQtjx87ddP+wa4rrjaVeL1+ykL/W/kGb1i1p3qwpixfMw9bWhj/+XKcXZyzlhff7+gU4fuIk9x88MBj+OUluvm5T4lbMldW/r2DOrBlUqliBr74ZxZMnfnoxxniuVyxZyOKF8/ioWxdmz53H4SNH9dZrNBqcnBypVdNDb8jvrdu9aNSwAdb58hGXC3rERkZGUr9eXaZOmUQtjxr8r+en9PikO+v/2kBc3IvzZizlnTptJjWqVaVRw9fP92gMdToyMpKZs+fQ74s+BtMwvMyYn2PpfV4lWbr8V06eOsOkCeMwMdF/1WYMdeJ1ps2YTUjIMyZPGMfSRfNp2aIZk6dM5cHDlHuRrlm7jiaNG2GfP/WejRcuXuK890U6tGtL/0FDqdeoCSNGfUdkVFRWFeOt6aKjUahS/zgkNf3bd2D2oMH0bduOC7dus9zrxQcxNx8+ZM+pUwzt3BWFIn1dOH/ZuIGezVtw7MplPpowjh6TJ3Ls8uV050ehskCXyjQz/2fvvqOiuNoADv92ASmKKFVpKioq2Bv2Hiv2XmLUGDXGGLsx9h5b7Bp7i+1TxN5rLLF3jb0iCggKSFlg2e8PAroUXZTu+5zDOTrzzsy9M3fKzp17b0rRaMLQKJO3r/LZ27D4j1+YMuZ7ihcrwOjJa3jl+37s8O5dGuLx11jaNq9B9colGDGoI5UrFGPL9r8TXd+NW4+4duMhjepXZOjopTRtP4qxU9YS+pGuy7XyoDRCo0nd/RQWpcJImXA8409p0b0NP08cTLOurbh3/V92rfP8onRsXbqJhu3duXH+GuN++JWJP47i+rkrOi9vpMxGWJRu+1UIIUTKkgpgIYRIJXnz5qFB/W9oUP8b2rVpzfChg9i9w4MypbXHlsmZ05SJ48do/cW2jBAxLYZmTZ/Ka/8AWrZpT+NmLcmVKxcF8ucnTx7tbqOiIiMxzJaNxg0bsHNXzAvG/QcPodFoaNSwPlFRUemRhRS3Y9ceHj16zPw5s6herSq1alZn4bw/uHvvPrv27NOKjYyMokRxVwoWdIrrdm7Hzt2UKlkCpwL5icyk+yT+C5AaNarh4+OrNbbk11IeXF1dMDfPzeMnT7SmR0ZG0qxpE8LDwzl85CjR0dHs2r2XZu6NUSqVGTr/Wz08yZYtG00aN0x0flYq1x+WZRMTY8qXK8eTBMcy6+QXvu7z968Nm6jkVpEC+fMnOj8zn7eJMTY2pmSJ4tSuVYN5s2cSrY5m4+YtWjFZ8Vi7urpQ2a0iI4YPpXIlN/5culxrfmRkTJ5aNm/G+QsXefnqFc+ePefqtWu0bB4zvmNmyfeHrTwh5sM9VUQEXi9exE3LCvk9fOQY5y5cZMjgAajVatRqddy4xx/+G7JGmZ6/cDGmpqZ0bN82Lr8AGjRx/46Vle9jutyvIKa19OIly5g4DvcsQAAAIABJREFUfgxFnAsnWE9WKBNJefjwEdu272Dkb8Np6t4Yt4oVmDJxPNbWVgmufQDXrt/gxs1bSX7kBzHn1KQp0xg+bDCLliwln6MDB/fuQh2lZuWqNamZnXRhb21NyYKFaFenLl0a1GfrieO8Cw0lOlrDnK3/45vyFSls74BaHU20OuZao9FoEm05f+zyZUJUKkoWLMSy3TuZ+eNPjOjyLTM2beBdBq4814WRcTZciuajaiVXpoz9HrU6mm07T2nFxD9nK1d0xff1W8LDtD8yUauj+WOhB/37tGLVugPY2VqyZfUY1Go16/93JNXzktqsbW0o6FqYOi3qU79tY47vOkzou887/pdPXiQ8NIyCroXZudaDvuMH8u2AHmycv/az1ymEECLtSAWwEEKkkrKlSzN96iSmT53EyBHD6NShPaamye++R0CpkiXYt8sTj/9t4NC+3Qz4+Seee3lRsmRxrbjYl28tmjfj2fOYLjN37NxNvTq1yZEjh9bLuczs4cNH2FhbY26eO26apaUlNjbWPHj4UCs2Ns8tmzXl4MHD+Pm95six47T474UrmWyfaDQaDhw8lKAFGcT84P+wxUVWLA8PHj7k75OnEp2nF2+cbDQaLC0sqFa1Ctt37ubc+Qu88vGhRbOYY68hY+Y/dly4Fs3c47q0ji8rlOuAgDfsP3CI8PDwBPPitxzKCvkFOX8fPX7C2STGtY6TSc/b+O7evceOXdpjXRoZGWFvb88rHx+t6VnlWPsHBLBt+w7evHmjNd25cKGEef7vONaqWZ2cOXOya/cetu/cRd48eXCrGDMWambItpWlRSJ5i2FgYPDBtMyf35Wr18R0Zd2qHWUrVqFsxSocPHSY2//eoWzFKnGtOiHzl+mQkBA2b/Hg8ZMnVKxSIy6//gEBrPtrA2UrVsHb+2WWvo8l5351+cpVxoyfyKAB/alfr26S64PMWyY+5uGjmDFQP/wYRKlU4upSjAcPHiaI/2vDJooWKULpUqUSzIu1Zt16HB0dqF61CteuXadJ40YYGxvTqGF9rt+4mfKZSCEKY2M0qoTnQ1IOnD/HI2/tcVEL5LVDrVYTEBzMxTu3eeDlxf7zZ2kwZCANhgzk++lTARi9YhldJ0/QWjY0LJwlu3YwoE077j5/RrF8+bC3tsYlfwEsc5rx+GXC8pwYjSocRRLP4ClFoTBGEa3bvrr/8AX7D13QmmZkaICdrSW+r2O6FdZoNBz9+4pWi+D321Kg0NOuGN687Tj2tlZUqlCMG/8+pn6dchgZZ6NuzTL8e0e38Y8V0eEoFKm7n4z1DQmP1r2HhPNHz+D95IXWNNt89qjVaoLfBiV7++Gh4excu5V2fTrx/MFT8jkXwNrWhvxFnDCzyMXLZ7qN6xseHYGxvmGyty+EEOLLSQWwEEKITMHAwIBCBQtibW3FwsVLsbAwp7JbxURjixUtQpEizsxfuJhr12/QskWzNE5t6rK1zYufnx/BwcFx0wKDgvDze42drW2iy7g3aYQqIoJhI0aiVCppUP+btEpuilIoFCxespw16/7Smn7h4mXsbG0xNEz4wzIrlYeHDx/xy6Ch+Ae8f7nx6NFjAgLeUNDJKdFlWjZvxoWLl/hz6QrKlS2Do6NDWiX3sxw8dARfXz/atU28i9wPZeZyrUHD8N9GcfLUmbhpUVFRXLt+nYIFEz+WmTm/IOfv+g0byZs3DzWqV/1kbGY7b+N7+PgxY8ZN5LmXV9w0lUrF8+fPyZdEXjL7sY5WRzN+4hSOn9Du7vn+g4c4OjgmuoyBgQHujRuyY+cedu3ZS7OmTRJUnGVkbm4VOX7ipFZryPPnL5I9e3Zs8+ZNEJ+Z8ztx3Bg2rFut9Ve5khtOBfKzYd1qataonmCZzFqmjYyM+GvNygT5zWVmRpPGjdiwbjVWVpZZ+j6m6/3q6dNnDBg0lPZtW/Nt546fXG9mLRMfY2sbc64/fPhIa/r9h4+ws9P+XeLj48uRo8c+2vr35atXrP1rA8OG/DemrUJBbKPOmFav0SmX+BSmtLRA8yZQ5/iNhw/zv6ParU0fv/RGT6kkj7kFLvkLsHjQEK2/cd16ANC3RSsm9uyltezKfbupVqIEheztYlrCftAaVqPR6PwRmeZNIErLpLvnTgkaA0tQ6zYm7NPnPkydvRHvl+/HJVZFRPLC+zUOtlZAzDm7av0BNnkc11r2yo0H2OYxxzDb+4+SfH3f8D/PE/zcq3ncsrF7SoOGaF0/tlO/jclHKrIwzMVbVfCnA/9zeNsBju44qDXt5bMXKPWUWFgn/5juWb+DEhXLYFfAIeZcRLtM6frxzltVMBaGyRvzWQghRMrQT+8ECCHE1y4wMIhhI0YlmN65Y3tKlSyRDinKmC5euszDR4/Yu+8gt//9l3lzZqGvn/RtrGXzZvw+fSZ2draUL1c2DVOa+pq6N2bV6rX8Mmgo3bp2QaPRsGrNOnLkyI57El3m5s6dm1o1q3P4yDGaN3VPMH5yZtL1205MmjINKysrShR35ey5Cxw6fISx8cbX/lBWKQ81a1TH3t6O/gOG0Ktnd6KioliweAn2dnY0qF8v0WVqVK+Khbk5V69dY+L4MWmc4uRbv3ETVatUxtHB/pOxmblcW5ib06RRQ36fPpPQsFCsLC3531YPXr/2p1vXLokuk5nzG+trPX8Dg4LYvXc/fXr11KnCK7Odt/HVqlEDezs7Bg4eRu8femJiYszGzVuIUqtp27pVkstl5mNtZWVJ/Xp1mT13PlFRUTg6OnDmn7OcOn2GebNnJrlcyxbN+GvDJhQKRVxL78yix3dd2bvvAH1/HkCXTh14/OQpa/9az4+9f0iynGfW/CZWoZkzZ04CAwNxdSmW5HKZsUzr6eklmic9PT0szM3j5mX1+9in7ldv377lp/4Dsba2ok7tWly5ek1reZdiRRP9sCkzlomPcSlWjDKlSzFx8u/069sHS0sLDhw8zO3b/7J8ySKt2I2b/0eO7Nlp1LB+kut7/tyLH3v3JO9/Q/2UKF6c3Xv2UahgQQ4cOkLJEhn397F+gXyofXxQ2ub5dDDQukZN5m/bik1uc8o4O/PU5xUbDh2iVY2aZDPQJ5uBPoXjnSNGhjHjwdpaWlLgww9tNBoiIqLo07wFAM72Dsz32IqXry/vwsLwDwoif56EH+YkRu3jg36BfDrFfjZDJ4h8BdkS/3j5Q9XcimOX14KRE1fyXaf6mBgbsm3nSdRqNc0aV46L69CyFrMWemBpnpNiRfJx6eo9jp+8xtD+2j2veL18TbfO9bG2julNy6WIIweOXqJAfluOnbyGSxEd8x75KiYfqSi/qS0+Yf7kNdGtormGex08lm0it6U5ziWL8srrJYe27qNmkzrof1AJrhMNREZG0KJbzAcbDgUd8Vi2EV9vH8JDQgkKCCRvPjudVuUT5k9+008fayGEEClPKoCFECKdqVQqDhw8lGB6nVo1pQL4AxMn/867d+8oV64sv/06NNHxtT7UpFFDZs+ZR4tm7gnGAsrsLC0sWL1iKX/Mnc/osTFdf5UqVZJVy5eQO3fuJJdr2bwZh48ce9/dXibVqkVzNBoNf63fyJJlK7CysmTwwF8+2ooiq5QHIyMjli5awKw5cxkzfhIqlYry5coybMggre42P6Snp0dT98b8b4tHkl0TZhTXb9zkxs1bLJg3W+dlMnO5Hj3yVxYvWcbiP5fx2t+fwoUKsnDe7CTHh4XMnV/4es9fj22eaKKjdW7tlZnO28SYmBizfMkiZs9bwNRpM4iMiqS4qytrVi7DxsY6yeUy+7GeMG40S5evZNXadQQEvKFA/nzMnjkt0dahsQoVLEhxV1dMTIzjWtJlFra2eVm+ZBHTZvzB8N9GY2Zmxvfdv6NHt65JLpOZ8/s5MnuZ/pSsfB/71P3q+o2bcb0cdO/ZO8Hy2z02J7ofslqZUCqVzJ09k/kLFzN/4WKCgoMo6OTEwnmztSq4w8PD2ea5g5YtmiVaMR6rYoXyVKxQPu7/A/v347fRY6n9TUPcKlbg++5JX1/Sm0EJV1SHj2NQJunurT/UtFo19A308fz7BB5/H8fSLBcd69Wjba06yd+4QsGgDh3i/mtvbU2Pxu4MXDAPfT09BnfoQM7s2XValfr5Cwzr1Up+GpJBYVICTeBhFNk//RGEkXE2/pj6I0tX7WHO4m2oo9QUdXZkwcz+WFm+b1XapGElNMCW7SdYs/EgFuZm/NSzGU0auGmtr2ypwpQt9f5dQp/u7kyeuYEWnUZTrrQzndvp9tylUXmhMEv8A9yUUty8MEdenKO0RRGd4qs1rImBvgEndh/hxO6j5LLIRb1WDand/DN6W1BAh77fxv3X2taGJp1bMH/ULPT09Wjf91tMcuj2EY9XiA917dw+HSiEECLFKTSZebARIYRIYd7e3jJO72eK7Y74a91/X3v+4evdB19rvmNl9fxn9fx9yteS/68lnx/zteyDryWfH5OV90FWzpuuvvZ9IPn/uvOfkpK7LzVhYQR070OOfr1TfQzd1KIJC+PdgiWYr/pT5zx8VplThxL9sBsKm36gl3F7AkiSOhSNzwKUBVcnK/3J3VdhUSp6nRxHH5d2GOtlzjF0w9Qq/rz9P5ZWH5escYCDg4OxTWJ4KyGE+NoEBSV/HPdYmWPAHSGEEEIIIYQQQgghhMiAFMbGGNaoSsSV6+mdlM8WceU6hjWqpn4Ftp4JmNaE0Kupu53UEno1Jv2pXHltrG9ItTxluO5/N1W3k5qu+9+lWp4yyar8FUIIkXKkAlgIIYQQQgghhBBCCCG+gJF7IyIvXkITFpbeSUk2TVgYkRcvYeTeKE22pzBvCu/Ogzo0TbaXYtSh8O58TPrTQGOH6lz0u02YWpUm20tJYWoVF/1u09gh6aEwhBBCpC6pABZCCCGEEEIIIYQQQogvoO/ogFHdOkScPJ3eSUm2iJOnMapbB31HhzTZnsLQEXJ9A0F/p8n2UkzQ35Drm5j0pwGHHHmpY1uR06+upMn2UtLpV1eoY1sRhxx50zspQgjx1ZIKYCGEEEIIIYQQQgghhPhCJl07og54S+SVa+mdFJ1FXrmGOuAtJl07pul2FVbfoVG/gZDLabrdzxZyGY36DQqr79J0s50Lu/NGFcTVTNQV9FX/u7xRBdG5sHt6J0UIIb5qUgEshBBCCCGEEEIIIYQQKSDHz31QnT5L1O076Z2UT4q6fQfV6bPk+LlPumxfkfcXCDoNobfTZfs6C70NQadj0psO+rq056zvNe68fZwu20+OO28fc9b3Gn1d2qd3UoQQ4qsnFcBCCCGEEEIIIYQQQgiRAvQdHcg5fBDhR09k6JbAkVeuEX70BDmHD0qzrp/jUxg6orD/FQKPZNyWwCGXIfAICvtf06zr5/gccuRlSMluHH95IUO3BL7qf5fjLy8wpGQ36fpZCCEyAKkAFkIIIYQQQgghhBBCiBSiX9SZnONHEnn3PqqDh9GEhaV3kuJowsJQHTxM5N375Bw/Ev2izumbIONi4DgRTdhdeLMf1KHpm55Y6lB4sz8mXY4TY9KZjpzN8jO6TG/uBz7l8IuzhKlV6ZqeD4WpVRx+cZb7gU8ZXaY3zmb50ztJQgghkApgIYQQQgghhBBCCCGESFH6jg7kmjEZPTt7QpatQnXmXLpWBGvCwlCdOUfIslXo2dmTa8bkdGv5G5/C0BFl/llg5AC+SyH4TPpVBKtDY7bvuxSMHFDmn5VuLX/jc8iRl6kVB2BnYs3KO56c872erhXBYWoV53yvs/KOJ3Ym1kytOEBa/gohRAain94JEEIIIYQQQgghhBBCiKzIpGtHstWqRvjufbxbsASDIs7oOdihZ2ODIrcZCkMjUCpSdqPRGjSqcDRvAlH7+KB+/oLIu/cwrFGVnBPHZJiK3/gUVt+hyVkbTcAu8FkARkVRGNqDQR7Qy4VGaYRCkXLtmTSaaBTR4aB+C5Gv0Ki8IPwOmNZE4Tglw1T8xte5sDs18pZj7/OT/Hn7fxQ2y4d9dhtsjC3IZWiKkTIbCkXKlimNRkN4dARvVcH4hPnjFeLD/cCnVMtThnHlfpSKXyGEyIAUGo1Gk96JEEKIjMLb2xtTU9P0TkamFBwcDPDV7r+vPf/w9e6DrzXfsbJ6/rN6/j7la8n/15LPj/la9sHXks+Pycr7ICvnTVdf+z6Q/H/d+U9JqbUvNWFhRFy8TOSNW0Q9fkr0a/+YVsHRKfx6VqlAYWyM0tIC/QL5MCjhSrbyZVEYG6foZlK1zKlD0by7iCb0BqgeoYh8jUYTBprolNuGQolCYYzGwBIMnVCYlECRozzomaTcNv6TWvsqLErFZf/b3Ay4z5Ngb/xVbwmLUhGdkvsJUCqUGOsbYmGYi/ymthQ3L0xZCxeM9Q1TdDsQs69sbW1TfL1CCJEZBQUFffay0gJYCCGEEEIIIYQQQgghUpnC2BjD6lUxrF41vZOS8emZoDCrgcKsRtykFG4nnerrTQvG+oZUtSlDVZsy6Z0UIYQQGYyMASyEEEIIIYQQQgghhBBCCCGEEFmEVAALIYQQQgghhBBCCCGEEEIIIUQWIRXAQgghhBBCCCGEEEIIIYQQQgiRRUgFsBBCCCGEEEIIIYQQQgghhBBCZBEKjUajSe9ECCFERuHt7Z3eSRBCCCGEEEIIIYQQ4qtla2ub3kkQQogMISgo6LOXlRbAQgghhBBCCCGEEEIIIYQQQgiRReindwKEECKjka8MP09s6+mvdf997fmHr3cffK35jpXV85/V8/cpX0v+v5Z8fszXsg++lnx+TFbeB1k5b7r62veB5P/rzn9Kkn2pG9lPupN9pTvpnU8IIVKGtAAWQgghhBBCCCGEEEIIIYQQQogsQiqAhRBCCCGEEEIIIYQQQgghhBAii5AKYCGEEEIIIYQQQgghhBBCCCGEyCKkAlgIIYQQQgghhBBCCCGEEEIIIbII/fROgBBCCCGEEEIIIYQQQnyNIh49JvziFcJv3iLquRfqt4FoIiOTvR6FgQF6uczQd7DHqLgrRuXLkM2pQCqkOG1Ehz4iKvgi6uAbaMKfER35BjRRKb8hhT5Kg9wojBzRMy2Bvml5lCZOKb+dVPI4yIvLvre55f8Ar3eveKsKJjI6FfYTYKDUJ5ehKfY58uBqUYiy1i4UyGmfKtsSQgjx5aQCWAghhBBCCCGEEEIIIdJQ6IlTBO/YjTogAINChchWqCDZq1RCkdMUhX7yX9lqoqLQBAUT6euH6t4D3u3dj565OabN3TGpWS0VcpA6IgOOE+m3HSIDUJgURmlSEGWuKij0c4IiFV5la6LQRAURHeGDOuQuUX67wcAcA6sWGJjXSvntpZCT3pfY9egYAapACuV0xMnMnkp5S2FqkB19pV6qbDMqWk1wZAi+of7cf/OUfU9PYm5oRlOn2lS3LZcq2xRCCPH5pAJYCCGEEEIIIYQQQggh0kDEo8e8XbaK6JAQjMqXw7Coc4qsV6Gvj8I8N4bmuWPWWb8Oqjv3CPLw5N3+g+T6oXuGbhEcHfoI1Ys/0ahD0MtZAb3sxdJmwwp9FAbm6BmYx2zToj7qkH+J9N1ClP9eDO36ZKgWwY+DvFhxaxshkaGUs3ahSO60O6b6Sj1yG+Ykt2FOiuQuQF0qcffNY7Y9OMSBp6f53rWVtAgWQogMRMYAFkIIIYQQQgghhBBCiFQWcugor/oPQd/eDrMuHVOs8jcphkWdMevSEX17O171H0LIoaOpur3PFel/kNA7/VAaOpAtb9e0q/xNgl72YmTL2xWloQOhd/oR6X8wXdMT6+jzswz6exr22a3pVKRJmlb+JqVI7gJ0KtIE++zWDPp7Gkefn03vJAkhhPiPtAAWQgghhBBCCCGEEEKIVBS8fRfB23eRq8d3GNjbpum2jSuUQz9vXgLXbyI6JATTFk3TdPsfE+HrSZSvJ9nse6I0tEvv5GjRM6uIwsiOyJd/oVGHkM26ZbqlZeejo+x8fIxuLi2xzW6VbulISjkbV/LmsGbDvT28iwylmVOd9E6SEEJ89aQFsBBCCCGEEEIIIYQQQqSSkENHCd6+C7MObdO88jeWgb0tZh3aErx9V4ZpCRzpf5AoX08M8nTMcJW/sZSGdhjk6UiUr2e6tQQ++vwsOx8fo13hhhmy8jeWbXYr2hVuyM7Hx6QlsBBCZABSASyEEEIIIYQQQgghhBCpIOLRY/znLiRHM3eU5rnTNS1K89zkaOaO/9yFRDx6nK5piQ59hOrpHPStW6AwME/XtHyKwsAcfesWqJ7OITr0UZpu+3GQF/OvradpgdrkNsyZptv+HLkNc9K0QG3mX1vP4yCv9E6OEEJ81aQCWAghhBBCCCGEEEIIIVLB22WryNGofrq1/I3PwN6WHI3q83bZqnRNh+rFnxhYNsqwLX/jUxraYWDZCNWLP9N0uytubaOBY9UM3fI3PtvsVjRwrMqKW9vSOylCCPFVkwpgIYQQQgghhBBCCCGESGGhJ04RHRKCcYVy6Z0ULcYVyhEdEkLoiVPpsv3IgONo1CHomVVMl+1/Lj2zimjUIUQGHE+T7Z30vkRIZCjlbFzTZHspqZyNKyGRoZz0vpTeSRFCiK+WVAALIUQK27VnL07OLkn+hYaGxsWePvMPnbt2p1Q5N1xLlaVthy4cOXosHVOfcUVFRbH/wEG69+zFylVrEswvV7EKTs4u3Lh5M8l1dO7aHSdnFzZv2ZqaSU01585foGfvvpRzq8qwESO15vX9eQBOzi4sW5H0V9zzFy7GydmFgUOGpXZSv9jlK1cZNmIk/QcMTjAvICCA4b+NomrNOpQoU4F2Hbtw4aL2j8rMXB6ePX/OzD/mULd+40Tn7z9wkOat2lG8dHmq167H1GkzCA0Li5u/9q/1ODm78H2vH5PcxoWLl3BydqFK9dopnv4v4bl9Z6LXzVmz5wJw7959nJxdKFuhMhEREYmuIywsnBJlKuDk7MLTp8/SMvnJduXqNTp37U7JshVxq1qDAYOH8crHJ25+Zs5vSEgIEydPpWrNOhQvXZ427Tvxz9lzCWJGjBxDuYpVKF66PP1+Gcjr1/5aMS9fvkq0TLTt0AWAp0+f4eTswtFjafMS7lOG/zYq0fSePvNPXMw/Z8/RrFVbihYvTYXK1Rg3YTIqlUprPZ+KGThkGM1atU2zfCWlSvXaST7vtGjdTueYWEFBwaz9az1NmrVMcP3evGVrgueo9FSrboNE86RWq+Ni1qxbT626DSjiWopa9Rqwbv2GBOv5VEyV6rWZ8vuMVM/P5wgPD2fW7LnUrFMf11JlaeTegm3bd2jFZKXnk09djyBzP3/E9++du3T7vhflKlahfKVq/NR/IC9eeGvFZOX72KeeNwcOGfbR33xhYeFA1ioTSdH1nv+pmOmzZlO2QmWqVK+d4FqSmQXv2I1R+eRX/gYEBtFw0EB6/j5Fa/qS7dtpMnQwrX77lf1nv2yMVaPy5QjesfuL1vG5Iv22o5ezgk6xvn5vGDN5NY3bjKBu08H0HTyXm7e1u68ODVUxZdZ66rccRm33gfw2fgUBb4K0YhYt30H9lsNo1n4kew9ql7/k0MtZgUi/7Z+9fHLsenSMctYuOsevm7OSH5t0T/B35+rtuJg7V28zffAkBrTuw2/fDWbL0o2owt8/Z3o/9WLqgPH80roPC8bO5l1g8Genv5y1C7seyTsuIYRIL/rpnQAhhMiqbG3zUrJEiQTT9fT0ANi6zZNffxuNUqmkVMkSGBgYcPHSZX7o8xOL5s+hYYP6aZ3kDGv23Pls2LSZt28DUavVVKlcOcnYLR6elChePMH0Fy+8OXvufGomM1Vt2bqNX0eOxq1iBX75uS8VypdPNG6rxzZ++L57gukajQYPz7T5kfoldu/dx/wFi7j/4CF6enrUqF5Na35UVBRdvvuesPAwhgwcgJlZTlasWkPX7j3Ztd2DQgWdtOIzU3m4dftfpk6bwT9nz6FUKjHMli1BzO69++g/YDDffduZgQN+5sGDB/wxZz7+/gHMnD5VK/bvk6fw9fPD2iphV2FbPDJmV1w+vr6YmeXk12FDtKa7Fium9f+3gYEcPnKMxo0aJFjHvgMHCAkJSdV0poT79x/QuWt3alSryrzZMwl+94658xbSq89PeG7dHHevgMyZ3xEjx3Di5CmGDR6InZ0ta9b9Rfeevdm13YPChQoC8FP/gdy4cZOhQwZiYGDAtBmz6N23Hx7/2xi3Hh9fXwCGDh6Aufn7seGsLC3TNkM68vX1pUzpUrRr21preqH/8vzs2XN6/NCHym4V+WXebJ4992LGrNmo1VFMHD9W55iM4s9F8xNU6mg0Gvr81J/q1arqHBMYGMT4SZPZt/8gUVFRWpWoGZWvnx+tW7agfPmyWtOVyphvrHfs3M34iZPp0f07qlWpzN8nTzF2/CRy586Ne+NGOsdkZKPGjOfIsWMMGtCf/Pnycer0GYYMG0H27Nlp8E09rdjM/nwCybseZabnj8Q89/KiTfuOlC9Xjt+nTCIsLJQZf8zhux4/sGfnNgwNDbP0fUyX583+/frSuWOHBMvOnb+Q8HAVxsZGWtMze5n4GF3u+Z+KOX3mH3bv3suBvbvwe/2adh27ULN6dSwszLl//wE3b92mZYtm6ZzT5It49Bh1QACGRZ2Tvey8rf8jJDxMa9rFO3c4fPEC60aNxT8okJ9mzcTN1ZXcpqY89vbm3vPnNHBz03kbhkWdCT16nIhHj8nmVCDZafxc0aGPIDIAvezFPhkbrorg52Hz0dPTY3C/NhgbG7F1xwn6D5/P+uUjyWtjAcBvE5Zz++5TfurZHAN9fRYs286wMUtZPj/md8WFy3c5dPQiG1eMxD8giN4D/qByRRdy5zLl0ZOX3L3/jEbf6Lbv9LIXQx1wlOjQRyhNnD69wGd6HORFgCqQIrl1PzZvA95SoGhBqtavoTU9r0NM9+MvHj9nwdhPZAmpAAAgAElEQVQ/cC1fih9GNMfX24cda7byLugd3Yf8AMCGBWspX70itdzr8df81ezbtIu2vTsBcMhjH5XrVSOHmalO6SmSuwDHX1zgcZAXBXLa65wPIYQQKUMqgIUQIpVUKF+O2TOnJzrv9Wt/xk2YjIGBAevXrKRs2TIAXL9xkzbtOzFy9Di+qVdX68XJ1+z0mX/4vtt3tGrVgkpVayYZZ25uzq7dexg1YjjZ4lWebd3mSa5cuQgKCkpi6YzL2/slYydMomePbowYPjTJOHNzc+4/eMi16zcoVVL744PzFy7y7NlzLC0tUju5X+Ts2XNUrVKZubNnMn7ilATzjxw7zp27d9m3eztFnGNepFQoXw63qjXZvWcvA/r3i4vNbOXh5q1b5M6di1XLl3Dp8hVWrFydIGbR4qU0qP8NY0fHtACvVaM6b98GsnT5SqZOnoCBgQEARkZGKBUKPLfvpPcP32utIzQsjL37DmTIsuDr64ujgyPt27b5aJy5uTlbPbYl+iJ5q4cnlpYWCVqSZjQentsxNc3Bwvlz4q71pjly0OOHPjx69JjChQvFxWa2/EZGRrLvwEEGDfiZzp1iXo5XcqtI+UrV2H/gIIUL/cit2//y98lT/LloPvXr1QXANm9eOnftzqnTZ6hWtQrwvsLlu67fYmJsnD4ZSgYfHz+qV6uSZBnevMWDbNmysXjhPAwNDQGIiIhgzrwFjPh1GCbGxjrFZBQlSySszDh+4m+CgoLo3LG9zjG+vr68eOHNpAljsTA3p8cPfVI34V8oMDCI8PBwGjdqQO1aiT+XrFu/gRrVqzFqxHAAatWswZMnT1m7bn1c5a4uMRlVaGgo23fuYuzo3/i2c8xL4erVqnLu/AV27tqjVQGcFZ5PQPfrUWZ7/kjMqtVryWmak6WLF8Rdh8zNzenavSeXr1ylciW3LH0f0+V5s0D+/BTIn19ruTdv33Lp8hWmTZ2kNT0rlImk6HLP1yXmyZOnlCxZHCsrS6ysLLG2tuLps2eYm+dm5JhxdP+ua3pm87OFX7yCQaFCnw6M59KdO5y8dpUijo5a0718fSmWPx/mZjkxN8uJZS4zXvj5kStHDmZu3ECb2nWSvS2DQoUIv3glTSuAo4IvojAprFPs5av3efrMhw0rRuGUPy8ApUsUol6zwZw+e5M2zWty78Fzzl64zbQJvahZtRQA1ta56DdkHucv3aFiuaI89/KlWJH8WJibYWFuhqV5Lrxe+JHLLAfT5mykfctaycqDwqQwUcEXyZaKFcCXfW9TKKfjpwM/EBjwFpcyxanaoEai8y+fvki2bNn44dc+6BsY4EoJwkPC2Lt5F98N/B6lnhLfFz4Ur1AaA0MDipcvwdkjp4GYlsPnj5+lXouGyUpToZyOXPa9LRXAQgiRDqQLaCGESAcHDh4iNDSU5s3c4yp/IeYlaflyZXnz9i03b93+yBq+Lls3b6BP7x8Sbcn4ocaNGhAUFMzBw0e0pms0GrZ57qBFM/dM0aoovi0e28iVKxdDBg1Ao9EkGVeyuCuODg5sTaR151YPT1yKFcWpQNr9sP8ckyaMY8yo3yhapEii87MZGNCmdcu4l3EApqamWFtZJXhxltnKQ/u2bZg/5w9qVK8W14IsvhIlXGnbuqXWtIJOTkRFRREa+r6FgEIBjRs1ZKuHZ4J17N23n4iIiAStszICXz8/bPPmAfhoN69NGjXk5OkzcS/jYz338uLc+QsZvuIE4Kcfe3Ng7y6tD32MjGJaC33YpTdkvvxGREQQHR2NaY73LQOMjIwwMjIiLDymS8xr12+gUCio+UEr/8qV3LCxttZqCeXn64eZWU5MjI0JCwv/5DmrVqvp9n0v3KrWwOvFixTO2af5+vmRN29eoqOjExxHgOs3blC+XNm4ChWAKpXdUKlU3L17T+eY+M78cxZnl5JMnzU7hXOUfCtXr+WbenXJkyePzjGFCxdi84Z1tG7ZIu48+BQfX1+q1qxDxy7fERkZmSJp15Wvnx8AefPmITIyMkEL5+joaG7euk3VKto9llSuXImbt26j0Wh0iknMvAWLKFysBMeOn0jBHCWfoaEh/5w8Tod22l2RGxsbExbv+p0Vnk9A9+tRZnv+SEzevHnp3q2r1nWooFNMJUdQcExXoFn5Ppac580Pbdz0P3KamtIoXk9OWaFMJEWXe74uMU5OBbh+/SZ+fq+5d+8+vr5+/103PDExMaFRw8zZO1b4zVsYOCav0isySs0fmzbSoe432FtZa83LlycP/z55SkBgEI9fePP6bSB2lpbsO/sPRobZqF22bBJrTZqBoz3hN28le7kvoQ6+gdLIQafYcqWd2bNlSlzlL4BBNn309JSEh8fcf2/deYpCoaBy+fddJZcvUwRLCzMuXY15dsrvaMO/d5/gHxDIo8fevA54i52tJbsPnMXYyJA6NZO375RGDqiDbyRrmeS65f8Ae1ObZC0TFBBIbsvcaDQaIsJVCeZHqiLRNzBA/78PhwFMcmZHHRWFOirmOpTHIQ83L1wlKjKSf6/cwsY+D1GRkWxatI6Ofb9FoadIVprsTW245f8gWcsIIYRIGVIBLIQQ6eDGrZgfWOXKlEkw7681K7n/741EW8yIj7OytKRyJbcElV5nz53nuZcXzZq6p1PKvsyZf85SqKATP/UfQNHipXEpWZZfR45OMGakKiKCNq1bsnP3Xq15oaGh7Nt/gLZtWic5/lpmUbtWTaZPnaw17dWrV7zw9sbNraLW9KxYHqZNmUSd2tpfp1+8dJmiRYpgZpYzbppKFUG7tq15+OgRV65e04rf6uFJ3Tq1MTXVrduutOTj48e/d+5Szq0qxUuXp2KV6omOAVe3Ti2MjY3x9NSe57FtOxYW5gkqVDIiU1NTcpmZoVarCQsL5/a/d/h9+kzKlC6V4Pqf2fKbPXt2GjdqwIrVa/j3zl0CA4OYPXc+ISEhtPjvvAsPD0epVKKvr90hkZ2dLd4vX8b938fXF7U6mm8auuNaqiwly1Zg0tRpSb4oHzFqDBcvXmLFksXY29mlXiYTERUVxZs3b9iy1QOXkmUpXqocjZu25PqN9+M+vn7tn6Clo3numK5kAwICdI750J27d+nzU38aNWzA0EEDUjRPyXX/wUNOnT7Dd992/qKYT3n37h3dv+9NdhMT/lw4P673g7Ti+18l1q+/jaZYiTK4lCzL971+jDs+QcHBREREYGkR7zia5yY8PJzQ0FCdYuLbus2TOfMWMH7s6CRbHqcVPT09rKwsMTAwICIigjdv3rB67V9cvHSZb7t00orNKs8nul6PssLzxw/fd6dXzx5a0y5euoS+vn7c75esfB9LzvNmLLVazV/rN9KxQ7sE97asUCaSoss9X5eYypXcaNG8KY2btaBHrz5MGDcaPX09Zs+dz/gxo9Izi18k6rkXBtYf/4g5vg2HDhARFcm3jRJ+GFHG2ZkGbm50mzKRoYsXMKhDR/SUeizftZNB7RN2Sa4LA2srop57fdayn0sT/gxlNt0qNg0NDbAwN4up0FRF8tLHn6mz1mNsYkT9ujFjCKtUESgUCvT0tV9z57WxwMf3DQBlSzvT6Bs3uvwwlYG/LWZo/w7o6+mxbNVuhvzcLtl5UGazQROeuuOWe717hbWJ7j1kRKujeRcUzJnDp+jfsje/tO7DpH5jeHrv/XjJFWpVIiw0jD3rdxAWEsbzh0854nmACrUqY2AY8zzVsW9XLp+6yLBOvxAcGETjDs3Y/789FHQpjFOx5LdotzaxwOvdq2QvJ4QQ4stJBbAQQqSSHTt34+TsovUX+9X3mzcxP0KsrBKOGaZUKtHT00OhSN5XlQJUKhXt2rTi1OkzvHr1/gfGFo9tlCheHKcC+T+ydMb19OkzTp0+g7GxCSuWLmZA/354bt/JrNnztOIiIiJo06oFISEhHDh4KG767j37iFKrad7MPVO8YE2usRMm4Vy4EPXq1NaanlXLw4euXb/B/7Z68PNPP2pNj46OpnSpkhTIn58tW9+3uHr27DkXLl6iXZtWGbIsZMtmgImJCaNGDGfenFk4OjgwdPhv3IzXKkGpVOLeuBFbPniRGjuOZMvmzYiOTrqlfEazcvVaXEuVxb15KwKDgli6eGGC639mzO/0qVMwNjKmSbOWlKlQifkLFzNr+u84O8d095c/nyNqtZobHxxbtVrN69f+hIWFx03T09PD2NiIjh3a8eei+TRu2JCVq9aweu26BNucPXc+ntt3Mn/uHxQv7pr6mYwnODgYc/PcODo4MHf2TCZPHMebN2/4oU/fuNZwkZGRGMSrGNDTi/lJFhERqXNMrJcvX9GjZx9cXYoxc9qUdH92WL1mHc7OhXGrWOGLYj4mMjKKH/v9gn+AP6uWL9X6+CWtREWpyZEjB5XcKvLnwvn079eXU6fPMPy30TFp/O846RvEO47KmJaSEREROsV86OSp04wYOYY+vX+gU4fkv6hOTWUrVKacW1UmTJrCr8MGJ6iczirPJ7pej7Li80dgYBDTZ82mY/t2CT5Qyar3sfiSet6MtXfffl77+9OpQ/sE87JimfjQp+75usYMGtCfC/+c4tTxI7Rq0Zyp02bQrm1r8uVLXhe4GYn6bSCKnLp/dOn92o+1+/fxS9v2GMXrLjxWz6bN2DltBlsnTaFhpUos9PTAvUpV7OK1FtaVIqcp6reBn7Xs54qOfINCP3n37zv3nlGj8QBadhrDkeOXmTGhN9aWuQBwsLMmOjqaO/eex8Wr1WoC3gYRrnp/f+nV3Z19Hr+zY+NEGtd3Y94ST5o2roK9XfIq6QEU+jmJjnyT7OWS460qGFOD7DrHh74LIUdOUyzzWNFjWG86/9yNd4HBLJo4N641sENBR779pTu7N2xnULu+TOk/DuMcJnT5uVvcevLms2P47NH8sWURP40bSOi7UE7tP0HL7m2T2vRHmRpk560q+LOWFUII8WWkAlgIIVKJo4MDrVu20PqzzRvTbVHsS46Pdecrkk+liqBB/W8wNc2Bx38tDN69e8eBg4do17Z1ghfnmcW7d++oU7sWc/+YQbWqVejVswffd/+Odes3aHV7qVKpyJMnD9WrVdF6wbbFw5P69eqSy8wsU7xgTY4Fi/7k1OkzzJz+e4Ixs7NqeYjl6+fHj/1+oUnjRol2i6dSqWjbphW79+4j/L/u9bZ4bMPayooa1auhyoBlYf3aVezZuY2WLZrh3rgRa1ctx9w8NyvXrNWKU6lUtGvbmsdPnnDp8mUgpqX8ixfemaYlWazmzdzZumk9M6dPRROtoc9PPydoTZYZ8zth0hT8A/yZOX0qf61ZSVP3JowaM45Hj2NaIFSpXAkba2vGjJvAg4ePeO7lRf+BQ3j2/Dk5sr9/0TWgfz/OnjpBj25dqV+vLjOmTaFWzRqsWKVdJnbv3cf8hYsTrXxKK7lz5+bCP6dYvHAeDb6pR8f27ViyeAF+fq/ZvXvvJ5fXpe72wxhVeDi9fvwJpZ4yXVrBxvc2MBDPHTvp2iXplr26xHzKuImTOPPPWZYvWYSdne1nr+dL1KxRjWuXzvHrsCHUq1ub/v36MnjgLxw5eoxnz55/egXJPNiPnzzhp/4DqV2rRrq38k7Mhr/WsHbVcr7t3Infp8/iyNFjWvOzyvOJrtejrPb8oVar+WXQEIwMjRg2ZGCC+Vn1Pvahjz1vxlq1Zh2NGtRP9APfrFYm4vvUPV/XmA9dvHSZ8xcu0qZ1S7p934syFSrxU/+BhISEpFW2UoQmMhJFvI+6PmbO/zZTrkgRqpUqpVP89QcPuHr/Po0rV2Hwgnk0HjKIMcuXxnWtrQuFvj6aNB5KAU0UKHTfLwD5HfOwfP4Qpk/oTcniTvw6bhkvfWLGDo/t7nn63M08fvoK75f+jJ60mhferzExNkx0fdduPOTK9fu4N6zEgF8XUr/FUH4bv4LQ0ITdJidKoR+Tj1QUGR2FvjLxa05icpiZMn3DXHqP7EeZKuWo1rAmP47uT1BAIBdPxAyx8vLZSzYtWkelulUZMGUY3/bvwRvfALat3JzkejctXod75xZcO3uFEV0HMarHMK6cuaRzuvSVekRGp+6+EkIIkTipABZCiFRSpkwpZkybovVX3DVmTBoLi5iuHP39E3blKD5fZGQkhoaGNHN3Z+u2mBeMu/fuQ6OBZu6NiYzKvC9XSsRrzVa1SmVUKhXPnr9/0Rzx3w/3dm3a8M/Zc3h7v+TJk6dcunyZtm1aARAZlXV+eO3avYc58xYw4/epFCuacMzgrFweQsPC6NnrR2ysrfh98oREYyIiI2ndsgVhYWHsP3CI6Ohotm3fQauWLdDT0yMqMmOWhQ9bDZmYmFDJrSIPH2q/HIyMjKR0qZIULlworjJhi4cnZcuUplDBmDGRMwtrKyvKli1DqxbNmfPHDC5dvsKJv09qxWS2/N6//4DNW7YycfxYWrVoTpXKlZg9cxo2NjbMnb8IiBn7b+H8Ofj5vaZ+I3dq1qmPee5cFHRywtY2r9b64rckq1u7Fq9evdIaY3L7jphxKC9c0P1lVFooWaI4FhbmPHz0CIBs2bKhUmlXdMReu7P919JHlxiI6Ur5zt17+Pj48ux56nZBqIuNmzaTLZsBLZo3/aKYT9m9Zx8ajYaLl6589jpSQvxyGds9/8NHj+KOU/yhGmI/2jLMlk2nmFhHjh4jLCyMf+/czZCVHyVLFKda1SqMHzuKalUrM3fBIq35Wen5RJfrUVZ7/hg7fiLXr99g6Z8LyJ49YUu0rHgf+9CnnjcBLl+5ytVr1+n6badE52e1MvEhXe75usR8SK1WM2rseMaNHsmcuQvIny8fp/8+hjoqisVLlqV1Fr+IwsAAjY7l+8SVy1y6c4efW7dFrY5GrY6O+2D8w3/HUqujmbVpAwPatWfF7l3YW1njMXkqanU0fx04oHMaNVFRKNL6I7LPqDw1NjakuEsBalQtyYxJfVBHR7PF8wQQ00301LE98Q8IpGOPibTqMoZcubKTz9GGPNbmCdalVquZNncTg/u1Y9nqPdjbWbJj4yTUajVrNuq47z6jEju5DJT6REV/2fjg+ZwLYGqWk1deMUOs7F7viWUeK7oO/J4ipYpRpUF1OvTtwvHdR/B5kbCb5gsnzhEWEkbhEkXYtnIzA6YOo8fQXqybvYLQdwmHq0hMVLQaA2Xq7ishhBCJkwpgIYRIB64uxQC4dv16gnldvutB4WIluHot4TzxcbE/itu2acXTp8+4cPESWz08aVC/Xsx4p5m0xbWVtZXWmJjwPq8ftviKnVavbm3MzMzw8NzOFg9PbG3zxo2tllVanV+4eImhv47kt+FDadyoQaIxWbU8qNVq+g8YTFBwMCuWLsbIyCjxQI0GKytLatWswRaPbZw+8w8vX76ibeuWMbPJWPn39w9g1569Wt3/xort/jZW7KFr16YVe/bux8fXl4OHDsdVJGSGcn7875P8ffKU1rSiRZyBmG59P5TZ8nvv/gMASri+/3BFqVRSooQr9+7dj5tWtkxp/j52iP27d3Dm5DGGDRnE02fPKFM6ptWLRqNh9959eL14kWAbCoUC5QcVMW1ateSPmdM4ePgI/9vikVpZ+6h79+5z9NjxROfFthizsrLktf9rrXl+fn4AWFpa6hwDMWMqbtuyEefChRg4eHii505aUavVrFu/iTatW2FibPzZMbr4fcpEOndsz/SZf3D/v7KW1v45e45r128kOk+p1MPUNAeGhoa8fu2vNc/Xzw8TY2NMTEx0iolVtEgRPLdu5s2bt4wZPzHlM/QZXr/2Z/OWrQnGpS5apAgvk3hmyczPJ8m5HmWl548/ly7Hw3MHy5csokB+7W6Ks/J9LJYuz5sAq9asxdWlGOXKlk10flYqE/Hpcs/X9bkg1rIVqyiQLx+1atbg0pUrtGjeFBNjY5q6N+HK1WupmZ0Up5fLDE2Qbl3frjuwn4ioKDqNH0utn/tS6+e+HL18ibvPnlHr577sP/ePVvymI4ewt7ahcvHi3Hj0iIZubhgbGlKvfAVuPn6kcxo1QcHo5TJLVr6+lNIgN5qoIJ1i7z14zp4DZ7WmGRlmw97WCh+/910wl3B1wnPDRDYsH8nOzZP5qWcLvF74UdylQIJ1rt9yBEc7a6q4uXL95iMa1XPD2NiQ+nXKcevfxFulx6eJCkJpkFun2M+Vy9CU4EjdP/zyfurFjfOJnyMKZcx96uWzFzgUzKf1QVMB54L/La99jwsLCWPbis106vcdT+89Jn+RgtjY5cGpWCFyWebmxVPdxo4Ojgwhl6HuXaELIYRIOVIBLIQQ6aBRgwYYGxuxfedubv97J2769Rs3OX/hIqY5ciRo8Sl0V9zVBZdiRZn5xxwuX7lKuzat0ztJX6RalcocPnJMq3XJmbPnyJEjB3a2Cbu/NDAwoGXzpnhs247n9h20adUSpTLr3PIfP3lC7x/70aVzR3p0/+6T8VmtPEyYNJWr166zZsUyzM0TftEeX7s2rTl77jzzFiymYoXy5M+fLw1SmXwajYZfBg7h+Im/46ZFRUVx6fJVChculOgyLZs3Q6VS0X/AYJQKBe6NG6VVcr/YwYOHGTVmvFY3mXf/ewma1DHKLPm1t7cD3r/wjXXv3n0cHOy0phkYGODsXJg8NjbMnjsfS0tLqlWtAsRUqsydt5Bly1dpLXP2/Hkc7O21Pn5o2OAbmjZpTKsWzZkweapu3fCmsHsPHtC7789aFXr3HzzE3z+AwoViynCZ0qW4cOGS1vX81Ol/MDY2wrmw7jEABQrkp0Tx4sz5YybeL18yZdr01M5ikvbu24+Pjw/fdur4RTG6aNSgPiNHDMfezo4Bg4dqDYWQVvbu28+vv43WqrQ6d+48CoWCwoUKolQqKVWyRILKsVOnz1CqVEkAnWJiVataheKuLowbPZLtO3axZ+/+VMqZ7tTRakaMHMPhI9rdPd+9e4/8+RIfzzQzP58k53oUK7M/f+zZu59Zs+cy548ZlC1bJsH8rHwfA92fN1+9esX+A4d06to+s5eJxOhyz0/Oc4G390uWr1zN6JEjgJhzL7aiSoMmw34skBR9B3siff10ih3ZtRvLh/+m9VexmAv58+Rl+fDfqFr8fbfQPgEBbDpymP5tYsZkVX7QOUG0RgPJ+NAz0tcPfQd7neNTgsLIkegIH51inzx9xcTp63jh/f7jOJUqEi9vPxzttMc9NtDXw6mALdaWuViyehcW5ma4lS+qFePjE8DGLUcZ2Dfm/IspYzHzojUxf7qIjvBBYZS641Pb58iDb6j/pwP/4/3Umz8nziP47fvK9ZfPXhIcGIStY8y5Zm5tmaCiN7Yi19JGeyzknWs9KF25LA4FHbXORfjvwxYdd5ZvqD/2OfLonA8hhBApR/pfEEKIVHLx0mX6DxicYPrkieOwtLRg5IhfGTVmHG3ad4pr7XTh4iWioqKYPHF8kuNLCd20a9uacRMm42BvTyW3iumdnC/Su1dPduzaQ/fve9GjW1cePnrM8hWrGNC/X5LlpF2b1qxcvRaFQkGb/1p8ZgVv3ryhe8/e2NjY0OCbely8dFlrfnFXl0RfwmaV8rBy1RrWrd/AyBHD8Hv9Gr/X71+EmJvnxqlAwi/c69SuiaWlBZcuX2bGtClpmdxksbS0oHkzd8ZNnERIaAjWVlas37gJPz8/evXskegy5ubm1Ktbh/0HDtKmVctEu6bMqLp07sjWbZ70+2UQHdu3JTj4HbPnzqdkieJJltHMkt8SxV0pX64sI8eMZfCAX7C2tmL3nn3cuHmL9WvjVZ6cO8+DBw/ZsWsPN27eZPmSReh/MFZez++7MWrMeGxsrCldqiSnzvzD3n0HmDop8a7Px48dxcXLlxk0dDibN6xL03tp3dq1cXCw54c+fenXtw9RUVH8MWcejg4OuDeJqeRo16Y1y1aspPeP/ejRrSvPvbxYsmwFHdu3jbt26RLzocKFCvLb8KGMGT+RurVrUatmjTTLc6xVa9ZRs3o18uVL+kWoLjG6MjIyYu7smbRs055Zs+fy67AhX7zO5Pi2cye2eHgydPhvtGzRjCdPnzF91myaN3OP68K8W9cu9P15AOMmTKZunVqc+Psk585fYPHCeXHr0SXmQ21at+T4338zauw4ypUrQx4bmzTJb2JsrK1p3KgBv0+fSWRUFAXy5+Pvk6c4/vdJlv25MMnlMvPzSXKvR5B5nz8uX7nKkOEjaNa0CRbm5lrPWwYGBpQqWSJL38eS87y5Zt16THPkoKl7Y53WnVnLRFJ0uecn57ng6bNnDPj5p7hraelSJfHcvhPnwoXZs3c/pUvrNjZuRmFU3BXVvQcYFnX+ZGyBRD7sNTUxITDkHUXi3Ttf+PnRo7E7Nv99DFosf372nztHAVs7jl6+hEt+J53TGPnMC6M0/vhcz7QE6pC76GUv9snY6lVKYmdrybAxS/j+20aYmBjxP8/jqKPUtGxaTSv28tV7PH76igNHLnDn/jNmTvoxwbPgc28/enZtjI1NzL5zLZafvYfO4VTAliMnLlO8WOIfMcUXHf4cPdMSOub487haFOL+m6cUyZ3wN15iSrmVxjKPFYvGz6Vxh6ZEqdXsWrcNyzzWlK/pBkDd5t8wb/QsNixYQ9lqFXjr/4ada7dRtLQL9k4OcevSaDRERETSpmcHABwL52fT4nX4vHhF2LtQAv3fYptftw8HvIJ9cLVI/INeIYQQqUsqgIUQIpW8eOHNixfeCaaPHjkCU1NTOnVoh421FX8uXRHTjaBGQ9kypenVs0fcOHLi8zVv2pSp02bSpnXLBOO1ZTb2dnZsWLuK8ZOm0n/gEHLnykXfPr3o06tnkss4OxemVMkSmJiYYG9nl2RcZnPl6rW4ln3tO32bYP6h/bsp6JTwhUdWKQ/bd+0GYPLUhC393Bs3Yt6cWQmm6+np0apFc/7asInGDRumehq/xOSJ45k7bwFz5i3Az2t87vsAACAASURBVO81RYo4s3LZn4ke01jt2rZm/4GDcd1IZhYuxYqyYd1qZs2eS79fBpEje3Zq1KjG8CGDPlppmRnyq1QqWfrnQmb9MYeZs+cQGBiEc+FCrFy2JMHL7lFjxhP8Lhi3ChWYMG50gvEV27dtg0ajYeWqNcxbsAgba2tG/jqMdm0TbzWVPXt25syaQdsOnVm4eAn9+/VNtXzGZ2xsxLpVK5gybQbDRoxCFR6Om1tFxowcEdddv61tXlavWMbkqdPo81N/TE1N6di+rVYFpi4x8XXp3JETJ08xbMRI9u/eoVPvACnlytVrXL12nZXL/vyimORyKVaUoYMH8Pv0WdSqWSNNK1KcnQuzdtVyZsyaQ+8f+2FoZEQz98aM+HVYXEzDBvWZNGEcS5etYMOmzdja5mXShHE0+KZesmLimzxhPI2btWDIsBGsW70iXe9p03+fwoKFi1m6bAX+/v44Ffw/e/cd1tT1xgH8m4QQ9haQ4UABBRUVBRwoouJCHHVbtVrrz2oddXfYaq2jrrp33auO1oF711H31rpRUBQBZYeQ9fuDQo2AggYC4ft5Hp5H7z03531PbnKTnHvOccPihfPQNLhJnseU5M8nBX0/Akru54/9Bw5BJpPhzx278OeOXRr77Oxscf7MSb2+juX386ZUmo7ft2xDl86f5L0kx1tK6jmRl/xc8wvyuaBegD/qBfhn/3/s6JEYMWos6tZriAb1A/DlO77/FEdGdWohZe9+ICRYq49b29MTtT3/+8z0ZftPMGn1SoSNGQ3fKlXwaYu8pyx/m/zBA1j26KzV+N7HwLwOFLHhgG3Ie8saG0uwYOZQLFq+EzPnb4VCoYBXlQpYNm8k7MtoTsE8bc4mpKamo7aPO0YP6wb3SjmvM3VqeaJOrf/a7qsB7TFh6mq0+mQs6taqgj7d89d26rT7MHB8/8j/j1Hb3gv7npxEUwTkq7xYYohhP4/C9pVbsHbOSmRkZMCjuie6DOgJkUHm+3LV2tUw6Mfh2LtpF84f+xumFqbwCaiFsN6faLwnCQQC9BrWN/v/Ds6OaNe7E2aPmQqRgQE+HdYXpub5u4nnQVIkunoW3xkfiIj0mUBd0uZPISIqRNHR0XDK5c5ber/o6MzO7tLafqU9f6D0tkFpzTuLvuev7/m9T2nJv7Tk+S6lpQ1KS57vos9toM+55VdpbwPmX7rz1yZttWXMiHGQ1KyRr1HARU125x5kV6/DYfa0D36MD22ntLvDITKvma9RwMWNMvUfKJOvwsRzToGO+5C2GnNqJmrYeeR7FHBxc/d1BK7H3cP0hgWbrYW/zRER/ScpKen9hfJQMhbcISIiIiIiIiIiIipBzNuFIv3iJV2Hkav0i5dg3i5UJ3WLy7SHMumCTur+WMqkCxCXaV8kdbV1a4JLL28XSV2F4dLL22jrlvfMIEREVLjYAUxERERERERERESkZSaNG0JoagrpheLVCSy9cAlCU1OYNG74/sKFQGwTBIHIFMrE8zqp/0MpE89DIDKF2KZolu0KdPKFqdgEl2JuFUl92nQp5hZMxSYIdPLVdShERKUWO4CJiIiIiIiIiIiICoHVF32Rsu8g5E+jdR0KAED+NBop+w7C6ou+7y9ciCTOAyGP2weV7JlO48gvlewZ5HH7IHEeWKT1fu7dEQciTyM6NbZI6/0Y0amxOBB5Gp97F9/13omISgN2ABMREREREREREREVAkO3irAdNhgpu8KhevVap7GoXr1Gyq5w2A4bDEM33a4rKzRxg6T8cChe7oBa/kqnsbyPWv4Kipc7ICk/HEITtyKtu6KFC4b49MTuiGN4LfvwdSCLymtZEnZHHMMQn56oaOGi63CIiEo1dgATERERERERERERFRLT5sEwb98WiZu36mwksPxpNBI3b4V5+7YwbR6skxjeJrYNgYF9B8hfbCq2I4FVsmeQv9gEA/sOENuG6CSGYNcAhFVsgi339xfrkcDRqbHYcn8/wio2QbBrgK7DISIq9Qx0HQARERERERERERGRPjNv3xZCU1PEz10Is1YhMK5bdGujSi9cQsq+g7AdNrjYdP5mMbTvAIHIFLIncyC2awWRpZ+uQ8qmTDyfOe1z+eE66/zNEuYWDDOxCeZf24AW5RrA18Fbp/G87VLMLRyIPI0hPj3Z+UtEVEywA5iIiIiIiIiIiIiokJk2D4a4UkUkLF+FxLv3YFTHF5IqHoVWn+zOPaRfvAShqSkc583U+bTPeRHbhkBkXBmyZ0ugfH4HIou6EJlW1Vk8ytR/oEy6AIHIFCZVFhT5tM95CXYNQEVLF/x26w/cvfsYvvZe8LTW7XN693UELr28DVOxCWY3Gstpn4mIihF2ABMREREREREREREVAUO3irCf+hPSTpxC8s5wpB09DnHlyhCXc4HYvgwEFuYQGBT8J1u1QgF1UjLkL2Mhj3wK+YMHENnYwOKTDjBp3LAQMtEuoYkbjN2nQ/7qOOSxO6B8dRQCE3cIjVwhNHSAwMACEBTCT9lqBdSKJKgyYqBKj4I67T4gtoHYvjPENkHar+8jVbRwwc/1huJk9CXsfnQMx59dQGWLcnAxd4C9iS3MxaYwEIoKpW6FSolkeSpepsXjaXIMHiRFwkZiiY6VmyPQqehGtBMRUf6wA5iIiIiIiIiIiIioCJk0bgiTxg2R8SgC6RevIP3mLaQdOwFlQiLUcnmBH08gFkNkZQkDVxcYVfOGZY/OxXbE77uIbYIgtgmCKu0RFMkXoUy+AeWrY1DJXwNqhfYrFBhAKLaGwKgcRObVYeDYs9iM+H2XQCdfBDr5IiLpKS6/vI1b8Q/w17OLSJAlQ64qhHYCIBYawEpiDhczR3jbVkZXz1Yc8UtEVIyxA5iIiIiIiIiIiIhIBwzdKsLQrSIsunTUdSjFitDEDYYmboBDF12HUqxVtHBBRQsXfFJZt2sUExFR8SPUdQBERERERERERERERERERKQd7AAmIiIiIiIiIiIiIiIiItIT7AAmIiIiIiIiIiIiIiIiItIT7AAmIiIiIiIiIiIiIiIiItITArVardZ1EERExUV0dLSuQyAiIiIiIiIiIiq1nJycdB0CEVGxkJSU9MHHcgQwEREREREREREREREREZGeMNB1AERExY25ubmuQyiRkpOTAZTe9ivt+QOltw1Ka95Z9D1/fc/vfUpL/qUlz3cpLW1QWvJ8F31uA33OLb9Kexsw/9KdvzaxLfOH7ZR/bKv8y2orIiL6OBwBTERERERERERERERERESkJ9gBTERERERERERERERERESkJ9gBTERERERERERERERERESkJ9gBTERERERERERERERERESkJwx0HQARERERERERERGRvlNLpci4eBnyG7egiHgCVVw81FIpoFJrtyKhAAJjYwjtbGFQsTzE1b1hWKc2BMbG2q2nMCnToE65CHXaDUD2CAJ5HNRqKaBWaa8OgRACgTHUYjtA4gaBSXUIzOoAIhPt1VHIpAoZLsffxs1X9/E4ORrxsgRIFTKotNlOAIQCIYwNJLCVWKGCuROq2bijtq0XjA0kWq2HiIi0hx3ARERERERERERERIVEERmF9PB9kP11GmJPD4hcnWHUqCEE1pYQSIwAoUC7FarUUMvSoX6dCGVMDGSHjyNl4TJIGjWAUWgrGJRz1W59WqSWRUL9ajeQfAIwqgKBxAWwaAyIrAChEQQC7U1oqVarAFU6BMoEQP4C6sTDUMcsAMwbQ2DTFgJJOa3VpW1RKc+xN+okTr24AnfL8nAxdUBDx9qwkpjDSGgIgUC755RarUa6KgMJsmTESONx5Nk5LLm9BQ0da6G1ayBczcpqtT4iIvp47AAmIiIiIiIiIiIiKgRpazch/chRiOv4wuyr/xXNKNx/RwALjI0hdHKEuJYPJNImyLhyHUnjf4JR02CY9O5e+HEUkDp2DZBwCAIzP8DhqxwjcbXcTZ7ZmSwyyfwzdILAtDagbAakXQUiv4XaqjkEZfpoudaPt+F+OI5Gn0edMl4Y6NUFxqLCH4UrEAhgLJLA2ESCsiZ2qGnrCalShuvxdzHh0mIEO/mhp3toocdBRET5xzWAiYiIiIiIiIiIiLRIERmFhNHfQfnsKUy/6AtJfX+dTsEsMDaGpL4/TL/oC+Wzp0gY/R0UkVE6i+dNalkkVI9HAulRgP0AwLy+7qZhFplk1m8/AEiPgurxSKhlkbqJ5S1RKc/xzfk5eJb2Ev2qdIC/fY0i6fzNi7FIAn/7GuhXpQOepb3EN+fnICrluc7iISIiTewAJiIiIiIiIiIiItISxZ17SPpxMsSe7pCENCtWa+8KjI0hCWkGsac7kn6cDMWde7oNSPoPEDkeAmNPwLpl8Vl/V2QCWLfMjCtyfGacOnQv8TEmXVkKd8vyaOYcoNOO37cZiyRo5hwAd8vymHRlKe4lPtZ1SEREBHYAExEREREREREREWmFIjIKSb/MhlFwY4hr+eg6nDyJa/nAKLgxkn6ZrbORwGpZJNRPpwGWTQHT2jqJ4b1MawOWTaF+Ok1nI4GjUp5j5vXVCCpbFzVtPXUSQ37UtPVEUNm6mHl9NUcCExEVA+wAJiIiIiIiIiIiItKClPlLIGkQAAOvKroO5b0MvKpA0iAAKfOX6KR+9fO5gEUDwMRLJ/Xnm4kXYNEgM14dWHT7dwTY+6CKVUWd1F8QVawqIsDeB4tu/67rUIiISj12ABMRERERERERERF9pLS1myCysSrWI3/fJq7lA5GNFdLWbirSetWxayAQWRffkb9vM60Ngcga6tg1RVrthvvhsJZYFOuRv2+raesJa4kFNtwP13UoRESlGjuAiYiIiIiIiIiIiD6CIjIK6UeOwjCwga5DKTDDwAZIP3K0yKaCVssigYRDgEWjIqlPaywaAQmHimwq6KiU5zgafR4NHGsVSX3a1MCxFo5Gn+dU0EREOsQOYCIiLdt/4BB8fP3x7fc/5th3+szf8PH1x/CRozW279i5G207dEJAwyB8PuBLPHoUketjHz12HH36DUBgk2aoH9gE/f83CH+fPVcoeeja02fPMH/hYoR17PzesrPnzIOPrz/+Onkqe9um37fCx9cfXw0bkedxl69chY+vP5q3CtVKzLqyafMWtAnriDoBDRHa7hNs3rJN1yF9tGvXb+DHiZMw5pvvc+yTyWSYMm0Ggpq1RN16gejR6zNcvHRZo0zj4BD4+Prj1u1/8qzji4GD4ePrjz927NR6/EUhP+1Q0oTv2QcfX/8cfwsWZU5J9+DhQ/j4+qNRk+bIyMjI9THS09NRP7AJfHz9ERn1tCjD/ygnT5+Bj68/Zv06L3ubPub7IiYm1+e4T78B2WX08fW7O3wvOnfrCf8GjdE6rAPmL1wM2RvPqT5es16/fo0ff/oZLVqHoX5gE3z2+QBcvnJVo4w+PtfAu69hI8eMg4+vP9as25Dn8ctW/JbnZ8niRCaTYcGiJWgd1gH+DRqjU9ce2B2+V6OMPuULAGq1Gjt27kbvvv1Rv1EwdoXv0divT+f09Rs30f9/g1C/UTCahrTGN9/9gJcvYzXKRDx+jIGDhyKgYRCaNG+JufMXQqlUZu8v6dcxhUKBw0eOYdCQ4Vi34d0jI+Pi4lC/UTC6f9pHY7s+nRNZDh85hh69PkO9wCC0DG2H2XPmQSqVapQ5e+48en32OeoFBqFF6zDMmPUr0tIyy0RGPc31s0DW369z5wMA7j94iO6f9kFAwyAMHvo1EhISijzXgkoP3wdxHV8IjI3zVf7UtWsYNHsm2o4dg08nTcSyXTuRniHLUe55fBxW7dmDvlOn5NgX8fx59mN8u3wpklJSPyh2gbExxHV8kR6+74OOLyj1q92AmR8gMnlv2YTEFPwyZzM69/kJrTp9gyGjF+D6zUcaZdKkMsxf+ic69/kJLT8Zh8Ej5+Hq9QcaZZat3oO2XcejU++fsP/IhQ8LXGQCmPllxl8E9kadRJ0yXjAWSfJVftOCtRjecWCOv3vX72SXufb3FcwaMxVjewzDTwO/x661fyAj/b/z7nlkNGaNmYoxPYZh2c8LkJqU8kGxG4skqFPGC3ujTn7Q8URE9PEMdB0AEVFpd/7CRfz4088o6+iIpsFBOHToCL4aPgLhO7ZDKPzvPp2Vq9dg7vxFMDY2hl/dOpDL5Th/4SIGDh6KGdMmI6R5Mx1moT137t7F7Dnzcf7CRQgEAkgk7/6i8+DhQ6zfuDnP/afP/I24uDjY2dnl2LdzV9F8aStMe/btx7QZs9CrZ3f4+/vhzJmzmPrLDFhbWaJFSHNdh1dgBw4ewpLlv+HRowgIhUI0qF8vR5lp02dh7/4DGD5kMMqWLYvNW7Zi0JDh+HPrZjg7O2mU3bkrHN5eVXM8xvPnL3Dh4qVCy6MoFKQdSoqXsbGwsDDH18OGaGyv4qk53VliUhKO/3USIc2a5niMQ4ePIjUtrVDj1DaZTIZpv8zMc78+5RsbGwcAGPrVIFhbW2Vvt7O1zVFWX16/O3aFY8JPP6Nvn97wq+uLx08iMX/BIqSlSTF2tGaHr75csxQKBQZ8+RXS09MxZPCXsLAwx9r1GzFw0BBs3rgObhUraJTXl+c6P9ewLDt27UafXj1zbFer1di1e28uRxQ/k6ZMw4m/TmLwlwNRvpwr/j57Dt//OBGmpiYIbhKkUVYf8gWAHyZMQvjefQht3Qod27dDgJ9fruVK+jn98OEj9P/fIDSoF4Bfpv6M1JRULF66HEO/HomN61ZDKBQiOTkZ/QcMQpkydvhpwnhERkZh0ZJlAIBhQwZrPF5JvI4tXLwM2/74AwkJiVCpVPD3q/vO8jNmz0Fqat4dbyX9nMhy4OAhjPnme3Tv1gWDBg7Ao4gILFi0FK9ev8bPEzNv4rh3/wG+GjYCDRvUw/+++BxRUU8xb+EivE5IxJRJE+DgYI/Vvy3L8dgvXsRg3HfjUS/AHwDw85Rf0CKkObp364KJk6Zg6fKV2dfNNes2oF3bNrCyssrxOLqilkoh++s0zL76X77KH79yBT+vXY0OgY3wWas2iIx5gVV79yAhJQVjemS+Xz54+gzLdu/Alfv3IRQIYGggzvE4c7duQVDNWmgf2Bizf9+EdYcOYHCHjgCArceOoUVdP1iYmeYrJsNaNZCyYClM+/bKdyf2B1GmAcknAIev3l9UqcKIb5cgXZaBL/q0hrmZCX7/8zhGjV+K5fNGoLyrAwBg5rwtOHvhH/yvbygc7K2xfddJjP5hGVbMG4ny5Rxw6ep9HDlxBWuWjEb8q2QMGTMfAXWqwsrSDI+fvMC9h08RElwnf/Gb1ARiFgD2ffPVgf2hpAoZTr24goFeXfJ9TFJCIip4uiGgqeYodEeXsgCAK6cvYs2sFWjUpgladwtDzNPn2LNpF1ISk9FjSOYNLFuXbESt+r5o1LoJNi9ej4Pb9qJDv8wYju08BL8m9WBqYZaveGrYemLJ7S3o7d4Oxgb568QmIiLt4QhgIiIdO/FX5t2QkydNwOSfJqBnj2549iwaz6Kjs8uoVCqsWLkGAoEAmzeswbxfZ2LxgrlYtngBAGDO/IU6ib0w3P7nDiwtLbFo/hz079f3veUnT52O6tW8c90nkUggkUiwe0/Ou5ilUikOHj4CWxubj45Zl37fsg316wVg1IjhCGxQH2NHj0DDBvWx6fetug7tg5y/eAkBfn7YunkDateqmWN/aloadu/Zi/990Q/du3VBUONAzP11JowkEux4q3PE2toa+w4cyHXEyc7d4bC0tNS4yaIkKUg7lCSxsXFwdXFBx/btNP68qlbRKGdtbY2du3JfT2rHrt0l7nW9/LdVMDAwgJWlZa779Snf2NjM0WM9unXReI4bBTbUKKdPr98t27ajWdMmGDZkEOoF+KN7187o3Kkj9u4/oFFOn65Zf508hXv3H2D2zOkIbdMKjQIbYs6s6YBAgP0HDmqU1afn+n3XsCzW1tZ49CgCN2/dyrHv0uUriHr6tNg/12lpUuzZux+DvxyIbl06oV6AP0YMHwpvb68c57Y+5AsABw8fwa7wPZgzazomTfwB7du1hb19mRzl9OGc3hW+B+ZmZpg5fSoCG9RHyxbNMWrkcPxz5y4iIh4DyLy5JTk5GQvm/YqQZk3Rv99n+LzvZ9i8ZSuSkpI1Hq8kXsfOnT+PXj2749C+93+uOnf+Ao4eO5Hj80oWfTgnsqxYuRpNg5tg3OiRaNigPnp/2hO9enbHvv0HIZfLAWR26hsaGmL61Mlo2KA+unfrgr59euHQ4SNQKpWQGBqiVk2fHH937t5FxQoVEOCfeWNFZFQkGjVsAImhIRo2qIeIx5nn3tlz57Fn7z5YWFjorB1yk3HxMsSeHvnuON14+CAa1vDB4I6fwK9qVXQKaoJOjZvgyOVLUPw7kv5eVCQsTEwx9YuB6N4s95t7n8XFIsC7GgzFBvDz8kJUTAwA4PK9ezh86QLMTPLfQSkwNobY0wMZFwt3ViF1ykXAqEq+Ok9Pn7uJhxHR+Pn7fggJroN6fl6YPL4fAODoiSsAAIVCieOnrqNnl6Zo16Y+AupWxc/j+0IkEuLE6esAgKfPYlHFvRxsrC3gXskZtjaWeBYdB7VajVkLtsHQMGfnep5EJoBRlcw8CtHl+Ntwtyyf79G/AJD4KhFuVSsjoFkDjT8Lm8zvGYe274dPQC10/Lwrqtb2RlBYMwSFNsWlv85Dqcg872Kfx8C7Tg0YGIpRtXY1xDx9AQC4d/0OLv51Hib5vKEAyBwF7G5ZHpfjbxcgcyIi0paS8QmTiKgUSE1NhUqlwp279yCRSGBr899oKIVCgdTUVBgaGsLZ6b+Rfb61a6FPr55o1LABFAqFLsLWuo7t22HGtMmoXy8AQqHgnWV37g7H/QcPc4wyyCIQCBDSrGmuPzgdPHwEGRlyBAcH5XJkyaBSqfDPnbvZP5Jk8atbB7f/uQO1Wq2jyD7c+G/HYezoEfBwr5zr/vv370Mul8P/jRE3EkND1KhRHTdvaX6pDGnWFMnJKTh2/ITGdrVajV3he9CmVQuoVCrtJ1EECtIOJUlcXBwcHDLv4s+aJjA3LZo3xZm/z2aPJs3y7Fk0Ll2+UqJGvz9+8gRr1m3AuLGjIBKJci2jT/nGxsXBwsIcxsbGSE9Pz/M1qE+v34VzZ+OnH3/Q2GZkZIT09HSN92l9umaJxWK0DwuFe+VK2dvMzMxQxs4Oycma0wjq03P9vmtYFm+vqnBxdsaOXJ7rnbvC4enpgQoVyhdWmFphZCTBof3h+KRDO43txkZGkErTNbbpQ75A5k13Ic2aonGjwHeek/pwTn/xeV/8sW2zxnXJ2MgIACBNz7w+37x1C56eHhozOLRt0wppaVLc+kdzuuOSeB1bu2oF+n3WJ9cZGd4kl8sxedp09P60B1xdXXMtow/nRBYvr6poH6a5FEHFChWgUCiyX/syWTokEkMYGhpml7G0tIRcLs/zO2t6ejr+2LETXbt00njcv06dRkZGBs6ePY8KFcojIyMDU36ZgW/HjSl2nebyG7cgcnXOd3kPl3Jo6eevsc3VwQFKpRLpsszpeFvXq4fv+3yGOlWrQCjIPV9Xe3ucvXUTcoUCl+7ehau9PeQKBeZv34ZhnTq/9zv120SuzpDfyHnDjjap025AIHHJV1lDsRitQ/zgVsExe5upiRHsbCyQkpr5fpQhV0ClUsHU1Ci7jMRQDCOJBOmyzBsvyrva4879SLx6nYSIxy8Q/yoRTmVtse/wBRgZGSKooU+BchBIXKBOu1GgYwrq5qv7cDF1KNAxya8TYWVrDaihMa1zFle3cvBvWl9jm4OzI5RKJWT/lrd3ccSti9ehlCtw99o/sHd2gFKuwPblm9B5QHcICnhOuZg64Oar+wU6hoiItKN4fVoiIiqF2oa2hkAgwJz5C/HlV8Pw99lzGD1iOExM/rtz2NDQEH5160Amk+HrkWPw8OF/692MGD4U48aMgoFB6ZrVPykpGb/OXYAhgwdqTCP6poyMDHRoH4aIx49x/cZNjX07d4WjcaNAmJvlb+qi4ig5JQUZGRk5Rk1YW1tBJpMhTZp3B1pJFR//CgBga6uZs421NV6/fq2xzc7OBn516+T4wfnipct49iwarVu1KNxgC1FB2qEkeRkbh3v37qNx0xaoFxiE4OatcqwnCQCNGwXC2NgYu/dorr24c3c4bKytEeD/7mkai5Mp02YgqFEg6vnnPo0ooF/5xsbGQalUof0nXeHfoDHqBTbBzNlzcvzwrU+vX2tra5iYGGffzHX6zN/Y/PtW9OjWBQLBfz+g6dM1K7BhA0z8cbzGtpiYl4h+/hx169TW2K5Pz3V+ZWRkoF1YKPbtP6ixFnRamhSHjhxFh7C2ea6XWlwIhULY2dpCLBYjIyMDCQkJ2Lj5d1y+chXd3ujAAfQjX7lcjqvXrsPc3BzdP+2D2n71EdSsZa7LkOjDOW1mZgZLCwuoVCqkp6fj7t17mD13PmpUrwZvLy8AmcsXvNnBBwBly2Z20Lx4/kJjuz5dx962as1aZGRk4IvP8565SB/OiSwTf/g+x6wdV65ehYd7ZVhYmAMA2rRqiZSUVCxZtgLJycn4585drFu/Ca1btcxzeZ+du8OhVCgR1rZN9rbvxo3B4SNHEdSsJV69fo2BX3yO31atQa2aPqjpU6PwkvxAiognEDnkv7NuVPfuCPDWnMnqRsRDuDk5FWjU7rBPuuCv69fRafz3SEhJQa+Qlth0+DC8K1SEV4WK+X6cLCIHByginhT4uAKRPQLEju8vByCgblWMHd5NY1tsXAJevHwNn+qZN5qZGEsQFOiDLX+ewMNH0UhOScNv6/YjTZqO5kG+AICaNSojJLgO+g2ehbETlmP4oE8gEgmxct1+DB/UseA5iB0z8yhEj5Oj4WCcc5mUvKiUKqQkpeDc0TMY1W0IxvQYhukjfkbUg/+ez+5f9YaXb3WNp6ONUAAAIABJREFU4x7deQCnCi4wMcs87zoP6I5rf1/B931HIyUxGS06t8GhP/ajgmclVPB0K3AeDsa2eJwc/f6CRESkdewAJiIqJHv27YePr7/G36Ahw3OUq+LpieAmQXj48BHOX7iIGdOmoHOnnF9Afp74Izw9PXDy9Bl07NId3Xr2xqbNWzR+SCtN5s5fAEcHe3T+JO8vayqVCtWreaN8+XLYsfO/6duinj7F5StX0aFd8f/B8V2ypll7u/Nf9O/d8PISnFte5PLMUQNv5ywUCZHxb3tkkcky0L5dW5w9dx4xMS+zt/+5cze8vaqiQvniP9ooLwVph5JELDaAiYkxRo8YjulTf4aLizPGT/gJt/+5o1FOIBSiZUhzjR9Ss0bRhLZpBZWqZIx+37f/IG7cvIlRI3JeG96kL/kCmZ1GxkZG6PRJB/w6azpCmjXFug2bsOGtThR9fP0OHzkG9RsFY9CQ4ahVywdDBn+psV/fr1lTp8+Ae+VKCGrcSGO7Pj7X75ORkYF2bUORlpaGI0ePZW8/cPAQlEolWrduWaLeyxsFh6Bx0xb4ZcZsjBg2BIENNdcd1Id8o6OfQ6FQYMeu3WjcKBCLF85Dk8aNMGPWr/jr5CmNsvp0Tq/bsAn+DRqjS49eSE5KwtzZM7NvXHF1ccW9+/chk/03wizmZWa+6emao8D16Tr2pqfPnmHFyjUYO2okjIyM8iynT+fE227euoU/d+7GgP6fZ2/z9PTAhB++w+Kly9EwqBm69ewNc3Mz/Pj9N7k+hlqtxqbNWxHWtg1M3+j4rFTJDevXrMSZv45iwdzZSEpKxvY/d+Lroe9fN1YXVHHxEFjnvpxHftx58gT7z53DpyEFuyGgfFlHLBj+NXZOnYbJXwxAsjQNe8+ewYC2YR8Uh8DaEqq4+A86Nt91yOMA0Yev3zxn8R+oWN4RDQOqZW8b93V3GEkM0e+rmQjt8j3WbjqIb0f2QMU3Rg5/3qsldmyciC2rx6Nl07pY/NtutAnxg3PZd4/0z5XIKjOPQhQvS4CVxDzf5aWpaTCzMIOtgx16j+iHrl9+itSkFCyfuijX0cAAEHn/Mc4dOYOQTq2ztzm6OuHrX8Zi6vpfMeC7wUhLTcPfh04hrPcHdJQDsJKYI16W8EHHEhHRx2EHMBFRISlb1hEtQppr/NXxrZ2j3MrVa3D02HGIxWKoVCq8+HfNnsNHjmHkmHF4+TJzvUQHB3tsXr8Gv0z5GfXrBeDuvfuYNmMWOnbqhidPIos0N127cfMW/tixC999M/a9U3/JMjLQPqwt9h88lP0D1c5d4bCzs0OD+vWQkVG8f3D8KIKCTc1U0gmgma8sIwNNg5vAzMwUu8IzR5ykpqbiyNFj6NAuTG+f+7fboSRZsXQRtmxaj9A2rdAipDmWLJwPa2urHCOsMmQydGgfhidPInH12jUAmevvPX/+Au3bhUEuL/6dZKmpqZg5ew7+90V/ODjYv7OsPuSbZdDAATh8YA8+7dENwUGNMWniDwhsUB/rNm7SKKePr99RI4bht2WL8fWwITh3/gLmLViUo4y+XrOWrViJv8+ex6SJP+a4buvjc/0+MpkMDg72qBfgrzHl945d4WgS1BiWFhYl6iau35YuwpJF89GtSyfMnjsfJ/46qbFfH/JNSU0FAAwfOhgDB/RHPX8//Dj+W1Sv5o216zdqlNWnc7pNqxZYs3I5fp74I1QqNb4eNSZ7xobQ1pmjPCdPnY7Y2DjcvHULw74eDQAwMdUcvahP17E3TftlJvzq+KJJUKN3ltOnc+JNcXFxGDF6HFo0b4bmzYKztz96FIEp02YgLLQNli9ZiAnjv8PzFzGYPWdero9z+szfiHj8WGP659xMmTYdAwf0x9HjJ9C8VShah3XA0WPHtZrTx1BLpRBI8r4R4F1eJyVh4uqVCKpZE4188l5DPj/mbduK3i1a4tSN6+g28Uf0+vknnLp+Pd/HCyRGUBfyTFJqtRRq4Ye11dpNh3Dx8j18O6KHxmeK+Uv/REJCCr4Z2R2zp3yJpo1rY9b8bYh6Gpvr49y49QjXbjxEqxA/jB6/DG27fo8fp6xFmjT3jtIcOQiNoFYXbjtJFTIYCQ3fX/BfphZmmLRqBvqN+R9q+NdCveYN0X/cl0h6nYgrpy7lKJ/8OgkrZyxFzQa+qFk/529VWbYt24yWXUNx4/w1TPhiHCZ9+T2un7uS77iMhIaQKvLXrkREpF3sACYiKiS1a9bE9Kk/a/z1+6y3Rplz5y9g7vxF8PBwx47tv6OsoyNmz5mHs+fO4/SZv3H4yDGYvvEDilAoRMsWzbF4wVwc2rcboW1a4emzZ/j+x4lFnZ7OqFQqTJoyDWFt28CrahUolUqolKp/96lzTCMql8sR1rYN0tPTcfjIUahUKuwO34uw0NYQCoUleu1kQ3Hml0FZhuaXqazRoVn79YmhoRgAkCHT/KFQLpdn78uikMshMTRE65YtsGt35g/O+w8eglqtRquWISX7uS9AO5Q0b06Ja2JijDq+vnj8+LFGGblcgerVvFGpklv2aKKdu8LhU6M63CpWgLwEPLfzFy7OnEq0a2colUoolUoAgBrq7H9n0Yd83yR46+aURo0aIibmJaRv/Nioj6/fCuXLo45vbXzW+1N88Xk/rF2/EUlJyRpl9PGatW//QSxeuhyTJv4ATw/3HPv18bl+n6zrdId2YTh/4SKev3iByMgoXL12DR3atQWAEpW3t7cX6vn74Zuxo1EvwB9Llq3Q2K9P+XpVrarx/wB/Pzx6FKGxTZ/OaTs7O9T0qYG2oa0xbcokXL12HadOnwGQOcrzm7GjsP/gITRr2QZ9+w9E29DMEWRlHTWndtW36xiQebPuuQsXMWrk8OzreNa67m/+G9CvcyKLVCrFV8NGoIxdGUz44TuNfYuWLoOzsxN+mjAefnXroEP7MHw3bgw2b9mGx09yTi28fuNmBPj7oWKFCnnWt2//QaSkpqKOby38Onc+VixZhCmTJmL8hEk5rqUlTXqGDN+uWAZbSyuM7Nrjox7r2OXLSJXJUKNSZSwP34WZXw7GN5/2wozNG5GSlqaliHXnyInLWLV+P74Z2R2V3Jyytz9+8gLh+8/i668+QcumdeFb0x3jx/SEna0FVm04kONxlEoVZi/cjqEDO2LVugNwdrLD1tU/QKlUYsOWI0WZUqFzrVwe5pbmiInWnJo/I12GZZMXwNLaEt0H9crz+MsnLyI9TYpK3u7YtXY7Bk38Gr2G98Om+WuRllLyzykiIn3HDmAiIh068/dZAECXTp/AxdkZv86aDrFYjDHjvsPR4yfg6uICU1NTnDt/AV8NG6ExCs7Ozg6TJvwAExNjXL9xM8dUa/rq9Jm/cffuPezYuRu1/eqjtl99dOzSHQAwbMQotA7roHmAWg07W1s0bFAfO3aF49z5C3gRE4P2YZk/OKpRMqecAwAzM1NIDA2z14PNEhsXB2NjY411pPWFrW3mGkjxrzRzjouLz7EWctYPb+3bhSEyKnMK1Z27wtEsuAnMzMw0fpgraQrSDiXFq1evsf/AoVzfy94eMZj13HUIa4uDBw8jNjYOR44dR/t/OxJQzJ/b1NRU/L51OyIeP4Zf/UbZ72Xxr15h3fqNqO1XH9HRz7PLl/R8s6jVahw4eEgjtywCgUDjedan1++OXeG4d/+BxjYP98pQKpWIi39rikU9u2ZdvnIVP0ychBHDhyKkWdNcy+jTc51fWc9jUONAWFhYYHf4HuzYtRtlHR3h75e5FmpxTzv+1Sv8sWNnjnXnPdwrZ89mk0Uf8i1jlzk96IsXb+WmVkMsFufYBpTsc/rU6TPZ31OyeLhXBgCN57dLp09w7NA+bNm4DkcP7kXlSm4wMDBA1SqeGsfqy3XsTStXr8mc3rxjl+zr+MFDh3H7nzuo7Vc/e6QvoB/nxJtUKhXGfPM9UlJSsWDurBzr+j58+AhVq3hq3PBVrZpX9r43PYp4jLPnzqN71y551peSkoLZc+fh+2/H4tbtf1C9WjWUL18ONX1qwL6MHR48fKjF7D6cwNgYalnBvpOrVGpMXrsWqWlSTO7/BQzFBu8/KA9p0nQs3b0Twzt1wd2oSFQtXx4u9vbwqlARdhaWiHie8/NXbtSydAiMC/d7pEBgDIGqYG11/eYjTPt1Mwb1D0NQQx+NfRFPMjs3q1R2faMOAap4uCLiSc68f//jOFycyiCgblXc+CcCIcG+MDI2RNPGtfDPnfytfyxQpUMgKNx2MjaQIF2V/xkSnkdG4/alG7nue/P1qFapsWb2CkjTpPji28EwyOMG4vS0dOxauw1dBvZA1IMnKO9REfZODqjg6QZLWys8j8zfur7pqgwYG+S+/jcRERUudgATEemQpaUFAOD5v1/GqlbxxI/jv0ViUhISEhLwac/Mjk1ra2ucPHUaa9at1/ihLfr5c6SnyyAxNMzx45O+8qlRAxvXrdb4mzV9GgBg9MivMX/O7FyP69AuDBcuXsKSZb/Bt3YtlCvnmmu5kkQoFKJaNW+cPvO3xvaz586jmreXjqIqXJ4e7pBIJBo5S6VSXLt+A9WrV8v1mKpVPOHp6YH5Cxfj2vUb6ND+w9bDKk4+pB2KOzXUGPvt9zh56kz2NoVCgWvXr6NSJbdcjwlt0wqyjAyM+eY7CIVCtAhpXlThfhQjIyOsX7Myx3uZlaUl2rRuhY3rVqNMmZxrkZXUfLMIBAIsXroCa9at19h+4eJlODs55fgBGdCP1+9vq1Zj9VrNnO8/eAihUAhnZ6dcj9GHa9aTJ5EYPmI0unb+BL3+/TzzLvrwXBeUWCxGaOuW2LlrD3bv2Yuwtm3eu7RFcaFSqjBx0hQcP6E53fP9Bw9RzrVcrseU5Hzt7cugYoUK2HfgoMb28xcuwr1ypVyPKcnn9NFjJzBpyjSNGSnuP8i8kaWcq+b7kampKTw9PWBoaIgly1YguEkQzM1zX7OypF/H3jRpwg85ruP1AvzhVrECNq5bjcaNAnMcU5LPiTf9MmMWbty8hUUL5sLa2jrHficnpxwdvQ/+/f/b170NGzehbFlHNArUXDv8TfMXLkbTJkGo4pnZqazRkaVGjhmgdEVoZwv168QCHbNox3b8E/kE0wZ+CUszs4+qf+W+cDSsXh2VXZwz20ijndT5volM/ToRQjvbj4rlvXWI7QBl/teEjXoai+8mrUL7Ng3RuUPjHPsdHTLPw4hIzVGujx6/QFlHzZtjX758jS1/nsCQAe0AZH4+zWopNdRQ5fdmO2VCZh6FyFZihQRZ/ke4v4iKxoppi5Gc+N8xMU9fIDkxGWVd/3vt/fHbFkTef4yB44fCzDLvNYb3bNiJ6n614FzRFRAINJYaUqvV+b55J0GWDFvJh6/5TEREH+7Dby0jIqKPFtq6NVatWYfVa9cjJSUFdnZ2OHzkWPb+i5cuoVuXTvBwr4yunTvh963bENq+E+r41oJQKMK58xegUqnQtUtniEQiHWZSdCwszOHtpTn9XtZI13KuLnn+CNcosAFsbWxw9do1TJr4Q6HHWVR6dOuKkWPGYdr0mWjcKBCnTp/BxUuX8evMX3QdWqEwMjJCx/ZhWLlqDSwszOHq6oqNm34HgOwRcrnp0C4M06bPhLOzU65rcZc0H9oOxZmtjQ3atGqJadNnIk2ahjJ2dtiybTvi4uLxWe9Pcz3G2toaQY0DcfjIMbRrGwpTE5NcyxU3IpEox/tY1nZbG5tc9wElN9839e7VAz9P+QVlypRB9WreOHvuAg4dPoIfv/82z2NK+uv30x7dMG36LJR1dIC/X108fBSB5b+tQs8e3SAxzH2q/pJ+zUpISMDgoV/D3r4MgpsE4crVaxr7vapWybXDv6Q/1x+iQ/swrN+4GQKBoES9f5cpY4eQZk3x69z5UCgUKFfOFWf+PotTp89g3q8z8zyupOYLAEMGD8SI0eMwYdJkNA4MxLHjJ3Dj5i2s/m1pnseU1HO6a+dPsHN3OEaP+w6dOrZHSkoKFi5eBm9vL/jVrZNdLiMjA6fPnMXjJ0/w+9ZtgBrZN2bmRh+uY1lyuznNwsICiYmJeV7HgZJ7TmRZt2ETNm/ZhlFfD0N8fDzi35jJwtraChXKl8enPbph4OChmDRlGpo3DUZsbBwWLFoCf7+68PTwyC6fmJSE8L37MXBA/zxvBlGr1ZBlZGDU18MAAN5Vq2LqLzPw5EkkkpKT8TI2Fu7/jk7XNYOK5aGMiYHQyfH9hQFsP3EcO06exMB27fEqKQmvkpKy91mZmcHF3j7/lavVyMhQYGC79gAADxdXzN++DU9fvkSKVIr4pCRUcCybr4dSxsTAoGL5/Nf9ISRugPwFYJj7jXBvSkxMxdgfl8HO1gKB9arhxi3Nmws83F1RxaMcani7Yeb8rejfuxVsbSxx9K8ruHs/CnOmfqlR/unzOHzWMwT29pmdxl6e5XDg6CVUrOCEYyevwcszn7nLX2TmUYgqmDshRhqPsib562iuVqcG7BzKYMWUhQjp3AZKpQJ7N+6CrUMZ1GqY+d59fPcRnNx3DO0/64SkhEQkJfx304KZpTnsnRwy/6MG5PIMtP+sMwDAtVI5bF++CS+jY5CemoakV4koW945X3HFSONRwfz9zzUREWkfO4CJiHTI3r4MNqxZhbkLFuLQ4aNIk0pRztUFI78eivPnL+LQ4aNYtmIlBvTvh2/HjYZPjWrYsu1PnL9wEUKhCOXLuaJr504Ia9tG16kUeyKRCG1DW2PL1u15TkNZEjVr2gTjvx2HVWvWYev2P1HW0RHjvx2H4CZBug6t0IwYPhQCgRDLVqxCSkoKPDzcsWj+HDg45P0jSZtWLfHrnHloHxaaY/3RkupD2qG4G//dOCxeuhyLlyxHXHw83CtXwsJ5v75zTbgO7cJw+Mix/6aR1HMlPd+O7dtBrVZj/YZNWLr8N5QpY4eRXw975yiokv767dq5EwzFhtiwaTPWb9wMe/sy+LxvH/Tp1TPPY0r6Nev6jZuIevoUANC3//9y7N+x/fdcX9cl/bn+EJUrVUI1b2+YmBjDySl/P84XFz9NGI9lK1Zi1dp1ePXqNSpWKI9fZ/6S68jHLCU536bBTTB18k9YsmwFdofvRTlXF0yfNhk1fXzyPKakntOenh5YsXQRFixaglFjv4WpqQka1K+H4UMGa3TUvX6dgNHjvoWjgwOaNgnC530/g41NzhGhbyrp17GPVVLPiSx79+0HAMz8dW6OfS1CmmP61J9RL8Af8+fMwtLlK7F3335YWlgiqHEgvho0UCPn7X/8CbVK9c7PAAKBABPG/7fGcPny5TBk8Jfo2/9/MBAbYOIP38PSwkKLGX44cXVvyA4fh7hW3u8Jbzpy6SIAYMnOHTn2NalVG9/17pP/ygUCjOjWLfu/Lvb26Nc6FF8vmAcDkQgju3WDhalpvh5KGfUMkmaF+11SYFId6sTDEJi+/yaI23ef4NnzzBsNhoxZkGP/uqXjUM7VHpN/6IsVa/dh+Zq9SE5JQ8XyZTH9py9Qs4bmDQK1fdxR28c9+/8D+4Zi8syNaN9jPHxreqBnl/x97lLLnkJg2SxfZT9UNRt3HHl2DjVtPd9fGIBYYogvfxiKnWv/wKYFa5GRkYHK3h7o2K8LRAaZAwYunTwPANixeluO42s3rIPeI/pn/kcAdHtjbWB7Jwe06dke87+fBZGBCF0H9YKJWf5u4nmaGoOmzv75KktERNolUJe0xUaIiApRdHR0nlOW0bslJ2dOM1Ra26+05w+U3jYorXln0ff89T2/9ykt+ZeWPN+ltLRBacnzXfS5DfQ5t/wq7W3A/Et3/tpU0LZUS6V41XcgzL76X6GvoVtY1FIpUhYshc2qJfnO4YPOOWUaVA8/g8DhK0BUAmcCUKZBHbMAwkqrCxR/QdtKqpBhwMkJGOjVBcaikrmGrlQpw5LbW7AscEKB1gFOTk6GkxNHDRMRAUDSG7OEFFTJWHCHiIiIiIiIiIiIqBgSGBtD0qgBMq5c13UoHyzjynVIGjUo/A5skQlg3hhIu1q49RSWtKuZ8Rdy57WxgQQNHWvhevzdQq2nMF2Pv4uGjrUK1PlLRETaww5gIiIiIiIiIiIioo9gFNoK8ouXoJZKdR1KgamlUsgvXoJRaKsiqU9g0xZIOQ8o04qkPq1RpgEp5zPjLwKtXQNxMfY2pEpZkdSnTVKlDBdjb6O1a95LQxARUeFiBzARERERERERERHRRzAo5wqjpsHIOHla16EUWMbJ0zBqGgyDcq5FUp9AUg6wag4k/VUk9WlN0l+AVfPM+IuAq1lZBDv54fSLK0VSnzadfnEFwU5+cDUrq+tQiIhKLXYAExEREREREREREX0kk97doXyVAPmVa7oOJd/kV65B+SoBJr27F2m9gjJ9oFa+BlIvF2m9Hyz1MtTK1xCU6VOk1fZ0D8VrWRKulqCpoK/G38VrWRJ6uofqOhQiolKNHcBEREREREREREREWmA2ZCBkp89CcfuOrkN5L8XtO5CdPguzIQN1Ur+g7DAg6TSQdlsn9edb2m0g6XRmvDowyKsrzr68hjsJETqpvyDuJETg7MtrGOTVVdehEBGVeuwAJiIiIiIiIiIiItICg3KusBg7AulHTxTrkcDyK9eQfvQELMaOKLKpn98mkJSDwGUckHik+I4ETr0MJB6BwGVckU39/DZXs7IYVeMzHH9+oViPBL4afxfHn1/AqBqfcepnIqJigB3ARERERERERERERFpiUMUDFhO/g/zufcgOHoZaKtV1SNnUUilkBw9Dfvc+LCZ+B4MqHroNyLgqUG4S1NK7wOv9gDJNt/FkUaYBr/dnxlVuUmacOuRhWQHja/0P9xOf4PCzs5AqZTqN501SpQyHn53F/cQnGF/rf/CwrKDrkIiICOwAJiIiIiIiIiIiItIqg3KusJoxGSJnF6QuXwXZmXM67QhWS6WQnTmH1OWrIHJ2gdWMyTob+fs2gaQchBVmAUauwMtlQPIZ3XUEK9My63+5DDByhbDCLJ2N/H2bq1lZTPUbDmcTe6y88yfOvbyu045gqVKGcy+vY+WdP+FsYo+pfsM58peIqBgx0HUARERERERERERERPrIpHd3GAY1RHr4PqQsWAqxpwdErs4QOThAYG0JgcQIEAq0W6lKDbUsHerXiVDGxEAZ9Qzyu/cgadQAFpN+KDYdv28TlOkDtUUTqF/tBmIWAEZVIJC4AGJHQGQFtdAIAoH2xjOp1SoIVOmAMgGQv4Ba9hRIvwOYN4ag3JRi0/H7tp7uoWhU1hd7o05iye0tcLcsDxdTBzgY28JKYg4joSEEAu2eU2q1GumqDCTIkhEjjcfT1BjcT3yCho61MMH3S3b8EhEVQwK1Wq3WdRBERMVFdHQ0zM3NdR1GiZScnAwApbb9Snv+QOltg9KadxZ9z1/f83uf0pJ/acnzXUpLG5SWPN9Fn9tAn3PLr9LeBsy/dOevTYXVlmqpFBkXL0N+4xYUEU+giovPHBWs0vLPs0IBBMbGENrZwqBieYire8OwTm0IjI21Wk2hnnPKNKhTLkKddgOQPYJAHge1WgqoVdqrQyCEQGAMtdgOkLhBYFIdArM6gMhEe3X8q7DaSqqQ4XL8bdx8dR+Pk6MRL0uAVCGDSpvtBEAoEMLYQAJbiRUqmDuhmo07att6wdhAotV6gMy2cnJy0vrjEhGVRElJSR98LEcAExERERERERERERUygbExJIENIAlsoOtQij+RCQSWjSCwbJS9ScvjpAv9cYuCsYEEDRxqoYFDLV2HQkRExQzXACYiIiIiIiIiIiIiIiIi0hPsACYiIiIiIiIiIiIiIiIi0hPsACYiIiIiIiIiIiIiIiIi0hPsACYiIiIiIiIiIiIiIiIi0hMCtVqt1nUQRETFRXR0tK5DICIiIiIiIiIiKrWcnJx0HQIRUbGQlJT0wcdyBDARERERERERERERERERkZ4w0HUARETFDe8y/DBZo6dLa/uV9vyB0tsGpTXvLPqev77n9z6lJf/Skue7lJY2KC15vos+t4E+55Zfpb0NmH/pzl+b2Jb5w3bKP7ZV/nF2PiIi7eAIYCIiIiIiIiIiIiIiIiIiPcEOYCIiIiIiIiIiIiIiIiIiPcEOYCIiIiIiIiIiIiIiIiIiPcEOYCIiIiIiIiIiIiIiIiIiPWGg6wCIiIiIiIiIiIiI9F3GowikX7yC9Ju3oIh6CmVCItRyeaHUJRCLIbKyhIGrC4yqecOoTi0YulUslLoKgyrtERTJF6FMvgF1eiRU8teAWqH9igQGEIqtITAqB5F5dRiY14HQxE379RSSiKSnuPzyNm7FP8DTlBdIkCVDriqEdgIgFhrASmIOFzNHeNtWRm17L1S0cCmUuoiI6OOxA5iIiIiIiIiIiIiokKSdOIXkneFQvnoFceXKMKxcCab1AyCwMIfAoHB+nlUrFFAnJUP+Mhayew+Qsnc/RDY2MG8XCpPGDQulTm2QvzoOeewOQP4KAhN3CE0qQWhVHwIDC0BQCG2lVkCtSIIqIwbK1LtQxIYDYhuIy7SH2CZI+/VpycnoS9j96BheyRJR2aIc3CxdEFDWB+ZiUxgIRYVSp0KlRLI8FS/T4nH/9RPse3ISNhJLtHVrgkAn30Kpk4iIPhw7gImIiIiIiIiIiIi0LONRBBKWr4IqNRVGdXwhqeJRZHULDAwgsLGGxMY6s96QYMju3EPS9j+Rsv8grL7oW6xGBKvSHkH2bAnUylSILOpCZFq1aCoWGEAgtoFIbJNZp20IlKn/QP5yKxTxeyFxHlisRgRHJD3Fb7f+QKo8Db72XvC0Lrrn0EAogrXEAtYSC3haV0RTBODu6wj88eAQDjw5jc+9O3JEMBFRMcI1gImIiIiIiIiIiIi0KPXQUbwYOgoGLs6w/LR7kXb+5kVSxQOWn3aHgYszXgwdhdRDR3UdEgBAHn8QaXe+glCh8Me1AAAgAElEQVTiCsOyvYuu8zcPItOqMCzbG0KJK9LufAV5/EGdxpPlaNRZjPjrF7iY2qOHZ5si7fzNi6d1RfTwbAMXU3uM+OsXHI06q+uQiIjoXxwBTERERERERERERKQlyTt2I3nHblj16wOxi5Ouw8nBuK4vDMqWReKGzVClpsK8fVudxZLx8k8oXv4JQ5f+EEqcdRZHbkSWfhAYOUP+fD3UylQY2nfQWSy7Hh3Frohj+MyrA5xMy+gsjrz4OnijrJk9Nt7bgxR5GsLcgnUdEhFRqccRwERERERERERERERakHroKJJ37IZlt87FsvM3i9jFCZbdOiN5x26djQSWxx+E4uWfEDt2L3adv1mEEmeIHbtD8fJPnY0EPhp1FrsijqGLe8ti2fmbxcm0DLq4t8SuiGMcCUxEVAywA5iIiIiIiIiIiIjoI2U8ikD83IUwCwuF0MZa1+G8l9DGGmZhoYifuxAZjyKKtG5V2iPInsyBgX17CMQ2RVp3QQnENjCwbw/ZkzlQpT0q0rojkp5i/rUNaFuxCawlFkVa94ewlligbcUmmH9tAyKSnuo6HCKiUo0dwEREREREREREREQfKWH5Kpi1CinWI3/fJnZxglmrECQsX1Wk9cqeLYHYrlWxHfn7NqHEGWK7VpA9W1Kk9f526w+0KNegWI/8fZuTaRm0KNcAv936Q9ehEBGVauwAJiIiIiIiIiIiIvoIaSdOQZWaCuO6vroOpcCM6/pClZqKtBOniqQ++avjUCtTIbL0K5L6tEVk6Qe1MhXyV8eLpL6T0ZeQKk+Dr4N3kdSnTb4O3kiVp+Fk9CVdh0JEVGqxA5iIqJCcPvM3evbuCx9ff3j71Ebnbp/iyNFjeZbv2bsv3Dy8sHnLVq09ZkkWGRWFmbPnoGlI61z37z9wEO06dkG1mnUQ2KQZpv4yA2lSafb+tes3wM3DC58P+DLPOi5cvAQ3Dy/UD2yi9fiL0pp1GxDUtAU8vX0Q1KwF1m3YqOuQPtrlK1cx5pvvMHT4yHeWexkbixq1/RDWsbPGdl+/+nDz8MKNmzfzPDbrNff71m1aiVlb3nfuv69MSTv33/Vcp6enY9avc9E4OATePrXRKrQ9/tixU6PMoCHD4ebhheW/5T1iYf7CxXDz8MLXo8ZoPf6Cys+5/a4yJS3ft7148QLDR46BX/1A+PyfvfuOa+L8Azj+CSGEISBDsW5x7y0uFBEX7j1abbXWPWvd1r23bR3V+mvrqHvjnrW1Ltx7b3ChMgSSkOT3BxUbQQ0IAvH7fr3yeund9+6e5+655LhnlfWiXfuvOHX6jElMer5/k+LwkaM0ataSQsVKUb5SVUaPnYBGo0ntZH2wZ8+eMXjYCKpU96V46fK0avsFxwNNXwBa2rWOiYlh3oKF+NWpT9GSZajj3zDec116v4cTw5KeT/p/NwjPAkXe+omKigYsr0y/cuDPg3gWKMLEydMSFXP16jU8CxShTPlKaLXaBLeLioqmeOnyeBYowp07d5M97Ullzu8VxN73O3buomPnLvzv19/jrbfUMmHO8+ork6ZMw7NAEfbtf3uFWUIxV65epVGzlhQrWZZOnbvy/PnzZEl7SgrfFIBtucRV/gY9fcKiTZv4fPSoBNfvOHKEryaMo1a/PrT+fgSLNm1Cq9PFrb/5IIjOkydSu19fBs79kdCIiCSn37ZcWcI3BSR5+8TQPdmI0qm82fFGo5EtOw7zTe8Z1Gw4gG07j5qsf/z4ORVr9oz36dJnRlzMvF82UbvpIBq1Hs62XUffPITZlE7l0T3ZmOTtE2PLzf2UzVzE7PhThwKZ1G8M/Zp3Y3jHgaxfvBpttOlz5ZUzl5jUbwy9m3RhULu+rJq/DJ3mdZkKunOfSf3G0Ld5N34aNYuI0PAkp79s5iJsuWmZ76yEECI9kApgIYRIAWvXb+DLTt9wPPAEBfLno2SJEpw5e5ZvuvVkx85d8eIfPnrE0WPHAdi4aUuy7DO9unDxEl982YkafnX5edFiHj16FC8mYNt2evTuR5nSJfnph1l82f5zli5fwchRY+PFHvzrbx4/eZLgsdasS//DEW3aHMCYcRPw8/Pl53k/4utTnVFjxhOwbXtqJy1JArZtp45/Q1q0bseGjZt5GRn5zvgJE6cQ8Y6XHGvWbUhw+YMHQRw5euyD0prczCn75sS8ktbLvjnXesTIMSz7YwWdv/6KBXN/pJp3Fb4bNJSdu/fEi137ljwZjUbWbfg4L2jexZz8Jqb8p/X8JiQqKpr2X3Xm8pUrjBoxnDkzp2Fra0uHjp158CAoXnx6un+T6u7de3T6phvurq7M/WEWPbp1ZfXadYyfODm1k/ZBYmJi+OLLrzl2PJDv+vdjzsxpqFQqOnTszPUb8efNs5RrPWbcBOb/vIjWrVow/6cf8PKqwLARo1ibQP7S4z2cGJb2fNKnVw9Wr1gW71OlciXKlimDnZ2tSbyllGmIbYw1euyED4p5ERrKnr0JVwBs37mTly9fflAak5u5v1ez5vxIJW8fevcbwJ8H/0ZvMLx1n5ZSJhLzLAqxjQD+99uSJMWMGDmWBv71OHHsHzK6ZOTHufPj1i1a/GuaqxDW3ryF/tkz1IUKmBV/7d49+s2ZTZtRI1m2eydPXryIF7Pt8D9MXPo7lYoWZ2LXbrSu6cfaA/uZv/F1eZq+Yjk1y5YjYNp0nBwc+G37trh1K/bsTlSFsLpQAfTPnqX4XMCGyJuge4bSobDZ24ybupRJ05eTI3sm+vVsQbmyBU3WPwkJBaDH140Y9m27uM+X7eoAcPzkFXbvC2TF4uFMn9CNaT+s5PmL2IrNm7eD2b7b/AphpUNh0D1L8bmAb4Xd55kmlIIuecyKDzx4jIUT55K3cD6+GdqTGg39OBCwlxXzlsbFPAl+wtzRs3F0dqLL0B7Ua92AQ7v+Yu0vK+Ni/vhpCeW8KzD9jx9xcMzA9pWv31HtXrc9URXCBV3y8EwTKnMBCyFEKpEKYCGESGZPn4YweuwEVCoVK5f9zpqVy/lj6W+sXfUH1tbWDP9+NHq93mSbTZsDMBgMuLu7cTzwBEFBwR+8z/Tq/IULuLhk5NdffqZHty4Jxsybv5A6tWsx6vvh+FTzpnOnjnT6qgObA7ai+09raFtbW9Q2NmzYuDnePiKjoti2fSfu7m4plpePYenyP6jmXZURQwfjU70aI0cMw6eaN0uWLk/tpCXJkSNHqVK5Etu2bKBc2TLvjP3n8BF27t5DsWIJD4fl6urKloCtCfY4Wbt+AxkzZkSpVCZLupODOWXfnBhIH2X/fdc6MjKSjZu38G2/PrT/vB3eVaswdPBAShQvxuYtW01iXV1duXb9BmfOnou3n2PHA7l7916az6+5MZA+8puQo8eOcePmTX6cNYP6/nXxqV6NH2fPICoqin0HTHsFpbf7N6lWrVmHjY0N8+f+QE3fGnT8sj19e/dk7fqNJqNapDd79x/g8pUrLJj7A02bNMK3hg8L5v6AQqEgYOs2k1hLudYvQkP5Y+Vqvvu2H9983ZFq3lUZO+p7ypYpzdr1phU/6fUeTgxLez7Jkzs35cqWMfnkzevJiZOn6NC+nUmspZTpV+bO/xlra2tcMmZMcoyrq+tbGz2sXbchzZV3c3+vDv1zmK+/+pJDB/e9c3+WVCbMfRZ95fvRYylVskSSYm7fuU0Nn+qo1Wp8qnlz499KyUP/HGbjps04OTklLRMpJDrwFKp8+cyOv3znDs4ODkzv0Zv2deomGLPx4J/4lC5N1yZNKF+4CM18fGhSrRq7j79uNHD/yWMqFS+OjUpFxaLFuPvwIQCBly+z69hRHO3tE5UPVb58RAeeStQ2iRUTHojCPr/Z8fv+PMm2XUeZMrYrIwd3oGHdSmR2N/2+eRISW4HesqkPjepXiftUqVgMgHv3H1O4YG7cXJ0pkC8H7q4Zuf/gCUajkSmzV6C2USUqDwr7/MSEByZqm8Q6+fgi+Zxymh2/Y3UApSuXpVXXzylarjh+zepQs0ltjh04jD4m9n3RoV1/Ym2tpOuwXhT3KkWNxrVo+EUTDu/5O66n8OMHjyhWvhQqtYpi5Yrz8H7s+6nLpy9y7MARHDJkSFQ+8jnl5OTji4naRgghRPKQCmAhhEhmO3ftJjIyksaNGlCmTOm45SWKF6Nc2TI8f/GC8xdMH343bQ7AwcGBYYMHYTQa2bwl4IP3mV61btmCH2fPpJp3VaysEv6ZKl68KC2bNzVZltfTk5iYGCIjX78wVyjAv17dBHvebNu+A61WS51afsmbgY/IYDBw/sJFqlSuZLK8UqWKnL9wEaPRmEopS7rxY0czcsQwChUs+M44nU7H96PG0rnTV+TOmfAfxf716hAWFs6uPXtNlhuNRtZv2ESTRg3SVMMJc8q+OTGQPsr++661Wq3m8F8HaNPKdHhvOzs7ot7oGVuiWFFy5siR4Mvltes2UKRwITzzmNdyPqWYU7bNLf/pIb8JqehVgaOHDpI//+uXozY2NiiVSpPvbkh/929SnT13jnJly6BWq+OWVa7khUaj4cqVq6mYsg9jo1LRonlTChZ43QvK0dGRzJkyERYWZhJrKdc6LCyMRg3rU6N6NZPlnp55CAsz7SmTXu9hc1ni80lCVqxcjZOjI/Xq1DZZbillGuDmrVssWvwro0cOR2mdcAWlOTH169Xlr0P/8OjxY5Pl9+7f5+ix4zTwr5fsaf8Q5v5erV31B926fkPmTJneuT9LKhPmPotCbOX2latXGfTdt0mKyevpyf4Df6LVavn70GE88+RGq9UycvQ4xo0emeYqzaPPX0CVM7vZ8Q2rVmVM52+oULQISkXC53Jqj14Mbf+lyTJblQ0arTbuuzSnRxYOnzuHLiaGwEuXyeHhgS4mhlkrVzCgTbv3Xqc3qXJmJ/r8hURtk1j68HNY2eYwO37txoP4ViuDd+XiGN7yGxISEoaToz12dmqiNVoMetMe+blzenDpym1CnoVy81YQT5+9IFtWdwJ2HsHOVo1v9Xc3Pn6TlW0O9OHxG3Ilpwsh18nu6GF2fK58ualUy9tkWZbsn2HQG9D8W7l75+ot8hbNj0r9usK7YInC6LRaHtyO7aWbJUcWzh8/TYxOx6VTF/DInoUYnY6V85bStkd7FEpFovKR3dGDCyHXE7WNEEKI5CEVwEIIkczOXYj9Y6ls6dLx1i37/X9cu3SOEsWLxS27evUal69coZafL3Xr1MLe3p4Nm02HgU7sPi3dlInj8a3hY7Is8MRJChUsiLPz65bgGo2WVi2bc+PmzXhzdq1dt4GavjVwdHT8KGlOCWHh4Wi1WtzdTHtNuLq6EB0dTeR7hk9OzxYs/AWtTkvP7t3eGpPJ3Z1KFb3iVYIeOXqMe/fv06hhg5ROZqqxhLKvVCrJlMkdlUqFVqvl+fPn/LZkGYEnTtL+C9PeVhqtlhbNm7I5YJvJ3KmRkZFs37GTli2av3XuwfQovebX1taWTJncMRqNaDQaHjwIYtiIUTjY29O4ken9+Kncv0+fhsTr+ebq4grEzqGbXtXwqc7USabDwT58+JAHQUF4eVUwWW4p1zpnjhzMmj6VnDlfv9A2GAycPHmail6mcxym13vYXJ/C84ler2fZ8hW0bdMKa2trk3WWUqYBRo4eh1/NGlStUvmDYmr6+mBnZ8eGDZtMlq9bvxE3N9d4jQVSW2J+r8xhSWXCXKGhYUyeOoPv+vfD1dUlSTHjRo9kx85dlKtYlZBnz+jTqwfzf15EuXJlTBpFpxUx9+6jyvzuxgCJldHRETu1Gr3ewMvoKI5euMjaP/fT3KcGCkVsJdyANm05cOoUDQcN5HlEOB3967Nsxw6K5c1LMU/PRB9TlTkTMfdSdrheY/RdrGzMq9jUxeg5c+EGTo52fNV9ClVq9aZe8yGsXGfa8/5pSCh6vYHWHcfi498f34YDmDN/XVxFcJlSBahXy4svvplE/2HzGdinDdZKJYt+DeC73q0SnQcrGw+M0Sk7b/n9iIdktjd/hIT2/TpRvEJJk2XXL14lW54c2GeI7Qke9jwMp4zOJjEZnGJ79L4a2rltjw6c/DuQQe36Eh4ahn+bRuxYvZW8RfLjWdj8Xu6vZLZ3437Ew0RvJ4QQ4sNJBbAQQiSzV3MRZcrkHm+dlZUVSqUy7o81gA2bYodobVjfH1tbW2rW8OHatetcunwlyfv81Jw5e47Va9fRu2d3k+UGg4FSJUuQJ3du1qx93cvm7t17HA88QasWzdL1C1adNna4a2uV6YtHpVVsa/j0nLd3uXvvHvN/XsTI4cPizbn3XxqNhlYtmvH3oX94+PD1H5xr1q2neLFieObJ/TGSmyosreyXKV+Jsl5VGDt+IkMGDaCGT3WT9VqtlhbNmvDy5Ut27todtzxg63Zi9HoaN2qQrvL7Puk9v+cvXKBw8dJ41/Bj6/YdLFwwlywepi8BP5X7V6fToXqj8kipjP0TTavVJbRJujVq7HgK5M+Hn28Nk+WWfK1//X0JQcFBfN3xK5Pl6f0efp9P4flk2/YdPA0JoV2b1vHWWUqZ3hKwldNnzjJi6OAPioHYv1ca+NczmQf31XzXTRs3wmBIm73Czfm9MoellInEmDp9Jlk/y0K7tvHvEXNj8ufPx/o1Kzl78hiLF84nNDSMlavWMGTggJRK9gfRvwhF4ZQyDSyH/jyfut/257u5P1Aibz66Nm4Sty5P1qz8PGgwO2bOYmqPnoRFRrL50F/0aNosScdSODmifxGaXElPkEH3HIW1eUN4Bwc/Ra83sGXHYapWLMacKb3wrlyc2fPWcejI+bg4K6UVtrY2NG1QlSlju+BbvTQr1u5j5frX84936diA7esms2nFOPxre/HDzxto6F+Z7NkSX3GvsHbCoEvZeahfaMJxVDkkefvbV27xz+6/8G/TMG6ZPiYm3mgNin9707+aTuuzXNkYPOt7Zq6ZR8/R/YmMiOTvHX/StKPpyEzmclQ58EJj/rzBQgghko9UAAshRDJ79QLDnOHtjEYjmwO24uzshHfVKgDUrx87BNrGTa/n7kzMPj81j588oXuvvtT3r0e9urXjrddoNLRs0YyAbduJjo4GYl+2ZM6UiWreVdFYwEvIt7LQRgGjx06golcFavn5vjNOo9FSp3YtHB0zsO7fHicRERHs3LWbVi2bW1zlypssqez/sex3lvz6C+0/b8fkqTPYu2+/yXqNRkOWLFnwrlrZ5OXymnUbqO1Xk4zOzhZR4fBKes9v3rx5Wbd6BT/P+4kypUvRvVcf7j94YBLzqd+/YFlf4T/NW8Dfh/5h+tTJ8YbstNRrffjIUSZPncGIYUPIli2rybr0fg9/MAso3L/+vpR6dWon2DjTEsp0REQE4ydNoU+vHmTJkiXJMa9oNBpatWzOrdu3OXHyJAD/HD7CgwdBabrHuzm/V+awhDKRGKfPnGX12nWMHT3yrcMPmxPzppFjxtGndw927dlLZe8aVPetzc7de5Iz6R/EqNOheKNRV3Lp3bwFP/b/lh5Nm3Hi8mUWbIw/zcsrs1auoFP9Bhw8fZpmw4bQ+vsRHDxt/py+CmtrjLoULpPGGFCYd65eRsb+HdPzmyZ0/rI+FcoWYtiAzylaODfL17weVv2bL+sTsHoibZr7Ur1KSUYO7kBlr6KsXLc/wf2eOXeDU2ev0aBuRfoNmUvtJgMZNmYxkZGaBOPjUVjH5iMF6QwxWFslbajzsGehLJz4E+W8K1Cmavn3bwBv7VSwcv5SGnzehDNHTjG0w7eM6DSIU/+cMDst1lZKdIaUPVdCCCESJhXAQgiRzNzcYoduDAl5/9CNR48dJzj4IdbW1vTp/x09evdj9Zp1AGwJ2IbBYEj0Pj8lkVFRdO7SHY/MmZg8YWyCMVqdjuZNmxAVFcWOnbsxGAys37iJZk2boFQqidGl3z9EbGxsAEyGj4TXLXfV/663JDt27uKfw0cYMWwwer0evV6PkdiGEXq93qSRhE6nQ61W06hBA9auj31JErBtO0YjNGrgjy7Gsl62vcmSyn6J4sWoWqUyY0aNoGqVSsz5aZ7Jeu2/Zb5VixYcPnKUoKBgbt++w4mTJ2nZIrb3gy4m/eT3fdJ7fu3t7ChdqiS1/HxZtGAeBr2BJUv/MIn5VO5fGxsbNBrTio9X19fGQr7DtwRsZfYPPzFt8iQKF4o/v7UlXuvrN27SvVcfPm/bhrat4w8rmd7v4fex9OeTk6dOc/rMWTq0b5fgekso09NnzsHJ0YkOX7SLe96C2Maor/5tTswrOp2OUiVLkD9/vrhGD2vWbaBM6VLky+tJTBot7+b8XpnDEsqEufR6PSNGjqZZ08YUL1YUvV4fNwSvwWCMKyvvi3nTloCtRERE4FWhPJOnTmf50l+ZNX0Kg4YMJzQ0LF58alCoVBhTqCzn8PCgVP4CtK1Vmy/9/Vm1dw/hL+MPp78n8Dgvo6Mplb8A8zeuZ07f/nzfsRMTly5JMD4hxpgYFCrV+wM/RBIqTwvlN50zuEKZQty+Yzqs8JsVmFUrFufxk+dERZn+Hun1eqbMWcmAXq1Y9NtWsmdzZ9OK8ej1en5fsdO8BCWiEjupVFbWxBgSPz+4NlrD3NGzcHbNyBd9Opmss7ZRxY3U8Yr+33JrncB1P/7nUaJeRpG/eEHW/28V/SYNotPALiydtZjICPPKVIxBj8oqZc+VEEKIhEkFsBBCJLOiRQoDcObs2XjrvviyE/kLF+f0mdh1G/+d6zck5Bk7du5ix85d7Nt/AICHjx5x9NjxRO/zU6HX6+nTbwBh4eEsXjgfW9u3DAVsNJIpkzs+1auxZt16Dv1zmODgh7Rs3jR2Nem3V7WjYwbUajVPn4aYLH/85An2dnbY29unUspSzvyff0Gr1eJXpz75Cxcnf+HibN22g/PnL5C/cHHWbdgYF/uqMrhli2bcuXOX44EnWLtuA3Vq+8XOf2vpPerTedl/+jSEVWvWxpsHtVDBggQHB5sse3Wt/WrWwNnZmXUbNrJm3QayZv0sbl5BSxpBIb3m9+Kly3Evvl+xs7MlZ84cBD9M+Jpa+v2bKZM7T0Oemix78uQJAO7u8XsWpjfHA08wcMhwhg0eiH+9OgnGWNq1fvo0hE6du1KxQgVGjhiaYEx6vYfNZenPJ7/+voSiRQpTtkyZBNen9zIdERHB8hUruXHzJkVKlIl73nr6NITFv/5G/sLFuXLt2ntj/ttT9lWWW7VoxtZtO3j0+DG7du+Ja/CQ1sp7Yn6vzJHey0RiHPzrby5eusyatevjykWd+o0A6NK9Jz5+dcyK+a/w8HAmTZnOuDGjOHfuQtw0J2XKlMYjcyauXrv20fOZEGVGZ4xhyTvM7bbD/3Djvmmv87xZs6M3GAgJNx2m+WVUFPPWr+O7tu24dOcORXLnJoeHB8U8PcnknJGbweb1XjeGhaN8Y47Y5GalcsEYY17FvZtbbFoePTEdbtlgNGKtiu0dazQa2b3/BMGPQuJtr1Ao4vUyX75mLzmzZaayV1HOnr9JPT8v7OzU1PYty4VLt8xKlzEmDCtVwvNbJ5eMakfCdS8TtY1Rb+SXKfOJioyix+h+qNSmlbrOLs6EvTA996HPXgDglNF0WO6ol1GsX7yKdr2+5M7VW+QumBePbFnwLJyPjO4uPLhj3lzR4bqXZFSnzPDoQggh3k2a3wghRDKrV6cOk6dOZ+PmANq2aU2RwoUAOHvuPMeOB+KYIQPFixVFq9WyY+cuHBwcOHnsH1T/aW25c/ceuvfsw4ZNm6lU0cvsfX5Kxo6fxOkzZ1m36g9cXV3fG9+qRXO69eyNVqujQvly5M6d6yOkMmVZWVlRskRxDv71N926dI5b/vehfyhZskQqpizlTJ8ykWhNtOmymXMIDg5mxrTJZM+ePd42xYoWoUjhQkyfOZuTp04zoH/fj5XcNCG9ln29Qc/Q4SNRoKBVy+Zxy69cuUruXAnPladSqWjauCHr1m9Eq9XSqmVzs4cVTI/SW36vX7/OoCHDqVCuHDlzxvbiiI6O5s6du1StUjnBbSz9/i1dqiS/LP6VyKgo7O3sAPj70GHs7GwpkD9fKqfuw9y6fZuu3Xvxxedt6dTxy/fGW8K1joqKpnPX7nh4ZGb2zGnvvR/T2z1sLkt+Pnn48CE7du5m4rgx741Nr2Xazs6O9WtWxFv+VacuVK/uTccv25MrR473xnhkzsytW7dN1jdt3Igp02bSp98ArBQKGvjXS7F8fIik/F6ZI72WicQoU7o0m9avNln24EEQPXr3Y8SwIVSpXJEsHlneG/Nf02fOoXYtP4oWKcyNGzdQ8LqXp9FI3KhZqc06R3Z0j5+gdk2+SsFlO3dQOHduvv/qdS/Om8EPsLKyIqubaUOxhZs34V2yFPlz5OD2w2CT3rAGo9Hshha6x0+wzhH/b6rkpLDNiUH7CKXq/X/HZ3bPSK6cHuzeF0i9Wl5xy0+cvkq+PLFTLCgUCn5ZspXypQvyXZ/Xc0qfOHOVrJ+5of5PJeijR89YsWYfv80bFLftq1NlMMZ+zGHQPkJhm9O84CTKniELjyNDcFGbN18ywOqFy7l95RYDpw/H0Tl+pWvuQp7sWb8TbbQGG1s1AJdOXcBGbUPWXKbXffOSdZSqVIYceXPy8F6QSZkyGs0/WY8jQ8ie4d1TBQghhEgZUgEshBDJzN3djeFDhzBi5GhatG5H6VIlgdheMDExMUwYNwalUsnuPXsJCwunvn9dk8pfAO+qVVCr1ezYuZtxo0eavc9Pxf9+/Z2ly/9g+NBBPHn6lCdPX/eecnV1wTNPnnjb+Naojru7GydOnmTalIkfM7kp6qsOX9Cjdz9Gj51ATV8f/jz4F0ePHWf+3B9SO2kpIn8CFSLOTk48f/GC4sWKvXW7Vi2bM3rsBHJkz05FrwopmcQ0J72WfY/MmfGvF9v4RRcTQ57cuTj4198cOPgXixbMfet2rbcwltoAACAASURBVFo053+/LUGhUNDi397Oliw95devpi85c+Sga4/e9OnVA3t7e5YsW06MXs/nbVu/dTtLvn9btWjOosX/o2v3XnT6qgP37t/n50WLadu65dtHtkgHnj9/TsfOXfHw8KBOLT8CT5w0WV+saJEE85eer7XRaKT/gIHcvHWbGVMnc/7CRZP1uXLmTHC+2PR0DyeGpT6f/L50OY4ZMtCwgb9Z8emxTCuVygSfqZTWStzd3OPWmRPzJldXV/xq+rJj5y5aNGuKg4ND8iY+mST198oc6bFMJIazsxPFnU2v/6te/7lz5aRggQIAZsVA7HerRqth+JDYyrrixYsxaux4bt2+TWhoGI8eP6ZgwQKkBbbFiqK5eh11oeRLT8saNZm9eiVZXNwoW6gQt4ODWbJ9O61q+GLzn3cIRqMRrU5Hr+YtACiUMxezVq3k3qNHRERFEhIaiudn2cw6pu7ufWxTuHG50rE4+pdXUDoUNiu+e6dGDBm9iIkzllO1YnH+PHSGC5du8/Oc/nExn7eoyZQ5K8nklpEihXNz/ORl9v15iqHfmg7Xfy/oCZ07+OPhEVv5XLRwbrbtPopnnqzs/fMkxQon3ND0TYboeygdi5uZ46Qp6paPa8/vUNAl/vuNhOzduIsDAXtp3rkNoc9DCX3+upe4Y0ZHPLJloWqt6uxZt4P5436gZpM6PH30hF1rt+Ndt7pJb2Gj0YhWq6NF5zYA5Myfm5Xzl/LowUOiIiIJDXlB1tzmNRS4H/6Iom7pu2GjEEKkV1IBLIQQKaBdm1Z4ZM7EgoWLOXP2HBiNlCldii6dO+FbwweATZsDAPDz9Y23vb2dHVUqV2Lf/gPs2buf+v51zdrnp2LjlthzN2HS1HjrGvjX44fZM+ItVyqVNGvSmGV/rMS/bt0UT+PHUrdObcaPHc3CRYv5Y+Uqsmb9jPFjR1Onll9qJy1NadywIZOmTKdF86bx5oaydOm57E+dPJGf5s5n4aLFhISE4JnXk/lzf6Cmb423blOgQH5KliiOvb092bOZ96IrPUtP+bW3t2f5kl+ZMm0Go8aOQ6fTUbJECdasXEaWLG/vFWDJ92/WrJ/x2+JFTJg0hW49++Do6Ejb1i0ZMui71E7aBzl1+gx3794DoHW79vHW794RQF5Pz3jL0/O1joqKYteevQB07dEr3vpxY0YlWHGUnu7hxLDE55OoqGhWrV5Lq5bNzW6gkZ7LdEpp1bI5O3buihv+OS1K6u+VOaRMJI5CoWDyhHFx/8+TOzff9e9H63btsbZWMWXieDI6p+xwxeayLVeaiG07oHb8v++Tqmn16qhU1qzZt5fV+/eSKWNGvqhTh7Z+tU3iFAoFg794/Xubw8ODLo2a0GvWDKyVSgZ/0R6nDOY1uNBdv45zu5bJloeEWDuWI+ZJALjVfn8w4ONdirHDvuKXpdvYuvMIObNlZsL3nShRNG9cTKP6VTACK9fuY/Gybbi7OdOnW1Ma+Zv22i9XuiDlSheM+3+vLk0YPek36jUfTPnShfiybcJTVrzJGHkN6yyfmxWbVGUyF2H7nb+oScX3BwPHDhwGYN0vK+OtK1etAl8P7o5LZld6jRvAul9WsmD8D9g7OOBdtzrNvjZ9RlEoFLTv2zHu/x7ZstC4QwtmDpqE0tqaL/p2xMHRvDJ1PewurQumzREfhBDC0imMaW2yFSGESEVBQUFkzZo1tZORLgUFBQF8sufvU88/fLrn4FPN9yuWnn9Lz9/7fCr5/1Ty+S6fyjn4VPL5LpZ8Diw5b+b61M+B5P/Tzn9ySsq5fPTtENSlSiRrL+CPSXP5KprTZ/GYOdnsbZJa5iKv9EPpWMrsXsBpif7lJfThp7EvODtR2yXlXA36ezol3AuY3Qs4rbny/BZnn15latXENW6Ud3NCCPFaWFjY+4PeIv1PMCSEEEIIIYQQQgghhBCpyLFxA6IDT6R2MpIsOvAEjo0bfJRjqTI1QR92/KMcK7npw46jytTkoxyroWcNTjy++P7ANOrE44s09Hz76E1CCCFSllQACyGEEEIIIYQQQgghxAewr14VKwcHoo6nv0rgqOMnsHJwwL561Y9yPJWrDwqlA/rQYx/leMlFH3oMhdIBlevHmYbLO2tZHFT2nHh04aMcLzmdeHQBB5U93lnLpnZShBDikyUVwEIIIYQQQgghhBBCCPGBMn7TkYjtu9DdD0rtpJhNdz+IiO27yPhNx/cHJyN1tm7onm7HoHnwUY+bVAbNA3RPt6PO1u2jHvfros3YefcQQS+ffNTjfoigl0/YefcQXxdNu/O9CyHEp0AqgIUQQgghhBBCCCGEEOID2Xjmwa1vTyI2B2B49jy1k/NehmfPidgcgFvfnth4ftx5Zq3sPVHn6kfM440Ydc8+6rETy6h7Rszjjahz9cPK3vOjHjuPU3Z6l/ycLbf281yT9HkgP5bnmjC23NpP75Kfk8cpe2onRwghPmlSASyEEEIIIYQQQgghhBDJwKGWL45NGhK6ck2a7gmsux9E6Mo1ODZpiEMt31RJg8qtNtaZm6J7uCLN9gQ2aB6ge7gC68xNUbnVTpU0+OaoSKM8NVh9bUea7gkc9PIJq6/toFGeGvjmqJjayRFCiE+edWonQAghhBBCCCGEEEIIISyFY5OGWDk4EDJnLhnq1caufNqaBzXq+Akitu/CrW/PVKv8fcUmc1MUSgc0d2ajcq+H0rlCqqbnv/Shx2KHfc7VL9Uqf19p5OlLBpU9P55ZTp2cVSjrUTRV0/OmE48usPPuIXqX/Fwqf4UQIo2QCmAhhBBCCCGEEEIIIYRIRg61fFHlzcOLRb8SeuUqtuXKoi5UIFXTpLl8lejAE1g5OJDlh+kffdjnt1G51UZplw/NgwXogy+jdCqP0qFwqqVH//IS+rDjKJQO2Bf66aMP+/w2vjkqksc5O4svrOfKlduUzVyEgi6pew2vPL/FiccXcVDZM7PaYBn2WQgh0hCpABZCCCGEEEIIIYQQQohkZuOZh8yTxhL559+Ebwogct8BVPnyocqZHVXmTCicHFFYp8zrWWNMDMawcHSPn6C7ex/d9esoXV1xat4U++pVU+SYH8LK3hO7/FPRPTuA7slG9M/2obDPj5VtDqxsPFBYO4EiBc6VMQZjTBgG7SMM0fcwRl4DlSuqzC1Rufok//E+UB6n7Iyv1Ie/gk6w5eZ+Djw4Tj6nnGR39CCzvRuOKgesrZQpcuwYg55w3UseR4ZwP/wR18Pu4qp2plm+WnhnTVu93IUQQkgFsBBCCCGEEEIIIYQQQqQY++pVsa9eFe3NW0QHniL6/AUi9/+J/kUoRp0uRY6pUKlQZnTGOkd2bIsVxbldyzTT4/ddVK4+qFx9METeJCY8EH34OfTP9mPQPQdjTPIfUGGNlcoFhW1OlI7Fsc7yeZrp8fsu3lnL4p21LLfC7nPy8UUuhFzn4INAXmjC0RlS4DwBKitrMqodyZ4hC0Xd8tG6YD3p8SuEEGmYVAALIYQQQgghhBBCCCFECrPxzIONZx6cWjVL7aSkeVb2ntjYe4JHq9ROSpqWxyk7eZyy0zxf6s5RLIQQIu2xSu0ECCGEEEIIIYQQQgghhBBCCCGESB5SASyEEEIIIYQQQgghhBBCCCGEEBZCKoCFEEIIIYQQQgghhBBCCCGEEMJCSAWwEEIIIYQQQgghhBBCCCGEEEJYCIXRaDSmdiKEECKtCAoKSu0kCCGEEEIIIYQQQgjxycqaNWtqJ0EIIdKEsLCwJG8rPYCFEEIIIYQQQgghhBBCCCGEEMJCWKd2AoQQIq1xdHRM7SSkS+Hh4cCne/4+9fzDp3sOPtV8v2Lp+bf0/L3Pp5L/TyWf7/KpnINPJZ/vYsnnwJLzZq5P/RxI/j/t/CcnOZfmkfNkPjlX5nt1roQQQnwY6QEshBBCCCGEEEIIIYQQQgghhBAWQiqAhRBCCCGEEEIIIYQQQgghhBDCQkgFsBBCCCGEEEIIIYQQQgghhBBCWAipABZCCCGEEEIIIYQQQgghhBBCCAthndoJEEIIIYQQQgghhBBCiE+RMSoKbeBJdOcuEHPrDoanIRijosBgNH8nVgoUdnZYubthnScXquJFsSlXBoWdXcolPKXpIzFGBGKMPAeamyh0TzEao8BoSL5jKKxQKOwwqtxB7YnCvjiKDOVAaZ98x0hhUTEaToZc5Pyza9wODyJE84KoGA2G5DxPgJXCCjtrNW7qjOR2zEox1/yUcSuCnbU6WY8jhBAi+UgFsBBCCCGEEEIIIYQQQnxEMXfvER2wHc3BQ6gKFkCZIxu21aqicHFGobYFK4X5OzMYMWqiMT4PRf/oEZo9B4iYuxB1tSrYNqiHdc4cKZeRZGbU3MX4bAuE/wm2hVCos4NTdVBmBCtbFIrkG9DSaDSAIRqF/gXoHmIM3YPx0U/gWB2Fa0MU6pzJdqzkdi8imG33/uLvh6fI75yL7A4eVM1ShoxqR2ytbFAoElF+zGA0Gok2aHmhCedRVAh7HxxlwcXVVM1SGv8c3uTI8FmyHk8IIcSHkwpgIYQQQgghhBBCCCGE+Egil6wgeu8+VOXKkqFX1w/vqftvD2CFnR1WWbOgKl0SdVQNtKfOEvb9WGxr+mLfoW3yJD4FGZ/8Di92o8hQATx6xeuJm7xVmsRWJivtYz82WVE4lAG9H0SehrvDMGashSLTl8l81A+3/FoA+4KOUS5TEboVaYWdMuV74SoUCuyUauzs1Xxm704pt4JE6TWcDbnC6BPz8c1agc/zN0jxdAghhDCfzAEshBBCCCGEEEIIIYQQKSzm7j1eDByO/sF9HL7piLqyV4oN06yws0Nd2QuHbzqif3CfFwOHE3P3Xooc60MZNXcx3B4A0fcgcxdwrJx6wzAr7WOPn7kLRN/DcHsARs3d1EnLG+5FBDP02GweRD6mU6GmeGUu8VEqf9/GTqnGK3MJOhVqyoPIxww9Npt7EcGplh4hhBCmpAJYCCGEEEIIIYQQQgghUlDM5auEjZqAqmB+1LX9Ptr8vAo7O9S1/VAVzE/YqAnEXL76UY5rtqhLcPd7FHYFwaVu2pl/V2kPLnVj03X3+9h0pqKrobcZd+pn8jvnwi9bxVSt+H2TnVKNX7aK5HfOxbhTP3M19HZqJ0kIIQRSASyEEEIIIYQQQgghhBApJubuPcKmzMTWtzqq0iVTJQ2q0iWx9a1O2JSZaaYnsFFzF+P9yeBcExzKpHZyEuZQBpxrYrw/OdV6At+LCGb62d/w+aw8pdwKpkoazFHKrSA+n5Vn+tnfpCewEEKkAVIBLIQQQgghhBBCCCGEECkk4scFqKtUxLpIoVRNh3WRQqirVCTixwWpmo5XjMFzwKkK2BdJ7aS8m30RcKoSm95UMO/iKipmLkmhjHlS5fiJUShjHipmLsm8i6tSOylCCPHJkwpgIYQQQgghhBBCCCGESAGRS1agdM2Yaj1/36QqXRKla0Yil6xI1XQYn/yOQumSdnv+vsmhDAqlC8Ynv3/Uwy6/FoCL2ilN9/x9Uym3grionVh+LSC1kyKEEJ80qQAWQgghhBBCCCGEEEKIZBZz9x7Re/dh410ltZNiwsa7CtF796XaUNBGzV14sRucqqXK8ZPMqRq82P3RhoK+FxHMvqBjVMlS+qMcLzlVyVKafUHHZChoIYRIRVIBLIQQyaxZq7aULOv11s+atesBGDdxMiXLerF+46Z4+5jz41xKlvVi2R8rTZYfDzxB1x69qerjR7Uatejeqy+nTp/5KPlKqzQaDRMnT8PHry7lK3nTrv1XBJ44mdrJSlYajYaf5i3Av1FTvKpUp0XrdmwJ2GYSM2DQEEqW9eL3pcvfup+FvyymZFkvho0YldJJ/miOHQ+k7RdfUr6SNzVq1WXy1OlotNrUTlayef78OaPGjqeOfyMqe9fgq6+7cPLUaZOY6r61KVnWiwsXL711P9906/nW75v0IigomN79BlCxqg+VvH3o++13BAc/TO1kpRhLye+evftp1/4rKnn7ULdBY2bO/oGoqCiTmPfdxytWraFkWS969f32rcc5eeo0Jct6UategxTLS1LcvXf/nc8Es+b8CKTvPL7No0ePGTp8JL616lGlek2+7tKds+fOm8RY0vfX+o2b3nmt/zr0D/Bp/V6vWLma+o2aUa5iVRo0bs7K1WtTO0kf5GVkJFOnz6SOfyMqefvQoWNnjgeeMImxpDJ95eo1uvfqS3Xf2vj41eW7wUPj/Q6dPXeezl17ULmaLzVr+zN0+EgeP34St/76jRuULOtFtRq10L7l+Sw6OprK3jUoWdaLu/fup2ieEsOcZzAAo9HIxk1b6NCxM5Wr+bI5YKvJeksqE29jzr3xMjKSMeMmUt23NpW8fRg4eBghz56ZxMz5cR7VatSiVr0G8f7WSc+iA7ajKlcWhZ3de2OfvnjBpGVLaDlyBI2HDeG7uT9x+c5tk5jFAQE0GzGMNmNGsfv48SSnS2Fnh6pcWaIDtid5Hx/C+GwLZKgASvtEbffsWRj+LYbRpe8sk+VPnr5g3NTlNPl8FP4thtFv6DwuXr5jErPwt600bP09LTqMZcfeJJ47pT1kqBCb/o9g272/KJepCHZKtVnxK35aQr9m3eJ9rp69nGD85iXr6desGxdPnItbFnw3iBmDJjGoXV8Wjv+Jl2ERSUq7nVJNuUxF2HbvryRtL4QQ4sNJBbAQQiSzyhW98KtZw+RTzbtq3PrcuXMlab/bduykS/deHDseSF7PPOTKlZMjR4/xdZfu7Nm7P7mSn+5MnjqDTVsC6Nq5E9MmT8TJyYkevfvx4EFQaict2YybOJlVa9bS4YvPmT1jKpUrVWTEqDHs238gXuzGzQn/IWo0Gtm8xXJepADcu3+fXn364+rqyvQpE+ncqSPrN25m2oxZ7984HYiJiaFL916cPHmK3j27M3niOKytrenWozc3b92OF79pc8LDawUHP4z3Ei690ev19OzTj9u3bzNm5HBGDh/G9es36dm3PwaDIbWTl+wsJb87d+1mwKAhlChRnGmTJ9KuTStWrl7LhMlT42IScx8f+ucwT58+TfBYm97y3ZfaPDwy89vihfE+kyeMA6BSRS+T+PSYx4RER0fTtUdvrl67zpBBA5g8cRx2trZ069E7wYYMlvD9Vb2ad4LX+qsOX2BnZ0epEsVN4i3993rr9h1MnjaDGj7VmDVjKt5VqzBpyjR27tqd2klLsjHjJrJpy1a+7vQlUydPJEOGDPTo3Y+bN2/Fi03vZfrBgyA6dOyM0Whk9MgRDPquP+cvXKRbzz5xDXRu3LhJ5649cMyQgSmTxjNwQH8uXrpMn/4D4v1WhYaFceBgwhUAu/fs42VkZIrnKTES8ww2cvQ4xoyfSK6cORk0oD8VK1RIcJ/pvUy8izn3xneDhrJv/wH69O7B0MEDOXHyFP2+HRi3/sjRY+zYtYv1a1fy0+yZTJwylWfPngOxZS1ga+pUUn4oY1QUmoOHsCld4r2xGq2OQfPncTM4mF7NmjP8iw6obVQMmj+fR/+ei5NXr7L/1EkWDxrChK+78MPaNbyIiK2cuxP8kD2BgYlKn03pEmgOHsL4RuO8FKePhPA/wb5Uojf9adEmXkZGmyyL1uj4dvgCbt4Oom/Xpowc3B5bGxUDRizg4ePYhgYnTl9j75+n+H3BQCaN+prZ89bxIjT23N2+85Bd+xJx7uxLxaZfn7LfXVExGv5+eIoSiRj6OexFKLkLetKmR3uTT5bsn8WLDb4bxJ9b9sZbvmbBH5SuXJaJv03H3tGBXWtfP5fs37Q7URXCJdwK8vfDU0TFaMzeRgghRPKxTu0ECCGEpfnu237xls35cR4H//qbhg38KV+ubKL3+eLFCyZMmopSqWTRgrmULhU7d9CrHsHjJk6mUsUKODg4fHD605OXkZFs2bqNHt2+oW2bVgBUquRFrTr12bh5Cz27d03lFH64yMgotm7bweCBA2jTqgUQW2EQePIU23bsxLeGT1ysi4sLN2/e4vyFCxQrWtRkPydOnuLe/fu4ubp+1PSnpA0bN6OysWHm9CmobWwA0Gq1zF+wkAH9+mBnRiv7tOzgX39z9dp11q76g/z58gJQpnQpfGv7s2PnLnp06xIX6+LiwvadO/nu277Y/HsuXtm0JQBnZ2fCwsI+avqT07Hjgdy8dZulvy2mRPFiAOTIkY3PO3TieOAJvCqUT+UUJi9Lye8v//uNmr41GDJwAABVq1QmNDSM35YsY9SIYahUKrPvY7VajZWVFVu2bqfjl+1NjhMVFcWuPXvT5Peb2sYm7jf7v2bN+ZE8uXNT0et1RUF6zWNCjp84ya3bt1m/egV583oCsd9fVavX5M+//o77PQPL+f5yc3VN8PpMnzmH+v51cXR0jFv2Kfxer1q9lsqVKsY9F3tXqczde/dYsWoNdWrXSuXUJZ5Op2PP3n307N6VVi2aA1ChXFl8/OqwZ98+unh+HRdrCWV62R8rcXR0ZM6s6XHfzS4uLnTr0ZuzZ89RvlxZNgdsxTFDBqZPnYRSqQTAIYMDvfr059at23H3/qttN20OoLZfzXjH2rh5C26urvF6g6Ymc5/Bdu3Zy+aArfwwazrVq3m/dX+WUCbexpx74/KVK/xz+AizZkzF16c6AFk8PPimW08OHz1GJa8K3L13j2JFiuDu5hb7cXfn3v37uLhkZNzEyXzetk1qZjPJtIEnURUsYFbv3zPXr3H38SMWDxpKrs+yAFA8b14aDx3MkYvnaVzVmwdPnlAwZw5cnJxwcXLCzdmZoKdPyOjgwOy1q2laLXHDKSvs7FAVLIA28CTqjzhEtTEiEGwLJbr374nT1/jr8DkK5s9hsvz02evcvfeY3+cPIneu2HNXopgn9VsM4/CxSzRtUIX7D55QKH9OXF2ccHVxws3VmQdBT3F2cmDGT2tp3vjt93A8SnuwLYQxIhCFc8oNYX0y5CL5nXOZ3fsXIPRZKIVKFaGi3/uv59qFK8iRPze3L98wWf4k+BFFy5XA2kZF4TLFOL7/MABXz14m8OAxfBr6mZ0eO6Wa/M65OBlykSoe6W8YayGESO+kB7AQQqSwS5ev8PvSZbi5ujJwQP8k7WPXnr1ERERQt04tkxfJ5cuVpWYNH168eMH+AweTK8npxrVr19DpdHj9p6W92saGEiWKc/7CxVRMWfKxtVWze0cAzZs2NlluZ2tLVJRpy+eiRQqTPVs2NibQw2DT5gAKFiyQ5B7oadGFi5coXapk3ItJgArly6HRarl2/cY7tkwfVCoVTRo1iHvxCJAhQwYyubsTHm7a6rq2X03CwyPYf+BPk+VGo5HNAVupX69Ouuo5+qbzFy5ib28XVxkKUKxoUezt7bhw0TLu9f+ylPwWKVKYJo1MhyvOkzs3MTExcd9f5t7HCoWC2n41E+xBtWvPXrRaHb6+PvHWpUXR0dGs37iJ1v+pBAXLymOFcmXZu2ubSQWQjUqFUqmMNwS4JX9/nT5zlvMXLtC2dUuT5Zb+e20wGLh0+YpJAweIvbcvXrqM0WhMpZQlnVanw2AwkCHD68aWarUatdqWqCjTXk2WUKazZPHgi3ZtTL6b8/xbJsPDwwH45uuOrF+7Mq7yF2KfTwGiok3v8zq1avLP4SM8eWI6wsGDB0GcOHkqzTUKMPcZbNXqtdT2q0n1at7vvKaWUCbexpx74/z5iygUCqpUrhQXU6F8OTJlykTgv72f8+TOzfmLF3kaEsL1Gzd4+vQp2bNnY9PmAOzs7Kjl5/txM5ZMdOcuoMyRzazYUvkLsGbMuLjKXwCVtTVKKyui/+15n9PDgyt37/E8LIzbwcGEhIbymZs7O48fw1ZtQ7WSie9Rq8yRDd25C4ne7kMYI8+hUGdP1DYxMXpmz1tHq6Y+ZM/qbrKudMl8bFg+Oq7yF8BGZY1SaUV0dGw5zJUjM5ev3eXZ8zBu3X5IyLNQsn7mxvY9x7G1tcGnavwGe++iUGfHGHnu/YEf4Pyza2R38EjUNuHPQ8no5gJG0Ea/vdftsf2HCb7zgIZfNI23LnP2LFwIPIteF8OVM5fInM0DvS6GdYtW0LJLWxRWikSlKbuDB+efXUvUNkIIIZKHVAALIUQKiomJYeTosej1eoYNGYSzk1OS9nP6TOwfFgkNKVahfDkAzpxN2T8+0qKQkNieAm5upr1kXF1ceP78eWokKdlZWVnh7uaGSqVCq9Xy4sUL/li5ipOnTpv0oILYXnONGzVg+45dJvNnRkZGsXvvPpo2avjW+dfSo5CQkASvPWAR19+7ahXGjPreZNmjR48JCg6mfLkyJsvd3V2pUL5cvMqEwBMnefAgCP96dVI8vSkp5NkzXF3i94bLmDEjz56/SIUUpSxLye+YkSNMpkAAOHX6NAXy58PJKbY3pLn3sVarpWmTRty6fTvePLKbNgdQvZo3jhkypEQ2kt2mLQHoY/Q0aljfZLkl5VGtVuPu5obRaESj1RIc/JCx4ydhb2dH/Xp1TWIt+ftr+R8rKVe2DPny5jVZbum/1+EREWi12ni9mF1cMqLRaIj82EONJgMHe3tq+dVk2fIVXLl6jbCwcObOX0jky5fU9zcto5ZQpr9s/zlfdfjCZNmpU2ewtramZMnYoWwzZMiAs5MTBoOB6Ohorly5ysw5P1KieDGKFilism31at7Y2dmxZavp/LibtgTg6uJCRa+0NbKFOc9gOp2O02fO4ujoSNsvvqRMhcr4+NVl2R8r4+3PEsrE25hzb0RrNCgUCqz/01gAIOtnWQh++AiIbdjcwL8eLdt8Tq8+3zJs8CCUSiVzF/zM0MED4x03vYi5dQelh3kVeDYqa1ycnMBoRKuL4dGz58xatRI7W1tqlo39m79kvnz4lStHl+lTGb7oZ/q0aInSyopft2+jd7MW7zlCwpQeHsTcuvP+wOSkuQmqLO+P+48/1uxDq4uhfZv4DUbU1+tOGwAAIABJREFUNipcXZwwGo1otToePn7GtB9WY2dni1+N2BHYSpXIR23fcnTqOYPBoxfRr0dzlEor/rd0B/16NEt8HlRZYvORgm6HB+Fh52Z2vEFvICIsgqP7/uG7Nr0Z1K4vU78dz73rptc3MiKSLUvW4/95YzI4OcbbT8subTlz+BQjOg4kIjScOi3rs3v9DnIXzEvugp7x4t/Hw86N2+GWM0WXEEKkJzIEtBBCpKBf/vcbV69dj5sLOCFjxk1kzLiJ79zPs5AQIHYuwTdlypQJgKf/xnxKdLoYAKytTX/OrJRWaHW61EhSiqrmWzuu59R3/fviXdV0WCetVkvjhg2Y//Mi9u7bj3/d2JcuO3ftRq/X4+9flw3paA7J99HpYuJfe6vYtm1areVdf4BJU6eRP19efKqbDjWm0Whp0rghw78fzaNHj+O+KzZs2kLRIoXJnSv99iSD2Jesb15rAKWVEl06riR5G0vN7/kLF9iwaQtTJo6PW2bufWwwGCherCi5cuVk46Ytcb2j792/z8lTp/lx9gyOHD32EXLxYYxGIytWrqFRw/o42JsOe2gpefyvi5cu0679V0BspfDP834kc+ZMJjGW+v318NEj9u4/wNRJE+Kts/Tfa92/z2Bv3tvKf+9tnVYL9okb9jMtGDf6e9p/9TWt2r6uGJ02ZWK8Cn5LLNNhYeHM+WkuLZo1iVexv3T5CmbO/gGAnDmy8/v/fkGhMO0dprCyom7tWmzcHECnr74EXvd+bVC/HgZD2u8V/uYzWFBQMDExMWzcvIUunTvRp3dPdu3aw7QZs8iZI7tJAyhLLBP/9b57I2eO7BgMBi5eukzxYrHD3uv1ekJCnuHu/ronZ8/uXU2m8Bk1ZhxNGzciZ47E9RRNSwxPQ1C4OCdqm2v379N95nQA1CoVU7r1wN359T6+qufPV/X84/4/fcUK/CtUJKu7e7x9mUPh4ozh6cd9l6DQPQVlRrPjg4JDWLZ6D6MGd8BWrXpr3NXr9+nSdxYAarWKGeO7ksnt9bn7un1dvm7/uiHalNkrqV+7Atk+S8K5U2aMzUcKCtG8IKM6fgXt20S9jCSDUwbcPNyp08qfl2Ev2bEqgEWT5jFi7lhsbGOHkg5YtoGMbi5UrVOdRw8exdtPlhxZ6T9lcNz/nwQ/5vDuvxk0c0SS8pFR7UiIJv00YhVCCEsiPYCFECKFXL9xg1/+9xvOTk4MGzLorXFFixahTu1aJh/PPLlNYl69EkmPQ+alFgWJG5YoPVj88zwWzPuRNq1aMHPOj/x58C+T9RqNBg+PzFSq6GUyhOjGzQHU8KmOs5NTuq48Sow3XzxagoW//I/DR44xbsyouAqyVzRaLTV9a5AhgwObA2J717x8+ZK9+/bTtHEji60QB8u81u+SXvP79OlTvh04hDq1/MwexvHNvGq0Wpo0asiOXbvRaGKHtNu0OQB3d3eqVK6ULsr5oX8Oc+v27XjDP79iCXn8L888uVn622Jmz5hGqZIl+HbgYIKCgk1iLPX7a+WqNbi7u1HDJ/7cgJ/873U6/R6bMm0mz549Z/yYUSyc/xP16tZm/ITJ3L5j2rPK0sq0Xq9n8LAR2Kpt6dO7Z7z19evV4ff/LWL8mFEYDEb6fzco3nDGWo2Gpk0acefOXU6fOQPA0WPHCQ5+SJPGjdDp0nZ5T+gZLOLlSwD69elJty6dqeRVgVHfD6N4saIsWfaHyfaWVibe9L57w6tCeTJlysSESVO4ees2Dx4EMXjYCO4/eBCvMdQrp06f4cTJ0zRp1JDuvfriXcOP7wYP5WVk5MfM2gczRkWhUNsmapscHpn5qV9/xn3dmaJ58jDmt//x6C1zZJ+/eZOzN65Tx8uLoQsX0HT4UMb9/itRmrcP/fsmhdoW40cemcFojMJoZf55+WHBesqUyEeVikXfGZcruwfzZ/Zl4sivKVY4D99P+J2HjxM+d+cu3OTMuRvUq12Bgd8vpGHrEYyauITIKPPOndHKFqMxZc9bVIwGWyub9wf+y8EpA+N+nUanQV0p4VWaSrWq0nlId8Keh3Lq79jh1u9eu8WRvYdo2bUt5r4yWbtwJXVbN+DcsTOM/mYI47qP4OzRU2any9bKhqgY88ukEEKI5CMVwEIIkQIMBgMjR49Dp9MxcED/eC3l/6tFsyZMnTTe5PNm7z43t9hhf548eRJv+1fLXF3Mb0FrKWxsYlv/ajWmL410Ol3cOktStGgRKnlVYOjggVSq6MWChb+YrH/VI7pp40YcOx5I8MOH3L17j9NnztC0cUMgdlhyS2Fjo4p/7WN0cessyfYdu5j/8yLGjRlJwQL5462P0elQ29jgX7cOm7fEVibs2LUbo9FIvbq10/11t1HZoNHGf2mg0+lQqcx/KZJeWFp+o6Ki6NX3WzK5Z2L0yOEm6xJzH+t0Oho1rE90dDR79u7DYDCwJWAbjRr4Y2VllS7K+bI/VlLRqwJ5cudOcL0l5PG/7Oxi57Ku4VONH2ZNx6A3sGLVGpMYS/z+io6OZt2GjfyfvfuMi+LoAzj+u8bREWmKAlZQsfeGXezGEjWJ6aaYolHTjHlMYkyMqcbERGOMxqgxtsTeW+y99y4gAoL0csDdPS9Q9DiQw1AO/H8/H16wO7s7Mzuzu7ezMzNo4ACT+VHvKuv3a5s716mc17G76bYphdexy5ev8PfyFXw47n369O5Ji+bNmDRxAp6eHmbPY2WtTE/68mtOnz7D1O++zrWxzt3dnYYN6tOnd08mT5rIseMn2LV7j0mYjIxM6tUNpHr1atnDIK9YuZoG9etRrWoVMqw4T/J7BqtTu7bJ/y1bNOfKlasmy8pambifJXVDq9Xy7VdfEB1zm/6PD6Fn3/6UK1eOqlWqUKGC+TDAer2ezyZ9yfvvvc3Pv8zEz9eHjWtXoc/UM3vO3OJOYrGztdFSy68KrerWY+KwV9AbDCzfucMsnF5vYOqyJbw5YCBz16+jkrs7Cz/+BL3ewF+bN5dAzIvGjt0nOHz8Im+83A+93oBeb8Bw58N4vd5g8pG8rZ0NdWr50aZlIJM+HoZeb+DvlbvM9qnXG/jup2WMHD6AOfM2UMnbnSW/f4Rer2fB4i3Flrbi4FPDDycXJyLDIzAajCye8SfN2rekcjU/DHoDRqMeAKMBjLmMxnBk5yHSUlKpHliTlX8s4/UJo3lm1Iss/PEPUpJK1wcZQgjxKJIGYCGEKAK//zGf02fO0qZ1K/r07pn/Bvm4Owzknn37zdYdOJT1JWe9unX/83FKm7sN4zE5voiOjo55YKN7aRJz+zZ/L19hNqetf80aRESaDtdkvNNXvEP7IJydnVm1eg3LV66iYoUKtGieNbdaWepE7ubmlsu5zxqGq6ycf4AjR4/x0YSJjBk1kuAunXMNc/fFR7/H+hISmjVc7IqVq+nSqSOOjo6lfvQAd3c3YmPjTNJhNBqJuX3bbP7YsqAspddgMPDeB/8jKSmZaVO/RavVmqwvUD02GnF3c6Ntm9YsX7ma/QcOEhEZSb++WQ1mRqy7nF+5eo19+w/w5JDBeQcq5Wm86/z5C6xYZTrXpa2tLZUrVza/d5XB69fK1WtIS9MxsH+/XNeX9fu1o6MDWhsbYmJM6/at6Gjs7Oywt7croZg9vMtXsuZ5rFO7VvYypVJJYJ3aXLp02SRsWSrTs3//g1Wr1vDD99/i5+drsm7X7j3s2bvPZJl/zRoAedbz/n37sHHjZm7dimbLtu30u/PBg7UW+Ac9g3ncGW43IsI8rRqNxmwZlI0ykZOldaNB/XqsW/UPyxb/yaZ1qxk14g1Cw8KoX9/8N+zceQvw9fUhqE1rjh8/Qa+ePbCzs6NH92BOnDxV9IkqRAo7O4y6NIvCXg67wYYDpr/3tTYavN09uBVnPnzu0n+3Usndg+Z16nD66lW6NGmGrY2Wjo0bc+b6NYvjaNSlobAr3uuyQmGHwmBZvixYvIX09EyefuULOvV5h0593mHbjmOcvxhKpz7vsGHzIS5evsH6TQdNtrPVaqjk7U5UtHneLfp7O5W9PWjZrDYnz14luFMTbO1s6Ny+EWfPWTYfssKQhkJRtPlmp9aSZrB8hISbIeGcOXwy13UKhYKzR08TdjWU/Vv3MGbQ64wZ9DqT3/oUgF+/+ImJr5vOfZ6WksbKP5YyePhThF66jp9/VTy9vagSUA0Xt3LcDLFsXt80Qzp2am3+AYUQQhQ6aQAWQohCdv16CDN++RUHe3vGfzi2UPYZ3KUzDg4ObNi4mWPHT2QvP3rsOFu2bsPZ2YmOHdsXyrFKkwD/mmi1Wnbv2Zu9LDU1leMnTlKvXtloEDfoDUyYOInt/5oO93zx0mV8fXxz3Uaj0dC7Z3dWrFzDqjVr6dunl9mQwWVB/Xp1OXL0WPa8yAB79x3A1taWGjWqP2DL0uP69RBGjXmXIYMG8szQJ/MNX7tWAAEB/vz403SOnzhJ/359iyGWRa9+vbqkpaVx+Mi9ocYOHzlKRkZG9lxyZUlZSu+XX3/LyVOn+XnaVFxdXc3WP0w97v9YXw4eOsyMmb/RpHEjfH19iiz+hWnBnwupWLEC7YLa5Bu2tKbxrstXr/LRJxMJDQvLXqbT6QgNDcUvj7SUleuX0Wjkz4WLCe7amfLlzcv8/crq/VqpVFK3bqDJ8xnAvv0HqBtYp4Ri9d94e1cEsno73u/i5StUquSd6zalvUxv3LSZaT/PYPKkiTRsUN9s/dZt/zJx0mT0en32souXLgHg65N7Pe/dqwe69HTe++BDlEol3YK7Fk3kC0F+z2Cenh5UrVKFdRs2miw/cPAQNfO4f5X2MpGbgtQNjUZDjerV8fT04KfpM3FzK0+rFs1NwtyMiOCP+X/y3jujsxYoFNmjxhuNRrPhxa2d0t0NY2y8RWGvR0Xw9cI/uRlzb17Z9IxMwqNvUcnDwyRsVGwsS7Zv5/V+/QHTaTOMxoJNHWWMjUfp7mZx+MJg1LiD3rI5YT8Y8yQzp442+WveOIAqvl7MnDqa1i3rcD00ki+mLCT85r25jHXpGdwIj8bHO0feRcWy+J9/GfHKY0BW3t3NPSNGDJZ+bKePy0pHEXLTliNOl2hx+IjQcGZNnk5i/L1tIsMiSIxPpKKPN1UCqvH21+NM/l54N2ve7f4vDublca+b7G/NghXUa96ISlV9suoi95czo8Uf78TpEnHTPnoj1gkhhDVQl3QEhBCirJn05dfo0tNxc3djytRpZutbtWhe4B/75cu78uHYd/nfx5/y4svDadigPkajMbsxePy4sbg4OxdK/EsTW1tbBvTry+w5c3F2dsLHx4c/Fy4CyO4tVdp5eLgT3KUzU6b+SGZmJr6+PuzZu49du/fww5Rv8tyuf7++zP/zLxQKRZnJi5z69+vL3HkLGPX2ezz91BOE3Qhnztx5PD6gn1kvw9IoLi6ON0aOxtPTg04dO3D02HGT9XVq18o1nf0f68vkr76hUiVvmjZpXFzRLVJNGjciwL8m4z/5lNEj3wSFgqk//EStgAAaNWxQ0tErdGUlvfMWLOSvxUt5Z/RbxMTEEBNz76Wcq2s5qvj5PVQ9bhfUBrfy5Tl2/DgTJ3xUXMn5T+ITEli9dj3DX3nJoga+0pjG+3Vo147KlSox+u33ePXll7C3t2PhoiVk6vUMGjggz+3KwvXr7jzPn31q2Xkrq/frp54YwtvvjWXyV9/Qvl0Qu3bv4dDhI0z55suSjtpDqVO7No0aNmDi55N58/XhuLu7sWHjZs6cOcusX37Oc7vSWqaPnzjJ/z6aQI/uwbi6upo8g2g0auoGBjJk0EBWrFrNu2M/5PEB/UhKSuKn6TMJDKxD82ZNc92vq6srHdoHsXnLNh7r0zvP+V9LmqXPYCPeGM6Yd8fyycTPaR8UxLbt/3Ly1Gl+/+2XPPddWstEXgpSNw4dPsLlK1dYu24jZ86e5Yfvv0WtNn0tGRoaxmuvvkTFO0ND16tbl9Vr1lGjenU2bNpC/Xr1ii1thUFd1Q99ZCRKb/OhrnNqXbcu3m7ufDz7N54O7oadjS3Ld+1ArzfQp7Xpx2Ph0dE8F9wdzzsf19Xy9WXz4YNUrejN9mNHqe2X+1QTudFHRqKu6lewhP1X2mqQEQE2uX9Ac78qfuZ55+RkT3xiCgE1sz42aduiLpUquvHhxNk891Qw9nZa/l65E71eT9+erUy2DbsZzfNDg/H0zMq7OgG+bNh6mKpVvNm28zh1AizMi4yIrHQUoSpO3kSmxlDR3rKG5rpN6+Pu5cGsST8RPKgXen0ma/9ciZuXB43aNkWlVmHvaPoRuc2d522Pih5U9L3vfBghIyOdfs8PAsCnui/Lfl1IVHgkackpJNyOp6JfJYviFZkaQxWn/M+1EEKIwicNwEIIUciuh4QAEB5+k/Dwm2brnZwcH+pr7149e+Dh4cFvc+Zy+sxZMjMzMRqN2NraYmtr+5/jXVqNGTUShULJzFlzSEpKwt+/Jj//+D1eXp4lHbVC8+kn45k5azZz/pjH7duxVK3ix5RvvqR9u6A8t6lRvTp1AwOxt7fL/jK/rKlYoQLTp03lmylTGf3O+zg6OvL4gH6MfmtESUetUJw4eSq799wLL71qtn75skW5ziPaq0d3pnz/A/369jbpDVCaKZVKfvj+WyZ/9Q0fTfgMhQJaNG/GB++9WyZ6y+VUVtK7dt16AL6ZMtVsXbfgrnz1xWcPVY9VKhV9evdk8ZJleQ6Lbm2W/f0PRoPB4vt/aUzj/ezt7Zj1y89M+WEaX3z5NRmZGdQNDGTu7F8feH8uC9evBQsXERhYh7qBlvXWL6v36y6dOzJ+3FjmzJ3HkmX/ULFCBcaPG0unjh1KOmoPRalUMnXKN/z403R+/Gk6CYkJVK9WjZ9+mPLARrzSWqY3b9mGLj2d1WvWsXrNOpN1buXLs3XTOgIC/Jn1y89M+3kG77w/DgcHe9q0bsWoEW888F7V/7G+bN6y7d7wz1bI0mewzp068sXnnzJj5ixWrV6Lr09lvpr8OQ0b5P2xVmktE3kpSN2Y+PlkkpKSaNKkMePGvpvrnMrNmzU1+YBg9Mg3GTf+Yzp27U6L5s0Y9sKzRZ6mwqSpF4hu83Y0jfL/gM/WRsvXr7/JrNUr+XHZUjL1emr5+fH9yLdwL2fae7JhzZo0rHkv/17u8xiTF8zj8fEf0ijAnyc7d7E4jvrQG2i7FO+1WWFfD2P8ZhQOhfMRhK2dDd998Roz56zh++l/o8/UU8vfl2nfjMTD3TTvGjeoSeMG9/Ju+Au9+fybP+n31HiaNPRn6GDLnruMujAULpbn88OoW74mW27sp6FbgEXhNVobXvtoJCv++JuF0/4gPT2dGoH+DHhxMCq1qmAHV8ATrz+T/a+ntxe9hvbjx/99i0qtYsjrz2DvaNlHPGHJkXSu1KJgxxdCCFEoFMbSPNmIEEIUsvDwcJycnEo6GhbbvGUb//t4Ajqdjk8/Hl8o8w0/rMTErGGGSlP+FaZHPf3w6ObBo5ruu8p6+st6+vLzqKT/UUnngzwqefCopPNBynIelOW0WepRzwNJ/6Od/sJUGHlpTE3l9gvDcXzz1WKfZ9cSxtRUkqb9Qvk5Mx46fg+VT/oUDJefR+H1JqiscySAB9KnYIychrL67wWKf0HzKjVTxys7P2F4ncHYqUrnCFepeh0zzixmZtAnBZoHODExEW9v6TUshBAACQkJD71t6elCIIQQwkyXzh2Z+9tMOnVs/8DeoEIIIYQQQgghhCg+Cjs7tO3akH70RElHJVfpR0+gbdem+BunVfbg1B5SjhXvcQtLyrGs+Bdx47WdWkvbCo04EXO+SI9TlE7EnKdthUYFavwVQghReKQBWAghSrmAAH++/Woyzs7ylbcQQgghhBBCCGEtbHv3IOPQYYypqSUdFRPG1FQyDh3GtnePEjm+onwfSDoA+pQSOf5D06dA0oGs+BeDnj5BHLp1hlS9rliOV5hS9ToO3TpDTx/prCCEECVFGoCFEEIIIYQQQgghhBCikKl9fbDt3In0nbtLOiom0nfuxrZzJ9S+PiVyfIXWF8p1hYQdJXL8h5awA8p1zYp/MfBxrEgn7+bsjjhaLMcrTLsjjtLJuzk+jhVLOipCCPHIkgZgIYQQQgghhBBCCCGEKAL2zz6J/nYcGUePl3RUAMg4ehz97Tjsn32yROOh8HgOoz4Wko+UaDwslnwEoz4WhcdzxXrYoTV7E6tL4FgpGgr6WMx5YnUJDK3Zu6SjIoQQjzRpABZCCCGEEEIIIYQQQogi4jhiOLrd+8g8c65E45F55hy63ftwHDG8RONxl6LiW5CwG1LOlHRUHizlDCTszopvCXi9zhD2RR3nXNzVEjl+QZyLu8q+qOO8XmdISUdFCCEeedIALIQQQgghhBBCCCGEEEVE7euD8/tjSNv6b4n1BM44epy0rf/i/P6YEhv6OSeF1hdF5bEQv8V6ewInH4H4LSgqjy22oZ9z8nGsyDv1n2f7zYNW3RP4WMx5tt88yDv1n5ehn4UQwgpIA7AQQgghhBBCCCGEEEIUIXUtf5wnfEjG+YvoNm7GmJpaLMc1pqai27iZjPMXcZ7wIepa/sVyXIvZ1QbfiRhTz0PsetCnlHSMsuhTIHZ9Vrx8J2bFswT5u1RhfKNXuRh/nc039pGq15VofO6Xqtex+cY+LsZfZ3yjV/F3qVLSURJCCIE0AAshhBBCCCGEEEIIIUSRU/v6UO7rz1FVqkzyr3PQ7dlfZA3BxtRUdHv2k/zrHFSVKlPu68+tpudvTgqtL8oq34KtD0TNhMQ9JdcQrE/JOn7UTLD1QVnl2xLr+ZuTj2NFvmg+ikr2nsw+9w/7o06UaENwql7H/qgTzD73D5XsPfmi+Sjp+SuEEFZEXdIREEIIIYQQQgghhBBCiEeF/bNPYtOhLWmr15E07Rc0Af6ofCqh8vJC4eqCQmsLSoXlOzQYMerSMMbGo4+MRB96g4zzF9C2a4PzxI+stuE3J4XHcxidO2K8vQoip4FtLRTayqCpAKpyGJW2KBSF15/JaDSgMKSBPg4yIjDqwiDtHDi1R+E7yWoafnMaWrM37So2YW3oTmacWUxNFz8qO3jhZedGOa0TtkobFIoClB8LGI1G0gzpxOkSiUyNISw5kovx12lboRGfNHlNGn6FEMIKKYxGo7GkIyGEENYiPDwcJyenko5GqZSYmAjwyObfo55+eHTz4FFN911lPf1lPX35eVTS/6ik80EelTx4VNL5IGU5D8py2iz1qOeBpP/RTn9hKs68NKamkn7oCBknT5N59TqG6JisXsGGAryyVSpQ2NmhdHdDXdUPTb1AbJo2RmFnV3QRp4jzSZ+CMekQxpSToLuCIiMaozEVjIbCO4ZCiUJhh1HjDtpqKOzroXBsCir7wjvGHUWVV6mZOo7EnOHU7YtcSwwnRhdHaqYOQ2HmE6BUKLFTa3HTlqOKkzd1y9eksVsd7NTaQj0OZOWVt7d3oe9XCCFKo4SEhIfeVnoACyGEEEIIIYQQQgghRAlQ2NmhDWqDNqhNSUfFuqjsUbi0Q+HSLntR4fZpvaeo9lsc7NRa2ng1oo1Xo5KOihBCCCsjcwALIYQQQgghhBBCCCGEEEIIIUQZIQ3AQgghhBBCCCGEEEIIIYQQQghRRkgDsBBCCCGEEEIIIYQQQgghhBBClBHSACyEEEIIIYQQQgghhBBCCCGEEGWEuqQjIIQQ1sTJyQknJ6eSjkap9qjn36Oefnh08+BRTfddZT39ZT19+XlU0v+opPNBHpU8eFTS+SBlOQ/Kctos9ajngaT/0U5/YZK8tIzkk+Ukr4QQQhQXaQAWQoj7dBs8oqSjIIQQQgghhBBCCCHEI2vPut9LOgpCCFHqyRDQQgghhBBCCCGEEEIIIYQQQghRRkgDsBBCCCGEEEIIIYQQQgghhBBClBHSACyEEEIIIYQQQgghhBBCCCGEEGWENAALIYQQQgghhBBCCCGEEEIIIUQZoS7pCAghhBBCCCGEEEIIIURZpzXoCUhJpFpqEhXTU3HJyMDWaEBhNBbqcYwKBWkKJfEaDTdt7Lhi58h5eyd0SlWhHqco2Wr01PWJI8A7nspuyZR3TMdWo0ehKLxjGI2QlqHidpINYTEOnA934VRoOdIySk8+GVVGMrzSySifgd45E4OtAdRGCrdEgQIgU4EyTYkqQY3mtgZNpA0KfSGeECGEEIVKYTQW8hOGEEKUYq17PF/SURBCCCGEEEIIIUQZ4pmeRuv4aBomxRFia0+URkusWkuiWo1OoaRQWzUBjEa0RgNOmZm4ZurwzNDhm5bCMcdy7HFxJ8rGtnCPV4i8XVPpGHiT5jWiuRLlRESsHbcStSSkaIqkYdZWo8fZPgMPJx0VXFOp5pnIgUvubDtdkfBYu0I/XmHRO2aSViWNDG8dqjg1qiQ1yhQlSp0SRSbcabItREaMajBoDRjsDegdM9GXy0QTrsX2mi2qpMLtZ7Zn3e+Fuj8hhCitEhISHnpbaQAWQoj7SAOwEEIIIYQQQgghCkv3mAiaJMZw1t6ZSyXYC1dr0FMjJZHaKQkcdnJjvVuFEonHg/RvHkIb/yiOh7hyNsylRHri2mr01K4cTwPfWHZf8OSfA77FHof8pAYko6usQxOlQRNtgyKzZHrhGtVGMtzTyfDMQBumxe68Q6HtWxqAhRAiizQACyFEIZEGYCGEEEIIIYQQQvxXnulpDLwVSpJKw3HHclYz/LLWoKdBUhyO+gyWefhYRW9gb9dUnml3iYQUGw5edrOKIZhtNXqaVY/B2T6deTtqWEVvYL1jJsn1k1DqlNiEa0us4Tcno9pIurcOg9aAwwnHQukNLA3AQgiR5b80ACsLMR5CCCGEEEIIIYQQQgjxSPNLS+bF8CuEau054OxmNY2/ADqligPOboRq7Xkx/Ap+acklGp/qXom81fMM16Kc2HnO0yoafyG50GGJAAAgAElEQVRrbuCd5zy5FuXEWz3PUN0rsUTjk+maSWLzBNRxGrQhtlbT+AugyFSgDbFFHachsXkCma6ZJR0lIYQQSAOwEEIIIYQQQgghhBBCFArP9DSejLjOESdXLto7l3R08nTR3pkjTq48GXEdz/S0EomDt2sqr3S5wN4LnpwOcymROOTndJgLey948kqXC3i7ppZIHPSOmSQ1SkAbpkVzS1MicbCE5pYGbZiWpEYJ6B2lEVgIIUqaNAALIYQQQgghhBBCCCFEIRh4K5RTji5ct3Ms6ajk67qdI6ccXRh4K7REjv9Mu0scueLGpQjrzqtLEY4cueLGM+0ulcjxk+snYROhRR1rvY2/d6ljNdhEaEmun1TSURFCiEeeNAALIYQQQgghhBBCCCHEf9Q9JoIklcaqe/7mdNHemSSVhu4xEcV63P7NQ0hIsbHanr85nQ5zISHFhv7NQ4r1uKkBySh1Sqvu+ZuT5pYGpU5JakDJDi8uhBCPOmkAFkIIIYQQQgghhBBCiP/AMz2NJokxHHcsV9JRKbDjjuVokhhTbENBe7um0sY/ioOX3YrleIXl4GU32vhHFdtQ0HrHTHSVddiEa4vleIXJJlyLrrJOhoIWQogSpC7pCAghRFlSrUpl5k//jITEZPoMfYuMDPMHXVutDasX/oC9nS2Dh71PWHikyfoKnm4s+/0b/vpnAz/++pfJusBa1fl1yvg8j7/nwHHe+XhK4SSmGKnVKtq2bETfbu05cOQUf/2zwSyMQqGgV9e29O3enqp+lZgyfQFrN+8q0H7WLZqGi7MjL46cwLmLV3ONy4+T36dJg9pMnjqHlev/LbxE5qNu7Ro81r09WlsbPvpiutn6x/t2YWDvzlTwciMiMoYlKzfz9+otZuEa1avFUwO7E1i7Orv3HePzKb9lr5v04Zt0aNuUabMW8eeydbnG44Wn+vLyMwPYsG0vE776pfAS+ACODvZ079yavt3aM+n72WbnpkPbpjw7uBd+lSsSn5jM1p0H+G3+clLTdBaHebxvF8a89vQD60iDuv5M/3oct2Jieezp0UWX4PvkV2a1NjaMeHkInYKa42Bvx+VroUybtYgjJ85lh/F0L8/rLw6macM62NhouHD5OtPnLOH0ucvZYay17C+d8zXeFTzMlgf1HoZer0ehUPDUwO4M7NOF8uWcuXD5OlNmLODshXtpsNZynZv86nFZSy/AuNEv0ju4ndnyt8Z9zcGjpwHo0bkNTw7sTmVvL27HxrNp+z7mLFxJenoGYL31Ny+W1Ekvj/L888d3ZtueOHOR4W9/Dlhvvc2LJdfq/M51aSvfNar58MaLg6lVsypGo5GjJ8/x469/EREVA8CK+VPwcHPNdduzF64y7K0JhfLsWFwCa1XntecfJ6BmFdJ06Rw+dpafflvErZjY7DD55UlpSm9+5RVK7/PHgygUCmZO+R+BAdXpPGA4qan3GoPyu2/f9aDn2tJQz998aQhPDezBu598z+79x6js7cXi377MM/yCpev46bdF2f97V/CgT7d2dAxqxhMvjTUJWxrLRH7s7WwZ+cqTtG/dBBuNmr2HTvLd9Hncjk0wCZff77nXXhjEYz06oEtPZ8acpazbsru4k/KftY6P5qy9MzqlyuJtynmUp0HblgQ0rc/MDyebra9evzbt+vfAraIXCTFx7FmziVN7DmWv96hUkZ4vPoFbBU9CL15mzayFpCQVvNelTqnirL0zreOjWe5RucDbF1THwJscD3ElLcPyvAJwcHDhhZfGERsbzYI/vs5e7uTkysvDPzELH37jKn/9+T0AQe36UK9Ba/SZGezcsZozpw8UON5pGSqOh7jSMfAmC3ZVK/D2BT5elTQ0URoUmQqLwret34ierYLwKu9GfFISe08dZ/mOrWTo791vX+ozgPYNm5pt++X83zh19TI+Xl680vdxKrp5cD7kGjOWLyYxJaXAcVdkKtBEaUirkobDKese4lsIIcoqaQAWQogi4OzkQFDLRmzdedBsXce2zbC3s81z2+6dWqNQKAju2IqffluMwWDIXnc99CbvfvK92Tb1atfg2SG9OX76QuEkoBi9/MwA+vXsgIuzI0qlkkPHzuQa7sMxw+jeuQ3rt+xm5fp/sxsOCrofgN7BbXN9mV7B043G9Wv9twQVUJd2LXhh6GNU9fXGYDCw79BJszD9e3VkzGtPM2/xGo6cOEfzxoG888YzZGRksGrDjuxwvYOD+GDUixw9eZ7ZC1Zw7NT5XI/ZKzgo1xduCoWCnl3aFl7i8uHk6MCY14bSsW0z1GoVSqX5wCRd2rXg0w9eY8nKzfz6xz9U8fPmlWcH4FrOmYnf/GpxmLtaNq2HW/lyxNyOMztW765BRZPQPFhSZke/NpTgjq2YPnsxEVExDOzTmW8njmHoqx8SHnELW60NUye9i16vZ8qM+aSkpvF4ny5MnfQuTw//MPuF+13WVPYB3Mq7sHbzLk6cvmiy/O517+lBPXn1uYH8/tcqLl0N5akB3fnhi/cYPOx9YuNMXypaS7nOiyX1uCyl9y738q6cPnfZ5FoFcDXkBpCVjnGjXmT+krUcPn4W38oVGP7849jb2TJlxgKTbayp/ubF0jrpXj6rZ9CM35cSF5+YvX1MbLzZPq2t3ubGkutwQc51aSjf3hU8mPndeE6cvsCk72djZ2vD8OcH8f3n7/LsG+NJT89g7Kc/YKPJMVyjAr4YP4L9R06ZLP4vz47FoapfJaZ9+T77D5/io8nTcbC346Wn+/PVJ6MY9tYEDAaDRXlyl7Wn15LyWlqfP/LzWI8OBAZUz3VdfvdtS55r77LWel6tSmWG9As2WRYVfZvX3plkFtbTozwT3h/OgTv12b+6H2++NIQmDWpjNBrR3VfmcypNZSI/n3/4BrVqVmX6nCVkZup5/cXBfPnRW7w8eqJJuAf9nmvWKJAu7Vsw9NVxlHd1YcY349h3+CSxcQlU9atEQA0/1m/ZU9xJKxCtQU/DpDj+trDx1Mu3Eh0H9cGvdg2MBiOZuXwQU7lGFR4fMYyzB4+xa+VG/BvVpdeLT5KSkMSVU1kfhHZ7ZiDnDh7l8JZddH9uMK37dGXzwuUANO/WgVO7D1rcIHzJ3okBt8JY51axQI3YBWWr0dO8RjTzdhS8AbVDp37Y2JjfIxwcs4aR3rVjNamp9+aeTU7Oes7yqxJAQK3G/D77CxwcnHjiqbe4dvUsKSmJuLlXxMurMmdOm9+TcnM2zIVn2l1h2X6/AjdgF4RRZSTDW4f9ScsaT9s1bMLLfQawas8Ozl67TIXyHgzuFIyt1oZ561dnh3N1cubSjVD+PXrIZPsb0bcAeKFHP/adOsHGA3sZ1mcA/dp1yt6+Z6u27Dx+xOIGYU20DSn1kjCedUCht6wRWwghROGRBmAhhCgCcfGJ9AoOyvWlVq/gIG7HJlDeNfc5gbp1as2eA8dp3bwBzRoFsv/wvRcnSckp7N5/zCS8jY2GES8/wYXL1/lz2frCTUgxaNaoDn/9s4G1m3ezaoF54zZAp6Bm9OzSlvc++Z5dOdJfkP1A1rnp2qElU2cuNOt10qtrEPGJSTg7Ojx8ggqocYNaHDp6mo8nT2f0a0NzDRPcoRUHjpxi+pwlAOw/fBL/6n4Ed2yV3aji5enG2288w8K/1zNt1qJc9wNZ6a/q602dgGqcOX/FZF3DugFUquhp9rV+UXF3K0cFT3e++nEusfEJfPvpGLMwzz7Rm+27DzNl+nwA9h46gbOjA0Mf78nk7+eQkZlpURgAXXo6BoORHp1bM3/JWpPj2Nlq6RTUrNjSDvmXWXs7W3p0acOsef+wZOVmAPYfOcXK+d/TOziImX/8TaP6tfDzqcjQ4R9y9XpWg9rxUxfYuGw6bVo0ZNmqe71Lra3sOzk6oLWxYevOg+w5cNxsvVKp5KmBPVi6cjOz5v0DwKGjZ1g+7zsGP9aVX+Yuyw5rTeU6L/nV47KW3rvc3cpx4MipPHunDujVie27D2Xny4Ejp/DycKNXcFuTRkFrq795sbROut/pFbpkxSaTHrI5WVu9zYsl12FLz3VpKd9D+gWTlJTCexOmZjdsxsUn8v3n71K3dg2OHD9r0nv/rlbN6uPkYM/yNdtMlv+XZ8fi0LNLW5KSU/nw85+ye3omp6Ty7adj8POpyNXrNyzKk7usPb2WlNfS+vzxIOVcnHjthcc5eeYS9erUMFmX330bLHuuBeuu5+++8Sxnzl81SX96ekauH9q+MWwI10NvZjdk1qpZhfiEJMaM/476dWryxIBuuR6jNJWJ/PhX96NFk3qM/fQHduw9AkDkrRh+nPw+zRsHcuBIVt7k93vOx9uLsxeuEhMbT0xsPNG346lU0ZO4+ETeG/Eci5dvKtZ0PYyAlERCbO0tbjit4FeZ1ORkFk/5lco1qtIsuL1ZmBY9OhEVFs7KmVnXmYtHT+Hi7kbrPl2zG4BdvTy4fOIsmRmZXDl5jnqts3p2VqnjT2CrJhzcZPkIITqlihBbewJSEjlRhMNY1/WJ40qUU4EbT339/KnhX5/IyDCzdY5OWfeMo0d2kJFh/mxVrpwHEREhpCQnkJKcQFJSAi7l3ElJTaJr8GAOH7Y8n9IyVFyJcqKuTxyHrhTdENYZXumo4tQW9/7t3KQFB8+eZvGWrFGlTl6+hJtLOdo3bGLWAHzy8kW2H829wdurvBvHLp0nQ5/JiUvnCWrQGIC6VavTpl4j1u+z/GMMRaYCVZyaDK/0UjmMtRBClHYyB7AQQhSBLTsO0KJxXdzdTH80eVfwoFG9ALbs2J/rdrX9q+LnU5H5S9Zy4fJ1undune+xXnq6P5UqePD5d7+ZDL1WWrwy5jPmLV6T69fvdw3s05mtOw+ya/8xlIrcf/xYsh+ArTsP4OhgT/tWTUyWKxQKenRpw8ate3PtiVpUvvpxLlNmLODS1dA8w2i1GpKSTecYik9IwlZrk/1/7+Ag4hOS+OX3ZSjyyCOAsxevEh5xi1659CzoFdyWi1dCCLlx8yFSUnBXr9/gtXcnsXbzLnS69FzDnLt4lTWbdposux52E7Vaha2t1uIwAEYjbN15MNe0dwpqhkaj4d89h/9rsiyWX5mtUdUHjVrNwaP3eganp2dw6uwlavtXBeDI8XP0eeqt7IYmgIyMTPR6PXa2pj+wra3su5fP+ko/6tZtNGo1Go3pd4mVvT1xcXZk7yHTj2B27TtG4/q1TcJaU7nOS371uKyl9y738uWIvHUbpUJhViYB3v7oOz777jeTZWk6HbZarcm1zNrqb14srZNu5cuRmJRMapoOW61NnnXP2uptXiy5Dlt6rktL+Y68dZtFyzeY9Gq9HpoVLycH+zy3G9KvGzv3HiUq+rbJ8od9diwuc/9aydBXx5k8a969d98t2wXJE2tPryXltbQ+fzzImy8N4WpIOBu2mr/cz+++DZY914L11vNeXdtSvWplfp6zON+wtlob+nZvx7L7pnJYuf5fxn/xM/sPn8RgNOS5bWkqE/mpE1ANo9HIvvs+Wj58/CzRMXE0qndvlIr8fs9dC7tJbf+quLm6UK1KZdzLuxAeEUWvrm1JS9OxbZdlPTNLUrXUJKI0ljdwHd+5nxUz5nH19HmMRmOuYSpW9eVKjlGdzuw7TKXqfqjUWY2nMTejqF6/Niq1mqp1/ImJjEKlVhM8dAAb5y/DaMh933mJ0mipdl8P2qIQ4B1PRKxdgbZRqtR06TqIQwe2ER93y2y9g4MLOl0qGRk61BobFArT56PbtyOpUMEXewdn3N29cXR0JiE+mrp1W5CRkc7F87l/aJ6XiFg7ArzNR24pTBnlM1AlWd5365uFc/ll5VKTZekZ6dhoNNxf7co5OhGTEI9CoUCbc6QS4GbMLRrWCECjVlG3Wk1uxkSjUat4rudj/L5uxQOvb7lRJanJKJ/3iAhCCCGKTsm/LRBCiDJo1/5jpKbp6NG5jcnynl3bEhuXaDZ88V3dO7XmdmwCJ05fYNuuQ7Rv3QS7BwyBV6tmVZ4a2J15S9Zy8UpIoabBWmjUaurVrklScgqzf/iEnWtms/avH82GZrNUTGw8h4+fpVew6dByjerXwruCBxu37yuMaBeq1Rt2EtSyEUEtG+Fgb0e7Vo0JatXIpEdd0wZ1uBZyk88+fIPtK39l24qZfDDqRWxsTH/Q2Wg0rN64k64dWpqss7OzpWPbZqzesCPXF3olZdKU2Wa93hsE+nPpaiiJd4YysyQMZPWWX71hB34+FQmsZTq0Ya/gIHbtP0byQ8xtVFTu9nyKjTN9sRAbn0g5l6x1uvR0YmKzfrzb2Gio4OnG+289T2qqjg1b95psZ21l/24PyA9Gvci2lb+ybcWvfDNhNOVcnICs+Y8BMjJMXxZEREXj5VneZFlpKNf51eOyll7ImuPaxdmRPsHt2LbiV7b88wt//Dwx+wMGyOoFlpqahlqtwsHejpZN6/F4ny4sXbnJ5GVoaam/ltZJd7dyKJVKFs78gq3LZ7L57xmMfOVJs8Zca6u3ebHkOmzxuS4l5fvPZetYsNR0+Nr6gf5kZuo5efZirttU9fWmeePA7FEd7vewz47FJSk5lYTEZJRKJbZaG2pW8+WNYUM4fe5ydk/nguSJtafXkvJa1p4/GtT1p1vHVnwz7Q+MmDcY5XffLghrrOdOjg68MWwIM35fZjI0f156dg1CpVKxdtOufMPmVFrKhCW0NhqMRiN6vWmDUERUNBU8s3pGWvJ77sjxs2zYuoc/fp7ItxNG881P89DrDbz87AC+/Xl+sabpYVVMTyVWXbg9HNUaDfocI4DEx8QCCpzvTCexcf4y/Js0YOSUT7FzdmTPyk206tmZ0ItXuXHpWoGPGavWUjE9Nf+A/0Flt2RuJRYsr5q36IxKpWH/vo25rnd0dEahUPD8sHGMHPU1I0Z9SYdO/bMbgkNDLnL2zCGeff59+j/+Cls2LcVgMNCmbU+2bF6a6z4f5FailspuBZ9ruSD0zpkoUyx/dZ+YkowuPR2VSoWdVkv96v50bdaKjQf2cvdRS6VS4WRvT/uGTZj9wafMGjuBSa+OpJr3vaHL56xdQbPadfn57f/hZG/PPzu20KdNB86HXONiaMHfOylTlOidzYc4F0IIUfSkAVgIIYqA0Whgy44D9Aq+91X33fms1m/djSKX3joqlYou7Vvw757DGIxGtu08iK3Whg6tm5iFhawX6x+OGcb1sAjm/LmiyNJS0ip6uaNWq+jVtS279x9j9P++YcfeI7z16lO0adGwwPvLeuG0g2aN6+Lpfq9RpU9wEOcuXiUkrOR7FeX095qtrNuymy8/fotNy6Yz+aORrFr/r8mcmpW9PWneOJC0NB3vfjyFWfP+oXvn1rz67ECTfdloNKzdtAt7e1s6tLlXtrq0a45apWLDtr3m8xVakToB1egdHMScP1cWOIxSoeD0+cuE3IigT7d22csrVfSkQaA/qzfuQGNFaVers158Zmaa9uw3GAzY5HgpGlCjCttX/Mrfc7+lc7vmvD9hKrdiYk3CWFvZV6mUJKekcuTEOT749Admz19Os8aBjBs9DICbkbcwGAzUyTEPoad7eWy1pi+MSkO5zq8el7X0Ajja2xMXn8iNiCg+mjydL3/4nXLOTnz1ySiz3sCTx49k07LpfDfxbU6cvsCMOaYv4kpb/c2vThoMBtJ06Sxfu42xn/7A1p0HeKJ/N7OPm6yt3lrqQdfq/M51aSnfOTk5OvDaC4NYsW57nkO3Du4XzJVrYRw9ec5s3cM8O5aEJ/p3Y+vymcz96VOcHO15b8LUPHuuPShPSkt68yuv9yvNzx9qtYr33nyOpau25Nl7N7/7dkFYYz1//cVBRN66zfI1W/MNq1AoGNS3C2s37SIlNa3AxyoNZcJSYTejUCqV1Krhl71MpVJR3tUF7Z3nF0t/z8384296PTmS/s+9zbotu3lz2BBWbdhBWHhksafrYbhkZJCoLtwPF2KjovGu5muyzMk1qze+WpP18WB0eATzPp/KlBHjWDp1FloHOxq0a8G/S1eb7c8SiWo1LhlF21uzvGM6CSmWl3EXF3datOjKti1/k5mR+8hRRqORzIwMThzfw4rls7hw/hiNm3SgcZN7Q2vv3rWGGT99yK8zPuHM6QO06/AYJ0/uIy7WvEdxfhJSNJR3zD0uhcVga0CpK/j9cNSgocx872Pefep5zodeZ/HWDdnr7LVaEpKTiYqNZdrfC5mzZjlO9vaMeeKZ7N7AN25F8cns6bz85QS+/esP7G3t6Ni4GYu2PNyUY0qdEoNtwXoNCyGEKBzW8atKCCHKGBuNhlXr/8W3UgXq16kJQNOGdajg6cbqDTvNGm8AWjSpi2s5Z7bvPgRAyI0IrlwLy3MY6OeG9KGqXyUmTfnNbF7AssTePmtoqJ/nLOG3Bcs5cOQ0k6fO4fT5yzzZP/d5tR7ExkbD9t2HSU5OoWeXrF4nDvZ2tG/TlFUbrPNlS7dOrenRuQ2/zF3Gm+9P5rf5y+nTvT2d2zXPDmNvb8fu/cf4+MsZHDhymgVL17Honw0M7NMZzX0vImxsNERF3+bA4VMmw871Cg7i372HSUhMtoqeVblxK1+OSf97ky07DuY5DFx+YWw0GlZv2Ennds2ze1z2Cg4i5nY8+w6dtNq055TzZfv10HBeHj2R9z/9gZNnLjHpf29S0cvdJIy1lf19h04S/Pjr/PTbInbuO8rsP1cwc+4y2rZoSKWKniQlp7Jz31GeHtST5o0DKefixPNP9KFbp1ZmL1tLQ7nOrx6XtfQCxCUk0uvJkXww8Uf+3XOYFeu28/6nU3FzdaFL+xYmYX/4dSFvvDeZn35bRNOGdRj+wiCz/ZWm+ptfnZw17x/6Dh3FouUb2bH3CJ99O4u9B08wpH+OBmArq7eWyO86nN+5Li3l+34qlYpPxw5Hp0vPnjM2J2cnB7p3bs3S++Zmv9/DPDuWhA3b9vLq258x8ZtfUSqVTB4/MtdhyPPLk9KSXkuuTVD6nz+e6N8NZ2fH7Dnoc5PffbsgrK2eBwZUo0+3dnwzbS6GPD5ouF/LJvXw86loMvxzQVl7mbDUoaNniI6J4503n6OKjzfeFTz4dOxwvCt4kJKa1Yv0YX7PNQj0p2G9ANZs3MmUz95mw5Kf+PzDN7B/wOhYJc3WaECnKNzXrKf3HKJq3QCadGqLvaMDAY3r0WnIYwCk63L/+CB46EB2r9xIzUZ1eeObjxg++UP8G9W1+Jg6hRLbAg7xW1C2Gn2B5v/t1HUgIaEXuXTpRJ5h9uxay4zp4zlyaDuXL55k/doFXL16hiZNO+QavlKlalSuXJ1TJ/czcNBrvDFyMn0eexGNjWVlLC1Dha2miKfgUhtRPMSrnj83r+PzP37lr83rqFulOkM63atniSkpvPHdJKYumc/hc2fYeuQAUxbNx8XBiVaBDXLd3/M9HuOff7fSJCCQH0aN5bsR79KkVh2L46PIzEqLEEKI4icNwEIIUQTUGjWnz1/h6vUb2T0benUN4tTZS1wLDUetMv+x071Ta5KSUzh74Sp2drbY2dmya/8xmjSsg8edIdfuqlalMs8+0ZvFyzdy+tzlYklTSTt/0XT4qoNHz1DFt1KB96NRq0lPz2Djtn307Jo1pGbnds1RKGDT9n25npuSpFQoGPnyE/yzZitz/1rFkRPn+G3Bclau+5e3XnnKJOy5S+Z5ZGOjwbuiR/YyzZ25olZt2EGThnXw8nTDp5IX9evUZPWGrHnsrC0PIGt+wW8mjCY6Jo4vvp/90GE0GjXrNu/K6l3ftilKhYIenduwdvMuDAaDVaX97ocdOYfx1qjVpOf46CM1Tcfpc5fZufcI733yPUqlksf7dDHfzsrKfs6G7N37jwPg51MRgK+nzSU0PILvP3+XtX/9SMtm9dmy8wCRUTEm21l7uba0HpeV9D7I2QtXiY1LyD7Hd4WERXD05DkWLF3HnIWreHJAN5wcHUzClKb6a0mdNC//x/B0L2/SO9oa6+2DWHIdzu9cl8by/fbrT1PbvxrvT5iaZ2/Afj07kpGRmevcqvBwz44lIeZ2HCfPXGLdlt18PHk69erUoFWz+mbh8suT0pJeS65Npf35w8ujPC889Rg//7aYNF3W0KF3h0xVKRUm87Xmd9+2lDXVc6VSyXsjn2ft5l2cu3QdlUqV/VGDUqHI9QOHIf2DOXj0dPYc1w/DmstEQejS0xn3+TTcXF34c+Ykls75mrj4JK6H3iQyynSuc0t/z6lUKt5981m+mz6fl57pT+iNSPo9MwaVSsUzg3sVaXqszeFtuzix6yBdnurHiO8/pctT/Tm2fQ9Gg4GkOPPRJuq0aISNnS0hFy7TYVAfFn79M6tmLaDni09ia1+wOXetRU3/Bvj6+bN963KUShVK5b26oVSqMJncNsc16sql0zg6lUOTY25mpVJF5+DBbN3yN23a9OB2bBQzp3+MUqGkeQvT57XS6Gb0Lc5dv8qavTtZvmsrPVq1xcE27/N/JTyMhOQkKrp7mK1rVbcBdlotZ0Ou8mSX7kyaN4vpyxfxat/HH7hPIYQQ1qF0fFIohBCljIKsHyGrN+5k2NP9+HXe37Rv05gp0xfcCaAwCW9vZ0tQq0ZobWzYuPRns/0Fd2yZPaeaUqnkw9HDiLp1m5lzlxVtQqxAzO04ADw9TOfAVAAZmQX/HFahuHtudjCwT2ca1PWnd3AQ23cfJik5FXs76/oR4+LihGs5Z7PG3TPnrzCwT2ecnRxISEwm5nYcXjnz6E4xu7+H+N3079p3lITEJHp2aYPWxobIqBgO3ZlvT5GjfJY0pVLJp2Nfw9HBjpdHT0SXbj7UliVhIKtuxsTGs/fQSXoHBxEbl4CXR3nWbMp62WhNaY+JzZr7t3w5Z25GRmcvdyvvQuydFz41q/niX92XNffNP5emS+fGzSjzOmNlZb9Jg9qkpuk4c/6K2TqDIUvXKxwAABQHSURBVKvXwe3YBF4eNRGfSl4olUquh95k1vcfcfTkeZPw1l6uLa3HZSW9d1WrUpmKXu5mc2TCvXPcKziI8xevmQw5evlqKCqVCjdXF5N5NEtD/bWkTioUCjoHNef0+csmdRuyGlcMhnsvL62t3j5IftdhS891aSnfdz09qBc9u7RlxAdfEnIjItcwKpWKAb07sXrjTlLTdLmGKeizY3Fr1bQ+BqOR/YdPZi+7dDUMAC930/uNJXli7em1tLyWheePQY91xc5Wy/h3Xmb8Oy+brNu4dDprN+/is29nWXTftpQ11fOWTetRs5ovNav50ju4ncm6Lz9+i4ioGAY893b2sio+3jRrFMjYT3/4T8e15jJRUKfOXmLg8+/gU7kCiYnJpKalsfavaZw6dwko+O+5Jwd0JzQ8kr0HTzB6+FAmfPULqWk6Nm3fR7+eHYs8PQ8rTaFEazSgUxRe473RYGTd74vY+c867J0ciYmIJKhfDyJDwtDnmCZGa2dLx0F9WPrDb1So4sPNK9e5HRkNkdEkx8XjXqkCYRev5ntMrdFAWiH3ZM7pbu9ZS3oBN2/ZFZVSzQvDxpmtG/X2d2xY9yenTx8gIKAhN2+GkBAfkyOU0ezjlSbNOhIXG83VK6fp2Lk/a1fPJyNDx7mzh6nfsA2WKGgv5oeSqcCoxuJewO0aNuFa+A1Cou7de0MjI1AqlLg4OpGclkplTy88yrly9IL5dBQ5R0Cw09ryZJcefPfXH1StWIlLN0KJiIkmIgZikxKo7OnF+ZD855k2qrPSIoQQovhJA7AQQhShdVt289oLg5g49nUMBiOb/92fa7iOQc3Q2tjw+ZTfCLthOsfRqOFD6d65TXYD8FMDu1OrZhVGjP2SNF3RzjljDW7FxHI99CZdO7Rk/ZZ7vWaaNqzDlWthD73f85euc/FKCMOfe5y6tWsww0ob0+PiE0lN01HNz/Tr+GpVKpOUnEpCYtYLyINHz9AxqCl2ttrsl8tNGtQhOSWViKicP4KzXrZs2LqXXl2D0GjUrNqww6Ih70rC6OFDCaxVnVfGfEZcfOJDh7nfqg07mDx+BBqNmmOnzhN6w/rmFrt0JQRdejotm9bn9J2XrXa2WurWrsGCJWsBqOrnzYdjXuLYqQvcuBkFgNbGhsreXhy48wI1J2sp+52CmlM/sCbPvj4++6VM4/q1MBqNXA0JNwl79/x0aNOEWv5VmZRHDytrLdeW1uO7Snt676rmW4lP3n+Vvk+Pyp7/s6qvN67lnLly/QYAzw7uzZnzl5nw9czs7apXrYzBYCA8Mvf52Ky5/lpSJ41GI8Oe7sehY2f49ud52ds2ql+Lm5HRuTYgWUu9fZD8rsMFPdfWXr4hqzf2q88N4H+TfubkmUt5husU1AwPN1f+Xp3/3KKWPjsWt/ZtmtCsUSCDh72PXp/V6FC9amUAQu+bn9PSPLnLWtNraXktC88fS1ZuZvO/B0yWdWjThGeH9Oa1dycRdSurF2dB7tuWsoZ6fvLMJV4cOcFkWQUvNyZ9+CZTf/mTQ8fOmKwb0j+YiKiYXD9uehjWWCYeRkZmZvZvs9HDh3I7Lp6Dd+57Bfk95+XpxlMDu/PCyE+ArA6dd0uEAoVVN4zHazQ4ZWaisyn8RsGk+ASS4hNw9XSjQbuW7Ph7rVmY9gN6cuHISSJDbuBW0Qsj9+qSMY/e7LlxyswkvoinmLidZIOzfQZp8fnn1fq1C1CrTePTNqgXTk6urFs7P6vB12ikVZsehFy/wNbN9+Zq9/GtQXz8bTIz7z1bOTu70rRZRxb88Q1wt9PwnbxSWP7xhbN9BreTbCwK+7CUaUoMWgOqTMvKVN82Hbh0I5QZyxdnL/PxrIDBaOBWbNa1vLKHF6/1H8zI7ycTn5QEQCUPT5wdHLkRZfrR1uBOwRw6d5prEeF45+gdXJD6aNAaUKbJIKRCCFESpAFYCCGKUFx8Irv2HaVD26as2bQrz2EBu3dqTUhYBGs27jRbt3ztNt4f+Tw1qvmQmqrjpaf7c/rcZWxsNLRsWs8krF5vyP6hXZb8Mncpk/43gg9Gvciu/cdo16oxdQKq8do7k/7Tfldt2MGY154mPOIWR0+YfwFrDYxGI4uXb+SJAd2IT0ji3MVr1PavxuDHujL3r1XZ4eYvWUNwx5Z8N/FtFi3fgJ+PN08O6M5vC5bn2Stj1YYdDOkXjNFozLXsWYMn+ndjYJ/O/PjrX7i5uuDm6pK9LjY+gZCwCIvC5LTnwHFuxyVQv05NPvt2VrGkpaDSdOmsWr+DZwb3IiEpmbDwSAY/1hXI6jEFsHPfMcIjbjH5o5HMXrCC1LQ0Hu/TBZVKyfI12/LctzWU/WWrt9A7OIj/vf0S67fsobK3J8NfGMTGbXtNhjyu6leJOgHVaNqgNsEdWzFr/j8P/PjDGsu1pfUYykZ679q1/yg3bt7iq49H8fvClajVKl5+diDhEbfYcqexYdHyjYx5/WkiomI4dOwMVf0q8dwTfVi0fCPp6Rm57tea66+ldXLh3+t5981nib4dx+lzl2nWKJBOQc2YPHVOnvu2hnqbF0uuww9zrq25fNetXYPxb7/Mpu37iYtPpEGgf/a6jMxMk16Sg/t1Zd/hk4SF59+wY+mzY3FbtmoLPbu0ZeIHr7Ni3fasHq/PDODshascPn4WKFie3GWt6bWkvJaV54/IqBizqQZq+1cB4MLlEFLvnBNL79sFVdL1PDEpmXM5ekWmpmWlOexmFJfvuwc7OznQrVNrZi9YXmgN1dZYJh5G4/q1qOJbieCOLaldsyrvfjKFzPt6qFr6e65yRU9mzV+eXabOnL9M906tuXItjE7tmlv19Ec3bexwzdQRbaPNP3ABODg74VurBl6+lWjcsQ03Ll3l2I69JmEUgEqtZuvilQBEXAuh69ABlPdyx9bBHicXF6JCLftQwzVTx02boh1hJCzGAQ8nHVHx+c+3GxNtPtS6TpeKrZ0jkREh2csOH9xGl+DBJCclcPPmNfz8AvAPaMjG9YtMtnUp58Ge3etJSIgFIOLmdWoHNiU6+ib+tRpzMzz/Hq0AHk46wmIc8g/4H6gS1BjsDaiSLWsAXr9/F89270tMfBynr12mkrsnjwV1ZOP+PWTos7oRH71wlluxsYwZ8gwrdm5HqVIyqEMXomJvs+/MvVE+FIqsqUgWbMz62ODKzRs816MvFdzccbS1w9XJmdAoyz5YMdgbUCVIE4QQQpQEufoKIUQRW7VhBx3aNmX1xh25rvdwc6VR/VpMn7041/Wbtu9j5CtP0qNzG06dzWr4rVu7Bt9NfNssbGqajs79Xy3U+FuD7bsP88lXM3hxaD96dG5D2M1Ixn/xMyfOXPxP+92wdS9vDhvCmk07zYaFsiaz5i8nISmZvt3a89Iz/YmIjOHn2YtZsnJzdpibkdGMGPslo4YPZcLY10hISOKPxauZt2h1nvu9ci2MM+evkJqmMxuG1FoEd2wFwIiXnzBbt3nHfj76YrpFYXLS6/Ws27ybAb07sXXnAbP11uLHWX9hNBp54cm+ODjYcelKKGPGf0tUdNYX3Kmpabz5/mReHzaYt19/Bo1GxZnzVxj+9ufZYXJjDWX/yrUw3hr3NcNfeJzJH41El57Opu37mDbrL5NwQ/oF0ymoGecuXuODiT+yY++RfPdrjeXaknoMZSe9kPURw1vjvmLEy08wbswwtDY2HD1xju9/+TN7yMe/V28hIyODwf2CGdK/G7eiY5m3eA1/LluX536tuf5aWidXrv8XgCcGdOPFpx7jVkwsP/76F6s25P6sANZRb/NiyXX4Yc61NZfvjm2aYmOjoXvn1nTv3Npk3e3YBHo/NRKAwFrVCQyoztsffWfxvvN7diwJF6+EMGLsl7zy3AA+G/c6Kalp7Dt0kumzl2R/aGZpnuRkjem1pLyW5eeP3Fh63/5/e3cXI9d51gH8P7sznll71x+xvWysjR25jhMnQUYJDW2ioiKEWoNEBYgbqpLcAELAJVRcIG6QAImbIvUmgighRUGRkkKrfKgKmKaNaS2bpE6Da8u1EsfaJhuv1zu72d3Z+ThcROTD1LFjz+6MJ7/f3dk5Z95njvbrnP95n/dq3rdff84v9oUDn81QqfShv6s/quv5e+L9/uxPHsiGDSN58eUf5e+++k85dfr1D7x+pddzR39w/N2HSpLkqw89nr/80z/IU4/9fY689D959PFLX9v02umR0fz8/Plc2xXq/7fr9lty4Hd/O+ffeCvf+bdn89//8d0UnQ/+H1AkeeaR9+4nnH/zXJ5/8ul88ct/nHa7nacf/pcsLy5d0XjjzUaOjN1w+R2vwYmpTbnvtum8cnbT5Xe+Qi8f+6+kVMrdd382n7rvc1lYmMt/HvzX/PDlD4blr585mdfPnHx3+zvf/kYO/NqX8od/9Fc589rJHP7+cxe/9U81sWUpL/xovGv1/zSV85U0JpdTeevKZmQ/d+T7abXa+dwv3JvPf+q+zNbr+eZ3v52nvvfewzWNZjN/87V/zO/8yq/m9379t1Ipl3P81dP52reeSqv93kMbRZH8wzeffHf7jZlzefzgt/IX9/9+Wp12HvzGE3l7afGK6mqPtlI9e/mwH4DuKxX9dvcAoIfuPfBAr0sAAAAAriPVTjt//trxPLl9Mo2hVV4bdpVUO+385ltn89e79q3qZ6hV2vnbLx7No8/vXv11dFdBrdLOl37xdL78z3evav3FcJG5Xz6f9S+PpnSdrqFblIss/uxCNv37DSm1P9pnOPTMw6tUFcD1pV6vX/WxGvADAAAAAFylxtBwXhrdnD2Ll18PvF/tWZzPS6ObVz3AXm4O5/Cpbdk3Obeq46yWfZNzOXxq26qH16V2KZWpaprbVi6/c59qbltJZar6kcNfALpDAAwAAAAAcA0ObdqWfYv1VDvty+/cZ6qddvYt1nNo07Y1Ge/gKzdm/87Z1CrX17mqVdrZv3M2B1+5cW3Ge7WW5ngzRfn6a+BZlIs0x5upvar9M0CvCIABAAAAAK7B9Lpajo5tzf6FC70u5SPbv3AhR8e2Znrd2oR1U7MjeeHkeD75iZk1Ga9bPvmJmbxwcjxTsyNrMt7wQjnVs9Ws7GisyXjdtLKjkerZaoYXyr0uBeBjSwAMAAAAAHCNnt06kdF2M7csXv16fWvtlsV6RtvNPLt1Yk3H/frhndm4fiV3XCetoO+YnMvG9Sv5+uGdazruyIkN6VQ7aW5vrum416K5vZlOtZORExt6XQrAx5oAGAAAAACgC57YflPuXJjLrqWFXpdyWbuWFnLnwlye2H5TT8Z/9Pk9uWv3TPZM9Pe52jOxkLt2z+TR5/f0ZPwNx0azMtFIa0v/h8CtLc2sTDSy4dhor0sB+NgTAAMAAAAAdMH0uloem9iVu+Zn+3om8C2L9dw1P5vHJnatWevni03NjuTB5/bm03un+3Ym8B2Tc/n03uk8+NzeNWv9fLHhhXJGX9yYxmSjr2cCN7c305hsZPTFjVo/A/QBATAAAAAAQJe8VtuQh3bszk2NxdxTn0m10+51Se+qdtq5pz6TmxqLeWjH7rxW622b3h+/OZavPH17bh6fz2dum06t0h/nqlZp5zO3Tefm8fl85enb8+M3x3paT3m2nLHDG9Pa3Exj53KKctHTet6vKBdp7FxOa3MzY4c3pjwr/AXoB6WiKPrnrwVAj9174IFelwAAAAAMiM/PvJG752dyfP3GnFo/lsbQcE/qqHba2bM4n32L9Rwd27rma/5eid+450zu2zudH5zZkuNnN2W5ufbnqlZpZ9/kXPbvnM0LJ8fXfM3fK7F069tpTDZSma6kcm5dSq1ST+ooykWa21bSHG+merba1TV/Dz3zcNfeC+B6Vq9ffTcRATDA+wiAAQAAgG4aX1nOvXPn8nMLF3Kmtj7TlWpmy9XMl8tplIaSUpcDvKJItehkrNXKllYj481Gdi4v5qXRzTm0aVvPWj5fiR1blvJLd/wk9+w5l9PTY3ljdiRvzVdTX6ysSiBcq7SzcX0z28camdiylN3j8zl8alsOvnJjz1o+X4n2aCvLNy+nuaOR4QvlDC+UM7Q4lKHGUEqtJOl2KFykKCedaied9Z20R1tpb26lMlVN7dVa11s+C4AB3iEABugSATAAAACwGqqddm5dnM/upYXcuLKUTc1makUnpS7fni1KpSyXhjJXqeQn60ZyemQ0J3o4+/hq1Crt3HnThdy6Yy6TW9/ODaMrqVXaXc3KiyJZbg7n/MK6nJ3ZkBNTm/LD1zf3ZObx1SqGizR/ZiXNG5ppb2ylU+sk5SLdvuFfSpJWKUPLQxmul1M5X0nlzXUptVdn9rEAGOAd1xIAa8gPAAAAALDKGkPDOTa6OcdGN/e6lL633BzOkdNbc+T01l6X0tdK7VLWTVWzbqra61IA6DNDvS4AAAAAAAAAgO4QAAMAAAAAAAAMCAEwAAAAAAAAwIAQAAMAAAAAAAAMiFJRFEWviwAAAAAAAADgHfV6/aqPNQMYAAAAAAAAYEAIgAEAAAAAAAAGhAAYAAAAAAAAYEAIgAEAAAAAAAAGhAAYAAAAAAAAYEAIgAEAAAAAAAAGhAAYAAAAAAAAYEAIgAEAAAAAAAAGhAAYAAAAAAAAYEAIgAEAAAAAAAAGRLnXBQAAAAAAAABwaffff/8lX3vkkUc+sG0GMAAAAAAAAEAfuzjk/bCvC4ABAAAAAAAA+tzFYe+lQmEBMAAAAAAAAMB14P9C30uFv0lSKoqiWKuCAAAAAAAAAPhw9Xr9qo81AxgAAAAAAABgQAiAAQAAAAAAAAaEABgAAAAAAABgQAiAAQAAAAAAAAaEABgAAAAAAABgQPwvYsb7ATDw6esAAAAASUVORK5CYII=' height='250' width='300'/> ]]>
  </system-out>
</testsuite> <!-- com.tribu.qaselenium.tests.b22.B22InitialLoadInitiativesTests -->
