<?xml version="1.0" encoding="UTF-8"?>
<!-- Generated by org.testng.reporters.JUnitReportReporter -->
<testsuite hostname="station" failures="0" tests="1" name="com.tribu.qaselenium.tests.apimazaprendo.MAAssignF2FCourseTests" time="26.028" errors="1" timestamp="2022-04-15T18:42:14 COT" skipped="0">
  <testcase classname="com.tribu.qaselenium.tests.apimazaprendo.MAAssignF2FCourseTests" name="assingF2FCourse" time="26.028">
    <error message="javascript error: Cannot read properties of null (reading &#039;click&#039;)
  (Session info: headless chrome=99.0.4844.51)
Build info: version: &#039;3.141.59&#039;, revision: &#039;e82be7d358&#039;, time: &#039;2018-11-14T08:17:03&#039;
System info: host: &#039;station&#039;, ip: &#039;127.0.1.1&#039;, os.name: &#039;Linux&#039;, os.arch: &#039;amd64&#039;, os.version: &#039;4.19.0-20-amd64&#039;, java.version: &#039;11.0.14&#039;
Driver info: org.openqa.selenium.chrome.ChromeDriver
Capabilities {acceptInsecureCerts: false, browserName: chrome, browserVersion: 99.0.4844.51, chrome: {chromedriverVersion: 99.0.4844.51 (d537ec02474b5..., userDataDir: /tmp/.com.google.Chrome.BFrCk5}, goog:chromeOptions: {debuggerAddress: localhost:44777}, javascriptEnabled: true, networkConnectionEnabled: false, pageLoadStrategy: normal, platform: LINUX, platformName: LINUX, proxy: Proxy(), setWindowRect: true, strictFileInteractability: false, timeouts: {implicit: 0, pageLoad: 300000, script: 30000}, unhandledPromptBehavior: accept, webauthn:extension:credBlob: true, webauthn:extension:largeBlob: true, webauthn:virtualAuthenticators: true}
Session ID: 9ddcc37e8920150d401e4f3e9d576f24" type="org.openqa.selenium.JavascriptException">
      <![CDATA[org.openqa.selenium.JavascriptException: javascript error: Cannot read properties of null (reading 'click')
  (Session info: headless chrome=99.0.4844.51)
Build info: version: '3.141.59', revision: 'e82be7d358', time: '2018-11-14T08:17:03'
System info: host: 'station', ip: '127.0.1.1', os.name: 'Linux', os.arch: 'amd64', os.version: '4.19.0-20-amd64', java.version: '11.0.14'
Driver info: org.openqa.selenium.chrome.ChromeDriver
Capabilities {acceptInsecureCerts: false, browserName: chrome, browserVersion: 99.0.4844.51, chrome: {chromedriverVersion: 99.0.4844.51 (d537ec02474b5..., userDataDir: /tmp/.com.google.Chrome.BFrCk5}, goog:chromeOptions: {debuggerAddress: localhost:44777}, javascriptEnabled: true, networkConnectionEnabled: false, pageLoadStrategy: normal, platform: LINUX, platformName: LINUX, proxy: Proxy(), setWindowRect: true, strictFileInteractability: false, timeouts: {implicit: 0, pageLoad: 300000, script: 30000}, unhandledPromptBehavior: accept, webauthn:extension:credBlob: true, webauthn:extension:largeBlob: true, webauthn:virtualAuthenticators: true}
Session ID: 9ddcc37e8920150d401e4f3e9d576f24
at java.base/jdk.internal.reflect.NativeConstructorAccessorImpl.newInstance0(Native Method)
at java.base/jdk.internal.reflect.NativeConstructorAccessorImpl.newInstance(NativeConstructorAccessorImpl.java:62)
at java.base/jdk.internal.reflect.DelegatingConstructorAccessorImpl.newInstance(DelegatingConstructorAccessorImpl.java:45)
at java.base/java.lang.reflect.Constructor.newInstance(Constructor.java:490)
at org.openqa.selenium.remote.http.W3CHttpResponseCodec.createException(W3CHttpResponseCodec.java:187)
at org.openqa.selenium.remote.http.W3CHttpResponseCodec.decode(W3CHttpResponseCodec.java:122)
at org.openqa.selenium.remote.http.W3CHttpResponseCodec.decode(W3CHttpResponseCodec.java:49)
at org.openqa.selenium.remote.HttpCommandExecutor.execute(HttpCommandExecutor.java:158)
at org.openqa.selenium.remote.service.DriverCommandExecutor.execute(DriverCommandExecutor.java:83)
at org.openqa.selenium.remote.RemoteWebDriver.execute(RemoteWebDriver.java:552)
at org.openqa.selenium.remote.RemoteWebDriver.executeScript(RemoteWebDriver.java:489)
at com.tribu.qaselenium.testframework.pagebase.BasePO.click(BasePO.java:95)
at com.tribu.qaselenium.tests.apimazaprendo.MAAssignF2FCourseTests.assingF2FCourse(MAAssignF2FCourseTests.java:49)
at java.base/jdk.internal.reflect.NativeMethodAccessorImpl.invoke0(Native Method)
at java.base/jdk.internal.reflect.NativeMethodAccessorImpl.invoke(NativeMethodAccessorImpl.java:62)
at java.base/jdk.internal.reflect.DelegatingMethodAccessorImpl.invoke(DelegatingMethodAccessorImpl.java:43)
at java.base/java.lang.reflect.Method.invoke(Method.java:566)
at org.testng.internal.MethodInvocationHelper.invokeMethod(MethodInvocationHelper.java:133)
at org.testng.internal.TestInvoker.invokeMethod(TestInvoker.java:598)
at org.testng.internal.TestInvoker.invokeTestMethod(TestInvoker.java:173)
at org.testng.internal.MethodRunner.runInSequence(MethodRunner.java:46)
at org.testng.internal.TestInvoker$MethodInvocationAgent.invoke(TestInvoker.java:824)
at org.testng.internal.TestInvoker.invokeTestMethods(TestInvoker.java:146)
at org.testng.internal.TestMethodWorker.invokeTestMethods(TestMethodWorker.java:146)
at org.testng.internal.TestMethodWorker.run(TestMethodWorker.java:128)
at java.base/java.util.ArrayList.forEach(ArrayList.java:1541)
at org.testng.TestRunner.privateRun(TestRunner.java:794)
at org.testng.TestRunner.run(TestRunner.java:596)
at org.testng.SuiteRunner.runTest(SuiteRunner.java:377)
at org.testng.SuiteRunner.runSequentially(SuiteRunner.java:371)
at org.testng.SuiteRunner.privateRun(SuiteRunner.java:332)
at org.testng.SuiteRunner.run(SuiteRunner.java:276)
at org.testng.SuiteRunnerWorker.runSuite(SuiteRunnerWorker.java:53)
at org.testng.SuiteRunnerWorker.run(SuiteRunnerWorker.java:96)
at org.testng.TestNG.runSuitesSequentially(TestNG.java:1212)
at org.testng.TestNG.runSuitesLocally(TestNG.java:1134)
at org.testng.TestNG.runSuites(TestNG.java:1063)
at org.testng.TestNG.run(TestNG.java:1031)
at org.testng.remote.AbstractRemoteTestNG.run(AbstractRemoteTestNG.java:115)
at org.testng.remote.RemoteTestNG.initAndRun(RemoteTestNG.java:251)
at org.testng.remote.RemoteTestNG.main(RemoteTestNG.java:77)
]]>
    </error>
  </testcase> <!-- assingF2FCourse -->
  <system-out>
    <![CDATA[ <img src='data:image/png;base64,iVBORw0KGgoAAAANSUhEUgAABLAAAARMCAYAAACJcWqtAAAAAXNSR0IArs4c6QAAIABJREFUeJzs3Xl4TGf7B/DvZF/IImSzVEK1kqAVIsTeUC3qVTSKaCnxqy14rVWKoojWUrSEVBu1b61om2bRIkGIBpGgJJasUib7JLLM749cc95MMpnMJJPMqO/nulwyZ3nOM+fM2e7zPPcRWVpaSkHUwHr37q3tKpAWnD9/XttVICIiIiIion8BPW1XgIiIiIiIiIiISBkGsIiIiIiIiIiISKcxgEVERERERERERDqNASwiIiIiIiIiItJpDGAREREREREREZFOYwCLiIiIiIiIiIh0GgNYRERERERERESk0wy0XQF6MUilUm1XgYiIiIiIiIieUwxgUaNgAIuIiIiIiIiI6ooBLGoUqgSwJkyYgPHjx2tkeT/++CP27dunkbJI+z7//HNIpVIsX75c21X513NycsJ7770HT09PAMDFixdx+PBhJCcna7lmRERERET0IqtXAMvc3BweHh5o27YtnJycAADJycm4f/8+YmJiUFBQoJFK0vNPlQCWpoJXsrKCg4M1Vh5pj5OTE9zc3IS/GUhpOG5ubvj888/lhnl6esLT0xPLli1DfHy8lmpGREREREQvujoHsHx8fDBs2DA0adJEbninTp0AAPn5+QgJCcGhQ4fqV0P6V1AlgFVQUABzc3ONLK+goIDdFv8lhg0bJvf3119/rcXa/LvNnDlT6bj/+7//a8TaEBERERER/Y/aASxzc3MsWrRICFTVpEmTJhg7dixcXV2xfv16tsZ6wakSTAoICMC7776rkeUdP36cAax/AXNzcwwcOFD4PHDgQAQFBfF40gCcnJxgZ2dX43g7Ozu2gCMiIiIiIq1RO4C1ePFioTtPVcnJyTh06BBmzpwptMzq1KkTFi1axNw1LzhVgklRUVGIiopqhNrQ82LAgAEKh4WEhGihNv9uqrR+1FQLSSIiIiIiInXpqTOxj4+P0uDVsmXLcOnSpWrBqk6dOsHHx0elZYwbNw7Z2dly/1JSUhAZGYm33npLneo+92xtbZGdnY0ff/xR7Xk3bdqE7OxsoaXc66+/jg8//FAYf/nyZTx48EBjda2NVCrV2X+zZ89GWFgYTp48CQMDA6XT+vr6IiwsDN26dVN7Of369UNYWBhGjhyp0vT+/v4ICwuDs7NzrdNaWFjA19cX+vr6Wl+flf/VV+Xug8qG1cVXX32F7OxsPHjwAMbGxtXGz549G+3atau1nGbNmiE7O/u57y7dtm3bWqdp0aJFncs+deoUsrOz8cUXX8iNe/311xEZGYmMjAzExcXJtcJs1qwZ9u/fj5SUFCQlJWHFihXCOJFIhFWrVuHu3btIT09HcHAwrKyshPFjx45FXFwcMjMzERkZKXfuaqhlKvueRERERERUPyq3wDI3N6/xxlEWvFLWrWfYsGEICQlRuevPmTNnEBkZCQBo3rw5PvjgAwQHB6NXr164c+eOqtXWKSKRqNG6te3Zswfh4eFCkGrBggVwdHTE3r17AQDz589XeNP+ojEwMEC/fv1w6dIl9OjRA7169cKff/7ZIMu6ceMGPvvsMyQlJak0/c8//4zLly8jIyOj1mm9vb0xceJEHD58GKWlpfWtaqP+Vm1tbWvMvaSoS5udnR1WrVqlcPpt27bh8ePHtS7T0NAQI0eOxO+//47BgwfjrbfewsmTJ4XxnTt3xqpVq3D79m3cu3dPaVl5eXkYP348MjMza12uLrt//36t02RlZaldbo8ePXDixAmF5RsbG+PAgQMoLy/HypUr4ePjg8DAQFy/fh13797Fli1bMHjwYKxfvx6vvvoq5syZg3v37iE4OBh+fn6YPXs2fvzxR6SmpmLBggUoLCzEtGnT4Obmhm+++QaXLl3Crl278N///hf79u2Du7s7DAwMGmSZyr4nERERERHVn8oBLA8Pj2oJ2wEgMjJSLieNk5OTwpvLJk2awMPDA2fOnFFpeZcuXZJL1lxcXIyFCxfC3d0dd+7cQfPmzbFu3Tr0798fhoaGOHLkCBYtWoSysjK88sor2L59O1xdXREbG4sLFy5gwYIFGDduHH755RfExcWhpKQEx44dw5w5c9C1a1c8e/asxvLs7OwQEBCAPn36wNjYGNevX8eSJUvw119/AQDmzZuHyZMnw8bGBrdv38bixYtx8eJFtGrVCvHx8fjhhx/g4OAAJycndOvWrdp3rWl+VbbJ559/Djc3N5SUlOCPP/7AvHnz8PTpU3z00UeYNGkS+vTpg6CgILz88ssAgOzsbHTo0AEbN26Era0tXnrpJWG7rV27Fh4eHgCAmJgYLF26VOVgS21UCYbY2dnhzTff1MjyQkNDVQooeHh4wMLCAsHBwXBwcIC3tzf++OMPYXybNm2wYMECtGvXDgkJCXj48CGA/7Uo27dvH0pLS3HixAlMmjQJJSUl2LRpExwdHeHr64vCwkKsX78ecXFx6NSpEz799FPs2LEDx44dw4IFCzBkyBAsXboUU6dOhb29Pa5cuYIvvvgCRUVFGD58OIYPHw4/Pz/cu3cPQ4YMwdixY2Fvb4+cnByEhYUhKCgIs2fPxvDhwwEAISEhWL16Nbp164YhQ4YgICAA//d//4dt27YhPDwc48aNw/Dhw2FpaYmHDx9i27ZtiI+Ph62tLQ4cOIBffvkFzZs3h6OjIz744AONbIvamJub15pTr6qaple1i9vgwYNhbW2NDRs2oG3btvDx8RECWO+++y6CgoIAAIcOHcJ3332HuXPn1rifNm3aFD/++CNCQ0Ph4+MDkUgEPz8/fPTRR2jVqhVSUlIQFBSEb7/9FgBqPZ5oiyoPF+qSe8zMzAzTp09HSkoKwsPD5cZ5eXnB3t4ey5cvxzfffIPExEScPHkSI0eOxLZt2/DWW28hMjISAQEBMDExwTvvvIPRo0cjODgYo0ePRm5uLmbNmoXy8nL07dsX77zzDmbOnIlRo0ZBJBIJ67VZs2aYP38+PDw8YGpq2iDLVPY9iYiIiIio/lQOYDk5OVUbFhkZKRdkkgWvFAW6ZONVDWBZWlqiTZs2ACpaYA0ZMgQAkJCQAADYvXs3evbsiQkTJsDc3BxBQUFITk7G9u3bERgYKOTeEovFCAgIAAA8e/YMAFBSUgIHBwd4eHhg8eLFyMnJwY8//lhjeatWrYK3tzc++OAD5OXl4csvv0RAQAC8vb0xcuRILF++HMHBwdi/fz+Cg4Px/fff45VXXhGW98477+DEiRM4cOBAte+pbP7afPfdd3j69Cneffdd2NjYYMeOHZg7dy6WLVsmN92kSZMQGRmJ+/fvY/r06Xj69KnceFNTU/z8889o0qQJFi9eDJFIhA0bNuD48ePw9PREUVGRSttMGVUCWJs2bVKaRFodb775JsaNG1frdIMGDUJmZiYSEhIQGRmJCRMmoGnTpsjNzQUALFmyBO3bt8fWrVtRUFCA2bNnA/hfAKu0tBS2trZo06YNduzYgUWLFmHBggU4e/YstmzZgiVLlmD69OmYOnWqsA5k85aUlACo6Or0zTffYNiwYejTpw/efvttHDt2TKijVCqFg4MD5s+fj/DwcKxduxbu7u4YN24cbt26hQMHDqBdu3ZwcXHBvHnzkJSUhC5dugCo+H3t2bMHt27dQr9+/fDRRx/h119/xW+//YaVK1fis88+w+jRo4Xfat++fXHmzBmEhoY2Wgus5ORkbN26VVi3dbV161aVE4z7+Pjg4cOHuHLlCo4dO4b58+ejWbNmePr0Kc6cOYPdu3djypQp+PTTT3Hq1Cm19tMpU6Zg/fr1OHLkCD755BNMmDAB69atQ1FREfbu3av0eKJNycnJyMzMrHEfzMzMrFMCd9kxX1Hwvn379gAgtBSVld+hQwc4OTnBwMBAGFdUVISMjAx06NBBmDc1NRXl5eXCvJ6enmjdurXQ9VNRubKWp5peprLvSURERERE9VfnAFZ8fLxc8Mrc3Fxp8EpRGcp8/PHH+Pjjj4XPT548wYIFC3Dt2jXY2dmhf//+CAsLQ1hYGABg+vTpmDBhAo4dO4bOnTsLXUcAoE+fPpg4caLcDXmTJk3w8ccfCzdsNZW3fft2mJqawtTUFD169EBkZCQGDhyI4uJiAEBYWBg6dOiA7OxsPHv2DDExMXj77bflcsVkZWVh7ty5Cr+nKvPXxMzMDMbGxujSpQuio6Ph5OSkMOgQHx8PqVSKwsJCXLlypdr4wYMHo3Xr1vjyyy+FPD6vv/46pk2bht69e2ukNYGqLbA0xd7evtZlNmnSBJ6enggNDUXz5s1x/fp1GBgYYMCAATh58iRsbGzQoUMHXL9+HT/99BMAoEuXLkJXWln5RkZG2LVrFyQSCcaPH49WrVph165dyMvLw/vvv482bdpUq0vlz4cOHUJMTAxycnLQp08fhdvRyMgIIpEIL730Elq3bo2IiAi53GiyljG3bt2CRCIRhh84cEDoipuVlYVRo0YhLy8PJSUluHnzJry8vORy+IjFYnz11VeqrWQNOnPmDLKysrBo0SKlxxBF8vPzsX79esTHx6s0vZWVFd58800cOHAAjo6OuHDhAgwNDfHuu+9i9+7dEIvFSElJAQD8/fffePDgAZ48eVLjflpWViZX/uTJk/Hs2TP4+/sL+9x//vMf+Pr6Yu/evUqPJ9oWExMjtOZTNE7TZC3mZN9f9r+ZmVm1cUDFQwgLCwth3srjZH+bm5sLvyFZYLZyuSYmJg2yTCIiIiIialhqJXGvrPLFfkM4fvw4xo8fjzlz5kAqleLevXsIDAwEADg4OACoeBtZamoqUlNT4e7ujpdeekkI/KSlpQllyW5GK8vPzxe6mCkrD6h48+KZM2cwd+5c/PLLL/j777/h7+8PoKKLWVBQEO7evYvHjx8LLcUMDQ2FZSnLoaPK/DUZP348srKysGHDBpw/fx7Xrl1T+Na22rRq1QoA8OjRI2GYbP21bNlS7fIUUSXhd1xcnEaWBQBxcXG1Lk/WXXTYsGE4fPiwELgZNGgQpFKpENh58uSJMI8sv1LlcgoKClBYWCj8/ezZM+Tm5gqfDQ0N5ZKaV01ynpGRAalUiry8PABQOH1SUhI2b96M5s2b45NPPsGBAwewfft22NraKi370aNHwmc7OzssW7YMJ06cwO+//46ePXsCgJD4ver0jZ3EPT4+HsuXL0d+fr7K8+Tn52P58uUqB68A4D//+Q+MjY3x4YcfIiEhAT///DOAipZwNVFnP23VqhWePn2KwsJCABXddiUSCRwdHQEoP55om7K3OzbEmx9lgVdZUEn2f0FBQbVxQEXOLNnwgoICuXGyv/Pz84XfkKy1lbJyNbVMIiIiIiJqWCq3wEpOTpZ7i5OzszNWrVqF5cuXCxf+y5cvV9oKS53uJ3fu3MHp06cBVORJGTNmDMaNG4f9+/cLwZVz585h3rx5cvPJnrhXbs0j64pYWeVWE8rKk40fNWoUzMzM0K1bNyxduhQrV67EwYMHERAQAC8vL/Tv3x9xcXE4efIk+vfvX+OyqlJl/ppER0ejZ8+eaNGiBby8vLBhwwZs2LAB3bt3V2l+GVmAr3KwqnXr1gAg5HxqDHPmzMFrr72mkbJUCYYNHjwY2dnZWL9+vTBs4MCBGDRoEFq2bImcnBwAgI2NjTDe3t5eI/Wri5MnT+LkyZNo2bIlevXqhenTp2P8+PFKW0zJujoBFeu3S5cu8PPzw507d7Bx48Zq3Z0qT68NycnJtR5HZGTBK3W7tY0dOxb//PMPZsyYIQwbNWoU3nvvPTg7OyvM+6bOfpqSkoJ27drB1NQUEokENjY2MDU1xY0bNwAoP55oOxH848ePER8fX+1ts/Hx8Solx1eX7IUcsta5zs7OAIDExEQkJyejpKREGGZubg57e3ucPXsWAHD79m106tQJBgYGKC0tRbt27VBQUICHDx8K5To7O+PJkydCl8LExEThwYuml0lERERERA1LrQBWVVWDWLXdfNYlfwoArFixAsOGDcPKlStx+vRpPH78GOfOnUOPHj3QpUsXSCQSLFmyBFFRUVi6dClu3boFT09P+Pn5IT8/v8a3J8rUVt7vv/8OMzMzzJ8/Hzk5OXj69ClKSkpQXFwMMzMzABWtLjp16gRXV1cAFcnBL1y4UOt3q+v89vb2iI6ORmRkpPDmtcLCwhqTLEskErRt2xZDhw6t9pa9sLAwPHr0CJMnT8bNmzdhamoKHx8f3L59G+fPn6/1O6hC1dY4jZXI2sHBAZ06dUJoaCiio6OF4QUFBRg0aBAGDRqE7777Dvfu3YObmxveeecdSCQS9O7dGwCqtTBS1kWw6vSK5lVWnlQqhZeXF5YtW4bvvvsOV65cEVptSSQSSKVSoSvTkCFDEBUVpXC5stYotra2aN++vXBT7+rqiuvXr9dY98am6nGiSZMmah9T2rZtC09PTxw8eBChoaHC8Pz8fLz33nvw8fERkugDFW9PTU1NVbqfnjt3Tm4ZQUFBCAgIwMaNG3HkyBF89NFHACreDApA6fHk38jJyQmdO3cWgkLOzs4YMWIEHjx4gKioKDx69AjTpk1DSUkJfHx88OzZMxw/fhwSiQSnTp3CiBEjsHjxYri4uMDAwAD79+8HUNH11tPTE9u2bUNGRga6d++OvXv3oqysDEePHsXcuXOxZs0ahISEYNKkSfj7779x5coVGBgYNMgylX1PTbYuJSIiIiJ6UanchTAmJkZhNwlZEEv2VFsWxKoqPz+/zjlUUlNTsX37drRo0QJLly4FAEydOhW///47vvrqK+zevRupqanYtm0bAGDatGlISEjAqlWrMHr0aCF5urIbc2XlLVy4EDk5OThy5Ah++eUX2NvbY/z48cjOzsbKlStx//59BAYGYsCAAXj//ffxzz//YPPmzTA1Na31u9V1/oyMDCxevBiurq747bffsH//fty9exdTpkxROP3OnTthZGSEdevWoXnz5nLjCgsLMWLECFy+fBmbNm3C559/joiICIwaNUpINF5fmuyWpol/gwYNAgBcvHhRbviNGzeQn58vdCNcvXo17t27hxkzZsDb21t4U52sm1/V76fss6L1UXXd1PQ5KioKR48exahRo7Bz507MmTMHv/zyC4KCgiCVShESEoKcnBx8+OGHcHFxUVjWrl27kJ6ejmXLlsHd3R1LlixBdnY2/vvf/8LIyKhBtlVdODk5qZwHS528egDw3nvvAagIIlV28eJF5OTkCONPnz6Nu3fvYuTIkRg3bpxa++nu3buxZMkSeHh4YP/+/Wjfvj38/f2F/HLKjifaZm5ujrZt21Yb3rZt2zp3GR8yZAi+//57fPbZZwAqXrDw/fffw8/PDyUlJRg/fjzS09OxfPlymJmZ4YMPPhCSqM+bNw+//PIL/P390atXL6xZswZHjx4FUPESi82bN+PNN9/E1KlTceTIEeH8cOvWLfj5+cHOzg6ffvopbt26hXHjxkEqlTbYMpV9TyIiIiIiqj+RpaWlyneZPj4+NeaJSUpKElpiOTk5VevWdPDgQeEGrqHp6+vDwcFB6Bq3du1aTJ8+HX379pVraUKNp1OnTtquAmmBrNucOoYNGya0WqrNnj17GiQ3kzpsbGxw7949hIaGwsfHR6t1qY8BAwbAx8dH6VsIDx06pPKbZImIiIiIiDRJ5S6EQEX3CTc3t2r5UYD/tcQ6dOgQZs2aJTcuPj6+0YJXAHDixAn07dsXM2bMEPLNPHjwALdu3Wq0OpA8VVrjTJ48GZMnT9bI8oKCghAUFKSRsqhxKTq+XLp0CQDQo0ePatNqM4BlaWkJX19fABVvcHze2Nra4r333kOPHj1qbfVmZ2eH2bNnY/Lkybh06RIOHz7cIHmxiIiIiIiIFFGrBRZQ0cVk8eLFCm8yFYmPj8e6detqzM3UEFq3bo2NGzeiZ8+eKC8vx9WrV7F06VIkJiY2Wh1InixnkDKVczdpgpeXl0bLI/XdvHlT7XmCg4OFYEp+fj6CgoKEVj8DBgzA5MmT5cbLAkja0LlzZ0RERCA1NRUffPABrl27prW6qKvqulRX1W1DRERERETUkNQOYMn4+Phg2LBhNd785OfnIyQkpFFbXpHuUiWAFRoaWueb6ary8/Px5ptvaqQsqjt1A1i2trbYuXMngIrg99dff12tlY+trS1mzZolBNGnTZvGlkBqqrye64vrn4iIiIiIGoNaXQgrO3ToEEJCQuDh4QEnJychmXJycjKSk5MRExPTqK2uSLep0oVw9erVGsshdOjQIa2/TY/UV1BQgEuXLiE+Pr7GroGPHz/GsmXLMGzYMLi5ufE4U0fx8fHargIREREREZHK6twCi0gdHTt21HYVSAvYbZeIiIiIiIg0oc4tsIjUwdZQRERERERERFRXDGBRo2AAi4iIiIiIiIjqigEsahQMYBERERERERFRXTGARY2CASwiIiIiIiIiqisGsKhRMIBFRERERERERHXFABY1CgawiIiIiIiIiKiuDCoHFkQikRarQv9mDGARERERERERkSoUxRAMapuASBP423oxcbsTERERERGRJhjwBpMaA39nLyZudyIiIiIiIqovkUgEkZR3mM+1pKQkODs7a7saVE/cjv8e3Ja6gduBasLfhu7jNtJ93EaNg+uZiBpbTEwM3NzctF2NGulpuwJERERERERERETKMIBFREREREREREQ6jQEsIiIiIiIiIiLSaQxgERERERERERGRTmMAi4iIiIiIiIiIdBoDWEREREREREREpNMYwCIiIiIiIiIiIp3GABYREREREREREek0BrCIiIiIiIiIiEinGWi7AkRUP6dOncLVq1cxe/ZsWFtba7s6VAdisRgbNmyoNtza2hoLFy7UQo1eXD/88AMSExNhYmICV1dX9OrVC46OjtquFmmZRCLB6dOnkZSUJPw23njjDW1Xi5SIjY3F0aNH5YaNHj0a7u7uWqoRERER1ZfaASyxWFztgsDJyQne3t5ISkqCs7OzxipHjSctLQ3R0dEAwBu250hsbKyw3YKDgzF79mwt14jqQiwWqzWcGs6YMWOwa9cuZGRkIDY2FrGxsbzpJYSEhODq1avC5/T0dEilUnh7e2uxVqSMouMnj6m6QSKRIDExEWlpaUhPTwcAODg4wNHRER07doSpqamWa0hERLqqTgGspKQkuWFSqRQAEBgYyAv955BYLEZgYCCKiooAADdv3mRrnudA1afL6enpOHr0KEaPHq3FWlFdODs7w97eHhkZGXLDe/XqpaUavbhMTU3h5+cnBLEA4OjRo7C2tuYDmheUWCyWC17JXL16lQEsIjWFh4cjKipKuOaUkd1bmJiYoHfv3mzhSET0HEhJSYFIJAIAmJmZNUr8QOM5sI4ePYrY2FhNF0sNKDY2Vu5CoqioCDdv3tRijag2irpGAMDTp0+5/z2n/P394eTkJHx+4403MHz4cC3W6MUgkUiqDTM1Na227kNCQhqrSqRj2EKSqP4kEgkCAwMREREhd81pZWUFKysr4XNRURHCw8MRGBio8PhMRES6IzU1FSkpKUhJSan2IL6hNEgOLNmNNVtiPR8URUrZfFt31RS8Gj16NFxcXLBr1y6hKT49X0xMTBT+TQ1n165dGDNmTLX9JS0tTe5zeno6xGIxW6aSoGvXrtquAtXD+fPnUVxcLHw2MTGBl5eXFmv07xYcHIzk5GThs5OTE8aMGSMcU8ViMY4cOSJMk5SUhH379mHq1KlaqS8REemmBkviXp8gVllZGX7++WecPXsWjx8/hqmpKTp06IAxY8bItVCoi5ycHNy6dQs9evSoVzl//PEHIiMjsWrVqmrj4uLiEBQUhK1bt9ZrGY3F3d0dSUlJQheJrl271jv4+OGHH1ZrHg4A9vb22Lx5s9J5//77bxgYGNR7W1cVHR2Nzp07o0mTJhottzEpC17Jtpmfnx+2bt0KPz8/jdxsFxQUYO7cuWjVqhWWL19e7/IUycrKwsyZM7F//37o6+trvHxl+6u2rFixQu7mqarTp0/j9OnTcsM6duyIiRMn1mu5+/fvx++//45FixahY8eO9SpLkcrreseOHWjWrBnGjh2r8eVoSkZGBgIDAzF16lS5IFbVrvIANBbAunTpEk6dOoUHDx5AT08PrVu3xtChQ9GzZ896l338+HH89NNPGDx4MHJycnRm/Svax6VSKXbu3AlDQ0NMnDgRhoaGWq6lYoqCybKbbwDC+VMikcDV1bVOga0jR47g77//xieffCI3/OLFi9i7dy++/fbbulVeTQ19LNYlVY+vAJQGsIqKivDBBx/gq6++QsuWLZWWLRaLsXLlShQUFGD9+vVo1qxZvev7PAsPD5cLXllZWcHX11fuYam1tTV8fX2xdetWZGdnA6jYt8LDw9XuqtvQ1y3P23U+EZEuKC0tRV5eXr2vpRv0LYR1DWJt2bIF9+/fx9SpU9GhQwcUFxcjNDQUy5cvxxdffIFWrVrVuU7Xr19HXFxcvQNYvXr1Qrdu3epVhi5xd3cXAliaajm3ePFivPbaa2rPFxkZifbt21cLYMlyrcn62arr4MGDcHZ2ViuAVV5eDj09jfe0rRNVgldARes5X19fHDlyBN7e3vXO2/PHH3+gX79+iI2NRXp6OhwcHOpVXlXl5eWwsbHBzp07G+yGSRf3V2XBq5ooCgqro7S0FOfPn8eECRMQFhbWIAGsyj788EO195/G3ueMjY1RVFSEwMBAjBkzBmKxGAkJCQoDWJpoFRcaGor9+/fjgw8+QPfu3WFkZITLly9j586dKCoqwoABA+pVflRUFKZMmYI+ffqgsLBQo+uyPsdgRfv4w4cP0a9fvwb/HdaXo6MjrKyshJtqABg2bBiAipyR+/btE4YnJCQgNTX1uez+2xjH4hfF7du3UV5ejl27dqm1v+jSNYemSCQSREVFyQ3z8vISgldHjhyBSCTC6NGjYWpqCnd3d0RERAjTRkVFyU2vioa+biHcQj8dAAAgAElEQVQiIvWUlpYiMTER1tbWuhXAGjp0aLUbLHX7rycmJuLy5cvYuHGj8ITL2NgYY8aMgb29vfCENisrC0FBQUhLS4NIJIKbmxt8fX1hbGyMWbNmYejQoYiNjUVeXh4MDQ0xb948pKWlYe/evSgrK8Py5cuxatUqiMVi7NmzBykpKdDT00P37t3x3nvvQV9fH99++y2aNGmCrKwsPH36FHl5efDz84OLiwuio6OFVga5ubnYvn07Hj16BCsrq2o3yqGhoQgNDUV5eTlMTEwwYcIEuLm51WNNP/9ycnKwY8cOpKeno7y8HK1atcLHH3+MP/74A+fOnUNsbCxSU1MxZMgQ/Pe//8V7772HEydOYOPGjVi8eDH8/f3h6uoKANi7dy/Ky8sxefJklJSUIDg4GFeuXEFZWRm8vLzg6+uLTZs2ITMzE2vWrMH777+PmJgYtGzZUniCfvnyZRw8eBBffvklzpw5g4sXL8LQ0BBZWVlYv3494uLi8OOPP6KwsBD6+voYOXJkvW801XXq1Klqw2p6aYKjoyOsra2FliX1CWJFRERg7ty5aNq0KSIiIjBhwgQAQGZmJubNm4cJEybg8uXLEIvF6NSpkxC0yMzMxM6dO5GZmYny8nJ4eHjgww8/hEgkwvbt22FhYYFr167BxcUFw4cPl3vqf+bMGYSEhKCsrAwWFhaYNGkSnJyc8OTJE/j7+2PKlCk4d+4cxGIxnJycMHPmTIhEIjx58gSBgYFITk6GkZERRo8ejX79+sntrwDw888/IywsTCj/o48+wssvv1zndfS8iImJwcsvv4x+/frhyJEjyM/PFwK63377LUxNTfHPP/8gPT0dRkZGmDRpEk6cOIHHjx/DysoKCxYsgLGxMbZt2wZzc3NkZWUhOzsbpaWlmDZtGtq1aye3vL179wotgEpKShAYGIibN2+ivLwcL730Ej7++GNYWloq3Ocai6urK65evYqioiIEBwc36LKKi4tx4MABTJw4EQMHDhSG9+7dG1ZWVjAwqDglP3v2DPv27cP169chlUphZ2eHKVOmwNbWFmfPnsW5c+fQpk0b3Lt3D0+fPsVbb72Ft956Cxs3bkR6ejr279+PR48eITs7W1j/smPuo0ePYGNjg969e+PUqVPYtm0bwsLCEBUVhRUrVgCoaL0wefJk7N69GxKJpNoxuKSkpMZ9u6Zj8JMnT+T28ZrOi7Xt49ri5eUltNgxNjYWWuuFh4dXmzY6Ohre3t4a74pf03nT0tISfn5+Ss+Lqu578+fPl9tOCQkJCA4OFoKhgwYNwttvvw2g4mHTzz//LARdhg8f/kIl3q7pGrGsrAx79+5Ffn4+5s6di+XLl6OsrKzGa9aq58P27dvj7NmzaNmyJe7du4fs7GxMmzYNUVFRSElJQWFhIebOnYvWrVujpKQEBw4cEB5AvvTSS5gyZQqaNm2q9PfSmBISEqrdG2RkZCAiIkLuBQldu3aFs7MznJ2d5QJYRUVFSEhIUOvhqqLrloKCAkybNg2rV69G27ZtAVTkblm4cCF27dqFuXPn1rgP1Xad/6JeUxARqUIWvCosLASg+EFo06ZNYWFhoVJ5GnnMk52djeTkZLRs2RLt2rWT+1dbM+uqbty4UeN8ffr0gZ2dHQDg66+/RuvWrbFlyxYEBAQgNTUVJ06cAADo6+vj+vXrWLx4MdatWwdTU1OEhYXB1dUVgwYNgru7u3Aj+/XXX6N58+bYtGkTvvjiC9y8eVM4cerr6yM6OhofffQRPv/8cwwYMACHDh2qVq/Dhw/DwMAA27dvx4oVK3Dt2jW573P06FEsXboUmzdvxvvvv4+NGzciLy9PrfWiSWKxGMnJyXL/ZK8xBipyvVQdXzUfTH398ssvaNq0KbZu3Yqvv/4ar7zyCuLi4jBixAg4OzvDx8dH6FLy7NkzFBcXY8+ePbU2wz958iTS0tKwZcsWbN68GTdu3MDvv/8Of39/AMDSpUtrfbObkZEREhMTMXDgQKxfvx4lJSXCttu+fTs+/vhj7Nq1C7m5uRpbH6qYOHGiXKJTZW/8jI2NFS4K65MENSEhAebm5mjdujX69euH8+fPo7S0FACgp6eH0tJSPHv2TGgdefXqVVy6dAkAsHv3bjg7O2P79u3YsGEDoqOjcfnyZQCAoaEhLly4gMWLF2Py5Mlyy0xMTERwcDAWLlyIzZs3Y+jQodiwYQNKS0uhr6+PkpIS5OTkYNmyZVizZg2uXbsmvHRg27ZtcHZ2xrfffovFixdj9+7dePTokVz5d+7cwfHjx4Uubt26dcOuXbvqvI605dSpU1iyZInCVnk1CQsLwxtvvAFDQ0N4enrizz//FMbp6+vjr7/+wvTp0xEQEACpVIrAwED4+/sjICAA2dnZuHLlCoCKbX/p0iVMnz4da9euxcCBA7F9+3alyw4JCUF6ejq2bNmCbdu2oaysTDhmV93nGpM6OW8CAwPrdSy8e/cuJBIJ+vTpU22cm5sbXn31VQDAiRMnkJKSgoCAAGzZsgVOTk7Ytm0bgIrtdPPmTXTv3h0rVqzArFmzEBwcjJKSEsyfPx+2traYMmUKxo0bJ1f+kSNHoK+vj+3bt2Px4sU4c+aMSi09FB2Dle3bNR2DK1N2XqxtH9cW2U0tALmupjUlLK18TtWUms6btanrvpefn48NGzZg7Nix2LJlCz799FMcP34cN27cQHFxMXbt2oUlS5Zg69atWLZsGa5cuYKSkhKNf29dVdM1YqdOneDr64tWrVph8+bNaNasmdJr1qrnQ319fSQmJuKNN97A6tWr0aNHDwQEBGDEiBFYvXo13Nzc8OuvvwIAfvrpJ9y5cwfr1q3D5s2bYWVlhT179gCo++9F0xQdM2NjYxEeHi68dEYWvKppenWOuzVdt5ibm8PDwwNnzpwRpo2Ojka3bt1gbm6utExl1/n/lmsKIqKGUDV4VVhYKCR9r/wvNTVV5TI10gJLLBYrPVir0wKkoKCg1mZlubm5uH37NubOnQug4uTfv39/nD59Wsj10atXL6EJvJOTE7KysqqVk5eXh5s3bwpPdo2NjfHGG2/gzz//xODBgwEAr732mhANbNu2LUJDQ6uVc+PGDYwdOxYikQhGRkbo37+/cGESExOD7t27w8bGBgDQpUsXNGnSBLdu3UL37t1VWieaIpFIsG/fPoVdYyqr6W1bDg4OmDp1qspPlTds2FAtwjp27FgMHz4cNjY2uHTpEq5evQpXV1eMHDlSYRmy+fv06aPS0/eLFy/i3XffhaGhIQwNDbFy5UqhVYM6zM3NhTwmhoaG2LFjh/C9O3bsCH19fTx+/FjlSLEmODs7Y/bs2QgJCUF2djZcXFwUTle5q6GVlZXcjZe6wsPDhZYilpaWaN++PWJiYuSCgLKbcRMTE3Tp0gU3b95Ez549sWDBAmGbNW3aFM7OzsJNnUgkgouLC5o3b15tmRcuXECPHj2EYHWPHj3w/fff4/bt20Jgu2/fvgAqukva29sjKysLeXl5SEhIgL+/P0QiEVq2bIkdO3bAzMwM9+7dE8p/+eWXheFAxT5+8uTJOq+jxpSeno6EhATExsYiISEBQMX2trKyqjVHSHp6OrKystCpUycAFW85lAUIZTp37iz8zlu2bAlLS0sYGxsDqLhpf/LkiTDt66+/LrTe8vT0xHfffYecnJwal//OO+/grbfeEvZHNzc34TsA8vtcY3J0dMTo0aNVCgTKuhpWzZelqvz8fJibm8PIyEjpdJcuXRKOYwAwaNAgnDx5EgUFBQCAFi1aCMEuJycnlJWVQSwWw9bWtsYyb9y4gXHjxkEkEsHc3BxeXl4ICwurtc6KjsHK9u2ajsGVfxvKzouyVguK9nFt0oU3Dqp63qyqrvvejRs3YGlpiS5dugjLd3d3R2xsLNzc3GBpaYnw8HAMGDAAjo6OWLRokQa+5fNFlWvE2q5ZFZ0P7e3t0aZNGwAVx2JHR0ehG1zLli3x119/AajY30aMGCF0b3777bfh7++PsrKyOv9eNK22YG7Xrl2F1vASiQTR0dFql1GZsuuW/v37Y/PmzZgwYQIMDQ0RHR0ttCpXRtl1/vN8TUFE1JCqBq80pUFzYNWFhYUF7ty5o3Qa2YVw5eCBhYWFXH6KykEWkUiE8vLyauXIpl+2bJkwTNb8V1E5enp6CsvJy8uTy6vUtGlTubpWvdGpWtfGEhUVVWvwSpn09HSEh4ernNtj4cKFNebAGjx4MEQiEU6dOoXNmzejc+fOmDRpknBDU5WqgaLs7Gy59S+7oCgrK1NpfpmqTezPnDmDCxcuCDlgSktLhb8bk6mpKcaMGYObN29i165dGD58uFxwuGqeLHUTn1aWl5eHmJgYXL16Fd9//z2AivwchYWFcgGsqutbdqN58+ZNhISEQCKRQCQSIT09XS7XTU3bNDs7G9evX8f169eFYcXFxcjOzhYCWIr2S9k+Vbk+lf+WKSoqwsGDB3H37l0AFd21tLEt66Kmbm6q7NdhYWHIzs7GpEmT5MpLTEwUtkvlHE96enrVPlc+/inaz/Lz82tcfkZGBg4fPoysrCyIRCK57QlU3+cak7u7O6ytrXHq1KlaXwFcnyCWpaUlCgoKUFRUpDSfVk5Ojtz+IVvXsnNf1fMbAIXnpsqqnqeUBbsUqVwfZft2TcfgylQ5L6py7m0slVtmA5Crp7GxscJ8durmS6vpOkXW8hRQ/7wpU9d9r+rvEKj4LT558gQikQgrVqzAqVOnsHr1aujp6WHkyJEvVBdCQLXfqSrXrFXXs6rH4uzsbAQHB+PgwYNy82ZnZ9f599KYjI2NhXxysoes9QkW13bd0qlTJ5iYmODKlStwcHBAfn6+SrlalV3nP8/XFEREDa0uOX9ro3MBrC5duuDw4cNISkqq1mrr5MmTcHJyEoZnZ2cLJ+Lc3Fy1E4LJuqOtW7dO4Y2uqpo0aSJ341b55Fs18Wtd66oJsptce3v7akGotLQ0Ib/H0KFDq91cyG7sNNktYtCgQRg0aBAkEgn27NmDH374QXhCWVXl1ldVu71IJBKhlYilpaXck/6cnByUlZVVu0DX09OTu8BQFhmOjY3F8ePH8cUXX8DW1hZSqRS+vr6qf9EG4OrqCmdnZwQHB8PR0RHDhg1TmOS9Pt0Hz5w5g549e2LGjBnCsPLyckybNg3p6enC0/ycnBzhyXFeXh4sLCyQl5eHgIAAzJs3T8gVsWbNGrnya2pR16xZM/Tt27da10IASgO/sm1c+biQmZlZLWn/kSNH8PDhQyxfvhwmJia4c+cOVq5cqXRdNBbZ8U0ikSApKanWYIqqSkpK8Oeff+LLL78UWrYBFV1MwsPD65REu/J+JusSrSzQ/PXXX8PV1RVz5syBSCTCiRMnkJiYqPZyG4qzszP8/f0hFoshFouFG8Zdu3ZVO/nWNYjVrl07mJmZISIiQq7lGwBcvXpVSP5tZWUlt35l3ZWtra3l3uSlDnNzc7njXOUWTYqOqVXJ9tfa9u2ajsGV6dJ5UZnz588jOjq62g21WCyGRCKBqakpnJ2dq/2OK+fIUpWNjQ3S0tIglUrljo0PHz6UCzbWdN5Udl6s675X9XcIyG8nBwcH+Pn5AQBu3bqFtWvX4pVXXqnXi3bUVfVtriYmJvjss88abfmqkHX9V3bNWtf8btbW1hg9enSNLyZS5zqroTg4ONR43HJ0dJRL5l7TwxhVk7DXdt3i4OCAfv36ISoqCo6Ojujdu7cQIFa2Dym7ztflawoiIm0yMDCAi4sLEhIS1G5MoozOveqkffv26NOnDzZs2IDLly+joKAAYrEYBw4cwKlTp2Bvb4+mTZuiY8eOQlPtkpISREZGwsPDo9byDQwMhG4Y5ubmcHNzE5JjS6VSnDx5EmfPnlWrzi4uLjh37hykUikkEolcXpkePXrgypUrQtebq1evorCwUKtvXZJddFf+V/li29HRsdp4TSej/fbbb4Un2qampkJgCJDfRorY2NgIeY1ycnLkchF4eHggLCwMxcXFKC4uxvr163Hp0iXo6elBJBIJ5TZv3hwpKSkAKlpnKWqyLpObmwtLS0u0aNECUqkUx48fh0gkqvcb4erL1NQUfn5+sLKywpYtWxR2gTp9+rRaOZJkpFIpwsPDq+ULk73ooHJrhMjISAAVN7ZxcXFwc3NDYWEhysrKhKTesbGxePDggUrrzNPTExcvXhRusB8/foyvvvqq1gi+hYUFXnnlFZw+fRpSqRSZmZlYtGgR/vnnH7npcnNz4ejoCBMTE0gkEvz6668oKyvTeu6WqVOnws/PD97e3hg+fDj8/f0Vtmawt7evNqy21h4XLlyAnZ2dXPAKAHr27ImYmBilLadqcu3aNeG4dvbsWbRp00bpg4Dc3Fw4OzsLLXYuXLig9X1IEWtra+GY6OjoCD8/P+EmpjJZEEud3CyGhobw9fXFgQMHcPr0aSEQ8ueff+Lrr78WAhU9evRARESE8JsMDQ2Fm5tbvY7Dr7zyCqKjoyGVSlFYWIgLFy4I42xsbJCRkSEsT9k5sLZ9u6ZjcGW6eF6s6tSpU8I2UkTWBa93797VxikaVhsPDw+UlpYiODgYeXl5KC4uxsWLF/Hbb78JwU5l501l58W67nudOnUSjutARdDz6tWr6N69Ox48eICVK1cKx46WLVvCwMCg0VueKAou65r6XLPWxtPTE6GhocJ6+Ouvv/DDDz8AUP57aUzKgrnZ2dmIiIhARESE0gc2qgSEVb1u6d+/P+Li4nD27FmhqzKgfB9Sdp2vq9cURES6wMzMDC4uLsLDAiMjI7Rs2bLaP0X3NzXRuRZYADBjxgycPn0aBw8eRGZmJkxMTNC5c2esXbtWuAGbOXMmdu/eLeS76dq1K955551ay3799dfx66+/Yvr06di2bRtmzpyJPXv2YNasWSgvL0e7du3Ufrucj48Ptm3bhmnTpsHKygr9+vUTEmy6urpizJgxWLNmDcrLy2Fubo5FixbVmjDy32DdunUKh+/YsQNDhw7Fnj17cOzYMejp6cHR0RFTp04FUHFBFhwcjKSkJHz44YfV5h87diyCgoJw8eJFWFtbw9PTU0gsPnLkSOTn52POnDkoLy9Hjx498Oabb0IkEsHLywuff/45xowZg8GDB2PTpk349NNPYW5ujs6dOyt8m5SsPlFRUZg1axbMzMwwatQo9O3bF9u3b8eyZcvUflGBpvXu3Vu4mbKyshKa48te7S5Lkjp69GiVy4yPj0d+fj46d+5cbVzPnj2xZcsWIbhibW2N+fPnIz8/Hz179kT37t0hEonw9ttvY8mSJULi1AkTJiAoKAitW7dWuuxXX30V77//Pr744guUlpbCwMAAI0aMgLGxca0tymbNmoXAwEBMmzYNRkZG8PX1xUsvvST39Hf48OHYunUr5syZAwsLC0yePBkpKSn45JNPEBAQoPI60qTKLUsr8/b2lgsW2tvbw9/fH2lpaXItg2rrKhoeHo6ePXtWG25tbQ0nJye5i3FVde3aFTt37kR6ejpMTU0xffp0pdO///77+PHHH3Hs2DG0bt0aU6dOxfr16/Hdd9+hQ4cOai+/sciCWJpqiTVw4EBYWlri559/xuHDhyESieDs7Ix58+YJ+cn+85//ID8/HwsWLIBUKkWrVq1qXb+1kZ2nZsyYAQcHB/Tu3Vs4T3Xu3BmvvvoqlixZAmtrayEAo6g7lJ2dndJ9u6ZjcOX8acrOi9roXq+I7LhZk6tXr8Ld3R3Ozs7VWpTVlJ9QGXNzc6xcuRLBwcGYNWsWSktLhe0ua+mm7Lyp7LxY133P3NwcCxcuxA8//IC9e/dCT08P77//Pjp27AipVApXV1csXrwYQMWDp9GjR9d6fH9R1fWatTbvvPMOCgsLsXDhQpSXl8PS0lLoJq7s99KYXFxcauxqa2xsLATVFD0okA1XZZ9S5bpl7NixsLOzQ/v27ZGfnw8nJydhGmX7kLLrfF28piAi0iWyIFZCQgJatGhR75baIqmaj2OSkpIQGBio1kLUSeJO6lHU1VKRtLQ0BAYGCrlXqt5wHTlyRHhrnbu7u1ywo7Z5qf5U3Y41kUgkSE9PV5oPq+p2ra+srCzMnDkTBw4cUOltZi8KVbflkiVLhL+tra2xcOHCatOIxWJs2LBB+Ozk5CR02RGLxYiNjRXyNzWmHTt2wMbGBj4+Po26XHXUd5+qqmrQsDITExMsXLhQ4y1VNa28vFzYV6OionD69GmsXbtWy7VqfKr8Nn744YcaW/M4OzvDy8tL2N7r16+XC2AtXLhQ57pDPm/qchyV+eKLLwBUBO4rPwAAKl5eIQv4K5uXaqfOMVbRtgDkt4cq02jK1q1b0a5du2pduXWRps9lRES1iYmJgZubm0rTVm5lb2FhobQ1fWFhIQoKCtCiRYt61Y93nS+I4OBg4WK8qKhIaJ0DVAQ6ZMEr2efKT5+VzUu6QdYttDJ3d3e5i7PY2FgEBgbWKy+WIkxWWn9isRhHjx6V2zZpaWkKE7bLWFtbw9vbW2s3yi/adq+tO2FNb2/VFSdPnsSqVatQUlKC0tJS/PHHH3VqKfSimDhxIvz8/BT+8/b2FoJX58+fr9ZqLCIiQuPHWaLnmbe3t1xrJ1U5OTlpPHiVmJiI+Ph4tXtbEBFR/ZiZmdU7eAXoaBdC0ryqF9iVk/kqyvFR+eJb2byk23r37o309HQhQJmUlKTWmySp8cTGxsLe3l7ovhUeHq7RlyZQ/SnrTlifN2c1hiFDhuDhw4eYNWsW9PT04OLiglGjRmm7Ws8lsViMiIgI3Lx5U2ErrdjYWNy8eROurq5444032BqLCICvry+Cg4PluvQnJCQICexlqRBknJycNP7CnNWrVyMlJQUzZsxQ+IZUIiLSfWoHsBwcHNR+TbKqbw+hhtOrVy+5ROXu7u5yf58/f164ITM2Noarq6tK85LuGzNmDAAIQSxN3Wi3aNEChw4d0khZL6KhQ4dWu/mtvG95e3tX66qrK8fS+uZjep7VFMTy8vLSYq1qZ2JigtmzZ2u7Gs+9yl3qlSkqKhJaM0+YMEHunEqaU/U4WvmFFopaGFYepmxe0jzZi2fCw8OFa8709PRqD2qMjY3Ru3dvjbe8AoBPP/1U42USEb3IKueCbqwc32rnwCLdom4OAtn0VS8M0tLSEBUVBaDiRqzqjXPleSvn/iDNaOgcBxKJBOHh4RCLxRgzZgy3XwNivgrd0Jj7lLu7OwMUz5H6/DYq54tUVU057qhmPI7qvvpsI4lEgoSEBKSlpQkBLAcHBzg6OsLFxYXXKJVwXyCixqZODixtYBfCF4iyp1mOjo5CSx115yXdZ2pqym6DRBrEferFVJfcVjW9XY3oRWVqagp3d3e26CciIrUxgEVERESkgokTJ2q7CkREREQvLL6FkIiIiIiIiIiIdBoDWEREREREREREpNMYwCIiIiIiIiIiIp3GABYREREREREREek0BrCIiIiIiIiIiEinMYBFREREREREREQ6jQEsIiIiIiIiIiLSaQxgERERERERERGRThMdPnxYqu1KEBERERERERER1cRAIsnVdh2IiIiIiIiIiIgEBgb6MDY2RtOmTWBpaQkDKytLbdeJiIiIiIiIiIhIoK+vB0NDQ5iZmcHIyAgGNjbNtF0nIiIiIiIiIiIigUgkgr6+PoyMjGBsbAQDS0u2wCIiIiIiIiIiIt0hEokgEgH6+vrQ19eHgampibbrREREREREREREJKciiFXxz8DAwEDb9SEiIiIiIiIiIqqRnrYrQEREREREREREpAwDWEREREREREREpNMYwCIiIiIiIiIiIp3GABYREREREREREek0BrCIiIiIiIiIiEinMYBFREREREREREQ6jQEsIiIiIiIiIiLSaQxgERERERERERGRTmMAi4iIiIiIiIiIdBoDWEREREREREREpNMYwCIiIiIiIiIiIp3GABYREREREREREek0BrCIiIiIiIiIiEinMYBFREREREREREQ6jQEsIiIiIiIiIiLSaQxgERERERERERGRTmMAi4iIiIiIiIiIdBoDWEREREREREREpNMYwCIiIiIiIiIiIp3GABYREREREREREek0BrCIiIiIiIiIiEinMYBFREREREREREQ6jQEsIiIiIiIiIiLSaQxgERERERERERGRTmMAi4iIiIiIiIiIdBoDWEREREREREREpNMYwCIiIiIiIiIiIp3GABYREREREREREek0A21XgLTnWXERTp86CAAYOnwsjIxNtFwjIiIiIiIiIqLqdDKAVVBQgIiIP3Dt2g08fJiCvLx8iEQiNGtmjXbtnOHh4Q5Pz+4wMNDJ6j837t69BVu7lsLfLq6vablGRERERERERETV6VwEKCLiD3z3XTAkkqJq4zIyMpGRkYmoqAvo378PZs36Py3UUH1Tp87E06diAEDbtm3w5ZdfaLlGFW4lxKFnb28AQGzMWQawiIiIiIiIiEgn6VQA68iREzh48Gi14QYGBjA0NJALapWUlDRm1f51nj55DABwcGgFAHj27BmePnmMZja22qwWEREREREREVE1OhPAun49vlrwys3NBePGjcHLL7eHnp4eCgoKcfNmAkJDwwGItFPRf4nEhGt41eV/La5edXkNiQnX4NVnkBZrRURERERERERUnc4EsPbvPyL3+bXXOmPJkv/K5bkyNzeDh0c3eHh0Q1bWP8LwO3f+xpIlK4TPEyb4wMurJ/bvP4zr1+ORk5OLuXNnoHfvXsI0ly9fRWTkn7h79x5yc3NhaGiIli0d0aNHd7z11iCYmprK1Sc9PQO//RaO+/cfIDPzMQoKClFUVAQTE2PY2dmhc2dXvP32m2je3EaY5/PP1yEu7oZcOffvP8SoUeOFz2+80R/Tp08VPovFYvz6axj++usaMjMfo7j4GSwsmqJjx1cxdOhgvPJKB3VXbbR64WcAACAASURBVDXPiouQ8igJXV7rIQxr08YZ1+Mu4VlxEZO5ExEREREREZFO0YkA1j//PMHff9+VGzZlygdKk7S3aNG8xnGPH/+DRYuWITc3TxgmlUoBAM+elWDTpm2IibkiN09paRnu3k3C3btJOHPmT3z66SLY2f2vO11y8gOEhPxabVmFhRIkJ99HcvJ9hIefwWefLUG7ds7Kv3AN4uKu46uvtqGgoEBu+NOnYkRFXUBU1AWMHTsaY8aMVLnMMxEhSHmUVG1459c80KSphfC5SVMLtGvfEYcO7Ko2bes27dB/4FA1vgkRERERERERkeboRACravDqpZdaw8HBvs7l/f57hIKhFV0O9+z5Xi545eTUFl26uCEnJxdnz0ahrKwMaWkZWLfuSwQErJELopmamqBjx1fRvHkzWFhYoKysDKmp6bhy5SrKy8tRUFCIb77Zg40b1wAAOnZ8FSYmJrh69RqePXsGoKIVWadOrkKZ7do5AQBSU9OwYcNmFBcXAwAMDQ3h5eUJa2srxMb+hYcPUwAABw8ehYODPXr37qnSusjMSIX3m+8Kua6U6d6jL7r36Cs37OGDu4g+r2h9EhERERERERE1Dp0IYOXk5Mp9rtzyqa66dOmEiRPHwcHBDo8fZ8HQ0BDp6RmIiPhDmOb117vgk0/mQ09PT5hn8+btAICHD1MQFXUR/fr1BlDRpXHv3p0KW4VVTj6fnHwfGRmZsLe3w+jR/wEgewthRQCrRYvmWLBgTrUyjh37SQheiUQirFjxCV59taK7oI/PKCxc+KkQxDpw4IjKAazBQ0bi999OoJtHH7R/2UWleWTu/p2AKzHnMHiI6i2+iIiIiIiIiIg0TScCWNXVL0G7lZUVFi2aC2NjYwBA69YVrY9Onw4VuhICQNu2bXDlytX/LbXKYq9ejRMCWGZmpoiPT0B4+BncvZuEp0/FQsCpqrS0dNjb26lV59jYOOHv5s1tkJubK9dSzN7eXghgZWRkIjU1DS1bOtZabjMbWwweMhLR58MhfvpPtRZWNbl86SwyM1IweMhIvpmQiIiIiIiIiLRKJwJYlpYWcp8zMzPrVV63bq8LwavKHj/Okvt84sQppeVUThR/4sQp7Nt3UKXlFxZKVJpOpqCgEPn5+XLLXb9+U611UyWABciCWO/i99+OI+pcWK1vGow6Fwbx0ywMHvIuE7oTERERERERkdbpRADr5Zfby31++DBF6IZXF5XfBFgfshZWOTm5QhdBAGjSpAnGjh2FNm1aw9DQAJcvX8Xx4z9XmlOKhibLqaUqI2MTDBsxDsF7t9YawEq6lwjfD2fXp3pERERERERERBqjEwGs5s1t8PLL7YVk7lKpFEFBwVi0aC709fUVzvPPP09qDFQZGCiep+qbCxctmgcPD/da63f37j2UlpYKn0eMGIq33hosfK7c/U8RUdW+iVWYm5vB3NxcePugk1NbIRG8Jj0rLoKhYfWWaVUZGhrjWXERW18RERERERERkU7Q03YFZMaNGyP3OTb2L6xZE4C7d5OEvFXFxcX4669rWLs2AD/8cEDtZXTt2kXu88mTpxS2ZMrJycXx4z/h7t0kAEBpaZnceInkf10Es7NzEB5+RulyjYyMKk2fi/LycqV1S06+j5iY2GrTSKVSxMcn4NChY0qXV5OMjBRYN6u9dZp1MxtkZKTUaRlERERERERERJqmEy2wAKBzZzeMHTtarqvetWs3cO3aDRgZGcHIyAgFBQVCMMvLy1PtZTg6OmDgwH6IjPwTAHD79t+YMWMeund3h4VFU+Tn5+P+/Ye4fftvlJeXo127/2fvvuOqLvs/jr/PYW8QEEQcOBBMDY1cWY5My5FkWmbbrFv9NdTStLKdmaOtdXtnaVqmaeWqzDIz917gBESGIMpQ9jq/P4gTR8CJcrLX8/HwcfP9nuv7vT7fwX3fvB/XdZ1GkqTGjYNkNBrNwdPSpSuUmXlaTk5OWr9+ozIyMs/b7/HjyZKkjIwMPffcC/L395fBIPXvf6caN26kgQPv0pYt283TFt955121aROmBg3qS5JOnDihqKgDSk/PUEhIsO699+6Lvv709JPyrxNo3j5+PEGb1v8qSWp/U3fV+esz/zqBSk8/qfoNmlR6HgAAAAAAgKvJagIsSRo48C55eXlq9ux5ys3NM+8vKCioMFLKzs7ukvp4/PFHlZ2do82bt0qS0tLStXLlr5W2LZv65+PjrV69emr58p8klY7I+u23NeY6br21i3m7Ml263Kzt23eat+Pi4hUXFy9J6tq19FsB69YN0NixI/Xuux+bpxLu2LFLO3ZUnJ54vimJVUk+nqBWYe1VkJ+n3bu2KPrIfnXsdKsk6Y/VK9S4SaiuD2ur2n6B2rNrk64Pu6RuAAAAAAAAqpVVBViS1L17V7Vvf6N+++0P7d69V8eOxZu/oc/Ly0uNGwepXbtwdejQ7pLOb29vp7FjR2rHjl36/fe1Onw4WhkZmTIajfLy8lStWl5q0qSRbrihtZo3DzEf98gj96t2bV+tXPmrUlJOyMnJUaGhIRo06G7FxBw9Z4DVsWM75eQM1c8//6rExKQqF2APC2ulDz+copUrf9WuXXuUkJCk/Px8ubm5ytPTQwEBddSiRXO1bRt+Sdd+IiVJOdlntGn9r/L08lH/AQ+b17ny9w/U+nW/asWyb9QqrJ1OpCRdUh8AAAAAAADVzXD06IEr/5V5sAq7d21S8vEEhTYPq3J64LG4I9oftUv+dQJ1fdjFT9MEAAAAAACobgRYAAAAAAAAsGpW8y2EAAAAAAAAQGUIsAAAAAAAAGDVCLAAAAAAAABg1QiwAAAAAAAAYNUIsAAAAAAAAGDVCLAAAAAAAABg1QiwAAAAAAAAYNUIsAAAAAAAAGDVCLAAAAAAAABg1QiwAAAAAAAAYNUIsAAAAAAAAGDVDCaTyVTTRQAAAAAAAABVYQQWAAAAAAAArBoBFgAAAAAAAKwaARYAAAAAAACsGgEWAAAAAAAArBoBFgAAAAAAAKwaARYAAAAAAACsGgEWAAAAAAAArBoBFgAAAAAAAKwaARYAAAAAAACsGgEWAAAAAAAArBoBFgAAAAAAAKwaARYAAAAAAACsGgEWAAAAAAAArBoBFgAAAAAAAKwaARYAAAAAAACsGgEWAAAAAAAArBoBFgAAAAAAAKwaARYAAAAAAACsGgEWAAAAAAAArBoBFgAAAAAAAKzaPzLA+vngKQW+sf6C2o77MVoPfB15hSu6PN/sSlGLqZsv+fi8ohIZxqzWkZO5F9T+Yu7f1XCuehbsSlH7j7YpPbfoKlcFAAAAAACshVUEWJviTsswZrUyLjCkaO7nojdvb3RBbftd56OHw+tcTnmXZF1spgxjVmvIwv1XvC87o0EfRQTL19XugtpfzP0Lf3+rZm89fjnlXXI9a6LT9d9NSfrl8dbycrK9ojWUV/Y+nv2v0/Tt5z12edRJNXxrwxWv8Wr1AwAAAACANbh6qUA1qu/pqEduvLBQqkMDjytcTeVmbkpULSdbLdiVovfubCoPxyt3q22MBj15U+AFt7+Y+3chCotNsrMxXPLxVdXTpbGXujT2upzSLkvyy53kUS44Mxou/RrLKy4xyWAwyFg9p/vH1wEAAAAAwPlYZYA1cslhJZ3Ol6OtUXuOZymroFijb6mnER1LQ5qfD57S0IUHlDDhJklSiUn6ZEOCZmxI0LGMfNVyttVL3YP0eLsAjfsxWgkZeZo3+DpJ0omsAo1cclirj6TLYJB6BtfSu3cGq5Zz5bciKSlJAQEBMplMSklJkb+//3nrT88t0rd7TmjWPaF6+oeDmrs92SJg2hiXqf/77qCOnMpVqzquuiPE2+L4sHe3aOD1tbXqUJo2HzutZr7O+vr+67Q1/rReWRmr9NxCPdDGXx/f1UwGQ+kUQqfxa3T4+Q5q4uN00ffvt8PpGrP8sGLT8mQ0lI6I+vP/btDIJYe1LzlLz/94RG/+dlStA1z17UMtFfbuFvVsVkubj51WypkCvd6zkTo09NDj3+7XtvgzKiguUQt/V717Z1O1q+9uvq7fDqfr5ZUxikrJlq3RoP4tffXfASEV6iksNumNX2M1d3uyMvOK1Kaum97vF6wW/i7m+9Mr1Ftb40/r+OkCGQzSjP7NdHOQZ6XP4+TJk3J3d5e9vb35eV4IB1ujHG0rDlIsKDbpqe8P6ofIVOUXlcjLyU5v3dFY7eu764lFB5SaXagmkzZKkr64N1Qt/V3l9fJavdu3qebtSNap7EJtejq8dHTboFB1b1pLkpSQma96b65X+uu3yNPJtsr3+tYmXpX2c/BEjmZvO651/3eDudah3+6Xq72t3u/XVBm5RZXWsXB3ij7ZkKiEzHx5OtlqUJifJt7R+LJCSQAAAAAAqpNVBliStCzqpP78vxsUHuimQ6k5Cnt3i3oEe6uJj1OFth/8Ga/31h7Twgdbqm19d53MLtCxjPxKz3vP3H3ycrLVgbHtVWwy6f6vIvXg/EiteOz6SttPnjxZ3bt3V69evTRs2DC9/fbbCg0NPWftc7Ydl6u9jQa0qq3NxzI1c1OiOcBKyylSr892643bG2l4h7rafTxLfWbtVi1ny+l/n29J0qKHWiqktov+s+iA7vxijzo38tSu0W2Vml2oDh9tVc9m3rrzOp/Lvn8Pzo/UxDsa65Eb66ioxKSNcZmSpPf7NdW62Aw9eVNghRFSi/em6s8RN6iOu70k6VhGnv7Tvq4WPVRLdjZGvfN7nO6avUfR4zvKyc6obQln1HvWLn1+b3MNaFVbRcUmbYnPrLT2N3+N1Te7UrTy8TA18HLUG78e1W0zd+rg2A5yd7SRJP2wL1V/DL9Bvq52mrPtuB74OlJxL95U6fkSEhL08ccfa+rUqVq1apWSkpI0duxY2djYVPUIz2n21uPaEn9aB8d2kKeTrZLPFCg9t0iNvJ00c0CInvz+kI6M62BuXzY1dm1MujY+FS77CwyGqnqvq+rn4ImcCzrv2XX4uzlo+WPXq1EtJx1MzVHfz3cr0MNBz9xc70JvCQAAAAAAV5RVrIFVmZ7Naik80E2SFOzrrKa+ztqecLrSth+tj9crPYLUvoG7jAaptqu9+djyYk7l6o+YDH0QESxPJ1t5O9tpWt+m+vHAKR0/XVDpuV999VV9//33mjlzpiZNmqQXXnhBf/zxxzlr/9+mRN3fxl/2NgY91jZAe5OzzaHQ9/tOyN/NXk/eFCgbo0Ft6rppSNuKI4L+076uWtd1k5OdUQ+H11H0qVxN69tUnk62aurjpNuCS0cgVcf9c7A16kBqjhIy82VrNFQ5kqm8oW0DzOGVVDoNMKKFr1zsbWRvY9CE7g2VXVCs/SeyJUkzNiRo4PV+GtzaT/Y2BjnbG6ucHvjF1uN6qXuQgn2d5WBr1Gs9giRJK/afNLd5on1d85pfd17nq2MZ+Uo5U/kzDAsLU0REhB5//HHdcsstMhqNGjVqlLKzs895jY3f3iCfV9aa/437Mfqv+2VQZl6RdiWdUUGxSf5u9gqt7Xzee/Z814YXHF5JF/5eX6yz67jn+tpq7O0kg0EKqe2sER0D9duR9MvuBwAAAACA6mK1I7B8XCxHJDnZGXUmv7hCO5NJOpaep2Df8wcI8X8FNPU9Hc37Gv81Iik+I88ikCnj6emp5557Tk888YT69Omje++9Vx988IE6d+5caR9/xmYo6kSO5j/QQpLUqo6rwgPd9N+NierQwEMJmfkVRkE18a44KirAw8H8s4u9jVzsjfIstx6Ti33l96PMhd4/SVr6aCu9+dtRhb27WbWc7fR4u7oa06V+leeWpLrl6pOkM/nFGv9jtH49nKbsgmLZGAzKLihWalahJOloWp66Njn/elYmk5R4Ol+Ny90TG6NBDbwcFZ+RV+n1OdkZzTX4VZHv9O7dW2vXrtXXX3+tZ555RoMHD9aff/6p22+/vcpa/vy/G+Rebu0yV/vSEVsPtPHXiaxCjV56WIdP5qpbEy+907uJQs4TYp19z87lYt7ri3V2HSv2n9LUP+IUc6r0WyyzC4rV1Kf6+wUAAAAA4FJZbYB1oQwGqb6Xow6n5p535FA9DwcVlZiUkJmvwL/+iC/7o71euVCrvA0bNmjy5MmaPn26fv31V61evVozZ86sso//bkyUJPWYucu870x+kSKTs/V+v2AFejhoeZTlSKHkKkYOXS0t67hqwQMtZDJJG+Iydcdnu3R9gKt6BNeqcoHvs9czn/BzjA6fzNG6/7vBHC55TVgrk0ySpIa1HHU49fxT3AwGqa67g2LTcnVTw9IF+EtMUlx6XpXP6Hzy8vL00ksvyc3NTQ888ICGDh2qhx566JzhlSQFuDtYhIZlbIwGjelSX2O61Fd6bpGeW3ZYQxZGacOT4edc6P3sj1wdbJRXWGLePpldaNH2XO91Zf2cfb6yc7raW15D+UNTswoVMXuPfnikle4I8ZbRIL3/Z7y+2ZVS5XUAAAAAAHC1We0Uwovxfx0D9fqqWG05dlomU+kf5dsTzlRo18jbSbcEeWr00sPKzCtSWk6Rnlt2RHc086509JUkrVq1StOnT1fz5s21d+9ezZw5Uz4+la87lZZTpMV7UzX9rmDtGt3W/G//2PZytDNq7vZkRbTw1eGTOfr1cJqk0oDhsy1J1XczLlJBsUnzdiQrI7dIBoPk52ovW6NBtn8lV3XcHXTwAoKn9NxCNfRyNIdX/92UqIy8IvPnwzvU1cLdKfpmV4oKik3KKSjRHzEZlZ7rkRvraOJvRxV9Klf5RSV67ZcYmUxS79DK7/v57Nq1S82bN9crr7yiNWvW6Omnn9aAAQPOe1x+UYnyyv3LLyoNh9ZEp2t3UpaKS0xyc7CRh6Ntuftlr9Ts0jWxzic80E3LokqnRRaVmDR1TZzF5+d6ryvrp01dN0WlZCs2rXSk2s7EM1p5MO2cNWQVFKvEZFJYgKuMBulUTqE+21xz7yMAAAAAAJX5x4/AkqRRt9SXjdGgh7+JUnxmnryd7TShe5BuqGS9oAUPttCopYcV/M5GGWRQj+BaevfOplWee8KECTIaS3O+KVOmmH+uzJxtx+XpZKuh7epWWOtoWIe6+u+mRD3VKVArHgvTyCWH9IpNrDydbHV/az8t3pt6iVd/eUwmk+ZtT9aoJYdVWFKiWs52er5rA3X7a7rf2K4NNHThfn26MVHh9dy06onWlZ7nlduC9PA3UWrz3ha52NuoT3Mf1ff8e6rajfXcteTR6/Xyyhj9Z9EBOdgadXfL2urcqOLoope6B6m4xKRbP92pzLwita7rpl+eCDMv4H6x2rZtq/bt20uSHnzwwXM+w/L8X19nsd3A01FHX+yopNMFGvHdQSVk5svBxqg2gW7638DShf1b13XToDA/NZ20QUUlJi1+qFWl76EkTezVWA9/E6WW0zbL18Ve/a7z0Vc7/x75dK73urJ+bm3qpYm9GqvHzJ3yd7NXw1pO6hPqXWnfZYJqOWpSrybq+ukO+brYy8vZVv2u82ENLAAAAACAVTGYTCZTTRcBAAAAAAAAVOWamEIIAAAAAACAaxcBFgAAAAAAAKwaARYAAAAAAACsGgEWAAAAAAAArBoBFgAAAAAAAKwaARYAAAAAAACsGgEWAAAAAAAArBoBFgAAAAAAAKwaARYAAAAAAACsGgEWAAAAAAAArBoBFgAAAAAAAKwaARYAAAAAAACsGgEWAAAAAAAArBoBFgAAAAAAAKwaARYAAAAAAACsGgEWAAAAAAAArBoBFgAAAAAAAKwaARYAAAAAAACsGgEWAAAAAAAArBoBFgAAAAAAAKwaARYAAAAAAACsGgEWAAAAAAAArJptTRdQmTNnzmjJkiXatGmToqOjlZmZKYPBIF9fXzVv3lxdunRRt27dZGtrleVftieffFKbNm2SJNnZ2Wnjxo01XNHleeONN7RkyRLz9s8//ywfH5+r1v+//X26EqZOnapvvvnGvD1u3DgNGDCgQrvhw4dr69at5u3PPvtMYWFh5u0OHTqosLBQktS+fXt9/PHH5s+utd8DAAAAAMCls7q/2JcsWaJp06YpJyenwmcJCQlKSEjQL7/8ot69e+u1116rgQrxT8L7BAAAAADAP59VBVifffaZPv300wr7bW1tZW9vbxFCFBQUXM3S8A/E+wQAAAAAwLXBagKsLVu2VAgbwsPDNWLECLVo0UJGo1FZWVnatm2bFi1aJIPBUEOVXnnTpk1TcXGxJF3T13kl8T79M6xevVomk0mSZGNjY/EZvwcAAAAAgDJWE2DNmDHDYrtDhw567733LNYlcnV1VZcuXdSlSxclJyeb9+/du1ePPvqoefvJJ59Uz549NX36dG3evFnp6el666231LNnT3ObtWvXaunSpYqMjFR6errs7e3VsGFDdevWTffcc4+cnZ0t6omPj9e3336rQ4cOKTExUWfOnFFOTo6cnJwUGBiotm3batCgQfLz86v0+jIzM/Xdd99p/fr1iomJUU5Ojtzd3VW3bl2Fh4frsccek6OjoyTp2WefPe/aP1FRUVq4cKF27dql1NRUSZKPj4/CwsI0cOBAtWjRosIxZ683NHXqVM2ZM0c//fSTkpOT5enpqVtvvVUjRoyQi4tLpddRlcLCQs2bN0/Lli3T8ePH5eXlpa5du2rYsGEXdPyhQ4e0cOFCbd++XampqTKZTPL391eHDh30wAMPyN/f/6LquZz3aeXKlXrxxRfN26+//rp69epl3l6wYIGmTJli3p4+fbratWsn6eLexfz8fH377bf67bffdPToUfP75OHhoQYNGigkJET9+/evcO0nTpzQggULtGHDBiUlJSk/P1+enp4KCQlRnz59dOutt1YIfC61ryutW7duVa6BdaV+DwAAAAAA/zxWEWClpKRo3759FvvGjh17zkW1z/WH9vHjx/Xggw8qIyPDvK9slEdBQYFeeOEFrVmzxuKYoqIiRUVFKSoqSkuXLtVHH32kunXrmj8/ePCgvv766wp9ZWdn6+DBgzp48KC+//57ffLJJwoNDbVos2PHDj3//PNKT0+32J+Wlqa0tDTt3btXAwYMMAdY5zNz5kzNnDmzwv7ExEQlJiZqxYoVeuyxxzR8+PAqz5GVlaWhQ4fqwIED5n0nT57UggULFB0drU8++eSCR70UFRVp1KhR5rBBsgxZgoKCznn87NmzNX36dPMzKhMXF6e4uDgtXbpUb7/9tm666aYLqqe636fLGf1T1btYUlKiZ555Rtu2bbNon5WVpaysLCUmJmrDhg1q2bKlRW3r1q3Tiy++qOzsbIvjTp48qXXr1mndunXq0KGDpkyZYn6fLrUva1cdvwcAAAAAgH8Gqwiwzg4bmjRponr16l3y+RYvXlzlZ5MnT7YIr5o1a6Z27dopLS1NP/30k4qLi3Xs2DGNHj1aX331lUXo4ezsrNatW8vPz09eXl4qKipSXFyc1q5dq5KSEmVlZenNN9/UV199ZT4mISFBI0eOtFhvycXFRU2bNpWNjY2io6Mtwo3zWb58ucUf7UajUdddd50MBoMiIyPNU65mzZqlOnXqKCIiotLzlN1zBwcHOTs7W4Rr27Zt09atW9W2bdsLqunrr7+2CK8MBoOaNm2qwsJCxcbGKj4+vspjf/rpJ4tRN97e3rrtttsklX5bYUZGhnJycjRu3DjNnz9fgYGB562nut+nywmwqnoXd+zYYREohYeHq1WrVsrLy9Px48cVGRmpEydOWBwTGxur559/Xvn5+eZ9QUFB8vX1VWRkpDnU2rhxo9566y298cYbl9zXxZo0aZImTZp0Wee4GNX1ewAAAAAA+GewigArLS3NYrv8yKdL1a5dO40cOVL16tVTUlKS7O3tFR8fryVLlpjbdOzYUe+//76MRqOk0ilML730kiQpOjpav/zyi3nqWIcOHbR69epKR/GUXyz84MGDSkhIMActn332mUV41bFjR73xxhvy8PCQVDo65o8//pCTk9N5r8lkMlWYGvfhhx+qffv2kkqDp+HDh5tHMn366ae68847zdd3tttvv12vvPKK7Ozs9PHHH2v27Nnmz7Zt23ZBAZbJZKowMm3q1Knq3LmzpNJvASwLUio7dvr06eZtX19fzZ8/X56enpKkQYMG6Z577lFBQYFyc3P1xRdfaMKECeetqbrfp8tdf6myd3Hnzp3mzz08PCpdbD4yMlK1atUyb8+aNcsivCo/uiglJUVDhgxRSkqKpNJgcMiQIQoKCtLx48cvui9rVt2/BwAAAAAA62cVAdbZLjcw8Pb21rRp08xTqBo1aiRJ+uabbyymqTVt2lRr166tst/169ebAywXFxdt27ZNP/zwgyIjI5Wamqq8vLxK+4+LizMHWOXPb2dnp1dffdUcXkmlI0e6du16Qdd15MgRi5Ey7du3N//RLpWOrOnQoYM2bNggqXRa2aFDhxQSElLhXI6Ojho7dqzs7OwkSX379rUIsE6ePHlBNcXFxVm0bd26tTm8kqR+/fpp3rx5io2NrfR6yq891axZM+3atcuiTe3atZWQkCCp9HlcippcALyqd7EsaJJK10d75pln1KZNGzVs2FCNGjVSvXr1dN1111mcq/z1u7i4aMiQIeZtPz8/3XPPPfroo48s2gcFBSkgIOCi+7Jm1fl7AAAAAAD4Z7CKAOvskR9lgcWluvnmmytdTyopKclie86cOec8T/mRK3PmzLEIB86lbCpXVlaWTp8+bd5fv379yxrlcnb9ZWFIeY0bNzb/4S6VXkNlf7g3bNhQ7u7u5m1XV1eLzwsKCi6opvJBTFn/ldVUWYB19vWUreFUlZMnT6qwsNAculWlut+ny1HVu3j99dcrNDRU+/fvl1QaNpUPqLy9vdW3b189/vjjcnBwUFZWls6cOWP+PDAwUA4ODhbnPPvel4WDF9vXpXj22WfVr1+/CvtHjRql7du3sdoIFAAAIABJREFUX9I5q1KdvwcAAAAAgH8Gq5hTc/Y3hUVHR19W6FBdC1Hn5uZKktLT0/XJJ5+Y97u7u2vs2LGaOXOmvvjiC4tvnZNUYTHyK6WykUUX2nfZNL0yNjY21VJTZarzflQ16q286n6fSkpKLLbPnqJ4LlW9i7a2tvroo490//33V9rm1KlTmj17tj788MNKj7+YUWWX29eFsLOzk7Ozc4V/V2Pa3uX8HgAAAAAA/hmsYgSWn5+fWrRoYV5822QyaerUqZo2bVqVwUpKSor8/Pwq/ayqb5urU6eOxfa0adMsprtVJTIyUkVFRebthx56SPfcc495u6pRQ66urnJ3dzePwjp27JjS0tIueRRW+algUmkwc7aYmBiL7bOvubqd/QzO7r+qfVLF2gYPHqzRo0dXS02X8z6dPcKr/Cg6SdqzZ88F13Kubz709PTUqFGjNGrUKKWlpSkuLk7R0dGaN2+eOXBbsWKFxowZI1dXV7m5uZlHYcXHxys/P99ixNTZ70P5sOpi+rJ21vh7AAAAAAC4sqxiBJYkjRgxwmJ73bp1evrppxUVFWUeTZGXl6cNGzZo5MiR+uCDDy66j5tuuslie86cORaLYpdJT0/XF198oaioKEmyCK+kv6cISqWjcb7//vsq+7z55pvNPxcWFurVV19VZmameV9JSYl+/vnnCiFJZZo0aaLatWubtzdt2mTx7X/btm3Txo0bzds+Pj4KDg4+73kvR4MGDeTj42Pe3rFjh0Wgt3z58kqnD0qla5CVD8BWrFihxMTECu3y8vL0448/asWKFRdc1+W8T97e3hbHrly50jzya+nSpdq6desF11GVlJQU7d6927xdq1YttW7dWgMGDFCPHj3M+7OysswjAcu/v9nZ2fr8888tzrdw4UKLPsraX0pf1swafw8AAAAAAFeWVYzAkqS2bdtq2LBhFt+QtnnzZm3evFkODg5ycHDQmTNnzOHDbbfddtF91K9fX3feeaeWLl0qqXQkTUREhDp37ixPT0+dPn1ahw4d0p49e1RSUqLmzZtLkkJDQ2U0Gs1TyebOnau0tDS5uLjol19+OeeUsqFDh2r16tXmYGDDhg268847FRwcLBsbG8XExCgtLU0rVqywWJOqMgaDQcOHD9drr71m3vf000+rRYsWMhgM2rdvn8XUqWHDhl3xKVwGg0H33Xefxfpgo0aNUnBwsIqKiiodHVP+2BEjRuiVV16RVLrA+L333quuXbuqbt26ysvLU2xsrHbu3KmcnByLRcvP53Lep5CQELm6uiorK0tS6Xty2223ycHBQRkZGRdcw7kcP35cQ4cOlZ+fn0JDQ1W7dm25u7srOTlZK1euNLfz8/Mzf0PlY489pt9//90cus6aNUurV6+Wr6+vIiMjLYLV22+/XUFBQZfclzWzxt8DAAAAAMCVZTUBllQa9vj4+Ojdd99VTk6OeX9+fn6FkVL29vaX1Me4ceN05swZ/f7775Kk1NRULVq0qNK2ZWvr+Pn5adCgQfr6668llY7IWrJkibmOfv36mbfPVq9ePb333nsaN26cOfzIzs7Wzp07L6n+vn37KikpSf/73/8klY7gqmxK25AhQxQREXFJfVys+++/X5s3b9aWLVsklU7ZO3jwoKTSbxEMCgrS5s2bKz22d+/eSk1N1YwZM1RSUqK8vDz99NNPlba92G8TvNT3ycHBQY8++qhFKJebm6vc3Fy5uLioU6dOFsHP5UhJSamwEH4Zo9GoUaNGmbeDgoI0adIkvfjii+briY2NrTDCrUOHDnrppZcuqy9rZ42/BwAAAACAK8eqAixJioiIULdu3bRkyRJt2rRJ0dHR5il3vr6+Cg0NVdeuXdW9e/dLOr+9vb2mTJmi9evXa9myZdq3b5/S0tJkNBrl4+MjX19fXXfddbr55pvVunVr83GjRo1SQECAFi1apISEBLm4uKh169YaNmyY9u/fX2WAJUnh4eFatGiRFi9erPXr1ys2NlY5OTlyc3NTQECA2rZtKw8Pjwu+hv/85z/q1KmTvv32W+3cuVOpqamSSqdKtW7dWgMHDqywkPmVZGtrq/fff19z587VsmXLlJycLE9PT3Xq1EnDhw/XjBkzznn8I488ok6dOmnRokXavn27kpOTVVhYKG9vb/n4+Khp06Zq3769OnXqdNG1Xer79PDDD8vFxUULFixQfHy8XF1d1b59ew0bNkzr16+/7ACrUaNGeu6557Rv3z4dPnxYaWlpOn36tGxtbeXr66uwsDDde++9Cg0NtTju5ptv1rfffqsFCxZow4YNSkxMVGFhoTw8PBQaGqrevXure/fuFmHfpfZV08pP3a1sLTFr+z0AAAAAAFw5BhNf1wXAypSUlKhPnz46ceKEpNKRjOdaaw4AAAAAcG2zuhFYAP69Tp06paVLl2rnzp3m8EqS2rVrV4NVAQAAAABqGgEWAKuRkpKi6dOnW+zz9PTUI488UkMVAQAAAACsAQEWAKvk6empG2+8USNGjJC/v39NlwMAAAAAqEGsgQUAAAAAAACrZqzpAgAAAAAAAIBzIcACAAAAAACAVSPAAgAAAAAAgFUjwAIAAAAAAIBVI8ACAAAAAACAVSPAAgAAAAAAgFUjwAIAAAAAAIBVI8ACAAAAAACAVSPAAgAAAAAAgFUjwAIAAAAAAIBVI8ACAAAAAACAVSPAAgAAAAAAgFUjwAIAAAAAAIBVI8ACAAAAAACAVSPAAgAAAAAAgFUjwAIAAAAAAIBVI8ACAAAAAACAVSPAAgAAAAAAgFUjwAIAAAAAAIBVI8ACAAAAAACAVSPAAgAAAAAAgFUjwAIAAAAAAIBVI8ACAAAAAACAVbOtqY4TExMVFRWlzMxMFRYW1lQZ1wwbGxvZ2dnJyclJjo6ONV0OcFXY2trKyclJDRs2lLe3d02XAwAAAAC4Qgwmk8l0tTtNSEjQ1q1bFRYWpjp16hC4VIO8vDwdP35cmzZtUrt2bVWnjn9Nl3TN2rx5q9q1u7Gmy4CkwsJCnT59WkeOxKhFixby8fGp6ZIAAAAAAFdAjYzAioqKUps2bdSgQYOa6P6a5OjoqKCgIBmNRu3fv58AC/8KdnZ2f428MiguLo4ACwAAAACuUTWyBtbp06cVEBBQE11f8wICApSVlVXTZQBXlaenh3Jycmq6DAAAAADAFVIjAVZhYaHs7Oxqoutrnp2dHWuK4V/HxsZGxcXFNV0GAAAAAOAK4VsIAQAAAAAAYNUIsAAAAAAAAGDVCLAAAAAAAABg1QiwAAAAAAAAYNUIsAAAAAAAAGDVCLAAAAAAAABg1QiwAAAAAAAAYNUIsHBVhH24R99HnpIk/XI4Q02m7Kzhiv4dJqyK15BFR2q6DAAAAAAALottTRdwNeQXlWjKmmP6emeyYk7lysPJVmEBbhp5cz3dEeJd0+X94/T78oBWHcmssH/5wyHq1tjjvMeH1nbSK7cGmrdv+mSfhrXz04NtfKu1zmtJTkGJGk/doVpOtto3MkwGw4Ud1yfEU1n5JVe2OAAAAAAArrBrPsAqKjHpjs92KyEzT9P6NlX7+h6ytTHoj+h0zdyUWGmAVVhskp3NBSYEF6i4xCSDwSBj9Z62xgxr56eJPetb7LO3ubABffU8HKo9rLoSz8yafLu3dPTasYx8rY7O1K1Nzh8USlK7em5XsqzzutafCwAAAADg6rjmA6x525O1MS5TUWPaK6iWo3l/RAtf9buuNET5YV+qnl12WPe19tfyqJNysbfR+idvUMypXI1edlgb4zJlazSof8vaeqdXEznblwY1jy7Yr18Ppykjt0h1PRw0vlsDPRxeR5KUkVskr5fX6t2+TTVvR7JOZRdq09Ph8nezv/o34QqwMRjkaFt5YFVQbNILK+P07d5TsjUaNLydv8XnvxzO0IgfYnVkTGuN+TFOUSdyNOHXY3pnbZKu93fWV4Oa6vfo03rl13gdOZUnW6NBnRq6aVqvhqrjbidJGvNjnJJOF8jGKO1PzVXXRh6afEeDK37dNWXWthMa1MpHxzLyNWvbCYsAKy49X08vi9W2xGxJUoC7neYMaKrmfk6asCpeiZn5+nxAE0nSxmNnNHrFUcWm5es6P2fd1sRDi/ad0rYnW0mS2s/Yq57BntqemKXkM4UyGKT3+zTUTQ3cJYnnAgAAAACoEdd8gPXjgVPq3MjTIrwqU34aVkxantwdbLRrdFtJUnZBsbp+ukMPh9fR/PtbKKewWIPm7dO4H4/ow4hgSVKHBh6a0qeJajnb6ZdDp3TX7L1qVcdVrev+PeplbUy6Nj4VLvt/0SiUSWsS9Ufsaa0f1lI+LrYa91OcYtLyKm07pVcDbYg7U2EKoZ2NNK13A4XVcdGZ/GL95/sYjVweqwWDg81tlh1I18ohoepQv2ZHGV1pe47naFtilj7o21Dxmfl6cMERJZ8plL9baWj0yq/xqufpoEX3N5Ot0aBDJ3Pl6VjxV/tkdqHumntQb/esr4fa+CrqRK7umntQnk42Fu2W7U/XykdD5etqp3k7UzVkUbQOPttaEs8FAAAAAFAzrvlF3FOzC1TXw+G87VzsjXq2899T4r7flyo7G6Ne79lITnZGeTvb6c3bG2vejmRzmyfaB8jHxU5Gg3R7M2/1CK6l36PTLc77fNeG12R4NWvbCdWbtN3iX1pOkSRp7s5UPX9LXQV62MvR1qi3etbXxd6CTg3ddWOgq+xsDKrlbKsXu9bVmtjTFm26NnL/V4Qks7adUCt/Z7UOcNEdwV7ycrbR3J2p5s8dbI1KzCzQwdRcSVIzXyf5/RVulbdsf7rqe9rr0fDasjEa1NLfWY+GV5zKOSS8tnxdS4/vHeKl+MwCpZwplMRzAQAAAADUjGt+BJavi70SM/PP287P1V425Raoik3LU/KZfIVM3mTeV2IyyWiQsvKL5epgo3fXHtO87clKzS6UjcGgkzkFau7nYnHeCwnP/okGXe+tF7sGWuzzdLKVySQdP1OgRuVGvLnY28jP9eKmTh5IzdXrvyVoT3KO8otKZDJJZ/KLlV9UIoe/pi4GuF8b0zHPJbugWAv2nNTLfy16b2dj0ODrffXF9hN67uYAGQzSxJ71NPH3RN0z/5CyC4rVL9Rbb/aoJ3dHy5FVSWcKVO+s97F+Je+nt/Pf/7XgZFd6r7MKiuUnO54LAAAAAKBGXPMBVq8Qb4347qDi0vPUwMtyGqHJ9Pc0QsNZX+vWwMtRDb2ctO+5dpWe94d9qZr2xzH99p82CqntLEmKmL1HprPaXei3xf3TuNjZqG4VQUUdN3ulZBWat4tKTDqVW1hpW0mVLmz/yLdHdEczL826u7Gc7IzafTxHHT7Za3F/r9V7W97CPad0Or9YE39P1JS1SZKk/CKTMvKK9Ft0pro38ZC3s52m9W6oab1Lg9cHFhzRtHVJeq17PYtzBbjZa0lmmsW+YxcQ7pbHcwEAAAAA1IRrfgrhAzf4q30DD/X83y4tjzqp1KxCpecWaUnkSfWfs6fK4yKu89WZ/CK9+kuszuQXy2SSjmXkaXnUSUlSem6RvJzs1MTHSZK0M/GMVh1Kq/J815pik0l5RSUW/4pLSmOMB1r76uONx5VfVCJJ+nRzirILSqo8l7+bvQ6fslwjKz23SKG+TnKyM6qoxKSPNhy/chdjxT7fdkKDWnlr25OttHF4S20c3lI7nmqlbo3dNWvrCUnS95GnFP9XEFXL2VZOdkbZVpIK9g31UlxGgb7YdkIlJmlvco6+2JZaod258FwAAAAAADXhmh+BZWs06Keh12vymmMas/yIYtJy5eFoq7AAN426pV6Vx7k72uj3YW007sdoNXtno7ILihXo4aBHbgxQn+bS4NZ++u1wmlpO3SwfFzuF1HbR7c28r+KV1axPN6fo080pFvv+G9FID7bx1bjOARq/8pg6frJXAe4Oal/fVU29Ky6iX2b0zXU04odYfbb1hNrUddbyh0P10Z1BGv9znGZsSpa9jVEDW9XS17tPXunLsiq7j+doe1K2ZkQ0Mi/YXmbkTQHqP++gjp8u1LaEbD3/0zFl5hfLxd6oHk09NbpTnQrn83Gx0+L7g/Xcj3Eat/KYWvg565EbfPXToYwLronnAgAAAACoCQaTyXT2rLcrbv78+brvvvuudrf/GvPnz1dExJ01XcY1a/PmrWrX7saaLqNavLE6QZEpufrmvqY1Xcpl27x5q7p06VLTZQAAAAAAroBrfgohgL/9eiRTp3JK1yPblpCl/205oXta1qrhqgAAAAAAOLdrfgohgL9tTcjS0O+OKL/IpNoudhrbOUD9W/x7pr4CAAAAAP6ZCLCAf5HxXepqfJe6NV0GAAAAAAAXhSmEAAAAAAAAsGoEWAAAAAAAALBqBFgAAAAAAACwagRYAAAAAAAAsGoEWAAAAAAAALBqBFgAAAAAAACwagRYAAAAAAAAsGoEWAAAAAAAALBqtjVdAK6MH35YWtMlXNO4v9Zp/vz5NV0CAAAAAFxz7rvvvpouQQaTyWSq6SJweZYvX64zZ87UdBn/Gm5ubtxvK+Th4aFevXrVdBkAAAAAgCuAAAsAAAAAAABWjTWwAAAAAAAAYNUIsAAAAAAAAGDVCLAAAAAAAABg1QiwAAAAAAAAYNUIsAAAAAAAAGDVCLAAAAAAAABg1QiwAAAAAAAAYNUIsAAAAAAAAGDVCLAAAAAAAABg1QiwAAAAAAAAYNUIsAAAAAAAAGDVCLAAAAAAAABg1QiwAAAAAAAAYNUIsAAAAAAAAGDVCLAAAAAAAABg1QiwAAAAAAAAYNUIsAAAAAAAAGDVCLAAAAAAAABg1QiwAAAAAAAAYNUIsAAAAAAAAGDVCLAAAAAAAABg1QiwAAAAAAAAYNUIsC5Cjx49FB4erh9//PGq952RkaHw8HCFh4dr7969V71/a3Qhz+Odd95ReHi4nnzyyatYGQAAAAAAqE62NV2ANejSpYuysrKq/DwkJETz5s1TaGioMjMz5eXldRWr++fq1KmT8vLyNGnSJHXv3r3az8/zAAAAAADg34EAS1Lz5s2Vk5MjSYqOjlZubq48PDxUr149SVLDhg0lSR988EGN1YiKeB4AAAAAAPw7EGBJmjFjhvnnRx55RPv27VPbtm319ttvW7Tr0aOH0tLS9Prrr6tXr14aP368Vq1apa5du8rR0VGbN2+Wra2t+vfvryFDhshoLJ2hGRMToxkzZmjfvn3Kzs5WvXr1NGDAAEVERJjbnC0hIUFvvfWW9u7dK39/fw0dOrTSdhs3btSsWbMUExMjo9Goli1bauTIkWrQoEGV13vs2DHNnDlTu3bt0smTJ+Xt7a1HHnlEAwcOlCStW7dOs2fPVnR0tIxGo5o0aaLHH39c4eHhkqRFixZp0qRJCggIUJ8+fbRixQplZGSoY8eOevnll5Wfn28x4mrcuHGSpG7dumny5Mk6evSoZsyYob179yo7O1uNGjXSE088oY4dO0qSjh49qgEDBkiSnn32WS1btkzHjh1T06ZN9eqrr5qv7eznIUlz587VggULlJmZqe7du8tgMFS4/kt5HgAAAAAAoObw13o1+P3332VnZ6eIiAhlZmbq008/1eLFiyVJcXFxeuihh7RmzRr5+/urW7duio2N1cSJE/Xxxx9Xer6ioiI9/fTT2rp1q9zd3RUSEqKpU6dWaLdy5Uo99dRT2rdvn3r16qUuXbrozz//1MMPP6zjx49Xeu74+Hg98MAD+vnnn2U0GtWnTx81btxYsbGxkqSff/5ZI0eO1K5duxQeHq6WLVtq+/btGjZsmNatW2dxrqSkJK1du1a33nqrSkpKtGrVKs2fP18ODg4aNGiQbG1L89FOnTpp0KBBuvnmmxUfH6+HHnpIq1evVqtWrXTPPfcoJiZGTz/9tNasWVOh3i+++EIdO3aUr6+v9u7dq8mTJ1f5HJYvX64PPvhAycnJatOmjeLj47V8+XKLNpfyPAAAAAAAQM1iBFY1aNWqlV5++WVJpeHTl19+qe+++04DBw7Ud999p7y8PAUGBurzzz+X0WhU06ZN9f7772vBggUaPny47OzsLM63fft2HTt2TFLp6LCGDRtq7dq1Gj16tEW7uXPnSpL69etnHqF19OhR7dq1S4sXL6504fLFixcrJydHPj4+mj9/vlxcXMx1S9K8efMkSX369NGrr74qSRo5cqTWrVunr776Sp06dTKfy9bWVh9//LE8PT2VmZmpJUuWKCoqSk5OTnruuef0ww8/qKioSH369DGPyHr//feVk5OjJk2aaPz48ZIkk8mkOXPmaM6cOerSpYtFvS+++KI6d+6sRo0a6eWXX1ZkZGSVz+H777+XVDoya+LEiTKZTHrwwQd14MABc5tLeR4AAAAAAKBmEWBVg7p161b4OTk52eI/GzZsaJ6e1rhxY0lSfn6+MjIy5Ovra3G+smPs7e3N62+FhIRU6Les3eLFi80jvsrEx8dXWmvZyKzg4GBzeCXJPFqq7JxNmjQxf9akSROtW7fO/FkZX19feXp6SpJcXV0lSdnZ2ZX2e3b/R44cqbCwe2U1BwcHW5y/bK2yypTV16xZM0mSwWBQSEiIRYB1Kc8DAAAAAADULAKsanD48GGZTCYZDAYdOnRIkuTv72/xn0ePHlVJSYmMRqOio6MlSQ4ODuYAqDw/Pz9JUkFBgdLS0lSrVi0lJSVVaOfv76+MjAzdcccd6tOnj8Vn5cOp8urUqSNJOnTokHJycuTs7CypdASWra2t+ZxlNUoy/1xWVxkbGxvzz5WtNVUWiplMJouapdJQbNSoURbtS0pKKpyjLGSq7Pxn8/PzU0pKisX0ycTERIs2l/I8AAAAAABAzSLAqgbR0dEaOnSovL29tXr1aklSRESEJOmuu+7S4sWLlZCQoKFDh6p+/fr65ZdfJEkDBw6sdLpaeHi4AgMDlZCQoDFjxqhLly5asmRJhXb333+/JkyYoNWrV8vV1VU+Pj46ceKENm/erCeeeEItWrSocMzdd9+t7777TidPntR9992nG2+8Uenp6fL399eYMWM0ePBgvfzyy1q2bJmys7NVWFioP//8U5I0ePDgi7ov/v7+OnLkiGbPnq3du3frlltuUf/+/bV48WIdOXJE33//vYKDg5Wenq59+/apcePG6tChw0X1UV5ERIT27NmjJUuWyM3NTVlZWdq6datFm0t5HgAAAAAAoGYRYFWD22+/XU5OTlq5cqV8fHzUv39/8zf6NWzYULNnz9ann36qffv26dChQ2rQoIHuvvtu3XXXXZWez9bWVh9++KEmTpyoyMhInT59WoMHD9bEiRMt2t1xxx1yc3PTl19+qVWrViknJ0fe3t5q1apVpVMOJalevXqaO3euZs6cqd27d2v58uXy9vZW+/btJUm9evWSq6urZs+erS1btshoNKpNmzZ67LHH1K5du4u6LyNHjtQ777yjw4cP6+DBg/Lx8VHbtm315ZdfaubMmdqzZ4/WrFkjDw8PBQcHq3Pnzhd1/rP17dtX6enpWrhwoRYvXqyOHTuqZ8+eWrlypbnNpTwPAAAAAABQswym8vO7cFHGjx+vVatWqV+/fpowYUJNlwMAAAAAAHBNMtZ0AQAAAAAAAMC5EGABAAAAAADAqjGFEAAAAAAAAFaNEVgAAAAAAACwagRYAAAAAAAAsGoEWAAAAAAAALBqBFgAAAAAAACwarY1XYC1+PHHH/XBBx/owIEDOn36dE2XAwAALpG7u7tCQkI0evRo9ezZs6bLAQAAQDXgWwglrVy5UoMGDarpMgAAQDVbsGCBevToUdNlAAAA4DIRYEnq2bOntmzZoj59euv558eqWbNmNV0SAAC4RAcPHtQ770zW8uUr1LZtW61cubKmSwIAAMBlIsCSFBgYqOzsbK1d+zvhFQAA14CDBw/qllu6ytPTU7GxsTVdDgAAAC4TAZYkLy8vSVJycmINVwIAAKqLv39dSVJ6enoNVwIAAIDLxSLuFv71WR4AAAAAAIDVIcAqx2QqqekSzMLCbtTEiW+oV6/br3hfkZFRuvPO/tq6daNq1fK64v0BAAAAAABcDAKscqpjNqXJZNLs2V9qwYJvlZCQKEdHBzVo0EAREXfqwQfvv8izGaqlpvPx8vLUgAF3y97e7qr0BwAAAAAAcDEIsMqpjvDmf/+bpQ8++FgvvDBON97YVvn5uYqMjFJCQuIlnf9qBEr+/nU0Zco7KioqqNEAy2Qyqbi4WLa2vJYAAAAAAOBvJAXlVMcUwt9++119+vTRAw/cp5KSYkkGtWzZQgaDQcXFhX/1Y9KsWbP1zTcLlZJyQoGBdfXYY49owID+Z52txFxTdHSMJk+eps2bt8rBwV7t2rXV+PFjVKdOHXPrtWvX6aOPZujAgYNycnLU9de30ocfvisnJydlZWVp6tT3tWrVb8rMzFRgYF393/8NU9++vRUVtV8REQO1adOf5imE27fv1JQp07RvX5RcXFzUq9ftev75Z+Xo6ChJevjhoWratIkKCvK1cuWvMhqNGjDgLo0e/YwMBoMk6eOPP9GKFT8pMTFJXl6euvXWbnruuZFydnaWJG3btkODBz+kDz98Vx988LESEhL12WefqF27tpf9HAAA/2zJyckaMmSYsrOzK/3cxcVFn3/+qfz9/a9yZQAAAKgJBFjlVMfoIz8/P+3Zs1tJSYmqXbv2X3uLLdp8+OF0LVv2o155ZYKaNg3Wvn37NG7cC3JxcdHtt/coV09pTSdPntTgwQ/rrrv6afz48ZKkjz76SMOGPaVFi+bL1tZW69dv1BNPjNATTwzVlCnvqLi4WH/+uU5FRUUqKSnR44+PUHp6uiZPnqRGjRopJiZG2dlZf12zoaxHc39Dhw7THXfcrkmTJikpKUnjxr2gwsJCvfHGK5Ikg8GoBQu+1dtvv6m33npL0dHR6t9/oK67rrl69rxNkuTg4Kg333xDgYHrLDvXAAAddElEQVSBSkhI1GuvvaapU9/ThAkvWNyPOXPmafbsLxQQUEfZ2WeYxggAkJ+fn556argmTZpa6edPPTVcfn5+/G8GAADAvwQBVjnV8X+Cx4wZrSeffEa33NJdwcFN1br19erc+WZ17dpFkpSXl6dZs2brv//9RB06tJXJVCJ//64aMuRRLVy42Bz+lNVjMpk0f/63CgpqqBdeGGcexfXOO28rLCxce/bsVevWYfrkk/+qZ88eeu650SouLpIkNWnSWMXFhdq0aYu2b9+hn39eoUaNGspkKlGdOqXhWklJsfm6/+5voTw9PfTWW69LKlHDhvU0YcKLeuqpZzR69NPy9PSUZFKnTjepT5/eKizMU4MG9dS58y3auHGzevToLkl64omhMplKz+/n561x457XqFGj9dJL4y3u2dixY1S7di0VFuaxDhcAwKxnz9u0c+durVy5qsL+nj1v438vAAAA/kUIsCxUPoVw9eo1evLJ0ebtiRNfk7u7W4V9ERF9FRBQW8uW/aAjR45oy5at2rp1m5555jl16tRR06e/p5iYGOXl5enhhx+t0E/9+vXPqsEkqUT79x/Qjh071aRJSIVj4uMT1Lp1K0VFHdDYsb1VVJRn/qwsyDpw4IC8vb0VFFRPJSVl0xjLjwor67O0v+joGLVp00Ym099tw8JaqKSkRDEx0WrTprUkKSgoSCUlBX+1KVGtWl5KTk4xn2/VqpX69NNZiomJUVbW31NAcnKy/ppGaPrrPPX/v727/fmrrg84/rmu3rdUbgbxhoRJKyhCdCoG1AfLFnHMBTIiWyFzmZEMiRa1bNyELWqyGCcOM7YMDE6dRmViZjRxsfEfYDMyDG4PENQlGF2MRIar2NKrvz241tIWWJZh0rfwej1p++3vOud7zpPTvs85398sFivzyCM/mfPP/9VDn7vkkovn+uv/6Alj73//+55wHgB4Ztq588q5//4H5jvf+e7MzGzbdvrs3HnlPNU1GwCAZyYB6zBPdSf3/PPPn69+9SuH/nzCCc+Z5eWlJ4wdfIJp7949c9ppp84LX3jaXHbZ787FF180V1xx5dx99z2zceOmmZnZvfsf58UvfvFR+z8we/fuOWpsMYvFgbnwwt+Y2277myfM7bHHHp2Vlf2zWCzmwIEDT3oMB4dW1+R66uM+OP/Vbz88clsrK6s/u7S05tD40tKR5+zgXBeLxXz3u/8+73znH8973vMn88Y3/uaceOJJ8/Wv3z07dlw++/Y9Nps2LeZgwFq3bnkWi8Vs2bL5iHO6adPGJx1zxx3g2WPLli1zww3XzK5dN8zMzA03XDNbtmxxLQAAeJYRsA7zVP8Y3rhx/Zx66nMP+9zqXd+jx46MOSuHgtHznrf6ut6ePT+dl770rNm4cePs3v2VOe20xxdgf4oZzWKxmLPPPns+/enPzA9/+P3ZuvW4J/3kOeecPXfd9U+zY8fRC8HPnH32WfPQQw/NfffdP2ee+aInOe6Dv67u74wzts8XvvCl2b9//6xZs2ZmZu6++19meXl5Tj/9l58QrY7e1mKxmG9+89/m5JN/aXbsuHRWVvbP3r3/Nffe+40jjuvocLa0tHTUOV2NXEeP+U8LwLPL9u3b5h3vuPLQ710HAACefQSsw/xv30L4ZH/3ZGO7dl0/27dvm1e+8lfmlFNOnu9//wdz6623zymnnDwvf/nLZsOGdfO2t/3hfOQjH53NmzfNa1973uzdu3fuuefeWVlZmTe/+bLDtr/6RNPll186n/3sHXP11dfMzp1XzXOfe8o8+OD35stf3j3XXffuOf744+eqq66cK664cj784b+aiy5648zM3HXXP88ll1w85577ijn33FfNrl3XzXXX7Zpt2144Dz74vdmz56fz+tf/2hx8DWM1wh2Yyy67dD72sb+b9773z+Ytb/n9+cEP/mM++MGbZ8eO35mtW4877LgXR5yDx4PUgdm2bdv86EcPzTe+cc+cc85L57777p+Pf/yTRxzX4Z8/uJ3/63kG4NnlDW/49ZlxTQAAeLYSsA7z87ije8EFF8wXv/ilufPOf5hHHvnJnHTSiXPuua+am2/+iznuuM2zWCzm7W+/ck466cT51Kc+PR/60F/Oli2b56yzXjJvfesfHPV00+qcnvOcrfP5z//93HTTzbNz5zWzd+/eef7znzeve91rZ/36DbNYLOY1rzl3br/9trnllr+eT37yM7N58+Z5xStePm9602/PgQMrc/vtt85NN908N974vtmzZ8+ceuoLZufOq55yf5/4xN/OBz7w53Pppb83mzdvnosu+q259tpdR8WrJz9nq0+NvWSuv/7aede7rp3FYjEveMHz5+qrd86NN/7poaeonvjqIgAAAMATLS2UgznxxBNnZubb3/7Xp72ttWvXz9q162d5ec0sLa2uJbWysjL79j16xF3jtWvXz7p1G2Z5ec3/rF+1Mo899rNDC69v3nz87N3700PfOri0tDzr12+aNWvWzsE1qlZWHpt9+x49tM01a9bNunUbZ82a1W2uvrr3+Jpa69dvnrVr1x36+X37Hp2VlcdmeXnNbNq0dfbs+c85uC7V8vKaWb9+0ywvr52Zxezfv++IfW3ceNwcOLB/9u372WHb3zRLS8uH9rlu3YZZt27DzMwcOHBg9u/fNxs2bD60n8f3+/DTPu8AcLTt28+ZmZkf//jHx3gmAAA8XQLWPB6wHnjg3mM8EwDg5+VFL3rZzAhYAADPBF4hPMKzvuUBAAAA5AhYM3PCCSfMww8/PN/61gNzxhnbj/V0AICn6f77vz0zq9d4AAB+8QlYM3PmmWfO1772tbnlllvn3e9++2zffvqxnhIA8P/0wAPfmVtuuW1mVq/xAAD84rMG1szs3r17Lr/88mM9DQDg5+zOO++cCy644FhPAwCAp2n5WE+g4MILL5w77rhjXv3qV8/WrVuP9XQAgKfh+OOPn/POO28+97nPiVcAAM8QnsACAAAAIM0TWAAAAACkCVgAAAAApAlYAAAAAKQJWAAAAACkCVgAAAAApAlYAAAAAKQJWAAAAACkCVgAAAAApAlYAAAAAKQJWAAAAACkCVgAAAAApAlYAAAAAKQJWAAAAACkCVgAAAAApAlYAAAAAKQJWAAAAACkCVgAAAAApAlYAAAAAKQJWAAAAACkCVgAAAAApAlYAAAAAKQJWAAAAACkCVgAAAAApAlYAAAAAKQJWAAAAACkCVgAAAAApAlYAAAAAKQJWAAAAACkCVgAAAAApAlYAAAAAKQJWAAAAACkCVgAAAAApAlYAAAAAKQJWAAAAACkCVgAAAAApAlYAAAAAKQJWAAAAACkCVgAAAAApAlYAAAAAKQJWAAAAACkCVgAAAAApAlYAAAAAKQJWAAAAACkCVgAAAAApAlYAAAAAKQJWAAAAACkCVgAAAAApAlYAAAAAKQJWAAAAACkCVgAAAAApAlYAAAAAKQJWAAAAACkCVgAAAAApAlYAAAAAKQJWAAAAACkCVgAAAAApAlYAAAAAKQJWAAAAACkCVgAAAAApAlYAAAAAKQJWAAAAACkCVgAAAAApAlYAAAAAKQJWAAAAACkCVgAAAAApAlYAAAAAKQJWAAAAACkCVgAAAAApAlYAAAAAKQJWAAAAACkCVgAAAAApAlYAAAAAKQJWAAAAACkCVgAAAAApAlYAAAAAKQJWAAAAACkCVgAAAAApAlYAAAAAKQJWAAAAACkCVgAAAAApAlYAAAAAKQJWAAAAACkCVgAAAAApAlYAAAAAKQJWAAAAACkCVgAAAAApAlYAAAAAKQJWAAAAACkCVgAAAAApAlYAAAAAKQJWAAAAACkCVgAAAAApAlYAAAAAKQJWAAAAACkCVgAAAAApAlYAAAAAKQJWAAAAACkCVgAAAAApAlYAAAAAKQJWAAAAACkCVgAAAAApAlYAAAAAKQJWAAAAACkCVgAAAAApAlYAAAAAKQJWAAAAACkCVgAAAAApAlYAAAAAKQJWAAAAACkCVgAAAAApAlYAAAAAKQJWAAAAACkCVgAAAAApAlYAAAAAKQJWAAAAACkCVgAAAAApAlYAAAAAKQJWAAAAACkCVgAAAAApAlYAAAAAKQJWAAAAACkCVgAAAAApAlYAAAAAKQJWAAAAACkCVgAAAAApAlYAAAAAKQJWAAAAACkCVgAAAAApAlYAAAAAKQJWAAAAACkCVgAAAAApAlYAAAAAKQJWAAAAACkCVgAAAAApAlYAAAAAKQJWAAAAACkCVgAAAAApAlYAAAAAKQJWAAAAACkCVgAAAAApAlYAAAAAKQJWAAAAACkCVgAAAAApAlYAAAAAKQJWAAAAACkCVgAAAAApAlYAAAAAKQJWAAAAACkCVgAAAAApAlYAAAAAKQJWAAAAACkCVgAAAAApAlYAAAAAKQJWAAAAACkCVgAAAAApAlYAAAAAKQJWAAAAACkCVgAAAAApAlYAAAAAKQJWAAAAACkCVgAAAAApAlYAAAAAKQJWAAAAACkCVgAAAAApAlYAAAAAKQJWAAAAACkCVgAAAAApAlYAAAAAKQJWAAAAACkCVgAAAAApAlYAAAAAKQJWAAAAACkCVgAAAAApAlYAAAAAKQJWAAAAACkCVgAAAAApAlYAAAAAKQJWAAAAACkCVgAAAAApAlYAAAAAKQJWAAAAACkCVgAAAAApAlYAAAAAKQJWAAAAACkCVgAAAAApAlYAAAAAKQJWAAAAACkCVgAAAAApAlYAAAAAKQJWAAAAACkCVgAAAAApAlYAAAAAKQJWAAAAACkCVgAAAAApAlYAAAAAKQJWAAAAACkCVgAAAAApAlYAAAAAKQJWAAAAACkCVgAAAAApAlYAAAAAKQJWAAAAACkCVgAAAAApAlYAAAAAKQJWAAAAACkCVgAAAAApAlYAAAAAKQJWAAAAACkCVgAAAAApAlYAAAAAKQJWAAAAACkCVgAAAAApAlYAAAAAKQJWAAAAACkCVgAAAAApAlYAAAAAKQJWAAAAACkCVgAAAAApAlYAAAAAKQJWAAAAACkCVgAAAAApAlYAAAAAKQJWAAAAACkCVgAAAAApAlYAAAAAKQJWAAAAACkCVgAAAAApAlYAAAAAKQJWAAAAACkCVgAAAAApAlYAAAAAKQJWAAAAACkCVgAAAAApAlYAAAAAKQJWAAAAACkCVgAAAAApAlYAAAAAKQJWAAAAACkCVgAAAAApAlYAAAAAKQJWAAAAACkCVgAAAAApAlYAAAAAKQJWAAAAACkCVgAAAAApAlYAAAAAKQJWAAAAACkCVgAAAAApAlYAAAAAKQJWAAAAACkCVgAAAAApAlYAAAAAKQJWAAAAACkCVgAAAAApAlYAAAAAKQJWAAAAACkCVgAAAAApAlYAAAAAKQJWAAAAACkCVgAAAAApAlYAAAAAKQJWAAAAACkCVgAAAAApAlYAAAAAKQJWAAAAACkCVgAAAAApAlYAAAAAKQJWAAAAACkCVgAAAAApAlYAAAAAKQJWAAAAACkCVgAAAAApAlYAAAAAKQJWAAAAACkCVgAAAAApAlYAAAAAKQJWAAAAACkCVgAAAAApAlYAAAAAKQJWAAAAACkCVgAAAAApAlYAAAAAKQJWAAAAACkCVgAAAAApAlYAAAAAKQJWAAAAACkCVgAAAAApAlYAAAAAKQJWAAAAACkCVgAAAAApAlYAAAAAKQJWAAAAACkCVgAAAAApAlYAAAAAKQJWAAAAACkCVgAAAAApAlYAAAAAKQJWAAAAACkCVgAAAAApAlYAAAAAKQJWAAAAACkCVgAAAAApAlYAAAAAKQJWAAAAACkCVgAAAAApAlYAAAAAKQJWAAAAACkCVgAAAAApAlYAAAAAKQJWAAAAACkCVgAAAAApAlYAAAAAKQJWAAAAACkCVgAAAAApAlYAAAAAKQJWAAAAACkCVgAAAAApAlYAAAAAKQJWAAAAACkCVgAAAAApAlYAAAAAKQJWAAAAACkCVgAAAAApAlYAAAAAKQJWAAAAACkCVgAAAAApAlYAAAAAKQJWAAAAACkCVgAAAAApAlYAAAAAKQJWAAAAACkCVgAAAAApAlYAAAAAKQJWAAAAACkCVgAAAAApAlYAAAAAKQJWAAAAACkCVgAAAAApAlYAAAAAKQJWAAAAACkCVgAAAAApAlYAAAAAKQJWAAAAACkCVgAAAAApAlYAAAAAKQJWAAAAACkCVgAAAAApAlYAAAAAKQJWAAAAACkCVgAAAAApAlYAAAAAKQJWAAAAACkCVgAAAAApAlYAAAAAKQJWAAAAACkCVgAAAAApAlYAAAAAKQJWAAAAACkCVgAAAAApAlYAAAAAKQJWAAAAACkCVgAAAAApAlYAAAAAKQJWAAAAACkCVgAAAAApAlYAAAAAKQJWAAAAACkCVgAAAAApAlYAAAAAKQJWAAAAACkCVgAAAAApAlYAAAAAKQJWAAAAACkCVgAAAAApAlYAAAAAKQJWAAAAACkCVgAAAAApAlYAAAAAKQJWAAAAACkCVgAAAAApAlYAAAAAKQJWAAAAACkCVgAAAAApAlYAAAAAKQJWAAAAACkCVgAAAAApAlYAAAAAKQJWAAAAACkCVgAAAAApAlYAAAAAKQJWAAAAACkCVgAAAAApAlYAAAAAKQJWAAAAACkCVgAAAAApAlYAAAAAKQJWAAAAACkCVgAAAAApAlYAAAAAKQJWAAAAACkCVgAAAAApAlYAAAAAKQJWAAAAACkCVgAAAAApAlYAAAAAKQJWAAAAACkCVgAAAAApAlYAAAAAKQJWAAAAACkCVgAAAAApAlYAAAAAKQJWAAAAACkCVgAAAAApAlYAAAAAKQJWAAAAACkCVgAAAAApAlYAAAAAKQJWAAAAACkCVgAAAAApAlYAAAAAKQJWAAAAACkCVgAAAAApAlYAAAAAKQJWAAAAACkCVgAAAAApAlYAAAAAKQJWAAAAACkCVgAAAAApAlYAAAAAKQJWAAAAACkCVgAAAAApAlYAAAAAKQJWAAAAACkCVgAAAAApAlYAAAAAKQJWAAAAACkCVgAAAAApAlYAAAAAKQJWAAAAACkCVgAAAAApAlYAAAAAKQJWAAAAACkCVgAAAAApAlYAAAAAKQJWAAAAACkCVgAAAAApAlYAAAAAKQJWAAAAACkCVgAAAAApAlYAAAAAKQJWAAAAACkCVgAAAAApAlYAAAAAKQJWAAAAACkCVgAAAAApAlYAAAAAKQJWAAAAACkCVgAAAAApAlYAAAAAKQJWAAAAACkCVgAAAAApAlYAAAAAKQJWAAAAACkCVgAAAAApAlYAAAAAKQJWAAAAACkCVgAAAAApAlYAAAAAKQJWAAAAACkCVgAAAAApAlYAAAAAKQJWAAAAACkCVgAAAAApAlYAAAAAKQJWAAAAACkCVgAAAAApAlYAAAAAKQJWAAAAACkCVgAAAAApAlYAAAAAKQJWAAAAACkCVgAAAAApAlYAAAAAKQJWAAAAACkCVgAAAAApAlYAAAAAKQJWAAAAACkCVgAAAAApAlYAAAAAKQJWAAAAACkCVgAAAAApAlYAAAAAKQJWAAAAACkCVgAAAAApAlYAAAAAKQJWAAAAACkCVgAAAAApAlYAAAAAKQJWAAAAACkCVgAAAAApAlYAAAAAKQJWAAAAACkCVgAAAAApAlYAAAAAKQJWAAAAACkCVgAAAAApAlYAAAAAKQJWAAAAACkCVgAAAAApAlYAAAAAKQJWAAAAACkCVgAAAAApAlYAAAAAKQJWAAAAACkCVgAAAAApAlYAAAAAKQJWAAAAACkCVgAAAAApAlYAAAAAKQJWAAAAACkCVgAAAAApAlYAAAAAKQJWAAAAACkCVgAAAAApAlYAAAAAKQJWAAAAACkCVgAAAAApAlYAAAAAKQJWAAAAACkCVgAAAAApAlYAAAAAKQJWAAAAACkCVgAAAAApAlYAAAAAKQJWAAAAACkCVgAAAAApAlYAAAAAKQJWAAAAACkCVgAAAAApAlYAAAAAKQJWAAAAACkCVgAAAAApAlYAAAAAKQJWAAAAACkCVgAAAAApAlYAAAAAKQJWAAAAACkCVgAAAAApAlYAAAAAKQJWAAAAACkCVgAAAAApAlYAAAAAKQJWAAAAACkCVgAAAAApAlYAAAAAKQJWAAAAACkCVgAAAAApAlYAAAAAKQJWAAAAACkCVgAAAAApAlYAAAAAKQJWAAAAACkCVgAAAAApAlYAAAAAKQJWAAAAACkCVgAAAAApAlYAAAAAKQJWAAAAACkCVgAAAAApAlYAAAAAKQJWAAAAACkCVgAAAAApAlYAAAAAKQJWAAAAACkCVgAAAAApAlYAAAAAKQJWAAAAACkCVgAAAAApAlYAAAAAKQJWAAAAACkCVgAAAAApAlYAAAAAKQJWAAAAACkCVgAAAAApAlYAAAAAKQJWAAAAACkCVgAAAAApAlYAAAAAKQJWAAAAACkCVgAAAAApAlYAAAAAKQJWAAAAACkCVgAAAAApAlYAAAAAKQJWAAAAACkCVgAAAAApAlYAAAAAKQJWAAAAACkCVgAAAAApAlYAAAAAKQJWAAAAACkCVgAAAAApAlYAAAAAKQJWAAAAACkCVgAAAAApAlYAAAAAKQJWAAAAACkCVgAAAAApAlYAAAAAKQJWAAAAACkCVgAAAAApAlYAAAAAKQJWAAAAACkCVgAAAAApAlYAAAAAKQJWAAAAACkCVgAAAAApAlYAAAAAKQJWAAAAACkCVgAAAAApAlYAAAAAKQJWAAAAACkCVgAAAAApAlYAAAAAKQJWAAAAACkCVgAAAAApAlYAAAAAKQJWAAAAACkCVgAAAAApAlYAAAAAKQJWAAAAACkCVgAAAAApAlYAAAAAKQJWAAAAACkCVgAAAAApAlYAAAAAKQJWAAAAACkCVgAAAAApAlYAAAAAKQJWAAAAACkCVgAAAAApAlYAAAAAKQJWAAAAACkCVgAAAAApAlYAAAAAKQJWAAAAACkCVgAAAAApAlYAAAAAKQJWAAAAACkCVgAAAAApAlYAAAAAKQJWAAAAACkCVgAAAAApAlYAAAAAKQJWAAAAACkCVgAAAAApAlYAAAAAKQJWAAAAACkCVgAAAAApAlYAAAAAKQJWAAAAACkCVgAAAAApAlYAAAAAKQJWAAAAACkCVgAAAAApAlYAAAAAKQJWAAAAACkCVgAAAAApAlYAAAAAKQJWAAAAACkCVgAAAAApAlYAAAAAKQJWAAAAACkCVgAAAAApAlYAAAAAKQJWAAAAACkCVgAAAAApAlYAAAAAKQJWAAAAACkCVgAAAAApAlYAAAAAKQJWAAAAACkCVgAAAAApAlYAAAAAKQJWAAAAACkCVgAAAAApAlYAAAAAKQJWAAAAACkCVgAAAAApAlYAAAAAKQJWAAAAACkCVgAAAAApAlYAAAAAKQJWAAAAACkCVgAAAAApAlYAAAAAKQJWAAAAACkCVgAAAAApAlYAAAAAKQJWAAAAACkCVgAAAAApAlYAAAAAKQJWAAAAACkCVgAAAAApAlYAAAAAKQJWAAAAACkCVgAAAAApAlYAAAAAKQJWAAAAACkCVgAAAAApAlYAAAAAKQJWAAAAACkCVgAAAAApAlYAAAAAKQJWAAAAACkCVgAAAAApAlYAAAAAKQJWAAAAACkCVgAAAAApAlYAAAAAKQJWAAAAACkCVgAAAAApAlYAAAAAKQJWAAAAACkCVgAAAAApAlYAAAAAKQJWAAAAACkCVgAAAAApAlYAAAAAKQJWAAAAACkCVgAAAAApAlYAAAAAKQJWAAAAACkCVgAAAAApAlYAAAAAKQJWAAAAACkCVgAAAAApAlYAAAAAKQJWAAAAACkCVgAAAAApAlYAAAAAKQJWAAAAACkCVgAAAAApAlYAAAAAKQJWAAAAACkCVgAAAAApAlYAAAAAKQJWAAAAACkCVgAAAAApAlYAAAAAKQJWAAAAACkCVgAAAAApAlYAAAAAKQJWAAAAACkCVgAAAAApAlYAAAAAKQJWAAAAACk/TfUCf3+LJ9z5AAAAABJRU5ErkJggg==' height='250' width='300'/> ]]>
  </system-out>
</testsuite> <!-- com.tribu.qaselenium.tests.apimazaprendo.MAAssignF2FCourseTests -->
