<?xml version="1.0" encoding="UTF-8"?>
<!-- Generated by org.testng.reporters.JUnitReportReporter -->
<testsuite skipped="0" hostname="station" name="com.tribu.seleniumframework.tests.PositiveLoginTests" tests="1" failures="0" timestamp="2021-10-15T02:10:57 COT" time="7.540" errors="0">
  <testcase name="logInTest" time="7.540" classname="com.tribu.seleniumframework.tests.PositiveLoginTests"/>
  <system-out/>
</testsuite> <!-- com.tribu.seleniumframework.tests.PositiveLoginTests -->
