<?xml version="1.0" encoding="UTF-8"?>
<!-- Generated by org.testng.reporters.JUnitReportReporter -->
<testsuite hostname="station" failures="0" tests="4" name="com.tribu.qaselenium.tests.negative.TestThreads" time="7.270" errors="0" timestamp="2021-11-02T22:31:20 COT" skipped="0">
  <testcase classname="com.tribu.qaselenium.tests.negative.TestThreads" name="test2" time="1.081"/>
  <system-out>
    <![CDATA[ <img src='data:image/png;base64,iVBORw0KGgoAAAANSUhEUgAAB4AAAAOiCAYAAACRicroAAAAAXNSR0IArs4c6QAAIABJREFUeJzs2cENwCAQwLDS/Xc+lkBCRPYE+WfNzHwAAAAAAAAAPO+/HQAAAAAAAADAGQYwAAAAAAAAQIQBDAAAAAAAABBhAAMAAAAAAABEGMAAAAAAAAAAEQYwAAAAAAAAQIQBDAAAAAAAABBhAAMAAAAAAABEGMAAAAAAAAAAEQYwAAAAAAAAQIQBDAAAAAAAABBhAAMAAAAAAABEGMAAAAAAAAAAEQYwAAAAAAAAQIQBDAAAAAAAABBhAAMAAAAAAABEGMAAAAAAAAAAEQYwAAAAAAAAQIQBDAAAAAAAABBhAAMAAAAAAABEGMAAAAAAAAAAEQYwAAAAAAAAQIQBDAAAAAAAABBhAAMAAAAAAABEGMAAAAAAAAAAEQYwAAAAAAAAQIQBDAAAAAAAABBhAAMAAAAAAABEGMAAAAAAAAAAEQYwAAAAAAAAQIQBDAAAAAAAABBhAAMAAAAAAABEGMAAAAAAAAAAEQYwAAAAAAAAQIQBDAAAAAAAABBhAAMAAAAAAABEGMAAAAAAAAAAEQYwAAAAAAAAQIQBDAAAAAAAABBhAAMAAAAAAABEGMAAAAAAAAAAEQYwAAAAAAAAQIQBDAAAAAAAABBhAAMAAAAAAABEGMAAAAAAAAAAEQYwAAAAAAAAQIQBDAAAAAAAABBhAAMAAAAAAABEGMAAAAAAAAAAEQYwAAAAAAAAQIQBDAAAAAAAABBhAAMAAAAAAABEGMAAAAAAAAAAEQYwAAAAAAAAQIQBDAAAAAAAABBhAAMAAAAAAABEGMAAAAAAAAAAEQYwAAAAAAAAQIQBDAAAAAAAABBhAAMAAAAAAABEGMAAAAAAAAAAEQYwAAAAAAAAQIQBDAAAAAAAABBhAAMAAAAAAABEGMAAAAAAAAAAEQYwAAAAAAAAQIQBDAAAAAAAABBhAAMAAAAAAABEGMAAAAAAAAAAEQYwAAAAAAAAQIQBDAAAAAAAABBhAAMAAAAAAABEGMAAAAAAAAAAEQYwAAAAAAAAQIQBDAAAAAAAABBhAAMAAAAAAABEGMAAAAAAAAAAEQYwAAAAAAAAQIQBDAAAAAAAABBhAAMAAAAAAABEGMAAAAAAAAAAEQYwAAAAAAAAQIQBDAAAAAAAABBhAAMAAAAAAABEGMAAAAAAAAAAEQYwAAAAAAAAQIQBDAAAAAAAABBhAAMAAAAAAABEGMAAAAAAAAAAEQYwAAAAAAAAQIQBDAAAAAAAABBhAAMAAAAAAABEGMAAAAAAAAAAEQYwAAAAAAAAQIQBDAAAAAAAABBhAAMAAAAAAABEGMAAAAAAAAAAEQYwAAAAAAAAQIQBDAAAAAAAABBhAAMAAAAAAABEGMAAAAAAAAAAEQYwAAAAAAAAQIQBDAAAAAAAABBhAAMAAAAAAABEGMAAAAAAAAAAEQYwAAAAAAAAQIQBDAAAAAAAABBhAAMAAAAAAABEGMAAAAAAAAAAEQYwAAAAAAAAQIQBDAAAAAAAABBhAAMAAAAAAABEGMAAAAAAAAAAEQYwAAAAAAAAQIQBDAAAAAAAABBhAAMAAAAAAABEGMAAAAAAAAAAEQYwAAAAAAAAQIQBDAAAAAAAABBhAAMAAAAAAABEGMAAAAAAAAAAEQYwAAAAAAAAQIQBDAAAAAAAABBhAAMAAAAAAABEGMAAAAAAAAAAEQYwAAAAAAAAQIQBDAAAAAAAABBhAAMAAAAAAABEGMAAAAAAAAAAEQYwAAAAAAAAQIQBDAAAAAAAABBhAAMAAAAAAABEGMAAAAAAAAAAEQYwAAAAAAAAQIQBDAAAAAAAABBhAAMAAAAAAABEGMAAAAAAAAAAEQYwAAAAAAAAQIQBDAAAAAAAABBhAAMAAAAAAABEGMAAAAAAAAAAEQYwAAAAAAAAQIQBDAAAAAAAABBhAAMAAAAAAABEGMAAAAAAAAAAEQYwAAAAAAAAQIQBDAAAAAAAABBhAAMAAAAAAABEGMAAAAAAAAAAEQYwAAAAAAAAQIQBDAAAAAAAABBhAAMAAAAAAABEGMAAAAAAAAAAEQYwAAAAAAAAQIQBDAAAAAAAABBhAAMAAAAAAABEGMAAAAAAAAAAEQYwAAAAAAAAQIQBDAAAAAAAABBhAAMAAAAAAABEGMAAAAAAAAAAEQYwAAAAAAAAQIQBDAAAAAAAABBhAAMAAAAAAABEGMAAAAAAAAAAEQYwAAAAAAAAQIQBDAAAAAAAABBhAAMAAAAAAABEGMAAAAAAAAAAEQYwAAAAAAAAQIQBDAAAAAAAABBhAAMAAAAAAABEGMAAAAAAAAAAEQYwAAAAAAAAQIQBDAAAAAAAABBhAAMAAAAAAABEGMAAAAAAAAAAEQYwAAAAAAAAQIQBDAAAAAAAABBhAAMAAAAAAABEGMAAAAAAAAAAEQYwAAAAAAAAQIQBDAAAAAAAABBhAAMAAAAAAABEGMAAAAAAAAAAEQYwAAAAAAAAQIQBDAAAAAAAABBhAAMAAAAAAABEGMAAAAAAAAAAEQYwAAAAAAAAQIQBDAAAAAAAABBhAAMAAAAAAABEGMAAAAAAAAAAEQYwAAAAAAAAQIQBDAAAAAAAABBhAAMAAAAAAABEGMAAAAAAAAAAEQYwAAAAAAAAQIQBDAAAAAAAABBhAAMAAAAAAABEGMAAAAAAAAAAEQYwAAAAAAAAQIQBDAAAAAAAABBhAAMAAAAAAABEGMAAAAAAAAAAEQYwAAAAAAAAQIQBDAAAAAAAABBhAAMAAAAAAABEGMAAAAAAAAAAEQYwAAAAAAAAQIQBDAAAAAAAABBhAAMAAAAAAABEGMAAAAAAAAAAEQYwAAAAAAAAQIQBDAAAAAAAABBhAAMAAAAAAABEGMAAAAAAAAAAEQYwAAAAAAAAQIQBDAAAAAAAABBhAAMAAAAAAABEGMAAAAAAAAAAEQYwAAAAAAAAQIQBDAAAAAAAABBhAAMAAAAAAABEGMAAAAAAAAAAEQYwAAAAAAAAQIQBDAAAAAAAABBhAAMAAAAAAABEGMAAAAAAAAAAEQYwAAAAAAAAQIQBDAAAAAAAABBhAAMAAAAAAABEGMAAAAAAAAAAEQYwAAAAAAAAQIQBDAAAAAAAABBhAAMAAAAAAABEGMAAAAAAAAAAEQYwAAAAAAAAQIQBDAAAAAAAABBhAAMAAAAAAABEGMAAAAAAAAAAEQYwAAAAAAAAQIQBDAAAAAAAABBhAAMAAAAAAABEGMAAAAAAAAAAEQYwAAAAAAAAQIQBDAAAAAAAABBhAAMAAAAAAABEGMAAAAAAAAAAEQYwAAAAAAAAQIQBDAAAAAAAABBhAAMAAAAAAABEGMAAAAAAAAAAEQYwAAAAAAAAQIQBDAAAAAAAABBhAAMAAAAAAABEGMAAAAAAAAAAEQYwAAAAAAAAQIQBDAAAAAAAABBhAAMAAAAAAABEGMAAAAAAAAAAEQYwAAAAAAAAQIQBDAAAAAAAABBhAAMAAAAAAABEGMAAAAAAAAAAEQYwAAAAAAAAQIQBDAAAAAAAABBhAAMAAAAAAABEGMAAAAAAAAAAEQYwAAAAAAAAQIQBDAAAAAAAABBhAAMAAAAAAABEGMAAAAAAAAAAEQYwAAAAAAAAQIQBDAAAAAAAABBhAAMAAAAAAABEGMAAAAAAAAAAEQYwAAAAAAAAQIQBDAAAAAAAABBhAAMAAAAAAABEGMAAAAAAAAAAEQYwAAAAAAAAQIQBDAAAAAAAABBhAAMAAAAAAABEGMAAAAAAAAAAEQYwAAAAAAAAQIQBDAAAAAAAABBhAAMAAAAAAABEGMAAAAAAAAAAEQYwAAAAAAAAQIQBDAAAAAAAABBhAAMAAAAAAABEGMAAAAAAAAAAEQYwAAAAAAAAQIQBDAAAAAAAABBhAAMAAAAAAABEGMAAAAAAAAAAEQYwAAAAAAAAQIQBDAAAAAAAABBhAAMAAAAAAABEGMAAAAAAAAAAEQYwAAAAAAAAQIQBDAAAAAAAABBhAAMAAAAAAABEGMAAAAAAAAAAEQYwAAAAAAAAQIQBDAAAAAAAABBhAAMAAAAAAABEGMAAAAAAAAAAEQYwAAAAAAAAQIQBDAAAAAAAABBhAAMAAAAAAABEGMAAAAAAAAAAEQYwAAAAAAAAQIQBDAAAAAAAABBhAAMAAAAAAABEGMAAAAAAAAAAEQYwAAAAAAAAQIQBDAAAAAAAABBhAAMAAAAAAABEGMAAAAAAAAAAEQYwAAAAAAAAQIQBDAAAAAAAABBhAAMAAAAAAABEGMAAAAAAAAAAEQYwAAAAAAAAQIQBDAAAAAAAABBhAAMAAAAAAABEGMAAAAAAAAAAEQYwAAAAAAAAQIQBDAAAAAAAABBhAAMAAAAAAABEGMAAAAAAAAAAEQYwAAAAAAAAQIQBDAAAAAAAABBhAAMAAAAAAABEGMAAAAAAAAAAEQYwAAAAAAAAQIQBDAAAAAAAABBhAAMAAAAAAABEGMAAAAAAAAAAEQYwAAAAAAAAQIQBDAAAAAAAABBhAAMAAAAAAABEGMAAAAAAAAAAEQYwAAAAAAAAQIQBDAAAAAAAABBhAAMAAAAAAABEGMAAAAAAAAAAEQYwAAAAAAAAQIQBDAAAAAAAABBhAAMAAAAAAABEGMAAAAAAAAAAEQYwAAAAAAAAQIQBDAAAAAAAABBhAAMAAAAAAABEGMAAAAAAAAAAEQYwAAAAAAAAQIQBDAAAAAAAABBhAAMAAAAAAABEGMAAAAAAAAAAEQYwAAAAAAAAQIQBDAAAAAAAABBhAAMAAAAAAABEGMAAAAAAAAAAEQYwAAAAAAAAQIQBDAAAAAAAABBhAAMAAAAAAABEGMAAAAAAAAAAEQYwAAAAAAAAQIQBDAAAAAAAABBhAAMAAAAAAABEGMAAAAAAAAAAEQYwAAAAAAAAQIQBDAAAAAAAABBhAAMAAAAAAABEGMAAAAAAAAAAEQYwAAAAAAAAQIQBDAAAAAAAABBhAAMAAAAAAABEGMAAAAAAAAAAEQYwAAAAAAAAQIQBDAAAAAAAABBhAAMAAAAAAABEGMAAAAAAAAAAEQYwAAAAAAAAQIQBDAAAAAAAABBhAAMAAAAAAABEGMAAAAAAAAAAEQYwAAAAAAAAQIQBDAAAAAAAABBhAAMAAAAAAABEGMAAAAAAAAAAEQYwAAAAAAAAQIQBDAAAAAAAABBhAAMAAAAAAABEGMAAAAAAAAAAEQYwAAAAAAAAQIQBDAAAAAAAABBhAAMAAAAAAABEGMAAAAAAAAAAEQYwAAAAAAAAQIQBDAAAAAAAABBhAAMAAAAAAABEGMAAAAAAAAAAEQYwAAAAAAAAQIQBDAAAAAAAABBhAAMAAAAAAABEGMAAAAAAAAAAEQYwAAAAAAAAQIQBDAAAAAAAABBhAAMAAAAAAABEGMAAAAAAAAAAEQYwAAAAAAAAQIQBDAAAAAAAABBhAAMAAAAAAABEGMAAAAAAAAAAEQYwAAAAAAAAQIQBDAAAAAAAABBhAAMAAAAAAABEGMAAAAAAAAAAEQYwAAAAAAAAQIQBDAAAAAAAABBhAAMAAAAAAABEGMAAAAAAAAAAEQYwAAAAAAAAQIQBDAAAAAAAABBhAAMAAAAAAABEGMAAAAAAAAAAEQYwAAAAAAAAQIQBDAAAAAAAABBhAAMAAAAAAABEGMAAAAAAAAAAEQYwAAAAAAAAQIQBDAAAAAAAABBhAAMAAAAAAABEGMAAAAAAAAAAEQYwAAAAAAAAQIQBDAAAAAAAABBhAAMAAAAAAABEGMAAAAAAAAAAEQYwAAAAAAAAQIQBDAAAAAAAABBhAAMAAAAAAABEGMAAAAAAAAAAEQYwAAAAAAAAQIQBDAAAAAAAABBhAAMAAAAAAABEGMAAAAAAAAAAEQYwAAAAAAAAQIQBDAAAAAAAABBhAAMAAAAAAABEGMAAAAAAAAAAEQYwAAAAAAAAQIQBDAAAAAAAABBhAAMAAAAAAABEGMAAAAAAAAAAEQYwAAAAAAAAQIQBDAAAAAAAABBhAAMAAAAAAABEGMAAAAAAAAAAEQYwAAAAAAAAQIQBDAAAAAAAABBhAAMAAAAAAABEGMAAAAAAAAAAEQYwAAAAAAAAQIQBDAAAAAAAABBhAAMAAAAAAABEGMAAAAAAAAAAEQYwAAAAAAAAQIQBDAAAAAAAABBhAAMAAAAAAABEGMAAAAAAAAAAEQYwAAAAAAAAQIQBDAAAAAAAABBhAAMAAAAAAABEGMAAAAAAAAAAEQYwAAAAAAAAQIQBDAAAAAAAABBhAAMAAAAAAABEGMAAAAAAAAAAEQYwAAAAAAAAQIQBDAAAAAAAABBhAAMAAAAAAABEGMAAAAAAAAAAEQYwAAAAAAAAQIQBDAAAAAAAABBhAAMAAAAAAABEGMAAAAAAAAAAEQYwAAAAAAAAQIQBDAAAAAAAABBhAAMAAAAAAABEGMAAAAAAAAAAEQYwAAAAAAAAQIQBDAAAAAAAABBhAAMAAAAAAABEGMAAAAAAAAAAEQYwAAAAAAAAQIQBDAAAAAAAABBhAAMAAAAAAABEGMAAAAAAAAAAEQYwAAAAAAAAQIQBDAAAAAAAABBhAAMAAAAAAABEGMAAAAAAAAAAEQYwAAAAAAAAQIQBDAAAAAAAABBhAAMAAAAAAABEGMAAAAAAAAAAEQYwAAAAAAAAQIQBDAAAAAAAABBhAAMAAAAAAABEGMAAAAAAAAAAEQYwAAAAAAAAQIQBDAAAAAAAABBhAAMAAAAAAABEGMAAAAAAAAAAEQYwAAAAAAAAQIQBDAAAAAAAABBhAAMAAAAAAABEGMAAAAAAAAAAEQYwAAAAAAAAQIQBDAAAAAAAABBhAAMAAAAAAABEGMAAAAAAAAAAEQYwAAAAAAAAQIQBDAAAAAAAABBhAAMAAAAAAABEGMAAAAAAAAAAEQYwAAAAAAAAQIQBDAAAAAAAABBhAAMAAAAAAABEGMAAAAAAAAAAEQYwAAAAAAAAQIQBDAAAAAAAABBhAAMAAAAAAABEGMAAAAAAAAAAEQYwAAAAAAAAQIQBDAAAAAAAABBhAAMAAAAAAABEGMAAAAAAAAAAEQYwAAAAAAAAQIQBDAAAAAAAABBhAAMAAAAAAABEGMAAAAAAAAC7PTuQAQAAABjkb32PrzQCmBDAAAAAAAAAABMCGAAAAAAAAGBCAAMAAAAAAABMCGAAAAAAAACACQEMAAAAAAAAMCGAAQAAAAAAACYEMAAAAAAAAMCEAAYAAAAAAACYEMAAAAAAAAAAEwIYAAAAAAAAYEIAAwAAAAAAAEwIYAAAAAAAAIAJAQwAAAAAAAAwIYABAAAAAAAAJgQwAAAAAAAAwIQABgAAAAAAAJgQwAAAAAAAAAATAhgAAAAAAABgQgADAAAAAAAATAhgAAAAAAAAgAkBDAAAAAAAADAhgAEAAAAAAAAmBDAAAAAAAADAhAAGAAAAAAAAmBDAAAAAAAAAABMCGAAAAAAAAGBCAAMAAAAAAABMCGAAAAAAAACACQEMAAAAAAAAMCGAAQAAAAAAACYEMAAAAAAAAMCEAAYAAAAAAACYEMAAAAAAAAAAEwIYAAAAAAAAYEIAAwAAAAAAAEwIYAAAAAAAAIAJAQwAAAAAAAAwIYABAAAAAAAAJgQwAAAAAAAAwIQABgAAAAAAAJgQwAAAAAAAAAATAhgAAAAAAABgQgADAAAAAAAATAhgAAAAAAAAgAkBDAAAAAAAADAhgAEAAAAAAAAmBDAAAAAAAADAhAAGAAAAAAAAmBDAAAAAAAAAABMCGAAAAAAAAGBCAAMAAAAAAABMCGAAAAAAAACACQEMAAAAAAAAMCGAAQAAAAAAACYEMAAAAAAAAMCEAAYAAAAAAACYEMAAAAAAAAAAEwIYAAAAAAAAYEIAAwAAAAAAAEwIYAAAAAAAAIAJAQwAAAAAAAAwIYABAAAAAAAAJgQwAAAAAAAAwIQABgAAAAAAAJgQwAAAAAAAAAATAhgAAAAAAABgQgADAAAAAAAATAhgAAAAAAAAgAkBDAAAAAAAADAhgAEAAAAAAAAmBDAAAAAAAADAhAAGAAAAAAAAmBDAAAAAAAAAABMCGAAAAAAAAGBCAAMAAAAAAABMCGAAAAAAAACACQEMAAAAAAAAMCGAAQAAAAAAACYEMAAAAAAAAMCEAAYAAAAAAACYEMAAAAAAAAAAEwIYAAAAAAAAYEIAAwAAAAAAAEwIYAAAAAAAAIAJAQwAAAAAAAAwIYABAAAAAAAAJgQwAAAAAAAAwIQABgAAAAAAAJgQwAAAAAAAAAATAhgAAAAAAABgQgADAAAAAAAATAhgAAAAAAAAgAkBDAAAAAAAADAhgAEAAAAAAAAmBDAAAAAAAADAhAAGAAAAAAAAmBDAAAAAAAAAABMCGAAAAAAAAGBCAAMAAAAAAABMCGAAAAAAAACACQEMAAAAAAAAMCGAAQAAAAAAACYEMAAAAAAAAMCEAAYAAAAAAACYEMAAAAAAAAAAEwIYAAAAAAAAYEIAAwAAAAAAAEwIYAAAAAAAAIAJAQwAAAAAAAAwIYABAAAAAAAAJgQwAAAAAAAAwIQABgAAAAAAAJgQwAAAAAAAAAATAhgAAAAAAABgQgADAAAAAAAATAhgAAAAAAAAgAkBDAAAAAAAADAhgAEAAAAAAAAmBDAAAAAAAADAhAAGAAAAAAAAmBDAAAAAAAAAABMCGAAAAAAAAGBCAAMAAAAAAABMCGAAAAAAAACACQEMAAAAAAAAMCGAAQAAAAAAACYEMAAAAAAAAMCEAAYAAAAAAACYEMAAAAAAAAAAEwIYAAAAAAAAYEIAAwAAAAAAAEwIYAAAAAAAAIAJAQwAAAAAAAAwIYABAAAAAAAAJgQwAAAAAAAAwIQABgAAAAAAAJgQwAAAAAAAAAATAhgAAAAAAABgQgADAAAAAAAATAhgAAAAAAAAgAkBDAAAAAAAADAhgAEAAAAAAAAmBDAAAAAAAADAhAAGAAAAAAAAmBDAAAAAAAAAABMCGAAAAAAAAGBCAAMAAAAAAABMCGAAAAAAAACACQEMAAAAAAAAMCGAAQAAAAAAACYEMAAAAAAAAMCEAAYAAAAAAACYEMAAAAAAAAAAEwIYAAAAAAAAYEIAAwAAAAAAAEwIYAAAAAAAAIAJAQwAAAAAAAAwIYABAAAAAAAAJgQwAAAAAAAAwIQABgAAAAAAAJgQwAAAAAAAAAATAhgAAAAAAABgQgADAAAAAAAATAhgAAAAAAAAgAkBDAAAAAAAADAhgAEAAAAAAAAmBDAAAAAAAADAhAAGAAAAAAAAmBDAAAAAAAAAABMCGAAAAAAAAGBCAAMAAAAAAABMCGAAAAAAAACACQEMAAAAAAAAMCGAAQAAAAAAACYEMAAAAAAAAMCEAAYAAAAAAACYEMAAAAAAAAAAEwIYAAAAAAAAYEIAAwAAAAAAAEwIYAAAAAAAAIAJAQwAAAAAAAAwIYABAAAAAAAAJgQwAAAAAAAAwIQABgAAAAAAAJgQwAAAAAAAAAATAhgAAAAAAABgQgADAAAAAAAATAhgAAAAAAAAgAkBDAAAAAAAADAhgAEAAAAAAAAmBDAAAAAAAADAhAAGAAAAAAAAmBDAAAAAAAAAABMCGAAAAAAAAGBCAAMAAAAAAABMCGAAAAAAAACACQEMAAAAAAAAMCGAAQAAAAAAACYEMAAAAAAAAMCEAAYAAAAAAACYEMAAAAAAAAAAEwIYAAAAAAAAYEIAAwAAAAAAAEwIYAAAAAAAAIAJAQwAAAAAAAAwIYABAAAAAAAAJgQwAAAAAAAAwIQABgAAAAAAAJgQwAAAAAAAAAATAhgAAAAAAABgQgADAAAAAAAATAhgAAAAAAAAgAkBDAAAAAAAADAhgAEAAAAAAAAmBDAAAAAAAADAhAAGAAAAAAAAmBDAAAAAAAAAABMCGAAAAAAAAGBCAAMAAAAAAABMCGAAAAAAAACACQEMAAAAAAAAMCGAAQAAAAAAACYEMAAAAAAAAMCEAAYAAAAAAACYEMAAAAAAAAAAEwIYAAAAAAAAYEIAAwAAAAAAAEwIYAAAAAAAAIAJAQwAAAAAAAAwIYABAAAAAAAAJgQwAAAAAAAAwIQABgAAAAAAAJgQwAAAAAAAAAATAhgAAAAAAABgQgADAAAAAAAATAhgAAAAAAAAgAkBDAAAAAAAADAhgAEAAAAAAAAmBDAAAAAAAADAhAAGAAAAAAAAmBDAAAAAAAAAABMCGAAAAAAAAGBCAAMAAAAAAABMCGAAAAAAAACACQEMAAAAAAAAMCGAAQAAAAAAACYEMAAAAAAAAMCEAAYAAAAAAACYEMAAAAAAAAAAEwIYAAAAAAAAYEIAAwAAAAAAAEwIYAAAAAAAAIAJAQwAAAAAAAAwIYABAAAAAAAAJgQwAAAAAAAAwIQABgAAAAAAAJgQwAAAAAAAAAATAhgAAAAAAABgQgADAAAAAAAATAhgAAAAAAAAgAkBDAAAAAAAADAhgAEAAAAAAAAmBDAAAAAAAADAhAAGAAAAAAAAmBDAAAAAAAAAABMCGAAAAAAAAGBCAAMAAAAAAABMCGAAAAAAAACACQEMAAAAAAAAMCGAAQAAAAAAACYEMAAAAAAAAMCEAAYAAAAAAACYEMAAAAAAAAAAEwIYAAAAAAAAYEIAAwAAAAAAAEwIYAAAAAAAAIAJAQwAAAAAAAAwIYABAAAAAAAAJgQwAAAAAAAAwIQABgAAAAAAAJgQwAAAAAAAAAATAhgAAAAAAABgQgADAAAAAAAATAhgAAAAAAAAgAkBDAAAAAAAADAhgAEAAAAAAAAmBDAAAAAAAADAhAAGAAAAAAAAmBDAAAAAAAAAABMCGAAAAAAAAGBCAAMAAAAAAABMCGAAAAAAAACACQEMAAAAAAAAMCGAAQAAAABHryE/AAADaklEQVQAACYEMAAAAAAAAMCEAAYAAAAAAACYEMAAAAAAAAAAEwIYAAAAAAAAYEIAAwAAAAAAAEwIYAAAAAAAAIAJAQwAAAAAAAAwIYABAAAAAAAAJgQwAAAAAAAAwIQABgAAAAAAAJgQwAAAAAAAAAATAhgAAAAAAABgQgADAAAAAAAATAhgAAAAAAAAgAkBDAAAAAAAADAhgAEAAAAAAAAmBDAAAAAAAADAhAAGAAAAAAAAmBDAAAAAAAAAABMCGAAAAAAAAGBCAAMAAAAAAABMCGAAAAAAAACACQEMAAAAAAAAMCGAAQAAAAAAACYEMAAAAAAAAMCEAAYAAAAAAACYEMAAAAAAAAAAEwIYAAAAAAAAYEIAAwAAAAAAAEwIYAAAAAAAAIAJAQwAAAAAAAAwIYABAAAAAAAAJgQwAAAAAAAAwIQABgAAAAAAAJgQwAAAAAAAAAATAhgAAAAAAABgQgADAAAAAAAATAhgAAAAAAAAgAkBDAAAAAAAADAhgAEAAAAAAAAmBDAAAAAAAADAhAAGAAAAAAAAmBDAAAAAAAAAABMCGAAAAAAAAGBCAAMAAAAAAABMCGAAAAAAAACACQEMAAAAAAAAMCGAAQAAAAAAACYEMAAAAAAAAMCEAAYAAAAAAACYEMAAAAAAAAAAEwIYAAAAAAAAYEIAAwAAAAAAAEwIYAAAAAAAAIAJAQwAAAAAAAAwIYABAAAAAAAAJgQwAAAAAAAAwIQABgAAAAAAAJgQwAAAAAAAAAATAhgAAAAAAABgQgADAAAAAAAATAhgAAAAAAAAgAkBDAAAAAAAADAhgAEAAAAAAAAmBDAAAAAAAADAhAAGAAAAAAAAmBDAAAAAAAAAABMCGAAAAAAAAGBCAAMAAAAAAABMCGAAAAAAAACACQEMAAAAAAAAMCGAAQAAAAAAACYEMAAAAAAAAMCEAAYAAAAAAACYEMAAAAAAAAAAEwIYAAAAAAAAYEIAAwAAAAAAAEwIYAAAAAAAAIAJAQwAAAAAAAAwIYABAAAAAAAAJgQwAAAAAAAAwIQABgAAAAAAAJgQwAAAAAAAAAATAhgAAAAAAABgQgADAAAAAAAATAhgAAAAAAAAgAkBDAAAAAAAADAhgAEAAAAAAAAmBDAAAAAAAADAhAAGAAAAAAAAmAjYyAtAlXfoYQAAAABJRU5ErkJggg==' height='250' width='300'/> ]]>
  </system-out>
  <testcase classname="com.tribu.qaselenium.tests.negative.TestThreads" name="test2" time="2.542"/>
  <system-out>
    <![CDATA[ <img src='data:image/png;base64,iVBORw0KGgoAAAANSUhEUgAAB4AAAAOiCAYAAACRicroAAAAAXNSR0IArs4c6QAAIABJREFUeJzs2cENwCAQwLDS/Xc+lkBCRPYE+WfNzHwAAAAAAAAAPO+/HQAAAAAAAADAGQYwAAAAAAAAQIQBDAAAAAAAABBhAAMAAAAAAABEGMAAAAAAAAAAEQYwAAAAAAAAQIQBDAAAAAAAABBhAAMAAAAAAABEGMAAAAAAAAAAEQYwAAAAAAAAQIQBDAAAAAAAABBhAAMAAAAAAABEGMAAAAAAAAAAEQYwAAAAAAAAQIQBDAAAAAAAABBhAAMAAAAAAABEGMAAAAAAAAAAEQYwAAAAAAAAQIQBDAAAAAAAABBhAAMAAAAAAABEGMAAAAAAAAAAEQYwAAAAAAAAQIQBDAAAAAAAABBhAAMAAAAAAABEGMAAAAAAAAAAEQYwAAAAAAAAQIQBDAAAAAAAABBhAAMAAAAAAABEGMAAAAAAAAAAEQYwAAAAAAAAQIQBDAAAAAAAABBhAAMAAAAAAABEGMAAAAAAAAAAEQYwAAAAAAAAQIQBDAAAAAAAABBhAAMAAAAAAABEGMAAAAAAAAAAEQYwAAAAAAAAQIQBDAAAAAAAABBhAAMAAAAAAABEGMAAAAAAAAAAEQYwAAAAAAAAQIQBDAAAAAAAABBhAAMAAAAAAABEGMAAAAAAAAAAEQYwAAAAAAAAQIQBDAAAAAAAABBhAAMAAAAAAABEGMAAAAAAAAAAEQYwAAAAAAAAQIQBDAAAAAAAABBhAAMAAAAAAABEGMAAAAAAAAAAEQYwAAAAAAAAQIQBDAAAAAAAABBhAAMAAAAAAABEGMAAAAAAAAAAEQYwAAAAAAAAQIQBDAAAAAAAABBhAAMAAAAAAABEGMAAAAAAAAAAEQYwAAAAAAAAQIQBDAAAAAAAABBhAAMAAAAAAABEGMAAAAAAAAAAEQYwAAAAAAAAQIQBDAAAAAAAABBhAAMAAAAAAABEGMAAAAAAAAAAEQYwAAAAAAAAQIQBDAAAAAAAABBhAAMAAAAAAABEGMAAAAAAAAAAEQYwAAAAAAAAQIQBDAAAAAAAABBhAAMAAAAAAABEGMAAAAAAAAAAEQYwAAAAAAAAQIQBDAAAAAAAABBhAAMAAAAAAABEGMAAAAAAAAAAEQYwAAAAAAAAQIQBDAAAAAAAABBhAAMAAAAAAABEGMAAAAAAAAAAEQYwAAAAAAAAQIQBDAAAAAAAABBhAAMAAAAAAABEGMAAAAAAAAAAEQYwAAAAAAAAQIQBDAAAAAAAABBhAAMAAAAAAABEGMAAAAAAAAAAEQYwAAAAAAAAQIQBDAAAAAAAABBhAAMAAAAAAABEGMAAAAAAAAAAEQYwAAAAAAAAQIQBDAAAAAAAABBhAAMAAAAAAABEGMAAAAAAAAAAEQYwAAAAAAAAQIQBDAAAAAAAABBhAAMAAAAAAABEGMAAAAAAAAAAEQYwAAAAAAAAQIQBDAAAAAAAABBhAAMAAAAAAABEGMAAAAAAAAAAEQYwAAAAAAAAQIQBDAAAAAAAABBhAAMAAAAAAABEGMAAAAAAAAAAEQYwAAAAAAAAQIQBDAAAAAAAABBhAAMAAAAAAABEGMAAAAAAAAAAEQYwAAAAAAAAQIQBDAAAAAAAABBhAAMAAAAAAABEGMAAAAAAAAAAEQYwAAAAAAAAQIQBDAAAAAAAABBhAAMAAAAAAABEGMAAAAAAAAAAEQYwAAAAAAAAQIQBDAAAAAAAABBhAAMAAAAAAABEGMAAAAAAAAAAEQYwAAAAAAAAQIQBDAAAAAAAABBhAAMAAAAAAABEGMAAAAAAAAAAEQYwAAAAAAAAQIQBDAAAAAAAABBhAAMAAAAAAABEGMAAAAAAAAAAEQYwAAAAAAAAQIQBDAAAAAAAABBhAAMAAAAAAABEGMAAAAAAAAAAEQYwAAAAAAAAQIQBDAAAAAAAABBhAAMAAAAAAABEGMAAAAAAAAAAEQYwAAAAAAAAQIQBDAAAAAAAABBhAAMAAAAAAABEGMAAAAAAAAAAEQYwAAAAAAAAQIQBDAAAAAAAABBhAAMAAAAAAABEGMAAAAAAAAAAEQYwAAAAAAAAQIQBDAAAAAAAABBhAAMAAAAAAABEGMAAAAAAAAAAEQYwAAAAAAAAQIQBDAAAAAAAABBhAAMAAAAAAABEGMAAAAAAAAAAEQYwAAAAAAAAQIQBDAAAAAAAABBhAAMAAAAAAABEGMAAAAAAAAAAEQYwAAAAAAAAQIQBDAAAAAAAABBhAAMAAAAAAABEGMAAAAAAAAAAEQYwAAAAAAAAQIQBDAAAAAAAABBhAAMAAAAAAABEGMAAAAAAAAAAEQYwAAAAAAAAQIQBDAAAAAAAABBhAAMAAAAAAABEGMAAAAAAAAAAEQYwAAAAAAAAQIQBDAAAAAAAABBhAAMAAAAAAABEGMAAAAAAAAAAEQYwAAAAAAAAQIQBDAAAAAAAABBhAAMAAAAAAABEGMAAAAAAAAAAEQYwAAAAAAAAQIQBDAAAAAAAABBhAAMAAAAAAABEGMAAAAAAAAAAEQYwAAAAAAAAQIQBDAAAAAAAABBhAAMAAAAAAABEGMAAAAAAAAAAEQYwAAAAAAAAQIQBDAAAAAAAABBhAAMAAAAAAABEGMAAAAAAAAAAEQYwAAAAAAAAQIQBDAAAAAAAABBhAAMAAAAAAABEGMAAAAAAAAAAEQYwAAAAAAAAQIQBDAAAAAAAABBhAAMAAAAAAABEGMAAAAAAAAAAEQYwAAAAAAAAQIQBDAAAAAAAABBhAAMAAAAAAABEGMAAAAAAAAAAEQYwAAAAAAAAQIQBDAAAAAAAABBhAAMAAAAAAABEGMAAAAAAAAAAEQYwAAAAAAAAQIQBDAAAAAAAABBhAAMAAAAAAABEGMAAAAAAAAAAEQYwAAAAAAAAQIQBDAAAAAAAABBhAAMAAAAAAABEGMAAAAAAAAAAEQYwAAAAAAAAQIQBDAAAAAAAABBhAAMAAAAAAABEGMAAAAAAAAAAEQYwAAAAAAAAQIQBDAAAAAAAABBhAAMAAAAAAABEGMAAAAAAAAAAEQYwAAAAAAAAQIQBDAAAAAAAABBhAAMAAAAAAABEGMAAAAAAAAAAEQYwAAAAAAAAQIQBDAAAAAAAABBhAAMAAAAAAABEGMAAAAAAAAAAEQYwAAAAAAAAQIQBDAAAAAAAABBhAAMAAAAAAABEGMAAAAAAAAAAEQYwAAAAAAAAQIQBDAAAAAAAABBhAAMAAAAAAABEGMAAAAAAAAAAEQYwAAAAAAAAQIQBDAAAAAAAABBhAAMAAAAAAABEGMAAAAAAAAAAEQYwAAAAAAAAQIQBDAAAAAAAABBhAAMAAAAAAABEGMAAAAAAAAAAEQYwAAAAAAAAQIQBDAAAAAAAABBhAAMAAAAAAABEGMAAAAAAAAAAEQYwAAAAAAAAQIQBDAAAAAAAABBhAAMAAAAAAABEGMAAAAAAAAAAEQYwAAAAAAAAQIQBDAAAAAAAABBhAAMAAAAAAABEGMAAAAAAAAAAEQYwAAAAAAAAQIQBDAAAAAAAABBhAAMAAAAAAABEGMAAAAAAAAAAEQYwAAAAAAAAQIQBDAAAAAAAABBhAAMAAAAAAABEGMAAAAAAAAAAEQYwAAAAAAAAQIQBDAAAAAAAABBhAAMAAAAAAABEGMAAAAAAAAAAEQYwAAAAAAAAQIQBDAAAAAAAABBhAAMAAAAAAABEGMAAAAAAAAAAEQYwAAAAAAAAQIQBDAAAAAAAABBhAAMAAAAAAABEGMAAAAAAAAAAEQYwAAAAAAAAQIQBDAAAAAAAABBhAAMAAAAAAABEGMAAAAAAAAAAEQYwAAAAAAAAQIQBDAAAAAAAABBhAAMAAAAAAABEGMAAAAAAAAAAEQYwAAAAAAAAQIQBDAAAAAAAABBhAAMAAAAAAABEGMAAAAAAAAAAEQYwAAAAAAAAQIQBDAAAAAAAABBhAAMAAAAAAABEGMAAAAAAAAAAEQYwAAAAAAAAQIQBDAAAAAAAABBhAAMAAAAAAABEGMAAAAAAAAAAEQYwAAAAAAAAQIQBDAAAAAAAABBhAAMAAAAAAABEGMAAAAAAAAAAEQYwAAAAAAAAQIQBDAAAAAAAABBhAAMAAAAAAABEGMAAAAAAAAAAEQYwAAAAAAAAQIQBDAAAAAAAABBhAAMAAAAAAABEGMAAAAAAAAAAEQYwAAAAAAAAQIQBDAAAAAAAABBhAAMAAAAAAABEGMAAAAAAAAAAEQYwAAAAAAAAQIQBDAAAAAAAABBhAAMAAAAAAABEGMAAAAAAAAAAEQYwAAAAAAAAQIQBDAAAAAAAABBhAAMAAAAAAABEGMAAAAAAAAAAEQYwAAAAAAAAQIQBDAAAAAAAABBhAAMAAAAAAABEGMAAAAAAAAAAEQYwAAAAAAAAQIQBDAAAAAAAABBhAAMAAAAAAABEGMAAAAAAAAAAEQYwAAAAAAAAQIQBDAAAAAAAABBhAAMAAAAAAABEGMAAAAAAAAAAEQYwAAAAAAAAQIQBDAAAAAAAABBhAAMAAAAAAABEGMAAAAAAAAAAEQYwAAAAAAAAQIQBDAAAAAAAABBhAAMAAAAAAABEGMAAAAAAAAAAEQYwAAAAAAAAQIQBDAAAAAAAABBhAAMAAAAAAABEGMAAAAAAAAAAEQYwAAAAAAAAQIQBDAAAAAAAABBhAAMAAAAAAABEGMAAAAAAAAAAEQYwAAAAAAAAQIQBDAAAAAAAABBhAAMAAAAAAABEGMAAAAAAAAAAEQYwAAAAAAAAQIQBDAAAAAAAABBhAAMAAAAAAABEGMAAAAAAAAAAEQYwAAAAAAAAQIQBDAAAAAAAABBhAAMAAAAAAABEGMAAAAAAAAAAEQYwAAAAAAAAQIQBDAAAAAAAABBhAAMAAAAAAABEGMAAAAAAAAAAEQYwAAAAAAAAQIQBDAAAAAAAABBhAAMAAAAAAABEGMAAAAAAAAAAEQYwAAAAAAAAQIQBDAAAAAAAABBhAAMAAAAAAABEGMAAAAAAAAAAEQYwAAAAAAAAQIQBDAAAAAAAABBhAAMAAAAAAABEGMAAAAAAAAAAEQYwAAAAAAAAQIQBDAAAAAAAABBhAAMAAAAAAABEGMAAAAAAAAAAEQYwAAAAAAAAQIQBDAAAAAAAABBhAAMAAAAAAABEGMAAAAAAAAAAEQYwAAAAAAAAQIQBDAAAAAAAABBhAAMAAAAAAABEGMAAAAAAAAAAEQYwAAAAAAAAQIQBDAAAAAAAABBhAAMAAAAAAABEGMAAAAAAAAAAEQYwAAAAAAAAQIQBDAAAAAAAABBhAAMAAAAAAABEGMAAAAAAAAAAEQYwAAAAAAAAQIQBDAAAAAAAABBhAAMAAAAAAABEGMAAAAAAAAAAEQYwAAAAAAAAQIQBDAAAAAAAABBhAAMAAAAAAABEGMAAAAAAAAAAEQYwAAAAAAAAQIQBDAAAAAAAABBhAAMAAAAAAABEGMAAAAAAAAAAEQYwAAAAAAAAQIQBDAAAAAAAABBhAAMAAAAAAABEGMAAAAAAAAAAEQYwAAAAAAAAQIQBDAAAAAAAABBhAAMAAAAAAABEGMAAAAAAAAAAEQYwAAAAAAAAQIQBDAAAAAAAABBhAAMAAAAAAABEGMAAAAAAAAAAEQYwAAAAAAAAQIQBDAAAAAAAABBhAAMAAAAAAABEGMAAAAAAAAAAEQYwAAAAAAAAQIQBDAAAAAAAABBhAAMAAAAAAABEGMAAAAAAAAAAEQYwAAAAAAAAQIQBDAAAAAAAABBhAAMAAAAAAABEGMAAAAAAAAAAEQYwAAAAAAAAQIQBDAAAAAAAABBhAAMAAAAAAABEGMAAAAAAAAAAEQYwAAAAAAAAQIQBDAAAAAAAABBhAAMAAAAAAABEGMAAAAAAAAAAEQYwAAAAAAAAQIQBDAAAAAAAABBhAAMAAAAAAABEGMAAAAAAAAAAEQYwAAAAAAAAQIQBDAAAAAAAABBhAAMAAAAAAABEGMAAAAAAAAAAEQYwAAAAAAAAQIQBDAAAAAAAABBhAAMAAAAAAABEGMAAAAAAAAAAEQYwAAAAAAAAQIQBDAAAAAAAABBhAAMAAAAAAABEGMAAAAAAAAAAEQYwAAAAAAAAQIQBDAAAAAAAABBhAAMAAAAAAABEGMAAAAAAAAAAEQYwAAAAAAAAQIQBDAAAAAAAABBhAAMAAAAAAABEGMAAAAAAAAAAEQYwAAAAAAAAQIQBDAAAAAAAABBhAAMAAAAAAABEGMAAAAAAAAAAEQYwAAAAAAAAQIQBDAAAAAAAABBhAAMAAAAAAABEGMAAAAAAAAAAEQYwAAAAAAAAQIQBDAAAAAAAABBhAAMAAAAAAABEGMAAAAAAAAAAEQYwAAAAAAAAQIQBDAAAAAAAABBhAAMAAAAAAABEGMAAAAAAAAAAEQYwAAAAAAAAQIQBDAAAAAAAABBhAAMAAAAAAABEGMAAAAAAAAAAEQYwAAAAAAAAQIQBDAAAAAAAABBhAAMAAAAAAABEGMAAAAAAAAAAEQYwAAAAAAAAQIQBDAAAAAAAABBhAAMAAAAAAABEGMAAAAAAAAAAEQYwAAAAAAAAQIQBDAAAAAAAABBhAAMAAAAAAABEGMAAAAAAAAAAEQYwAAAAAAAAQIQBDAAAAAAAABBhAAMAAAAAAABEGMAAAAAAAAAAEQYwAAAAAAAAQIQBDAAAAAAAABBhAAMAAAAAAABEGMAAAAAAAAAAEQYwAAAAAAAAQIQBDAAAAAAAABBhAAMAAAAAAABEGMAAAAAAAAAAEQYwAAAAAAAAQIQBDAAAAAAAABBhAAMAAAAAAABEGMAAAAAAAAAAEQYwAAAAAAAAQIQBDAAAAAAAABBhAAMAAAAAAABEGMAAAAAAAAAAEQYwAAAAAAAAQIQBDAAAAAAAABBhAAMAAAAAAABEGMAAAAAAAAAAEQYwAAAAAAAAQIQBDAAAAAAAABBhAAMAAAAAAABEGMAAAAAAAAAAEQYwAAAAAAAAQIQBDAAAAAAAABBhAAMAAAAAAABEGMAAAAAAAAAAEQYwAAAAAAAAQIQBDAAAAAAAABBhAAMAAAAAAABEGMAAAAAAAAAAEQYwAAAAAAAAQIQBDAAAAAAAABBhAAMAAAAAAABEGMAAAAAAAAC7PTuQAQAAABjkb32PrzQCmBDAAAAAAAAAABMCGAAAAAAAAGBCAAMAAAAAAABMCGAAAAAAAACACQEMAAAAAAAAMCGAAQAAAAAAACYEMAAAAAAAAMCEAAYAAAAAAACYEMAAAAAAAAAAEwIYAAAAAAAAYEIAAwAAAAAAAEwIYAAAAAAAAIAJAQwAAAAAAAAwIYABAAAAAAAAJgQwAAAAAAAAwIQABgAAAAAAAJgQwAAAAAAAAAATAhgAAAAAAABgQgADAAAAAAAATAhgAAAAAAAAgAkBDAAAAAAAADAhgAEAAAAAAAAmBDAAAAAAAADAhAAGAAAAAAAAmBDAAAAAAAAAABMCGAAAAAAAAGBCAAMAAAAAAABMCGAAAAAAAACACQEMAAAAAAAAMCGAAQAAAAAAACYEMAAAAAAAAMCEAAYAAAAAAACYEMAAAAAAAAAAEwIYAAAAAAAAYEIAAwAAAAAAAEwIYAAAAAAAAIAJAQwAAAAAAAAwIYABAAAAAAAAJgQwAAAAAAAAwIQABgAAAAAAAJgQwAAAAAAAAAATAhgAAAAAAABgQgADAAAAAAAATAhgAAAAAAAAgAkBDAAAAAAAADAhgAEAAAAAAAAmBDAAAAAAAADAhAAGAAAAAAAAmBDAAAAAAAAAABMCGAAAAAAAAGBCAAMAAAAAAABMCGAAAAAAAACACQEMAAAAAAAAMCGAAQAAAAAAACYEMAAAAAAAAMCEAAYAAAAAAACYEMAAAAAAAAAAEwIYAAAAAAAAYEIAAwAAAAAAAEwIYAAAAAAAAIAJAQwAAAAAAAAwIYABAAAAAAAAJgQwAAAAAAAAwIQABgAAAAAAAJgQwAAAAAAAAAATAhgAAAAAAABgQgADAAAAAAAATAhgAAAAAAAAgAkBDAAAAAAAADAhgAEAAAAAAAAmBDAAAAAAAADAhAAGAAAAAAAAmBDAAAAAAAAAABMCGAAAAAAAAGBCAAMAAAAAAABMCGAAAAAAAACACQEMAAAAAAAAMCGAAQAAAAAAACYEMAAAAAAAAMCEAAYAAAAAAACYEMAAAAAAAAAAEwIYAAAAAAAAYEIAAwAAAAAAAEwIYAAAAAAAAIAJAQwAAAAAAAAwIYABAAAAAAAAJgQwAAAAAAAAwIQABgAAAAAAAJgQwAAAAAAAAAATAhgAAAAAAABgQgADAAAAAAAATAhgAAAAAAAAgAkBDAAAAAAAADAhgAEAAAAAAAAmBDAAAAAAAADAhAAGAAAAAAAAmBDAAAAAAAAAABMCGAAAAAAAAGBCAAMAAAAAAABMCGAAAAAAAACACQEMAAAAAAAAMCGAAQAAAAAAACYEMAAAAAAAAMCEAAYAAAAAAACYEMAAAAAAAAAAEwIYAAAAAAAAYEIAAwAAAAAAAEwIYAAAAAAAAIAJAQwAAAAAAAAwIYABAAAAAAAAJgQwAAAAAAAAwIQABgAAAAAAAJgQwAAAAAAAAAATAhgAAAAAAABgQgADAAAAAAAATAhgAAAAAAAAgAkBDAAAAAAAADAhgAEAAAAAAAAmBDAAAAAAAADAhAAGAAAAAAAAmBDAAAAAAAAAABMCGAAAAAAAAGBCAAMAAAAAAABMCGAAAAAAAACACQEMAAAAAAAAMCGAAQAAAAAAACYEMAAAAAAAAMCEAAYAAAAAAACYEMAAAAAAAAAAEwIYAAAAAAAAYEIAAwAAAAAAAEwIYAAAAAAAAIAJAQwAAAAAAAAwIYABAAAAAAAAJgQwAAAAAAAAwIQABgAAAAAAAJgQwAAAAAAAAAATAhgAAAAAAABgQgADAAAAAAAATAhgAAAAAAAAgAkBDAAAAAAAADAhgAEAAAAAAAAmBDAAAAAAAADAhAAGAAAAAAAAmBDAAAAAAAAAABMCGAAAAAAAAGBCAAMAAAAAAABMCGAAAAAAAACACQEMAAAAAAAAMCGAAQAAAAAAACYEMAAAAAAAAMCEAAYAAAAAAACYEMAAAAAAAAAAEwIYAAAAAAAAYEIAAwAAAAAAAEwIYAAAAAAAAIAJAQwAAAAAAAAwIYABAAAAAAAAJgQwAAAAAAAAwIQABgAAAAAAAJgQwAAAAAAAAAATAhgAAAAAAABgQgADAAAAAAAATAhgAAAAAAAAgAkBDAAAAAAAADAhgAEAAAAAAAAmBDAAAAAAAADAhAAGAAAAAAAAmBDAAAAAAAAAABMCGAAAAAAAAGBCAAMAAAAAAABMCGAAAAAAAACACQEMAAAAAAAAMCGAAQAAAAAAACYEMAAAAAAAAMCEAAYAAAAAAACYEMAAAAAAAAAAEwIYAAAAAAAAYEIAAwAAAAAAAEwIYAAAAAAAAIAJAQwAAAAAAAAwIYABAAAAAAAAJgQwAAAAAAAAwIQABgAAAAAAAJgQwAAAAAAAAAATAhgAAAAAAABgQgADAAAAAAAATAhgAAAAAAAAgAkBDAAAAAAAADAhgAEAAAAAAAAmBDAAAAAAAADAhAAGAAAAAAAAmBDAAAAAAAAAABMCGAAAAAAAAGBCAAMAAAAAAABMCGAAAAAAAACACQEMAAAAAAAAMCGAAQAAAAAAACYEMAAAAAAAAMCEAAYAAAAAAACYEMAAAAAAAAAAEwIYAAAAAAAAYEIAAwAAAAAAAEwIYAAAAAAAAIAJAQwAAAAAAAAwIYABAAAAAAAAJgQwAAAAAAAAwIQABgAAAAAAAJgQwAAAAAAAAAATAhgAAAAAAABgQgADAAAAAAAATAhgAAAAAAAAgAkBDAAAAAAAADAhgAEAAAAAAAAmBDAAAAAAAADAhAAGAAAAAAAAmBDAAAAAAAAAABMCGAAAAAAAAGBCAAMAAAAAAABMCGAAAAAAAACACQEMAAAAAAAAMCGAAQAAAAAAACYEMAAAAAAAAMCEAAYAAAAAAACYEMAAAAAAAAAAEwIYAAAAAAAAYEIAAwAAAAAAAEwIYAAAAAAAAIAJAQwAAAAAAAAwIYABAAAAAAAAJgQwAAAAAAAAwIQABgAAAAAAAJgQwAAAAAAAAAATAhgAAAAAAABgQgADAAAAAAAATAhgAAAAAAAAgAkBDAAAAAAAADAhgAEAAAAAAAAmBDAAAAAAAADAhAAGAAAAAAAAmBDAAAAAAAAAABMCGAAAAAAAAGBCAAMAAAAAAABMCGAAAAAAAACACQEMAAAAAAAAMCGAAQAAAAAAACYEMAAAAAAAAMCEAAYAAAAAAACYEMAAAAAAAAAAEwIYAAAAAAAAYEIAAwAAAAAAAEwIYAAAAAAAAIAJAQwAAAAAAAAwIYABAAAAAAAAJgQwAAAAAAAAwIQABgAAAAAAAJgQwAAAAAAAAAATAhgAAAAAAABgQgADAAAAAAAATAhgAAAAAAAAgAkBDAAAAAAAADAhgAEAAAAAAAAmBDAAAAAAAADAhAAGAAAAAAAAmBDAAAAAAAAAABMCGAAAAAAAAGBCAAMAAAAAAABMCGAAAAAAAACACQEMAAAAAAAAMCGAAQAAAAAAACYEMAAAAAAAAMCEAAYAAAAAAACYEMAAAAAAAAAAEwIYAAAAAAAAYEIAAwAAAAAAAEwIYAAAAAAAAIAJAQwAAAAAAAAwIYABAAAAAAAAJgQwAAAAAAAAwIQABgAAAAAAAJgQwAAAAAAAAAATAhgAAAAAAABgQgADAAAAAAAATAhgAAAAAAAAgAkBDAAAAAAAADAhgAEAAAAAAAAmBDAAAAAAAADAhAAGAAAAAAAAmBDAAAAAAAAAABMCGAAAAAAAAGBCAAMAAAAAAABMCGAAAAAAAACACQEMAAAAAAAAMCGAAQAAAABHryE/AAADaklEQVQAACYEMAAAAAAAAMCEAAYAAAAAAACYEMAAAAAAAAAAEwIYAAAAAAAAYEIAAwAAAAAAAEwIYAAAAAAAAIAJAQwAAAAAAAAwIYABAAAAAAAAJgQwAAAAAAAAwIQABgAAAAAAAJgQwAAAAAAAAAATAhgAAAAAAABgQgADAAAAAAAATAhgAAAAAAAAgAkBDAAAAAAAADAhgAEAAAAAAAAmBDAAAAAAAADAhAAGAAAAAAAAmBDAAAAAAAAAABMCGAAAAAAAAGBCAAMAAAAAAABMCGAAAAAAAACACQEMAAAAAAAAMCGAAQAAAAAAACYEMAAAAAAAAMCEAAYAAAAAAACYEMAAAAAAAAAAEwIYAAAAAAAAYEIAAwAAAAAAAEwIYAAAAAAAAIAJAQwAAAAAAAAwIYABAAAAAAAAJgQwAAAAAAAAwIQABgAAAAAAAJgQwAAAAAAAAAATAhgAAAAAAABgQgADAAAAAAAATAhgAAAAAAAAgAkBDAAAAAAAADAhgAEAAAAAAAAmBDAAAAAAAADAhAAGAAAAAAAAmBDAAAAAAAAAABMCGAAAAAAAAGBCAAMAAAAAAABMCGAAAAAAAACACQEMAAAAAAAAMCGAAQAAAAAAACYEMAAAAAAAAMCEAAYAAAAAAACYEMAAAAAAAAAAEwIYAAAAAAAAYEIAAwAAAAAAAEwIYAAAAAAAAIAJAQwAAAAAAAAwIYABAAAAAAAAJgQwAAAAAAAAwIQABgAAAAAAAJgQwAAAAAAAAAATAhgAAAAAAABgQgADAAAAAAAATAhgAAAAAAAAgAkBDAAAAAAAADAhgAEAAAAAAAAmBDAAAAAAAADAhAAGAAAAAAAAmBDAAAAAAAAAABMCGAAAAAAAAGBCAAMAAAAAAABMCGAAAAAAAACACQEMAAAAAAAAMCGAAQAAAAAAACYEMAAAAAAAAMCEAAYAAAAAAACYEMAAAAAAAAAAEwIYAAAAAAAAYEIAAwAAAAAAAEwIYAAAAAAAAIAJAQwAAAAAAAAwIYABAAAAAAAAJgQwAAAAAAAAwIQABgAAAAAAAJgQwAAAAAAAAAATAhgAAAAAAABgQgADAAAAAAAATAhgAAAAAAAAgAkBDAAAAAAAADAhgAEAAAAAAAAmBDAAAAAAAADAhAAGAAAAAAAAmAjYyAtAlXfoYQAAAABJRU5ErkJggg==' height='250' width='300'/> ]]>
  </system-out>
  <testcase classname="com.tribu.qaselenium.tests.negative.TestThreads" name="test1" time="1.135"/>
  <system-out>
    <![CDATA[ <img src='data:image/png;base64,iVBORw0KGgoAAAANSUhEUgAAB4AAAAOiCAYAAACRicroAAAAAXNSR0IArs4c6QAAIABJREFUeJzs2cENwCAQwLDS/Xc+lkBCRPYE+WfNzHwAAAAAAAAAPO+/HQAAAAAAAADAGQYwAAAAAAAAQIQBDAAAAAAAABBhAAMAAAAAAABEGMAAAAAAAAAAEQYwAAAAAAAAQIQBDAAAAAAAABBhAAMAAAAAAABEGMAAAAAAAAAAEQYwAAAAAAAAQIQBDAAAAAAAABBhAAMAAAAAAABEGMAAAAAAAAAAEQYwAAAAAAAAQIQBDAAAAAAAABBhAAMAAAAAAABEGMAAAAAAAAAAEQYwAAAAAAAAQIQBDAAAAAAAABBhAAMAAAAAAABEGMAAAAAAAAAAEQYwAAAAAAAAQIQBDAAAAAAAABBhAAMAAAAAAABEGMAAAAAAAAAAEQYwAAAAAAAAQIQBDAAAAAAAABBhAAMAAAAAAABEGMAAAAAAAAAAEQYwAAAAAAAAQIQBDAAAAAAAABBhAAMAAAAAAABEGMAAAAAAAAAAEQYwAAAAAAAAQIQBDAAAAAAAABBhAAMAAAAAAABEGMAAAAAAAAAAEQYwAAAAAAAAQIQBDAAAAAAAABBhAAMAAAAAAABEGMAAAAAAAAAAEQYwAAAAAAAAQIQBDAAAAAAAABBhAAMAAAAAAABEGMAAAAAAAAAAEQYwAAAAAAAAQIQBDAAAAAAAABBhAAMAAAAAAABEGMAAAAAAAAAAEQYwAAAAAAAAQIQBDAAAAAAAABBhAAMAAAAAAABEGMAAAAAAAAAAEQYwAAAAAAAAQIQBDAAAAAAAABBhAAMAAAAAAABEGMAAAAAAAAAAEQYwAAAAAAAAQIQBDAAAAAAAABBhAAMAAAAAAABEGMAAAAAAAAAAEQYwAAAAAAAAQIQBDAAAAAAAABBhAAMAAAAAAABEGMAAAAAAAAAAEQYwAAAAAAAAQIQBDAAAAAAAABBhAAMAAAAAAABEGMAAAAAAAAAAEQYwAAAAAAAAQIQBDAAAAAAAABBhAAMAAAAAAABEGMAAAAAAAAAAEQYwAAAAAAAAQIQBDAAAAAAAABBhAAMAAAAAAABEGMAAAAAAAAAAEQYwAAAAAAAAQIQBDAAAAAAAABBhAAMAAAAAAABEGMAAAAAAAAAAEQYwAAAAAAAAQIQBDAAAAAAAABBhAAMAAAAAAABEGMAAAAAAAAAAEQYwAAAAAAAAQIQBDAAAAAAAABBhAAMAAAAAAABEGMAAAAAAAAAAEQYwAAAAAAAAQIQBDAAAAAAAABBhAAMAAAAAAABEGMAAAAAAAAAAEQYwAAAAAAAAQIQBDAAAAAAAABBhAAMAAAAAAABEGMAAAAAAAAAAEQYwAAAAAAAAQIQBDAAAAAAAABBhAAMAAAAAAABEGMAAAAAAAAAAEQYwAAAAAAAAQIQBDAAAAAAAABBhAAMAAAAAAABEGMAAAAAAAAAAEQYwAAAAAAAAQIQBDAAAAAAAABBhAAMAAAAAAABEGMAAAAAAAAAAEQYwAAAAAAAAQIQBDAAAAAAAABBhAAMAAAAAAABEGMAAAAAAAAAAEQYwAAAAAAAAQIQBDAAAAAAAABBhAAMAAAAAAABEGMAAAAAAAAAAEQYwAAAAAAAAQIQBDAAAAAAAABBhAAMAAAAAAABEGMAAAAAAAAAAEQYwAAAAAAAAQIQBDAAAAAAAABBhAAMAAAAAAABEGMAAAAAAAAAAEQYwAAAAAAAAQIQBDAAAAAAAABBhAAMAAAAAAABEGMAAAAAAAAAAEQYwAAAAAAAAQIQBDAAAAAAAABBhAAMAAAAAAABEGMAAAAAAAAAAEQYwAAAAAAAAQIQBDAAAAAAAABBhAAMAAAAAAABEGMAAAAAAAAAAEQYwAAAAAAAAQIQBDAAAAAAAABBhAAMAAAAAAABEGMAAAAAAAAAAEQYwAAAAAAAAQIQBDAAAAAAAABBhAAMAAAAAAABEGMAAAAAAAAAAEQYwAAAAAAAAQIQBDAAAAAAAABBhAAMAAAAAAABEGMAAAAAAAAAAEQYwAAAAAAAAQIQBDAAAAAAAABBhAAMAAAAAAABEGMAAAAAAAAAAEQYwAAAAAAAAQIQBDAAAAAAAABBhAAMAAAAAAABEGMAAAAAAAAAAEQYwAAAAAAAAQIQBDAAAAAAAABBhAAMAAAAAAABEGMAAAAAAAAAAEQYwAAAAAAAAQIQBDAAAAAAAABBhAAMAAAAAAABEGMAAAAAAAAAAEQYwAAAAAAAAQIQBDAAAAAAAABBhAAMAAAAAAABEGMAAAAAAAAAAEQYwAAAAAAAAQIQBDAAAAAAAABBhAAMAAAAAAABEGMAAAAAAAAAAEQYwAAAAAAAAQIQBDAAAAAAAABBhAAMAAAAAAABEGMAAAAAAAAAAEQYwAAAAAAAAQIQBDAAAAAAAABBhAAMAAAAAAABEGMAAAAAAAAAAEQYwAAAAAAAAQIQBDAAAAAAAABBhAAMAAAAAAABEGMAAAAAAAAAAEQYwAAAAAAAAQIQBDAAAAAAAABBhAAMAAAAAAABEGMAAAAAAAAAAEQYwAAAAAAAAQIQBDAAAAAAAABBhAAMAAAAAAABEGMAAAAAAAAAAEQYwAAAAAAAAQIQBDAAAAAAAABBhAAMAAAAAAABEGMAAAAAAAAAAEQYwAAAAAAAAQIQBDAAAAAAAABBhAAMAAAAAAABEGMAAAAAAAAAAEQYwAAAAAAAAQIQBDAAAAAAAABBhAAMAAAAAAABEGMAAAAAAAAAAEQYwAAAAAAAAQIQBDAAAAAAAABBhAAMAAAAAAABEGMAAAAAAAAAAEQYwAAAAAAAAQIQBDAAAAAAAABBhAAMAAAAAAABEGMAAAAAAAAAAEQYwAAAAAAAAQIQBDAAAAAAAABBhAAMAAAAAAABEGMAAAAAAAAAAEQYwAAAAAAAAQIQBDAAAAAAAABBhAAMAAAAAAABEGMAAAAAAAAAAEQYwAAAAAAAAQIQBDAAAAAAAABBhAAMAAAAAAABEGMAAAAAAAAAAEQYwAAAAAAAAQIQBDAAAAAAAABBhAAMAAAAAAABEGMAAAAAAAAAAEQYwAAAAAAAAQIQBDAAAAAAAABBhAAMAAAAAAABEGMAAAAAAAAAAEQYwAAAAAAAAQIQBDAAAAAAAABBhAAMAAAAAAABEGMAAAAAAAAAAEQYwAAAAAAAAQIQBDAAAAAAAABBhAAMAAAAAAABEGMAAAAAAAAAAEQYwAAAAAAAAQIQBDAAAAAAAABBhAAMAAAAAAABEGMAAAAAAAAAAEQYwAAAAAAAAQIQBDAAAAAAAABBhAAMAAAAAAABEGMAAAAAAAAAAEQYwAAAAAAAAQIQBDAAAAAAAABBhAAMAAAAAAABEGMAAAAAAAAAAEQYwAAAAAAAAQIQBDAAAAAAAABBhAAMAAAAAAABEGMAAAAAAAAAAEQYwAAAAAAAAQIQBDAAAAAAAABBhAAMAAAAAAABEGMAAAAAAAAAAEQYwAAAAAAAAQIQBDAAAAAAAABBhAAMAAAAAAABEGMAAAAAAAAAAEQYwAAAAAAAAQIQBDAAAAAAAABBhAAMAAAAAAABEGMAAAAAAAAAAEQYwAAAAAAAAQIQBDAAAAAAAABBhAAMAAAAAAABEGMAAAAAAAAAAEQYwAAAAAAAAQIQBDAAAAAAAABBhAAMAAAAAAABEGMAAAAAAAAAAEQYwAAAAAAAAQIQBDAAAAAAAABBhAAMAAAAAAABEGMAAAAAAAAAAEQYwAAAAAAAAQIQBDAAAAAAAABBhAAMAAAAAAABEGMAAAAAAAAAAEQYwAAAAAAAAQIQBDAAAAAAAABBhAAMAAAAAAABEGMAAAAAAAAAAEQYwAAAAAAAAQIQBDAAAAAAAABBhAAMAAAAAAABEGMAAAAAAAAAAEQYwAAAAAAAAQIQBDAAAAAAAABBhAAMAAAAAAABEGMAAAAAAAAAAEQYwAAAAAAAAQIQBDAAAAAAAABBhAAMAAAAAAABEGMAAAAAAAAAAEQYwAAAAAAAAQIQBDAAAAAAAABBhAAMAAAAAAABEGMAAAAAAAAAAEQYwAAAAAAAAQIQBDAAAAAAAABBhAAMAAAAAAABEGMAAAAAAAAAAEQYwAAAAAAAAQIQBDAAAAAAAABBhAAMAAAAAAABEGMAAAAAAAAAAEQYwAAAAAAAAQIQBDAAAAAAAABBhAAMAAAAAAABEGMAAAAAAAAAAEQYwAAAAAAAAQIQBDAAAAAAAABBhAAMAAAAAAABEGMAAAAAAAAAAEQYwAAAAAAAAQIQBDAAAAAAAABBhAAMAAAAAAABEGMAAAAAAAAAAEQYwAAAAAAAAQIQBDAAAAAAAABBhAAMAAAAAAABEGMAAAAAAAAAAEQYwAAAAAAAAQIQBDAAAAAAAABBhAAMAAAAAAABEGMAAAAAAAAAAEQYwAAAAAAAAQIQBDAAAAAAAABBhAAMAAAAAAABEGMAAAAAAAAAAEQYwAAAAAAAAQIQBDAAAAAAAABBhAAMAAAAAAABEGMAAAAAAAAAAEQYwAAAAAAAAQIQBDAAAAAAAABBhAAMAAAAAAABEGMAAAAAAAAAAEQYwAAAAAAAAQIQBDAAAAAAAABBhAAMAAAAAAABEGMAAAAAAAAAAEQYwAAAAAAAAQIQBDAAAAAAAABBhAAMAAAAAAABEGMAAAAAAAAAAEQYwAAAAAAAAQIQBDAAAAAAAABBhAAMAAAAAAABEGMAAAAAAAAAAEQYwAAAAAAAAQIQBDAAAAAAAABBhAAMAAAAAAABEGMAAAAAAAAAAEQYwAAAAAAAAQIQBDAAAAAAAABBhAAMAAAAAAABEGMAAAAAAAAAAEQYwAAAAAAAAQIQBDAAAAAAAABBhAAMAAAAAAABEGMAAAAAAAAAAEQYwAAAAAAAAQIQBDAAAAAAAABBhAAMAAAAAAABEGMAAAAAAAAAAEQYwAAAAAAAAQIQBDAAAAAAAABBhAAMAAAAAAABEGMAAAAAAAAAAEQYwAAAAAAAAQIQBDAAAAAAAABBhAAMAAAAAAABEGMAAAAAAAAAAEQYwAAAAAAAAQIQBDAAAAAAAABBhAAMAAAAAAABEGMAAAAAAAAAAEQYwAAAAAAAAQIQBDAAAAAAAABBhAAMAAAAAAABEGMAAAAAAAAAAEQYwAAAAAAAAQIQBDAAAAAAAABBhAAMAAAAAAABEGMAAAAAAAAAAEQYwAAAAAAAAQIQBDAAAAAAAABBhAAMAAAAAAABEGMAAAAAAAAAAEQYwAAAAAAAAQIQBDAAAAAAAABBhAAMAAAAAAABEGMAAAAAAAAAAEQYwAAAAAAAAQIQBDAAAAAAAABBhAAMAAAAAAABEGMAAAAAAAAAAEQYwAAAAAAAAQIQBDAAAAAAAABBhAAMAAAAAAABEGMAAAAAAAAAAEQYwAAAAAAAAQIQBDAAAAAAAABBhAAMAAAAAAABEGMAAAAAAAAAAEQYwAAAAAAAAQIQBDAAAAAAAABBhAAMAAAAAAABEGMAAAAAAAAAAEQYwAAAAAAAAQIQBDAAAAAAAABBhAAMAAAAAAABEGMAAAAAAAAAAEQYwAAAAAAAAQIQBDAAAAAAAABBhAAMAAAAAAABEGMAAAAAAAAAAEQYwAAAAAAAAQIQBDAAAAAAAABBhAAMAAAAAAABEGMAAAAAAAAAAEQYwAAAAAAAAQIQBDAAAAAAAABBhAAMAAAAAAABEGMAAAAAAAAAAEQYwAAAAAAAAQIQBDAAAAAAAABBhAAMAAAAAAABEGMAAAAAAAAAAEQYwAAAAAAAAQIQBDAAAAAAAABBhAAMAAAAAAABEGMAAAAAAAAAAEQYwAAAAAAAAQIQBDAAAAAAAABBhAAMAAAAAAABEGMAAAAAAAAAAEQYwAAAAAAAAQIQBDAAAAAAAABBhAAMAAAAAAABEGMAAAAAAAAAAEQYwAAAAAAAAQIQBDAAAAAAAABBhAAMAAAAAAABEGMAAAAAAAAAAEQYwAAAAAAAAQIQBDAAAAAAAABBhAAMAAAAAAABEGMAAAAAAAAAAEQYwAAAAAAAAQIQBDAAAAAAAABBhAAMAAAAAAABEGMAAAAAAAAAAEQYwAAAAAAAAQIQBDAAAAAAAABBhAAMAAAAAAABEGMAAAAAAAAAAEQYwAAAAAAAAQIQBDAAAAAAAABBhAAMAAAAAAABEGMAAAAAAAAAAEQYwAAAAAAAAQIQBDAAAAAAAABBhAAMAAAAAAABEGMAAAAAAAAAAEQYwAAAAAAAAQIQBDAAAAAAAABBhAAMAAAAAAABEGMAAAAAAAAAAEQYwAAAAAAAAQIQBDAAAAAAAABBhAAMAAAAAAABEGMAAAAAAAAAAEQYwAAAAAAAAQIQBDAAAAAAAABBhAAMAAAAAAABEGMAAAAAAAAAAEQYwAAAAAAAAQIQBDAAAAAAAABBhAAMAAAAAAABEGMAAAAAAAAAAEQYwAAAAAAAAQIQBDAAAAAAAABBhAAMAAAAAAABEGMAAAAAAAAAAEQYwAAAAAAAAQIQBDAAAAAAAABBhAAMAAAAAAABEGMAAAAAAAAAAEQYwAAAAAAAAQIQBDAAAAAAAABBhAAMAAAAAAABEGMAAAAAAAAAAEQYwAAAAAAAAQIQBDAAAAAAAABBhAAMAAAAAAABEGMAAAAAAAAAAEQYwAAAAAAAAQIQBDAAAAAAAABBhAAMAAAAAAABEGMAAAAAAAAAAEQYwAAAAAAAAQIQBDAAAAAAAABBhAAMAAAAAAABEGMAAAAAAAAAAEQYwAAAAAAAAQIQBDAAAAAAAABBhAAMAAAAAAABEGMAAAAAAAAAAEQYwAAAAAAAAQIQBDAAAAAAAABBhAAMAAAAAAABEGMAAAAAAAAAAEQYwAAAAAAAAQIQBDAAAAAAAABBhAAMAAAAAAABEGMAAAAAAAAAAEQYwAAAAAAAAQIQBDAAAAAAAABBhAAMAAAAAAABEGMAAAAAAAAAAEQYwAAAAAAAAQIQBDAAAAAAAABBhAAMAAAAAAABEGMAAAAAAAAAAEQYwAAAAAAAAQIQBDAAAAAAAABBhAAMAAAAAAABEGMAAAAAAAAAAEQYwAAAAAAAAQIQBDAAAAAAAABBhAAMAAAAAAABEGMAAAAAAAAAAEQYwAAAAAAAAQIQBDAAAAAAAABBhAAMAAAAAAABEGMAAAAAAAAC7PTuQAQAAABjkb32PrzQCmBDAAAAAAAAAABMCGAAAAAAAAGBCAAMAAAAAAABMCGAAAAAAAACACQEMAAAAAAAAMCGAAQAAAAAAACYEMAAAAAAAAMCEAAYAAAAAAACYEMAAAAAAAAAAEwIYAAAAAAAAYEIAAwAAAAAAAEwIYAAAAAAAAIAJAQwAAAAAAAAwIYABAAAAAAAAJgQwAAAAAAAAwIQABgAAAAAAAJgQwAAAAAAAAAATAhgAAAAAAABgQgADAAAAAAAATAhgAAAAAAAAgAkBDAAAAAAAADAhgAEAAAAAAAAmBDAAAAAAAADAhAAGAAAAAAAAmBDAAAAAAAAAABMCGAAAAAAAAGBCAAMAAAAAAABMCGAAAAAAAACACQEMAAAAAAAAMCGAAQAAAAAAACYEMAAAAAAAAMCEAAYAAAAAAACYEMAAAAAAAAAAEwIYAAAAAAAAYEIAAwAAAAAAAEwIYAAAAAAAAIAJAQwAAAAAAAAwIYABAAAAAAAAJgQwAAAAAAAAwIQABgAAAAAAAJgQwAAAAAAAAAATAhgAAAAAAABgQgADAAAAAAAATAhgAAAAAAAAgAkBDAAAAAAAADAhgAEAAAAAAAAmBDAAAAAAAADAhAAGAAAAAAAAmBDAAAAAAAAAABMCGAAAAAAAAGBCAAMAAAAAAABMCGAAAAAAAACACQEMAAAAAAAAMCGAAQAAAAAAACYEMAAAAAAAAMCEAAYAAAAAAACYEMAAAAAAAAAAEwIYAAAAAAAAYEIAAwAAAAAAAEwIYAAAAAAAAIAJAQwAAAAAAAAwIYABAAAAAAAAJgQwAAAAAAAAwIQABgAAAAAAAJgQwAAAAAAAAAATAhgAAAAAAABgQgADAAAAAAAATAhgAAAAAAAAgAkBDAAAAAAAADAhgAEAAAAAAAAmBDAAAAAAAADAhAAGAAAAAAAAmBDAAAAAAAAAABMCGAAAAAAAAGBCAAMAAAAAAABMCGAAAAAAAACACQEMAAAAAAAAMCGAAQAAAAAAACYEMAAAAAAAAMCEAAYAAAAAAACYEMAAAAAAAAAAEwIYAAAAAAAAYEIAAwAAAAAAAEwIYAAAAAAAAIAJAQwAAAAAAAAwIYABAAAAAAAAJgQwAAAAAAAAwIQABgAAAAAAAJgQwAAAAAAAAAATAhgAAAAAAABgQgADAAAAAAAATAhgAAAAAAAAgAkBDAAAAAAAADAhgAEAAAAAAAAmBDAAAAAAAADAhAAGAAAAAAAAmBDAAAAAAAAAABMCGAAAAAAAAGBCAAMAAAAAAABMCGAAAAAAAACACQEMAAAAAAAAMCGAAQAAAAAAACYEMAAAAAAAAMCEAAYAAAAAAACYEMAAAAAAAAAAEwIYAAAAAAAAYEIAAwAAAAAAAEwIYAAAAAAAAIAJAQwAAAAAAAAwIYABAAAAAAAAJgQwAAAAAAAAwIQABgAAAAAAAJgQwAAAAAAAAAATAhgAAAAAAABgQgADAAAAAAAATAhgAAAAAAAAgAkBDAAAAAAAADAhgAEAAAAAAAAmBDAAAAAAAADAhAAGAAAAAAAAmBDAAAAAAAAAABMCGAAAAAAAAGBCAAMAAAAAAABMCGAAAAAAAACACQEMAAAAAAAAMCGAAQAAAAAAACYEMAAAAAAAAMCEAAYAAAAAAACYEMAAAAAAAAAAEwIYAAAAAAAAYEIAAwAAAAAAAEwIYAAAAAAAAIAJAQwAAAAAAAAwIYABAAAAAAAAJgQwAAAAAAAAwIQABgAAAAAAAJgQwAAAAAAAAAATAhgAAAAAAABgQgADAAAAAAAATAhgAAAAAAAAgAkBDAAAAAAAADAhgAEAAAAAAAAmBDAAAAAAAADAhAAGAAAAAAAAmBDAAAAAAAAAABMCGAAAAAAAAGBCAAMAAAAAAABMCGAAAAAAAACACQEMAAAAAAAAMCGAAQAAAAAAACYEMAAAAAAAAMCEAAYAAAAAAACYEMAAAAAAAAAAEwIYAAAAAAAAYEIAAwAAAAAAAEwIYAAAAAAAAIAJAQwAAAAAAAAwIYABAAAAAAAAJgQwAAAAAAAAwIQABgAAAAAAAJgQwAAAAAAAAAATAhgAAAAAAABgQgADAAAAAAAATAhgAAAAAAAAgAkBDAAAAAAAADAhgAEAAAAAAAAmBDAAAAAAAADAhAAGAAAAAAAAmBDAAAAAAAAAABMCGAAAAAAAAGBCAAMAAAAAAABMCGAAAAAAAACACQEMAAAAAAAAMCGAAQAAAAAAACYEMAAAAAAAAMCEAAYAAAAAAACYEMAAAAAAAAAAEwIYAAAAAAAAYEIAAwAAAAAAAEwIYAAAAAAAAIAJAQwAAAAAAAAwIYABAAAAAAAAJgQwAAAAAAAAwIQABgAAAAAAAJgQwAAAAAAAAAATAhgAAAAAAABgQgADAAAAAAAATAhgAAAAAAAAgAkBDAAAAAAAADAhgAEAAAAAAAAmBDAAAAAAAADAhAAGAAAAAAAAmBDAAAAAAAAAABMCGAAAAAAAAGBCAAMAAAAAAABMCGAAAAAAAACACQEMAAAAAAAAMCGAAQAAAAAAACYEMAAAAAAAAMCEAAYAAAAAAACYEMAAAAAAAAAAEwIYAAAAAAAAYEIAAwAAAAAAAEwIYAAAAAAAAIAJAQwAAAAAAAAwIYABAAAAAAAAJgQwAAAAAAAAwIQABgAAAAAAAJgQwAAAAAAAAAATAhgAAAAAAABgQgADAAAAAAAATAhgAAAAAAAAgAkBDAAAAAAAADAhgAEAAAAAAAAmBDAAAAAAAADAhAAGAAAAAAAAmBDAAAAAAAAAABMCGAAAAAAAAGBCAAMAAAAAAABMCGAAAAAAAACACQEMAAAAAAAAMCGAAQAAAAAAACYEMAAAAAAAAMCEAAYAAAAAAACYEMAAAAAAAAAAEwIYAAAAAAAAYEIAAwAAAAAAAEwIYAAAAAAAAIAJAQwAAAAAAAAwIYABAAAAAAAAJgQwAAAAAAAAwIQABgAAAAAAAJgQwAAAAAAAAAATAhgAAAAAAABgQgADAAAAAAAATAhgAAAAAAAAgAkBDAAAAAAAADAhgAEAAAAAAAAmBDAAAAAAAADAhAAGAAAAAAAAmBDAAAAAAAAAABMCGAAAAAAAAGBCAAMAAAAAAABMCGAAAAAAAACACQEMAAAAAAAAMCGAAQAAAAAAACYEMAAAAAAAAMCEAAYAAAAAAACYEMAAAAAAAAAAEwIYAAAAAAAAYEIAAwAAAAAAAEwIYAAAAAAAAIAJAQwAAAAAAAAwIYABAAAAAAAAJgQwAAAAAAAAwIQABgAAAAAAAJgQwAAAAAAAAAATAhgAAAAAAABgQgADAAAAAAAATAhgAAAAAAAAgAkBDAAAAAAAADAhgAEAAAAAAAAmBDAAAAAAAADAhAAGAAAAAAAAmBDAAAAAAAAAABMCGAAAAAAAAGBCAAMAAAAAAABMCGAAAAAAAACACQEMAAAAAAAAMCGAAQAAAAAAACYEMAAAAAAAAMCEAAYAAAAAAACYEMAAAAAAAAAAEwIYAAAAAAAAYEIAAwAAAAAAAEwIYAAAAAAAAIAJAQwAAAAAAAAwIYABAAAAAAAAJgQwAAAAAAAAwIQABgAAAAAAAJgQwAAAAAAAAAATAhgAAAAAAABgQgADAAAAAAAATAhgAAAAAAAAgAkBDAAAAAAAADAhgAEAAAAAAAAmBDAAAAAAAADAhAAGAAAAAAAAmBDAAAAAAAAAABMCGAAAAAAAAGBCAAMAAAAAAABMCGAAAAAAAACACQEMAAAAAAAAMCGAAQAAAABHryE/AAADaklEQVQAACYEMAAAAAAAAMCEAAYAAAAAAACYEMAAAAAAAAAAEwIYAAAAAAAAYEIAAwAAAAAAAEwIYAAAAAAAAIAJAQwAAAAAAAAwIYABAAAAAAAAJgQwAAAAAAAAwIQABgAAAAAAAJgQwAAAAAAAAAATAhgAAAAAAABgQgADAAAAAAAATAhgAAAAAAAAgAkBDAAAAAAAADAhgAEAAAAAAAAmBDAAAAAAAADAhAAGAAAAAAAAmBDAAAAAAAAAABMCGAAAAAAAAGBCAAMAAAAAAABMCGAAAAAAAACACQEMAAAAAAAAMCGAAQAAAAAAACYEMAAAAAAAAMCEAAYAAAAAAACYEMAAAAAAAAAAEwIYAAAAAAAAYEIAAwAAAAAAAEwIYAAAAAAAAIAJAQwAAAAAAAAwIYABAAAAAAAAJgQwAAAAAAAAwIQABgAAAAAAAJgQwAAAAAAAAAATAhgAAAAAAABgQgADAAAAAAAATAhgAAAAAAAAgAkBDAAAAAAAADAhgAEAAAAAAAAmBDAAAAAAAADAhAAGAAAAAAAAmBDAAAAAAAAAABMCGAAAAAAAAGBCAAMAAAAAAABMCGAAAAAAAACACQEMAAAAAAAAMCGAAQAAAAAAACYEMAAAAAAAAMCEAAYAAAAAAACYEMAAAAAAAAAAEwIYAAAAAAAAYEIAAwAAAAAAAEwIYAAAAAAAAIAJAQwAAAAAAAAwIYABAAAAAAAAJgQwAAAAAAAAwIQABgAAAAAAAJgQwAAAAAAAAAATAhgAAAAAAABgQgADAAAAAAAATAhgAAAAAAAAgAkBDAAAAAAAADAhgAEAAAAAAAAmBDAAAAAAAADAhAAGAAAAAAAAmBDAAAAAAAAAABMCGAAAAAAAAGBCAAMAAAAAAABMCGAAAAAAAACACQEMAAAAAAAAMCGAAQAAAAAAACYEMAAAAAAAAMCEAAYAAAAAAACYEMAAAAAAAAAAEwIYAAAAAAAAYEIAAwAAAAAAAEwIYAAAAAAAAIAJAQwAAAAAAAAwIYABAAAAAAAAJgQwAAAAAAAAwIQABgAAAAAAAJgQwAAAAAAAAAATAhgAAAAAAABgQgADAAAAAAAATAhgAAAAAAAAgAkBDAAAAAAAADAhgAEAAAAAAAAmBDAAAAAAAADAhAAGAAAAAAAAmAjYyAtAlXfoYQAAAABJRU5ErkJggg==' height='250' width='300'/> ]]>
  </system-out>
  <testcase classname="com.tribu.qaselenium.tests.negative.TestThreads" name="test1" time="2.512"/>
  <system-out>
    <![CDATA[ <img src='data:image/png;base64,iVBORw0KGgoAAAANSUhEUgAAB4AAAAOiCAYAAACRicroAAAAAXNSR0IArs4c6QAAIABJREFUeJzs2cENwCAQwLDS/Xc+lkBCRPYE+WfNzHwAAAAAAAAAPO+/HQAAAAAAAADAGQYwAAAAAAAAQIQBDAAAAAAAABBhAAMAAAAAAABEGMAAAAAAAAAAEQYwAAAAAAAAQIQBDAAAAAAAABBhAAMAAAAAAABEGMAAAAAAAAAAEQYwAAAAAAAAQIQBDAAAAAAAABBhAAMAAAAAAABEGMAAAAAAAAAAEQYwAAAAAAAAQIQBDAAAAAAAABBhAAMAAAAAAABEGMAAAAAAAAAAEQYwAAAAAAAAQIQBDAAAAAAAABBhAAMAAAAAAABEGMAAAAAAAAAAEQYwAAAAAAAAQIQBDAAAAAAAABBhAAMAAAAAAABEGMAAAAAAAAAAEQYwAAAAAAAAQIQBDAAAAAAAABBhAAMAAAAAAABEGMAAAAAAAAAAEQYwAAAAAAAAQIQBDAAAAAAAABBhAAMAAAAAAABEGMAAAAAAAAAAEQYwAAAAAAAAQIQBDAAAAAAAABBhAAMAAAAAAABEGMAAAAAAAAAAEQYwAAAAAAAAQIQBDAAAAAAAABBhAAMAAAAAAABEGMAAAAAAAAAAEQYwAAAAAAAAQIQBDAAAAAAAABBhAAMAAAAAAABEGMAAAAAAAAAAEQYwAAAAAAAAQIQBDAAAAAAAABBhAAMAAAAAAABEGMAAAAAAAAAAEQYwAAAAAAAAQIQBDAAAAAAAABBhAAMAAAAAAABEGMAAAAAAAAAAEQYwAAAAAAAAQIQBDAAAAAAAABBhAAMAAAAAAABEGMAAAAAAAAAAEQYwAAAAAAAAQIQBDAAAAAAAABBhAAMAAAAAAABEGMAAAAAAAAAAEQYwAAAAAAAAQIQBDAAAAAAAABBhAAMAAAAAAABEGMAAAAAAAAAAEQYwAAAAAAAAQIQBDAAAAAAAABBhAAMAAAAAAABEGMAAAAAAAAAAEQYwAAAAAAAAQIQBDAAAAAAAABBhAAMAAAAAAABEGMAAAAAAAAAAEQYwAAAAAAAAQIQBDAAAAAAAABBhAAMAAAAAAABEGMAAAAAAAAAAEQYwAAAAAAAAQIQBDAAAAAAAABBhAAMAAAAAAABEGMAAAAAAAAAAEQYwAAAAAAAAQIQBDAAAAAAAABBhAAMAAAAAAABEGMAAAAAAAAAAEQYwAAAAAAAAQIQBDAAAAAAAABBhAAMAAAAAAABEGMAAAAAAAAAAEQYwAAAAAAAAQIQBDAAAAAAAABBhAAMAAAAAAABEGMAAAAAAAAAAEQYwAAAAAAAAQIQBDAAAAAAAABBhAAMAAAAAAABEGMAAAAAAAAAAEQYwAAAAAAAAQIQBDAAAAAAAABBhAAMAAAAAAABEGMAAAAAAAAAAEQYwAAAAAAAAQIQBDAAAAAAAABBhAAMAAAAAAABEGMAAAAAAAAAAEQYwAAAAAAAAQIQBDAAAAAAAABBhAAMAAAAAAABEGMAAAAAAAAAAEQYwAAAAAAAAQIQBDAAAAAAAABBhAAMAAAAAAABEGMAAAAAAAAAAEQYwAAAAAAAAQIQBDAAAAAAAABBhAAMAAAAAAABEGMAAAAAAAAAAEQYwAAAAAAAAQIQBDAAAAAAAABBhAAMAAAAAAABEGMAAAAAAAAAAEQYwAAAAAAAAQIQBDAAAAAAAABBhAAMAAAAAAABEGMAAAAAAAAAAEQYwAAAAAAAAQIQBDAAAAAAAABBhAAMAAAAAAABEGMAAAAAAAAAAEQYwAAAAAAAAQIQBDAAAAAAAABBhAAMAAAAAAABEGMAAAAAAAAAAEQYwAAAAAAAAQIQBDAAAAAAAABBhAAMAAAAAAABEGMAAAAAAAAAAEQYwAAAAAAAAQIQBDAAAAAAAABBhAAMAAAAAAABEGMAAAAAAAAAAEQYwAAAAAAAAQIQBDAAAAAAAABBhAAMAAAAAAABEGMAAAAAAAAAAEQYwAAAAAAAAQIQBDAAAAAAAABBhAAMAAAAAAABEGMAAAAAAAAAAEQYwAAAAAAAAQIQBDAAAAAAAABBhAAMAAAAAAABEGMAAAAAAAAAAEQYwAAAAAAAAQIQBDAAAAAAAABBhAAMAAAAAAABEGMAAAAAAAAAAEQYwAAAAAAAAQIQBDAAAAAAAABBhAAMAAAAAAABEGMAAAAAAAAAAEQYwAAAAAAAAQIQBDAAAAAAAABBhAAMAAAAAAABEGMAAAAAAAAAAEQYwAAAAAAAAQIQBDAAAAAAAABBhAAMAAAAAAABEGMAAAAAAAAAAEQYwAAAAAAAAQIQBDAAAAAAAABBhAAMAAAAAAABEGMAAAAAAAAAAEQYwAAAAAAAAQIQBDAAAAAAAABBhAAMAAAAAAABEGMAAAAAAAAAAEQYwAAAAAAAAQIQBDAAAAAAAABBhAAMAAAAAAABEGMAAAAAAAAAAEQYwAAAAAAAAQIQBDAAAAAAAABBhAAMAAAAAAABEGMAAAAAAAAAAEQYwAAAAAAAAQIQBDAAAAAAAABBhAAMAAAAAAABEGMAAAAAAAAAAEQYwAAAAAAAAQIQBDAAAAAAAABBhAAMAAAAAAABEGMAAAAAAAAAAEQYwAAAAAAAAQIQBDAAAAAAAABBhAAMAAAAAAABEGMAAAAAAAAAAEQYwAAAAAAAAQIQBDAAAAAAAABBhAAMAAAAAAABEGMAAAAAAAAAAEQYwAAAAAAAAQIQBDAAAAAAAABBhAAMAAAAAAABEGMAAAAAAAAAAEQYwAAAAAAAAQIQBDAAAAAAAABBhAAMAAAAAAABEGMAAAAAAAAAAEQYwAAAAAAAAQIQBDAAAAAAAABBhAAMAAAAAAABEGMAAAAAAAAAAEQYwAAAAAAAAQIQBDAAAAAAAABBhAAMAAAAAAABEGMAAAAAAAAAAEQYwAAAAAAAAQIQBDAAAAAAAABBhAAMAAAAAAABEGMAAAAAAAAAAEQYwAAAAAAAAQIQBDAAAAAAAABBhAAMAAAAAAABEGMAAAAAAAAAAEQYwAAAAAAAAQIQBDAAAAAAAABBhAAMAAAAAAABEGMAAAAAAAAAAEQYwAAAAAAAAQIQBDAAAAAAAABBhAAMAAAAAAABEGMAAAAAAAAAAEQYwAAAAAAAAQIQBDAAAAAAAABBhAAMAAAAAAABEGMAAAAAAAAAAEQYwAAAAAAAAQIQBDAAAAAAAABBhAAMAAAAAAABEGMAAAAAAAAAAEQYwAAAAAAAAQIQBDAAAAAAAABBhAAMAAAAAAABEGMAAAAAAAAAAEQYwAAAAAAAAQIQBDAAAAAAAABBhAAMAAAAAAABEGMAAAAAAAAAAEQYwAAAAAAAAQIQBDAAAAAAAABBhAAMAAAAAAABEGMAAAAAAAAAAEQYwAAAAAAAAQIQBDAAAAAAAABBhAAMAAAAAAABEGMAAAAAAAAAAEQYwAAAAAAAAQIQBDAAAAAAAABBhAAMAAAAAAABEGMAAAAAAAAAAEQYwAAAAAAAAQIQBDAAAAAAAABBhAAMAAAAAAABEGMAAAAAAAAAAEQYwAAAAAAAAQIQBDAAAAAAAABBhAAMAAAAAAABEGMAAAAAAAAAAEQYwAAAAAAAAQIQBDAAAAAAAABBhAAMAAAAAAABEGMAAAAAAAAAAEQYwAAAAAAAAQIQBDAAAAAAAABBhAAMAAAAAAABEGMAAAAAAAAAAEQYwAAAAAAAAQIQBDAAAAAAAABBhAAMAAAAAAABEGMAAAAAAAAAAEQYwAAAAAAAAQIQBDAAAAAAAABBhAAMAAAAAAABEGMAAAAAAAAAAEQYwAAAAAAAAQIQBDAAAAAAAABBhAAMAAAAAAABEGMAAAAAAAAAAEQYwAAAAAAAAQIQBDAAAAAAAABBhAAMAAAAAAABEGMAAAAAAAAAAEQYwAAAAAAAAQIQBDAAAAAAAABBhAAMAAAAAAABEGMAAAAAAAAAAEQYwAAAAAAAAQIQBDAAAAAAAABBhAAMAAAAAAABEGMAAAAAAAAAAEQYwAAAAAAAAQIQBDAAAAAAAABBhAAMAAAAAAABEGMAAAAAAAAAAEQYwAAAAAAAAQIQBDAAAAAAAABBhAAMAAAAAAABEGMAAAAAAAAAAEQYwAAAAAAAAQIQBDAAAAAAAABBhAAMAAAAAAABEGMAAAAAAAAAAEQYwAAAAAAAAQIQBDAAAAAAAABBhAAMAAAAAAABEGMAAAAAAAAAAEQYwAAAAAAAAQIQBDAAAAAAAABBhAAMAAAAAAABEGMAAAAAAAAAAEQYwAAAAAAAAQIQBDAAAAAAAABBhAAMAAAAAAABEGMAAAAAAAAAAEQYwAAAAAAAAQIQBDAAAAAAAABBhAAMAAAAAAABEGMAAAAAAAAAAEQYwAAAAAAAAQIQBDAAAAAAAABBhAAMAAAAAAABEGMAAAAAAAAAAEQYwAAAAAAAAQIQBDAAAAAAAABBhAAMAAAAAAABEGMAAAAAAAAAAEQYwAAAAAAAAQIQBDAAAAAAAABBhAAMAAAAAAABEGMAAAAAAAAAAEQYwAAAAAAAAQIQBDAAAAAAAABBhAAMAAAAAAABEGMAAAAAAAAAAEQYwAAAAAAAAQIQBDAAAAAAAABBhAAMAAAAAAABEGMAAAAAAAAAAEQYwAAAAAAAAQIQBDAAAAAAAABBhAAMAAAAAAABEGMAAAAAAAAAAEQYwAAAAAAAAQIQBDAAAAAAAABBhAAMAAAAAAABEGMAAAAAAAAAAEQYwAAAAAAAAQIQBDAAAAAAAABBhAAMAAAAAAABEGMAAAAAAAAAAEQYwAAAAAAAAQIQBDAAAAAAAABBhAAMAAAAAAABEGMAAAAAAAAAAEQYwAAAAAAAAQIQBDAAAAAAAABBhAAMAAAAAAABEGMAAAAAAAAAAEQYwAAAAAAAAQIQBDAAAAAAAABBhAAMAAAAAAABEGMAAAAAAAAAAEQYwAAAAAAAAQIQBDAAAAAAAABBhAAMAAAAAAABEGMAAAAAAAAAAEQYwAAAAAAAAQIQBDAAAAAAAABBhAAMAAAAAAABEGMAAAAAAAAAAEQYwAAAAAAAAQIQBDAAAAAAAABBhAAMAAAAAAABEGMAAAAAAAAAAEQYwAAAAAAAAQIQBDAAAAAAAABBhAAMAAAAAAABEGMAAAAAAAAAAEQYwAAAAAAAAQIQBDAAAAAAAABBhAAMAAAAAAABEGMAAAAAAAAAAEQYwAAAAAAAAQIQBDAAAAAAAABBhAAMAAAAAAABEGMAAAAAAAAAAEQYwAAAAAAAAQIQBDAAAAAAAABBhAAMAAAAAAABEGMAAAAAAAAAAEQYwAAAAAAAAQIQBDAAAAAAAABBhAAMAAAAAAABEGMAAAAAAAAAAEQYwAAAAAAAAQIQBDAAAAAAAABBhAAMAAAAAAABEGMAAAAAAAAAAEQYwAAAAAAAAQIQBDAAAAAAAABBhAAMAAAAAAABEGMAAAAAAAAAAEQYwAAAAAAAAQIQBDAAAAAAAABBhAAMAAAAAAABEGMAAAAAAAAAAEQYwAAAAAAAAQIQBDAAAAAAAABBhAAMAAAAAAABEGMAAAAAAAAAAEQYwAAAAAAAAQIQBDAAAAAAAABBhAAMAAAAAAABEGMAAAAAAAAAAEQYwAAAAAAAAQIQBDAAAAAAAABBhAAMAAAAAAABEGMAAAAAAAAAAEQYwAAAAAAAAQIQBDAAAAAAAABBhAAMAAAAAAABEGMAAAAAAAAAAEQYwAAAAAAAAQIQBDAAAAAAAABBhAAMAAAAAAABEGMAAAAAAAAAAEQYwAAAAAAAAQIQBDAAAAAAAABBhAAMAAAAAAABEGMAAAAAAAAAAEQYwAAAAAAAAQIQBDAAAAAAAABBhAAMAAAAAAABEGMAAAAAAAAAAEQYwAAAAAAAAQIQBDAAAAAAAABBhAAMAAAAAAABEGMAAAAAAAAAAEQYwAAAAAAAAQIQBDAAAAAAAABBhAAMAAAAAAABEGMAAAAAAAAAAEQYwAAAAAAAAQIQBDAAAAAAAABBhAAMAAAAAAABEGMAAAAAAAAAAEQYwAAAAAAAAQIQBDAAAAAAAABBhAAMAAAAAAABEGMAAAAAAAAAAEQYwAAAAAAAAQIQBDAAAAAAAABBhAAMAAAAAAABEGMAAAAAAAAAAEQYwAAAAAAAAQIQBDAAAAAAAABBhAAMAAAAAAABEGMAAAAAAAAAAEQYwAAAAAAAAQIQBDAAAAAAAABBhAAMAAAAAAABEGMAAAAAAAAAAEQYwAAAAAAAAQIQBDAAAAAAAABBhAAMAAAAAAABEGMAAAAAAAAAAEQYwAAAAAAAAQIQBDAAAAAAAABBhAAMAAAAAAABEGMAAAAAAAAAAEQYwAAAAAAAAQIQBDAAAAAAAABBhAAMAAAAAAABEGMAAAAAAAAAAEQYwAAAAAAAAQIQBDAAAAAAAABBhAAMAAAAAAABEGMAAAAAAAAAAEQYwAAAAAAAAQIQBDAAAAAAAABBhAAMAAAAAAABEGMAAAAAAAAAAEQYwAAAAAAAAQIQBDAAAAAAAABBhAAMAAAAAAABEGMAAAAAAAAAAEQYwAAAAAAAAQIQBDAAAAAAAABBhAAMAAAAAAABEGMAAAAAAAAAAEQYwAAAAAAAAQIQBDAAAAAAAABBhAAMAAAAAAABEGMAAAAAAAAAAEQYwAAAAAAAAQIQBDAAAAAAAABBhAAMAAAAAAABEGMAAAAAAAAAAEQYwAAAAAAAAQIQBDAAAAAAAABBhAAMAAAAAAABEGMAAAAAAAAAAEQYwAAAAAAAAQIQBDAAAAAAAABBhAAMAAAAAAABEGMAAAAAAAAAAEQYwAAAAAAAAQIQBDAAAAAAAABBhAAMAAAAAAABEGMAAAAAAAAAAEQYwAAAAAAAAQIQBDAAAAAAAABBhAAMAAAAAAABEGMAAAAAAAAAAEQYwAAAAAAAAQIQBDAAAAAAAABBhAAMAAAAAAABEGMAAAAAAAAAAEQYwAAAAAAAAQIQBDAAAAAAAABBhAAMAAAAAAABEGMAAAAAAAAAAEQYwAAAAAAAAQIQBDAAAAAAAABBhAAMAAAAAAABEGMAAAAAAAAAAEQYwAAAAAAAAQIQBDAAAAAAAABBhAAMAAAAAAABEGMAAAAAAAAAAEQYwAAAAAAAAQIQBDAAAAAAAABBhAAMAAAAAAABEGMAAAAAAAAC7PTuQAQAAABjkb32PrzQCmBDAAAAAAAAAABMCGAAAAAAAAGBCAAMAAAAAAABMCGAAAAAAAACACQEMAAAAAAAAMCGAAQAAAAAAACYEMAAAAAAAAMCEAAYAAAAAAACYEMAAAAAAAAAAEwIYAAAAAAAAYEIAAwAAAAAAAEwIYAAAAAAAAIAJAQwAAAAAAAAwIYABAAAAAAAAJgQwAAAAAAAAwIQABgAAAAAAAJgQwAAAAAAAAAATAhgAAAAAAABgQgADAAAAAAAATAhgAAAAAAAAgAkBDAAAAAAAADAhgAEAAAAAAAAmBDAAAAAAAADAhAAGAAAAAAAAmBDAAAAAAAAAABMCGAAAAAAAAGBCAAMAAAAAAABMCGAAAAAAAACACQEMAAAAAAAAMCGAAQAAAAAAACYEMAAAAAAAAMCEAAYAAAAAAACYEMAAAAAAAAAAEwIYAAAAAAAAYEIAAwAAAAAAAEwIYAAAAAAAAIAJAQwAAAAAAAAwIYABAAAAAAAAJgQwAAAAAAAAwIQABgAAAAAAAJgQwAAAAAAAAAATAhgAAAAAAABgQgADAAAAAAAATAhgAAAAAAAAgAkBDAAAAAAAADAhgAEAAAAAAAAmBDAAAAAAAADAhAAGAAAAAAAAmBDAAAAAAAAAABMCGAAAAAAAAGBCAAMAAAAAAABMCGAAAAAAAACACQEMAAAAAAAAMCGAAQAAAAAAACYEMAAAAAAAAMCEAAYAAAAAAACYEMAAAAAAAAAAEwIYAAAAAAAAYEIAAwAAAAAAAEwIYAAAAAAAAIAJAQwAAAAAAAAwIYABAAAAAAAAJgQwAAAAAAAAwIQABgAAAAAAAJgQwAAAAAAAAAATAhgAAAAAAABgQgADAAAAAAAATAhgAAAAAAAAgAkBDAAAAAAAADAhgAEAAAAAAAAmBDAAAAAAAADAhAAGAAAAAAAAmBDAAAAAAAAAABMCGAAAAAAAAGBCAAMAAAAAAABMCGAAAAAAAACACQEMAAAAAAAAMCGAAQAAAAAAACYEMAAAAAAAAMCEAAYAAAAAAACYEMAAAAAAAAAAEwIYAAAAAAAAYEIAAwAAAAAAAEwIYAAAAAAAAIAJAQwAAAAAAAAwIYABAAAAAAAAJgQwAAAAAAAAwIQABgAAAAAAAJgQwAAAAAAAAAATAhgAAAAAAABgQgADAAAAAAAATAhgAAAAAAAAgAkBDAAAAAAAADAhgAEAAAAAAAAmBDAAAAAAAADAhAAGAAAAAAAAmBDAAAAAAAAAABMCGAAAAAAAAGBCAAMAAAAAAABMCGAAAAAAAACACQEMAAAAAAAAMCGAAQAAAAAAACYEMAAAAAAAAMCEAAYAAAAAAACYEMAAAAAAAAAAEwIYAAAAAAAAYEIAAwAAAAAAAEwIYAAAAAAAAIAJAQwAAAAAAAAwIYABAAAAAAAAJgQwAAAAAAAAwIQABgAAAAAAAJgQwAAAAAAAAAATAhgAAAAAAABgQgADAAAAAAAATAhgAAAAAAAAgAkBDAAAAAAAADAhgAEAAAAAAAAmBDAAAAAAAADAhAAGAAAAAAAAmBDAAAAAAAAAABMCGAAAAAAAAGBCAAMAAAAAAABMCGAAAAAAAACACQEMAAAAAAAAMCGAAQAAAAAAACYEMAAAAAAAAMCEAAYAAAAAAACYEMAAAAAAAAAAEwIYAAAAAAAAYEIAAwAAAAAAAEwIYAAAAAAAAIAJAQwAAAAAAAAwIYABAAAAAAAAJgQwAAAAAAAAwIQABgAAAAAAAJgQwAAAAAAAAAATAhgAAAAAAABgQgADAAAAAAAATAhgAAAAAAAAgAkBDAAAAAAAADAhgAEAAAAAAAAmBDAAAAAAAADAhAAGAAAAAAAAmBDAAAAAAAAAABMCGAAAAAAAAGBCAAMAAAAAAABMCGAAAAAAAACACQEMAAAAAAAAMCGAAQAAAAAAACYEMAAAAAAAAMCEAAYAAAAAAACYEMAAAAAAAAAAEwIYAAAAAAAAYEIAAwAAAAAAAEwIYAAAAAAAAIAJAQwAAAAAAAAwIYABAAAAAAAAJgQwAAAAAAAAwIQABgAAAAAAAJgQwAAAAAAAAAATAhgAAAAAAABgQgADAAAAAAAATAhgAAAAAAAAgAkBDAAAAAAAADAhgAEAAAAAAAAmBDAAAAAAAADAhAAGAAAAAAAAmBDAAAAAAAAAABMCGAAAAAAAAGBCAAMAAAAAAABMCGAAAAAAAACACQEMAAAAAAAAMCGAAQAAAAAAACYEMAAAAAAAAMCEAAYAAAAAAACYEMAAAAAAAAAAEwIYAAAAAAAAYEIAAwAAAAAAAEwIYAAAAAAAAIAJAQwAAAAAAAAwIYABAAAAAAAAJgQwAAAAAAAAwIQABgAAAAAAAJgQwAAAAAAAAAATAhgAAAAAAABgQgADAAAAAAAATAhgAAAAAAAAgAkBDAAAAAAAADAhgAEAAAAAAAAmBDAAAAAAAADAhAAGAAAAAAAAmBDAAAAAAAAAABMCGAAAAAAAAGBCAAMAAAAAAABMCGAAAAAAAACACQEMAAAAAAAAMCGAAQAAAAAAACYEMAAAAAAAAMCEAAYAAAAAAACYEMAAAAAAAAAAEwIYAAAAAAAAYEIAAwAAAAAAAEwIYAAAAAAAAIAJAQwAAAAAAAAwIYABAAAAAAAAJgQwAAAAAAAAwIQABgAAAAAAAJgQwAAAAAAAAAATAhgAAAAAAABgQgADAAAAAAAATAhgAAAAAAAAgAkBDAAAAAAAADAhgAEAAAAAAAAmBDAAAAAAAADAhAAGAAAAAAAAmBDAAAAAAAAAABMCGAAAAAAAAGBCAAMAAAAAAABMCGAAAAAAAACACQEMAAAAAAAAMCGAAQAAAAAAACYEMAAAAAAAAMCEAAYAAAAAAACYEMAAAAAAAAAAEwIYAAAAAAAAYEIAAwAAAAAAAEwIYAAAAAAAAIAJAQwAAAAAAAAwIYABAAAAAAAAJgQwAAAAAAAAwIQABgAAAAAAAJgQwAAAAAAAAAATAhgAAAAAAABgQgADAAAAAAAATAhgAAAAAAAAgAkBDAAAAAAAADAhgAEAAAAAAAAmBDAAAAAAAADAhAAGAAAAAAAAmBDAAAAAAAAAABMCGAAAAAAAAGBCAAMAAAAAAABMCGAAAAAAAACACQEMAAAAAAAAMCGAAQAAAAAAACYEMAAAAAAAAMCEAAYAAAAAAACYEMAAAAAAAAAAEwIYAAAAAAAAYEIAAwAAAAAAAEwIYAAAAAAAAIAJAQwAAAAAAAAwIYABAAAAAAAAJgQwAAAAAAAAwIQABgAAAAAAAJgQwAAAAAAAAAATAhgAAAAAAABgQgADAAAAAAAATAhgAAAAAAAAgAkBDAAAAAAAADAhgAEAAAAAAAAmBDAAAAAAAADAhAAGAAAAAAAAmBDAAAAAAAAAABMCGAAAAAAAAGBCAAMAAAAAAABMCGAAAAAAAACACQEMAAAAAAAAMCGAAQAAAAAAACYEMAAAAAAAAMCEAAYAAAAAAACYEMAAAAAAAAAAEwIYAAAAAAAAYEIAAwAAAAAAAEwIYAAAAAAAAIAJAQwAAAAAAAAwIYABAAAAAAAAJgQwAAAAAAAAwIQABgAAAAAAAJgQwAAAAAAAAAATAhgAAAAAAABgQgADAAAAAAAATAhgAAAAAAAAgAkBDAAAAAAAADAhgAEAAAAAAAAmBDAAAAAAAADAhAAGAAAAAAAAmBDAAAAAAAAAABMCGAAAAAAAAGBCAAMAAAAAAABMCGAAAAAAAACACQEMAAAAAAAAMCGAAQAAAABHryE/AAADaklEQVQAACYEMAAAAAAAAMCEAAYAAAAAAACYEMAAAAAAAAAAEwIYAAAAAAAAYEIAAwAAAAAAAEwIYAAAAAAAAIAJAQwAAAAAAAAwIYABAAAAAAAAJgQwAAAAAAAAwIQABgAAAAAAAJgQwAAAAAAAAAATAhgAAAAAAABgQgADAAAAAAAATAhgAAAAAAAAgAkBDAAAAAAAADAhgAEAAAAAAAAmBDAAAAAAAADAhAAGAAAAAAAAmBDAAAAAAAAAABMCGAAAAAAAAGBCAAMAAAAAAABMCGAAAAAAAACACQEMAAAAAAAAMCGAAQAAAAAAACYEMAAAAAAAAMCEAAYAAAAAAACYEMAAAAAAAAAAEwIYAAAAAAAAYEIAAwAAAAAAAEwIYAAAAAAAAIAJAQwAAAAAAAAwIYABAAAAAAAAJgQwAAAAAAAAwIQABgAAAAAAAJgQwAAAAAAAAAATAhgAAAAAAABgQgADAAAAAAAATAhgAAAAAAAAgAkBDAAAAAAAADAhgAEAAAAAAAAmBDAAAAAAAADAhAAGAAAAAAAAmBDAAAAAAAAAABMCGAAAAAAAAGBCAAMAAAAAAABMCGAAAAAAAACACQEMAAAAAAAAMCGAAQAAAAAAACYEMAAAAAAAAMCEAAYAAAAAAACYEMAAAAAAAAAAEwIYAAAAAAAAYEIAAwAAAAAAAEwIYAAAAAAAAIAJAQwAAAAAAAAwIYABAAAAAAAAJgQwAAAAAAAAwIQABgAAAAAAAJgQwAAAAAAAAAATAhgAAAAAAABgQgADAAAAAAAATAhgAAAAAAAAgAkBDAAAAAAAADAhgAEAAAAAAAAmBDAAAAAAAADAhAAGAAAAAAAAmBDAAAAAAAAAABMCGAAAAAAAAGBCAAMAAAAAAABMCGAAAAAAAACACQEMAAAAAAAAMCGAAQAAAAAAACYEMAAAAAAAAMCEAAYAAAAAAACYEMAAAAAAAAAAEwIYAAAAAAAAYEIAAwAAAAAAAEwIYAAAAAAAAIAJAQwAAAAAAAAwIYABAAAAAAAAJgQwAAAAAAAAwIQABgAAAAAAAJgQwAAAAAAAAAATAhgAAAAAAABgQgADAAAAAAAATAhgAAAAAAAAgAkBDAAAAAAAADAhgAEAAAAAAAAmBDAAAAAAAADAhAAGAAAAAAAAmAjYyAtAlXfoYQAAAABJRU5ErkJggg==' height='250' width='300'/> ]]>
  </system-out>
</testsuite> <!-- com.tribu.qaselenium.tests.negative.TestThreads -->
