<?xml version="1.0" encoding="UTF-8"?>
<!-- Generated by org.testng.reporters.JUnitReportReporter -->
<testsuite hostname="station" failures="0" tests="1" name="com.tribu.qaselenium.tests.apimazaprendo.MACreateF2FCourseTests" time="38.292" errors="1" timestamp="2022-04-06T12:39:34 COT" skipped="0">
  <testcase classname="com.tribu.qaselenium.tests.apimazaprendo.MACreateF2FCourseTests" name="createF2FCourse" time="38.292">
    <error type="java.lang.NullPointerException">
      <![CDATA[java.lang.NullPointerException
at org.openqa.selenium.support.ui.ExpectedConditions.elementIfVisible(ExpectedConditions.java:314)
at org.openqa.selenium.support.ui.ExpectedConditions.access$000(ExpectedConditions.java:43)
at org.openqa.selenium.support.ui.ExpectedConditions$10.apply(ExpectedConditions.java:300)
at org.openqa.selenium.support.ui.ExpectedConditions$10.apply(ExpectedConditions.java:297)
at org.openqa.selenium.support.ui.FluentWait.until(FluentWait.java:249)
at com.tribu.qaselenium.testframework.pagebase.GUtils.waitForVisibilityOf(GUtils.java:37)
at com.tribu.qaselenium.testframework.pagebase.BasePO.type(BasePO.java:153)
at com.tribu.qaselenium.tests.apimazaprendo.MACreateF2FCourseTests.createF2FCourse(MACreateF2FCourseTests.java:52)
at java.base/jdk.internal.reflect.NativeMethodAccessorImpl.invoke0(Native Method)
at java.base/jdk.internal.reflect.NativeMethodAccessorImpl.invoke(NativeMethodAccessorImpl.java:62)
at java.base/jdk.internal.reflect.DelegatingMethodAccessorImpl.invoke(DelegatingMethodAccessorImpl.java:43)
at java.base/java.lang.reflect.Method.invoke(Method.java:566)
at org.testng.internal.MethodInvocationHelper.invokeMethod(MethodInvocationHelper.java:133)
at org.testng.internal.TestInvoker.invokeMethod(TestInvoker.java:598)
at org.testng.internal.TestInvoker.invokeTestMethod(TestInvoker.java:173)
at org.testng.internal.MethodRunner.runInSequence(MethodRunner.java:46)
at org.testng.internal.TestInvoker$MethodInvocationAgent.invoke(TestInvoker.java:824)
at org.testng.internal.TestInvoker.invokeTestMethods(TestInvoker.java:146)
at org.testng.internal.TestMethodWorker.invokeTestMethods(TestMethodWorker.java:146)
at org.testng.internal.TestMethodWorker.run(TestMethodWorker.java:128)
at java.base/java.util.ArrayList.forEach(ArrayList.java:1541)
at org.testng.TestRunner.privateRun(TestRunner.java:794)
at org.testng.TestRunner.run(TestRunner.java:596)
at org.testng.SuiteRunner.runTest(SuiteRunner.java:377)
at org.testng.SuiteRunner.runSequentially(SuiteRunner.java:371)
at org.testng.SuiteRunner.privateRun(SuiteRunner.java:332)
at org.testng.SuiteRunner.run(SuiteRunner.java:276)
at org.testng.SuiteRunnerWorker.runSuite(SuiteRunnerWorker.java:53)
at org.testng.SuiteRunnerWorker.run(SuiteRunnerWorker.java:96)
at org.testng.TestNG.runSuitesSequentially(TestNG.java:1212)
at org.testng.TestNG.runSuitesLocally(TestNG.java:1134)
at org.testng.TestNG.runSuites(TestNG.java:1063)
at org.testng.TestNG.run(TestNG.java:1031)
at org.testng.remote.AbstractRemoteTestNG.run(AbstractRemoteTestNG.java:115)
at org.testng.remote.RemoteTestNG.initAndRun(RemoteTestNG.java:251)
at org.testng.remote.RemoteTestNG.main(RemoteTestNG.java:77)
]]>
    </error>
  </testcase> <!-- createF2FCourse -->
  <system-out>
    <![CDATA[ <img src='data:image/png;base64,iVBORw0KGgoAAAANSUhEUgAAB4AAAAOiCAYAAACRicroAAAAAXNSR0IArs4c6QAAIABJREFUeJzs3Xd4VFXixvF30kMoCS0hgJqAKBCKIk1ApK8ioGsQVHCVpewqRSyUXUFFAQFX6SoRRIOgBAEFVCSAIAkESYxAggVBaUloE0IapP3+yDP3l0nvE8L38zx5mLn1zL1zC/Pec45p4MCBWcJNZ9++fbYuAgAAAAAAAAAAAIB8nDp1qtTz2pVjOQAAAAAAAAAAAAAANkQADAAAAAAAAAAAAADVBAEwAAAAAAAAAAAAAFQTBMAAAAAAAAAAAAAAUE0QAAMAAAAAAAAAAABANUEADAAAAAAAAAAAAAA3iK+++qrQ8QTAAAAAAAAAAAAAAHADsIS/hYXADllZWZVVHgAAAAAAAAAAAABAKeQOfb/66isNHjw4z3QEwAAAAAAAAAAAAABQhRVU4ze/ELhYAfCIESP05JNPlkvhPv30U61Zs6ZclgXbe+ONN5SVlaWZM2fauijVno+Pjx577DF16dJFknTgwAGtX79eJ0+etHHJAAAAAAAAAAAAUJHyq+lbkGIFwOUV/lqWFRgYWG7Lg+34+PjIz8/PeE0QWXH8/Pz0xhtvWA3r0qWLunTpohkzZujo0aM2KhkAAAAAAAAAAACqErusrCwV9ZeUlFRuK0xKSipyffxV/F95eOihh/J9jfI3fvz4Uo0DAAAAAAAAAADAzaVYNYAXLFigv//97+Wywo0bN5ZbAAnbcXNzU+/evY33vXv31qpVq8r1YQFk8/HxkaenZ4HjPT09qYENAAAAAAAAAAAAScUMgENCQhQSElIJxcGNolevXvkO27p1qw1KU725ubmVyzQAAAAAAAAAAACo/orVBLSt/j788EPt2LFDc+fOLXLakSNHaseOHbrnnntKvJ6ePXtqx44deuSRR4o1/apVq7R58+ZiTduiRQs9+OCDNt+W5d0EdH5NPpdXM9BhYWGKj4/Xxo0b84yrV6+epk2bJkdHxyKXM2TIEMXHx2vChAnlUi5bue2224qcpkGDBqVads+ePfXzzz8rPj5eAwcOtBo3fPhwRUZGKi4uTrt27TL6e5aku+66S7t27VJsbKwiIyOtWgioW7eu1q5dqzNnzujEiRN67bXXjHEmk0mzZs3S8ePHFRMTo8DAQLm7u1foOov6nAAAAAAAAAAAAFVVZGRksf8sHGxY3kLdfvvtuvXWWxUWFqaOHTuqbt26unz5coWs68iRI3r11Vd14sSJYk2/ePFiOTk5FWvaJ598UvXr19e2bdvKUkSDyWSqtCa0GzZsWGD/svk1Sezp6alZs2blO/3SpUt1/vz5ItfZvn173XHHHfruu+/Up08feXp6Ki4uzhg/bNgwTZs2TUuWLFFaWlqhywoLC9OTTz6p6OjoItdblf35559FTnPhwoUSL/fZZ5/VrFmz8v3e+/n56b333lNYWJhWrFihF198UWvWrFGHDh3k4OCgdevWKTMzU6+//rqGDRumgIAAHT58WMePH9eiRYvUv39/zZs3T3feeaeef/55/fHHHwoMDNTYsWM1ceJEffrppzp79qxefvllJScna9y4cRW2zsI+JwAAAAAAAAAAQHVTrCagPT09NWDAgHJZ4fbt260CvYL07dtXSUlJWrRokdasWaNevXppw4YNxvhbbrlFL7/8spo1a6bo6GidOnVKkpSVlaUGDRpo3bp1+vrrr2VnZ6devXopJiZGr7/+up588kn16NFDJ0+e1KuvvqqLFy+qTZs2euWVV7R8+XJ98cUXWrNmjdLT07V27VqNHj1aTk5O+vLLL/XRRx9JkiZOnKi6detq8ODBsrOz09ixY9WrVy/VqVNHMTExWrt2rXbs2KHVq1eradOmkqTg4GD5+/tryZIlSk9P1+7duzV8+HCNHDlSSUlJmjhxorp06SIHBwcdOXJE77zzji5evKh+/fpp2rRpCggI0N/+9jcdOXJE//vf/8plXxTFzc1Nbdq0KdE8BU1f3CaKhw0bpoSEBL300kuKjIyUv7+/li1bJkl699139cwzz0iSzp49q1GjRum7777TggULNGDAADk6Omr//v2aNGmSYmJi1LlzZ3388ceaMWOGlixZolq1amnGjBl64IEH5O7url9//VWzZ8/W7t27JUmdOnXSG2+8IT8/P6Wlpen777/XCy+8UGEPHhRXcfpVLk3fy9euXVPv3r3Vu3fvPDVmH330UZlMJk2fPl0//fST6tatq5deekmdOnWSq6urvLy8NHPmTL333ns6duyYNm/erEceeURLly7VAw88oF27dmnBggVycXHR4MGD5e/vr8DAQPn7+yshIUETJkxQZmam7rvvPg0ePFjjx4+vsHUW9jkBAAAAAAAAAACqm2IFwO+++26+NT5LY8CAAXriiScKncbOzk69e/dWSEiIYmNjdfjwYfXr109BQUHGNNOnT1fz5s21ePFiI0CVsgPg69evS8pu9jUgIEBJSUl69NFH9e677+qTTz7RxYsXNXz4cA0bNkxLly41atRamkdOT09Xw4YNdffdd2v+/Pl67rnnNGLECO3Zs0d//PGHUYasrCz1799fQ4cO1XvvvacjR47oscce07///W+Fh4dr1qxZWr58uWJiYjRv3jxduXJF6enpql+/vlq1aqWlS5fq6tWr+te//qX+/ftr0aJFunr1ql555RX961//0htvvGHUcn300Uf1xRdfKDo6utJqAJ88eVKLFy82tm1pLV68WCdPnixyOnt7e/n7+2vbtm06deqUQkJCNGzYMCMAXrhwofz8/NSxY0cNGjRIR48e1axZs/T444/rpZdektls1sqVKzV79myNGjUqz/KXLl2qIUOGaNasWYqKitKrr76qoKAg9ejRQ8eOHdNHH32ky5cv6+9//7vq1aun5cuXa/LkyZoxY0aZPn9ZnTx5UnFxcQUeg3FxccXavrmtXLlSktS7d+8845o1ayZJ+uuvv4wySFKLFi3k7Oxc4DgfHx85ODgY41JTUxUbG6sWLVpIkpo3b66zZ88qMzPTmLdLly5q2rRpha2zsM8JAAAAAAAAAABQ3RSrD+DyCn8lycvLq8j13XPPPfLw8NBPP/2k+vXrKzw8XM2bN9ett96qrKws1a1bVy1atNDRo0f15ZdfKjg4WHv27MmzrtOnT+vLL7/UunXrJEmXLl3Spk2btHbtWklS06ZN84SplvdOTk5avHixDh48qK+//lqS5OPjYzV9VlaWEUy1bNlS7u7ueuedd/Twww/r4sWLOn78uKTsQCo6Olrp6emSJFdXV82dO1dbtmxRSkqKVq5cqUcffVSbN2/Wzp07lZSUpGbNmlmtKyQkRGvXrlVkZGSl9gG8e/duzZgxQ4mJicWexyIxMVEzZswwatgWpXfv3mrQoIH27dsnb29vff/992rbtq3uvPNOSdnhX0JCgiQpIiJCZrNZb7zxhlq0aKEPP/xQX3zxhRISEqz6jbWoW7euhgwZorCwML3zzjvavn275s6dKwcHBw0bNkySVKNGDTVq1Ejt2rXTqVOn5OPjY/Pw1+LgwYOlGldaNWvWlCTjYYpr165Jyt5GltrclmGFjbMso0aNGpKya4LnHGd57ebmVmHrBAAAAAAAAAAAuJkUKwDO2WlwWRUnwOzXr58kaerUqVq/fr3++c9/SpL69eunrKwsubu7S8oOdC3zWPqXzRlwXrx4UVlZWUbzuJbpLe8dHR2tps9ZhqSkJF29elVZWVm6evVqnuktf1u2bNGXX36pzp07a86cOdq0aZOmT58uBweHAj9fSkqKVdnbtWunt99+W99++622b98uNzc32dvbW5Xt9OnT5RL8ljQAlqSjR49q5syZJQqBExMTNXPmTB09erTY8wwfPlyStGzZMkVHRxvhq2V4fnr06KHNmzcrJiZGcXFxql27thwdHfNMZ2mK+/Tp08aws2fPSpIaN24sKbu/5gsXLmj+/Pnat2+ffv75Z/Xq1avY5a9IW7duLdW40rLsa8sDDi4uLpKym5q2HD+WYYWNsyzDMjwpKclqnOV1YmJiha0TAAAAAAAAAADgZuJQnImef/55tW/fvlxWWFSY7Orqqu7duysiIsKqyefRo0erb9++WrFiha5cuSJJqlevnjHey8urXMpXUmlpaVq4cKEWL16sZs2a6eGHH9aDDz6oAwcOaNeuXfnOk5GRYbx2cnLSK6+8osuXL8vf31/JyclGjeOcLE3m2srJkyc1c+ZMzZo1y6ipWRBL+FuSZolr1qypBx98UHv27NHy5cuN4TNmzJC/v3++fbc6OzsrICBAcXFxatmypRITE60C3pwswy1hr5Tdj3TOcaGhoeratasaNGigbt26af78+Zo/f746duxY7M9RUc6fP6+jR4/mqd189OhR4+GH8vTbb79Jknx9fXXp0iWjeeZjx44ZNW59fHyMaSzjTp48qbS0NGOYm5ubvLy8tHfvXknSr7/+qjZt2sjBwUHp6elq1qyZkpKSdOrUqQpbJwAAAAAAAAAAwM2kWH0AS9JPP/1UwUXJ1rNnTzk7O2vHjh0KDQ01hrdo0ULPPPOM2rdvr59++kl//PGH/Pz8NHjwYKWkpKh79+6SlKeGa0ne5zcu97+5x//rX//SoEGDNGfOHMXFxenixYuSpOTkZKM/4saNG6tbt24KDw/Ps2w7Ozs5OjrK0dFRTZo0UZ8+fZSWlqY6derolltuKXDdtlDcQLdmzZol7pN2yJAhcnV1VVBQkLZv324Mb9++vaZPn64ePXrohx9+UEpKiqTs2rp79uyRk5OTnJyc1Lx5cz366KO6du2a0UR4TpcvX9aXX36pwYMHa/z48frtt980ffp0paamas2aNfLy8lJoaKh27dqlpUuX6vz580pOTq7WtUg7duwob29vtWrVynjv4OCgiIgIbdiwQZMnT9bs2bO1detWPfPMM/r999916NAhOTg46PTp0xo3bpzS0tI0bNgwXb9+XRs3blRKSoq2bNmiIUOGaNq0aWrVqpUcHByMZtc///xzdenSRUuXLlVsbKw6duyo1atXKyMjo8LWWdjnLOiBAQAAAAAAAAAAgBtVsZqArsy//v37S5IOHDhgNXz//v2S/r8Z6DfffFN//PGHnnvuOfXt21ebN2+W9P/NNFsUJwDOqbBp8xu/du1ahYWFaerUqXr//ffVp08fvffeewoNDVVWVpY2bNggBwcHTZw4UXXq1Mmz7OTkZL333ntydHTUvHnzdOXKFS1evFiOjo6aOHFinnXbogloCx8fnyJr/+actiQs/fDu2LHDavh3330nSXrsscckSZ988okuX76sqVOnqlWrVpo5c6acnZ0VFBSky5cva/r06XJyctL8+fPzrGP8+PFauXKlnn32Wa1cuVKXL1/Www8/rBMnTig2NlbTpk1T69at9e2332rt2rU6fvy4Ro8eXaLPUVHc3Nx022235Rl+2223GbVjS+r555/Xxx9/bGxby/sePXrol19+0dixY+Xp6alXXnlFv/zyi5544gllZWUpLS1NTz75pGJiYjRz5kzVqFFD//jHP/TXX39Jkl544QV9/fXXmjRpku69917Nnj1bGzZskCR99NFHWrhwoQYMGKAxY8YoKChI//3vfyWpwtZZ2OcEAAAAAAAAAACobkzdu3e3bbVS2MSRI0dKPM9DDz1k9MdclJUrV1ZI37Ql8fDDD2v16tWaMWOGlixZYtOylEWvXr00bNgweXp65js+Li5On3/+uXbv3l3JJQMAAAAAAAAAAEBFOHXqlKSiu9fNydKlb7GagB41apRGjRpVutLlsmrVKq1atapcloXKlbv/WUkKCwuTJHXu3DnPtLYMgH18fPTggw9Kksxms83KUVoNGzbUY489ps6dOxdZ69rT01MTJ07UqFGjFBYWpvXr11dIv8AAAAAAAAAAAACo+oodAJeXUaNGaeXKleW2PFSe1q1bG68TExO1atUqo9Zpr169NGrUKCOszDmtLfTv31+PPPKIwsLC9NVXX9m0LCWVe1sWV82aNdWnTx917tzZat8AAAAAAAAAAADg5mFXnIkSExPLbYXluSxUnoYNGxqB5NGjR/Xiiy9aBYy7d+/Wiy++qKNHj0rKDiMbNmxok7JK0gcffKAGDRpowIABSkhIsFk5Sqphw4aaOHFiicPfnGrWrKmJEyfadPsDAAAAAAAAAADANopVA/jNN9/UsGHDymWFn3/+uYqzTlQtSUlJCgsL09GjRwts2vn8+fOaMWOGHnroIfn5+SkpKamSS1k9WEJ0AAAAAAAAAAAAoKRMXbp0IY29CR07dszWRQAAAAAAAAAAAACQj1OnTkmSIiMjiz1P+/btJRWzBjAAAAAAAAAAAAAAoOojAAYAAAAAAAAAAACAaoIAGAAAAAAAAAAAAACqCQJgAAAAAAAAAAAAAKgmCIABAAAAAAAAAAAAoJogAAYAAAAAAAAAAACAasIhMzPTeGMymWxYFAAAAAAAAAAAAAC4uZR3hV2Hilw4qi72NQAAAAAAAAAAAFD90AT0TYr9DgAAAAAAAAAAAFQ9ZW212SEyMrKcigJbOHHihHx9fW1dDJQR+7H6YF9WDewHFITvRtXHPqr62EeVg+0MAAAAAEDFOnjwoPz8/GxdjAKlp6eXel67ciwHAAAAAAAAAAAAAMCGCIABAAAAAAAAAAAAoJogAAYAAAAAAAAAAACAaoIAGAAAAAAAAAAAAACqCQJgAAAAAAAAAAAAAKgmCIABAAAAAAAAAAAAoJogAAYAAAAAAAAAAACAaoIAGAAAAAAAAAAAAACqCQJgAAAAAAAAAAAAAKgmHGxdAABls2XLFkVERGjixIny8PCwdXFQCmazWfPnz88z3MPDQ1OmTLFBiW5en3zyiY4dOyYXFxe1bt1a9957r7y9vW1dLNhYSkqKtm3bphMnThjfjT59+ti6WChEeHi4NmzYYDXM399fHTp0sFGJAAAAAAAAgMpT4gDYbDbn+UHNx8dHffv21YkTJ+Tr61tuhUPlOXfunEJDQyWJwOMGEh4ebuy3wMBATZw40cYlQmmYzeYSDUfFGTp0qFasWKHY2FiFh4crPDyc0AjaunWrIiIijPcxMTHKyspS3759bVgqFCa/8yfn1KohJSVFx44d07lz5xQTEyNJatSokby9vdWyZUu5urrauIQAAAAAAAA3vlIFwCdOnLAalpWVJUkKCAjgh/IbkNlsVkBAgFJTUyVJUVFR1Ca9AeSu3RQTE6MNGzbI39/fhqVCafj6+srLy0uxsbFWw++9914blejm5erqqrFjxxohsCRt2LBBHh4ePOB0kzKbzVbhr0VERAQBMFBCwcHBCgkJMe45LSz/t3BxcVH37t2pYQ8AAAAAAKqcM2fOyGQySZJq1KhR5TO0cu8DeMOGDQoPDy/vxaIChYeHW/0Ql5qaqqioKBuWCEXJr2lLSbp8+TLH3w1q0qRJ8vHxMd736dNHgwYNsmGJbg4pKSl5hrm6uubZ9lu3bq2sIqGKoYY+UHYpKSkKCAjQzp07re453d3d5e7ubrxPTU1VcHCwAgIC8j0/AwAAAAAA2MrZs2d15swZnTlzJk9lrqqoQvoAtgRT1AS+MeT3lALN71VdBYW//v7+atWqlVasWGE0pYgbi4uLS76vUXFWrFihoUOH5jlezp07Z/U+JiZGZrO5yj/Vhcpz991327oIKIN9+/bp2rVrxnsXFxd169bNhiWq3gIDA3Xy5EnjvY+Pj4YOHWqcU81ms4KCgoxpTpw4oTVr1mjMmDE2KS8AAAAAAMCNrkICYKlsIXBGRoa++uor7d27V+fPn5erq6tatGihoUOHWtWQK40rV67ol19+UefOncu0nO+//167du3SrFmz8oyLjIzUqlWrtHjx4jKto7J06NBBJ06cMJq4vPvuu8sc3j/99NN5mveTJC8vLy1cuLDQeX///Xc5ODiUeV/nFhoaqrZt26pmzZrlutzKVFj4a9lnY8eO1eLFizV27NhyCauSkpI0efJkNWnSRDNnzizz8vJz4cIFjR8/XmvXrpW9vX25L7+w49VWXnvtNavwIbdt27Zp27ZtVsNatmypp556qkzrXbt2rb777jtNnTpVLVu2LNOy8pNzWy9fvlx169bV8OHDy3095SU2NlYBAQEaM2aMVQicu6sDSeUWAIeFhWnLli3666+/ZGdnp6ZNm2rgwIHq2rVrmZe9ceNGffnll+rfv7+uXLlSZbZ/fsd4VlaWPvjgAzk6Ouqpp56So6OjjUuZv/wexrCEV5KM62dKSopat25dqmA4KChIv//+u/7zn/9YDT9w4IBWr16t999/v3SFL6GKPhdXJbnPr5IKDYBTU1P1j3/8Q++8844aN25c6LLNZrNef/11JSUlad68eapbt26Zy3sjCw4Otgp/3d3dNXLkSKuHDT08PDRy5EgtXrxY8fHxkrKPreDg4BI3tV7R9y032n0+AAAAAACofBkZGUpISLBphaIKC4Cl0ofAixYt0p9//qkxY8aoRYsWunbtmrZv366ZM2dq7ty5atKkSanLdPjwYUVGRpY5AL733nt1zz33lGkZVUmHDh2MALi8am5PmzZN7du3L/F8u3btUvPmzfMEwJa+pi1trJfUZ599Jl9f3xIFwJmZmbKzK/eW0kulOOGvlF17e+TIkQoKClLfvn3L3G/p999/r549eyo8PFwxMTFq1KhRmZaXW2ZmpurVq6cPPvigwgKHqni8Fhb+FiS/hypKIj09Xfv27dOIESO0Y8eOCgmAc3r66adLfPxU9jHn7Oys1NRUBQQEaOjQoTKbzYqOjs43AC6PWtnbt2/X2rVr9Y9//EMdO3aUk5OTfvzxR33wwQdKTU1Vr169yrT8kJAQjR49Wj169FBycnK5bsuynIPzO8ZPnTqlnj17Vvj3sKy8vb3l7u5uhFKS9NBDD0mSoqKitGbNGmN4dHS0zp49e0M2314Z5+Kbxa+//qrMzEytWLGiRMdLVbrnKC8pKSkKCQmxGtatWzcj/A0KCpLJZJK/v79cXV3VoUMH7dy505g2JCTEavriqOj7FgAAAAAAgMJkZGQoOjpaHh4e1ScAHjhwYJ6AoqT9dx07dkw//vij3n77baOGhbOzs4YOHSovLy+jhtCFCxe0atUqnTt3TiaTSX5+fho5cqScnZ01YcIEDRw4UOHh4bp69aocHR31wgsv6Ny5c1q9erUyMjI0c+ZMzZo1S2azWStXrtSZM2dkZ2enjh076rHHHpO9vb3ef/991axZUxcuXNDly5d19epVjR07Vq1atVJoaKhRyy0hIUHLli3T6dOn5e7unido2r59u7Zv367MzEy5uLhoxIgR8vPzK8OWvvFduXJFy5cvV0xMjDIzM9WkSRP9+9//1vfff68ffvhB4eHhOnv2rP72t7/pxRdf1GOPPaZNmzbp7bff1rRp0zRp0iS1bt1akrR69WplZmZq1KhRSktLU2BgoA4dOqSMjAx169ZNI0eO1Lvvvqu4uDjNnj1bjz/+uA4ePKjGjRsbNbh+/PFHffbZZ/rf//6n3bt368CBA3J0dNSFCxc0b948RUZG6tNPP1VycrLs7e31yCOPlDmoKaktW7bkGZY7/LXw9vaWh4eHUbOxLCHwzp07NXnyZNWqVUs7d+7UiBEjJElxcXF64YUXNGLECP34448ym81q06aNEfrFxcXpgw8+UFxcnDIzM9WpUyc9/fTTMplMWrZsmWrXrq2ff/5ZrVq10qBBg6xqne3evVtbt25VRkaGateurWeeeUY+Pj66dOmSJk2apNGjR+uHH36Q2WyWj4+Pxo8fL5PJpEuXLikgIEAnT56Uk5OT/P391bNnT6vjVZK++uor7dixw1j+P//5T91+++2l3kY3ioMHD+r2229Xz549FRQUpMTEROOBiPfff1+urq66ePGiYmJi5OTkpGeeeUabNm3S+fPn5e7urpdfflnOzs5aunSp3NzcdOHCBcXHxys9PV3jxo1Ts2bNrNa3evVqowZqWlqaAgICFBUVpczMTN16663697//rTp16uR7zFWW1q1bKyIiQqmpqQoMDKzQdV27dk3r1q3TU089pd69exvDu3fvLnd3dzk4ZF+Sr1+/rjVr1ujw4cPKysqSp6enRo8erYYNG2rv3r364YcfdMstt+iPP/7Q5cuX9cADD+iBBx7Q22+/rZiYGK1du1anT59WfHy8sf0t59zTp0+rXr166t69u7Zs2aKlS5dqx44dCgkJ0WuvvSYpu/bcqFGj9OGHHyolJSXPOTgtLa3AY7ugc/ClS5esjvGCrotFHeO20q1bN6PGqLOzs1FbPDg4OM+0oaGh6tu3b7l3pVDQdbNOnToaO3ZsodfF4h57L730ktV+io6OVmBgoPEwQb9+/fTggw9Kyn5Y66uvvjJCy0GDBqlPnz7l+pmrsoLuETMyMrR69WolJiZq8uTJmjlzpjIyMgq8Z819PWzevLn27t2rxo0b648//lB8fLzGjRunkJAQnTlzRsnJyZo8ebKaNm2qtLQ0rVu3zniA79Zbb9Xo0aNVq1atQr8vlSk6OjrP/w1iY2O1c+dOmc1mq9ZnfH195evraxUAp6amKjo6ukQPJ+Z335KUlKRx48bpzTff1G233SYpu9+eKVOmaMWKFZo8eXKBx1BR9/k36z0FAAAAAADIyxL+JicnS8q/Mk3t2rVVq1atCi9LuVQziI+P18mTJ9W4cWM1a9bM6q+oZvJyO3LkSIHz9ejRQ56enpKkJUuWqGnTplq0aJEWLFigs2fPatOmTZIke3t7HT58WNOmTdNbb70lV1dX7dixQ61bt1a/fv3UoUMHIwhasmSJ6tevr3fffVdz585VVFSU8cOTvb29QkND9c9//lNvvPGGevXqpc8//zxPudavXy8HBwctW7ZMr732mn7++Werz7Nhwwb997//1cKFC/X444/r7bff1tWrV0u0XcqT2WzWyZMnrf5iYmKM8TG/AZNUAAAgAElEQVQxMXnG5+4Ps6y+/vpr1apVS4sXL9aSJUt0xx13KDIyUkOGDJGvr6+GDRtmNAl6/fp1Xbt2TStXriyyGcXNmzfr3LlzWrRokRYuXKgjR47ou+++06RJkyRJ//3vf3XvvfcWugwnJycdO3ZMvXv31rx585SWlmbsu2XLlunf//63VqxYoYSEhHLbHsXx1FNPyd3d3XhfUPgrZdcWtvyoWtKHMHKKjo6Wm5ubmjZtqp49e2rfvn1KT0+XJNnZ2Sk9PV3Xr183audHREQoLCxMkvThhx/K19dXy5Yt0/z58xUaGqoff/xRkuTo6Kj9+/dr2rRpGjVqlNU6jx07psDAQE2ZMkULFy7UwIEDNX/+fKWnp8ve3l5paWm6cuWKZsyYodmzZ+vnn39WVFSUJGnp0qXy9fXV+++/r2nTpunDDz/U6dOnrZb/22+/aePGjUYTxffcc49WrFhR6m1kK1u2bNH06dPzrRVekB07dqhPnz5ydHRUly5dtGfPHmOcvb29fvrpJz377LNasGCBsrKyFBAQoEmTJmnBggWKj4/XoUOHJGXv+7CwMD377LOaM2eOevfurWXLlhW67q1btyomJkaLFi3S0qVLlZGRYZyzcx9zlakkfX4GBASU6Vx4/PhxpaSkqEePHnnG+fn56c4775Qkbdq0SWfOnNGCBQu0aNEi+fj4aOnSpZKy91NUVJQ6duyo1157TRMmTFBgYKDS0tL00ksvqWHDhho9erSeeOIJq+UHBQXJ3t5ey5Yt07Rp07R79+5i1TTM7xxc2LFd0Dk4p8Kui0Ud47ZiCYUkWTUVHhsbm+/0Oa+p5aWg62ZRSnvsJSYmav78+Ro+fLgWLVqkV155RRs3btSRI0d07do1rVixQtOnT9fixYs1Y8YMHTp0SGlpaeX+uauqgu4R27Rpo5EjR6pJkyZauHCh6tatW+g9a+7rob29vY4dO6Y+ffrozTffVOfOnbVgwQINGTJEb775pvz8/PTNN99Ikr788kv99ttveuutt7Rw4UK5u7tr5cqVkkr/fSlv+Z0zw8PDFRwcrPDwcEn/H/4WNH1JzrsF3be4ubmpU6dO2r17tzFtaGio7rnnHrm5uRW6zMLu86vLPQUAAAAAACi73OFvcnKyzpw5k+9fZSiXGsBms7nQHztKUgMxKSmpyCrRCQkJ+vXXXzV58mRJ2T+e3X///dq2bZvR1+G9995rNGHo4+OjCxcu5FnO1atXFRUVZdQscnZ2Vp8+fbRnzx71799fktS+fXvVrl1bknTbbbdp+/bteZZz5MgRDR8+XCaTSU5OTrr//vuNH/YOHjyojh07ql69epKkdu3aqWbNmvrll1/UsWPHYm2T8pKSkqI1a9bk27RpTlu3bs13eKNGjTRmzJhi12qaP39+nqcbhg8frkGDBqlevXoKCwtTRESEWrdurUceeSTfZVjm79GjR7Fqfx04cEB///vf5ejoKEdHR73++utGrbqScHNzM/pxdHR01PLly43P3bJlS9nb2+v8+fPGd6My+Pr6auLEidq6davi4+PVqlWrfKfL2VS0u7u7VXBRUsHBwUZNxTp16qh58+Y6ePCgVYhuCbNcXFzUrl07RUVFqWvXrnr55ZeNfVarVi35+voaoYjJZFKrVq1Uv379POvcv3+/OnfubDzs0blzZ3388cf69ddfjQdD7rvvPknZzV17eXnpwoULunr1qqKjozVp0iSZTCY1btxYy5cvV40aNfTHH38Yy7/99tuN4VL2Mb558+ZSb6PKFBMTo+joaIWHhys6OlpS9v52d3cvso/EmJgYXbhwQW3atJEk9enTxwjYLdq2bWt8zxs3bqw6derI2dlZUnbodenSJWPau+66y6g93KVLF3300Ue6cuVKgesfPHiwHnjgAeN49PPzMz6DZH3MVSZvb2/5+/sXK0i3NBWdu7/g4kpMTJSbm5ucnJwKnS4sLMw4j0lSv379tHnzZiUlJUmSGjRoYITFPj4+ysjIkNlsVsOGDQtc5pEjR/TEE0/IZDLJzc1N3bp1044dO4osc37n4MKO7YLOwTm/G4VdFy215vI7xm3JbDbbdP2Sin3dzK20x96RI0dUp04dtWvXzlh/hw4dFB4eLj8/P9WpU0fBwcHq1auXvL29NXXq1HL4lDeW4twjFnXPmt/10MvLS7fccouk7HOxt7e30Yxx48aN9dNPP0nKPt6GDBliNE//4IMPatKkScrIyCj196W8FfUwxN133220xpKSkqLQ0NASLyOnwu5b7r//fi1cuFAjRoyQo6OjQkNDjVZNClPYff6NfE8BAAAAAADKT+7wtyqo0D6AS6N27dr67bffCp3G8kNyzvCtdu3aVv3z5QwpTSaTMjMz8yzHMv2MGTOMYZbm2/Jbjp2dXb7LuXr1qlW/sjmrbl+5ciVPUJC7rJUlJCSkyPC3MDExMQoODi5234ZTpkwpsA/g/v37y2QyacuWLVq4cKHatm2rZ555xggEcitu0BofH2+1/S0/yGVkZBRrfovcTSTu3r1b+/fvN/rATE9PN15XJldXVw0dOlRRUVFasWKFBg0aZPVwRe5+gosKBQtz9epVHTx4UBEREfr4448lZfdPmJycbBUA597elqAmKipKW7duVUpKikwmk2JiYqz6+ixon8bHx+vw4cM6fPiwMezatWuKj483AuD8jkvLMZWzPPk1o5CamqrPPvtMx48fl5Td3K4t9mVpFNRMcXGO6x07dig+Pl7PPPOM1fKOHTtm7Jecfdza2dnleZ/z/JffcZaYmFjg+mNjY7V+/XpduHBBJpPJan9KeY+5ytShQwd5eHhoy5YtBdbotChLCFynTh0lJSUpNTW10P6Er1y5YnV8WLa15dqX+/omKd9rU065r1OFhcX5yVmewo7tgs7BORXnulica29lydkyiCSrcjo7O+fbn3dJ+4su6D7F0vKBVPLrpkVpj73c30Mp+7t46dIlmUwmvfbaa9qyZYvefPNN2dnZ6ZFHHrmpmoCWivc9Lc49a+7tXNxzcXx8vAIDA/XZZ59ZzRsfH1/q70tlcnZ2NvrTtjykWJaHLYq6b2nTpo1cXFx06NAhNWrUSImJiQXep+ZebkH3+TfyPQUAAAAAAChfubvBsrUqFwC3a9dO69ev14kTJ/LUGt68ebN8fHyM4fHx8cYPWQkJCSXuTNnSnPBbb71Vpva2a9asaRV85Pzxyt3dPU/YW5qylgdLSOTl5ZUnxD137pzRv+HAgQPz/DhvCUbKs1nLfv36qV+/fkpJSdHKlSv1ySefGDVkcstZ+zd3s6UpKSlGLcU6depY1TS7cuWKMjIy8vzAbWdnZ/UDXWFPZYSHh2vjxo2aO3euGjZsqKysLI0cObL4H7QCtG7dWr6+vgoMDJS3t7ceeuihPOGvVLbmn3fv3q2uXbvqueeeM4ZlZmZq3LhxiomJMWqTXblyxai5dPXqVdWuXVtXr17VggUL9MILLxh95c2ePdtq+QXV6K5bt67uu+++PE1DSyr0wQnLPs55XoiLi7P60VbKbgr31KlTmjlzplxcXPTbb7/p9ddfL3RbVBbL+S0lJUUnTpwoMowsrrS0NO3Zs0f/+9//jJrVUnYTocHBwVbBfHHlPM4sTdoX9qDGkiVL1Lp1az3//PMymUzatGmTjh07VuL1VhRfX19NmjRJZrNZZrPZCFxWrFiRJ+ArbQjcrFkz1ahRQzt37rSqeS1JEREROnv2rAYNGiR3d3er7Wtpbt7Dw0MnT54s1edzc3OzOs/lrFGb3zk1N8vxWtSxXdA5OKeqdF0szL59+xQaGponkDKbzUpJSZGrq6t8fX3zfI9z9hFcXPXq1dO5c+eUlZVldW48deqUVVhf0HWzsOtiaY+93N9DyXo/NWrUSGPHjpUk/fLLL5ozZ47uuOMONWnSpESfvSxee+01q+PTxcVFr776aqWtvzgsXTcUds9a2v6tPTw85O/vr86dO+c7viT3WRWlUaNGBZ63vL29jRA9KCiowIeZLLWfi1LUfUujRo3Us2dPhYSEyNvbW927dzcesCjsGCrsPr8q31MAAAAAAIDKY29vr9atWysqKsqmlVlyKpc+gMtT8+bN1aNHD82fP18//vijkpKSZDabtW7dOm3ZskVeXl6qVauWWrZsaTS1l5aWpl27dqlTp05FLt/BwcFoRtPNzU1+fn7asmWLJCkrK0ubN2/W3r17S1TmVq1a6YcfflBWVpZSUlKs+tXs3LmzDh06ZDSdGhERoeTk5FIFLuXF8qN1zr+cP1Z7e3vnGV/cZp+L6/333zdqVLm6uhrBqmS9j/JTr149o1/XK1euWPXF1qlTJ+3YsUPXrl3TtWvXNG/ePIWFhcnOzk4mk8lYbv369Y121jMyMvJtctAiISFBderUUYMGDZSVlaWNGzfKZDLZ/GkOV1dXjR07Vu7u7lq0aFG+Tdhu27atRH3EWmRlZSk4ODhPf8l2dnbq2LGjVW24Xbt2ScoOhiIjI+Xn56fk5GRlZGSoWbNmkrJD9L/++qtY26xLly46cOCAEVCdP39e77zzTr617HKqXbu27rjjDm3btk1ZWVmKi4vT1KlTdfHiRavpEhIS5O3tLRcXF6WkpOibb75RRkaGzfuuHDNmjMaOHau+fftq0KBBmjRpUr616by8vPIMK6q24f79++Xp6WkV/kpS165ddfDgwUJr7hbk559/Ns5re/fu1S233FLogzQJCQny9fU1aozu37/f5sdQfjw8PIxzore3t8aOHWuEADlZQuCS9E3p6OiokSNHat26ddq2bZsRJO7Zs0dLliwxgr7OnTtr586dxndy+/bt8vPzK9N5+I477lBoaKiysrKUnJys/fv3G+Pq1aun2NhYY32FXQOLOrYLOgfnVBWvi7lt2bLF2Ef5sTSh3L179zzj8htWlE6dOik9PV2BgYG6evWqrl27pgMHDujbb781HhYo7LpZ2HWxtMdemzZtjPO6lP3QQEREhDp27Ki//vpLr7/+unHuaNy4sRwcHCq95mN+D2dUNWW5Zy1Kly5dtH37dmM7/PTTT/rkk08kFf59qUyFPQwRHx+vnTt3aufOnYU+8FScByqKe99y//33KzIyUnv37jWampcKP4YKu8+vqvcUAAAAAACg8tWoUUOtW7c2HjR3cnJS48aN8/zl9xt/RahyNYAl6bnnntO2bdv02WefKS4uTi4uLmrbtq3mzJljBBjjx4/Xhx9+aPT3effdd2vw4MFFLvuuu+7SN998o2effVZLly7V+PHjtXLlSk2YMEGZmZlq1qyZevXqVaLyDhs2TEuXLtW4cePk7u6unj176ptvvpGUXVNz6NChmj17tjIzM+Xm5qapU6fKzc2t5BvmBvPWW2/lO3z58uUaOHCgVq5cqS+++EJ2dnby9vbWmDFjJGX/oBkYGKgTJ07o6aefzjP/8OHDtWrVKh04cEAeHh7q0qWL0tPTJUmPPPKIEhMT9fzzzyszM1OdO3fWgAEDZDKZ1K1bN73xxhsaOnSo+vfvr3fffVevvPKK3Nzc1LZtWwUHB+db3i5duigkJEQTJkxQjRo19Oijj+q+++7TsmXLNGPGDKumNG2he/fuRhjh7u5uNKe4Zs0aSdkBjST5+/sXe5lHjx5VYmKi2rZtm2dc165dtWjRIiOc9PDw0EsvvaTExER17dpVHTt2lMlk0oMPPqjp06fLzc1NnTp10ogRI7Rq1So1bdq00HXfeeedevzxxzV37lylp6fLwcFBQ4YMkbOzc5E1midMmKCAgACNGzdOTk5OGjlypG699Var2keDBg3S4sWL9fzzz6t27doaNWqUzpw5o//85z9asGBBsbdRecrZskFOffv2tQrbvby8NGnSJJ07d86qZmpRTX0HBwera9eueYZ7eHjIx8fH6sfs4rr77rv1wQcfKCYmRq6urnr22WcLnf7xxx/Xp59+qi+++EJNmzbVmDFjNG/ePH300Udq0aJFiddfWSwhcHnVBO7du7fq1Kmjr776SuvXr5fJZJKvr69eeOEFo3/mhx9+WImJiXr55ZeVlZWlJk2aFLl9i2K5Tj333HNq1KiRunfvblyn2rZtqzvvvFPTp0+Xh4eHEWDm96Sap6dnocd2QefgnP1HF3ZdtEX3CPmxnDcLEhERoQ4dOsjX1zdPjeaC+mcvjJubm15//XUFBgZqwoQJSk9PN/a7paZ1YdfNwq6LpT323NzcNGXKFH3yySdavXq17Ozs9Pjjj6tly5bKyspS69atNW3aNEnZD275+/sXeX6/WZX2nrUogwcPVnJysqZMmaLMzEzVqVPHaOa/sO9LZWrVqlWBTaU7OzsboXR+D9pYhhfnmCrOfcvw4cPl6emp5s2bKzExUT4+PsY0hR1Dhd3nV8V7CgAAAAAAYDuWEDgqKkoNGjSo1NbycjNllbA6wIkTJxQQEFCilYwZMybfcANll19T2fk5d+6cAgICjL4ncwcWQUFBioiIkJTdH2bOsLCoeVF2xd2PBUlJSVFMTEyh/QHn3q9ldeHCBY0fP17r1q3L03Tizay4+3L69OnGaw8PD02ZMiXPNGazWfPnzzfe+/j4GE2ums1mhYeHG/3XVqbly5erXr16GjZsWKWutyTKekzlljt0z8nFxUVTpkwp95YSyltmZqZxrIaEhGjbtm2aM2eOjUtV+Yrz3fjkk08KrE3q6+urbt26Gft73rx5VgHwlClTqlxz1jea0pxHLebOnSsp+8GXnA/QSFKfPn2MB2YKmxdFK8k5Nr99IVnvj+JMU14WL16sZs2a5WmKvyoq72sZAAAAAACwdvDgQfn5+RVr2pwtHdauXbvQFg2Tk5OVlJSkBg0alKl8lgfULa30FUf79u0lVcEmoFExAgMDjR+zU1NTjdqhUnZQaAl/Le9z1n4qbF5UDZZmvXPq0KGD1Y+b4eHhCggIKFO/wPmxRZOS1Y3ZbNaGDRus9s25c+cUGBhY4DweHh7q27evzYKmm22/F9Uc9NatW21QquLbvHmzZs2apbS0NKWnp+v7778vVU3Vm8VTTz2lsWPH5vvXt29fI/zdt29fnlrLO3fuLPfzLHAj69u3r1Vt2+Ly8fEp9/D32LFjOnr0aIlb+wEAAAAAACiJGjVqlDn8Lasq2QQ0yl/uH6iTk5ON1/n1cZjzx+vC5kXV1r17d8XExBgB/4kTJxQcHKxBgwbZuGTILTw8XF5eXkbzu8HBwYqJibFxqZBTYc1BF9RXbFXxt7/9TadOndKECRNkZ2enVq1a6dFHH7V1sW5IZrNZO3fuVFRUVL61hMPDwxUVFaXWrVurT58+1AYGJI0cOVKBgYFWXTJER0fLZDIZr3Py8fHRyJEjy7UMb775ps6cOaPnnntONWrUKNdlAwAAAAAAVDUlDoAbNWpk9P1ZknlgW/fee69CQ0ON9x06dLB6vW/fPiPQcHZ2VuvWrYs1L6q+oUOHSpIRApdXUNWgQQN9/vnn5bKsm9HAgQPzhEc5j62+ffvmaWq9qpxLy9of7Y2soBC4W7duNixV0VxcXDRx4kRbF+OGl7NLhMKkpqYarWmMGDHC6pqK8pP7POri4mK8zq+Ge85hhc2L8ufq6qqxY8cqODjYuOeMiYnJ86CTs7OzunfvXu41fyXplVdeKfdlAgAAAACAm0fjxo2N125ubjYsSfGUOAB2dXWtkB9lULEGDRokV1dXoy+xnPvQw8NDY8eOVUhIiKTsICNnjaXc81b1oAN5PfTQQ3JxcZHZbDYCYdiWpaZvQby9velru4ry9vbW1KlTFRwcLLPZrA4dOhDw3SRCQkKKDH9z27ZtG9+PClLYebSoc2hR52BUjL59+6pbt26Kjo7WuXPnjAC4UaNG8vb2VqtWrap8f+oAAAAAAODm1KRJE1sXoURoAvomUlhw7+3tXWgwSOh/Y3N1daXZZ6AccUzdnErTt29+/UYDNzNXV1d16NCBFmUAAAAAAAAqEAEwAABAMTz11FO2LgIAAAAAAAAAFMnO1gUAAAAAAAAAAAAAAJQPAmAAAAAAAAAAAAAAqCYIgAEAAAAAAAAAAACgmiAABgAAAAAAAAAAAIBqggAYAAAAAAAAAAAAAKoJAmAAAAAAAAAAAAAAqCYIgAEAAAAAAAAAAACgmiAABgAAAAAAAAAAAIBqwrR+/fosWxcCAAAAAAAAAAAAAJBtwIABkqTIyMhiz9O+fXtJkkNqakKFFAoAAAAAAAAAAAAAUDR7e3s5OzurVq1aqlOndpmW5VCnTp1yKhYAAAAAAAAAAAAAoKTs7e3l6OioGjVc5eTkVKZlOdSrV7ecigUAAAAAAAAAAAAAKCk7OzvZ2dnJyclJzs7OZVqWg7s7NYABAAAAAAAAAAAAwFZMJpMkk+zt7eTg4FCmZTm4uLiWT6kAAAAAAAAAAAAAAKViMmUHwdlhcOk5ODjYl1ORAAAAAAAAAAAAAAC2ZGfrAgAAAAAAAAAAAAAAygcBMAAAAAAAAAAAAABUEwTAAAAAAAAAAAAAAFBNEAADAAAAAAAAAAAAQDVBAAwAAAAAAAAAAAAA1QQBMAAAAAAAAAAAAABUEwTAAAAAAAAAAAAAAFBNEAADAAAAAAAAAAAAQDVBAAwAAAAAAAAAAAAA1QQBMAAAAAAAAAAAAABUEwTAAAAAAAAAAAAAAFBNEAADAAAAAAAAAAAAQDVBAAwAAAAAAAAAAAAA1QQBMAAAAAAAAAAAAABUEwTAAAAAAAAAAAAAAFBNEAADAAAAAAAAAAAAQDVBAAwAAAAAAAAAAAAA1QQBMAAAAAAAAAAAAABUEwTAAAAAAAAAAAAAAFBNEAADAAAAAAAAAAAAQDVBAAwAAAAAAAAAAAAA1QQBMAAAAAAAAAAAAABUEwTAAAAAAAAAAAAAAFBNEAADAAAAAAAAAAAAQDVBAAwAAAAAAAAAAAAA1QQBMAAAAAAAAAAAAABUEwTAAAAAAAAAAAAAAFBNEAADAAAAAAAAAAAAQDXhYOsCAJXt+rVUbdvymSRp4KDhcnJ2sXGJAAAAAAAAAAAAgPJRJQPgpKQk7dz5vX7++YhOnTqjq1cTZTKZVLeuh5o181WnTh3UpUtHOThUyeJXuPT0dIWGhunQoQj9/vsfSkhIUHp6hmrVqqlbb71Fd9/dXj17dlPNmjVtXdQq6fjxX9TQs7HxulXr9jYuEQAAAAAAAAAAAFA+TH/++UuWrQuR086d3+ujjwKVkpJa6HT3399DEyb8q5JKVXX89ttxLVy4THFx5wudrkGD+nr//UWVVKoby8ag1erava8kKfzgXj005AkblwgAAAAAAAAAAAD4fx4ejSRJkZGRxZ6nffvsSo9VqgptUNAmffbZhjzDHRwc5OjoYBUKp6WlVWbRqoQjR6L05pvzlJ6eYTXcZDLJ1dVFKSmpysrKzvNvxu1THJcvZQfnjRo1kSRdv35dly+dV916DW1ZLAAAAAAAAAAAAKBcVJkA+PDho3nCXz+/VnriiaG6/fbmsrOzU1JSsqKiorV9e7Akk20KaiMJCQl6++3FVuFvw4YN9NRTj6tDh7vk5OSk9PR0/f77H/r++x8UGXnYhqWtuo5F/6w7W/1/k893tmqvY9E/q1uPfjYsFQAAAAAAAAAAAFA+qkwAvHZtkNX79u3bavr0F636+XVzq6FOne5Rp0736MKFi8bw3377XdOnv2a8HzFimLp166q1a9fr8OGjunIlQZMnP6fu3e81pvnxxwjt2rVHx49n96Hr6Oioxo291blzRz3wQD+5urpalScmJlbffhusP//8S3Fx55WUlKzU1FS5uDjL09NTbdu21oMPDlD9+vWs5itN2fLz1VffKDEx0Xhft66H5sx5TR4e7sYwBwcHtWx5h1q2vMNq+5jNZo0ePd5436fP/Xr22THG+7/+OqUXXphuvH/00SF64onHjPfDh/9DaWnpkqT27dtoypTJCgrapJCQA7p06bL69OmpceP+KUkKCTmg3bv36uTJv5SYmCh7e3vVrOmmhg0byNf3NnXr1kV33NHC6rOlpqYqOPh7HTx4SKdOnVZycopcXV3VtGljderUQf369c6zP0rj+rVUnTl9Qu3adzaG3XKLrw5Hhun6tVQ5ObuUeR0AAAAAAAAAAACALVWJAPjixUv6/ffjVsNGj/6HVfibW4MG9Qscd/78RU2dOkMJCVeNYZamka9fT9O77y7VwYOHrOZJT8/Q8eMndPz4Ce3evUevvDJVnp7/3yzwyZN/aevWb/KsKzk5RSdP/qmTJ/9UcPBuvfrqdDVr5luqshVm//4wq/ePPz7UKvzNrbDtYzKVvvZ0enqGZs16S7/88psxzFL+zz7boKCgTbmmT9e1a9d06dJlHTv2q+zt7a0C4JiYWM2Zs0DnzsVazZeYmKhjx37VsWO/avv2nfrPf15S48bexS7n7p1bdeb0iTzD27bvpJq1ahvva9aqrWbNW+rzdSvyTNv0lma6v/fAYq8TAAAAAAAAAAAAsLUqEQDnDn9vvbWpGjXyKvXyvvtuZz5Ds0PPlSs/tgp/fXxuU7t2frpyJUF794YoIyND587F6q23/qcFC2ZbhdCuri5q2fJO1a9fV7Vr11ZGRobOno3RoUMRyszMVFJSst57b6Xefnt2qcpWkISEBMXGxlkN69jx7kLnqShHj0bnGZaVJV27dk2bN281hjVu7K177rlLdnb2unjxok6dOq2//jptNd/162maO/dtq/DXw8Ndt97aVKdOndHly2ZJUmxsnObMeVvvvvuWnJycilXOuNiz6jvg70Zfv4Xp2Pk+dex8n9WwU38dV+i+/PYVAAAAAAAAAAAAUHVViQD4ypUEq/c5a96WVrt2bfTUU0+oUSNPnT9/QY6OjoqJidXOnd8b09x1Vzv95z8vyc7Ozphn4cJlkqRTp84oJOSAevbsLim7SerVqz/It1ZyUNAmo//ikyf/VLXmmOkAACAASURBVGxsnLy8PEtUtsLk3j5ubjVUq1atYmyF/NnZla3/ZE/Phho3bpRatGiupKRkmc3xunIlQWlpacY0L744Ubfe2tRqvvPnL+jq1f+v+bxnzw86ezbGeN+uXRtNnTpZzs7Oun49TfPmvWP0ZRwbG6fdu/dqwIC+xSpj/789ou++3aR7OvVQ89tblejzHf89WocO/qD+f3ukRPMBAAAAAAAAAAAAtlYlAuC8yhZQuru7G0Gi9H/s3Xt8jvUfx/HXfe8822w2GsY228ghFDlLjikqx45+KOmkhAgdJKRShKKQ0g85dJBKlEOoHCOHydjGMMxhdj5v9/3743Zfds8cQqb93s/H435s1+l7fa/rusf92Huf7xeqVLFVgS5b9pPDcMshIVX544/t585a5LTbt+8wAmBPTw8iI/9i1apfiIk5wJkzSeTk5BR7/mPHjl8wAL5Q3/6Oyxgx+h81dOhAqlULBcDDw4OAAH/y8/NxdnYmP982V/DUqdNp1KghlStXpHLlSlSpEkSFCuWpUKG80c727Tsd2n3wwW7GfXF1deHBB7sbAbBt/x2XHQCX869Ah45d2fDbKpLOnD6vwvdCtm5ez4mEeDp07Eo5/6v/QwQRERERERERERERERGR6+mGCIDLlvVxWD5x4sQF9rw8DRveagSJhZ08ecphecmS7y/azqlTpx32nTdv4WWdPzMz62/37WKK3p/MzEzS0tKuqgr4SlWsGGiEv4U5Oztz111tWbbsJwDi4g4TF3fY2O7m5kajRg3o1eshAgL8Acf7CxAU5BiGF60gLrr/pdhC4G78vOIbfv91Jc1btr/o/r//upKkM6fo0LEbrm7uf+tcIiIiIiIiIiIiIiIiIjcCc0l3ACAiItxh+fDh+PPmvP077AHj1bJX+KakpBpDPAN4eXnxxBN9GDPmVd56azTdut1X5MgLl+heSd98fHzOqyj+448//3Y7dhaLY/+KDjF9Mf7+5S64rXfvR3jssf8QEhJ83racnBx+/XUD77zzvlElfD24urnT+f5HOBC795L7HojdS+f7H1H4KyIiIiIiIiIiIiIiIv9aN0QFcECAPxER4URHxwBgtVr59NO5DB8+GCcnp2KPOX068YJhqrNz8ceULx/gsDx8+BAaNWpwyf7FxMQ6hJb339+Ju+/uYCxv27bjkm1cqm+X0rRpY5Ys+c5YXrjwK267rf551cF2he9P0XmL09PTHZb37Yu+7H5crP/Ozs507tyRzp07kpWVxbFjxzl2zDbv8u7dewA4cOAgR44cJTQ0mPLlAzh4MM44Pj4+nho1qhvLhw4dcWi/6PO7XLk52bi4XLrq2sXFjdycbAXAIiIiIiIiIiIiIiIi8q91Q1QAAzzySE+H5W3b/uTNN98lJuaAMW9vTk4Of/65k/Hj3+W//13wt89x2231HJa//fZ7cnNzz9svJSWVb75ZSkzMAQDy8wsctmdlnRviOTk5hVWrfvnbffm77rvvHsqUKWMsnz6dyMsvj2bLlm3k5eUBUFBQQEzMAWbNmsOrr44x9vX09MTFxcVY3rNnr1FhHRNzgB9+WHFN+rhp0xYjKPfw8CAsrBotWzaja9d7HfY7c+YMcP7zWLToG6PqOjc3j0WLvnbYfttt9a+oXwkJ8fiVu3TltV85fxIS4q/oHCIiIiIiIiIiIiIiIiI3ghuiAhigbt06PPRQD4ehlnfu3M3OnbtxdXXF1dWVjIwMIwxu3rzJ3z5HpUoVadOmFWvWrANsla8DBgzh9tsb4OPjTXp6OnFxh9m3LxqLxUJYWDUAwsJCMZvNWCwWAL77bhkpKal4eHjw++8bSU5OudrLvyQfH2+GDh3Im29OMALphIQTvPPOJJycnPD09CArK9sIYH19yxrHOjk5Ubv2zezYsRuAtLR0Bg4chq9vWRITz1yzPk6c+AEeHu5ERIQTEOCPn58vGRkZbNiwxWG/ypUrAdCqVUu++24Zx44lALbnPWDAEIKDq3DkyFGHvgUG3kTr1ndcUb+Skk4TWPHc/MLHj8ez6fdVADRp3o6KZ7cFVgwiKek0VYPDi21HRERERERERERERERE5EZ3wwTAAD17dsXPz5c5c+aRlZVtrM/NzT2vUrdwRevf0b//Y2RkZLJ581YAzpxJ4qefVhW7r8lkAmxDVN9zz1388MNywFYRvHr1WqMfbdveaSz/k+rWrcPYsa/x/vvTOHnylLG+oKCAtDTHYZ2L3p8ePbqye/dfFBQUGMfYA9YOHdrw889rrkkfMzIy2bFj1wW3d+p0lzGfsaurCy+/PIw333yX48dtIXBSUjJJSckOxwQG3sTLLw/F1dX1ivqUcDyeuvWbkJuTzc4dW4iN2UuzFm0BWLdmGWHhNalXvxEVbgpi145N1LuyQmMRERERERERERERERGREndDBcAA7dq1pkmT21m9eh07d+7m8OEjxpy1fn5+hIWF0rhxQ5o2bXxF7bu6uvDSS4PYvn0Hv/yynujoWJKTUzCbzfj5+VKunB/h4dVo0OBWatW62Tiub99HqVChPD/9tIoTJ07i4eFOzZo389BD3TlwIO66BMAA1atH8MEH7/H775v444/tREfHkpqaRkFBAV5eXlStGkSDBvVp1aqFw3E1a9Zg1KgRLFz4FQcOxGEyQXh4GD17dsXb2+uaBMDPPtuf/ftjOHDgIGfOJJGWlo7VasHHx4dq1UK4886W5z23ihUDee+9N1m16hc2bdrKkSNHycrKwt3dnSpVKtO4cUPat2+Dh4fHFffr5IljZGaksen3Vfj6BdCtRx9jnt/AwCB+/20Vy75fSN36jTl54thV3QMRERERERERERERERGRkmSKi4uylnQnRP5JO3dsIuF4PDVr1b/g8M6HD8Ww968dBFYMol79vz+8uIiIiIiIiIiIiIiIiMi14udXEYAdO3Zc9jH169uGub3hKoBFrrV69ZtccljnqsHhmvtXRERERERERERERERE/vXMJd0BERERERERERERERERERG5NhQAi4iIiIiIiIiIiIiIiIiUEgqARURERERERERERERERERKCQXAIiIiIiIiIiIiIiIiIiKlhAJgEREREREREREREREREZFSQgGwiIiIiIiIiIiIiIiIiEgpoQBYRERERERERERERERERKSUUAAsIiIiIiIiIiIiIiIiIlJKKAAWERERERERERERERERESklFACLiIiIiIiIiIiIiIiIiJQSCoBFREREREREREREREREREoJ5+DgGiXdBxEREREREREREREREREROSs1NfWKj1UFsIiIiIiIiIiIiIiIiIhIKaEAWERERERERERERERERESklFAALCIiIiIiIiIiIiIiIiJSSigAFhEREREREREREREREREpJRQAi4iIiIiIiIiIiIiIiIiUEgqARURERERERERERERERERKCQXAIiIiIiIiIiIiIiIiIiKlhAJgEREREREREREREREREZFSQgGwiIiIiIiIiIiIiIiIiEgpoQBYRERERERERERERERERKSUUAAsIiIiIiIiIiIiIiIiIlJKKAAWERERERERERERERERESklFACLiIiIiIiIiIiIiIiIiJQSCoBFREREREREREREREREREoJBcAiIiIiIiIiIiIiIiIiIqWEAmARERERERERERERERERkVJCAbCIiIiIiIiIiIiIiIiISCmhAFhEREREREREREREREREpJRQACwiIiIiIiIiIiIiIiIiUkooABYRERERERERERERERERKSX+lQHwin2JBI39/bL2HfFjLL2+2PMP9+if9+vBZG6ZuJlXVxzguz2nGbPy4FW19/TXUTy3ZD8A2fkWTMPWEHM661p09YZ1qfdNQloupmFrOJ2Rdx17JSIiIiIiIiIiIiIiInLt3BAB8KZDqZiGrSE5K/+y9q91UxnGdax2WfveXzuAPg0rXk33rovfDqZgGraGxxfvLXb7yv1nmP9IbbzdnBi36iCP3Bp4zc7tYjbxQZfqlPdyuWZtXq2Gk7cyZ+vxa9rm33nfiIiIiIiIiIiIiIiIiPwbOZd0B65EVV93+t5+eaFu0+Cy/3Bvro2Zm45SzsOZRTtO8P59EZR1d3w0Y+6yBZd1K3oxvHXwNT23k9nEc82DLrg9r8CKi5Ppmp6zJPyd942IiIiIiIiIiIiIiIjIv9ENGQAPWhrNsdQc3J3N7DqeTnpuAUPuqMKzzWwh5Yp9iTyxOIr415oDYLHCRxvimb4hnsPJOZTzdObVdqH0b1yJET/GEp+czbxHagNwMj2XQUujWROThMkEd1Uvx6T7qlPOs/hbcezYMSpVqoTVauXEiRMEBl688ta+f9HvLyYpK58vd51k9gM1GfjtPuZuS3AIZC91P+JTcuj/5V7+OJJGboGFOoFeTLovgsZVfYw2Zm0+xltr4jiTmce9tcpjNoG3m60APDvfgsfItUQPb0p4gAeDlkZzNCUbJ7OJPScyaBdRjvfviziv37GJWQz9PpqNh1LJzi/glkAvlvWrj4+7E9uPpjHku2h2HkunnKczjzeqxIjWwTiZTSRn5eM3aj0fdKnOvO0JJGflE1TWjc8fqkXlsm4MWhpNZEI6w3+MYdzqOG6t5MWXvW/BaoWPNsbz4e/xHE3JISLAk4n3RdCqmu8VvW+Op+bS/6u9/H4whfJeLoxsE+JwfXkFVsauOsjcbQmkZOdzW2VvJt9fnTqBZS75TEVERERERERERERERERKwg0xBHRxvv/rNANbVmHHkEb82K8eQ7+PueActVN+PcI7vxxi9gO1SBnXiq0v3M6tlb2L3feBuZFk5RUQ9VITIoc2JiEtl/8suPAcwRMmTOCHH37AarXy9NNPs3dv8UM0261YsYJ33nmHgoIC3nvvPb7//vtLXuvnfxzHy9WJHnUr8OhtgczcdPS8fS52PyxWK081qUzcK8049cYddLzZn65zdpGVZwFgTUwSQ76L5r8P1ebMmFZ0rFGOL/48cdE+fbvnNM+3qMLuFxsXG/6m5RRw50fbCS3nwf7hTTn9xh283SkcZ7OJxMw82s/4k7tq+HNidEu+e6weszYdY9L6Iw5tbIhL4ddnGxD1UhOq+Lrz8vJYACbfH0GdQC/euSecmBFN+bL3LQB88PsRJq0/woJH65A0thWvtQ/lvk93ciQ557LuU1EPzttNWXdnjr7Wgt8GNOCzrcccto9bdZCFO07wU//6HB/VgibBZWk/809Sswsueu9ERERERERERERERERESsoNGwDfVaMcDYNsIW718p5ElPdkW3xqsft+8PsRXu8QSpNgH8wmqODlahxb2IHELNYdSGZKl+r4ejjj7+nCxHsj+DEqkeOpucW2PXr0aJYsWcLMmTN5++23efnll1m3bt0F+92nTx+sVitDhgxh6NChLF26lI8//vii1zpr01EevS0QVycT/RpVYndCBhsPpVz2/ajq606XOuUp4+qEq5OJ19qFkJFbwN6TGQB8tvU4vW4LpEVoWcwmePS2QIfq4OK0DfejeciFh89eEnkKJ5OJ9+6NwMfdCWezieYhZfF0NbM08jS+Hs6MaB2Mq5OJ2oFlGHZnVT7Z7Bhsv9Q62Bha+r7aAWw5XPzztZv6WzyjO4RSr5IXZpNtfudmIWVZEnnysu5TYbGJWfx6MIVJ90bg6Wqmgpcro9qHOuzz2dbjvNoulOrlPXFzNvNGB9v2ZXtPX7SfIiIiIiIiIiIiIiIiIiXlhg2AA8q4OCx7uJhJyzm/8tJqhcNJ2VQv73nJNo+k5OBsNlHV191YFxbgYduWnF3sMb6+vgwdOpT58+fj5eXFgw8+yJQpUy54DicnJwYMGMDBgwfZtWuXcWx8fHyx+/96MJm/TmbyeCPb3LR1K3rRMMibGRsdw9KL3Y+0nAKeW7Kfmydsosq43wl5cwMZuQWcSs8DID4lm/Cz12kX7u+4XFTlsm4X3R53JouwAA/MxUwNfCQlm2r+HpgKbQsL8HCo1C16TRd6vnZWq+2cry4/wM0TNhmv3cczOJ2RV2ybF2s3PiUHL1cnbvJ2NdaF+597D1mtcDQ1h7BC98nJbCLYz/2C7xURERERERERERERERGRknZDzgH8d5hMUNXPnehTWbQM9b3ovlXKupFvsRKfkkPQ2YDzQKJteOAqhULhwjZs2MCECROYNm0aq1atYs2aNcycOfOC54iPj2fo0KH07t0bX19fRowYwYcffkhQUFCx+9uD3g4zdxjr0nLy2ZOQweT7bZXKl/LaigNEn87ktwENjADU77X1WLECEFTWnYQ0xwrnhLRcwt0u3LapmGC3sJByHny65TgWK+eFwFXKuhN3xjEkPZCYRRXfi4fKhRVt0/6cJ3QKp0fdCpfdzoUElXUjPbeAtJwCvN2cABzukckElX3cOHgmy6iEtljhUFL2Bd8rIiIiIiIiIiIiIiIiIiXthq0A/jsGNAtizMqDbDmcitUKp9Lz2Bafdt5+1fw9uCPUlyHfRZOSnc+ZzHyGfh/D3TX8qejjWkzLsHLlSqZNm0atWrXYvXs3M2fOJCAg4IJ9WblyJYMGDaJHjx6sXLmSDz/8kHr16hW775nMfL7efYppXauzY0gj47X3pSa4u5iZuy3hsq4/KSuPED93I/ydsekoydn5xvY+DQOZuy2Boym2CtytR1JZHZN0WW1fSJfa5cm3WBm+LIa0nALyLVY2xKWQmWvh/joBJGbm8d66w+QWWNl7MpN31x6mX6NKl91+RR839p3KdFg3sEUVXlkey/ajaVitkJVnYW1sEgfP/P2K3DB/D5qHlOWdXw4BUGCx8t66Qw779L29IuNXxxGbmEVOvoU3fj6A1Qqdal74+YuIiIiIiIiIiIiIiIiUpH99BTDA4Duq4mQ20WfhXxxJycbf04XX2oXSoJh5gBf9pw6Dv4um+jsbMWGiQ/VyTLov4oJtv/baa5jNtpz83XffNb6/kD59+hj7vPLKKxfd//M/juPr4cwTjSvj6uRY8vp008rM2HSU51sUXzlc2OvtQ+mz8C9ue38LZVyd6FwrgKqFqm3bRZRjdIdQ7pq1g/JeLlT1dafnVVbR+rg7sebpWxn6QwzVxm8g32KlbkUvfuhXD39PF35+8laGfLefcasO4ufhwmO3V2RIq6qX3f5LrYN5YvFePt54lIZVvFn55K280KIKHi5m+i78i0NJ2Xi4ONGwijeT76t+RdewqFcd+n8ZRYPJW/HzcKZH3Qp8vfuUsf3VdqEUWKy0/fhPUrLzubWyNz8/WR8fd6crOp+IiIiIiIiIiIiIiIjIP81ktVqtJd0JERERERERERERERERERGxSU1NBWDHjh2X2POc+vXrA6VkCGgREREREREREREREREREVEALCIiIiIiIiIiIiIiIiJSaigAFhEREREREREREREREREpJRQAi4iIiIiIiIiIiIiIiIiUEgqARURERERERERERERERERKCQXAIiIiIiIiIiIiIiIiIiKlhAJgEREREREREREREREREZFSQgGwiIiIiIiIiIiIiIiIiEgpoQBYRERERERERERERERERKSUUAAsIiIiIiIiIiIiIiIiIlJKKAAWERERERERERERERERESklnEu6AyIiIiIiIiIiIjea3NxcDhyIIS0tnezsbAoKLCXdJRERERH5hzg5mXF3d8fLy4uwsHBcXV1LuktXRQGwiIiIiIiIiIhIEdHR+ykoKCAkJAQvLy9cXV1KuksiIiIi8g/Jzc0jPT2dhITjREdHU7t27ZLu0lXRENAiIiIiIiIiIiJFJCaeITQ0mHLl/BT+ioiIiJRyrq4ulCvnR0hIMImJiSXdnaumAFhERERERERERKQIi8WCp2eZku6GiIiIiFxHnp5lsFj+/VN/KAAWERERERERERERERERESklFACLiIiIiIiIiIiIiIiIiJQSCoBFREREREREREREREREREoJBcAiIiIiIiIiIiIiIiIiIqWEAmARERERERERERERERERkVJCAbCIiIiIiIiIiIiIiIiISCmhAFhEREREREREREREREREpJRQAHwNFOzYQVrr1hTs2FHSXRERERERERERERERERGR/2MKgK+CNTnZ+Jq/du1560VERERERERERERERERErqd/XQA8evRo2rdvz6FDh66qnZEjR9KwYUPGjh17xW1k9O1L6q23UrBzJwAFO3eSeuutZPTte1V9ExERERERERERERERERG5Es4l3YEvvviCSZMmXXSf999/n5YtW7Jq1SrWrl3LjBkzCA4OpkWLFmRnZ/P222/Trl2769Tjc1zuvJO8tWvJfv99ALJefx2n+vVxufPO694XEREREREREREREREREZESD4ADAgKoU6cOAOnp6cTFxQEQERGBm5sbAN7e3gCcPn2aadOmUaNGjZLpbBFugwbh2rcvaa1bYwZMfn6UmTMHk69vSXdNRERERERERERERERERP4PlXgA3KFDBzp06ADAhg0bGDhwIABvvfUWISEhxn5fffUV7733HkFBQcyZM8eh4nfEiBEAtGnThgkTJtCoUSMsFguTJ0+mRYsWnDhxgk6dOhntFG63sAMHDjB9+nQiIyPJyMigSpUq9OjRgy5dumA2nz9atjU5mbTWrbEmJeGzYwep9euT1ro13r/8ohBYRERERERERERERERERK67Eg+Ar4SbmxsPPfQQX331Ffn5+bRo0YKgoKCrqgw+dOgQvXv3Jjs7mzp16hAcHMzPP//M+PHjiY+PN4Lpwky+vri/8ALmkBBMvr54Tp6MNTlZ4a+IiIiIiIiIiIiIiIiIlIh/ZQDs4eHB0KFD+fbbb8nPz6dz587FzgFcXNXuhXzzzTdkZ2cTFBTEp59+itlsJiIigsmTJ7No0SKeeeYZXFxczjvOtW9f43uXLl2u7IJERERERERERERERERERK6By09I/8UKCgouuU9CQgIAISEhRnAcFhYGQE5ODsnJyf9cB0VEREREREREREREREREroF/dQDs7GwrYLZarQ7rPT09AUhNTQUgOjr6km0FBgYCEBcXh8ViASA2NhawDTntq2GdRUREREREREREREREROQGV6IBsPUiL0sxL6vJhNVkMpZvqlgRq8nEZ59/zoT33mPTli1YgJq1a2M1mZgxaxaTp05l7Jtvnnds0eX7u3bFzcODI0eP0q9/f15/4w2mffQRVpOJ7j174uTiUmyf9NJLL7300kuvC78u9n+9iIiIiIjcWCwWC61ataZx46asX7/+qtp64YXBNG7clMmTp1yj3pWM1NRUHnzwYZ588imj2ARgw4YNNG7clGbNWpCbm3vRNh577HEaN27KrFmf/NPd/dcqKCjgjjvuJCpqX0l35arNmzefQYOGlHQ3ijVkyFD++9+516y9tWvX0qdPX42eKSJyA7rucwAX/YWvtdA3ViuYTGYwmbCeXT7HZNuGyVg/cOALvPvuu8TExLJ/fzQBAeW5/fZGDB06jDFjxhAbG8umTZvp1+8JJk6caDuN0a5je8HBIXz66WfMnDmTyMhIoqNjCA4OoVu3bnTp0qVIX0RERORyWAFT4RWmc1+s568WEREREfm/sGHDBpYu/Z7IyEiSk5Px8vIiKKgyjRs35rHH+uLi4lIi/Tp69CjZ2dkAVK9e/araso+sd7XtlKTc3FyGDXuJqlWrMnbsG7i7uxvb9u+3jTgYGhqCq6srFouFNm3akZWVxVtvvUmbNm0A28iF7u7u1KlTm9tuu61EruNGkJGRwRdfLGDlylUkJCTg4eFBtWqhDB06lLCwauTk5PDccwMIC6tW0l29ajExMdSocW3f9599NofIyD1MnPjuVbUTExPDgw/2vCZ9+vPPHXzxxQKmTp1C2bJlr0mbIiJy7VzXANha5CtWx3WNmzZj4+YtxnKB9dy2+7t15/5u3QHIP7u+YeMmLPrqa4dz5FshKDiEmbM/dVjfrecDDvu8Me5N3hj3pkN7IWHhjH9nQrH9zlcALCIicllMF/reBKZiUl97GKwQWERERERKu7y8PMaOHcdPP/0MgJ+fH7fcUoeMjAz274/m0KHD9O//xD/ej/z8fGNqtcLsoW3ZsmWN6dKuRGpqKqdOnQJu7AD4QvfBbu/eKNq0aUOPHt1xcnJy2LZ//34AatSoAcDhw4fJysoCHK/ZZDLx0UfTr3XX/1UsFgsvvDAIDw9Pxo9/kypVgjhz5gwbNmykbFkfwDal3wMPXJtg8nqwWq1YLJbz3hdgC1lbtmxxRe1e6D25f380N99c44ratEtLS+PEiRPGe/ZqWK1W9u/fz8SJ7+Ht7X3V7YmIyLV33QJgh/DXWmgIyOK+t55fKSwiIiL/PibOBr8UeZ0Ng02A1aQQWERERET+P0yePIWffvoZZ2dnBg8eRLduXTGbbTO0paenExkZiclk+1Q8evQbLF++gg4d2jN27BgAnniiP7t3R9Kv3+M8+WR/Dh8+zPjxbxEXd4i0tDTc3d2pUaMGgwcPIiIiHICJEyexePGXNGjQgGrVQlm5chW1a9dm0qT3+OKLBSxe/CWJiYk0a9aMKlWCAMcAc9asT/j555WcPn2a3NxcypcvT6dO9zgE1Zs2beKjjz4mNvYAYWHV6NKlCwCurq6EhAQDkJyczGefzWHt2nUkJiZSvnx52rdvR79+j+Pm5lbs/Vq7di3Dh4/E3d2d//ynF8uXryA5OZmmTZswcuQIypQpA0Bs7AFmz57Ntm3bycrKokqVIB5++GE6d+4EQEpKCh06dARgwIBnWbNmDdHRMcyaNZNatWo6nPO7777nzTfHExAQwLJl31OvXl2mT/+Izz//L/Xr12PGjI8B2LfvXAD82Wdz+PjjGUYb3bvbgszp0z8kNTWVESNext3dnV9+WY3ZbObRR3sRExPLAw/05OTJU2zcuJGKFSsyevTr7Nq1iwULFpKcnEyHDu0ZOXIEJpPpn+6dTAAAIABJREFUsp51UQ8++DBxcXFMnz6NBg1s1cczZszk008/M67FYrGwZMm3fP/99xw8GIe7uztNmjRm0KAX8PPzA6B9+7schr+2mzp1Mo0aNaJduw6kp6czZswb3HVXh/P2i4rax+7dkXzxxXyjwrdixYp0797N2GfmzFnExcUxfrytYOeJJ/rTsGFDDh8+zJEjR0hJSWX48GE0b9682GvNy8vjk09ms3z5CnJycujevRvbtm2jY8eOdO3ahSVLvmXZsmV88sks45ixY8fh7e3NoEEvALahm7///gdOnjyJm5sb997bmQEDngVs1eCtW7dl4MDn+fnnnzl9OpGpUyfj4+PD5MlT2LJlK25ubgwc+BwHD8YZIWt8fDwTJ75PVFQUmZmZhIVVY/jw4UaF8MyZs9i7N4qKFQP5888/qV27Nq+++orDtQ0aNIRNmzYRGRnJihU/0aJFcwYPHsSZM2f48MNp/P77BgoKCmjWrCkvvTQMLy8v475PmTKV2NhYKlYMpFu3blSoUAFfX1/ANhLB7NmfcvjwEQoKCmjYsCGvvfYK3t7ezJnzORs3bjTe72ALoZ966mkWLvwCPz8/pk79gNtvb4i3t/clr1NERK6/6xIAFw1/LZwLeS1W28v+feGvcG4YaAXCIiIiNz57gGsqVN1rNp3/1cy5INhsVQgsIiIiIqVffHw8X3/9DQBPPtmfHj26O2z38vKiSZMmxvLevVEA3HzzzYBtjtTo6BgAI1TZsWMnAJ063YO7uzsrVvzEtm3bGDduHJ9/PgeAfftsc6pu376drKxMmjdvRu3atZk5cxazZ3+Ks7MzLVu25MiRw8a8v4VDm/Xr11OvXl0qVqzI0aNHWbbsRz75ZDY1a95MixYt2Lx5M4MHv4jFYuG2227DxcWFCRNsw9SGh4fh7OxMWloa/fr1Jz4+ntDQEO6+uyOrV6/h88//S0ZGBsOGDS32ntmHWc7Ozmbfvv3cc8/dxjDCFStWZMCAZ4mM3MOAAc+RnZ1NgwYN8PPzZdWq1YwdOw4PD3fatm1r3AOA//53Lk2bNqFcOX/Cw8POO2dUVNTZe1Cj0Lp9DusyMjKIj4831iUkJBAaGsLBg3EEBQXRvHkzY9u8efPPPscamM1mcnJyOHgwDoBvv11KgwYNsFqtxMXF8dxzz+Pr64ufny/Hjx9n6dLv6Ny5M3Xr3nJZz7qom2+uQVxcHPv376dBg9s4deoUX3yxALPZzNChtns+ZsxYli9fQZUqVejV61E2btzIihU/kZSUzNSpk8nMzOTuuzsabS5b9iPp6en4+vpSs2ZN4uPjSU9PP+99U1jZsj44OTnxySez6dGjO7Vr13IYTtt+j+vVqwvYKoajo2Pw9CzDuHFj8PHxYd68+cya9ckFA+Bx497kzJkkZs+ehZ+fH2PGjGX37kgGDhxoPFf7z9K5c0bRq1cvY9nX15cPPphChQoV2L07kueee54mTZrQoMFtxMTEkp+fz759+5g+fRpubm5kZWXx2GOP06JFC77++ktyc3N57rnncXd3p3LlygCkp2fQq9cj1KlTB6vVyltvvc3kyVP46KNpxnXv3r2bxx7ry0svDbvAtY2hbdv2zJ49iwoVKgCQmZnJU089Q6tWd/Dtt99gsVgYPnwk06ZNZ/jwl4iJieWFFwYxZMhg2rZtQ0xMLM8886zDMOQWi4WRI0cSGhpCYmIigwcPYeHCRfTv/wTVq0cwd+48h35MnjyFXr0e5aabbuKvv/bi7OxMSEjIZV2niIhcf9e3ArhQ+FtwNvi1YPtaUGidtUhIbBwvIiIiNzRToa8me9BrsoW+TmdfZmyhr9kEToClSAgsIiIiIlIabdy4CevZSocOHdoDcODAAR5++FFjn06d7mHUqNfIzMzk0KFDAMawr3Fxh4z5ee1B5F13deC+++4FbCFpYGAg48a9yenTiYAt4LGHqJ07dzIqC48dO0bPng8C8Prro+jQoT2nTp2ic+f7HNoH+OSTWbi5uZGfn09ubi47d+4iPj6eU6dOY7FYmDRpMhaLha5duzBixHAAevZ8kMOHDxvtTJs2nfj4eCIiwpk9+xPc3NwIDAxk5sxZrF277oIBsL3KtmnTprz77jsAnD59mm++WUJkZCQWi4Vx48aRnZ3tcP6kpGS2bdvG2rXraNu2rRHguru788knM43Qqjh79+51uO+2fjgGwPZ7ClC9egT169djyZIlALRufSfPPTfA2F40PI6OjqGgoACA0aNH0bZtW4YNG8769evx9fVl/vy5JCcnc//9XR36dalnXZyaNWuyYsVPREfb+jtz5iyys7N54IGeRESEs27dOpYvX4GzszNvv/0WAQH+1K5di8GDX2Tr1q3k5ubi6enJkCGDycnJYfToMaSnp1O1alXef38iPj4+5ObmMnr065hMJoKDg4vtR+XKlZk+fRpfffUVL7/8CpmZmbRqdQcvvjjEqDKOiorioYdsU/jFxcWRnZ3Nyy+PwMfHNkS0j4+P8fNT1O7dkaxf/ytffrmIgIAA436tXLnKCPmjoqLo0aOHcUx2dvbZSt1zobW9YhzgllvqEBISTFpaqnF8+fLlGTlyhDFH9+LFX+Lp6Wk8b09PT5o1a8bu3buNSv6iwza3b9+Ojz46V1UbFRXFU089Sd26t1zgKdref35+fkb4C7Bw4SL8/cs5vNc6dGjP4sWLAZg69QPuvbezUZF98801CAur5tCfFi3ODVNdoUIFGjduTFpaGgARERGkp6dz4sQJbrrpJtauXcvRo0d5//2JRr9r1KhujGBwqesUEZHr7x8PgO3DOxcNfwu/8i1nv1qhwOIYDBceIlpERERubIWHeLZX+ppN4GQG57MBsLP5bBh89piiIbC9HRERERGR0iQpKcn43j7HZ35+AT16dOe7774nNzeXmjVtwxFHRe0zwi77cMyRkZGArUoxMDCQnJwc5s6dx8qVq4iPjyc/P99o3x7EFZ6Xtlevc0Hzpk2byc/Pp2zZsrRv3w7ACCVt54wAYOfOXcyf/wV//vnneUMABwcHc/jwYeLibNWshcM1e1/sfbfPedypUydjuOfc3FyHe1Ec+zy79j6CbThnAH9/f/bvjzaqabt2PReY5uU5tm0PcFu0aH7R8Dc/P9+osrYHWvHx8SQnJ59dd7NDv6pWrYqnp+fZ+VCjHa656DXYj7X3xd/fnzZt2gBw9Kitmviee+7G3d2do0ePArb5g8PDwy7rWRencH9jYw/www/L8PPz48kn+wOwbNly47offbSXw7Fms9kI95KTkxk6dBi7d0dSr15dJkx4xxhGOCAgwKFC+ELq169H/fr1AIiM3MOwYS8xY8ZMRowYzqlTp0hMTDRC8n379hMWVs1hHur9+/cTFnZ+xTbYhgpv2rSJEf7a+pxCaGgIbm5u5OXlERMT61ABHB0dg4uLi/F+OHLkCP/971x27dpt/KHFiRMnCA0NBWyB5x13tDTCX4B169bRrt259ybY/kCh8Hvg22+Xsnz5ck6ePIXFYiEjI4OmTW2V/vbrbtOm9UXvXVTUvvPeVxs2bKBjR8f7npSURPnyFcjIyGDr1q08++wzDttPnTpt/GxnZmYyd+48fv/9d1JSUo3jBw8eBED58uXx9fUlNjaWcuXK8cEH0xg48Dnj57doRfXFrlNERErGda0ALhr+5lls4W/u2a95hcJgo0K4mOGgRURE5MZTdNjnwlW/zmZwOfvV1Wr7ivncsU6oAlhERERESreKFSsa3y9Z8i1PPtmf6tUjePzxx/jqq68BjAA4NjYWsIW93t7eWK1Wli1bBuBQVbto0WKCg4MZN24Mfn7lePfdd4mJiaVmTVswY68+9fX1dQg+7WG0j4+PUan4yy9rAVuVbNWqVTl16hTPPz+QnJwcevf+D02aNGb//mgmT56CyWTi5ptrGBW6YBvmF2zh3bFjxwBbGGq1WrFYLIBtTmCwDaFsD4UvFH4lJydz8uRJ4FyQm5CQwO+/bwCgefPmDkGoq6stmNu/P5rIyD0ObdvvQ7169Yo9l92hQ4fJy8sDICjINh/yd999D4Cbm5sxn7E91LVXj8bHx5OZmQngMB/vyZMnSUy0VejaA2V7AFynTh1MJpNRiWrrX12H/oaEBOPp6cmkSe9f8lkXxz7s9MGDcUyePAWLxcKAAc/i7e0NYASdd955J927O1Ycm81mnJ2dOXz4MIMHv0h8fDxt27bh9ddHOczZvHnzZs6cSSI8PPyCcxEXVadObapUCTKGjo6KiqJSpUqULVvWWC5uuOaigaddUlKScU12v/yy1ghN4+Js1fShoed+BjZu3Ej16hHGsNxPPvk0vXv/h0GDXqBMmTLs2rWbwYOHULVqVcD23Hr27OlwjsTEM/j7+xvLGRkZ/Prrb8acwl98sYBly5YxZswYY+7jgQMHGdcWFRVFYGCgQxvFsd0PxwrbpKRkh2u2Wq2sWbOGtm3bkpKSgsViwd+/nLF9x46dJCQkGP9+jBo1mjJlPJk0aSIBAQFkZ2fTqdO9xr9BYKsCjomJJTb2AOXLB9C2bVtj2759+3jggQcu6zpFRKRk/KMBsLXQN/YqXkuh8DfPAjkFtgA41wK5BWfXn60EtgfB9vBYREREbmymsyGuPfh1Ohv8upjB1ckW/lqsYPy6wHwuMLYCprOTAGsuYBEREREpbdq3b8e8efOJi4tj9uxPWbVqNYGBgSQkJAC2kNMeKNoDz+TkZMaMGcvRo0fZuXMXcC5ItIeGLi7OWK1W1q1bR0yMLTi2hzhFhy62q1XLtv3IkSNMnfoBJpOJhQsXARih2LFjx8nJyQFsofDJk6dYsuRbwFZ16unpSWhoCO7u7mRnZ/POO+9Su3YtY55js9lMeHgYJpOJFi2as2rVambOnMW+ffvYtm07x48fJyIinH79Hi/2ftn7bjKZmDr1AzZt2sTmzVvIzs7mllvqcNddHcjLyzPu4auvvkaNGjVYv/5XLBYLnTrdQ8uWLUlPTzfm6y0cbhXH2dnJ+P699yZRrpwfK1euAmzBrpOTbbs9ALYHjBkZmcZx06d/TKVKtvmJ7dfg7u5uBPD2dYVDentAbg/M7MNQ2/t7Oc+6OO7u7oSGhhAbe4AtW7ZQp05th2GOmzVryubNm9m6dSuVK1eiTJkyJCQksHXrH7zxxmhSU1Pp3/8pkpOT8fLyIiAggGnTpgPwwAM9CQoK4vXX3yApKYlRo14rNgDet28/69ato337dlSqVInU1FS+/XYpe/b8xVNPPWncg8Jh4b59+4zqaDg3//WgQcUHimFhYSxe/CWnTp3C29ubBQsW8uuvv/LCC7b5f+3V9BkZGZQtW5bt2//kiy8WGPfi+PHjnDlzhg4d2hv34O2336ZGjRqYTKZiK4gBqlWrxvLlK2jV6g4yMzMZN248qampxs/bX3/9Rd26dQkLq4bVamXRosVs3ryZvn37GNd9qfck2KqZC/8BCdiGqF65chWtWt1BdnY2H330Mbm5ufTs2QMXFxe8vLxYuvQ7+vV7nJiYWMaOHYePj49RVf3XX38xePAgAgICyMrK4q233iYnJ8dhXuzq1SP4449t/PXXX0yb9qGxvuj9uNR1iohIybhuQ0BbC835ax/2OafA9sq2QHY+5BQKhO2VwPbA2N6WiIiI3Jjsga1ToepfZzO4msHNCdwsUOB87o+6ClcKW6y2ZQ0BLSIiIiKllbu7O7Nnz2L+/C/45ZdfOH48gcTERAICAujcuRPt2rU1hpdt374dK1euIjIykqioKDp37kxU1D6ys7ONkLhv3z6cOHGC+PijzJ07j9atz1XS2kNieyVp0SrRpk2b8sQT/fj6629YtuxHWrZswS231OHPP3cYoWadOrW5997OrF69hm++WULTpk2oWLEihw4dMtrz9fVlzJjRfPDBNLZt20Z2djbNmjVl6dLvCAkJxt3dHYCRI0fg6+vL+vW/smzZjwQGBtKnT2/69OlNmTJlir1f9iGVb7mlDo0bN2bBgoUA3HffvQwc+Dxmsxk3NzemTHmfDz+czq5duzhyJJ7Q0BDuv/9+unbtApybR9hsNl+yQjU4OJiePXvwww/LOHr0KNWqhVK/fj127NhphHr5+fkcOHDQ4T5HRITTseNdrF27jvXr13PTTTcxePAg4/7bQ/X8/HwjuLWH8PZAuEqVKnh5eTk8N3vAdjnP+kJq1qxJbOwBTCYTw4YNMyq+AR588AFyc3P54YdlLF78Ja6urtx0UwWaNWtKzZo3s2PHDmP46/T0dBYtWmwc+9hjfUlISDCqyS9UiWwymYiOjmHp0u9ITk7G19eX2rVrM2PGx9SpUxuAvXujjDlw7cNpP/vss0YbcXGHyM/PN4YvLqp7925ERu6hZ88H8ff355FHHjbOY7//d9/dkV69elOpUkUaNWpEcHBV45mGhITw0EMP8vjjTxAaGkqlShUJDKxoVAzHxMTi5OTkUEEM8MILz/PGG2O4557OBAbeRPPmzdmyZYtRKd6rVy/GjBnD44/3w8+vHLff3tConi963RfzwAM9mDDhPb766mseffQR+vV7nIEDn+fttyfQqdO9ODs707JlCz76aDoeHh4AjBr1KpMmTWbx4i8JDQ2hXr26nDhx0mjz+eefY9q06SxZ8i1+fr7cdNNNRESEOwzJHhERwfz5X9Cly/0OcyXHxMTi7Ox82dcpIiIlw2S1/nO1tYWrfi1nQ99869nQ9+wrqwCOZcBn0XAy+5/qiYiIiJS08u7weARUKgMeTuB+9uXmZJsf2Nl8LhC2zyUsIiIiIlJS1q5dS8uWzUu6G/+3XnttFD//vJKuXbswYsTwku6O/Its2bKFUaNG8+OPPxjzGIuIiPwdv/76O3feeWdJd4PUVNs87Tt27LjsY+rXrw9c7zmAOTess33u3+x8+DQano3IpbF/gcNfoYmIiEjpYLVa2ZzoxEfRrrxY52x1sAkKzLbPBU4mjfQhIiIiIiLn2CuAw8LCLrGn/L/btGkTtWrVwsfHh8jIPbz55ls8++wzCn9FROT/2j8fAFttQz1aCw3nnG+1zfObW2Ab9vlUNjQtb8VstnVHIbCIiEjpYR9spGl5C2/stv3f71JgmxfYxQrOZz8jWK2FQmB9FBARERER+b+VnZ3NoUOHAAXAcmnr1q3nlVdew8nJiZtuqsDTTz/F3Xd3LOluiYiIlKh/NAAuWsljnwu44Owcv3ln5/wF2zwcZrMZk8mkAFhERKQUsVqtFJ5xIqcA3My2zwIFFrCai//MoE8DIiIiIiL/n9zd3dm0aUNJd0P+JYYPf4nhw18q6W6IiIjcUK7rEND2uYDtlcB5Vtsw0HYmk0lDc4iIiJQyJpMJi+Xcf/i5FttngAKr42cDDQEtIiIiIiIiIiIicvX+8bTVPvevfVhHy9lXQaFKYECVvyIiV+CRRx4p6S6IXJbC/8/bK38LrOc+FxT+rKAgWEREREREREREROTKXbdyW/svc61FqoAL9FteERGR/ysFRap/7aND6yOBiIiIiIiIiIiIyNW7LgFw4fDX/rXwkI8iAAsWLGDatGmXtW9eXh6PPPIICQkJ/3CvHL344ots3rz5up5TRKS0sRQX/ioEFhEREREREREREbkmrtscwHbWIq9LVQBfbHhTk8nE/Pnz/3Yftm/fzpw5c5g6derfPlb+OQ0bNiQ7O7uku3Hd/frrr6xevZojR47g5ORE9erVeeSRR6hUqZKxz4EDB/j00085fPgwfn5+dOvWjVatWgGQnJzMokWL2LNnDykpKfj7+9O2bVs6depkHL9gwQL+/PNPTpw4gZeXFw0aNODhhx/Gw8PDoR9ff/01Z86coUqVKjz++OOEhYWd1989e/bw5ptv0qBBA1588UVjvcViYcGCBaxfv56cnBzq1q1Lv379KFu2rLHP6dOnmT9/Prt27aKgoIAqVaowcuRIPD09i703v/32GytXruTw4cPk5uae9/MeHR3N0qVLiYmJIScnh6CgILp37079+vWNfSZNmkRsbCypqan4+PjQqFEjHn74YVxdXQHo168fWVlZ5537ww8/pFy5cmzYsIEPP/zQYVvha1++fDlz58497/jWrVvTv39/Y3n16tUsX76cEydO4OPjQ5cuXWjfvj1ge4Zz584lMjKS/Px8GjRowGOPPWY8n8t5j4j8mxRYz/88ICIiIiIiIiIiIiLXxnUNgIv+kvdyfuH7+eefG99/8MEHeHp60q9fv2vdtX+cxWK5IeY5LigowMnJqUT7cCEREREl3YWrcqX39uTJk3Ts2JHw8HAKCgqYP38+b7/9NlOmTMFkMpGRkcE777xD27ZteeWVV9izZw9Tp06lfPny1KpVywg2Bw0ahL+/P/v372fatGl4eXkZIXFqaiq9e/cmKCiIxMREpk+fzpw5c3jmmWcAiIqKYtasWTz//PPUqVOHZcuW8fbbb/P+++/j5eVl9DU7O5tPP/2UGjVqnHcdS5cuZePGjbz66qv4+PgwY8YMpk6dymuvvQZARkYGo0eP5pZbbmHs2LGUKVOGQ4cOXfSeeXt707FjR9LS0hz+LSh872655RYefvhhypQpw5o1a5g4cSLvvPOOEY62a9eO3r174+HhQWJiIjNmzGDRokX85z//AeDjjz92aHPu3LnEx8dTrlw5Y13lypUZP368sWw2nxs84a677qJdu3bGckpKCoMGDaJZs2bGuh9++IFly5bRr18/IiIiyMjIIDMz09huv8/vvfceFouFadOm8fHHHzN48GDjOi/0HhH5tyr6eUAhsIiIiIiIiIiIiMi1cd0rgOHsL3rPDvt4qV/4uri4GN+bzWbMZrOx7uTJk8ydO5fo6GjMZrNR2efm5kZ+fj5z5szhjz/+IC8vjzJlyvDggw8SERHBJ598QmpqKoMGDQLg6aef5uabbz6/n1YrK1euZOXKlZw+fRovLy+6du1KmzZt+OWXX1i3bh2jR4829p85cybu7u707t2bjIwM+vfvT69evfjtt99IT09nzJgxbNq0iR9//JGMjAxcXFxo0aIFvXr1AuDgwYPMmzePQ4cO4eXlxZ133sl9993nEDYVZj/Hww8/zB9//EFubi5+fn488cQTRng1YsQI6tatS2xsLCkpKfTo0YP69euzaNEitm3bRlZWFhERETz++OMEBAQAsGLFigv28WL33N6fPn368Ntvv5GZmUm5cuV45plnjP5kZWWxePFitm3bRlpaGuXLl+fJJ58kPDycBQsWcObMGQYMGADYgrnIyEgyMjIoV64c999/P3fccccl3jHnjBgxgjp16nDo0CGysrKwWq307t3bCC8jIyNZtGgRx48fx8nJiZo1a9K3b198fX0ByM/PZ/78+WzYsAEnJyc6duzo0P4ff/zBvHnzaNasGdu3b8fNzY033niDPXv2sGjRIo4dO4a3tzf33HOPUelZnO7du5+3PHLkSM6cOYO/vz9btmzBZDLRo0cPzGYzDRs2pGHDhqxevZpatWpRtWpVqlatahx/++23U7duXaKioowA+KmnnjK2+/r60q5dO3766Sdj3erVq7n11lu5/fbbjT6sWbOGzZs307ZtW2O/+fPn07x5c5KSkkhOTnbo96pVq7jvvvuoUqUKAI8++ijDhg3j2LFjVKpUiRUrVlCmTBmefPJJ4w8h6tate7FHSL169QBb1X5xmjdv7rDcrVs3fvzxR2JjY40AuPA5nJyc8PLy4vjx48a6wv/G5ObmsmHDBh577DGHdk0mk8N+hdn/XbL77bffqFChArVr1wYgJyeHr7/+mqeffpqGDRsCOFRFJyUlER0dzVtvvYW3tzcAPXv25PXXXycpKQk/P7+LvkdE/o3+zucAEREREREREREREfl7SiQAvhZycnIYO3Ysd9xxB88//zw5OTl88MEHLFy4kD59+rBu3TpiY2OZOHEiZcqUITk5mYyMDCpUqMATTzzBnDlzmDx58kXPsXz5cn788UdeeOEFwsPDSU1NJTEx8W/1MyoqijFjxuDs7Mzx48dZsGABb731FpUqVSInJ4f4+HgA0tLSGD9+PJ07d2bkyJEkJCQwYcIEnJ2d6dy580XPER0dzahRo3BycmLx4sVMmTKFN954w9i+ZcsWRo8ebQSbkyZNIj8/36jC/Oqrr5g4cSLjx48nISHhgn281D0v3J/Ro0fj5OTExx9/zKJFi4xK02nTppGTk8OoUaPw9/fn+PHjODsX/zaMiIjg0UcfxcvLi127djFp0iSqVq1KSEjIZd//rVu3MnbsWHx8fNi9ezcTJkxg8uTJeHt74+TkRJ8+fQgNDSUrK4uPP/4fe/cdHVXVtnH4N5MKSSCkkAABAiQUAenSu4UmXUVFRUCx8KkgAipSxIKoqKCgNFEpFgigAqKAdOGVEqpITSgBEgjphSQz3x9hjpkUCJCCeF9rsZw5be9zZpKM555n78+ZO3cuw4cPByAkJIQDBw7wzjvvUKpUKebPn8/58+ftjh8ZGUmJEiWYNGkSAOHh4bz//vsMHTqUhg0bEhERwaRJkyhdujR33XVXvvp86NAhSpUqZYTm4eHhBAYG2oWMVatWZf369bnun5aWxrFjx+jevXuebfz999921zE8PJxWrVoZz00mE4GBgYSHhxvLDhw4wJEjR3j77beZN2+e3fHi4+O5dOkSVatWNZZVqFABZ2dnTp48Sfny5Tl48CAVKlRg0qRJHD58GG9vb7p06UKHDh3ydV3y49SpUyQlJVG5cmW75V999RVbt24lMTERFxcXu6Grs7KF/dlfq8jISF588UWcnJwIDg6mT58+xhcmsrJaraxbt4777rvPWHbs2DFSU1M5e/YsQ4cOJS0tjRo1avD444/j4+OD1Zp3/BUeHk6ZMmVyLM/+HhEREREREREREREREbHJvbT0X+DPP//EwcGBBx54AGdnZzw8PHjwwQfZvHkzkFnVl5SURHiQziJiAAAgAElEQVR4OOnp6Xh6elKhQoXramP16tX06dOH4OBgTCYTpUuXtgu48uP+++83Ak4HBwesVisnTpwgKSkJFxcXY47VnTt34ubmRvfu3XF0dCQgIIBu3bqxbt26a7bRtWtXYxjd+++/nyNHjthVOHbo0MEIf6Ojo9mxY4cxN6ujoyMPPvgg586dM+YXzauP17rmWc/Z1p9GjRpx7NgxIHP+1127djF48GB8fHwwmUyUL1+esmXL5npeHTt2xMPDA5PJRL169ahbty4HDhzI97UHaNeuHaVKlQKgbt26+Pv787///Q+AWrVqERQUZFSF9u3bl/379xv7bty4kV69euHt7Y2TkxOPPPJIjmpsFxcXu7l2V69eTYsWLWjcuDFms5mAgADuvffeHNcoL8eOHeP777/nqaeeMqpkk5OTc8yRW7JkyVznrbVarXz++ef4+vraVe5m9dtvv/HXX3/x6KOPGsuSk5Pt5gPO3kZKSgqzZs3iqaeeynXIZtt2V+tnfHw827dvp3379sycOZPHH3+cefPm5Vnde73i4+OZOnUqXbt2tauIhsyK2nfffZfhw4fTrFmzXMNbyKxibtu2rV21b6VKlXjppZd49dVXefrpp4mJieGtt97Kdb7qPXv2EBsba1Re2/oFmRXnb731Fh988AFWq5UpU6YA4OXlRZUqVVi8eDGJiYnEx8ezZMkSALthom1ye4+IiIiIiIiIiIiIiIjY/GsrgCMjI4mNjbWr5LNarZhMJlJSUmjVqhVxcXF88803nDt3jtq1a/PII48Yw8Jm99JLLxEZGQlAp06deOyxx7hw4QLlypW7qX5mrdArW7YsL7zwAqtXr2b27NlUrFiRXr160aBBAy5evEjZsmXtAh0/Pz+j4njz5s1Mnz7dWDdr1izjsS3cBShRogQuLi5ER0cbfc9aQWg7x6zzmUJmkBkTE8Odd96ZZx+vdc1tbMPYAjg7OxsBYFRUFCaTKc/AN7sVK1awefNm4uPjMZvNxMfHExAQkGO76Ohohg4dajwfPny4MdRu1mtje24bNvfMmTP88MMPhIWFkZ6ejtVqJSUlhbS0NBwdHbl06RL+/v521yj78UqXLm0XCkdFRXHy5Em7a5SWloafnx+Q8332+OOPG9v9/fffTJkyhcGDB9OoUSNjeYkSJYiNjbVrNykpKUdgm5GRwfTp04mOjmbUqFG5VlavWrWKn376iTfeeANfX1+7NrIHyklJSUZQunDhQpo0aWJ8GSA7W1+yB5ZZ++nq6krNmjVp1qwZkDk0c8OGDfnzzz9p2LDhVa/NtcTExPDOO+9Qp04dHnnkkRzrS5YsScmSJfHy8iImJoZp06YxceJEu21OnDjB8ePH7d5LAAEBAcb7zt/fn5deeonBgwdz6NAh6tevb7ftb7/9RtOmTe3mTbadf+/evY33z4MPPsioUaO4cOECPj4+DBs2jPnz5zNixAgcHR3p0qUL+/bts/tZgrzfIyIiIiIiIiIiIiIiIjbFEgCbAJPpyr8bPIavry++vr5Mnjw5z226detGt27dSExMZP78+XzxxRdMmDAh1zl1cxsO2sfHh3PnzuU6P7CLiwtpaWl2y+Lj43F1dbVblr1CzzZ/a1paGhs3bmTKlCnMnDkTb29voqKi7LaNjIzE29sbgFatWtkN0QuZcwADnD9/3ggYY2NjSU1NtQues/bBFuiNGzfOqIzNLq8+Xuua2/qTF19fX6xWK1FRUdcMgXfs2MGKFSsYM2aMEdp/+OGHuQ6X6+XlxcKFC3M9TvYhm8+fP0/Dhg0BmDZtGg0bNuS5557D2dmZ8PBwXn31VSDzmpUpU8ZuntuMjAyjmjMvPj4+lC9fPsccsjZ5DTu+Z88ePv30U5555pkcwV7lypXZvn27EbZDZliZdZjjy5cv8/HHH5OWlsbo0aNxcXHJ0UZISAjr1q1j7NixdsG2rY3jx48bz61WK2FhYUZf9u7dS0JCAhs2bAAyhwO3WCw8/fTTTJs2DQ8PD8qUKcOJEycIDg4GICIigsuXLxvVuJUrVyYiIiJHv2zndK0h2fMSGRnJO++8Q7NmzejXr981t7darTneF5BZ/VunTp0c1yY7BwcHzGYzFovFbvmFCxcIDQ1l7Nixdstt559bta7td5GPj48xJzlkjgjg5OREUFCQsexq7xGRf5uC+BwgIiIiIiK5W7IkhMmT3ycgIIAlS34o7u6IiIiISDEo0iGgTdjf6L2Zm76NGzcmOTmZxYsXk5ycjNVqNYYYBjh48CDh4eFYLBZcXV0pWbKkEbZ4enoSFxd3zcDy3nvvJSQkhGPHjmG1WomLi+PEiRMAVKlShdOnTxsVi2FhYezdu/eqxzt79iz79u0jLS0NJycnY3hjs9lMo0aNSEhI4OeffyY9PZ0zZ87w008/0b59+2tei5CQECP4/eabbwgKCsqzctnHx4fGjRszc+ZMo7o4MTGRbdu2kZGRcdU+XuuaX4uPjw8NGjRg9uzZXLx4EavVytmzZ41rmFViYiLu7u5GsB0WFsa+ffvy1U5WGzZs4MSJE1gsFlavXk10dDRNmjQx2ggICMDZ2ZmMjAxWrFhht2+bNm1YuXKlEfT/+uuvpKamXrW9e+65h02bNvHnn3+SkZFBRkYGJ0+e5MiRI3nu87///Y9PPvmEZ555hjvvvJO0tDTS0tKMsPuuu+4iIyODpUuXcvnyZUJDQ9mxY4cxxHNycjLvvfce6enpvPTSS5jNZtLS0sjIyDDaWLBgAb///juvvfYa3t7eRhs2HTp0YPfu3ezevZvLly+zfPly0tLSaNq0KQDjx49n8uTJTJo0iUmTJtG0aVNq167NpEmTcHZ2BuDuu+9mxYoVREREkJiYyMKFC6lVq5YR4Hfs2JHDhw8b12b//v3s3r37qnMjWywWu3PJ3u+IiAgmTJhA8+bN6dOnj7HeFs6ePn2aDRs2cOHCBRITE9m3bx9Lly7NUbmbnJzM1q1bufvuu3P0Ydu2bcbcwufOnePzzz/Hzc2NGjVq2G23bt06KlSokGO5p6cnTZo0YenSpcTFxZGUlMTixYupVq2a8UWNEydOEBkZSWJiIqGhoXz55Zf07NnTqB6+1ntE5N8o++cBBcEiIiIi8l/y5psTadq0OU2bNmfUqFdv6Bjz5y+gadPmPPxwzpGwbgXJycmMHv0avXv3pWnT5syZMzfHNtHR0YwcOZq2bdtz332d+eSTqXb3MzIyMpg6dRr33deZtm3bM3LkaON+ls2KFSvp3bsvrVq1YcCAJ9m/3376sIMH/+LJJwfSqlUbevXqw88/29//KYo+TJ8+g0cf7U+LFq14/vn/u74LKSIiInIDirwC2JTtn8MN3vEtUaIEb7zxBosWLeLll182ql7btm1Lw4YNuXTpEnPnziU6OhonJycCAwN56qmnAAgMDKR58+YMGzaMjIwMhg0bRp06dXK00aVLF8xmMzNmzODixYu4u7vTu3dvqlSpQrly5ejXrx/vvvsunp6e+Pr60qBBg6v2OS0tje+//56IiAjMZrMx9KuLiwsuLi68+uqrfPPNNyxduhQ3NzfatWtHly5drnkt2rZty4QJE4iNjSU4ONiukjA3zz77LCEhIUycOJHY2Fg8PDyoVasWd91111X7CFz1mufH888/z3fffce4ceNITEzE19eXIUOG5KgIbtGiBfv372fUqFF4eHhQvnx56tWrl682srr77rv56quvOHnyJH5+fowcOdKofB48eDDz58/nl19+wdHRkebNm9vN1durVy8WLFjAa6+9hpeXF9WrV79mdWjVqlUZMWIEixcvZubMmQCUL1+eXr165bnP8uXLSUlJ4cMPP7RbPmHCBIKDg3Fzc2PUqFF8+eWXLFu2DE9PTwYOHMgdd9wBwF9//cVff/0FYLzHIXOI5dGjR5OSkmKE2yNGjDDWOzo68vXXXwOZ8yEPHjyYefPmcenSJSpWrMioUaOMoYyzD33t4uKCk5OTXaV5jx49SEpKYvz48Vy+fJm6devywgsvGOsDAwN58cUX+fbbb/n000/x9fVl4MCBOcLYrDZs2GA33PkTTzwBwBdffIGHhwe///47ly5dYvny5SxfvtzYrl+/fnTv3h2z2czGjRuZP38+ly9fpkyZMrRo0YI+ffrYtbNx40ZcXV1zrawNDw9n/vz5xMbG4u7uTnBwMK+//jpubm7GNhkZGaxfv56ePXvmeh5Dhgxh3rx5DBs2DAcHB+644w6GDRtmrD969CghISEkJCTg6+vL/fffz3333Wesv9p7ROTfyMGU8/OAiIiIiMh/RWJiImvXrjOeb968mejoaLv/x75V2YJRBweHa25rMpmoV+9OHnigL1OmTMl1mzfeGIeDgwNLly7h0qUYhg9/mZIlS/LUU4MBmDfvK9asWctnn32Kl1cZJk58mzFjxjJjxmcA7N4dyrvvTuKtt96kSZMmLFiwkGHDhrN48feULl2a+Ph4hg0bTq9ePZk2bSo7d+7k9dffoFw5f+MeQGH3AaBChQo899yz/P77es6ePXcTr4CIiIhI/pishVhCZgGsVsiwQpoFLlsgOR0S0yE+DWIvQ8xlmHoQfrsnHQcHh1yHSZXcJSYm8tRTT/Hpp5/+K/4noaiNHj2abt265Rg6W+R28sgjj+Q5BLrIrcRqtZKRkcE9vznywh3g6QylncHDCdwcoYQjOJvByXwlIDYV8TAlIiIiIiLZrF+/ntatWxb4cUNClvLee5Px9PSkRIkSnD17lqFDn+exx/ob2zRv3hKLxcKUKR/QsmVLzp8/T/fumV86/u67Rfzww2IWL16S49gLFsxnz549xhDQjz76CPPmfUV8fDwtWjRnzJjXjdGmjh8/zuefz+TAgQMkJiZSsWIAvXv3pkePzC9Uh4WF8dBDDwMwevQoFi36lpMnT7JsWQhHjx7l5ZdfAWD79j+uec5PPDGANm3aMGjQQGPZqVOn6Nv3QRYsmE9QUDUgc/jqOXPmsnLlzwB069adxx7rz0MPPQhkjqDVr98jfPfdIgIDAxk7dhypqZd57713gcyRxO6/vweDBg2kd+9eLF/+IzNmfM6KFT8ZofVrr72O2WzmrbcmFkkfspo6dRp//32Yzz6bds1rJiIiIsVn06YttGvXrri7QVxcHAChoaH53sdWdFdk91Ztsa7JBOYr/xxMN14BLCIiIv9Otr//ts8Dtu9+6SOBiIiIiPwX/PjjjwB06NCee+7JnIrop59+vq5jNGrUkPr1M0dKK126NA899CAPPfQgnp6ljW0iIiKYPXsOQUFBpKSksGbNWr799jsgc7SrJ58cxIYNG/D396N9+3acOBHGpEnvMX36jBztffDBhwQGBtKmTZt8Vf/mx5EjR3BycjKCV4CaNWty8eJFoqOjiYmJISoqyhgBDTKnZHN1deXo0WNA5ohad9xRy1hvNpupXr06R48eNdqoXr26XZ9r1arFkSP/rC/sPoiIiIgUh0IfAtoY3vHKcI/mK/8cTOBgBkeV94iIiPynOJozPwM4mP75XJD1s4KCYBERERG5XR05cpS//joEZE5b5e7uztdff0N4eDi7d4fSoIH9NElmc+43zjp06EBExFlCQ/fg7e3F8OHDct1u5szPCQgIYOzYcaxe/avR9rJlmVMNBQQEMGvWTMxmM0FBQUydOo3vv/+BIUOetjvO8OHD6NOnt/HcarUyfvy4G74OAImJScbUUzYeHu5X1iUa5+7u7ma3jbu7O4mJiVc9RkJCgnGc7Pt7eHhcc/+C7IOIiIhIcSiyOYBN/FPpY6v+dTJlDvcoN8bNzU1Dv17FpEmTirsLIoVOvwPk38jZnPkZIGsVsNmk4FdEREREbn/Lly8HwMfHhwYN6mM2mwkMDCQsLIwff/wxRwBsY5t793r4+voSEBAAgLe3N4ARWp47dx6AypUrGyFntWpVAUhNTSUmJsbuWHfd1cTuedmyZencudN19ykrN7eSOULS+PiEK+vcjH4lJCTabZOQkICbm9tVj1GunL9xnIsXo7Otj7/m/gXZBxEREZHiUKjxa/YbubbqHlvlr5MZXK6MwGK1WinE6YhFRESkGGX9O+/ikPkZwFYJbMol/FUYLCIiIiK3m9TUVH75ZTUAFy5coHnzljRt2pywsDAA1q5dZwSJJUuWBCAuLh4g1+GEbcMaWyy5309zcnIyHptM9p+w/f39gMyhoC0WCwDHjh0HwMXFBU9PT7vtnZ2d7Z5HRkayatUvrFr1y1XP+WqCg4NJS0sz2gX4+++/8fb2xsvLC09PT3x9fTl06JCxPiwsjJSUFGPI5qCgIA4d+ttYb7FYOHz4MEFBQUYbR44cMc7R1kZw8D/rC7sPIiIiIsWh8CuAswznaKv8dbRV/zqAiwXKusK2KBMt/KxYLJYcH0pFRETk38sW/m6LMlHWFVzMmZ8BnK58JrBVApts8wHrY4CIiIiI3IZ+/3098fGZgW7Lli2NANdqtbJp0yZSU1NZvfpX+vTpTa1atfjzzz+ZPXsOR44c4eefV+Q4nq3C9NSpU7zzzru4u7vzwgv/l6++9OjRnZCQpZw+fZohQ56hYsWK/PbbGgD69u1jFx7n5vDhw4wfPwHgqpXAly9fNr4IarFYSE1NxcHBAUdHRypWrEjjxo357LPpjBv3BjExMcyfv4BevXoa+/fq1ZOFCxfRpEljvLy8+PTT6TRs2IDAwEAAevbsyYsvvsSWLVto1KgRCxcu4vLly3Ts2AHInGf5s8+mM3ful/Tv/yi7du1i48ZNfPTRhwBF0geA9PR0MjIyyMjIwGq1kpqaitlsvuZ1FhEREblRRToEtIkrc/+aMqt+nK2Q4QgDq8Onfzsydk9R9UZERESKTmai6+cKA4PB1TFzGGhH8z+fC5T7ioiIiMjt7scffwKgYcOGTJnygd26kSNHs2HDBn788Uf69OnNiBHDmTjxLY4ePca2bdsYOPBJPvxwit0+rVq14p577mbr1j9YvvxHnJyc8h0ABwYGMmfObGbOnMWBAwc4fPgIlStXolevXvTs2aNgThjo3bsvUVFRABw69DezZ8+hb98+vPLKCAAmTpzApEmT6d69J87OznTr1pWBA5809h8w4AkSExN5+ulnSE1N5a677uKttyYa6xs2bMDo0aP44IMpREVFERRUjY8+mkLp0qWBzPl+P/poCh988AHz5n2Fj48PI0e+QqNGjYxjFHYfAN58cyKrV/9qPG/Tph1Vq1Zh0SJN6yQiIiKFw2QtxHGXrbZ/VrBYIcMK6VZIs8DlDEjJgNQMSLFASjqkWjKfX7ZAuiVze9t+tuOJiIjIrckW4Noqeo0vfF2Z8sHFnBn+ul557upwpRLYnEslMAqERURERKR4rV+/ntatWxZ3N0RERESkiG3atIV27doVdzeIi4sDIDQ0NN/71K9fHyiCCmDbzVuTKXPCYbP1nxvCLlnWOZjAKSPz5nCaFTKuBMAZ1n9CZBEREbm12cJbW2WvgzlzqGenK8M+O2cJhG0VwGYU/IqIiIiIiIiIiIgUlEINgE1cqdo1gcmaZR5gyLzbyz/LHK/cHE7PEvxarvyzZb8KgUVERG5dpivJre1vu60K2PbFL6csFcGO5sy/+0bV75X9yHIMEREREREREREREbl+RTsHsC38tTH/c4M4wwxOVyp/LVawcCX8tf4zlLSIiIjc2mxBrunK33dbda9DlmGes879a8wBbFLoKyIiIiIiIiIiIlIQimwIaKspc/hnS5YQ2KgINmVW/DpawWK+Mmcw/4S/oABYRETk38CU5b+26R9sYbAt7LULhk3/bIeGgBYRERERERERERG5aUVaAZw9BDab/qn2dTD9M9xzbsM+KwAWERG59RkBcLbhoLP/1xj2OVv4KyIiIiIiIiIiIiI3p0gCYNtcwFlDYKvpn2XmK4+N4Z6tCnxFRERuB7aQ1+6/2R5nDX8VAouIiIiIiIiIiIjcnKKtAOafENgEmK4EwZBtnl+TfQCsMFhEROTfw5TX4+xBr8l+G4W/IiIiIiIiIiIiIjevyAJgsA+BjQW2h1lWKPAVERG5fZhyeZI97FX4KyIiIiIiIiIiIlIwijQABvsbvHmGwSgEFhERuR1cLdhV6CsiIiIiIiIiIiJS8Io8AM5KN4VFRERERERERERERERERAqOubg7ICIiIiIiIiIiIiIiIiIiBUMB8H9MRmgo8e3bkxEaWtxdEREREREREREREREREZECpgD4P8IaE2P8N339+hzLRUREREREREREREREROTfTwHwdbj33ntp3LgxK1euLLBjLl68mMaNG9OzZ89c11+4cIFu3brx+uuvc/ny5RtuJ3HAAOIaNCBjzx4AMvbsIa5BAxIHDLjhY4qIiIiIiIiIiIiIiIjIreWWCIDXr19P48aNjX8tW7akW7dujBw5kh07dhR39wy1atWiTp06lClTpsCO6e3tTZ06dahRo0aOdYmJibzwwgt069aNt99+G2dn5xtux6ldO8yVK5Py0UcAJI8bh7lyZZzatbvhY4qIiIiIiIiIyH/DkiUhNG3anD59HijwYz/88CM0bdqcr776ukD7k59twsLCaNq0OU2bNuf8+fPX1e+CdCPX90b7vnbtWpo2bU6rVm1upKtFpnPnrjRt2pxVq37J1/avvz6Gpk2b8/bb7xRyz0RERG59jsXdgeyqV69OamoqZ86cYd26daxbt46hQ4cyoBgrVdPS0nBycuKTTz4p8GO3b9+e9u3b57rOzc2NhQsXFkg7Li+9hPOAAcS3b48ZMJUpg9u8eZg8PQvk+CIiIiIiIiIicnX9+z/GkSNHARgw4AmeffYZY93kye+zZEkIAI0bN+azz6YVSx/z4u3tRZ06tSlb1q+4u1KgXFxcqFOnNkC+iy/atm1PSkoK77zzFh07diyQftyu1/dm1KxZk7i4WMqUyd/9y0qVKlGnTm0qVKhQyD0TERG59d1yAfB7771HxYoVuXjxIuPGjWPbtm189tlntG7dmmrVqpGens6SJUtYunQpp0+fxtPTk1atWvH888/j4eEBwMKFC1m8eDHnzp3DwcEBPz8/evfuzSOPPALAyZMnmTlzJqGhoVy4cAFvb28GDBjAAw88wOLFi5k0aRIBAQH07NmTRYsWUaJECZYtW8a9995LdHQ0b775Jl26dDG2LV++PF27dmXVqlXExsbSqlUrRo0ahbu7+3W1t2zZMgBiY2OZNWsWmzdvJioqCj8/P9q2bcugQYNwd3cnLCyMvn37AvDyyy/z008/cfLkSYKDgxk/fjyVK1fOcV2tMTHEt2+P9dIlSoWGEle/PvHt2+Px++8KgUVEREREREREilhIyFIGDHiCEiVKEBMTw4oVBTflWGFo164d7W7DkeTKlSvHnDmzi7UPaWlpt831tRXSFISPPvrwurYfMuRphgx5ukDaFhER+be75QJgG29vb8aNG0fnzp2xWq2sW7eOatWqMXnyZEJCQvDx8aF///7s3buXxYsXs3//fr766isOHz7MlClT8PT05IknniAjI4MTJ05w8uRJAE6dOkX//v1JSkqifPnydOvWjcjISE6cOGHX/unTp/n6669p0aIFjo5Xv0wRERHs2rWL7t27s3TpUlatWkVaWhqTJk3Kd3s2aWlpPPXUUxw/fpzy5cvTqVMntmzZwjfffMPu3buZO3eu3fZffvkl3bt3Jzk5mX379jF58mQ+++yzHMc1eXri+uKLmAMDMXl6UvLjj7HGxCj8FREREREREREpYqVLlyY2NpaffvqZBx98gCVLQkhJSTGWZxUXF8ecOXPZvHkLFy5cwN/fn549e/Dggw/g4OBAWFgYDz30MADDhr3EihUrOHnyFMHBQbzxxhijUGDRom8JCVlqVzDRs2cPHn64HykpKQwbNpzw8JPExsbi4OBAlSqBPPHE43To0AHIHKJ48uT3CQgIYMmSH/LVt9wkJyczZcpHbNiwEUdHRx599JFct9u2bRtffjmP48dPYDabqVOnDi+8MDTXwof8CAlZyrx5XxEfH0+LFs0ZM+Z1SpQoYXf9fvxxGX5+fmzfvp0vvpjJiRNhpKWl4e3tTcOGDXjxxRe4777OxjFfe20MMIb27dszadI7xMbGMmfOXLZs2WoUdbRp05onnxxgFIp07tyV6OhoBg0ayK5du9i3bz+vv/4aycnJOa7v5Mnvs3XrH1y6dIn09HT8/f3p0qUzgwYNvK5z3759O1OnTuPkyVPUrVuX5s2b5djmRl7L118fw5o1a7n33ntwcHBg/foN3H13R8aMeZ2wsDA+/3wm+/fvJzExkapVqzB48CCaN88crrpnz95YLBa+//5b4zUdOXI0GzZsoG/fPrzyygjjWo0fP47OnTtx+vRppkz52DhmqVKlqFKlCm+99SZeXl5Gf7p3v5/XX38NgOPHj/P55zM5cOAAiYmJVKwYQO/evenRoztms9l4X5cvX54uXTqzatUvxMTE0Lx5M+M9Alz1fABSU1P5+ONP2LhxEzExMZQoUYKKFQN4/vnnaNy48XW9XiIiIgXhlg2AAXx9fSlRogTJyclcvHiR+Ph4o0r2hRdeoEWLFvTu3ZtevXpx6NAh/vzzT+MbZk5OTvj7+1O5cmWeeOIJ3NzcAFiyZAlJSUn4+PiwaNEiY3l6enqO9mfNmkW1atWu2U9nZ2emTJmCm5sbNWrU4MUXX2TNmjXExcVdV3sAf/zxB8ePHwfgiy++oFy5cvz111889thj7N+/n7179+KZJbR9/fXXadu2LVWrVmXs2LEcOHAg735mGUbbqWfPa56XiIiIiIiIiIgUvPvuu5cVK1by7bff0b37/SxevAQvLy9at27F8uU/Gtulp6fz7LPPcfToMWrVqkmnTvfx66+/8fHHn3Du3DmGDXvJ7rhfffU199/fjeTkFPbt288HH0xh2rRP+OuvQ3z88Sd4enry+OOPXfjBG9gAACAASURBVCmYCOPUqVNAZkHCqVOnadeuLT4+Phw+fITff/+dN94YR9WqVQkMDMxxDtfbN5v33/+AFStW4uLiQtu2bQgJWUpERITdNr/++htvvDEWR0dH+vTpTUpKCsuX/0hoaCjz539NuXLlrut6R0REMHv2HGrWrMkff/zBmjVrCQoK4sknc045Z7FYeO21MSQkJNCv30OUKlWKM2fOEBYWhouLCw899CBLloSQnp5Oy5YtCQioQPXq1UlLS+OZZ57l+PETlC9fnvvuu5etW/9g/vwFhIaGMmvWTMxms9HOnDlzqV+/Hnff3ZHSpUuRnJycoy9Hjx6lXr07qVSpEpcuXWLZsuXMnDkLX19fune/P1/nfurUKYYPH0F6ejo1a9agVKlSfP75F3bb3OhrafPrr79RqVIl2rdvR8WKFTl16hRPPjmIpKQkOnToQMWKAfzww2Jeemk4kydPom3btjRv3pwtW7bwyy+rGTLkaWJjY9myZQsAPfO4bzllysds2bKFtm3bUqtWTS5evMiuXbtISkrCy8srx/bh4eE8+eQgUlJSqFOnNpUqVeK339YwadJ7nDlzhqFDnze2jYiIYPPmzXTo0J7Fi5fYvUfycz6LFy8hJGQp1asH07dvHxISEjh48CDnz0fm63USEREpaLd0ABwVFWV8+PH29iYyMhKLxQLA2LFjc2x/8uRJ+vbtS8+ePfn555+ZOHEiAI6OjvTv35+hQ4dy9uxZIHOuYVsYa9smK19f33yFvwCenp7GsbLOMXH+/Pl8t2dz7tw5AEqUKGF8mM3aj3PnztkFwNWrVwcwvkWYlJSUrz6LiIiIiIiIiEjxcHNzo3v3+1m06Ftee20M0dHRPP30U0RHR9ttt23bNo4ePYaDgwNvvjmBUqVKUbNmDUaMGMnixUtyDHf76qujaNOmDVWqVGH8+AkcPHgQ+Od+kZOTE35+flSqVInHHutv3Ktyc3Nj2bIQHB0dSU9P5/Llyxw+fJgzZ86wc+euXAPg/PStZMmSdvtcvnyZVat+AeCll16kd+9eXLp0ifvv72Hc8wNYsGABAN2738/AgU8CmWFeaOgeli5dxnPPPXvd13zmzM8JCAhg7NhxrF79K3/9dSjX7SwWCykpKZhMJnx8fKhZswY9enTHx8cHgOHDh7F8+Y+kp6fTtWtnYw7gTZs2cfx45oh/06d/eqWo4xADBjzJ/v0H2Lt3H/Xr1zPa6dixA++887bx3Db/c1bTpk3FxcUFi8VCamoqSUlJrFixku3bt+c7AF6xYiXp6en4+fkxZ85sHB0d+eSTqSxcuMjY5kZey6z8/f2ZP/9rXFxcAJg6dRpJSUkEBVVj1KhXALBarXz99Td888182rZtS8+e3dmyZQurVv3C008/xZo1a0lPT6dOndoEBwfl2o7tPnHp0qUICqpGx44dGDHi5Tz7tWzZclJSUggICDAC+KCgIKZOncb33/9g9/OTeV0+xtPTk9jYWH788SfjPbJ06bJrno/tZ6xkyZJUrFiRihUr8uyzz1xzZEkREZHCcsv+BYqOjmbChAkAmEwm2rdvT9myZTGbzVgsFl588UUj/ATIyMigcuXKmEwmxowZw8iRIzl+/Di7d+/mww8/ZN68eQwYMMAIVQ8fPkxSUpLx4SU9Pd3uD7LtA0t+XLx4kQsXLlz5huRhY7mfn1++27Px9/cHMj/QnDt3Dn9/f6Mi2HbMrGzfHDSZTPnur4iIiIiIiIiIFK+HHnqQ7777ni1btuDi4kKfPr2ZNct+LtqzZzMLBTIyMnjggYfs1qWnp3P27DkcHP6pKg0ODgbA3T0z2LWFUg0a1KdHj+6sWLGSt99+B8AYfvm5554lISGBDz74kD/+2EZcXJxdO9lD6evpW7VqVe2WZy3usN3XK1OmDH5+fpw+fdrY7ty580DmsM0hIUvtjnHq1Gmul6+vLwEBAUBmkQlAYmJirts6OjoyfPgwZsz4nE8//WeataZNm/L+++/lec/Q1mf7oo5/zv/8+fN22zdt2vSqfbZarcyb9xUrV67i/PnzWK1WY1109KWr7mvfr8zXqWrVqsa9yBo1athtcyOvZVb16t1pd11sxzt69JjdkNnwz+vXsmVLfH19OXv2LLt3h7JyZeYc2HlV/0LmHL9vvfU2P/74Ez/++BMAAQEBTJnyQa5Dg9tek8qVKxv3UG3nkZqaSkxMjLGtr6+vUXRjK7SxvUfycz69e/di165d7Nq1m9DQPcZxxox5jfbt2+d5TiIiIoXllguAR40axeXLlzl9+rQxTPLzzz9PUFDmN7+6d+/OsmXL+Pbbb+ncuTNOTk6cPn2arVu3snDhQg4cOMDEiRNp1KgRPj4+xty/JUuWxNXVlT59+hASEsKFCxd4+OGHadKkCZcuXcLf359XXnnlhvpssVgYPHgw9erVY/369QB06NCBUqVKXXd7zZs3JzAwkLCwMIYMGUKTJk2M4U9q165NvXr1jHMSEREREREREZF/p3LlytGhQ3vWrFlL165d7EZ8s/H3zywEcHR0ZPLkScbUZ5A5bHO5cv5ERv4zxGxehQImk4nXXnuVESNe5vjxE4SGhvLRRx/z1Vdf8/jjjzF79hxWr/6VwMBAxo17A3d3D8aNG2+Eh7nJT9+y8/X1xWQyYbVaOXfuHHXq1CYlJYWLFy/mOHZMTAydOt1H165d7NaVLOnG9crat/wUUfTu3YtevXpy8uRJwsPDmTjxbbZv38727dtp06aNEaRmyWSN62Ff1HHCWF+2bFm7Npydna/ah40bNzJ37pe4uLgwduwblC9fngULFrJx40bAetV9s7IVk9hGKQQ4c+aM3TY38lpmlT0Utx0vKKgaL774gt062xcAHBwcuP/+bsyd+yWzZ89h//4DuLu7c889d+fZTr16d7J48fdERkYSFhbGF1/MZP/+AyxduoyXXnoxx/a2foSHh2OxWDCbzRw7dtzoc9afuazzHGd/j+TnfLy8vJgxYzrx8fEcP36Cn376iZ9++pkvv5ynAFhERIrFLRcAHz58GGdnZ3x8fKhduzYPPPAAjRs3NtaPHj2a4OBgli1bxnfffYfJZMLPz497772XUqVKkZ6ejre3N7/99hvx8fG4urpSv359nnkmc8iNihUr8s033zBz5kz27NnDzz//jLe3N82aNbvhPleoUIF+/foxb948TCYTnTp1YtSoUQDX3Z6TkxOzZ89m5syZbNmyhZUrV1K2bFn69+/PoEGD7OYKERERERERERGRf69hw16iR4/udqPcZdWsWTOqVAnkxIkw5syZS8uWLUlNTeXo0WOcPRvBokUL89XOgQMHeeedd2jYsCHe3t7G3L+2gglbiGUyQXJyCnv37rtq+HujfXNxcaFz506sXLmKqVOnERERwa5du3PMf/vwww8zbtx4fv99Pe7u7nh7exMVFcX//vcngwcPok6d2vk67xvVu3dfGjZsQLly5bh8+TKpqakAeHllVg/7+/tx9GgCX3/9NXv37qV161Y0a9bMKOp47rmhNG7ciK1b/wCgdu07qFfvzuvqQ0ZGBpAZRqalpXHs2DF27tx53efSpUtn5s9fQFhYGOPHT6BixYosWGD/2hTU+8ymZ88ehIQs5ejRYyxbtpzg4GBiYmI4cOAAVatWNe6Ldu9+P19+Oc84r/vuuxdXV9c8j/vqq69jtVqpUiUQJycnLl7MrE4vU6ZMrtv36NGdkJClnD59miFDnqFixYr89tsaAPr27WMXdN/s+SxYsJCtW/8w5lm2VbSXKZNzbmIREZGicEsEwO3atWPHjh352tbR0ZGHHnqIhx56KNf1FSpUYPr06Vc9RuXKlXn77bdzXde3b1/69u2b67pff/01z2P269ePfv36FUh7np6ejBw5Ms+2AgMDc1yv1q1b5/saioiIiIiIiIhI8fPx8THmls2Nk5MTn38+g6+++ppNmzYzb95XuLq6UqlSRbp27ZrvdsqU8cTLy5s1a9ZmKZiox9NPP4WjoyODBg0kIuIsO3fuZNq0T+nYsQPBwUEcOXK0wPs2YsTLmM1mNm7cxOLFS7j//m6cPXuWsLAwY5tOne7Dw8Od+fMXsGbNWpKSkvD29qZu3TrUqJF7WF6QatWqyY4dO4mOjsZsNhMQUIG+ffsawfMLL/wf77//IUeOHOXvvw/j7e1NkyZN+OKLGcyePYetW/9g1apfKFu2LI8++ghPPjnguos62rVrR79+D7Fy5So++2w69evXp3XrVvzyy+rrOk7lypX54IPJTJv2KevXb6BmzRr06/cQc+bMNbYpqPdZ1ja//HIOs2fPYd++/WzYsJHSpUsTHBxMmzatje3KlStH06ZN2bZtG3D14Z8h83VZuXIV27dvJy0tDR8fH/r1e4iHH879nmxgYCBz5sxm5sxZHDhwgMOHj1C5ciV69epFz549CvR8qlQJZN26dSxf/iPJycmUKlWKdu3aMWxYzspkERGRomCyZp1AQq7L4sWLmTRpEgEBASxbtqy4uyMiIiIiIiIiIgVk/fr1tG7dsri7cctYsGAhU6dOo1atmsyb92Vxd0dERESk0GzatIV27doVdzeIi4sDIDQ0NN/71K9fHwCNJywiIiIiIiIiIiJ5+u6771m6NLP4wXZTUURERERuXbfEEND/VlcbLlpEREREREREROR2MHPmLCwWCx06dGDQoIHF3R0RERERuQYFwCIiIiIiIiIiIpKntWt/K+4uiIiIiMh10BDQIiIiIiIiIiIiIiIiIiK3CQXAIiIiIiIiIiIiIiIiIiK3CQXAIiIiIiIiIiIiIiIiIiK3iVtiDuC9e/cWdxdEREREREREROQWd+eddxZ3F25YREQEW7b8QVxcXHF3RUREROS2UapUKVq0aE6FCuWLuyu3lFsiAAaoUaNGcXdBRERERERERERuUX///Xdxd+GmnDgRTpMmjXB1dcVkMhV3d0RERET+9axWK+np6YSHn1QAnM0tEwCLiIiIiIiIiIjcrpKTk/H09MTZ2RmzWbOyiYiIiNwsi8XC5cuXSUpKKu6u3HIUAIuIiIiIiIiIiBQBZ2dnXFxcFACLiIiIFACLxVLcXbhlKQAWEREREREREREpAmazGbPZrCGgRURERAqA7bOV5KSrIiIiIiIiIiIiIiIiIiJym1AALCIiIiIiIiIiIiIiIiJym1AALCIiIiIiIiIiIiIiIiJym1AALCIiIiIiIiIiIiIiIiJym1AALCIiIiIiIiIiIiIiIiJym1AALCIiIiIiIiIiIiIiIiJym1AALCIiIiIiIiIiIiIiIiJym1AAfIvZvHlzcXehyOmc/xv+i+d8q9JrISIiIiIiIiIiIiJy+1IALCIiIiIiIiIiIiIiIiJym3As7g6IiMit688//8xznbe3N1WrVi3C3oiIiIiIiIiIiIiIyLXcdgHwrl27yMjIyLHcy8uLatWqFUqb6enp7N69O8dyPz8/KlWqVChtihSGlStX3tB+Xbp0KeCeyK2kSZMmuS7/888/MZlMVKlSpYh7JCIiIiIiIiIiIiIiebntAmBnZ2eSk5NzLI+OjiY6OprGjRtjMpkKtM3IyMhcl5crV65A2xFISEjgr7/+AqBWrVq4u7sDV69SzCu8yi/bsW3HKcy28hIVFYWLiwulSpXKdX1iYiIpKSl4e3vfVDseHh60bdv2uvZZv379TbV5LQsWLOCHH37AbLYfsX748OG0atWqUNvObs+ePQQEBNz0db5dNGnSxPh5uFoIXJSvYUZGBps3b77u9/Ho0aPp3Lmz3X7Hjx9nzJgxLFy4kPHjx7N3714ALBaL3bl88803TJw4kejoaL744gu7vzEbN25kypQpTJgwgXr16uXajoiIiIiIiIiIiIhIQbrtAuCsN95tYVxSUhIHDhwA4NixYwQFBRVom+XLl6d8+fJGEFK3bl1cXV0LtI3srFYrZ86cITw8nNjYWGN5cHAwAEeOHDGWlS5dmsqVK1OhQoUbDr+Lur282MJf22Pba1xYwavt2FlD38JsK7vExEQOHjyYoz9ZZa16P378ODVr1sTDw+OG2svIyMBisXD8+HFOnDhBlSpVrjnEb3p6+g21dT3uvvtuhg4desP7Zw/sbtSKFSvo27evAuAsbD8fVqv1qu+Vm30N8ys8PJz169cXeMA6fvx44/HAgQMZPXo01atXt9smIyODQ4cOUatWLWPZ5s2bKVOmTIH2RURERERERERERETkam67ADg3JUuWNB47OhbOKaemphqPCzv8BYwwtnXr1nbLf/75ZwC6detmt3zTpk0ABAQE/Cvau15FWZVblG1lD38BIiIiKF++PAAXLlzIMeT5oUOHbrgfVqsVgLCwMDw8PAgLC7tmAGyxWG6orYJgsVhYtGgRW7ZsATK/kDBkyBBKlizJ22+/TaVKlVi3bh1Dhw7l119/pUqVKhw5coRTp07RoUMHXFxc2LlzJ5cuXWLEiBFUqVKF+Ph4Pv74Y06fPo3VaqV79+5069aNJUuWsHv3bsLDwxkwYAB169ZlxowZHD9+HLPZTOvWrenXr1+xXYviZAuBb2Q+4CVLlhAZGcmzzz6b43lSUhJffPEFhw8fxtHRka5du9KpUycAHn30UR5//HG2bt3K+fPn6dixI127duXtt98mMTGRsWPH8uabb3LmzBmmT59OTEwMrq6uPPXUU9SsWbNAz9+mQYMGbNy40QiAExISOHHiRJH9HhQRERERERERERERgf9AAJyenk54eLjxPDAwsFDaiYqKKpTj5iU8PJyWLVuyefNmYmJicqy3BbMAnp6etGzZki1bttxwEHG97bVo0YKtW7cWePBRq1YtuyGgbYqyKrco28pNUlKS8TglJaVAj20Lk6tWrcrp06fzNberLTQuDlu2bGHnzp1MmTIFFxcXPvroI3744QeeeOIJHBwcOHjwIJ9//jkuLi6sWbOGI0eOMGbMGCIiIvi///s/hg4dyltvvcW3337LL7/8wrPPPssPP/yAp6cnb7zxBpGRkTz//PO0aNGCPn36sH79ev7v//6P6tWrM2PGDNzc3JgxYwZJSUm88sorBAcH06hRo2K7HkXh0KFD1KxZk7/++svuZ7AwLFq0CIDp06eTkJDAyy+/TI0aNahSpQomk4moqCgmTJjAxYsXGTJkCN27d2fgwIGsWbOGcePGAfDhhx/SqVMn7r33Xo4cOcI777zDzJkzcXJyKvD+NmnShBkzZjB48GAcHBzYtm0bd911F2FhYQXeloiIiIiIiIiIiIhIXm7rADh7peadd95ZaG3ZAuCiGhrWNgxzTEwMXbp0yXN4W4vFwsqVK+32Kcz2MjIyWLVqFSaTibS0tBtuLy/u7u7FHsAWJV9f3xxfLsha0R4QEMDZs2cLrD1bNa9t6Ger1Zoj4I2KiiI2NtYYSr2gh/nOzcaNG3P8PI8fP54dO3bQunVro+q+ffv2fP311zzxxBOYTCYaN26Mi4uLsU+jRo0wmUyUK1cOi8VihLXlypXj+PHjADzxxBPGsNZly5bF19eXyMhIvLy87NrfsWMHo0ePBjJfk2bNmhEaGlpkAfC6deuYOnWq3bL27dvz4osvFlqbf//9N/Hx8cA/83HnNwTO6zW8mu3btzNixAhMJhMeHh60aNGC7du3G19MaNGiBZD5e9fV1TXHl1OioqI4c+YMd999N5BZIe7t7c3hw4epXbt2jva++OIL5s6dazzPXl1/LaVKlaJatWrG+2Djxo08+uijCoBFREREREREREREpEjd1gFw6dKlSUlJMYZn3rt3L/7+/lSsWLHA27IFRr6+vgV+7Nx4eHgQExODr6+vEfDmxcfHh5iYmBueF/Zq7ZlMJurVq0eZMmVITk7mzz//JDg4mNTUVDp06FCswwMXpOIKnQMDA/Hx8SEqKooLFy4AOb9k0KRJEyIiIjh37hwZGRk3NQS5LezNLfgFSE5ONoal9vDwwM/PDwcHhxtuL7+aNWvGwIED7ZZ5eHgQGxtLqVKljGXu7u52X3TI/p63XRvbFxicnZ2N57aw78SJEyxatIi4uDggc5jt3K5Fbm0XZdDXoUMHACMELuzw98CBAyQlJRnha/Xq1Tl8+DD79u2jbt2619w/r9dw165dee4TGxvLpEmTjPdYWloarVq1MtaXKFHCbvvsv29iYmJIS0tjyJAhxrKUlJRcRzEA6N+/vxEqA5w8eZJJkyZd48zstWnThg0bNhAUFERkZCQ1atS4rv1FRERERERERERERG7WbR0AV69e3XgcFhZGVFQU586dK/AAOOv8vzcTsl6PKlWqcOjQIbuwAvKek3fr1q03Nfx1Xu2dPHkSLy8v1q9fT506dejcuTNWq5W1a9fi6+ubr2BIrs7d3Z2SJUsaAXDWilab8uXLG5XA+Rm2OT/OnDnD+fPnqVOnDs7OzlgsFnbv3k2pUqUwmUwcOnQINze3IgmAnZ2d8fT0zLG8dOnSdoFvXFyc3XY3Up08ZcoUevfubVSNPvPMM7luZ2vbz8/PaLt06dLX3d7NsIXA+/btK9TwNzEx0Rh63MfHB8g8f5PJREpKihGWX01er6HZbLYL2JOTk43HZcqUYeTIkTc0tzCAl5cXrq6uzJo1K1/bu7m52fUxOjr6utts2rQpc+fOZdOmTbRs2fK69xcRERERERERERERuVm3dQCcla2KEjID29xCtBtlC+aKUsWKFTGbzWzcuNEufAkODgbs5+QtVaoUVatWpUKFCjc8X2te7dWsWRNXV1cCAgI4ePAgSUlJnD59Gmdn50KpfLMNOwuZcwC7u7sDOYf7zupmqnezHtd2nMJq62oOHz4MQIMGDXJdb7FYsFgsuLm5GdfkRtgqYxMSEjhy5AguLi5s3ryZO+64gwsXLuDk5GRUB7u7u7N79+4bbqsgNGnShCVLltC1a1ecnJxYu3YtjRs3vqljxsXFGV+W2LBhA3FxcUYo6ejoSEJCgtH2mjVrqF69OgkJCfzxxx8899xzN3dCN6BDhw5GEFxY3NzcCAoK4ujRo+zZs4d69eqxe/durFYrVapUsauEvl5eXl5s374dyPzdvGPHDuN3x1133cXq1at55plnyMjI4Ouvv6ZNmzbG8OO5cXR0JDExEavVire3N/7+/mzcuJE2bdoQFxfHrFmzeO6553JUDxcUV1dX7rzzTkJCQhg7dmyhtCEiIiIiIiIiIiIicjX/mQDYFqBB7hWUN+PixYsA+Pv7F+hxr8ZqtVKhQgUCAgJyLAdyhK95DelbEO1ZrVbq1q2Lg4MDERERlCxZkhYtWhTK8M+28Nf22Ba4FlbwmlvoW9TDQaekpBAfH4+/vz+Ojrn/yO7cuROAO+6446bacnR0JCMjgz179uDu7o7ZbMbJyYlDhw7h7OyMi4sLFosFq9WKyWTCycnJrgK+qLVo0YLw8HCGDRuG1Wqldu3a9O7d+6aO+eijj/Luu+9SsmRJ7rnnHrp27cqnn37Ke++9R9OmTfnggw945JFH6N+/PzNmzODZZ5/FbDbTqVOnQp1nvLiVKVOG4OBgjhw5AmQOe1+9evWbrnpu1qwZa9euZdiwYfj6+tKoUSOjqrtfv37MnDmTZ599loyMDBo3bnzNkQxq1KhBdHQ0gwYNYu7cubz88svMmDGDhQsXYjKZ6NGjR6GFvzatW7cmLCwsz75+/PHHfPLJJ8bz3r17079//0Ltk4iIiIiIiIiIiIj8d5isN5MKFpC9e/cWWLXo/v377YYQzS4gIIBy5coVals3ExBu3rzZbo7Lf4uEhARCQ0Mxm81YLBbKly+f72Fbr+ecs1ffFnZVbmFVAOf3nC0WCzt37qRKlSrG0LvZHTx4kOTkZBo1apSvtq/m999/x8vLi6SkJKMaOLusvzIsFgvJycl07Njxmsf+t763b0fX+zOX9X0dGxtL6dKlSUhIsKs2z76diIiIiIhIQfv777+L9Iu369evp3XrgpvaZc2adbRq1QIXF5cbmrJIREREROxZrVZSU1PZvHkrd99dcCNlbtq0hXbt2hXY8W6UbUTe0NDQfO9Tv3594DasAL58+XKuy93c3KhcuTJubm4F1lZu4W9BVxf/GyQlJfG///0Ps9lMhw4d2L17N4cOHcLR0ZFKlSoVaFu1atWyGwLapjCDp+zHLsqQ6/z58zRq1CjPMDY5ORk/Pz+8vb0LpL3k5GTOnDmDs7MzwDWrxq1WK+np6QXStvw72Cp+b2aocRERERERERERERERKTy3XQDcsGHDImtL1W6ZnJyccHFxoWXLllgsFurXr09aWlqewxXfDHd39yK/7raK3+J4va9VrV6iRIkCHc62W7duN7RfYQz3LbeOq1W9i4iIiIiIiIiIiIjIreW2C4Cl6Dk5OdG6dWsjBLRarUZYeguMMH5T/mshv4Jcye6/9jMgIiIiIiIiIiIiIvJvpwBYCkT24PDfHvyKiIiIiIiIiIiIiIiI/BvlPrGoFJtWrVoVdxeKnM75v+G/eM63Kr0WIiIiIiIiIiIiIiK3LwXAIiIiIiIiIiIiIiIiIiK3CQXAIiIiIiIiIiIiIiIiIiK3CQXAIiIiIiIiIiIiIiIiIiK3CQXAIiIiIiIiIiIiIiIiIiK3CQXAIiIiIiIiIiIiIiIiIiK3CQXA8v/s3Xd4VFX+x/HPzGTSeyEhoXcCQoKAEEAQARVsKG13xYq7a0FEyqqLq6uuq4Ao2BYUYVdYXWygqz9BRDooRUBKQhMSCKaQSkLazPz+CJnUSUEgePf9eh6eJ8m999zvOfeMj08+OecCAAAAAAAAAAAAMAgCYAAAAAAAAAAAAAAwCAJgAAAAAAAAAAAAADAIAmAAAAAAAAAAAAAAMAgCYAAAAAAAAAAAAAAwCAJgAAAAAAAAAAAAADAIt8YuoExCQkJjlwAAAAAAAAAAAAAAv2qXTQDcrVu3xi4BAAAAAAAAl6k9e/Y0dgkAAADArwJbQAMA6i6s5wAAIABJREFUAAAAAAAAAACAQRAAAwAAAAAAAAAAAIBBEAADAAAAAAAAAAAAgEEQAAMAAAAAAAAAAACAQRAAAwAAAAAAAAAAAIBBEAADAAAAAAAAAAAAgEEQAAMAAAAAAAAAAACAQRAAAwAAAAAAAAAAAIBBEAADAAAAAAAAAAAAgEEQAAMAAAAAAAAAAACAQRAAAwAAAAAAAAAAAIBBEAADAAAAAAAAAAAAgEEQAAMAAAAAAAAAAACAQRAAAwAAAAAAAAAAAIBBEAADAAAAAAAAAAAAgEEQAAMAAAAAAAAAAACAQRAAAwAAAAAAAAAAAIBBEAADAAAAAAAAAAAA+FV54IEHG7uEyxYBMAAAAAAAAAAAAIBfjT/+8UHNnz+/scu4bBEAAwAAAAAAAAAAAPhVKAt/7XZbY5dy2SIABgAAAAAAAAAAAHDZKwt/HQ7C39oQAAMAAAAAAAAAAAC4rFUNf3kHsGsEwAAAAAAAAAAAAAAuW1XDX94BXDsCYAAAAAAAAAAAAACXJVfhL+8Ads2tsQsAAAAAAAAAjM7Ly0uFhUWyWq0ym1mTAQAAUF9vvfWG7PaSat/b7XaZTCZ5e3s3YnWXJwJgAAAAAAAA4CJr166t9u3bp/z8s41dCgAAgGF4e3spNDS0scu47BAAAwAAAAAAABdZeHgThYc3aewyAAAA8D+A/WYAAAAAAAAAAAAAwCAIgAEAAAAAAAAAAADAIAiAAQAAAAAAAAAAAMAgCIABAAAAAAAAAAAAwCAIgAEAAAAAAAAAAADAIAiAAQAAAAAAAAAAAMAgCIABAAAAAACA/zFbtmzVc889L0lKS0vTnXfefcHanj9/gZYvX3HB2vtfMn3649q7d29jl3Fe6ppHFefcr9XlPLcrjm9WVpbGj79LNpvtgt7j559/1j333HdB2wQAXBxujV0AAAAAAAAA8L/gmWf+qiNHjkqSPDw8FB7eRLGxsRoxYri8vLwuaS2tW7fS9ddfd0nvaXQZGRmaNGmyFi9+VxaLpbHLueww5y4dLy8vjR9/h8xm1n8BwP8qAmAAAAAAAADgErnjjt9pyJBrlZubq6SkJH344Ufavn27nnnmaXl6el6SGmw2myIiIhQREXFJ7ldXLWazWSaTqbFLwUV2ucy5y1VJSYnc3C7Mr+s9PDw0bNjQC9IWAODXiQAYAAAAAAAAuERMJpMsFosCAwMVGBio1q1ba/r0x/Xtt2t1ww3XS5K2bdum5ctXKC0tXZGRTTV+/Hi1bdtGkrRixWf65ps1KigokI+Pj37zm7Hq3bt3petSU9Pk6+ursWPHqE+fqzR//gK5ubkpPf200tPTNW7cGBUVFWv16tV66qkZztq+/Xatli9foeLiYl199QCNGTNaZrNZDodDr732hg4ePKiioiI1axalO++8U61atXTZz5ycHL344kwdOXJETZtG6L777lPLli0kSZMnT9HVVw/Qzp07lZOTqxdeeF6nT2doyZKlSkxMlK+vr2655WYNGNBfNptNDz/8iB57bLLat28nSbLb7XrkkUf14IN/VHR0tBITk2q8VirdstfX11cnTyYrPj5eUVGRmjjxYW3ZslUrV66S2WzWHXf8Tn36XCWpNJD+7LPPtXHjJuXl5alTp066++47FRgY6Kx90KCB2r17t86cyVNYWJgeeOAP8vX11ezZL0uSpk6dLkm6//77FB0dXevzrMvXX6/WypWrlJubqzZt2uiuu8Y7Q9Ta5kJVrubGzp079fHHnyg1NU1eXl7q37+fRo8eJZPJpLS0NE2ZMk333z9BH374kQoKCjRixHBddVVvLVjwthITk9SxY0c9/PCDlVawu5pHW7ZsrTTn0tPTtXjxv3T48GF5e3tryJBrdcMN18tkMik5OVmLFi1WUtIJSVKLFi305JOP19i3lJQUvf32O0pMTFLz5s3UqVMn/fTTMU2fPlVHj/6kOXNe0euvz3Oe//rrb6h169YaMWJ4pbGp7/PJz8/Xq6/O048//qjw8Ca6//771bp1K0nS8uUrtH79BuXk5Cg4OFgjR96qvn371NjO+vUbtH79ekVEROjQocPq0SNWo0bd7nL+NeRzmJWVpYkTJ2nx4ndVVFSkadP+5Dxmt9uVm5urv/71GbVu3arWNgsLC7Vo0WLt2rVbfn5+uu66YZXuU1RUpPff/0Dbt++Qw+FQbGyMfvvb31zyHQ0AANURAAMAAAAAAACNxNfXV126ROvAgXjdcMP1io9P0MKFi5yB5/bt2/XKK69q1qyXlJqappUrV+n5559VcHCwsrKylJ+fL0nav3+/Fi5cpIkTH1J0dLRycnKUnZ3jvM/27Tv09NNPKSIiQg6HQ1u3flepDofDoQMHDmjmzBd15swZvfTSLIWGhmrIkGslSd26XaH7779P7u7uWrHiM73xxpuaOfNFlyt3N2zYqClTHlOHDu311VcrNWfOK5o9e6asVqskae/evfrzn5+Up6en8vLy9OKLL2n06FH605+mKTn5lF56aaYiIiLUvn079elzlTZv3uwMgPft2yeLxaLOnTvXea0kbdy4SY89NlmtWrXU/PkL9OKLM9W/fz/NnfuKfvzxR/3jHwvUo0es3N3d9dlnn2vXrl164ok/KTAwUMuWfagFC97R9OlTnX2Lj0/QE088LqvVqjfeeFNffPGlxo4do6lTp2jSpMmaPXumcwvo2p5nXSHZjh07tGLFZ5o6dYqioiL16afLNWfOq/r73/+mEydOupwLVdU2Nzw8PPSHP/xBzZs306lTpzRr1suKiopSv35xznlx8OBBzZr1kpKTT+mvf31W+/bt14QJ9yk4OFizZ7+sVau+1i233FyveVRxvs2dO08dOnTQpEkTlZKSolmzXpa/v7/69++nZcs+UseOHfXkk0/Ibrfr8OEjNfbN4XBo3rzXFBMToyeeeFxJSSc0a9ZstWzp+o8TKjqf57Nhw0Y9+ugkTZz4kD79dLn++c9/6plnnpYkhYeHa8aMJxUUFKQ9e/Zo7tzX1LZtGzVp0qTGthISDuq664ZpwoT75HA4tHz5ilrnX0M/h1LpdtAVA/APPviP4uPj1bx5szrb/M9/likzM0tz5sxWSUmJXnnl1UptL1v2oZKSkvT888/KYrHo9dff1JIlS3X//RPqNf4AgIuHlwAAAAAAAAAAjSgoKEj5+XmSpDVr1mjYsKHq0KG9TCaTevXqpfDwJtq/f78sFrNKSkqUmJio4uJiBQYGKjIy8tx132rIkGvVpUsXmUwmBQQEqEWL5s579O7dy7ly1FVYNGrU7fLw8FBISIiGD79BW7ZscZ4/aNBAeXl5yWKx6NZbb1FaWpoyMzNd9qlnzyvVqVNHmc1m58rmhIQE5/GhQ4c6t7z+7rvvFRUVqWuuGSSLxaLmzZtp0KCB+v777yVJcXFx+u6772Wz2SRJmzZtVlxcX5lMpjqvlaSrruqt9u3byWq1Ki6ur3JzczVy5K2yWq3q0aOHzGazUlJSneM4duwYhYaGys3NTaNHj9LevXsrhatDhgx2Btndu3fXTz8dczkOtT3PumzatEWDB1+jVq1aymq16vbbb1N2drYOHz5S61yoXoPrudGlSxe1aNFcJpNJkZGRGjjwasXHx1e6vmxetG7dSs2aRal7926KjIyUp6enevXqpePHE2s8v+o8qujEiZM6eTJZY8eOkdVqVbNmzTRs2FBt3LhJkuTmZlFaWprS0tJksVjUsWOHGvuWlHRCKSmpGjnyVlksFrVq1VL9+/erc2zLx6bhz+eqq3qrY8cOslgsGjRooI4dOy6HwyFJ6tu3j4KDg2UymdS9e3e1b99ehw4ddtlWZGSkevXqJan0c1bb/Dufz2FVmzZt1ubNW/Too5NktVrrbHPz5i267baR8vb2lr+/v2666cZq7d1+++0KCAiQr6+vxowZrc2btzjHAwDQeFgBDAAAAAAAADSizMxMeXv7SCrdFnfv3n3asGGj83hhYaGys3N05ZVX6q677tRnn32u1157Q507d9Ydd/xWERERysjIULdu3Vzeo2wL49qEhoZW+DpEGRmlIZDD4dCnny7Xtm3blJ9/Vmaz+dw2smcUHBxcY1shISHOr00mk0JDQ5SZmVVjPadPn9ZPPx3T5MlTnD8rKSlRly7RkqT27dvJ29tbe/bsUXR0tLZv3+FccVnXtVXv5e7uLn9//0ohuLu7uwoKClRSUqKsrCzNn/+2zObydTPe3t7KyMiQt7e3JMnX16/CtVYVFJyteUBV+/OsS2ZmhmJjY5zfWywWBQcHKSsrSx07dnA5F6qqbW789NMxffTRx0pOTpbD4VBBQYE6derkPF4WGJfx8PCoNJ4eHh4qKCio1KareVRRVlamAgIC5O7u7vxZWFioM3i8447f6aOPPtazzz4vq9WqoUOHaPjwG6q1k52dpcDAwErvzg0JCXFuHV2X83k+Vftvs9lUUlIiq9WqrVu/08qVK5WRkSmz2aycnJxKz7C2tuqaf15eXg3+HFZ05MhRvffeEk2bNtV539o+235+fsrLy1NYWPnzbNIk3Pl1cXGxzpw5U+l4WFioSkpKlJOTU2neAAAuPQJgAAAAAAAAoJHk5eVp3779zpV1ISEhio2NrbbSrky/fnHq1y9OZ8+e1b///b7+9a8lmj59qoKDg5WamuryPrVtEVsmPT3duVVtevppBQcHSSpd5bd9+3ZNnz5NQUFBcjgcuvfe2rd4PX36tPNrh8Oh06czFBRUHnZVrCckJEQdOnSotM1yVXFxfbVp02adPVugiIhwNWsWVe9r68vNzU0BAQF6+OGHnNtHN0RNY1zX86xNUFCw0tLSnN/bbDZlZGQ6wztXc6Gq2ubGa6+9rhEjhuuxxx6VxWLRihWf6ejRnxpca0Wu5lFFgYFBys7OVnFxsXM1dVpauoKCgs4dD9SECfdJkg4fPqKXXpqp9u3bV3suAQGBysrKUklJiTMErjj3PD09VFRUVOma3Nwzzq9/yfOpKi0tTW+//Y6efPIJ5zuEX3xxZr2vr2v+bdy4qcGfwzKZmZl69dW5Gj/+jkrvN67ts221WuXj46Ps7BxnwJydXf5HHFarVb6+vkpLS3eG/mlp6bJYLPL39693vwEAFwdbQAMAAAAAAACXiMPhkM1mU3Z2tvbu3atZs2bL399P11wzSJI0ePA1WrlylRISDsrhcKiwsFA//vijcnJydPLkScXHJ8hms8nDw0Pe3t7OlYKDB1+j1au/0f79++VwOJSdna3ExKQG1fbxx5+oqKhIGRkZ+r//+0p9+vSRVBpS+/sHOMO5r79erZKSklrb2r59hxISDsput2vlylVyOBzq2LFjjef26tVTiYmJWrt2nYqLi2Wz2XTs2PFKWwvHxfXVzp0/aM2aNYqLi2vQtQ0xePA1+uCDD5SSkiJJys3N1bZt2+p1rZ+fn0wmk/PasvZcPc+6xMX10Zo13yoxMUklJSX69NPl8vf3V7t2bWudCzX1ydXcyM/PV7NmzWSxWJSbm6tNmzbXq6+1cTWPKmrWLEqRkU21bNmHKi4uVnJysr7+erVz++bvv/9eWVmlYWNAgL8sFovzvcoVNW/eTE2ahGn58hWy2Ww6fjyxUh/CwsJkMpmc2zAfOXK00lbkv+T5VHX2bIGsVqsiI5tKKl1dXfFe9VHb/Dufz6FUulJ37tx56t+/n/PdzmXqarNv3z5auXKlHA6H7Ha7vvpqVaXr4+L66pNPPlFOTo7y8vL04YcfqV+/OJlMJmVmZur99z/Q2bOuV8gDAC4eVgADAAAAAAAAl8iSJUu1ZMlSubu7Kzy8iXr06KERI4Y734fbuXNn3XPPXVq6dKl+/jlF7u7uatu2re677x4VFhbp3//+t06d+llubm5q1aqV7rnnLklSdHS07r77Li1ZslSpqWny8/PTuHFjK70HuDYmk0mdOnXStGl/UnFxsQYM6K9rrx0sSRo48Grt339ATzzxpHx8fBQbGytfX99a27v66gH69NPlOnLkiJo2jXC+c7Qmfn5++tOfpuv99z/QsmUfym63q1mzKI0ZM8Z5TkREhFq1aqmDBw/p4YcfatC1DXHLLTfLarVq9uw5yszMlJ+fn3r0iHW+p7U2bm5uuv322/T88y+opKREEyc+pCuuuMLl86xLz549lZGRqblz5yk3N1dt2rRxrtStbS5UVdvcuPfeu/Xuu4vk4+Mtb28fde/eTampaTW2Ux+1zaOq502a9IgWL/6XJk6cJC8vLw0Zcq0zoExIOKj33luqwsJC+fj46JZbblabNq1rbOeRRybqnXcW6oEHHnK+A7psFbPVatWECfdqwYK35efnq/DwcHXt2tV5fW2ft4Zq0aK5rr12sP7yl2cUEOCvpk2bqnPnzg1qo7b5dz6fQ0k6duy4jhw5qtOnMyqF41OnTqmzzbFjx2jRosWaMeMp+fn5Kyamu/bu3es8PmbMaL3//gd68skZcjgcionprjvu+J0kKScnV19++X+64Ybr5eXl1aBxAAD8cibHZfBG9j179tT6jhIAAAAAAAD8b7vUvz9au3atBgzod8nuB+DCWLt2nb7/ftsF2RYcAPC/acOGTRo0aFBjl+HckWLXrl31viYmpvTd82wBDQAAAAAAAAAAAAAGQQAMAAAAAAAAAAAAAAbBO4ABAAAAAAAAAIYwaNBADRo0sLHLAACgUbECGAAAAAAAAAAAAAAMggAYAAAAAAAAAAAAAAyCABgAAAAAAAAAAAAADIIAGAAAAAAAAAAAAAAMggAYAAAAAAAAAAAAAAyCABgAAAAAAAAAAAAADIIAGAAAAAAAAAAAAAAMggAYAAAAAAAAAAAAAAyCABgAAAAAAAAAAAAADIIAGAAAAAAAAAAAAAAMggAYAAAAAAAAAAAAAAyCABgAAAAAAAAAAAAADIIAGAAAAAAAAAAAAAAMggAYAAAAAAAAAAAAAAyCABgAAAAAAAAAAAAADIIAGAAAAAAAAAAAAAAMggAYAAAAAAAAAAAAAAyCABgAAAAAAAAAAAAADMKtsQsAAAAAAAAALkcbNmxq7BIAAACABiMABgAAAAAAAGowaNCgxi4BAAAAl9jatWsbu4RfjAAYAAAAAAAAqIHNVtzYJQAAAAANxjuAAQAAAAAAAAAAAMAgCIABAAAAAAAAAAAAwCAIgAEAAAAAAAAAAADAIAiAAQAAAAAAAAAAAMAgCIABAAAAAAAAAAAAwCAIgAEAAAAAAAAAAADAIAiAAQAAAAAAAAAAAMAgCIABAAAAAAAAAAAAwCAIgAEAAAAAAAAAAADAIAiAAQAAAAAAAAAAAMAgCIABAAAAAAAAABfM4u0p8nhig744cLqxSwEA4H8SATAAAAAAAAAA4II4nV+sx7/8SfNHddKN0aGNXQ4AAP+TCIABAAAAAAAAABdEiLdVaX8doHt6hsvhcFyUe8yb97q2bdt2Udq+ECZPnqKEhIM1HsvKytL48XfJZrNJkhYtWqyPPvr4gtewdu06zZw5+4K3ezF9/fVqzZw5u0HzZvr0x7V3796LWFX9bdmyVc899/xl005NbT3//N9czk0AxuLW2AUAAAAAAAAARnMso0CS1CrY87yuLyyx65UNJ7VsT5oOpZ2VJLUN9dTtXUM1dWBzeVlL13Ws2Jeu29874LzOJCnM16rYSF/NuLaF+rb0dx47lH5Ws9Yl6ZtD2TqVW6gATzd1CffRw/2a6tYuoco6W6LQv26RJM2/rb3u6x1x3rWM6BSsFXd3cY5Fu5mlYd32R3ooJtKnWt0VfXFvF13XIVg2u0MvrU3Skp2pSswqlIebSVH+7uoe6atFYzrKzWyq8frHPj+qeZtOSpLMJsnbalGzAA8NbBOgyQOi1C7Uy3nulXN3avepvGptXNXCT5sejKmx/fqOedW2/Twsah3sqft7R+iBvpGV2tyWlKtZ605o07Ecnc4vVpCXm/q29NfUq5sprlX5M6zY5hPXNNdz17VyHnt4+WH9Y+spSdLgtoFadf8VDW5fqnueVOx//NSezvFMzinU39ck6auDmTqZXShPN7O6NfXRhN5NdUePJjWOX13zpCZHjhxVcnKyevXqJUkqLi7WvfdOUGRkpP7+97/JbC6dj998s0abN2/WU0/NqLGdi6/m+VlV37595e7ufuHvbjLJZKpfDZeD1NRUrVnzrZ566qkG1T1y5EhFRUVdxMrqr02bNho+fPhl046kc2NZPp4jR47Uhx9+qBkz/nxB2gdw+WIFMAAAAAAAAHCBHc8qDbOm/Peoss6WNOjaghK7hr79o2asPKYfT+UpOtxHXSJ8tD8lX39dnahr5u9WXpHt3Nnlv9i/pm2Qhp0LTlcezNT1C3/UofTSwHbtkSxdOXen3t2WopQzRYqN8lObEC/tOJmrRdtTqtVQFsCcby1fxGfo2yNZtfSy/NyYSF9d1cLf+S/QszQMe2FNov6y6rh+yihQz2Z+io3y05kiu97flaYSu+sVgmW1u1tM6tXcX8HebkpIy9f8707pynk7q9RVem6ot7VSDV0jfOtVe21jXnZelL+HhncKURNfd+05laeJK47ovxXejfvJ3nQNeGu3PtmbLrvDoX6tAmQ2mfTZ/tO6Zv5ufbArrcZ7z996yjn2p/OL9a8d5c+xYoDWkPbrN0+qh3OH0s+q57wf9NbWU/o5p0i9m/sr3M9dG4/l6O5lCXp4+eEa+1D3PKlu9epvNGBA/2o/z8nJ0fr1G6qMweUfgHbu3Elt2rRp7DIa3cmTJ/Xwww/J27thfzQTF9dXQUFBF6mq+ispKVF4eBP17HnlL27rQrVTky5dopWSkqqkpBMXpX0Alw9WAAMAAAAAAAAXydyNJ/XP7Smac1Mb3XlleL2ueWNzsjYfz5EkLRvfVaO6hUmS/rv/tG5atEfbT5zR3I0n9eTgFpWum397R7UL9dLh0wXq8NIW5RXZtepgploGeequ/xxUfrFd7UK8tOr3sWod7CFJyi9yaFtS9gWvxWySpn3xk76fGFtnfz8c37XSqtzSrXEdWnOktK6nhrbWU0NayuEoDfX2p+TJ3VL3upYwH3dtnXilJJN2J5/RLYv26HhWge5ZdlCHpveS1VIeDl7XMVhLfhvt/N7hcMhut9XQamWuxrx9hf4Mahuo934TrUKbQyF/Wa/8Yrt2nDijGzuH6GyxXQ9+clgldof6tvTXyvtj5edhVl6RXSMW7ta6o1l6ePlh3dg5WL4eFmebId5uOp1fosXbU/RQXKTe2nJK+cV258/LNKR9dzfzec+TKf89qtQzxQr0dNO2Sb3ULtRTkknT/3tYs9Yl6h9bT+k3MU3Ur8pq44bMkzK7d+/W0KFDqv385ptv1qefLle/fnGyWq3Vjh84EK/3339fP/+corCwUI0bN1ZXXHFFtfMkaf78BTKbzcrOztGZM7mSpHvuuUctW5bO89mz5yg2NkbXXjtYkpScnKy//OUZvfPOAmcbhw8f1qJF7yozM0udO3fWfffdIz8/v2r3evfdRfLz89OoUbdLkhITk7R06b91/Phxmc1mXX31AI0bN1Y///yzFi5cpKSkJJlMJkVHd9bdd9/lbDMlJUVvv/2OEhOT1Lx5M3XuHF3pPunp6Vq8+F86fPiwvL29NWTItbrhhutrXG1rs9n02Wefa+PGTcrLy1OnTp109913KjAwUFLpFteDBg3U7t27deZMnsLCwvTAA3+Qr2/1P5xIS0vTlCnTNHr0KP34415lZ2crNjZGY8aMltlsrrNfycnJWrjwXSUlnTjXr846evQnTZ8+VZI0bdp03XnnHeratavmz18gd3d3ZWRkKj09TWazWRMmTFDr1qUr5Xfu3KmPP/5Eqalp8vLyUv/+/TR69Kgax6Cuutev36D169crIiJChw4dVo8esWrRooVWr17tXHVe1zi5etZbtmyt1k6/fnE6ePCQ8vLOKCysSaX5tHz5Cq1fv0E5OTkKDg7WyJG3qm/fPtX6VKZz58764Yddat68mctzAPz6sQIYAAAAAAAAuIiyCkp074cH1XPeTq07Wvdqxy8OZEqSujX11W1dg2WzlchmK9HwToHq06I0QPsiPrPadXZ7iYpLivXd8fJjAV5WbT2eo5M5hZKkZ4a1VosAi7NND4tN/VtVD6V+aS3je0RoV/IZvbej+uriqka/96P6vLbd+e9scWnw2i7UW5I0b0OSHvokQQu/O6mDqTnqGOouF7s/V1Nab7G6hnvqheFtJUknsgu15VyoXWZlQkalGuZtSKpX+67GvDKHbLYS7TuVo8ISuySpe2TpmH+XmKP0/GJJ0rRBLeTtZpfNViJPi11PDG4pqXT+bDpeOXz9bWyE/D0smrvxpPKL7HpryymF+7prZNcmlc5rSPvnO0+KbA59fbC0/3f2jFDrIDfnuD89tJXKcvYv4jOqXduQeSJJGRkZys3NVdOmTasd69EjVsHBwfr669XVjmVmZurll+doxIgRWrBggUaPHq1XXpmrlJSa72symbRjx07dc889eu6553TTTTdpzpxXVFxc7Dxe1zbFGzdu1OOPP6433nhDFotFixf/0+W9ytrKzc3V3//+onr27Kk333xT8+bNU8+ePSVJdrtdt956q95880298sorKioq1n/+s0xS6R8szJv3mjp06KgFCxborrvu0po1a5z3cDgcmjt3niIiIvTmm29q2rRpWrlylTZt2lxjTZ999rl27dqtGTNm6K233lJ4eLgWLHin0jkJCQmaMWOGXn75Zfn4+OiLL750ORYOh0M5ObmaMWOG/va3vyk+PkFr1nxbr3699trrio7uogULFujee+/VunXraxh7k3Msd+78Qffee69mzpypIUOG6J//LB93Dw9PPfjgg1q4cKH+/Oc/a8uWrdq8ect51W0ymZSQcFAxMTGaPXu2xo0bV+Oqc1fjVNuzrqmd/fsPaPr06XrxxRcVGhpaaT5FRET9aA0HAAAgAElEQVTo6aef1rvvvqvx48fr7bffUWpqqst+RUZGKjEx0eVxAMZAAAwAAAAAAABcAruS83Ttgh/12OdHaz0v9UyRJKl5oIccjvKtjh0Oh1oGeVY6p6JOs7fL48mNGv9BvCSpQ6iXbokOVcqZYuc5bc+t6KzM9XbK51vLs9e1lo+7WU+tOqb84tpX0u5KztN3ibnOf7Zz2zu/eEOb0ncTF5TozS3Juv/jg+o4a7uGLPhRGfkN21Zbcqh9SHnfK46JJKXnF1eqITGrep9q4mrMK1r6Q6qsT2xQz3k7ZbWYNeem9hrZNUSSlJZXXkeUf+X3wDYPKA+S0/Iq99ff06L7ekfqaEaBxv37gFLOFOmhfs3k4VY5NGpI++c7TzLzi1V87pk1C6h8naebQ6E+7tVqKdOQeSJJ+fml22t7elavz+Gwa9y4sfr88//q7NmzlY5t27Zdbdq0UZ8+fSTZFRsboy5dumjr1u9c3qt3794KCQmSzVainj2vlJubmxISEuqsscyIEcMVGBggNzezxo0bp23btjsDZFe+/36bIiMjNWzYUJnNkpubWe3atZNUGtp17Rots1ny9HTXzTffrPj40nqSkk4oJSVVt99+myS7WrRoof79y7fJPnHipE6eTNa4cWNlNktNm4br+uuv16ZNm2qsY82ab/Wb34xTUFCATCaHxowZrb179yo/P995zpAhQ2U2m2SzFat79+46dux4rX278cYRsttL5OZm1nXXDdOWLVvr1a+0tHTddttISXZFRUVV6ldN+vbtq6CgANlsJc66yv7b1bVrF0VFRcluL1F4eJiuueYa570aWndZ7b169ZTNViyHw17j9a7GqbZnXZNhw4bKzc0sm61EN944otJ86tu3rwIC/GS3l6hbt67q0KGDDh067LItLy/PSs8SgDGxBTQAAAAAAABwidzZo4ke6RdZ6zlhvlbFp0lJWYXVjiVmFUiSmvi6Vzt2Tdsg+bibFebrrthIP93Tq6m83OyK8Cs/91B6vno1r+39themlnBfi6YNaqlnVv2kl9efrPUeh/7Ut8oW0KWhRoi3WZ/cdYVyC+3afDxLaw5lat7GJK09mqVXN57Us8Na1rsfkpSQVh54VBwTSfpdbLiW/LaL83uHw16vLaBdjXlFbYI91a2pr745nKncQpu+SkjXg33D5WY2KdSnPMhMyirQlVE+zu/Lxlcq3c66qkf6R2nexiR9GZ8hLzez/nBVhJ5dXTmEa0j73tbytUINmSeBXm6ymk0qtjuUVKFNqXQL6vS80jD9l84TSfLxKa2/oKBAXl5e1Y536tRRbdq00RdffKng4GDnz7OyshUWFuYM6RwOh8LCwpSZ6XpFfkBA+XbVDodDQUFBysqq//uKg4LK7x8cHCiHw6Hs7Gy5ubn+lfzp0xkKDw+vEiaWhpe5ubl6//0PdPDgIRUXF8tut6uoqHRss7OzFRgYKItza3SHmjRpopMnT57rf5YCAgLk5lZhG/GQEGVkVF+9X1JSoqysLL311j9kNpfPCW9vb2VkZMjbu3Rlvq9v+VyyWq3VQveq/PzK55O/f4AyMjLq7FdWVpYCAwNVvuDXoZCQkFpXr5bNkdK63GSz2VRSUiKr1aqjR3/SRx99rOTkZDkcDhUUFKhz587nVbckBQUFVfrDmJq4GqfannXNdfhX+NrXOZ9CQ0O1ZcsWrVy5UhkZmTKbzcrJyVFsbIzLts6ePVtpnAAYEwEwAAAAAAAAcJF1b+qjOTe10cA2gXWee1N0qDb8lK09p85o+b503dqldEXpVwkZzq2Lb+wcUu26svfRSg45HA5nsHBVC39F+rsrOadIz32TqH6t/J2rd88W27X9RK4GtA64oLVI0mMDorRg60m9t7P27X1ttmLZbNV/TbliX7pio3zVItBTw9oH6LoOQdp4LEtbjuc0eAXwnlN5mvHVMUlSlL+HrmrhX+UMhzN4bghXY15R35YBeu830dpx8oz6zNumVQcz9ebmZD3SP0p9W/o539v7yoYTGtIuUL4eFuUX2TVz7QlJUqCnm/q3qlpv6QreUd2a6D+7U3VXz6YK8bZUO6ch7Vst5vOaJx5uZg3tEKwv409ryc4UPRzXVG1DSsPZ579JlO1cpjWi0y+bJ5IUFBQoPz8/JSefUtu2baoddzgcGjt2rJ577jkNH35DheuCdPhw5RWRaWlpat++vct7paWlVWo3NTVVgYGloa6np2el1by5uWeqXZ+Rke78Oj09XSaTSQEBAcrLy3N5z9DQUJerjD/44D+SpBdeeEFeXl5KSEjQzJkzJUmBgQHKycmRw+Fwbo9cMawOCgpUdna2iouLne9HTk9PqxSSl3Fzc1NAQIAmTZpUbXwqfkYq5561h6CSlJqaqoiIiHNf/+y8d239CgoKVFZWlmw2mywWy7m602tovX61vPba67rxxhs1bdo0WSwWLV++XEeOHDmvuuvL1TjV9qxrkp6eKqmzs6ay+ZSWlqa3335HTz01Q23blq4gfuGFF2pt6+TJZLVo0aLWcwD8+rEFNAAAAAAAAHCRBHhatHBUB+2Y1KNe4a8kPdg30hlQjn7vgPq8/oP6vv6Dbl68T5LUI8pPk/pHVbvObi85989WKYh0t0j/HBctLzezDqWfVZeXd6j/m7t09Vu71exvWzVr3YkLXoskeVtNeu66trLXkQ2N+/cB9Xtzl/Pfxz+WBm9vbjmlti9uU6dZ2zV0wR5d8fL3ztB5WIeg2huVlJZXpH5v7lLbF7fpyrk7dTyrQD7uZv3rN9Fyr5KVrkzIrFTD8IV762xfcj3mlTlkt5cotqmXfhtbGiT9/dsknSm0ydPNpLdu6ySLSdp0LEcdZm3TtQv2qP3Mbfr2SJbMJum1kR3k417zr3Hn3NROX/8+Rs9e16rG4w1p/5fMkzk3tVOot1WZZ0sU++pOXTN/t6Jnb9dLa0vfpfz7qyIV17LmdwjXd56UiYmJ0f79B1web9GiuWJiYrRq1dfOn/XseaWOHj2q7777TjabTT/88IP27dunq67q7bKd7dt36MCBeNntdn355f/JZDKpU6cOkqSWLVtqz549cjgcstlsWrlyVbXrv/pqlTIyMlRYWKgPP/xIvXr1coavrvTu3UsnT57U11+vVnFxsQoLC3Xw4CFJpdtfR0Q0lbu7m4qKCrRy5Urndc2aNVdoaKjWrVsvScrJydHGjRudx6OimikyMlLLln2o4uJiJScna9Wqr11upzxkyBAtXbpEycknZLMVKysrQ1u31vy+4Pr66KOPVVhYqPT0dH355VeKi+tbr36FhYXp00+Xy2azKTExyeW21fWRn5+vZs2iJNmVlZWhDRs2nHfdv1Rtz7omX321SqdPn1ZhYaGWLSufT2fPFshqtSo8PFw2W7EOHz6k+Ph4l+04HA7Fx8crJqb7BekHgMsXK4ABAAAAAACAi+CRflH6y5AWCvRq2K/gPN2ktQ/E6uV1SfrPrhTt/bl06+JOYd4a3T1c0we1kIfFVdhYs8Ft/fXDY7310rfH9c2hDO04cUYBnm6KjfLTfb1db0n9S2u588ommrcxSbtPVV8hWWZXcuUVkSlnSlf3/rFvMwV4WvVDcq62HM+Ru5tJV0b56eF+zXRLl5A6t14tsjn0fWKufNwt6hDmrcHtgjRlYAu1DrJWuzY9v1jpieWrG0O8L8avTR16emhLvb8rRWl5xXp140nNuLaFbr8iWJse7qmXvj2ujT9ladOxHAV6uumm6FBNH9RScS19XYbL4b4WRfj51zoWDWn/fOdJuxB3/fBYb/1t9TF9lXBaW4/nytNqVlzLAN1/VaTu6hle65ba9ZknZYYOHaJ//GO+brxxuHO1a2UOjR49St9//73zJ0FBgZo6daqWLl2qd955V02aNNHkyZMVHt7E5X0GDRqkzz77XIcPH1bTpk01ZcoU5/bNQ4ZcqyNHjujxx59UQECAunfvrj179lS6vn//fpo5c5YyMjLVuXNn/f73v6+zb76+Pvrzn/+s9977lz766GNZLBYNHHi1OnRor1GjRmn+/PnauXOHrFarevS4Urt375YkmUzS5MmPav78BVq3bp18fHwVFxen48ePO48/9thkvfvuIk2cOEleXl4aNmyY+vWLU00rZm+++SZZrW6aPXuOMjMz5efnpx49YtWrV686+1ATk8mkK67opunTH1dxcbGuvvpqDR48WJLq7Nejj07S/PkLtGrV12revJn69++v5OTk86pjwoQJWrjwXfn4eMvb20cxMTFKTU09r7p/qdqedU0GDrxas2bNds6nCRMmSJJatGihIUOG6C9/eVoBAf5q2jRS0dHRLu+7d+9eNWnSRM2bN1d9Vm4D+PUyOer6P6VLYM+ePerWrVtjlwEAAAAAAIDL1KX+/dHatWs1YEC/S3a/mphM5nPv4CwLuUq3Ga4YpJlMJpnNpaFUfbYwNpstMpnKV5OWbltscwaIFkvpCsWqK1p/SS0Wi5vzOputRJKj0rlVld3bZDLJZLJUCfkcstvttay2rd7H8r5Wf69vxdqqcjWe9R3zsrar3rfmMTadq7u8lvLxddTZZpmyvpdeW3Gb7Pq1X7WdiueWzZPa+l997Ks/r4bMk5qZ9Nprr6tPn97OQNJisVarpXScHefaKruv5dw9HOfGv+Z7LFjwtsLDIzRy5MhzY1a60rdiTWazm0wmk3Prb7PZ4qzBYrHKbrc5PzNVn0fFektrUoXnWflZlT9rk3Mb5NLzK9+zfAzLth12SDJVum9ZzWX3q+1zVPqZL79fxTlXWn/5Myob27KxrigtLU1TpkzTe+/9y9le5flb336VPoclS5aouLhEd955h7MWu71EDodDZrOl2lbsFce6fO45XI5Rfes2mcwymcyVri3772TZONQ9TjU/66rtTJ48RQ888Mdz7yuuPp/KP3eOc3O69L8Rpf8drdzW88//TePGjVO7dm2r9RlAuQ0bNmnQoEGNXYZyckp3Ptm1a1e9r4mJKX0HOCuAAQAAAAAAgMuQw2GXzVb7St/SLWjr/+7a0vDC9UpMV239klpqCoXqU3dpkNOwd/1KdfexrtrqUt8xd9V2zddWDWwb1mYZ132vX/t1t1N7/+sz9g2ZJy5a0KRJkyr94ULN7VX+Wel9G/K8ax+zqscqfj7K7u3qM1OxtupBvqv7Vq+/avt1z4/697+2z/z5jK3r9mrv16FDhxUUFKjQ0FAdPHhI69at16OPTqqxlpr+KKLye4sb/q5vV3WXBay1nVv3ONX8rGu6p8Ph+vnW/nmt3NbTTz9d7Y8ZABgTATAAAAAAAAAA4FejIUEmft1SU1M1b95rOnv2rIKCgjRmzBh17typzi3gUbPz+aMXAL9OBMAAAAAAAAAAAJzzxz/+sdpWwjg/YWFhWrp0aYNX3pbp37+/rr56oPP7urauvlB+ad0X0rx58+rYFh0AqiMABgAAAAAAAADgnJq2Esb5+yUhan22n79YLofwV7p86gDw62Ju7AIAAAAAAAAAAAAAABcGATAAAAAAAAAAAAAAGAQBMAAAAAAAAAAAAAAYBAEwAAAAAAAAAAAAABgEATAAAAAAAAAAAAAAGAQBMAAAAAAAAAAAAAAYBAEwAAAAAAAAAAAAABgEATAAAAAAAAAAAAAAGAQBMAAAAAAAAAAAAAAYBAEwAAAAAAAAUIXZbFZhYUFjlwEAAIBLqLCwQGbzrz8+/fX3AAAAAAAAALjAQkJCdPx4kgoKChu7FAAAAFwCBQWFOn48SSEhIY1dyi/m1tgFAAAAAAAAAJeb9u3b6+jRw4qPP6D8/LOy2eyNXRIAAAAuEovFLG9vL3l7+6h9+/aNXc4vRgAMAAAAAAAAVOHu7q5OnaIbuwwAAACgwdgCGgAAAAAAAAAAAAAMggAYAAAAAAAAAAAAAAyCABgAAAAAAAAAAAAADIIAGAAAAAAAAAAAAAAMggAYAAAAAAAAAAAAAAyCABgAAAAAAAAAAAAADIIAGAAAAAAAAAAAAAAMggAYAAAAAAAAAAAAAAyCABgAAAAAAAAAAAAADIIAGAAAAAAAAAAAAAAMggAYAAAAAAAAAAAAAAyCABgAAAAAAAAAAAAADIIAGAAAAAAAAAAAAAAMggAYAAAAAAAAAAAAAAyCABgAAAAAAAAAAAAADIIAGAAAAAAAAAAAAAAMggAYAAAAAAAAAAAAAAyCABgAAAAAAAAAAAAADIIAGAAAAAAAAAAAAAAMggAYAAAAAAAAAAAAAAyCABgAAAAAAAAAAAAADIIAGAAAAAAAAAAAAAAMggAYAAAAAAAAAAAAAAyCABgAAAAAAAAAAAAADIIAGAAAAAAAAAAAAAAMggAYAAAAAAAAAAAAAAyCABgAAAAAAAAAAAAADIIAGAAAAAAAAAAAAAAMggAYAAAAAAAAAAAAAAyCABgAAAAAAAAAAAAADIIAGAAAAAAAAAAAAAAMggAYAAAAAAAAAAAAAAyCABgAAAAAAAAAAAAADIIAGAAAAAAAAAAAAAAMggAYAAAAAAAAAAAAAAyCABgAAAAAAAAAAAAADIIAGAAAAAAAAAAAAAAMggAYAAAAAAAAAAAAAAyCABgAAAAAAAAAAAAADIIAGAAAAAAAAAAAAAAMggAYAAAAAAAAAAAAAAzCrbELAAAAAAAAAAAAAABUFxMT0+BrWAEMAAAAAAAAAAAAAAZBAAwAAAAAAAAAAAAABkEADAAAAAAAAAAAAAAGQQAMAAAAAAAAAAAAAAZBAAwAAAAAAAAAAAAABkEADAAAAAAAAAAAAAAGQQAMAAAAAAAAAAAAAAZBAAwAAAAAAAAAAAAABkEADAAAAAAAAAAAAAAGQQAMAAAAAAAAAAAAAAZBAAwAAAAAAAAAAAAABkEADAAAAAAAAAAAAAAGQQAMAAAAAAAAAAAAAAZBAAwAAAAAAAAAAAAABkEADAAAAAAAAAAAAAAGQQAMAAAAAAAAAAAAAAZBAAwAAAAAAAAAAAAABkEADAAAAAAAAAAAAAAGQQAMAAAAAAAAAAAAAAZBAAwAAAAAAAAAAAAABkEADAAAAAAAAAAAAAAGQQAMAAAAAAAAAAAAAAZBAAwAAAAAAAAAAAAABkEADAAAAAAAAAAAAAAGQQAMAAAAAAAAAAAAAAZBAAwAAAAAAAAAAAAABkEADAAAAAAAAAAAAAAGQQAMAAAAAAAAAAAAAAZBAAwAAAAAAAAAAAAABkEADAAAAAAAAAAAAAAGQQAMAAAAAAAAAAAAAAZBAAwAAAAAAAAAAAAABkEADAAAAAAAAAAAAAAGQQAMAAAAAAAAAAAAAAZBAAwAAAAAAAAAAAAABkEADAAAAAAAAAAAAAAGQQAMAAAAAAAAAAAAAAZBAAwAAAAAAAAAAAAABkEADAAAAAAAAAAAAAAGQQAMAAAAAAAAAAAAAAZBAAwAAAAAAAAAAAAABkEADAAAAAAAAAAAAAAGQQAMAAAAAAAAAAAAAAZBAAwAAAAAAAAAAAAABkEADAAAAAAAAAAAAAAGQQAMAAAAAAAAAAAAAAZBAAwAAAAAAAAAAAAABkEADAAAAAAAAAAAAAAGQQAMAAAAAAAAAAAAAAbh1tgFlNmzZ09jlwAAAAAAAAAAAAD8P3v3HV1Vlbdx/LklvYeQAgFCEgglFGlSLEGaihQZUKT4MmAZESkSREesgwwCAs6oCAiD0ntRRxEcUFEQRClBepGEBEgCqaTd8v4RciEkkIAlEL+ftbJMztlnn9/e97oWyXP3PsAt7aYJgKOioiq6BAAAAAAAANykDh48WNElAAAAALcEtoAGAAAAAAAAAAAAgEqCABgAAAAAAAAAAAAAKgkCYAAAAAAAAAAAAACoJAiAAQAAAAAAAAAAAKCSIAAGAAAAAAAAAAAAgEqCABgAAAAAAAAAAAAAKgkCYAAAAAAAAAAAAACoJAiAAQAAAAAAAAAAAKCSIAAGAAAAAAAAAAAAgEqCABgAAAAAAAAAAAAAKgkCYAAAAAAAAAAAAACoJAiAAQAAAAAAAAAAAKCSIAAGAAAAAAAAAAAAgEqCABgAAAAAAAAAAAAAKgkCYAAAAAAAAAAAAACoJAiAAQAAAAAAAAAAAKCSIAAGAAAAAAAAAAAAgEqCABgAAAAAAAAAAAAAKgkCYAAAAAAAAAAAAACoJAiAAQAAAAAAAAAAAKCSIAAGAAAAAAAAAAAAgEqCABgAAAAAAAAAAAAAKgkCYAAAAAAAAAAAAACoJAiAAQAAAAAAAAAAAKCSIAAGAAAAAAAAAAAAgErCXNEFFDl48GBFlwAAAAAAAAAAAAAAt7SbIgAuKChQ8+bNK7oMAAAAAAAA3KR27txZ0SUAAAAAtwS2gAYAAAAAAAAAAACASoIAGAAAAAAAAAAAAAAqCQJgAAAAAAAAAAAAAKgkCIABAAAAAAAAAAAAoJIgAAYAAAAAAAAAAACASsJc0QUA1ys7O1ubNm1SZmZmRZeCSsjb21vt27eXu7t7RZcCAAAAAAAAAABw3QiAccvZtGmTGjSIUnBwcEWXgkooMTFJmzZtUteuXSu6FAAAAAAAAAAAgOtGAIxbTmZmpoKCgmS32yu6FFRCISHB2rFjZ0WXAQAAAAAAAAAAcEMIgHGLIvwFAAAAAOBmlp2draSkJJ07d04Wi8Vx3N/fX/7+/goMDKzA6gAAAIDKiwAYtyRW/wIAAABAxag3aZvG3xuu3o1vLLxb/NMZjf30iDLzrPqwbwN1bxjwG1d4a1iy64zGbzyhuNjbK7qU30V8fLzi4+NLPXfu3DmdO3dOycnJioqKktnMn6cAAACA3xL/wsYt6c8eAK9atUYmk1E9enSv6FIAAAAAlMP4jSf00vpj+rBvAz3aPLiiy6lQT68+qOUDG6lDHb+KLsUhK88qr3Ff6fgLbRXm71rR5ZRL7MdHlJKdr3l9G/wm/f2Wc3B5+Gs2m1WvXj15e3tLkvLy8nTgwAFlZ2crPT1d+/btU5MmTX51/QAAAAAuMVZ0AQAkP7+q2rDhy3K13bz5K7322utq3bp1ufvfs2evvL39lZqaeqMlAgAAALhBNrs0Z3ui/N3Mmrn11O96rwLrzf1h2bQci87nWNQw2OOG+7jZx/hnl52dXWzlb2RkpLy9vZWXl6dz587JxcVFDRs2dKz6zc7O1qlTv+//FwAAAMCfDSuAK4GNGzfq+eefl5OTk7Zu3VrR5fwhyloBvHDhYg0dOkzp6SUDT3//QE2Z8qaqVaumhx/ud81+5s6drdzcPA0dOkxhYbW0a9dOGQwGx/kvvtigPn36ysXFRWfPJkqSfvnlpBo3vk2ffLJWd955R7nHZDAYyhxXYmKSYmPHas2a1QoMDCz3Smg/Pz8NHDhQzs7Of/rV0wAAAMAfbf3BVCWk52nNoMZ6YO5uxZ3OVvRlAejR1BzFfnxYW3/JUK7FqkbBnvp0SFN5u5qUlWfVi58f1dq4FGXmWdQmzEfvPhilWn6FKzSbTt2uLlH++v5khs5k5uv1LuHqElVFL60/qnX7UpSSXaBafq6a81B93V7TW//aEq8Z351SQnqefN3M6ts0SBPui5CTyVBq7flWu8Z8cliLfzojJ5NBz7SrUaLNpiPn9ffPjurA2QsK8HDSqLtqaGjb0BLt4k5nq/t/dkuS2vz7B5mMBh18rrVsdukfG49r/s7TSs+1qFl1L03vUdcxR6WN8dsT6Uq9UCAnk0HLd5+Vj6tZ03vUUZi/m55Yvl8Hky+oXZivFvZrqKqeTpJ0zbF3mPmTJClmxo8ymwz6W5vqir27ps5m5Wvk2sP635HzMhikLnX9NbV7Xfm7mx19Tvs6XudzCuRiNmpAs2C91a1OqXO59Zd0Pb3qoI6k5qhxiKfuq1el2PmyXuvLLf7pjOZsT5TVbteWiYV/B/h5TGs5GQ2asTVB73yboFPpeaoT4K63utfR3eG+SszI023TtuutbnU0oFnhKvRBS37WL2m52vjEbVedgx9PZerZdYe1OzFL/u5mDW5VTc+3ryWTsfT3TFJSUrGf/f39JUm7d++WxWJRZGSkAgMD5eHhofT0dEmFITAAAACA384tFQBPmTJFS5YsKfXct99+KxcXlz+4ovKZP3++3n77bYWHh2vZsmUVXc5V/fzzz3r00UclFYbKvr6+v2n/I0eO1JYtW9SnTx+NHTv2V/VVVohpMBiv2c5gMKpdu3bavn2b49gLL/xdFy5c0NtvT3ccCwkJ0SeffConJyfl5OTqm2+2FAt1FyxYpJo1a+jMmbMl7lWeQPfKMZXVvlq1EO3Zs0t5eTmy223l7js0tLpmznxP+fl5BMAAAADAH2zmtlO6r14Vda1fRU1CPDVr2yn9q2ddSVJmnlUxM35Un8aB+rBvQ7k7G/X9yQyZL4Zrjy75WflWm74f3kJ+7k56Zf0xPThvj34Y2UpF+dvKvcn6ZmhzhXg7S5J6/GePsvKt2vxUM9X0ddWhlAtyutg42MtFnwxponB/Nx1MvqBuc3cr1MdFI+4sGexK0j82HNf/jpzXzpGtVNXTSaPXHdbR1BzH+V2JWXpg7m4t6h+tB+pX0YGzF3TvB7sU7OWiXo2qFusrOthD24e3VNVXv9HWZ1oo2Kuw3tfXH9OSXWe0/vGmquXnqn9sPKFOs37SwefayNvVVOoYvz2RrhV7zmpBv4Z6r1eU5u1I0uBl+3VHmK+WP9pIAR5O6jZ3t/75vxOa2r1OmWP/8snb5DXuK21+qlmx7Y8fmh8nPzezDjzXWla7Xf0X7tPAxfv06ZAmOpR8QWM/PaqfRrVSvUB3Zedbte906UHmuQsW3f/Bbv3j3nA91aa6didl6YE5u+Xv7uRoU57XusgjtwVpZ0JmiS2g/7UlXv/akqCVjzZSoxBPffxzirrP3a242Naq4euihf0aqteHe9U81Fvf/5Kuzw+e065nW8lkNJQ6B6kXCtRp5k+KjamlL564TYeTL1jQ4jAAACAASURBVKjrnN1yNhk1JqZm6WM9d67Yz/v27ZMkWSwWmc1m+fj4OH4ukpKSorp165baHwAAAIDrd0tuAW02mxUdHV3sy2i88aEUFBT8htXhj2Evx9fV2hXy9HRXVFQdx5e3t7c8PT2LHfPycpdkl9FoVL9+j2jBgkWOflJTU/T55+vVr1+/Uu51PXUWtk9MTFSvXn0UHByqxo2badmy5Y7z2dlZ+tvfhio6uol8ff3VosXtmjVrdrE+Nm7cqLvvvkchITVUq1aEunS5XydPnpRk1549u+Xu7qXU1JRi7Tt27KLg4FDVrl1HDz3UVxcuZEuyKz8/Ty+99IqiohooMLCa2rfvqK+//vo6xnOrfwEAAAC/jcSMPH26P1WDW4ZIkga3CtH8naeVU1D4gc7VcckyGQya0q2OvF1NMhsNahfmI3dnoxLS87Q6LlkzetVTkJeznE0Gjb83XIdTchR3Ostxj8daVXMEoyfTcrXu5xTN6l1PtfxcZTBIUVXdFV7FTZL0UJNARVRxk8Eg1Qt019C2ofryyPmr1j/vhySN6xCmGr4ucjUbNemBSF2+WPidb+P1yG1B6tEwQCajQQ2DPTSsXagW/Hi63HP0nx1JGtextupWdZeL2ajXOteWJH26P6XUMRZpH+GnvzSqKlezUUNaVVNWnlVPtqmuiCpu8nE1q3+zYO2Iz3C0v96xH0vN0VfH0vR2z7rydTOriruT3upWR/89kKqkjHw5mYyy2+368VSm0nMt8nA2qVVN71L7Wh13VsFezhrWLlQmo0HNqntpcKtqjvPlfa3L8q8tCXq1c201qeYpo0Hq0TBAbcN8tDrurCSpYx1/PXtXTfX4z24NX3tIi/o3dATxpVkblyJfN7Oeb19LzqbC13dMTE198P3Vt2y+PNiVpPT0dMdK38jISLm4uOjcuXOs+gUAAAB+R7fUCuAifn5+mjdvXqnntmzZonnz5uno0aMyGo2KjIzU448/rhYtWkiSVqxYoYkTJyo0NFQ9e/bU4sWL5ebmpilTpqhv376SpJdfflnz5s3TmTNnFBMTo1GjRmn69OnavHmzqlSpohEjRuiee+6RJMXFxenNN9/UqVOnlJ2dLTc3N0VHR2vkyJGKjIzUm2++qeXLl0uSjh075qhjyZIlioyMLLPe0mzbtk3Tp0/XyZMn1bhxY7Vt27ZEG4vFopUrV2r16tVKSEiQr6+v7rjjDj399NPy8vIq0b5oG+kiHTt2lCSNGTNGDz/8sE6cOKH33ntPe/fuVXZ2tsLDw/XEE0+obdu2slgseuyxxxQXF6fevXvr+eefV1xcnIYMGSKDwaA5c+botdde07FjxyRJy5cv1/Lly+Xj46Mvv/xSFotFK1as0Jo1a5SQkCBvb281adJETz/9tEJDS24bJpW9ArgoxLt6O/vFFbfWEn3abNYSbSWpf/9+uuuuGE2a9E95e3tpyZLlatu2rUJDq19xr0v3vp7Vtq+/Pl4TJozXu+++oxUrVupvf3takZERuu22piooKFDdunX1zDPDFRBQRTt27NDTTw9TUFCQund/QFlZ2Ro48K8aN+7veuihh5Wbm6Pvv98uo9F4sQbDxZoK69q0abMefri/Ro0aqVmzZspqtV58Layy2+0aP36CFi9eqhkz3lXdunU1c+ZM9enziL7/fotq1apV7jFVtNOnz+jJJ5++6h8WPDw8NHPmuwoODvqDKwMAAMCfxZztSfJ3N+uBBgGSpAHNQvTcJ0e0dNcZDWoZohPnchQR4FZihackHT+XI4OkTrN+Knbc3dmopIx8NS7MlFXd59JuWCfO5cpkkML93Uqt59P9qZry1S86dnEVb3a+VXUC3Etta7cXBtiRl533cDYp2OvS/Y6fy9XepCzVO35pd6U8i80ROJfFbpdOZeQp4rL2JqNBtfxcFZ+W6zh2+RiLVPO5FFw6mQxyNhmKtfNwNikz79Lvd9czdkmKT8+T2WhQTd9LK4IjAgrrjE/LVaua3loyIFrvfJugJ1bsV6NgT43rWFtd61cp0VdCep4iA4rPSeRlYy7va30tdrt04lyOxn12TOM3nnAcz8qzqmWNS8H039pU1z//d0Kta/ronki/a/YZn56r8IuheZGIADfFp+WVXdAVatSoIX9/f2VnZ+vIkSPXfT0AAACA8rslA+Dz589r0KBBjp/DwsL06quv6vPPP9e4ceMkSe3bt1dBQYG2bNminTt3avr06brjjktb9yYkJOijjz5S27ZtZTYXn4apU6eqWbNmSkxM1Pr16/Xdd98pKChIYWFhOnDggF555RW1atVKnp6eSklJkd1uV7du3eTl5aWvvvpK27Zt0+jRo7Vy5Uq1aNFChw8f1q5du+Tj46P77rtPkuTr63td9RaJj4/XyJEjZbFYVK9ePXl7e+u9994r0W7SpElatWqVAgICNGDAAO3Zs0crVqxQXFycPvzwQ5lMpmLta9asqS5dumj9+vWSpF69esnZ2VlRUVGKj4/Xo48+qgsXLqhDhw6qUaOGli1bpuHDh2vKlCmKiYnRxIkT1a9fP61YsUItWrTQO++8I6vVqtjYWDVs2FD333+/Vq1apcTERNWpU0fNmzeXu3vhL9oTJ07UmjVr5Obmpk6dOunQoUPasGGDtm3bpqVLlyowMLDE+Mr/7NuS1xZeX3ofVzsuSRERtdWoUbRWrVqt//u/gVq4cLFiY0crOzurWE2XX389AXDfvn310EN9ZLNZNHLkM/rqq6/1/vuz9P7778rb21tjxoyW1Wq5+H7rqt27d2vVqtXq1q2rkpOTlZOTo86dOykgwFeSn2rW/ItsNsvFGoqH0m+9NV3du3fTK6+8JIulcAV8VFRdWSz5ysnJ0cyZH2jatKnq3LmjbDab3nzzn/rqq2/0/vuzNWHCP8o9pooWFBSooUOf1OTJU0s9P3TokwoKKv+zlAEAAIDrYbNLH3x/Smk5FoX+41vHcatdmvX9KQ1qGaIwfzfN3Z4km10lQuCiZ79+M7S54zm2pbk8nAvzd5XVXhgoXhnCJmcVqOe8PVozqLHuq1dFRoM0/Zt4Ldl15qr9VvN20enMfMcxi82ulAuXfq7l56r6gR5658Eb277XYJCqe7vo+LkctQsr3BrYZpd+OZ+rGpcFr4bSHzdbbmWN3VjKDWr4uMhisyshPU+hF4PlovC4qLae0VXVM7qq8iw2zfshSb0+3KOU1+6Sl0vx37lDfVz0yc/5xY5dPq/lfa0vd+X7xWCQavq5alLXSPVuXPrvwja79H9LftYD9QO09Zd0zd2epMGtQq4xB646cS632LFjqTmq4Xv9j+Aq2vr5yJEjJVYJAwAAAPht3ZJbQFssFsXFxTm+ij45umDBAknSAw88oMmTJxcLURcuXFiin9mzZ2v8+PF69dVXix1/8cUXNXXqVN11112SJBcXFy1YsEDvvPOOJCknJ0cnThR+mrZNmzZasGCBRo0apYEDB2r8+PGSpFOnTikhIUEdOnTQ3XffLUmqUqWKYmNjFRsbq4CAgOuuV5I+/vhjWSwWBQUFad68eZo0aZIefvjhYm0yMzO1Zs0aSdLw4cPVt29fvfrqq3JxcdGBAwe0Y8eOEv3WrVtX/fv3d/w8dOhQxcbGqmnTplq5cqUuXLigyMhIvfDCCxowYID69OkjSfrwww8lScHBwXrttdckSc8//7wSEhLUvn17x6rqQYMGKTw8XJLUtGlTxcbGaujQocrMzNS6deskSWPHjtUrr7yiuXPnytfXt9i5ksq3he/3328t8VUYfl9r29/Sj9vtVg0cOFCLFi3RDz/sVGJiorp2vfeyNldec31bDrdocZus1nzZ7TYVFOTp9ttb6uDBw442b701VS1btlFISE35+FTR5MlvKSHhlCS7wsJqqkeP7rr77ns0YMD/adas2UpMTLj4nOCSY9uzZ6/uvvsuFRTkym63ym63ymLJk2TXiRMnlJeXp9tvby6rtUB2u1UFBXlq3fp2HTp0+DrHVfFfnTt3UKdOHXSlTp06qHPnDmW8FwAAAIAb9/mBVCWk5+m7YS2069lWjq9PhzTR1l8ytDcpSz0bVpXFZtfYT48oM88qi82u706k60K+TTV9XdWjYYAeW77fseLyfI5Fy3aflcVW+r9ba/q66oH6VfTkygOKT8uT3S4dSr6gY6k5ysq3yma3q+nF7YFTLxTog+8TrzmG/2sRomlfn1SepXDL6ne+TVB2vs1xfmjbUH20M0mr45JVYLXLYrNrb1KWtv6SXu55GtQyRBO+PKGjqTnKs9j02hfHZLdLXesHlLuPspQ1dndno7xdTDqYfMFxLLyKm+6q7atn1x1Weq5F5y5YFPvxEd0XVUUh3s46lHxBGw6dU67FJhezUVU9nGWQZColSO0ZXVWHUy5o4+HC5+OmZBfog+2X7n8jr3WIt4uOpObIetn54XfU0IufHdWPpzJlt0s5BTZtPnpexy+GuOM3Hld8Wq4+eqSBFvVvqJHrDinu4nOLS5uDHtEBSr1QoClfnVS+1a79Zy9o8uaTGnLZ9tVX8vDwKPV4dna2MjIySt2h6WrXAAAAALgxt+QK4KpVq+qzzz4rcfz06cJnDEVGRjqOFW2zXHTu8j4iIiJK7b9BgwaSLn06NSoqSmazudjWyUW/sBw/flzTp09XXFyccnOLfyo2NTVVYWFhVx3H9dR75TURERGOlcv16tUr1ubs2bOy2Qp/IX/55ZdL9HHy5Em1bt36qnVdKSkpSVLhp3SLtoYuEh8f7/j+zjvvVL169XTgwAFJ0pAhQ8rs+/Jai14PFxcXhYaGKi0t7arzUNaKzaLzdeuGl9nmiqMljl++srdnz24aO/Z5vf76G3rooT4ym40lVv4WXX69W0DbbLZi7W02mwyGwn4WLlysf/3rXX344X/UqlUr+fh4a8KEiVq9eo3jmoUL5+vHH3fp888/19Kly/WPf7yhVauWqXnzZsVqLPqy2axXqa/wjxVWa/F67Ha7DAbDLbla9qmnntDRo0d17FjhBzfCw8P01FNP3JJjAQAAwK1j5rZT6tmwqpqHFn8MT7CXv9rU8tbMbYl658G6+t/fblPsJ0cUPuE7WWx2NQ7x1CdDmkiSPnqkoV7fcFwxM3bqbFaBqrg76e4IX/2lUdWr3ndBv4b6+3+Pqt07P+h8jkVh/q6a06e+WtX01sT7I9X+/R9V1cNZfu5m9WgYcM3n4L7UMUyxnxxRs2nbVd3HVe1q+6juZVsZtwj10rq/NtYr64/rsWX7ZVfh83XHdahd7nka17G2rDa7Orz/k9JzLbqtupe+eKKpvF1NZV9cTrX9Xcsc+5tdIzV42c+6kG/TyLtq6JVOtbV0YLRGrTusum9ulUEGda7rr6nd60iSci02vbT+mA6czZbRYFCYn6tW/l9juTuX/Kx9FXcnfTqkqUauPaRXTMfl62ZW/9uCtHJvsqPN9b7WA5oFa01csqq++o1sdrvOvHKnRtxRQ25ORg1a8rN+OZ8rNyeTWtTw0vTudbXpyHlN+eqktg5rIQ9nk2Ii/PRcTC31+WivfhjZUh7OplLn4IsnbtOz6w5p/Mbj8nNz0l9bhujZu2teda5DQkJK3eI5Ozv7qit/L/+7CAAAAIBf75YMgK8mODhYaWlpOnr0qONY0fdBQcWf8enicvXtioqCVcPFT+0W/VxaWPTaa6/p8OHDiomJ0UMPPaScnByNHj26WPui7ZaLgs4bqbdI0fHExEufFD516lSxNoGBgTIajbLZbBoxYoTq1r20FZfVar3qM1wv3xb68lqDg4MlFf5CNmrUqGLXXN5uyZIlOnDggJydnZWfn68JEyZozpw5cnJyKtb/5fMYGBjoCBWPHj2q+vXrKz8/XwkJCcXufaXyPgPYar3yeb5F15fWR8ktnK887urqrJ49e2jhwkV6441/lLrd85Vha3nt2PGDunW73/Hz9u3bFRUVJbvdrh07dqpz50664442slotyspK108//Vjsfrm52YqOrqcmTaL14osvqH37Dlq9ep2aNbutRE1NmzbV5s1f69FH+5eoo1atmnJxcdG2bd8rPDzMcd22bd+rffuYWzI09fBwV2zsKI0Z84IkKTZ2lDw83G/JsQAAAODWsfavja967rthLRzf163qrnVXaevlYtLkByI1+YHSA7Jdz7YqcczH1ax3e0Xp3V5RJc6NiampMTHFw7s3rlql5GI26t89i2/v/Eqn4uFuTISfvhp67WfJFgnwcJJ98j3FjjmbDHrjvgi9cV/pH9IubYzTe9QpcSx3YvtiPw9oFqwBzS79TlnW2P/Wprr+1qZ6sfPBXs5a3L9hqXU1DvHUtmdalHquNO3CfLRjRMtix17rculDy2W91leq6umkr4Y2K3H8ydbV9WTr6iWORwa4KWP83cWOjesYpnEdL31wvbQ5aBHqpa+HNi9XTVLh7/nJyclKT08vcdzb27vYB8mlwr+5XPloLgAAAAC/TqX6F3a/fv308ssv6+OPP1Z2drYKCgr0zTffOM79Hi4PQDMzM/Xf//63RJuQkMLn6cTHx2v8+PHy9PTUyJEjb6jeBx54QPPnz9eJEyf08ssvq2bNmpo/f36xNl5eXurevbvWrFmjJUuW6L777pOTk5MSEhL03XffadGiRaX2HRQU5AhjX3/9dYWGhqp///7q1auXVq5cqSNHjmj16tWqW7euzp8/r7i4OEVERKhNmzbav3+/pk+fLrPZrFmzZmnKlCmKi4vT22+/rdjY2GLzsGnTJhmNRkVEROgvf/mLunfvrrVr12rSpEnauXOnDh8+rLS0NHl6eqpbt25XmfnyBndXa3etrX6vfXz69Lf05psT5e7uLJvNWuJ8kePHj8vLy7PYsYiIcLm7F38OV5Hly1cqOrq+WrVqqXXrPtH//rdZmzZtlGRXVFSU/vOfeUpOPit/fz+tXfux1q/foKioKEl27d9/QB9//F917txBwcFBOnToiI4ePaoBA/qVMh67YmOfVa9evTV+/D/Vp08vSdLmzV+rf/++8vT01NNPD9X48f9UlSp+Cg+vrblzP9TRo0e1dOmia8zPzS0ioraeeupxx/e36jgAAAAA4GYXFRWlffv2Fdvu+fjx4yWCXrPZrIYNG17zQ/oAAAAArl+lCoDvv/9+eXp6at68edq+fbuMRqOaNWumIUOG6Pbbb/9d7vnSSy9p4sSJ2rp1q06cOKE+ffroq6++KtbmzjvvVOfOnfXtt99qzZo1cnJy0siRI2+o3lq1amnq1Kl6++23tWnTJtWrV0+PPPKIPvjgg2Ltnn/+edWpU0dr1qzR0qVLZTAYFBQUpM6dO8vb27vUvn19ffXMM89o4cKF2rJliySpS5cuatSokT766CPNmjVLe/bs0ebNm+Xj46O6devq7rvvVlZWlp5//nlZLBYNGzZM0dHRGj9+vPr3768lS5aoRYsWiomJUb9+/fTzzz/rwIEDWrZsmVq3bq2//OUveuGFF1S7dm2tW7dOGzZskJeXlzp27Kinnnrqqiuhy94Cuqx2pW31XPo1JY9b5eJiktVqKXb8yv+OGDG6xF0/+2ydWrQo+QltSXr11Ve0dOkyjRr1nAIDq+qDD2apUaMGstmsevzxwTp48JDatYuRs7OzWrVqqeHDn9H69V/IbrfL09NTu3bt0bx5HyktLV0hIcF66qmnNGBAv4vP8S2+Aviuu9pq+fKlGj/+Db333kx5eHjo9ttbasCAfrLb7XrhhTGyWq0aNWqM0tLSFR3dUGvWrFJISODF5wrfmjp2LFxpwMpfAAAAAPj9mM1mNWnSRPHx8UpKSpLFYinx7N/AwEDVqFGD8BcAAAD4HRjsN0ESsnPnTjVvXv7thPDntnjxYnXseNc125jNznJzc1dmZlqJc56evsrLu6CCgvxix11dPWQwGJSTk1WiL1dXd2VllexLkpycnOXicum8wWCUp2fpIXt2duYVq4aL12Q2O8tkMstutykvL1cWy6UaXV3dZTI5SbLLarXKZrPKbHbShQuZMhiMcnV1k9FovriK26aCgnzl5xc+l9poNMnDw0tZWemXbU3uJBcXVxmNpot9WpSTc+kXchcXN5nNzjIYDLLZrMrLy3GE3pXdxo1f65FHHqnoMgAAAACgUkhPT1dGRoYkycPDQ97e3je07TN/PwIAAMCfSdG/oW9EpVoBjD+Ta39uwWLJU2ZmXqnnsrLOl3o8Nzer1OMWS56yskrvS5IKCvJUUHDpvN1uVWZm6fe4mqKaLu+nZH3ZJY7l5+c47nllcH05m81SoiarNV8XLuRf5QopL++C8vIuXLNuAAAAAADK4uPjIx8fn4ouAwAAAPjTIADGLekmWLgOAAAAAAAAAAAA3HQIgHFLIgAGAAAAAAAAAAAASiIAxi2KABgAAAAAAAAAAAC4EgEwbjne3t46cyZFgYFVKroUVEJnz6bI29u7ossAAAAAAAAAAAC4IQTAuOXExMRo8+bN2rfvUEWXgkrGYDDIy8tL7du3r+hSAAAAAAAAAAAAbggBMG45Hh4e6tq1a0WXAQAAAAAAAAAAANx0jBVdAAAAAAAAAAAAAADgt0EADAAAAAAAAAAAAACVBAEwAAAAAAAAAAAAAFQSBMAAAAAAAAAAAAAAUEkQAAMAAAAAAAAAAABAJUEADAAAAAAAAAAAAACVhLmiCyiyc+fOii4BAAAAAAAAAAAAAG5pBrvdbq/oIgAAAAAAAAAAAAAAhTIyMm74WraABgAAAAAAAAAAAIBKggAYAAAAAAAAAAAAACoJAmAAAAAAAAAAAAAAqCQIgAEAAAAAAAAAAACgkiAABgAAAAAAAAAAAIBKggAYAAAAAAAAAAAAACoJAmAAAAAAAAAAAAAAqCQIgAEAAAAAAAAAAACgkiAABgAAAAAAAAAAAIBKggC4FKNHj9bevXt/t3527Nih1157Tbm5ub/6HkXeffddrVu37lfVhVtHWlqa+vXrJ6vVKkmaM2eOli1bdtX21/P+uNKmTZs0ceLEG7oWAAAAAAAAAAAAfyxzRRcgSbt379abb74pSTIajfLy8lJERITuvfdeRUdH/+H1PPjgg6pevfrv0s/x48f1xRdf6LnnnpOrq+uvvgduTiNHjtSQIUPUqFGjcrXfsmWLNm7cqFdfffWG7temTRs5Ozvf0LUAAAAAAAAAAACoPG6KAFiSPD09NWPGDFmtViUnJ2vr1q2aNGmSBg8erJiYmD+kBovFIrPZrDvuuOM36a+0fmrXrq0XX3zxN+n/Zma1WmU0GmUwGCq6lD+FBg0aVHQJAAAAAAAAAAAAuAncNAGwJJlMJplMJlWvXl29e/eW0WjUokWLdOedd8pkMikzM1Pz58/X3r17ZTAY1K5dO/Xt21cmk0mJiYn64IMPFB8fL0mqVauWxo0bJ0nKzMzUggULtHfvXuXl5SksLEzjxo1TSkqKRo4cqQEDBmjTpk3y8vLSSy+9pNGjR2vQoEFq1KiRZsyYIaPRqPT0dGVmZkqSHnvsMdWqVUtSYdC5du1aff3110pPT1dQUJCGDRum0NDQYv1I0hdffKHPPvtMmZmZioiI0F//+lcFBwdLkoYPH6577rlHP/30k7KyshQYGKinn35anp6epc7Vrl27NH/+fKWlpal58+YqKCgodn779u1atWqVkpOTVa1aNQ0aNEgRERHleh2Krj179qw8PT31yCOPqE2bNpo0aZKaNWumjh07SpISExP14osv6j//+Y9jDDExMfrhhx+UkZGhN998UwcPHtSiRYt0/vx5OTk5KSYmRn379i1zPn788cerXne1eksb6/XMa15enmbPnq09e/bIZrPJ399fzz77rIKDg8sc++Xmzp2rlJQUvffee3JyctI999yjnj17av/+/VqwYIFOnz6tqlWrql+/fmrcuLGSkpI0f/585eTkaPjw4ZKkyZMnKy4uTsuXL9fZs2fl5uamO++8Uw8//HCpofqcOXPk5eWlhx56SNK13x+nT5/W7NmzdfLkSRkMBjVs2FCDBw+Wl5eXJOnMmTN6//33dfLkSdWoUYNwGQAAAAAAAAAA4BZyUwXAV2rdurVWrFih+Ph4hYWF6V//+peqVq2qadOmqaCgQNOmTdOnn36q7t27a8mSJapXr55eeukl2Ww2HTlyxNHP9OnT5e/vr0mTJsnNzU2HDh1ynLPb7UpOTnZsQV2aH374QRMmTFDVqlW1fft2TZ48WdOmTZOTk5NWr16tnTt3auzYsQoODlZiYqLc3NxK7WP16tUaO3asqlevrpUrV2ry5MmaNGmSTCaTJGn//v0aN26cnJyc9O9//1sff/yxHnnkkRJ9nTt3TtOnT9czzzyjZs2a6ZtvvtHMmTMVHh4uSTpw4IBmz56tMWPGqE6dOtqxY4emTJmiqVOnllrb5fbt26fZs2drxIgRatiwoTIyMpSenn7tF+oye/bs0csvv+zY3nrGjBkaPny4GjVqpLy8PCUmJpZrPq523ZXKM9byzuv//vc/ZWRk6N///recnZ2VmJgoDw+Pco+9yODBg7Vnz55iW0CfP39ekyZN0uOPP67bb79du3bt0ltvvaVJkyYpJCREAwcOLLEFtIuLi4YOHaoaNWooKSlJEydOVGhoaJkr1Mt6f9hsNvXs2VP16tVTfn6+3n33XS1evFhPPPGE7Ha7pk2bpiZNmmjcuHE6efKkJk6cqNq1a1/3PAAAAAAAAAAAAOCPZ6zoAq7Fz89PkpSVlaWkpCQdPHhQgwYNkqurq7y8vPTggw9q69atkiSz2azk5GQlJyfLZDIpKipKUuFKzcOHD+uxxx6Tp6enTCaT6tevX2wVZY8ePWQwGK66XXGrVq1UtWpVx/dms1kHDhyQJH355Zfq16+fQkJCZDAYVL16dfn7+5foY8uWLerYsaPCwsLk5OSkPn36KD09vVhQ3alTJzk5OUmSmjZtquPHj5daz44dO1Snj+YgJAAAIABJREFUTh01b95cBoNBd911l2rWrOk4v3HjRnXp0kV169aVwWBQq1atFBQUpH379pU5519++aU6deqk6OhoGQwG+fj4FOu7LF26dCn2bGOz2ayTJ08qMzNTLi4ujiCxrPm42nVXKs9YyzuvZrNZmZmZOnXqlCSpevXqjlWxv9b27dsVHh6utm3bymQyqXnz5mrYsKHj/Vua6Oho1axZUwaDQdWqVVP79u21f//+Mu9V1vujWrVqatSokZycnOTh4aEePXo4+o2Pj9eZM2fUu3dvmUwm1a5d+zfbEh0AAAAAAAAAAAC/v5t6BfD58+clFT4fOCUlRTabTbGxsY7zNpvNsXr20Ucf1bJly/TKK6/IyclJXbp0UdeuXZWSkiJfX1+5uLiUeo+ikPNarjzv5+en8+fPy2KxKD093bFt8bWcO3dOzZo1c/xsMpnk7+/vGKOkYmGjs7OzcnJySu3r/PnzCgwMLHYsKCjI8X1ycrL27t2rr7/+2nEsLy+vXCt5U1NT1aRJkzLbXU1RaF9k9OjRWr16tVasWKFq1arp4YcfVuPGjcucj6tdd6XyjLW889q+fXulp6fr3XffVUZGhlq3bq0BAwZc9b1zPc6fP+/4EEGRqlWr6ty5c1e95vjx41q2bJlOnTolu92u3Nxc1a9fv1z3utb7IzMzUwsXLtTBgwdVUFAgm82m/Px8SVJaWpp8fX0dgXnRtUWhOAAAAAAAAAAAAG5uN3UA/P3338vT01M1atTQmTNn5OTkpGnTpjlC38v5+vrqiSeekCQdOXJEEyZMUN26dRUQEKC0tDTl5eXdcJCXnJzs+N5ut+vs2bPy8/OT2WyWj4+P45mu1+Lv71+sH6vVqnPnzpUITMvDz89PCQkJxY5dHngGBASoefPm6t69+3X3XaVKFZ05c6bUc66ursWeJVv0TOTLXbmKOjIyUmPGjJHVatVXX32ladOm6YMPPihzPq523ZWv/a8Z65XMZrN69+6t3r17KyUlRdOmTdP69evVvXv3co39ckZj8cX1fn5+Onz4cLFjycnJqlu3rqSS8yYVbl3erVs3xcbGymQyac2aNTp69GiZ4yjr/bFo0SLZ7XZNmDBBbm5uOnjwoCZNmiSp8P+jjIwM2e12R01paWll3hMAAAAAAAAAAAA3h5tqC2ir1ar8/HwlJiZq1apVWrNmjfr16yeTyaRq1aopMjJS8+bNU3Z2tuPZvXFxcZIKw+KioMrHx0cmk6nYdXPnzlV2drasVqv2798vu91e7rp++OEH7d+/XzabTZ9++qkMBoPq1asnSbrnnnu0ePFinT59Wna7XYmJiaWu6mzXrp02btyokydPymKxaOXKlfL29lZkZOR1z1PLli21f/9+R8h3+PDhYs817tChgz777DMdPHhQdrtdeXl52rNnjzIyMsrsu0OHDtqwYYP27dsnu92u9PR0nTx5UpIUFham3bt3y263y2q16rPPPrtmX3l5edq2bZtyc3NlMpnk4+Mjo9Eog8Fwzfm41nWl1XujY73Svn37lJiYKLvdLk9PT7m4uDiC3Osdu4+PT7EgvWXLljp27Ji2bdsmq9WqH3/8Ufv27VPr1q0d7VNTU4uFzBcuXFCNGjVkMpmUmZmpb775plzjKOv9kZ2drZCQELm5uclqteqLL75wnKtRo4YCAgK0efNmSVJGRka57wsAAAAAAAAAAICKd9OsAM7KytLAgQNlMBjk7e2tiIgIjRkzRtHR0Y42w4cP15IlS/Tcc88pNzdXAQEBuvfeeyVJBw4c0Icffqi8vDx5eHjowQcfVHh4uCRpxIgRWrBggUaPHi2LxaLatWvr73//e7lri4mJ0Zo1a3T48GGFhIRo9OjRji1ye/XqJYPBoAkTJigzM1NBQUF65plnSvTRsmVLnTt3TlOnTlVmZqZjfKWtZi6Lv7+/hg0bpnfeeUceHh6qWrWqmjdv7jjfoEEDDRkyRB999JFOnz4tZ2dnRUZG6vHHHy+z74YNG2rw4MH66KOPdPbsWXl5ealfv36qWbOmOnXqpCNHjmjMmDHy9fVVkyZNtHv37mv29+WXX2rOnDmy2+2qWrWqRowYIaPReM35sFgsV73uSr9mrFdKSUnRnDlzlJaWJhcXFzVr1kxdunSRpOsee48ePTR37lwtXrxYXbp00UMPPaTY2FgtXLhQs2bNUmBgoEaNGuXYPrx+/fqqXbu2hg4dKpvNpvfee0+PPfaYZs+eLQ8PD3l4eKhp06Y6e/ZsmeMo6/3Rp08fvf/++9q5c6ecnJzUvHlz7dq1S1LhSuRRo0Zp5syZ2rRpkzw9PdW2bVv98ssv1z2fAAAAAAAAAAAA+OMZ7NezFPZPaMaMGQoODtaDDz5Y0aUAAAAAAAAAAAAA+BO4kd1ui9xUW0ADAAAAAAAAAAAAAG4cATAAAAAAAAAAAAAAVBJsAQ0AAAAAAAAAAAAANxG2gAYAAAAAAAAAAAAAEAADAAAAAAAAAAAAQGVBAAwAAAAAAAAAAAAAlQQBMAAAAAAAAAAAAABUEgTAAAAAAAAAAAAAAFBJEAADAAAAAAAAAAAAQCVBAAwAAAAAAAAAAAAAlQQBMAAAAAAAAAAAAABUEgTAAAAAAAAAAAAAAFBJEAADAAAAAAAAAAAAQCVBAAwAAAAAAAAAAAAAlQQBMAAAAAAAAAAAAABUEgTAAAAAAAAAAAAAAFBJEACjTNZdu5TZvr2su3ZVdCkAAAAAAAAAAAAAroEAGFdlT0tz/NeyeXOJ4wAAAAAAAAAAAABuLrdMALxixQq1aNFCPXv2rJD7v/nmm2rRooWGDRtWIfevCNmDBinjtttk3b1bkmTdvVsZt92m7EGDKrgyAAAAAAAAAAAAAKUxV3QBixYt0tSpU6/ZZtq0aapSpYqio6MVFBT0B1UGp5gYFWzerNxp0yRJOa+8IlPTpnKKiangygAAAAAAAAAAAACUpsID4ICAAEVHR0uSsrKydOLECUlSnTp15OLiIkny8vJS06ZN1b59+wqr82ZXUFAgJyen37RPl5Ej5TxokDLbt5dRksHPTx7z5sng6/ub3gcAAAAAAAAAAADAb6PCA+DOnTurc+fOkqTvvvtOw4cPlyT985//VFhYmKPdihUrNHHiRIWGhmrNmjU6ceKEevfuLUl69tln9cknnyghIUFRUVF68cUXHddaLBatWLFCa9asUUJCgry9vdWkSRM9/fTTCg0NvWpd8+fP19KlS5Wenq6OHTvKYDCUaJORkaHZs2frm2++UUpKioKDg9WrVy89/PDDMplMpfZrtVq1du1arVq1SvHx8bLb7QoPD9c777wjT09PtWrVSjabTdOnT9cdd9yhM2fOqGvXro45CAsL0wsvvKANGzaoS5cuMplM2rRpkzp16qTBgwdrypQp2rt3r7Kzs+Xt7a3w8HBNmDBB/v7+1z0X9rQ0ZbZvL/v58/LetUsZTZsqs317eW3aRAgMAAAAAAAAAAAA3IQqPAD+LSxdulQ9e/bU1q1b9eOPP2rYsGFauXKlXFxcNHHiRK1Zs0Zubm7q1KmTDh06pA0bNmjbtm1aunSpAgMDS/T3ySef6O2335YktWvXTvHx8dqzZ0+xNhaLRU888YSOHDmi+vXr6/7779fnn3+uqVOnKikpSaNHjy611smTJ2vFihUyGAy688475ePjox9//FG5ubny9PS8rnGvX79eNWvW1D333KOaNWtqypQp2rJli2JiYtSgQQOlpKRo586dunDhgvz9/a97Lgy+vnIdMULGsDAZfH3lPn267GlphL8AAAAAAAAAAADATapSBMAvvPCCWrdurT59+qhjx446ffq0tm7dqubNm2vdunWSpLFjx+qBBx5QXl6eunbtqrS0NK1bt06PPfZYif5Wr14tqXB18oQJE2S32zVw4EAdOHDA0Wbr1q06cuSITCaT3njjDXl7e6tevXp69tlntXz5cj311FNyd3cv1m9mZqZWrVolSRoxYoQGDBggSbLZbCVqMBqNZY47ODhYixcvdmyV/eSTT0qSfHx8FBkZqY4dO+q5555z3PtG5sJ50CDH9049e5ZZEwAAAAAAAAAAAICKUykC4KLtiz09PeXj46PU1FSdPn1aZ8+edYSrERERkiQXFxeFhoYqLS1Np0+fLrW/ouNRUVGSJIPBoHr16hULgJOSkiQVbuncq1evYtdbLBYlJSU57lnk8nqaNm3qOH6tsNdqtV71XNOmTR3hryQ99dRTeu2117R27VqtXbtWUuHcvP3227JYLDc0FwAAAAAAAAAAAABuHZUiAD548KBCQ0OVnJys8+fPSypcHRsYGCiDwSC73a6jR4+qfv36ys/PV0JCgqNNaYKCgnTmzBlHyCtJp06dKtam6Fqz2awpU6bIycnJca6goEAhISEl+g0MDJTRaJTNZtOuXbsUHR0t6dIKYKPRKHd3d2VlZSkjI0OSdPjw4auO+/LwV5KaNGmi1atX6+zZszp+/LhmzJihuLg4rVy5Uo8//vgNzQUAAAAAAAAAAACAW0elCIDfeOMNff3119q9e7dsNpuCgoLUunVrubq6qnv37lq7dq0mTZqknTt36vDhw0pLS5Onp6e6detWan89e/bUnj17tHbtWnl5eSkrK0s7duwo1qZNmzaqXbu2jh8/rtmzZ+vOO+9Ubm6ujhw5osTERC1btqxEv15eXnrwwQe1cuVKvf322/rpp5/k6+urXbt2aebMmQoICFCDBg20fft2zZo1S4cOHdLHH39c7nkYO3as7Ha7ateuLWdnZ6WmpkqS/P395eXldUNzAQAAAAAAAAAAAODWUfaDZm8Bo0eP1oEDB5ScnKymTZvq3//+t1xdXSUVPh945MiRCg4O1oYNG5SamqqOHTvqww8/VFBQUKn9devWTc8884z8/f21cuVKZWZmqkuXLsXaODk5afbs2erfv78yMjI0d+5crVq1SmlpadcMU5977jm98MILioqK0g8//KAvvvhCXl5ejnqfe+45RUdH6+zZs9q6dWupz+W9mgYNGuj48eNavHixPvjgA9ntdj3yyCPq16/fDc8FAAAAAAAAAAAAgFuHwW632yu6iBtx4sQJ9e7dW5L06aefEmACAAAAAAAAAAAAqBSKHhd7IyrFCmAAAAAAAAAAAAAAAAEwAAAAAAAAAAAAAFQat+wW0AAAAAAAAAAAAABQGbEFNAAAAAAAAAAAAACAABgAAAAAAAAAAAAAKgsCYAAAAAAAAAAAAACoJAiAAQAAAAAAAAAAAKCSMFd0AZKUnZ2tTZs2KTMzs6JLwUXe3t5q37693N3dK7oUAAAAAAAAAAAAAOVksNvt9oou4pNPPlGDBlEKDg6u6FJwUWJikg4ePKyuXbtWdCkAAAAAAAAAAADAn0pGRsYNX3tTrADOzMxUUFCQboIsGheFhARrx46dFV0GAAAAAAAAAAAAgOtwUwTAhQh/AQAAAAAAAAAAAODXuGkCYFb/AgAAAAAAAAAAAMCvQwAMAAAAAAAAAAAAAJWEsaILuFFHjx6Tt7e/Tp06JUnas2evvL39lZqaWu4+3ntvhm6/ve2vruW36gcAAAAAAAAAAAAAfo1bfgWw3V54rZ+fnwYOHChnZ+dy91W/fgP16NHD0f6hhx5ReHhtTZw44bpqMBiMMhiMrGIGAAAAAAAAAAAAUKFu4QD4Unu73a7Q0OqaOfM95efnlbuv9u1j1KFDB1n+n737jo+qyv8//p70XkmCIYDUiIAQQpcSEEITBRGFSJOlaFDAumtBcHfhh7ICFkSkLAgoTVaKIE06SJUWKVkBMaEkgTQCCZOZ+/sjm/kSUgE1Ib6ej0cezMy995zPufcO/7znnJt9Q5JkZ2cnO7s7D3IJgAEAAAAAAAAAAACUpjK0BLRR5N/WrVvVvPnDCgqqpEceidSxYzF5jjty5LDc3Dx1+XKS7bOPPvpYoaEPKji4igYOHKyPP/5EYWFNbNunTZumJk2aSjIUHf2C1q79TtOmTZePTwX5+FTQqVOnlJFxVc89F6369RuqYsUQNWnSXJ9/PvOW+ko2htL6u3jxoh577Ak98kinAv8ee+wJXbx4sYBjAQAAAAAAAAAAANxL7okZwBcvXlLfvv3Vv/8zWrZsqX766Se98sqrtuNyjjX9733OZytWrNL48RP14YdTFBERoW+//Vb//Od4+fr62frKWbrZJMMwNHPm50pOTlWNGjX0wQeTJEnXr2coJSVZtWvX1osvjlSFCv7at2+fRox4QUFBQXrssUdvqt0oszOAg4ICFR09XJMmTS5we3T0cAUFBZbZ+gEAAAAAAAAAAACUzD0RAP/73/MUFBSkSZPek8WSrcqVK+nMmRH661/fuCkANmztGIahGTNmql+/ZxQV1UcWS7aGDv2Ldu36QT/++GO+vgzDUFbWdRmGVVarRRkZabZtXl5eeu21V2SxZMswDHXv3k2HDx/W8uX/Uffu3Uo8htIWGdlBhw4d1oYNm/J83rHjI4qM7FCmawcAAAAAAAAAAABQMvfEEtCnTsWqadMmys6+IcOwymIxq0mTxrccl7ed2NhYhYc3sh2TnX1D4eFhBfRVeBu5fx98MFlNmrTQffdVkbe3vyZN+kBxcfFFtFM2/6Kjh6t69Wq2UVavXk3R0cOLOAYAAAAAAAAAAADAvaTMBMC5M3cL+jOZJEdHhzyfOTjY5zsu73vJarXc0pY13z43v//fuzzHLFjwpT76aJomT/5Av/xyRpmZGXrnnTG6ccNcaDtl9c/d3U2vvfaS3N3d5e7u/r/XboXuDwAAAAAAAAAAAODeck8sAR0a+oDWrVuXZ59jx47lHllgABwaGqr9+w+oT5/etmP27z94S19GnvdOTo6yWCx5+tm374AiIzuqVasWsliydfVqqn78seh2yrLq1avp+eeH2l7fCzUDAAAAAAAAAAAAKJkyMwO4qKWLn322v06cOKkvv1wkydD58/H68MNPbjkub1vR0cP11VeLtXDhV/rll180e/a/tWXLFplMBR2T875q1arav/+Azp07p8uXL8tiyVZoaKj27dunxMQESYZWrFipdes2FNJ36S/zXJK/jh3bq2PH9iXYFwAAAAAAAAAAAMC9pMwEwEUtXezv76ulSxdr2rTP9MADD6lv34EaOfLFfMfd/L5bt84aO3aMxo+fqNat22vXrj0aMWKEXFxc8i1xnPt+2LChcnFxUatW7RQaWl8//3xaQ4cOVsuWLfXwwxFq0KCJVq9em6/vkozhXvwDAAAAAAAAAAAAcG8xGWUg6fvqq6/UoUObIvext3eQi4ubTCaTrFarzOYsubi46erVVBmGITs7e7m7e9reS5KTk7McHV1kMpmUnW3Wc89FKz09XbNnfyZJcnR0lqOjk65dS5ckmUx2cnFxk729g0wmKSMjTVar9X+fOUoyZLFYZLVa5ODgaDvu1nbKi40bt6lv376lXQYAAAAAAAAAAADwp5KWlnbHx5aZZwAXt+SwxWJWRkZqns/M5izba6s1W+npybb3WVlZmjlztjp0aC9HR0etX79RS5Ys1YIF82x9mc2ZMpsz/68Cw6Lr1/OHuJmZGfk+u3Hj+k115G0HAAAAAAAAAAAAAEpDmQmAf+uJyIZhaO3a9XrvvQ9kNt9QjRo1NHv2THXs2F7Z2ebftC8AAAAAAAAAAAAAKAvKbQDs5OSkNWtWyd4+Z4hWq1VZWddlNt/4TfsBAAAAAAAAAAAAgLKizATAxS0BfSeuXbvztbEBAAAAAAAAAAAA4F5TJgJgLy8vXbqUpMBA/9IuBf+TkJAkLy+v0i4DAAAAAAAAAAAAwG0wGb/12st3ICMjQ1u2bFFaGjN2ywKTySRPT0+1a9dObm5upV0OAAAAAAAAAAAA8KdyN7lpmQiAAQAAAAAAAAAAAAA57iYAtvsN6wAAAAAAAAAAAAAAlCICYAAAAAAAAAAAAAAoJwiAAQAAAAAAAAAAAKCcIAAGAAAAAAAAAAAAgHKCABgAAAAAAAAAAAAAyokyHwCnpKQoKipKFovlD+lvxIgRio2N/UP6wt0ZOXKkoqKidPDgQUnSxIkTFRUVpbVr15a4jZUrVyoqKkoffPDBXdczYMAARUVF6Zdffrnrtkrit6w9V2JioqKiohQVFaXMzMxSqwP5/ZH31518lwAAAAAAAAAAQNngUNoFfPXVV1q1alWh2z/66CMNHDhQdnZlPqtGKatUqZIyMjLk4+NT4mN8fX1Vo0YN3XfffZIki8Wi/v37S5ImT56sihUr/i61AmXZnXyXAAAAAAAAAABA2VDqAXDv3r3Vs2dPSdLevXu1dOlSTZo0ybbdxcVFnTp1Kq3ySkV2drYcHEr90twxi8Uie3v7P7zf3OD2drRu3VqtW7f+HarBvcpqtcpkMslkMpVK/6X1/bnZnXyXAAAAAAAAAABA2VDqKaODg4Mt7HRwcJDJZJKLi4tte0pKiqKjozV//nzZ29tr5MiRatWqlU6dOqWrV68qMDBQQ4cOlaenpyQpKSlJc+bMUWxsrNzc3BQZGamuXbsWGuasWLFC3333nSSpW7duebZZLBatWLFC27ZtU0ZGhurUqaPBgwcXOivu3Llzmj9/vs6ePSs7Ozu1bdtWUVFRWr16tU6fPq2RI0fa9n3++ef12muvqXr16tq6dau2bNmi++67T6dOnVJ4eLjatm2rWbNm6ddff5UkVa1aVW+//fYdjbEo2dnZWrt2rbZt26aEhAS5uLgoIiJCffv2tc3ObtWqlaKjo211p6am6u2339aDDz6oiRMn6siRI+ratavOnj2rkydP6qWXXlJgYKDmzZunM2fO6MaNG/Lx8VF4eLgGDhwoSfr555+1ZMkSnTlzRpJUrVo19enTR9WqVSuwTqvVqiVLlmjr1q0yDEOPPfZYvn1ya+nfv7+6dOkiwzC0dOlSbd68WYZh6PHHH9fatWuVlJSkV199VY0aNdLKlSu1aNEihYeH6y9/+YttnJL08ssvS5KGDx+uChUqaP78+UpKSlJmZqa8vLzUuHFj9evXT05OTiU613FxcUWekzNnzmjx4sW2c1KnTh0NGDBAfn5+JWr/Ttq4evWqZs2apSNHjsjX11ePPvpovn3MZrNWrVqlnTt36vLlywoMDFSXLl3Url27PPtZLBbNnTtX27dvl7u7u3r06KH27dvbtu/evVurV6/W+fPn5enpqWbNmql3795ycnJSbGysxo4dK1dXV/Xq1UsbNmxQenq6WrRoocGDBxd4b6elpWny5Mm6cOGCMjIy5OLiotDQUA0cOFCBgYGSpIyMDM2aNUuHDx+Wr6+vunfvrs8//1ySNGfOHLm4uGjAgAHKzs5W//79tWnTJl24cEGzZ89WZmamFi9erKNHj+ratWuqWrWq+vbtq9q1a0tSie6vNWvWaOPGjUpOTlZ2drYCAgLUsWNHdenSRZLyjLt3795asWKF/Pz8NH78+GKvdUmuy969e7V69WrFx8fLMAxVq1ZNY8aMkSSlpqZq2bJlOnLkiJKTk+Xj46OoqCg1b94833dJknbt2qXVq1frwoULcnd3V7169dSnTx/b/4e55zEqKkq7d+/W+fPnVatWLUVHR9v2Ke7+3L9/v5YtW6YLFy7Izs5OAQEB6tatm9q2bVvs+QAAAAAAAAAAADlKPQC+EzExMXrrrbfk5OSkefPmac6cORo1apQMw9DkyZMVGhqql156SZcuXdLEiRPl5eVV4CzPvXv3at26dRozZowCAgI0b948paSk2LavWLFCBw8e1Ntvvy0fHx8tWrRIn332mf72t7/lays9PV3//Oc/1atXL73++uuyWq239azOkydPqkuXLho2bJgMw9CUKVP0wAMPaMyYMbJarfrvf/8rSbc9xuJ89tln2rVrlxwdHdWsWTNZLBZduHDhtttZs2aNqlevriZNmsjV1VXz5s1TTEyM2rZtq4CAAF26dMnW7oULF/T3v/9dZrNZDRs2lCQdOnRIp06d0sSJExUUFJSv/XXr1mnlypWyt7dX8+bNtWnTJl2+fLnImtavX69vvvnGdsyGDRuKPMbZ2VmdOnXSunXrJElt2rSRm5ubQkJCFB8fLxcXFz3yyCNycHDQ1q1btXHjRnl4eOipp54q0Tkq6pxcvHhR7777rsxmszp06KDs7Gxt3rxZ586d03vvvSdHR8di27+TNj7//HPt379f3t7eqlmzphYtWpRvn7lz52rz5s2qXLmyunfvrp07d2rmzJkymUyKiIiw7Xf48GHVqFFD9erV0759+zRr1ixVrFhRDz74oHbu3Klp06bJw8NDXbp0UWxsrL799lulpqbmCd2vX7+uzZs3Kzw8XBs2bNCmTZtUt25dNW/ePF9dWVlZSk1NVcuWLeXl5aWDBw/qxx9/1LVr1zR27FhJ0syZM7V37175+PioZs2a+uqrrwo9fwsWLFDDhg0VGBio7OxsTZgwQXFxcQoLC1PlypW1bt06/eMf/9DEiRNVqVKlEt1f8fHxqly5sh5++GFlZGRo06ZNmj9/vipXrqx69erlGffSpUvVoEEDeXh4FHGVS35dvv/+e82aNUuS1LBhQ3l7e+v48eOSpBs3bmjs2LFKSEiQn5+fWrVqpeTkZF26dKnAvrZv367p06fLwcFBLVq00Llz57Rt2zadPXtW//znP/OsWLBixQpFRETo6tWrOnbsmP7zn//o2WefLfb+tLOz08cffyyTyWT7MU5cXJwuXrxYovMBAAAAAAAAAABy3JMBcGRkpG3WZffu3fXiiy/KbDbr4sWLio+P17hx4+To6KiQkBB17txZ27dvLzAc3blzpzp27Kjg4GBJUt++ffX999/btm/cuFEjRoxQhQoVJElPP/20Bg0apGvXrsnNzS1PW3v27FFwcHCe5apzZwqWRHBwsJo2bSpJMplMcnBwUGJiohITExUYGKjQ0FBJOYHI7YyxKKmpqdr1BD3yAAAgAElEQVS1a5ckafTo0QoLC5OUM5PzZiWZWVy3bl29+eabtn0zMzMlyRYsPvLII/L29pYkbdq0SWazWfXr19frr78uSRo/frxiYmL0/fffq2/fvvna37ZtmySpR48e6tWrV77gsCBbtmyRJD3xxBPq2bOnUlNTNWLECBmGUeD+rq6u6tevny0A7tGjh+0ZwFWqVFGbNm0k5QSP/v7+mjVrlmJiYoo9N7mKOyc3btxQ06ZN9eSTT0qSzp49qzNnzmj//v1q0aJFse3fbhvXrl3T/v37JUkjR45UnTp1tHfvXk2dOtW2T24gK0nDhg1TYGCgKlWqpI8++kirV6/OEwD7+/tr3LhxsrOz07Rp07Rz505t2bJFDz74oNasWSNJ6tmzp1q1aqX27dtr1KhR2rFjh6KiovLU9dprrykwMFBXrlzRDz/8oDNnzhQYAPv5+emDDz6QnZ2dzGazmjVrpldffVWnTp2S2WyW2WzW3r17JUmjRo1SaGhovvHdrFevXnriiSckSQcPHlRcXJz8/Pw0bNgw2dnZKSsrS+vWrdN3332nv/zlLyW6vwYNGiRHR0cZhqEbN27o6tWr2rFjh2JiYvIEwLnjfuCBBwqs7VYluS6557xbt2565plnJP3fd/vgwYNKSEiQs7Ozxo8fb7sPb/3u51q7dq3tHD3++OPKyspSdHS0zp07p5iYGDVo0MC27zPPPKOIiAgFBQVpzpw5On36tKTi789GjRopOztbTk5O8vX1VZUqVfTYY4/lWRECAAAAAAAAAAAU754MgHPDitzXhmEoNTVVycnJ8vb2zrMkb0BAgK5cuVJgO8nJyWrSpIntvbu7u20p6ezsbKWkpGj69Omys7Oz7ePm5qYrV67kC4CTkpIKnLlaUr6+vnneDxgwQEuWLNHYsWPl6OioTp06qVu3brc9xqLcfMzNYXVRzx8tLCCqX79+nqD4qaee0owZM7Ry5UqtXLlSktS0aVONGjVKiYmJkqSQkBDb/pUqVVJMTIxtW2G1Vq5cWVLOdffy8lJqamqx46tUqZLtGE9PzyKPKczp06e1cOFCnT17VtnZ2bbP09LSStxGUeckd5bj3r17baFlrvPnz5eo/dtt4+brn3teb74mkpSQkGB7nbt08M39Wa1W2/vg4GDbdyX3nOf2kVvb/PnzNX/+/DztXLhwwTaD1NnZ2bZ8c+53LDc4v1V6erpmz56tmJiYPPsYhqH09HRdu3bN9lluPbeO72b169e3vc6dCXvlyhU9//zzefbLPZclub927NihVatW6dKlS3mC4VvvGwcHhxKHv1LJrkvubOSCvtu524KCgvL8f1rYdz/3e5k7VmdnZ/n7+ysuLi5PLVLOjyWk/7t+WVlZtrqkwu/PFi1aqG/fvvr666/173//21bP008/XeDS5AAAAAAAAAAAoGD3ZAB8c0iYkJAgk8kkb29vXb9+XampqTKbzbblbhMTEwt9/qmvr2+esMZsNuvq1auScgIZb29vjRo1SrVq1Sq2pgoVKujEiRMFbnNxcZHZbLa9t1qttn4K4+Pjo2HDhkmS/vvf/2rChAmqXbu2reaSjrEoNx8TGxtrW47ZYrHI3t5ezs7OknJmG0o5gXlhdd+6vHC9evX0ySefKCEhQefOndOMGTO0d+9enT17VgEBAZJyZjPnio+PlyTbtoJqTU9PtwVXmZmZxZ7D3GNy205JSVF6enqRx9wc9t8c2M2YMUMXL15Ux44d1bx5c8XExGj58uWFziYuSFHnJPcZqQ0aNFDXrl3zjaMkbreNmz+7fPmyPDw88i1hfPPzrl944QXbDySknB9J3Bz6X7hwQYZhyGQy2ULS3D58fX11/fp1PfbYY6pbt26eNkJCQmzh4M3nv7iZ58uWLdOBAwdUp04d9ejRQ1lZWZo8eXKB44uPj1doaKjtmdoFuflHFbnj9vHxyRcA5+5X3P2VnJysmTNnSpL+8pe/qFKlSlq9erUOHjyY774pyRLfNyvJdfH399f58+cVGxtr+6FL7nfb399fUk7QnZaWJi8vrzzbbxUQEKCMjAzFx8ercePGysrKUlJSkiTZAvtchYXIJbk/u3Xrpi5duig+Pl4//fSTvvjiC3399dcEwAAAAAAAAAAA3IZ7MgBeu3atHnroIXl4eGjRokVq0qSJbTnk4OBgLVq0SH369FFiYqLWrVtX6DNaW7ZsqWXLlql9+/ZydXXV2rVr8wQzHTp00MKFC/X8888rKChI6enpOn78uG2p5ps1a9ZMixcv1vr169WuXTvbM4Br166t+++/X8uWLVNGRobc3d21bt26QmfS5tqzZ49CQ0Pl4+Mjb29v2dvby97e/rbHePDgQU2dOlVffPFFvm3e3t5q2bKldu3apalTp6pp06ayWq0ym8166aWXVL16dUk5z+ddsGCBjh07VmTNN5s0aZLc3NxUsWJFZWdn68aNG5IkDw8PtW/fXhs2bNDRo0c1adIkGYahmJgYOTk5qV27dgW217p1a/3yyy/65ptvZDab9dNPPxV7DiMiIjRv3jwtX75ccXFxOn36dLGBrclkkp+fn65cuaK5c+eqUqVKevTRR20zXa1Wq1JSUrRnz54Sn4uSnJMOHTpoy5YtOnr0qCpUqCA/Pz8lJSXp8OHDevnll0vU/u224ebmpkaNGungwYP67LPP9PDDD9uWFc7l7e2tZs2aac+ePVq5cqWaNm2qrKwsnT17Vs7OzrZlw6WcWfDjxo2Tr6+vbYZn27ZtJUmdOnXSv//9b23ZskWGYcjR0VEXLlzQ8ePH9emnn97Rc15vnn187do17dixI9/4mjZtalv2uW7dujpy5EiJ2m7UqJEqVKigpKQkfffdd6pVq5bS0tJ0/PhxtWrVSqGhocXeXzfXl52drfj4eNszeO9WSa5L165dNWvWLK1evVrx8fHy9vbWiRMnNHnyZDVq1EiBgYFKSEjQm2++qQYNGiglJUWhoaF67LHH8vXXuXNnffbZZ/r66691/vx5nTt3TpmZmQoJCckT6BeluPvTYrFo9OjRatCggSpUqGC7J3LDaQAAAAAAAAAAUDL3ZADctm1bTZw4UVeuXFGdOnU0fPhwSTnh3csvv6w5c+YoOjparq6uioyMVKtWrQpsp1mzZrpw4YLeeecd+fn56YEHHsizFHOPHj3k6Oio9957T8nJyfL09FR4eHiBAbCnp6feeustzZ8/X0uWLJG9vb0iIiJUu3Zt1axZUxEREXr77bfl5+enunXr5ll2tSAnTpzQvHnzlJWVJXd3d/Xs2dMWyN7OGC9fvmx7fnBBnnvuOVWpUkXbt2/Xnj175OLiYnuua4MGDdSpUydt375de/fuVfv27ZWamlqiJZSrVaum3bt3a9++fTKZTKpYsaK6d+9um+E7ZswYLV68WKdOnZKUMzv26aeftj1z91adO3dWamqqtm7dqvXr1+uRRx5RXFxckUtfR0ZGKjU1Vd9//71iYmL0+OOPa9WqVUpJSSlymetnnnlGCxcu1NGjR3X06FG1bdtWw4cP15w5c7R9+3adPXtW4eHhtpmfJVXcORk3bpyWLl2qffv26fr16/L19VX9+vVtszWLU7Vq1dtuY/jw4Zo1a5aOHTumLVu2qGPHjvl+LBAdHa3KlStr165dWrFihZydnVWpUqV8z5xu0KCBAgMDtW3bNvn7+6tHjx62cLBjx45yd3fXt99+qw0bNkjKmTmaGxDfiSeffFKJiYmKjY3VkiVL1KFDBx04cCDPPkOHDpXJZNLhw4d15swZ9e7dO8/ywoVxdnbWu+++qyVLlujYsWM6cuSIPD09Vb16ddv3qbj7y9/fXwMHDtSKFSu0bNkyhYaGKiwszPbc7btV3HVp3769PDw8tGrVKp04cUKGYahatWqScmYxv/vuu1q2bJkOHz6sbdu2ydfXt9DniLdp00Ymk0lr1qzR3r175ebmptatW6tPnz625buLU9z9aWdnp6pVq+rgwYNKT0+Xk5OT6tSpk+8Z0QAAAAAAAAAAoGgm43bWsC0DRo4cqREjRhQZauL/TJ06VV26dPlTnq/cZbdzl9dNSkrSyJEjJUn/+te/FBwcXGq14Y9x7dq1PM/r3r59u6ZPny4vLy999tlnd9U29xcAAAAAAAAAAPi9pKWl3fGx9+QMYJTc6NGjS7uEUpOSkqJ3331XzZo1k7Ozs23mZf369Qnn/iT27dun9evXq0GDBsrMzLQtcd25c+e7bpv7CwAAAAAAAAAAlEUEwCi3XFxcFBAQoC1btig7O1sVKlRQz5491b1799IuDX+QoKAgZWdn69tvv5WDg4OCg4MVGRmpNm3a3HXb3F8AAAAAAAAAAKAsuueWgAYAAAAAAAAAAACA8uxuloC2+w3rAAAAAAAAAAAAAACUIgJgAAAAAAAAAAAAACgnCIABAAAAAAAAAAAAoJwgAAYAAAAAAAAAAACAcoIAGAAAAAAAAAAAAADKCQJgAAAAAAAAAAAAACgnCIABAAAAAAAAAAAAoJwgAAYAAAAAAAAAAACAcoIAGAAAAAAAAAAAAADKCQJgAAAAAAAAAAAAACgnCIABAAAAAAAAAAAAoJwgAAYAAAAAAAAAAACAcoIAGAAAAAAAAAAAAADKCQJgAAAAAAAAAAAAACgnCIDLMMuhQ0pv106WQ4dKuxQAAAAAAAAAAAAA9wAC4DLISEmx/Zu9ZUu+zwEAAAAAAAAAAACgIGU2AH7vvffUuHFjvfDCC6Vdik1kZKQaN26sNWvW/K79ZAwapLSwMFkOH5YkWQ4fVlpYmDIGDfpd+wUAAAAAAAAAAABwbyuzAXBZVKdOHdWrV0++vr6/az+OERGyq1pVmVOmSJKujx0ru6pV5RgR8bv2CwAAAAAAAAAAAODe5lDaBfwRzGazHB0d77qdDz/88DeopnjOo0fLadAgpbdrJztJJl9fuc+dK5OPzx/SPwAAAAAAAAAAAIB7U5kJgOfPn6/FixcrNTVVHTp0kMlkyrP90KFDGjJkiCRp+/btcnV11Zo1a/TOO+/Iz89P69evl5SzTPOVK1c0ZMgQHThwQEePHtWYMWNUtWpVvffee4qPj1dGRoZcXV1Vr149jR49WjVr1pQkWSwWrVixQsuXL9evv/4qwzBUvXp1ffLJJ/Lw8LC1/fe//11du3aVJO3YsUNz587Vzz//LDs7O9WsWVNDhw5V48aNJUlvvPGGNmzYoHbt2snV1VU//PCDDMPQU089paFDhxZ4LoyUFKW3aycjOVlehw4prWFDpbdrJ8/NmwmBAQAAAAAAAAAAABSqTCwBvXr1an344Ye6ePGiGjVqpF9//VWrV68udP9bw+GCzJo1S4ZhqGPHjvL29lZSUpIMw1D37t01dOhQVa5cWT/88INeeeUVZWdnS5ImTZqkCRMm6OTJkwoPD9cjjzyi5ORkZWZmFtjHd999p9GjR+vQoUNq3Lix6tevrwMHDui5557Tjh078uy7efNmXbt2Ta1bt1ZycrJmzJihw/97xm++8fn4yGXUKNusX7epU+UyahThLwAAAAAAAAAAAIAilYkZwP/5z38k5czenTBhggzDUP/+/XXixIkC9y9JANyhQwdNnDjR9j4rK0sR/3uGblZWljp27KhevXopPj5ecXFx8vf31/LlyyVJo0aNUr9+/SRJVqu10D4WLFggSXr00Uc1btw4SdLo0aO1Y8cOLVy4UK1atbLtGxoaqn/961+SpAMHDiguLk4//fSTGjRoUGDbToMG2V479uhR7HgBAAAAAAAAAAAAoEwEwBcvXpSUE5JKOQHvAw88UGgAnMtisRS6rXnz5nnenzlzRlOnTtWxY8fyzei9fPmyLBaLLext2LChbZudXeGTpHPrzl1COvf1jh07bNty1apVy/baw8NDkpSRkVFo2wAAAAAAAAAAAABwu8rEEtBBQUGSpAsXLtg+i4+Pz7OPq6ur7XVaWpokKTY2ttA2nZyc8rx/9913tX//fjVv3lyffvqpPvjgA9s2wzAUGBhoC3sPHTpk22a1WgudBVyxYkVJ0s8//2z7LPd17phy2dvbF1orAAAAAAAAAAAAAPwWysQM4B49eujIkSNasWKFPD09dfXqVe3bty/PPlWqVJGHh4euXr2qsWPHqkqVKralo0vi5hA3PT1da9asybPd09NTPXv21Ndff60PP/xQP/74o3x8fHTo0CHNmDFDFSpUyNdmVFSU3nnnHa1atUoZGRkym83avn27bRsAAAAAAAAAAAAA/JHKxAzg7t2768UXX5Sfn5++/vprpaenq1OnTnn2cXV11bhx4xQSEqJjx47pl19+Uf/+/Uvcx5gxY/TAAw9o9+7dmj59upo2bZpvn9dff11vvPGGQkNDtX//fq1fv16enp5ycXEpsM2uXbtq8uTJeuihh7R3714dPnxYjRo10rRp09SmTZvbOwkAAAAAAAAAAAAAcJdMhmEYpV0EAAAAAAAAAAAAACBH7iNx70SZmAEMAAAAAAAAAAAAALh7BMAAAAAAAAAAAAAAUE4QAAMAAAAAAAAAAABAOUEADAAAAAAAAAAAAADlBAEwAAAAAAAAAAAAAJQTBMAAAAAAAAAAAAAAUE44lHYBkhQXF6edO3cqNTW1tEsB7oi3t7datmypypUrl3YpAAAAAAAAAAAA+BMrEwHwmTNn1LhxI7m4uMhkMpV2OcBtMQxD2dnZOnv2LAEwAAAAAAAAAAAASlWZCICvXbsmHx8fOTk5yc6OValxb7Farbpx44auXbtW2qUAAAAAAAAAAADgT65MBMCS5OTkJGdnZwJg3HOsVmtplwAAAAAAAAAAAABIKkMBsJ2dnezs7FgCGvec3HsXAAAAAAAAAAAAKG2kVgAAAAAAAAAAAABQThAAAwAAAAAAAAAAAEA5QQAMAAAAAAAAAAAAAOVEmXkGcFF27tylTZs26dy5X3Xjxg198cXc0i4JAAAAAAAAAAAAAMqce2IGsKenhyIjI/X000+VdikAAAAAAAAAAAAAUGbdEzOAH3roIUnSjz/+WMqVAAAAAAAAAAAAAEDZdU/MAAYAAAAAAAAAAAAAFI8AGAAAAAAAAAAAAADKCQJgAAAAAAAAAAAAACgnCIABAAAAAAAAAAAAoJxwKO0CSsJqtcpischisUiSzGazJMnR0bE0ywIAAAAAAAAAAACAMuWeCIC3bduu2bPn2N4PHjxEkvTpp5/I09OztMoCAAAAAAAAAAAAgDLlngiAIyLaKiKibWmXAQAAAAAAAAAAAABlGs8ABgAAAAAAAAAAAIByggAYAAAAAAAAAAAAAMoJAmAAAAAAAAAAAAAAKCcIgAEAAAAAAAAAAACgnCAABgAAAAAAAAAAAIBywqG0C5AkNzc3ZWXdkKOjo+zsyKRxb7FarTKZTHJzcyvtUgAAAAAAAAAAAPAnVyYC4Fq1aikm5iddu3attEsB7oibm5sCAgJKuwwAAAAAAAAAAAD8yZkMwzBKuwgAAAAAAAAAAAAAQI60tLQ7Ppb1lgEAAAAAAAAAAACgnCAABgAAAAAAAAAAAIByggAYAAAAAAAAAAAAAMoJAmAAAAAAAAAAAAAAKCcIgAEAAAAAAAAAAACgnCAALsTs2bO1ZMmS0i7jd5WSkqKoqChZLJY/pL9p06Zp5cqVf0hfv6Vdu3Zp3LhxpV3Gbbt48aIGDBhQon3/6HsBAAAAAAAAAAAAvw+H0i5Akg4fPqz33ntPkmRnZydPT0/VqFFDnTt3Vr169UqlphYtWsjJyalU+v6juLq6auDAgbKz43cARalevbq6du36m7S1Y8cObdy48Z4MlAEAAAAAAAAAAFD2lYkAWJI8PDw0ffp0WSwWJSYmavfu3Xr//fc1ePBgRURE3HZ72dnZcnC48+E9+OCDd3zsH+luxuns7KxOnTr9xhWVPxUrVlTFihVLu4xy4W6/lwAAAAAAAAAAAChamUpi7O3tZW9vr0qVKunJJ5+UnZ2dvvzyS7Vu3Vr29vZ69tlnNX78eAUHB0uSNm7cqIMHD+r1119XYmKiRo8erX79+mnz5s3y9PTUmDFj9J///EdbtmxRWlqa/Pz81KtXL7Vs2dLW5969e7V8+XIlJCTIw8NDffv2VYsWLTR79mx5enrqqaeekiQdP35cCxYs0MWLFxUQEKCoqCg99NBDkqTp06fLyclJV65cUWJiouzs7DR8+HBVq1atwHEWVdPWrVu1efNmBQUFKSEhQRkZGXr88cf18MMP27Zv2bJF9913n06dOqXw8HD16tVLCxcu1L59+2QYhho1aqR+/frJyclJY8eOVaNGjfTEE09IylmG2Ww2a/To0UpJSVF0dLTmz58ve3t7jRw5Ul26dNHmzZt16dIlhYWFaciQIZo3b57279+vgIAAvfjii6pcubIk6cCBA1q6dKkSEhLk6uqq1q1b6+mnn5bJZJIkHTp0SPPnz1dKSorCw8NlNptt5+DixYuaOXOmzp07J5PJpLp162rw4MHy9PQs8Jylp6dr/vz5Onr0qEwmkx5++GH16dNH9vb22rp1q7Zu3aqQkBCdOnVKmZmZ6tWrl1q3bl1gW9OnT5eHh4fi4+N1/PhxVapUSaNHj9auXbu0du1a2dnZacCAAWrRooWknCWg169fr3Hjxtnus4EDB2rr1q3KyMhQWFiYBg4cKEk6ffq0Jk2apOnTp9v6++ijj1S9enWFh4dr/vz5un79ukaOHClJmjRpkkwmU4HXz9XVVVlZWZo5c6aOHDkiq9UqPz8/vfzyywUG0llZWZo9e7Z+/PFHeXp6qkuXLiU+h8VJT0/XggULdPToUWVlZen+++/X22+/rTNnzhQ63kcffbTA+/WJJ54odExJSUmaM2eOYmNj5ebmpsjISHXt2tV2TwEAAAAAAAAAAKBoZSoAvlXz5s21bNky/frrr7r//vuL3d8wDCUmJtqWk5akoKAgjR07Vr6+vjp8+LCmTJmimjVrKjAwUDExMZo5c6ZGjRqlunXrKi0tTampqfnaTU5O1vvvv6+hQ4eqWbNmOnTokD744AO9//77CgoKkpQThv7jH/+Qv7+/Nm7cqDlz5ugf//hHgXUWVZMknTp1St27d1d4eLgSEhL01ltvqUqVKrbg9eTJk+rSpYuGDRsmwzA0f/58nTt3Tv/v//0/2dvb66OPPtIXX3yh4cOH64UXXtDbb7+t+vXr69KlSzp+/Hie83OrXbt26a9//ascHR01btw4vfPOOxowYICee+45LVq0SAsWLNAbb7whKWcGcXR0tCpXrqwLFy5o4sSJCgkJUatWrXTlyhVNnTpVL774oho1aqTt27drxowZql69uiTJarWqR48eeuCBB3Tjxg1NmzZNX331lYYNG1ZgXR999JECAgI0ZcoUmc1mTZkyRd9++60ee+wxSdKJEyfUs2dPDR48WHFxcRozZozCwsLk4eFRYHvbt2/Xa6+9pvvvv1/Tp0/X+PHj1bp1a33yySc6cuSIPv30U4WHhxe4DLhhGEpJSdH48eOVmZmpv/3tb2rYsKEaNGhQ6HmVpPvuu0/9+/fPtwT0F198Uej1+/7775WWlqaPP/5YTk5OOn/+vNzd3Qts/6uvvlJycrI+/PBDZWdn61//+tdtncOiTJ06VX5+fnr//ffl6uqqU6dOFXtMrlvv1++++67AMRmGocmTJys0NFQvvfSSLl26pIkTJ8rLy6vQMB8AAAAAAAAAAAB5lemHv/r6+kqSrl69WuJjHn/8cZlMJtuMwZYtW8rPz08mk0kNGzZU7dq1beHVpk2b1LFjR9WrV08mk0ne3t6qUqVKvjb37t2r6tWrq2XLlrK3t1d4eLjq1q2r3bt32/Zp0aKF/P39JUlhYWE6e/asDMMosMaiapJyAuLw8HBJUmBgoJo0aZKnr+DgYDVt2lSSZDKZtGPHDj311FPy9vaWh4eH+vTpo507d8owDFWsWFH9+/fXxx9/rLlz52rEiBGFBoiS1K1bN/n7+8vLy0thYWGqWLGiGjZsKHt7e7Vu3Vpnzpyx7VuvXj1VqVJFJpNJwcHBateunY4fPy5J2rdvn2rVqqXw8HCZTCa1adMmz7kNDg5W/fr15ejoKHd3dz3++OO2Y2914cIFnTx5UoMGDZKLi4s8PT3Vs2fPPOekatWqql+/viQpJCRE3t7eio+PL3SczZs3V61ateTo6KiHH35Y6enp6tWrlxwdHRUeHi47OztdunSpyPMkSS4uLqpTp06e83K7irp+Dg4OSk9Pt42lUqVKhc6S3rlzp5588km5ubnJy8tLjz/+uG1bSc5hYc6fP6/Y2FgNGTJEHh4esre3V506dUo8K/fW+7WwMcXFxSk+Pl59+/aVo6OjQkJC1LlzZ23fvr1E/QAAAAAAAAAAAKCMzwBOTk6WpEJncd4qN8S92e7du7V27VpduXJFdnZ2SktLU6NGjSRJly9fLnbWZm4dAQEBeT4LCAjQlStXbO9vrtHJyUkWi0XZ2dlydHTM115RNUmSj49Pnv19fHzy9JUbjEuS2WzW1atX89QXEBCg7OxspaWlydvbW82bN9fChQtVuXJl1alTp8ix3ty2s7NznlqcnJyUmZlpe3/mzBktWbJE8fHxMgxDmZmZtvaTk5NtM5pz5c6WlnKWFF64cKFOnjwps9ksq9WqGzduFFhTUlKSrFarXn31VdtnVqs1z9LFt94jt9Za1DidnJzk5eWVJ9As6niTyZQnRHdyctL169cL7asoxV2/du3aKTU1VdOmTVNaWpqaN2+ufv36ydnZOV87GRkZedq5+XyX5BwWJikpST4+Pvn6LKmbz7WkQseUnJwsb2/vPLOub/2eAQAAAAAAAAAAoGhlOgDes2ePPDw8bEsfu7i45HmObHp6epHHJyYmasaMGRozZoxq1KghSZowYYJtu7+/f5GzPHP5+voqNjY2X9u1a9cu8VhKWlPuPoZh2ALJhISEfI3rKzQAACAASURBVGFqLkdHR3l4eCgxMVEVKlSwHW9vby8vLy9J0vz581W9enXFx8drx44datWq1W3XXZCpU6eqe/fuevXVV2Vvb69vvvlGP//8s6SccxYXF5dn/5uX1/7yyy9lGIYmTJggV1dXnTx5Uu+//36B/fj7+8vR0VFTpkwpUWBZmlxcXPIF2Tffp7fOmi3u+plMJj355JN68sknlZSUpClTpmjdunX5lm3OnUmdmpoqPz8/SVJKSopt+92cwwoVKiglJUVZWVn5QuDixlsQBweHAscUFham1NRUmc1m2w8nEhMTbeMBAAAAAAAAAABA8crUEtAWi0U3btzQ+fPntXz5cn3zzTeKioqyBVZVq1bVoUOHJOWETNu2bSuyvevXr8vR0VHBwcGScmasnjhxwrb9kUce0YYNGxQTEyPDMJSamqpz587la6dJkyY6ffq0fvjhB1ksFh08eFAxMTFq3rz5bY+xuJqknNmza9askdVq1fHjx7Vv374i+3r44Ye1dOlSpaWlKSMjQ4sXL1arVq1kMpm0f/9+HTx4UCNGjFB0dLTmzp2rhISE2667INeuXVPlypVlb2+v9PT0PEv1NmnSRMePH7eFwLGxsXmWuc7IyNB9990nV1dXWSwWrV+/vtB+goODVbNmTc2dO1cZGRm2Zz0fO3bsNxnHbykgIEAmk8n2g4Gff/45z/X19vbW5cuX8/yQoajrFxMTo/Pnz8swDHl4eMjZ2Vl2dgV/bVu2bKm1a9fKMAxZrVatXbvWtu1uzmHusXPmzFFGRoYsFouOHz8uwzCKHW9BChtTSEiIgoODtWjRIpnNZp0/f17r1q3j+b8AAAAAAAAAAAC3oczMAL569ar69+8vk8kkLy8v1ahRQ6+99prq1atn26dfv36aPn269uzZIx8fHzVq1EgXLlwotM0qVaqoQ4cOeuutt+Tt7a3g4GA9+OCDtu1169bV4MGD9cUXXyghIUGenp6KiorK9xxgPz8/vfrqq1q4cKE+//xzBQYG6qWXXlLFihVve5zF1SRJderUUUJCgoYPHy5XV1cNGTKkwGcT5+rTp48WLlyov/71rzIMQ2FhYRowYICuXLmimTNn6oUXXpCnp6fq1KmjyMhIffLJJxo7duxt136rIUOGaObMmXJ3d5e7u7saNmxoC5f9/Pz0wgsv6JNPPpG7u7sCAgJszzWWpN69e+uzzz7TgQMHbM/dzQ33CzJy5EgtWrRIr7/+ujIzM1WhQgV17tz5rsfwW3N0dNSwYcM0ffp0eXp6qmLFirZnE0s517ZatWqKjo6W1WrVp59+Wuj1k3KWX549e7ZSUlLk7OysRo0aqVOnTgX23bdvX82ePVtvvPGG7RnOR48etW2/m3M4atQoLViwQK+88oqys7NVrVo1vfnmm8WOtyCFjclkMunll1/WnDlzFB0dLVdXV0VGRv5mM9YBAAAAAAAAAAD+DEyGYRilXQT+z9atW7Vjxw699dZbpV0KAAAAAAAAAAAAgFKQlpZ2x8eWqSWgAQAAAAAAAAAAAAB3jgAYAAAAAAAAAAAAAMoJloAGAAAAAAAAAAAAgDKEJaABAAAAAAAAAAAAAATAAAAAAAAAAAAAAFBeEAADAAAAAAAAAAAAQDlBAAwAAAAAAAAAAAAA5QQBMAAAAAAAAAAAAACUEwTAAAAAAAAAAAAAAFBOEAADAAAAAAAAAAAAQDlBAAwAAAAAAAAAAAAA5QQBMAAAAAAAAAAAAACUEwTAAAAAAAAAAAAAAFBOEAADAAAAAAAAAAAAQDlBAAwAAAAAAAAAAAAA5QQBMAAAAAAAAAAAAACUEwTAAAAAAAAAAAAAAFBOEADfBsuhQ0pv106WQ4dKuxQAAAAAAAAAAAAAyIcAuASMlBTbv9lbtuT7HAAAAAAAAAAAAADKgj9NABwZGanGjRtrzZo1t31sxqBBSgsLk+XwYUmS5fBhpYWFKWPQoN+6TAAAAAAAAAAAAAC4Y2UiAP7pp5/UuHFjNW7cWCm/06zaOnXqqF69evL19b3tYx0jImRXtaoyp0yRJF0fO1Z2VavKMSLity4TAAAAAAAAAAAAAO6YyTAMo7SL+OmnnzRgwABJ0saNG+Xj41PKFeVnpKQovV07GcnJMvn6ynPzZpnKYJ0AAAAAAAAAAAAA7m1paWl3fGypzwDeuHGjLfyVpA4dOqhx48ZavHixJOn06dN69dVX1blzZ7Vu3VpRUVFavny5rFarJOns2bO22cNffvmloqKi1KZNGw0dOlRnz561tVvQEtB79+7V888/r44dO6ply5bq3bu3Dv9vmeeb3Rz+eh06JCM5Oec9zwAGAAAAAAAAAAAAUIY4lHYBVapUUadOnbRu3TpJ0hNPPCEnJyeFhobql19+0YABA5SZmal69eqpatWqWr9+vSZMmKC4uDiNHDkyT1uLFy9Wjx49tHv3bh08eFAvvPCCvv76azk7O+frd/369XrzzTclSfXq1VPNmjUVGxurS5cu5dvX5OMjl1GjZHf//TL5+Mht6lQZKSnMAAYAAAAAAAAAAABQppR6AFy7dm0988wztgA4OjratgT0lClTlJmZqZCQEM2ZM0d2dnaqVauWpk6dqsWLF+v555/P09Ybb7yh5s2bq3fv3urQoYMuXryo3bt3K6KAZ/V+8cUXkqRWrVpp6tSpts+zs7MLrNNp0CDba8cePe5u0AAAAAAAAAAAAADwOyj1JaCLcvHiRUnS/fffLzu7nFJr1KghScrKylLKLUswh4SESJI8PDzk7e2dp43C2g4LC8vzuYNDqWfiAAAAAAAAAAAAAHBHykQAbG9vb3ud+2xfSapYsaKknOf85n7+888/S5KcnZ1tM4VznTx5UpKUmJio5OTkPG3cKvfzQ4cO5fm8sBnAAAAAAAAAAAAAAFDWlYnprkFBQTKZTDIMQ3//+98VEhKiZ555Rj179tTXX3+tuLg4DRkyRFWqVNH69eslSb1795ajo2OedsaPH69t27bp8OHDslqtCgoKUvPmzQvsc8CAAXrzzTe1fft2Pfvss6pVq5ZOnz6tp556SpGRkb/7mAEAAAAAAAAAAADgt1YmZgD7+PjoxRdflL+/v3bs2KFFixYpKSlJ999/v+bOnauIiAidP39eGzduVNWqVfW3v/1NL774Yr52XnnlFZ04cUKJiYlq2LChPv74Y7m4uBTYZ2RkpKZNm6bGjRvr119/1apVq5SSkqKgoKDfe7gAAAAAAAAAAAAA8LswGYZhlHYRd+Ps2bN68sknJUnffvstAS4AAAAAAAAAAACAe1paWtodH1smZgADAAAAAAAAAAAAAO4eATAAAAAAAAAAAAAAlBP3/BLQAAAAAAAAAAAAAFCesAQ0AAAAAAAAAAAAAIAAGAAAAAAAAAAAAADKCwJgAAAAAAAAAAAAACgnCIABAAAAAAAAAAAAoJxwKO0CJCkuLk47d+5UampqaZcCAAB+J97e3mrZsqUqV65c2qUAAAAAAAAAQLlVJgLgM2fOqHHjRnJxcZHJZCrtcoD/396dx0dV3f8ff8+anSwkkAQSCEsgEBQSWUU2obRfQcEd9auICK1atIgri/3WSsEFFMsPkepXWZRKFdGvRRAoIBbZEQgBIjskkYRsQ/bMzO+PyC2BLBCFCePr+Vdyzz13PvfMmdEH75xzAQA/M7fbrYqKCh05coQAGAAAAAAAAAAuowYRABcVFSkkJER2u11mM7tSAwDgbVwul8rKylRUVOTpUgAAAAAAAADAqzWIAFiS7Ha7fHx8CIABAPBCLpfL0yUAAAAAAAAAwC9CgwmAzWazzGYzW0ADAOCFzv53HgAAAAAAAABweTWYABgAAFydHI5C5ebmqqSkRKGhoQoJCZHNZvF0WQAAAAAAAADwi0QADAAA6qW83KnU1FRlZGQYxw4fPixJioqKUkJCAkEwAAAAAAAAAFxhBMAAAOCSlZc79e9//1slJSXy9fVVaGiofH19lZeXp9zcXGVkZCg3N1cDBgyQ01nu6XIBAAAAAAAA4BeDABgAAFyy1NRUY8vnLl26VFnp63AUavv27SopKVFqaqri49t4sFIAAAAAAAAA+GUxe7oAAABwdXE4CpWRkSFfX98Lwl9JCgoKUFJSkqTKLaHLy52eKBMAAAAAAAAAfpEIgAEAwCXJzc2VVPmc35qe8RsUFKDQ0FBJUl5e3hWrDQAAAAAAAAB+6QiAAQDAJSkpKZEk+fr61npeSEiIJKm4uPiy1wQAAAAAAAAAqEQADAAALsnZ4PdsEFyTsyt//fz8LntNAAAAAAAAAIBKBMAAAOCSnN3aOSMjo8bn+zochcZW0WdXAgMAAAAAAAAALj8CYAAAcEmCggIUFRWlkpIS7dix44IQ2OEo1Pbt2yVJcXFxNT4nGAAAAAAAAADw87N6ugAAAHD1SUhIUG5urnJzc7VmzRpFRUXJ19dXeXl5xspfX19fJSQkyOks93C1AAAAAAAAAPDLQQAMAAAumc1mUa9evZSamqqMjAxlZGRUaY+Li1NcXBzhLwAAAAAAAABcYQTAAACgXmw2i665JlFxcXHKzc1VSUmJQkNDFRISwrbPAAAAAAAAAOAhBMAAAOAnCQoKUFBQgKfLAAAAAAAAAABIMnu6AAAAAAAAAAAAAADAz4MAGAAAAAAAAAAAAAC8BAEwAAAAAAAAAAAAAHiJBvEMYH9/f5WWlslms8lsJpMGAMDbuFwumUwm+fv7e7oUAAAAAAAAAPBqDSIAbtu2rVJS9qqoqMjTpQAAgMvE399fERERni4DAAAAAAAAALyaye12uz1dBAAAAAAAAAAAAACgUkFBQb37st8yAAAAAAAAAAAAAHgJAmAAAAAAAAAAAAAA8BIEwAAAAAAAAAAAAADgJQiAAQAAAAAAAAAAAMBLEAADAAAAAAAAAAAAgJcgAAYAAAAAAAAAAAAAL/GLDIBXrlypadOmye1213rek08+qd27d1+hqhqmd955Rx999NFFn//oo48qLS3tos5lfC/e7Nmz9dlnn3m6DHhIVlaW7r33Xk+XAQAAAAAAAAAArgJWTxfw4Ycf6vPPP6+xfe7cuQoKCvrZXu/UqVNatWqVpkyZIpPJZBx/++23FRISojvvvNM4Nnz4cDVr1uxne20AV6fqvh8AAAAAAAAAAAAaIo8HwHfccYeGDx8uSdq8ebOWLFmiV155xWj39fX9WV/vxIkTeuyxxxQYGFjnub179/5ZX7uhqaiokNXq8SlwWTmdTpnN5iphP+rP6XTKYrF4uoyrzi/ls3a55gafYwAAAAAAAAAALp7HEwmr1WoEI1arVSaTyQh9HQ6H3n33Xe3evVsmk0nXX3+97r77blksFq1bt04bNmxQTEyM1q1bJz8/P40ePVput1vz589XQUGBBgwYYGybmpmZqXnz5unYsWMymUzq2LGjRo0apaCgIH399dfauHGjzGazNmzYoNjYWE2YMEFPPvmkRo4cqU6dOkmqDKg/+eQTnTp1SoGBgRoxYoR69uypbdu2acmSJTp16pT8/Px0ww036K677qoxrNi2bZsWLVqk/Px8JScnq6ysTK1atdLNN99c5XWysrIUHR2tkSNHqnXr1pKkcePGacCAAdqxY4fOnDmjJk2a6NFHHzUCbYfDoQULFtQ4ZmvXrlVUVJQOHDig5ORk9e/fv8ZxuRjLli3Tl19+KUm66aabqrQ5nU4tW7ZM69evV2FhoRISEjRq1CiFhITUed1z++bn56tp06Z67LHH1Lx5cz344IN66aWXFB0dLUlatWqVtm/frqefftoYo379+mnr1q0qKCjQ9OnT9dVXX+mrr75SSUmJAgICdO+996p79+6SKrcEX758uRwOh1q3bq0HH3xQkZGRddZ46NAhvfLKK5ozZ45xbNasWWrVqpWGDBmi0tJSzZs3T7t27ZLL5VJYWJjGjx+vyMhILV26VGvXrlVBQYHCwsJ02223qVevXsZ1du7cqQULFigvL0/JyckqLy+v8tqXUvO4cePUu3dvHThwwJgzDz/8sIKCguR2u/XGG29o//79KisrM8a3ZcuWkqQ5c+bIarUqOztbWVlZuueee9S8efNLmjOffvpptWNf1/xIT0/X22+/rePHjysmJkYdOnTQoUOH9OyzzyorK0tPPPGExo4dq7///e8qKSnR0KFD1aNHD82ZM0fHjh1T+/btNW7cOPn5+UmSjh07pvnz5+vo0aMKDAzU8OHD1adPH0nSunXrtG7dOjVv3lwHDhxQSUmJbrvtNt1www01fj/U9h5W91kbMWJElfn9yCOP6Mknn1R8fLwkyeVy6dFHH9W4ceOUkJBQ7ViuWbNGn3zyicrLy9W3b1/dfffdMpvNdc7F9PR0/e1vf9Px48clSS1atNCkSZMkVX5nLFy4ULt371ZpaalatmxptF3q3Ljuuuuq1NtQPsc1zUEAAAAAAAAAALyRxwPg2syaNUsRERGaOXOmysvLNXPmTH3xxRdGUJqamqoePXpo7ty5Wr16td566y0lJCToxRdfVFFRkSZOnKiuXbsqPj5eLpdLw4YNU/v27VVWVqbZs2frww8/1JgxY3TDDTcoNTW11i1eU1JSNG/ePD3++OPq2LGjCgoKlJ+fL0ny8fHRI488opiYGGVkZGjatGlq3rx5tSuIT58+rVmzZukPf/iDrr32Wn377beaPXu2WrVqJUnat2+f5s2bp6eeekpt27bVli1b9Oqrr2rGjBlGkJWamqpJkybJZrPpzTff1Oeff26ES3WN2f79+/Wb3/xGY8aMkdvtVkZGRo3jUpfNmzdrxYoVmjx5siIiIvT+++8rLy/PaF+2bJm2b9+uSZMmKSQkRIsXL9Zbb72lZ599ts5rL126VNu2bdMzzzyjyMhIpaenG/d/MXbt2qUpU6bI19dXR48e1fLly/WXv/xFYWFhysvLU1FRkSRp69atWrp0qZ555hk1a9ZMH3/8sV555RW9/PLLP3k145o1a1RQUKA333xTdrtd6enpCggIkCQ1bdpUL7zwgkJDQ/Xdd99p5syZatOmjZo0aaKcnBy9/vrr+v3vf6+kpCR9/fXXmjt3rjFH6lNzSkqKJk6cKLvdrvfff1/vvvuuHn/8cUnStddeq7Fjx8put2vp0qWaNWuWXnvtNeMPGLZs2aI//elPioyMvOQ5U9vY1zY/3G63Xn/9dV133XWaPHmyTp48qWnTpik2Nta4ttvt1v79+zVjxgylp6drypQp2rNnj8aOHauwsDBNnz5dK1as0LBhw1RYWKiXXnpJd911l5577jmlp6dr6tSpioqKUtu2bSVVfvaGDx+uUaNG6cSJE5o8ebK6dOlS4/dDbe+hdOFn7VwWi0W9e/fW+vXrjQB4165dstvtat++fbXvodvt1t69e/Xaa6/pzJkzmjp1qiIiIjRo0KDapqEkafHixWrfvr0mT54sl8ul77//3mh7/fXXFRYWppdffll+fn46cOCA0Xapc+N8DeFzfOLEiRr7AQAAAAAAAADgjcyeLqAmGRkZ2r9/v0aOHClfX18FBQVp+PDh2rhxo3FOZGSkbrzxRlmtVvXp00cFBQUaMmSIAgMD1aRJEyUkJOjw4cOSpOjoaHXq1Ek2m00BAQG65ZZblJqaetH1rF69WoMGDVJiYqJMJpOCg4ONMCoxMVGxsbEymUyKjo5W//79a7z2li1b1L59e3Xu3Fkmk0k9e/ZUXFyc0b5q1SoNHjxY8fHxMplM6tatm5o2baqUlBTjnEGDBslms0mSOnfubNzjxYxZdHS0unXrJklGvfUdl2+++UaDBg1SdHS0bDabRowYUSUEWrVqlUaMGKHw8HBZrVbddddd2r1790WFL6tXr9Y999yjqKgomUwmNWvWTGFhYRdVlyQNHjzYWElusVhUUVGho0ePqry8XCEhIcaqww0bNmjgwIFq2bKlbDab7rjjDuXn51cJyOrLarXK4XDo5MmTkqRmzZoZq2R79eqlsLAwmUwmde7cWfHx8UbwtmXLFrVt21bJyckymUzq06dPleCzPjX/6le/kt1ulyQNHTpUmzdvVnl5uUwmk/r37y8/Pz9ZLBbdeuutysrKUm5urtG3e/fuxkrKS50ztY19bfPj+PHjysrK0m233SaLxaLY2Nhq/6DizjvvlI+Pj+Li4tS8eXN17txZ0dHR8vX1Vffu3XXkyBFJ0rfffqtmzZppwIABslgsiomJUf/+/fXtt98a12rRooWx2r958+YKDg423rvq1PYeShd+1s7Xt29fbdy40VjdvX79et1www21bnN89n4bN26sIUOG6Jtvvqnx3HNZrVZlZWUpKytLFotF7dq1k1S5yjotLU2jR49WYGCgLBaLEhISZDKZ6jU3ztcQPse19QMAAAAAAAAAwBs12BXA2dnZcrlcmjBhgnHM5XJVWeEYGhpq/Hw23Dr3mI+Pj0pLSyVVbnO6aNEi7d+/X+Xl5XK5XCorK7voek6fPq1rr7222rbDhw/ro48+0smTJ+V2u1VSUlLjFq65ubkKDw+vcqxx48bGz1lZWdq9e7fWr19vHCstLTVWG0uqstWu3W5XcXGxpEsfM+mnjUtubq66du1q/B4QEGDUVlFRoby8PM2ZM0dm83/+zsDf3185OTny9/ev8boVFRXKz8+/qG2Ya3LufZ7dbvbTTz/VG2+8oQ4dOuj+++9XZGSkcnJylJSUZJxrsVgUFhZWJeSqr/79+ys/P1+zZ89WQUGBevToofvuu08+Pj7auHGjli9frpycHJnNZhUUFBh15ObmGqtIz2ratKnxc31qDg4OrvKz2+1Wfn6+GjdurE8++USbNm1SUVGRzGazXC6XHA6HEdT9lDlT09iHh4fXOj9yc3MVEhJSZe6Gh4fr2LFjxu9n/xDjLB8fnyrbi/v4+KikpERS5Wfj8OHDGjdunNFeUVGhxMRE4/fznwtut9uN/tWp7T2sbtzOFxsbq8jISG3dulXXXHONtm3bprvvvrvWPud+d4SHhysnJ6fW88+6//779dFHH+mFF16QzWbT4MGDddNNNyk7O1shISHy8fG5oI/b7b7kuXGuhvI5bteuXY39AAAAAAAAAADwRg02AG7cuLFsNptmzpz5k7filaQPPvhAbrdbU6dOlZ+fn/bv36+XX37ZaK9t1d3Zen744Ydq215//XUNHTpUEyZMkMVi0aeffqqDBw9We25oaKixKvGs06dPG9v7hoeHKzk52diy+VLUZ8zqGpfahIaGVgmmy8vLdebMGUmVKw6Dg4P1+OOPG1vsXqyzfTMzMxUREXFBu6+vb5Vn4jocjgvOOf/97N27t3r37q3i4mItXLhQ7733np599lmFhYUpKyvLOM/pdConJ6fO8O5sHecHn+fWYrVadfvtt+v2229Xdna2Zs6cqRUrVqhnz56aO3euJk+ebDzbeerUqUa/0NBQnThxosp1zx3n+tR87vmnTp0ywtMNGzZo8+bNeu655xQaGiq3260HHnigSt/zx/JS50xNY1/b/HC5XMrLy5PT6TTmcnZ2do2vUZfw8HC1a9fuorYfr875Y5CVlVXre3ix+vXrp/Xr16uoqKjK9tE1yc7ONs7Jzs42gti65mJISIixRff333+vqVOnKj4+3gjiS0tLLwiB6zM3ztWQPsc19QMAAAAAAAAAwBs12C2go6Oj1aZNG7333nsqLCyU2+1WVlaW9uzZU6/rFRYWKioqSn5+fnI6nVq5cmWV9rNBRU1uvPFGffXVV0pJSTFWT55djVhUVKSYmBhZLBY5HA59/fXXNV6na9eu2rdvn3bu3Cm3262NGzcaWziffZ3ly5dr//79crvdKi0t1a5du1RQUFDnPdZnzOoal9r06tVLa9euNVYgL1++vMoW0AMHDtSiRYuM4NzhcGjz5s0Xde0BAwboww8/VGZmptxut9LT043Vji1atNDOnTuNa567Wro6J0+e1L59++R0OuXj4yN/f39j1en111+vVatW6dixY6qoqNDHH3+sRo0aqU2bNpKkRYsWadq0adVeNyIiQiaTSWlpaZKkgwcPat++fUZ7SkqK0tPT5Xa7FRgYKB8fH5nNZhUXF8tmsxnb0B4+fLhKv65duyo1NdUIgdPS0qpsLVxXzdVZvny5Tp8+rdLSUi1evFhdu3aVzWZTYWGhgoODjaBs5cqVqqioqHU8L2XO1Db2tc2PmJgYRURE6OOPP5bT6dSxY8e0YcOGWuuqTbdu3XT06FH961//Unl5uZxOp44cOaKjR49eVP/zvx/qeg8vVq9evbRv3z4tX75cffr0qfP8JUuWqKysTDk5Ofriiy/Uq1cvSXXPxU2bNhnP5w4ODpbFYpHFYjG+M959910VFhbK6XQqNTVVbre7XnPjfA3hc1xbPwAAAAAAAAAAvFGDXQEsSePGjdPixYv19NNPq6SkROHh4fr1r39dr2vdcccdeuutt7Rt2zbZbDYlJycb4YNUuRLvjTfe0OjRo9WiRQtNnjy5Sv+OHTtq1KhRmj9/vk6dOqWgoCDdc889io2N1ejRozVv3jwFBAQoICBAnTt31qlTp6qto3Hjxho3bpzmz5+v/Px8JScnq0uXLrJaK9+KDh066KGHHtL8+fOVmZkpu92uNm3a6OGHH74sY1bXuNSme/fuysjI0JQpUxQWFqb27dtXWYU6bNgw2Ww2TZ8+Xbm5uQoKClJycrLxXNTa3HrrrTKZTJo6daocDoeaNm2q3//+95Kk++67T3PmzNGmTZsUEhKipKQkZWRk1Hit0tJSLViwQBkZGbJarYqLi9NDDz0kqTJszcnJ0YwZM+RwONS6dWs99dRTVVadxsfHV3tdm82mMWPGaM6cOQoKClJkZKTxDNmzfd955x3l5eXJx8dHSUlJGjx4sGw2mwYOHKiJEycqODhY0dHR6tChg9EvLCxMjz32mP76178qICBAERERSk5ONtrrqrk6ffv27B3SIgAAEjRJREFU1bRp05STk6OEhASNHTtWUuW8T0lJ0dNPP62AgAAlJydfsBXy+S5lztQ29rXND5PJpCeeeEJz587VihUrFBMTo969eys9Pb3W2moSFBSk559/XosWLdLixYvlcrnUvHlzjRgx4qL6V/f9UNt7eLECAgLUpUsX7dixQ927d6/1XJPJpISEBI0fP17l5eXq06ePBg4cKKnuubhv3z69//77Ki0tVUBAgIYPH27sOvD4449r4cKFevLJJ1VRUaG4uDg9//zz9Zob52sIn+Pa+gEAAAAAAAAA4I1M7nOXbMIjnn/+ed1yyy11BkC4stxutyZMmKA///nP8vPz83Q59TZu3Dg9+uijateunadL+UkWLlyo8vJyPfjgg54u5Wf1wQcfKD8/X7/73e88XQoAAAAAAAAAAGggLmZ34JqwD6YH7Ny5U8XFxXI6nVqzZo1++OEHJSYmerosnMdkMum11167qsPfq1laWprx3N8DBw5o3bp1XvdHEjk5OVq/fr0GDRrk6VIAAAAAAAAAAICXaNBbQHur3bt3a/bs2XK5XIqMjNSECRMUEBDg6bKABuWHH37QzJkzVVxcrNDQUN1555312ma5ofrHP/6hzz//XIMGDar1+c0AAAAAAAAAAACXgi2gAQAAAAAAAAAAAKABYQtoAAAAAAAAAAAAAAABMAAAAAAAAAAAAAB4CwJgAAAAAAAAAAAAAPASBMAAAAAAAAAAAAAA4CUIgAEAAAAAAAAAAADASxAAAwAAAAAAAAAAAICXIAAGAAAAAAAAAAAAAC9BAAwAAAAAAAAAAAAAXoIAGAAAAAAAAAAAAAC8BAEwAAAAAAAAAAAAAHgJAmAAAAAAAAAAAAAA8BIEwAAAAAAAAAAAAADgJQiAAQAAAAAAAAAAAMBLEAADAAAAAAAAAAAAgJcgAAYAAAAAAAAAAAAAL0EADAAAAAAAAAAAAABeggAYAAAAAADAy/324316bOmBevfv8eZW/W1Ter37f5d+Rp1nbFbo5PV6+v++17P/PKj7Pkj52a4PAAAA4D8IgAEAAAAAwM/u1/N2yvTUGr27OaPK8ZTMQpmeWqPAiWt/8mucKXXK9NQaHckp+cnXwuX1x5WHNLRDuHJf7KOXh7TRLR3D9cB1UZ4uCwAAAPBKBMAAAAAAAOCySGjir3mbTlY5Nm9Tujo08b+idZQ73VekD2p2OKdEHSMDjN97tgjWoPgwD1YEAAAAeC+rpwsAAAAAAADeaWiHcL2/NVN7MguVGBmg0gqXFm7P0MQb4zR5xUHjvFNnyvTEsjSt+T5XJpM0OD5MM26OV5h/5T9bzNpwXDPXH1ducbl8rGbdlxSp14a21Y1zd0iS+s3ZLqvFpN/2bKYJfWPVecZmDW4Xpk3HCvSDo0x/GtxKYf42Pb/8oA5kFclqNqlv6xC9OaydohrZJUlPLEvTyfwSWcwmpfxQqIFtwzTz5rZV7ievuEKhU9Zr+n+11rKUbBWVOxXdyEdv395ezYJ9JFWuSp745UEt25MtR2mFerYM1uzh7dQi1LfWe5Gk7ScdGv9Zmr5LP6Mwf6tGdYvWs/1byGI2qczp1u+X7tenKVkqrXAp1M+ml37TWvd0aVrt2M/blK6/rDminKJyDe0QIbNJCvL5zzqAQ6eLNf7zNG08mi+r2aRbOzXR9P9qI3973WsFTuSX6uElqdp63KEyp0uJkYGacXNbdY9tVO35187YrH2nCvXEsjRN+vKQ5t/dQZ/tzdaJvBItvKfjT74+AAAAgKoIgAEAAAAAwGVhs5g1smuU5m06qTduidfHu7PUKSpQbcP9qpx354I9CvWzat/TPeR0u3XvohT994cp+uKha3Ugq0jPfHFQO/7QTe2b+KuwzKmUzEJJ0uqxXRQ0aZ3W/i5JLcN8q1zz491Z+vqRZCPgXX8oT7OGxSupWZAcpU49+Pe9euSTfVo68hqjz6cp2Vr7uyRd3zK41vvaeDRf6x5JktVs0qQvD+nOBXv0zWPJkqT7F+9VmdOlTeOuU6i/TS+sOKTh7+3S1ie66fvsmu/ldFG5Bs3doQn9WmjlmC5KyyrSTe98J7vFrKf6xeq9LRnafLxA+5/uqRA/qzIdZcotrqi2vjXf52r8Z2laPrqzerUM1oc7MjXy76ka26OZJKmwzKn+b23XA9dF6cN7E1VU7tTdC/fo2X9+r1nD4ut8X11ut8b2aKZ/3B8mm8Ws6f86quHv7dLB53rJz3ZhgPzd+G5KfHWTJg1sqbs7VwbWn+3N/tmuDwAAAKAq/q8ZAAAAAABcNg93j9ai7ZkqqXDp7W9Pakz3ZlXaD50u1rpDeXpjWLxC/Kxq7G/Ta0Pb6p/7TiujoEw2i1lut1vbTzqUX1KhALtF3S5iJejobtFG+CtJfVqFqHtsI9ksJoX5W/XHX8Vp9fe5Vfrc2Ca0zvBXkp7s20JWs0mS9Ez/Fvr30XwdyCrSifxSLd2TpTm3tlfTILvsFpP+/OtWSssu1p7MM7Xey7I92Qrxs+rZ/i1kt5jUMTJAT/WL1d9+3ELbx2pSfkmFdqY7VOZ0KzLIroQattL+3y0Zui8pUr3jgmU2SfcmRVZZPbt0T5ZsFrP+NLiV/GxmNfa36c+/bq2F2zPrvHdJig3x1bDECAXYLbJbTJo8sKUKy5xKPVV4Uf09fX0AAADA27ECGAAAAAAAXDatG/upc3SQpq4+opTMQt3aKUJfHcgx2o/nl8pqNik25D8reFv/uEL4eF6JusU20uL7EvXXb05ozD9S1SkyUJMGxummhMa1vu7ZLZnPSj1VpMlfHtTO9DMqrXDJ7ZYcpU6VVrjkYzVX26cm5wbLQT4WBdotOpFfKpvFJJOkQW/vqHK+v92sjIIyXdMusMZ7OZ5folaN/WQynTN24X46nlcqSbovKVKnzpRr/GdpSssu1oA2oZp+Uxu1ryYEPpFfoiEJ4VWOtWn8n1XXh3NKlOkoVfuXvzWOudxumU2VW1gH+lhqvX9HqVPP/fOgVqXlqLDMKYvJpMIyp7LOlNc5dhfjcl8fAAAA8HYEwAAAAAAA4LIa06OZ7l64R3/oE2OErWfFBPuowuXWifxSNf8xgD10uriy7cdQeFhihIYlRqi0wqX3tmbo1vd3Kft/+shyblp6nvObRizcoyEdwrVgREf52czamX5GXWZulruWPjX5PrtYrX8MVH9wlOlMmVPNg33k++P2xF8/kqyIQFu1fWu6l5hgXx3JKaly7qHTxYoJqRwTi9mkp/rF6ql+scotrtCEz9M06qO9+vdj113wGs2DfZXpKKtyLNNRpjY+lf8M1CLUVy1D/bRnQveLu+HzTP7ykNKyi7Th0WSFB1TeZ+jk9XJXGc36u9zXBwAAALwdW0ADAAAAAIDLanhihFaO6aznBrS8oK1VYz/1iQvR+M/SlF9SoZyiCk34/Hv9pl1jRTWy60BWkb46kKOSH1fqRgTYZZJkMZnkbzerkY9F+7OK6qwht7hcHZsGyM9mVoXLrRnrjtX7fl5cdVg/OMpUVObS+M/T1CO2keIj/BUb4qtbOoZr9JJUY+VubnGFPvrulCpc7lrv5ZbEcJ0uKter646pzOlW6qkivbL2mB7qFi1JWnswV9+ln5HT5VaQj0XBvlZjG+rzPXBdpBZsy9TJ/MoathwvqLLd9bCOEXKUVuiPKw/LUeqU2y0dyyvR/9XyXN7zx7JlqK8Rzs799qTySqp/HnF9XO7rAwAAAN6OFcAAAAAAAOCysllMGtg2rMb2v/93ov7wWZrip2+USSb9Kj5MM25uK0kqqXBp8opD2neqUGaTSS1DffXxA9fI3175N+3Tb2qjUR/tVVGZS0/0idELg+KqfY25t7fXk5+ladaG47JbzLq7S1MtuMhn3p5v5HVRuuH/bdOpM2Xq2SJYS+7vZLTNH9FRf/rqsPrN2aZTZ8rV2N+mvq1DdFuniFrvxd9u1soxXTT+swP686rDCvWz6cGuURrfN1aSlF5Qpkc+2a8T+aXysZiV1DxI8+5IqLa+gW3D9MdfxWnwvJ2KCLQpNsRXd1zTxGhv5GvRv36bpGf/eVDtpm9U4Y8rmEd2jdaQDnXf/wuD4vTA4r1KmrlZAXaLhnQIV2zIxW2ffTEu9/UBAAAAb2dyu93snwMAAAAAAFCHvOIKhU5Zr+OTrje2qwYAAACAy6GgoKDefdkCGgAAAAAAAAAAAAC8BAEwAAAAAAAAAAAAAHgJtoAGAAAAAAAAAAAAgAaELaABAAAAAAAAAAAAAATAAAAAAAAAAAAAAOAtrJ4uQJLWrv3K0yUAAAAAAACggevXb5CnSwAAAAAavAbxDOCiIoenSwAAAAAAAEAD5+8f5OkSAAAAgCuCZwADAAAAAAAAAAAAAAiAAQAAAAAAAAAAAMBbEAADAAAAAAAAAAAAgJcgAAYAAAAAAAAAAAAAL0EADAAAAAAAAAAAAABeggAYAAAAAAAAAAAAALwEATAAAAAAAAAAAAAAeAkCYAAAAAAAAAAAAADwEgTAAAAAAAAAAAAAAOAlCIABAAAAAAAAAAAAwEsQAAMAAAAAAAAAAACAlyAABgAAAAAAAAAAAAAvQQAMAAAAAAAAAAAAAF6CABgAAAAAAAAAAAAAvITV0wXUx9dfb9DEiZON300mkwIDA9WuXbx++9sxio+Pv+C8Dz5YoObNm0uSZs58Q0uXfqpmzZrpww8XXvkbAAAAAAAAAAAAAIDL4KpfATxw4I266ab/kt1u19at2/TMM897uiQAAAAAAAAAAAAA8IirPgAeNWqknn56gh588AFJ0unTp1VQUODhqgAAAAAAAAAAAADgyrsqt4A+17vvvidfX19t3PitJKl7925q1KiRh6sCAAAAAAAAAAAAgCvvqg+AV61abfxsNpt17bXXeLAaAAAAAAAAAAAAAPCcq34L6A8+WKC1a1fr1Vdflsvl0ttv/81YDWy1/iffLisrN34uLy//sd1yZYsFAAAAAAAAAAAAgMvoqg+ApcqVv4mJHWU2V97O0aPHJElRUVHGOXv27JEkVVRUaO/evRe0AwAAAAAAAAAAAMDV7qrfAvrsM4D37k2Vy+WSyWRSp06JkqSWLVsoKamLtm/foZkz39CXX65QdvZpZWZmSpKGDx/mydIBAAAAAAAAAAAA4Gd11QfAZ58B3KhRkDp27KC77rpTHTt2MNpffPF/9O67/6sNG/6t1NR9stlsSkzsqLvuulM9e/bwVNkAAAAAAAAAAAAA8LMzud1ut6eLKCpyeLoEAAAAAAAANHD+/kGeLgEAAAC4IgoKCurd1yueAQwAAAAAAAAAAAAAIAAGAAAAAAAAAAAAAK9BAAwAAAAAAAAAAAAAXoIAGAAAAAAAAAAAAAC8BAEwAAAAAAAAAAAAAHgJAmAAAAAAAAAAAAAA8BIEwAAAAAAAAAAAAADgJQiAAQAAAAAAAAAAAMBLEAADAAAAAAAAAAAAgJcgAAYAAAAAAAAAAAAAL0EADAAAAAAAAAAAAABeggAYAAAAAAAAAAAAALwEATAAAAAAAAAAAAAAeAkCYAAAAAAAAAAAAADwEgTAAAAAAAAAAAAAAOAlrJ4uQJI2b/7W0yUAAAAAAACggevXb5CnSwAAAAAaPJPb7XZ7uggAAAAAAAAAAAAAQKWCgoJ692ULaAAAAAAAAAAAAADwEgTAAAAAAAAAAAAAAOAlCIABAAAAAAAAAAAAwEsQAAMAAAAAAAAAAACAlyAABgAAAAAAAAAAAAAvYfV0AQAAAAAAAAAAAACAmj3wwAM1tr3//vtVfmcFMAAAAAAAAAAAAAA0YOeHvLUdJwAGAAAAAAAAAAAAgAbu/LC3plCYABgAAAAAAAAAAAAArgJnQ9+awl9JMrndbveVKuiX7MSJE/rmm2+Un5/v6VIAAAAAAAA8Kjg4WL169VJMTIynSwEAAAAapIKCgnr3tf6MdaAWhw8f1nXXJcnX11cmk8nT5QAAAAAAAHiE2+1WRUWFjhw5QgAMAAAAXAYEwFdIUVGRQkJCZLfbZTaz8zYAAAAAAPhlcrlcKisrU1FRkadLAQAAALwSAfAVZLfb5ePjQwAMAAAAAAB+sVwul6dLAAAAALyaVwXAS5Yskclk0u233+7pUqplNptlNpvZAhoAAAAAAPxinf33EQAAAACXh9cEwEuWLNH27duN3xtqCAwAAAAAAOCtHI5C5ebmqqSkRKGhoQoJCZHNZvF0WQAAAMAvyv8HChcX1s/9jMQAAAAASUVORK5CYII=' height='250' width='300'/> ]]>
  </system-out>
</testsuite> <!-- com.tribu.qaselenium.tests.apimazaprendo.MACreateF2FCourseTests -->
