<?xml version="1.0" encoding="UTF-8"?>
<!-- Generated by org.testng.reporters.JUnitReportReporter -->
<testsuite hostname="station" failures="0" tests="1" name="com.tribu.qaselenium.tests.mazaprendo.MAAssingCourseTests" time="29.873" errors="0" timestamp="2021-12-22T14:07:09 COT" skipped="0">
  <testcase classname="com.tribu.qaselenium.tests.mazaprendo.MAAssingCourseTests" name="assingCourse" time="29.873"/>
  <system-out>
    <![CDATA[ <img src='data:image/png;base64,iVBORw0KGgoAAAANSUhEUgAAB4AAAAOiCAYAAACRicroAAAAAXNSR0IArs4c6QAAIABJREFUeJzs3XlcVOXix/HvCAiICqgpoJagWQnqLXLX3M1S61oaZtpiib8sNb25VZqaLS6V+01Rsyj31JtY10AtE1wxc0GzhCwVlxRQNgXh9wevOZdhGYZFQPq8Xy9fMWfOec4z58xZmu95nsfk6uqaKeAWa9++fVlXAWVg165dZV0FAAAAAAAAAACAv5VKZV0BAAAAAAAAAAAAAEDJIAAGAAAAAAAAAAAAgAqCABgAAAAAAAAAAAAAKggCYAAAAAAAAAAAAACoIAiAAQAAAAAAAAAAAKCCIAAGAAAAAAAAAAAAgAqCABgAAAAAAAAAAAAAKgj7sq4A/h4yMzPLugoAAAAAAAAAAABAhUcAjFJBAAwAAAAAAAAAAADcegTAKBW2BMCDBg3SM888UyLr+/LLL/XFF1+USFkoe++8844yMzM1efLksq5Kheft7a2nnnpKrVu3liTt2bNHa9euVUxMTBnXDAAAAAAAAAAA2KJYAbCLi4tatmypBg0ayNvbW5IUExOj33//Xfv27VNSUlKJVBK3P1sC4JIKf81lBQcHl1h5KDve3t7y8/Mz/iaIvHX8/Pz0zjvvWExr3bq1WrdurUmTJuno0aNlVDMAAAAAAAAAAGCrIgfAAQEB6t27t6pWrWoxvWnTppKkxMREhYSEaM2aNcWrISoEWwLgpKQkubi4lMj6kpKS6Ha6gujdu7fF3/Pnzy/D2lRsr776qtX3/u///q8UawMAAAAAAAAAAIqi0AGwi4uLxo8fbwS9+alataoGDBggX19fzZgxg9bAf3O2hLGzZs3SE088USLr27BhAwFwBeDi4qIuXboYr7t06aLly5dzPrkFvL29VadOnXzfr1OnDi2wAQAAAAAAAAC4DRQ6AJ4wYYLRHWtOMTExWrNmjV599VWjZXDTpk01fvx4xu78m7MljA0PD1d4eHgp1Aa3i86dO+c5LSQkpAxqU7HZ0vq+pFroAwAAAAAAAACAW6dSYWYOCAiwGv5OmjRJe/fuzRX2Nm3aVAEBATatY+DAgYqPj7f4d+bMGW3fvl2PPPJIYap726tdu7bi4+P15ZdfFnrZjz/+WPHx8UZL7fvvv1/PP/+88f7+/ft1+vTpEqtrQTIzM8vtv5EjRyo0NFSbNm2Svb291XkHDx6s0NBQPfjgg4VeT8eOHRUaGqq+ffvaNP+oUaMUGhoqHx+fAuetXr26Bg8eLDs7uzLfntn/FVf27p+tTSuKjz76SPHx8Tp9+rQcHR1zvT9y5Eg1bNiwwHJq1Kih+Pj42767+wYNGhQ4zx133FHksjdv3qz4+Hi9//77Fu/df//92r59u86fP69Dhw5Z9AJQo0YNrVy5UmfOnFF0dLSmTJlivGcymTRt2jT99ttvio2NVXBwsNzc3Iz3BwwYoEOHDunChQvavn27xbXrVq3T2ucEAAAAAAAAAKC02NwC2MXFJd/gxRz+WuuWtXfv3goJCbG569YdO3Zo+/btkqRatWrpueeeU3BwsNq2bauTJ0/aWu1yxWQylVq3xMuWLVNYWJgR8o4dO1ZeXl5asWKFJOn111/PM/T6u7G3t1fHjh21d+9etWrVSm3bttUPP/xwS9Z15MgRvf3224qOjrZp/q+//lr79+/X+fPnC5y3W7duevbZZ7V27Vqlp6cXt6ql+l2tXbt2vmPP5tUlcZ06dTRt2rQ851+wYIEuXrxY4DodHBzUt29ffffdd+rRo4ceeeQRbdq0yXi/WbNmmjZtmn755RedOnXKalnXrl3TM888owsXLhS43vLs999/L3CeS5cuFbrcVq1aaePGjXmW7+joqFWrVikjI0NTp05VQECAgoKCdPjwYf3222+aO3euevTooRkzZujee+/Va6+9plOnTik4OFiBgYEaOXKkvvzyS509e1Zjx45VcnKyhg0bJj8/P/373//W3r17tWTJEv3rX//SF198IX9/f9nb29+SdVr7nAAAAAAAAAAAlCabA+CWLVsa3Tpnt337dosxOb29vfMMZ6pWraqWLVtqx44dNq1v7969mj9/vvH6+vXrGjdunPz9/XXy5EnVqlVLH3zwgTp16iQHBwetW7dO48eP182bN3XPPfdo4cKF8vX1VWRkpHbv3q2xY8dq4MCB+uabb3To0CGlpaXpq6++0muvvaYHHnhAN27cyLe8OnXqaNasWerQoYMcHR11+PBhTZw4UT/99JMkacyYMRoyZIhq1qypX375RRMmTNCePXtUr149HT16VJ9//rk8PT3l7e2tBx98MNdnzW95W/bJO++8Iz8/P6Wlpen777/XmDFjdOXKFb344ot64YUX1KFDBy1fvlx33323JCk+Pl6NGzfW7NmzVbt2bd11113GfnvvvffUsmVLSdK+ffv05ptv2hxWFsSWMLFOnTp6+OGHS2R9W7dutSmQa9mypapXr67g4GB5enqqW7du+v77743377zzTo0dO1YNGzZUVFSU/vjjD0n/a9H8xRdfKD09XRs3btQLL7ygtLQ0ffzxx/Ly8tLgwYOVnJysGTNm6NChQ2ratKneeustLVq0SF999ZXGjh2rnj176s0339TQoUPl4eGhAwcO6P3331dqaqr69OmjPn36KDAwUKdOnVLPnj01YMAAeXh4KCEhQaGhoVq+fLlGjhypPn36SJJCQkI0ffp0Pfjgg+rZs6dmzZql//u//9OCBQsUFhamgQMHqk+fPnJ1ddUff/yhBQsW6OjRo6pdu7ZWrVqlb775RrVq1ZKXl5eee+65EtkXBXFxcSlwTPGc8pvf1i6Ke/ToIXd3d82cOVMNGjRQQECAEQA/8cQTWr58uSRpzZo1+vTTTzV69Oh8j9Nq1arpyy+/1NatWxUQECCTyaTAwEC9+OKLqlevns6cOaPly5frk08+kaQCzydlxZaHc4oy9nKVKlU0fPhwnTlzRmFhYRbvtWvXTh4eHpo8ebL+/e9/6/jx49q0aZP69u2rBQsW6JFHHtH27ds1a9YsOTk56bHHHlO/fv0UHBysfv366erVqxoxYoQyMjL00EMP6bHHHtOrr76qJ598UiaTydiuNWrU0Ouvv66WLVvK2dn5lqzT2ucEAAAAAAAAAKA02RwAe3t755q2fft2i5DWHP7mFRSb37c1AHZ1ddWdd94pKasFcM+ePSVJUVFRkqSlS5eqTZs2GjRokFxcXLR8+XLFxMRo4cKFCgoKMsYejouL06xZsyRJN27ckCSlpaXJ09NTLVu21IQJE5SQkKAvv/wy3/KmTZumbt266bnnntO1a9f04YcfatasWerWrZv69u2ryZMnKzg4WCtXrlRwcLA+++wz3XPPPcb6HnvsMW3cuFGrVq3K9TmtLV+QTz/9VFeuXNETTzyhmjVratGiRRo9erQmTZpkMd8LL7yg7du36/fff9fw4cN15coVi/ednZ319ddfq2rVqpowYYJMJpNmzpypDRs2qHXr1kpNTbVpn1ljSwD88ccf59nisygefvhhDRw4sMD5unfvrgsXLigqKkrbt2/XoEGDVK1aNV29elWSNHHiRDVq1Ejz5s1TUlKSRo4cKel/AXB6erpq166tO++8U4sWLdL48eM1duxY7dy5U3PnztXEiRM1fPhwDR061NgG5mXT0tIkZXVV++9//1u9e/dWhw4d9Oijj+qrr74y6piZmSlPT0+9/vrrCgsL03vvvSd/f38NHDhQJ06c0KpVq9SwYUM1adJEY8aMUXR0tJo3by4p6/u1bNkynThxQh07dtSLL76ob7/9Vv/97381depUvf322+rXr5/xXX3ooYe0Y8cObd26tdRaAMfExGjevHnGti2qefPmKSYmxqZ5AwIC9Mcff+jAgQP66quv9Prrr6tGjRq6cuWKduzYoaVLl+qll17SW2+9pc2bNxfqOH3ppZc0Y8YMrVu3Tm+88YYGDRqkDz74QKmpqVqxYoXV80lZiomJ0YULF/I9Bi9cuGDz9s3OfM7P6+GXRo0aSZLRU4G5/MaNG8vb21v29vbGe6mpqTp//rwaN25sLHv27FllZGQYy7Zu3Vr169c3uu7Oq1xzzwclvU5rnxMAAAAAAAAAgNJU5AD46NGjFuGvi4uL1fA3rzKsefnll/Xyyy8bry9fvqyxY8fq559/Vp06ddSpUyeFhoYqNDRUkjR8+HANGjRIX331lZo1a2Z0/SlJHTp00LPPPmsRaFWtWlUvv/yyEXjkV97ChQvl7OwsZ2dntWrVStu3b1eXLl10/fp1SVJoaKgaN26s+Ph43bhxQ/v27dOjjz5qMVbmpUuXNHr06Dw/py3L56dKlSpydHRU8+bNFRERIW9v7zxDu6NHjyozM1PJyck6cOBArvd79Oih+vXr68MPPzTGMb3//vs1bNgwtW/fvkRas9naArikeHh4FLjOqlWrqnXr1tq6datq1aqlw4cPy97eXp07d9amTZtUs2ZNNW7cWIcPH9Z//vMfSVLz5s2NrtDN5VeuXFlLlixRSkqKnnnmGdWrV09LlizRtWvX9PTTT+vOO+/MVZfsr9esWaN9+/YpISFBHTp0yHM/Vq5cWSaTSXfddZfq16+vbdu2WYwNbW6ZeeLECaWkpBjTV61aZXSlfunSJT355JO6du2a0tLSdOzYMbVr185iDNO4uDh99NFHtm3kErRjxw5dunRJ48ePt3oOyUtiYqJmzJiho0eP2jS/m5ubHn74Ya1atUpeXl7avXu3HBwc9MQTT2jp0qWKi4vTmTNnJEm//vqrTp8+rcuXL+d7nN68edOi/CFDhujGjRsaNWqUccz985//1ODBg7VixQqr55Oytm/fPqM1eV7vlTRzi23z5zf/t0qVKrnek7Ie4qlevbqxbPb3zH+7uLgY3yHzgw3Zy3Vycrol6wQAAAAAAAAAoLyoVNQFs/9Yfits2LBBzzzzjF577TVlZmbq1KlTCgoKkiR5enpKkjp37qyzZ8/q7Nmz8vf311133WUEp+fOnTPKMoc52SUmJhpdBFsrT5ImTJigHTt2aPTo0frmm2/066+/atSoUZKyughevny5fvvtN128eNFoqezg4GCsy9oYorYsn59nnnlGly5d0syZM7Vr1y79/PPP6ty5c4HL5VSvXj1J0p9//mlMM2+/unXrFrq8vJhbvVr7d+jQoRJZlyQdOnSowPWZu/vu3bu31q5dawSf3bt3V2ZmphGMXr582VjGPL5s9nKSkpKUnJxs/H3jxg1dvXrVeO3g4GDMm3NZSTp//rwyMzN17do1Scpz/ujoaM2ZM0e1atXSG2+8oVWrVmnhwoWqXbu21bL//PNP43WdOnU0adIkbdy4Ud99953atGkjSbKzs8tz/pL4VxhHjx7V5MmTlZiYaPMyiYmJmjx5ss3hryT985//lKOjo55//nlFRUXp66+/lpTVEjs/hTlO69WrpytXrig5OVlSVrfrKSkp8vLykmT9fFLWQkJCivReUZkfXDCHsub/JiUl5XpPyhoz2Dw9KSnJ4j3z34mJicZ3yNza11q5JbVOAAAAAAAAAADKC5tbAMfExMjPz8947ePjo2nTpmny5MnGD+eTJ0+22gq4MN2Hnjx5Ulu2bJGUNU5k//79NXDgQK1cudIIJ3/88UeNGTPGYjlzi6/srUnNXUlnl73VnrXyzO8/+eSTqlKlih588EG9+eabmjp1qlavXq1Zs2apXbt26tSpkw4dOqRNmzapU6dO+a4rJ1uWz09ERITatGmjO+64Q+3atdPMmTM1c+ZMtWjRwqblzcwBefawt379+pJkjHlbGl577TX94x//KJGybAmTe/Toofj4eM2YMcOY1qVLF3Xv3l1169ZVQkKCJKlmzZrG+x4eHiVSv6LYtGmTNm3apLp166pt27YaPny4nnnmGastds1d1UpZ27d58+YKDAzUyZMnNXv27Fzd1WafvyzExMQUeB4xM4e/he2WeMCAAfrrr7/0yiuvGNOefPJJPfXUU/Lx8clz3OvCHKdnzpxRw4YN5ezsrJSUFNWsWVPOzs46cuSIJOvnE1vGrb6VLl68qKNHj1qc66WscN788ENJOnnypKT/9Q7h4+MjSTp+/LhiYmKUlpZmTHNxcZGHh4d27twpSfrll1/UtGlT2dvbKz09XQ0bNlRSUpL++OMPo1wfHx9dvnzZ6BL6+PHjxoNLJb1OAAAAAAAAAADKi0IFwDnlDIELCm+KMn6kJE2ZMkW9e/fW1KlTtWXLFl28eFE//vijWrVqpebNmyslJUUTJ05UeHi43nzzTZ04cUKtW7dWYGCgEhMTjS5781NQed99952qVKmi119/XQkJCbpy5YrS0tJ0/fp1ValSRVJWq7+mTZvK19dXktSyZUvt3r27wM9W1OU9PDwUERGh7du3a8GCBbp48aKSk5ONlmo5paSkqEGDBurVq5d++OEHi/dCQ0P1559/asiQITp27JicnZ0VEBCgX375Rbt27SrwM9jC1tagP/30U4msryCenp5q2rSptm7dqoiICGN6UlKSunfvru7du+vTTz/VqVOn5Ofnp8cee0wpKSlq3769JOVq4Wqti+ec8+e1rLXyMjMz1a5dO02aNEmffvqpDhw4YLQaTklJUWZmptEVbc+ePRUeHp7nes2tIWvXrq1GjRoZoZivr68OHz6cb91Lm63niapVqxb6nNKgQQO1bt1aq1ev1tatW43piYmJeuqppxQQEKD333/fGPe6d+/eOnv2rNXj9Mcff7RYx/LlyzVr1izNnj1b69at04svvihJWrZsmSRZPZ9URN7e3mrWrJkRqvr4+Ojxxx/X6dOnFR4erj///FPDhg1TWlqaAgICdOPGDW3YsEEpKSnavHmzHn/8cU2YMEFNmjSRvb29Vq5cKSmr6/TWrVtrwYIFOn/+vFq0aKEVK1bo5s2bWr9+vUaPHq13331XISEheuGFF/Trr7/qwIEDsre3vyXrtPY5S7J3AwAAAAAAAAAACmJzF9D79u3Ls5tLcwhsblVlDoFzSkxMLPIYkmfPntXChQt1xx136M0335QkDR06VN99950++ugjLV26VGfPntWCBQskScOGDVNUVJSmTZumfv36adWqVZKsB1vWyhs3bpwSEhK0bt06ffPNN/Lw8NAzzzyj+Ph4TZ06Vb///ruCgoLUuXNnPf300/rrr780Z84cOTs7F/jZirr8+fPnNWHCBPn6+uq///2vVq5cqd9++00vvfRSnvMvXrxYlStX1gcffKBatWpZvJecnKzHH39c+/fv18cff6x33nlH27Zt05NPPqm0tLQCP4MtSrJb4ZL41717d0nSnj17LKYfOXJEiYmJRjfQ06dP16lTp/TKK6+oW7du2rRpk6T/ddOc8/NZe53X9si5bfJ7HR4ervXr1+vJJ5/U4sWL9dprr+mbb77R8uXLlZmZqZCQECUkJOj5559XkyZN8ixryZIlio2N1aRJk+Tv76+JEycqPj5e//rXv1S5cuVbsq+Kwtvb2+ZxgAszrrgkPfXUU5KyQtjs9uzZo4SEBOP9LVu26LffflPfvn01cODAQh2nS5cu1cSJE9WyZUutXLlSjRo10qhRo4zxta2dT8qai4uLGjRokGt6gwYNitzlf8+ePfXZZ5/p7bffliQ9/PDD+uyzzxQYGKi0tDQ988wzio2N1eTJk1WlShU999xzOn36tCRpzJgx+uabbzRq1Ci1bdtW7777rtavXy9J+vTTTzVnzhw9/PDDGjp0qNatW2dcH06cOKHAwEDVqVNHb731lk6cOKGBAwcqMzPzlq3T2ucEAAAAAAAAAKA0mVxdXW1OaQICAvIdJzM6OtpoCezt7Z2rW9rVq1cbAcitZmdnJ09PT6Nr4/fee0/Dhw/XQw89ZNHSEaWnadOmZV0FlAFzt8eF0bt3b6PVbEGWLVt2S8amLYyaNWvq1KlT2rp1qwICAsq0LsXRuXNnBQQEWHSfn92FCxe0Zs0a7dixo5RrBgAAAAAAAAAACsPmLqClrO4v/fz8co0PKf2vJfCaNWs0YsQIi/eOHj1aauGvJG3cuFEPPfSQXnnlFWO8zdOnT+vEiROlVgdYsqU16JAhQzRkyJASWd/y5cu1fPnyEikLpSuv88vevXslSa1atco1b1kGwK6urho8eLAkKS4urszqUVS1a9fWU089pVatWhXY6rpOnToaOXKkhgwZor1792rt2rW3ZFxgAAAAAAAAAABQPIVqASxldRE6YcKEPEOavBw9elQffPBBvmPT3gr169fX7Nmz1aZNG2VkZOjgwYN68803dfz48VKrAyyZx0y1JvvYtSWhXbt2JVoeCu/YsWOFXiY4ONgIIxMTE7V8+XKj1Wnnzp01ZMgQi/fNAWxZaNasmbZt26azZ8/queee088//1xmdSmsnNuysHLuGwAAAAAAAAAAUD4UOgA2CwgIUO/evfMNDxITExUSElKqLX9RftkSAG/durXIYVROiYmJevjhh0ukLBRdYQPg2rVra/HixZKyHh6ZP39+rlamtWvX1ogRI4yHUIYNG0ZL1ELKvp2Li+0PAAAAAAAAAED5UqguoLNbs2aNQkJC1LJlS3l7e8vb21uSFBMTo5iYGO3bt69UW/2ifLOlC+jp06eX2Biqa9assWmdKF+SkpK0d+9eHT16NN+unS9evKhJkyapd+/e8vPz4zxTREePHi3rKgAAAAAAAAAAgFugyC2AgcK47777yroKKAN0uw4AAAAAAAAAAFC6itwCGCgMWuMCAAAAAAAAAAAAtx4BMEoFATAAAAAAAAAAAABw6xEAo1QQAAMAAAAAAAAAAAC3HgEwSgUBMAAAAAAAAAAAAHDrEQCjVBAAAwAAAAAAAAAAALceATBKBQEwAAAAAAAAAAAAcOvZZw/mTCZTGVYFFRkBMAAAAAAAAAAAAFCy8srg7AuaASgJfLf+ntjvAAAAAAAAAAAApcuegAalge/Z3xP7HQAAAAAAAAAAoPSYTCaZMklobmvR0dHy8fEp62qgmNiPFQf7snxgPyA/fDfKP/ZR+cc+Kh1sZwAAAAAAyq99+/bJz8+vrKuRr0plXQEAAAAAAAAAAAAAQMkgAAYAAAAAAAAAAACACoIAGAAAAAAAAAAAAAAqCAJgAAAAAAAAAAAAAKggCIABAAAAAAAAAAAAoIIgAAYAAAAAAAAAAACACoIAGAAAAAAAAAAAAAAqCAJgAAAAAAAAAAAAAKggCIABAAAAAAAAAAAAoIKwL+sKACiezZs36+DBgxo5cqTc3d3Lujoogri4OM2cOTPXdHd3d40bN64MavT39fnnn+v48eNycnKSr6+v2rZtKy8vr7KuFspYSkqKtmzZoujoaOO70bVr17KuFqyIjIzU+vXrLab169dP/v7+ZVQjAAAAAAAAoPQUOgCOi4vL9YOat7e3unXrpujoaPn4+JRY5VB6zp07p4iICEki8LiNREZGGvstODhYI0eOLOMaoSji4uIKNR23Tv/+/bVkyRKdP39ekZGRioyMJDSCQkJCdPDgQeN1bGysMjMz1a1btzKsFazJ6/zJObV8SElJ0fHjx3Xu3DnFxsZKkjw9PeXl5aX77rtPzs7OZVxDAAAAAACA21+RAuDo6GiLaZmZmZKkoKAgfii/DcXFxSkoKEipqamSpGPHjtGa9DaQs3VTbGys1q9fr379+pVhrVAUPj4+8vDw0Pnz5y2mt23btoxq9Pfl7OyswMBAIwSWpPXr18vd3Z0HnP6m4uLiLMJfs4MHDxIAA4UUFham8PBw457TzPz/Fk5OTmrfvj0t7AEAAAAAQIVy5swZmUwmSVKVKlVKJX8r8TGA169fr8jIyJIuFrdQZGSkxQ9xqampOnbsWBnWCAXJq2tLSbpy5QrH321q1KhR8vb2Nl537dpVffr0KcMa/T2kpKTkmubs7Jxr24eEhJRWlVDO0EIfKL6UlBQFBQVp27ZtFvecbm5ucnNzM16npqYqLCxMQUFBeZ6fAQAAAAAAbkdnz57VmTNndObMmVwNwW6VWzIGsDmYoiXw7SGvJw3ofq/8yi/87devn5o0aaIlS5YYXSni9uLk5JTn37h1lixZov79++c6Xs6dO2fxOjY2VnFxcfSMAMMDDzxQ1lVAMezatUvXr183Xjs5Oaldu3ZlWKOKLTg4WDExMcZrb29v9e/f3zinxsXFad26dcY80dHR+uKLLzR06NAyqS8AAAAAAMDt7pYEwFLxQuCbN2/q66+/1s6dO3Xx4kU5OzurcePG6t+/v0ULuaJISEjQiRMn1KpVq2KV8/3332v79u2aNm1arvcOHTqk5cuXa968ecVaR2nx9/dXdHS00cXlAw88UOzw/vnnn8/VvZ8keXh4aM6cOVaX/fXXX2Vvb1/sfZ1TRESEmjVrpqpVq5ZouaXJWvhr3meBgYGaN2+eAgMDSySsSkpK0ujRo1WvXj1Nnjy52OXl5dKlS3r11Ve1cuVK2dnZlXj51o7XsjJlyhSL8CGnLVu2aMuWLRbT7rvvPj377LPFWu/KlSv13Xffafz48brvvvuKVVZesm/rRYsWqUaNGhowYECJr6eknD9/XkFBQRo6dKhFCJxzqANJJRYA7927V5s3b9bp06dVqVIl1a9fX7169VKbNm2KXfaGDRv0n//8Rz169FBCQkK52f55HeOZmZlavHixHBwc9Oyzz8rBwaGMa5m3vB7GMIdXkozrZ0pKinx9fYsUDK9bt06//vqr3njjDYvpe/bs0YoVK/TJJ58UrfKFdKvPxeVJzvOrJKsBcGpqqp577jl99NFHqlu3rtWy4+LiNHXqVCUlJWnGjBmqUaNGset7OwsLC7MIf93c3DR48GCLhw3d3d01ePBgzZs3T/Hx8ZKyjq2wsLBCd7V+q+9bbrf7fAAAAAAAcHtJT0/XtWvXiv1b9C0LgKWih8Bz587V77//rqFDh6px48a6fv26tm7dqsmTJ+v9999XvXr1ilynw4cP69CHw22VAAAgAElEQVShQ8UOgNu2basHH3ywWGWUJ/7+/kYAXFIttydMmKB//OMfhV5u+/btatSoUa4A2DzWtLmf9MJavXq1fHx8ChUAZ2RkqFKlEu8pvUhsCX+lrNbbgwcP1rp169StW7dij1v6/fffq2PHjoqMjFRsbKw8PT2LVV5OGRkZqlmzphYvXnzLAofyeLxaC3/zk9dDFYWRnp6uXbt2adCgQQoNDb0lAXB2zz//fKGPn9I+5hwdHZWamqqgoCD1799fcXFxioqKyjMALolW2Vu3btXKlSv13HPPqUWLFqpcubL279+vxYsXKzU1VZ07dy5W+eHh4XrppZfUoUMHJScnl+i2LM45OK9j/I8//lDHjh1v+fewuLy8vOTm5maEUpLUu3dvSdKxY8f0xRdfGNOjoqJ09uzZ27L79tI4F/9d/PLLL8rIyNCSJUsKdbyUp3uOkpKSkqLw8HCLae3atTPC33Xr1slkMqlfv35ydnaWv7+/tm3bZswbHh5uMb8tbvV9CwAAAAAAwK2Snp6u48ePy93dvXwFwL169coVUBR2/K7jx49r//79mj17ttHCwtHRUf3795eHh4fRQujSpUtavny5zp07J5PJJD8/Pw0ePFiOjo4aMWKEevXqpcjISF27dk0ODg4aM2aMzp07pxUrVujmzZuaPHmypk2bpri4OC1btkxnzpxRpUqV1KJFCz311FOys7PTJ598oqpVq+rSpUu6cuWKrl27psDAQDVp0kQRERFGK7erV69q4cKF+vPPP+Xm5pYraNq6dau2bt2qjIwMOTk5adCgQfLz8yvGlr79JSQkaNGiRYqNjVVGRobq1aunl19+Wd9//71+/PFHRUZG6uzZs+rZs6f+9a9/6amnntLGjRs1e/ZsTZgwQaNGjZKvr68kacWKFcrIyNCQIUOUlpam4OBgHThwQDdv3lS7du00ePBgffzxx7pw4YLeffddPf3009q3b5/q1q1rtODav3+/Vq9erQ8//FA7duzQnj175ODgoEuXLmnGjBk6dOiQvvzySyUnJ8vOzk59+/YtdlBTWJs3b841LWf4a+bl5SV3d3ejZWNxQuBt27Zp9OjRqlatmrZt26ZBgwZJki5cuKAxY8Zo0KBB2r9/v+Li4tS0aVMj9Ltw4YIWL16sCxcuKCMjQy1bttTzzz8vk8mkhQsXqnr16vr555/VpEkT9enTx6LV2Y4dOxQSEqKbN2+qevXqeuGFF+Tt7a3Lly9r1KhReumll/Tjjz8qLi5O3t7eevXVV2UymXT58mUFBQUpJiZGlStXVr9+/dSxY0eL41WSvv76a4WGhhrlv/jii7r77ruLvI1uF/v27dPdd9+tjh07at26dUpMTDQeiPjkk0/k7Oysv/76S7GxsapcubJeeOEFbdy4URcvXpSbm5vGjh0rR0dHLViwQC4uLrp06ZLi4+OVnp6uYcOGqWHDhhbrW7FihdECNS0tTUFBQTp27JgyMjJ011136eWXX5arq2uex1xp8fX11cGDB5Wamqrg4OBbuq7r169r1apVevbZZ9WlSxdjevv27eXm5iZ7+6xL8o0bN/TFF1/o8OHDyszMVJ06dfTSSy+pdu3a2rlzp3788UfdeeedOnXqlK5cuaJHHnlEjzzyiGbPnq3Y2FitXLlSf/75p+Lj443tbz7n/vnnn6pZs6bat2+vzZs3a8GCBQoNDVV4eLimTJkiKav13JAhQ7R06VKlpKTkOgenpaXle2zndw6+fPmyxTGe33WxoGO8rLRr185oMero6Gi0Fg8LC8s1b0REhLp161biQynkd910dXVVYGCg1euircfe66+/brGfoqKiFBwcbDxM0L17dz366KOSsh7W+vrrr43Qsk+fPuratWuJfubyLL97xJs3b2rFihVKTEzU6NGjNXnyZN28eTPfe9ac18NGjRpp586dqlu3rk6dOqX4+HgNGzZM4eHhOnPmjJKTkzV69GjVr19faWlpWrVqlfEA31133aWXXnpJ1apVs/p9KU1RUVG5/t/g/Pnz2rZtm+Li4ix6n/Hx8ZGPj49FAJyamqqoqKhCPZyY131LUlKShg0bpunTp6tBgwaSssbeGTdunJYsWaLRo0fnewwVdJ//d72nAAAAAAAAJcsc/iYnJ0vKuyFOtWrVVL16dZvKK5FmBvHx8YqJiVHdunXVsGFDi38FdZOX05EjR/JdrkOHDqpTp44kaf78+apfv77mzp2rWbNm6ezZs9q4caMkyc7OTocPH9aECRP0wQcfyNnZWaGhofL19VX37t3l7+9vBEHz589XrVq19PHHH+v999/XsWPHjB+e7OzsFBERoRdffFHvvPOOOnfurDVr1uSq19q1a2Vvb6+FCxdqypQp+vnnny0+z/r16/Xmm29qzpw5evrppzV79mxdu3atUNulJMXFxSkmJsbiX2xsrPF+bGxsrvdzjodZXN98842qVaumefPmaf78+brnnnt06NAhPf744/Lx8VFAQIDRJeiNGzd0/fp1LVu2rMBuFDdt2qRz585p7ty5mjNnjo4cOaLvvvtOo0aNkiS9+eabatu2rdUyKleurOPHj6tLly6aMWOG0tLSjH23cOFCvfzyy1qyZImuXr1aYtvDFs8++6zc3NyM1/mFv1JWa2Hzj6qFfQgju6ioKLm4uKh+/frq2LGjdu3apfT0dElSpUqVlJ6erhs3bhit8w8ePKi9e/dKkpYuXSofHx8tXLhQM2fOVEREhPbv3y9JcnBw0O7duzVhwgQNGTLEYp3Hjx9XcHCwxo0bpzlz5qhXr16aOXOm0tPTZWdnp7S0NCUkJGjSpEl699139fPPP+vYsWOSpAULFsjHx0effPKJJkyYoKVLl+rPP/+0KP/kyZPasGGD0UXxgw8+qCVLlhR5G5WVzZs3a+LEiXm2Cs9PaGiounbtKgcHB7Vu3Vo//PCD8Z6dnZ1++uknDR8+XLNmzVJmZqaCgoI0atQozZo1S/Hx8Tpw4ICkrH2/d+9eDR8+XO+99566dOmihQsXWl13SEiIYmNjNXfuXC1YsEA3b940ztk5j7nSVJgxP4OCgop1Lvztt9+UkpKiDh065HrPz89P9957ryRp48aNOnPmjGbNmqW5c+fK29tbCxYskJS1n44dO6YWLVpoypQpGjFihIKDg5WWlqbXX39dtWvX1ksvvaSBAwdalL9u3TrZ2dlp4cKFmjBhgnbs2GFTS8O8zsHWju38zsHZWbsuFnSMlxVzKCTJoqvw8+fP5zl/9mtqScnvulmQoh57iYmJmjlzpgYMGKC5c+fqrbfe0oYNG3TkyBFdv35dS5Ys0cSJEzVv3jxNmjRJBw4cUFpaWol/7vIqv3vEpk2bavDgwapXr57mzJmjGjVqWL1nzXk9tLOz0/Hjx9W1a1dNnz5drVq10qxZs/T4449r+vTp8vPz07fffitJ+s9//qOTJ0/qgw8+0Jw5c+Tm5qZly5ZJKvr3paTldc6MjIxUWFiYIiMjJf0v/M1v/sKcd/O7b3FxcVHLli21Y8cOY96IiAg9+OCDcnFxsVqmtfv8inJPAQAAAAAAylbO8Dc5OVlnzpzJ9e/s2bM2l1kiLYDj4uKs/thRmBaISUlJBTZrvnr1qn755ReNHj1aUtaPZ506ddKWLVuMsQ7btm1rdGHo7e2tS5cu5Srn2rVrOnbsmNGyyNHRUV27dtUPP/ygHj16SJL+8Y9/GGl6gwYNtHXr1lzlHDlyRAMGDJDJZFLlypXVqVMn44e9ffv2qUWLFqpZs6YkqXnz5qpatapOnDihFi1a2LRNSkpKSoq++OKLPLs2zS4kJCTP6Z6enho6dKjNrZpmzpyZ6wmFAQMGqE+fPqpZs6b27t2rgwcPytfXV3379s2zDPPyHTp0sKn11549e/TEE0/IwcFBDg4Omjp1qtGqrjBcXFyMcRwdHBy0aNEi43Pfd999srOz08WLF21+0qIk+Pj4aOTIkQoJCVF8fLyaNGmS53zZu4p2c3OzCC4KKywszGip6OrqqkaNGmnfvn0WIbo5zHJyclLz5s117NgxtWnTRmPHjjX2WbVq1eTj42OEIiaTSU2aNFGtWrVyrXP37t1q1aqV8bBHq1at9Nlnn+mXX34xHgx56KGHJGV1d+3h4aFLly7p2rVrioqK0qhRo2QymVS3bl0tWrRIVapU0alTp4zy7777bmO6lHWMb9q0qcjbqDTFxsYqKipKkZGRioqKkpS1v93c3AocIzE2NlaXLl1S06ZNJUldu3Y1AnazZs2aGd/zunXrytXVVY6OjpKyQq/Lly8b895///1G6+HWrVvr008/VUJCQr7rf+yxx/TII48Yx6Ofn5/xGSTLY640eXl5qV+/fjYF6eauonOOF2yrxMREubi4qHLlylbn27t3r3Eek6Tu3btr06ZNSkpKkiTdcccdRljs7e2tmzdvKi4uTrVr1863zCNHjmjgwIEymUxycXFRu3btFBoaWmCd8zoHWzu28zsHZ/9uWLsumlvN5XWMl6W4uLgyXb8km6+bORX12Dty5IhcXV3VvHlzY/3+/v6KjIyUn5+fXF1dFRYWps6dO8vLy0vjx48vgU95e7HlHrGge9a8roceHh668847JWWdi728vIxujOvWrauffvpJUtbx9vjjjxvd0z/66KMaNWqUbt68WeTvS0kr6GGIBx54wOiNJSUlRREREYUuIztr9y2dOnXSnDlzNGjQIDk4OCgiIsLo1cQaa/f5t/M9BQAAAAAAKB9yhr8l5ZaOAVwU1atX18mTJ63OY/4hOXv4Vr16dYvx+bKHlCaTSRkZGbnKMc8/adIkY5q5+7a8yqlUqVKe5Vy7ds1iXNlq1apZ1DVnUJCzrqUlPDy8wPDXmtjYWIWFhdk8tuG4cePyHQO4R48eMplM2rx5s+bMmaNmzZrphRdeMAKBnGwNWuPj4y22v/kHuZs3b9q0vFnOLhJ37Nih3bt3G2NgpqenG3+XJmdnZ/Xv31/Hjh3TkiVL1KdPH4uHK3KOE1xQKGjNtWvXtG/fPh08eFCfffaZpKzxCZOTky0C4Jzb2xzUHDt2TCEhIUpJSZHJZFJsbKzFWJ/57dP4+HgdPnxYhw8fNqZdv35d8fHxRgCc13FpPqay1yf732apqalavXq1fvvtN0lZ3e2Wxb4sivy6KbbluA4NDVV8fLxeeOEFi/KOHz9u7JfsY9xWqlQp1+vs57+8jrPExMR813/+/HmtXbtWly5dkslkstifUu5jrjT5+/vL3d1dmzdvzrdFp1lxQmBXV1clJSUpNTXV6njCCQkJFseHeVubr305r2+S8rw2ZZfzOmUtLM5L9vpYO7bzOwdnZ8t10ZZrb2nJ3jOIJIt6Ojo65jmed2HHi87vPsXc84FU+OumWVGPvZzfQynru3j58mWZTCZNmTJFmzdv1vTp01WpUiX17dv3b9UFtGTb99SWe9ac29nWc3F8fLyCg4O1evVqi2Xj4+OL/H0pTY6OjsZ42uaHFIvzsEVB9y1NmzaVk5OTDhw4IE9PTyUmJuZ7n5qz3Pzu82/newoAAAAAAFB+5PUbY3GVuwC4efPmWrt2raKjo3O1Gt60aZO8vb2N6fHx8cYPWVevXi30gMjm7oQ/+OCDPIMiW1WtWtUi+Mj+45Wbm1uusLcodS0J5pDIw8MjV4h77tw5Y3zDXr165fpx3hyMlGS3lt27d1f37t2VkpKiZcuW6fPPPzdayOSUvfVvzm5LU1JSjFaKrq6uFi3NEhISdPPmzVw/cFeqVMniBzprT1ZERkZqw4YNev/991W7dm1lZmZq8ODBtn/QW8DX11c+Pj4KDg6Wl5eXevfunSv8lYrX/fOOHTvUpk0bvfLKK8a0jIwMDRs2TLGxsUZrsoSEBKPl0rVr11S9enVdu3ZNs2bN0pgxY4yx8t59912L8vNr0V2jRg099NBDubqGlmT1wQnzPs5+Xrhw4YLFj7ZSVle4f/zxhyZPniwnJyedPHlSU6dOtbotSov5/JaSkqLo6OgCw0hbpaWl6YcfftCHH35otKyWsroIDQsLswjmbZX9ODN3aW/tQY358+fL19dXr732mkwmkzZu3Kjjx48Xer23io+Pj0aNGqW4uDjFxcUZgcuSJUtyXXyLGgI3bNhQVapU0bZt2yxaXkvSwYMHdfbsWfXp00dubm4W29fc3by7u7tiYmKK9PlcXFwsznPZW9TmdU7NyXy8FnRs53cOzq48XRet2bVrlyIiInIFUnFxcUpJSZGzs7N8fHxyfY+zjxFsq5o1a+rcuXPKzMy0ODf+8ccfFmF9ftdNa9fFoh57Ob+HkuV+8vT0VGBgoCTpxIkTeu+993TPPfeoXr16hfrsxTFlyhSL49PJyUlvv/12qa3fFuahG6zdsxZ1fGt3d3f169dPrVq1yvP9wtxn3Sqenp75nre8vLyMEH3dunX5Psxkbv1ckILuWzw9PdWxY0eFh4fLy8tL7du3Nx6wsHYMWbvPL8/3FAAAAAAA4PZgb2+vJk2aKCoqqtCNGa0pkTGAS1KjRo3UoUMHzZw5U/v371dSUpLi4uK0atUqbd68WR4eHqpWrZruu+8+o6u9tLQ0bd++XS1btiywfHt7e6MbTRcXF/n5+Wnz5s2SpMzMTG3atEk7d+4sVJ2bNGmiH3/8UZmZmUpJSbEYV7NVq1Y6cOCA0XXqwYMHlZycXKTApaSYf7TO/i/7j9VeXl653re122dbffLJJ0aLKmdnZyNYlSz3UV5q1qxpjOuakJBgMRZby5YtFRoaquvXr+v69euaMWOG9u7dq0qVKslkMhnl1qpVS2fOnJGU1To4ry4Hza5evSpXV1fdcccdyszM1IYNG2QymZSamlq8jVBMzs7OCgwMlJubm+bOnZtnF7Zbtmwp1BixZpmZmQoLC8s1XnKlSpXUokULi9Zw27dvl5QVDB06dEh+fn5KTk7WzZs31bBhQ0lZIfrp06dt2matW7fWnj17jIDq4sWL+uijjwp8AqZ69eq65557tGXLFmVmZurChQsaP368/vrrL4v5rl69Ki8vLzk5OSklJUXffvutbt68WeZjVw4dOlSBgYHq1q2b+vTpo1GjRuXZms7DwyPXtIJaG+7evVt16tSxCH8lqU2bNtq3b5/Vlrv5+fnnn43z2s6dO3XnnXdafZDm6tWr8vHxMVqM7t69u8yPoby4u7sb50QvLy8FBgYaIUB25hC4MGNTOjg4aPDgwVq1apW2bNliBIk//PCD5s+fbwR9rVq10rZt24zv5NatW+Xn51es8/A999yjiIgIZWZmKjk5Wbt37zbeq1mzps6fP2+sz9o1sKBjO79zcHbl8bqY0+bNm419lBdzF8rt27fP9V5e0wrSsmVLpaenKzg4WNeuXdP169e1Z88e/fe//zUeFrB23bR2XSzqsde0aVPjvC5lPTRw8OBBtWjRQqdPn9bUqVONc0fdunVlb29f6i0f83o4o7wpzj1rQVq3bq2tW7ca2+Gnn37S559/Lsn696U0WXsYIj4+Xtu2bdO2bdusPvBkywMVtt63dOrUSYcOHdLOnTuNruYl68eQtfv88npPAQAAAAAAbi9VqlRRkyZNjIfVK1eurLp16+b6l1c+kJ9y1wJYkl555RVt2bJFq1ev1oULF+Tk5KRmzZrpvffeMwKMV199VUuXLjXG+3zggQf02GOPFVj2/fffr2+//VbDhw/XggUL9Oqrr2rZsmUaMWKEMjIy1LBhQ3Xu3LlQ9Q0ICNCCBQs0bNgwubm5qWPHjvr2228lZbXU7N+/v959911lZGTIxcVF48ePl4uLS+E3zG3mgw8+yHP6okWL1KtXLy1btkxfffWVKlWqJC8vLw0dOlRS1g+awcHBio6O1vPPP59r+QEDBmj58uXas2eP3N3d1bp1a6Wnp0uS+vbtq8TERL322mvKyMhQq1at9PDDD8tkMqldu3Z655131L9/f/Xo0UMff/yx3nrrLbm4uKhZs2YKCwvLs76tW7dWeHi4RowYoSpVqujJJ5/UQw89pIULF2rSpEkWXWmWhfbt2xthhJubm9Gd4hdffCEpK6CRpH79+tlc5tGjR5WYmKhmzZrleq9NmzaaO3euEU66u7vr9ddfV2Jiotq0aaMWLVrIZDLp0Ucf1cSJE+Xi4qKWLVtq0KBBWr58uerXr2913ffee6+efvppvf/++0pPT5e9vb0ef/xxOTo6FtiiecSIEQoKCtKwYcNUuXJlDR48WHfddZdF66M+ffpo3rx5eu2111S9enUNGTJEZ86c0RtvvKFZs2bZvI1KUvaeDbLr1q2bRdju4eGhUaNG6dy5cxYtUwvq6jssLExt2rTJNd3d3V3e3t4WP2bb6oEHHtDixYsVGxsrZ2dnDR8+3Or8Tz/9tL788kt99dVXql+/voYOHaoZM2bo008/VePGjQu9/tJiDoFLqiVwly5d5Orqqq+//lpr166VyWSSj4+PxowZY4zP/M9//lOJiYkaO3asMjMzVa9evQK3b0HM16lXXnlFnp6eat++vXGdatasme69915NnDhR7u7uRoCZV3e2derUsXps53cOzj5+tLXrYlkMj5AX83kzPwcPHpS/v798fHxytWjOb3x2a1xcXDR16lQFBwdrxIgRSk9PN/a7uaW1teumtetiUY89FxcXjRs3Tp9//rlWrFihSpUq6emnn9Z9992nzMxM+fr6asKECZKyHtzq169fgef3v6ui3rMW5LHHHlNycrLGjRunjIwMubq6Gt38W/u+lKYmTZrk21W6o6OjEUrn9aCNebotx5Qt9y0DBgxQnTp11KhRIyUmJsrb29uYx9oxZO0+vzzeUwAAAAAAgNuTOQSOiorSHXfcUeye9kyZhWwOEB0draCgoEKtZOjQoXmGGyi+vLrKzsu5c+cUFBRkjD2ZM7BYt26dDh48KClrPMzsYWFBy6L4bN2P+UlJSVFsbKzV8YBz7tfiunTpkl599VWtWrUqV9eJf2e27suJEycaf7u7u2vcuHG55omLi9PMmTON197e3kaXq3FxcYqMjDTGry1NixYtUs2aNRUQEFCq6y2M4h5TOeUM3bNzcnLSuHHjSrynhJKWkZFhHKvh4eHasmWL3nvvvTKuVemz5bvx+eef59ua1MfHR+3atTP294wZMywC4HHjxpW77qxvN0U5j5q9//77krIefMn+AI0kde3a1XhgxtqyKFhhzrF57QvJcn/YMk9JmTdvnho2bJirK/7yqKSvZQAAAAAAoOTs27dPfn5+Ns2bvZfE6tWrW+0NMTk5WUlJSbrjjjuKVT9Sm7+J4OBg48fs1NRUo3WolBUUmsNf8+vsrZ+sLYvywdytd3b+/v4WP25GRkYqKCioWOMC56UsupSsaOLi4rR+/XqLfXPu3DkFBwfnu4y7u7u6detWZkHT322/F9QddEhISBnUynabNm3StGnTlJaWpvT0dH3//fdFaqn6d/Hss88qMDAwz3/dunUzwt9du3blarW8bdu2Ej/PArezbt26WbS2tZW3t3eJh7/Hjx/X0aNHC93bDwAAAAAAQGmpUqVKscNfqZx2AY2Sl/MH6uTkZOPvvMY4zP7jtbVlUb61b99esbGxRsAfHR2tsLAw9enTp4xrhpwiIyPl4eFhdL8bFham2NjYMq4VsrPWHXR+Y8WWFz179tQff/yhESNGqFKlSmrSpImefPLJsq7WbSkuLk7btm3TsWPH8mwlHBkZqWPHjsnX11ddu3alNTAgafDgwQoODrYYkiEqKkomk8n4Oztvb28NHjy4ROswffp0nTlzRq+88oqqVKlSomUDAAAAAACUN4UOgD09PY2xPwuzDMpW27ZtFRERYbz29/e3+HvXrl1GoOHo6ChfX1+blkX5179/f0kyQuCSCqruuOMOrVmzpkTK+jvq1atXrvAo+7HVrVu3XF2tl5dzaXHHo72d5RcCt2vXrgxrVTAnJyeNHDmyrKtx28s+JII1qampRm8agwYNsrimouTkPI86OTkZf+fVwj37NGvLouQ5OzsrMDBQYWFhxj1nbGxsrgedHB0d1b59+xJv+StJb731VomXCQAAAAAAYIu6desaf7u4uJTKOgs9BjDKl8KOwWaeP+cPa+fOnVN4eLikrCAjZ/CUfdnsYx+iZNzqMd5SUlIUFhamuLg49e/fn/13CzFeX/lQmseUv78/Ad9tpDjfjXXr1lkMmWCL/Mb4Rv44j5Z/xdlHKSkpioqK0rlz54wA2NPTU15eXmrSpAn3KNlwLAAAAAAAUH4VZgzgskAX0H8j1lpTeHl5GS1FC7ssyj9nZ2e6fQZKEMfU31NRxvbNa9xo4O/M2dlZ/v7+9CgDAAAAAABwCxEAAwAA2ODZZ58t6yoAAAAAAAAAQIEqlXUFAAAAAAAAAAAAAAAlgwAYAAAAAAAAAAAAACoIAmAAAAAAAAAAAAAAqCAIgAEAAAAAAAAAAACggiAABgAAAAAAAAAAAIAKggAYAAAAAAAAAAAAACoIAmAAAAAAAAAAAAAAqCAIgAEAAAAAAAAAAACggjCtXbs2s6wrAQAAAAAAAAAAAAAoPvuUlKvGC5OpDGsCAAAAAAAAAAAAALBZZqZkb28nR0dHVatWVa6urrJ3c3M1ZiAABgAAAAAAAAAAAIDbQ2amZGdXSQ4ODqpSpYoqV64s+5o1a5R1vQAAAAAAAAAAAAAARWAymWRnZ6fKlSvL0bGy7F1daQEMAAAAAAAAAAAAALebzMysANhkkuzs7GRnZyd7Z2cnYwYTCTAAAAAAAAAAAAAA3BYyMzMlmUPgrH/29vb2ZVwtAAAAAAAAAAAAAEBJqFTWFQAAAAAAAAAAAAAAlAwCYAAAAAAAAAAAAACoIAiAAQAAAAAAAAAAAKCCIAAGAAAAAAAAAAAAgAqCABgAAAAAAAAAAAAAKggCYAAAAAAAAAAAAACoIAiAAQAAAAAAAAAAAKCCIEOu7i8AACAASURBVAAGAAAAAAAAAAAAgAqCABgAAAAAAAAAAAAAKggCYAAAAAAAAAAAAACoIAiAAQAAAAAAAAAAAKCCIAAGAAAAAAAAAAAAgAqCABgAAAAAAAAAAAAAKggCYAAAAAAAAAAAAACoIAiAAQAAAAAAAAAAAKCCIAAGAAAAAAAAAAAAgAqCABgAAAAAAAAAAAAAKggCYAAAAAAAAAAAAACoIAiAAQAAAAAAAAAAAKCCIAAGAAAAAAAAAAAAgAqCABgAAAAAAAAAAAAAKggCYAAAAAAAAAAAAACoIAiAAQAAAAAAAAAAAKCCIAAGAAAAAAAAAAAAgAqCABgAAAAAAAAAAAAAKggCYAAAAAAAAAAAAACoIAiAAQAAAAAAAAAAAKCCIAAGAAAAAAAAAAAAgArCvqwrgLJz43qqtmxeLUnq1WeAKjs6lXGNAAAAAAAAAAAAABRHuQ2Ahw8frQsXLlpMe++9t3XPPY3LqEbSyZO/auLEKcbrQYMC1LfvY2VWn+L67bcTql2nrvF3E99/lHGNAAAAAAAAAAAAABRHuewC+pdfTuYKfyVp586IMqhNxXUi6pB8Gt0nn0b3Kfq3qLKuDgAAAAAAAAAAAIBiKpcBcH5Bb0TEHqWnp5dybSqmK5ezAnZPz3ry9Kz3/+zdd3hUVf7H8c9Mek9IQkghoQYCCEERiMAKgsAqCrqouBZUUAFdFXtdddWVVdS1K4vtp6sgKAIWiiI1hKKETkiBkE56b5PM748s1wwJEGri+H49D88z58y5937vnRn++eSco5qaGqMPAAAAAAAAAAAAwO9Tm1sC2mKxKDY2zmg7OjoaoW9JSam2b9+pCy7o3yq1devWVZ99NtdoOzk5tUodZ8LePdvVs9dvSz737BWtvXu2a8iwS1uxKgAAAAAAAAAAAACno80FwNu371RJSanRnjBhnL7+eonq6+slSWvXbjhmALxhQ5x+/nmtDhxIVVlZmRwcHOTp6aH27QPVpUsnDRky2GYP4ZqaGi1btlIbN25WRkaWqqqq5OrqIk9PT4WEBKtLl0669NJLFBgYIElKSko+7h7AkyZNVm1tQ1gdHX2eHn54pr755lutXbtBeXl58vLyUkzMQF1//bVyd3drUv/Bg4f0xRdfau/eBFksdYqI6Kjx4y9Xt25ddeed9xjjRo++RHfeOeVUHm/DfVdXKT0tRf2iBxl94eFdtCN+k2qqq+Ts4nrK5wYAAAAAAAAAAADQetpcALx27Qab9ujRI5WQkKidO3dLkrZs+VWVlZVyc7MNUOfNW6gFCxbZ9FksFlVXVys/v0B79ybIwcHBCIDr6+v1wgsva9cu271vy8srVF5eoZycw9q2bbsiI7sZAfDJqKio1JNPPqeUlANGX2Fhkb7/foUOHUrXM888LpPJZLy3a9cevfDCy6qpqTH69u9P0ssvv65LLx1x0tc/4uefvlV6WkqT/r7RA+Xp5W20Pb281bVblOZ/MafJ2I7hXTX8kstPuQYAAAAAAAAAAAAA50abCoArKyu1ZcuvRrtnz0j5+7dTTMxAIwCurq7W5s2/6OKLhxrjqqur9c033xrt0NAQDRjQX2azg/Ly8nToUJpSU9NsrrVnzz6b8LdPn17q0aO7qqtrlJubp6SkZOXnF5zyvezfnyRJcnZ2lpubq4qLS4z3du3ao507d6tv3z6SpKqqKv3732/bhL/e3l4KCwtVamqaVq78+ZTryMnO0KgxVys4OOyEYy8c9CddOOhPNn2HUpMUu/6nU74+AAAAAAAAAAAAgHOnTQXAmzZtVXV1tdG+6KLBkqRBgy7U3Lmf2CwD3TgALi4uUW1trdF+4IF7FBHR0ebchw/nqrT0t6Wlc3PzjNdeXp569tknmtSTmJgsHx/vJv0tNWzYRbrrrjvk5OSkzz6br0WLlhjv7dq1xwiA162LVWFhkfFez56RevLJh+Xm5qaSkhI988w/mwTYLTV67FVasWyRBgwcpm7de53UsUmJe7R18zqNHnvVKV0bAAAAAAAAAAAAwLllbu0CGlu37rfln00mk2JiBkqSfH19FBXVw3hvx45dNoFpu3Z+cnT8Lct+4413NH/+V1q/PlYHDhyUxWJR+/aB6tq1izGm8bLOpaVleuGFl7Vo0VJt3vyLsrKyJUndu3dV+/aBp3QvLi4umjp1spycnCRJI0YMs3m/cf07d9ouQ33ddX8xlrj29vbW1VdfqVPVzr+9Ro+9Svv2xGvLprUtPm7LprXatydeo8depXb+7U/5+gAAAAAAAAAAAADOnTYzA7ioqFg7duw22j17RqpdOz+jfdFFg7R7915JDfv3xsZu0uWXj5EkOTo6asyYkfruu+WSpIMHD+ngwUPGsS4uLho48ALdeOMkBQT4G+fv2rWzkpMb9uj99dd4/fprvHGMr6+vRowYpmuvvVrOzs4nfT+hoSHy9PQ02u7u7jbvN56xXFBgu9R0eHjH47ZPVkMIfLVWLPtaG9at1JBhlx53/IZ1K1VYkKvRY6+Ws4vraV0bAAAAAAAAAAAAwLnTZmYAb9gQZyzxLEkpKQc1ZcoM498XXyy0Gd94trAk3XzzX3XrrTepU6eIJueurq7WunWx+te/XpPFYpHUEBo/+eTDuuKKy2xmAx9RVFSkRYuW6tNPvzil+/H29rRpOzg4HHOs1Wq1aZtMplO65vE4u7hq3Pi/KiV57wnHpiTv1bjxfyX8BQAAAAAAAAAAAH5n2swM4LVr19u0q6urbfYDPlpiYrIyM7MUEhIsqSHQHTdurMaNG6vKykplZmYpMzNbP/20Wjt3NswsTkk5oLS0DHXu3BASe3t765ZbbtAtt9ygoqJiZWZmKS0tXUuWfK/s7BxJ0urV6zVlyuSzccuGI7OSj0hLS5ePz2/79aamHjr6kFNSU10lJyeXE45zcnJRTXUVATAAAAAAAAAAAADwO9MmZgBnZmYpKSnlpI9bty7WeB0Xt9mY3evm5qauXbto2LCLdNVVV9gcc2S55by8fO3bt9/o9/X1Ua9ePTVmzCgNGTLY6K+oqFBVVdVJ13Yyzjuvt017wYJFRvhdUlKqr79eckauk52dLr92/icc59fOX9nZ6WfkmgAAAAAAAAAAAADOnTYxA7hxkCtJd9xxq8aMGdVkXElJiaZOvVt1dXWSpLVrN+i66/4iSXrllTfl5uaq7t27KSDAX35+viovL1ds7Gabc4SGhkiScnPz9OST/1BAgL+6dOksf38/eXp6Ki8vX+vX/1ZPQIC/XF3P7kzYoUNjNG/eQhUWFkmSdu3ao2nT7lVISLDS0tJVXl5xRq5TWJinDsFhRjsrK11xG36UJA0eMkrB/3uvQ3CYCgvzFB7R7YxcFwAAAAAAAAAAAMC50eYCYJPJpIEDL2h2nLe3t3r16mks6ZydnaP9+5MUGdkQVJaXVyg+fscxr3P55WPUoUOQTV9eXr7y8vKbHW82mzV58g0ndS+nwtXVVffdd5eef/4l1dbWSmqY+VtSUiqpoe7vvltujHd0PLWPLTsrXX2jB6umukrb4zcrOWmvLho6UpK0ZtV36totSv2iB6p9UJh2xMepX/Rp3hgAAAAAAAAAAACAc6rVA+D9+5OUlZVttKOiesjPz++Y42NiBhoBsCStW7dBkZHdNGPG7dq/P0kpKQdUUFCo0tIyWa318vb2VpcunTR8+DDFxAwyjuvYMVS33XazEhOTlJp6SMXFJSorK5eDg4PatfNTz56Ruuyy0eratcvZufGj9OnTSy+++KzmzVugvXsTZLHUqXPnCE2YcIXc3FxtAmA/P99TusbhnExVlJcqbsOP8vUL0NUTJxv7/HboEKYN63/Ud0vnqW/0IB3OyTwj9wUAAAAAAAAAAADg3DEdPLjP2tpFQCouLpGrq4tcXFxs+i0Wi2bNelXbtm03+l588Vlj1vPJ2B4fp+ysdEX1ij7m8s6HUpO0d0+8OgSHqV/04GbHAAAAAAAAAAAAAGibCIDbiB9//Fkffvip+vSJUlBQe7m7u6uoqFjbtm1Xfn6BMS46uq+eeuqRVqwUAAAAAAAAAAAAQFvV6ktA4zfV1dX65Zf4Y77fu3eU7r//7nNYEQAAAAAAAAAAAIDfEwLgNqJ37yhdeeVl2r17r/LzC4z9iH19fdS1a2cNHRqjgQMHyGQytXapAAAAAAAAAAAAANooloAGAAAAAAAAAAAAADthbu0CAAAAAAAAAAAAAABnBgEwAAAAAAAAAAAAANgJAmAAAAAAAAAAAAAAsBMEwAAAAAAAAAAAAABgJwiAAQAAAAAAAAAAAMBOEAADAAAAAAAAAAAAgJ0gAAYAAAAAAAAAAAAAO0EADAAAAAAAAAAAAAB2wmS1Wq2tXQQAAAAAAAAAAAAA4PQxAxgAAAAAAAAAAAAA7AQBMAAAAAAAAAAAAADYCQJgAAAAAAAAAAAAALATBMAAAAAAAAAAAAAAYCcIgAEAAAAAAAAAAADAThAAAwAAAAAAAAAAAICdIAAGAAAAAAAAAAAAADtBAAwAAAAAAAAAAAAAdoIAGAAAAAAAAAAAAADsBAEwAAAAAAAAAAAAANgJAmAAAAAAAAAAAAAAsBMEwAAAAAAAAAAAAABgJwiAAQAAAAAAAAAAAMBOEAADAAAAAAAAAAAAgJ0gAAYAAAAAAAAAAAAAO0EADAAAAAAAAAAAAAB2ggAYAAAAAAAAAAAAAOwEATAAAAAAAAAAAAAA2AkCYAAAAAAAAAAAAACwEwTAAAAAAAAAAAAAAGAnfpcB8LKEfIU9t6FFYx/9Plk3fr77LFd0eubF56jP7E2nfHyVpV6mh1YpKa+yReNP5vmdC8erZ358jga/uVWFlZZzXBUAAAAAAAAAAADw+9MmAuC41BKZHlqlohaGfL2CPPT82C4tGju+d4AmDwg+nfJOyfoDxTI9tEq3fbn3rF/LyWzSmxMiFejp1KLxJ/P8Bvx7iz7eknU65Z1yPauTC/V+XKZW3N5ffm6OZ7WGxo58H4/+N/TtX0547Ld78tTphdizXuO5ug4AAAAAAAAAAAB+X85dqnYGhfu66pYLWxbqxkT4nOVqmjcnLkPt3Bw1Pz5Hr13ZXT6uZ+9RO5hNuntIWIvHn8zza4naOqucHEynfPyx6hne1U/Du/qdTmmnJfvvQ+XTKHg2m079Hhurq7fKZDLJfGZO97uvAwAAAAAAAAAAAGdOmwyA71ucqMySark6mrUjq0xlNXW6/08dNeOihpBzWUK+pn65T+lPDZEk1Vuld2PT9U5sug4VVaudu6OeHNVZtw8K0aPfJyu9qEqf/bW3JOlwWY3uW5yoVUmFMpmkMZHt9OqVkWrn3vyjyMzMVEhIiKxWq3JyctShQ4cT1l9YadGCHYf1wbVRuuebBH36S7ZNQLsxtVh3fZ2gpPxK9Q321J97+tscH/3qZl3Tr71W7i/QpkMl6hHors9v6K0taSV6evkBFVbW6sbzO+itq3rIZGpYAtrtsdVKfCRG3QLcTvr5/ZRYqIe+TdSBgiqZTQ0zctfddYHuW5yoXdlleuT7JD3/00H1D/HUgpvPU/SrmzWmRzttOlSinNIa/WNMF8V08tHtC/Zqa1qpaurq1aeDp169srsGhXsb9/VTYqH+vjxFe3LK5Wg26erzAvX+xJ5N6qmts+q5Hw/o01+yVVxl0fmhXvr3+Ej16eBhPJ/Lovy1Ja1EWSU1Mpmkd67uoWGdfZv9PPLy8uTt7S1nZ2fj82wJF0ezXB2bTpKvqbPqb4sS9M3uXFVb6uXn5qQX/txVg8O9dcfCfcotr1W3WRslSR9dF6XzOnjK7+9r9eoV3fXZr9nKL69V3D0DGmZXT4rSqO7tJEnpxdXq+PwGFf7jT/J1czzm93pkN79mr5NwuEIfb83S+rsuMGqdumCvPJ0d9e/x3VVUaWm2ji+35+jd2AylF1fL181Rk6KD9M8/dz2tUB8AAAAAAAAAAACto00GwJK0dE+e1t11gQaEeWl/boWiX92s0ZH+6hbg1mTs6+vS9NraQ/rypvM0MNxbeeU1OlRU3ex5r/10l/zcHLXv4cGqs1p1w39366Yvduu7Kf2aHf/SSy9p1KhRuuyyyzRt2jS9+OKLioqKOm7tn2zNkqezgyb2ba9Nh4o1Jy7DCIALKiy6bO52PTe2i6bHhGp7VpnGfbBd7dxtl2/+cHOmFt58nnq299CdC/fpyo926OIuvoq/f6Byy2sV8+YWjenhryt7B5z287vpi93655+76pYLg2Wpt2pjarEk6d/ju2v9gSLdPSSsyQzdr3bmat2MCxTs7SxJOlRUpTsHh2rhze3k5GDWv35O1VUf71DyYxfJzcmsremluvyDeH14XS9N7NteljqrNqcVN1v78z8e0Lz4HC2/PVoRfq567seDunTONiU8HCNvVwdJ0je7crVm+gUK9HTSJ1uzdOPnu5X6xJBmz5eenq633npLs2fP1sqVK5WZmamHH35YDg4Ox/oIj+vjLVnanFaihIdj5OvmqOzSGhVWWtTF301zJvbU3Yv2K+nRGGP8kaXN16YUauPfBsi5hcHqsb7Xx7pOwuGKFp336Do6eLno2yn91KWdmxJyK3TFh9sV5uOie4d1bOkjAQAAAAAAAAAAQBvRJvYAbs6YHu00IMxLkhQZ6K7uge76Jb2k2bFvbkjT06M7a3CEt8wmqb2ns3FsYyn5lVqTUqTXJ0TK181R/u5OeuWK7vp+X76ySmqaPfczzzyjRYsWac6cOZo1a5Yef/xxrVmz5ri1/ycuQzec30HODiZNGRiindnlRqi6aNdhdfBy1t1DwuRgNun8UC/dNrDpjNQ7B4eqf6iX3JzMmjwgWMn5lXrliu7ydXNU9wA3XRrZMAP2TDw/F0ez9uVWKL24Wo5m0zFn0jY2dWCIEf5KDcs4T+gTKA9nBzk7mPTUqE4qr6nT3sPlkqR3YtN1Tb8g/bV/kJwdTHJ3Nh9zeeePtmTpyVGdFRnoLhdHs54d3VmS9N3ePGPMHYNDjT2Pr+wdqENF1copbf4zjI6O1oQJE3T77bfrT3/6k8xms2bOnKny8vLj3mPXF2MV8PRa49+j3yf/73mZVFxlUXxmqWrqrOrg5ayo9u4nfGaPjOjU4vBXavn3+mQdXce1/dqrq7+bTCapZ3t3zbgoTD8lFZ72dQAAAAAAAAAAAHDutdkZwAEetjNi3ZzMKq2uazLOapUOFVYpMvDEAVza/wLOcF9Xo6/r/2bEphVV2QSaR/j6+urBBx/UHXfcoXHjxum6667T66+/rosvvrjZa6w7UKQ9hyv0xY19JEl9gz01IMxL72/MUEyEj9KLq5vMwu3m33RWboiPi/Haw9lBHs5m+Tbaj9bDufnncURLn58kLbm1r57/6aCiX92kdu5Oun1QqB4aHn7Mc0tSaKP6JKm0uk6PfZ+sHxMLVF5TJweTSeU1dcotq5UkHSyo0ohuJ97P12qVMkqq1bXRM3EwmxTh56q0oqpm78/NyWzUEHSMfPTyyy/X2rVr9fnnn+vee+/VX//6V61bt05jx449Zi3r7rpA3o32bvZ0bpgxfOP5HXS4rFb3L0lUYl6lLunmp39d3k09TxACH/3Mjudkvtcn6+g6vtubr9lrUpWSXylJKq+pU/eAM39dAAAAAAAAAAAAnH1tNgBuKZNJCvdzVWJu5Qlnrnb0cZGl3qr04mqF/S8EOxJ6dWwUCjcWGxurl156SW+//bZ+/PFHrVq1SnPmzDnmNd7fmCFJGj0n3ugrrbZod3a5/j0+UmE+Lvp2j+1M1exjzFw9V84L9tT8G/vIapViU4v157nx6hfiqdGR7WQ+xoRV01H9Ty1LUWJehdbfdYERzvo9tVZWWSVJndq5KjH3xEsUm0xSqLeLDhRUakgnH0kNezynFlYd8zM6kaqqKj355JPy8vLSjTfeqKlTp+rmm28+bvgrSSHeLjah+xEOZpMeGh6uh4aHq7DSogeXJuq2L/co9u4BMh/9YI66t8Y8XRxUVVtvtPPKa23GHu973dx1jj7fkXN6OtveQ+NDc8tqNeHjHfrmlr76c09/mU3Sv9elaV58zjHvAwAAAAAAAAAAAG1Xm10C+mTcdVGY/rHygDYfKpHV2hBq/ZJe2mRcF383/amzr+5fkqjiKosKKix6cGmS/tzDv9nZv5K0cuVKvf322+rVq5d27typOXPmKCCg+X13Cyos+mpnrt6+KlLx9w80/u19eLBcncz69JdsTegTqMS8Cv2YWCCpIaCbuznzzD2Mk1RTZ9Vnv2arqNIik0kK8nSWo9kkx/8lv8HeLkpoQXBbWFmrTn6uRvj7flyGiqosxvvTY0L15fYczYvPUU2dVRU19VqTUtTsuW65MFj//OmgkvMrVW2p17MrUmS1SpdHNf/cTyQ+Pl69evXS008/rdWrV+uee+7RxIkTT3hctaVeVY3+VVsawtXVyYXanlmmunqrvFwc5OPq2Oh5OSu3vGFP4BMZEOalpXsalrW21Fs1e3WqzfvH+143d53zQ720J6dcBwoaZkpvyyjV8oSC49ZQVlOneqtV0SGeMpuk/Ipazd3Uet9HAAAAAAAAAAAAnJ7f/QxgSZr5p3A5mE2aPG+P0oqr5O/upKdGddYFzeyXOv+mPpq5JFGR/9ook0waHdlOr17Z/Zjnfuqpp2Q2N+TkL7/8svG6OZ9szZKvm6OmDgptstfrtJhQvR+Xob8NDdN3U6J13+L9etrhgHzdHHVD/yB9tTP3FO/+9FitVn32S7ZmLk5UbX292rk76ZEREbrkf8s1PzwiQlO/3Kv3NmZoQEcvrbyjf7PnefrSzpo8b4/Of22zPJwdNK5XgMJ9f1tq+MKO3lp8az/9fXmK7ly4Ty6OZv3lvPa6uEvT2a1PjuqsunqrRr63TcVVFvUP9dKKO6Ll7epwSvc4cOBADR48WJJ00003HfczbKzDP9bbtCN8XXXwiYuUWVKjGV8nKL24Wi4OZp0f5qX/XBMlSeof6qVJ0UHqPitWlnqrvrq5b7PfQ0n652VdNXneHp33yiYFejhrfO8A/XfbbzNvj/e9bu46I7v76Z+XddXoOdvUwctZndq5aVyU/3HvsXM7V826rJtGvPerAj2c5efuqPG9A9gDGAAAAAAAAAAA4HfKZLVara1dBAAAAAAAAAAAAADg9NnFEtAAAAAAAAAAAAAAAAJgAAAAAAAAAAAAALAbBMAAAAAAAAAAAAAAYCcIgAEAAAAAAAAAAADAThAAAwAAAAAAAAAAAICdIAAGAAAAAAAAAAAAADtBAAwAAAAAAAAAAAAAdoIAGAAAAAAAAAAAAADsBAEwAAAAAAAAAAAAANgJAmAAAAAAAAAAAAAAsBMEwAAAAAAAAAAAAABgJwiAAQAAAAAAAAAAAMBOEAADAAAAAAAAAAAAgJ0gAAYAAAAAAAAAAAAAO0EADAAAAAAAAAAAAAB2ggAYAAAAAAAAAAAAAOwEATAAAAAAAAAAAAAA2AkCYAAAAAAAAAAAAACwEwTAAAAAAAAAAAAAAGAnCIABAAAAAAAAAAAAwE44tnYB+P2Ji4vT9u3bJUmjR49W586dW7kiAAAAAAAAAAAAABIBME5Senq6Hn74YVVUVGjChAmEvwAAAAAAAAAAAEAb0mYD4PHjxysjI8Om78MPP1Tfvn3P2DXuvvtuxcXFSZKcnJy0cePGM3bu34OTvX+LxaLHH39cFRUVGjt2rB5//PFzUWaLPffcc1q8eLHRXrZsmQICAs7Z9UtLS7V48WLFxcUpOTlZxcXFMplMCgwMVK9evTR8+HBdcsklcnRssz+7Nmf27NmaN2+e0X700Uc1ceLEJuOmT5+uLVu2GO25c+cqOjraaMfExKi2tlaSNHjwYL311lvGe3/0/wcAAAAAAAAAAIB9aZNJ1I4dO5qEv5L0ww8/nNEAGCfnrbfe0p49ezR8+HA988wzMpvZQvqIxYsX65VXXlFFRUWT99LT05Wenq4VK1bo8ssv17PPPtsKFQIAAAAAAAAAAOCPoE0meD/88EOz/StXrpTFYjnH1UCSKioq5OHhobvvvlsvvvgis1gbmTt3rp577rkm4a+jo6Pc3d1t+mpqas5laQAAAAAAAAAAAPiDaXMpnsVi0cqVK422o6OjEfoWFRUpLi5OQ4cOPSPXeuWVV1RXVydJMplMZ+Scvycnc//u7u66/fbbz0VZvyubN2/We++9Z9M3YMAAzZgxQ3369JHZbFZZWZm2bt2qhQsX/iG/Z23BqlWrZLVaJUkODg427/3R/x8AAAAAAAAAAAD2pc0FwHFxcSoqKjLakydP1kcffaT6+npJDbODjxUAr1y5UkuXLlVCQoKKi4vl6Ogob29vhYSEqGfPnho9erTNEtIPPPDAcff+tFgs+uyzz7RkyRJlZWXJ19dXF198saZNm6Y333zzmPvNfvzxxzZ7jB6p/4MPPtCOHTtUW1uryMhI3XnnnRo8eLDNNdPS0rRgwQLt379fGRkZKi0tVUVFhdzc3BQWFqaBAwdq0qRJCgoKavYZFBcX6+uvv9aGDRuUkpKiiooKeXt7KzQ0VAMGDNCUKVPk6uraovuXpD179ujLL79UfHy8cnNzJUkBAQGKjo7WNddcoz59+jQ55uj9VmfPnq1PPvlEP/zwg7Kzs+Xr66uRI0dqxowZ8vDwaPY+jqW2tlafffaZli5dqqysLPn5+WnEiBGaNm1ai47Py8vTl19+qdjYWKWnp6uqqkp+fn7q37+/Jk2adNJLjL/zzjs27ZiYGL322ms2M6Q9PT01fPhwDR8+XNnZ2Ub/8uXL9cQTTxjtf/zjH7rsssuM9vz58/Xyyy8b7bfffluDBg2SJO3cuVO33nqr8d7dd9+tMWPG6O2339amTZtUWFioF154QWPGjFF1dbUWLFign376SQcPHjS+Tz4+PoqIiFDPnj119dVXq0OHDjb3cvjwYc2fP1+xsbHKO/TWGQAAIABJREFUzMxUdXW1fH191bNnT40bN04jR45sEpie6rXOtksuueSYewCfrd8BAAAAAAAAAABAa2hzAfDRyz//5S9/0Y4dO7RlyxZJ0po1a1RRUdFkad333ntPc+fOtemzWCyqqqrS4cOHFR8fL0dHxxYHfHV1dXrwwQe1fv16oy83N1cLFy7U+vXr1alTpxbf09KlS7Vo0SJjBqLUEODdc889evvtt3XhhRca/QkJCfr888+bnKO8vFwJCQlKSEjQokWL9O677yoqKspmzK+//qpHHnlEhYWFNv0FBQUqKCjQzp07NXHiRCMAPpE5c+Zozpw5TfozMjKUkZGh7777TlOmTNH06dOPeY6ysjJNnTpV+/btM/ry8vI0f/58JScn6913323xrEuLxaKZM2caYZ1kG1J27tz5uMfHxcXpscceU2lpqU1/bm6uVqxYoRUrVmjatGmaOnVqi+rJycnRrl27bPoefvjh4y6Pfbzg83Rmn2ZlZemmm26y+eMJq9Wq+vp63Xvvvdq6davN+LKyMpWVlSkjI0OxsbE677zzbGpbv369nnjiCZWXl9scl5eXp/Xr12v9+vWKiYnRyy+/bHyfTvVabd2Z+B0AAAAAAAAAAACcK20qAK6oqNCaNWuMdr9+/dS+fXuNHDnSCICrqqq0evVqm5mSVVVV+r//+z+j3alTJw0bNkwODg7Kzs5WUlKSkpKSTqqWL774wib8NZlM6tGjhywWi5KSkmxmcp7I119/LUkKDAxUQUGBsdxsfX293n//fZsAWGpYbrl///4KCgqSn5+fLBaLUlNTtXbtWtXX16usrEzPP/+8/vvf/xrHpKen67777rPZh9bDw0Pdu3eXg4ODkpOTbcLBE/n2229tQi+z2azevXvLZDJp9+7dxj188MEHCg4O1oQJE5o9z5GA1MXFRe7u7jbh9NatW7VlyxYNHDiwRTV9/vnnNuGvyWRS9+7dVVtbqwMHDigtLe2Yx6ampurBBx9UVVWVJMnZ2VmjR4+Wv7+/1q9fr+TkZEkNf0gQHh6u0aNHn7Ceo8Pfbt26qWPHji26l+acTgD81VdfNdv/66+/2gSyAwYMUN++fVVVVaWsrCzt3r1bhw8ftjnmwIEDeuSRR1RdXW30de7cWYGBgdq9e7cRCm/cuFEvvPCCnnvuuVO+1smaNWuWZs2adVrnOBln6ncAAAAAAAAAAABwrrSpAPjnn382AjpJuvTSSyU1LN/60ksv2SwD3TgALigoUE1NjdGeNWuWunXrZnPuzMxMFRcXt6gOq9XaZBbuSy+9pBEjRkiSFi1apBdeeKHF9+Xh4aHXX39d0dHRysrK0uTJk1VQUCBJ2rFjh6qrq+Xi4iKpYQnhVatWNTuLdO7cucZ+swkJCUpPT1dYWJjxXuPw96KLLtJzzz0nHx8fSQ1h85o1a+Tm5tai+z96aeM33njDWK5669atmj59ujGj+b333tOVV14ps9nc7PnGjh2rp59+Wk5OTnrrrbf08ccfG+9t3bq1RQFwc5/J7NmzdfHFF0uSFi9ebASRzfnggw+M75bJZNK7776rfv36SZKmTZumG2+80QiB33nnnRYFwEc+wyNCQ0NPeMzxnO7+s4MGDdJ9992njh07KjMzU87Oztq2bZvxvo+PT5P9iiVp9+7dateundH+4IMPbMLfxrNbc3JydNtttyknJ0dSw2/xtttuU+fOnZWVlXXS12rLzvTvAAAAAAAAAAAA4FxoU0lF4+WfTSaTRo4cKUlq166d+vfvb7y3adMm5efnG+327dvbBKZPPfWU3n//fS1fvlwJCQmyWCwKCQlpsmTysaSmptrMVIyOjjbCX0m66qqrTmoJ6GuuuUbR0dGSpODgYJsZv/X19TazYj08PBQfH68nn3xSV111lYYOHaoBAwZowIABTQK11NRU4/XatWuN105OTnrmmWeM8FdqmLk4YsQIeXt7n7DepKQkm/sfPHiwzV7FAwYMUExMjNHOy8vT/v37mz2Xq6urHn74YTk5OUmSrrjiCpv38/LyTliP1HCvjcf279/fCH8lafz48cddArrxbO6goCAVFhZq9erVWr16tTZs2GAzczc9Pd3m2bbU6Qa4p8Pf31+vvPKKunfvLldXV3Xp0kVhYWEKCQkxxhQXF+vee+/VJ598ojVr1hgzpnv37q3g4GBj3IYNG4zXHh4euu2224x2UFCQrr32WptrHxl/Ktdqy87k7wAAAAAAAAAAAOBcaTMzgAsKCrR582aj3a9fPwUGBhrtUaNG6ZdffpHUEJquXLlSkyZNkiQ5Ojpq4sSJmjdvniQpMTFRiYmJxrGurq4aPny4/va3vykoKOiEtRy9TO3Rs4klqWvXrjp48GCL7u3ofYc9PT1t2rW1tcbrTz75RG+++WaLzntkKd6ysjKVlJQY/eHh4ac1yzIzM9Om3aVLlyZjunbtqtjYWKOdlZWlnj17NhnXqVMnm9D56HtvPHP7eI7MOG18/eZqOnDgQJP+o59Pdna2HnzwweNeLysrSxEREccdc/QzTk9PP+74s2nYsGHN7u3cr18/RUVFae/evZIawtrGAa+/v7+uuOIK3X777XJxcVFZWZnNHslhYWHG7PQjjn72R5ZDP9lrnYoHHnhA48ePb9I/c+ZM4/+HM+VM/g4AAAAAAAAAAADOlTYTAK9YscJY4lmS9u3bZ7MMr8VisRn/ww8/GAGwJN13330KDQ3V0qVLm8zCq6qq0rJly3Tw4EF9/PHHzS6v3NiRJV3PFD8/P5v2sZaILSws1Lvvvmu0vb29NW3aNHXr1k1OTk5au3atPvroo7NW57E0N7O1pdf29fW1aTs4OJyRmppzJp9H46XIj6VPnz427eTkZJtluU9W4++/1HSJ6ePp0KFDs/2Ojo5688039dFHH+mnn35qsnd1fn6+Pv74Y1VWVuqhhx5qcvzJzGo+3Wu1hJOTk9zd3Zv0n4tll0/ndwAAAAAAAAAAAHCutJkA+Pvvv7dpV1VVHTeE2717tw4dOqTw8HBJDeHT9ddfr+uvv14VFRVKTU1VamqqFi9erC1btkhqCJVTUlIUGRl53FqODtOam1WalJTUovs6Gbt377YJum+++Wab5XYbL2PcmKenp7y9vY1ZrocOHVJBQcEpzwJuvJSvJGNv3MZSUlJs2md7Wd+jZ24fff1j9UkNz8fLy8uY2dqjRw/997//PSM19enTR7t27ZLUEAbOnj1br7zyyjGD7pycHONejiyLfUTjWcpSw/7QLXW8P2rw9fXVzJkzNXPmTBUUFCg1NVXJycn67LPPjFnL3333nR566KEmzyotLc1mj2qp6feh8e/lZK7V1rXF3wEAAAAAAAAAAMCJtIk9gA8dOqQ9e/ac9HGN9wxetWqVEZ66u7srKipKY8eO1S233GJzzNHLOzcnPDxc7du3N9q//PKLzTKvCxcuPKU9Yk/k6FnOR5Z4lhpmgy5atOiYxw4bNsx4XVtbq2eeeUbFxcVGX319vZYtW9YkZGxOt27dbO4/Li5OcXFxRnvr1q3auHGj0Q4ICDhhqH66IiIiFBAQYLR//fVXm0D822+/bTaoP2LIkCHG64SEBK1Zs6bJGKvVqq1bt2rOnDktrmvGjBk27fXr1+uee+7Rnj17jNmhVVVVio2N1X333afXX3/dGOvv729z7PLly40/eliyZInxhwunIycnR9u3bzfaR/bTnjhxos0M+7KyMlVWVkqyfVbl5eX68MMPbc735Zdf2lzjyPhTuVZb1hZ/BwAAAAAAAAAAACfSJmYANw5yJenRRx/VxIkTm4wrKirSmDFjVFdXZxx35513Gse4u7vrvPPOU1BQkAICAlRaWqoff/zR5hydOnU6YT0mk0k33HCDXnvtNaPv3nvvVWRkpGpqao4bNJ6OqKgomc1mYyngTz/9VAUFBfLw8NCKFSuOuyTw1KlTtWrVKiNYi42N1ZVXXqnIyEg5ODgoJSVFBQUF+u6772z25G2OyWTS9OnT9eyzzxp999xzj/r06SOTyaRdu3bZLH07bdq0s74Er8lk0vXXX2+zP/LMmTMVGRkpi8XS7OzMxqZOnarVq1cbAesDDzygIUOGqHv37pKkjIwMbdu2TXl5eerXr5/uuOOOFtU1cOBATZs2Te+9957Rt2nTJm3atEkuLi5ycXFRaWmp8bwuvfRSY1zPnj3l6empsrIySQ0zfi+99FK5uLioqKioRdc/kaysLE2dOlVBQUGKiopS+/bt5e3trezsbC1fvtwYFxQUJDc3N0nSlClT9PPPP6u6ulqS9MEHH2jVqlUKDAzU7t27bf4wYezYsercufMpX6sta4u/AwAAAAAAAAAAgBNpEwHwsmXLjNcmk0nDhw9vdpyvr6/OP/98Y2Zkenq6du3aZezFWlZWZjMj72iTJk1q8f6skyZN0pYtW4xZplarVQkJCZKksLAwRUREaMOGDcb4o5fzPRVBQUGaNGmSPv/8c0kNM4IXL14sSXJ2dtb48eON9tE6duyo1157TY8++qgRHpaXl2vbtm2nVMsVV1yhzMxM/ec//5HUMIO4uSWJb7vtNk2YMOGUrnGybrjhBm3atEmbN2+WZPuZtG/fXp07d9amTZuaPbZTp06aPXu2HnvsMWN54w0bNth8hkeczL63UkO4HBAQoFdffVUVFRVGf3V1tRGiHuHs7Gy8dnFx0a233moTaldWVqqyslIeHh4aOnSoTXB6OnJycpSTk9Pse2azWTNnzjTanTt31qxZs/TEE08Y93PgwIEmf/gQExOjJ5988rSu1da1xd8BAAAAAAAAAADA8bR6ALxr1y6lpaUZ7ejoaJulfo82cuRIm6Vxf/jhB/Xp00d///vftXPnTu3du1e5ubkqLi5WfX29/Pz81LNnT40bN04jR45scV0ODg6aPXu2PvvsMy1ZskSZmZny8/PTiBEjNG3aNJs9TJ2dnU84q7alZs6cqZCQEC1cuFDp6eny8PBQ//79NW3aNO3du/eYAbAkDRgwQAsXLtRXX32lDRs26MCBA6qoqJCXl5dCQkI0cOBA+fj4tLiWO++8U0OHDtWCBQu0bds25ebmSmpY6rZ///665pprjPD9XHB0dNS///1vffrpp1q6dKmys7Pl6+uroUOHavr06XrnnXeOe/zgwYP11VdfaeHChYqNjdXBgwdVWVkpHx8f+fv7KyIiQgMGDNCIESNOurYJEybokksu0eLFixUXF6fk5GRjCe7AwEBFRUVpxIgRGjVqlM1xkydPloeHh+bPn6+0tDR5enpq8ODBmjZtmjZs2HDaAXCXLl304IMPateuXUpMTFRBQYFKSkrk6OiowMBARUdH67rrrlNUVJTNccOGDdOCBQs0f/58xcbGKiMjQ7W1tfLx8VFUVJQuv/xyjRo1yiYsP9VrtbbGS683t5dyW/sdAAAAAAAAAAAAHI/J2ngNU9jIyspScHBwk/5ffvlF06dPN5ZqjomJsZnFCeD3ob6+XuPGjTP2Bu/YseNx99oGAAAAAAAAAABo61p9BnBbNmXKFHl6eqpXr14KDAxUbW2tUlJStHHjRmPvT7PZrKlTp7ZypQBORn5+vpYsWaJt27YZ4a8kDRo0qBWrAgAAAAAAAAAAOH0EwMdhtVqVkpKilJSUZt93dXXVE088oX79+p3jygCcjpycHL399ts2fb6+vrrllltaqSIAAAAAAAAAAIAzgwD4OKZPn65169YpISFBRUVFqq6ulqenp8LDwzVo0CBNmDBBHTp0aO0yAZwGX19fXXjhhZoxYwa/ZwAAAAAAAAAA8LvHHsAAAAAAAAAAAAAAYCfMrV0AAAAAAAAAAAAAAODMIAAGAAAAAAAAAAAAADtBAAwAAAAAAAAAAAAAdoIAGAAAAAAAAAAAAADsBAEwAAAAAAAAAAAAANgJAmAAAAAAAAAAAAAAsBMEwAAAAAAAAAAAAABgJwiAAQAAAAAAAAAAAMBOEAADAAAAAAAAAAAAgJ0gAAYAAAAAAAAAAAAAO0EADAAAAAAAAAAAAAB2ggAYAAAAAAAAAAAAAOwEATAAAAAAAAAAAAAA2AkCYAAAAAAAAAAAAACwEwTAAAAAAAAAAAAAAGAnCIABAAAAAAAAAAAAwE4QAAMAAAAAAAAAAACAnSAABgAAAAAAAAAAAAA7QQAMAAAAAAAAAAAAAHaCABgAAAAAAAAAAAAA7AQBMAAAAAAAAAAAAADYCQJgAAAAAAAAAAAAALATBMAAAAAAAAAAAAAAYCccW7uAI/Lz85WaelAVFZWyWCytXQ5w0qqqqlRZWana2lrV1dW1djl/WE5OTvLx8VGvXr0UGhra2uUAAAAAAAAAAACcUyar1Wpt7SLy8vK0f3+CwsM7ytvbW05OTq1dkl3ZtGmLBg26sLXLsGtZWdmKj9+u/v37Kzg4WK6urq1d0h9WVVWVsrKyFBcXp2HDhiksLKy1SwIAAAAAAAAAADhn2sQM4NTUVIWHh8vfv11rlwKckv37E3XBBRcoIiKitUv5w3N1dVXnzp1lNpu1Z88eAmAAAAAAAAAAAPCH0ib2AK6oqJCvr09rlwGcsrKyMoWEhLR2GWgkJCREJSUlrV0GAAAAAAAAAADAOdUmAuC6ujo5ODi0dhnAKautrWXp8jbGyclJtbW1rV0GAAAAAAAAAADAOdUmAmAAAAAAAAAAAAAAwOkjAAYAAAAAAAAAAAAAO0EADAAAAAAAAAAAAAB2ggAYAAAAAAAAAAAAAOwEATAAAAAAAAAAAAAA2AkCYAAAAAAAAAAAAACwEwTAAAAAAAAAAAAAAGAnCIDRJkS/sUOLdudLklYkFqnby9tauSL79ej3ybrx892tXQYAAAAAAAAAAADOAsfWLqA1VFvq9dr6LH25M18HCqrk4+agvh08dNfgDhoT6dva5f3ujf+/fVqZVNyk/9vJPXVJV58THh/V3k1Pjwwz2kPe3aVpg4J00/mBZ7TO37uKmnqFPLdO/u5OSnr0IplMLTtufO8AlVXXnd3iAAAAAAAAAAAA0Cr+cAGwpd6qCZ8mKKOkRrPGhuvCUE85Opi0/mCJPtx6uNkAuLbOKieHFqZrLVRXb5XJZJL5zJ62zZg2KEj/HBNu0+fs0LIJ5x19XM542Hs2PsPWNi8+R5KUWlilHxMLdGlkuxYdFxNx4hD+bLLHzwIAAAAAAAAAAKCt+MMFwF/E52lTWpl+/VtfdfJzMfqviGqncT0bArSlewv06LJDurZvgH5IKJS7k4NW3d5LBwqq9MiyQ9qcXioHk0nje7XT85eGy925Idi8c1GKViUXq7iqTiHeznpwWLBu7N8QZBZVWhTy4i/619gIzduRp/xyi1bf0VsdvJzO/UM4BxxMJrk6Nh/41tRZ9fjyVC3YmS9Hs0nTB3WweX9FYpFmfHNASQ/110Pfp2rP4Qo99eMh/Wttpvp1cNd/J3XXz8klevrHNCXlV8nRbNLQTl565bJOCvZueJ4PfZ+qzJIaOZilvbmVGtHFRy/9OeKs3/e59H5chm48P1iphZV6Py7DJgA+WFClaV/t0+a0EklSqI+L5t3QR707eOjR75OVXlSlz/7aW5K04WCx7l6UoJT8Sp0X7KmxPfw1Lz5Hux4cJEmKfnWzLovy15a0EmWV1Mhkkt65uoeGdW74Y4mfEgv1+A/J2p9bIUezSRd39dWbE3oo2NtZknTf4kRlFFfJwWzS7pxyjereTq9d2f1cPioAAAAAAAAAAIA/jD9cALw8sUjDOnnZhL9HNF5C90BhtbyczYqbcZ4kqbymTmM/2qsb+wfqk2u6qaK2TpMXJOmplYf0yuWdJEkDwzz1wuiOaufupB+TijTpi0T1CXJXdIiHcd71B0v08+295fwHngE5a3WG1hwo0YZp5ynAw1GP/pCqlIKqZse+fFmEYlNLmywB7eQgvXJ5hKKDPVRaXac7F6Xovm8PaP5fI40xS/cVavltUYoJ9zrr93Subc8s0+a0Er37lx5KLazSdZ/uUnZpjTp4NYSuj/+QrHA/Vy29rZ8czSYl5FbIz63pzz2vvFaXzY3XK1d0160XBmt3Trkum7tdvkeN/WZXrtZMv0CBnk76ZGuWbvx8t1KfGCJJcnIw6Y0JkTo/1Eul1XW6df4ezfh6nxbd0ve343fnafX08zWkU+vOPgYAAAAAAAAAALB3LVuT147kVdQq5H8zE4/Hw9mse4cEG+0lewvl5GDWU5eEyc3JLH93Jz09sqPm7cg3xky5sL0CPJxkNkmju/tqZFcfrT1YYnPeB4aF/CHC3w+2HlbHWb/Y/CuosEiSPt2Wq0f+FKowH2e5Opr1wphwnewjGdrJWxeGecrJwaR27o56YkSoVh+wfdYjunjbZfgrNcz+7RfsqfNDvTQuKkB+7o76aEuW8b6Lo1npRdXad7hcktSzvbuCvJp+77/ZlasIP1dNHRQiB7NJfYM9dfvgkCbj7hgcqkDPhtnVV/YO1KGiauWU1kiS/tTFV4PCvY3P4pnRnfVTUqHN8SO7+RH+AgAAAAAAAAAAnAN/uBnAAe5OyiypOeG49h5Ocmi0Qe/BwmrllNUo+o0dRl+91SqzSSqrrpOni4PeiM3SvO15yi23yMFkUn5lraLau9mctyXhsz2Y1M9fT4wIs+nzdXOU1SplldaoSztXo9/D2UFBnif3XPblVuofP6VrR3aFqi31slql0uo6VVvq5fK/paft9VmX19Tpv79m67mxXSQ1zMC9+YJg/WdThh4dESGTSZp9RTc9u+KAxn+8Q2XVdfrLee31r8u7ydvVweZcGSXVivBztemL8LVtS1KAx29Llbs5NTzf0uo6BXlJew9X6KllyYrPLDvmZxHq03TGPQAAAAAAAAAAAM68P1wAPKa7r+779qAOFVUr3Nc2lLJaf1sG2mSynZIa7uuiCF8Xbb27r5qzdG+BXt+Qpe9viVKPwIbQ99rP98t61DiT/U/+lSR5ODko9BgBbLCXs3LKao22pd6q/MraZsdKkrmZZ3bLgiT9uYefPvhLV7k5mbU9q0Ix7+60ed72+qy/2Jajkuo6PbvigP75U6okqdpSr6Iqi1YmFmh0ZDv5uzvpjQmRemNCpFLyK3Xtp7s06+eD+uefu9qcK9TbRV8V2i6/nVrU/HLcx3L9Z7s0rleAPr2+t9yczIrPLFP/1zb/IT4LAAAAAAAAAACAtuYPtwT09dEBGtjRU1f+X4K+31eo3LJaFVZa9O2+Qk36Yv8xj7uip59Kq+v0ws8ZKq2uk9UqpRVX6/t9DUvdFlbWyc/NUV39G2ZPxmeWa1Vy8Tm5p7aozmpVlaXe5l9dfUMkeGP/QL21MUvVlnpJ0nubclReU3/Mc3XwclZivm0oWVhpUVSgm9yczLLUW/VmbNYxjrY/c+IydEP/IO1+aLDi7x+o+PsHau/DgzWqu5/e35ghSVq447AO/S/I9fdwkpuTWY7NJOkT+gTqYGGV5m7KVL1V2pFVpv/EZZ5UPYWVteod5GF8Fq+uOXT6NwkAAAAAAAAAAIBT8oebAexoNumbm3ro1fVZemJFmg4UVsnH1UF9O3jo7pgOxzzO29VBy26N0lMr09Tv9e2qqK1XqLeTbuzfXpdJuq6vv1anFOvCt3bK391RPQLddGk333N3Y23Me5ty9N6mHJu+9yd00U3nB+rRi0P02PJDuujdnQrxdtHgcE9192+67PAR9w8L1oxvDmjulsM6P9Rd306O0ptXdtZjy1L1Tly2nB3MuqZvO32+Pe9s31ari88s05b0Us29NkodjtrT96HhEbr8g+3KKqnR5kMlun9JooqqLPJwdtCfe/rrkRERTc4X4OGkb2/rp3u+2a/7lyaqb7CnpgwM1rd785uMPZb3J/bUA0sS9cb6NDk7mDWpf5A+/TX7tO8VAAAAAAAAAAAAJ89ktVqPXqX4nFu9erUGDbqwtcuwW5s2beH5nmXffLNE119/fWuXcUb8fXmKdmWX6+vJ57V2Kaftiy+++H/27j2+x/Lx4/j7s/PYbNgYhpnTUiIkp5wTtcqh+VGUIkVTQgdn0ZdvmhwSkvMhSeQcEULOipmR5hBzmOMO7Pg5/P6Y3faxjW0pte/r+Xjssc9939d9X9d13/f2z/tzXVeBeS4AAAAAAAAAAAC58T83BTQAez8cu6orielrMO85Ha+pO86qc82S97lVAAAAAAAAAAAAyI//uSmgAdjbfTpeXRcdVorZqpIeLhrcMkAhNUrc72YBAAAAAAAAAAAgHwiAgf9xQ1sGaGjLgPvdDAAAAAAAAAAAANwDTAENAAAAAAAAAAAAAAUEATAAAAAAAAAAAAAAFBAEwAAAAAAAAAAAAABQQBAAAwAAAAAAAAAAAEABQQAMAAAAAAAAAAAAAAUEATAAAAAAAAAAAAAAFBAEwAAAAAAAAAAAAABQQBAAAwAAAAAAAAAAAEABYbLZbLb73YhFixbd7yYAf1rnzp3vdxNwG/63AAAAAAAAAACAv9M/IS/6RwTAa9euVVxc3P1uRoHl6emphISE+92M/xmenp4KDg6+380AAAAAAAAAAADA/6B/RAAMAAAAAAAAAAAAAPjzWAMYAAAAAAAAAAAAAAoIAmAAAAAAAAAAAAAAKCAIgAEAAAAAAAAAAACggCAABgAAAAAAAAAAAIACggAYAAAAAAAAAAAAAAoIAmAAAAAAAAAAAAAAKCAIgAEAAAAAAAAAAACggCAABgAAAAAAAAAAAIACggAYAAAAAAAAAAAAAAoIAmAAAAAAAAAAAAAAKCAIgAEAAAAAAAAAAACggCAABgAAAAAAAAAAAIACggAYAAAAAAAAAAAAAAoIAmAAAAAAAAAAAAAAKCAIgAEAAAAAAAAAAACggCAABgAAAAAAAAAAAIACggAYAAAAAAAAAAAAAAoIAmAAAAAAAAAAAAAAKCAIgAEAAAAAAAAAAACggCAABgAAAAAAAAAAAIACggBDEjCcAAAgAElEQVQYAAAAAAAAAAAAAAoIAmAAAAAAAAAAAAAAKCAIgPOgVatWqlOnjtauXfu31x0bG6s6deqoTp06OnTo0N9e/z9Rbp7Hxx9/rDp16ig0NPRvbBkAAAAAAAAAAABwfzjd7wb8EzRt2lTXr1/P8XhQUJAWLFigBx54QHFxcSpatOjf2Lp/r0aNGik5OVn//e9/1bJly3t+fZ4HAAAAAAAAAAAAYI8AWFK1atWUmJgoSTp+/LiSkpLk5eWlsmXLSpICAgIkSRMnTrxvbURWPA8AAAAAAAAAAADAHgGwpClTphifu3XrpoiICNWtW1djxoyxK9eqVStdvXpVI0eO1FNPPaWBAwdqw4YNatasmdzc3LR79245OTmpffv2evXVV+XgkD7D9okTJzRlyhRFREToxo0bKlu2rJ5//nm1bdvWKHO76Oho/ec//9GhQ4fk5+enHj16ZFtu586dmjlzpk6cOCEHBwdVr15dffv2Vfny5XPs7+nTpzV9+nQdOHBAly9fVvHixdWtWzeFhIRIkrZv3645c+bo+PHjcnBwUKVKlfTaa6+pTp06kqRvv/1W//3vf1W6dGkFBwdrzZo1io2NVYMGDTRs2DClpKTYjfj94IMPJEnNmzfX2LFjderUKU2ZMkWHDh3SjRs3FBgYqJ49e6pBgwaSpFOnTun555+XJPXv31+rVq3S6dOnVblyZY0YMcLo2+3PQ5Lmz5+vxYsXKy4uTi1btpTJZMrS//w8DwAAAAAAAAAAAODfgLTrHti8ebOcnZ3Vtm1bxcXFadq0aVq6dKkk6Y8//tBLL72kLVu2yM/PT82bN9fJkyc1evRoTZ48Odvrmc1mvfXWW9q7d6+KFCmioKAghYWFZSm3fv169enTRxEREXrqqafUtGlTbdu2TS+//LLOnz+f7bXPnDmjLl26aN26dXJwcFBwcLAqVqyokydPSpLWrVunvn376sCBA6pTp46qV6+u/fv364033tD27dvtrnXu3Dlt3bpVLVq0kNVq1YYNG7Ro0SK5urqqU6dOcnJK/35Bo0aN1KlTJz3++OM6c+aMXnrpJW3atEkPP/ywOnbsqBMnTuitt97Sli1bsrR39uzZatCggXx9fXXo0CGNHTs2x+ewevVqTZw4URcuXFCtWrV05swZrV692q5Mfp4HAAAAAAAAAAAA8G/BCOB74OGHH9awYcMkpYe38+bN07JlyxQSEqJly5YpOTlZ/v7+mjVrlhwcHFS5cmVNmDBBixcvVq9eveTs7Gx3vf379+v06dOS0kcnBwQEaOvWrerXr59dufnz50uSnnvuOWOE8KlTp3TgwAEtXbpUoaGhWdq6dOlSJSYmysfHR4sWLVLhwoWNdkvSggULJEnBwcEaMWKEJKlv377avn27Fi5cqEaNGhnXcnJy0uTJk+Xt7a24uDitWLFCkZGRcnd314ABA7R8+XKZzWYFBwcbI4InTJigxMREVapUSQMHDpQk2Ww2zZ07V3PnzlXTpk3t2jt48GA1adJEgYGBGjZsmA4fPpzjc/juu+8kpY8MHj16tGw2m7p27aqjR48aZfLzPAAAAAAAAAAAAIB/CwLge6BMmTJZPl+4cMHud0BAgDG9cMWKFSVJKSkpio2Nla+vr931Ms5xcXEx1h8OCgrKUm9GuaVLlxojjjOcOXMm27ZmjAyuUqWKEf5KMkbrZlyzUqVKxrFKlSpp+/btxrEMvr6+8vb2liR5eHhIkm7cuJFtvbfXHxUVZTdNdE5trlKlit31M9Zqzk5G+6pWrSpJMplMCgoKsguA8/M8AAAAAAAAAAAAgH8LAuB74Pfff5fNZpPJZNKxY8ckSX5+fna/T506JavVKgcHBx0/flyS5OrqagSomZUsWVKSlJqaqqtXr6pYsWI6d+5clnJ+fn6KjY1VmzZtFBwcbHcsc7ibWalSpSRJx44dU2JiogoVKiQpfQSwk5OTcc2MNkoyPme0K4Ojo6PxObu1djNCZZvNZtdmKT1Ufuedd+zKW63WLNfICGmzu/7tSpYsqZiYGLvpr8+ePWtXJj/PAwAAAAAAAAAAAPi3IAC+B44fP64ePXqoePHi2rRpkySpbdu2kqR27dpp6dKlio6OVo8ePVSuXDn98MMPkqSQkJBspxuuU6eO/P39FR0drXfffVdNmzbVihUrspR78cUXNXToUG3atEkeHh7y8fHRxYsXtXv3bvXs2VMPPfRQlnM6dOigZcuW6fLly+rcubMeffRRXbt2TX5+fnr33Xf1wgsvaNiwYVq1apVu3LihtLQ0bdu2TZL0wgsv5Om++Pn5KSoqSnPmzNHBgwfVuHFjtW/fXkuXLlVUVJS+++47ValSRdeuXVNERIQqVqyo+vXr56mOzNq2bavw8HCtWLFCnp6eun79uvbu3WtXJj/PAwAAAAAAAAAAAPi3IAC+B1q3bi13d3etX79ePj4+at++vUJCQiSlTzU8Z84cTZs2TRERETp27JjKly+vDh06qF27dtlez8nJSZMmTdLo0aN1+PBhxcfH64UXXtDo0aPtyrVp00aenp6aN2+eNmzYoMTERBUvXlwPP/xwtlNGS1LZsmU1f/58TZ8+XQcPHtTq1atVvHhx1atXT5L01FNPycPDQ3PmzNGePXvk4OCgWrVqqXv37nrsscfydF/69u2rjz/+WL///rt+++03+fj4qG7dupo3b56mT5+u8PBwbdmyRV5eXqpSpYqaNGmSp+vf7plnntG1a9f0zTffaOnSpWrQoIGefPJJrV+/3iiTn+cBAAAAAAAAAAAA/FuYbJnn50WeDBw4UBs2bNBzzz2noUOH3u/mAAAAAAAAAAAAAPgf53C/GwAAAAAAAAAAAAAAuDcIgAEAAAAAAAAAAACggGAKaAAAAAAAAAAAAAAoIBgBDAAAAAAAAAAAAAAFBAEwAAAAAAAAAAAAABQQBMAAAAAAAAAAAAAAUEAQAAMAAAAAAAAAAABAAeF0vxvwT5CYmKhNmzYpISHhfjcFAOwUKVJEzZo1U6FChe53UwAAAAAAAAAAwL+AyWaz2e53I+63NWvW6IEHqsjPz+9+NwUA7Jw7d16//fa7nn766fvdFAAAAAAAAAAA8C/ACGBJ8fHxKlmypMjCAfzTlCrlp71799/vZgAAAAAAAAAAgH8JAmAD4S8AAAAAAAAAAACAfzcC4JsY/QsAAAAAAAAAAADg344A+CYCYAAAAAAAAAAAAAD/dg73uwFAhrJlA7R8+YoctwEAAAAAAAAAAADcGQHwTTabLcefIkWK3fHn7bf73fH8O/2EhHTS++8PzHX5iIjDeuWVHqpc+QH5+pZSzZp11L17T4WHH8p3G/7KnwULvlKRIsWyPVa0qK9mzpxlbHfq1EnlywfkuJ2fn2PHjik09C1Vr15TJUqUVo0atfWf/4xRSkqKXbn9+/erRYtW8vUtpQceeEhhYZ/aHf/xx03q1OlFVa78gPz8/NWoURMtXvyNXZnTp8+oW7fueuSRR+XlVVyhoW9lac/mzVsUEtJJlSs/oCJFiunrrxdnKTN9+pdq1aqNypWroHLlAvXss+20b99+43h8fLyGDx+pevUays/PX1WqVNMbb/TWuXPn8lQmp5/p079UmzbBKlOmnIoUKabo6LN3LN+5cxcVKVJMX3zxpd3+mJgYvfRSN5UuXU7lylVQr15vKi4uPsv5X321SA0aPC5f31KqWLGq3nrrnWzr2bdvv4oXL6mAgEp5vu82m01ffjlDjz5aTyVKlFbNmnU0a9Ycu+Nz587X4483lb9/eZUqVVaNGzfT0qXL7MrEx8frgw8G6cEHH1aJEqXVrFlL7dix8y//OwIAAAAAAAAAAMgtpoC+6U4hy549u4zPS5Z8q4kTJ2n79q3GPm9v73yHNA4ODnJwcMjV+Zs3b1Hnzl1Uu3YtffrpOFWqVFFXr17VihUrNWTIMC1fvjRfbUhLS5Ozs3O+zr0bkyn9OwY59c9kutX3Tz8dJ7M5TTabNdvt/Ni5c7fi4xP04YcfKiAgQL/++qsGDRqs+Ph4jRnzH0nSxYsX1a7d83ryydaaMuVzHTwYrjffDJW7u7t69XpdkrRq1RqVL19er7zyinx8fPTtt9/qtdfekLu7u4KDn5YkpaQkq1SpUnrqqaf02WeT7fqWISkpWTVr1tQrr7yiTp06Z1tmyZKlatOmjYYOHSqTyaSwsDC1bdteP/+8TWXL+uv8+Qv6+eef9cYbb+ihhx7S+fPnNWTIUHXs2Flbt26WpFyVyUlKSqratGmtNm3aaMiQoZJyfn4zZsxSQkKCChUqZPce22w2vfjiS0pKStLq1auUkpKi119/Q2+80VsLF84zzv/88ykaM2asBg78QPXr11daWqpOnDiRpb6EhOt67bU31Lx5MyMMv9Xeu9/3mTNn64MPBmvSpAl6/PHHtWfPXoWG9pGnp4c6dGgvSSpUqJBCQ0NVsWJFSdKyZcv06quvqXjx4mrc+HFJUp8+fbVv3359/vlkBQQE6KuvFql9+xD9/PNPqlChwh3vKwAAAAAAAAAAwN/BZGN4mRYtWqSnnnoix+MZIaaUHngNGjREFy+eM/b98MMPGj36Yx05clQlSviqbdvnNGjQ+3Jzc5Mkff75VE2fPlPnz5+Xl5eX6tevp3nzZql37z766quv7eras2eHqlSpnKUNKSkpqlGjjmrUeFjffbdUFotZVqtVJpNJjo5OunLliooU8dCaNWvVs2dvnT17yjj32LHfVbduAx0+fFBlypTWJ598qvXrf9BTT7XWzJmzFRNzUZcvn9fGjT9q1KjROnbsd7m4uCgoqKq+/HKaypUrK0lasOArjR8/UadPn1Hp0qX15ptvqGfPHne5t9+oV683FRt7Kcux4sX9NG7cJ+rWraskqXz5ipo0abyee+7ZbLd3796jYcM+1IEDB+Xp6al27Z7TyJHD5e7unmP9jo5OcnR0ksVils1mlYODo4YN+1DffLNEERG/SpI++eRTTZkyTSdPRslkSg/lhwwZrqVLlxllnJ1dJUkWi1mSTY6OzmrSpLkqV66oqVMnS5JMJpOcnFxktVr01FPPKjCwgiZOHGfXHgcHRzk4OMpms8rTs6i+/PILhYS0tyvj6uoui8Uiq9UiKT00Ll26rCZO/FRdurwgk8kkFxc3mc1m2WwWmUwO+vHHzWrbtr0OHNirgICAXJXJiZNT+pcBtm3brjZtghUZGa7SpUtlKRcZeUTt23fUtm1bVLNmbY0cOVzdu78iSdq5c5fatHlG27dv08MPV5Nk0oYNP6pDhxD9+useVahQQVevXlW1ajX0xRdT1aFDu5v9NclkMt28z7e8/npvlSpVWiVK+GrcuPE6fvyocSw39/3JJ59W5cqVNXXqZFmtFjk4OOqDD4Zo69aftG3bZuNdkWR84cDR0VlVqz6grl276P33BygpKUn+/hU0dern6tSpo2w2qxwdnVW/fiM1atRAY8Z8lOM9vXAhRj179taNGzeyPV64cGFNnz5Ffn4lsz2+du0Gde7cOcfrAwAAAAAAAAAAZGAK6JvuNP2q1WoxfjLy8oztzZs3q1u3HurRo7t++WWfZs+epc2bf9KQIcNls9m0ZctPGj36Y40f/6mOHj2itWtXqUmTxjenpJ2uNm3aKDQ0VCkpSUpJSVKVKlWybcNPP23ThQsX9N57A5SSkiSzOU1Wq0UWi1mpqcny9PSQzWazG3F7a/pYk10/HRwcdPBguE6fjtavv+7X+fNnlZBwXV27vqKOHUMUHn5Q27dv1WuvvWaM6ly/foPefrufevbsqV9+2acBA/pryJDhWrJk6V2mrrXleH9vtsiunRmjN2/fjomJ0fPP/5+qVq2qXbt2aNasGVq7dp0GDhxyx/rN5jTjflksFqWlpSopKUm+vj5Gmb1796lRo4ay2dKfqdmcpqZNmyg6OlpnzkTLZrMpNTVZqanJsljMslgsSk1NVkpKsnx9fTO9J1alpibLbE7Lsd8Wi1lpaSk3y9j3P+MnOTlRaWkpN+sy6/r19GmTfX1LGPUkJyfKbE6VxZLe3uvXr8tkMqlo0WK5LpPTT1paqtLS0s/L6dklJiaqe/ee+uSTj+XrW/xmuVtl9+zZJ29vb1Wv/oAslvT3tFGj+pKk3bv3ymazaePGTbJYLIqPj1etWo+qatUH1blzF/3+++92dX399WJFRh7V0KGDZbVas7QpN/c9NTVN7u7uN/9urDKb0+Tu7qqIiMOKj08w3pWM9yQxMVGLFy/WhQsxN98Nm9LS0p+9i4uL8QWMtLQUFSpUSLt27b7jPS1ZsoR69349x/8/vXu/rpIlSzAFNAAAAAAAAAAA+NOYAvqm3IYsmae4laRx4ybozTd7q2vXF2WxmFW6tJ/Cwsbquefa6b///Y+io8+qePFiatiwnlxcnFW0aBFVrVrFCCZtNqusVotu3Ii/Y70nT56UJFWsGJhDW+3blblM5n0Zn11dXTV27H/l5JQeGF+6dElJSUlq1eoJ+fh4SyqqcuU6yGo1y2az6bPPPlfHjiHq1et1WSxmvfxyFx0+fFiTJk1Whw7t7nrfihYtkcP9vL2t2W/PmjVXxYoV06RJE2SzWRUYWF5jx36sl156WUOGDFSxYsXu2gZJOnw4UnPmzNVnn00y6omJuajatWvZ1VusmLek9Omhy5QpneU68+YtUFTUcc2ZM/uO787d3qvcBHwffDBYlStXVvPmTbMtGx+foFGjPtJLL71kfBEgP2Xy0sbBg4fpkUce0bPPBhujdTOXu3jxknx9fY0QWZKcnZ3l6empixcvy2ZLX7tXksaPn6jx48fJ27uoRo4cpeDg57Rz53Z5enroxImTGjJkhNat+14mU9Z3+k5tzqxVq5aaNm26nn++nerUqa1DhyI0b94C48sFHh6FJUlHjx7V4483l8Vikbu7u6ZP/0INGzaQ1WqRh0dhNWhQXxMmTFKtWjVUqlQpLV++Qnv37lXJkiXv2qZWrVrqwIGD2rDhR7v9TzzRQq1atSToBQAAAAAAAAAA9wQjgA22XP7Ylz94MFxjx36iIkWKqWjREvL29tGTT7ZRcnKyzp8/r6efbiNnZxdVr15Tb77ZR99++60SEuJyvJ5kU/PmreTrW1q+vqVVu/ZjduWsVnOe2me//9Z2YGAFOTmZjO2AgHJ67rln1aRJc3Xp8rKmT/9S585FK306XJt+++031atXT2Zzimw2i8zmVNWrV1e//x4lm82q+Pg4o82+vqX11lt97dqze/fOLD+Ojo53bGPm7fRprOvKak2TzZY+ovTRRx+RxWJRVNTxO9R/6+f48ePq2LGz3nij581pl9P3m0w5Pf/06aBv379mzVoNGjRUc+bMUmBg+Ts8h7y9S9n9DB/+obZt+1nffrtYjo6mLMdv3LihLl1ekq9vCX3yyZhsr5FTmSFDhtvdszNnTueqH99/v06bN29RWNhYWSxpyq4vJpOyPTf9nqb3w2azKi0tTZ988rGaNn1cNWo8qNmzZ+rixUtas2aNLBazevbspYEDP1DFiuWzrSe3933AgH5q376dgoPbqkSJMgoJ6Wys/evkdOs9DAwM1J49u7R58yb17v2G3nrrbe3atdM4PmPGF/LyKqIaNerIz6+sPvtsip599pls3uXsf3r3fl2BgbfWCg4MrHBzZHBu3xUAAAAAAAAAAIA7YwTwTXkdfXdrKmirxo8fp1693shSJjExQTabtH//Hm3evEUbN27UqFGjNWbMWP344zoVKVIk42p29S9atECpqelTBDs6Ospms6lixYqSpCNHjqpevcdybJfpZvKW+Xq3j9C02SRXV7csfV64cL5++eWA1q1bp8WLl2jUqP9o2bJvVLt2rZvnW2+77q0pggsXLqxfftlrHCtUqJDdiNAqVQJzbLN9O24fbWq/nV39JpMpx/oz/PbbMbVv31GdOnXSyJEjlJqabBwrWbKkYmIu2pW/eDF9zWIfHx+7/cuXr1SfPu9o1qyZevLJllnWqrXvV+7eq5zKDBo0TCtXrtYPP3yvMmVKKWNt2gwJCQnq1KmrnJ2dtXTpEjk6Zr3WncoMGNBPr7/e0yjr5+d715HjkrR9+8/644/TKlv21jrCFotF778/UFOmTNW+fTtVokQJXbp0ye68pKQkJSQkqEQJn5vTIvtJkipUKGdMiV24sJtKlPDV2bPnlJCQoF9++VUHD4brvffeN9pitVrl61tGkyaNV6dOIdncz6z3wcFBmjRpgj77bKIuXIhRyZIlNGHCRLm4uMjP79boXWdnJ1WoUE4mk0l16jyiyMgjmjjxcy1YMPvmPSqhtWtXKyUlRbGxcfLzK6l27TooICAgV8+6cOFCevfddzRgwEBJ0rvvvqPChQvl6lwAAAAAAAAAAIDcIAC+KfcBzK1QTJJq1qyplStXqWvXzjmeYTanqGnTx9WiRTMNGzZUZcqU088/71Dr1k/KxcVZFovFrv4SJXxkv26vVQ0b1pefX0mNGzdRixcvMILeDJcvX5GPT3H5+BTXjRs3lJSUJDc3N0lSVNRxo+236sk6rW9y8g099FCQatR4SIMHD1SzZi303XcrVavWIwoKekC7du1Sly6djPK7du1W1apVJKWHsP7+madKtl8DOPNUwHZ387awLqftoKAgLVq0SGaz+eZoy/T6HR0dVbFi4B3ql8LDDykk5AW98ko3DRs2WCkpSXZtqFu3riZPnqyUlBS5uLhIkrZs2Sp/f3+VLu1nXOfrr7/Ru+8O1Lx5c9SyZbNM6/jmLD9TQFutVg0Y8L5+/HGzfvjhe5Uu7Ser1f7+xcbGKiTkBXl5eembb76Wg0N6sJ+XMl5envLyKmJs3x7w5/Su9Ov3jrp372FX1+OPN1GfPqF68cXOstlsqlv3UcXGxurXXw+oZs0akqSfftoqSXr00TpGGUk6dux3lStX9mabr+nixUsqV66cPDw8tW/fHrt65s9fqLlz52rjxh/k61ssx/ub3f6UlERJUtGinrpxI15z5szTE0+0lLOz8239Tr/XFotZycnJxpcwMq6blHT95v0rrMjICP344yaNGvVhrv+HBAZWUK9erxmfCX8BAAAAAAAAAMC9RABsyFsAnPH7gw/e1bPPttP77w9S164vyM3NXUeOHNGOHbs0ZswoLV++SnFxsXrssbry8iqiH37YKJvNpsqVK0uyqXz58tqxY6dOnz6twoULy9vbywg4M3N2dtS0aVP1f//XWc8+2149eryiwMBAxcZe09q16/Xbb79r2bKvVa1akHx9fTVz5hy9+ebrio4+q3HjJmRq8+1T5aY7cuSoVq1aq1atWsjPr6SOHYvS8ePH1aXLC5Jseuedt9WxYydVr/6gWrZsru3bd2ju3Pn64oupuhWKZx/y3vn+ZjfFbdbt7t1f1uTJn6t///fUu3d6v4YMGa5u3V6Wt7eX0kPKrPWHh0eoXbuOatasidq2fUb79+8zjlWv/qAkqWvXzpo06TP16fOO3nqrtw4fjtTMmbNvhnrpo24XLvxa77zzroYPH6qSJX104MABSekjOjNP6Xvo0GFJ0vXr13Xt2jUdOhQhV1cXValS+eb+Gzp58pRRPjo6WocORahYsaLGWsN9+vTVmjXrNGPGdF25ckmXL1+UJJUo4auSJUsoLi5ObduGKDU1VWFhY3X48CHjehUqBMjDo3CuyuQUPMbEXNTFi5eMdad/++2YLl++orJly8jb21vFinmpeHFvu3McHBzk6+sjf//0kcqPPlpLjz32mPr2HaCxY0crNTVFgwYN07PPPqNy5crKZrOqcuVAtWnTWkOHjpC7u6u8vLw0evQnKlmypJ56qrUcHKTAwLJ29fj6FpOjo6MCA8vKar317tztvkdFndD3369TnTq1FRcXp2nTZujSpUv65ptFxjX69XtfjRs3kr9/aSUmJmnlytXavHmLZs360iizfv0GXb58RZUrV9KpU6c0evRYPfBAkF599WXl/n+I9MQTzW9+IvwFAAAAAAAAAAD3FgHwTbkdhZdRLKN8gwaPafXqlfroo//oqaeek4ODoypVqqjOnf9PNptN3t7e+vLLmRo5coxSU1NUqVIlzZs3RxUrBspms6pnz9f0yy+/qlGjZkpMTNKOHVtUuXKlbOtu3LiBtm7doo8/HquBA4cqNjZO/v5l1KhRQ3322UTZbDa5urpo7tzZ6t9/gCZO/EwBAQHq0ydUPXr0zDLaNPNnDw8PHTgQrjlz5ik2Nk6lSvmpV69e6tLlBVksaWratJEmT56kTz4J04gRH6l06dIaM2a02rYNvuNI2NvvVzYlcjUFtLd3Ea1YsUwffDBIzZo9KQ8PDz3/fAeNHDk8y9TImW3e/JPi4uK0fPlKLV++0u7YpUvRkqRixby1atVyDRjwrlq1ClaxYkU1cOD7eu21V5WWliJJWrlytaxWq4YP/1DDh9+6RsOG9bV8+RJJktlsVrNmrYxjv/56QKtWrVaFCgHas2e7JGnfvv16/vlbo8VHjRqtUaNGq0uXzho//hNJ0vLlq5SSkqJOnV6wa+977/XTu+/207FjUYqISA88W7RoZVdm+fIlatiwfq7K5GTmzNn69NNJxnZGe6dMmaSQkPZ3GHVrNUYq22wWLVo0X/36vauQkM5ydHTSM88Ea+zYMXZlvvxymgYNGqqXXkofUVyv3mP6/vvVcnNzkc1myzJyPGNUeeb9ubnvTk5OWrVqrT755FM5ODioYcOG2rjxB5Uv72+8P+7u7ho9+mOdO3dehQsXVlBQVS1evEitWjU33nGTyUGTJn2uM2ei5eXlpWeeCdaIEcPk4JD3aeQBAAAAAAAAAAD+CiYbqYUWLVqkli0b56qss7OrXF3ddf16rLHP0dFJLi5ucnR0kpS+RmlaWqrS0lLk6OgkV1c3OTg4SjLJarUoNTXZLlBycyskR0cnmUzSjRvxslpzDjQdHByNukwmk5FsC/IAACAASURBVGw2q8xms1JTk40gK71Odzk4OMhqtSo1NUXu7oV0/XqcbDabXFzc5OTkrMTEBOO66e1wl4PDreumpaXarZXr7OwiFxc3mUwOstnSr5sRkObEyclF7u6FlJAQm+WYh4e3UlISlZaWenPbS8nJica9KVeukubPn60mTR6/2S/Hm/1Kv89paalZpnO+nYtL+vPKTuY2OTg4ys2tkBwcHG/2PUWpqbf65u7uISenrN+XMJvNxpTAkuTp6Z2ljNVq1Y0b8Tf74KRChTyylElNTTWmKPbw8NZtM3xLklJSkpWamiwHB0cVLuyZbZ8SE6/LYjHnqkxOXFzc5OrqlmV/UlKizObUbM/x8PBSSkqy3ftgMpnk6lrIuG9mc5qSkxOznOvmVkhOTs6SMqZdTsox1E//+3PT9etxdvvvdt9NJge5uxe++Xdok8ViVkpKkt3fmquru5ycnGUyOSgjZE5LS7H7goOjo7Pc3Nxv/g3YZDan3XwH/9p/oxs3blXnzjlPMw8AAAAAAAAAAJCBEcCG3AU4aWnJSktLtttnsaQpKSn7UbAWS5oSE+80QtaipKSEHI/fzmo1Kzn5+h3LZFdnQsKtYC41NUmpqfbBaXo77nzdtLS7B763M5tT7OrO7Pr1a7dtpweyN27c0JYtW5WamnpzNHTGOsJmu9A6N1JTk+1C7JxYrWYlJsbneDy3zygh4dodj1ssaXctc/t9uZ3Var7rNXJTJifZvR93k/kLERlsNttd31Upfe3p3Mru70+6+3232Sx3fL5S+hrBKXd5vS2WVN24kX0IDgAAAAAAAAAA8E9AAHwTA6H/OaZM+UKzZ8/TiBHDVbp0qTtO8QwAAAAAAAAAAADgFgLgmwiA/zkGDRqoESNGGFMeAwAAAAAAAAAAAMgdAmClr1X6V6/hidxLn4o361qxwP8qU3aLQgMAAAAAAAAAAGSDAFiSp6enLl26Kh+fove7KQBg59Klq/L09LzfzQAAAAAAAAAAAP8SJhtzHyspKUmbNm1SfHz8/W4KABhMJpM8PT3VokULubm53e/mAAAAAAAAAACAfwECYAAAAAAAAAAAAAAoIBzudwMAAAAAAAAAAAAAAPcGATAAAAAAAAAAAAAAFBAEwAAAAAAAAAAAAABQQBAAAwAAAAAAAAAAAEABQQAMAAAAAAAAAAAAAAUEATAAAAAAAAAAAAAAFBAEwAAAAAAAAAAAAABQQBAAAwAAAAAAAAAAAEABQQAMAAAAAAAAAAAAAAUEATAAAAAAAAAAAAAAFBAEwAAAAAAAAAAAAABQQBAAAwAAAAAAAAAAAEABQQAMAAAAAAAAAAAAAAUEATAAAAAAAAAAAAAAFBAEwAAAAAAAAAAAAABQQBAAAwAAAAAAAAAAAEABQQAMAAAAAAAAAAAAAAUEATAAAAAAAAAAAAAAFBAEwAAAAAAAAAAAAABQQBAAAwAAAAAAAAAAAEABQQAMAAAAAAAAAAAAAAUEATAAAAAAAAAAAAAAFBAEwAAAAAAAAAAAAABQQBAAAwAAAAAAAAAAAEABQQAMAAAAAAAAAAAAAAUEATAAAAAAAAAAAAAAFBAEwAAAAAAAAAAAAABQQDjd7wYA/yR169aV1WqVJH377bcKCAi4434AAAAAAAAAAADgn4QAWFKrVq109erVXJdfuHChqlates/bcfDgQe3atUuSVL58ebVu3Tpf17HZbNq2bZvWrl2riIgIXbt2Tc7OzvLz89NDDz2k4OBg1axZ8142/R/j8uXLdvdt0qRJatCggV2Z0NBQ4z4/8cQTGjNmzN/axpxYrVatXbtW+/fv15EjR3T58mUlJCTIw8NDQUFBat++vVq0aJHtuVFRUZo9e7b279+v2NhYeXl5qVatWnr11VdVuXJlu7J79uzR9u3bFR4erpiYGF27dk0uLi4KCAhQq1at1LFjR7m4uNids2nTJm3dulWRkZE6efKkbDabJKlLly7q27dvlvZcvXpVixYt0pEjRxQZGan4+Hjj2NatW1WoUCG78rGxsVq3bp3279+vEydO6MqVK0pOTlaxYsX0yCOPqEuXLnrggQf+VD/yU8fd5PW+3G7SpEmaN2+esR0SEqL3338/S7m8PN8Mly9f1oIFC/Tzzz/r/PnzkiQfHx8FBQXpxRdfVPXq1bM979KlS+rYsaMSEhKMfRs3bpS3t7dduXnz5ikiIkKRkZG6cOGCsX/8+PF6/PHHs732rl279PXXXysiIkLXr1+/Yz8uXryomTNn6vDhw4qJiVFCQoIcHR3l6+urGjVqqHPnzgoKCvpTdQAAAAAAAAAAUBARAP+DhIeH68svv5QkNWrUKF8B8NWrVzVo0CDt27fPbn9KSoqioqIUFRWl5cuXa/PmzfL09Lwn7S5IunTpYoz09fLyuuv+eyk5OVkjRozIsj8uLk67d+/W7t271bVrV7399tt2x3fs2KH+/fsrLS3N2HflyhVt2LBBmzdvVlhYmBo1amQcmzRpko4ePWp3DbPZrMjISEVGRmrz5s364osv5OR069/DsmXLjNA8N86ePavZs2fnuvyhQ4cUFhaWZf/Fixe1fv16bdy4UWPHjlWTJk3y3Y/81HE3eb0vmf3666+aP3/+Xcvl9flK0oEDB/TOO+/YhbiSFB0drejoaD344IPZBsA2m00ffvhhlvOyM3XqVLs23c2MGTM0bdo0u32Z+zF27Fg1btzYOHbu3DktXbrUrrzZbDb6sH79en3++eeqXbt2vusAAAAAAAAAAKAgIgCW9H//939KTEw0tvft26fDhw9Lkry9vfXcc8/ZlS9evPjf2r7cSklJ0VtvvWUXilWrVk0NGzaUh4eHLl68qN27dysqKuova0NSUpLc3d3/suv/1d5666087f8rBAUFqWXLlgoICNCFCxc0Z84cXb58WZI0f/58tW/fXmXLlpWUHg4PHTrUCOKaN2+uFi1aaPPmzdq4caPMZrOGDRumZcuW2Y3gLFGihFq3bq0HH3xQycnJ+uabb4x3/uDBg1q9erXatm1rlC9VqpRatmypBx98UD/99JMOHDhwxz44OzurZs2aeuCBB1S8eHFNnjz5rv02mUxq2LChGjVqJB8fH0VGRmr+/PlKS0uTxWIxwjuTyZTvfuSnjjvJ633JcOPGDQ0fPlw2m00uLi5KTU3Ntlx+nu/ly5fVv39/I8Rt1aqVnnzySRUvXlyxsbGKjIw03p/bLV68WLt27bpjmzJUrVpVFStWVLVq1TR58uQ7hsZRUVH64osvjO3BgwerVq1a2rlzp8LCwmQ2mzV8+HB99913Rj9cXFzUqFEj1alTRyVLlpSjo6PCw8O1aNEiWSwWmc1mff3110YAnJ86AAAAAAAAAAAoiAiAJXXv3t1ue8KECUaIVKxYMfXp08fueEpKiubPn68NGzbo1KlTSk1NlZ+fn5o0aaJXXnklS7iwYsUKrVixQidOnFBSUpI8PDzk4+OjKlWqKCQkRNWqVVO9evXsztm+fbvq1KkjSfLw8NCWLVvu2o/Fixfbhb9vvPGGevTokaXcrl275OzsLEkaPXq0li1bJknq2LGj3nvvPaNchw4d9Mcff0iyn9Y18yi7J554QiEhIZoyZYqOHj2qsmXLatGiRTp//ry+/PJL7d27V5cuXZKjo6O8vb1Vrlw5Va9eXb1797Zr08GDB7Vo0SIdOHBAsbGxcnNzU2BgoNq0aaN27drZjUb9K+VnDeDz589r/vz52rlzp2JiYuTg4KDSpUurcePG6tKlS67DJmdnZ3322WeqX7++3f6goCC753jkyBEjwFu7dq3i4uIkSf7+/hozZowcHR31xBNP6Pfff9cff/yh+Ph4rV69Wl26dJEk9erVS4899pjdPW3atKmefvppXb9+3agjc3A6ePBg43NkZORd+xIUFKQZM2ZIkk6dOnXXALh8+fJasmSJ3X1t2rSpXFxcjHctJiZGV69eNb6Akdd+5KeOu8nrfckQFhamc+fOqVq1aipXrpzWrVuXbbn8PN/58+cb53To0EEDBw60u+bto4UznDp1Sp999pkkqU+fPho3btwd+zBnzhzjc+bgNTtbt241psd++OGH1a5dO0npz2T58uWKiopSQkKCXT+qVaumCRMm2F2nefPmunDhgjZu3CgpPUj/M3UAAAAAAAAAAFAQOdzvBvzbxMfH69VXX9XEiRMVGRmpxMREY1rShQsX6sUXXzTW25TSQ9lRo0YpPDxc169fl8ViUVxcnI4fP67vv/9eBw8evGdtW716tfG5WrVq2Ya/klSvXj25ubll2Z/bUY+ZHTlyRL1799aBAweUnJwsm82m5ORk9ejRQytXrtT58+dlNpuVkpKimJgY7d27V1999ZXdNRYvXqwePXpo48aNunz5ssxms65fv67w8HB9/PHHCg0NVUpKSp7b9ncIDw9X586d9c033+jMmTNKTU1VcnKyTpw4oTlz5qhz586Kjo7O1bWcnZ2zhL+S7AJLSSpSpIjxec+ePcbnmjVrytHRUZLk4OCgRx55xDi2d+9e43PDhg2zBOqFCxdWiRIlsq3j71CuXLks/ZTs++7g4CAPDw9jO6/9yE8df4UtW7Zo1apVcnNz06hRo+745Yb8PN8ff/zR+Ozp6alu3bqpcePGatq0qUJDQ7MdpWw2mzV06FClpKToueeey9M02LmREchLMr58kt32/v37c7xGUlKS9u3bp19//dXYl/nv5V7UAQAAAAAAAABAQcAI4DwaN26cfvvtN0npIet7770nb29vzZo1SytXrlRMTIw+/PBDY0Thhg0bjHPDwsL00EMPKS4uTtHR0dq5c6eKFSsmJycnzZgxQ+vXr9eSJUskpY9gy5h2OCP0uZPU1FSdOHHC2M7POpf5CYCjo6NVqlQpvfzyyypatKguXbqk8PBwxcTESEoP6fr16ydXV1fFxMQoMjLSLtQ6efKkxo0bZ4zca926tVq3bq0//vhDU6dOVXJysvbt26eZM2dmGTWcG3/l1M1paWkaPHiwETwFBQXp1VdfVWpqqqZMmaJz587p0qVLGj58uGbOnJnvelatWmV89vX1tVvzNHO47OPjY3de5u27hdCHDx823h+TyaQnn3wy3+29lzJ/qaF58+ZydXW9Y/n89COvdfwZV65c0UcffSRJ6tu3r8qXL3/H8nl9vtevX9eFCxeM/ZlH6Urpo//37NmjMWPGqEWLFsb+GTNm6MiRIypTpoz69++v2NjYPPbszipWrGh8PnjwoHbs2KFatWpp165ddrMWZP7yTIYJEyZowYIFdvs8PT0VEhKiF1544Z7UAQAAAAAAAABAQUIAnAdJSUlav369sT1s2DBVqlRJkjRo0CCtX79eKSkp2rdvn86ePasyZcrYjbQ9d+6cSpUqJX9/f1WsWNFulF3NmjV16NAhY7tIkSKqWbOmXf07duzIdvRanz59sqy/mZ81LnMTNN/OyclJ06dPV6lSpYx9mfuRkJCg8+fPq3z58qpevbpq1Kihzp07G8fXrFljTK1coUIFjRo1SiaTSY0aNVJycrKmTp0qKT0E7d27t8xms7Evs7p16+qxxx7Lc/v/jP379xthkqOjoz799FNj9Kmfn58xAvvgwYM6c+aMypYtqyVLltgFdJJUpkwZtW/fPts6vv/+e2P6ZGdnZ3300Ud2oxmTkpKMz7ePJHVxcTE+Z17j+nbHjh1Tv379jO0333zTeK/vF6vVqrCwMG3fvl1S+lq7AwYMuOM5ee3H3er4448/tHLlyizntWvXTv7+/nnqT4aPPvpIsbGxatCggZ5//vm7ls/r8739/4CLi4vee+89VahQQbNnz9b27dtltVo1ZswYNW7cWM7OzoqIiNCsWbPk4OCgkSNHqlChQvc8AG7VqpXmz5+vqKgomc3mHL+YkduR/iaTSWlpabJarcb/rXtdBwAAAAAAAAAA/1YEwHkQHR0ts9lsbHfq1CnHsidOnFCZMmUUHBysXbt2SZI+/fRT47i/v78aN26s7t27y8vLK1f179+/X3Pnzs2yv0+fPvL09LTbl58AJz8jgB966CG78FdKHwlbsWJFHT9+XOHh4QoNDZUkubm5qUaNGurUqZOxnvCpU6eM82rUqGHXhswB+KVLl3Tjxg05OTllew9cXFyyDYCbN2+u0qVL2+378ccf78kowMxtL126tN3Uw9WrV5ejo6MsFouk9JHOZcuW1Zo1axQREWF3nVq1amUbAE+fPl3Tp0+XJLm7uyssLMxu9G/G/gxpaWl2x1JTU43PhQoVyrYP27Zt06BBg4ygMTQ0VN26dcu503+DxMREDRo0yAhmy5cvr88//zzLCNjM8tqP3NRx9uzZbN+1+vXr5ysA3rhxo7Zt2yYvLy8NGzYsV+fk9flmDoUlqWXLlsYayAMHDtTTTz8tKf3/Q2RkpGrUqKGRI0fKarXqlVdeUY0aNfLcr9xwdnbWtGnTNG7cOG3YsMH4P+rn56fAwEDt2LFDUvZTj7/88stq27atEhISFBERoS+++ELx8fGaP3++4uPjNXTo0D9dBwAAAAAAAAAABQkB8J9wp7VCM8Ka1q1bq1ChQlqxYoUOHz6sy5cvS0oPk7/66iudOHHCGOH5Z7i4uCgwMNCY/nbr1q05rgGcWebANXO4LUnXrl276/nZhXIZQczChQu1c+dOnTx50lgbd/fu3dqzZ49mzJjxl4VNmbVt21YNGjSw2xcVFXVPAuCMaavvtdTUVI0cOVLr1q2TJJUoUULjx49X1apVs5T19/fXyZMnJcl4tzJk3s4usPzqq680fvx42Ww2OTs7a9iwYWrTps297EqeXbhwQe+8845+//13SdIjjzyisLCwO35JIq/9yE8d98LFixclSXFxcWrdunW2ZZYsWaIlS5bo7bffVteuXfP8fL29veXm5qbk5GRJsvvyQ8mSJeXk5GT8nWdMXZ7RrtmzZ2v27NnZtqtly5Zyc3MzAvP88Pb21qhRozR48GBduHBBhQsXlq+vrzEltiRVrlw5y3lFixZV0aJFJaV/scLJyUkff/yxpPQZBAYNGmSMAs5vHQAAAAAAAAAAFCQEwHng7+9vF6DMmTNHAQEBWcqZzWa76VobN25srMmbmJio8PBw9e/fXykpKdq9e7eSk5Pl5uZmF8ZmTIucWZ8+fdSnT58c2/fMM89o4sSJkqTIyEjNmDEj2xB4165dqlmzptzc3OxGDmcEQZIUHh6u+Pj4HOvKkNOo4aJFiyo0NFShoaGy2Ww6d+6cpk6dqnXr1slms2nbtm2qUaOG3f0LDw+XzWYzrnnw4EHjmK+vrwoXLixJ2rdv313b9XeoUKGC8TljvV9fX19JUkREhDH6V5LRz9vXZL3dtWvX1K9fP2Ma7aCgII0fP9647u0effRRbdu2TVL6/bJYLHJ0dJTVatUvv/xiVy6D2WzWJ598oqVLl0pKD83CwsKyTDn+dzt8+LD69+9vBJvBwcEaPHiw3ZTXmeWnH3mpo0GDBvf9Xcvr83V0dFTNmjWNWQcy/01fuXLF7kset4+M/7u4ubkZfw/nz583vuggSc2aNTM+JyQkZJnZQLKfFttsNis5Odn435DXOgAAAAAAAAAAKIgIgPPA3d1dLVu2NMKEDz74QH379lVgYKBSU1N14sQJ7dixQ+Hh4frqq68kSWFhYXJ0dFT9+vVVsmRJeXp6Ki0tzS4czAh7M6/bGxkZqS1btsjb21ve3t7ZBs2369ixo9avX6+jR49KkqZNm6YtW7aoYcOGKly4sC5fvqw9e/YoKipKmzdvlpubm8qXL2+cv2XLFk2ZMkUeHh5asGBBvu/TqVOnFBYWppYtW6pSpUry9fU1gpoMGf1/+umnNXfuXNlsNp04cULDhg3Tk08+qTNnzmjWrFlG+WeeeSbf7fmr1K5dW35+frpw4YIsFov69++vbt26KS0tzW6d4ho1aqhcuXJ3vV5ycrJeeuklY3Sym5ubGjVqpDVr1tiVq1Onjh566CFJ6fdvxowZio+PV3R0tAYOHKgWLVpo8+bNOn36tCTJ09NTwcHBxvlDhgzRxo0bje2mTZvqwIEDOnDggLHP399fLVu2NLaPHDmimJgYSenTcWc4c+aMtmzZIkkqV66cAgMDJaWHdLt375ZkH0JK6dM1u7q6Skr/coSDg4OOHDminj17GuuzlilTRgEBAVq4cKHducHBwcao87z2Iz913E1e7kutWrXs1ijOsG7dOkVGRkpKn/a8efPmqlWrlqT8Pd/OnTsbAfCGDRv0+OOPq3z58poxY4ZRpmrVqsYXGEJDQ+2mk5ak+Ph4u/K9evXKMnXyzp07jXuZ+fxDhw4Zf98PP/ywihUrJil9/WNvb2/VqFFDnp6eioqK0owZM4z/C7Vr17YbrR8aGqpChQqpXr16Kl26tEwmkyIiIrR48WKjTEBAgF34m9c6AAAAAAAAAAAoiAiA82jAgAGKiooyfjLWt83Mz8/P+Hzx4kVt2rQpS8iU4YknnjDW76xTp44xwjg2NlYDBgyQlL6O7dixY+/aNldXV02aNEkDBw7U/v37JUlHjx41AuGc6p88ebKuXLkiq9VqhK4+Pj7y9vbO11rCZrNZu3btMkKo2zk7OxtT9FaoUEH9+/dXWFiYJOn777/X999/b1e+du3a6t69e57b8VdzdnbW6NGj1adPH924cUORkZF677337Mr4+vrqww8/zNX1kpOT7aamTk5OtgvhMrz99ttGAOzl5aWRI0dqwIABMpvN2rRpkzZt2mSUdXJy0ogRI+y+XJAxTXiG5cuXZ6mjUaNGdgHwwoUL7UZRZvjpp5/0008/SUpfqzVjhPrly5eN9/d2gwcPNj7//PPPcnV11dmzZ40wUUpffze7qdHr1q1rhLN57cf/s3enYVVV/f/HPweOgjMOIDjiTIpmSY6QmJpa4oRjllIOqalpWmkOlXe3pmmamlmZw88hHHIiLc0pNdPUNHPCDFBBRBFBAZnP/4E3+88REBwxer+ui+s6e++11/ruvQ88+bDWvpcxcnI398XNzU1ubm6Z2p45c8YIgGvUqKGXXnrJOHYvz7dZs2Z66aWXtGLFCt28eVNvv/221XglSpSw+k527do1U00XL160+u75+vpajSFJkyZNsgq902X8x43Zs2cbgWtkZGSWz0iSatasqcmTJ1utKJCamqqDBw/q4MGDWZ5TpEgRjR8/3mrf3Y4BAAAAAAAAAEB+RAB8lxwcHLRkyRKtXr1a27dvV3BwsBISElSiRAk5OjqqQYMGxnLPkvTCCy+oQIECOn36tK5evar4+Hhj5m3Lli3Vu3dvo62zs7OmTJmir7/+WkFBQZneyZsbpUqV0vz587V792798MMPOn78uKKiomQ2m+Xk5KS6deuqffv2xtKq9vb2+uyzzzRjxgydOHFCdnZ2atasmYYNG6YhQ4bcUwDs6OioV155RcePH9eFCxd0/fp1paWlqVSpUqpXr5769u2rmjVrGu179uwpNzc3+fv76+jRo7p27Zrs7e1VtWpVtW3bVr6+vlZLaj9O6tWrJ39/f/3f//2ffv31V0VERMhkMql8+fJ69tln9corr2QKzh40T09PLV26VIsWLdLhw4cVExOj4sWL6+mnn9arr76a5buD8c9xL8/3rbfeUr169bR69WoFBgYqISFBjo6OatasmV577TU5OTk98uvw9vZWbGysQkJCFBsbK3t7e1WpUkVt2rRRly5dVLBgQav2vXr10s8//6wzZ84oKipKCQkJKly4sCpWrKhGjRqpW7duKlu27H2NAQAAAAAAAABAfmSyWCyWvC4CeJwlJCTI09PT2N6xY0em5XABAAAAAAAAAACAx8HjOa0SeAxYLBbduHFDAQEBxr5SpUoR/gIAAAAAAAAAAOCxRQAMZOPq1atq27at1T4/P788qgYAAAAAAAAAAADIGQEwkAOTySRnZ2d17txZvXr1yutyAAAAAAAAAAAAgGzxDmAAAAAAAAAAAAAAyCds8roAAAAAAAAAAAAAAMCDQQAMAAAAAAAAAAAAAPkEATAAAAAAAAAAAAAA5BMEwAAAAAAAAAAAAACQTxAAAwAAAAAAAAAAAEA+QQAMAAAAAAAAAAAAAPkEATAAAAAAAAAAAAAA5BMEwAAAAAAAAAAAAACQTxAAAwAAAAAAAAAAAEA+QQAMAAAAAAAAAAAAAPkEATAAAAAAAAAAAAAA5BMEwAAAAAAAAAAAAACQTxAAAwAAAAAAAAAAAEA+QQAMAAAAAAAAAAAAAPkEATAAAAAAAAAAAAAA5BMEwAAAAAAAAAAAAACQTxAA/8NNnjxZU6dOfaB9+vn5af369Q+0zzuJjo6Wh4eHPDw89Oeff0qSxo4dKw8PD/3nP/+5q76ef/55eXh4aPPmzfdd15o1a+Th4aFOnTrdd18AAAAAAAAAAADAo0AAnMHx48f11ltvqWXLlmratKm6du2quXPnKjo6Oq9Le2hefvllBQQEZNpXr169PKrolkqVKsnd3V0VKlS4q/OeeOIJubu7q2TJkpKkkydPGuFyfn6OAAAAAAAAAAAAgCSZ87qAx8W+ffs0atQo+fr6aujQoXJxcVFERIQCAgK0f/9+tW3b9q77TElJkdn8z7vFrVq1yusSNHjwYA0ePPiuz/vss88eQjUAAAAAAAAAAADAP8M/L518CCwWi6ZMmSIfHx+NHj3a2O/q6qphw4bJYrFIktq1a6cPPvhAjRo1kiRFREToxRdf1M6dO1WsWDFNnz5dV65ckY2NjYKCgtSwYUMNHz5c06ZN065du5ScnKxixYrpjTfeMALlLVu2aOHChQoPD1e5cuU0aNAgeXt7Z1vrunXrtGjRIl2/fl1eXl6ysbFR4cKFjeOhoaGaOXOmjh07JltbWz333HMaPny47O3tM/U1ffp0/f3335o9e7a++eYb1apVS1OnTpWfn586deqkTp066caNVjRXPQAAIABJREFUG2rRooWGDRumn3/+WQkJCXJ0dNS4cePk5OQkSYqKitKMGTN08OBBmUwmNWnSRCNHjlSJEiWyvIbQ0FD997//1Z9//ilnZ2f1798/U5uxY8fqp59+UseOHTVhwgRJ0v79+zVr1ixduHBBdevWVdOmTTV79mwVKFBAv/76q6RbS0BHRUVp0qRJKliwoMaMGWP0mR5sv/322+rYsaOGDx+uc+fOKSYmRra2tqpSpYpeffVVtWzZMtv7DwAAAAAAAAAAADzOWAJaUnBwsMLDw+Xj45PlcZPJlOu+du3apR49emjlypUaNWqUAgICdOLECa1du1a7du3SokWLVKtWLUnSoUOH9OGHH2rEiBHasWOHBg8erDFjxuj48eNZ9n3w4EF9+umnmjRpknbs2KGmTZvqxx9/NI7fvHlTgwYNUo0aNRQQECB/f3+FhIRozpw5WfY3evRoVatWTcOHD9f69evv+C7hP//8U1999ZVWrFihWrVqWQWrY8aMUWJior777jutXLlSkZGRmjhxYpb9pKSkaPjw4Tp48KCKFy8uNzc3TZ8+Pcf7ev78eY0YMUJnz55VtWrVVLJkSc2bN++O51SqVElt2rQxtrt06aKePXuqVq1aSk5O1oULF9SiRQsNGDBAzZo10+nTpzVu3DiFhITkWA8AAAAAAAAAAADwOGIGsKRr165JkhwdHe+7r2eeeUb169c3tgsWLKjY2FgFBgbqySefVJkyZVSmTBlJ0saNG9WmTRs1adJEktS8eXM1b95cGzZskLu7e6a+N27cqBdeeMHov127dlqzZo1xfOfOnTKbzRo0aJAkyd7eXkOGDNGwYcP09ttv39d1vfzyy8Zy1n379tXChQt17tw52dra6vfff9f333+vYsWKSZJGjhypHj16KDIy0rjWdIcPH9b58+clSfPmzZOrq6t2796tt956647jBwQEKCUlRc7Ozlq4cKHMZrPmzJmjJUuWZHtOzZo11bt3b23ZskWSNGTIEDk4OEiS0tLSFBAQILPZrJSUFCUlJSkwMFBhYWE6dOiQXF1d7+1GAQAAAAAAAAAAAHmIAFhSyZIlJUlXrlyRs7PzffWVvixyunbt2ikqKkozZ87U+fPn9cwzz2j48OFydXVVRESEGjZsaNW+QoUK+uuvv7Ls+/Lly/Ly8rLaV7FiRePzxYsXFRkZKV9fX2NfWlqabGxsFB8fb7VU9N3KGOQWKVJEhQoV0uXLl2VjYyNbW1ur+1ahQgVJ0qVLlzIFwJcuXZJ0KxhPD1nd3NxyHD8iIkKSVKVKFSOIrlat2j1fT2xsrKZNm6Z9+/bp+vXrVseioqLuuV8AAAAAAAAAAAAgL7EEtG6Fii4uLtq0aVOWx9PfAVy4cGElJSUZ+6OjozO1vX25aFtbW/Xp00fLly/Xpk2b5ODgoA8//FCSVLZsWV28eNGqfVhYmMqWLZtlHU5OToqMjLTal3Hb2dlZ5cqV03fffWf8rFu3Ttu3b882/LWxyd1X4MKFC8bnq1ev6ubNm3JyclLZsmWVmppqBLTp15Bez+3Sry0pKckIWm+/B1lJ7yskJESpqamSlG1QnpGtra3xOS0tzfj81Vdf6ccff1SpUqU0c+ZMLViwwBgj/XkDAAAAAAAAAAAA/zQEwLoV2o4dO1YbNmzQrFmzFBwcrISEBOP9uelLCD/xxBPavXu3pFvvsl26dGmOfR86dEhnzpxRamqqChcurKJFixqhpI+Pj7Zs2aLffvtNqamp2rNnj3bt2qUOHTpk2Vf79u21efNmXb58WZJ04sQJHTx40Dju7e2t+Ph4ffnll4qLi5PFYtGlS5e0Z8+ebOsrU6aMzp07l+N1LFiwQFevXlVCQoJmzpwpd3d3Va5cWRUqVNBTTz2lmTNnKjY2VjExMZo1a5aaNm2aafavJHl4eBgzhN9++20tXbpUH330UY7j+/j4yGw2Kzw8XH5+fnrnnXf07bff5nhe2bJljVB+0qRJmj59usLDw40w2GQy6ebNm9q7d68xOxkAAAAAAAAAAAD4pyIA/p+mTZvq66+/1rlz59SvXz8999xzGjVqlCSpcePGkqShQ4fq/Pnz6tGjh4YOHao6derk2G9kZKTee+89tWjRQm3btlVQUJDGjx8v6db7gseNG6dPPvlELVq00Oeff67//ve/qlu3bpZ9NWrUSAMHDtTQoUP1+uuva9WqVWrVqpVxvGjRopo/f76Cg4Pl6+srb29vDRs2TMHBwdnW16dPH+3atUve3t4aMmRItu18fHzUv39/tW3bVjExMZo6dapxbMqUKbKxsVHnzp3VrVs3OTg4aNKkSVn2YzabNXv2bHl4eOjMmTPauHGjXnrppTveQ+nWUtezZs1S9erV9ffffysmJkb9+/eXZD3L93YODg4aNmyYSpcurb1798rf31+RkZEaMGCAPD09FR4ers8++0zJycmqUaNGjnUAAAAAAAAAAAAAjzOThfVucQc3btxQixYttGnTpmyXpn5Url+/ruLFixvb06ZN06pVq1S9enX5+/vnYWUAAAAAAAAAAADA48Gc1wUAufXmm2/KxcVFVatWVUhIiLE0d9++ffO4MgAAAAAAAAAAAODxQACMf4x69epp69at2rFjh4oXL64GDRrIz8/PWKIbAAAAAAAAAAAA+LdjCWgAAAAAAAAAAAAAyCds8roAAAAAAAAAAAAAAMCDQQAMAAAAAAAAAAAAAPkEATAAAAAAAAAAAAAA5BMEwAAAAAAAAAAAAACQTxAAAwAAAAAAAAAAAEA+QQAMAAAAAAAAAAAAAPkEATAAAAAAAAAAAAAA5BMEwAAAAAAAAAAAAACQTxAAAwAAAAAAAAAAAEA+QQAMAAAAAAAAAAAAAPkEATAAAAAAAAAAAAAA5BMEwAAAAAAAAAAAAACQTxAAAwAAAAAAAAAAAEA+QQAMAAAAAAAAAAAAAPkEATAAAAAAAAAAAAAA5BMEwAAAAAAAAAAAAACQT5jzuoDHgcViUUhIiOLi4pSampptO1tbWxUpUkSurq4ymUyPsEIAAAAAAAAAAAAAyJnJYrFY8rqIvBYcHCyTySQXF5cc24aHh8tisahKlSqPoDIAAAAAAAAAAAAAyD2WgJYUFxeXq/BXklxcXBQXF/eQKwIAAAAAAAAAAACAu0cALN1x2ecH0f5R8vPz0/r16/O6jPt248YNeXh4KCIi4qGO4+vrq23btt3Tufv27VO7du0eSvs5c+Zo/Pjx91TXvThz5ox69eolb29vffbZZ498fAAAAAAAAAAAADwYvAP4AVq8eLHmzp0r6db7gp2cnPTCCy9o0KBBj+ydwS+//LKqVq36SMZKN3ToUO3fv99qX+PGjY17kV9VrVpVQ4YMeSjtmzdvrvj4+Hst7a599dVXevbZZzV48GBJ0rFjxx7p+AAAAAAAAAAAAHgwCIAfsBo1amjp0qVKSUnR0aNHNXr0aLm4uKhTp06PZPxWrVrd87mpqakymUyysbn7ieHdu3fXm2++aWzb2trecx3/FM7OzvLx8Xko7evVq3evZd2TsLAwtW7dOs/GBwAAAAAAAAAAwIPBEtAPgdlslr29vRo3bqw6dero5MmTxrFDhw7Jz89P3t7e6tSpk1avXm117rp169ShQwd5e3tr/PjxmjhxoqZOnSpJunDhgjw8PJSSkmK037x5s3r16mVs374EdGhoqEaNGqXWrVurbdu2mjZtmhISEiT9/2WWly9frpdfflkdO3ZUVFTUHc/Jjo2Njezs7Iwfs9mc4/jpx0ePHq3nn39e3t7e6t+/v2JjY43jR44cUffu3eXp6anBgwfr8uXLxjF/f3917dpVXl5eeuGFFzRr1iyre3O75ORkTZ8+Xa1atVLbtm21ePHiTG1yej4Z3b6k8/Tp0zVmzBhNnDhRvXr1ynT+7e1jY2M1ffp0+fj4yMvLS927d9fx48clZV4C+vTp0xo4cKC8vb3VsWNHffPNN9kuRT5mzBhNnz7dat+GDRvUqVMnWSyWTO179uyp4OBgzZgxQ506ddIff/xhNX7692TlypXy8/OTr69vpmcBAAAAAAAAAACAxwMB8EMUFBSkwMBAVa5cWZIUGBioESNGyM/PT9u3b9eMGTO0aNEi7dixQ5J08OBBzZw5U5MmTdKOHTvk5eWlLVu23PP4N2/e1KBBg1SjRg0FBATI399fISEhmjNnjlW7I0eOaNGiRfr+++9VpEiRXJ3zIMaPi4vTwIEDVa5cOa1du1bbtm3T0KFDjfBYkgICAjR79mz9+OOPMpvN+vzzz41jpUuX1qxZs7R7927NmzdPu3btumNgu2DBAh08eFDLli3Thg0bdOnSJYWGhhrHc3o+ubF792717NlT3377rT777DPNmjVLFy5cyLLtxIkTdfbsWX311VfavXu3pk2bJgcHh0ztoqOjNWTIEDVp0kQ//fSTPv30U61bt07Lly/Psl9fX19t3rxZSUlJxr7169erU6dOWS5F7u/vr0qVKmnUqFFav369nnzyySz7PXbsmBYsWKDvvvtOZcuWtXoWAAAAAAAAAAAAeDwQAD9gQUFBev7559WyZUt1795drVu3Vo8ePSRJq1atUps2beTt7S1bW1tVq1ZN3bt31+bNmyVJGzdu1Isvvqj69evLxsZGbdq0yTaMy42dO3fKbDZr0KBBsre3l4ODg4YMGWKMl65v374qUKDAXZ1zu7Vr16ply5bGzy+//JJjXzt37pSNjY1GjBihokWLymw2q379+rK3tzf6HTRokJydnVW0aFF17NhRJ06cMI61bt1aFSpUkMlkkqurq7p166bffvst2xoDAgLUr18/OTs7y87OTm+++abVctc5PZ/caNKkiWrXri1Jqly5sipWrKhTp05lanfp0iXt3r1b48ePl4uLi3ENFSpUyNT2559/VrFixeTn56cCBQqoWrVq6tOnj9VM74w8PDxUokQJ7dy5U5IUHBysU6dOqX379rm+jqz06dPHCOebN29u9SwAAAAAAAAAAADweOAdwA9Y5cqVNW/ePCUmJmrVqlXavXu34uPjVbx4cYWFhens2bM6evSo0T4pKUnly5eXJF2+fFm1atWy6q9cuXL3XMvFixcVGRkpX19fY19aWppsbGwUHx9v7HN0dMz1OYULF85yrHbt2mngwIHGtoODg5YuXXrHvsLDw1WhQoU7vnPYycnJ+Fy4cGHFxcUZ23v37tXSpUsVFhYm6daM44oVK2bZj8Vi0ZUrV6yOFypUSKVLlza2c3o+uXH7DF57e3ure53u4sWLsrGxyVXfERERKl++vNXs3QoVKigiIiLL9iaTSZ07d9b69evVpk0brV+/Xp6enipTpkyuryMrGa/Nzs7O6lkAAAAAAAAAAADg8UAALMnW1vaBtbe1tTWCtpEjR+r48eOaP3++3nnnHbm4uKhKlSp69913szzXyclJFy9etNp38eJFVatWTdKtwFK6FUqmz8SMjo7OthZnZ2eVK1dOq1atyvL4jRs3JMkqWMzpnOwUKlRIZcuWvavxXVxcFBoaaoTCd+PatWsaNWqUZsyYoaZNm8rGxkYrVqzQ1q1bs2xvMpnk6Oioq1evGvtSUlKs7l9Oz+dBKleunNLS0hQWFpblrN+MypYtm+l7ERYWlul+Z+Tj46P58+crJCREmzZt0ocffvhA6gYAAAAAAAAAAMDjjSWgJRUpUkTh4eG5ahseHq4iRYrkuu+hQ4dq7dq1Cg0NVbdu3bRp0ybt3LlTKSkpSklJ0dmzZ3Xs2DFJUvv27bVp0yYdO3ZMaWlp+umnn/THH38YfZUuXVpOTk7avXu3pFvhb3bLAEuSt7e34uPj9eWXXyouLk4Wi0WXLl3Snj17Hug599qXt7e3UlNTNXv2bMXFxSklJUV//PGHEhIScuw7Pj5eaWlpqlmzpmxsbHK8F9Kt+7t8+XLj3birVq2yGiun5/MgOTs7y9PTU5MnT9alS5dksVh07tw5q3cSp2vevLliYmK0dOlSJScnKzg4WP/3f/+njh07Ztt/yZIl1bx5c40bN0729vZq0qTJA78GAAAAAAAAAAAAPH6YASzJ1dVVISEh+uuvv5SampptO1tbWxUpUkSurq657vupp55SgwYNNH/+fH300Uf69NNP9eWXX+o///mPLBaLXF1d1a9fP0lSo0aNNGzYML333nuKjY2Vp6en2rRpY/RlMpk0adIkTZs2TcuXL1fJkiXl5eWlffv2ZTl20aJFNX/+fM2dO1e+vr66efOmnJyc5OPjIy8vrwd2TnZy6iv9+KxZs9SxY0elpKSoRo0amjVrVo59ly9fXsOGDdPrr7+ukiVLqnjx4mrevLkOHjyY7Tn9+/fXrFmz1Lt3bzk5OenJJ59UpUqVjOO1a9e+4/N50D766CPNnTtX/fr10/Xr11WuXDlNmDAh04xgBwcHff755/r000/1zTffqFixYurQoYN69+59x/59fX01aNAgDRw48K5nWAMAAAAAAAAAAOCfyWSxWCx5XQSyN3nyZNna2j6SZYmRv4SFhalz587auHGjnJ2d87ocAAAAAAAAAAAAPAJMCwTyoZSUFC1ZskQtWrQg/AUAAAAAAAAAAPgXIQAG8pmTJ0/K29tbf/zxh0aMGJHX5QAAAAAAAAAAAOARYgloAAAAAAAAAAAAAMgnmAEMAAAAAAAAAAAAAPkEATAAAAAAAAAAAAAA5BMEwAAAAAAAAAAAAACQTxAAAwAAAAAAAAAAAEA+QQAMAAAAAAAAAAAAAPkEATAAAAAAAAAAAAAA5BMEwAAAAAAAAAAAAACQTxAAAwAAAAAAAAAAAEA+QQAMAAAAAAAAAAAAAPkEATAAAAAAAAAAAAAA5BMEwAAAAAAAAAAAAACQTxAAAwAAAAAAAAAAAEA+QQAMAAAAAAAAAAAAAPkEATAAAAAAAAAAAAAA5BMEwPjXOHr0qDw8POTh4aHnn38+r8vJc4MHDzbux5o1a/K6nMfGnj17jPvSvn37vC7nsTdr1izjfn3wwQfG/gULFhj7x44dm4cVAgAAAAAAAADw72LO6wIeNxaLRXv27NHmzZt1/PhxXbt2TQUKFJCzs7Pc3d3Vvn171a9fP6/LzFO+vr46d+7cHdvMnj1bTZs2fUQVQZLOnz+vxYsX6+DBg7py5YpsbW1VvHhxOTs7q06dOmrTpo3q1q2b12XiIfvjjz+0f/9+SVLlypXVtm3bPK4obyxcuFDJycmSpC5dusjR0TGPKwIAAAAAAAAA4NEgAM4gKipK7733ng4dOmS1PzExUWfPntXZs2e1fv167dy5U8WKFcujKoHMTp8+rQEDBujmzZvGvpSUFF25ckVXrlzRn3/+KTs7OwLgf4Fjx47p66+/liR5enrmWQBcr149vfzyy5KkWrVqPfLxFy5cqISEBEmSl5cXATAAAAAAAAAA4F+DAPh/EhMTNXz4cJ0+fdrYV7t2bTVr1kxFixbV5cuXdeDAAZ09e/ahjG+xWJSYmCh7e/uH0n9uJSYmqkCBArKxyd3q4O7u7mrQoEGm/eXLl3/QpeEO5s6da4S/Li4uatu2rUqUKKHIyEiFhITo4MGDeVxhZjdv3lShQoXyugw8JA0bNlTDhg3zugwAAAAAAAAAAP51CID/Z+XKlVbh76BBg9S/f/9M7fbv368CBQpIkmJjYzVz5kwFBgYqIiJCsbGxkqQyZcqofv366tu3r6pXr251fsOGDZWWliZJWrZsmX788Udt3bpVV65c0SeffCJvb2/FxsZq3rx52rZtm2JjY1WzZk0NGjRI+/fv17JlyyRJ7du3N963ebd1HD161Li2UqVKacmSJfrss8904MAB3bhx465mODdo0EDDhg3L9vi3336rGTNmSJJcXV21fPly2dnZKS0tTa+//rqOHDkiSXrllVf05ptvGuft3btX3333nU6ePKmYmBgVKVJEFStWVKdOndSpUyejXWJiolatWqWffvpJISEhSkpKkrOzs5o3b65XX31VDg4OubqOO4mKitKKFSu0d+9ehYWFKTU1VWXKlFG9evU0fPhwOTk5GW1/+OEHbdiwQWfOnFF8fLyKFSumOnXqqFu3bmrWrJlVv4MHDzaC2TFjxsjW1lYrV67UuXPnVLx4cbVr105Dhw6V2Zzzr2nG7+4nn3wiNzc3q+MJCQm6evXqHfvYtWuXvvnmG509ezbb8b/66isdOnRIFy5c0I0bN5ScnKwSJUrIzc1N3bp1k5eX1x2v0WQyaeXKlTp//ry6du2q0aNHW/1OLF68WFu2bNG2bdt07do1VapUSX369Mn0Lt4jR45oyZIlxvfD3t5eJUuWVPXq1dWiRQu9+OKLOd4zi8Wi5cuXa82aNYqIiFC5cuXUo0cPOTs73/G8bdu2af369Tp16pTi4uJUokQJeXh46NVXX830+34nV65c0dKlS/XLL78oPDxcNjY2cnV11QsvvKDu3btb3feEhAQtXrxYO3fuVFhYmFJSUlS8eHGVK1dObm5u6t+/vxwcHNS4cWOrMfbu3SsPDw9JUtGiRbVr1y5t2bJF48aNkyRVq1ZNK1euNNpPnjxZa9eulSS9/PLLGjFihHEsNjZWc+fO1fbt2xUfH6+aNWtq8ODB2V7fggULNH/+fElS69atNWXKFKOf+/l7tWjRIn3xxRf69ddfFR8fLzc3N40cOVL16tWTJM2bN08LFy60qqVPnz7G57feeksvvfTSQ3kGZcqUyfZ+AAAAAAAAAADwqBAA/8/3339vfK5du3aW4a8kq4AlLi5OGzZsyNQmPDxc4eHh2r59u7755hs98cQTWfY1YcIEBQcHG9tpaWlKSUnR0KFDdfz4cWP/8ePHNXz48GzDpfupIyEhQf3791dERIRVHQ9Kr169dODAAe3du1chISH64osvNGLECK1YscIIf2vXrq033njDOCdjCJUuJiZGMTExKlq0qBEAX79+XYMHD1ZgYKBV29DQUC1fvlzbtm3TggUL5OLics/1nzlzRm+88YauXbtmtf/ixYu6ePGievToIScnJ6WlpWncuHH66aefrNpdu3ZNe/fu1d69e+Xn56ehQ4dmOc7ChQt1+fJlY/vq1atatmyZChUqpNdffz3HOkuUKKHo6GhJ0oYNG1SiRAmr67a3t7/jrOzvv//e6juX3fibN29WaGio1blRUVHat2+f9u3bp3fffVfdunXLcoyVK1dafd8tFkumNqNHj1ZkZKSxHRQUpA8++EAxMTHq3bu3pFth96BBg5Sammq0i4uLU1xcnEJDQ5WSkpKrAHjGjBny9/c3ts+dO6dp06Zl+/tqsVg0adIkBQQEWO2/evWqtmzZop07d2ratGny9PTMcexTp05p6NChiomJsdp/+vRpnT59Wnv27NHs2bONfzaZOHGiduzYYdU2KipKUVFROn78uDp06HBP/+xgMply1S45OVlDhgzRyZMnjX1//vmnhg4dqho1atzVmPfz9youLk6vvPKKrl+/blXH8OHDtXHjRhUvXjzXdTyMZ0AADAAAAAAAAAB4HBAAS0pKSlJQUJCx/eyzz+bqvMKFC2vEiBGqW7euSpcurUKFCunGjRtau3atVqxYoaSkJC1YsMCYAXu74OBgderUSY0bN1Z0dLRcXFy0Zs0aI4izsbGRn5+f6tSpo61bt2rLli0PvI74+HilpaVp0KBBqlatmkJCQozAIzeWLFmiJUuWWO1Ln2mY7oMPPlDPnj0VGRmp5cuXq1KlSpo3b54kqUiRIpo8ebIx0+7777+3Cn9btGihNm3ayM7OTidPntTFixeNYzNmzDDC39q1a+udd96Rg4ODFi5cqI0bNyoiIkIffvihMQvxbqWkpOjdd981wl8HBwf5+fmpevXqioyM1NatW40Abf369Ub4a2trq9dee03u7u7at2+fMcNy8eLFeuaZZ9SoUaNMY12+fFmDBw+Wl5eX1q5dqzVr1ki6NYM6NwFw69attWDBAknS6tWrtXr1apUqVUpubm7y8PBQ27ZtrWYq3+748ePy9PRUs2bN9OOPP+qPP/7IcvyXXnpJlSpVkrOzs4oWLarExEQdOXLEmI3+xRdfqEuXLrK1tc00RnBwsDw8POTj4yNbW9ssv2cFChTQwoULVa5cOS1fvlxLly6VdGuJ67Zt26p06dLauXOnEf7269dPnTt3VnJysi5duqRDhw4pKSkpx/t15swZq/C3VatWatOmjQIDA7Vo0aIszwkICDDCXwcHB02YMEG1atXSnj17NHXqVCUlJWnChAkKCAhQ0aJFsx07JSVFY8eONYLH9u3b69VXX1VCQoImT56sEydO6ODBg1q8eLEGDBiglJQU7dy5U5Lk7OysadOmydHRUVevXtXff/+tPXv2yM7OTmazWQsWLNCWLVu0evVqSTJmqUvK8pnkNgBes2aNEf7a2Niob9++ql27trZt25bt36Xs3M/fq8TERFWoUEHTp09XcnKyxo8fr2vXrik2NlabNm1Sr1691KVLFzVt2lRvvPGGEhMTJUnjx4+Xq6urpFvL0z+sZwAAAAAAAAAAwOOAAFjSjRs3rLZzO5OuWLFiatq0qdatW6dTp04pOjpaKSkpSk5ONtocO3Ys2/M7d+5sLMWaLmPo4ePjoyFDhki6FUoHBgYqJCTkgdcxfvx4tW3bNucLvkcODg76z3/+oyFDhshisWjy5MnGsbFjx6pChQrG9vr1643Pnp6e+uSTT4ztjMsL37x50yp4mjhxojFD+r333tOWLVuUmJioQ4cOKSws7J7eSfz777/rwoULxvbs2bNVu3ZtYzvjssQZZ4V27tzZCE2bNWum4OBg/fbbb0a7rAJgT09P9evXT9Kt5cfTA+DY2Fhdu3ZNJUuWvGOt/fr105UrV7Rx40ZjZm3GmblffPGFxo0bl2kp5XTu7u6aOXOmTCaTvLy8jHa3j//8889rzZo1WrZsma5cuWKT7VHCAAAgAElEQVQEbCaTSRaLRdevX9f58+dVpUqVTGO4urrq888/zzKITDdgwABjKd9hw4Zp69atioiIUHJysnbv3q3OnTtbvTc4MjJSERERqlixop555hk988wzd7xP6bZv3258rly5sqZMmSKTyaQWLVooOjrauP8ZZZy1OmDAADVv3lyS1K1bN+3YsUMHDx7UjRs3tGPHDnXo0CHbsQ8fPmzMoi5VqpQmTJhg3JORI0caqw9s2LBBAwYMkI2Njezs7JSQkKCkpCSFhYWpcOHCqlatmtzc3KxmO9evX19//vmnsV28eHHVr18/21ru9Cwyyni/OnToYMzY9/b21pkzZ6xmdufkfv9effDBB8bs4FatWhlh97lz5yTdCmidnZ2twu2aNWta/e4eOHDgoT0DAAAAAAAAAADyGgGwlOl9t+lL6ebk119/1ciRI5WSkpJtm9vD5Yxat26dad/58+eNz0899ZTx2WQyqX79+lkGwPdTh8lkUsuWLbM9Lyd16tSxqlNSljPhnnnmGfXp08dqtvALL7yQKXjOOBP7TnWlL/WbrmfPntm2DQoKuqcAOGMtzs7OVgHS7TI+l9sDt/r16xsBcFbP7/Zzbv8+xsTE5BgAFyhQQBMmTNDAgQP166+/6tixYzpy5IgRYCcnJ2vy5Mlq2LBhljOBPT09jcDs9mVs08ePiIhQ3759rZZozkrG5XkzatmyZY6BY82aNY3PNjY2qlq1qrE8efrvxnPPPacFCxYoISFBGzZsMIJZBwcHNWrUSK+99pqqVat2x3EyBvv16tWzCguffPLJLAPgjN+HTz75xOqfE7Jrl5WMYWlUVFSW/xAgSZcuXVJ8fLwKFy6sdu3aad26dYqKitLYsWMl3bo/NWvW1AsvvKCePXvKxsbmjuPej4z3K+N31WQy6cknn7yrAPh+/l4VLFjQamnojEs+Z/e9y8o/8RkAAAAAAAAAAJBbBMC6FSpUrVrVCG52796d7TuAM5o3b54RYrRr104jR45UqVKldPz4cfn5+Um68/t0HR0dM+3LGETdvjxrVu9Mvd86HBwc7mrJ59t5eHho2LBhuWr7999/W20HBQUpOTnZavyM15jb5Wkl3XHJ3YwzC+9VTrVk92xyK2P9uZ2VmZWyZcuqU6dOxnuSjxw5osGDByslJUVJSUk6efJklgFwxlnv6ctx3+7bb781wt8aNWpoypQpqlSpkmxsbNSsWTNjNnB29yKr7/vtbl++OatnV6lSJS1atEj+/v76/fffFRYWprS0NEVHR2vLli06dOiQ1qxZkylIz+h+n1ehQoWyfU538w5tW1tbqxnNt0tISFDhwoX17rvvqlq1atqxY4fOnDmj2NhYpaWlGe+rTUpKMn7Xc5Lxu5zxPcqSMr3rOt393q+M7ufv1e2/5xkD13utMS+eAQAAAAAAAAAADxMB8P/4+Pjos88+kySdPHlSCxYsyDIE3r9/v+rXry97e3urWXGdO3dWqVKlJMl4h29OsgoVK1asqKtXr0qS/vjjD2Np0bS0NB09ejTLfu6njrsJWe/Ht99+q71790q6Fbikpqbq9OnTmjt3rkaOHGm0q1atmnGdO3bsyLRkscVikclkUoUKFWQ2m40gafHixcY7PjNKSUnJNtDMSdWqVY3P4eHhOnXqlNXsw4z1VKlSxVh69+jRo1Yzm9PfpyspyxofhFWrVunZZ5+Vs7Oz1X53d3fZ29srNjZWUuaA9W5k/J4999xzxrX89ddfRvh7v37//XdjCeibN2/q9OnTxrGKFSsan2vUqKEJEyZIuvWM//77b73//vs6e/asrl69quPHj6tJkybZjpOxr2PHjhnPUbJ+XhlVqVLFWJr4zTffVNeuXTO1SUtLyzGIzPgdKFmypDZt2pRlmJzxu2s2m9WzZ09jpvu1a9e0adMmzZo1S5K0a9cuI3zM+DudVZCacdbslStXjGuPj4/X4cOHs6y5YsWKioqKknTr+53+e2mxWLK9X9m537+buZUxHL79PjzsZwAAAAAAAAAAQF4iAP6f7t27a8uWLUbgNH/+fO3atUvNmjVTkSJFFBkZqd9++01nz57Vzp07ZW9vL2dnZ509e1bSrXfXOjs7KzAwUF9++eU919G6dWsjAN2wYYNKlSqlWrVqacuWLcY7Lm/3MOrIrcOHD2vOnDmZ9jdp0kQeHh6SpMDAQM2ePVuSZG9vr3nz5mnUqFG6du2ali9frkaNGqlp06aSpE6dOhnXv3v3br377rtq06aNChYsqNOnTys0NFQffPCBChUqpFatWunHH3+UJI0ZM0YjRoxQ1apVlZSUpKCgIO3bt0/Hjh3TihUr7unann76aVWoUMF4V+ibb74pPz8/Va1aVVevXtW2bdvUr18/ubu7y8fHxwiA169fr9KlS6tOnTrat2+fDhw4YPTp4+NzT7XkZOXKlZo2bZrq1KmjunXrytHRUYmJidq9e7cR/kq3luy+Vy4uLsbnHTt26LnnntPNmzf13//+975qz2jBggWytbWVi4uL1qxZY9RuNpv17LPPSpK+//57HThwQN7e3qpQoYJKly6t1NRUqxD69pmtt2vZsqUWLlwo6da7Y8eOHas2bdooMDBQ69aty/KcDh06GAHw3LlzZW9vr6efflq2trYKDQ3VwYMH9cMPP+iLL75QuXLlsh3bw8ND5cqV08WLFxUZGamxY8eqb9++Klu2rK5fv67Tp09r165dKl68uMaPHy9JGjJkiBo2bKh69erJyclJZrNZCQkJRp8ZA86Ms7lPnjypXbt2ycHBQQ4ODnJ1dbUKv6OjozVu3DjVr19fAQEBd1y+Oz3o3bhxo0qVKqUnnnhC27dvv6vln6VH9/eqRIkSio+PN2pOTEyUra2t3NzcHvozAAAAAAAAAAAgLxEA/4+dnZ1mz56tsWPHGrPg0pf2zE63bt00ZcoUSdLmzZu1efNmSZKbm9sdz7sTX19f/fDDDzp+/LhSU1O1YMECSbdm9VWvXt0ITh52Hbl1/PjxLGfuFSpUSB4eHrp586bee+89YynfUaNGqV69epo4caIx8/f999+Xv7+/SpcurRdffFFHjx7V+vXrJUnbt2/X9u3bjX4bN25sfB49erTOnj1r/AwdOjRTHbfPiL0bZrNZH3/8sYYOHaro6GhFRUXp008/tWrz2muvSboVXP/222/atm2bUlJSsgyz/Pz8sn3X6INy4sQJnThxIstjPXv2vKd3Iafr1KmT1qxZo5SUFP3111/q0aOHpFuzKe3s7B7ILOCqVasaM/EzGjp0qPFu4ri4OP3www/64YcfsuyjfPnyxj8fZKdWrVrq1q2bVq9eLUnatm2btm3bJunWTN+sQs2OHTvq999/1+bNmxUbG6sPPvjgrq4tndls1uTJkzVs2DDduHFDO3bs0I4dOzK1yzj7PTAw0HiPdFY6dOhgfPbw8DBmx0dHR2v06NGSbs3anjZtmsqXLy8vLy/t2bNHkrR161Zt3bpVZrNZrq6uWb6numvXrtq8ebNOnz6ttLQ0IzyXlO052XlUf6+aNGmitWvXSpLWrl1rfPb391f16tUf6jMAAAAAAAAAACAvEQBnUKpUKc2fP1+7d+82QtioqCiZzWY5OTmpbt26at++vfFuUV9fX1ksFvn7+yssLExlypRR+/bt5enpqb59+95TDWazWXPnztXnn3+un376SfHx8apevboGDRqk7du3GwGwvb29cc7DqONBmTp1qjFz2dPTU507d5YkeXl5qXPnzlq3bp2uXbum999/X3PmzJHJZNL48ePl6emp9evX6+TJk4qJiVGRIkVUqVIltWzZ0ujbwcFBS5Ys0erVq42ZiAkJCSpRooQcHR3VoEEDY9bovXJzc9PKlSu1YsUK/fLLLwoNDVVqaqrKlCmjevXqqWzZspJuLTc7ZcoUPfvss9q4caMCAwMVHx+vYsWKqU6dOurWrZs8PT3vq5Y7mTFjhn755RcdOHBAoaGhioqK0s2bN1W8eHHVqlVL7du3t1qW+l5Ur15dn3/+uebOnau//vpL9vb28vT01PDhw9WlS5cHEgBPnDhR27dvV0BAgCIjI1WxYkW98sorVuHaU089pS5duujEiROKiIhQbGysbGxs5OLiosaNG+vVV1+1+v3Izttvvy0XFxd99913ioiIUNmyZdW5c2dVqVJFo0aNytTeZDJp0qRJat68uTZs2KBTp07p+vXrKlKkiMqUKaPatWurWbNmWb5j+Xbu7u5atWqVli9frn379unixYtKS0tTqVKlVK5cOTVq1Mjqu+7n56fDhw/r7NmziomJUWJioooXL64aNWqoS5cuat26tdHW2dlZU6ZM0ddff62goCBjmfSM3n//fX3yySf65ZdflJKSInd3dw0ePFibNm3KMswtWLCg5s2bp88//1zbt29XXFycqlWrpgEDBujIkSN3FQA/qr9Xw4cPV1JSkvbu3avo6OhMxx/mMwAAAAAAAAAAIC+ZLDm9sBKPXMb3kaZLTU1Vjx49jKBl9OjRxrsogX+yhg0bGsvnrlmz5qG9JxkAAAAAAAAAAODfgBnAj6GJEyeqevXqevrpp+Xk5KTLly9r2bJlRvhrZ2dnNTMNAAAAAAAAAAAAACQC4MdSZGRktu83NZvNmjhxohwdHR9xVQAAAAAAAAAAAAAedwTAj6E2bdrIYrEoJCRE0dHRMpvNKlu2rBo0aKBevXqpSpUqeV0iAAAAAAAAAAAAgMcQ7wAGAAAAAAAAAAAAgHzCJq8LAAAAAAAAAAAAAAA8GATAAAAAAAAAAAAAAJBPEAADAAAAAAAAAAAAQD5BAAwAAAAAAAAAAAAA+QQBMAAAAAAAAAAAAADkEwTAAAAAAAAAAAAAAJBPEAADAAAAAAAAAAAAQD5BAAwAAAAAAAAAAAAA+QQBMAAAAAAAAAAAAADkE+a8LuBxsXTpUsXHxysoKCivS8lXqlatqsKFC+uVV17J61IAAAAAAAAAAACAfM9ksVgseV1EXlu6dKkKFy6sli1b5nUp+dL27dsVHx9PCAwAAAAAAAAAAAA8ZCwBLSkuLo7w9yFq2bKl4uLi8roMAAAAAAAAAAAAIN8jAJYUHByc1yXke9xjAAAAAAAAAAAA4OEjAAYAAAAAAAAAAACAfIIA+AHy8vLSqlWr8rqM+5KQkKCSJUsqKChIkvThhx9q4MCBeVzVnSUmJsrDw0MXLlx4aGP4+vpq27Zt93TunDlzNH78+AdcEQAAAAAAAAAAAJAZAfBdOHz4sF566SVVq1ZNLi4uatSokT788ENdvXo1r0u7azNnzlTJkiWtfpydnVWgQAFNmzZNpUuXfiR1tG/fXitXrsy0//nnn9f69esfSQ0AAAAAAAAAAABAfkEAnEvbtm3Tiy++qMqVK2vTpk06e/asli5dKknasWNHHld3b+rUqaPw8HDj59y5c7K1tdWAAQNUokSJvC4PAAAAAAAAAAAAwF0iAM4Fi8WiUaNG6aWXXtKUKVPk5uamIkWKqGbNmnr//ffVtWtXo+3FixfVpUsXlStXTk2aNNGvv/5qHEtOTtbkyZP15JNPqkqVKurUqZNOnjyZ6+M///yzmjdvLldXV1WtWlXt2rUzjsXGxmrMmDGqV6+eqlatqh49euS4JLLJZJK9vb3xY2dnl2kJ6Nvdyzj3a9euXerYsaPmzJmjfv36qXv37po2bZqSkpKybJ+SkqL58+fLx8dHLVq00ODBg3X27Fnj+G+//aa+ffvK29tbrVq10jvvvKPIyEjjeHJysqZPn65WrVqpbdu2Wrx48R3rmzdvnnr27KmEhARJUlBQkLy8vLR///4s2/v7+8vHx0fe3t5q3bq1Zs6cKUnav3+/mjdvrpCQEEm3luPu1q2b5s+fn/ubBQAAAAAAAAAAgH81AuBcCAwM1Pnz59WrV68sj5tMJuPzwoULNW7cOAUFBaljx45W78+dPn261q5dq++++06nT5+Wh4eHunTpouvXr+fq+KBBg/T6668rJCREZ86c0cSJE42+Bw8erODgYG3btk2nT59W7dq19fLLLystLe2B3otHNc7twsLC5ODgoG+++UbLli1TUFCQvv766yzbLliwQFu2bNHcuXO1ZcsW1a1bV2+88YZiY2MlSWazWW+//ba2bdum7777TikpKfr444+tzj948KCWLVumDRs26NKlSwoNDc22ttdff10ODg6aOnWqEhIS9O6776p3795q3Lhxprbnzp3T7NmzNWfOHO3atUsbN25U69atJUmNGzdWr1699O677yohIUEff/yxSpcurQEDBtzPrQMAAAAAAAAAAMC/CAFwLqS/49fFxSXHtq+++qoaNGgge3t7DRgwQKGhobp8+bIkacWKFRo9erSqV68uOzs7jR07VpK0devWXB0vWLCg/vrrL4WFhclsNqtJkyaSboWj33//vWbMmCEnJycVLFhQ48ePV1BQkE6dOpVtradOnVK1atWMn48++uiO13av4zwIdnZ2RgBfsGBB9e7dWwEBAVm2DQgIUL9+/VS5cmUVLFhQr7/+uiRp7969kqSnn35a7u7uMpvNKlGihAYOHKjffvst0/nOzs6ys7PTm2++KRub7H9VbG1t9dFHH2nfvn167bXXVKZMGavgPyOz2SyLxaLTp08rNjZWhQoVkru7u3F84MCBKlmypF577TX9+uuv+uijj2Rra3t3NwsAAAAAAAAAAAD/Wua8LuCfoHTp0pKk8PBwVahQ4Y5ty5cvb3wuUqSIpFvLJjs6OurixYtydXU1jtva2qpixYoKCwuTxWK543HpVkA8Y8YMPfvssypZsqT69Omj4cOH6/z58zKZTOrSpYtVLYUKFdKlS5dUp06dLGutUaOG1qxZY2wXLVr0jtd2r+PcidlsVkpKSqb9ycnJMpv//9ezRIkSVttlypRRZGSkUlNTrc6zWCy6fPmy1XOytbWVi4uLIiIiJEnBwcH64osvdObMGSUlJclisSg+Pl5JSUkqUKCArly5oooVK1pdX/p3IDtlypRR69at5e/vr/nz52cbGJcvX15TpkzRypUr9dFHH6l69erq37+/PD09JUk2Njbq0aOH3n77bfXv319lypS547gAAAAAAAAAAABARgTAuVCrVi1VqlRJ/v7+euaZZzIdt1gsVstAZ8VkMqlcuXI6f/68sTRwWlqaLly4oPLly+d4XJLq1KmjhQsXymKx6MCBA+revbvc3d1Vo0YNSdLmzZvvKjA0m81WgbUk4z22WUkPVe92nDspX758pncIR0dH68aNG1a1RUVFKT4+XoULF5YkXbhwQWXKlJGtra1VgGwymeTk5KSLFy+qfv36km7dx/DwcJUtW1aS9N5778nLy0uTJk2Svb29AgMD1bt3b+M5Ojo6GrO+pVvvFI6Ojr7jdRw+fFgbN25Uhw4d9PHHH2vp0qUqVKhQlm29vb3l7e2tpKQkBQQEaPTo0dq+fbuKFCmiqKgoTZ06VV27dtWKFSvUqlUrVa9e/S7uKAAAAAAAAAAAAP7NWAI6F0wmk2bMmKHly5drwoQJCgwMVHx8vM6cOaMPP/zQahbtnfTq1UuffvqpgoODlZiYqKlTp8pisej555/P8XhSUpJWrVqlmJgYI+T8f+zdeXxM9/7H8fckEwkSYk1CbBFblWqbqrWiQpSElGrRarU0uDfcWHqtP5dSSu1Lqapd7ftSaqnbolptra0tNJogEUWIyDKZ+f2Rm1NTsTakxuv5eOSRnPM98/1+5pwz44+37/c4OzvLbDarVKlSatasmXr06GE8q/by5ctatWpVtrNr79eDGCc0NFQbNmzQzp07df36dcXHx2v06NEqW7as3dLINptNEyZMUGpqquLi4vTZZ58pJCTkln3OmjVLsbGxSktL04wZM2Sz2YxZtlevXpWfn5/c3NxksVi0cOFCu9eHhIRo4cKFSktLkyQtXbrULhhPSkrShAkTdPbsWUmZS4QPHDhQffr00aBBg+Tl5aWRI0dmW9vp06e1Z88epaamKk+ePCpUqJBMJpOcnZ1ltVo1aNAgPf/88+rXr5/efPNN9evXT9evX7+vcwsAAAAAAAAAAIDHDzOA71JQUJA2bNigMWPG6KWXXtL169dVqlQpNW/eXC+++OJd9dGnTx9lZGSoZcuWunLliqpXr66VK1eqQIECd2xPTU3V0qVLNWDAAKWnp6tQoUL617/+pRdeeEGSNG3aNH300UcKDQ3VhQsXVKhQIdWtW1ctWrTI0fOQ0+M0bdpUqampmjJlimJjY+Xu7q4aNWpo0qRJcnFxMY7z8fFRiRIl1LJlS1ksFgUFBendd9/Nts9OnTopIyNDXbt2VVJSkipXrqypU6caS1wPGDBA48eP1+LFi+Xi4qLg4GBt3LjReH3nzp01YcIEvf766ypevLieeuoplS5d2mi/du2aFixYoMDAQHl7e2vQoEGqVauWcQ6GDRum9u3ba/Xq1QoLC7OrLS0tTdOnT1d0dLQx6/ujjz6Sm5ubZsyYoYSEBI0dO1aS9M4772jfvn0aMWKEhg0bdl/nFwAAAAAAAAAAAI8Xk81ms+V2Ebmtb9++6t+/f26X4dBGjhypUaNG3ddrd+zYoQkTJmj16tU5XBUAAAAAAAAAAADgWFgCGgAAAAAAAAAAAAAcBAEwAAAAAAAAAAAAADgIngEsqVy5crldgsP7K+c4MDBQgYGBOVgNAAAAAAAAAAAA4JiYASwpf/782rZtW26X4bC2bdum/Pnz53YZAAAAAAAAAAAAgMMz2Ww2W24X8Xcwf/58JScn69SpU7ldikPx8/NTvnz51KFDh9wuBQAAAAAAAAAAAHB4BMAAAAAAAAAAAAAA4CBYAhoAAAAAAAAAAAAAHAQBMAAAAAAAAAAAAAA4CAJgAAAAAAAAAAAAAHAQBMAAAAAAAAAAAAAA4CAIgAEAAAAAAAAAAADAQRAAAwAAAAAAAAAAAICDIAAGAAAAAAAAAAAAAAdBAAwAAAAAAAAAAAAADoIAGAAAAAAAAAAAAAAcBAEwAAAAAAAAAAAAADgIAmAAAAAAAAAAAAAAcBAEwAAAAAAAAAAAAADgIAiAAQAAAAAAAAAAAMBBEAADAAAAAAAAAAAAgIMgAAYAAAAAAAAAAAAAB0EADAAAAAAAAAAAAAAOggAYAAAAAAAAAAAAABwEATAAAAAAAAAAAAAAOAgCYAAAAAAAAAAAAABwEATAAAAAAAAAAAAAAOAgCIABAAAAAAAAAAAAwEEQAAMAAAAAAAAAAACAgyAABgAAAAAAAAAAAAAHQQAMAAAAAAAAAAAAAA6CABgAAAAAAAAAAAAAHAQBMAAAAAAAAAAAAAA4CAJgAAAAAAAAAAAAAHAQBMAO6JtvvlFAQIACAgIUEhJi7N+/f7+xv0mTJrlYIQAAAAAAAAAAAIAHwZzbBfxdbN68WQMHDrztMU8++aTmzJlzz30nJCRo5cqVkiQXFxe9884791Xjo27Tpk06ffq0JKlWrVp66qmncrkiAAAAAAAAAAAAwLEQAD8ECQkJ+vTTTyVJbm5uuRYAFy9eXG+88YYkKX/+/A99/E2bNmnnzp2SpHz58hEAAwAAAAAAAAAAADmMAPgW3njjDTk7O9vt8/b2zqVqckaJEiUUGRmZ22UAAAAAAAAAAAAAeEAIgG+hW7ducnV1ve0xa9as0Zo1a3Tq1Cldv35d7u7uKlq0qCpWrKg2bdqoevXq6tSpkw4cOGC8JiUlRQEBAcb2woULValSJbVu3dpYHnnUqFFq1KiRJOnChQtq2rSpcfzXX3+tfPnySZJsNpsWLlyo5cuXKz4+XiVKlNBrr712y6B6//796ty5sySpcOHC+vLLL422GTNm6IcfflBMTIyuXr2q9PR0FSxYUJUrV1abNm1Uv379m87P3r17JUn9+vWTs7OzlixZotOnT6tAgQJ66aWXFBERIbPZrO+++07//Oc/7V4/ceJETZw4UZLUoEEDjR07VpKUmpqqpUuXasuWLYqOjlZaWpq8vb3VoEEDvf322/L09LznawAAAAAAAAAAAAA8LgiA79OSJUv00Ucf2e1LTExUYmKiTp48qYoVK953+Ggyme7quLFjx2rx4sXG9unTpzV69GhVqVLlnsfcuHGjYmNj7fZdvHhRu3fv1u7du9W3b1+1adMm29fOmjVL58+fN7Z///13LViwQHnz5lWXLl3uuoYrV66oW7duOnbsmN3+2NhYLVy4UFu3btXMmTPl4+Mj6cFeAwAAAAAAAAAAAOBRRAB8C3Xr1r1pX69evdS+fXtJ0pYtW4z9Y8aM0ZNPPqnExETFxsbq22+/VeHChSVJ/fv31+HDhzV8+HBJkqurq6ZOnWq8tnTp0jeN4+TkdMf6jh8/bhf+BgUFKTg4WMeOHdPs2bPv8l3+oX379ipdurS8vb3l7u6u1NRU7du3T0OGDJEkTZs2Ta1atbppWWxJOn/+vLp166b69etr5cqVWr58uSRp0aJF6tKli6pWraqZM2dq0qRJOnjwoCSpTZs2Cg4OliQVLFhQUmagnRX+PvHEE/r3v/8tT09PzZo1S2vXrlV8fLyGDh2q6dOnS7r7awAAAAAAAAAAAAA8LgiA75Obm5vx99mzZ+Xj4yNfX1+VL19eDRo0MNr8/f2VlpZmbJtMJtWoUeO2fd9NALxt2zbj7zJlymjkyJEymUxq2LChLl++bISwd6tJkyZavny5FixYoISEBKWmphr12mw2XblyRb/99pvKlSt302vr1aunTp06SZK6du1qjJ2UlKRLly6pUKFCqlGjhgoUKGC8pkSJEnbn4fr169q8ebOxPXjwYPn7+0uSBgwYoM2bNys1NVU//PCDzpw5o5IlS971NQAAAAAAAAAAAAAeFwTAt9CuXbubZrveuLRySEiI9uzZI0kaN26csd/X11cvvPCCOnXqZMxsvVd3swR0TEyM8Xf16tXtXvPUU8hnSvgAACAASURBVE/dUwAcHx+vt956SxcuXLjtcVeuXMl2/41BroeHh11bYmKiChUqdMcaYmNjZbFYjO22bdve8thTp06pZMmSD/QaAAAAAAAAAAAAAI8iAuBbiIiIkKur6y3bmzZtqnz58mnNmjX6+eefjfA0NjZWn3/+uU6dOqUpU6bc9Xg3BrgZGRnG35cvX872eJvNdtd938miRYuM+itUqKCRI0eqdOnScnJyUt26dY3ZwLca093d3fg7uyWi78eNff5Zenq6pJy/BgAAAAAAAAAAAMCjjgD4L3jhhRf0wgsvSJKSk5N18OBB9e7dW6mpqfruu++UkpIiNzc3uyWdbxWi3jhzNj4+3vj766+/zvb4UqVKGX8fPHhQNpvNCJEPHDhwT+/jxtnEL774osqWLStJOnHihBH+5oQbQ26r1WrX5uvrK7PZbMwCnjNnjlHHjSwWi8zmP27bu70GAAAAAAAAAAAAwOOAAPgWpk2bdtNsVicnJ/3zn/+UJI0ZM0bOzs6qXbu2vLy85OHhofT0dLvZu1kh543LEKempmrZsmXy9/eXi4uLnnzySUmZz/E9dOiQJGnmzJmyWq06f/68Pv/882zra9SokWbNmiVJOn36tPr376/g4GAdO3ZMq1atuqf36uPjY/y9fft2vfjii7p+/bo++OCDe+rnTm48D19//bUqV64sV1dX+fr6qmjRogoKCtKmTZskSf369VNkZKT8/PyUlpamU6dOaffu3Tp48KBxTu7lGgAAAAAAAAAAAACPAwLgW1iwYMFN+24MgM+fP6/t27dr4cKF2b6+cePGypcvn6TMgLVMmTI6ffq0JGnUqFGSMgPRbdu2SZJeffVVrV+/XpJ06dIljR07VpLk7++vqKiom/qvVKmS2rRpo2XLlkmStm7dqq1bt0qSypUrp19//fWu32tYWJiWL18ui8WiEydO6LXXXpMklS1bVq6urjk2C7h27drGezxw4IBxLt977z299tpr6tOnj6KiooyfiIiIm/rw9vY2/r6XawAAAAAAAAAAAAA8DpzufAiy06xZMwUHB6tMmTJyd3eXk5OT8uXLpypVqigiIkJDhw61O3706NGqWbOm8ubNm21/TzzxhD744AOVLVtWZrNZXl5eevvtt40gODvvvfeeevTooZIlS8psNqtkyZKKiIjINji9HX9/f02dOlXVqlWTm5ubPD09FRISohkzZsjFxeWe+rqd4OBgde3aVd7e3nbLYmfx9PTU3LlzFRkZqWrVqsnd3V1ms1lFihRR5cqV9frrr9ud13u9BgAAAAAAAAAAAICjM9lu9VBaAAAAAAAAAAAAAMAjhRnAAAAAAAAAAAAAAOAgCIABAAAAAAAAAAAAwEEQAAMAAAAAAAAAAACAgyAABgAAAAAAAAAAAAAHQQAMAAAAAAAAAAAAAA6CABgAAAAAAAAAAAAAHAQBMAAAAAAAAAAAAAA4CAJgAAAAAAAAAAAAAHAQBMAAAAAAAAAAAAAA4CAIgAEAAAAAAAAAAADAQRAAAwAAAAAAAAAAAICDIAAGAAAAAAAAAAAAAAdBAAwAAAAAAAAAAAAADoIAGAAAAAAAAAAAAAAcBAEwAAAAAAAAAAAAADgIAmAAAAAAAAAAAAAAcBAEwAAAAAAAAAAAAADgIAiAAQAAAAAAAAAAAMBBEAADAAAAAAAAAAAAgIMgAAYAAAAAAAAAAAAAB0EADAAAAAAAAAAAAAAOggAYAAAAAAAAAAAAABwEATAAAAAAAAAAAAAAOAgCYAAAAAAAAAAAAABwEATAAAAAAAAAAAAAAOAgCIABAAAAAAAAAAAAwEEQAAMAAAAAAAAAAACAgyAAfoC2bt2qgIAA1a5dO7dLAYA7atKkiQICArRx48bcLuWR8Xc9Z6NGjVJAQIAiIiJyuxQAAAAAAAAAwENmzu0CHlXt2rXTiRMn1LRpUw0fPjy3y3msWa1WrV27VuvWrVNUVJTS09NVvHhx1alTR126dFHBggVzu0Tgtnbs2KE+ffpIkurVq6cJEyZIks6ePasWLVpIkhYuXKhKlSrlWo2PgqtXr6phw4Z2+woWLKjy5curc+fOqlmzZo6PWaVKFSUmJqpQoUJ3dfz8+fM1ceJE+fn5aenSpTleDwAAAAAAAAAABMB4pFksFr333nv65ptvJEne3t7y9fVVXFycli5dqpCQkL8UAKenp8vFxeWu9wN/1c6dO7V3714999xzuV3KXfs7fh78/f1VtGhRHTlyRD/99JN69uypdevWqXDhwjk6zsSJE3O0vxv9Hc8rAAAAAAAAAODvjwA4B+3Zs0cTJkzQb7/9purVq6tOnTq5XZLDW7VqlRH+duvWTe+8845MJpMk6ejRoypWrJgkKTExUZ9++ql27typhIQEeXl5qUGDBurUqZPc3d0lZS7levHiRXXu3Fk//vijDh06pP/7v//Tzp07tWXLFgUHB8vZ2VlfffWVGjdurMGDBys6Oloff/yxDh06pGvXrsnPz0/h4eF2137nzp2aM2eOTp48KScnJ/n7++vdd99VQEDAQz5beBSYTCaNHz9eCxYsuOUxd7qnlixZoo8++ki+vr565ZVXNGfOHFmtVr3++utq1KiRhg0bpqNHj8rf31//+c9/5OfnZ9d/XFycIiIi9NNPP6lEiRLq3r27GjRoIEnq37//X/o8PCxt27ZVWFiYfvrpJ4WHhys1NVWnTp0yAuC7qTXrOz0mJkbVqlVTnTp1NGnSJLm4uOjbb7+V9Mf3xvvvv69mzZopNjZWY8aMMfotUKCA/Pz8NGLECH366adatmyZJOnUqVPG9Vq8eLH279+vDz/8UL6+vgoLC9OiRYuUN29eLV68WD169NDp06eVmJgoZ2dnlStXTm+//bYaNWpk1Dp//nwtWbJEiYmJCgoKMr4Hb3Q334MAAAAAAAAAgEcfzwDOITExMYqMjFRUVJT8/PxUoEABffzxx7ldlsPbtm2bJKlUqVJ24a8kVa5cWUWKFFF6erreffddLV68WFarVU2bNlVycrLmz5+viIgIWa1Wuz5nzpwpm82mxo0b280e3rx5sw4fPqwXX3xRpUuXVkxMjN58801t375d1atX16uvvqpTp06pR48e2rFjhyRp06ZNioyM1P79+xUQEKBq1arpxx9/VNeuXbVz586HcIbwqGnevLmOHz+uDRs2ZNt+L/fUmTNntHjxYvn7++vKlSuaNm2a3n77beXJk0cFCxbUzz//rBEjRtw0xowZM+Tm5qZKlSopOjpa7733nqKiouyOuZ/Pw8NmsVh08uRJSZLZbFbZsmUl6a5q/e2334zv9PLly6tQoUJ39Z0+ZswY7dy5U08//bTCw8MVFBSkS5cuKTk5WQEBAapRo4akzKWp27Ztq7Zt28rT09N4fWxsrObNm6fnnntONWrUUHp6umJiYtSwYUO9++67qlu3ro4ePaqBAwcqOjpakrR+/XpNnDhRcXFxeuaZZxQTE6P169fb1XWv34MAAAAAAAAAgEcXM4BzyLp162SxWOTl5aU5c+bIbDZr/PjxWrhwYW6X5tAuXLggKTMAzm7GmyR9++23OnXqlCTpk08+kY+Pj44cOaIOHTro8OHDOnjwoBHKSFJQUJA+/PBDYzsriPP29taiRYvk6uoqSZowYYKSk5Pl7++v/v37S5JsNpvmzp2ruXPnKjAw0JjFGRISoiFDhkiSIiMjtXPnTi1cuFD16tXLydMBB9C1a1dt3bpVU6dOzTZwvJd7ysnJSbNnz1axYsXUqFEjJSYmqmbNmho1apS2bdumvn376siRIzeN0bp1a7333nuy2Wxq27atTp48qdWrVxvPKZbu7/PwMA0fPtx4Pnvx4sU1ePBgFS1aVJK0YsWKO9aa9Z3u7e2tWbNmyWw2a/LkyZo7d+5tx71+/bqkzIDX399fQUFB+ve//y1J8vX11dmzZ7V//34VKVLE7nze6NNPP1X58uUlZT7jfN26dTKbzbJYLEpLS9OxY8d05swZ/fDDDypbtqxWrVolKXM28ogRI2Sz2dShQwcdPXrU6PNevwcBAAAAAAAAAI8uAuAcEhcXJ0kqX768zObM01q5cuXcLOmxULRoUUVHRysmJuaWx2Rdm7x588rHx0eSjHDlxvYstWrVyrafGjVqGGGXJJ07d06SFBUVpaCgILtjs+rJ6tvf399o8/f3186dO28aF5Ay7+k333xTM2bM0Lx5825qv5d7qlixYsYy6AULFlRiYqKqVq0qSfLw8JAkpaamymKxGN9bklShQgVJmctR+/n56eTJkzf1fT+fh4epevXqcnV11Y8//qjz58/r0KFDxmf7bmqNj4+XJJUrV844Nzd+b9xKt27dNHToUK1Zs0Zr1qyRlBn8Tpw4UWXKlLnj64sVK2Y3TlJSkkaPHq3du3frypUrdsdevHhR0h/3RKVKlSRlXrfKlSvbBcD3+j0IAAAAAAAAAHh0EQDnEC8vL0nS2bNnjX1nzpzJrXIeGy+++KJ++OEHxcTEaM6cOXrrrbeMmcAnTpxQ4cKF5e3tLSlzZl5cXJy8vb2NmXDSH9cuS548ebId68awS5LRr7+/v3r27GnXlrWcqre3ty5fvmwsQyvJ+PvP4wJZOnTooJUrV2a7DPS93FM3hrpZn4usfTab7Zbj39j3r7/+aox7o/v5PDxMLVq0UFhYmBYuXKjx48drxowZql+/vipXrnzXn10p81nBGRkZcnZ21okTJ+447lNPPaVVq1bp/Pnz+vXXXzVt2jQdPnxYK1asUK9eveTs7Gw3zp/9+bzOmDFDmzZtUtmyZTV06FB5eHho0KBBiouLM66hl5eX4uPjjWBbuvnfn3v9HgQAAAAAAAAAPLoIgHNISEiI5s+fr+joaA0ePFilS5fW/Pnzc7ssh9eqVSvt2rVLu3bt0pQpU7RixQr5+voqISFB0dHRmjdvnmrXrq2yZcsqOjpaXbp00XPPPaddu3ZJkqpWraqnnnrqvsdesWKFoqKitGrVKlWsWFGXLl3S4cOHVb58edWuXVvt27fX4MGDtW7dOl27dk3p6en65ptvJEnt27fPsfMAx5I3b15169ZNw4YNu6ntYdxTy5YtU0JCgi5cuKCoqCiZTCa1aNHitq+5m89Dbnjttde0bNkyxcbGaurUqZo8efJd1RoaGqp58+bp3Llz6tixo3x8fPT111/fcby+ffvKZrOpXLlyypMnj37//XdJUuHChSXJmH0bExOj4cOHy93dXZGRkbfsLysoNplMun79ug4cOHDTbN2wsDAdPHhQa9askYeHh5KSkrR37167Yx7U9yAAAAAAAAAA4O/HKbcLcBRlypTRuHHjVL58eX311Vf67rvv1K5du9wuy+FlPWu5f//+qlatmhITE7V//35ZLBa1adNGJUuWlIuLi2bOnKlXX31VkrRx40a5urrqjTfe0JQpU+TkdH8fgzJlymjevHkKCgrSwYMHNWPGDH355Zdyd3dXgwYNJEnNmjXTuHHjVL16dX3//fc6cOCAnnnmGU2dOlUvvPBCjp0HOJ7Q0FBjKeYbPYx76t1331VSUpJ++eUXlS1bVqNHj1bFihVv+5q7+TzkBrPZrM6dO0vKfA7uvn377qrWUqVKacKECfL399fJkyeVmJho9JM1izc7TzzxhH799VctWrRIM2fOlM1mU7t27Yxwvn79+mrSpInc3Ny0evVqLVmy5Lb1v/vuu6pXr57OnTuniRMnKj09/ab7IjQ0VN27d1fhwoW1YsUKXb16VcHBwXbHPKjvQQAAAAAAAADA34/Jdrt1QAEAeExduXJFBQoUMLZHjx6tpUuXyt/fX4sXL87FygAAAAAAAAAAuDWWgAYAIBv/+te/5OPjIz8/P0VHR2vz5s2SpLfeeiuXKwMAAAAAAAAA4NYIgAEAyEb16tX15Zdfavv27SpQoICeffZZdezYUbVq1crt0gAAAAAAAAAAuCWWgAYAAAAAAAAAAAAAB+GU2wUAAAAAAAAAAAAAAHIGATAAAAAAAAAAAAAAOAgCYAAAAAAAAAAAAABwEATAAAAAAAAAAAAAAOAgCIABAAAAAAAAAAAAwEEQAAMAAAAAAAAAAACAgyAABgAAAAAAAAAAAAAHQQAMAAAAAAAAAAAAAA6CABgAAAAAAAAAAAAAHAQBMAAAAAAAAAAAAAA4CAJgAAAAAAAAAAAAAHAQBMAAAAAAAAAAAAAA4CDMuV3A38G5M9G5XQIAAI8Un5Jlc7sEAAAAAAAAAEA2TDabzZbbRQAAAAAAAAAAAAAA/jqWgAYAAAAAAAAAAAAAB0EADAAAAAAAAAAAAAAOggAYAAAAAAAAAAAAABwEATAAAAAAAAAAAAAAOAgCYAAAAAAAAAAAAABwEATAAAAAAAAAAAAAAOAgCIABAAAAAAAAAAAAwEEQAAMAAAAAAAAAAACAgyAABgAAAAAAAAAAAAAHQQAMAAAAAAAAAAAAAA6CABgAAAAAAAAAAAAAHAQBMAAAAAAAAAAAAAA4CAJgAAAAAAAAAAAAAHAQBMAA7ktqaqoCAgIUExOTI/2NGTNGw4YNy5G+AAAAAAAAAAAAHlcEwPfpiy++0DvvvKN69eqpZs2a2R6zfv16tWzZUrVr11aHDh10+PBhu/ZffvlFb775pmrXrq0WLVpo3bp1du0XL15Unz59VK9ePQUFBWn8+PHKyMgw2jMyMjRhwgQFBQWpXr166tOnj37//feHOsb69evVqVMnNWjQQI0aNVLPnj0VHR19bycTdiZPnqzXXntNdevW1UsvvaQPP/xQSUlJNx2XkpKixYsXKzw8XCEhIQoLC1OPHj20adMm2Wy2HK3pm2++UUhISI72iT+sW7dOjRo1umn/8uXL9dJLLxnb0dHR6t27t4KCglSnTh2FhYXp/fffN9rnzJmjgICAm34+/vhjSdKhQ4fs9gcHB2vQoEG6dOnSHWtcu3atXn/9ddWpU0cNGjRQ9+7db/pOyzJz5kwFBARo/fr193oq/pLk5GQFBATo7NmzD3VcAAAAAAAAAAD+TgiA71PBggXVtm1b9ejRI9v2ffv26YMPPlBkZKS2bt2qunXrqkePHkpMTJQkXb16VT169FCtWrW0ZcsW9erVSyNGjNAPP/xg9DFw4EClpKRo7dq1+uSTT7Rt2zZ99tlnRvvs2bO1ZcsWTZ8+XWvXrlV6eroGDBhgtD+MMc6ePau2bdtq8eLFmjt3rpydndW9e3dZrda/fpIdTEZGxl2dl4sXL6p3795as2aNxowZo7179+qjjz6yOyY6Olpvvvmm4uLi1K9fP61evVqrVq1SRESE9u7dq65du2YbGuPRZbPZ1KNHD3l4eOjzzz/XV199pXHjxsnf39/uOH9/f+3atcvuJzw83O6YrVu3as+ePfr44491/PhxjR079rZjT506VePGjVP79u21ceNGLV68WJUqVVJ4eLjd94kkWa1WrVmzRgUKFNDKlStz5s3nMIvFktslAAAAAAAAAADwwBAA36c6deqoSZMm8vHxybZ9xYoVqlevnho2bKj8+fMrPDxcefLk0datWyVJ27Ztk8lkUpcuXeTu7q7AwEA1aNDACExiYmK0d+9eRUZGqnDhwipfvrw6duyoFStW2I3RoUMH+fv7q3DhwoqMjNSPP/5ozMB9GGOEh4ercePG8vHxka+vr8LDw3Xu3DmdP38+50/6LaxatUotWrRQYGCgBg0apMGDB2vUqFFG+5AhQ9SsWTPVr19frVu3tpuVGBMTo4CAALtAaOPGjWrXrp2xvXjxYoWGhiowMFCNGzfW+PHjjbbY2Fj17t1bjRs3VtOmTTV69GilpKRIygzgAwICtHDhQr3xxhtq2bKlfvvtNwUEBGjJkiXq2LGjWrdurW7dutmdr//85z+qWbOmihYtqqpVq+qVV17R/v37jfZr166pZ8+e6tu3ryIjI+Xn5yez2SyTyaSKFSvq//7v/xQYGKiRI0car7FYLJo+fbpCQ0PVsGFDdevWTVFRUUb7oEGDjFmiWcLCwrRjxw7Fxsbqgw8+UEJCgsLCwhQWFqZ9+/bddB3uNMad2v9s5syZevnll/Xbb79l2x4bG6s+ffqoSZMmCgwMVOfOnY3Q++LFixo4cKCaNGmi4OBgDRkyxPjPF5LUrl07ffbZZwoPD1edOnXUrl07nTp1SuvXr1dISIgaNGigDz/8MMdnUv8VFy9eNP7DRfHixeXq6io/Pz+1b9/e7jiTySRXV1e7H7PZbHeMs7OzzGazypcvr6CgIB05cuSW48bGxmrOnDkaOHCgmjdvLk9PT/n4+CgiIkLBwcH68MMP7Y7/9ttvdf78eb3//vs6ePDgba9xTuvWrZukzO+lsLAwzZ8/X1Lm9Z40aZLCw8P1yiuvaMeOHbe957P88MMP6tixowIDAxUWFqZly5Y9tPcCAAAAAAAAAMD9IgB+QE6cOKGqVasa205OTqpUqZJOnDghSTp+/LgqVaokZ2dn45gnnnhCx48fN9pdXFzsZvdVqVJFv//+uy5evKjLly8rISHBboxy5crJzc3toY7xZ/v27VOhQoVUvHjxez9p92Hv3r0aP3683n//fW3fvl3169fX5s2b7Y6pXr26Pv/8c/33v/9V7969NWLECB09evSu+j99+rQmTZqkyZMna8eOHVq7dq0aN24sSbp+/bq6du2qChUqaN26dVq8eLGio6M1efJkuz727dun2bNna/369SpSpIgk6eDBg5o5c6ZWrFghLy8vTZ069ZY17Nu3T5UqVTK2lyxZosaNG+vZZ5/V+fPn1atXL7Vs2VKRkZEaN26clixZorZt2+rkyZPGUrgzZ87U5s2bNWXKFG3evFnVqlXTP//5z7uaJezr66uBAweqWLFiWr16tVavXq2nn376puPuNMbd1mCxWDR06FDt2rVLs2fPVunSpW8a69q1awoPD1eJEiW0cuVKbd26VREREUbQ2a9fP6WmpmrFihVasmSJLly4oMGDB9v1sXbtWvXq1Uvbt29XhQoV1KtXL/30009atGiR5s+fry1btujrr7++4/l5WAoXLiw/Pz+NGTNGW7ZsyZFnL1+5ckW7d+9WmTJlbnnMt99+qzx58igoKOimthYtWig6OlqxsbHGvpUrV6pOnTqqV6+eKlSooFWrVv3lOu/WtGnTJEkzZszQ6tWr1aFDB6Nt+/btGjFihJYvX57te/mzY8eOKTIyUh07dtS2bds0duxYzZ49W9u3b39g9QMAAAAAAAAAkBMIgB+Qa9euyd3d3W6fh4eHEXbdqv3atWu3bc9qyzruz8e4u7vfsY+cHONGhw8f1rRp0zRo0CA5OT2cW2vt2rVq3ry5atSoIScnJwUHB+upp56yO6ZVq1by9PSUk5OT6tSpo1q1at20bO2tmM1m2Ww2HT16VElJScqbN6+efPJJSdJXX30ls9msrl27ys3NTZ6envrHP/6hjRs32vXx1ltvycXFxW7fm2++aYSVDRo00M8//5zt+MuWLdNPP/2kyMhIY9/OnTuN5/GOGjXKCNn69eunHTt2KC0tTSaTSZUrV9bJkyclZT5jtlOnTipTpozy5MmjLl26GH3llDuNcTc1JCUlqXv37rp27ZqmTZsmT0/PbMf66quv5OTkpMjISLm7u8tsNqtGjRpyc3NTbGysfvrpJ/Xp00ceHh7y9PRUz549tWvXLl24cMHoo1WrVqpcubLc3NwUEhKi2NhY9ezZUx4eHipdurSef/55/fLLLzl2fv4qk8mkTz/9VAEBAZo3b55effVVNWvWTEuXLrU77uTJk2rUqJHdz5+D7FatWqlx48YKCgqSk5OT+vfvf8txL126pGLFislkMt3UlvUfPS5evChJSkhI0M6dO9WyZUtJUsuWLbVhwwZjVnxuCgsLU9GiRe/6+KVLlyo4OFiBgYFydnZW+fLl9eqrr970+QYAAAAAAAAA4O/GfOdDcD/y589/08zGq1evGktG58+fX7///vtN7fnz57/t67PasgLWPx+TlJRk18eDHiPL/v371adPHw0YMEANGjS4+YQ8IOfPn7ebHStJJUqUsNtesGCBvvjiC126dElOTk66fPmy/Pz87qr/kiVLauTIkVqyZImGDx8uf39/de7cWfXq1dPZs2d14cIFtW7d2jjearXKyclJycnJxr5ixYrd1O+Nwaarq2u2gfqiRYs0d+5cffLJJ3bv6cKFC/L29paUOUuxZ8+ecnJykre3t2rXrm0cFxcXJ09PT9lsNp0/f16+vr5Gm7Ozs3x8fBQfH39X5+FO7jTG3dawb98+JSUlaeHChXJzc7vleOfOnZOvr2+2/9EgPj5ezs7OxjmSZIwbFxdnhIA3Xpe8efPKzc3N+A8QWfuyuy4Pgtlszva5tBaLxW755oIFC6pr167q2rWrUlNT9cUXX+iDDz5QyZIlVbduXUlSmTJlNGXKFLt+ChYsaLc9c+ZMubm5ae/evRo7dqzi4+OzvU8lqVChQkpISJDNZrspBE5ISJCUOTtZkvHs33r16kmSXnrpJU2cOFFbtmxRaGjovZySHHer93crZ86cUVRUlN3y62lpaSpZsmROlwYAAAAAAAAAQI4iAH5AKlSoYPdcTavVqmPHjumFF16QJFWsWFFbt241AkNJOnr0qCpWrGi0p6en6+TJkypfvrzRXqRIESNsKVasmI4cOaJq1apJkqKjo5WSkqIKFSo8tDEkaffu3Ro4cKCGDBnyUMNfKXMGYtYyx1nOnj1rvJ8dO3ZowYIFmj59usqWLStJ6t27t/Fs17x580rKDHaygrbLly/b9RcYGKjAwEClpaVp3bp16tOnj7Zt2yZvb2+VKFHiphmYWbLC9OxmTt7Jp59+qtWrV2vGjBk3LYFcuHBhJSQkqGTJkqpUqZLWr1+v8PBwJSQkaM+ePXr55Ze1YsUKWSwWPfnkkzKZTMZ5qlGjhqTM+/HcuXPyEEu3dQAAIABJREFU8vKSJOXLl09paWl249x4Hu70Hu40xt3UIEn169dXhQoV1KVLF02ZMsW4V//Mx8dHsbGxdvd2Fi8vL2VkZCg+Pt7o+8yZM5JkFwr/nZQoUULXrl3TxYsXjc+elPmM6lsFjq6urgoLC9OsWbN07NgxIwA2m8125zQ7hQsXloeHh0JCQnT69GkNHz5cn3/+ebaBeq1atZSWlqZt27bdtHTyunXr5Ovrq5IlS8pqtWr16tW6evWqmjVrZhxjtVq1cuXKhxIA327lgT/fw3e65318fFSuXDn17ds3Z4sEAAAAAAAAAOABYwno+5SRkaHU1FRj1l5qaqpSU1ON9latWumbb77Rzp07lZKSotmzZystLc0IUBo1aqSMjAx99tlnSklJ0a5du/Tf//5XrVq1kiSVKlVKzz33nCZPnqzExESdPn1a8+bNM9olqXXr1lqwYIGio6N15coVTZo0Sc8884wRdD6MMbZt26Z+/fppyJAhqlWrlnEesgLWBy0kJEQbNmzQwYMHZbVatWXLFh04cMBov3LligoUKGDMAD169Ki+++47o71IkSIqXry4sUTu5cuXtXr1aqP99OnT2rNnj1JTU5UnTx4VKlRIJpNJzs7OCgwMVHJysj755BNdu3ZNNptNcXFx+uabb/7Se5owYYLWrFmjqVOnysvLS6mpqXZBVZ06dfTFF19Ikvr27avjx48rLCxMw4cPV8OGDbV161YlJCRo8uTJRugVGhqqWbNmKTY2VmlpaZoxY4ZsNpsxU/OJJ57Qd999Z9zDy5cvt5v5XbRoUV2+fFlXrly5Zd13GuNO7Vnatm2riIgI/eMf/9ChQ4eM/XPmzNH3338vKTOUz8jI0KRJk3Tt2jVZLBYdOHBAKSkp8vX11dNPP63x48crKSlJiYmJmjBhgurUqXNPSwA/TFWrVpWfn59Gjx6tuLg44/O6fv16Izi9dOmSxo8fryNHjujatWtKSkrS8uXLde7cOVWvXt3oy2azGZ/DrJ/sZhdneeuttxQfH69NmzZl216qVCl16NBBI0aM0KZNm5SYmKi4uDh9/PHHWr9+vSIjI2UymbR7927Fx8dr9uzZ+vzzz42fiRMn6tChQ4qKisrZk5YNNzc35c+fX6dPn77jsXe659u0aaMNGzboq6++ksVikcViUVRUlA4ePPjA6gcAAAAAAAAAICcwA/g+rVu3TsOHDze2s2bfbd26VZ6ennrmmWc0YMAAjR49WgkJCfL399ekSZOMpVg9PDw0adIkjRo1SrNmzVLRokXVr18/BQQEGH1+8MEHGjFihJo3b648efIoNDRUnTt3NtrffvttJSUlqVOnTkpNTdXzzz+vkSNHGu0PY4zZs2crOTlZvXv3tjs/s2fPNmYNP0jPP/+8unfvrgEDBigpKUn16tVTcHCw0d60aVN9//33atu2rTw9PVW2bFm7ZZJNJpPef/99jR49WgsXLlShQoVUv3597d69W1LmzODp06crOjpaJpNJJUqU0EcffWQsTzx9+nRNmTJFrVu31vXr11W8eHGFhoaqfv369/V+kpOTtWDBAknSK6+8Yux3cXHRt99+K0lq166dOnTooJo1a6p69eoaN26cXR9/XjZYkjp16qSMjAx17dpVSUlJqly5sqZOnWo837l58+bav3+/XnvtNXl5eenpp5+2m3lauXJlNWnSRC+//LIyMjI0evTom561fKcx7tR+oxYtWihfvnz617/+pdGjRysgIECrV6+WxWJRzZo15e7urunTp2vChAlq2bKlLBaLKlSooAkTJkiSRo4cqXHjxunll1+WyWRSrVq11KtXr/u6Jg+D2WzWpEmTNGnSJHXs2FFJSUny9fVVZGSkmjdvLilzxu/169c1aNAgxcXFyWw2q0yZMho2bJjdZzoqKsr4PsoSEhKiIUOGZDu2u7u7OnTooOnTp6tJkyY33TuS1KNHD5UuXVrz5s3T0KFDlZ6eLk9PT40fP1516tSRJK1cuVKBgYGqUqWK3WuLFi2qatWqacWKFQ9lNm337t01dOhQpaSkqH379goPD8/2uDvd80888YTGjRunTz75RMOGDZPNZlPZsmXVqVOnB/4eAAAAAAAAAAD4K0y2hzVVE3hIRowYIWdnZ4deuvXEiRPq16+fgoODFRoaKh8fH6Wnp2vXrl2aOHGihg4dajcrFMhJx44dU9euXdWzZ0+1aNEit8sBAAAAAAAAAAA3YAYw8AiqUKGC5s6dq+XLl6t///66cOGCnJ2dVaVKFQ0cOJDwFw9UpUqVNHnyZO3Zs0dXr16Vh4dHbpcEAAAAAAAAAAD+hxnAcDiPwwxgAAAAAAAAAAAAIDsEwAAAAAAAAAAAAADgIJxyuwAAAAAAAAAAAAAAQM4gAAYAAAAAAAAAAAAAB0EADAAAAAAAAAAAAAAOggAYAAAAAAAAAAAAABwEATAAAAAAAAAAAAAAOAgCYAAAAAAAAAAAAABwEATAAAAAAAAAAAAAAOAgCIABAAAAAAAAAAAAwEEQAAMAAAAAAAAAAACAgyAABgAAAAAAAAAAAAAHQQAMAAAAAAAAAAAAAA6CABgAAAAAAAAAAAAAHIQ5twv4Ozh3Jjq3SwAA4JHiU7JsbpcAAAAAAAAAAMiGyWaz2XK7CAAAAAAAAAAAAADAX8cS0AAAAAAAAAAAAADgIAiAAQAAAAAAAAAAAMBBEAADAAAAAAAAAAAAgIMgAAYAAAAAAAAAAAAAB0EADAAAAAAAAAAAAAAOggAYAAAAAAAAAAAAABwEATAAAAAAAAAAAAAAOAgCYAAAAAAAAAAAAABwEObcLuBRYLPZjN9Zf+PxZjKZZDKZjL8BAAAAAAAAAACAvwMC4Nuw2WyyWq36OS5FR86naduxKzqSkKHfrkhJFiZPP47czVaVLiBVKeasoMoFVLmoi6r65JWTkxNBMAAAAAAAAAAAAHKdycaU1ptkBb8Wi0WtF8Zrf3yGrslZtjxmWZ2dJRdn2ZwyZ4DabLYbfks2m7LZT7vDtFuscsqwSekWOadnKJ/S9bSXWctf95LZbCYIBgAAAAAAAAAAQK4iAP4Tm80mi8WigZvjNOsni9Ld3WTL65LVKul24R7tj2O76Xq6XJJSFFHTRQMbZQbBhMAAAAAAAAAAAADIDQTAN7BarUpPT1ePtee1/HiGLJ75MvO+P6aGGjNCs7b//Jv2x7Q9wypz4nW9VslZ40OLK0+ePITAAAAAAAAAAAAAeOgIgP/HZrMpLS1N7yyP0xcxkrWA2w2Nspv4mZX50U77n9udr6Soqa9Ns9r4EAIDAAAAAAAAAADgoXPK7QL+DrKWfV77c6K+jLbK5uEqWa0y2aySzSqTbHbbTn/app32rO0Mjzz6Mtqm9b8kymKxiP9fAQAAAAAAAAAAgIeJGcCSMjIylJycrHLjLyjDM4/klDVr88/PfGWb7bvYttpkvpymUz2LKl++fHJ2dhYAAAAAAAAAAADwMDz2M4BtNpvS09PVdvEFWfM5y2SyyaTM2Zwm6X+//x7bHzXw1KWIEjr4ltffoh62b7HtZFNGXie1W3JB6enpzAIGAAAAAAAAAADAQ2PO7QJym9Vq1aGzyTqQkCGTh1mSLfMhrzJJNuv/fttu+K37am9VMb8+DS5ijFt3YZyOXky7p/6tv8dIqixbytXMZYdzsD7ac7jdzUn7z6frl7jreqqUC7OAAQAAAAAAAAAA8FA81jOAbTabMjIy9HNcqlJsTjc801V/PNv1xu2/0N7Wz37sduVN99x/36XfqVCL9/RUxKQcry8n2vOYcmf8PE5/j/f/5/YUm5N+PpeijIwMZgEDAAAAAAAAAADgoXjsZwBbMjK0/fhV2VzyZC7fa8p8hqvJpP/9zpzZmRnq2e6r3Se/kxr6F5Yk/Xj8Nz1bsbRefaKghn2frAz98fqIZwro9aoe8vUwK8MmnUuyaGdsit776neZJH0UHqbONd5SzBWLnp4TK1lt8sjjpNENi6h5+Xy6lm7VrINXVcrDrNeruuvEpXTVnn9Gstm06/WSqlzERcuOXVNMokWvP+kuN2eTvoy+rve2X1BSeubM5/eeL6SWFfKrhLuz8rs46XKqVd+eSdHQXRcVfTldJpNJoX55Nbt5cUnSWxvOq8ezBVW9uKu6b47X8hPXsz0/DUvnVY9nC6iGl6tcnU2KvZqhyT9c1oJfktTxSXeNaZg5O7rc9NO6mmpVxcIu+rZDSUlS+7Xx+jL6ukLL58t+3C/jtenXFA2pV1hNyuVT0bzOSrZY9evldH3+S5JmH7oqk6RCrib1r1NYTcvlU/F8zrqUkqEdMSkasfuSYq5a7vv63qrdZjbpq6gkta7hKRcXlwd/MwMAAAAAAAAAAOCx99jPALZZrTryu1UmU+aMTpP1xme6/m/bZv3f/vtrb+vvIieTSZeSkvXuxxtks9lUvICbGpdxM14f6pdXQ+oVVlkPJ329/6h2HzwmV8s1NS9jNvq3Xj6bWXdqktH/uIaF9Grl/MrvYlLy1URFPO2ulv6umcclJxr9W5MvS5JaVcinDlVcFXvmnAq6OqlNpfz61zP5jfpreabInHpFew4d15d7f5aTJUWh/vm0vGVxuTjZ7OqQpE+Ci6q8h00XLiXKlngu2/ffqkI+LQ/z0gul8srFlqETMXEqmseiZz2SZbJalfF77B/XJDVFJlllu3bJ2Ge9HHf7cS+f06BaBdSxmodcbana9N0hHToRrTL5rartmSKTzap8TjZteMVb71TzUPG8Jp2IjZOH2aY2lfJr06veKu5myvnr72zTzwlW2axWZgADAAAAAAAAAADgoXisZwDbbDZZrVbFXXeRKZ9NJrtnuZok/Wn7PtvbVckvSVrxzQH9VjRAu38+pbpPlle7Cs768tfMmbf+ea5I8tK+qBi98fGXSk2zyPr/7d17jGZnYd/x33nfeec+s/dde72217f1gm+YODYEu6bEAaKEYgtSAoGmLYooVEpVCwcRBbdS0lQhSauI9JIEaEmgkEShTd2KBMVcjGp8AV9Ygm28Zo3xbS+e9e7O9X3nPad/zOzMrBPcpFls69nPR1q9OnvOe87znjP/ffWcZ+Zwzt22PtXu63PCGrNJqqbJ2evaueHCySTJ797yldz48c9n23gnX/9PNyVDSzNOq+U1javl7x2bnc8Pv/fX80xvILd88K157St25Zqtq8f943//J3nm0P5s3nZ6JkaGcsnme/KpD74rO9cP5pVbBnL3073l+7Tkz+/8Zn72w5/KYtoZf/nVqbZN/JXff/Orl8b4nScP5bpf+O0cXGil3Z3Jy15xRaoNr1y69upTWYqnJwTT5bj6PNd9+2Vbk2zIp279ej70P+5J011IZp7Jzl0XpTrjR/LWXePZtWkpjL/jVz6ez+15IpeePp6v/NaN2TY2kJ+7ZCT/9s6jJ/f5t5o8OTuQWgAGAAAAAADgBXJKB+Akqes6s/122lVvKek1y6/vPUmfV24fzrlbJpIkn7lvf1pjF+UzX/12XnPxeXn9hZuz6bbpTM3X+fKeffnFHzs/V+7emac/9i/y2JFe7j8wn9+/+8nsP9gsnW9tKG3qXDi+/CriJH/8l4czdu0/ypG56Xzxvodzw9WXrhy3dMzSd2/bszezl7w5I4Oj+e7huSTJlvHOynFvueHN+cA1p2frWPuv3Kttremk6azE5CT57VsfyOC1/ySDVTt1vbhynuO/f8toKzvWDydJPvml+3Ls4uszOjyWut/P3tnDKzNpV39Xs7K27nGra+5+/+t+8f6H89qXbc/PX39N3vOmq7P3cC93PTGb/3z791ItNLlscj5JMrvQza3zOzLymmvz0LED+fbj+7P7rNNy2brFVGlO6vNvtZLZ/lIABgAAAAAAgBfCKR+Ak2S03c9C3SStJtXKmrwn5/Onz1sNqZ/9l29KqiqtnJMk6bRbecv5Q/m9PdO558hQfvTGf5d3XHdVLjtvR3affXqu3zWRN52/K6/75KN58Jne6oCbpRm79ezRlf9qbzozma7THh5LNbSaSo/P7D1uerGdanAwSZO6WhpbtRxdd2/s5DfesCNVlXz2tntzy+33Z+PkWH7zfT+VJGktzqfKQJLVoPnM+M6ldW/TJK3W0uea35/5uZVjWxOb0xoaTZo6rVYrGd+YLEfXld9RNUldZ3J4zZ/mSiT+/tf9yO1P5rv7/kveeNXFufjcM3Lhjm25aPP6vOGc0Vzx8X1puqvjGNh6TpIm7YnNSWvpHjSL3eXrnLzn3/SbjLb7/4+/PgAAAAAAADh5Tuk1gI/bPtJL+ll+zfDS64dX1nj9O2yPDST/4KLNK9eZHG5ncqiV8aHVuPn2l4+lapqcdeYZ+e6WK3PTf/9mrrv5k7ngnf8q3d5i2q0ql04upmpOnEVaNXUe3H9sJZ7ecPGWVGly2mgrr73orKVjlo874XXKrdbK+FamDy8fd+FYd+W/fumzX8//nNqYw6M71hyz/L01p6s6Q897Pw5M9/L4waX1fN/xqvOyZaRK1TQZSJ3dmzqpmjqHjs2vnO+cdQOpmiY/uWti9RrL4zvh93eGTrjeyy6/Mn92ZEv+2e/fkR95/+/kLTf/ztKznRzM6aOt3Ltvf5JkdGgwbzx3LFVT59KtQ9m1fen53Pudp076809dZcdoLwAAAAAAAPBCOeVnAFdVld2bkn1PVanay1G0aZY+6+bvtP2T545mYnhpLd6r//mv5f69j+X42rFve92V+egHfjYXbV+fS7dM5RWbW/nlf3p1/vLAFXl6ejFnTAxksDOQum7yjb2PpWptXxNyl2bsPrEwlD/58j1562t/KO959Y78xEW9bBxpp15cjY7PnQG8ElOPj3PN+b6x94n06wvSbrXyH37+p/KNg72865LJ1Zu1PFN47Subq2rN+f6a+9EeHs3Nn/hcPv7+d+TcLRO5691jefTZXrZPDOR/f+tg3v+lhXzt8enMLfQyMtTJf3vrOXn0SC9XbB9Zvcbx6zbPuW69+jtuunJdrn37j+fBQwuZmuvnks1Lf9oHnz2WJw8+k88eOZz3PvZ0dp91Wj72pjPyyOFuzl7XSatVZf/U0Xz0q4+m2rrupD7/LCa7t2ZptjMAAAAAAAC8AE7pMlVVVVqtVl51ZidNfzls1suvG677K2vRnrD9t9j/07tHkySP7Z/KtzddmYnXvy/jP/beTLz+fbn16IZ0e4tJkrftGsqeh/bmtnsfzGlDi7nunNGcPVHlrgf25V2/8tE8eGwgqZ/zKuG6n/boZG789B35zK13ZWZ+IcNNN7/1R5/P5+/+VpJkrttbHd9K621Wxvfc8z26MJT3/PofZN9Th/Kas8bz905LbvqPf7x6v5Z/3wlTgP8G9+eWp0fy5g9+JF+696Es9ro5f8NAnpk6nLu/8UDS1Jka2JB3f/gTefjxA5kcrLJ49FB+7sOfWDO44+Ndc93n3P+/+Oo9eWjf93LBZPL6c8cy0urnc3fuyZtv/t1kcCy9TTvzxl/6WH7vlttyYOpIzlvfyfTMbP7wC3fnR2/6SA5PnnfSn3/Tr/LqswZTVdXy66oBAAAAAADgB6tq1i7Aeoqp6zrzCwu58+ED+Zk/nU9Gujk+Q/e4KlWateHxb7F/9u4/TX34yVQjExm75p0n7G96C5n+8n9NVdcZOPPidE6/IN3vfC396cNpurOpWgNpja3P4M5XZmDb0prB8w98Jb3vfTOtNefbPpI8fu8XM/vE3qTdybbdP5T/86Hrs3XdaD75hXvygXsG06TJzO1/mHp6Kp3tuzN88d9fOt+3vpzFx791wvh6Tz2c7t47Uy/MpD2+KYNnX5a5PX+RJBm+9Lp0TtuV3v69mb//80mS8WvemWpk9XXN3+/+LB76XrqP3pv66ME09WJaw+MZ3Hl5BndclCZNevu/k+7Dd6Sen0573dZ0drw883tuTZVk+PIfz8CWnentf2TlumPX/ExaI5Mr5+898UB6TzyQevZomsWFVANDaa/bmqHzrkprclOSpOnOZeGRr2Xx4L40C7OpOsMZ2HRmBs//4bRGJp93/P8/zz9zg/nM9cO54vytGR4aMhMYAAAAAACAH7hTOgA3TZNer5cjR47k+k8dyt65ZGCgu/wa3yy3vOYlvf3uS8Zz47VnZ8/+uXT7Ta7YPpp1w+0cnZ3Pdb/8R3li42UvqfGeKtuLvU4umajy6bdtyrp169LpdMwCBgAAAAAA4AfulA7ASdLv9zM7O5sDBw/mqj9IhkaOpapWat7zfPOlsf+qoQP5xTdcmAvOPC2jQ50cfPZYbrvvofzap/88T+24Ou2xDS/p8Ze4v2mqdOcmcse7kq1btmR0dDTtdvt5zgUAAAAAAAAnxykfgJumycLCQo4cOZJPf/1QfvVrnQyNzKRpmuXX+y5P8HyJbveeeTwLj9yVeubZpL+YDI6ks/GMdM65PANjG1708Z2K2935sXzoyl7+4eWbs379+gwODpr9CwAAAAAAwAvilA/AydIs4Lm5uUxNTeVDXziWP3usyuDQXJKkqqqsvUW2bT/fdrc7mp84s86/ft1ENm7cmJGREbN/AQAAAAAAeMEIwFmavbm4uJiZmZlMHT6cX71tJv/ru510BqdTpT4+xXM19i1vP/fT/lN3f1Mn3d5kbjinl1+4ejQbN2zI2NhYBgYGzP4FAAAAAADgBSMAL2uaJt1uN9MzM5mamspXH53L+28fzUBrOp2BhRd7eLyE9RaH06/H8puvmc2rdo5mw4YNmRgfT6fTEX8BAAAAAAB4QQnAaxyPwDOzszny7LOZmZ3NB7/Syn0Hq3SbJq3WYlpVL+1WP1X6yzNC16wBuzxD9MRP+0va36+rNOmkXw+krgcy1Kryis1N/s3V/YyPjWXd+vUZGx217i8AAAAAAAAvCgH4OZqmSa/Xy8LCQmZmZjIzO5uHDizk4ak6dzxe55Gj7Tw1N5jZeuDFHiovgtHWYk4f6ea8yX5evaOV8ze2cuHWoYyNjmZsbCxDQ0Nm/gIAAAAAAPCiEYD/Gk3TpK7r9Hq9lRg8v7CQbrebXq+Xut9Ps3wcp46qqlIlabXb6XQ6GRwczPDQ0Er07XQ6abVa4i8AAAAAAAAvGgH4eRwPwf1+P/26Tt3vp67r1HW9sp9Tx/Gw22q1lv6122m3Wmm328IvAAAAAAAALwkC8N/A8VvUNI3oS5Ll2cDLwVf4BQAAAAAA4KVCAAYAAAAAAAAoROvFHgAAAAAAAAAAJ4cADAAAAAAAAFAIARgAAAAAAACgEAIwAAAAAAAAQCEEYAAAAAAAAIBCCMAAAAAAAAAAhRCAAQAAAAAAAAohAAMAAAAAAAAUQgAGAAAAAAAAKIQADAAAAAAAAFAIARgAAAAAAACgEAIwAAAAAAAAQCEEYAAAAAAAAIBCCMAAAAAAAAAAhRCAAQAAAAAAAAohAAMAAAAAAAAUQgAGAAAAAAAAKIQADAAAAAAAAFAIARgAAAAAAACgEAIwAAAAAAAAQCEEYAAAAAAAAIBCCMAAAAAAAAAAhRCAAQAAAAAAAAohAAMAAAAAAAAUQgAGAAAAAAAAKIQADAAAAAAAAFAIARgAAAAAAACgEAIwAAAAAAAAQCEEYAAAAAAAAIBCCMAAAAAAAAAAhRCAAQAAAAAAAAohAAMAAAAAAAAUQgAGAAAAAAAAKIQADAAAAAAAAFAIARgAAAAAAACgEAIwAAAAAAAAQCEEYAAAAAAAAIBCCMAAAAAAAAAAhRCAAQAAAAAAAAohAAMAAAAAAAAUQgAGAAAAAAAAKIQADAAAAAAAAFAIARgAAAAAAACgEAIwAAAAAAAAQCEEYAAAAAAAAIBCCMAAAAAAAAAAhRCAAQAAAAAAAAohAAMAAAAAAAAUQgAGAAAAAAAAKIQADAAAAAAAAFAIARgAAAAAAACgEAIwAAAAAAAAQCEEYAAAAAAAAIBCCMAAAAAAAAAAhRCAAQAAAAAAAAohAAMAAAAAAAAUQgAGAAAAAAAAKIQADAAAAAAAAFAIARgAAAAAAACgEAIwAAAAAAAAQCEEYAAAAAAAAIBCCMAAAAAAAAAAhRCAAQAAAAAAAAohAAMAAAAAAAAUQgAGAAAAAAAAKIQADAAAAAAAAFAIARgAAAAAAACgEAIwAAAAAAAAQCEEYAAAAAAAAIBCCMAAAAAAAAAAhRCAAQAAAAAAAAohAAMAAAAAAAAUQgAGAAAAAAAAKIQADAAAAAAAAFAIARgAAAAAAACgEAIwAAAAAAAAQCEEYAAAAAAAAIBCCMAAAAAAAAAAhRCAAQAAAAAAAAohAAMAAAAAAAAUQgAGAAAAAAAAKIQADAAAAAAAAFAIARgAAAAAAACgEAIwAAAAAAAAQCEEYAAAAAAAAIBCCMAAAAAAAAAAhRCAAQAAAAAAAAohAAMAAAAAAAAUQgAGAAAAAAAAKIQADAAAAAAAAFAIARgAAAAAAACgEAIwAAAAAAAAQCEEYAAAAAAAAIBCCMAAAAAAAAAAhRCAAQAAAAAAAAohAAMAAAAAAAAUQgAGAAAAAAAAKIQADAAAAAAAAFAIARgAAAAAAACgEAIwAAAAAAAAQCEEYAAAAAAAAIBCCMAAAAAAAAAAhRCAAQAAAAAAAAohAAMAAAAAAAAUQgAGAAAAAAAAKIQADAAAAAAAAFAIARgAAAAAAACgEAIwAAAAAAAAQCEEYAAAAAAAAIBCCMAAAAAAAAAAhRCAAQAAAAAAAAohAAMAAAAAAAAUQgAGAAAAAAAAKIQADAAAAAAAAFAIARgAAAAAAACgEAIwAAAAAAAAQCEEYAAAAAAAAIBCCMAAAAAAAAAAhRCAAQAAAAAAAAohAAMAAAAAAAAUQgAGAAAAAAAAKIQADAAAAAAAAFAIARgAAAAAAACgEAIwAAAAAAAAQCEEYAAAAAAAAIBCCMAAAAAAAAAAhRCAAQAAAAAAAAohAAMAAAAAAACLdpTbAAAETUlEQVQUQgAGAAAAAAAAKIQADAAAAAAAAFAIARgAAAAAAACgEAIwAAAAAAAAQCEEYAAAAAAAAIBCCMAAAAAAAAAAhRCAAQAAAAAAAAohAAMAAAAAAAAUQgAGAAAAAAAAKIQADAAAAAAAAFAIARgAAAAAAACgEAIwAAAAAAAAQCEEYAAAAAAAAIBCCMAAAAAAAAAAhRCAAQAAAAAAAAohAAMAAAAAAAAUQgAGAAAAAAAAKIQADAAAAAAAAFAIARgAAAAAAACgEAIwAAAAAAAAQCEEYAAAAAAAAIBCCMAAAAAAAAAAhRCAAQAAAAAAAAohAAMAAAAAAAAUQgAGAAAAAAAAKIQADAAAAAAAAFAIARgAAAAAAACgEAIwAAAAAAAAQCEEYAAAAAAAAIBCCMAAAAAAAAAAhRCAAQAAAAAAAAohAAMAAAAAAAAUQgAGAAAAAAAAKIQADAAAAAAAAFAIARgAAAAAAACgEAIwAAAAAAAAQCEEYAAAAAAAAIBCCMAAAAAAAAAAhRCAAQAAAAAAAAohAAMAAAAAAAAUQgAGAAAAAAAAKIQADAAAAAAAAFAIARgAAAAAAACgEAIwAAAAAAAAQCEEYAAAAAAAAIBCCMAAAAAAAAAAhRCAAQAAAAAAAAohAAMAAAAAAAAUQgAGAAAAAAAAKIQADAAAAAAAAFAIARgAAAAAAACgEAIwAAAAAAAAQCEEYAAAAAAAAIBCCMAAAAAAAAAAhRCAAQAAAAAAAAohAAMAAAAAAAAUQgAGAAAAAAAAKIQADAAAAAAAAFAIARgAAAAAAACgEAIwAAAAAAAAQCEEYAAAAAAAAIBCCMAAAAAAAAAAhRCAAQAAAAAAAAohAAMAAAAAAAAUQgAGAAAAAAAAKIQADAAAAAAAAFAIARgAAAAAAACgEAIwAAAAAAAAQCEEYAAAAAAAAIBCCMAAAAAAAAAAhRCAAQAAAAAAAAohAAMAAAAAAAAUQgAGAAAAAAAAKIQADAAAAAAAAFAIARgAAAAAAACgEAIwAAAAAAAAQCEEYAAAAAAAAIBCCMAAAAAAAAAAhRCAAQAAAAAAAAohAAMAAAAAAAAUQgAGAAAAAAAAKIQADAAAAAAAAFAIARgAAAAAAACgEAIwAAAAAAAAQCEEYAAAAAAAAIBCCMAAAAAAAAAAhRCAAQAAAAAAAAohAAMAAAAAAAAUQgAGAAAAAAAAKIQADAAAAAAAAFAIARgAAAAAAACgEAIwAAAAAAAAQCEEYAAAAAAAAIBCCMAAAAAAAAAAhRCAAQAAAAAAAAohAAMAAAAAAAAUQgAGAAAAAAAAKIQADAAAAAAAAFAIARgAAAAAAACgEAIwAAAAAAAAQCEEYAAAAAAAAIBCCMAAAAAAAAAAhRCAAQAAAAAAAAohAAMAAAAAAAAUQgAGAAAAAAAAKIQADAAAAAAAAFAIARgAAAAAAACgEAIwAAAAAAAAQCH+LzvTqvJFp2wrAAAAAElFTkSuQmCC' height='250' width='300'/> ]]>
  </system-out>
</testsuite> <!-- com.tribu.qaselenium.tests.mazaprendo.MAAssingCourseTests -->
