<?xml version="1.0" encoding="UTF-8"?>
<!-- Generated by org.testng.reporters.JUnitReportReporter -->
<testsuite hostname="station" failures="0" tests="1" name="com.tribu.qaselenium.tests.mazaprendo.MADeleteCourseTests" time="37.896" errors="0" timestamp="2022-01-24T10:37:49 COT" skipped="0">
  <testcase classname="com.tribu.qaselenium.tests.mazaprendo.MADeleteCourseTests" name="deleteContent" time="37.896"/>
  <system-out>
    <![CDATA[ <img src='data:image/png;base64,iVBORw0KGgoAAAANSUhEUgAABLAAAARMCAYAAACJcWqtAAAAAXNSR0IArs4c6QAAIABJREFUeJzs3Xlcjen/P/DXaV9QiTZrMWZUmBGJ7JN9G2PJFsOQ79jCxzqGsY0txm6GiJnsax9iJi0MCpEJLRhqUEJDpeVEy/n90e/cn06dTue0nWO8no+Hh869XPd17vvc2/u+rvctMjExkYCoinXs2FHdVSA1uHLlirqrQERERERERP8CWuquABERERERERERkSIMYBERERERERERkUZjAIuIiIiIiIiIiDQaA1hERERERERERKTRGMAiIiIiIiIiIiKNxgAWERERERERERFpNAawiIiIiIiIiIhIo+mouwL0YZBIJOquAhERERERERG9pxjAomrBABYRERERERERlRcDWFQtlAlgjRkzBqNHj66U5R04cAD79++vlLJI/VasWAGJRIIlS5aouyr/era2thg+fDhcXFwAANeuXcPRo0eRkJCg5poREREREdGHrEIBLGNjYzg7O6Nx48awtbUFACQkJODvv/9GREQEsrKyKqWS9P5TJoBVWcEraVl+fn6VVh6pj62tLRwdHYW/GUipOo6OjlixYoXMMBcXF7i4uGDx4sWIjo5WU82IiIiIiOhDV+4Alru7O/r3748aNWrIDG/RogUAIDMzEwEBAThy5EjFakj/CsoEsLKysmBsbFwpy8vKymK3xX+J/v37y/y9detWNdbm323atGkKx/3f//1fNdaGiIiIiIjof1QOYBkbG2P+/PlCoKo0NWrUwIgRI+Dg4IC1a9eyNdYHTplgkre3N7788stKWd7JkycZwPoXMDY2Rvfu3YXP3bt3h6+vL48nVcDW1haWlpaljre0tGQLOCIiIiIiUhuVA1gLFiwQuvMUl5CQgCNHjmDatGlCy6wWLVpg/vz5zF3zgVMmmBQWFoawsLBqqA29L7p16yZ3WEBAgBpq8++mTOvHymohSUREREREpCotVSZ2d3dXGLxavHgxrl+/XiJY1aJFC7i7uyu1jFGjRiEtLU3mX2JiIkJDQ9GnTx9Vqvves7CwQFpaGg4cOKDyvBs3bkRaWprQUu6zzz7DV199JYy/ceMGHj9+XGl1LYtEItHYfzNmzEBQUBD8/f2ho6OjcFoPDw8EBQWhTZs2Ki+nS5cuCAoKwuDBg5Wa3svLC0FBQbCzsytz2lq1asHDwwPa2tpqX59F/1VU0e6DioaVx48//oi0tDQ8fvwY+vr6JcbPmDEDTZo0KbOc2rVrIy0t7b3vLt24ceMyp6lbt265yz5z5gzS0tKwevVqmXGfffYZQkND8fz5c0RFRcm0wqxduzYOHjyIxMRExMfHY+nSpcI4kUiE5cuX4+HDh0hOToafnx9MTU2F8SNGjEBUVBRevHiB0NBQmXNXVS1T0fckIiIiIqKKUboFlrGxcak3jtLglaJuPf3790dAQIDSXX8uXLiA0NBQAECdOnUwbtw4+Pn5oUOHDnjw4IGy1dYoIpGo2rq17dmzB8HBwUKQau7cubCxscG+ffsAAHPmzJF70/6h0dHRQZcuXXD9+nW0a9cOHTp0wB9//FEly7p79y6+//57xMfHKzX96dOncePGDTx//rzMad3c3DB27FgcPXoUeXl5Fa1qtf5WLSwsSs29JK9Lm6WlJZYvXy53+m3btuHly5dlLlNXVxeDBw/G+fPn0bNnT/Tp0wf+/v7C+JYtW2L58uW4f/8+Hj16pLCsjIwMjB49Gi9evChzuZrs77//LnOalJQUlctt164dTp06Jbd8fX19HDp0CAUFBVi2bBnc3d3h4+ODO3fu4OHDh9i8eTN69uyJtWvX4pNPPsHMmTPx6NEj+Pn5wdPTEzNmzMCBAweQlJSEuXPnIjs7G5MnT4ajoyN++uknXL9+Hbt27cJ//vMf7N+/H05OTtDR0amSZSr6nkREREREVHFKB7CcnZ1LJGwHgNDQUJmcNLa2tnJvLmvUqAFnZ2dcuHBBqeVdv35dJlnz27dvMW/ePDg5OeHBgweoU6cO1qxZg65du0JXVxfHjh3D/PnzkZ+fj48//hjbt2+Hg4MDIiMjcfXqVcydOxejRo3CuXPnEBUVhdzcXJw4cQIzZ85E69at8e7du1LLs7S0hLe3Nzp16gR9fX3cuXMHCxcuxJ9//gkAmD17NiZMmABzc3Pcv38fCxYswLVr11C/fn1ER0fj119/hbW1NWxtbdGmTZsS37W0+ZXZJitWrICjoyNyc3Nx8eJFzJ49G69fv8bXX3+N8ePHo1OnTvD19cVHH30EAEhLS0OzZs2wfv16WFhYoFGjRsJ2W7VqFZydnQEAERERWLRokdLBlrIoEwyxtLREr169KmV5gYGBSgUUnJ2dUatWLfj5+cHa2hpubm64ePGiML5hw4aYO3cumjRpgtjYWDx58gTA/1qU7d+/H3l5eTh16hTGjx+P3NxcbNy4ETY2NvDw8EB2djbWrl2LqKgotGjRAt999x127NiBEydOYO7cuejduzcWLVqESZMmwcrKCjdv3sTq1auRk5ODAQMGYMCAAfD09MSjR4/Qu3dvjBgxAlZWVkhPT0dQUBB8fX0xY8YMDBgwAAAQEBCAlStXok2bNujduze8vb3xf//3f9i2bRuCg4MxatQoDBgwACYmJnjy5Am2bduG6OhoWFhY4NChQzh37hzq1KkDGxsbjBs3rlK2RVmMjY3LzKlXXGnTK9vFrWfPnjAzM8O6devQuHFjuLu7CwGsL7/8Er6+vgCAI0eOYO/evZg1a1ap+2nNmjVx4MABBAYGwt3dHSKRCJ6envj6669Rv359JCYmwtfXFz///DMAlHk8URdlHi6UJ/eYkZERpkyZgsTERAQHB8uMc3V1hZWVFZYsWYKffvoJcXFx8Pf3x+DBg7Ft2zb06dMHoaGh8Pb2hoGBAQYOHIihQ4fCz88PQ4cOxZs3bzB9+nQUFBSgc+fOGDhwIKZNm4YhQ4ZAJBIJ67V27dqYM2cOnJ2dYWhoWCXLVPQ9iYiIiIio4pQOYNna2pYYFhoaKhNkkgav5AW6pOOVDWCZmJigYcOGAApbYPXu3RsAEBsbCwDYvXs32rdvjzFjxsDY2Bi+vr5ISEjA9u3b4ePjI+TeSk1Nhbe3NwDg3bt3AIDc3FxYW1vD2dkZCxYsQHp6Og4cOFBqecuXL4ebmxvGjRuHjIwMbNiwAd7e3nBzc8PgwYOxZMkS+Pn54eDBg/Dz88Mvv/yCjz/+WFjewIEDcerUKRw6dKjE91Q0f1n27t2L169f48svv4S5uTl27NiBWbNmYfHixTLTjR8/HqGhofj7778xZcoUvH79Wma8oaEhTp8+jRo1amDBggUQiURYt24dTp48CRcXF+Tk5Ci1zRRRJoC1ceNGhUmkVdGrVy+MGjWqzOl69OiBFy9eIDY2FqGhoRgzZgxq1qyJN2/eAAAWLlyIpk2bYsuWLcjKysKMGTMA/C+AlZeXBwsLCzRs2BA7duzA/PnzMXfuXFy6dAmbN2/GwoULMWXKFEyaNElYB9J5c3NzARR2dfrpp5/Qv39/dOrUCX379sWJEyeEOkokElhbW2POnDkIDg7GqlWr4OTkhFGjRuHevXs4dOgQmjRpAnt7e8yePRvx8fFo1aoVgMLf1549e3Dv3j106dIFX3/9NX777Tf8/vvvWLZsGb7//nsMHTpU+K127twZFy5cQGBgYLW1wEpISMCWLVuEdVteW7ZsUTrBuLu7O548eYKbN2/ixIkTmDNnDmrXro3Xr1/jwoUL2L17NyZOnIjvvvsOZ86cUWk/nThxItauXYtjx47h22+/xZgxY7BmzRrk5ORg3759Co8n6pSQkIAXL16Uug++ePGiXAncpcd8ecH7pk2bAoDQUlRafrNmzWBrawsdHR1hXE5ODp4/f45mzZoJ8yYlJaGgoECY18XFBQ0aNBC6fsorV9rytLKXqeh7EhERERFRxZU7gBUdHS0TvDI2NlYYvJJXhiLffPMNvvnmG+Hzq1evMHfuXNy+fRuWlpbo2rUrgoKCEBQUBACYMmUKxowZgxMnTqBly5ZC1xEA6NSpE8aOHStzQ16jRg188803wg1baeVt374dhoaGMDQ0RLt27RAaGoru3bvj7du3AICgoCA0a9YMaWlpePfuHSIiItC3b1+ZXDEpKSmYNWuW3O+pzPylMTIygr6+Plq1aoXw8HDY2trKDTpER0dDIpEgOzsbN2/eLDG+Z8+eaNCgATZs2CDk8fnss88wefJkdOzYsVJaEyjbAquyWFlZlbnMGjVqwMXFBYGBgahTpw7u3LkDHR0ddOvWDf7+/jA3N0ezZs1w584d/Pe//wUAtGrVSuhKKy1fT08Pu3btglgsxujRo1G/fn3s2rULGRkZGDlyJBo2bFiiLkU/HzlyBBEREUhPT0enTp3kbkc9PT2IRCI0atQIDRo0QEhIiExuNGnLmHv37kEsFgvDDx06JHTFTUlJwZAhQ5CRkYHc3FzExMTA1dVVJodPamoqfvzxR+VWciW6cOECUlJSMH/+fIXHEHkyMzOxdu1aREdHKzW9qakpevXqhUOHDsHGxgZXr16Frq4uvvzyS+zevRupqalITEwEAPz11194/PgxXr16Vep+mp+fL1P+hAkT8O7dO3h5eQn73BdffAEPDw/s27dP4fFE3SIiIoTWfPLGVTZpiznp95f+b2RkVGIcUPgQolatWsK8RcdJ/zY2NhZ+Q9LAbNFyDQwMqmSZRERERERUtVRK4l5U0Yv9qnDy5EmMHj0aM2fOhEQiwaNHj+Dj4wMAsLa2BlD4NrKkpCQkJSXByckJjRo1EgI/z549E8qS3owWlZmZKXQxU1QeUPjmxQsXLmDWrFk4d+4c/vrrL3h5eQEo7GLm6+uLhw8f4uXLl0JLMV1dXWFZinLoKDN/aUaPHo2UlBSsW7cOV65cwe3bt+W+ta0s9evXBwA8ffpUGCZdf/Xq1VO5PHmUSfgdFRVVKcsCgKioqDKXJ+0u2r9/fxw9elQI3PTo0QMSiUQI7Lx69UqYR5pfqWg5WVlZyM7OFv5+9+4d3rx5I3zW1dWVSWpePMn58+fPIZFIkJGRAQByp4+Pj8emTZtQp04dfPvttzh06BC2b98OCwsLhWU/ffpU+GxpaYnFixfj1KlTOH/+PNq3bw8AQuL34tNXdxL36OhoLFmyBJmZmUrPk5mZiSVLligdvAKAL774Avr6+vjqq68QGxuL06dPAyhsCVcaVfbT+vXr4/Xr18jOzgZQ2G1XLBbDxsYGgOLjibopertjVbz5URp4lQaVpP9nZWWVGAcU5sySDs/KypIZJ/07MzNT+A1JW1spKreylklERERERFVL6RZYCQkJMm9xsrOzw/Lly7FkyRLhwn/JkiUKW2Gp0v3kwYMHOHv2LIDCPCnDhg3DqFGjcPDgQSG4cvnyZcyePVtmPukT96KteaRdEYsq2mpCUXnS8UOGDIGRkRHatGmDRYsWYdmyZTh8+DC8vb3h6uqKrl27IioqCv7+/ujatWupyypOmflLEx4ejvbt26Nu3bpwdXXFunXrsG7dOrRt21ap+aWkAb6iwaoGDRoAgJDzqTrMnDkTn376aaWUpUwwrGfPnkhLS8PatWuFYd27d0ePHj1Qr149pKenAwDMzc2F8VZWVpVSv/Lw9/eHv78/6tWrhw4dOmDKlCkYPXq0whZT0q5OQOH6bdWqFTw9PfHgwQOsX7++RHenotOrQ0JCQpnHESlp8ErVbm0jRozAP//8g6lTpwrDhgwZguHDh8POzk5u3jdV9tPExEQ0adIEhoaGEIvFMDc3h6GhIe7evQtA8fFE3YngX758iejo6BJvm42OjlYqOb6qpC/kkLbOtbOzAwDExcUhISEBubm5wjBjY2NYWVnh0qVLAID79++jRYsW0NHRQV5eHpo0aYKsrCw8efJEKNfOzg6vXr0SuhTGxcUJD14qe5lERERERFS1VApgFVc8iFXWzWd58qcAwNKlS9G/f38sW7YMZ8+excuXL3H58mW0a9cOrVq1glgsxsKFCxEWFoZFixbh3r17cHFxgaenJzIzM0t9e6JUWeWdP38eRkZGmDNnDtLT0/H69Wvk5ubi7du3MDIyAlDY6qJFixZwcHAAUJgc/OrVq2V+t/LOb2VlhfDwcISGhgpvXsvOzi41ybJYLEbjxo3Rr1+/Em/ZCwoKwtOnTzFhwgTExMTA0NAQ7u7uuH//Pq5cuVLmd1CGsq1xqiuRtbW1NVq0aIHAwECEh4cLw7OystCjRw/06NEDe/fuxaNHj+Do6IiBAwdCLBajY8eOAFCihZGiLoLFp5c3r6LyJBIJXF1dsXjxYuzduxc3b94UWm2JxWJIJBKhK1Pv3r0RFhYmd7nS1igWFhZo2rSpcFPv4OCAO3fulFr36qbscaJGjRoqH1MaN24MFxcXHD58GIGBgcLwzMxMDB8+HO7u7kISfaDw7alJSUkK99PLly/LLMPX1xfe3t5Yv349jh07hq+//hpA4ZtBASg8nvwb2draomXLlkJQyM7ODoMGDcLjx48RFhaGp0+fYvLkycjNzYW7uzvevXuHkydPQiwW48yZMxg0aBAWLFgAe3t76Ojo4ODBgwAKu966uLhg27ZteP78Odq2bYt9+/YhPz8fx48fx6xZs/DDDz8gICAA48ePx19//YWbN29CR0enSpap6HtWZutSIiIiIqIPldJdCCMiIuR2k5AGsaRPtaVBrOIyMzPLnUMlKSkJ27dvR926dbFo0SIAwKRJk3D+/Hn8+OOP2L17N5KSkrBt2zYAwOTJkxEbG4vly5dj6NChQvJ0RTfmisqbN28e0tPTcezYMZw7dw5WVlYYPXo00tLSsGzZMvz999/w8fFBt27dMHLkSPzzzz/YtGkTDA0Ny/xu5Z3/+fPnWLBgARwcHPD777/j4MGDePjwISZOnCh3+p07d0JPTw9r1qxBnTp1ZMZlZ2dj0KBBuHHjBjZu3IgVK1YgJCQEQ4YMERKNV1RldkurjH89evQAAFy7dk1m+N27d5GZmSl0I1y5ciUePXqEqVOnws3NTXhTnbSbX/Hvp+izvPVRfN2U9jksLAzHjx/HkCFDsHPnTsycORPnzp2Dr68vJBIJAgICkJ6ejq+++gr29vZyy9q1axeSk5OxePFiODk5YeHChUhLS8N//vMf6OnpVcm2Kg9bW1ul82CpklcPAIYPHw6gMIhU1LVr15Ceni6MP3v2LB4+fIjBgwdj1KhRKu2nu3fvxsKFC+Hs7IyDBw+iadOm8PLyEvLLKTqeqJuxsTEaN25cYnjjxo3L3WW8d+/e+OWXX/D9998DKHzBwi+//AJPT0/k5uZi9OjRSE5OxpIlS2BkZIRx48YJSdRnz56Nc+fOwcvLCx06dMAPP/yA48ePAyh8icWmTZvQq1cvTJo0CceOHRPOD/fu3YOnpycsLS3x3Xff4d69exg1ahQkEkmVLVPR9yQiIiIioooTmZiYKH2X6e7uXmqemPj4eKEllq2tbYluTYcPHxZu4KqatrY2rK2tha5xq1atwpQpU9C5c2eZliZUfVq0aKHuKpAaSLvNqaJ///5Cq6Wy7Nmzp0pyM6nC3Nwcjx49QmBgINzd3dVal4ro1q0b3N3dFb6F8MiRI0q/SZaIiIiIiKgyKd2FECjsPuHo6FgiPwrwv5ZYR44cwfTp02XGRUdHV1vwCgBOnTqFzp07Y+rUqUK+mcePH+PevXvVVgeSpUxrnAkTJmDChAmVsjxfX1/4+vpWSllUveQdX65fvw4AaNeuXYlp1RnAMjExgYeHB4DCNzi+bywsLDB8+HC0a9euzFZvlpaWmDFjBiZMmIDr16/j6NGjVZIXi4iIiIiISB6VWmABhV1MFixYIPcmU57o6GisWbOm1NxMVaFBgwZYv3492rdvj4KCAty6dQuLFi1CXFxctdWBZElzBilSNHdTZXB1da3U8kh1MTExKs/j5+cnBFMyMzPh6+srtPrp1q0bJkyYIDNeGkBSh5YtWyIkJARJSUkYN24cbt++rba6qKr4ulRV8W1DRERERERUlVQOYEm5u7ujf//+pd78ZGZmIiAgoFpbXpHmUiaAFRgYWO6b6eIyMzPRq1evSimLyk/VAJaFhQV27twJoDD4vXXr1hKtfCwsLDB9+nQhiD558mS2BFJR0fVcUVz/RERERERUHVTqQljUkSNHEBAQAGdnZ9ja2grJlBMSEpCQkICIiIhqbXVFmk2ZLoQrV66stBxCR44cUfvb9Eh1WVlZuH79OqKjo0vtGvjy5UssXrwY/fv3h6OjI48z5RQdHa3uKhARERERESmt3C2wiFTRvHlzdVeB1IDddomIiIiIiKgylLsFFpEq2BqKiIiIiIiIiMqLASyqFgxgEREREREREVF5MYBF1YIBLCIiIiIiIiIqLwawqFowgEVERERERERE5cUAFlULBrCIiIiIiIiIqLwYwKJqwQAWEREREREREZWXTtHAgkgkUmNV6N+MASwiIiIiIiIiUoa8GIJOWRMQVQb+tj5M3O5ERERERERUGXR4g0nVgb+zDxO3OxEREREREVWUSCSCSMI7zPdafHw87Ozs1F0NqiBux38PbkvNwO1ApeFvQ/NxG2k+bqPqwfVMRNUtIiICjo6O6q5GqbTUXQEiIiIiIiIiIiJFGMAiIiIiIiIiIiKNxgAWERERERERERFpNAawiIiIiIiIiIhIozGARUREREREREREGo0BLCIiIiIiIiIi0mgMYBERERERERERkUZjAIuIiIiIiIiIiDQaA1hERERERERERKTRdNRdASKqmDNnzuDWrVuYMWMGzMzM1F0dKofU1FSsW7euxHAzMzPMmzdPDTX6cP3666+Ii4uDgYEBHBwc0KFDB9jY2Ki7WqRmYrEYZ8+eRXx8vPDb+Pzzz9VdLVIgMjISx48flxk2dOhQODk5qalGREREVFEqB7BSU1NLXBDY2trCzc0N8fHxsLOzq7TKUfV59uwZwsPDAYA3bO+RyMhIYbv5+flhxowZaq4RlUdqaqpKw6nqDBs2DLt27cLz588RGRmJyMhI3vQSAgICcOvWLeFzcnIyJBIJ3Nzc1FgrUkTe8ZPHVM0gFosRFxeHZ8+eITk5GQBgbW0NGxsbNG/eHIaGhmquIRERaapyBbDi4+NlhkkkEgCAj48PL/TfQ6mpqfDx8UFOTg4AICYmhq153gPFny4nJyfj+PHjGDp0qBprReVhZ2cHKysrPH/+XGZ4hw4d1FSjD5ehoSE8PT2FIBYAHD9+HGZmZnxA84FKTU2VCV5J3bp1iwEsIhUFBwcjLCxMuOaUkt5bGBgYoGPHjmzhSET0HkhMTIRIJAIAGBkZVUv8oNJzYB0/fhyRkZGVXSxVocjISJkLiZycHMTExKixRlQWeV0jAOD169fc/95TXl5esLW1FT5//vnnGDBggBpr9GEQi8UlhhkaGpZY9wEBAdVVJdIwbCFJVHFisRg+Pj4ICQmRueY0NTWFqamp8DknJwfBwcHw8fGRe3wmIiLNkZSUhMTERCQmJpZ4EF9VqiQHlvTGmi2x3g/yIqVsvq25SgteDR06FPb29ti1a5fQFJ/eLwYGBnL/pqqza9cuDBs2rMT+8uzZM5nPycnJSE1NZctUErRu3VrdVaAKuHLlCt6+fSt8NjAwgKurqxpr9O/m5+eHhIQE4bOtrS2GDRsmHFNTU1Nx7NgxYZr4+Hjs378fkyZNUkt9iYhIM1VZEveKBLHy8/Nx+vRpXLp0CS9fvoShoSGaNWuGYcOGybRQKI/09HTcu3cP7dq1q1A5Fy9eRGhoKJYvX15iXFRUFHx9fbFly5YKLaO6ODk5IT4+Xugi0bp16woHH7/66qsSzcMBwMrKCps2bVI4719//QUdHZ0Kb+viwsPD0bJlS9SoUaNSy61OioJX0m3m6emJLVu2wNPTs1JutrOysjBr1izUr18fS5YsqXB58qSkpGDatGk4ePAgtLW1K718RfuruixdulTm5qm4s2fP4uzZszLDmjdvjrFjx1ZouQcPHsT58+cxf/58NG/evEJlyVN0Xe/YsQO1a9fGiBEjKn05leX58+fw8fHBpEmTZIJYxbvKA6i0ANb169dx5swZPH78GFpaWmjQoAH69euH9u3bV7jskydP4r///S969uyJ9PR0jVn/8vZxiUSCnTt3QldXF2PHjoWurq6aaymfvGCy9OYbgHD+FIvFcHBwKFdg69ixY/jrr7/w7bffygy/du0a9u3bh59//rl8lVdRVR+LNUnx4ysAhQGsnJwcjBs3Dj/++CPq1aunsOzU1FQsW7YMWVlZWLt2LWrXrl3h+r7PgoODZYJXpqam8PDwkHlYamZmBg8PD2zZsgVpaWkACvet4OBglbvqVvV1y/t2nU9EpAny8vKQkZFR4WvpKn0LYXmDWJs3b8bff/+NSZMmoVmzZnj79i0CAwOxZMkSrF69GvXr1y93ne7cuYOoqKgKB7A6dOiANm3aVKgMTeLk5CQEsCqr5dyCBQvw6aefqjxfaGgomjZtWiKAJc21Ju1nq6rDhw/Dzs5OpQBWQUEBtLQqvadtuSgTvAIKW895eHjg2LFjcHNzq3DenosXL6JLly6IjIxEcnIyrK2tK1RecQUFBTA3N8fOnTur7IZJE/dXRcGr0sgLCqsiLy8PV65cwZgxYxAUFFQlAayivvrqK5X3n+re5/T19ZGTkwMfHx8MGzYMqampiI2NlRvAqoxWcYGBgTh48CDGjRuHtm3bQk9PDzdu3MDOnTuRk5ODbt26Vaj8sLAwTJw4EZ06dUJ2dnalrsuKHIPl7eNPnjxBly5dqvx3WFE2NjYwNTUVbqoBoH///gAKc0bu379fGB4bG4ukpKT3svtvdRyLPxT3799HQUEBdu3apdL+oknXHJVFLBYjLCxMZpirq6sQvDp27BhEIhGGDh0KQ0NDODk5ISQkRJg2LCxMZnplVPV1CxERqSYvLw9xcXGIZzKIAAAgAElEQVQwMzPTrABWv379Stxgqdp/PS4uDjdu3MD69euFJ1z6+voYNmwYrKyshCe0KSkp8PX1xbNnzyASieDo6AgPDw/o6+tj+vTp6NevHyIjI5GRkQFdXV3Mnj0bz549w759+5Cfn48lS5Zg+fLlSE1NxZ49e5CYmAgtLS20bdsWw4cPh7a2Nn7++WfUqFEDKSkpeP36NTIyMuDp6Ql7e3uEh4cLrQzevHmD7du34+nTpzA1NS1xoxwYGIjAwEAUFBTAwMAAY8aMgaOjYwXW9PsvPT0dO3bsQHJyMgoKClC/fn188803uHjxIi5fvozIyEgkJSWhd+/e+M9//oPhw4fj1KlTWL9+PRYsWAAvLy84ODgAAPbt24eCggJMmDABubm58PPzw82bN5Gfnw9XV1d4eHhg48aNePHiBX744QeMHDkSERERqFevnvAE/caNGzh8+DA2bNiACxcu4Nq1a9DV1UVKSgrWrl2LqKgoHDhwANnZ2dDW1sbgwYMrfKOpqjNnzpQYVtpLE2xsbGBmZia0LKlIECskJASzZs1CzZo1ERISgjFjxgAAXrx4gdmzZ2PMmDG4ceMGUlNT0aJFCyFo8eLFC+zcuRMvXrxAQUEBnJ2d8dVXX0EkEmH79u2oVasWbt++DXt7ewwYMEDmqf+FCxcQEBCA/Px81KpVC+PHj4etrS1evXoFLy8vTJw4EZcvX0ZqaipsbW0xbdo0iEQivHr1Cj4+PkhISICenh6GDh2KLl26yOyvAHD69GkEBQUJ5X/99df46KOPyr2O3hcRERH46KOP0KVLFxw7dgyZmZlCQPfnn3+GoaEh/vnnHyQnJ0NPTw/jx4/HqVOn8PLlS5iammLu3LnQ19fHtm3bYGxsjJSUFKSlpSEvLw+TJ09GkyZNZJa3b98+oQVQbm4ufHx8EBMTg4KCAjRq1AjffPMNTExM5O5z1cXBwQG3bt1CTk4O/Pz8qnRZb9++xaFDhzB27Fh0795dGN6xY0eYmppCR6fwlPzu3Tvs378fd+7cgUQigaWlJSZOnAgLCwtcunQJly9fRsOGDfHo0SO8fv0affr0QZ8+fbB+/XokJyfj4MGDePr0KdLS0oT1Lz3mPn36FObm5ujYsSPOnDmDbdu2ISgoCGFhYVi6dCmAwtYLEyZMwO7duyEWi0scg3Nzc0vdt0s7Br969UpmHy/tvFjWPq4urq6uQosdfX19obVecHBwiWnDw8Ph5uZW6V3xSztvmpiYwNPTU+F5Udl9b86cOTLbKTY2Fn5+fkIwtEePHujbty+AwodNp0+fFoIuAwYM+KASb5d2jZifn499+/YhMzMTs2bNwpIlS5Cfn1/qNWvx82HTpk1x6dIl1KtXD48ePUJaWhomT56MsLAwJCYmIjs7G7NmzUKDBg2Qm5uLQ4cOCQ8gGzVqhIkTJ6JmzZoKfy/VKTY2tsS9wfPnzxESEiLzgoTWrVvDzs4OdnZ2MgGsnJwcxMbGqvRwVd51S1ZWFiZPnoyVK1eicePGAApzt8ybNw+7du3CrFmzSt2HyrrO/1CvKYiIlCENXmVnZwOQ/yC0Zs2aqFWrllLlVcpjnrS0NCQkJKBevXpo0qSJzL+ymlkXd/fu3VLn69SpEywtLQEAW7duRYMGDbB582Z4e3sjKSkJp06dAgBoa2vjzp07WLBgAdasWQNDQ0MEBQXBwcEBPXr0gJOTk3Aju3XrVtSpUwcbN27E6tWrERMTI5w4tbW1ER4ejq+//horVqxAt27dcOTIkRL1Onr0KHR0dLB9+3YsXboUt2/flvk+x48fx6JFi7Bp0yaMHDkS69evR0ZGhkrrpTKlpqYiISFB5p/0NcZAYa6X4uOL54OpqHPnzqFmzZrYsmULtm7dio8//hhRUVEYNGgQ7Ozs4O7uLnQpeffuHd6+fYs9e/aU2Qzf398fz549w+bNm7Fp0ybcvXsX58+fh5eXFwBg0aJFZb7ZTU9PD3FxcejevTvWrl2L3NxcYdtt374d33zzDXbt2oU3b95U2vpQxtixY2USnSp642dkZKRwUViRJKixsbEwNjZGgwYN0KVLF1y5cgV5eXkAAC0tLeTl5eHdu3dC68hbt27h+vXrAIDdu3fDzs4O27dvx7p16xAeHo4bN24AAHR1dXH16lUsWLAAEyZMkFlmXFwc/Pz8MG/ePGzatAn9+vXDunXrkJeXB21tbeTm5iI9PR2LFy/GDz/8gNu3bwsvHdi2bRvs7Ozw888/Y8GCBdi9ezeePn0qU/6DBw9w8uRJoYtbmzZtsGvXrnKvI3U5c+YMFi5cKLdVXmmCgoLw+eefQ1dXFy4uLvjjjz+Ecdra2vjzzz8xZcoUeHt7QyKRwMfHB15eXvD29kZaWhpu3rwJoHDbX79+HVOmTMGqVavQvXt3bN++XeGyAwICkJycjM2bN2Pbtm3Iz88XjtnF97nqpErOGx8fnwodCx8+fAixWIxOnTqVGOfo6IhPPvkEAHDq1CkkJibC29sbmzdvhq2tLbZt2wagcDvFxMSgbdu2WLp0KaZPnw4/Pz/k5uZizpw5sLCwwMSJEzFq1CiZ8o8dOwZtbW1s374dCxYswIULF5Rq6SHvGKxo3y7tGFyUovNiWfu4ukhvagHIdDUtLWFp0XNqZSntvFmW8u57mZmZWLduHUaMGIHNmzfju+++w8mTJ3H37l28ffsWu3btwsKFC7FlyxYsXrwYN2/eRG5ubqV/b01V2jViixYt4OHhgfr162PTpk2oXbu2wmvW4udDbW1txMXF4fPPP8fKlSvRrl07eHt7Y9CgQVi5ciUcHR3x22+/AQD++9//4sGDB1izZg02bdoEU1NT7NmzB0D5fy+VTd4xMzIyEsHBwcJLZ6TBq9KmV+W4W9p1i7GxMZydnXHhwgVh2vDwcLRp0wbGxsYKy1R0nf9vuaYgIqoKxYNX2dnZQtL3ov+SkpKULrNSWmClpqYqPFir0gIkKyurzGZlb968wf379zFr1iwAhSf/rl274uzZs0Kujw4dOghN4G1tbZGSklKinIyMDMTExAhPdvX19fH555/jjz/+QM+ePQEAn376qRANbNy4MQIDA0uUc/fuXYwYMQIikQh6enro2rWrcGESERGBtm3bwtzcHADQqlUr1KhRA/fu3UPbtm2VWieVRSwWY//+/XK7xhRV2tu2rK2tMWnSJKWfKq9bt65EhHXEiBEYMGAAzM3Ncf36ddy6dQsODg4YPHiw3DKk83fq1Empp+/Xrl3Dl19+CV1dXejq6mLZsmVCqwZVGBsbC3lMdHV1sWPHDuF7N2/eHNra2nj58qXSkeLKYGdnhxkzZiAgIABpaWmwt7eXO13RroampqYyN16qCg4OFlqKmJiYoGnTpoiIiJAJAkpvxg0MDNCqVSvExMSgffv2mDt3rrDNatasCTs7O+GmTiQSwd7eHnXq1CmxzKtXr6Jdu3ZCsLpdu3b45ZdfcP/+fSGw3blzZwCF3SWtrKyQkpKCjIwMxMbGwsvLCyKRCPXq1cOOHTtgZGSER48eCeV/9NFHwnCgcB/39/cv9zqqTsnJyYiNjUVkZCRiY2MBFG5vU1PTMnOEJCcnIyUlBS1atABQ+JZDaYBQqmXLlsLvvF69ejAxMYG+vj6Awpv2V69eCdN+9tlnQustFxcX7N27F+np6aUuf+DAgejTp4+wPzo6OgrfAZDd56qTjY0Nhg4dqlQgUNrVsHi+LGVlZmbC2NgYenp6Cqe7fv26cBwDgB49esDf3x9ZWVkAgLp16wrBLltbW+Tn5yM1NRUWFhallnn37l2MGjUKIpEIxsbGcHV1RVBQUJl1lncMVrRvl3YMLvrbUHRelLZakLePq5MmvHFQ2fNmceXd9+7evQsTExO0atVKWL6TkxMiIyPh6OgIExMTBAcHo1u3brCxscH8+fMr4Vu+X5S5RizrmlXe+dDKygoNGzYEUHgstrGxEbrB1atXD3/++SeAwv1t0KBBQvfmvn37wsvLC/n5+eX+vVS2soK5rVu3FlrDi8VihIeHq1xGUYquW7p27YpNmzZhzJgx0NXVRXh4uNCqXBFF1/nv8zUFEVFVKh68qixVmgOrPGrVqoUHDx4onEZ6IVw0eFCrVi2Z/BRFgywikQgFBQUlypFOv3jxYmGYtPmvvHK0tLTklpORkSGTV6lmzZoydS1+o1O8rtUlLCyszOCVIsnJyQgODlY6t8e8efNKzYHVs2dPiEQinDlzBps2bULLli0xfvx44YamOGUDRWlpaTLrX3pBkZ+fr9T8UsWb2F+4cAFXr14VcsDk5eUJf1cnQ0NDDBs2DDExMdi1axcGDBggExwunidL1cSnRWVkZCAiIgK3bt3CL7/8AqAwP0d2drZMAKv4+pbeaMbExCAgIABisRgikQjJyckyuW5K26ZpaWm4c+cO7ty5Iwx7+/Yt0tLShACWvP1Suk8VrU/Rv6VycnJw+PBhPHz4EEBhdy11bMvyKK2bmzL7dVBQENLS0jB+/HiZ8uLi4oTtUjTHk5aWVonPRY9/8vazzMzMUpf//PlzHD16FCkpKRCJRDLbEyi5z1UnJycnmJmZ4cyZM2W+ArgiQSwTExNkZWUhJydHYT6t9PR0mf1Duq6l577i5zcAcs9NRRU/TykKdslTtD6K9u3SjsFFKXNeVObcW12KtswGIFNPfX19ufnsVM2XVtp1irTlKaD6eVOqvPte8d8hUPhbfPXqFUQiEZYuXYozZ85g5cqV0NLSwuDBgz+oLoSAcr9TZa5Zi69nZY/FaWlp8PPzw+HDh2XmTUtLK/fvpTrp6+sL+eSkD1krEiwu67qlRYsWMDAwwM2bN2FtbY3MzEylcrUqus5/n68piIiqWnly/pZF4wJYrVq1wtGjRxEfH1+i1Za/vz9sbW2F4WlpacKJ+M2bNyonBJN2R1uzZo3cG11l1ahRQ+bGrejJt3ji1/LWtTJIb3KtrKxKBKGePXsm5Pfo169fiZsL6Y1dZXaL6NGjB3r06AGxWIw9e/bg119/FZ5QFle09VXxbi9isVhoJWJiYiLzpD89PR35+fklLtC1tLRkLjAURYYjIyNx8uRJrF69GhYWFpBIJPDw8FD+i1YBBwcH2NnZwc/PDzY2Nujfv7/cJO8V6T544cIFtG/fHlOnThWGFRQUYPLkyUhOThae5qenpwtPjjMyMlCrVi1kZGTA29sbs2fPFnJF/PDDDzLll9airnbt2ujcuXOJroUAFAZ+pdu46HHhxYsXJZL2Hzt2DE+ePMGSJUtgYGCABw8eYNmyZQrXRXWRHt/EYjHi4+PLDKYoKzc3F3/88Qc2bNggtGwDCruYBAcHlyuJdtH9TNolWlGgeevWrXBwcMDMmTMhEolw6tQpxMXFqbzcqmJnZwcvLy+kpqYiNTVVuGHctWtXiZNveYNYTZo0gZGREUJCQmRavgHArVu3hOTfpqamMutX2l3ZzMxM5k1eqjA2NpY5zhVt0STvmFqcdH8ta98u7RhclCadFxW5cuUKwsPDS9xQp6amQiwWw9DQEHZ2diV+x0VzZCnL3Nwcz549g0QikTk2PnnyRCbYWNp5U9F5sbz7XvHfISC7naytreHp6QkAuHfvHlatWoWPP/64Qi/aUVXxt7kaGBjg+++/r7blK0Pa9V/RNWt587uZmZlh6NChpb6YSJXrrKpibW1d6nHLxsZGJpl7aQ9jlE3CXtZ1i7W1Nbp06YKwsDDY2NigY8eOQoBY0T6k6Dpfk68piIjUSUdHB/b29oiNjVW5MYkiGveqk6ZNm6JTp05Yt24dbty4gaysLKSmpuLQoUM4c+YMrKysULNmTTRv3lxoqp2bm4vQ0FA4OzuXWb6Ojo7QDcPY2BiOjo5CcmyJRAJ/f39cunRJpTrb29vj8uXLkEgkEIvFMnll2rVrh5s3bwpdb27duoXs7Gy1vnVJetFd9F/Ri20bG5sS4ys7Ge3PP/8sPNE2NDQUAkOA7DaSx9zcXMhrlJ6eLpOLwNnZGUFBQXj79i3evn2LtWvX4vr169DS0oJIJBLKrVOnDhITEwEUts6S12Rd6s2bNzAxMUHdunUhkUhw8uRJiESiCr8RrqIMDQ3h6ekJU1NTbN68WW4XqLNnz6qUI0lKIpEgODi4RL4w6YsOirZGCA0NBVB4YxsVFQVHR0dkZ2cjPz9fSOodGRmJx48fK7XOXFxccO3aNeEG++XLl/jxxx/LjODXqlULH3/8Mc6ePQuJRIIXL15g/vz5+Oeff2Sme/PmDWxsbGBgYACxWIzffvsN+fn5as/dMmnSJHh6esLNzQ0DBgyAl5eX3NYMVlZWJYaV1drj6tWrsLS0lAleAUD79u0RERGhsOVUaW7fvi0c1y5duoSGDRsqfBDw5s0b2NnZCS12rl69qvZ9SB4zMzPhmGhjYwNPT0/hJqYoaRBLldwsurq68PDwwKFDh3D27FkhEPLHH39g69atQqCiXbt2CAkJEX6TgYGBcHR0rNBx+OOPP0Z4eDgkEgmys7Nx9epVYZy5uTmeP38uLE/RObCsfbu0Y3BRmnheLO7MmTPCNpJH2gWvY8eOJcbJG1YWZ2dn5OXlwc/PDxkZGXj79i2uXbuG33//XQh2KjpvKjovlnffa9GihXBcBwqDnrdu3ULbtm3x+PFjLFu2TDh21KtXDzo6OtXe8kRecFnTVOSatSwuLi4IDAwU1sOff/6JX3/9FYDi30t1UhTMTUtLQ0hICEJCQhQ+sFEmIKzsdUvXrl0RFRWFS5cuCV2VAcX7kKLrfE29piAi0gRGRkawt7cXHhbo6emhXr16Jf7Ju78pjca1wAKAqVOn4uzZszh8+DBevHgBAwMDtGzZEqtWrRJuwKZNm4bdu3cL+W5at26NgQMHlln2Z599ht9++w1TpkzBtm3bMG3aNOzZswfTp09HQUEBmjRpovLb5dzd3bFt2zZMnjwZpqam6NKli5Bg08HBAcOGDcMPP/yAgoICGBsbY/78+WUmjPw3WLNmjdzhO3bsQL9+/bBnzx6cOHECWlpasLGxwaRJkwAUXpD5+fkhPj4eX331VYn5R4wYAV9fX1y7dg1mZmZwcXEREosPHjwYmZmZmDlzJgoKCtCuXTv06tULIpEIrq6uWLFiBYYNG4aePXti48aN+O6772BsbIyWLVvKfZuUtD5hYWGYPn06jIyMMGTIEHTu3Bnbt2/H4sWLVX5RQWXr2LGjcDNlamoqNMeXvtpdmiR16NChSpcZHR2NzMxMtGzZssS49u3bY/PmzUJwxczMDHPmzEFmZibat2+Ptm3bQiQSoW/fvli4cKGQOHXMmDHw9fVFgwYNFC77k08+wciRI7F69Wrk5eVBR0cHgwYNgr6+fpktyqZPnw4fHx9MnjwZenp68PDwQKNGjWSe/g4YMABbtmzBzJkzUatWLUyYMAGJiYn49ttv4e3trfQ6qkxFW5YW5ebmJhMstLKygpeXF549eybTMqisrqLBwcFo3759ieFmZmawtbWVuRhXVuvWrbFz504kJyfD0NAQU6ZMUTj9yJEjceDAAZw4cQINGjTApEmTsHbtWuzduxfNmjVTefnVRRrEqqyWWN27d4eJiQlOnz6No0ePQiQSwc7ODrNnzxbyk33xxRfIzMzE3LlzIZFIUL9+/TLXb1mk56mpU6fC2toaHTt2FM5TLVu2xCeffIKFCxfCzMxMCMDI6w5laWmpcN8u7RhcNH+aovOiOrrXyyM9bpbm1q1bcHJygp2dXYkWZaXlJ1TE2NgYy5Ytg5+fH6ZPn468vDxhu0tbuik6byo6L5Z33zM2Nsa8efPw66+/Yt++fdDS0sLIkSPRvHlzSCQSODg4YMGCBQAKHzwNHTq0zOP7h6q816xlGThwILKzszFv3jwUFBTAxMRE6Cau6PdSnezt7Uvtaquvry8E1eQ9KJAOV2afUua6ZcSIEbC0tETTpk2RmZkJW1tbYRpF+5Ci63xNvKYgItIk0iBWbGws6tatW+GW2iKJio9j4uPj4ePjo9JCVEniTqqR19VSnmfPnsHHx0fIvVL8huvYsWPCW+ucnJxkgh1lzUsVp+x2LI1YLEZycrLCfFjFt2tFpaSkYNq0aTh06JBSbzP7UCi7LRcuXCj8bWZmhnnz5pWYJjU1FevWrRM+29raCl12UlNTERkZKeRvqk47duyAubk53N3dq3W5qqjoPlVc8aBhUQYGBpg3b16lt1StbAUFBcK+GhYWhrNnz2LVqlVqrlX1U+a38euvv5bamsfOzg6urq7C9l67dq1MAGvevHka1x3yfVOe46jU6tWrARQG7os+AAAKX14hDfgrmpfKpsoxVt62AGS3hzLTVJYtW7agSZMmJbpya6LKPpcREZUlIiICjo6OSk1btJV9rVq1FLamz87ORlZWFurWrVuh+vGu8wPh5+cnXIzn5OQIrXOAwkCHNHgl/Vz06bOieUkzSLuFFuXk5CRzcRYZGQkfH58K5cWSh8lKKy41NRXHjx+X2TbPnj2Tm7BdyszMDG5ubmq7Uf7QtntZ3QlLe3urpvD398fy5cuRm5uLvLw8XLx4sVwthT4UY8eOhaenp9x/bm5uQvDqypUrJVqNhYSEVPpxluh95ubmJtPaSVm2traVHryKi4tDdHS0yr0tiIioYoyMjCocvAI0tAshVb7iF9hFk/nKy/FR9OJb0byk2Tp27Ijk5GQhQBkfH6/SmySp+kRGRsLKykrovhUcHFypL02gilPUnbAib86qDr1798aTJ08wffp0aGlpwd7eHkOGDFF3td5LqampCAkJQUxMjNxWWpGRkYiJiYGDgwM+//xztsYiAuDh4QE/Pz+ZLv2xsbFCAntpKgQpW1vbSn9hzsqVK5GYmIipU6fKfUMqERFpPpUDWNbW1iq/JlnZt4dQ1enQoYNMonInJyeZv69cuSLckOnr68PBwUGpeUnzDRs2DACEIFZl3WjXrVsXR44cqZSyPkT9+vUrcfNbdN9yc3Mr0VVXU46lFc3H9D4rLYjl6uqqxlqVzcDAADNmzFB3Nd57RbvUK5KTkyO0Zh4zZozMOZUqT/HjaNEXWshrYVh0mKJ5qfJJXzwTHBwsXHMmJyeXeFCjr6+Pjh07VnrLKwD47rvvKr1MIqIPWdFc0NWV41vlHFikWVTNQSCdvviFwbNnzxAWFgag8Eas+I1z0XmL5v6gylHVOQ7EYjGCg4ORmpqKYcOGcftVIear0AzVuU85OTkxQPEeqchvo2i+SGWVluOOSsfjqOaryDYSi8WIjY3Fs2fPhACWtbU1bGxsYG9vz2uUIrgvEFF1UyUHljqwC+EHRNHTLBsbG6GljqrzkuYzNDRkt0GiSsR96sNUntxWpb1djehDZWhoCCcnJ7boJyIilTGARURERKSEsWPHqrsKRERERB8svoWQiIiIiIiIiIg0GgNYRERERERERESk0RjAIiIiIiIiIiIijcYAFhERERERERERaTQGsIiIiIiIiIiISKMxgEVERERERERERBqNASwiIiIiIiIiItJoDGAREREREREREZFGEx09elSi7koQERERERERERGVRkcsfqPuOhAREREREREREQl0dLShr6+PmjVrwMTEBDqmpibqrhMREREREREREZFAW1sLurq6MDIygp6eHnTMzWuru05EREREREREREQCkUgEbW1t6OnpQV9fDzomJmyBRUREREREREREmkMkEkEkArS1taGtrQ0dQ0MDddeJiIiIiIiIiIhIRmEQq/Cfjo6OjrrrQ0REREREREREVCotdVeAiIiIiIiIiIhIEQawiIiIiIiIiIhIozGARUREREREREREGo0BLCIiIiIiIiIi0mgMYBERERERERERkUZjAIuIiIiIiIiIiDQaA1hERERERERERKTRGMAiIiIiIiIiIiKNxgAWERERERERERFpNAawiIiIiIiIiIhIozGARUREREREREREGo0BLCIiIiIiIiIi0mgMYBERERERERERkUZjAIuIiIiIiIiIiDQaA1hERERERERERKTRGMAiIiIiIiIiIiKNxgAWERERERERERFpNAawiIiIiIiIiIhIozGARUREREREREREGo0BLCIiIiIiIiIi0mgMYBERERERERERkUZjAIuIiIiIiIiIiDQaA1hERERERERERKTRGMAiIiIiIiIiIiKNxgAWERERERERERFpNAawiIiIiIiIiIhIozGARUREREREREREGo0BLCIiIiIiIiIi0mg66q4AkTLevc3EmUNzAQADRnpDT7+GmmtERERERERERNVFIwNYWVlZCAm5iNu37+LJk0RkZGRCJBKhdm0zNGliB2dnJ7i4tIWOjkZWXyM8ePAXFi5cKnweM8YdgwcPVGref/55hcmTZwife/bsjsmTv670OqriYdxF2NrVh+T//23/aX+11oeIiIiIiIiIqo/GRYBCQi5i714/iMU5JcY9f/4Cz5+/QFjYVXTt2gnTp/+fGmr4P8HBF/DTT7uFz/Pnz4Kzcxs11ujfKy4qAIOH9gEAnA0IYQCLiIiIiIiI6AOiUQGsY8dO4fDh4yWG6+joQFdXRyaolZubW51VIzV6nZIAkVY+Gts1AgDkvsvE65QE1K5rq+aaEREREREREVF10JgA1p070SWCV46O9hg1ahg++qgptLS0kJWVjZiYWAQGBgMQqaei74mmTZtg//7/tQ7T1dVVY20qJjYqAC4d/teyzaVDG8RGBaBjj+lqrBURERERERERVReNCWAdPHhM5vOnn7bEwoX/kclzZWxsBGfnNnB2boOUlH9KlPHq1Wv89tt5/Pnnbbx8mYJ373JRs2YN2Nk1RteundG+vTNEItnA14oVaxAVdRcAoKurg8OHf8GFC5fw++9BePIkETo6OnB0tIeHxwjY2FgDKJlfSmrt2o0yn3fu3II6dcyFzwkJj/H770GIiYnD69epkEgkqFvXHM50+xoAACAASURBVJ9+2hIDBvRF3bp1ZOaXl8eqUydXHDlyArdu3UZmZgYsLS3Qs6cb+vfvLTPvw4ePysyBFR+fgMOHj+PevQfIz89H48aNMHjwADRu3KjEdytOIpHg+vUbuHjxMh4+jEdGRgZ0dXVhYVEXrVq1QN++vUp8n/J49zYTT+NvoG/fCcKwT5p/jIshvnj3NpPJ3ImIiIiIiIg+ABoRwPrnn1f466+HMsMmThynMEl78eBIZOSf2LRpO7KzxTLDU1PTEBkZhcjIKHz6aUvMmzcT+vr6pZa7Y4cPQkIuCp/fvXuHiIibePDgL2zYsBqmpiaqfDXByZOncfDgUUgkEpnhSUnJSEpKRmjoH5g9ezpat/601DISEh7D3/8sMjMzZebfu9cP2dnZGD78S6Xrc+dONFat8kZubp4w7N69B1i9egMGDuyrcN63b99iw4atiIz8U2Z4Xl4+Hj9+isePn+L8+RB4eU2Fs7OT0nW6ELAGj+MjSwzv3K0zTM1Mhc+mZqb49LMWOLhzfIlpGzdxQtd+C5ReJhERERERERFpPo0IYBUPXjVq1ADW1lZKz5+YmIT167fg3bt3wrD69euhdm0zPHz4SAhqRUXdwc8/74GX1xS55eTm5iEk5CK0tLRgZmaKV69eC+PS0tLx22/nMXLkMNSoUQMuLm3x8mUK4uP/FqZp1qwpatc2Ez7r6+sBAC5dCsOBA0eE4aampnB1bQcAuHw5HG/eZEAszsGGDVuwYcNqWFlZyq1fWNg1AEDNmjWQm5uLnJy3wjh//wD069cbxsZGZa6v7GwxNm/+SSZ4VbNmDdjYWCMxMQmnT59TOL+Pzz6Z4JWhoQGaNm2CtLR0PH2aCADIyXmLH3/cirVrl6NRo4Zl1gkAkpNiMXbCGCHXlSK9+/dA7/49ZIbdi7sP/+NnlVoWEREREREREb0/NCKAlZ7+RuazpaWFSvMfP+4vE7waOvQLjBw5DEBh665Fi5bhn39eASgMJg0ZMgj169eTW1ajRg2wePF8mJmZ4c8/72DlyrXCuOjoWACAjY015s6dWeIthIMHDyjxFkKJRIKDB48Kn2vXNsOGDatRq1ZNAEDfvr0wc+Z8ISB18uRpTJkyqdTvOnHiOPTp0xPv3r3DypXrEBMTB6CwVdTDh4/QqlWLMtfXlSvhSEtLEz7b23+CRYvmwsDAABkZGVi6dDX+/vux3HmTkp7hwoVLMt/nhx++h4VFXQDAkSMncPToSQCFifZPnPgvZs9WLldV7y+X4fCB79G7nxs+bd1SqXmkom7dwe9ng9H7y2UqzUdEREREREREmk9L3RWQT7UE7bdu3Rb+NjIyxJAhg4TPdeqYo3fvHsWmjyq1LA+PUTAzK2xF9dlnLWFWpOtaampaabOV6vHjpzL5umxtG+PevfuIiLiJiIibePLkKczNaytVt48+aoo+fXoCAPT09NCxY3uZ8crWTxqIk3J3HwIDAwMAQM2aNWXWX3HSfGFSffr0EIJXADB48EAYGRkVmf5OiW6Tpald1xa9v1yGsCt/IvBcsFLzAMDvZ4MQduVP9P5yGd9MSERERERERPQvpBEtsExMasl8fvHihdLzZmVlIysrS/hsaWkJPT09mWkaNqwv81naGkuejz/+SOazkZGREBjKzc1Vul5SL1+myHyOjPyzRO6oolJT05Cbmyv3rYGffNKsRN2KysvLgzKKdo0EUKI1WoMG8lunASW/T/36sutWT08XNjZWePgwHsD/tk+NGsolW69d1xa9Bq9A4MklyDkRgEFD+iuc3v/4WSQlvUKvL1cwoTsRERERERHRv9T/Y+++45uq/j+Ov5Mm3XsPKJRRdpkyZQmigoITBTdOnKj4daG4F4rri4MfoqKyBEWWCxBEkCF7bygtdO+VNk1+f1QDlZYl0Eu/r+fj4ePBTc4995NzbwJ5e+6JIWZgNW7cqNJ2YmKSUlJOPsQ62j9/ZfBUWK0WeXt7VXrMbD73Q3T07ZBHCwjwq7R9pmr755id7IypqvY91f2r4u7hqyuGjNWGdRtO2Hbj+vW6YshYwisAAAAAAGoxQ8zACg0NUePGjVyLuTudTk2c+KWeeOIRubm5VblPRkamQkND5OPjLR8fH9csrJSUFJWWllaahZWYmHTM8c6Vf/5a4uWXX6bbb7/pnB2/KkffsihJBw8mKSCguWs7KelQtfsefbtgxb4HdcEF7VzbpaVlSklJc23/fX5OVamtQB4enids5+HhqVJbAQEWAAAAAAC1mCFmYEnS0KHXVdpes2adXnlljHbv3uua0WOz2bRu3Qa9+uoYTZo0xdW2XbvWrj8XFRVr5szvXdsZGZn68cdfKvXdrl2bM1Kzh4dHpe2srOxj2tSvH1spMFuyZKlSU9OOaWez2bRkye9avHjpGanteFq0aF5pe/r0b1VSUiJJKigo0Hffzal23zZtKi8S/8MPv1Ra42vWrDmVbuls0ybhtGbFpSRvVUTkiX+JMiIyUinJW0/YDgAAAAAAnL8MMQNLkhISWuqGG67V1KkzXI9t2LBJGzZskru7u9zd3VVYWOgKs7p16+xqd+21V2rlyj9dt97NmDFLK1asVnBwkHbv3qOiomJX2+7du1b7C4SnKiqqcsAyadIU/fnnOnl4uCsyMkI33zxEJpNJQ4Zcpw8++FiSlJ9foEceeVKdOnVQRES4bDabkpIOadu27SouLjnuAupnSvfuXTVt2gzXrz9u2bJNw4ePUHR0lBITk1RUVFTtvjEx0erdu4frlwizsrL1yCNPqFGjhsrNza00281qtZ7268lK36+4hnVd2/v3HtD3386TJA26eoDqN6gnSYprWFdZ6fsV26DjaR0HAAAAAAAYn2ECLEm67rqrFBQUqM8//0rFxSWux0tLS49ZF+roRc7r1InRY489qHffHefaLykpWUlJyZX2adMmQcOH33nG6m3YME6xsXVcoc3fM8QkqUGD+q52vXp1V3Z2tiZP/kYOh0M2m02//basyj7/zRpeJ8vb20sPPTRcr732luz2cklSXl6+8vLyJUkXXdRTixYtqXb/u+66Tbm5ea5fTCwuLtGmTVsqtfH09NBDD92nevViT6vGtOSNSuh3gUqKi7Xk12Vat2ajLrz4AUnS1K//q7btE9SzdzfVq19PC35eLWnwaR0HAAAAAAAYn6ECLEnq27e3One+QAsXLtGGDZuUmHhQBQUFkqSgoCA1bBinTp06qEuXTpX269Chnd5990398MPPWrdug1JT02S3l8vX11cNG9ZXz57d1bVrpzMaEJlMJj399OP6+utp2rRpi3Jz86pdwPyqqwaqXbs2+umnhdqyZZsyMjJkt9sVGBiooKBA1asXq9atW6l9+zNze+OJtGmToFdffV5Tp87U9u07VF7uUL16dTVgwKVq2jT+uAGWh4eHnn56pFasWKXFi5dq9+59KigokMXipoiIcLVu3Ur9+19yzPpfp+JQ0g7l5jTW9zPnKSCkoa697UPXOlfX3vahlv3yX33y38/Uq083HUracdrHAQAAAAAAxmfav3/7v/vJOOAs2LBqqlKSNqtZm4HV3h6YuHeVtq2frcg6LdW64w3nuEIAAAAAAHCuEGABAAAAAADA0AzzK4QAAAAAAABAVQiwAAAAAAAAYGgEWAAAAAAAADA0AiwAAAAAAAAYGgEWAAAAAAAADI0ACwAAAAAAAIZGgAUAAAAAAABDI8ACAAAAAACAoRFgAQAAAAAAwNAIsAAAAAAAAGBoBFgAAAAAAAAwNAIsAAAAAAAAGBoBFgAAAAAAAAyNAAsAAAAAAACGRoAFAAAAAAAAQyPAAgAAAAAAgKERYAEAAAAAAMDQCLAAAAAAAABgaARYAAAAAAAAMDQCLAAAAAAAABgaARYAAAAAAAAMjQALAAAAAAAAhkaABQAAAAAAAEMjwAIAAAAAAIChEWABAAAAAADA0AiwAAAAAAAAYGgEWAAAAAAAADA0S00dODs7V8nJaSoqKpbdbq+pMnAGuLm5yWq1ysvLS56enjVdDgAYltlsltXqpqAgP3l5edR0OQAAAMB5o0YCrKysXO3bd1Bt27ZTVFQUocd5rqSkRIcPH9aKFSvUtm2CwsNDa7okGMTGjduUkNCspsvASeJ8nX12u10FBUVKTExWRESwvL0JsQAAAICTUSMB1qFDqWrfvoPq1atXE4fHGebp6am4uDiZzWZt3bqFAAsAqmGxWBQY6C+TSUpNTSfAAgAAAE5SjayBVVRUoujo6Jo4NM6i6OhoFRQU1nQZAGB4vr4+stnKaroMAAAA4LxRIwGW3W6X1WqtiUPjLLJaraxnBgAnwc3NTU6ns6bLAAAAAM4b/AohAAAAAAAADI0ACwAAAAAAAIZGgAUAAAAAAABDI8ACAAAAAACAoRFgAQAAAAAAwNAIsAAAAAAAAGBoBFgAAAAAAAAwNAIsA3ty/h7dNHlLtc9PXZ+qlm+tPIcVoaa9uDhV985Oquky/mfklpQr5LUtOpRfVm2bfl/s1Zfrs89hVThZncfv1uztuZKkhXvz1fKDnTVcEQAAAIDTZanpAs4Fm92hMYsTNXldivZmFivAy6I20X4a0b2uLmsa8q/7L7CVy2/UEu17qqvqB3uegYorDGoRqgJb+Rnrr7ZYe6hYY5ena2VSkYrKnKrrb9WAJn66r2OIQryNeUn3+Wyv7mwfrCEJgf+qn8sa+6mw1HGGqqq9rpq8X78nFmrNvfGKDbSe1WM90ClETUI9zuoxaqvrph7Qon0Fer9/jG5sfeS9sT3dpm4TdsvH3aTEx5qfkWM1CfXQMz3Dz0hfAAAAAM49Y37bP4PsDqcum7BBSbklevuKxuocGyCLm0lL9mRr/IrkMxJgnS1d6gXUdAmGs3Bvvm6ecVC3tQ3Ws73CVcffXcl5ZZq6OUe/7ivUtS1q75iVlTt1QYx3TZdhePuyS7X0QKECPd00aX2WRvWKqLZtWblTVjfTvzrewKa195o7F+JDPDRpfValAGvS+mw1CXFX0nFmvp2qOv7uGpLgfsb6AwAAAHBu1foA66s1KfrjQK62Pt5ZcUfNjrqyZZgGtQhzbU9dn6pXFu7XgewSxQV76YV+cbqyZcXzszana+Tc3bqlfaRmb8lQdnGZLmoUrI+uaSKL2aQ+n6yTJPX6aK0sbibd2yVGI3vGqsBWrmd+3KPvN2co32ZXl/oBGndVE9ULqqijzdhV6t8sRKsP5ulwXqlMJunDq5uoe1zFF7kn5+9RUk6JvhraQpL0x4Fc3f/tDu3OLFZClO8x4VtaQalGfL9Li3Zny2SSLokP1tiB8Qo26KykU+V0SiN/PKwhCYF69eJI1+PxoR56rleEnM6K7fRCu55ZkKKlBwplMkm96/vq5b6RCvJykyT1/HSPBjXz1+J9hVpzqFiNgt01flCM1h0u1uu/ZSinxK7BLQP0Rr9omf7KNvZnl+rZRSlanVwkN5NJlzfx1+heEfJ2Nyu3pFwN3tmuN/pFafrmHOXZHIrytejDK2IU5WfV07+kaFt6iV5YnKK3l6erVbinPru6rsb/mamJa7J1uKBM/h5uurp5gEb1DHcFKj0/3aOLGvhozaESpRXY9VSPMG1ILdGhvDJ9PLDOSb3W8X9m6qNVmcopKZeHxaTrWgTqpT5Hxq42mrQ+S01CPTQ0IVDjVmXqyR7hspgrxnTejjw9tyhFVzcP1M+78+VtNeuHW+K0L7tUzy1M0Z+HilVid6h5mKemDq7n6vOPxCKNXZ6uxNxSdYj2dp1bqeIWwptbB+nmNkG67duDivG36pW+R8Z48sYcvb0sTX/eGy+7w6m3lqW7rpOECE+9enGUmoVVzOBasq9Qz/+aogM5ZTKbKmYNzbs57hyO3rl3aWNfTd2Uq23pNjUL85DN7tA3W3L0aNcwvbY01dXO6ZQmrs3UhDXZOpxfpobBHnqxT4S6xfpIkkrLnRq9KEXfbs2VxWzSXe0rfz4u3Juvh+cd1uYH4yVVjPXLS1K1J6tUFrNJXWO99frFUYr0qx2flwAAAEBtU+vXwJq/PVM9GwRWCq/+9nc4sXhPtm6ftk1vXd5YWS/20EuXNND1X23WysQ8V9s9mcUK9rbqzxEXaNNjnbV8f46+XJMiSVp4T9uKfoa30+4nu2hkz1hJ0i1Tt2pPZrFWPtRBh0d3V6tIX131+UY5nEdqmLU5XZOHttTmkZ00smdstWteZRXZ1X/CBg3rGK3sF3vo/SvjNW5Z5bWQBn+5WcVl5dr+n87aPLKTUvJLdfOU6tfQOt/szCxRYm6ZhrQKqvL5v8/nHbOSVFzm0Iq7G+n3OxsqrdCu4XMqj9XXG7L1cp8I7R7RRC3CPXXjjINanlikJXc00MLbG+q7bXn6cVe+JKmw1KFBk/ereZin1g2P19I7G2pXpk0vLk6t1OeqpCLNuylOK+5upBh/q15anCZJevXiSDUL89ToXpH6897G+uzqupKkcB+rpgyO1f5Hm2nmDfU0f2eeJq7NqtTnnB35Gj+wjlbc00iDmh070+d4r3V3pk0v/JqmaYPrad+jzbTm3nhdVUUftUlZuVNTNuXoxtaBGtwyUFlF5a7z+Lf9OWXyczdryR0N9cMtccq3OTTw6/2qF+iuVfc01q4RTfVc7wgdPTFr8sYcTbs+VlsebCKrm8l1bv/pxoRAfbM5V2XlR97kUzbmaEhCkEwm6e1l6fpuW66+ub6etj4Yrw4x3rpm6n7l2ypuC71vbpLu7hCivY821faHm2hUr9p/y5vFbNaQhEBNWl9x7c/Zka/m4R5qEFR5ttT/rcnUR6uz9H+D6mjvo830WLcw3fhNopLzKmZpvfV7upYeKNSi2xtqzfDGOpRfqn3ZpdUe1+omvd4vSjsebqKV9zSS3eHU4z8dOnsvFAAAAMC/UusDrPTCUsUEHH99momrDmtI2whd0iRYFrNJA1uEamDzUE1cdeTLTKCnRQ90q5j14u1uVt/4YK06KuD6p6Rcm77bnK6Prm6qCD93ubuZ9PKlDbQro1ibUwpc7e7uHKMw34qZHANbhCkxx6bU/GO/dH23OU2Rfu56oFsduZlNahfjp2Edo13P780s1pK9OXrvyngFelkU4m3V21c01vztmTqcV/2XuPNJRlHFemBRx5khsT+7VMsSC/Vav0gFeLop2Muil/pE6pc9BUrJt7va3domWAmRXvKymnV9y0Dtyy7VS30q9mkY7K5ecb5ad7hYkjRvZ56sbiY91SNcXlazgr0seqZnhL7Zklvp2A92DnXNnros3k9rDxUf9/Vc2cxfcUHuMpkqZpENaxes3w4UVmpzU0JQtTNCTvRarW5mOZ1ObUwtUZ6tXD7uZrWL9jpuTee7eTvzlVPs0OAWgQrzsahfIz99vq7yAus+7ibd3ynkqH3y5GYy6cU+kfLzMMtiNqlTHW95ux/5eHyqR8Xtqv4ebrqpdWC15/aiBr6yukk/76kIzfZll2plUqGGtKqYVTl5Y8XMokYhHvKwmPVk94pZnj/vrmjv7mbSriybDuWXyWI2qUtdnzM3OAZ2c+sgzdiSqxK7Q5PWZ+uW1sHHtBn/Z5b+c2GYWkZ4ymyS+sf7qWMdb83bWfE5PGVTjh7rGqYYf6s8LWaN7h2p490d2jXWR+2jvWR1MynIy03/uTDsmPcfAAAAAOOo9fdKhPm4KznXdtw2B3NL1Ldx5S9MDUO9tfHQkaApxKfyQtBeVjdlFpZU2+e+rGKZJF08fl2lx73dzTqcV6qEqIrt0KP69bJWfGHOt5Urwq9yf0m5NjUKrRw+NAo5sn0w1yaL2aTYwCMzzRr+1f5gTomi/M//tV9CvStuizucb1eMf9ULcyf/9cW/zlGvt35QRdtD+WWuMOjoUMjH3Swfd5MCPN1cj3lbTSr4a7H0xNwypRWWqfP43a7nHU6nzCapwHZkQfUQ7yP7e1qO7F+dn3cXaNyqdO3PrphBUlTmOGbWyfHCuhO91nbRXvq/QXU0YU2WHv0xWc1CPfVYt3D1a+R73LrOZ1+sz1K/Rn4K9akYt5taB2noNwd0IKdM9f5azD3M2yI385Fk42BuqeKCrTIfJ+yI9q98vVR3bt3MJl3fKlCTN+ZoQLy/pmzMUY/6vorxt8rplA4XlCnuqHPsZjapjr/VNYvo62tj9fbydPX8dI+CvNx0c+sgPdg59LTH43wRF+SuluGeemd5hran23R5Ez8t3nckTHI6pcScUr26JF1jl2e4Hi+wOdQ2yktOp5Tyj7H1cTcr3Kf6Bfx3Ztr06pI0bU4rkc3ulNMpFZQ6ZLM75GGp9f9vBwAAADjv1PoAq3/TEN337Q4dyC5xrT31N6ez4razugGe2pdVeUbF3sxi1Q08uV8WM5uO/eb797GW3tfeNcPq36gT4KG5WyvPpEo5aqZW3QAP2R1OJeXaVOevGWd7MyteU93AM/fLiDUpPsRTsQFWTducow4xx84kcjqlGD+r7A6nDuWXKfqvNYoO5FSM09/bp6qOv1V1/d217K5GVT6fW3LiX4o0yVlpO6PQrptnJurLa2LVt6GvzCbp49WZ+nZr5VldVVxaLifzWgc08deAJv6y2R2asilHt36bqJ0PN5WfR+37gr43q1RL9xfKx92sZu/vkCQ55ZRTFetiPfvXYu6mfwxq3QB37duQK4dTxw2xTtaQVoHqPmGPUvLtmrY5R6N7/31cKcrXqgM5pepUp2IxfodTSsorcwWyzcM99emVdeV0SquSizR42gG1jPBU77jaGzr+7da2wbpz1kEN7xhyTIBkMkl1Aqx6vnd4tYvmR/palVZ45L1odziVVVL9IvB3zUpSv0Z++uiKGHlZzdqUWqJeE/f8450KAAAAwChq37fYf7ipfaQ61wvQJf+3XnO3Zii9oEzZxXZ9vyVDV3+xUZJ02wVRmrIuVQt3Zavc4dTcrRn6fku6br8g+gS9V/B2N8vfw0070otcj8UGempQi1Dd+c02HcypmAGWXWzX9A1psjtO/SvSlS3DtCujSAt2VawTk1FYpglH3eLYIMRLPeIC9ejsXcotsSuryK6Rc3brsiYhtWL2lVTxJfatS6P09YZsPbcwVTszbSoqdWhnRsV6VDO35qp+kLu61vXRqAUpyrOVK7u4XM8tTFPfBn6nvTjzgHh/FZQ69MbSdOXbHHI6paS8Uv30j7WVjifSz6rdWUdmAhaWOeVwOtUqwkNmk5RVbNeX67OP08OxTvRad2fatHhfgUr+mlES6m2RSTrubVXns0nrs1Qv0KqVdzfW4mENtXhYQy0Z1kiPdwvT5I05ldalOtqAeH/ZHU698Guq8m0O2R1OrUoqUtEJZtBVp3GIh9pEeerh+YdUUOrQgPgj0ymHJATqneUZ2pddKpvdoTeXpsnplPo18lNpuVPTN+cot6RcJlPFTDGL2SS346WYtciAeD/NHFJPI7pUPePs7g4hemVJmjakFMvplIrLHPr9QKEO5FSEVDe0CtRHqzJks1ectwlrslRYWv1nbU5JuZqGesjLapbd4dRHqzLP/IsCAAAAcMbU+hlYFrNJP9zZWm8uTtTjc3drb1axAjwtahPtp0d6VCymfVGjII2/tqkemrVDB3Ntqh/kqck3tlTnev4nfZw3BjTSsOlbVVTq0IgedTX64jhNGtJCL/6yT70+WqO0gjKFeFvVs2GgrmkVduIO/yHE26p5d7TRiO93arTbPgV6WXRj2wjN3JTuajPt5pZ6ZPYuxb/xh0wyqV98sMYObHzKxzKyPg38NPemOL29PF39J+1Tsd2pugFW9Y/3U++4ivWCJlxZR6MWpqjjJ7tkkkm943z1Up+I0z6mn4dZ3w+trxcXp6rz+F0qLHUo2s+iIQlBuqSx34k7UMX6WA/PO6TP1marTZSnvh1SX8/1itCgyfsV4mVRoJdZlzX2O+U1eI73Wm3lTr36W5p2ZdpkNpkUG2DV51fHVlrbqbYo/Wvx9pHdwo8JKu/tGKIPV2foh115VYZBfh5mzRpaT6N/TVX7j3bJ7nCqRbinJl8Xe9r1DE0I0iM/HNId7YIrzSZ6rFuYyh1OXTX5gPJs5UqI9NSMG+rJz8Nc8et7m3M1akGqyhwOBXm56aHOoepR/39jHSyrm0k961c/0+yeDiHytJj0wNxkHcwtk5fVrDZRnnqlT8X92CO7heq5RanqPXGPovzc1amulxoFVx/ej70sSs8uSNH4PzPl7mbWVc39NW1zzhl/XQAAAADODNP+/dvP+R0Ty5ev1ZAhQ871YXEOTJkyRZdcclFNlwGD2LhxmxISmtV0GThJnK9za+PGbYqLi6rpMgAAAIDzQu2bigEAAAAAAIBahQALAAAAAAAAhkaABQAAAAAAAEMjwAIAAAAAAIChEWABAAAAAADA0AiwAAAAAAAAYGgEWAAAAAAAADA0AiwAAAAAAAAYGgEWAAAAAAAADI0ACwAAAAAAAIZGgAUAAAAAAABDsyxfvrama0At89NPi2q6BBjI4cOHa7oEnALO17nFeAMAAAAnx+R0Op01XQQAAAAAAABQHW4hBAAAAAAAgKERYAEAAAAAAMDQCLAAAAAAAABgaARYAAAAAAAAMDQCLAAAAAAAABgaARYAAAAAAAAMjQALAAAAAAAAhkaABQAAAAAAAEMjwAIAAAAAAIChEWABAAAAAADA0AiwAAAAAAAAYGgEWAAAAAAAADA0AiwAAAAAAAAYGgEWAAAAAAAADI0ACwAAAAAAAIZGgAUAAAAAAABDI8ACAAAAAACAoRFgAQAAAAAAwNAIsAAAAAAAAGBoBFgAAAAAAAAwtPMywPpxR6bqvLTspNo+OX+Pbpq85SxX9O9MXZ+qlm+tPO39S+wOmR5fpN0ZxSfV/lTG71w4Xj3T1qeq8wd/KrvYfo6rAgAAAAAARmGIAGvFgTyZHl+knJMMKZpH+OjlSxucVNtBLUJ1a4eof1Peafl9X65Mjy/SsOnbDps8SAAAIABJREFUzvqxrGaTPrgyXmG+1pNqfyrj1+Hd1fp89eF/U95p17N4T7Y+WXFIP9/VVkFelrNaAwAAAAAAMK7zMhWIDfTUbRecXCjVpV7AWa6mauNXJCvYy6Jp61P1zsDGCvA8e0PtZjbpgW51Trr9qYzfySgrd8rqZjrt/aurp1fDIPVqGPRvSgMAAAAAALWAIQOsEd/v0qE8mzwtZm08XKCC0nI92qOu7utaEdL8uCNTd07frqRnu0mSHE7po+VJ+nB5khJzbAr2tmhU3zjd1SlaT87fo6ScEn01tIUkKa2gVCO+36VFu7NlMkmXxAdr7MB4BXtXPRSHDh1SdHS0nE6nUlNTFRkZecL6s4vt+mZjmj4d3EwPzdqhL9ekVAqY/jiQq/u/3aHdmcVKiPLVZU1DKu3fZuwqXdc6XL/szNLKxDw1CfPW5BtbaPXBPI3+aZ+yi8t0U7tI/feqJjKZKm4h9HpqsXY90UWNQr1OefwW7srW43N3aV9WicymihlRS+9vrxHf79LmlAI9MX+3Xl64X22jffXNLa3UZuwqXdIkWCsT85SaX6oXL2mgLvUDdNc32/TnwXyVljvUMtJXYwc2VqdYf9frWrgrW8/9tFdbUwtlMZt0daswfXJt02PqKSt36qUF+/TlmhTlltjVLsZP7w6KV8tIH9f49G8WotUH83Q4r1Qmk/Th1U3UPS7wxBcXAAAAAAA47xgywJKkOVsztPT+9upQx08704vUZuwq9YsPUaNQr2Pavrf0oN75LVHTb26ljrH+yigsVWKOrcp+B3+5WUFeFm3/T2eVO5268estunnKFs27o3WV7d9880317dtX/fv317333qvXXntNzZo1O27tX/x5WL7ubro2IVwrE3M1fkWyK8DKKrKr/4QNeunSBhreJUYbDhfo8k83KNi78u1/E1cd0oxbWqlpuI/umbFdAz/bqJ4NArX+0Y5KLyxTlw9W65ImIRrYIvRfj9/NU7bo1csa6rYLomR3OPXHgVxJ0ruDGuv3fTl6oFudY2ZIzdyUrqX3tVeUv7skKTGnRPd0jtGMW4JldTPrjV8P6KrPN2rPU13lZTXrz6R8Dfh0vSZe31zXJoTLXu7UqoO5Vdb+8oJ9mro+VT/d1Ub1gjz10oL9unj8Ou34Txf5e7pJkmZtTteS4e0V5mvVF38e1k2Tt+jAM92Oe14AAAAAAMD5yRBrYFXlkibB6lDHT5IUH+atxmHeWpOUV2XbD5Yd1Oh+cepcz19mkxTu6+7a92h7M4u1ZG+O3rsyXoFeFoV4W/X2FY01f3umDueVVtn3888/r++++07jx4/X66+/rqefflpLliw5bu3/tyJZN7aLlLubSXd0jNamlEJXKPTd5jRF+rnrgW515GY2qV2Mn4Z1jD6mj3s6x6htjJ+8rGbd2iFKezKL9fYVjRXoZVHjUC9dHF8xA+lMjJ+Hxazt6UVKyrXJYjad1EymOztGu8IrqeI2wCtbhsnH3U3ubiY927e+CkvLtS2tUJL04fIkXdc6QkPbRsjdzSRvd3O1twd+tvqwRvWNU3yYtzwsZr3QL06SNG9bhqvN3Z1jXGt+DWwRpsQcm1Lzqz6HAAAAAADg/GbYACvUp/KMJC+rWfm28mPaOZ1SYnaJ4sO8T9jnwb8CmthAT9djDf+akXQwp6TKfQIDAzVy5Eh9/fXX8vX11fXXX6/33nuv2mMs3ZejrWlFGtaxYsZSQpSvOtTx0yd/JEuSknJtx8yCahRy7Kyo6AAP15993N3k425W4FELmfu4Vz0efzvZ8ZOk2bcnaF9WsdqMXan4N/7QmMWJ1fb7t5ij6pOkfFu5Hvhup5q+uUJ1X16m+q8sV2FpudILyiRJ+7NO7hw5nVJynk0NjxoTN7NJ9YI8K52jo1+fl9XsqgEAAAAAANQ+hr2F8GSZTFJskKd2pRefcOZQ3QAP2R1OJeXaVOevAGZvZnHFc0eFWkdbvny53nzzTY0bN04LFizQokWLNH78+GqP8XdQ1W/8etdj+Ta7tqQU6t1B8aoT4KG5WyvPFEqp4ZlDraJ8Ne2mlnI6peUHcnXZhPVqHe2rfvHBMlezNrvpH48/++Ne7coo0u/3t3eFS0HP/iannJKk+sGe2pVedMJaTCYpxt9D+7KK1a1+xQL8Dqd0ILuk2nMEAAAAAABqN8POwDoV93etoxd/2adViXlyOqX0gjKtSco/pl2DEC/1iAvUo7N3KbfErqwiu0bO2a3LmoRUuh3uaL/88ovGjRun5s2ba9OmTRo/frxCQ6tedyqryK6Zm9I17qp4rX+0o+u/bf/pLE+rWV+uSdGVLcO0K6NIC3ZlSZIyCss0YdWhMzcYp6i03Kmv1qYop9guk0mK8HWXxWyS5a/kKsrfQztOInjKLi5T/SBPV3j1yYpk5ZTYXc8P7xKj6RtSNXV9qkrLnSoqdWjJ3pwq+7rtgii9unC/9mQWy2Z36IWf98rplAY0q3rcAQAAAABA7Xbez8CSpEd6xMrNbNKtU7fqYG6JQryterZvnNpXsQ7WtJtb6pHZuxT/xh8yyaR+8cEaO7BxtX0/++yzMpsrcr4xY8a4/lyVL/48rEAvi+7sFCN3t8pTlO7tEqNPViTrwQvraN4dbTTi+50a7bZPgV4W3dg2QjM3pZ/mq/93nE6nvlqToke+36Uyh0PB3lY90bueLmpUsT7Vf3rX053Tt+njP5LVoa6ffrm7bZX9jL44TrdO3ap276ySj7ubLm8eqtjAI7cZXlDXX9/f3lrP/bRX98zYLg+LWde0ClfPBsfOmhvVN07lDqf6fLxOuSV2tY3x0893t3Et4A4AAAAAAP63mJxOp7OmiwAAAAAAAACqUytuIQQAAAAAAEDtRYAFAAAAAAAAQyPAAgAAAAAAgKERYAEAAAAAAMDQCLAAAAAAAABgaARYAAAAAAAAMDQCLAAAAAAAABgaARYAAAAAAAAMjQALAAAAAAAAhkaABQAAAAAAAEMjwAIAAAAAAIChEWABAAAAAADA0AiwAAAAAAAAYGgEWAAAAAAAADA0AiwAAAAAAAAYGgEWAAAAAAAADI0ACwAAAAAAAIZGgAUAAAAAAABDI8ACAAAAAACAoRFgAQAAAAAAwNAsNV2AJG08tEI/b/9GGYWHq3w+JiBOzSPby88z8BxXBgAAAAAA8L/J0+KtmIA4hfhE1HQpxgiwjhdeSVKPxperfnBjuZkNUS4AAAAAAECtV1SWr+ScfQRYfzteeCVJDUObnaNKAAAAAAAAIEneVj+V2ItqugxJrIEFAAAAAAAAgyPAAgAAAAAAgKERYAEAAAAAAMDQCLAAAAAAAABgaARYAAAAAAAAMDQCLAAAAAAAABgaARYAAAAAAAAMjQALAAAAAAAAhkaABQAAAAAAAEMjwAIAAAAAAIChEWABAAAAAADA0AiwAAAAAAAAYGgEWAAAAAAAADA0AiwAAAAAAAAYGgEWAAAAAAAADI0ACwAAAAAAAIZGgAUAAAAAAABDI8A6w2xlJep5ZyslpSZKkj6e+Y5e/r8nT7u/lZuW6prH+56p8qr01pcv6t2vXzmrxzhThr8yVHOXzqzpMgzlfDp/Z8KJ3hOZuenqeWcr5eZnn8OqAAAAAABnk6WmCzjfbNmzQfe9dtMxj7ds1Fbjnpx0zOMXtumt4pKi0z5e/eiGuuPKB057f6NYu22lHnn7TnVr01uvPvB+TZdz1izfsETvTn5F09/4uaZLMYQPp7+l3IJsPTXszAVsteU9AQAAAAA4eQRYp+m7t3+Vj7eva9tsqnoyW8uGbf7VcSJCotW/25X/qo+aVlRSqLFfv6yExu1quhTUArXhPQEAAAAAODUEWKfJanWXh9XzhO0+nvmOMrJSNequ1yVJw56/Rr07XKLVW//Qtn2bVDeinp676w1tO7BFn30/TgWF+bq4ywCNGPqMTCaTVm5aqjcnvaCZYxZIkj6Y+roystPlbnXXnqSdKikt1nUX36Kret8gSUrLStGYSS9ox/7NstvtiotppPuuf1wtGiS4aprz2wx9PX+C8gtz1bV1T5lMZlk8fVzP7ziwVeOmjdGepB3y9wlQ/25XaWj/O+RmdlOZvVTvTX5NS9ctkt1eKl8ff9151YO6uNPl1Y7BR9+MVd+O/ZWRm66s3IzjjldRSaEmfPe+fl//q4pLitSiYYJGDB2lyNDoKtuv3b5KE759TwdS9inAN0jXXXyzayyWrl2oj2a8rSt73aDJP06UrbREV110gwZffIve+Pw5rd22UhEhMXpq2EtqFtdKkuR0OjVr8TR9u2iKMrPTVCciVvcNflxtmnQ44fgnpx3UW5NeUE5+loY+3V+S9ORtLykhvr0WrpqvL+dOUGrWIUWFRuv2gfere7s+kqTDGcka++VL2rZvkyQpNDBCo+99Q3HRjat8zSc6f8lpBzVu+hht2bNBbm4W9WjXR/de+4g83b2q7C85LVEffvO2tuzZoLIym+JiGuv1h8fJ18tP2XmZ+mDqm1q7faVMJpM6tuiq+wb/RwG+AZIqrufOCd21ff8WZeZkyCSTHr3pGSXEt9eCVfM07/dv5XA4tGn3OknSFy/OksXNetpjLOmY90RmTprGTHpem3avV6BfkG687M5Kr89eXqYv5n6in/+Yo8KiAjWu10wP3vAfNYiJr/oiBAAAAAAYDmtg1YD5y77TAzf8R3Pe+10N68Tr6XEPacPONfp09Ax9MmqqFq3+Ucs2LK52/+Ubl+iavjdq4vMz9fpDH+qj6W+71txyOh0a2ONaTXvjJ33/7hJ1bNlNz44boZLSEkkVt/KNmzZGT9/xiua8v0wXtOyuBSvnu/rOKcjRyLF3q2OLbpo1drFeffB9zVk6Q9N//kKS9OOy77Vt3yZ99coczfvgD3341FeKr9us2lrXblupLXvW6aYBd1bb5mivTnxGh9IP6uOnJ+vbtxcpLqaxRn34sBxOxzFtdyVu11Pv36+hl92h2e8u1SsPvKuv50/Qb2sWuNqkZh5WVn6mJr86T+8+PlHTf/5ST7x3v2645DbNfm+puiR019tfvuhqP3PhZH3zyySNvvtNzf1gmW65/B49/cGDSs06fMLxjwmvq5G3jFZoULgmvzpfk1+dr4T49lq3fbVe/+w53Tf4Uc1573cNu/JBPf/J49qyd6Mk6f++fV/hwZGa9c5izXnvd704/C0F+ARVO57HO3/FtiI98tYwNawbr2lv/KSJz89UYso+fTLj3Sr7Kywp0MNjhikqNEZfvTJH37+7VHdfO0IWt4pse/THI2UrK9GXL8/WZy98p6zcTL366VOV+li67lc9d9cb+uLF73T9pbfq5QkVa7717ThAAy68Wj3a9XGNh9Xi/q/GuCrPf/K4fDz9NPOthfrvE5P0w7JZlZ6fNHe8Fq36QWNGfKJv316k5g0S9NjYe1RQnF9lfwAAAAAA4yHAOk1Dn+qvK0Zc6Prv45nvnPS+V/S4TvGxzeTp7qlLuw5SctpB3T94pPy8/VU3sp46NOuq7fs3V7v/BS26qmn9lpKk2Mj6qhNRVzsTt0iquL2qe7s+8vLwltXirluvuFcltmIdOLxXkvTDsu90cefLldC4vcwms/p1HqBmR83OWrZ+kXy9/XRj/ztktbgrLrqxhlxyu+b9/q0kyWJ1V2FxgXYn7lCZvVQhAWGqF92wyjqLSgr11pcv6PFbX5DFzXrCcUnLStHStQv1yE3PKjggVFaLu+686iElpSZqX/LuY9p/u2iKLurYXxe2vUhuZjfFRTfW1RcN0c8r57raWC3uuuuqh+Tt6aMm9Zqraf0WatWojVrHd5CH1VP9L7xauw/ukL287K8+v9ZtA+9To7pNZDaZdWHbi9SiURstXbvopMa/KvN//1Z9O16mji0vlMXNogvb9Fa3tr30w+/fSZLcLVal56TpwOF9FX1GNVBwQGiVfZ3o/C1dt0gWi1V3DHpAnu6eCvQN1B1XPqhfVsytsr+laxfJbDbrvsEj5evlJ4ubRQmN2snT3UvJaQe1YeefeuiGJ+Tn7a9A30Ddd/1jWrFpqTJz0lx9DOxxrQL9giVJ3Vr3UmpWynFn2p3JMU5OS9TGXWt1//WPy9PdS0H+Ibr1inv/MWazdPOAexQbWV/uVg8NG3S/JGnFpt+qrREAAAAAYCzcQniaPvjP5/L2OrIGlpen90nvGxoU7vqzp4eXPN295OftX+mx4pLCavcP8K08O8fD6qmivxaKLywp0P/NfE9/bluhEluxzGazim1Fys3PkiSlZaepS0KPSvvXCa/r+nN6VqqiwurIZDK5HosOq6O0zFRJUr/OlysnL1Pjpr+ppNREtW3WUcOveUSxUQ2OqfPjGWPVvW0f1+15J5KSkSxJemzs3ZVfn7unMnPS1LBO/D/aJ2lP8i7dNGqt67Eye6miQ+u4toMDQuRmdnNte3l4KyQw/KhtLzmdThXbiuXrZdHh9GRN+O59TZr7iatNsa1YTeNauLaPN/5VSctOVYdmnSs9Fh1WV3uTdkmS7h08Ul/M/kjP/PchFdmK1LPdxbrn2hHy9fKroq/jn7/D6UnKzMnQTaOucD3mdDpkMptUVFIo76NuNZQqxjwmrG6Va7ilZ6fKzeymiJAjt29Gh1UcKzU71TWOAX5HxsPD3UOSVFRSpOCAY8fC6XSe0TFOz06Tl4d3pcAvJjy20vHSs1MVHX7kmnAzuykyOMp1TQMAAAAAjI8A6zSFBIVXCp2MYuKs/yopLVHjnpjkChYGPNRVTqdTkhQeFK7svMxK+2TlZiomvCKACwuOUErGoUrPH8pIVnhIhKSKL/9DLh2mIZcOU15hrj785m29/vlz+vCpr46p5c+tfyi3IEfzl1XMNCqxlcjhcOiKERdq+hs/y8ujcugXERIlSfrvE1+4ZvQcT2RItOpFNdCIG585YduTYTKZFBESpXuvfVS9OvQ77T7+KTwoQof+Cuf+djgtSeFBFWMa6Buoh4c+pYeHPqXktIN64ZORmvzDp7r76hFV9HX88xcREq3I0Bh98eJ3J1VvZGiM5i/7Tg6n45gQKywoQuWOcqVlpSg8ONJVtyRF/FX7iZjNlfs8E2NcucZwFduKVFhSIB/PikD56NlfJpNJYUEV13RCo4ofEXA4HUrJOuy6pgEAAAAAxscthKeprKxUtrIS13+lZbaaLkmSlF+Yp8iQaFd4NXvJdBUUHVnr55Kug/TTH3OUnl0x+2Tbvk1as22F6/lubS5SXkGOpvz4mcrspTpwaI+m/vSZ+ne7WpK0bvtq7T64Q+WOcnl7+sjXy7fSDKejffDEF/rs+W/16XMz9OlzM9SrfV+1a9pRnz43o8oFxSNConVh24v0xhejXesh5RXmatHqH2Uvtx/TflDv6/XTH3O0dO0C2cvLZC+3a0/STm3es/40R0+6ps+NmjDrfe04sFVOp1MlpSVat321DqUnndT+IYFhys3PVl5hruuxy7pdqUWr5mvN1hUqd5Rr+YYl+n39r7rsr1/SW/znz0rNrAgNA3wD5G71kJtb1dnyic7fhW17q7ikQJ/N/lCFJQVyOp1KzTyk5RuWVNnfhW17q9zh0Ccz3lFhSYHs5XZt2r1OJaXFigmvq4T49ho3bYwKivKUW5CrD2eMVadW3SvNYjueYP9QJaUdVLmj3PXYvx3jo8WEx6plo7aa/MNESVK5o1xTf/68UptLuw3Sl/P+T8lpiSots+nz2R/J6XSqc6uKmWy/rv5Jc5Z8c8rHBgAAAACcO8zAOk1XPda70nZESJSmv/FzDVVzxK1XDNdrE5/RnS9eJ093L3Vt3VMRf82ekaQOzbvo9oHDNfKdexXoF6SI4Ej16nCJ6/lA30C99egnGjdtjL6aN16+Pv66rOuVGtzvFklSRm6qxn79sjKyU2W1WBVfr7lG3vJ8lbWEBIRV2vbw8Ja1pMg1m6cqT9/xiibN+UQjxgxTdl6W/H0D1Ca+g3q2v/iYtk3rt9SrD3ygibPH6c0vnpfT6VRsVJxuHnB3FT2fnGv73iQPdw+9PnGUUjMPy93dQ03rN9cD1z95UvvHxzZT746X6cZnBshRXq4Xh7+j9s0767Fbntd7U15XenaKIkOi9dxdb6hFw9aSpO37N2vc9DEqKMqXp4eXOre8UEMvHVZl/yc6f75efnpn5ESNn/mubn5moEpsxQoNitBl3Qaqa+uex/Tn6+Wndx6boI++eUtDnrxM5Y5yNagTr9cf+q8k6fl7xui/U8foxmeukMlk0gXNu+iB6/9z0uPZr8vlWrp+kQaN6CGn06Hvxi7+12P8T8/fM0ZjJr2gu14cLF8ff/Vqf3GlhfxvGXC3HI5yPfL2nSosLlDj2KZ6+9Hxrls0V21ZrpTMZF3R87rTOj4AAAAA4OwzOf++t6wGPTln6HGfH3Xph+eoEgAAAAAAAPxt6+G16hh7UU2XwS2EAAAAAAAAMDYCLAAAAAAAABgaARYAAAAAAAAMjQALAAAAAAAAhkaABQAAAAAAAEMjwAIAAAAAAIChEWABAAAAAADA0AiwAAAAAAAAYGgEWAAAAAAAADA0AiwAAAAAAAAYGgEWAAAAAAAADI0ACwAAAAAAAIZGgAUAAAAAAABDI8ACAAAAAACAoRFgAQAAAAAAwNAIsAAAAAAAAGBoBFgAAAAAAAAwNAIsAAAAAAAAGBoBFgAAAAAAAAzNEAFWqE/UcZ/fk7FN5Q77OaoGAAAAAAAARWX58rR413QZkiST0+l01nQRGw+t0M/bv1FG4eEqn48JiFPzyPby8ww8x5UBAAAAAAD8b/K0eCsmIE4hPhE1XYoxAiwAAAAAAACgOoa4hRAAAAAAAACoDgEWAAAAAAAADI0ACwAAAAAAAIZGgAUAAAAAAABDI8ACAAAAAACAoRFgAQAAAAAAwNAIsAAAAAAAAGBoBFgAAAAAAAAwNAIsAAAAAAAAGBoBFgAAAAAAAAyNAAsAAAAAAACGRoAFAAAAAAAAQyPAAgAAAAAAgKERYAEAAAAAAMDQCLAAAAAAAABgaARYAAAAAAAAMDQCLAAAAAAAABgaARYAAAAAAAAMjQALAAAAAAAAhmap6QIkqWT+dOW9/5zK9+2o8nn3Tr3kfc3tcouKPceVAQAAAAAA/I/y9JJbTJzcQsJruhKZnE6ns6aLSLu0abXhlSQFf/aLLC3bS26GyNsAAAAAAABqv6IClR9OlHtCp5quxBgzsI4XXkmSpXXNDxQAAAAAAMD/FG9fqaS4pquQxBpYAAAAAAAAMDgCLAAAAAAAABgaARYAAAAAAAAMjQALAAAAAAAAhkaABQAAAAAAAEMjwAIAAAAAAIChEWABAAAAAADA0AiwAAAAAAAAYGgEWAAAAAAAADA0AiwAAAAAAAAYGgEWAAAAAAAADI0ACwAAAAAAAIZGgAUAAAAAAABDI8ACAAAAAACAoRFgAQAAAAAAwNAIsAAAAAAAAGBolpou4Gxy5uWoYMpHsi2ep7KdGyVJ1vgEefQaIN8hw2XyD6zhCgEAAAAAAHAitXYGVvHsr5U6MEEF419zhVeSVLZzowrGv6bUgQkqnv11DVaIU7Vg8EXaO/0LSVJ5SYmmNfFX/v49Z/WYG98arRUj7zzmcXtRoRZc30f7Z00548ecf2l7Hfxh1hnvt6ZUN4Z/S5w3Qz8O6HTa/Zekp2paE3/ZsjJPep8/R4/Q2hdGSjp319LJSPntF83u0dS1/dOgbtr//bRq259obHF2He/aSZw/UwsGX6TSnOwzesyjr93axkjvxdroXH9eHP13dm3wz8/nfzqdv4v+6VT//v+3f3+ez050fRnps/JUainNzdG0Jv4qSkk+43Vkb9uo2T2aqjA58Yz3fa798/14tj/fzvTn2b997xrx89Wo/7Y2OiOeS6OrlTOwimd/rZwXhh+3jTM/x9XGa+CNJ913xvrVWnh9H121KlHuAUdmcKX89ouW3HWNrt+Rd3pF1yL2wgLNbBetyxdukk+demflGGarVe2eHSPP4NCz0v/fovsMUHlRQaXHnHa7/njsDsXfMlyxA649q8evDaoaQyM5V9fSyfBr1FStRjxb02XgJFV37aStXKo9Uz9Tz09nyernX0PVVW3JHVcr5fcFkiSzh6e8wiIV2raj4m+9T8Gt2tVwdafum1ZhcpTaJEnuAUEKatFWrZ94SUFNW9VwZTXrl6t7qtFNdyvu6iP/vjH6Z7HR8flsLE1uf0j+jaoPFFFZeUmxVj95n7qM/Uw+MbHn9NjrX39GtuxMdXrj47N2jP+1zzejX/+n+m/r071GNr41WpkbVqv3l/OP2y5x7jfa9dV45ezYIpnN8q/fSHHX3KSGg2+TyWKcOORcfIeuDWrdDCxnXo5yxz4lSfK6fKgif02UtfGRf8haG7dS5K+J8rp8qCQpd+xTcubl1EitOH0mNzc1vukeWf0DzupxQtt2VES3iyof22JR94+mEl6dgLO8XE6Ho8oxNJJzdS2dDJ/oupW+cJ5vHGVlNV3CGXWi11PdtRPeqbt6T5pruPDqb/E336vBW7J09cr96v7xNHkEh2rB4D5K+nlOtfsY+dx2e/8rDd6SpUtn/yGrr69+v+d6yek85X6M8BrPZg1n67PYCON2tjnKys77z+fzyclcU3Uvu1IBjc/OF/i///1SWzjKypS7e7tajhilsA5darqcs+J/7fPtbF7/Z4KR/m29+d2XtXr0I4q9YrAunfOHBi3dobaj3lTqH4vPykxHnH3GiRzPkMIpH8mZXxFIBTz2ukz+gQoZP0+Zdw+QJIWMnyeTf6ACHntdxXMny5mfo8IpH8n3nqfOaB2pfyzWprEvKG//Hpnd3BTW8UK1GzVGXuGRytu9Qz8O6qqBv22XZ0hYxQ5Op+Ze1EotHx6l+lfecEx/s3s0VafXP1JE196SpKKUZM3p2cw1E2zdK0+oOC1Fbh4eytmxRfaiQsXfdr8a33iXq/25B8I9AAAgAElEQVTqUQ8pe/NalZeVKbBxM7V58jWFtOlQ7WtY9eRwpfyxWGV5ufKKiFKzex5T3FVDXc8XHNir9W+OUua6VSovtSkwvrm6f/KNlgwbJEn69eYBMlksanjDMMX0GaD5l7TV4C1ZrqR7//fTtGPi+7rk+2WSpJ2TPtaeKRNUlHJIVv8A1et/jVo9Olpmq/WY2spLSjSjdbj6/7ROPlF1NPfi1pWeL8lIU7O7H1GrEc+esN+y/Dxtfu9lJS/6QbbsTPlE19UFr4xTSJsO2vjWaBWlJKvzWxMkSVlb1mvD6//P3n2HR1GtDxz/bskm2fRCEtJI6L0pSm8BRbrIFRHrvYqCBQsKUkRsgKBerOi1Xek2iqBUKaJIDyAd0iukZ9M2W35/LGxIstndhCC5/t7P8/CE3Z09c2bmzDkz75xzdga5p//E1cePqLvuo+3E51CoVOjz81hzSyRdZy8kcf1q9AX5uAeH0X3BEtxDQm3uY5Nez9G3ZpG44TuULi40v++xastc/GM3x96dS0HcOVz9/Gn5YMVxraooJZGDc54l5/ghANyDGtPj3S/xadEGzGbOrfiM88s/pTgzHe8mzeg07Q2Cbu1tyUtZGbHzZ5L08/coXTQ0nzCRhLUr6DBlNhF3jCbum/8Sv2Y5MSu3WNd3YOaTqLUedJm5wLr9nV+aR+K61ejzchj0zXbO/vejSvsw68h+Ds99nsKkOHxbtSOk7+BK2+DoeJVczODA7KfIOrwPN/8A2kx83ua+uNqF1V9x6tN30OfnEjpgCAqlEqXWC6hclryimpG5dydHF8xGl5qIQqnAp1lrBq7YDFiG9AV370fu6T8xFBWC2UznGfNpdFN3yz4sL+fkR2+RsG4V5boCfNt0ouvM+fi0bAvg8DzN2L2V/bOeYuTu09a865Li2D7+NvLOnMArsildZi+0rq8qQ5GO4+++Sur2nygvLiSg8y3c9PLbNT5tdbQ99uqxK9tTfDEdhUJFwflTBPfsT5cZ8x3WHVcz6fUcfv0FUrZuwFSuR+PtS4dnZ9NkxN0Oy1xVvz19P9qQMLrMmG99L/77ZZz8eCHDtsaCQmH3fErduoHYBTOJHD6WtB2bULtriVm1lbNfL+HsVx+iL8hD6aIhauQ4Or/0ZrWyc63H3xZ7ZddSPuKJnT+DrCP7UarVhA8eSacX5qJy19aYJgoFCrUalVqNT4s2dJkxn/LCAg6//gLhg4eDQsHmUb0I6R1DzrGDlGZdpP3TM0ndvhGP8CaVeqFsHNyZzi++Ttjg4db9FzFkNJcO7aW8IJ+gW/vSedrrKF1dAcftSl0olEoUajXuIaG0uO8xdjwwjNLsSyT99IPdusTWNmp8/eyW+aoc1ZuO2l57Zc5R3kP73Ub2scOUXsoAhYKuc94hqFtPjrwxjbxzJzm68GVOfrwQ37Yd6bX460rt2cklb3N+xX+s22EsK0Gfl2tto+0dp5ry7Eh91QvguF08v+IzTn+2GH1hPqH9bkOhUuGi9aLrnEUUJlxweD1iq2y4eHhWqp8dtUWO6k9n2v+qHLWftW0DaqrbnNlHVdlrOx3lq+r+bjr2QY6+8wqjdp/BNeByDw6zmQ0xHWn/9AyiRo9n290DaTr2QZre/SDguK505vqt6vWLW6Ngh8fEVg+Q+qi303dt5cwXiynNziKw6610e/U967VkbffnlfJ7cM4zjBxw2nrsnb3mvnJ87ZVns8nE+ZWfcX75ZxSnp6Dx8aPtpBdw8fAg7vulmI1Gsg7/AcAdG/ezf8Zku+1Jbe9bnK3fSrIy61QnX60u91T1fe5eXf6duf/YPKoX4UNGc/H3HWQdPYh3dAu6L/qcnD8Pc+K9NykryCNqxDhumrMIFArAcT1bm2tre/ssacO3NsuIUqMhaeN3nPx4EUVpyXiGN6H9UzMIGzy8xv1clS4xjhNLFtHj7c8qdTwI7HILge8vsz7sutb7u/qqS3c+NAKofA/d+l9P1+1a72/sbxfAKt2xwfr/7MeGE/DJBmsQC0Dh7Yu5II/sxyoKf+nOjfUewFKoXOgycyF+7TphKCpk30uTOTT3OXp/uALv5q0I7NyNhDUraP3IFAAyfvsFva6AiCGj6rzO1B0/E7N8E/4dulIYf57No3sR0msgXlHNMJtMNB/3MMHvfY1S7cKp/7zLnifvZfi2o6jc3G2mF9D5Fjq9+DoaXz8y92zn1ycn4NuqHX5tO2HQFfLLA8OIHDKaW+cvQe2uJevoQZRqNf2/+pHvu4YyYOlGa/dHZ8ZAuzcKos+Sb/CMjKYg7hy/Trob95AwWj5ofzio0tW10g1/8s9rOfjKFJoMv9updP94cSKG4iJLfkMjKIg/j9JGd9Ky3Bx2/XMUrR5+mn6fr6Uw8QK/TvwHKheN9TgCZB3ez8Dlm1G6uLB/+iSOvTuXWxd8YjPvJz96i8w/dnPbmt24+gUSO38muqR46+e5p46x+7G76fH254QOGEJB3Fl2PTIG98Bgwm8fWS29Y++8ijY0nD5LVqNUqymIO2cd6np26SecW7qEnu8vxbdlO9J++ZlfJ9/DHRv+QNs4nBMfzicrdj+3r/sdV19/jr49p1JenHXpwG8MWr0NpUZT7TN9Xg67J46lw5SZNB//CLmnj/PrY3fj6uNnXcbR8dr77EO4h4QzavdpyouL+P3p++3m5+Ifu4idP4O+//mewK63krThW/ZNn0Tzcf+0ufwfL0yk43NziB4zAbPBwKUj+yt9nrJtA4O/+QXXgEAyf/uFXx/7B8O2xOLqH8DJjxeS9NN39Pt8DR6hEZz4+C12PjyKoZsOWXvj2DtPbbmw6gv6fPotfq07cH7VF+yeOJbhW4/i6h9QPe/THsNUrmfQt7+g8fblz/ff5LcnJjD4h10olLY73NrbHnv12BWpWzcwYOlPlYJq9uqOquJ/WE7O0UMM3XQIjY8vpZcy0efXrVds0zH3s2/6Y3R64TXrRXjCmuVE3XkvKBROnU+65HjUHl7WC4vC+PMcXfQyt6/Zg3ezlhiKi8g/d8rm+uv7+Dsqu4biInY8MJzoO++lxztfYCgpYe+zD3N00Ry6zl5Yq30XNWoc8T8soyDuHN7NWgKQsmU9A5dvst6gpG7f6DAdXXI8Gr8AYlZuwVRWxq6JYznx0QI6PPsyULuyUVum8nKSfv4BV78AXP0DnWpTqm7jxf2/OSzzV3NUbzrT9lYtc+Bce5iybQMDl/6Ma0Ag8WtWsO+FRxmx8wRdZi4g69Af1YYQXq3t48/T9nFLwMVYWsKO+4fiO6ST9QLb0XGylWdH6qtecHQeZ+zZzrF35tLvszX4d+xKyua17J36KM3vftjpvEL1spGxu/JNrKO2yFH96aj9r8qZ9rM2bUBt6jZn2Gs7nclX1f2d9PMPJPz4Da0emgxYhmaX5eUQcXv162RHdaWz12/2rl9q0ujmXmhDI5zOi7P1duK6lQxcsQUXrQcHXp7C7888aA2k1GV/Vi2/tb3mdlSez379MWe//JAei/9LQMebKMvNpjgtGf8OXcn5M7bWw8Pqct9yhb36ra518rXkrb7P3Zo4uv9I+H4ZPd/7Gu+mLTn48hT2TL6HRt16cdvaPZTlZrNtXAwhfWIIixnqsJ6t7bW1vX0WOfwfNsvIxX2/su+lyfT5cAXBPfqTtmsLv095gIHLNtkNFl4tfc92lBoNkUPvsr2AQnHN93f1WZfauoeuz2u9v4u/3RDC8nPHK/5/9hjZjw3HXJCHwtu3UvCq6sTutbXxtk6suTXK+u+3ZytfGAXd0ouAzjejdHFB4+tP+6deInPvLuvnTe9+mLjvvra+jvt2KVEjxjmslO1p3DvGOoeJV3RzvJo0I/dkLGAZmhQ2eDhqrQdKjYZ2T0zDUFJM/oUzNabX7J6HLTexSiUhfQcT0msgF/f9ClgunJVKFZ2mvYGLlzcKtZpGN3W/pkhwxB1j8GzSFBQKvJu1pPm9j5K5d2et0siKPcD+WU/Sa/HXeDdv5TDdorRk0n75iW6vLrY85VAo8G7aAs/I6Gppp27fiMbLl7aPPYdSo8GnRRtaPfI0cd9Wnniv9aNTrDfPoQOHknPsUI35jVuznLaTX0DbOByVmxudXnwVhUpl/fz8sk9pMnwsYYOGoVCp8GnRhhYTJpLwo+2JvVUaDcUZqRTEnQXAu1lL3AKDADi3dAntnnwJv9YdUCiVhA0aRmCXW0nZagn6xq9dSdvHp+Ie3Bilqysdn3ulTuPCWz/6bI0XfylbN+AeGESL+x5DoVLh364zTcdWvui3d7x0iXFcOvg7XV56E5W7FreARrR7Yprd/MR9v4wmo8bR6OYeKJRKmowcR0Cnmhs+lcaVwrizFGekolCrCerWs9Ln0XfdZ30iHNxrIF6RTUnZsh6w9PZpO+lFvKKbo3R1pf1TMwBI37XZ+n1756ktTf/xAP7tOlu6Y094FI+QMOv6rlackUrq1h+5+ZV3cQsMQqnR0OGZ2RQmXiD/7Mka07e3PY7qMYDgHv2r9QizV3dUpXR1Ra8rIO/0cUx6PW6Ngq3nbm2F9IlB6aIhbccm4HJ5OfSH9SbemfNJ5e5B638+ZX2tUKvBbCb3ZCzlBfmotR41lp/6Pv6Oym7K1g0oXVxoP2UmKjd3XP386fDMbBJ//KbW+849JByAsrwc63vRYx+osedRTVRu7rR8wHIDpHR1pdVDTxD3/TLr57UpG87aN2My63o25/ubwsg68Ds9F3+NQql0qk2puo3OlPmrOao3nWl7q5Y5cK49bHr3w9ZzN2zAHRSnJ1OadbF2O89s5o8XHsXF24+bZi+yvu3oONnKsyP1VS84Oo8T1q4katQ9BHS+2VoOArva7rVqj73y70xb5KgsOWr/q3LUfta2DahN3eaMmtpOZ/NVdX9Hj5lAwg8VdUf8D8uIHDrG5nWmo7rS+eu3mq9fatK4/200v7di8vD6qrfbPTkdt4BGqNy1dHlpPllH9lEYf77O+7Oq2l5zOyrP55Z+QrsnpxPYuRsKpRK3gEbXNK9iXe5bqrFRv9W1Tr6WvNX3uVsTR/cfTcc9jF/bTqjc3Im68150SXF0nvYGGh9fvKKaEdJzILnHDwOO69naXlvX5XjGf7+UJsPGEtJnEAq1mrCYoYTGDCX+h6XWZZQaV5QatxrTKMvJQhvU2NqrzJZrvb+r77q0qvq81vu7+Nv1wKrG1jwYdZgbo6qByzbj4lXRHfjivj3se7GiW2XB+TMcf+918k4dx6gvA7MZQ1EhprIylK6uRNw+iiNvvsilg3vxbtaK1F82MvjbHdeUJ1e/yj0yVG5uGHSWCQ0NukKOvT2XjL07MJQUo1SqMBYXoc/JqjG9M19+QOK61ZTmZqFUqijNzcbn8oSBupREPCKjnX4q4Iy0nZs5/fl7FCUnWPJcUlRjrxRbdMkJ7Jl0D11nLiCoez+n0i1KSUKhVNkMWFVVnJ6CR3hUpUrQKyK62vjpq4+D2s2N8qIaJpU0mynJTMczsmnF8loP3AMruqzrUhLJP3OCS4dusr5n0uvxiIiymWSnaW9w4oN57Jk8HkORjvAho+j0/FxcPL0oSknkz3+/xsmP37IubyguIqBDV0teLmagDat4iqhyc8M9IMjBXqlOG9y4xs+KM1IrbS9Q7bW941WckYZa62kNytn6fvV1phE6YIjddV6t98erOPnRQjaP6oWrrx9N//FQpScw7o0qXxC6NQqmJDMNzGaKM9PwiKgoSwqVCo+wCIrSK8qIvfPUFo+wypM4asMjLeurQpecCCjY+XDlp9MqN3fLEKPW7W2mX+P24LgeA3C3cbzt1R1VRY0cR1n2JWLnzaAw8QJB3fvSaeqr1l5AtaFQqYgadQ/xPywj/LYRJKxZQVCP/mgbW4IzzpxP7oFBlW4iPSOi6PnOl5xd9ikHZk/Bt1Vb2k56kdD+t1de+XU4/o7KblFKAiWXMvlpSMX2YDaBQoGhSIfaw7OmXVVNSUaKJX++/tb3tMG2hz7bo/H1rzQExa1RMKWXMjEbjShUqlqVDWd1eWkejfsOxsXTG5VbxYWsM21K1W10psxbOVFvOtP2Vi1zzub96rJ05eFXua6wUv3oSOyCWegS44hZsblS4M3RcbKVZ0fqq15wdB4XZ6bjW6VXl8dVPWScZa/8O9MW2S1LGo3D9r/6Ou23n7VtA5yu25xUU9vpbL6q7u/IYWM5Mn8GOSdi8W7SjOTN6+n/VfWHN+C4rnT2+s3e9UtNznz1ETnHDtHjnc+dyoujevuKq9t+V/8AVO4elGSmgsqFuuzPqmp7ze2oPBenJeMZ1dzuOmujLvctVdmq3+paJ19L3ur73K2Jo/sP96CK8q1y90Dl7lHpB8nUWi3lRYWWPDmqZ2t5bV2X41mUnkpwz/6V3vOKiCb3zJ/W1y5e3rh41jzfqKt/ICWXMiz3/jUEsa71/q6+69Kq6vNa7+/ibxfAcmnRwdoLy6VFB+ucV1cmar96Tqyrl6st96CQSie9m59/pc/3Pv9PQgcMoftbn6Jycyf31DG2jO6N+XLwTOXmRvToe4n/7mt8WnfAr3V7fO1UUGqtB8ayMuvrstza/Uzz8cWvU5B4gZgVW6xDj37oFlljMC916wbOfPE+/b/60XojuWfyeOvynuFNSPh+GWaTqVoQy1ZQy+XyyWUsK0Wt9qy2DWXZWeyZPJ7eH62kcd/BKJRKznz1Eck/fefU9unz8/h14lia3/PPSkMmHKXrER6J2WREl5zgMIilbRxOUVpipfcKkxPQhoQ5lcdqFArcgxtXemJuNhgovWq/eIRG4NO0FV3nLLKVQjWufv50nb2QrrMXokuKZ+8zD3H6P+/S4bk5aEMj6DT1VSLuGG3zu+5BIRSnJuPfvgtgGb9ekl2RN7WHB6aryiBYjqFa61Ftu2qiDQkjfefmSu+VXMqsSM/B8dKGhGIo1mHQFaL2tASQSxz0ONCGhFJ21TrAMkeaS6TtCt+3VTt6Lv4KzGYuHd7H7kfvwrd1e0J6xwCWOamupkuKI3TAHaBQoA0OpSgl0dojyWwyUZSajEfjOpYRoLjKz10XpyQRNmBoteU8Lt9ExyzfXDFniBNq3B4c12MAiirH21HdUZVCpaL1I1No/cgU9Hm5xL41iwMzJhOzepvzZe4qUWPuY9OI7pRczCB+7Uo6vTDX+plT55ON8hs2eDhhg4djKisj/ofl/PbkBO78Ix6F2qXS9+r7+Dsqux5hkXiGRTJk4746pX+1hPXf4B4cinfTFhVvVtkXag9PjKWlld67usfWlfxdfUGlS4rDrVEwCpWq1mXDWRovn2pBG6fblCrb6EyZv/q7jupNp9reKnm41vYQACceLp1f+TlJG79j0DfbrfUpOHkO26nnbanPesHReawNblyt3ixKS8a3eRvA8fWIM9voTFtktyw50f5XX6f99rMubUBNdZvT++gqNbWdXk1bOpevKvtb4+NLeMxwEn5Yjm/rDniEhhPY5RabX3VUVzp9/VbLcg1QriugXJfvdF4c1dtXhsoWpSVZekgBZTnZGEuKcA8OswbSa7s/r1aXOsZRedaGRqBLvFCt1zrYvi9w1J7U9r6lqprqt7rUyVXVNm/X49y93hzWs7W8tna0z2yVEY/GYRSnVD5vdckJeFx+KAkQfee9RN4xpsbtaNw7hsOvvUDypjVE2FrObK6X+7v6qktt7od6vNb7u/jbDSF0G1Axt9XVwavsx4ZXGk54ZU6sqt+pL/r8PHyat0bl5o7ZYODslx9UW6bp3Q+TtGktF1Z+RtN/PGQ3Pf/2XUjb8TNgucg58/l7tctPQR6e4ZHWSuPCyi8ot/Pri/qCPDTevnhdbjxzTx4l47eKHmJhMcMwGQ0cW/gyBl0hZoOBrMP7MJYUo3LXovb0pjD+nHV5t8Ag3EPCrNtQlptD/FVdM8uLdZhNJuvwtqqf22MqL+e3p+7Dt21n2k+ZWekzR+l6hEYQ2n8IB19+huL0FDCbKYw/b3MeirCYYejzcjn9+XuY9HoKzp/hzOfvET32AafyaUv0nfdy5ssPrTfpZ5d9irGkyPp583sfIX7dSlK2/IipvByzwUDemRNkVZmX6Yrkn9dSlJYMWHpSqNzcUKgsceoW9z/O8X+/Ss6JWDCbMZaWcHHfr+guP32LGnUPJ5csoiQzHZNez7F3XsFsMFjT9mvbmfwLp63L5548Svqe7bXa3rBBwylMvEDm75ayVJaTTfxVQ2kdHS/PJk0J7NqdU5/9G7D8UtCZL+yfC9F33kvCulWUZFh6FWUfO1RjN3mTXk/CutWWC0iFAreARijV6kpzosV/v4ycP49gNho5t+wTijPTCR9smXQxeswETn2yCF1iHKayMk58MB/MZhr3q/tTmAvffU3uqWOYjUYurPyCovQU6/qu5hEaQdigYeyf9aSlLAP6vFySf/6h0nGsyt72OFOPVeWo7qjq4r5fyT19HLPRiIunF5rLQ5KhbmXOu2kLAtp3Yf/MJzAU6wgfVLGvans+gWWemMzffsFYWorS1RVX/0DLJOg2ns7W9/F3VHbDYoZRXqTjxPvzMOgsk/AXpSVbh1DWyGzGbDBgLC0h/9xpji6YRcKaFXSdscDuhbt/uy5k7t1pvek4v+Kz6u2I2UzsW7MwlpZSnJ7CyY8WWifqrm3ZKC/IJ3b+TIqqXMA6o65tSm3LvKN6s7Zt77Xk/WpujYIrtcFVZezeyrG3X6H3ktXWHopX57k2x8kZ9VkvODqPo0bdQ8L61WTHHsRsMpH88xrrxMDg+HrEGc60RY7KkqP2vypH7Wdt2wB7dVtt95G9trOubRNA9F0TSNzwLXHffEnUmPtqXs6JurIu129ZsQdY3crb7i+VmcpKMZSU1CovztTbJz9cQFl2FsbSEmIXzCCgcze8optf0/68oi51jKPy3HzCo5z8cAHZRw+C2UxZdhY5fx4BwC0oBF1SHGaj0bq8o/akLnXnFY7qt7qmW9c06vvc/Ss4qmdrc20NjveZrTISPWYCiRu+I3PvTsxGI2k7NpG6fWOluiA79iCpv1T8gEJVnk2a0u7xqRx4+RnOr/ycotQkDMVFZB3Zz29P3UdRatI139/VZ11q6x66ztd6f2N/ux5YHuMnoVvxEWZdPvnvvITPc/MqzXl1ZWL3/LenA6Dw9MFjvP1Jwuui26v/5sj8mZxdugSVi4aIoXeRsG5VpWW8m7UkoH1nck4cJXJYDZPLXdbhuTnsm/Y4m4Z3x9U/kLCYYbUa+9ruiensn/44W0b3Qa3V0rj/ELSNa+5S32T4P8jcu5NNI7rj6heAV9OWNO47yPq5i5c3A/5r+aWODYM6YjIa8WvVjj5LLHnqNHUu+2c8gaG0hJYPTKL9Uy/RfcEnHH7tBc58+SEa/wBCBwwh/ddtgKX7Zaepc9nx4DBc/QJx8fElbNAwp+bAyj9/iov7duMWEMT6vhXDEVo+MInWj0xxmG73hf/h2Duvsv2e29AX5OERFkm3Nz6o1iPL1c+ffp+vIXb+DE5+vBCNty9RYybQ+uEnnTsINrSb9CKxC2ax+c4+uAeHEtj1Vryu6oLt36ErfT5exYn33+TA7CfBDN7RLWg76UWb6eUcP0Ts/BnoC/NRu2tp3HcwrR99BoBWD05C7erG/umTKEpLRu3qhl+HLnR5yfKLbe2emE55YQGbR/VEoXahxX2P4REagery0z6v6OZ0eHYOu/41GvfAYLRhkdW6Dzvi6udPn0++JfbN6Sjfe9Pyyzcj7iZl8zrAuXLQ892v2D/7Kbbc2RcXb18ihoyyft+W4J4DaPfUS+z6151o/APxCA0nYsidthc2m0lcv5rYedMxGQxofPxo/cgzlYakNhv/L8uvfJ05gVdENH0++db6xKztpBcwm4zsfGgkel0Bfm060u+LtdYJvOui2biHOfzqVJvrq6r7gk848eECdtxv+RU2V19/Gt3Si/Dbav5xCHvb40w9VpWjuqOqkovpHJr7HMUZaag0Gnzbdubm194H6l7mosbcx8GXn6bFvRMrDfuq7fkElqdmxxe/TkHcORRKJR6hkfR6fxkqd221p8f1ffwdlV0XL28GfL2BY2+/wsYhN2EoKUYbHEr0mAl299PZpUs4u3QJSo0r7o1CCOhyKzGrtjqcsyFq9HiyDv/BppHdcQ8OI+jmnnhGVK4nPcIi8QhrwoZBHTEbyokYMoZ2T1ja29qWjfJiHWe+fJ+wQcOtk5k6q65tSm3LvKN6s7Zt77Xk/WqtH3mGg7Oe5PyqL/Bv14X+X1WuI8+v+gJTuZ49kyr/6vGIHSdqfZycUZ/1gqPzOKTPIDo8M4u9zz6EXldAaL/biLhtVMXcRgqF3esRZzlqixyVJUftf1WO2k+oXRtgr267kpbT+8hB21mXtgksdaDaTUvOn7H0/qjm89BRXVnX67fitCS8oprZHdqJ2YyCip439VVvR44Yx/Z7B1OanUVA51voubgi4FHX/XlFXeoYR+W51UNPoFCq2D/9cYrSU3H19afd5Bfxb9+FqBHjSNu2gbU9mmI2mRj923mH7Uld6s4r7NVv15JuXfNW3+fuX8FRPVura2sc7zNbZSSoez+6vbaYw6+9SHFGKh5hkfRY9DmBnbtZv3fp4G9kHz1QaR66qto/MwuvZi05v+xTYhfMQqFU4h3dgqgxE9CGhKFQq6/p/q5e61Js30PX5Vrv70xhttkv/q+V3sp+V82gwwW1Sq9k/XLy5joXlPJbtOK69MBy1r5pj6PUaOj2Wu16VAlxvRlLS/ihWySDv91hd3jr/yebR/Wi1T+fJmrUuBudlXrxd9secWOlbt1A7FuzGLa15h8l+LuTerNh+mXCEMJvH03LBx6/0VkR/0P2z3iCkN4Da/4FM+DYojlkHz3AgKU19wIRQoi/A+OJQ2hu6e94wevsbzeEEMB95AR853yMwtOnxmUUnj43PHhVGH+e5E1raXm/XGQPREUAACAASURBVFCJG6806yIX9/2K2WTCWFLMkfkz8Ipqjk/Ltjc6a0II0SBJvdkwpWxej6msDLPRSPyaFWQfP0z44Bt3vSf+N93y5od2g1dCCCH+en+7IYRXuI+cgFv/YRSt/JjSHRsqTdjuNmA4HuMnofD2dZDK9fPb0/eT8et22jz2nFzoigbBVK7nyBvTKEpPQalS4d/xJnp/sLxef2lSCCH+TqTebJjifljKgdlPAeAZEU3fj1dVmwtHiPrQ4oFJRBfXfS5UIYQQtfO3HEIohBBCCCGEEEIIIa6dDCEUQgghhBBCCCGEEMIJEsASQgghhBBCCCGEEA2aBLCEEEIIIYQQQgghRIMmASwhhBBCCCGEEEII0aBJAEsIIYQQQgghhBBCNGgSwBJCCCGEEEIIIYQQDZoEsGopY/dW1vdt/ZesKzv2ID/2b0dJRprT3zGWlrK6lTeFCReuY84all6fneTzQ5cAKDWYUL9ygPPZpdd1nTO2pfDA9/8b+zhDV476lQNkFRmAhpX3q49dXokB9SsHSCnQO7W8qEyfn8eGmI5k/vZLnb5fl7otacO3/NivLT90iyR1+091Wu9fbdvdA4n75r/V3i+4cJafbu9K7qljDSI/f4Xr0V78f2qDqp4zxxbN4Y+pj1zXdf5/2r/OKL2UyepW3pTlZAN/zTEQQgghxI2jvtEZELYZinQcmPUkPd/7GveQUKe/p3Rxoevshbj5B17H3NWNrsyI77zDnJ/SkSg/1+uyDhelgsVDI2nkcX2L9ohWvhTpjdd1HddLQ8r7cz1CaNPI/UZn42/h4MvP0OrhJwjuNbBO3/dq3poOz8yu1XcOvTqVnov/S3CP/nVa543Q6uGn8W5eOVBXcjGD/S89Tq8PluPTos0Nz09dpO3YxOFXpzJ8x5/1kKu/n9j5MynLzebWBUuu2zpCY4ZhLNZdt/ShYbfxDUF9H4OtY/rR/L6JRI+ZUG9pCiGEEKLuJIDVQOWdPUnn6W8Q0PGmWn1PoVLR4r7HrlOuGj6VUsETtwRf9/X0iPC87uu4XhpS3u9q53+js3BdmI1GUChQKP+aTq4lFzMI7tGPZvc8XOc0PEIjanWTps/PQ5+fi0/zugd8TOXlKF1c6vz9uoi4Y3S199yDQhj0Td16rl0rW/n5X3Ejjl9DFtjlluu+jv/vbbwjf8UxEEIIIcSNIwGsa5S5dyfH35lLQcIFlCoVjW7pTddZC3EPCrG5/JE3plGUnoJS5UJxehKG4mKaT3iU5uP/BUBxRioHZj1N7p+HMZaX49uiDZ2nzyOg883WNM6v+IzTny1GX5hPaL/bUKhUuGi96DpnEcbSUr7rFMTQzUfwimrGkTemUXIxA5WrK3lnTmAoLqLlQ0/QYsKjTq+vqn+tjWd7XAF5pUbCvF2Y1rsxD3SueBr8S1wBr+xI5eSlUtRKuLONHx+PiOK2r88AEPPVGdQqBRNvbsSoVr60fv84pS/fjFqpAGD5sWze+S2DQ5PaAfD+vkw+OXCRlIJyfN1UjGvvz+sx4bioFNXyVmow4fn6IU4/1YEIHw0tFx+vfLyKynmxd2NeHRjmMN2CUiNzdqTw45l8sooNNPHR8OmoaG4N92DGthRS8sv4+q5mABxOL+KFzckczSjB313FQ10Cmda7MSqlgrwSA4ELjrB4aCQrjmVb9puXhi/vjCbMWwNYeqfN/iWF9afzKdQb6B7hyftDm9DE19W6DxbvzSS31ICrSsGEjgEsvD3S5vFJLyznsR/j+T2piEYeKqb1rtyD7+q8641mpvyUyLrTuZQZzfi5qXktJozxHQJYdyqXF7YkM7adP78lFZJXYqR/tDdv3RaOq1pZL9vd67OT/LNLI/51UyNr/jady+ft39O5WGSgZ4QnS0ZEWZevamd8AbO2p3A6q4xArYop3YOZdDmAmZBbxuQNiRxIKwIgzMuF5WOb0S6oeo+v1K0biF0wk4gho7l0aC/lBfkE3dqXztNeR+lqOQb7p08iY+9OygvycQ9uTJvHnif6znsBSzBnzS2RdH5pHonrVqPPy2HQN9tJ+nkNF1Z+RnFGGi7ePjQZehcdnptT403/5lG9CB8ymou/7yDr6EG8o1vQfdHn5Px5mBPvvUlZQR5RI8Zx05xFoFBUy9eZrz6olC+TXs/h118gZesGTOV6NN6+dHh2Nk1G3F1t3Rm7t7J/1lOM3H0awG7dkX/2JL9OugeAbeMGoVCpGLrpEGV5ORx5YzoX/9gFCgUhvWPo8tKbaHz9rdsX0juGnGMHKc26SPunZ3JyyaJr2uaqxwJAlxhH7FuzyD6yH6O+DN+Wbenzybe4eHmz7e6BNB37IE3vfhCApI3fcfLjRRSlJeMZ3oT2T80gbPDwinLx1iyajLqH9F9+Rl+QR1D3vtz8yrso1LabT11SPLHzZ5B1ZD9KtZrwwSPp9MJcVO5am8tfnR9H66vpeAZ06saB2U9TlpPFxsGdAej25kcEdevpcF9dzVF7duSNaRRfTEehUFFw/hTBPfvTZcZ8m2k5m2bm3p0cXTAbXWoiCqUCn2atGbhic53SMptMnF/5GeeXf0ZxegoaHz/aTnoBFw8P4r5fitloJOvwHwDcsXE/CWtXEr9mOTErt1jXcWDmk6i1HnSZuQBwXNaudmzRHIozUum+6DNOLnmb8yv+Y/3MWFaCPi+Xu0/koFCrHaabuXcnfy5+g/wLZ1CqVITfNpKbX11crY03lZdz8qO3SFi3inJdAb5tOtF15nx8Wra1HjN71wAAF//YzbF351IQdw5XP39aPljxeVFKIgfnPEvO8UMAuAc1pse7X9rsqehMPWrv/LhSj3advZDE9avRF+TjHhxG9wVLrD3RSy5mcGD2U2Qd3oebfwBtJj5f4zG41vUdeWMaeedOcnThy5z8eCG+bTvSa/HXYDZzbsVnnF/+KcWZ6Xg3aUanaW8QdGvvWpdpIYQQQtSOBLCukULlQpeZC/Fr1wlDUSH7XprMobnP0fvDFTV+J237T8Ss3EpA55spzkhl65h+eEVGE9xrIGaTiebjHib4va9Rql049Z932fPkvQzfdhSVmzsZe7Zz7J259PtsDf4du5KyeS17pz5K87tr7nmRuuNnYpZvwr9DVwrjz7N5dC9Ceg3EK6qZw/XZ0j3ckwWDI/DXqtl6IY+7Vl2gQ7A7XRp7cDCtiBHLz/LZ6GjuauuPwWjmQJqlO/+WB1rhO+8w2x9qZR1C6MxcVSGeLqy7twVN/dw4k1XK6JVnCfPW8HR3+z2tXNVKEp/vZH39/YkcJm1IYHyHAKfSfXBNHDq9ie0PtSLSx5Wz2aW42OhQk11sYMjXZ3iuZ2N+vr8V57JLGbn8HBqVkqm9KgKZe5OK2PlwG1xUCv61Np5Z21P48s6mADy0Nh690cTvj7bBz13N3B2pjF11nn2PteN8dikvbU3h4GPtaN3IjSK9kRMXS2rc7nu/O0+4tytJz3VCV25k3Dfna1z2v0eyOJBaxMknO+DrriZDV05uScXwwrjcMgK0anb9sw1lBhPDl5/j9V1pvBYTXi/bbcuyo1ns+mcbPF1UluP17QV2/6v6zVJsRjEjV5xj2V3NGNbSh9NZpQxbdpYQTw13tvVj1vZUIn01rLu3BWqlgjNZpfi5q2pcry45Ho1fADErt2AqK2PXxLGc+GgBHZ59GYCAzrfQ6cXX0fj6kblnO78+OQHfVu3wa1tRxi4d+I1Bq7eh1FgCbu6Nguiz5Bs8I6MpiDvHr5Puxj0kjJYPTqoxHwnfL6Pne1/j3bQlB1+ewp7J99CoWy9uW7uHstxsto2LIaRPDGExQx3mK/6H5eQcPcTQTYfQ+PhSeikTfX5ejeuuqqa6w6dlWwZ/u4O1PaIZtHobbo0s58zeZx7ExduXO34+iNlk4o+pj/DHixPp++l31jRTtqxn4PJN1qDDySWL6nWbDbpCfnlgGJFDRnPr/CWo3bVkHT2I0kbA6eK+X9n30mT6fLiC4B79Sdu1hd+nPMDAZZusQXxdUhyuvn4M/mEXxpJittzVn4R1q4i+675q6RmKi9jxwHCi77yXHu98gaGkhL3PPszRRXPoOnuhU/vc3vpqOp6ekdF0e+09Dr86lWFbYyul50y5vcKZ9ix16wYGLP2JRjd1d2p7HKX5xwsT6fjcHKLHTMBsMHDpyP46p3X26485++WH9Fj8XwI63kRZbjbFacn4d+hKzp+xdRpCWJv9d7W2jz9P28ctwRVjaQk77h+K75BO1sCnvXRzjh9m98R/cMubHxJx+2jMRgPZxw7ZXM/JjxeS9NN39Pt8DR6hEZz4+C12PjyKoZsO4eLlDdi/Bsg9dYzdj91Nj7c/J3TAEArizrLrkTG4BwYTfvtIjr3zKtrQcPosWY1SraYg7hwaH98at9tePers+ZF1eD8Dl29G6eLC/umTOPbuXG5d8AkAe599CPeQcEbtPk15cRG/P31/jXm51vV1mbmArEN/VBtCeHbpJ5xbuoSe7y/Ft2U70n75mV8n38MdG/5A2zi8VmVaCCGEELUjk7hfo6BbehHQ+WaULi5ofP1p/9RLZO7dZfc7jW7pY7050oaE0WTkOOK+Xw5YhvGEDR6OWuuBUqOh3RPTMJQUk3/B0nspYe1KokbdQ0Dnm1EolUTcMYbArvZvJBr3jsG/Q1cAvKKb49WkGbknY51any2P3tyIQA81SgXc3tyXwc282ZlQCMCSAxcZ286f8R0C0KgUaDVK+kV5O7Ena/aPdv4083dDoYDWjdx4vFswv8QX1CqNP5KLeHR9Aqvvbk6bRm4O003KL+PHM3ksGWHpBaVQQKtAN5r6u1VLe/3pPHzd1Ezr3RiNSkG7IHee7xXMF4cvVlpuau8Qa++uEa18OZBq6RmUUqBn7alcPhwWRbCnCxqVglcHhnEup4w/LxbjolJgNps5klFEfqkBD42KW8JtDwO8kFPKr4k6Ft0egVajJMjDhVn9ap5DzVWtIL/MyNHMYvRGMyGeLtb9A+CuVvL0rcGXl1XyTPdgvjqSVS/bXZPZ/UMJ8nBBq1Hy9u2R/J6s42xW9UDnR/szuaeDPyNb+6JSWtY/+ZYglh/Ptm5bSr6e01mWYF/rRm4Ee9Y83Enl5k7LByyBJaWrK60eeoK475dZP292z8O4+gegUCoJ6TuYkF4Dubjv10pptH70WWvwCiDijjF4NmkKCgXezVrS/N5Hydy70+72Nx33MH5tO6FycyfqznvRJcXRedobaHx88YpqRkjPgeQeP+xUvpSuruh1BeSdPo5Jr8etUTDezVvZXf/V7NUdVemS4rm4fw9dZi5A4+OLq58/nae/QfquLZRczLAuFz32gWo9VOtzm1O2bUCpVNFp2hu4eHmjUKtpdFN3mz2g4r9fSpNhYwnpMwiFWk1YzFBCY4YS/8NS6zIu3r7WIVsqdy0hPfuTfdx2MCFl6waULi60nzITlZs7rn7+dHhmNok/fuPM7na4vrocT2fK7RXOtGfBPfo7HbxyJk2VxpXCuLMUZ6SiUKsJ6tazzmmdW/oJ7Z6cTmDnbiiUStwCGlnLb13VZv/ZZDbzxwuP4uLtx02zFzmV7vkVnxExZDRNRtyNUqNB5a4l6NY+NpOP/34ZbSe9iFd0c5SurrR/agYA6bsqevzYO4/PL/uUJsPHEjZoGAqVCp8WbWgxYSIJP64GQKXRUJyRSkHcWQC8m7XELTCoxs21V486e360fnSKtZdq6MCh5FwO3ukS47h08He6vPQmKnctbgGNaPfEtBrzcq3rq8m5pUto9+RL+LXugEKpJGzQMAK73ErK1g2X95nzZVoIIYQQtSM9sK5RwfkzHH/vdfJOHceoLwOzGUNRIaayMmuX+arcgyr3HHILCrF2zzfoCjn29lwy9u7AUFKMUqnCWFyEPscSNCjOTMe3ypNfj9AIu3l09Quo9Frl5oZBp3Nqfba8uzeDFUezuVRsQKVQkFVSTtvLE3En5OrpH+1lNz+19dNZy5Cy+NwyAIrKjbSwEUiqSXxuGWNWneXdIZEMiK4IptlLNyFXj0oBTf0crye5oIxoP9cro5sAaObvSnJ+eaXlArUVp5u7i4LCMpM1fwpgyNLKQUOti4KMwnI6NteyYmwzPtx/kcd/TKBDkDsz+oYxtKVPtbykFJTjqVFVCtQ0s7MNEzoGcLHIwNRNyZzLKWNAtBfzBkXQ+nIQK0CrrjRUM8TLhQxdOUaT+Zq3uyZRvhXnTaCHGg+NktRCPS0DK29HfK6ePzOLaZdUMUy0zGAm+nLvvrdui+C1namMWXUeXZmRMW39mTcoHG83272wNL7+lYb2uTUKpvRSJmajEYVKxZkvPyBx3WpKc7NQKlWU5mbjU2XybW1w40qv03Zu5vTn71GUnACAoaQIr6hmdrffPagiDZW7Byp3j0o9HtRaLeVFhdbX9vIVNXIcZdmXiJ03g8LECwR170unqa/i3ayl3TxcYa/uqKo4PRWFSl2pPvKMiL78WYo1aKUNrh5Qrc9t1qUk4hEZ7dT8Y0XpqQT3rDwBvVdENLlnKiZCd/WtPE+bys2dsowc2+mlJFByKZOfhlw1d6HZBAoFhiIdag/H88/ZW19djqcz5fYKZ9oz9ypl3BFHafb+eBUnP1rI5lG9cPX1o+k/HqL1I1Nqn5ZGQ3FaMp5RzWuVP0dqs/9siV0wC11iHDErNlcadmov3aLUpBoDVpWYzRRnpuFx+TwDyxxZHmERFKWnWt+zdx7rUhLJP3OCS4cqyqxJr8cjIgqATtPe4MQH89gzeTyGIh3hQ0bR6fm51t5dVdmrRx2dH7byq3Zzo/zyZ8UZaai1npUCaJ6RNffmvdb12WQ2U5SSyJ//fo2TH79lfdtQXETA5SBhbcq0EEIIIWpHAljXaO/z/yR0wBC6v/UpKjd3ck8dY8vo3pjN5hq/o0uKq/baPTgMgOOLX6cg8QIxK7bg6m+5qPqhWyRcTk8b3Jji1KRK3y9KS8a3jhMpO1pfVetO5fLu7xlseaC1NcgxZtU5riwd5aepcVigUlF9zipPV0swobTcZP1/VrHB+vklnYExq87xwz0tGNLCB6UCFv+RyTd/Zju1fXklBkYsP8vEm4N4sEvFPF2O0o3y02A0Q3xuqc1eV1eL8HYlMa9yfuJyyojwcW5y4ya+lh47Ox9qQyNP26fkqDZ+jGrjR5nBxH9jsxi7+hyZL3bBy7VyMCbc2wWd3khhmdH6WYbOYCtJwDLp/dReIUztFUJuiYEXtyTz6Po4fv2XZf6UTF05ujKj9dhcyCklxNMFlVJxzdtdk8Q8Pc0u7/OsIgNFehNhXtXnwGriq6FNoDvvDbM9F1iAVs2/hzbh30BcTinjv43jrd/SeT0m3ObypVkXKwUZdElxuDUKRqFSkbp1A2e+eJ/+X/1oDRbsmTy++nlyVRkvy85iz+Tx9P5oJY37DkahVHLmq49I/uk76oujfClUKlo/MoXWj0xBn5dL7FuzODBjMjGrt9VbHq7QNg7DbDRQnJGKNsRSn+kuB+60ja/a5zbqgdpwtM2e4U1I+H4ZZpPJYRDLo3EYxSmJld7TJSfg0dh2GXHEIywSz7BIhmzcV6fvO2LveCoU1bfV6XJ7mTPtmaKWx89Rmr6t2tFz8VdgNnPp8D52P3oXvq3bE9I7pnZpKRRoQyPQJV6w2ePFVllQe3hgKiur9F5ZbjZqrQdQ+/1X1fmVn5O08TsGfbMdtWfFgx1H6XqERaJLvOB4BQoF2uBQilISrb3izCYTRanJeDQOcyqPHqER+DRtRdc5i2x+7urnT9fZC+k6eyG6pHj2PvMQp//zLh2em2NzeXv1qKPzw9HwZm1IKIZiHQZdoXV/lmRdrHH5a10fAFXLzeVy1mnqqzX+AENtyrQQQgghakeGEF4jfX4ePs1bo3Jzx2wwcPbLDxx+J+f4ERLWrsRsMnHp4F4S160m+s7xlvQK8vAMj7QGky6s/ILygoqLrKhR95CwfjXZsZY5ZpJ/XmOdlLZO+XewvqpyS434ualpHmB5Gn8kvYhtFyqG8z12cyO+PZHD6j+z0RvNFOtN7Lo8vFCrUeLtquLsVQGuYA8Xwr01bDhrWWd2sYEvDl2yfq4rN2Iym+kU4o5SUf1ze8qNZsauvkCXxh68MqDyxbyjdCN9XBnW0odJGxJJztdjNsPZrFLicqoH50a29iW7xMjbv2egN5o5damUt3/P5OEujaota0ukjysjW/sy8cd4kvP1AOSWGPj2RA4Gk5mzWaVsu5BPqcGEq1pJI60LCkBl40aymb8bvSI9WfibZciW0WTmnb3pNa57V0IBRzOKMZrMeLmq8HFVWSfTBzADL25NptRgIjlfz5u7060T9l/rdtfk9V1pXNIZKCk38cKWJLqHe1TrfQXweLcglh7LYu2pXMqNZgwmM8czi9mbbHl6/v2JHJLyLTenAVo17i6KSttWjdlM7FuzMJaWUpyewsmPFlZM0l6Qh8bbF68mlqf9uSePkvHbDrvbUV6sw2wyWYeZlOXmEP/tf+uyS2rkKF8X9/1K7unjmI1GXDy90FweUnc9eEZGE9StF7HzZlBekI8+L4fYt2YS0ndwjT9qUReOtjksZhgmo4FjC1/GoCvEbDCQdXgfxpLiamlFj5lA4obvyNy7E7PRSNqOTaRu30jUmOrzWzkjLGYY5UU6Trw/D4Ou0NJbIy2ZtB2b6raxVdg7nm5BwZTmZKHPy7UuX9tyW5f2zBF7aZr0ehLWrbYEEhQK3AIaoVSrbc5X5kz+mk94lJMfLiD76EEwmynLziLnzyOApaezLinO8guhl/m17Uz+hdPWQGvuyaOk79lesb46nPdXZOzeyrG3X6H3ktWVA7hOpNts/L9I+nkNSRu/w6TXYywp5uK+PTbXEz1mAqc+WYQuMQ5TWRknPpgPZjON+93uVD6b3/sI8etWkrLlR0zl5ZgNBvLOnCDr8rxNyT+vpSgtGbD0DlS5uaFQ2alD7NSj13p+eDZpSmDX7pz67N+WVRmNnPnivRqXr4/z0a1RMIXx5yq91+L+xzn+71fJORELZjPG0hIu7vsVXXKCwzKd/PMaLqz60un1CyGEEKIy6YF1jbq9+m+OzJ/J2aVLULloiBh6FwnrVtn9TsQdY8j47RcOv/4iGi8fOk6dS0ifQQC0e2I6+6c/zpbRfVBrtTTuPwRt44ohOSF9BtHhmVnsffYh9LoCQvvdRsRtoyrNu1MbjtZX1fgO/vwSl0/nj/4kUKumVaA7tzevGMrWLcyTNeNb8MqOVCb9mIirSsGYtv70i7I8LZ03KJxH1sVTXG7m6e5BvNw/jK/ujGbKT0n8e28mgVo1w1r5svlcPgDRfq68OSiCQf89TSOtC77uKka29nVqDqwTl0rYmVBAsIcLTd4+an3/qe7BTO0V4jDdr8c0Zda2VPp+forcUiNRvho+HRlF08ojfAjQqvn5/pa8sDmJN3en4eem5sHOATzb0/mb9q/ubMrru9KI+eo0F4sMBLir6RvlyZg2fpQaTczZkcrprFKUCgVRPhq+HdcCrcZ2/HnF2GY8tj6BWz45ia+birva+vHDyVyby6YVlvPkxkRSCspxVSno0tiDJSMqhqM08XUlyteVFv8+RrnJzD/a+jO7f2i9bbct93YMoO+XJ7lYZKB7uCer7rY9JOjmUA/Wjm/O3B1pTFwfjxkFrQNdmdHHEqw8kFrE1M3J5JUZ8XBRMqSFDy/0qjlvHmGReIQ1YcOgjpgN5UQMGUO7J6Zb9sPwf5C5dyebRnTH1S8Ar6Ytadx3kN3t8IyIotPUuex4cBiufoG4+PgSNmiYwzmwasNRvkoupnNo7nMUZ6Sh0mjwbduZm197v97WX1WPd7/iyJsvsfH2rigUCkJ6D6Tz9Hn1ug5H2+zi5c2A/1p+DW3DoI6YjEb8WrWjz5Lq81AFde9Ht9cWc/i1FynOSMUjLJIeiz4nsHO3OuXNxcubAV9v4Njbr7BxyE0YSorRBocSPWYCoQOG1Hmbr7B3PP3adiJy2F1svL0LZqORXu8vrXW5rUt75ojdNM1mEtevJnbedEwGAxofP1o/8gxB3fvVKX+tHnoChVLF/umPU5SeiquvP+0mv4h/+y5EjRhH2rYNrO3RFLPJxOjfzuMV3ZwOz85h179G4x4YjDYsstJxqst5f8X5VV9gKtez5/KvdV4xYscJh+kGdLyJPh+t5M/33uDAy8+gctEQPmSU9VfurtZ20guYTUZ2PjQSva4AvzYd6ffF2hqH+FXl36ErfT5exYn33+TA7CfBDN7RLWg76UUAco4fInb+DPSF+ajdtTTuO5jWjz5TY3r26tH6OD96vvsV+2c/xZY7++Li7UvEkFGkbF5nc9n6WF/rR57h4KwnOb/qC/zbdaH/V+to9eAk1K5u7J8+iaK0ZNSubvh16EKXl+Y7LNMZe7ajS0mi2T01//COEEIIIWqmMNsb6/YXSW9lf0hC0OHaTdjdkB15YxqG4iK6vXHtT7av+GXCEMJvH03LBx6vtzSFWHcqlxe3pnDm6Q43OivXXerWDcS+NavaL7gJIYRwjtSjQgghxN+X8cQhNLf0d7zgdSZDCP8HpWxej6msDLPRSPyaFWQfP0z44OE3OltCCCGEEEIIIYQQ14UMIfwfFPfDUg7Mfgqw/MpX349XVZtjQwghhBBCCCGEEOLvQoYQCiGEEEIIIYQQQgibZAihEEIIIYQQQgghhBBOkACWEEIIIYQQQgghhGjQJIAlhBBCCCGEEEIIIRo0CWAJIYQQQgghhBBCiAZNAlhCCCGEEEIIIYQQokGTAJYQQgghhBBCCCGEaNAkgCWEEEIIIYQQQgghGjQJYAkhhBBCCCGEEEKIBk0CWEIIIYQQQgghhBCiQZMAlhBCCCGEEEIIIYRo0CSAJYQQQgghhBBCCCEaNAlgCSGEEEIIIYQQQogGTQJYQgghhBBCCCGEEKJBt7kbjgAAIABJREFUkwCWEEIIIYQQQgghhGjQJIAlhBBCCCGEEEIIIRo0CWAJIYQQQgghhBBCiAatQQSwVNGt7H5uOLoPjIa/KDdCCCGEEEIIIYQQgmIduLnf6FwAoDCbzeYbnYnSn76h4L2XMcafsfm55tb+aO96GFXjyL84Z0IIIYQQQgghhBD/T7m5owqLRhUQdKNz0jACWEIIIYQQQgghhBBC1KRBDCEUQgghhBBCCCGEEKImEsASQgghhBBCCCGEEA2aBLCEEEIIIYQQQgghRIMmASwhhBBCCCGEEEII0aBJAEsIIYQQQgghhBBCNGgSwBJCCCGEEEIIIYQQDZoEsIQQQgghhBBCCCFEgyYBLCGEEEIIIYQQQgjRoEkASwghhBBCCCGEEEI0aBLAEkIIIYQQQgghhBANmgSwhBBCCCGEEEIIIUSDJgEsIYQQQgghhBBCCNGgqW90Buwxm838tP88sXGZ7DubzvnUbIpKym50tsT/KA93V5qHB3JryxA6Rwcz7NYWNzpLQgghhBBCCCGEcILCbDabb3QmbNl3OpXxC9dTpPagVOOB3kWL3lWLSekCCgWYzfJX/tbqr9JUjqasCE15CW76IryMxax6cSQ3twy90cVdCCGEEEIIIYQQdjTIANZD721iy/FUMgNaYFI16E5i4n+Y0lhOcPZ5bu8YzpdP3X6jsyOEEEIIIYQQQogaNKgAlsEEXaetJqFETaF3yA3vsSN//3/89SpIp6nWxMH5d6OWWeGEEEIIIYQQQogGp0Hdrj/24WbiS1QUegdb3jCb5K/8ve5/C71DiCtSMvnjLQghhBBCCCGEEKLhaTABrN9PpfLzsRR0XiGWN6xBBrO8ltfX/XWhdzAbjySx70waQgghhBBCCCGEaFgaRADLbDZz/6L1ZPo1BcxXBRnMN/T1tn+259RzN3FLmCc7J3akc4j2mtP/85mumN/szfR+EWA207qRG+Y3e2Oe14dwL5cGtf1/5etV41tjfrM3n41pXuPyY9sFYJ7Xm9JXe12X/GT4N+XehetpQKNqhRBCCCGEEEIIQQMJYP20/zwFKq1lwvZKwQXHf7s09kA3txcTu4U4/b0HuwZjntcH87w+ZMzsbpn3qMpy4V4umAqzGP78It4cFIruUjrHzifVOn/V/pYUWP7mp1te5uey72Qc+07EUVasu/b0r9PfDQ+2wzyvDx+MbHZd0j93+hT7TsZx4ezpmpcrvGj5v8l4XbbTpHKhUOHGpoMXEEIIIYQQQgghRMPRIH7ib9/ZdPQu7nUKOqhK8/HQKNEUXXL6e4908rGuO9jThRGt/FhzMqfScimXcrlt9o/QrAeDnl8MShW0ial1/mz+vcJsJjFfT/fnl1het4kBjYvN72lUCvTGGxjEKswC/CE/47qk/3/s3Xl8TNf/x/HXTPbIvhCSWBP7Uhpqba3ppopvv5ZfW93Q0lK1lX5LN7ooqq0qWkU3tNTWTSktai1F7QmCSG2RRPZkMvP7Y8zIREJoKqHv5+NxjZl77jnnnvuZZPKZc+8ds3g7Y2Z/CwGVIbxhEeVw9A/0I9vFk22xJ7m7aQQiIiIiIiIiUjaUiQTW9kOnyHH2ACzWJIWBAo+2u8YVfJ18yQdzsbavFeRB65rWi8Rv3XeEpnWq0bexP4v3JNrLz/+/uvRsFMw3u5uSnpNHdM07MQAfbDzBq6uOggGahXnzQddIqgd44OPuRFp2HlviUxn+7SH+PJUOFijnauTdLpF0rRdEbp6ZiWuPX9xpi/Wf2mHl2TdlAgDhr28iPiWbk2NaUsHLhVd/Pkrb6n40r+xD36/28dnOM5fsn5+bM6PaVaZrvSCq+LuRlp3H8n2JPP71ATBA3WBPxt1VjdvCffBxdyL2bCYfbkrg4y1/YQZqB3myb3hTAIYsj+XRW0OIDPJk119pPPr1fg6eyWT30KbUq+AJwNN3NeHpuyAxw0TQq7/hbDDwVPNK9GtWkRqBHpxNz+W7/Yn878cjJGebwIJ9f97+9ThNQr1pGubNmfRchiyP5dt9iWAwMH/Ug/RsFMysrSfpu+gAWCC6pj8T761BZJAHG4+e54ftsfnGz3o8A9ydealTVe6tHUglH1eOJ2ezdO9Zxv18lPM5ecWIH8f1OS4ebI09+feDWkRERERERERKTJk4hfBwQiI5Lu4FZsRYCklOFbHe+mKxtu/bOACA/Uf/YuwXqwC4s15FwnxdL5a/cKpa9/pBeOcm8+3aLZT3cuGVTlVpWcUHLBYquWRizExhzrdreGXWYmKPxhMd6c+Sh+vgbLD2Z2qXGjzRNARPJzNrtuzkqaggalcu79jfrNSLu5Cdbn3MzQRgTPsqGDOS+GrVJs6dPH7J/rkY4NcnG/F823AqlTPy1apNrNq0gzo+eYCFmoHubBnUhG71gjgWf4JvVm+mTrA7M7rX5I27ql3S/ujbK/Hjus0knD5Diyo+TO1cDYDPlv/MkYQzAOyMPc67X/3E9EU/gcXC1PsjeP/+CILd8pg87ztiDscxsEUlVvVrgJNtytSF/RnSOpR9+/axdc9BagS681mPmni6GK3Hx3Z64HnrDK+IQHe+fbQ+DULKsffQcc6djGd89yYOx9vVCGufasTgVqEYc9L5csVveBlzGHFHOCueaICRYsZPvvU5Lh7EHD+LiIiIiIiIiJQdZWIGFuCYTLDPiDEU+nz9wCa0qurrsPn7fdrwfr7nhpFrLtnexclIn6hKAMz/5Q9WnS3H2eRUgvy8eeyWAF779S/sd6cD/jh4lG7jPgdXd9o2iqRGaHmaBsGGo/Dj9iMs+eYb8KmAu6cnX208yIFPRlE9qBwRAW4cOZfFw7dWBOC59xcwY/1hgp2+4fi813ByzZc3zNdewedfr9lCz7cXgrsXBFaFwMoO+3NnpD8NK3kB0G7w22xLtIA5DxdTJtS7iydvDaKcqxOHTpym1bBpmN192HXoOBOf7smglpUY89MRh/b6T5jLsph09hw+wWej+9A0zBssZt5aE0eb+tWoVimY9XuPMuTrHWB0xq92M/o2s+7jyOmL+DEuixk/7ybmo2HcGuZDhwg/fjqYZK9/6sJVDP16O2GeFo5/Wgc/T1ci/Z3ZeTr/Na2sD4828sfFycjxU+e4bchUTC6eTPq/lgztdac9Xu6M9KdeyIX9H/YuR7PduHX5en6fMZrmVXxpWdmH9XEpV4ynS56LiIiIiIiISJlSJhJYkWFBHDmbSZaTi/WFK1yraMXaTcQd8AEgwKccd7doyNZ9Rzh4rMCpXwW261Lbn/K+1lPh5u84jck7nEVr/+DJLrfzeNOKjPsl4cKZfdbyO+NOQZ32AKRkZAPgbcgBi4U6tSKZOOJemlfxtc4iyqeCSy453i44GQ0A/JFWDmrezpmcTI6fPkdEWHnH/l3SX+vDyr1/QYO7i9yfKm5ZAGRm57DNtRZEBgGQa84DoLKHCYB9x05jrn83GAzsTrNeRN7D1Zkgd8d+7zSVh6oBpHjkWvfVw9W6IrQ+2I6NqwdUs55yGFrOYN/Hz154jIIiPXP5Kd/+7Dxjguq3kUKWvYy3IbvQcbD1fXfcX5jq3wUGI9tPpzsUq+xqrSctI4ujQU3B3YvdWecurnfLLnTcLvfomptJZHjQJfsiIiIiIiIiIqWnTCSwmkWG8Mtf8WS5++SbCVP042s/7IMM68yaqCqB3N2iIZ+u/oOpK3dfLBfZ+pLt+jYJtLe5/51HHfpQNdiHjhH+rIy5mADJM7rYt7enWC4kh2b3qEWjMD+WrP2DqQtXUs7DlaVvDQHAkJdDwpkMzGYLRqOBqmEV2XIgEw/PcoQEXpg5dpkLu9tkuXhfdhyOnrSe6ubh5kqTmlXZnmC9i6GLszO5eWaOnUoEoHaVihgNpzED9aqGAtak19mUVHx8XS7ur5sPZFqwGJ0d+2MwYMqzzkwyYrC/fuL0OfLyzDg5GRkxdT47Yo7ZN3N2MnKACuAUerH+CxfqtzhdbJM8E+BEQccv9L1qpWAwnAaLhWqhIQ79su2fl6c7lSsEcCwlx75/AMdPJ4LF84rxlP/RNTeT5jXDL+mPiIiIiIiIiJSeMpHAuqV6BdxXx3LeYgYMBa5NVMjzsAt3qcMCARdO+fIKhshW1vU2+bYP93Ujup719MHNew5x8lyKvVirBpEE+XnTt7FjAutiPZcmmZxyMwE/cHXHr05zHm5ezWF9ltGdz1f8Rp+7WzOxe0OqbvyLttX98PJwK9C//Mw4XpbswlXGixiPFQcS2RV7nIYR4ax56haW7DmL0WCgmr87radtZ+bq3Tx1VxQRlQJZN/BWYs5m0LORdfbXB9+sJueSw190Uu3o6WQAujWvSZ53MrtPpjFj/RFmf7eOvl3uYHDvzny+OY6cPDM1gr25u34lbnlrDfkmWxWtkPbmrj/IiG4tqRNenk97mjl4JoMRd4Q5FFux/yz74hKoU7USa55szOpDydxdyx+ALXsP81vcefDxvHI85XvubsqkcY0Kxei0iIiIiIiIiFwvZeIi7vfeFom3ORNjninfBbUvJHcuuQB3gfX2uVFFrL/w/LHGgRiNBlLSMoh+cRZd31pE1wnf0PWtRYz77HsAujYOI8izwGwgW30XXwAs9J30JdsPxHFn4wheu78hqzbvdNzOYOCZueuY/e1ayjnDM80rsOWPnew/mlB4vx3aK6T9QvY/1zuEO4Z9wFuff8fJM+fo0SCYuyN9OBgTAxYzB/KCuK3fayxZu41qPgYeqB/EgaMJDJw4l1GLd4LRqdjtv/P9H2z4MwY/TzeeaRVGt0hPcHZl4Nz1DJr8GeeSkxnUvhZDO9amSagX83/aQFJmXtH7Y39uKfT5QZM/XZ5/l92H4+lWL4BOVVyZsmCFQz053iHc/tx7TF24CnIyeKhxeTLTU5k07wfu/N/HmL3LXzl+8q13ysvFl2zuiopARERERERERMoOg8VScPpL6fj9YAL3v/UdCf7Vrlw4v7RE2PUdVGsGFWsXXe74Tuvi7ApNulsfbRL2QdxWMBgh6gE4sgXOxkH5SIhoYS2z6ztrW5Vvsc4ASz0DhzdD5nlwKwchtazbAdSLBt8QMOVA3O9w7jg4OUP5CGu9mSlQpYn12lKZKfDHUut2t/7HWtfWr6137otsDcHVL7//phw4sRvOHbPexdDoDAHhENHSuj4jCY7tgLSzkJcL7j5QIdK6GIyFt38uHvavtp5a1+Jh67qsNIhZB+nnrKdR+lWCuh2t/z8VA6djIes8YABXT+v+V2livXZWwf3Jy4XN86z11r8LfMrDwbWXjnnSCTi6DbLToFwg+FSA+F3WxFvzB61lcrOsxzX5BORkWtsOCLceo/zHuBgqJR3m29FdaBwRcuXCIiIiIiIiInLdlJkEFkDfqSv4enci573KF/uaRXrUY0k8eqedonfD8swY2Km03wYiIiIiIiIiUkCZSmABNB45n0PnzaSWCy7trsi/hE/aGWoFuLDljf+WdldEREREREREpBBlLoEF8MT7K/hhx1FO+YRhNjjbr2WuRz2W5KOTOZcK509wd5OqfPxMNCIiIiIiIiJSNpXJBBbA5gMJ/N/byzhvcSHH2d26uLhjNtrunGfLRhRF67Xecb3RbMI1NwtXk3XxIYcFo7oSFVnxMvWIiIiIiIiISGkrswksAIvFwrLNsWzYf4JdR84Q91ciGZnZpd0tuUF5erhRtWIgDasF06pOKF1uiyztLomIiIiIiIhIMZTpBJaIiIiIiIiIiIixtDsgIiIiIiIiIiJyOUpgiYiIiIiIiIhImaYEloiIiIiIiIiIlGlKYImIiIiIiIiISJmmBJaIiIiIiIiIiJRpSmCJiIiIiIiIiEiZpgSWiIiIiIiIiIiUaUpgiYiIiIiIiIhImaYEloiIiIiIiIiIlGlKYImIiIiIiIiISJmmBJaIiIiIiIiIiJRpSmCJiIiIiIiIiEiZpgSWiIiIiIiIiIiUaUpgiYiIiIiIiIhImaYEloiIiIiIiIiIlGlKYImIiIiIiIiISJmmBJaIiIiIiIiIiJRpSmCJiIiIiIiIiEiZpgSWiIiIiIiIiIiUaUpgiYiIiIiIiIhImaYEloiIiIiIiIiIlGlKYImIiIiIiIiISJmmBJaIiIiIiIiIiJRpSmCJiIiIiIiIiEiZpgSWiIiIiIiIiIiUaTdcAuvll1+mU6dOHD169G/VM3r0aKKionjttddKqGciUpYsXLiQqKgounbtWirtr1q1iqioKFq0aFEq7Zc1cXFxREVFERUVxalTpwotk5ycbC/z559/XuceXl5x4yk6OpqoqCi+//574Op/1/yTcauYFBEREZEbmXNpd+DLL79k8uTJly3zzjvv0KZNG1atWsUvv/zCjBkzqFKlCq1btyYrK4s333yTjh07Xqcei0hpOnDgAA8++OBlyzz00EM0atSI+vXrU6FChevUsxvbZ599xrvvvkv16tX56quvSrx+Nzc36tevD4Crq2uJ11+Y1NRU2rVr5/BauXLlqFy5Mr169eLee+/9x/tQuXJl6tevT1hY2D/e1vXwd+Lkn46x4pg4cSLz588nODiYH374oVT6ICIiIiLXptQTWEFBQfY/atLS0oiLiwMgMjISNzc3ALy9vQE4e/YsH3zwAbVq1SqdzopIqfPw8LD/zLBYLOzZsweASpUqERAQAEBISAjt2rW7JHkhpadixYrMmTOn1NqPiIigQoUKHD16lH379vHSSy/h5OTEXXfd9Y+2O2DAAAYMGPCPtiEiIiIi8m9Q6gms6OhooqOjAdiwYQODBw8G4I033qBq1ar2cgsXLmTixImEhYUxZ84chxlXo0aNAqB9+/ZMmDCBZs2aYTabmTJlCq1bt+bUqVP2b9oXLlzoUG9+hw8fZtq0aezevZv09HTCw8N54IEH6Nq1K0bjDXe2pchNqXLlyvZESHZ2Nq1atQKgT58+PPDAA/ZyCxcu5M033yQsLIwlS5YA1p83586d4+GHH2b//v3s27ePoKAgBg0axB133AGAyWRi4cKFLFmyhPj4eHx8fGjUqBFPP/30ZWfRbNq0iSlTpnDs2DEaNmxIy5YtLylz/vx5PvroI9atW8fZs2cJCQmhe/fu9OzZEycnpyLr3rJlC7NnzyY2Npb09HRCQ0N58cUXadSoUbH6W3C/9+7di7+/P8OGDaNNmza89dZbfP3114D152BUVBQA8+fPJyIigo0bNzJr1iwOHz6M0WikQYMGDBkyhCpVqjiMdaVKlejcuTPfffcdycnJtGzZkrFjx+Lh4UFcXJz9+Hz33XdUqFCB+Ph4xo8fz59//klISAh9+/YtdP/Xr1/PnDlzOHToEEajkYiICPr162fvZ3H06tWLrl27YjKZ6Nq1KydPnmT16tXcddddDBgwgK1bt/LQQw8xZMgQALp27Up8fDyjRo1yiCuABQsWMGfOHLKysmjdujXPP/88Xl5ehbY7evRoVq5cyf3338+YMWPIzs5m8uTJ/PrrryQnJ+Ph4UF4eDiDBg2iadOmDtsuWrSITz75hNTUVFq1amUfS7Cekjlt2jT+/PNP0tPTqV69Ov3793eIu+LEZEHx8fFMnDjRXq+Pjw/Vq1fn9ddf56OPPioyTrKysnjrrbc4ceIE6enp9kTzkCFDiIiIuGyM/fLLL0yfPp06derw2WefAfDaa6+xdOlSOnXqxBtvvHFV4/Z37N69+7L7ARePabt27fDw8GDTpk1YLBZ69OhBv3797HV9/vnnzJ8/n5SUFDp27IjBYGDZsmU0b96cqVOnAhTr88rixYv54osvOHPmDFlZWfj5+dGiRQuGDh2Kj4+P/bi9/vrr7Nq1y/5eevHFFwGYPXs2DRo0wGQysWjRIhYvXkx8fDx+fn60bt2ap59+2v5FoYiIiEhZdkNmZdzc3OjVqxfOztb8W+vWrenVqxdt2rS55jqPHj1Knz59+OWXXwgJCaF9+/YcOXKE119/3f5BU0RuDl9//TUNGjSgXbt2xMXFMWLECGJjYwF48803mThxIidOnKBTp074+/uzcuVKHn74YU6fPl1ofcePH2fIkCHExsZSvXp1fHx8mDZtmkMZk8lE//79mTdvHt7e3vTp0wez2czkyZOZMmVKkX396aefGDhwIFu3biU0NJR77rkHT09P+3Wkrqa/8+bNo1q1atStW5f4+HjGjBlDVlYWUVFR3HLLLQD4+vrSq1cvevXqhZ+fHytWrGDQoEHs3r2be+65h7Zt27Ju3ToeeeQR/vrrL4f6ExISWLt2LR06dMBsNrNy5UrmzZtX6H6ZTCYGDx7M1q1b8fHxoXbt2kycOPGScj/++CNDhgxhx44dREVF0aBBA7Zt28ZTTz3F+vXrixy3osTFxZGWlgZYTyfMz2AwXHH7hIQEvvzyS2699VbMZjM//PAD48aNK3b7X3/9NYsWLSIgIID+/fvTtWtX3N3dL7kuWEJCAjNnziQyMpKsrCyHsTx+/Dh9+vRh9erVNGzYkB49enD48GEGDx7ML7/8Yi9zpZgszMSJE1m/fj2NGzemf//+dOzYkaSkJDIyMi4bJ2fPnsVisXDffffRr18/wsPD2bRpE8OGDcNkMl12W5vLjX9xx+3vutJ+5LdmzRoyMjJo06YNSUlJzJgxg507dwKwfPlypkyZwsmTJ2natCkJCQl8++2319SnuLg4QkND6dmzJ3369MFgMPDtt9/a3y+299KWLVvw8/Ojfv36TJo06ZJ6JkyYwNtvv01ycjIPPfQQlStXZuHChQwYMIC8vLxr6puIiIjI9VTqM7CuhYeHB8OHD2fJkiWYTCY6d+5c6DWwrmbW1DfffENWVhZhYWF88sknGI1GIiMjmTJlCgsWLGDAgAG4uLiU5G6ISCnp3bs3AwcOBKyzQfbs2cOSJUt48sknWbZsGQDPP/88nTt3Jjs7m3vvvZfk5GSWLVtW6Cyh5cuXYzKZqFChAnPmzMHZ2Zl33nmHL774wl5m48aNxMbG4uTkxPjx4+1Jm6FDh/L1118zYMAAPD09L6n7008/BayJ+vyJLpPJRGpq6lX1t0ePHgwdOtQ+yyMtLY1jx47RoUMHEhIS2LFjB4GBgQwfPty+jW1GzP3332+vKy4ujh07drBo0SKeeeYZe1lnZ2emTp2Kn58fKSkpLF26lL179xZ6DLZt28axY8cAmDZtGlWrVmXt2rUMHTrUodznn38OQOfOnXn55ZcBGDJkCOvXr+eLL76gdevWhdZf0Lhx4xwSTW5ubvTs2dOhTHF+ZxiNRj755BMCAwNZtWoVo0aNYtWqVZw/f94+G+ZyMjIyAPD09CQ8PJzKlSvz9NNP27+QyW/WrFmEhYXx4osv8uOPP9rHctGiRWRkZBAREcHo0aMB6+m0c+fOZe7cubRt27ZYMVmYzMxMwJpkioiIoGPHjowcORKAsLCwIuOkRYsWtG3bFrDOjOzUqRP/+c9/OHHiBPHx8ZeNsfxjWxLj9ndcaT/yz+CuVauWPYm0bds24uPj2bt3L40aNWLx4sUA3HXXXfa4e/TRR9m9e3eh7V5u3wcOHGi/pEJWVhahoaGMGzeOTZs2AfD777/b30sffvgh4eHhDjPawXo9ONtM1MGDB9OyZUu6d+9Ot27d2L9/P1u3bqV58+ZXP2AiIiIi19ENmcC6WsX5ZvHkyZMAVK1a1f5BskaNGoD1Q2xycjLBwcH/XCdF5LoJDQ11+P+ePXs4efIkp0+fxmw2Axff/25uboSFhZGcnGz/OVGQ7fUaNWrY/6CuXbu2QxnbbKW8vDy6d+/usM5kMvHXX3/Z2yys7saNGzu87uzsfNX9rVmzJoDD6W62xEBRbHUsWrSIRYsWOaw7fvy4w/Pg4GD7jBpbG+np6Zet19XV1Z4UKDhm+cvZTt+y/X/9+vVFHo/CREREEBISgpeXF2FhYXTt2pWQkJAiyxecbWMTEBBAYGDgJX06depUsRJY//nPf/j999/Zvn07O3bsAKxjNXbsWNq3b28vFxwcbD8F1NaebSxtsRQbG3vJlze2Y1KcmCzMgAEDeOWVV1i6dClLly4FrImrd999137KaGGOHDnClClT2L17N1lZWQ7rEhMTizx1vygFf28Xd9z+rqvZj8jISPv/C8a7bWZY/hipUaNGkQksm8I+r6xZs4Y5c+YQFxfnEJfnzp1zaMvV1ZXw8HB7W/nl/1kxduzYS9o4duyYElgiIiJS5t3QCSzbh3KLxeLwuqenJ2lpaZw/fx6AmJiYK9Zl+0MmLi4Os9mM0Wjk0KFDgPUPwvynOYjIje3gwYOA9WeH7edDSEgI5cuXx2AwYLFYOHToEHXq1CEnJ4f4+Hh7mcLY7nSYkJBgf+3EiRMOZWzbOjs7M3HiRIcZnbm5uVSsWLHQukNCQkhOTmbHjh088sgj9tdNJtNV99eWnC/sVC3bNbhsf+QWbP/uu++mc+fODusKnoKX/zpeVzodzzZmOTk5nDt3joCAAIfxK9i+7ecxYP//1dxh0nYNrMLYZr6lpKQAkJyczNmzZwste+7cOZKSkvD393foU3H7EhAQwMyZM0lNTeXw4cMsXbqUZcuWMWvWLIdETP74KDiWtuMaERHBc88957DOdvyKE5OFsc0eOn36NEeOHOHDDz9k9+7dLFq0iKFDhxYZJ6+88goxMTG0bduWHj16kJmZybBhw4CLv6OL2rbg+MOlv7eLO25/V3H2w+Zy160LCQnh1KlTHD58uMh9git/XklJSWHMmDFYLBb69u1Ls2bN+P3335k5c6ZDW4D9vR8WFnZJPeXLl8doNGI2m3n22WftyWywJs0ul5wUERERKStu6ARWSEgIsbGxzJkzh507d3L77bfTrFkz6taty5YtW5g5cyYHDx5k+fLlV6yrW7duLFq0iPj4ePr27UvlypX56aefAPjvf/+r0wdFbiKLFi0iMTGRs2fPcuTIEQwGA126dMHb25suXbrueY9uAAAgAElEQVSwdOlSJkyYwLZt24iJiSE5ORkvLy/uu+++Quvr3Lkzn332GXFxcYwdO5bKlSvbT72zadGiBdWqVePIkSN89NFHtGnThqysLGJjY0lISOCrr74qtO4+ffrwwgsvsG7dOh577DEiIyM5fPgwPXr0IDo6+pr6WxhbAu348eOMGzcOLy8vhgwZwoMPPsiYMWNYvXo1Xl5eBAUFcfr0aTZv3kz//v3td4S8WlFRUYSFhREfH8+IESNo27atfcZPfv/3f//H2LFjWb58Oenp6eTm5rJu3Tr7upJQt25dfv31V3766Se8vb3ZsmVLkTOw8vLyeOKJJ2jYsKH9elPt27cv1uwrsJ4S+dtvv1G7dm18fX3tM6Zsd9Asju7du7No0SJiY2NZvHgxNWvWJCkpid27d1OjRg1atGhRrJgszPPPP4/FYqFatWq4urqSmJjo0L+i4iR/Uio1NZXvv//+krqL2rZu3boOryclJXHgwIESH7f8kpKSePTRRx1eGzduXLH2ozi6devGzp07+f777zl//jxpaWns37//knJX+rySf0aWyWTizJkzrFy50qHMrbfeSuXKlTl27BhPPfUUt9xyi/30Qhvbz7YlS5Ywf/587r77blxcXIiPj2fDhg18+eWX17SfIiIiItfTDXkRd5shQ4YQHh5OTEwM8+fPt18fZOTIkdSvX5/Tp0+zcePGIu9slV/VqlWZM2cObdu2JSEhgVWrVlGlShVGjRrFoEGD/uldEZHrqH///qSnp7Nv3z6qVq3KhAkT7DMSRo8ezZAhQwgJCWHlypUkJibSsWNH5s6dW+QsmypVqjB58mRq1KjBmjVr2Lx5M71793Yo4+LiwkcffcSDDz7I+fPn+eSTT/jmm29ITk6+bKIpOjqaDz74gKioKI4fP87y5ctJTk629+Va+luYNm3aEB0djbu7O0uWLGHBggUA3H333UyZMoV69eqxcuVKZs2axYYNG6hXr16xTkkrirOzM++99x5RUVEcPHiQZcuWFZqQuueee5g8eTINGzZky5Yt7Ny5kyZNmvDBBx9w++23X3P7+fXq1ct+Kt7PP/9Mu3btqFSpUqFlQ0ND6dGjhz1BcNdddzFmzJhit1WtWjUyMzNZsmQJ06dPJy4ujnbt2vG///2v2HVUqVKFTz/9lI4dO7Jr1y5mzpzJTz/9hJeXl/1umsWJycLUrVuXI0eOMG/ePD7++GMsFgu9e/e2H5ui4mTMmDHUrl2bjRs38uGHH9KsWbNL6i5q21tuuYV+/frh5+fHL7/8gpeX1yWzqkpi3PIzmUzs3r3bYcnKyirWfhRH586d7e/Lbdu2ER4ebr/jcv7rdl3p80pAQABjx44lJCSEBQsWMH/+/EvGxvZeatasGcnJyezfv9/h+le2mWKjRo1ixIgR+Pj4sGDBAr744gv2799PdHR0sROwIiIiIqXJYCk4J15E5CYVHR3NuXPnePXVV7nnnntKuzsicpPKy8sjKyvLfpqtLREYGxtLr169Cr2I/d9R8CYCP//8M88//zwGg4GVK1fqMggiIiJyU7ihTyEUERERKWuys7O5//776dixI4GBgWzdupXY2Fg8PDx44IEHSry9Tz75hP3793PLLbeQlpZmPxXx/vvvV/JKREREbhpKYImIiIiUIGdnZyIjI1m5ciXp6ekEBwdz55130q9fv6u+I2Nx1KxZk7Vr1/Lpp5/a70bYtWvXIm9cICIiInIj0imEIiIiIiIiIiJSpt3QF3EXEREREREREZGbnxJYIiIiIiIiIiJSpimBJSIiIiIiIiIiZZoSWCIiIiIiIiIiUqaVibsQxsfH89tvv5GSklLaXRGRUubr60vLli0JDw8vskx6ejpr1qwhNTX1OvZMSpOPjw/t2rXD09Oz2NsoTv5drhQjigcRESkN1/IZRkQKVybuQrhu3ToqVQrB3d0dg8FQ2t0RkVJisVgwmUwcOxZPmzZtiiz37bffUrduLUJCQq5j76Q0JST8xYEDMdx7773F3kZx8u9ypRhRPIiISGm4ls8wIlK4MjEDKyMjAz8/P1xdXTEadVajyL+V2WwmJyeHjIyMy5ZLTU2lQoUKlIH8u1wnFSuGsHXrtqvaRnHy73KlGFE8iIhIabiWzzAiUrgykcACcHV1xc3NTQkskX8xs9l8FaX1R6gUh+JE8lM8iIiIiNyoykwCy2g0YjQadQqhyL+Y7edAcWgWhRSH4kTyUzyIiIiI3LjKTAJLRORq6A9RKQ7FieSneBARERG5cel8PRGR62DXrj/x8QkgMTGxROvt3fshhg8fWaJ1Sun5p+Jk2rQPue22liVap1wf/9R7PDy8KkuWLC3xekVERET+KZqBJSI3pJKaSWEymZgx4yMWLPiKmJhY3NzciIioQffu3ejb93FcXV1LpB2wnh5tsVhKdBZIu3bt8Pf308ySIihOrOrUqcv999//r4+Tktz/PXv2MmnSO6xf/xvJycmEhoZy661NePbZQTRoUL/E2rFeXsFY4seuV69eVKlS9V8fEyIiInLjuCETWMnJyXz99UL27t1HSkoKgYGBtGvXlnvuudtexmw2s2DBV6xbt57s7GwaNGjAY489gq+vLwDr1//GmjVrOH48HicnJyIjI+nVqweVKlUCICYmluXLv+XQoUNkZ2cTFhZKt25dadSokb2NlJQUZs+ey59//ombmxutW7eiV6+e9mv4/PbbBn7++WeOHTtOTk4On346x2E/rtSH/Pbu3csbb7xFkyZNeO65Z0t8TEVuNCXxR5fJZKJnz/9j48ZNDB8+jFatWuHr68uOHTv44INp1KlTm7Zt7yiB3l7sb0knJp56qj8Wi4W8PNM19ysvLw9n5xvy18EVKU6s2rVrS4cOHTCZcq65jtzcXFxcXEqsT6WhpMZ0zZpf6N37IW69tQmTJ08iIqIG586dY+nSZbz44liWLFlUIu0A2Lpc0ommyZMnYTLlYrFczc0zLroZ4kFERERuLDfkKYTnz6fi4+PDoEHP8M47k+jZ878sWvQNa9eus5dZtmw5mzZtZvToUUyePBGTycTUqdPs60+fPk10dDSvvz6Ol18ei9Fo5O23J9k/IJ45c4b69evxwgujmDhxAo0aNeKdd94lISHBXse0adPJyclh8uSJvPDCaLZu/d1hOr63txfR0dH07Nmj0P24Uh9ssrKymDPnU2rVqlki4ydyc7D87eXjjz9h9eo1fP/9d4wcOZwWLZpRp05NHnywFxs2rKdx48aAhTZt2vL++1Mdtn388b4MGvSs/fmECRO57baWVKwYTv36jRg5chTp6WkF2nTs94cfTqd27XpUqlSZRx55nPfee5/GjZva148e/QI9e/Z22OaTT2Y7lOnZsxdDhw6zP7dYzLz//lQaN25KSEgYzZu34vPPv7Cv37hxI35+QSxbtozmzVtRsWI4mzZtYu/evfTo0YuIiNqEhVWhQ4do1q5dWyLjXHA5efIkXbp0p0OHOwtdunTpzsmTJwvZ9saPk+XLl9Op011UrlyN6tVr0rv3gxw9GnfZOPn1119p3rwVFSqE0qFDNMuXL8fPL4gTJ04UO04++OADmjZtVuw4AQuBgRWYPn0m993XlbCwKkyaNJn09DSeemogDRrcQkhIGE2bNmfmzI9uoBj5+33Lzs5iwIBnuOOO21m5cgVdutxL7do1adWqBZMmvX3hyyoL3333HaGhVRy2PXjwoMOxK/54Xux7VlYmgwcPITy8KjVq1OK118bRr9+T9jhLSUnGzy+IP/74w6GOmjXrsmDBV/bnlSqFsmTJYoe+9er1f4SFVaFGjVo88sjj9n6ChbffnkTHjncyefI71KvXkIoVw68iprVo0aLlxl2u/XdS/kVESsINmcCqXDmcnj17UL16NXx9fYmKiqJBgwYcOHDAXmb16jXce+89hIeH4evrS+/ePdm/f789AdW9ezduu60ZQUFBVKhQgW7dunL27FnOnTsHQMuWLYiO7kRoaCh+fn5069YVNzc3Dh8+AsDJkyfZu3cvvXr1xNfXl7CwUO699x5Wr15j70PDhg1p3vw2goICC92PK/XBZt68+bRo0ZzQ0NASHUeRG5lthsrfWRYuXET79u1o3LghubnZ5OWZMJvzMJlyMZmy8fHxwmKxYDAY7Kfw2Baj0Qmj0cn+3N3dnffff48dO7bzySez2LBhEy+//Fq+mTSWC/229v27777npZdeZezYMWzbtpUWLVowadIUDAaDfRuDwbENa7vGAmWMDn17440JzJ49l0mTJrJjx3bGjh1zYUbIMnt5gA8/nMnSpYtJTDxDVFQUaWnpdO3ajRUrfmDz5k3cd9999Or1EMePx5fIWOdfKlQoz8CBTxZ5bAcOfJIKFcpfst3NECdZWTmMGDGcjRs38OOP3+Ph4clDDz1KXl5eoXHy118n6d37YTp0aM/27b8zevQoxox52WH/ih8nF59fKU5s4/3uu+/z0ktjOXPmNEOGPEtubi41a9Zk/vz57Nz5By+9NJbx499g6dLlN0SMlETffv11HSdPnmTkyOFkZ2diMuViNueRl2ciJycLb29bPBgvadN2iqjt9eKMZ8E6XnllHD//vIb58+exZs3PnDx5mh9//MkhBgCH423tj/V0xPx9scXrqVOnuOeeLkRG1mTdurWsWvUTrq6u9Or1ILm5ufaY2rlzF8eOxfPHH9v4668TxYppLVq0aLnRl2v9nZR/EZGScVOcM5Kbm8vhw4fp3PleAFJTU0lKSqJatWr2MqGhobi6unL8eHyhp+gdOHAAHx8fAgICCm3j+PF4MjIyqFy58oXnx3F2dqZy5XB7mWrVqpGSkkJKSor9VMWrUVgf9u7dS2xsLK+++gqffvrZVdcpcrMqiQ8Dhw4dpnfvXsU+/a6wNm2vDRnyLGZzHhaLmQoVghk/fhyPP/44b731uq2kvbzFYmHatBk89NBDPPTQ/5GXZ2LgwKfYtGkTu3b96dBOwQ8+tv8W7IvFYiEzM5OpU6exYME8br+9NWZzHvfeezfPPPMMn376OV26dLZv99prr1K+fBDZ2Rm4urrQrFlTmje/jby8PMDCsGFD+OGHH/jhhx/p2/fxYo3P1YiO7siOHTtZufJnh9c7depAdHTHEvuwV9bipEePBwAwm/MAAzNmfEhISCj79++nTp06FIyT2bPnEhoayptvvo7JlEtYWCUGDRrEsGHDHWKjpOPEpn//fkRFNSEzMw1XVxdcXV0YMWIYeXkmLBYL9913Lzt37uSbbxZz3333Fmt8iuufiJGSiIcjR6xfZNWoUb2I+i4ek4JtFjxePj4+xR5P27GbPXsu06dPo1WrFlgsFt5//11Wr17tUG/B/+evo2CcWOPsU2rUqMHrr4/DZMoFYMaMaVSsGM727X/QtGkUAG5ubkyY8CbOzheTc1eOaRGRG9/1+twiIpd3Q87Ays9isTBz5kcEBwfRvn07ADIzMwHw9PRwKOvp6Wlfl9+hQ4dZuHARTzzxGAaD4ZL1qampfPDBB9xzz932hFVmZhaenp4O5cqV83Ro/2oU1oesrCxmzZrN448/jpOT01XXKXJzK3qa9osvvkRwcCX7cvz4sULLXfxj7krLldv89tvldOwYTeXKNfDzC+L++7uSmHiO9PT0Qus4cOAAUVFNMJlysFjMmEzZNGvWtEA7RbVbeJmYmBgyMjK477778fUNxN+/PL6+gYwbN564uKMO20RGVsd67Rvra0lJiTz77HPUr38LQUEV8fb2Z/PmLZw4kVDkPrdvH20f41tvva0Y4+i4DBz4JNWrX/yioXr1ahe+4SzJ6fdlK0727NlNz569iYysQ0BAeYKDQ8jLyyM+PqHQOg4ejKFp0yhyc7OxWMzk5eUSFdWkQDtFtVvwNevzq4mT2rUjMZtNDvVMmjSZpk1bULFiZXx9A3n77UnEx58opP2/HyclHyNFt3X+fIpDPAwePOSybRQcl+LHg+NrVx7Pi/UcPXqUrKwsbrmlEWazCYslD8izn8Za9LEvrD8X/79r159s3rwZb28//P2D8fcPJiCgPNnZ2Q4xUb16NZydDQ71XjmmHZcffvjRYZznz19whXHUokWLlrKxXP3vpPyLiJSEMj8D67ffNjB9+gz78+nTp1GuXDkA8vLymD59BklJSQwfPsx+EWIPD2viKiPDMZGUkZFhX2dz4MBB3n33PR5//DGaNGlCQcnJybz11gTq1atHr1497a97eLiTkZHhUDY9PcOh/eIqqg/z5y8gKupWatSoXuh2H388i19/XQtYT6scP37cVbUrciO73Dddw4cP5ckn+9ufh4QEF1o+MjKCffv2XfFbM+uNGRxnLlhPj7H2IyYmlkceeYK3336L7t27ExQUyIYNG+nYMZrc3BwsFo9CZkUYLszYulindQbDxX0zGg0Oz23tXrr/jlPUt23bQr169Rz2wWw2k5mZZp+Z4+zs5FDHqFH/4/DhOBYvXkRERA08PT2566577acPFWbevM/JybHO1nBycrrqbx/LlfNkxIjnGD58NAAjRjxHuXKeJfotZlmKE+tslQfp2LED69evJTQ0FCcnJ3x9Ay5cTPvS2TMGAw6vW+s0OZQpTpzkn5FVnDixcXFxcaj3iy/m8d57HzB37myaNWuGr68Pr7/+JosXL/lH4qSkY+Ry25UrV47t27fan3t6Ft5OjRo1ANi3bz/Nm99WZH22L6Mud+yKP56OMWBNXuV/brbH2cV2C7ZtLmQMLv7s6NatK/PmfXHJfthOk7RYwM3N/ZIZZVeK6YLuuON2h3HWXVRF5EZxPT63iMjllfkEVqtWLWnVquUlr+fk5PDee1PJzc1lxIjhuLm52dd5e3vj7+9PXFwckZERACQkJJCTk0N4eJi93K5du5g2bTr9+/ctNHl1+vRp3nrrbW67rRk9evzXYV14eDgmk4n4+BOEhVmvTXX06FF8fX2v6vTBy/Xhzz93k5aWZr84fXZ2NmazmQEDnmbKlMn07fsEffs+Uey2RG4ml/uw4Ovrja+vT76y5kLL//e//+X550exefOWfLOfrEwmE+np6fj6+hIUFMzZs+cc6oiJOUSTJo2xWCz88cdOypcP5tFH+5CXl0tGRipbt2650LZj0sD2/9q1a7N16+/06nXxZ8uWLVsd9i0oKIjNm7c4tBsbe6jQ/bdYLERGRuLh4cHixYupUiWMwhVMpFlt3bqNYcOGEhFRFbM5l6Sks+zdu5c6dWoXOdblywfheE2fq7+bWfXq1RgwoJ/9/yX9IbAsxUlCQgLx8fEMGTKY4OAAsrMz2LNnrz1JWFic1KpVm0WLFmE2m+2JCVuc2JIPxYuTi/UWL05sY8IlcRId3YnWrVuQl2ciLS2FP/7YXqAtR383TkoyRi63rcFgICws/yUGCr9uSatWLQgJqcCkSe+yYMHnl8zcPns2kaCgQIKCAklPTyczMxN3d3fg4nGx1X0142mxWKhSpTJubm5s3brNPiM8JyeHHTt2Eh3dCYvFgpeXF+7u7iQmJtrrSEpK4uzZs0WeQnjLLY346KOP+euveLy9vS83gg7bFyemC3J3d3MY56LedyIiZdE//blFRC7vhjyFMDMzk4kTJ2EymRg8+BmMRiO5ubn2b5wB2rdvxw8//EhCQgLp6enMn/8VderUtl//auvWrbz//gf079+XBg0akJub6zDTICEhgXHjXqd589vo1q2rfb3ZbP3gHRISQt26dZk/fwFpaWn89ddffPfd9/bTGMH6jWj+ftnqsLlSH8aM+R9vvDGe8eNfY/z412jWrCl169Zl/PjXcHV1/WcHWaTMK3qatvUPojz7UlS5xx9/mHbt2vHAA72YOPEdfvvtN3bt+pMvvphHx453sWPHTsBCu3Z3sHTpUs6cOYPZnMfMmR+zf/9+ez21a9fk9Okz/P77FiwWM3v37mXatOkF+unY96efHsC8eQv47LMviIuLY/r0mfYZlbZt7rijDdu3/8G2bdsACxs3brpwF7HC6rXg7u7K0KHPMXnyu3z00SxiYw+xe/duZs+ey8yZHxfYxnEsatWqycqVK8nOzsJkyuWVV8blu6HE3xvnKy2dOrWnU6f2xSh7LcpOnJQvH4y/vz/ff/8dFouZpKRzvPjiSxdmbtn66tj3xx57mPj4E/zvf2M5fPgwK1asZPr0mQ77dn3jpBZbt27lzJnTgIWlS5exYsXKy451ScRJycXI5bfP38/8p9jmX1xcnJg+/UN++20DXbp0Z+nSZfz5527WrVvH6NEv0r//QMBC3bq1CQ4OZtYs610J4+PjmTRpikM/ijeeF/vu5uZKv35P8Oqr4/j117XExh5i6NAR+U5Vti7t2rVl7tzPyM3NIT09nVGjXrxwKYLCxsrCE088itFo5OGHH2fTps0cPXqUtWvXMWjQEJKTk4qMieLF9OXH+Vp/bmjRokVLaS3F/52UfxGRklDmZ2AVZv/+/ezbtx+Ap54aaH+9QYMGjBw5HIAuXe4jMzOT114bT05ODvXr1+fppy+WXb78W7KysnjnnXcd6h47dgyRkRH8+utakpKSWLZsOcuWLbev79Hjv9x3n/UCtwMHPsXs2XN59tnncHFx4fbb29C16/32smvXrmPWrE/szx9/vC8A06ZNxdvb+4p98PPzc3jdzc0NF5esIi80L/JvUjLfeFlYtGgBM2Z8xJdfzuPdd6fi5uZGrVqRDBr0DG3atMZisf5xd/BgDK1bt8Pd3Z3//Kc7XbrcZ+9Hw4YNGDfuNfr06QtYCAsLY9So53n66UFFzqy5886OvPrqy7z55tu88MIYOnTowMiRI5g1a7a9bMOG9Xnjjdd57LEnyc3N4bbbmvH000/z5ZfzHOqDi/WPHDmU4OAgpk+fwUsvvYa3txf169dn8OCnC+2HzYQJb/HMM4Np1KgpHh4ePPBAdzp27OBQ942oLMWJk5MTn302l+HDR/Dee9Pw8fHmhRdGsX37jiJn6gUG+vP11wsYNmw4c+Z8Rr16dRk/fhwPPviwvUxx4qTgeFwpTvLve/7n/fo9zoEDB2nVqi2urq40a9aUwYMHsWLFTzdEnJRUH2+/vSVr1/7CW29NYPToMSQnpxAWFkrr1q14//13sVisyaa5c2czbNhw3n33fapWrcqgQc/Qt29/+7ErzngWfI+PGfMCqampPPLIE7i4uPLoo3245567HfZv4sQJDBz4DHXr3oK/vz+jRo1k/frfChkDa71+fj6sXr2KMWPG8tBDj5GVlUVYWCjt27cr9LRBm+LEtIiIiEhJMVjKwKeLFStW0Lp1S9zc3Aq9iLqI/DtYLBays7NZv34Dd955Z5Hl5s2bR8eOt5dYuy4ubri4uGI0WmcomM155OTkYDLl2Mu4uXnarwdkMuXabz+fnZ1hr8PV1e3CfpjJzc3B3d2T1NQUwILR6ES5ct6kpaXY/6izbuOOwWDAZMplzpw5TJnyPps2rXXom7VeA3l5JszmPFxcXElPPw+Ah0c5zGYz2dmZ+bZxxcXFzb4/eXl55ORkkZdnwsnJCU9Pb1JTkx3GwGAw4u7uad8mNzcHJyenS+ouTatWraV3797FLl8W48TJyRk3Nw/777rs7Ezc3T3JysrAZMotNE6cnJxxd/fEYDBiNuexf/8+oqKas3PnVipWrGjv2+XixNb3jIzUfPtTdJwAeHn5kZmZdsndF93dPXFycrFvYzbn4ezs4lB3ablcjJR0PBiNTri6uuPk5IzBYMB6MwYTOTlZ9tMkbcfbaDRiNpvJycnGw8PT4fheaTwLe4+7u3vi7OwCQE5ONv37D8Dd3Y2JE98ELr6fbdccy87Ows3N48L1rKzx6uXla4872zZubh4Xridq259ce7uuru6FHucrxbSIiFz9ZxgRKdwNOQNLRKQkp2Pn5maRm5t12TLZ2elkZ19dHbm5Fzcwm02kpiZddhvHU5aKrjcn5+IfsvkvuJ2/3fxt55eXd2k/rG3nkZlZ+gmIkle24sR6jTTHP+rT0i4mwAqLk7y8XNLTU/I9z59QshTZt/xxUlR8FhUn1n5dGicAWVnpl7yWv62yreTiwWw2kZV16fsvv8KOd2qq45hfaTwLe48Xto2VbdbWpe9nk8mx3bQ0xyS2xZJ32f3Jycks9DhfKaZFRERESooSWCJyQyoDk0f/MTfzvl1vN+dYFn4aqFzZzT5eN/v+iYiIyL+bElgickO6Gf9Qe+ihB3niiSdIS0u5cmEplpsxTqpVq0pGRiqpqclXfUe/f7ubMR4APvroQyyWy83MEhEREbnxKYElIjeom+8P0eKcoiZX6+aLE7M5j/PnE0u7Gzeomy8eoPDTDEVERERuNmUigeXp6Ul2dg4uLi75br0sIv82ZrMZg8GAp6fnZcv5+Phw6tRZypcPvE49k9J2+vRZfHx8rmobxcm/y5ViRPEgIiKl4Vo+w4hI4crEXQhPnjxJTEwMGRkZpd0VESllnp6eBAcHU7t27SLLpKen88svv3D+/Pnr2DMpLQaDAW9vb9q1a3fF5GZ+ipN/j+LEiOJBRESut2v9DCMihSsTCSwREREREREREZGi6Hw9EREREREREREp05TAEhERERERERGRMk0JLBERERERERERKdOUwBIRERERERERkTJNCSwRERERERERESnTlMASEREREREREZEyTQksEREREREREREp05TAEhERERERERGRMk0JLBERERERERERKdOcS7sDxZWamkpSUhKJiWdJSkomOTmZ7Ozs0u7WdeHm5oafnx/+/n4EBgbh7++Pt7d3aXfLwb/5+OR3IxwrERERERERkRuNwWKxWEq7E5eTnp7O5s2bSEtLw9fXF19fX/z8fPHx8cbDwwOLxYLBYLipH7Ozs0lOTuH8+fMkJ6eQkpKCl5c3zZs3x9PTs8wcHx8fH/z8/PD19cHX1wd3d/dS7VtpyMrKIiXlPCkp50lOTmJXt24AACAASURBVOb8+fN4eXnRvHmLUj9WIiIiIiIiIjeqMp3A2rt3DwcPxtC8eTN8fDSLJb+UlPNs2rSFWrVqUbdu3VLpg/X4HNTxuQLrsdpKrVo1qVu3Xml3R0REREREROSGUyYTWCaTidWrV+Pr60P9+nUxGMBioZBH20ylf+/6Xbt2k5qaSrt27XF2vj5nhFqPz8/4+PjQoIESMsX155+7SU1Nu67HSkRERERERORmUOYSWLbkSO3aNQkMDCjt7twQzp5N5MCBGDp06IiTk9M/2lZubi5rVq+mlo7PNTl7NpGDB2No376DklgiIiIiIiIixVTm7kJoS14FBPgDYMuv6bHox6CgQGrWjGD16p8LGdGStWbNamrVjiQw0B+waLnKJSgogJo1I1izZvU1jb+IiIiIiIjIv1GZSmDt27sXHx9vJa+uMYnl5VWO/fv2FRzWErN37x68vb0ICPDHYrFoucYlMDCAcuU82bdv7z92rERERERERERuJmUmgZWens6BgweoV68OYLmQnLk+j48++gRt23bkzTcn2F+3vfbGGxOue3+u9bFBg7rs3bePjIyMf+b4HDhI/fqlc8H4m02DBvXYt2//P3KsRERERERERG42ZeYiPJs3b6JZs1uxJmOsr/3dxz179vH0088W2l5QUCBffz0PAIPBmO/R2r7tNaPRaJ/p9PDDT3D8+HHuu+9ehg59tsT6WZKPt912K5s2baJ9+/aF7ve12rTJenxsY1FSRo4cze+/b7M/NxgM+Pj4UKdObfr2fZzq1auVaHvFNXnyu3z77XeEh4czd+6sf6SNZs3+mWMlIiIiIiIicrMpEwms1NRUUlPT8PLywmKx2O++Bwbg7z4vnLUMgIXZs2fZEzMWiwmD4dLtbP2ybmsssf7l5ubg6upaYvV5e3tx/vx50tKs41kSUlNTSUtLw9u7HNZrOZUco/HiJEAvLy+ysrJISUlh06bNxMTEMm/ep6VysXNbv6zHvGT32cbHp+SPlYiIiIiIiMjNqEwksJKSkvDx8cZiMWMwGDCbLRgM2J9fTC5d3fr8iYdnnx1E165dHdo1m3MxGAw8+uhjxMUd5c47O/H888Mxmx0TFufPp3L//f+xP1+2bDnLli0H4Isv5lKxYgibNm1m3rwFxMQcwmw2U6NGdR58sDctWzbHYrGQkpJCt249AHjyyX7s37+fzZu30r59W4YPf+6a9q+o9T4+3iQlJZVYUsR6fLxKfPZVfr6+vvzww7eYTHmMH/86K1b8RGJiIidOJFC5cjgAaWlpzJnzKRs2bCIx8Ry+vj60bNmCvn0fs+/r0aPH+OijWezbd+BC0s2bKlUq06fPQzRq1ACAuLijzJnzGTt37iIjI4MKFcrTufM9PPBAd4xGI/37D+TQocMAHDt2jPbt7wRg5Mih3HlndInud0kfKxEREREREZGbUZlIYJ07l4ivrzdgTcKAbXYUlyRNrna9TV5eHpmZaViTWgacnJxwdna+MLMq/+mC1u3z1YjRaKBevXrExMSQk5ODv78/lSpVAsDV1YWVK3++cK0sqF+/Hq6urmzf/gcvvvgSL730P26/vY1DP2fPnovFYr3wutHo5LCuJPbf19ebxMSzhIeHUxLOnUu8kGD85xJYABkZaQC4u7sD4ObmRkBAABaLhezsbIYMGc6RI3H4+vrSvPlt7Nu3j+XLv2P//gO8//47ODs789prr3PkSBzh4eE0bNiAxMRE9uzZy7Fjx2jYsD7Hjh1n8ODnSE/PICwsjPr16/H779uYMeNjTp06zTPPDCAiIoJz55JISkrC1dWVyMhIAPz9A0p8DHx8SvZYiYiIiIiIiNyMykgCK4nw8Ir5kgO2GUZFbVHc9RcLTJ06jalTp9mf33lnR0aMGGYvD9b6bKcV5n/Nw8OD6dOn8eCDD3Ps2DFuv70N/8/encdFVS5+HP/OsA37KoviXirkkpWW5oKpZYt7pWaZZVZ2b7bemzera9l+S/1d7WapWVaWlmlqpqmluVRa7htqLogKCLLDAAPz+2NkYAQUFeNkn/frxWuYsz7nnIFz5nue5zn/+MdTstulgoJ8zZgxU5LUv38/PfnkE5Ls+s9/3tbChYs0c+bH6ty5k0tZ69Spo6lT31FwcIis1rxKQpEL235/f38dPXq8qpnPWenxuZiysrI0bNj9ysvLV0ZGhoKCgvTkk0/I19dHkrRy5Q86ePCQ3N3d9cEHMxQeHqbU1DT17z9Q+/bt19q169W1a2cdOZIoSRo16mF16tRRJpNZVqtVWVkZkqTZsz9Xbm6emjZtqhkzpsnNzawVK77Xiy++pK+/XqQhQwZp7Nh/6e23J+rrrxcqMjJSU6c6PjdFRQUqKSmu0e0OCKjZYwUAAAAAwKXIEAFWRkaGYmMvP/XOUUPK0UzO5NInVll/RNUbfyYmk5tjbZWER5X1nWW15pZNYS9Rfn6uTCaTUlPTlJJyQpI0f/4CzZ+/wGW+hIQEFRQUuKzn1ltvkcXiJas194K2r6rxgYH+2rFj9xm3/1yUHp+LUQOrfE2yY8fKgpyQkBA1adLQuc69e/dJkmw2mwYOvL3Ccn7//aC6du2sq666Shs2bNCzz46Vr6+vGjZsoKuvbquBAwfIbrcrPn7vqel/V1yca+fpdrtdBw4cVEhI8Kmabg7lj31NCwjw044dGRdt+QAAAAAAXAoMEWCVKmu+Z3d5X76Pp3MbXxa4PPHE47r99rJ+rGy2IhUW5uv0sKqsBlb5YZUHN+VDDklq3769mjW7vJLpXOcPCgqU42mH9gvcvsrHX5ymfmW10i6GwMBALV68UNu2bdfTT/9DBw4c0EsvvaIpUya6dKpvsVhcjmOp2NgYSXa99NK/tXjxEm3ZskUHDx7Srl27tWvXbiUkHNFzz41xBmYNGzZU586dKiwnIiJcFbfzYjadvLjNMgEAAAAAuBQYIsAKCgpSZma2wsNDXTomd7yWvleFjsvPNr48m61IeXlZFWosnR5Clc7vyi67XbJYvCRJ+flW53ShocGqUydMJ06kysPDXSNG3HuqTy27UlJOaNeuXfLy8lR+vtW5NNdynv/2VTU+KytLwcFBNX586tTxrLFllik7Tvn52WrevKmGDr1L06fP0N69+7Ru3U+6/voOiolpocWLl8hqtapTpw5q0aK5JKmkpETr1/+kRo0ayG636/DhQxo4sK/uuGOgzGazpk2brlmzPlF8/F7Z7XbFxLRQYmKi8vLyNHjwHfLz8z217nx9//0q1a8fLbu9RF5eXs7hF7Pvr8zM7Bo9VgAAAAAAXIoMEWAFBwcpOztbdeqESCqrsVTxVec1vlRV852uqvkaNGigvXv3aeXK73Xo0CEFBwfp5ZfH6cEHR+qVV17TunXrNWzY/apfP1rJySk6dOiw2rW7Wh07XqfyQU1Nb9/p4zMzsxUcFFzptp0Px/HJUZ06oTW2zKqUlBSrT5/b9Nlnnys3N1dz5nyp66/voG7duurLL+fr4MGDGj36SbVu3VI2W7ESEhJ08mS6pkyZqLCwEI0Z85w8PDwUHR0ti8VLW7dukyQ1a9ZMkjR06BCtXbtOJ06c0N1336uYmBbKzMzSwYOHZLfb1bOno1lh6ZMPT5w4oREjHpavr6/Gjn3mVA2tmpOVVbPHCgAAAACAS5G5tgsgSSEhocrKypZ0pnDm/F7LVG+6M8137733qHXr1vL09NS+ffu1b9/vstvt6t49Tm+88bratr1Sqalp2rjxN+Xk5KpTp+vVp0/vM67nYrxmZWUrJLTmwqbS42O322v85/R9Yrfb5eXlob59+0iS9uyJ16ZNm+XmZtbkyZN0xx23Kzg4WJs3b9WBAwcUFlZHQ4fepaioqFMBVE/5+/tr79592rDhV/n6+ql379v09NNPym63q27dSL333rvq1q2bJJM2bvxNyckpiolpoQceGOEsww03dFP37t3l7++vI0cStWdPvLMvs5r8qeljBQAAAADApchkv5jto6opOztb33+/Up06tVdZH0/lX0udPvzM481ms7y9/SVJhYX5KioqqHR+b28/mc1ustkKVVCQL8kub2//04ZJJpNJFouPzGY3OfqaKlFeniN4c3Nzl4eHl9zcyjqHLymxqaioSMXFNkkm+foGSJIKCvJksxVd8PZVNX7Nmp/Vo0dP+fn5VWf3n1V2drZWriw9PjXL29tXbm4esttLlJub5Rzu6WmRp6dFkpSfn+Pch15eFrm5echsNp0KgUpks9lUWFggyS5PT4vc3T1kMpmdT6K02YpUUGBVaRhpNpvl6WmRm5u7szlmSUmJbLaiU58RB4vF59Q0jpw3NzdLpzc5vVBr1/5So8cKAAAAAIBLkSGaEPr7+8vPz0/Z2Tny8/M9rW+nqvp8Ovv4khK7cnLSzzp/fn52ufGO17y8rApP+ZNMysvLrvTpfzZboYqLiyoML7/e3NyMSoef7/ZVNj4zM1OBgYE1Goj4+/vL399P2dnZ8vev2aAlPz+n0uGFhfmnOtkvz66CgrwzLq/y+VyVlBRX68mCF/Ppg5Kj+WBAQADhFQAAAAAAZ2GIJoSS1KFDR23atEPSxW1ed6m/bt68U9dd10E1rUOHjtq8eafsdvFTQz+bN+9Uhw4da/xYAQAAAABwqTFMgOXj46MWLZprz579khxhjOOLvp331Xy/e/c+XXFFrLy9vWvmoJRTenzi4/dLsvNzgT979uxTbGzMRTlWAAAAAABcagwTYElSbOwVysuz6uTJdEmO/o0kVfHK+PLv09LSZbUWqkWLmOrs6vNSdnwyVNOdmf+VfkqPVUxM7EU7VgAAAAAAXEoM0Yl7eTabTStXLFfDRtEKCQmSquy4nNfS15MnM3XoUKJ69rzR2Yn8xWKz2bRixXI1ahStkJDAi7quS9HJkxk6dOjoH3KsAAAAAAC4VBguwJKk4uJirVy5QhaLp1q0aCq7XaeeKMfr6a/x8b+roKBIN9zQ/Q8LRMofn+bNm/wh67wUxMcf+MOPFQAAAAAAlwJDBlildu3aoT174tWmTax8fX1kMpWOKX3q3l/3fVZWtrZt263Y2BjFxFxxpt140ezauUN74uPVunWM/Px8a6UMfwbZ2TmOYxUTo5jY2jlWAAAAAAD8mRk6wJKkvLw8/fzzemVmZsnf31d+fn7y9/eRn5+vvLw8ZTI5wp0ypc3rTr27BMZbrQXKyclVdrbjJycnV4GBAerQ4fpa7wQ8Ly9PP/+0XplZpcfH1/nq5eVZq2WrDQUFhRWPVUCAOnSs/WMFAAAAAMCfleEDrFI5OTlKT09XWlqq0tPTlZ6eoYKCgtou1h/Cy8tLwcFBCg4OVmhomIKDg+Xn51fbxXLxVz4+5f0ZjhUAAAAAAH82f5oACwAAAAAAAH9N5touAAAAAAAAAHAmBFgAAAAAAAAwNAIsAAAAAAAAGBoBFgAAAAAAAAyNAAsAAAAAAACGRoAFAAAAAAAAQyPAAgAAAAAAgKERYAEAAAAAAMDQCLAAAAAAAABgaARYAAAAAAAAMDQCLAAAAAAAABgaARYAAAAAAAAMzb22CyBJq1Ytr+0iAAAAAAAAoBJxcT1ruwgy2e12e20XIi8vu7aLAAAAAAAAgEr4+PjXdhFoQggAAAAAAABjI8ACAAAAAACAoRFgAQAAAAAAwNAIsAAAAAAAAGBoBFgAAAAAAAAwNAIsAAAAAAAAGBoBFgAAAAAAAAyNAAsAAAAAAACGRoAFAAAAAAAAQyPAAgAAAAAAgKERYAEAAAAAAMDQCLAuUHq+Ta+uOqrv9mXUdlEAAAAAAAAuSQRYF8BWYtc9c3/X/rQCdWkcUNvFAQAAAAAAuCSZ7Ha7vbYLkZeXXdtFAAAAAAAAQCV8fPxruwhyr+0CGNGUn5L1zNKEM07z5V2Xy1Zi1+DP90uSto1upWe/O6LFe87clDD52avUY8YebU/O0+DWIZoxsKkkKTXXpoZvbpYkTR/QREPahCoj36Z6rzuGvdOnkYZfXafC8gpsJZr8U7K+2H5Sv6dZJUlNQr3UPzZYj18fJW8PKtnVhPP9TDQNteif3ybonZ+TndO5maQof091axqg57rVU3SgZ9kytqdp+q8ntC0pT3mFJYry91SPywL0TNe6LtOdbtHudOd6TZIs7maF+brr6nq+erBduLo2KasheHp5ykt7/mpZ3Cv/zJTYpVmbTuiTLanamZyvwmK76gV4qOflQRobV1chPo5/J8ezC/Xm6uP6bn+mjmUVyuJuVssIb913dbjuujK00nK8emN9PXZ9pCTpk82pemjBQQVa3HTsX1ep7mublGktrnLb20b5au3Dsbrufzu1PTmvwvh20b5aNTLW5e8p0s9DW0e3kp+XmyQpZsI2JWQW6I1eDfT3DhGV/u2dyz4+l/0A/NFeffV1LV26TJLUpUtnvfzyS85xa9as1dixz0uSZs/+WNHR0ZKkiRP/T/PnL1C9evX02Wef6JZbeisnJ6fKdTRr1kzTp7+n++57QL///rt69uyu559/zjl+9OjHtWXLVnXqdL1effVl5/CVK7/X118v1P79v8tqtSo0NFTt27fTsGF3KyIiwjld6XJL+fj4KDIyUn379lb//v0ucA+hurYcz9VLK49q07FcZVmLFeLjrmZh3nr42nD1iQnWoM/2Veu6yM/LTQ/NP6hPtqRKkvrGBGv24Msk6ZzPAWe7tpKkr3ac1KR1SdqXZpWtxK5wPw/FhntrfM/6alHHcsH7Ba7++cEyvfPNBtUN8de+aY87h7d7fKp2HTmhe7tfqf890lsZOfmqd+9bLvMG+HjpsqhQjbqlne6Ka+2yPEkym0zy8fJQvVB/db6ikUb3uVZNoyqeYx+aslCf/LBVktT32haa/c87JEmDXp+jxRv3nrH8yZ/8Uz3GfqTthyteO7W7vK5WvT5CknTdk+87p3E3m+Xv46VG4UG6tV0z/e229grw4bN1qajOuSo7O1u33trHZT5fX19FR0dr4MAB6tXrRknSf/87WV9++VWl61m+fKm8vLzO+Zy3dOkyvfrq65Kk4OBgzZs3V+7u7nr22ee0du26M27b0qXf6G9/G13puXv37t2aPftzbdu2XVlZWfL391PLli01ZMhgtWrV0jld+fK+//67atGihaSy64/y5/69e/dq+vQPtGfPHuXm5ikgIEANGzbQgAH91aVL5zOWFX9NBFiViPRzV7toX0lSlrVY8amOYKhVhI8sHiZJUpC3u1Jzi1zmuzzU4pwvMbNQx7OL5GE26cq6Ps5p3MymGiun1VaiWz+M189HcmSSdGWUr0wmxwXlzuR8LYnP1NL7msvX063G1vlXdb6fifIs7mbFNfGX1WbX+sPZ+nhzqjYm5mjDIy3lZjZpzNIETf7JceHTJMSilhHu2nI8Tx/8dkJf7z6p7+6PrdaFdatIH1ltJTqUXqAFu9K1YFe6XuoRrac6R7lM5+lmUpsoH5dhZlPln09biV1DPt+vJfGOLyINAr3UOMRLiZkFmvpLsoZeGaoQH3ftTytQzw92KSXHJm93s66p56uU3CKtT8jR+oQcbUjM0aTbGlZY/ps/HtfdbcMU6lPxX9LV9XyVXeD48rI7xaqcwmKF+ripSYhjXzQP83aZPszHXY1DvJzvY8Ndx0tSUk6RJq5L0vM31Kt0e8/mbPv4fPcDcLHl5uZq1arVzvfr1/+kkyfTFRISfE7LadGiufLyHIHxwYOHlJ+fr8DAANWr5/ibatCgwTmXbcqUdzR37peSpHr16qlJk8bau3efFi1arB9//FGTJ/9XjRq5/t2EhYXpssua6siRRB04cEATJ/6fwsPDdf31Hc95/Tg36fk29ZkVr7S8YjUM8lKrCF+l5RXplyM5urqer/rEBFf7uii7oFjzd510DlsSn6GUnCKF+3mc8zngbNYcytawL36XXVKbSB+F+rrrWFahvo3P0IPt6xBgGUTLhuGqFxqg/cfStOn3Yxo5+Wu5mU0a1KWVcxpPdze1aRyhpPRc7T2apvijafps9TbNHTNIca0bO6fLzivQ/PW7nO+X/LpXKRm5Cg/y1eV1w9TuckcYn5iarePp2fJwM+vKJpHO6d3MZTf2wgK81Tii7P9lbIPwCmUPC/BW/bAgJaZlavOB49p84Lhmr96u78YPU1RI7ddewIU5n3NVkyZNFB5eR0eOHFF8fLxeffU1ubmZ1bNnD+c07u7uatbscpf5zGbXm8rVPectXvyN8/f09HStX/+TunTprPr16ys2NkaSlJycorS0tArrPX2dpVatWq0XXxyv4uJiBQUFqlWrljp8OEFr167T+vU/aezYf7lsT9n++p+mTPlvpcvMysrSU0/9Q5mZWYqMjNRll12uzMxM7dixUy1atCDAQqUIsCpxe6tQ3d7Kcfdm+f4M9ft4nyTpozuaqnm5C5tFu9Nd5nv5xvrO359fnqgJa48r2Ntdq0bGXpRyTv0lRT8fcZx0P76zqfpfESJJ+jY+Q7fP3qdNx3L1zs/J+meXuhdl/X8l5/uZKC/E213zhjaTJM387YT+vvCQ9pywas8JqwqKS5zh1ahrw/WfmxvKZJIOpRcobtounci16R/fHtaiYc3PWtZP7myqpqEWJWcX6cH5B7Xi90yNW5mom5sFKTai7EI/zMej2p/ND35NcYZX/+5eT//oXFelWdfW47mK9HPUDntm6WGl5NgUZHHXjw/GqGmoY9+MXXZEk9YnadrGFA1qHaoODfycyzabpAyrTa+vPqr/3Fwx1Cm/zXHTdmljYq66NQnUR3c0rbSsPS4LcN59r4rZJP13fZJGXFNHdQOqrtlWlbPt4/PZD8AfYcWKlbJarQoKCpTF4q2kpCQtW7ZMQ4YMPqflTJhQVkvi4Ycf0a5du3X11Vdr3LgXzqtce/bscX4hGDiwv0aPflQmk0nHjh3Tww8/ooyMTP33v5Nd1itJbdu20fPPP6eCggL17t1PVqtVe/bEE2D9AbYez1NaXrG83c3aMrqVPN0cJ4XcwmKdyLVJqv510YxfU5RbWKIwH3f5errpcEaBZm9N0+PXR57zOeBsVh3Ikl1SXJMAfXNv2bKTc4rkVsVNHPzxRt3SXsN7tJWtuESt/jZFCScytfCXeJcAKyzAx1n7afuhJN35+lwlnMjUg1MWauf//i4Pd8cN3Llrdyi3oEhhAd7ytXjpcEqGZq/eqsf7dtTLw7o7l/f8xys1YcF6Bft5O5d7uh5XNtWMx/qfsezlp5m/fpfumzRfB5JO6pmZ32nWUwMvaL+gdp3vuer22wfotttulc1m05Ahdys5OVk//rjGJfAJCgrS1Kn/O+P6q3POO3w4Qdu2bZcktWjRQnv27NHixd+oS5fOGjXqIed0U6e+r9mzP5O/v/9Z12u1WjVhwkQVFxfriiti9dZbb8rX11f5+fl65pl/acuWrZo48f90/fUd5eNTdoPCZDJp27bt+vHHNZWGUfv27VdmZpa8vLz06aez5OHhIUnKz89XenrV36nw10b7sj+xb08FCi0jfJzhlSTd3DxI7U/d8SwNHWAc+UUl2p6U73wfYDFrSbkmFs/G1XOGQ42CvTSsraPp6OoDWcotrLoZxeki/D00tX8jSY7mf1/vPukyPjWvSHHTdjl/Hpp/sMplLdjlKN9loV4u4ZUktYnyVYS/hwqL7Vq5P0uSdNeVIc7QRpLGdqunU99tKnwmr67nq+ZhFk3bcEL70wqqvX1VWbE/y2W73q2kueSQ1qHKKyrRuBWJF7Suyvbx+e4H4I+wePESSVLXrl11ww3dJEnffLPkoq9348Zf9fDDjzh/9u7d5zJ+3bqfnL8PH36vTKf+ydStW1e33nqrJGnTps3Kz8/X6ex2uxISElRYWChJuuyy8ws2cG4aBnnKzSTl20o04JO9+s+Px7Ryf6bczCY1CvY6+wLK+fA3R9PBfrEhGtjScT3z0aYTNV5mSc7/yesOZev+eQf0v5+T9dvRHNXx9VCYL/d1jSY+MVWZuY5rA3/vqm84tWoUqXF3Of6nHU3L0i/xZef3D1dskST1uy5WAzs6wtOPVm45r/Ks2PK74sbMcP68e6opY1X6d4zV3d3aSJIWb4xXka3613FwdTglQ71emKWb/13x53DKH3NNdSHnKskRLuXm5kqSS9AjSRkZGS7nydImgKc72zmvtPZVw4YNNGLEcEnShg0blZKSck7bWt6uXbuVkZEpSRoyZLB8fR3fM729vXX33XdJknJycrR9+3aX+bp3v0Hu7u56992pstlsFZYbGRkhs9msgoIC/fOfY/Txx59ow4aNMpvNqluXChioHGfqP7ETp5qrRQd6VBjXIMhLGxJznXdBUfuOZRfK998bXYbd0SpU9QO9nMfJ19Ps7EuqVIMgxwVbsV06mW87pyahUf6e8vN0U05hsZJzXD8LhcV2bUzMdb4/0zVVco7jJNkk2KKqblCn59lUVOJ4JkS9ANcvLz6eZoX6eCglt8j5uS3lbjZpfM/6uvOzfRr7XYJ6tzi3pkynS82zKTWvbFs7NqhYXX9Q61DtSrFq9tY0PdIhosL4c3H6Pj7f/QBcbPv3/674+HhJ0g03dJOfn69mz/5MCQlHtHXrNrVp0/qirTsjI9N58Vv5eMeXD4vFosDAQJdxERGOJjolJSXKysqSt3dZTdLly1dq+fKVkiRPT0+NHPmAunbtUtPFRyUah1j0fv/Gen75Uf1wIEs/HHAE9wFebnrrlgYaemVYtZazPSlPm445zkW3twpRoMVNE9Ye195Uq9Ydztb1DWu2ydXg1qHamZSn6b+e0JxtaZqzLU2So+n+R3c00VV1fWt0fTg/f3t3sf727mLne29Pd426td0Z52lWr6zvq+QMRwuF7YeSten3Y5Kk2ztdoUAfL01YsF57j6Zp3a4EXR97bs2dU7PylZpVFk50jDn7/JfXdfwtFBQVKz3HqvAgPmPno2F4kDpf0VCvlVrJgwAAIABJREFUzv3RZfizd3ZRw/CgP6QM53KuKh9QvfnmW3rzzbJaWV5eXho40LUmn81m065du8u9r3hhfrZzns1m03fffSfJcZ6/+uqrFRQUqIyMTH377VLde++w89ru8rWhwsNd+2SOiIgsN51rkBgVFaUBA/pp7twv9dVXCyost169enr22TGaOvV9/fbbJv322yZJjr7CHnvsUfXqddN5lReXNgKsWuBxqgpGga3sAZCFxSXO30ur4Z9NmK+74lOlxMyKX4SPZDruVtXhbqJhlPaB5W42KdLPU10b+6vfqZpzpXd9cwtLlJ5vU7B32XE7kukIj8wmRzPEc3E8u1A5p2ptRfi5zlvX31P7nm5TreVE+HlqzwmrDqRbq5wmyNtNHmaTikrsOprlWpMqv6hEaXmOz2kd34qB660tgtSlsb8W78lQkOXCPrPlO/CtiskkvdarvnrN3KN/LTtyQes7fR9fyH4ALqbSu7KhoaFq06a1zGazGjZsoMOHE7R48Tdq06a13N3L/v4KC8vOLUVFjt/d3c+vT8WqOnEvFRTk+PJhtVqVlZWlgICyhyIkJzvuGptMJpfhkuOud9OmTfTbb5uUl5enDRs2auDA/i7bgYtncJswDW4Tpl3J+fr5SI5mbT6hjYm5+vvCQ+ofGyIfz7NX9P9wk6P2VZS/h65v6C+zSWoeZlF8qlUf/nai2gFWda+tzCbplZvqa1yPaP12NFc/JWTrfz+n6MBJq/75bYJWjIip9vajetzdHJ+DwtNqYBQUOd57VvL32rJhuKJDAxToa1GTyBDd2/1K1a8TWGG68vYeTXP+HhHkaKL/4QpHJ/5Rwf66PqaBzGaTmtcLVfzRNH24YvM5B1iDu7Q8axPC0+075viMe3m4KdiPPtYuxNhBXbXtYJKz4/3b2jXT2EFd/7D1n8u5qnyNoyZNmigiIlx+fn6qW7eubrvtFpcHk0iO/q2++uqLM67/bOe8tWvXOUOkG25w1H7q0qWLFi5cpG+++VbDht3jrDV2PtstSSkpJ5ydsjvel7V0CA6uGCQOG3aPli5dplmzZqlVq1YVxt94Y0/deGNPHThwUDt27NCSJd9q167devPNtxQX11UWC38zcEUTwlpQ2sH05uN5KrA5Lq7WHc52jm8UXL0+eW5p7qipsiM5TwvL9b303b4M/XLEcTfz5mZ/zB0JnF1pH1hzhlyu/+vdUANahqi0T/9bmpddlL2++pjsp66/j2QWaNZmRzOKro0Dzqn2VUpOkR6ef0iS44K9T0zIWeaoWt8Yx+dof1qB3l5z3Fk+yXH3PDm7SF7uZt3Q1HEi/2zrSR04WRZ2vbbqmIpPzVPVZ/K1m+rLJGn21tTzLue56NzIX7c2D9KPB7OVmHV+TRcr28cXuh+Ai6GgoEDLl6+QJKWlpSkurru6dOmmw4cdT1ddtWq1cnJyFBVV9rCHHTt2SCq9K+zoALn8+JrUseN1zt8/+miW7Kf+ySQnJ2vJEkcTx6uuautS+0qSrrgiRq+8Ml6TJr0ts9msjRs3av78ry9KGeEqIaNAS/dmylZiV2yEt+6/po6e6+boxL+w2O7seP1MrLYSZw2o49lF8h+3Ub7/3uh8UMr8nenKtFavJnl1r61+TsjR5mO58nAz6boGfnqiU5Tz6YQn86i1fjGUdnqelpXvDJkSUzOVcMJRK7NRRMVgatQt7TVv7BB98Hh/PTe461nDq+2HkjVu9g+SpLoh/mrfLFrWQpvmrHH8Hzueni3/O16W78Dxij9Vhvk/7VJmbtU35mrCgp92O59+eGu75s5+uXD+3vt7H7VqGKFWDSP03t/7nH2GGnS+56rbbx+gN954Tc8/P1YjRtxXIbyqrrOd80q7CZCke+65V126dNPChYskSUlJSdq48dfzXG+sAgMd17Zz5sx1PsTFarXq008/kyT5+flVGlAFBATonnvuUVZWttav/8llXFJSkn766WfZbDY1adJYffr01v33O5o92mw25eZWfLo4wC3KWjDi6jqav/OkDqUXqPX/bVeDIE/9etQROLWL9tVVdSt27PzWmuP6sFx/EF0bB2hM17pasOukNibm6q7P96ttXV+ZJG0+7ljWlVG++vsFNo/CH+Pqen4adW243v0lRVN+Sta38RmK8vfU5uO5yi0sUbC3u97sVb27hHfP/V0FthIdTC9Q4am0ZFz3aF0R4XoyLe0Dq7yZA5uocUjFOx0j2oVr2b5MLduXqRdWJGrGryfUJMRLx7IKFZ9q1ZqHYhXh76E3ejXQb0d3KzXPpmv/t1Nt6/ooJadI+071bXX/1XXUsWHlHZdfGeWrwa1D9dm2tErHV1dpH1ilAr3c9fWwZpVO+/KN9bVsn+ML2Lk42z6+kP0AXAyrV/+o7GzHl/kOHa6Tm5vjS5Tdbte6detVUFCgFStWql+/vrrqqrbatGmzJk78Py1dukypqWlKSkqSpEof110TYmJiNHBgf82bN19ffDFP69f/pLCwMMXH75XVapW/v78effTvVc7fokUL9ejRXd99t1wff/yxbr315gr9i6BmJWYWaeCnexVocdNlIRYFWNyczdJbR/oowv/stUwX7Dyp9HxHaNSrWaDcT93Vsdsd/QTm20o0d/tJjWxX8Ulvp6vutdXqg1l66fujivL3UNMQi2wldm1MdDQ363n5mUMSnJ8BHa/Qy3NWKTUrX3FjPlCrRuHalZCiouISBflaNKhzxS+91ZGalae4MTOUnJGrIycyZZfk6+WhaY/2laeHmz5fvV3pOY7mfr2uusxZE8wuacnGvcovtGnumh0a2euaaq+ztA+sUoG+3vr6+bsqTNP5nzOUmJqhlEzHF/AmkSF6874bz2s74SrIz1vvP9rH+fsf6ULPVWdS2gdWec8/P9b5dN/yKjvnZWdna+NGR1clsbExCgkpu3G9Y8cOZWRk6ptvlqh9+zM3xa2MxWLRk08+oRdfHK/t23doyJChatSokQ4dOqz09HSZTCY99tjoKs+7Awb004IFX+vo0aMuw1NSTuiZZ/4lPz8/RUdHy9fXx9mM8rLLLlNo6PnffMeliwCrFnRtEqAv7mqmiWuPa2tSnjYk5irCz0O9mgXq392jK+1j6GB6gQ6ml9USqRfgKW8Ps5be10L/XZ+keTtOaleK4yTdPMyi/leE6onrI6tVfR/G8NYtDdUu2k8zfk3RtqR8Hc4oVJS/h+5oGahnukapQVD1OsXdlpQni7tZEX4euqaerx5sH64ujQMqTHd6H1iSlFdUeZDjbjbpy6HNNPO3FH26JVW7UqxKOlyo6EBPPdQ+Qo1Ole3yMIvWj7pCb64+ruX7M7XhSK4sHmZdV99P911dR3e3PXOfKC/2jNaCXenKt5WccbozOb0PrFCfqu92Nguz6IF24Zr6S8WO3s/kbPv4QvcDUNOWLPlWktS27ZV6443XXMaNHfu81qxZq8WLl6hfv74aP/5FffDBTK1du167d++Rh4eHWra8QoMG3akOHa6rbPE14rHHRis2NlZff71Q+/f/rqSkZIWFhalHj+4aNuxuRUZGnnH+++67VytXfq+MjEx98cWX593XB6rnslAvPdYxUmsOZetwRoGyCopVx9dDfWKC9EL3il+4KjNrs+OGRZfG/s6n9JYa/Nk+LdqToQ9/S61WgFXda6ubmgXqcEaBfjmSo21JeSoqtqtxiJf6x4boX3F0GnwxhAZ467vxw/XSZ6u0dtch/bTniAJ9vHRru2Z6fnCcokLOr5+zQluxft13TL4WT11eL1RdWzbW6D7Xqkmk40vvrO8dHbV3adlQ88YOcZl38BtztWhDvD5cseWcAqzT+8AK9a8YoKRm5etktlWBvha1bRKl29o30yO3tleAD02hakrrxmc+H1xMF3quqsrpfWBJktVadQuB0895drtddrtdfn5+euutN+XnV3aj9Isv5mny5Clas2atMjIyFRR07mF9t25xioiI0Kefztb27du1bdt2+fv7qWPHDrrrriFq3brqINrDw0MPPTRSL7wwzmV4dHS0Bg26U1u2bFVS0nHl5OQqODhYXbp01gMP3H/OZcRfg8lut59b1YOLIC8v++wTAQAAAAAA4A/n41OzD1Y5H1TPAQAAAAAAgKERYAEAAAAAAMDQCLAAAAAAAABgaARYAAAAAAAAMDQCLAAAAAAAABgaARYAAAAAAAAMjQALAAAAAAAAhkaABQAAAAAAAEMjwAIAAAAAAIChEWABAAAAAADA0AiwAAAAAAAAYGgEWAAAAAAAADA0AiwAAAAAAAAYmnttFwAAAADApcd34PjaLgL+QnLnPV/bRQBwkVEDCwAAAAAAAIZmstvt9touxKpVy2u7CAAAAAAAAKhEXFzP2i6CMQIsAAAAAAAAoCo0IQQAAAAAAIChEWABAAAAAADA0AiwAAAAAAAAYGgEWAAAAAAAADA0AiwAAAAAAAAYGgEWAAAAAAAADI0ACwAAAAAAAIZGgAUAAAAAAABDI8ACAAAAAACAoRFgAQAAAAAAwNAIsAAAAAAAAGBoBFgAAAAAAAAwNAIsAAAAAAAAGBoBVjlvvfWWxo8fX9vFMLThw4drwYIFVY5ftmyZ7rzzzhpbX2pqqq655hplZGRIkiZPnqznnnuuxpZ/Icrvi+zsbF1zzTVKTk6u1vQAAAAAAKD6/pQB1vbt23XNNdfovvvucxm+Zs0aderUqZZKZSx5eXm65pprdOzYsRpd7t13363WrVvX6DLPRdeuXXXbbbfV2vrLq+19AQAAAADAX4V7bRfgQiQkJGjFihXq0aNHbRflL6O297WRAqPa3hcAAAAAAPxV/ClrYJUaOXKkJk+erKKiokrH22w2TZ06Vb1791a3bt00atQo7d+//4zLtNlseu2119SlSxf16tVLX3zxhXNccnKyHn30UfXo0UNdu3bV/fffrx07dkiSiouL1atXL/3www8uy3vhhRf00ksvVbqukpISzZ07V3fccYc6d+6s2267TfPnz3eOX7ZsmQYNGqQuXbpo8ODBWrVqlXPcqlWr1K9fP02bNk133323+vbtq5dfflk2m02SNGrUKEnSgw8+qH79+unjjz+WJCUmJuqpp55Sz5491atXL7355puyWq2SyprBzZkzR8OHD9fAgQM1atQopaSkONd7ejO4bdu2aejQoerSpYtGjBihxMREl208efKkxo4dqxtvvFE33XSTxo0bp8zMzCr3f2pqqh5//HHFxcWpf//+Wr9+vcv48k0Ii4qK9Morr6hnz56Ki4tT7969tXTpUuf+6du3ryZPnqwRI0bozjvv1JtvvqnCwkLnsvbs2aMHH3xQcXFx6tu3r2bMmKHi4uLz3heStH79evXv319xcXF67LHHXKY/3a+//qrhw4crLi5O/fr1c/msAQAAAACAMn/qAGvAgAHy8PDQnDlzKh0/ffp0LVu2TFOmTNGyZcvUqlUr/e1vf1NOTk6Vy1y+fLnatm2r5cuX69///rfeeustHTlyRJJkt9s1cOBALVq0SCtWrFDHjh319NNPy2q1ys3NTf369XMJNHJycrRy5Ur179+/0nV99tln+uijj/TCCy9o9erVmjVrlpo3by7JEW68+OKLevzxx/X9999r1KhRGjNmjDMwkxxhVEBAgD755BPNmTNHW7du1ZIlSyRJ7777riTp/fff14IFC3TPPfcoPz9fDz/8sC6//HItWrRIn3/+uQ4dOqTJkye7lGvbtm2aPn265s2bp4iICL3zzjuVlj8zM1OjR49Wnz599MMPP+gf//hHhRBmzJgxKigo0Lx58zRnzhylpqbqhRdeqHL/jxkzRn5+flq6dKlmzJihhQsXVjntokWLtHPnTn311VdatWqVZs6c6dx/knT06FEFBQVpxowZ+uSTT3TgwAFNmzZNkpSRkaFHHnlEHTp00PLlyzVhwgTNnz9fn3766Xnti1LffPONZsyYoaVLlyogIEBjxoypdLr4+Hg9/vjjGj58uFauXKm3335bM2fO1Pfff3/G5QMAAAAA8Ff0pw6wzGazHn/8cU2fPt3ZyXd5ixYt0ogRI9SwYUN5enrqoYcekiStXbu2ymVeddVV6tWrl7y8vNShQwc1bNhQu3fvliRFRkYqLi5O3t7e8vDw0AMPPKD8/HwdOnRIktSvXz/98ssvzlo3S5cuVXR0tFq1alXpuubMmaORI0eqVatWMpvNCgkJUWxsrCRp4cKFuummm9ShQwe5u7ura9eu6tq1q77++mvn/H5+fho0aJAkyWKx6Nprr9XOnTur3LYffvhB7u7uevjhh2WxWBQUFKRHHnnEGXqVGjZsmNzdHa1Lu3btWuUyf/jhB4WFhWnQoEFyc3NTixYt1KdPH+f4xMREbdq0SU8//bT8/f0VFBSkJ554QuvWrVNqamqF5SUmJmrLli164oknZLFYFBISopEjR1a5PZ6ensrJyVF8fLyKiooUFhamxo0bO8d7eXlpyJAhzmmHDh2qRYsWSZJWr14tf39/DR8+XB4eHmratKmGDRtWoUZVdfdFqZEjRyokJEQWi0VPPfWUtm3bpsOHD1eYbu7cubrpppsUFxcnNzc3NW3aVHfeeWeFYwEAAAAAAP7kfWBJUqdOnRQTE6Pp06fr2muvdQ632+1KSUlRdHS0c5ibm5uioqLO+KS4iIgIl/c+Pj7Ky8uTJOXm5mrKlCnasGGD8vPzZTablZ+fr/T0dEmOgOvaa6/VwoUL9cADD2jBggVV1r6y2+1KSkpSw4YNKx2fnJys9u3buwyLjo7Wvn37nO+DgoJcxnt5eVUa5JU6duyYUlNTNXDgQOewkpISmc1m5zaevlwvLy/l5uZWurzT968k1a9f32Ub3NzcFBkZ6bINkpSUlKSwsDCXeZOTk+Xt7a3Q0NBKl3e6m2++WSdPntTEiROVkJCgdu3aafTo0WrUqJEkKTAw0Bk+SVJYWJhSU1NVXFys5ORk1atXTyaTyaVsp382qrsvStWrV89lXovFopSUlArH+ejRo9q/f7+2bNniHFZYWOgyPwAAAAAAcPjTB1iS9MQTT+jee+9VVFSUc5jJZFJ4eLiOHTumK6+8UpIjrDl+/HiFkKq63n33XR05ckQzZsxwBhtxcXGy2+3OaQYMGKC3335bnTp10oEDB3TLLbdUuiyTyaTIyEglJCSobdu2FcZHRERUeILg0aNHq112s7li5brIyEjVrVtXc+fOrXSe7Ozsai27VHh4uNasWeMyLC0tzfl7RESEMywqLffRo0edZTldRESE8vPzlZubK19f3wrLO52bm5uGDRumYcOGKSsrS5MmTdKLL76omTNnSnL0v5WXlycfHx9J0pEjRxQWFiY3N7cL3r9VOXbsmDOky8jIkNVqVXh4eIXpoqKi1LhxYz3zzDMXtD4AAAAAAP4K/tRNCEs1a9ZMvXr1cgYXpXr37q0PPvhAiYmJKiws1Pvvvy+73a5OnTqd13qys7MVFRXlDK/mzZtXoT+tTp06qaioSOPHj9cNN9yggICAKpd35513atq0adqxY4fsdrvS09OdzRV79+6tZcuWacOGDSouLtaaNWu0atUqlyZ6Z2KxWOTr6+vSfC0uLk55eXl67733lJub66wFdnoIVV1xcXE6cuSIfvnlF0mOwKZ8E7zo6Gi1bdtWEydOVE5OjjIzMzVp0iR17NixQu2r0unbtGmjjz76SJKjY/zSzucr8+uvv2rv3r0qLi6Wj4+P/Pz85Obm5hxvt9s1adIkFRQUKCkpSTNmzNBtt90mydEcMDMzUx9//LGKiop08OBBzZo1S3379j2vfVFq2rRpSk9Pl9Vq1cSJE9WyZctKa9ndcccd+uabb/TDDz/IZrPJZrNp//792rZtmyRH/2mTJk2qELIBAAAAAPBXdEnUwJKkRx55RMuXL3cZNmLECBUXF+vhhx9WTk6OWrRooXfeeUd+fn7ntY6RI0dq3LhxGjp0qLy9vdWpU6cKNYnc3NzUt29fTZ8+XU8++eQZl3fXXXfJbDZr3LhxSkpKUlBQkB544AHFxMSoXbt2Gjt2rP7zn/8oOTlZdevW1SuvvFJlf1qVefTRR/Xiiy/KarXqrrvu0oMPPqipU6dqypQpGjhwoPLz8xUeHq7evXurc+fO57w/goKCNGnSJL399tt677335O/vr169erl0RP7aa69pwoQJ6t+/v0wmk6677roz7pfXXntNL7/8su6++275+/ure/fuVXZsnpqaqtdff10pKSny9PRUixYtnE8olBy1nOrWrau+ffvKZrOpR48ezj61goKC9M4772jChAmaMWOG/P391adPHw0dOvSc90N5t9xyi+6//36lp6erVatWeuONNyqdLjY2VhMmTNB7772n8ePHy263q1GjRhoxYoQkR3PVTz75RHFxcapbt+4FlQkAAAAAgD87k718+zfUiEWLFmnmzJn66quvarsof1mrVq3SpEmTKnTKDgAAAAAA/nwuiSaERpKbm6vPPvtMgwcPru2iAAAAAAAAXBIIsGrQ7NmzdeONNyoqKkoDBgyo7eIAAAAAAABcEmhCCAAAAAAAAEOjBhYAAAAAAAAMjQALAAAAAAAAhkaABQAAAAAAAEMjwAIAAAAAAIChEWABAAAAAADA0AiwAAAAAAAAYGgEWAAAAAAAADA0AiwAAAAAAAAYGgEWAAAAAAAADI0ACwAAAAAAAIZGgAUAAAAAAABDI8ACAAAAAACAobnXdgEk6fjRQ7VdBAAAAAAAAFQiql6j2i6CTHa73V7bhQAAAAAAAACqQhNCAAAAAAAAGBoBFgAAAAAAAAyNAAsAAAAAAACGRoAFAAAAAAAAQyPAAgAAAAAAgKERYAEAAAAAAMDQCLAAAAAAAABgaARYAAAAAAAAMDQCLAAAAAAAABgaARYAAAAAAAAMjQALAAAAAAAAhkaABQAAAAAAAEMjwAIAAAAAAIChEWABAAAAAADA0AiwAAAAAAAAYGgEWAAAAAAAADA0AiwAAAAAAAAYGgEWAAAAAAAADI0ACwAAAAAAAIZGgAUAAAAAAABDI8ACAAAAAACAoRFgAQAAAAAAwNAIsAAAAAAAAGBoBFgAAAAAAAAwNAIsAAAAAAAAGBoBFgAAAAAAAAyNAAsAAAAAAACGRoAFAAAAAAAAQyPAAgAAAAAAgKERYAEAAAAAAMDQCLAAAAAAAABgaARYAAAAAAAAMDQCLAAAAAAAABgaARYAAAAAAAAMjQALAAAAAAAAhkaABQAAAAAAAEMjwAIAAAAAAIChEWABAAAAAADA0AiwAAAAAAAAYGgEWAAAAAAAADA0AiwAAAAAAAAYGgEWAAAAAAAADI0ACwAAAAAAAIZGgAUAAAAAAABDI8ACAAAAAACAoRFgAQAAAAAAwNAIsAAAAAAAAGBoBFgAAAAAAAAwNAIsAAAAAAAAGBoBFgAAAAAAAAyNAAsAAAAAAACGRoAFAAAAAAAAQyPAAgAAAAAAgKERYAEAAAAAAMDQCLAAAAAAAABgaARYAAAAAAAAMDQCLAAAAAAAABgaARYAAAAAAAAMjQALAAAAAAAAhkaABQAAAAAAAEMjwAIAAAAAAIChEWABAAAAAADA0AiwAAAAAAAAYGgEWAAAAAAAADA0AiwAAAAAAAAYGgEWAAAAAAAADI0ACwAAAAAAAIZGgAUAAAAAAABDI8ACAAAAAACAoRFgAQAAAAAAwNAIsAAAAAAAAGBoBFgAAAAAAAAwNAIsAAAAAAAAGBoBFgAAAAAAAAyNAAsAAAAAAACGRoAFAAAAAAAAQyPAAgAAAAAAgKERYAEAAAAAAMDQCLAAAAAAAABgaARYAAAAAAAAMDQCLAAAAAAAABgaARYAAAAAAAAMjQALAAAAAAAAhkaABQAAAAAAAEMjwAIAAAAAAIChEWABAAAAAADA0AiwAAAAAAAAYGgEWAAAAAAAADA0AiwAAAAAAAAYGgEWAAAAAAAADI0ACwAAAAAAAIZGgAUAAAAAAABDI8ACAAAAAACAoRFgAQAAAAAAwNAIsAAAAAAAAGBoBFgAAAAAAAAwNAIsAAAAAAAAGBoBFgAAAAAAAAyNAAsAAAAAAACGRoAFAAAAAAAAQyPAAgAAAAAAgKERYAEAAAAAAMDQCLAAAAAAAABgaARYAAAAAAAAMDQCLAAAAAAAABgaARYAAAAAAAAMjQALAAAAAAAAhkaABQAAAAAAAEMjwAIAAAAAAIChEWABAAAAAADA0AiwAAAAAAAAYGgEWAAAAAAAADA0AiwAAAAAAAAYGgEWAAAAAAAADI0ACwAAAAAAAIZGgAUAAAAAAABDI8ACAAAAAACAoRFgAQAAAAAAwNAIsAAAAAAAAGBoBFgAAAAAAAAwNAIsAAAAAAAAGBoBFgAAAAAAAAyNAAsAAAAAAACGRoAFAAAAAAAAQyPAAgAAAAAAgKERYAEAAAAAAMDQCLAAAAAAAABgaARYAAAAAAAAMDQCLAAAAAAAABgaARYAAAAAAAAMjQALAAAAAAAAhkaABQAAAAAAAEMjwAIAAAAAAIChEWABAAAAAADA0AiwAAAAAAAAYGgEWAAAAAAAADA0AiwAAAAAAAAYGgEWAAAAAAAADI0ACwAAAAAAAIZGgAUAAAAAAABDI8ACAAAAAACAoRFgAQAAAAAAwNAIsAAAAAAAAGBoBFgAAAAAAAAwNAIsAAAAAAAAGBoBFgAAAAAAAAyNAAsAAAAAAACGRoAFAAAAAAAAQyPAAgAAAAAAgKERYAEAAAAAAMDQCLAAAAAAAABgaARYAAAAAAAAMDQCLAAAAAAAABgaARYAAAAAAAAMjQALAAAAAAAAhkaABQAAAAAAAEMjwAIAAAAAAIChEWABAAAAAADA0AiwAAAAAAAAYGgEWAAAAAAAADA0AiwAAAAAAAAYGgEWAAAAAAAADI0ACwAAAAAAAIZGgAUAAAAAAABDI8ACAAAAAACAoREE3wMQAAAIVUlEQVRgAQAA/H87diwAAAAAMMjfeho7CiMAANYEFgAAAABrAgsAAACANYEFAAAAwJrAAgAAAGBNYAEAAACwJrAAAAAAWBNYAAAAAKwJLAAAAADWBBYAAAAAawILAAAAgDWBBQAAAMCawAIAAABgTWABAAAAsCawAAAAAFgTWAAAAACsCSwAAAAA1gQWAAAAAGsCCwAAAIA1gQUAAADAmsACAAAAYE1gAQAAALAmsAAAAABYE1gAAAAArAksAAAAANYEFgAAAABrAgsAAACANYEFAAAAwJrAAgAAAGBNYAEAAACwJrAAAAAAWBNYAAAAAKwJLAAAAADWBBYAAAAAawILAAAAgDWBBQAAAMCawAIAAABgTWABAAAAsCawAAAAAFgTWAAAAACsCSwAAAAA1gQWAAAAAGsCCwAAAIA1gQUAAADAmsACAAAAYE1gAQAAALAmsAAAAABYE1gAAAAArAksAAAAANYEFgAAAABrAgsAAACANYEFAAAAwJrAAgAAAGBNYAEAAACwJrAAAAAAWBNYAAAAAKwJLAAAAADWBBYAAAAAawILAAAAgDWBBQAAAMCawAIAAABgTWABAAAAsCawAAAAAFgTWAAAAACsCSwAAAAA1gQWAAAAAGsCCwAAAIA1gQUAAADAmsACAAAAYE1gAQAAALAmsAAAAABYE1gAAAAArAksAAAAANYEFgAAAABrAgsAAACANYEFAAAAwJrAAgAAAGBNYAEAAACwJrAAAAAAWBNYAAAAAKwJLAAAAADWBBYAAAAAawILAAAAgDWBBQAAAMCawAIAAABgTWABAAAAsCawAAAAAFgTWAAAAACsCSwAAAAA1gQWAAAAAGsCCwAAAIA1gQUAAADAmsACAAAAYE1gAQAAALAmsAAAAABYE1gAAAAArAksAAAAANYEFgAAAABrAgsAAACANYEFAAAAwJrAAgAAAGBNYAEAAACwJrAAAAAAWBNYAAAAAKwJLAAAAADWBBYAAAAAawILAAAAgDWBBQAAAMCawAIAAABgTWABAAAAsCawAAAAAFgTWAAAAACsCSwAAAAA1gQWAAAAAGsCCwAAAIA1gQUAAADAmsACAAAAYE1gAQAAALAmsAAAAABYE1gAAAAArAksAAAAANYEFgAAAABrAgsAAACANYEFAAAAwJrAAgAAAGBNYAEAAACwJrAAAAAAWBNYAAAAAKwJLAAAAADWBBYAAAAAawILAAAAgDWBBQAAAMCawAIAAABgTWABAAAAsCawAAAAAFgTWAAAAACsCSwAAAAA1gQWAAAAAGsCCwAAAIA1gQUAAADAmsACAAAAYE1gAQAAALAmsAAAAABYE1gAAAAArAksAAAAANYEFgAAAABrAgsAAACANYEFAAAAwJrAAgAAAGBNYAEAAACwJrAAAAAAWBNYAAAAAKwJLAAAAADWBBYAAAAAawILAAAAgDWBBQAAAMCawAIAAABgTWABAAAAsCawAAAAAFgTWAAAAACsCSwAAAAA1gQWAAAAAGsCCwAAAIA1gQUAAADAmsACAAAAYE1gAQAAALAmsAAAAABYE1gAAAAArAksAAAAANYEFgAAAABrAgsAAACANYEFAAAAwJrAAgAAAGBNYAEAAACwJrAAAAAAWBNYAAAAAKwJLAAAAADWBBYAAAAAawILAAAAgDWBBQAAAMCawAIAAABgTWABAAAAsCawAAAAAFgTWAAAAACsCSwAAAAA1gQWAAAAAGsCCwAAAIA1gQUAAADAmsACAAAAYE1gAQAAALAmsAAAAABYE1gAAAAArAksAAAAANYEFgAAAABrAgsAAACANYEFAAAAwJrAAgAAAGBNYAEAAACwJrAAAAAAWBNYAAAAAKwJLAAAAADWBBYAAAAAawILAAAAgDWBBQAAAMCawAIAAABgTWABAAAAsCawAAAAAFgTWAAAAACsCSwAAAAA1gQWAAAAAGsCCwAAAIA1gQUAAADAmsACAAAAYE1gAQAAALAmsAAAAABYE1gAAAAArAksAAAAANYEFgAAAABrAgsAAACANYEFAAAAwJrAAgAAAGBNYAEAAACwJrAAAAAAWBNYAAAAAKwJLAAAAADWBBYAAAAAawILAAAAgDWBBQAAAMCawAIAAABgTWABAAAAsCawAAAAAFgTWAAAAACsCSwAAAAA1gQWAAAAAGsCCwAAAIA1gQUAAADAmsACAAAAYE1gAQAAALAmsAAAAABYE1gAAAAArAksAAAAANYEFgAAAABrAgsAAACANYEFAAAAwJrAAgAAAGBNYAEAAACwJrAAAAAAWBNYAAAAAKwJLAAAAADWBBYAAAAAawILAAAAgDWBBQAAAMCawAIAAABgTWABAAAAsCawAAAAAFgTWAAAAACsCSwAAAAA1gQWAAAAAGsCCwAAAIA1gQUAAADAmsACAAAAYE1gAQAAALAmsAAAAABYE1gAAAAArAksAAAAANYEFgAAAABrAgsAAACANYEFAAAAwJrAAgAAAGBNYAEAAACwJrAAAAAAWBNYAAAAAKwJLAAAAADWBBYAAAAAawILAAAAgDWBBQAAAMCawAIAAABgTWABAAAAsCawAAAAAFgTWAAAAACsCSwAAAAA1gQWAAAAAGsCCwAAAIA1gQUAAADAmsACAAAAYE1gAQAAALAmsAAAAABYE1gAAAAArAksAAAAANYEFgAAAABrAgsAAACANYEFAAAAwJrAAgAAAGBNYAEAAACwJrAAAAAAWBNYAAAAAKwJLAAAAADWBBYAAAAAawILAAAAgDWBBQAAAMCawAIAAABgTWABAAAAsCawAAAAAFgTWAAAAACsCSwAAAAA1gQWAAAAAGsCCwAAAIC1AEEGDLNwYtUpAAAAAElFTkSuQmCC' height='250' width='300'/> ]]>
  </system-out>
</testsuite> <!-- com.tribu.qaselenium.tests.mazaprendo.MADeleteCourseTests -->
