<?xml version="1.0" encoding="UTF-8"?>
<!-- Generated by org.testng.reporters.JUnitReportReporter -->
<testsuite hostname="station" failures="0" tests="1" name="com.tribu.qaselenium.tests.mazaprendo.MAFeedbackCourseTests" time="36.703" errors="0" timestamp="2022-04-15T23:37:02 COT" skipped="0">
  <testcase classname="com.tribu.qaselenium.tests.mazaprendo.MAFeedbackCourseTests" name="feedbackCourse" time="36.703"/>
  <system-out>
    <![CDATA[ <img src='data:image/png;base64,iVBORw0KGgoAAAANSUhEUgAAB4AAAAOiCAYAAACRicroAAAAAXNSR0IArs4c6QAAIABJREFUeJzs3WV8FFcXwOH/7MYTiEAguLu7Fihe3AvFrQXaQgulpdSgLW+F0iKlQHF3dy/uFiA4hEBIQiDuye68HzZZsslGCQQ5T38pyczcmbu7szbnnnMVVVVVhBBCCCGEEEIIIYQQQgghhBBCvBJCQkIy3VaThf0QQgghhBBCCCGEEEIIIYQQQgiRjSQALIQQQgghhBBCCCGEEEIIIYQQbwgJAAshhBBCCCGEEEIIIYQQQgghxBtCAsBCCCGEEEIIIYQQQgghhBBCCPGGsMjuDgghxOtOp9Oh0+lQVRVVVdHr9aiqmt3dEkK8ZhRFQaPRoCgKiqKg1WrRarXZ3a0sFREZRXRMLDGxcYbXTr0enU5eM4UQQgghhBDibWb4DqxBq9Gg1WqxsrTA2soSO1ub7O6aEEK8thRVrrgJIUSGqKpKXFycMfArhBAvUkIg2MLCAkVRsrs7GRYaHkFEZDQRkVE42NliZ2tlCHa/hrdFiNeJjY1cLBNCCCGEEK8HffzgYMMgYcNg4YjIaCKjorGztcHOxpocDnbZ3U0hhHjpQkJCUlzXv39/Fi9enOJ6CQALIUQGxMTEEBsbm93dEEK8pSwtLbG0tHwtAsEhoeEEBIfi6GCHtbWlBHyFeMkkACyEEEIIIV53qqoSERlFeEQUEVHRuDjlIKeDfXZ3SwghXpqUAsD9+/c3/p5SEFgCwEIIkQ4S+BVCvEosLS2xsrLK7m6YFRYRSUBQCDkd7LCxsszu7gjx1pIAsBBCCCGEeJPo9XoCgkKJjIrG2SkHDna22d0lIYR44cwFgBMHfxOYCwJLAFgIIVKhqiqRkZEyP6UQ4pWjKAq2travVDaw35MALLVa7Gyts7srQrz1JAAshBBCCCHeRLFxcQQGhQKQJ7dzNvdGCCFerKQBYHPB3wRJg8ASABZCiBTodDqioqKyuxtCCJEqW1tbNBpNtvZBr9fj7fuEXM45pNSzEK8ICQALIYQQQog3WXhEJAHBoRRwc5XvoUKIN1ZqcwCnJXuvFgohxCsqLi5Ogr9CiNdCZGQkcXFx2Xb82Ng4Hvg8xjWXo3zpFkIIIYQQQgjxUtjb2eKW2wWvh77EZuN3YiGEeFVJAFgIIZKIi4sjOjo6u7shhBDpFh0dnS1B4NjYOAKCQnDL7QxSVEYIIYQQQgghxEtkaWlB0UL5eBIQLEFgIYRIQgLAQgiRiF6vl+CvEOK1FB0djV6vf2nH0+v1PHr8BKec9jJPuhBCCCGEEEKIbJMvTy68ffzRy3dTIYQwkgCwEELEU1WVyMjI7O6GEEJkWmRk5EsLxnr7PiFvbmcJ/gohhBBCCCGEyHYF3Fzx9vXP7m4IIcQrQwLAQggRT+b8FUK8CV7Ga5nfk0ByOeeUss9CCCGEEEIIIV4JlpYWuDjm4PGTwOzuihBCvBIkACyEEEBMTMxLLZ0qhBAvil6vJyYm5oXtPywiEguNBo3ywg4hhBBCCCGEEEJkmL2dLSoQHiEV/oQQQgLAQoi3nqqqxMbGZnc3hBAiy7zI17SAoBDs7Wxe2P6FEEIIIYQQQojMcnHKQUBQaHZ3Qwghsp0EgIUQbz0J/goh3kQvIgs4JDScHPZ2gJR+FkIIIYQQQgjx6rG0sMDWxoqQsIjs7ooQQmQrCQALId5qkv0rhHhTxcbGombxHL0BwaHYWltm6T6FEEIIIYQQQois5OyUk8CgkOzuhhBCZCsJAAsh3mo6nS67uyCEEC9MVr7GhYZH4JTDPsv2J4QQQgghhBBCvAhajQZbW2vCwmUuYCHE20sCwEKIt1pcXFx2d0EIIV6YrHyNi4iMxsrKIsv2J4QQQgghhBBCvCh2tjZEREZldzeEECLbSABYCPFWkwxgIcSbLCtf4yIio9AoSpbtTwghhBBCCCGEeFEkACyEeNtJAFgI8daS7F8hxNsgK4LAEZFRONjZZkFvhHjdqIaf+H+eLVUxN8O2avwvvpma8rZCCCGEEEKIF0ejKFhbWxEZFZ3dXRFCiGwhAWAhxFtLr9dndxeEEOKFy4oAcFRMLHa21lnQGyFeL4bgrR6NqkVRAVUDqh69okdVFUj8g4KKQpxGj4oGRdUCGvQkxI8lDCyEEEIIIcTLZG9nQ1R0THZ3QwghsoVM5CaEeGupqlyIFUK8+bLitS42Ng5bmf9XvI3iA7s6JRYUHagaNOix0FkYgrpK8sFkVnFaFHSoShwKWjSqgrF4uqICUkpdCCGEEEKIl0Gj0RAVJQFgIcTbSa7kCSHeWpIBLIR4G2TFa51Op0OR+X/FWyghdKsqSnz2rxadRo8CKKoehSTPL1VBr2iJ06iAFq3ekAOsVxL2pkj4VwghhBBCiJdEq9Ggk+t/Qoi3lASAhRBvLckAFkK8DbLitU6+MIu3lgLoFbSAQhwqcah6DXpNLKpiQbKvU4qKQiwWqqEEtKLXoSoKekUjc+8IIYQQQgjxkllotcRlwbRIQgjxOpIAsBDirSUBYCHE2yBLAsA6CQCLt5OqAopCjC4O70g9odEKFnqI02hQVD0aNQ7i5/ZNyOxVVNUQLFa16BWwsVDJ76xBq6iSSS+EEEIIIcRLpNVq5PusEOKtJQFgIYQQQgiRKhkwI95eKooaR3CMhvn/RfHfDRULnYY4TRwqWhQ9hihx/FNEVVVQFRR06PUWaFU95XMH80O//OS1l+CvEEIIIYQQL5NGo5Hvs0KIt5YEgIUQ4g0VHhmDp28QQaGRRETFoigKBVxzUDivE/a2Vim28fILwts/FFVVsbOxxCmHLcXyOWNnY/mSb4EQQgiR/VRFQadquBtow1kfK9BpABVV1aCooOrjA8Cq8iwYrAJ60KBDjVWJjW8jhBBCCCGEEEII8TJIAFgIId4QV+895r/z9zh5xYuz173x9g8xu52FVsO7NYrTt3VVOjUqD8DGQx4s232Rg+fuEpdCaZwCrjmpWbYAdSsWpkn1YlQolueF3RYhhBDilWAs2aygahRUBdAqhmCvXkFFBY3hdxTiA79qfDsVUNAn7EMSgIUQQgghhBBCCPGSSABYCCFeY15+Qaw9cIU1+y9zzdM/2XqNRiGnvQ1WFhqiY3UEh0URp9Oz9/Rt9p6+TfNaJVBV2H/2jkk7RwcbrC21xMTpCQmPQq9X8fYPwds/hM1HrgFQrqgrPZpVonvTihTO6/RSbq8QQgiRLZTE/xoCu2h4lvWbsBgMAWE1YVvFEAyW4K8QQgghhBBCCCFeIgkACyHEa2r45M0s333JZFmZwrlpUbsktcsXpGLxvBTN54yFVmNcHxQayYkrD1i66yLbjl1n35lngd92DcrSt3VV6lUshFMOW+PyOJ0eT59Artz147THQ/aevs0Nrydc8/Rn4vwDTJx/gN6tqjBrbMcXf6OFEEKI7KJRngV39QAJc//GB4OTFtBIyAJWDKuMMWEhhBBCCCGEEEKIF0xRZRZ0IcRbKjw8PLu78FwcW/yEqqrkdXGg33vV6NWiMiUL5kp3+1X73Pnw100AzP26M+83q5TutrcfPmXlXneW7LyAX0AYiqIQvPe7DN+Gl0mn0/PBhDUcvujJ94OaMrxz7ezukhAvjb29/XO1v/fAh3yuzlnUGyFeHwlflPwjtHy+ScdGd0tUVWPI+tUnDgbz7HdVMZaC1qCnWt4gln/uQKGcKhpzB3lBbGxsXuLRhBDZYffJm/SdsJKCeRzZPW0ors7P934PsOnQVbqOW4JGoxB77Ncs6OWrxdMnkBJdDLfr3OJRVC2dP5t7JIQQ4kW798CHYoXyZXc3hBAiU0JCzE/zmB6SASyEEK+phPE7s8Z2pHmtEhlu36JWSePvzWtmrH3Jgrn4buC71KtYmC5fLycrxxL9tuwwkxb9R50KhdgzdQCKkv58qZhYHbWHzOKudwCzvuxI75ZVjOtueD1h54mbAMzbclYCwEIIITJGIb7sc/wPqiHgm5AVjAIa9VlAOGG55vUsAZ2vzU88DgzLUJs3NWAkxKtq3uZTPA2O4GlwBPvP3qZniyppNxKvvNMeD1ix6wIHzt3G2z+EsIhoXJ0dqFWuIEM61qFtg7Kptt97+haz1p/gxOX7PA2JwCWnLfUqFmFEt/q0qF3KbBtVVdl06Cob/rvCySv38X0ail5VKeDqSONqxRn5fkMqlXBL1i48MoYlO8+x9YgHV+/68TgwDCtLC0oUcKFN/bKMev+dVAcm3Ljvz18rD7P39C0ePg7G1tqSKqXy0bdNDQa0rWlSzSo9rt71o86gGURGx/LLx+/xZZ8mxnWf/7WF6WuOJWszqH0t5o7vZrJs54kbtBu9IM3j7Z/5IU2qZ+y7dEYf32W7ztN/4up07btlndLsnDoYgFLdfuOud0C62h2b+zF1KxbOdB+H/m8dC7aeSdexJg1vzbh+7yZbvvnwVVbuucipq148DgxDQSGviwP1Kxeld6tqtK5Xxuz+nvf5ktSAH1ezdOd5Crg6cmHpZ+RytAOeDY5JqngBF26t+ypDxxBCCCFeFgkACyGEeCWduvqAVfsu06tF5XS3mbnhpPFLbtKgdKlCuWhUtSjHL3vRv021LO2rEEKIN59i/F/8LwqGgK8x81d9tpz4vzXxpZ/V1zIG/FqwbDAOvV5l9aQ+dGua/momQrwJ+rxXnd2nblIwjyNNMzigU7x6wiNj+PCXdazaeynZOp8nIWw54sGWIx70b1uDeeO7o9GYvrPo9Sqjp25lxlrTIKd/YLix7afdG/DnZ+1N2t708qfPD6s4d/1hsuPeefiUOw+fsnjHOWaM6chHnesa120/dp0Pf1mH79NQkzYxsTou3fLh0i0f/t10im1/DqJ2+ULJ9r1yz0UG/rSG2DidcVloRDRHL3ly9JInS3ecY9PvA3DOaZusrTlhEdF0H7+UyOhY2tQvy9jejdPVzhyfJ5nPtEnJ8z6+6ZHDzjpTfXOwtcq2PkZExdLt6yXsPnkz2baePoF4+gSyYvcFujSpyPIfP8DKUvvC+jpvy2mW7jyPVqth1c+9jcFfIYQQ4nUlAWAhhBCvrO/n7qN9gzI4pOOL7OPAcCYvP5rieksLLdv+6IeqqhnKKhZCCPH2ip/F10Bj+NHo45N8FQzz/Op5lh2sV00bAwqv54w755eMQqc37bunTyCNh80CYN0vfamV5IK+vL0K8XJ1bFSB4P0/ymfbN8THkzcag1mdGlegy7uVKFEgFzq9nmuej5m26ige9/xYvP0cVUsXYGSPBibtx87YZgz+vlevDEM61qFQXkce+AUzd/Mpdp24wYy1x9BqFaaMag9AbJyOdmMWcufhU2ysLRjUrhYt65Ymf+6cBIVGceqqF1NXHeFpcAQfT95E7fKFqVYmPze9/Ony1WLidHry5c7Jh53q0KByUZxz2uL7NJQdx64zb8tpngZH0G3cUq6vGYudjaWxr5sOXaXPDysBKFc0D6M/aETlkvkICY9i439XmL3xJEcvedL6s3kcn/sx2nRkAn/063pu3PenYB5HFv/wfrLnxYShLRmTKCjcddwSzl5LHvQGeBQfAK5fuQgrf+qd4jFdndJfdj2zj2+XJpVSzTIe9edmNh26Sm4ne/4Y2c64/MicEcTp9GbbXL//mPZjFhITq+PLPk2oGJ/dndk+/v5JW34Y0sLssSKiYmjz+QLuPQqgQeWifNipjsn6r/7ebgz+ftytPsO71qNEgVzo9So3vPz5Z91x5m05zYb/rvDj/L38PKz1c/U1JZdu+TByymYA/je8NfUrFzFZ37puGe5vHm/8+49lh5INthBCCCFeNRIAFkII8cryCwjj9+VH+HFo8zS3nTBvP2ER0ca/U6pKLRfIhBBCZIqS5N+EctAKz9KDE2UEK5pE272G8uXOmWxZVEyc8XdXZwcK5nF8mV0SQpghn23fHFNGtcf3aSif9XwnWbnbBpWL0qtFVeoMmsE1z8fM33LaJKB19tpDpq02BKO+7NOEXz5+z7iuRtmCdGpcgS9nbGfKisNMW32MXi2rUbNcQSwttKz6uTejp25lwbc9KF7AxeS4zWqVpFPjCtQaOJ2o6DgWbT9DtTIdKV3Ylbnju7H1iAeLvn8f+/gM0gRt6pelRrmCDJm0Fm//YHadvEGXJhUBQ5bvp1M2AdCoWjF2/jUEG+tnlyeb1ixJizql6fKVIUA7fc0xPu/1Tqr33T/rT7Bq7yUstBpWT+qDS87kmZuODjY4OtgY/07IJDXH94khq7mIm3OWvddl9vG1s7HEzsZ8H/5Zf4JNh65iodWw9n99KezmZFznliuH2TZBoZF8MnkTMbE6WtUtzaThrZ+7j845bVPM1O717XLuPQqgYB5H1v3aF0uLZ/e7qqos2n4WgGFd6jJ9TEeTtlVK5WPO112xtrJg5rrjzN9yxhgAfp7nS1Ih4VF0H7+U6Jg42jUsx5gPGiXbxsbawuRcyGGfuWxrIYQQ4mWSALAQQohXkpWllphYHTPXn6Jv66qUKpQ7xW0v3HzE8j2GL/yKopiUEUus/odzuHLXj28GNOGrPqZf6vaevs3C7ec5c+0hT4MjsLayoFAeR2qXL0jnxuVplsGyekcv3WfxjvOcue7Noych2NtYUbaIK93erUD/NtVN5rNyv+1Lw2H/AnB52UiKJPrinthPCw8yefkRqpbKx+FZQ83etumj29HpnXLMWHeSbceu8+BxCPfWjcHayvCWf83zMf9sOMXhi548ehKKqqq45cpBtVL5aF2vNN2aVDBumyA2Tse6g1dZufcS1+8/ITA0EjcXB2qUyc/AdjVoXK2Y2f4GhETwz/pT7Dx5k7uPAomOicM5hy0ViuehaY0S9G5VJUOj5oUQIruoCf/XEJ/xq6LoNagJyxQM2b8JiTYmpaINZaFV3q4y0BFRsSzafpblu85z68ETIqNjKezmTLsG5RjetR5F8zmbbbfrxA3+3XSKU1e9eBIUjrWVBUXcnKlbsTDdm1WmZZ3S3H74lDLdfzdp9/43y4y/W1lqiTz8v0z1OzAkkkXbz7J2vzt3vJ8SFhlN/tw5aVG7NCO61jNmSSXo/OVithzxoF+bGiz8rofZfcbp9Fg3/BqAzZMH0K5hOeO6hDkF87vm5MGWb9h98iazN5zgtMcDBrWvxU8ftTLuY/6W06zcc5HLd3wJCY8ih501ZQq70rh6cfq0rp6sb2CYX3POxpPsPnWTB35BWFlqKZ4/F92aVWJw+9rPVd6yWt+puN/2Yc7XXenapBJTVhxi82EP7j0KwNrKguL5XejevDJDO9QxGxhImI/zg1bVWPz9+/y76RTLd5/nuqc/yyb2olXd0ibbbzp0lXmbT+F+25cnweHky5WD+pWLMqJrPepVKpJs/5C+8ykpb/9gZm84yebDV/H0CcTKUkvJgrl5v3kVhnSsbbbEauLbMm98N2ZvPMmafZe4ft+f8MgYCuZxpE39snzVrwkFXFMOJsXp9Kzd787SneeM86m6OjlQq7xhLsv3kgQ5Es4fc/Nvh0fGsGLPRbYd9eD8DW/8A8PjH38XOrxTns97NUp3ad2MSHxfLPyuB3M3n2LF7gtcvetHTKyOwm5OtKpTmuFd61G6sKvZfVy48YjF289y6MJdPH0CiYiKIZejHXUqFE51Hlt4Npftgq1nuHTLB/+gMPI4O9C8Vim+7Nsk2efcxNL7fEy8fUbPydTkcrRj17QhKa63t7WiR/MqTJy3l7veT03WTV11BFVVKVc0Dz8Pa2W2/f9GvMfWo9e46eXP1FVHWDaxFwDVyxTgv1nDUjxu+WJ5qVOhMIfO3zWZU7Zfmxr0a1MjxXZ9WldjxO8biInVmfR31d5LPPIPwdJCy6Lv3zcJ/ibo8E55BrStwcJtZ/lz5WE+69kwxcEO564/ZMy0rQD8+nEbk7lsM8vnqSEDOKUgamY8z+NrzuEL9/j8ry0A/PV5Bxql8J0sMb1epfcPK7n14AklC+ZixY8fmJRGzuo+/m/RAdbsd8fG2oINv/Ujj7ODyfrQiGgiomIBaJxKlnODKkWZue44jwPD0On0aLWaLO3rkEnruPPwKYXdnFj0XfLscSGEEOJ1JQFgIYQQr6Ti+V0ont+FHSduMG7WHtb/74MUt/3qn92oqsqwznVYscedgJCIZHMAp2b87D38ve6kybK4yBiu3/fn+n1/luy8wMG/B1OjbIE09xUdE8cXf+9k8Y4LJsujouM45n6fY+73WbrrIusm9SL3Cwh++jwJpd6Hc/D2fzZvVcJdsemwB4MmbUhWCszLNwgv3yA2H7nGk6BwRvWo/2ydXxD9f1rPueveJm3u+wZx3zeIDYc86N2qCn+NbGty8eam1xPafrEEv4Awk3b+QeH8d/4e/52/xzH3+6yd1CurbroQQrxYCYHc+Mxfw7/Ks7LPGuJXqIAGVa++tuWfn9eN+/50HbeEa56PTZZf93zMdc/HzNpwgrnju/F+8yom67+Yvo2/Vh4xWRYXGYPHPT887vmxYOsZTs7/hNxO9sbsroCQCAAc7Kyxis8qMhdMSI8jF+/xwfcreORvOvfjXe8A5mw8yYKtZ5jxRSeGdqydqf2n5acF+5kwd4/x77g4w/t1ZHQsrUbO45i7p8n2wWFRnPZ4wGmPB8zfcoYHW74xue3TVh/lq793mAyMC4+EcyEPOXf9IVNXHmHFTx+kWlo0Pa57PqZCrz+M7/m21pYEh0Vx/oY35294M2PNMVb/3CdZOc0EOp2etqMXsOfUs/kfE3+OC42Ipv/E1Ww+fNWkXeK5Ib/o3ZhfP37P5KJ9es+nxKXMtx71oP/E1QSHRRmXhUfCGY8HnPF4wD/rj7P+135ULpnP7G15HBBG7UEzuHLHFzBk56qqyr1HAcxcd5zV+y6x7+8PqWQmWP/AL4he363gxOX7Jsu9/YPxPhTMpkNXGdiuJnPHd0szOHH5ji/vfTY/2TymsXE6Lt/x5fIdX5buOs+ROSNeWCZ/WEQ0746YzXF3w+2xtNCiqio37vtz474/szeeZOrnHUzmlAVDOdu/1x5Ptj+/gDDjnJ4Thrbku0HNkm0TFBpJv4mr2H7susnyh4+DDQNSdl9IMTiaVErPR8j8OZkVEgaROuV4FryPjdOx47jhNg9sXyvFcskWWg2D2tdi3MwdbD92nZhYXapZsIlZarXJjpsWreZZPxK323zoCgAt65SiiJv5wUAAH3Wuy8JtZ3nkH8KZaw/NziMcFBpJj/HLiInVxQ9sSD1TOL0S3gfyumRdADg9zD2+5tz3DaT7+KXE6fQM7lCLEV3rpWv/X/+zk10nbpDDzppNkwdk6PHMaB+3Hb3G9/8ankP/ft2NGmULJtsmp70Nbrly4Ps0lEPn79CjWWWz+9ob//5QurBrusqBZ6Sv01YfZf3By8bs8RcxMEYIIYTILhIAFkII8cr6ZXhL9p+7w97Tt9l54ibv1UuepbFm/2VOXnmAq5M94/o2YsUe9wwd4/hlL2Pwd2iHmgzrXJtCeZwIDo/i7qMA1h64wtPgiHQFfwFGT9/B0l0XAejbuir921SneH5ngsOj2XbsOr8tO8L5G4/46p/dzB/fJUN9TY8pK48SE6ujTb0ydGlSnny5c2BlqSU8MoaP/9hKnE5Po6pF+X5QU8oVdUWvV7nvG8TuU7fYfOQag9s9G8UfFhFN1/EruXHfHzsbS8b0akiHhmXJ5WjHfd8glu66yIJt51i+2zD30qyxz0p2jZmxE7+AMArldWTyJ62pU74QdjaWePkGcea6N3M2nWZc3+SltYQQ4lWiAirKszLPSsLShH8V0CQKAivxswZr1Gejb17TEtCZFRQaSZvP5+PpE0jFEm5MGtaaBpWLYmttydV7vvxv0QE2HbpK3wmrKJjHkQaViwJw9JKnMVg3oms9Pu3RgMJ5nQkKi+SO91NW7L7A0+AIY7DOf/cPAFg2GIderzL/m+50a1op0/2+5vmYtqMXEB4ZQ5F8znw7sBlNa5bE3sYK99s+/L70P/aducWI3zfQsEpRyhXN85z3lKnHAWFMmLsHV2d7PunegFrlChmrn0xZcZhj7p5YWWqZ/Gk7ujSpSC5HO3yehnL1rh//bjpJ4+olTIK/C7aeYfRUQ0Zc4+rF+bJPE6qWzk90bByHL9zjx/l7uesdQPsxCzm14FPKF8ub6b4nPG7Du9RjTO9GFMvvQkysISD1xfRt3HsUQLsxCzi3eBTF8rska7/x0BViYnVUKuHGsC71KF04N1VL5zeuH/CjIdCW28meCUNb0OGd8uR1yYGnTyDzNp9i6qqj/LH8EC6OdnzVtwmQ8fMJDEHe7l8vIzZOR/uG5Rk/sCmVSrgRHRPH8cv3+WbWLtxv+9Bu9EIuLP3MbPb0vjO3AMM8liPfb0iJAi48Dgxn8+GrfDljO0+Cwun7w0ouLP3MJDAYERVL29ELuHrXD1trS8b1f5cuTSqS1yUH930DWbDlDLM2nGDhtrPUqVgkzUEIxfI5o6oqreqWZmC7WtSrVASXnHb4PAlh46ErTJy3Fy/fID6ZvIlNk/un96HOkC1HPABDOd9Jw1tTMz74c/b6Q76dvYv9Z24z4veNuDo7GEsDAxR2cya3kz0jutajbYNylCqUG51ez5U7fkyYt4dD5+8yYe4e2jYoS/Uyzz6fq6pK3wmrjIHQAW1r8mHnOpQokAv/oHDWHbjMb0sO8tXfO9Lse2rPR8jcOZlVth29BmB87QS49eCJcdBC4uXmJKwPCY/ihpe/2cEISQWGRHLU/R5AigM5zNlz6iYxsbpk/ToTP+9u/TT6Wr1MAWysLYiKjuPUVS+zAeABP67B0yeQIvmcU6zCkBk+Tw0loLVaDZ4+gVhaaMhhZ01Oe5s0Wj4fc49vUhFRsXT+cjFPgsKpV6kIf3/ROV37XrH7An8sPwTA0ok9M/0+lp4+Xvd8TJ8fVqKqKmM+aETvVtVS3Pb7wc0Z8ftGZm84iYLC0E51KFHABb2qcuvBE2ZvOMnCbYYy0RM/bJn4RvP2AAAgAElEQVSlfT111YsvZ2wH4PdP25o9x4QQQojXmQSAhRBCvLKK5Xfmsx71+W3ZYb6evYemNYqblG2LiIrl+7n7AZg4tBk57W1IuJaW3gTgY/FZCaUK5WbKyDbG5TbWDuR1caBeBkqI/Xf+njH4O2XkewztUMu4LreTPaN61KdJteLM2XSaH4cmz1rICjGxOrMlri/f8SM0fo7k+eO7kNflWfmtyiXdqFzSjbG9TUfMT1l5jBv3/bGxtmDXXwOoWupZtktuJ3tqlC1ApRJ5+XzaDpbvvkTP5pWN5aCPX/YCYOKQ5rRJVK6wTBFXyhRxpU+rqll7w4UQ4oVQDWWeUdAAGkVFp1FA1YMuPrKrJgoCa1RjiWitXo+CgqoBffwcwaohnPxG+3nhfmPw99i/I3BIVC63RtmCrP+1H8N+Xc/czacZ9edmzi4aBcDhC3cBQ3bPjC86Gdu4WefALVeONIMaz+ujX9YTHhlD6cKuHJ/7sUkGULNaJWlaswSf/7WVxtWLZ3nwFwylfwvmceTEvE/I72o6//KRC4bAy4C2Nfmk+7MqHUXzOVM0nzNtG5Q12T4wJJKRUzYD0LNFFZZO6GVS4rPve850eKc89Yb8zY37/gz/bQOHZg9/rv7/8vF7fNnnWaDLylJLp8YVaFStGDX6T8PLN4gvpm9j/a/9krWNidXxXr0ybPitf7JsxK1HPdh06CoOdtYcmPkRFYo/C1SXLJiLXz9uQ+WS+eg7YRU//LuHwe1rkdvJPlPn0/DfNxAbp2NA25rM/7a7cbmttSVt6pelcbXiNBo2i4s3H/G/RfuZMqq92fti/ICmJqWC87o48GGnOthaWzLgx9VcvuPLaY8H1Knw7DPmr4sPcPWuH9ZWFhyeM9wksJnL0Y7qYwtQrUwBfANCGdiuptnjJuZgZ825xaOSla8tUTAXX/RujIOtNR9P3si2Y9cIDosymRc1K7VtUJZNvw8wOf9qly/ErqlD6PLVErYe9WDE7xto37CccV7QkT0aMLBdzWRzuDaqVoxtUwZR6YMpePoEsnL3BZP7aeOhq8bg79TRHfi0+7P5PnM72fPdoGa8V68M73z0jzEomZLUno+ZPSezwrwtpzl11fAZe1iXZ5nTiSvupFRe39x6v4DQdAWAR/25majoOJxy2NKzefo+w4dFRDN62rNBKAmvmzqdnqfBEfF9ST4gJDGtVkNBV0duP3zK4yRVhQAmLzvE1qMeWFpoWf1zb5MszzqDZhASHs200R3MlnpPi298AHjs9G2Mnb7NuNwphy11KhSif9ua9GhWOUszvFN6fJP6e90xLt3yAeD2wyd0+nIRnRpXZEDbmqlmdA/9ZR0AGo3C93P2sOfkTT7qXNfs9AHP28cx07cZv3tuPHQFb/9gereuTpv6ZZNt+1HnulhbWfDJ5E3M2nCCWRtOJNsmp70Nc8d3y9BAr7T6GhASwfvfLCdOp6dzk4qMer+hcd2SHef4ZfFBShfOzebJA9J9TCGEEOJV85aNRxdCCPG6Gd2rAQXzOHLXO4AZSco0/7XqGI+ehFCzbAF6t6ySwh5Sl3DByy8gjNsP057HKDUL4kcm1y5f0CT4m1iVUm78M7bDCyn/DFC8gAtf9k5e+izxhb1j8cHZ1Oh0ehbvPA/Ax13qmgR/Exvcvia1yhkyOuZvPWtcntPecMH/1FUvdElKTgshxOtCUUGDioU2jqJOoVTPE0AFl3DsFT0YM4PV+H8NKcKKomCljaNU7kiq5wuiomso9ooeRX3zg786nZ4lO84BMHFoS5Pgb2K/fdIWC62GCzcecTm+VG7C+5Tv01BuPXiSZX3S61XidPpkP4nfmzzu+RnLK08b3cFs+UdFUZg6ugOdE2UqZrWfh7VOFmyCZ/fNpVs+hIRHJVuf1PLdF4iMjsXG2oKZYzubBN8S7/OvzzoAhmxZj3t+xnU6M/dXnE6PXm9+dF2x/C6M7d3Y7DqXnHb8+KEhGLr1qGGqiaQURWHml53NBi4WxX+2GtSupkmgLbEPWlWjZrmCxMbpWLn3ovH2QfrPJ/fbPly48QiNRuH3T9ua3cbe1soY2F2y47zZ6UasrSxSzPjs07qaMUs78dQaer3KvC2nAfi85zsmQc3EBneoxTcDmhpLmqYltblLEwYNqKrKTS//dO1PVc0/l5JOLZLY9DGdzJ5/Go3CtDGG888/MNykZLOlhTZZ8DeBnY0l79YwlCxPWmJ+yXbDa0/NcgVNgr+JpbYuqZSej5k9JyHjz63Edhy/zse/bwTg0+4NTEq3B4ZGGn+3tbZMdT/2tlbG3wNCIlPZ0uDb2btYvtswtc3c8d3SVR43KjqOTl8u5sZ9f5xy2DL3627GdcHhUcbnjm06yvUn9Deh3H+CY+6efDN7FwB/jGxnks0Phulobnr5ExIeneYxknoaHGFSOj+xoNBIdp+8yQffraDt6AVERsca16Xn/SYlqT2+SSUu3e0fGM7ukzcZ/tsGag2cnmwKg8T0ehULrQa9XsX9tg//rD9B1b5Tmbb6aJr9y2gf4+L0xkEdd70DWLX3Eu3HLKTnt8uTvWY88Ati6Y7zxvtSURTy5c6Jq/Oz78sh4VEs3n4W/8Dk7yGZ6auqqvSbsIoHfkEUy+/C/G+6m6wPCInkppe/yZzXQgghxOtIMoCFEEK80mytLZn0UQv6/7SOP1Yc4YOWlcmfOycP/IKZtvY4iqLwx6fJ59dS0znvYrsGZfh+7j5CwqOoNXgWLWqVoE6FQlQrnZ+qpdxSvABlzsVbhovYbRuUSWPLF6dpjeJmR6KXKZybqqXycfGWDwN+WsffawvQpHoxqpbKR7XS+SmU13T+t0dPQnkSZLjQktbtadugDGeuPeTSbV/jsvebVeKfDaeYs+kMu07eolWdUlQvk5+qpfJRtoir2YuBQgjxKlL0GnJrtXzbzIkvWui5G6zy4eJwrjx1NOTzxs8JbBxaq+rIaxfE5N6O1C1siwX22Oj1qMYN3tzXv4f+wcbMrjkbT7J4+9kUt7WxtiQsIhqPe35UKuFGp8YVGDdzByHhUVToNYXWdUtTv3JRapQtSI2yBTL0fpzY4ElrjUHpxMoXy8vlFaOBZ8E4OxtLmtcqlanjZIVWdc1nqfVuXY31By9z6qoXRTr+Qod3ylO7QiFqlC1I1VL5k815fOGG4fY0qV4i1XkPW9Quha21JZHRsZy/4W0sA12y2294+QYl235E13om2bQJ2tQvm2oWXELGl06nx+PeYxrFVwtJUKaIa4rzgF64+QgwBKk7f7k4xWMkBJav3TMEBTN6PiUcx8bKgiGT1qZ4nJj4oFBASASPA8NNKqoAVCzuluLAB0VRKJrPheuej02CWd7+wcYMzo6NK6R47Mw4ecWLPaducu9RAOGRMcbAmy5RwDG9AbLFO84x+Gfz943fzu+TDW6sUDxvqtmoRdycqVA8L1fv+uF+24dOiW57UGgkG/67woUb3smCcQmDRpL22/2OISMyrUEanZtUZMqKw6luAyk/HzN7TkLGn1sJthzx4P1vlhGn09OjWWWmjGpnst450fM8Mjo21YzuiKgY4+8uaQRzx/+zk9+W/gfAtNEdTUp1p7z/WDqOXcTBc3dwsLNm25SBlCiYy7je0d7GODd2ZHRcuvZn6Ouz56x/YDg9v12OTqen67uVTCojZIVcjnboTvxmsiw6Jo7HgWFcvPWI2RtOsuvEDXafvMnXM3cydbRhMEN63m/MSevxTerbgc34dmAz9HqVu48CWLX3IpMW7ufKHV96/7CCg/8MM9su8vD/AEMw9eQVLybO28vJK16MnrqVSiXcaFqzZJb1cff0IYDhfrt8x5eZ646zZMc51u53p2wRVyYMNZRyjoiKpdkn/3Ln4VMKuznx44et6NGssrHqV0RULEt3nmPC3L3sOH6dliPncnrhp8bgcmb7+svig+w8cQMrSy2rJ/V+YVUQhBBCiOwmAWAhhBCvvM6Ny7NgWzEOXbjHd//uY/74LnwzZw9R0XH0e68a1cvkT3snKcifOyfb/ujHZ1O3437bl10nb7Hr5C3j+pplC/Bln0a0rpv2BeHHgYaLd3mcHdLY8sVxTSGzWKNRWPe/D/hs6na2HbvO2evenE2UfVI0nzNDO9bi4y510GgU/BNl6ORxTj1bOeHiZ+Lycz992BwrSy1zNp3hvm8Q/24+Y1znnNOWbk0q8N3Ad1O9MC2EENlNVUBVdGhVPTbEoWKNpaKgaEFNCPwatjT8oyiABgULrAAHnYIGDXoNqIqhlPSbG/7FJDNnz6mb6WoTGJ+BVsDVkf0zP2L4bxu4ePMR249dN8kKrF2+EN8Oap6s3HFW8AswlPp0dXbItgFKiqKk+B7esVEFFnzXg29m7cLnSQjLdp1n2S5DlQ5rKwta1SnNpOGtjQHchM8jSYOTSWk0CnlcHLjvE2gsd5oZaVU1cclpawz4JPQtMTeXlDNV/eO3P3/Dm/M3vFPcLkFgfGA1o+dTwnEiomKNc9em51hJ7+O0ggh28dmZiTMCE39+SusxSy+dTs/An9YYMzdTk95Bkxnl6pT2bUk4d/wTnRdHL3nS5avFxsEkKUna74QSwflzJ8/aTcxcVm9SqT0fM3tOZtaa/e70+WElOp2ePq2rs+Db7miTZIEnPm/u+wammv3t6ROYqJ357VRVZfTUrUxfcwyAmWM7p1ruN0FIeBTtRi/kmLsnjg427Jw62KTUORjKOudytONJUDj3fQNT2JOBXq/y4LEhYJ4n/jbq9Sp9fljJI/8Q3HLl4Odhrcy+fiUMdggKizSud7C1SnGARlqsrSwolNeJQnmdaN+wPL2+Xc6a/e4s2HaG3z5pYzJNUUak5/FNiUajULJgLr4d2IyCeRwZ/PNaDl+4x6VbPlRJoXoTGMopt6xTmsbVilOlz1/cevCEv9ceTzEA/Dx9tLayoGa5gsb5mZfsOMff647z/eAWaDQKi7af5c7Dp1hZajkw86Nk88Tb2VjyUee6NKxSjCp9/sL9tg8r9lykf5same7rf+fv8MPcPQCM6/cuBVwdk51DCeWr43R6k3WpPbeEEEKIV5EEgIUQQrwWJn/SmvofzmHtgSuUK5qHTYev4ehgww+DmprdPr1zAIMhyHt09ofc9Q7gzHVvrtzx49JtH05cecDZ6970+HYlKyb2oF0aF53zODvg6RNo9uJmahKX8ks8Kj+p4LC0yz6mduE6j7M9Kyb24ElQOKc8HuJ+25crd/04ftkLT59Avpm9B58nIfxvWEuTi15+AWEUzuuU4n4TLlwmvvhkaaHlx6HN+bpfY85c8+bSbV+u3PHllMdD7noHMHfLWc5ef8TBvwdLNrAQ4hVmCDHosUSjKmhVFa0eUGJAowN9kq9Tih4wlIRWFT16TSyKCjpFA4oe5cXEWV4ZiQdAXVk5JsNz5dYuX4hzi0dx5+FTTl71wv2WDxduenP0kienPR7Q4YuFbPitHx0bpT9LcuF3PYwXnlOSEATxDwxDr1cz9L6U8B7+vO/fikKqWbT929Sgb+vqXLz1iDMeD3C/7cO5696c8XjAliMeHDx3hysrx1Awj6PxcUgrqKvXq8agWeKL2vc2fp1mfxPzeZJyyVHD+lBjMMbcILnUP7sYPlv9PbYTw7vUy1C/MnI+JfTL1dke3x3fZ+g4zyvx5ye/gLAUs6EzYs6mUyzffQGtVsOUUe3o3rQyeRINcAiLiMaxWcZu54C2NRnQNu35hxM8SuO8APB+HAwYBl8AxMbp6PXdcp4GR/BO1WL8/mlbKhTLa1K2eOz0bfy58kiyfSUMZvA3U2Y8MXNlyJNK7fn4POdkRp9bi3ecY8iktej1KkM61GbWV13MPl9KFcqNo4MNwWFRHHe/nyzomtjxy/cBQxCwTGHXZOv1epXhv21g3pbTKIrC/G+7pxhsSywwJJLWn83j7LWH5HK0Y/e0oVRLYZBurXIF2XniBifc76e6zws3vYmKzxJOuE1bj3qw74xhsK7v01DKvf9Hqvv46Jf1xt+Tzs/9PAa0q8Wa/e6ER8bg5RdEqUK50/V+k1h6H9/06N60sjFD/+pd31QDwAmsrSzo8E55pqw4zNW7vma3yco+dmtamSU7zhEYYgjK53fNydlrDwCoW7FwsuBvYhWK56Vq6XxcuPGI01e9zJ6T6e3r6KlbjWXXf5y/jx/n70vxuDe9/CnQ7mfj39FHf0l3GX4hhBDiVSDvWkIIIV4LZYu4MqxzbQB+XHAAgPH9m5jMDfS8ihdw4f1mlfjpw+Zs+b0vV5aNTDS/bfJyXklVLeUGwPZjNzJ03MRl2+77Bqe43bkbjzK035TkdrKnbf0yfN2vMcsn9ODais8Y3N5wQW/e1rOoqkoB15zGIPC2o6nfnm1HDRk15uYJtrW2pFHVonzarS5zvurExcWfMOvLjoChhF7iLGQhhHj1KGjQokFFVUBRVfQoqJr4+X81xM//iyFioAE0KigaUJ9lqGn0hjmA33QFXJ/N2bc60byXGVWiYC56t6rGb5+0Yc/0odzdMM548X/2hpNZ0tfEapQ1zLkaERVrDCykV0JZ0nuPUs5kO+3xIPOdS0SjUahepgAfda7LzLGdOTn/E84uGoVTDltCI6KNWcHV42/PoQt3jRnW5uw5ddM452JK886mx7Zj11KdB3b9f5cBQ+Zf+WIZGxSQ0K/Vey9lun/pOZ8SjuMfGM7Bc3cyfazMKODqaAwCbz50NUv2mbCffu9V59PuDXDLleOlD7i76eWfbJ7exK7c8eX2w6cAxmDVGY+HxjlMl07oSe3yhUyCv6mpXMKwj53Hr6e63Y7jGfucnlRWnJPpMXvDSQb9tAa9XuWT7vWZPS7lwJulhdZYan3B1jMpzjkbp9OzYKuhKk/bBmWTzbut0+kZ8ONq5m05jVarYdnEXukK/voHhtP04zmcvfaQvC4OHPxnWIrBX4COjQ2lpHedvGG2JHaCORsNz8/8rjmN38nSUzb6ZUhcltzeJn3naGIZeXzTIzzRIKSMZDkntDPX5sX20XCfaeIHWkSl43FNeOw1ZgZnZKSvr8o5JIQQQrwMEgAWQgjx2hjXt5GxHHHZIq4M7ZA8CyHh+6CazgvtScs6JZbXxYG6FQwXGwJDU76AmmBQO0N/Tns8ZN4W8/MeXrnrx8g/t5lkH+TLncOYebN8t/kL5gfP3zXOUZhZD/zMB5dtrC1oWdtQ8isqOo7I6Dg0GoV+71UD4J+Np4zznSU1d8sZYxB3ULtnF4gePk45kN2h4bNM6vTcr0IIkV0UFRRVj07RoSbM4qsYYryGFDEMf2gSNlZQFQ16RTUGhvUaHSgKCpo3vAC0IcA3qF0tACYvP5Ri4DM4LIoVSUrTxun0KWaSuuXKQYPKRQBM5k4FsIu/8P48JYzLF8tLg8pFARj15xaCUnhvGjt9G5uSBOhqxAclzt/wxv22T7I2er3Kb0sOZrpvYAiupHRxvFqZ/BSPz5pKCPb2blUNW2tLoqLjGPH7BmOmU2JBoZF8PnUrAA2rFDWWj86MR/4hfDNrl9l1d70DmDhvLwDtG5ZLs1x0UkM61gHgyMV7/L32uNltVFXl302nTG5nRs+niiXcjEHhEb9vTDFL9PIdX45e8szQbUiLRqMwpINhkOPU1Ue4kMKAv0Xbz/LrkoMmgaeUJAT2c9qbL0m9MYsCzWkZ9ut6s+duZHQsH/1qyMx0dbY3Bi8T+g3m+x6n07P16DWzx+rX1vA59OC5O2z874rZbTx9AvlrZdrz/6Yms+dkRvy18ggfT94IwJd9mjBtdMdUKwQAfNbzHRRFweOen7G8bVLfzd7Ndc/HKIrCZz3fMVlnyL5ewfLdF7C00LJmUh96tqiSZl8f+YfQZMRs3G/7UMDVkf9mDaNC8dRfT3q2qEJ+15zExukY9PMaomOSnyPbj11nwVbD96nRvRoZb3/PFlXQnfgtzZ8Eqyf1MS5Lb/bv9DXHWLLjXIrfJ3U6PTPXGR77gnkcyZc7Y2WBM/r4bj92ndFTtxrnQzbnz/h5rbVaDTXKFkBVVXp9u5zjqWRZP3wczJp97oAhA/d5+jhx3l4WbD2T4n0WE6vj7/iS4mWL5jE+vxPeQ89ce8iZVAZL7T9zm+vxA0pqli/0XH29tvqLNM+f7wc3BwyfDxIvl+xfIYQQrxspAS2EEOK1kdPehp8/asEXM3Yx+ZPWWfIFbPGO83z77z56t6xC2wZlqFAsLzntrAkKi+TAubss3mkIyNatUCiNPUGT6sXo27oqS3ddZPT0HVy+40v/NtUpnt+Z4PBoth27wS9LDhESHkVEdCzzvu5sbDuwbXV+WXKIzUeuMfbvnXz2fgMKuOYkNCKadQev8s2cvc91O6/f96feh3NoW78MXZtUoEbZ/Lg62RMRFYv7HV8mzN8PQKUSebGzMcxP98UHDdl27Do3vJ7w3ujFjO39Dp0alSdXTls8fYNYtP08C7YZMqP7tKpK42rFAMMX/FafLyKPswN9WlWhfqXCFMrjiF5VufcoiMkrDGX7rCy1zzV/sxBCvHjxUVxFBVVBRTHM/atRDD8qoFeebZrQSqPGt0xozxse+n3m6wFN2XT4Kjfu+/PuiNmM7d2YHs2rUCivE0Ghkew/e5uf5u/jvm8QuRztaVW3NADzt5xm7IztDGhbkw6NylOpRD4c7W0IDI1g7+lbzNtiyFpLCNQmqFIyH8fcPfl77TFa1C5FiYK5OHrpHkXcnFMtJ5nUnK+7UmfQDG56+VNzwHR+GNKCd2uUwN7GCvc7Pvy+9D92nbjBtDXHuLTsc2N56/ebV2HczB0Eh0XR5aslzBzbmUbVimFrbYn7bR++/mcnRy7ee677dNSfmzl++T5DOtamZZ3SlCqYG2srC3yehLBkxznjPKT144OaTjlsmfFFJ4ZMWsua/e74BYbxdf+mVCudn5hYHQfP32HC3D3c9Q7AzsaSWV91ea7+Afyx/BD3HgXwWc93KFc0D8HhUWw/do0Jc/cSGBJJTnsbJn/aLsP7bVW3NB+0qsaK3RcY9edmTl/1YliXepQvlofYOD1nrj3gj+WHOHT+Lg/8gowBnsycT7PHdaH+kJnc9PKner9pfDe4Oa3qlMY5py3ej4NZd/Ayk5cdwtbagvOLP0vXXLLpNa5/UzYf8eDKHV8aDfuHbwY2o0uTiuR1yYGXXxDzN5/m73XHUVWV3E72xoBxSupVKsIxd09W7LnA8K71KFUot3HdtqPX+OSPTVnW99QcveRJw49m8t2g5tSrVARVhePunkyct5fLdwwlZ2eO7YylhSETtXqZAlhZaomJ1fHzgn389klbYxZfQEgEH/6ynlsPnpg9VufGFXivXhl2nrhBr+9W8ONHLfmwYx2cctgSG6dj82EPRv25OV0l2VOT2XMyvSYtOsD3c3YDMKRDbT7uXj/FgZW21pbkcjRUIahZriAjezRg2uqj/LL4IFfu+DGkY20KuznxwC+YfzedZFt88HzU+w2oGR94A4iOiaP7+KVsP3YdRVH4e2wnapYrmOJxnRxscLCzxss3iGafzOGudwC5HO1Y/mMv7GysUmyX18UBSwstOeysmTGmE13HLeHguTvUHjSDL3o3plIJN0LCo9l06IrxfK9R1nC7XpYHfkGM/2cnkdGx/L70P3q2rEqdCoXJ6+JAaEQ01zwfM3PtceOAn6/6vZtmcD6xjD6+jg42jJm2lVsPnrBs13n6tK5O4+rFKZTXiTidnnuPAli49Qx7TxuqVwxoW4MCro4s2XGONfvdWbPfnaY1S9KxUQWqlMqHo4MNfgFhnLh8n7/XHiMgJAJba0tGvd8w030MDI3kl8WGwSlTVhymZ4uq1K1ouM+Cw6K4etePGWuPGQO44wc8m8Kpf5ua/Lr4IA8fB9Nq1DzG9G7MBy2rUiivE3q9yn3fQJbsOMfUVYbvjyUL5qJXi6qZ7mvC80UIIYR4W0gAWAghxGulZ/PK9GxeOc3t0psBfPTSfcIjY/h38xn+3XzG7DaVS7oxrm+jdO3vz5Ft0Go0LNpxnoXbDT9J1SxbgN9GmF4MGtOrISeuePHf+XvM2XSGOZvOYG1lYRwRn8PO2hhczowjlzzR6fRsOXKNLUfMZ0645LRj5hcdjH/b21qx4Zfe9PtpHeeuezNx/gEmzj+QrF3vVlX4c2Qb499X7/nxNDiCB37BKWYtazQKf45sYzLXsBBCvFaU+OCuRgU9hizg+KqbakJZ6LdQDjtrdk4dTM9vlnPa4wE/LdjPTwv2J9uudGFXyhR5Nv/kofN3CY+MYea648bMqqSqls5vzMpJMK7/u7Qfs5BbD55QvuezuSA/7laf6WM6prvf5YrmYcdfg+n13XLuPQpgwI+rk21jaaFl5tjOJnMbOzrYsGxiL7qPX8q9RwG0+Xw+iqJgodUYMzV7NKvMoQt38YufbzcjIqNjOXXViwd+Qfzw7x5++Nd8Zt+AtjVN5kYe2K4moRHRfDljO4fO3+XQ+bvJ2uR1cWDlz72fK/sXYHiXehw8f4f1By+z/uDlZOvdcuVg1c+9KV4g/QH5xP79uiuWFhoWbz/H8t0XWJ4kexwM513DKsWMf2fmfKpcMh9bpwykzw8r8fYPZtiv6822a1qjBM45bc2uyyw7G0u2/zmInt8u58Tl+3wza5fZrOrBHWoxuH2tNPf3Zd8mbDx0hTsPn1Kx1xTqVSqCk4MtN7z8uenlT6USbtzzCSQsIjpLb0dijaoVI4+zA+sOXKbLV0uSrbe00PLnZ+3p+m4l4zLnnLb8+nEbRk/dyp8rj7Du4GUql8xHaEQ0p68+IDI6lnqVinDicvKsRkVRWDqhF71/WMHukzf5euZOvp65E5ecdgSHRxnLIv88rDXfzjafsZ5emTkn02Pb0WvGYBbAvC2nmbfldIrbt6lflq1TBhr//mNkO2LjdPyz/gRbj3qw9ahHsjYjutZLNhjj29m72H7MUDpbVXgiQF8AACAASURBVFWTeXPN+e2TNnzRuzFdxy3hrncAAE+DI2gyfHaq7U4t+NQYeO7UuAKLf3ifwT+v5codX7OvufUrF2HL5IFoX2LWZV6XHHzavQF/rTrCNc/HKb7mAnze6x1GdE3/PNCZfXy/6NOYsdO38zQ4gmmrjzJt9VGz23d4pzwzxnQCoHmtUrSoXYq9p29x4OxtDpy9bbaNUw5blk3sRen4+aAz08d1v/RleJe6zFx/guuej5mQQga6RqMwYWhLereqZlxmZ2PJ3hlDaTdmIXcePuX7Obv5fs5uFEVJ9n2+fLG8bPtzoLF0+fM+X4QQQoi3gQSAhRBCvFEyWl5zwTdd6NemGhv+u8qpqw956B9CRFQMjg42VCiWh06NytP/vWpYW6XvLdPayoLpo9vRo1klFu84z+lrD3n0JBQHWyvKFM5N96YV6d+merLsZStLLRt/6c3C7edZvf8yHvceExUTR9F8zrSsXZLRvRqw5/TtTAeAh3aoRcPKRVm59xLH3L247f2U4LAobK0tKZ7fmZa1SzGia51kAdlCeR3ZM3UAaw9cYdU+d655+hMYGolbrhzULJOfge1qGDN/E1QrnR/3pSNZufcSB8/d5cpdPwJCItFqNRR0zUmDykUY1rk2FdMoDyeEEK8a46VIRTH8pegxBIGJDwLHB4OVN3++39QUcXPmyL8jWLPvEit2X+DyHV/8AsLIYWdNxRJ56fpuZYZ2rG3y3rr8x14M6lCLNfsuceKyF15+Qcb340ol3OjWtDJDOtRO9n7cpn5ZtvwxkF8WH+DCTW+sLS2oVMKNtg3KZbjfDasUxX3ZaBZuP8vafZe44/2UsMgYCrjmpHmtUnzcrT4VS7gla9emflnOLRrFH8sPse/MbXyfhmJva0W10vkZ3KE2vVpWpVCHSRm/IzFkLF1ZOYZ1By6z9YgH564/xDcglLg4Pa7ODtQqV5CB7WvR4Z3yydqO7NGAVnVKM3vDCfacvoWXbyBWlhYUz+9Ct2aG+zMrsqHccufg7KKRTFt9lDX7LnHrwRMsLbQUy+9C13cr8WGnOhku/ZyYrbUlC77tQf+2NVm49QzHL9/H2z8YC62W4vldaNugLCPfb0geZwdjm8yeT+/WKMHlFaNZtP0c6w+4c8f7KUGhUeR2sqdOhUL0b1vT7H2dFQrmMZTPXbvfnaU7z3Hljh+PA8NwdbandvlCDOlYh/fqlUnXvnI52nFq/qf8uuQgmw5d4eQVLyy0GooXcOGbAf9n774Do6rSPo5/z500AiH0XqRJERRYcRFRBKKIoCggCIhiee3KgsgiKGChiF0QBXRFcEXYBSwIKk2U3kF0QYEgxUgP6cnM3PP+ccvMpIdens/umMzce889dyYZkd88z2nHoHvaUKfrqwUPdArCPB5mjrqHGd9v5sMv17LptwNkef1Ur1iKm66px2Pdrg35MIWjf8/WXF6jPO98/hNrf93HglU7KFOyGO1b1OUfd1/PL7sP5hoAgxUgf/PmA/x3yc9M/WY9W35P4EhiKhVKl+CGprX4R6/rubJO5VMOgE/mZ7IwElNObWkUw1CMH3QHPeKuYvysFWzYvp+Eo8lUKhvD3+pX5akerbmhWc5QOvEkq6JPdb733NKcaxvX5J2Zy1myfid7Eo5TsngkDS+ryAO3t6Bn3FVnveVuRLiHMU90pP/drflk/gaWrt/Jtt0HOZKYSmREGJXLxtCmWW36db6aa5vULNLYJ/t8PXT7NdwddxX//m4T36/5jY07DnDoeAoKRYUyJfh7o+r0vqUZt7UOvDdVKV+Sb995iPX/28+M7zfx0+Y9xP95jBOpGZQqEUWtKmXodF1DHr7j7+5SRCc7x8iIMN4acDvP9GnD1G/W88OGXfxvzyGOnrCqi6uUL0m7v9XhwduvoenlObs/XV6jPNs+e4ZP5m/g659+sX5vT1ht+MuXKsHfGlTl9huu4J4OzUI+DHCqP39CCCHEpUDpwpZICSHERSY1Nfe1vS4UJeNeAmDOmD7EtahT5OOPnkijVjerUiZ+9qCT+gvARet20fW5fwOQtGh4kY8XQpwdxYufWqV1/L4EKpcvfZpmI8QFxF7K11QaNJhKsT1F8eDnyWw5Xtoq9dUEvpqAaVIt+jgf3h3N9VUVChPwnPWC4Kio3Nf+FOJ0adb3bbbuTODFh2/m+fvbn+vpiPPEgLe+4t1ZK2h3dV0Wjv+/cz0dIYQQgvh9CdSqXvlcT0MIIU5KUlLSSR8rFcBCCCGEEEIIkYfsn5bVWAXASllrAgf2sNpBq1yPEkIIIYQQQgghhDh7JAAWQgghhBBCiFw4xb0q6D6ANkAbGszsi/1aOyv7GKWV+7AQQgghhBBCCCHE2SIBsBBCXIQOH09l+97DxP95nMSUDFLTs4iKDKNsyWiuqluZxrVzrrfl95ts232ILTsTOJqURkamj+LFIuw1gkrToEZ5ypc+tTayQgghxAVF5fzeCXdRBNb+Bbs0GDsAVu5BCiX1wEIIIYQQQgghhDirJAAWQoiLQFJqBt+v3cXi9Tv5cfMe9h08ke/+ZWOj6dGusXt/3Kc/MmvJNo6eSMv3uOoVY7mh6WW0v7ouN19T9HWHhRBCiAuNU+Orsz9ItupeAzDtRYPdlFiiXyGEEEIIIYQQQpx9SmstfyshhLgkpaamnuspnJKScS8BcGXdSuzYe4TMLF+u+0WEe4iJjkQpOJKYf8DrKFcqGq0hOS2TLK8/130iI8KoX6McW3f+BUDSouEncRVCiLOhePFTq96P35dA5fKlT9NshLhwuKv72v/J5FOKHSmKh2YnszmxtNUC2ukTrRVoDdqkemQiU+6K5voqYKCx0uGzKyoq6qyfUwghhBBCiPNN/L4EalWvfK6nIYQQJyUpKemkj5UKYCGEuMA5AWxUZBgdrqlHy8Y1aNGwKlXLl6RcbDSREYG3+swsH7/uOcTMRT/z0bwNbmgcGRHGg53/Rs+4JjS6rEKOY46cSOPA4STW/e8Aq7ftZfGG3aSkZbrnFkIIIS4pyl7o11BW1S925a9JUCto5xvIpYZYCCGEEEIIIYQQ4oyRAFgIIS5Q9aqX4/d9R2h2eRX63tKUu9o1JrZE/tU+kRFhNLu8Cs0ur0LPuCY8OHouAB8NvZNml1fJ85iq5UtStXxJrmlUjSe6/Z2MTB/frvmNKV+u56cte7i8RrnTfn1CCCHEueZ0cXbi2+AlgTHsB1Ehwa8y7Fvo3rnSQf90Ri/4KCGEEEIIIYQQQoj8SQAshBAXqMXv3s/hxFTqVT+58LXZ5VXYOPWJkzo2KjKMO25oxB03NGLn/qOUi40+qXGEEEKI85nO9tWNZw0dWAfY+d5vbzYVbstnbUXHWuk8gl2NibaqhbWyQ2PD3ZbrjLS29/MQKDs2Q9clFkIIIYQQQgghxCVNAmAhhLhAlYopRqmYYud6GtStVvZcT0EIIYQ4IxR2hgv2Wr/Y7Z/t0NYp+9VYQbBpH+R2fs4/kFVa4dFhdjGxNZ5Wpnu63Gl7X2eGuCXKBZxOCCGEEEIIIYQQlwgJgIUQQgghhBAiD8H5b+BBFZS2anstYLsa2NRBIXBB6/5qUF47+lUERcqEJsmhc7FCYDPwqDak9lcIIYQQQgghhBAuCYCFEEIIIYQQotB0LtmsHQK795wa3fwDYK0Cwa+yWzorre2CXjPH8dY9A5RpdZrWGqXsNYizT0kIIYQQQgghhBCXLAmAhRBCCCGEECI32Totu3Gswqr21djhq92DWSucZXyDo9u8glmlwXCbP5ugTAzlR2Fi6nC0/Z9rTudpt0RYh1kZtAJl+jEw3SBZ+kALIYQQQgghhBBCAmAhhBBCCCGEyE+OQl67BFgpMHArcN3qYMP6XheiJldjYmKQ5lOkeMPwE2YtMZyj/bMisFKwPQetCUdRIsog0gNKFeaMQgghhBBCCCGEuNhJACyEEEIIIYQQuXDaODtNmt3iWsO+OWlscAisnHhYoezgWCt3Uy7je/BjsHS3n4nLM0jzhgMabfWHRmurUlhrrJbP2m4v7bdGiyKFwbeVpl09DyqQRAshhBBCCCGEEOISJgGwEEIIIYQQQuTGTWx1IMW1E16l7ApfpzWz06PZ6c0MqNDy4DxolIZDmWGsPxRNqjfCDntVaItpEysFdkJnv3VsMfwczwBVqHpjIYQQQgghhBBCXAokABZCCCGEEEKIPNntngldA1g75cBuxmtvNey20CrkiHxpZ/eQ44LKhnOpMnaCYFW4UwghhBBCCCGEEOISIgGwEEIIIYQQQuTFre617yq7BXNwua3TDtoOgpWdGWtytn0OppTVYNoq+bXXFA4qNMZ0xtY5B8sxsCTBQgghhBBCCCGEsEgALIQQQgghhBCFpBSo4DWAgzs8qzy+FmHswNrCdjvp4EFU0F2ToPbTEv8KIYQQQgghhBAiwDjXExBCCCGEEEKIU6KDbrk9lv0WslNRTmNV/2oniM1+M+yezMqpFM5xwrwFjaOUXQ1sqGzj447vtItWztrD56lVq1bxyCOPEBcXR/fu3Xnttdc4ceLEuZ5WkSQnJ9OpUyc6d+7Mn3/+eVrG9Pv9dO7cmXffffe0jJeXhIQEWrduzf79+8/I+L179+ann34q8nGvvfYarVu3pnXr1rRv356HH36YZcuWheyzaNEid5/g/TZs2BCyX2JiIqNHj6ZTp07ccsstPPfccxw4cOCUrkuc38aOHRvys+HcunXrdkrjrl69mtatWzNkyJBTnuPWrVtp3bo1/fr1K9T+a9as4eabb+azzz47rfvm5WJ4bxbidPr02014rh3q3qrfPpYnXvuSw8dTz/XUzpnU9Cyeeecbatw+lpi2I2h6z7tM/mItplm4P3d+t/p3YtuP5LVPfzzDMxVCCJEXCYCFEEIIIYQQFyQ3XtUmhtYoDVorq6OyVrnfsPYxwQ1o845p7bBVW//ZpLBaMTv5rBvEOmv3GnZoi9XaWRUh/80+5UDwq3MGzTjfByZSlHOdLcuWLWPw4MH88ssvVKhQgYyMDL788kuefvppvF5vgcc7AeCoUaPOwmzzNnnyZFJTUxk9ejRVqlQ5LWNu3LiREydOsHjxYkzTLPiA81SPHj24/PLLT+rYK6+8kn//+99MmjSJuLg4XnnlFebMmROyT1hYGNOmTWPatGm89957NG3alAEDBvDbb78BkJWVxdNPP83evXsZNmwYL7/8MqZp8thjj3H8+PFTvj5xfqtcuTJNmjRxbw0bNjzXUzppx44dIy0tjYMHD57WfXNzqu/NQlzMSpcsRsvGNUjLyOKDOWu49qGJHEm89EJg09R0/MfHvP35ChJTMqhXvRzb/zjMY69+wbhCBroHjyWTkpbF/kPy4RIhhDhXpAW0EEIIIYQQ4oJlAhgeTK0IM8FQfkylMRV2r+YApTUeU6OVwqcMMA0rcKWgT8aqoNxVBcJfpcCpgnBaNyvAMOwjFAp/wblsSMCrAo+55cYOOwz2a3e/oFz7vGKaJm+//TZaa1566SXatWuH1+tl0KBBbNiwgW+//ZbbbrvtXE8zX36/H4/HQ1xcHF27dqVWrVqnbeyFCxfSqVMnli5dyubNm2nevPlpG/tsuuOOO0762KioKGrWrAlA3bp1iY2NZdy4cbRr145SpUoBVoV77dq13WMaNGjAjh07mDVrFs8//zxff/01hw8fZvbs2URHRwPQvHlz+vbty6effspTTz11Clcnznd33XUXPXr0ONfTOC06duxIs2bNKF++/GndN7sz8d7svFcKcTG4/qrLmDuuL16fnz7DZzJ76Taem/gdU4Z2PddTA0Br60+VSp2+P/z5/SYeT+ifhGcs3MKKrX9Qu2oZVkx5lAqlS7Bh+wFaPjiRV/61hGd6tyY8LP/f+3tvbU6b5rWpVr7kaZurEEKIopEKYCGEEEIIIcQFydAQbmoMTEzDhy/Mh9/QmHZFrDLNkJtGk+VRmGg82kuY9qO0iUKjdCHKZ+2QVrvf60D1r1uta7dtLkz7Z7tjtBMcK0OHhstKZRtfBVUaW+dzi4DPM9u3b+fw4cNUqVKFdu3aARAeHk63bt1o1KgRR48eBWDt2rU89NBDtGvXjjvvvJNJkyZhmiazZs1i5MiRACxYsMANGv1+P5MnT6ZLly506NCBAQMG8Mcff4Sc9/7776d9+/YMGDCAwYMH07p1a7Zu3QrAkSNHGDZsGDfffDNdunTh1VdfJTk5GYCpU6fSunVrxo0bR+/evRk+fDiJiYk88cQTDBgwwD3HzJkz6dmzJ23btqVPnz4sWrTI3TZq1Cg6d+7Mvn378nxuvF4vP/74I3FxcVx33XUsXLgwZLvf72fSpEncfvvtdOjQwZ2HY+XKlfTr14+2bdvSu3dvfvjhh5Cxx44dS1xcHD169OD777/Pcf6ZM2dyxx130LFjR1588UWSkpIAmDBhAs8++ywvv/wycXFx3H777cyfP58NGzbQq1cv4uLiGDBggPvaAXTo0IGlS5cCkJqayquvvkrHjh255ZZbGDFihPvcFkZcXBzFihVj+fLl+e5Xv359t6X1smXLuOmmm9zwF8Dj8dCpU6eTak0tLg4FvU+sWrWK++67z/0dWrBgQcjxmZmZvPLKK3To0IG+ffvyyy+/uNvy+/3Pj9Neevjw4QwfPpx27dpx9913s3HjRgC+/vprunfvzptvvuke89lnn9G1a1fat2/Po48+6s4jt33nzZtHr169aN++PQ888AArV67MdR6FeW/OrRV2t27daN26NYcOHcr1vRLgp59+4r777qNdu3b06NEjpEW11+vlvffec9/XBg4c6L4mWVlZ9OnThwcffBC/31+o51OIMy08zMMb/TsB8PnCLaRnWtXx6/93gDaPTqbEjSOo1/11Xp2+zG2J/Mvug9z89EfEth9JlU6jeWTMXE6kZLhjvvbpj9Ts8iolbhxB64c/YM0vgT8rvDVjOZff9TrFbniBK3q9xecLtwbmct0wKt06iv5vfk1M25H8vOsgRxJTuePZ6RS/cThX9nmHp9/4Cs+1Q3nlY+vfyTv3H6XLs9OIbT+Sch1epvcLn7vtrF/5eCmea4fy6Ni5NOz5Jj2fn5Hj+r/68VcAHu36dyqULgHA3xpUZfA9N3DnjY1IOJLMt6t+w3PtUO4cPN09rtad4/BcO5T9h07w4VfrqH3nOJ58/SsAUtKyeOK1L6l862hi2o6gzaOT2bjj9CytIYQQIncSAAshhBBCCCEuQBpTabwGKDOMcH84aMPKZLVGaQOFJ/SmDTymxqM1pg7DpyLw47HD3/zDWo1VdaHdHtA6EPQGh7SGDmkLnf+oQT2dg8NjQ4MyrZszVvD6v0HrAOsCz3FuOAFd1apVQx6/4YYbmDx5Mv369WPfvn08++yz7Nmzh/bt21O8eHGmT5/O3LlzqV+/Pq1atQKgVq1abgA8YcIEpk2bRnh4OHXq1GH9+vUMHDiQzMxMvF4vzz33HL///jsVK1bk4MGDISGI0y542bJlVKxYkcjISL7++ms3vHB89dVX/Pnnn0RFReW4rvnz5zN+/Hh8Ph8dO3bk2LFjvPTSS+zcuROAvXv3kpiYmG/74dWrV6OUolmzZtx444388MMP+Hw+d/u//vUvFixYwAsvvMAHH3xAUlISL7/8MgB79uxhyJAhdOvWjc8//5xu3boxcuRItxXsv//9b3788UdeeOEFXnrpJbZs2RJy7tmzZ/Of//yHESNGMHHiRI4cOcIbb7zhbl+7di1NmjRh0qRJtG3blnHjxjF+/HgGDx7MG2+8QUJCAh9//HGu1/Xaa6+xe/du3nvvPd5//3327dvHpEmT8nwesvN4PFSvXp29e/fmu9/hw4cpW7YsYP2c1ahRI8c+1apVIyEhQcKkS1R+7xP79u1jyJAh7Nmzh0aNGnH48GFGjRrFunXr3OPXrVvHb7/9RtmyZYmPj2fs2LFAwb//hbFkyRLi4+OpVKkS+/fv59VXX811v/nz5zNx4kTS09OpX78+27ZtY9CgQSEfBnEsWLCAsWPHcuTIEerXr8/u3bsZPHhwjt9/KNx7c2EFv1f+8ccfPP/88xw7dowuXbpgGAYTJ07km2++Aaz3hxkzZmAYBtWrV2ft2rU8+eSTnDhxgszMTBISEti3b1/Ie6EQ51r1irFUKF2CtAwvu/YfY9/BE7R/cgqrtu3lmiuqkZHlY+jE73h/zhq01nQaOJUfNsZzd9xVNKpVgQ+/Wkf/N78GYOo3Gxjy3rekZmTRvH4VVv28l04Dp3L4eCpTv9nAoHfnk+X1c9+tzTl4LIW+I2ey5fcEdy6Hj6cy4T+rCPMYhHkMnnjtS75e/j9KRkdRolgE7/13tbuv329yS/9/MW/5dtpfXZe/1a/KzEVbeXzcFyHXN+XLdcT/eZziURE5rn3XgWMANKgZ2mlg1GMdmD6yJzUqlSry8/nUG1/xwZw11KgUS7e2jVmx9Q+6PDuNzCz5vRdCiDNFWkALIYQQQgghLjju6r1K4zf8oDQaP0p7UITbLaBzOQiFUj7Aj89QGIYCv+mu85uvoFbN2gC0tqpxNYGvpnY7T1unUzmmkefgSqMNuxzYDFylO7bzkBMCm9ZX7YTH55G0tDSAkMrM7DweD//85z+pUqUKTZs2Zc2aNTzzzDOsW7eObt26cfjwYVauXEmDBg3o168faWlpfPHFF5QsWZK33nqLyMhIJk+ezLfffsu6devw+XwcPnyYBg0aMGnSJJRS3H///ezatQuwKmf37t1L8+bNeeedd/B6vTzwwAOsW7eO7du3u/Nq2bIlo0ePJiIiIkfYUqNGDYYOHUrjxo2pXr06sbGxTJ8+nQ0bNlC3bl3eeOMNjh496rY2zs3ChQu5/vrr8Xg8tGzZEp/Px9q1a2nVqhWmaTJ37lyeeOIJWrRoAcCgQYN48cUXycrKomzZsnz44YfuurvdunVj0qRJbN++nYoVK/LFF19w77330qZNGwAGDBhAr1693HPPmDGDRx99lGbNmgHwxBNP8PDDD/PCCy8A0LRpUzdsf+SRR5g9ezb33HOPu3/Hjh3zrNC97777iI2NpUyZMoBVHTx//vw8n4fcxMbGuhXJ2fn9flatWsXSpUsZNmwYYP2cxcTE5Ng3JiYGrTXp6emUKFGiSHMQF453332Xd999170/dOhQbrzxxnzfJ9auXYvf7+cf//gH3bt3Z9myZQwbNowffviB66+/HoAmTZrw/vvvk5WVRefOnYmPjyctLa3A3//CuOKKK/jggw/w+Xx06tSJAwcOkJqac33RGTOsirwJEyZQp04d3n77bf773/+yfv36HPs6lbavvvoqzZs357vvvuPll1/m008/5aqrrgrZtzDvzYUV/F65ZMkS/H4/LVq0oH///nTs2JHFixdTvHhxEhMTWbBgASVKlGD69OnExMQwduxY5s2bxzfffEPv3r2ZMWMGHo+HyMjIU56XEKdT2dhoDh1P4VhSGjMXbSElLYth/dry8J3XcCQxjb/dN56P563nrvaN2XfwBLWrluHdZ24jI8vH2E9+oEys9bv2xr+trhRLJ/4fTepU4h9vzmP8f1ayeP0u6tcoz0fPd6NVk5rUq16WsrHRjJ22jCXrd3FVvcruXJZM/D/aNKvF4eOpzF76C1GRYWyc9hSVy8Xw1OtfMXG2FQJn+fw8/0A7oqMi6NG+CWkZXmLajmDh2tAPq3S8tj7/HdOHqMic8UBSqlW5HFvC+jDc5C/Wsu7X/e72gb1bF/m5vP36hrRpXouuNzamRLEIdu4/yqqf9/Jr/CGa1a9S5PGEEEIUTAJgIYQQQgghxBmh7dRS5bZI7SnmlU4W6zcV27MM1iWb+M1wMj3WWr/KDK2L1Xa7ZaUVpjIIMxXRyuTqWIP6UR67F3PhzqoMa+017a4B7CzY61xXUFqrixjOKoKOCRoXu+2z1oHu0sq6nsJGzGeT85f46enpee5TpUoVtmzZwhtvvMH+/fvxeq32iikpKbnuv3fvXrxeL16vNyTUBEhISCAjw/rLypYtW7rrUQaHg06VXosWLVBKERERQYsWLdizZ09IANy4cWMiInJWw4C1Bu3y5cv56KOPOHz4MKZphsy5RIkS+QaO6enprFixwq3ojYiI4Nprr2XRokW0atWKxMREkpKSqF+/vntMtWrVmDJlirv/li1bePPNN91qubS0NLxeLxkZGRw5coRGjRq5x4aFBf6TPzk5mb/++ovRo0e7FY1aa0zT5NChQwAh63g6AVFsbKz7WLFixdznObuyZcsyZcoU1qxZQ2JiIj6fj0qVKuX5XOTm+PHjVKtWzb3v9Xpp27YtYAXAERER9OvXj5tuusmdT25tpp3Xo1ixYkU6v7iwVKlShQoVKrj3y5QpU+D7hNN2uHHjxgC0adOGZcuWoZRi7dq1QOBnPiIigpiYGNLS0khJSSnw978wSpcujVKK8PBwd+zsAbBpmuzbt4+oqCjq1KkDQP/+/XnqqacwDIN58+a5+/r9fvbs2UN4eLi7lrjTPSH4fc1RmPfmwgp+r2zevDnlypXj+++/55dffuGaa66hQ4cONG7cmI0bN6K1pmHDhu57cqtWrZg3b547x4oVK57yfIQ4E46esD40UaZkNJt/sypyR01dyqipS9194v88RoXSJbjpmrosXLuT6reP5aZr6tKlzRXc1a4xpqn5fd9RoqPCaVLH+vfiWwM68Xr/W/EYCp/f5Ouf/sfIKYs4cDjJbSnthLAAhqFo06wWYLV31lpzdYNqVC5n/U6VKxX4UEexyHDq1yjPsA++4+HRc0hOywRwvzpaNqmRa/gLEBNtvVckJltzWLp+F7MW/+xu73nTlUV6HgGuuaI6g8fP558TvuVIYuB970Rq7n+uEEIIceokABZCCCGEEEKcAUFtlbUVUWpltWjWTtiqg/ZVVhjlUCqX3sY5ck5FpjZYkaQZvcdPohmOH6x11kknxAAAIABJREFUff3Kzl9VaGiqNSbg8WuqeTIZ2iiS2tGK8DzzXyvG1opA0Gr1mbYfVMG7Bs0xEMsGRbi5jK0Bw817ldJouxo4tIzZec7simCs8DnM78fQOuipOj/CYCfE+/PP0LXdVq9ezRdffMHVV19NnTp1GDVqFDVr1mTMmDEcOXLEDSZz47QGrVixIgMHDgzZVqtWLRYvXgyEhpjBnKBCBb1mToATHJTmZ/r06Xz66adcf/31DB8+nIULF/LFF18UfKDtp59+IjMzk6FDh7rzME2TiIgIMjMzCQ8Pz/f4HTt2MGLECIYPH06rVq0IDw/n1ltvDbmugsYYPnx4jmrF4BDtZI0ZMwa/38/48eOpWLEis2fPZvbs2YU+3u/3s2/fPvd6wHpdpk6dCkBUVBTly5fHMALV+tWqVct1veUDBw5QqVKlPH8WxMWhe/fu9OjRI+Sxbdu2AXm/T+RWwV7Yn5NT/f0/FUqpXOeplCIsLCzkfc35d2lu72uFeW8O/hBGYZUqVYpPPvmEuXPnsnLlSubOncvcuXMZNWqU2xUg+Hc3vzkKcb7Yf+gEh46nEBUZRu2qZfD6rGUF/tm3Da2uDHT6CPNYP9vz3uzH1G82MGfpNuYu+5XPF25ldc/reP3pW3OMrZQizGP93o75ZBmvTl9GlxsaMX1kTz5fuIUP5qzJc17Or7tz3uxOpGTQaeBUvD4/EwffQYOa5Wn1f++7wXJh1Ktejs2/JfDzrr/o3LoBM17pxYxXenHtg++z9tec/94tjHtHzuKHjbt54YF23HLt5fzjrXkhVcVCCCFOP1kDWAghhBBCCHFGKG1g+MPRyoPP8ONXXjLDFOlhBmke65YeZpAe5iHd4yEjLMy9pXs89uMG6fa+aYZBun3LMDykKw8ZhocsjyIrTJEZofCpcHxEkOUJJ8sTjjcsDG9YBF6PcwvHb4TjNcLI9IShjYLrZ7Wb+9qhstLWY8E3awf7e+UemN/oWlkL+Xq0DwMfyqPRHgOcv+N31/wNOsgwQGkMMwulTHxGGKbHQKPOq7WAGzZsSKlSpdi/fz8rVqwArDV4P/vsM5YvX45Siq1btwLQtm1bWrZsSalSoevJOYFGZqZVsVKjRg08Ho+7Bux1111H06ZNSU5OpkqVKu5asGvXrsU0TUzTDKnMq1XLqpxZv349Wmv8fj+bNm0K2VYQZ03N7t27c9VVV+WoFE5NTc13DdvFixfTrl07PvnkE6ZOnerelFKsWLGCmJgYSpUqxe+//+4ec/ToUd566y2ysrLYtGkT1atXp02bNoSHh+Pz+dxgPDIykvLly7stryH0QxUxMTGUKVOGhIQEqlWr5t7KlClzWkKYDRs2cNttt7mVfEWtMJw3bx4ZGRluG16wfgZq1qxJzZo1qVixYkiABHD99dezcOFCt60tWIH6/PnzQ8YRl46C3iec9uy//PILAJs2baJv375Mnjy5wLEL+v0/XZx1cjMyMoiPjwesNs99+/blp59+yrFvzZo1ycrKcufnrGdcu3btHGMX5r3Zqf532rFnZGTkWfnvWLRoEe+//z4tW7Zk8uTJbpv2ZcuWUaNGDQzD4Ndff3Xfk7PP8dChQxw9erSIz5QQZ47X52fQu9YyBt3bNiE6KpzGdvXujr2H6XRdfTq3bkBGlo9m9auwacefPPbqF0RHRjD/rfv530zrAyj/WfIzhqGoV70saRleftl9EIDX//0TTXq/zZc//sryLdbv+ZN3Xcv1TS8jKiL/fyfXrVYWpRTrt+93K2mdSmWAbbsPciIlg+b1q9K3YzPqVS+HLuIfEru2tbokvD97NXv/spbD8PtN0jKz3H1KREeEnDstw0tqeha50VqzYusfeDwGz913I3+/ojo+v1m0SQkhhCgy+aidEEIIIYQQ4gzRmIYfv2H9rdMBn8Hc46n87leY2rA6HRPUfdkptUXbLZsDf1ulg7YFqnlNvFrze1YkaYRbg3m0vT6vsipoTbv3s7tGr52nGiqkYiq/ylllV/a6lbyGQhkq8JdpJnZ7Zvt8hnMxocfn/gwpTOWhfHFNq0rppPj87DsBe1OKWZXADsMeW2uUB6rG+LisZCbROp2KxcLsPc+P6l+wqrqeeOIJRo0axZAhQ6hevTpJSUkkJiZSo0YNOnXqxJo1VnXL3Llz2bdvn3vf77cqbJyq1OXLlzNw4EDefPNNunTpwpw5c3jyySdp0qQJu3btIjExkebNm9OqVSsqVKjAzz//TL9+/dBau+EJWC1Ha9Wqxfr167n//vvJyspy1wS+4oor3EAiPzVr1mT9+vW8/fbbVK1a1Q1QnDk/88wzbNu2jQ8++MBtMetITk5mzZo1jBkzJscawddddx2LFi2iXbt29OzZkylTplC+fHnKlSvHxIkTSU9PJyIigmrVqhEfH8+CBQuoWrUqn3/+udsCGqBLly5MmzaNRo0aUb58eT7++OOQ8/Tu3ZuPP/6Y8uXL06hRIxYuXMjixYv55JNPCvfC5qNatWrMmTOHMmXKEB8fz6effppvO+yMjAz2799PRkYGa9as4aOPPuKxxx5zqwUL44477uCrr75i0KBBPPDAA2it+e9//8vx48e55557TvmaxIWnZMmS+b5PdO/enS+//JLx48fz448/smPHDlJSUnjssccKHLug3//TqWfPnowdO5Ynn3ySOnXqsHnzZqKiomjUqBErV64M2bdv376MGDGCZ599lgYNGrhV0Pfee2+OcQvz3pyVlUVERARbt27l8ccf5+DBg5w4cSLf+ZYoUYJ58+axceNG4uLi2LBhA2C1zY+NjeX222931yivWLEiP//8s/taJScn06tXL8LDw/nqq6/OWLAuRGEs3/IHbR6dzPY/DnMkMZUalUox7qmOADzR/VqmfLmWL5b9ypV93qFUTDFWbv2Dh++4hhcfjuM/i39m5qKtbNxxgD8PWx+guLpBVQAG9GrN/42eQ9vHp3Bl3Uos2xRPdFQ4f7+iOkvW72Lxul30f/Nr6lQty7wVVmv0vALScqWKc1e7xsxa/DPN7h1PrcqlWbH1D3d77SplCA/zsPLnP+j1/AzW/W+/+4Gwwoaud7VrzJSr67Bk/S4a3v0mV9SqyJ9Hkkg4kkxEuIfKZWOoXC6GqMgwVmy1nrO9BxNDguhgSinq1yzHtl0HuW3QJ6SkZbFpx59FmpMQQoiikwpgIYQQQgghxOmnAZS1Rq2pUGYYx/wGCzPD+Lc3mk/9xfjUF8Wn3mJM90YxPdO6TcuMYnqGcyvG9PRiTEuLZnpaNNNTo5ieUsy6JRdjenJxZiYXZ0N6BFk6DLSHkJJZq8A2kDLbm3Tw44W4DhV8J3itX6UC53DP44xb8OBKg0drwtFcX8XDe7dEMvHWSDrWM1DKdBYtDszfPo/C5JbLvXzUrRgfdC3F1VU8GKFx8XmhY8eOvPjii9SpU4eEhAQiIyPp3Lkz7733HlFRUbRp04a+ffsCsHnzZnr37g1Y63QCNGnShM6dO+PxeNi/32oR2L9/f/r160dMTAybNm0iNjaWF154gQoVKhAeHs6YMWOoV6+e2wL4sssuA6wqOY/Hw2uvvUbr1q3Zv38/R44cIS4ujpdeeqnQ1/TQQw/Rpk0bDh48yIEDB+jZsycQaKdatWpVYmNjKVmyZI5jf/jhByIjI7n66qtzbGvXrh2rVq0iJSWF3r17ExcXx4gRI3jwwQeJjIx01wxu3bo1vXv3ZsKECQwfPpyGDRty7bXXulV1ffr0oXnz5jz88MP069ePqlWrhpynR48e3H333YwfP54+ffqwevVqXnjhhWwfhjg5w4YNIyUlhf79+/Pdd9/x4IMPUqxYMbKycq8G2rp1K3fffTePPPIIy5YtY/jw4dx1111FOmdERATjx4+ncuXKDB8+nOeffx6AiRMnUrZs2VO+JnFhyu99okaNGowZM4YaNWqwefNmSpYsyeDBg911c/NT0O//6dS5c2ceffRRN4i9/PLLef3113P9uW7fvj0DBw6kVKlSbNmyhUqVKjFy5EiuuuqqXMcu6L25ZMmSDBkyhAoVKrBr1y6aNGmS40Mr2bVs2ZJhw4YRHh7OZ599xpEjR7j//vvp3r07AE8//TTdunUjMzOT7du3c+WVV/L2228TExNDREQEFStWlLbt4rxwLCmN5Vv2EB5m8H9dWrD6o8epWMb6MFOtKqVZOvFh2v6tNrsOHOPX+IPcc0szXnw4jgqlS/D9+AdodnkVJs5ezeL1u+jbsRlThnYF4IHbrmb04x2Iighj+ZY/aF6/Ct+82Y9KZWN48f9uouuNV7D3YCK7DhxlwN3XAbD7wLE85znh2S7c1rohx5LSSE7LpNN1DQDwGIrK5WL49MWe1KxUiu/W/M7Nf69Hg8vKFzhmMKUUX79+H//s24aKZUqwdedfmKbmrvZNWDnlMa6oXZEyJaOZ/FxXqlWIZevOBFo1qeGeJzefvtiTaxpVZ9XPe4mJjqSbXWVc2DkJIYQoOqV1UZtACCHExSE1NfVcT0EIIc6K4sWLn9Lx8fsSqFy+9Gmajbhk2FmpQmEqjYlms6kZdszPT0RjoqzKWRO3MjdQ2Wvfx/qq7Md08H6mvbYvoExQpnUOZRoov7KWz82x/m9gbKU1VYxMRtY3uLu8Jswkl8zWPhYP4MevFP/LUDz8Ywqb00pb6wtnm7cyTWp6Uni/fQQ3lFF4tLOmb27PkcbQJn5l4FMePJik+8N4da2XN9aGY+Kxq36da7GOURr+0SKRl9sWwzA9+A2Nx3pG3YuIioo6hRfvwvXbb79RoUIFSpUqRVpaGt27dycpKYk5c+aclnVuhRBCCCHOtaMn0oj/8zhXN7Q+6HVL/3+xcO1Opo3sQZ8OTc/x7M4/8fsSqFW98rmehhBCnBRnWY6TIS2ghRBCCCGEEKef0milMTExtAI8+BRoFVQq6/Qj0nZA6ga89mdUNWA47Z/tm7L3cQNe0Ia2Ql0TtGGCUihtWO3uTBU4xqneNaz7yl2zlwIKdoM/M6usyl+n5bOzWWt3XspQIXlzfvwK/MogXPsAhVJgGnYxs11F7YbhaOvcdjGwxjpW4UU513m+lQGfRVprRowYQVJSEk2aNGHnzp0kJSVx3XXXSfgrhBBCiFzNXLSV3i98fq6nUWj+VaN5buK3TF+wiTbNanEsKZ0N2w9QpXxJbr++IZ5rh57rKRaJx2OQtfyVcz0NIYS4KEkALIQQQgghhDgDnCTSak6slYHH1HiCWxU77ZODK3Oxc1Vlh52YYFqVve6RTliscNNhrTTY4bIOPoFhV9AawUEqoWGpE+Bma4Org3Z1TqgJOs4NkO3BnDbNWJXPyp5o6Dg5nydlT0wDHu3H0CZK2cc5IbmJNT8TlKFRStldp/0obbrXfilTSvHUU0/xr3/9izVr1lCiRAnuuOOOQq3tKYQQQohLU8+4K+kZd+W5nkaRDOx1PX8dTWHphl14DINO1zXg9advJSY6Ev+q0ed6ekIIIc4TEgALIYQQQgghzgiF3bZYaRQmhh3OugGtE8gqbVcBa7RHg2GCX4PfsFs926GuE/g6AbHGrvS1q2I1mIFvCKSn7oQsGjC0tYRvQZlp0DEqOGANDqGzP5btOdB5nkPZe/jQgeQ4MKng6mS7atmatBUAow0UGq2ccUSrVq0KtZanEEIIIcSFqsFl5fnq9XvP9TSEEEKc5yQAFkIIIYQQQpwxTibqtkMOzmSdUNMOf12mB6W1FQgb9ijuAE4SbC2+qw3TPt4OWk07Bg2p+A16TGMNZII28libN48r0U44G9wCOriq2MlwizCuG9sGh9NKBc016FoMDaYmdOlhiX2FEEIIIYQQQggRSgJgIYQQQgghxJnhBrbaagONfT84szQAUweqe01tV/zaobBp2hWx2ap5nYDU1CgTFCamx27jbBru+sGBtX/tKNp5PPs88rsGZX+jdWgGDUHVxk7I7C5NTI5y4ALPETSwyrZDcCCcY7uEwEIIIYQQQgghhAiQAFgIIYQQQghxhmVrnexW+wZCU6ekVaEw8GMojfIrDB/4lWmFw1pbS/4G0QrQHsBAYbrFxDpHi2YdOJf9uMKpHNZuZ+lcZ509x3Vz2qAxQ9YXtquXndA7e6voPDkBswodP7i3dPZzCyGEEEIIIYQQQmQjAbAQQgghhDj/FCbbkqLHC4QVXqrguyq4hNZmWIFsOe2jbbSPeoafML/CROFXGkPbubHWgbbJ2sSnYWNmOD+kGGSa4YBCGaCdRNck8NU6CKf6N1CpW4SrUVjr7wZ3okYFgmUT8IRWFxf2R9UqVg4OelVgTIdTCB20DrIQQgghhBBCCCFEMAmAhRBCCCHEOWGaJvG7d/H7zt8xzdAUS+VSjRlMAxUqVuCKxo2JjIyyjlGSCJ9/3IV7AW29RkbQi6ux19G1HlPapAI+ukZ7uDnMIEw7S/pqlLbW4A28ygq0Jk0ppifD2lQ/mViVwKaHwNrCTotmFVg3WJkGSpn2+sKgtHIbVOd1FYEW0hod/APqVuOqwBcVcoT9fX5lwMqagx0q6+zPUa6HqRzV0EIIIYQQQgghhBAgAbAQ4hJ26FjSuZ6CEEKcFbWKFz/XU3BpO7FSSuH1epk3bx5Tp36M3+8P2a8wAXDbdu14/oUX3ABYnIfcBFTb//OErp+Ltc1toWwotFaEaU2EqfHYR6rcgk57Pd4I06C4z0fJrEwyDRP8YYBpd4wOVNAqpxezCYbfQKssoski0iyOoVW+QasV3wbiXO2WIxtWwOxU6Rqg7IpjFRxW53oBOc+htLOvDmlVndchCiu41oXvMS2EEEIIIYQQQohLgATAQohLVoUyJc/1FIQQ4pKWnp7O/r37SEtOwTStHreFreI1gYyMDLRZ4K7ivJNLuu+W9mrn/0FNo/MIT+39w5WPG0soKlYPJxMN2ovGtNpE66BgVAeKgsNMD6ZSFCOKxsUB5cdU1irC+ZzM/VahwLDHd6ZnVxprBcpQQfM/Ce76xOQTAGdbR1kIIS4hX375JTNnzuTQoUPUqlWLp556iiuvvNLdvmTJEiZNmsTBgwe57LLLGDhwoLs9MzOTSZMmsXTpUtLT02natCkDBgygYsWKhdqeXXJyMq+99horV64kPDycm266if79++PxeHLs+/TTT7Nz507mz5+f7/WtX7+euXPn0rBhQ+65556QbVpr5s6dy5dffsm+ffuYN28e0dHRRXr+hBBCCCHExU8CYCGEEEIIcdZprUlNTeXQoUOYpnlS7ZuVslvmIu2fLwxOoKns8FK5D7upr9OqOb/gM5sw/NTyGNQqEYZfaZT2uGNqtF0la59CgcbEoxWmMlBmGB78mFqhi/IzFDw/p3rZ+R6NDj4h2F8LKGvHPsap63UCXqcSOGgtYGuqyn5Y+kALIS4tixcvZsKECQwePJjLL7+cWbNmMXjwYD7//HNKlSrF3r17efHFF3n44Ydp1aoVc+fOZciQIfz3v/8lOjqa8ePHs3HjRoYPH06JEiV4/fXXGTFiBB988AFAgduze/vtt9mzZw/vvvsuqampvPzyy5QrV4577703ZL+FCxeyceNGSpbM+4PIO3bs4MUXX+Svv/7C4/FQr169HPtMmDCB+fPn89BDD9GsWTOKFSt2Cs+mEEIIIYS4WBnnegJCCCGEEOLS4QS1SimSkpI4evTISYe3GuxWuxL+nr9Ck1zrNbOD0Ozr6Ga/kWftb2B0DWgDU5mYhheUD4WfCL+fcNNHmPbj0T4M7cfAT5jpJ8pnWMW6hh/tyUAbmSj8KIpYTh48V4Og4Fq5c9cq+wEFD+q0SbfGzO2m3Z/9gltLCyHExWfevHncdttt3HTTTdSsWZMBAwbg9XrZsmULYFX/1q1blz59+rjVwaZpsnr1akzTZP78+Tz++OM0a9aMevXq8eSTT7Jt2zaSk5ML3J6d1+tl6dKlPPLIIzRq1IgWLVrQs2dPvv/++5D90tLSmDBhAjfffHO+15aRkUHXrl358ssvqVWrVo7tu3fvZtasWbz88st069aN2rVry5+DhBBCCCFEriQAFkIIIYQQZ40TbpmmybFjxziRJOuxXxKCc0onMDUICoODb8qq1C3U32cbKB2OoSPw+D14/GH4PJosj4nPAL9ybhq/0vgMTWaYiddQhPnDMEwPWoeDjgBdhP80yiOYtbbpkw9mswfi2UNgA/CowHMXfIwQQlwievbsyZ133une93g8hIeHExZmNbmLj4+nbt267vbw8HBq1qzJnj178Pl8DB06lKZNm7rbo6KiADAMo8Dt2SUkJJCVlRVyvnr16rF37178fr/72IcffsgVV1zB3//+93yv7aqrrqJ79+7ExMTkun3hwoU0adKEq6++Ot9xhBBCCCGEkBbQQgghhBDizMplqVJDwaGDf5GamnpOpnQm5Rv9FaYLcHYXcMCXvT2xCv7OqZgNZrdQtjJUHWjbrEILhp3RrQf9OM+6RxtgKpTV6zmUChynlWlXAWv7ETO0LXWOq7BW9NV22+WQal8z6EQGVuKsAm2n8+c0cQ5e71hZz1twGBxyiHZbQAcOuYB/SIQQoohatmwZcn/FihUopfjb3/4GQGpqKuXLlw/ZJyYmhpSUFCIiIoiLiwvZtmDBAlq0aEHx4sUBCtwezPlzTHBgGxMTg2maZGRkULx4cXbu3Mm8efOYPn06mzdvPsmrtuzYsYNy5coxaNAgtm/fTo0aNRg0aBC1a9c+pXGFEEIIIcTFRyqAhRBCCCHEWRNoU6j5688/yUxPP6fzEWeJyvZ9Xq2fwVr7Nns2nGuQGjyIgcbADD4ul7Gd0FbhhMrWertWnptHiJq9ojd71a9SQTc7i1UqpEA3OK/NKagKGo3CsMY1dLZqaQL3sX+XtDNraQUthLg0JSYm8vrrr/PQQw+5lbqmmbOlv1JBLfaDbNmyhS+++ILHH3881/EL2p7XuZxtWmveeOMN7rnnHipWrFjo68rLsWPHWL58Oa1atWLcuHGUK1eOZ555hqysrFMeWwghhBBCXFwkABZCCCGEEGeNdqoXlSI+Pj7Xvzi90OXaHdi55bsxj9sFLPslKKWsvxjPLdi0A1XnMwJ5Vw/nPIMV4jrpa/Yxc5mIu08hnmSdy+HO3I2g0mT7pg27m/QpvHY6txbQwS2zPfbE3AsRQohLj8/n4/nnn6dBgwZ07drVfdwwjBx/vtBa4/F4Qh47ePAgzz//PI888gj16tXLMX5u2wcMGEDbtm1p27Ytb731lhv2BofLzvcej4f58+eTmJhIr169cr0GZ6y2bduyZMmSAq/Z6/XSq1cvunbtSqNGjRgyZAhJSUmsX7++wGOFEEIIIcSlRVpACyGEEEKIAlnB7ekLmrxeL3v37buoAuDslUXZq40K8/zltn9Rxzi/hJb+ulcS/DFUA3B+DIID3DxGOSd04IsODpS1tkJg075vBm1Tdjhs9YwuePxcq6SdVtD2RoPQ3Fchxb9CiEvW22+/TVJSEuPGjQv592OJEiVITk4O2Tc5OZkSJUq49zMyMnjuuedo2bIlPXv2zDF2XtuHDh1KZmame56kpCR3fKdFdFJSEh6Ph6ioKKZPn05CQgIdO3YEwO/34/V6iYuL45VXXmH69Onu2GXKlCnwmsuWLetWOgNER0dTsWJFDh8+XOCxQgghhBDi0iIBsBBCCCGEKJATZp6uAPL4sWMcPXLkosmucmsrmf2x3PYp6rinO4g/ewKNikOqY53Lc0JgQ4PfCYrzbMp81uVWPBy8pjCGssJgO5RVTnvoQlbphm512koTCIadcNnZOSgw1rmMIIQQF7vZs2fzww8/8OGHHxIdHR2yrU6dOixcuNC97/V6+eOPP+jdu7f72OjRo4mKimLw4MG5jp/X9tzWFo6KimLHjh1UqlQJgJ07d3LZZZdhGAZvvfUWfr/f3f+nn35i2rRpTJkyhXLlyoWEuYVRt25dtm3b5t7PysriyJEjp6W9tBBCCCGEuLhIACyEEEIIIQp0WoJH7RRNag4ePMjx48es0OyUJ1fE/U9nVuau86rQaPx+v3vz+Xz4/X5Mv4mpTTv9LMJktQbDQBmK8PBwIiIiiIiIwDCs8tkLJwgOCkcdhv04OluwqXJ9ffK+0myNorU9piooPtbZgtMiRM5BIa92q361dScoBC7yT7YOHKecExgKTLuK2LCvT9tPmFLuVRgazAvlx0EIIU7Rxo0bmTBhAiNHjiQ8PJyjR48CVsvlUqVK0b59ez788EOmT59OmzZtmDNnDmFhYVxzzTUATJ06lU2bNvHOO++4FbwAUVFRFC9evMDtwTweD3FxcUyePJkKFSqQnp7OrFmz6NGjBwCVK1cO2b9MmTIopahWrdpJXftdd91Fnz59mDFjBi1btmTmzJnExsbSvHnzkxpPCCGEEEJcvCQAFkIIIYQQBYqP303NmjXxeDxW6KRD06Zcw0it+euvBObOmYvP6w0JxOLjd5GamnbS81FA/K5dfDRlCsWiixe4P0Dp0qW55daOlCtfwR0j55TtINBdiFajtUmW10tKSgpJJ06QlpZGekYGmZmZ+Lxe/D4/6enpHDl6hMOHDnHs2HGOHz/u7puRkUFWVhY+n89teV3YrM7weIgqVoxSpUpRqVIlateuxVVXNaXJlU0oVbqMGwbbU7XnXsjBz4Ls6/gGWhoHfe+0Nba/V6a7HHDIKDnDWW3/L9Bl2dAGSmsrDNVOkKqdswU+hGA/ZtrHKe1HkdfCvSq0Q7OT9ToPGEFpr+Huggr6HXFmkHvAHBRCa2sQbfhQzkub4wVVuRyZvYe0EEJcvObMmYPX62XYsGEhj9eoUYPPPvuMKlWq8NJLL/H+++/z4YcfUqtWLcaMGUOxYsUA+M9//sOJEye49957Q47v0qULzz77bIHbs3vqqacYN24cTz31FGFhYXTo0IG77777NF+1pXLlyowePZp3332Xjz76iIYNG/L666+Wj+vwAAAgAElEQVQTERFxRs4nhBBCCCEuXEqfTC86IYS4CKSmpp7rKQghxFmRvVqlqOL3JdD37q7E3XQTjz32GLGxsWgd2hI6rwB48+aN3HdPX9LT00OiwDNQhFug2rVq8fa742lwxRV5zsH5o3FmZiarVq5k2Q9L+WNPPEeOHiU9IwOfz+dW9vr9frs6U+Pz+cjMzMTr9eYMkU/HtdljhoWFERsbS7369elxdy/at29PsWLF7Bbd2Oc95dOeNsEBsA/FZqUY7vPzY0QkJkag+tcETIVhmjT0exkZBR21JkwrTMNnB7dG6MVpK4k1tAdQmIYfTAOUD9PQqGzL52r3H6ANjTINlLZvaEzDzPWHwgqYFYY28SnFL16Dx35OY3NWSbRTsqvtr6ZGmSY1SOeD5mHcUMIp3M2nwthdX9hEoUgjjNH/8/LWr+GYOsx6bjSBr2gMDQMbJDPi6kg8Gis1xwgZvahtRYUQQgghhLgYxe9LoFb1ygXvKIQQ56HgjjRFJRXAQgghhBCiQH/sjufDyVP4+quvGDN2LC1bXktEuFVtUtgA9kzlkmdi3MyMTJYsXsKsWTMwff6CDzhDsi+V6/P5OHr0KEdWrmT9hvXceUdXHnzwIS6rVQvDY2Q76jylCAS57tq/9gcJNCGtjQMJbi4/ZUqhlcaHD8MEj2niNxQmCsP0BI4LHgqnbbOBwo+BD63AZ3gCgXEwt2LYnbgV+obMLfu12eH/KbwMCiO0stjKd5002t7HWRxYCCGEEEIIIYQQIpRR8C5CCCGEEOJSp5TVIPdQwl8M/ecQZn72Od4s77me1mmnlF2jqe2YT4duC/6a32One33e7OMZKHyZWXwxZzajR73Chg3rrYrk81FunxBwWj87X9GgNDqoC7MOOTTn86mDvvMbkOXxkOUBv2Gth2saGr+h8RnWdtNQ9lcTU4HPUGR6DLyGRrulyIWgNEF5cNBNB12TkyaHXkXRqMDYzrgh6w87Y0tDJyGEEEIIIYQQQoSSCmAhhBBCCFFoSikOHTzIO++8g9806XvvvXg8nnM9rdMnlzytMIFv9sfOhMC6xPZ9FF6vl5UrVpCensE/hwyhyZVXojznT1Vo9gpmrez00g02daAC2KlyVfZ+7oEq22gO58VSnDDD2OOHdEMFOiUTWKjXymKt702l8GiNYSo8eKgYDjWNwtXSBq6DQEVudkbQ3spZLzuPKua8ZF8bGUIrgE3nDLL2rxBCCCGEEEIIIXKSAFgIIYQQQhRIZ7tzIvE448aOpUaNGrS58UYrBL7Qc6jswa99c9bWPW+uL3geGnw+L+vWruHDyZN4ZtCz1Kxd64yH0aeNUkFtoAE/buGrFW/mfR3Oa5OlFMt8fkYdS+MPIwzlDwdtVQETXCRrKquy2wRTmxjaS1nt58EyBv3LFCNC+/N8jVVgMWY7wFaBKlwzKKB2flgM5eTNQWMW7jVxGzu7rbJ1juDXCZl18DVeIC+5EEIIIYQQQgghzjxpAS2EEEIIIQoU2mzW+qfXm8W0qR+T8OcB61Gt0boIVY7nOU1Q+Hve06xauZLvv/+O1NTU4IfPaZdg99TZ1uENuee2ONZ26+Rssa/OeWTwCAYmpqFIjYgkJaI4yZGRJEdGkhoRdAuPcr9PCY8iLSKKlPBokiKKk2WEofAFp7w5riDwGQC7qthp8ayUdZyzgLABGAqltDs764co9xcg1zbX2g6WnbbSwWsmZ2sDHfiPOeNC+mEVQgghhBBCCCHEGSYBsBBCCCGEKJARdLNY0dXmzZtYtWIF5vm6/mxRBK/nSlDuGPTY+Sw5JZmlSxcTv3vX+RUG5swugx4I3mgHqYaJcktaNQpt7Zbba6AUGsMdSzmpqGGPreye0nYwa6Wm2j3WUOBRBjrQLTrPawgpsnX2d9b9DTmnsz6vs1MBr4VT8awUWilrek4gHvzEuesAK7Rh7WudxjrXBfAjKoQQQgghhBBCiLNEAmAhhBBCCFEkwe2FU1NTWfDtAnw+3zmckQDw+/38/vtO1q5di9/vP6+qsfMNJ90Q2AlPCxtlBsJjd5ldZ31hZ7NTQRtSbazAQ96hcp7clYWDqn2znde+r0LOXUTKjnMNFQitnXM45/QEnrbAhQkhhBBCCCGEEEJYJAAWQgghhBAnxQmCt27Zyq5du86rwPFSpJQiOTmZrZu3cOjQYfvBczunQlNOda6yws/sIXABbazd7s3BrZhDKmeDKnXtfbRBSGvnwjxVTjNoNzx2b07YqwPnJpf2zoUVPLYR1GI6OLR2zieEEEIIIYQQQgiRTdi5noAQQohz540Zy3nxoyV5bu9981V8MLjLWZyRONM6PTONPX8dZ/n7D1O6ZLF8931ozFxmLf6Zfw3rRve2V5yV+V1173ji/zzO/2b8g6rlS56Vc4qTE1wFfCLpBKvXrObyBvVDHhdnXvDzrbXG9PvZvXs3fx44QKXKleydztHkikrZpbxB4WlI2+U8aG3HoMGhrwbMoJ2MoAENe5uRbQydM3fO9Xzo0PM435t2+GsGV/6eQkCrglJvZ1yCzntqowshhBBCCCGEEOIiJhXAQvw/e/cdH0W1/nH8c2Y3nRSSQEJL6L0jiEoHQVBRLyiCgmLXn+hFBVGagijWy1VURLwqIDakKILSpAkISBOQ3kMINSSkZ+f8/tjdyW56ARvP+74iuzszZ87Mrq8r+e7zHCGuYFUrhtK2cTXaNq5GtahQAKLCy1mv1aoSXqbxWw1+j5Bu4zhyMvFSTFdcAkcTEkk4d5H0TGnXKy4NpRRaazZu2IhpmkUf8A+jL/HPpXD61GlOxsfjMM2/Z0BYmi8RuPoya3eb5DwVunhX0Vrr9braLBdjeJWrTljlW2nsHtfjHS3t5ZBrTEPlPZcQQgghhBBCCCFEPqQCWAghrmD9ujahX9cmQE41cO929XnziV5/8sxKz+Ewsdn+3O83/RXmUJC1Ux8mPSObCuWD/uyplNhf+b5e6RSKuBNxZGRkYLc7//PS3Q5a41zTVVulnNo6BnfL6FIEftrz2GIM47F6K0q7qzjzHpC7jbVGkfOSu/2vM/S22+0EBAYRVC6IoMAg/AMC8Pf3w9fXF7vdjs1mxzAKW2g2p4wzNS2Vw4cPcyrhFKbp8JhtyWVkpHM+8TyO7GxsNlspR/nzKK/HhUfYOZ8ydzjq8dhd6etZMmu9Rk5baI+R8h/f+cArpFfKue4wOFs0mx5rDCuvB8UrY841B+06hzWm5zVq93W6XtMFz18IIYQQQgghhBBXJgmAhRBCFCrbYfLK9JVMX7SFtIxsrqpfmVcf60G92AoALPh5NxM+WcGBE+eIDg/mvpta8e9+11L1ltdISkkHoMndb/P2Uzdxb6+W+Z7jYmoGI95fzLdrdgPQqUUNXvu/HkRHBNPl8Y/YtDuONVMeomntaGb+uJXHXv+WQT1bMPnpm7l52AxWbjnEU3dex/QftjDsrg7079aE56Ys5of1+8h2mLRpWJWXH77emvO6HUcZ8+Eytu8/SaXIYO7t1ZInbr/GFdTktfa3o9ww9BPaNYsFYNPuOOpWi+S9Z3rTtHa0tb1Lq5qYWvPbgQQOffMMp8+nMPzdH1iy8QD+vjZuaFuXlx7qRlhwAInJaYXOcfOeEzw/ZTFb9sYTHVGOe3q15N93XEtmloOKN75MzSrh9OvahCnzNmAzFE/d2Y7H+7YFYN+xMwyb/ANrdxylfHAA/bo2YdS9nfH1sXHVfe8RfyaZfV89RVR4OZZtOsD4j39i56FTRIQEMqB7U0bd27nAe5HbqzNXMeGTFdzRtQlb98Vz5GQiXVvV4v1hvSkfEsDF1AzGTFvG/FW/k5KeSfM6lZj4WA+a16kEwOpthxn634WcOJPMre0bkJHpyHPfS3JfxZ8nNSWV9PR0goK8v1wQHBzKtde1IzM9AwCtnOnbqYQE9u/Zh9alrxqOiIykVu26+Pn6eldcWlwVm67wLio6mqCgcq4teXmGvza7nTp16tCpU2cMw8Dfz4/AwACCg0MICwulfPlwIiIiCAouR0BgIAEBAfj5+eHn64uPjy82uw2bzYZSha0u61xRVmtNeno6+/fv58OpU/ll/TqysrJKHQBnZWVyMeUiDofjb10k6sxRTWdb6AICe+eOrjDW8FiH1z2CQU6PaK08+kV7nKPQxYU98lbXvgYKbVhPndwtpk1lhdBK4fHeFzsFRivTmScbHn2e3S2tDeX8U5nOPFgbKEy0kgBYCCGEEEIIIYQQOSQAFkIIUaiRUxbz/twNxESHUatKOD9tPsRtz83i148f4+jJRAaOm014cACDe7Vk8Yb9jPlwKRGhgTxya2s+/G4T55PSuLdXSxrXjCrwHM9M/oFZi7dRvVJ5Av19mLdqFwnnLvLjpHuLPc+3vviZQH8ffO0Gwyb/wJfLfqPH1XWoEBbEzB+3sufoGbZPH8KBuLP0Hj6TjMxs2jauxt6jZxnz4VIysx0Mv6t9oedYs+0I3dvUpm2jaqzYfIh7X/qGTf97zNq+/NeDAFSvVB6Hw6TP87PYui+eZnWiyco2mb5oC0kpGUwf07fQOZ44k8RNw2aQlpHFNY2rcSDuHC9MW0a5AF8G3dACgINx5/j4+83UrRbJLzuPMWrqEnq3r0+liGBuH/UFB+PO0bJeZeLPJjPpy7X42m2MGtzZ63r2Hz/L7SM/x9fHRt/Ojdj0exxvzFpDVHgwD9/autj3HmD+6t+5tX0DFLBw3R7GTFvKO0/dbL23LetVpl5MJF8s/Y1+o79g+/QhZDtM7n7xa84npdG4ZhTLfz3IiTNJecYuyX0Vfzx3aJqZlUV2dt7W4rVq1eL9KVM8ajA1WpvMmzePMSNHkpGRWbqQUkGLFi0Y/9JLRFaoiDtMzbtb3ohPo/Ndq9hd2QtQrlw5Bt1zD4MGDXJvdIaBuvhBm+d4+Z3Pc6yQkBAqVqxIgL8fY8+eZveu34t9ntxM08SRnVWiuf61FVZFnWs/dxDreagJOeW6OENUd6CqPd+b/O9X7jNrXFm0u8rY4Tm2zilELrFc7aVzT8tdaWw4T6BVodG1EEIIIYQQQgghrmASAAshhCjQxdQMPlrwK+EhgcybeBcBfj6M+99yPl+ynZ82HyQ904HDYdKlVU1e/b8bGND9JHNW7CQ40JdRgzszd9XvnE9K4+kB7YiNDmP2Tzv55qcd1vhDbr+GOtUi+HzJdqIjgtn40aP4+ti47uGprNtxlIRzF4s911GDO/NM/3YYhmLKvI0ATHysB7WqhFM3JpLzSWkkp2bwwbyNZGRm89ygjjw3qCOHTpyn1eB3mfTlWp7p344Jn65g16FT1rjvD+ttPW7doCqzXx6A1pr2j37I9v0nWb/zmLW9cmQIP02+n0qRwfy0+SBb98XTsUUNpgy/Ba01vYfPZN6qXSSnZrB1/8kC5/jx95u5mJrB8LvaM/imVpy9kEq7R6Yy44ctVgDs72fnlw8foXxIAP967jOWbjzAbwcS+HX3CQ7GnaN3+wbMHHs7p8+nUKffW8xd9XueANhuM3j7qZuoHl2eds1iWbrxAP967jN++vVgvgFw/zFfelxrsFer8Mf7tGXs/V04nZhC/Tsn8fmS7Ux68kZ6XVOXds1i6d2uPuUC/Dh44jy/7DzG7iNn2H30NOeT0mjfrDoL3hjIxbRMmtz9DueSUr3OW5L7OunLtXneP6kM/iMoTNP0Chw9A0+tPcNZ5dHatvQtvd2tpd3ruBaUdeZ+Wev8w9+8xxUc3Lpfz329+YW9hZ3Lvc1znJhqMcTExLB39x50GdZUvtKCQWvpXbyzXqvw1tDelbSQNywuYnz3cCjXOdxBsmdbaY/zOwPaMrwT7s+Oe3yNKwTGe21jIYQQQgghhBBCiFwkABZCCFGgvcfOkpnl4FxWKi3vfddr25GTF+jbqRGVIoP5ctlvbNwdR5eWNenXrQlXN6qW73j7jp3h+7V7rOd9OjcGnOFHs9rR+Pk6/29pzZSHMLXGXoL1Xts1jbXaFvfr2oRx/1vONQ9NoV3TWLq1rs2wu9pRLtCPna5wsEurmgDUqFye+rEV2HEwgX3HzrBux1HWbDtijZuRldOSONDfB3CGNq3qVWb7/pMcOZlIbHQYAHWqRVApMhiA7a6Ad+WWQzToPynXvUssdI7uY1/7bDWvfbba6567+drtlA9xBpsVyztb2ianZnDkZCIArRtUAaBC+SDOLhqZ7z2rXqk8a387ytPvLORA3DkyXdealJqe7/6e712dapFe2/z9nO9dhbAgYqPD2H/8LPFnk7mqQRVGfbCE0VOXcvZCTrCblJrOwbhzAHRqWQOlFMGBfoSW88sTAJfkvhb2/onLwx1iFpZDWUGn+7mzhLGsZ7YeuddLza9SM/feRYW/Jdmee9/iBMsFjekOgW12OwH+Ac7XSjGO1/NSzeZvKL832tqQz13wXBtY5YS6JeG81x5r8OZeW/hS8BzHHVa7L8kKf90vyvroQogrx8SJE1mwYEGe16Oiovjmm29KPe769et55plnaNeuHRMnTizLFPnxxx8ZP358vtu+/vprFi5cyJdffsnrr79Os2bNynSucePGsXjxYl544QW6devGE088QVxcHJ988gnBwcFlGrsgZ8+e5f7776devXq8+uqrl3x8rTVfffUV8+bNIyEhgcqVK9OrVy/69euHzWa75OcTQgghhPgnkgBYCCFEgbKyneFZ1YqhvDmkp9e2+rEVqFA+iLUfPMy07zbx4/p9TPtuE9O+28TMsbfTu32DPOO5q249rf3taJ79DENhlCG6eGZAO1rUrcTnS7azbNMBlm48wBdLtrPi3Qfwtdusc7iZruDFx25j4Zv35BnvgCuo9JSVXXhlnnt7j6vrcN9Nrby2VasYWugc3ff9qTuv8wrTSxKIe7IVcNzqbYd55LX51IutwKwX+xF/Jpkhb31X4DhJS8cU63zu+QM8+Mo8Vm87zIiBHejWujbPvvcjv+6OA3LeA1+f4v8Sp6j7mt/7J/4CXAmbcgdWWqG0M8EqS0iZ36q/nvKMnXeJ4IK3qwJfuiyUyrs+rSgZZzG4clbduvNZ7Wqb7N7BdH1qlPI8iOK2f7Zec63va1Uba8CmwKFdmbB2Vf+W8lPjLmnOTSsrGJaPihDiSlepUiUiI3O+lBgREfEnziZ/wcHBVK9e3es1X19fEhISSE1NJTEx8ZKfMz4+nnPnzpGRkXHZAuD09HTOnz9PfHz8ZRn/7bff5uuvv8bHx4eqVasSHx/Pe++9R1xcHMOGDbss5xRCCCGE+CvbunVrsfdt3rw5IAGwEEKIQtSpFoHNZnDiTBLREeVoUbcySSnpfL92LzUql2f2TztZsfkg99/cimfv7sCsxdt45LX5fLtmN73bN7B+d52ekVXoOZRSbD9wkswsB74+Nu4ZP5vfD59m/qt3ExTgC8C5pDQATiemFDrn1PQshr/7A5Ujg5n23G1kZGZz3SNT2bovnkPx52lQvQI/bT7Isk0Had2gKsdPXWDv0TMEBfhalbwFOZOYgmlqHKbJuh3O4LpGpfJWgOypYY0KAOw8dIprm8QQWs6f3w+f5syFFHzsNh5/87sC59iwRkWW/3qQfcfPMvb+LiilmLtyF9c1jS10fgB1XZW5v+4+AUBSSjo3DP2UiuWDmPfq3V77rtvhbF99a/sGdG9T26vCt6ROudp1HzpxniMnE/H3sxMdXo71O49hsxk83b8dvj42sh054XCtKs5f0m3d6/zFUbbDJDW94M8KFH5fQ8v5l3r+4o+gPQoyNQpd5prFPMWehe1YirTMK2azkr68qXFR7aKLdSarPFpiveJzfo6cXyUwsGPio7PIVgoH9pz33QpptbvoFwwTn2wTHzPbdcu188/8MldX32jnJsOqvnUd5qr+dQX4huuLDaZyfb2hGJXc7oFcX5TQrtNYSbPnCO4W0NYXKlwTUc7PYdm+UiGEEH8vt99+O3fcccefPY1CNWvWLN9q4meffZb777+fqKioS37OTz/9lMzMTMLCCv+7TVlUqVKFuXPnEhBw6ZdaOXr0KLNnzyYoKIhp06ZRrVo1zp49yz333MP8+fO58847qVYt/45TBXE4HFI5LIQQQogrjgTAQgghChQeEsh9N7bkw2830fOpT7m6YTV2HkrgzIVUOjSvTmiQH9MXbWH1tsP07dyYlVsOAdCibmUAqkSGsPfoGe5+8WuG392B27s0znOOCmFB9OvahC+Wbqftg1MIDvRjy94TtKhbmUqRwbSoW4mVWw7x4MS51K4awS8ea+7mJ9Dfh12HTjF90RaOnEwkPCSAw/HniQgNpFrFUB7rczUfLfiVV6avZNXWQ+w+cppsh8mz/a4tsFLWbeehU7R9cApaaw7EnaN+bAWublTVClI9dW9Thya1ovjtQAJX3fceDatXZN3Oo8REhbHpf48VOseHbmnNJwu38N2a3Vz9wBTCgv1Zv+MY993UiomP9ih0jjddV48alcszb9Uuuj3xPxLOXeTIyUSeuP2aPPvWi3GGxdO+28T+42dZuukA4AxiS+rDbzfx28EEq63z3d2bY7fbqFMtgl2HTnH7qM9JScti276T1jluvLYuEaGBfLNiJ1prTpxNLnLd56Luq/iLyp1JKVxBZ9nDTqsTblG5V3FyMY+BtM7974G2AuHU1FQSEhJISEggJSUFR1Z2WWo9Xed23o+LFy9y4kQcBS5qLLxowIamqVL829dOgg3WmrDCoclC5VmfF5x/AWpsOLjJXxFuGjS3aYyibrerqtcd6jpbMmvQRk4IrJXH+rzuhYJzFuot7PNhWldjoJVCK+3q6uxRwezex1q7OPdix0IIIcAZ9n300Ud8//33pKen07BhQ/79738TG+v8MuW6deuYMmUKR48epVKlSgwcOJCePXO6HWVkZPDSSy+xevVqKlasyIgRI2jUqBEAX375JXPmzOHUqVNUrlyZwYMH061btxLPccKECVbb5g4dOtClSxeqVKlC9+7dmT17NjabjYEDB9KvXz8ANmzYwNSpUzl48CChoaHccMMNPPjggxhG3r+/DBgwgDNnzjB//nzWrl2bb4vmu+66i0cffbTIcWfNmsXs2bO5cOECderUYciQITRq1Ijjx49z5513EhMTw6xZswBYsGABn332GadOnSI2NpYHHniAa6+9FoCHHnqIXbt2MXToUL744gsuXLhAhw4dGDFiBHa7968mV69ejdaaTp06WUFvREQEt956Kxs2bOD48ePExcXladfdp08fEhISmDNnDgsXLmTatGn07t2brVu3UqNGDSZMmMDq1auZNm0ax44dIzIykltvvZUBAwYAkJWVxdSpU/nxxx/JyMigUaNGPPnkk8TGxpKZmcngwYPx9/dn6tSpEiYLIYQQ4m9BAmAhhBCFevX/biAiNJDpi7ayZvsRalcN55VHe1ClQghVKoQwZfgt/OfLtUz6ci3REeV4blBHHr2tDQAj7+3EkYREjp26wMW0zALP8eYTPfGxG3y7ZjcnziRx03X1eWPIDQD8u9+17D5ymtXbjpBw7iL33tiSad9uKnTOn4/rx4j3fuT7tXsxteaaxjG89ND1+PrYiIkKY84rAxg9dSm/7DxOeEgAw+9qzzP92xV5L5rWjqZSRDCrth6meZ1KfPDsrQVW/NltBvMm3s3ID5bwwy/7WLfzKK3rV+Wlh7sVOcfqlcqz8M1BjPpgCb/sOk7AOR/u7NaUkfd2KnKOPnYbX42/k+Hv/sjaHUcpF+DL//W5mtGDO+fZ95b2DXhmQDs+/n4za7Yf4Ynbr2H8xz9xOL7kreh6t2/AwbhzJKVm0Lt9A154oAsAHz3/L4a8+R0bdh3n6obVuLVDQ+at2sWhE+fp3LImM8fezpOTvufHDfvpdlUtWtWvYrWILs19FaLscqp5tRXCatJS01i/bj1ffPEFGzZsIDk5OZ/9Sl8FrF0Nrb0jQ1EcNjS1yaa6DVK1wgfFz0qTpeyulsmuHV0toG1a08iRzUNBdsqbJgbOIFe77n9eHiW/7tbg1pi5AlqlwXBWEyulSx/LGq4fXJXFORdBnrBXqfxfF0KIK9TkyZP5+uuviY6OpkqVKmzatImnnnqKWbNmcerUKUaMGAFA48aN2bt3LxMmTPBqJb1x40Zq1qxJREQEhw4dYuLEicyYMYOFCxfyzjvvEBUVRc+ePfnpp58YN24c1atXp3bt2mWed1xcHN999x2xsbHs2LGDd999l44dO5KVlcWwYcPw8fGha9eu/P7778yYMYPIyEj69OlT6JhRUVFcc43zi6AZGRls3rwZgHr16nHs2LFCx124cCHvvfcewcHB1KtXj+3bt/PMM8/w+eef5znPokWLmDhxIgEBAdSrV49du3YxfPhw3n33Xa81jqdMmUK9evU4e/YsP/zwA23atKF79+5eYx0/fhyAqlWrer3+wAMP8MADDwDO9ZqL49tvv8Vut9OgQQOOHDnCqFGjCAkJ4ZZbbmHdunW89957hIaGcuONN/L666+zcOFCIiMjqVatGhs2bODxxx9n5syZGIZBfHw8drud7OxsCYCFEEII8bcgAbAQQggAnu7fjqfzCUHtNoPn7+nE8/fkHz4O6N6MAd2b5butTcOqbP308SLPHRzox7vP9ObdZ3rn2RYeEshXL/X3eu2tJ3pZj797fWCeY6LCy/HxqIJ/GdK+WXVWvPtAkfPKrXxwAF9P6J/n9WubxOS7Pm6F8kFMHXFrvmMVNcfmdSqx4I1B+W7Lfa4pw29hyvBbrOf1Yisw/7W7cx8GwJ4vhno9H3NfF8bc18V6Puyu9tbjac/dxrTnbitwjp6a1Ipi5tjb87zeqEZFlk++v8DjrmsaW2DlbpUKISW+r0KUlWeYq7XJiRNxLF2yhLnfzGHP7t04XG3MDdxhry5BL+qCz5mTUUr0W3wKpUFjYCqP9Xjd7ZGtdX5dL7taQBsKMBSmUpjKQJpFLBYAACAASURBVJGNYZr5r7nrbqqca3lmrz2ttt0qpx20kXun0nK1lc6vMYN8VIQQV7i3336bt99+23r+/PPP06lTJ+bNm0dISAj/+c9/8PPzY+rUqfzwww9s3LiRDRs24HA4+Pe//03fvn1ZuXIlI0eOZMWKFbRv7/zv4CZNmvD++++TmZnJTTfdxKFDh0hNTSUmJobnn3+exo0bU61aNUJDQ5kxYwa//vprgQHwmjVraNcu5+9YPXv2ZOTIkfnu6+vry4wZMwgODubpp5/ml19+Yf/+/dSsWZNnn32WypUr07x5c3755ReefvppNm7cWGQA3KZNG9q0cX459z//+Q+bN2+mc+fOdOnShRMnThQ6rjvonTx5MrVq1WLSpEnMnj2bTZs2Ub9+fa/zuKuAX331VVq2bMmPP/7I+PHjmTlzplcAPH78eNq2bcvMmTOZMmUKu3fvzhMAp6amAhAYGFjotRVH27Ztefnll/H19WX58uU4HA5at27Nk08+Sc+ePVm2bBlBQUEkJiayaNEiypUrZ70HEydOZMGCBXz//fcMGDCAzz//HJvNhp+fX5nnJYQQQgjxR5AAWAghhBBCCLzD3+ysLNavX8vUqVPZsmULGWlpOIPFS5+6ybqtZWGgNNgwMXCQphTZyg6m4V006/7THeSapmsdahNDm2hDoXQ+qa31kfCssNXO0Ffh0ao7VxWwR8vwnB7RRVOej6xWz64QWOeuNvaaoHyKhBBXnMqVK1OxYkXreXh4OEePHiUrK4usrCz69/f+4mZ8fDxHjhwBnNW/AB07dmTlypUopdiwYQMAoaGhgDOQDQ4OJjU1lYsXL1K/fn3WrFnDRx99xOnTpzFN57dzLl4seAmTkJAQatasaT2PiYkpcF8fHx+Cg4OtawFISUmhcuXKbNu2jTfffJPjx4+TlZVV5Hlz27hxI9988w0RERE888wzAIWOa5omx44dw9/fn1q1agHw5JNPMmTIEAzDIC4up2OPw+Hg8OHD+Pj40LJlSwCr9fPu3bu95hEREeF1fe6w15M7YM1vW0k1btwYX19fAFq2bElkZCSLFy9m586dtGnThh49etC4cWM2b96M1poGDRpY78G1117LggULrGu4HOs1CyGEEEJcThIACyGEEEIIgXc752XLljBx4kSOHztmFXhe7uJcK0+UJK/YtCuIVaYNm2lgKIW2AYbHMrzue+p6H5311gaGtmG4Cn81uog32KMxt1d1sXvdX3dA69ruLBF3jZtz7qLeW8/dlHu9XxNnqKxd51AqV6G5fGiEEFemvn37cscdd3i9tmPHDsAZ1j311FNe22rUqMGaNWvyjFPcdr4zZsxg5syZtG/fnjFjxrBkyRLmzZtX6DFNmza11qgtrS1btjBhwgRiY2N55ZVXOHPmTInGTE5OZsKECQA899xzVsBd0nGVUvneK6UUdrvd60ty7v+eyr2+b3G4Wz+fOHHC6/VZs2axffv2PO95cYWFhfHpp58yd+5c1q5dy9y5c5k7dy4TJkywAmnPNZXLcg1CCCGEEH8FxfsquhBCCHEFc7d4zq/d9JXu2bs7kLR0DM/e3eHPnooQZaK1RmuNIzubZUuX8MbrbxB3/Lgr68u/8lfjzObK/KNy6kStgUUxaUxMHLZsHEY2SmVjaNfddL9lnn/jUc78VCkNKgOMTMCB1rlDVffo7h93D2bTuZsV8rrH1znncq3dq90nLOb76fX+u0NmV7tq62IMj7bjyj2+hL9CCOEWExODzWbj9OnTREREcN1119G8eXOSk5OpXLkysbGxAOzcuRNwhqADBw5k6tSpRY69bds2wBk8N2vWzKosvdy2b98OQOfOnWnbti1hYWElOv6NN97gzJkz3HrrrbRt27ZY4xqGQbVq1UhPT+fQoUOAM4AdOHAgq1ev9hrfMAxiY2PJzMy07tHGjRsBvKqfi8tdPbxy5UpOnjwJwJkzZ/jss89Ys2YNYWFhVnvopKQkANLT00lPTy903KVLl/L+++/Ttm1bpk6darXiXrlyJTExMRiGwa5du6zK6tzXcOrUKc6ePVvi6xFCCCGE+LPI19iEEEIIIYTAGQL/vmsn777zDseOHAFTF9ry2SOWKzvJ8ErNwEBrVzUwhvNWGu7qYMNq06y0q8JbAcqGMzx1BrsKMydQ9WQ9NUG7ezK7vhDguat7k8YKbp2fD/enpKgqXc9Pk8bU2nk613NnC2jnNKyqYI/e1vLxEUIIp5CQEG655RbmzJnD448/TpMmTThw4ACJiYm0bNmSvn37Mn/+fN555x1WrVrFnj17uHjxIo8++miRY8fGxrJp0yYmTZpElSpV+PnnnwFnC+TLqXr16gDMnTuXY8eO8csvvxT7vCtXrmTZsmUAHD9+nBEjRgDOdshFjduvXz8mTpzI448/Tq1atdi6dSv+/v40bNiQtLQ0r/MMHDiQsWPHMmzYMOrXr29VYg8aNKjE11u7dm169erFwoULGTBgAFWrViUuLo6MjAx69OhBzZo1SUpKwtfXl+3bt/PYY4+RkJDAhQsXCh23XLlyLFiwgM2bN9OtWzd+/fVXAOrXr09oaCi9e/dm3rx5DBo0iKioKH777Tfr85ScnEz//v3x8fHh22+//cPCfyGEEEKIspAKYCGEEEIIccVyV/5qrbl48SLffvstu3//HdM0L8t6v+JyUjn/VMqjMld5t3d2PdQe6/cW+E57lWZ7vOxZoZv7mwCeLaJLXM7t3N/Kdz3XL/b8MdRlb0kuhBB/V08++ST33nsvwcHBbNmyhdDQUEaPHk3FihWJiYnhlVdeISYmhq1btxISEsLw4cOtqtPCPPDAA3Ts2JGEhATi4uLo168fkLdV8aXWsWNHBg50diLaunUrAwYMAJxrGhdl//791uNNmzaxZs0a1qxZw+7du4sc96abbuKRRx6xgta6devyxhtvWOv4euratStPPfUUYWFhbNu2jejoaF544QWaNWtWqmt+9tlnGTx4MOXLl+f48eNERUXx8MMPWwF2SEgII0aMoGLFihw4cIAmTZpY1d0Fadu2LSNHjsTHx4dZs2Zx5swZBg8eTN++fQF44okn6NOnDxkZGezevZumTZsyadIkgoOD8fX1JSoqiujo6GK3DBdCCCGE+LMpnfObDyGEuKKkpKT82VMQQog/RFBQUJmOP3Qsno5Xtyx0n+jKVfny66+Ijo4uRnCqmTfnG8aMGl1ku76CmEC366/npZdeIrJCxVKN4ZoKzlVhFevXrWPsmNEcPHjACgf/jiGw3W7nsSGPc999DxBYxve+rLS7EbKGbKXYahiMcThY6eeHaeT9LqphmjTMzuYFoIepsZGN0q5ey/m8FRqd0wJZwUUUUwzFq0qRYrM7PyjuylnXgsABDk2f7CxeCVBEOLQr/nXkXwGsXR8R5awAdijNTuz834l0thjlnEGte3zXY2Vqamal806MjfY+YNMOnCFz3mvQ7mNwtgJXWpEGjIvTvHPCBxObRx9q17WaGkNrnq6Uwujavvi4q5pzVRn7+/sX9fYIIYQQQgjxj3foWDw1qlX6s6chhBCl4l7yYuvWrcU+pnnz5oBUAAshhBBCiCuewjRNVq1aZa01V9C6v+Kvxbtxsuufyr3QrwZDO//0XLNXWXuilZl30ELO4aaVu8W0yhk71wGl+5atxlqO2D1Xr+pf7XEdpTqBEEIIIYQQQgghrgCyBrAQQgghhLiiKeDc+fNs2by51BXJ4i/KM5w1c4Wpufcr0bjual6PmNfzea6u08VlNaU2FMqad64dPK5JlTJmFkIIIYQQQgghxD+bBMBCCCGEEOIKptEaDh44QHx8PKbpKNGx1qNCcrjiVhJ7jiHFx8XjruVVKFe7aeW8kcqV8io8QlNXP2cDlOEZnmpyt0/Oe6KcbTmVxp47uNYc1gpME8PI7wOR3zly1iHO+Tg5J+1VBex1DnfIrKy5aM/1j4UQQgghhBBCCHHFkwBYCCHEZZGekc34j5fzxdLfSMvMplntaMY/1I2r6lex9nl15iqmfbuJxIvptKpXmbee6EXDGhWLdXxZx/f08qcrmDhjFW0bV2PxpMFe2zbvOcGnCzdzPjmN6WNut15ftfUwNz0zPc9Y7w3rzd09mhd4X9ZsO8KL/1vOtv3xVAgLol/XJowY2BFfHxsAXyzdzluf/8zBE+eoFBHMHV2bMPyu9vj5Ov8v+9fdcYz+cCmbdscREuhHxxY1GP9QNypHhgBw/NQFRry/mJ9+PYivj41OLWrwyqPdiY4ILtbxJ84k8dz7i1m55TAaTYdm1Xnl0e5UrRharPE99Xr6U9ZsO8Kwu9ozenBn63WHw+THDfv4dOEWrm0Sw5N3XFvg/RLictM4s8J9B/aRknqxlCO4uUI4pQgICMDf3x8jn3Vu8x3FFTCapklaWgoZGRmlmMuVJqfaFq1zhZ8eoam7jbJ7wV6VE/gqbXjErQXFp849vDoxez4wXeMp5TyH8lj72BrXnUTnN7wGbUOhUe6W1O721eAKffFea9iaq0S+QgghhBBCCCGEyEsCYCGEEJfFw6/NY+7KXVSLCiU2Ooyftx+h7/Ofs+l/jxIZFsTU+RuZ8MkKIkIDaVwzirW/HaXvyM/ZNv1xfOy2Io8v6/hucaeT+O9X6/LMf+G6PUz4ZAW/HUgAoOtVtby2x59NBqBWlXAqReaEn1HlyxV4T347kMAtz84k22HSrmksOw4l8MasNdhtBs/f04lF6/by0MR5+PrYuLZJDDsOJvD6Z6vJzHIw/qFunDybTO/hM0lOzeDqRtU4l5TG18t3cCDuHCvefYCUtEx6PT2dw/HnaVYnmuTUTL5ZsZOT5y6y6K17ijwe4J7x3/DLzmPUi4lEKcX81b9z5GQiq95/sMjxPc1btYs1247kuQdvffEzU+Zu4KTr/rVpWLXQz5EQfwSNJu74cTIyMtBal3LtX+cxFaIq8sijj9KjRw+CgoJythQxpjZBKYPExETeeO1VfvhhEQ5HSaqRr1Q5wW2Ry+LmykytOLaI4t/cY2gNGB7VuJ6LEOdqMV2mBs3KYxD3OVxhcM7SxdICWgghhBBCCCGEEHlJACyEEOKSizudxNyVu4gIDWT9h48QHOjHrc/OZPmvB1mz/Qi3dmjIh/M3AvD9G4NoWKMi946fzZyVu/ju5z1c3bBqoce3blD49qLG/1fHhtZcx05bRlpGVp5rWLh2L3uPnaVF3cps2Xsiz/b4M84A8/l7OnF7l8bFui9T528gK9vBmPu68MyAdvyy8xjXP/kx81f/zvP3dGLj78epH1uB4Xd3oG/nRuw5cprW97/Pdz/vZvxD3dj4exxVKoTQrXUtXn6kO1nZDprc/Q6b95zgxJkkVm87wuH483S9qhZzJ95FanoW9ftP4uftRzh7IbXI4/197fyy8xjlQwL4+YOHUQrq3zmJrfviiT+TzKpthwsdPyI0EIDMLAdjPlyW7z34dOFmsrId1I2JZO/RM8W6b0IUpfShrVN2toOLqamYplmycbRn5KiJrlyJZ0eMoHv3nvj4+LjWgS3GeNr6B5mZGdh87B6vI0WeZeX5HlgtoT1vqnK+l8V4r5yFuNpa41crXBXArnbTprZaTOeaRLGmqjVo5RxceX68TDxaQYM2tNdz+YgIIYQQQgghhBDCkwTAQgghLrlsh8nQftcRWymM4EA/AKpXKg9ASnoWGZnZ7Dl6hvIhAVZL5vbNqzNn5S5+P3SKVvUqF3p8WcfHFQBv2h3HV8t+47qmsfy83bta9eFb2/DyI9ezbf9Jbnw6b6tndwVrVHjBFb+5tapfhfDgQPp0apRnzgBj7uvCmPu6WPubrnUe/V3tn29uV5+b29X3GtPUGsNQ+NhsRIeXY2i/6+jUqgYAgf4+VAgLIjE5jZT0zCKP97HbsNsMZwChnYGGxrndz7fo8d0B8Ltz1nM4/ny+93Xqs7fSqn4VXv9sNa9MX1nseydEUcoSApumSXZ2Fmhd6nFsNhvNmjWnRYtW+Pj6AMVf+9eqKnUeVOJzi2JSrnV2lfZc0te9scjDNc7PmXttXmsMQ3mHwK43U1vr9+oSFepaua9nxbK7DbR7Jl4hdklKmIUQQgghhBBCCHElkABYCCHEJRcbHcaLD3a1nienZvDdmt0opWjfLJakFOfaluUCfK19QssFAM7WykUdHxNVtvHdRrz3I+VDAhh2V/s8QWWTWlGFXqN7nBHv/ciBuHNUrRjK8Lvb069rkwKPubdXS6/nny/ZDkCnFjW8Xv9i6XZ+WLeXNduP4O9nZ/yD3by2b9l7gsmz1/PbgQROnk3muUEdqVA+iI7la9DRY6xNu+PYd+wMNauEExMVVuTxAMPuas8r01dyzUMfYBiKM4mpDLurPeEhgXRsUfT4p8+n8MZna2jfrDrdr66d575e3ahaofdViD+N9cWH0jFsNiIjKxJUrlyJs7icFWnhkrQOFgVT7vusrftekjdMe1YQe4b1Bs4QWOEMhEuZxzqH1AX3s3adWxlaPiNCCCGEEEIIIYQokATAQgghLrun/ruQ04kp3HdTK2Kiwkg4d7HAfbMdZp7Xch9/Kcb/evkONuw6zsTHehBWzr/E1xQc6IdSiojQQGpVCee7n3fz4CtzqVUlnKvqV2H8xz+x69Apa//3h/UmLDjAer7jYAKvTF+Jv5+dZwa08xp7y54TzFm5C4C6MZHERIV6bT9+Komvl++w5tG0dnSe+SWnZvDo698CMOrezsU+vlGNivj52tl//CwAvj42GtXMG4YXNP5Ln/zExbRMXn6kOyu2HMz33gkBOWFriSpuPRMvpcnOznKtk1vSCkiP1rnKY/1YpVBlqKTU2vQIkVWubXnjOs/rznn4B8Z67vfAPQeUq0DWmXJqpUtUkaxxrk2rrPfDRBuQ516UeeJl4+7c7fxDY7pjYJ3/9WqPiF6hcip7rapc1zHu5xpMg5x2065RnN8yyCcctkqJdc5z5RECaw2m9zk0oAyNQqO0gdYqZ2FgKQYWQgghhBBCCCGueHlWpxJCCCEupTdmreHLZb9RLyaSCQ9fD4DNKPi307m35Xd8WcdPz8hm7LRl1KoSzoO9ryrNZTH56Zs5Pn84370+kBljb2fEwI4AzHYFq+t2HOX7tXusn4wsh3XsqfMp9Bv9BWkZWbw5pJfVCtrt1f+7gbM/jOTD525j79EzDJ4wx2v7ze3qc2HJaNZMeQi73eCe8bM5dT7F2u5wmAx+6Rv2HDlN/+ub0rdzo2Idf/p8Cg9MnEu5AF82/e8xfv34MUKC/HjwlbnWmseFjb/z0Ck+XbSFAd2b0qxO3lBaCHC10NU5j0tLaYg/cYILSRfQOu8XR4oxE0B7B7YlnY7K+XE4HJw+c5rUlBTQRk6Wp3Wh16mdPded7adNBxeTk0lNTfHoCX35aZyZo7umVCnlCm6xcsvCf7QzRlUmGBpTKUxlOMN0bWBoMDwOUF5n/uPlzEKhMIsXmLoKfpVWGFZ67AqBDY/KX8N1BsP5VQLD6gCd/7Uq3F86cLhyYA0YmEq71vklpwW0K1R2V4o7XFXMaANTmWhM8PoRQoh/rvnz5zNgwAC6devGgw8+yPbt2722L1++nH79+tGpUyfuvfder+0ZGRm8/fbb3Hbbbdxwww2MGDGChISEYm/PLTk5mTFjxtCtWzd69uzJW2+95fqCWl5PPPEEvXr1KvL6Nm3axMiRI5k5c2aebTNmzKBPnz706NGDUaNGcf78+SLHE0IIIYQQVx4JgIUQQlw2c1fuYtz/lhMZFsjXE/oT5GrJHBEaiI/dRnJqprXvhYtpAIR6VOMWdHxZx1+4bg/HT13gQNw5Im6YQKf/mwbA+h3HqNX3zWJd28XUDAyPSrFGrrWGT7iC0oVv3kPS0jHWj3ut4LSMLPqN/oJjCRd48o5rGXhDc2uMowmJ7DlymswsBz52G/26NiEiNJAdBxNITs3g9PkU9hw5TWJyGkopmtaOpmPzGmRmOdi0+7g1zrPv/cjiDfu5pnEMbw+9yXq9qOM37j5OekY2HZpXp25MJHWqRdKpRQ2ysh2s33msyPE/+nYTpqn57MdthHQbx+ipSwF4/bPV3Dt+drHuq7iSlL1M8cCBg8ybO5fU1FQrRC1eYEme7DHn5dKFkg7TZOuWrfz662aysjKcVbA6ZwlYd9zojvuUBkyNdpgcPXKUOd98w9ChQ7ln0D2sXrUa0/wjAjyVE4RqsGkTRTbZKguHAodSOAyK9eMuWjWVwmE4q4e10s7OyPjgwPYHXM/l5fnJ0B7hv6t8PGejKn0L6Jwx8Ah9PcYzNNrmAJvDuUm7w2KHtbZxPh9vIYT4R1m2bBmTJ09m8ODBfPTRR9StW5fhw4eTmJgIwNGjR3nxxRfp3bs3H3/8MU2bNmXEiBHO/14A3nnnHdavX8+YMWN45513OH/+PGPHjrXGL2p7bpMmTeLw4cO8/fbbjBs3jhUrVvDZZ5/l2W/JkiVs3ry50Gvbs2cPAwYMYPjw4WzYsIHs7Gyv7YsXL2b69Ok8+eSTTJ48mZMnT/Lyyy8X+94JIYQQQogrh7SAFkIIcVls2h3Hw6/Nw9/Pzlcv9feqclVK0aB6BbbvP8mOgwk0rhllrRXbrE6lIo8v6/jVokLpcXUda/+klAzW7ThKWHAAXVrVLNb1NRjwX5JSMtj52RNUrRjKlr0nAKgcGVzgMVprHn51Hr/ujuPWDg0Y57GOMcCwyT+waN1epj13G3d0bULc6SQuXEwnKMCXcgG+fLJwCyOnLObeXi15+6mbyHaY7Dl6GoDocOd5P5i3kanzN1K7agSfj7sDP9+c/6v/YtlvhR6f6apS3nv0DKbpjA/2HnO2go4IDSxy/KZ1or3u6+GTzkC7ZpVwmtWtVKz7Kq4cdh+7s+VyCVoMe4VqGhxZWXw0bRrnz5/n5pt6ExERiWEU7/uNGhMfHx8qVa6CoQzncWUI7ZTWnDqVwMRXXuZk/AnatWtPYGBgzvm0Jisri4sXkzkRf4IDB/aza9cudu7cSUJCAtrUaHRO599LESIWSVtdik1XWalGkaoMtmqDozYDRzHfHwUYJlTVDppjEqzBoWzOYBkHWjlwKGeNqlaerY4vy4VdUl6dnF1pvnsJYOt1w/XlAxOrUrdM5/T8d8PwGNdUKG3D0BpDO1NiA4dzWqZCK/l+rxDin2/BggXcfPPNXH+9s/vP0KFD+eGHH9i2bRsdO3Zk+fLl1K5dm7vuuguAIUOGsHjxYtavX0+nTp1YuHAh48aNo0WLFgA8/vjjPProoyQnJxMUFFTo9uBg7//Wz8rK4qeffmL8+PE0bNgQgH79+rFo0SIGDRpk7ZeamsrkyZPp3r0769evL/Da0tPT+de//kWPHj14+umn82xfs2YNXbt2pUOHDgA88sgjPPXUU2RmZuLr65tnfyGEEEIIceWSAFgIIcQll5aRxZ2jvyA9I5tqUaG8OWuNta1hjYqMHtyZR/91NY++Np+bh82gTrUI1u84RnREMDdeU7fI458Z0K5M45cL9OPrCf2tYzbvOUGn/5tG/dhIPnzutmJd4303tuI/X/5Mx8emUT+2Amu2H8FuMxjYs0WBx7z7zS/MW/U7AMmpmQwY+5W1bfTgztzVvRmL1u3l0de/ZeaPW9lxMIFsh8nDvVqglOKW9vV5ZfpKPlm4mV2HT3E+OZ19x87Qsl5lmtaOZvOeEzz73g8AlAvw5f/e+M4av0/nxkUeb5qaerEV2HnoFNc8NAWlFLsOnaJmlXBaN6hS5Pj39mrJvb1aWq/996u1jJ66lD6dGjG033XFuq/iyhEWGlay8DcX97HaYTL7q6+ZO3sOPr6+OWv6Fjq2M2ytVLkKk/77X2rXroO/nx+qkPbxxZqT1pxKOMkbr7/GB1OmEBCQs+63w+EgLS2NtLTUfKt7rQrhPzIQdbUcNrTG1DY0Cq0Ux1G8r7JZqu1kl6BhkI/p4AbTwQibQT3lwGZlogZoZ0toA4VhOjA0mKqkazf/edwhsFVdq9xBdq75u8NalbNfrgeF81hT2GtpYKsC2N2yOxsMB6Zy/midZ9FhIYT4x+rXrx9VqlSxnttsNnx8fLDbnb/iOnToELVr17a2+/j4EBsby+HDh8nOzub555+nefOcLjz+/s4ORIZhFLk9t/j4eDIzM73OV6dOHT744AMcDgc2m7MDxrRp02jUqBFXX311oQFws2bNaNasWYHbMzIyCAsLs54HBARgmiZZWVkSAAshhBBCCC8SAAshhLjkUtIyrTVpjyVc4FjCBWvbhZR0AO7q3ozjpy4w7dtNbN5zgraNq/HWE70oF+jHmcSUQo8v6/iXwuj7OuPvZ2f6oi38susYzWpHM/b+LlYr6PwcOnHOerxs0wGvbY/1uZre7Rvw4XO38Z8vfuaXnceJjijHg71b83T/dgDERIXx7Wt3M/bDZWzdF0+gvw8DujfjxQe6YrcZHDmZaFXubt0Xz9Z98db4TWtH07dzo0KPxwazJ/Rn5AdLWLPtCBpNr2vq8fIj1xPg51Pk+EIUhzOY1VSoEImfvz9paWllHxMwTQfpaalorYusLHa3ek5PT0ebGpvNRmSFCth9fIGyzUcB2jRJupBI0oXE/Pf5Q1PeYnC1b7ZpTTagDEUWPqTZFdklmKtD2cjIVqQbBqkaDBSmcqWhztV2ydQm2sjGmZT68HcJgHPT4LwEnU8I7C7jpmTZb65Bcr4M4BEqOyuBneNn40Oa4UuakY3dVK4AP+dEAXkHFUKIf4S2bdt6Pf/5559RStGqVSsAUlJSqFChgtc+wcHBXLx4EV9fX7p16+a1bdGiRbRu3ZqgoCCAIrd7SklJscb3PJdpmqSnpxMUFMT+/ftZsGABM2bMYOvWraW8aqdOnTrx7rvv0qdPH6Kiopg1axZXX311vnMTQgghhBBXNgmAhRBCXHKRYUEkLR1T5H7P3t2BZ+/uUKrjyzJ+bi3rYwRseQAAIABJREFUVS5wvPbNque7zW4zeG5QR54b1LHI8d3efKIXbz7Rq9B9+nVtQr+uTQrcflX9Knz/5qB8t93WsSG3dSz8vhR2PEBsdBgzx95e6vE9PXnHtTx5x7X5bivpvRP/HFo7A6oKFSsSHh7OhcRE67XcGVmR0aD7AO1uy1u8ltLWHlqjXT+x1WMJ8PfjYlIxLyT3mO6KZNe1eM7D/Vru13N2KGiCl5drpmjXusTZhsbQJlprHIYPYKPYJcla41Am2w14KzON8iYYWrliX8hWClNBojLY5+NPtvr7/DVEez5w3Q5lrc2rwKugW+W9Z4WFv9rjD+0OjE2shaNxn1M5P+euMNhh2pmZBCt3p6EczvbP2RjYXANpDZta+5TmcoUQ4m8lMTGRN954gwceeMCq1M2304ZSXv9/7LZt2zbmzZvHBx98kO/4RW0v6FzubVpr3nzzTe6++26ioqKKfV0F6dmzJytXruSuu+5CKUVISAiffPJJmccVQgghhBD/PH+f37wIIYQQQoh/jPLhkVSvVZvDhw6jtcN63f2r2WLFjlZAVprEVOW0XdZQr3ZdwsuHc+bU6VKM5TFqPnMpMpT+k4tglXsK2nBlnArDanZczMkpcNgMDivFMZutwKM04DBc7Yr/bsW/yv2p8X7NqtB1M3L2VVoVqwBYe41sgtJow2OtZMP1pwkYzhFPaTunM2w5izhr5xrSWquiTyiEEP8A2dnZjBo1ivr16/Ovf/3Let0wjDzBrNbaasfslpCQwKhRo3j44YepU6dOnvHz2z506FCrird379706NHDGt/zXOBsTb1w4UISExPp378/+encubP1ePTo0XTp0qXQa54zZw579+7ltddeIzw8nI8//pgXX3yRd95556/XYUQIIYQQQvypJAAWQgghhBB/GM81etu0acPa1atId7WB9lzy9I/irLhUVK5alTp16nD40CEyMzP/wBn8xSjrH6U5EG0osi/lfP6i3MW/1mc1p6zcel669s86p4V0fpXE7hbPBmAqtOEKhW2AVmiTnHbRQgjxDzdp0iSSkpJ47bXXvMLPcuXKkZyc7LVvcnIy5cqVs56np6fz3HPP0bZtW/r165dn7IK2P//882RkZFjnSUpKssZ3t2FOSkrCZrPh7+/PjBkziI+Pp2fPngA4HA6ysrLo1q0bL730EjNmzLDGDg8PL/KaZ86cyeDBg7n2WmeXnbFjx3LDDTewffv2QtcOFkIIIYQQVx4JgIUQQgghxB/Gs0KmTevWxMTEsnfPbq/WyX9oduUqf/X19aFz1678smEDZ06dyreV8+WU+3x/9PlFKbhLp/N0/3QHuBqNRpViDWClVE7Y6z7YUDlVwOS0g/aqQDZcf+btSCqEEP8o33zzDStWrGDatGkEBgZ6batVqxZLliyxnmdlZXHkyBEGDBhgvfbyyy/j7+/P8OHD8x2/oO35rS3s7+/Pnj17iI6OBmD//v1Ur14dwzD4z3/+g8OR0+lk9erVTJ8+nQ8//JDIyEirbXVxZWZm4uvraz338fFBKXVlf3lNCCGEEELkSwJgIYQQQgjxp6hRsybtO7TnwP59ZGf/eXWjWmu0UrRo2YKmTZrw0/Ll+a4TeDnPn99j93MJgf8itDN/BZxBqzts9VyrV5MTypaKO1XWuaqKPVJkd+Dr2aE792ulPr8QQvz1bd68mcmTJ/PCCy/g4+PD2bNnAWfL5bCwMLp27cq0adOYMWMGHTt2ZM6cOdjtdtq0aQPAJ598wpYtW/jvf/9rVfAC+Pv7ExQUVOR2TzabjW7dujF16lQqVqxIWloaX331FXfccQcAlSpV8to/PDwcpRRVq1Yt1bW3b9+e6dOnU7lyZcLCwvjss88ICwujYcOGpRpPCCGEEEL8c0kALIQQQggh/hQBAQH0vb0vixf/yLEjR//Qc1vr3oLVardSpUr0urEXW7ds4dy5c3/ofDzZ7XYMw5Bqnr8Iz9bk7ixeKVAGoLX3+rzuFs5o1//KcF6rdDifLwB4rj3srkLOvRaxEEL8Q82ZM4esrCxGjhzp9XpMTAyzZs2icuXKjBs3jvfff59p06ZRo0YNXnnlFQICAgD4+uuvuXDhAoMGDfI6/pZbbmHYsGFFbs9tyJAhvPbaawwZMgS73U6PHj248847L/FV55zrgw8+YNSoUaSlpVG/fn3efPPNPMG0EEIIIYQQEgALIYQQQohLoORRl1KKWrVqM3rMGEaNHMmpkwmAxl0Ee9kqX3Xex1o5q3i6du3G5s2bmTtnLqkpKV5zLWyYguQ+yqvCN9eYvr5+1K5Tm3533sm2rduYP2+uV9vIIpX0LdDufyjvIlOVzw0q1fkLCC+LMYx2TUa7jleuMNW7QbjyugatQSvtuq+u/Qqo5NYKtPKoti1gsV73KzndmDVKOeelUd6Vt651eZ2zdC0SjC7iFmr3lTivwXM6hsc1mt77u8+rlOvOuM8tIbAQ4grw0ksvFblPx44d6dixY77bvv/++0KPLWp7bkFBQbz44ovF2rdHjx706NGjWPtOnTo1z2uBgYEMHTqUoUOHlmiOQgghhBDiyiMBsBBCCCGEKB3PYKuY65x6BqlaO4O0jp268MzwZ5n8ztscOXSI0gaHJWdYlcAGCpSNoOAQhjw5FMNmZ+7cOSRfSHJe2iVoxZy3rbQz1PTz96dp02bc2OtGulzfjfCICC5eTCUwsBwXk5PyG6qIExVvN+stU64AFXcoCkpr1yvFvGZ3aK9dda/KXZbqVWtdrIG0AlODgekKgA3AkWccz+jUdC2Zq9BorVDKcIa/+RXPuop0Da1A29FGtvMcOp/1p13jGmiycY5vYrouy5W0KpVTBaw0hgbDtAE4H2twGCbofPoye3R7dgffhtaugNpjP4OcINj1WdQ2E61sKFM7g29sOe/9H9fBXAghhBBCCCGEEH9BEgALIYQQQoiSyxUwqfyztmLr2bMn5cPCGDt2DCeOH/vDAizPkE27qknDw8N59LHHCAwKYvqnn5B6MSXfaytTHKwUdh87zZs3587+/Wndug0VK0Rh8/EBBVWrVSUkJKR0AXBxM1t3kay72lY5y1izlUG2clW4FmswdzJporTCrk0MbFbVrFbFfzMNbeLryMIwfEBr7GgcGGhls2bqzTlPExObq/TVhgMfMxs/7PnMX+Ons/Axs7ArX1Aam+uLCAUFxtpVhasMEwfgUOCjHfiZDhy4gmbtug1aY6AxjCzAB5TGQck+zs6KXpUT+uZscIXNznbTdu3A15GFzaHIVgbKdLjm4q46DijBWYUQQgghhBBCCPFPIgGwEEIIIYQoUp7qVaty0aPlbQl5VtT6+vrRqVMnZs+ezRuvv86Kn1aQeP48pmnmOXdhlbjufZVSBT92pWq5QznPIubIyAo8+cQT1KpVk4+mTePwoUNkpmfkU8XrPX5+83NvMwwDX39/goNDueqqq+jfvz+tWrXC19fXagetXS2DY2JjKR8RTtyJ4wW2MS6IuwOwdZTVxzjXvLXzfXPfDR/tPNauFXacFbjFf1cVNtOgdraDDqaDcDMLmzatquLiXoFNayoqRS002lUDbNMaU7nrpXNmpLyuFhzKwFdD22yTIdpBFll5ImOlwQdNQ2XgZ2ocOANVw3S43re8gTHKdH7BwVQYBlQx4W5l0MmR6epAra1/FzQaw4Rwu6aGBkMbrqDdlRAXp4pcuf69ck/HfYk2nKXRWqNw0NsvnX6hfti0ialM7CaYSruC9z+igl4IIYQQQgghhBB/VRIACyGEEEKIIvW+5VbrsXb1rLWCJg3lw8PxD/Av0zlM7QxeXxg3nu3btrFi+U/s3LmTI0eOcOrUKTIz/5+9O4+Pqr73P/76njOTjQRIANlX2VxABGUNteJStdXiAr+29ldrbav2dvO2elH7a61WpdU+WluXqnW5alXcFbXuVsRaERSD7MgWCCRsIQlZZjnf3x+zZCbrTBIgwPt5H+Ns53zP95wZLNf3fD7fQOT4LaaJJr6NMQ5ZWVl0796N7OwcfD4ffr+frKwsuuTlMmjQYLp16wamvtlxLHiz1uLzZzBz5vlMmDCBd99+hw///SErV66krKyMUCgYn4dtELjF1zAGXJ9LQUEPBg0axIgRwxl34nhOOulk+g8YgM/nQizoq7+4APTv14+vnHU2w4YNSyMAjkSkjuswYuRIXJ8bXUW36TAw2qyZsHFwbH0bZcdaPAc8nCZrbpvjWssx1uMy12W460TGMWCsk3Ie6dhI4GtspBrZi/7T8bxIe+omxnGtxeAQNg5+LJMcy3jHH323cQBsrMUBXCzWRtomOzYcDWobH8CLxNAY68P1PAaYMP83w0/ImPo8NyFttyaMwSHDi1QnR/6chOrba7dw/vHvYOKGiesMR0NqYwzDfC5n5vgwTuSYPi+habdaQIuIiIiIiIgc0RQAi4iIiEirbrr55vjjpILSeOJkyMzOpj2Vh9ZajOOQmZnFxImTOXH8BPbs3sPuPbupqKhg586dVFZWUlNTg+dFq1NNJIC2WBxjcF0Xvz+D7OwsunbrRl5eHjnZ2fj9GTiug8/14ff7yMzMIDMrm+yc7AZTbriYsWHgwEFc/H+/w9fO+zplZWVs37aNzcXFbNu2jarKKkLBIJ4XKdM0xpCRkUHXbl3pddRRDBw4kN5HHUVBQQ/y8/PJysqMViHH1t9t+lp0696d7176XcLhcMpXNLaSr8Xi9/vx+TNa3cdg8VkPDwdjTaQdshsm0/PoYi0h08S6tU3yyAiHyQpDhmPICkcqUq3xwHhEItfWz8AaS8gJY3FxvGgYbaIxdhNZuTUQcsD1vGilsIMxHpmeh7EOpsFxIz9eCEe+M8aJri5sCLoGxzbcOsYlZAwOHp6xhB3AhMj0ousINzyCDeNYMNaNn3fIMdG1hNPUMASOv2zAGFyC+EMuGCIrJkf/PIiIiIiIiIjIkU0BsIiIiIi0KjsnJ+l5LLyMLe9q4mvGti19MsbEWynH7v1+Pz179aTXUb1a3A+aaFEdm1Oz1bORuNRrpkI2edxIsFxQUECPHj045phjGh2z5WM1PnJrHMchMzMzpfGSxraRaNk4sf7BLcTHsazQWjAWaw0BY+lj4RdeBt/GI2zCKR3XAK51Oco19LdhrDEEXRdjw5HQM5XWx9Fq2YyQi7EGa0J4ThhrXRwbXWvXSdwasJHqZUwICONYP3i++g0arT9sAAeDxfHChJ0QPuvDeG507d3krR3P4LMuATdMyAniWAd/2IdjDZ4JN050LTheJtbxCLoehnCk7XTYrQ/8TdLmjfaPbZOcvcfWBLZgw3iYSLgOgIu1Bhwv0tDbxH5ekP73R0REREREREQODwqARURERKRVDde1NY0eQOorvbZ+nNi946RWM9ncusDNrxcced1NPgEaRnItrTfc6JqkFHK2ImGMtozX5D7NDNO4IbHFxZBnYZzxmm2J3PzBATzcSKoMhBN2T/G7YWKVvdEk1Pqild5N72/irzuRm7HES2VbuRTWOPHntpnxrYGwCeNCpF00gPHwWrgs1gmBibSmjiXE8ULhRvuZ5Gtko22jHRqsARxdP9gzgAtO5IcSxvrAeGAa/pBBawCLiIiIiIiIHMkUAIuIiIiIHJHq15o1yU+J9tVu37jt3r251Yub2rxhkJ/KTibpvFueSxNr86a6fQv7NG44HmEhWvHb4MXYFKLV5jZhgISfDrQwQRERERERERE5EigAFhERERER6VRMQgWwrX/uRYNfh2arokVEREREREREFACLiIiIiIgcDLbxU9tw+WbHJLSBjrxkDA0XCRYRERERERERidN/NRARERERETlIGua9Tb7hJPR5jv9/cKoAFhEREREREZGmqQJYRERERETkoLDxpX2TAmDHRst8ibxjqV8T2BKpCjaQGALbhmOIiIiIiIiIyBFLAbCIiIiIiMjBEE1sbbS7szFg8SLtnZ1opGsTKn0tkXbQFoxxogOoElhEREREREREkqkFtIiIiIiISCeRFOfG20An1AhHn1sFvyIiIiIiIiLSDFUAi4iIiIiIdAaJfZwT+0KbaImwF93MsZHX4j2hRURERERERETqqQJYRERERESkkzBJAXA0+I11e47eGwOmQftnrf8rIiIiIiIiIjGqABYREREREelsjE1IgxM4gIdaQIuIiIiIiIhIsxQAi4iIiIiIHAy2vnI3jEPIMQQci+cYcKKlvmESWkEb8CI7hR1DwHHBWhwLDlZVwCIiIiIiIiICKAAWERERETng4rWbsS6+tg0tfJX2HRaMhTrj8qlxeDMQZK/j8B8LXmyxHoeEL4wFx4L1+E/I5aZqj26hAF/NzuJ4F4yqgkVEREREREQEBcAiIiIiIgdPLK9TmHtEsoDneFjCFJkM/oaPCs/BM179FoltoC1gDGHX8BEZLK6xFARCDMn2OIbossEH/CxEREREREREpLNRACwiIiIicoAppBMgGu76cQnjGI+wawk6GeC5GBv9lngJ21swHmAs1hcmjEs4kIk14FgvUgHcQV+uDcXbOmYgEREREZH9aOjAvgd7CiIinZICYBERERGRA8Ta5Ba9JjGtSzO4SxzLGEXKh6To2r0ePqwl8h1wInW8NtoavH793+idBawL1sVzwPoCGJzIGx3YAVr/IU1ERERERETk0KUAWERERETkAEgMbD3PY/euXVRWVLYtszOR8bp3705+fj6u63bYPOXAMdEFoMNOmJDjw4s2cTbRtaGtsdE1gE2kEthYPB/gmWglsAeOh2ccPAyOsaouFxEREREREREFwCIiIiIiB4IxJh4CV1dX89c77+TpeU8RDAYj75NaEbC1NrJ2rIEf/vCHXH755eTn5++3ecv+E+nybHE8Fz8OLoDjYa2HwcHgYD0SKoGj3xDHi+xsHSx+LAYTjY9FRERERERERBQAi4iIiIgcILFWzcZGb3g4SYu8pjIGYC2OjVWQyqHNgLGEnWgLZ8eAZ7DGib9dXwVswUbiXusYsBbrhHFRBbiIiIiIiIiI1FMALCIiIiJyCEq1YlgOHdZEP9XYh2uJJP4GCBN/3Sb+ZsDEFgsWEREREREREYlQACwiIiIiIoe3hvloZ07OTcK9IVr1a6JVwIC1ye2gjYlWlisEFhEREREREZEIBcAiIiIiInJYiay1HFk4t6yslK3FWwiFw+mNgSUvL49hw44mKytrv8yzadGKX5dopmvBo74i2DMYE4t7I+Gvol8RERERERERSaQAWEREREREDkOWcCjIa/98lQcffJCamppIt+QU9wXD2BPG8uvf/JaBgwbtx3m2wNhI5S8QXyraMdjYeZhIcXBnLmgWERERERERkQNPAbCIiIiIiByWgqEQW7duZUdpGcFgMKWg1Fobqaq1loq9FXhhr/WdOkq8/XNCH2gbfd0hEgJbME5kHWBj6wuDRURERERERERinNY3EREREREROdQ41NUG2FFaRijF8BeIh7/GGMx+rq01Foy1eNjI/2NmDQYbWec3FuvG1gI2FpzILdYhGkN0/d9IJbCCYBEREREREREBVQCLiIiIiMhhal/VPspKy+KBbmcTCW0jca6Nrv1rbWyelnjP6sTe1dbi+Qx4buSxG8YYF60ELCIiIiIiIiIxCoBFREREROSwEqvi3VtZQWlp6cGeTrMiua5DyDj4vBDdwwGs6ydSB9wgsI5WCxvPw8OC9WEIUxCoJSMjF88YXA5gu2oRERERERER6bQUAIuIiIiIyGHFWks4HGZHaRl79+492NNpkWM9uhDmXAzj/dnUGYNjwhjrQBMhcOQ1D9dGQmLHl0tfB3zhENGe0Af8HERERERERESkc1EALCIiIiIih51gMMi27dvYV73vYE+lRdZA2EAPCwVhj5Bx8VkLhBvlv2DwsFiC+DyXkBMGx8X1XByr8FdEREREREREIhQAi4iIiIjIYcUYQ11dHZs3FxMMBA/2dJplDYQBFwfHC2MdD2PAEAbrRltBJ+4ArrWEHQcnnIHfeoSdMMYaDGgVYBEREREREREBFACLiIiISAqsbTlaMh1ZedjUoVTYmAJL/cVzEl5vazRoEvY91KJFS23NPr5YtxobXU3X2ISz6DTfJ4MLYME6kc/MZz0MTnSOjVYCBmNwrYt1QwA4mEhdcCQ5liPAnj172LBhA7m5uYwcOfJgT0dEREREREQ6Iaf1TURERETkSGds9EbCLeF5PCPsiJzQNHFrC9vBt0NCUxesPZM/ZE48ifUsVVX72FxcHL0iplOeSfwrHvuHMZiWvvTRt0zCnw2TOJAcEW688UauuuoqKioqDvZUREREREREpJNSBbCIiIiItOrFl16IPrK4rkt2Vg49evRk0KBB5Ofn4zgJAVvsQRsDqYZBXavDtJLstTcX64zBYdManGnaF7LhvgkDdHS42NpFbefxwp7H7t272LljZ/14h84HKdKsd999l48//phf/vKXnHTSSQd7OiIiIiIiItJJKQAWERERkVb94r//O+GZxdpIQue6LgP6D2Ba4TTOOP0Mjj3uOAoKCnAcp3H+mHKbaIvFAgZjLcFQmEAgQDAYIBgMEgwGCYfDeJ6H59nIfTjM3vJyvli/no0bNlCybRul20spLy+nvHwP1dU1BAMBgqFgagF1dBufz0duXh79+vVl+IgRTJw0kbFjT6Bfv37k5eXiOE58oA5tg91GsVbdNTU1LP/8c8rL90C8CXJ6jIXMzExGjBxF7z69k86vvecaDAXZtGEjn3++jEbdxU37s1ovHGbVyhVUlJcnjZuK2DW01rJr9y7eePMNevTsmdK+OTnZjBt3In369MFai7UWYwzGmPjj/SU2fmvt2g+UsrIyLrjggvjzvLw8TjjhBC677DJGjBiRtO3cuXN5+eWXmxznjTfeICcnB4DNmzdz3333sWTJEurq6hg+fDjf+c53KCwsTNrHWstTTz3FCy+8QGlpKf369eOcc87h//yf/4PruvHtZs+eTUlJSfx5fn4+xx9/PFdccQWDBw+Ov/7www/z97//nVmzZvGzn/2syfMD6N69O1OnTuWKK66goKAg6b2qqiruu+8+3nvvPWpqahgyZEiTc//Sl76E53n885//JC8vL/56XV0dDzzwAG+99RaZmZnMnz+f7t278+Uvfzlp/9dff52bbrqJ/Px85s2bF792CxYs4LrrrmPChAnccccdTV7rRM8++yzPPfcc27Zto2fPnpxyyilceuml8fESj9WU3//+90ybNi3pOt17770cd9xxAFRWVnL22WfjOA4LFiyI79fwM4kZNWoUDzzwAND4+9KlSxeGDBnCpZdeyuTJk5s9nz/96U8MGzaMRx55pNH7sXMpLCxk7ty5rV0eERERERGRTk8BsIiIiIi0KnHdEGuJN9S14RDFmzcy74lNvPj8c4wbN55zvvY1vnLmmXQvKGhH+2bLJ0sW89nSpezYsYPy3XvYW7GXyopK9u3bR01tDXW1dQRDkTC4rraOqn1VeGGv/pjRHCxxCsmPm5+cje4cDgXYu2cXe8t3sWLF57z80ov06tWL8ePH85WzzmJaYSHdu+dHe/IeXInBX11dHc888xTz588nWFcXeT/N8QyQ06ULV/zov/judy8lKyuro2bK3r3lPPbYIzz22KMJx+vIaxhZ8DcWuLY1fN24YQN/mHtrytv37dePm353M3369AGI/kCg7cdPV2cJfxM5jsNxxx1HaWkpCxcu5OOPP+ZPf/oTY8eObbRt37596dkgbI8FtuXl5fzoRz+ivLycfv360b9/f1asWMGcOXO4/fbbk4K/v/zlLzz99NP4/X4GDBjAtm3buPvuu9m6dStXX311o+MOHz6c7OxsSkpKeP/991mxYgWPPvooXbt2Ten8Ro8eDUBxcTGvvvoqK1as4MEHHyQjIwOAcDjMz3/+c1atWkVubi69e/dm1apVzJkzhxtuuIHTTz+9xWN4nsfVV1/NJ598QkZGBj179mT16tX86le/4pprruG8885rtM+ePXv4xz/+wQ9+8INWz6Ghe++9l0cffRTXdRk8eDBlZWU88cQTrF+/nj/+8Y+Nts/Ly2PIkCFJrzV17e666y7uvvvulOYQ+0xiEgP5mNj3Ze/evSxfvpyrr76au+66q8nv1ttvvw3A+vXr2bhxY6P5ioiIiIiIHG4UAIuIiIhIu1lrqamp4T//+ZAlS5bw5htv8Ktf/z+GDB2a9ljRelpefPFFnnvuOQI1NZEwz4JtJUOLr0fc8PWEILAtDAasxVqPstJSXn/tNRa+/z6FXzqFn/7sZwwfMeKAhXypyM3NZfLkySz413vsrCuLXL82BKy1NTV8smQJM78+kz59+3bI3KyFsu2lrPh8OSbp4+jY8LI9YWjSZ5nOONYm/cogNoc9e/awcOFCdu7c2eY5tcQYw3HHHcdJJ50UrzjuLLKzs7nnnnsAmDdvHn/961+55ZZbeOKJJxrNc9asWcyePbvJcRYsWEB5eTnjx4/njjvuwBjDU089xV/+8heefPLJeAC8efNmnnnmGbp06cLf//53Bg4cyK5du7jkkkt48cUX+cY3vsHAgQOTxr7++usZMWIEwWCQK664gtWrV/PBBx9w9tlnp3R+9913HxCp8v3e977Hxo0bWbhwITNmzADglVdeYdWqVYwePZq//vWvZGdns3jxYn7+859z5513thoAv/nmm3zyySf079+fe+65h4KCAhYuXMicOXO48847Oe200+jSpUuj/Z588knOP//8RqF6S7Zv387jjz+O67rcfffdHHfccVRWVvK9732Pjz76iGXLljFmzJikfU444YSUqmaLiopYsGABX/rSl1rdNvaZtCTx+/KnP/2JZ599lpdffrlRALxz506WLVsWr5B/++23ueyyy1qdg4iIiIiIyKFMAbCIiIiIpKXZcMkC1hIM1vH+gn9x/XX7+N3NNzNk6FAcx216n6YEBhKCAAAgAElEQVSPgDEGL2SxYS8SXBrwInftqhNNNRhraruGr+2r2sfr/3yVrcWb+Z/rruPE8RPw+/1pHacjJR7T5/Nx/PFjOWb0MSx8P2Ed3BTFIk/rWTZ88QXr1q6lb9++rQbwzQ5EfVW19Tw2bFxPybaSRvPuSG0dtz0BasP9YoHTzh07ePiBB1i2rKhN46Zy3O9+71JOPPHE+HewM5o9ezbPP/88W7ZsoaioiBNOOCHlfWNhem1tLcFgkIyMDM4++2z69++f1Jb4/fffx1rLl7/85XjQ26NHD2bOnMmiRYvYsmVLowA4xu/3M2bMGFavXk1ZWVna55ebm8uECRMoKSlhy5Yt8ddjLY4vuuiieFXrSSedxJQpU9i7dy+7du2iR48ezY777rvvApHrF2stXVhYyJgxY1i2bBkfffRRPGyOcRyHuro67r//fq699tqUz+Hf//434XCYqVOnxts15+Xlcdlll7Fo0SKqq6tTHitR7M/CPffcw7Rp09o0RkvGjx/Ps88+2+Tn9u6772Kt5dxzz2X+/Pm88847CoBFREREROSw57S+iYiIiIhIeiyWRYsWMWfOHNasWYP1Ol9r2vayWLCWZcuWcfvtt/Hxx4sIhUIHe1pAJGzp178/E6dMJjsnm/ZU1+7auZMlixdTFwgQqSNuX7AaDARZuWIlFRUVnapSdX8z+/nWwQXU+4UxhpEjRwKwbt26tPY95ZRT6NatGytWrOCb3/wmjz76KOFwmGnTpnHiiSfGt4sFrwMGDEja//vf/z733XcfU6ZMafYYgUCAoqKiJvdPRSAQYOXKlQDxNuAtzem2227jvvvuazH8hUhVM0TaIic6+uijAdi0aVOjfU4++WR69+7Nq6++yhdffJHyOWzduhVo3HL5rLPO4te//jWTJk1KeaxEOTk5zJgxg+LiYl544YU2jdGSJUuWAE1/bu+88w4A5513HqNGjWLTpk1pXRMREREREZFDkQJgEREREel4NnL75JNPuPfeeynfW36wZ7RfxDK3os8+45H/fZji4s0HdT6JsrOzmThxEsOiIVE6Eiut91VX89lnn1FSUpJeO+Rm7NmzhzVr1lBXWwtEKjs749q1sn9069YNgIqKikbv/eUvf6GwsDB+e/XVV+Pvde/enTvvvJPRo0dTWlrKvffey/nnn8///u//Jn1/YhWqiVXBrbn55pu58sormTVrFmvWrGHo0KFMnz49pX1ramq48sorufLKK7nwwgtZt24dffr0obCwsF1zSrRv3z4gUmGcKC8vD4DKyspG+/j9fi6//HKstdx1111pHyvWUvrTTz9l7ty58VusmjnRwoULkz63m2++ucmxr7jiCnw+Hw899FCrlcSXXnpp0pjbtm1rtM3TTz/NlVdeybe+9S2ee+45srOzueiii5K2KSsrY9myZRQUFDB69Oh49XEsFBYRERERETlcqQW0iIiIiHSMhGJOYyJr5uJZFrz7Lz6YcTrnfPWr8YrPw6HyM/EUvFCYhe8v5JjRz/O973+fvLxu0fcP/HlGsneLcQyjR49k8pTJfPHFOmpqatOfjQWsx5rVq1n66acMGjgQx3VT//warIdrrWXDxg1sWL8ez/M63Xq1sv/t3bsXgK5duzZ6b8iQIfRNWGv6qKOOSnp/6NCh/P3vf+fTTz/lpZde4u233+b+++8nLy+PCy64AIDMzEyAtFoVJ1YjFxQUcM8995CRkZHSvp7nsWzZMgB69uzJ6aefzuWXX54U9sbmVFNTk/KcEnXp0oVdu3ZRVVWV9Hos+G0YDMecccYZzJs3j0WLFtG/f/+UjhWbd+xYmzZt4uWXX46/X1BQ0GgN3/z8fEaPHh1/3tzavf369ePCCy9k3rx5PPbYYy3OY+zYsUnrGmdlZTXaZtu2bUnB8B133MGQIUOStom1z54yZQrGGKZNm8aDDz7I22+/zQ9+8IMW5yAiIiIiInIoUwAsIiIiIvtVZUUF8+fP58unnpr0H/QPD5HKQ4MhUFvL/PkvM2nKFE4+eSKu6+NgZpsWyO7ShSlTp/LWW2+zacOG9AeI2rV7F58u+YTC6dPp2bNnm+aCgUBtgNWrVlNWmv76qnLos9aydu1aIBLmNnTeeecxe/bsJvd99dVX2bZtG6effjonnngiJ554IhMmTGDu3Lm8+eab8QA41gK4pKQkaf/HH3+coqIiZs+ezfjx45Pee+ihhxg8eDAXXnghu3fvZsOGDYwZMyalc+rSpQuvv/56i9sMGDCAbdu2sXXr1vi6ugC/+93vqKqqYs6cOXTv3r3Z/QcNGsTmzZtZt25d0rrJ69evB2h2TWNjDP/1X//FT3/6U1566aWUzic2VqxF8syZM5k5cyb33HMP//jHP5rc57jjjmPu3Lkpjf/d736XV199tdX5XHXVVc0GyTE//elPmT17NnPmzGHhwoUsXryYY489NmmbWKXvK6+8wiuvvBJ/fcuWLaxdu7bVY4iIiIiIiByq1AJaRERERDpcrCWrsWA9y0cffcSa1ZG1gA/Pis/I+RYXb2bh+wvZty/16sP9yQLHHnccxxwzGp8v/d9+Ruu18UJhPvvsMzZv2tyutWZ3795N0WefUVNTfZh+D6QlzzzzDMXFxfTt2zcpyExFUVERDz30EM8880z8tezsbCC5o8DUqVMBeO+999i+fTsAO3fu5B//+AcLFy5sNmjNyMhg1qxZADzyyCNpza01sTk9//zzBAIBAD7++GNee+01li1bFm+L3ZwZM2YAkZbH5eWRdvofffQRRUVFZGVlMXny5Gb3HT9+PNOmTSMcDqc012nTpuG6LosXL2bx4sXx12OtodsrLy+PSy65JOX5pOLiiy8G4KmnnqKuri7+emlpKcuXL8fv9zNmzJj4LVZl/vbbb3fYHERERERERDobVQCLiIiISIeLBzImEiLuq9jLW2+8xnHHH0um27iVZ7LoAsLGS34eG/AgtFVuWv1cbHR+NuyxeNEiLrrwoiZb3B6oWdWHtIZu3fKZNHkqH/77I8r37MZYC8bg1X9ETV9RE73yNhZub2Llis859rhjk9qxmqTe383MyYLnWUpKtlBUtLT+BwIphsCJ34BUdcQ3Jd3j2s7y1exEampq+PGPf0xZWRklJSVkZGRw7bXX4rpuo22feeaZRmvM/uEPfyAnJ4dvfOMbvPPOOzz//PMsWbKE7t27s2LFCgDOPPPM+PbDhw/nnHPO4dVXX+Vb3/oWAwYMYOvWrdTV1fGVr3yFYcOGNTvX888/n8cee4wPP/yQdevWMXz48A65Bl//+td58cUXWbZsGV//+tfp2bMnGzduBODKK69s9c/BGWecwSuvvMKSJUu44IIL6NOnD5s3b47vH1sLuDk/+tGP+M9//pNS6HrUUUfx3e9+lwceeICrrrqKoUOHEgqF4sdLbNEdU1RUxI9//OOk1374wx8yduzYJo9x4YUX8txzzzWq0k40d+7ceMAPkSrqOXPmNLntmDFjGDt2LEVFRcyfPz++DnCs+nfKlCnccsst8e2XLFnCz372M9555x2uuOKKVs/lj3/8Y7yNt4iIiIiIyKFCAbCIiIiIHBAffvghP6jeR0ZGZsrBn7HEUzXHtKP09AAqKSmhpKSEQUOGNBlyHQjGmHjI6roux48Zw7Cjj+bTJXvaPGZNdTVLP/2U08/8SvJ6nCmGnnW1taxZszZpzc5UHazYP93jHiJf0QPK8zyWLl1KXl4eU6dO5bLLLmPUqFFNbhv7s5MoFloOGTKE+++/nwceeIAlS5ZQWloab9t83nnnJe3zP//zP/Tu3ZtXX32VLVu20KdPH84++2y+8Y1vtDjXvLw8zjvvPJ588kkeffRRfvvb37bjzOtlZGTw17/+lbvvvpsPPviA7du3M3r0aC6++GK+/OUvt7q/MYbbbruNBx98kDfffJPt27czYsQILr74Yk4//fRW9x88eDDnnnsuL7zwQkrzvfTSS+nVqxfPPPMMmzdvJiMjg/Hjx3PBBRc0Od+KigqWLl2a9FqsUrkpfr+fyy+/nN/85jfNbrN69eqk5w3XP27o4osvpqioiCeeeIKZM2fi8/niAXCsAjtm3Lhx5OXlUVJSwqpVq5LWL27qXDqyWllERERERORAMTb2X4ZERI4wHdXKTkSks2vvursbirdxyqTxrW/YjNhfN/MLCnjiqXkMHXo0jtPCSiTWYoDrr7uWF557nmAgEF1DNrEKuPOJnWfXrl2Zc931zLzgAvx+f5PbVlVUctttt/H0U08SCgbbfKwfXH45P7j8CvLz85vdBqCyopIHH3iA+++9l0CgDmMgVl/dWsiZWK07YuRIfvX/fsOUKVOiO6b4WVhL6fZSbv/jbTz/7LPx4x1ubaD79uvHjTffzCmnfBlrbTyIX7tmDddecw3LlhXtl+MaY7jk0ku5+n/mxL9zSSG9iIiIiMgRakPxNoYObNzFRETkUFBRUQHQ6IeqLRk3bhygCmARERERSUG6LXubUrF3LxUVla0fK35MU9+C2IC1xANHxzj4fC4+vx+f6+Lz+XBdF+M4uI6LMQbXdfD5/a3GxdZCIBigqrKKqqrKpGqvtpxvIBhk9+5deJ7XIdetrRKPmdc1j4mTJvL666+xbu2aNo9TWlrKJ598wqRJk3BcB6zFJrzf8Cxj52+tZXvpdtauWYsxDdpGN7F9cyzRfVP5UFs4j5Z3tUmPjTEpB931312bdC8iIiIiIiIiciApABYRERGRViW2FG7rvmHPo7q6OuXth48cwbTpX8KGQ/gz/PgzMsjMyiY7O4euXbtSUJBPQUEBBQUFdO/WnbyuXenSpQs52dlkZGbi80WC4BYXcY3menV1dXzyySc88vDDvPevdwkGg20Obb1wmH37qvE8r/WND4DY+sTHHHsME046iU0bN0TOrw1jVVVVsXTpUsrKyujTt0/qc7CWL9Z9wfbt2+PPoflQ1hhDbm4uvXv3pkePHvj9fjycpPdb4nkee3bvZPWqVe0KYbt3787wEaPISliLtCUFPQronp/frj8vIiIiIiIiIiLtpQBYRERERFqVk5PT5tb59UGYJRCoS6nKE2O4aNYszj33XBzj4PgMruvi8/nx+zMar61rEvZNGMcmvNccA/izMpk4eRIZGX42rP+C9evXp3h20WM1OKdQKITXmdaNNNCtW3emTZ3G++/9i5KSkjYFwOFQmHVr17J8+XJ69+mdckgeqAuwcuVKqqpargCPBafWWgKBAOXl5TiOw9Chwzjm+OMZd+KJHD1sGK7ra/FzDQYCfLBgAddff1183LYYPHgw/zNnDgMGDUxpe8dxyM3La9OxREREREREREQ6igJgEREREWnV977/Q+65527CwUDa+8bCNwt44darImNRXV5eHnmJYVpLaW60TXRbGy0bAOMyfPhIjh4xik2bNhMKBVNrN0zjgNEmzLVTrHNrI/MYP/5ERo86hrLSMkLhYLSlcvMtmRsxsL10Gx8vXsTJk06ma17XVraPjLtj1w7WrFlFoK6u1Wsau16BQIBdu3axa9cu1qxZy78//JDvf/8HTD55Iq7PB07zgwQCAXK7dsPiYPCIn2gqpxgNoY0x+P0ZFBQU0KtXr9R2bobP56NHj5707tOv0Xuetezdu5fa6mqMiRzXo/W1mUVEREREREREmqMAWERE5BAUDHmEbKS60GfqKyH9Pqe5XUTaZerUqTzzzDNsL9ly8CZhoOV+zu3n9/nIzs7GOIfXnyVrwFgoKChg4sSJLF78MRUVeyNvppMyRitzP/tsKcXFxRx77HEp7GLZuH4DmzdtwnpemwJxYwz9+/WnsLAQx+dGziftUQ6sxDbQgwYP5o9//nPS+tIxdXV1zL31Vua/9OKBnqKIiIiIiIiIHKYUAIuIiBxCdlZVsnhfNbvqGldhZiSEKnkZfgDcQAiAId27xd/LNzbePtfn+vBF9/MZVwGyNCsvL4+cnNTWQT3UGWPSq4rt7Gyswtng8/kZN348AwcNYvnny+oz9TRO1QHWf7GeVStXMWLESPwZGS1uX1tTw4oVK9i5Y2ebT8Gf4Wf0MccwctSoSLDa5pEOnMS24K7rkpuX22T4XVtTS2ZmZvT7diicmYiIiIiIiIh0dgqARUREDgF7aqp5a+duttbUAOBrpTqxtK4Of0J71PU7yprdNhtDluPgi26f5Y+Ex1mOixt9LcdxyUo4ZpYv8leIfBMJK1zXxecm/7XC10yVX2LFcoyC587PGHNQWhknhmiJFZVNvdYR07ORg7Z/oE4k6XNzDEOHDeXkSRNZuXI5Xthr05iVFRV8tnQpp546g/yC/MSDJW9oLbt27mJZURG1tbVpR+qxzzY3N5fJU6aQlZ0VPUznD+dTn2NkzWOLPVx+ciAiIiIiIiIiB5kCYBERkU5uZ1Ulr+8uZ08gvbVXg14kOPG3sE4mQA2WGi9MthcJgmuDQVxjCBKKb1OesL3bRKjhGkM4ITRzohXGWU592NvN51LlRcKmnITXsxqE2bFwOSYxZAbiQXNi5TIoRD7cxYJeL+xRUbGX3bt3U1VVRV1dHeFwmI6qCa2traOsrAzPO7xCYKhfQrlr9+5MmjSJt994g+Li4rTGiH0OoWCIFStWsmXrluQAuAHP8ygu3szyz5en/RnVB/uG/gMGcPyY4+tHiK7RKyIiIiIiIiIijSkAFhER6cQqAwHe3LkLh0iQG0qjWC8W/AY922oIDPVBMB50dRwyHafJsLcpieGvawxEg946r37CZaFg/HF1C2P5THKQuzGF42cYQ8DWB8XdfJFQ2ItWN0PzVcs+Y9T++hBQXV3N22+9xbvvvsOGL9ZTWVlBbW0twWAQ69kOqf4FCFuoqa4hFA4B9vBpAx1lAdd1GHvCCYw/6SS2bdtGKBRqdb/4/tE/Z9Zaios38+mSTxhz/BgwTVe81tbUsGrlKkq3b6etq/a6rsuYMWPo07dvk1Xgh4SWpnwIno6IiIiIiIiIdG4KgEVERDqpYMhjVWVV/HkuEHQcQl5qKXCqFcCJfMYQspYKz8NnLRnGwYfFxZDpRgLSWNjbXDgctjbl4Dj52A4h6xGyXqMQuDWBxADa86gK1F+jhmFzSQvj5Gb4yXBcBmRlkJ+dk9YcpOPEAz5rqd5Xzdtvvsmf77iDrcXFeNbrsLC3JbE1cw8n8fV+gV69jmLy1GksXPgBO3eUpRzNJoa8lRXlfPrpEmaeP5O8bt2wWJzoSLHPsGLvXpYVLSUUqu9gkFKobuu369Ytn7Fjx5HbJbfRHA4ZLU35EDwdEREREREREencFACLiIh0UrVeiB2Buvhzx3HoiqUCCHleq+sAp1sBDBCKhjax9soB6xGJbSy1QQ+/Y5LC4JakGwSHrBc9thN/3loQHKv8TbyPzLvxa6moCgSBIMW1NfSqruX4rnlkR9dElgPHAJ61rFq5kvvvu5933nqL6urqyNq8CsvaJbGCdsKECQwfMYI9u3amXFUb28oAwWCI1atWs2r1ak6eODHpozHG4HkeJSUlrFu3rj0zZvDQoRw/5nhcX+P1w0VEREREREREpDH1OhQREemkttcF2FtXl/Sa3zF0dZxWw19oewVws+MZqLaWSuuxMxRiTyhMZShEwPOSWkBD+6uAY49bE6v8TQx8gXjom074m6gLhupAgBUVFdQEg63vIB3DRm5e2OPfH3zANddczT9ffZnq6n2Ah3GU/3ak3r17c9KECWRlZ2Otjd9SZqGkpIQlixdTV1Nb/3LCWGvXrmVHWVn8vXSqdy2QlZ3F2BNOYOCgQYdm62cRERERERERkYNAAbCIiEgntbF8b5Ovx0LgVMWC4Nh9S0JpBCwB61FtLVWhMHuDISpDIapD4Xgg3DAUTkUs/G1435zEgLdhCBzogLCoKhBUCHygRIt7redRVFTEH269lTUrV+KFw5jE9WWVALebMQZjDFlZWUyaNIl+ffu1cSRL9b59fLJkCdu2b2u0lm1tTQ3LV6ygsqoqfszUJxnpwH1U79586ZQvkZ2d3cY5ioiIiIiIiIgceRQAi4iIdFIfrFvT7Ht+x5DvmBare2PvNbzvKP4GYU/Qs9QB+zxLRdhjTyhMeTBITTicUhgcq/ht2AK6pRA4scVzS+2gE7dPV1UgyLqqfWnvJ+mKVIyWl5dzz913s3bt2oM9ocOeYwzDjh7GhJMm4KTxoxIgHvYaYO3qNaxZvYZQOJy0SWlZGV+sW0cwkP4PKCzg+nyMHDWS48eMiRxI4b+IiIiIiIiISEoUAIuIiHRCK0u2URcItLiN33HJd1y6Ok6jcDdx/d/E+1SlUgkcTCGMCWHY51n2hMLsDIaoDIaoCUeqhBu2jm5Y9dswEG5OU22gm2oH3fBxOnYEAlS28nlIO1kIh8P870MP8Z8PPyQcCsVbQsv+06NHD6ZMnkyvXr3S3tdEP5/du3dT9NlnVO+r/6GEtZZ169axeXNxm1s3d8nJ4eSJE+nWrVub9hcREREREREROVIpABYREemEdu1NveI0y3HoGr35G1QFt6X6t6V1gBPFKoAbBsGBFip2EyuEq8ORNYRjoXDDSuGQ9dJuBd1SBXB7WkKHw2G21ykA7mgN15xd/8UXPP30PKqrq7CxntDpZvbRUDIWTipAboEx+PwZjB0/gTEnnIhxHAymxWsW/0gM4BhwIBisY1nRUnbsKIt/ntXV1axasZI9u3eS1u8uLGAtBjiqdx9OHD8hcjx9liIiIiIiIiIiKVMALCIichhwMeT6IhXBuWnu2zDwjVX/tlYFHAt+/bb+sfU8Mlqp2I0fBxO5OQ61GGoxVHiWPWGPPWEvXilc54Wj8/GSQuFETYW7DSuAG64X3JqAtQSspTwUpNJ61IZCKZ2XpM96llAoxHsLFrBnT3n7Bot9F9s/rSNG3759mTJlMvnd8+uD9zR4nsfmzZtZ/vkyYld+R1kZRUVLCdTVpTmbyP7GcRg1ejQDBgyIB/rqAC0iIiIiIiIikhrfwZ6AiIiItF0YS6+qMnpl7Wh12x21veiVtYMdtY1bve7O6EKlPwdIrf1zTIZxCJAcyAZs6iFwS2pjlYi2vvTPZww+6wFh3Gig2/A+ZOvbRrcU9AaaaD8NELY2coutiRq93x1Kfx1TSY1xDOXl5Sz99FOCwQDGmDa3DY4MGL23De7T3f8I4fP5mDR5Mm+88Toff/RRm6797t27WLRoEaef8RUyMjLYsGEjK1esACKV3iblMmADWHJzczlxwni6du1KYlHyEfbRiIiIiIiIiIi0iQJgERGRQ1QYi3/7JkbuegHfUX3wZXfByezS7Pb9M8vARu+bsDV8FEsZBa6b8hwC1otXABvHwXqR55hINbBxUguCw56Hm8K2IWsJNSjxjP9lJim0Cift57Ne6udlDOn1rJWOsHPnTjZu2hgPClMPDJPFwsbEEDPVseL7JHyV2jqPQ82gwYMZN348S5cupa6mBkjv3Gtra/n888/ZvGkDAwYMYs3qVezY0fS/a1pkwGLo178/Y44fg9/vP2I+AxERERERERGRjqIAWERE5BBVXRdg1L6lSa95dY3XDm4pFE7U35axo64Xm7pEKoRD1ra6HnBiBXDAevgT3gsayEjhuGGv5fV9G/IZE59bqtXKIeOAF60idgwhzybdpyLsqanwfmMtO3fupLy8be2fG4a9juuQ160bmZmZOMaNrAec8lhhysvLqa2tbdNcDiWJ1y0zM4OJE0/m5fkvsaW4GGPTrdyFrcWbWfzxYjIzsigqKsJ6Nv0lnK3Fn5HB8WOOZ9jRw+LVv4qARURERERERERSpwBYRETkEOR5HsGElsTh6qrmN66JhMK+7C6Eavbhy24cCMdC4jx/dlrzCERbJ2cYJ/44JtU20K7jxEPgVCqBU12juCGf9SJBMMRD31TDX4BaL9z6RtJme/bsaXPomljxm5+fz0WzZzNx0kRycnJwjAOk3pK8rqaaBx74Ox9++CGhI2jdZ2Mcjh4+nBNOGMfW4i1E6nDTYKGyspLFSxbTJbcL69evo02Nmw306NmDKVOnkpeXl96+IiIiIiIiIiICKAAWERHplHp0a71q1+/z83l4MINzdwKthMAJ7ydu5+bkRh7EgmE/5BhD0LNptUGOtYJu+FoqIXBiBXAqbaDbUgEcGdyNVwG3pQK4Nqg1gDtcwnesunofoWCgHUNFxrryxz/mG9/8FllZWekPYmHfvn0UvPgSxjiH/cKz9dW9kXV3j+rVm+mFX+KDBQup2JteNbYxBi9sKfp0KdWVVews2xG5hmmwgHFchgwbzuTJU6OfQXpVyCIiIiIiIiIiogBYRETkkJXl98HgY/loTz4AfRq0g27KYN9ONoV6MtiXHBq7OblsyxrKLi+XHNcl7NQHpWEi6+5azyPYTA4TWwc4MQROtQIYwIfF0rYK4FRaVUPkXOLHa0MFMK5LMOTh96UXaklrLNZCMBjAC7etyjpW/Tt8+HBOOeVLZGSk0nxcGvL7/Zwwbhxjxo7l3wvfT2oR3ZrYtiUlJZSWlra5ejonJ4cJ48fTs2fPNu0vIiIiIiIiIiIKgEVERA5pWX4fdUcNBGATA5Pe84dqGm1f0uA+kS8jL/LAJgelPgyZAI4LRILUOkhq+dwwGLaeh0mhmhciVb8hz8MltQrgpDmnUQUcq/hNlE4FMEDIhvGn0U5YWlP/eVjPkmZX70b69OlD17yuqhhtKwuDBg1iypTJLCtayt69ezEplj/H2nB7nocXrepP93MwQM8ePTn55In6DEVERERERERE2kEBsIiIyCHIaRCUuk2FNBm5KY0VC0BdYwg3kcC5DYIY140GwjiErU2uEm6wDjC03go6sQV0KhXAiVKt/gUahb+QXAGcDTSOzBsfTzpepAGxJTEQbgvHdSCFQD+xsjVx/WCDwZj64NLSObs/J84/7IWx1mt0TqkNlPA4uktmZgaTpkzhtddf4/Oiovprk8KYiX9Pez4AACAASURBVNcyXTba6vnoo4/m6KOPbtdYHcVai2c9vOj1VSgtIiIiIiIiIocKlbCIiIgc4poMf5vhc0yjW0xT4W+rxzaGTNchx3Xp6jrk+lxyfS7+6LjWa30d4MTAN53wNxb8plMB3Fy172DjcrTfj+s1DrAThcJta2srzTGAwcYft8/27dupqqxKKzhMrFYNhUNUVFRQvW9fJPBr94z2v9LtZezbV93ucSxgjcUaGDp0KOPGjcPv99e/n+I1NcbEb+nKys7mhBNOoHu3bkljHWiJ51peXk55eXk8kD7YobSIiIiIiIiISCoUAIuIiBxGwilUUMYqYZuqiG1yzBQCD9cYXGPIcBwyHIc8n498n0tBhp8ujsHXwrwaVgCnKhb8plIBHAt+G55zNjDRdRia5SffQLiVADrcxjVqpTk2WvkbjX/bGfZt2LCR1157jZrq6khQl0JR8b59+1i2bBlPzZvHLTffzDXXXMN//vMfQqFD47P+9NNPWLx4MXV1dR0wWiSMz+mSw5SpU+jRs0cHjJm6vn37Mm7cODKzMg/ocVuyfft2XnrpJaqr2x+yH2nmzp1LYWFhi7e1a9cesPmce+653Hnnnftl7AULFlBYWMi2bdv2y/hHEl1LERERERGRjqEW0CIiIp2Y53mN2j23pLVq4MQ1bxND0XTWwU1XLBSGSJjcsG10TLrtn2Pr/6baBjp2niHPkollgOtnSKYvXmHoOA4Z1hJoYaw91tAz5RlKKmJX2/X5wbhtGyNanRkIBLjvb39jX1Ul3/rGN+nTpy+4BqwhFAqyZ88etm7dysaNG1m5YiWfL1vGunXrqKmpIRQKEQqF6oNj9m/7Z2MMrhs533TbCye2R95WUsJf//wndu0o4/yZMynoUYB1nPq5GxMN2U10Pd+mjpPQPhpwXR+jRh/LqFHHsq1k+/6thI4e2vX5GDnqGEaMHNVhVb+xdcgTW3l70OxVaLS/MdTU1PDUvCfZtGkD37nkEo4eNiz+ubXOwXV9FPTsgetzo8c9FOrKO8ZFF13E9OnT48+vu+46pk+fztlnnx1/rV+/fh1yrJkzZ3Lqqafys5/9rEPGExERERERETnUKQAWERHppGoDQXaEwvgcS7br4LfgYhsFwrGq31RaQccC0MT7/Rn+JopVCQOEnYQ1TK2lLuwRSiP8hfQqgGOVv7Vhj66OYWRGJj19ySGO1vc8CBKqczMyMtII1ppmgIq9e7nnrru55667I4cw4FmLE/98IysOY+tDwMTP3sT/0fGS1ul1HDIzM+NVz20JgSHSZr1482Z+f+ut/H7uXGKrKcf+YYETxo1j7u//wMiRIxsM0tRDAwZ69erFtMJCFn30ETX7qmIHTXl+qZ9IZKrdunVn0qRJFPTs0SFrLxtjyMjMICMzk0BtTVoDJn0O1lJXV8t7/3qP9/71r+h7qQ3mYOg/YCD33n8/I0aN6LyLSu8nw4cPZ/jw4fHnjuPQv39/pk2bdhBndeQIh8Pt/ndqZ3S4npeIiIiIiEhHUwtoERGRTi7keVQGQ+wOhdgRCrMrFKbC86i2lqAXuXmeR9ALt9oCumH4G3utNa21gW7p/Xjom7BNLAyOtY3O8/vIdx26OoYsLL4UWkGnugZwrEoYoL/fz5TsrEbhb8O5Nqc2pDWA95euXbuSmZnRpn1bWpfV2MiPI4wlerOR+xT3319c16Fr17y0qt5bYoyBaPWysZG/5BsM9bXA6Z1jVlYWEyZMYNTo0eCY/RP+RjnGMHjwICZNnpRWx4OWGGPIy80lt0uX9o8VvZ5O/Htk47fI6/W3xJ8ZRCcS+fHBERb+piMcDvPggw8yc+ZMZsyYwVVXXUVxcXHSNvPmzWP27NmcdtppfOc73+Gtt94C4Nlnn6WwsJCdO3fy9NNPU1hYyJYtW5o9VnV1Nb/73e8488wzOfvss7njjjsatfZ/6623uOSSSzj11FOZPXs2TzzxRKN/R7z99tvMnj2bU089lSuvvJIvvvgi/t4LL7xAYWEhmzZtir9WXl7O9OnTeeKJJ5qd25IlS7j88ss57bTTmDVrFg8//DCh6P/mPPXUUxQWFibNdfny5RQWFrJ8+fKk4z755JN89atf5Ve/+hUAmzdv5uqrr+YrX/kKX/va17jpppvYvXt32uec6IUXXuCMM87gn//8J9/+9reZMWMGl112GStWrEja7qOPPuKKK65gxowZnHvuudx8881UVFSkfC0Bfv3rX/PDH/6QW265hRkzZvDss8/Gr+mNN97IWWedxVlnncXcuXPVql1ERERERCSBAmAREZFDTMjzqAmF46Fwheexx7Ps8Wz0cZhK61HrRW5BL9xg//oQGNjvFcBha5Oqf1viGkO265Ln99HVMXR1DF0MTQbCqVQAx7bp6hjGZWZwfIavxSpLn9FfjQ6k2GdhgJ69etKlA8K6RscguflxU/WbB6P62+f66NGjJ9k5Oe2agzGm0b4m/n/159+WcY8eMZyp06aRnZ0TX6u5o1gsHhZrLZmZmYwZO5ahw4Z12Piu61JQUECPnu1r2t7U9Y2/B/XrTEdv8R8aRLdxqI/ej6T2z+m4/fbbefzxx/n2t7/Nb3/7WyoqKvj5z39ObW0tAC+++CJ33XUXM2fO5NZbb2X06NHccMMNfPzxx5xxxhk88sgj5Ofnc+aZZ/LII4/Qu3fvZo81f/58MjMzuf766znnnHN4+umnefjhh+Pvv/LKK9xwww2MHTuWW265hdNOO427776b+++/P77N8uXLueGGGxgwYAC/+tWvmD59Oo8//nj8/dNOOw2fz8d7770Xf+3DDz/EWsuMGTOanNfy5cv57//+b3r16sWNN97IrFmzeOyxx5KOm6r58+dz5ZVX8s1vfpNQKMRVV11FZWUlv/nNb/jxj3/M4sWLuf7669M656bU1NTw2muvce211/LnP/8Zx3H4xS9+EQ9hly9fzi9/+UuGDRvG7bffzlVXXcVnn33GH/7wh5SvZcyKFSvYvXs31157LZMmTSIQCPCTn/yE5cuXc8011/CTn/yEhQsXcuutt6Z9vURERERERA5XagEtIiJyiAtFw1Gf4xCMhrpBLDWJG3kh/I7BZwx+C34MLqZR9W9bw+BUwt22jhmrEgYIeB51mBbD34YVwf39fsZk+jtkTrUpVCZLemKVq7169qJv374Ub9qY/F6qY7S+VQvPDoz4PG0koOzfvx/53bqzZ9eutFtAtzZ+7E9BLJtM94wtkJ2TzaRJk3j7zTdYvXpVu+bWWHRtYmPIz89n8uTJ9W1dO+DfJ8YYunXvztixY1i7ZjXpVkA3NV7K27Zz/yPJ5s2bmT9/Pr/4xS84//zzARgxYgSzZs3i3Xff5eyzz2bRokWMGjWKb33rWwBMnDiR2tpaiouLOfnkk+natSuu69KtWzeGRX9EEAgE4scwxuD3R/434JRTTuHqq6+OP66pqeGZZ57hkksuwRjD3/72N04//XR+8YtfADBlyhQAHn/8cWbPnk337t157LHH6NOnD7fddlv8O5uTk8Ptt98OQF5eHlOmTGHBggV85zvfAeCDDz5gzJgx9O7du8m5PfTQQwwdOpTf/e538feCwSCPPPIIV1xxRVrXdO7cuQwcOBCA9evXU1paytVXX83kyZPj83v66aeprq4mMzOz1XPOy8tLqjz2+er/E8INN9xAfn4+ADfffDOzZs3i5ZdfZvbs2fTo0YPbb7+dk08+OV7Zv3PnTu699148z8NxnFavZUzv3r35/e9/H9/mxRdfZOPGjTzyyCMMHTo0Pq+bbrqJ7du306dPn7SumYiIiIiIyOFIZS4iIiKHAV8KbVODnqUm7FHhefFK4YbVwnWeR8izKbWFPtB8xiHH9ZHvuvF20YmBdWKrZ4hU/Z6UlcnxGan/3i2jlZCmukE1tbSPtTbeZrSgoIARI0biRP8D/5EQmA0cOIihw4Z12LnGC1Gjpb/xx20eDUaOHsmYE8bi83fMjygSxzdEPudBQ4YwctSoyJzjZbXtHN1acnNzmTx5CjnZ2Qe+zXfiGtPR59LY4sWLASgsLCQQCBAIBCgoKKBv376sWhX50cGYMWNYvXo19957L2vWrMFay4033sgFF1zQ7LjnnHMOM2bMYMaMGVx88cXx1xsGg9OnT6eyspKysjI2bNjAnj17OP3005O2OeusswiFQhQVFQGwevVqpk+fnrQObUFBQdI+Z555JqtWraK0tJRQKMSiRYvi4zY1t88++ywevMZccMEF3HfffXhp/vCoR48e8cd9+/aloKCA++67j3feeYfKykqmTZvGn//8Z3JyclI653nz5sXnO2PGDN588834dpmZmfHHRx11FEcffTTr1q0DIte6R48e3HDDDXzzm9/krLPO4m9/+xt1dXXx1tapXEuA7t27J22zePFihgwZQv/+/ePfmzFjxgDEvzciIiIiIiJHOlUAi4iIHAJC4TA+t+l1ayFSBexznPh9c/yOiVcJx/e1ltjKtjVeQmVtmEi1sGPIdJx4K+d0tbc62GccQtZr9JrP8P/Zu/MoOc76Xvjf56mq3rtnlTQa7YtlWbIkS7Yc4wUwBsQhLA4EnAv4OskhJ29CuL7ce/MGXl6WcAMJgSTscRK4cBIg4NisL0tMgjFxjMEb2OBNlmVrX2Z61t676nn/qK7u6urq7uqeHs32/Zwj91bL0z09o7G+/fv9EAZQlhZMpZCtVAabloWN4TB26bLuH4x7wVyEwfjSJwAoxGIx/NqVV+IbX7sTmUymbmZqrYrVv4XznCn31fqv8XwG0SMjIzhw4HI88LMHMDM9Vf8k56paAtzlK1Z50VPJFK686ir82w/+DRPp8dry5vq6VAJS3dBx6d69GB5eVRea9uI1CIVC2LtvL7ZetA2//MWjlRbNdtXxhSsB73Xz7OVlYmICAKrVv27OrNibbroJsVgMX//61/FP//RPGBoawm/+5m/iTW96U9Of8Z/5zGeqwWko1Hy2eCqVAgCk02nkcnbfjGFP23AnkHTWk06nfUNKt2uuuQbxeBw//vGPsWXLFuTzeVx//fW+ayuXy8jlctVKWkc0GsWmTZtanqedaDSK2267DZ/73OfwkY98BJlMBldccQXe9ra3Ydu2bdXXv9VzfsUrXoEDBw5UHxsdHcUPf/hD3/OlUqnqfOFjx47hD/7gD3DttdfiXe96F4aHh/GDH/ygrrV0kNfSz8TEBI4ePerbUts7Y5iIiIiIiGilYgBMRES0BLQKf4FaBXC7SuBqi2hLVcNgw6fts1NJW0YlFLasWvtoabeP1mWwub5zVVZW29m8mhBICkAXGjbpGoY02VVwl1DAeLcLpY7VvkYCQgq84OqrsXPXbjzy8IOwTLM6M9XZat6CNCdovlBVopXzhUIhvOSGG/CjH/0IDz/0IKw5Vpg3vuOdOcDNph+3OZYAdMPA7l27sX37djzws95/d6xaNYx9+/YhGov1PGwXQmB03Tq8+MXX49lnjiCbyVQ+buD6dMF8Ec55VPU2NYpGo9A0DZ/85Ccbwty+vj4A9tfxNa95DV7zmtdgcnISd911Fz796U8DAG6++Wbf4+7YsSPQ+ScnJwEAAwMD1aDYuc8xPj5et56hoSHMzs62PG4oFML111+Pe+65B6dPn8b+/furQaff2iKRCKamptqut5ufUaOjo3jPe94Dy7Lw+OOP41Of+hTe/va344477qg+p1bPeXBwMHBIOz4+jp07dwIA/vVf/xXxeBzvfe97q9/bzvkcQV5LP9FoFDt27Ki2rXYbHR3t+HhERERERETLEVtAExERLQFls3UwVLas6p923IGvX/jb9BxKIQeFrFKYURZmyyamTQsZBWQVYFb+YVoTou7PXLUKf53KYFMprBYaLpHAsK7NW9Vm3jJRKnMO8PxQ6O/vxzve8Q6sHV0H4Xlvzkvlr5cQUADCkSgSqWR1buU8nQwQAlu3bsXrXv96rFmEMyudqGnt6CiufeF1CEfCPf0aSClx8cUXY9euXfP2WkciEbz85Yew/8B+CCHm0BKb5sO+fftgmiYymQx2795d/bN27VqsX78eAPDWt74VX/ziFwHYrYDf+MY34qKLLqpr9SulDBSOnj59uu72fffdh2QyiTVr1mDr1q3o6+vD3XffXbfNv//7v0PTNOzduxcAsHPnTjzwwAN122QymYZzvfzlL8ejjz6KH/7whw0tlr327NmD+++/v+6+73//+3jDG96Acrlcbet87ty56uNjY2Ntni3wve99D295y1uQzWYhpcSll16KW265BdPT0zhz5kzg59yM+3kfO3YMR48erQbcMzMzAOpD68cff7xu/6Cvpde+fftw4sQJjIyMNLxvvJXUREREREREKxUDYCIiokXMCX7bVQADdvVv0FnATvDrbQfd8vieULUkgKKykDPLKJh2GDxRNjFjKRQ7nFnofz5ZDX+9LaDLykJZWdXQeUcohC0RA7EWrT6DSOrtX7+y4hzg+aKgcPDgQdx8882IxxP2fa45wb0OgZ3jKqVgQUEJYOu27fjwX34EN930XxCNx+a5fa+C1CRuuOEGvPzQIejhkL2OxdA02PX9Ho/HceWvXYktW7ag9pWYu3gigf0HDmBk7dq6Nt+9tm37dvzO774VA8ND1QD4gs8EJl+7d+/Gddddhw984AO4/fbb8fDDD+P222/HTTfdVA1Ed+/ejc9//vO444478Mgjj+CLX/wiDh8+jCuuuKJ6nDVr1uChhx7CPffc07Ki9N5778WHP/xh3HPPPfj0pz+Nb37zm7jpppug6zp0Xcfv/d7v4Tvf+Q4++clP4oEHHsAXvvAF/OM//iPe/OY3V6tXb775Zjz99NP4m7/5GzzzzDO49957cdtttzWca//+/RgeHsbExARe9KIXtXwdbrnlFhw+fBh/+qd/ip/+9Kf41re+hY9//OO45pproOs69u3bh1AohI985CO45557cPvtt+PDH/5w29d3//79OHv2LN797nfj/vvvx3/+53/iC1/4AlatWoWNGzcGfs7NvOtd78K9996Lu+++G+985zuRSqXw67/+6wCAq666CmNjY/jgBz+Iu+66C+9///vx3e9+FwCQzWY7ei29Xvva1yKVSuHWW2/FD37wAzz88MP42Mc+ht/6rd9qqGYmIiIiIiJaqdgCmoiIaIkIMgfYzS8Mdto+OyFwpxXAfkJCYlcojDVS4awl8Hy5iAwEMqa9Hl0IhKG6qgh22j83C4LXSh1rpEJU42faljoFAEJAaAK/8frX4dTpk/jKl76MYrHY+4pupex5sEJAKQU9HMLq1atx6NAhvOnNb8HGjfbczW9+8xvIzLavRutqCa64c2BoEG9+y5tx6vRJ3H333SgWigAA0cuZwF0QlYpoANi+7SJcccVBHHnmCEqlUrU991yOvW79elx9zTUwDAMKCgKiZ82Z3e+ZkGHgqqtegA984M/woQ/+GU6fOgmoWgg8n3Oeqb0//dM/xWc/+1l8+ctfxuTkJNavX49bb70VV111FQDgj/7ojxCLxfDlL38ZExMTWLNmDX7/93+/bm7wW9/6VvzZn/0ZPvShD+Gzn/0sEomE77luvvlmnDp1Ch/84AehaRre+MY31rWRvvHGG2EYBr70pS/hzjvvxJo1a/C2t70Nb3zjG6vb7Ny5E+9///vxd3/3d/jOd76D7du346abbsJnPvOZunMJIbBnzx5ks9nqrOFmLrvsMnzkIx/B3//93+NP/uRPMDAwgDe84Q245ZZbANgzet/73vfitttuw/ve9z5s3rwZv/3bv41PfOITLY87MjKCj3/84/jbv/1bvPvd70YoFMKePXvwrne9C7quB37Ozbzyla/EJz7xCZw7dw5bt27FRz/6UcRiMQDA1VdfjVtvvRVf+cpXcPfdd+PgwYN4z3vegy9+8Ys4c+YM+vv7A7+WXslkEp/5zGfwqU99Ch/96EdRLpexc+dO/NVf/RX6+/vbrpuIiIiIiGglEIoffyeiFSpIizmiC6VUtpDP2ZWl2ZyF557P4Stn7sW67dsDVf86dClRtqxAlcCtZgD7HlsIlJWqqwQOCYlfi0UxIOwWnJZloWCaOKIETpZKvseJaBIhpdqGwe7Wz+7g16zsu80wup7128xY2cQvm6wbACJS4rqhISTnWGl8ocXj8Tntf/T4acyMn8Ott/43HDn8dNfHUQBu+/t/wIuvv75h3qc7jFPKwvjYeXzhC1/AHbf/C9KVeZToVSDqtCs3DOzatQvXvfCFeNnLX4aLLtoBIxQBIPDIww/i/3nXu3DkmcMdn84wDPzX3/5d/NHb345Y3H+2rfdXcKUsPPfcUXzh85/H9777PUxNTMzt+ara7nsv248///BfBJ6L6jkMAAXLMvG1f/kX/M1f/zXOnzs/5++7cDiMV77q1/He978fsXi8Ev/Wjtmb72rX9GilUCqV8G8/+AH+z+c+i1/8/OdQSs17+Lthwwbc9g+fw0U7Lmq6TT6Xw/ve+z7cece/QMBek4XOKt6FELjld34Hf/wn74RhGADs9te0cHK5HF73utfhv//3/45Dhw4t9HJ66hvf+AY++tGP4q677qoGvkRERESL1dHjp7Flw9qFXgYRUVemp6cBAD//+c8D73PZZZcBYAUwERFRIO65r05Q65XN1baZmbVjk/HxPHI5+77pKTtYzGTsx2azCtmMidmZIkxPx+RCoQhcWX9fuwpgoLEK2I8T/DrXAQQKgp0KYOcyJSUud4W/gH0ZlRKXAlirSRwplTDheXJ500IeAKCahsG6kA3Vvk7wm9R07NJlQ4DYCzGrfXvnslkGsLQC4F4Rdo5mX0J1mNIJe99KzKfqHqlV49rBqMDQ8Cr8t1vfgV+78gX42Mf+Bo89+iiUsuAkm872QON1oHmLXyEE4okEbnjpS/H6N9yEiy/egVQqBU3XIYSTDVtYNbwKq4dX4dlnjgCWValQDva5SfvcrVs5168ZACQ2b96K//XHf4L9l12OT3/6U3ju6HMAFITneQYJlN2vsoBlH0OputbO7Xsu144hhYZNGzdjaHAY58+1nz3ajFIKQgF9ff246qprEIslXOvtNVV3zQiF8LJDh7D70t34ylf+GV/553/GzPSMfWZLdTUf2P11BOznJ0UluhWABQDCqrx3hc/XTkFAQcKqrrfueB2sRaH1e4QujGKxiB//+Mf43ve+h0gkguuvv36hl0REREREREQrEANgIiJaMbxVtkB9UAugGtYCtcAWqIW2jtls7XY2UwsNZ2eKEFJCNQlivUGvn3LZM++2EvwGnQPcLgR2wl8n9O2kCtjZdzRk4MqQgbAr/LUsq3odAIY0iQFhYELBNwgGamGwLgBdimoY7K34BYCw1LBJ1zAgMC/hLwBEDQMwC/Ny7KUuEo1gx86diFarvTqd8yygICqtUP3fb+7QSikgFArh2hdeh3379uHb3/42vvXNb+LEieOYmZ5CvpB3Ei9YSlWjymr4JexI0QiFEI1G0ZdKYdv2bXjxi6/HDTfcgFUjIxCuKvNakGe/35KpFC4/eBC5XA5W9f5gcZxh6BgZXVt9nzYL5LxhtRACyWQSN/7Gb+CqF1yFr935Nfzw3/8Np06ewOzsLAqFgr0CpZynjmrPZCGgSQnd0GEYIYRDIYRCIYTDYWzcsAGhsM+HFlp929dVHwsIpRCJxhAKheZenisFNm7aiF2X7q573ecztHSOrWkaNmzchD/+v9+JV77y1fj6176Gn9x3H6YmJ5HNziJfKMAsl13vpeoRANS+VlIISGl/EMUI2a+3EQpBCAEpNRi6Ad0wsGHTJkSjcXt/3+AegBBYv2kj9l62r37NHaS/QgiMjq6rvtfY5GnhZLNZfOhDH8L69evx53/+5/b3DBEREREREdEFxhbQRLRisQX00jYzU6oLcb2Vtt4q22KhfWWno10RrWn5/9XZy9DXNMvIXvl0tQW0EwIHqQIG/Of/unUb/JYtC6OhEK6OhBD2rEO2OKdlWThWsvBUuXl7ZYcuBGIC1argomWhXzdwaUif96o2pRTuyTcPgCNS4spkAsOJ5Lyuo9d60QJ6ZFV/JZBy1e8G/XI42akQ1apY93xZv8PUVfRW3n8z09N4+pnDOHLkGZw6dQqTk5PI5fMol0q1wEsI6LqOcDiMvr4+rF69GuvWrcPWrVuxbnTUDukqZ62e3wliXTW7wu8pdvB8vT8lWr13m/06riyF9EQaTz/1JI4ePYqzZ89icnIS+UIBqvKBC8MwEI5EEItGkUgkkEylkEql0NfXh4H+fgwMDmJocBDhSKSyhs6+h6orUwo/vudufOiDH8SzR57trit15Xnquo6bb7kFb3v729HX139BZ/Eq97tOKViWhanJqcp76iTG02lks1mUSiX7Z7pw3i3O/vbPOk1KhMJhxKJRpPr6MDAwgL5UCpqmIxQKIRqNIZlMIJ5IVKvL/eqc3R86cHT1Oih7irJbNBrt/DhERERERMsMW0AT0VLGFtBERLRoTE3bwXo2Y1fUTk3Wgvb0+Ez1+nja/streioLAJidySGbLWByctbeNm1vOz42hb0veCWG+kbrglxNBgtWg+o29AUag9926/KGve24Q99OqoBbhcDu8LdZEFxyPeeyZUEzy9ihRXAwXh8qOLN/vRXA3m02hyXWSIUjSuBsuVxtJe1VVgoTpgVNSgxoEus1Axv13s76babdOfIt5gMvf8KVHXb4tRAAnJbRqrOAq1qFqSpVuZdfgQOXXw5VmelqmiYsz/egEMKuzDSM6nvSXW3rDX7dC7VPVd+Ct+P3nkB1zrD/eTybN6nYlJrE8PAwhoevxQuuvgaWZVWfc3WbShWqrrf+gER9dXVHpaUAFGYzM3jwwQdx+vRp1MqOu5Ma6Me+/ZchHk80rG3+2R9CcAJZKSUGhwYxMHgQwMG6LVu1EXdfb2i/7ansVpVzNT+Wt215wYIVTgAAIABJREFU568HP9FLRERERERERG4MgImIyNfUdAbZTL4a4KbHZ+pCW3dg6w5r3dKV7avHnKqFwTMzOZgBE9zk4Bi07cN19801/A0wKrdyntb/rO4Of1utqdPQFwA0sxa0dlIBHGQOMFALfluFv86xNLOMvf0D2KXXAl5v8OsN4fxEDQO7LAtrtRCeL5uYMM2GINisHGdAk9ijSUSNC/vrSkgpFD2BVNlS0Cuv04QSGPbbcZmbS0RnFw5XKind4Vmr83lDQeG+as9SDYfDHa+lZUjqOv5c2xx3GmrWqpBr3HGgE2r3ov25Xxjst1rLUiiVCpicmsR3/r9v4/av3o5cJosWeWaj+icBCGD79u3YdcklgT7Q0mt23Cpc62p8X1a3Dfg1bLadc3/Ql2ouQThn/hIRERERERGRGwNgIqIVZmo6g9Mnx3H48Ek88/QpPPvs6Wpwm05PY2oqg8nJDJSqb5ksxIX/h3rHQF+s/UY91knFr729fSmUBVWZK9pp6Gua5aaPdVMB3KmS5zm7w9+r+wawUa+v7nUCX3f4676vGSklhgAMCGBC1/B0sYjpyrlNy4IOhR2hCDYasu44F6pNrOZzfD1gq+xlrfvixPk4zPzw+7ZfqIW6Om33kmVZOHr0KO69917Mztgf3vGbNauUQqFQwNj4eTz19FN48sknUczl7W27fk0Ukqk+XH3NNRhdt25hXtvqc637RAF6/2ILzyGbtE1vd9pF+Y1CRERERERERIsdA2AiohViajqDH//oUdz1/Yfw4ANPYmJiuuX2Cxn4eik52NPjtcpGu2317AS/Sshq8GtoQKnN6OFWoa9budLyNUgVcLv2z0BtBrA39HX2d845ICUu6xvARqOx8tevAjhoJbBznCEAl+kazloCR8wyBgwd2wwDQ1rz9dstgS98KlK2FH9xogtnPnr6KgCWwjOHD+Nz//APOHP6VNN8Uan6VthwJsx2VP7rPA0FKAEhNGzdvA03XP9ShEKROTaSnqv5bprMpsxEREREREREtHD475hERCvA1HQGf/DWj+GRR55pqOz1s5jCX02T0PXeraeLwlgAwcJfoaxq4Nsu/HUHv5qm+wbBppbz3TdIFbATAjcLg53g1wmC3fsAdvibsEwcGuhDWGsMf4HWFcCt5gF7RQ0DGy0LG41QoO2B+a0G1oUEVJM3iqYhXw4W2i87c3ipl0wR4yJY6IVYgqgEwVCqZUwpvLe6WZxTXqwUkskErr76amzfcVEl/F2AF/zCjhvuzTZERERERERERB1iAExEtMx9+1s/wYf+95faVvw6FlP4CwBSBg8F/cx11m+7ds8Ob7tnb/jbqtLX77Fy2aybAVz3WJsKYCf4DVIJ7J31my+VAAAbNRNXDwwi7DmPu7rXXQHsvt1JFbD7WJ2YzwrgkPC2brWrf92XRBSQ0/lYCGzbvh03vOxlrjnGC1sDTERERERERES0XHX2r61ERLSkdBr+LkaxiIZYZH4rLrsNf51Zv520eda01p+9KpdNlMutD9iuAtgJc9uFv97tnTbTu7Qwrk41hr9e3nm/flXAnQbBi5V3BnCpw/nORCtdJBrFyw4dwkUXXVS7k5+nICIiIiIiIiKaF6wAJiJapu6791f44//xtwu9jDkzdKOr/Xpd+Wv6HM9b9Vu3fZOK32bVvp1wKoCbVQIHrQAuu56jO/w9OBBveX6/GcB+93dTCRyU0wLaMd8zgd2Vv/llEmoTXQhCCAghsH//ftxwww2IxqNYoObPREREREREREQrBgNgIqJl6MknjuED7//HwNsLoQWaDbwQNK2zZhWdZHPNwt/G7WrXnbbPQeb7NpvtC9ihr65rXYW/jmaVwO0qgP2C3zAUru4bwEaj/evdbAawXwWwd7tem4/gN6GA8Z4flWhlEkJg89YteMvNN2PT5o0LvRwiIiIiIiIiohWBLaCJiJahf/7S3XjuudMLvYye0EKtq1HdehX++rV+BurbPjc9rivwbTX3t5vwF6gPfd1hsJ+y53k4VcHe/cNQODQ0FCj8dfO2fnZuN7tcKpJ66/VmrcX5YQmihaUAWJU/tZ+vg4NDeMMbb8ILX/RiSMnPnhIRERERERERXQj8VxgiomXmySeO4fav/qjp4yFDYsOaMADgfDqP6ayCUiaE0DDYl8TefasxsnYITx0+iV8+No5SKQ8AUMrEtvVRbNy2AQAwNZvHo784DdOvN3KPWVakyf32pZRzb/kMtJ7569as+tc0y/NS9Vt3jDbtnx3uNtB+x3AMSInrBvox0EUhbScVwPMVAntbQQO9qQoOKYVi5TjlgJXiRAQAAoCAUgqRSASvvfG1eN3rXo9QODzvrdqJiIiIiIiIiMjGAJiIaJn5wPv+qWk751RM4K2HBK7aq6F/MIwHHwP+4st2CLxuZBi3vv0l2HdgC6DrmClZ+NRf3I7/+M+jKJdL2LY+ij2bS1i3O+UcDedOFXDyzNi8Pp9wJAXZYRvohdIq/AXsql/3pbOP4clxpSYBlcVEk+O0q/wFGqt/3cKV6rxtWgR7UxGEu8xk3MFvs/m/8zkHeD5pLYKqoK3DiVYUBVTDXwEkUim86tWvws233IKBgQF7k8oHNhgEExERERERERHNLwbARETLyJNPHMPDDz/V5NE83noojqv2RjGwcQhaLIGrbgAu/dlhPPREDte9aCt27xoBdB0yEkdfBLjiik34z/uOImyYWDNoIrVhpO6Iq0fDOHlm/p9XM05RaS+qfwFAVA6oyVo4UfcXpbLvDxsapCbh5NK6q2VwWCtBVvZ3gmutersx9LBM5bM2C5apNw2AW1X+NqNLiahpQtckykrDWmHY4W8Xx6qu0vXCt5v/O59zgL2UUnMOmHQhWwbtZWXC4CSNeeOu7GZYuHgppRq+34QAhoaH8Vtv+i94y1v+KwaHBgEICCF8K/aJiIiIiIiIiKj3GAATES0jDz14uMkjeYQNA8NDIfQPhn23GBwsQWp+fy2YKJRKWJ2y95uZOIPkgB0ET50934NVN6eUiWQyBd0nOAV6F/w6EjEN8biGWLhQDXEddm4pXOdVsCz7j1NxbYecRm19Zv15LVO1XYtlOoFp8+2cYDJIEBzVNUSsykzOSiC9PZXCNqHmFP56tasA9raJnu8geK4hcEgI6FL4tn/OcwbwvHBXhzpfOydgdO6nxcf9dZGGji1btuAP//CP8PJDhxAKhSAgfLclIiIiIiIiIqL5wwCYiGgZefqpEz732jN8C6VS3b1mdhYTx8ZxNq2hUCohnXYFl/kMUC7jwQefR7FkB3bnpiWc5s8zE3bZ75nxnj+FOkI0BpTuub+9okmBjaMWjJACUIay3EFv7bxOKGuHvs79jSm0N/gFgoXQVg/nKetSIlV5kRSAcuXYlyVT2Kj3PnztpAL4QrWE7kUlMF1YSilMTk5idjYDpRQSiTj6+vouSOX4SqJcl918h1R/mglAQCCVSmHHxRfj6uuuxate9Wps2LCRXzMiIiIiIiIiogXEAJiIaJmYms4gnZ5puc3Pnixh+7oC+iu37380hxNni/Zj9/4ce3aOYttFG5DLmXjg4Z/g/vufhxMg3/foNABgdcrCuWmJx541kM0X5+vp1BONQUKvMkRDF1g/YiEc1mCa7pbG7nOpuuvNuph6g98g1b5Skx0Hv7qmtWxPHNU1RCuxjrJMlE0LEUPHzkgMG435DWWCVgDPdyVwL4LfKAC/76jZMiuAe0ehFidK5HJ5fP0b38LpU2dgKQuDgwP4rZtuwuBgf6uDUAeElNizby/e8b/+Jw4//TSOHTuGM6dO4cyZM5icnEShUETtayLg/layP1QhEY3HsG50FBdffDEuu+wy7N23D+vXr8fg0CA0VycJfgCDiIiIiIiIiGhhMAAmIlomspk8xsemPPfm6259495ZnJuWWJ3K49y0xC+fsaqVwUdOTOAv/vJr2H7JBpw7VcC5sTSKpRKACNwhcMiIoVRWAC5MCGZEBqrXe104alf+KhhG8PDXbS6VrN2Gv0CtBXTZNOvCYF3TkFQKumVV4xsn/D2YSGDgAmQxQSuA57sSeC5tg2OWiXZ1kWXOMp0XxWIRZ8+ew+TUVPV2Lp+DUn0ME3uh8hKuXbsWN/7Gb9TfrYByuYzZ2Vlks1mUSqWGmb3hcBiJRAKxRLzhwxv8+hARERERERERLR4MgImIlpF0etpzTy28ddiVvBHPNrbprMLDDx2DEFp1rq17GyE0lMq9XHFwXWeFyoI3zFOVgw0OhWEYZtPw1/dwAap/A8/59Ql/W83+dXOCX3cl8IAUcJ6r0/I5KUq4OpZE+AJnM0ErgJ3H5ovTBrqbdtC6kPD7oENZKZTNMoBQbxZJHnZVsFIMFeeD+zV1Al4FAALQDB19A/3oHxyo28cbBHuPx1nNRERERERERESLCwNgIqJlZGoq43NvxOe+1urDX5vfPN5FT1kwVfMwIhEtwlLNn1fQ6t9uwl/veaQUdedodxxvC+iBSojqBL+lcgmDBrBbGLDyGeRaHs0mI3FY+QxkJB5ga1tY83/9FroCeL6ZLVpwUzfsVsNSCmhSAlD2bU1ASgaKvdYq0O3mWE4ITEREREREREREiwMDYCKiZWJq0i/8zaNWBdx5EOxYyPA3nuiHlN1VAPuFv071r64JhMMa3Dlr0OrfZsFlq9C2VfDrDX87Fa40fHaHv8ViCTAMzFoFzBbs7RIy3PpApZn6yx5KGhIzJQtJnxnEzQJnd7g8lyrhapWjJ6DqpFLR2/J5QgkMd70iamQHiMlkAq945Stw7PnjsCwL6zeMYnh4CEI4s4IZBvdCp1W6QbZn5S8RERERERER0eLBAJiIaBmZmPBrAe2+9OcEvEqZi6rSV9O6DP2UE7b6t342LSCVyAFIVO/zcgLZdsGsu/rX/3F71q+fZsFvu+pfr5i0v2bV4BfATD6H0+fO4vtj45iaGKvbPh6ufz/osQSihoZBq7G/97rBxnB2ODXQcJ+jPxHF5GwO/Ylo3f2nC/WXAJA0KtsUgtQnN2oXaHvD5k4qm+lCqbUtF0IAArj00t249NLd1bxXQDXvvU5zM5eXlXkvEREREREREdGixQCYiGiZSI/3vmpzsehV9a9DKAuxSP1fgfPRjbjVrF/7nPXpi2kpaFJAk6JtCKwKRYhwqNr6uVQuVR+byecwOz2Ns2PjKGdnGwJfr6mJMUwBOOPz2ONj4w33ZXJPIR6NIpPLIR6N+uzVqN0amtmU9A9tgwTT7hA6aUTbBs1OoDyWSKFYCRx1ZSHvk3Tlyws0DHuB1WYpOxW5TmW1gBCy81nLzttcVG447YSr97k3CnCcyn61am/hetCZUQsAshYqq+qd9nXpzCB2Ko4FhPs9EOTpNV1P/Trsu92vmajbpuGZe36useqWiIiIiIiIiIj8MAAmIlomxtPe6t9g3BW/i6n6FwCkAAb6Yp3tVJn7qwlVFwK7q3/LJqBJgW66Lvu1f+60YrdZVbET/GoBZp6KcKj5YwUL+WIJUUMD+vraHiuJ+m1yJf/5tuXsLPRYAvHwLID2oW6mkEc8HEGmkEemkG+9bc4OZyem69/HT7XcqzMDqRTi0Wh13cm+PoSicaxKDmDN2lUYjcURk1o1/KV67hBTuRJaIWTDdt0Fk3bwKiCrxxfSvh2sVLUWnjrnV8qpMK4cW7i2c9YoXM/HnRdXN1GAqqyhi6flvG5CCFiW5Vpb8wC39lKrShguqqd35u32JPxlfkxEREREREREtCwxACYiWiamp7Id77PYAt9e8gt/3aTWPPmYyzxeoHnFr3Psuc78dYShoGsSZdOCoRt1VcCRkIFIqL+2bSiEQrHYcOkn5bqeL5YQCRn25fAQ8sUSkEr57uco5ux51E6w7A2Y3Zywua9SvLu6fzZwWNwpp1q5evwpQC+ZiIQMJK1B5Ex7Lbpo33o8Px8l44tcqVTC+HgaY2PjOHHiBNITkygU8oiEI1i9ehU2bdqI9evXIxLprtpbKTssPXbseeTyBSgFRCIhrFs3CkPXESzvVNXA1TQtnDx1GrlcDlAW1q0bRTweh5QCSgHlsoXJyUmMjY3h9OnTOH/+PPL5PKQm0d8/gC1bNmLDhg1IJhIQwv56C9d/W6orGLaD39nZDM6Pj+H8+TGMj41jenoa+XwBlmVBkxKhcAipVArDQ8NIJBPQpB06K6cKWQCJeByrVw/DMIzehcBERERERERERLTsMAAmIlomzp2d7Gj7pRL+KjnY8T7e6l/fbTRZDYbdWV6zYFapxurfdvN/m2kWAjuVxO6KYqfVc8N6CkXEov5BmwpLJMKNIW1fLIGsVYZRCeic260kYFcUJ1Ky7tKtqDxBcqL1rF138OxdZb6YQrISIAP+1ch9zUcQA7Arlf04s44doWgckZCBRCqFmNSgecK0smoe8mYt/yrp5eyOO+7E8eMnkE5PwLKUXaXqagcdjcZw4MBleNlLb0AiEe84oBRColgs4Qc/+Dc8e/R5WJaFkZER/O7v3AIjaaB98Or5fjJN3HXXXXju6HOwLBM33fQGXHrppRBC4syZc/jZzx7AM0eOIJ1Oo1AoNBzt/vtDuGTnThw69DIMDzs/h4I/HyeItiyFJ554Evf/9Kc4efIUMpls5Xu/tt5aVbD9mkkpIV2dAJSyf2ZdunsXXvnKV8AwjMDrICIiIiIiIiKilYcBMBHRMjE56R96uS2V0NehSQld72DNlcCuXfgLALrevsrTCWj9OgI74a87rG1V+esczwl+m83/DdpOOhI2oGv+zyEZicIslqCFGkOiJIyWt/1P1uSyqjHwdc5vFksNj6FFV++sVUYpbx+vUCwiBbSsVgbqq5QB1CqVvU8jZCAcssP0kAhBhSWSkShCIQMRo/YrUavgt/r8elDBvdQ88vNfVANKBQUIu0LVDi8F8vk8fvazB7F+3Sguv/xA162KLdOCWbZgWiZM0wrU/NnNPU/XNC0US2UopZDJ5pEvlPDgg/fjnnt+jJkZ79x0pz2z/X1VLJbwi0cfw+BgP1784hcjFgs279q1EgDAs0eP4jvf/R7GxsY9s4Br661vr61gWRYsywmR7dcwHk9icHAAocp7mNW/RERERERERETUDANgIqJlIp32hhn1llr4CwCm0hEJ9favKlEJ92T7/Lepbip/ncDXr8LYr/K3nZj0/3qGQgaKxRKiiQ5nJ/eaEz77hNCtRAHkpF5XqQyg7rpXwnPpve6WjNghXqiyLkO3w1/DpwK4lfwKrAAOhSJYtWoYo6MjWLNmBNFoBJlMBo8//gSOHTsB07RQKpXwy1/+Cvv3XwZN07oIKUWT60E5lbWVfZWoBKwWnnvuOTz++OM4cuRZlMtlGEYIQ4ODGBlZgzUja5BKpZDP53D02edw+JkjKBSKABQefexX2Lt3LyKRtZABf3A4gW4+X8QDDzyAiYkJKKUQDkdw0UXbcMnOHVi7di3i8QR0XYdpljE7m8HpM2fw1FNP4ciRo8hms5BS4uKdF+HGG1+NwYHBatEww18iIiIiIiIiImqFATAR0TIxPja10EuYF5rR2V9VQap/AbudqtlmVu988Gv93Enlr8Ov+teZA+wON0vlUt3lkpCIoezT+nmuwspCPGYH487rp0sJQ2rQZWeB2pRPy+Dl7sYbX42tW7ZgcHAQEKoaRl500UX4l9vvwMlTpwAInD13Hvl8AfG460MIzts7wMusfK51ptJOWbjbLEs89ugvYVllKAWsHRnBFVdcjh07dmB4eBC663tj3969uPPOr+Pppw/DtICpqSlMTExhZGRN4ADYDp2B8+fP4/TpsyiXLUgJ7L9sD17ykpdgYKDPs63CwEA/1m9Yj0t27sSP7rkHP/nJT+25y2NpTKQnMdg/CCEqHQk6eD2JiIiIiIiIiGjlYQBMRLRMpNPTC72EnotFNGhBgzllBQ5/AbsC2DTbz/91OrN65/96tWv/3OocnYa/YU8wpmsS5cr5vSGvc7td+NusnfR8i1oF5GTYs5YwStJu4VyAaHi+DuexZpf5QgmRcO15G5ZV1+rZHfy2qv41fb72mtRQKlswArQSXy6uuPwAgMrYXwhA2JWuq4aHMTq6FqfPnIFlKRQKReTz+WrL5JbVqg0PKfu+rguHRZP7FUzTRDQSwXUvvA7XXHN1dX12m2pUr/f1pbBly2Y89/wx5HI5lEpl5PM53/bNrSmMjZ1DNpuBEEAikcCePbvQ35+svYbOMp122VBIJOK4eMfF+NWvHsf4eBqZTBaTE9PV17E6dpmIiIiIiIiIiKgJBsBERMvE1FSm7TZKmUuqFXQkHG6/kYsmVEch8FwFCW7no5JYGCF0kgDNR7irS4myZdVdAqi7HkRJRn1/GYlJDVnLbBr+ArUgvNmlO/wF7BBcSgmtEry5w99O2j87ysqEgZUTALu5w1BN0xCJRKCUhWr17SIMKFetXo0bX/sabN26BVKKpvN4ATus1SrfN0LYHwDp5Dm5W0CbpgmlgHA4gmgsDiEkWiXcQkhEo5HqrF/LslAul2FZ9oxitn8mIiIiIiIiIqJ2GAATES0Tk5O1ALhZyLuUwl8A0ELxYBsq/+pb1aRq1+jwZfCr/l2o8BcAoqYJeELdXoS8QmrQOgmWpay79F4HACklLMuCITWULLPu0qycS/MJw8qaBaEF+0JFTRM5TWu4NKRAyVIwKkGvblnQIJpW/Xpvmy0SP9OyUF6MKec8aRY82vcDUtOw2PsR9/WlsHr1qkqwa3/tnMpbLyml5/m6+y635+yraRICdsmuZVowy1bd+fxeU6UUTMuCaZrVbaTspiyaiIiIiIhoZXM+SEtEtBKtzLIVIqJl5vTpcSjV+5mpCy0cSQXbUAT768xp0yw1iTYdnReNYq59ZXc3hNTq/uhSdhT+AnZI5v1jSK3utgYBQ9pBrvvShIIG4Rv+OutzRCtBmPvSkKJ66YS+ZUOHIUX1Ui+Vq5fOMf3C326qf1cazfMBg/pA2I44hagFws5Di+t/tBVUJch1r7/5Gl3PseOnoaCUhXg8BiNkf95yZnYW4+Pj1dnj7vO6Q2HLsjA5MYFMxv7e13Ud4UgEi+qlJCIiIiIiWgJM02r4/1kiopWCFcBERMvAVIDq37l4wR4NV20zcfzyl+LxsXGE/+McHnn4ZM/P45VMBgyAA1JCQigLumYnKc3m/wap3NWkqFYBB53/26nk2T6U+mYQKhQhwqGO9nUHqF5ah9WMsk1LZw2iGug6l+0020aXAmVLQUOtcrcsdRieSwAoV+b5GlJU79NLZZQNHboQQMiwf9FxLitP2Ql8g4TA5Xmq4l5qtA7aei9OF/br6OS5q1evRjKZxMTENErFIn76058ilUpi48YNCIXC1dDc3kehWCzizJmzeOihh5DL5SCEQF9fH4aHhi/o+omIiIiIiJaDsmlCD9hdjIhouWEATES0DKTHZ3p+zEhIx6GDJt50QwT9g/Ys3v8TG8WeNaPAbmDg/DlM3PnYBQmC26q0gO5k/m+zXM8d/vp1+LVM+85WLaCDtn5udQxNCkSVgUzWQEnMwOhPVkPgbts9d1Lh2y70tY/X+HoHCX/dnMDXqcx17isFyNSdsBcAdCFQVqoa/paVskPggJx2z51UA0fkyvk1StM0WEpBsgw1ECHsnx+Dg4PYdcklOH9uHNlcFs89fxx33PE1rBkZwcBAP+KxGDTdgGmWkc3mMDk5idOnTmNqagqWpRAKhbBt21YMDg4ssmpqIiIiIiKixc+0rGXwgWYiou6snH+5JCJaxsbT0wB6V/0bi4TwP99xA65d85Om26xatRrb/8drcfG3H8RXvvqznpzXy4gMtN7AM/tXE6oaAjeb/wsA4XAOyopVb7cKbP3m//aKu4rYy7QUomYYGdjhfjGXQQhoWwncqvK3l5ygt10rZz/u0Ncd/rqvm5W5qa14w1934Nss/NWEaBnymkoFCoFXRSMw9JXzP5EhQ7fbFC/ZEPLCr1sIu3X2wYMHce7sGH7x6KMom2WkJyaRnphsmKvs97Nmx47tOHjFAUQinu/7pfplICIiIiIiuoAsy4JhMAIhopVp5fzLJRHRMjY9le3ZsSIhHX/4h9fiqisvarvtBpXF7/z29dh/YJ3v463mrASZwRJP9LfewDP7110BLDyf8HS3ae52/ItT/XuhaAKIH0+ikFEQBQulyRmoQrHp9s3CXw2qp9W/3vDXDHBsJ9j1hr7Obfc2LY9TCcz8Lss+Jdu6WZuNHfQ1MJWqVgT7kZaJX0slAx1ruQiHDGRzhYVexpKhVK2DQCKRwP79+zG8ahhSSiQSCXs2sKFDVmYmSykQChmIx2IYHBzAtq2b8drXvhqvf/3rsHr1alb/EhERERERdSGTzSPS4UgtIqLlgh9/ISJaBs6dnexJ9a9SJq66ahuuvno/ZOlU4P1edWgvnvjlWeSLZd/HNU3CbDMn19AVSuXuQw5v+2dvBbAz/7cXWrVu7lSrKmAASJTCwHEgs2EG4bhAaXIG6UIBWshAKGTA0I1qS2hlmResAhhA4Jm/7pDXfdmsArhsKeR8wlp3pa877HXu86v6Lbtm/VhdvDYmFFRlzUJKKMvC3oFBJIxIx8daymLRCM6OTSAZjy70UpYUIYDZ2QweeeRhjJ8fw/DwMF7ykhcjGokgn8+jVCpBKQUhBAxDRzQaQTKZwuDgAGKxaKXg2nmvMwQmIiIiIiIKyrIUCsUiopHwQi+FiGhBMAAmIloGJidne3as1776GsTjOizPWOFjkc0N2/Yn7DBo5/b16EulkB9LA6iv7m1W6esEwk7w6xf+DvTFGu6bq5IJhDSBdp2dWxSA1rHaBNu94A6BbUUUxoJVY4bjja9rNFr79KsWMqrXQ67rhm5fd8JlXcpqZbBT8eu0fm4XArsrfN0hr3Ofo1UFsDv09Vb6OsFvu7m/egdV0M1sSiawM5laUe2fHbFohHOAA3KyG+M3AAAgAElEQVRmACsFnD9/Ds8//zzKZhmrV6/G9m0Xoa8v6drWaXfufX8q1x++5kRERERERJ3I5vOIRVbWh7eJiNwYABMRLQPp9Ez7jdpQysS29VHsunRtx/sOJmcRD9dCaNO0qlW/TgDsDYJN06qr+nWuu+/TQqsCryHo/F8A0I32laBOgHMhtKsCBuwQOHokjFyogHR4BuHV9v2ZUusgeOyUf1V2L0Rj/r9GxI3GT9d6g+hmIbSjIJoHrGFlVR+PhOv3dRpkxyrVvmVDbwiFg875dbeBnpyawiXDq3D1wNCKDH8BIBYNo1AoIeqdRzuvLmzb9V6pvXUEMrNZlEplKADp8XGk0+NIJKKun4nu96J79rUAg18iIiIiIqLuZLI5xKIMgIlo5WIATES0DIyPTfXkOFdee5l9RdcRM55GvoN91wyaePZk/X3t5vy6A18n9HVXAseibYKmHrV0XkimpaBJESgE1kQlCC6GgRkgFyogjmCzaHOi1HhfqP1XeCacaX7MbGO4HI3pGJvK1N3OZctAb96i/utQ44G2ixoaQtE4ACBSCZ3DoRBCovY+i3rec+cm0zh57Hm8et9+XNnXv2LDXwBIxmN47sQZxKJhKO+nI1QlrPQrZG1JeS5bbTNXnQaqHT8Z3zOGw2FolVbkZ86dw3e++11s2rgRQ8NDGBwYQH9/P/r6+hGJhCFk5TWsnLu6WiGqrznnARMREREREbVmmhbyhSLWDA8u9FKIiBYMA2AioiVuajqDdHp6TsdQygSQx56do/Yd5TLKuebBXzvtgl+n/bOmSZTK9a2ga5cSut6bebaWaQGuilKtRathx4Ws/u14n8ouiVJ9pa2p7MdMn7VH4TPzppCw97MATdqXXiMYDryuYqQAeN+K0/Xh87lMznff6XAaqcIgpsPpwOersUPdUKT1ezafNzEz1X62daZgB+OZnL3W//dVr8e1l2zvYl3Lz2B/Etl8EdFwY9V2ffWqz0NNXYhvtk7CX7/tOguPq12dobBq9SoMrxrG5PQUTMvEc8eO49ix49A0DbquQdcNhEIhpFJJrF07grVr12J0dBQja1YjHA41XRERERERERH5S09NY7AvtdDLICJaUAyAiYioygh11to1aUSr18+mNQBm8HPpCqWy1bQC2Ak+ekFqsm5Wr9QWV5zSSRVw3X6qFga7r3fKyetb5fZBRh2H8j4hM4CQK3w++6z/SZKIw1QmkmJD3f2Wav+eUuYkMrOTuOjyS/Dam0aq949PtQ6ET89MtHx8bXIAe9atRV8q3nYNK0UqEcfxU+caA2DRbYjrvGnnOwQOUmns5VQ1q0qFcwdnU/b+Qggkk0ns2bsXZ86exfT0NJSyoGDPrC6Xy4AqQAggnU7j6HPPV14RhVgsiosvvhgHDx7Epo0b6mZ0ExERERERkb9SqYx8oYhVg/0LvRQiogXFAJiIaInLZjpp1NzazOwMoNt/NZjZ2ZbbutvmPnusjPFpA7UJrO15A19vBXAk1N2cFr/5v+7wt9X4X6uD8LWXuqkCBpqHv82qgOfCCYeDBMHNZDKtd5ai9sWxlFl3O6hLRl0zrEc73p0CGOhPIpMrIB51gn1VaU9sVYpeFZTqpFWx33bdBLaNe9ff0/5YTuW/apjL2xnnuZfLJn71qyfwyEMPI5fNIh6PYdcllyAcimBmZgbT09OYmprC7OwsSuWSa4UC2Wwej/z8Fzh69Dnc8JLrceDAfoQ6/JAOERERERHRSpOemsFgX7BxWUREyxkDYCKiJW5qsvNWzZomq22Y3Q4/O45rX9g41xUAfmluAppUiB49NY5spV1uu/bPDm/g6w2EQ9HOflk3O6jQk3J+57hKKToOk71VwJ1UA/tV/nrD4V4Fwr0Igttxwl+/y1YG+/rmb1FUlYhFkcnmYCkFWQk6naxXKbMW3SrVVQislIW5BsC1Y9nBtB3pqoBRrrOtVVkLIIR7TcFYloXHHnsM//qvdyGdnoRhaLj++hfj4BVXIBQKwTQtmGYZpmmiWCxianoaZ86cxfHjx/Hcc0cxPp6GUsDkxCTuu+8nGBkZwebNmzp7AYiIiIiIiFaQ2WwOQgDxWLT9xkREyxwDYCKiZWCqTatbt1YB7Xe+dT/e+IbrEI/rULOtK4DdvvyVwyiVrcDhr3v2b7MKYACQEvAp6F0yOgmC3VXA3YTAbY/f46rgZjODe8Ev9A3SCpounDXDgzh++hxWDfRBCIHt27dDNwwAAuFQGLFYDEKIjkJgpRQ0XcOBAwewefNWAALJZNxuB99BEa6qlPFqUuLAgQPYunULFBSGBgcDtJa39127dg2uve5aFIslAAqjo6PQNK3yeLAZ4uPjaTz44EMYH09DQOLSS/dg3969iEYjkFJA1yXsX8UVgDiGhgawbcsmqKuuRCaXw49+dA/uv/9+5HMFjI2N4+TJU1i3bpStoImIiIiIiHwUSyVMTs1i/dpVC70UIqJFgQEwEdESlx6fAVCr6nVCWKfCt1ko664CFkKDUhFMZ3O4775H8NIbLg+ct3z+C3fj1KnjXa3dCXv9AuFwJDVv4W/gosQ5kF22de52HnAz8znuuJNq4ICfDahr/Ry08pcWxrqRVTh+8gzWDA/g4ot34OKdF9sPKIGgLZe9NKnh4MGDqA9ZLYgu2jDruoYrr7zCtZbgR1m3bhSj69ZV1mHv3+EUYIyNpzGengAgEAqHsHHjBiQScUhpVznXgvFKUI7qTcRjUezduweHDx/GqROnUSqVMTk5hWKpxACYiIiIiIjIx8kzY9i8fmShl0FEtGjMbw9MIiK6oNxhr6bJthW5fo9/7av34sgTz7U9V1EV8f1/uhdf+erPAp3L79yW0qr7edfeKU0oaKJ94CQ7OLYVIIHu5HhBdDsPONCxL0Dw3UzQamHv3F+Gv4uXFAKjI6swNZuFEHa4KgAIoSCEPQc3eAvo2vb2cZTrT2dv3NpxRLXtswh4lNqa3euo3QpaiqyUQj6fR6lUhgKg6RrCkQg0TVbmI0vX8YTr+NUjIBqJImQYQOW1LBTzsEx+PxAREREREXmdPjeODWtXd/T/oEREyx0DYCKiJW48PT2n/Z2wVQgNQARHTkzgne/5Kp59Pt90n0KxiKdv+3fceeeDXZ3Tb/6wsxZNk5DCRDKZ6uyYSnQ0B3gxcyp/5ysM7nUQrMn6P3PhBL5SaA1hMC0+hq5jsD+Fs2N2pSvZhBCQUlb/8cE0LWSzuerPvoaPqtiJOeAKhrPZDArFcqX+WMHQ9XmfX05ERERERLSUFEslHD1+GqsG+6Hr/DcEIiI3toAmIlripqeyyMzm5nQMpx20uxX0//XXOdx4bQJX7rTbjZ7cnMGpTBYn08cx/qXnMJvJd1X565yvFUt1/0u7kBKqReWurjktXduTUgaqAm59jOBzgB3eecAAejoLeL4584E7nRM815bPQwPhrvajuTF0HRvWjeDkmfMY6k9C8hPXAIBYNFqdOVwoFHD48GFs274VI2tWQwp7TrDDnpdce92yuRx+9fgTmJhIA7B/ZiZTKeg6f3UnIiIiIiICgNlMFpPTGWxeP8LKXyIiH/xXJCKiZaBUtroKYv04ITAAfOPeWXzvpwbChg7gLuRLAsWSHRT36nzNGJGBrvZrFf463PN5W4Wzcw1/FzNvEGz2IF92h77uS+exdpyK32aVv+75wHX3a/2IJ7peNvWAFAIb1q7GubEJSCmRiK30MF5gcHAQg4MDOHfuPJRSOHz4MGZmprF7925s2rQRfX39iFTbQiuUiiXMTM/izNkzeOLJJ3DkyLPI5wsAgEQigVWrVsEwOP+XiIiIiIhWtlKpjPTUDASA9WtXLfRyiIgWLQbARERL3OxMridhrHMMpxLYFkexDBTLtW0uREsdKSptgF1Pa76y2KAVulaThNQKkGw6gXOnlcBumhQ9qwL2Pb4rEO42DHbeht5L7/VOhEIaikUToZAGwP+9ly9wLupisXp4AJlsDufT00jEI4hWKmBXov7+Puzdsxdnz5zDxMQkymUTJ06cwIkTJyGEHfq6CVTKgoWq9CiwW0HruoFdu3Zj44YNbAFNREREREQrlmlaSE9NI18oYrAviXgsutBLIiJa1BgAExEtcdlsoafH84bJptm76uKgLKUhnujvat92LaA7EaQFtNRkoBDYPl4tCJ5ra+gLEQb3oirY4X2J7EAXrnC3uVaPOy1284Xu3i/Ue/FYFPFYFNOzWZwdm0QyEUMkbKy41tBSSlx22V7ouob7778fx46fQLlUsmf6usJfu/2zfVvBDoIF7CC4v68Pe/fuxQuufgGSyQRW2EtIREREREQrnGUpZPN5ZHN55PIFDPalsGqQ//9PRBQEA2AioiVucnJ2Xo9/ocNfAJBBQg5VnyhqQsFUwdIRGegEnn000bQKeCH0ejaw7zl6GAQ7byNv8Nsu/HWEwyEUCsVq4OsVCYcwNBSf+0KpZ1KJGFKJGGYzOcxm7P9hj8UiiEXCkFJACIHlmmeKSg2vrmvYu/dSbNmyCadPn8Wzzz6Lk6dOI52eQCaTQaFQgGVZEELAMAxEo1GkUimMrFmFzZs3Y8OG9RgcHEA4HGb4S0REREREy5ZlWTBNC2XThGlZUJaF2WwehWIRsUgEsWgYq4e6GxVGRLRSMQAmIlri0umZhV5Cz2lB2pwK2RACA+1nAIfDOQCxLlfmr5Mq4IZ9u6gEBuzgV5Ni3ltDA43zgnshSPDrDXud241tyO1wmBanRDyKRNxuzZXLF5AvFFEqlWFalf+5N62GdsjLUf/wahwYXo0DHe43MZMDZnLzsiYiIiIiIqLFQAhhjx3TNGhSIhTS0Z9KIBoJL/TSiIiWLAbARERL3PjY1EIvoeeklBjo6y6kDdICWkr/mcLeMLZd++e5cLeBnms7aCcEvhBhcNA1BdWsotfLb/a0prl/jVm5s2aXkmgkzP+BJyIiIiIiIiIimmcMgImIaFGQwqxeN4zovJ3HsuIA2oekQgSbAdwNdwvqbiuAvZzw1S+E9QuF3aFxL7Rrqy01CcAMFPj6hb2AN/B1tpVwfp2Jzt/bhoiIiIiIiIiIiGjJYABMRLTEpdPT83JcKUOwrGLTy/liKS1YC2if9s9BGHoGvW4BDcy9DTSAahDcq1DY0Szk7TT8bRbyup+7bDEzWtfjALI+9zdvB+0NfQ0NUKJ2Dk0CcIXARERERERERERERCsd/7WUiGiJm5rK9PR4TsDrhLzNLjsNgqUAmmWa9mMapDDtP7L9fFg/mlAwVfNQUwnZcp5tL0PXbjjB70Kuwx1Gt6rq9Qa9fsGvX8DcKuwFWlX52hTs0Fe4PiSgB/i8ABEREREREREREdFKwQCYiGiJy2cLPT2eN+CVstKyVxVhKft+qGLddlBFQFS2b5IZWgpNHwPqW0BrmoSSgz15Pm5CWS2rXoNW3jabteuEoN1WAjtrCMJdLTxXTgWvO8TtNIP3e12lJ233hsR+YS/QpMoX9aGvc05nnnO5s+USERERERERERERLVsMgImIlrCp6QxKcwgb3RoC38p9VSJUC3Dd1yu3oZqHv53SQnGkEvUBqxP0zVUvAlPAPwT2hqjzaa7PI0gFr59mAbo37AXsGcr1+wYLfZ0qX6Ax9HXW4L5byvoqYSIiIiIiIiIiIqKVjAEwEdESdvrkeFf7+bVj9oa/HRO1SmEnEPaeszWn5NRsukVdCCxk0znAQkqoJmlxu6AzaBVwqwrgdudxgmL3ZTvzHSw7gXYnAW/1MSlhWVZD4AsAQviH1d4q31ahr7Mm7+E1CSihwzLL0KTA0FCk6RqJiIiIiIiIiIiIVgoGwERES1h6fKar/SwFJGJRbN/1Igyv3oFwuBb8+s1obTWXNZPJ4bGHv4MTx4/YD/iEv/OiSfhrP1T/mDtkbdUCGqifAyxabOo+jjcMbhbWOoGv87j38kLyex2qQWurQckV3rDXfbtZ6AvU3jfOK9au0tc+tvd++1IJvbJeHWwCTURERERERERERGRjAExEtISNp6dbPu6t9HVuSwFs3/UiXLLrIEKhDoe9wg7gdF3CMCTWjMQwObGvFgB3zan8raxHxJpv2iL8nStvBbBT3QrYwahl1oe9TvjbbC5w3bFdQa9fu+het5BuF3bX1hVwuyYVvrXHPTN/fUNmz/4Bq33d+zrBr6HZX5eSKSshMBERERERERERERHxX0uJiJawUyfsFtBOzuaXP7ofcx63FBBP9CMa0RAOBwuA3cGolAJ65W+QXLbUuHFXVcC1dYQjKeitQskW7Z/b8Z9V6w19m7eB9obA3uDX20rZue6+tI/TmHBKTQYObTsxl4DXzanstSzlG+7631e7rusSQja+rkErfZ09neAXAISuwYCJkskZwEREREREREREREQAA2AioiXt1Kn6GcB+s30BbxWwiWLJwjNP/Ac2blgHXe+rPqZpAmYl3HRfd5imgqbZAWCxaN8+ez6D40d/0XBOTUqYTebwBtGsEtYJCa0mo4I1oQBNoGw2tmW2TAtahxW2duhZqwK2j9UYArsvfdfVZsZuLwQNeuv2aRH6OtW9rSp724W+fq2dHZ1U+wpVrraPrh670q5c6Bpgtp/bTERERERERERERLQSMAAmIlrC0ukZePO3ZvmiFHZiWixZAPI4efJJfPWLf4lVqzciHEl1df5Cfhrnz5/3fcxUOjRZ7ioETia7W4+b7hMCA7XAshokW7X7m1UBCwFomoRp1ofAABpaQgP1QXCz60F1E+rW7R8g4K1t2/xc7YLe6jFdd/odrl21L2CHvo3Vvq4Zwz5zqgEgmZi/cJ2IiIiIiIiIiIhoqWAATES0hI2PTbXdxp75a4e/AiUAtZbNxVIWJ08+WbkVQdgwUSi1bwkthL2NoUu73XMLc60Ebsap6O14v4Zq1mAhcPN1NM4FbvW43+1e84a+3qC3tl3zds7O483P4Tq+53wNH0qQ/teBxpnA3vm+1XM0CX0doTDDXyIiIiIiIiIiIiKAATAR0ZKWTk/P+Rhhw0ChVAoU/jrBb7WNcpvw11T2XzOaLNfuCxAGG5GBlo9bptW0RbSbXxVwmzG3ref/Vna2PM/BHeJapmoIddvd7lYn1b21fTpr51y/reccbap964NfAU1zV0PXHnNCX6Ax+AVah7+6UCgrhr9EREREREREREREDgbARERL2NnT6bbbeIO5sGHU3bZDXw2Fkh3wGnp9+GmpxvBNCjQNfw3NQsmsTwqrQbAoB64I1iTQrMDXCX+dy1aVwN4QWNMkLAUo90zfFu2gnVDUslQ1VPW2g65f2/y1bAaaB7v+x+qspXPtMZ/ztgl7/fb1O4d3ti/QXehbWxeAJvOgiYiIiIiIiIiIiFYiBsBEREvU1HQmYGtl/3RMwQ6CQ5U82Al623Q8hpT+wW84BBSKaAh/nUBYE7UqYK2SEvqv30Q80V/ZrnkIXLemNu2g/SqBhZR1IXDDMV3Br3PbXRmsaRJKNVYD+x9LwrKstuFudW1dZMjtq3c7q+4F2rd2braf91xCAqryMvkFvyVT+obAfhrCX7AKmIiIiIiIiIiIiMiNATAR0RKVzeT/f/buO8yJan8D+DszySbbG0vvRXqRIoIgTVEpFi7YxXrtYuFn9171XvVaLrar2BUVUVRAkCYWFFEQEQHpoPS6bN/NbjaZmd8f2clOJpOeZQvv53nyJDlz5sxJ2KL75ntORP0l0QpRtIVcOlkSJciKDEmUdG1VFbf6NpNxkhOrH7tcLpQ4XLpwT/QLS82rgUPvQWwmnGpgURI9gaXiCbq1gFMLgo2VwJ4282pgwBPUau+DagjOjSGu2fsViVABbrj9AmXQ4Vb4mo1hFvhWj1X1nomevYbNgl6rpECwSFDdsmnlrz70NY7vfS4DSYmxvcdEREREREREREREDQEDYCKieqqosCxkH5stAePG9cI5Z/VHemZi0L5KUvD9fKNRmadg3e+/4uNZG1FQWOythNUzC4Ez05N0x33HDJTvhrMvsEW3PLOWWZpVPIti4BBYew7Apy2aqt1g4hX4evqYt4dT4RvofLPrGoNZURBMH/udVxX6hgp/jeMDgCBJUGWuAU1ERERERERERESkYQBMRFRP5eeVhOzTqXM2LplwOpLSEgFL1Y98d9VSzJY4/gpwu32fa2M3FXH6WQOxdu1erP2t1HvYbNnkcPcGDkS/L3CgKmCr1T9BFAVAMVQCA6FD4EBtAednsqR0NMIPhv3bjIEvEP5+vsGub1bx6zeAopgHuJHs9Ws8V5Kq78NZK5yIiIiIiIiIiIjoJMAAmIionsrLLw5y1FMRmZ5iR2KKzTfsjWfwG+aYTZtlQ5H3B6zQ1ZaY1u5T0zIDjqUfIlDmZxYCWyQBFosIQPUPd7Vq4BBLQuvDz2iD3Fj36vXt6/vcLOD16R9h2BtoPsEqfeGzlHR1gKu93cECX02o4BeoDn81CQlc/pmIiIiIiIiIiIgIYABMRNTAVC+FK8CF338/gp9WbsLgQV0hWq0nfDaKW8b2tbvw4w9/nfBrm4XAidYyAEnmJ+gIouhXDQyErggOa15RVv7q52EULPg1u5wWgEcS+lZfSz+2f/ArCuG9J+Hs9xtu+KuxJ0a3fzQRERERERERERFRQ8IAmIioniouchhafMNfACgsPoZnnpsPm3UROnZtFfbY6Sn2eEwRO3cUobSsHC6XZz6BlmY2sliSY7puoP2A9W3GKmAg+L7AZkKFwLGEvZ7zAx+LNPQNZ+yogt+qwUIGv6Kn+to7XpThL5Hejn25+GLFZoiCgAnDe6J9i6zanhIREREREREREVGtYwBMRFRPHTtaaNouwAVnVeAKAE6X5/m633bAdgKqgG1WC5wuN1RYIYlWWKyR/aqxWC2me/WaCbQctH4/YKA6eJYMAadZZS9QFaBKIhTVf19gjdmy0JEIsVqzVyzLOge7TtRhr27g6tDXPPzV//sosue5S/btYzEEx8GC30CVvxqrhanxyWT5b39i7D3vwlnp2YP80beWYdnLf8cZvdrW8sxqzrtf/opDx6uX/+/UqhEuOat3Lc6IiIiIiIiIiIjqIgbARET1VGFhqe6ZHLCf5kSEvwB8wl9R9F+GORR7QmTVx7LiCRYlMfCewBqL1TxANKsG1giGfYH15wCBzzO7RiQCBb/RVvdWH4sh+PVZ5jlwxW+ArZ59GINf4/X9joUIf+nk8+iby7zhLwBUON148r1vsfiF62txVjXrtTmrsG77Qe/zMYO7MAAmIiIiIiIiIiI/DICJiBoECfoQ+ESFvXoqqq8pidFfPyExNaL++rBRe+wXBAsioCqQJMEbgBqXbg62JLQ2uGySMEezL2/Aa4TqG2aIHG7I6z+XUNW+0YW+oiR4vzwjDX4lEVAEhr91ycyl63D147O9zwf1bIOVb94al7FLHE6cMvFZHCuo/oDLxo/uQff2Tfz65haW+bUVlznjMg8iIiIiIiIiIqL6jAEwEVE9VFRchvz8kpD9nC4JNqsMFVYIcPmEtPFkt6qocPkGv2KkJa9VbPa0qOcRqBpYFD1LEIdarjlUVa9UtSw04F8RrJ1nywHUJMCSFNv+v9GwILr33J4vwlFmUkUeIvgNp9JXlKJ/HyIJf0U1dBU81YxVf+zFrK9+x+XnnBrzWE+9951P+AsAqmr+9Td+SFdMm5Xr03bBmd1jngMREREREREREVF9xwCYiKiB0Ye8CVZAhRhT+CuJVsiKy9iK6opjCS5Z9AkDow1/Y6WvADZbElq/t3CgSmDPMVQd87+GKACKar40tKNFKUqbWpDpkqAkxPBCIiQliZAdCiqDLAWu9dE/t4kSEgQBKU1UpEHEkbWe49WhbeCKX432XhuZBb+eMNczx2BVv0B44bL+3zgx9QS+4eTn/lcX44IzuyM5Mfp/h92H8vHi7B/D7v+vG8+B0+XGJ19vgCgIuHZcf9xz2dCor09ERERERERERNRQMAAmIqqn8o4Xhd3XN/ytrqiUwgxqzZd0jj7k1QfESlWAKooiFEVBamp1BbDFIsLtjmwPYaA6GDQuCS2K3tWgdXMJHQR7juvaDUtD60/NdJ345Yr1wW64fWSHAgcUIMUKwPOCbHYRLlfw0NcYzBqfB6v4FVUZapjBbqDKX7PrR7jNNNWAQ7nFePqD5fj3TedEPcZ9/1uESlf4ldx2mwUv3XMBXrrngqivSURERERERERE1BDVTokWERHFxFFWAcAY4EqGx+Y3Y+grB1rvOEqRVv+Koug9RxRFWO2Z3mPRhL8as/2AJUuQcDLM5aFNjwmeW3q2zXOdBCuskGENUpFbVzhKXThaWo58qJCChLfa0tqBiJIQ03LP2jUESQo7/KW6ZdqsFdh9KD+qc39cvxtzv99keix0HToRERERERERERHpsQKYiKhB8QRnWsgrK4ppla++Ldwq4HDEa+lns8pfrc1i8Vwj3HBYqxAVdemhcflh1VshXB1ghqoIru5X/djqskNKrgR0wW9thsAVlQrsCaLPY/29RgZQke+AqFhh01WLhwpcYw18w71OuH2odjkr3fi/lxdiztOTIzpPUVTc/eKCGpoVERERERERERHRyYcBMBFRPVRUWIb8/GIAvmGv/rnxcU2J936/ySkZAOAT9OrD32irgoMFiMZloYHgS0P79tM92Qc4G0mwJElwWSuimme86YNe7bG+rSjPCQDIrEyBrdIT/sYzbJXC3E84UNUv1S9f/LAZ3/66C6MGdAz7nBmL1uL37YcivtbClVtxwb0zfNp+efcO9O/a0rS/LCv46pcdmPf9JqzbfhD7jhSiuKwCCVYJGamJ6NgyG706NsOoAZ1w1oBOSLJHt2+63rGCUsxdvgmrN+3Fuu0HcaygFAXF5bAlWJCVloQe7ZvgzL7tcc3Y/micmRLz9TQvfrISU1/60qctb9ljyEhNDHre+h2H0O/ql3za5jw9GRcO6+7Xd8A1L4VaytQAACAASURBVGPd9oPe54/fOBqPXDsKxWUVeH/xb1j80zZs/usocgtLkWRPQPNGaRh2antcOroPhvRu6zfeqj/2Yu7yP7B83Z84eKwY+cUOZKQmokOLbIwe2Ak3XXQ6mjVK8zsv3Hk5KlyYuXQdvlq9Het3HEJuYRncsoKcjGT069IS55/ZDVeccyqslsh/Fq34fTc+/24jVv2xF38ezEOJw4kkewJaNU5Hvy4tccGw7jh/aDdYIvjhum77QXyybD1+2bwPO/YdR1FZBVRVRXqKHa2bZKJnh6YY0qcdxgzugiZZ8fvaISIiIiIiIqKGgQEwEVEDcSLCXqN4h7+KoiAzPcmnTQuCjW3GQDjccFgUqoJd1TeQNAuBAU8QHCoE1shuFcIREaoIWGD3qzSOlJwU/+phNQkQHNXPM2GFtdwSdjVvuP0kSYAsh37ftDxEVOWYln7OTGOJcF1x1wsL8PuHd4UVdpU6nHjk9aVB+6hq7ItA/7RxD276zxxs3XPM75hbVuCocOFQbjFW/L4br3z2M1KSbLj70iF47O+jo7re7kP5eODVxfjih81wm2xS7S6vRFl5JfYfLcSSVdvx6JvL8PC1o/DQ1SNDLkdfl32w+DdMfWkh8osdPu2VrnIUlpRjy+6jeG3uKlxyVm9Mv+8iZKQmYteBPNz5/HwsXbXdb7zjhWU4XliGXzbvw3Mf/YBnbx+L2yYOjnhen367EXdOm49jBaV+xw4cK8KBY0WYv2Iznnj3W3z61JXo27lFWOP+tu0AbnvuC/y6Zb/fsVKHE1v3HMPWPccwc+k6tGmWiWlTxuGi4T2CjnngWBFueWYuFv+8zfR4bkEZcgvK8Nu2A5ixaC0EQcDFo3rhtfsnID3FHta8iYiIiIiIiKjhYwBMRFRPFRWV1ej4oihCqaoqjnfQG+yaevoln/X3ZlXBwcJfSfScp4W/gHkQrA9s9WGwWSATLBTWjomoriLWguRA4Y5ZWCw5JO9cZTn4Hr16QUPaSsM1RABBCh1jWebZOF9RFCArqk+gG27oq8oyBIlVwvWBFvLdMemMkH3/8/5yHM2vDuUkSYRsEpjGYuHKrZj44IdwucP/QEWpw4ljBdH9jN11IA99rnwB5U5X2OdUumQ8+uYy7Np/HDP+eUlU161tM5esw879x8PqO/ubDTiaX4onbj4H5//fDL/A2EyF040p0+ajrKIS9105POx5fbJsvWnwb2b3oXwMvWk6vp9+MwZ0axW079sL1uDWZ+eF/fW693ABJj74IW6bOBgv3n2+6e+Cvw7mY/gtr+NgblFYYwKeD0hs3HUYacm2sM8hIiIiIiIiooaP5TJERPVQfl4JKhzOuI4piqLPrbakpmV6H5tV/2rtZnsEBzsnUHiqD4X1BNE8lPWeJwp+f8DX2ozHtMf6Nm38YNcRBcE7v1DhrygJ3ls4JDH+e/xqcww0VyXM8FdPlT2hHcPfum3ckK4+zx9762vkFQUP9fYcLsALn/zo03bLhNPjOq+8Igeu+fdsv/BXkkSc0joHZ/RqiwHdWqFVkwyf4xZJxAOTR0R1zY4ts02XoZYkEU2yUtCueRZSk8zDug+XrMOMRWujum5tM4a/KUk2dG6Tg+Y55ss2f7/uTwy5cbpf+JuVloQubRsj27AahObh15Zi/Y7wlww3hr9Wi4T2LbLQqVUjJFj9f65UON2Y9NBMOCvdAcecuXQdbvrPnIDhb0qSDUKA3y2vfv5zwD2vr3viU9Pwt3XTDJzWrRUG92qDU1rn+P3ueeS6swJej4iIiIiIiIhOTqwAJiI6CYUb8IbdTxKhxKFqTwxzf0R9ZXCgY5HsFRxoWWjAPJwNVR0c6LxI5hLweKShbBTziDb4NT6OhnG+WvDLCuC67cmbz8XKDXtQWFIOACgsKcc/3vgK0++7KOA59/1vkU/INqJfB0wY0ROvfPazT79YVoD+eNl6FBSX+7TddekQ3D95hN+eu8cLyzB/xRa8Nvdn9OvcEq2b+obCkXjujrE4/fpXkJ2ehKvH9MNFw3uiX5cWsCVU/6f3pj+P4KkZ32H2Nxt8zn3yvW9x9Zh+9TbQa9c8Cy/dcwHOPf0USFXf0Fv3HMMtz8zFj+t3BzyvX5eWeOHu8Rjcs433ta/csAc3PPmZT7isKCqmzVqBDx+7NKJ5Zacn4T+3jsGlZ/dGcmICAMBR4cJ7C3/FvYavxf1HC/H+4t9w44UD/cb562A+bnlmrl97/64t8fC1o7z7R7tlBav+2ItpH63Alyu3+PR95bOfMWpAJ5w/tJu3bdOfR/zen1EDOuKley5A17aNfdrLnS588+tOvPflWmzfl4uLR/WK6L0gIiIiIiIiooaPATARUT2Ul18cdt+arObVgt9Iw199YKwPfRMsQdYi1tHCXy3sNdsTWOunPZcsAoDgSZIxfDULhIHow91wrhkvkghEmslHE/yGs8+vRqv4Dbbfr0YLfLV7URSC/uvZ7VzUpDY1ykjG438fjTufn+9te2v+L7jpotPRu1Mzv/4rN+zBnOV/eJ+LooAX7z4feWEsBRyJDTt9K0V7dWyGaXeON+3bKCMZ158/ANefPwCOivCXbzYzoFsrvPePi3HhsO5ISzbfl7VHh6aY9e/LYbdZ8P6i37ztfx3Mx+a/jqJHh6YxzaE2tMhJx89v3+YXrndt2xhLX7wB/a55CdtMlmPu37Ullk+/GUl2398BQ3q3xbev3ogelz2P4rIKb/uXP24JuqS+UUZqIn566zZ0atXIpz3JbsVtEwejRU46/vbABz7H5nz3h2kA/Ohby/y+PiaP6Ye3Hpros++1RRIxtE87DO3TDv/96Afc/8pin3Pu+98ijB3cxRuSr9/pX9U8+4krkZmW6NeeaLNi/JBuGD+kG8rKK+v1vtFEREREREREVDP411Iionro0IG8sPqdiKWczap2tTZREr03/XPjY43VGl4ArIW6xiBYf9wYBluFyPfzrIlwVhtTv7xz0P5VoWwkyztrwqn+jXTpaO/YIZZ7DjafcJZ+1qp9vRXA8UzdqUbcMuF09NSFloqi4q4X5vv1U1UVd7/guwTuzRedXiOBp3Ef3opKN9QwSoqNQWQ0Jo/pFzD81Xv4mlF+bas374v5+rXhmdvH+IW/GrvNgnuvHGZ67LX7JwR8z1vkpOO68f192koczrD39QU8FerG8FfvwmHd/fb8Xb15n9/XSn6xw69iu3enZnjzwb/5hL9G/3fFMFx5bl+ftp37j+Pbtbu8z8ud/ktOh7OPtFbNTERERERERESkx7+mEhHVQw6HM2C4e6L28dVX/+qDXn3Aa+wfipSQDIslOWQ/4/LP+rBXqwg29pPE6iA1ElpQq78F6hfuucGCX30gqw9/g9H289Xfgr6mKENfwBP4RrrMc6gvxXDnTXWbJIl4eeqFPm0rft+Nz77d6NM2Y9FvWLf9oPd5ZloiHr9xNABAQHw/dNGxZbbP8x37cjF+6ntYump7WOHaidChZTasFt8PRRzNL62l2UTPlmDB30b0DNpnVP+Ofm3d2zdB384tgp43vF8Hv7bDeeGthGGRREwe0y9kv7NP6+TzvNThRInD6dP29Zqdfvv+PnD1SL9/PzOP/f1sv7bFP23zPjZ+rQLA2VPewodL1uF4YeQfYCIiIiIiIiKikxuXgCYiqocKCz3hwImo8NUzC3XjsfdvPBirgY1VwcZAVYlg6WKjkPv0RlE5fKL39lVkNaJr6kNfWVaj2us31JeKcdlnqn/OPLUdLjmrt0+V5L3/W4RxQ7oi0WZFqcOJR15f6nPOv248B1lpSQHHDKdiN5BLzu6DJ2d8B0WpHmPJqu1Ysmo7LJKIHh2aok+n5ujTuTkGdG2F/l1bBq3kjNTqTfvwybL1+HXrfvx5MA/FZU6fvWYDKS6tCNmnrunRvikSrMG/b1vkpPu19evSMuTYLXP892MuCvM96t6+SVgV3a2a+F+joKTcp4p7059H/PqMNgTHgbRrnoVTWudgx75cb9vGPw97Hw/p3RatmmRg/9FCb9u2Pcdwzb9mA/AExH1OaY4+p7RA384tcEavNkhJsoV1bSIiIiIiIiI6+TAAJiKqh/LzS07YtUJV7oZT2Rsumz0t5jGM1b9aGGwMy41haDyEG/xqAXRUFbgRvt2BrhGyqrhqf1+z4Dfc8DfY5xPMXodx2edIJCWxfLiueG7KWHy5cot3n9T9Rwvx3Mwf8M/rz8LTHyzHkbzqn189OjTFTbp9VuO96nrXto3x8tQLcMd/5/sFyW5Zwfodh7B+xyFgkactNcmGS8/ujfsnj0C75llRX7eotALXPfEpvvhhc1TnK0rd+GBNJLLTA4f4GlEUkGCVUOmSvW2Nwjgv0eb/vywud3jvUU6G+ZLURmYhsfEauQW+ldlpyXZkpPrv0RtIm6YZPgFwbkF1Za/VIuGTJ67AuKnvoqC43O/cXQfysOtAHj7/zrN3tkUSMXrgKbh/8ggM6d027DkQERERERER0cmBfy0lIqqH8o4X1fYUaozVqlu2OYp9ZjXaktDuMEKCSJdcjlY014hkaedA14om4NaHv3LV+ZEEv+EWp6uy7HMvqPUv+CJfLXLS8ZBhX9tnPlyOFb/vxvMf/+jT/uLd50Oq4bW/b5kwCEtfuh6ndm4esm+Jw4m35q9B38kv4es1O6O6niwrGD/1vajD39oUy7LY0VZOW2q42j9UVXIkBMMnFCKtTlcM/Y0feDi9R2usfucOXHBm95BjuWUFi3/ehmE3v4ZnPvw+onkQERERERERUcPHCmAionooPz+8vQ+jEc+K3khIov8f6bXgUR9AymGGmcYK4HDFM/yNdixJ9CyXHOs/hVZlHPHy0ob+kQTwgYJfRZYhiaLfMtDGql9V4GfTGoKpl5+JGQt/xa4DeQCACqcbo6e8BZe7uvJzwvAeGGHY29UYsAFADCtAe501oBPWzrgTm/48gu9++xO/bT2ADTsPYdveXJ85aYrLKjDxwQ+x47P70CQrvApSzYxFv+GnjXt82vp1aYm7LxuKnh2aonFWit9qAe0u+o+3YjoerBb/76PS8sqQ1aqHjtfc75aGICfDd4/6EocTBcXlyEwLrwp47+ECn+eNM/2/tjq2zMbcZybjYG4Rvv11F1Zv2ocNOw9h019HUWrYk1jz0PQl6NWxGc4b1DnMV0JEREREREREDR0DYCKieqioqCx0pyC0kFeRlVoLfI1kRUZqqmcJaH3lqX4p4miCYE1phQ2NxdD70GpqqgrYjNk/QaTVvpG0m86hhl+vVtirf13GPX8FVWEA3EAkWCW8cPf5GD/1PW+bPmi1JVjw3JRxJ3xePTo0RY8OTb3P3bKCLbuPYsXvu/HOgjXYuKt6T9ZShxOffrsBd0w6I6JrfPL1ep/nHVtmY/n0m5CcmBDb5CNgFvTu3H8cLRv778Grt3L97pqaUoPQq5N/FfmSVdtw+Tmnhjx35/7j3g9EeMfr2Cxg/xY56Zg8ph8mj+nnbdt9KB+r/tiL2d9swMKVW336v7NgDQNgIiIiIiIiIvLiX1mJiOqZouIyuF3+FWvh0ge+dSX81bNYzJeADrYkcTjhpaPMDZdLjbmqNp4iXdZZz7hsdVTXN7x/kYbqkSgtq56nd7lnVv82aGMGd8HYM7qYHrv3imFo2yzTrz3eewCHYpFE9OrYDLdPGozV79zuV+27c9/xiMfcud/3nLNPOyVo+FtcVuGzJ248mAW9C1YEX5I6v9iBD5asi+s8GpqzBnT0W+r66Q+Ww1npDnnuo28u82sbe0bXiK7frnkWLj/nVMx/7hpcOMx3mWj93sJERERERERERPxLKxFRPeMoq4ASZhmrKIk+txPFbDnncPpb7f6BkLePLqw0Br6h9qjVQuVDR6vGEM331q3JtyjQNSMRr9BX/x7q37NIq4C1vX71NzOKAjgqqxcd8Qa+hv1/Y5GSUrP7iFJ0XrjrfL89WFvkpOP+ySPCHkNFbB9MeG3uKmzfGzocsyVYIBq+iG1R7B9rPOd4iBUb/jNjOdzhLk0QpgFdW/kFla/PW421Ww+Y9ndUuHD5P2ahsKQ8rvNoaDJSE3Hp2X182jb/dRTXPfFp0BD/ife+xexvNvi0dW6T47cE+uKft+Gr1TvCmos9wXchJ5uVCzsRERERERERUTUGwERE9UxRYXjLP5sFvtGEwFo4K4mS96Z/btZfVsIL9LTzg/U37gNsFvaaVbCahZklJW4Ul5hfSx8C69+mQI9DCTRebTALe2uy2tcoL696b1Nv9a+qQBQF7z01TB1aZmPq5Wf6tD1z+xgk2a2m/QXE92vhr4P5uPP5Beh5xfO44N4ZmP3NBhzK9d/n9vDxYtz67DwcNuyBa7bkbyhd2zbxeT5/xWa/PYEBQJYV/Of95Xh25vcRXyOUJLsVYwb7Vl9XumSMvO0N/Oudb7B+xyEcPl6MrXuO4Y15q9Hnqhfw9ZqdcZ9HQ/T4jaP9vn4/+XoDTrv2ZXzy9QbkFTkAeJYQ/2r1Dpwz5W3T6t9nbx/r87NPlhXc/cICjLn7HQy87n945bOfsX1vLlTDJthl5ZWYPmcVPv/uD5/23p0CLydNRERERERERCcfflSciKieyc8rCXo8XpW++nDXGPQGqvCNJhD2G9sQ3BrDS+P+wIGqVo0Bp8Uiwu1WcOiIAEBGWmrwyj6par9gWal+bDxm9jzawNgonnsQ69+LUO9bOAJV+popLVNRVGKBlutp1b96XPq5YXvw6pH4YPE6HMwtwhm92uKy0X1CnxQnT834FnLVN+fClVu9+6bmZCYjJyMFCVYJeUUO7D9a6Hdus0ZpmDC8R8TXvO78Afhy5Rbv80qXjOG3vI6JI3qib5eWSLJbsedQPj5f/gf2HfG/brw8eM1ILPxpKxSl+vu/rLwSj7/9NR5/++sau25D17ZZJl5/4G+Y/NgnPu1//HkEV/xzFgBAEAS/4FZvysVnYNwQ3+WfZy1b790jeO3WA95q7ZQkG5plpyI1yYbC0nIcOFbkV20sigJunjAo5tdGRERERERERA0HA2AionomL99ToRZr0Ns4I9SSo77HC0ttkBXzc0IFxOEuCZ2ckhGyT6AAM1igqQWgWgi87wDQONuJ9Ayrd3los7fTGOZqYbBZ/1hz93gFvsb9ks2ORyOS0FfjrFBwLFeEKghQZRmCJEFQPV9DDH1PHsmJCdjzxYNQVBVSiGpvsz2AgwVpwRwvLMPMpb+bHsstKENuQeDVFJLsVnz0r8uC7t0byPghXfG3ET0xZ3l1haaiqPj024349NuNfv3tNguaZqViz+GCiK8VzGndWuGpW87DA68uDvucwb3aYM3m/XFfkrqhueKcU1HudOHWZ+d5P2CgF+xr9raJgzHtzvF+7S9+8qNp/1KHEzsdzqDz+c+t56F/15YhZk1EREREREREJxMGwERE9Uxx1fKSsejZ3oXJZ1mRlRo4jMkv8f0Ddn6xEwvXyNiyx+7THul+v4FIYSaMoYJefQCqD4v1ITAAHMsD8ouAxMTqNps1vKWrExL8/+Cvz7U8++FWNwgiIBqSLS3w1YJjpWp+0QbB+tcYS3WvmUjDX0UBSkvdOJ5vgax6lnkWRAFQGSqdrERRgBjn5Z1DaZSRjB/fuAX/fHMZvl6zM+wgeUC3Vnj9/gnoc0rkyz8DnurPDx69FOkpdrz75a9B+2anJ2HGPy/Ba3NWxT0ABoB7rxyGRhnJuOuFBSgNESJOHtMPr957EbJHPwrEvi13g3fD+aehT6fmuO25eQH3VtZr0ywT/50yLmBV+YL/XoPH3/4aHy9bD0eFy7SPUfOcNDx/53hMGtUrorkTERERERERUcPHAJiIqJ45drQwpupfSZQw7jQF7dvYg/bLyKp+LKSkoAOAji3y8OA7LuQVm+/fGQtRlJCZnhTTGIGWizY+lmXVG/qWlyvQqp2DL66tF02QZQyfAodR2ly1EFnQ7SMsioJPuGwMrfXhtCgAFkv1GGLV8suioFaPZ/JeRVPtqyktU3EsV0ClbPVeQxVEb+VvTUlMYkVxQyCYlQDHYEC3Vljy4vU4fLwY81dswZot+7Bu20EczS9FQUk5BAFIT7GjQ4ts9O/aEn8b0QtD+7SNeR52mwVvPTQRf79wIGYuWYflv/2JQ8eLUVZeiUYZyejUKhtjBnfFDeefhsy0RLw2Z1WcXrG/a8f1x4VndsfbC9bg6zU7sPmvo8grciDRZkWrJuk4a0AnXHVeP5zaObrA+2TWv2tL/PLuHfjh97/w+bcb8fMfe/HXwXyUljthT7CgddNM9O/SEuef2Q0XnNkdliC/u1vkpOPNByfihbvOx6Kft+GnDbuxdusB7DtaiILiclS6ZaQm2dCqcTr6nNIcY8/oivFDusFu4//OEREREREREZE/QY12XT0ionqurCzw8p912aOPvI/FC1dHfb4kSrjvYhcGDGoc8bkF+/Lw4DtyjQTAVosVZ4yYiFat28V97JqiX2o52LLL9Yk+dAZ8l7bWB8+iyVK+brcn5NXv82sMfmti6WdZAUaNTEPH9sE/1HAyS05Oru0pEBERERERERERUQSKiz3bQa5fvz7sc/r06QOAFcBERPVOfn74dap6StU+hYLiwJptEvr3LA3aX0hJ8XmulpZi9cZy5BV7giRJFAPuCVzfmYW5Zm2BKoxjYRashiKI/qsrxyNnNRarKYpq+tjbJkg+5+j3+63pCmAiIiIiIiIiIiIi8mAATERUz+QdL4r4HC38lYQKAMB362R8ty4fPTpa0TjNN5hrn6MFe4U+7X/lCvh+Y3UVYbzDXymGZa3jzSzMrc2AFwgd6IYb+MbjbVYEyXQsi6p4V7ZWBdGv2rcmqn+JiIiIiIiIiIiIyBcDYCKiBs4Y/jpdbtisnh//m3a5/Pp/F2Ac0ZLq87wmKoBT0zI91xIFKIrqDUvNqk3ro2ire2MhiZ4lkrXHsRIkCdoCz6osQ5Ck6vsgk2X4S0RERERERERERHRiMAAmIqpHiorLILtiC0O18FcLgvWBcCCqmOR9rAW/sqLEJQSWRE8waLH4BoSh9psF6nYwbAyxI1ETWWms4a8oCn4hrigKnrWndXv+llcocJS6UJZvAwCkN5GRYBOQaK/ZADg1pf7vv0xEREREREREREQUDwyAiYjqEUdZRcTniJLorQLW00LfcMJfSZRMg99ow18t9DVKThYjCkyNfc2qhrUgVn9OTQTHZvMO97XUdOAbS/irfw36PX21e1kBoAKlJTKO7ZHgdEgAqgPh4ryqr7MkFY3bykhJleJSiUxERERERERERERE5hgAExHVI0WFZSgqKYn4PG35ZwBwyQmwSpWm/WTVDsATGnvPFT1hnjH41R6HqgIOFPYaqWIiFCU5dMcgAlUNBwtiowmE9SFzpBW+gugpmq2LVb5G2mtTBdEb/gKeIFgLfysrFRzYLsLpCP6fFE6HgANbLUjNUpHTWolbRbDJZxuIiIiIiIiIiIiITmoMgImI6iEtlDUjK7JfmyomeauARbE66AV8w15jJKe/jj7w9VxH8d6HG/KGYlwGuqYYQ9tolmkOdV6wgDde4W9NVdIaX5c+/AUAtyoCqj78De/9U1WgOE+As1xE+57xmb9+j2MiIiIiIiIiIiIi8v9bPxER1WH5eaGrf7XQ1hgSi5Joegs0hjH81d9rj7VbvFitDePXUk1U92oksfoWb6IohB2GKy4ZufvCD3/1nA4BB3fFJ7jVxkhKbBhfO0RERERERERERESx4l9LiYjqmbJi8+WbYxUoOD5RbPa0WrluvGihb31Y2jlWqizj8F4JxXnRVU4Dnkrg0hL/anUiIiIiIiIiIiIiig2XgCYiqkfy8ouhmCzxbCSJEmRF1u3fK4cV7JpV/Z4oqalpEYen+pWJ9eea7bGrRlhtqu3Vaxw71DnR0JYxDhb0xjMEjmUPY7cqotLpgrM89g8KFB2VkJIa+2tTZQbJRERERERERERERJo6VlNERETxYgx/tb2BzfYI9j3vxP9qEGOsOg4neBXEyG7hjhsL/VLOtVHlG034q8oyyisUVJZHX/2rcZZ79hEmIiIiIiIiIiIiovhhBTARUT1SXOSArEQWmBmXdg5UCSyJonfsExECi6IERZG991Z7ZsC++ope/WOzql+z6t9YxDqWVt2rPT5RIg13A1Gr3gBZAURVhlsByvJtUNXYx3Y6BFQ6VSTaYxvHJcfntRIRERERERERERE1BKwAJiKqR0pLymMewxjuas9lRamx4Fer8NXfa0tZayFwckqGYV7mSzALov9xfXtNV+2GQ1/Za/a8vhF0b7SixCH5JSIiIiIiIiIiIqIaU4//HE1EdPJxOJwxj6EPerWqX0kUazT8NYa9Wrt2M5+nJ8zVB736EFVWAIvFc0zrYwyFQ9H3jXSPYGOgq1/K+URX/Iqi4HeLB1WXpouqDFkBZJkBMBEREREREREREVFdxgCYiKgeKSwsjai/PujV7s3aYmUW6uqD3VBhLwBkpidVzQfeey1MtRg2LNAfEwz3+r6h9tfV99UeGyt3jbQ2fcirzeVE7OdbU2GvRhVE783I7HUJgudmfK5vN96HSxLUoPeazCxrZAMTERERERERERERNWAMgImIGjj93r41wbi8s9mxSGhBqqz4PjbemwWuxiDWOKaxv6z49tHfGyt5jUGvfjz9NY3jxFO8w16NPuwVQpRCS5IA2EsjDnP1tHNtSSoSbP4DaQGvrAo+9xrjcyIiIiIiIiIiIiKqZgndhYiI6ptA+/zGQr+Us/Y8nlLTMk0DVT1jwBuon1lffX/jvRmz64Rq066rv49FTQW+gCf0FVTFG/5q94Kq+ITAZpXAtgQRzkQVleXV8wsUCAerArYlAgkJ1eNLguoNd/UhsL5d308SVMhgGFzXOMorUOaoQKXLBVlRoCgKVK4cTjqCIECsWpEiwWpBclIikhJttT0tIiIiIiIiVxj7YAAAIABJREFUIqIGgwEwEVE9kpGR4vNcv4evVuVbE3v5BqvyjZfkZF0QGKDq16wK1+xxsDbj+EDwSmOzymH94xO1z++JZAx9VUGEKCpQFBWiKCAhQYItEagsj/4aggCkN5EhVX1NBVreWR/+Brqn2qcoKgqLS1DqKIfdloBEuw1pqcmQJE/IJ8RSMk4NjqqqkBUFsqyg0uVCqcOBvIIiJCfZkZGWWqMffiEiIiIiIiIiOhkwACYiqkcaN8nwW9I5nnv56hkrfmuKVJWgWq1pvu1Blnc2C2cD7cEbLNgNOKcw+tS0ExGAGJd+DrT3r54geiqAy1McSChP8qkCDvu6qmf555TU0B8o0Cp9zZ4zAK4bikrKUFRSivTUFLRu3qS2p0P1gCAIsEgSLJIEW4IVqcmePeCLSspw4Egu0lOTkZ6aXMuzJCIiIiIiIiKqvxgAExHVI+3aNUViog3l5c64jhuosjceFb9awCvLivexkcUiQrKEDvPMKnADPdcE2ivY7Nxg49ekE1Xtpl1HUVS/JZY9azP7r9OrD1k956uwWkUk2iW4M0sBpEQcAtuSVLTvqXvfhcDrAxvDX7PHVDtUVcWR3HxYLBJaNM2pkdUH6OSSnpqMlORE5BcU4+jxAjTOzmD1OBERERERERFRFPiXOiKieqRdh6bIbpQe1zFrYllnSRK9N31bIKqYWGOBa0NcovlEMgtnLRYgKVFCcqIEW2YpEhLD3+A1IVFF47ZyVP8ukqD6zUeVa75Knfy53G4cPJILW4IVOVkZDH8pbiRRRE52BiwWCQePHEe5M74feCIiIiIiIiIiOhnwr3VERPVIs2bZ6NK9VczjiKLkvcVKH/YaQ99w2expoTvVMcGqdvXHRFHwuxnbTyRtH19NsOpbfR9taWjtXMkiICXFiuQka9ghcGqWipadFaSkSt4wN5zrB5qTJKhQq1ZDtyfW3P7U5EtRFBzNLUBGWiqyMurf9y7VD9kZabBaLcjLL4ai2/aAiIiIiIiIiIhCYwBMRFTPXHbFCCQm2qI+P96hL+BZ3vlkoyjBg8tg4e6JDH31gXMs15YET3CsCiJEUfDsv2wRkJIsISPNirQmDqQ2L0FqloqERN9bapaKph0rkNNaQaJdjGtVtlsVUO5wx29ACulIbj4SE21ISU6s7alQA9ekUSYSE204kptf21MhIiIiIiIiIqpXuAcwEVE906Vra4y94HR8/skPEZ8ba/irr+7V7+kbTdWvXmpq3akiFEXBWyWrvw91DuBfXVubjPOI19wkQYWiVu8HLCUIkCwW2GwSZFmF2+2EqyqPtVgtsEoKJEmAxWaDRVCgIryq43BVOlU0yuLn2U6UwuJSiKKIbFb+0gmSnZGGI7n5KCwuRUZaSm1Ph4iIiIiIiIioXuBfTImI6qFLrxiONu2bhOynX+o5mvDXbGlnrdo31tBXY7EEHidUYBmoutXsPtzHocLfQEs6hzPfmhZoWel4LzVtfP1Wi4CEBAEJNhFJyRakp3tuyUlAYqIIe1XVryqIcQ1/FUWF0+lCcnLdCN0bOkVRUFRShpzsjNqeCp1kcrIyUFxSBplLQRMRERERERERhYUBMBFRPdSsWTZun3Kh6VLQ8drf1xj4xjv41bjdCqz2TJ+2UMsnBwo5zcJbfYhr9ljfx3ie8Xq1FfCG817Uxty0fYG1uVgt/jdBkrzBbzzDXwCoqFDgditIS7fCGuSDBBQf+UUlSE1JgiTyvaYTS5JEJCcnoqCopLanQkRERERERERUL/AveERE9dTgId3x4acPeEPgWENfs2pfrV1/HwuLRTS9AaGrV/XHtBBXH9QaQ1vtPlAf7XGgamD9deoCs0C6tmn7Age71UTwqyktdcHprETLlvYaGZ+qKaqKklIH0lOTa3sqdJLKSE1BaakDilp3fi4TEREREREREdVVDICJiOqxZs2y8cqbd6DvaadEPYbZ8s7a/YmSnBL+krLGoNesulcf3Br7GMcI5kSGrMFC1NqYT13ndisoLnXCliSiSU5s1e4UWkWFE7YEK6t/qdZIkoiEBCsqKpy1PRUiIiIiIiIiojqPf8UjIqrnunRtjSeevhbPPH8D+vTvENY5ZpW+Wrv+Ph6Mlb5GbreCzPQk73OzEFf/3Bj0mgWkZlXEwZ5HI9Yxanv55vqupMSNgoJSnHNWI6SmWmt7Og2eo8KJ5ERWWlPtSk60w8EAmIiIiIiIiIgoJEttT4CIiGKXnpaMwUO6Y/CQ7jh8OA9rf92BXTsOobCwFPn5nj0T844XQXaFXjoz73iRX5vbHXlFcKDAN1S/cELcQH1qij501hirigO1BWun6CiKin0H8pGdI2LggPCrxyl6lZUupGQk1vY06CRnsyWgrLC4tqdBRERERERERFTnMQAmImpgmjXLxvjzBwU8XlRcBgBwlFV4nheWeY/l55V4H+fle/7IXlzkAACUlpR7znN4qq8KC0s95+RXn3PscGH1+SZB8oliFR1wKUmhO4bBLPwNFORG2k6RUxQVR47ko9xxDBP/3q62p3PSkGUlrisDEEVDksQTvkUBEREREREREVF9xACYiOgkk56W7HPfrFl2jV6vqLgMjrIKFBWWeQPmvPxiFBc5UFpSDofDiQ6dT4EkeX4lFRR7/rjvLHOZhq/hCBb+6vcB1j+3iuVwuu3ea3Lv3bqppKQQW7duRucuTTCka8fans5Jwy3LkCTutUy1S5IkuGW5tqdBRERERERERFTnMQAmIqIalZ6WjPS05KiCZpdbQUW554/9jvLqqq+SUk94W+6obistrQ4FHLr2/GNFkCQRWo4sVy1nLSvVvwKdLgkuJRGi6LuvsPbYGAjTiSerAspL87F123507tIEU6b0q+0pnXREgd8DVLv4NUhEREREREREFB4GwEREVGdZLSKsqZ5lZ1NTq9ubNA59rqsq6C3KLcLxw7nedlWyeh9XlJv/Gix1+LaXO5PhcilQVBWqArjdKhQVqKz0zM3piq0y0maVYx6joSsvzccva/5A5y5NcMP13b0V7ERERERERERERETkiwEwERE1SFaLJ5y1WG1ISNAfcXkfJaT67iUpVVX5pqVWeh97lPtfQPDdD1WWZVS6PW36YNk8TFahqCpktwpFARQVSEjwzEULlQNxuqSTKjDW9vzVln2eMqUfw18iIiIiIiIiIiKiIBgAExFRg6Ymp4buFC4hcDgrSRISqzLZRFv1ctSZGcb9Kp3eR7JhL0stQAbCr072tpcnw121ZHZSWirsdhEVFdUBt7a3sqvcHfA1hMMYPtdkGF1aUoCDB/OQnCrj5odP5Z6/RERERERERERERGFgAExERA1aitWOApN2VagOLSXD/r7ac1lRIUkSZFn262MkyzIkyT8INbbrnxv7J6A6EE5IrTS9TpquXVA9/SsrgZyMEgDAof2H0b3/KGRlWU3P11SUy959lY17Kmv7KTscijdE1gJkp6EYuibCX2elgj1//YXkVBnjrmmOgZ3aeyu6iYiIiIiIiIiIiCg4BsBERNSgWS0i7CkpqCgtNT0eLNiVRAFQFU9Qq1ZV06qKaSWwFuYaA19ju1kYrFUCG/tqwbOsqH7X08JfAN4lrisrgUS7HS7ncVgtLQK+LgCwporefZXD2VNZz1VVaQzAL0QG/INkwBMma/SVyXrFxS4k2Fxo2TIZw8a3R9fmzSKbGBERERERERERERExACYiooYvwWbzC4AFVYYohflrUK0OLD1VwYG7mlUBB2o3qwQ2hsJm4S9QXcGsD4I1uUdz0bJV8AA4FlaLCGuqJwSPJkR2uc0DYN8q34woZ0d12RdfLsab737gfW61WtG0SWOcOWQQJl44HjabrRZnF9zd9z2CRo2y8PB996Ciwomb7rgHV11+Mc4aMay2p1Zj5s5fiK++WY7XXvovRMOHZRyOctwx9QF0aNcW990zBRbLybEvOZ0cJj34IeZ+v8n02JO3nIsHJo8Ien5ZeSW6XzYNj984GleP6Wfap7CkHNmjH8M7j0zCNWP7xzzncE2btQLvfvkr/vjoHr/va6KGKtbv6XA8+OoSvL1gDXK/ejTmsYiIiIiI4oEBMBERNXgWa+BQSZHd4QXBVVW/gQLeWBkrhL3XUZWAIbCgylAFyRsCJyQAtkR7jcwvnricM9179+1ISkqCy+XCjp278OnnX2Drth144tGHwh7jqutvwZDBp+Om66+uwZmaS0iwom+f3mjerG5UqS/9+ju8PP1NfDrzHaQkJ8dt3NatWqJvn16mIdHLr72FLqd0wtQ7b4Uo8nuaGp5WTTLwyv9d6NfetW3oTzzZEywYPbATOrVsVBNTi0m3dk0w+rRODH/ppBPL9zQRERERUX3EAJiIiBo8NTk14LGwq4BrmDFY9tkrOMAy0Pp9jPUKCvPjP0GiOOrbpzfS0zzfl0MGDURqSgre+/Bj7Nm3H21bt4rLNRRFqbFgUhRF3HnbjTUydl3Sv28f9O/bx/TYPXfcAqvVAkFgiEQNU2qSDeOGdI3qXEkS8eaDE+M8o/g4b1BnnDeoc21Pg+iEi+V7uq6QZQWSxA9dEREREVF46sZfvYmIiGqQ3WL12wdYC37DqgA22fO3phgrgT1LTksAAu8HrCfZ7FArHSdgpkTx071rFwDA0aPHvAHwip9W4eNP5+LQocNo0bwZrrv6CvTv2wdfLv4Kr731HgBg/sIlmL9wCd6e/iJkWcZNd0zFpZMuwoqVq1BcXIJPZ74DAPjhx58xe84XOHjwELKzszDuvNG46Pyx3vBSVVXMX7gEi7/6BkePHkNmVibOOWsELp14kWnAWVnpwoWXXIVb/n4txo85B/sPHMRNd0zFlFtvxPIVK7Ft+06kp6XikokXYdiQwXjhldexbv1GJCcl4ayRZ+LqKy71jqsoCj7+bC6WLvsWJaWl6N61C2698Tq0qNoD++n/voSikhIMGTQQn81bgOLiYnTv2gV33nYTGmVn4ZLJN6CkxPOz7eIrr8eIM4fg3rtvD/s1LVyyDPMXLkHu8eNo3qwZLr94AoYMPh0A8N4Hs7D0m+8w+4O3vf13/vkX3v1gFrZt3wm7LQFnDBqI6yZfgaSkxLDmS9QQ3PX8Asz9fhP2zn/Q+/206c8j6H3lC1j0/HUY3rcDkoc/jJfuuQC3TxoMANiw8zBueWYuft9xEK2bZODeq4b7jXu8sAz3vPglFv60FQDwtxE98cJd45GS5FnJpNmYf+PvF5yGorIKfPTV7xAFAZNG9cILd52PBGv1h8Kmz1mFl2evxP5jhejUshEeue4sTBzZE4D/MrWqquKl2T/hzS9WY/ehfDRrlIbrxg/Aw9eM9L62HftyMfWlhVi5YQ9sCRLOGdgZz94xFk2yUmroHSY6sUJ9T587qDO+Wr0D/373G/y+4yDSkuw4d1BnTLtzHLLSkkzHzDzrUdw+aTD+fdM53rbz7vL8d8mSF68HAJQ4nHjk9aWYs3wT8osdOKVVIzx6w9m4aHgPAMC2PcfQ/bJpePiakZj9zQYcL3Igb9ljNflWEBEREVEDwo8OEhHRSUmR3QCCVAALYvUtAKFq+URBFPwem7WZPTYyVgJLkgSoCiRdX8lwnr4S2GYV4Mh3Bdxnl6guOnj4MAAgKysTALB8xUo8/d+XcGrvHnjkgalo17YNHn/qOfy1Zy+GDz0D0196Dhnp6RgxbAimv/QccnKql1ldsGgpzhs9CnfdfhMAYNm33+OZ519G966d8cgDUzFsyGC88/5H+GDWp95z5s5fiPc+mIVzzx6JJx57CBMvHI9PPpuHhUuWRfQ63p/5MYYMGoh777oNLVo0x6tvvIO77nsYTRo3wv/deRvOGHQaPp0zHytWrvKe88rrb+PzeV9i0oQLcP/UO1FSWoqHH3sSTqfT22fL1u346pvvcO2Vl+Haqy7Hlq3b8dZ7nr2U//vU47jy0kkAgGlP/wvXTr4s7Nc0d/5CvPbWexgyaCAeuX8qevfsjqeeexFr1603fX179+3HvQ89CgHAfffcgSsvuxgrflqFx558BoruwynB5ktUXyiqilKH0+dW7nQBAC45uzcO5hZh7dYD3v4LftyCzLREjBrQ0W+ssvJKnHvn28grKsP0+ybggatH4rkPv/fp46x0Y+Rtb2D15n14/YG/Ydqd47Hgxy24/snPfPr9d9YKHC8sw5sPTsR14wfg9bmr8c6Xa7zHp81agSnT5mPiyJ6Y85/JGNGvAy55eCaWrNpu+jqnzVqBB6cvxvXnn4alL92A/7tiGJ6a8R2mz/H8nHK5ZZxz59soKCnHzMcvw3N3jMM3v+7ExAf5PU31Syzf079s3oex97yLHu2bYOG06/Dy1Avw4/rduPnpuTHN6fJ/zMIXP2zGM7ePweIXrsPI/h1xySMfYcPOwz79/vfZz/j7hQPx9kN1c2UBIiIiIqqbWAFMREQNnkWQkGCz+VQAx4OqqBBEwXsfrF3fBsDnuPGYHy2E1gXBwaqBk20q3KoMKz/nRXWU01mB8gorXC4XtmzdjhkffozOnTqiU4f2UFUV777/EYaecTpuvM6zv2+/U/tgx64/Mf/LJbj7jpuRmpoCSRKRlprqt2T0DVdfiXNHjwLgqa6d8eHHGDZ0MG67yVNtM6DfqQCAOV8swIXjzkN6ehr69OqB7t26osspnuCmZ/duWLd+I9asXYfxY85BuG645iqMGnEmAKB7t6644tqb0KZ1K+/rOGPQaVi7bj02/LEJw4YOxoGDh7D06+9w203XY+y5ZwMAOrRrg2tvmoKVP//iHSsp0Y5///Mh77LZh48cwfIVPwEAWrVs4Q3OW7Vs4d0DONRrcrtlfPzZXIwfcw6uvvJSAJ4lnw8eOoxFS5aZLv0885PPkJGejn/940FYLJ4PnjRr2gSPPP4U1qz9Daef1j/kfInqi217jiF91D992s48tR2WT78Zp/dojVZNMvDFD5sxoJvnZ9CCH7fgomE9YLVIkKs+ZKZ5e8EaHCsoxYo3bkGnVp4PrAzq0RrdL5vm7fP+4t+wZfcxbJh5N7q3bwIAsFpEXP34bOw9UoA2TT3f52f0aouZj18GQRAwYXgPLPtlB35Y9xdumTAILreMJ9/7FrdPHIwnbj4XAHDuoM7Ysf84Xp+7ynTp51H9O2Fon3YY2L01AGDYqe3x9S87sOinrbht4mBs35uLfUcKMf2+Cd7zM1MT8fKnK1HqcHqrk4nquli+p5tmp2LR89fhbN3+2Qdzi/HI60uhKGrUe2rfdelQtG6a4f25MLxvB8xYtBZLV29H707NvP2evWMs/n7BaVFdg4iIiIhOXgyAiYiowbNaRFisEfyBMkDVrzHA1bcb71VFhWiRoCqK3zFBFKG4Ze9x43kBw2BBBNTqyl4tDJYVFaogQVBlJCR4juUdOYaWrVqE/5qJTqBrbrzD53m/U3vjnim3AgD2HziIvPwCDB54GiorXd4+3bp0xo5df4YcO7MqDAWAPfv2o7CoCMOHnuHTZ+TwoZg95wts2bYdgwYOQIf27bB6zVo89OgTOHjoMMocDjidlejYvl1Erys9Pa16HhnpsFos6NjBd4xG2VkoKi4GAKzfuAkAMHBAP+9rzUjPQNMmjbFj15/eADgnp5E3TAWA7KwsFBUVB51LqNe0e+9elJU5cFr/vj7nTZ1yK8orKkzHXL9xE0aPGuENfwGgb59eyEhPx4Y/NnsD4GjmS1TXtG2WifcfvdSnLT3FDgAQBAEXj+qFeT9swpO3nIvDx4vx65b9+NeNo03HWrftIHp3auYNeQCgaXaqT59vf92Jrm0bo0OLbFQ4PQHy4J5tAQBrtx7wBsB9OjXzWca9RU46jhV4PuC2cddhFJVWYKxhn9MZ/7gEpeVOmDm1c3Ms+HELRk95Czv2HUdRaQUcFZXo29nz3xDtmmehSVYK/vHGUpQ4nDh7QCeMG9K13u+lSiefWL6n2zTNRFFpBa745yz8vuMQjhWUwulyo8LpRqVLht0W3Z/WhvZph+lzVmH21+ux53ABKirdKC6rQGFxuU+/ZoafF0RERERE4WAATEREFIZAyzYbq389fUQAii78Ff0ee0Je/2WajdfxC4J11cCBJNrtyD2aywCY6qzHHr4PyclJKCtz4N9PT0OvHt2QmZEOACisCgqfef5lv/OyMjP92oLRQsesLN/zMjMzAADFJSUAPEtOT3vpVVxx6SRcN/kKpKam4LW33qux0FKt+rYuLCoCAEy+4Va/Ptq+vtEK9Zq08TOq3ndNenqaT5CtURQFZWUOZGf5/xtkZmZ430uihiLJnoAhvdsGPH7xWb0xbdYKbN1zDCt+/wvZ6UkY2d9/+WcAOJpf4hf4Gh0rKMWW3UeRPPxhv2P5hjDISK36oaL1a5zpuzdvTmYycjKTTc+d9dXvuPpfs/HoDWfj6dvGICstCVOmfYHcgjIAQHJiAla+eRsef/tr3PLMXBSXVeCsAZ3w7B1j0bND06DzIqpLYvme3rEvF0NunI7zh3bD2w9PQvNGafj46/X45xtfxTSnO/77Beb/uBnP3D4W/bu0RHJiAk671v+/f4iIiIiIosEAmIiITgpqchifnDep/DXbpzfQcS3cNYa9+qBX/9gsGDYbP+DS0AZaFbAt0R5Wf6La0vmUTt4K0dGjhuOzeQsw5tyzkZyUhES75+v3tpuuR4d2vn+otVgi+0/XtFRPCGIMcvMLCj3H0zxB56KlX2PI4EG4bNIEbx+7zYaiiK4WuUS7HaIo4tknHoUo+v78SUuLrdon1GvSloouLg4vuBVFEUmJiaaheH5BAXr37BbTfInqm/5dW6J9iyzM+34Tftq4BxOG94BFMl9BpGl2KnbsOx50vJREG07t3Byv/N9Ffsfat8gKa04ZVdWMxwvLwuoPAK/PXY1JI3vhkWtHeduS7QnIRfUY7Vtk4f1HL4GiqPhl8z7c+79FGHnrG9g97wEuAU0NRrDv6ZlL1iEt2Y4PH7vUW4GfnZYUdDxBqP5whhlnpRvvLVqL/029AFeP6edtl0Ru4UJERERE8cH/siQiopOC3WL1eS5KoYOkUOGvkVmA6zueWFUdrK8EFv0em81Du+kavTdJFLzLQauCZ2nWgsL8iOZOVFsuu/hvcDor8fm8LwEAbdu0QlJSIo4cPYYunTt5by1bNkeb1i295wmCGPQPqwDQpnVrpKWmYuXPq33aV6z8GaIoontXz36WpaVl0K2oCpfLhd1798XpFQbWvVtXT2Wtw+HzWps0aYzmzcKvrBO1yevejlCvqW2b1ki02/Hrb7/7jPXqG+/gqWdfML1Ozx7d8PMvv0LR/azbuGkLioqK0atH97DnS9RQXDyqNz5eth7frd2FSaN6B+zXv2srrN95yCeYLS7zXZJ5SJ922Lk/D22bZeL0Hq29t3bNs/wqegPp2aEZUpJsWLJqm0/7bc/Nw8UPzTQ9p6Ck3OdnhbPSjY1/HvE+/2Dxb+hx2TSUOJwQRQGDerbBQ9eMRH6xA3sOF4Q1L6L6ItD3tPZ9ov/Pjl+37A86VtPsVBw45vtRsiN51R+6KnE4IcuKz5Luuw7koaAkeMU/EREREVG4WAFMREQnBYsgwZ6SgorSAMuq6qp/Iwl+9eGtvpoXgLfd7Bz9vXEc4zm+VcOhK4KTUhJRmF8Bl1uB1cLPelHd1ig7C2PPPQvzFy7GBePORUZ6Oq687GK8/d4HUFUF/fueiqKiYnwwazaGDBqIaydfDgBonJON9Rs34efVa9C7Vw/TsS0WCVddfjFefeMdJCcno9+pvbF95y588tk8TJpwAdJSPVW2/fv2wRdfLkarFi3QuHEjLFyyDPsPHETrVi1Nx42XLqd0xKCB/fHcC6/g8ksnon3bNvhrz1588NEneOjeu9G/b5+wxsnJ8ewrumDxUvTt3QtdOncK+ZoSEqyYNOECzPzkMyQlJaJ71y7YuGkzFn/1DR66927T61x52STcc/8/8NiTz2LceaNRWFSM9z6che5du+C0/v1MzyGqr0rLnVi6artfe7vmWejcJgeAZ8nYpz9YjpzMZAzv2z7gWNeNH4CnZnyLix+eiaduOQ+qquK+Vxb59LnpwoF4Y95qnHX7m3j42lFomp2K+T9sxnuL1mLX5/cHXMJZz26z4L6rhuPxt79GWrIdZ/Rqix/W/Yk35v2CT5+60vSc8wZ1xouzV6Jzm2/QplkmXpuzCtv2HEO3dk0AAMP6tsft//0Ckx78EHddOhRuWcFTM75Di5x07/tAVB/E8j197qAumD5nFa7996c45/RTsOinrfjk6w3ecc32AD77tE54e8Ea9O3SEs0bpWHWV79j467D3uXgG2Uko1+XlnjsrWVQVRUVlW48N/MHuNxywD27iYiIiIgiwQCYiIhOClaLiASbDRWlpf7Vv4IWyEYW/IZqDxUEhxrTGAhXB8yCro/qnb8kKpAVFQkJnmMV5TKsqQyAqe67+G8XYsmy7zD78y9w0/VX48Jx5yHJbsec+Qsxf+FSZGakY8Swobjikonec6667GJMe3k6nv/fa3jpuacCjj323LNhtVrx+bwF+HLxUuQ0aoQbrr0KF447TzfWJJSXl2P+oiVQFRUjhw/F6QP646fVa+B2y7BYpBp77Q9MvRMfzPoUn89dgOKSYjRv2hQ3X39N2OEvAPTu2QNDzzgdn82Zj+N5+ejSuVNYr+nSSRfBZkvAl4u/wuzP56Fl8+a4f+oUnDHoNNPrdGjXFk//+x945/2P8OQzzyM5ORlDB5+OaydfDjHCFROI6rp9Rwox9p53/drvuWwonpsyDgDQu1MzdG6Tg+F9O0AKsPwzACTZrVjy4g24+ek5GHnbG2jXPAv/d8Uw/LK5uoIwIzURK16/Bfe+vBC3PjsPLreM/l1bYskL14cV/moevmYkkmxWvPr5z3hqxnfo3CYHs/59OSYMN/+gzGN/H40ShxP/+/QnKKqKq87ti/FDu2He93/cVjfWAAAgAElEQVTA5ZbRpmkmvnnlRjzw6mJMfPBD2BIsOKNXG7zzyCT8P3v3Hp9z3fhx/H1d184M0SjmfFpHqdx3ac6HIbSbm5hQt26hbof7puasEHKbimhDce+ullKKm1+KTg5RVEsOETPKuWaz03X8/bGur13btZNhzOv5eOyxXd/j53v4fLdr7+vz+fhexmcjcKmVpk4/+ECY5o/pqZg3v9C7nyaqY4vGWjH1Yc35z2dKOv67bqySv45Oe7yzTv52XlPjNshsNqlP+zvU9f6mcuT6IOfbMwfoybnva+zLa3VjlQqa9FgHfbbrZ2Vk2S7DGQAAAMD1xuQqqu88ACin0tOLPz4ayoeUMyf124lf8wXAJkvx/oFZWIibN+Qtbuh7set6jivscv8gSXI4XUo6fkot27RRoK+vt9VxnalQofjhgTeHjx5X/do3X6LSABePexEAAAAAAFwvUlNTJUnfffddsde5666cRgU0CwIAXDfsAUFepxfVpbJUePjrbX5xw9+LXddzPGGTe6IkGeMBp/5e+JjEAAAAAAAAAIDyhy6gAQDXlbR0l/x97cZrd3fJLlNOK2BL3m5MTWaZzCY57Y5L0kV0ifj4SHZ7oYtc2I/zQnfQLqcqV6woW/YZSbVKXw4AAAAAAAAAwDWDABgAcF1IS7MpcfvXUnqWMS0wIMD42T8wwGN5i3/Oa39fz9DXz+9CWCzlCoxNecfvdfwx2XtoXKyA2B3+FjsIvhACm620/gUAAAAAAACA6xEBMACgXEtLs+ng/h/10w975XBZFODnL0ny9fOTdCEMzszK8lgvMCBAmVlZHiFxXsUNjSXJ199znGGLl3GHCwyLiwh/L6xvlsksOe0OoywAAAAAAAAAgOsLATAAoNyx2Z06efy4Tp88rZ9+2KvzWXYF+vt7LmO1Kl1+quDvffxfd/hbWAicnZmVdyVJUsYfL/0DA5SdmZUTFJ/Pv37ukNZbaOyy+MrPx7Mlb97g2OzjPUj2tj0AAAAAAAAAQPlHAAwAKFeOHf1F327/Xhlp53Q+K6flbO7wN8uabbQCdofAbnnDYHer4OKEwVKewFfy+NkbR/aFADkjO/98i79LmdlZeVrz2j3CXZfFV5Lk5+P0CIezbS5VLHDPAAAAAAAAAIDyigAYAHDNS0uz6VzKKX27/XudOn3WY17elr/u8NfNZrX+0R20lJ6dE6xW8HfJ6gqUnynT+H7e6iuZfSXZdN7qq4p+NklStgLlr8ycnzOzZPIPVnZmmkz+wfIPLLrsRXXVHFTR+0bcwa+b1W6W7DkBtjXLquPHz6lazRpFFwAAAAAAAAAAUK4QAAMArlnu8X2PJf1aZPAr5Q9/JRnhb245QXCW5JcTvlpdgZLD/kcQHCxJOYGwpIp+mcpWrpA2264A/2BlZdslf9+8m75QvkCLMjMdClROS+CCguBsm/cuqmWzep38e0q20s6lKKiqr6rdVL3A/QMAAAAAAAAAyicCYADANccd/O5N/MmY5q2lb+7unvPyFvzmTPcexFosPnIoON/0bAXKZrXL1+/Cr9SsbLvHd0kK8Pf8lZuZ6cj13Vf643VpnD51RjZrTjBskr98TPnHBwYAAAAAAAAAlG8EwACAa4LN7tTJ48d1+uRpHd53RFLBLXrd3ToXFPJ6Lh8gmzWrwOA3N4cjJ9C1WC78+rRZ7R7fPbftY4TDaWlZHtPyzi+NrMwsZZxPNQLvKjcFq0nTpvL1MZdquwAAAAAAAACAaw8BMADgmnDelqUTvxzV+XMuVQ2pLpvV7hHIun+WCm7F6142N4fDroDAinI47MZ28i5T0LpF8RYOe/vZfSyFbT/38eX222+nlZmdbbSArh9WV2HNblOgb8HdTwMAAAAAAAAAyi8CYADANcHhcKhqRX9Vv/HCeLsup1Mup0sOh0NWu1kmh03ShXFzM710q5yVbVeAv4/RPbPvH78K834virvlrrfvJTuuC8FvQSGv9/1n6dTZM8Zri8mhJnfcoub33lWi/QMAAAAAAAAAyhcCYADANctkNstklsw+Fvn6S+5fa0F/zL/hj+8up/OP7znBsMPhkJTTYtZqv9BNsslhM8Lj3PIGyVnZdgUHBygr+0L3zXm/FyZ3SOwOf3O3/i0sCLZZs2SzWvV7WqoxrXpINTX/czOF1q5V5L4BAAAAAAAAAOUbATAA4Jrg7+evStWqyZqdLZs1p6WvyVy8MW7dy5n+WNzsYzHm+XoMI+xjhMfu0FiSqtxwYTvuVseSjJbHbtYsq/Gzt9bHkmd4XBB3K+S8rYkdDrvSzqcpMzvbmHZ3izto9QsAAAAAAAAAMBAAAwCuCcF+fgq+uY7x2mZ3yu5yyO5yye6w/9GqV/LJypAk2W3ZHutbsz1fS5I1M0smS04Y7C1Mdge+bu6fTWZTzr7MPvLJNdRuUOCFsYfdobG7i2pjn/acLqwryzMwlvKHxgH+Ob+ms7LtysrMMsb7lWj1CwAAAAAAAADwjgAYAHBN8vUxy1fu0NbvwoyKwR7L2ew5oa3ddSFctbsudPNcWHicExpbjKDYHRLnDoWLYjKb5GO+8Ou2oMDY5XSpcuUL89xlstrN8juXqrRzWZKkQH9/3XJnEzVqepuCg3NtDAAAAAAAAAAAEQADAMo5X5+c0PZCWJxXweFxbt5aHHsPjPPLOn9e5j/G+HW3OM7L3arY7UJobJfVP0DSOd1U50Y1adqUVr8AAAAAAAAAgAIRAAMAUAxeWxx7CYxztzh2tzQOzNXKWLrQ0ljy7Ko6d4BszbIaobDNZVVog5sV1uw2BfrS6hcAAAAAAAAAUDACYAAALiHvLY79PBcqJDjOze5yyMdkUZ1c2wUAAAAAAAAAoDAEwAAAXAW8BbwFd1sNAAAAAAAAAIB3/GcZAAAAAAAAAAAAAMoJAmAAAAAAAAAAAAAAKCcIgAEAAAAAAAAAAACgnGAMYAAAABQquEJgWRcBkJRzLx4+erysiwEAAADgGlK/9s1lXQQAuOIIgAEAAFCoG6tWKesiAJJy7kXuRwAAAAAAgMLRBTQAAAAAAAAAAAAAlBMEwAAAAAAAAAAAAABQThAAAwAAAAAAAAAAAEA5QQAMAAAAAAAAAAAAAOUEATAAAAAAAAAAAAAAlBMEwAAAAAAAAAAAAABQThAAAwAAAAAAAAAAAEA5QQAMAAAAAAAAAAAAAOUEATAAAAAAAAAAAAAAlBMEwAAAAAAAAAAAAABQThAAAwAAAAAAAAAAAEA5QQAMAAAAAAAAAAAAAOUEATAAAAAAAAAAAAAAlBMEwAAAAAAAAAAAAABQThAAAwAAAAAAAAAAAEA5QQAMAAAAAAAAAAAAAOUEATAAAAAAAAAAAAAAlBMEwAAAAAAAAAAAAABQThAAAwAAAAAAAAAAAEA5QQAMAACAQq1atUrh4eEFfn311VdlXcRSi4iI0KeffipJmjVrlhYtWlTGJSq9I0eOKDIyUmfOnPGY7nK5NGzYMM2cObOMSlb21q9fr6FDh5Z1MeBFWV6blStXauDAgWWy76uxHFFRUfryyy8vat2Cnj9Xg3Xr1ikyMrKsi1EiV8s9AQAAAODa4VPWBQAAAMDVrXPnzrr33nslSQcPHtTUqVMVGxurihUrSpKqV69+Wff/ySefKCYmRuvWrbus+3Fr166dAgMDr8i+8rqUxxoSEqJ+/fqpcuXKHtPfe+89VaxYUdHR0aXex7XqtttuK+si5DN37lylpKRcsmD+Um/vSrkar831qm/fvmrSpMlFrVvQ8+diXOnfAYW5VusVAAAAgOsPATAAAAAKFRwcrODgYEnS+fPnJUm1atVSlSpVSr1th8Mhi8VSqm04nU6ZzZeuY5v77rvvkm2rLAUFBalfv375pvfs2VN/+ctfLuk5u9bUqVNHderUKetiSLo0deBqVtL6eTVdm0vlUj+jrtR+S9NKtqDnDwAAAADgyrh+/+sDAACASyItLU3h4eE6cOCAMS0uLk5PPfWU1+WHDBmiGTNmaNCgQRoxYoQk6ZdfftGYMWPUsWNHDRgwQJ999pkkKTo6WtOmTVNqaqrCw8O1ZcsWbdmyRZ06ddLLL7+siIgI7dixQ5L05ptvqlevXmrfvr1Gjx6t5ORkY5/p6emaM2eOunbtqi5dumjq1KlKS0vzWr7o6GjFxMRIkrZs2aLu3bsrPj5e3bt3V6dOnTR//nydPHlSI0aMUPv27TVw4EDt3r3bWD8rK0tz5sxRRESEevXqpWXLlsnhcEiSFi5cqPHjx2v+/Pnq3LmzIiMj9b///a/AY5WkrVu36tFHH1W7du0UFRVlnBspJzyMjY1Vz549FRERoSlTpiglJUWSdODAAYWHhxuvMzIyNHv2bPXo0UNdu3bVrFmzlJGRYcwLDw/XmjVrNGjQIHXo0EFjxowx1vXm7bffVmRkpLp27apnn31WqampxryNGzcqKipKHTp00NChQ/Xjjz8WeC+8/PLLevLJJ9WuXTs98sgj2rdvn1auXKnu3bura9eumjt3rpxOpyTppZde8mi57HA4FB4erl27dundd99Vt27djHMtSY899pjX7rxzd6da0mvsPlfLly9X//791b59e40bN87jXLnPdZcuXRQREeH1XC9YsECRkZGKi4tTRESEPvjgA33++ecKDw9XRkaGXC6X3njjDfXu3VsdOnTQiBEj9PPPP3ucu7i4OI0dO9Yo4969eyXJ6/YkaceOHRo0aJA6deqkESNG6NChQwVel3nz5umJJ55Qhw4dNHjwYO3bt8+YX1h98lY/S1L/Lue1Kemz6sCBAxo+fLg6dOighx9+2KMFaknPQV6FPScKU1idL2i/hdXVffv2afjw4Wrfvr2ioqL0ySefGPNyd42/cOFCjRs3TtOnT1fHjh3Vs2dPrVu3Tjt37lT//v3VsWNHjRkzRmfPnjXOXe7nz6V+LiYnJ2vMmDHq0KGDIiMj9cYbbxR4zk6ePKmRI0eqffv2evzxx/XTTz9d1LXwVq8KeyZJ0rlz5zRlyhRFRESoZ8+eWrBgQYHXubBnfW5F3cclvVZbtmzRgw8+qA8//FCRkZHq0qWL5s2bJ5fLZWx/27ZtGjx4sNq1a6eBAwdq27ZtxjyXy6W4uDg99NBDioiI0IQJE67Krr8BAACA6w0BMAAAAK647du3a+jQoZoyZYoyMzM1cuRINW7cWMuXL9cjjzyiadOm6fDhw3ruuec0ceJEVapUSRs2bDBa52ZmZiozM1MLFy7UnXfeqYSEBMXHx2vMmDFatmyZKleurLFjx8pms0nK6bbz0KFDeuWVV7R48WIdPXpUsbGxxSprSkqKTp06pZdeekmjRo3SqlWrNHToUPXq1UuxsbGqVauWZs2aZSw/Y8YMnThxQosXL9akSZO0Zs0arVmzxpi/efNmBQUFafHixerSpYv+/e9/69y5c16PNSkpSdHR0erdu7cSEhLUu3dvTZs2TSdPnpQkvfbaa1q/fr0mT56sV199VampqZo+fbrX43j22We1f/9+xcTEKCYmRnv37tW///1vj2XeeOMNjR49WjExMUpOTi4wVFm1apXeeecdTZ06VYsWLdKZM2c0b948STnBzHPPPadHH31U8fHxCgsL07hx42S1Wr1ua9OmTRo4cKAWL16sypUra9SoUdq1a5diYmL09NNPa926dQUGIbm1a9dOaWlp+v777yVJZ86c0YEDB9SuXbsi1y3pNZZyAq7FixdrxYoVOnXqlBYsWGDMK865/vHHHzV9+nT17dtXq1evVvfu3dWqVStt2LBBQUFB+vDDD/Xmm29q4sSJeuONN1SrVi1NnjzZYxsJCQnq3LmzYmNjVb16deMaeNvewYMHNWHCBA0YMECvv/66mjZtqnHjxhl1JK+dO3dq/PjxWrVqlRo2bKjJkycbwVVR9Slv/byS9a+oa1MSzzzzjMLCwhQfH6+BAwdqzpw52rNnz0Wdg7yKek4UpKg6n3e/hdXVlJQUjRkzRk2bNtXy5cs1ePBgzZw5Uz/88IPXfe/YsUN33HGHYmNj1a5dO73wwgtasGCBnn76ac2bN0/Hjx/X66+/7nXdS/lcTE9P18iRI1W1alUtXbpUo0ePVnx8fIHnb+bMmUpPT9eLL76oJ554wgiRS3otvNWrorz00kv67bffFBcXp2nTpunjjz/W22+/nW+5op71JVXSa3Xu3Dl98cUXmjNnjsaNG6cPP/zQCHn37Nmj6OhodenSRStWrFDnzp0VHR2tpKQkSdLatWu1Zs0azZgxQ6+++qpSUlI0e/bsiyo3AAAAgEuHABgAAABXXK9evRQeHq5atWrp008/lb+/v0aMGKHQ0FB17dpVLVq00MaNG+Xn5ydfX19JOV2KurvKtVgsGjt2rBo3bqzAwEAlJCToscceU6tWrVS/fn1NnDhRGRkZ2rhxoyRp8ODBmjVrlho0aKD69esrIiKiwJAjLx8fH40ePVoNGzZU9+7d1aRJE4WHh6tjx45q3LixoqKidOTIEWVlZen48eP67LPPNHHiRDVo0EB33323+vbtqw0bNhjbu+WWW/TEE0+oYcOG+tvf/iabzaYjR454PdZq1app6dKl6tGjh2rUqKHevXvLz89P+/btk9Pp1Pvvv6+///3vatGiherXr6+xY8cqNTU1X9ianJysLVu2aOLEibr11lt12223acKECdqwYYNOnDhhLDd69GjdfffdatasmTp16pSvpZzbW2+9pWHDhql58+aqX7++nnzySX366aey2+06duyYTCaTWrZsqZo1a2r48OEaMmSIsrOzvW4rMjJS9913n8LCwtS/f3+lp6dr3LhxatKkidq1a6dmzZp5tD4tSLVq1dS8eXN9+eWXkqSvvvpKNWrU0C233FLkuiW5xm5RUVGqUqWKateurWHDhumTTz6R1Wot9rkeNmyY7rjjDlWrVk2BgYGyWCwym81GqHTfffcpNjZWd999t2666Sb16dNHycnJHi1n+/Tpo86dO6tx48bq27evDhw4IKfT6XV7b7/9tiIiIhQREaHQ0FA99dRTSktLU2Jiotdz0rVrV9WrV09VqlTRmDFjdPr0aX377beSiq5PuetnUFDQFat/RV2bksjIyNCpU6f05z//WTVr1lT37t01YcIEBQQEXNQ5yK04zwlvilPn8+63sLq6YcMGVahQQSNHjlSdOnUUERGhPn36eLQsze2uu+5SZGSkGjZsqCeeeEJ2u12PPPKImjdvrmbNmqlr167av39/vvUu9XPxk08+kcPh0DPPPKP69eurbdu2Gjx4sOLj4/Pt++jRo9q1a5eefvpp3XnnnWrRooXRwryk18JbvSpKcnKybrvtNtWtW1d33323pk2bpoYNG+ZbrrBn/cUo6bWyWCx67rnn1LRpU3Xo0EFhYWHG83/lypVq2bKl+vfvrzp16mjgwIH685//rLfeess4xpo1a+r2229X/fr1FR0drbZt215UuQEAAABcOowBDAAAgCvOx+fCn6EHDhzQsWPH1LFjR2OazWZT5cqVC1zfbDYbYfC5c+d05swZj1Z2fn5+CgsLM7q4rVatmpYsWaLt27crJSVFdrtdN910U7HKajKZPMZoDQoK8ihbYGCgpJxuRN3BSe6xLx0Oh6pWrWq8rlixokc5zWaz0UVvXsHBwfr+++8VExOjo0ePym63KyMjQzabTSkpKUpNTVXTpk2N5UNDQ7VkyZJ82zl48KACAgLUqFEjY1pYWJj8/f2VlJRknDv3WM+SFBAQoMzMzHzbSktL04kTJ/T8888brbxcLpecTqdOnTqle++9V3fccYf69eun1q1bKzw8vNAxh/OeW0ke40sHBAR4hHuFad++vf773/9q1KhR2rp1a7FDiJJcYz8/v3zrN2rUSA6HQydPniz2uXaHWgWpXr263nrrLa1fv16nT582usHOHWTmvpcCAwPlcDhkt9u9lvHAgQNKSkrSRx99ZEzLysryCKULEhwcrBo1aujXX3+VVHR9yl0/i7N8YS7ltSnJuOVBQUGKiorShAkTdP/996tly5Zq166dcY+W9BzkVpznhDfFqfO591tUXU1OTlbjxo096qa7W35vvNXVvNfCW1291M/FgwcPKiwszON6N2vWTK+88oqysrKMkF6Sjh07JovFoiZNmhjT8v7+KapspTFw4EBNnz5du3fv1gMPPKCOHTuqevXq+ZYr7Fl/MUp6rfKG2rmf/wcPHlS3bt08tt+sWTOjZ4YePXpo06ZNGjBggFq3bq22bduqe/fuF1VuAAAAAJcOATAAAADK3B133KHx48d7TCtuCyt3kJY3bHE4HMY/z2fNmiWHw6EFCxaoRo0aWrVqlVatWnUJSu69PMuXL/eYVlAQVJT9+/dr6tSpmjJlilq2bClfX1/jH/FFBYi5uQOV3Fwul1wuV4lbRrpNmTLFI+SUckJLHx8fLViwQLt379bWrVs1b9481ahRQy+//LJH8HI5tG3bVvPnz9fevXv1zTffGGM5X27u+8zlcl2yc/3OO+/o/fff18yZM9WoUSMlJSVp0KBBpSpn37591bNnT49pN9xwQ7HWtdvtxpigJa1PV7L+5ZX72pTUiBEj1LNnT23evFmrV69WXFycFi9erJo1a5b6mC7mOVGSOp9bYXXVZDJd1DZL6lI+F319ffOt6/6AhM1m8wiATSZTkcd5KcuWV5s2bdS8eXNt3rxZX375pZYuXapp06apdevWHssV9qwva76+vvme3U6n06hbderUUUJCgrZv366vvvpK//jHP9SrVy8NHz68LIoLAAAA4A90AQ0AAIBSCQwMlMlk8mgtarfbi71+3bp1deTIEYWEhCg0NFShoaGqWrWq0QKrqICiQoUKCgkJ0e7du41pVqtVP/30k9HV5s6dO42uNSV5bdl6KdSrV082m03nz583juXmm28udmuyvMf67bffqnbt2mrTpo18fX1lt9uNcxscHKwqVap4dNd69uxZzZ8/P1/QWK9ePWVkZBhjNko5gYPVavXaHWlhgoODVbVqVR0/ftw4Rvc18/Hx0datW7V27VrdfvvtGjp0qJYuXarExERj7NTSCAoK8rh2eVvHValSRffcc48WLFigoKAg3XbbbaXeZ0HcgZOUcy4tFotuuummiz7Xea/9zp071apVKzVp0kRms7nE92ze7dWtW1dJSUn5rlmFChW8rp87MD179qxOnz6t0NBQo2wlqU9Xqv65FXRtSvKsSkpKUlxcnGrVqqV+/fopLi7OGIdWKt0xXexzoiR13r18YXW1bt26OnjwoMf5Wrt2rT7//PNiH0txXOrnYoMGDbRv3z6Pa5eYmKjq1at79GIgSbVr11Z2drbRel3yvLdLWra8ZSnsmWS1WrV48WJlZGSoW7dumjVrlrp16+b1gwKFPevzKu3v3JKqX7++x+9XKed8u59n7777rn744QeFh4dr7NixGj9+vBISEi7qQxcAAAAALh0CYAAAAJSKj4+P6tevr4SEBP3888/atGmT1qxZU+z1O3fuLB8fHz333HM6dOiQfvzxRw0dOlSffvqpJKlSpUpKTU3V119/rdTUVK/beOSRR7Rs2TJt3rxZSUlJmj17tvz8/NS+fXtJOd2kvvfee/rxxx+1du1a/fe//73olq+FqVOnjh544AHNnDlT33//vY4cOaKpU6fqlVdeKdb6eY81NDRUhw8f1vr165WYmKgpU6Z4dAv68MMPa8mSJfrmm2+UlJSkOXPm6NChQ/m6wg0NDVWbNm00Y8YM7d27V3v27NHs2bPVqlUr1apVq8THGRUVpeXLl+uTTz7Rr7/+qhUrVmjYsGFyuVyy2WyKiYnRpk2bdOLECW3atEkWi0U1a9Ys8X7yatKkiRITE7V582bt37/f6NY2tw4dOigxMVFt27a9rK0blyxZokOHDikxMVGLFy9WRESE/Pz8LvpcV6pUSQcPHjSCrdDQUH3++ef6+uuvtW3bNuNYi9slbN7t9e/fX9u2bdPy5ct17Ngxff755+rTp49Onz7tdf33339fu3bt0uHDhzVr1izdfPPNat68uaSS16crVf/cCro2JXlWVahQQQkJCVq2bJl+/fVXffPNNzp16pTq1KlT6mMqzXOiuHXerbC62rlzZ6Wnp2vhwoVKTk7Wxo0bNX/+/Hwhamld6udip06dZDKZ9MILLygpKUlffPGF4uPjPbpxdqtVq5buuecevfjii/r999/166+/6t13373osuWtV4U9k/z8/LRt2zbNnz9fSUlJOnDggPbs2WPcQ7kV9azPrbS/c0sqKipKn3/+uVauXKnk5GS9+eab2rFjh/r06SMpZ5zlF154QYmJifrll1+0bds21a5dWyaTSRkZGXr99dc9xi4HAAAAcGUQAAMAAKDUnnnmGR09elTDhg3T+++/rzZt2hR73aCgIM2bN0+pqakaMmSIxo8frzZt2hhdZDZv3lz33HOPoqOjlZiY6HUbvXr10l//+lfNnTtXf/vb3/T7778brUAlaeLEiTp//rxGjRqljz76SEOGDFFgYOBlCaEmTZqkxo0ba9y4cfr73/8ui8WiIUOGFGvdvMcaHh6uqKgoLVy4UFOmTNEtt9yi+++/X+fPn5eU84/5jh07aurUqRoyZIj8/f01ffp0r9seP3686tWrp1GjRulf//qXbrnlFk2ZMuWijrFv377q16+fFixYoAEDBuirr77S5MmTZTKZ1KZNGw0bNkyLFi1S//79tXr1as2YMUM33njjRe0rt1atWunBBx/UjBkzNH78eDVs2DBf8OW+b9q1a1fq/RXm9ttv1+TJkzV69GjVq1dP//jHP4x5F3Ouu3btKpPJpJEjR+r8+fN69NFHFRYWpgkTJuiVV17RgAEDVKdOHZ09e7ZY5cu7vbCwME2fPl0ff/yxBgwYoNjYWI0ZM0YhISFe17/33nv12muv6fHHH9eZM2c0ffp0o2vrktanK1n/pF66ZxgAACAASURBVMKvTXGfVSEhIZozZ462bNmiAQMGaNasWYqKijI+VFLaY7rY50RJ6rxUeF2tUKGC5s6dq927d2vQoEGKi4vTM888o7vvvrtYx1ASl/K56O/vr5iYGB0/flyPPfaYXnzxRQ0aNEh9+/b1uv6ECROUlZWl3r17Kzo6WnfddddFly1vvSrqmTR79mw5HA4NGTJEI0eOVIMGDTRs2LB82y3qWZ9XaX7nllSjRo00Y8YMffDBBxo0aJA2bNigOXPmKCwsTJI0fPhw3XvvvYqOjtbgwYN18uRJ4548e/as3nvvPZ08efKylQ8AAACAdyYX/fIAuE6lp6eXdREA4IooqItXoDzavXu3JkyYoNWrV+cbi/dSyMjIUOfOnRUbG3tZu5guS0OGDFHbtm01cODAsi5KiVwP1wYAAAAAcP1w94T33XffFXsd94defS5LiQAAAADgCrJardq/f78WLlyoBx988LKEvwAAAAAAANcC/isCAAAA4Jp34sQJjRo1SlWqVNHgwYPLujgAAAAAAABlhi6gAVy36AIawPWCLqABAAAAAACAa0tpuoCmBTAAAAAAAAAAAAAAlBMEwAAAAAAAAAAAAABQThAAAwAAAAAAAAAAAEA5QQAMAAAAAAAAAAAAAOUEATAAAAAAAAAAAAAAlBMEwAAAAAAAAAAAAABQThAAAwAAAAAAAAAAAEA5QQAMAAAAAAAAAAAAAOUEATAAAAAAAAAAAAAAlBMEwAAAAAAAAAAAAABQThAAAwAAAAAAAAAAAEA5QQAMAAAAAAAAAAAAAOUEATAAAAAAAAAAAAAAlBMEwAAAAAAAAAAAAABQThAAAwAAAAAAAAAAAEA5QQAMAAAAAAAAAAAAAOUEATAAAAAKtWrVKoWHhxf49dVXX5V1Ea9ZUVFR+vLLL8u6GMW2YsUKRUVF6dy5c5d0u0eOHFFkZKTOnDlzSbd7vYmIiNCnn35a1sUAAAAAAABlzKesCwAAAICrW+fOnXXvvfdKkg4ePKipU6cqNjZWFStWlCRVr169LItXZubOnauUlBTNnDnzorfRt29fNWnS5BKW6vJJTk7W2rVr9fLLL6ty5cqXdNshISHq169fsbZ79uxZPfTQQ/rPf/6jBg0aXNJyXG7XctkBAAAAAMC1gwAYAAAAhQoODlZwcLAk6fz585KkWrVqqUqVKmVZrGuaw+GQxWJRZGRkWRelUE6nU2ZzTqdBtWrVUkJCgiwWyyXfT1BQkPr163fJt1uW3NcYAAAAAADgSqMLaAAAAJRKWlqawsPDdeDAAWNaXFycnnrqKeP1xo0bFRUVpQ4dOmjo0KH68ccfvW7L4XAoNjZWPXv2VEREhKZMmaKUlBRjfnJyssaMGaMOHTooMjJSb7zxhjFvy5Yt6t69u+Lj49W9e3d16tRJ8+fP18mTJzVixAi1b99eAwcO1O7du411srKyNGfOHEVERKhXr15atmyZHA6HJGnIkCGKi4vT2LFjjXX37t0rKaer3Q8++ECff/65wsPDlZGRIUnaunWrHn30UbVr105RUVH67LPPjH0NGTJEM2bM0KBBgzRixAhjO7m77N22bZsGDx6sdu3aaeDAgdq2bZsxz+VyKS4uTg899JAiIiI0YcKEArtMPnDggIYPH64OHTro4Ycf1rp16zzmv/3224qMjFTXrl317LPPKjU11TiHnTp10ssvv6yIiAjt2LFD6enpmjNnjrp3764HH3xQU6dOVVpamrH8gw8+qA8//FCRkZHq0qWL5s2bJ5fLla9Mzz//vCZNmmS8djqd6t69uz7++GMdOHBA4eHhxrU+d+6cpkyZooiICPXs2VMLFiyQw+HQypUr9dBDD0mSBg0apIULFxZ5X0jFv/8WLlyof/7zn5o8ebK6dOmiyMhIrV+/3mOZN998U7169VL79u01evRoJScnG/O8XWM3b2UvTt3JzX0tunbtqi5dunhci7weffRRrVy50nj99ddfKzw8XJKUkZGh8PBwvfXWW+rfv7/atWunMWPG6MyZM5o1a5Y6duyoyMhIffjhhx7HVlB9cG9z9uzZ6tKliyIiIjRr1iyjXgAAAAAAgCuLABgAAACXVXJysp577jk9+uijio+PV1hYmMaNGyer1Zpv2ddee03r16/X5MmT9eqrryo1NVXTp0+XlBN+jRw5UlWrVtXSpUs1evRoxcfHa82aNcb6KSkpOnXqlF566SWNGjVKq1at0tChQ9WrVy/FxsaqVq1amjVrlrH8jBkzdOLECS1evFiTJk3SmjVrPLaXkJCgzp07KzY2VtWrV9e8efMkSatXr1b37t3VqlUrbdiwQUFBQUpKSlJ0dLR69+6thIQE9e7dW9OmTdPJkyeN7W3fvl1Dhw7VlClT8h37nj17FB0drS5dumjFihXq3LmzoqOjlZSUJElau3at1qxZoxkzZujVV19VSkqKZs+e7fWcP/PMMwoLC1N8fLwGDhyoOXPmaM+ePZJyxnR+5513NHXqVC1atEhnzpwxjkuSMjMzlZmZqYULF+rOO+/U3LlzdejQIb3yyitavHixjh49qtjYWGP5c+fO6YsvvtCcOXM0btw4ffjhhx7BtVv79u21fft247r/+OOPysjI0AMPPJBv2Zdeekm//fab4uLiNG3aNH388cd6++231atXLyPUXLJkiZ544oki74uS3H+S9N133+nBBx/Ue++9p0ceeUTPP/+8jh07ZtwP8fHxGjNmjJYtW6bKlStr7NixstlsRV5jb2UvqaKuRUlt3rxZkydP1gsvvKBDhw5pwIABCgkJ0auvvqoePXpo3rx5On36tLF8QfVBkp599lnt379fMTExiomJ0d69e/Xvf//7ossGAAAAAAAuHl1AAwAA4LI6duyYTCaTWrZsqYoVK2r48OGqW7eusrOz5efnZyzndDr1/vvv68knn1SLFi0kSWPHjtWzzz4rq9WqTz75RA6HQ88884z8/PxUv359HT9+XPHx8erRo4ckycfHR6NHj5bFYlHDhg313nvv6ZZbblHHjh0lSVFRURoxYoSysrL0+++/67PPPtPq1at14403SsoZk3fDhg1G18x9+vRR586djXlPP/20nE6nAgMDZbFYZDabFRQUJEmqVq2ali5daozp27t3b8XGxmrfvn2qUaOGpJwQ0N0KM6+VK1eqZcuW6t+/vyRp4MCB+uGHH/TWW29p/PjxSk5OVs2aNXX77bfLZDIpOjpaiYmJ+baTkZGhU6dO6c9//rNq1qypmjVrytfXVwEBAZKkt956S8OGDVPz5s0lSU8++aSGDh2qyZMnS5IsFovGjh1rdF88ePBgVa5cWVWrVpWU02o5d4tii8Wi5557TkFBQWratKlWrlypn376SS1btvQoV4sWLeTr66udO3fq/vvv1+bNm/WnP/3JOH+5JScn65577lHdunVVt25dTZs2TTabTT4+PvL395ck+fv7y9fXV+vWrSv0viju/ed211136b777pMk/fWvf9X//d//af369Xr88ceVkJCgxx57TK1atZIkTZw4Ub169dLGjRvVpUuXQq+xt7JnZWV5uRMKVtS1KKknnnhCt956qySpY8eO2rZtmx5//HFJUoMGDRQfH6+ff/5ZISEhkgquD8eOHdOWLVu0fPlyNWrUSJI0YcIEPf744xo6dKhuuummiy4jAAAAAAAoOQJgAAAAXFb33nuv7rjjDvXr10+tW7dWeHi4/vKXvxhjy7qlpKQoNTVVTZs2NaaFhoZqyZIlkqSDBw8qLCzMI7Rr1qyZXnnlFSNIM5lMHuOuBgUFqXLlysbrwMBASTldP7u73c099qzD4TDCNUmqWLGix7oOh0N2u91rcBgcHKzvv/9eMTExOnr0qOx2uzIyMjxah/r4FPzn98GDB9WtWzePac2aNTO6ke7Ro4c2bdqkAQMGqHXr1mrbtq26d++ebztBQUGKiorShAkTdP/996tly5Zq166dgoKClJaWphMnTuj55583Wg+7XC45nU6dOnVKkmQ2mz3OYbVq1bRkyRJt375dKSkpstvtHoFe7hBckgICApSZmZmvXBaLRa1bt9YXX3xhBMCDBw/2ei4GDhyo6dOna/fu3XrggQfUsWNHVa9evcDzVth9Udz7ryCNGjXSr7/+qnPnzunMmTO68847jXl+fn4KCwvToUOHjGmFXePSKupalFRhdcVsNsvf39/jWhZUHw4ePKiAgAAj/JWksLAw+fv7KykpiQAYAAAAAIArjAAYAAAAl5Wfn58WLFig3bt3a+vWrZo3b55q1Kihl19+2SMs8/X1LXQ7vr6+HoGVlNNqWJJHyFoSvr6+Wr58uce0vPsorv3792vq1KmaMmWKWrZsKV9f33yBblFlyRseOp1O49jq1KmjhIQEbd++XV999ZX+8Y9/qFevXho+fHi+bY0YMUI9e/bU5s2btXr1asXFxWnx4sUKDg6WJE2ZMsUjrJOk6tWr6/Dhw/m2NWvWLDkcDi1YsEA1atTQqlWrtGrVqmIfV27t27fXjBkzlJycrF9//dVr98+S1KZNGzVv3lybN2/Wl19+qaVLl2ratGlq3bp1vmWLui+Cg4OLdf8VxG63y+VyGfdn3n05HI6Lvv9K6lJei0vJz88vX6DucrnkcrkK7GobAAAAAABcPowBDAAAgFIJDAyUyWTyaClot9uNn7du3aq1a9fq9ttv19ChQ7V06VIlJiYaY9K6BQcHq0qVKkbLXEk6e/as5s+fL6vVqgYNGmjfvn0e205MTFT16tWNYLMk6tWrJ5vNpvPnzys0NFShoaG6+eabPVoAF8ZkMnm8/vbbb1W7dm21adNGvr6+stvtHmUtSv369bV7926PaYmJiWrYsKEk6d1339UPP/yg8PBwjR07VuPHj1dCQoJcLpfHOklJSYqLi1OtWrXUr18/xcXFqVKlStqwYYOCg4NVtWpVHT9+3Djm0NBQVa1atcAwdOfOnerRo4fRjbW31r3Fdc8998jhcCg2NlZ/+tOfVKFChXzLWK1WLV68WBkZGerWrZtmzZqlbt26GUFn3vNe1H1R3PvPLe/53L9/v0JDQ1WhQgWFhIR4XCOr1aqffvrJuEZFyVv2oupOXiW5FkFBQcrIyCjWdkurXr16ysjIMMarlnLOm9VqLfa5AQAAAAAAlw4tgAEAAFAqPj4+ql+/vhISElShQgUdOXJEa9asMYIfm82mmJgYBQUF6dZbb9WWLVtksVhUs2bNfNt6+OGHtWTJEoWEhOjGG2/UokWLlJmZKT8/P3Xq1EnLli3TCy+8oKioKCUnJys+Pl6PPfbYRZW7Tp06euCBBzRz5kyNHTtWVapU0ZIlS1S1alX985//LHL9SpUq6euvv9a+ffvUqFEjhYaG6vDhw1q/fr1q1aqlhISEfF1AFyYqKkpDhgzRypUrdd9992nz5s3asWOHYmNjJUlHjx7Vu+++qwkTJqhatWratm2bateunS9UrFChghISEmQ2m9WtWzf98ssvOnXqlOrUqWPs5/XXX1dISIhuvfVWffzxx9q4caNWrFjhtVyhoaF67733VLVqVR0+fFj//e9/PboCLgl3N9Br1qzRxIkTvS7j5+enbdu2KSkpScOHD5fNZtOePXt02223ScrphthkMmnLli2qWLFikfdFSe4/Sdq1a5f+97//6a677tL//vc/HTlyxGjJ/cgjj2jZsmUKCQlRaGio/vOf/8jPz0/t27cv1vHnLXv16tULrTt5leRaNG7cWB999JFatGih7Oxs4z66HEJDQ9WmTRvNmDFD//rXv+RyufTCCy+oVatWqlWrliTpnXfe0d13300gDAAAAADAFUAADAAAgFJ75plnNHv2bA0bNkxhYWFq06aNjh07JimnO99hw4Zp0aJFOnv2rEJDQzVjxgzdeOON+bYTFRWltLQ0TZ06VVlZWWrZsqUmTJggSfL391dMTIxiYmL02GOP6YYbbtCgQYPUt2/fiy73pEmTNH/+fI0bN06SdP/992vIkCHFWrdr167atGmTRo4cqZUrVyo8PFxRUVFauHChfH191bt3b6OFcXE0atRIM2bM0KuvvqpFixapXr16mjNnjsLCwiRJw4cPl8PhUHR0tKxWq2699VZNnz4933ZCQkI0Z84cLVq0SG+88YZuuOEGRUVFGSFl3759lZmZqQULFig1NVVhYWGaPHlyviDZbeLEiZo9e7ZGjRqlW265RUOGDNGHH3540V37dujQQevWrVN4eHiBy8yePVsxMTEaMmSI/Pz89MADD2jYsGGScgLiAQMGaMWKFUpLS9OIESMKvS9Kcv9JOWPX7tq1SwsXLpS/v78mTZpkhMW9evVSWlqa5s6dq7S0NDVr1kwLFizwGAO5MN7KXljdyauwa5F3XOrBgwcrOTlZo0aN0s0336y2bdvq4MGDxSrnxRg/frxefPFFjRo1ShaLRW3bttXIkSON+atXr5a/vz8BMAAAAAAAV4DJlbePMwC4TqSnp5d1EQDgivDWzS6A/BYuXKhDhw4pJiamrIsCAAAAAACuc6mpqZKk7777rtjr3HXXXZIYAxgAAAAAAAAAAAAAyg0CYAAAAAAAAAAAAAAoJxgDGAAAAAAkPfXUU2VdBAAAAAAAgFKjBTAAAAAAAAAAAAAAlBMEwAAAAAAAAAAAAABQThAAAwAAAAAAAAAAAEA5QQAMAAAAAAAAAAAAAOUEATAAAAAAAAAAAAAAlBMEwAAAAAAAAAAAAABQThAAAwAAAAAAAAAAAEA5QQAMAAAAAAAAAAAAAOWET1kXAAAAANc2l8tV1kUAAAAAAFynTCZTWRcBAK46BMAAAAAoNsJeAAAAAMDVxNv7VEJhANc7AmAAAAAUKe8b6uIGwQTGAAAAAIDSKm6g617O/V6UIBjA9YoAGAAAAAXKHeAW9LO31wAAAAAAXCoFvecsLOA1mUwEwQCuWwTAAAAAyKeo4NdkMhlfAAAAAACUJZfLZXxJ+cNfgmAA1xsCYAAAAHjwFvi630ibzWaZzeayKhoAAAAAAPnk/oCy0+mU0+k0prlcLo+uoQmBAVwP+O8dAAAADHnDX5fLJafTKUmyWCyEvwAAAACAq5rZbJbFYpGUEwbnbhksMYQRgOsDLYABAACQT+7us9yfkOZT0gAAAACAa0HuFr/epgNAeUcTDgAAAEjK391z7vDX/elpAAAAAACuBe73sXnf47qnAUB5RgAMAAAAg7cQmE9IAwAAAACuRWazmfAXwHWJABgAAABex0MiAAYAAAAAXMtMJlOB4S9BMIDyjAAYAAAAkry3/nU6nTKb+ZMRAAAAAHDtMZlMcjqdtAIGcN3hv3kAAADXucJa//KmGAAAAABwrcrdAphWwACuJwTAAAAAMOR+Y0wADAAAAAC41vE+F8D1iAAYAAAA+T4NnbsLaAAAAAAArlXeuoCWaP0LoHwjAAYAAIBXfDIaAAAAAHCt8/belve6AMo7AmAAAAAY6BYLAAAAAFDe8F4XwPWGABgAAOA6VtAb39zdQQMAAAAAcK0q6v0t73sBlEcEwAAAAJCU/00xn4wGAAAAAFzr6AIawPWIABgAAAAAAAAAAJR7BL8Arhc+ZV0AAAAAXD0ux6eij/1yXCaTSZJkMpku2xtup8n7dLOcnhNcRX0GMu98p9eljM25XMbxSVKtmjcVsX0AAAAAwJXi7X1u7vdwAFAe0QIYAAAA+VyO7p/L6xvs8npcAAAAAFBeMMQRgOsNLYABAABwWd8IX6mA1FzQIVzBfJYwGAAAAACuDbQEBlCe0QIYAAAAV1TuN9jl4c22yWQyvgAAAAAAAICyRgtgAAAAXHFXIgS+sFWLx3RXEbtzmjybEpuLWgEAAAAAAAC4itACGAAAAAAAAAAAAADKCVoAAwAA4LIrVStfk9Pztcv7ZxhppwsAAAAAAADQAhgAAAAAAAAAAAAAyg0CYAAAAFxWLper6IWKsb5JFpn+GM/X5XLJYrHIZDJdaF1sMkkmkxxOpxxOp/HaZDLJYrHIJeVM/4PT6cy7K0mS2ZXzBQAAAAAAAFyLCIABAABwVfP19ZXL5ZLD4ZDNZpPZnPMnrMvlks1mM4Jcu90uh8MhPz8/+fr6yuFwGNPsdrucTqd8fHzkdDrlcrlkNptL1zU1AAAAAAAAcBViDGAAAABc1ew2p0yyyOlyKCAgQA6HQw6HQy6XS/7+/nI4cprr+vjnBMWZVptHC2Efs0lWq1W+vr6y2+05rYH/mJ+dnS0fH+9/EtMKGAAAAAAAANciAmAAAABc1ex2u/z8/OTj46P09HRVqFDB6BbaZrPJYskJdiWXfHx8FBAQIB8fH5nNZjkcDmWlZ8hkuhACu8Njl8slPz+/AruCBgAAAAAAAK5FBMAAAAC4qvn5+sokyWq1KjAwUFarVU6nU35+AZKccsilipUr6VxKqo4kHdK5tFRlZWXJ4XDI399PVSpXVs2aNXXjjTcqPT1dsphlkmRyuQPknHGFL3QG7RkIuxg1BQAAAAAAANcQAmAAAABc1dytdd3j91osFlksFtlsNgUFBenM77/p66+/VlrqeQVXriSz2SyLxSJfX1/ZbDalpKTo6NGjcrlcuvXWW1W3bm1ZrVa57A5jPOGy9OnOn/Xs0o+1a/8vqhjop56tbtXM4V1VrXJQvmX7jI/Xe5/t1lN9Wuqlfz5U4DZ7/Ot1rdu6T288F6V+nZpJkg4eO6umfV5Q1UpBOv3RVEnST8mnNenVj7Rp50FlZtt0Z8ObNeGx9uoRfqsk6e/Pv6vX1nztdR/nNj6n5oNe1KFffjOmVb+hou6/o66eH95FYfWqF3rcv6VmqPFfX1BKWqY+evlxdWzRuPATBQAAAAAAgGIp+/94AQAAAIUwmUxyOp1yOFwymSySzLLZHKoacqN2ff+ddn6zSxazjypWCpbVapUkOU1SZrZNPj4+cjgcCg4OVpUqVXTo0CFt2rTJaPVb1jZs/0kRo5bqy+8Oq2qlIKVn2bTkgx1qPWyxMrJsHsumZ1q1ftt+SdK7m36Q01m6QYrPpKSr1ROLterTH1SlYqBuq3+Tduw5qshxK4z9uNW7+Qa1vLOux5fFcuGtRLPGN6vlnXVlNpv0wRc/qsNTcfotNaPQ/U9b8rFS0jJLdQwAAAAAAADIjwAYAAAAVzWn0ymzxWIEwXa7XZVuqKI1a9YoPT1dFStWlMPhkI+PjypUqCCHcoJRf39/uVwuWXx8ZbFYlJ2drcDAQPn5BWj9+vUymXK2mf9P4ivzJ7LL5dJT/14th8Op+WN6Kmn1eB3/32Tdf0dd7Us6pZi3vvBYfs3mvcrMtslkMunE2TR98d2hUu3//c9/1JmUdLW9u6EOvPu0drz+D80b1UOSND/Pvv/RN1xfxo7w+Ar09zXmvzapr76MHaHD74/X3U1r6cTZNK3dvLfAfe9LOqVX3/+qVOUHAAAAAACAdwTAAAAAuKq5lBOWSpLJx6Kg4Iravn27TDLLbPGRw+WUzBfCYbNLMrskOe2ScgJkp0symS2yO5wymS2qckM1ffr5F/LxD5DLZJbN6ZLTZZLJbJZLktNlkktmOV2mAstVWt/+9Kt+PnZWNUMq6am/tpQkBQX4atJjHSRJ72xM9Fj+nY3fS5Ie79nC6/yScp/TjCyrrDaHJOnRB+/RB3Mf1cQ/ylBSfr4WPXBnPUnS0VPnClzuXy+vlb+vRc2b1ryo/QAAAAAAAKBgBMAAAAC4qvn4+Mhms8ni5yu73a4jR47o999/V2CFIDmdziLXN5lMxhjCLpdLDodDFouP/P39tfObXQoICJDF7GO0BrbZbMbYwJdzjOC9SackSbfVryGz+ULQfEejmyRJ+4+cNqadz8jW+m37ValCgKY/0UUWi1mrPv1BDkfRx1+Qv7S5XdUqB2nHnqMKe3iuZv/nU9nsTnUPv0Vtmje4qG1mW+3anHhYktQotJrXZTZs/0n/t22/xj3SVjdXq3TR5QcAAAAAAIB3BMAAAAC4qtlsNgUEBCgzM1OBgYHau3evAgICZPt/9u40PIoyff/+WVXdnU5CICwa9h1ZFFQQFUFZxgEXxFEHdPTvxuggiMvIzCM/HZ1xQxkdd2BYIgqKoigoyCgICoKg7CDIpiB7EAgkZOl0d9XzoukyDQkGSOgQvp/jqMNQd3XV3UWDCWdd1x38dY3cSHhbNMMwFA6H3a8Nw1AwGFRCQoIyMzOVkZHhhsNSJPSNni+6rywcOJgvSUpNSYzZX61ykiQpGAq76wB/8vUaBQpC6nHxWTqjarI6ndtQv2Tm6Kulx98G+oyqyfpy+D26oGVdbdm1X4+O+Ez1r31Gz7w5+4j3PeiVqbI6POxub366OGa879Pv69J+w9X4+ue0bN0Ond04TddeevYR1wyHbQ16ZZpqn1FZf7ul83HPHQAAAAAAAMUjAAYAAEC5Fw6HlZSUpJ9++kl+v99d89e27aOGv4VFq4U9Ho/C4bAMw1ClSpW0fv16eb1e2bYtx3Hk8/ncY8syAK6cnCBJyszKi9kf/bVlmUryR9bZff+LSLvnqzu2lCT17NTq0P4VJzSHsxun6ds37tPs4f30p+7nKRS29fjIzzXio9j1eVs2PFNXXdLC3eqdmRozvmLDTn2z8mft2puttGqV9PXIAfIneI643sgp32rNpgw9fc8V7nsDAAAAAABA6TryX2UAAACAcsSyLDec3bp1q7xerxzHkeM4siyrRCGtZVmSIkGyaZry+XwKh8NyHEc5OTnKz8+XaZrudWzblmmaMk2zzELg5vXPkCR9/9MuhcO2LMt0f114PCsnX59/u06SdMeTE3XHkxPdc3z01fca9v9dJ48V+1xnSlIkXM4L/FolHf06Gsy++eli/bwzUzdefq46n99Ync9vrK7tmuovz07SuzOWacANHdzX3nXtRXrwpk7Fvpclbz2gFg3OVKPrnlXGvoNa/VOGLmnT4Ijjhk/6RpLUdOu7GAAAIABJREFU96n31fep9939Pe4fo2F/v073XH9x8TcMAAAAAAAAJUIFMAAAAMq1aAgbCATcts/RVs4lCWejLZ8Nw5BlWTGtox3Hkd/v1/bt2+XxeGSaphsSR8fLygUt66pxnWratTdbr30QCUbzAyENeXO2JOmP3VpLkj6eu0YFwbDOqJqsS9o0cLeqlRO1LytXsxZtPOLcZzeJrCM89es1su3Ie/jk6zWSpHMaR8bmr9isJ9O/0OuHri1JlZJ8kiRDJauqLsyf4NF9fTpKkp59a3aRx1zevllMJfEZVZMlSRe2qqcGtaoe8zUBAAAAAABwJCqAAQAAUK5FA9nM/Qfk9/tl23akjbMdqQIuSQvoaMVwNDgOhULyebyyLEuhUEi//PKLGjds4LaUjobOhcPg0mYYhob9/TpdM2isBr0yVa9/MF/7snJ14GC+mtWrob/+6VJJ0gezIm2eH7njd7r/UMAqSf8cNUNPj52lD2atUI+Lz4o59z3XXaxXJ87Tx3NXq+kfh6pyUoJW/bhLhmHo4du6SJIeuvkyfTBrpUZ8tECzl2zUGanJ+nb1VknSLVecH3O+YZPm6+O538fsm/rCnUe8pwE3dNDQ8V9p+jdrtXLjTrVpWitm/OWHesX8+ppBYzX9m7V66p4eurx9sxLfOwAAAAAAABSPCmAAAACUe5ZlKTs72w1kQ6FQidf+DYfDSkiItEQOBoPyer1u6+iCggK37bNhGO75o/8t6TWOV/eLztKM1+5W57aNlbEvW7n5kerkemmpchzpwMF8zfh2gySp56H1f6N6XRZZB3jynNUKhsIxY9WrJGn+6Ht1XZdzlB8Iat2WX3Rhq3r69MW+6tK2iaTIur4L0weq9+/aaM/+HC1Zu10tGpyh/w6+Qf2ui23F/NP2fZq7bFPMFgrbR7yf1JRE/eXaCyVJz731ZSncIQAAAAAAABwrwynLvnYAUI7l5OTEewoAcFIkJycXOxb9VrDw2re2bSscDrtb1aon1pp32/adJ1RFGwqFlJiYqB/Wb9Du3bvl80XaFNuOSlQB7DhOTEvn6GtMGe5YXl6eul/+O+Xk5Mhxfg1/j+db5dq10o79TR6SnRvQTf94R58tWKcrOjTXpy/2Pe5zAQAAAACkzMxMWZblbqZpuj/zRX9WLOuHfwHgeGRlZUmSli9fXuLXnHfeeZJoAQ0AAIByzuPxuKFttHJXkgyj5KFy4SA3+oN9dF9BQYF8Pp9s23avFwqF5PV6j6nSuDSkJCXok+fv0DNvztadPS84adcFAAAAAABAxUEADAAAgHIt2prZ5/O5FbyO48i0ShYAF67kLRzmFg6FPR6Pu/5v9PzRY072k+CWZerxP19+Uq8JAAAAAACAioM1gAEAAFDu2batypUrq6CgIKaCtyQtmg3DcLeowoGwx+NRYmKiGwCHQiFZlqVQKHRCrasBAAAAAEd3MDegTn8Zro53D9PB3EC8pwMAFQb/ogUAAIByLRrWpqam/rp+r2mWuDr38JC4cPhrGIby8/OVlpbmtoC2LMutBLYsq5TfDQAAAABAkkJhWzf+4x0tWPWzFn6/RTf+4x2Fwna8pwUAFQIBMAAAAMq1aGDr9XqVkpKiUChUZEvn33p94a8LVxEHg0GdccYZCofDCofD7prDh78WAAAAAFB6+g/9SJ8tWOf++rMF69R/6EdxnBEAVBwEwAAAADglBINB1atXT7ZtxwS0xxrSRit/bdtWQUGB6tSpE7P2b/T8pmm6VcEAAAAAgNLzZPoXemPqoiP2vzF1kZ5M/yIOMwKAioUAGAAAAOWeYRiygyHVrVvXbQFtGb9+K3u0EDh6/OHVwrZtKxAIqGXLlsrPzZFlWbIsS8FgMHJ+y6ICGAAAAABK2dhpi/XEmJnFjj8xZqbe/HTxSZwRAFQ8BMAAAAAo18xD1bq2HVJBXq4ubn+BsrL2y3bCMuTINCTTkBzHluP8WrEbrfSVpFAoJNu2ZRiGLMOUE7YlO6xzWrWU4djyeS3JCcs0HHksS45tK2wHZbIEMAAAAACUmoJgWAP+/dttngf8e7KCofBJmBEAVEyeeE8AAAAAOBrDMCTHkd/vVyAQkNfr1SUXXay5879RjRo1FA6HY8Lewi2ebduWaUaeeTRN89CxUkFBgaqkVFLDhg2Vn5dzXK2kAQAAAADHxue1NPaxG7Vx256jHte8/hnyengiFwCOFwEwAAAAyjXbceRIys/PV0JCgnJyclSlShVdfPHF+u6771S5cuXDQt9fA2HTNBUMBpWYmKhQKCSPx6O83MjrO3a4RPv375dhRIJfQ4daSRuGHElyA2Gj6ImVgsU/bNOYj79VZnaeJj7z/2LGnh47SyM+XKDM7Dy1b1lXw/5+nc5pUrPUxj+eu1r/N/x/+mn7PjWuU01P33OFru9yzkkbj/pq6Y/63b2jJEmBec/KY9GkCAAAAKjIbvr9ufGeAgBUePzrCgAAAMo9wzDk8/lUUFAgv9+vYDCoKlWqqHPnzgoEAiooKFA4HJZlWfJ4PDIMw63oTUhIUDAYVCAQUFZWllq0aKELL7xQe/bscc9deCusrKqCp85bo7a3vayL+r6m0R9/p6ycQMz48A8X6J+jZigYCqtN01qat2Kzeg4a67ZAO9HxFRt2qvcjb2vTjn26sFU9bdqxTzc++rZ+2Lz7pIxH2bajh16eWib3GAAAAAAA4HRFAAwAAIByLRr+5uXlyTAMhUK2wmFHtm3Lsix1795djRs3Vjhsa//+A8rNzVU4HFYoFFJ+fr6ys7N08GC26tato27duqp69erKzc1VQkKCLMtyQ17n0CbDlmE6RQbCpeWTuWu09udf1K5F3SLHh0/6RpI0e1g/LUwfqD6/a6OtGfs1ec7qUhkfPeVbhcO2Xri/p+aO7K+XHuwl23b0+gfzT8p41BvTFmnFhp2ldl8BAAAAAABAAAwAAIByLhQKKRgMyrIs+Xw+WZbltnv2+XzKyclRvXr11L17d/Xs2VPt27dXo0aN1LRpU51//vnq1q2brr32WjVr1kymabrVwaFQyL1GdA3gwmsBl1X4K0kDe3fUrumP6d/3XXXEWKAgpB8271bVyoluy+Yu7ZpIklb/uOuExyVp2frtkqTLzm8sSep6aPz7kzQuSdm5AT3238/VtnkdJfm9Jb95AAAAAAAAOCrWAAYAAECZsg3FLKNrHmtXZcsjmaYsj6HcQIFM01RiUqIMw1B2drYO5uTo4MGDys4+qIKCAjlObPWubYeVkpIi0zSVnJysM2rUkN/vl23bkfGQ7c7Ltm3JMSUZh5YALpsQ+NxmtYodi7aDTklKcPdVqZQoSdqxJ+uExyXpwMH8mGOqVPKf1HFJevbN2dqdeVDvPXOLej70RrH3AwAAAAAAAMeGABgAAADlWuFqX6/Xq127dmnt2rXas2ePHMeRaVmyLEumabnHm6Ypx4m0iTZNQ7t373ZD4bU//CDbtlWnTh0lJyerfv1IG2bDjq0AluSGySdT+FAwXZRQ2D7h8cg1ik7hT9b45p2ZenniPF172dnqfKhKGAAAAAAAAKWDABgAAABlynQi4WpxQarjOPJ6vQqFbIVCIfn9fgWDQTewTUmppN27d2vdunXau3evHFtKSEhQUnIlhcNhmWbRq5oYhiHLsiRFzh+VlJQkx3G0f/9+ZWZmasOGDapRo4YaNqyvmjVr6sCBAzINQ6YjN0iWIl+HQiGZpul+7fF43Eri0uKxil+lxTKNEx4/2jWsQ/eyrMcffv1ThcO2hg48sgU2AAAAAAAATgxrAAMAACCuHMdRQUGBDMOQz+dTIBCQdaiq1zak2bNna9myZdq7d698Pp8qVaokjyfyHGP0v8cqGkYbhqFKlSpp//79WrlypWbPnu1WGxdeC9hxHAUCASUkJMhxHAWDwWKD5xNVvUqSvB7LbeUsSQcO5kmSUlMST3hckmrVSJEkZeXkHxrPPzTuL/PxXzJzNGn2KoXCtlr0eV5Wh4eVmx+UJCV0+j+t3bz7mO8ZAAAAAAAAfkUADAAAgLhxHEeeBL8c01LIsRWWI8vnlS/Rr9Vrf9Ds2bPl2JLXl6AEf6JkmCoIBRUMhxQKhRQMBn/zGoctQSwZhpxD/41ulVJSZFleSaYWLPhWS5culy8xSQVhW7Zty7Is+Xw+5eXlyTRN+Xw+GYahUChU6vfEMAyd3ThN+7PztHLjTknS3GU/SZLOb17nhMclqXWTmpKkr5ZG9s85NN72JIwnJ/p01SUtYjbzUGXylR2aq1KhtYsBAAAAAABw7Ayn8CJnAHAaycnJifcUAOCkSE5OLnYs+q2gbdvumrm2bSscDrtb1apVT+j627bvdNs5F3X9grCtxMRE5efny+PxyDAMffXVV0pISFBiYqICBUFZliXHcdyWzx6PR6ZpunM9mkNxr4r7pjccDkfWED40v+i9yM3NVYcOHVQ5OckNfj0ej9ue2ufzKT8//1Cb6V/VrpVW4nvz1dIf9bt7R6n7RWfpfy//2d3/1vQl6vvU+6qRmqyz6tfQNyt/Vq0albV24t9UKSnhhMd/3LZXLW96QZZpqEPrBvp29RYFCsJamD5QF7SsW+bjh0vp+g/l5gcVmPfsUVtYAwAAAMCxyszMdLtMWZblLutjGIbb2am4JYsAIJ6ysrIkScuXLy/xa8477zxJVAADAACgjBmHbYc/f+jxeBQKhZSUFAlav543T8mVKsm0LOUdCljD4bBs25bX65VlWQqFQsrPzy9RBbAcQ3IMGYe2w2eUkOCXbTuSYcpR5FjTsJSUmKxvvvlGO3bscFs/F96CweBxt6D+Lbdf1U5P/KW7PJapxT9s0yVtGmj6S33d6tgTHW9St7omPXurGteprvkrNqvemal696mb3XC2rMcBAAAAAABQdqgABnDaogIYwOki3hXA2w+rALYdx/3acRwZHq8KCgoUCoU0f/58JSUnKzExUQUFBfL5fAqFYit8C6/NG60CPhrjsO92ncMe7A6FQkpISFAwGFQ4HFaSP9Fd7zdshxTIzdNZZzVVvXr1lJ2dLa/XK4/Ho7y8PCUkJBxx/WOpAAYAAAAAlC0qgAGcqqgABgAAwCkrGAwqISFBCxYuVLXq1WVZHuXl5cvnS1AwGFIoZMswLJmmR7YdCYCjP7D/VvvnkoiEzCE5jiO/369QKCTDMBQIBNyW06tWrVJGRoaSk5PdVtRer7dUrg8AAAAAAACUJgJgAAAAnDSFi3GjlbyVKlXSnDlzlJSUpFAo5K61Gw1lfT6fbNt2xwqvB1waT2kXbi8dDocVCoVkWZa8Xq9Mw5Iv0a9KVSpr+arvFQwGY6qmeUocAAAAAAAA5Q0BMAAAAMpU2LblSDJM062ulWUqryAof3IlLV68WCkpKTJNS9HFSSLtuCwZhiXbDskwHEU6c9kxLaBL4tASwO52uGioHG3lbHk9suUo7NhyDKkgGJJpeZXgT9SS5SuUWClFQduR15sQmaNiVxUGAAAAAAAA4okAGAAAAGXK4/G4a/WapqmQEwlxU1JSlJOTowMHDig/P1+SZFmWDMNw1yM+GRW20UD58H3RzfJ5FQiF5PV6dTAnV3v37o2ZIwAAAAAAAFCeEAADAACgTNm27YapHo9HhmEoFApJkjZu3CjDMNw1faVfw1fTlEwzUul7MjfpyGtGA2zLsvTTTz/J7/eroKAgJjx2FNviGgAAAAAAAIgHT7wnAAAAgNND4areaKVvZmam/H5/ZOxQ8Fv4+ML/jQfHcWQXBGV5PQoVBOX3+7V3796YMFtOOG7zAwAAAAAAAA5HBTAAAABOiug6ux7DlMcwlZ2drdzcXLdCWLYjU7HVwOFwWIac+G1GZI1g05E8lqlwKChLhjJ27JTH43ErmQEAAAAAAIDyggpgAAAAlKloBa9pmgqFQnIcR+FwWFlZWfJ4PMrPz4+0Wj70bKJjRF4TacfsKN71teGQLcMyZR5ajtjv9+vAgQOqVavWoaCaxs8AAAAAAAAoPwiAAQAAUKai1bzR8Ne2bZmmqZSUZDVv3kymGWmlHF37t3BgbBiGFLYl2XGZu21IpumJmZcTCishIUGhUIEMwyH+BQAAAAAAQLlCAAwAAIAyZdu2LMuSJHm9Xne/3+9XQkKCPB6fbPvXgDcaGEfDYiveEavlUTAYVEJCgsLhsEwn8p4KzxkAAAAAAAAoLwiAAQAAUKYirZwjwW60ilbSoYbPhpxQUEahPWEntulz4dfEgx0OyzRNBYPBQxOK63QAAAAAAACAozLjPQEAAAAAAAAAAAAAQOmgAhgAAADlRKSlslnOKmxNh1bPAAAAAAAAOHVQAQwAAAAAAAAAAAAAFQQVwAAAAChTdevUivcUAAAAAAAAgNMGFcAAAAAAAAAAAAAAUEEQAAMAAAAAAAAAAABABUEADAAAAAAAAAAAAAAVBAEwAAAAAAAAAAAAAFQQBMAAAAAAAAAAAAAAUEEQAAMAAAAAAAAAAABABUEADAAAAAAAAAAAAAAVBAEwAAAAAAAAAAAAAFQQnnhPAAAAAAAAAAAAAABwpPPOO++YX0MFMAAAAAAAAAAAAABUEATAAAAAAAAAAAAAAFBBEAADAAAAAAAAAAAAQAVBAAwAAAAAAAAAAAAAFQQBMAAAAAAAAAAAAABUEATAAAAAAAAAAAAAAFBBEAADAAAAAAAAAAAAQAVBAAwAAAAAAAAAAAAAFQQBMAAAAAAAAAAAAABUEATAAAAAAAAAAAAAAFBBEAADAAAAAAAAAAAAQAVBAAwAAAAAAAAAAAAAFQQBMAAAAAAAAAAAAABUEATAAAAAAAAAAAAAAFBBEAADAAAAAAAAAAAAQAVBAAwAAAAAAAAAAAAAFQQBMAAAAAAAAAAAAABUEATAAAAAAAAAAAAAAFBBEAADAAAAAAAAAAAAQAVBAAwAAAAAAAAAAAAAFQQBMAAAAAAAAAAAAABUEATAAAAAAAAAAAAAAFBBeOI9AQAAAFRsm7bujPcUAAAAAACnqEb1asV7CgBwyiEABgAAQJnih3UAAAAAAADg5KEFNAAAAAAAAAAAAABUEATAAAAAAAAAAAAAAFBBEAADAAAAAAAAAAAAQAVBAAwAAAAAAAAAAAAAFQQBMAAAAAAAAAAAAABUEATAAAAAAAAAAAAAAFBBEAADAAAAAAAAAAAAQAVBAAwAAAAAAAAAAAAAFQQBMAAAAAAAAAAAAABUEATAAAAAAAAAAAAAAFBBEAADAAAAAAAAAAAAQAVBAAwAAAAAAAAAAAAAFQQBMAAAAAAAAAAAAABUEATAAAAAAAAAAAAAAFBBEAADAAAAAAAAAAAAQAVBAAwAAAAAAAAAAAAAFQQBMAAAAAAAAAAAAABUEATAAAAAAAAAAAAAAFBBEAADAAAAAAAAAAAAQAVBAAwAAAAAAAAAAAAAFQQBMAAAAAAAAAAAAABUEATAAAAAAAAAAAAAAFBBEAADAAAAAAAAAAAAQAVBAAwAAAAAAAAAAAAAFQQBMAAAAAAAAAAAAABUEATAAAAAAAAAAAAAAFBBEAADAAAAAAAAAAAAQAVBAAwAAAAAAAAAAAAAFQQBMAAAAAAAAAAAAABUEATAAAAAAAAAAAAAAFBBeOI9AQAAAOBEbNmyRXv27FHNmjVVu3bteE8HiLtgMKhVq1bJNE21adNGpslzvwAAAAAAnE74lwAAAACcsrKzszVgwAA9+eST8vl88Z4OUC5MmDBB999/v5YtW0b4CwAAAADAaYgKYAAAAJyyRo8erby8PA0fPlw1atSI93SAuMvIyNC4ceN0+eWX684774z3dAAAAAAAQBwQAAMAAKBcOHjwoEaNGqU5c+YoLy9PDRs21G233aZOnTodcezOnTv13//+V4sXL5bH49Ho0aPVr18/NWvWLOa4Pn36aMeOHUpKStK0adNiqoRXrFihe++9V5LUs2dPDR48OOa1y5YtU3p6utatWye/36+OHTvqnnvuUWpq6lHfx+eff66nnnqqyLEPPvhAtWrV0tq1a3XXXXepfv36mjBhgjv+5JNPasaMGfrrX/+qG264QZL03HPPadq0aUWeb8aMGUpKSip2Llu2bNGoUaO0ZMkSBQIBNW3a9Ih7OmHCBA0fPlzXXnut/v73v7v7//CHP2jPnj0aN26cGjduXOw1ovc4KikpSWeffbb69eunFi1axBxr27auvfZaZWZm6plnnlHnzp1/83xVq1bVOeeco3vuuUcNGjSQJI0fP14jR44sdk5XXnmlHn30UUnSAw88oCVLlmjIkCG67LLL3GMcx9H777+vKVOmKCMjQ7Vr19ZVV12lG2+8UZZluccV9frDf49N01RaWpquuuoq3XrrrfJ4Yn/M+vDDD/XSSy+pcePGGjduXJFzPpH5RE2dOlXvv/++HMfRmjVrNG7cON1yyy0xr4/OvWrVqpo4caL7+Zk7d64eeeQRtWvXTq+88op7/OTJkzVx4kTt3r1bdevW1d13361LL7202HsPAAAAAADij35gAAAAiLtwOKwHH3xQH330kQKBgNLS0rR27VoNHjxYX3zxRcyxe/bsUb9+/TRr1izZti2/36+FCxdqwIAB2rBhQ5Hnz83N1eLFi2P2zZkzp9j5fPfdd3rwwQe1fPlypaSkKBAIaNq0aRowYIByc3NL9J5SUlLUunXrmO1E2lTXqlXriPMVDvYOt3//fg0YMEBfffWVUlJS1LhxY61Zs0aDBw/WwoULj3sexWncuLFatWqllJQULVq0SPfee69+/vnnmGOWLVumzMxMSdKsWbOOer6mTZuqdevWMk1TX3/9te6//35lZWVJktLS0tx7kJaWJkmqXr26u69evXq/Od9XX31Vr732mnbt2qU6depo165dGj58uF588cUSv+eUlBS1atVKzZo10969e5Wenq7nn3/+iOOi7/Wnn37S5s2by2Q+Y8aM0dChQ7V582bVqFFDGRkZGjVqlJ555pkij8/MzNQ777xz1HPOmzdP//nPf7R79241b95cmzZt0j/+8Q9t2bKlRHMCAAAAAADxQQAMAACAuPv000+1du1atWjRQpMnT9b48ePd4Ov111+POXbMmDHat2+fLrvsMk2bNk0ff/yxbrrpJuXl5cVULh7u8MB37ty5xR77n//8R+FwWAMHDtRHH32kqVOnqk2bNtqyZYvefffdEr2nc889VyNGjIjZqlevXqLXFqV3795HnC8hIaHY4+fOnav9+/erbdu2mjhxosaMGaP7779fkvTee+8d9zyK89hjj2nUqFGaNGmSunXrpkAgoA8++CDmmNmzZ0uSDMPQ/PnzlZ+fX+z5Hn30UY0YMUKTJk1S8+bNtXfvXs2fP1+S1L17d/ce/OEPf5Akde7c2d132223HXWuW7Zs0aRJk5ScnKxx48Zp/PjxmjhxolJTU/Xxxx9r69atJXrP5557rkaNGqX09HSNGjVKlmVp+vTp2rNnj3vMnj17tGrVKhmGIano4PtE57Njxw6NHz9eHo9HI0aM0Pvvv68JEyYoNTVVM2bM0NKlS4t83XvvvRcz18MtWrRIfr9fDz30kEaMGKGrr75a4XBYy5YtK8ntAQAAAAAAcUIADAAAgJMiNzdXffr0Ub9+/Y4Yi4axf/zjH5WYmChJuuCCC9ShQwedeeaZ2rt3r6RIC+FokHv33Xe7FbB9+/aVz+fT8uXLtW/fviPOf9ZZZ2nevHkKh8OSpHXr1mnXrl1q3rz5Ecdu2LBB27dvV7Vq1dS7d29JUkJCgrueajTELO8cx5Ek5efnKxgMSoq0Rh46dKhuv/32MruuYRhui+nt27e7+8PhsObMmSOfz6fu3bsrEAjom2+++c3zeb1etW7dWpK0e/fuUpnj119/Lcdx1KVLF7dauHr16vrDH/6gVq1aadu2bcd8zqZNm6pWrVpyHEc7d+5093/55ZdyHEc9e/aUVPTn50TnE/1sd+rUSeecc44kqU6dOurVq1ex1zRNU4FAQKNHjy72vH/961/1xRdfuHPPycmRFPk9QXxs2LBBjz76qHr27KmuXbvq1ltv1bvvvuv+3XY62rx5s6655hrdddddCoVC8Z4OAAAAAJQLBMAAAAA4KQoKCrRnzx5t375dtm3HjEUDrrp168bsf/755zVq1Ci3cnb//v3Kzs6WZVlq2LChe1xSUpJq1qwpSUW2p+3QoYMOHDigFStWSPq1Gvjiiy8+4tjo6xs2bBjTYrlJkyaSpK1bt7rhannWuXNnValSRWvWrNGf/vQnjR8/XuFwWB07dtT5559fptdeuXKlJLm/J5K0dOlStyK5W7dukn67DbQU+dxEz3f45+N4Ffd5u+uuuzRq1Ch16NDhmM+5a9cuN6CuVauWuz8avvbq1UvNmzfXzz//rB9//LFU5xP9zDZt2jRmf/QzW9Sfifbt2ystLU3Tp08/Yj5FmTNnjr766ivVqFGjyLWbUfaWLl2qe+65R3PmzNH+/fsVDAa1adMmDRs2TI8//ni8p3dMevTooU6dOunLL7884XNt2bJFmZmZWr9+vfuQAgAAAACc7giAAQAAcFKkpqZq4sSJevvtt2Wasd+GRtfVTUpKOuo5Dh486B4XbakbVbly5ZhjCosGaNHgd+7cuUpLS1ODBg2KvUZKSkqR57dtu0TrAM+bN0+dOnVyt+LWYi2pV199NeZ806dPP+rxqampev3119WiRQtlZGRo5MiRuu666/TWW2+VSYD9zDPPqH///rrppps0ZcoUWZbltmeWfg1CO3bsqAsuuEA+n08LFiwo9l5Gz9e7d2+tX79ejRo10qWXXloqcy3p5+23rFixQv3799df/vIX3XrrrSooKFDnzp1Vo0YNSZGK5VWrVqlatWpq0aKFOnbsKOnIitwTnU/0M1upUqWY/dHPbHZ29hGv8Xq96tevnxzH0bBhw456/i1btuiJJ55QUlKShg4dquTk5OOaJ45fOBzWc88QkpGlAAAgAElEQVQ9p0AgoPPPP1/vvfeeZsyYocGDB0uK/N1Wkor6iiZa+f7Pf/5Tr776qqpUqRLvKQEAAABAueCJ9wQAAABw+khPT1fNmjV1xx13xOyPrmWbl5d31NdHg6fc3Fw5jhMTAkdDrqLCqerVq6tp06aaM2eOrr/+em3evFk33nijAoFAsdc4PDSL/to0TbdN9dFUrlxZjRs3dn9dv37933zN0TRs2DCmsvTMM8/8zdc0atRIY8aM0bJly/TJJ59o1qxZGj16tFJSUnT99def0HwOt3HjRkmR4Lxt27bq27ev22I72v5Zki655BIlJCSoffv2mj9/vubNm6fu3bsXez5JqlatmkaMGCGfz1cqc41+3koS5B9Ndna2Vq1aJcuyVLNmTXXt2jVm/eFodWOHDh1kGIY6duyoN954Q7NmzdLdd99davOJfmYPf/gh+pk9PBiO+v3vf6+JEyfqu+++U506dYo9/+eff66CggINGjSoyLbpKHtLly7Vjh07JEmDBw92f7969uyp6dOna+XKlZo7d64uueQSSZEHUMaNG6cff/xRfr9fHTt21IABA5SamipJuuGGG5SRkaG//e1v+vLLL90HFe677z5VrlxZr7zyirZs2aKGDRvqb3/7m1q1auXOZfHixUpPT9f69evl9/vVqVMnDRw4UCkpKfrwww/10ksvqX379mrbtq0mTZqk/Px8XXTRRXr44YeVkZER82fkscceU+vWrTVixAiFw2G9//77+uSTT7Rr1y6deeaZ6tmzp26++WZ3fe0hQ4aoRYsWatasmT7//HM9+OCDqlWrlp544gn3fUuRz/6oUaM0d+5cZWVlqUGDBrrtttvc7gNSZO3s4cOHa/ny5QoGg2rSpIn69u2rCy64oAx/JwEAAADg5CAABgAAwEmxfv16TZs2rcgqzrp162rnzp3avn27zj77bHf/008/rYMHD2rw4MFKTU1V1apVlZKSouzsbG3evFmNGjWSFAnOdu3aJUnuGqqF5efnq2vXrho9erRGjBghSeratavWrFlzxLHRoHbTpk0Kh8NuG+iffvpJUmRt1cMrmIvSpk0bPffcc0WORSs9Dw+go78uKujs1auX+vTp85vXjZo+fbp27typyy+/XOeff77OP/98tWvXTs8995xmzpzpBsDHM5eijB07Vs2aNStybPHixcrKypIUCZ4Kmz17dpEB8NixY9WgQQPdcMMN2rdvnzZt2uSuBXyioq2Wo4Fa1IQJE7Ry5Ur16dNHbdu2/c3zdOrUqdjfY+nXSt9PP/1Un376qbt/27Zt2rBhg3u/TnQ+0c9s4dBc+vUzW9SfCSmyXvO9996r+++/X5988kmx569du7auvPLKIlum4+RYu3atJKlGjRpHhPVDhgxRXl6e/H6/pMiDB4899pikyJ/fAwcOaPr06dqwYYNGjx4tj+fXfwZ48cUXZZqmQqGQdu3apSeffFKGYci2bRUUFGj9+vX617/+pXfffVeWZWnRokUaNGiQbNuW3+9XVlaWPv30U+3evVsvvfSSe96lS5dq0aJF8vl8Kigo0OzZs911qdu1a6fly5crHA6rcePGatmypSRp5MiRmjBhgnw+n5o0aaL169dr5MiRCoVC7hrs0XsRvR9F/V0cCoX0wAMPaP369e492Lhxox5//HEZhqGuXbsqPz9fDzzwgHbu3KlGjRopKSlJK1eu1KBBgzR8+PCY/w8BAAAAwKmIFtAAAAAoc3v27HEDiauvvvqI8WjV2uTJk1VQUCBJWrRokT777DOtWrXKbetpmqa6dOkiSRozZozC4bAkafz48QoEAjrnnHPc9ruFhUIhde3aVVKkQuyMM87Q2WefrVAodMSxZ511lurVq6fMzEx9+OGHkiLr0L711luS5F7/RNSpU0c+n08ZGRlukJGVleWuUVy4cvh4rVy5UmPHjtWkSZPcfdHK5cKV09FrLV261K0gXblypbKzs2PWVj4R0SC0bt26at26tbuZpqlvv/222HU7fT6fevfuLUkaN27cCc8jKvp5mzNnjvvgwJ49e/TOO+9o3rx5bpXkicjIyNDq1avl9Xpj3nO0irvw+scnOp/OnTvLsizNnz9fq1evdq8fDXWjn/2itG3bVh07dnT/LBWlW7duuuWWW9y1uHHyZWZmSlKRn4XU1FTVqlVLVatWlSQNHz5cUuTv2pkzZ+qdd95RpUqVtGHDBk2bNi3mtd27d9fMmTP15ptvSoo8+HHFFVfoiy++0Kuvviop8mBCRkaGJGnYsGGybVt9+vTRzJkzNWnSJFWuXFmLFi3S999/7543ISFBY8eO1axZs3TllVdKivwdU6tWLb3yyituWH3nnXfq/vvvlyR98sknMk1TgwcP1pgxY9S3b19JkQr0w/Xt21fp6elFPlA0c+ZMtzr5rbfe0syZM3XddddJkl5++WU5jqP169dr586dSk5O1ptvvqmRI0eqR48eqlOnjrvmOAAAAACcyqgABgAAQJl7/PHHtX37dt1xxx3q1KnTEePXXnutPv74Y61atUrXXnutatSooc2bN0uS+vfvHxNY3nXXXVqwYIHmzJmjXr16ye/3KyMjQz6fzw0SilK/fn01atRImzZtUufOnY9YQ7iwQYMGadCgQXr11Vf1wQcf6ODBg8rOzlbt2rV1yy23nMCdiLAsS7feeqvS09PVv39/NWnSRNu3b1d2drbatWtXZPXZpEmTNHfu3Jh9//73v4tdN/amm27S7NmzNXnyZC1ZskSpqaluxXPhits2bdqobdu2Wrp0qXr37q06deroxx9/lCTdfPPNMdWCxyMUCrnzfvrpp9W0aVN3bMCAAVq5cqW+/vprXXHFFUW+/rrrrtPbb7+tBQsWaOPGjTGvP15NmzbVVVddpenTp+vmm29W3bp1tX37dgUCAfXo0aNUAvho6N2hQwcNGTLE3b9kyRI98MADmj17tu65555SmU/NmjV15513asyYMerfv79bUR8MBtW5c2e1b9/+qK8fMGCAFi5cWGwI/Pjjj2vBggVua1+cfCVdt3v79u3auXOnJLmtkxs0aKAuXbpo2rRpWrZsWcza3G3btpXX61XTpk3dat0OHTrINM2Yv4f27t2rpKQkt8p8165dGjp0qKTIetLSrxXnkpSWluZWuLdu3Vr/+9//tG/fvqPO/bPPPnO/zsrKUlpamqTIWtqFpaWlueFwURYtWiQp8mBFkyZNJEm33XabJk+erL1792rr1q2qWbOmPB6PcnJy9OSTT6pz584aOHCgG6IDAAAAwKmOABgAAABlasOGDVq5cqXq16+vP//5z0Ue4/P59Nprr2n48OGaP3++du3apRYtWuiWW245ouK2evXqGjlypP773//qu+++U3Z2ttq3b69+/fqpRYsWR51Lt27dlJ6eftSKSEm64IIL9Oqrryo9PV0//PCDEhISdNVVV6lfv37Frqd6rG6//XZVrlxZU6ZM0U8//aRKlSrp+uuvd0PBw+3YseOIFsFHq9ps2LChRo8erfT0dC1ZskQZGRluS+VevXrFHPvss88qPT1d8+bN08aNG1WzZk1df/31bvXtiVi8eLGys7OVlpZ2RHh76aWXauXKlZo1a1axAXBKSop69eql9957T+PHj3fX+jxRDz/8sNLS0jR9+nRt27ZNNWvW1JVXXqmbbrqpVM4fDYCj1b1R5513nlJSUrRjxw6tXbvW/cye6HzuuOMO1ahRQ++//762bdumGjVq6Morr4xZb7U4DRo00DXXXKMpU6YUOV67dm2lpKQQjsVR5cqVJUn79+8/Yiw3N1cFBQXy+Xwx44W7IUS/PjxMLezwdsqFH5JxHCcmwD38YRQpUqVc1N+P0fPYtl3staVIgDx8+HAtWbJEwWAw5trHInoPCr//atWquV9nZGSoffv2euKJJ/TCCy9o1qxZmjVrlgzD0NVXX62HHnqo1NYbBwAAAIB4MZxj/WkKACqI4tpNAkBFk5ycXOxY9FtB27blOI5s25Zt2wqHw+52oqHP6tWr1a9fP7Vq1UqjRo3SunXrdO+996pZs2buerwAgOLNnz9fDz/8sKRIN4DCrdn79++vVatWqWfPnrr55pt18803S5Lee+89d33p5557TtOmTVPHjh01dOhQ3XDDDcrIyNAjjzyiq666SpJ0+eWXKz8/X0OHDlXHjh1VUFCgbt26SYq0lU5LS3PX8B42bJjOPffcI+b54Ycf6qWXXlKjRo00fvx4SdLUqVM1dOhQpaWluW31e/TooZycHD311FPq2rWrQqGQbrjhBu3du1fdu3dXly5d9OOPPyo9PV1er1dffvmlpk+friFDhsScR4pU/P71r3+VFGnx/69//UtffPGFunfvrscff1xSJPiOrnuenp6u5s2bS4o8RLN8+XItXLhQH330kQKBgAYOHFhqD4IAAIDyITMzU5ZluZtpmjJNU4ZhuA/BHa1DFADES1ZW1nG/ljWAAQAAUKaaNGmiatWqac2aNbr77rv10EMPKT8/X+3atYv31ADglHDhhRe6azD/+9//1o4dO5Sbm6spU6Zo1apVkiLV5vXq1XMrX999913Ztq3t27drzpw5kiItn49XWlqa6tSpI0kaOXKksrOzJUXWro6uF1xS0dbyBw4ckCRt3bpVe/fulRRp83/ZZZcV297+t0Tf47x58/Tzzz/LcRy9++67kqQqVaqoSZMmmjBhgnr06KFHH31U7dq107333uuG3Yd3WgAAAACAUxEtoAEAAFCm/H6/hg4dqtdee00bNmxQcnKybrrpJt1+++3xnhoAnBK8Xq8GDx6swYMH67vvvlOfPn1ixi+55BJdeumlMgxD/fv311NPPaWPP/5Yn3/+uQKBgBzHUf369XXNNdec0DweeOABDR48WCtXrlTPnj2VmJiogwcPyuPx6MYbbyzxeRo3bqxly5bphRde0IcffqjRo0ercuXKysrK0m233abU1FTt2rVLUmQd8d9qH13YFVdcoQ8++ECbNm3SLbfcosTEROXl5UmS+vXrJ4/Hoy5duujNN9/UvHnz1LdvX1WpUkVLliyRJHXs2PEY7ggAAAAAlE9UAAMAAKDMtWzZUsOHD9fMmTM1ZcoUDRw4UF6vN97TAoBTRocOHfT666/rwgsvVFJSkjwejxo1aqT+/ftryJAhbtvCHj166KmnnlKzZs0UDodVqVIl9ejRQ6+99tpxV9VGXXLJJXr55ZfVtm1beTwehcNhtWvXTq+99prS0tJKfJ77779fzZo1k8/nU/Xq1eX3+/XCCy/onHPOkSQlJibqkUcekRRZqmDbtm0lPnd0Tfmrr75aqampCgaDatKkiR5//HF3/fPatWtr2LBhuvjii7Vt2zatXr1aLVu21JAhQ3TRRRcdwx0BAAAAgPKJNYABnLZYAxjA6SLeawADAAAAABAvrAEM4FTFGsAAAAAAAAAAAAAAAAJgAAAAAAAAAAAAAKgoCIABAAAAAAAAAAAAoIIgAAYAAAAAAAAAAACACoIAGAAAAAAAAAAAAAAqCAJgAAAAAAAAAAAAAKggPPGeAAAAAAAAkBzHUaAgqLz8gHLzA8o7tIVC4XhPDQAAnOY8HkuJ/gQl+ROUeGhL8HllGEa8pwYAKAIBMAAAAAAAcbZz9179sm+/LNOU1+uVz2MpwedTcmKiLIvmXQAAIL7CYVuhcFiBgqAO5uYrGAwqbNs6o1qqap1ZPd7TAwAchgAYAAAAAIA4yQ8UaNPWnUpK9CutRjWqaAAAQLlkWaYsy1SCz+vucxxH+fkB/bDxZzWuXztmDAAQXwTAAAAAAADEQcaeffpl3wFVr1JZlseK93QAAACOiWEYSkz0y+v1aMOmbTqjeqrSalSN97QAAJLoIwUAAAAAwEm2ftNW5ecX6MzqVQl/AQDAKc3j8ejMGlWVlx/Qhs3b4j0dAIAIgAEAAAAAOKnWb9qqpES/EhP98Z4KAABAqUlK9CvJ79eGTYTAABBvBMAAAAAAAJwkGXv2KcHnlc/LGnkAAKDi8Xo98no9ytiTGe+pAMBpjQAYAAAAAICTID9QoD37DijRT+UvAACouJIS/fpl734FCoLxngoAnLYIgAEAAAAAOAk2bd2palUqx3saAAAAZa5aaoo2bd0R72kAwGnLE+8JAAAA4PSy8PstenPaIv2webfWbNqtfVm58Z4SgNNctcpJatXoTLVqlKbbr75AF59Tv9SvsXP3XiUn+WV5rFI/NwAAQHnj8XiU6Pdr1y/7VPOMavGeDgCcdgzHcZx4TwIA4iEnJyfeUwCAkyI5ObnYsei3grZty3Ec2bYt27YVDofdrWrVqqUyj/xASP8aM0P/mTBXts23oADKJ9M09LebO+vJft3lLaWw1nEcrVr7k2qeWb1UzgcAAHBKcBxl7M3UOWc1kmEYcZtGZmamLMtyN9M0ZZqmDMOQaUaapMZzfgBQnKysrON+LS2gAQAAUOZWbNip8297Wc+/PYfwF0C5ZtuO/v32V7rwzte0YsPOUjlnoCAoy6LyFwAAnGYMQ6ZhqCDIWsAAcLIRAAMAAKDMvTdjudZv+SXe0wCAElu5cafem7G8VM6Vlx+Qz8cKTAAA4PTj83qVmxeI9zQA4LRDAAwAAIAy9c3Kn/X8O3PiPQ0AOGbPvzOnVKqAc/MD8loEwAAA4PTj8XiUl08ADAAnGwEwAAAAytT4/y1x1xoGgFOJ4zj670cLTvg8efkBeby0gAYAAKcfr9dSLgEwAJx0PIIMAACAMrV8/Y5SPV9igle3X91OvS49Wy0bnqnEBK927s3SvBWb9cbU77RsXeleD8Dpbe3Pu0/4HHn5AVVKSiyF2QAAAJxaPJZFBTAAxAEBMAAAAMrU2p9Lb+3fjm0a6r2nb9GWjP1K/+Q7/bB5tw4czFej2lXV7YJmmj2sn96dsVwPvPiJgqFwqV0XwOlr7eYT/zssFArLNGnABQAATj+maSrEz2YAcNIRAAMAAKBMZeXkl8p5+vyujV7/+3X6y7OTNGXO6pixNZsy9On8tXrqjS/09hN/0qxhf1GP+8coLxAslWsDOH3tzjwY7ykAAAAAAHBMeAQZAAAA5V7zBmfo9b9fpx4PjD4i/C1sf3aerhk0Vtt/ydKLD15T4vPf+8dLFF4wVJ+8cGexx3Q6t6HCC4ZqyyePHNPcy7uH/nSpvn93kAzDKNHxHds01Lapj6plwzPLeGbHPjcAAAAAAAAQAAMAAOAUMOaR3rph8Di9/Ndr9e0b9+nbN+7Tx8/foeREnyTp/13RVgvTB+rbN+7TwvSBWrlhh664uLm6tG1yTNe54uKzVLN6SpFjd/Rsf8LvI97+3Ku9wguGqkolv7tvzebdmvHtejmOU6Jz7NiTpRnfbdCeAznlbm4AAAAAAACgBTQAAADKuQta1lWTutV1duM0dTq3YczY9Jf+rPyCoFo3qaW0apXc/Y3rVNMzY2fpwT910ldLfyzRdfICQdm2o1uvbKvn354TM5bk96p3t9bK2HdqtoI1TUO2XXSI+tmCdfpswboSn2vTjn3q+9T7pTW1ozrWuQEAAAAAAIAKYAAAAJRzV3dsqXdnLNfy9TuOGJv57Xq98t48ZezLjtm/aM02jZu+VJe3byavxyrRdRxH+mD2St1x9QVHjPX+XRsl+Dya/NX3Mfs/Gnqb5o7sH7Pv4Vu7KHfOM5Kkd568WdumPhozfn2XcxReMFRtm9c54jr9rrtYB2Y9qduuaqdVEx5SzlfP6Lux96l9q3oxx3W/6Cx9PXKADn71tHZ8+pjeeKyPqlZOdMcnPHWzvhlzr8Y82lsHv3pa9/XuqN2f/VOj/u+PkqR9M5/QuH/dJEkaMuBK7f7snzHn79quieaNGqDsL5/Wxg8f1j/u/J08VuRHhx4Xn6XwgqE6u3Faqc25JHP7Q+ezFV4wVE3qVnfPaRiGdk5/TEMGXClJsixT/7zr99o0+f+UOycyjys6ND/iPgP4bes2bNQLrw6XJOXnB/TU0BeV8csvcZ5VxRTv+1v497okJk+drk8/+6IMZxQf3y5eqv+8OkJfz1+ogmBQH0z+pNTOfSz37PNZX+qDKVOP6zqjxo7Xd0uWH9drAQAAULEQAAMAAKBcO7txmtZs2qVvV2/VsnW/hsArNuzUs+O+1PRv1urZN2fHvGbUlIXal5WrzKw8Nav3/7N332FSlfffxz/nTNveYOm99yZFOopiAxE1lsREbLGXmBhTf4mmmmKeFFuMNZaIFVFBpAlIkSZVqUovC9vbtHOeP4YddtjZBmxh9v26rrncPfWeszO4Zz/z/d7Na3SeOLdTz7+/Sr06tdCIvh0i1k2/bJhmLf1SeUWltRr7q3PWqnXzFI3s3zG87LIxvbVj3zGt3bo/6j5JCR7dcPEQ3fLbNzXpvmcVtGx99LeblZTgkSQN79NeHz5+szbtOqTJD76g+/76nsYO7KynH74q4jgj+nZQy4wk3fq7NzVnxVaNvf1J/frZuZKk0bc9oZ8+MTvq+Yf3aa85f79V+7Pydd0vXtE/Z3ymH393gh69/aJKn+fpjrkmY/to2VfKLyrVtPH9wsvO7ddBLdKT9Ob89ZKk//zsaj10w3j9c8ZSXfPzV/T1gRzN+stNmjSiR6VjB84WhYVF+s1jj1f6OHDo0Bk9X7u2bXXtlVPP6DGBxmzb9p264fqrdeToUf3pb/9Sq1atGnpIAAAAwCmjBTQAAAAatbSkeB08WiDbtjX+zqd01Xn9ZRqG3lq4UcGgJUmaMX+D9hzO1Tm92unzLXu1asteSaH5atOS46o6fJhpGlq5eY+27cnSTVOGaeXmPZJC7aTHDuqky3/0oiYO616rsX+8cpuycop0xfi+Wr5xtyTpkpG99J/3P69yv+/86jVl5YTm2L36J//Vznce1s2Th+ofMz7ToewCXfbg8/rk8+3huXHbZqbqt3dcLMMwwsv2HMrV1IdejGj9fOBoviTpy2+OKK8wepj9y1su0OZdh3Xtz18JL3O7HPrpjefrZ09GD41Pd8xbd2dVOzafP6iZi7foivF99ZdXQy26Lx/XRzv3HdO6rQfUt0tLfe/Sc3THH9/WszND1/eDpV9q8TN36vd3XqK5K7dVec2Bs8U1V16uzGYVP9iSkpIUZetTY1mWEhPilZhQsVMBGlbZv6GGYTTwSGLPlVMnKzEhXldNnazSUq/i4jwNPSQAAADglBEAAwAAoFErKvWpWWpC6OsSn17+aE3U7VZs2qMVm/ZELMtMT1RRia/G54rzuPTCrNX66fTz9MDfZqrUG9D0ycN08GiB5qzYqktH96rV2INBSzPmr9e08f308L8+0vA+7dUyI0lvfFJ1e8biUn/46/1Zedq485AGdG8jKRTspibG6dVHr9fgHm3UIj1JHrdT8R6X3C6HvL6AJCkrt7DSeX+rMm5QZ/1jxmcRy554a5neX7JFpll54HAmxlydGfPW6/2/TFerZsk6dKxAU8f21Yz5GyRJE4d2kyS9/sn6iH1enbNOT/54mtKS45VbUFKj8wCNWXJykjIy0ipd//WevZq38FMdO5Yjt8upXj27a9LE8+R0OOTz+jR73gJt3bZTpmmod88euuiCCXI6nXr2xVfUr08vfbFhk5plpGtg/76aNXuufnTfXeFjHz6cpfdmzVZObp5at2qhyy+9WOlpqSfOu+BTHTuWraTkJA0Z2F8jhw+NGlR+OGeefH6fpk25NLzsL/94UlMumaSe3bvpuZdeVb++vbV7z14dOXpUVtDSxAnj1Ld3xZbuW77apvmLFmvkiKFateYLFZeUqluXTrp00kS5XC5J0u49+zR/0WJlHctWYmKCBvXvp9HnDguP7bMVn2vVmi9U6vWqQ/u2unTSBUpLTZEkrV67XqvWrFNeQaEyMlI1fsxo9ezWJeq1X7X2C634fLUKC4uUlJSoEcOGavg5gyRJefn5mj13gfYdOCCnw6munTvqwonjFec58SGlyq7vth07NXfBpxoysL8+XbpcN91wnZo1y9AnCxZpy1fbZNu22rRupYsnnq9mzdKjji03L1+zP5mv3Xv2Kc7jUdeunTXpvHHyeKoPOVev+0LLVqxSaalP/fr2lH3S/1o+X/OFVny+SsUlpWqWka4JY0epe9cu4ef90cfztXf/fsk21K5da1120QVKTUmpdt/nXnpVfXr31Nff7NHhI1mKj4/XlVMv1crV6/TN7j2yLUtTLpmkzp061uh1UNW5Fixeqry8fKWmJGvr9p0q8XrVt2cPXXTBeZIkv9+v+YuWaOv2nfL5fWrdsqUuvvB8NW+WcUrXrDbvl/Js29aCT5dq4+YvVVIaeh4Xnj9enTt2qLDtk8++oHOHD9WQgf0lSYezsvTv5/+rh+6/W6Zp6LG//UtXTb1My1euUU5urtq1ba1J55+njz6Zr6NHjyk5KUlXT5us1JQUbd+xS3PmL9SEsaO0bMUqFZWUqE3LFpo25dLwa6g27xUAAADUPVpAAwAAoFHbtidLXdudqHb754+u0E2TK87Tm5Tg0aoX71O7FqEwIs7jVKuMZG3fe7TG53I7HXrpo9VKiHPrqgn9ZRiGvnfJEL300RpZll3j+YTLe3XOOnVt10z9u7bSZWN6a/Ouw9q863CtjpGdX6yWGaHqvu7tm2vpv+9SMGjp1t+9paHT/6Hfn9QC+1Q5HaaSEjzKyimMWF5c6tfW3Vm1CpTrYsxzV25TbkGprhjfVz06ZKpnx0zNmBcKfJunJ6mw2KvCYm/EPoeOheaHzig3RzIQy96Z+aGGDOyvHz9wt26dfoMOHjystV9slCQtXLJUObl5uv2W7+qWG7+jfQcO6NOlyyVJDtPU2i826uJJEzXl0ugt31etXa8rp16me++4VS6XS+/O+kiSVFhUrBlvz9S5w8/Rj39wj6698nKtXvuF1m/acmpPwjC1ctUanT9hrO75/i0aOWKYPpo7L1z9Wp7DYaqgsDO2mdQAACAASURBVEg5OXm645YbdfdtN2n/gYNasmyFJCm/oECvzXhbgwf00w/vvUNXT52sVWvW6fPV6yRJX23drhWr1urqaVN0/523KSEuXm/P/FBSKFxeuGSpJl9yoX50/50ac+4IvfnOTB04WPHf8CNHj2rewsX61hWX6+EH79WVUy/Tp0s/05GsLNm2rf+99Z4SExN07+236LYbv6OcvDzN/ODjGl1f0zBVUlyi7Jw83XXbdDVv3kyfLlmmrKPHdPvN39MDd9+uNq1a6vW335FlWVEv6TszP1BGepoevOd23XbTd1VQUKA58xZW+6M4kpWlOZ8s1CUXTtSD996uNq1aaduOXeH123fu0tIVK3X1FZfrxw/crXFjRumt9z5QdnauJGnewsVKSIjXA3d9X/fffatSkpM1d8GnNdpXhqkv1m/SlEsm6f67blN8vEcvvzZD/fr00r2336IB/fvqk0WLa/Q6qO5cDtPUth271CKzue68dbq+e+1VWrX2C+0/EJp6Yt6ixdq3/6Bu/M61uv/O29SyRaZe/t+b8vtPfPipptfsdN4v6zZs0hcbN+s7112lH913p/r16aW33/tAgWCw2n3LM8zQnwO/3Lpd02+4Vnd9/ybt2XtAM959X1Mvu0j333Wb3G6XVqxae3x7Q4WFRTpw8LC+f9N3dc+tNynr6DF9sWGzpNq9VwAAAFA/CIABAADQqM37fLuuvWBA+Pun31muv94/Rb+69UK1zUxVnMep887pqsVP36kNOw5q35E8SdLV5w3Q51v2RlSmVscwpMPZhZq9/CtNnzxUFwzrpvYt0/TiB6tC6xVZmWPbFZedbOXmPdqx75iuPK+/Jo/uXW31bzStm6XoyPFQ9oZLhii/yKvv/vp/+mzDN/r6QLaO5RXX+pjRBIKWikp8apaWeNrHqosxB4KW3v10k64Y309Tx/XRtj1Z2rDjoCQpO69ISQkexXkimxy1bp4sSWfsGgEN7eVXZ+iPj/8z4vHSa29ICrVu9vv9ivPEyTRNpSQn66bvXq/h5wySbdtat2GzRo8YptSUFKWnpWrqZRerU8f2kiRbhtq3a6POHdorPi566/xzBg9QZrNmSkyI18gRw7T/wEEVl5Row6bNat2qhfr36S3TNJXZvLnOGTxQGzZtPuXn2aNbVzXPCFVXduvcWaWlXhUXRX8fB4NBjTpePRkX51H/vn20bcfXkqSNm79URka6Bg8aIKfTqVYtW2hg/z7atOVLSaFAbWDfPmrXprXi4+N0wXnjNHzoIFmWpS82btKAvn3Uvl1bOR0O9enVQ21at9aWL7dWGIPfF+o2ERcfuvZtW7fWD++9Uy0yM7X/4CEdyTqqiRPGyuPxKDEpUaPPHa7tO3fJ6zvxoZXKrq8MqdTr1ZiRw5WakiKHaWr1ug0aP2aUkpOS5HI6NX7MKBUWFmvPvorzy+8/eEiHjmRp4oRxcrvdSkyI17jRI7Vpy1eVBsZlvtq6Q61btVL3bl3kdDo1aEA/paelhNevXrde5wzsrzatW8o0TfXs1kUdO7TTxi2hMNPr9cntcsntdsvj9ujSSRP1rSum1GhfSeretYuSk5NkmqbatWmj5KQkde4Qes12bNdW2dl5NXod1ORcSUkJ6tentyQps3lzpaWl6uixHNm2rfUbNmvMqBFKS02R2+3W+NEjVVpSqm927631NTud90v/vr11xy03KrNZM7lcLg0a0E8lpaXKzc2rdt9oBvTtI4fDoYT4eDVrlqHOHdspOSlJhmGoXdvWysnJCW8bCAQ0dtQIGYYht8et9u3a6lh2aH1t3isAAACoH7SABgAAQKM2b9UOmaapyWN664OlX2rzrsMaf8dTevyBKfrlzRNlGIaycor09zeW6I8vL5IUqgS679rR+tvrS07pnM+/v0rvPPY9edxOLV73tXbsOxZ1u0PHCjSkZ+Qcma2ap1TY7rWP1+mmyUPVrkWqrik3t25lUpPiwq2re3TIVJ/OLfTseyslSenJ8bJlR8z3O6xP+xo9r7IK3qpaTC7buFuXjOypX/17bnjZDRcP0a9vu1C9rvlznY25JmOTQm2gZ/31JrVqlhxu/yxJi9aGqquuPm+AXpmzNrz8mgsGat3WA5XOeQycbaZdfmmFOYCdrlB3AtM0df74sZr54RwtX7laXbp01IC+fdS8WYYKC4vk9/uVlp4a3q9VyxYRx8lIq7y1tCRllmsvnJYc+reuoKBQ2Tl52r1nn37z2OMR26emJNf+CR6XUm5fhzP02XVfMKhoH09xudxKTDqxJjk5SQWFoer/nNx8NcuIbIucnpamtbmhqujsnFx179Y5vC4pKVH9j4eAOTl54RbBZTLSUpWTl1thDK1btVLvHt311LMvqH37durepZP69+ujhPh45eTmKiE+Xgnx8eWOkybbtpWXl6+U49eysusrhX62ZW2pQz9Ln/77+psVxpGbl19hWXZOjoLBoP7wl79XWJdXUFhhWcT6wsKI8FKSMtJPvE6ys3O1Y+fXWvzZiohtEhNCUzeMHTVCM955Xzt2fa2unTurd6/u4XbF1e0rScnJJ36uTqdDSeV+zg6HQ4HAiQ95VfU6qMm5UpIiX69Oh1OBQCB0vQOBiNbrbo9biQkJysmrGLxWe81O4/0S8Af06ZJl2r1nr/zlnnsgULOpFE6WnHRi7nCXy6HExBPfO50u+QPBcutdEa9hp8MRHkNt3isAAACoHwTAAAAAaNRs29Ydf3xb//31dRqy+e86klOojTsP6cJ7n5XH7VRygkdHc4si9vm/Wy5QTkGJXp9b+2pbSfpw2Vc6nF2o0QM66abfzKh0u3mrtuuOK8/V335wuRat2amR/Tvq7qtGKhCMrKh6dc5a/d8tF2jNV/u0s5Iwubx3H7tRv3l+njwup35z+0XKzi/RCx+uliTNWb5Vd189Si/88hp9vGKrLhvdW9ddOFCSlBTvrnI+3T2HQ3+IvefqUfrk8+1auXlPhW1+98J8zf/X9/XfX1+n/85eqw4t0/SHuy/RK3PWVXheZ3LMNRmbJC1Ys1N5haXq37WVbvjV6+HlX2w7oDfmrde/HrpCaclx2rbnqL590WCNHdhZlz34fHi7X982SXFup37yxEeVPhegMatuDuDh5wxS3949tG37Tm3dvlPPfv5fXXXFZLVu2VKSorZRLuOors29Ua6J2PHPajgdTpmGoR7duuraq6bW+HlUcNKwqvswSOS+1knfWnI6Tvy54+Rj2ZLKN2+o4pJU7PwgO9Qu4iSmaeqKKZdozOgR2rZ9pzZu/kpLV6zSLd/79vExnDRku9xYwieLfn2lUNgZPtfxg902/YYKIX40pmHI43Hrxw/cE3X9kSNHKt03GAhUuD7lq4ZNw9Ck8ydoxLAhUfdv366t7rvzVu36Zre279ilN96eqWFDBmnihLHV7htinPRdFa+LKl4HNTpXNa+5k9eG3ksV96nJNTvV98vH8xcqOydXN1x3tZKTk+T1evWn//dEjfaN+uxOWlibt13FQ9XsvQIAAID6QQtoAAAANHoL1+zUszM/1+Jn7lTPjpnh5V5fICL8NQxDv7n9Ik2/bKhufOSNUz5fMGjp5dlrVFDs1ZvlqkxP9u6iTfrtC/P1rfP769VHr9eAbq319xmfVdhux75jOnSsQG98sr5G53/xg9V6/P4peuWR61VU6tNlDz4fntv2o2Vf6YHH39f4wV307M+uVlKCWzc+8oY27zqsTq0zqjzugtU7NWP+Bj38vfM0Pco8ypK05IuvNfmHL6hnx0zN/PN0/fKWC/TPGZ/pR//4oE7HXJOxSaGfzdsLN+qrb45o085DEetufOQNPfXOcv3ke+fp3cduVM+Ombrswec1d+W28Da9Omaqd6fqAxPgbGTbtooKi5SYkKDBA/vruquv0JDBA7Vu/UYlJSXK5XLp6NHs8Pb7Dx7SuvUba3z88u1gc/NDlabJSYlKT09V1rHI+daLjldNRuN0OSMCMZ/Xp5LSU6/S9wcCKig8Ucmal5+vlORQNWVGeqqOHsuO2D47O0fpaaFq2/T0VB09duKDOYVFxVq6bKUCwaAyMtJ0LPvkfXOjVkoHg0EVl5SoeUaGRo0Ypltu/LZSkpO0ddt2ZaSnq6i4JNTO+bhjOdkyDEPpKScqsiu7vidLTEqU2+3WkazIa54TpfpXktLT0uX1+pSXf2K9z+dTUXH1rfGTk5IqVBWXtf2VQtfvyNHIceTl54c/aFBUWCSn06me3btp8iWTNG3KpVqzbkON9q2tql4Hp3OusvfOsewT1ayl3lIVFRcro1xFfZmaXLPavF/K27v/gAYN6Kfk5FCl7oFDlc+x63Q5ZZX74FZeXkG1xz9VtXmvAAAAoH5QAQwAAICzwiP/+USHswu07Nm79erH6/T8rFXaujtLJV6/WjdP0cSh3fTAdWPl9Qc04uZ/6tCxmv+h84m3lumJt5ZFLPvpE7P10ydmRyz7/h/eqrDvr/49N6JdsiQ9dFJYOrJ/R7XMSNIb82oWAL88e42eemd5pev/+eZn+uebkUHzqx+vC3/97V++FnU/27Z1/S9ejVj2sydn62dPRj7PuSu3RYSm5X28YpscIx8+42Ou6dgk6a4/vRv1HP5AMOrPrbzrTjoHcLYpKCyOGvTFx7mVX1Co519+XddMu1ydOrZXSWmpsrKOKjOzuQzD0MD+fbRk2Qq1aNFcDsPUR3PnqUvHjjU+9+p169W+XVvFeTxa+flqde3cSW6PW/379tGnS5frsxWfa/jQISosKtZb776vXj26a+yoERWO0zwjXV9t3S6v1yuPx6OlK1bK5Tz1P084nU59unS5LjxvnIqLS7Rh0xadMzjUZWBA3z5avHS51m3YpP59e+vwkSNav3GzJowdJUka1L+fPpgzV716dFeLzOZa+OkSZR09pjGjRmjIwAF6/6M56tenp1q2bKktX27VoSNHNPnSCyuMYd36TVq1Zp2+ddXlapaermPZOSooKlJaWpratm6lVi1baMGnSzXpvPEq9Xm1ZNlK9enVQ26PW6Wl3iqvbzTnDBqgJctWqk2bVkpPTdW69Zu0cMlS3XfnrfK4PRHbtmndUm1atdLH8xZpyiWTZJjSx/MWKb+gUN+97uoqr223Lp21/PPV2rp9pzp1aKf1m7aosOjEB6/OGTxQb8/8UL17dleXTh21b/9B/e/td3XdVVeoXds2+veLr2jEsCEaOmSQDEn7DxxQWnpKtft2aN+uZj/8cqp6HZzOuQzD0OCB/fXZ8pVq07qlPB63Fny6VMlJiep0vJ11ba5Zbd8v5aWmJGvP3n0aPKCfjh47phWr1sg0TRUUFlaoBm+ekaGdX3+joUMGyuf3a80XNfsd5FTU5r0CAACA+kEADAAAgLPG0++s0KK1u/Tg9eM0+//dohbpSfL5gzJNQ2u+2qen3lmmFz9co2AVrYrrU9vMVF04vLt+cuN5envhJu07UnGuQACojRlvvxd1+YSxozV21AhdOmmiPp6/ULl5+fK4XeretYsmjB0pSTp//BjNnrtAz730mhymqV49e2jcmJHVntM63lp3+DmD9fqb7yk3L09tWrfU1MsuliQlJSbo2qumat7CxVq8dLk88XEa0Ke3Rp87LOrx+vftrR27vtGTz76o+Ph4DR86WKmpKaf8b7fb5VK7tm309HMvy+fzqVePbhoxNNTqNykpUVdPm6J5C5dozicLlJKcrDGjztWQQQMkSX169VB2do7emzVbXp9PHdq11bSpkyVJPbt31ehzh+vNdz9QqderzGYZ+vY1V6plZmaFMQwZ1F95+fl65fW3VFJSoqSkRI04Z7B6du8qSbrq8sn6aO48Pf6vpxUfH6/u3TrrgvHjanR9oxk/ZqR8Pr9efOV/CgSCapGZqeu/dWWF8LfMlVMv05x5C/T3p56VaRrq3LGDrpx8SbXXtmOHdrrwvHGa88kClXq9GtC3t/r26hUec/euXXTeuDH66ON5KioqVkpKii6aeF44VL3mqqn6ZMEiLf5spUxTatO6taZNubRG+9ZWVa+D0z3XeWNH6eP5i/TMcy/LMAy1a9ta373uGjkdFdumV3fNavt+KW/ihHGa9eHHeuxvT6h1q0xdfslFWrJ8pd6d9ZGuv3paxLbjRo/Ue7Nm6+9PPqukxESNHT1C23d+raBlyaFq2r3XUm3eKwAAAKgfhn2qvXUA4CxXVFRU/UYAEAMSEyu2jyxT9qugZVmybVuWZcmyLAWDwfAjPT39tM4frVr0TElPiVe8x6WjuUXy+YN1dp5TNXVcX7326Le1aO1OfffX/1N2ftXtNm+fdq6e/PE0pZz/SxWV+OpplKfnbBwzUFvB5Y+d1v7rNm9X21YEIXVh6/YdmjV7rn50310NPRQ0IF4HANC47T+UpcF9uzfY+XNycuRwOMIP0zRlmqYMw5BphmbJNJi3HEAjlJ8ffZqXmqACGAAAAHWqRXqSjuQUVr/hKcjJL1GOSqrfsIHMXLxZiRN+XuPtn3l3hZ55d0UdjujMOxvHDNRGi/Skhh4CAAAAAAC1Yjb0AAAAABDbBvVo09BDAIBTxr9hAAAAAICzDRXAAAAAqFODurfR3JXbGnoYAHBKBnUnAG7Menbvpp7duzX0MNDAeB0AAAAAkagABgAAQJ26+fJhcjkdDT0MAKi1xHi3bpk6vKGHAQAAAABArRAAAwAAoE51b99cv77twoYeBgDU2qPfv0jd2jVr6GEAAAAAAFArBMAAAACocw99ZzzzaAI4qwzs3lr3fmtUQw8DAAAAAIBaIwAGAABAnXM4TH3277v14xsmyDSNhh4OAFTKNA09dMN4LXv2Hjkc3DIDAAAAAM4+zoYeAAAAAJqGOI9Tf7j7Ek0d31cvfbhaW74+rC1fH1F2fnFDDw1AE5eRkqA+nVuod6cWmj55mM7t16GhhwQAAAAAwCkjAAYAAEC9OrdfB8IVAAAAAAAAoI7QzwoAAAAAAAAAAAAAYgQBMAAAAAAAAAAAAADECAJgAAAAAAAAAAAAAIgRBMAAAAAAAAAAAAAAECMIgAEAAAAAAAAAAAAgRhAAAwAAAAAAAAAAAECMIAAGAAAAAAAAAAAAgBhBAAwAAAAAAAAAAAAAMYIAGAAAAAAAAAAAAABiBAEwAAAAAAAAAAAAAMQIAmAAAAAAAAAAAAAAiBEEwAAAAAAAAAAAAAAQIwiAAQAAAAAAAAAAACBGEAADAAAAAAAAAAAAQIwgAAYAAAAAAAAAAACAGEEADAAAAAAAAAAAAAAxggAYAAAAAAAAAAAAAGIEATAAAAAAAAAAAAAAxAgCYAAAAAAAAAAAAACIEQTAAAAAAAAAAAAAABAjCIABAAAAAAAAAAAAIEYQAAMAAAAAAAAAAABAjCAABgAAAAAAAAAAAIAYQQAMAAAAAAAAAAAAADGCABgAAAAAAAAAAAAAYgQBMAAAAAAAAAAAAADECAJgAAAAAAAAAAAAAIgRBMAAAAAAAAAAAAAAECMIgAEAAAAAAAAAAAAgRhAAAwAAAAAAAAAAAECMIAAGAAAAAAAAAAAAgBhBAAwAAAAAAAAAAAAAMYIAGAAAAAAAAAAAAABiBAEwAAAAAAAAAAAAAMQIAmAAAAAAAAAAAAAAiBEEwAAAAAAAAAAAAAAQIwiAAQAAAAAAAAAAACBGEAADAAAAAAAAAAAAQIwgAAYAAAAAAAAAAACAGEEADAAAAAAAAAAAAAAxggAYAAAAAAAAAAAAAGIEATAAAAAAAAAAAAAAxAgCYAAAAAAAAAAAAACIEQTAAAAAAAAAAAAAABAjCIABAAAAAAAAAAAAIEYQAAMAAAAAAAAAAABAjCAABgAAAAAAAAAAAIAYQQAMAAAAAAAAAAAAADGCABgAAAAAAAAAAAAAYgQBMAAAAAAAAAAAAADECAJgAAAAAAAAAAAAAIgRBMAAAAAAAAAAAAAAECMIgAEAAAAAAAAAAAAgRhAAAwAAAAAAAAAAAECMIAAGAAAAAKAOOZ0OBYNWQw8DAACg3lmWJafT0dDDAIAmhwAYAAAAAIA6FB/nUSAYbOhhAAAA1LtAMKj4OE9DDwMAmhwCYAAAAAAA6lBCnEeBQKChhwEAAFDv/P6gEgiAAaDeEQADAAAAAFCH4uM8CgSoAAYAAE2PP+BXQnxcQw8DAJocAmAAAAAAAOpQfJxHPr+/oYcBAABQ73z+AC2gAaABEAADAAAAAFCHPG6XLNuWZDf0UAAAAOqNbVuybVtul7OhhwIATQ4BMAAAAAAAdcgwDDVPT1VJqbehhwIAAFBvSkp9ysxIk2EYDT0UAGhyCIABAAAAAKhjrVs0U3GJV/5AoKGHAgAAUOf8gYAefuiHapWZ0dBDAYAmiQAYAAAAAIB60KVDG+XkFTT0MAAAAOrcA/fdq9de+W9DDwMAmiwCYAAAAAAA6oHH7VJmRpqKS0obeigAAAB15oH77tXLL70oh4P4AQAaCv8CAwAAAABQT1o2T5c/EJDP52/ooQAAAJxxP3jgPj319NOKj/M09FAAoEkjAAYAAAAAoB5179ROJaVeKoEBAEBMeeC+e/Xkk08pNTlRknT77bc38IgAoOkiAAYAAAAAoJ5179xO8XEeHTmao0Aw0NDDAQAAOGWBQFB333WnnnvuPxHh7zPPPNPAIwOAposAGAAAAACABtCyebq6d26n/IIilXp9Mg2joYcEAABQY6ZhqNTr1Q8euE//e+3VcNtnwl8AaHiGbdt2Qw8CABpCUVFRQw8BAOpFYmJipevKfhW0LEu2bcuyLFmWpWAwGH6kp6fX11ABoMk6lJWtI8dy5DBNedxuuVxOOZ0OOUxTpslntwEAQMOyLEtBy1IgEJTfH5DX55NtS80zUtUqM6Ohh1elnJwcORyO8MM8/vuVYRjh37MMPogHoBHKz88/5X2dZ3AcAAAAAADgFLTKzFDL5uny+f0qLvGG5gguDf03EAg29PAAAEAT53Q6FB/nUUKcR6nJiYqP88jtchKcAkAjRQAMAAAAAEAjYBiGPG63PG630lOTG3o4AAAAAICzFH2kAAAAAAAAAAAAACBGEAADAAAAAAAAAAAAQIwgAAYAAAAAAAAAAACAGEEADAAAAAAAAAAAAAAxggAYAAAAAAAAAAAAAGIEATAAAAAAAAAAAAAAxAgCYAAAAAAAAAAAAACIEQTAAAAAAAAAAAAAABAjCIABAAAAAAAAAAAAIEYQAAMAAAAAAAAAAABAjCAABgAAAAAAAAAAAIAYQQAMAAAAAAAAAAAAADGCABgAAAAAAAAAAAAAYgQBMAAAAAAAAAAAAADECAJgAAAAAAAAAAAAAIgRBMAAAAAAAAAAAAAAECMIgAEAAAAAAAAAAAAgRhAAAwAAAAAAAAAAAECMIAAGAAAAAAAAAAAAgBhBAAwAAAAAAAAAAAAAMYIAGAAAAAAAAAAAAABiBAEwAAAAAAAAAAAAAMQIAmAAAAAAAAAAAAAAiBEEwAAAAJBhGJWus227HkcCAAAAAMCZUdX9bFX3wQBwtiMABgAAQAWGYYQfgUCgoYcDAAAAAECtBQKBiPtbAGgqCIABAAAQFu2GmAAYAAAAAHA2inY/SxAMoCkgAAYAAECEk2+GvV4vbaABAAAAAGcV27bl9XojlhH+AmgqCIABAAAgKfJGuHyLLMuyVFxc3IAjAwAAAACgdoqKimRZVtQW0ATBAGIdATAAAEATVt1Nb9lNcklJCa2gAQAAAABnBb/fr9LS0hrN/UsYDCAWEQADAAAgrPwno09+5OTkqLCwsKGHCAAAAABApQoLC5Wbm1vl/S0AxDpnQw8AAAAAjYNhGBFz/Ua7SS4qKpLX61VcXJycTqdcLpdMk88UAgAAAAAahmVZ8vv9CgQCKi0tVSAQkMPhqDL0JQQGEOsIgAEAABAOfyv7dLRpmrJtW6ZpKhAIKD8/X5ZlybbtiAcAAAAAAPUh2n1r2aPs+6oqgAmBAcQyAmAAAABEiHYTLalCwGsYRkQIXIYgGAAAAABQV8oHt+XvW08OgcuHwbR/BtDUEAADAAA0ceVbP1dVCVy+1XNZ+Fu2fdn+hL8AAAAAgLpWvoq3shC4JpW/BMIAYhUBMAAAACRFhr9l30eb3zda+EsADAAAAACoL9EC4KoqgWn/DKCpIQAGAABAhSrgk/9bFgRXFv4SAAMAAAAA6ktlAfDJIXBlVcDljwEAsYgAGAAAAGHRgmDTNCMC3vJz/5YtYw5gAAAAAEB9iDYHcFVBMMEvgKaIABgAAACSKraAPllZEFy2TWWVvwTAAAAAAIC6Ei3MrSoIrm4eYACIRQTAAAAACIsWAkdr91xZ9W/ZMgAAAAAA6sLJ4e3JwW5lgS/hL4CmhAAYAAAAUUW7KabyFwAAAADQGFRVCRztawBoSgiAAQAAEKHsxrh8q+eyG+eT5wem+hcAAAAAUN+iVQGX/7qycBgAmgoCYAAAAER1cjvomgTB3FADAAAAAOpLdUFwZdsBQKwjAAYAAEClTg5/q9vuZFQEAwAAAABOV00D3KoCYQBoSgiAAQAAUK2qKn2rCnm52QYAAAAA1KVo953ciwJo6syGHgAAAAAAAAAAAAAA4MygAhgAAADVOrnKt6atnWkBDQAAAAA4XVVV9Ja/76yqexUANCUEwAAAAKhU+Rvpyr6O9j0AAAAAAGdKZfecVQW8hmEQBANosgiAAQAAUEF1wa9hGOEHAAAAAAANybbt8EOqGP4SBANoagiAAQAAECFa4Ft2I22apkzTbKihAQAAAABQQfkPKFuWJcuywsts245oDU0IDKAp4K93AAAACDs5/LVtW5ZlSZIcDgfhLwAAAACgUTNNUw6HQ1IoDC5fGSwxhRGApoEKYAAAAFRQvn1W2Sek+ZQ0AAAAAOBsUL7iN9pyAIh1lHAAAABAUsV2z+XD37JPTwMAAAAAcDYou489+R63bBkAxDICYAAAAIRFC4H5PxF48gAAIABJREFUhDQAAAAA4GxkmibhL4AmiQAYAAAAUedDIgAGAAAAAJzNDMOoNPwlCAYQywiAAQAAICl69a9lWTJNfmUEAAAAAJx9DMOQZVlUAQNocvhrHgAAQBNXVfUvN8UAAAAAgLNV+QpgqoABNCUEwAAAAAgrf2NMAAwAAAAAONtxnwugKSIABgAAQIVPQ5dvAQ0AAAAAwNkqWgtoiepfALGNABgAAABR8cloAAAAAMDZLtq9Lfe6AGIdATAAAADCaIsFAAAAAIg13OsCaGoIgAEAAJqwym58y7eDBgAAAADgbFXd/S33vQBiEQEwAAAAJFW8KeaT0QAAAACAsx0toAE0RQTAAAAAAAAAAAAg5hH8AmgqnA09AAAAADQedfGp6H37D8owDEmSYRh1dsNtGdGXm7IiF9jVfQby5PVW1K3Ch7Pt8POTpLZtWlVzfAAAAABAfYl2n1v+Hg4AYhEVwAAAAKigLto/x+oNdqw+LwAAAACIFUxxBKCpoQIYAAAAdXojXF8BqVnZU6jHfJYwGAAAAADODlQCA4hlVAADAACgXpW/wY6Fm23DMMIPAAAAAAAAoKFRAQwAAIB6Vx8h8ImjOiKW29WczjIiS4nN6nYAAAAAAAAAGhEqgAEAAAAAAAAAAAAgRlABDAAAgDp3WlW+hhX5vR39M4zU6QIAAAAAAABUAAMAAAAAAAAAAABAzCAABgAAQJ2ybbv6jWqwvyGHjOPz+dq2LYfDIcMwTlQXG4ZkGApaloKWFf7eMAw5HA7ZUmj5cZZlnXwqSZJphx4AAAAAAADA2YgAGAAAAI2ay+WSbdsKBoPy+/0yzdCvsLZty+/3h4PcQCCgYDAot9stl8ulYDAYXhYIBGRZlpxOpyzLkm3bMk3z9FpTAwAAAAAAAI0QcwADAACgUQv4LRlyyLKDiouLUzAYVDAYlG3b8ng8CgZD5bpOTygoLvH5IyqEnaYhn88nl8ulQCAQqgY+vt7r9crpjP4rMVXAAAAAAAAAOBsRAAMAAKBRCwQCcrvdcjqdKioqUmJiYrgttN/vl8MRCnYlW06nU3FxcXI6nTJNU8FgUKVFxTKMEyFwWXhs27bcbnelraABAAAAAACAsxEBMAAAABo1t8slQ5LP51N8fLx8Pp8sy5LbHSfJUlC2klJTlJebr93f7FJeQb5KS0sVDAbl8biVlpqqNm3aqHnz5ioqKpIcpgxJhl0WIIfmFT7RDDoyELaZNQUAAAAAAABnEQJgAAAANGpl1bpl8/c6HA45HA75/X4lJCToaE62Vq1apYL8QiWnpsg0TTkcDrlcLvn9fuXm5mrv3r2ybVt9+vRRx47t5fP5ZAeC4fmEG9LCNTv1yH8+0dqt+5UU79blY/vod3deomapCRW2/dZP/6t3Fm3SPd8apb8/OLXSY0754Qv6aNlXevXRb+u6CwdKknbsO6ae3/qTMlISlPXxryRJ2/Zk6RdPf6wFa3aoxOvXgK6t9bObzteUMX0kSbf9/i09P2tV1HPkzX9Ug7/3/7Rrf3Z4WYv0JI3s31G/v/Ni9erUIup+r8xZq8deXqQd+46qTfMUffuiwfrFTRPlcXNrAgAAAAAAcCY0/F+8AAAAgCoYhiHLshQM2jIMhyRTfn9QGZnNtXb9F1qzeq0cplNJKcny+XySJMuQSrx+OZ1OBYNBJScnKy0tTbt27dKCBQvCVb8Nbe7Kbbro/v9oyRdfKyMlQUWlfj0783ONu+MpFZf6I7YtKvFp9vKtkqS3FmyUZZ3eJMVHc4s09van9PbCjUpLilffzq30+Za9uuKhl8LnKdOpdbpGDegY8XA4TtxKDOzeWqMGdJRpGpq5eLMm3vNvZecXVzjnB0u/1I2PvKEd+45q7KDOKir16fcvLtD//XvuaT0XAAAAAAAAnEAADAAAgEbNsiyZDkc4CA4EAkpJT9OsWbNUVFSkpKQkBYNBOZ1OJSYmKqhQMOrxeGTbthxOlxwOh7xer+Lj4+V2x2n27NkyjNAxK/5KXD+/Itu2rXv+8p6CQUt/+8Hl+ua9n+rgh7/UyP4d9dU3R/T464sjtp+19EuVeP0yDEOHjhVo8Re7Tuv87366WUdzizRhSFdtf+vH+vyFe/XX+6dIkv520rnvvWaMljxzV8Qj3uMKr3/+F9doyTN36et3f6ohPdvq0LECfbD0ywrnXLFpt/p0bqkXfnmt5v7jNi168o7jY9l0Ws8FAAAAAAAAJxAAAwAAoFGzFQpLJclwOpSQnKSVK1fKkCnT4VTQtiTzRDhs2pJpS7ICkkIBsmVLhulQIGjJMB1KS2+mhZ8ultMTJ9sw5bdsWbYhwzRlS7JsQ7ZMWbZR6bhO17ptB7Rz3zG1yUzRPVePkiQlxLn0i5smSpLenL8hYvs356+XJN16+bCo62ur7JoWl/rk8wclSdMvO0cz/zxdPz8+htpyuxwaPaCTJGnvkbwK6397x8Xa+NqD4bbU1vExlA+TAQAAAAAAcHoIgAEAANCoOZ1O+f1+OdwuBQIB7d69Wzk5OYpPTJBlWdXubxhGeA5h27YVDAblcDjl8Xi0ZvVaxcXFyWE6w9XAfr8/PDdwXc4R/OU3RyRJfTu3lGmeCJr7d2slSdq6Oyu8rLDYq9nLtyolMU6/uf1iORym3l64UcFg9c+/MtPG91Oz1AR9vmWvel37Z/3x5YXyByxNHtNb4wd3OaVjen0BLd3wtSSpW7tmlW73ypy1uv4Xr+qCe/6tOI9Tj9196SmdDwAAAAAAABURAAMAAKBR8/v9iouLU0lJieLj4/Xll18qLi5Ofv+JOXJD4W10hmEoGAyGvzYMQ36/Xx6PRzk5OTp8+HA4HJZCoW/Z8cqW1YW8wlJJUlpyfMTyjJQESZI/EAzPA/z+ki3y+gK66NweykxP1JiBnZSVU6RFa0+9DXRmeqIWPnmHhvZupz2HcvXzp+aow9Tf6XcvLqjwvH/491lyjHw4/Hjxw9UR62/+7QyNvf1Jdbnyj1q39YD6dmmpqWP7VnruNV/u04z5G3Q4u1AdW6WrU+v0U34eAAAAAAAAiEQADAAAgEYvGAwqISFBu3btUlxcXHjOX8uyqgx/yyurFnY6nQoGgzIMQ0lJSdq2bZtcLpcsy5Jt23K73eFt6zIATkn0SJJy8ksilpd973CYSogLtUaeMS/U7vmy0b0lSZPH9Dm+fP1pjaFvl5Za+fy9WvDk7bp+0iAFgpb+75mP9dQ7KyK2692phS4d1Sv8aN8iLWL9+u0HtWzDbh06VqCWGUla8sxdivM4Kz3v335wuUqX/F4v//o6bd2dpet/+dppPQ8AAAAAAACcQAAMAACARs3hcMi2bdm2rb1798rpdIaXORyOGh/DNM2IkDcYDMqyLBUVFam0tDS8vmy5VLctoHt2yJQkbdp1KKKV86ZdhyLW5xeV6uOVWyVJ0x99Q46RD+uhf3wgSXpn0SYForSBTk4Ihcsl3hNV0mVflwWzL364Wo/85xN99c0RjR/cRa88cr2efvgqSdLrc9dFHO/WqSM06683hR8Th3WLWL/mpftVtOh3apGepMPZhdq863DU57z7UI6++uaIfP6gXE6HvnPRYDVLTdCGHQdVUOyt9poBAAAAAACgegTAAAAAaNRM05Rt2/J6veG2z2WtnGtSoVvW8tkwDDkcjojW0bZtKy4uTvv375fT6ZRpmgoGg+Hgty4rgIf2bqcubTN06FiB/vnmMklSqTeg37+4QJJ09fn9JUkzF2+Rzx9UZnqiRg3oGH6kp8QrO79Y81ftqHDsvl1D8wjPWrJFlhV6Du8v2SJJ6tcltO6z9d/o0efm6V/Hzy1JSQluSZKhmlVVlxfncerea0ZLkv7w0oKo29z315nqe/1f9daCUEXzviN5yissVWK8W0nx7lqfEwAAAAAAABVV3pcNAAAAaATKAtmc3DzFxcXJsqxQG2crVBVckxbQZRXEZcFxIBCQ2+mSw+FQIBBQVlaWunTqGG4pXRY6lw+DzzTDMPTEQ9M05Ycv6Id/n6V/vfmZsvOLlVdYqu7tm+sH14+VJL05P9Tm+WfTJ+q+4wGrJP3q33P12xfm683563XRuT0ijn3HtHP1jzeWaubizep29WNKSfBo485DMgxDD39vgiTpwW+P05vzN+ipd5ZrwZodykxL1MrNeyVJ37l4cMTxnnjrM81cvCli2ay/3FThOd111Ug99t9F+mjZV9qw46AGdGsdsX76ZUP1wdIvdfNv39SLH67Whh0HFQhaumfq8Bq38gYAAAAAAEDVqAAGAABAo+dwOFRQUBAOZAOBQI0Dw2AwKI8n1BLZ7/fL5XKFW0j7fL5wW2jDMMLHL/tvXYeSk0b00Nx/3qbxQ7rocHaBiktD1cntW6bJtqW8wlLNXbldkjT5+Py/ZS4fF5oH+N1PN8sfCEasa5aaoM+evVvTJvRTqdevrXuyNLxPe334+M2aMKSrpNC8viueu0ffmjhAR3OLtOar/erVMVNP/+Qq3T7t3Ijj7dqfrcXrvo54RGs9nZYcr+9PHS5J+uNLCyusnzahn17+9XXq2TFTyzbsVnKCR7+69UL94a5LT+XyAQAAAAAAIArDrsu+dgDQiBUVFTX0EACgXiQmJla6ruxXwbIQ1LKs8Dy4ZY/09PTTOv++/QdPq4o2EAgoPj5eX27briNHjsjtDrUKtmzVqALYtu2Ils5l+5gywutKSko06YKJKioqkm2fCH9P5VflNq1b1v5JHldQ7NV1v3hVc5Zv1cUje+rDx28+5WMBAAAAAKScnBw5HI7wwzTN8D1f2b0iHYkANEb5+fmnvC8toAEAANCoOZ3OcGhbVrkrSYZR81C5fJBbdmNftszn88ntdsuyrPD5AoGAXC5XrSqNz4TkBI/e//N0/e7FBbpp8tB6Oy8AAAAAAABiBwEwAAAAGrWy1sxutztcwWvbtkxHzQLg8pW85cPc8qGw0+kMz/9bdvyyber7k+AOh6n/u+WCej0nAAAAAAAAYgdzAAMAAKDRsyxLKSkp8vl8ERW8NWnRbBhG+FGmfCDsdDoVHx8fDoADgYAcDocCgcBpta4GAAAAAFStsNirMd9/UqNve0KFxd6GHg4AxAz+ogUAAIBGrSysTUtLOzF/r2nWuDr35JC4fPhrGIZKS0vVsmXLcAtoh8MRrgR2OBxn+NkAAAAAACQpELR07S9e1fKNu7Vi0x5d+4tXFQhaDT0sAIgJBMAAAABo1MoCW5fLpeTkZAUCgagtnavbv/zX5auI/X6/MjMzFQwGFQwGw3MOn7wvAAAAAODMufOxdzRn+dbw93OWb9Wdj73TgCMCgNhBAAwAAICzgt/vV/v27WVZVkRAW9uQtqzy17Is+Xw+tW3bNmLu37Ljm6YZrgoGAAAAAJw5jz43T8/PWlVh+fOzVunR5+Y1wIgAILYQAAMAAKDRMwxDlj+gdu3ahVtAO4wTv8pWFQKXbX9ytbBlWfJ6verdu7dKi4vkcDjkcDjk9/tDx3c4qAAGAAAAgDPshQ9W65H/fFLp+kf+84le/HB1PY4IAGIPATAAAAAaNfN4ta5lBeQrKda5w4YqPz9Xlh2UIVumIZmGZNuWbPtExW5Zpa8kBQIBWZYlwzDkMEzZQUuygurXp7cM25Lb5ZDsoEzDltPhkG1ZClp+mUwBDAAAAABnjM8f1F1/qr7N811/elf+QLAeRgQAscnZ0AMAAAAAqmIYhmTbiouLk9frlcvl0qgR52rxZ8vUvHlzBYPBiLC3fIvn/9/evcfIVZ53HP+97zlz5raztllTX9e4NjY4QCBQCk7UJAQFpVVElVRtoiYtSoPUVNCWVCRqpVRFafpHVSgRKTQlRZFbNVIutCQRl1SNhZ0a2wRsbC5exxcg2NgYtnvfnZ1zzvv2j5k57C5e3/bK+PuxjtY+z8yed85fM/7N87zOOVlb/86jtbbxWKlWq2lBpU2rV69WdWTonEZJAwAAAADOTpQL9O2//pQOHnnrlI+7ZNWFyoV8IxcAzhUBMAAAAOY15728pGq1qnw+r6GhIS1YsEDXX3+9nn76abW3t08Ifd8OhK21iuNYxWJRSZIoDEONDNef/4GN71dvb6+MqQe/Ro1R0sbIS1IWCJuTL2waPLPviP71hzvVMzCi7/7dZ8fVvvbtn+qfH96unoERXbthpe7/0id0+dql01b/4dYX9VcPPK7DR/9Pa1ZcoK994WP65Icvn5V6nKT66kP/o02PPqvu/iFdvHKx7vzMh/QHv3n19N1cAAAAAPPSpz965VwvAQBanvG0OgA4Tw0NDc31EgBgVpTL5UlrzbeCzjl577Ou2TRNs2PRokVTuv6Ro8eyLtxz5ZxTLpdTHMcKgvq3wL0NVKvVtGPHjvr+vWGoMAwlmez1NEPgNE1Vq9UUx7GuuPwydXZ2qr+nV2EYqrm0Zszr1QyCXeP82X3rfPmyJad9zI//9yX9zYP/rT0HjkmSbrpuvR7/+uez+gMPb9ef3v2IOhaUtGZFh37+0mvqXLJQB37wZeXCYMr1PQeO6drP3afAGl27oVM/3/eaktRp73/8hTas/pUZr3/5G4/qnu9s1eKFZV21brm2PndYtTjVj+/5nH7r/Zee1f0GAAAAgFPp6empf2ZsHNZaWWuzz4uSsolSADCf9Pf3n/Nz2QMYAAAA85oxRlEUaWRkRMYYJYlTmtbD6iAIdNNNN2nNmjVKU6fe3j4NDw8rTVMlSaJqtaqBgX4NDg5o5coV+shHblBHR4eGh4eVz+cVBEEWgvvGIeNkrB83Vnq6/WjrS+p69U1dc+nKk9Yf+MFTkqTN9/+xdjx0u37vxvfqtTd69V9bXpyW+rce2ak0dbr7zz6urf/yJ7r3jpvlnNc/fX/brNT3HDim9/zqEj31rdv0k/tu1b133CxJemTLC9N7owEAAAAAAM5DjIAGAADAvJYkSRb2RlGkOE7lvVfqXDYSurOzUxevW680TdXT06O+vj4ZY1QqldTeXlG5XFa1Wq13Bje6nJM0bXQMa8L+v2+HvzM1LOf23/2A7vnzj2vX/qO68bYHx9VGa4n2vXJCi9qL2cjmD1+zVt/76V69eOi4Rn/jPVOq68b3avcvjkqSPvi+NZKkG65ZK0l64dBxSZrx+k/uu3Xca3aN+1zM5872VgIAAAAAAGACAmAAAADMKGc0bhtde7aZahBK1ioIjYZHa7LWqlgqyhijgYEBDQ4NaXBwUAMDg6rVatno52b3rnOpKpWKrLUql8u6cPFiFQoFOVcf8ewSl63LOSd5K8k0tgCemQ7gK9ctm7TWPzQqSaqU8tm5BW1FSdLrb/VPuS5JfYPVcY9Z0FaY1XrTV775hF56+YSe2LFfnUsW6s7PfGjS+wIAAAAAAIAzQwAMAACAec2Y+p6+URQpl8vp+PHj6urq0ltvvSXvvWy2j1OQPd5am+1pbK3RiRMnslC4a98+Oee0YsUKlctlrVpVH8NsnJf3flzXbzNMnk1pI5g+mSR1U67Xr3HyFH626k2PbuvS3oP1fZCvWLtUF7SXJl07AAAAAAAAzgwBMAAAAGaU9fVwdbIg1XuvXC6nJHFKkkSFQkFxHGeBbaXSphMnTmj//v3q7u6Wd1I+n1ep3KY0TWWtPenvNcYoCAJJ9d/fVCqV5L1Xb2+venp6dODAAS1evFirV6/S0qVL1dfXJ2uMrFcWJEv1vydJImtt9vcwDLNO4ukSBid/PZIUWDPl+qmuETTu5UzXm3b/+x0aGqnpL+9/TA88vF1f+eYTuveLN0+6fgAAAAAAAJze5P87BAAAAMwC771qtZqMMYqiSKOjowoaXb3OSJs3b9bu3bvV3d2tKIrU1taW7d3b/Hm2mmG0MUZtbW3q7e3V3r17tXnz5qzbuBn8NvcCHh0dVT6fl/decRxPGjxPVceCknJhkI1ylqS+wRFJ0sJKccp1SVq2uCJJ6h+qNurVRr0w43XvvbpeOaGDR7olSeVipC98cqMk6Wd7Xj67mwUAAAAAAIB3IAAGAADAnPHeK8wX5G2gxDul8gqinKJiQS927dPmzZvlnZSL8soXipKxqiWx4jRRkiSK4/i015iwBbFkjHzjZ/Noq1QUBDlJVtu379SuXc8pKpZUS52ccwqCQFEUaWRkRNZaRVEkY4ySJJn2e2KM0WVrlqh3YCQbj7x192FJ0vsuWTHlulQftyxJT+6qn9/SqF89C3VjjDbeer82fOof9MvjvZKkFw4flyQt62g/9xsHAAAAAAAASZLxYzc5A4DzyNDQ0FwvAQBmRblcnrTWfCvonMv2zHXOKU3T7Fi0aNGUrn/k6LFsnPPJrl9LnYrFoqrVqsIwlDFGTz75pPL5vIrFokZrsYIgkPc+G/kchqGstdlaT6UR92qyN71pmtb3EG6sr3kvhoeHtXHjRrWXS1nwG4ZhNp46iiJVq9XGmOm3LV+25IzvzZO7DunG2x7UTdet1+Nf/3x2ftNjz+qP/vZ7WrywrPWrFuupva9q2eJ2dX33TrWV8lOuHzrSrQ2fvluBNdp4xUXa+eIvNVpLteOh2/VrG1bOeP2Of/yRvvH9bepYUNJV65frZ8+9rFqc6j///g/12x+87IzvHwAAAACcTk9PTzZlKgiCbFsfY0w22WmyLYsAYC719/ef83ODu+66665pXAsAvGucSdcYALSCKIpO+5hmEOy9f8dRLBandP2BgcEsADaNa4z9cG0a4W6hUNDg4KB27NypUqkkGaM4jhWGOaVpmu0VbK1VmqaK41jOudN+UDe+3gPc/CPT7AmuH1EUKUlS2SCoh8ROssYqDHM6fPiQSsWCFi5cmIXPzcDZe/+O8FeSKpW2M743rxzr0b899qzWruzQZz92dXb+qnXLFQRWu7qO6tDRbl13+Sp956u/r84lC6elfkF7SVeuW65d+49qzy9e10VLF+n+L31CH/31dbNSv+GatTLGqOvVN9X1ypu69KILde8Xb9bv3HDFGd87AAAAADgT1Wo1C32bwe/YQyIABjA/jY6Onv5Bk6ADGMB5iw5gAOeLue4APjqhA9iNCYC99zJhTrVaTUmSaNu2bSqVyyoWi6rValk4e7I1N7+t7Zw75fXNhHe7fsLn+iRJlM/nFcex0jRVqVDM9vtNXaLR4RGtX3+xOjs7NTAwoFwupzAMNTIyonw+/47rn00HMAAAAABgZtEBDODdaiodwOwBDAAAgDkVx7Hy+by279ihCzo6FAShRkaqiqK84jhRkjgZE8jaUM7VA+DmB/bTjX8+E/WQOcm6kJMkkTFGo6OjWdfv888/rzfeeEPlcjkbRZ3L5abl+gAAAAAAAMB0IgAGAADArBnbjNvs5G1ra9OWLVtUKpWUJEm2124zlI2iSM65rDZ2P+Dp+JZ2mqZyzmWBbpIkCoKgPm7aBIqKBbUtaNdzz7+gOI7HdU3zLXEAAAAAAADMNwTAAAAAmFGpc/KSjLVZd60Cq5FarEK5Tc8884wqlYqsDdTcnKQ+jiuQMYGcS2SMV30ylxs3AvpMeDP+mKgZKjdHOQe5UE5eqXfyRqrFiWyQU75Q1LPP7VGxraLYeeVy+foapXEHAAAAAAAAMJcIgAEAADCjwjDM9uq11irx9RC3UqloaGhIfX19qlarkqQgCGSMyfYjno0O22agPPFc8wiinEaTRLlcToNDw+ru7h63RgAAAAAAAGA+IQAGAADAjHLOZWFqGIYyxihJEknSwYMHZYzJ9vSV3g5frZWsrXf6zuYhvfOazQA7CAIdPnxYhUJBtVptXHjsNX7ENQAAAAAAADAXwrleAAAAAM4PY7t6m52+PT09KhQK9Voj+B37+LE/54L3Xq4WK8iFSmqxCoWCuru7x4XZ8umcrQ8AAAAAAACYiA5gAAAAzIrmPruhsQqN1cDAgIaHh7MOYTkvq/HdwGmaysjP3WHqewRbL4WBVZrECmT0xuvHFIZh1skMAAAAAAAAzBd0AAMAAGBGNTt4rbVKkkTee6Vpqv7+foVhqGq1Wh+13Phuojf159THMXvNdX9tmjiZwMo2tiMuFArq6+vTsmXLGkE1g58BAAAAAAAwfxAAAwAAYEY1u3mb4a9zTtZaVSplXXLJOllbH6Xc3Pt3bGBsjJFSJ8nNydqdkawNx63LJ6ny+bySpCZjPPEvAAAAAAAA5hUCYAAAAMwo55yCIJAk5XK57HyhUFA+n1cYRnLu7YC3GRg3w+JgriPWIFQcx8rn80rTVNbXX9PYNQMAAAAAAADzBQEwAAAAZlR9lHM92G120UpqDHw28kksM+ZM6scPfR77nLng0lTWWsVx3FjQnC4HAAAAAAAAOCU71wsAAAAAAAAAAAAAAEwPOoABAAAwT9RHKtt51mFrPaOeAQAAAAAA8O5BBzAAAAAAAAAAAAAAtAg6gAEAADCjVq5YNtdLAAAAAAAAAM4bdAADAAAAAAAAAAAAQIsgAAYAAAAAAAAAAACAFkEADAAAAAAAAAAAAAAtggAYAAAAAAAAAAAAAFoEATAAAAAAAAAAAAAAtAgCYAAAAAAAAAAAAABoEQTAAAAAAAAAAAAAANAiCIABAAAAAAAAAAAAoEUQAAMAAAAAAAAAAABAiyAABgAAAAAAAAAAAIAWQQAMAAAAAAAAAAAAAC2CABgAAAAAAAAAAAAAWgQBMAAAAAAAAAAAAAC0CAJgAAAAAAAAAAAAAGgRBMAAAAAAAAAAAAAA0CIIgAEAAAAAAAAAAACgRYRzvQAAAAAAAAAAAAAAwORuueWWSWubNm0a9286gAEAAAAAAAAAAABgHpsY8p7qPAEwAAAAAAAAAAAAAMxzE8PeyUJhAmAAAAAAAAAAAAAAeBdohr6Thb8SATAAAAAAAAAAAAAAvGucKvyVCIABAAAAAAAAAAAAoGUQAAMAAAAAAAAAAABAiyAABgAAAAAAAAAAAIAWQQAMAAAAAAAAAAAAAC2CABgAAAAAAAAAAAAAWsStnlsNAAAABklEQVT/A6oEjNc5zAlRAAAAAElFTkSuQmCC' height='250' width='300'/> ]]>
  </system-out>
</testsuite> <!-- com.tribu.qaselenium.tests.mazaprendo.MAFeedbackCourseTests -->
