<?xml version="1.0" encoding="UTF-8"?>
<!-- Generated by org.testng.reporters.JUnitReportReporter -->
<testsuite hostname="station" failures="1" tests="1" name="com.tribu.qaselenium.tests.apimazaprendo.MACreateF2FLessonTests" time="30.052" errors="0" timestamp="2022-04-15T18:42:14 COT" skipped="0">
  <testcase classname="com.tribu.qaselenium.tests.apimazaprendo.MACreateF2FLessonTests" name="createF2FLesson" time="30.052">
    <failure message="The following asserts failed:
	Element was not found null, By.xpath: //div[contains(@class,&#039;node__content clearfix&#039;)]//p expected [true] but found [false]" type="java.lang.AssertionError">
      <![CDATA[java.lang.AssertionError: The following asserts failed:
Element was not found null, By.xpath: //div[contains(@class,'node__content clearfix')]//p expected [true] but found [false]
at org.testng.asserts.SoftAssert.assertAll(SoftAssert.java:47)
at org.testng.asserts.SoftAssert.assertAll(SoftAssert.java:31)
at com.tribu.qaselenium.testframework.pagebase.BasePO.exec(BasePO.java:285)
at com.tribu.qaselenium.tests.apimazaprendo.MACreateF2FLessonTests.createF2FLesson(MACreateF2FLessonTests.java:54)
at java.base/jdk.internal.reflect.NativeMethodAccessorImpl.invoke0(Native Method)
at java.base/jdk.internal.reflect.NativeMethodAccessorImpl.invoke(NativeMethodAccessorImpl.java:62)
at java.base/jdk.internal.reflect.DelegatingMethodAccessorImpl.invoke(DelegatingMethodAccessorImpl.java:43)
at java.base/java.lang.reflect.Method.invoke(Method.java:566)
at org.testng.internal.MethodInvocationHelper.invokeMethod(MethodInvocationHelper.java:133)
at org.testng.internal.TestInvoker.invokeMethod(TestInvoker.java:598)
at org.testng.internal.TestInvoker.invokeTestMethod(TestInvoker.java:173)
at org.testng.internal.MethodRunner.runInSequence(MethodRunner.java:46)
at org.testng.internal.TestInvoker$MethodInvocationAgent.invoke(TestInvoker.java:824)
at org.testng.internal.TestInvoker.invokeTestMethods(TestInvoker.java:146)
at org.testng.internal.TestMethodWorker.invokeTestMethods(TestMethodWorker.java:146)
at org.testng.internal.TestMethodWorker.run(TestMethodWorker.java:128)
at java.base/java.util.ArrayList.forEach(ArrayList.java:1541)
at org.testng.TestRunner.privateRun(TestRunner.java:794)
at org.testng.TestRunner.run(TestRunner.java:596)
at org.testng.SuiteRunner.runTest(SuiteRunner.java:377)
at org.testng.SuiteRunner.runSequentially(SuiteRunner.java:371)
at org.testng.SuiteRunner.privateRun(SuiteRunner.java:332)
at org.testng.SuiteRunner.run(SuiteRunner.java:276)
at org.testng.SuiteRunnerWorker.runSuite(SuiteRunnerWorker.java:53)
at org.testng.SuiteRunnerWorker.run(SuiteRunnerWorker.java:96)
at org.testng.TestNG.runSuitesSequentially(TestNG.java:1212)
at org.testng.TestNG.runSuitesLocally(TestNG.java:1134)
at org.testng.TestNG.runSuites(TestNG.java:1063)
at org.testng.TestNG.run(TestNG.java:1031)
at org.testng.remote.AbstractRemoteTestNG.run(AbstractRemoteTestNG.java:115)
at org.testng.remote.RemoteTestNG.initAndRun(RemoteTestNG.java:251)
at org.testng.remote.RemoteTestNG.main(RemoteTestNG.java:77)
]]>
    </failure>
  </testcase> <!-- createF2FLesson -->
  <system-out>
    <![CDATA[ <img src='data:image/png;base64,iVBORw0KGgoAAAANSUhEUgAABLAAAARMCAYAAACJcWqtAAAAAXNSR0IArs4c6QAAIABJREFUeJzs3XlYVGX7B/DvwLAJCqisruBSAq6IaGCmouaeiamllr4ub+WSZi5vau6mtigulYSamJqYG1oZ4A6KCqKymCGU24Aow77IMr8/+M2JYYZhgIEZ8/u5Li6dsz5zzpztPs9zP6KhQ4fKQC+cixcv6roIRERERERERPQCuXfvXo3nNdBiOYiIiIiIiIiIiLSOASwiIiIiIiIiItJrDGAREREREREREZFeYwCLiIiIiIiIiIj0GgNYRERERERERESk1xjAIiIiIiIiIiIinTp+/Lja8QxgERERERERERGRzsiDV+qCWGKZTFZf5SEiIiIiIiIiIhJUDFodP34cI0aMUJqOASwiIiIiIiIiIqp3ldW4UhXE0iiANWHCBLzzzjtaKdyPP/6IvXv3amVZpHurVq2CTCbDsmXLdF2Ufz0nJye89dZb6NmzJwDg8uXLOHjwIJKTk3VcMiIiIiIiIqLqU1XTqjIaBbC0FbySLyswMFBryyPdcXJygpubm/B/BlLqjpubG1atWqUwrGfPnujZsyeWLl2K2NhYHZWMiIiIiIiIqO4ZyGQyVPWXm5urtRXm5uZWuT7+1f2fNgwbNkzl/0n7Zs6cWaNxRERERERERP8GGtXA2rhxI958802trPDw4cNaC6CQ7pibm6Nfv37C5379+mHnzp1aDXZSGScnJ9jZ2VU63s7OjjXgiIiIiIiI6F9NowBWeHg4wsPD66E49Lzo27evymEnTpzQQWn+3czNzbUyDREREREREdHzSqMmhLr6+/777xESEoJ169ZVOe3EiRMREhKC7t27V3s9ffr0QUhICEaNGqXR9Dt37sTRo0c1mrZ9+/YYMmSIzreltpsQqmoyqK1mhJGRkcjIyMDhw4eVxjVp0gSLFi2CkZFRlcsZOXIkMjIyMGvWLK2US1dat25d5TQ2NjY1WnafPn1w48YNZGRkYOjQoQrjxo0bh5iYGKSmpuL06dNCvjMA6Nq1K06fPo2UlBTExMQo1NBs3Lgx9u3bhwcPHiApKQnLly8XxolEIqxcuRKJiYmQSCQIDAyElZVVna6zqu9JRERERERE9ev69esa/8mJdVhetdq1a4dWrVohMjISHh4eaNy4MdLT0+tkXbdu3cJnn32GpKQkjab38/ODsbGxRtO+8847aNq0KU6ePFmbIgpEIlG9NcG0tbWtNL+SqiZtdnZ2WLlypcrpt27disePH1e5zi5duuCll17C77//jv79+8POzg6pqanC+LFjx2LRokXYsmULioqK1C4rMjIS77zzDuLj46tcrz7766+/qpwmLS2t2sv94IMPsHLlSpW/ezc3N3zzzTeIjIzEjh078PHHH2Pv3r1wd3eHWCzG/v37UVpaihUrVmDs2LHw9/fHzZs3kZiYiM2bN2PgwIFYv349Xn75ZXz00Ue4e/cuAgMDMX36dMyePRs//vgjHj58iE8++QR5eXmYMWNGna1T3fckIiIiIiKi54NGTQjt7OwwaNAgrazw1KlTCgGJyvj4+CA3NxebN2/G3r170bdvXxw6dEgY37JlS3zyySdo06YN4uPjce/ePQCATCaDjY0N9u/fj19++QUGBgbo27cvJBIJVqxYgXfeeQe9e/dGcnIyPvvsMzx58gQdO3bEkiVLsH37dvz888/Yu3cviouLsW/fPkydOhXGxsY4duwYdu3aBQCYPXs2GjdujBEjRsDAwADTp09H3759YWlpCYlEgn379iEkJAS7d+9GixYtAAChoaHw9fXFli1bUFxcjDNnzmDcuHGYOHEicnNzMXv2bPTs2RNisRi3bt3CV199hSdPnmDAgAFYtGgR/P398frrr+PWrVv48ssvtbIvqmJubo6OHTtWa57Kpte0idvYsWORlZWF+fPnIyYmBr6+vti2bRsA4Ouvv8bkyZMBAA8fPsSUKVPw+++/Y+PGjRg0aBCMjIxw6dIlzJkzBxKJBJ6envjhhx+wdOlSbNmyBQ0bNsTSpUsxePBgWFlZ4Y8//sCaNWtw5swZAECPHj2watUquLm5oaioCGfPnsW8efPqLHCqKU3yitUk91hhYSH69euHfv36KdVYGj16NEQiERYvXozr16+jcePGmD9/Pnr06AEzMzPY29tj2bJl+Oabb5CQkICjR49i1KhR2Lp1KwYPHozTp09j48aNMDU1xYgRI+Dr64vAwED4+voiKysLs2bNQmlpKV599VWMGDECM2fOrLN1qvueRERERERE9HzQKID19ddfq00iXR2DBg3C22+/rXYaAwMD9OvXD+Hh4UhJScHNmzcxYMAABAUFCdMsXrwYbdu2hZ+fnxAAAsoCWM+ePQNQ1mzI398fubm5GD16NL7++mvs2bMHT548wbhx4zB27Fhs3bpVqNEkb15XXFwMW1tbdOvWDRs2bMCHH36ICRMm4Ny5c7h7965QBplMhoEDB2LMmDH45ptvcOvWLbz11lt4//33ERUVhZUrV2L79u2QSCRYv349MjMzUVxcjKZNm8LFxQVbt25FdnY2/vvf/2LgwIHYvHkzsrOzsWTJEvz3v//FqlWrhFpGo0ePxs8//4z4+Ph6q4GVnJwMPz8/YdvWlJ+fn0YJxg0NDeHr64uTJ0/i3r17CA8Px9ixY4UA1qZNm+Dm5gYPDw8MHz4csbGxWLlyJcaPH4/58+dDKpUiICAAa9aswZQpU5SWv3XrVowcORIrV65EXFwcPvvsMwQFBaF3795ISEjArl27kJ6ejjfffBNNmjTB9u3bMXfuXCxdurRW37+2kpOTkZqaWukxmJqaWqME7gEBAQCgkIxfrk2bNgCAv//+WygDALRv3x4mJiaVjnNycoJYLBbGFRQUICUlBe3btwcAtG3bFg8fPkRpaakwb8+ePdGiRYs6W6e670lERERERETPB41yYGkreAUA9vb2Va6ve/fusLa2xvXr19G0aVNERUWhbdu2aNWqFWQyGRo3boz27dsjNjYWx44dQ2hoKM6dO6e0rvv37+PYsWPYv38/AODp06c4cuQI9u3bBwBo0aKFUjBI/tnY2Bh+fn64cuUKfvnlFwBlvcGVn14mkwkP1h06dICVlRW++uorvPHGG3jy5AkSExMBlD1Qx8fHo7i4GABgZmaGdevWITg4GPn5+QgICMDo0aNx9OhRhIWFITc3F23atFFYV3h4OPbt24eYmJh6zYF15swZLF26FDk5ORrPI5eTk4OlS5cKNZyq0q9fP9jY2ODixYtwdHTE2bNn0alTJ7z88ssAyoIXWVlZAIDo6GhIpVKsWrUK7du3x/fff4+ff/4ZWVlZCnmT5Bo3boyRI0ciMjISX331FU6dOoV169ZBLBZj7NixAIAGDRrAwcEBnTt3xr179+Dk5KTz4JXclStXajSupiwsLABACAYXFhYCKNtG8tp08mHqxsmX0aBBAwBlNfHKj5P/39zcvM7WSURERERERM8/jQJYMTExWluhJgGYAQMGAAAWLlyIgwcP4j//+Q8AYMCAAZDJZELS56dPnwrzyPMrlQ/QPHnyBDKZTGheJZ9e/tnIyEhh+vJlyM3NRXZ2NmQyGbKzs5Wml/8FBwfj2LFj8PT0xNq1a3HkyBEsXrwYYrG40u+Xn5+vUPbOnTvjiy++wG+//YZTp07B3NwchoaGCmW7f/++zpK4x8bGYtmyZdUKYuXk5GDZsmWIjY3VeJ5x48YBALZt24b4+HgheCQfrkrv3r1x9OhRSCQSpKamolGjRioTvMubct6/f18Y9vDhQwBAs2bNAJTlK0tLS8OGDRtw8eJF3LhxQ2Vvi7qgrnfHuuj5Ub6v5QFaU1NTAGVNFeXHj3yYunHyZciH5+bmKoyT/z8nJ6fO1klERERERETPP42SuH/00Ufo0qWLVlZYVTDMzMwM3t7eiI6OVmgyOHXqVPj4+GDHjh3IzMwEUNYjnZy9vb1WylddRUVF2LRpE/z8/NCmTRu88cYbGDJkCC5fvozTp0+rnKekpET4v7GxMZYsWYL09HT4+voiLy9PqPFVnrzJla4kJydj2bJlWLlypVBTpjLy4FV1mrVZWFhgyJAhOHfuHLZv3y4MX7p0KXx9fVXmLjIxMYG/vz9SU1PRoUMH5OTkKASoypMPlwergLI8auXHRUREoFevXrCxsYGXlxc2bNiADRs2wMPDQ+PvUVceP36M2NhYpdplsbGxGiXHr647d+4AAJydnfH06VOheV9CQoJQ48nJyUmYRj4uOTkZRUVFwjBzc3PY29vj/PnzAIA//vgDHTt2hFgsRnFxMdq0aYPc3Fzcu3evztZJREREREREzz+NcmABUOi6sC716dMHJiYmCAkJQUREhDC8ffv2mDx5Mrp06YLr16/j7t27cHNzw4gRI5Cfnw9vb28AUKphVJ3PqsZV/Lfi+P/+978YPnw41q5di9TUVDx58gQAkJeXJ+TjatasGby8vBAVFaW0bAMDAxgZGcHIyAjNmzdH//79UVRUBEtLS7Rs2bLSdeuCpgEpCwuLaudkGjlyJMzMzBAUFIRTp04Jw7t06YLFixejd+/euHDhAvLz8wGU1ZY6d+4cjI2NYWxsjLZt22L06NEoLCwUmpiWl56ejmPHjgkJw+/cuYPFixejoKAAe/fuhb29PSIiInD69Gmhx8S8vLx/dS0eDw8PODo6wsXFRfgsFosRHR2NQ4cOYe7cuVizZg1OnDiByZMn488//8S1a9cgFotx//59zJgxA0VFRRg7diyePXuGw4cPIz8/H8HBwRg5ciQWLVoEFxcXiMViodnuTz/9hJ49e2Lr1q1ISUmBh4cHdu/ejZKSkjpbp7rvWVnAk4iIiIiIiPSLRk0I6/Nv4MCBAIDLly8rDL906RKAf5oRrl69Gnfv3sWHH34IHx8fHD16FMA/zfzkNAlgladuWlXj9+3bh8jISCxcuBDffvst+vfvj2+++QYRERGQyWQ4dOgQxGIxZs+eDUtLS6Vl5+Xl4ZtvvoGRkZGQ6N3Pzw9GRkZKydN11YRQzsnJqcraV+WnrQ55HqqQkBCF4b///jsA4K233gIA7NmzB+np6Vi4cCFcXFywbNkymJiYICgoCOnp6Vi8eDGMjY2xYcMGpXXMnDkTAQEB+OCDDxAQEID09HS88cYbSEpKQkpKChYtWgRXV1f89ttv2LdvHxITEzF16tRqfY+6Ym5ujtatWysNb926tcY9PFb00Ucf4YcffhC2rfxz7969cfv2bUyfPh12dnZYsmQJbt++jbfffhsymQxFRUV45513IJFIsGzZMjRo0ADvvvuukER93rx5+OWXXzBnzhy88sorWLNmjdCD6K5du7Bp0yYMGjQI06ZNQ1BQED799FMAqLN1qvueRERERERE9HwQeXt767ZaD+nErVu3qj3PsGHDhHxkVQkICKiT3EzV8cYbb2D37t1YunQptmzZotOy1Ebfvn0xduxYtb0Q/vTTTxonyyciIiIiIiLShXv37gGoXiu/rl27AtCwCeGUKVMwZcqUmpWugp07d2Lnzp1aWRbVL1W9+0VGRgIAPD09labVZQDLyckJQ4YMAQBIpVKdlaOmbG1t8dZbb8HT07PKWm92dnaYPXs2pkyZgsjISBw8eLBO8mIRERERERER6YrGASxtmTJlCgICArS2PKo/rq6uwv9zcnKwc+dOodZP3759MWXKFCHYUn5aXRg4cCBGjRqFyMhIHD9+XKdlqa6K21JTFhYW6N+/Pzw9PRX2DREREREREdHzzkCTieTd22uDNpdF9cfW1lYIqMTGxuLjjz9WCJCcOXMGH3/8MWJjYwGUBVNsbW11UlYA+O6772BjY4NBgwYhKytLZ+WoLltbW8yePbvawavyLCwsMHv2bJ1ufyIiIiIiIiJt0qgG1urVq4Uk27X1008/6bw3Paq+3NxcREZGIjY2ttKmgY8fP8bSpUsxbNgwuLm5/at78KtL8iAgEREREREREZUR9ezZk9GkF1BCQoKui0BEREREREREL5A6T+JORERERERERESkKwxgERERERERERGRXmMAi4iIiIiIiIiI9BoDWEREREREREREpNcYwCIiIiIiIiIiIr3GABYREREREREREek1cWlpqfBBJBLpsChERERERERERPRvoO0KU+K6XDjpL+5rIiIiIiIiInpesAnhC4r7nYiIiIiIiIjqS21b/YljYmK0VBTShaSkJDg7O+u6GFRL3I//HtyX+oH7gSrD34b+4z7Sf9xH9YPbmYhq4sqVK3Bzc9N1MSpVXFxc43kNtFgOIiIiIiIiIiIirWMAi4iIiIiIiIiI9BoDWEREREREREREpNcYwCIiIiIiIiIiIr3GABYREREREREREek1BrCIiIiIiIiIiEivMYBFRERERERERER6jQEsIiIiIiIiIiLSawxgERERERERERGRXhPrugBEVDvBwcGIjo7G7NmzYW1treviUA1IpVJs2LBBabi1tTUWLFiggxK9uPbs2YOEhASYmprC1dUVr7zyChwdHXVdLNKx/Px8nDx5EklJScJvo3///rouFqkRFRWFQ4cOKQzz9fWFu7u7jkpEREREtVXtAJZUKlW6IXBycoKPjw+SkpLg7OystcJR/Xn06BEiIiIAgA9sz5GoqChhvwUGBmL27Nk6LhHVhFQqrdZwqjtjxozBjh07kJKSgqioKERFRfGhl3DixAlER0cLnyUSCWQyGXx8fHRYKlJH1fmT51T9kJ+fj4SEBDx69AgSiQQA4ODgAEdHR3To0AFmZmY6LiEREemrGgWwkpKSFIbJZDIAgL+/P2/0n0NSqRT+/v4oKCgAAMTFxbE2z3Og4ttliUSCQ4cOwdfXV4eloppwdnaGvb09UlJSFIa/8sorOirRi8vMzAzTp08XglgAcOjQIVhbW/MFzQtKKpUqBK/koqOjGcAiqqbQ0FCEh4cL95xy8mcLU1NTeHt7s4YjEVE9efDgAUQiEQCgQYMGeh8D0HoOrEOHDiEqKkrbi6U6FBUVpXAjUVBQgLi4OB2WiKqiqmkEAKSnp/P4e07NmTMHTk5Owuf+/ftj+PDhOizRiyE/P19pmJmZmdK2P3HiRH0VifQMa0gS1V5+fj78/f0RFhamcM9pZWUFKysr4XNBQQFCQ0Ph7++v8vxMRETa9fDhQzx48AAPHjxQepmuj+okB5b8wZo1sZ4PqqKsrL6tvyoLXvn6+sLFxQU7duwQquLT88XU1FTl/6nu7NixA2PGjFE6Xh49eqTwWSKRQCqV6v1bKao/3bp103URqBYuXryIwsJC4bOpqSm8vLx0WKJ/t8DAQCQnJwufnZycMGbMGOGcKpVKERQUJEyTlJSEvXv3Ytq0aTopLxER6ac6S+JemyBWSUkJjh8/jvPnz+Px48cwMzND+/btMWbMGIUaCjWRmZmJ27dvw9PTs1bLOXv2LE6fPo2VK1cqjYuJicHOnTvh5+dXq3XUF3d3dyQlJQlNJLp161br4ON7772nVD0cAOzt7bFp0ya18/75558Qi8W13tcVRUREoFOnTrCwsNDqcuuTuuCVfJ9Nnz4dfn5+mD59ulYetnNzczF37lw0b94cy5Ytq/XyVElLS8PMmTOxb98+GBoaan356o5XXVm+fLnCw1NFJ0+exMmTJxWGdejQAZMmTarVevft24fff/8dCxcuRIcOHWq1LFXKb+vt27ejcePGGDdunNbXoy0pKSnw9/fHtGnTFIJYFZvKA9BaACsyMhLBwcH4+++/YWBggBYtWmDo0KHo1atXrZd9+PBhHDt2DAMHDkRmZqbebH9Vx7hMJsN3330HIyMjTJo0CUZGRjoupWqqgsnyh28AwvUzPz8frq6uNQpsBQUF4c8//8T//vc/heGXL1/G7t278e2339as8NVU1+difVLx/ApAbQCroKAA7777Lr766is0a9ZM7bKlUilWrFiB3NxcrF+/Ho0bN651eZ9noaGhCsErKysrTJw4UeFlqbW1NSZOnAg/Pz9kZGQAKDu2QkNDq91Ut67vW563+3wiIm0pLi5Gdna2Tl/o1mkvhDUNYm3evBl//fUXpk2bhvbt26OwsBCnTp3CsmXLsG7dOjRv3rzGZbp58yZiYmJqHcB65ZVX0L1791otQ5+4u7sLASxt1ZxbtGgRunTpUu35Tp8+jbZt2yoFsOS51uRtdKvrwIEDcHZ2rlYAq7S0FAYGWm9pWyOaBK+AstpzEydORFBQEHx8fGqdt+fs2bPo06cPoqKiIJFI4ODgUKvlVVRaWoomTZrgu+++q7MHJn08XtUFryqjKihcHcXFxbh48SImTJiAkJCQOglglffee+9V+/ip72POxMQEBQUF8Pf3x5gxYyCVShEfH68ygKWNWnGnTp3Cvn378O6778LDwwPGxsa4evUqvvvuOxQUFKBv3761Wn54eDimTp2K3r17Iy8vT6vbsjbnYFXH+L1799CnT586/x3WlqOjI6ysrISHagAYNmwYgLKckXv37hWGx8fH4+HDh89l89/6OBe/KP744w+UlpZix44d1Tpe9OmeQ1vy8/MRHh6uMMzLy0sIXgUFBUEkEsHX1xdmZmZwd3dHWFiYMG14eLjC9Jqo6/sWIqIXUXFxMRISEmBtbf3vCWANHTpU6QGruu3XExIScPXqVXzxxRfCGy4TExOMGTMG9vb2whvatLQ07Ny5E48ePYJIJIKbmxsmTpwIExMTzJo1C0OHDkVUVBSys7NhZGSEefPm4dGjR9i9ezdKSkqwbNkyrFy5ElKpFAEBAXjw4AEMDAzg4eGBt956C4aGhvj2229hYWGBtLQ0pKenIzs7G9OnT4eLiwsiIiKEWgZZWVnYtm0b7t+/DysrK6UH5VOnTuHUqVMoLS2FqakpJkyYADc3t1ps6edfZmYmtm/fDolEgtLSUjRv3hzvv/8+zp49iwsXLiAqKgoPHz7E66+/jo8//hhvvfUWjhw5gi+++AKLFi3CnDlz4OrqCgDYvXs3SktLMWXKFBQVFSEwMBDXrl1DSUkJvLy8MHHiRHz99ddITU3FmjVrMH78eFy5cgXNmjUT3qBfvXoVBw4cwJdffokzZ87g8uXLMDIyQlpaGtavX4+YmBj8+OOPyMvLg6GhIUaNGlXrB83qCg4OVhpWWacJjo6OsLa2FmqW1CaIFRYWhrlz56Jhw4YICwvDhAkTAACpqamYN28eJkyYgKtXr0IqlaJjx45C0CI1NRXfffcdUlNTUVpaih49euC9996DSCTCtm3b0KhRI9y4cQMuLi4YPny4wlv/M2fO4MSJEygpKUGjRo0wefJkODk54enTp5gzZw6mTp2KCxcuQCqVwsnJCTNnzoRIJMLTp0/h7++P5ORkGBsbw9fXF3369FE4XgHg+PHjCAkJEZb/n//8B+3atavxNnpeXLlyBe3atUOfPn0QFBSEnJwcIaD77bffwszMDE+ePIFEIoGxsTEmT56MI0eO4PHjx7CyssInn3wCExMTbN26Febm5khLS0NGRgaKi4sxY8YMtGnTRmF9u3fvFmoAFRUVwd/fH3FxcSgtLUWrVq3w/vvvw9LSUuUxV19cXV0RHR2NgoICBAYG1um6CgsLsX//fkyaNAn9+vUThnt7e8PKygpicdkl+dmzZ9i7dy9u3rwJmUwGOzs7TJ06Fba2tjh//jwuXLiAli1b4u7du0hPT8fgwYMxePBgfPHFF5BIJNi3bx/u37+PjIwMYfvLz7n3799HkyZN4O3tjeDgYGzduhUhISEIDw/H8uXLAZTVXpgyZQq+//575OfnK52Di4qKKj22KzsHP336VOEYr+y6WNUxriteXl5CjR0TExOhtl5oaKjStBEREfDx8dF6U/zKrpuWlpaYPn262uuipsfe/PnzFfZTfHw8AgMDhWDogAEDMGTIEABlL5uOHz8uBF2GDx/+QiXeruwesaSkBLt370ZOTg7mzp2LZcuWoaSkpNJ71orXw7Zt2+L8+fNo1qwZ7t69i4yMDMyYMQPh4eF48OAB8vLyMHfuXLRo0QJFRUXYv3+/8AKyVatWmDp1Kho2bKj291Kf4uPjlZ4NUlJSEBYWptBBQrdu3eDs7AxnZ2eFAFZBQQHi4+Or9XJV1X1Lbm4uZsyYgdWrV6N169YAyvK+LFiwADt27MDcuXMrPYaqus9/Ue8piOjFIQ9e5eXlAVD9MrNhw4Zo1KhRnZdFK695MjIykJycjGbNmqFNmzYKf1VVs67o1q1blc7Xu3dv2NnZAQC2bNmCFi1aYPPmzdi4cSMePnyII0eOAAAMDQ1x8+ZNLFq0CJ9//jnMzMwQEhICV1dXDBgwAO7u7sKD7JYtW9C0aVN8/fXXWLduHeLi4oQLp6GhISIiIvCf//wHq1atQt++ffHTTz8plevgwYMQi8XYtm0bli9fjhs3bih8n0OHDuHTTz/Fpk2bMH78eHzxxRfIzs6u1nbRJqlUiuTkZIU/eTfGQFmul4rjK+aDqa1ffvkFDRs2hJ+fH7Zs2YKXXnoJMTExGDlyJJydnTF27FihScmzZ89QWFiIgICAKqvhHz16FI8ePcLmzZuxadMm3Lp1C7///jvmzJkDAPj000+r7NnN2NgYCQkJ6NevH9avX4+ioiJh323btg3vv/8+duzYgaysLK1tD01MmjRJIdGpuh4/o6KihJvC2iRBjY+Ph7m5OVq0aIE+ffrg4sWLKC4uBgAYGBiguLgYz549E2pHRkdHIzIyEgDw/fffw9nZGdu2bcOGDRsQERGBq1evAgCMjIxw6dIlLFq0CFOmTFFYZ0JCAgIDA7FgwQJs2rQJQ4cOxYYNG1BcXAxDQ0MUFRUhMzMTS5cuxZo1a3Djxg2h04GtW7fC2dkZ3377LRYtWoTvv/8e9+/fV1j+nTt3cPjwYaGJW/fu3bFjx44abyNdCQ4OxuLFi1XWyqtMSEgI+vfvDyMjI/Ts2RPnzp0TxhkaGuL69ev44IMPsHHjRsj0gdpUAAAgAElEQVRkMvj7+2POnDnYuHEjMjIycO3aNQBl+z4yMhIffPAB1q5di379+mHbtm1q133ixAlIJBJs3rwZW7duRUlJiXDOrnjM1afq5Lzx9/ev1bkwMTER+fn56N27t9I4Nzc3vPzyywCAI0eO4MGDB9i4cSM2b94MJycnbN26FUDZfoqLi4OHhweWL1+OWbNmITAwEEVFRZg/fz5sbW0xdepUvP322wrLDwoKgqGhIbZt24ZFixbhzJkzGtX0UHUOVndsV3YOLk/ddbGqY1xX5A+1ABSamlaW7LT8NVVbKrtuVqWmx15OTg42bNiAcePGYfPmzViyZAkOHz6MW7duobCwEDt27MDixYvh5+eHpUuX4tq1aygqKtL699ZXld0jduzYERMnTkTz5s2xadMmNG7cWO09a8XroaGhIRISEtC/f3+sXr0anp6e2LhxI0aOHInVq1fDzc0Nv/76KwDg2LFjuHPnDj7//HNs2rQJVlZWCAgIAFDz34u2qTpnRkVFITQ0VOh0Rh68qmz66px3K7tvMTc3R48ePXDmzBlh2oiICHTv3h3m5uZql6nuPv/fck9BRFSZisGrvLw8Iel7+b+HDx/WS3m0UgNLKpWqPVlXpwZIbm5ulVXSsrKy8Mcff2Du3LkAyi7+r732Gk6ePCnk+njllVeEKvBOTk5IS0tTWk52djbi4uKEN7smJibo378/zp07h4EDBwIAunTpIkQSW7dujVOnTikt59atWxg3bhxEIhGMjY3x2muvCTcmV65cgYeHB5o0aQIA6Ny5MywsLHD79m14eHhotE20JT8/H3v37lXZNKa8ynrbcnBwwLRp0zR+q7xhwwal6Oy4ceMwfPhwNGnSBJGRkYiOjoarqytGjRqlchny+Xv37q3R2/fLly/jzTffhJGREYyMjLBixQqhVkN1mJubC3lMjIyMsH37duF7d+jQAYaGhnj8+HG9RJnlnJ2dMXv2bJw4cQIZGRlwcXFROV35poZWVlYKD17VFRoaKtQUsbS0RNu2bXHlyhWFIKD8YdzU1BSdO3dGXFwcevXqhU8++UTYZw0bNoSzs7PwUCcSieDi4oKmTZsqrfPSpUvw9PQUgtWenp744Ycf8McffwiB7VdffRVAWXNJe3t7pKWlITs7G/Hx8ZgzZw5EIhGaNWuG7du3o0GDBrh7966w/Hbt2gnDgbJj/OjRozXeRvVJIpEgPj4eUVFRiI+PB1C2v62srKrMESKRSJCWloaOHTsCKOvlUB4glOvUqZPwO2/WrBksLS1hYmICoOyh/enTp8K0Xbt2FWpv9ezZE7t27UJmZmal6x8xYgQGDx4sHI9ubm7CdwAUj7n65OjoCF9fX40CgfKmhhXzZWkqJycH5ubmMDY2VjtdZGSkcB4DgAEDBuDo0aPIzc0FANjY2AjBLicnJ5SUlEAqlcLW1rbSZd66dQtvv/02RCIRzM3N4eXlhZCQkCrLrOocrO7YruwcXP63oe66KK+1oOoY1yV96HFQ0+tmRTU99m7dugVLS0t07txZWL+7uzuioqLg5uYGS0tLhIaGom/fvnB0dMTChQu18C2fL5rcI1Z1z6rqemhvb4+WLVsCKDsXOzo6Cs3gmjVrhuvXrwMoO95GjhwpNG8eMmQI5syZg5KSkhr/XrStqmBut27dhNrw+fn5iIiIqPYyylN33/Laa69h06ZNmDBhAoyMjBARESHUKldH3X3+83xPQURUlYrBK31QpzmwaqJRo0a4c+eO2mnkN8LlgweNGjVSyE9RPsgiEolQWlqqtBz59EuXLhWGyav/qlqOgYGByuVkZ2cr5FVq2LChQlkrPuhULGt9CQ8PrzJ4pY5EIkFoaKjGuT0WLFhQaQ6sgQMHQiQSITg4GJs2bUKnTp0wefJk4YGmIk0DRRkZGQrbX35DUVJSotH8chWr2J85cwaXLl0ScsAUFxcL/69PZmZmGDNmDOLi4rBjxw4MHz5cIThcMU9WdROflpednY0rV64gOjoaP/zwA4Cy/Bx5eXkKAayK21v+oBkXF4cTJ04gPz8fIpEIEolEIddNZfs0IyMDN2/exM2bN4VhhYWFyMjIEAJYqo5L+TFVvjzl/y9XUFCAAwcOIDExEUBZcy1d7MuaqKyZmybHdUhICDIyMjB58mSF5SUkJAj7pXyOJwMDA6XP5c9/qo6znJycStefkpKCgwcPIi0tDSKRSGF/AsrHXH1yd3eHtbU1goODq+w+uDZBLEtLS+Tm5qKgoEBtPq3MzEyF40O+reXXvorXNwAqr03lVbxOqQt2qVK+POqO7crOweVpcl3U5NpbX8rXzAagUE4TExOV+eyqmy+tsvsUec1ToPrXTbmaHnsVf4dA2W/x6dOnEIlEWL58OYKDg7F69WoYGBhg1KhRL1QTQkCz36km96wVt7Om5+KMjAwEBgbiwIEDCvNmZGTU+PdSn0xMTIR8cvKXrLUJFld139KxY0eYmpri2rVrcHBwQE5Ojka5WtXd5z/P9xRERJqoSd7euqR3AazOnTvj4MGDSEpKUqq1dfToUTg5OQnDMzIyhAtxVlZWtZOJyZujff755yofdDVlYWGh8OBW/uJbMfFrTcuqDfKHXHt7e6Ug1KNHj4T8HkOHDlV6uJA/2GmzWcSAAQMwYMAA5OfnIyAgAHv27BHeUFZUvvZVxWYv+fn5Qi0RS0tLhTf9mZmZKCkpUbpBNzAwULjBUBdVjoqKwuHDh7Fu3TrY2tpCJpNh4sSJmn/ROuDq6gpnZ2cEBgbC0dERw4YNU5nkvTbNB8+cOYNevXrhww8/FIaVlpZixowZkEgkwtv8zMxM4c1xdnY2GjVqhOzsbGzcuBHz5s0TckWsWbNGYfmV1ahr3LgxXn31VaWmhQDUBn7l+7j8eSE1NVUpaX9QUBDu3buHZcuWwdTUFHfu3MGKFSvUbov6Ij+/5efnIykpqcpgiqaKiopw7tw5fPnll0LNNqCsiUloaGiNkmiXP87kTaLVBZq3bNkCV1dXfPTRRxCJRDhy5AgSEhKqvd664uzsjDlz5kAqlUIqlQoPjDt27FC6cNc0iNWmTRs0aNAAYWFhCjXfACA6OlpI/m1lZaWwfeXNla2trRV68qoOc3NzhfNc+RpNqs6pFcmP16qO7crOweXp03VRnYsXLyIiIkLpgVoqlSI/Px9mZmZwdnZW+h2Xz5GlqSZNmuDRo0eQyWQK58Z79+4pBBsru26quy7W9Nir+DsEFPeTg4MDpk+fDgC4ffs21q5di5deeqlWHe1UV8XeXE1NTfHZZ5/V2/o1IW/6r+6etab53aytreHr61tpx0TVuc+qKw4ODpWetxwdHRWSuVf2MkbTJOxV3bc4ODigT58+CA8Ph6OjI7y9vYUAsbpjSN19vj7fUxAR1ZZYLIaLiwvi4+OrXSGkruhdVydt27ZF7969sWHDBly9ehW5ubmQSqXYv38/goODYW9vj4YNG6JDhw5CVe2ioiKcPn0aPXr0qHL5YrFYaIZhbm4ONzc3ITm2TCbD0aNHcf78+WqV2cXFBRcuXIBMJkN+fr5CXhlPT09cu3ZNaHoTHR2NvLw8nfa6JL/pLv9X/mbb0dFRaby2k9F+++23whttMzMzITAEKO4jVZo0aSLkNcrMzFTIRdCjRw+EhISgsLAQhYWFWL9+PSIjI2FgYACRSCQst2nTpnjw4AGAstpZqqqsy2VlZcHS0hI2NjaQyWQ4fPgwRCJRrXuEqy0zMzNMnz4dVlZW2Lx5s8omUCdPnqxWjiQ5mUyG0NBQpXxh8o4OytdGOH36NICyB9uYmBi4ubkhLy8PJSUlQlLvqKgo/P333xpts549e+Ly5cvCA/bjx4/x1VdfVRn9b9SoEV566SWcPHkSMpkMqampWLhwIZ48eaIwXVZWFhwdHWFqaor8/Hz8+uuvKCkp0XnulmnTpmH69Onw8fHB8OHDMWfOHJW1Gezt7ZWGVVXb49KlS7Czs1MIXgFAr169cOXKFbU1pypz48YN4bx2/vx5tGzZUu2LgKysLDg7Ows1di5duqTzY0gVa2tr4Zzo6OiI6dOnCw8x5cmDWNXJzWJkZISJEydi//79OHnypBAIOXfuHLZs2SIEKjw9PREWFib8Jk+dOgU3N7danYdfeuklREREQCaTIS8vD5cuXRLGNWnSBCkpKcL61F0Dqzq2KzsHl6eP18WKgoODhX2kirwJnre3t9I4VcOq0qNHDxQXFyMwMBDZ2dkoLCzE5cuX8dtvvwnBTnXXTXXXxZoeex07dhTO60BZ0DM6OhoeHh74+++/sWLFCuHc0axZM4jF4nqveaIquKxvanPPWpWePXvi1KlTwna4fv069uzZA0D976U+qQvmZmRkICwsDGFhYWpf2GgSENb0vuW1115DTEwMzp8/LzRVBtQfQ+ru8/X1noKISFsaNGgAFxcXIeBvbGyMZs2aKf2pekapC3pXAwsAPvzwQ5w8eRIHDhxAamoqTE1N0alTJ6xdu1Z4AJs5cya+//57Id9Nt27dMGLEiCqX3bVrV/z666/44IMPsHXrVsycORMBAQGYNWsWSktL0aZNm2r3Ljd27Fhs3boVM2bMgJWVFfr06SMk2HR1dcWYMWOwZs0alJaWwtzcHAsXLqwyYeS/weeff65y+Pbt2zF06FAEBATg559/hoGBARwdHTFt2jQAZTdkgYGBSEpKwnvvvac0/7hx47Bz505cvnwZ1tbW6Nmzp5BYfNSoUcjJycFHH32E0tJSeHp6YtCgQRCJRPDy8sKqVaswZswYDBw4EF9//TWWLFkCc3NzdOrUSWVvUvLyhIeHY9asWWjQoAFGjx6NV199Fdu2bcPSpUur3VGBtnl7ewsPU1ZWVkJ1fHnX7vIkqb6+vhovMzY2Fjk5OejUqZPSuF69emHz5s1CcMXa2hrz589HTk4OevXqBQ8PD4hEIgwZMgSLFy8WEqdOmDABO3fuRIsWLdSu++WXX8b48eOxbt06FBcXQywWY+TIkTAxMamyRtmsWbPg7++PGTNmwNjYGBMnTkSrVq0U3v4OHz4cfn5++Oijj9CoUSNMmTIFDx48wP/+9z9s3LhR422kTeVrlpbn4+OjECy0t7fHnDlz8OjRI4WaQVU1FQ0NDUWvXr2UhltbW8PJyUnhZlxT3bp1w3fffQeJRAIzMzN88MEHaqcfP348fvzxR/z8889o0aIFpk2bhvXr12PXrl1o3759tddfX+RBLG3VxOrXrx8sLS1x/PhxHDx4ECKRCM7Ozpg3b56Qn+yNN95ATk4OPvnkE8hkMjRv3rzK7VsV+XXqww8/hIODA7y9vYXrVKdOnfDyyy9j8eLFsLa2FgIwqppD2dnZqT22KzsHl8+fpu66qIvm9arIz5uViY6Ohru7O5ydnZVqlFWWn1Adc3NzrFixAoGBgZg1axaKi4uF/S6v6abuuqnuuljTY8/c3BwLFizAnj17sHv3bhgYGGD8+PHo0KEDZDIZXF1dsWjRIgBlL558fX2rPL+/qGp6z1qVESNGIC8vDwsWLEBpaSksLS2FZuLqfi/1ycXFpdKmtiYmJkJQTdWLAvlwTY4pTe5bxo0bBzs7O7Rt2xY5OTlwcnISplF3DKm7z9fHewoiIm2TB7Hi4+NhY2NTr7WtKxLJqvk6JikpCf7+/tVaSXWSuFP1qGpqqcqjR4/g7+8v5F6p+MAVFBQk9Frn7u6uEOyoal6qPU33Y2Xy8/MhkUjU5sOquF9rKy0tDTNnzsT+/fs16s3sRaHpvly8eLHwf2trayxYsEBpGqlUig0bNgifnZychCY7UqkUUVFRQv6m+rR9+3Y0adIEY8eOrdf1Vkdtj6mKKgYNyzM1NcWCBQu0XlNV20pLS4VjNTw8HCdPnsTatWt1XKr6p8lvY8+ePZXW5nF2doaXl5ewv9evX68QwFqwYIHeNYd83tTkPCq3bt06AGWB+/IvAICyzivkAX9181LVqnOOVbUvAMX9ock02uLn54c2bdooNeXWR9q+lhHRi+HKlStwc3PTaNryNeUbNWqktkZ8Xl4ecnNzYWNjU6vyyV8QyDsl0UTXrl0B6GETQqobgYGBws14QUGBUDsHKAt0yINX8s/l3z6rm5f0g7xZaHnu7u4KN2dRUVHw9/evVV4sVZistPakUikOHTqksG8ePXqkMmG7nLW1NXx8fHT2oPyi7feqmhNW1nurvjh69ChWrlyJoqIiFBcX4+zZszWqKfSimDRpEqZPn67yz8fHRwheXbx4UanWWFhYmNbPs0TPMx8fH4XaTppycnLSevAqISEBsbGx1W5tQUREZTWxahu8qi29bEJI2lfxBrt8Ml9VOT7K33yrm5f0m7e3NyQSiRCgTEpKqlZPklR/oqKiYG9vLzTfCg0N1WqnCVR76poT1qbnrPrw+uuv4969e5g1axYMDAzg4uKC0aNH67pYzyWpVIqwsDDExcWprKUVFRWFuLg4uLq6on///qyNRQRg4sSJCAwMVGjSHx8fLySwl6dCkHNyctJ6hzmrV6/GgwcP8OGHH6rsIZWIiPRftQNYDg4O1e4mWdPeQ6juvPLKKwqJyt3d3RX+f/HiReGBzMTEBK6urhrNS/pvzJgxACAEsbT1oG1jY4OffvpJK8t6EQ0dOlTp4bf8seXj46PUVFdfzqW1zcf0PKssiOXl5aXDUlXN1NQUs2fP1nUxnnvlm9SrU1BQINRmnjBhgsI1lbSn4nm0fIcWqmoYlh+mbl7SPnnHM6GhocI9p0QiUXpRY2JiAm9vb63XvAKAJUuWaH2ZRETPu/L5nJ+HPN3VDmCZmZnVyUWF6tbw4cNhZmYmtKUvvw+tra0xffp0hIeHAyh7ECv/xrjivPr+oEbKhg0bBlNTU0ilUiGgRbpVVU9l8l7wSP84Ojpi4cKFCA0NhVQqhbu7OwMUL4jw8PBq93R38uRJ/j7qiLrzaFXn0Jr0Fkm15+PjAy8vL8THx+PRo0dCAMvBwQGOjo5wcXHR+3yCRET/JrpMyF4TbEL4AlEXeHR0dFQb2GDQ8vlmZmbGZoNEWsRj6sVUk9xWlfWuRvSiMjMzg7u7O2v0ExFRtTGARURERKSBSZMm6boIRERERC8s9kJIRERERERERER6jQEsIiIiIiIiIiLSawxgERERERERERGRXmMAi4iIiIiIiIiI9BoDWEREREREREREpNcYwCIiIiIiIiIiIr3GABYREREREREREek1BrCIiIiIiIiIiEiviQ4ePCjTdSGIiIiIiIiIiOjfbdCgQQCA69evazxP165dAQDi/PysOikUERERERERERG9uMRiQ5iYmKBhQwtYWlrWbllWVrVbABERERERERERUUWGhgYwMjJCgwYNYGxsXKtliZs0aaylYhEREREREREREZURiUQwNDSEsbExTExqGcCqbRUuIiIiIiIiIiKiikQiEUQiwNDQEIaGhrValtjMzFRLxSIiIiIiIiIiIvpHWRCr7K82xGKxWEtFIiIiIiIiIiIi0j4DXReAiIiIiIiIiIhIHQawiIiIiIiIiIhIrzGARUREREREREREeo0BLCIiIiIiIiIi0msMYBERERERERERkV5jAIuIiIiIiIiIiPQaA1hERERERERERKTXGMAiIiIiIiIiIiK9xgAWERERERERERHpNQawiIiIiIiIiIhIrzGARUREREREREREeo0BLCIiIiIiIiIi0msMYBERERERERERkV5jAIuIiIiIiIiIiPQaA1hERERERERERKTXGMAiIiIiIiIiIiK9xgAWERERERERERHpNQawiIiIiIiIiIhIrzGARUREREREREREeo0BLCIiIiIiIiIi0msMYBERERERERERkV5jAIuIiIiIiIiIiPQaA1hERERERERERKTXGMAiIiIiIiIiIiK9xgAWERERERERERHpNQawiIiIiIiIiIhIrzGARUREREREREREeo0BLCIiIiIiIiIi0mtiXReAiOjf5FlhAU4GHwAADB0+DsYmpjouERERERER0fNPLwNYubm5CAs7ixs3buHevQfIzs6BSCRC48bWaNPGGT16uKNnTw+IxXpZ/Dpx5co1rF//tfDZy6sn5s2bpcMS1d6RI8exd+9Pwud165ajfft2OiyRehX3QXmGhoawsDCHk1MreHu/gldf9YKhoWE9l/Dfa9WqzxETcwsAYGQkxoEDP9R6mXfu/InFi5cLnydMGItRo0bUermJibdha9dM+L+La5daL5OIiIiIiOhFp3cRoLCws9i1KxD5+QVK41JSUpGSkorw8Et47bXemDXrvzooIZGykpISZGZmISbmFmJibuH06XP49NNPYGrK2jcvmtvxMejl7QMAiLpyngEsIiIiIiIiLdCrHFhBQUewfbu/UvBKLBbDzEwxEFBUVFSfRSNSIhYbomFDCzRsaAGRSKQwLj7+NgIC9uioZKQr6U8fAwAcHJrDwaE5nj17JgwjIiIiIiKimtObGlg3b8biwIFDCsPc3Fzw9ttj0K5dWxgYGCA3Nw9xcfE4dSoUgEj1gui5MXz4ELz++gDhs4mJiQ5LU32enh5CM87CwkIcOHAIx4//Iow/e/YCJk0aj4YNG+qqiP8aCxfOQ0lJCQAoBQv1SUL8Dbzs8k+Nq5dduiAh/ga8eg9QMxcRERERERFVRW8CWPv2BSl87tKlExYv/lghz5W5eQP06NEdPXp0R1raE2G4qlw2Xl69sG/fQdy8GYvMzCzMnfshvL1fEaa5ejUap0+fQ2LiXWRlZcHIyAjNmjnC09MDgwcPgJmZmUJ5JJIU/PZbKP7662+kpj5Gbm4eCgoKYGpqAjs7O3Tq5IohQwahadMmCvPVpGza9uzZM5w5cx4REZG4d+8+8vLyYWZmCmdnJ/Tt2xve3q9UGhSIjY1HaOgZ3LmTiIyMTACAtbUV2rRxRv/+fdC5c0eF6bOzsxESchrR0Tdw//5DFBQUwMLCHLa2NnBzc4Gv7xtCoCo4+Jcqc2AlJibh119/x+3bd5CeLhXW36HDSxg0yAft27dVKrOqfElnzpzHb7+F4N69BxCLxXBzc8HEiePg6OhQw62qyMTEBBMnjsfFi5eEcpaWluLu3WR06dIJADBu3LsoKioGAHTp0hELFsxFUNARhIdfxtOn6ejfvw9mzPiPsMzk5L/x228hiItLQHq6FDKZDDY2TdClSycMHz4ENjZNlcqRmJiEEyd+xR9//AmpNAMyWSksLBrC2toKTk6t0KmTK3r39lKar7rHg6rfde/eXvjpp58RHX0DOTnZsLOzxcCBPhg27HWV26w6v5X167+qNAdWTY9NbXtWWIAH95PQuYunMKxlS2fcjInEs8ICJnMnIiIiIiKqBb0IYD158hR//pmoMGzq1HfVJmlX9fAu9/jxEyxcuBRZWdnCMJlMBgB49qwIX3+9FVeuXFOYp7i4BImJSUhMTMKZM+ewZMlC2NnZCuOTk//GiRO/Kq0rLy8fycl/ITn5L4SGnsFnny1GmzbONSpbXXj8OA1r136B+/cfKAzPzs7BjRu3cOPGLVy4EIH58z+CsbGRML64uBjbtu3A+fPhSsuU5yIzNTVRCGDFxSXgyy/9kJmZpTB9RkYmMjIycedOIgYN8tG4ptVPP/2MgwcPKw1PTX2M1NTHOHv2Anx938D48WPULmf7dn+EhZ0VPj979gxXrlzDnTt/4ssv18HKylKj8lTFwMAANjZNhQAWAOTm5qmctri4BCtXfo7bt+8Iw8r/Dg4fPo59+w4q/TYePpTg4UMJTp8+h3nzZqFbt39q+8TE3MTatV8INZXkMjIykJGRgeTkv/DXX38rBLBqejxUlJz8N44ePYmcnByFsu7aFYi8vDy89dabCtNr87eirWOzOs6EncCD+0lKwzt16QGLho2EzxYNG6FN2w74af8OpWlbtGyD1/oN1Up5iIiIiIiI/u30IoBVMXjVqlULODjY13h5v/8epmJoWQ2jgIAfFB7WnZxao3NnN2RmZuH8+XCUlJTg0aMUfP75l9i4cY1CEM3MzBQdOryMpk0bo1GjRigpKcHDhxJcuxaN0tJS5Obm4ZtvAvDFF2tqVDZtKy4uxpo1G/HgwUNhmLt7V7Rs2RzJyX8JNVqiomKwa1cgZsyYIky3c2egUvCqWTNH2Nra4MmTp3j48JHCuJSUVKxb94VC/rIGDczQqlVLGBgY4P79BwpBu6qcOXNeIXhlYGCAtm2dIRKJkJiYJARpDh06ChubpvDx6atyOUVFxQgLOwsDAwNYW1vh6dN0YVxGRiZ+/fX3KgNgmiouLkZKSqrCsIYNLVROGxsbrzRMHqs6fz4cP/74T800KysreHmV1eq5cCECWVnZyM8vwJdf+uHLL9fB3t4OQFnQS75dGja0gJdXLzRsaIGnT9MhkaTgzh3F4wyo3fFQXnj4ZWG9RUVFKCgoFMYdPXoCQ4e+DnPzBgC0/1sBtHNsVkdqykP4DHoTDg7Nq5zWw/NVeHi+qjDs3t+JiLio6lxAREREREREquhFAKtiLQx1NT001blzR0ya9DYcHOzw+HEajIyMIJGkKNTE6dq1M/73v/kwMDAQ5tm0aRsA4N69BwgPv4w+fbwBlDVp3L37O5UP8EFBR4T8XcnJfyElJVUIKmhatrpw7txFheDVO++MxZtvjhA+f/PN9wgNPQMACA09g1GjhsPW1gYpKakKgTax2BAffzwHPXq4C8OkUimSkv4SPh86dFQhING1a2fMmfO+kP+ptLQUV69GwdS06ho1MpkM+/crNin99NNPhKZ4sbHxWL58rVA76cCBQ+jXr4+wHytq1aoFli5dCGtra1y/fhOrV68XxqkKJNVEeroUBw4cUvgti8VitTV+7OxsMWPGFLRv3xa5uXn/3+RPhn37DgrTNG5sjS+/XIdGjcq245Ahg/DRRwuFINHhw8fxwQfTAJTVtpMbM+ZNDB06SGF9OdLKIB4AACAASURBVDk5CvusNseDKlOnvovBgwfi2bNnWL16A+LiEgCU5QdLTLwr1NbT5m8F0O6xqamBr4/C778dQfcevdG2nUu15k38Mx7XrlzAwNdH1bocRERERERELwq9CGApq12NJCsrKyxcOFdoftSiRVktiZMnTyk0yWrduiWuXYv+Z60VVhsdHSM8sDdoYCbkg0pMTEJ6uhSFhYVQ5dEjSaUPyZWVrS5cu3Zd4XPjxtYKtW3KN50rLS1FTMxNDBzYH1FRMQrbadCgAQrBKwCwtraGu7u18Pnq1X+2o5GRGDNnzlBIXm5gYABPTw+Nyv333/cVakp16dJRCF4BZcn9u3TphOvXbwAApNIM/PXX33B2dlK5vIkT34a1dVlZu3btBGtrK0ilGcK8NRUeflmoeaTKgAF9hVpHqsyfP1sos5mZGZo2bYK//rqnkN/Nyak1bt/+Q2G+Jk0aCzW9oqNjhOG2tjbCvIcPH0da2hO0aNEMjo4OaNWqJSwsLNCpk5swfXT0jRofDxW1a9cWgwcPBAAYGxvD27uXEMACFLezNn8rgPaOzepo3MQWA18fhYiLoZCmP1GqYVWZq5HnkZryAANfH4XGTWofqCciIiIiInpR6EUAy9KykcLn1NTUSqbUTPfuXVXmzilfQwUAjhwJVruc8oGEI0eCsXfvAY3Wn5eXX+2y1YXy5QeALVu+1Wj6itupQ4f2aufLzc1TyH3k4GBfq7xSFdffvLlykK9ly+ZCAAsoK3tlAayXXlJMDN+gQQMhoFJUVFTjcqrj7t4Fkya9U+l4Bwd7leWt+N2joq4jKuq60nRyUmkGioqKYGRkhGHDXheCRhkZGQgO/qdHRAMDA3To8BLGjx+DDh1eUrmu6hwPFb38suJvpEEDxcBdcXFZ8npt/1YA7R2b1VUWxHoTv/92GOEXQqrsaTD8Qgik6WkY+PqbTOhORERERERUTXoRwGrXTrEnuXv3HtSqqY+2ehuT1+LIzMwSmiEBgIWFBcaNG42WLVvAyEiMq1ejcfjw8XJzVp6Uva57QquNymqt6JqqHhI1TXxvZCRGgwaKPehV1tSwusRiQ6F3PkNDQ5ibm6N161bw9u6lVGOtoiZNGmulDEBZUnojIyP06NEdixZ9jJMnf8Pt238IPR4CZTXs4uISsGbNBnz11eewtbWp9nrU/T4sLRsqfNbWNq6KNo/NmjA2McWwkW8jcLdflQGspLsJmPjebK2un4iIiIiI6EWhFwGspk2boF27tkIyd5lMhp07A7Fw4VwYGhqqnOfJk6eVBoPEYtXzVOy5cOHCeVUGGgAgMfGuUIMEAEaOHCo0lwLKkqBrqrKy1QUbm6ZITi7LeSQSibB797ewsFCdVLy8isGNhIQ76NXLs9Lpzc0bwMLCQqhZI5GkICMjs8Y1ayqu//79+0rT3L//UOGzul4p64qnpwfmzZtVo3k1/Y0OGzYYkydP0Hi5Hh7d4OHRTUgo/+iRBDExt3DqVCgAID+/AFeuRGHYsNdrfDzUhrZ/K9o8NmvqWWEBjIyqrlVpZGSCZ4UFrH1FRERERERUA/VTTUIDb7+t2BNcVNR1rFmzEYmJSUJtm8LCQly/fgNr127Enj37q72Obt06K3w+ejQYz549U5ouMzMLhw8fQ2JiEgCguLhEYXx+/j/NkDIyMoVE6PWppKQE+fn5Kv+ePStrFufu3kWYXiaT4dChYyqX9eDBQ+zYsUvowc7dvYtCradTp0Jw5UqUwjxpaU8QGflPPq3u3bsK/y8qKsbWrd8hO/ufnuRKS0tx4UKEQvOxyrRq1UKhhlJMzC3ExNwUPsfGxit8tra2QuvWrapc7vOgdeuWCoHZ/2PvvqOjqvY2jn8nvXdCCgmE3iF06SAg0gWuqKhgL3gVuaggoliQImJBpFivBRsWEESlS+8JkIQWkkACAdJ7nXn/GBgSklAEZC7v81nLJZlzZp/f2WdS5pm991m/fgOnTp2usF9hYSHr129k3boNlsf27NlLbm4uYF5AvkaNYNq1a8Po0SPLBcGpqanA3/9+uFrX8rViDd+bycmJePtcemSlt48vycmJ170eERERERGRm5FVjMACaN68KXfdNbzcdKDIyH1ERu7DwcEBBwcHcnNzLWFWp04drvgYQUGB9OzZjTVr1gNw8OBhxowZR9u2rfHwcCcnJ4f4+GMcPHgYo9FouYNcnTph2NjYYDQaAVi6dDmZmVk4OzuzadMWMjIyr/b0r9jWrTvYunVHpdu6dOnI2LFj6NatM0uX/kZS0gkAfv31N6KiYmjcuCHOzk6kpaVz6NARjh83v6l+8MH7AAgIqE7v3j348881gDkkmDFjNsHBQVSv7k9qaipJSSfp1q0z7du3AWD48CFs3bqdggLzNLM9eyJ58slnqVWrJjY2NiQmJpGRkcmCBe9fchSYwWDg7rv/xQcfLLA8NnXqW9SrVweDwcDhw7HlphDeddfwf2zK2vV27tzPrVeWnZ3Ds89OoH37NlSv7k9hYSGJiSeIiTlAfn4Bw4YNtjx3yZJlxMQcpF69OlSv7o+3txdgXnz9XDgJEBwcBPz974erdS1fK9bwvZmenkJA4Pl12k6eTGTrJvOItw6dehF4dltAYA3S01MIrVm30nZERERERESkalYTYAH861934O3txeeff0V+foHl8aKiogojQ+zt7f/WMR555AFyc/PYts0c/qSlpVumV13o3CgkPz9f+vW7jWXLVgDmQGf16nWWOm69tbvla2tib2/PpEnPMW3a25aQ6ujROI4ejat0/7Kjrh56aBR5efls3LjF8lhS0glLGHahwMAAJk4cz9tvv09Wlnk0TV5ePtHRB/5W7T16dOX06TN8//1PgHlUzsGDhyvsN2zYYHr16vG3jmGtunfvQnp6OosW/YDRaKSwsJC//tpU6b4Xrg9WUlJCTMxBYmIOVrp/3bq16dr1/J0E/873w9W6lq8Va/jeTD6ZSPOWHSgqLCAyYjuxR2Lo2PlWANavWU6duo1o0bId/tVrsDdiKy1aXqJBERERERERqcCqAiyAXr160KFDW1avXk9k5D6OHTtumUrk7e1NnTphtG/f5qJrMl2Mg4M9zz8/lt27I1i79i8OH44lIyMTGxsbvL298PHxpm7d2rRuHU7jxg0tzxs9eiT+/tX4449VnDp1GmdnJxo1ashddw3j6NF4qwywAKpX92fmzDdYv34DW7duJy4ugdzcPBwdHfHy8sTfvxqNGjWgffs25aaZ2dnZ8eyzT1lG6Bw8eJiMjEwMBgOenh7Uq1eHjh3LX4OmTRvz3ntv8eefq9m9O4LExBMUFBTg6uqCv381mjVrirv7pdfgOmfEiGG0atWS339fSUzMQdLS0gHzlMHGjRty2229qF//5hzNcscdg2jVqiV//LGaqKgYUlJSKCkpwcvLC29vL2rWDKVFi2blpokOHz6EOnXCOHw4ltOnz5CdnU1xcQkuLs6EhNSgffs29O7dEweH8+Hv3/1+uFrX8rVyo783T586QV5uNls3rcLL24+hw0dZ1rkKCKjBpo2rWP7rtzRv2Z7TpyoPgEVEREREROTiDPHxB67tbblERP4fiYzYSvLJRBo1blnl9MBjCUeIiY4gILAGLVpe+fRnERERERGRm4G3dyAAe/bsueznhIeb11G2uhFYIiL/S1q07HDJaYGhNetq7SsREREREZGrcHOsfC0iIiIiIiIiIjctBVgiIiIiIiIiImLVFGCJiIiIiIiIiIhVU4AlIiIiIiIiIiJWTQGWiIiIiIiIiIhYNQVYIiIiIiIiIiJi1RRgiYiIiIiIiIiIVVOAJSIiIiIiIiIiVk0BloiIiIiIiIiIWDUFWCIiIiIiIiIiYtUUYImIiIiIiIiIiFWzq1mzwY2uQUREREREREREbnJZWVl/+7kagSUiIiIiIiIiIlZNAZaIiIiIiIiIiFg1BVgiIiIiIiIiImLVFGCJiIiIiIiIiIhVU4AlIiIiIiIiIiJWTQGWiIiIiIiIiIhYNQVYIiIiIiIiIiJi1RRgiYiIiIiIiIiIVVOAJSIiIiIiIiIiVk0BloiIiIiIiIiIWDUFWCIiIiIiIiIiYtUUYImIiIiIiIiIiFVTgCUiIiIiIiIiIlZNAZaIiIiIiIiIiFg1BVgiIiIiIiIiImLVFGCJiIiIiIiIiIhVU4AlIiIiIiIiIiJWTQGWiIiIiIiIiIhYNQVYIiIiIiIiIiJi1RRgiYiIiIiIiIiIVfufDLB+P5hKjdc3Xda+E36L5d5FUde5outvQ1wGzd7exku/H2VpVAqvrYy7qvYe//EAT/18CICCEiOG59ZwJCX/WpRqtS71uknOLsLw3BpScov/wapERERERERE5FKsIsDampCF4bk1ZOSXXNb+jau78kbf2pe17+AmfoxqE3g15f0jNsZlYnhuDQ9+H1Pp9pWH0vj6nia4O9ryxqo47gkPuGbHtrcxMGdIfaq52V+zNq9Wm3d38PmOk9e0zSt53YiIiIiIiIiI9bC70QX8HaFeToxue3mh1C01Pa9zNdfGwq1J+Djb8V3EKd4ZVA9Pp/KX5rXbzMFL80A3XuhR85oe29bGwFOdalS5vbjUhL2t4Zoe80a4kteNiIiIiIiIiFgPqwywxi45zImsQpzsbNh7MoecolLGdQ3hyY7mkOX3g6k8/P0BEid3AsBognmbE/lwcyLHMgrxcbHjpV5hPNI+iAm/xZKYUcBX9zQB4HROEWOXHGbNkXQMBritvg+zB9XHx6Xyrjhx4gRBQUGYTCZOnTpFQMDFRz6d2//Cf19Men4JP+w9zSd3NuLpXw7y5a7kcoHSpfojMbOQR36IYefxbIpKjTQNcGP2oHq0D/WwtPHRthNMWxNPWl4xAxtXw8YA7o7mAXgFJUacJ67j8Au3UNfPmbFLDpOUWYCtjYGoU7n0qufDO4PqVag7NjWf8b8eZktCFgUlpTQLcGP5Qy3xcLJld1I245YeJvJEDj4udjzYLogJPWpia2MgI78E75f/Ys6Q+ny1O5mM/BJqeDry37saE+zpyNglh9mfnMMLvx3hjdXxhAe58cP9zTCZYN6WRD7YlEhSZiH1/Fx4e1A9utX2+luvm5NZRTyyOIZNcZlUc7NnYs9a5c6vuNTE66vi+HJXMpkFJbQKdufdwfVpGuB6yWsqIiIiIiIiIteOVUwhrMyv0Sk83SWEiHHt+O2hFoz/9UiVazS9t+E4M9Ym8Mmdjcl8oxs7nmlLeLB7pfve+eV+8otLOfB8B/aPb09ydhH3fVP1GlkzZ85k2bJlmEwmHn/8cWJiKp/id87vv//OjBkzKC0tZdasWfz666+XPNf/7jyJm4Mtw5v7M7JVAAu3JlXY52L9YTSZeKxDMPGTOnLm1a70bejLHZ/vJb/YCMCaI+mMW3qYL+5qQtpr3ejbwIdFe05dtKZfolL4d+cQ9v2nfaXhVXZhKd3n7SbMx5lDL9xCyqtdmd6/LnY2BlLzium9YA+3NfDl1JQuLH2gBR9tPcHsv46Xa2NzfCYbnmzNgec7EOLlxIsrYgF4d3A9mga4MaNfXY5MuIUf7m8GwJxNx5n913G+GdmU9Ne7Mbl3GIM+jeR4RuFl9dOFRny1D08nO5Imd2bjmNZ8tuNEue1vrIrj24hT/PFIS06+3JkONT3pvXAPWQWlF+07EREREREREbm2rDbAuq2BD21qmEOo+tVcqFfNhV2JWZXuO2fTcV7pE0aHmh7YGMDfzcHy3LKOpuaz/mgG7w2pj5ezHb4u9rw9sB6/HUjlZFZRpW1PmTKFn3/+mYULFzJ9+nRefPFF1q9fX2Xdo0aNwmQyMW7cOMaPH8+SJUuYP3/+Rc/1o61JjGwVgIOtgYfaBbEvOZctCZmX3R+hXk4MaVoNVwdbHGwNTO5Vi9yiUmJO5wLw2Y6T3NsqgM5hntgYYGSrgHKjsypza11vOtWqevrlz/vPYGswMGtgPTycbLGzMdCplicuDjYs2Z+Cl7MdE3rUxMHWQJMAV57rHsrH28oHc8/3qGmZmjioiR/bj1V+fc95f2MiU/qE0SLIDRuDeX2zjrU8+Xn/6cvqp7JiU/PZEJfJ7IH1cHGwwd/NgZd7h5Xb57MdJ3mpVxj1q7ngaGfDq33M25fHpFy0ThERERERERG5tqw2wPJzLb+guLO9DdmFFUe+mExwLL2A+tVcLtnm8cxC7GwMhHo5WR6r4+ds3pZRUOlzvLy8GD9+PF9//TVubm6MGDGC9957r8pj2NraMmbMGOLi4ti7d6/luYmJiZXuvyEug+jTeTzYzrw2U/NAN9rUcGfBlvJhz8X6I7uwlKd+PkTDmVsJeWMTtaZuJreolDM55rvpJWYWUPfseZ5T17f81xcK9nS86Pb4tHzq+DljU8nSWMczC6jt64yhzLY6fs7lRkpdeE5VXd9zTCbzMV9acZSGM7da/tt3MrfcXQMv93WTmFmIm4Mt1d0dLI/V9T3/GjKZICmrkDpl+snWxkBNb6cqXysiIiIiIiIicn1Y5RpYV8JggFBvJw6fyadLmNdF9w3xdKTEaCIxs5AaZwOao6nm6WUhZUKtsjZv3szMmTOZO3cuq1atYs2aNSxcuLDKYyQmJjJ+/Hjuv/9+vLy8mDBhAh988AE1alS+SPq5oKrPwgjLY9mFJUQl5/LuYPNIsUuZ/PtRDqfksXFMa0uA4z35L0yYAKjh6URydvkRZsnZRdR1rLptwyXWbK/l48yn209iNFEhxArxdCI+rXzIczQ1nxCvi4diZV3Y5rnrPLN/XYY397/sdqpSw9ORnKJSsgtLcXe0BSjXRwYDBHs4EpeWbxmJZjRBQnpBla8VEREREREREbk+rHYE1pUY07EGr62MY/uxLEwmOJNTzK7E7Ar71fZ1pmuYF+OWHiazoIS0vBLG/3qE2xv4EujhUEnLsHLlSubOnUvjxo3Zt28fCxcuxM/Pr8paVq5cydixYxk+fDgrV67kgw8+oEWLFpXum5ZXwo/7zjD3jvpEjGtn+S/m+Q442dvw5a7kyzr/9Pxiank7WcKrBVuTyCgosWwf1SaAL3clk5RpHgG143gWq4+kX1bbVRnSpBolRhMvLD9CdmEpJUYTm+MzySsyMripH6l5xcxaf4yiUhMxp/N4a90xHmp36QXtzwn0cOTgmbxyjz3dOYRJK2LZnZSNyQT5xUbWxaYTl3blI6Lq+DrTqZYnM9YmAFBqNDFrfUK5fUa3DeTN1fHEpuZTWGLk1T+PYjJB/0ZVX38RERERERERufb+50dgATzbNRRbGwOjvo3meGYBvi72TO4VRutK1sH67r6mPLv0MPVnbMGAgT71fZhdySLl50yePBkbG3PO99Zbb1n+XZVRo0ZZ9pk0adJF9//vzpN4OdvxcPtgHGzLDzl6/JZgFmxN4t+dKx+5VdYrvcMY9W00rd7ZjquDLQMa+xFaZrRTr3o+TOkTxm0fRVDNzZ5QLyf+dZWjmDycbFnzeDjjlx2h9pubKTGaaB7oxrKHWuDrYs+fj4Yzbukh3lgVh7ezPQ+0DWRct9DLbv/5HjV5+PsY5m9Jok2IOysfDeeZziE429sw+ttoEtILcLa3pU2IO+8Oqv+3zuG7e5vyyA8HaP3uDryd7Rje3J8f952xbH+pVxilRhO3zt9DZkEJ4cHu/Pmo+S6LIiIiIiIiIvLPMZhMJtONLkJERERERERERG5uWVnmm6zt2bPnsp8THh4O3CRTCEVERERERERE5OalAEtERERERERERKyaAiwREREREREREbFqCrBERERERERERMSqKcASERERERERERGrpgBLRERERERERESsmgIsERERERERERGxagqwRERERERERETEqinAEhERERERERERq6YAS0RERERERERErJoCLBERERERERERsWoKsERERERERERExKopwBIREREREREREaumAEtERERERERERKyaAiwREREREREREbFqCrBERERERERERMSqKcASERERERERERGrpgBLRERERERERESsmgIsERERERERERGxagqwRERERERERETEqtnd6AIACn77nqz3X6Y07mCl2x3ad8dl2APYBob+w5WJiIiIiIiIiPwPc3LGNjgMW1//G13JVbGKAOti4RWA2+OTsGvaGmytolwRERERERERkf8NeTmUJsUpwLoWLhZeAdi1aP8PVSIiIiIiIiIichNxcYOC/BtdxVXTGlgiIiIiIiIiImLVFGCJiIiIiIiIiIhVU4AlIiIiIiIiIiJWTQGWiIiIiIiIiIhYNQVYIiIiIiIiIiJi1RRgiYiIiIiIiIiIVVOAJSIiIiIiIiIiVk0BloiIiIiIiIiIWDUFWCIiIiIiIiIiYtUUYImIiIiIiIiIiFVTgCUiIiIiIiIiIlZNAZaIiIiIiIiIiFg1BVgiIiIiIiIiImLVFGCJiIiIiIiIiIhVU4AlIiIiIiIiIiJWTQGWiIiIiIiIiIhYNbsbXcD1ZMrKIOebeRSuW07xob0A2NdvjmP3/rjd/QQGD68bXKGIiIiIiIiIiFzKTTsCK3/p15wa1JychdMs4RVA8aG95CycxqlBzclf+vU1P27SymUs793ymrcrsHfWK2wd//CNLsOqHFu+mN/7t7/RZfyjVt3Zk6Pf/7fK7TtfGcvuV8f/gxVdW0WZGXzXwIO85KQq97lUH4hcC+seGMLBzz64rH1T9mznx9Y1wGS6zlWVYTLxY6tgUiN3/nPHFBEREZEb5qYcgZW/9GsyXn3iovuYsjMs+zgPGnlZ7e6d9QoxH71T5famz7yEV73Gl1+o3FRKcnP4sVUQA1bvw7VGzRtdzg13Yu3v7H5tPAPW7r+m7TZ44Gk86ja8pm1eT9ejH653H0TNmUZhWiqNn3yOpV0bcmdMOoWpKfzSsXaVz3Hw8uaObQl/63jR82aRGrmDLvO/+7sly3VQa/Bd+LXucFn7pkdH4tOoGRgM17mq83KOx1Oan4dXgybXtN2oeW9xYtVysuIOY2NvT/Ct/Wk9+S1snV0s+xxbvpjoD98iJzEB74ZNafPGHDzrNQKgKCOdfe++zqmt68k7mYijtx/17n+chg/++5odo6ys2EOsvrs3jt4+9Ptjj+XxyJmTObVlPZlHYvBr0YYeX60o97zYbz5l55Sx5R4L7H4bXRf8UGXfxP/yDXGLvyD9wH5K8vMYvvsENo6Olu3G4mJi5s8ifsm35J9Jxi20Ns2ffZmgnrcDkHk4hh2TxpCdEEtxTg4u/oHUvutBGj82ztLGqc1r2f/eVDIOReNcPZBmz0wi5Pahl913x5b9QPS8WeSeTMRYUoxHWD2aPfOSpYZz+xz46D2y4o/g6OVDnXseLlfDlmcf5Nhvi8ude4vn36DhQ0+DycRPbUMpzs6s0D9Nn3mJJk8+z3cNPBiyJY59772Oc/Ugmjz5fJV9KiIiIpfvpguwTFkZZM6eCIDzgHvw/M90Uh/tT/HhfQDY12uG78LlZL49gfxli8icPRGn7v0vazphs7GTafKUue3M2AOsHNqV/n9G4Fw9CAAbe3tOrFlxsSau/HxKS8FgwGBz/QbL/RPHELlWQm4fcqNLuOFuRB84+vgyPPL02a9MLOlcn/BJMwg9+8byan5+pB/Yi0+Tf3bkqqmkBIPdjf0VaA01XEytIXdd9r4ZMXvxatT8OlZTUebBKDxq18fWybniRpMJk9GIwdb2ito0FhZSlHqGlhOn4Vm3IbnJifz10FCifKvR/D9TAIj7eRGRMybR4a2PqNamIxEzJrPtuUfp88sGAHIS43GqHkjHd/+LW42aJG9cw6Zn7serXiMCuvS6Jsc4pyDlNJueugdn/0A8L/gAzaNuQ2r0HULk9BfxbtqqwrmmRe2hzogHCH9xhuUxm0u8Hh28fGjy7xc5sfZ3zmzfWC68AoiY/iJndm6my/zvcQsN49AX89j473sZvOEQjj6+OLh70ub1ObgFh2Jj70D8r9+zY9IYag78F65BIZzaso5NT99Puzc+ILB7H05tXsemp+/Ds35TPOrUv6y+82zQlM7zvsXZPxBjUSERb01m99QXLAFW4h9L2fHKs3R+/wuqte1Myu6trH9kGJ51GxJ8a7+zfbObDm99RI0+g8/3jYOD+R8GA4M3Hi533gc+eof4Jd+WCylFRETk2rPev5z/ptxv5mHKzgDA8z/TMXh44btwOamP9gfAd+FyDB5eeP5nOvnLFmHKziD3m3m4PTbxkm0b7OywPfvHna29+Q8ZG0dHbJ2cKux7+OuPiJk/i5KCfEJuG0ybKe9Y3qjkHIsjYvqLpOzZjo2dHTV6D6LFc69i6+xCUWYGP7cLpeXEaSQs+Y6ijDR6fb+akvy8Kp9TmUNfzCf2m4/JSz6BvYcnNfsNo9m4V7Cxt6/yGHYurux75zWSVv9GcV42vi3b0frlt3ENDq30GH8M7kRQtz6k7t1NwZlkMBho9cps/Nt2BMyfxEZ/OJP4Jd9SnJOFV6MWtJo0Hc/6VYxSM5k4vOhjjny9kLxTJ/GoWYcWL0zFv33nSncvyc25aL1/DO5Ejb5DOL15LSmRO/EIq0eHWZ+Qtn83Ue+/SWFWBrUGjqD1K7MsowYu59q0mvwWCUu/oygrE+fqwXSYMR/ngCDWjR4IwNr7+mOws6POXQ/S8KGnKUg9w56pEzi9dT0YDAR0vpXwiW/i4OVjuVaHPp9LUVYGNvYO1Bo0gpYT36z0nFP2bGf3q/8h+9hRvBo0IaBr7yvqkwpdbjRy5JuPOfL1x+SdTMTB05vGTzxHnRGjL3n99kx9gfzTydg6OpJxMIqSvFzqjx5DvZGPkHMsjh2Tn6YwLcUypbbtmx/i37bjVfUxmKfP1R4+itp3jgIg9rvPiVk4m6LMdIJ69MVgY4ONi7vlHNOiIoic/iLpB/bj6OlNrWH30vjRcZW+sT13/HbT5xOz4G1yTxwnoGMP2s9Y/a3ugAAAIABJREFUQPS8t4j76Sts7B1o9uzL1B5+HwB5yUnseOlp0vfvprS4GK96jWg5YRq+LdtctB9ObVnH/vemkhl7EBtbW2r0GUSb1947f613biZ63ixyEhPwbdmuyj5IWrmMiJkvUXPwXZxcs4KirAz8O3Qt9zPnzK6t7HltPNmJ8XjVb0xAl14cX/4jfZdvq/R1USmDwfKzLjs+luLsTHxbtLU8VpSZQdRbk0las4KizHSqtb6Ftm/MwaladQASf19C9PxZ5J48jsloxLdFW7p9/CPrHxlG8obVpEbsIH7pdwT16Ev4i9MrLeHMrq1EzZ1BRsxejMVFVO/Ug07vfUF23BFW9GvLsD0nLGFG/C/fcOjzDy1v+NeM7Itv8zZkHj1ITnwsDR96Bu/mrYic+TIZMXspLSzANTiULvO/wzU4lILUM+x962VOrPsDk7GUgC69afPK29h7eFZam8lo5MfwIOrd+yjJG1aRe+I47qG1af/WR3jUqV9lDWHD7uXwoo+I/eZT8pKTcA+tTasps/Fr2RaA9AP7qqyxKDODqA+mVdnnq0f0wv+WbmTHxZITf4TCjDTavPougd37nC3aRNwv33Dkq4VkJ8Ri6+hEgweeouHDz3B663o2j32AIVuPAnBy/Z9EfTiD7PgjGEtKqd6hK+3e/BAHT/OHPxnRe6l732NVvnyi579N8oaVOPkFkBqxnZKCXOrd/QhNx75k6b/tEx7n9LaNFGam41ytOs3GvkRo/+GWNo6v+ImouTPJP30S/w5dcQsJw6uxOTQzFhayuFUQLSdM5div35N/+hTdP1uCW2jYRfv3QjaOjoS/NNPytYOXNz7NW5N9zNwPRRlp7Jn6Au2mziWgSy8Aat81miPffERJTjZ2bu74NA3Hp2m4pY0afQdj7+5B9rGjBFyjYwCU5uex8YkRNHlqAgcWvot30/IhcNjQkWAykXE4hrr3PlrhXNP37aHuvY9W+jdMVYK63wbAwc/n4t28YiiWtGo5zZ6djEfdBgCE3H4HkbNewVhcBIBzQJD555jJRP6ZU2Qe3E+1Nh1xOftB4P7336T+/U9Qo685OArqeTtOvv6c3r4Bjzr1L9l3gGWUmqmkhNwTx8mOj6Vm/2Hna1y9jJA+g6jeqScA/h264lwtgNKCPACKszLJSYgr9/PtQmUfz447QvRH79B1/neVh6kiIiJyzdx0Q24K1i6z/Dv1sQGYsjIsIda58MqUlUHqYwPOP2fd8mtaQ+6J4+QkxHL7bzvos3gdJzesIn7JtwCU5OWy9v4BeDVoysC1+7lt6Rayjh4ictYr5do4s2MTvb5bxYC1+7Fzdbus55TlXM2fLvO/Z9juJLp/uoTE1cs4sujjKo/hVK06W194jOzjcfT6YQ2DNxzGq34TNo0ZiclorPI4iauWccvbn9B3+TYaPPQ02557xLItet5bHPttMd0++ZnBGw7hF96WdQ8Mpjg7q9K2Dn25gEOfz6XD7E8ZuuMYjZ98ng1P3kXeycRK97+ceuN//IqWE6cxdHsCXg2asPHJuzizYxN9ftlInx/Xc2zFjySdHTV3udcmZfd2en79B/1+34VrYDB733kVgO6f/wpAjy+X039lhHmqAbBl7ChKC/O5fcVO+i7bRkHKabY+b34zkR13hMhZL9P1ox8ZuvM4A1bvJaTfUCpTlJHGX48OJ2z4vQzdcYzwl2Zy5OuPrrhPyvX5F/M4sPBd2r45l6G7Eun94zq8z74hvJzrl7R2BfXue5zblmyi68LFRM58iez4WNxCw2j7+vu4VA+i/8oI+q+MwL9tx6vu4wud3rqeiOkv0n7GAu7YnkBgl14k/Hp++kthehrrHxxM9U63MmTTETrP+5a47/97yXV9jv32Iz2+WM7ANfvJTUxg1Z09cAsNY9BfB2gz5R12vTqOgtQzgPmNd90RDzBgzX7u2HKUgC692PjUPZQW5FfZD2n7dvPXo/+i7shHGLLpCAPXRpV7ow5w9Mev6fLRYgZvOIiNvX2VfQCQc+wojl7e9P5pPX1/3ULK7m2WnzmFaan89ehw6o58hKHbE2j9ymxiv/30oucf2PN2Qgfdib27B21ef7/C9vT9u7Fz88AjrC5gfiO97v4BFGVl0HvxOgZvPISdqzu733gBgMzDB9j56jjaTZ/HHdviGbzhoGVKTcfZn4HJRO/vVtN/ZUSV4VXi70vY+OQI6t45mkHrohm0Lpo6w+831xO1B486Dcq9eUzfvwfvJi3MX5hMpMfs4/S2DbR99T36/bGb2v+6nw2PDKf20HsYsvkIQ3cco83r7+PsV52S3BzW3HMbjr7VGLBmHwPX7Kcw9QyRs6dU2WfZRw9TWpBHxsEoun78E4M3HsbJP4CIGS9WXcOdo9g55VkSfvmWTnO+YujO49QaNpJNT400j4w1maqs8VJ9bjIaST8YRere3bR59R36LNlIvfsfZ/+c8+H4nqkvcPDTObR6eRZ3bE+gz4/r8Wt9CwBpUZF4lwlhTEYjbV+fw5DNR+m3fDs5x+I49MU8wPxhRcbhaLwvMgIrI2YfafsjqHHbQAas3kunOYuIXvA2qXt3AebQoHqnW+n76xaG7U6i/ugn2TbhCYxF5uAj7qeviZz5Mm3fnMsd2xOofkt3c4jS2HyNMw5FYSopJn1/BD2++I2B66JwD6t78f69DFlHDnJq81pqDbgTgPil3+Po5UONPgPP73R23a+SgvxK24j7eRGm0lKCb+1/zY5hMhrZ8p+HCOo1kBq9BpJxJAafc6/3MrITjlKclYFPk/ByjxsLC8k4EkP0hzNZ2rUha0cNJGX35Qfa6fv3VGgTwLtZOImrllGUmUFhagr73nmNFuNfxbl6oGWfzWMf4LuGniztUp+S/Dx6fLHc8oFC5pEDeNY7Pz26KCON/JRTmIyVX68L++6cJR3r8n0TH34f2IGaA/5Fs3Hnf8d4N23FmV2byTkWR2lBPgc+nYN3kxaE3GYe2ZoWtQcw8dejw1nWsxlbnn2w6jUJTSZ2Tv43NfsNo3rHHpaH274+B3tXN2oOuougHn0v3pkiIiJy2W66AOvcVEEwL9heNsQqG15duLD7tWTr4EjL59/A3t0Dt5q1qdGzP6n7zH+kJ65cho29PU2fmYStkzOO3j40GzuZhF+/L9dGw0eetQxXv9znlBVy+1DcatYGgwGPOvWpe88jnNqyrspj5CUnkbTyV9pMeQcnP39sHBxoNnYy2QmxZB6KrvI4te98AEdfPwCCe9xO3snjFKSYpxnF/fgVjZ94Hvewutg4OtL03+Y3cifX/1FpW4e/nE+Tpybi3bAZBhsbgnv1xy+8PYkrl1XY93LrrT3iAbwbt8DWyZlad9xDzrGjtHxhKg6eXrjXqkNAx56k79t9hdfmGWzs7QEI6tmPtLNvwCqTcyyO09s3Ej5pBg6eXjh6+9BywlROrv+T/NPJ5hEyJhPp0REUZ2Vi5+KKb4s2lbaVuHIZzn7+1Lv3MQy2tvg0aWkZBXQlfVK+zxfQ5KkJ+LVsi8HGBiffavg0M3+qfjnXL7DzrZb93cPq4l6zDunREVX2x7Xu46M/fkXNwSOo1uYWDDY21Bw0olz/Ja1ejoO7F40fG4eNgwOe9RrR4OGnOfrDxRdAb/rURJz9A3Dy86dGrwHYOblS956HsXVyJrj3ABw8vMg8FAWAa1AIwb0HYOfiio2DA03GvEBJfh6ZsQerbP/Ioo8J6TuEmgPvxMbBAVtnF/zbdylfwzOTcA0Kwd7Dk9rD7rvo68zew4t695pHv9g6uxDQsbvlZ07SqmW4BoVQ+85RGGxt8WrYlNr/GnXR8/dp0hK/8HbYOjmXe42dk7Zvj3nK39mRiwf/Ow9jSTHtps3D0dsHWydn6tz1IKkR2wHISYjFZCylKDMdk9GIrZMzfq3MNx9Ij47E0cfPMrqsMiV5uex45RnCX5xJjb6DsXF0xM7N3TI6JW1fmbDqXI379+B1NtzIijtCSW427cqMYivKzCD/dDLFubmUFhZgsLXFr2VbbBwdOfjFPJyrVafFc69h5+KKnZs7oQOGk7pne5U1psdE4uDlTcfZn+LsH4CtkxO1Bo8g68jBKmtI2bOd+J8X0emDr/CoUx+DjQ31Rj5KYVoKuUnHLl7jJfo8K/YQpfl5tJs6BwcvbwAcPL0tQUhKxA5if/iCTu9/iW+LNhhsbHAOCMIvvJ35fPZH4FNmRE9Qj7541m+MwdYW54AgAjr1pDgzHTBPqQfwvMi6bBkHImn02DhC+w3DYGeHf7tOuIfVJevs94mDlze1Bo/A3sMTg40NYUPuwVhUSEleLqX5eUTMeJHWU2bj27w1ALWH3ouppNgSYKXvN0/nb/v6+5bRMZfq30tJjdzJ2tEDaTJmAsG9zR96ndq8luqde5Zb6yv3WDy2zq44evtWaOPoD18QMX0ined+jUtA8DU7RsSbE3D0rUbjx8aRHrMPU0kxXo0qBlhp+3bh4OVt/nugjOLcHG6Z9QldP/6JLgt/wNHbj78eHU5RZsYl+yX/dDL5p09afvaXVXv4/ZzZsZGf24XyS8fa2Lm4Wj7MOafju5/xr30pdF24mPil33FywyrLNveadYj7eRHFWZnkJh1jy38exlRSjHvNOpfVd+cM3nyEYbuSaPrURPZMm2j5wAEgoFNP7JxcWN67BYtbVCdxxU+0fX2OZcSqg5cP3T/9hS4LfqDd9PlkHT3ItipuIBP77Wdkxh6i5YSp5fvhzlHYODpSrXWHiwa7IiIicmVuuimEFVR2R6TrfJckJz//cuua2Lm6Wj69y02MJ//MKX7r27pMPUYwGCjJzbE85FLm08pLPcfO1a1CDSfW/cGBT94n93g8ACX5ubjXKv8HYNlj5BxPAAyse2BwuX1snZzN0wMbNq30XMv+wX5u9ENxTjZOvtXIO3UC15Awy3aDrS2uwSHknqzkk0yTidzEBPa/+zrR885PDyjJy8W3kj+SL7deZ//z52jr7Iqts6tlyguAnYsLxbnZwOVfm7LnbOfkRHGZbRfKO5mEwdYO16AQy2NuZ/sk72Qivi3a0HH2Zxz6aiE7Jj+DV4PGNH7iecs0jXJtJSfhFlr+TUjZr6/4GppM5J04jlutuhULN5ku6/pd+IbN1smJkpyq++Na93Fe8okKn26X7ZO8k4m41qhV7o2ge0jYRe/wB5QbLWDj7IJTQGC57XYurpbzLMnJZu/br5K8ZS0l+XnY2NhSmpdLUVpKle3nJh2rEFhdyKVMoGPv6nrR15nj2emo59g6OVOYnAZgvo5lXn9AlVNKL1fa/t34tjg/BStp1TIKUs+wot/5x0ylpbgEmt+wB/XoS/1RT7JryrMUZWYQ2n8YzcZOxs7VjbSoCEsIcc4fgzuRccD8YUTYsPsI6TMYg8FArUHlR1mckx4dQXDvQeWOnR6zj5YTppm3nx2hVXYBbAcvbzq++xmHvphPxMyXCOjck+bPvoJ7rTokr/uD0EEjyh2jMC3F8rq4sL52b84lI3ovQd1uKzfFMO9UMk5nA/7Kakha+SsGO/sK37MOHp7Yu3lctMZL9Xl6dCSe9RrhEljDsj0jeq9lCnDSn0sJ7NoL97BKvv+B9Og9hNx+B2Cemnzgo3c5se4PCjPSMBgMFKSdIXzidEu7XvWbYLCzoygjnZ/b1wLMv2fbz1hIjd4DyI4/Ss0B/yp3jPzTyTj5mPvn9Nb1HPzvPLKPHqS0sAhjSTFO1QJw8PLm5Po/MZaUEtitz/nnnkkGwKthMwDSoiMI7tnv/DpFl9G/e6a+YBlF5hYSRv9VkZZ9ji7+kr1vT6HtG3Ms6yIB5CYmUK1d+WntyVvWEtC5Z7lpycbiYiLenMipreu4ddFKyzTSsv7uMQ79dx5ZcUfousAc/KdF7cEttHa5323nmEciVvwd6ujjW24tvfCJb7K0649kHT2EX3i7Sl/j56Tt242tk0uFBeWjPpzJybUr6PHFb3jUrk/K7m1seGIEfq06UGvI3eX2tXFwILBbH7wbNiUtYofld16bN95n1ytjWdqtEa7BoQT36k/K7q34tSp/M4Gq+q4sOzd3Gjwwhn3vvkbmoSicbunOqc1r2TbxSdq9MQf/dl3IS05i09P3ETFjEu2mfQhQLnByr1WHhg8/w/aJT1ZoPz/5BJFvv0KbV9+xLAkgIiIi19dNF2DZ12tWYcH2cyOvgHJrYpXd75/iGhyKW3BolWvPWD79LPOG+1LPuVBhagobn7ybzh9+Q2DX3hhsbDj4+Yccv+COOuWPYX6De+vXf1hGVF0VgwGX6kHmP8TP3sXKZDSSm3Qc18CKn0JjMOASFEKL8a9d1gLV17xeruDaVKGyRaxdAoMxlZaQl5xk+fQ952yoeO6NZXDvAQT3HoCxsJC4n75m01MjuWNrnGWdE0tbAcGcXFd+9Fr+mVNl6r/CPjnb5zkJsZZ1y8ptu5LrV2nzFfvjavv4Qi4BQRSW6QMwL2psH2oOdV0Ca5B7ovyd8bKPx1c6EuLv2vfeG2QlxHLroj9x9DEHbz+1DbUE5VX1Q05C7DWr4WJcqgeR+OfSco9dzuiTqpiMRtKj91KvzJo6hemptHtzbrm7fJVlsLWlyZPP0+TJ58mKPcS6BwfjUbcRdUaMNo/0uWD01G1LNpX7Ov6Xb8xvzqu4w13GwSia/HuS5eszOzZiLCrEq6H57nTp+yPwada6wvNCbh9KyO1DKUxLZetzj7B/zjRueftjCtJScCwbBphMJP7+CzXOBjoX1geQFr233IglMN/pLLjXgCprKExPpe6IB6pc8+5iNV6qz9Oj9pRbh+ncY+eCucL01CrfdBdnZ5Edf9SyptKW8Q9j7+ZOl4U/4OwfQGl+Hku6NsS7mbn9jOhIy1pUDl7ejDhY/u5sZ3ZuAUw4+wdYHjux7g8MNjZUa9uJ1L272PT0/dwy+1Oqd+iGwc6O6PlvW0aTFaSewdmvWrk243/9HtcatSyhTfr+COpdsAbXpfo3fNIMwifNKPeYsbjYvGbh9r+4ddEfFQK+C9c4Kkg5TcLS7+m6cHG5xzY/fR8O3r70/mFthZ/lV3uMAx+/S3FeLr90OjuFtyAfY3ExSzrXZ+DaKMvoVTCHTdXadqr0/MvKPByNwc7eMtKpstf4Oen7duPdqFm5wM5UUkL0/Fl0W7jYcldI//ad8axTn5xjcZW2U5KTTVbcEerec37pAe+Gzej13WrL1xueuIs6d47CzsUVuHTfXSh13x7AYPlgI2bhu9Qedp9l9KZbzdoEdL6VtMgdVbaRdTgGzzoVRxfueu0/+LXuUGH6t4iIiFw/N90UQqce54eRX7jm1YVrYlX2nOst+Nb+FOfmEDVnGiU52eaRRyeOc2Lt79fsOcV5OZiMRstUvML0NOIuMWXKNSiE4F792f7SU5Y1p4oy0jm+4idMJSV/61zDho4kZsEschKOYiwsJOqD6WAyEdit4ugigHr3Pc6+d18jLSoCTCZKC/I5vW2DJfC53vX+nWtTlq2zC3ZuHmTHnb87kVtoGP5tOxEx7UWKszIpykgjYuYkArr2xtk/gOy4I5zatIbSggJsHB1x9PEz3xGykgXGg3sNIDshllOb1wLmtY3iFn9xVX1Sd+QjRM+dQWrkTjCZKExNIW2/+TbsV3r9LuTkX52CtBSKMtLPn8NV9vGFwu64x3y79uQTAKTu3VVuqmzwrf0pykjnwCfvYywqIuvIQQ5+8j5hZ9dOuhaKsjJwqxFqCa9iv/mU4qzzQVxl/VDn7oc4tuJnji1fjLGoiNL8PE5v23jNaioruNcAcpOOcfT7/2IyGsk4sP+SUygvJiv2ECV5OXiXWf/Gt3kbjnz7iWWaTlFGGsdX/GJeqPl0MsdX/GIZYVeck0VpQb4lHClMT73kMb2btCTneAIn1qzAZDRSlJlBcplpRyaTiZKzIynzTiay+/Xny62JlR4dgU+z8mHO0cVfUnA2/DQWF1GUmW6ZnuYX3o6E5T9Smp9HYVoqO18ZS2lhAfVGPkJVMg7sJXnjagrT0yjJySZyxkuU5GZT/2yoUlkNvs3bkPjnUjIPxwDmtcROb/3LMkLwYjVerM/BHCqVXdTbVFpK+oH9llDLp1krTq77g6zYQ5Z+Szk7RTI9OhJHbx/LyL20vbsI6tEXZ/8ASvJy2f7S05QW5ONV/2xAGLP3otOk0mMiMdjYEv/zN2Aykbp3F7umjKPFePMUzYyoSJz8qhPQqScGOztOb9tIzMLZljW4POo2JDshjtNb/8JUWkrin78Ss2C2Zb0+Y1ERmYejKwR2l+rfCxWknGbdqAHknkig55crcAmsQWlBAcbiYss+1VrfwvHffqIoM4OcY3FsGnMPAV1upVob89phqRE7+XNYN6q168wtb3+Cwc6e0oICy5pb1+IYvX9Yy+3Lt3Hbkk3ctmQTztUDafzk8/T56S9zeGUyUVpQQGl+HmnRe/Fq2NRcw9m1ELPjYzm9bSMlebmU5OVyYs0Ktr84hiZPTbD8HKuMsbCQ0oICUvbuwrtRC3ObZ3+3GOzscPTyIWnVMkrz8ygtyOfIoo9JPxhFcJ+BlBbkE71gNrknjpvXTDsYxYYxI3ENCrHcybTgzCnSoyMpyc0hO+4IOyY9Rf7JJMv09Uv1XXp0JAlLv6MwLZXSgnxObVrD9gmPU+fuBy2jTh19q3F663oKzpzCVFrK6a1/EffjV4T0My/yfmbnFjIPRWMsKqIwPY1DX8zn4BfzK4Sgx1f8zKkt62n9yuwq+6sy0QtmV1jOQURERC7fTTcCy/XuJ8hZ9CGmnEwyZ0/Ec9y0cmtepT42AN8Fy8h8ewIABjdPXO9+4h+rz97dgx5fLGPv21NY3rc1Jfl5uFQPImzoyCoX+rzS57iF1KLF+FdZO6o/jt5+2Ht6Edyr/yX/aOowYwFRc2ew9r7+FKSewdHLh2rtOpW7jfSVaPzEc5iMpawbPYiinCy8GzWn26e/YO/uUen+DUY9gZ2jE9snPEHuiePYOTrh3SzcMk3letf7d67NhVqMf5XtL46hpCCf+vc/QdN/T+SWdz5nz5sTWX5bKwwGAwGde1qmNpUWFphH8Bw9jMHGBtegUDrN+arSu0s6evvQZcEPRLw5AZv33zTfXXLgnST+seRv90mD0WMw2NiyfcLj5J5MwtHLhyZPPo9P0/Arvn4X8m7cgtD+w1h+Wzim0lI6zfmS6rd0v+o+Lqt6xx40+fdE1j90Bw4+frgG1SCk7x3l+qzbJz8TMf1Foue9hYOHF7WGjqThA09d8bGq0mTMBLZPeJw/h3TBzsWFwO59cQk8P2Wvqn7o8uE37H9/KjteHoutvQM1+g6u8o6bV8PRx5cu879nz9Tn2TP9RbwaNKH28Pv/dmiYHrXHvKZO6Pnppa1emsnuqS/we//2lBYW4OjtS/Ct/Qi5fQgFqac5+Ol7bH/pKWzsbHELrkW7qXPNa2gB9e97jJ2vjuPQ1x/R8MF/02TMCxWO6VmvEW2nfkDEjElsHvcg9q5u1B5+fhRFi3FT2PnyM7gEBuNZrzG+LdtiLDkbCJhMpEXvpdm48wuwGwsLOfbbT+yd9TKlxcU4+foRNvQ+6t//uLm9F6ay8+VnWNKlATZ2dgT17EePL3+zjAK5UN7JRMtdOP8YdIv5Dom39DA/x9Wt0hoAao8YTd6pJP56eBiFmenYu7ji06IN7ad9eMkaL9bnmEykxeyj2X/OL/yfdfQQxpJivM9Ouasz4gFyjsWxbvTAs3f7DKD5s+b60qIi8Gp8Pvxq8fwb7J01hdhvP8PRpxouAUF4NWhqCUvSD+yn+XOvV/mayYjZR/1RT5K4ahkRb03GJSCI5v95hZoDzVNCQ/oN5fjKX1nRry1uNevg16oD9m7u+DY1T33zbd6aJk88x6Zn7sPW0Rnf8Hb4Nm2J19nQLONQFAZbWzzqNLjs/q3M/jlvcmbXFgB+6Xh+KnL9UU9abi7Q+Mnn2fHy0/zasyn2Lq7UGnK3JWAB2DbhMfKTk4ie9xbR896yPN557jcE9+p/TY5Rdr24oswMchLiCOh8q2WE26mt61k3+vyU2s1jRwPQ5+cNeDduQU5CLBEzJpGTmICdszOedRoSPnH6RUc/GwsLWRweiKnUHFid2rSaw4sW0nLiNBqMHnP2HBcROWMSv3Sqh62DA95Nwunx32V4N2xG/ulkkjeu5sDH72IsKsQlIIgavQfR8OGx2Dg6AubX6NbnHqEg9Qwu1YMI7TeUnl+vsCyTcKm+K87K4MAn77Nj8jMY7OxwDwmj4UNPU+euBy37tnpxOrtef44VA9pjLCnBo2YdWk6cRq3B5pGJZ3ZuJvabTyhIPY2Dlw++LdvS86vfyoWjRRnp7H79OZqNe7nC9OxLiVv8BabSEqrf0v2KniciIiJmBpPpOi8IdRlONqh8Wsg5/rsrv2tdVfKXfk3Gq5cXSnnPWvSPjsASEbnR9r83lYzD0XT+4OsbXcpNIWn1b0S9/yZ9llyfUXT/6/4c0oUmT00guFfld+ETERERkeuvNGoXDu1u/IcoWVnmfGfPnj2X/ZzwcPOHSTfdFEIA50Ej8XplHgY3zyr3Mbh5KrwSkf8Xzk1tA/Odu4588zE1tW7LNZMeHYlng8Y3ugyrZCwuJvNIjGXxeBERERGRv+umm0J4jvOgkTh170/uN/MoWLus3ILtTj0G4Hr3Exg8Kt6xR0TkZpMauZOtzz2KsbgIJ99qNHr8Ocsd5uTqZcTsxTe8/Y0uwyplHonBYGePW0itG12KiIiIiPyPuymnEIqIiIiIiIiIiJmmEIqIiIiIiIiIiFxnCrBERERERERERMSqKcASERERERERERGrpgBLRERERERERESsmgIsERERERERERGxagqwRERERERERETEqinAEhERERERERERq6YAS0RERERERERErJoCLBERERERERERsWoKsERERERERERExKopwBIREREDgfb/AAAgAElEQVQREREREaumAEtERERERERERKyaAiwREREREREREbFqCrBERERERERERMSqKcASERERERERERGrpgBLRERERERERESsmlUEWLZhDS66vSRyG5SW/EPViIiIiIiIiIjcJPJywMn5Rldx1exudAEAHk+/Rtb7L1Mad7DS7Tnzp+Iy7AFsA0P/4cpERERERERERP6HOTljGxx2o6u4alYRYDn1uxOnfnfe6DJERERERERERMQKWcUUQhERERERERERkaoowBIREREREREREaumAEtERERERERERKyaAiwREREREREREbFqCrBERERERERERMSqKcASERERERERERGrpgBLRERERERERESsmgIsERERERERERGxagqwRERERERERETEqtnd6AJEREREROTaKioq4ujRWLKzsykoKKC01HijSxIRkX+Yra0NTk5OuLu7U7t2HRwcHG50SVdFAZaIiIiIyE3m8OFDANSqVQs3NzccHOxvcEUiIvJPKyoqJicnh+Tkkxw6dIimTZve6JKuiqYQioiIiIjcZFJT0wgKCsTHx1vhlYjI/1MODvb4+HhTq1ZN0tLSbnQ5V00BloiIiIjITcZoNOLh4XGjyxARESvg4uKK0fi/P5VcAZaIiIiIiIiIiFg1BVgiIiIiIiIiImLVFGCJiIiIiIiIiIhVU4AlIiIiIiIiIiJWTQGWiIiIiIiIiIhYNQVYIiIiIiIiIiJi1RRgiYiIiIiIiIiIVVOAdQ2URkSQ3aMHpRERN7oUEREREREREZGbjgKsq2DKyLD8v2TdugqPi4iIiIiIiIjI1fufC7CmTJlC7969SUhIuKp2Jk6cSJs2bXj99df/dhu5o0eTFR5OaWQkAKWRkWSFh5M7evRV1SYiIiIiIiIiIufZ3egCFi1axOzZsy+6zzvvvEOXLl1YtWoV69atY8GCBdSsWZPOnTtTUFDA9OnT6dWr1z9U8Xn23btTvG4dBe+8A0D+K69g27Il9t27/+O1iIiIiIiIiIjcrG54gOXn50fTpk0ByMnJIT4+HoB69erh6OgIgLu7OwApKSnMnTuXBg0a3JhiL+A4diwOo0eT3aMHNoDB2xvXzz/H4OV1o0sTEREREREREblp3PAAq0+fPvTp0weAzZs38/TTTwMwbdo0atWqZdlv8eLFzJo1ixo1avD555+XG3E1YcIEAHr27MnMmTNp164dRqORd999l86dO3Pq1Cn69+9vaadsu2UdPXqUDz/8kP3795Obm0tISAjDhw9nyJAh2NhUnG1pysggu0cPTOnpeERE8H/s3WdUVNfXgPGH3hEEFREEBezGHsTeu8ZeEo2KiSbRWGKP9W9vwZJYgjUaxV5j7L3H2BtNBURFemeo836YzNVRVKImYt79Wytrwb13ztn33MEwm3P2SaxcmaSGDbE6dkySWEIIIYQQQgghhBDvyHtPYL0JExMTunfvztatW8nKyqJOnTo4OTm91cys0NBQPv/8c1QqFRUqVMDFxYWDBw8yY8YMwsPDlcTas/RsbDAdMgR9V1f0bGwwX7AAdXy8JK+EEEIIIYQQQggh3qEPMoFlZmbGiBEj2LlzJ1lZWbRp0ybXGli5zZp6me3bt6NSqXBycmLVqlXo6+vj4eHBggUL2LRpE19//TVGRkYvvM74mYLtRu3bv9kNCSGEEEIIIYQQQoiX+uB2IXwT2dnZr70mIiICAFdXVyXx5ebmBkB6ejrx8fH/XIBCCCGEEEIIIYQQ4qU+6ASWoaFmAplardY5bm5uDkBiYiIAQUFBr23LwcEBgJCQEHJycgC4e/cuoFmyaCPLAoUQQgghhBBCCCHeiw86gaVNOq1Zs4Z58+bxxx9/AFCuXDkAfH19WbRoEdOmTXttWx06dMDU1JTw8HC++OILJk+ezJIlSwDo0qVLrssHhRBCCCGEEPlDTk4O9es3xNPTi5MnT75VW0OGDMPT04sFCxa+o+jej8TERLp160H//gOUP+6DZvMsT08vatWqQ0ZGxivb6NvXG09PL5YvX/FPh/vBys7Opl69Bvj7B7zvUN7ar7+uZ+jQ7953GLn67rsRrF277p21d/z4cXr37iOrrT4gH3QCa+jQoTg7OxMUFMTGjRu5ffs2AKNGjaJChQpERkZy7tw5vvjii9e25erqypo1a2jQoAGPHj3i8OHDuLi4MGbMGL799tt/+laEEEIIIYT4IJw9e5bRo8fSunVbateuS/PmLenX7wt8fZeTmZn53uJ6+PAhKpUKgFKlSr1VW9qVGG/bzvuUkZHByJGjKF68OIsWLcTa2lo5FxioWaFSooQrxsbG5OTk0KBBIzw9vTh69KhynVqtxtTUlAoVylO1atV//R7yi5SUFJYvX0HXrt2pV68BzZu35Ouvv+Hu3XuApuTMoEEDcXMr+Z4jfXvBwcGULv1u3/erV69h+PCRb93Ou4ztypWrbNjgx6JFC2W11QckXxVxr1WrFn/++Weu5zp37kznzp11jtWsWZMdO3a8cK02GfWsbt266Xw/c+ZMZs6cqXPM3d2defPmvUnoQgghhBBC/KdlZmYydeo0Dhw4CICtrS0VK1YgJSWFwMAgQkPD+PLL1//h+G1lZWUppUSepU06FShQQFmp8SYSExOJiooC8ncC62XjoHXnjj+NGjWic+dOGBgY6JwLDAwEUHZxDwsLIy0tDdC9Zz09PZYuXfKuQ/+g5OTkMGTIUMzMzJkxYzrOzk7ExsZy9uw5ChTQJAXNzc3p2rXLe44079RqNTk5OS+8L0CTJKpbt84btfuy92RgYBBlypR+oza1kpKSePLkifKefRtqtZrAwEB++GEeVlZWb92e+PfkqwSWEEIIIYQQIn9asGAhBw4cxNDQkGHDhtKxYwdl86Pk5GRu3ryJnp4eAJMn/499+/bTrFlTpk6dAsAXX3zJjRs36dfPm/79vyQsLIwZM2YSEhJKUlISpqamlC5dmmHDhuLh4Q7ADz/4sHnzFqpVq0bJkiU4dOgw5cuXx8dnHhs2+LF58xZiYmKoVasWzs5OgG4CZvnyFRw8eIjo6GgyMjIoVKgQrVu30km0nT9/nqVLl3H37j3c3ErS/q+dxY2NjXF1dQEgPj6e1avXcPz4CWJiYihUqBBNmzahXz9vTExMch2v48ePM3r0WExNTenVqyf79u0nPj4eL6+ajB07BgsLCwDu3r3HypUruXTpMmlpaTg7O9GjRw/atGkNQEJCAs2atQBg4MBvOHr0KEFBwSxf7ku5cmV1+ty9ew/Tp8/A3t6evXv3UKnSRyxZspRffllL5cqV+PnnZQAEBDxNYK1evYZly35W2ujUSZOIWbLkJxITExkz5ntMTU05duwI+vr6fPZZT4KD79K1axciI6M4d+4cRYsWZfLkSVy/fh0/v43Ex8fTrFlTxo4dg56eXp6e9fO6detBSEgIS5Ysplo1zeyvn3/2ZdWq1cq95OTksGPHTvbs2cP9+yGYmppSs6YnQ4cOwdbWFoCmTZvrLJ/UWrRoAR9//DFNmjQjOTmZKVP+R/PmzV64zt8/gBs3brJhw3plhlXRokXp1Kmjco2v73JCQkKYMWM6oHmvV69enbCwMB48eEBCQiKjR4+kdu3aud5rZmYmK1asZN++/aSnp9OpU0cuXbpEixYt6NChPTt27GTv3r2sWLFcec3UqdOwsrJi6NAhgGbp3549vxEZGYmJiQlt27Zh4MBvAM1svIYNGzN48LccPHiQ6OgYFi1agLW1NQsWLOSPPy5iYmLC4MGDuH8/REkShYeH88MP8/H39yc1NRU3t5KMHj1amQXl67ucO3f8KVrUgStXrlC+fHnGjx+nc29Dh37H+fPnuXnzJvv3H6BOndoMGzaU2NhYfvppMWfOnCU7O5tatbwYNWoklpaWyrgvXLiIu3fvUrSoAx07dqRw4cLKbKmzZ8+ycuUqwsIekJ2dTfXq1ZkwYRxWVlasWfML586dU97voEmiDRjwFRs3bsDW1pZFi36kRo3qWFlZvfY+Rf7xQS8hFEIIIYQQQvzzwsPD2bZtOwD9+39J586dlOQVgKWlJTVr1lS+v3PHH4AyZcoAmhpBQUHBAMqHwqtXrwHQunUr+vTpjY2NDZcuXdKpXxsQoKkpdPnyZW7dukXt2rWoXbsWvr7LWbhwEVFRUdSuXZvw8AesX79Bp32AkydPUqnSR/Ts+RnNmzfj8ePHrFixktOnTwNw4cIFhg0bjr9/ABUrVqRAARvmzJkLgLu7G4aGhiQlJdGv35ds3LgJMzNTWrZsQUJCAr/8spZFi3586Zhpl+mpVCoCAgJp1aolAIcOHWbNml8AuHnzFt7e/Thy5Chubm7UrVuH4OC7TJ06jSNHjuiMAcDatetwdnbG09MTd3e3F/r09/f/awxKP3MsQOdYSkoK4eHhyrGiRYtSooQrAE5OTnTr1pVu3bpSunRpJdFVpkxp9PX1SU9P5/79EAB27txFeno6arWakJAQBg36ls2bt2Bra0NaWhq7du3mxo2beX7Wz9PO2NHOFouKimLDBj/09fUZMWIEAFOmTGXOnLkkJ6fQs+dnFCvmyP79B5g06X8ApKam0rJlC+WetMkRGxsbypYtS3h4OMnJyX+NRe7JigIFrDEwMGDFCk2SUbtMVXfcA5TxzcnJISgomNu37zBmzGjWrVtL165dXllDbNq06dy+fYeVK5ezd+8ewsPDuXHjppKM9ff3V36Wnvbpr/OcbWxs+PHHhRw7doS5c+ewefMWLl26DEBw8F2ysrIICAhgyZLF7Nq1g8KFC/P1199QqFAhtm3bwpo1q1i1ajWmpqYUK1YM4K9x/ZSdO7dz4MA+nJ2dderCaZJ7N2jRogV+fhteSF5p7m0KarWalSuXs23bFoYNG0pqaioDBnxNwYIF2blzO7t27SA2No7Fi5co8Q4ZMpT27T/h999/Y+zYsSxYsFAnOZ2Tk8PYsWPZv/93Nm7cwMOH4WzcuAmAUqU8CA6+qxPHggUL6dnzM4oUKUJw8F0MDQ1xdXXN032K/ENmYAkhhBBCCCFe6dy588rO382aNQXg3r179OjxmXJN69atmDhxAqmpqYSGhgJPkxAhIaHKB3/th+7mzZvRrl1bQJPkcXBwYNq06URHxwCaD6jaJFCbNq2VD8ePHj2iSxdNeZBJkybSrFlToqKiaNOmnU77ACtWLMfExISsrCwyMjK4du064eHhREVFk5OTg4/PAnJycujQoT1jxowGoEuXboSFhSntLF68hPDwcDw83Fm5cgUmJiY4ODjg67uc48dPMHLkiFzHTJv88fLyYu7c2QBER0ezffsObt68SU5ODtOmTUOlUun0HxcXz6VLlzh+/ASNGzdWElCmpqasWOGrfOjOzZ07d3TGXROHbgJLO6ag+aBfuXIlpSxLw4YNGDRooHL++eRXUFAw2dnZAEyePJHGjRszcuRoTp48iY2NDevXryM+Pp5PPumgE9frnnVuypYty/79B5Qd5X19l6NSqejatQseHu6cOHGCffv2Y2hoyKxZM7G3t6N8+XIMGzacixcvkpGRgbm5Od99N4z09HQmT55CcnIyxYsXZ/78H7C2tiYjI4PJkyehp6eHi4tLrnEUK1aMJUsWs3XrVr7/fhypqanUr1+P4cO/U2Z5+fv70717V0Czq71KpeL778codcesra2Vn5/n3bhxk5MnT7Flyybs7e2V8Tp06LCSpPT399cpp6NSqf6aKfU0oaOdsQdQsWIFXF1dSEpKVF5fqFAhxo4do2xOtnnzFszNzZXnbW5uTq1atbhx44Yyk/L5ZX9NmzZh6dKns5r8/f0ZMKA/H31U8SVPUfP+s7W1pXDhwsqxjRs3YWdXUOe91qxZUzZv3gzAokU/0rZtG2VGXJkypXFzK6kTT506T5c5Fi5cGE9PT5KSkgDw8PAgOTmZJ0+eUKRIEY4fP87Dhw+ZP/8HJe7SpUspSfjX3afIPySBJYQQQgghhHiluLg45WttjZusrGw6d+7E7t17yMjIoGxZzXI2f/8A5cO6dsbEzZuamTg2NjY4ODiQnp7OunW/cujQYcLDw8nKylLa1yYSnq3L1LPn00TZ+fMXyMrKokCBAjRt2gRASapo+vQA4Nq166xfv4ErV668sITMxcWFsLAwQkI0s4meTQ5oY9HGrq351bp1a2W5oHbnvlfVoNLOHNLGCJrlgAB2dnYEBgYps5k6dHia8MnM1G1bm4CqU6f2K5NXWVlZyiw37Qfy8PBwZYc17QwebVzFixfH3Nz8r3pAQTr3/Pw9aF+rjcXOzo5GjRoB8PChZjZXq1YtMTU15eHDh4Cmfpa7u1uennVuno337t17/PbbXmxtbenf/0sA9u7dp9z3Z5/11Hmtvr6+kpyIj49nxIiR3Lhxk0qVPmLOnNnKMjR7e3tatmzx0hi0KleuROXKlQDNrLmRI0fx88++jBkzmqioKGJiYpQkX0BAIG5uJXXqsAUGBuLm9uKMOdAsNfXyqqkkrzQxJ1CihCsmJiZkZmYSHHxXZwZWUFAwRkZGyvvhwYMHrF27juvXbyiJ4idPnlCiRAlAk7CpV6+ukrwCOHHiBE2aPH1vgibB+ux7YOfOXezbt4/IyChycnJISUnBy0sz01J7340aNXzl2Pn7B7zwvjp79iwtWuiOe1xcHIUKFSYlJYWLFy/yzTdf65yPiopWfrZTU1NZt+5Xzpw5Q0JCovL6YcOGAlCoUCFsbGy4e/cuBQsW5McfFzN48CDl5/f5GW2vuk+Rv0gCSwghhBBCCPFKRYsWVb7esWMn/ft/SalSHnh792Xr1m0ASgJLW0zdxsYGKysr1Go1e/fuBdCZ1bRp02ZcXFyYNm0KtrYFmTt3LsHBdylbVvPBUjv7x8bGRidxo02mWVtbKzNFjh07DmhmKRUvXpyoqCi+/XYw6enpfP55L2rW9CQwMIgFCxaip6dHmTJPl8cBSjHugIBAHj16BGiSOdpi16CpiQWaJXjapNbLPrzHx8cTGRkJPE1ERUREcObMWQBq166tk8gxNtYkFgIDg7h585ZO29pxqFSpUq59aYWGhim7QDo5aeqB7d69BwATExOlntfTAu6apEJ4eDipqakAOvWoIiMjiYnRzJDSJsS0CawKFSqgp6enzATSxPeRTryuri6Ym5vj4zP/tc86N9pli/fvh7BgwUJycnIYOPAbpei2NlHToEEDOnXSnfGlr6+PoaEhYWFhDBs2nPDwcBo3bsSkSRN1apZduHCB2Ng43N3dX1qL63kVKpTH2dlJWXro7++Po6MjBQoUUL7Pbbnf8wkbrbi4uBcKiR87dlxJ+oSEaGYzapd5Apw7d45SpTyUZZ39+3/F55/3YujQIVhYWHD9+g2GDfuO4sWLA5rn1qWLbpH5mJhY7OzslO9TUlI4deq0UlNrwwY/9u7dy5QpU5TaX4MHD1Xuzd/fHwcHB502cqMZD90ZTnFx8Tr3rFarOXr0KI0bNyYhIYGcnBzs7Aoq569evUZERITy78fEiZOxsDDHx+cH7O3tUalUtG7dVvk3CDSzsIKD73L37j0KFbKncePGyrmAgAC6du2ap/sU+YsksIQQQgghhBCv1LRpE379dT0hISGsXLmKw4eP4ODgQEREBKBJ0mgTItqETXx8PFOmTOXhw4dcu3YdeJoI0SY9jIwMUavVnDhxQqlZo/0Q+vzSNy1t4fIHDx6waNGP6Onp6dS+0dfX59Gjx6SnpwOapFZkZBQ7duwENLN+zM3NKVHCFVNTU1QqFbNnz6V8+XJKnS99fX3c3d3Q09OjTp3aHD58BF/f5QQEBHDp0mUeP36Mh4c7/fp55zpe2tj19PRYtOhHzp8/z4ULf6BSqahYsQLNmzcjMzNTGcPx4ydQunRpTp48RU5ODq1bt6Ju3bokJycr9aqe/XCeG0PDpzvKzZvnQ8GCthw6dBjQJKa0O85pE1jaBElKSqryuiVLluHoWJSBA79R7sHU1FRJIGqPPZtk1Cb4tB/4tcsYtfHm5VnnxtTUlBIlXLl79x5//PEHFSqU11kmV6uWFxcuXODixYsUK+aIhYUFERERXLz4J//732QSExP58ssBxMfHY2lpib29vVJjqWvXLjg5OTFp0v+Ii4tj4sQJuSawAgICOXHiBE2bNsHR0ZHExER27tzFrVu3GTCgvzIGzyY7AgIClNlp8LT+29ChuSdE3Nzc2Lx5C1FRUVhZWeHnt5FTp04xZMhgAGU2Y0pKCgUKFODy5Sts2OCnjMXjx4+JjY2lWbOmyhjMmjWL0qVLo6enl+sMLoCSJUuyb99+6tevR2pqKtOmzSAxMVH5ebt9+zYfffQRbm4lUavVbNq0mQsXLtCnT2/lvl/3ngTNbLJnE+CgWeJ46NBh6tevh0qlYunSZWRkZNClS2eMjIywtLRk167d9OvnrdSEs7a2Vma13b59m2HDhmJvb09aWhozZ84iPT1dpy5cqVIe/PnnJW7fvs3ixT8px58fj9fdp8hfpIi7EEIIIYQQ4pVMTU1ZuXI53t59KVHClSdPnnDr1i309PRo06Y18+bNUZYnNW3ahGrVqmFiYoK/vz/169fH1NQUeDrrp0+f3ri4uBAe/pB1635VagnB0ySXdibP87N0vLy8+OKLftja2rJ37+8kJCRQsWIF4GlSpkKF8rRt2wZzc3O2b9/BpUuXlA/R2vZsbGyYMmUyzs7OXLp0iUuXLlOrlhegmT2kjXns2DF07twJY2Nj9u79HYDevT/n55+XKUXBn6ddklexYgU6dGjPyZOnSE9Pp127tsyf74O+vj4mJiYsXDifunXrEhUVzeHDRyhWzJHRo0cxYcJ44GkdLX19/dfOEHJxcaFLl86YmZnx8OFDbGxslGVv2qREVlYW9+7d1xlnDw93WrRojqmpKSdPnuTYseMYGxsr469NCmZlZSmJJ20SUZvQcnZ21tk9TtO+Zpzz8qxfRpsg0dPTY+TIkcqMO4Bu3boycOA32Nvbs3nzFtav38DNmzepVcuLsmXL4O/vryyfTE5OZtOmzcp/2kSPdjbfy2aC6enpERQUzKBBg2nUqAl9+ngTFBTMzz8vo1q1aoBmwwLt+1q7HPPZZFFISChZWVnK8rfnderUkXLlytGlSzc++6wX1tbW2NjYUL58eWX8W7ZsQc+enzNgwFdcuXIFF5fiyjN1dXWle/dueHt/wdCh37F27TocHIoq9xQcfBcDAwOdGVwAQ4Z8S0JCPK1atWHQoG9xcyv517JEzUy9nj17cu3aNby9+zFixChlPLTP7M6dF2dW5aZr187s27efRo2asHLlKgAGD/4WfX19WrduS7duPcjOzmbp0iWYmZlhaGjIxInj2bPnN5o3b8m8efOoVOkjnWWI3347iMWLl/DNN4OYNm069vb2eHi46yzp9fDw4MKFCzRu3EinVtjTAu55u0+Rv+ipX1ZN7l8UHh7+1/rVhPcdihBCCCH+IQUKFPhrq3vn9x2KEP95x48fp27d2u87jP+3JkyYyMGDh3SKswuRF3/88QcTJ07m999/09npU4i3derUGRo0aPC+w1BqEl65ciXPr6lSpQqQT5YQ3r9/n+rVq2JqaqqTVRdCCCHEf4NarSYrK4uQkBBJYAkh/vO0M7BeVrhbCK3z589Trlw5rK2tuXnzFtOnz+Sbb76W5JUQucgXCazU1FRsbGwwNjaWH1QhhBDiPygnJ4eMjAylULAQQvxXqVQqQkM1hbclgSVe58SJk4wbNwEDAwOKFCnMV18NyNPOiEL8f5QvElig2dXDxMREElhCCCHEf5C2yK8QQvzXmZqacv782fcdhvhAjB49itGjR73vMIT4IOSbBJa+vj76+vqyhFAIIYT4D9L+f14IIYQQQog3Ib9JCiGEEEIIIYQQQoh8TRJYQgghhBBCCCGEECJfyzdLCPOrDRv8OH36DFlZWfj4zMPS0vJ9h/RGQkPD8PX1JTo6hoYNG9C9e7d/tf/Jk/9HgwYNaNCg/r/arxBCCCGEEEIIIT58+T6B1atX75ee09PTY+3aNX+7zStXrrB27a/Mn//DK68LDQ3j2LHjLFjgg4WFxd/u522pVCq+/HIAPj7zKFSo0Fu1tWPHTqpUqULnzp3eUXT/P5w5c5YjR44QFvaAjIyMPL3fNm3azNWrV3nyJBJLS0uqVq1Ct25dMTMzU645ffoMO3bsJDY2FmdnJ3r37o2bW0kAgoKC2bPnN+7evUt6ejpOTsXo0KE9lSpVAiA+Pp4tW7Zy+/YdEhISsLOzo2HDBrRq1VInjlf18azbt28zc+ZsqlatyrBhQ5Tjmzdv4dq1a4SHP6RMmTKMHTta53WrV6/h6NFjOsc+++xTWrRo/sbjmZ2dzebNWzh37jzJyckUKVKYtm3bUquWV57jTkhIYPXqX7hx4wYmJibUqVOb7t27KbV3cnJy2LRpM6dOnSY9PZ2KFSvSt29vChQooIzbsWPHePAgHAMDAzw8POjevSuOjo4APHnyhBUrVvLw4SNUKhX29vY0adKYZs2aKjHcvXsPPz8/QkJCMTMzo1GjhnTo0P6txk4IIYQQQggh/j/L9wmsVatWKF8vXrwUc3Mz+vbt86/0HR0dha2t7XtJXr1rUVGReHp+/L7D+OBYWVnSrFkzkpKSWLfu1zy9JjExkZ49P6NYsWLExMTy88++rF27jgED+gPg7x/AypWrGDjwa8qXL8++ffuZO3ce8+bNwdLSkqioKCpUKE+3bl2wsLDg2LHjzJ+/kBkzpuHo6EhiYhLW1tZ8++0g7OwKEhQUxNKlP2NpaUm9enXz1IeWSqVizZq1lC5d6oX7KFy4MF26dObixT+Jjo7J9V4bNWpIz56fKd8bGBi81XgeOHCQU6dOM3r0KIoVc+TixT9ZunQZxYoVw8WleJ7iXrJkGQYGBvj4zCMpKZkffvDB1NSUjh07ALB79x7On2S3pBkAACAASURBVL/A2LFjsLa2Yvnylfz00xLGjRsLQGRkJM2aNcPNrSTZ2dn4+W1i7twf8PGZh56eHubm5nTq1AkHhyIYGhoSEhLCokU/YW9vR9WqVUlISGDu3Hk0b96MkSNHEBHxBB+f+VhYWOgkuf7u2AkhhBBCCCHE/2f5PoFlZGSkfK3dwUh7LDIykvXr/QgODkZfX58aNarTrVtXTExMyMrKYu3adVy6dJnMzEwsLCzo0qUz7u5urFq1hsTERIYPHwnAl19+QZkypXX6PX78BFu3biM5OZnhw0dSooQrgwYN5MCBgxw9eoyYmBgsLCyoWdOTrl27KB8+nzx5gp/fJoKDg8nIyKB4cWeGD/8OMzMzVCoVW7Zs5fLlK6SlpeHu7k6fPp9jb2+f673PmjUbgBkzZqGvr0+jRg1p3boV9++H4OfnR2homJK0aNu2zUt3dxo3bjwPHz5i/foNbN26jQED+pOZmcGWLVt5/DgCAwMDypQpw+ef98TGxgYAtVrN4cNHOHLkCNHRMVhaWvLJJ+1o2LABarWaI0eOcujQYeLi4nBwKEKPHj0oW7ZMnp/rmzy7WrW8iIqKYvXqX7h37x4AtrY2DBw4ECenYmRnZ7Nz5y5Onz5DWloaLi4u9Oz5Gc7OTgD8+ut64uLiMDIy4sGDB6hU6bRs2YImTRq/NM6PPvoI0Mzay6svv/xC+drGxoZGjRpy6NBh5dixY8eoXLky1atXB6BDh/YcO3acP/64SKNGDV+YbdShQ3v27z/AvXv3cXR0pHhxZ4oXd1bOV69enYoVzxIQEKAksF7Xh5af30a8vGoSHx9PfHyCTr/a5Z537vi/NIH17M9jXrxuPCMjIylTpoySrPLyqsn69RsIDw/XSWC9LO6IiAhu377N9OnTKFCgAAUKFKB161bs3LlLSWAdPXqMNm1aK++LHj26MWbM9zx69AhHR0flOq0OHdozfvwEYmNjsbOzw8rKSuffCwcHB4yNjXn8OAKAW7duo1arad/+E/T09HBxKU7jxo04dOiwTgLr746dEEIIIYQQQvx/lu8TWC+Tnp7OjBmzqFu3DgMHfk16ejqLFy9l8+Yt9OrVk5MnT3Hv3j3mzJmFhYUF8fHxpKSkULhwYby9+7B27a/88MPcl7bfoEF9zM3N2Lp1O3PmzFKO29jY8N13QylcuDCPHz/Gx2cBtra2tGjRnLS0NGbMmMXHH9dgwIAvMTY2Jjj4rpJYWrbMl6ysLCZPnoiFhQXbt+9gwYKFTJ06BT09vRdiGDNmNF9+OYDvvx+jLCFMSkpi9uw5tGrVklGjRhIR8YQffvDB0NCQ1q1b5Xov06dPY+zY72nXrh1eXjUBTVKiZ8+elCjhSlpaGr6+K1izZi1Dhw4GYP/+A+zff4BBgwbi7u5GYmIiMTGxABw8eIiDBw8xePC3FC/uzOXLl5k/fwEzZ07Hzs7uH3t2AFu2bMXOriDDhw9DX1+fx48fKzPkdu3azfnzFxg1agT29vbs2rWb2bPnMHfubGX53pUrVxk/fhwlS5bg8ePHjBs3gQoVyuPg4PDauN9UYGAQLi4uyvdhYWHUqlVL+V6T5HAhLCws19c/eBBOamoqxYsXz/V8ZmYm9+7do02b1n+rj9u3bxMcHMyUKf9j7dp1b3RvFy/+yaVLl7G2tqJq1aq0bt0KExOTN2oLoGHDhixZspTQ0DCcnIpx8eKf5OTkUL58uTzF/eDBAwwNDXUSfCVKlCAhIYGEhAT09fWJi4ujRIkSyvlixYphbGzMgwfhyjLBZwUEBGBtbU3BggV1jk+cOInIyChSUlJwdHSkdm3NeKvV6lx/niMiIkhPT1fG512PnRBCCCGEEEL8l32wuxD++eclDAwM6NSpI8bGxlhZWdG5cyfOnDkLaGZupaamERYWRlZWFjY2NhQrVuyt+/X0/JgiRYqgp6eHo6MjjRs34vbtOwBcunQZfX19Pv20B2ZmZhgYGFC6dClMTEyIjY3l0qVLSq0dQ0NDOnfuRETEEx48CM9z/5cvX8HCwoK2bdtgaGiIk1MxWrVqyfHjJ/7WfZQtWwZ3dzcMDAywtLSkY8cO3Lp1Szl/6NBhOnRoj4eHO3p6ehQoUICSJTUf+g8ePETHjh1wcSmOnp4e1apVw93dnT//vJSnvt/m2RkaGhIbG8fDh48AcHR0VGoXnThxkk8+aUfRokUxMjJSZtJcvXpN6btixYrKfRQtWpSiRR0ICQn9W2P3dxw+fAR/f3969HhaND8tTaVTDwvA3NyMtLS0F16flJTE4sWLadWqpU5SRkutVuPru5xChex1Zla9rg+VSsXKlavx9vZ+46VrH39cg2+/HcS4cWPp1Kkj586dZ/nyFa9/4SsUKVKY0qVLMX78BPr08Wb58hX07t1LmRn4urjT0lSYm5vrHLOwMP/rXJpy/+bmz4+Nea7jf/fuPbZu3Ua/fn1fSEqNGDGcKVMm4+3dl8qVKynjXb58ObKzs9m9ew9ZWVmEhz/k2LHjSgzwz4ydEEIIIYQQQvyXfbAzsCIjI0lISGDUqDHKMe3MB5VKRe3atUhMTGT9+g1ERDyhXLlyOoWYnzd8+EgiIyMBaN68mU5tmmddvXqVvXv3ERUVBWhmEzk4FAEgKiqKwoUL5zr7IjJSc/3s2bqzvkxMTEhIiOfMmQcsW/azcnzZsiW5fkCPiYmhUKFCOn0UKVKYmBjNEq8zZ86+0E5uNbwePnzItm07CA0NJSsrC7VajUqlIjMzE0NDQ6Kjo3OdlaRWq4mKimLr1m3s2rVbOa5SqXBzK0lsbCxDhgxTjg8dOphq1ao9NxZv/ux69OjOzp27WLBgISqViho1qtO9ezdMTU2Ji4vTKXavr6+Pvb2dMjagqcH0LCMjI1QqFZD394DW6+51//4D7N37O99/P1YnLjMz0xeSJampadjb685ei4+PZ/bsOZQvXz7XXSOzs7NZtuxn4uLiGDFiOIaGT3+cX9fHxo2bqF69Wq5F3fOqfPnyytdFihTB2NiY2bPnkp6eTkpKymvfB7lZs+YXHjx4wOzZMylSpAgBAQEsXPgjJiYmVK5c+bVxm5mZkpqaqnMsJSX1r3NmymzI1NTnxyb1hYRfQEAgCxcuwtu7L1WrVn2hL2tra6ytrSlcuDBLlixl585ddOvWFRsbG0aMGM6WLVvYv/8AtrY21K1bh507dyk/i68aO5mFJYQQQgghhBAv+mATWIUKFaJQIXtmzpzx0mtat25F69atSElJYcMGP1asWMnEiRNyrRX1quWEWomJicyfv5Bhw4ZQqVIl9PT02L//AOfPn1diOnnyVK5LiLSJg/Hjv8fa2jrX9rVLkLTS09NfuMbOzo7o6HM6xyIjo5Sle7Vr13qhndwsWbKUKlWq8NVX/TE2NiY0NIzx4ycAmuVm9vb2PHny5IXaYNpz3bt35eOPcy8Kv27dL6/s+22enZWVFb169aRXr55ERkby00+L2bPnN7p27YKtrS3R0dFKYW+1Wk10dEyeljVC3t4DzypYsOBL73XHjp0cP36CcePGvpAILF68OPfvhyjfq9VqQkNDqVq1inIsMjKS2bPn4un5MV27dnmh/YyMDBYt+onMzExGjhzxQtLjdX3cuHGT5ORkTp48BWjeazk5OXz99UAWLPB5oySKgYEharWanJycV47Nq4SGhlKrVi0l0VyuXDk8PDy4fv0GlStXfm3czs7OyqwnJ6diSpvaelgAtra2hISE4OHhDsCjR4/IyMhQamIBXL9+nSVLltG//xe5Jq9y8+RJpPK1ZhbZOOX79es34OHh/tKaV8+OnRBCCPH/2bZt25kzZy5OTk5s27blfYcjhBAiH/lglxBWq1aVtDQV27fvIC0t7a9kRbRSHPrOnTuEhoaRk5ODqakp5ubmSuKqQAEbEhMTlbpKeaVSqVCr1RQvrlk6l5SUxIkTT5fuVatWlezsbDZu3ERaWhrZ2dkEBgaRnp6Ovb091apVY8WKVcqMoJSUFC5c+IPs7Oxc+zMxMcHMzIyIiAjlWNWqVUhOTmbv3t/Jysri4cOH7N37O/Xr1/tb95KSkqrU/snOzmbfvn0655s0aczOnbu4e/cearWaxMREJSHSrFlTtmzZxv37IajVajIyMrhz544ye+l13ubZ/fHHH0RHRwNgaWmJsbGxMlOtXr267N69hydPnpCZmcmOHTsBqFy50t8am2fl5OSQmZmpPKPMzEwyMzNf+Ro/v42cOHGS0aNHYmdn98JrGjRowNWrV7l69SoZGRns3r2HzMxMPv64BqBJqEybNoOaNT3p0KG98nptciMtLY15834gKyuLwYMHoa+vrxNjXvqYMGEcM2dOZ/r0qUyfPpWPP65BuXLlmD59KsbGxoBmhpe2X7VaTWZmJllZWUofR48eIzIyktTUVIKCgvn111/56KOPXpjJ9HfGs1SpUly4cIHIyEjUajX+/gEEBgYqNateF7eDgwPlypVj48ZNJCcn8/jxY/bu/V1neWWjRg3Zt28/jx49IiUlhY0bN1O2bBklaXbx4kV+/HEx/ft/QcWKFZUY1Wo1AJcvX+batWtKXa3jx09w4cIffPRRRaWPO3fu/FVgPp7Dh49w7NhxOnfu9FZjJ4QQQuQXU6ZMxdPTC09PL0aPHvtGbfz663o8Pb3o0ePTdxzdu5GWlsaYMd/TsWNnPD29WLly1QvXxMbGMmrUGOrXb0jz5i1ZuHCRzu9j2dnZLFr0I82bt6R+/YaMGjVGZ2UAwN69v9OxY2fq1KlHnz59uXnzls7527fv0LevN3Xq1KNDh0789tvefz2GJUuW8tlnPalVqw4DB3779wZSCCHeoQ92BpaZmRnffz+GTZs2M2rUGNLT0ylY0Ja6detSpUoV4uLiWbNmLbGxsRgZGeHi4oK3d18AXF1dqFnTkxEjRpGdnc2QId/qLOl5mcKFC9OtW1dmzpyNlZUl5uYWVK1aVakdZWZmxtixo/Hz28Tw4SPJzs6meHFnvvtOs5RqwIAv2blzFzNmzCIhIUHZzaxGjeov7bNbt674+q4gIyOD5s2b0bFjB0aNGsmGDRvYtWs3FhYW1KtXl5YtW/yt8fP27sOGDX4cPHgQQ0NDPD09lRpUAC1btkBfXx9f3+XExGh2IWzf/hNKlHClefNmGBsbs3z5cqKjYzA2NsbV1ZWePfP2C8jbPLt79+6zfr0fqampmJiYUKnSR0rx8k8+aUdOTg6zZs0hNTUVFxcXRo0a+VZJgZMnT+n8wuLtrdlhcMmSn7CysnrhepVKxe+/a5KBz/5CZ2hoyOrVKwFN/TFv776sXfsrcXFxODs7MWLEcCwtNcsbT5w4SVxcHLt372H37j1KG127dqFt2zb4+/tz544/AF999Y1yvmLFiowaNSJPfWhrSmmZmJhgZKTSKVTu67ucs2efzvbz9v4CJ6diysy5ixf/ZOvWbaSmpmJra0vVqlVe2MHv745n9+7d2LRpM1OnTiclJQVbW1vatGlN3bp18hz3N998xerVvzBkyDCMjIyoV68u7dt/opxv164taWlpTJ06nYyMDCpUqMDAgU/Hcc+e31CpVMyfv1Cnr4kTJ+Dh4U5OTg7bt+8gIuIJenp6FClSmF69eiq7NgKcOnWaP/+8RGZmJi4uxRk2bAhly5ZVzr/J2AkhhBD5QUpKCkeOHFW+P336NLGxsS9sdpIfaRM7ean/qaenR6VKH9GlS2d8fHxyvWbChEkYGBiwY8c24uLi+e674Zibmys7Uq9Z8wuHDx9h8eKfKFjQlqlTpzN+/ESWLl0MaDYXmjlzFtOmTaFGjRqsX7+BYcO+Y+vWzRQoUICkpCSGDfuODh3a8+OPi7h06RLjxk2gaFEHpTTDPx0DaDa8+eabrzl27Liy67IQQrwPemrttIL36MCBA9SpUwsTE5Nc60cJIYQQ4sOmVqtJT0/n9OmzNG/e/H2HI8R/3vHjx6lbt/Y7b3f79h3Mnj0HGxsbzMzMePz4MYMGDaRXr57KNV5etcnJycHHZx61a9fmyZMntGvXHoBNm/zYsmUrW7due6Ht9et/5dq1a8oSws8++5Q1a34hKSmJWrW8GD9+nPKHyXv37rFsmS+3bt0iJSUFZ2cnOnbsyCeftENfX5+QkBC6desBaHb29vPbSFhYGDt3bic4OJjhw0cCcOHCuRfieF7v3n2oV68e/fp5K8cePHhA585dWb/+V9zd3QDN8seVK1fx+++/AdCmTTt69epJt25dAbh//z7du3/Kpk1+uLq6MnHiJNLTM5g9eyagmanetu0n9OvnTceOHdi1azdLly5j7949StLt++/Hoa+vz7RpU/+VGJ61aNGPBAQEsnjxj68dMyFE/nPq1BkaNGjwvsMgMTERQFmBlRdVqmhK4XywSwiFEEIIIYQQ/67duzWb+DRq1JCmTZsAmtnLf0e1alWVEg8FChSgW7euf22EUkC55tGjR6xYsRJ3d3dUKhWHDx9h48ZNgKa+Zd++/Thx4gQODkVo2LAB9++HMGvWbJYsWfpCf/Pm/YCrqyv16tV7492XnxcUFISRkZGSOAIoU6YMMTExxMbGEh8fT1RUFOXKlVPOlyhRAlNTU4KD7wIQHBxMuXJPZ2jr6+tTqlQpgoODlT5KlSqlE3PZsmUJCnp6/p+OQQgh8pMPdgmhEEIIIYQQ4t8TFBSslDFo0qQJlpaWrF27jtDQUK5cuUqVKpV1rs9t4ySARo0a8ejRY65evYadXUGl3MbzfH2X4eTkxMSJkzhw4KDS986du1CpVDg5ObF8uS/6+vq4u7uzaNGPbN68hQED+uu08913w+jUqaPyvVqtZvLkSW88DqCpJ6stzaCl3e06JSVFuXdLS93dwC0tLZU6vC9rIzk5WWnn+ddbWVm99vXvMgYhhMhPJIElhBBCCCGEeK1du3YBYG9vT5UqldHX18fV1ZWQkBB27979QgJL62UbFr1KoUKFcHLS7BCs3VFam3SJiHgCgIuLi5KkcXMrCWh2KI6Pj9dpS7uJjVbhwoX/dv3Y51lYmL+Q5ElKSv7rnIUSV3Ky7qZRycnJWFhYvLKNokUdlHZiYmKfO5/02te/yxiEECI/kSWEQgghhBBCiFdKT09n//4DAERHR+PlVRtPTy9CQjS7VB85clRJhJibmwOQmJgEkOtyNO2yuJyc3MvxGhkZKV8/XyPXwaEIoFlKqN2l+e7de4Bmg5fnN33R7rCsFRkZyb59+9m3b/8r7/lVPDw8yMzMVPoFCAgIwM7OjoIFC2JjY0OhQoXw9/dXzoeEhKBSqZQlf+7u7vj7Byjnc3JyCAwMxN3dXekjKChIuUdtHx4eT8//0zEIIUR+ki9mYJmbm5OenoGRkdFLpxoLIYQQ4sOVk5ODnp6e8sFWCPFhOXbsOElJmoRU7dq1lQSUWq3m1KlTpKenc+DAQTp16kjZsmW5ePEiK1asJCgoiN9+2/tCe9oZPg8ePGDGjJlYWloyePC3eYrlk0/asX37DsLDwxkw4CucnZ05dOgwAJ07d9JJfuUmMDCQyZP/B/DKmVgZGRlo97vKyckhPT0dAwMDDA0NcXZ2pnr16ixevIRJkyYQHx/Pr7+up0OH9srrO3Roz4YNftSoUZ2CBQvy009LqFq1Cq6urgC0b9+eIUOGcubMGapVq8aGDX5kZGTQuHEjQFNnbPHiJaxatZqePT/j8uXLnDx5ivnzfwD4V2IAyMrKIjs7m+zsbGVDDn19/deOsxBCvGv5IoHl4eHBrVu3SU1Nfd+hCCGEEOIfYm5uTqFChd53GEKIN7B79x4Aqlatio/PPJ1zo0aN4cSJE+zevZtOnToyYsR3TJ06jeDgu5w/fx5v77788IOPzmvq1KlD06ZNOHv2HLt27cbIyCjPCSxXV1dWrlyBr+9ybt26RWBgEC4uxenQoQPt23/ybm4Y6NixM1FRUQD4+wewYsVKOnfuxMiRIwCYOvV/zJo1h3bt2mNsbEybNq3x9u6rvL5Pn96kpKTQv/9XpKen8/HHHzNt2lTlfNWqVRgzZjTz5vkQFRWFu7sb8+f7UKCAppi9lZUV8+f7MG/ePNas+QV7e3tGjRpJtWrVlDb+6RgApkyZyoEDB5Xv69VrQMmSJfDz2/CuhloIIfJET639s4IQQgghhBDiP+H48ePUrVv7fYchhBAinzh16gwNGjR432GQmJgIwJUrV/L8mipVqgBSA0sIIYQQQgghhBBC5HOSwBJCCCGEEEIIIYQQ+ZoksIQQQgghhBBCCCFEviYJLCGEEEIIIYQQQgiRr0kCSwghhBBCCCGEEELka5LAEkIIIYQQQgghhBD5miSwhBBCCCGEEEIIIUS+JgksIYQQQgghhBBCCJGvSQJLCCGEEEIIIYQQQuRrksASQgghhBBCCCGEEPmaJLCEEEIIIYQQQgghRL4mCSwhhBBCCCGEEEIIka9JAksIIYQQQgghhBBC5GuSwPobmjVrRvXq1fn999/fWZtbt26levXqtG/fPtfz0dHRtGnThnHjxpGRkfFO+vT29qZGjRrcu3fvrdoZtCMQvZFHabH8KgD+kanojTyK3sijhCekv4tQRR4NGTKE6tWrc/PmzfcdihBCCCGEEEII8c7liwTW8ePHqV69uvJf7dq1adOmDaNGjeLPP/983+EpypYtS4UKFbC1tX1nbdrZ2VGhQgVKly79wrmUlBQGDx5MmzZtmD59OsbGxm/d35EjR7h+/Tr169enZMmSAOy8GaUknp7/b39ATJ7bNjPSx7O4NZ7FrTEx0Ly15p0IQ2/kUSrMu/DWsYuX69u3LwALFix4z5EIIYQQQuQ/27Ztx9PTi06durzztnv0+BRPTy9++WXtO40nL9eEhITg6emFp6cXT548+Vtxv0tvMr5vGvuRI0fw9PSiTp16bxLqv6Zly9Z4enqxb9/+PF0/btx4PD29mD59xj8cmRAfLsP3HcDzSpUqRXp6Og8fPuTo0aMcPXqUQYMG0adPn/cWU2ZmJkZGRixcuPCdt92wYUMaNmyY6zkLCws2bNjwTvvz8/MDoE2bNrmer+xoiYnh07ymjalRntt2sTXl/LfV3y7A18jIVmNsoPfOr/3QVa5cGScnJ65evYq/vz9lypR53yEJIYQQ4j+mZ89eBAUFA9CnT2++/vor5dycOXPZtm07ANWrV2fx4h/fS4wvY2dXkAoVylO4cJH3Hco7ZWJiQoUK5QHy/Mfu+vUbolKpmDFjGo0bN34ncfxXx/dtlClThsTEBGxtbfJ0ffHixalQoTzFihX7hyMT4sOV7xJYs2fPxtnZmZiYGCZNmsT58+dZvHgxdevWxc3NjaysLLZt28aOHTsIDw/HxsaGOnXqMHDgQKysrADYsGEDW7duJSIiAgMDA4oUKULHjh359NNPAQgLC8PX15erV68SHR2NnZ0dffr0oUuXLmzdupVZs2bh5ORE+/bt8fPzw8zMjJ07d9KsWTNiY2OZMmUKrVq1Uq51dHSkdevW7Nu3j4SEBOrUqcPo0aOxtLT8W/3t3LkTgISEBJYvX87p06eJioqiSJEi1K9fn379+mFpaUlISAidO3cGYPjw4ezZs4ewsDA8PDyYPHkyLi4uuY5tXFwcV69eRU9Pjxo1auR6zZZeFXG3N8v13LwTYfx0OpyY1Ey6VCrM86kh/8hUys49D8CD8bWZdTSUxWfDAbj1JAW9kUcBuDHck9SMbAbuCOBeTBqJ6dlYGhvwcXFr5rVxp2JRzbh1//Umm65F0qNyEQz19dhxM4qulQqzsmvZF2J71bUHAmKZfuQ+tyJS0NfTw8u1APPauFOqkDkABwNjmbD/HnciU8jIysHByoT6bjb80r0cAIajjpKtht+8K9G6rB3hCek4TzsDwJ2RNSlT2JzOa2+w7UYUn1YpgrGBPpuvPcHByphF7UuTlaNm5G9BRCRl0KxUQVZ1LYe1qYHmmaRlMeXQfX67Hc2jxHRcbE3pX7MY39Z2wkBfT2dMF7TzYM2fjwmKTuWjopas6VZOuQcAT09PwsPDOXLkiCSwhBBCCPGP2r59B3369MbMzIz4+Hj27n13JTb+CQ0aNKBBgwbvO4x3rmjRoqxcueK9xpCZmfmfGV/txIV3Yf78H/7W9QMG9GfAgP7vpG8h/qvyXQJLy87OjkmTJtGyZUvUajVHjx7Fzc2NOXPmsH37duzt7enZsyfXr19n69at3Lx5k19++YXAwEB8fHywsbGhd+/eZGdnc//+fcLCwgB48OABPXv2JDU1FUdHR9q0aUNkZCT379/X6T88PJy1a9dSq1YtDA1fPUyPHj3i8uXLtGvXjh07drBv3z4yMzOZNWtWnvvTyszM5Msvv+TevXs4OjrSokULzpw5w7p167hy5QqrVq3SuX716tW0a9eOtLQ0bty4wZw5c1i8eHGubfv7+wNQrFgxLCwscr2my7obOjOwjn1VFTMjfX758zEjf9P8xa1VGTuColI5F5rwynFp6G7L9cdJnLqfgJ25IT2rFgXA3sKI89Gp5KihT42i2JoZsetWFAcDY2m/5joBo70w1H+aHtt49Qke9mZ0rFhIJ2GTm+ev3Xj1CT3W38LYQI+vvZxIzcxm+YVHnLwXx7XvPHG2MaXruhskqrIZUteZguZG3ItJ4/aTlBfazstcro1Xn1CtmBVudmbciEih2683MNDTo4GbLeHx6Wy7EUW5IqFMaV6SzGw19Zdc4kZECtWdrOhZzYENlyMYtjuI0DgV89t56LQ982gofWsUJSUjm3OhiQzaEcjB/pWV8x4emutv376dh0iFEEIIId5MgQIFSEhIYM+e3+jatQvbtm1HpVIpx5+VmJjIypWrOH36DNHR0Tg4ONC+/Sd07doFAwMDQkJC6NatBwDDhg1l7969hIU9wMPDnQkTxit/mPXz28j27Tt0/kDdvv0n9OjRHZVKxbBh3xEaGkZCQgIGBgaUKOFK796fItK8DAAAIABJREFU06hRI0CzxG3OnLk4OTmxbduWPMWWm7S0NHx85nPixEkMDQ357LNPc73u/PnzrF69hnv37qOvr0+FChUYPHjQS//Q/Drbt+9gzZpfSEpKolYtL8aPH4eZmZnO+O3evZMiRYpw4cIFfv7Zl/v3Q8jMzMTOzo6qVaswZMhgmjdvqbT5/ffjgfE0bNiQWbNmkJCQwMqVqzhz5qzyR/R69erSt28f5Q/zLVu2JjY2ln79vLl8+TI3btxk3LjvSUtLe2F858yZy9mz54iLiyMrKwsHBwdatWpJv37ef+veL1y4wKJFPxIW9oCKFSvi5VXzhWve5FmOGzeew4eP0KxZUwwMDDh+/ARNmjRm/PhxhISEsGyZLzdv3iQlJYWSJUvwxRf98PLSLHds374jOTk5bN68UXmmo0aN4cSJE3Tu3ImRI0coYzV58iRatmxBeHg4Pj4LlDatra0pUaIE06ZNoWDBgko87dq1Zdy47wG4d+8ey5b5cuvWLVJSUnB2dqJjx4588kk79PX1lfe1o6MjrVq1ZN++/cTHx+PlVVN5jwCvvB+A9PR0FixYyMmTp4iPj8fMzAxnZycGDvyG6tX/2RU2Qvwd+TaBBVCoUCHMzMxIS0sjJiaGpKQkZZbS4MGDqVWrFh07dqRDhw74+/tz8eJFJWNuZGSEg4MDLi4u9O7dW0nYbNu2jdTUVOzt7fHz81OOZ2VlvdD/8uXLcXNze22cxsbG+Pj4YGFhQenSpRkyZAiHDx8mMTHxb/UHcO7cOaW4+s8//0zRokW5c+cOvXr14ubNm1y/fh0bm6fTUMeNG6fUs5o4cSK3bt16aZzaXyi0/wPKzdVHyTrfZ+eoNWNx4REA3SsXwe+z8qjVUGPhRS49THppW50qFuJ+bBqn7ifgYGXCgk+eJmRalLGjfYVCAKiycuhaqTCl55znXqyK4Og0yhR+mqhytjHh2nBPTA1fX7Lt+WurL7gIgHcNR8Y3cQXgzpMUTock8PP5h/yvWUlSM3LQ0wNHaxOqFrPiS09HHKxenIKtn4eKceWKWHB+cA1uP0mh4g8XSMnI4af2pRhY24lvdwby05lwLj5IBOBAQAw3IlIw1Ndjw2cVsDUzpGoxK9qtvs7iM+FMbV5Sp23fzmVoV96e8g4W9PK7rbSjpX2u8fHxrw9UCCGEEOINNW/ejL17f2fjxk20a9eWrVu3UbBgQerWrcOuXbuV67Kysvj6628IDr5L2bJlaNGiOQcPHmLBgoVEREQwbNhQnXZ/+WUtbdu2IS1NxY0bN5k3z4cff1zInTv+LFiw8P/Yu++oKK4GCuB32V0WkN4VEFBQxN4VRRCNscRu1Bg11hiNxhqNLWpiiy1RY+yRz95BEzUqGiLF3isWpKuAdJG6+/1BdsLSQcrG3N85nsPOzrz3piyyd957A0NDQwwfPuzvG9QhCA8PB5BzAzg8PALu7m4wNTXF48dP8Oeff2L+/AWoVasW7Ozs8u1DadumtHLlKpw4cRIymQxubh1w9KgXoqKiVNY5c+Ys5s//FhKJBP3790NaWhqOHTuOW7duYffunahevXqpjndUVBS2bdsOJycnXLx4ET4+5+Dg4ICRI/NPsSKXyzFnzjykpKRg8OBB0NfXR2RkJEJCQiCTyTBo0EAcOXIUWVlZaNeuHaytrVCnTh1kZmbiiy/GIzj4OWrUqIEPP+yCwMCL2L17D27duoWtW7dAI9cfw9u3/4omTRqjc+dOMDDQx9u3b/O15enTp2jcuBFq1qyJ+Ph4eHsfw5YtW2FmZoZevXqWaN/Dw8MxbdoMZGVlwcmpLvT19bFp02aVdcp6LpXOnDmLmjVromNHd9jY2CA8PBwjR45GamoqPDw8YGNjjUOHDmPKlGlYsWI53Nzc0LZtWwQEBOCPP05j3LjPkZiYiICAnBEahT2ca82anxAQEAA3NzfUq+eE169f48aNG0hNTYWxsXG+9UNDQzFy5GikpaWhQYP6qFmzJs6e9cHy5T8gMjISEyd+KawbFRUFf39/eHh0xOHDR1SukZLsz+HDR3D0qBfq1HHEgAH9kZKSggcPHuDVq+gSnSeiyqLWAVZMTIzwy9DExATR0dGQy+UAgG+//Tbf+mFhYRgwYAD69OmD33//Hd9//z0AQCKRYOjQoZg4cSJevHgBIGeurdy9kPL2sjIzMytReAUAhoaGQlm5xyy/evWqxPUpvXz5EgCgra0t/OeWux0vX75UCbDq1KkD4J/wIjU1tdB2lmSdJ7PaFjiEMCw+DQDQtEZOGSIR0NRKr8gAqygPX73BjN+f4lJoIlIz5SrvvUrJUAmwXO0NSxReFbRu6N/t3nQpEpsuRaqs+yQmFVKxCOv61MGcU88w88RT4b0udYxxbGSjAuvNylYUWn8zKz1oiAATnX+6HreqqQ8AMNTKOefJ6dkqbcuSK1Dnh4sq5WTKFQiNT4M4V0+0xn8fewOhHNUQVHlelUNpiYiIiCpCtWrV0KtXT+zbtx9z5sxDXFwcPv98LOLi4lTWu3TpEp4+fQaxWIzvvlsEfX19ODnVxYwZM3H48JF8w6Vmz56FDh06wN7eHgsXLhJ6lSv/xpFKpbCwsEDNmjUxbNhQ4W/ratWqwdv7KCQSCbKyspCRkYHHjx8jMjIS16/fKDDAKknbdHRUe/5nZGQIE3JPmTIZ/fr1RXx8PHr27C18RwGAPXv2AAB69eqJUaNyHrQTGhqKW7duw8vLGxMmjC/1Md+yZROsra3x7bcLcPr0GTx8+KjA9eRyOdLS0iASiWBqagonp7ro3bsXTE1NAQDTpk3FsWPHkZWVhR49uglzYPn5+SE4OGeEyC+//Pz3TfRHGDFiJO7du487d+6iSZPGQj2dOnlg6dIlwmvl/Ge5rV+/DjKZDHK5HOnp6UhNTcWJEydx+fLlEgdYJ06cRFZWFiwsLLB9+zZIJBKsXbsOe/fuE9Ypy7nMzdLSErt374RMJgMArFu3HqmpqXBwqI1Zs74GACgUCuzcuQu7du2Gm5sb+vTphYCAAJw69Qc+/3wsfHzOISsrCw0a1Iejo0OB9Si/1xoY6MPBoTY6dfLAjBnTC22Xt/cxpKWlwdraWggQHRwcsG7dehw8eEjl85NzXH6CoaEhEhMTcfz4b8I14uXlXez+KD9jOjo6sLGxgY2NDcaP/6LYkUhElU1tr8i4uDgsWrQIACASidCxY0eYm5tDQ0MDcrkckydPFsIbAMjOzoatrS1EIhHmzZuHmTNnIjg4GDdv3sTq1avh6emJESNGCKHQ48ePkZqaKvwyy8rKUvmAKn+BlcTr168RGxv79x2fx8JyCwuLEtenZGlpCSDnF9zLly9haWkp9MhSlpmb8k6ISFT8ADcHh5xfplFRUaUe321jqIXwxHSE/B26AMDzuPx3WvJSDgWUK1RDn5EHHuL2ixT0qW+Kie1s8CYjG7097wDI+YWam5a05A/LzLtuTSMtxKZmYmgzS3zWwlLlPX1ZzvEf18YKn7exwpPYVDx89QajDj7EmcdxOBMUh171TaErEyMxLRtxqTmB0Z0Xqr3UcpP+PWl87tMh/fuJjHljr5pGWgAATbEIRz9rBJnkn43SsxSwNdJCRGK6sEwZZhV2ppXDUnN/LoiIiIgqwqBBA3HgwEEEBARAJpOhf/9+2LpVdS6mFy9ybsxmZ2fj448HqbyXlZWFFy9eQiz+52835XQIuro5wZTyS3XTpk3Qu3cvnDhxUnhCm3L43oQJ45GSkoJVq1bj4sVLSEpS7aGeN1QrTdtq11btDZ/7Zrry7y0jIyNYWFggIiJCWO/ly5wn6h096oWjR71UyggPj0BpmZmZwdraGkDOTX0g52nlBZFIJJg2bSo2btyEn3/+Z1qR1q1bY+XKHwr9jqNss+pN9H/2P+9TAlu3bl1kmxUKBTw9/4eTJ0/h1atXKn/fx8XFF7mtartyzlOtWrWE7055n95elnOZW+PGjVSOi7K8p0+fqQy5BP45f+3atYOZmRlevHiBmzdv4eTJnDngCut9BeTMcbV48RIcP/4bjh//DQBgbW2NNWtWFTi0VHlObG1the98yv1IT09XGXVhZmYmdHJQdlpQXiMl2Z9+/frixo0buHHjJm7dui2UM2/enEIfOEZUFdQuwJo1axYyMjIQEREhDLP78ssvhfClV69e8Pb2xv79+9GtWzdIpVJEREQgMDAQe/fuxf379/H999+jefPmMDU1Fea+0tHRgZaWFvr374+jR48iNjYWn3zyCVq2bIn4+HhYWlri66+/LlOb5XI5xowZg8aNG8PX1xcA4OHhAX19/VLX17ZtW9jZ2SEkJATjxo1Dy5Ythe6o9evXR+PGjYV9Ki1LS0s4ODjg6dOnuH37doHjmfPOgTXDrSYGNDLHmNY1EBiaiF+vRMFIW4LEtGycf1r8fz62f4c0T2LfYuyhRzDUlmDlRw7IzvWfWEJaFnZdf1GmfSrOtA42GLrvAY7ciYaBlgTV9TURkZAOnydxWNDFHq1q6qP28kC41zaCnZEW3mbK8fbvHmEWfw8jbGmjD58n8Vh0Jhi3o5Lhea182vphXRM4m+vgQXQqvjv7HB85myI1Ixv3XqbgeVwa7s0o+g+DvK5duwYA6NBBvR8pTERERP9+1atXh4dHR/j4nEOPHt1VRggoWVrm3HiVSCRYsWK5ys3TzMxMVK9uiejof4YoFXZjViQSYc6c2ZgxYzqCg5/j1q1b+PHHn/C//+3E8OHDsG3bdpw+fQZ2dnZYsGA+dHX1sGDBQiH8KEhJ2paXmZkZRCIRFAoFXr58iQYN6iMtLQ2vX7/OV3ZCQgK6dv0QPXp0V3lPR6fgeWiLkrttJblp3a9fX/Tt2wdhYWEIDQ3F998vweXLl3H58mV06NBBCIJy3zNWHg/Vm+j/zNlrbm6uUkdxTzy8cOECfv11B2QyGb79dj5q1KiBPXv24sKFC8h/W7dwypv3ylEtABAZqTqqoiznMre8oZ6yPAeH2pg8+SuV95QBplgsRs+eH+HXX3dg27btuHfvPnR1dfHBB50Lradx40Y4fPggoqOjERISgs2bt+Devfvw8vLGlCmT862vbEdoaCjkcjk0NDTw7Fmw0Obcn7nc83zlvUZKsj/GxsbYuPEXJCcnIzj4OX777Tf89tvv2LHDkwEWqRW1C7AeP34MTU1NmJqaon79+vj4449VgpZvvvkGjo6O8Pb2xoEDByASiWBhYYEuXbpAX18fWVlZMDExwdmzZ5GcnAwtLS00adIEX3yR0wXSxsYGu3btwpYtW3D79m38/vvvMDExQZs2+ScDLCkrKysMHjwYnp6eEIlE6Nq1K2bNmgUApa5PKpVi27Zt2LJlCwICAnDy5EmYm5tj6NChGD16tMrY87IYPHgwFi9ejBMnThQYYOWdA+tlcgYAYESL6ohJycDPARHYdDESXZ1McubDuvUqXxm59XQ2xeAmFjj5MBbbrkRBJhZh5UcO2PZxPUw4GoTTQXEIiknFBBdrHLsf+077VpBPm1nCSFuKFb6hOHDrFVIysmGpp4m2tgZoZpUz1K6ljT7OP4nHq5QMaIiA2ibamNjOGq3/Hvq3vk9djDzwAHdepOB0UBzmd7bHJO/HRVVbIppiES582RxLz4XgtwexWHouBDpSDTia6WBEy9LNjfD06VM8efIEDg4OnGiRiIiIKsXUqVPQu3evQnt/t2nTBvb2dnj+PATbt/+Kdu3aIT09HU+fPsOLF1HYt29vieq5f/8Bli5dimbNmsHExESY+0p5g1r5JVwkAt6+TcOdO3eLDK/K2jaZTIZu3bri5MlTWLdu/d8PcrqZb/6nTz75BAsWLMSff/pCV1cXJiYmiImJwZUrVzFmzGg0aFC/RPtdVv36DUCzZk1RvXp1ZGRkID09p0e/sXFO7y1LSws8fZqCnTt34s6dO3B1bY82bdoIN9EnTJiIFi2aIzAwZ4qL+vWd0bhxo1K1ITs7Z8oMkUiEzMxMPHv2DNevXy/1vnTv3g27d+9BSEgIFi5cBBsbG+zZo3puyus6U+rTpzeOHvXC06fP4O19DI6OjkhISMD9+/dRq1Yt4Xtcr149sWOHp7BfH37YBVpaWoWWO3v2XCgUCtjb20EqleL165zegUZGRgWu37t3Lxw96oWIiAiMG/cFbGxscPasDwBgwID+JR5NU5L92bNnLwIDLwrzjCl7FBoZ5Z+bi6gqqUWA5e7uLvQeKY5EIsGgQYMwaNCgAt+3srLCL7/8UmQZtra2WLJkSYHvDRgwAAMGDCjwvTNnzhRa5uDBgzF48OByqc/Q0BAzZ84stC47O7t8x8vV1bVEx7Bnz57Yu3cvTp06hXHjxuU8oaOBGRQrPYrcTiQCZna0xcyOqt1b9376z3/ATuY6+cqRaIiw79P8/0m3rqmP61Naqiyb2M5a5fX+oQ2wf2ixu1Tsut3rmaB7PZNCtz0wtEGRZTuZ6+DiJNVQKG9bDw9vqPLaUk8z37FY3LUWFndV7b5soiPF6p6OWN1T9YmDuevOW85Hzqb5lnl6egIAJk/Of/eGiIiIqCKYmpoKcysVRCqVYtOmjfjf/3bCz88fnp7/g5aWFmrWtEGPHj1KXI+RkSGMjU3g43Mu1w3qxvj887GQSCQYPXoUoqJe4Pr161i//md06uQBR0cHPHnytNAyy9q2GTOmQ0NDAxcu+OHw4SPo2fMjvHjxAiEhIcI6Xbt+CD09XezevQc+PueQmpoKExMTNGzYAHXrVvxUD/XqOeHateuIi4uDhoYGrK2tMGDAACE4++qrSVi5cjWePHmKoKDHMDExQcuWLbF580Zs27YdgYEXcerUHzA3N8ennw7ByJEjSn0T3d3dHYMHD8LJk6ewYcMvaNKkCVxd2+OPP06XqhxbW1usWrUC69f/DF/fv+DkVBeDBw/C9u3/PJm9vK6z3HXu2LEd27Ztx9279/DXXxdgYGAAR0dHdOjgKqxXvXp1tG7dGpcuXQJQ9PBBIOe8nDx5CpcvX0ZmZiZMTU0xePAgfPJJwd8h7ezssH37NmzZshX379/H48dPYGtbE3379kWfPr3LdX/s7e1w/vx5HDt2HG/fvoW+vj7c3d0xdSq/W5B6ESnyTjhEJXb48GEsX74c1tbWwtMR/w2Sk5ORnJwMIyMj4dGq9O+mvMuonEONiIiI/tt8fX3h6tquqpuhNvbs2Yt169ajXj0neHruqOrmEBFVOj+/ALi7u1d1M4S5Cm/evFnibZo2bQpATXpgUeXS09Pjk+reMwyuiIiIiAp24MBBeHnl3Gxu0qRJFbeGiIjKigHWOyhquCEREREREVW9LVu2Qi6Xw8PDA6NHj6rq5hARURkxwCIiIiIiovfWuXNnq7oJRERUDt7tkXZEREREREREREQVjAEWERERERERERGpNQZYRERERERERESk1tRiDqw7d+5UdROIiIiIiCpUo0aNqroJZRYVFYWAgIvC48+JiKji6Ovrw8WlLaysalR1U9SKWgRYAFC3bt2qbgIRERERUYUICgqq6ia8k+fPQ9GyZXNoaWlBJBJVdXOIiN5bCoUCWVlZCA0NY4CVh9oEWEREREREpJ7evn0LQ0NDaGpqQkODs5AQEVUUuVyOjIwMpKamVnVT1A4DLCIiIiIiKpampiZkMhkDLCKiCiSXy6u6CWqLARYRERERERVLQ0MDGhoaHEJIRFSBlL9rKT8eFSIiIiIiIiIiUmsMsIiIiIiIiIiISK0xwCIiIiIiIiIiIrXGAIuIiIiIiIiIiNQaAywiIiIiIiIiIlJrDLCIiIiIiIiIiEitMcAiIiIiIiIiIiK1xgBLzfj7+1d1Eyod9/m/4b+4z+qK54KIiIiIiP5tGGAREREREREREZFak1R1A4iISH316dOn0Pc6duyIyZMnV2JriIiIiIjov+q9C7A++eQTvH37VngtEomgUCjQvn17zJgxo0LqTEpKwvDhw/Mt79WrF0aNGlUhdRJVBC0trTJtl5aWVs4tIXXi7e1d4PK+fftCJBLhq6++quQWERERERHRf817F2CZmJggIiJCeK1QKADkzPni7+8PLy8viESicq3z1KlTQlCmJBKJ0K9fv3Kth4AHDx5g7ty5AIClS5eiXr16AHK+SOc+/koikQheXl7vVKeybOWX+IqsqzBnzpyBubk5mjRpUuD7T548QUREBDp27PhO9TRs2BB37twp1Tb169d/pzqLs2fPHhw6dAgaGqojnqdNm4b27dtXaN153b59G1ZWVjA1Na3UetWVl5cX+vbtCwBFhliVeQ6zs7Ph5+cHd3f3Um03e/ZsfPjhhyrbBQcHY968edi7dy8WLlwofDbkcrnKvuzatQuLFy/G69evsXnzZpX/Yy5cuIA1a9Zg0aJFaNy4cYH1EBERERFR8d67AEsi+WeXlIFDaGioMMxl5cqVmDlzZrnWOWjQIAwaNEgINjZs2AArK6tyrSOvzMxM7Nu3D5s3b8b169eF5fPmzQMALF68WFjWvHlzjBs3Dp988gmkUmmZ6pPL5YiMjERoaCgSExOF5Y6OjgByAhQlAwMD2NrawsrKKt8X1nc1d+5cITyaM2eOEBhVVHCkLDv3MKqKrCuv4OBgTJ8+XSUwy9sbZsiQIUhNTQUArF27Ft999x0aNWpUpvrevHmD9PR0rF69Gj///DMmTpyI6dOnF7lNUlJSmeoqjc6dO2PixIll3j5v4FBWJ06cQP/+/Rlg5aIMsRQKRZHDCd/1HJZUaGgo/vrrr3IPiBYuXCj8PHr0aMycORN169ZVWUcul+Phw4dwdnYWlvn7+8PY2Lhc20JERERE9F/03gVYyjvfue+A29raCj/r6elVSL3R0dFCyFDR4RUAIby6evWqyr4qf84deCgUCrRs2RIAChzqWBLK8MrV1VWlvt9++w0A0LNnT5X6/Pz8AAA2NjZlqq+0KrNXVGXWNW3atHzLDh48iIEDBwIAfHx8hPBKacGCBWVuR1ZWFgBgw4YNqF+/PjZs2FBsgJWZmVmmusqDXC7Hvn37EBAQACAnUB03bhx0dHSwZMkS1KxZE3/++Se+/PJLnDlzBvb29njy5AnCw8Ph4eEBmUyG69evIz4+HjNmzIC9vT2SkpKwdu1aREREQKFQoFevXvjoo49w5MgR3Lx5E6GhoRgxYgQaNGiATZs2ITg4GBoaGnB1dcXgwYOr7FhUJWXIW5b5sI4cOYLo6GiMHz8+3+vU1FRs2bIFQUFBkEgk6NGjB7p27QoA+PTTTzF8+HAEBgbi1atX6NSpE3r06IGlS5ciJSUF3377Lb777jtERkZi48aNiI+Ph5aWFsaMGSP03CxvTZo0gZ+fnxBgpaSkICQkpFL+TyAiIiIiet+9dwFWXikpKdiyZYvwWvklqbz98ccfAFDuwxMLs3nzZgQGBsLFxQWXLl3K937udrRp00ZYt6wBVmhoKNq3b4+AgADEx8fne18ZZAGAoaEh2rdvD39//3IPsJYsWaIyhFCpMntFVWZdeYemAkBISIjwc1RUVL5tCgrXSio9PR0AMGvWLOzcubPY8Ar4J/SqCgEBAbh+/TrWrFkDmUyGH3/8EYcOHcJnn30GsViMhw8fYuPGjZDJZPDx8cGTJ08wb948REVFYdKkSZg4cSIWL16M/fv3448//sD48eNx+PBhGBoaYv78+YiOjsaXX36Jtm3bon///vD19cXEiRNRt25dbNy4EdWqVcPGjRuRmpqKr7/+Go6OjmjevHmVHY/KMGfOHCxduhTffPMNli9fXqF17du3DwDwyy+/IDk5GTNmzEDdunVhb28PDQ0NxMTEYNGiRYiNjcUXX3yBXr16YeTIkfDx8cGCBQsAAKtXr0bXrl3RpUsXPHnyBMuWLcPmzZvL3Bu1KC1btsSmTZswZswYiMViXLp0CS1btkRoaGi510VERERE9F/z3gZYCoUi39Oztm7dWmH1+fj4AEClzWuiHDZ46dIlvH37ttDJt9PS0qCtra2yTVkohw3Gx8eje/fuEIvFBa6XnZ2NkydPAqiYnjnOzs6VGiApVVYwmVeXLl1w+vRplWV2dnbCz8OHD4eXl1e++dfKSjkZ+4QJE/DVV18hKysL2dnZKuucPHkSN2/eFILEyjg2Fy5cwLVr11SWLViwANevX4erq6tw/Xfs2BE7d+7EZ599BpFIhObNm0MmkwnbNG/eHCKRCNWrV4dcLkezZs0AAJaWlggODgYAfPbZZ0IoZ25uDjMzM0RHR8PExESl/uvXr2PWrFkAAB0dHbRp0wa3bt2qtADr/PnzWLduncoyDw+PCp1Qfd68eXjw4AEA4NGjR/j666+xcuXKEm1b2DksyuXLlzF9+nSIRCLo6+vDxcUFly9fhr29PQDAxcUFAGBqagotLS0kJCSobB8dHY3IyEh07twZQE4PPWNjYwQFBaFBgwb56tuyZQs8PT2F13mv/eLo6emhVq1awnVw4cIFDBkyhAEWEREREVE5eG8DLJFIhEaNGuHly5d49eoVAGDs2LHo06cPRowYUe71JScnA8j5AlkZnJ2dceXKFXTt2lUIqArzwQcf4MqVKyrzspSWnp4eEhISYG5uLgRUwD/H2cTEBG/evMH169fh4OCAtLQ0eHh4vFNvIHVSFaEZkNNj0M3NDefPnxdCUjc3N5V1vLy8cODAAXh5eSEtLQ3Vq1cvc33KL+zZ2dkFfnkPCQnBzJkzIRaL0bBhQ/Tq1Qs6Ojplrq+k2rRpg5EjR6os09fXR0JCAho2bCgs09XVVZmTK++QYWXQpZwPSxluicViYX+fP3+Offv2ISkpCSKRCLGxsQVexwkJCdDX11epO3fvuIqm/F2jDLEqOryaPHkyQkNDhXms5s2bh8WLF2PChAn45Zdfit2+sHN448aNQrdJTEzEihUrhMA8MzMT7dq1E97P/btPJBJBLpfn2z4zMxNffPGFsCwtLU1lHr+CDc5YAAAgAElEQVTchg4dirZt2wqvw8PDS93LzNXVFX/99Rdq166N6OhoODk5lWp7IiIiIiIq2HsbYAHAokWLhJ83bNiAs2fPwtvbu9wDrBcvXghfcHN/ma5IkydPxjfffAM/P78SzYHl6ur6Tl9u7e3t8fDhQ7i4uKjUFxoaChMTE/j6+qJhw4bo1q0bFAoFfHx8YG5uXmnH433m7OyM2rVrw8fHByKRCBYWFvnWGTRokBCyTZgwoVzq3bVrF/744w/89NNPMDMzQ1paGoYPH46mTZtCIpFg7ty5cHR0RLVq1cqlvqJoamrCyMgo33JDQ0OVMCIpKQkGBgbC67L0DluzZg369esn9NrJHX4UVLfyfOStuzIoQ6x79+5VaHj1/PlzhIaGQiQSCcelRYsWkEgkiIqKws2bN4sto7BzqKGhofL76u3bt8LPRkZGmDlzJmrVqlWmdhsZGUFLS0tlGHlRdHR0VNpY0HDp4rRp0waenp7w9/dXCduIiIiIiOjdvNcBVm4dO3bE2bNnAeQETu/SSyWvP//8E0DlDjMbNWoUZDIZmjRpIjzaHcjpFSESiVTa0qhRI0ydOhVDhw4t9ZAYJRsbG2hoaODChQsqPVycnJygra0Na2trPHjwAG/evEFERARkMhnq1KlT9h0sxIMHD1TmwFJOxlxRE6sry81dTmVO4q6kHGq1a9euAt9PT09HWloaateuXeDQqJJS9kh6+PAhli1bBgsLC7i4uGD58uX4888/YWRkhOzsbGRlZcHZ2RnDhg2rsuGVQE6IcuTIEfTo0QNSqRTnzp1DixYt3qnM5ORkYZimr68vkpKShKGVEokEb968Eer28fFBnTp1kJKSgosXL5ZbeFgaHh4eFd7z097eHjNnzsTKlSsxZswYbNu2DcOGDUN2djYmTJiApk2blrlsY2NjXLlyBUDOdXzt2jXh6X6tWrXC6dOn8cUXXyA7Oxs7d+5Ehw4d4ODgUGh5EokEqampUCgUMDU1haWlJS5cuIAOHTogMTER27Ztw4QJE4rtuVpWWlpaaNiwIby8vDB//vwKqYOIiIiI6L/ovQuwlMFC3oAhd2+s8gyvgJy5XQDVJ/FVtOzsbOEpXLkDBGVA9d133wnLFApFoUPCSsPKygrW1tYq9SmH7DRq1AhisRhRUVHQ0dGBi4tLhQwfnDt3rlDunDlzhMCoooIjZbm551Or7OGEL1++RFBQEHr37g1dXd0C1xk8eDBEIhFWr179TnXp6uoiNTUVn3/+OZydnSGRSGBiYoJvv/0WJiYmsLS0RFpaGhQKBTQ0NGBoaCgM0a0KLi4uCA0NxdSpU6FQKFC/fn3069fvncocMmQIli9fDm1tbXzwwQfo0aMHNmzYgGXLlqF169ZYtWoVhgwZgqFDh2Ljxo0YP348NDQ00LVrVzRq1Kic9kz9uLi4YPbs2Vi2bBmAnAdkzJ07950DwzZt2uDcuXOYOnUqzMzM0Lx5c6FX3eDBg7F161aMHz8ecrkczZs3V5kDriB16tRBXFwcxowZg+3bt2P69OnYuHEj9u7dC5FIhN69e1dYeKXk6uqKkJCQQtu6du1alfnL+vXrh6FDh1Zom4iIiIiI/u1ECjWYpOjOnTvCHfd3NXHiRERERBT6/pAhQzBw4MByqeurr75CWFiYyrJ37YXj7++P9u3bv2vTKl1ycjJu374tzENTo0YN1K5du0Tblmafc/d+qoxeUcrgqrzrKuk+p6WlYfDgwZg0aRI6depU4DozZsxAWFgYDh48WKK6i1KnTh24ubkhODgYMpkMcrlcpUefXC5XmWcoIyMDYWFhwgToRfm3Xtvvo9Kciz59+sDb21t4fePGDTRr1gxBQUEqv7fzrkdERKqCgoIq9UaHr68vXF3Lbyizj895tG/vAplMVqW9r4mI3ncKhQLp6enw9w9E587lN9LCzy+g0h46VxTliK6STEOipBzx8d71wHr9+rXwc+7/XGvXro1x48bB0dGx3OoKCwvL9x94QfMTve/evHmDK1euQCwWo2PHjrh16xYePXoEiUQCW1vbcq1ryZIlKkMIlSqyV1TeL+WV2QPrxIkT2L9/f6FPmYyIiEDPnj3zTexeVmFhYdi1axcsLCyQnZ1dZC86hUKBrKwslSGl9P5TPrmxvG46EBERERERlcR7F2Dt27ev0upib4McUqkUMpkM7dq1g0KhQJMmTZCRkQGpVFrudTk7O1f6EL4+ffpU6PxWRenfv3+R71tbW8Pa2rrc6itrh8z09PRyawOpn9xDaImIiIiIiKrCexdgUeXT1NSEq6uryvxjrVq1qpA5sCrbfy2kZBBFef3XPgNERERERKSeNKq6AfR+yBtWvQ/hFRERERERERGpBwZYaua/OMk19/m/4b+4z+qK54KIiIiIiP5tGGAREREREREREZFaY4BFRERERERERERqjQEWERERERERERGpNQZYRERERERERESk1hhgERERERERERGRWmOARUREREREREREao0BFhERERERERERqTUGWEREREREREREpNYYYBERERERERERkVpjgEVERERERERERGqNARYREREREREREak1SVU3QCkoKKiqm0BERERERERERGpIbQKsRo0aVXUTiIiIiIgqxJ07d6q6CURERP9qHEJIRERERERERERqjQEWERERERERERGpNQZYRERERERERESk1hhgERERERERERGRWmOARUREREREREREao0BFhERERERERERqTUGWEREREREREREpNYYYBERERERERERkVpjgEVERERERERERGqNARYREREREREREak1BlhERERERERERKTWJFXdAHW3Y8cOPHr0CD179kT79u2rujlFevbsGfbt24eUlBQsX768qptDRERERERERFQu/jUB1ogRIyCTyVCtWjWEh4fj3r17+OijjwAA4eHhGDVqFLp06VKudZ48eRIvXrzAnDlzcOHChXItuyJMmjQJBw4cwLFjxyq0nqdPn2LDhg2IjIzEwYMHK7SudxESEoJvv/0Wo0ePhpubW1U3h4iIiIiIiIjK6F8TYDk4OGDevHkAgAMHDiA4OBgrV64EAFy7dg1xcXGlKi82NhaxsbFwcnIqdJ2//voLTk5OMDAwQM+ePcve+BLy9/cvcy+vqKgoREVFQU9PD0OHDi3nlqlycHBAu3bt1Dq8+u233xAUFIR79+5VdVOIiIiIiIiI6B39a+bA+uSTTwp9z8nJCY0bNy5Veb/++isePXpU5DqxsbEQi8WlKres4uPjsWzZsjJvX5lt/Tfo2bMnZsyYAS0trapuChERERERERG9o39ND6zatWsX+p6uri7kcjkmT54MbW1tvHjxAqNGjYKbmxvCwsKwdOlSmJub49mzZ5g7dy4SEhJw9OhR1KpVCyEhIZgyZUq+Mg8fPoxHjx4hMTERDx48wKxZsxAREYEVK1bA0dERt2/fxuzZs9GiRQsAwKFDh3Du3DmYm5sjPDwcw4YNg4eHB06fPo0DBw7AzMwMGRkZWLp0KbS1tVXqSktLw7JlyxAREYFvvvkGn376KRo2bIhff/0Vd+7cQbVq1RAdHY358+ejZs2a+doaGRkJT09PpKam4ptvvkGLFi0wYMAAzJ49GwqFAikpKdDR0cEPP/wAkUiEV69eYfHixTAwMEBWVhZiY2Oxbds2JCUlYf78+fmOYUk8fvwYy5cvR/Xq1REVFYWFCxfC1tYWvr6+OHjwIIyNjfHw4UMcOXKkwHPi7OyM8PBwLF++HCYmJoiOjkbLli0xevRo3L17F5MnT4aVlRVkMhnu3r2LZs2a4ZdffoFIJCpR+4iIiIiIiIjo3+tfE2AVZ926dahWrRqWLl2Ke/fuYdSoUfD398eWLVvg7u6OwYMHIyQkBNnZ2XBxcUHNmjUxcOBA9OnTp8DyBgwYgN9//x0eHh4YPnw4AOD58+eYO3cunJycsGHDBnh6eqJFixa4fPky1q5dCx8fH2hpaSE4OBg3btxATEwMpk+fjjNnzqBGjRoYO3Ys9u/fj5EjR6rUpaWlhd69e+Pq1avC5Ou+vr44dOgQTpw4AQ0NDRw4cABTpkzB0aNH87XVysoKw4YNw19//aUyeXvDhg0xZMgQZGZmonHjxhg7diwcHR0xdepUdO3aVdgv5VDMwo6hpqZmscd/2rRp+Pzzz9GrVy9s374dS5cuxebNm7F48WJs27YNdnZ2OHfuHAAUeE4AYPLkyRg9ejR69OiBjIwMdOnSBQ4ODnBzc0ODBg3g6OiISZMmIT4+Hi4uLrh//z4aNGhQbNuIiIiIiIiI6N/tXzOEsDi+vr5o3bo1AMDZ2RmvX79GeHg49PX1sX//fty9exd2dnZF9uQqTrNmzYQ5swwNDZGSkgIA+P333+Hq6ioMV6tVqxY++ugjXLp0Cebm5qhRowYAoH79+rh582aJ6jp79ixatmwJDY2cU+Tu7o7bt28jJiamxO0dMmQIAEAqlUJXVxcpKSmIjY3F5cuXVSa8nzRpEoDCj2FxYmJi8PDhQ7Rq1UrYVrmf+vr6+PnnnxEVFYVOnToJy/Kek+joaNy+fRtt2rQBAGhqasLFxQVnz54V6lH2tjIyMoKpqSkSExNLfCyIiIiIiIiI1N348ROquglq673pgRUbG4uTJ0/izp07AHLCpszMTEyYMAHx8fEYMmQIHB0dsX79elhZWalse/36dZWJzxcuXIhBgwblq+Pu3bs4ePAgjIyM8ODBA2F5TEwM7OzsVNbV0tJCbGwsUlJS8P333wMAoqOjYWpqik2bNmHt2rXCuidPnixwf3KHbQYGBsLyWbNm4eLFiwAAU1NT+Pn55ds+KysLW7duxevXr6Gnp4fU1FShrbnLU7a1qGPYoEEDoZdU9+7dsXr16nxtBYCNGzdCIpEgNTVVOB4rVqzAkiVL4OHhge7du2P58uUFnhNlGKWrq6uyz8+fP8+3b7mV9NwRERERERERqbMvvpiAzZs34+3b1Kpuilp6bwIsPT099OnTB926dcv33rJlyzB//nxMnToVGzduxOLFi1Xeb9CgAU6dOiW8NjExKbCOKVOmYOnSpWjdujX27Nkj9A4yMzMrsGeUnp4ejI2NMX/+fJXliYmJ6Nq1q/DaysoKUVFRKuuYmZkhOTlZZRvl8mXLluHt27cAAImk4FN48uRJ+Pn5Ye/evQCAPXv2CNsDOUFW3vm0CjuGJ06cgEKhAKAaMOXeDsgZAmhsbKzynoODA3bs2IHIyEh8+umnOH36NHr27JnvnEyePBkAkJycDJlMJuyzsr2FKem5IyIiIiIiIlJXyvBKLs+q6qaorfdmCKGLiwuOHDkCuVyusnzTpk0AAB0dHbRr104YhiaRSIRQSCaTwc7OTvinDGTyio6OFuaDysjIEJZ37doVPj4+CAkJUVm/devWCAkJwY0bN1SWGxgYqNQnlUohkUiQlJQkBEUffPABLl++LPR8+uuvv9CkSROYmprCwsJC2Nba2rrYtmZlZQnlmpqaonnz5ti+fbuwrLhjaGtrK9Rnamqary4rKyvY2Njg8OHD+d5THn8rKys4OztDJBIVeE7MzMzQpEkTBAYGAgAyMzMRGBiIzp07F7h/SiU9d0RERERERETqSBleKRTZVd0UtSZeuHDhwqpuxKtXr2BhYVGidQ8fPowTJ04gJCQEGRkZMDMzg7GxMZo3bw4/Pz9s2rQJFy5cwPPnz9G6dWsEBgZi+/btuHnzJu7fv4/p06dDX18fKSkp2LBhA54+fQo3NzeIxWKVei5cuICjR48iLi4OMpkMjo6OyMjIwMqVK4X5na5evYqGDRuiTZs20NfXx7Jly3D8+HEEBgZCV1cXDRs2hJ2dHX744QecPHkSV69ehYWFRYH7amBggGPHjuH333+HkZERPDw8kJ6ejl27duHSpUu4e/culixZojL0Tyk5ORnbtm3D7du3oaGhASsrK9SuXRv/+9//8PvvvyM8PBwRERGIi4tD586d0b59exw/fhybN2+Gr68vbt++jfbt26NFixYFHsO8njx5gsOHD+PJkyeoXr06HB0d0apVK/z66684cOAAAgMDkZ2djTp16mDTpk3w8/ODv78/RCIRxo0bh8uXLxd4Ttq2bQtPT09cvXoVR44cQbdu3dC3b188e/YMe/bsQWJiIlq0aIFr167ht99+g6amJjp06FDgkwhPnToFb29vXLlyBcnJyYiMjETdunWF3l1ERERElak0f++Wh5CQENja5n96dVkFBz9HzZo2kEgkfAo0EVE5yhtejR8/AV27dkVYWDhq1bIvt3rCwsLzTX1UFdLT0wEAL1++LPE21atXBwCIFHm74VSBO3fuoFGjRlXdDCIiIiKiClHZf+/6+vrC1bVduZXn43Me7du7QCaTMcAiIionecOrnNeb8PZtKvz9A9G5s0e51eXnFwB3d/dyK6+skpKSAKDED7gDgKZNmwJ4j4YQEhERERERERH9GxQcXm2GXM5hhIV5byZxJyIiIiKiiqGtrY309AxIpVJoaPAeOBHRu9q4cYPKhO3K13K5HCKRCDo6OlXYOvXEAIuIiIiIiIrk4FAb9+/fR2rq26puChHRe09HR7vAB6j91zHAIiIiIiKiIllYmMPCwryqm0FERP9h7P9LRERERERERERqjQEWERERERERERGpNQZYRERERERERESk1hhgERERERERERGRWmOARUREREREREREao0BFhERERERERERqTUGWERERERE9K9y8eIlfP/9YgBATEwMhg8fUW5lb968Bd7ex8qtvP+SmTO/wb1796q6GWVS3HWU+5r7t1Lnazv38U1ISMCwYZ8hOzu7XOt4+fIlRo4cXa5lUuWSVHUDiIiIiIhI/S1cuAjPngUDAGQyGSwszNG0aVP06NEd2traldoWe3s7dO36YaXW+b6Li4vD5MlT4en5K8RicVU3R+3wmqs82traGDZsKDQ02N+GVDHAIiIiIiKiEhk69FN07twJycnJCA8Px6FDh3Ht2jUsXLgAWlpaldKG7OxsWFpawtLSslLqK64tGhoaEIlEVd0UqmDqcs2pq6ysLEgk5RMvyGQydOnyQbmURe8XBlhERERERFQiIpEIYrEYhoaGMDQ0hL29PWbO/AZ//umLbt26AgCuXr0Kb+9jiImJRY0a1TFs2DDUrl0LAHDs2HGcO3ceaWlpqFatGj75ZBBatWqlsl10dAx0dXUxaNBAtGnTGps3b4FEIkFs7GvExsZi8OCByMjIhI+PD+bPnye07c8/feHtfQyZmZno0MEVAwd+DA0NDSgUCqxfvwGPHz9GRkYGrK2tMHz4cNjZ2Ra6n0lJSVi+fAWePXuG6tUtMXr0aNja1gQATJ06HR06uOLGjRtISkrG0qWL8fp1HHbv3oOwsDDo6uqid+9ecHVtj+zsbEyc+BWmTZsKR0cHAIBcLsdXX03BhAlfwNnZGWFh4QVuC+QM+dLV1UVkZBQePXoEK6samDRpIi5evITTp89AQ0MDQ4d+ijZtWgPICdSOH/8N/v4BePPmDZycnDBixHAYGhoKbXd3d8Pt27eRkvIGZmZmGD9+HHR1dbFq1WoAwIwZMwEAY8eOhrOzc5Hnszhnz/rg9OkzSE5ORq1atfDZZ8OEEKioayGvwq6NGzdu4MiRo4iOjoG2tjbat2+Hjz8eAJFIhJiYGEyf/jXGjh2DQ4cOIy0tDT16dEfr1q2wZctWhIWFo27dupg4cYJKD8LCrqOLFy+pXHOxsbHw9NyJp0+fQkdHB507d0K3bl0hEokQFRWFHTs8ER4eAQCoWbMm5sz5psB9e/XqFbZu3YawsHDY2FjDyckJz5+HYObMGQgOfo41a37Ezz+vE9b/+ecNsLe3R48e3VWOTUnPT2pqKn76aR3u3r0LCwtzjB07Fvb2dgAAb+9juHDBD0lJSTA2Nkbfvn3Qtm2bAsu5cMEPFy5cgKWlJZ48eYpmzZpiwID+hV5/pfkcJiQkYNKkyfD0/BUZGRn4+utZwntyuRzJyclYtGgh7O3tiiwzPT0dO3Z44tat29DT08OHH3ZRqScjIwP79u3HtWvXoVAo0LRpEwwZ8kml9yilkmOARUREREREZaKrq4v69Z3x8OEjdOvWFY8eBWH79h1CYHPt2jX8+ONPWLnyB0RHx+D06TNYvPg7GBsbIyEhAampqQCABw8eYPv2HZg06Us4OzsjKSkJiYlJQj3Xrl3HggXzYWlpCYVCgUuXLqu0Q6FQ4OHDh1ixYjlSUlLwww8rYWpqis6dOwEAGjVqiLFjR0NTUxPHjh3Hhg2/YMWK5YX2nPLz88f06dNQp44j/vjjNNas+RGrVq2AVCoFANy7dw9z586BlpYW3rx5g+XLf8DHHw/ArFlfIyrqBX74YQUsLS3h6OiANm1aIzAwUAiw7t+/D7FYjHr16hW7LQD4+wdg2rSpsLOzxebNW7B8+Qq0b98Oa9f+iLt372LTpi1o1qwpNDU1cfz4b7h16xZmz54FQ0NDHDx4CFu2bMPMmTOEfXv0KAizZ38DqVSKDRt+wYkTJzFo0EDMmDEdkydPxapVK4QhhEWdz+K+5F+/fh3Hjh3HjBnTYWVVA15e3liz5icsW7YEERGRhV4LeRV1bchkMowbNw42NtZ48eIFVq5cDSsrK7Rr5yJcF48fP8bKlT8gKuoFFi36DvfvP8CYMaNhbGyMVatW48yZs+jdu1eJrqPc19vatetQp04dTJ48Ca9evcLKlauhr6+P9u3b4eDBw6hbty7mzJkNuVyOp0+fFbhvCoUC69atR5MmTTB79jcID4/AypWrYGtbeLiaW1nOj5+fP6ZMmYxJk76El5c3/ve//2HhwgUAAAsLC8ybNwdGRka4c+cO1q5dj9q1a8Hc3LzAsoKCHuPDD7tgzJjRUCgU8PY+VuT1V9rPIZAznDB3gLd//wE8evQINjbWxZZ54MBBxMcnYM2aVcjKysKPP/6kUvbBg4cQHh6OxYu/g1gsxs8//4Ldu/dg7NgxJTr+VPk4qJSIiIiIiMrMyMgIqalvAADnz59Hly4foE4dR4hEIrRs2RIWFuZ48OABxGINZGVlISwsDJmZmTA0NESNGjX+3u5PdO7cCfXr14dIJIKBgQFq1rQR6mjVqqXQc6ewL7sDBvSHTCaDiYkJunfvhosXLwrru7u7QVtbG2KxGH369EZMTAzi4+ML3acWLZrDyakuNDQ0hJ5lQUFBwvsffPCBMGTy8uUrsLKqgY4d3SEWi2FjYw13dzdcuXIFAODi4oLLl68IE1IHBATCxaUtRCJRsdsCQOvWreDo6ACpVAoXl7ZITk5G3759IJVK0axZM2hoaODVq2jhOA4aNBCmpqaQSCT4+OMBuHfvnko41LmzhxDENW7cGM+fhxR6HIo6n8UJCLgID4+OsLOzhVQqRf/+/ZCYmIinT58VeS3kb0Ph10b9+vVRs6YNRCIRatSoATe3Dnj06JHK9srrwt7eDtbWVmjcuBFq1KgBLS0ttGzZEqGhYQWun/c6yi0iIhKRkVEYNGggpFIprK2t0aXLB/D3DwAASCRixMTEICYmBmKxGHXr1ilw38LDI/DqVTT69u0DsVgMOztbtG/frthj+8+xKf35ad26FerWrQOxWAx3dzeEhIRCoVAAANq2bQNjY2OIRCI0btwYjo6OePLkaaFl1ahRAy1btgSQ8zkr6vory+cwr4CAQAQGXsSUKZMhlUqLLTMw8CL69esLHR0d6Ovro2fPj/KV179/fxgYGEBXVxcDB36MwMCLwvEg9cMeWEREREREVGbx8fHQ0akGIGdY1b179+Hn5y+8n56ejsTEJDRv3hyffTYcx4//hvXrN6BevXoYOnQILC0tERcXh0aNGhVah3IIXFFMTU1z/WyCuLicL7EKhQJeXt64evUqUlPfQkND4+9hSCkwNjYusCwTExPhZ5FIBFNTE8THJxTYntevX+P58xBMnTpdWJaVlYX69Z0BAI6ODtDR0cGdO3fg7OyMa9euCz1eits2b12amprQ19dXCfE0NTWRlpaGrKwsJCQkYPPmrSqTX+vo6CAuLg46OjoAAF1dvVzbSpGW9rbgA4qiz2dx4uPj0LRpE+G1WCyGsbEREhISULdunUKvhbyKujaePw/B4cNHEBUVBYVCgbS0NDg5OQnvKwMvJZlMpnI8ZTIZ0tLSVMos7DrKLSEhHgYGBtDU1BSWmZmZCsHJ0KGf4vDhI/juu8WQSqX44IPO6N69W75yEhMTYGhoqDJ3lImJiTD0sDhlOT959z87OxtZWVmQSqW4dOkyTp8+jbi4eGhoaCApKUnlHBZVVnHXn7a2dqk/h7k9exaMXbt24+uvZwj1FvXZ1tPTw5s3b2Bm9s/5NDe3EH7OzMxESkqKyvtmZqbIyspCUlKSynVD6oMBFhERERERlcmbN29w//4DoWeDiYkJmjZtmq+ng1K7di5o184Fb9++xd69+7Bz527MnDkDxsbGiI6OLrSekkySHhsbKwx1io19DWNjIwA5vSyuXbuGmTO/hpGRERQKBUaNKnqI0OvXr4WfFQoFXr+Og5HRP1/Wc7fHxMQEderUURmml5eLS1sEBATi7ds0WFpawNraqsTblpREIoGBgQEmTvxSGH5YGgUd4+LOZ1GMjIwRExMjvM7OzkZcXLwQPhR2LeRV1LWxfv3P6NGjO6ZNmwKxWIxjx44jOPh5qduaW2HXUW6GhkZITExEZmam0JstJiYWRkZGf79viDFjRgMAnj59hh9+WAFHR8d858XAwBAJCQkqE6Dnvva0tGTIyMhQ2SY5OUX4+V3OT14xMTHYunUb5syZLcyhtXz5ihJvX9z15+8fUOrPoVJ8fDx++mkthg0bqjK/V1GfbalUimrVqiExMUkIyBIT/wmhpVIpdHV1ERMTK4SWMTGxEIvF0NfXL/F+U+XiEEIiIiIiIioRhUKB7L5P8/sAACAASURBVOxsJCYm4t69e1i5chX09fXQsaM7AMDDoyNOnz6DoKDHUCgUSE9Px927d5GUlITIyEg8ehSE7OxsyGQy6OjoCD01PDw6wsfnHB48eACFQoHExESEhYWXqm1HjhxFRkYG4uLicOrUH2jTJmfy6Tdv3kBf30AIF86e9UFWVlaRZV27dh1BQY8hl8tx+vQZKBQK1K1bt8B1W7ZsgbCwMPj6/oXMzExkZ2cjJCRUZWiai0tb3LhxE+fPn4eLi0upti0ND4+O2L9/P169egUASE5OxtWrV0u0rZ6eHkQikbCtsrzCzmdxXFza4Pz5PxEWFo6srCx4eXlDX18fDg61i7wWCtqnwq6N1NRUWFtbQywWIzk5GQEBgSXa16IUdh3lZm1thRo1quPgwUPIzMxEVFQUzp71EYb/XblyBQkJOWGJgYE+xGKxMK9YbjY21jA3N4O39zFkZ2cjNDRMZR/MzMwgEomEYXzPngWrDGV9l/OT19u3aZBKpahRozqAnN5tuesqiaKuv7J8DoGcnlJr165D+/bthLnNlIors23bNjh9+jQUCgXkcjn++OOMyvYuLm1x9OhRJCUl4c2bNzh06DDatXOBSCRCfHw89u3bj7dvC++hSJWPPbCIiIiIiKhEdu/eg92790BTUxMWFuZo1qwZevToLswHVa9ePYwc+Rn27NmDly9fQVNTE7Vr18bo0SORnp6BvXv34sWLl5BIJLCzs8PIkZ8BAJydnTFixGfYvXsPoqNjoKenh8GDB6nMg1UUkUgEJycnfP31LGRmZsLVtT06dfIAALi5dcCDBw8xe/YcVKtWDU2bNoWurm6R5XXo4AovL2/hKYTKOXcKoqenh1mzZmLfvv04ePAQ5HI5rK2tMHDgQGEdS0tL2NnZ4vHjJ5g48ctSbVsavXv3glQqxapVaxAfHw89PT00a9ZUmKeoKBKJBP3798PixUuRlZWFSZO+RMOGDQs9n8Vp0aIF4uLisXbtOuEphMqeUkVdC3kVdW2MGjUCv/66A9Wq6UBHpxoaN26E6OiYAsspiaKuo7zrTZ78FTw9d2LSpMnQ1tZG586dhIAlKOgxdu3ag/T0dFSrVg29e/dCrVr2BZbz1VeTsG3bdowf/6UwB5qyF5lUKsWYMaOwZctW6OnpwsLCAg0aNBC2L+rzVlo1a9qgUycPfPvtQhgY6KN69eqoV69eqcoo6vory+cQAEJCQvHsWTBev45TCfdmzJhebJmDBg3Ejh2emDdvPvT09NGkSWPcu3dPeH/gwI+xb99+zJkzDwqFAk2aNMbQoZ8CAJKSknHy5Cl069aVTyVUIyKFGsxQdufOnSLHvBMRERER/ZtV9t+7vr6+cHUt+WTQRKQefH3/wpUrV8tlWClRbn5+AXB3d6/qZgg9BG/evFnibZo2bQqAQwiJiIiIiIiIiEjNMcAiIiIiIiIiIiK1xjmwiIiIiIiIiNSAu7sb3N3dqroZRGqJPbCIiIiIiIiIiEitMcAiIiIiIiIiIiK1xgCLiIiIiIiIiIjUGgMsIiIiIiIiIiJSawywiIiIiIiIiIhIrTHAIiIiIiIiIiIitcYAi4iIiIiIiIiI1BoDLCIiIiIiIiIiUmsMsIiIiIiIiIiISK0xwCIiIiIiIiIiIrXGAIuIiIiIiIiIiNQaAywiIiIiIiIiIlJrDLCIiIiIiIiIiEitMcAiIiIiIiIiIiK1xgCLiIiIiIiIiIjUGgMsIiIiIiIiIiJSawywiIiIiIiIiIhIrTHAIiIiIiIiIiIitSap6gYQEREREVH58/MLqOomEBERlRsGWERERERE7yF3d/eqbgIR0f/Zu+/wKKv0/+PvaekhhYSQSu+9SxUR2yqKgoiugGBZdV1ZG+vu13XtXVCsoIDYVkH9icquoCBKU+mR3pOQQEgIIb3NPL8/JplkMpNkgihZ/byuK9dm5pznnPuc58lezO05Z6SJWLVq1dkO4WdTAktERERE5DfIbi8/2yGIiIicMToDS0REREREREREmjQlsEREREREREREpElTAktERERERERERJo0JbBERERERERERKRJUwJLRERERERERESaNCWwRERERERERESkSVMCS0REREREREREmjQlsEREREREREREpElTAktERERERERERJo0JbBERERERERERKRJUwJLRERERERERESaNCWwRERERERERESkSVMCS0RERERE5HcmNTWNBx74J4Zh+FR/xoz72b59+xmPIzc3l0mTpmC3289YPzt27ODpp589E+GJSBNiPdsBiIiIiIhI03I4pwSA1pEBP6uNDs9soCo9smV6X3rEBrvKl+zIZtw7uwDYfW9/2kcFerTR78XNbDtayHW9o3l7YmfX+4YBnZ/byIETxQC8MKYddwyNc7t2c3oB/1qewsYj+eSVVNA82EbHqCDuGBrL2G5RXmPOLa4g6uH1rtd+FhMRgTa6tAji+r4tmNwvBrPJM/7alk7rxkUdI+ttf85VHbhxYEsAPv4pi2ve2+2ct78PJCHM36N9q9lEdLCNYW2a8dhFrWnXPNDnefRm0aLFXHHFFZhMzgEdOnSYDz74kEOHDmEYBjExLbj44osZNmwoAFdeeSXx8fE+tf1znIl+unfvzkcffcLOnTvp2rXrGYpMRM42rcASERERERE3KbkltH9mA/d8cZDc4orTamPBxkxqru2Zv/FYrRomH1px1qlKslT55kCuK3nlbDvTrfxkcQWXzPuJ/+7JIdjPwoi2EcSE+PF9ah4/phX4FH/byAA6twimqNzOqoO53PTRXq56eycVjqpRVcfUOy6EQUnNXD/hAX4Nj8xtTN7movq989pFMLxNOCeKylmcnM217+9u4Nr6HT9+nP3799OnTx8A7HY7zz33PB06dODFF1/klVdeYcqUKQQGBrmuGTJkMBEREY3uq7HORD+GYTBixHBWrFh5hqISkaZAK7BERERERMSrF9eks3BjJjPHtGVyvxifr3MYsHCTM6k0ICGUDUfyeW/zcZ66pA3+1p//39DnbXC23T8hlI1H8kk+WsCGtHwGJIYCsDWjgBNFFQRazez522BsZjCZoLDMQWZ+qU99/H1Ua24aFEtphcFDyw/x1DcpfLHrBG/+eIxbz4l1q7t4Une3lU/O7XC+bc3zxZxxnWgfFcijXx/mX8sPsTWjALvDwGJufPIKYOvWbbRv3x6r1QJAVlYWeXl5XHLJxQQG+gPQoUMHTCZcWwzvu28GkydfT/fu3ZkzZy5+fn7k5JwkOzsLs9nMTTfdRJs2rb329+mnS/juu9Xk5eURGRnJlVeOZfDgc7zWrdnPsWPHmDdvAWlpaZhMJrp27cINN0whNNR5n5cs+YwVK1ZSUlJCcHAw1157DQMHDgSgc+fOvPfe+9jtdiwWy2nNk4g0LVqBJSIiIiIidcotqWDa4r30n72Zbw/m+nTNl3tyOHKqFLMJFl7bFX+LiZziCv7f9hM/O56cogo+3Z4FwL3nJjIoqRkA8zdUr/BqHRGAxQTFFQ4ueWMLj399kGW7s8CooFW4zad+DMOB3V6B1WTn8Yvb0LEyQfXxT9keda9+5yfOeWmj66e43P5zh+nG4aigoKSMPccLAegWE3zaySuAtLQjbtv0oqOjiYqKYs6cuWzatInc3FzA8HI+VvWKuM2btzBt2jSeeeYZRo8ezcKFC+vsr2XLlvzrX/9i/vz5TJo0iTfeeJPjx4/XE6GzH4fDwdixY3n11VeZNWsWZWXlfPjhIgBSUlJZtmw5jz76KPPmzeORRx4hMTGxRp8xlJWVcexY7ZV/IvK/SgksERERERFp0NaMQs6f+xN3f36wwbpVyaQRbcPp2NyPizs3d77vsY2w8d7dnEmp3SDYz8ylnZszsXcLAD7YlkVhmTNx1CYygIUTuxLfzJ+VB3L55/IULp63nbhHv+ftTZn1Ne+VYdjpGO3cTncsv8yjfGtGIT+k5rt+7I4zt/oKnOd9NXtwLe9vPc6QVmF8MqXHz2qvqKiIgAB/12uLxcLDDz9My5YtWbToI+6886889NDDHDx4qM42Bg8eTEREGHZ7Bb169eLw4ZQ6D4QfPHgwYWGhOBwV9OzZnY4dO7Jv3/4G44yLi6N7966YzRAQ4Mfll1/O7t17XDFXVFRw6NABSkqKCA0NJja2emWcyWQiICCAwsIiX6dFRJo4bSEUERERERGfTO7bgjtrHZZeW2Z+GV/sygHgml4tXP+7ZEc23+zP5eCJYto29+2gcW8WVJ53NaZrNIE2GN8jins+309+qZ3Fydnc0N+51fHa3tH8sW9LdhwrZO3hU8zfkMEPqXnc+sk+xveIJsjP9/+WbxiwN8uZCGkZ6u9Rvu9vg2ttISz32o7NUr1qqrTC4fq9zF79u5/Fc2XVld2jOXiimG1HC9icns/+7ALa/IxzooKDgykuLnZ7r1mzEK6//o9MmjSJwsJC3nvvPWbNeoHZs1/wOIOsqg3XuGxW7HY7FRUV2GyeK9zWr1/PsmXLyMk5idlsJi8vjz59ejcYZ35+Pv/+9wfs3buP8vJyHA4HZWXOBGJCQjxTp07ls88+56WXXqFLly5cf/11tGzpPBjfMAzX1kIR+W3QCiwREREREalXr9hgVtzSg/kTOjX4zYQLN2W6Djq/7ZO9WO9fzXXv7wScp0It2Nj4FVBVfkjN56djzm10H2zNxHr/ahIf/56qBU/zK8/GSjlZwtJd2ZSWl9E52p+bBsbw8IVtACizG+SX+n4wfWmFgweWHWZvtjPhM66H5zcY2u3lbj91Cfaz0CLEmeBZl5Lnen/1Iefvof4Wmgd5JoCe/kM7tt49gCu6RVFS4eDGxXspKnN41PNVYmIiGRlHPd53OOzY7eUEBPhx0UUXkpubS15enpcWwNczvrKysnjjjTeZMmUKL7/8MrNnz6Zjx44+XfvBBx8C8MQTT/Dyyy8zffp0t1VeQ4YM5uGHH+a1114jMjKSt99+11V29OhR/Pz8aNnS97PbRKRp0wosERERERHxKizAwszL2jGlv+9JgLcqE1TtmgfSvWX16pc9x4vYnVXEwk2ZPHRBK7drJr6/y+1w97uHxzOuR7RH21UJqrAACyPbVa9AOlFYzprDp1iXcopdx4s4UVjB5W/tICzAQseoQEL9rfyYlg84vzEwJrThbwl86ptUXlmXzsGcEvJLnVsTx3SN4uZBsdRO3vgaP8DtQxJ4aPkh/r31ONuPFWA1m9iS4UzK3XpOvNezrRyOCuz2Cp65tD1f7MwmI6+Ml9elM2Nkols9X+Po1asnH330EeXl5dhsNrKzs/nmm1UMHjyYFi2iKSgoYOnS/xAdHU1YWFiDc1Wf4uISbDYbMTEx2O3lHDp0mN27d9O7d68Gry0qKqZNmzb4+VkpKyth2bJlrrL09HTy8wvo0KE9VquZoKBAt8Pad+3aTc+ePXWAu8hviBJYIiIiIiLi4c6h8Tw4OonwQN8/Mnx38JRrpdK8CV0Y0aY6+bHtaCF9Zv1IRl4Z/92T43bd1soETpXMAs8VUoVldhYlOw/+vmtEEg+Orv7GuzK7g9ZPrOdYfhnzNxzjvnMTuffcJFYdOMmhnBLySgtpEeLHVT2iefTiNj6N5WBOCTazicggG/0TmjGpX0um9GuJYXjG5kv8Vf5vVBLN/K3M35DB3qwiDKBLiyAm94vl3nMTgLpXVrWLtDG5fywLNhzluW+P8Kda34boaxwtWkTTsWNHNm7cxODB5xAYGMipU6eYNesFcnJyCAwMpEOHDtx33311xuKrpKQkRo8ezYMP/ouwsGbExsbRtWtXn64dP348c+bMYfPmTdhsNvr27ce2bdsAKC0t4/333+fo0WNYrVbatGnDtGnTXNeuXbuOcePG/ez4RaTpMBl1nbT3K0pOTqZnz55nOwwRERERkV/Er/3v3VWrVjF8+NBfrb9qJiwWZ8LLbq/AfaVSdZnD4UysmM3ek2MOhx3DcFTWN2EYDhwOOxaLza28pqqyqrpms6Xy7KbqFU1VZfWpaqcmwzAwDIdbnyaTqcH462IymTGbzW6x1b6mZvs1tyU6x2V2vX+6caSlpTNnzhweffThyjaq260ac9V9Aue8OBwVGIaB2WxxzUnN8rq2T1a3XfXNhia3+ax5bc1+nM9M9Qoqh8OB2WyprFtVZvKId8eOHXzxxX+4//4ZdR4sL/J7s3r1WkaOHHm2w3BtS96yZYvP1/Tp0wfQCiwRERERETljjHrOgPIsq++8KGd5Ra3XddevXdZQosrXdupiGPWNtaFrHdjt9Z9hVVf7znHZG6zXkMTEBJ588gnXHNdut7aafXib2/piaEzb7u0YXp4BR51lVbp3706PHr3cEnAi8r9PCSwREREREZHfnboTQP/rnKvDfptjE/k907cQioiIiIiIiIhIk6YEloiIiIiIiIiINGlKYImIiIiIiIiISJOmBJaIiIiIiIiIiDRpSmCJiIiIiIiIiEiTpgSWiIiIiIiIiIg0aUpgiYiIiIiIiIhIk6YEloiIiIiIiIiINGlKYImIiIiIiIiISJOmBJaIiIiIiIiIiDRpSmCJiIiIiIiIiEiTpgSWiIiIiIiIiIg0aUpgiYiIiIiIiIhIk2Y92wGIiIiIiMiZt3r12rMdgoiIyBmjBJaIiIiIyG/QyJEjz3YIIiLSRKxatepsh/CzKYElIiIiIvIbZLeXn+0QREREzhidgSUiIiIiIiIiIk2aElgiIiIiIiIiItKkKYElIiIiIiIiIiJNmhJYIiIiIiIiIiLSpCmBJSIiIiIiIiIiTZoSWCIiIiIiIiIi0qQpgSUiIiIiIiIiIk2aElgiIiIiIiIiItKkKYElIiIiIiIiIiJNmhJYIiIiIiIiIiLSpCmBJSIiIiIi8j9gT1YRwf+3hn98efhsh/K7tjWjkEe+TmXX8aKzHYrI74oSWCIiIiIiIv8Dbv9/+5nQK4YnL2l3tkP53Uo/VcqVC3cQFmCjS4ugsx2OyO+K9WwHICIiIiIiIg375ta+gIHDYT/bofxuxYf5k/rAUBwOO4bhOCNtzp79MoMHD2LAgAFnpD05c87kvfnoo4+x2WxcccXlZyCy3yclsERERERExM3hnBIAWkcGNPraJTuyGffOLgB239uf9lGB3P35QWavTQfgmT+04e4RCQAs3JjJjR/tJSzAwomHhgC41a2t4LGhBFidm0gy8kp5cmUaX+49SfqpUgKsZnrGBnPTwFiu79vCdU3t9gKsZmKb+XFF1+Y8elFrAm1mj3pDWjXju9t6ua5ZnJzNte87x2QxQemTw93ientTJtMW7wUgJsSPlH8MxGo2udXJK7Hz/HdHWLIzmwPZJdgsJto1D2Bcj2juPy+R3OIKoh5eD8Ccqzpw48CWAJRWOJi1Op1FyVnsyyoGoF1UAOO6R3HvuYmu+GvO+6WdI1lyQzfAeS/bP7MBgI139qV3XLDXue334ma2HS0EwGo2EepvoW1kAJd1iWT6sASaBVgA3OKsbcbIRJ64uLXXMl/nqiqO63pH8/bEzgBkF5bT8tHvAVh4TSeyC8u554uD9fazZEpXLu3S/Bd7TuKb+ZPyj4GNGps3Bw4cJCMjw5UgSU5O5tlnnwfAbDYTFRXF+eeP4g9/uKTedny1Z89ePv74Ew4fPkx5eTkLFsxzKy8rK+OttxayYcNGbDYb5503kvHjx2EyOcdx/Phx3nhjHgcOHCAiIoIJE65m0KDqeWio/KeffuLdd98nKyuLpKREpk2bRlJSos/lS5f+h//+90tKSkro2bMnN944leDgYJ/KV678hlWrVpGamkbXrl2ZMePeeueq9r3ZuXMnn332BYcPO7fwdurUieuvv47o6GjXNV9+uYzly78iNzeX9u3bc+ONU4mJiQHg0ksv5d5772P06PPdYhbfaQuhiIiIiIi4Scl1Jj3u+eIgucUVjbza8wN71YdfgCdWpnGiqNzj/dp1/SwmBiU1c/sxV5btyy6m/+wtvPb9UY7llTEwsRkxoX6sOZzHDYv2cMen+z3aC7CaubRLc7q3DOZQTgkvrEnnweWHPeoBrEvJY31Knuv1rNXeE2pV5m/IdP2eWVDGF7tOuJVn5JUy4KUtPL4yle3HimgfFUif+FCO5pfz5Depdc5BSYWDC974iQeWHeano4V0jQmmW8tgdmYW8fDXqZw3ZxuFZVWrsarjX7o7h28O5NYbsyfn9VFBNnrFhmA1m9iUXsDDX6cy4KUtZOSVelzRNjLA7f4khTec8Gxorqri8PZsVL0f18zf1Wfn6OptfL1iQ1zvRwT5/eLPSePH5unrr1cwfPgwt/GHhITwzjvvMH/+fCZPnsyiRYtJTk5usK3a7HbPlXp+fn6ce+65TJ482es1H364iIyMo8yaNYuHHnqItWvXsWLFSgAMw+DFF2eTkJDAnDlzmDx5MnPmzCUt7YhP5Tk5ObzwwmyuuOIK5s6dS69evZk5cxbl5eU+lW/cuJHPP/+CGTNm8PLLL1NWVsaCBW+5Ym+oPCwsnLFjxzJ69Oh672OV2vcmJyeHYcOG8eSTT/LUU09hMpl4+eVXXOU//PADn332OXfddRdvvvkm7du354UXXsQwDAACAwPo2rUra9eua7Bv8U4JLBERERER8erFNem0f3oDb2/KbLiyD8wmyC2p4LEVnkmb2qKD/fj+L/3cfvwszg+d93xxkOMF5YQHWEm+ZxCr/9yXvX8bzH3nJgHw+vdHWXs4z6295kE2Pp/akw3T+3NeuwgANh0p9Og3MtC5SaUqabX60Cl+TMujeZD3zSt7sopYc/gUAAMSQgH3RAY4V+0cOFGMn8XE17f0Ifmegay6rQ8Z/xzGx5N71jkHr6zLYF1lIm3RpO5s/Gt/Nkzvz5IbnNdsPFLAi2s8k2tmE9y39BAOo86m63RRp0g2/rU/xx8azuJJ3bGZTRw4Uex1xdPfR7V2uz+3DY6rt21f5soXE3q1cPU564oOrvc/uL6b6/0hrZr9os/JmRrbtm3b6NKli5cSBxaLid69exIfH09qahoAX331NffeO4M//ek2nn76WY4dO+a6Ys6cucybN5+nn36W++77G1u3bvVotU2bNgwbNpQWLaI9ygzDYPXqNVx11ZWEhATRokUUF198Md99txqAw4dTSE/PYMKEq7HZLPTu3ZPu3buzZs0an8q///4H4uPjGTp0CFarmbFjr6CkpIQdO3b4VP7dd6sZOXIkSUmJBAT4cfXVV7Nhw0aKiop8Ku/fvy/9+vUlNDS0wfvi7d4MHz6C4cOHERERRnh4My6//HIOHjzkShRu2bKNIUOGkJiYgNkM48ZdRXp6Bnv37nO10bVrV6/3RXyjBJaIiIiIiNQpt6SCaYv30n/2Zr492NhVPe4GJDpXzLy+/ij7sovrrZtVWMY5L210/dzwwU4AyuwGX+09CcDk/i1pE2HFbq/Abi/nXxe0pjLHxdLdOR5tOhwVZOQWcbRyNVGvuBCPOl1igjm3bTif7sjm4IliZn7nTBDdOjjBa5xVSYrO0UE8cnEbAJbtyeHIKWcf5XaDz3c6V+JM7hfLee1CK+OtwOEo54IOzeqcg6W7nOPsGRvCVd0jXdf9oXM45yQ1qxznSY/rJvVtydaMAt45rcSj4ZrPq7pHcsOAWAA+23GCcrt7RuzJlYfd7tGaQ/U/Hw3Nlc8RGo4ac1i9yqjqPbu9gjK74xd9Ts7E2HJycsjPzyc2NtZrud1uJzk5mYyMDBITk9i0aRNLlnzG9OnTee2112jbti0zZ77gSqCYTCY2btzE1KlTmTlzJv369fPSqoFhODC8JDezsrIoLi4mMbH6WU9ISODIEecKqrS0NKKioggMdK60MwyDVq1aceRIuo/lR2jdurXr7DCTCeLj430uT01NIykpCTAqY4vH4XCQkXHUp3LDMCpXQzWc2fV2b5zzVn3u2e7du0lISMBisbjNbVX7Vc9m1Qo0gNjYlqSkNJzAF++UwBIRERERkQZtzSjk/Lk/cffn9Z89VB+r2cTTl7an3GHwt/8cqrdumd3gh9R818/2Y85VFCeLyimvXFqUEObvdk2A1SAq2A+ArMJyt7L0vFKs968m/vEf2J1VxNQBsTxxSRuvfd89IhGHAdM/O8jS3ScY1T6CXrGe3zhXbjd4Z7MzcTGxTwyj2oURFWTDbsBbG53vnywup7Qy8dO+eYBrO1GV2q9rOl5QBkBiuL9bPcMwaBUR4FanpkcuakOwn5l/Lj9MUfnpH/huGAYdowIBKLUbnCx2n9ODOSVu96i+7aa+zNWZ9Gs8J1VOd2xFRc4kbkCAe3wFBQVMmjSFadNuYsGChVx99dX07t2TdevWM3r0aNcKn/Hjx3Hq1Cn27z/gunbQoEG0aBGF3e4+Ll+UlDiTbYGBga73goICKS8vx263U1paSlCQ+99BYGAgJSXOM/N8Kw90Kw8KCnL121B5SUmJW2wWixk/Pz9X+w2VN0Zd96bKoUOHWbJkCVOmVG/F7N27D+vXf8+hQ4cpKyvj448/wTAMSkqqk/WBgYEUFja8ok+80yHuIiIiIiLik8l9W3Dn0Pq3iTXksi7hjGwXzmc7TxARaKuzXnwzf478c2iNd5wrg8IDrdjMJsodBmm57h9Mi8sdZBc6EzotQvzcyoJsZq7oFs3qQ7kcOVXKin05nCgs9UhuAFzaOYKOUYH8d49zdc7dwxMpLPNMCHy+6wTHC5zvT+gZhcUE43pGM+f7DN7amMn/jUoiItCGv8VEqd1ocNVZbdEhNnZnQVqu5yqe1Mqx1x4nQEyIhftGtuKh5Yd4/rv6z+9qyJ4sZ+LQ32IiItBW48wteGN8Z24aVP08OBwVdSbkfJkrkwlslUujSiuq2ymtqF714mfxbQ3Gr/GcNHZstVUd5F078RISEsLcuXNdr6u+8TAn5yR9+vShaoWPyQSRkZHk5lavfAsPD/dhdrwLCHAmol5bVAAAIABJREFURYuKitx+t9lsWCwWAgICXNvxqtSs+2uUFxdXJ3/sdjtlZWWuuWuovDHqujfg3Cr5/PMzufnmm+nSpbPrmR88+BxOnDjB7NkvUVhYyIgRw4mLiyMkpHoFX1FRsQ5w/xm0AktEREREROrVKzaYFbf0YP6ETqf1zYQ1GYbBc5e1xwS8s/lYvXXt9vIaP87VPf5WMxd0jATg3c2ZHDhRnRR6bEUqVbvcLu3c3K2tiEAb713XhR33nkNimD+puaVMX3IA7wzuGuE8J6lLiyAu7uQ9KTB/Q3X8XZ/bgPX+1cz5PgOAwydLWLH/JDaLiTFdo6ByvDW3YRoGfL3Pcwtglarrko8W8OmObNf7X+7JcR0yf1mX5l6vvXt4PHHN/Fwrg07HJ9uzWbjROcbLu0W7kkvV8Tvc7lF9q8l8mSuAts2dyYJN6fmuxNWaGudUtY6oO5FU06/znDRubLVFRIQTGhrq2uJWk/u8OuchMjKSrKysGnXs5OTkEBER4XrPh7PJ6xQdHUVgYCBpaWmu99LS0khIcG4pTExMJDs7220FUWpqKomJiT6X19w+Z7fbSU9Pd2u/vvKkpCRSU4/UaDsNs9ns2ubXUHlj1HVvDh06zDPPPMuUKVMYMKBfrZWRDi677FJmz57NvHnzuOyyy8jMzKRTp06uOkePHqVVq1aNjkectAJLRERERES8CguwMPOydkzpH3NG2+0dG8T1fVs2mMCqy8wx7fkxNY/sonL6vLCZfgkhZOaXs7dyhdMtg+IY0iqU2mfdOBx2gm3w0IVtuXHxLpbsPMEPqfkMSvI81Hlyvxa0jwqkVUSgRzvgXBW1vPKMpUFJzWgZWr2SZ+2hU2QXlTNvQyajO0Qw6/IObDySz+GTJYye+xM9YoOJCLSyP7uE3JJyTj0y1KN9gNsHx/HxT1n8kJrH1e/sol9CCCZgU3oBAH3jQ5k+LN7rtUE2E49e1I4bF+9qaDrdLNtzknNe3kJqbqlrVVG75oHMurydR92nvkll3obqD/jntQvnsYtae9RrzFz9aVAsHyUf51BOCZ2f3UirCH9+TMt3Xdsv3vO+1uXXeE4aMzZvevfuzc6du2jXrm2D4xkyZAgLFiygX79+xMXF8umnS2jWrBnt2nnem7oYhkFFRYUrIVz1DX82mw2TycSIESP49NMltG7dmuLiYpYv/4oxYy4DoFWrVsTHx/PRRx8zceI17N69m+3bt3PNNRN8Kj/nnEF89NFHrF27jgED+rN06X8ICAige/euPpWPGDGCefPmMWjQQFq0iObjjz9h4MCBrm2HDZU7HA7sdjt2uwPDMCgvL8dsNtc4w6r+e1OVvPrjH/9Inz69KStzruKzWq2YTCaKi4s5ciSduLhYsrNP8M477zBo0CBiY1u62ty5c2flKjo5HUpgiYiIiIiIhzuHxvPg6CTCA3+JjwwGj1/Sho+Sj1NcY3uYr9o392PL3QN5/OvDfLnnBN+n5BNgMzOkVRg3D4pjSv8Yt8O9a5vUN5qnvjnMvuxiHlh2mK9u7uFRx98Co9o1q3NV0Vsbj+EwnEm+5Tf3JtS/+kPw7DVH+Otn+1iyI5vswnJiQ21suWsgz65K4dPtWezNKsZmMdGueSB/Hur9cHiAACusuq0Pz3+bxodbM13ngHWODuLqXjHMGJmEv6Xu+ZvcrwWz16Sx7WhBnXVqyy4qJ6e4nLAAK/3iQ7miezTThyUSbPPs52BOCQdzqrfnJYR5X53XmLka2S6Mz6b24plvUtiSkc/R1DJahvpxaZfmPH5JW0wm379a8dd4Thoztqhgzy2zF1wwmtdfn8Nll/0BUwPLp/r378vJkyd58cXZ5Ofn065dO+677z4sPm6rBNi//wCPPPKo6/W0aTdhtVpZsGAeABMnXsP8+Qu45577sFqtnH/++YwaNQowMJngrrv+yty5b3DrrbcTERHBrbfeSnx8vE/lERHh3H333SxcuJA335xHUlIS9957L1ar8/9jGiofMKAfWVlZPP/8TIqLi+nduzfTpk11jaWh8qVL/8OiRYvdxt6jRw9mzLjX61zVvjerVq2ioKCAOXPmMGfOHFe9mTOfIzo6mrKyMubPX8DRo0cJDg5m6NChruQdQGFhIbt27XKLSRrHZNS3zvNXkpycTM+edX99rIiIiIjI/7Jf+9+7q1atYvhw76t6fmkmkwmz2fmBs+ogabPZgslkpuocqyoWS/UHes+6NHgQdc26TgYOh/s3hdXVXlXfhmHgcFTUGWNd4zKZzJjNFq9x1lXm7MMEVCUq3OOtiqnqzCP39sxu1znjtteo4znvzjatruuc4/L+8a9mvWqe81kzztqq5rK2xs6VcywWt3gMw+E12VTXuGv6ZZ6T038Oao2Al156mXPOGciAAQNc46mrfs02a8+32Wyp/Ka9+pLCpsp77c7zOTVX9uE57zWfldrPakPlNe+X82/NTs1nsuHyusffUHnNsip1PbOVV7jdG8/nyKmuv7fac/fRRx/j7x/AmDGX1tHfL2v16rWMHDnyrPRdU16ec0vwli1bfL6matWaVmCJiIiIiMgZYxiGx4dv54c4z+SDtw/pddX1xpe6vvbdUFu1x+U8/8l7oqCusvpW+3iLyZe+6oqvus26vxnwdOo56zbuG+4aO1fOsfgWT13jrumXfE5O5zmoVYvp06djGPbK5FP946mvzYaer6r+fu58NXRv6itveHynP/6Gyn27H25XuN0bX56j+sY+YcIEHxKMUh8lsERERERERETOkrpXAMnZdibvjW8JRqmPvoVQRERERERERESaNCWwRERERERERESkSVMCS0REREREREREmjQlsEREREREREREpElTAktEREREROQsKiws5J577qOoqOhshyIi0mTpWwhFREREROQX5XA4eO+990lO/okTJ07QvHlzLrroQkaPPt9Vp6ysjLfeWsiGDRux2Wycd95Ixo8fh8lkIisri0WLFrN79x6KiopITEzgmmsm0KVLF4AGy72pr7+a9u7dx6OPPsawYUP5059uqbO9lSu/YdWqVaSmptG1a1dmzLjXrXz27JfZsGGD23svvjiLyMhIgoODOeecc/jvf79k3LirfJ5XEZHfEyWwRERERETkF+VwOHA4HNx+++20bNmSPXv2MHv2bKKimtO7d28APvxwERkZR5k1axZFRUU88cQTREREMHr0+eTl5ZOYmMS4ceNp1qwZX321nOefn8Xzzz9LWFhYg+Xe1NdfFbvdzsKFb9OxY0ePxFZtYWHhjB07lp07d3H06FGPcpPJxIQJE7j44otd71mt1Rtihg8fxmOPPc7YsVdgsVgaNb8iIr8HSmCJiIiIiIhXqalpvPvue6SmphISEsIVV1zO8OHDAJgzZy5+fn7k5JwkOzsLs9nMTTfdRJs2rT3asVqtTJ06FYfDARj06dOLLl26sH//AXr37o1hGKxevYY77vgzISFBhIQEcfHFF/Pdd6sZPfp82rVrR/v27TEMBwBjx45lyZLPOHLkCGFhYQ2W19ZQf1U+//wLunbtit1up6SkuN656t+/LwBpaUe8JrAALBYzNpv35FTLljEAHDx4iA4d2tfbl4jI75HOwBIREREREQ+FhYU89dTTDBkyhNdff527776bDz9cxL59+wHniqLNm7cwbdo0nnnmGUaPHs3ChQvrbM/hsAMGAKWlpaSkpNCqVSvAuQWwuLiYxMQEV/2EhASOHDlS+cpwJacADh48iN1uJyEhwcdydw33B8eOHWP16jWMHz/OFXd9DMPAMIx663755TLuvPOvPPLIo6xf/71HeXx8PCkpqQ32JSLye6QVWCIiIiIi4uGHH34kPj6e884biWE4iIuL5bzzzuPHH390rRAaPHgwERFh2O0V9OrVi4UL38YwjHq32xmGwZtvziMpKYkBA/oDUFJSCkBgYKCrXlBQIOXl5djtdrctdYWFhcyZM5errrrK6+qqhsp97W/BgoVcd911+Pv7+Tpl9Tr33HMZM2YMQUFB7N69izfeeBOr1cKAAQNcdQIDAykqKjwj/YmI/NYogSUiIiIiIh5OnMjh0KFD/PWvd7neq6iooHv3bq7XwcHBrt9tNit2u52KigpsNpvXNg3DYN68+eTknGTGjBmu9wMCAgAoKipy+91ms3kkr5566ml69uzJ2LFXuK26qq/8zjv/ysmTJwG4/fbbaNeuXb39rV69Bj8/P/r371u5qsrda6+9zrp16wEYNeo8pk69od65BOjVqwfOpgxiYs7lyJF01q1b75bAKi4udptTERGppgSWiIiIiIh4iIqKolOnTtx///1u7xuGo3I7IPiyta76OufKq6NHj3H//X/Dz6/6o0h0dBSBgYGkpaURGRkJQFpamtsWwIKCAp566mk6d+7C9df/sUYMDZe/8sorrt8dDjsOh73e/rZv38GePXv485//AjgTS4ZhcPjwYZ544nH+/Oc/c8cdf/EyH/WPv/p3B1arBYfDff7S09Np1Wp8g22JiPweKYElIiIiIiIeBgzoz8cff8yKFV8zdOgQzGYzaWlHMJlMtGqV1Ki2DMPgjTfeJC3tCH/72wxMJigvL8dsNmOxWDCZTIwYMYJPP11C69atKS4uZvnyrxgz5jKgemVV69ZtuPbaiZSWlgBgsVgwm80Nltvt5W7xNNTf1Kk3cP3117vqf/jhh5SWlnLDDVOAqvO83JNWDocDu92O3e7AMAy38VVUVLB+/fd069YVf39/du/ezddfr2DSpEmu6zMyMjAMgzZt2jRqbkVEfi+UwBIREREREQ8hIcH84x//4L333mXRosU4HA4SEuKZMOGaRrd16tQpVq9eA8Btt93uen/YsKH86U+3ADBx4jXMn7+Ae+65D6vVyvnnn8+oUaMAg+Tkn0hJSSUlJZVvv/3Wdf3NN9/EiBHDGyz3pr7+AgL8CQjwd9X187PhcNgJDg6qc4xLl/6HRYsWu15Pm3YTPXr0YMaMeyu/9XA17733PmVlZURHRzNhwgRGjBju2ua4Zs1aRo0ahcWi79kSEfHGZHjb1P0rS05OpmfPnmc7DBERERGRX8Sv/e/dVatWMXz40DPQkgmz2VLjUHYDu935bYJms6Xym/eqz6GyWGweq51qltVWe/udsy+zR5nJZMZstnhc73DYMQxHg+V1qas/b/Wq2quLtxgMw8DhqKhsw+p2uH3N2AoLC3nwwYd4/PHH3BJnIiJnyurVaxk5cuTZDoO8vDwAtmzZ4vM1ffr0AbQCS0RERERE6lSdgKnNWzKnruRVQ2XubXq2axgO7Pa6E1ENlTe2P+/16tdQDHXNIzgPw3/hhRd8miMRkd8rrU8VERERERE5y5S8EhGpnxJYIiIiIiIiIiLSpCmBJSIiIiIiIiIiTZoSWCIiIiIiIiIi0qQpgSUiIiIiIiIiIk2aElgiIiIiIiIiItKkKYElIiIiIiIiIiJNmhJYIiIiIiIiIiLSpCmBJSIiIiIiIiIiTZoSWCIiIiIiIiIi0qQpgSUiIiIiIiIiIk2aElgiIiIiIiIiItKkKYElIiIiIiIiIiJNmvVsByAiIiIiImfe6tVrz3YIIiIiZ4wSWCIiIiIiv0EjR4482yGIiEgTsWrVqrMdws+mBJaIiIiIyG+Q3V5+tkMQERE5Y3QGloiIiIiIiIiINGlKYImIiIiIiIiISJOmBJaIiIiIiIiIiDRpSmCJiIiIiIiIiEiTpgSWiIiIiIiIiIg0aUpgiYiIiIiIiIhIk6YEloiIiIiIiIiINGlKYImIiIiIiIiISJOmBJaIiIiIiIiIiDRpSmCJiIiIiIiIiEiTpgSWiIiIiIiIiIg0aUpgiYiIiIiIiFR6a2Mm/n9fzdJdJ852KCJSgxJYIiIiIiIiIsCJonLu/88h5ozvzGVdo852OCJSgxJYIiIiIiIiIkDzIBtZDw9nav8YDMP4RfqYPftlNmzY8Iu0fSbcddc97Nmz12tZbm4ukyZNwW63A7BgwVt89NHHZzyGVau+5Zlnnjvj7cr/NuvZDkBERERERJqWwzklALSODDit60srHMxanc6i5Cz2ZRUD0C4qgHHdo7j33EQCbc7/jr5kRzbj3tnlus4ERIfY6BMXwgPnJzG4VTNX2b7sYp79No0V+05xNL+UsAAr3WKCuWNoLGO7RZFbXEHUw+sBmHNVB24c2PK0Y7m0cyRLbujmmov2zziTDRvv7EvvuGCPuGtaOq0bF3WMxO4weHpVGu9uPk5qbin+VhPxzfzoFRfCggmdsJpNXq+/+/ODzF6bDoDZBEE2Cwlh/pzbNoy7hsfTPirQVbffi5vZdrTQo41BSaGsvb231/Z9nfPabYf6W2gTGcDNA1ty2+A4tzY3pOXz7LdHWHs4jxNF5UQEWhncqhn3jkhgSOvqe1izzb+fl8ijF7V2ld3x6X5e//4oAKPahbP85h6Nbh8afk5qjn/3vf1d85mRV8qTK9P4cu9J0k+VEmA10zM2mJsGxnJ93xZe56+h58SbAwcOkpGRwYABAwAoLy9n2rSbiIuL48knH8dsdj6PK1asZN26dfzznw94beeX5/35rG3w4MH4+fmd+d5NJkwm32KQ3w8lsERERERExE1Kbgnnz/2J6cPi+ef5SYQH+v6xoaTCwYVv/MS6lDxMQN/4UEwm2Jyez/ZjqSzdncOKW3oS7Geh5ofk89pF4GcxsfFIHsv2nmTN4VNsvLMvHaICWXUgl8vf2kFRuYMAq5k+8aEAbErPZ8FGM2O7uW/1qvrge7qxLN2dwzcHcjmvXXgdo6yu2zsuBH9r9caW8ADnh/knVqby8Nep2MwmBiU1w2oxcfBEMf/emsUb4zvWmcCqit3PYqJPfChH80rZk1XE7qwi3t2SyadTutWIy1k3KshGuxqJre4tvSdPasde35xX1Ytv5k+vuBD2ZBWRfLSQvyw5QGK4P5d1aQ7AJ9uzue793VQ4DKKDbQxtHcbu40V8tvMES3edYOE1nZnYO9qj7znfH+X+8xIJ9rNwoqictzdlesxBY9v37TnxnPd92cWc+/o2jheUE2g1MzCxGZkFZaw5nMeaw3l8n5rHy2Pbe4yh4efE09dfr2D48GEe7+fl5fHdd6sZOfLcGnPQ9BM4Xbp0xrlQ7ZdZrSZSkxJYIiIiIiLi1Ytr0lm4MZOZY9oyuV+MT9e8si6DdSl5ACya1J3xPZ3JhS92nmDMgmQ2HingxTXp/GNUktt1c8Z1on1UIPtPlNDx6fUUljlYvvckrSICmPLhXorKHbRvHsjyW/rQJtIfgKIygw1pp854LGYT3Lf0ED/+pU+D4108qbvbqijn1iqDlQeccf3zgjb8c3QrDMOZlNiZWYifpeGTXKKD/fj+L/0AE9syCrhiQTIpuSVMXbSXfTMGYLNUJzcu6hTJu9d1db02DAOHw95gH3XNeYca4xnZLpx3ru1Kqd2g+YPfUVTuYNORAi7r0pzicge3f7KfCofB4FbNWHZzH0L9zRSWObh03ja+PZjLHZ/u57IukYT4W1xtNg+ycqKogrc2ZvLnIXG8tv4oReUO1/tVGtO+n9V82s/JPV8c5HhBOeEBVjZMH0D7qADAxIwv9vPst6m8/v1Rru3dgqG1Vns15jmpsm3bNi64YLTH+5dffjn/7/99ytChQ7DZbB7lu3bt5t///jfHjmUSHR3FxInX0KNHD496AHPmzMVsNnPqVB4FBfkATJ06lVatnM/5c8/NpE+f3px//igAMjIyePDBh3jzzbmuNvbv38+CBfM5eTKXLl26cOONUwkNDfXoa/78BYSGhjJ+/DgAUlPTeO+990lJScFsNjNixHAmTryGY8eOMW/eAtLS0jCZTHTt2oUbbpjiajMzM5M33niT1NQ0EhMT6NKlq1s/2dnZvPXW2+zfv5+goCBGjz6fSy652OsqLbvdzmeffc6aNWspLCykc+fO3HDDZMLDnYnGu+66h5Ejz2Xbtm0UFBQSHR3Nbbf9iZCQEK/zKU2HzsASEREREZE65ZZUMG3xXvrP3sy3B3MbrL9010kAesaGcFX3SOz2Cuz2Cv7QOZxzkpwJgKW7T3pc53BUUF5Rzg8p1WVhgTa+T8kjPa8UgIcubENSmMXVpr/FzrDWnh+qf24sk/q2ZGtGAe/UWBVUl6vf+YlzXtro+ikudyaO2kcFATB7dRp//mQP835IZ+/xPDpF+VHH4isPznjL6R4TwBN/aAfAkVOlrK9MylVZtifHLYbZq9N8ar+uOXdnYLdXsONoHqUVDgB6xTnn/IfUPLKLygG4b2QSQVYHdnsFARYHfx/VCnA+P2tT3JNH1/VpSTN/Cy+uSaeozMFr648SE+LHld1buNVrTPun+5yU2Q2+2usc/+T+LWkTYXXN+78uaE1VnnDp7hyPaxvznADk5OSQn59PbGysR1nfvn2IjIzkq6++9ig7efIkzz8/k0svvZS5c+dy9dVXM2vWi2Rmeu/XZDKxadNmpk6dyqOPPsqYMWOYOXMW5eXlrvKGtuetWbOG+++/n1deeQWLxcJbby2ss6+qtvLz83nyyafo378/r776KrNnz6Z///4AOBwOxo4dy6uvvsqsWbMoKyvnww8XAc6E6+zZL9GxYyfmzp3LlClTWLlypasPwzB48cXZtGzZkldffZX77ruPZcuWs3btOq8xffbZ52zduo0HHniA1157jZiYGObOfdOtzp49e3jggQd4/vnnCQ4OZunS/9Q7H9I0KIElIiIiIiIN2ppRyPlzf+Luzw/WW+94QRkAieH+bodgG4ZBq4gAtzo1dX5uI/7/WMOkD3YD0DEqkCu6RpFZUO6q065yRY27urcunW4sj1zUhmA/M/9cfpii8vpXMm3NKOSH1HzXj93h7OepS9o6z+YqqeDV9Rnc/PFeOj27kdFzfyKnxioj3xh0aF499ppzApBdVO4WQ2qu55i8qWvOa3pvy3Fsf19N/9mbsVnMzBzTgSu7O7cPZhVWxxHfzP0cpMSw6kRYVqH7eJsFWLhxYBwHc0qY+P4uMgvK+PPQBPyt7kmVxrR/us/JyaJyyivvWUKY+3UBVoOoYD+PWKo05jkBKCpynsEWEOAZn2E4mDjxGj7//AuKi4vdyjZs2Ejbtm0555xzAAd9+vSmW7dufP/9D3X2NXDgQJo3j8Bur6B//35YrVb27NnTYIxVLr30D4SHh2G1mpk4cSIbNmx0JcDq8uOPG4iLi+PCCy/AbAar1Uz79s6tl3FxcXTv3hWzGQIC/Lj88svZvdsZT1raETIzjzNu3FWAg6SkJIYNq95meeRIOunpGUyceA1mM8TGxnDxxRezdu1ar3GsXPkN1147kYiIMEwmgwkTrmb79u0UFRW56owefQFmswm7vZxevXpx+HCKz3MjZ4+2EIqIiIiIiE8m923BnUPj6q0THWJjdxak5ZZ6lKXmOg+HbxHieejzee0iCPYzEx3iR5+4UKYOiCXQ6qBlaHXdfdlFDEj0fZvP6cYSE2LhvpGteGj5IZ7/Lr3ePvb9bXCtLYTOD/nNg8x8MqUH+aUO1qXksnLfSWavSWPVwVxeWJPOIxe28nkcAHuyqj9815wTgD/2ieHd67q5XhuGw6cthHXNeU1tIwPoGRvCiv0nyS+18+WebG4fHIPVbCIquDoRk5ZbQr/46rO3quYXnNsha7tzWDyz16Txn905BFrN/GlQSx752j2J0Jj2g2zVazMa85yEB1qxmU2UOwzSarQJzi2M2YXOZODPfU4AgoOd8ZeUlBAYGOhR3rlzJ9q2bcvSpf8hMjLS9X5u7imio6MxDOe9MQyD6OhoTp6se0VkWFj1dkfDMIiIiCA3t+EVlFUiIqr7j4wMxzAMTp06hdVadwrhxIkcYmJiXHFW9g44V2f9+98fsHfvPsrLy3E4HJSVOef21KlThIeHY3FtrTVo0aIF6enplePPJSwsDKu1xjbU5s3JyfFcPVlRUUFubi6vvfa660B8gKCgIHJycggKcq6MDAmpfpZsNptH0lCaJq3AEhERERGRevWKDWbFLT2YP6FTg99MOKZyBU/y0QI+3ZHtev/LPTmurW9VB4DXNGdcJz6b2pN5V3fiz0OqEymDkpoRV7n65tEVqaScrE4yFJc7WH2o7rONTjcWgLuHxxPXzI93Nte/PcxuL3f7qbJkRzaHcwoItjm4sEMYT1/alr4Jzm1sjV2BlXy0kAe+PAw4D1UflNSsVg3DLQZfkldQ95zXNLhVGJ9M6cHKW/tiMcHyvSd5dV1GZVkozYOcCY1Zq49QUOrst6jMwTOrjgAQHmBlWOva8TpXUI3v6dwyOKV/LM2DLB51GtP+6T4n/lYzF3R0Jmve3ZzJgRPViYzHVqRir1y4dWnnn/ecAEREhBMaGkpGxlGv5YZhcM0117Bs2XJOnTpV47oIsrKy3OpmZWW5Jblqq1nfMAyOHz9OeLizfkBAgNtqqvz8Ao/rc3Kq/16ys7MxmUyEhYXVO76oqKg6tzV+8MGHADzxxBO8/PLLTJ8+3bUqMjw8jLy8PLdVkjWTbRER4Zw6dcot5uxs7+O3Wq2EhYUxffp0Zs+e7fp54403SEhIqDEnNa/SAfT/K7QCS0REREREvAoLsDDzsnZM6e/bAe4Atw+O4+OfsvghNY+r39lFv4QQTMCmdOeH5L7xoUwfFu9xncNRgcPhmdjxs8DCiV25fH4y+7KL6fb8JnrHBWM2mdiRWcjQ1mEMb+P9g/XpxgIQZDPx6EXtuHHxrnrHO/H9XW7fQnj38HjG9Yjm1fVHWbk/l3bNA0kK9yezoIwdmc5VVBd2jKi3TYCswjKGvrqVY3nlpOaWYADBfmbevrYrfrVyPcv2nGToq1tdr8P8rfznxu4N9lHXnLszcDgq6BMbyHV9WvLO5mM8+U0a0wa0JMTfwmtXdeba97az9nAeHZ/dQJcWQew+XkxmQRlmE7x0ZUeC/byvm5g5pj03DYryUZSkAAAgAElEQVSjV6z3b00MsJoa1f7pPiczx7Tnx8rztvq8sJl+CSFk5pezN9uZzLplUBxDWoXiLdHh63NSpXfv3uzcuYt27dp6LU9KSqR3794sX/4VcXHO1Y79+/fjww8/5IcffqB///4kJyezY8cOrr/+j3X2s3HjJnbt2k2nTh3573+/xGQy0blzRwBatWpFcnIyF154AQ6Hg2XLlntc/+WXy+nWrRvBwcEsXvwRAwYM8Hq4fE0DBw5g0aJFfPXV14wceS4Oh4OUlFQ6duxAUVExbdq0wc/PSllZCcuWLXNdl5CQSFRUFN9++x0jR55LXl4ea9asIT7e+bcZH59AXFwcixYtZsKEq8nKymL58q+4+uqrvcYxevRo3nvvXW655WZiYmLIz89n9+7dDBgwoN74pelTAktERERERDzcOTSeB0cnER7YuI8MAVZYdVsfnv82jQ+3ZrL9mDNp0zk6iKt7xTBjZBL+Fs+VPvUZ1a4ZW+4eyNPfpLBiXw6bjhQQFmClT3woNw6se0vjz41lcr8WzF6TxrajnitUqmzNKHR7nVngTAjdOjiBsAAbWzLyWZ+Sh5/VRL/4UO4YmsAV3Zq7rTbxpsxu8GNqPsF+FjpGBzGqfQT3nJtEmwibx7XZReVkp1avTqlatXRmGfzrglb8e2smWYXlvLAmnQfOT2Jcj0jW3tGfp79JYc2hXNYeziM8wMqYrlHMGNmKIa1Cam0pqxYTYqFlaLN656Ix7Z/uc9K+uR9b7h7I418f5ss9J/g+JZ8Am5khrcK4eVAcU/rH1LuqzZfnpMoFF4zm9dfncNllf6jjIHWDq68ez48//uh6JyIinHvvvZf33nuPN9+cT4sWLbjrrruIiWnh5XqnkSNH8tlnn7N//35iY2O55557XNv/Ro8+nwMHDnD//f8gLCyMXr16kZyc7Hb9sGFDeeaZZ8nJOUmXLl245ZZbGhxbSEgw//d//8c777zNRx99jMVi4dxzR9CxYwfGjx/PnDlz2Lx5Ezabjb59+7Ft2zYATCa4666/MmfOXL799luCg0MYMmQIKSkprvK7776L+fMX8Je/TCcwMJALL7yQoUOH4C2pePnlY7DZrDz33ExOnjxJaGgoffv2UQLrN8BkNPT/nL+C5ORkevbsebbDEBERERH5Rfza/95dtWoVw4cP/dX688ZkMleeQVP1Id3AMAy3RIDJZMJsdn6orrn9ri5mswWTqXo1j2EYGIbdlQCxWJwrRBwOu1vS5OfEYrFYXdfZ7RWA4Va3tqq+nd/OZqmVpDBwOBx1JnS8jbF6rJ7nWtWMrba65tPXOa9qu3a/3ufYVBl3dSzV82s02GaVqrE7r625Msy39mu3U7Nu1XNS3/g9597zfjXmOfHOxEsvvcw55wx0JVQsFptHLM55NirbqurXUtmHUTn/3vuYO/cNYmJacuWVV1bOmYHd7j5XZrMVk8lUOTcOzGaLKwaLxYbDYXf9zdS+HzXjdcZEjfvpfq+q77UJi6V66aDD4d5n9RxWbe8zAJNbv1UxV/VX39+R82++ur+az5wz/up7VDW3VXP9W7V69VpGjhx5tsMgL8+5fXvLli0+X9OnTx9AK7BEREREROQXYBgO7Pb6V1oZhuFT4qqK8wNo3Sth6mrr58Ti7UOtL3E7EwON/0Dc0Bgbiq0hvs55XW17v7Z2wqlxbVape+y+td9wO/WP35e5b8xzUkcLlec/VSegvLfn/p6z38bc7/rnrHZZzb+Pqr7r+pupGZtnIrKufj3jr91+w8+H7+Ov72/+58+tnC1KYImIiIiIiIj8ShqTiBGRakpgiYiIiIiIiPxG3Hrrra6tgSK/JUpgiYiIiIiIiPxG1HfgvMj/Mu/fZyoiIiIiIiIiItJEKIElIiIiIiI/y1dffc0zzzxX57eieTNjxv1s3779F4zKd7m5uUyaNKXym9rOfjsA69d/z6OPPuZ6/dhjj7Nnz96f3a6IyP8qJbBEREREROS0HT9+nJUrv+GOO+5wfcW9L6688kri4+N/wch8FxgYyJQpUzCbf97HozPVDlA5l9XzeeWVV7J48eKf3a6IyP8qJbBEREREROT/s3ff0VFVexvHvzOT3nuBEEpCQgm9SFGko1ItKE3lihULoKCgFPWioiJifQUFUUB6EdALgtKrdCO9J9RAes+U94+QgZCEZknQ57NWlplT9vntM2DCM3vvc9NOnjzJc889i5ubyw2d16xZU3x9ff+iqq6f2WzG2dmZdu3a3lAAV5w/q53i1KxZg7NnzxEXF/+nty0icivQIu4iIiIiIlJEQkICL700hO7dH+C332JJSUmhXr26PPhgd4xGI2fOnGHSpK+Ji4vDYDBQo0Z1+vZ9FE9PTwCysrL4+usp7N79G56ennTo0J7p07/j668nATBkyMs88kgfYmJiWLNmLWvXrqV8+fIcPHiQ7Owc7r23G7ff3hyA7du3M2/efM6dS8DV1ZXbb29O9+4PFBsUXavuNWvWsmbNGkJCQjh48BD169ejQ4f2PP/8AKZMmYzJZGLQoJdo2fJOdu3aRXp6BoGBgTzzzFN4eHgAkJaWxnffzSA29ndycnKoWLEir746lJSUlCLtNG/ejAMHDpKRkU5gYBD9+v3Hfo8WLvyeNWvWkpqaip+fH/fe242mTZuU+J5Ur16dHTt2UqFC2J/6XouI3ArKTIC1e/fu0i5BREREREQuY7PZSE1NY/jw4eTm5jJ69Gh++WUlbdu2wWq10q1bN6pXr05ubi6fffYZs2bN5vHH+wEwc+Ys0tMz+PjjjzGbzXz44YfFXCE/gDIYDOzbt59u3brRr18/4uNPMmLECOrWrYOHhwfOzi7079+fChXCOX36NGPGjKF8+fI0b97shus2GAzs33+Au+66i6eeehqr1UJSUmKRNvbv38/w4cNxdHTik08+4YcffuShhx4E4OOPP8Xf34/33nsPV1dX9u/fX+I93LNnL6+++irOzk588823TJnyDc8//xwAISEhjBo1Cl9fX3bt2sWHH35IREQVgoKCim2rXLlynDhxosRriYj8k5WZACs6Orq0SxARERER+UtcLeAo6zp16ojVasbBwUiHDu1ZseJn2rZtQ7ly5Shfvjw2mw0XFye6dOnChAkT7Odt3ryFIUOG4OTkgJOTA126dGbcuOJCrHwVK1YkJqYmFouZ0NAQvL29OXnyFNHRUcTE1MRmA6vVTHBwIK1atWLfvv0lBlhXqxvyg6BGjRpiseSVeH7btu0wGg1YLHnUqVOHdevWAXDq1CkOHTrEyy9PwNHRAbASHR0FFL+Affv27XBwMGKxmOnUqSMvvDCAvLw8HB0dadq0KTabFavVTO3aMURFRXHw4KESAyxXVxcyMzNLrFlE5J+szARYIiIiIiJS9nh6eti/9/LyJjExf7RSWloaM2bM5MCBg+Tl5WG1WsnNzQUgLy+PjIwMfH197Of6+V19vSsPD4/LnmJow8nJiZycHACOHDnK3LnzOHXqFDabjezsbKpXr35TdQP4+vpe84mJHh7u9u8dHR3JysoC4MKFC/j4+FwMrwqU3Janp1ehmmw2GykpKQQEBLBx40aWLVtGYmISRqOR1NRU6tWrW2JbWVlZuLu7l7hfROSfTAGWiIiIiIiU6Ny5c4SEhFz8/gx+fn5A/hRBgLfffts+je69994D8gMfd3d3Lly4YA+uzp+/cNM1fPLJp3Tq1IkhQ4ZgMplYuHAhhw8fvqm6r1fhfOvSi4CAAJKTk8nJycHZ2fma7Zw/fw6obq/JYDDg7e1NQkICX375FSNGDCciIhLIv5dXc/LkKcLDw2+oHyIi/xR6CqGIiIiIiJRo7tx55OTkcP78eX78cSnNmjUFIDMzi5CQUJycHMjNzWbZsmWFzmvSpAnz5y8gKyuLtLQ0lixZctM1ZGZmEhZWHrCSnJzI2rVrb7ruPyo0NJTIyEimTPmGjIwMLBYLe/fuK3FE19KlP3HhwgVycnKYPXsujRo1ujiiKxtHR0eCg4OxWPI4dOgg+/btK/G6NpuNffv2UbdunT+lHyIitxqNwBIRERERkWIZDAZq1arNyy8PJS8vjxYtWtC6dWsAHnjgASZMmMD27dtwdHSkfv0G7Nq1y35uz549mDz5awYOfBEvLy/atWvL8eM3twD5448/zqRJk3F3d8PNzZ26dety7ty5m6r7zzBgwAtMmzaNl18eitlsplKlSgwd+nKxx955Zwvef38siYlJVK9enccffxyA8PBw2rZty8iRo/D29iI0tBw1atQo8ZqxsbEEBQVRoUIFrjZlUUTkn8pgu9bk77/B7t27tYi7iIiIiPxj7d+/n9q1a/9t11u1ahV33NH8D7WRkJDASy8NYerUbzEaTQAXFxy3XDzCgMlksh9vtVoxGk2FFkY3Gk0YDPmTPrZu3crs2bN55523ADCZHLFazdhsNgwGIwaDEavVbD/XZHLAarVc3G/AaHQAbBen9tkAQ6Hjr7fu4q5VUE9B7fnfmykIivKvb7q4rWjfbDabvb3L2xk06CWeeebpi+t1GQodV7gN28URXAZsNis2mxWDwYjRaLRfc/Tot+jRoweRkRElvGMiIiVbu3Y9LVu2LO0ySE1NBWDHjh3XfU69evUAjcASEREREZGrsNmsWCzW4vYUCnSAQsclJCSQmppGlSqVSUxMZMGC+TRu3PiyYy8FXQWhTeG2zJftt131iYE3Undx17qyniuvlX/9wn3ND8QsXKnouRQ591ptFFf/qFGjsFgsaPSViPxbKcASEREREZE/XU5OLhMmTCQxMRFXV1duu+02OnfuVNpl3bJKCsFERP4tFGCJiIiIiEgRgYGBTJ8+/YZHPhUICwvjgw8+sL8uPP3wr/NH6/4zffzxx4WmIoqIyM1TgCUiIiIiIsX6YyHQjU/7+7OUhfAKyk4dIiL/BMbSLkBERERERERERORqFGCJiIiIiIiIiEiZpgBLRERERERERETKNAVYIiIiIiIiIiJSpinAEhERERERERGRMk0BloiIiIiIiIiIlGkKsEREREREREREpExTgCUiIiIiIiIiImWaAiwRERERERERESnTFGCJiIiIiPzDGI1GUlNTS7sMEREpA3JysjEab/3459bvgYiIiIiIFOLn50d8/Emys3NKuxQRESlF2dk5HD8eh5+fX2mX8oc5lHYBIiIiIiLy54qKiuLIkcPs2bOH7OxsLBZraZckIiJ/M5PJiKurCx4enkRFRZV2OX+YAiwRERERkX8YJycnqlWrXtpliIiI/Gk0hVBERERERERERMo0BVgiIiIiIiIiIlKmKcASEREREREREZEyrcysgbV///7SLkFERERERERERMqgMhFg5eXl0aBBg9IuQ0RERETkL7Ft27bSLkFEROSWpimEIiIiIiIiIiJSpinAEhERERERERGRMk0BloiIiIiIiIiIlGkKsEREREREREREpExTgCUiIiIiIiIiImVamXgKociNyMjIYOXKlaSlpZV2KfIP5OXlRatWrXBzcyvtUkREREREROQiBVhyy1m5ciU1akQTEhJS2qXIP9CpU6dZuXIlHTt2LO1SRERERERE5CIFWHLLSUtLIzg4GJvNVtqlyD9QaGgIv/66rbTLEBERERERkcsowJJblMIrERER+etkZGRw+vRpEhMTMZvN9u1+fn74+fkRFBRUitWJiIj8+yjAkluSRl+JiMjNqPbeJkbfVYUHat9c+DBjx1le+eEQaTkWvulRgy41A/7kCm8NM3eeZfSKY8QOvq20S/lLxMXFERcXV+y+xMREEhMTSUhIIDo6GgcH/TotIiLyd9BPXLkl/dsDrPnzF2IyGenatUtplyIi/wKjVxxjxLIjfNOjBo80+HevP/jsgv3MebgWbar6lnYpduk5FjyHr+bosGZU8nMp7XKuy+DFhzifkcuUHjX+lPb+zHtweXjl4OBAtWrV8PLyAiAnJ4d9+/aRkZFBSkoKv//+O3Xq1PnD9YuIiMi1GUu7ABEBX99Ali//+bqOXbVqNW+88SZNmjS57vZ37/4NLy8/Lly4cLMlisi/lNUGk7acws/VgQkbT/6l18qzlO0PJ5KzzCRlmakZ4n7TbZT1Pv7bZWRkFBp5FRkZiZeXFzk5OSQmJuLs7EzNmjXto64yMjI4efKv/XshIiIi+TQC6x9gxYoVDB06FEdHRzZu3Fja5fwtrjUCa/r0GfTv/xwpKUUDGz+/IMaOfZdy5crx0EO9rtrO5Mlfkp2dQ//+z1GpUkV27tyGwWCw7//pp+V0794DZ2dnzp07BcDx4yeoXbseS5Z8zx133H7dfTIYDNfs16lTpxk8+BUWLlxAUFDQdY9E8/X15eGHH8bJyelfP3pNRG7Msv0XiE/JYWHf2nSavIvYMxnEXBbgHL6QxeDFB9l4PJVss4VaIR780K8uXi4m0nMsvLb0MN/Hnictx0zTSt58dm80FX3zR8jUHbeFDtF+bD6Rytm0XN7sUIUO0f6MWHaYRb+f53xGHhV9XZj0YHVuC/fi43Vx/N+Gk8Sn5ODj6kCPusG8fXcEjiZDsbXnWmwMWXKQGTvO4mgy8HzzCkWOWXkoiVf/d5h95zIJcHdkUIsK9G8WVuS42DMZdPl6FwBNP9mKyWhg/8tNsNrgvyuOMnXbGVKyzdQv78n4rlH2e1RcH9cfS+FCZh6OJgNzdp3D28WB8V2rUsnPlSfn7GV/QibNK/kwvVdNAj0cAa7a9zYTdgDQ8v+242Ay8HTT8gy+M5xz6bkM/P4gvxxKwmCADlF+jOsShZ+bg73ND9fEkZSVh7ODkT71Q/igc9Vi7+XG4yk8O38/hy5kUTvUg7ur+Rfaf633+nIzdpxl0pZTWGw21o3J/71lz5AmOBoN/N/GeD5dH8/JlByqBrjxQZeq3FnFh1OpOdT7cAsfdK5Kn/r5owD7ztzD8eRsVjxZr8R7sP1kGi8uOsiuU+n4uTnwWONyDG1VEZOx+D8zp0+fLvTaz88PgF27dmE2m4mMjCQoKAh3d3dSUlKA/BBLRERE/nq3VIA1duxYZs6cWey+9evX4+zs/DdXdH2mTp3KRx99RJUqVZg9e3Zpl1OiPXv28MgjjwD5oZiPj8+f2v7AgQNZt24d3bt355VXXvlDbV0rhDEYjFc9zmAw0rx5c7Zs2WTfNmzYq2RmZvLRR+Pt20JDQ1my5AccHR3Jyspm7dp1hUKpadO+Izy8AmfPnityresJpK7s07WOL1culN27d5KTk4XNZr3utsPCyjNhwufk5uYowBKRGzJh00nuruZPx+r+1An1YOKmk3zcLQqAtBwLLf9vO91rB/FNj5q4ORnZfCIVh4vhwCMz95BrsbL5hYb4ujkyatkR7p2ym60DG1OQH8z7LYG1/RsQ6uUEQNevd5Oea2HVM/UJ93HhwPlMHC8eHOLpzJJ+daji58r+hEw6T95FmLczA+4oGkwB/Hf5UX45lMS2gY0J9HDkpUUHOXwhy75/56l0Ok3exXe9Y+hU3Z995zK566udhHg6c1+twEJtxYS4s+WFRgS+vpaNzzckxDO/3jeXHWHmzrMse6IuFX1d+O+KY7SbuIP9LzfFy8VUbB/XH0th7u5zTOtVk8/vi2bKr6d5bPZebq/kw5xHahHg7kjnybt455djjOtS9Zp9//mpengOX82qZ+oXmj734NRYfF0d2PdyEyw2G72n/87DM37nh351OJCQySs/HGbHoMZUC3IjI9fC72eKD2ISM83c89Uu/ntXFZ5pWp5dp9PpNGkXfm6O9mOu570u0LNeMNvi04pMIfx4XRwfr4tn3iO1qBXqweI95+kyeRexg5tQwceZ6b1qct83v9EgzIvNx1NYuj+RnS82xmQ0FHsPLmTm0W7CDga3rMhPT9bjYEImHSftwslkZEjL8OL7mphY6PXvv/8OgNlsxsHBAW9vb/vrAufPnycqKqrY9kREROTPc0tOIXRwcCAmJqbQl9F4813Jy8v7E6uTv4ftOr5KOi6fh4cb0dFV7V9eXl54eHgU2ubp6QbYMBqN9OrVk2nTvrO3c+HCeZYuXUavXr2KudaN1Jl//KlTp7jvvu6EhIRRu3Z9Zs+eY9+fkZHO00/3JyamDj4+fjRseBsTJ35ZqI0VK1Zw552tCQ2tQMWKEXTocA8nTpwAbOzevQs3N08uXDhf6Pi2bTsQEhJG5cpVefDBHmRmZgA2cnNzGDFiFNHRNQgKKkerVm1Zs2bNDfTnVv8SEYBTqTn8sPcCjzUKBeCxxqFM3XaGrLz8AH1BbAImg4Gxnavi5WLCwWigeSVv3JyMxKfksCA2gf+7rxrBnk44mQyMvqsKB89nEXsm3X6NxxuXswc7J5KzWbTnPBMfqEZFXxcMBogOdKOKvysAD9YJIsLfFYMBqgW50b9ZGD8fSiqx/ilbTzO8TSUq+Djj4mDkvU6RXD5Y69P1cfSsF0zXmgGYjAZqhrjzXPMwpm0/c9336OtfTzO8bWWiAt1wdjDyRvvKAPyw93yxfSzQKsKX+2sF4uJgpF/jcqTnWHiqaXki/F3xdnGgd/0Qfo1LtR9/o30/ciGL1UeS+ahbFD6uDvi7OfJB56r8uO8Cp1NzcTQZsdlsbD+ZRkq2GXcnE43DvYpta0HsOUI8nXiueRgmo4H65T15rHE5+/7rfa+v5eN18bzevjJ1ynlgNEDXmgE0q+TNgthzALSt6seLLcLp+vUuXvj+AN/1rmkPEovzfex5fFwdGNqqIk6m/Pd3SMtwvtpc8pS/y4MpgJSUFPtIq8jISJydnUlMTNSoKxERkVJwS43AKuDr68uUKVOK3bdu3TqmTJnC4cOHMRqNREZG8sQTT9CwYUMA5s6dy5gxYwgLC6Nbt27MmDEDV1dXxo4dS48ePQAYOXIkU6ZM4ezZs7Rs2ZJBgwYxfvx4Vq1ahb+/PwMGDKB169YAxMbG8u6773Ly5EkyMjJwdXUlJiaGgQMHEhkZybvvvsucOXMAOHLkiL2OmTNnEhkZec16i7Np0ybGjx/PiRMnqF27Ns2aNStyjNlsZt68eSxYsID4+Hh8fHy4/fbbefbZZ/H09CxyfME0xAJt27YFYMiQITz00EMcO3aMzz//nN9++42MjAyqVKnCk08+SbNmzTCbzTz++OPExsbywAMPMHToUGJjY+nXrx8Gg4FJkybxxhtvcOTIEQDmzJnDnDlz8Pb25ueff8ZsNjN37lwWLlxIfHw8Xl5e1KlTh2effZawsKLTOOB6FnG3XeM428URT5YibVqtliLHAvTu3YsWLVry3nvv4OXlycyZc2jWrBlhYeWvuNala9/IaKc33xzN22+P5rPPPmXu3Hk8/fSzREZGUK9eXfLy8oiKiuL5518gIMCfX3/9lWeffY7g4GC6dOlEenoGDz/8H4YPf5UHH3yI7OwsNm/egtFovFiD4WJN+XWtXLmKhx7qzaBBA5k4cQIWi+Xie2HBZrMxevTbzJgxi//7v8+IiopiwoQJdO/ek82b11GxYsXr7lNpO3PmLE899WyJ/9Bwd3dnwoTPCAkJ/psrE7k1TNpyGj83BzrVyH/SXp/6oby85BCzdp6lb6NQjiVmERHgWmSEDcDRxCwMQLuJOwptd3Mycjo1l9r5mRjlvS+Nnj6WmI3JAFX8XIut54e9Fxi7+jhHLo6iysi1UDXArdhjbbb8AC7ysv3uTiZCPC9d72hiNr+dTqfa0UujcXPMVntgdi02G5xMzSHisuNNRgMVfV2IS862b7u8jwXKeV8KXhxNBpxMhkLHuTuZSMu59PPoRvoOEJeSg4PRQLjPpRFZEQH5dcYlZ9M43IuZfWL4dH08T87dS60QD4a3rUzH6v5F2opPySEyoPA9ibysz9f7Xl+NzQbHErMY/r8jjF5xzL49PcdCowqXgrWnm5bnnV+O0STcm9aRV19IPy4lmyoXQ78CEQGuxCXnXLugK1SoUAE/Pz8yMjI4dOjQDZ8vIiIif9wtGWAlJSXRt29f++tKlSrx+uuvs3TpUoYPHw5Aq1atyMvLY926dWzbto3x48dz++2Xpn7Fx8fz7bff0qxZsyKPPx43bhz169fn1KlTLFu2jA0bNhAcHEylSpXYt28fo0aNonHjxnh4eHD+/HlsNhudO3fG09OT1atXs2nTJl566SXmzZtHw4YNOXjwIDt37sTb25u7774bAB8fnxuqt0BcXBwDBw7EbDbbn4rz+eefFznuvffeY/78+QQEBNCnTx92797N3LlziY2N5ZtvvsFkMhU6Pjw8nA4dOrBs2TIA7rvvPpycnIiOjiYuLo5HHnmEzMxM2rRpQ4UKFZg9ezYvvPACY8eOpWXLlowZM4ZevXoxd+5cGjZsyKefforFYmHw4MHUrFmTe+65h/nz53Pq1CmqVq1KgwYNcHPL/8V7zJgxLFy4EFdXV9q1a8eBAwdYvnw5mzZtYtasWQQFFX3U+fWv/VT8Y9ILgpzr3Q4QEVGZWrVimD9/AY8++jDTp89g8OCXyMhIL1TT5effSIDVo0cPHnywO1armYEDn2f16jV88cVEvvjiM7y8vBgy5CUsFvPFP28d2bVrF/PnL6Bz544kJCSQlZVF+/btCAjwAXwJD78fq9V8sYbCodoHH4ynS5fOjBo1ArM5fwRidHQUZnMuWVlZTJjwFR9+OI727dtitVp59913WL16LV988SVvv/3f6+5TaQsODqJ//6d4//1xxe7v3/8pgoOvfy0xkX8Tqw2+2nyS5CwzYf9db99uscHEzSfp2yiUSn6uTN5yGquNIiFWwdpHa/s3sK/jVJzLw4VKfi5YbPmByJUhUkJ6Ht2m7GZh39rcXc0fowHGr41j5s6zJbZbzsuZM2m59m1mq43zmZdeV/R1oXqQO5/ee3PTvwwGKO/lzNHELJpXyp9aZrXB8aRsKlwWHBmKX27pul2r78ZiLlDB2xmz1UZ8Sg5hF9nWpqMAACAASURBVIOxgvCroLZuMYF0iwkkx2xlytbT3PfNbs6/0QJP58K/I4R5O7NkT26hbZff1+t9ry935Z8XgwHCfV14r2MkD9Qu/me31QaPztxDp+oBbDyewuQtp3mscehV7oELxxKzC207ciGLCj43vuREwdTBQ4cOFRmlJSIiIn+PW3IKodlsJjY21v5V8EnYtGnTAOjUqRPvv/9+oRBo+vTpRdr58ssvGT16NK+//nqh7a+99hrjxo2jRYsWADg7OzNt2jQ+/fRTALKysjh2LP/TwaZNmzJt2jQGDRrEww8/zOjRowE4efIk8fHxtGnThjvvvBMAf39/Bg8ezODBgwkICLjhegEWL16M2WwmODiYKVOm8N577/HQQw8VOiYtLY2FCxcC8MILL9CjRw9ef/11nJ2d2bdvH7/++muRdqOioujdu7f9df/+/Rk8eDB169Zl3rx5ZGZmEhkZybBhw+jTpw/du3cH4JtvvgEgJCSEN954A4ChQ4cSHx9Pq1at7KPa+vbtS5UqVQCoW7cugwcPpn///qSlpbFo0SIAXnnlFUaNGsXkyZPx8fEptK+o65sCtnnzxiJf+eHd1aaNFb/dZrPw8MMP8913M9m6dRunTp2iY8e7LjvmynNubMpaw4b1sFhysdms5OXlcNttjdi//6D9mA8+GEejRk0JDQ3H29uf99//gPj4k4CNSpXC6dq1C3fe2Zo+fR5l4sQvOXUq/uI6WUX7tnv3b9x5Zwvy8rKx2SzYbBbM5hzAxrFjx8jJyeG22xpgseRhs1nIy8uhSZPbOHDg4A32q/S/2rdvQ7t2bbhSu3ZtaN++zTX+LIj8ey3dl794+4bnGrLzxcb2rx/61WHj8VR+O51Ot5qBmK02XvnhEGk5FsxWGxuOpZCZayXcx4WuNQN4fM5e+4iXpCwzs3edw2wt/u9ZuI8Lnar789S8fcQl52CzwYGETI5cyCI914LVZqPuxellFzLz+Grzqav24dGGoXy45gQ55vwpj5+ujycj99L6gf2bhfHtttMsiE0gz2LDbLXx2+l0Nh5Pue771LdRKG//fIzDF7LIMVt546cj2GzQsXrAdbdxLdfqu5uTES9nE/sTMu3bqvi70qKyDy8uOkhKtpnETDODFx/i7mh/Qr2cOJCQyfIDiWSbrTg7GAl0d8IAmIoJgrrFBHLwfCYrDuavD3U+I4+vtly6/s2816Fezhy6kIXlsv0v3F6B1/53mO0n07DZICvPyqrDSRy9GEKNXnGUuORsvu1Zg+9612TgogPEXly3q7h70DUmgAuZeYxdfYJci4295zJ5f9UJ+l02/fFK7u7FP2EyIyOD1NTUYkf0lnSOiIiI/LluyRFYgYGB/O9//yuy/cyZ/DUrIiMj7dsKpukV7Lu8jYiIiGLbr1Ejf0HRgk/boqOjcXBwKDT1ruAXmKNHjzJ+/HhiY2PJzi78Kd+FCxeoVKlSif24kXqvPCciIsI+cqxatWqFjjl37hxWa/4v6CNHjizSxokTJ2jSpEmJdV2p4Ik8hw4dsk8tLHD5o6bvuOMOqlWrxr59+wDo16/fNdu+vNaC98PZ2ZmwsDCSk5NLvA/XGjFTsD8qqso1j7lia5Htl4+s6tatM6+8MpQ333yLBx/sjoODscjIq4LTb3QKodVqLXS81WrFYMhvZ/r0GXz88Wd8883XNG7cGG9vL95+ewwLFiy0nzN9+lS2b9/J0qVLmTVrDv/971vMnz+bBg3qF6qx4MtqtZRQX/4/XiyWwvXYbLYbXpi+rHjmmSc5fPgwR47kB89VqlTimWeevCX7IvJ3mbDpJN1qBtIgrPC08xBPP5pW9GLCplN8em8Uvzxdj8FLDlHl7Q2YrTZqh3qwpF8dAL7tWZM3lx+l5f9t41x6Hv5ujtwZ4cP9VyyQfrlpvWry6o+Haf7pVpKyzFTyc2FS9+o0DvdizD2RtPpiO4HuTvi6OdC1ZsBV14Ea0bYSg5ccov6HWyjv7ULzyt5EXTYVrmGYJ4v+U5tRy47y+Oy92MhfX2p4m8rXfZ+Gt62MxWqjzRc7SMk2U6+8Jz89Wde+gPufobKfyzX7/m7HSB6bvYfMXCsDW1RgVLvKzHo4hkGLDhL17kYMGGgf5WdfFD7bbGXEsiPsO5eB0WCgkq8L8x6tjZtT0c82/d0c+aFfXQZ+f4BRpqP4uDrQu14w835LsB9zo+91n/ohLIxNIPD1tVhtNs6OuoMBt1fA1dGY/3TBpGxcHU00rODJ+C5RrDyUxNjVJ9j4XEPcnUy0jPDl5ZYV6f7tb2wd2Ah3J1Ox9+CnJ+vx4qIDjF5xFF9XR/7TKJQX7yx+AXfIf3hLcVMEMzIyShx5dfnvcSIiIvLXuSUDrJKEhISQnJzM4cOH7dsKvg8OLrzGzdWeWFgQDBkufgpZ8Lq4f+y+8cYbHDx4kJYtW/Lggw+SlZXFSy+9VOj4gul6BUHNzdRboGD7qVOXPvk8ebLwYqRBQUEYjUasVisDBgwo9GQci8VS4hpGl08rvLzWkJD8x1VHRkYyaNCgQudcftzMmTPZt28fTk5O5Obm8vbbbzNp0iQcHR0LtX/5fQwKCrKHIocPH6Z69erk5uYSHx9f6NpXut41sCyWK9ezKji/uDaKTgG8cruLixPdunVl+vTveOut/xY7XfDKsOh6/frrVjp3vsf+esuWLURHR2Oz2fj11220b9+O229visViJj09hR07the6XnZ2BjEx1ahTJ4bXXhtGq1ZtWLBgEfXr1ytSU926dVm1ag2PPNK7SB0VK4bj7OzMpk2bqVKlkv28TZs206pVy1sy9HF3d2Pw4EEMGTIMgMGDB+Hu7nZL9kXk7/L9f2qXuG/Dc5fWaYwKdGNRCcd6Opt4v1Mk73cq/h/4O19sXGSbt4sDn90XzWf3RRfZN6RleJGnx71VYpXg7GDkk26FpweOalc4nGoZ4cvq/ldfS6lAgLsjtvdbF9rmZDLw1t0RvHV38R+KFdfH8V2rFtmWPaZVodd96ofQp/6ln4HX6vvTTcvzdNPyhfaHeDoxo3fNYuuqHerBpudLXm/zSs0refPrgEaFtr3R4dKHRNd6r68U6OHI6v71i2x/qkl5nmpSvsj2yABXUkffWWjb8LaVGN720geFxd2DhmGerOnf4LpqgvzfSxISEuwLt1++3cvLq9AHd5D/O+KVS1GIiIjIX+Mf9RO3V69ejBw5ksWLF5ORkUFeXh5r16617/srXB7gpKWl8eOPPxY5JjQ0f32GuLg4Ro8ejYeHBwMHDrypejt16sTUqVM5duwYI0eOJDw8nKlTpxY6xtPTky5durBw4UJmzpzJ3XffjaOjI/Hx8WzYsIHvvvuu2LaDg4PtYdKbb75JWFgYvXv35r777mPevHkcOnSIBQsWEBUVRVJSErGxsURERNC0aVP27t3L+PHjcXBwYOLEiYwdO5bY2Fg++ugjBg8eXOg+rFy5EqPRSEREBPfffz9dunTh+++/57333mPbtm0cPHiQ5ORkPDw86Ny5cwl3/nqDh5KOu9pUsatvHz/+A959dwxubk5XLPhe+LyjR4/i6elRaFtERBXc3IpfHHjOnHnExFSnceNGLFq0hF9+WcXKlSsAG9HR0Xz99RQSEs7h5+fL998vZtmy5URHRwM29u7dx+LFP9K+fRtCQoI5cOAQhw8fpk+fXsX0x8bgwS9y330PMHr0O3Tvfh8Aq1atoXfvHnh4ePDss/0ZPfod/P19qVKlMpMnf8Phw4eZNeu7Ytq7NUREVOaZZ56wf3+r9kNERP5a0dHR/P7774WmCx49erRIUOXg4EDNmjWv+qGoiIiI/Hn+UQHWPffcg4eHB1OmTGHLlvwnsNWvX59+/fpx2223/SXXHDFiBGPGjGHjxo0cO3aM7t27s3r16kLH3HHHHbRv357169ezcOFCHB0dGThw4E3VW7FiRcaNG8dHH33EypUrqVatGj179uSrr74qdNzQoUOpWrUqCxcuZNasWRgMBoKDg2nfvj1eXsU/JtvHx4fnn3+e6dOns27dOgA6dOhArVq1+Pbbb5k4cSK7d+9m1apVeHt7ExUVxZ133kl6ejpDhw7FbDbz3HPPERMTw+jRo+nduzczZ86kYcOGtGzZkl69erFnzx727dvH7NmzadKkCffffz/Dhg2jcuXKLFq0iOXLl+Pp6Unbtm155plnShyJdu0phNc6rripgsWfU3S7BWdnExaLudD2K/87YMBLRa76v/8tomHDop84A7z++ihmzZrNoEEvExQUyFdfTaRWrRpYrRaeeOIx9u8/QPPmLXFycqJx40a88MLzLFv2EzabDQ8PD3bu3M2UKd+SnJxCaGgIzzzzDH369Lq4jlXhEVgtWjRjzpxZjB79Fp9/PgF3d3duu60Rffr0wmazMWzYECwWC4MGDSE5OYWYmJosXDif0NCgi+tq3Zrats0fOaGRVyIiUhIHBwfq1KlDXFwcp0+fxmw2F1n7KigoiAoVKii8EhER+RsZbGXgX3Lbtm2jQYPrH94t/24zZsygbdsWVz3GwcEJV1c30tKSi+zz8PAhJyeTvLzCT1RycXHHYDCQlZVepC0XFzfS04u2BeDo6ISz86X9BoMRD4/iQ8KMjLQrRm0VrsnBwQmTyQGbzUpOTjZm86UaXVzcMJkcARsWiwWr1YKDgyOZmWkYDEZcXFwxGh0ujqKzkpeXS25u/rpsRqMJd3dP0tNTLpva6oizswtGo+lim2aysi79gu7s7IqDgxMGgwGr1UJOTpY9tPunW7FiDT179iztMkREpAxISUkhNTUVyF+w3cvL66amDer3XREREew/U3fs2HHd59SrVw/4h43Akn+Tq+euZnMOaWk5xe5LTy9+wd/s7PRit5vNOaSnF98WQF5eDnl5l/bbbBbS0kpeVPhqNV3eTtH6ij75KDc3y37NK4O3y1mt5iI1WSy5ZGbmlnAG5ORkkpOTWeJ+ERGRfwNvb2/7g31ERESk9CjAkltSGRg4KCIiIiIiIiJ/EwVYcktSgCUiIiIiIiLy76EAS25RCrBERERERERE/i0UYMktx8vLi7NnzxMU5F/apcg/0Llz50t8UqeIiIiIiIiUDgVYcstp2bIlq1at4vffD5R2KfIPYzAY8PT0pFWrVqVdioiIiIiIiFxGAZbcctzd3enYsWNplyEiIiIiIiIifxNjaRcgIiIiIiIiIiJyNQqwRERERERERESkTFOAJSIiIiIiIiIiZZoCLBERERERERERKdMUYImIiIiIiIiISJmmAEtERERERERERMo0h9IuoMC2bdtKuwQRERERERERESmDykSA1aBBg9IuQUREREREREREyihNIRQRERERERERkTJNAZaIiIiIiIiIiJRpCrBERERERERERKRMU4AlIiIiIiIiIiJlmgIsEREREREREREp0xRgiYiIiIiIiIhImaYAS0REREREREREyjQFWCIiIiIiIiIiUqYpwBIRERERERERkTJNAZaIiIiIiIiIiJRpCrD+xSw7d5LWqhWWnTtLuxQRERERERERkRIpwPoXsiUn2/9rXrWqyHYRERERERERkbJEAVYZtWLFCho2bEjTpk3/9LYz+vYltV49LLt2AWDZtYvUevXI6Nv3T7+WiIiIiIiIiMgf5VDaBRSwWq0sWrSIxYsXc+jQIfLy8ggKCqJZs2Y89dRTeHt7l3aJxerZsycHDx60v3ZyciIkJIQOHTrQt29fnJ2dS7G64jm2bEneqlVkf/ghAFmjRmGqWxfHli1LuTIRERERERERkaLKRIBlNpsZMmQIa9euBSAkJISwsDDOnDnD7Nmz6dSp0x8KsPLy8nB0dPyzyi1WYGAg0dHRJCYmsmfPHr788ksSEhIYPnz4X3rdm+mb88CBOPXtS1qrVhgBg68v7lOmYPDx+WuKFBERERERERH5A8pEgLVgwQJ7ePXMM8/w2GOPYTAYANi3bx+BgYEANG7cGKvVyvjx47n99ts5e/YsHTt2BGDu3LlUqlSJYcOGsXz5cjp06IDJZGLlypW0a9eOV155hXHjxrF69WqSk5NxdXWlQoUKPP/88zRq1AiAdevWMWXKFA4fPozRaCQyMpInnniChg0bXrMPDRo0YPTo0QAMHz6cpUuXsnLlSoYPH86YMWNYv349SUlJmM1mQkJC6NSpE48//rj9/E2bNjF+/HhOnDhB7dq1adasWZFrlNS3kSNHsnHjRiZNmsSRI0cwGo3UqlWLgQMHUrFixSLt2JKTSWvVCltSEl47d5Jaty5prVrhuXKlQiwRERERERERKXPKRID1888/A1ChQoVC4RVAtWrVbqrNZcuWER4eTuvWrQkPD2fOnDnMmzePqKgoHnzwQdLS0vj99985e/YsAEuXLrWPlmrVqhV5eXmsW7eObdu22QOz65GYmEh8fDwA7u7uABw8eJC6detSsWJFEhMTWbBgAV988QWBgYF07dqVuLg4Bg4ciNlsplq1anh5efH5559fd9+WLVvGa6+9hoODAw888ADZ2dksXLiQHTt2MGPGDEJDQwudb/DxwWXAAIyVKmHw8cFt/HhsyckKr0RERERERESkTCoTAdb58+eB/ADr8vCqJEbjtdeeDwkJYcaMGfY1qCZOnAiAm5sbFSpUIDw8nGeffRYHh/xbMG3aNAA6derE66+/DsDAgQNZt24d06dPv2aAtXTpUpYuXVpo26OPPgrA559/jrOzM1arlZycHDIzM1myZAmbNm2ia9euLF68GLPZTHBwMFOmTMHBwYEPP/yQ6dOnX1ff+vTpA0DXrl3to7qOHTvGzp07mTdvHs8991yRNpwuW7DdsVu3q/ZNRERERERERKQ0lYkAKyAggGPHjhEXF3dD51kslhL31a1bt9AC6vfffz9bt25l+/bt7Ny5EwAPDw9GjhxJ69atOXPmDACRkZH2cyIjI1m3bp1939UUrIHl7OxMcHAw7du3JyYmBpvNxuTJk/nhhx84e/YsNpvNfk5iYiKAvf2IiAh7oHa1kWdX9q3g/Hnz5jFv3rxCx97oPRURERERERERKWvKRIDVunVrtm7dSlxcHFOmTOHRRx+1j8Q6ePAgfn5++Pv74+bmRnp6OqmpqfZ9Jbny6X9+fn5MnDiRtLQ0jhw5wvfff8+iRYuYNGkSrVu3JiQkhOTkZA4fPmw/p+D74ODga/bh8jWwLrd69WomTZqEs7Mzr7/+OuXLl2fq1KmsXr3aHmYVtH/q1Cn7eSdPnrzuvhXUfvfdd9OpU6dC+wqmMYqIiIiIiIiI3KrKRIB13333sX79etavX8+nn37KvHnzCAsLIyEhgWPHjvHtt9/i7+9PjRo12LJlCxMnTuTAgQMsXrz4uq8xbdo01q9fT7Vq1fD29raPTPLz8wOgV69ejBw5ksWLF5ORkUFeXp59YflevXrddN8KRokZDAby8vI4dOgQW7duLXRMp06dmDp1KseOHWPkyJGEh4czderU675G7969GTFiBL/88gseHh4EBARw7tw5Nm/ezJNPPklMTMxN1y8iIiIiIiIiUtquvZjU36Bgzadhw4ZRq1YtUlJS2LlzJ2azme7du1O+fHkAXn75ZWJiYjh37hwbN24s9BS/a6lcuTJZWVksXLiQL774gmPHjtGqVStee+01AO655x7GjRtH7dq12bJlC7t27aJ+/fp89tlntGjR4qb71qpVK3r27ImTkxOffPIJmzZtKtJexYoVGTduHBEREaxcuZLNmzfTs2fP677G3Xffzfjx46lZsybLly9n0qRJbNiwgZo1a970IvgiIiIiIiIiImWFwXb5okwiIiIiIiIiIiJ/gYIloXbs2HHd59SrVw8oIyOwRERERERERERESqIAS0REREREREREyjQFWCIiIiIiIiIiUqYpwBIRERERERERkTJNAZaIiIiIiIiIiJRpCrBERERERERERKRMU4AlIiIiIiIiIiJlmkNpFwBgPn2CxL7tsBw7UNqliIiIyF/EVCkKv6+X41AuvLRLEREREZFbTJkIsBL7tiPv0ZfIadACg8Fw8au0qxIREZE/ymYDm82GzWbDedsaEv/TjqBl+0u7LBERERG5xZSJAMty7ACGZm1xM5oUXomIiPzD2GxgtVqxNWuL5Y2nSrscEREREbkFlYkAC8DF2QWj0YDRaAQbGJRiiYiI3PJsNhsY8gMsq9VGTmkXJCIiIiK3pDITYDk7OWI0GvODK1v+NoVYIiIity6breAHev73VqtVAZaIiIiI3JQyE2A5mEz5o69QcCUiInIrSc2zkJycTHZ2Nj4+Pvj4+OBkybPvLwiyrPr5LiIiIiI3qcwEWCaTyR5cKcD6d9o1dhSZZ07SdOxX1zzWkp3NnDpBdFy2A89KEX9Ddfl+uKsBtQaMIPzubn/bNUVEyqpckyN79+7l9OnTRfaFhoZSvXp1nCx59gBLP99FRERE5GaVmQCr4OmDV5oZ7VXyOUYTD+1NuuFrnVy5lO1vDqbzytgbPlf+OuXbdMScmV7aZfztji2cwaFZX5N8YA9GBwcC691GnZdH41Wlqv2YxN+2s/WNl0jeH4trUCgxz75C5ft6A5B17gy7P3yTc5vXknX+LO6h5Yns0Y/o/zxnP3/X2FGcWrWM9LijOHn7Ur71PdR56XUcPb0K1RH76Rgyz57CJ6omDUaOxb9OwyL1nt20mpWPdiGszT3c/vkM+/bji2Zx8LuvSNoXizUnu8jfzRM/zGXDi48V2hbWpmOhNq50rTYBjs6bxt5JH5Fx8gTOPv5U6taDWgOGY7g4onPds7248Nt2chLP4+wXQFi7ztQd8iYmF1f7/dvxzquc3bgSS14eYW3uocGIsfZ7c633J/34Eba89iwph/aRl5mBe7kKRPV5kqp9Li1UfX7HFna9P4Kkvb9hcnYmuGkr6g9/Fxf/QAB+HTWQwzMnF+pXvWFjiO7bP78P/XsS//MPRfre9P0vqdjloRLvn8hfKdfkyIYNG8jOzsbFxQVfX19cXFxITk4mKSmJ06dPk5SUROvWrbFmpJV2uSIiIiJyiyszAVZJuu86Z/9+4+B+OHp40fD1D4Fb65Ncm8UCBoP9H9WlxZqXh9HRsVRrKElAvcalXcIfcrP3Nj3uGNGPPI1f7YbYzGZ2vjec1Y/fR6cVuzAYjeSmJLP6ifuJ6PEYrb7+nrOb17JhUF/cyocTfNsd5CSex8U/kOYffYNbuQokbNvEpiFP4OTlQ+X7+wCQfSGBeq+NwSeyOhmn49n08pNsGz2EJu9OAODcrxvYMuIFmn4wmdBmLdk7+RNWP3k/nZbtwMnHz16rOSOdra+/SGDDpkX64eTjR9QjT5OTdIHto18ptq9eEdXoMH+N/bXBZLrqvblWm4mxO9j86rM0GzeJsHZdSDm8j1WP3YtLQBBRDz8NQETPftR7dQyO7p5knj3FlmH92f3hm9Qb9g4A6194GGdvX+75cSs2q4VNg59gy6v9af7JtOt6fxy9fIgZMALPilUwOTmRuGcX6194BNfQCoS1uQeb2cyap7tTqfND3PnVfPLSUtn40mNse32Q/RoFddYf+o799eV/lpp99G3+/0MuOvnzErYMf4Hyre+56v0T+Svt3buX7OxsfH19qVev3qUpg+FhpOZZ2L59O9nZ2ezdu5fo8LDSLVZEREREbnllJsAqKYwyubhcOsZoxGAy2belnzjKzjGvkrBjC0YHB8LadaHukDcwubphzc1l2+ghxC9fgjUvFycvH2oPGoF/nUb8OuIFchLPs6RdXQAav/05QY2aFbm2zWrl0IyvODj9KzJPx+Pk7UvNZ4YQ8VBfjsz+hiMLptN2xk/247e89hwObu7Uf+1dclOSmd84nHrD3uHY97PITU6k3eyfOfG/Beyf8hm5qckYHZ2o1OUh6g17G4DE33eyc8yrJO2Lxdnbl8r396HGky+W+I/8gmvUGfwmJ3/+AUtWFq7BITR682NcQ8oBsLRrc0Jub0Pi7q1knz9HzAuvUa5FO3Z/+CYnf/6RvMw0Auo2psHID3AvHw7AgW+/KLHGq93zgnoajHifY4tmkZuagltweZq8+4W9nry0VH77aDQnf/kfOUkXcC9XgcZvfYZ/3YZFphBuHvoMZzauIi81BdfgUGo89RKV7+11nX+i8vse3OROkvfFkpeRBjYb9V4dQ2CDJgCc2biK38a9QeqxwxhNJoIa30794e/jGhQCgDU3l53vDef4krkYHR0LjagBiF++hJ3vvkZ4pwc4tXIpDq5utJ25nLOb1rD7wzdIPXIQZ18/oh99lqq9nyixzpjnhxV6XfP5YSzr2pyss6dwCw0jftn3YDBS6/lXMZhMhLXtSPnWHTk882uCb7sDn2ox+FSLsZ9foX1njn/fmnPbNtoDrNve+dy+3yUwmKo9H+fA1C/s2w7Pmkz5lh2o0L5zfk3PDeXw7CnE/W8hET0vjZra8f4IKnbqTlbCGXISzhaqO7RFOyB/hGNJDAZDob/T13KtNjPijuLs60d4xwcA8K1em6DbWpC879LoytDb29i/Nzo64uTjR9rRgwBknT3N+R2b6bBwHc5+/vl9H/AaK3q0I+vsaVyDQ6/5/jj7+hX6/4dnpUhMzi6kX7xGTkoSuclJRDz0Hxzc3HFwcye84wPsm/xJoXaNBlOJ98bo6AiXBVpH5k4jvNMDOHh4XuXuifx1UvMsnD59GhcXl8Lh1UVejibq16/Phg0bOHr0KJUrV8bJkndLffAkIiIiImVLmQmwbpQ5M4NfHulE5Xt70XTcZMxZWWwc9B92jh1FgxHvc3T+dBJ3baPj0m04efuQnXCW3JRkPMIr0+i/H7P9zcF0Wr7zqtc48O3/sf/rz2j20Tf4125ATtIFMk/F3VCdCb+up92sFRidnEg7eoidY0dy14J1eEVEYc7MIOXgXgBykhJZ9VhXqv3nBVpOWkja8cOsebI7Jkcnqj0+4KrX1hBc3QAAIABJREFUuLBzC22m/Q+DgwO7x/+X9QMfpe3M5fb98T8tos30pfZgZt1zvbHm5dJuzi84efnw2ydvs+7Z3rSfv5r040dKrPFa99ze5+1baDN9GUZHRzYPfYZdH75hH+mz6eUnMWdm0HrqD7iXq0Dq0UMYHYr/YxhQtzF1Xx6Nk48vZ9b9zNrneuMTXRPfGnWu+/7Hr1hC+9m/4OwfwJn1v7Dmqe50+mknzn7+GE2O1H/tfXxr1sGckcbmYf3Z9saL3P7ZdwD8/vl7nN20hg4L1uDsG8COMa+RfuJoofbT447i6O7JXd+vByBp727WPPUgTT+YRPlWd5F65ACrHr8Pl4BgKnTocl01n9+6AWe/QFyD80O/pH2x+NWoUyjI9K9VjyPzpxV7viU7mwu/bafGk4NKvEbCtg341qhtf528L5aKnR+0vzYYjfjVqE3S/ktB0NlNq7mwfTPt561m2+gh19WXK6XHH2dxm9qYnJzwr9uYmOeH4V6uwk21BRDaoj1uweU58cNcwtp3JeXQXhK2rqfxW58WOm776Jc5vmQuuanJOLi5299j7E9Iu/If1TaS9v6Ga3BokWte+f4U+On+lqTHHyU3ORmvKlXtU/tc/AOpfP/DHJ71NbVfHEVeehonfphL+N33Fjo/btlC4n9egotfIOVa302NJwZicnUrcv3040c4s2El7eevvoE7JfLnSkrKn84bGhpaJLwq4OVowtfXl6SkJJKTkwnydP87SxQRERGRf5jSnc/2B8QvX4LR0ZFaA17D5OKKs68ftQaO4Pji2QAYnZ3JTU8lad9vWHNzcQkMxisy+oaucWDqBGKeG0pA3UYYjEZc/APxq1X/htqo9sQgjE5OABgcHMBmI2nPTvJSU3Bwc7evMXTy5x9w8vShxlMvYnRywrtqdao9/gKH53xzzWtE/+f5/LaBGo8P5PyOzaQdPWTfX+WBR+zhVeaZk8QvX0zD1z/EJSAIo5MTtQeOIO34YVIO7Llqjde65wWqPzHAPv2pXOt7SNy9DYCMU3Gc/OVHGr35Uf5oL4MBrypV8QivXGy/Inr8B2c/fwxGI6Et2hHavDXnNq+97nsPUOX+Pjj7BwAQ0rw1nuFViP9pEQBBjZvjX7ehfVROzPPDOLPxUihwZMF0avYfgltoGCYXF+q+/GaR0XAmV3eqPfa8/fXBaROp2OkBwtp2xGAy4V21OlG9n+T44lnXVe+FXVvZPX40jUZ/Yp9umpeRioNH4bXgHD29yUsvuqaMzWpl87D+uJcPJ+LB/xR7jYPTv+TclvXUfXm0fVteehpOnoWv4eDpQ156KpA/dfDXEQNoNPqTm56C6h0VQ/OPv6XlpAU0fuszss+fZeWjnTFn3Py6Zw5u7lS+vw+bX32O2TH+LOt2O5U6P0i5iyO3CtR64TU6LFzL7Z99R4W777WHZq4h5fCLqc/vH79NbnISOUmJ/P7pmIt9Ti1yveLenwJ3TpxL+zmraPTmR4Te2aHQ/azY8X5OrlzK3HqhfH9HFAajiRpPvWTfX+GubjT/ZBptpv5IzIDX+H/27jM8qmpt4/h/Jpk00iEkkEKAgIAgSQiKFAWkWCmCiAiCClYEjjQVEY/niAIeKSoc4EWRgGBBwAKKIMUElCKhGXooIUACqaRnMu+HnIyEVBXIgPfvC5m996z17LUnXua+1lpz8tsv+Pml58q85yOffoR3i3C8bw79c4MmcgXk5OQA4FTJjEpPT08AsrOzr3pNIiIiInJju25nYGXGHyc76Rzf3t3q94OWQjAYKMi8SHCPh8m9kETMW6+QceIovm3uoOWYN3Bv2LjM9r7pGsrFk8cAaPzYs4S/8jZZCadwDQ75S3W6XDKDwzUwmLbvfsThxfPYNnEknjc1o9mz4/Dv2J2sM/G4BgSXmAniGlifrLOnATi+6lN+Hvf7MrQHt520/uzs42v92d7VDXsXV7LOncatfsj/avh9psjFUycAAxse71miTjsnZ7KTzlKnSZdya6xszIs5etX8vR4nJ/L/dy4z/iQGo125gdXlDn70PsdXfUpOynmMRjtyUi7gHtKk1HVZZ0/z1Z1Nra/bv/8JAV3v/9/Y+JW41tnHl6xzCQCkHznI3ln/JiV2L+a8XLBYKMjMoDA3F6ODA9nnzuAa1OD3e3GpgXMt35Lt1apdItTKjD9B6sH9fLvz9zEqzMvDNTAYKONzNmGK9bqkHVuJGj6A1m/MIOCu3/c2MtVwJ/f80RL95mekYbps+Vhhfj4/j3ua7HOnuXPeF9bg9FKHPp5D7P/NKJoBF1Dv9z5c3cjLKBnYFGSk4lK3aFlpzLTXCOhyPzVvacWf5dGoCR6Nip6fW3BD2s+KZHnrIBJ3bKHund0qHJvyHPsikj0z/sUdcz/Fp1VbMuNPsGXUEGLemUTo2Dd+vz93D0zuHrj4+ZOTeJato5+g62c/AtDuvUhi3n6F1ffditHkQJPHh3Mm+kccLvkcQ/nPp5hjzVo41qyFa1B9toweyr4PptByTNFS0k3D+hI2/k0aPjyEgqwsfn3rJTY83sNag9/tHa3tuNZrgJ2TExsf70VBVib2Lr/PWinMzSXuy8W0HPNGqf5FrqXi4Ko4yCpPamoqAM7Ozle9JhERERG5sV23AVYN/yBc/YO459tfyr2mydCRNBk6krzUFHZNfZVtrzxHl0/XYTCUnnhW1nJCl7qBXDxxtMz9sexr1KAwN7fEsbyUCyX+2ARKLU0K6Ho/AV3v/98fokuIHv4oD/4ch0udAC4mnChx7cVTx3Hx8wcguOfDBPcs+W1jeWlFfxhknDyGa72ioCXnfCIFWRdx8fUvs4Ya/kUzT7os+d46M+ly5dVY2ZgX11OeGgFBWArNXDx1vNIQK/6Hbzjw4Xt0Wvi1NXSMeu6R35d8XcLFz5/+B0vPloGisbn8dd1O9wCwZfQT1O10N22mzsPOyZmU2D1836t90de9Gww4+9Yh+/zvXyJgKSggJ+VCyQ4ue74udQNxb3ATrSa9U2Y95S1bPbP5B7aOGcqtb80pFY54NWnOqe9WYCkstM76Sd6/G8+bWlivMedkEz1iEObcPDouWFHm0rN977/Nsc8X0TlyNW7BDUuc82zSnJTffq/NUlhISuxe/DsV1XI2+kdyU5OtyxYLsrOgsJAvbwumx4b9pT/3VWCwswejEUthIVD+2FQk5bc9+ITdhm+bOwFwqx9CvQceIm7l0hIBVgkWCxknfv9c1KgbSLtZkdbX8etXY+foRM0Wv4d1FT2f8vooDuNSD+7HYGdH48HPAkVhceNBz/DDQ53ITUnG0cu71NuN9g5gsZTYuB2KlhkWFhRQ774+ldcgchV5eXkBcObMGev+VpdLzzdblxp6enpCOUsNRURERESq4rpdQuh/133kZ15k33tvUXCxaIPuzIRT1s2ez/3yEykH9mIxmzG5uuHg5m5dZudc25ec5PPkpaZU2EejR4ex/4MpXNi9AywWci+cJ3nfLgC8moWSdvQAF08dByDlt90kRK2vsL2MuCOcjf4Rc04ORkdHHLxrFX0zoZ0d/nfdR15qCgcWzKIwL4/0Iwc5sGAWDfo+VulY7J89lZzziZizs/j1rVeoGdraOvvqcjXqBhLQ5T62vTqcrDPxAOSlpnBqzZdYCgoqrbGiMa9MjbqB+He8mx2vjSrq22IhI+5IqX2lAPLTU3Fw98Ttf8Fcym+7ORO9oUr9XCpu+WKS9+3CYjZzePFcss6dIaBr0UbleWmpeIY0wc7JGUtBAQc/KrlvUv3eAzj00QfWoPLQ4nmYszMr7K/RgKHErVrKqbVfU5ifj6WggNSD+zm/a1u57zn13SqiRw3h1rfmUKddZ8w5OZhzcqxhXUD3nhSaC9g/eyrmnGwSNq3l9I/f0rB/0RLBgosZbBrWh8K8fNrNWgQGI+acHArzf/9jcdfbEzj2RSQdP1qFi59/0flLAtiG/R7n9IbvOL3xe8w52fw29z+Y83IIvKcXAF0++Z57vt7K3auiuXtVNIHde+J72x3cvSoa+/+FZRazuUS/1vv4n5NrVpB26Dfy09PIOH6Un196FkcPL3zC25Q7NpW16RPRhqSYbSRu34KlsJCLJ+M48c0XeDcPAyDtcCxxXy4h8/RJ8lJTOBv9I/vnTLNuDg9F32R48WQceakpJGxay69vjKHZM6Mx/W8JYGXPJ379ahI2rSXnfCI55xM59tnHnPpuBXU6FPVRs0VRLYeXzKMwL4+8tFQOL5lPDf961vDq6LKPuHjqOPnpaZyP2c6uf4+jzh1drDUUO7x0AcE9+pcZUIpcS+4mO+rUqUNOTg67du0iz67k0uLibyEEyg24RERERET+iOt2BpbJzZ3Oi75h939e55u7W1GQnYWLb10aPPgodLqbnMQz7Pzni2SdTcDOwQGvZqG0/lfRt355NWtJ0H19+KZ7GBazmXbvRZZYwlPspiHPYzDa8ctLz5B55jSOnt40f24c3s3DcKsfwi3/mMTGJ3vhXMsXF/8g/DvdXWHN5twc9s78N+nHDmMwGqlRN4h27y3GztkFO2cXOi5Ywa63X2H/nGk4uHtS/8FHafL48ErHokHvR1n/aHdyLpynVuittJu5qMLr20yZy74PpvDjoPvIuZCEo6c3Pre2I6Bbz4prhArHvCraTJvP7nffYF3/buSlp1LDP4hb33y/1Iysevc/xNmtG1nzQBscvWri1qAxde/oUqU+LhXyyJP8+uZ4Ug/uxy2wPnfM/dw686z1GzPY9fYEDkb+FzuTA0H39uH4qmXW9zZ/dhy7przKd7074OJbl1rht+FWyZJS7xbhdJizjP3vTWb7xOFgAff6jWj27Lhy3xM7710KMjOIeq5/ieNdPl1PrdDWOHh4cuf85ex8Ywy/zf0Pzj5+REx6F9/bOgBwbns0iduiAPjy1iDr++u078KdC76kIPMiBz8q+uyvvuf3WUVGB0f67U0CivYDu/WNmfz6r7FkJ57Bs/HN3Dl3OQ6eRQGLk0/JpZP2LjUwZ160zhCEorBw28Tf9wP7vGVtAHpvjcPRuyapB/YS8/YEci4k4uDuSa3w2+j00Vc4eHiWOzaVtRl0X1+yE8+y/dXnyTp7BpObO3Xv7Gbd38tgZ0/ciiXsevsVCnKycfGtS9B9fWg+/CVrmxd272D/B1PITUvBNSCIJkNH0HjQM1V+Phazmb2zJpN+4igGoxG3wPq0enUqDR4qCp9rBNSj/ftL2P/+W+z+zz8xmuyp2SKCO/77+75op75fxZ4Zb5B/MQNnHz/877qX5sNLfvth2qHfOP/rz7R+Y2a54yVyLTVt2pSUlBRSUlL48ccfqVOnDk5OTqSmplpnXjk5OdG0aVMKM0vv2SciIiIi8kcYLJYy1mRdY2duMuD7a9lLwKR8eWmpfHlrED02xZYIEqTIdz3b0eSJEaWWXoqIyJWRZ2ciNjaWM2fOlDpXv379MmdfnQt3p87Bav9fDxERERGpBunpRdnPrl27qvyesLCiVS3X7QwsERERqV4O5nxaNg6hfv36pKSkkJOTg5eXF56enkXBlZYOioiIiMgVogBLRERE/hJ3kx3utS/5YhAFVyIiIiJyhSnAuo45eHiW++17Aneviq7uEkRERERERETkCrhuv4VQRERERERERET+HhRgiYiIiIiIiIiITbOJAMsuuDE5m1ZXdxkiIiJyFeVsWo0xuHF1lyEiIiIi1yGb2APL+6O1XBjSjbR/9K/uUkREROQqsQtuTM0P11Z3GSIiIiJyHbKJAMu+bj181x6s7jJERERERERERMQG2cQSQhERERERERERkfIowBIREREREREREZumAEtERERERERERGyaAiwREREREREREbFpCrBERERERERERMSmKcASERERERERERGbpgDrL9qyZQuvv/56dZdRra7FGIwePZq9e/eWOr59+3b++c9/kpOTc1X7FxEREREREZHqY1/dBRTLyspi+fLlbN++ndTUVLy8vGjZsiW9evXC29u7usu7oY0aNYonn3ySFi1aVHcp5erduzf+/v4ljsXFxbF27VrGjRuHk5NTNVVW2rx58/D09KRfv37VXYqIiIiIiIjIDcEmAqzc3FzeeOMNHB0def755wkKCiIzM5MtW7awc+dOunbt+ofaM5vNGI1GDAbDVapYrrX27duXOla/fn0mTJhQDdWUz2w2V3cJIiIiIiIiIjccmwiw1q9fT0pKCjNmzMDZ2RkAZ2dnevTogcViAWDq1KmEh4fTpUsXABISEpgwYQIfffQRACNGjKBjx47s2LGD9PR0pkyZwg8//MAPP/xATk4ONWrU4NFHH+W2224DYO3ataxZs4aMjAwaNmzI448/jp+fX5n1rVixgo0bN5Keno63tzd9+vShbdu2Vbq3mJgYIiMjSU1NpVWrVuTl5dGgQQN69OjBsWPHmDZtGnPmzLFeP2vWLBo0aMD9998PwLZt2/jyyy9JSkqibt26DBkyhIYNG5bZV0ZGBpGRkezduxeDwUC7du3o378/dnZ25ObmMn/+fPbs2UNhYSHe3t68+OKLrF69mvPnzzN79mxMJhOdO3emV69ef+meT548yaJFizhx4gSurq707t2bO+64w3q++J4SExNxdXXlkUce4fbbb8dsNrNq1So2b95MWloavr6+DB8+nICAAEaPHs2QIUOss8Qqen4jRoygc+fO7Nq1i4sXL1K7dm2ef/55XF1dS9WalJTEqFGjePjhh9mzZw+pqamEh4fTv39/jEZjpc9gzpw52Nvbc/78eZKSkggNDWXr1q0YjUaioqIICgpizJgxFT6b4hoGDx7Mpk2byMzMJCwsjMGDB5cas7JqyMjIYPHixezdu5fc3FyCg4N59dVXMRgMlT4LERERERERkeuBTQRYe/bsITw83BpeXeqPzKLas2cPr732Gk5OTpw4cYI1a9bw1ltv4e3tTWpqKllZWQDs2LGDFStWMH78ePz9/Vm+fDnTpk1j6tSp2NnZlWrX19eXSZMm4eXlxe7du5k+fTohISHUrl27wnqSk5OZOXMmL7zwAmFhYURHRzNnzhwaNGhQpfs5cOAA8+fPZ+zYsTRq1Ijt27fzzjvv8O6775Y5VrNmzcLHx4fp06eTn5/P9OnT+fbbb+nRowc//vgj6enpvPfeezg4OJCQkECNGjV44okn2LNnT6klhH/2njMzM3nzzTd5+OGHefnll0lISGDy5MnUqVOHRo0asX//fubPn8/IkSO5+eabSU9PJy0tDSgKCnfu3Mn48ePx8/MjISGhzPusyvOLjY3l1VdfxWQy8d577/H111/zyCOPlFmzxWIhLS2NV199ldzcXP7973+zfv16unbtWqVnsH37dt544w38/PywWCzk5OSUWkJY0bMpriE1NZU333yTnJwcXnrpJUJDQ2nZsmWlNcyYMQNvb2+mTp2Ks7Mzhw4dqtKzEBEREREREble2MQm7hkZGXh5ef3ldrp3727dC8nOzo6CggJOnDhBfn4+np6e1K1bF4CoqCi6dOlCcHAwJpOJhx56iLS0NI4cOVJmu23btsXb2xuDwUBoaCiNGze2hgQV2b59O40bNyY8PByDwUD79u0JDg6u8v2sW7eO7t2707hxYwwGA7feeiu+vr7s37+/1LVnzpzh4MGDDBkyBCcnJ9zc3Ojduzdbt24FwN7enoyMDE6fPg2Av78/bm5u5fb9Z+/5559/xt/fn86dO2NnZ0dgYCCdOnXi559/BrAGQ82bN8dgMODh4UFQUJD13IABA6hTpw4GgwF/f/8y9z+ryvPr2rUrJpMJgNDQUOLi4iqsu3jGm6OjI927dyc6Ohqo2jO47bbbrLO/ygpcK3s2xe677z4AnJycaNq0qbXmimpISEjg8OHDDB06FFdXV+zs7GjatCkGg6HSZyEiIiIiIiJyvbCJGVhubm6kpKT85XYuDcECAgJ4/PHHWblyJTNnzqRZs2Y89thj+Pn5kZycTHh4uPVaOzs7vL29y61h69atrFmzhuTkZIxGI+np6SXeX56UlBRq1apV4piPj0+V7ycpKYm9e/eyefNm67Hc3FzrjKVLnT9/nsLCQsaMGWM9VlhYaJ2R1KlTJ9LS0vjggw9IT0+nTZs2DBw4EEdHxzL7/rP3fP78eeLi4hgxYoT1WEFBAc2bNwfgwoULtGzZstT7CgoKSEtLK3cZ56Wq8vwuDeccHBzIzs6usE0PDw/rz56eniQnJwNVewaVha+VPRsoCr5q1KhRZs0V1eDg4ICnp2eZz7GyZyEiIiIiIiJyvbCJAOuWW27hq6++Ijs7u9SSMYvFgsFgwMnJifz8fOvxjIyMUu1cPvulffv2tG/fnuzsbBYvXszChQt56aWX8Pb2JikpyXqd2WwmOTm5zCAiKSmJuXPnMnHiROueQ5MnT67SfXl5eZWa+ZOUlGRdQujk5EReXl6J85feV61atWjVqpV1mVlFatasiclkYvr06WUug7S3t6dv37707duX8+fPM336dL7//nt69Ohh3evpStxzrVq1uOmmm3jppZfKrfPcuXNl1ufh4cHZs2crDfn+yPOrqsTERGt4du7cOevMr6o8g8s/d5e/ruzZVKaiGhISEkhNTSU3N7dUiFXZsxARERERERG5XtjEEsK77roLT09Ppk6dyuHDh8nOzub8+fN89dVXrFu3DoDg4GB2796NxWLBbDazZs2aCts8ffo0Bw4cwGw24+joiIuLizWoadeuHevWrePkyZMUFBSwfPly3N3dCQkJKdVOdnY2JpPJuvwwLi6OAwcOVOm+WrduzcGDB4mJicFisRAdHc3x48et5318fDAYDBw+fBiAo0ePlmj7rrvuYs2aNRw8eBCLxUJubi579uwhPT29VF9169YlJCSEhQsXkpmZicViISkpiX379gFYl5tZLBZcXV1xdHS0joeHh0eJUOmv3POtt97KiRMn2LBhA/n5+ZjNZo4fP86JEyes9/TDDz+wf/9+695TJ0+eBKBz584sXbqUs2fPYrFYSEhIsM6EutQfeX5V9dlnn5Gbm8v58+f59ttvrRvW/5FnUKw4iCtW2bOpTEU1FLf94YcfkpmZidlsJjY2FovFUumzEBEREREREble2MQMLEdHRyZOnMjy5cuZNWsWqampeHt7ExoaSs+ePYGiPY2OHDnC2LFj8fT0pGXLluzevbvcNnNzc4mMjOTMmTPY29tTv359nnzySaAoWEpOTubdd9+1fovd2LFjy5wdExQURJcuXZgwYQIeHh7UrVuXZs2aVem+vL29GTlyJIsWLSItLY1WrVrRunVr63mTycRTTz3FnDlzcHNzw8/Pr8RG6s2aNePJJ59k0aJFnD17FgcHB0JCQhg2bFiZ/Y0YMYJly5Yxbtw4cnJyqFWrFnfffTdQtJxswYIFpKam4ujoSHh4ON27dwegZ8+efPjhhyxdupTu3bvTr1+/P33Pbm5uvPLKKyxZsoRly5ZRWFhIQECAdQP1m2++mSeeeIJFixaRmJiIm5sbAwYMICgoiAcffBCDwcDkyZPJyMjA19eXF154oVQff+T5VYXBYKBFixaMHj2a/Px87rjjDuu3Xf7RZwDQsWNHZs6cydChQ6lXrx4TJ06s8NlUprIaRo4cyeLFixk9ejQFBQXUr1+fV155pdJnISIiIiIiInK9MFgsFkt1F/F38sEHHxAYGFilZYFy9SUlJTFq1CiWLFlS3aWIiIiIiIiI3NCKVzPt2rWryu8JCwsDbGQJoYiIiIiIiIiISHkUYImIiIiIiIiIiE3TEkIREREREREREbnqtIRQRERERERERERuWAqwRERERERERETEpinAEhERERERERERm6YAS0REREREREREbJoCLBERERERERERsWkKsERERERERERExKYpwBIREREREREREZumAEtERERERERERGyaAiwREREREREREbFpCrBERERERERERMSmKcASERERERERERGbpgBLRERERERERERsmgIsERERERERERGxaQqwbJg5JoaMTp0wx8RUdykiIiIiIiIiItVGAZYNsqSmWv8t2Lix1HERERERERERkb8TBVg2KHPIENLDwjDv3g2Aefdu0sPCyBwypJorExERERERERG59mw2wJoyZQoREREMHz68ukux6tatGxEREaxevfqq9mPq2BFjvXrkTJ8OQPakSRjr1cPUseNV7VdERERERERExBbZV3cB15OmTZuSlpaGl5fXVe3HcdQoHIYMIaNTJ4yAwcuLGgsXYvD0vKr9ioiIiIiIiIjYor9FgJWfn4/JZPrL7cycOfMKVFM5S2oqGZ06YUlJwT0mhvTQUDI6dcJtwwaFWCIiIiIiIiLyt2MzAVZkZCSffvopaWlpdOnSBYPBUOJ8TEwMQ4cOBeCnn37C2dmZ1atX89prr+Ht7c3atWuBomV+ycnJDB06lJ07d7J3714mTpxIvXr1mDJlCqdPnyYzMxNnZ2eaN2/OqFGjCAkJAcBsNrNq1Sq+/PJLTp06hcVioUGDBrz//vu4urpa237jjTe49957AYiKimLhwoUcPXoUo9FISEgIw4YNIyIiAoCXX36ZH374gU6dOuHs7MzPP/+MxWKhX79+DBs2rMyxMHh64jRyJMbgYAyenrjMmIElNVXhlYiIiIiIiIj8LdnEHljffPMNM2fO5OzZs4SHh3Pq1Cm++eabcq+/PNwqy//93/9hsVjo2rUrHh4enD9/HovFwgMPPMCwYcMIDAzk559/ZvTo0RQUFAAwbdo0Jk+ezMGDB2nVqhV33XUXKSkp5OTklNnHd999x6hRo4iJiSEiIoIWLVqwc+dOnnnmGaKiokpcu2HDBrKysujQoQMpKSnMnTuX3f/bpL0sDkOGYP+/Pa9MvXrhoA3cRURERERERORvyiZmYK1YsQIomj01efJkLBYLgwYN4sCBA2VeX5UAq0uXLrzW5gkVAAAgAElEQVT99tvW17m5uXT8XyCUm5tL165d6dOnD6dPnyY+Pp6aNWvy5ZdfAjBy5EgGDhwIQGFhYbl9LF68GID777+f119/HYBRo0YRFRXFkiVLaN++vfXam266iXfeeQeAnTt3Eh8fz2+//UbLli0rvRcRERERERERkb8zmwiwzp49CxSFPFAUUDVp0qTcAKuY2Wwu91ybNm1KvI6Li2PGjBns27ev1IyqCxcuYDabrWFVaGio9ZzRWP4kteK6i5cgFv8cFRVlPVesUaNG1p9dXV0ByMzMLLdtEREREREREREpYhNLCH19fQE4c+aM9djp06dLXOPs7Gz9OT09HYDDhw+X26aDg0OJ1//85z/ZsWMHbdq0Yfbs2fznP/+xnrNYLNSuXdsaVsXExFjPFRYWljsLy8/PD4CjR49ajxX/XHxPxezs7MqtVUREREREREREymcTM7B69erFnj17WLVqFW5ubly8eJHt27eXuCYoKAhXV1cuXrzIpEmTCAoKsi49rIpLQ6iMjAxWr15d4rybmxu9e/dm+fLlzJw5k127duHp6UlMTAxz586lVq1apdocMGAAr732Gl9//TWZmZnk5+fz008/Wc+JiIiIiIiIiMhfZxMzsB544AFeeOEFvL29Wb58ORkZGXTv3r3ENc7Ozrz++usEBASwb98+Tpw4waBBg6rcx8SJE2nSpAlbt25lzpw53HrrraWuGTduHC+//DI33XQTO3bsYO3atbi5ueHk5FRmm/feey/vvvsut9xyC9u2bWP37t2Eh4fzwQcfcMcdd/yxQRARERERERERkTIZLBaLpbqLEBERERERERGRG1vxllC7du2q8nvCwsIAG5mBJSIiIiIiIiIiUh4FWCIiIiIiIiIiYtMUYImIiIiIiIiIiE1TgCUiIiIiIiIiIjZNAZaIiIiIiIiIiNg0BVgiIiIiIiIiImLT7Ku7AID4+Hiio6NJS0ur7lJE/hQPDw/atm1LYGBgdZciIiIiIiIicsOxiQArLi6OiIhwnJycMBgM1V2OyB9isVgoKCjg+PHjCrBERERERERErgKbCLCysrLw9PTEwcEBo1GrGuX6UlhYSF5eHllZWdVdioiIiIiIiMgNySYCLAAHBwccHR0VYMl1p7CwsLpLEBEREREREbmh2UyAZTQaMRqNWkIo153iz66IiIiIiIiIXB36q1tERERERERERGyaAiwREREREREREbFpCrBERERERERERMSm2cweWBX59NPPiImJ4dy5RFxdXQkPD+Phh/vh7OxsvSYqKpoVK1aSnJxMYGAAgwcPpmHDBtVYtYiIiIiIiIiIXAnXxQys9PR0Bg58lHfffYeRI0fw22+xLFoUaT1/4MBBFiz4kEceeZjZs98nNDSUadPe4eLFi9VYtYiIiIiIiIiIXAnXRYA1bNhQbr75Zjw9PWnYsAGdO3fi0KHD1vMbNmwgNDSUiIgInJ2d6d27FyaTiW3btldj1SIiIiIiIiIiciVcFwHW5Q4dOky9evWsr0+ePEmDBvWtrw0GA/Xq1ePkyZPVUZ6IiIiIiIiIiFxB112AtW7deg4cOMAjjzxsPZadnVNiPywAFxdnsrOzr3V5IiIiIiIiIiJyhV1XAdZ3333PqlVf8corL+Pj42M97uzsVCqsysrKLhVqiYiIiIiIiIjI9ee6CbBWrFjJmjXfMWHCywQE+Jc4FxQURFzccetri8XCiRMnCAoKutZlioiIiIiIiIjIFXZdBFhLly5j06bNjB8/lpo1a5Kfn09+fr71fMeOHYmJiSEmJoa8vDy++upr8vPzufXW1tVYtYiIiIiIiIiIXAn21V1AZXJycli9eg0A48e/bD1ub2/PRx8tAKBp0yY88cTjLFq0mJSUFAIDAxgzZjSurq7VUrOIiIiIiIiIiFw5Nh9gOTk5ERn5caXXtW/fjvbt212DikRERERERERE5Fq6LpYQioiIiIiIiIjI35cCLBERERERERERsWkKsERERERERERExKYpwBIREREREREREZumAEtERERERERERGyaTXwLoYuLC7m5eZhMJoxGZWpyfSksLMRgMODi4lLdpYiIiIiIiIjckGwiwGrUqBH79/9GVlZWdZci8qe4uLjg4+NT3WWIiIiIiIiI3JBsIsDy8/PDz8+vussQEREREREREREbpPV6IiIiIiIiIiJi0xRgiYiIiIiIiIiITVOAJSIiIiIiIiIiNk0BloiIiIiIiIiI2DQFWCIiIiIiIiIiYtMUYJVjwYIFfPbZZ6WOnzt3jrFjx3L69OlqqOrKSk1NZcCAAZjN5mvS3wcffMBXX311Tfq6krZs2cLrr79e3WX8YWfPnuWxxx77U+/9K/d8LcZr9OjR7N27t9Tx7du3889//pOcnJyr2r+IiIiIiIhcW/bVXQDA7t27mTJlCgBGoxE3NzcaNmzI3XffTfPmzaulpttvvx0HB4cSxzIzM/nvf//LyJEj8ff3r5a6riRnZ2cGDx6M0agcsyINGjTg3nvvvSJtRUVFsW7duusyELMlvXv3LvU7GBcXx9q1axk3bhxOTk7VVJmIiIiIiIhcDTYRYAG4uroyZ84czGYzSUlJbN26lalTp/LEE0/QsWPHP9xeQUEB9vZ//vaaNWtW6liNGjWYNGnSn27zavgr9+no6Ej37t2vcEU3Hj8/P/z8/Kq7DLlE+/btSx2rX78+EyZMqIZqRERERERE5GqzmQALwM7ODjs7O/z9/enbty9Go5FPPvmEDh06YGdnx+OPP86bb75J3bp1AVi3bh2//vor48aNIykpiVGjRjFw4EA2bNiAm5sbEydOZMWKFWzcuJH09HS8vb3p06cPbdu2tfa5bds2vvzySxITE3F1deWRRx7h9ttvZ8GCBbi5udGvXz8AYmNjWbx4MWfPnsXHx4cBAwZwyy23ADBnzhwcHBxITk4mKSkJo9HI008/Tf369cu8z4pq2rRpExs2bMDX15fExEQyMzPp2bMn7dq1s57fuHEjderU4dChQ7Rq1Yo+ffqwZMkStm/fjsViITw8nIEDB+Lg4MCkSZMIDw/nwQcfBIqW8eXn5zNq1ChSU1N57rnniIyMxM7OjhEjRnDPPfewYcMGzp07R1hYGEOHDuXjjz9mx44d+Pj48MILLxAYGAjAzp07+fzzz0lMTMTZ2ZkOHTrw8MMPYzAYAIiJiSEyMpLU1FRatWpFfn6+dQzOnj3L/PnzOXnyJAaDgZtvvpknnngCNze3MscsIyODyMhI9u7di8FgoF27dvTv3x87Ozs2bdrEpk2bCAgI4NChQ+Tk5NCnTx86dOhQZltz5szB1dWV06dPExsbi7+/P6NGjWLLli2sWbMGo9HIY489xu233w4ULYlbu3Ytr7/+uvVzNnjwYDZt2kRmZiZhYWEMHjwYgGPHjjFt2jTmzJlj7W/WrFk0aNCAVq1aERkZSXZ2NiNGjABg2rRpGAyGMp+fs7Mzubm5zJ8/nz179lBYWIi3tzcvvvhimYFabm4uCxYsYNeuXbi5uXHPPfdUeQwrU9nvUUUq67e830Gz2cyqVavYvHkzaWlp+Pr6Mnz4cAICAhg9ejRDhgyhRYsWAKxdu5Y1a9aQkZFBw4YNefzxx61jNGLECDp37syuXbu4ePEitWvX5vnnn8fV1bVK9YuIiIiIiEj1s6kA63Jt2rThiy++4NSpUwQHB1d6vcViISkpybocEcDX15dJkybh5eXF7t27mT59OiEhIdSuXZv9+/czf/58Ro4cyc0330x6ejppaWml2k1JSWHq1KkMGzaM2267jZiYGP7zn/8wdepUfH19gaIw51//+hc1a9Zk3bp1fPjhh/zrX/8qs86KagI4dOgQDzzwAK1atSIxMZEJEyYQFBRkDY4OHjzIPffcw1NPPYXFYiEyMpKTJ0/y1ltvYWdnx6xZs1i0aBFPP/00w4cP59VXX6VFixacO3eO2NjYEuNzuS1btjB+/HhMJhOvv/46r732Go899hjPPPMMy5YtY/Hixbz88stA0Qyu5557jsDAQM6cOcPbb79NQEAA7du3Jzk5mRkzZvDCCy8QHh7OTz/9xNy5c2nQoAEAhYWF9OrViyZNmpCXl8cHH3zA0qVLeeqpp8qsa9asWfj4+DB9+nTy8/OZPn063377LT169ADgwIED9O7dmyeeeIL4+HgmTpxIWFhYuSHFTz/9xNixYwkODmbOnDm8+eabdOjQgffff589e/Ywe/ZsWrVqVWoZKRR9zlJTU3nzzTfJycnhpZdeIjQ0lJYtW5Y7rgB16tRh0KBBpZYQLlq0qNzn9+OPP5Kens57772Hg4MDCQkJ1KhRo8z2ly5dSkpKCjNnzqSgoIB33nnnD41hRSr7zFakon4r+h1csWIFO3fuZPz48fj5+ZGQkICzs3Op9nfs2MGKFSsYP348/v7+LF++nGnTpjF16lRrSBYbG8urr76KyWTivffe4+uvv+aRRx6ptHYRERERERGxDTa9+ZGXlxcAFy9erPJ7evbsicFgsM4Catu2Ld7e3hgMBkJDQ2ncuDGHDh0CYP369XTt2pXmzZtjMBjw8PAgKCioVJvbtm2jQYMGtG3bFjs7O1q1asXNN9/M1q1brdfcfvvt1KxZE4CwsDCOHz+OxWIps8aKaoKisKBVq1YA1K5dm9atW5foq27dutx6660AGAwGoqKi6NevHx4eHri6utK/f3+io6OxWCz4+fkxaNAg3nvvPRYuXMjzzz9fbgACcN9991GzZk3c3d0JCwvDz8+P0NBQ7Ozs6NChA3FxcdZrmzdvTlBQEAaDgbp169KpUydiY2OBos20GzVqRKtWrTAYDNxxxx0lxrZu3bq0aNECk8lEjRo16Nmzp/W9lztz5gwHDx5kyJAhODk54ebmRu/evUuMSb169ayzcQICAvDw8Khwo/02bdrQqFEjTCYT7dq1IyMjgz59+mAymWjVqhVGo5Fz585VOE4ATk5ONG3atMS4/FEVPT97e3syMjKs9+Lv71/uLLXo6Gj69u2Li4sL7u7u9OzZ03quKmNYkco+s+WprN+KfgfXr1/PgAEDqFOnDgaDAX9/f7y9vcscvy5duhAcHIzJZOKhhx4iLS2NI0eOWK/p2rUrJpMJgNDQ0L/0vEREREREROTas+kZWCkpKQBVXupT/AfwpbZu3cqaNWtITk7GaDSSnp5OeHg4ABcuXKh01kxxHT4+PiWO+fj4kJycbH19aY0ODg6YzWYKCgqsfzRXtSYAT0/PEtd7enqW6Ks42APIz8/n4sWLJerz8fGhoKCA9PR0PDw8aNOmDUuWLCEwMJCmTZtWeK+Xtu3o6FiiFgcHhxLf7hYXF8dnn33G6dOnsVgs5OTkWNtPSUkpNTuneLYaFC0rW7JkCQcPHiQ/P5/CwkLy8vLKrOn8+fMUFhYyZswY67HCwsISS98u/4xcXmtF9+ng4IC7u7s19Kzs/QaDoUQI6ODgQHZ2drl9VaSy59epUyfS0tL44IMPSE9Pp02bNgwcOBBHR8dS7WRmZpZo59LxrsoYVqSyz2x5Kuu3vN/BgoIC0tLSqrT3WHJycola7Ozs8Pb2tv73AygR+v2V5yUiIiIiIiLVw6YDrF9++QVXV1fr0jknJ6cS+yhlZGRU+P6kpCTmzp3LxIkTadiwIQCTJ0+2nq9Zs2aFs2yKeXl5cfjw4VJtN27cuMr3UtWaiq+xWCzWQCUxMbHcpVomkwlXV1eSkpKoVauW9f12dna4u7sDEBkZSYMGDTh9+jRRUVFlboD9Z8yYMYMHHniAMWPGYGdnx8qVKzl69ChQNGbx8fElrr90eeYnn3yCxWJh8uTJODs7c/DgQaZOnVpmPzVr1sRkMjF9+vQqBy7VxcnJqVQQd+nn9NKQDCp/fgaDgb59+9K3b1/Onz/P9OnT+f7770st+yueyZaWlmadpZSammo9/1fGsCqf2fJU1m95v4P29vZ4eHhY95yriLe3N0lJSdbXZrOZ5OTkEiGliIiIiIiIXN9sagmh2WwmLy+PhIQEvvzyS1auXMmAAQOsf/jWq1ePmJgYoCgU2Lx5c4XtZWdnYzKZrJu+x8XFceDAAev5u+66ix9++IH9+/djsVhIS0vj5MmTpdpp3bo1x44d4+eff8ZsNvPrr7+yf/9+2rRp84fvsbKaoGj20urVqyksLCQ2Npbt27dX2Fe7du34/PPPSU9PJzMzk08//ZT27dtjMBjYsWMHv/76K88//zzPPfccCxcuJDEx8Q/XXZasrCwCAwOxs7MjIyODn376yXqudevWxMbGWkOsw4cPl1hylpmZSZ06dXB2dsZsNrN27dpy+6lbty4hISEsXLiQzMxM615n+/btuyL3cSX5+PhgMBisgefRo0dLPF8PDw8uXLhQIoit6Pnt37+fhIQELBYLrq6uODo6YjSW/Wvbtm1b1qxZg8ViobCwkDVr1ljP/ZUxrMpntjyV9VvR72Dnzp1ZunQpZ8+exWKxkJCQUGIm4qXjt27dOk6ePElBQQHLly/H3d2dkJCQKtUoIiIiIiIits9mZmBdvHiRQYMGYTAYcHd3p2HDhowdO5bmzZtbrxk4cCBz5szhl19+wdPTk/DwcM6cOVNum0FBQXTp0oUJEybg4eFB3bp1adasmfV88TffLVq0iMTERNzc3BgwYECpfbC8vb0ZM2YMS5YsYd68edSuXZt//OMfVVre9EdrAmjatCmJiYk8/fTTODs7M3To0DL35irWv39/lixZwvjx47FYLISFhfHYY4+RnJzM/PnzGT58OG5ubjRt2pRu3brx/vvvM2nSpD9c++WGDh3K/PnzqVGjBjVq1CA0NNQajnl7ezN8+HDef/99atSogY+Pj3VfL4CHHnqI//73v+zcudO671RxOFmWESNGsGzZMsaNG0dOTg61atXi7rvv/sv3cKWZTCaeeuop5syZg5ubG35+fta9uaDo2davX5/nnnuOwsJCZs+eXe7zg6IleAsWLCA1NRVHR0fCw8Pp3r17mX0/8sgjLFiwgJdfftm6h9nevXut5//sGFblM1uRivqt6HfwwQcfxGAwMHnyZDIyMvD19eWFF14o1X7r1q1JTk7m3XfftX4L4dixY21+tp6IiIiIiIhUncFS3k7jUi02bdpEVFQUEyZMqO5SRERERERERESumPT0dAB27dpV5feEhYUBNraEUERERERERERE5HIKsERERERERERExKZpCaGIiIiIiIiIiFx1WkIoIiIiIiIiIiI3LAVYIiIiIiIiIiJi0xRgiYiIiIiIiIiITVOAJSIiIiIiIiIiNk0BloiIiIiIiIiI2DQFWCIiIiIiIiIiYtMUYImIiIiIiIiIiE1TgCUiIiIiIiIiIjZNAZaIiIiIiIiIiNg0BVgiIiIiIiIiImLTFGCJiIiIiIiIiIhNU4AlIiIiIiIiIiI2TQGWiIiIiIiIiIjYNAVYIiIiIiIiIiJi0xRgifwF5pgYMjp1whwTU92liIiIiIiIiNywFGCJ/AmW1FTrvwUbN5Y6LiIiIiIiIiJXzg0dYKWmphIREUFERAR79+792/V/tfTr14+IiAgWLlxY5fd88cUXRERE0KtXr6tY2bWTOWQI6WFhmHfvBsC8ezfpYWFkDhlSzZWJiIiIiIiI3HhsJsDKy8vjo48+on///rRr14527drx8MMPM3/+fHJycqq7PJsTGRlJREQE/fr1q+5S/pZMHTtirFePnOnTAcieNAljvXqYOnas5spEREREREREbjz21V0AQG5uLs8++yx79uwBoEmTJhgMBg4cOMDcuXPZvHkz8+bNw9nZucz35+fnYzKZrmXJ15W/+/hcjft3HDUKhyFDyOjUCSNg8PKixsKFGDw9r2g/IiIiIiIiImIjAdZnn31mDa/efvttunTpAsBPP/3EP/7xD2JjY/nkk0948skn+eKLL3j77bcJCAigV69eLF26FGdnZ1auXEl8fDxvvvkme/fuxc/Pj6FDh5bqq6CggOXLl7NixQri4+Px9PSkffv2PP/887i5uQHQrVs3kpOTGTRoEAcOHOC3337Dy8uL0aNH06FDh3Lv41r1P2XKFD7//HMAjh07RkREBADLli0jJiam3PFJS0tj/vz5REVFkZSUhK+vL3feeSdPPvkkrq6uZd5TdnY277zzDhs3bsTe3p5BgwaVed3x48eZPXs2e/fuJTMzkwYNGvDUU0/Rtm3bcserLNu2beOjjz7iyJEjZGZm4u/vz6uvvkrLli159tln2b59OwMHDmTUqFEA9OrVi/j4eF566SX69u1b7ufj008/5d1332XTpk2kpqbi7OxMYGAgL7zwAq1btwYgKiqKhQsXcvToUYxGIyEhIQwbNsw6vpeypKaS0akTlpQU3GNiSA8NJaNTJ9w2bFCIJSIiIiIiInKF2cQSws2bNwMQEhJiDa8AOnToQPPmzYGiMOtS8fHxLFq0iNatWxMaGkpBQQEjRoxg+/btuLu706RJE955551SfU2dOpVp06aRmprKwIEDCQoK4osvvuDZZ5/FbDaXuHbp0qXUr1+fZs2aER8fz8SJE8tdzngt+4+IiCA0NBQADw8P+vfvT//+/fG8JDi5fHzy8/MZNmwYy5Yto7CwkLvvvpusrCwiIyMZPnw4hYWFZd7XlClTWLVqlbXfL774guPHj5e45tSpUzz22GP8+OOP3HLLLfTr149jx44xYsQINl6ywXll1q5dy3PPPcf27dvx9/fn3nvvxcXFhXPnzpW4zmAwVNrW5ff/+eefs3z5cry9vXnqqafo1asXTk5O1ra/++47Ro0aRUxMDBEREbRo0YKdO3fyzDPPEBUVVap9g6cnTiNHWmdducyYgdPIkQqvRERERERERK4Cm5iBlZKSAoCfn1+pc3Xq1GHfvn0kJyeXOjd//nwaNmwIwC+//MLJkycBmD17NsHBwWzevJkXX3zRen1GRgYrV64EYMSIEbRt25YHH3yQ3r17c+DAAbZv306bNm2s1/fr148XX3yRc+fOcd9993Hx4kVOnjxJ48aNS9Wyc+fOa9b/XXfdRUJCAjExMdSsWZMxY8aUOa6Xjs/mzZs5duwYAHPnzqVOnTrExsYyaNAg9u3bx549e6yhWLG8vDxWr14NwIsvvkifPn1ISUnh3nvvLRF4LV++nKysLEJCQnj55ZcBsFgsfPzxx3z88cd0rOK+UIsWLQKgffv2zJgxw3q8oKCgxHVGY9Vy10vvf968eQC4uLgQGBhIUFAQzz//PPb2Rb8CixcvBuD+++/n9ddfB2DUqFFERUWxZMkS2rdvX6p9h0s2bDfdIJvTi4iIiIiIiNgimwiwimcOnT17ttS54mPe3t4ljvv4+FjDiUuvc3BwIDg4GCjaS+tSiYmJ1uDltddeK9XXyZMnSwRIxUHVpcvrsrKyyryH6u7/cuWNj7OzM3Xq1AEo83x59d50000AeHl54evrS3x8vPW6M2fOAHDkyJESM+igaHZWVRXXEBYWVuJ4cchUlsvDrWKX33+fPn3YsWMHv/76KzExMUDRuL722mt07tzZ2ndISIj1PSEhIURFRZU5NiIiIiIiIiJy7dhEgHXHHXcQExPDkSNH2LBhA506dQIgOjqavXv3ApSaAePo6Fjita+vL1A0ayg5ORlvb28SEhJKXFO7dm2MRiOFhYWMHDmyxEwqs9lMvXr1SlxfPNOnKkvWrnX/dnZ2AOUu/bt8fIpnt2VnZ3P27Fn8/PysM7Iurf9SPj4+GAwGLBYLZ86coXnz5uTk5HDhwoUy2w4JCeEf//hHiXPl1VcWPz8/UlNTiYmJYfDgwdbjBQUF2Nvb4+LiAkBaWhoAqampnD9/vsy2Lr9/b29v5s2bR0ZGBseOHWPVqlV89dVXLFiwgM6dO1v7Pnr0qPU9xT+XNTYiIiIiIiIicu3YRIDVr18/fvzxR/bt28fYsWNp2rQpBoOB2NhYoGgm06OPPlphGxEREQQEBBAfH8/YsWPp2LEjq1atKnGNm5sbPXr0YOXKlSxbtox77rkHk8lEfHw8W7Zs4ZNPPvnT93Ct+y+eRXXq1Cn+/e9/4+rqat3YvCy33347wcHBHD9+nKeffprWrVsTHR0NwM0330zLli1LvcfR0ZF7772Xb7/9lhkzZpCQkMDOnTvJzs4ucd2DDz7I8uXLOXLkCCtWrKBx48akpKSwb98+GjZsyO23316le3rsscd45ZVX+Omnn3j88cdp1KgRx44do1+/fnTr1o1mzZqxadMm1q5di5ubG9u2bSt3BtblFi9eTHR0NE2aNMHDw8M6M6x4Zt+AAQN47bXX+Prrr8nMzCQ/P9+679qAAQOq1IeIiIiIiIiIXB02EWA5OTkxd+5cFi9ezA8//GCd+RIcHEyXLl0YPHgwTk5OFbZhb2/PrFmzmDx5Mvv37yc9PZ0BAwYwefLkEte99NJLNGrUiJUrV/Lpp59iMBjw9fWlW7duuLu7/+l7uNb9d+jQgW7duhEdHc3KlSsxmUwVBlgmk4n/+7//Y968eURHR7N69Wpq167NwIEDefLJJ8vdV2rcuHEYjUY2bdrEZ599Ro8ePUhISCixkXu9evVYtGgR8+bNY8+ePWzcuBEPDw8aN27MnXfeWeV76tatGx4eHtZvITxw4AD+/v7WGVD9+/fn8OHDbNmyhfXr19OjRw8yMjJKzXQrS/369Vm3bh0rV64kOzsbd3d3OnXqxOjRowG49957cXV1ZeHChWzbtg2j0Uh4eDhPPvkkt912W5XvQURERERERESuPIPFYrFUdxEiIiIiIiIiInJjS09PB2DXrl1Vfk/xPtlV+zo3ERERERERERGRaqIAS0REREREREREbJoCLBERERERERERsWkKsERERERERERExKYpwBIREREREREREZumAEtERERERERERGyafXUXABAfH090dDRpaWnVXYrIn+Lh4UHbtm0JDA1yh9AAACAASURBVAys7lJEREREREREbjg2EWDFxcURERGOk5MTBoOhussR+UMsFgsFBQUcP35cAZaIiIiIiIjIVWATAVZWVhaenp44ODhgNGpVo1xfCgsLycvLIysrq7pLEREREREREbkh2USABeDg4ICjo6MCLLnuFBYWVncJIiIiIiIiIjc0mwmwjEYjRqNRSwjlulP82RURERERERGRq0N/dYuIiIiIiIiIiE1TgCUiIiIiIiIiIjZNAZaIiIiIiIiIiNg0m9kDqyLR0VtYv349J0+eIi8vj0WLFlZ3SSIiIiIiIiIico1cFzOw3Nxc6datGw8/3K+6SxERERERERERkWvsupiBdcsttwCwa9euaq5ERERERERERESutetiBpaIiIiIiIiIiPx9KcASERERERERERGbpgBLRERERERERERsmgIsERERERERERGxadfFJu6FhYWYzWbMZjMA+fn5AJhMpuosS0REREREREREroHrIsDavPknFiz40Pr6iSeGAjB79vu4ublVV1kiIiIiIiIiInINXBcBVseOd9Kx453VXYaIiIiIiIiIiFQD7YElIiIi/8/efYdHUe1/HP/sbjY9pJBO71UggIgREJCAvSOCiOXiRVFRxAKIiqjYBbFfy09UFPSK1+tVLJRIkyKGYkAESSiSSnrbbHbn90fIQoAAgWAGfL+e5z6T2TNz5jsz8SIfzzkLAAAAmBoBFgAAAAAAAEyNAAsAAAAAAACmRoAFAAAAAAAAUyPAAgAAAAAAgKmZ4lsI/f395XCUy263y2olU8Ppxe12y2KxyN/fv75LAQAAAADgjGSKAKtNmzZKTt6skpKS+i4FOCH+/v6KiIio7zIAAAAAADgjmSLAio6OVnR0dH2XAQAAAAAAABNivh4AAAAAAABMjQALAAAAAAAApkaABQAAAAAAAFMjwAIAAAAAAICpEWABAAAAAADA1AiwAAAAAAAAYGoEWAAAAAAAADA1AiwAAAAAAACYGgEWAAAAAAAATI0ACwAAAAAAAKZGgAUAAAAAAABTI8ACAAAAAACAqRFgAQAAAAAAwNT+NgHW4MGD1bNnT33zzTf1XQoAAAAAAABqwRQB1ubNm9WzZ0/17NlTeXl5p+QaHTp0UOfOnRUaGnpK+gcAAAAAAMCp4VXfBfxVXn755fouAQAAAAAAACeg3kdgLVy4UKNGjfLsDxo0SD179tS8efMkSTt27ND999+vCy+8UH379tWIESM0f/58ud1uSVJqaqpn9NbHH3+sESNGqF+/frrtttuUmprq6fdIUwjXrFmjO+64QwkJCYqPj9fQoUO1YcOGv+jOAQAAAAAAcDzqPcBq2rSphgwZ4tm/+uqrdf3116tdu3bauXOnRo0apcTEREVHR2vgwIFKSUnR9OnT9eqrrx7W17x585SQkKD27dsrKSlJd911lxwOxxGv+/3332vs2LFau3atGjVqpIsvvlj+/v7KyMg4ZfcKAAAAAACA2qv3KYRt27bVDTfcoO+++06SNHbsWIWEhEiSZsyYobKyMjVu3FjvvfeerFar2rRpo5kzZ2revHm64447qvU1adIk9e7dW0OHDtWgQYOUnp6un376Sf379z/suh988IEkqU+fPpo5c6bn84qKilN1qwAAAAAAADgB9T4C62jS09MlSc2bN5fVWllqq1atJEkOh+OwBd8bN24sSQoMDFRwcHC1PmrqOy4urtrnXl71nukBAAAAAADgIKYIsGw2m+fnqrWtJCk6OlpS5TpXVZ//8ccfkiQfHx/PSK0qW7dulSRlZWUpNze3Wh+Hqvp8/fr11T5nBBYAAAAAAIC5mGK4UVRUlCwWiwzD0LRp09S4cWPdcMMNuuqqq/T5559rz549Gj16tJo2barvv/9ekjR06FDZ7fZq/Tz11FNaunSpNmzYILfbraioKPXu3fuI1xw1apQmT56sZcuW6ZZbblGbNm20Y8cOXXfddRo8ePApv2cAAAAAAAAcH1OMwAoJCdHdd9+thg0bavny5Zo7d66ys7PVvHlzvf/+++rfv7/27t2rhQsXqlmzZpo4caLuvvvuw/qZMGGCfvvtN2VlZalbt2565ZVX5Ovre8RrDh48WK+99pp69uyp3bt366uvvlJeXp6ioqJO9e0CAAAAAACgFiyGYRj1XcTJSE1N1bXXXitJ+vrrrwmgAAAAAAAATKigoECSlJSUdNznVK1dbooRWAAAAAAAAEBNCLAAAAAAAABgaqZYxP1kNG/eXD///HN9lwEAAAAAAIBThBFYAAAAAAAAMDUCLAAAAAAAAJgaARYAAAAAAABMzRRrYO3Zs0crVqxQfn5+fZcCAABOkeDgYMXHx6tJkyb1XQoAAABOM6YIsFJSUtSzZ3f5+vrKYrHUdzkAAKCOGYahiooKpaamEmABAACg1kwRYJWUlCgkJETe3t6yWpnVCADAmcbtdqu8vFwlJSX1XQoAAABOQ6YIsCTJ29tbPj4+BFgAAJyB3G53fZcAAACA05hpAiyr1Sqr1coUQgAAzkBVf84DAAAAJ4J/kwQAAAAAAICpmWYEFgAAOD0VFhYrNzdXZWVlCg0NVUhIiOx2W32XBQAAgDMII7CO4KefVmnSpMmnrH+n06kbb7xJ6enpp+waAACcak6nSxs3/qqVK1dqy5YtSklJ0S+//KLFixdr48Zf5XS66rtEAAAAnCFOqxFY//nPl/r88/kaM+af6tPnvPou54TZbDbdeONINWjQ4ITO37Ztu6ZNe0KSZLFY5O/vr9jYGPXs2VMJCYNkt9sPO06SgoOD1aXLWRoxYrgCAwMlSdnZ2fr88/nauHGTiouL1bBhQ8XHn6vLL7/M0w8AAIdyOl1auXKlysrK5Ovrq9DQUPn6+iovL0+5ublKS0tTbm6uBg4cKJfLWd/lAgAA4DR32gRYhmHoxx+XKiAgQIsXLz6tAyyr1arBgxNOup/XX39V/v7+Kioq0rZt2zRv3mdau3atHn54sry8vA477s8/9+rVV1/TRx/N0e23j9G+ffs0deo0tWrVSpMmTVTDhmFKSUnR//3fbG3f/oceeGACC+4CAI5oy5YtnimDcXFx1aYMFhYW65dfflFZWZm2bNmitm1b12OlAAAAOBOcNgHWxo0blZOTo/Hj79GLL87Q7t171KRJY097RkaGPvlknrZv367y8nI1bdpEEybcJz8/P/3rX28rOXmziouLFRYWpssuu1R9+/bxnLtt23bNnj1bGRmZatq0ibp06VLt2mVlZfrss3/rl1+SVFpaqtatW+vmm0cpPDxckvTww1PUq1cvJScna/v2PxQTE6077rhdKSmpmj//CxUXF+u88+I1atSNslgscjqduvXW0Xr++WcVHR2t5ORkffbZv5WWli6bzab27dtr1KiRCgkJOeozsVqtstlsCg4OVs+ePdWoUSNNnjxFy5Yt14AB/Q87rmnTJurd+xytXr1GkvTvf3+uoKBA3XPP3Z6gqmPHjpowYbwmTpysVatWKz7+3JN7cQCAM05hYbHS0tLk6+t7WHglSUFBAerevbtWrlyplJQUtWjRQl5e/AcRAAAAnLjT5t8mFy9OVNeuXdWtWzc1bdpEiYmJnrbS0lJNn/6MIiLC9fzzz+qNN17T0KFDPaFM69at9eST0/T2229p5MgR+r//e1+pqTslSUVFRXrhhRfVr18/vfXWGxo5cqQWLlxU7dpvvvkvZWRkaurUR/Xqq7PUtGkTzZz5sgzD8ByzdOkyjRgxQm+++bqaNGmiGTNe1m+//aYnn5ymadOmatWq1UpKSjrivVmtNo0cOVKvv/6qnnvuGVVUVOj99z+o9TOKiYlRq1YtlZycfMT2oqIibdiwQbGxsZKkDRs2Kj4+/rBRVtHR0WrXrp02bNhQ6xoAAGe+3NxcSZV/7tS0WHtQUIBCQ0MlSXl5eX9ZbQAAADgznRYBVm5urtavX6/zz+8rSerXr5+WL1+h8vJySdK6db/IarVqxIjh8vPzk81mU7t2beXj4yNJGjhwgIKCgmSxWNSlSxd17txZmzdvliT9/PM6hYSEaPDgBFmtVrVo0Vznn9/Pc+2cnBytW7dOt9xyk4KDg+Xl5aVrr71G6ekZ2r17j+e4AQP6q3nzZvL29lbfvn2UmZmpESOGKyAgQNHR0ercuZN27Eg54v116NBerVu3ks1mU2BgoK6++qoaQ6hjCQsLU1FRcbXPHnxwou68827dddc4+fsHaOTIEZKkwsJChYWF1dBPqAoKCk+oBgDAma2srEyS5Ovre9TjqkYSl5aWnvKaAAAAcGY7LaYQJib+qMDAQHXr1k2SdN558Zo7d55WrVqtfv36KisrS5GRkbJYLEc8/5tvFmjlypUqLCyS1WpVYWGhGjduJKkyoIqMjKx2/MH7mZlZkqRnn32+2jE+Pj7Kz8+T1ESSPP+VWZK8vX3k4+OjgICAasdX/Qv/of788099/vkX2rlzpyoqKmQYhsrKyuR0Omu9kHpOTs5hUw+nTJksf39/BQUFVRttFRQUpJycnBr6yVVw8IktMg8AOLNVBVc1/blWpWrklZ+f3ymvCQAAAGc20wdYVYu3FxcX6557xns+d7vdSkxMVL9+fRUREaGlS5fJMIzDQqx169ZpwYJvNWnSQ56pczNmHJj+FxYWpvXr11c7Jz8/3/NzeHhDSZUh0Il+a+CxvP76G4qLi9Ptt/9T3t7e2rlzl6ZMeaTW/aSnp2vHjhSNHHlDtc8bNGhQLUyr0qXLWVq1apUuvfSSas8tMzNTW7du1W23ja79zQAAznhV/9EmLS1NLVq0OOI0wsLCYs9Uw2Ot6QgAAAAci+mnEFYt3v7YY4/qySenef53//33adu27dq1a7d69Ogul8uluXPnqbS0VC6XS7//vk0Oh0PFxSUKDAxQVFSUJCk1dad+/fVXT/89enRXenqG57PCwkIlJv7oaQ8PD1ePHj30zjvvad++fZKk4uJirV69Ri6Xq07usbi4RI0aNZK3t7dcLpcWLFhwXOe53W65XC4VFhZq3bp1mjHjZTVt2qTaAvVHc+211yg3N0+zZr2qPXv2eL4t6sUXZ6ht27Y699zeJ3NbAIAzVFBQgGJiYlRWVqakpCQ5ndX/PKz6FkJJNQZcAAAAQG2YfgTWokVL1KNHD7Vo0bza5yEhIWrTprWWLFmim24apUmTHtInn8zThAkPyOVyqWnTJrrvvvE699zeSk5O1uTJUxQUFKiYmJhq3zIYFBSkCRPu05w5czR//hfy9w/QeefFa+3atZ5jxoy5Tf/5z5eaPv0Z5efnKygoSO3bt9PZZ/esk3u89dab9fHHn+j777+Xl5eXzjnnHK1YsfKY540de5csFot8fX0VGxujvn37aMiQwcc97TA8PFyPP/6YPv98vqZPf0YlJSUKCwtTfPy5uuKKyw9b3B0AgCodOnRQbm6ucnNztXjxYsXExMjX11d5eXmekVe+vr7q0KGDXC5nPVcLAACA053FOPir9OrJd999pz594uXj41PjOlYAAMBcnE6XtmzZorS0tMPaWrRoUW30lWEYcjgcWr58pYYMGfJXlwoAAAATKCgokCQlJSUd9zlxcXGSToMRWAAAwJzsdpu6dOmsFi1aKDc3V2VlZQoNDVVISAjTBgEAAFCnCLAAAMBJCQoKUFDQ4V8WAgAAANQVFjkCAAAAAACAqRFgAQAAAAAAwNQIsAAAAAAAAGBqplgDy9/fXw5Huex2u6xWMjUAAM40brdbFotF/v7+9V0KAAAATkOmCLDatGmj5OTNKikpqe9SAADAKeLv76+IiIj6LgMAAACnIVMEWNHR0YqOjq7vMgAAAAAAAGBCzNcDAAAAAACAqRFgAQAAAAAAwNQIsAAAAAAAAGBqBFgAAAAAAAAwNQIsAAAAAAAAmBoB1nG68847tW3btvouo1beffddffrpp6es/7y8PI0YMUIul+uwttmzZ2v27Nmn7NqnuwkTJmjTpk2e/QULFmjs2LEaM2aM/vzzzxqfKwAAAAAAf0emCLCWL1+uqVOn1ncZppKTk2P6EMPPz0833XSTrNbqv0aLFi2S2+3WTTfdVE+Vmd9VV12lRo0aSZIcDoc+/vhjTZs2TW+99ZbCw8OP+FwBAAAAAPi78qrvAnD68vHx0ZAhQw77/IILLqiHak4vffr08fycm5srLy8vhYeHS6r5uQIAAAAA8HdV7wFWWlqaPvzwQ5WWlmrcuHGSpOeff15eXl768ssvtXTpUhUXF6tDhw669dZbFRISIkkaN26cLrroIi1ZskQZGRmKi4vT6NGjNXv2bP3888+KiIjQ3XffrSZNmkiSvvjiCyUmJqqgoEBhYWG65pprFB8fX2NdX375pb799ltJ0iWXXFKtzeVyHbW2Q+3atUsffPCBdu7cqcDAQF111VXq16+fJGnv3r165513tHv3bklSs2bNNGXKFD377LOSpPHjx0uSxowZo44dO+rll1/W1q1bVV5ersaNG+uWW25R8+bNj+tZr1mzRvPnz1dWVpZiY2N18803q1WrVofdU35+vqKionTXXXepcePGKiws1EcffaRNmzbJ4XCoefPmmjJlivLz8zV27Fh9+OGHstlsKi8v15w5c7R27VoZhqHu3btr5MiR8vPzU1ZWlu69917ddNNN+vHHH1VcXKy4uLijjtI6Wr3jxo3TwIEDlZSUpKKiIkVGRurOO+9UYGBgnb2DqpqHDRumjRs3Ki8vT927d9f111/vGR11tH6P9kwnTJigm2++WUFBQXruuefkcDg0btw4NW/eXLfeemu153q0frKzs/Xee+9p27Zt8vf31+DBg3XxxRfLYrEc1+8EAAAAAACng3oPsGJiYnTjjTdq4cKF1aYRzp8/X7/88oumTJmikJAQzZ07V2+++aYmTpzoOWblypV66KGHZLfbNXXqVD366KMaNWqUbr/9ds2dO1cfffSRJk2aJEmKiorSY489ptDQUG3YsEEzZsxQ69atFRkZeVhNa9as0XfffadHHnlEERERmj17tvLy8jztX3755TFrq1JcXKynnnpKw4YN06RJk7R3715Nnz5dMTExatOmjebOnav27dvrkUcekdvt1vbt2yVJDz30kO666y7NmDFDNptNkmQYhrp27aoxY8bI29tbX3zxhWbNmqUXX3zxmIHFb7/9prffflsPPPCA2rRpo7Vr1+qFF17QSy+9JD8/P33xxRdat26dHnroIUVHR2vv3r3y8/OTJM2cOVNhYWF67rnn5Ofnp99///2I15g7d6527dqlp59+WjabTbNmzdIHH3ygMWPGeOrPy8vTU089pbKyMk2cOFHdunVT165da12vJG3ZskVTpkyR3W7XK6+8oq+++krDhw+vs3dQVXN+fr6mTJkih8OhJ598UosWLVJCQsIx+z3aM61SFQY+/PDDmjVrliRV+12TVGM/hmHopZdeUrt27TR+/HhlZGTomWeeUYMGDdS3b9+j/j4AAAAAAHA6Me0iOwsXLtTw4cMVHh4uLy8vDRs2TJs2bVJJSYnnmEsuuUQNGzZUgwYNFBcXp+joaHXr1k02m019+/ZVSkqK59j4+HiFhYXJYrGoW7duatu2bY1BzIoVK5SQkKDY2FjZ7XYNHz5chmHUqrYqq1atUqNGjTRw4EDZbDY1adJEAwYM0KpVqyRJXl5eysrKUlZWlmw2m9q1a1fjM7FYLBowYID8/Pxks9l09dVXKysrS7m5ucf1PIcMGaK2bdvKYrGoV69eioqKUnJysqTKdatGjBihmJgYWSwWNWrUSGFhYdq7d6+2bdum0aNHKzAwUDabTR06dDhiYLZ8+XJdd911Cg4OVmBgoK6//nqtWLGi2rOrGs3m6+urDh06VHtHtalXkhISEmS32yVJ3bp1q7Gvk30Hl156qaQDU/tWrFhxXP3W9Exrq6Z+9uzZoz///FPDhw+X3W5X48aNdeGFF2rZsmW1vgYAAAAAAGZW7yOwjqSiokJ5eXl64403qi1k7e/vr5ycHPn7+0uSQkNDPW0+Pj7VpvB5e3urrKzMs//TTz9pwYIFysnJkdVqVUFBgbp3737E6+fm5urss8/27AcEBCgoKKhWtVXJzs5WSkqKZ3pkVR+dO3eWJI0aNUqffvqpHnvsMdntdg0ZMuSwKYtVDMPQ/PnztXr1apWUlMhqtcrtdquwsPCYwUhWVpY2bdqkpUuXej5zOBzKz89XRUWF8vPzFR0dfdh52dnZCgkJkY+Pz1H7dzqdKioqUkREhOeziIgIVVRUqKCgQFJlABcQEOBp9/b2Vmlpaa3rrVL1To7V18m+g+DgYM/PISEhysnJOWa/R3umtXG0fnJzcxUcHCxvb2/PZxEREZ76AAAAAAA4U5giwDp0NI+Xl5eCg4N1zz33qE2bNifdf1ZWlt566y098sgjnjWUpk+fXuPxoaGh1YKSqnDmRGoLDw9Xu3btjji9UKoMRP75z39KkrZv367p06erbdu2ngW9D7Z8+XKtWbNGkyZNUmhoqAzDOO5v+gsPD1ePHj10+eWXH7E9ODhY6enp1QKoqvPy8vLkcDiOGmLZ7XYFBgYqKyvLU3vViKYGDRooOzv7uOo83npr29eJvIOqQDQzM9MTIGVkZHjCwmP1W9MzrY2q37cj9VP1e+p0Oj0j0bKysk5olBcAAAAAAGZmiimEwcHB2rdvn5xOp+ezQYMGac6cOcrIyJAkFRYWas2aNSfUf2lpqex2u2JjYyVJKSkp+u2332o8Pj4+XomJiZ4RPQsWLKg2Da42tfXq1Us7d+7UkiVL5HQ65XK5lJqaqp07d0qSVq9e7VnzKDg4WDabTTabTUFBQbJYLJ5rSJVrOQUHB3tGnn3//feqqKg4rmdwwQUXaMGCBdq6dasMw5DD4dDGjRs9o6MGDhyoTz75ROnp6TIMQ3v37lVOTo5iY2PVunVrvffeeyouLpbL5dKWLVuqPY8q5513nj777DMVFBSouLhY8+bNU58+fU5oQfFj1VsbJ/oOqnz66adyOBzKzs7W119/7Vn8/1j91vRMa6umfho3bqzY2FjNnTtXTqdTe/fu1Xfffcf6VwAAAACAM44pRmB16NBBLVq00NixY+V2u/X666/ryiuvlN1u17PPPqvc3FwFBQWpR48e6tWrV637b9q0qQYNGqSHH35YwcHBio2NVceOHWs8/pxzzlFaWpoeffRRhYWFqX379tWmK9amtqCgIE2ePFlz5szR3Llz5Xa71bhxY89i47/99ptmz54th8OhgIAAXXXVVWrZsqUkaejQoXr88cdVUVGhe+65R/3791dycrIefPBBBQQEqEePHjV+696hOnbsqH/84x/64IMPlJ6eLm9vb7Vu3Vq33XabJOnqq6+WxWLR9OnTVVhYqKioKN19992SpHvuuUcfffSRJkyYoIqKCrVo0UKTJ08+7BrXX3+95syZo4ceekiGYSguLk6jRo06rvpqW29tnOg7yMrKksVi0VlnnaUJEybI6XSqX79+GjRo0HH1e7RnWhs19RMWFqb77rtP7733nsaOHSs/Pz8NHjxYffr0qfU1AAAAAAAwM4txpKE0AJSVlaV7771Xc+bMqe9SAAAAAAA47VXNqkpKSjruc+Li4iSZZAohAAAAAAAAUBMCLAAAAAAAAJgaARZQg4iICKYPAgAAAABgAgRYAAAAAAAAMDUCLAAAAAAAAJgaARYAAAAAAABMjQALAAAAAAAApkaABQAAAAAAAFMjwAIAAAAAAICpEWABAAAAAADA1AiwAAAAAAAAYGoEWAAAAAAAADA1AiwAAAAAAACYGgEWAAAAAAAATI0ACwAAAAAAAKZGgAUAAAAAAABTI8ACAAAAAACAqRFgAQAAAAAAwNQIsAAAAAAAAGBqBFgAAAAAAAAwNQIsAAAAAAAAmJpXfRcgSUsSv6/vEgAAAIBTakD/wfVdAgAApy1TBFj8YQ4AAAAAAICaMIUQAAAAAAAApkaABQAAAAAAAFMjwAIAAAAAAICpEWABAAAAAADA1AiwAAAAAAAAYGoEWAAAAAAAADA1AiwAAAAAAACYGgEWAAAAAAAATI0ACwAAAAAAAKZGgAUAAAAAAABTI8ACAAAAAACAqRFgAQAAAAAAwNQIsAAAAAAAAGBqBFgAAAAAAAAwNQIsAAAAAAAAmBoBFgAAAAAAAEyNAAsAAAAAAACm5lXfBUjSf5Klx3+Q1u899rHNQ6UZl0tXdjr1dQEAAAAAAKD+mWIE1r1fHl94JUmpuZVhFwAAAAAAAP4eTBFg7cw7enuIr7RkzIFRV8cbdgEAAAAAAOD0Z4oA61hmXi71byW9P+zUXSMxMVFXXnllje0Oh0M9e/bU7t27JUmvvPKKpkyZcsx+CwsL1bNnT2VkZNRZrdnZ2erZs6fy8o6R/AEAAAAAAJwBTLEG1tHc20e6qWflz/3fPPqx5557rpxOpyQpKChIHTt21D333KO2bdvWeV3nn3++SkpK6rxfAAAAAAAAVGe6EVghvgd+7t+ycsF2Sbrl0+ObOvjcc89p1apVmjdvnvz9/TV+/HgZhlHndXbp0kW9e/eu834BAAAAAABQnakCrJt7SimTpG6xld82+MVNlZ/P/ll6/+fj68NqtcrLy0uRkZEaNmyYMjIylJOToylTpuj111+vduyVV16pxMTEap+9//77uvDCCzVo0CA999xzKi8vP+J1Dp1COHfuXF122WXq37+/EhISNGPGjGrHJyUl6brrrlOfPn10xx13KDMz09NWUlKiF154QZdeeqkGDhyoe++9V2lpaZ727Oxs3Xvvverfv7+uuuoqrVy58vgeBgAAAAAAwBnAVAHWvX2kEL/KBdu/uKny5w17pZs/rX1fFRUV+uGHHxQSEqLQ0NDjOmfv3r1KT0/Xf//7X82ZM0e//PKL3n777WOet3PnTs2aNUuvvPKKEhMT9d///lcJCQnVh82vYgAAHjVJREFUjvnqq680a9Ysffvtt/Ly8tJrr73maXv00Ue1Z88ezZ49W999951at26t+++/X263W5I0ceJEBQYG6ttvv9W7776r//73v7V4EgAAAAAAAKc3UwVY/d+sDKxC/CpHYeWXHXvdq0NNnTpVgwcPVr9+/ZSUlKRnnnlGVuvx3abVatW9994rb29vRUVFafTo0frqq6+OeZ6Xl5cMw9Bvv/2moqIi+fn5qXPnztWOuf322xUdHa3AwEBdccUVSk5OliRlZGQoMTFREydOVMOGDWW323XHHXdo165d+uOPP7Rnzx6tX79e48ePl6+vr8LCwnTbbbfV7qEAAAAAAACcxky1iHve/sAq8Xapa2zlz3lltetjwoQJio+PV2BgoHx8fGp1blhYmHx9DyzCFRsbq+zsbLlcrqOe16hRIz399NOaN2+ennzySbVu3VqjR49Wnz59PMdERkZ6fvb391dxcbGkylFfknTnnXdW69PX11fZ2dny9vaWn5+fGjZs6Glr0qRJre4LAAAAAADgdGaqAEs6EGL1b3V8i7YfKigoqFrYU8Xf3/+w9azy8vKq7efk5KisrMwTYu3du1fh4eGy2WyqqKg46nX79++v/v37q7y8XF999ZXuv/9+LVq06Jj1xsTESJLeeeedI0513LNnj0pLS1VcXKyAgABJ0r59+47ZLwAAAAAAwJnCFFMIm4VU388rk/6TXPPxXWNqf42OHTtq9erVcjgckqR///vfKioqqnaM2+3WrFmzVF5erszMTL333nu69NJLj9n3zp07tWrVKjkcDnl7eys0NFQWi0U2m+2Y50ZHR6t///564oknlJ6eLkkqKCjQDz/8oIqKCjVu3Fhdu3bV7NmzJUkul0sffvhhbW8fAAAAAADgtGWKEVgzr5Cmfi9tSDv2sc1CpKmDa3+NSy65ROvXr9ewYcMUFRWluLg4NWrUqNoxsbGxioyM1OWXX66KigoNGjTouNabKi8v15tvvqnU1FRZLBbFxsbq+eefl6+vr5xO5zHPf/zxx/X2229rzJgxysnJUXBwsHr06KGBAwdKkp5++mk9+eSTGjlypIKCgnTBBRdo8eLFtX8IAAAAAAAApyGLYRhGfRcBAAAAAACAM1tBQYEkKSkp6bjPiYuLk2SSKYQAAAAAAABATQiwAAAAAAAAYGoEWAAAAAAAADA1AiwAAAAAAACYGgEWAAAAAAAATI0ACwAAAAAAAKZGgAUAAAAAAABTI8ACAAAAAACAqRFgAQAAAAAAwNQIsAAAAAAAAGBqBFgAAAAAAAAwNQIsAAAAAAAAmBoBFgAAAAAAAEyNAAsAAAAAAACmRoAFAAAAAAAAUyPAAgAAAAAAgKkRYAEAAAAAAMDUCLAAAAAAAABgal71XcDxKCxxKHlnlpb/tlerf09XalqObHa70tKz67u001pMVEO5KirUPCZMvdvG6Lz2MerUPEJBfj71XZokqby8XHl5ecrJyVFOTo7y8vLk7W1XVhbv/XQUERGu8nKnQkJCFBYWprCwMIWEhMjb27u+SwMAAAAAmJzFMAyjvos4mvd+2KgX/rdBuSVOldn95bT7q9ynciuLRZIhySIZRuX+oVvaj9puLy+Wd3mJ7OXF8nWWKtTfrgcu66ZbBp31177oQ+zY8YdSUlLkcrkUHBys4OAGCgkJVoMGDWSxWGQYBtvTcJuXl6eCgkLl5eUpP79ANptNLVq0VMuWLev19w0AAAAAcOoVFBRIkpKSko77nLi4OEkmDrAc5S6d9/A8pRa5tS/soL/cVmUy7J+y/YbZO9SqgU0rpl8vLy+L/kput1s//pgou92u7t27/aXXRv345ZckVVS4dP75/WWx/LW/bwAAAACAv87JBFimXAPr26RUtf3Ha0p2hWhfWIv9n+5PWTx5G/unan9fw5ba5AxSq1tm6fsNu/RXyczM0KeffqpmzZooLq6rJEOV+SrbM3nbvXs3NW7cSHPnzlVWVmad/C4BAAAAAM4sphuB9dJ3m/Xsv9coM7LNgQ8NHRgpdPCW9lPeHpn1ux68prcmDOmgUyktba82b96s3r3PPqXXgbmtWrVWnTp1UnR0TH2XAgAAAACoY2fMCKz8EqdmfrSwMrwyjMogxTD2hyoHjRiq2qf9lLdnhrfRyx99r2KHq3YvsxYqpw0uVe/eZ6sqT2X799yec05PLVmS6NkHAAAAAEAyWYAVP3messJbHghTTDSt7u+8n92wlXpNnKtTJTFxic4+u7sntHC73fvLYP/vuN+zZ5x+/DFRAAAAAABUMU2A9f6iX5VZJpX5Bld+cPCIoL/BdmTXCBnT+8iY3kfRgfZ6r+fgbal/iLJKXJq3dLPq2o4dO+TtbVdkZLgMw5BhVIUZbs9+5Zcmuk9J+5IliRowIEH9+w/S3r1pf/n1zdo+c+bL6t9/kIYNG/GXXz86OkpWq0UpKSl1/vsGAAAAADg9mSLAKihx6MWv1is7tFnlB3UcwvSIDdAH17VTygNnq+yJPsp5pLc23dtDr1zWUt1iAkwREqkg48ADKS+p/3oO2WaFtdAzXyap2OFUXXE6nUpN3aEuXTrvv4xxxK3bfeTPj9ReUlKiiy++XAMGDNYTT0w/rH358hUaMCBBAwYMVmLiUlksh/8jcKzrZ2dna8CAwRowIEGLFi2pVX2nS7vFYpMkWSyWerl+XFwX7djxh5zOuvt9AwAAAACcvrzquwBJWr8jU1mFDsnPUOUC4pbK8OSwrWrdflfvGM28rJVs1spVyQ2j8hqdo/zVOcpfFmeZ7korPuH+a9vubbWo3K3D2w91ktf3tuoI1zm5+tPzS5W0PUN9OjWuk/eem5srp7NCkrE/K6sMSywWy/4wo2pfx93u6+unAQP665tvFmjFipUqLCxWYKC/p/377xdJkoKDg9Wnz3my2axasmTR/kfuOq7rH7wCfmUAVnf1n2h7eblTdrt3nfU/btydGjdu3P57q6iX+3M6ncrLy1NERESd/L4BAAAAAE5fpgiwFm7aLYfdb//fYj1/m5UM9yH7tWvvHuOvWZe3lsUipWXn6c6XPtR3q5NV4qxQWICvzuvSRl7hTSWjoSQp/eFzFRVo18zlf2r8//6QDLfmDu+oYV0jtO7PIvV8ZZ0kix4d2FRDzwpX42AfBfrYlFtaoaUp+Xromz/0R45DMgxd2zlcn43sKEm65sPNerB/E3WPDdStn27RnA3ZeuSCZrrz3Fj5e1v1n+R9WpX8x4EHsr/+KzuEaeKApmoZ5qsQXy+VOt1an1akJxbt1MLteZLhVri/XVmPxkuSHvhmh85p0kAXtQvT3PUZGj3/95N6foe2O7z8tHDT7joLsPbt26cGDQI9YYZ0YC2kyhCjal+1ar/wwiH65psFcjgcWrp0qS66aIgkiwoL87Vq1WpJ0uDBg2W1SomJiZo2rXKk1pw57ys6OlqpqTv19tvvasuWrSoqKlJQUJCaNWuqUaNGqqioUI8+Os1zD0888ZSeeOIpRUVF6uOPP9CKFSv1ySefau/eNBUXF8vHx1utWrXUyJE3qEePuBrr//HHZZo27SlJ0qRJD+rzz7/Qjh0pioyM0G233ap+/fpJqlzsvqreqVOnaN68f2vbtu26//77lJAwUKmpO/X++x9qw4aNKikpUVRUpC699GJde+01sloteumll/X11wvUokVzvfPOm57rT578qFavXqPu3eP0/PNP6+WXX9OXX37luS/Jog8++FBLly5TZmaWysrKFBgYqC5dztI//3mrYmMb1dn7q2pv0CBI+/ZlE2ABAAAAAMwxhXDLrmw57X46EJYYh4QpJ7Y/Oi7MM7jp1uc/0heZISqJGyrF36icDpfrq5yG+mJr4YHznaWSJCMv7UB/hZmVHZTkefrvG22Rd0WJftr4mxas3CCbq1zXdA7X9/84S3aLKvsryPTc35zr26ldqJeycvOlwizd0Ttajyc0U2SgXY7SUg1pGahnru1Z/aEYhjo3cKpZgLRp6w79b0WSsvblqF+LYH19c2d1iNj/vJxlnlOeSGimy9qHKGtfjtz56XX+PMvt/kremVUHb7xSbm6ugoKC9t/u0Rf2rk37WWd1UuPGjSRJP/ywyNO+ZMmPnilpQ4YMklQ1gqpK5cifJ56Yrp9+Wq2goCDFx5+r2NgYJSdv1q5du9WgQbDatWvnOaNRo0bq1KmT57OUlJ3KzMxUq1atFB8fr5CQUG3c+KsmT35EO3fuqrF+y0Gj8F54YYYiIyMVHR2tvXvTNG3adG3btu2weqdPf067d+9RSEiIrFaLdu3arXHjxmvZsuVq0KCBevXqpaysbL311jt67bU3JEmXXHLx/jpTtWNHigzDUEFBgdat+0WSdOmllxxynaqRi279+muyKipcOuuss9S79zkyDEPLli3Xgw8+LKezvM7eX1V7gwZBys3NFQAAAAAAphiBlZqWo3J7dPURPxZL5b7lkP1atHdqWHl7FS6XFhU2lBrGqHVDf217sJfn2sXlbgU+srTaND63Zzqdu3qh+/sfPn22srOzFREZpSB/P8XFrNK/p92ulg391atxgFbsKjx4lpm+Wble1097V0635NO6l35/pockaf22XYq/63m53G4tmXGf4ju32n+dyuu/8c1qTX/lbQWGRigsNFj+7hKtemWCgvx9dXW7QD2VWVztOnsy9qnP2GeUUVwun4imUrNeJ/X8Dm0vt/sqNe2gtbpOUl5enho3jj4oxKibrctVoQsvvFDvvPOuNmzYqPT0dEVFRXnCrNatW6tFi+ae0OQAQ4ZhaPfuPZKkO+64XX36xMtisaqsrEwFBXkKDQ3Vs88+rSuvvFqSdNtt/9AFF1wgwzBUXl6qK664QrfeeouKiopUUFCg8nKnxoy5QyUlJVq2bIVuuOH6Guuucscdt2vo0GtUVubQsGHDlZOTo88++1yTJj1Y7bhzz+2tadMel5eXTUVFhXr++RdVXFyiVq1a6d1335bNZtXChYv1+OPT9OWXX2n48GFq376tmjZtql27dikxcalatGiupUuXq6KiQgEBATr33HMOq6dqf+rUxxQaGqqcnByVlBRr+/YdmjLlEaWlpWnLlq0666xOdfoeGzQI0q5dfwoAAAAAAFMEWFabTU4v3/17B09nO8K2Fu0Wd8WBpqAoSVJZUZ7W/ZaqRhGhim4YLLmch5yvI+8faNDVV12txy9qo+gg78NaY70dh53/4tdJcna/RrLa5GOXmjYMlCR9vjJZpWddIVksmrvs1wMB1v7z23XuqremjVTn6IDDr+NzeN3/9/1qZbRKkLz95HC7jvl8atvutPvJWmGr4bnUnt3upaCgQGn/GlI1Ls11AtuEhIF69933ZBiGFi5crPPP76fNm7dIki6++CK53a6D1l6qUrnTvXt3rVmzRpMnP6yAgAA1b95U3bvH6ZprrpbLVSGHo9RzRkWFUw5Hsee6qak7NH78eKWk7DzsfnNycvZPjzty3VXi4rqorKxEFovUuXMnLV26bH9/RrXjrrtuqMrLS+V0SlarRVu3/i5J+uOPP9S//8Bq1zYMQzt2pCgsLFQXXTREb731thITf9TNN9+oxMSlkqQLLhgoLy+b5zkc/FwMQ1q0aKE++OAj5eQcPiqqcqRU3b7HBg0CZbeb4v+iAAAAAAD1zBR/O3S7XLIbJXJ6+e0fCVUVmuik9pN3Zqhv5xaye9k0sHWovtuWpz0FTvW85xU9c/NgPTR8iA6ceCBEqFzw3ZAMKdjf50ChhqHO0YF6c2gnWSzSZ4vX6Iul69QwOFCvjL+x8lx3uQ4NANK8oyWntfIC7gOjfsrtQZKtchHzcp+QaudYZOiLW+IUGeSj9dt26eVPv1dRSZneeugWhTUIkM1wHRaypTl9JW975fWt1gNpQB09T3t5qdyGS3XF6axQQUGBGjSomkaoOts2bBiqHj166Oeff9bChYv3LxYveXl5aeDA83UgDDrwDI390yWnTXtM//vfN1q/fr1SUlKVnLxFyclbtGvXbk2ZMvGQEUrGQdPeDE2d+qTy8vLUpk0bXXfdtfL19dPzz7+ggoICT/9HrvtAnw6Hw3NceXnl1LzKUMeodlxwcOAR+2vWrJn69u1z2POOioqUZGjQoAH617/e0Z9/7tWqVau1YcNGSdKQIQnV+jv4uaSkpGrmzFckSQMHDlDfvn1VUFCgGTNm7r9310EjqI7/PR1tm59f6HlvAAAAAIC/N1OsgdU8Jkze5aXVp+0ZOun9dxI3e/5S/e617XR5p3D5BwRI3S5VYGhk9SIMKTO3QJLUKipEMqTIQLvO69DkwDEWqXOI2zPb8L6PlumTnXZl2g/q6wgjtwy7j6e+gjKndmfkSJLO79jYU++Ajo2qnRMVYFdkUGV49uL8pXp/m6GVZeEKDvCrVs/B0xwNm71On9+h+94VpWoeE3bY/Z2okJAQFRQUVnZfx9MI3W73/sXbpd2792j+/P9Iks47L14BAf4HhVDV35dhGNq1K1XXXHOFpk9/QnPnztGoUZXh5Nat22QYhnx8DoSapaVlnvNycnKVl5cnSRo2bKgGDRqgtm1bqaioqFr/R9oeXMfChYtlGIYyMzM94VLLli2PUK9RrZ8OHdpLkkpKSnT99UM1evQtGj36Zt1ww/WKiYlS06ZNZBiGQkNDdPbZlWuuzZgxS263W02bNlX79m1rfC6pqQdGlI0dO0b9+p23f/Rc1X0d/f5OZFtQUKjQ0OrBLgAAAADg78kUI7DOaRuthTt+P8JQDJ3U/rriQI1/+WO9NG6EGoX668ubzpJhSBVuQ3bbQYtH7T9+0frt6tKqsS7r2VrLwyPUuqGvAnyqpgkakmEoadtuuVxny2az6p0HRmldWrHG9IqpfkOHDWGpOl+Sl7eem/eDXhk3TBd3a67EBiGqcBsa0DKk2vkZOfnanZGjJlFhenjUpWq1KVfDukYctNi3ccSwrC6f36H73uWl6t2u6ZGveQLCwsK0b1/WQaFF5Rpch29PrP3cc89WYGCgioqKVFJSIqnyGwoNw3XQcQdU9fPQQw/LbrerceNG8vX19YRIbdu2kSQFBPgqPLyhsrP36Y033tL//veNevSI0803j1RUVKQyMjL1wQcfaufOFP344/IjjEw6cv1Vvv56gZYuXaaCggKVlTlksVh03XXX1lhv1faGG67X8uUrlJWVpZEjb1KHDu2Un1+olJRUGYahhIQBkixyu10aMmSw1qxZ65kOeNFFF8rlctb4XNq0aSur1Sq3262nn35Wbdq01jfffHfIcXX7/goKChUefkjQDAAAAAD4WzLFCKw+7WPlW7H/2/SOGWLVoj0wXC+vzVWfO57UvIWrtTc7VxUul/ILi7R+2069NPdbxd8x3XP8tP+u17yFq1VQXKrWwVa9859F+mLpumq1bi2w6uan3taOPzM1oE2YBjfz1T0zPzroiEPq8nx8oK7X1u7TtPf+o+y8QvVqFKCynAw98vbn1Q/38tFVj/1LazbvUPOGAbqpW5hemvM/7c7cd8h913ydk35+h7T7VJSqX4dY1ZWwsDAVFhbKMAwd+BY6twxD1UKNE2338rLpggsGHnS9UMXFnXXI+dVrMgy3EhISFBQUpN9/3641a35WQECgLrvsUt1//32e/h944AE1bdpU5eVObd36u9LS0iVJTz75hDp27KD09AwtXLhE118/TJGRkdX6P3L9B2qYNm2qoqOj5XK51ahRIz3++GNq3rxJjfVW3X+jRjF66603NGBAZVC1du0vysjIVIcO7TV69D+qXf/cc3spMLByBJXFYtk/rfJAe/VrGGrUKFoPPzxJsbGx2rBhk5KSNujee8cdfFSdv7+CgiKFhTUUAAAAAAAW49DhH/WgqLRcvSfOU7J33YUj1RRkSmm/SQUZUoVDstklb38pOFqKbC0FhFYeV1Eu/bFKyvtTstqkqDZSab60b5cU0FDqeknlcVk7pF3rpfISyT9Uiu0gbVte2da2rxTeQsreKf3+Y+Vn3a+WfA9Mt5JhSLs3SOlbJXdFZR1BkdKupMr2nkMlbz+pKFvasVoqzq2st/FZ0p6NkqNYimorteotOcuktZ9Wntc6vvJ+TpFO5X9q7XPD5edjr5P+ysvLtXTpj+rWrVOdLuB+8NbX109eXpVT/gzDrZKSgmrtXl52+fpWLpJfXFwgyS273VdeXnZZLFbP2lMul1NlZWWyWIz953nJ29tPVqtVkkUVFeUqKyuRzWaTt7efbDab3G5DTmeZ7HZfWa1WOZ0OlZeXHrHOFStW6YknKsPUDz98T82aNZfVapNhuOVwlMnlctZY78H92GzW/fV7qWp0k9vtlsvlVHm5o9p1/f2D94/oM1RSUiC3+8AC8z4+frLbfWQYbhUXF8hikWw2u3x8fGWxWOV2u1Re7vDU4nAUy+l01un7++WXXzVgwMD99wIAAAAAON0VFFQu3ZSUlHTc58TFxUkySYAlSbMX/aoJ89ZpX4NGdZ9isD3pbXjebs0YcbZGDuhUp+99x44d2rUrVZ06tfOEKfsX36q2rfz2vjO3ffnyn/Tkk09X/rMw+11FRYWbqr6/un3Tpi1q3rylWrRocaxfIQAAAADAaeJkAixTTCGUpJsu6KzYAJv8ygrkmcPE1hRbv9J8xQbZ6zy8kioXJ3e7DWVlZevA9LHDt5JxxrdXMWt9f1V7enqmJAvhFQAAAADAwzQBliStfHq4wvN3V+5UhSieNaXYr5d9w63w/N366ZnhOlUGDBigDRs277+su4atcUa39+vXR8uX/6hlyxIVHR1luvr+qna326VNm7bsX8cLAAAAAIBKpgqwAn1tmjXuckXmpVZ+YJIRSH/brdutyLxdeuf+K+Xvfep+VSwWqwYOHKikpF/3X974220rKpwqKMhRYWGu3G5XvddTH1u3260NGzYrIeECVU4vBAAAAACgkqkCLEm68uwWeuO2gWqSuVl+joOmE9b3SKS/2b5fWb6aZG3R7LsTNLhrM51qUVFR6to1TosWLd8/ndCQZLD9m2wzMrK0ePEKde/eXeHhB761EQAAAAAAyUSLuB/KMAy1ufsD5ZW59y/sfnCjjrQONO111N4w/0+F+Nq0/dVR+qsZhqHFixfKYrGoU6c2f/n18ddLTv5dkkUDBw6q71IAAAAAAKfQGfEthDV59Zv1enXBBhWUOFRm9VW53UflXn5yevkc/m15VWlMTd+mR/th7XZnqbwrHPJ2lsnX7VCwn13jL+uufw7p8te+6EP88ccf2rFju5zOCgUF+SswMEBBQYEKDPSXxXLgW+vYnl7bgoIiFRWVqLCwcuvl5aU2bdqoRYuW9fr7BgAAAAA49c7oAEuSisvKtXlnlpZu2avVv6cpZW+ObF5eSsvYV9+lndZiosPlcjrVIjZMvdvGqm+HGHVuHik/H3t9lyZJcjqdysvLU07OPuXk5Cg3N0/e3nZlZWXXd2k4ARER4Sovdyo0NERhYWEKC2uo0NBQeXl51XdpAAAAAIC/wBkfYAEAAAAAAOD0djIBlukWcQcAAAAAAAAORoAFAAAAAAAAUyPAAgAAAAAAgKkRYAEAAAAAAMDUCLAAAAAAAABgagRYAAAAAAAAMDUCLAAAAAAAAJgaARYAAAAAAABMjQALAAAAAAAApkaABQAAAAAAAFMjwAIAAAAAAICpEWABAAAAAADA1AiwAAAAAAAAYGoEWAAAAAAAADA1AiwAAAAAAACYGgEWAAAAAAAATI0ACwAAAAAAAKZGgAUAAAAAAABTsxiGYdR3EQAAAAAAADizFRQUnPC5jMACAAAAAACAqRFgAQAAAAAAwNQIsAAAAAAAAGBqBFgAAAAAAAAwNQIsAAAAAAAAmBoBFgAAAAAAAEyNAAsAAAAAAACmRoAFAAAAAAAAUyPAAgAAAAAAgKkRYAEAAAAAAMDUCLAAAAAAAAD+v107RmEYBgIgqED+6bf5i/6AXKWIwSlS2Aue6SQhuHo50gQsAAAAANIELAAAAADSBCwAAAAA0gQsAAAAANIELAAAAADSBCwAAAAA0gQsAAAAANIELAAAAADSBCwAAAAA0gQsAAAAANIELAAAAADSBCwAAAAA0gQsAAAAANIELAAAAADSBCwAAAAA0gQsAAAAANIELAAAAADSBCwAAAAA0gQsAAAAANIELAAAAADSBCwAAAAA0gQsAAAAANLedw8AAAAAwPMsy3L6tq7r19kGFgAAAACXO0aqX/cCFgAAAAC3OMaqs6glYAEAAABwm0+0OotXY4zxmnPOqwYCAAAA4Jm2bfv7rw0sAAAAANIELAAAAADSBCwAAAAA0gQsAAAAANIELAAAAADSdsdFXxIxiA96AAAAAElFTkSuQmCC' height='250' width='300'/> ]]>
  </system-out>
</testsuite> <!-- com.tribu.qaselenium.tests.apimazaprendo.MACreateF2FLessonTests -->
