<?xml version="1.0" encoding="UTF-8"?>
<!-- Generated by org.testng.reporters.JUnitReportReporter -->
<testsuite hostname="station" failures="0" tests="1" name="com.tribu.qaselenium.tests.apimazaprendo.MACreateF2FCourseTests" time="38.342" errors="1" timestamp="2022-04-15T18:42:14 COT" skipped="0">
  <testcase classname="com.tribu.qaselenium.tests.apimazaprendo.MACreateF2FCourseTests" name="createF2FCourse" time="38.342">
    <error message="javascript error: Cannot read properties of null (reading &#039;complete&#039;)
  (Session info: headless chrome=99.0.4844.51)
Build info: version: &#039;3.141.59&#039;, revision: &#039;e82be7d358&#039;, time: &#039;2018-11-14T08:17:03&#039;
System info: host: &#039;station&#039;, ip: &#039;127.0.1.1&#039;, os.name: &#039;Linux&#039;, os.arch: &#039;amd64&#039;, os.version: &#039;4.19.0-20-amd64&#039;, java.version: &#039;11.0.14&#039;
Driver info: org.openqa.selenium.chrome.ChromeDriver
Capabilities {acceptInsecureCerts: false, browserName: chrome, browserVersion: 99.0.4844.51, chrome: {chromedriverVersion: 99.0.4844.51 (d537ec02474b5..., userDataDir: /tmp/.com.google.Chrome.NzBFWy}, goog:chromeOptions: {debuggerAddress: localhost:38869}, javascriptEnabled: true, networkConnectionEnabled: false, pageLoadStrategy: normal, platform: LINUX, platformName: LINUX, proxy: Proxy(), setWindowRect: true, strictFileInteractability: false, timeouts: {implicit: 0, pageLoad: 300000, script: 30000}, unhandledPromptBehavior: accept, webauthn:extension:credBlob: true, webauthn:extension:largeBlob: true, webauthn:virtualAuthenticators: true}
Session ID: 20d9c42afd277f267da337bbb5867b2b" type="org.openqa.selenium.JavascriptException">
      <![CDATA[org.openqa.selenium.JavascriptException: javascript error: Cannot read properties of null (reading 'complete')
  (Session info: headless chrome=99.0.4844.51)
Build info: version: '3.141.59', revision: 'e82be7d358', time: '2018-11-14T08:17:03'
System info: host: 'station', ip: '127.0.1.1', os.name: 'Linux', os.arch: 'amd64', os.version: '4.19.0-20-amd64', java.version: '11.0.14'
Driver info: org.openqa.selenium.chrome.ChromeDriver
Capabilities {acceptInsecureCerts: false, browserName: chrome, browserVersion: 99.0.4844.51, chrome: {chromedriverVersion: 99.0.4844.51 (d537ec02474b5..., userDataDir: /tmp/.com.google.Chrome.NzBFWy}, goog:chromeOptions: {debuggerAddress: localhost:38869}, javascriptEnabled: true, networkConnectionEnabled: false, pageLoadStrategy: normal, platform: LINUX, platformName: LINUX, proxy: Proxy(), setWindowRect: true, strictFileInteractability: false, timeouts: {implicit: 0, pageLoad: 300000, script: 30000}, unhandledPromptBehavior: accept, webauthn:extension:credBlob: true, webauthn:extension:largeBlob: true, webauthn:virtualAuthenticators: true}
Session ID: 20d9c42afd277f267da337bbb5867b2b
at java.base/jdk.internal.reflect.NativeConstructorAccessorImpl.newInstance0(Native Method)
at java.base/jdk.internal.reflect.NativeConstructorAccessorImpl.newInstance(NativeConstructorAccessorImpl.java:62)
at java.base/jdk.internal.reflect.DelegatingConstructorAccessorImpl.newInstance(DelegatingConstructorAccessorImpl.java:45)
at java.base/java.lang.reflect.Constructor.newInstance(Constructor.java:490)
at org.openqa.selenium.remote.http.W3CHttpResponseCodec.createException(W3CHttpResponseCodec.java:187)
at org.openqa.selenium.remote.http.W3CHttpResponseCodec.decode(W3CHttpResponseCodec.java:122)
at org.openqa.selenium.remote.http.W3CHttpResponseCodec.decode(W3CHttpResponseCodec.java:49)
at org.openqa.selenium.remote.HttpCommandExecutor.execute(HttpCommandExecutor.java:158)
at org.openqa.selenium.remote.service.DriverCommandExecutor.execute(DriverCommandExecutor.java:83)
at org.openqa.selenium.remote.RemoteWebDriver.execute(RemoteWebDriver.java:552)
at org.openqa.selenium.remote.RemoteWebDriver.executeScript(RemoteWebDriver.java:489)
at com.tribu.qaselenium.testframework.pagebase.BasePO.lambda$3(BasePO.java:242)
at org.openqa.selenium.support.ui.FluentWait.until(FluentWait.java:249)
at com.tribu.qaselenium.testframework.pagebase.BasePO.waitForImage(BasePO.java:241)
at com.tribu.qaselenium.tests.apimazaprendo.MACreateF2FCourseTests.createF2FCourse(MACreateF2FCourseTests.java:58)
at java.base/jdk.internal.reflect.NativeMethodAccessorImpl.invoke0(Native Method)
at java.base/jdk.internal.reflect.NativeMethodAccessorImpl.invoke(NativeMethodAccessorImpl.java:62)
at java.base/jdk.internal.reflect.DelegatingMethodAccessorImpl.invoke(DelegatingMethodAccessorImpl.java:43)
at java.base/java.lang.reflect.Method.invoke(Method.java:566)
at org.testng.internal.MethodInvocationHelper.invokeMethod(MethodInvocationHelper.java:133)
at org.testng.internal.TestInvoker.invokeMethod(TestInvoker.java:598)
at org.testng.internal.TestInvoker.invokeTestMethod(TestInvoker.java:173)
at org.testng.internal.MethodRunner.runInSequence(MethodRunner.java:46)
at org.testng.internal.TestInvoker$MethodInvocationAgent.invoke(TestInvoker.java:824)
at org.testng.internal.TestInvoker.invokeTestMethods(TestInvoker.java:146)
at org.testng.internal.TestMethodWorker.invokeTestMethods(TestMethodWorker.java:146)
at org.testng.internal.TestMethodWorker.run(TestMethodWorker.java:128)
at java.base/java.util.ArrayList.forEach(ArrayList.java:1541)
at org.testng.TestRunner.privateRun(TestRunner.java:794)
at org.testng.TestRunner.run(TestRunner.java:596)
at org.testng.SuiteRunner.runTest(SuiteRunner.java:377)
at org.testng.SuiteRunner.runSequentially(SuiteRunner.java:371)
at org.testng.SuiteRunner.privateRun(SuiteRunner.java:332)
at org.testng.SuiteRunner.run(SuiteRunner.java:276)
at org.testng.SuiteRunnerWorker.runSuite(SuiteRunnerWorker.java:53)
at org.testng.SuiteRunnerWorker.run(SuiteRunnerWorker.java:96)
at org.testng.TestNG.runSuitesSequentially(TestNG.java:1212)
at org.testng.TestNG.runSuitesLocally(TestNG.java:1134)
at org.testng.TestNG.runSuites(TestNG.java:1063)
at org.testng.TestNG.run(TestNG.java:1031)
at org.testng.remote.AbstractRemoteTestNG.run(AbstractRemoteTestNG.java:115)
at org.testng.remote.RemoteTestNG.initAndRun(RemoteTestNG.java:251)
at org.testng.remote.RemoteTestNG.main(RemoteTestNG.java:77)
]]>
    </error>
  </testcase> <!-- createF2FCourse -->
  <system-out>
    <![CDATA[ <img src='data:image/png;base64,iVBORw0KGgoAAAANSUhEUgAABLAAAARMCAYAAACJcWqtAAAAAXNSR0IArs4c6QAAIABJREFUeJzs3XlYVGX7B/DvsI8oiwurG6CWgCsimJqpqOWaiWmmluby5ppmLr1q5ppLqbhUkmZiamJuSGWAOygqiKJQimCIDLgw7AOyzO8PfnNehmUYYGDG/H6ui0vPmbM8c86c7T7Pcz+iIUOGyEEvnUuXLmm7CERERERERET0EklMTKzxvHoaLAcREREREREREZHGMYBFREREREREREQ6jQEsIiIiIiIiIiLSaQxgERERERERERGRTmMAi4iIiIiIiIiIdBoDWEREREREREREpFUnT55U+TkDWEREREREREREpDWK4JWqIJaBXC6vr/IQEREREREREREJygatTp48ieHDh5ebjgEsIiIiIiIiIiKqd5XVuKooiKVWAGv8+PF4//33NVK4n3/+Gfv379fIskj7Vq1aBblcjuXLl2u7KP96Dg4OePfdd+Hp6QkAuHLlCg4fPoyEhAQtl4yIiIiIiIio+iqqaVUZtQJYmgpeKZbl5+enseWR9jg4OMDV1VX4PwMpdcfV1RWrVq1SGufp6QlPT08sW7YMt2/f1lLJiIiIiIiIiOqenlwuR1V/OTk5GlthTk5OlevjX93/acLQoUMr/D9p3qxZs2r0GREREREREdG/gVo1sDZu3Ih33nlHIys8evSoxgIopD2mpqbo16+fMNyvXz/s2bNHo8FOKuHg4ABra+tKP7e2tmYNOCIiIiIiIvpXUyuAFRoaitDQ0HooDr0o+vbtW+G4U6dOaaE0/26mpqYamYaIiIiIiIjoRaVWE0Jt/f3www8ICgrCunXrqpx2woQJCAoKQrdu3aq9nj59+iAoKAgjR45Ua/o9e/bg+PHjak3brl07DB48WOvbUtNNCCtqMqipZoTh4eFIT0/H0aNHy33WpEkTLF68GIaGhlUuZ8SIEUhPT8fs2bM1Ui5tad26dZXTNGvWrEbL7tOnD27evIn09HQMGTJE6bOxY8ciKioKqampOHPmjJDvDAC6dOmCM2fOICUlBVFRUUo1NBs3bowDBw4gKSkJ8fHxWLFihfCZSCTCypUrERcXB4lEAj8/P1hYWNTpOqv6nkRERERERFS/bty4ofafgoEWy6tS27Zt0apVK4SHh8Pd3R2NGzdGWlpanawrOjoaX3zxBeLj49Wa3sfHB0ZGRmpN+/7776Np06YIDAysTREFIpGo3ppgWllZVZpfqaImbdbW1li5cmWF02/fvh2PHz+ucp2dO3fGK6+8gj///BP9+/eHtbU1UlNThc/HjBmDxYsXY9u2bSgoKFC5rPDwcLz//vuIiYmpcr267MGDB1VO8+TJk2ovd8aMGVi5cmWFv3tXV1d8++23CA8Px65du/Dpp59i//79cHNzg4GBAQ4ePIji4mJ8+eWXGDNmDHx9fXHr1i3ExcVh69atGDhwINavX49XX30Vn3zyCe7fvw8/Pz9MmzYNc+bMwc8//4xHjx7hs88+Q25uLqZPn15n61T1PYmIiIiIiOjFoFYTQmtrawwaNEgjKzx9+rRSQKIyXl5eyMnJwdatW7F//3707dsXR44cET5v2bIlPvvsMzg5OSEmJgaJiYkAALlcjmbNmuHgwYP47bffoKenh759+0IikeDLL7/E+++/j969eyMhIQFffPEFnj59ig4dOmDp0qXYuXMnfv31V+zfvx+FhYU4cOAApkyZAiMjI5w4cQI//vgjAGDOnDlo3Lgxhg8fDj09PUybNg19+/aFubk5JBIJDhw4gKCgIOzduxctWrQAAAQHB8Pb2xvbtm1DYWEhzp49i7Fjx2LChAnIycnBnDlz4OnpCQMDA0RHR+Obb77B06dPMWDAACxevBi+vr548803ER0dja+//loj+6Iqpqam6NChQ7XmqWx6dZu4jRkzBpmZmViwYAGioqLg7e2NHTt2AAA2b96MSZMmAQAePXqEyZMn488//8TGjRsxaNAgGBoa4vLly5g7dy4kEgk8PDzw008/YdmyZdi2bRsaNWqEZcuW4a233oKFhQX+/vtvrFmzBmfPngUAdO/eHatWrYKrqysKCgpw7tw5zJ8/v84Cp+pSJ69YTXKP5efno1+/fujXr1+5GkujRo2CSCTCkiVLcOPGDTRu3BgLFixA9+7dIRaLYWNjg+XLl+Pbb79FbGwsjh8/jpEjR2L79u146623cObMGWzcuBEmJiYYPnw4vL294efnB29vb2RmZmL27NkoLi7G66+/juHDh2PWrFl1tk5V35OIiIiIiIheDGoFsDZv3qwyiXR1DBo0COPGjVM5jZ6eHvr164fQ0FCkpKTg1q1bGDBgAPz9/YVplixZgjZt2sDHx0cIAAElAaznz58DKGk25Ovri5ycHIwaNQqbN2/Gvn378PTpU4wdOxZjxozB9u3bhRpNiuZ1hYWFsLKyQteuXbFhwwbMnDkT48ePx/nz53H//n2hDHK5HAMHDsTo0aPx7bffIjo6Gu+++y4+/vhjREREYOXKldi5cyckEgnWr1+PjIwMFBYWomnTpnB2dsb27duRlZWF//znPxg4cCC2bt2KrKwsLF26FP/5z3+watUqoZbRqFGj8OuvvyImJqbeamAlJCTAx8dH2LY15ePjo1aCcX19fXh7eyMwMBCJiYkIDQ3FmDFjhADWli1b4OrqCnd3dwwbNgy3b9/GypUr8d5772HBggWQSqXYvXs31qxZg8mTJ5db/vbt2zFixAisXLkSd+7cwRdffAF/f3/07t0bsbGx+PHHH5GWloZ33nkHTZo0wc6dOzFv3jwsW7asVt+/thISEpCamlrpMZiamlqjBO67d+8GAKVk/ApOTk4AgH/++UcoAwC0a9cOxsbGlX7m4OAAAwMD4bO8vDykpKSgXbt2AIA2bdrg0aNHKC4uFub19PREixYt6mydqr4nERERERERvRjUyoGlqeAVANjY2FS5vm7dusHS0hI3btxA06ZNERERgTZt2qBVq1aQy+Vo3Lgx2rVrh9u3b+PEiRMIDg7G+fPny63r4cOHOHHiBA4ePAgAePbsGY4dO4YDBw4AAFq0aFEuGKQYNjIygo+PD65evYrffvsNQElvcKWnl8vlwoN1+/btYWFhgW+++QZvv/02nj59iri4OAAlD9QxMTEoLCwEAIjFYqxbtw4BAQGQyWTYvXs3Ro0ahePHjyMkJAQ5OTlwcnJSWldoaCgOHDiAqKioes2BdfbsWSxbtgzZ2dlqz6OQnZ2NZcuWCTWcqtKvXz80a9YMly5dgp2dHc6dO4eOHTvi1VdfBVASvMjMzAQAREZGQiqVYtWqVWjXrh1++OEH/Prrr8jMzFTKm6TQuHFjjBgxAuHh4fjmm29w+vRprFu3DgYGBhgzZgwAoEGDBrC1tUWnTp2QmJgIBwcHrQevFK5evVqjz2qqYcOGACAEg/Pz8wGUbCNFbTrFOFWfKZbRoEEDACU18Up/pvi/qalpna2TiIiIiIiIXnxqBbCioqI0tkJ1AjADBgwAACxatAiHDx/GRx99BAAYMGAA5HK5kPT52bNnwjyK/EqlAzRPnz6FXC4XmlcpplcMGxoaKk1fugw5OTnIysqCXC5HVlZWuekVfwEBAThx4gQ8PDywdu1aHDt2DEuWLIGBgUGl308mkymVvVOnTti0aRP++OMPnD59GqamptDX11cq28OHD7WWxP327dtYvnx5tYJY2dnZWL58OW7fvq32PGPHjgUA7NixAzExMULwSDG+Ir1798bx48chkUiQmpoKMzOzChO8K5pyPnz4UBj36NEjAIC9vT2AknxlT548wYYNG3Dp0iXcvHmzwt4WtUFV74510fOjYl8rArQmJiYASpoqKo4fxThVnymWoRifk5Oj9Jni/9nZ2XW2TiIiIiIiInrxqZXE/ZNPPkHnzp01ssKqgmFisRi9evVCZGSkUpPBKVOmwMvLC7t27UJGRgaAkh7pFGxsbDRSvuoqKCjAli1b4OPjAycnJ7z99tsYPHgwrly5gjNnzlQ4T1FRkfB/IyMjLF26FGlpafD29kZubq5Q46s0RZMrbUlISMDy5cuxcuVKoaZMZRTBq+o0a2vYsCEGDx6M8+fPY+fOncL4ZcuWwdvbu8LcRcbGxvD19UVqairat2+P7OxspQBVaYrximAVUJJHrfRnYWFh6NGjB5o1a4aePXtiw4YN2LBhA9zd3dX+HnXl8ePHuH37drnaZbdv31YrOX513b17FwDg6OiIZ8+eCc37YmNjhRpPDg4OwjSKzxISElBQUCCMMzU1hY2NDS5cuAAA+Pvvv9GhQwcYGBigsLAQTk5OyMnJQWJiYp2tk4iIiIiIiF58auXAAqDUdWFd6tOnD4yNjREUFISwsDBhfLt27TBp0iR07twZN27cwP379+Hq6orhw4dDJpOhV69eAFCuhlF1hiv6rOy/ZT//z3/+g2HDhmHt2rVITU3F06dPAQC5ublCPi57e3v07NkTERER5Zatp6cHQ0NDGBoaonnz5ujfvz8KCgpgbm6Oli1bVrpubVA3INWwYcNq52QaMWIExGIx/P39cfr0aWF8586dsWTJEvTu3RsXL16ETCYDUFJb6vz58zAyMoKRkRHatGmDUaNGIT8/X2hiWlpaWhpOnDghJAy/e/culixZgry8POzfvx82NjYICwvDmTNnhB4Tc3Nz/9W1eNzd3WFnZwdnZ2dh2MDAAJGRkThy5AjmzZuHNWvW4NSpU5g0aRLu3buH69evw8DAAA8fPsT06dNRUFCAMWPG4Pnz5zh69ChkMhkCAgIwYsQILF68GM7OzjAwMBCa7f7yyy/w9PTE9u3bkZKSAnd3d+zduxdFRUV1tk5V37OygCcRERERERHpFrWaENbn38CBAwEAV65cURp/+fJlAP9rRrh69Wrcv38fM2fOhJeXF44fPw7gf838FNQJYJWmatqKPj9w4ADCw8OxaNEifPfdd+jfvz++/fZbhIWFQS6X48iRIzAwMMCcOXNgbm5ebtm5ubn49ttvYWhoKCR69/HxgaGhYbnk6dpqQqjg4OBQZe2r0tNWhyIPVVBQkNL4P//8EwDw7rvvAgD27duHtLQ0LFq0CM7Ozli+fDmMjY3h7++PtLQ0LFmyBEZGRtiwYUO5dcyaNQu7d+/GjBkzsHv3bqSlpeHtt99GfHw8UlJSsHjxYri4uOCPP/7AgQMHEBcXhylTplTre9QVU1NTtG7dutz41q1bq93DY1mffPIJfvrpJ2HbKoZ79+6Nv/76C9OmTYO1tTWWLl2Kv/76C+PGjYNcLkdBQQHef/99SCQSLF++HA0aNMAHH3wgJFGfP38+fvvtN8ydOxevvfYa1qxZI/Qg+uOPP2LLli0YNGgQpk6dCn9/f/z3v/8FgDpbp6rvSURERERERC8GUa9evbRbrYe0Ijo6utrzDB06VMhHVpXdu3fXSW6m6nj77bexd+9eLFu2DNu2bdNqWWqjb9++GDNmjMpeCH/55Re1k+UTERERERERaUNiYiKA6rXy69KlCwA1mxBOnjwZkydPrlnpytizZw/27NmjkWVR/aqod7/w8HAAgIeHR7lptRnAcnBwwODBgwEAUqlUa+WoKSsrK7z77rvw8PCostabtbU15syZg8mTJyM8PByHDx+uk7xYRERERERERNqidgBLUyZPnozdu3drbHlUf1xcXIT/Z2dnY8+ePUKtn759+2Ly5MlCsKX0tNowcOBAjBw5EuHh4Th58qRWy1JdZbeluho2bIj+/fvDw8NDad8QERERERERvej01JlI0b29JmhyWVR/rKyshIDK7du38emnnyoFSM6ePYtPP/0Ut2/fBlASTLGystJKWQHg+++/R7NmzTBo0CBkZmZqrRzVZWVlhTlz5lQ7eFVaw4YNMWfOHK1ufyIiIiIiIiJNUqsG1urVq4Uk27X1yy+/aL03Paq+nJwchIeH4/bt25U2DXz8+DGWLVuGoUOHwtXV9V/dg19dUgQBiYiIiIiIiKiEyNPTk9Gkl1BsbKy2i0BEREREREREL5E6T+JORERERERERESkLQxgERERERERERGRTmMAi4iIiIiIiIiIdBoDWEREREREREREpNMYwCIiIiIiIiIiIp3GABYREREREREREek0g+LiYmFAJBJpsShERERERERERPRvoOkKUwZ1uXDSXdzXRERERERERPSiYBPClxT3OxERERERERHVl9q2+jOIiorSUFFIG+Lj4+Ho6KjtYlAtcT/+e3Bf6gbuB6oMfxu6j/tI93Ef1Q9uZyKqiatXr8LV1VXbxahUYWFhjefV02A5iIiIiIiIiIiINI4BLCIiIiIiIiIi0mkMYBERERERERERkU5jAIuIiIiIiIiIiHQaA1hERERERERERKTTGMAiIiIiIiIiIiKdxgAWERERERERERHpNAawiIiIiIiIiIhIpzGARUREREREREREOs1A2wUgotoJCAhAZGQk5syZA0tLS20Xh2pAKpViw4YN5cZbWlpi4cKFWijRy2vfvn2IjY2FiYkJXFxc8Nprr8HOzk7bxSItk8lkCAwMRHx8vPDb6N+/v7aLRSpERETgyJEjSuO8vb3h5uampRIRERFRbVU7gCWVSsvdEDg4OMDLywvx8fFwdHTUWOGo/iQnJyMsLAwA+MD2AomIiBD2m5+fH+bMmaPlElFNSKXSao2nujN69Gjs2rULKSkpiIiIQEREBB96CadOnUJkZKQwLJFIIJfL4eXlpcVSkSoVnT95TtUNMpkMsbGxSE5OhkQiAQDY2trCzs4O7du3h1gs1nIJiYhIV9UogBUfH680Ti6XAwB8fX15o/8Ckkql8PX1RV5eHgDgzp07rM3zAij7dlkikeDIkSPw9vbWYqmoJhwdHWFjY4OUlBSl8a+99pqWSvTyEovFmDZtmhDEAoAjR47A0tKSL2heUlKpVCl4pRAZGckAFlE1BQcHIzQ0VLjnVFA8W5iYmKBXr16s4UhEVE+SkpIgEokAAA0aNND5GIDGc2AdOXIEERERml4s1aGIiAilG4m8vDzcuXNHiyWiqlTUNAIA0tLSePy9oObOnQsHBwdhuH///hg2bJgWS/RykMlk5caJxeJy2/7UqVP1VSTSMawhSVR7MpkMvr6+CAkJUbrntLCwgIWFhTCcl5eH4OBg+Pr6Vnh+JiIizXr06BGSkpKQlJRU7mW6LqqTHFiKB2vWxHoxVBRlZfVt3VVZ8Mrb2xvOzs7YtWuXUBWfXiwmJiYV/p/qzq5duzB69Ohyx0tycrLSsEQigVQq1fm3UlR/unbtqu0iUC1cunQJ+fn5wrCJiQl69uypxRL9u/n5+SEhIUEYdnBwwOjRo4VzqlQqhb+/vzBNfHw89u/fj6lTp2qlvEREpJvqLIl7bYJYRUVFOHnyJC5cuIDHjx9DLBajXbt2GD16tFINhZrIyMjAX3/9BQ8Pj1ot59y5czhz5gxWrlxZ7rOoqCjs2bMHPj4+tVpHfXFzc0N8fLzQRKJr1661Dj5++OGH5aqHA4CNjQ22bNmict579+7BwMCg1vu6rLCwMHTs2BENGzbU6HLrk6rglWKfTZs2DT4+Ppg2bZpGHrZzcnIwb948NG/eHMuXL6/18iry5MkTzJo1CwcOHIC+vr7Gl6/qeNWWFStWKD08lRUYGIjAwEClce3bt8fEiRNrtd4DBw7gzz//xKJFi9C+fftaLasipbf1zp070bhxY4wdO1bj69GUlJQU+Pr6YurUqUpBrLJN5QFoLIAVHh6OgIAA/PPPP9DT00OLFi0wZMgQ9OjRo9bLPnr0KE6cOIGBAwciIyNDZ7Z/Rce4XC7H999/D0NDQ0ycOBGGhoZaLmXFKgomKx6+AQjXT5lMBhcXlxoFtvz9/XHv3j18/vnnSuOvXLmCvXv34rvvvqtZ4auprs/FuqTs+RWAygBWXl4ePvjgA3zzzTewt7dXuWypVIovv/wSOTk5WL9+PRo3blzr8r7IgoODlYJXFhYWmDBhgtLLUktLS0yYMAE+Pj5IT08HUHJsBQcHV7upbl3ft7xo9/lERJpSWFiIrKwsrb7QrdNeCGsaxNq6dSsePHiAqVOnol27dsjPz8fp06exfPlyrFu3Ds2bN69xmW7duoWoqKhaB7Bee+01dOvWrVbL0CVubm5CAEtTNecWL16Mzp07V3u+M2fOoE2bNuUCWIpca4o2utV16NAhODo6ViuAVVxcDD09jbe0rRF1gldASe25CRMmwN/fH15eXrXO23Pu3Dn06dMHERERkEgksLW1rdXyyiouLkaTJk3w/fff19kDky4er6qCV5WpKChcHYWFhbh06RLGjx+PoKCgOglglfbhhx9W+/ip72PO2NgYeXl58PX1xejRoyGVShETE1NhAEsTteJOnz6NAwcO4IMPPoC7uzuMjIxw7do1fP/998jLy0Pfvn1rtfzQ0FBMmTIFvXv3Rm5urka3ZW3OwRUd44mJiejTp0+d/w5ry87ODhYWFsJDNQAMHToUQEnOyP379wvjY2Ji8OjRoxey+W99nItfFn///TeKi4uxa9euah0vunTPoSkymQyhoaFK43r27CkEr/z9/SESieDt7Q2xWAw3NzeEhIQI04aGhipNr466vm8hInoZFRYWIjY2FpaWlv+eANaQIUPKPWBVt/16bGwsrl27hk2bNglvuIyNjTF69GjY2NgIb2ifPHmCPXv2IDk5GSKRCK6urpgwYQKMjY0xe/ZsDBkyBBEREcjKyoKhoSHmz5+P5ORk7N27F0VFRVi+fDlWrlwJqVSK3bt3IykpCXp6enB3d8e7774LfX19fPfdd2jYsCGePHmCtLQ0ZGVlYdq0aXB2dkZYWJhQyyAzMxM7duzAw4cPYWFhUe5B+fTp0zh9+jSKi4thYmKC8ePHw9XVtRZb+sWXkZGBnTt3QiKRoLi4GM2bN8fHH3+Mc+fO4eLFi4iIiMCjR4/w5ptv4tNPP8W7776LY8eOYdOmTVi8eDHmzp0LFxcXAMDevXtRXFyMyZMno6CgAH5+frh+/TqKiorQs2dPTJgwAZs3b0ZqairWrFmD9957D1evXoW9vb3wBv3atWs4dOgQvv76a5w9exZXrlyBoaEhnjx5gvXr1yMqKgo///wzcnNzoa+vj5EjR9b6QbO6AgICyo2rrNMEOzs7WFpaCjVLahPECgkJwbx589CoUSOEhIRg/PjxAIDU1FTMnz8f48ePx7Vr1yCVStGhQwchaJGamorvv/8eqampKC4uRvfu3fHhhx9CJBJhx44dMDMzw82bN+Hs7Ixhw4YpvfU/e/YsTp06haKiIpiZmWHSpElwcHDAs2fPMHfuXEyZMgUXL16EVCqFg4MDZs2aBZFIhGfPnsHX1xcJCQkwMjKCt7c3+vTpo3S8AsDJkycRFBQkLP+jjz5C27Zta7yNXhRXr15F27Zt0adPH/j7+yM7O1sI6H733XcQi8V4+vQpJBIJjIyMMGnSJBw7dgyPHz+GhYUFPvvsMxgbG2P79u0wNTXFkydPkJ6ejsLCQkyfPh1OTk5K69u7d69QA6igoAC+vr64c+cOiouL0apVK3z88ccwNzev8JirLy4uLoiMjEReXh78/PzqdF35+fk4ePAgJk6ciH79+gnje/XqBQsLCxgYlFySnz9/jv379+PWrVuQy+WwtrbGlClTYGVlhQsXLuDixYto2bIl7t+/j7S0NLz11lt46623sGnTJkgkEhw4cAAPHz5Eenq6sP0V59yHDx+iSZMm6NWrFwICArB9+3YEBQUhNDQUK1asAFBSe2Hy5Mn44YcfIJPJyp2DCwoKKj22KzsHP3v2TOkYr+y6WNUxri09e/YUauwYGxsLtfWCg4PLTRsWFgYvLy+NN8Wv7Lppbm6OadOmqbwuqnvsLViwQGk/xcTEwM/PTwiGDhgwAIMHDwZQ8rLp5MmTQtBl2LBhL1Xi7cruEYuKirB3715kZ2dj3rx5WL58OYqKiiq9Zy17PWzTpg0uXLgAe3t73L9/H+np6Zg+fTpCQ0ORlJSE3NxczJs3Dy1atEBBQQEOHjwovIBs1aoVpkyZgkaNGqn8vdSnmJiYcs8GKSkpCAkJUeogoWvXrnB0dISjo6NSACsvLw8xMTHVerla0X1LTk4Opk+fjtWrV6N169YASvK+LFy4ELt27cK8efMqPYaqus9/We8piOjloQhe5ebmAqj4ZWajRo1gZmZW52XRyGue9PR0JCQkwN7eHk5OTkp/VVWzLis6OrrS+Xr37g1ra2sAwLZt29CiRQts3boVGzduxKNHj3Ds2DEAgL6+Pm7duoXFixfjq6++glgsRlBQEFxcXDBgwAC4ubkJD7Lbtm1D06ZNsXnzZqxbtw537twRLpz6+voICwvDRx99hFWrVqFv37745ZdfypXr8OHDMDAwwI4dO7BixQrcvHlT6fscOXIE//3vf7Flyxa899572LRpE7Kysqq1XTRJKpUiISFB6U/RjTFQkuul7Odl88HU1m+//YZGjRrBx8cH27ZtwyuvvIKoqCiMGDECjo6OGDNmjNCk5Pnz58jPz8fu3burrIZ//PhxJCcnY+vWrdiyZQuio6Px559/Yu7cuQCA//73v1X27GZkZITY2Fj069cP69evR0FBgbDvduzYgY8//hi7du1CZmamxraHOiZOnKiU6FRVj58RERHCTWFtkqDGxMTA1NQULVq0QJ8+fXDp0iUUFhYCAPT09FBYWIjnz58LtSMjIyMRHh4OAPjhhx/g6OiIHTt2YMOGDQgLC8O1a9cAAIaGhrh8+TIWL16MyZMnK60zNjYWfn5+WLhwIbZs2YIhQ4Zgw4YNKCwshL6+PgoKCpCRkYFly5ZhzZo1uHnzptDpwPbt2+Ho6IjvvvsOixcvxg8//ICHDx8qLf/u3bs4evSo0MStW7du2LVrV423kbYEBARgyZIlFdbKq0xQUBD69+8PQ0NDeHp64vz588Jn+vr6uHHjBmbMmIF89UPLAAAgAElEQVSNGzdCLpfD19cXc+fOxcaNG5Geno7r168DKNn34eHhmDFjBtauXYt+/fphx44dKtd96tQpSCQSbN26Fdu3b0dRUZFwzi57zNWn6uS88fX1rdW5MC4uDjKZDL179y73maurK1599VUAwLFjx5CUlISNGzdi69atcHBwwPbt2wGU7Kc7d+7A3d0dK1aswOzZs+Hn54eCggIsWLAAVlZWmDJlCsaNG6e0fH9/f+jr62PHjh1YvHgxzp49q1ZNj4rOwaqO7crOwaWpui5WdYxri+KhFoBSU9PKkp2WvqZqSmXXzarU9NjLzs7Ghg0bMHbsWGzduhVLly7F0aNHER0djfz8fOzatQtLliyBj48Pli1bhuvXr6OgoEDj31tXVXaP2KFDB0yYMAHNmzfHli1b0LhxY5X3rGWvh/r6+oiNjUX//v2xevVqeHh4YOPGjRgxYgRWr14NV1dX/P777wCAEydO4O7du/jqq6+wZcsWWFhYYPfu3QBq/nvRtIrOmREREQgODhY6nVEEryqbvjrn3cruW0xNTdG9e3ecPXtWmDYsLAzdunWDqampymWqus//t9xTEBFVpmzwKjc3V0j6Xvrv0aNH9VIejdTAkkqlKk/W1akBkpOTU2WVtMzMTPz999+YN28egJKL/xtvvIHAwEAh18drr70mVIF3cHDAkydPyi0nKysLd+7cEd7sGhsbo3///jh//jwGDhwIAOjcubMQSWzdujVOnz5dbjnR0dEYO3YsRCIRjIyM8MYbbwg3JlevXoW7uzuaNGkCAOjUqRMaNmyIv/76C+7u7mptE02RyWTYv39/hU1jSqusty1bW1tMnTpV7bfKGzZsKBedHTt2LIYNG4YmTZogPDwckZGRcHFxwciRIytchmL+3r17q/X2/cqVK3jnnXdgaGgIQ0NDfPnll0KthuowNTUV8pgYGhpi586dwvdu37499PX18fjx43qJMis4Ojpizpw5OHXqFNLT0+Hs7FzhdKWbGlpYWCg9eFVXcHCwUFPE3Nwcbdq0wdWrV5WCgIqHcRMTE3Tq1Al37txBjx498Nlnnwn7rFGjRnB0dBQe6kQiEZydndG0adNy67x8+TI8PDyEYLWHhwd++ukn/P3330Jg+/XXXwdQ0lzSxsYGT548QVZWFmJiYjB37lyIRCLY29tj586daNCgAe7fvy8sv23btsJ4oOQYP378eI23UX2SSCSIiYlBREQEYmJiAJTsbwsLiypzhEgkEjx58gQdOnQAUNLLoSJAqNCxY0fhd25vbw9zc3MYGxsDKHlof/bsmTBtly5dhNpbnp6e+PHHH5GRkVHp+ocPH4633npLOB5dXV2F7wAoH3P1yc7ODt7e3moFAhVNDcvmy1JXdnY2TE1NYWRkpHK68PBw4TwGAAMGDMDx48eRk5MDAGjWrJkQ7HJwcEBRURGkUimsrKwqXWZ0dDTGjRsHkUgEU1NT9OzZE0FBQVWWuaJzsKpju7JzcOnfhqrroqLWQkXHuDbpQo+D6l43y6rpsRcdHQ1zc3N06tRJWL+bmxsiIiLg6uoKc3NzBAcHo2/fvrCzs8OiRYs08C1fLOrcI1Z1z1rR9dDGxgYtW7YEUHIutrOzE5rB2dvb48aNGwBKjrcRI0YIzZsHDx6MuXPnoqioqMa/F02rKpjbtWtXoTa8TCZDWFhYtZdRmqr7ljfeeANbtmzB+PHjYWhoiLCwMKFWuSqq7vNf5HsKIqKqlA1e6YI6zYFVE2ZmZrh7967KaRQ3wqWDB2ZmZkr5KUoHWUQiEYqLi8stRzH9smXLhHGK6r8VLUdPT6/C5WRlZSnlVWrUqJFSWcs+6JQta30JDQ2tMnilikQiQXBwsNq5PRYuXFhpDqyBAwdCJBIhICAAW7ZsQceOHTFp0iThgaYsdQNF6enpSttfcUNRVFSk1vwKZavYnz17FpcvXxZywBQWFgr/r09isRijR4/GnTt3sGvXLgwbNkwpOFw2T1Z1E5+WlpWVhatXryIyMhI//fQTgJL8HLm5uUoBrLLbW/GgeefOHZw6dQoymQwikQgSiUQp101l+zQ9PR23bt3CrVu3hHH5+flIT08XAlgVHZeKY6p0eUr/XyEvLw+HDh1CXFwcgJLmWtrYlzVRWTM3dY7roKAgpKenY9KkSUrLi42NFfZL6RxPenp65YZLn/8qOs6ys7MrXX9KSgoOHz6MJ0+eQCQSKe1PoPwxV5/c3NxgaWmJgICAKrsPrk0Qy9zcHDk5OcjLy1OZTysjI0Pp+FBsa8W1r+z1DUCF16bSyl6nVAW7KlK6PKqO7crOwaWpc11U59pbX0rXzAagVE5jY+MK89lVN19aZfcpipqnQPWvmwo1PfbK/g6Bkt/is2fPIBKJsGLFCgQEBGD16tXQ09PDyJEjX6omhIB6v1N17lnLbmd1z8Xp6enw8/PDoUOHlOZNT0+v8e+lPhkbGwv55BQvWWsTLK7qvqVDhw4wMTHB9evXYWtri+zsbLVytaq6z3+R7ymIiNRRk7y9dUnnAlidOnXC4cOHER8fX67W1vHjx+Hg4CCMT09PFy7EmZmZ1U4mpmiO9tVXX1X4oKuuhg0bKj24lb74lk38WtOyaoLiIdfGxqZcECo5OVnI7zFkyJByDxeKBztNNosYMGAABgwYAJlMht27d2Pfvn3CG8qySte+KtvsRSaTCbVEzM3Nld70Z2RkoKioqNwNup6entINhqqockREBI4ePYp169bBysoKcrkcEyZMUP+L1gEXFxc4OjrCz88PdnZ2GDp0aIVJ3mvTfPDs2bPo0aMHZs6cKYwrLi7G9OnTIZFIhLf5GRkZwpvjrKwsmJmZISsrCxs3bsT8+fOFXBFr1qxRWn5lNeoaN26M119/vVzTQgAqA7+KfVz6vJCamlouab+/vz8SExOxfPlymJiY4O7du/jyyy9Vbov6oji/yWQyxMfHVxlMUVdBQQHOnz+Pr7/+WqjZBpQ0MQkODq5REu3Sx5miSbSqQPO2bdvg4uKCTz75BCKRCMeOHUNsbGy111tXHB0dMXfuXEilUkilUuGBcdeuXeUu3DUNYjk5OaFBgwYICQlRqvkGAJGRkULybwsLC6Xtq2iubGlpqdSTV3WYmpoqnedK12iq6JxaluJ4rerYruwcXJouXRdVuXTpEsLCwso9UEulUshkMojFYjg6Opb7HZfOkaWuJk2aIDk5GXK5XOncmJiYqBRsrOy6qeq6WNNjr+zvEFDeT7a2tpg2bRoA4K+//sLatWvxyiuv1Kqjneoq25uriYkJvvjii3pbvzoUTf9V3bPWNL+bpaUlvL29K+2YqDr3WXXF1ta20vOWnZ2dUjL3yl7GqJuEvar7FltbW/Tp0wehoaGws7NDr169hACxqmNI1X2+Lt9TEBHVloGBAZydnRETE1PtCiF1Ree6OmnTpg169+6NDRs24Nq1a8jJyYFUKsXBgwcREBAAGxsbNGrUCO3btxeqahcUFODMmTPo3r17lcs3MDAQmmGYmprC1dVVSI4tl8tx/PhxXLhwoVpldnZ2xsWLFyGXyyGTyZTyynh4eOD69etC05vIyEjk5uZqtdclxU136b/SN9t2dnblPtd0MtrvvvtOeKMtFouFwBCgvI8q0qRJEyGvUUZGhlIugu7duyMoKAj5+fnIz8/H+vXrER4eDj09PYhEImG5TZs2RVJSEoCS2lkVVVlXyMzMhLm5OZo1awa5XI6jR49CJBLVuke42hKLxZg2bRosLCywdevWCptABQYGVitHkoJcLkdwcHC5fGGKjg5K10Y4c+YMgJIH26ioKLi6uiI3NxdFRUVCUu+IiAj8888/am0zT09PXLlyRXjAfvz4Mb755psqo/9mZmZ45ZVXEBgYCLlcjtTUVCxatAhPnz5Vmi4zMxN2dnYwMTGBTCbD77//jqKiIq3nbpk6dSqmTZsGLy8vDBs2DHPnzq2wNoONjU25cVXV9rh8+TKsra2VglcA0KNHD1y9elVlzanK3Lx5UzivXbhwAS1btlT5IiAzMxOOjo5CjZ3Lly9r/RiqiKWlpXBOtLOzw7Rp04SHmNIUQazq5GYxNDTEhAkTcPDgQQQGBgqBkPPnz2Pbtm1CoMLDwwMhISHCb/L06dNwdXWt1Xn4lVdeQVhYGORyOXJzc3H58mXhsyZNmiAlJUVYn6prYFXHdmXn4NJ08bpYVkBAgLCPKqJogterV69yn1U0rirdu3dHYWEh/Pz8kJWVhfz8fFy5cgV//PGHEOxUdd1UdV2s6bHXoUMH4bwOlAQ9IyMj4e7ujn/++QdffvmlcO6wt7eHgYFBvdc8qSi4rGtqc89aFU9PT5w+fVrYDjdu3MC+ffsAqP691CdVwdz09HSEhIQgJCRE5QsbdQLC6t63vPHGG4iKisKFCxeEpsqA6mNI1X2+rt5TEBFpSoMGDeDs7CwE/I2MjGBvb1/ur6JnlLqgczWwAGDmzJkIDAzEoUOHkJqaChMTE3Ts2BFr164VHsBmzZqFH374Qch307VrVwwfPrzKZXfp0gW///47ZsyYge3bt2PWrFnYvXs3Zs+ejeLiYjg5OVW7d7kxY8Zg+/btmD59OiwsLNCnTx8hwaaLiwtGjx6NNWvWoLi4GKampli0aFGVCSP/Db766qsKx+/cuRNDhgzB7t278euvv0JPTw92dnaYOnUqgJIbMj8/P8THx+PDDz8sN//YsWOxZ88eXLlyBZaWlvD09BQSi48cORLZ2dn45JNPUFxcDA8PDwwaNAgikQg9e/bEqlWrMHr0aAwcOBCbN2/G0qVLYWpqio4dO1bYm5SiPKGhoZg9ezYaNGiAUaNG4fXXX8eOHTuwbNmyandUoGm9evUSHqYsLCyE6viKrt0VSVK9vb3VXubt27eRnZ2Njh07lvusR48e2Lp1qxBcsbS0xIIFC5CdnY0ePXrA3d0dIpEIgwcPxpIlS4TEqePHj8eePXvQokULlet+9dVX8d5772HdunUoLCyEgYEBRowYAWNj4yprlM2ePRu+vr6YPn06jIyMMGHCBLRq1Urp7e+wYcPg4+ODTz75BGZmZpg8eTKSkpLw+eefY+PGjWpvI00qXbO0NC8vL6VgoY2NDebOnYvk5GSlmkFVNRUNDg5Gjx49yo23tLSEg4OD0s24urp27Yrvv/8eEokEYrEYM2bMUDn9e++9h59//hm//vorWrRogalTp2L9+vX48ccf0a5du2qvv74ogliaqonVr18/mJub4+TJkzh8+DBEIhEcHR0xf/58IT/Z22+/jezsbHz22WeQy+Vo3rx5ldu3Korr1MyZM2Fra4tevXoJ16mOHTvi1VdfxZIlS2BpaSkEYCpqDmVtba3y2K7sHFw6f5qq66I2mtdXRHHerExkZCTc3Nzg6OhYrkZZZfkJVTE1NcWXX34JPz8/zJ49G4WFhcJ+V9R0U3XdVHVdrOmxZ2pqioULF2Lfvn3Yu3cv9PT08N5776F9+/aQy+VwcXHB4sWLAZS8ePL29q7y/P6yquk9a1WGDx+O3NxcLFy4EMXFxTA3Nxeaiav6vdQnZ2fnSpvaGhsbC0G1il4UKMarc0ypc98yduxYWFtbo02bNsjOzoaDg4MwjapjSNV9vi7eUxARaZoiiBUTE4NmzZrVa23rskTyar6OiY+Ph6+vb7VWUp0k7lQ9FTW1rEhycjJ8fX2F3CtlH7j8/f2FXuvc3NyUgh1VzUu1p+5+rIxMJoNEIlGZD6vsfq2tJ0+eYNasWTh48KBavZm9LNTdl0uWLBH+b2lpiYULF5abRiqVYsOGDcKwg4OD0GRHKpUiIiJCyN9Un3bu3IkmTZpgzJgx9bre6qjtMVVW2aBhaSYmJli4cKHGa6pqWnFxsXCshoaGIjAwEGvXrtVyqeqfOr+Nffv2VVqbx9HRET179hT29/r165UCWAsXLtS55pAvmpqcRxXWrVsHoCRwX/oFAFDSeYUi4K9qXqpadc6xFe0LQHl/qDONpvj4+MDJyalcU25dpOlrGRG9HK5evQpXV1e1pi1dU97MzExljfjc3Fzk5OSgWbNmtSqf4gWBolMSdXTp0gWADjYhpLrh5+cn3Izn5eUJtXOAkkCHInilGC799lnVvKQbFM1CS3Nzc1O6OYuIiICvr2+t8mJVhMlKa08qleLIkSNK+yY5ObnChO0KlpaW8PLy0tqD8su236tqTlhZ76264vjx41i5ciUKCgpQWFiIc+fO1aim0Mti4sSJmDZtWoV/Xl5eQvDq0qVL5WqNhYSEaPw8S/Qi8/LyUqrtpC4HBweNB69iY2Nx+/btare2ICKikppYtQ1e1ZZONiEkzSt7g106mW9FOT5K33yrmpd0W69evSCRSIQAZXx8fLV6kqT6ExERARsbG6H5VnBwsEY7TaDaU9WcsDY9Z9WHN998E4mJiZg9ezb09PTg7OyMUaNGabtYLySpVIqQkBDcuXOnwlpaERERuHPnDlxcXNC/f3/WxiICMGHCBPj5+Sk16Y+JiRES2CtSISg4ODhovMOc1atXIykpCTNnzqywh1QiItJ91Q5g2draVrubZHV7D6G689prryklKndzc1P6/6VLl4QHMmNjY7i4uKg1L+m+0aNHA4AQxNLUg3azZs3wyy+/aGRZL6MhQ4aUe/gtfWx5eXmVa6qrK+fS2uZjepFVFsTq2bOnFktVNRMTE8yZM0fbxXjhlW5Sr0peXp5Qm3n8+PFK11TSnLLn0dIdWlRUw7D0OFXzkuYpOp4JDg4W7jklEkm5FzXGxsbo1auXxmteAcDSpUs1vkwiohdd6XzOL0Ke7moHsMRicZ1cVKhuDRs2DGKxWGhLX3ofWlpaYtq0aQgNDQVQ8iBW+o1x2Xl1/UGNyhs6dChMTEwglUqFgBZpV1U9lSl6wSPdY2dnh0WLFiE4OBhSqRRubm4MULwkQkNDq93TXWBgIH8fdUTVebSqc2hNeouk2vPy8kLPnj0RExOD5ORkIYBla2sLOzs7ODs763w+QSKifxNtJmSvCTYhfImoCjza2dmpDGwwaPliE4vFbDZIpEE8pl5ONcltVVnvakQvK7FYDDc3N9boJyKiamMAi4iIiEgNEydO1HYRiIiIiF5a7IWQiIiIiIiIiIh0GgNYRERERERERESk0xjAIiIiIiIiIiIincYAFhERERERERER6TQGsIiIiIiIiIiISKcxgEVERERERERERDqNASwiIiIiIiIiItJpDGAREREREREREZFOEx0+fFiu7UIQEREREREREdG/26BBgwAAN27cUHueLl26AAAMZLLMOikUERERERERERG9vAwM9GFsbIxGjRrC3Ny8dsuysKjdAoiIiIiIiIiIiMrS19eDoaEhGjRoACMjo1oty6BJk8YaKhYREREREREREVEJkUgEfX19GBkZwdi4lgGs2lbhIiIiIiIiIiIiKkskEkEkAvT19aGvr1+rZRmIxSYaKhYREREREREREdH/lASxSv5qw8DAwEBDRSIiIiIiIiIiItI8PW0XgIiIiIiIiIiISBUGsIiIiIiIiIiISKcxgEVERERERERERDqNASwiIiIiIiIiItJpDGAREREREREREZFOYwCLiIiIiIiIiIh0GgNYRERERERERESk0xjAIiIiIiIiIiIincYAFhERERERERER6TQGsIiIiIiIiIiISKcxgEVERERERERERDqNASwiIiIiIiIiItJpDGAREREREREREZFOYwCLiIiIiIiIiIh0GgNYRERERERERESk0xjAIiIiIiIiIiIincYAFhERERERERER6TQGsIiIiIiIiIiISKcxgEVERERERERERDqNASwiIiIiIiIiItJpDGAREREREREREZFOYwCLiIiIiIiIiIh0GgNYRERERERERESk0xjAIiIiIiIiIiIincYAFhERERERERER6TQGsIiIiIiIiIiISKcxgEVERERERERERDqNASwiIiIiIiIiItJpBtouAFF9e56fh8CAQwCAIcPGwsjYRMslIiIiIiIiIiJVdDKAlZOTg5CQc7h5MxqJiUnIysqGSCRC48aWcHJyRPfubvD0dIeBgU4Wv84VFhYiLCwc169H4t69+8jMzERhYREaNWqIVq1aomvXzujTpycaNmyo7aLqpLi4v2BlbS/839mls5ZLRERERERERESqiB48+Euu7UKUFhJyDj/+6AeZLE/ldG+80RuzZ/+nnkqlO+7ejcOWLTuQmvpY5XTNmjXFd99tradSvViO+u9Fj15eAICIqxcwdMQ4LZeIiIiIiIiI6N/P0tIWAHDjxg215+nSpQsAHauB5e9/DIcOHSk33sDAAIaGBkpBrYKCgvosmk6Ijr6D1avXo7CwSGm8SCSCWGwCmSwPcnlJPPJl3D7qSHtWEviztW0OAHj+/DnSnj1G4yZW2iwWEREREREREamgMwGsW7dulwteubo6Y9y40Wjbtg309PSQk5OLO3dicPp0MACRdgqqJZmZmdi0yUcpeGVl1QwTJ74HN7cuMDIyQmFhIe7du49z5y4iKuqWFkuru2JjbuJV5/81GXzVuTNiY26iZ+8BWiwVEREREREREamiMwGsAwf8lYY7d+6IJUs+VcpzZWraAN27d0P37t3w5MlTYfzdu/ewZMkKYXj8+DHo2bMHDhw4jFu3biMjIxPz5s1Er16vCdNcuxaJM2fOIy6uJIeUoaEh7O3t4OHhjrfeGgCxWKxUHokkBX/8EYwHD/5Baupj5OTkIi8vDyYmxrC2tkbHji4YPHgQmjZtojRfTcpWkZMnf0d2drYw3LixJdauXQFLSwthnIGBAdq3fwXt27+itH2kUimmTJklDPfv/wZmzJgqDP/zTyLmz18iDI8aNQLjxr0rDI8d+wEKCgoBAJ07d8DChfPg738MoaFX8OxZGvr374Pp0z8CAISGXsHZsxeQkPAPsrOzoa+vj4YNTWFl1QyOjq3Rs6cnXnmlndJ3y8vLQ3DwOVy9eh2JiQ+RmyuDWCxGixb26N7dDQMG9Cu3P2rieX4ekh7Go1NnD2Fcy5aOuBUVjuf5eUzmTkRERERERKSjdCKA9fTpM9y7F6c0bsqUD1QmaW/WrGmlnz1+/BSLFi1DZmaWME7RtO758wJs3rwdV69eV5qnsLAIcXHxiIuLx9mz57F06SJYW/+vWVlCwj84der3cuvKzZUhIeEBEhIeIDj4LL74YgmcnBxrVDZVLl8OVxp+773RSsGrslRtH5Go5rXXCguLsHLlV/jrr7vCOEX5Dx06An//Y2WmL0R+fj6ePUtDbOzf0NfXVwpgSSQpWLt2I5KTU5Tmy87ORmzs34iN/RunT4fg888XwN7eTu1yng05haSH8eXGd+zcHQ0bmQnDDRuZwalNe/xycFe5aVu0dMIb/YaovU4iIiIiIiIiqhs6EcAqG7xq1aoFbG1tary8P/8MqWBsSdBm9+6flIJXDg6t0amTKzIyMnHhQiiKioqQnJyCr776Ghs3rlEKoonFJmjf/lU0bdoYZmZmKCoqwqNHEly/Honi4mLk5OTi2293Y9OmNTUqW2UyMzORkpKqNM7dvavKeerK7dsx5cbJ5UB+fj6OHz8ljLO3t0O3bl2gp6ePp0+fIjHxIf7556HSfM+fF2Dduk1KwStLSwu0atUCiYlJSEuTAgBSUlKxdu0mbN78FYyMjNQqZ2rKI3gNekfIdaWKu8frcPd4XWlc4j9xCLtU0b4iIiIiIiIiovqmEwGsjIxMpeHSNZ9qqlOnDpg4cRxsba3x+PETGBoaQiJJQUjIOWGaLl064fPPF0BPT0+YZ8uWHQCAxMQkhIZeQZ8+vQCUNGncu/f7CmuFlU4+n5DwACkpqbCxsa5W2VQpu31MTRugUaNGamyFiunp1S5/mLW1FaZPn4x27dogJycXUmk6MjIylRLHf/rpHLRq1UJpvsePnyAr6381z86fv4hHjyTCcKdOHbBo0TwYGxvj+fMCrF//jZDLKyUlFWfPXsCgQV5qlXHgmyPx5x/H0K17b7Rp61yt7xd3LwbXr17EwDdHVms+IiIiIiIiIqobOhHAKq92ARYLCwshEAIALVqU1MIJDDyt1FyvdeuWuH498n9rLbPayMgoIYDVoIEYt2/HIDj4LOLi4pGWJkV+fn6F609OllQawKqsbNWhRovDOrVgwRw4OjoAAMRiMZo2bYLCwkIYGBigsLAkV5aPz050794N9va2sLe3Q4sWzWFl1QxWVs2E5URG3lRa7pgx7wjbxcjIEGPGjFJKRh8ZGaV2AKtxEysMfHMkwi4FQ5r2tFwNq8pcC7+A1JQkDHxzJHsmJCIiIiIiItIROhHAMjc3UxpOTU2tZEr1dOvWRQiElPb48ROl4WPHAlQup3Qi9GPHArB//yG11p+bK6t22VQpu31yc3ORlZVVq1pYNWVrayMEr0ozMDDAoEH9ERh4GgDw4EEiHjxIFD43NjZG9+5uGD9+rJDovvT2BYDmzZWDeWVrcJWdviolQax38OcfRxF6MajKngZDLwZBmvYEA998hwndiYiIiIiIiHSInrYLAABt27ZRGk5MTCqX86k6yvYEWFOKGlYZGZlCE0EAaNiwIaZM+QArVy7FunUr8M47w8vMWXkVqZqUzczMrFyNruvXb1R7OQrFxcrlK9tEUZUmTRpX+tnEieMwadIEtG7dqtxn+fn5uHgxDOvXbxZqadUHI2MTDB0xDvH3Y6ucNv5+LIaOGMfgFREREREREZGO0YkaWE2bNkHbtm2EZO5yuRx79vhh0aJ50NfXr3Cep0+fVRoMMjCoeJ6yPfMtWjQf3bu7VVm+uLj7SkGXESOG4K23BgrDERFRVS6jqrJVpUcPDxw7dlIYPnToCLp27VyudpZC6e1TNm9Xdna20vDff99Tuxyqym9gYIChQ9/E0KFvQiaTITlZguTkkrxj0dF3AADx8Ql4+PARHBxaoT6PCAkAACAASURBVFmzpkhIeCDMn5SUpNRDYdmk76p6VlTleX4eDA2rrvVmaGiM5/l5DGARERERERER6RidqIEFAOPGjVYajoi4gTVrNiIuLl7IW5Wfn48bN25i7dqN2LfvYLXX0bVrJ6Xh48cD8Pz583LTZWRk4ujRE4iLiwcAFBYWKX0uk/2viWB6egaCg89WuyzVNXz4YJiamgrDT58+w+efr8DVqxFC8vSioiLExcXD13cvli5dKUzboEEDpUTxd+7ECjXc4uLicerUHxop45UrV4VAn1gshpOTI3r3fg0jRw5Tmi4tLQ1A+f3xyy9HhVpvz58X4JdfflX6vGvXzjUqV0pKEiwbV13zzbJxE6SkJNVoHURERERERERUd3SiBhYAdOzoirFjvZWa6t28GY2bN6NhZGQEIyMj5OTkCMGsnj09q70OOztb9OvXB2fOnAdQUvNo5sz5cHd3g5lZI2RnZ+PBg0T8/fc9FBcXw8nJEQDg5OQAPT09FBcXAwBOngxERkYmxGIxQkMvIz09o7Zfv0pmZo2wYMEcrFmzQQiopaSkYv36b6Cvr48GDcSQyfKEAJKFhbkwr76+PlxcXkVUVDQAICsrG3PmfAYLC3M8e5amsTJ+/fU2iMUmaNu2DZo2bQJLSwvk5OQgLOyq0nT29nYAgD59euPkyUAkJ6cAKNnfM2fOR6tWLfDw4SOlstnYWKNvX/USsZcllT6Fje3/8mtJJEm4EhoMAPDs6QXb///MxrY5pNKnaNmqTYXLISIiIiIiIiLt0JkAFgCMHj0SlpYW2Lt3P2SyPGH88+fPy9WUKl2jqDqmTp2EnJxchIdfAwCkpUlx+nRwhdOK/r9bwqZNm2Dw4EE4dep3ACU1skJCzgnl6N//DWG4LnXs6IpVq5Zh8+YdSgnpi4qKkJWl3Cyw7Pbx9h6J6OgYFBUVCfMoAkQDB/bDn3+e0UgZc3JylXoOLGvIkEFCPi8jI0N8/vlnWLNmIySSkiCWVJoOqTRdaR4bG2t8/vkCGBkZ1ahMKZIkdOzsief5ebgZdRX342LxWq/+AIDzZwLh1KY9OnXuDivr5rgVdQWdalbRi4iIiIiIiIjqiE4FsADAy6svPD3dERJyHjdvRiMx8aGQs8nS0hJOTg7w8OiGHj08arR8IyNDLFz4CSIjo3D27AXcu3cf6ekZ0NPTg6WlBRo3tkSbNo5wc+sCZ+dXhfk+/PB9WFk1w+nTwUhNfQyx2ATt27+KsWNHIT7+Qb0EsACgXbu22LZtE0JDr+D69Ujcu3cfmZlZKCoqQsOGDdGyZXO4uXVGnz69lOZr3/4VLF++GIcOHUF8/AOIRECbNk4YPXokGjVqqJEA1owZU3H3bhzi4xOQliZFVlY25PJimJmZwdGxNd54o3e5/WZra4NNm9YgOPgsrly5hocPH0Emk8HExAQtWtjDw6MbBgzoB7FYXONyPU5NRm5OFq6EBsPCsine8f5AyHNlY9McoZeCERhwCB07e+BxanKttgERERERERERaZ7owYO/Ku8yj+hf4GbUFaRIktDeuXOlzQMT/4+9+w6PourbOP7dJCQhpJMgJSGUBKRXpSsdBAtIU0FBwEpHqhQRUJQOCihNBOkooCIoSFWqNAkQSIAQQguQ3tu+f6w7sJAAj6JE3/tzXVxPdnb2zJkzEx729nfOnA/j5IkjFC7iR5Wq//v0VBERERERERG5Oy+vIgAcPnz4vj9TrVo1IA9WYIk8aFWq1r7ntMDiAYFa+0pEREREREQkj8ozTyEUERERERERERHJiQIsERERERERERHJ0xRgiYiIiIiIiIhInqYAS0RERERERERE8jQFWCIiIiIiIiIikqcpwBIRERERERERkTxNAZaIiIiIiIiIiORpCrBERERERERERCRPU4AlIiIiIiIiIiJ5mgIsERERERERERHJ0xRgiYiIiIiIiIhInuYQEFD2YfdBRERERERERET+4+Lj4//0Z1WBJSIiIiIiIiIieZoCLBERERERERERydMUYImIiIiIiIiISJ6mAEtERERERERERPI0BVgiIiIiIiIiIpKnKcASEREREREREZE8TQGWiIiIiIiIiIjkaQqwREREREREREQkT1OAJSIiIiIiIiIieZoCLBERERERERERydMUYImIiIiIiIiISJ6mAEtERERERERERPI0BVgiIiIiIiIiIpKnKcASEREREREREZE8TQGWiIiIiIiIiIjkaQqwREREREREREQkT1OAJSIiIiIiIiIieZoCLBERERERERERydMUYImIiIiIiIiISJ6mAEtERERERERERPK0f2WAtenUDfzG/Xpf+w774Qxdlh3/m3v099t1LpZKU/YxctNZvj1+nbGbz/2l9t78OoTea08DkJqZjWnwVsKupzyIruZZ97pvriSkYxq8letJGf9gr0RERERERETkXvJEgLX3fDymwVuJTcm8r/3LP1KA8S1L3de+z1XwoWvNIn+le/+IX87FYRq8le6rTub4/ubT0Sx9qQJuTvaM33KOl6oVfmDHzmdn4pM2ZfB1zffA2vyrak4/wKIDlx9om//LfSMiIiIiIiIieYfDw+7An1Hc05luj91fKFUnwONv7s2DMXfvRbzzO7DyyFWmPRuEh7PtpRnbwhK8VC7iytBGAQ/02PZ2JnrX88v1/YwsM/nsTQ/0mA/D/3LfiIiIiIiIiEjekScDrP7rQ7kUn4azgx2/X04kMT2LgU/483ZdS8iy6dQNeq4KIXJUPQCyzTBndySzd0cSEZuGt4sDI5uW5LVaRRn2wxkiY1P56qUKAEQlptN/fShbw2IwmaBFGW+mPlsGb5ech+LSpUsULVoUs9nM1atXKVz47pVP1v1v//luYlIyWf17FAs6lqPvulMsOXjFJlC613hExqXx2uqT/HYhgfSsbCoWdmXqs0HUKu5utDFv3yUmbA0nOjmDZ8r7YmcCNydLAV5qZjb5h28ndGgdAn3y0399KBfjUrG3M3H8ahJNg7yZ9mzQHf0+cyOFQd+Fsud8PKmZWVQq7MqGHlVxd7bn0MUEBn4bytFLiXi7OND98aIMaxSAvZ2J2JRMvEbv5JM2Zfjq0BViUzLx83DiyxfKU8zDif7rQwm+ksjQH8IY/3M41Yq6svqVSpjNMGdPJJ/+GsnFuDSCfFyY8mwQT5by/FP3zeX4dF5bc5Jfz8Xh65qP4Y1L2JxfRpaZcVvOseTgFeJSM6lezI3pz5WhYuEC97ymIiIiIiIiIvLg5IkphDn57sR1+jbw58jAx/mhRxUGfReW6xpNM3Zd4ONt51nQsTxx45/kQL/HqFbMLcd9Oy4JJiUji5AhtQkeVIsrCem8vDz3NbImTpzI999/j9ls5s033+TkyZyn+Flt2rSJjz/+mKysLCZPnsx33313z3P98rfLuDra075yITpXL8zcvRfv2Odu45FtNvNG7WKEj6jLtfefoOWjBWm76HdSMrIB2BoWw8BvQ1n8QgWixz5Jy7LeLDt89a59Wnf8On3q+3PsnVo5hlcJaVk0nHOIkt75OT20Dtfff4KPWgfiYGfiRnIGzT4/TIuyBbk6pgHfvlqFeXsvMXXnBZs2dofHsevtGoQMqY2/pzPvbjwDwPTngqhY2JWPWwUSNqwOq1+pBMAnv15g6s4LLO9ckZhxTzKqWUmeXXiUC7Fp9zVOt+v01TE8nB24OKo+v/SqwRcHLtm8P37LOVYcucqPr1Xl8uj61A7woNncw8SnZt117ERERERERETkwcqzAVaLst7U9LOEUGV8XQjydeFgZHyO+37y6wXea16S2gHu2JmgkKuj8dlbnb2Rwo6zscxoUwbP/A4UdMnHlGeC+CHkBpfj03Nse8yYMaxdu5a5c+fy0Ucf8e6777Jjx45c+921a1fMZjMDBw5k0KBBrF+/ns8+++yu5zpv70U6Vy+Mo72JHo8X5diVJPacj7vv8Sju6Uybir4UcLTH0d7EqKYlSErP4mRUEgBfHLhMl+qFqV/SAzsTdK5e2KY6KydNAr2oVyL36Zdrg69hbzIx+Zkg3J3tcbAzUa+EBy6OdqwPvo5nfgeGNQrA0d5EhcIFGNywOPP32QZzQxoFGFMTn63gw/6InK+v1cxfIhnTvCRVirpiZ7Ksb1a3hAdrg6Pua5xudeZGCrvOxTH1mSBcHO0o5OrI6GYlbfb54sBlRjYtSRlfF5wc7Hi/ueX9DSev37WfIiIiIiIiIvJg5dkAy6eA7YLi+fPZkZB2Z+WL2QwRMamU8XW5Z5sX4tJwsDNR3NPZ2FbaJ7/lvdjUHD/j6enJoEGDWLp0Ka6urnTq1IkZM2bkegx7e3t69erFuXPn+P33343PRkZG5rj/rnOxnIhKpvvjlrWZKhdxpaafG5/vsQ177jYeCWlZ9F57mkcn7sV//K+U+GA3SelZXEu0PE0vMi6VwD/O0yqwoO3r2xXzcLrr++HRKZT2yY9dDktjXYhLpVTB/Jhuea+0T36bSqnbzym362tlNluOOXLjWR6duNf4c+xyks1TA+/3vomMS8PV0Z5H3ByNbYEFb95DZjNcjE+j9C3jZG9nIsDLOdd7RURERERERET+HnlyDaz/hckExb2cCb2WQoOSnnfd19/DicxsM5Fxafj9EdCcvWGZXuZ/S6h1q927dzNx4kRmzZrFli1b2Lp1K3Pnzs31GJGRkQwaNIhXXnkFT09Phg0bxqeffoqfX86LpFuDquZzjxjbEtIyOX4lienPWSrF7mXUprOEXk/ml141jADHa9ROzJgB8PNw5kqCbYXZlYR0Ap1yb9t0jzXbS3jnZ+H+y2SbuSPE8vdwJjzaNuQ5eyMFf8+7h2K3ur1N63We2DqQ9pUL3Xc7ufHzcCIxPYuEtCzcnOwBbMbIZIJi7k6ci04xKtGyzXA+JjXXe0VERERERERE/h55tgLrf9Grrh9jN59jf0Q8ZjNcS8zgYGTCHfuVKpifJ0p6MvDbUOJSM4lOzmTQd2E8VbYgRdwdc2gZNm/ezKxZsyhfvjzHjh1j7ty5+Pj45NqXzZs3079/f9q3b8/mzZv59NNPqVKlSo77Ridn8vWxa8xqW4YjAx83/pwcUhvnfHYsOXjlvs4/JiWDEl7ORnj1+d6LxKZmGu93rVmYJQevcDHOUgF14EI8P4fF3FfbuWlTwZfMbDNDN4SRkJZFZraZ3eFxJKdn81xFH24kZzB5RwTpWWZORiUzaXsEPR6/94L2VkXcnTh1LdlmW9/6/ozYeIZDFxMwmyElI5vtZ2I4F/2/V0SVLpifeiU8+HjbeQCyss1M3nHeZp9ujxXhw5/DOXMjhbTMbN7/6SxmM7Qul/v1FxEREREREZEH719fgQUw4Ini2NuZ6LriBBfiUinoko9RTUtSI4d1sFa+XJEB34ZS5uM9mDDRvIw3U3NYpNxq1KhR2NlZcr5JkyYZP+ema9euxj4jRoy46/5f/nYZz/wO9KxVDEd725KjN+sU4/O9F+lTP+fKrVu916wkXVecoPq0/RRwtOfp8j4Uv6XaqWmQN2Oal6TFvCP4uuajuKczHf5iFZO7sz1b36zGoO/DKPXhbjKzzVQu4sr3PapQ0CUfP71ejYHfnmb8lnN45c/Hq48VYeCTxe+7/SGNAui56iSf7blITX83Nr9ejX71/cmfz45uK05wPiaV/PnsqenvxvRny/ypc1jZpSKvrQ6hxvQDeOV3oH3lQnx97Jrx/simJcnKNtPks8PEpWZSrZgbP71uecqiiIiIiIiIiPxzTGaz2fywOyEiIiIiIiIiIv9t8fGWh6wdPnz4vj9TrVo14D8yhVBERERERERERP67FGCJiIiIiIiIiEiepgBLRERERERERETyNAVYIiIiIiIiIiKSpynAEhERERERERGRPE0BloiIiIiIiIiI5GkKsEREREREREREJE9TgCUiIiIiIiIiInmaAiwREREREREREcnTFGCJiIiIiIiIiEiepgBLRERERERERETyNIeH3QEREREREXmw0tPTOXs2jISERFJTU8nKyn7YXRIRkX+Yvb0dzs7OuLq6Urp0II6Ojg+7S3+JAiwRERERkf+Y0NDTZGVlUaJECVxdXXF0zPewuyQiIv+w9PQMEhMTuXLlMqGhoVSoUOFhd+kv0RRCEREREZH/mBs3oilZMgBvby+FVyIi/085OubD29uLEiUCuHHjxsPuzl+mAEtERERE5D8mOzsbF5cCD7sbIiKSB7i4FCA7+98/lVwBloiIiIiIiIiI5GkKsEREREREREREJE9TgCUiIiIiIiIiInmaAiwREREREREREcnTFGCJiIiIiIiIiEiepgBLRERERERERETyNAVYIiIiIiIiIiKSpynAegCyjhwhoVEjso4cedhdERERERERERH5z1GA9ReYY2ON/83cvv2O7SIiIiIiIiIi8tf96wKsMWPG0KxZM86fP/+X2hk+fDg1a9Zk3Lhxf7qNpG7diK9WjayjRwHIOnqU+GrVSOrW7S/1TUREREREREREbnJ42B1YtmwZU6dOves+06ZNo0GDBmzZsoXt27fz+eefExAQQP369UlNTeWjjz6iadOm/1CPb8rXsCEZ27eTOm0aACnvvYd91arka9jwH++LiIiIiIiIiMh/1UMPsHx8fKhYsSIAiYmJhIeHAxAUFISTkxMAbm5uAFy/fp1Zs2ZRtmzZh9PZ2zj1749jt24kNGqEHWDy8qLAokWYPD0fdtdERERERERERP4zHnqA1bx5c5o3bw7A7t276du3LwATJkygRIkSxn5r1qxh8uTJ+Pn5sWjRIpuKq2HDhgHQuHFjJk6cyOOPP052djbTp0+nfv36XL16ldatWxvt3Nrurc6ePcvs2bMJDg4mKSkJf39/2rdvT5s2bbCzu3O2pTk2loRGjTDHxOB+5AjxVauS0KgRbtu2KcQSEREREREREXlAHnqA9Wc4OTnxwgsvsGbNGjIzM6lfvz5+fn5/qTLr/PnzvPLKK6SmplKxYkUCAgL46aef+PDDD4mMjDSCtVuZPD1x7tcPuxIlMHl64jJ9OubYWIVXIiIiIiIiIiIP0L8ywMqfPz+DBg1i3bp1ZGZm8vTTT+e4BlZOVVO5+eabb0hNTcXPz4+FCxdiZ2dHUFAQ06dPZ+XKlbz11lvky5fvjs853rJge742bf7cCYmIiIiIiIiISK7+dU8h/DOysrLuuc+VK1cAKFGihBF8lS5dGoC0tDRiY2P/vg6KiIiIiIiIiEiu/tUBloODpYDMbDbbbHdxcQEgPj4egNDQ0Hu2VbhwYQDCw8PJzs4G4MyZM4BlyqKnpgWKiIiIiIiIiDwU/+oAyxo6LVq0iMmTJ7N//34AypcvD8DcuXOZOXMm48ePv2dbbdu2xdnZmcjISHr27MmYMWOYPXs2AB06dMhx+qCIiIiIiOQN2dnZPPlkI2rVqsPOnTv/Ulv9+g2gVq06TJ8+4wH17uGIj4+nU6cXef31N4z/uA+Wh2fVqlWHunXrk56eftc2Xn21O7Vq1WHevPl/d3f/tbKysnjiiYaEhJx62F35y776ain9+w982N3I0cCBg1i8eMkDa2/79u107dpNs63+Rf7VAVb//v3x9/cnNDSUFStWcOLECQCGDBlCxYoViYqKYs+ePfTs2fOebZUoUYJFixbRsGFDLl26xJYtWwgICGDYsGH06dPn7z4VEREREZF/hd27dzN06HBat36GevUa0KLFU/To0ZO5c+eRkZHx0Pp18eJFUlNTAShTpsxfass6E+OvtvMwpaenM3jwEIoXL87MmTNwd3c33jt92jJDpWTJEjg6OpKdnU3Dho2pVasOW7duNfYzm804OztTsWIFqlev/o+fQ16RlJTEvHnz6djxBZ54oiEtWjzFW2+9zZkzZwHLkjO9e/eidOlSD7mnf11YWBhlyz7Y+/6LLxbxzjuD/3I7D7Jvhw8fYdmy5cycOUOzrf5F8tQi7nXr1uW3337L8b327dvTvn17m221a9dm7dq1d+xrDaNu1alTJ5vXEyZMYMKECTbbAgMDmTx58p/puoiIiIjIf1pGRgbjxo3nxx9/AsDLy4tKlSqSlJTE6dOhnD8fwWuv3fs/HP9VmZmZxlIit7KGTh4eHsZMjT8jPj6ea9euAXk7wMptHKxOngyhcePGtG/fDnt7e5v3Tp8+DWA8xT0iIoKUlBTA9pxNJhNz5sx+0F3/V8nOzqZfv/7kz+/Chx9+gL+/H9HR0ezevQcPD0so6OLiQseOHR5yT++f2WwmOzv7jvsCLCFRgwb1/1S7ud2Tp0+H8uijZf9Um1YJCQlcvXrVuGf/CrPZzOnTp5kyZTJubm5/uT355+SpAEtERERERPKm6dNn8OOPP+Hg4MCAAf15/vm2xsOPEhMTCQ4OxmQyATBmzPts3LiJ5s2bMW7cWAB69nyNY8eC6dGjO6+//hoRERF8+OEEwsPPk5CQgLOzM2XLlmXAgP4EBQUCMGXKVFatWk2NGjUoVaokmzdvoUKFCkydOplly5azatVqbty4Qd26dfH39wNsA5h58+bz00+buX79Ounp6fj6+tK6dSuboG3v3r3MmfMZZ86cpXTpUrT548nijo6OlCgRAEBsbCxffLGI7dt3cOPGDXx9fWnWrCk9enTHyckpx/Havn07Q4cOx9nZmZdf7sLGjZuIjY2lTp3aDB8+jAIFCgBw5sxZFixYwMGDh0hJScHf348XX3yRp59uDUBcXBzNm7cEoFevt9m6dSuhoWHMmzeX8uXL2Rzz22+/44MPPsTHx4cNG76jSpXKzJ49hy+/XEzVqlX4/PPPADh16maA9cUXi/jss8+NNtq1swQxs2d/Snx8PMOGvYuzszPbtv2MnZ0dnTt3ISzsDB07diAq6hp79uyhSJEijBnzHr///jvLl68gNjaW5s2bMXz4MEwm031d69t16vQi4eHhzJ49ixo1LNVfn38+l4ULvzDOJTs7m7Vr1/Hdd99x7lw4zs7O1K5di/79++Hl5QVAs2YtbKZPWs2cOZ3HH3+cpk2bk5iYyNix79OiRfM79gsJOcWxY8EsW7bUqLAqUqQI7do9b+wzd+48wsPD+fDDDwDLvV6zZk0iIiK4cOECcXHxDB06mHr16uV4rhkZGcyfv4CNGzeRlpZGu3bPc/DgQVq2bEnbtm1Yu3YdGzZsYP78ecZnxo0bj5ubG/379wMsU/++++57oqKicHJy4plnnqZXr7cBSzVeo0ZN6Nu3Dz/99BPXr99g5szpuLu7M336DPbvP4CTkxN9+/bm3LlwIySKjIxkypRphISEkJycTOnSpRg6dKhRBTV37jxOngyhSJHCHD58mAoVKjBy5Aibc+vffyB79+4lODiYTZt+pH79egwY0J/o6Gg+/XQWv/66m6ysLOrWrcOQIYNxdXU1xn3GjJmcOXOGIkUK8/zzz1OoUCGjWmr37t0sWLCQiIgLZGVlUbNmTUaNGoGbmxuLFn3Jnj17jPsdLCHaG2+8yYoVy/Dy8mLmzE947LGauLm53fM8Je/4V08hFBERERGRv19kZCRff/0NAK+//hrt27czwisAV1dXateubbw+eTIEgEcffRSwrBEUGhoGYHwpPHLkKACtW7eiW7eueHp6cvDgQZv1a0+dsqwpdOjQIY4fP069enWpV68uc+fOY8aMmVy7do169eoRGXmBpUuX2bQPsHPnTqpUqUyXLp1p0aI5ly9fZv78Bfzyyy8A7Nu3jwED3iEk5BSVKlXCw8OTiRMnARAYWBoHBwcSEhLo0eM1VqxYSf78zjz1VEvi4uL48svFzJz5Sa5jZp2ml5qayqlTp2nV6ikANm/ewqJFXwIQHHyc7t178PPPWyldujQNGtQnLOwM48aN5+eff7YZA4DFi5fg7+9PrVq1CAwsfccxQ0JC/hiDsrdsO2WzLSkpicjISGNbkSJFKFmyBAB+fn506tSRTp06UrZsWSPoevTRstjZ2ZGWlsa5c+EArFu3nrS0NMxmM+Hh4fTu3YdVq1bj5eVJSkoK69d/y7Fjwfd9rW9nrdixVotdu3aNZcuWY2dnx6BBgwAYO3YcEydOIjExiS5dOlOsWFE2bfqR9957H4Dk5GSeeqqlcU7WcMTT05Ny5coRGRlJYmLiH2ORc1jh4eGOvb098+dbQkbrNFXbcT9ljG92djahoWGcOHGSYcOGsmTJYjp27HDXNcTGj/+AEydOsmDBPDZs+I7IyEiOHQs2wtiQkBDjd+nmMUNsrrOnpyeffDKDbdt+ZtKkiaxatZqDBw8BEBZ2hszMTE6dOsXs2bNYv34thQoV4q233sbX15evv17NokULWbjwC5ydnSlWrBjAH+P6EuvWfcOPP27E39/fZl04S7h3jJYtW7J8+bI7wivLuY3FbDazYME8vv56NQMG9Cc5OZk33ngLb29v1q37hvXr1xIdHcOsWbON/vbr1582bZ7jhx++Z/jw4UyfPsMmnM7Ozmb48OFs2vQDK1Ys4+LFSFasWAlAmTJBhIWdsenH9Okz6NKlM4888ghhYWdwcHCgRIkS93WekneoAktERERERO5qz569xpO/mzdvBsDZs2d58cXOxj6tW7di9OhRJCcnc/78eeBmCBEeft744m/90t2iRXOeffYZwBLyFC5cmPHjP+D69RuA5QuqNQR6+unWxpfjS5cu0aGDZXmQ994bTfPmzbh27RpPP/2sTfsA8+fPw8nJiczMTNLT0zl69HciIyO5du062dnZTJ06nezsbNq2bcOwYUMB6NChExEREUY7s2bNJjIykqCgQBYsmI+TkxOFCxdm7tx5bN++g8GDB+U4Ztbwp06dOkya9DEA169f55tv1hIcHEx2djbjx48nNTXV5vgxMbEcPHiQ7dt30KRJEyOAcnZ2Zv78ucaX7pycPHnSZtwt/bANsKxjCpYv+lWrVjGWZWnUqCG9e/cy3r89/AoNDSMrjPCX9gAAIABJREFUKwuAMWNG06RJEwYPHsrOnTvx9PRk6dIlxMbG8txzbW36da9rnZNy5cqxadOPxhPl586dR2pqKh07diAoKJAdO3awceMmHBwc+OijCfj4FKRChfIMGPAOBw4cID09HRcXFwYOHEBaWhpjxowlMTGR4sWLM23aFNzd3UlPT2fMmPcwmUwEBATk2I9ixYoxe/Ys1qxZw7vvjiA5OZknn3yCd94ZaFR5hYSE8MILHQHLU+1TU1N5991hxrpj7u7uxu/P7Y4dC2bnzl2sXr0SHx8fY7w2b95ihJQhISE2y+mkpqb+USl1M9CxVuwBVKpUkRIlAkhIiDc+7+vry/Dhw4yHk61atRoXFxfjeru4uFC3bl2OHTtmVFLePu2vWbOmzJlzs6opJCSEN954ncqVK+VyFS33n5eXF4UKFTK2rVixkoIFvW3utebNm7Fq1SoAZs78hGeeedqoiHv00bKULl3Kpj/169+c5lioUCFq1apFQkICAEFBQSQmJnL16lUeeeQRtm/fzsWLF5k2bYrR77Jlyxgh/L3OU/IOBVgiIiIiInJXMTExxs/WNW4yM7No374d3377Henp6ZQrZ5nOFhJyyviybq2YCA62VOJ4enpSuHBh0tLSWLLkKzZv3kJkZCSZmZlG+9Yg4dZ1mbp0uRmU7d27j8zMTDw8PGjWrCmAEapYjhkEwNGjv7N06TIOHz58xxSygIAAIiIiCA+3VBPdGg5Y+2Ltu3XNr9atWxvTBa1P7rvbGlTWyiFrH8EyHRCgYMGCnD4dalQztW17M/DJyLBt2xpA1a9f767hVWZmplHlZv1CHhkZaTxhzVrBY+1X8eLFcXFx+WM9oFCbc779HKyftfalYMGCNG7cGICLFy3VXK1aPYWzszMXL14ELOtnBQaWvq9rnZNb+3vmzFm+/34DXl5evP76awBs2LDROO/OnbvYfNbOzs4IJ2JjYxk0aDDHjgVTpUplJk782JiG5uPjw1NPtcy1D1ZVq1ahatUqgKVqbvDgIXz++VyGDRvKtWvXuHHjhhHynTp1mtKlS9msw3b69GlKl76zYg4sU03r1KlthFeWPsdRsmQJnJycyMjIICzsjE0FVmhoGPny5TPuhwsXLrB48RJ+//2YERRfvXqVkiVLApbA5oknGhjhFcCOHTto2vTmvQmWgPXWe2DduvVs3LiRqKhrZGdnk5SURJ06lkpL63k3btzormMXEnLqjvtq9+7dtGxpO+4xMTH4+hYiKSmJAwcO8Pbbb9m8f+3adeN3Ozk5mSVLvuLXX38lLi7e+PyAAf0B8PX1xdPTkzNnzuDt7c0nn8yib9/exu/v7RVtdztPyVsUYImIiIiIyF0VKVLE+Hnt2nW8/vprlCkTRPfur7JmzdcARoBlXUzd09MTNzc3zGYzGzZsALCpalq5chUBAQGMHz8WLy9vJk2aRFjYGcqVs3yxtFb/eHp62gQ31jDN3d3dqBTZtm07YKlSKl68ONeuXaNPn76kpaXxyisvU7t2LU6fDmX69BmYTCYeffTm9DjAWIz71KnTXLp0CbCEOdbFrsGyJhZYpuBZQ63cvrzHxsYSFRUF3Ayirly5wq+/7gagXr16NkGOo6MlWDh9OpTg4OM2bVvHoUqVKjkey+r8+QjjKZB+fpb1wL799jsAnJycjPW8bi7gbgkVIiMjSU5OBrBZjyoqKoobNywVUtZAzBpgVaxYEZPJZFQCWfpX2aa/JUoE4OLiwtSp0+55rXNinbZ47lw406fPIDs7m1693jYW3bYGNQ0bNqRdO9uKLzs7OxwcHIiIiGDAgHeIjIykSZPGvPfeaJs1y/bt20d0dAyBgYG5rsV1u4oVK+Dv72dMPQwJCaFo0aJ4eHgYr3Oa7nd7YGMVExNzx0Li27ZtN0Kf8HBLNaN1mifAnj17KFMmyJjW+frrb/LKKy/Tv38/ChQowO+/H2PAgIEUL14csFy3Dh1sF5m/cSOaggULGq+TkpLYtesXY02tZcuWs2HDBsaOHWus/dW3b3/j3EJCQihcuLBNGzmxjIdthVNMTKzNOZvNZrZu3UqTJk2Ii4sjOzubggW9jfePHDnKlStXjL8/Ro8eQ4ECLkydOgUfHx9SU1Np3foZ4+8gsFRhhYWd4cyZs/j6+tCkSRPjvVOnTtGxY8f7Ok/JWxRgiYiIiIjIXTVr1pSvvlpKeHg4CxYsZMuWnylcuDBXrlwBLCGNNRCxBjaxsbGMHTuOixcvcvTo78DNIMQaeuTL54DZbGbHjh3GmjXWL6G3T32zsi5cfuHCBWbO/ASTyWSz9o2dnR2XLl0mLS0NsIRaUVHXWLt2HWCp+nFxcaFkyRI4OzuTmprKxx9PokKF8sY6X3Z2dgQGlsZkMlG/fj22bPmZuXPncerUKQ4ePMTly5cJCgqkR4/uOY6Xte8mk4mZMz9h79697Nu3n9TUVCpVqkiLFs3JyMgwxnDkyFGULVuWnTt3kZ2dTevWrWjQoAGJiYnGelW3fjnPiYPDzSfKTZ48FW9vLzZv3gJYginrE+esAZY1IElKSjY+N3v2ZxQtWoRevd42zsHZ2dkIEK3bbg0ZrQGf9Qu/dRqjtb/3c61z4uzsTMmSJThz5iz79++nYsUKNtPk6tatw759+zhw4ADFihWlQIECXLlyhQMHfuP998cQHx/Pa6+9QWxsLK6urvj4+BhrLHXs2AE/Pz/ee+99YmJiGD16VI4B1qlTp9mxYwfNmjWlaNGixMfHs27deo4fP8Ebb7xujMGtYcepU6eM6jS4uf5b//45ByKlS5dm1arVXLt2DTc3N5YvX8GuXbvo168vgFHNmJSUhIeHB4cOHWbZsuXGWFy+fJno6GiaN29mjMFHH31E2bJlMZlMOVZwAZQqVYqNGzfx5JNPkJyczPjxHxIfH2/8vp04cYLKlStTunQpzGYzK1euYt++fXTr1tU473vdk2CpJrs1AAfLFMfNm7fw5JNPkJqaypw5n5Genk6HDu3Jly8frq6urF//LT16dDfWhHN3dzeq2k6cOMGAAf3x8fEhJSWFCRM+Ii0tzWZduDJlgvjtt4OcOHGCWbM+NbbfPh73Ok/JW7SIu4iIiIiI3JWzszMLFsyje/dXKVmyBFevXuX48eOYTCaefro1kydPNKYnNWvWlBo1auDk5ERISAhPPvkkzs7OwM2qn27duhIQEEBk5EWWLPnKWEsIboZc1kqe26t06tSpQ8+ePfDy8mLDhh+Ii4ujUqWKwM1QpmLFCjzzzNO4uLjwzTdrOXjwoPEl2tqep6cnY8eOwd/fn4MHD3Lw4CHq1q0DWKqHrH0ePnwY7du3w9HRkQ0bfgCga9dX+Pzzz4xFwW9nnZJXqVJF2rZtw86du0hLS+PZZ59h2rSp2NnZ4eTkxIwZ02jQoAHXrl1ny5afKVasKEOHDmHUqJHAzXW07Ozs7lkhFBAQQIcO7cmfPz8XL17E09PTmPZmDSUyMzM5e/aczTgHBQXSsmULnJ2d2blzJ9u2bcfR0dEYf2somJmZaQRP1hDRGmj5+/vbPD3O0r5lnO/nWufGGpCYTCYGDx5sVNwBdOrUkV693sbHx4dVq1azdOkygoODqVu3DuXKPUpISIgxfTIxMZGVK1cZf6xBj7WaL7dKMJPJRGhoGL1796Vx46Z069ad0NAwPv/8M2rUqAFYHlhgva+t0zFvDYvCw8+TmZlpTH+7Xbt2z1O+fHk6dOhE584v4+7ujqenJxUqVDDG/6mnWtKlyyu88cabHD58mICA4sY1LVGiBC+80Inu3XvSv/9AFi9eQuHCRYxzCgs7g729vU0FF0C/fn2Ii4ulVaun6d27D6VLl/pjWqKlUq9Lly4cPXqU7t17MGjQEGM8rNfs5Mk7K6ty0rFjezZu3ETjxk1ZsGAhAH379sHOzo7WrZ+hU6cXycrKYs6c2eTPnx8HBwdGjx7Jd999T4sWTzF58mSqVKlsMw2xT5/ezJo1m7ff7s348R/g4+NDUFCgzZTeoKAg9u3bR5MmjW3WCru5gPv9nafkLSZzbqvJ/YMiIyP/mL8a97C7IiIiIn8TDw+PPx517/+wuyLyn7d9+3YaNKj3sLvx/9aoUaP56afNNouzi9yP/fv3M3r0GH744XubJ32K/FW7dv1Kw4YNH3Y3jDUJDx8+fN+fqVatGpBHphCeO3eOmjWr4+zsbJOqi4iIyH+D2WwmMzOT8PBwBVgi8p9nrcDKbeFuEau9e/dSvnx53N3dCQ4+zgcfTODtt99SeCWSgzwRYCUnJ+Pp6Ymjo6N+UUVERP6DsrOzSU9PNxYKFhH5r0pNTeX8ecvC2wqw5F527NjJiBGjsLe355FHCvHmm2/c15MRRf4/yhMBFlie6uHk5KQAS0RE5D/IusiviMh/nbOzM3v37n7Y3ZB/iaFDhzB06JCH3Q2Rf4U8E2DZ2dlhZ2enKYQiIiL/Qdb/nxcRERER+TP0L0kREREREREREcnTFGCJiIiIiIiIiEiepgBL8oyVK1cxZ85n97VvRkYGL7/clStXrvzNvbI1ZMgw9u/f/48eU0REREREROT/uzyzBlZuXn65a67vmUwmFi9e9D+3efjwYRYv/opp06b8la7JA1a9enXS0lIfdjf+cb/88ivbtm3jwoVI7O3tCQoK4oUXOlK0aFFjn7Nnz/Hll18SEXEBLy8v2rR5jieeaABAbGwsq1ev4cSJk8TFxVGwYEEaNWpIq1ZPGZ9fuXIVR44c4erVKFxdXalevRqdOnUkf/78Nv1Yu3Yd0dHR+Pv70bVrV0qXLnVHf0+cOMGECR9TvXp1BgzoZ2z/9dfd/Pzzz0REXCA9Pf2O3809e/Yye/Ycm223t3G7e7UJsHPnLjZs+IFr167h5uZG/fr1aN++nbGe3vTpMzl79izx8fG4u7vz2GM16dSpI46Ojsb4LV26jOPHT5CZmUn16tXo2vUVY2zudX2uXr3K/PkLuHjxEqmpqfj4+NC0aROaN29m9DE0NIyVK1cSHn4eR0dHKlQoT5cunfHw8ADgiy8WsXXrNpvz6tz5JVq2bAHAtGkzOHTo0B3n/uabb1CvXt1cx09EREREROS/Is8HWAsXzjd+njVrDi4u+Xn11W4PsUd/TnZ2NiaT6aEvUp+VlYW9vf1D7UNugoICH3YX/pI/O7ZRUVE0b96c0qVLkZWVxfLlK5k0aQpTp07GZDKRlJTE5MlTaNy4EcOGDeXEiRN8+ulsfH19KFeuHPHxCbi7u9OnT28KFvQmNDSUOXM+x9XV1Qi54uPj6dKlM8WKFePGjWg+/3wuixcv4Y03XgcgJOQUCxYspFevt6hQoQIbN25i0qTJTJ48EVdXV6OvqampLFq0mLJly9xxHm5urjRv3pyEhASWLPkqx3MtVqwo48aNNV7fa0Hne7V57lw48+bN5+233+Kxx2py8eIlJk6chIeHhxEgNWnSiC5dXiJ//vzcuBHN/PnzWb16DZ07vwTAzJmfUKCAKx9/PIHs7GzmzPmcuXPn069fn/u6Pi4uLrRr147ChR/BwcGB8PBwZs78FB+fglSvXp2srCymTJlKvXp1GTx4EMnJycyePYdFixYbxwBo3LgRXbp0Nl7fei/17dvb5gluv/12kAULFlK9erW7jp+IiIiIiMh/RZ4PsPLly2f8bH2CkXVbVFQUS5cuJywsDDs7O6OywsnJiczMTBYvXsLBg4fIyMigQIECdOjQnsDA0ixcuIj4+HjeeWcwAK+91pNHHy17x7HNZjNbtvzMzz//zPXrN3B1deW5556lUaOGbN++g127djFq1Ehj//nzF+Ds7EyXLp1JSkrizTff5qWXXmT37t0kJibx3nuj2LdvP5s2/UhSUhL58uWjXr26vPTSi4Dly/jy5cs5fz7CCB+eeebpXL/kW4/RqVNHDh06RHp6Op6eXnTv3g1vb28ARowYSaVKlTh79ixxcfE8/3wbqlSpwurVazh06DApKSkEBgbSrdsr+Pj4APDjjz/l2se7jbm1Py+/3IXdu3eTnJyCl5cXb7zxmtGflJQU1qz5mkOHDpOQkICvrw89evQgMLA0K1euIjo6mrfeehOAuXPncfz4CZKSkvD29uaZZ56mQYP6933vjBgxkgoVKnD+fASpqSmYzWY6d+5shC/Hjx9n9eo1XL58BXt7ex599FFeeaULnp6eAGRmZrJ8+Qr27NmLvb29TUUNwMGDB1m2bAV16tTm8OHDODk5MXr0KE6cOMHq1Wu4dOkybm5utGzZgqZNm+Taz+efb2vzum3bNowcOYro6GgKFizIgQO/YTKZeP75ttjZ2VGjRg1q1KjO1q3bKFeuHMWL+1O8uL/x+Zo1a1Kp0m5OnTplBFivvdbTeN/T05PGjRuxefMWY9u2bduoWrUqNWvWNPqwbdt29u8/QOPGjYz9li+3nG9sbCyxsXE2/a5cuTJgqXDMjclksvmdvpd7tRkVFYWbmxt16tQGICCgOOXKPUpERISxT6VKlYyf7e3tKVDAlcuXLVNPY2JiCA0NY/z4cbi5uQHQrt3zjB07jpiYGLy8vO55fdzc3Gz+/ihcuDCOjo7GMRITE0lKSqJRo0Y4OTnh5ORE7dq1+eGHjTbt3vp32+3s7e1tAq2dO3dRp05tmwo6ERERERGR/7I8H2DlJi0tjQ8//IgGDerTq9dbpKWlMWvWHFatWs3LL3dh585dnD17lokTP6JAgQLExsaSlJREoUKF6N69G4sXf8WUKZPueoxNm35k06Yf6d27F4GBpYmPj+fGjej/qZ+nTp3mvfdG4+DgwOXLl1m5chXjx4+laNGipKWlERl5EYCEhAQ+/ngirVo9xZAhg7ly5SpTpkzFwcGB1q1b3fUYYWFnGDHiXezt7Vmz5ms+/XQWo0ePMt4/cOA3Ro0aYQQz06fPJDMzkzFjRlOgQAG++WYt06fPYNy4sVy5ciXXPt5rzG/2J4xRo0Zib2/P3LnzWL16jVHpM2fO56SlpTFixHAKFizI5cuXcXDI+TYMDAzkxRdfwNXVlWPHjjF9+kz8/f0pUSLgvsf/t98OMmbMaNzd3QkODmbKlKlMmTIJNzc37Ozs6dKlCyVLliAlJYW5c+ezaNFi+vfvC8C6des5ceIE48a9j7u7O8uWLefq1as27UdFReHs7MwHH4wH4Pz5CKZMmcbbb79JtWrVuHTpMpMmTcbDw53HHnvsvvp86tQp3N3djdAvIiKCgIAAmyCzZMmS7Ny5K8fPZ2RkcPbsWZ5+unWuxzh9OpSAgJvjGBERQd26N6eimUwmAgICbIKgEydOEBYWxtix77N48ZL7OpfbRUVdY+DAQeTLl4/AwNK0bdvGCE7/jCpVKuPt7cWePXt5/PHHiIy8yKlTp+nZs7vNfkuWfMWePXtJSkrCycnJmLZoNptzbTsiIgIvL687tt9+faxGj36PqKhrJCUlUbRoUWNqn4eHB0880YBt27bRsWMHUlJS2Lt3L7VqPW7z+QMHfuPgwUO4u7tRvXp1WrduhZOT0x3Hv3r1KsHBwYwd+/79DZKIiIiIiMh/wL92EffffjuIvb097do9j6OjI25ubrRv345ff90NWCq3kpNTiIiIIDMzE09PT4oVK/Y/HWPz5i20bduGoKBATCYTHh4elCpV8n9qo3XrVkZAY29vj9lsJjz8PMnJyTg5ORlrDB06dJgCBQrwzDNP4+DggJ9fMVq1eort23fc8xhPPdXSqM5o3boVoaFhXL582Xi/YcMnjfAqOjqagwcP8uqrXfHw8MDBwYH27dtx5cpVY42f3Pp4rzG/ec6tjf5Ur16Ns2fPAXD9+nUOHz5M9+7d8PHxwWQyUbRoUQoVKpTjeTVu3Ag3NzdMJhOVK1emYsWKnDhx4r7HHuCJJxrg7u4OQMWKFSlc+BEOHPgNgHLlHiUwsDT29va4urry/PNtOX78uPHZXbt+4bnnnqNgwYLky5ePF17odEc1nJOTk81aU5s3b6ZOndrUqFEDOzs7/PyK0bRpE379dc999ffMmbOsWfM1PXq8akw3TUlJwcXFttLGxcWFlJSUOz5vNpuZO3cevr4+NpVTt9qy5WdCQkJ48cVOxraUlNQ7qnlcXPIbx0hNTWXBgi/o3r37n56C6u/vR9++vRkyZBA9enQnNjaOCRM+JjX1z6975uTkRIMGDZg/fwHdunVn5MhR1K1bx6jcsmrX7nnGjx9L//59qVXrcQoWLAiAt7c3JUuW4Jtv1pKUlERCQgJr164DIDn5zvHN6fpYDRr0DmPHjqF791epWrWKzXhaqvSO0LPn6/Tp0w+TyY5nn33GeP/xxx+jT5/ejBgxnHbtnmfPnr3MmzefnGzbtp1SpUpSsmSJPzdoIiIiIiIi/0L/2gqsqKgo4uLiGDJkmLHNbDZjMplITU2lXr26xMfHs3TpMq5cuUr58uXvWBj7Vu+8M5ioqCgAWrRoTufOL3H9+nUKFy78l/rp7X2zgqNQoUL07v02P/20hYULv8Df34/nnnuWqlWrcuPGDXx9fW2+FD/ySCFu3LgBWBaz/uyzz433PvtstvGzp6eH8XP+/PlxcnIiJiaGIkWKANhUkURFXQPg449tq8+cnJyIi4ulePFKufbxXmNu5eZ2c80kR0dHIwS5du06JpMp18Dqdj/8sJHdu3eTkJCInZ0dCQkJ+PndGUJGR0fTr98A43X//n2pUaPGH2PjabOvh4cnMTExAFy8eJGvv17L+fPnyczMxGw2k5qaSkZGBg4ODsTExPDII4/YjNGd7XnYhFrXrl3nwoULNmOUkZFhnPPt99mtax6dOnWaGTNm0r37q1SvXt3Ynj9/fuLi4m2Om5ycfEfglJWVxWeffU5MTAyDBr2TY2Xbpk0/smHDD7z77nB8fX1vOYbzHYFYcnIKPj6WoGfFipXUrFkjx0Xd75efnx9+fn6AZZpd3769eeONtzh16hRVqlS569jkZseOnaxZ8zXvvDOAsmXLEhUVxaxZs1m5chUvvHAzoHNxccHFxQVvb29iY+OYPXsOY8a8B0Dfvn1YtmwFQ4cOx8HBgZYtWxAcHGxzH0Pu18fK3d0dd3d3ChUqxOzZc1i3bj2dOnXk0qVLTJo0hRdffIHGjRuRlpbG0qXL+Oijj40+VKhQwWjnkUcewdHRkY8/nkRaWppNFVZGRgY7d+6iU6eO9zvsIiIiIiIi/wn/2gDL19cXX18fJkz4MNd9WrduRevWrUhKSmLZsuXMn7+A0aNH5bimVE7TCX18fLh69WqO62M5OTmRkZFhsy0hIRFnZ2ebbbdXaVjWL6pBRkYGu3b9wvTpM5kzZxYFCxbk+nXbKp2oqGtGpUi9enXveNpYUlLSH/tFGUFLXFwcaWlpNqHVrX2wBhIjR75rVCbdLrc+3mvMrf3Jja+vD2azmWvXrt0zxDp48CAbN25i+PChRug4bdqMHKd8eXt7s2TJlzm2Yw1Ebn1drVpVAGbPnkO1atV4883XcXR05Pz5CEaOtEy9NJlMeHl5ERcXa3w2KyuLhISEu/bbx6cgRYsWoWvXV3J8P7dpq7///juzZ3/G66/3vCMcKV68OPv3HzDCQoDw8HCbda/S09OZOfNTMjIyGDx4UI5Tz9auXcf27TsYMWL4HcFs8eLFOXcu3HhtNps5f/68sUj4sWPBJCYmGtMW09LSyM7O5q23ejF9+tQcj3cv9vb22NnZGYuT32tKb07Onz9PUFAQ5cuXB6BIkSLUqVOHX375xSbAupXZbObq1Zv3hY+PD3379jZeHzp0iHz58lG6dGlj292uT26sx4iMjMTOzs54oqCjoyPNmjVjzJj3SUhIMNbeupW9vQNms9lm4XaA/fsPkJmZSe3ate6rDyIiIv82X3/9DRMnTsLPz4+vv179sLsjIiJ5yL92CmGNGtVJSUnlm2/WkpJiWaDbOkUN4OTJk5w/H0F2djbOzs64uLgYwZWHhyfx8fH3DFyaNm3CunXrOXPmLGazmfj4eONLfokSAURGXjQCkvDw8xw7duyu7V2+fJng4GAyMjLIly8fbm6umEwm7OzsqF69GomJiWzY8AOZmZlcvHiRDRt+4Mknn7jnWKxbt94IrpYuXUZgYGmj+up2Pj4+1KhRg/nzFxrVXUlJSezbt5+srKy79vFeY34vPj4+VK1alYULF3Hjxg3MZjOXL1++I2Sy9CkZV9cCRjAXHn6e4ODg+zrOrXbu3MW5c+FkZ2fz00+biY6OpmbNGsYxihUrhqOjI1lZWWzcaLuodoMG9dm48UcjqNy8eQtpaWl3PV6TJk345Zdf+e2338jKyiIrK4uIiAuEhobl+pkDBw7wySezeP31nlSqVImMjAwyMjKMsO6xx2qSlZXFunXrSU9P5+jRoxw8eMiYIpiSksLkyVPIzMykb9/e2NnZkZGRQVZWlnGM5ctXsGPHToYOHUzBggWNY1g1bNiQI0eOcOTIEdLT0/n22+/IyMjg8cct63aNGjWCCRM+4IMPxvHBB+N4/PHHKF++PB98MA5HR0fA8qTNW497+zH27dvHhQuRJCcnc+XKFebOnUeBAgUoU+bOJxpa3avNMmXKEBYWRkjIKcxmM1FRUezZs4eSJS1TfSMjL7Jz5y6uX79OUlISwcHBrF//LVWq3JxieO5cOFFRUSQlJXH06FG+/HIJzz77jFHhdq/rc+jQIY4ePUpcXBxxcXFs376Dffv2U7myZfF4a182b95CZmYmSUlJbNmyBR8fHyO82rp1G1FRUSQnJxMaGsZXX31F5cqV76iy27p1K/Xr1/tTgaGIiMiDMnbsOGrVqkOtWnUYOnT4n2rjq6+WUqtWHV588aUH3LsHIyUlhWHD3uX559tTq1YdFixYeMc+0dHRDBkyjCefbESLFk8xY8ZMm39/ZWVlMXPmJ7Ro8RRPPtmIIUOGGf/+ttqw4Qeef7499es/QbdurxIcfNzm/RMnTvLqq92pX//UDb59AAAgAElEQVQJ2rZtx/ffb/jH+zB79hw6d+5C3br16dWrDyIiD8u/tgIrf/78vPvuMFauXMWQIcNIS0vD29uLBg0aUK1aNWJiYlm0aDHR0dHky5ePgIAAund/FbCET7Vr12LQoCFkZWXRr18fmyk8Vk891RI7Ozvmzp3HjRuWpxC2afMcJUuWoEiRInTs2IGJEyfj6elhhDN3k5GRyZo1X3Pp0mXs7Ozw8SlIv359jCeTDRkymGXLlrF+/bcUKFCAJ55owFNPtbznWDRo0IDx4z8kLi6OwMBA+vTpfdf933jjNdatW8+HH35EXFyc8RS1xx6redc+Ancd8/vx1ltvsHr1GsaOHU9SUhK+vj707NnzjoqsOnVqc/z4cd59dyRubq4UKVLkjnWN7kfjxo346quviIi4wCOPFOKddwYalWfdu3dj2bLl/PTTTzg4OFCrVi2b9byee+5Zli9fwahRo/Hy8iYoKPCeU0pLlSrJwIH9+eabtcyfb/mHTtGiRXjuuWdz/cx3331Pamoq06bNsNk+evQogoICKVCgAIMGvcPixYv59tvv8PT0pFu3rpQrVw6AkJAQTp4MAeDNN982Pl+pUiWGDBlEamqq8cS7W/+R6eDgwBdfLAAs64F17/4qixd/RUxMDP7+fgwa9A6urpZpdLdPnXRyciJfvlSbhcx37txl84+77t0tTz6cPftT3NzciIi4wLJlK4iLi8PV1ZXAwECGDRtCgQIFch2be7VZp05tYmJiWLBgIdHR0bi4uFClSmVefPEFAOzsTPzyyy8sW7ac9PR0vLy8qFOnNm3btjHaPHPmDOvWrScxMRFfX19at25l88TJe12f7OxsvvlmLVeuXMVkMvHII4V4+eUuNGz4JGCpFu3fvy9r165j1arV2NvbU6pUKQYOvDnt9cCB31iz5muSk5Px8vKievVqdzz98MKFSE6fDuXVV1/NdbxERET+bklJSfz881bj9S+//EJ0dPQdDzfJi6zBzv2s52kymahSpTIdOrRn6tSpOe4zatR72Nvbs3bt18TExDJw4Du4uLgYT39etOhLtmz5mVmzPsXb24tx4z5g5MjRzJkzC4DDh48wYcJHjB8/lscee4ylS5cxYMBA1qxZhYeHBwkJCQwYMJC2bdvwySczOXjwICNGjKJIkcLGchl/dx8AihUrxttvv8W2bduNpyyLiDwMJvPdHsP1D/nxxx+pX78uTk5Od0y5k9wlJSXx5ptvM2PGtH/FPxr+aSNGjKRVq1Z3TL0UEZF/ntlsJi0tjV9+2U2LFi0edndE/vO2b99Ogwb1Hni733yzlo8/noinpyf58+fn8uXL9O7dy+aJ1HXq1CP7/9i78/iYrv+P46+ZbJaIkESChCCxV621xE4t1cZaS6ut0tJqay+KorVUUWvtlFJUi6C17zutorZaIxL7GkIksszvj/zmfoWESEOGvp+Px/fxzcy9c87n3rmJznvOOTc+nlGjRhIQEMClS5cIDEz48mjBgvn8+utCFi5c9FDbc+f+xN9//21MIXz77beYNetHIiIiqFSpIv369TVGJwcHBzN58lQOHz7MnTt38PHxpkmTJjRsGIjZbCYkJIQWLVoB0Lt3L+bP/5nQ0FCWLFnMyZMn6d79cwB27378jXbee68NVatWpV27/93lOCwsjGbNmjN37k/4+SUsO7Bo0WJmzPiBFSt+B+D11wN5553WxtqVp0+fpmXLt1iwYD6+vr707z+A6Oh7fPvtN0DCyPM33mhIu3ZtadKkMUuXLmPSpMksX/6bEbr16dMXs9nM4MGDnkkN9xs3bjzHjh1nwoTxjz1nImJ7tm7dTvXq1dO7DG7dSljfOaUzuQBjwMxzO4VQRERERESerWXLlgEJo9xffbU2kDBa+UmUKVOakiVfBhJuiNOiRXNatGie6MZE58+fZ/r0Gfj5+REVFcW6dev5+ecFQMIamO+/347Nmzfj5eVJjRrVOX06hGHDvmXixEkP9Tdy5Hf4+vpStWrVVN9N+UEnTpzAwcHBCI4AChcuzLVr17h+/Trh4eFcuXLFWKcTEpYVyJAhAydPngLg5MmTFC1axNhuNpuN5RGsfRQsWDBRzUWKFDGWpngWNYiI2JLndgqhiIiIiIg8OydOnDSWLahduzbOzs7Mnj2HM2fOsG/ffuNGOVZJ3TgJoGbNmpw/f4H9+//GzS17omn195s6dTLe3t707z+A1avXGH0vWbKUqKgovL29mTZtKmazGT8/P8aNG88vv/xKhw7tE7XTrVtXmjZtYjy2WCzGnYBTK2G91sR3LLbewfjOnTvGsTs7J14qwdnZ2ViHN7k2bt++bbTz4OuzZMny2NenZQ0iIrZEAdZzLHPmzMnefU9gyJDB6V2CiIiIyAtj6dKlQMKNeUqVKonZbMbX15eQkBCWLVv2UIBldf+i4inl4eGBt7c3gHFXbmvocvHiJQDy5s1rhDQFCuQHEu6UHB4enqgt601prHLkyJGidWYfJXPmTA+FPBERt/9/W2ajrtu3E9806vbt28b6n8m1kTOnl9HOtWvXH9ge8djXp2UNIiK2RFMIRURERETkkaKjo1m1ajUAV69epWLFAMqXr0hISMIdutev32AEIZkyZQLg1q0IgCSno1mnxcXHJ70cr4ODg/Hzg2vkenkl3KX6zJkzxMfHA3DqVDCQcKOZB28+Y71jstXly5dZuXIVK1eueuQxP4q/vz8xMTFGvwDHjh3Dzc2N7Nmz4+rqioeHB0ePHjW2h4SEEBUVZUz58/Pz4+jRY8b2+Ph4jh8/jp+fn9HHiRMnjGO09uHv/7/tT7sGERFbYhMjsDJlykR09D0cHBySHWosIiIiz6/4+HhMJpPxwVZEni8bN24iIiIhkAoICDACKIvFwtatW4mOjmb16jU0bdqEIkWK8OeffzJ9+gxOnDjB778vf6g96wifsLAwhg79BmdnZzp1+ixFtTRsGMjixUGcPXuWDh0+wsfHh7Vr1wHQrFnTROFXUo4fP87AgV8BPHIk1r1797De7yo+Pp7o6Gjs7Oywt7fHx8eHsmXLMmHCRAYM+JLw8HB++mluojsdN27ciHnz5lOuXFmyZ8/O999PpHTpUvj6+gLQqFEjOnfuwvbt2ylTpoxx1+RatWoCCeuMTZgwkR9+mEnr1m+zd+9etmzZyujR3wE8kxoAYmNjiYuLIy4uzrghh9lsfux5FhFJazYRYPn7+3P48BEiIyPTuxQRERF5SjJlyoSHh0d6lyEiqbBs2W8AlC5dmlGjRiba1rNnbzZv3syyZcto2rQJPXp0Y9CgwZw8eYpdu3bRtu37fPfdqESvqVy5Mq++WpsdO3aydOkyHBwcUhxg+fr6MmPGdKZOncbhw4c5fvwEefPmoXHjxjRq1DBtDhho0qQZV65cAeDo0WNMnz6DZs2a8vnnPQAYNOgrhg0bTmBgIxwdHXn99Qa0bfu+8fo2bd7jzp07tG//EdHR0bzyyisMHjzI2F66dCl69+7FyJGjuHLlCn5+BRg9ehRZsyYsZp8lSxZGjx7FyJEjmTXrR9zd3enZ83PKlCljtPG0awD4+utBrF69xnhctWp18ufPx/z589LqVIuIpIjJYv1aQUREREREXgibNm2iSpWA9C5DRERsxNat26levXp6l8GtW7cA2LdvX4pfU6pUKUBrYImIiIiIiIiIiI1TgCUiIiIiIiIiIjZNAZaIiIiIiIiIiNg0BVgiIiIiIiIiImLTFGCJiIiIiIiIiIhNU4AlIiIiIiIiIiI2TQGWiIiIiIiIiIjYNAVYIiIiIiIiIiJi0xRgiYiIiIiIiIiITVOAJSIiIiIiIiIiNk0BloiIiIiIiIiI2DQFWP8xcfv3E1GjBnH796d3KSIiIiIiIiIiKaIA6z/CEh5u/H/spk0PPS8iIiIiIiIiYqsUYD2BOnXqULZsWVasWJFmbS5cuJCyZcvSqFGjJLdfvXqV119/nb59+3Lv3r1U93OnTRtulSpF3N9/AxD399/cKlWKO23apLpNEREREREREZFnwSYCrE2bNlG2bFnjfwEBAbz++uv07NmTPXv2pHd5hiJFilC8eHGyZcuWZm26ublRvHhxChUq9NC2O3fu0KlTJ15//XWGDBmCo6NjqvtxqF4dc968RI0eDcDdAQMw582LQ/XqqW5TREREROR5sGjRYsqXr0jTpm+medutWr1F+fIV+fHH2WlaT0r2CQkJoXz5ipQvX5FLly49Ud1pKTXnN7W1r1+/nvLlK1K5ctXUlPrM1K/fgPLlK7Jy5aoU7d+3bz/Kl6/IkCFDn3JlIs8v+/Qu4EEFCxYkOjqac+fOsWHDBjZs2MCnn35Km3QcKRQTE4ODgwNjx45N87Zr1KhBjRo1ktyWOXNm5s2blyb9OHXpgmObNkTUqIEZMGXLRuZZszC5uqZJ+yIiIiLyYmvd+h1OnDgJQJs27/Hxxx8Z24YPH8GiRYsBKFu2LBMmjE+XGpPj5pad4sWLkSOHZ3qXkqacnJwoXrwYQIq/7K5WrQZRUVEMHTqYWrVqpUkdL+r5/TcKFy7MrVs3yZYtZZ+38uTJQ/HixcidO/dTrkzk+WVzAda3336Lj48P165dY8CAAezatYsJEyZQpUoVChQoQGxsLIsWLSIoKIizZ8/i6upK5cqV+eSTT8iSJQsA8+bNY+HChVy8eBE7Ozs8PT1p0qQJb731FgChoaFMnTqV/fv3c/XqVdzc3GjTpg1vvvkmCxcuZNiwYXh7e9OoUSPmz59PxowZWbJkCXXq1OH69et8/fXXvPbaa8a+uXLlokGDBqxcuZKbN29SuXJlevXqhbOz8xP1t2TJEgBu3rzJtGnT2LZtG1euXMHT05Nq1arRrl07nJ2dCQkJoVmzZgB0796d3377jdDQUPz9/Rk4cCB58+Z96LxawsOJqFEDy40buOzfz62SJYmoUYMsGzcqxBIRERGRJ7J4cRBt2rxHxowZCQ8PZ/nytFti42moXr061V/AmQc5c+Zkxozp6VpDTEzMC3N+rQMX0sLo0d890f4dOrSnQ4f2adK3yIvK5gIsKzc3NwYMGED9+vWxWCxs2LCBAgUKMHz4cBYvXoy7uzutW7fmwIEDLFy4kEOHDvHjjz9y/PhxRo0ahaurK++99x5xcXGcPn2a0NBQAMLCwmjdujWRkZHkypWL119/ncuXL3P69OlE/Z89e5bZs2dTqVIl7O0ffZrOnz/P3r17CQwMJCgoiJUrVxITE8OwYcNS3J9VTEwMH374IcHBweTKlYt69eqxfft25syZw759+/jhhx8S7T9z5kwCAwO5e/cuBw8eZPjw4UyYMOGhdk2urmTo3Bmzry8mV1cyjRmDJTxc4ZWIiIiIPJGsWbNy8+ZNfvvtd5o3f5NFixYTFRVlPH+/W7duMWPGD2zbtp2rV6/i5eVFo0YNad78Tezs7AgJCaFFi1YAdO3aheXLlxMaGoa/vx9fftnP+GJ2/vyfWbw4KNEX1I0aNaRVq5ZERUXRtWs3zpwJ5ebNm9jZ2ZEvny/vvfcuNWvWBBKmuA0fPgJvb28WLfo1RbUl5e7du4waNZrNm7dgb2/P22+/leR+u3btYubMWQQHn8ZsNlO8eHE6dfo0yS+aU2Lx4iBmzfqRiIgIKlWqSL9+fcmYMWOi87ds2RI8PT3ZvXs3U6ZM5fTpEGJiYnBzc6N06VJ07tyJunXrG2326dMP6EeNGjUYNmwoN2/eZMaMH9i+fYfxJXrVqlV4//02xhfz9es34Pr167Rr15a9e/dy8OAh+vbtw927dx86v8OHj2DHjp3cuHGD2NhYvLy8eO21+rRr1/aJjn337t2MGzee0NAwXnrpJSpWrPDQPql5L/v27ce6deupU+dV7Ozs2LRpM7Vr16Jfv76EhIQwefJUDh06xJ07d8ifPx8ffNCOihUTpjs2atSE+Ph4fvnlZ+M97dmzN5s3b6ZZs6Z8/nkP41wNHDiA+vXrcfbsWUaNGmO06eLiQr58+Rg8+GuyZ89u1BMY+AZ9+/YBIDg4mMmTp3L48GHu3LmDj483TZo0oWHDQMxms3Fd58qVi9deq8/KlasIDw+nYsUKxjUCPPJ4AKKjoxkzZixbtmwlPDycjBkz4uPjzSefdKRs2bJP9H6JPE02G2ABeHh4kDFjRu7evcu1a9eIiIgwRil16tSJSpUq0aRJExo3bszRo0f5888/jcTcwcEBLy8v8ubNy3vvvUfmzJkBWLRoEZGRkbi7uzN//nzj+djY2If6nzZtGgUKFHhsnY6OjowaNYrMmTNTqFAhOnfuzLp167h169YT9Qewc+dOgoODAZgyZQo5c+bkn3/+4Z133uHQoUMcOHAA1/tCp759+1KtWjXy589P//79OXz4cPJ13jcN0yGZReNFRERERB6lbt06LF++gp9/XkBg4BssXLiI7NmzU6VKZZYuXWbsFxsby8cfd+TkyVMUKVKYevXqsmbNWsaMGcvFixfp2rVLonZ//HE2b7zxOnfvRnHw4CFGjhzF+PFj+eefo4wZMxZXV1feffed//+COoSwsDAg4QvgsLCzVK9eDXd3d44fP8HGjRv58ssB5M+fH19f34eO4UlrsxoxYiTLl6/AycmJatWqsnhxEOfPn0+0z5o1a/nyy/7Y29vTtGkToqKiWLp0Gfv37+enn2aTM2fOJzrf58+fZ/r0GRQuXJidO3eybt16/Pz8eP/9h5dYiY+Pp0+ffty+fZuWLVvg4uLCuXPnCAkJwcnJiRYtmrNo0WJiY2MJCAjA2zs3BQsWJCYmho8++pjg4NPkypWLunXrsGPHTn76aS779+9n2rSpmM3/Wz55xowfKFnyZWrXrkXWrC7cvXv3oVpOnjzJyy+XIE+ePNy4cYMlS5Yydeo0PDw8CAx8I0XHHhYWRrduPYiNjaVw4UK4uLgwefKURPuk9r20WrNmLXny5KFGjer4+PgQFhbG+++3IzIykpo1a+Lj482vvy6kS5duDB8+jGrVqlGxYkW2b9/OqlWr6dChPTdv3mT79u0Ayd6ca9SoMWzfvp1q1apRpEhhrl27xt69e4mMjCR79uwP7X/mzBnef78dUVFRFC9ejDx58rB27TqGDfuWc+fO8emnnxj7nj9/nm3btlGzZg0WLlyU6BpJyfEsXLiIxYuDKFjQn2bNmnL79m2OHDnCpUuXU/Q+iTwrNh1gXblyxfhj6ObmxuXLl4mPjwegf//+D+0fGhpKs2bNaNSoEb///juDBg0CwN7entatW/Ppp59y4cIFIGGtLWuYZN3nfh4eHikKrwBcXV2Ntu6fs3zp0qUU92d18eJFADJmzGj843Z/HRcvXkwUYBUsWBDA+FYkMjIyRTWLiIiIiKRG5syZCQx8g/nzf6ZPn35cv36d9u0/5Pr164n227VrFydPnsLOzo6vv/4KFxcXChcuRI8ePVm4cNFD06W++KIXVatWJV++fAwc+BVHjhwB/vfftw4ODnh6epInTx7eeae18d/WmTNnZsmSxdjb2xMbG8u9e/c4fvw4586d46+/9iYZYKWktkyZMiV6zb1794wFubt06UyTJo25ceMGb7zR0PiMAjB37lwAAgPfoG3b94GEMGL//r8JClpCx44fP/E5nzp1Mt7e3vTvP4DVq9fwzz9Hk9wvPj6eqKgoTCYT7u7uFC5ciIYNA3F3dwegW7euLF26jNjYWBo0qG+sgbV161aCgxNmiEyc+P3/f4l+lDZt3ufQocMcOHCQkiVfNvqpVasmQ4cOMR5b1z+73/jx43ByciI+Pp7o6GgiIyNZvnwFu3fvTnGAtXz5CmJjY/H09GTGjOnY29szduw45s2bb+yTmvfyfl5eXvz002ycnJwAGDduPJGRkfj5FaBXr88BsFgszJ49hzlzfqJatWo0ahTI9u3bWblyFe3bf8i6deuJjY2lePFi+Pv7JdmP9XNt1qwu+PkVoFatmvTo0T3ZupYsWUpUVBTe3t5GgOjn58e4ceP55ZdfE/3+JJyXMbi6unLz5k2WLfvNuEaCgpY89nisv2OZMmXCx8cHHx8fPv74o8fORBJ51mz2irx+/TpfffUVACaTiRo1apAjRw7MZjPx8fF07tzZCG8A4uLiyJs3LyaTiX79+tGzZ0+Cg4PZt28f3333HbNmzaJNmzZGKHT8+HEiIyONP2axsbGJfkGtf8BS4tq1a1y9evX/v/E5bjzv6emZ4v6svLy8gIQ/cBcvXsTLy8sYkWVt837Wb0JMJlOK6xURERER+TdatGjOggW/sH37dpycnGjatAnTpiVei+nChYQvZuPi4njzzRaJtsXGxnLhwkXs7P43qsff3x8AZ+eEYMr6obpUqZI0bBjI8uUrjDu0Wafvdez4Mbdv32bkyO/YuXMXt27dStTPg6Hak9RWoED+RM/f/2W69XNItmzZ8PT05OzZs8Z+Fy8m3FFv8eIgFi8OStRGWNhZnpSHhwfe3t5Awpf6kHC38qTY29vTrVtXJk2azPff/29ZkfLlyzNixLfJfsax1pz4S/T/Hf+DdwksX778I2u2WCzMmvUjK1as5NKlS1gsFmPb9es3HvnaxHUlvE/58+c3Pjs9ePf21LyX93v55RKJzou1vZMnTyWacgn/e/8CAgLw8PDgwoUL7Nu3nxUrEtaAS270FSSscTV48BCWLfuNZct+A8Db25tRo0YmObXU+p7kzZvX+MxnPY7o6GjCw8ONfT08PIxBDtaBDdZrJCXH06RJY/bu3cvevfvYv/9vo51+/foke8MxkfRgcwFWr169uHfvHmfPnjWm2X3yySf4+SUk2YGBgSxZsoSff/6Z+vXr4+DgwNmzZ9mxYwfz5s3j8OHDDBo0iDJlyuDu7m6sfZUpUyYyZMhA06ZNWbx4MVevXqVVq1aUK1eOGzdu4OXlxeeff56qmuPj4/nggw94+eWX2bRpEwA1a9bExcXlifurWLEivr6+hISE0KFDB8qVK2cMRy1WrBgvv/yycUwiIiIiIukhZ86c1KxZg3Xr1tOgwWuJZghYeXklfPFqb2/P8OHDEi2OHRMTQ86cXly+/L8pSsl9MWsymejT5wt69OhOcPBp9u/fz+jRY/jxx9m8++47TJ8+g9Wr1+Dr68uAAV/i7JyFAQMGGuFHUlJS24M8PDwwmUxYLBYuXrxI8eLFiIqK4tq1aw+1HR4eTr16dWnQ4LVE2zJlysyTur+2lHxp3aRJYxo3bkRoaChnzpxh0KAh7N69m927d1O1alUjCLovUzLOR+Iv0f+3Zm+OHDkS9fG4Ox5u2bKFH36YiZOTE/37f0muXLmYO3ceW7ZsASyPfO39rF/eW2e1AJw7dy7RPql5L+/3YKhnbc/PrwCdO3dKtM0aYNrZ2fHGG6/zww8zmT59BocOHcbZ2ZlXX62dbD8vv1yChQt/4fLly4SEhDBlylQOHTpMUNASunTp/ND+1jrOnDlDfHw8ZrOZU6eCjZrv/527f52vB6+RlBxP9uzZmTRpIhEREQQHn+a3337jt99+Z+bMWQqwxKbYXIB1/PhxHB0dcXd3p1ixYrz55puJFo7r3bs3/v7+LFmyhAULFmAymfD09KROnTq4uLgQGxuLm5sba9euJSIiggwZMlCyZEk++ihhCKSPjw9z5sxh6tSp/P333/z++++4ublRocLDiwGmVO7cuWnZsiWzZs3CZDJRr149evXqBfDE/Tk4ODB9+nSmTp3K9u3bWbFiBTly5KB169a0a9cu0dxzEREREZH00rVrFxo2DEw0K+J+FSpUIF8+X06fDmHGjB8ICAggOjqakydPceHCeebPn5eifg4fPsLQoUMpXbo0bm5uxtpX1i+orR/CTSa4ezeKAwcOPjK8Sm1tTk5O1K9fjxUrVjJu3Pj/v5HTvofWf2rVqhUDBgxk48ZNODs74+bmxpUrV/jjjz/54IN2FC9eLEXHnVpNmjSjdOlS5MyZk3v37hEdHQ1A9uwJo7e8vDw5efI2s2fP5sCBA1SpUpkKFSoYX6J37PgpZcuWYceOnQAUK1aUl18u8UQ1xMXFAQlhSkxMDKdOneKvv/564mN57bX6/PTTXEJCQhg48Ct8fHyYOzfxe5NW15lVo0YNWbw4iJMnT7FkyVL8/f0JDw/n8OHD5M+f3/gcFxj4BjNnzjKOq27dOmTIkCHZdr/4oi8Wi4V8+XxxcHDg2rWE0YHZsmVLcv+GDQNZvDiIs2fP0qHDR/j4+LB27ToAmjVrmuK7JabkeObOnceOHTuNdcasIwqzZXt4bS6R9GQTAVb16tXZs2dPiva1t7enRYsWtGjRIsntuXPnZuLEiY9sI2/evAwZMiTJbc2aNaNZs2ZJbluzZk2ybbZs2ZKWLVumSX+urq707Nkz2b58fX0fOl9VqlRJ8TkUEREREfm33N3djbWVkuLg4MDkyZP48cfZbN26jVmzfiRDhgzkyeNDgwYNUtxPtmyuZM/uxrp16+/7gvpl2rf/EHt7e9q1a8v58xf466+/GD/+e2rVqom/vx8nTpxM89p69OiO2Wxmy5atLFy4iDfeeJ0LFy4QEhJi7FOvXl2yZHHmp5/msm7deiIjI3Fzc+Oll4pTqFDSYV9aKlKkMHv2/MX169cxm814e+emWbNmRnDWqdNnjBjxHSdOnOTYseO4ublRrlw5pkyZxPTpM9ixYycrV64iR44cvP32W7z/fpsn/hK9evXqtGzZghUrVjJhwkRKlixJlSqVWbVq9RO1kzdvXkaOHM748d+zadNmChcuRMuWLZgx4393Zk+r6+z+PmfOnMH06TM4ePAQmzdvIWvWrPj7+1O1ahVjv5w5c1K+fHl27doFPHr6ICS8LytWrGT37t3ExMTg7u5Oy5YtaNUq6c+Qvr6+zJgxnalTp3H48GGOHz9B3rx5aNy4MY0aNUzT48mXz5cNGzawdOky7t69i4uLC9WrV6dr14dHhomkJ5Pl/h2tQXwAACAASURBVAnJ8kQWLlzIsGHD8Pb2Nu6OKCIiIiKS3jZt2kSVKgHpXYbNmDt3HuPGjadIkcLMmjUzvcsREXnmtm7dTvXq1dO7DGOtwn379qX4NaVKlQJA89FEREREROSFtWDBLwQFJXzZXLJkyXSuRkREUssmphA+rx413VBERERERNLf1KnTiI+Pp2bNmrRr1za9yxERkVRSgCUiIiIiIi+s9evXpncJIiKSBjSFUEREREREREREbJoCLBERERERERERsWkKsERERERERERExKbZxBpYBw4cSO8SRERERESeqhIlSqR3Cal2/vx5tm/fadz+XEREnh4XFxcqVapI7ty50rsUm2ITARZAoUKF0rsEEREREZGn4tixY+ldwr9y+vQZypUrQ4YMGTCZTOldjojIC8tisRAbG8uZM6EKsB5gMwGWiIiIiIjYprt37+Lq6oqjoyNms1YhERF5WuLj47l37x6RkZHpXYrNUYAlIiIiIiKP5ejoiJOTkwIsEZGnKD4+Pr1LsFkKsERERERE5LHMZjNms1lTCEVEniLr31p5mM6KiIiIiIiIiIjYNAVYIiIiIiIiIiJi0xRgiYiIiIiIiIiITVOAJSIiIiIiIiIiNk0BloiIiIiIiIiI2DQFWCIiIiIiIiIiYtMUYImIiIiIiIiIiE1TgGVjtm3blt4lPHM65v+G/+Ix2yq9FyIiIiIi8rxRgCUiIiIiIiIiIjbNPr0LEBER29WoUaNkt9WoUYPOnTs/w2pEREREROS/6oULsFq1asXdu3eNxyaTCYvFQuXKlenRo8dT6fPWrVu8++67Dz0fGBhI27Ztn0qfIk9DhgwZUvW6qKioNK5EbMmSJUuSfL5x48aYTCY6der0jCsSEREREZH/mhcuwHJzc+Ps2bPGY4vFAiSs+bJt2zaCgoIwmUxp2ufKlSuNoMzKZDLRpEmTNO1H4MiRI/Tt2xeAoUOHUqRIESDhg/T959/KZDIRFBT0r/q0tm39EP80+0rOmjVryJEjByVLlkxy+4kTJzh79iw1atT4V/289NJLHDhw4IleU6xYsX/V5+PMnTuXZcuWMWHCBNzd3Y3nu3TpQqdOncifP/9T7f9BQ4cOpVKlSlSvXv2Z9muLgoKCaNy4McAjQ6y5c+fy66+/YjYnnrXerVs3KleunKY1xcXFsXXr1id+f7744gvq1q2b6HXBwcH069ePefPmMXDgQON3Iz4+PtGxzJkzh8GDB3Pt2jWmTJmS6N+YLVu2MGrUKL766itefvnlJPsREREREZHHe+ECLHv7/x2SNXA4c+aMMc1lxIgR9OzZM037bNGiBS1atDCCjQkTJpA7d+407eNBMTExzJ8/nylTpvDXX38Zz/fr1w+AwYMHG8+VKVOGDh060KpVKxwcHFLVn8Vi4ezZs5w5c4Zbt24Zz/v7+wMJAYqVi4sLefPmxdvbO83Dwr59+xrhUZ8+fYzA6GkFR9a2759G9TT7elBwcDDdu3dPFJg9OBrmrbfeIjIyEoCxY8fy9ddfU6JEiVT1d+fOHaKjo/nuu+/4/vvv+fTTT+nevfsjX3P/9fC0uLi48OOPPz62lkd5MHSQtGENsSwWyyOnE9auXZtPP/30qddz5swZNm/enOYB0cCBA42f27VrR8+ePSlUqFCifeLj4/nnn38oWrSo8dy2bdvInj17mtYiIiIiIvJf9MIFWNbA5P7gJG/evMbPWbJkeSr9Xr582QgZnnZ4BRjh1Z9//pnoWK0/3x94WCwWypUrB5DkVMeUsIZXVatWTfT877//DsDrr7+e6PktW7YA4OPjk6r+ntSzHBX1LPvq1q3bQ8/98ssvNG/eHIB169YZ4ZXVgAEDUl1HbGwsABMmTKBYsWJMmDDhsaFRTExMqvp6ErVq1WLDhg0cOXIkUThgFRISwuTJk7l58yaOjo68/fbbvPLKKyxdupQzZ84QHBxM2bJlyZo1K6dPnyYmJobQ0FDc3d2pV68eK1as4Pz587Rs2ZIaNWpgsVj44Ycf2L17NwDFixfnk08+wc7O7qkf6/PIGvKmZj2sRYsWcfnyZT7++OOHHkdGRjJ16lSOHTuGvb09DRo0oF69egC8/fbbvPvuu+zYsYNLly5Rq1YtGjRowNChQ7l9+zb9+/fn66+/5ty5c0yaNIkbN26QIUMGPvjgA2PkZlorWbIkW7duNa7R27dvExIS8kz+TRARERERedG9cAHWg27fvs3UqVONx9YPSWlt1apVAGk+4ig5U6ZMYceOHVSqVIldu3Y9tP3+OipUqGDsm9oA68yZM1SuXJmtW7dy8+bNh7ZbgyyArFmzEhAQwPbt29M8wBoyZEiiKYRWz3JU1LPs68GpqZAQ1lidP3/+odckFa6lVHR0NAC9evVi9uzZKRrxZA29niaz2cx7773HjBkzGDlyZKLrOz4+npEjR9K8eXOqVq1KaGgovXv3ZtKkSdjZ2fHXX3/x7bff4uXlxfLly9m3bx/jx48nU6ZMtG/fnt27dzNgwAAOHTrEpEmTqFGjBn/++Sf79+/n+++/x2Qy8fnnn7Njxw6qVKny1I/V1vXp04ehQ4fSu3dvhg0b9lT7mj9/PgATJ04kIiKCHj16UKhQIfLly4fZbObKlSt89dVXXL16lY8++ojAwEDef/991q1bx4ABAwD47rvvqFevHnXq1OHEiRN88803TJkyJdWjUR+lXLlyTJ48mQ8++AA7Ozt27dpFuXLlOHPmTJr3JSIiIiLyX/PCBlgWi+Whu2dNmzbtqfW3bt06gGe2rol12uCuXbu4e/dusotvR0VFkTFjxkSvSQ3rNLGbN29Sv379ZEeixMbGsmrVKkwm01MJNooWLfpMAySrZxVMPqhOnTqsXr060XO+vr7Gz++++y5BQUEPrb+WWtbF2Dt27EinTp2IjY0lLi4u0T4rVqxg3759RpD4rM5NQEAAK1euZP369dSuXdt4/vLly1y9etUIl/LkyYOPjw9Hjx7FZDKRP39+vLy8jP2LFCmCs7MzQKJ1xby8vLhx4waQEES89NJLODo6AlCwYEEuXrz4TI4zpTZs2MC4ceMSPVezZs2nuqB6v379OHLkCABHjx7l888/Z8SIESl67ZYtW9izZ0+i56whU3J2795N9+7dMZlMuLi4UKlSJXbv3k2+fPkAqFSpEgDu7u5kyJCB8PDwRK+/fPky586dM64Xf39/smfPzrFjxyhevPhD/U2dOpVZs2YZjx+89h8nS5Ys5M+fn/3791OmTBm2bNnCW2+9pQBLRERERCQNvLABlslkokSJEly8eJFLly4B8OGHH9KoUSPatGmT5v1FREQACR8gn4WiRYvyxx9/UK9ePSOgSs6rr77KH3/8keTUq5RydnYmPDwcd3d3Vq5caTxvPc/Zs2cnMjKSPXv24OfnR3R0tDEV60WQHqEZJIwYrFatGhs2bDBC0mrVqiXaJygoiAULFhAUFERUVBQ5c+ZMdX/WD+xxcXFJfngPCQmhZ8+e2NnZ8dJLLxEYGEimTJlS3d+TateuHYMGDTKCC4Dw8HCyZMmSKEhzdnY2QtcHpw3fH/aazWacnJwAsLOzM4751q1b/Pjjj4SFhWEymbh8+TKvvfbaUzuu1LD+rbGGWE87vOrcuTNnzpwx1rHq168fgwcPpmPHjkycOPGxr69QoQLvv/9+oudcXFzYu3dvsq+5efMmw4cPNwLzmJgYAgICjO33/+0zmUzEx8c/9PqYmBg++ugj47moqKgkR5ECtG7dmooVKxqPw8LCnniUWZUqVdi8eTMFChTg8uXLFC5c+IleLyIiIiIiSXthAyyAr776yvh5woQJrF27liVLlqR5gHXhwgUjqHnppZfStO3kdO7cmd69e7N169YUrYFVpUqVf/XhNn/+/Pzzzz9UqlQpUX9nzpzBzc2NTZs2Ubx4cerXr4/FYmH9+vV4eHg8s/PxIitatCgFChRg3bp1mEwmPD09H9qnRYsWRsjWsWPHNOl3zpw5rFq1ijFjxuDh4UFUVBTvvvsupUqVwt7enr59++Lv70/mzJnTpL+UyJcvH2XLluWXX34xQg1XV1ciIiISLdJ+69YtsmbNypUrV1I1Qmzu3LkAfPvtt5jNZr7//vu0O4g0ZA2xDh069FTDq9OnT3PmzBlMJpMxmqls2bLY29tz/vx59u3b99g2HB0dyZYt20PPm83mRH+v7t69a/ycLVs2evbsmeo7TWbLlo0MGTIkmkb+KJkyZUpUo3VE3pOoUKECs2bNYtu2bYnCNhERERER+Xde6ADrfjVq1GDt2rVAQuD0b0apPGjjxo3As51m1rZtW5ycnChZsqRxa3dIGBVhMpkS1VKiRAm6du1K69atn3hKjJX1joJbtmwxRpsBFC5cmAwZMpA7d26OHDlCZGQkZ8+exdHR8aE7dKWFI0eOJFoDy7oY89NaWN3a7v3tPMtF3K2sU63mzJmT5Pbo6GiioqIoUKBAklOjUso6Gumff/7hm2++wdPTk0qVKjFs2DA2btxItmzZiIuLIzY2lqJFi/LOO+888+mVb7/9Np06dTLWMPL09MTDw4OtW7dSrVo1goODuXDhAkWLFmXz5s2p6iMiIoJChQphNps5ffo0Bw4coHLlyml5GGmmZs2aT33kZ758+ejZsycjRozggw8+YPr06bzzzjvExcXRsWNHSpUqleq2s2fPzh9//AEkXMd79uwx/na88sorrF69mo8++oi4uDhmz55N1apV8fPzS7Y9e3t7IiMjsVgsuLu74+XlxZYtW6hatSo3b95k+vTpdOzY8bEjV1MrQ4YMvPTSSwQFBfHll18+lT5ERERERP6LXrgAyxosPBgw3D8aKy3DK/jfHffeeOONNG33UeLi4oy7cN0fIFgDqq+//tp4zmKxJDsl7Enkzp3bCLKsrFN2SpQogZ2dHefPnydTpkxUrFjxqUwf7Nu3r9Funz59jMDoaQVH1nbvX0/tWU8nvHjxIseOHaNhw4bG2k0PatmyJSaTie++++5f9eXs7ExkZCTt27enaNGi2Nvb4+bmRv/+/XFzc8PLy4uoqCgsFgtmsxlXV1djiu6zkjVrVpo0acLMmTOBhOCwe/fuTJ48mQULFuDo6EiPHj2SPVcpERgYyNixY1m3bh0FCxakbdu2jB8//j89HaxSpUp88cUXfPPNN0DCDTL69u1L2bJl/1W7FSpUYP369XTt2hUPDw/KlCljTPFr2bIl06ZN4+OPPyY+Pp4yZcokWgMuKQULFuT69et88MEHzJgxg+7duzNp0iTmzZuHyWSiYcOGTy28sqpSpQohISHJ1jp27NhE65c1adKE1q1bP9WaRERERESedyaLDSxSdODAgTQbrfPpp59y9uzZZLe/9dZbNG/ePE366tSpE6GhoYme+7ejcLZt22azIz0e5fbt2+zfvx+z2Ux8fDy5cuVK8bSfJznm+0c/PYtRUdbgKq37SukxR0VF0bJlSz777DNq1aqV5D49evQgNDSUX375JUV9P0rBggWNUUxOTk7Ex8cnGtEXHx+faJ2he/fuERoaSnBw8GPbfl6v7RfRk7wXjRo1YsmSJcbjvXv3Urp0aY4dO5bo7/aD+4mISGLHjh2jRIkSz6y/TZs2UaVK2k1lXrduA5UrV8LJySndbm4jIvJfYLFYiI6OZtu2HdSunXYzLbZu3f7Mbjr3KNa1ilOyDImVdcbHCzcC69q1a8bP9//jWqBAATp06IC/v3+a9RUaGvrQP+BJrU/0oouMjOSPP/7AbDZTo0YN9u3bx9GjR7GzsyNv3rxp2teQIUMSTSG0epqjoh78UP4sR2AtX76cn3/+Odm7TJ49e5Y33njjoYXdUys0NJQ5c+bg6elJXFzcI0fRWSwWYmNjjT9A8t9QunRpgKcyRVhERERERCQ5L1yANX/+/GfWl0YbJHBwcMDR0ZGAgAAsFgulSpUiJibGWKMoLRUtWvSZT+Fr1KjRU13f6lGaNm36yO3e3t54e3unWX+pHZAZHR2dZjWI7bl/Cq2IiIiIiEh6eOECLHn2HBwcqFKlSqL1x1555ZWnsgbWs/ZfCykVRMmD/mu/AyIiIiIiYpvM6V2AvBgeDKtehPBKRERERERERGyDAiwb819c5FrH/N/wXzxmW6X3QkREREREnjcKsERERERERERExKYpwBIREREREREREZumAEtERERERERERGyaAiwREREREREREbFpCrBERERERERERMSmKcASERERERERERGbpgBLRERERERERERsmgIsERERERERERGxaQqwRERERERERETEpinAEhERERERERERm6YAS0REREREREREbJp9ehdgdezYsfQuQUREREREREREbJDNBFglSpRI7xJERERERJ6KAwcOpHcJIiIizzVNIRQREREREREREZumAEtERERERERERGyaAiwREREREREREbFpCrBERERERERERMSmKcASERERERERERGbpgBLRERERERERERsmgIsERERERERERGxaQqwRERERERERETEpinAEhERERERERERm6YAS0REREREREREbJoCLBERERERERERsWkKsERERERERERExKbZp3cBKdWmTRucnJzInDkzYWFhHDp0iNdffx2AsLAw2rZtS506ddKkr+vXrzNmzBj++OMPVq1alep2zpw5w6RJkzh+/DiLFy9Ok9qeVzoXIiIiIiIiIpJaz02A5efnR79+/QBYsGABwcHBjBgxAoA9e/Zw/fr1J2rv6tWrXL16lcKFCz+0LXv27FSuXJk//vjjX9WcN29eAgICOH78+L9q50WgcyEiIiIiIiIiqfXcTCFs1apVstsKFy7Myy+//ETt/fDDDxw9evSR+5jN//70pEUbLwqdCxERERERERFJjedmBFaBAgWS3ebs7Ex8fDydO3cmY8aMXLhwgbZt21KtWjVCQ0MZOnQoOXLk4NSpU/Tt25fw8HAWL15M/vz5CQkJoUuXLkm2Gx4eTrdu3QgODsZkMjF48GCKFSsGJARgBw4cIHPmzFy+fJkvv/ySPHnyADB9+nR27dpFrly5OH/+PAD37t2jb9++LF26lKFDh9KsWTO2bdvGwIED6du3LzVq1Hio/3v37jFixAiuX79O5syZOXr0KKNHj2b69OmsXr2aHTt2cPr0aYYOHYrFYmH69OmMGDGCuXPn0q9fP6ZPn06vXr04evQoJ0+exGw24+joyJAhQx57DPe7du0aHTp04O7du+TPn58TJ06QL18+vv32W1xcXDh48CDDhw/H39+fv//+my+++IKyZcsmey6AJOvMnTs3w4YNI2fOnJw/f56BAweSN2/elFweIiIiIiIiIvICe24CrMcZN24cmTNnZujQoRw6dIi2bduybds2pk6dSvXq1WnZsiUhISHExcVRqVIl8uTJQ/PmzWnUqFGybbq4uDBq1CgAJk6cSJcuXVi9ejVbtmzh119/Zfny5ZjNZhYsWECXLl1YvHgxGzduZPbs2axZs4YMGTLw22+/MXPmTBwdHenbty+///47Pj4+ALz00kuULl06yfAKYNKkSZw7d46JEycCMG/ePCwWC3Xr1mX16tUA5MuXj0qVKrF9+3YAmjRpwpQpUyhevDhjx47l9OnTzJkzhx07dgCwfv16ADZt2pTsMTzIzc2NunXrsm/fPsaPH09cXBxt27Zl3Lhx9OvXj5iYGPr27UvhwoWZMGECs2bNomzZssmei6TqvHHjBt26daN9+/YEBgYyY8YMhg4dypQpU574WhARERERERGRF8sLM6dr06ZNlC9fHoCiRYty7do1wsLCcHFx4eeff+bgwYP4+vo+ciTXozRt2pTg4GAuXrzI2rVrKVeunDElrnr16vz9999cuXKFVatWUb16dTJkyPBQG66urrz66qsEBQUBsHLlSmMh+qT8/vvv1K1b13jcrFkzcubM+dhaTSYThQsXplChQgQEBHDjxg1mzJjB7du3qVWrFsAjj+Fx7OzseOONN9i8eTMApUuXNtYSc3V15fbt2wCPPBcP1lmgQAH++ecfXnnlFSDhPdy3b99jaxERERERERF5UXz8ccf0LsFmvTAB1tWrV1mxYgWDBg1iyJAhlC5dmpiYGDp27EiRIkV46623aNKkCefOnXvotX/99RdFihQx/rdgwYKH9nFxcQHg5s2bXL16FWdnZ2Nb1qxZjRouXbpE9uzZk62zefPmrFq1iujoaHbv3k3lypUBaNu2rdF/lSpVALhy5YrRL4CjoyN2dnZPdF6yZMnC999/T1BQEBUqVGD69OlGrckdQ1K1PChbtmzcuHEDgIMHD/Lll18yatQoNm7caOzzuHNxv6tXrwIJo84GDRrEsmXL8PX1faJjFREREREREXleffRRR81CeoQXZgphlixZaNSoEfXr139o2zfffMOXX35J165dmTRpEoMHD060vXjx4qxcudJ47Obmxs6dOxPtY73LYc6cOfHw8CAiIsLYdvPmTQA8PDzImjWrEewkpVKlSmTJkoWffvqJXLlyGSOgvvnmG+7evQuAvb290Z412Pk3atWqRa1atdi5cydt2rQhMDDwkceQVC0PunHjBjly5ACgS5cuDB06lPLlyzN37lzWrl0L8Nhzcb8sWbIA0Llz5xSHXiIiIiIiIiIvAmt4FR8fm96l2KwXZgRWpUqVWLRoEfHx8Ymenzx5MgCZMmUiICAAk8kEJAQz1tDGyckJX19f43/WMOV+K1eupHLlysY0wN27dxMXFwfA5s2bKVmyJO7u7gQEBLBhwwZu3bqVZJ1ms5lmzZoxcuRIGjdubDzv6elp9O/t7Q1AvXr1mD9/vjElz8rFxYXw8HCjD2sdSQkODjbWy6pQoQJZs2bFZDI98hiSquVBGzZsMKY3Xr58GUdHRyBh4Xmrx52L++XOnRsfHx8WLlz42H1FREREREREXhTW8MpiSf6zvTyHI7AWLlzIihUriIyMZNSoUQQGBuLn50evXr3o378/DRs2JHfu3BQrVozPPvuMe/fu0b59e7y9vTl37hz9+/cHoG7dukyYMIEjR44waNAgI4CxsoY3vXv3Jjo6mujoaEaMGAFAtWrVOHHiBN26dcPV1ZWLFy8yevRoABo3bsyhQ4do3Lgx+fLlw8HBgbNnz7JlyxaqVq0KJKxltXnzZvz8/B55rJ988gm3b9+mWbNmeHh4kDt3bmNKZKVKlahfvz4lSpTA3t6e48ePs2fPHnbs2IHFYmHOnDm0aNGCTJkyMW3aNLZv305ERATt27fHw8PjkceQnBMnTjB06FCuXbuGq6srHTp0AKBdu3Z88sknlC5dmpw5c3Lq1Cn+/PPPR56L/fv3J6rT0dGRiRMnMnDgQNasWYO3tzevvvoqDRo0ePKLREREREREROQ58GB49fHHHRkz5tGfzf+rTBaLxZLeRRw4cIASJUqkdxnPzMGDBzlw4ABvv/12epeSYtOmTePgwYOMGzcuvUsRERERee486//e3bRpE1WqBKRZe+vWbaBy5Uo4OTkZMxpEROTfeTC8Sng8mbt3I9m2bQe1a9dMs762bt1O9erV06y91LLO0HqSm7aVKlUKeIGmED4P/vjjDywWC7Nnz6Zhw4bpXc4Ti43VXFwRERERERGRfyvp8GoK8fGaRpic524K4fPs66+/JlOmTHTp0iXRHQBt3aVLl9i9ezdhYWGsWbOGOnXqpHdJIiIiIvIMZcyYkejoezg4OBg3IRIRkdSbNGlCogXbrY/j4+MxmUxkypQpHauzTQqwnqHff/89vUtIFU9PT6ZPn57eZYiIiIhIOvHzK8Dhw4eJjLyb3qWIiLzwMmXKiLu7e3qXYXMUYImIiIiIyCN5eubA0zNHepchIiL/YRr/KyIiIiIiIiIiNk0BloiIiIiIiIiI2DQFWCIiIiIiIiIiYtMUYImIiIiIiIiIiE1TgCUiIiIiIiIiIjZNAZaIiIiIiIiIiNg0BVgiIiIiIvJc2blzF4MGDQbgypUrvPtumzRre8qUqSxZsjTN2vsv6dmzN4cOHUrvMlLlcdfR/dfc88qWr+37z294eDjvvPMecXFxadrHxYsXef/9dmnapjxb9uldgIiIiIiI2L6BA7/i1KlgAJycnPD0zEGpUqVo0OA1MmbM+ExryZfPl3r16j7TPl90169fp3Pnrsya9QN2dnbpXY7N0TX37GTMmJF33mmN2azxNpKYAiwREREREUmR1q3fpnbtWkRERBAWFsavvy5kz549DBw4gAwZMjyTGuLi4vDy8sLLy+uZ9Pe4WsxmMyaTKb1LkafMVq45WxUbG4u9fdrEC05OTtSp82qatCUvFgVYIiIiIiKSIiaTCTs7O1xdXXF1dSVfvnz07NmbjRs3Ub9+PQD+/PNPlixZypUrV8mVKyfvvPMOBQrkB2Dp0mWsX7+BqKgoMmfOTKtWLXjllVcSve7y5Ss4OzvTokVzKlQoz5QpU7G3t+fq1WtcvXqVli2bc+9eDOvWrePLL/sZtW3cuIklS5YSExND1apVaN78TcxmMxaLhfHjJ3D8+HHu3buHt3du3n33XXx98yZ7nLdu3WLYsOGcOnWKnDm9aNeuHXnz5gGga9fuVK1ahb1793LrVgRDhw7m2rXr/PTTXEJDQ3F2dqZhw0CqVKlMXFwcn37aiW7duuLv7wdAfHw8nTp1oWPHjyhatCihoWFJvhYSpnw5Oztz7tx5jh49Su7cufjss0/ZuXMXq1evwWw207r121SoUB5ICNSWLfuNbdu2c+fOHQoXLkybNu/i6upq1F69ejX+/vtvbt++g4eHBx9/3AFnZ2dGjvwOgB49egLw4YftKFq06CPfz8dZu3Ydq1evISIigvz58/Pee+8YIdCjroUHJXdt7N27l0WLFnP58hUyZsxI5coBvPlmM0wmE1euXKF798/58MMP+PXXhURFRdGgwWuUL/8KU6dOIzQ0jEKFCvHp0leKRwAAIABJREFUpx0TjSBM7jrauXNXomvu6tWrzJo1m5MnT5IpUyZq165F/fr1MJlMnD9/npkzZxEWdhaAPHny0KdP7ySP7dKlS0ybNp3Q0DB8fLwpXLgwp0+H0LNnD4KDTzNq1Gi+/36csf/3308gX758NGjwWqJzk9L3JzIykjFjxnHw4EE8PXPw4Ycfki+fLwBLlixly5at3Lp1i+zZs9O4cSMqVqyQZDtbtmxly5YteHl5ceLESUqXLkWzZk2Tvf6e5PcwPDyczz7rzKxZP3Dv3j0+/7yXsS0+Pp6IiAi++mog+fL5PrLN6OhoZs6cxf79f5MlSxbq1q2TqJ979+4xf/7P7NnzFxaLhVKlSvLWW62e+YhSSTkFWCIiIiIikirOzs4UK1aUf/45Sv369Th69BgzZsw0Aps9e/YwevQYRoz4lsuXr7B69RoGD/6a7NmzEx4eTmRkJABHjhxhxoyZfPbZJxQtWpRbt25x8+Yto589e/5iwIAv8fLywmKxsGvX7kR1WCwW/vnnH4YPH8bt27f59tsRuLu7U7t2LQBKlHiJDz9sh6OjI0uXLmPChIkMHz4s2ZFTW7duo3v3bhQs6M+qVasZNWo0I0cOx8HBAYBDhw7Rt28fMmTIwJ07dxg27FvefLMZvXp9zvnzF/j22+F4eXnh7+9HhQrl2bFjhxFgHT58GDs7O4oUKfLY1wJs27adbt264uublylTpjJs2HAqVw5g7NjRHDx4kMmTp1K6dCkcHR1Ztuw39u/fzxdf9MLV1ZVffvmVqVOn07NnD+PYjh49xhdf9MbBwYEJEyayfPkKWrRoTo8e3encuSsjRw43phA+6v183If8v/76i6VLl9GjR3dy585FUNASRo0awzffDOHs2XPJXgsPetS14eTkRIcOHfDx8ebChQuMGPEduXPnJiCgknFdHD9+nBEjvuX8+Qt89dXXHD58hA8+aEf27NkZOfI71qxZS8OGgSm6ju6/3saOHUfBggXp3PkzLl26xIgR3+Hi4kLlygH88stCChUqRJ8+XxAfH8/Jk6eSPDaLxcK4ceMpWbIkX3zRm7Cws4wYMZK8eZMPV++Xmvdn69ZtdOnSmc8++4SgoCX8+OOPDBw4AABPT0/69etDtmzZOHDgAGPHjqdAgfzkyJEjybaOHTtO3bp1+OCDdlgsFpYsWfrI6+9Jfw8hYTrh/QHezz8v4OjRo/j4eD+2zQULfuHGjXBGjRpJbGwso0ePSdT2L7/8SlhYGIMHf42dnR3ffz+Rn36ay4cffpCi8y/PniaVioiIiIhIqmXLlo3IyDsAbNiwgTp1XqVgQX9MJhPlypXD0zMHR44cwc7OTGxsLKGhocTExODq6kquXLn+/3UbqV27FsWKFcNkMpE1a1by5PEx+njllXLGyJ3kPuw2a9YUJycn3NzceO21+uzcudPYv3r1amTMmBE7OzsaNWrIlStXuHHjRrLHVLZsGQoXLoTZ/H/s3Xd8VfX9x/H3Xdl7QBZD9oawhIASEEQrooiMWjfW1i0qVC3aoT9bt6JiQRlWEAo4qxYUEGUPGTEgYUmABEJ2QuZdvz8uuSRkM8xFX8/HI48m95zz/X7O95zbct/9fs81umeWpaSkuLePGDHCvWRy06bNio2N0dChiTKZTGrRIk6JiUO0efNmSVJCQoI2bdrsfiD1unXrlZAwUAaDod5jJenSS/urfft2slgsSkgYqMLCQo0Zc70sFot69+4to9GojIwT7nGcMGG8IiIiZDabNW7cjUpOTq4SDg0fPswdxPXs2VM//XSo1nGo63rWZ926DRo2bKhat24li8WisWNvUH5+vvbvP1DnvVC9htrvja5du6plyxYyGAyKiYnRkCGXa8+ePVWOr7gvLrmkteLiYtWzZw/FxMTIx8dH/fr1U2rq4Rr3P/M+quzo0TSlpaVrwoTxslgsiouL05VXjtDateskSWazSZmZmcrMzJTJZFLHjh1qPLcjR44qI+OExoy5XiaTSa1bt9LgwYPqHdvTY9P463Pppf3VsWMHmUwmJSYO0aFDqXI6nZKkgQMHKCwsTAaDQT179lT79u21b9/+WtuKiYlRv379JLneZ3Xdf2fzPjzTunXrtX79Bj388EOyWCz1trl+/QbdcMMY+fn5KSgoSNdeO6pae2PHjlVwcLACAgI0fvw4rV+/wT0e8DzMwAIAAABw1nJzc+Xn5y/JtawqOXmX1qxZ695eVlam/PwC9enTR7fddqs+++y/euONt9S5c2fdfPNNioqKUk5Ojnr06FFrHxVL4OoSERFR6fdw5eS4PsQ6nU59/PEn2rJli4qLS2Q0Gk8tQzqpsLCwGtsKDw93/24wGBQREa7c3Lwa68nOztZPPx3S5MmPul+z2Wzq2rWLJKl9+3by8/NTUlKSunTpoq1bv3fPeKnv2DP78vLyUlBQUJUQz8vLS6WlpbLZbMrLy9PMme9Uefi1n5+fcnJy5OfnJ0kKCAisdKxFpaUlNQ+o6r6e9cnNzVF8fC/33yaTSWFhocrLy1PHjh1qvRfOVNe98dNPh7R06YdKT0+X0+lUaWmpOnXq5N5eEXhV8Pb2rjKe3t7eKi0trdJmbfdRZXl5uQoODpaXl5f7tcjICHdwcvPNv9PSpR/q739/VhaLRSNGDNdvfnN1tXby8/MUEhJS5dlR4eHh7qWH9Tmb63Pm+dvtdtlsNlksFm3cuEnLly9XTk6ujEajCgoKqlzDutqq7/7z9fVt9PuwsgMHDur99+drypTH3P3W9d4ODAxUUVGRIiNPX89mzZq7f7darTp58mSV7ZGREbLZbCooKKhy38BzEGABAAAAOCtFRUXatWu3e2ZDeHi44uPjq810qDBoUIIGDUpQSUmJPvhgof797/maOvUxhYWF6cSJE7X205CHpGdlZbmXOmVlZSssLFSSa5bF1q1bNXXqFIWGhsrpdOrOO+teIpSdne3+3el0Kjs7R6Ghpz+sV64nPDxcHTp0qLJM70wJCQO1bt16lZSUKiqqueLiYht8bEOZzWYFBwfr/vvvcy8/bIyaxri+61mX0NAwZWZmuv+22+3Kycl1hw+13QtnquveeOONN3XNNb/RI488LJPJpE8//UwHD/7U6Forq+0+qiwkJFT5+fmyWq3u2WyZmVkKDQ09tT1Ed901SZK0f/8BPf/8C2rfvn216xIcHKK8vLwqD0CvfO/5+HirvLy8yjGFhSfdv5/L9TlTZmam3nnnXT355BPuZ2j9858vNPj4+u6/tWvXNfp9WCE3N1evvfa6brnl5irP96rrvW2xWOTv76/8/AJ3QJaffzqEtlgsCggIUGZmlju0zMzMkslkUlBQUIPPGz8vlhACAAAAaBCn0ym73a78/HwlJyfrxRdfUlBQoIYOTZQkDRs2VMuXf6WUlL1yOp0qKyvTDz/8oIKCAqWlpWnPnhTZ7XZ5e3vLz8/PPVNj2LChWrFipXbv3i2n06n8/HwdPnykUbV9+OFHKi8vV05Ojv73v2UaMMD18OmioiIFBQW7w4Wvv14hm81WZ1tbt36vlJS9cjgcWr78KzmdTnXs2LHGffv166vDhw9r9epvZbVaZbfbdehQapWlaQkJA7Vt23atWrVKCQkJjTq2MYYNG6pFixYpIyNDklRYWKgtW7Y06NjAwEAZDAb3sRXt1XY965OQMECrVn2jw4ePyGaz6eOPP1FQUJDatWtb571Q0znVdm8UFxcrLi5OJpNJhYWFWrdufYPOtS613UeVxcXFKiYmWosXL5HValV6erq+/nqFe/nf5s2blZfnCkuCg4NkMpnczxWrrEWLODVrFqlPPvlUdrtdqamHq5xDZGSkDAaDexnfgQMHqyxlPZfrc6aSklJZLBbFxERLcs1uq9xXQ9R1/53N+1ByzZR6/fXpGjx4kPvZZhXqa3PgwAFavny5nE6nHA6Hli37qsrxCQkD9dFHH6mgoEBFRUVasmSpBg1KkMFgUG5urhYuXKSSktpnKOLnxwwsAAAAAA0yf/4CzZ+/QF5eXmrevJl69+6ta675jft5UJ07d9Ydd9ymBQsW6PjxDHl5ealt27aaNOkOlZWV64MPPtCxY8dlNpvVunVr3XHHbZKkLl266Pbbb9P8+Qt04kSmAgMDNXHihCrPwaqLwWBQp06dNGXKn2S1WnXZZYN1xRXDJElDhlyu3bt/1BNPPCl/f3/Fx8crICCgzvYuv/wyffzxJ+5vIax45k5NAgMD9ac/TdXChYu0ePESORwOxcXFavz48e59oqKi1Lp1K+3du0/3339fo45tjOuuGy2LxaKXXnpFubm5CgwMVO/e8e7nFNXFbDZr7Ngb9Oyzz8lms+mBB+5T9+7da72e9enbt69ycnL1+uvT3d9CWDFTqq574Ux13Rt33nm75syZK39/P/n5+atnzx46cSKzxnYaoq776Mz9HnroQc2b92898MBD8vX11fDhV7gDlpSUvXr//QUqKyuTv7+/rrtutNq0uaTGdh588AG9++5s3XPPfe5noFXMIrNYLLrrrjs1a9Y7CgwMUPPmzdWtWzf38XW93xqrZcsWuuKKYXr66b8qODhI0dHR6ty5c6PaqOv+O5v3oSQdOpSqAwcOKjs7p0q499hjj9bb5oQJ4zV37jxNm/aUAgOD1KtXTyUnJ7u3jx8/TgsXLtKTT06T0+lUr149dfPNv5MkFRQU6ssv/6err76KbyX0IAanBzyhLCkpqc417wAAAMDF7Of+9+7q1at12WUNfxg0AM+wevW32rx5y3lZVgpUtmbNOiUmJjZ1Ge4Zgtu3b2/wMfHx8ZJYQggAAAAAAAAPR4AFAAAAAAAAj8YzsAAAAAAA8ACJiUOUmDikqcsAPBIzsAAAAAAAAODRCLAAAAAAAADg0QiwAAAAAAAA4NEIsAAAAAAAAODRCLAAAAAAAADg0QiwAAAAAAAA4NEIsAAAAAAAAODRCLAAAAAAAADg0QiwAAAAAAAA4NEIsAAAAAAAAODRCLAAAAAAAADg0QiwAAAAAAAA4NEIsAAAAAAAAODRCLAAAAAAAADg0QiwAAAAAAAA4NEIsAAAAAAAAODRCLAAAAAAAADg0QiwAAAAAAAA4NHMTV0AAAAAgPNvzZp1TV0CAADnDQEWAAAA8AuUmJjY1CUAADzE6tWrm7qEc0aABQAAAPwC2e3Wpi4BAIDzhmdgAQAAAAAAwKMRYAEAAAAAAMCjEWABAAAAAADAoxFgAQAAAAAAwKMRYAEAAAAAAMCjEWABAAAAAADAoxFgAQAAAAAAwKMRYAEAAAAAAMCjEWABAAAAAADAoxFgAQAAAAAAwKMRYAEAAAAAcMq8rRnyfmKNvvgxu6lLAVAJARYAAAAAAJKyi616/MufNPPGThrVJaKpywFQCQEWAAAAAACSwv0syvzbZbqjb3M5nc4L0sf06W9qy5YtF6Tt82Hy5EeVkrK3xm15eXm65ZbbZLfbJUlz587T0qUfnvcaVq/+Vi+88NJ5bxcXN3NTFwAAAADAsxzKKZUktQ7zOavjy2wOvbomTYuTMrUvs0SS1DbCR2O7ReixIS3ka3H9/+if7srS2Pd/dB9nkBQZYFF8TICmXdFSA1sFubftyyrRi98e0cp9+TpWWKZgH7O6NvfX/YOidX3XCOWV2BTxtw2SpJk3tNek/lFnXcs1ncL06e1d3WPR7gVX2LD1wd7qFeNfre7Kvrizq0Z2CJPd4dTzq49o/rYTOpxXJm+zQbFBXuoZE6C54zvKbDTUePwj/z2o6evSJElGg+RnMSku2FtD2gRr8mWxahfh6963z+vbtPNYUbU2Lm0ZqHX39qqx/YaO+ZltB3qbdEmYj37fP0r3DIyp0uaWI4V68dujWneoQNnFVoX6mjWwVZAeuzxOCa1PX8PKbT4xtIWeGdnave3+T/brXxuPSZKGtQ3RV7/v3uj2pfrvk8rnv+exvu7xTC8o0z9WHdGyvblKyy+Tj9moHtH+uqt/tG7u3azG8avvPqnJgQMHlZ6ern79+kmSrFar7rzzLsXExOgf//g/GY2u+3HlylVav369nnpqWo3tXHg1359nGjhwoLy8vM5/7waDDIaG1YBfDwIsAAAAAFWk5pXqilk/6KHBsXrqipYK8W34x4ZSm0NXvvOD1qcWyCCpd2ygDAZpW1qhko8f1hd7crTy7h7y9zKp8ofkoW1D5WUyaOvRAi3fm6u1h/K19cHeah/hq9UH8jR63i4VWx3yMRsVHxsoSfo+rVBztxp1fdeqS70qPviebS1f7MnRNwfyNLRtSC1neXrfXjEB8jafXtgS4uP6MP/cqsP624rDshgNurRlkMwmgw5ml2jhjky9c2OHWgOsitq9TAbFxwbqWEGZUjKLtSezWPO3Z+iT27pWqsu1b4SfRW0rBVvdomoOT86sva4xr9gvNshbPWMClJJZrKRjRXrg0wNqEeKtUZ3DJUkfJWfppg/2yOZwKtLfokGtg7XnRLE+252tL37M1nsTOmlir8hqfc/ceEyPD20hfy+Tsout+vf3GdXGoLHtN+w+qT7u+7JKNORfO3XipFW+ZqP6twhSxslyrT1UoLWHCrTxcIHevL5dtXOo/z6pbsWKlbrsssHVXi8oKNB3361RYuKQSmPg+QFO586d5JqodmFmqwGVEWABAAAAqNHra9P03tYMvXJtG93ap3mDjnlrfbrWpxZIkhbf0k039nCFC5/vzta1c5O09ehJvb42TU8Oa1nluJljO6pdhK/2Z5eqw/MbVFTu0Fd7c9Uq1Ee3/Weviq0OtQv31Vd3x+uSMG9JUnG5U1uO5J/3WowGacoXP2nzA/H1nu+SW7pVmRXlWlrl1KoDrrqeGnGJnhreSk6nK5TYnVEkL1P9T3KJ9PfSxgf6SDJoZ/pJXTc3Sal5pbpj8V7tm9pPFtPpcGNkxzDNv6mL+2+n0ymHw15vH7WNeftK55PYNkTv/7aLyuxOhT/9nYqtDn1/9KRGdQ5XidWhez/aL5vDqYGtgrT89/EK9DaqqNyha2bv1LcH83T/J/s1qnOYArxN7jbD/czKLrZp3tYM3ZcQo7c3HFOx1eF+vUJj2vcyG8/6Pnn084M6cdKqEB+ztjzUT+0ifCQZNPXz/Xrx28P618Zj+m2vZhp0xmyvxtwnFXbu3KkRI4ZXe3306NH6+ONPNGhQgiwWS7XtP/64RwsXLtTx4xmKjIzQxIkT1L1792r7SdLMmbNkNBqVn1+gkycLJUl33HGHWrVy3ecvvfSK4uN76YorhkmS0tPT9fTTf9W7785yt7F//37NnTtHubl56ty5syZNukOBgYHV+pozZ64CAwN1441jJUmHDx/RggUfKDU1VUajUZdffpkmTpyg48ePa/bsuTpy5IgMBoO6dOms22+/zd1mRkaG3nnnXR0+fEQtWsSpc+cuVfrJysrSvHn/1v79++Xn56fhw6/Q1VdfVeMsLbvdrs8++6/Wrl2noqIiderUSbfffqtCQlxB4+TJjyoxcYh27typkyeLFBkZqXvu+YMCAgJqHE94Dp6BBQAAAKBWeaU23blkr/pO36ZvD+bVu/8XP+ZKknpEB+iGbmGy222y2236TacQDWjpCgC+2JNb7TiHwyarzapNqae3BftatDG1QGkFZZKkv155iVoGm9xtepvsGty6+ofqc63llt5R2pF+Uu9XmhVUm3Hv/6ABb2x1/5RYXcFRuwg/SdL0NUd030cpmr0pTXtPFKhjhJdqmXxVjateq7o199Fzv2krSTqaX6YNp0K5CstTcqrUMH3NkQa1X9uYV+WU3W7TrmMFKrM5JEk9Y1xjvulwgbKKrZKkKYkt5Wd2yG63ycfk0BPDWkly3T/rUquGRzfFRynI26TX16apuNyhtzccU/MAL43p1qzKfo1p/2zvk3K7U1/vdZ3/rX2jdEmo2T3ufxnRWhU54Rd7cqod25j7RJJycnJUWFio6Ojoatt6945XWFiYvv56RbVtubm5evnlV3TNNddo1qxZGjdunF599XVlZNTcr8Fg0Pffb9Mdd9yhZ555Rtdee61eeeVVWa1W9/b6luetXbtWjz/+uN566y2ZTCbNm/derX1VtFVYWKh//OOf6tu3r2bMmKHp06erb9++kiSHw6Hrr79eM2bM0Kuvvqrycqv+85/FklyB6/Tpb6hDh46aNWuWbrvtNq1atcrdh9Pp1OuvT1dUVJRmzJihKVOmaPnyr7Ru3foaa/rss/9qx46dmjZtmt5++201b95cs2a9W2WflJQUTZs2TS+//LL8/f31xRdf1jke8AwEWAAAAADqtSO9SFfM+kGP/PdgnfudOFkuSWoR4l3lIdhOp1OtQn2q7FNZp5e2yvvJtbpl0R5JUocIX13XJUIZJ63ufdqemlFTVe1Ll862lr+PvET+XkY99dUhFVvrnsm0I71Imw4Xun/sDlc//7y6jevZXKU2zdiQrt9/uFcdX9yq4bN+UE6lWUYN41T78NPnXnlMJCmr2FqlhsN51c+pJrWNeWULtp+Q5Yk16jt9mywmo165tr3GdHMtH8wsOl1HbFDV5yC1CD4dhGUWVT3fIB+TJvWP0cGcUk384EdlnCzXfYPi5G2uGqo0pv2zvU9yi62ynrpmccFVj/MxOxXh71WtlgqNuU8kqbjY9Qw2H5/q9TmdDk2cOEH//e/nKikpqbJty5atatOmjQYMGCDJofj4Xuratas2btxUa1/9+/dXeHio7Hab+vbtI7PZrJSUlHprrHDNNb9RSEiwzGajJk6cqC1btroDsNps3rxFMTExuvLKETIaJbPZqHbtXEsvY2Ji1K1bFxmNko+Pl0aPHq09e1z1HDlyVBkZJzR27A2SHGrZsqUGDz69zPLo0TSlpaVr4sQJMhql6Ojmuuqqq7Ru3boa61i16hv99rcTFRoaLIPBqfHjxyk5OVnFxcXufYYPHyGj0SC73aqePXvq0KHUBo8Nmg5LCAEAAAA0yK29m+nBQTF17hMZYNGeTOlIXlm1bYfzXA+HbxZQ/aHPQ9uGyt/LqMgAL8XHBOqOftHyNTsUFXh6331ZxerXouHLfM62luYBJk1JbKW/fvWTXv4urc4+9v1p4BlLCF0f8sP9jProtu4qLHNofWqeVu3L1fS1R7T6YJ5eW5umv1/ZqsHnIUkpmac/fFceE0n6XXxzzb+pq/tvp9PRoCWEtY15ZW3CfNQjOkAr9+eqsMyuZSlZundgc5mNBkX4nw5ijuSVqk/s6WdvVYyv5FoOeaYHB8dq+toj+nJPjnzNRv3h0ij9fUXVEKEx7ftZTs/NaMx9EuJrlsVokNXh1JFKbUquJYxZRa4w8FzvE0ny93fVX1paKl9f32rbO3XqqDZt2uiLL75UWFiY+/W8vHxFRkbK6XRdG6fTqcjISOXm1j4jMjj49HJHp9Op0NBQ5eXVP4OyQmjo6f7DwkLkdDqVn58vs7n2CCE7O0fNmzd313mqd0mu2VkLFy7S3r37ZLVa5XA4VF7uGtv8/HyFhITI5F5a61SzZs2UlpZ26vzzFBwcLLO50jLU8HDl5FSfPWmz2ZSXl6e33/6X+4H4kuTn56ecnBz5+blmRgYEnL6XLBZLtdAQnokZWAAAAADq1DPaXyvv7q454zvW+82E156awZN07KQ+2ZXlfn1ZSo576VvFA8Armzm2oz67o4dmj+uo+xJOBymXtgxSzKnZN8+sPKzU3NMhQ4nVoTU/1f5so7OtRZIeuSxWMUFeen9b3cvD7HZrlZ8Kn+7K0qGck/K3OHRl+2A9f00b9Y5zLWNr7AyspGNFmrbskCTXQ9UvbRl0xh7OKjU0JLySah/zyga2CtZHt3XXqj/2lskgfbU3VzPWp5/aFqhwP1eg8eqaozpZ5uq3uNyhF1YflSSF+Jg1uPWZ9bpmUN3Yw7Vk8La+0Qr3M1XbpzHtn+194m02akQHV1gzf1uGDmSfDjKeXXlY9lMTt67pdG73iSSFhoYoMDBQ6enHatzudDo1YcIELV/+lfLz8ysdF6rMzMwq+2ZmZlYJuc5UeX+n06kTJ04oJMS1v4+PT5XZVIWFJ6sdn5Nz+v2SlZUlg8Gg4ODgOs8vIiKi1mWNixb9R5L03HPP6c0339RDDz3knhUZEhKsgoKCKrMkK4dtoaEhys/Pr1JzVlbN5282mxUcHKyHHnpI06dPd/+88847iouLqzQmlY/iAfQXC2ZgAQAAAKhRsI9Jr4xqq9v6NuwB7pJ078AYffhDpjYdLtC4939Un7gAGSR9n+b6kNw7NlAPDY6tdpzDYZPDUT3Y8TJJ703sotFzkrQvq0RdX/5evWL8ZTQYtCujSINaB+uyS2r+YH22tUiSn8WgZ0a21aQlP9Z5vhM/+LHKtxA+clmsxnaP1IwNx7Rqf57ahvuqZYi3Mk6Wa1eGaxbVlR1C62xTkjKLyjVoxg4dL7DqcF6pnJL8vYz692+7yOuMrGd5Sq4Gzdjh/jvY26wvJ3Wrt4/axrwqpxwOm+KjfXVTfJTe33Zc//jmiO7sF6UAb5PevqGTfrsgWesOFajDi1vUuZmf9pwoUcbJchkN0htjOsjfq+Z5E69c2053XRqjntE1f2uij9nQqPbP9j555dp22nzqeVvxr21Tn7gAZRRatTfLFWbdfWmMEloFqqago6H3SYVevXpp9+4f1bZtmxq3t2zZQr169dJXX32tmBjXbMe+ffvoP//5jzZt2qS+ffsqKSlJu3bt0s03/67WfrZu/V4//rhHHTt20P/+t0wGg0GdOnWQJLVq1UpJSUm68soRcjgcWr78q2rHL1v2lbp27Sp/f38tWbJU/fr1q/Hh8pX1799Pixcv1tdfr1Bi4hA5HA6lph5Whw7tVVxcoksuuUReXmaVl5dq+fLl7uPi4looIiJC3377nRITh6igoEBr165VbKzrvRkbG6eYmBgtXrxE48ePU2Zmpr766muNGzeuxjqGDx+uBQtL2iTxAAAgAElEQVTm6+67f6/mzZursLBQe/bsUb9+/eqsH56PAAsAAABANQ8OitXTw1sqxLdxHxl8zNLqe+L18rdH9J8dGUo+7gptOkX6aVzP5pqa2FLepuozfeoyrG2Qtj/SX89/k6qV+3L0/dGTCvYxKz42UJP6176k8VxrubVPM01fe0Q7j1WfoVJhR3pRlb8zTroCoT8OjFOwj0Xb0wu1IbVAXmaD+sQG6v5Bcbqua3iV2SY1Kbc7tflwofy9TOoQ6adh7UL16JCWuiTUUu3YrGKrsg6fnp1SMWvp/HLqLyNaaeGODGUWWfXa2jRNu6KlxnYP07r7++r5b1K19qc8rTtUoBAfs67tEqGpia2U0CrgjCVlpzUPMCkqMKjOsWhM+2d7n7QL99L2R/rr/1Yc0rKUbG1MLZSPxaiEVsH6/aUxuq1v8zpntTXkPqkwYsRw/etfMzVq1G9qeZC6U+PG3ajNmze7XwkNDdFjjz2mBQsW6N1356hZs2aaPHmymjdvVsPxLomJifrss/9q//79io6O1qOPPupe/jd8+BU6cOCAHn/8SQUHB6tnz55KSkqqcvzgwYP0wgsvKicnV507d9bdd99d77kFBPjrz3/+s95//99auvRDmUwmDRlyuTp0aK8bb7xRM2fO1LZt38tisah37z7auXOnJMlgkCZPflgzZ87St99+K3//ACUkJCg1NdW9/ZFHJmvOnLl64IGH5OvrqyuvvFKDBiWoplBx9OhrZbGY9dJLryg3N1eBgYHq3TueAOsXwOCs7785fwZJSUnq0aNHU5cBAAAAXBA/9793V69ercsuG/Sz9VcTg8F46hk0FR/SnXI6nVWCAIPBIKPR9aG68vK72hiNJhkMp2fzOJ1OOZ12dwBiMrlmiDgc9iqhybnUYjKZ3cfZ7TZJzir7nqmib9e3s5nOCCmccjgctQY6NZ3j6XOt/lyryrWdqbbxbOiYV7R9Zr81j7HhVN2nazk9vs5626xQce6uYyvPDGtY+2e2U3nfivukrvOvPvbVr1dj7pOaGfTGG29qwID+7kDFZLJUq8U1zs5TbVX0azrVh/PU+Nfcx6xZ76h58yiNGTPm1Jg5ZbdXHSuj0SyDwXBqbBwyGk3uGkwmixwOu/s9c+b1qFyvqyZVup5Vr9Xpa22QyXR66qDDUbXP02NYsbzPKclQpd+Kmiv6q+t95HrPn+6v8j3nqv/0NaoY24qx/qVas2adEhMTm7oMFRS4lm9v3769wcfEx8dLYgYWAAAAgAvA6XTIbq97ppXT6WxQcFXB9QG09pkwtbV1LrXU9KG2IXW7goHGfyCu7xzrq60+DR3z2tqu+dgzA6fGtVmh9nNvWPv1t1P3+Tdk7Btzn9TSwqnnP50OoGpur+prrn4bc73rHrMzt1V+f1T0Xdt7pnJt1YPI2vqtXv+Z7dd/fzT8/Ot6z5/72KKpEGABAAAAAPAzaUwQA+A0AiwAAAAAAH4h/vjHP7qXBgK/JARYAAAAAAD8QtT1wHngYlbz95kCAAAAAAAAHoIACwAAAAAAAB6NAAsAAADAOfn66xV64YWX3N+q1hBTpz6u5OTkC1hVw+Xl5emWW26T3X5uS6/OVzuStGHDRj3zzLPuv5999v+UkrL3nNsFgIsVARYAAACAs3bixAmtWvWN7r//fhkMhgYfN2bMGMXGxl7AyhrO19dXt912m4zGc/t4dL7akXRqLE+P55gxY7RkyZJzbhcALlYEWAAAAADOWlpamu6//z75+fk06riEhIEKDQ29QFU1nM1mk7e3t0aMGN6oAK4m56udmnTt2kUZGSd05MjR8942AFwM+BZCAAAAANVkZmbq0UenaNy4G/XDD8nKz89XfHwvjR8/TkajUcePH9fs2XN15MgRGQwGdenSWbfffpsCAwMlSSUlJZo7d56Skn5QYGCgRo68UgsWfKC5c2dLkqZMmapbb71Z3bp103ffrdGaNWsUGxurffv2qbS0TGPGXK/BgwdJkrZt26YPP/xIJ05kytfXV4MHD9K4cTfWGBTVV/d3363Rd999p6ioKO3bt1+9e8dr5Mgr9cADD2nevDkymUyaPPlRJSYO0c6dO3XyZJEiIyN1zz1/UEBAgCSpsLBQH3ywUMnJu1RWVqZWrVrpyScfV35+frV2Bg1K0N69+1RUdFKRkc00adId7jH65JNP9d13a1RQUKCwsDCNGXO9Bg4cUOs16dy5s7Zv36EWLeLO67UGgIsBARYAAACAGjmdThUUFGratGkqLy/Xs88+q1WrvtHw4VfI4XDo+uuvV+fOnVVeXq633npL//nPYt111yRJ0qJF/9HJk0WaPn26bDabXn311Rp6cAVQBoNBe/ak6Prrr9ekSZN09GiannrqKfXq1VMBAQHy9vbRvffeqxYtWurYsWP65z//qdjYWA0alNDoug0Gg1JS9uqqq67SH/7wRzkcduXm5lRrIyUlRdOmTZPF4qU33nhDX3zxpSZMGC9Jmj79TYWHh+mFF16Qr6+vUlJSah3D3bt/1JNPPilvby+9996/NW/ee3rggfslSVFRUfrLX/6i0NBQ7dy5U6+++qratm2jZs2a1dhWTEyMDh8+XGtfAPBLxhJCAAAAALUaNeoaORw2mc1GjRx5pTZs2CjJFaZ069ZFRqPk4+Ol0aNHa8+e00HOpk2bNXbsWHl5meXn56PRo6+ts59WrVqpW7eustttio6OUnBwsNLS0iVJ3bp1VWxsrBwOm5o3j9TQoUOr9NWYuitq79evr+x2q5xOR43HDx8+QkajQXa7VT179tShQ6mSpPT0dO3fv1+TJk2Sr6+3JIc6duxQ67LBK68cIbPZKLvdplGjrtGWLVtltVolSQMHDlRwcKAcDpt69OimDh06aN++/bWek6+vj4qLi+s8bwD4pWIGFgAAAIBaBQYGuH8PCgpWTo5rtlJhYaEWLlykvXv3yWq1yuFwqLy8XJJktVpVVFSk0NAQ97FhYXU/7yogIKDStxg65eXlpbKyMknSwYM/aenSD5Weni6n06nS0lJ17tz5rOqWpNDQ0Hq/MTEgwN/9u8ViUUlJiSQpOztbISEhslgqf5Sqva3AwKAqNTmdTuXn5ysiIkIbNmzQ8uXLlZOTK6PRqIKCAsXH96q1rZKSEvn7+9e6HQB+yQiwAAAAANTqxIkTioqKOvX7cYWFhUlyLRGUpOeee869jO6FF16Q5Ap8/P39lZ2d7Q6usrKyz7qGN954U6NGjdKUKVNkMpn0ySef6MCBA2dVd0NVzbdO/xEREaG8vDyVlZXJ29u73naysk5I6uyuyWAwKDg4WJmZmXrnnXf11FPT1LZtO0musaxLWlq6WrZs2ajzAIBfCpYQAgAAAKjV0qUfqqysTFlZWfryy2VKSBgoSSouLlFUVLS8vMwqLy/V8uXLqxw3YMAAffTRxyopKVFhYaE+//zzs66huLhYcXGxkhzKy8vRmjVrzrrucxUdHa127dpp3rz3VFRUJLvdrh9/3FPrjK5ly75Sdna2ysrKtHjxUvXr1+/UjK5SWSwWNW/eXHa7Vfv379OePXtq7dfpdGrPnj3q1avneTkPALjYMAMLAAAAQI0MBoO6d++hqVMfl9Vq1eWXX65hw4ZJkm688UbNnDlT27Z9L4vFot69+2jnzp3uY3/724maM2euHn74EQUFBWnEiOFKTT27B5Dfddddmj17jvz9/eTn569evXrpxIkTZ1X3+fDQQw9q/vz5mjr1cdlsNrVu3VqPPz61xn2HDLlcL774knJyctW5c2fdddddkqSWLVtq+PDhevrpvyg4OEjR0THq0qVLrX0mJyerWbNmatGihepasggAv1QGZ32Lv38GSUlJ6tGjR1OXAQAAAFwQP/e/d1evXq3LLht0Tm1kZmbq0Uen6P33/y2j0SRJcjodcjjsp/YwyGQyufd3OBwyGk2y263u14xGkwwG16KPrVu3avHixfrHP/5PkmQyWeRw2OR0OmUwGGUwGOVw2NzHmkxmORz2U9sNMhrNkpynlvY5JRmq7N/Qumvqq6Keitpdv9tUERS5+jedeq36uTmdTnd7lduZPPlR3XPPH089r8tQZb+qbThPzeAyyOl0yOl0yGAwymg0uvt89tn/08SJE9WuXdtarhgA1G7NmnVKTExs6jJUUFAgSdq+fXuDj4mPj5fEDCwAAAAAdXA6HbLba/qmPmeVQEdSlf0yMzNVUFCoNm0uUU5Ojj7++CP179+/0r6ng66K0KZqW7ZK251V9j+Xumvq68x6zuzL1X/Vc3UFYnadqfqxqnZsfW3UVP9f/vIX2e12MfsKwK8VARYAAACA866srFwzZ85STk6OfH19demll+raa0c1dVkXrdpCMAD4tSDAAgAAAFBNZGSkFixY0OiZTxXi4uL08ssvu/+uuvzwwjnXus+n6dOnV1mKCAA4ewRYAAAAAGp0biFQ45f9nS+eEF5JnlMHAPwSGJu6AAAAAAAAAKAuBFgAAAAAAADwaARYAAAAAAAA8GgEWAAAAAAAAPBoBFgAAAAAAADwaARYAAAAAAAA8GgEWAAAAAAAAPBoBFgAAAAAAADwaARYAAAAAAAA8GgEWAAAAMAvjNFoVFlZaVOXAQDwAGVlpTIaL/745+I/AwAAAABVhIeHKzX1iEpLy5q6FABAEyotLVNq6hGFh4c3dSnnzNzUBQAAAAA4vzp16qT9+/cpJSVFxcUlstlsTV0SAOBnZjab5efnKz8/P3Xq1LGpyzlnBFgAAADAL4zJZFLHjp2augwAAM4blhACAAAAAADAoxFgAQAAAAAAwKMRYAEAAAAAAMCjEWABAAAAAADAoxFgAQAAAAAAwKMRYAEAAAAAAMCjEWABAAAAAADAoxFgAQAAAAAAwKMRYAEAAAAAAMCjEWABAAAAAADAoxFgAQAAAAAAwKMRYAEAAAAAAMCjEWABAAAAAADAoxFgAQAAAAAAwKMRYAEAAAAAAMCjEWABAAAAAADAoxFgAQAAAAAAwKMRYAEAAAAAAMCjEWABAAAAAADAoxFgAQAAAAAAwKMRYAEAAAAAAMCjEWABAAAAAADAoxFgAQAAAAAAwKMRYAEAAAAAAMCjEWABAAAAAADAoxFgAQAAAAAAwKMRYAEAAAAAAMCjEWABAAAAAADAoxFgAQAAAAAAwKMRYAEAAAAAAMCjEWABAAAAAADAoxFgAQAAAAAAwKMRYAEAAAAAAMCjEWABAAAAAADAoxFgAQAAAAAAwKMRYAEAAAAAAMCjEWABAAAAAADAoxFgAQAAAAAAwKMRYAEAAAAAAMCjEWABAAAAAADAoxFgAQAAAAAAwKMRYAEAAAAAAMCjEWABAAAAAADAoxFgAQAAAAAAwKMRYAEAAAAAAMCjEWABAAAAAADAoxFgAQAAAAAAwKMRYAEAAAAAAMCjEWABAAAAAADAoxFgAQAAAAAAwKMRYAEAAAAAAMCjEWABAAAAAADAoxFgAQAAAAAAwKMRYAEAAAAAAMCjEWABAAAAAADAoxFgAQAAAAAAwKMRYAEAAAAAAMCjEWABAAAAAADAoxFgAQAAAAAAwKMRYAEAAAAAAMCjEWABAAAAAADAoxFgAQAAAAAAwKMRYAEAAAAAAMCjEWABAAAAAADAoxFgAQAAAAAAwKMRYAEAAAAAAMCjEWABAAAAAADAoxFgAQAAAAAAwKMRYAEAAAAAAMCjEWABAAAAAADAoxFgAQAAAAAAwKMRYAEAAAAAAMCjEWABAAAAAADAoxFgAQAAAAAAwKOZm7qACklJSU1dAgAAAAAAADyQxwRYHTt2bOoSAAAAgAsiJSWlqUsAAOCixhJCAAAAAAAAeDQCLAAAAAAAAHg0AiwAAAAAAAB4NAIsAAAAAAAAeDQCLAAAAAAAAHg0AiwAAAAAAAB4NAIsAAAAAAAAeDQCLAAAAAAAAHi0izbAevrppzV16tRzauPdd9/VhAkTzlNFAAAAAAAAuBAu2gALAAAAAAAAvw7mpi7gXDidTr344ovasmWLOnTooClTpig4OFgpKSmaPXu2UlNTFRoaqrFjx2rEiBFyOp2aOXOmvvvuO0VFRSkuLk6SZLVadeedd2rAgAG677775HA4dMcdd6hPnz568MEHG1TLwoULtXTpUo0fP17Lli2Tr6+vHnnkEbVr1+5CDgEAAAAAAMAv3kU9A+vgwYMaOXKk/vznPys5OVmff/65SkpK9NxzzykwMFAzZszQ5Zdfrrfeekt79+7Vtm3btGzZMk2YMEGPPfaYdu/eLUmyWCwaOnSoNm7cKLvdrt27dys/P19XXHFFg2sxmUyy2+2KjIzUjBkz5HQ6NWfOnAt16gAAAAAAAL8aF3WA1apVK/Xo0UM9e/ZUVFSUDhw4oJ9++kn5+fkaMWKEwsPDdfXVV0uSkpKStH//fknSsGHDFBMTo379+rnbGjlypAoLC5WUlKRNmzYpKipKXbt2bXRNCQkJ8vX1Vffu3XXgwIHzc6IAAAAAAAC/Yhf1EkKDwVDtb6fTWeU1h8NRbduZ/ylJsbGx6t69u9atW6ddu3Zp2LBhZ1VTRX82m+2sjgcAAAAAAEBVF/UMrJ9++km7du1SUlKSjh8/rvbt26tNmzYKCQnRypUrlZOToy+//FJGo1Hx8fFq27atJGnlypVKS0vT1q1bq7Q3cuRIrV+/XsePH9fQoUPPqqbly5crPT1dO3bsUPv27c/5HAEAAAAAAH7tLtoAy263q0uXLvryyy/17LPPKj4+XqNGjZKvr6+eeOIJ5eXl6Z577tHGjRs1efJktWnTRn369NGwYcO0aNEivfLKK+rRo4esVqu7zQEDBsjhcKhXr16KjIw8q7qsVqsmT54sf39/TZo06XydLgAAAAAAwK+WwXnmmrsmkJSUpI4dOzZpDXl5edq6davefPNNPf300+rdu3ejjl+8eLE++OADLV68WF5eXheoSgAAAFyMUlJS1KNHj6YuAwCAJlVQUCBJ2r59e4OPiY+Pl3SRPwPrfJo9e7Y2b96sMWPGNDq8AgAAAAAAwIXDDCwAAADgAmMGFgAA5zYD66J9BhYAAAAAAAB+HQiwAAAAAAAA4NEIsAAAAAAAAODRCLAAAAAAAADg0QiwAAAAAAAA4NEIsAAAAAAAAODRzE1dQIWUlJSmLgEAAAAAAAAeyCMCLKvVqj59+jR1GQAAAMAF8f333zd1CQAAXNRYQggAAAAAAACPRoAFAAAAAAAAj0aABQAAAAAAAI9GgAUAAAAAAACPRoAFAAAAAAAAj+YR30IINEZRUZG++eYbFRYWNnUp+AUKCgrS0KFD5efn19SlAAAAAABOIcDCReebb75Rly4dFRUV1dSl4BcoPf2YvvnmG11zzTVNXQoAAAAA4BQCLFx0CgsL1bx5czmdzqYuBb9A0dFR2rLl+6YuAwAAAABQCQEWLlKEVwAA4MIpKirSsWPHlJOTI5vN5n49LCxMYWFhatasWRNWBwDArw8BFi5KzL4CAJyNTi9s1LNXtdGNPc4ufFi4PUN/+mK/Csvsem9iF43uGnGeK7w4LNqRoWdXHFLyY5c2dSkXxJEjR3TkyJEat+Xk5CgnJ0eZmZnq2LGjzGb+OQ0AwM+B/8XFRenXHmB99NEnMpmMuu660U1dCoBfgWdXHNJTyw/qvYlddGufX/fzB+/7OEVLbumuK9qHNnUpbifL7Aqc9q1+eiJBrcN8mrqcBnnsv/uVVVSueRO7nJf2zucYVA6vzGazOnXqpKCgIElSWVmZ9uzZo6KiIuXn52vXrl3q2bPnOdcPAADqZ2zqAgBIoaGR+vrrlQ3ad/Xqb/W3v/1dAwYMaHD7SUk/KCgoTNnZ2WdbIoBfKYdTmr05XWG+Zs3ckHZB+7LaPfv/nMgrsSm3xKauUf5n3Yann+OvXVFRUZWZV+3atVNQUJDKysqUk5Mjb29vde3a1T3rqqioSGlpF/Z9AQAAXJiB9QuwYsUKPf7447JYLNqwYUNTl/OzqG8G1oIFC3XvvfcrP796YBMW1kwvvfS8YmJiNGHCTXW2M2fOOyotLdO9996v1q1baceO72UwGNzbv/rqa40bN1He3t46cSJdkpSaelg9esTr888/1WWXDW7wORkMhnrPKz39mB577E/65JOP1axZswbPRAsNDdUtt9wiLy+vX/3sNQCNszwlW0fzy/TJ7T00as5OJR8vUrdKAc6B7BI99t992pBaoFKbXd2jAvTFpF4K8jHpZJldf152QJ8mZ6mwzKaBrYP11piOahXqmiHT65XNGtkxTJsOFyijsFx/H9lGIzuG66nlB/TZrixlFVnVKtRHs8d31qUtgzR97RG9vT5NR/PLFOJr1sRezfXc1W1lMRlqrL3c7tSUz/dp4fYMWUwGPTCoRbV9vtmfqyf/d0B7ThQrwt+iyZe30L0JcdX2Sz5epNFzd0qSBr6xVSajQSlTB8jhlJ5Z8ZPe//648ktt6h0bqNeu6+Aeo5rOcd2hfGUXW2UxGbRk5wkF+5j12nXt1TrMV3cv+VEpmcUa1DpEC27qqsgAiyTVee5XzNwuSUp8e5vMJoP+ODBWjw1pqRMny/Xwp/u0an+uDAZpZIcwvTK6g8L8zO42X/3uiHJLrPI2G3Vz7yi9fG37GsdyQ2q+7vsoRfuzS9QjOkBXdwqvsr2+a13Zwu0Zmr05XXanU2v/6fp3y+4pA2QxGvT2hqN6c91RpeWXqX2En14e3V5D2oQovaBM8a9u1svXttfNvV2zAG9ftFupeaVacXd8rWOwLa1Qj3y2TzvTTyrMz6w7+8fo8aGtZDLWfM8cO3asyt9hYWGSpJ07d8pms6ldu3Zq1qyZ/P39lZ+fL8kVYgEAgAvvogqwXnrpJS1atKjGbevWrZO3t/fPXFHDvP/++3r99dfVpk0bLV68uKnLqdXu3bt16623SnKFYiEhIee1/Ycfflhr167VuHHj9Kc//emc2qovhDEYjHXuZzAYNWjQIG3evNH92hNPPKni4mK9/vpr7teio6P1+edfyGKxqKSkVGvWrK0SSs2f/4FatmyhjIwT1fpqSCB15jnVt39MTLSSknaorKxETqejwW3HxcVq5swZKi8vI8AC0CgzN6bp6k7huqZzuHpGB2jWxjRNv76DJKmwzK7Et7dpXI9mem9iV/l5GbXpcIHMp8KBWxftVrndoU0P9lWon0V/WX5QY+YlaevD/VWRH3z4Q6bW3NtH0UFekqTr5ibpZLldq+/prZYhPtqbVSzLqZ2jAr31+aSeahPmq5TMYl07Z6figr310GXVgylJeubrn7Rqf66+f7i/IgMsevSzfTqQXeLeviP9pEbN2akPftdNozqHa8+JYl317g5FBXrrhu6RVdrqFuWvzQ/2U+Rf12jDA30VFeiq9+/LD2rRjgwt/30vtQr10TMrDmnErO1KmTpQQT6mGs9x3aF8LU06ofk3ddWMGzpq3pZjunPxjxrcOkRLbu2uCH+Lrp2zU/9YdUivjG5f77mv/EO8Aqd9q9X39K6yfG78+8kK9TVrz9QBsjud+t2CXbpl4S59Mamn9mYW609fHND2yf3VqZmfisrt2nW85iAmp9im37y7U89c1Ub3DIzVzmMnNWr2ToX5Wdz7NORaV/htfHN9f7Sw2hLC6WuPaPrao/rw1u7qHh2g/+7O0ug5O5X82AC1CPHWgpu66ob3flCfuCBtSs3XspQc7Xikv0xGQ41jkF1s1YiZ2/VYYit9dXe89mUW65rZO+VlMmpKYsuazzUnp8rfu3btkiTZbDaZzWYFBwe7/66QlZWlDh061NgeAAA4fy7KJYRms1ndunWr8mM0nv2pWK3W81gdfh7OBvzUtp9LQICfOnZs7/4JCgpSQEBAldcCA/0kOWU0GnXTTb/V/PkfuNvJzs7SsmXLddNNN9XQV2PqdO2fnp6uG24Yp6ioOPXo0VuLFy9xby8qOqk//vFedevWUyEhYerb91LNmvVOlTZWrFihIUOGKTq6hVq1aquRI3+jw4cPS3IqKWmn/PwClZ2dVWX/4cNHKioqTpdc0l7jx09UcXGRJKfKy8v01FN/UceOXdSsWYyGDh2u7777rhHnc7H/AJCk9IIyffFjtu7sFy1JurN/tN7//rhKrK4A/ePkTJkMBr10bXsF+ZhkNho0qHWw/LyMOppfpo+TM/X2DZ3UPNBLXiaDnr2qjfZllSj5+El3H3f1j3EHO4fzSvXZ7izNurGTWoX6yGCQOkb6qU24ryRpfM9mahvuK4NB6tTMT/cmxGnl/txa65+39ZimXdFaLUK85WM26oVR7VR5stab647ot/HNdV3XCJmMBnWN8tf9g+I0f9vxBo/R3C3HNG34JeoQ6Sdvs1F/u/ISSdIXP2bVeI4VhrYN1djukfIxGzWpf4xOltn1h4Gxahvuq2Afs37XO0pbjhS492/suR/MLtG3B/P0+vUdFOJrVrifRS9f215f7snWsYJyWUxGOZ1ObUsrVH6pTf5eJvVvGVRjWx8nn1BUoJfuHxQnk9Gg3rGBurN/jHt7Q691faavPaq/XnmJesYEyGiQrusaoYTWwfo4+YQkaXj7MD1yeUtdN3enHvx0rz74XVd3kFiTT5OzFOJr1uNDW8nL5Lq+UxJb6t1NtS/5qxxMSVJ+fr57plW7du3k7e2tnJwcZl0BANAELqoZWBVCQ0M1b968GretXbtW8+bN04EDB2Q0GtWuXTv9/ve/V9++fSVJS5cu1T//+U/FxcXp+uuv18KFC+Xr66uXXnpJEydOlCQ9/fTTmjdvnjIyMpSYmKjJkyfrtdde0+rVqxUeHq6HHnpIw4YNkyQlJyfr+eefV1pamoqKiuTr66tu3brp4YcfVrt27fT8889ryZIlkqSDBw+661i0aJHatWtXb7012bhxo1577TUdPnxYPXr0UEJCQrV9bDabPvzwQ3388cc6evSoQkJCNHjwYN13330KDAystoycUtQAACAASURBVH/FMsQKw4cPlyRNmTJFEyZM0KFDhzRjxgz98MMPKioqUps2bXT33XcrISFBNptNd911l5KTk3XjjTfq8ccfV3JysiZNmiSDwaDZs2frb3/7mw4ePChJWrJkiZYsWaLg4GCtXLlSNptNS5cu1SeffKKjR48qKChIPXv21H333ae4uOrLOKSGPMTdWc9+zlMznuzV2nQ47NX2laTf/e4mXX55ol544R8KCgrUokVLlJCQoLi42DP6Ot13Y2Y7/f3vz+q5557VW2+9qaX/z959h0dV7H8cf2866YQ0eieUIL1ZIPSrCNKRAMq1XlApUtQril6Bi6CAFQXkJ6JSpIMFASkiYOjt0g1CSCAJpIeU3T2/P0KWLElIwJKgn9fz5DE5Z2bOd2bPSvLdmTnLlvOvfz1DrVo1adKkMdnZ2dSpU4fnnhuBv385du/ezTPPPEtQUBA9ejxIamoaQ4b8kwkT/k3//gPIyLjKzz9H4ODgcC0G07WYcuLavHkLAwYMYvToUcyZ8zEWi+Xaa2HBMAwmTZrCokVLmD37A+rUqcPHH39Mv34D+fnn7VStWrXYfSppFy9e4umnnyn0Dw0PDw8+/vgDgoOD/uTIRO4Mn0TE4OfuxIP1c560N7hpecavO82SA5cY2qI8Z69cpaZ/mXwzbAAir1zFBHSes9/uuLuLAzHJWdyVkxOjos/12dNnr2TgaIIafmUKjOfrY5d5a+uv/HJtFlValoXa/u4FljWMnARcrTznPVwcCfa6fr3IKxkcjkmlbuT12biZZqstYVYUw4ALyZnUzFPe0cFE1bJunE/MsB3L28dcFXyuJ16cHU24OJrsynm4OJKSef3fo1vpO8D5pEycHExU8b0+I6umf06c5xMzaFnFm8WDQ3n/pyieWnaMhsGeTOhUnW71yuVrKyopk1r+9mNSK0+fi/ta34xhwNkrV5nw7S9M2njWdjw100KLytcTa/9qU5H//nCW1lV86FDr5hvpn0/KoMa1pF+umv5lOJ+YWXRAN6hcuTJ+fn6kpaVx+vTpW64vIiIiv90dmcBKSEhg6NChtp+rVavGa6+9xnfffceECRMAaN++PdnZ2Wzfvp29e/cya9Ys7r33+tKvqKgoPvvsM+6+++58jz+eMWMGTZs2JTo6mvXr17Njxw6CgoKoVq0ax48fZ+LEibRs2RJPT0/i4+MxDIPu3bvj5eXF1q1b2bVrF2PGjGH58uU0b96cU6dOceDAAXx8fLj//vsB8PX1vaV4c50/f55Ro0ZhNpttT8X58MMP85WbNm0aK1aswN/fn8GDB3Po0CGWLVvGkSNHWLBgAY6Ojnblq1SpQteuXVm/fj0AvXv3xsXFhZCQEM6fP88jjzxCeno6HTt2pHLlyixdupQRI0bw1ltvERYWxtSpUwkPD2fZsmU0b96c999/H4vFwtixY2nQoAEPPPAAK1asIDo6mtq1a9OsWTPc3XN+8Z46dSqrVq2iTJkydO7cmZMnT7JhwwZ27drFkiVLCAzM/6jz4u/9VPBj0nMTOcU9DlCzZnUaNgxlxYqVPProEL74YhFjx44hLS3VLqa89W8lgfXwww/Tv38/rFYzo0Y9x9at2/joozl89NEHeHt7M27cGCwW87X7rRsHDx5kxYqVdO/ejbi4OK5evUqXLp3x9/cFylKlSh+sVvO1GOyTam+/PYsePbozceIrmM05MxBDQupgNmdx9epVPv54HjNnzqBLl05YrVbefPO/bN36Ix99NJcpU94odp9KWlBQIMOHP8306TMKPD98+NMEBRV/LzGRvxOrAfN+vkDiVTOV3vjJdtxiwJyfLzC0RXmq+ZVhfkQMVoN8SazcvY9+HN7Mto9TQfImF6r5uWExchIiNyaR4lKz6fnpIVYNvYv765bDwQSzfjzP4gOXCm23grcrF1OybMfMVoP49Os/Vy3rRr1AD97vdXvLv0wmqOjtSuSVq9xTLWdpmdWAXxMyqJwncWQqeLulYiuq7w4FXKCyjytmq0FUUiaVriXGcpNfubH1DA2gZ2gAmWYrn+6JofeCQ8S/3hYvV/vfESr5uLLuf1l2x/KOa3Ff67xuvF9MJqhS1o1p3WrR966C/+22GvDo4v/xYD1/dv6axPyIGB5rWf4mY+DG2SsZdsd+uXyVyr63vuVE7tLB06dP55ulJSIiIn+OO3IJodls5siRI7av3E/CPv/8cwAefPBBpk+fbpcE+uKLL/K1M3fuXCZNmsRrr71md/zll19mxowZtG3bFgBXV1c+//xz3n//fQCuXr3K2bM5nw62adOGzz//nNGjRzNkyBAmTZoEwIULF4iKiqJjx460a9cOgHLlyjF27FjGjh2Lv7//LccLsHbtWsxmM0FBQXz66adMmzaNAQMG2JVJSUlh1apVAIwYMYKHH36Y1157DVdXV44fP87u3bvztVunTh0GDRpk+3n48OGMHTuWxo0bs3z5ctLT06lVqxYvvfQSgwcPpl+/fgAsWLAAgODgYF5//XUAXnzxRaKiomjfvr1tVtvQoUOpUaMGAI0bN2bs2LEMHz6clJQU1qxZA8ALL7zAxIkTmT9/Pr6+vnbn8iveErCff96Z7ysneXezZWMFHzcMC0OGDOHLLxezZ89eoqOj6dbtH3nK3Fjn1pasNW/eBIslC8Owkp2dSatWLThx4pStzNtvz6BFizaUL18FH59yTJ/+NlFRFwCDatWq8NBDPWjXrgODBz/KnDlziY6OurZPVv6+HTp0mHbt2pKdnYFhWDAMC2ZzJmBw9uxZMjMzadWqGRZLNoZhITs7k9atW3Hy5Klb7FfJf3Xp0pHOnTtyo86dO9KlS8ci7gWRv6/vjuds3r7j2eYceL6l7evrxxux89dkDsek0rNBAGarwQtfnyYl04LZarDjbBLpWVaq+LrxUAN/nvjqmG3GS8JVM0sPxmK2Fvw+q+LrxoP1yvH08uOcT8zEMOBkXDq/XL5KapYFq2HQ+Nryssvp2cz7OfqmfXi0eXlmbjtHpjlnyeP7P0WRlnV9/8Dhd1fis70xrDwSR7bFwGw1OByTys5fk4o9TkNblGfKprOcuXyVTLOV17//BcOAbvX8i91GUYrqu7uLA96ujpyIS7cdq1GuDG2r+/L8mlMkZZi5km5m7NrT3B9SjvLeLpyMS2fDyStkmK24OjkQ4OGCCXAsIBHUMzSAU/HpbDyVsz9UfFo28yKuX/92Xuvy3q6cvnwVS57zI+6tzMvfnmHfhRQMA65mW9lyJoHIa0moSRsjOZ+YwWcD6/PloAaMWnOSI9f27SpoDB4K9edyejZvbT1HlsXgWGw607ec4/E8yx9v5OFR8BMm09LSSE5OLnBGb2F1RERE5Pd1R87ACggI4Ntvv813/OLFnD0ratWqZTuWu0wv91zeNmrWrFlg+/Xr52womvtpW0hICE5OTnZL73J/gYmMjGTWrFkcOXKEjAz7T/kuX75MtWrVCu3HrcR7Y52aNWvaZo7VrVvXrkxsbCxWa84v6K+++mq+Ns6dO0fr1q0LjetGuU/kOX36tG1pYa68j5q+7777qFu3LsePHwfg8ccfL7LtvLHmvh6urq5UqlSJxMTEQsehqBkzuefr1KlRZJkbjuY7nndmVc+e3XnhhRf5z38m079/P5ycHPLNvMqtfqtLCK1Wq115q9WKyZTTzhdfLOLddz9gwYL/o2XLlvj4eDNlylRWrlxlq/PFFwvZt+8A3333HUuWfMUbb0xmxYqlNGvW1C7G3C+r1VJIfDl/vFgs9vEYhnHLG9OXFsOGPcWZM2f45ZecxHONGtUYNuypO7IvIn+Wj3ddoGeDAJpVsl92HuzlR5uq3ny8K5r3e9Xhh381Yey609SYsgOz1eCu8p6se7wRAJ8NbMB/NkQSNnsvsanZlHN3pl1NX/rcsEF6Xp+HN+Df35zhnvf3kHDVTDU/Nz7pV4+WVbyZ+kAt2n+0jwAPF8q6O/FQA/+b7gP1SqdqjF13mqYzI6jo48Y91X2ok2cpXPNKXqz5511MXB/JE0uPYZCzv9SEjtWLPU4TOlXHYjXo+NF+kjLMNKnoxfdPNbZt4P57qO7nVmTf3+xWi8eW/o/0LCuj2lZmYufqLBkSyug1p6jz5k5MmOhSx8+2KXyG2cor63/heGwaDiYT1cq6sfzRu3B3yf/ZZjl3Z75+vDGjVp9komMkvmWcGNQkiOWH42xlbvW1Htw0mFVH4gh47UeshsGlifcx8t7KlHF2yHm6YEIGZZwdaV7Zi1k96rD5dAJvbT3Hzmeb4+HiSFjNsowPq0q/zw6zZ1QLPFwcCxyD759qwvNrTjJpYyRlyzjzzxbleb5dwRu4Q87DWwpaIpiWllbozKu8v8eJiIjIH+eOTGAVJjg4mMTERM6cOWM7lvt9UJD9Hjc3e2JhbmLIdO1TyNyfC/pj9/XXX+fUqVOEhYXRv39/rl69ypgxY+zK5y7Xy03U3E68uXKPR0df/+TzwgX7zUgDAwNxcHDAarUycuRIuyfjWCyWQvcwyrusMG+swcE5j6uuVasWo0ePtquTt9zixYs5fvw4Li4uZGVlMWXKFD755BOcnZ3t2s87joGBgbakyJkzZ6hXrx5ZWVlERUXZXftGxd0Dy2K5cT+r3PoFtZF/CeCNx93cXOjZ8yG++OJLJk9+o8Dlgjcmi4pr9+49dO/+gO3niIgIQkJCMAyD3bv30qVLZ+69tw0Wi5nU1CT2799nd72MjDRCQ+vSqFEoL7/8Eu3bd2TlyjU0bdokX0yNGzdmy5ZtPPLIoHxxVK1aBVdXV3bt+pkaNarZ6u3a9TPt24fdkUkfDw93xo4dzbhxLwEwduxoPDzc78i+iPxZVv/zrkLP7Xj2+j6NdQLcWVNIWS9XR6Y/WIvpDxb8B/6B51vmO+bj5sQHvUP4oHdIvnPjwqrke3rc5EKjBFcnB97rab88cGJn++RUWM2ybB1+872Ucvl7OGNM72B3zMXRxOT7azL5/oI/FCuoj7Meqp3vWMbU9nY/D24azOCm1/8NLKrv/2pTkX+1qWh3PtjLhUWDGhQY113lPdn1XOH7bd7onmo+7B7Zwu7Y612vf0hU1Gt9owBPZ7YOb5rv+NOtK/J064r5jtfyL0PypHZ2xyZ0qsaETtc/KCxoDJpX8mLb8GbFiglyfi+Ji4uzbdye97i3t7fdB3eQ8zvijVtRiIiIyB/jL/Uvbnh4OK+++ipr164lLS2N7OxsfvzxR9u5P0LeBE5KSgrffPNNvjLly+fsz3D+/HkmTZqEp6cno0aNuq14H3zwQRYuXMjZs2d59dVXqVKlCgsXLrQr4+XlRY8ePVi1ahWLFy/m/vvvx9nZmaioKHbs2MGXX35ZYNtBQUG2ZNJ//vMfKlWqxKBBg+jduzfLly/n9OnTrFy5kjp16pCQkMCRI0eoWbMmbdq04dixY8yaNQsnJyfmzJnDW2+9xZEjR3jnnXcYO3as3Ths3rwZBwcHatasSZ8+fejRowerV69m2rRp7N27l1OnTpGYmIinpyfdu3cvZOSLm3gorNzNlord/PisWW/z5ptTcXd3uWHDd/t6kZGReHl52h2rWbMG7u4Fbw781VfLCQ2tR8uWLVizZh0//LCFzZs3AgYhISH83/99SlxcLH5+ZVm9ei3r128gJCQEMDh27Dhr135Dly4dCQ4O4uTJ05w5c4bBg8ML6I/B2LHP07t3XyZN+i/9+vUGYMuWbQwa9DCenp4888xwJk36L+XKlaVGjerMn7+AM2fOsGTJlwW0d2eoWbM6w4Y9afv+Tu2HiIj8sUJCQjh69KjdcsHIyMh8iSonJycaNGhw0w9FRURE5Pfzl0pgPfDAA3h6evLpp58SEZHzBLamTZvy+OOP06pVqz/kmq+88gpTp05l586dnD17ln79+rF161a7Mvfddx9dunThp59+YtWqVTg7OzNq1Kjbirdq1arMmDGDd955h82bN1O3bl0GDhzIvHnz7Mq9+OKL1K5dm1WrVrFkyRJMJhNBQUF06dIFb++CH5Pt6+vLc889xxdffMH27dsB6Nq1Kw0bNuSzzz5jzpw5HDp0iC1btuDj40OdOnVo164dqampvPjii5jNZp599llCQ0OZNGkSgwYNYvHixTRv3pywsDDCw8P53//+x/Hjx1m6dCmtW7emT58+vPTSS1SvXp01a9awYcMGvLy86NSpE8OGDSt0JlrRSwiLKlfQUsGC6+Q/bsHV1RGLxWx3/Mb/jhw5Jt9Vv/12Dc2b5//EGeC11yayZMlSRo8eT2BgAPPmzaFhw/pYrRaefPIxTpw4yT33hOHi4kLLli0YMeI51q//HsMw8PT05MCBQ3z66WckJiZRvnwww4YNY/Dg8Gv7WNnPwGrb9m6++moJkyZN5sMPP8bDw4NWrVoweHA4hmHw0kvjsFgsjB49jsTEJEJDG7Bq1QrKlw+8tq/WnalTp5yZE5p5JSIihXFycqJRo0acP3+emJgYzGZzvr2vAgMDqVy5spJXIiIifyKTUQr+ktu7dy/NmhV/erf8vS1atIhOndretIyTkwtlyriTkpKY75ynpy+ZmelkZ9s/UcnNzQOTycTVq6n52nJzcyc1NX9bAM7OLri6Xj9vMjng6VlwkjAtLeWGWVv2MTk5ueDo6IRhWMnMzMBsvh6jm5s7jo7OgIHFYsFqteDk5Ex6egomkwNubmVwcHC6NovOSnZ2FllZOfuyOTg44uHhRWpqUp6lrc64urrh4OB4rU0zV69e/wXd1bUMTk4umEwmrFYLmZlXbUm7v7qNG7cxcODAkg5DRERKgaSkJJKTk4GcDdu9vb1va9mgft8VERHB9m/q/v37i12nSZMmwF9sBpb8ndw872o2Z5KSklngudTUgjf8zchILfC42ZxJamrBbQFkZ2eSnX39vGFYSEkpfFPhm8WUt5388eV/8lFW1lXbNW9MvOVltZrzxWSxZJGenlVIDcjMTCczM73Q8yIiIn8HPj4+tgf7iIiISMlRAkvuSKVg4qCIiIiIiIiI/EmUwJI7khJYIiIiIiIiIn8fSmDJHUoJLBEREREREZG/CyWw5I7j7e3NpUvxBAaWK+lQ5C8oNja+0Cd1ioiIiIiISMlQAkvuOGFhYWzZsoWjR0+WdCjyF2MymfDy8qJ9+/YlHYqIiIiIiIjkoQSW3HE8PDzo1q1bSYchIiIiIiIiIn8Sh5IOQERERERERERE5GaUwBIRERERERERkVJNCSwRERERERERESnVlMASEREREREREZFSTQksEREREREREREp1ZTAEhERERERERGRUs2ppAPItXfv3pIOQURERERERERESqFSkcBq1qxZSYcgIiIiIiIiIiKllJYQioiIiIiIiIhIqaYEloiIiIiIiIiIlGpKYImIiIiIiIiISKmmBJaIiIiIiIiIiJRqSmCJiIiIiIiIiEippgSWiIiIiIiIiIiUakpgiYiIiIiIiIhIqaYEloiIiIiIiIiIlGpKYImIiIiIiIiISKmmBFYBxowZw+HDh/+wdnbv3s3rr79ORkbGb75Grg8++IA1a9b8prjkzpGYmEh4eDgWiwWATz75hKVLlxZa/lbujxtt3ryZqVOn3lZdERERERERkd+DU0kHAHDw4EHefPNNABwcHPDy8qJmzZr84x//IDQ09E+Pp1evXlSsWPEPaScyMpLvv/+e8ePH4+bm9puvIaXTqFGjePzxx2nYsGGxym/fvp2NGzfy2muv3db12rRpg4uLy23VFRERERERESntSkUCC8DT05PZs2djsViIi4tj586dTJs2jccee4ywsLA/JQaz2YyTkxP33nvv79JeQe1Ur16dl19++XdpvzSzWCw4ODhgMplKOpS/hfr165d0CCIiIiIiIiJ/mFKTwAJwdHTE0dGRihUr0rdvXxwcHPjyyy+57777cHR0JCUlhYULF3L48GFMJhP33HMPDz/8MI6OjkRHRzNv3jzOnz8PQNWqVZkwYQIAKSkpfP755xw+fJjMzEyqVavGhAkTiI+PZ9SoUQwePJjNmzfj5eXFK6+8wpgxYxg6dCgNGzZk9uzZODg4kJSUREpKCgBPPPEEVatWBXISNatXr2bbtm0kJSURFBTEs88+S6VKlezaAfj+++/59ttvSUlJoWbNmvzzn/8kODgYgBEjRtChQwf2799PamoqgYGBPPPMM3h6ehY4VgcOHGDhwoUkJibSrFkzsrOz7c5HRESwYsUK4uLiqFChAkOHDqVmzZrFeh1y68bGxuLp6cnAgQNp06YN06ZNo2nTpnTq1AmA6OhoXn75Zf7v//7P1oewsDD27NlDcnIyb775JidOnODLL78kISEBZ2dnwsLCePjhh4scj3379hVar7B4C+rrrYxrZmYmc+fO5dChQ1itVvz8/Hj++ecJDg4usu95zZ8/n/j4eD788EOcnZ3p0KEDPXv25NixY3z++edcvHiRgIAAwsPDueuuu4iJiWHhwoVcvXqVESNGADB9+nSOHDnCV199RWxsLGXKlOG+++5jwIABBSYFP/nkE7y8vOjfvz9w8/vj4sWLzJ07l3PnzmEymWjQoAGPPfYYXl5eAFy6dImPPvqIc+fOUblyZSXHREREREREpMSVqgTWjVq3bs2yZcs4f/481apV49133yUgIICZM2eSnZ3NzJkz+frrr+nRoweLFy+mbt26vPLKK1itVk6fPm1rZ9asWfj5+TFt2jTKlCnDyZMnbecMwyAuLs62hLEge/bsYcqUKQQEBBAREcH06dOZOXMmzs7OrFy5kr179/LCCy8QHBxMdHQ0ZcqUKbCNlStX8sILL1CxYkWWL1/O9OnTmTZtGo6OjgAcO3aMCRMm4OzszHvvvcfatWsZOHBgvrauXLnCrFmzeO6552jatCk//vgjH3/8MTVq1ADg+PHjzJ07l3HjxlG7dm12797NW2+9xYwZMwqMLa+jR48yd+5cRo4cSYMGDUhOTiYpKenmL1Qehw4d4tVXX7Utj5w9ezYjRoygYcOGZGZmEh0dXazxKKzejYrT1+KO6w8//EBycjLvvfceLi4uREdH4+HhUey+53rsscc4dOiQ3RLChIQEpk2bxpNPPkmrVq04cOAAb7/9NtOmTaN8+fIMGTIk3xJCV1dXhg8fTuXKlYmJiWHq1KlUqlSpyBmCRd0fVquVnj17UrduXbKysvjggw9YtGgRTz31FIZhMHPmTBo1asSECRM4d+4cU6dOpXr16rc8DiIiIiIiIiK/l1K9iXvZsmUBSE1NJSYmhhMnTjB06FDc3Nzw8vKiV69e7Ny5EwAnJyfi4uKIi4vD0dGRkJAQIGemzKlTp3jiiSfw9PTE0dGRevXq2c1ieeihhzCZTIUud2vZsiUBAQG2752cnDh+/DgAmzZtIjw8nPLly2MymahYsSJ+fn752ti+fTudOnWiWrVqODs7069fP5KSkuwSbZ07d8bZ2RmAxo0bExkZWWA8u3fvpnbt2jRr1gyTyUTbtm2pUqWK7fzGjRvp2rUrderUwWQy0bJlS4KCgjh69GiRY75p0yY6d+5MaGgoJpMJHx8fu7aL0rVrV7u9vZycnDh37hwpKSm4urraEiFFjUdh9W5UnL4Wd1ydnJxISUnhwoULAFSsWNE2K+m3ioiIoEaNGtx99904OjrSrFkzGjRoYLt/CxIaGkqVKlUwmUxUqFCB9u3bc+zYsSKvVdT9UaFCBRo2bIizszMeHh489NBDtnbPnz/PpUuX6Nu3L46OjlSvXv13W1IrIiIiIiIicrtK9QyshIQEIGd/rPj4eKxWK2PHjrWdt1qtttlLjzzyCEuXLmXixIk4OzvTtWtXunXrRnx8PL6+vri6uhZ4jdwkzc3ceL5s2bIkJCRgNptJSkqyLXu7mStXrtC0aVPbz46Ojvj5+dn6CNglS1xcXLh69WqBbSUkJBAYGGh3LCgoyPZ9XFwchw8fZtu2bbZjmZmZxZpJdfnyZRo1alRkucLkJh1zjRkzhpUrV7Js2TIqVKjAgAEDuOuuu4ocj8Lq3ag4fS3uuLZv356kpCQ++OADkpOTad26NYMHDy703rkVCQkJtiRoroCAAK5cuVJoncjISJYuXcqFCxcwDIOMjAzq1atXrGvd7P5ISUnhiy++4MSJE2RnZ2O1WsnKygJynm7o6+trS/jl1s1N6omIiIiIiIiUhFKdwPr555/x9PSkcuXKXLp0CWdnZ2bOnGlLWuXl6+vLU089BcDp06eZMmUKderUwd/fn8TERDIzM287EREXF2f73jAMYmNjKVu2LE5OTvj4+Nj2NLoZPz8/u3YsFgtXrlzJl/ApjrJlyxIVFWV3LG/Cxt/fn2bNmtGjR49bbrtcuXJcunSpwHNubm52eynl7gmW142z2GrVqsW4ceOwWCxs3bqVmTNnMm/evCLHo7B6N772v6WvN3JycqJv37707duX+Ph4Zs6cyfr16+nRo0ex+p6Xg4P95MayZcty6tQpu2NxcXHUqVMHyD9ukLP0tXv37owdOxZHR0dWrVrFmTNniuxHUffHl19+iWEYTJkyhTJlynDixAmmTZsG5LyPkpOTMQzDFlNiYmKR1xQRERERERH5I5WqJYQWi4WsrCyio6NZsWIFq1atIjw8HEdHRypUqECtWrX49NNPSUtLs+1ddeTIESAn2ZX7h7aPj49tQ/jcevPnzyctLQ2LxcKxY8cwDKPYce3Zs4djx45htVr5+uuvMZlM1K1bF4AOHTqwaNEiLl68iGEYREdHFzir5p577mHjxo2cO3cOs9nM8uXL8fb2platWrc8Ti1atODYsWO2JMWpU6fs9vXq2LEj3377LSdOnMAwDDIzMzl06BDJyclFtt2xY0c2bNjA0aNHMQyDpKQkzp07B0C1atU4ePAghmFgsVj49ttvb9pWZmYmu3btIiMjA0dHR3x8fGxPJrzZeNysXkHx3m5fb3T0+w2FowAAIABJREFU6FGio6MxDANPT09cXV1tiahb7buPj49dIrBFixb88ssv7Nq1C4vFwr59+zh69CitW7e2lb98+bJdkiw9PZ3KlSvbHmDw448/FqsfRd0faWlplC9fnjJlymCxWPj+++9t5ypXroy/vz9btmwBIDk5udjXFREREREREfmjlJoZWKmpqQwZMgSTyYS3tzc1a9Zk3LhxhIaG2sqMGDGCxYsXM378eDIyMvD39+cf//gHkLOZ94IFC8jMzMTDw4NevXrZNq0eOXIkn3/+OWPGjMFsNlO9enX+/e9/Fzu2sLAwVq1axalTpyhfvjxjxoyxLbHq3bs3JpOJKVOmkJKSQlBQEM8991y+Nlq0aMGVK1eYMWOG7al748aNK3A2WVH8/Px49tlnef/99/Hw8CAgIIBmzZrZztevX5/HH3+czz77jIsXL+Li4kKtWrV48skni2w794l0n332GbGxsXh5eREeHk6VKlXo3Lkzp0+fZty4cfj6+tKoUSMOHjx40/Y2bdrEJ598gmEYBAQEMHLkSBwcHG46HmazudB6N/otfb1RfHw8n3zyCYmJibi6utK0aVO6du0KcMt9f+ihh5g/fz6LFi2ia9eu9O/fn7Fjx/LFF18wZ84cAgMDGT16tG35ab169ahevTrDhw/HarXy4Ycf8sQTTzB37lw8PDzw8PCgcePGxMbGFtmPou6Pfv368dFHH7F3716cnZ1p1qwZBw4cAHJmgo0ePZqPP/6YzZs34+npyd13382vv/56y+MpIiIiIiIi8nsxGbcyFelvaPbs2QQHB9OrV6+SDkVERERERERE5I6Vu1pq//79xa7TpEkToJQtIRQREREREREREbmRElgiIiIiIiIiIlKqlZo9sEqrYcOGlXQIIiIiIiIiIiJ/a5qBJSIiIiIiIiIipZoSWCIiIiIiIiIiUqopgSUiIiIiIiIiIqWaElgiIiIiIiIiIlKqKYElIiIiIiIiIiKlmhJYIiIiIiIiIiJSqimBJSIiIiIiIiIipZoSWCIiIiIiIiIiUqopgSUiIiIiIiIiIqWaElgiIiIiIiIiIlKqKYElIiIiIiIiIiKlmhJYIiIiIiIiIiJSqimBJSIiIiIiIiIipZoSWFIky4EDpLRvj+XAgZIORURERERERET+hpTAkkIZiYm2/5q3bMl3XERERERERETkz3DHJLCWLVtG8+bN6dmzZ4lc/80336R58+Y8++yzJXL9kpA2dCjJTZpgOXgQAMvBgyQ3aULa0KElHJmIiIiIiIiI/J04lXQAX375JTNmzLhpmZkzZ1KuXDlCQ0MJCgr6kyIT57AwsrdsIWPmTACuTpyIY+PGOIeFlXBkIiIiIiIiIvJ3UuIJLH9/f0JDQwFITU3l7NmzANSuXRtXV1cAvLy8aNy4Me3bty+xOEu77OxsnJ2df9c2XUeNwmXoUFLat8cBMJUti8enn2Ly9f1dryMiIiIiIiIicjMlnsDq0qULXbp0AWDHjh2MGDECgP/+979Uq1bNVm7ZsmVMnTqVSpUqsWrVKs6ePUvfvn0BeP7551m3bh1RUVGEhITw8ssv2+qazWaWLVvGqlWriIqKwtvbm0aNGvHMM89QqVKlQuNauHAhS5YsISkpiU6dOmEymfKVSU5OZu7cufz444/Ex8cTHBxM7969GTBgAI6OjgW2a7FYWL16NStWrOD8+fMYhkGNGjV4//338fT0pGXLllitVmbNmsW9997LpUuX6Natm20MqlWrxksvvcSGDRvo2rUrjo6ObN68mc6dO/PYY4/x1ltvcfjwYdLS0vD29qZGjRpMmTIFPz+/Wx4LIzGRlPbtMRIS8D5wgOTGjUlp3x6vzZuVxBIRERERERGRP02JJ7B+D0uWLKFnz57s3LmTffv28eyzz7J8+XJcXV2ZOnUqq1atokyZMnTu3JmTJ0+yYcMGdu3axZIlSwgMDMzX3rp163jnnXcAuOeeezh//jyHDh2yK2M2m3nqqac4ffo09erV44EHHuC7775jxowZxMTEMGbMmAJjnT59OsuWLcNkMnHffffh4+PDvn37yMjIwNPT85b6vX79eqpUqUKHDh2oUqUKb731Ftu3bycsLIz69esTHx/P3r17SU9Px8/P75bHwuTri9vIkThUq4bJ1xf3WbMwEhOVvBIRERERERGRP9VfIoH10ksv0bp1a/r160enTp24ePEiO3fupFmzZqxZswaAF154gQcffJDMzEy6detGYmIia9as4YknnsjX3sqVK4Gc2WFTpkzBMAyGDBnC8ePHbWV27tzJ6dOncXR0ZPLkyXh7e1O3bl2ef/55vvrqK4YNG4a7u7tduykpKaxYsQKAkSNHMnjwYACsVmu+GBwcit5fPzg4mEWLFtmWWj799NMA+Pj4UKtWLTp16sT48eNt176dsXDJs2G7cwltoC8iIiIiIiIif29/iQRW7vI3T09PfHx8uHz5MhcvXiQ2NtaWHKpZsyYArq6uVKpUicTERC5evFhge7nHQ0JCADCZTNStW9cugRUTEwPkLAns3bu3XX2z2UxMTIztmrnyxtO4cWPb8ZslqywWS6HnGjdubEteAQwbNozXX3+d1atXs3r1aiBnbN555x3MZvNtjYWIiIiIiIiISEn7SySwTpw4QaVKlYiLiyMhIQHImZ0UGBiIyWTCMAzOnDlDvXr1yMrKIioqylamIEFBQVy6dMmWpAK4cOGCXZncuk5OTrz11lt2G6hnZ2dTvnz5fO0GBgbi4OCA1WrlwIEDts3rcxNLDg4OuLu7k5qaSnJyMgCnTp0qtN95k1cAjRo1YuXKlcTGxhIZGcns2bM5cuQIy5cv58knn7ytsRARERERERERKWl/iQTW5MmT2bZtGwcPHsRqtRIUFETr1q1xc3OjR48erF69mmnTprF3715OnTpFYmIinp6edO/evcD2evbsyaFDh1i9ejVeXl6kpqaye/duuzJt2rShevXqREZGMnfuXO677z4yMjI4ffo00dHRLF26NF+7Xl5e9OrVi+XLl/POO++wf/9+fH19OXDgAB9//DH+/v7Ur1+fiIgI5syZw8mTJ1m7dm2xx+GFF17AMAyqV6+Oi4sLly9fBsDPzw8vL6/bGgsRERERERERkZJW9EZLd4AxY8Zw/Phx4uLiaNy4Me+99x5ubm5Azv5Yo0aNIjg4mA0bNnD58mU6derEggULCAoKKrC97t2789xzz+Hn58fy5ctJSUmha9eudmWcnZ2ZO3cugwYNIjk5mfnz57NixQoSExNvmgwaP348L730EiEhIezZs4fvv/8eLy8vW7zjx48nNDSU2NhYdu7cWeC+VIWpX78+kZGRLFq0iHnz5mEYBgMHDiQ8PPy2x0JEREREREREpKSZDMMwSjqI23H27Fn69u0LwNdff60EjIiIiIiIiIhIKZa7XdL+/fuLXadJkybAX2QGloiIiIiIiIiI/HUpgSUiIiIiIiIiIqXaHbuJe7Vq1dizZ09JhyEiIiIiIiIiIn8wzcASEREREREREZFSTQksEREREREREREp1ZTAEhERERERERGRUk0JLBERERERERERKdVKxSbuaWlpbN68mZSUlJIORa7x9vamffv2uLu7l3QoIiIiIiIiIvI3VyoSWJs3b6Z+/RCCg4NLOhS5Jjo6hs2bN9OtW7eSDkVERERERERE/uZKRQIrJSWFoKAgDMMo6VDkmvLlg9m9e29JhyEiIiIiIiIiUjoSWDmUvBIRERERERERkfxKTQJLs69ERERERERERKQgSmCJiIiIiIiIiEip5lDSAQgMHDiYsWPHF7v8oUOH8fb24/Lly39gVCIiIiIiIiIipYNmYJUC7du3p2xZ31sYAxOQM2Z/53ETERERERERkb+Hv2wCyzAMLBYLTk6lpouF+te/nroWr7lY5XPHSgksEREREREREfk7KEVLCI1Cv3bu3Imvrz/Ll6+gVau7qVatFu3bd+LgwYP5yqxZs4bWre+hfPnK7Nq1i+TkZEaPHkPt2vWoVKkq//hHNyIiImz10tPTGDFiFHXq1CcoqCJ33dWEGTNm2s4XVX/69Lfp1Kkrs2d/zF13NaFq1Zo88sg/SUxMsOvDxo0b6dSpK8HBlahevTb9+z9MenoaYDBgwMM8//wYW9lp096iVau7KV++MqGhjRg//kXS0lJvGJebj1ner4sXL9KjR286duxa4FePHr25ePFiAXVFREREREREREpeqUlg5c4mKujLZMoJc86ceWzcuIELF87TpUsX+vcPJy0tza7M7NlzWL16JZcvx9G8eXMGDhzMuXPnWbZsKRERP9OtWzd69erHuXPnMAyDGTPeYc+evaxatYL//e8oCxZ8So0aNW3XLqq+g4MDhw4d5tdff2X//n0cP/4/oqIuMHnyVFsbP/ywmQEDBhEWFsaOHdv5/vvv6NChA2azxRa7yeRgK+/m5sZ7773LgQP7mD//E3bs2MVrr72RZ8ZV7gysm49b7ldQUCDDhz9d6NgPH/40QUGB+eqJiIiIiIiIiJQGpWZ93c0SJrnnJk58FQ+PMmRmpvPii+NZsGABy5YtZ8iQwbYyb7zxHwID/cnMTGfPnj3s2bOXX3/9BTc3VwzDysiRz7Fhw0aWLVvBqFEjuHAhmvr161O/fgiGYVCuXCOaNm2MxWJmx46dRdYH8PT05L//nYxhWHF1deLRR4fw4YezbTG9/fYsevTozsSJr2A2ZwMQElIHsznLrt+5348aNRKr1YJhWAkKCmDy5Ek89thjvPnmlNyStvLFTTR16dKJAwcOsmHDJrvjnTt3pEuXTkpYiYiIiIiIiMifokmTJrdcp9QksG6+ZC3nXN26tQFrzhHDTL169Th58jR5l7zVrl0Dw8gpc+jQYTIzMwkOrpivxWrVqgAGQ4c+St++/WnV6h46dGhP584dCQtrW+z6YFC9ejUMw2I7V7asL7GxcbaYDh06zBtvvE52doatjNlsIb+c8uvWrWXGjFmcOHGKlJQU29m0tDQ8PNxvKF/8xNPw4U9z5swv/PJLJAA1alS/NjNLySsRERERERERKb3uiCWEuZODMjIy7Y5nZWVhMpnsyjg5OdqV8ff3JyMjLd/XBx+8j2EYtGzZjOPH/8f48eNITk7m0UcfY+jQJ4pd3zDAwcHhhnitWK1Wu2M5M6oK7t+1EcAwDE6ePMWjjz7O4MGDOXr0MOnpKWzc+D0A2dlZdnWKs3ww75eHhzvjxo3Gw8MDDw+Pa9+7FxGXiIiIiIiIiEjJuiMSWLkzhHbv3m07lpKSypEjR6lTp84N+0Jdr3fXXXcRHx/PDz9sJDU1ye4rMzPd9uQ/V1cn+vTpyUcffcjnny9kzZp1JCcnF6t+wfHbH2vcuDFbtmwrMlFkGAb79x8kMDCAoUMfwcPDlfT0FHbvjrh23n7Z4K0msAzDoEaN6gwb9iTDhj1JjRrVixh3EREREREREZGSd0ctIXzzzbfx9fUmMDCQqVOn4+rqQp8+PSn4yXxwzz2tadu2Lf/617O88cZEQkMbEB8fz/ffb+See+6mbdt7mTXrPWrXrkX9+vUwmUysWLGcihUr4OnpUaz69tctOO6xY5+nd+++TJr0X/r16w3Ali3bGDToYTw9Pe3K161bh9jYOPbsiaBx40b873/H+PDDj/L1rXjjVrDOnTvcdl0RERERERERkT9bqUlgFWcT9ylT3mD8+JeIjDxLgwb1WbFiGS4uTgXOSgKwWMwsXfolkyZN4d//fpXY2DgCAgJo1aolDz88AMMwKFPGnTfffIuzZ3/FycmZ5s2bsXz5V8WuX3D8ht2xtm3v5quvljBp0mQ+/PBjPDw8aNWqBYMHh9vNMsuZNdaQSZPe4JFHngAMKlWqxIsvvsAzzzyXb3aUZkqJiIiIiIiIyN+BySgFGZBFixbRqVPbQs/v3r2Hbt16cuHCWXx8yuLg4IjVaiEjIx2rNWczdEdHR9zdvUhJScxX39W1DE5OzphMDhiGFYvFQmbmVQzDirOzK87OLjg4OAKG7Vxuu0XVd3Fxw8nJmfT065utOzk54+bmTmpqku2Yo6Mzrq5uea5j5urVNADKlPHAarWSmXkVAGdnV1xcXAEwDCvZ2Vm4ubmTkpIEGDg4OOLh4UVqatIfmsDauHEbAwcO/MPaFxEREREREZG/j+Tk5NuuW2pmYBVnOZvFkk16esGdtVjMpKQkFHguMzOdzMyC28zOzrB7OuCt1s/KukpW1lW7Y2ZzFqmpWTfEl0V6uv2xXFevphYZU3b29QCs1sL7KiIiIiIiIiLyV1NqElg3X0J4vUwpmDAmIiIiIiIiIiJ/ojsigdWqVQvS01NITr6iBJaIiIiIiIiIyN9MqUlg3WwJocWSTXLy5T8xFhERERERERERKS1KRQLL29ubS5fiCQwsV9KhyDWxsfF4e3uXdBgiIiIiIiIiIqXjKYRpaWls2bLlN+1GL78fk8mEl5cX7du3x93dvaTDEREREREREZG/gN+S9ykVCSwREREREREREflr+y0JLIffMQ4REREREREREZHfnRJYIiIiIiIiIiJSqimBJSIiIiIiIiIipZoSWCIiIiIiIiIiUqopgSUiIiIiIiIiIqVaqU9gJSYmEh4ejsVi+VOu98wzz3Dq1Kk/5Vry24wYMYLw8HD27dsHwNSpUwkPD+fbb78tdhtr1qwhPDyct99++zfH88gjjxAeHs6vv/76m9sqjt8z9lxxcXGEh4cTHh5ORkZGicUh+f2Z99ftvJdERERERET+SE4lHcCiRYtYu3ZtoeffffddHn30URwcSn2uTUpYxYoVSUtLw9fXt9h1ypYtS82aNSlfvjwAFouFIUOGADBjxgyCg4P/kFhFSrPbeS+JiIiIiIj8kUo8gdWvXz969eoFQEREBF999RXTp0+3nXdzc6Nr164lFV6JMJvNODmV+Etz2ywWC46Ojn/6dXMTT7fivvvu47777vsDopE7ldVqxWQyYTKZSuT6JfX+yet23ksiIiIiIiJ/pBLPkjg5OdmSNU5OTphMJtzc3GznExMTGT58OAsXLsTR0ZERI0Zw7733cvLkSVJTUwkMDOTJJ5/Ey8sLgPj4eObPn8+pU6dwd3enS5cuPPDAA4X+Mbp69Wq+++47ALp162Z3zmKxsHr1arZt20ZaWhr16tXjscceK3RWwrlz51i4cCFnz57FwcGBdu3aER4ezrp16/jll18YMWKEreywYcMYN24cNWrUYOvWrWzZsoXy5ctz8uRJmjVrRrt27Zg3bx7nz58HoGrVqkyYMOG2+ngzZrOZb7/9lm3bthEbG4ubmxthYWEMHDjQNjvu3nvvZfjw4ba4k5KSmDBhAvXr12fq1KkcOnSIBx54gLNnz3LixAlGjx5NYGAgCxYsIDIykqysLHx9fWnWrBmPPvooAGfOnGHp0qVERkYCUL16dR5++GGqV69eYJxWq5WlS5eydetWDMOgR48e+crkxjJkyBDuv/9+DMPgq6++YvPmzRiGwUMPPcS3335LfHw8Y8eOpWnTpqxZs4bFixfTrFkzHn/8cVs/AZ5//nkAnn76afz9/Vm4cCHx8fFkZGTg7e1N8+bNGTx4MC4uLsUa66ioqJuOSWRkJEuWLLGNSb169XjkkUfw8/MrVvu300Zqairz5s3j0KFDlC1blgcffDBfmezsbNauXctPP/3E5cuXCQwM5P7776d9+/Z25SwWC59++ik//vgjHh4e9OzZkw4dOtjO79y5k3Xr1hEdHY2XlxetWrWiX79+uLi4cOrUKSZOnEiZMmXo06cPGzZsICUlhTZt2vDYY48VeG8nJyczY8YMYmJiSEtLw83NjZCQEB599FECAwMBSEtLY968eRw8eJCyZcvSvXt35syZA8D8+fNxc3PjkUcewWw2M2TIEDZt2kRMTAyffPIJGRkZLFmyhMOHD5Oenk7VqlUZOHAgderUASjW/fXNN9+wceNGEhISMJvNBAQE0LlzZ+6//34Au37369eP1atX4+fnx+TJk4t8rYvzukRERLBu3TouXLiAYRhUr16dV155BYCkpCSWLVvGoUOHSEhIwNfXl/DwcFq3bp3vvQSwY8cO1q1bR0xMDB4eHoSGhvLwww/b/n+YO47h4eHs3LmT6OhoateuzfDhw21liro/9+zZw7Jly4iJicHBwYGAgAC6detGu3btihwPERERERH5ayvxBNbtOHr0KC+//DIuLi4sWLCA+fPnM3LkSAzDYMaMGYSEhDB69GguXbrE1KlT8fb2LnCWTUREBOvXr+eVV14hICCABQsWkJiYaDu/evVq9u3bx4QJE/D19WXx4sV89NFHvPjii/naSklJYdKkSfTp04fx48djtVpvaa+aEydOcP/99/PUU09hGAYzZ86kbt26vPLKK1itVk6fPg1wy30sykcffcSOHTtwdnamVatWWCwWYmJibrmdb775hho1atCiRQvKlCnDggULOHr0KO3atSMgIIBLly7Z2o2JieE///kP2dnZNG7cGIADBw5w8uRJpk6dSlBQUL72169fz5o1a3B0dKR169Zs2rSJy5cv3zSm77//nlWrVtnqbNiw4aZ1XF1d6dq1K+vXrwegbdu2uLu7U6lSJS5cuICbmxsdO3bEycmJrVu3snHjRjw9Penfv3+xxuhmY3Lx4kVef/11srOz6dSpE2azmc2bN3Pu3DnefPNNnJ2di2z/dtqYM2cOe/bswcfHh1q1arF48eJ8ZT799FM2b95M5cqV6d69Oz/99BNz587FZDIRFhZmK3fw4EFq1qxJaGgou3fvZt68eQQHB1O/fn1++uknPvjgAzw9Pbn//vs5deoUX3/9NUlJSXZJw6tXr7J582aaNWvGhg0b2LRpEw0aNKB169b54srMzCQpKYm7774bb29v9u3bx/79+0lPT2fixIkAzJ07l4iICHx9falVqxaLFi0qdPw+//xzGjduTGBgIGazmSlTphAVFUWTJk2oXLky69ev54033mDq1KlUrFixWPfXhQsXqFy5Mvfccw9paWls2rSJhQsXUrlyZUJDQ+36/dVXX9GoUSM8PT1v8ioX/3X54YcfmDdvHgCNGzfGx8eHY8eOAZCVlcXEiROJjY3Fz8+Pe++9l4SEBC5dulTgtX788Udmz56Nk5MTbdq04dy5c2zbto2zZ88yadIkuxmjq1evJiwsjNTUVI4cOcLKlSv55z//WeT96eDgwHvvvYfJZLJ9mBAVFcXFixeLNR4iIiIiIvLXdkcmsLp06WKb9dK9e3eee+45srOzuXjxIhcuXOC1117D2dmZSpUq8Y9//IMff/yxwOTOTz/9ROfOnalQoQIAAwcO5IcffrCd37hxI8888wz+/v4ADBgwgKFDh5Keno67u7tdWz///DMVKlSwW+6YO1OjOCpUqEDLli0BMJlMODk5ERcXR1xcHIGBgYSEhAA5f9DdSh9vJikpiR07dgAwatQomjRpApBvw/zizOxq0KAB//73v21lczcAz02MdOzYER8fHwA2bdpEdnY2DRs2ZPz48QBMnjyZo0eP8sMPPzBw4MB87W/btg2Anj170qdPn3yJj4Js2bIFgN69e9OrVy+SkpJ45plnMAyjwPJlypRh8ODBtgRWz549bXtgValShbZt2wI5iZNy5coxb948jh49WuTY5CpqTLKysmjZsiV9+/YF4OzZs0RGRrJnzx7atGlTZPu32kZ6ejp79uwBcjbEr1evHhEREcyaNctWJjehBPDUU08RGBhIxYoVeffdd1m3bp1dAqtcuXK89tprODg48MEHH/DTTz+xZcsW6tevzzfffANAr169uPfee+nQoQMjR45k+/bthIeH28U1btw4AgMDuXLlCrt27SIyMrLABJafnx9vv/02Dg4OZGdn06pVK8aOHcvJkyfJzs4mOzubiIgIAEaOHElISEi+/uXVp08fevfuDcC+ffuIiorCz8+Pp556CgcHBzIzM1m/fj3fffcdjz/+eLHur6FDh+Ls7IxhGGRlZZGamsr27ds5evSoXQIrt99169YtMLYbFed1yR3zbt26MWjQIOD6e3vfvn3Exsbi6urK5MmTbfdhYQ/LyN3MvU+fPjz00ENkZmYyfPhwzp07x9GjR2nUqJGt7KBBgwgLCyMoKIj58+fzyy+/AEXfn02bNsVsNuPi4kLZsmWpUqUKPXr0sJuRKyIiIiIif193ZAIr94+t3O8NwyApKYmEhAR8fHzslnQFBARw5cqVAttJSEigRYsWtp89PDxsSxHNZjOJiYnMnj3bbgN5d3d3rly5ki+BFR8fX+DMoeIqW7as3c+PPPIIS5cuZeLEiTg7O9O1a1e6det2y328mbx18ibbbrb/TmF/4DZs2NAu0dW/f38+/vhj1qxZw5o1awBo2bIlI0eOJC4uDoBKlSrZylesWJGjR4/azhUWa+XKlYGc193b25ukpKQi+1exYkVbHS8vr5vWKcwvv/zCF198wdmzZzGbzbbjycnJxW7jZmOSO8skIiLClnTJFR0dXaz2b7WNvK9/7rjmfU0AYmNjbd/nLj3Lez2r1Wr7uUKFCrb3Su6Y514jN7aFCxeycOFCu3ZiYmJsM3hcXV1ty/9y32OFPQ0xJSWFTz75hKNHj9qVMQyDlJQU0tPTbcdy47mxf3k1bNjQ9n3uTKQrV64wbNgwu3K5Y1mc+2v79u2sXbuWS5cu2SW2brxvnJycip28guK9LrmzwQp6b+eeCwoKsvv/aWHv/dz3ZW5fXV1dKVeuHFFRUXaxQE6yF66/fpmZmba4oPD7s02bNgwcOJDly5fzf//3f7Z4BgwYUODSVhERERER+X/27js8qjJv4/h9ZtIL6SSEEIoUIyCk0IugNH1lBdu6iMAiiiIqa0FdRVBX7IIVEWEVREURde2IgIIg1SAlQKQIhBIglZA6c94/khkyKVRJBvh+rmuuJKc85zlsG8hVAAAgAElEQVQnkysnd37Pcy4s52SAVT7kSE9Pl2EYCgoKUn5+vrKzs1VcXOwcLnXw4MFq5/8JCQlx+WOzuLhYR44ckVT6B2VQUJDuvfdeNWvW7IR9Cg8P1+bNm6tc5+Pjo+LiYufXdrvdeZzqBAcH6/bbb5ck/fHHH5o4caKaN2/u7PPJnuPxlN8nNTXVOZzPMYm0t7e3pNJqD6k08Kuu3xWHp7Vq1Uqvv/660tPTtWvXLk2dOlUrV67Uzp07FRERIam0mswhLS1Nkpzrquprbm6u8w/vgoKCE15Dxz6OtrOyspSbm3vcfcqHleUDh6lTp2r//v3q3bu3OnbsqI0bN2revHnVVnNV5XjXxDFHUJs2bXTVVVdVOo+TcaptlF92+PBhBQQEVBoCV36+t9GjRzsDXqk05C0fWu7bt0+macowDGfI4zhGSEiI8vPz9be//U0tW7Z0aSMmJsYZbpS//ieq/Js7d67WrFmjuLg4DRgwQIWFhXr55ZerPL+0tDS1aNHCOadcVcqHwo7zDg4OrhRgObY70fsrMzNT06ZNkyTdeuutql+/vr766iutXbu20vvmZIaIlncy35ewsDDt3btXqampzqDe8bMdFhYmqTSoy8nJUZ06dVzWVxQREaG8vDylpaUpKSlJhYWFOnTokCQ5A0eH6kKwk3l//t///Z+uvPJKpaWladOmTZo5c6Y+/fRTAiwAAAAA52aA9e233+rSSy9VQECAPvroI7Vr1845nC46OlofffSRbrrpJh08eFDff/99tXMUde7cWXPnztXll18uX19fffvtty5/WPbq1UuzZ8/WnXfeqcjISOXm5iolJcU51K+8Dh06aM6cOZo/f7569uzpnAOrefPmatSokebOnau8vDz5+/vr+++/r7aSyWHFihVq0aKFgoODFRQUJKvVKqvVesrnuHbtWk2ePFkzZ86stC4oKEidO3fWsmXLNHnyZLVv3152u13FxcX617/+pSZNmkgqnZ/q/fff14YNG47b5/JeeOEF+fn5KSoqSiUlJSoqKpIkBQQE6PLLL9cPP/yg9evX64UXXpBpmtq4caO8vLwqTQzu0K1bN/3555/6/PPPVVxcrE2bNp3wGvbo0UPvvfee5s2bpz179mj79u0nDJwMw1BoaKgyMjL07rvvqn79+rr66qudlUZ2u11ZWVlasWLFSV+Lk7kmvXr10uLFi7V+/XqFh4crNDRUhw4d0rp165yTyZ/Iqbbh5+enhIQErV27Vm+99Za6dOniHJbmEBQUpA4dOmjFihX63//+p/bt26uwsFA7d+6Ut7e3c9ipVFqFOGHCBIWEhDgrbByTb/ft21f//e9/tXjxYpmmKU9PT+3bt08pKSl68803T2ueo/LVX0ePHtXSpUsrnV/79u2dwwZbtmyp33///aTaTkhIUHh4uA4dOqTvvvtOzZo1U05OjlJSUtS1a1e1aNHihO+v8v0rKSlRWlqacw6qM3Uy35errrpK77zzjnMS96CgIG3evFkvv/yyEhISVLduXaWnp+vf//632rRpo6ysLLVo0aLKByT069dPb731lj799FPt3btXu3btUkFBgWJiYlwCyeM50fvTZrNpzJgxatOmjcLDw53vCUe4BgAAAODCdk4GWJdddpmeffZZZWRkKC4uTiNHjpRUGj7cd999mjFjhkaNGiVfX1/16dNHXbt2rbKdDh06aN++fXr88ccVGhqqiy++2GUo34ABA+Tp6annnntOmZmZCgwMVGJiYpUBVmBgoB599FHNmjVLH3/8saxWq3r06KHmzZuradOm6tGjhx577DGFhoaqZcuWLsN2qrJ582a99957KiwslL+/vwYOHOgMlE7lHA8fPuycP6sqd9xxh2JjY7VkyRKtWLHC+RRCqbRSom/fvlqyZIlWrlypyy+/XNnZ2Sc1BK9x48Zavny5Vq1aJcMwFBUVpf79+zsrrMaNG6c5c+Zo69atkkqrk/7+978755yqqF+/fsrOztZPP/2k+fPn64orrtCePXuOO3SyT58+ys7O1sKFC7Vx40Zdc801+vLLL5WVlXXcYZI333yzZs+erfXr12v9+vW67LLLNHLkSM2YMUNLlizRzp07lZiY6Ky8OVknuiYTJkzQJ598olWrVik/P18hISFq3bq1s1rmRBo2bHjKbYwcOVLvvPOONmzYoMWLF6t3796Vws5Ro0apQYMGWrZsmb744gt5e3urfv36leZca9OmjerWrauff/5ZYWFhGjBggDPc6N27t/z9/fX111/rhx9+kFRauXMmT5e7/vrrdfDgQaWmpurjjz9Wr169tGbNGpdtbrvtNhmGoXXr1mnHjh264YYbXIanVcfb21tPPPGEPv74Y23YsEG///67AgMD1aRJE+fP04neX2FhYRo6dKi++OILzZ07Vy1atFB8fLxz3rkzdaLvy+WXX66AgAB9+eWX2rx5s/MphFJpFdkTTzyhuXPnat26dfr5558VEhJS7Tx63bt3l2EY+uabb7Ry5Ur5+fmpW7duuummm1wmcD+eE70/LRaLGjZsqLVr1yo3N1deXl6Ki4urNEcaAAAAgAuTYZ7KGCg3cM899+iuu+46biiDYyZPnqwrr7zygrxejmGbjuFZhw4d0j333CNJevHFF52T9+P8VfGBC46n6dWpU0dvvfXWGbXN+wsAAAAATs2pzCNd0TlZgYWTN2bMmNruQq3JysrSE088oQ4dOsjb29tZ+dK6dWvChQvEqlWrNH/+fLVp00YFBQXOIZL9+vU747Z5fwEAAABAzSHAwnnLx8dHERERWrx4sUpKShQeHq6BAweqf//+td011JDIyEiVlJTo66+/loeHh6Kjo9WnTx917979jNvm/QUAAAAANeecG0IIAAAAAACAc8+ZDCG0nHgTAAAAAAAAoPYQYAEAAAAAAMCtEWABAAAAAADArRFgAQAAAAAAwK0RYAEAAAAAAMCtEWABAAAAAADArRFgAQAAAAAAwK0RYAEAAAAAAMCtEWABAAAAAADArRFgAQAAAAAAwK0RYAEAAAAAAMCtEWABAAAAAADArRFgAQAAAAAAwK0RYAEAAAAAAMCtEWC5MVtysnJ79pQtObm2uwIAAAAAAFBrCLDckJmV5fxYsnhxpeUAAAAAAAAXErcNsJ577jklJSVp9OjRtd0Vpz59+igpKUnffPPNWT1O3rBhyomPl23dOkmSbd065cTHK2/YsLN6XAAAAAAAAHfktgGWO4qLi1OrVq0UEhJyVo/j2aOHLA0bqmDSJElS/vjxsjRsKM8ePc7qcQEAAAAAANyRR213oCYUFxfL09PzjNt55ZVX/oLenJj3mDHyGjZMuT17yiLJCAmR/7vvyggOrpHjAwAAAAAAuBO3CbBmzZqlOXPmKDs7W7169ZJhGC7rk5OTNWLECEnSkiVL5Ovrq2+++UaPP/64QkNDNX/+fEmlw/wyMjI0YsQIrVmzRuvXr9e4cePUsGFDPffcc0pLS1NeXp58fX3VqlUrjRkzRk2bNpUk2Ww2ffHFF5o3b552794t0zTVpEkTvf766woICHC2/eSTT+qqq66SJC1dulTvvvuutm3bJovFoqZNm+q2225TUlKSJOmRRx7RDz/8oJ49e8rX11e//vqrTNPUjTfeqNtuu63Ka2FmZSm3Z0+ZmZmqk5ysnLZtlduzpwIXLSLEAgAAAAAAFxy3GEL41Vdf6ZVXXtH+/fuVkJCg3bt366uvvqp2+4rhVlXeeecdmaap3r17KygoSIcOHZJpmurfv79uu+02NWjQQL/++qvuv/9+lZSUSJJeeOEFTZw4UVu2bFFiYqKuuOIKZWZmqqCgoMpjfPfddxozZoySk5OVlJSk1q1ba82aNbrjjju0dOlSl20XLVqko0ePqlu3bsrMzNTUqVO1rmyOq0rnFxwsn3vvdVZd+U2eLJ977yW8AgAAAAAAFyS3qMD67LPPJJVWT02cOFGmaeqWW27R5s2bq9z+ZAKsXr166dlnn3V+XVhYqB5lc0gVFhaqd+/euu6665SWlqY9e/YoLCxM8+bNkyTde++9Gjx4sCTJbrdXe4z3339fknT11VdrwoQJkqQxY8Zo6dKlmj17trp27erctkWLFnrxxRclSWvWrNGePXu0adMmtWnTpsq2vcpN2O45YMAJzxcAAAAAAOB85RYB1v79+yWVhjxSaUB18cUXVxtgOdhstmrXdezY0eXrHTt2aPLkydqwYUOliqrDhw/LZrM5w6q2bds611ks1RepOfrtGILo+Hzp0qXOdQ7NmjVzfh4QECBJysvLq7ZtAAAAAAAAlHKLIYSRkZGSpH379jmXpaWluWzj6+vr/DwnJ0eSlJqaWm2bXl5eLl8/8cQTWr16tTp27Kg333xTL730knOdaZqqW7euM6xKTk52rrPb7dVWYUVFRUmStm3b5lzm+NxxTg5Wq7XavgIAAAAAAKB6blGBNWDAAP3+++/64osvFBgYqCNHjmjVqlUu28TGxiogIEBHjhzR+PHjFRsb6xx6eDLKh1C5ubn65ptvXNYHBgZq4MCB+vTTT/XKK6/ot99+U3BwsJKTkzV16lSFh4dXanPQoEF6/PHH9eWXXyovL0/FxcVasmSJcx0AAAAAAADOnFtUYPXv31933323QkND9emnnyo3N1d9+/Z12cbX11cTJkxQTEyMNmzYoD///FO33HLLSR9j3Lhxuvjii7V8+XJNmTJF7du3r7TN2LFj9cgjj6hFixZavXq15s+fr8DAQPn4+FTZ5lVXXaWXX35Zl156qVauXKl169YpISFBb7zxhrp3735qFwEAAAAAAABVMkzTNGu7EwAAAAAAADi/OaaEOh1uUYEFAAAAAAAAVIcACwAAAAAAAG6NAAsAAAAAAABujQALAAAAAAAAbo0ACwAAAAAAAG6NAAsAAAAAAABuzaO2OyBJe/bs0S+//KLs7Oza7gpwWoKCgtS5c2c1aNCgtrsCAAAAAMB5xy0CrB07digpKUE+Pj4yDKO2uwOcEtM0VVJSop07dxJgAQAAAABwFrhFgHX06FEFBwfLy8tLFgujGnFusdvtKioq0tGjR2u7KwAAAAAAnJfcIsCSJC8vL3l7exNg4Zxjt9truwsAAAAAAJzX3CbAslgsslgsDCHEOcfx3gUAAAAAAGcHf3UDAAAAAADArRFgAQAAAAAAwK0RYAEAAAAAAMCtuc0cWMfzyy/L9OOPP2rXrt0qKirSzJnvuqxfuvQXLVq0SLt375HValWzZs100003Kjo62rnN9u079N5772nXrt0KCQnRgAHXqHv3bjV9KgAAAAAAADhF50QFVmBggPr06aO///3GKtenp6erT58+mjjxP5ow4XFZLBa98MJLMk1TkpSXl6cXX3xJrVu31ptvvq6bb/6H/vvfd5WSklKTpwEAAAAAAIDTcE4EWJdeeqk6duyg8PCwKtdfe+1AdejQXuHh4YqMjNTAgQN06NAhZWRkSJJWrVotwzB07bUD5evrq8TERCUmJmjhwkU1eRoAAAAAAAA4DedEgHWqtmzZojp16ig0NFSStGvXLjVs2FAWy7HTbdy4sXbt2l1bXQQAAAAAAMBJOu8CrG3btmvu3E91663/lGEYkqT8/Hz5+fm6bOfn56f8/Pza6CIAAAAAAABOwXkVYG3ZslUvvfSyhg//pxISEpzLfX19dfSoa1h19OhR+fr6VmwCAAAAAAAAbua8CbB+//13TZo0WSNGDFfHjh1c1sXGxmrXrl3OSd0laefOnYqNbVDT3QQAAAAAAMApOicCLLvdruLiYtlsNklScXGxiouLnetXrVql1157Q7ffPkKtW7d2rncEVu3aJclms+nzz79QUVGR1q1bpzVr1uryy3vWyvkAAAAAAADg5HnUdgdOxs8/L9H06TOcXw8fPkKS9OabryswMFBffvmVCgoKNGnSKy77Pf74ODVr1lT+/v564IH7NXPmTP3vf18qODhYw4YNVVxcXI2eBwAAAAAAAE6dYZYfV1dLvv/+e3Xt2lne3t7OideBc4VpmiosLNTSpcvUt2/f2u4OAAAAAABuKScn57T3PSeGEAIAAAAAAODCRYAFAAAAAAAAt0aABQAAAAAAALdGgAUAAAAAAAC3RoAFAAAAAAAAt+ZR2x2QJD8/PxUWFsnT01MWC5kazi12u12GYcjPz6+2uwIAAAAAwHnJLQKsZs2aaePGTTp69GhtdwU4LX5+foqIiKjtbgAAAAAAcF4yTNM0a7sTAAAAAAAAOL/l5OSc9r6M1wMAAAAAAIBbI8ACAAAAAACAWyPAAgAAAAAAgFsjwAIAAAAAAIBbI8ACAAAAAACAWyPAqsb06dP18ccf13Y3zqqsrCwNGjRINputRo73xhtv6H//+1+NHOuvtGzZMk2YMKG2u3HK9u/fryFDhpzUtjX9XgAAAAAA4FR41HYHJGndunV67rnnJEkWi0WBgYG66KKL1K9fP7Vq1apW+tSpUyd5eXnVyrFriq+vr4YOHSqLhRzzeJo0aaKrrrrqL2lr6dKlWrBgwTkZiAEAAAAAUFvcIsCSpICAAE2ZMkU2m00HDx7U8uXL9fzzz2v48OHq0aPHKbdXUlIiD4/TP71LLrnktPetSWdynt7e3urbt+9f3KPzT1RUlKKiomq7G+eFM/25BAAAAABcmNzqL0mr1Sqr1ar69evr+uuvl8Vi0QcffKBu3brJarXqn//8p55++mlFR0dLkhYsWKC1a9dq7NixOnjwoMaMGaPBgwdr0aJFCgwM1Lhx4/TZZ59p8eLFysnJUWhoqK677jp17tzZecyVK1dq3rx5Sk9PV0BAgP7xj3+oU6dOmj59ugIDA3XjjTdKklJSUvT+++9r//79ioiI0KBBg3TppZdKkqZMmSIvLy9lZGTo4MGDslgsGjlypBo3blzleR6vTz/99JMWLVqkyMhIpaenKy8vT9dcc426dOniXL948WLVq1dPW7duVWJioq677jrNnj1bq1atkmmaSkhI0ODBg+Xl5aXx48crISFB1157raTSYXzFxcUaM2aMsrKyNGrUKM2aNUtWq1X33HOPrrzySi1atEgHDhxQfHy8RowYoffee0+rV69WRESE7r77bjVo0ECStGbNGn3yySdKT0+Xr6+vunXrpr///e8yDEOSlJycrFmzZikrK0uJiYkqLi52XoP9+/dr2rRp2rVrlwzDUMuWLTV8+HAFBgZWec1yc3M1a9YsrV+/XoZhqEuXLrrppptktVr1008/6aefflJMTIy2bt2qgoICXXfdderWrVuVbU2ZMkUBAQFKS0tTSkqK6tevrzFjxmjZsmX69ttvZbFYNGTIEHXq1ElS6RDC+fPna8KECc732dChQ/XTTz8pLy9P8fHxGjp0qCRp+/bteuGFFzRlyhTn8V599VU1adJEiYmJmjVrlvLz83XPPfdIkl544QUZhlHl98/X11eFhYWaNm2afv/9d9ntdoWGhuq+++6rMlArLCzU9OnT9dtvvykwMFBXXnnlSV/DE8nNzdX777+v9evXq7CwUI0aNdJjjz2mHTt2VHu+V199dZXv12uvvbbaczp06JBmzJih1NRU+fn5qU+fPrrqqquc7ykAAAAAwIXJrQKsijp27Ki5c+dq9+7datSo0Qm3N01TBw8edA5HlKTIyEiNHz9eISEhWrdunSZNmqSmTZuqbt262rhxo6ZNm6Z7771XLVu2VE5OjrKzsyu1m5mZqeeff1633XabOnTooOTkZL300kt6/vnnFRkZKak0zHnqqacUFhamBQsWaMaMGXrqqaeq7Ofx+iRJW7duVf/+/ZWYmKj09HQ9+uijio2NdQZHW7Zs0ZVXXqnbb79dpmlq1qxZ2rVrl5555hlZrVa9+uqrmjlzpkaOHKnRo0frscceU+vWrXXgwAGlpKS4XJ+Kli1bpoceekienp6aMGGCHn/8cQ0ZMkR33HGHPvroI73//vt65JFHJJVWcI0aNUoNGjTQvn379OyzzyomJkZdu3ZVRkaGJk+erLvvvlsJCQlasmSJpk6dqiZNmkiS7Ha7BgwYoIsvvlhFRUV644039OGHH+r222+vsl+vvvqqIiIiNGnSJBUXF2vSpEn6+uuv9be//U2StHnzZg0cOFDDhw/Xnj17NG7cOMXHxysgIKDK9pYsWaIHH3xQjRo10pQpU/T000+rW7duev311/X777/rzTffVGJiYpXDSE3TVFZWlp5++mkVFBTo4YcfVtu2bdWmTZtqr6sk1atXT7fcckulIYQzZ86s9vu3cOFC5eTk6LXXXpOXl5f27t0rf3//Ktv/8MMPlZmZqVdeeUUlJSV68cUXT+kaHs/kyZMVGhqq559/Xr6+vtq6desJ93Go+H797rvvqjwn0zT18ssvq0WLFvrXv/6lAwcO6Nlnn1WdOnWqDSMBAAAAABcGt578KCQkRJJ05MiRk97nmmuukWEYzoqNzp07KzQ0VIZhqG3btmrevLnzj+8ff/xRvXv3VqtWrWQYhoKCghQbG1upzZUrV6pJkybq3LmzrFarEhMT1bJlSy1fvty5TadOnRQWFiZJio+P186dO2WaZpV9PF6fpNKAKzExUZJUt25dtWvXzuVY0dHRat++vSTJMAwtXbpUN954o4KCghQQEKCbbrpJv/zyi0zTVFRUlG655Ra99tprevfdd3XXXXdVG4BI0v/93/8pLCxMderUUXx8vKKiotS2bVtZrVZ169ZNO3bscG7bqlUrxcbGyjAMRUdHq2fPnkpJSZEkrVq1Ss2aNVNiYqIMw1D37t1drm10dLRat24tT09P+fv765prrnHuW9G+ffu0ZcsWDRs2TD4+PgoMDNTAgQNdrknDhg3VunVrSVJMTIyCgoKUlpZW7Xl27NhRzZo1k6enp7p06aLc3Fxdd9118vT0VGJioiwWiw4cOHDc6yRJPj4+iouLc7kup+p43z8PDw/l5uY6z6V+/frVVqn98ssvuv766+Xn56c6derommuuca47mWtYnb179yo1NVUjRoxQQECArFar4uLiTroqquL7tbpz2rNnj9LS0vSPf/xDnp6eiomJUb9+/bRkyZKTOg4AAAAA4Pzl1hVYmZmZklRtFU1FjhCqvOXLl+vbb79VRkaGLBaLcnJylJCQIEk6fPjwCatmHP2IiIhwWRYREaGMjAzn1+X76OXlJZvNppKSEnl6elZq73h9kqTg4GCX7YODg12O5Qj2JKm4uFhHjhxx6V9ERIRKSkqUk5OjoKAgdezYUbNnz1aDBg0UFxd33HMt37a3t7dLX7y8vFRQUOD8eseOHfr444+VlpYm0zRVUFDgbD8zM9NZUebgqFaTSoekzZ49W1u2bFFxcbHsdruKioqq7NOhQ4dkt9v1wAMPOJfZ7XaXoW8V3yMV+3q88/Ty8lKdOnVcApnj7W8YhksI6OXlpfz8/GqPdTwn+v717NlT2dnZeuONN5STk6OOHTtq8ODB8vb2rtROXl6eSzvlr/fJXMPqHDp0SMHBwZWOebLKX2tJ1Z5TZmamgoKCXKreKv6cAQAAAAAuTG4dYK1YsUIBAQHOoXM+Pj4u8yjl5uYed/+DBw9q6tSpGjdunC666CJJ0sSJE53rw8LCjltl4xASEqLU1NRKbTdv3vykz+Vk++TYxjRNZ6CSnp5eKQxy8PT0VEBAgA4ePKjw8HDn/larVXXq1JEkzZo1S02aNFFaWpqWLl2qrl27nnK/qzJ58mT1799fDzzwgKxWqz7//HNt27ZNUuk127Nnj8v25YdnfvDBBzJNUxMnTpSvr6+2bNmi559/vsrjhIWFydPTU5MmTTqpwKU2+fj4VAriyr9PK1Ytnej7ZxiGrr/+el1//fU6dOiQJk2apO+//77SsD9HJVt2drZCQ0MlSVlZWc71Z3INw8PDlZWVpcLCwkoh1onOtyoeHh5VnlN8fLyys7NVXFzsDH4PHjzoPB8AAAAAwIXLrYYQ2mw2FRUVae/evZo3b54+//xzDRo0yPkHd8OGDZWcnCyp9I/kn3/++bjt5efny9PT0znp+44dO7R582bn+iuuuEI//PCDNm7cKNM0lZ2drV27dlVqp127dtq+fbt+/fVX2Ww2rV27Vhs3blTHjh1P+RxP1CeptHrpm2++kd1uV0pKilatWnXcY3Xp0kWffPKJcnJylJeXpzlz5qhr164yDEOrV6/W2rVrddddd2nUqFF69913lZ6efsr9rsrRo0fVoEEDWa1W5ebmugz1ateunVJSUpwhVmpqqsswyby8PNWrV0++vr6y2WyaP39+tceJjo5W06ZN9e677yovL88519mGDRv+kvP4K0VERMgwDGfguW3bNpfvb1BQkA4fPuwSxB7v+7dx40bt3btXpmkqICBA3t7esliq/rHt3Lmzvv32W5mmKbvdrm+//da57kyuoWPfGTNmKC8vTzabTSkpKTJN84TnW5XqzikmJkbR0dH66KOPVFxcrL179+r7779n/isAAAAAgPtUYB05ckS33HKLDMNQnTp1dNFFF+nBBx9Uq1atnNsMHjxYU6ZM0YoVKxQcHKyEhATt27ev2jZjY2PVq1cvPfroowoKClJ0dLQuueQS53rHk+9mzpyp9PR0BQYGatCgQZXmwQoNDdUDDzyg2bNn6+2331bdunX1r3/9q8onwZ3IifokSXFxcUpPT9fIkSPl6+urESNGVDk3l8NNN92k2bNn66GHHpJpmoqPj9eQIUOUkZGhadOmafTo0QoMDFRcXJz69Omj119/XePHjz/lvlc0YsQITZs2Tf7+/vL391fbtm2d4VhoaKhGjx6t119/Xf7+/oqIiHDO6yVJN9xwg9566y2tWbPGOe+UI5ysyj333KOPPvpIY8eOVUFBgcLDw9WvX78zPoe/mqenp26//XZNmTJFgYGBioqKcs7NJZV+bxs3bqxRo0bJbrfrzTffrPb7J4Og140AACAASURBVJUO35s+fbqysrLk7e2thIQE9e3bt8pj/+Mf/9D06dP1yCOPOOcwW79+vXP9mVzDe++9V++//77uv/9+lZSUqHHjxvr3v/99wvOtSnXnZBiG7rvvPs2YMUOjRo2Sr6+v+vTp85dVDAIAAAAAzl2GWd1M46gVP/30k5YuXapHH320trsCAAAAAADwl8nJyTntfd1qCCEAAAAAAABQEQEWAAAAAAAA3BpDCAEAAAAAAHDWMYQQAAAAAAAA5y0CLAAAAAAAALg1AiwAAAAAAAC4NQIsAAAAAAAAuDUCLAAAAAAAALg1AiwAAAAAAAC4NQIsAAAAAAAAuDUCLAAAAAAAALg1AiwAAAAAAAC4NQIsAAAAAAAAuDUCLAAAAAAAALg1AiwAAAAAAAC4NQIsAAAAAAAAuDUCLAAAAAAAALg1AqxTYEtOVm7PnrIlJ9d2VwAAAAAAAC4YBFgnwczKcn4sWby40nIAAAAAAACcPRdMgNWnTx8lJSXpm2++OeV984YNU058vGzr1kmSbOvWKSc+XnnDhv3V3QQAAAAAAEAFbhFgbdq0SUlJSUpKSlLWWapqiouLU6tWrRQSEnLK+3r26CFLw4YqmDRJkpQ/frwsDRvKs0ePv7qbAAAAAAAAqMAwTdOs7U5s2rRJQ4YMkSQtWLBAwcHBtdyjysysLOX27CkzM1NGSIgCFy2S4Yb9BAAAAAAAcEc5OTmnvW+tV2AtWLDAGV5JUq9evZSUlKQ5c+ZIkrZv364HHnhA/fr1U7du3TRo0CDNmzdPdrtdkrRz505n9dYHH3ygQYMGqXv37rrtttu0c+dOZ7tVDSFcuXKl7rzzTvXu3VudO3fWDTfcoHVlwwTLKx9e1UlOlpmZWfo1c2ABAAAAAACcdR613YHY2Fj17dtX33//vSTp2muvlZeXl1q0aKE///xTQ4YMUUFBgVq1aqWGDRtq/vz5mjhxovbs2aN77rnHpa05c+ZowIABWr58udauXavRo0fr008/lbe3d6Xjzp8/X//+978lSa1atVLTpk2VmpqqAwcOVNrWCA6Wz733ytKokYzgYPlNniwzK4sKLAAAAAAAgBpQ6wFW8+bNdfPNNzsDrFGjRjmHEE6aNEkFBQWKiYnRjBkzZLFY1KxZM02ePFlz5szRnXfe6dLWI488oo4dO+qGG25Qr169tH//fi1fvlw9qpiraubMmZKkrl27avLkyc7lJSUlVfbTq9yE7Z4DBpzZSQMAAAAAAOCk1foQwuPZv3+/JKlRo0ayWEq7etFFF0mSCgsLK034HhMTI0kKCAhQUFCQSxvVtR0fH++y3MOj1jM9AAAAAAAAlOMWAZbVanV+7pjbSpKioqIklc5z5Vi+bds2SZK3t3elyd63bNkiSTp48KAyMzNd2qjIsTw5OdlleXUVWAAAAAAAAKgdtVpu5Hj8Yd3ISMkwZJqmnnjyScXExGjQzTfrmoEDNXfePO1OS9Ott92m2NhYzZ8/X6Zh6LobbpDV01N2SaZhSJL+M3GiflqyROvWrZPNNBUZFaX2HTs6tzENQ3ZJdkmDhwzRo48+qp+XLtWw4cPVtGlT7dixQzfccIP69OlTOxcEAIDzjHGa6wAAAIDyajzAMqv4Oig4WHfffY8++OAD/fLLMskw1LtPX7Vu3VozZvxXb7/9tjZs2KDU1D/UsGEjXXvttRowYIBMUzJNyTBKC8nuu+9+zZo1S4cOHVbbtvF6+OGH5e3tI9OUJKNsO0OmKfXu3Ud16gTpvffe0x9//KEtW7YqOjpadetGlm0PAADOlKkKQZVx7INZeTEAAABQJcM0ay6uMSt8lOm6rHxPynfqeB38888/NWjQIEnSvHnzFBkZ+Vd0FQAAnCajus+NY18b5VYaVWwLAACA809OTs5p71tjFVgu4VVZcOUIrSp9bh4/tCqvxC4ZVk9Jks00VGI/wQ4AAKDGGDoWXLm8DMkwyyqxjGMVWYRYAAAAqEqNBFgVwyu7joVUdrP05fi8/EfpWFVWdYFWkWmRPH0kSYV2QwW2s3MOAADgxJzVVOWqqyxG5Y8WHQuyLCYhFgAAAI6vRoYQOiqsyodXtrLgyq7Sj7Zyy8wKIZejDQAA4N7KDwc0HEGVURpaWctejgDLscyxncpVagEAAOD849ZDCKsLr8q/SuxlH03JZncNtsoPMQQAAO6t/BBBl6DKInmUBVYelrIwq2wfqyR7uUosRzsAAACAQ43OgVUxvCq2l4ZXRWUfi8uFWc4KrSqGEwIAAPdTcdhg+aorD4vkWfbRyyz9WFp2VcqqY8MIAQAAgIrOaoBV8WmDjvmtHOFVsV0qtJUGWEV2qchWtrysEssRZFV8QiEAAHBPjgnbHcGVtSy48rRIXtbS8MpuSt6OHSzHAi9TpRO7y2AuLAAAALiqsSGEZrk5rxzDBgttpa8Cu1RQIhWWC7QclViOwMvRFgAAcE+OwMlarvrKwyJ5WSRvq+Rtl2wex/4pVb5Sy17uiYTl2wIAAACkGnwKYfknDjqGDRbZS8OrvXnSf1Ol9IKa6A0AAKgNET7S8GZStH+5ObLKgi67ylVh1XZHAQAA4HZqdg4suU7cXlRWefXfVOnOZkXqEGaTYXDbCgDA+cY0Ta04bNWUVC/d36qsOsuQbJbS+wKrQaU1AAAAqnf2AyzHkwTLDQcsMUvnuSqylQ4bTC+QOkWYslhKu0OIBQDA+cMsGzPYKcKuJ9aX/u73tJXOi+VpSh6m65OHJVGGBQAAABc1M4l7ua/NsgnaS8pN4i5JFotFFotFhmEQYAEAcB4xTdMZYkmlv/u9LWXzXdol01L1PQN3AwAAAHCo0SGEjjmwnE8iNEuHEToYhiGLxVJtGwAA4NxjGIbs9mO/8IscTxw2Xe8NGEIIAACA6tToUwhNlU7S6ngSoaMSSxKVVwAAnKOysrKUmZmpgoIChYSEKDg4WD4+Pi7blP8976i8spnH7guc9wpM5A4AAIAq1Fi5k+O/qmaFKiybG/67ddmyZRo7duxZa7+4uFiDBg3S/v37z9oxAAA42woKCvTbb79p2bJlSklJ0Y4dO7R27VotXLhQv/32mwoKqn68sK1C9ZVjdKEb3hIAAADATdTIEMLy4ZXjY/khAyfrs88+0yeffKI777xT3bp1+8v7WVOsVquGDh2qOnXqnNb+qampGj9+vKTS/2j7+fkpOjpa7du3V58+feTp6VlpO0kKCgpSmzZtNHjwYAUEBEiSDh06pE8++UTr1q1TXl6ewsLC1KVLFw0YMMDZDgAAFRUUFGjZsmUqKCiQj4+PQkJC5OPj46zG2rdvnzIzM3X55ZdX2tdeVXhFiAUAAIDjqLE5sBzMCq+TrcAyTVOLFi2Sv7+/FixYcE4HWBaLRX379j3jdqZOnSo/Pz8dOXJEW7du1YcffqgVK1bo8ccfl4eHR6Xt0tLS9Morr2jmzJkaNWqUDh8+rHHjxqlp06Z67LHHFBYWpu3bt2v69On6448/9NBDDzEnGQCgSikpKc4hg/Hx8S5DBrOysrR27VoVFBQoJSVFcXFxLvvazMr3AwAAAMDx1GiAVfEm9VRuWNetW6eMjAzdf//9euGFF7R79241aNDAuf7AgQOaPXu2UlNTVVRUpNjYWI0dO1a+vr566623tGHDBuXl5Sk0NFTXXHONunfv7tw3NTVVM2bM0IEDBxQbG6u2bdu6HLugoEBz5szRmjVrlJ+fr2bNmmn48OEKDw+XJD388MPq2LGj1q9frz/++EP16tXT6NGjtX37ds2dO1d5eXnq2rWrhg0bJsMwVFxcrKFDh+rll19WVFSUNmzYoDlz5mjfvn2yWq2Ki4vTsGHDFBwcfNxrYrFYZLVaFRQUpHbt2ikmJkYPPfSQfv75Z5f/eDu2i42NVadOnfTrr79Kkj7++GMFBgbqX//6lzOoatmypcaOHasHH3xQy5cvV5cuXU7huwQAuBBkZWVp37598vHxqRReSVJwcLASEhK0bNky7dixQ40bN5a3t7fLNhXvBwixAAAAcDy1Ul7jnKj1FJ449OOPP6pt27aKj49XbGysFi5c6FyXn5+vp556ShEREXr55Zf19ttv66abbnKGMs2aNdMzzzyjGTNmaMiQIZo+fbp27twpSTpy5Iiee+459ejRQ++8846GDh2q+fPnuxz7zTff1IEDB/TUU09pypQpio2N1UsvveTySPDFixfrlltu0bRp0xQbG6sXX3xRKSkpeuaZZ/T0009r+fLlWrt2bZXn5hhSOHXqVL300ksqKSnRjBkzTv6ClqlXr54uuugibdiwocr1R44cUXJysurXry9JSk5OVteuXStVWUVFReniiy9WcnLyKfcBAHD+y8zMlFT6e6dieOUQHByskJAQSaWBV3mncx8AAACAC9s5MT4sMzNTv/32m3r06CFJ6tGjh5YsWaKioiJJ0urVq2WxWDR48GD5+vrKarWqRYsWzv/2XnHFFQoMDJRhGGrTpo1at26tjRs3SpJWrVql4OBg9e3bVxaLRY0bN3YeR5IyMjK0evVq3XrrrQoKCpKHh4duvPFG7d+/X7t373Zud8UVV6hRo0by8vJS9+7dlZ6ersGDB8vf319RUVFq3bq1tm3bVuX5xcXFqWnTprJarQoICND1119fbQh1ImFhYTpy5IjLsvvvv1933HGH7rzzTvn7+2vIkCGSpNzcXIWGhlbZTmhoqHJyck6rDwCA85tjcvbqwisHRyVxfn7+We8TAAAAzm81PgfW6Vi0aJECAgIUHx8vSeratas++OADLV++XJdddpkOHjyoyMhI5+O5K/r666+1dOlS5ebmymKxKDc3VzExMZJKA6rIyEiX7ct/nZ6eLkmaOHGiyzbe3t7KyspSbGysJDn/y+xY5+3tLX9/f5dl1T2NKS0tTZ988ol27typkpISmaapgoICFRcXn/JE6ocPH3bpiySNHz9efn5+CgwMdKm2CgwMVEZGRpXtZGRkKCgo6JSODQC4MDiCq+p+rzk4Kq98fX3Pep8AAABwfnP7AMsxeXteXp5Gjx7tXG6327Vw4UJddtllioiI0OLFi2WaZqUQa/Xq1fr666/12GOPKTo6WpJchv+FhoZWGtqXnZ3t/Nwxz9X48eNP+6mBJ/Laa68pISFBo0aNkpeXl/7880898sgjp9zO/v37tX37dmeFlUOdOnVcwjSHNm3aaNmyZerfv7/LdUtPT9fmzZs1cuTIUz8ZAMB5z/GPkn379qlx48ZVVmI5nkYo6YRzOgIAAAAnUitDCA1JhlH2OsG2jsnbn3zyST3zzDPO19ixY5Wamqpdu3YpKSlJNptNH3zwgfLz82Wz2bR161YVFhYqLy9PAQEBzqqqnTt3av369c72k5KStH//fuey3Nxcl/m1wsPDlZSUpLfffluHDx+WJOXl5enXX3+VzWb7S65HXl6eYmJi5OXlJZvNpq+//vqk9rPb7bLZbMrNzdXq1av14osvKjY21mWC+uO58cYblZmZqcmTJ2vPnj0qKCjQpk2b9Pzzz6tFixbq3LnzmZwWAOA8FRwcrHr16qmgoEC//fZbpUosx1MIJVUZcJ3KfQAAAAAg1XAFliHXG9WTuWldsGCBkpKS1LhxY5flwcHBatasmX788Uf985//1GOPPabZs2drzJgxstlsio2N1YMPPqjOnTtrw4YNeuihhxQYGKjo6Gi1adPG2U5gYKDGjh2rmTNnau7cufL391fXrl21cuVK5zZ33nmn5s2bp6eeekrZ2dkKDAxUXFyc2rdvf2YXpMyIESP0/vvv67vvvpOHh4c6deqkpUuXnnC/kSNHyjAM+fj4KDo6Wpdddpn69et30sMOw8PD9Z///EeffPKJnnrqKR09elShoaHq0qWLBg4cWGlydwAAHOLi4pSZmanMzEwtXLjQOaF7+corHx8fxcXFVbl/xfsBgiwAAAAcj2GWf5TeX8yu0icMlZhSiV0qtEkFNulIsZRTLGUXSVlF0usp0g+9S2S1WqudxwoAALiXgoICpaSkaN++fZXWNW7c2KX6yjRN2Ww29f7BQ6PjpGAvKchLquMpBXhKPlbJ2yp5WCSPsuos/o0CAABwfjmTh8XVSAWWI5JyZFOGIVnKvQAAwLnHx8dH8fHxaty4sTIzM1VQUKCQkBAFBwcf9wmF5e8Byt8bSFRiAQAAoGo1NoSwfIjluGm1lr0AAMC5Kzg4+JQmanf8/q8UYp2l/gEAAODcd9ar8x3zWjgmarWUvayGZLWUDhUAAAAXDg9L6T2A1Th2X1D+XoEgCwAAABXVWHxkyHXIgNWQPA3JiwALAIALipel9B6gfBWWhScSAgAA4DjOanxU8UbU8d9VR+WVp6V0wlapdHLXszifPAAAqEXlf897W0vvARyVWEYV4RVhFgAAAMo7+3NglRsO4Ki88nBUX1klb7tU10f69aChzpGm7HY7TyIEAOA84givfj1oqK6P5G0pvQfwLLsncFRiGY75sLgNAAAAQAWGeRbLnsyyl90sfZXYpRJTKrRJBWWvfJu076g0Y6uUXnC2egIAAGpbpI/0z2ZSPX/J1yr5lL28raVBlofFdTghORYAAMD5JScn57T3rZEAyywLsGxmaYBVbJeKygKsQpuU+8eas9UFAADgZgKbJsq7LLzycgwnrFiJJQIsAACA882ZBFhnfQih4+bTcDxpyCwbRmiRvMvW5UpKTEw8210BAAC1bM2aNfJ2VF2VfxIhwRUAAACO46wGWIZKK7BkSIZZbh4syTl9PDepAABcWHysxx7mYq04ZLDsxoD7AwAAAJR39idxL+N8AmH5hWVzXQAAgAuHl7U0uCr/qupJhAAAAIBDjQ0hNI3S4YP2ciGWoyILAABcODwtx4YNOsIri+Ty5GIAAACgPEtNHcgxLMCiskqssnmwPNzsLvWOTzdr9Gdbz1r73205rJinfjlr7QMA4O4cTxysKrwCAAAAqlIjQwgdc2EZOlaJZRrHlp2MXlN/06Jtmdr2cGc1CvU5a3092y6J9Nd/+jU57f37TUvW91szJEk+HhbVq+Olzg2DNKZ7rJJiAp3bPbvwTz3y7TZJkqfFUINgbw1rF63Hrmgko+yi/7IzW0/+sEPL/8xWsc3UJZH+GtOtgW5JjDr9EwQA4ATKDxl0/IPL+dCX2usWAAAA3FiNzoFVPsQyVDqxu3kSd6rbDudr4R+ZCvH10LQVaXr6yovObmfPothgHw1rV++M2rina4xe6t9MRSWmdmTk652Ve9Xx1VX6ZEhrDWwV4dyuTb0ArR7TTsU2U4v+yNT1M9cruo6Xbm0frW9SDuva937X2J4N9fb1FyvA26qvNh3S6M+2aEdGvh7v3fhMTxUAgCo5Jm2vOGE74RUAAACqU2MBluQaYjkWfPThh2rRvPlx93v71zRdEumvf7arpxd/2qUn+jaRR7nJs35MzdTj32/XpgN58rAYurZ1hKZef7H2ZBfqtk9StHp3ropsdrWKCtDLf2umDrF1nPtOW7FXzyzcqYyjxep/SYQshhTofWxk5fbD+brvy1Qt/zO7rO26eu6qpvLzsigrv0Qhj/+sd/8ep2cW/qk/MwvUu3moZt50if6zYKdmrNorbw+Lnu53kYa3Lw2tvttyWCM+3qw947pIkl5dultTlqVpT3ahgn09dFPbSE288iJ5Wqu/jTdkyMNiyMPLUMsof036WzNlF5To7s+2akDLCGeFlaTS7SyGrooLU/vYOlq9O1fD20l3fbZFw9tH68m+x6rBhibVk2EYuvXjFA1NqqeGIedupRsAwH1VNWE74RUAAACOp8bmwHIwyr0k6YYbbjju9sU2U++u3qfh7evplsQoHc4r1v82HnKuX70nV/83PVl3dYnRgQnd9OejXfSP+EhJkt00NbJjfe18tLMOPtFd/S4O08B3f1d+sV2StPCPTN33v1TNvKmlMp68TP1ahOqD3w44284rsqnnW2t1ab0A7fx3F/1+fwdtTs/Tw9/84dLHOcnpWnRHgnb+u7N2ZOSr/aurdFG4r9LGddWUa1to1LzNSj9SVOX5RQV666tb2yjnP5fph9vj9fmGg3pz2Z5Tu6iSBidEKS2nUFsOHq1y/Yb9eUrem6tLIv2Vkp6nnZkFGpJYuRLs5vhIWQzph7JhigAA/NXKV1wxaTsAAABORo0HWOUZkjw9jl8E9tmGg8o8WqJbEuqpboCXrr4kXFN/TXOuf3PZHt3QJlKD4iPlZTXk52VRj4tCJJUO1xvQKkL+XlZ5WQ2N69VIeUU2paTnSZL+u2qfBidEqWvjIFkM6eaEKJfqrM82HJSn1aIn+zaRr6dFYX6e+k+/i/T+2v0ufZzQp7Hq1fFSZKCXBrQsPd6dnerL19OiAa0iFOLnqfX78qo8vxvb1NVFYb4yDOniun4a1TlGP/6RecrXskFwabXU4aPFzmUbD+Qp6omlCnv8Z3V4dZX+3iZSd3aur4N5pdvEBHtXasdqMRQV6FVt4AYAwJkitAIAAMCpqtEhhKdj6q9puvqScEUEeEqSbm0frf4z1mlHRoEah/poZ0aBejYNqXLf3EKbHvlmmxakZiivyCarYSivyKaDR0oDnD3ZBbo6Ltxln6Zhvs7Pd2QUaH9uoS5+/lfnMrtpymJIRwptzmXRQceCIH8vq+oHuQZD/l5W5RaWVNnHr1MO68Wf/tT2w/mSSqu+moX7nfC6VLQ7q0CSFObn6VzWIsJPC0bGy9NquCyP8C/9PC27UDEV+mqzm9qfW6SIAK9T7gMAAAAAAMDZ4NYB1h+H8rXoj0z5e1kV9cRSSZIpU6akaSvSNPHKi9Qo1Eep1QybG/fddqUeOqqldyUqvCy0CRn3c1kLUkyQj/bnulYa7c8tUlPv0svSMMRHjUJ8teGBDlW2n5VfdSh1sg4eKdaAd3/X58Mu1ZUXh8liSJOX7NZHyQdOvHMFs9fuV/063moRcSz88iirpqoorq6/Ggb7aNaa/S4VZ5L0YfIB2eymejcLPfUTAgAAAAAAOAtqdQjhibz9a5oah/po60OdlHxfeyXf117r7uugx3s10oyV+1RsM3Vnp/r6eN0BfZR8QEU2U0eL7Pppe5YkKTO/WI1CfJzh1dRf05RVcCx0GpoUpVlr9istu1CStGp3jsvwvQEtI5RbWKIJ83cot9Am05R2ZRXoq02H9Fc4UmST3TTVNjpAFqN0+N87K/aecD9TpkrspvKL7dp0IE8PfvWH3lu9T68MaO4ygXt1DEN6bWBzTVuRpgnzd2h3VqEyjpZo1pr9Gv3ZFj16RSM1CmUCdwAAAAAA4B7ctgKrqGzy9nG9SueXKm9M91i99PMufbHxoK6/tK6++GcbPf79do2cu1neHhZd17quLmsSrPG9G2voR5uUMGml/L2suvqScMWWm/epV7NQTejTWH2nJSsiwFOxwT664dK6zvV1fKxadEeCHv5mm1o8t1x5RTbFBHlrWLtoXX3JmZ9j41AfPXtVU/V8a60i/L0U4ueha1qGn3AOrFeX7tGrS/fI22qoXh1vdW4UpGWjk9S+QjXV8fS/JFw/3B6vpxbs0Es/7VKxza5LIv01+W/NNaxd5cndAQAAAAAAaothmqZZ251Ys2aNEhMTa7sbAADgLON3PgAAwIUrJyfntPd16yGEAAAAAAAAAAEWAAAAAAAA3BoBFgAAAAAAANwaARYAAAAAAADcGgEWAAAAAAAA3JpHbXfAYc2aNbXdBQAAAAAAALghwzRNs7Y7AQAAAAAAgPNbTk7Oae/LEEIAAAAAAAC4NQIsAAAAAAAAuDUCLAAAAAAAALg1AiwAAAAAAAC4NQIsAAAAAAAAuDUCLAAAAAAAALg1AiwAAAAAAAC4NQIsAAAAAAAAuDUCLAAAAAAAALg1AiwAAAAAAAC4NQIsAAAAAAAAuDUCLAAAAAAAALg1AiwAAAAAAAC4NQIsAAAAAAAAuDUCLAAAALi1Oz7drNGfbT3t/Tu+tlrvrNh72vuv23tEbV9eqZBxP2vsV3/o4W+2afAHG/+y9gEAwIkRYAEAAFTQb1qyjAcXasbKfS7LN+7Pk/HgQgU8uviMj3Gk0CbjwYXamVFwxm3h7Jowf7v6XxKuzKe66/mrm+qaluEamlSvtrsFAMAFhQALAACgCnF1/TRtRZrLsmkr9uqSun412o9im1kj+6B6OzIK1DLK3/l1p4ZB6t08tBZ7BPw/e/cdGFWx/n/8vbvZ9E5CIBCKFKVDEJAiBgS59yIKVkC+duVaEayIiNeCigXl/ryAig1QFBU7ovQmgqCICBggEEgCCaSyaVvO74+wazZdRLLg5/XPZnfOOfPM7NlNzpOZOSIifz9+9R2AiIiIiC8a1j6Gt384xC+HbHRsFEKJw8W8LRlMurAlk5fs8WyXeayUez5NZvnuHEwmGNI2mhcvaUt0cNmfWTPWHmD66gPkFNkJ8DMzJrERLwxrw4WzfwQgaeYW/Cwm/t27Cfdd0IyuL25kyNnRfJ+az+GCUh4fchbRwVYeXryH37IK8TObuKBVJP8dfjaNw/0BuOfTZNLyirGYTWw/bGNQm2imX9LGqz25RQ6iHl3Ns/9qxafbj1BodxIfHsCrV5xDk4gAoGxU2KSv9/DpL0coKHHQu0UEr4w4m+ZRgTW2BWBLWgETPktma/oxooP9uLFnPA8NaI7FbKLUaXDXol18sj2LEoeLqCArT/2zFaO7xVXZ9699n87Ty/eRXWhnWPtYzCYIC/j9/657jxYx4fNkvtufh5/ZxGWdGvLsv1oT7F/7/2YP5pVwy8Id/HCggFKni46NQnnxkjb0ahZe5fZdXtzIzkwb93yazCNf7+Wdke357NcjHMwtZt7oDn/6+CIiIlI3SmCJiIiIVMFqMXN9j8a89n0aL1/alo+2ZdGpcShtYoK8trtq7i9EBfmx84HzcBoG18zfzv+9t50vb+rCb1mFPPjlHn4c35NzGgZjMTT81wAAIABJREFUK3Wy/ZANgGVjuxH2yCpW3pZIi+hAr2N+tC2LNbd39ySoVu/NZcbwtiQ2CaOgxMkN7//K7R/vZNH1nT37fLL9CCtvS6Rvi4ga2/Xd/jxW3Z6In9nEI1/v5aq5v7Duzu4AXLvgV0qdLr6/+1yigq1MWbKXEW/9zA/39GT3kerbcrTQzuDZP3JfUnO+ubUbyVmFDJ2zFX+LmfuTmvHWpgw2Hshn1wO9iQzy41BBKTlFjirjW747hwmfJbP45q70aRHBez8e4vr3dzD2vCYA2EqdDJi1hevObcx713Sk0O5k5LxfeOir3cwY3rbW99VlGIw9rwkfXhuN1WLm2RX7GfHWz+yZ2Icga+UE2NYJPen4/Pc8MqgFI7uWJdw++/XISTu+iIiI1I1+i4qIiIhU45Ze8czfcohih4tXN6Rxa68mXuV7jxaxam8uLw9vS2SQHw2CrbwwrA1f7TxKRn4pVosZwzDYklZAXrGDEH8LPeswEufmnvGe5BVA/7Mi6dUsHKvFRHSwH49d1JJlu3O89rmwdVStySuAey9ojp/ZBMCDA5qzfn8ev2UVcjCvhEW/ZDHzsnOIC/PH32LiyX+cRfKRIn45dKzGtnz6yxEig/x4aEBz/C0mOjQK4f6kZrx+fApmgJ+JvGIHP6UXUOo0aBTmT7tqpmK+uSmDMYmN6NcyArMJrkls5DV6adEvWVgtZh4fchZBVjMNgq08+Y9WzNtyqNa2AzSLDGR4x1hC/C34W0xMHtQCW6mTHZm2Ou1f38cXERH5u9IILBEREZFqtGoQRNf4MKYu28f2QzYu6xTLt79le8oP5JXgZzbRLPL3EVStjo/QOpBbTM9m4SwY05H/t+4gt364g06NQnlkUEuGtmtQY73uKX1uOzILmfz1Hn5KP0aJw4VhQEGJkxKHiwA/c5X7VKd8YiwswEKov4WDeSVYLSZMwOBXf/TaPtjfTEZ+KZ3PDq22LQfyijmrQRAmU7m+iwniQG4JAGMSG5F5zM6Ez5JJPlLEwNZRPDu0NedUkcQ6mFfMxe1ivF5r3eD3UW8p2cUcKijhnGkbPK+5DAOzqWwKZGiApcb2F5Q4mfjVHpYmZ2MrdWIxmbCVOsk6Zq+17+rirz6+iIjI35USWCIiIiI1uPW8Joyc9wvj+yd4kkVuCREBOFwGB/NKaHo8gbT3aFFZ2fGk1vCOsQzvGEuJw8VbP2Rw2ds/c+Q//bGUz/ZUULFo1LxfuLh9DHNHdSDIauan9GN0m74Ro4Z9qrP7SBGtjieEDheUcqzUSdOIAAKPT29bc3t3YkOtVe5bXVsSIgIr3U1x79EiEiLL+sRiNnF/UjPuT2pGTpGD+z5P5sYPfmX9nedWqqNpRCCHCkq9XjtUUErrgLI/W5tHBdIiKohf7utVtwZXMPnrvSQfKWTtHd2JCSlrZ9Tk1RicnIXv/+rji4iI/F1pCqGIiIhIDUZ0jOWbW7sycWCLSmVnNQiif8tIJnyWTF6xg+xCB/d9vpt/nt2AxuH+/JZVyLe/ZVN8fKRUbIg/JsBiMhHsbyY8wMKurMJaY8gpstMhLoQgqxmHy+DFVakn3J4nlqZwuKCUwlIXEz5P5rxm4bSNDaZZZCCXdojh5oU7PCOncoocfLA1E4fLqLEtl3aM4WihnedXpVLqNNiRWchzK1O5qWc8ACv35LA1/RhOl0FYgIWIQD/PNMaKrju3EXM3HyItryyGTQfyvaZLDu8QS0GJg8e+SaGgxIlhQGpuMV/UsC5Vxb5sERXoSS7N3pBGbnHV63GdiL/6+CIiIn9XGoElIiIiUgOrxcSgNtHVlr//fx0Z/1kybZ/9DhMmLmobzYvH7wBY7HAxecledmbaMJtMtIgK5KPrOnvulvfs0Nbc+MGvFJa6uKd/AlMGt6yyjtlXnMO9nyUzY+0B/C1mRnaLY24d13yq6PpzG3P+/zaTeayU3s0jWHhtJ0/ZO6M68Pi3KSTN3EzmMTsNgq1c0CqSyzvF1tiWYH8z39zajQmf/caTS1OICrJyQ4/GTLigGQDp+aXc/vEuDuaVEGAxk9g0jNeubFdlfIPaRPPYRS0Z8tpPxIZaaRYZyJWdG3rKwwMtrPh3Ig99tYezn/0O2/ERZNf3iOfi9rW3f8rglly34FcSp28kxN/Cxe1jaBZZt+mXdfFXH19EROTvymQYhsYzi4iIiJzhcoscRD26mgOP9PVMdxQRERE5lfLz8094X00hFBERERERERERn6YEloiIiIiIiIiI+DRNIRQRERERERERkb+cphCKiIiIiIiIiMgZSwksERERERERERHxaX71HQDAypXf1ncIIiIiIiJ/qaSkwfUdgoiIyGnLJ9bAKiwsqO8QRERERET+UsHBYfUdgoiISL3SGlgiIiIiIiIiInLGUgJLRERERERERER8mhJYIiIiIiIiIiLi05TAEhERERERERERn6YEloiIiIiIiIiI+DQlsERERERERERExKcpgSUiIiIiIiIiIj5NCSwREREREREREfFpSmCJiIiIiIiIiIhPUwJLRERERERERER8mhJYIiIiIiIiIiLi05TAEhERERERERERn6YEloiIiIiIiIiI+DQlsERERERERERExKf51XcAJ2LNmrVMmjTZ89xkMhEaGsrZZ7fl3/++lbZt21ba7t1359K0aVMApk9/mUWLPqFJkya89968U98AERERERERERGps9N+BNagQRcydOi/8Pf354cfNvPggw/Xd0giIiIiIiIiInISnfYJrBtvvJ4HHriPG264DoCjR4+Sn59fz1GJiIiIiIiIiMjJclpOISzvjTfeIjAwkO++2wBAr149CQ8Pr+eoRERERERERETkZDntE1hLly7z/Gw2m+nSpXM9RiMiIiIiIiIiIifbaT+F8N1357Jy5TKef34aLpeLV1993TMay8/v9/xcaand87Pdbj9ebjm1wYqIiIiIiIiIyB922iewoGzkVceOHTCby5qzf38qAI0bN/Zs88svvwDgcDj49ddfK5WLiIiIiIiIiIhvOu2nELrXwPr11x24XC5MJhOdOnUEoEWL5iQmdmPLlh+ZPv1lvv56CUeOHOXQoUMAjBgxvD5DFxERERERERGROjjtE1juNbDCw8Po0KE9V199FR06tPeUP/HEf3jjjTdZu3Y9O3bsxGq10rFjB66++ip69z6vvsIWEREREREREZE6MhmGYdR3EIWFBfUdgoiIiIjIXyo4OKy+QxAREalX+fn5J7zvGbEGloiIiIiIiIiInLmUwBIREREREREREZ+mBJaIiIiIiIiIiPg0JbBERERERERERMSnKYElIiIiIiIiIiI+TQksERERERERERHxaUpgiYiIiIiIiIiIT1MCS0REREREREREfJoSWCIiIiIiIiIi4tOUwBIREREREREREZ+mBJaIiIiIiIiIiPg0JbBERERERERERMSnKYElIiIiIiIiIiI+TQksERERERERERHxaUpgiYiIiIiIiIiIT/Or7wAANm7cUN8hiIiIiIj8pZKSBtd3CCIiIqctk2EYRn0HISIiIiIiIiIiZ7b8/PwT3ldTCEVERERERERExKcpgSUiIiIiIiIiIj5NCSwREREREREREfFpSmCJiIiIiIiIiIhPUwJLRERERERERER8mhJYIiIiIiIiIiLi05TAEhERERERERERn6YEloiIiIiIiIiI+DQlsERERERERERExKf51XcAfxcHDx5k3bp15OXl1XcoIiIiIvInRERE0KdPHxISEuo7FBERkb8NJbBOkZSUFM49N5HAwEBMJlN9hyMiIiIiJ8AwDBwOB/v27VMCS0RE5BRSAusUKSwsJDIyEn9/f8xmzdwUEREROR25XC5KS0spLCys71BERET+VpTAOoX8/f0JCAhQAktERETkNOVyueo7BBERkb+lMyqBtXDhQkwmE1dccUV9h1Ils9mM2WzWFEIRERGR05T77zkRERE5tc6YBNbChQvZsmWL57mvJrFERERExDcVFNjIycmhuLiYqKgoIiMjsVot9R2WiIiIcIYksD7//HOv5NXmzZsJCAhg2LBh9RiViIiIiJwO7HYnO3bsICMjw/NaSkoKAI0bN6Zdu3ZKZImIiNSzMyKBNWzYMIYNG8bEiRMBePrpp+s5IhERERE5HdjtTtavX09xcTGBgYFERUURGBhIbm4uOTk5ZGRkkJOTw8CBA3E67fUdroiIyN/WaT2B//PPPz8p24iIiIjI39OOHTs8Uwb79OlD584dadu2NT17nkufPn0IDAykuLiYHTt21HeoIiIif2unbQJr4cKFrF+/vtbt1q9fz4cffngKIhIRERGR00lBgY2MjAwCAwPp1q1bpWmCYWEhJCYmAmVTCu12Z32EKSIiIpymUwjLL9junjZYXsXXNm/eDGhhdxERERH5XU5ODlC2zlV1a1yFhYUQFRVFTk4Oubm5xMREn8oQRURE5LjTdgTWH2UYRn2HICIiIiI+pLi4GIDAwMAat4uMjASgqKjoL49JREREqnZajsC68sorAdiyZYvXgu1VLeI+ceJEEhMTPfuIiIiIiMDviSt3Iqs6ubm5AAQFBf3lMYmIiEjVTssEFpQlsWr7bxlAnz59GDZs2CmISEREREROJ1FRUQBkZGTQsmXLKqcRFhTYPFMN3SOxRERE5NQ7racQ1iUxpeSViIiIiFQlLCyExo0bU1xczI8//lhpkfaCAptn3dXqElwiIiJyapy2I7DK+/zzz73uSDhx4kSNvBIRERGRWrVr146cnBxycnJYvnw5jRs3JjAwkNzcXM/Iq8DAQNq1a4fTaa/naEVERP6+zogE1rBhwyguLvb8hywxMVHJKxERERGpldVqoU+fPuzYsYOMjAwyMjK8ylu2bEnLli2VvBIREalnZ0QCC/BapF0LtouIiIhIXVmtFjp37kjLli3JycmhuLiYqKgoIiMjNW1QRETER5wxCSxQ4kpERERETlxYWAhhYSH1HYaIiIhU4bRexF1ERERERERERM58SmCJiIiIiIiIiIhPUwJLRERERERERER82hm1BpYvCw4OpqSkFKvVitmsvKGIiIjI6cjlcmEymQgODq7vUERERP5WlMA6Rdq0acP27b9SWFhY36GIiIiIyJ8QHBxMbGxsfYchIiLyt2IyDMOo7yBEREREREREROTMlp+ff8L7ai6biIiIiIiIiIj4NCWwRERERERERETEpymBJSIiIiIiIiIiPk0JLBERERERERER8WlKYImIiIiIiIiIiE9TAktERERERERERHyaElgiIiIiIiIiIuLTlMASERERERERERGfpgSWiIiIiIiIiIj4NL/6DgAgI21ffYcgIiIiIvKXatykRX2HICIictoyGYZh1HcQIiIiIiIiIiJyZsvPzz/hfTWFUEREREREREREfJoSWCIiIiIiIiIi4tOUwBIREREREREREZ+mBJaIiIiIiIiIiPg0JbBERERERERERMSnKYElIiIiIiIiIiI+zWcSWHa7nbvuuos77rgDh8NxSupMTk5m9OjR3HTTTaekPrfPPvuM0aNH88ILLwBQUFDADTfcwKRJkzAM45TG8kctXryY22+/nbFjx3Ls2LETPs69997Ltm3bAFi/fj2PPfZYlWUVHTp0iGuvvfaE633llVf47LPP6rz9HXfcQXJy8gnVdffdd7Nr165atysuLmbChAl12vZU+7P9faapeK66HT58mPvvv5+0tLSTVtffqe9XrVrFU089VW35nDlz+OCDDwDIzc1l9OjROJ3OUxVelVJTU5k4cWKdvrNtNhv33HMPhYWFJz2O6s7JU6267+23336bt99+ux4iEhEREZEzjc8ksJYtW8bRo0f5xz/+gZ+f3ympMygoiFatWtGqVatTUl91wsLC6N+/PykpKWzevLleY6lJSUkJ7777Lo8//jizZ88mNDT0hI81YsQImjRp8ofLzkTz589n8ODBnH322fUditTirLPO4l//+pfXazabjVmzZjFu3Li/1Xl7KvXu3ZvExESg7Hv7uuuuw2yu319fCxYs4NJLL8VkMtW6bUhICOeddx5ffvnlSY+jqnOyPlT1vb1s2TJcLhfXXXddPUUlIiIiImeSU5MpqoNvv/0WgL59+56yOps2bcoTTzxxyuqrSd++ffn222/59ttvOffcc//y+hwOxx9OFObk5ODn50dMTMyfrr9fv34nVHamKSoqIiEhgYsuuqi+QzljnMi5XVeNGjWiUaNGXq+FhIQwZcqUv6S++uZ0OjGbzXVK0vyV2rdv7/k5ICCAIUOG1GM0kJmZSXJyMuPHj6/zPv379+eJJ57gsssuw2KxnLRYqjon60NV39sXXnhhPUQiIiIiImcqn0hgpaenk5GRQaNGjYiOjva8brfb+eyzz1i3bh1Hjx4lJiaGvn37MmzYMKxWK8nJyUyZMoWgoCAuvfRSli9fTmFhIX379mXMmDGei4SNGzfyxRdfkJaWhmEYtGzZksmTJ3vtP2fOHKAsSbNgwQK2b9+OzWYjPj6eiy++mN69ewNl0/8WLFhAp06daNiwIT/88AMmk4nLL7/c88f6V199xdKlS8nJycHhcBAbG8vgwYP55z//WW0ftG7dmoCAALZv305xcTGBgYGVtlm1ahUrVqwgLi6OzMxMbDYbl156qSfpt3nzZhYuXEhmZiZBQUGcf/75XH311ZhMJrKysrjnnnsYM2YMK1asICwsjMmTJ7No0SJWrlxJfn4+0dHRXH755fTp06dS3fv27WPatGmUlJRw991306JFC8aPH8/LL7/Mrl27KC0tpWnTptxwww20aNECKLv4/fTTT1m9ejV5eXnExcVx55130rRpU+69916uv/56OnXqVKmu8mUlJSXMmTOHH3/8kbCwsEp9WFObAX766Sfmzp1Lbm4u3bt3x263V/seAHz66ad8/fXXAAwdOtSrrHx7bDYb7dq148YbbyQyMrLa4yUnJ/P666+Tk5ND+/btueWWWwgLC2Pv3r0899xzzJw505O8mjFjBmeddRYXX3wx6enpvP766xw4cACA5s2b88gjjwBl09VmzZpFamoqCQkJtGvXjpSUFB566CGv47qVPy6UTX1655132L9/P6GhoYwYMYL+/fsD1NrfdT1f3DZu3MjHH39MVlYW8fHxXH/99Z4RjzNnzsTf35/s7GyysrIwm82MHTuWli1bVnmsgoIC5s2bx7Zt2ygpKaFFixY88sgjHDlypMpzu6a6a2tHamoqc+fOZd++fZjNZi644AJGjx7N+vXr+eabbzxTtnbs2MG8efM4dOgQsbGxjB49ms6dOwNln9dVq1bRtGlTfvvtN4qLi7n88ss5//zzq2xfbX1fUFDA3Llz2bZtGyaTib59+zJy5MhqkyHu9mdmZhIaGsqoUaPo3bs306ZNIzExkUGDBgFl37+TJk3izTffBMqmviYlJfHDDz+Qn5/Ps88+y65du3j33XfJycnBarWSlJTEyJEjAfjmm29YvHgxBQUFtGrVihtuuMGTUNmyZUu1+1XlvffeY9myZQQEBDBy5EhPX82ZM4ewsDCuuuoqcnNzuf3225k7dy4Wi4XS0lLmz5/Ppk2bMAyDxMRExowZQ1BQECUlJbz22mv8/PPPuFwuoqOjmTBhQqWEz+LFi/npp5+YOHGi57UlS5awceNGJk+eXCnOH3/8kdatW2O1Wj2v1RQHQHx8PAB79+6lTZs2lY556NAhXnvtNVJTUzGZTHTo0IEbb7yRsLAwAD755BO+/fZbiouLCQkJ4ZprrqFXr16Vzsn09HReffVVDhw4QEJCAu3bt2fv3r089NBDnt8D1113HatWrcJms9GtWzfPCKnaYqjuM2gymby+t2vqi9piEBERERGpjk8ksPbt2weUjYgq74033mDVqlVERkbSp08ftm7dyocffkhOTo7XulVFRUVs3ryZpKQkli5dypIlSwgJCeGKK65g+fLlvP766wB07dqViIgIduzYUWUcdrudqVOnkpaWRvPmzenQoQPr16/nv//9L4ZheF3gbtu2jc6dO9O5c2fWrFnDW2+9Rbdu3YiOjiYtLY2EhAT69u2LzWZj2bJlzJ07l4SEBDp27Fhl3Wazmfj4eFJSUti/f3+108l+++03hg0bRvfu3cnMzGTSpEk0a9aMhIQEAgICuP3220lISCAjI4NnnnmGpk2bev4zbhgGWVlZPPvss57jxcXFMWXKFKKioti6dSvTp0+ndevWNGzY0Kte94XKpEmTmDFjhud4Xbp0YezYsfj7+7No0SJmzJjBCy+8gMlkYtGiRWzevJkHH3yQRo0akZ6e7rmYq6v33nuPnJwcXn75ZRwOB88//7xXeU1tzs7O5qWXXuKuu+4iMTGRNWvWMHv2bM4666wq69q4cSNLlixh8uTJxMbG8vbbb5Obm+sp//TTT9myZQuPPPIIkZGRLFiwgFmzZvHQQw9VG//q1at56KGHCA0NZebMmbzxxhuMGzeu1nYvWLCAc845h8mTJ+Nyudi9ezdQ1ufTp0+nW7duPPLIIxw4cIBnnnnGkzSsjc1m46mnnuLqq69m4sSJpKenM3XqVBo3bkybNm1q7e+6ni8AO3fu5LXXXuP++++nTZs2bNq0ieeff54XX3zRcx5s3ryZJ554ggYNGrB06VLeeOONakdFvvTSS0RHRzNt2jSCgoL47bffPGUVz+3a6q6pHQUFBTz55JNcfvnlPPDAA7hcLvbv318pnpycHKZNm8Ytt9xCr169+Omnn3jhhReYNm0acXFxnjhGjBjBjTfeyMGDB5k8eTLdunWrcvptbX0/Y8YMYmNjmT59Ona7nenTp/Pll19yySWXVDrW9u3bee211xg3bhwdOnQgPz+fvLy8Kvu1Kj///DOPPvqoJ5E+c+ZM7r77bk9SOT09HYAffviBRYsW8eCDD9KkSRM++ugjnnvuOaZNm4bFYql2v6rs3LmTXr16MWvWLLZv3+45z2ubqrxgwQJSU1N5+umnsVgszJgxg3feeYexY8eyfPly8vPz+e9//4u/vz/p6emEhIRUOka/fv1YsGAB2dnZnn+irFmzhsGDB1dZZ2pqaqXpcjXF4dakSRP27dtXZQLL5XIxfPhwzjnnHEpLS3nllVd47733uPXWW9m/fz+LFy/m6aefJjo6mtzc3CrX0zIMg5deeolzzz2XyZMnk5aWxjPPPEOzZs28tsnNzeWpp56iuLiYhx56iK5du9KlS5caY4CaP4N/pC9qikFEREREpDo+sQaWzWYD8EpuFBUVsWrVKgDGjx/P2LFjufvuu4GydTVKSkq8jjFhwgSGDx/OqFGjAFi5ciVQNhoKykbTPPDAA4wdO9azeHpF27ZtIy0tjeDgYP7zn/9w2223MWLECKDsP/TlxcTE8OCDD3LbbbcRERGB0+n0jJa5/vrrGT9+PJdddhlXX301vXr1AsouKmsSHBwMUOPi6HFxcXTv3h2Ahg0b0qNHD7777jsAOnbsSLNmzTCZTMTHxzNgwIBKyTr3mi3uEUp9+vQhOjoak8lE165dadu2bbUXJRWZTCYGDBhAUFAQFouFyy67jKysLHJycoCy92n06NE0btwYk8lEkyZNvEbY1cW6deu44oorCA4OJjw8nEsvvdSrvKY2b9q0iTZt2tC9e3dMJhP9+/f3upCrqq7BgwcTHx+P1Wpl1KhRXgs0L126lFGjRhETE4Ofnx9XX30127Ztq3Fh5qFDh9KgQQMCAgIYNWoUGzdurHUUGICfnx9ZWVlkZWVhsVg8Cc0DBw5w+PBhLr/8ciwWCy1atKh2RE9VNmzYQJMmTRg4cCAWi4WEhAQGDBjAhg0bPH1QU3//kfNl6dKlDBkyhLZt22IymejZsydxcXFen4PevXvToEEDALp168a+ffuqXBQ7PT2d5ORkbr75ZkJDQ7FYLLRr185ralv5c7u2umtqx/fff098fDxDhgzBarUSEBBA27ZtK8W0ceNGzjrrLPr06YPFYqF79+506NDB83mEspFz7lGGTZs2JSIiotqF3mvq+4yMDHbt2sX1119PYGAgYWFhjBgxwquu8pYtW8bgwYPp2LEjJpOJiIiIGs/9ioYMGeI1CtTPz4/U1FQKCgoICAjwjJJbu3YtgwYNokWLFlitVq688kry8vI8Cdfq9qtKXFwcgwYNws/Pjy5duhAeHl6nRfHXrl3LVVddRUREBKGhoYwcOZJ169ZhGAZ+fn4UFBR4jtOkSRPPaKLywsLC6Nq1K2vXrgUgLS2NtLQ0z3d3RTabrdIo2ZricAsKCvL8vqsoPj6eTp06YbVaCQkJ4dJLL/V8l1ksFhwOB/v378dutxMZGekZ0VXegQMHyMrK8nw/NGvWrMqpfe7RpYGBgZ4RnLXFUJfP4B/pi+piEBERERGpjk+MwHJfCJRPSmVlZXl+dv+nu/x/vI8cOeL52Wq1EhERAeBZnyknJwfDMDh69CiA1wVodVNu3HXGxsbi7+8P/D4qrHw87tfdf7gHBQWRl5dHcXExUPbH++eff87hw4e9/mDPz8+vqRs8+9c0SqnidLXIyEiys7MBSElJ4YMPPvBMlSwuLqZdu3aebd0XsuV99913LF68mOzsbMxmM/n5+Z7FkmtjGAYff/wx33//PYWFhZjNZlwuFwUFBYSHh5OXl/en1max2+3YbDZiY2M9r7lHtrjV1OacnJxKI4Mq7l9eTk4OPXr08DwPCQnxXOw6HA5yc3OZOXOm1+LRwcHBZGdne5KPFbmTM1B2bhqGUaeRMNdeey0ffPABU6ZMwWq1MmTIEIYOHUpubi6RkZFeazzFxMR4kqe1OXLkCCkpKZ5ksLttHTt2rFN//5HzJSsri23btrF69WrPayUlJV7tLz+6xt/fH6fTicPh8Jqa5Y47MjKSgICAKuuqeG7XVndN7Thy5EiN54lbTk6OV19B2XeH+/Md2z9hAAAgAElEQVRYsX3uNro/5+XV1vdHjhzB5XJx3333eV5zuVzVfpcdPXr0T41miYqK8np+7733smjRIj788EPi4+O5+uqr6dy5M9nZ2V7vv8ViITo62pPErm6/utQZGBhYZV+VZ7fbOXbsmFe/xcbG4nA4yM/PZ8CAAeTl5fHKK6+Qn5/Peeedx5gxY6o8jy644ALeffddLrnkElavXk3Pnj2rnMoNZd8NRUVFdY7DfW4WFRVVOQIMyqbnzZ8/n127dmG323G5XJSWlgJ4pmd/8sknvPzyy7Rv355rr7220vdrTk4OkZGRXudFTEwMqampnucmk8krBn9/f09baoqhts9gXfuithhERERERKrjEwmshIQEoGz9Dbfyf/ympaXRpk0br//Gl/+j3G63c+jQIRo1asTBgweBsoshk8lEgwYNPP85dicnnE5nlRd+7jqzsrIoLS3F39/fc7yKF6rl9y//H+icnBxee+01AG666SaaNGnCF198wZYtW2q83bphGJ72V5xKWV5WVhaGYXjqzMzM9CRpXnrpJYYNG8Z9992HxWLhk08+Yc+ePTUea/bs2UyePNmzNtDUqVOr3b6itWvXsnHjRiZOnEhUVBSGYXjWMfHz8yMiIsKzNtCJcI8CyMvL84zcKj+lD2puc1RUlOf9c6speRQVFeVV7r4QK9+ecePGVTn9pzruBCqUXQC6Ey2lpaWeC0O3goICz8+RkZGeaTu7d+9m6tSptG3blsjISHJzc70WKi+fzA0MDKzxuDExMZx99tnVTnusqb//6PkSExND9+7dq5zi9kfFxMSQm5tLSUlJrRfQtdVdWztiYmLYuXNnrXVERUWRnJxc6dhVjdaqTW3neoMGDbBarUyfPr1OC4A3aNCAw4cPV1kWGBjoNQqw/PnhVnFUTevWrbn//vtxOp2sWrWK6dOn8/rrrxMdHe2V3Hc6nWRnZ3uSUdXtd7IWMbdarYSGhpKVleX554V71GJ4eDgmk4krrriCK664giNHjjB9+nSWLFlS5XnRtWtXXn/9dZKTk1m7di133HFHtfU2a9aMn376qc5xuKWlpVU73ffdd9/FMAymTp1KUFAQu3btYtq0aZ7yfv360a9fP4qKipg3bx5vvfVWpc9xVFQUubm5Xr/jyn8/1KamGOr6GaytL/5IPCIiIiIi5fnEFMLmzZsTGRnJgQMHPAmDoKAgz8LS06dP59VXX/WsvTRgwIBKf0BPnTqV//3vf8ybNw+ApKQkAM/txb/44guee+45Xn31Ve6///4q4+jUqRPx8fEUFhYyZcoUZs6cyaJFiwD4xz/+Uae2uFwuz88Oh4O0tLRq19wq78CBA9hsNlq2bOl1wVNRTk4OX331FS6Xix07drBp0ybOO+88AAoLC0lISMBisVBQUMCaNWtqrLOoqAir1eqZipKSklKnC3c3m81GRESE52L1m2++weFweMoHDhzIe++9x6FDhzAMg/T0dK/RKXXRp08fFi9ejGEYuFyuSlM5a2pzjx492LFjhyeJlZycXOP0yD59+rBy5UrPSAB3vW6DBg1i/vz5nsRAQUEBGzdurDF+9yifkpIS3n//fXr06IHVaiU2NhaTyeRJgOzZs8er77///ntPAiMiIgKLxeKZ8tewYUM+/vhjnE4n+/fv90x7Amo9bs+ePdm/fz8rVqzAbrfjdDrZt2+fZ42nmvr7j54vF154IYsXL2bXrl0YhkFJSQk///xzrSMRqxIfH0/r1q154403sNlsOJ1OduzYUW1SuKa6a2tHr169SEtL45tvvsFut1NSUlLledOjRw/27t3Lhg0bcDqdbNmyhe3bt3s+j39UTX3vbv9bb72FzWbzrPn1yy+/VNv+b7/9lu3bt3tG/bkT/i1atGDr1q0YhoHT6az0maqopKSEDRs2UFxcjMViISIiwnNnwr59+7J06VJSU1NxOBx89NFHhIeH07p16xr3O5n69u3LwoULyc/Px2az8f7779OvXz9MJhPbt28nPT0dwzAIDQ0lICDAawRleWazmX79+vH666/j5+fnNXq1oq5du5KcnOyVCKwpDsATR3Vr8NlsNho3bkxQUBBOp5NvvvnGU5aWlsbOnTtxOp0EBAQQHBxcZTsSEhKIjY3lo48+wul0kpqa6vX9UJuaYvgjn8Ha+kJERERE5ET4xAgsk8nEwIEDPdPR3Hfzu/HGG2nQoAHr169n3bp1NGjQgMsuu6zSujxBQUGMGDGChQsX4ufnR//+/Rk+fDhQlkQJDQ3l888/Z+fOnZ67EFbFarXy8MMPe+5CuHHjRpo2bcrQoUM9d/qrTYMGDbjuuuv49NNP+fDDDzn77LPp1q0b69evr3E/9xpEtd12vF27dmRmZjJ27FiCgoK4+eabPWvb3Hzzzbz22muEhIQQEhJC165dyczMrPZYzZo1Y9CgQUyaNImIiAji4+O9bldfm6SkJLZv384DDzxASEgI3bt395oyddlll2EymZg6dSoFBQXExcVx11131fn4AKNGjWLOnDlMnDiR8PBwunXrxrZt2zzlNbU5OjqaO++8k//3//4fISEhxMbGetYPq0qvXr3IyMjg0UcfJTo6mnPOOcdrWtPw4cOxWq08++yz5OTkEBYWRvfu3enZs2e1x+zXrx9PP/002dnZtGvXzrOIsdVq5dZbb2XmzJmEhYXRqFEjrzsy7ty5k7fffpuSkhJCQkIYMWKE58J3/PjxzJ49m1tvvdWzhtXevXvrdNywsDAefvhh5s+fz4IFC3C5XDRt2tSzdlxN/f1Hz5f27dtz00038c4773Do0CH8/f1p3bo1t9xyS7X71GTcuHHMmzePe++9F4fDQcuWLXn44Yf/cN21tSMsLIxJkyYxd+5cPvjgAywWC0lJSZVGVkVHR3Pfffcxf/58Xn31VRo2bMj48eNPeNpsbef63XffzYIFC3jggQcoLi4mJiam2sS6++5x77zzDpmZmYSFhTF69GiaNWvG4MGD2b17N/fffz+RkZF06dKFrVu31hjbsmXLmDNnDoZhEBsby7hx4zCbzfTo0YPs7GxefPFFz10I77//fs+aTdXtdzKNHDmS+fPn8+CDD2IYBt26dePaa68FykYfzZkzh9zcXAICAkhMTGTIkCHVHispKYkvvvjC891Vnbi4ONq2bcumTZs8N/eoKQ4ou6GDe+25qlx55ZXMmjWLzZs3Y7Va6d69u2eUV0lJCXPnziUjIwM/Pz9atmzpdSMTN5PJxD333MPs2bNZsmQJCQkJ9OvXr8bF8+saA9T9M1hbX4iIiIiInAiTUdO8tlPIZrNxzz33EBERwXPPPVen/9QmJyczZcoUgoKCmDNnzimI8q9RUlLC3XffTVBQEC+88EK1FzirVq1i7dq1TJo06RRHKL5sxYoVfP/99zXeDVHkTJGdnc1dd93FvHnzTvqInsLCQv7973/z/PPPV3lnzfL279/PrFmzmDp1aq1x2Gw2Jk2axNSpU6tdL++vMm/ePOx2OzfccMMprVdEREREpConMiPHzSdGYEHZ2jvPPvssxcXFNS5OfCYymUxMmTKFkJCQv1W7RUT+qNTUVM9U2ZPJMAy++uor2rdvX2vyCsqmvj/99NN1OnZISAgvvfTSnw2xTpKTk4mKiiImJobffvuNVatWMX78+FNSt4iIiIjIX8lnEliAZ/Hivxt/f/8qb4kuIiK/+/LLL/niiy88N4s4Wex2OzfffDNRUVFed3o8HR0+fJjp06dTVFREVFQUV1111R+aGi4iIiIi4qt8ZgqhiIiIiIiIiIicuf7MFEKfuAuhiIiIiIiIiIhIdZTAEhERERERERERn6YEloiIiIiIiIiI+DQlsERERERERERExKcpgSUiIiIiIiIiIj5NCSwREREREREREfFpSmCJiIiIiIiIiIhPUwJLRERERERERER8mhJYIiIiIiIiIiLi0/zqO4C6cDgcZGdnk5OTzdGj2eTl5eJv9SczK6u+QxP5y8TGxGB32ImIiKRBg2iioqKJjo7Gz++0+NiKiIiIiIiInDQmwzCM+g6iJnv27GH//n04nU7Cw8OJiAgnMjKC8PBwTCYThmHoUY9n7GNubi75+QWeR4vFQosWLTnrrLPq+6MpIiIiIiIi8ofk5+ef8L4+m8AyDIOVK1fg7+9Pt25d6jscEZ/x448/4bA7uSApqb5DEREREREREamzMy6BlZWVybJly+nZsztxcXGYTGAY6FGPejz+mJ5+iB9+2MKgQRcSExNb3x9ZERERERERkVqdUQmsQ4cy+PXX7fTq1aO+QxHxeRs2bKJDh440atSovkMRERERERERqdGfSWD51F0IDcNg1arV9OrVA3deTY961GP1j716ncvKlSsREREREREROZP51AisFSuW0axZAnFxDYGyi3STyeQp13M91/PKzzMyDpOWlk5S0gBEREREREREfNUZMQJrz549WK1WGjaMwTAMDMMFgGG4PM/L1gBy/aXlb7zxJhdffCnz57/L2rXruP/+B0/a8ceMuY6kpEG88MJ0DMNFXl4eSUmDSEoaxOLFX5+S9vlS+cqVqzztT09P97n4TpfyRo0aYjab2bcv5U99BkVERERERER8lU8ksBwOB/v376Nz545A9dOlXK6ap1PVVH7ttTeRlDSYAQMu4rHHHq92/88//5LnnnuOvXv38Z//PMnQoUNPSv1lykbPmEzmCq+D2Wz+08evqfzFF18mKWkw1157019y/BMpd/dD2c+mU17/ySh/8cWXGTCgrF/rM75u3Tqxd89enE4nIiIiIiIiImcav/oOACA7OxuHwwEYlF2TlyUzTCbT8Yt093NOqHz79h0cOHDAU9+6dd+Rk5NLZGRkpf0XLfoIMHjssUcxm/1wOEpwOp1/qn738/JcLoOIiAhWrFh2vLzm9peUlOLvbz3h+t3JIvcUtNr2L6vP/6T0f3XlFfvjr3r//8py736t3/jtDjvZ2dnExuquhCIiIiIiInJm8ZEE1lHCwkI8F+Pgnh7lvkh3P+eEyr/+egkAzZo148iRIxQWFrJs2XIuu2y4Z/8ZM17h008/Jy6uITfddANz584nK+sIbdq0ZsKEcTRrloBhlCW/3nvvfdLTM7DZbAQE+NOq1VmMGTOa7t0TPfWnpOzj5Zf/y86dv9GoURy33HJjhVYb5ObmctllVwPwwAMTGDLkIlatWsPjjz8FwGOPPcL7739IcvJu7rtvPIMHX1hl+9auXcv773/Inj17cblcJCQ0ZfjwS/jXv/6ByWTillv+zZ49ewFITU1l4MCLPHX27n0eI0ZcBcDYsTezY8cuNm7cxIABF3DffePZuzeFt96ay88/b6OoqIjY2FguuOB8/u//RhMYGFht/7tcLj7++BMWL15CWlo6AQH+dO7ciZtuupEWLZp5+qB8f7jf/w0bNrBgwfskJ+/B5XLRqtVZXHPNKHr37gWYOHo0i6uuugaA228fy/btv7Jhw0bi4hpy552306BBNC+9NIPk5D0kJDRlwoRxtG3bxhPfvn1lbdq69WcKCwuJi2vIxRf/iyuuuAyz2QK4uOmmsezbt58LLxxAo0ZxLF68hJKSUs47ryfjxt1FSEgwt9xyW4V+HeL1Xu7evYd33pnH1q1V993JOr/d5WFhoWRnH1UCS0RERERERM44PjGFMCc7h7CwMIByF+vuaVPez/9oeWFhIStXrgbg4ouHcsEFFwDwzTdLvfZ3j6TJyjrCCy+8RFRUNA6Hg23bfuH556d7jpeSso/MzExatWpFnz59iIyM4ueff+Hhhx9l//5UDMNFSUkJDz88mW3btuNwOHA4nDzxxNMcOXLE0+by0wfL119+ke6pU6dx4MBBIiMjMZvd0w6927d48RIeffRxtm//lZCQEKKjo9izZy8vvPASb789D5fLRevWrYmKigLA39+fDh060KFDB6Kior1GQr355jt8990GoqIisVj8SEnZx113jWfduvU4HA6aNGlCRkYGCxZ8wKRJUzAMo9r+nz59BjNnvsrBg2l0796d2NiGrF+/gXHjxpOenl6p/e5k1tKlS5k06VG2bdtO69at6NChAzt27OSRR6awevWa48f/vY/efPMdvv9+E3a7ndTUAzz++JM88MBEkpP3UFJSQnLybp544unjI/xg//793H33eNasWUt4eDg9e/YgK+sIs2e/zv/+N8sTv/t9WLFiFV9++TVxcXHYbDaWLVvBggXvYxhGjf26d28Kd989gbVrq+47d7/92fO7fHl4eBjZ2dmIiIiIiIiInGl8IoGVm5dLeHhYtWv//JnHtWvXYbPZMJlMDByYxEUXDQIgOXk3e/bs8doeyhICzzwzlVde+S/XX38dANu3/0pxcTGGYXDppZfyyScf89RTj3PHHf/mmWemEhwcjMPhYM2adQAsX76SzMwsAB577FEWLnyfp556gpKSkuO1uOPz7oeKSZ3evc/jyy8/59NPP+aCC/pX2b4333wHgA4dOvDhh++zcOEH9O/fH4AFCz7AZitk0qSJ9O9/PgCNGjVi1qz/MWvW/+jVq6dXfbGxsXz00UIWLvyAe+65i/fee5/i4mKCgoKYP38e8+fPZdy4uwD46aet/PDD5ir7/eDBNL766msAJk9+hOeee4a33ppD8+bNOXbMxsKFH1fZXsMwmDPnLQBGjBjOzJn/Y8aM6VxyyTAA3nxzbqX9WrZswVdffcFjjz0KwLFjNpo3b8GSJYu57757AUhPT+fw4UwMw+DddxdgsxXSqlUr5s17h2effZqJEx8C4JNPPufo0Wyv4wcHBzNv3tu89trs4yPs4KeffgaosV8XLPigxr7bvHnLST/fw8PDyM3NRURERERERORM4xNTCK1WK2FhobjXEHKv9XMyHpcsKRtp1aNHD6KiwomIaE9cXEMOH87k66+/5bbbbqXcoCfCwsLo0qUjxcU24uIael7Pzc2lUaM49u3by/jx40lJ2V+pHdnZZcmPffvKyvz8/OjbtzfFxcc499xEwsPDPbeMLEs6VB6FVD6nc9VVV1JaWoTdDmbz72ssudt39OhRz6iu88/vi9NZisNRysCBSaxevZrS0lL27dtHSEiQZ+QOQEmJrdxxfq9w6NB/EhQUQHHxMQwDdu36DYAuXboQHh5McfExLrigPy+//F8Adu/eQ/fuiZX6fdeuXZ5jTpnyGFOmeLdy9+49VSavjh496kn8LVr0CYsWfeK1TWpqKsXFxV6vDRw4AJerlPj4xp7X/vGPiygtLSIhoYnXexMf38jTpj179pCUNLBSDHv3ptCgQZTntcTEbgQG+lNUZCM+vjGbN0N2dg6GYVBaWlRtv5bvu4iIYIqKjpGU9HvfJSfv4dxzE0/q+R4eHorVakVERERERETkTOMTCSy73U5+fj7h4e5phJyUx0OHDvPjjz8B8OOPP3LJJVcAeJIgy5ev4JZbbsDP7/duCA4Oxuksm25WPrEFZdPlHnvsSXJzc2nTpg1XXXUFgYFBPPfc8+Tn53uSUu7pZxaLBcMouyuc02nHavXzOl5VSZzySa2IiN+TelW1r+K+v08rc3he/32h74r1uI/ze1lkZATgKnd8dwcYnkSNw1Hqdeyq4it/d8Fhw4YRERHuVX+DBtFVtN/7ec+ePWnbtk3lhlbYLiQkGMMwjif4yoSGBlP2fnnfka+sj8p+bt68Oeef36/S0ePiGlYagVVxWqH7fapuBN3va1WB+7wBsNt/7zuz2VRh+z//mJdXgN1ur9QmERERERERkdOdTySwIiMjyc8v8EwjdCdd/uzjt98u99Rht9srXdzn5uaxYcP39OvXl4qjoSomkwyjbOSNe4rW1VdfyYUXJpGZmcWxY8e89mvRogUAJSUl7Nixi3btzmb//lSOHs2ucPyK9VEhDqPG9sXENCA2NoasrCOsXr2GSy75F35+fixfvhIoW5epefPmAAQEBABQVFTkqa9icqvi8du1O4eDBw+ydevPZGZm0rBhQ8+xgeMLo1eO6+yz23q2ado0nquvvvJ4u0zs2rWLkpLSKtqPV3usVj9uuun640lEE5mZh/n11534+/sDhZX6rfzxyifzyh8f8LSpsLCQkSOvJDQ0BDBRVFTI8uUrSUhoSsVzobr3y2QyVduv3n2XRWxsDMuXr/Ls36ZNm0rvw599zM8vIDIyChEREREREZEzjU8ksKKjozlyJKtcMqJsoe7Kj3UvNwz49ttlAPTt24dp057xqvOqq0aRlpbGN98so2/f3l5lvx+vYpxRnumH77wzl/37U1i1am2lkTQDB/bn7bffITMzi8mT/0OXLp3Ytu0XT6Lh95EzLq/jVz9Squr2u1xObrnlZqZOfYYdO3byf/93I35+fp5peGPGXENQUACG4aJZswQAsrKyuPHGWwkJCWXSpAcIDAyqtr5rrhnJmjVrKSoq4uabbyMmJoYDBw4CkJiYSLduXXC5XJXia9w4jqFD/8WXX37FzJmzWbVqNWFhoaSlpXPwYBq33noT55zThoqJIpfLxa233sJTTz3NunXrufbaG0hIaMrhw5ns27efHj2606dPL9x34fN+v6rqt8r9ec01o1i7dh1ZWVmMGXMd7dqdQ15ePikp+zAMg8GDB1aKq7rzoXK/jiUkJIRJkx6o0Hf/rtR3iYldj4+UO7Hzu6ry/PwCYmPjEBERERERETnT+MQi7lFR0RQUHDue3HHfVa0sCeWdlKp7+datW0lPzwDg/PP7cexYLseO5XHsWC42Wx4XXFC2+PbGjT+QnZ1TKaaqkiKGYfDkk0/Qvn07Dh06zNKlKxg5cqTXWlmG4cJiMTNt2rN06tQJm83Grl3J3HDD9cTHx3tt550QMbySW2Xb1N7+Cy9M4umnn6Jjx44UFhaRk5NLmzatefDBBxgzZpRn/4EDk7jwwgsJCwvjwIE0du6saiSU9/GbNGnMrFn/4/zz++HnZyU9PYPGjRszZsxonn76SZxOZ5XxGYaLCRPu5s4776BVq1YkJ+/m559/wWw2M2zYxfTq1bNS+939O3Bgf6ZNe4auXbty5MhRNm3azLFjNvr168sllwyr9L5A+aRO9e9f2dRIg/j4OGbPnsmAAQMAE5s2bebw4UzatTuHm2++6Q8d3zDK1uAaNMjdrwfZuXMXpaWlNGnSqMq+u+aa0TzzzJM4nfY/dX5XVV5QcIyoqGhEREREREREzjQmo+IwlXrgcDhYuXIFXbt2OGkLWlssfgQFhQJQXFyI01nqVR4QEIjVGggY2Gz5+PsHYrWWjVay2fIxmcBisRIYGAJAYWE+LpcLi8WCv38QFosFl8vAbi/Gag3EbDZjt5ccX9gbLBYz/v7BFbYLwGy2lNvORGhoBAAlJYXY7aX4+f1ep82Wj3tNqpraazZbCQgoOzaUjWSy20uw20u9tgsICD6+3pe53PENQkIiqu0ni8WM1RqEn58F9yggu70Uu7241rj8/AKwWv0xm82euFwuB6WlJccTfZX7t6w9fvj7B2I2WzCZwOUyMAwHpaWlnlFL7pjd/WY2mwkOLltrq6joGC6XA5PJQnBw2PHXCnA6nZhMZWt0+fsHYrH4eUbFuVwuHA47DkcJhgHBwWGYzRYcjlKKiwsxmcDfPwirNQCXy0VRUX4t/erCZDITEBB0vB0mXC4Dp7OUkpLik3qjAvfjjz9uZ+DACz39LSIiIiIiIuJL3De2OxE+kcACSElJYf/+FDp0ONuzOHjZQtjej+41f1SucpX//rht2w5atDiLli1bIiIiIiIiIuKL/kwCyyfWwAJo2bIlKSl7yco6QmxsA8ouzl1VPLqnTalc5SoHE4cPZwImJa9ERERERETkjOVTc40GDBjIzz/vAPBa68f70VC5ylV+/LnL5eSXX3aSlDQAERERERERkTOVz0whdMvMzOSnn7b8//buPD6q6u7j+PfOTPaELJOEPewRkoAkUFZF9rRVFn1qC4gFLaKgVkRQEahbHws+FF5u5UFsxSoitmqBFlEEAQEJWPZFExJA9uz7MpnJ9A9gJEgCZZsb+Lz/uZN77jn3d4Y/yOubc+5Vx47x3i4FMDW3262dO/cqKamz7PZIb5cDAAAAAECtLmcLoalWYElSdHS0EhOTtHr1BmVlZZ9eceLmyJHjWceTJ7P05ZcblZjYifAKAAAAAHDdM90KrLOtWrVShmEoPr6Nt0sBTGPPnlQZMtSnb39vlwIAAAAAwEW7Lt5CWJP09HRlZKTL6axUcHCggoODFBISrODgQBnGD29l48jxejwWFharuLhURUXFKikpk81mU+vWbXhgOwAAAACgzrmuAyxJcrlcys3NVV5ernJycpSfny8fm4+ysrO9XRpw1URHRclR6VBYWJjsdrvCwyNkt9tlsZhu5y8AAAAAABd03QdYAAAAAAAAqNuuq4e4AwAAAAAAAGcjwAIAAAAAAICpEWABAAAAAADA1AiwAAAAAAAAYGoEWAAAAAAAADA1AiwAAAAAAACYGgEWAAAAAAAATI0ACwAAAAAAAKZGgAUAAAAAAABTI8ACAAAAAACAqRFgAQAAAAAAwNQIsAAAAAAAAGBqBFgAAAAAAAAwNQIsAAAAmNpDH32rRz5JveT+3V77Rm+lHLvk/juOFavj7M0Kn75OT/5zv55enq6R7++5YuMDAIALI8ACAAA4x0/nb5cxebX+svl4tfN7TpTImLxawVPXXPY9iitcMiav1sHc8sseC1fXc59naFBcpPJe7KWX72itIfGRGtW5obfLAgDghkKABQAAcB7togM1P+VotXPzU44pLjrwmtZR6XJfkz6o2YHccsU3CPL83L1ZqAbERnixIgAAbjw2bxcAAABgRoPiIvXONye0+0SJEhoEqcJZpfe2HtfUfi00/bN0z3WZxQ5NWJKm1fvzZBhScmyEZg+OVUTgqV+zXl1/WHPWHVZeWaX8bBaNTGqgPw5qo37ztkmSes/dKpvV0IkqE0oAABAGSURBVEPdG2vSbTHqOHuzkm+KUMr3hTpZ5NALyS0VEeijZz5NV2pWqWwWQ7e1CtNrQ29Sw3q+kqQJS9J0tKBcVouhPSdL1L9NhOYMblNtPvllToX/bp1m/ryVluzJVmmlS43q+enNX7RV41A/SadWhU1dka4lu7NVVOFU9+aheuPOm9Qs3L/WuUjS1qNFmrg0TTuOFSsi0Kb7uzTS032ayWox5HC59egn3+kfe7JU4axSeICP/vdnrTQisf55v/v5Kcf0h9UHlVtaqUFxUbIYUojfD393zcgp08Rlafr6UIFsFkN3tY/WzJ+3VqDvhf82e6SgQg/8bZ++OVwkh6tKCQ2CNXtwG3WNqXfe62+evVnfZpZowpI0TVuRob8Oi9PSvdk6kl+u90bEX/b4AADg4hBgAQAAnIeP1aLRP2mo+SlH9cqQWH20K0vtGwarTWRAtet++e5uhQfY9O2T3eRyu3XPwj26d9Ee/es3Nys1q1RP/Std2x7vorbRgSpxuLTnRIkkadWDiQqZtlZrxiWpeYR/tTE/2pWlr8Z38gRU6zLy9erQWCU1DlFRhUv3Ld6r8R9/q09Gd/D0+ceebK0Zl6SezUNrndfXhwq0dnySbBZD01Zk6Jfv7taGRzpJkn79wV45XFVK+W1nhQf66NnPMnTngp36ZkIX7c+ueS45pZUaMG+bJvVups/HJiotq1S3/3mHfK0WTe4dowVbjmvz4UJ992R3hQXYdKLIobwy53nrW70/TxOXpunTMR3Vo3moFm07odGL9+nBbo0lSSUOl/r8/1aN6txQi+5JUGmlS8Pe262nl+/Xq0NjL/jvWuV268FujfX3X0fIx2rRzC8P6c4FO5U+pYcCfH4cgO2Y2EUJs1I0rX9zDet4KnBbujf7io0PAAAuDv+LAgAA1OCBro20cOsJlTur9OamoxrbtXG19oycMq3NyNcrQ2MVFmCTPdBHfxzURsu/zdHxQod8rBa53W5tPVqkgnKngnyt6nIRK3HGdGnkCa8kqVfLMHWNqScfq6GIQJueG9hCq/bnVevTr3X4BcMrSXritmayWQxJ0lN9mmnjoQKlZpXqSEGFPtmdpbl3tVX9EF/5Wg39/qctlZZdpt0nimudy5Ld2QoLsOnpPs3kazUU3yBIk3vH6K3TWzD9bIYKyp3afqxIDpdbDUJ81a6GrZhvbzmukUkNdEuLUFkM6Z6kBtVWL32yO0s+VoteSG6pAB+L7IE++v1PW+m9rScuOHdJignz19CEKAX5WuVrNTS9f3OVOFzal1lyUf29PT4AADcqVmABAADUoJU9QB0bheilVQe150SJ7mofpZWpuZ72wwUVslkMxYT9sIKq1ekVWofzy9Ulpp4+GJmg1zcc0di/71P7BsGa1r+Fbm9nr/W+Z7b0nbEvs1TTV6Rr+7FiVTir5HZLRRUuVTir5GeznLdPTc4OxkL8rAr2tepIQYV8rIYMSQPe3Fbt+kBfi44XOtThpuAa53K4oFwt7QEyjLO+u8gAHc6vkCSNTGqgzOJKTVyaprTsMvVtHa6Zt7dW2/OEWEcKynVHu8hq51rbf1j1diC3XCeKKtT25U2ec1VutyzGqS2QwX7WWudfVOHSlOXp+iItVyUOl6yGoRKHS1nFlRf87i7G1R4fAIAbFQEWAABALcZ2a6xh7+3W472aesKiM5qG+slZ5daRggo1OR0gZeSUnWo7HWoNTYjS0IQoVTirtOCb47rrnZ3Kfr6XrGenPec4t2n4e7t1R1yk3h0erwAfi7YfK1binM1y19KnJvuzy9TqdCB0ssihYodLTUL95H96e9tX4zspKtjnvH1rmkvTUP8fvU0xI6dMTcNOfSdWi6HJvWM0uXeM8sqcmrQsTfd/uFcbH+n8o3s0CfXXiSJHtXMnihxq7Xfq19Zm4f5qHh6g3ZO6XtyEzzF9RYbSsku1/uFOigw6Nc/w6evk1pV58P3VHh8AgBsVWwgBAABqcWdClD4f21FT+jb/UVtLe4B6tQjTxKVpKih3KrfUqUnL9utnN9nVsJ6vUrNKtTI1V+WnV0pFBfnKkGQ1DAX6WlTPz6rvskovWENeWaXi6wcpwMciZ5Vbs9d+f8nzefGLAzpZ5FCpo0oTl6WpW0w9xUYFKibMX0PiIzXmb/s8K6fyypz6cEemnFXuWucyJCFSOaWVmrX2ezlcbu3LLNX/rflev+nSSJK0Jj1PO44Vy1XlVoifVaH+Ns82xnON6txA7/77hI4WnKphy+HCatslh8ZHqajCqec+P6CiCpfcbun7/HL9s5bnUp37XTYP9/eES/M2HVV++fmfx3Uprvb4AADcqFiBBQAAUAsfq6H+bSJqbF98b4IeX5qm2Jlfy5ChgbERmn36DYDlzipN/yxD32aWyGIYah7ur49GdfC8LW/m7a11/4d7Veqo0oReTfXsgBbnvce8X7TVE0vT9Or6w/K1WjQssb7evchnPp1rdOeGuvVP/1ZmsUPdm4Xqb79u72n76/B4vbDygHrP/bcyiytlD/TRba3C9D/to2qdS6CvRZ+PTdTEpan6/RcHFB7go/t+0lATb4uRJB0rdGj8x9/pSEGF/KwWJTUJ0fy72523vv5tIvTcwBZKnr9dUcE+ignz190doj3t9fyt+vKhJD29PF03zfxaJadXkI3+SSPdEXfh+T87oIVGfbBXSXM2K8jXqjviIhUTdnHbLy/G1R4fAIAbleF2u1nPDAAAcJ3LL3Mq/HfrdHhaT892RwAAgGupsLDwkvuyhRAAAAAAAACmRoAFAAAAAAAAU2MLIQAAAAAAAK46thACAAAAAADgukWABQAAAAAAAFOzebsASVqzZqW3SwAAAACuqt69B3i7BAAA6ixTPAOrtLTI2yUAAAAAV1VgYIi3SwAAwKt4BhYAAAAAAACuWwRYAAAAAAAAMDUCLAAAAAAAAJgaARYAAAAAAABMjQALAAAAAAAApkaABQAAAAAAAFMjwAIAAAAAAICpEWABAAAAAADA1AiwAAAAAAAAYGoEWAAAAAAAADA1AiwAAAAAAACYGgEWAAAAAAAATI0ACwAAAAAAAKZGgAUAAAAAAABTs3m7gEtVVVWl5cs/1aefrlBGxgFVVlYqKipSXbt21X33jVJoaKgkad++fXr//Q+0c+cuFRYWKiQkWAkJCRo+fJjat0/wjHfffWOUnp6uAQP6afr0aZKk/PwCDR48VJI0deozSk4eoKKiIt1++2BJkt1u18KFf1VgYKAk6e67h+nkyZN65JGHJUmvv/5GrXOYMeMluVwuTZ063XPOarUqLCxMHTq019ixY+Tn56fRo+9XYWGRkpMHaurUKZ5rn3jiSW3ZskXR0dF6++23FBIScrlfKwAAAAAAgOnUyRVYTqdTzzwzTS+/PEu7du1WcHCwEhLiJUkff/yJjh8/Lklas2atxo9/VGvXrpPbXaX27RNkGBatX79Bjz76mFau/OKy6sjJydGiRYvP22a3Rygurp3i4tqpWbMYz/lWrVp5zgcHB1frk5SUqJtv7qCCggJ9+eUaPfvsC4qMjNTEiY9Lkj777HOtX79BkrRkyVJt2bJFkjRlylOEVwAAAAAA4LpVJ1dgLVv2T23c+LUkacyY+3XvvSNlGIYkKTU1VXZ7pMrLyzV79hy5XC7Fx8dp1qyXFRQUpLKyMj311BRt375Dc+a8op49e3hWUP23DMPQ4sUfavDgOxQVFVWtrV+/vurXr68kKSUlRZMnPy1Jeu6531ULtL76ar3n86RJE9WkSRMtWPCO/vKXBUpLS5PL5VLfvn20YcMGrVy5SrNmzVZ0dJTmzp0nSfrVr+5Wp05Jl1Q/AAAAAABAXVAnV2CtXbtOktSkSeNq4ZUkxcbGym6P0N69+5SfXyBJGj58mIKCgiRJAQEBGjlyhCSpuLhYu3btuuQ6kpMHqry8XPPn//mSxzhXeXm5Dh8+LElq2bKFrFarJGnChMcUHR2t3NxcjRv3iEpLS9WyZQs98MCYK3ZvAAAAAAAAM6qTAVZOTo4kqXHjxtXCq7Pl5eV5PkdHV18dVb9+g7Ouy7/kOvr376fY2FitWPGZUlNTL3mcM0aMuFcDB/5MK1euUkJCvF588XlPW0hIiKZMeUqSVFlZKZvNpmnTnpGvr+9l3xcAAAAAAMDM6mSAZbfbJUlHjx6t8ZqwsDDP58zMrGptmZknPZ/Dw09dZ7Od2k1ZWen0tFVWOjyffXx+vNvSMAw9/PA4SdIbb8y96Pprcuutt6hVq1aSpNTUNM+zvM7o1ClJcXHtJEndu3dT69atL/ueAAAAAAAAZlcnA6xevW6VJB05clQLF74vt9vtadu/P105ObmKj49TaGg9SdLixR+qtLRU0qktegsXLpIkBQcHq3379pKkRo0aSpK++y5VDsep4GrHjp2ecRs2/GHV1tkSEzuqZ88e2rZtuzIzMy9rXuPGPai3335Lt9zSUw6HQy+9NFPl5eXVrjmzpdBiqZP/dAAAAAAAAP+1OvkQ98GDB2nTphRt2pSiefPma8mSZWrcuJGys7N16ND3evPNubLb22rixMf1/PMvateu3Ro+/B41b95cBw8eUl5engzD0GOP/dbzAPchQwZrzZq1On78uEaMuFcNGtTX3r37JElxce3Utm3bGut56KEHtWlTilwu1xWZ37hxD2njxq+Vk5Ojjz76WPfcM+KKjAsAAAAAAFAX1cllPDabTTNmvKQnnnhc8fFxKiws1M6du+R0OnXnnUPVsOGp1VR9+vTWn/70um699Ra53W7t3LlLbneVevTortdee0XJyQM8YyYlJWrGjJd0880dVFxcrD179io8PFyDBw/SjBl/qPFZW5LUrFmMhgwZfMXm17RpEyUnD5QkLVr0gYqLi6/Y2AAAAAAAAHWN4T57/52XlJYWebsEAAAA4KoKDAzxdgkAAHhVYWHhJfetkyuwAAAAAAAAcOMgwAIAAAAAAICpEWABAAAAAADA1AiwAAAAAAAAYGoEWAAAAAAAADA1AiwAAAAAAACYGgEWAAAAAAAATI0ACwAAAAAAAKZGgAUAAAAAAABTI8ACAAAAAACAqRFgAQAAAAAAwNQIsAAAAAAAAGBqBFgAAAAAAAAwNQIsAAAAAAAAmBoBFgAAAAAAAEzN5u0CJGnz5k3eLgEAAAC4qnr3HuDtEgAAqLMMt9vt9nYRAAAAAAAAuL4VFhZecl+2EAIAAAAAAMDUTLGFEAAAAAAAADeWUaNG1dj2zjvvVPuZFVgAAAAAAAC45s4NqWo7T4AFAAAAAAAArzg3rKop1CLAAgAAAAAAgNecCa1qCq8k3kIIAAAAAACAa4C3EAIAAAAAAOC6RYAFAAAAAAAAUyPAAgAAAAAAgKnZvF3AjeLIkSPasGGDCgoKvF0KAAAALkNoaKh69Oihpk2bersUAABuGARY18iBAwfUuXOS/P39ZRiGt8sBAADAJXC73XI6nTp48CABFgAA19B/ACOZ5ii9RfMcAAAAAElFTkSuQmCC' height='250' width='300'/> ]]>
  </system-out>
</testsuite> <!-- com.tribu.qaselenium.tests.apimazaprendo.MACreateF2FCourseTests -->
