<?xml version="1.0" encoding="UTF-8"?>
<!-- Generated by org.testng.reporters.JUnitReportReporter -->
<testsuite hostname="station" failures="0" tests="1" name="com.tribu.qaselenium.tests.mazaprendo.MAPerformCourseTests" time="98.562" errors="0" timestamp="2022-01-24T10:37:49 COT" skipped="0">
  <testcase classname="com.tribu.qaselenium.tests.mazaprendo.MAPerformCourseTests" name="performCourse" time="98.562"/>
  <system-out>
    <![CDATA[ <img src='data:image/png;base64,iVBORw0KGgoAAAANSUhEUgAABLAAAARMCAYAAACJcWqtAAAAAXNSR0IArs4c6QAAIABJREFUeJzs3XlYVGX/BvB7mGHYdxFREREXcCN9FcPE3dLe3C0tlzcrlzSz3jRcKi1zK9NMLePXmxtaauRebqiJO27gvqAiAgLKMuzLzPz+mObEMDuyDHp/rmuumOec85znzBwz7p7ne0RKpVIJIiIiIiIiIiKiKiSTySp8rFUljoOIiIiIiIiIiKjSMcAiIiIiIiIiIiKLxgCLiIiIiIiIiIgsGgMsIiIiIiIiIiKyaAywiIiIiIiIiIjIojHAIiIiIiIiIiKiGrVz506D2xlgERERERERERFRjVGHV4ZCLAZYRERERERERERUI8qHVvpCLAZYRERERERERERU7fSFVbraRUqlUlnVAyIiIiIiIiIiomebTCar8LGcgUVERERERERERBaNARYREREREREREVk0BlhERERERERERGTRGGAREREREREREZFFk9T0AIiIiIiIiIiI6Nlx4cIFk/dt164dAM7AIiIiIiIiIiIiC8cAi4iIiIiIiIiILNpTs4RwwsLf8L8dp/VunzoiFN98MAC4fx7KVYP1d+ToCdEnMYBIVAWjJCIiIiIiIiIicz01AZbJfNoBjp5Abrru7bnpwJ1TgH9I9Y6LiIiIiIiIiJ4aCoUC+fn5KCgoQGFhIYqKigAAUqkUdnZ2sLOzg62tLSSSZy+aqYhn71MSiYBWfYDTm/TuoozdCREDLCIiIiIiIiIyg1KpRE5ODrKysoTAqvz2wsJCFBYWIjMzEyKRCFKpFK6urnB2doaIq8H0eiZrYImCBhje4coBQKmsnsEQERERERERUa2Xn5+PO3fuIDU1FYWFhVAqlSgtLUVeXh6Sk5Px+PFjFBQUQKFQCMcolUoUFRUhNTUV8fHxKCgoqMErsGzP3gwsAGjyPJcREhEREREREdETUyqVSE9Ph0wmg/LvyTAymQzHjh3D2bNncfPmTeTn56NevXooKipCYGAgXn75ZbRs2VJjxpVSqcSDBw/g4uICT09PzsYq55mcgSUsIzRAGbuzmgZDRERERERERLWRUqlEYmIisrOzoVQqoVAokJGRgbCwMCxcuBD79u1DWloarKys4O3tjczMTGzfvh0TJkxARESExmwstezsbNy/f18Iw0jl2ZyBBdUyQqWBOli4cgAYvIBPIyQiIiIiIiIiLerwqmytq/j4eCxatAiXL1+GVCqFn58fAgIC4O/vDxcXF/j6+iIlJQW3bt3C+vXr8fjxY0ycOBG2trZCnwBQVFSEhIQE+Pr6cibW357ZAIvLCImIiIiIiIiootLT0zXCq+zsbHz33XeIi4uDWCxGmzZtEBISAi8vL9jZ2cHGxgbOzs5wd3eHt7c3bt68iT179sDDwwOjR48W+lEHVsXFxUhPT+dywr/V2BLCoKGfGHzdeaAnWKosXEZIRLXAqzM3QBwShiUb/9K7z7yfoyAOCcPoub8KbeHbT2NLVJxJ53jryy2w6TITj7Pzn3i8Ve3DZTvhN3ih8N6c6zTV4g1HcODMrUrtk4iIiIieLvn5+cjOzhbeK5VK3LhxA1evXoWVlRXat2+PkJAQuLi4wNraGg4ODnB0dISzszNcXV3h5OSEevXqITg4GKdPn0ZmZiYAaARVIpEI2dnZKCwsrPbrs0Q1NgPr2t1kg9uLSkqqfAxcRkhEtcXa3WcxbWQ3rXalUon1f5zVat997Co8XR3xWq+2BvstKCrB74cvo1SuwOaDsZg0tHbNOjX1Os2x5WAs8vKL0Ce4WaX1SUREREQVU1hYiN27d+PQoUN48OABHB0d0a5dOwwbNgx+fn41MialUomUlBSttsjISMhkMjg5OaFp06awsbGBRCKBtbU1bG1tYWdnB7FYDLlcjqKiIuTl5cHKygpZWVlITk6Gm5ubzvMlJSXB39//mZ+F9ewuIQRMW0aYeAFo1L56x0VEVEYdVwdcu5eGM1cTEdzSR2Pb0Yt3cScpA3XdHDXady4Za1LfO45eRUFRCYZ0b42IP8/XugDL1Os0x7l1Uyu9TyIiIiIy34MHDxAWFobnnnsOU6dOha+vL/Ly8nDmzBnMmjULw4YNw9ChQ6t9XLm5uVAoFBqBklwux+nTp6FQKODo6AiJRIIbN24gNTUVHh4eaNasGQICAmBtbY2cnBxcvnwZsbGxsLa2ho2NDS5duoTWrVsDgFbxdqVSiZycHDg7O1frdVqaZzvAUi8jNDALS3lxJ0QMsIioBnUIbIgbCelYu/usVoC1dvdZBDXzhrODrUZ7yNsr0bCuC7YuHA1DIv48hx7/8sfY/h3R/6M1uJX4CM186gjbvV+eh7f6d0R80mPsOX4NNlIJ3vx3Byye/DLEYithn2E92+D2g8c4evEOzvz8Plo18cLmg7GYvyZK6HPR5JfxcucA4ZjxgzohO7cQEfvOw0okwqu92mLZBwMgtRYDABQKJT4L34fw7adRUFSCV14IhNRa86+tstd5LPYeuk38Qed1xkZ8iNb+9aBUKrH0l2j8EHkSKY9laO7jic/Hv4gBoS2FfZsNW4zeHZvhh7AhQpuhayEiIiKiypeXl4dp06Zh8uTJCA0NFdptbW3Rr18/hIaGYurUqXB3d0ePHj2qdWzq5X5lJSYmorCwEBKJBE5OTkhPT4dUKkVQUBAKCgpQUFCAR48ewcHBAXl5eVAqlWjRogUkEgnu3r2LW7f+KWEhEom0QqyMjIxnPsCqsRpYlkIUNMDwDrG7AT66kohqUFFxKd58pQN+2X8RhUWlQntufhF+OxSHsf07oqi41EAPuqVn5mH/mVsY1K01endsBid7G2zce15rvyUb/0KLRp74beEYvPnvDlj2SzQWrj+ssc/qbafg5mSHhZNehqebAzb8eR5vfLoJA0JbYu/yd/B860YY9PE6XLjxz/LxJZv+QlFJKTZ98QamvNYFq38/hf/tOiNsX/rLUSxcdxjvDAhG5KIx8Kvvjo37Lui9nueaeeP0z1OEV/SPk1DXzRFt/OuheSNPAMAX/zuIz8L3YcZ/euDgivFo6VcXr87cgMvxD/X2a8q1EBEREVHl2rJlCzp27KgRXpXl6OiIL774AqtWrYJcLq+2ccnlchQXF2u1Z2ZmQiQSQaFQoEGDBmjYsCECAwPh5eUFPz8/2NraQqFQQKFQID09HYWFhfDz84NEIoG3tzfy8/MhEomEWV3l/1lSUoLSUuP/zf/b79vQpHlLg69pYTMr8ROpPs/2DCygepYRJl8DCnL+eW/nBNQPNK+PjAdAZrlfluoHAHYmJLDxpwGUWyvrVh9wb2j82PJjN1dFrrWc2OvxkOWoiku3aeEHV2dHI0eoJCSl4n5ymt7t2Tm5cHFyNLnPo2fi9K45TkhKhW8DLzSqXxe+DbyM9pUly8WlG3eN7ldeaMc2evup6Gej7zhD11uWOefVJ/Z6PPYcOoWjZ/4pxu3i5IigwCYYObC3SZ/p06ywuBRv/rsD5v7fAfx+5BLeeKkdAGDzwTiUyhUY+VI7rNkVY3a/vxy4CLlcgYFdW0JqLca/XwhAxN4LmDvuRY39Rvdrj8/Hq9peer450jPzsPzXY5g5pocwC2tAaEtsmvcGANUU55nf/4kRfYLw5cS+AIDQID9EX7yHFVuP4edPXlP11amFMMvpxU7NsfPoFfx1/g7eHRKCUrkCX0f8hbf6d8SCSf2EfR6kZSM6VvefHUd7G3QI/Offax+v2IOs3ALsXzFOmNX158kb+Oj1rnhnQDAAIKhZfWw9dAl/nryB1v71tPo09VqIiIiIqHJFRUXhs88+M7hPgwYN4Ovri+vXr6NVq1bVMi51QfWyAZNCoYCbmxvEYjFKSkpgb28PsViMU6dOoaCgAA4ODqhXrx4cHBzg7e2N3NxcFBUV4eDBg5DL5WjUqBEeP34MuVyu0W/5mVj5+flGZ2ENGzIYAPDxjNk6tw8ZPBBLFi/Uuc3SMcCqhmWEyu3zgTtlfrm0dYLov9tNC5DUffw6Q7MPAKJ31wP+nQwfGH8ayh/GaLfXD4DovzuMn7f82M3VpCNEkyIqfjyAvv8JgyxXFWDNmvQGZk8eZdJxEdsPYMH3Bor0l9Gofl38OP+/6BqsvxB0v7EzTOrLxckB740ZhEmjBuoNduKu3zG5v7Lyrvyht5+2AU1wMnKlSf2U/Wz+XLNI53WbM762AU0walBvjBzY26wwa1fUSXy86Ee9QePuQycxf9VGhHZsg1mTRhr8fp5mhcUlaFjXBS92aoa1e84KAdbaPTEY1LUV3J3tUVRi/v91ivjzPELa+MK7juovwcHd2+DXA7E4HncPL7RtLOzn5mSncdzg7q0Rsfc8ktJlaFTPFQDQpL67sP3avTSkPJJhSI9/AlcrKxFCn2uMk5fuC23+Df45BgDqeTghLTMXAHD/YRYeZeVhQNeWGvt4uNibdG1HL9zF0l+isWhyP7QpE0yd+t97GvvZ21rDw9keGXqewGjqtRARERFR5UpKSoKvr6/R/fz8/HD//v1qC7AKCgq02kQiEXx8fODq6oq0tDRIpVI4OjqiYcOGSEtLQ506ddCmTRuUlJRAoVDA19cXvr6+sLW1RUFBARo0aICSkhLcv38fdnZ2cHBwgIODg9aEgqKiIpPGqC/Eqs3hFcAlhAAAUauXDO9Q2csIC3Og3GnGTRPze4VDJOXRdbo3JF//e2aWZduw7YAQXgHAqg07kCXLrfTz3E9OQ7+xM9D3zbAn7j87Jw/zV21EyND3EHs9vpJGaFzc9TuYMHtptZ2v/Lk/XhSOli+Oxa6ok0b3z5LlYsLspRjx/jyN8KpLhzYaL7XomEvoN3YGFny/sUrGb+mK/w6n3uofjENn43H/YRZuJT7CibgEjO3fEQBQUmpegHUjIR3nrj/AoG7//EXfL6QFbG0kiPhTexlhWZ5uDgCAhxm6Z2eqQ6jXZkVAHBImvP63MwaZOdp/4Zel/j9MDx+r+vZydzLtgsqQ5RXizXmbEfpcY/z39a4a29Iz8/D+NzvgP2QRbENnQRwSJoy3sq+FiIiIiCrOyckJeXl5RvfLzc2Fra2t0f0qizpEUv93q0KhEH7u1asX/P39YWNjA5FIhHbt2mH48OHo27cvXFxcoFQqIZfLYWVlBRsbG3Tr1g29evVCnTp1kJubi6+//hqbNm3CxYsXkZ6ejqKiIigUCuHcupYu6jNsyGB8tWi+8L62h1dALZiBNXvlDtxJeqR3++Th3dHlOf8nO0nTztX/NMLLB1UBkrEZVAUyKHcsqNg5Mh4AV6L0blYeXQeRsfPXsPmrVIGFj3ddJKakITsnD7uiTmL04D5m9aNvllHs9XjEXbuD+as2IjElDdExlzB/1UZ8PXOC3r66dGiDfesWa7VnyXIRHXMJK9dvx7Gzl1Sh2JszcHX/GoOzksyZVWZMxPaD6NKhjdmfjyH6rhdQLTOMu34HEdsP4NKNu8jOycOI9+dh0qiBBj/D4VPm4djZSwAAZ0d7zJ48CqMGac/eSkhK1ZgtNn/VRmRm5xrs+2mkzs8HhLaEu7Md1v1xDoVFJfDxckXvjs3+3se8kD3i71pXYSv/QNhKzZl9W6Li8O2HA2Aj1f1XRFqGKtTxctd9XzvZ2wAAwmcOw78CGmhss5aITRqfdx1VcPVYz8woQz5YthOZsgIc+X4irKw0/69V/2lrIBFbYdO8N9DcxxN2NtbwG6z/L/LKuBYiIiIiMl/79u0RExODl17SP+FELpfjzJkzGDduXLWNq6ioCEqlUphNVVhYiNzcXGRlZcHOzg7+/v6Qy+UoLS2FWCyGnZ0dpFIpsrKyUFpaCrlcDolEApFIBFtbWyiVSpSWlqJx48bYunUrbt++jYSEBLRv3x5NmjSBj48PvLy8IJFIhOWLpho2ZLAwG+tpYPEB1oFT13DhRqLe7a+EtnnyAEssrZGnESp/nalaSmigjpXy6DqgsGI1qJTRemZfqV2JUoVcZixlNJeo65sVPnZX1Ekkpqhm53w9c4IQDC34fmOlBTRBAf4ICvBH/14h6PtmGC7duIvvI3aga3Bb9O8VYlZfrs6O6N8rBP17hWD+qggs+H4TsnPyMH72UmxZYXjtdmWa+MkytA1sgqCAJ/xzYYKuwW3RNbgt3hszCLuiTmL8rG8gy83H9xE70Dagic7vafrCH4Xwqk0LP2xe8ZneGle+Dbwwe/IovNIrRFhKaqjvp53UWoxRfdtj3Z6zKCopxdv9O2oFNKZQKpXYuO8CXmjbWKgvpRZ7Kxnvf7MDe05cx5Duqsf45uRrTlXedewq6rg6oKGni87+WzepB2cHW9y8n463B3QU2pPSs4VAyJhGXq6o6+aInUevoF9IC6Hd0GwpANh25DLW7TmHtZ8NF5Y3qj3KykPM1URsmDsCnVo1AgAUFpWi0EAB/Mq4FiIiIiIy3+uvv465c+ciNDQU9va6y0hs2bIF7du3h4eHR7WNSy6XQyaTISUlBTdv3kRycjLOnz+PpKQkdO3aFS1btsTVq1fh6OiIrKws2NrawtnZGUqlEnFxcXBzc0NGRgaCgoLg5uYmhF8uLi7Iz8+HQqHA1atXkZaWBhcXF/j5+SEkJATNmjWr1uu0RFxC+LdqX0YIAJlJ+pf4Aapw6YBpNY20FMiAmG1Gd1PuX2Fwu2hSBERLbuh/zYtRFZPXdezwhUDr3hUaPgCsXL8dgGr2Vf9eIXhvzCAAquV+G7YdqHC/urg6O+LHBf8V3pctJl4RsyePgo93XQDAnkOnnqgvU7Vp4Sf83O/NGVWy1NKQ/r1CsLfMTK2wxeFaY0hISsX3Earaa86O9ti7drFJBdqDAvy1+n5WvdW/I+4mZyA5XYY3X+lo/AAdjsXeQ0JKJt4dGoIuQY01Xu8OCUEDTxeNZYRrdp/F1xF/4URcAub+336s/+M8PhgRKhRwL89GKsHccX2w9JejmP3DXhyLvYctUXF4Ydz3+PJn/bNCyxKLrTB9dHf8344z+GT1Xuw/fRMzVv2BzQf1/9lMy8zFhEWR6NjSB2386+HizWTh9Tg7H+7O9vCu44zFG45ga1QcNu67gJ6Tf4QsrxAFRSVVdi1EREREZL4WLVpgwIAB+OCDD5CamqqxTaFQ4Ndff8WqVauQkZFh1tK6J5WXl4fbt2/jzJkzOHv2LKKionDnzh08fPgQ8fHxEIvFsLKyEoIpmUyG3NxcSKVSBAYGomHDhvDy8kJBQQEyMjIgk8mQk5OD5GTVQ9vUAVlaWhqSk5MRFxeHAwcO4MqVK9V6nZaIAZaaehmhPuplhJXtwEpVUKWD8lfzi3wLYn7XnrkVOgawLbfk53KUKuyqIOWO+ap6WuV1GAR0HFLhfo+eiRNm6cyePBKAKiBRh0IbdxyscN/6BAX4w9lRlezHXb/zxP11Df6nhlNCUqqBPStH/14hGDmwFwBVHa6KFIl/UkEB/pg16Q1hDBHbNb8ndSgJAF/NmGBWwfegAH9MGjVQ6LuyQ8zaorV/PXRs6YMe//JHY2+3CvUR8ed5uDrZCTOsyrKyEmHsKx3wx4nrwvK9kX3bIe52CgaHrcOKrSfwwYgu+HhUN4PnmDq8C36cMRTbj15Br8k/Ytry3RjVtx3mTTDyPwvK+HBEF8z8Tw/8uO00hs5Yj7vJGZg6/AW9+5+IS8Dj7HzEXE3Ev/6zXOO1NSoOVlYi7P5mLFwdbTF23hbM/mEvRvVrj3Yt6uPaPf1PLK2MayEiIiIi873++usYPnw43nvvPUyfPh2rVq3C4sWLMXz4cNy7dw9dunTByZMnMWPGjGoLd+zs7GBjY4OGDRtCKpXCxcUFcrmqHu2FCxdw7tw5PHjwAKWlpUKAJZPJkJiYiEuXLiE2NhYPHz5EXFwcUlNTkZ2djdTUVOzYsQPFxcVCTa2ioiIUFhaisLAQ8fHxuHz5MiQSi19EV6We7asvy5RlhFf2V/oyQgBQbp4J0bsbNBsvH3yip//pWj4oCv0PlAUy4Ow/IQIKc1S1sF6aYv45dszX7EutSUeIRuiumWSqiO2qcMLZ0V5jKd/sySMx8ZNliI65hKNn4ir9qXS+Dbxw6cbdSgmcys4sSkhKNWmm0ZMKX/AR4q7fwaUbd4Wi7j/O/6/xAyvR5NGDhJpVqzZsF2bOAZrfa0WWAL43ZpAwg2vXIfNrodVGWxeO1mor/yQ9ALj1W5jG+5M69lH7ceZQ/DhzqN7tn49/EZ+Pf1F47+Fsj6/ff0Xv/il/fKqz/a3+HfFWf92zxHQds+ubsRrvRSIR5k14SSso+mZqf+Hnstc5qFsryE8a/nfPc83r46/V72q0TRqquVxYoVBCUm52maFrISIiIqKq06tXL3Tv3h03btxAYmIi7OzsMHHiRLi4uKC0tBSzZs1CdHQ0Pv74YyxevBg2NlVb5sHJyQmXLl3C9evXkZSUhPj4eOTl5UEul6OwsBA7d+6Eu7s7GjduDIVCgdzcXIjFYqSlpcHZ2Rn169dHbm4u7t69i7y8PCgUCuTn56OwsBBWVlZCgKWeyWVvbw+lUonMzMxnPsDiDKwyjC4jvPRn5S8jBID4M6rASu1JCrcDqtlXmcmaba16Ae4NddekOmt8qaHOc0Sv1273DoBo7Pfm91dGQlIqNu5QLc15b8wgjVk6/XuFCLOkVm7QEZ49oUs37gIA2gY2eeK+YsvM4jIUXt1PVhWPN/Yy1d61i4XPKGL7wWqfqeTq7Cg8QbDsEwYTklKFJ0qaW19MzbeBl7BU8pgZnwmRKeIfPMbmg7FITMtGU586NT0cIiIiIvqbWCxGy5Yt8dJLL6Fr165wcVHVYpVIJJg/fz46d+6M06dP47PPqr72sLOzM86ePYuLFy8iISEBubm5wuwvGxsbWFlZIScnR3iKYH5+PoqLi+Hh4YHi4mJcvHgR9+7dg7e3N6RSKYqKipCeno7S0lKIRCIoFAohDMvJyUFeXh7EYjFKSkrg5VX1kyIs2bMd35Vn7GmEj+9V/tMI/6bcsQAi/2DAzllVFyszSXMHW0eg0LSaRsqY37XaROrlfPUDAe8AIKXMsr/MJFUgZeqSv+RrUG6eqd1u6wjR64sMFqU3xfxVEcLPowZpzrBxdXbEqEF98H3EDuw5dKpSZzaVPW9QwJMFWLHX44WAxce7rsExRmw/qLXUTpe8K38Y3QdQfUZ71y1G56GqWXXVWdRdrWtwG2EJqHqmXNlZbU/ynbk4qQLN7Bzjj9QlMkfkkUv44qeD6BPcjLOtiIiIiGoJa2trLFy4EHPmzNGqlVUVHBwc0LRpU1y/fh3FxcWwsrKCWCxGcXGxsAQQAJKTkyGVSqFQKGBvbw9PT0+EhoZCqVSioKAA+fn5SEtLQ2JiIm7dugWJRCL0pVQqoVQqYWtri6KiItjZ2SEwMBCurq5GRvd04wysstTLCA1QXtlfOefqU255j7qgu67C7a16qYInUyRf01566FZfo5i6qOt/tA4z+sRCtYwHUH6vvaQJUBV8N3mcemTJcrH776LnIwf20hl0lF2SVjZ0ehIbth0Qlr05O9pj8uhBRo7Q7+iZOEycvUwIWNQ1vKpTUIA/Vn/5ofC+Joq609Mh5Y9PDS4ffJp8PKo7co98iT1L3+ITBomIiIhqEalUioULF+Lnn3+u8nOJRCK8/PLLkEqlcHV1ha2tLQBV8XWRSASxWCzMpEpPT0dCQgLi4+Nx//59PHr0CJmZmcjOzsbjx49x8+ZNREVFoaCgACKR5tPFlUolrKyshILwISEVW8XyNHn2ZmAlXQKu6X9ylEjqAIOLBC/9CfQNA0TmP7pe4zxd/wPl2XJL/Q6shPJKuZk4to4QDZxlckF35dG12o0dys2sat0b2DFfc0ZX8nUg/jTg30l/5wUyKNdO1i4Oj7+fOPiE4RWgqpmkDn7Kz75S823ghZEDe2Hjjihs3BFlUjHwjTsOCjOCykpISsXRM3EaS902r/jMYH/3k1Ox4PuNOrftijqpUQB+5MBeRus0jRzYS++1PonRg/sgOiYOG3dECUXdT0ZW8KmWZiq7fLLt37PZ2paZ1Rb7BEXy1TO51MskiYiIiIiIqlP37t3RpEkTYRaWQqGAlZUVrK2tUVpaitLSUjg7O6NevXrCEsG8vDwkJSVBJBKhqKgIubm5ePz4MQoLCyEWi2FtbS3M3lLPxFIoFBCLxWjWrBl69uxZw1dd8569ACsxDsoDy/Rv9+sI2DgARXqWJ1XWMkI7Z4hGLILyhzGa7eWf6Bf6JuDe0LQ+Mx7oLKou6jhY69xo3VtrX+XRdRAZCLCUaybpfuJg6JgneuJgWRu2qQK8Lh3aGCzQPmpQH6FO1qoN2zF78iiD/ZqyRM/Huy7CF/zXaGH4+8lpmL9Kd4BV1qRRA/H1zAlG9/Nt4FXpxejVaqqoe9w1VUDl7GgvhIGuzo7w8a6LxJQ0HIu5hCxZrllPIQRUSzMTU1RhY2gVfWZERERERESGiMVizJkzB6NGjYKNjQ1KSkpQWloKpVIJuVwuFF/38vKCRCJBTk6OsB0ACgoKYGVlpTHrqrS0FFKpVKMWloODA+rXr4/PP/8c1tbWNXW5FoNLCLWIgNZ9De5RacsI/Tuplgfq41bfrKcDKmN0FGP/u3h7eTqLuV+JUoVguvr+NUz3UxFb9YJo4GyTx2jIhm0HhHBi1KDeBvftGtxWKOa9asOOCi2Pc3a0R5cObTBp1ECs/vJDXD+4tsJBUpsWfvDxriu8X/3lhyaFV9Whuou674o6WeZ71JxZNnqw6nvNzsnDrqiTZve9av0/oWv/npxCS0RERERENaN9+/Z444034OLiAjs7O4jFYkgkEtjb2yM4OBhubm7w8PCAt7c3vLy84OHhAS8vL9SpUwfOzs5wcnJCaWmpRp/qmVzqJxE+evQI7dq1Q+vWrWvoKi0LAywdREEDDO9QiU8jFA2cpSrQrnObGcFQgQzQUcdKpG9mlLqYezk6a2HF/K5zZhe8AyAascj0MRqhntXk413X6LKgg0/jAAAgAElEQVQ7AEKdKlPCkD/XLELelT80Ximnf8O+dYvx9cwJJp1PrUuHNlp9nfp9FU79vlIIihZ8v9Fiak6pi7qrTfxkGeKu362Sc2XJcvHxoh+F92XrlQGagVbY4nDEXo83ue9dUSeFWXem3iNERERERERVZebMmWjYUDVhxMHBATY2NggMDETPnj3h4eEBDw8P1K1bF/Xq1YOzszNsbGyEGlnqAu0AhJlZyjI5g0QiQbNmzTB//nyt+ljPKgZYujTtrFpGqI96GWFlcG+oWiZYXpOOGoXXjbp8ULs2Vbni7eXpKuaOmG2qMEwt/rTuJw4CQINAIHo9sH+l4ZcJjp6JE2btqGfpGDN6cB9h1pO+mlTVydXZEeELPgKgWmY4YbaBparVrHxR992HzJ/9ZExCUir6jZ0h1BPTVYTft4EXFoeNB6AKHkdMmWdSiLUr6iQmzF4qvA9fUPXLIImIiIiIiAwRi8XYvXs3GjduLBRcf/DgAerUqQNvb284OTnB1tYWzs7OcHFxgYODA+zt7WFrawupVIqSkhKN8Eo980qhUMDX1xeHDx+GWCyu4au0HAywdBFLq28ZIaBaJlhuNpS5M5uU+1doN5Yv3l5e697as78Kc1QzrtT9rpmk//iz26Dcv8LoyxTq2VfmPgFQHXbdT06r8qVxpujfKwSTRg0EoAqJKrJMrqqMHtxHGFtlSkhSFbUPGfqeUMC+TQs/Icwr770xgzByoGrp7P3kNHQeOgUfLwoXirOXFXs9HhNmL8WI9+cJxf0Xh42vspphRERERERE5rC2tsaxY8fwxhtvAFDVsrpw4QLq1q0LV1dXYT9bW1vY2NgIP1tZWQn1rtThl7oQ/OjRo3Hq1CnWvSrn2SvibiJR0AAoz0Xq36GSnkYonG/QLCj3qcIeUevephduB1Szr8o+zVDdZ9ni7cnXoIzZBpF7g3/qYukr5h69/p8aWYVVvwwu9nq88ITA/r1CzCrsPXn0ICz4fhMA1ZMGLWFZ2ezJI4U6UBNmL0XbgJVaM5HKith+ENEx2k9I1GXkwN5PdI1fz5yAuOt3dD6RUZ9LN+6g75thOrclJKVqPMFRNcZe+GqG4fpf4Qs+gm8DL+G7W7VhO1Zt2A4XJwfhaYXlPxNnR3t8NcO85Z5ERERERERVTSwWY8mSJRgyZAjGjBmDmJgYdOnSBRKJRFj+p1AohOLscrkcDg4OEIlEEIvFsLGxgUQiga2tLTZt2oRu3bpx2aAODLD0US8jrOqnEar5d4Jokv4nABqiPLpWu7Fs8faMB1AuVc1qUgLA7dMQjf0egKqYu7J8favMJNUsrEp6sqAxZQtzG3uaYHmuzo4YObAXNu6IQnTMJRw9E1fjs3NcnR2xeeWn6Dx0CrJz8jBh9lLsXbtY7/73k9O0QiB9Qju2eeLxbV7xKZ4f8p6wZNOY7Jw8kwK2Lh3a4L0xg9C/l2nF1WdPHoXQjm2xcsN27Dl0Su+5nB3t0b9XCGZPHmUwCCQiIiIiIqopIpEIL7zwAq5du4bIyEjk5ubCxsYGhYWFkEhU0UtJSQlEIhEkEgkcHR3h6OgIa2tr+Pn5Ydq0aXjttdeEWVqkrcYCrEE9DQc/zg52AICewS3gW99D734+9dwBAO1bNEBGd/2V+YOa1Vf94NHI8PJAr+aqf4qlwAtvAfd0PHlPLf2OaQFWg0Dj+1SkDzvnf+pVNemosUmjvtXlg5rHXYn65+f6gUCHQUBGksYuyowkiHT0W9myZLlISEpDlw5t0DagSYUCitmTRyEhSRXGRMf8E2A1qu+FLh1UgY+Ls4GaZiZS96WeIWRIUIA/FoeNx66ok1AqVTWcygY7Ls4OQn/maFRf8/Mp20/5bfqoA7aPF4YLfehibHwuzg4ICmgCFydH9O8VUqHvrmtwW3QNbouEpFTsijqJ7JxcHD1z6e9tbdCovpfZs/KIiIiIiIhqilQqxeuvvw6lUomSkhKkpaUhKysLd+/eRWJiIjw9PWFjYwNPT0906dIFbdu2haenJ6ysWOHJGJFSWUmP0yPLlXxNmIEFAHCrD9HswzU3HiIiIiIiIiJ65shkqkk4Fy6Y/mC8du3aAWAR92dD/UAgdIzqqYTeARANnF3TIyIiIiIiIiIiMhlnYBERERERERERUZXjDCwiIiIiIiIiInpqMcAiIiIiIiIiIiKLxgCLiIiIiIiIiIgsGgMsIiIiIiIiIiKyaAywiIiIiIiIiIjIojHAIiIiIiIiIiIii8YAi4iIiIiIiIiILBoDLCIiIiIiIiIismgMsIiIiIiIiIiIyKIxwCIiIiIiIiIiIovGAIuIiIiIiIiIiCwaAywiIiIiIiIiIrJoDLCIiIiIiIiIiMiiMcAiIiIiIiIiIiKLxgCLiIiIiIiIiIgsGgMsIiIiIiIiIiKyaJK7iSk1PQYiIiIiIiIiInrKebg4VPhYiZ+PdyUOhYiIiIiIiIiISJtMJqvwsVxCSEREREREREREFo0BFhERERERERERWTQGWEREREREREREZNEYYBERERERERERkUVjgEVERERERERERBaNARYREREREREREVk0BlhERERERERERGTRGGAREREREREREZFFY4BFREREREREREQWTWJsh7y8vOoYBxERERERERER1XIODg5V0i9nYBERERERERERkUVjgEVERERERERERBaNARYREREREREREVk0BlhERERERERERGTRGGAREREREREREZFFY4BFREREREREREQWjQEWERERERERERFZNAZYRERERERERERk0RhgERERERERERGRRWOARUREREREREREFo0BFhERERERERERWTQGWEREREREREREZNEYYBERERERERERkUVjgEVERERERERERBaNARYREREREREREVk0BlhERERERERERGTRGGAREREREREREZFFY4BFREREREREREQWjQEWERERERERERFZNAZYRERERERERERk0RhgERERERERERGRRWOARUREREREREREFo0BFhERERERERERWTQGWEREREREREREZNEYYBERERERERERkUVjgEVERERERERERBaNARYREREREREREVk0BlhERERERERERGTRJDU9AEty4MABbNy4ETKZDP/6178wefJkuLq61vSw6CnzNN1nsbGxWL16NVJSUtC8eXNMmTIFPj4+NT0sIiIiIiIiesqIlEql0tAOeXl51TWWGhUbG4uPP/5Yo61Tp0744osvamhE9DR6mu6z9PR0jBs3DgUFBUKbt7c3wsPDIZVKa3BkREREREREVFMcHBz0bpPJZACACxcumNxfu3btAHAGluDo0aNabTExMSguLuYv42TUrFmzcO7cOeF9QEAAli9frrXf03SfxcTEaIRXAJCSkoK7d++iRYsWNTQqIiIiIiIiehpZRIC1bNky7N27V3g/YsQIjB07tlL6vn79OqZOnSq8d3FxwZYtW0w61srKCmKxuFLGQaRPbb3P9E3erG1BHBEREREREVk+iyziHhkZiZSUlErp68cff9R4r++X7q5du2q1hYaG1spggSzX03SfBQcHw87OTqPNz88PjRo1qqERERERERER0dPKIgOskpIShIeHP3E/hw8fxtWrV03aNygoCNOmTYO3tzccHR3Rs2dPTJ48+YnHQFTW03SfeXp64vPPP0eTJk1gZ2eHdu3aYc6cObUyjCMiIiIiIiLLZhFLCHU5ceIELly4IBTrMldxcTF+/vlns47p06cP+vTpU6HzEZnqabrPgoKC8MMPP9T0MIiIiIiIiOgpZ5EzsNR++OEHyOXyCh27detWpKWlabUbeegiERERERERERFZGIsOsBISErBnzx6zj3v8+DG2bt1aBSMiIiIiIiIiIqLqZrFLCNXWr1+Pbt26wcXFxeRj1qxZg4KCArPOk5+fj8GDB2u0vfPOO3j11VfN6keXa9eu4ezZs7h69SqSkpKQk5ODoqIiODo6wsPDA4GBgejcuTM6dOhQoXF+8803aN26NTIzM7F//37ExMQgOTkZWVlZsLGxgaenJwIDA9GtWze0b9/+ic6RkZGBQ4cO4dy5c0hKSkJ2djbWr1+v9/uRy+U4deoUjh8/jps3b+LRo0coLi6Gg4MDGjRogKCgIPTo0QONGzeu8JiysrJw4MABnDt3Dg8ePEB2djYkEgnc3NzQqlUr9OjRw6TrLq+4uBhHjhzBqVOncPv2bWRmZkIkEsHNzQ0tWrRAaGgounTpApFIZHKfptxnO3fuxKpVq8wer1qXLl3w6aef6txWmfciAIwfPx4JCQkmnbusyroviIiIiIiI6Nlg8QFWTk4O1q9fjylTppi0/61bt3DgwIEqHpVpjhw5gk2bNmn8gl9WdnY2srOzcefOHezZswf+/v4ICwuDr6+v2efatWsXfv75Z+Tn52u05+fnIyEhAQkJCdi7dy+aN2+OqVOnomnTpmafY+fOnVizZo3WOfQty7x27RqWLFmCBw8eaG2TyWSQyWS4du0afv31V/Ts2RPvvfceHBwczBpTZGQkIiIitMZUXFyM/Px8JCUlYf/+/Wjfvj3CwsLg6upqUr9RUVEIDw9HVlaW1raHDx/i4cOH+Ouvv9C0aVOEhYWZNeaaUJ33ojHVcV8QERERERHR08WilxCq/fHHH7h7965J+65evVrjvTmzYyrTqlWrsHDhQr2BgS7x8fGYOnUq7ty5Y9a5tm7dipUrV2qFOLrcvHkTH3zwAY4ePWrWObZv345Vq1aZdA71/h999JHOkEKXQ4cOYfLkybh3757JY1qzZg3Cw8NNGtP58+fx4YcfIicnx+B+SqUSK1aswFdffaUzvCrv9u3bmDZtGh4+fGjyuKtbdd6LxlTHfUFERERERERPH4sMsLy8vODt7S28VygUJj3p7K+//sLly5eF99bW1ujRo0eVjNEYQ0vW7O3tIZVKdW4rKCjAvHnzzCpef+rUKa02sVgMGxsbnfuXlJRg0aJFiI2NNfkc0dHRWm1SqRRisVir/fDhw3oL8IvFYtjb2+s8R0pKCubOnYvc3FyTxlT2u1azs7PTOSYASE5OxnfffWewz3Xr1mH37t16t9va2mq1ZWdnIykpychoTSeVSuHs7Gz05eTkpPP4Ll26aLyvznvRkOq6L4iIiIiIiOjpY5FLCKVSKd555x3MmTNHaIuNjUV0dDRCQ0N1HlNcXIyff/5Zo23o0KGQSDQvsbqeQhgSEoKgoCDExsbC398fL774Itq2bQtfX18hYHn06BGio6OxceNGjZlBycnJOHToEPr06WPWOcViMQYOHIiXXnoJPj4+EIvFyMjIEM6RnZ0t7CuXy7FkyRKEh4fDzs7O5HO4uLjg9ddfR2hoKOrUqYOCggKNoOzBgwdYvny5xjESiUQYV6NGjSASiVBQUIC4uDhs2bJFI4hKSUnBt99+i08++cTkMdWtWxejR49GSEgInJycoFQqER8fj02bNuH48eMa+x49ehSjR49Go0aNtPpRL1srr3Hjxhg+fDiCg4Ph6OiI4uJiXLt2Ddu2bcPJkydNHqep+vbti759+xrd78cff8Tvv/+u0fbqq69qhbY1cS+WVxP3BRERERERET09LDLAAoDnn38ewcHBOHPmjND2f//3f+jUqZPOGSO///67xjIuDw8PDB8+HJGRkdUyXl0mTJiAxMREdO/eXef2OnXqYPDgwQgKCsL777+PkpISYdupU6fMCg3s7e3x5ZdfolWrVhrt7u7uGDhwIDp37oyZM2ciMTFR2JaWloY///wTQ4YMMekcdevWxZIlS+Dl5SW0lQ+/1q5dq1FA38HBAfPnz0dgYKDGfnZ2dujUqROCg4Pxww8/YMeOHcK26Oho3Lp1C82aNTM6pkaNGuHrr7/WqG0lEonQtGlTfPbZZ/jqq68QFRWlcczx48d1Bljr16/XCji7dOmCsLAwjXtOKpUiKCgIQUFBiIyMRHh4uNFxVraoqCit8Kpjx4546623dO5fnfeiLtV9XxAREREREdHTxSKXEKpNnDgR1tbWwvvU1FRs3bpVa7/MzExs3rxZo+3tt9/WuySpuvj7++sNDMpq0qSJ1syya9eumXWuKVOmaIVXZXl6euLTTz/VWl63b98+k8/x4YcfaoRX5WVlZWnNeJowYYJWSFGWSCTCxIkT0bx5c4328qGTPtOnTzdYmH3cuHFa16zrs338+DHOnz+v0dawYUNMnz5d7xI7QDXLr2fPniaNtbLcuHED3377rUabj48PZsyYASsr3X+kq/NeLK8m7gsiIiIiIiJ6ulh0gNWgQQMMHTpUo23Lli149OiRRtvatWs1Cnm3bNlSCBVqqoi7ucrPCDKlgLiat7e3SSGKr68vunbtqtF27949ZGZmGj3Wx8fHYC0lALh48SIUCoXw3t7eHr179zbat5WVFV5++WWNNlPqczVv3lwr4CjPzc1Na8ZO+fsHAC5cuKDVNmzYMJ01r8obOXKk0X0qS0ZGBj7//HMUFxcLbQ4ODpgzZw4cHR0r5RxPci/qUt33BRERERERET19LHYJodqIESNw8OBBIXQoLCzETz/9hBkzZgAA7ty5ozGLSCQS4d1339UbXFVXDSy13NxcHDlyBOfPn8fdu3eRnZ2N/Px8o+OQy+UoLCw0KUAJCQkxeTwdOnTA4cOHNdru378PNzc3g8e1bt3aaN/lnxSZn5+vFUCYKjk52eg+hmbwlOXl5YXr168L73UVA79//75Wm6mfa8OGDdG4ceMqf1JeSUkJvvjiCzx+/FhoE4lEmDlzJnx8fIweXx33oi7VfV8QERERERHR08fiAyw7OzuMHz8eCxYsENoOHz6M/v37o1WrVli9erXGL+AvvfSSxqycmpyBdezYMXz33XcaxdPNUXbWiiGGlvWVV7duXa02U8ZXp04do/vIZDKTx2FMYWEh5HK53icKAjAauqmVr9NVWlqqtU/ZwuUAYGNjY3BpYnn16tWr8gBrxYoVWsv53n77bXTs2NHosdV1L+pS3fcFERERERERPX0segmhWrdu3dC2bVuNth9++AHHjh3TWFJkb2+PsWPHVvfwdDpz5gzmz59f4cDAHNUR0pV90mB1jMPKykpvPSe18k+YrElVPbNv+/btWvXKevbsiVdffdXosdV5L+pS3fcFERERERERPX0sJwEwYvLkyZg0aRLkcjkA4NatW/jqq6809hk1apTRWTPVsYRQLpdjxYoVGrNWnJycMHr0aAQHB8Pd3V0rENq6dSt++umnCp2v7NMXjUlLS9Nqc3FxqdB5jfUjlUoRGRlpsAi6pXB2dtZ4X1RUhKysLJNnYaWmplbFsACo6j6Vf9Jh8+bN8eGHHxo9trrvRV1q831BRERERERElqHWTGVo3LgxXnnlFY22oqIi4WcfHx8MHDiwuoel07Vr17SCoo8//hgDBw6Et7e3SbOZzHHq1CmT9z179qxWm6+vb6WMo3Hjxhrvi4uLcebMmUrpu6rp+gxOnjxp0rFJSUlVtnwwJSUFX375pRDcAqqlk3PmzDEpAKrue1GX2nxfEBERERERkWWoNQEWAIwZM0bvbKEJEyboXFJWEzWwkpKStNoCAgIMHnP79u0Kny85OVmrMLsuCQkJOHr0qEZbkyZNzKr1ZEj79u21ahOtX79e44l5hhQUFFTKOCriueee02qLjIxEYWGh0WM3bdpUFUNCQUEB5s6dq1FDytraGp999plJNcmA6r8XdanN9wURERERERFZhloVYDk6OuKtt97Sau/UqZNJhayri7W1tVbb5cuX9e5/+PBhHDly5InO+d133+HKlSt6tz969Ajz5s3TmMkDqIreVxYnJyd0795doy0hIQELFiwwGAQplUr88ssvmDp1KvLz8yttPOZwd3fXuocSExOxZMkSg0HLtm3bcPDgwUofj1KpxJIlS7Rmdk2ZMgUtW7Y0uZ+auBfLq833BREREREREVmGWhVgAarApUWLFsJ7iUSC8ePH692/JmZgNWzYUKtt6dKl2Lt3L3JzcwEAJSUluHnzJpYuXYpFixY98Tnz8/Mxffp0hIeHIyEhQQiqMjMzsWPHDkyaNAmJiYkax9StWxd9+/Z94nOXNWbMGNja2mq0nTx5EhMnTsQff/yBx48fC+05OTn466+/MHXqVKxduxYJCQlYsmRJtdQp02X06NFa90t0dDSmTJmCw4cPC99dcXExYmNjMXfuXKxevbpKxhIREYFjx45ptA0aNMjswLEm7kVdavN9QURERERERDWv1hRxVxOJRJg8eTLef/99AMDgwYN1/pJek5o3b44mTZrgzp07QltOTg6WLVuGZcuWwdbW1qSlaeaSy+WIjIxEZGQkxGIxrK2t9Z5HLBZj2rRpWqHCk6pXrx4++OADrSAkJSUFy5cvB6Aq4i0SiTRqmKkdP34ckZGRGDZsWKWOyxQtWrTA66+/rrUk8N69e8L1VNV3V9bJkycRERGh1R4VFYVDhw4ZPd7a2lq4hpq6F8urzfcFERERERER1bxaNwMLUAUNO3bswLZt23QuKSyr/Iya6prFMWXKFL1FtnUFBi+//HKFz9W8eXOt65TL5XqDCYlEgrCwMAQFBVX4nIb06NED06ZN01mTDFDNYNIVUgCAl5cXXnjhhSoZlynGjBmj9bCAsnR9plKpFIGBgZU2huPHj+tsz8nJgUwmM+lVVnXei4bU5vuCiIiIiIiIalatDLAA1UwYe3t7WFlZ5iW0bNkS8+bNg6enp8H9xGIxxo4di379+lX4XF27dsWsWbP0Frgvy9/fH8uWLUO3bt0qfD5T9OnTBytXrkTbtm1N2l8kEqFPnz5Yvnw5vL29q3RsxsYxZcoUfPTRRyZ9ng0aNMDChQvNqktV3arzXjSmtt4XREREREREVLNq3RLC2uS5555DeHg4oqKicOLECSQmJiIrKwu2trZwd3dH+/bt0bdvXzRu3Bg3b958onN17doV7dq1w759+3D69GkkJiZCJpNBKpXC09MTgYGBCA0NRYcOHaqtLpifnx++/vpr3Lx5E9HR0bh69SoSExORm5sLiUQCFxcXeHt7o3379ujcuTMaNWpULeMyxYsvvoiuXbviyJEjOH36NG7fvo3MzEyIRCK4urqiWbNmeP7559GzZ09IJBKcOHGipodsUHXdi6bcW7X5viAiIiIiIqKaIVIaWVOXl5dXXWMhE+Tn52Pw4MEabe+88w5effXVGhoRPcveeOMNjQLsvXv3xvTp02twRERERERERFSTHBwc9G5Tl7y5cOGCyf21a9cOQC1eQkhENSstLU0jvAIANze3GhoNERERERERPc0YYBGRUWlpadi9ezdyc3MBAOnp6fjmm2+09mvRokV1D42IiIiIiIieAayBRURGHTx4EOvWrcOKFStgY2Oj82mBLi4uCA4OroHRERERERER0dOOM7CIyKhDhw4JP+sKrwBg3LhxsLGxqa4hERERERER0TOEM7CIyKDbt28jMTFR73aRSISxY8eiT58+1TgqIiIiIiIiepYwwCIig/z9/TFr1iwcPHgQ8fHxyM7OhpWVFTw9PdG2bVsMGjQIjRs3rulhEhERERER0VNMpFQqlYZ2yMvLq66xEBERERERERFRLebg4KB3m0wmAwBcuHDB5P7atWsHgDWwiIiIiIiIiIjIwjHAIiIiIiIiIiIii8YAi4iIiIiIiIiILBoDLCIiIiIiIiIismgMsIiIiIiIiIiIyKIxwCIiIiIiIiIiIovGAIuIiIiIiIiIiCwaAywiIiIiIiIiIrJoDLCIiIiIiIiIiMiiMcAiIiIiIiIiIiKLxgCLiIiIiIiIiIgsGgMsIiIiIiIiIiKyaAywiIiIiIiIiIjIojHAIiIiIiIiIiIiiyapqRO/980urP/zgsF9jq0ej7ZN6+Hn3efg6mSHId1aVtPoKmb19jP4PvI0ktJlaFjXGe8Nex7jBnSs6WHVGpb2PYet2ovdJ27gysapNT0Ui9bzvf+hgaczNsx5taaHQkRERERERE+pGguwPhzxAt54MUh433/6Bgzu1hJvvfIvoc2/gTsAYO+pm6jj4mAxwYYum6Mu4eOVezF9ZCh6tG+CgzG38dF3f8LD2R5Dureq6eHVCrXhe64N1v5xHu8v3Y3726bD1cmuyo8jIiIiIiIiqmo1FmD5N3AXAioAEImABnWc0blNI619t3z5enUOrUL+b0cMXgxuik/H9gAAdAnyxbWEdITviGGAZaLa8D0TERERERERUfWrsQDLHLqWKEUeuYKvIo4iPikD/g3c8cW43nipUzMAgP+wb/DWK/9Cdm4hNh+6BCuRCIO7tcSid1+C1FpsUh+yvELM/d8h7Iy+hoKiUjzXzBtfjOuFfwU00BqfQqHExVsp+OytnhrtL7T1xZdrD0OpVEIkEum8tvAdMVi97QwepGejSX13TB8ZiqF/B14NB36FCYM6CqEYAAyesREAsG3RSOFaB3UNxJ3kTBy/lIC/Vo1DA08no2P/7fAVfLMpGrcePEb9Os54Z0AHTBn2vDBOc64fAJRKJVb8dgo/7TyLhxk5aNrAA7Pf7I5/d24h7GOsz/Lfs1yuwBc/H8b6vRdQUFSCF4Obws/bHb9GxeHGrx+a/F2bMjaFQokv1x7Gmj3nUVBUgr6dmkFqrf3Ho7I/N6By7mW1xkOWIEOWDwBoNPhrvNarDX6aOdjo2PUdZ8pnR0RERERERFTVamUR918OxGHsl5H4d+cW2LZoJIJbNsSIzzYj9tZDYZ/lW0+guFSOn2cNwYRBwfhp51ms+/O8yX188O0e7D11C99+8G/8Om84xGIRBoZtxMPHOVrjycotQHGJHJ6uDhrtHi72KCwqRW5Bsc7rWL7lBGZ8vw9vvBiE7YtGof8LARj7ZSR2H79u1ufxv93n4Opoi8/f6Y06rvZGx75h70W8NT8SvTs2xbZFIzGmXzvM+SkKX/wtaDAAACAASURBVK49IvRpzvUDwKINR/Hl2sP47+svYNdXoxHgWwejP9+Kq3fTKtzn0l+PY9nm4xj10nOImPMamtR3x/KtJ7Q/RyPftSljW/HbSSzZdAz/6dcOG+e+hsbebtgcdUnjPFXxuVXGvVzWsdXjMPedXgCAE+ETsOjdF00au77jTPnsiIiIiIiIiKparZiBVZZSqcScn6IwrEcrYcbTC218ceJSIlZvP40fpg8EAPTu0BTffvBvAECvDv7448QNHItNwLgBHU3q49C5uxjT7zm88kIAAKBFI0/MWr0fyY9yUM/DSWNMJaUKAIC1RHNGjNhKNSunqLgUTvY2GtuKS+T4euMxvDs4GNPe6AIA6NymEa7eS8OaPeeF85ri351bYM0nQ4X3hsbu6eqAuT9FYUTvtpg3vjcAIDSoMUpK5Viy6RgmDgqGp5uDWdcPAPvP3Mb7w0Lw5svtAQBt/Oth29Fr2H/mNlr61TU6Lu3PVI6VkafwxotBwjh7d/THg3QZomPvaexr6Ls2ZWylcgW+3XwCY/q1E0KcXh38kZQuw4nL9wGoZoNV9udWGfdyeQ3rusDdWVW/qqGnM1yd7Ewau67jTP1eiYiIiIiIiKparQuwriek4+HjHAwIDRTarKxE6NzGB6evPBDa/LxdNY7zcndEelaeyX2EtPbBhr0XUd/TGf2ebw7feq7CUixz6Vo+eOVuKmR5hegd3FSj/X8zh6BELjer/8b1NK/V0NgvxaciPSsPg8sVSh/WoxUWrv8Lp64kon+XALOv//DKtzXe29taw93JDpmyApPGVV5iajYyZQV4OaS5RruHs3ZxcUPftSljS0zNxuPsfLzcWfNc7mXOdfVeeqV/bpVxL5vC1LHrYsr3SkRERERERFTVal2A9ShbVadnzBe/aW3TNTOoon38NHMwlmw6huWbT+DjlXvRyq8uZo7pphE2qEn/nnlVWFyi0V5cogqibHTUKsrMKQQA1HHRXHZoayOB7RN+LYbG/ig77+/rdNQ4pq6b6n3G38GEOdcPAOmZeVgccRT7Tt9C8qMclJRqh3Dm9Kn+jtTjehLGxpaakWv0XFXxuVXGvWwKU8euiynfKxEREREREVFVq3UBlqOdFACw4r/90a65t8a28kv4nqQPBzsp5rzdE3Pe7onrCelYvuUERn2+Ffu+fRMhrTWflOjiaAsbqURrVkxqRi7sba3hWG75IAC4OKjaHv8dYuiip+67UYbG7u5kDwB4lKV5XnWNJg8XO6N9lL9+AHjt01/x/+zdfZTXZaH3+w8zMOggDyMEbhKkBOH2ATUVE7k1H4C9EChMuT23WzeSbTt0ayWeLC3tmLVtlbq0laTHiK3pUoQyAx+QVBSS7RO3h1TEQQwF5AiCIIo4NOcPYzYjIIM8eIGv11qz1szv+/1e32t+P/7hvb7XNc0rKzL20lPT/bPts2fLFjnozOuaPK8Pj7k+try5avPvT1NtaW4N9/qIkLMj3rft8W+5KZo6901pyucKAAAAO9out4n7gd06pk2rPVL72rL07r5Pw1eHdtX57Gea9tTKlsaofW1ZBnz7t/nP515NkvTa7zO5+vxBST5YgvdhFRXNcmSvz+ahp15u9Pq0WfNzRM9N//W5gz7XKXtVt8yfn5rX6PXL/p+pOe9ndyf5YKnYoqUrGx1f/zTN5mxp7gd+7jNp37Y6f3zshUbX/X7a86msrMgxB3fd6t9/6YrVeXrOwnx96JE56r/tm5p/LL177/3/elpna8f8bIc26VjTKg/MfKnR61uzdK6pc+vSsW0+065V7v3Li5u9145437bHv+VNqfhH+ayvb/rcN3VdU947AAAA2Bl2uSewWlY1zyX/enwu+fWUNK+sSP8+3fP6m2/nBzc+mFOPPzBXntd/m8f40bknZfmqNflfV/8pPzr3pLRvU507pv6/aV5ZkWN777fJMc/7ylE5+4oJ+eFNUzPw6B6Z+mRtHv3fr+R3l5++yfP3aNk83/4ffXPVLdNS02bPHHNwl0x/9m+5/q7H85tLTk2SnPCFz+XW+/93jjm4a/6pfeuM//PsPPvS6znpyP03+7t1+6eaj5x7i+aV+cGIL+U7192bDm2rc/JR3fPknNfy89sey4VnHJv2bavTdq89tur337tNdfZp3zrX3DEjzSsr8v66v+emu5/MytVr8u577zdpXh9WWVmRC4b3zQ9ufDDt21bn2N77Zdqs+Znw8HP5pw5NjztNmVtlZUW+fcax+cGND2bvNns23GviI89n345tkmSHvG/b49/ypnTt9MGeWb+b8myOP6xbenffZ4tz39R1B3++0xbfOwAAANgZdrmAlSSjTj06e+1ZlV9OmJnrxv8lHWv2yv8c0DsX/8tx22WM5pUV+ePPzswPb5qaUb+4J++trcuB3Trmzh+fkYM285fXvnLcgbn2W4Ny3fjH86uJM9OlU9tc+61Bm90zKkm+e+Z/T3XLFrnpj0/mJ+MeSY8u7XPz90/NV790UJLkkrO/lP9v+epc8usHU1HRLMOO+28Z0Kd71v29frNjNmXuXxtyZKpaNM914/+SX074YK5Xntc/o049usljbKiiolkm/OT/yHd/dX/+z5/fk/Ztq/Pt/9E3a+vq8uKCpR9rzCT5X1/9YlasejdjJz2TX038zww8ukdOO+GgPP3ios3+/h9nbh/c6+isWPVufvOnp3PD7/8zA/p0z6hT++Se6XMaztne71uyff4tf9hxh3XLsOMPzJW/fTi1Jx+S674zeItz39x1TXnvAAAAYEdrVl9fv/kakmT16q1bsgXby3tr69KieWUqKv5rM7BBo/8j1S1bZMJP/+cnODMAAABgU1q1arXZYytXfrBN0qxZs5o83uGHH55kF30Ci0+HH940NXMWvJFvfvWLaV3dMn+a/kKmP/u33P2zf/mkpwYAAADsRAIWxfq//uW/58rfPpxv/uKerHpnbXp27ZDb/+/hOfGIz3/SUwMAAAB2IksIAQAAANgudtQSwoptmxYAAAAA7FgCFgAAAABFE7AAAAAAKNoWN3H/qLWLAAAAALCjeQILAAAAgKIJWAAAAAAUTcACAAAAoGgCFgAAAABFE7AAAAAAKJqABQAAAEDRBCwAAAAAiiZgAQAAAFA0AQsAAACAoglYAAAAABRNwAIAAACgaAIWAAAAAEUTsAAAAAAomoAFAAAAQNEELAAAAACKJmABAAAAUDQBCwAAAICiCVgAAAAAFE3AAgAAAKBoAhYAAAAARROwAAAAACiagAUAAABA0QQsAAAAAIomYAEAAABQNAELAAAAgKIJWAAAAAAUTcACAAAAoGgCFgAAAABFE7AAAAAAKJqABQAAAEDRBCwAAAAAiiZgAQAAAFA0AQsAAACAoglYAAAAABRNwAIAAACgaAIWAAAAAEUTsAAAAAAo2qcqYNXV1eWiiy5K//79c9ddd+1y42/JiBEj0q9fv4wbN26n3xsAAABgR2n+SU9gS8aNG5ebb755s8f33HPP7LPPPjnwwANz4oknpk+fPmnWrNkmz50/f35mzpyZJPnDH/6Q008/fbvOdUePDwAAAPBptMs/gfXuu+9m/vz5mTx5ckaPHp3zzjsvr7766ibP7datW4466qjsueeeOe2007b7XLY0/rhx49KvX7+cddZZ2/3eAAAAALur4p/AWq9Nmza5++67G71WV1eXN998M3/7298yderUPPzww3n++edzzjnn5Kc//Wn69OnT6PwWLVrk2muv3WFz3NHjAwAAAHwa7VJPYFVVVTX6qq6uzr777ptjjz02l19+eW666absu+++WbNmTS6//PIsXLjwk54yAAAAANtol3kCqykOOOCAXHPNNfna176WVatW5Wc/+1muv/76RueMGDEitbW1OffcczNixIhNjvPoo49m8uTJmTt3bpYvX5527dqld+/e+epXv5pDDz00Z511VubPn58f/vCHGThw4BbHv+KKKzJlypSGc+bPn59+/fo1/Hzeeec1Wla4Zs2aPPjgg5k+fXpefPHFrFixIi1atEjnzp3Tr1+/nHHGGWnduvVWvz/19fWZNm1aJk2alNra2qxcuTLt27fPwQcfnGHDhqV3796bvG7lypW58847M2PGjCxcuDBr165NmzZtsv/++6dPnz4ZNGhQ2rVrt9XzAQAAAGiK3SpgJUnnzp0zcuTIXHfddXnmmWcyf/78fO5zn2vStatXr86Pf/zjTJ8+vdHrS5cuzUMPPZSHHnooZ5555o6YdoOXX345o0ePzhtvvNHo9bq6usybNy/z5s3L/fffnzFjxqRjx45NHnf16tW54oorMmPGjEavL168OIsXL86DDz6Y4cOH5/zzz2+0Cf6CBQty/vnnZ9myZY2uW758eZ566qk89dRTefrpp3P11Vd/jN8WAAAAYMt2u4CVJP/8z/+cX/3qV6mrq8vMmTObHLA2jFdf+cpXMmTIkOy7775ZvXp1nnjiifzmN7/Jbbfdttm/crg5l1xySb73ve/l1ltvzW9/+9t069YtY8eObTheWVnZ8H3nzp3TokWLnHDCCTn55JPTq1evtG7dOsuXL88TTzyRm266KUuWLMk111yTq666qslzuPLKKzNjxox06NAhZ599do488sjU1NRkyZIlmTJlSiZMmJDx48enXbt2Ofvssxuuu/rqq7Ns2bJ06NAhF1xwQQ455JC0atUqS5cuzaxZszJhwgSb0gMAAAA71G4ZsFq3bp199tknr732WhYsWNCka6ZPn94Qr773ve9l8ODBDcdatWqVwYMHp2/fvvm3f/u3vP7661s1n+bNP3ib14eqZs2apaqqapPn7rHHHrn11lvTsmXLRq9XV1dn2LBhadu2bS677LLMmDEjb7/9dvbaa68m/W6PPfZYOnTokBtvvDGdOnVqONa6det07949ffr0yejRozN27NgMHTq0YUngs88+myQZNWpUTjzxxIbrunbtmq5du2bIkCGpqNiltlIDAAAAdjG7bXnYe++9k3ywdK4pJk2alCQ57LDDGsWrD495/vnnb58JfoQPx6u1a9c2fB188MFJPtjP6tVXX23SePfee2+SZOjQoampqWk03vqv3r1756ijjkpdXV2mTp3acG2rVq2SJHPmzMnf//73jcYWrwAAAIAdbbd8AitJ3nzzzST/FWC2pLa2Nkkaba6+Kcccc0wqKyuzbt26bZvgR1ixYkVuueWWPP7441m0aNFm79XUODd37twkydixYxstXdycV155peH7gQMHZvz48Rk/fnxmzpyZvn37pmfPnunZs2e6dOmy1cspAQAAALbWbhmw3n777YZlfl27dm3SNStWrEiStG3b9iPPq6qqSnV1dVatWrVtk/yIeZx77rlNWqZYX1/f5DG3xsqVKxu+/+Y3v5mqqqpMnDgxCxYsaLQks6amJgMHDszIkSNTXV29VfcAAAAAaKrdMmA98MADqaurS5J88YtfbNI1NTU1Wbx4cZYuXfqR57333ns7LF4lyR133JHXX389VVVVufDCC3Psscembdu2DUv13nnnnQwYMGCrxlz/u40ePTrDhg3bqmsrKyvzjW98IyNHjswLL7yQuXPnpra2NrNnz86CBQtyxx13ZPbs2RkzZozlhAAAAMAOsdsVh8WLF+fmm29OknzhC19o8l8g7NGjR5Jk2rRpH3nelo5vq9mzZydJBg8enMGDB6empqZRGPo4SxcPOOCAJGm0t9XWqqqqyqGHHprTTz893//+93P77bfnsssuS5I899xzeeGFFz722AAAAAAfZbcKWC+99FIuvPDCrFq1KnvttVe++93vNvnaQYMGJflgs/Lx48dv8pylS5fmhhtu+NjzW785+/Llyzd7zvpY9e67727y+O23377V9x06dGiSD/6i4MSJEzd5Tn19fSZNmrTRRu1LlizZ7Lgb7he24bJDAAAAgO1pl1pCuHbt2kY/r1u3Lm+++WZeeeWV/PnPf85DDz2Uurq6tGzZMj/60Y+y7777Nnnsfv365bjjjsujjz6a66+/PvPmzcuXv/zldOnSJatXr87MmTMzduzYhs3hP47u3bsn+WBPqjvvvDOnnXZa1qxZk2effTZ9+/ZNkhxxxBGZNWtWHnjggXTr1i0nnXRSWrVqlddeey2///3vc9999231fY8++ugMGDAgU6ZMybXXXpvnnnsuw4YNS7du3bJu3brMmTMnt99+e5555pksXrw4X//615Mk77//fkaNGpV27drllFNOSe/evdOpU6fU19dn4cKFueWWW5IkzZs3T69evT72+wIAAADwUXaZgLVy5cqceOKJWzyvV69eueyyy5q8efuGfvCDH+SKK67I9OnTM3ny5EyePHmjc84444zcfffdWbNmTZo337q374gjjsiBBx6Y559/Pr/85S9zww03ZN26dWnevHkmTpyY9u3bZ/jw4XnkkUdSW1ubMWPGZMyYMY3GGDJkSKZNm7bVTzxdfPHFqayszH333ZcpU6ZkypQpG51TXV2d3r17N/w8b968vPXWW1myZElefPHFTY5bUVGRiy66KDU1NVs1HwAAAICm2mUC1ubsscce6dSpUw488MCccMIJOeaYY9KsWbOPNVZ1dXWuuuqqTJs2LZMnT87cuXOzYsWKtGnTJoccckhOPfXUfOELX2hYYrjXXntt1fgVFRW55pprctNNN+XRRx/NihUr0rlz5/Tr1y9VVVUNcxgzZkx+97vf5eGHH86iRYtSVVWVbt26ZciQIQ0Ba2u1bNkyl156aQYNGpTJkydn9uzZeeONN9K8efN07tw5xxxzTIYPH94oRPXq1Svjx4/P/fffnyeffLIhaFVWVqZjx4457LDDctpppzU8WQYAAACwIzSrr6+v/6QnsSt5+eWXc/bZZydJJk6cmE6dOn3CMwIAAAAo3/rVZLNmzWryNYcffniS3WwT921VW1v7kZuWJ8l//Md/JEm6desmXgEAAADsBLv8EsLtZc2aNbn00kuzdOnS9O/fP/369Uv37t3Tpk2brF27Ni+99FLuuuuu/OUvf0mSnHPOOZ/wjAEAAAA+HQSsf3j//ffz+c9/PgsXLsykSZMyadKkzZ77ta99LSeddNJOnB0AAADAp5c9sD7kpZdeygMPPJDZs2dn4cKFWbVqVaqqqvKZz3wmvXv3zrBhw9KzZ89PepoAAAAAu5Rt2QPLE1gf0qNHj/To0eOTngYAAAAA/2ATdwAAAACKJmABAAAAUDQBCwAAAICiCVgAAAAAFE3AAgAAAKBoAhYAAAAARROwAAAAACiagAUAAABA0QQsAAAAAIomYAEAAABQNAELAAAAgKIJWAAAAAAUTcACAAAAoGgCFgAAAABFE7AAAAAAKJqABQAAAEDRBCwAAAAAiiZgAQAAAFA0AQsAAACAoglYAAAAABRNwAIAAACgaAIWAAAAAEUTsAAAAAAomoAFAAAAQNEELAAAAACKJmABAAAAUDQBCwAAAICiCVgAAAAAFE3AAgAAAKBoAhYAAAAARROwAAAAACiagAUAAABA0QQsAAAAAIomYAEAAABQNAELAAAAgKIJWAAAAAAUTcACAAAAoGgCFgAAAABFE7AAAAAAKJqABQAAAEDRBCwAAAAAiiZgAQAAAFA0AQsAAACAoglYAAAAABRNwAIAAACgaAIWAAAAAEUTsAAAAAAomoAFAAAAQNEELAAAAACKJmABAAAAUDQBCwAAAICiCVgAAAAAFE3AAgAAAKBoAhYAAAAARROwAAAAACiagAUAAABA0QQsAAAAAIomYAEAAABQNAELAAAAgKIJWAAAAAAUTcACAAAAoGgCFk1SV1eXiy66KP37989dd9213cYdMWJE+vXrl3Hjxm23MQEAAIDdS/NPegJbMm7cuNx8882bPNaiRYu0bds2PXr0yJe+9KX0798/VVVVO3mGnw7z58/PzJkzkyR/+MMfcvrpp3/CMwIAAAA+LXbpJ7Def//9LF26NI8//nj+/d//Peecc07mz5//SU9rt9StW7ccddRR2XPPPXPaaad90tMBAAAAPkWKfwJrvTZt2uTuu+9u9Np7772XJUuWZPr06bntttvyt7/9Ld/+9rczbty41NTUfEIz3T21aNEi11577Sc9DQAAAOBTaJd6AquqqqrRV+vWrdO9e/eMGDEiv/71r9OyZcssW7bMfkoAAAAAu5Fd5gmsLdl///0zePDgTJw4MdOmTct3vvOdhmMjRoxIbW1tLr744vTt2ze33XZbZs6cmTfeeCOTJ09utG9WfX19pk2blkmTJqW2tjYrV65M+/btc/DBB2fYsGHp3bv3Ju+/cuXK3HnnnZkxY0YWLlyYtWvXpk2bNtl///3Tp0+fDBo0KO3atWt0zce914a/z3HHHZc77rgj06dPz+LFi1NfX58uXbrk5JNPzumnn56WLVtu9j175plnMmnSpPz1r3/N0qVLU11dnf322y/9+/fPkCFDUllZucn7nnvuuRkxYkSjY2vWrMmDDz6Y6dOn58UXX8yKFSvSokWLdO7cOf369csZZ5yR1q1bb3Yum7MzPw8AAACgTLtNwEqSgw46KBMnTszSpUuzdu3ajTZ0nz9/fm644YasWrVqk9evXr06V1xxRWbMmNHo9cWLF2fx4sV58MEHM3z48Jx//vlp1qxZw/EFCxbk/PPPz7Jlyxpdt3z58jz11FN56qmn8vTTT+fqq6/e5nttqLa2Nr/+9a/z1ltvbfR6bW1tHnnkkVx//fWprq5udHzt2rX5+c9/nvvuu2+j11esWJFnn302kydPzs9//vMmRZ6XX345o0ePzhtvvNHo9bq6usybNy/z5s3L/fffnzFjxqRjx45bHG+9nfl5AAAAAOXarQLWlowfPz7NmzfPyJEjc/LJJ6dDhw6NIteVV16ZGTNmpEOHDjn77LNz5JFHpqamJkuWLMmUKVMyYcKEjB8/Pu3atcvZZ5/dcN3VV1+dZcuWpUOHDrngggtyyCGHpFWrVlm6dGlmzZqVCRMm5Kyzzmo0l497rw1NnDgxLVq0yLnnnpsTTzwxe++9dxYtWpSJEydm8uTJmTNnTm688cZGT6MlaRSvBg8enKFDh6ZLly55++2389hjj+Xmm2/OCy+8kOuuuy6XX375Ft/Xzp07p0WLFjnhhBNy8sknp1evXmndunWWL1+eJ554IjfddFOWLFmSa665JldddVWTP6+d+XkAAAAA5dqtAtbzzz+fJBuFqQ1dfvnlOeGEEzZ6ffr06XnsscfSoUOH3HjjjenUqVPDsfV7bfXp0yejR4/O2LFjM3To0Iank5599tkkyahRo3LiiSc2XNe1a9d07do1Q4YMSUVFxXa514f9+Mc/Tr9+/Rp+PuCAA/L9738/7733XqZOnZp77703F1xwQcNywCeffLIhXo0ePTrDhg1rdO/hw4fn8MMPz1133ZVRo0Zt8p4ftscee+TWW2/daLlidXV1hg0blrZt2+ayyy7LjBkz8vbbb2evvfba4pg78/MAAAAAyrbb/C9+/vz5mTRpUpLk+OOP3+Q5BxxwwCbjVZLce++9SZKhQ4empqYma9eu3eird+/eOeqoo1JXV5epU6c2XNuqVaskyZw5c/L3v/99o7E/HEu25V4bOuiggxrFqw2deuqpSZJ33303CxYsaHj9j3/8Y8O1G8arDfXo0SOXXHLJVu0R9eF4teHvcvDBByf5YD+rV199tUnj7czPAwAAACjbLvUE1tq1azf6+fXXX8+MGTNy2223Zc2aNampqcm//uu/bvL6Qw89dLNjz507N0kyduzYjB07dotzeeWVVxq+HzhwYMaPH5/x48dn5syZ6du3b3r27JmePXumS5cuG+1htS332tAhhxyy2Wv23Xffhu833PNr/b2PO+64Ld53a6xYsSK33HJLHn/88SxatCjr1q3b5HmrV69u0ng78/MAAAAAyrbLBKyVK1c2Wg62KV26dMlPfvKT7L333ps83rZt281eu2LFiq2ez3rf/OY3U1VVlYkTJ2bBggWNnniqqanJwIEDM3LkyIbN1LflXhv6qKV4e+yxR8P3dXV1Dd+/+eabSbLZ9+jjWLFiRc4999y8/vrrWzy3vr6+yWNujW35PAAAAICy7TIBa1OaN2+etm3bpkePHjn++OMzcODAze59tSU1NTVZvHjxRvtCNUVlZWW+8Y1vZOTIkXnhhRcyd+7c1NbWZvbs2VmwYEHuuOOOzJ49O2PGjElFRcU23Wtbrd/ofX3I2h7uuOOOvP7666mqqsqFF16YY489Nm3btm1YqvfOO+9kwIABWzXmzvw8AAAAgLLtMgGrTZs2Dfsi7QgHHHBAFi9enKlTp37sqFRVVZVDDz200VLFKVOm5Iorrshzzz2XF154IQcddNB2udfH1bNnzyxatCiPPvpozjzzzO0y5uzZs5N88BcNBw8evNHxzS0n/Cg78/MAAAAAyubxk38YOnRokg/+gt3EiRM3eU59fX0mTZq00cbgS5Ys2ey4G26yvn6Z27bca1t9+ctfTpI899xzufvuuzd5zksvvZSf/vSnTV7Gt/4ppnfffXeTx2+//fatnufO/DwAAACAsu0yT2DtaEcffXQGDBiQKVOm5Nprr81zzz2XYcOGpVu3blm3bl3mzJmT22+/Pc8880wWL16cr3/960mS999/P6NGjUq7du1yyimnpHfv3unUqVPq6+uzcOHC3HLLLUk+WO7Yq1evbbrX9nDkkUfmlFNOyeTJk/OLX/wic+fOzdChQ/PZz342b7/9dh577LHcfPPNeeedd1JXV5fLLrtsi2MeccQRmTVrVh544IF069YtJ510Ulq1apXXXnstv//973Pfffdt9Tx35ucBAAAAlE3A2sDFF1+cysrK3HfffZkyZUqmTJmy0TnV1dXp3bt3w8/z5s3LW2+9lSVLluTFF1/c5LgVFRW56KKLUlNTs0332l5Gjx6drC9iRQAAIABJREFUioqK/OlPf8o999yTe+65Z6NzDjrooHzrW99q0njDhw/PI488ktra2owZMyZjxoxpdHzIkCGZNm3aVj/xtDM/DwAAAKBcAtYGWrZsmUsvvTSDBg3K5MmTM3v27Lzxxhtp3rx5OnfunGOOOSbDhw9vFD569eqV8ePH5/7778+TTz7ZEFAqKyvTsWPHHHbYYTnttNPSvXv3bb7X9lJVVZWLL744AwcOzD333JO//vWvWbp0afbcc8/st99+GTBgQIYMGZLKysomjVddXZ0xY8bkd7/7XR5++OEsWrQoVVVV6datW4YMGdIQsLbWzvw8AAAAgHI1q6+vr/+kJwEAAADA7m39yqxZs2Y1+ZrDDz88iU3cAQAAACicgAUAAABA0QQsAAAAAIomYAEAAABQNAELAAAAgKIJWAAAAAAUTcACAAAAoGgCFgAAAABFE7AAAAAAKJqABQAAAEDRBCwAAAAAiiZgAQAAAFA0AQsAAACAoglYAAAAABRNwAIAAACgaAIWAAAAAEUTsAAAAAAomoAFAAAAQNEELAAAAACKJmABAAAAUDQBCwAAAICiCVgAAAAAFE3AAgAAAKBoAhYAAAAARROwAAAAACiagAUAAABA0QQsAAAAAIomYAEAAABQNAELAAAAgKIJWAAAAAAUTcACAAAAoGgCFgAAAABFE7AAAAAAKJqABQAAAEDRBCwAAAAAiiZgAQAAAFA0AQsAAACAoglYAAAAABRNwAIAAACgaAIWAAAAAEUTsAAAAAAomoAFAAAAQNEELAAAAACKJmABAAAAUDQBCwAAAICiCVgAAAAAFE3AAgAAAKBoAhYAAAAARROwAAAAACiagAUAAABA0QQsAAAAAIomYAEAAABQNAELAAAAgKIJWAAAAAAUTcACAAAAoGgCFgAAAABFE7AAAAAAKJqABQAAAEDRBCwAAAAAiiZgAQAAAFA0AQsAAACAoglYAAAAABRNwAIAAACgaAIWAAAAAEUTsAAAAAAomoAFAAAAQNEELAAAAACKJmABAAAAUDQBCwAAAICiCVgAAAAAFE3AAgAAAKBoAhYAAAAARROwAAAAACiagAUAAABA0QQsAAAAAIomYAEAAABQNAELAAAAgKIJWAAAAAAUTcACAAAAoGgCFgAAAABFE7AAAAAAKJqABQAAAEDRBCwAAAAAiiZgAQAAAFA0AQsAAACAoglYAAAAABRNwAIAAACgaAIWAAAAAEUTsAAAAAAomoAFAAAAQNEELAAAAACKJmABAAAAUDQBCwAAAICiCVgAAAAAFE3AAgAAAKBoAhYAAAAARROwAAAAACiagAUAAABA0QQsAAAAAIomYAEAAABQNAELAAAAgKIJWAAAAAAUTcACAAAAoGgCFgAAAABFE7AAAAAAKJqABQAAAEDRBCwAAAAAiiZgAQAAAFA0AQsAAACAoglYAAAAABRNwAIAAACgaAIWAAAAAEUTsAAAAAAomoAFAAAAQNEELAAAAACKJmABAAAAUDQBCwAAAICiCVgAAAAAFE3AAgAAAKBoAhYAAAAARROwAAAAACiagAUAAABA0QQsAAAAAIomYAEAAABQNAELAAAAgKIJWAAAAAAUTcACAAAAoGgCFgAAAABFE7AAAAAAKJqABQAAAEDRBCwAAAAAiiZgAQAAAFA0AQsAAACAoglYAAAAABRNwAIAAACgaAIWAAAAAEUTsAAAAAAomoAFAAAAQNEELAAAAACKJmABAAAAUDQBCwAAAICiCVgAAAAAFE3AAgAAAKBoAhYAAAAARROwAAAAACiagAUAAABA0QQsAAAAAIomYAEAAABQNAELAAAAgKIJWAAAAAAUTcACAAAAoGgCFgAAAABFE7AAAAAAKJqABQAAAEDRBCwAAAAAiiZgAQAAAFA0AQsAAACAoglYAAAAABRNwAIAAACgaAIWAAAAAEUTsAAAAAAomoAFAAAAQNEELAAAAACKJmABAAAAUDQBCwAAAICiCVgAAAAAFE3AAgAAAKBoAhYAAAAARROwAAAAACiagAUAAABA0QQsAAAAAIomYAEAAABQNAELAAAAgKIJWAAAAAAUTcACAAAAoGgCFgAAAABFE7AAAAAAKJqABQAAAEDRBCwAAAAAiiZgAQAAAFA0AQsAAACAoglYAAAAABRNwAIAAACgaAIWAAAAAEUTsAAAAAAomoAFAAAAQNEELAAAAACKJmABAAAAUDQBCwAAAICiCVgAAAAAFE3AAgAAAKBoAhYAAAAARROwAAAAACiagAUAAABA0QQsAAAAAIomYAEAAABQNAELAAAAgKIJWAAAAAAUTcACAAAAoGgCFgAAAABFE7AAAAAAKJqABQAAAEDRBCwAAAAAiiZgAQAAAFA0AQsAAACAoglYAAAAABRNwAIAAACgaAIWAAAAAEUTsAAAAAAomoAFAAAAQNEELAAAAACKJmABAAAAUDQBCwAAAICiCVgAAAAAFE3AAgAAAKBoAhYAAAAARROwAAAAACiagAUAAABA0QQsAAAAAIomYAEAAABQNAELAAAAgKIJWAAAAAAUTcACAAAAoGgCFgAAAABFE7AAAAAAKJqABQAAAEDRBCwAAAAAiiZgAQAAAFA0AQsAAACAoglYAAAAABRNwAIAAACgaAIWAAAAAEUTsAAAAAAomoAFAAAAQNEELAAAAACKJmABAAAAUDQBCwAAAICiCVgAAAAAFE3AAgAAAKBoAhYAAAAARROwAAAAACiagAUAAABA0QQsAAAAAIomYAEAAABQNAELAAAAgKIJWAAAAAAUTcACAAAAoGgCFgAAAABFE7AAAAAAKJqABQAAAEDRBCwAAAAAiiZgAQAAAFA0AQsAAACAoglYAAAAABRNwAIAAACgaAIWAAAAAEUTsAAAAAAomoAFAAAAQNEELAAAAACKJmABAAAAUDQBCwAAAICiCVgAAAAAFE3AAgAAAKBoAhYAAAAARROwAAAAACiagAUAAABA0QQsAAAAAIomYAEAAABQNAELAAAAgKIJWAAAAAAUTcACAAAAoGgCFgAAAABFE7AAAAAAKJqABQAAAEDRBCwAAAAAiiZgAQAAAFA0AQsAAACAoglYAAAAABRNwAIAAACgaAIWAAAAAEUTsAAAAAAomoAFAAAAQNEELAAAAACKJmABAAAAUDQBCwAAAICiCVgAAAAAFE3AAgAAAKBoAhYAAAAARROwAAAAACiagAUAAABA0QQsAAAAAIomYAEAAABQNAELAAAAgKIJWAAAAAAUTcACAAAAoGgCFgAAAABFE7AAAAAAKJqABQAAAEDRBCwAAAAAiiZgAQAAAFA0AQsAAACAoglYAAAAABRNwAIAAACgaAIWAAAAAEUTsAAAAAAomoAFAAAAQNEELAAAAACKJmABAAAAUDQBCwAAAICiCVgAAAAAFE3AAgAAAKBoAhYAAAAARROwAAAAACiagAUAAABA0QQsAAAAAIomYAEAAABQNAELAAAAgKIJWAAAAAAUTcACAAAAoGgCFgAAAABFE7AAAAAAKJqABQAAAEDRBCwAAAAAiiZgAQAAAFA0AQsAAACAoglYAAAAABRNwAIAAACgaAIWAAAAAEUTsAAAAAAomoAFAAAAQNEELAAAAACKJmABAAAAUDQBCwAAAICiCVgAAAAAFE3AAgAAAKBoAhYAAAAARROwAAAAACiagAUAAABA0QQsAAAAAIomYAEAAABQNAELAAAAgKIJWAAAAAAUTcACAAAAoGgCFgAAAABFE7AAAAAAKJqABQAAAEDRBCwAAAAAiiZgAQAAAFA0AQsAAACAoglYAAAAABRNwAIAAACgaAIWAAAAAEUTsAAAAAAomoAFAAAAQNEELAAAAACKJmABAAAAUDQBCwAAAICiCVgAAAAAFE3AAgAAAKBoAhYAAAAARROwAAAAACiagAUAAABA0QQsAAAAAIomYAEAAABQNAELAAAAgKIJWAAAAAAUTcACAAAAoGgCFgAAAABFE7AAAAAAKJqABQAAAEDRBCwAAAAAiiZgAQAAAFA0AQsAAACAoglYAAAAABRNwAIAAACgaAIWAAAAAEUTsAAAAAAomoAFAAAAQNEELAAAAACKJmABAAAAUDQBCwAAAICiCVgAAAAAFE3AAgAAAKBoAhYAAAAARROwAAAAACiagAUAAABA0QQsAAAAAIomYAEAAABQNAELAAAAgKIJWAAAAAAUTcACAAAAoGgCFgAAAABFE7AAAAAAKJqABQAAAEDRBCwAAAAAiiZgAQAAAFA0AQsAAACAoglYAAAAABRNwAIAAACgaAIWAAAAAEUTsAAAAAAomoAFAAAAQNEELAAAAACKJmABAAAAUDQBCwAAAICiCVgAAAAAFE3AAgAAAKBoAhYAAAAARROwAAAAACiagAUAAABA0QQsAAAAAIomYAEAAABQNAELAAAAgKIJWAAAAAAUTcACAAAAoGgCFgAAAABFE7AAAAAAKJqABQAAAEDRBCwAAAAAiiZgAQAAAFA0AQsAAACAoglYAAAAABRNwAIAAACgaAIWAAAAAEUTsAAAAAAomoDF/8/enYdFXa5vAL9BBRFmQCqRTcxUwMINBS1FTZKOKSJqWq4tLueo5ZbHzC1zqSzRxH4a7oi5AgGWGKaiJaBQSrJoR2UXNWBmQGQRfn8M82WGWRhUZMz7c11ewsx3ed9RFO553uclIiIiIiIiIjJoDLCIiIiIiIiIiMigMcAiIiIiIiIiIiKDxgCLiIiIiIiIiIgMGgMsIiIiIiIiIiIyaAywiIiIiIiIiIjIoDHAIiIiIiIiIiIig8YAi4iIiIiIiIiIDBoDLCIiIiIiIiIiMmgMsIiIiIiIiIiIyKAxwCIiIiIiIiIiIoPGAIuIiIiIiIiIiAwaAywiIiIiIiIiIjJoDLCIiIiIiIiIiMigMcAiIiIiIiIiIiKDxgCLiIiIiIiIiIgMGgMsIiIiIiIiIiIyaAywiIiIiIiIiIjIoDHAIiIiIiIiIiIig8YAi4iIiIiIiIiIDBoDLCIiIiIiIiIiMmgMsIiIiIiIiIiIyKAxwCIiIiIiIiIiIoPGAIuIiIiIiIiIiAwaAywiIiIiIiIiIjJoDLCIiIiIiIiIiMigMcAiIiIiIiIiIiKDxgCLiIiIiIiIiIgMGgMsIiIiIiIiIiIyaAywiIiIiIiIiIjIoDHAIiIiIiIiIiIig8YAi4iIiIiIiIiIDBoDLCIiIiIiIiIiMmgMsIiIiIiIiIiIyKAxwCIiIiIiIiIiIoPGAIuIiIiIiIiIiAwaAywiIiIiIiIiIjJoDLCIiIiIiIiIiMigMcAiIiIiIiIiIiKDxgCLiIiIiIiIiIgMGgMsIiIiIiIiIiIyaAywiIiIiIiIiIjIoDHAIiIiIiIiIiIig8YAi4iIiIiIiIiIDBoDLCIiIiIiIiIiMmgMsIiIiIiIiIiIyKAxwCIiIiIiIiIiIoPGAIuIiIiIiIiIiAwaAywiIiIiIiIiIjJoDLCIiIiIiIiIiMigMcAiIiIiIiIiIiKDxgCLiIiIiIiIiIgMGgMsIiIiIiIiIiIyaAywiIiIiIiIiIjIoDHAIiIiIiIiIiIig8YAi4iIiIiIiIiIDBoDLCIiIiIiIiIiMmgMsIiIiIiIiIiIyKAxwCIiIiIiIiIiIoPGAIuIiIiIiIiIiAwaAywiIiIiIiIiIjJoDLCIiIiIiIiIiMigMcAiIiIiIiIiIiKDxgCLiIiIiIiIiIgMGgMsIiIiIiIiIiIyaAywiIiIiIiIiIjIoDHAIiIiIiIiIiIig8YAi4iIiIiIiIiIDBoDLCIiIiIiIiIiMmjNr2flNfUYiIiIiIiIiIjoH+4ZS/MHPrf58462j3AoRERERERERERE6qRS6QOfyyWERERERERERERk0BhgERERERERERGRQWOARUREREREREREBo0BFhERERERERERGTQGWEREREREREREZNAYYBERERERERERkUFjgEVERERERERERAaNARYRERERERERERk0BlhERERERERERGTQGGAREREREREREZFBY4BFREREREREREQGjQEWEREREREREREZNAZYRERERERERERk0BhgERERERERERGRQWOARUREREREREREBo0BFhERERERERERGTQGWEREREREREREZNAYYBERERERERERkUFjgEVERERERERERAaNARYRERERERERERk0BlhERERERERERGTQGGAREREREREREZFBY4BFREREREREREQGjQEWEREREREREREZNAZYRERERERERERk0BhgERERERERERGRQWOARUREREREREREBo0BFhERERERERERGTQGWEREREREREREZNAYYBERERERERERkUFjgEVERERERERERAateVMPgFT9cSUHp5P+h0LZXQBAe1tr3MgrgJWFGYqKSwEArUWtMKDnC+je2b4ph0rUqKqkUpSlpSF/0SJU5uSoPGc+eDBsv/22iUZG/xQT/7MH53/P0OtYl042sLe1gvcAZ4wc2q2RR0akXZVUgtKY46jMycK9+HPyx2QSGIsshWOaOzigub0jWnr2RXM7BzRzcHzk4yhctRzlaSlan7fZe+iR35OIiIiebgywDECRrBS7ohJQVFyK7p3t8eE4L5XnTyX+BSuRGawszOS/i8wQfjoZ4aeTYWVhhinDPGAlMmui0RM1jvxFi1By4gQAQOTnh9KEBFTm5gIArCZPbsqh0VMo7Wo+0q7m40RsOnbvj8faJb5w7dy2qYdFT5GS0EOQ7g5CRar20EihLEH+u2ST/Heb4IMw9XwZkm++RkvPvjD1fPmhx1Oeehll5+Me+jpED6Pg1g1Yt2nf1MMgIqLHhEsIm9iG709jV1QCpgzzQPfO9th99DzCTyerHLMiKBrhp5Pht3AHTiX9BQDo3skeg9w7YcowD+yKSsDG/bFNMXyiRmXWuzeMLSwgCw8XwiuippZ2NR+zFh2EVHavqYdCT4GS0EPIGdQHfy+aq1d4pcu9+HPIn/gm8ieMQVn8b49ohERNp/ze3aYeAhERPUYMsJrIjdwCrAg6Br8Bbpjz1gBYicywIigaAXP8sCIoGjdyC1SODz/9J7p3sscfV3JwKvEv+C3cgbBTyVgRFI05bw3ACK+XsCLomNp5RE8q69mzAQDGlpZqz5UmJDzu4RCpyMmTIOzoxaYeBv2DVUklyJ8wBn8vmov7OdmP9NplCQyy6J+nWHK7qYfw0PLPXWjqIagpycrFrbjEx3Kfwsvpj/Sa5RJZvWMvl8hQLpE90vsSUePhEsImcCrxL5xK+gtT3vDAnIBwFMlKcWrLTABAxs1CSIpLhSWBN3ILMOctL5xK/B/8BryEP67k4I8rOZjyRm9MGeYBv492AAD+uJqDOeMGYMP+0/Ab4Mb+WPTEM3V1hfXs2bi9Zk1TD4WeMmnnlgofxydlYPf+OPxy5oracTGx6Zg8zvNxDo2eEhWpl3HrP+898uCqLnmQdQ6mHn1hNXvuI1laSNQUbmamwNrGSfi8WHIbFpbPPfZx5J+7gOuHI5EfdwEl2bkwd7CDw5BBcHn3bZg72mk951bcBaRtD0GFrBgA4DBkENyXLRDOuXYoArfiElGYkg63OdPRpk8vXD8SiWuHIlCYko4WYhFc3hsP53fehomlSDjn2uFIWDjYoc/Xn2q8d3LAFmQfP4U+X32K1i86qzx37VAE0nfsQ2GKPFRqIRahw2hfuM2ZLtyjrmuHIpB9/BTy4y6gQiqDw5BBcPAZhA6jh2s8viQrF2k79iH7+EmUZOcK91Gei+I1LUxJh/O7b8NhyCCVuZs72KHDGF+VuZdLZPjpX2NRkpMHAHg743e1exdeTkf6jn24djgCz48ajr7rV2ocIz1G0j+BVo5Ac/U3r4kUjKqrq6ubehBPk/DTySiSlWLKMA+En07GrqjzuJFXgD/2LhCCrYE9O2Kge0ecSvwLRkZGKucP6PkCimSlmLM+HDfyCrBiqg+sRGaYsvJ7WFmYIXzdu/LeWCIz+A1wa6JZEj06ORMmoPT8eZXH2MSdHgVtTdyVAyyFV0d+g9ybEpXHevdwQvC3k9SOjTmdjrS/8pGQdAMAkJ1bBAc7KwCAS6e2GOzlDM+eTmrnaRJzOh0Jv2cg7epNlcddOrXFyKFd1fpwKe5dl0tHG3gPkP9wEnr0otpc7Npawv8N9eb08UkZGl+jWe+p9mrMySvCidh0xMSmI/XKTciKy+DSyQZiUUvY21rBo6cTPHo4wd7WSq95P80qUi/j5oQxqJZJH9k1FT2w8seP1tm3ytx/DKxmzdOr6Xt912p3pXHDNyJA3gPLwvI5/JV8Gl16DUV5WQkK8jNgbeMEE1PzxzaOcokMcQuWo00fd7i8Nx6APMxJDtiCkpw8tBBZYOhPB1RCrMLL6UgO2IIOY3zh4DMI5RIZ0neEIHnDVgCAub0tvA9sg7mjHdK2hyBp5VcA5AGPub0tus6dgXKpTLgHALTp0wveB4LUApzB+4Ng07eX2riTA7YgecNWjDh7VBhbdvRJXDsUAfflH8Hc0Q4lWblI/HQdsn8+Jb+Hpzu8D25TuU7h5XScm78M7ss/gk3fXijJysWlgC24fiRS6znJAVuQFX0S3ge2wcRShJKsXJybvwy34uUVU4pQ6dqhCMQtWC7MvbVrZ7i8Nx7lUhnStoegKFX+BlPrLs4YvD9ICLGUXzNNAZZi7grKrwE9ftUFvwIVEhjZDG3qodBjIJXKv8f5/Xf1r01tevToAYAVWI/VH1dyUCQrRXtba7yz8nvsXPYWwk/9iSlv9AYADHTvKBx3ITULZeWVuFNUAiuxGYqkpXjWyhznUzLRvJkxpgzrjYHuHVEkK8Xzfp/h9+AFWBEULa/OqumL9ceVHFZi0T9SRZ1dCYkam8iiJQCJzmNSr9zEyMlBGp9TBEYJSRnYcyAeHj2d8PGHQ7Q2gg89ehGbt59GTp7meyqus3vzJCEMS71yEx+v+gGy4jKVYy3MTfFD8DTh87CjF9VCqd49nDQGWAlJN7B5u3qPReUAa/f+eKzdeFztmLSriiAtA2FHL2oN/KjW/eysRx5eNURJ6CGUhB5qUJBF1JSs27THse9X4lX/+SiW3EZ5WQnatuvyWMdQLpHhxLipsKoJVhQ6jPGFw5BBuHY4Ao5DBqmEI9cORSBx5VdwmzMdDj6DAAAmliK4zZ0BhyGDkLY9BC7vjRfOcXlvPNK3h6AkJw8VUhkG/LhfeM5hyCDEjH0fRalXcCvuAq4dikCHMb7wCgrAT0PHAQCSN2zVGGAB8qBMcS1NgZa5ox28tgXg2qEI5J+7APflH6mcn3/uAk6Mm6oSkpk72qHv+pXoOncGrh2OgNvcGSrnnJu3DNePRGL0pVghcDJ3tIP3wW1I2x6Cwsvpwn06jPEVgqoKqQzuyz8SqsU6jPFF7Ptzkf3zKRSmpCN9R4hwr9ZdVCvK6irOyoWVa2chAEvbHgL3FR/pPIcaR3X29wAAI4e3mngk9CRggPWYFMlK5Y3YB7ihva01dkWdxzsrv8eGeX44lfSX0NuqsvI+QqKT8MdV7Q2ru3eyw/37VTiV9Bf8BrghYK4fBv57M7p3tsdA947Y8L18GeGuowlob2vNHQrpiVWWmooKDc3by9PSIA0NhdjfvwlGRU+b0KMXka6hqmlkncBHWic40iUhKQOTZu7BidAPIBa1VHlu0Wc/IPzHS3pdx8FWXmYvld3Dx6si1MIrAPh86YhGq3zSFl5Rw1VJJbg1870Gh1ctXLrAWCQGAFTmZOF+7sMH/AyynixFRUVwdXVBdXU1oqOPo1s39TD6nyrlwo8wMW0lfN4UOxLGTp2LwpR09Fy2QO05E0uRSqgFyJfNJa78ChVSGTqM9lU7p/WLzhqXs5k72AkVVcphmImlCAOCAvBDvzcAQAiwWr/oDLc505G8YStuxV1A/rkLaiFW4eV0ONeML//cBSRv2Aor184aK5E6jPFFhzGq4y3JykXstHloIbLQGJCZO9qphVfZ0Sdx/Ugknh81XONSxLqvFwCYiGuPq7vUsc/XK3G4q5cwB7e5aqdrVJKdiwFBATg9dS6KUq/g2pFIuM2doXV5JNWjNBNV+cdQXfArqu9mAbI/AdFLMGohhtEzr8C4zb8A8Utqp1Vd/RLVpVlo1nVTEwyankQMsB6TDftPY864AQg/nYwpK7/HrmVvwe+jHUK4dDLxKvYcvYBrVzKwsmU+7EzLEGHUBnvvyf8RHWxWhv/0aAtbkSmCjiZgwdVcDOz5AiwtWqK1qBVu/LAURbJSjFy4A4XSUoSf/hPh697Fhv2nsWLq6005daIGK0tNxZ3Vq1WWDor8/NBMLIY0NBRVxcW49fHHKI2Px3OffAJjsbgJR0v/NIE1FUdSaWnN8j318Mq5o43GiqW6x4hFLSGV3dMYgMmKy7BmQzQ+XzpCeGxNQLTe4RUAIZhasyFa4zgnvekhLB181KSyewjcflrtcQtzU6GyTHnuHnoum3xayXZt03uXQfORo2Hh/6bWnlVVUgkqUi/jXvw5lKdehrH4wfqJMMh6MgQGBj6V4VWx5DbO/xIMn3FLYWJq/liXDCoUXk4XlrzVV/GjkLY9BBVSedPwBwlLzO1t1R9ztEMbT3dhLArO744XemtpqsLKj6utqEr8dF2D5gHUzqWNp7ve5yjuY/GIluuZWIqEuSv6aOnL3NEOfb9eiZ+GjkOFVKZSwUV6qpTgfspSVOfsV39O9ieqAVQX/Iaqq+tgZP0ymrmuEoKs+5fkGzYxvKKGYID1GNzILUB7W2vcyCvAwJ4d0d7WGnPWh2PXsrcQfjoZdwqLsXLbcVTJZPjiuWL4SG+jedu28Ci+iV7VEiy7Z4P5bSuxPTYVHtUSuAD4v4rL2HRehpVXcrBu9nCEn04GAFRXA90722PDPD8AkN83twDt7ayb8BUg0q3GKo6RAAAgAElEQVQyOxu3165FWWoqzDw8IB45EvZ792o89tlPPhE+rpJKUbRnD4p27UJze3uI/f1hMXgwmjs4PK6h0z9Q4Db1UEZZ7x5O2PzFmxqf8xvaFZPHeqotDZTK7mHNBvVw6kRs7Y5LqVduYs9BzTts9u7hhJFvdBMCq5y8ImGcMafTNYZezh1tsHiuj865PIzUq/lqFV92bS0RvmeaSlWZVHYPMbGPdmepf5r72VmQBAbUe5xp7z549ouAeoMkY7ElTD1fVgu4mjs4oOy8lpN0UARZosnvw3L23AcOxKhxWFpa4rvvgp6q8AoA/vrzNBw7uj/2JYPKso+fFD7WN4xSNEUHgJ/+NQ4taqqLWndxhomlSL4jXnW11mogcwfNwU95TSimHFIpKsA0VWHln7sAmz69hGorxVK6W/GJiBk7FQBg4WAnPN9CZAETsUilCis/7oIwdn2US2RCFVnyhq3Ir9khUHGfcokMJVk5aNO3l8ZKLCvXzjrn7jBkkN7jUFR1KVeqpe3YxwCrIaR/ojLeD6iUVw4b2Y+Fsc2/YCR+CTBrB1RKUC39E9V//4qq7P2oLvgNlfF+MO60UN7zqrmY4RU1GAOsx2DX0QQM7NkRK4KiUSQrxafTXkf4unfxx5UcXM/9Gyu3HUdR8T0sqczEazm5MLat+cHHyAjDpNdxsRnwfZ4YYlRit7EdpMbN4XFfijfbNsOK2/fw0aZILHt/CHp0dsDAni9gzlsDsCsqAbuizuPUlpmYsz5cCLSIDElldjb+DgyELCxMeEwWFgZZWBhMXFzw3OLFMPNU3+VNObiqksm/aSlPS8OdNWtwZ80amHt7w2rSJI3nEj2MwV7OWDxniNqyPwDw7OmktTm7WNQSny8dgZjT6SguqQ19ZMVliE/KgGdPJ+w+EK/xXL+hXVWqtOTkPaty8orw8aof1M6xMDfF50vVl6Y0ttybEqRezVd5HcSilvVWqz3tijZ9Xe8x5iNH45kvNjzUfZ75YgMs/N9E0TfrdTZg10a2exuKQw9CPOV9VDVyn67Y2Fhs3hyI2NhYSCTyXnDt2jnhyy+/hK+vL4YMGaK20Y1CdHQ0Ll68iIULF6o95+TkhAkTJsDLywuxsbFYvXo1AODAgQOwslJdapuRkYFp0+T947777jvExsZir5Y3VyZMmICJEyeqnLt3715ERkbg0iV5wGxpaQkvLy8cOHAQwcHBWq/15Zdfolu3bvjoowW4dClZ7fnhw4dj1qxZwueZmRmIioqCRCJRGQMgX144duxYAICVlSUOHDio8Z5Pksyr59GuU2906fUvvY6/mZmCi78eQfd+o2EufrZJdifUxmHIQJXP23i6q4RG+sqOPomi1Cuwcu0M53dVgx/lKqxrhyKEAOvaoQih/5ayFiILuM2ZDgDCToraxqQIvfStfFIO78ztbeHy7ttoIRahJDsXJmKRvEl7TZCnifJSQk1z1zd8uhV3Adk/n8I+px4qj1dIZcISTKqHUnhl1OZ1NOuySh5aKWtuCSPrV2Bk/QqMOy1E1Y2tqEpdiqrUJUBLBzTvf1LztYl0YIDVyG7kFqB7Z3vcyCvAjbwCGEG+XLBbJzucS76BL4N/QVHxPQBAqHEbtLQwx5ttRTDJz0NLt5dwr7oaY0ruYltxC3hWl2C+TQXa1PzHE/lzIoD2KCq+h5XbjmPhxFfx71GvoPuEr+A34CWEr3sXANC9sx2rsMigaAqu6ipPS0POpEkw8/DAs4sXw9TVVWNwpUlJTAxKYmJg5uEBm7VrWZFFj8yJ2HSciE3HpLGeWDxniMZjcvKKkPB7BnLyJEhIuoHqasDISL5zoKW4pUqApSzmtHqVkl1bSyyeo72K6j8LD2rse7V4ro/WBvGPiqL/Vl2TZ+6Bva0lBnu5wLOnE3r3cNIY+JFclVSCkrDDOo95FOGVgqnny7AJeRll8b89UJBVLZNCsmn9IxmLNlOnTkVISG244+jYDlZWlkhOTsalS5fg6+uLs2fP6LyGRCLBmTPqGxCcOQPs3RuM/fsPwMvLSzgmMjJSLfyJiIjAmTOxcHRsBycnJ2RkZGi8JgD0799f+PjixYt4/XUfIXgDgH79+uPs2TOIjJTvyqbrWorzLl68pHGeZ87EIjIyEtHR0SrHKY9BITg4WOU+sbGx8PLyUjvuSaJo3G7b7kVUoxrdXxmt8/iUCz/iZlYKLp8/ilf91ftUPSrZ0Sc1BkJ1KYcwDkMGqfV0aqjkgC24digCbnOmawxwlKuwrh+JRNe5M2DuaIdbcRc09toqycnT2vC9LsXSvcKaIKs+qtVhYr1eL13StocgfXsI3OZMh/O74/WugsuKPok+X32qUs127VAErh+JRPKGrY0WYL3gKt/IxPvVnti6ec4DXSM75zaGjVwKmewuPpjphw9nPZp+sMdjEhEafgY/n0gSHrO3fxajR/bHlIk+EItre82hUlIbXtmP1buKyrj9dBiZOeJ+0hTgXjaqpX/CyPoVteOmz9yAmF+SsGTReLwzWfP3QG9NWoOE82laX8uU1AzsCj6OI2G1/4aOGtkfSxaNV5mL4l66ePR2wfd7Fmt8bufuaKz6PAQiUSvs2/0xurjqbpfQvfd0wMgISz4ej9Ej1f/NVhwjKy7V+fdEKr2LXcHROBx2Bjk5d4THXxvcE1Mm+aCPh6vGcQJAZOhnOse5MTAU32wO1+vYpmDc1AP4pws/nYyBPTtiyjAPnPq/mRgx4CUM7NkRu6ISICkuFcIrAEhpJsKSsra401zeF6vy1m2YdHgebi/Y4v/e6IwJPR3RMjcb0iPhuF9QiI7SW8K5RcX3ICkuxa6oBPgNeAndO9sL/bX8BrgJSwyJmlKVVIqCwEBk+vnpDK+UlSYkIMvPD/mLFuHGq6+iYNMmneFV3XMz/fxQlpr6MMOmp8zuzZOEXx9/OAS9e6j/x73nQDzWBESrPJZ65SYmzdyDwf6b8PFnEQjcdhoJSRk4/3uGsGugtl0FAWgMtlw62WgNfzZtO62xt9ar/Ts/loone1srvNpf83KOnDwJ9hyIx8z/HsRg/2+wZsNxSGX3NB77tCuNidb5fDM7e7T+5NNHfl95kHUYz23ehmZ2hrNj8apVq4TwatiwYcjNzUN6ejri4xOQm5uH4cOHqxy/ePEnuHu3VOVXXceORePu3VLs338A4pqeiYGBgbCyssKwYcMAAJGREWrn7d0bDADw9VW9Z79+/dXuuWTJEgDyYEoRXonFYuHex48fx927pTh2LLrea9UNmBRzTE1Nw/jxEwDIQ6yLFy/W+3oGBgYCkIeAgDzQetJZWD6HfkP/DRtH13rDKwBo264LXnjJq8FLDcvLSlAsua3zGOUla9cOR2o85tqhCCRv2IrsaHm1SRulECdte4jWa5+btwyFl9Xf2CiXypC4Yh1ixk7FPqceSNuxD15BATqrj5zfHY8WIgsAwKWALciOPok2fVRDKud33gZQW4WkSUlWLmLGTkX+OfnSQUUgVZKdKzxWV+KKdUjesFWYi6JfVmFKutZz8s9dQNz85SjJUq3sKky9Isz9kJsXkjdsFeaub3hVkpWLwpR0dBjjC5u+vYRfil5gJdm5Wuf/qEhldx/43J27oyGrOX/nnuOQSh/8WoA8CJkxawP+PXujSngFADk5d7AxMAxe3vNU7nM/ZUlt5VUDlwAa2QyFsetn8uskTgYq1b8vUrw+qz4PQVyC7u/hNb2WKakZeHvyWpXwCgCOhJ2Bl/c8pKTW7sT8MH8WALBjzzEAgEx2Fzv36P7/HABkxaWQye7iv4uDVMZR9xhdYzsekwgv73nYGBimEl4BwM8nkjB+8lpsDAxVeVwqK1H6WPecDyu9bvrM6XFjgNXIrERmuJFXgF1RCXjns+8xZ9wADHTviJsFMnwRrF42ObGlFO0qitGye1e08vQAjJvBuFkzGItEKMrNx7+bu8J40CCUpaVDhEqIqyuEc7eGncPNAhlWTH0d7W2t8bzfZxj0782Pc7pEWlVmZyN/0SIU//yz3gFU3fNNXVzQ3K5hZfVVMhly6ryrTqSLYimgZ08nTB7nieBvJ2kMavYcTEBOXhGA2vAqIUnzNyMPSlcVlafLMzg0/hlEPR+PyA61v5YUHIDku/WokmkPy/Qlqyd0+nzpCK0hlnCN4jLsORCPWYue/KVLjeHuz8d0Pm/1wfxH1nPqfnaW2mNmr70O+1PxeObz9QYRZAUGyn8Y6tevPw4ePKSyrM/Kyuqh+jz5+vpi+HB5ZYVEIv/aVXweFRWFoqIi4diMjAwkJ8vf/JswQf//QwIDNwkVVNHRx9XCqIepfnJyclKpElOu8NIkNjYWWVmZEIvFWLdO3jg7KipSZZ5PkvKyEhTcugFAHmLpG0h16TUU/Yb+G116DdX7XjczUxC582NEf/8ZMq9qbxzX+kVnIZDJPn5SY/CRtj0EyQFbhOVzLu+NF3o5XT8SqfEcRTWQoseUMhOxCO4rPkLrmmtUSGWIGTdVY9glnKO0G+L1I5FI27FPrceU29wZQsiVuPIrjde7FLAFhZfTYFFTuaQcjMVOmyfv36Wk8HI60nfuQ3LAFqHyTDloi1uwXO0cQF5VlhX9i9qyxQqpTJh7hVQmzL0hgdOlgC0aK6xMLEVweE2+pFNbGNnUpNK7OBJ+VvhcJrurFtI01FuTVgvBlcjCDP5+/fDBTD98MNMPHr1dAAAfzhxZW7VUmonqnANAcxGadXuw/lXG7afDyLovUClF9c0fdR47Y9ZGZOfoDpLr2hgYJoR8SxaNR8juj/HBTD+ILMwgk93FZ2trg+NRI/sL8/X36yc8rvw6jNJSKXU47Axyc/8WPg8NP9ugsc6YvbHBAWRcQir+PXujMD87u2fwwUw/LFk0HlMmDoHIwgwiCzO8M+nBNnHTNKeHDUkfNQZYjexGXgFWBEWjva01LM3NsGH/aYSfTkYr0xZqxw42K8NXr7ZHcbvnsefY7yjY8h3K//c/yGQl+Gz/r+h7xwE5MMW5U0lIvimDve+/cOnZDLxTmQ1AXoXVyrQFwk8nY0VQNH4PXoAPx3lhw/7TKCpWf0eS6HFq7uAA22+/RbsffkDH9HTYbt4M88GD9T7fzNMT9nv3ov3Jk2h/4gSsZ82CsYWFfidXV6NK2rj9WuifbfK4Phofz66pqFr0WYTaUj7njjZYs8RXpaLLuaNNg+6beuWm1uc8+r0Et1n/wfNf/R/E5qYwTf8dpum/o/KPeEi++xo5w/tA9v22Bt2vrvh6AjmxqCW+/XIswnZPhd/QrrBrqz1oSUjKwO79mvt8Pc3uJWhfwmdkIYK5v+YNAx7Enf/ORf6EMSiL/03tOXP/N5s8yIqNjYW05t9q5R5Pj0pRURHOnJH/sNe1qzwIU67oUizvA+TLBwF55VJDQrOICPk1hg0b1ihN1RUVVGKxGF27dtXr2OHDfeHr6wuxWAyJRKIyzyeJiam50M/q/C97dAZLD8vaxgnF0tsolt6uNyjzCgoQAqm4BctVwpT8cxc09qbyPrBN5ZzkDVuFIKfwcjoSV36F50cN19jIXMF9xUfo89WnaCGy0CvIUb5/4eU0taWLJpYieB/YpnK99B37hHGlbQ/B9SORcF/+kRAsmViKhMqlCqkMJ8ZNVamaUlSY9Vy2QDjHpm8vYdwl2bn4od8bKoFR2vYQ3IpPFK6rbe5e360Xxhq3YDnSd+zTerxCdvRJXD8SCUctzd4VSxoVDe8NzZGwM0Jw4eIs38xjZ/CDV8hsDAxFWnqWcL2o8FVYt3YaPpzljw9n+eP7PYsRGfqZyjK+qhtbAchDKDR/8DdXjDvJexTe/+srncfJZHcxY9bGBl1bsSTQ368f3pksX0734Sx/bNk8B/5+/bA1sHZZ3uiR/YX5KgdVo5Qe17bUb+du+RtQdnbPCI81JFDMybmDhYu/0/t4ebVc7WuxZNF4nDkRgA9n+eOdyT5YungC/ji/FVHhq1SXfDaAYk6Kv18AsHOP7jfaHjcGWI3oRq5818Hune3wQ+yfkJSUor2tNYpkpUhKzxGOE1dXYPmzJdjk+SzePpkHl+i/scGiNZZ3bYFNHbOwtXUSTLwyMbrTb5hldxsyNMOqZh3Q6dgdHMsrQ6aothllUnpOTd8tO3y6LRq7j55H98728j5cuQVN8TIQaWTu7Q3bb7+FY3g4TFxcGnRucwcHWM+erXWnQmXGFhaw+eILGNcsGyF6EIpKK01Sr9xUW8pnYW6K4G8nwf+NbioVXbquoyn8Of97hs5zAKCZnSNsvjsC82FjVB6vLpai8Ovl+HvFXJ3nK+5Td4lfTl6RxiWKmrh2bovPl47AL2Ef4ETobEx600PjcalXtQdyT6tqHc3QW7326HeRLEs4h/yJbxpkkBUbW9urSd9KpTVrVqNVKzPh16pVq9SOWbjwI/Tp4wk7O1tkZmZg/PgJQkWStmWEir5RdZcPAsDZs2dU7tmqlZnwXFZWJoDagKw+uq6lsHfvXvj4+KBVKzOEhOyFo2M7teq0uoqKioSlmIqQTlFttnlzoF5jM0Rdeg2FjaMrXnjJC+069W60+5iYmqP3qxMxaOS8+o+tCX7c5kyHub0t4hYsx0//Goe4+cuRvj0Efb76FEOPHVBZ4mZiKcLQYwfQc9kCWLl2RnLAFhzu6oV9Tj2Q+Ok6uC9boNafykQsQhtPd5W+UR3G+GLoTwfg8NpAIcj56V/j1JbeKe75/Cj534UOozX3eGr9ojNG/PqjMJfET9fhcFcvHHqpPwovp2PE2aNq1UsdxvhixNmjeH7UcBRn5eCHfm8gduo8xE6dhwqpDIP3B6kFcYpxO7/zNkxEFoibvwz7nHpovY9i7opljoA8bFLMHQASP12HH155Qy14UjxfkpWLcwuWw+G1gVqb5DsMGSRUlCVv2KrxmKakWK7m0dsFSxfLlxPn5NxRWfLVEIrzRBZm+H7PJ3CwV9/goG7/o6q/5f9vGNvoX9GoiZH1K0BLB6A0S+MyQsW4ACA1LROfran/e34FRaAUfz5NpXqoj4cr1q2d9sDhjrK4hFQh/Ptwlr9QvbVzz3G9zlfM7ecTSdi5W78Q8viJRCHA/GCmn9b+YJr+HPVRd07er/YEoP+cHhc2cW9EN/LkgdGKqa9jV1QCRni9hIHuHbEi6Bhu5BVg7jP30K/gOqQ2dnBxaY+TCZfxruQO3gVw79UsiI2u4O49wN7JEuWlEhi3AXKlUnhlWkF0/z4qWj+Hjh3c0D79KuaaViGuVVuckZWiqLhU7Z6nEv/CjTw2cifDY+rqCofgYGSOGIHKXP12sVE+t7m9PSpzcjQ+L/LzwzOzZ7OJOz2U+KQMrN2g/ZsLqYYm6q6d26r1rtq9P15rA3cA8PZyxp6DCSqPyYrLMPO/B7Fn86R6G6G3nv8p7p46hupi1eUYJVHypXvPrAgAAIgsTDWev3bjcaxdIv+BIT4pA4s17G6oD3tbKyye64PUq/k4/7tqBZeuHmBPo4rUyzqfb27vqPP5hyEPss7B1KMvrGbPhannyyrPm/u/CXP/N1ESehBF33yN+7ma/51tLLrCGWWKBusKyh8rKHYBBOQ7Gc6aNUvl+sOH+yIqKkplGWFUVBQAzcsH5dVPj6a6Sp9rZWZmIDOz9mtpxAjfegM+RZWVo2M7+PrKv66HDx+OkJC9uHTpEi5evNgoFWKNJeXCj8ISwIb2snpQDVlyaGIpgtvcGXrvgqfg8t54nVVWyry2BWh83NzRDl7bAlAukaEwJV1nA/a+61dqbNyu7EHmYu5oJ1y3XCJDSXZuvc3pzR3t4L7iI7iv0F5ppVDf3AF5tZvyDoY2fXvh7YzfVY4dk6x54wQFE0sRxvz5cEvyGovy0q53app029k9g9zcvxEafkZrlZA2KakZwvVGjeyvf6gjq/l/S/xSg+6niVErR1TraObu6uoEB/tnERp+FruCj8PV1UmveY4e2R/fbA5HTs4deHnPw7uTfeDv1++Bgx1NFKGTyMIMo0f2Rx8PF4SGn4VMdheHw+r/83B1dYJY1AoxvyRh1echcHVtp9Z4va54pX5g2pY1PgzFnOzsnsEQb3eIxfLx6Tunx4UBViNrbysPjKYMU303+uLVXPzH3QZtje7AunkFSivvo5+rAwAH/FF+Ca8MnQWgEs9aSpCXfRNmZi2Rd7s5Xmnvif81Owy3Avk3tdnGLWFmbQlR2T04OjngdOL/MND9BbV7WonMUCTjMkIyTMZiMVrY2zc4wCravVtreGU9ezasJk1i5RU12KSZewAA1dVA7s0iraGLXVtLePZ00rjM7vzv8qbtk8Z6Qiq7h/AfL2LtRt3vYE0e54nQoxfVQq60q/kY7P8NRr7RHa6d5UsQc/IkiDmdho/n+MCzp/wHdmORJaymzUfh+hVq1y6JOoiW7n1gPnwsPHu2xy9n1HeMCjt6EWFH628KrayX95d4baALvL2cYdfWUujZFZ+Ugdyb6pVj2sKzp1WVVHegZ+L6YqOPQTnIsv5kBVrUuae5/5sw8/aBbNc2SHdtUwtIHyXl8Enf3fImTpwoNFDX5tixaHTt2hU+PkOQnJyMhQsXCjv4AfJgZ/p0+cfKy+u0LR/s2rUbjh/X/PUsFoshlUqRkaFfPzxd11JYvPgTLFmyBKtWrcKaNasRGBiI8eMn6AygFL3EpFIJfHzU36UPDAxEUFCQXmM0BBaWzyHhxG4YGRmh7F4JPAZPgomp+QNfL/Pq+Uat4GoKJpYivXcPbOxxmFg+3M6KDVF4OR2x0+SVch3G+MqruvRs6P4kUSxNU4QLAPDupNex6vMQxCekIS4htd4ARJlyI2/PBpwHQN6/qh7VBb9qDKVUr/MKqgvOARXa/y9c+vEEpKRmIC09C6vWhqCLS7t6d8X7cJZ/zS59xyGT3cXGwDBsDAwT+l09bJCVnXNbWKaoCJIc7J+DR28XJJxPwzebw/QKe9atnYa3Jq1GWnoWZszaiNiY9TqDxGylhu2PMoyTX7t2Tu/W9M9SDkn1ndPjwACrCU1PlODLihL4V10HrtUmqi3cimGc+QHMrdrhel4PtO/kghtX01B15w8YVXwNSVEHvPDbNQCAonVuqHEbLLzDd7bpn600IQFVUilKExJQHBOjNbwCgIJNm1C0axespkyBdSP0UqF/Ln0bsc96fwAAedN3C3NTteBpzYbjWLNB/7JrReXS4lXqPUwUjdDrI3p7KqT7gnD/pvrXRtF362E28HV4D3CuN0xTcO5oo3MZYXFJWYOCL/83uut1HD1+ZQnnkDfCB+b+Y2A1ax6aOdRWfxmLLWH5wXyIprzfqEGWcmC1evXqh2p4XpeVlRVmzZqN6dOnCTv4KQIgxTLCqKgolWWEmpYP1sfLywtRUVEICdmLJUuWaKwIe1BLlixBYOAmSKVSnQHUxYsXhQb0EolEWA6pLCrqyeqD1a5Tb1hYPofye3cfqgKrvKwEZ4/+H7L+SsQLL3k9dBBWLpEhfec+lGTlok0fd43NwbOjTyI/LhGtu3TW+LxC/rkLuBWfCKB2yZymKiZ9KpxKsnJRLpUJxxReTkdh6hWUZOfCbc50ZEefRGHqFeFempbVKY/Hbc50jfe4diQS5RIZ3JcvUHk8Pz4RrV07C/e/digChSlXYGIpn5c+QVvdMT4/arhKMKX8Ooz49SjKJTJkHz+JxE/XwcLRDg5DBsFELEJxdq7W+5Vk5SJtxz7Y9FFdmmlo4hJSkXA+DUBtuADIw5ONgaGQFZfiSNiZBgVYD6O6Qve///cvzUb137+i+aAknccJWmjvpSUWt8LWzXMwzG8JZLK7WLg4CPt2L673kksXT8A7k32wMTAMP8ckCq/R8ZhE7Nv9cb0hmC7KS/6Ul/GNGtkfCefTkJNzR69AUSxuhXVrp+HtSWvkvb5mb9Brbo1hY6B8d3iRhZlKddeHs/zx38VBes/pcWAPrEamWEZY14Ae8iqphS2cEWrcRuW5Z1/2QlXrUbiWWQX8/QMKLn+BtsY/QGxxHya2o9Daw0/l+FDjNljYwlnlunWx+oqedNLQUORMnIi8mTN1Vl4pq5LJULBpEzJHjEBZqu5teIkaYuZ7XvB/o7b6YfI4z3rPsTA31dgbSrnHlf8b3TDzvYf7od1q+nyNj9/Py4Zs3zbY21rpdQ8Lc1N8vlT7D1t1e2bV59X+neE94PG9K/8kqG93wfJ6lhg2hpLQQ8h5tS/+XjRXbddCRZBlfyoOlrPmwsji0VY5ODk5Yfx4eV+XM2diMW3aNLUd8x5mB72JEydCXFOVGxio2gdKeTdCXcsH6/PJJ7XVYD4+Pip9vYCHGz8AYRdCXbsJKubm5uaGY8eiVX5t3SpvGCyRSIQm74ZMuVG7dZv2D7180MTUHBaW8sqFdp16PVR4BQCFKelIDtiCa4cjUJKtuYr82qEIpO8I0fh8uUSG5A1bEfPm+0gO2IK0bXuRHLAFiZ+uw09Dx+GHV95AdrTqruVx85fhp6HjdDZsL87OxU9Dxwk7CSYHbEHc/GVIDtiCQ25eiJ02D8kBW4R7/dDvDSR++pXKjoCKuSUHbNF6j+SALUjfUbujW9r2EPzQ7w3EzV8mv8eGrYh9fy6yo08ifYd8N8YT46Yibv5yrWNP2x6CxBXrUJiSjuLMHGGMh7t6IW7+cqG/l+J1UFzLxFKEDmN80Xf9SrjNnYHWLzqjODsXJ7Ts0KgYa/qOECSu1N1IvKkpNwZXDhfE4lZ4raYaq6E74IlFtZU+ykvT9CL7U/PjlRJUnn0V1fk/orn7nnovU13wq163c7B/Dl+unQZA3g9r1ech9ZxRe966tdMQeyIAH8yU//wsD4oa1hRemfJOkN6v9lSphBo9sr/Qf+ubzWF6Xa+LqxOW1PQzi09I09nry8H+WeHjlNRHt+u1VHpX2InytZqlgwpDBrsL/br0nVNjY4DViBTLBzU9biWqbdK5sIUzVjd7XjjF3EkAACAASURBVPg8I+MMxLZ94TToe1j2PQnjTkHIaPENpBb/QbVFXxRk/iQcqxxeAfKlglYW6g1AdY2H6Ekg9vdHh/Pn0WbtWpj1bljZf3laGnImTmSIRQ/Frq0l/IZ2xYnQ2ZhdU32lMPv9AZj5nhcszDUvkXPuaIPgbyfBpWaJnbK6Tdpnvz8AuzdPQu8e9b87qKnBu/nwsTDtqXnXROn321CR/qcwXm3s2loi+NtJwpJAfe+tiYW5KWa+54Vvvxyr1/FPk7rL9eqqzMnS+Xxjaqoga926dejXT/4D2t69wbCzs4WLiwt8fHxga9tWLXiq28RdUxN0ZdoCIOVwC9C9+6CmxuuK5vHdunUTQqLMzAy8/rp83D4+PkIjeX2vpYkiVNO2m2BRUZFQXTVhwkR4eXmp/Jo4cSLc3NwAyJvDG7rMqxdQXlYCALiZmYKUCz8Knz+ojm4D8NaH24Qgq7Fpq7oqvJyOn4aOQwuRBbwPboP3wW0Y8+cZDN4fJOxQWJKdi9hp81RCrHKpPGSqu+OhJopjnZX6bHUYNRyjL8Vi9KVYeH23XrhX+o4QYSkeALTu0vA3HFzeG68y9uLMHHhtC4DXtgCMOHtUeO7a4Qi1YKxcIkPMWPkuhu4rPoLb3Bnou34lRpw9ijae8pCmhchCqBRTzO3a4QidgRgA5Mep7yhYIa0N60qyc+t9LZtKds5thNYEJgDQw3MGXnCdJPxSfk7fZuCAPDhRhC1Hws+qNDvXSVTz/5a0TohVKUFl3EigNAPNPX/Qq0dWdc01jPQ4doi3uxBCHQk7I1SkaaMc5onFrfDhLH/hfEU10YNQ3gky5pcklT+LF1wnCX3F4hPS9A4UR4/sLzSB3xWsvUL+tcHuwsePMkzaueeYMKfQ8LMq8+nhOQOyYnkhTEPm1Ji4hLARtbezxq6jCRjo3lH1cVtr9HS2xw+xtV/4O5s7QIrm+OL+VbSoykWLnAVoAaDoFnC7+HkYlV+HmwtwIxFo1fw5AOZq4RUA9HSW7zhY16mkv7Bi6utqjxM9SYzFYoj9/SH290dldjb+3rQJsvBwvc6tksmQN3Mm2v/ySyOPkp4Ui+cM0diAXRNFnyldZr8/AJPHeiLs6EVIi+8hISkDHj2dYG9rJVRr2dtawX7zJJXzHGzVq3A8ezrB89tJSL1yE6lX85GTV4TUK/Id/Fw7t4XYoiU8ejppDZie+3oH8qeNRsXVFJXHq4uluDl9DNpuPYTZ7w+A/xvdEJ+kutOhR8/2KvPdXWe8Cq6d2yLh+EdIvZqPhKQbwuOpV24K43Lt1BYePZ3qbUD/NDOyEGldjnc35jie0fjM41MSeggloYfqXVoo+WY9ZHu2P/T9rKyscPz4cQQHByMyMgJRUVFCE3OxWPzQS/ImTJiIzZs3CxVIs2fPFp4bPtxX2LnvQZYPKkycKA+OVq1ahdjYWGRlZQrL+BTh0YPq1q0b3NzckJycjNWrVwuBnEJkZCQkEokwDk0mTJiI//53Ic6ciUVGRsYjXeb4qHV/ZTSO7VuJwtuZcOzoDo/Bk3VWTRVLbtcbTFm3aV/z+8NVX+mrhVg94C28nI6YcVNhIrJQa+Ju07cXhh47gHPzluH6EXkYeW7Bcozo00utt1PcAnlwo2tpIqAaRik3TXfwGQQHn0HCvW7FXcC1QxH1Xk8XR59BKKpZ+qd8HXNHOwwICsAP/d4AAFw7HKnSKD5m7PsoSr0Cr+/Wq1zP3NEO3ge3If/cBa1LAa8dlodPfb7+VOPzymGVQv65C+i5bAGSA7agQlaMa4cjH2rejaUhodSR8LP4cJa/3g3ZFcvDZLK7eHvyGmwJ/FCtt1JKaobKcjtjm3+hSnYZ929sRbOu8l57DxReZX8PVMrkgVhz3dXIyuONS0jTGV5l59zGwsVBSEnNVFsqKBY9/Ne8YidIfWwMDMO6msqx+qxbO03o9aXNEG93uDg7Ii09Cz+fSMLCxUH4cs1UlWOk0rtIScto0FK/huxi2ZA5NRYGWI1MU9XTQPeOOBan/oV3pLn8G/4h91TLXMut34PpzdqSdJMWRhrDK0vzlrhbVqEWmBH9EzV3cIDNF1/AasoU5C9ahPI03e/EANBr2SE9PXRVFz0osailzuWEYlFLvcIwBdfObR9onMYiS9h+/zMkW7+GJEj1hwFFiCV+eyps33pPZSmkJrrGq5hPQ+ZEqlq95oOSsMMan6uWSVESehDm/m8+5lGpUw6yWi9eobL80VhsidZLPoV4yvso2vS11vk0xMSJE7UGMABw967u1gheXl4aj+nWrZvWc4OCgnQ2Nl+yZEm9DeMVnJycHvpa2pq7x8cn6DxO1+sGALNnz1YJ7gyNcghlYfkcfN/5Qq9z/vdnLDKvnscrQ2cIIZWhip06FxVSGTqM0h6Uui//CLfiLqAkJw8VUhluxV0Q+jQ5v/M2rh2OQIWsGHELlqMw5YpKH6q6ClPUl9Bpu1d29MlHFuTUreIyd7SDw2sDkf3zKZUlldcORaAo9QraeLprbcCuKbx6ftRwFKakoyj1Sr0hliYdRvuiQipfxnkr7oLOkOxRSk3LxNuT16g8Jha1wpKPx6sESMrL1Tx6u+D7PZr7I+3cHY1Vn4dAJruLI2FnVPoy6TJ6ZH/EJ6QiNPwsUtMyMcB7PkaN7C8sVTsek4jUtEyMGtlfCEqMHcah6q+vUJ1zAGg/HWjl2ODwCgDuX10HAGjWvmFhyNbAOfAaPFeoCtIkJSUDsuJSvD15LT6cNRJdXJ2QnXMbGzfX9nl6kF5OyjtBfjDTT2vz+527oxHzSxJCw89i6ccT9A4UhV5fOuYm9MxS6uk1umYXyeycOzgekwiZ7C4iQz/Tq8+XvnPaGBiGhPNpDZ5TY2CA1ciKZKUokpWqLBkEgLbWIvx34iB8Eay6rv1I87bwtHgJ9+6dQ8uWQGsxkHFtG17qUHvMzbsvqIVXADDDvy/aWqv/o18kK9W6rJDoSWfq6gqH4GBkT5xYb4jV0KWHRE86y+nzYTH8TRRHHkRx5AGhuXt1sRSS776G5LuvYTbQByadX4JJ5xdhNlC/b3rp0Wnp+bLOwKdg9QqYefvU2y/rcSkJPYS7P0dDPOV9iCa/pzKuZg6OeOaLDbCarbkPmyGKjY2FkZERAKB/f/nSxYqKClRWVqJZs2YwMTFRO6eoqEhokt6uXTuDrmB6Uv3x62F0f2W03sebtGyFq8mnUCK9g2LJ7SYJsPLjEoENW9UeV/RsUii8nI6SnDwA0NmI3cRSBOf3xiOppj9TYUq6EGC5r/gIHcb4Imbs+6iQFSN9RwgqpLIGhTd179WmTy9cPxKJ7J9PPdA1tF23LnMH+RJAc/va5bSKJZIVsmLcipM3jrdy7axyfv65C2jdxVnlsQ5jfNG6i7NQvdWQEKtcKoOJpQhuc2cgK/okilKvIHnD1scSYMlkdxGfoP4965RJPioB1vETicLSrg9njdR6vXcm+2DHnmPIzf0bO4Oj9Q6wAPkuf2JRK2Hp2hEN1Tjn4lOQnXNbPjazdjBuPxVVN4JQeekD+QENDK+qUj8B7mUDohdh5PCW3mMF5MsB9+1ZjOH+SzU+72D/HJYsniBUlq1aq94v68sHrCBSvDYiCzO8M+l1rSGOWNRK2NFv555j+HCWv17XV/T6+reOHl1dXJ2wb89iTJ+1Abm5f0Mmu4ude9Sr9H4+kahXgLVzt7yiTGRhpnucs4Dxk9fKz2nAnBoDA6xG5jfADeGnkzFlmGrj3inDPPB/R36FpXlLSEpUG+GWtHBDi55fIu23jbAyzUJb20q0aG2P0hadYef9LtJOqH+ja2neEpLiMiyarN4gOPx0MvwGPFzJOpEhMxaLYeHtjQIdAZZZ796w/fbbxzgqIsPQzM4RltPnw3L6fNzPzcK9xN9QmZuNKpkEVcVSNLd1RHNbe5i6a+6bRY3LzFv3DxrVMilu/+d92Ow99MD3qJJKHmkAVi2TQrJpPaS7tmkNsh6Ucg+r1NQ0lXBoyJAhOHv2DBYv/kRj9VLbtjaQSqUaz1V28eJFbN68GXv3qjYxt7S0xLFj0fjuu63YuXMn+vXrr1LddPHiRSxcuFBtV7/+/b3wySefqOyauGrVKqxZs1p4Pjpa9QcMxTyPHYtW220xODgY06fLf8AaP36Cxkqu+l6LJ5mF5XMoyL+BYsltlJeVIOtqIszFz6Kj2wCt55iYmsNj8CSU37vb4MbsmVfPo227Lg/d0P1W3AXc0tBrqa7yOr2XdLHpox6mFKako/ByOlq/6IyhPx3A6alzH7gCSZlFnV0I65tLfWPXJvu4PKxSXj6o6FFVnJWDc/OWCgGflWtnWDjYoU3fXnAcMkhjIGZiKYL3gW0NCrEKL6fDyMgIyTWBo4WjPYpSr8ir0LJy1XZkfFQ8ervofF65STcApKZmwKO3C8SiVvVWDC39eIIQZNRd9qeLWNwKSxdPwKiR/bFzTzSyc+4IS/Q8ertgyGB3jKqp8FEw7rQQVX//JjRzb+YZ1qDwquqG/N+05ooliHV0cWmn8rva865O+GLNVBwJO6PxmNE1VWSKSigF71d7ChVZmohFrYQ/I+Um90BtTy3Fa6KrAqmLqxP8/fohO+cOUlIzVZ7zfrUnpLK76OOh+e/CEG93nXNTXP9o2GocP5Go0g/MxdkRXVyd8M4kH7U5uro4qc0tO+c2xGJzYU669PFwFcZed06PGwOsRtbezho3jqrvRGglMkNft/aY9/YArN93WiXE+vZkJQba/QetbXujWjQBL3Zxg0xaDKPbMcg7Nx0bojoBqC3JsjRviXlvD4BXjxfUKr0A4FTi/9QCNCJDURITA2lYGErPn9d5XNHu3ajIyYGpqytMXV1h5lH7d7osNRXFMTEaz2tuZwfr2bMh9m+6dwqIDEUzO0eY27GZuiExFltCNOk9nf2jyhLO4e9Fc9WW7unj70VzYTFyDEw9X37YoaqpL8h6WKtWrdK5DE9ZcHCwEF4pPtcU7ERERGD69GlCn6h+/frDyckJGRkZuHTpotbG7bGxsRg79k2V86ysLBEbG4szZ2Lx+uux2Lr1O43L986ciUVsbKxaUKVNYGDtD3UhIXuxbt06WFlZ6XXuP0X3fqNx9sf/AwC0bddFZ3il0K5Tw6usUy78iPO/BMNC/Bx83lr6UI3d23i6w/vgNrXH889dwIlxtX1qlCt8irN0h0CKaiWgdjlehaxYCMHMHe00hjfPj37wHm7KlVG6aNrZT5dyiQxJK79CuVQGtznTNS9TNDLCiN9+1PuahSnpsOnbSwixYqfOxa34RFw7HIHi7Fy4vPu2xvOyj59EdXU18n+r/d6zhcgCFbJiXArYgr7rVzZobvrStgRQm6U1u9PpY4i3O4Z46w4hdOni6tTA3kZGwkf3L32AZp0+gpH9OO2HS//E/dQlqC74DQDQzG2j1tBLn3mPHtkfo5V2ZKyrj4drg5cJdnF10vpn5GD/XIP+/LS9lls3z6n33PrmBsiDR32OU9D096Ohc9Jn7I8DA6zHYMobHtgVlaAWIg1074ii4lKsmOqDFUHRQoh1u8wSkX/cx5QWO9C6HMj6GaipbkfyteeQeLv23VpL85ZYMdUH7e2sNfa+2hWVgBVTuSSEmlaVVIqytDSUpaaiSiZDRXY2KnNyUJqQUP/JimvIZJCFhUEWpnvXjeZ2dkLIZe7tDVPXhq9xJyJ6nCw/mIfi0INam7kD8qV75amX8eznAfXuXggA97OzcGfRPJQlnIPFyDF6jeOZz9ej6JuvcT+3Yf0ClYMsqw/mQTT5/Qadr01IyF4sWbJEryV6wcHyaipFg/O9e/eqBVhFRUVCeOXo2A4HDx5UCayUdyWsa+rUqZBIJBCLxYiOPi6cV1RUBB+fIUhOTsbChR9h+PDhGsOm1atX6xVgXbx4EcnJyRCLxbC0tEJWVqZas/l/qsyr54UQyrpNe7z+1rJGv2e7Tr1x/pdgmFs+2+i7EuafuwC3ufKPFX2grh+JRNe5M7RW/Ch6V7UQWaCNhmosQHMFUn09rzRRhGn67j6ozz1uxSWiODsXhZfTce1wBNzmTEfPZQvUKqkchgzC9SORqJDKdPahUlSeKSg3ZzexFMH74DaVhvSamrcD8j+LoccOqD12YtzUev9MnnpKDdub9dyFqhtbUV1wDvcvfQBcXQdjh3Ewsn5FOLy64FdU3fxJqNZCcxGadd0EI5uhTTQBetIxwHoMFFVYmnph+Q1ww66oBCyfOgQ/nL6M07//DwBw9Hpf9H7eEdblxjAzuQ9bpw5ISvoLB5Nrzx/Q4wWMGPAirERmGpcIFslKcSOvAO3t1BvJEz1OxmIxzDw8VKqmiIhIzlhsCfGU9yEJDNB5XEVqCvJG+MDcfwxaeb+ucflhaUw07sYcQ0low5ccmvu/CXP/N1ESevCBg6zC1Ssg3bUN9ifjGnx/Zf369cfZs2f0qsLKyMjA2bPy3iTffReEvn37IDMzAxEREfD1ra3yCA4OFiqogoKC1KqttFU5RUREICtLvmRi3bqvVM6zsrLCwYOH4OrqonFnw379+iMjI0PvKizFssbhw33RtWtX/Pe/C7F58+anJMCSLyN7kEqqB2XSshUmL/wexZLHuzW829wZQq+p2GnzMHh/kMblcdcO/T979x7fdHn+f/zVQ9KmTdP0QEvPpQVKgXIqKMhZ0Hqi4NkJKLofng+weZib29Dp3NQp0+mcOAWFeZwcv04QBArI+VBOpUBLT+n5kCZp0vT4+yP0Q0PSAoq0wPV8PHjQfI73J4K071z3dTsqqkb97UVlvypA63Lc6SHWuQZYDbVmyrc7ek8lnVwVsX3115F/L3FaLbGh1kzNyZUGO+MfFcGuea8qqxKe+Gol4SOHow50DskSbk9XVlzsqA9VW8A08vUXOm0y31Y9deK/K92+D7lfrnB6tjbho4bjHxVBnaGEI/9e4rRaozjJzWqDXuE30Fr0qaMpu62QlmOvAa+5nusdgGf0XXj2eeasVx0Uwh3Prh7A5WLOXeNZuMq12mTegm+ZMKw3E1P7MCE1kWdnTmRwn0iya3T84r/9WbRVzRcFo3j+UzN3fpXC/4p6M7hPJM/OnMiE1ETHecN6s3FPjsu153+2kTl3nbnkWgghLkf5+flUVlYqr7OystweZ7VaXfadfm530WKsxbZ5G7bN27DvP3RO59o2baXFWPuj791d35OLReATv0bVr/9ZHVv39ZdUPPJLCvpGU5jan7IZt1OY2p+CvtFUPPLLHxVeted/yx1EbdhOyF/ewCsy6pzPbzYU/aT7Azz22GPExMSyZMliMjIyOj22bcrdmDFjGTx4MDfddBOAS4+rlStXKsed7XQ+gP379ytfu5siGBcXx5gxY53u0V5bJdjLL798xnu1VZJNmTJFCd8KCvLP+B5cCoaMvo3N//dPSgsOk3Mwgy3fvMfKhb/h+IGNP9s92/pe/dzVV6cLGpDEyNcdPZpqDmez7q7ZlG117jlVcyib8m27uP6bz5Tm7eCokHLXf6otxOrVycqG4Aij2qsrLGbdXbOpKyom+poJSniUcHs6+uS+AOx58XV2v/A6dYXFylTAoJP7AKWX1On8YyK54dvPSbrvbuVZ194122X6Yfio4aTMeRBw9N7a9us/0lDrXD114M33UAVoib52Imcy6o0X3b4PDbWOFQdj0txfo+3auf9d6XJ/Ac2Zj7tt2O4R/Qu8J+7Be/T3ePZ+Co/gUcovz95P4ZXyd7yvycEz+WUJr8RPJgHWBaIP0DAhtbdTiDX/04288MEajBYbmceKmTf7Oq4blcysG0fw+/uu4U8PXo8q8Q5CokbiG3MDf3rwep68cyyzbhzBdaOSmTf7OoxmG7Ne/JQ3P93InDeWKddeuGoH08anuO2JJYQQApYsWcKmTadW2/nLX/7i9risrCyOnLZAwOnndhf2A4cxXH8ndSu+peSu2ZQ9dHarwdWtXI1p8Zd46n/8N5Z79uwhPz//R58vIHzxl+ccGLWaTdh3bKXVbDrzwefI/5Y7iFixhsDH5uKhdb+0/c9Fr9efdfCzYoUjNGoLl6ZMcQQ/q1atcpoWWFvr+PpcVw1s+3OdktLxgjj6Tv7uzJw5k5iYWKUKqyNtfbx0Oh3p6enExcUp92wLti5l2sAeXDHpXlZ/9if2bv4Se72FEVffc1b9r7qD9hVK7qh1zn+HEm5Pd4RT10xQQqzlo29k7Z2z2fqrP1C2bRfX/+9ztysVdtRAXR0Y0GF402bPi6+z9s7Zyq/lY26k5nA2vW6dwrgPnKtAxy94Uwmxsj9cwvIxN5Ixey5J99/N5C8+IPqaCQCU/bDTJZRqXymWOu9pxr3/hqPPlMnM/264iwPz/+V0Tsrchxj2h6dQBWjJ/WoF/7vhLna/8DrZH/6HjNm/AmDy5x+4rVRzp/370FZxte3Xf6Ch1uQUCLbX9t+w0WQm+0PX1esuZ837H6e1ekvnqw3qBuLZ5xm8rlyu/PLs88w5rzQoRGdkCuEFNKRvFHkl1SxctYMhfaPYd7SYwX0imfXip+i1Gu69cQRGi41p41OIjwxmw+7jjBnci7ySaiYMc/S3mpDaG6PZxt8/zyA+Iph9Rw3MumkE08anMO3pDwFHeKUP0DCk77l/airE+VQwdSoNR47gqdWChwehv/2t0ky9qaiIvEmTAIj6+GN8kpPJmziRFouFhJ078dTpsG3fjuGee0jYuZPqt9/G+PHHeEdFEf/994Cjt1buCMdUg9Pv0XbviHfewX/yZKfxBEybRvhf/9oF74i4GCxduhR/f392797N3XffjZ+fH6GhjpWBNm3axJ49eygsLCQ5ORmr1crSpUuprKxkzJgxpKamsnv3btasWUNqairXXnst4KjiWr16NR4eHlRUVHDzzTcTGhrKpk2b2Lx5s3Ls7t27sVqt7NmzhyeffBJwhGWxsbGMHTuWpUuXcvPNNyvXysrKYtiwYYwd69zEM/TVefhPScNww12Ev/c3jO/8G9vmbejuvg3/KWlU//lNfFL601hQhG3TVoJ/O5eQ387FtPhLdDMc/ZLy8/NZtmwZycnJ5OfnM2zYMDZv3sy1115LcnIyq1ev5siRI8pzh4aG4ufnh9VqZfPmzWRlZZGamsqYMWPYtGkTfn5+FBQUcPPNHS8Ffrnz1AUS9s8PKZ1+W6f9sC4kT10ggU/8moBZ/w/zwg8wLfzggo1t5syZvPTSS50GP+2n902ZMkU57+mnn8JkMrntH9UWZJ2ttnCqoKDjlZeMZ6hefP7553nwwQc67YV1qvrq1PSoGTNm8uyzz1w2zdx7p4y/aAKrNr1unXLGnkmqAK3baW9BA5IY98Gbjil5J6e7qXUBbkOrNgm3p5+xT9WoN14kfNRwpZoqqH8St+3PQB0YQO6XKyhavR5LUTFqXQC9bp1Cwu3pbqfttVVQlW11rLAYfe1Ep7GN/NuL1BUVO21LuC2dsJHDXa4XnTaRqSO/oWjNekcA19rqEur1++V0Em5LV45pqDXTUGsi6f67Xa53tu9Dv19OJ2hAEnWFjnG2X/3Q3fMO+8NTNJrMqHQXNrTvzpr3P05r2Tedh1dCXCASYF1g08ansO+ogWUbDzD/V9OYt2A1eSXVzLlrHEazjTlvLGPCsN7M/9U09h01MCG1N3qLo3pr/qcbmZDamzlvLCM+MgiAWTddwYSH32Hhqp0nr+eYkuiuobsQF5pXgOMf/4h338Vwzz1UvvyyEmBZd+zAOzKSpuJijIsWEfHuu/hPnox52TIsa9eiu+UWGg0GAqZNw1Onw56V5TjeYMD09dfobrkFT51OuVf8+vXkjhiBcdEidLfcotzb8+TvLSaTEqbVrVtHi8nkdL4QbZYtW8YTTzxBaGgoa9asITQ0lKysLEJDQ1m6dClPPvmk0pNnyZIl1NXVMXbsWBYsWEBcXBwLFixg+vTpSugF4Ofnp1y3rq6OxYsXk5qaytKlS5k9ezZLliyhtbUVq9XKpk2bmD371IpV+fn5+Pn5KWO7+eab2b17N8nJycTGxrJp0yaXAKv6lfnY9x9CPTAZ0+IvqVu1mtC//hHD9XcSFRdN9SvzCbj7VkJ+O5e6VatpqTXRUmvCvORUgBUXF8eePXsYM2YMGRkZhIaGKu9BZWWlMs5XXnlFCeOSk5M5cuQI+fn5pKWlsWDBAmJiYti0aRNWq9XpuYR7quQBRK5YQ/kjv6TxyOGuHo6iq4Ks9sGPO23TBAMDA7nzzlMrbHqcXP2mff+owEBH+LN//4FzGkNsrKNiq7a2FqPR6DZEaqvS6qi660xhXPs+Xps2bSItLe3kPU+FbStXrnQ7hfFiVl2eR1lBFhZTBdVljvfQUluBxeToSaXV9XCa3hccHofax5/gsDj8A0MJDovvknG3aR8SdXbM7Qc7r9hVBwac8TptOuv/1NFx7auWEm5PP+trtOnoOdWBAS79rPxjIjsM89SBAWe899kcA2f/PrSFa/4xkZ2GV23OVEl3OfJQ6fCS8Ep0EzKFsAsM6RvFrBuvONmjahxD+kYq0wvjI4KZNmEg+gCNoxrr6Q+Jj3A0YZ//2alvePRaDXkl1egDNOxb/BQL//ALlm08wLTxKRJeiW6n7LnnANDPmqVsM3/9NcGPP453ZCR169bRVFSk7DcuWqT8rrvlFpqKirBnZdHjd79znOtmJULT0qV4arXo773X7RhMX39NwLRp6G65hRazGdPXX5/XZxQXnx49emC1WpXXGs2pKddtFUUVFaca+x45coTQ0FDi4uKUQKmiooKxY8eSmppKbGwsFRUVzJ49m6VLl7Js2alp3e2vO2zYMAoKCqisrCQ1NZXk5GRSU1OVsYwdO5bks1g9s1+/fvTr18/9ztZWdHffRvT/PqepoIhmo4m6VWvQP/pLvAIdwa1uxu14x8Wc8T6pqan4+fnRr18/hg0bBqD0utqzZw9pkao4GQAAIABJREFUaWn4+/srx2dlZREXF0dycjKhoaHK9Mu0tLRznrp1ufKKjiF88ZdoJl3b1UNx0RZkRW3YdkGmFraffnfgwH6nffn5+axatQpwhEubNmUov9qatbfvH9VWoVVQkM/bb7991mNo3wj+H//4h8v+jIwMpQqss95ar73maGzsLoxrP0WwoCBfeY72/bfeecf13hcjS20Fxw9sZN+Wryg4tgv/wFBieg9n9A0PkfaL33PrQ29x7zOfcu8zn3LrQ2+R9ovfM/qGhxg8+lZieg+nlVaqyvPYse5jvnrvcf773hOsX/o3Mrf8l7LCrAvekF2IS51n8ssSXoluQyqwukh8ZDDzZl/H/E83otdqMJptyr4hfRxT//YdLSY+IlgJsNrM/9U05ryxDKPFxpC+USxctQOjxca82ddd0GcQ4myFv/IKxkWLqP7HP/CfPBmvgABsO3eCh4fjF46wKvR3v0Pdrx8NR45Qt3YtLSYTmiuvpPLll8HDQwm2bDt20FRUhHd0tHKP6rfeAg8P/DpY6dC4aBF4eCgVWcaPP3YK1MTlZ9iwYSxYsAB/f3/y8/NdqphON3bsWDZt2sSyZcuoqqoCIDk5mWXLlnHkyBEKCgro0aMHq1evZty4cUqlUvtKrDVr1igVU/369ePvf/87/v7+rFmzhieeeMKl1xY4AqTNmzcrAdfZ9JkK/u1c5WvN2JEY3/m3489/oM4ltPIM1GF81zEFvbHAQIux9oy9sIYNG6ZMYwScnjEtLY2lS5fi4eFBQUEBDzzwALt373Y6RpyZpy6QHv/8EPv2HzC+9Qb2nT9tVb/zrX1FVu1bb2D++N8/273aqrDaQqk2baGPTqejtLTM5byePcOVaYTjxo1j5syZLF78CQcOHODZZ5+hsLCA6dNnKKsKrlixwm0AFRcXx0033cSqVav4859fRq/XM2XKFAIDA9m0aRMPPOCoLExJSem0Qio9PZ0xY8ayaZNrBVbbszz66KO89trrLvsefPAB9u/fT2ZmptMqiAUFBS79+FJSUrr1VENtYA+30wSry/MA983UtYGnKrF6xp5c7GD0qf2lBYex1FaQf3QH1eX51JTnExwWT3B4HMFh8WgDexAUFqs0bT8bDfY6GuqtqH39zuk8IYQQPx+P1tbW1q4exOXOaLYpIdTQvtFMHT+QfUcN5JVUK8dMG5/CwlU7mHWT44fz5RsPsvdoEXqthlk3XSHN2kW3ZJgxA9vOnUR9/DHGRYuoW7eOmGXLMH/9Nc0mE+F//SstJhN5EyeChwfx33+PZe1ayk9WbIU+9xz6WbPITU0lavFifJKTMX39NeXPPaf0sTqe5CgNj3jnHUoefRTNFVcQ9cknTvduMZupePll4tevB6DkkUeoW7eOqI8/RnPllV32/oiul5+fT0FBAaGhoUrVU1ZWFsnJyVRWVlJXV4e/vz91dXXExcVRWVmpTOnr0aMHoaGhyjXaKpXaXsfGxjpVHN17773cfffd9OvXT9leWVmp3C80NFSpbDo97MnKylKqvtrG06OH44e5iooK5XotxlrsBw6jGTvK6fym/EKsm7ahiotGM3YUtk1b8Unpj6c+UDlHFRtNY0GRsr39e5Gfn+9yv7axt713f/7znxk7dixjx45VViSMi4tT3qMePXoozyDOXd3XX2D97lvqt28966l7PiNGor31DvxvuQOAsum3dRqExR798asHNhcVYnz7b9Qt/eonXcvPz/H9zLffrnYKk5KSkpQqp9/+9nc8//zzyjZ3oQ/A008/xTvvvANAcXEJer2ezMxMHnhgNgcOuJ9G+O23q/n888/46KOPGDNmLGvWrAHAaDSSlnZth+elpKSwevUaJTh66aWX+POfX3a6Bjiqta67Ls3pfkajkbvuckx/zMo64rZSsS2Mmz59BgsWLODaa69Vphy6e4ZzWWWxOzi86xti+4w4r6sBVpfnUV2W7/i9PJ/qsjwaG2z0jOmP2tfP7fTDVhw/Fml1PZTwSwghxPllMjkWntm7d+9ZnzN06FBAKrC6BX2Ahjm/cHwSlVdczfxPN2K0OCqy9FoNtXX15BVXO6qsFnyLXuvoiTV1vJRyiu7NOyoKDVB9cqpG2CuvoIqKotFgUHpheep0+E+eTJPBgGXtWrSTJ1P58su0WCzobrmFurVr8UlORhXlqExURUWhGTGCJoOBpqIiNCebuGuuuAL9Pfdgz8rC9PXXyr0BbNu3oz3ZyL3t2BaTibq1ayXAuszFxcW5/LDYFmS19Xxq+/r0bR1dw901wfEDeFtfmzahoaFOlV8dVSmdPqWw/XHt7+WpD3QJrwC842LQtau8an9M+3NOr85qu+/pz3f62J9//nlCQ0NJTU1VjnF3jvjx/G85FUTZvvuWhqxDjt5+WYecjvO9chTe0TFoJqfhqXOupFMnD/jZxucVHUPIX+ejf/zXGN/+24++zpgxjj9TgYHOY3/ttdeU6XtxcXFkZmYqf84ee+xxl+uAowF6ZqZjCl5GRgbp6ekMHjyY7dt38Mknn5CRkeFU0dh2vUGDBnPjjTcyYMCp77P0er1y3sqVK5Sm7Xp9IFOmpLtUXsXFxTFmzFgGDx7ktH3cuHFMnz5DuW9gYCAZGRmMGTO2w/93ADz22ONkZGQoPbFOv257p793FwO1j/95Da8ARwVWWDzgXO1VXZ5HQ73V5XilsksIIUS3JRVYQgghhBBCCCGEEOJn91MqsKSJuxBCCCGEEEIIIYTo1iTAEkIIIYQQQgghhBDdmgRYQgghhBBCCCGEEKJbkwBLCCGEEEIIIYQQQnRrEmAJIYQQQgghhBBCiG5NAiwhhBBCCCGEEEII0a1JgCWEEEIIIYQQQgghujUJsIQQQgghhBBCCCFEtyYBlhBCCCGEEEIIIYTo1iTAEkIIIYQQQgghhBDdmgRYQgghhBBCCCGEEKJbkwBLCCGEEEIIIYQQQnRrEmAJIYQQQgghhBBCiG5NAiwhhBBCCCGEEEII0a1JgCWEEEIIIYQQQgghujUJsIQQQgghhBBCCCFEtyYBlhBCCCGEEEIIIYTo1iTAEkIIIYQQQgghhBDdmgRYQgghhBBCCCGEEKJbkwBLCCGEEEIIIYQQQnRrEmAJIYQQQgghhBBCiG5NAiwhhBBCCCGEEEII0a1JgCWEEEIIIYQQQgghujUJsIQQQgghhBBCCCFEtyYBlhBCCCGEEEIIIYTo1iTAEkIIIYQQQgghhBDdmgRYQgghhBBCCCGEEKJbkwBLCCGEEEIIIYQQQnRrEmAJIYQQQgghhBBCiG5NAiwhhBBCCCGEEEII0a1JgCWEEEIIIYQQQgghujUJsIQQQgghhBBCCCFEtyYBlhBCCCGEEEIIIYTo1iTAEkIIIYQQQgghhBDdmgRYQgghhBBCCCGEEKJbkwBLCCGEEEIIIYQQQnRr3l09ACGEEEIIIYQQQohzYTMfw2Y5jtV8jJYmK3abAQBvdTAqnxBU6mA0AX3Q6gfh6aXp4tGK80ECLCGEEEIIIYQQQnR7Lc02LMb9VBV/g6eXBq1+EM1NVhpOhlcATQ3VNDVU4xM2AYsxk4rCr9DqB6MLuRJNQJ8uHL34qSTAEkIIIYQQQgghRLdmMx+jNG8xfgG9iUl6Am91iLKvul2A1SYofIJyjKlqG6V5n6DVDyYk8gapyLpISYAlhBBCCCGEEEKIbstUtY2yvCUAhMfPPKtz2gdcupCR2K0GjOUbsJmPEZ30pIRYFyFp4i6EEEIIIYQQQohuqX14BY5KrM4cLQ/lu+NjlddGix0AizETALvNQFH232lptv0MoxU/JwmwhBBCCCGEEEII0eUa6o1Ul2Yqr08PrwCspwVYfgF9KDUHU2oOprjWj75hlXyaUcuGvQXM/3IX87/cid1WRFNDjXKO3WagovC/ymuLMd/pvqJ7kimEQgghhBBCCCGE6HI5+z6hubmc4J6DaWqooqLwa5dj3FVg7S2M5I1VTRgtjaTE+zN+UDjzv9oFwPzHJ2GqXOtyjqlqu9LYPe/gv/HyDia45+Dz/1DivJEASwghhBBCCCGEEF2uubmcAH0ABUdW0CMqmZDI611CLJvluNNrT28N1/c/yPX9IdeYyMINLSxZX0yNuZ5eEYHc95dviA5uITlqBKN7HSIy0AqAPmwCzc02qksz0QR402Q3XbDnFD+OBFhCCCGEEEIIIYToEhZjPvs3vUR0nyn4anxobqql5PgqinNWMnjcMx2csx+tfhAAPppoSs3B/GtjAluy6sgrNSrH7Tte7nReXHgsix4sIDLQio9fFEd2LELlE4RW14S/vhc5+z7Bas6hR8zV9Iwf9/M9tPhRpAeWEEIIIYQQQgghuoRWH4c+NIQG6x5UviG0NKuI6BWJNjACTUAf/PUpLue0n0ZotNi5572eHMi3c+cYHTdeEa7sG9I7jNcfTGXVsza++JWagXH+7M4PR6PtjS5kJD5+WnTBrdjrG2ltrsZuO4RK3Uhwz0EX5NnFuZEKLCGEEEIIIYQQQnSZlmY19voaGhtsqNQa7NYavLx7ARAWcyv55mO0NNcrx7cPsPYdK2N0cgDNTXX869tKZdVBcFRg6TTwp9xA5tzQypt37sbTy5eevX5z8r4qGurL8PLWY7UYaW214eERgtpXf4GeXJwLqcASQgghhBBCCCFEl6guzaTo+Pe0NIOPJpCWlmY8Pf3IPfg5FmM+3uoQ9GETnc6x2wy0NNsAmDA0FpPNg6xiFUaLnbsnhDsdGx3iwVPTdLzwZSO5NYmERN6AtzoEgPLCzTQ3BdDa0kJzUyMAxXk7KTiy4gI8uThXEmAJIYQQQgghhBCiS2j1cSQMGIePRkcrTTQ21KPy0dB7UBpafRzAydApyOk8a7sqrMGJQeg0rYwZEEz/aEfMMX5wDAD/2VDGzNEVPHR9T/aXJjmFYZEJw/D1V9Pc3IyPnx8qtY7YpBFSgdVNSYAlhBBCCCGEEEKILqH21dPa6ktrqxFjhQFDzk4aGypobGhxOq5HzG1Or+uMmcrXD447RkFFPSN7N2JpUBMXrmPCkFjW/FGnHPP/Ru/hmpGpTtdoaVHRaK+i3lqD4dhuPLBht1qlgXs3JQGWEEIIIYQQQgghuoTFmI+xykBToyfawDB6xg2hqdETU00ptZX7lamCWv0gNNreynlW83HnC7W2Miy2nHuv7cf8xybT3GQiXneYQH8fiqogPiGNIb3DlMNbmm1UGrJoblSjDQxDH9aLhoZG7PUNlOZlXJBnF+dGAiwhhBBCCCGEEEJ0CYsxnwB9EN7eQah8vPDy8kWl1uHhYaW5qZLSvMXKsT17zVC+bmqopqmhCgBNQB+W/7qS4fFV9O2VhF7rQ4OtDIDXptcTHeKYhtimLO8TasrWow0KQu0bBLTgownAW6XFy6uFhnrjhXl4cU4kwBJCCCGEEEIIIUSXaJuup9Z4UVZwHEPuNry8bQQExdHaUk+dcT9Vxd8A4K0OITjieuXc9n2w/Lyr8PTyxdNL43T9CUkGp+DLWL4eU9UO7LYiNH7htLaaKDq2DUttOSq1D75+AQT3HPxzPrL4kSTAEkIIIYQQQgghRJdpaVFRX1dJYEg0IRFJNNQ34u2tQ+UTDEB1yf8wVW0DICh8otLQ3XYywPLydoRWPppol2sHR1yvbDdVbaOi8GsAVOoQWlq8aWq0E9FrBAB2WxWtLV5K83jRvUiAJYQQQgghhBBCiC5RXZrJiYMraGryQqMNRKX2o6XVl0PbPsTTy085rqLwa+y2Ijy9NEpDd4vxAHAquPLxc/xus+Tg6a1BrYlSpg6aqrZRlrcEAE8vXzQBfSg5sRkPDy3gicY/iKZGKM7bTXXpqQbxovuQAEsIIYQQQgghhBBdIrjnYBIHXY82sAfNjXZ8NFo88GDw2PvQ6gcRkTgbTy9fWpptFB9fQEuzTWno3tJsw24rUq7VNn2w3pJDS5NNmTrYPrxSa6KI6/8btPpBRCWORO3rD7Si9vFF4x9ETO8rpQKrm5IASwghhBBCCCGEEF3G0zOQ+rpSrBYjltpyPDxs1FutSlgV1/83qDVRNDVUU5T9dwB6xN4KOKYRtk019Avog91WRFOjGU1AH3w00dhtRUp4FRxxPXH9f4O3OkRZ3bCxoYTaqkJqq0tobq6iuakFta++C94FcSbeXT2ArmLOLyZ31QZOrFwPgFqnxV5rRhcXibmgBIBeUyaScNMEAuIiu3KoQly0Nh4wsGxrDvtyKzDW2cnMrTir8wYn9ODJqUOYNbm/yz6jxc7cBRnsy60gM7eC8SnRTBuVyJNTh5y3cRstdv6+Yh95ZSYmpERz7+Tk83ZtIX6K++5/j127c5XXw1MT+OjDh7pwRKKrmR9+goZV/+vqYYguoJ5yAwHv/r2rhyHOkak8h8Pfv9fhfm8fLYHhiejCEgjvfZXTvq2fPYUHHsrrgLAEBlz98BmvHz3wGgoPrnE6F2DkXa/92McQ4rxrbLDj6QUBQeE01FtpajRRZy6jomgj9rp9hPeaQUzSk1QUfoWpagdleYsJj5+BPmwCVvMx9GETAVD5BFNTtgEPLzX7jpdjtxVRlP0W3uogesbPRBPQB5v5GKV5i/HTjcKQs53oPv0IDInGy1tFQ72JxgZZgbC7uuwCrCOLV5L1yXJ0cZH0mjKR6z97Ax99AABN1jK8/cKVY3NXrmfHy+9hyi8meeZU+s2Y0lXDFuKismhtFvOWbCO/3PSjzs/MreD+N78jr8zEvOkjle1Gi52hj//H6bobDxSx8UAR+3Ir+GjuNT957EaLnV73f0RtnR2ARWsPs+FA0Xm5thBCCCEub412C1WF+zs9puz4DwDowhIYPm0emkDHzyfVhQecjmul9ayuHxwzyOVcIboTizGfkrwNRPYaTqPdikqtoqnJF31IEE0NFuw2A0XZbxESeQPhJ0OosrwlaAJ6ExJ5A/mHX1Gu5a0OwWLMJDBkKjXmQxRlv4UmoDc942fS0mylOGcBdUbH35GmBgvx/a+g0W6jucWOj8YfWv2oLDlIaV6Gsjqi6D4umwDLkLGLTc+8TsKUCdy8+gPstbmYC9dStu9rGmpzXY5XByag65XCmNdm4ROYQOY/lrA07f9xxe8eImrc8C54AiG6v7wyEze/tOqsK63OZNHaLKcAa877GzsMxRatPczUkQlMG5X4k+5580urlPCq/bWfnDqEIQk9ftK1hRBCCCHOlqk8l62fPc3YWe+i8tF29XCE+Nlo9XFEJozFx8eGxVSBj0ZPc6MdtdoHPFUAtDTbqCj8LxbjfnrGTye2/7MUZf8dH79oQiJvwGY+hi7kCuy2InQhI/Fq0EFrMyGR16MPm0hV8TcYyzco0wY9vXzBU4WHRxN+AcFYasux26z4+nkSFp0i4VU3dVkEWDv//C9MeQZu/nYBLU0nKNjwOA21uTQ1+mO2xlNZejVmoxf9Bh7HkNsXn8AWAgKLCapdjjFnOerABPreNZt+M9LZ8fJ7FG/ezYjfPtjVjyVEt7Ivt4KJv/mvS/jzU7QPqzbsL+LjdVmdHj/3/QwmpESj1/r8qPst25rDxgNFbvfty62QAEsIIYQQ511AjwQAzBWuH6rbTGUUHVhDr+G3XOhhCXFBafz70tRwmMCQSCy11WgDg2m0t9Dc6EHikFexGDOxGPdTZzxA/uG/Eh4/g14pL1Ka9wlhMY5eWOHxM7GZjxEUPhHLoZV4ePrgo4nmxIE/0tRQjbc6CF3IlWgC+qDVD6I0L4OWZk+aPeqpM1XSI7I3daYavFW9uvjdEB25pAMsu9HMugf/SNTYVCa+8wwlO17CVnkAc10Cxw5ew6GNxQCExDQTFOJLU5MfhiM2vDQaqst1NNSnkpgazIDhOTRseQ5NaAqj//w8Rz/7nnUP/pFJ/3rhjGOw2ur5YeduQoKD8PP1JTsnl6TEBJJ6J/D5slX07e34B6vQUEx62mSqqmv4bNkqJo8b7dheXMLkcaPJPp6Ltb6eoQOdewIVGkrw0/gCsPfgYWIiIwDw02iIiXJ8XVVdQ3ZOLiFBQVTV1FBoKGFK2mRsNpvTOVU1NVw1IlW5l5+vL1U1NYQEBZF0cpw/7NxNUmICIcFByhiqqmsoKC5xGZu4fPwc4RXAuIFRytdzF2Sc8fj8chPzl+91qto6F3Pf7/geEl4JIYQQ4ucwYNJDhMQMptFu4fC69yg69J3T/tLjP0iAJS55Mf2mcGJ/DqaactQ+WmyWOtS+Plhrs/D0SscvoA9+AX3wjJ+JqWobVcXfYPIJoWf8TGXlQQBNQB+aGqrQhY6kpfk7SvM+QasfjC70Snw00U73rCj8HrWmGVONCbWvP3Wmanz9A4nqc/OFfnxxli7pAGvzs6+TcNMEeqUPpGDD49hqrWTlXou1uJljO4vx8fclIkKL8XgRal0EAfpKzCfqAcfyjOF94ji+qxpfTSwtrQkMHLyWoi3P0St9Lmp9wBlDLKutns+XreLOaTcpIVNS7wSqqmsAR/h057SbAJTwp7K6BputXgmMsnNyWZuxhatGpPL6u++7hEQ/7NzNndNucoRONptyXptCQ4lyTJuqxBr8NL4UGorZd+CwEpa1aR+yAfzmpVd5+pHZhAQH8cOOPYQEBTkFWHsPHuaHnbslwLpMGS32nyW80vmpmf/geAAWrj181tMSX/zPdmZN7k98uO6c7tdZz65xA6MkwLrMHDlSjMXi+Pegb1IEugDNGc7o3M6dOXh4eKDV+tKvn/uFQdru2dkxZ3ufiIggoqKCznyCm/u3GT48oZOjhRBCnG8qHy2Db3iKqsJMbKZyZXtjfV0XjkqICyNz40t4epkJCovGw8ObhnorjQ0NeKtaqS7NpKXZzM5Dm8k4Fs22Y14YLeHsO15OfM9FxPcMZEjvMO69LoUhvcPwVodgt2bj6aWhV8qL2MzHsFsN1BkPYDUfIyB4Al7egajUrXh5+qINVOHl5YW3So2pppzMjS8xeuqCrn5LhBuXbIC14+X3CE3pS6/0gRi2/IYqY0+qalJYv6KK9FuDKDjsi661HuNxI6GxISRPNODRYGLCPcmU7W7AVA+GY/mEx4YTEAx719ah9rmahMTtGLb8hqhxf8Gc35fMfyxh8GPT3Y7h82WrSOrdSwmv2rQPf84kNDgIq60eP40vMZGRZB/PVYIlq60ezWnXPt07H33CH379xI++P0BoUMfHt40tJCjIaWzi8uGuZ9TpBvUKPafeVPHhOqaNTESv9XGsOthJZZQ79735Hev/cutZH59XZuLvy/d1uL8tSBOXvk8Wb2Lxks0UF9c4bZ+aPpxnnpnCk08u6nAVwJTBzzid8/BDkwFYvGQzZvOpYCgpKZJnn57CiBGJmMw2lizZzCeLNzkdExDgyyMPX8uM6WPOOGaT2carr67k+/UHXe7z8EPXMOnqAZ2eu2TJZpYt3+XyzAEBvsycMZbp08egC9BgMNRw3Q2vOB2TlBTJV1/McXvt098PrdaXrVtePOPzCCHE5U4TGO4UYKl8/btwNEJcGCPSXmf7/x7AXleORhuBpbYclVqDh4eNzIzniYgbQ0TC/fzv8/8jM8egnJdXWkteaS0b9hUw/6tdxPcMZNqYPrS2NpFfZuSrFW8qx2aXh3D/jZMpyPoCQ85aYvteSUOLitqqIsJi+mKvL8Fua2ZEmqzQ2V1dkgGWIWMXlZnZXLfkTxRteY4yYyRFJSkUHbVy9c19UPsUEBOlpfKokcSUaCL6NOLb2ojh0zCi7tlAQ+hELLtzSR7ai9qGJlrsahKGeLN9RQkNU68iKjoX771vkvLgK6x/9FUMGbvcNnbPzsklPW1Sp2M9mnMCAI2vrzLlT9NuSmD28RNK9VR62iRWrF6nhET7Dh5i9IhU5VrVNUbletGRERQaigkNCnIJ0Nqz1dcr54QE6ZVwy1pfr0w9vOqKYR2GXtk5uQwZOICQoCB+2LlHAqzLzMK1hzvsGQWOKqplv5/ChEHRHR5zJvOWbDvn6q6NB4rYsL/orO879/2MDu9xz6Rkqb66TPzu+c9ZsXK3233LV+ziSHYxxcXVZ32904OrNtnZxdz///7Fn168g8VLNpOdXexyjNlcz19fXUFrayszZ4zt8B7ZR4u57vpXOrzPnLmLmDF9DM8+k+6y32Co4cm5i9zev20M7/7zO9Z9f4gP//0gUVFB9O0bwdGjJU73MBhqXKq91n1/yOV6V0/sOEgTQghxiqksx+m1LuynLVAjxMVi6MRXydo+j/qyQnRB4ZScyCQoPJ6Y3qk0txgJsKxmwa/G8fT729mYWeh0bly4jviegQCs31tAZo4jBL79Dcf+wYlhPDY1icba42j8vek79FpsdVVUGY4THpuE1VSF2ieExME3o/bVX9DnFmfPs6sH8HPI/McSJr3/ImV73qSprpT12/vR7NFK7qEKAlUllBX6E9TTg9CYYBry8tHH7aN2Rwieah9aygajDTcSFuxLXXYOfUbUc2JTJfqQRgLDdBgKPMjNS8JcWU7Z3jcZ8+rTZP5jidtx2Gy2M1Y7tba20trqvASun0bDR59+xdHjudz3i9uUACokOAirzaZMQbTa6p2u39rq/nqd3p9W5RyN5tQUmarqGl7821skJSZwVbuQ7HTrNm5h3aYtHM09wdZde5SxiUuf0WLnhSXbO9wfGxbAhr/e9pPCq325Fby1ouPKqPSRHQem9735XYf72tuwv4jl23Lc7tP5qZn/gFRfXQ7e/eeaDsOrNtnZxW6Doo6c6djf/+GLDsOjNv987ztMZlun9zjTfRafrLBqz2S2dRpetZedXcycOYsAmDbV9cOa79cfdNm2c5fr36mrrx54xnsJIcTlrNFuIfN/r9PUYFW2eav9SEh13/+qyV5HdeF+p1+mctdG8EJcTCxGK36BoXirNYRGJaPx74HVYoRWC+VFq9HULOKL30/mo2dvAODetIHsfXs8GS9E8fHDWj4a3DJBAAAgAElEQVR+WMu3v0/k4PtT+OO9o5Vj1vz1RkaHZ2A4/gVNTbXUW614eWkJjeqPh6cPGv9gzEYzWn1cVz6+OINLrgLryCcrCB2cREvTCepKt7F0362E9WjkQFYro9NiaKWGpjoVsSOP4W2Ko0UdgIcqD1W1DQpyaDncB9XQJqyFZUSlDsDXrwS1ticWk5rBE9UcOOwDqkY2HbqayaoV6BNOEDo4yW0VVt/EhDNOq3O3LyRYz+RxY3j93fddzp88bjRbTjZSb2u+3v689sfGREVSWNz5Dyd+vhq3Y4iJjOCpRx7gnY8+4alHHnBbxbX34GHu+8VtSogWEqRny87dpKdN7vSe4tKwcO3hDntGtVVe/dTKpc6mDv7h7iuZN30k8fd9SEG52WV/frmJeUu2nbGhe2dB15xpQ3/0iobi4mEw1PDP99b+bNePiNBjNtc79Zc6W2ZzPd9/f8htcHQuXn1tBVdfPUDp5bV48Sa34VXfvo5/V9pXWQHs3JXLsuW7uHriQF59baXzvp05LlViO3c6B1harW+nUxmFEOJytu2zZ9xu91b7MWDSw2gCw93uN5XnsvWzp3/OoQlxQal99QSH98fLy0hDfTF+2gjstgbys9YTP2ASYTF9aWk0kbX+MQYGxpC9aA5eNRvQBgbhrxvsdC0tcP+o49x99d00l35G/u71BIVqCI/pS52pirzDG+k7bAo+vr402CrBW4e/Lkaqr7q5S64CK3flegY/Op3qI0uoro/iSK4PGp9m/NVqegTVUl3mR2BAAwD+gXY0wY5gpjHH8c12i7UJVPX4hgUTkNBAfWUYqVO1mEq98PJqJCTIi1Z0HMtVUVMfTXX2fxj86HSOLF7hMparrkhl5ep1P+o5/DS+PHrfTD767Cunqqak3gkcPX6CfQcPn3G6np/Gl6tGpLI2Y8uPGkNMVASTx43m82Wr3O4/ejzXqQJsyMABrPuR9xIXn856Rs2bPvInh1fLtuZ0OD1R56dmztShACyce22nY8wrcx+yAcxftrfDEC42LEC5h7i0LV+x02WbVuvLn168gy2bX+Dbb55T+lmdq2eensKab3/L1i0vkj7FfTVr+pRUtmx+gQOZr7o95shZVElNnz6Gb795jgOZr/KnF+9Aq3X+0MFsrmf5ySosk9nG4iWbnfb37RvBt988x3+/nMt/v5zLl5/PcbnGihW7lGmE7a3fcNjptcFQ4xKAyfRBIYQ4N7qwBMbNeo/ogR1/nyPEpSh55By0wVdjt3lhrq2klToGjLoNlUpDzv7vAQiP7YM+NAB7wX8IihiCvy4KizEfgAa7ibraQtS+gQT3HExzyTJ8fI3467yx202cOJSBj0ZHyuiZ0NqE1VSJp2cQXt59SR7pvq+n6D4uqQDLbnRUYXiprdiqDvLN0QkA7N3viU5toqHVg2M7ywnrVUVteRQRV24jZqLjBxf/Ab0A8I5twdO/iOh78/GJ30PtCaCxGs/WRmqrNegDrJw45Cjr/b89I7BVHsBLbXW6f5uhA/szabwjANp38DBHc06wNmML2cdPlfauXLNO+XW6kOAg7px2E+989InT9o56UmUezFKu1XaPKWmTqaquYcXqtRzNOcHRnBOsWL0Wq81RCVBVU6Oc88NO1+kzbdMHV6x2VCe09ecqNJS4jMFP48uQgQPcXkdcWvblVnS6Yt+caT89+Oms+mr+g+PRa32Yt2QbEwZFdziVsLbOzrwl29zuM1rsvPCfjqdALpx7rVRfXSbc9Wt6a/69TJs6HF2AhqioIB55+Fqmn0VD9fb69o1wqkx6+aU7XY7Ran159tl0pTLq5ZfudAmOso90HmA9/NBkfvNMutKHatrU4bw1/16X45avcPy/efnyXS7TDl/+051Ofaz69Yt06Zu1c1cuJrPNbTVY+4ormT7YfalGXuH21489Tgjx8zGV55Kx6GFKj/3Q1UMR4oLrGT8Of10qTQ1WfP2CqK+z0thQh68mEJPRQnOzhXKDgai+N9BYX0udqYjgnoMoz19Dcda/CQp3fN9RV1tI4pCZ1FTYaLQ34unpi6e3htYWFabqInz8AvD08qfe5k3ikJld/NTibFxSUwhPrFxPwpSJWEq2AvB/GVZSIjXk5xoZPURFaZmW2P4eoCql4oQfEb2gfOVA9APV+FybhTo1GkJKMG0fRrO1maCJmai0PlSXqYlKrGfnRitJ43UAeKu92bHPyoyrwFKylaixwzmxcj39Zjp/wz90YH+GDuyP1VaPzWajb2IvZd9Tj852eYak3glOlVVt57fnridVUu8Efv/rx122+2l8lSbw2cdziYmKVMaQ1DuBV553LVk+fQrgfb+4Tfn60ftP/cVuazrf0bHi0rXwu8Md7jvTlL2zMW/Jtk4DslmT+zNvyTZe/M92JqREM/+B8azY5r7nw8frspgzbahLRdic9zd22Lg9fWTCT+rdJS4up1cL9e0bwYgRrg1zH3n4GpacVrnUGXdT5rRaX6ephP2SIpXwqv229isdnskMN03eR4xIdNtwHcBQ7Nqr0GKpZ9euXJdtp8s+Uux2GuG69YeU90ymD3Zfui/d9+ysiunzo477qbwHJBPwwT/xjI4CoNVkwvbm29g+WHhe7yNEdxc94Bo0geE02i2UHftBWYGwyV7H7mUvMPj6X7utxArokUDPPlc5bbPVllF06Oz6gArR3TU1tNJor6e11VEwEhYzELWvP40NNvpd8f9Q++hQ++iUvlX1FSuw1BQq0wCDwgfSUF9LdN/bKMv7gtZWFdGJQ7HbzajUrdRbjIA32kDpe3WxuKQCrIr92Qx5bDqmwr9z1JiKpa6BFvwAsDV7cXhnBTdN9cCQF4HK19EUt8lXS8FXhwif3IeAofup/HYQxgPHCE6No6EuFm2UlaOZAcRfacFH609BnifeWg0+Kg2+vo1kVQ5gWMlWek15nsx33H/DB44gqbPVAC8EWSFQnC8bDxrcbo8NC/jJwU9emYkXO6mMmv/gePLKTMoUxrkLMtj79t384e4rOzxv7vsZrP/LrcrrDfuL+HhdlttjpXG76JcU6Xa7LkDjEgr9mGufSzh1JsNTE1wCsDYjRiS69rLameO2ouu+X7531vd0txph+/Dr+/XOFW0yfVCcLQ+dDnS6rh6GEBdcdMo1hMQ4+vf0HT2TrZ8+jbni1P9Xj25Z7DbAiug7Wgm/wNEE3lyeKwGWuCQkDplJIjPJ2fcJrS3H8PJuROWro95qpKXZC21gDGUFW6gs+gEPL8fP2R51ufhrvNm38U+O13gQEjmcsJiRlOR4gMoDPFR4ejRiMZkIDkuln1ReXVQuqSmElfuzCYiLpLmxjrwaR3WQr9aXmORo9hzwJTk1CE2wN1UlHsT0r6amYigeOvBJ7oflmJ2WumiMB07gqQ9CO0CFpTAS3+Ai6uvqqSwPJHGwisO7yimptJFfYiEqNoh8YxTNTVZ89AEYMnadYYRCXBoycyvcbp828qcv89zZ1MEn0ocwJKEH85Zso7W1lQ/nXkNmbgXzl+1lztShxIYFuD1v44EiFq49VTXW2dTBOdOGEh8uP0BdLgwG12okcyer/nUUFnVHuoDz/6FJ2/TA06cRZmcXYzDUcORIsUvllkwfFB1pOpRFzagJVA9Ipfa6dKpi+mB7462uHpYQXUrloyVm4DVO22ymMkzlrtOzS45uofTYFo5u+YSjWz6h6MAaSo5JP1pxaUkcMpPQ6MlUGrLw8LChUltQ+wRhqS0kKGwgEXFX0lKzFHvpIswmE43NKmpy3ydv33uEx40jus91WGoLUamDUKkteHk3Y6urQasbKNMGL0KXVAVWg8ly8vcT1NUPA+oxVNnopVdRkmXk6pE+HD/qhy7EA29fI1p9Ca1B/hxbnkBtfg0hjXpqaCB6UCTq8G2ERvtTXZZCr1Qv9u9uou9IbyJ7R1DZ6sOJ4ybCVRpiGwNoqHV8QuIT6PzDc1V1jdteVe62d3QsOPpNHc1xNEyPiYwgJDhImZJ4+jltva88PDycpiuej/FUVdeg0Wi6vJJMdK0N+903VgeYdU3/Dved7bWXb3P9Bg0clVHzpo9Uqqf+cPeVzJrcn4XfHeaF/2x3TCucPpL7O1hVcO77GUwbmciybR03h5fG7Zef9n2f2hSXGLtgJOffETeVVgHnKYBzuxrhrhyKi6udtsn0wUubatSV+P7yXjx0OlSjrqRxq+PDAfuXX9N8OAu/P/7O5RzrCy/TdMhRAet7x62ob7vZaX/T4SNY572kvNZ9sdjtNVpNZjRzH0c16krqv/zaKfjy0Onwvf1mVGnX4D0g2VHZdZr2Y7V/+bXTPu8ByW7HbrpjhvK137zn8e7fz2l/w1dLqf/iv8rrjp7P/u+F+Nx2M96jrsRDp8N7QDKNW7fTUmTA9ubbNBd2/O+suDzowl0/EGy0W1y2xQy8hl7Db3HatmvpvJ9tXEJ0lZ7x4wjuOYjSvAyqSzfi5V2Nzub4ELJnYjpBESNZvfBKLLUmouKDqTb5MeXB7ah99TTUG7GaDNSZKmhpCcEvIJGUMXNktcGL1CUVYKl1WpdtxwtqiQ7qgS4kAEtjE5U1Kq4YXE1pWRJhoT7UGcNITD+ErSIJlTabgfcl4KXNo+DwSGL7b6O4SE9M4lECQ3pRaPDB3OKNBRWhoVoO5lRzxYBTYU5AnPO0kxf/9hZPPfKAS6+oLTt3O/WZqqqu4fV3F7j0o3I0X19HetokJo0bjdVWz9qMzaSnTabQUEx2Tq5ynb0HD1NoKGbyuDH4aXyx2upZsXotSYmnemp99OlXXHXFMJceWqePB+C1dxfw9COznUKsjz79iilpk2Qq4mXO2EHfKOAnrzx4XwfhEzh6a7U1bh/UK1TptbXwV9eScP9HzFuyjfkPjmfhd4fJcDPFsbbOztwFGSzb6j4gA5j/wHhp3H4ZiojQU9IutGqrJjo93DKZbed1+t/5sGu3o7G6u8qwnbtcx9qvXySRkUFw2lob337znNswryPuphHu3JnjsmKiTB+8OPjNde2heSbqtGsI+OBdp22qUVcqv7cUGZTeVu21D5M8oqOUc05t9HB7zdO3aeY+7jaYUqddg/aNv7jsazp8hIYv/4vvL2fh2e6+jhBuFqY7ZtBqMiljdHff9rwHJLs0tm/ctsP5Udw8n/eAZHxvv9llfG3HqdMmUzNqojIWcXn6KY3brbVl53EkQnQfal89sf3Sie2XTsGRFWj1cVSXZqINjMHDU425upToCDs9gtSUFZ5ckbDeSEN9LSq1lp69riG2X/oZ7iK6u0tqCmFHsg11WH392bbTiyZ1C2pNHgWlfvj4VJJ3MIiMxUl4Blbj4V2Hxe7Hhg9Dyd3RAEB5YQNGSwS9BpuoqtPS7ONDVk41Xjp/l/s01DqvQhgTGcnny1YpK/51OL6cXPomJris3vfauwtIT5ukhEh+Gl+XoAkcFVrrNm4hPW2yUh3Vduzny1dRVe1Ip0OCg1ibsYVCQ+f9W/YePMzQgf1ZmyElyMLVvg6mD3Y0fe9szV+2t8PG7YN6hTJn2lDmL9tLxkED8x8YT6vJTNUTzxAfruOJ9CG8tWIfeWWmTpvIL1p7uMPG7eMGRjFt1E+fAikuPiOGu/53f/W1FS7b/vpX123dwe9//4XLtnf/ucZlKl/fvo4PU9xN6fvne2ful3L6ao2nTyNcv+GQS88tmT54cdD86gmnX2fDf55rhVKr2YzpjhkYr5pIi8ns5qzzw++Pv3MbXgFuw6tWsxnT7dOxfbAQy6+edTnHe0Cy2+f5OXjodNR/uRTTHTNoWLPW7X7vAckXZCyie6oqzKTooOv/k3Vh7qqy6k577VqlJcSlqK1pu1Yfh9pXT+GRlUTHhjHw+h8ITf4zEVGhlOZl0FBfi9o3EDw8lXPExe2SqsBqo9b1wt/31A+pJZVWeqWE0+ShYUDCfo6XDKC+romWVmjS+FBUYcd/Vz+GXVXBiWM98IwIICTeF6vdTnz/JnJz/Yju3UJBmZ2cqiYGDI5mwz7HpxutLQ2odY6peqZ850+e+/buRUxUJK+/+z5PPfJAh1PvrLZ60tMmOSqkTlZHZR/PJTQoqMNphe2tzdjCkBT3U7eGDOyvVFiFBOtJT5vEa+8u4NH7ZrpdRRDAZrNx57Sb+M1LrzKlXSgmRGeCtD/+z4nRYu+0L9X8B8Yrx7StEGj8y5vYvs/AvmM386aPZNm2HO578zvW/+VW7pmU3GGT9o4s/JVrc1RxeZg2dTgrVjp/gPD9+kM8//svmDF9DOAIeE5vTt5dfL/+EPf/8j0eedjxZ3jnrhz++Z7rD8ZtgdOkqwe4VJ0tX7GL4uJqpk4dTlRksLLdUFzNzp25fL/+IMNTE5ymA54+jdBsdg7MZPrgxeP0yqHTK4tO5z0g2W11VcO33ylT82xvvOVSoXU+NaxZi/2Lr2k1mWgpMijjchdsNXz7nVLR1Lh1O02Hj7hM/1O7+YDw59C4bYcyRbJx63aCtm5w+16Ky8vh7x0LaZjK3Vf5hvcehcrHdabJ6aGWykeLytf1Q/aO/N9raW6397lqBn1HS28g0X0F9xxM1ra3SRwyk+rSTFS+OlLTM5SQSh++i+rSTCzGfDw8PKku2UvyyHOvNhbdzyUVYOniIjHnF+Ol8qdfWA5waqrbDwfKuHZEJMbmUIzmAEaMzMTS2JOgWAu2AzqKq6G3NQFjowqPQBXxSfups0YQHbOH6uZJ5FUEk1NlISxSr4RXAMnhuXip/DHnFxM1brjLmIYO7I/NZuswxPph526uGpGqbC80lBATFeGoyurdy+V67lRV13DViGFndWxIcBCP3jeTdz76xG2IlX08F41Go4x938FDLlMOhXCno8buZ2PO+xs7rIy6Z1IyEwZFM+dfjmPmPzCexiNHsSz+HIDq518iYs1Spf/Vsq05zH9gPMu25mCyNpzV/f9w95XSuP0yNmJEotvVBZev2MXyFRfH4hw7d+V2upKgVuvL1HYVU2/Nn8Xtd853uYa7aYdt+vVznibvbhphezJ98OJhun260+uQwmOdHt9R9VNz0anp2z/nFDjbvxc59ck6l3GB+7F1dO7PrbmDqZbi8tJRcAXgrfbrMEzqKKwKjkmhuvDAeRmbEN1V4pCZWIz5aPVxWIz5NNQbqS4z0VhfS2tri9LjqtFulmbtl5BLagph1NjhGDJ24R8xilj/LLT+aqf9a3YWc7QyEh9vM36qUjSqMvrFf8+4G/0wmerx8LZSa7Iw9AoDalUZPYI2c7x0IIGB5SxbX0dsYg+2Hzv1ibXWX01y6CH8I0ZhyNhF6KAkt+O6akQqk8eN5vV333eZTph9/ARrMzazYvVaZYofQFJiwhmn+rUJCQ7CWt/xNEU/jXNvlJioiP/f3p2HRVX2bwC/cWMRhkWUXVlcEEGHlAJFxMStBSlxKe0NtbSsFKufZbmQtlivJbZo2ZtgLqmo4Z6IioCKgTFuiAqEMCyCCgwg4BK/P8Y5MswAA6EMeH+ui0vmbM9zzswgc/M83yOEWLXbuJSegeycXOw+GA19fT3sPnhYoz7Q46O+oKeu6YX1URRlV0dRuD3zmgzf7pYIQVPx8pXCNvdy8yD74WcE+bnAx9VGuIthfVMJa7fBwu302bJJMPwXowgfptKy+qeha+LTZZOU6mQ5O1tj2dKJ//q4tacR1sTpg48fpfpWDzEQunNQ/ZTXf6Sq9Q8BoH2tgEjHSHXKe3Xpw5vySNRURl0d4fXSCrXTBwH10woBqB2tRdTWdNIzgaFJD1xK/Am6BubopGeCksKLKLlxGYYmPXDndjmuZcbC1MKVBdvbkDYVYDk8PxwZe47C0MoLAPCMd0eVbTb/cQMOPa7iavlTyCvvhTmrn0dWlRH+82oMTDunw9//JBIuWGPVBh8AQPG9bmhvoANrh244dlb5w/nYwfJ/Da28kLHnKGyG1v2L/GCPgRC7umB12AZh2aW0DPj5DIH/aD/4j/bDtJcCkZ2bi1sVlbCzsUZ2bl6D9bMAQOzmAsm5FLXrJOdT1I6gsrOxwqSA5xC2JQI3bspDuRs3i2BuZir0x3+0H+ysrYQ7GxIBgH23uj+U1FeEXR1JRiFe+HRvneuDA9xhbyFC0DdRwh0CKw4fQ1VSstJ2pRu34l5OHkJnDcPVAhlCdyUjOMBdo7pcobNYuJ3kgU7YL2/UG2IN93UR6kg1lYeH8k0wkk5nICenSGnZuFqh0KVLuUhMVH/zgd69rertk6GhHkJXvqp2Kl/AuEFY979ZGp3ToIGOGOfvobL86eHqQypOH2zbFNMEa9Ob8IIwjU+/CYXh/6172VK1IVan0X5CoNbezlZtjanbfzT8/5fR/1ajo+eTMJj3ToPTLInq0lHXEGZ2bvV+2Q8MwMCAJfAJWqMUUtXeTl1QZec6CvrGFkrbGdR63NCXgbHFo7wkRE3WSc8EbkM/QMdOnXEz/wz+uVuF9u06yqcVduqMvp7vMLxqY9rUFEJdEyNUlZTi3m0D6HdxxTN9T2Lbwf4q22UW90D13c4YZJMIGycx/rxQhfKK8XhBvAP/3TUGGRky9B/QDQBQUtEOkrM9cOKc6h09nnVJgn4XV9y7bSC0Xx//0X4I+2278PhE4l+Y9lKg0jZ9nByFOw36jx6BPQejlepQKaYc1uTu6oLLaRmIjj0OP58hAOR1tfYcjIafz5A6a1gppjee+PMvAPK7Efr5eCtv4yYv5q7uzoO3KipZH+sx5Nvfts51ZzIKMfzDHVg506fBOxKuj75Y79RBRWAVeTIdsedzsHPhczD+5zbyvwxV2ba6tAzFX66E+NuvMMdfjKWbTyHIzwXh80bh6QU71BxdzsfVBkF+6uvH0ePH2dkaB/9YgI0b43D4iLwguaGhHjwGOWLcOA+MeLofln+1W2kkU58a0+oGDVT+OWldo5aUwtSpQ5GamqtUL2rDpjh8OP/BXXECxg3CkSPnlbfZGIc+ztZK7Sna/3C+PyJ3JWHXriTk5N6EjbUZjIz08PTTrnj66X5q71Co4OHhhB0R8xC5KwmJielITEoXamMNGuiIPs7WCPAfpDJ9UMHGxhT+zw9Ebq5yCFc7qKO2p/y9D9H56+VKy3REIhj/Ib/ZQVXEzhYpRl762psQRWxSGmWlIxLB8JvluH0wGnozglT2uZuSivKQzx48vnBR7V0UO40eiU6jRwKQj9hSN5KLqCGibk7wmryiSftqsp+t6yio+03N1pW1PqntMrMcADPLAS3dDXoE2lSABQBPfvwGzvywCW6zpqDixgJMHO2FbQeV79Bx8pI5hvXMhl4HGSruVOL0lRKk5HXCMLfeOJVeAaAjenSvQFGlLZzML2PnKdW/ME8Y2Qld9LJh5jwbZ37YhAFvT1HZxt1V9a/P014KFKbtKcKmmp4f7QfJeXmh4MEeA3HDqQgnEk/DztoK2bl5cHeVf9g2NzNFzRpfkwKeQ3ZOHk4knkYXU/mUQj+fIUpF4NX1Z7DHQPRxkh+nj5OjSiA12GOgMApsxLAhuJSegUvp8hFZQ2rU7qLHi7+nI3YnqB+Zd+ycFE+8s/lftxE6cxgAYN7aWOEOgbIffsa9XPVTa2sWdA+PTsG8tbH4fdFz9RZ0D531oDh8dXU1isurEOTnUm9IR22byEgfs98cJRREr61m0FRb2Lo3NDr+t6tUP0DXVtc2dbUfMG5QvdP5GvJv9v/s00lNbpcerdrF2v/NdpXbduBethS6E15ER6+noGMskgc/2VJURezEnZOn0M5O9WdpzfpT1dIclbbuXlD+ea2uL/XV17p74SJKRvtDd0YQOvTrKx8RZmSkFD4B8tDqH6kUdw5Go3Kb8h86qmUyyCZOhf68d9C+nws6uDijurQUdy9cxN0LF1H1S7hwfKX9atfa0uD8aj9u6PyIiIgeZzrV1dXVLd2J5rZ/4jyMWLsUNy+Fojw/Ae9FTMblDOXaBlvfjYVBx1JcLbHHhxvEKCu/g69n5eO9nywxsJ8x5o/ZC4MOMmSVOeOtH5Tnl/d2NMLXE7bAyG4ETBxfx+GZi/HMtpUgelyER6dgeiOnCzaGj6sNYr4MRMimBCzdfAoZ66bB7m458ka/UO9+7a2tYBX1O0Ijk/Huz7E48sV42FuIIH57k0pB9/+M6Ivwd0chYNkehEzxFEaMBX0ThQAvJwR4qa8rQUSkTUrfnIPbew+0dDeoBXR6/hkYrV7V0t0gIiJqFNn9P9QkJyc3sOUD7u7ymsVtqgaWwoC3p+DwrCWweGIeOokc8JH/cVhbGChtk1zghawyZyTnPYHvXzuNr9+4BlvDK1g6oxTv+MVhQ9KzuFFph2NpylMQrS308JH/cXQSOaCr20wcnrUET37c8F/didqSID8X9Hcwf2jHD501DJnXZFi1S4I5/mLYW4hw8+OlDe53LzcPZb9uQXCAO/o7mGPez7GwtxAhOEC5SLvIoJNwp8IgPxcUl1Uh6JsohGxKQOjMYQiPVl9TjoiIiKi2lAsP9/eGuo7/sNt9VNrKeRDRw9fmphACgI3PIFw/ewlJX23EgLffxd34D7By6kEs+v0ZYSTWiVRTjBt4A7/sqsI2w0H4v4k3YGAsw60qPQT90h+ADLM8sxEveXAns96ORlj2wn4Y6t2F9VPf49xPu+D4nC/MB6i/+yBRWxb+7ij4frBdZWTTvzXHXwyxY1cELNuD6upqhEzxRLWsFLoeT0DX4wmNjxM6cxieXrADoZHJCB7njvDoFGQVyN//wQHuMDHUhSSjEAFeTiguq0Lx/VpcJoa6MOnMou6Pkzlzw1HWhDv9LVs6CTY2pg1vSEREWm1HxHbY2NqiVCZDaWkpXgwc36j9P126FJu3btG4rac8PWFbY4pt2C/rMHLUKKVlmhxfsXzZJ0uxaMniRvW5LmG/rMNTnp5w6fegRugbr8/Ejz+vbXBfabYUO7Zvx9x5wY1qszHXj4geb20ywALujwaTxLUAACAASURBVMKauRh/7z4PB/8vce2vb7Dshf04mDYS63ZVIjn1Nt7yuQzDzt1RWnYbP+2zwDdTjLB8o/zOhcOe6oKcSnfkXrsFQF7zKrD/fpiYdYH1U4uQtuMUrp+9hBFrGx4VQtQWiR27IubLwGYNsbp3M0LIFE/EnJVid0IGvnnd5/4dAnUheuv1Rh3Lt78t/D0d8cn9gu6hM4fhxU/3Cm0AQICXEyJPpiPAy0loV5JRCHuLh3f7d9I+s98chdLSikbvx/CKiKht2LF9uxCgzH/vfVjb2MDTy7OBvZpGKpXCRipVCqsORUVh2ozpTT7m+MDAhjfS0KGoKPR1Ub7BzcLFmoVjtna2Ql9WrQxtdJBFjydJWgFWbU+CcWddhL4zAjHJWTh2JhsAsCRoiPDYxFAXcwMHISY5C/ZWxrC3NBa+B4D1f5wHALw6xhX2lsYIP3AOMZIsBHj3hrhXN2H9sAF28HXvjpCweOjo6GCAUzcEDO2FjNxiJF+5hvHD5INTwg+cg697d9hbGrfAVaG6tNkACwBGrF2KwzMXo0pWBreZy9Hxr5V4ocMO+DjYIeIvbxxMG4UPppRi0dqOyLl2C9Ly3gAAw86dMNEjEb+dcMezPtWY8EQ8uuhmo7OlJyyemIdza3fj+pnUBsOrDz/9CoM9nhCKpJ9I/AtiNxehEDsA3LhZhOOJp2FnYw0DPT3cKCrCrYpKpQLvJxJPQ+zaT23B9OTzKcLxVvzwM96//yF/98Fo+Pl4q+xT8y6GWyP3YlLAcwDkdxQ8kXgaANDFzBTZObmoqKgU1iv6Gh17XGlZ7ePU1ZZC2G/bVe68SK2X2LErJN9PQcimhDoLpWvKx9UG4e+OgomhLoJWRgEA3v05Fu/+HPuv+xmyKQGhs4bBx9VGCK8Aef/DD6VgV0IGhrnawMHSGCGbEhA+j3fqeZzUdYc9IiJ6/EilUtjaysOlQwejkJKSAhcXF4wcPQrSbCkupqTg4sWLkEqlWLh4EUQiEZ7ylP9uIZPJcOpkAkaOHoUdEdshlUoxPjCwzpFV6uyI2A6ZTAaRSISRo0dBJBKpXa9oEwAupqTApZ+L0L9Tp04BAOYEz4VIJBL2kUqlGDlqFFz6uQjLps2YrtRG7fYA4FRCAmztApFwMgEikQiHoqJgbGwMv5EjsWP7dhgbGyNo+jShfQDYuWMHdHR0MCd4Lg4djIJMJoNMJsP4CYHyYxyMglQqVToPejwFfxeNyM/G3/+jNRAjyYKvuDt83bsrPS4uq0JoRJIQToVM80bo9iSEL3gWkivX5DM3pnkDkIdPxWVVCF/wrPwYyVlK6xXHjVn1MsQzwuDr3h3Xispx6mKuEGCFbk8CAASNdXtk14Ia1qYDLEAeYp35fhP+mLoYI376BCZOf0M/dRPe0P1N2ObrNwYh5VovdNE/i+nj7OHj8Ce66GbjjcFXYKh3F/pdXGHmPBvtOjjg6Nv/hY33QI1GXt0sKob/aD/hcZ+ejvhh3QYAgLurC25VVOKHsA14f/ZMpaDpUlqGUhiVnZOH6zeLlI4FyAOi5HMPAqzLGX8L67Jz8rBi9VqVY1+/WaS0jcKK1WsxbfIE2NlYKfWvppp3IKzdj4rKSgRNVg6maralOK/s3Fxk5+QJ7VDrZ28hQvi7oxA6cxgkGYWQZBQK0/E0IXbsCrFjV2HUU+Y1GYL8XBrYq2kiFz0v/OeoEDpL3u/Ik+mwtxAhctHzD6Vt0n6JielIOp2B3r2tMeJp1bu2toTVa6IwdepQiIz0lZbLSiuQmJihNf0kImrtVq0MRY5UCk8vLyFw6ns/uJr/3vvo6+ICqVSKsHXrsHnrFhw6GIVVK0OFqXsymQw7IrZj2ozpwpREdQEUAOzcvh2nEhKEx1KpFIA8MAOAaTOmQ5otxRuvz1SaWqcIfebOC1aqG7Vj+3aMnxAIqVQ+he/Hn9diR8R2YWpiSkoKFi1ZjB0R25EjlYdMfV1c4NLPRaV/tUdf1Ty+os9z5wVj2SdLcSgqSvg+4aR8XUpKCkaOHgUbGxvMCZ6LlAspOBQVha++XoGUCyn49JOlQp9qnwc9fmKSsyDuaaHy+3ltxWVVOJNegB4WIgQM7YXQ7Yn3l1eq3Tcy/gpC3xnRYPuZ+SXy8iG1jhGTnIWgMW6IjL/CAEvLtPkAC5BPJzTv3weHZy5GV7Ez+s9eCOgUojTrEKpKMtAbSehtLE9YX3CWD1fU7+IKcysv6Jv3B6q74uzqzSiUhGHA21Ng49P0W5X7j/ZD2JYIuLu6YM/BaAz2GKgySqpPT0dExx7HpbQM9OnpCH19PUjOpyiNqLpVUYnrN4tQUaG+boudjRXc3VzUhli1nUg8DTtra5VQqeY+tyoqcauiEmJXF5WRVSN8huDGzWKEb9muEmLVlJ2bh0njnkN07HGOwmqDTAx14dvfFr79Nf8rozr2FiKlUVLNqa7/HBUhGj2+UlNzMSd4PV6Z6o3Va+QfIDQJhzZsjAMAvDJ16EPpl6y0UiW8AoBSWSUuXcphgEVE1EwU092WfbIUOyLkgY0ilFKMXgIgjBh6yssTYevWAZCHV/Pfex9ffb1C2OaNmTPh6eUljIKq6cXAQKUpiopgKGzdOswJlvfD1s5WaFMhJSVFaL9mjaqaFAGUja18f5FIhNL7d/xSjNySyWT4dOlSBE6YgBcDxyv1T3F3sLq43D++SCQS2lIX0ikcipKPvlq1MhQAYCQSaXQe9PhQ9/t5+B/y6X+KEVPB30cj9G0/BAztdX8fPUjSCuAr7i7sEyPJQkhYPILGuqG4rFJl6l/N9faWxsjML0HQF/uEUVq1tw0Y2hsxkqzmPFVqBm3yLoTq2PgMwjPbVsLIzgr7J81D/Pz1uH7GGuauC9Fz3D70HLcPjs9sFb43d12I/JPtET9/PfZPmocubr3xzLaV/yq8AuTBkjQ3H4B8BJSdtfqRSHY2VsJoJ3MzU/j5DEF0bLywXnL+Avx8vHG9qEjt/gAw2GMg+jg5InzL9nr7dP1mEbqYmdS7jSK08vPxRnTscZX1014KRHW1fDqhOjduFsHO2gp9ejriUnqGyuguorrEnJU2vBHRv3Tk6Hm8MtUbs98chbB1b8DDwxGy0gosXLQNc4PXQ1ZaAVlpBdb8eAgLF23Dmh8Pyfc7cgFHj15ATk4RNmyMw5ofD2Fu8HoA8tFTc4PXIzU1FwBw+MgFTJ/xo7BvamqusP2u3UlYuGgbFi7aBtn9elyr10QhL7dI2H/Dxjhs3BSPhYu2AQCM7gdbh49cwNzg9YjclSTsN33Gjzh85MIjunpERG2H7f3gJ+FkgjDyqK+Li0pNLFmJTGm00vjAQHz6iXyGhq2dLfYe2A8jIyOE/bKuUW0rtVFPmCTN1uz3I1s7WxiJREg4mSCMuvL08sTeA/tRUlKCHRHKnxMUUwDrYlRPWKWOYorl3HnBmDsvWKXYvKbnQW2TvZU8SKotaIyb0nS/kCBvRMZfFh77iuU1rAKG9lZeNs0b9pbGEPe0QEyycvhUcz0A2FsaI8C7NyRXClTaj4y/gl3xV1BSXqVyHGpZj8UIrJqcX/GH8yv+KL2ai5zYJHmNrJJS6Bob4basDJ1EhsJjx+eH48mPZsGoR/PVR7lVUQl9vcbd4UwxfXDp199iiMdA6OvrQ19fHwb6evWOrAKASQHPIey37Q2OjmrIpbQMdDEzhYGenvC4T09HpW2mvRSIpV9/q7b2VXTscfTu6Sjfz8kR0bHxKlMiqfUI/umYUOzct78t1kdfxAAHcwSNdEFoZDKKy6swc4wrLucUIzjAHQHL9iDAywmS9EKYGOoiZIongn86hswCGXzdbGFiqCscQ+zUVQitQmcOQ+TJdPj2t0XkyXTsSshA2LyRAABJRiE+2XQKvy96DsE/HROmAiqWFZdVYdrKQygqq0TQSBckXbmG794YjnlrjyHmnFQ+9XHeKEQmpKO4rAq+/W0hyShEkJ8LQjYlwN5ChCA/F+HY9PhQjHj6eOHW+4XaTbBw4Va8MnUoft0Qh29DX8XHi7Zi0EBH9HG2RqmsAkYiPRw5cgEeHo6YOsUbkbuSkJqai3HjPDBtxo84eXwpREZ6ePONkdiwMQ6JielITEpHYmIGpk4diuB567Fs6UQcOXIeu3YlwbmPNVJTc/HK1KGYExyOqD8+Ujp+bu5NHDlyAU8Pd8WXX+3CZ8sm4fBReWDVp48NPAY54eNFW+Hcx5rF5omINHAoSv7HhVMJCcJ0t5z7QdbFlBQcOhilFN4oRjcp9lm0ZDGkUinmv/9/GDlyJKCjo1QfS6GuUEomk2FOcDDC1q2Djo4OLqakYFGt4unjAwPxbWgodHR0UF1drfG5XUxJgbHxg9EoOVIpRMbG8jpbo1Trfv556hT+PHUKNjY2GD9B+fNDjrT+wElxfra2tki4Xw/s00+WwtbODgDkxwwMFM5TVqIaXtDjQxEmrdqeBBNDPbw6xhUAcCa9ADo6OhgmthO2E/e0QGTcFQQM7SVMIxT37CYc6+o1GY5JsjGgZzcETxiEoC/2YV65B3rcb0OxvoelSGg3eMIg+M7dLNTbAuTTFU0MdbEkaAiGJdshMv6K0npqWY9dgKVg1MNaCLMepUvpGRC7yqd8dDEzxY06RlBJzqfgrWmvIDsnD+Zm8g8ffj5DsPvgYdjZWAlF3g309HGrorLeIGvaS4FCiKWvp7qduZkpLqX9rWZPueTzKfAf7SdMMVRMA6wdYAHA+7NnYsVq5dvs3qqolE9pvF+ry87GGku//pYBVisVc1aKzAIZYr4MlBdT3JUMewsRxE5dUVxWBXenbog5K4WBbkeE7kqGb39bmHTWReY1GUpu3YbYqSsiT6ajuLxKqDelCIzETl2ReU0GHR0dFJdVIbNABklGIQAgPFr+F8HMazLYW4hQXFaF5IwChGxKELYJjUyGcedOiDyZDklGIYa52SA4wB0A8PMf53H0TLa8Ttf3UxAamYyQTQkwMdRFzFkpTAzlfSwuqxJqYgX5uQjHpsdPbm4RLl2W1wo0MpT/7HTuYw0PDycEjJOPxhUZ6d3/kodeHoOc4OHhhMQ1UXB2ltfSWr1G/jM89VKufLRW7oOf+x4ejsI0wIBxg5CbexOlpRVITErHpct5WPPjIZSVVQqjsma/Kf+gkZiYfr+PN2FjbQYPD3m7AHDkyHnk5RWhrKxSvp4BFhFRvWrWmRo5Sv6HMk8vT9ja2sLWzlZp9JXie08vT+H7vQf2A4DSnQRTLqTgKc+nVKbX1R6BVLN9kUiERUsWI+VCCoKmT1NZb2tni6++XiEUeff02qK0vmafFN9Ls+WF2xV1tV6ePBmxx+Pr7F/Na1F7Wc27Ctb1vaL9r75eAWm2vCD+jz+vhTRbCpGxSGhv0ZLFSsXq6fEVvuBZpVFYQWPdkJlXIoS0QWPdYGKoB1/37pCkyUdL2VsaI/Kz8cI+4l4WACDsY29pjJhVL8vvUmhpDNwPrGoGv6Hv+AntA4C4pwWcrE2Vlvm6d4eJUf0DRujRalMB1k6/pt9+tjmY9+8Dn28+qHP9rYpKSM6lCHfsmxTwHFav26Byh8ETiafRx8kRXcxMcT0tA11M5W+kwR4DsfvgYYjdlOeKZ+fkqg2TalKMjjLQU62lMthjIKJjj9dZXP1yWgbca9xlsE9PR4Rt2Y4bN4vQxUz5g5GBvp4QYonvB1bRsfHw8/FW2qaPk6PakVrUOuhAR+nxAAdziB3lAdbf+SX4+1oJfPvbIsDTCdNWHsKSl5+CJKNQ2C7zmgwl5bfVHiPzmgx/55eguLxKqEslySjEmYzrEDt2RWhksjAiKsjPBTFnpbhaUIrisirsSshAgJcTwqNT5P25X0y+uEz+b+059orHobOGIWDZHgT5uSA8OgUl5beho6ODyJPpzX/xSCtZW5th9+4kyEorsHrNIYwY3g9GRnqYOnUoPDwccen+ND51ZKWqU6KNjPSRk1sEWWkFcu8HVhs2xiHqj4+w/KvdSiFWXf1x7mONVaGv4vCRC2rrYCnaUYRbkbuSYGNtitRLudgRMQ/jJ6zU9PSJiEiNxtw9sLZ/U9upoX3rqzlV28WUFGFqoq2drTDi6lHUnqp5/dRdy8acB7VtNetV2VsaqzxWqDniqub3Joa6akdJ1VxWe71i/5rH19ftIBxPXTvU8tqHhISEtHQnmsvF9ZEt2r6BpTl6jH4Q1Cim3d24WQTJ+RRk5+Zh7AhfIazq2LEDxG79hNpW0tw8nE+9jI4dO2DsCF8AwOX0DJibmcFYZAQA6OPkqBRW3aqshLGR0f1RVBkY/KQ8ELpRVAQ7G+Wpjx7uA1BSWirsn52bB1fn3sK6w7HHcSH1Mv7OykZ2Th7yCwphoK+PO3fvqhzLQF9PaKN2Wx07doCH+wDcuXsXVt26QnI+Be61QjcDfT1k5+Y1GLyR9rG3ECEhNQ+TvzyA4vIqONuZYcuxy/jj9FUEDHaC2OlBMXTPvlaQZBQiZIonMgtkwnbLp3kjITUPb/xwBABgadYZW45dRn7RLTjbmUHs1BWWpp1hYqiL/KJbKC6vwhvPuOHDiYOwJfYyArycUFxehco79xAc4I6Ys1JYmnWG2LErxgzsgVRpEeaNc0f44RR8GH4clmadUV1djemjXFFSXoUxiyIBHWB5kDfyi29hzEB7FJdX3T+3fITPGwXf/raIOSeFSWddLI9IAnTAQu9tmLOzNS5eysXCRdtgY22KcQGD4NzHBgsXbcW2iAQ4O9vAuY8NUi/lYsTTrki9lAsHh27o378HQlfth8cgJ1y/UQrvIc4QifTh4NANGzfGI3TVAXww3x/OztbIyS3Cm7N/gXkXQ5ibG8HBwQK6uh3h7GyN1NQcjB0rhqy0Erdv38WkiV7Yti0BixZvQ6dOHYQ2vYfIb+1cWlqJ27fvYOxYMf7OLMSbs3+BtbUpxo4V4+iRC1i9JgpdzUWwtjGDs3PzTYMn7XN73wHcu5zW0t2gFtC+Ty/oPju2pbtBWs6ppxMy0tNRWFiIiykpGD8hELq6jStnQqStMvNLkJkvQ/7NcqRevQFJWgFOXZSPnrc066y0bXFZFX7aLYGnC38vamlVVfLBBfn5+RrvY2UlH2ijU92YCdRERERERERE9FjIzC/B1XzV2m0Denar8w7fD1Nk3BWIe8lHRUmuFKC4rFKYbWFqpIcBPbuhuLRSabphcVklxL0skJlXItzJ8FHKzC9RuSvi40xRKy85OVnjfdzd5WVh2tQUQiIiIiIiIiJqHvaWxohJzsK0L/fj6MqXhOUhYfGQpF1D5GfjH2mQZWKoCxNDPZgY6qoNhWKSs4TAyMRQF/ZWxsL2j2o6YHFZFSLjLgsF4eUjxUogSSvAvAkeQrF6ajyOwCIiIiIiIiKiOun4fonqGOV6z8HfHUZxWaVQ9JwASVoBIuMuI3iCh0qwl5lfgoCPd8LUSA+/f/pii4xg0wYcgUVEREREREREj4yJoS4kadeUlmXmlyD8wDmIe1ooTdeLSc7CsTPZGOfdS+1IqPAD5wBAGLUEAAFDe6sNeSRpBSgurVRbuL24rApn0grQw1KkNEJLklaAkvtTDWtOf1T0q6ZhA+yUjh1+4ByKy6og7tkNmfkl0NHRUTuKqrisCsHfRSNm1csq64AHd0cUz1iH4O+iGfw1QbuW7gARERERERERtR7FZVU4diYbwYEeSsvtLY0RI8lSCZd83bsjJDxeJbwqLquC79zNEPeyQNBYNwRPGISgsW6wtzRGaESiSruhEUmwtzSGuJcFQsLiVdabGOrC2FAXvnM3C7WxAPndBFdGJMLYUFcpFFP0a0nQEOGr5n6Kc4qMvwxf9+4IGuuG6upq+M7drNJ2+IFzCPDuXc9Vk/cv9G0/rD94Hpn5JfVuS6oYYBERERERERFRvULC4oUv8Yx1GDbArs6i6JpOjwv4eAdCgrxVgi1FWFSTopaUyf0QqrisSm0IJO7ZDVevyTBt+T6V5ZrUwWqo0HvQWDeVkAsAIuMva3x84866kFwpaHBbUsYAi4iIiIiIiIjqFTLNW/iS/DIdmfkleGHhziYfLzLuCjLzS9ROBQSgUqQ9NCIJAd4PwqWgsW5qR2EBwNzxg3A0OUuYmtjc1AV06kKtuoh7dlOZfkkNY4BFRERERERERBozMdRF6Dt+iIy/0uSQSJJ2Te2dBOtSe2qiPARSP4rJxFAX4R8+i+DvD2s0Va/m6DJ1SsqrcEySjWOSbIRGJCH0HT+1bcZIsjQ8G8BXrD64o7qxiDsRERERERERNYqJoS6GDbBTGxDVLMZe9/56uHpNpnF7Z9ILcEyiXHD96rW6w6mAob0QEN8L05bvx9HQl+o9dsg073rXV1cD1dXVCP/jHHR0dBA8YZDKNuKeFlh/8HyDxwJQ78gzqhtHYBERERERERFRoygKuZsY6qmsk1xpeHpcwNBeKCqtrHMUVe3lA5y6obq6Wumrh0X9I7hC3/HD33nFdY6s0pSJoS583bsjfMGz8rsU1ioSD8hDsKLSygbbCo1IQujbqiO4qGEMsIiIiIiIiIhILUVQU3ukVfB30Rjg1E1lNFLQGDes2pFUa9vDKse1tzRG6NsjEPTFPrX1ozLzlNtThEg1v0wMdRGTXPe0PRNDXUR+Nh6frD9eZ1BWW33HA+S1t4LGuKmEWCaGuohZ9TJCtydh3veH1Rd6j7sCE0PdBgvFk3qcQkhEREREREREKjLzSxAZdwXDBtghJCwe9pbGMDHUk0+BE8tHJNUWNNYNmfklCPh4J0yN9NDDQoTgCYMgSbuGzPwSpbpXQWPdIO5lgZCweJgY6sK9lwWqq1Wn2MmDHz1I0gqEO/3JpynqKQVFxWVVCD9wDsVlVcK24p7dsPKtEYiMv6zS15jkLOHcFEwM9ZTalqQVwN7SWGlapOIOiQEf70DoO35Cn8Q9uyFz65sIjUhEwMc74GBlAntLYxh31hXWM7xqOp3q6urqlu4EEREREREREVFrIkkrQPB30XhhaG/MDVSti0WqZDJ53bPk5GSN93F3dwfAAIuIiIiIiIiIqMki464gRpIFE0NdiHtaCNMbSRUDLCIiIiIiIiIi0mr/JsBiEXciIiIiIiIiahWKy6oQ9MU+hITFIzQiSe02AR/vfMS9okeBRdyJiIiIiIiIqFUIjUhEgHfvOouhR8ZdQXFZpVLBd2obOAKLiIiIiIiIiFqFgKG9Ebo9ETHJWWrXx0iyEBzoUed6ar0YYBERERERERFRqyDu2Q2Rn41HjCQLQV/sU1kvSbuGgKG9EBl/uQV6Rw8TAywiIiIiIiIiajVMDHURMs0bmfklSssz80tQXFaFkLB44XtqO1gDi4iIiIiIiIhahcz8EoRGJEFHB/AVd0dMchYkaQUInjAIMclZCA4chKCxbgCAmOQsxEiyEDLNGyaGui3cc/q3dKqrq6tbuhNERERERERERNS2yWQyAEBycrLG+7i7uwPgFEIiIiIiIiIiItJyDLCIiIiIiIiIiEirMcAiIiIiIiIiIiKtxgCLiIiIiIiIiIi0GgMsIiIiIiIiIiLSagywiIiIiIiIiIhIqzHAIiIiIiIiIiIircYAi4iIiIiIiIiItBoDLCIiIiIiIiIi0moMsIiIiIiIiIiISKsxwCIiIiIiIiIiIq3GAIuIiIiIiIiIiLQaAywiIiIiIiIiItJqDLCIiIiIiIiIiEirMcAiIiIiIiIiIiKtxgCLiIiIiIiIiIi0GgMsIiIiIiIiIiLSagywiIiIiIiIiIhIqzHAIiIiIiIiIiIircYAi4iIiIiIiIiItBoDLCIiIiIiIiIi0moMsIiIiIiIiIiISKsxwCIiIiIiIiIiIq3GAIuIiIiIiIiIiLQaAywiIiIiIiIiItJqDLCIiIiIiIiIiEirMcAiIiIiIiIiIiKtxgCLiIiIiIiIiIi0GgMsIiIiIiIiIiLSagywiIiIiIiIiIhIqzHAIiIiIiIiIiIircYAi4iIiIiIiIiItBoDLCIiIiIiIiIi0moMsIiIiIiIiIiISKsxwCIiIiIiIiIiIq3GAIuIiIiIiIiIiLQaAywiIiIiIiIiItJqDLCIiIiIiIiIiEirMcAiIiIiIiIiIiKtxgCLiIiIiIiIiIi0GgMsIiIiIiIiIiLSagywiIiIiIiIiIhIqzHAIiIiIiIiIiIircYAi4iIiIiIiIiItBoDLCIiIiIiIiIi0moMsIiIiIiIiIiISKsxwCIiIiIiIiIiIq3GAIuIiIiIiIiIiLQaAywiIiIiIiIiItJqDLCIiIiIiIiIiEirMcAiIiIiIiIiIiKtxgCLiIiIiIiIiIi0Woe/s/Naug9ERERERERERNTGdTHu3OR9OzjYWTVjV4iIiIiIiIiIiFTJZLIm78sphEREREREREREpNUYYBERERERERERkVZjgEVERERERERERFqNARYREREREREREWk1BlhERERERERERKTVGGAREREREREREZFWY4BFRERERERERERajQEWERERERERERFpNQZYRERERERERESk1RhgERERERERERGRVmOARUREREREREREWo0BFhERERERERERaTUGWEREREREREREpNUYYBERERERERERkVZjgEVERERERERERFqNARYREREREREREWk1BlhERERERERERKTVGGAREREREREREZFWY4BFRERERERERERajQEWERERERERERFpNZ3q6urqlu4EERFRfSYs2ISdMReEx+3bt4ODlSmeH9oXi2eMgKizrsbH8pqxBrbdRIj4YgoAoOzWbTwzLwwl5ZWI+nYGLMwMVfZZG/knTIz0MXGE278/mUaYt3IvImNT8Pfv8x9puy1xvpq02VzX498c5/XPd2LdnqR6tzm9/h2Ie1sJj8P2nsYby3/H/z4ej1fGuje6zYa01OuzOVRW3cXyX2OwOUqC7GslMDfpjBd9+2HpzJEwNtR7WdtIMwAADsFJREFU6O3Xfi009lq25mtPRETUEmQyWZP37dCM/SAiInpo7K1MsX7JBADAvX+qkXwpF5+GHcGRpHScWjcbHTu0b9Jxw/edRjWAo6tfh5nIAP/bnYhZX/yOG1GLYWIk/wC9Nz4VXU06PzYfUlvifFvLNf7gP8Pw6rNPCI/93v4FE0a4YtYLTwnLetl1Eb7Pu16KFZtisXnZZIwf7vpQ+tRarl1td+/9g9Fz1yH1aiEWTh+OvvbdkJpZiM/CjkJyOQ9HV7+Odu10HmmfGnstW+u1JyIiao0YYBERUatgoNcR3gPshcfD3B3Q07YLxv3fr9gdd7HJ4cDbE7zw9gSverfZveI/TTp2a9US59tarnFP2y7oafsgoNLRAWy7Giu9NmuyMjfChd/mPdQ+tZZrV9vqHQmIP5OJP8PewkBnGwCAn0dPuDpZYMRb/8O2w+cweWT/R9qnxl7L1nrtiYiIWiMGWERE1GoNH+gIALicdV1YtuXQWSxfH4NLWYWw6SrCm+M98e5L3tDRUT+So+aUwq6jP8VN2S0AQJdRS/Hy6AHYEDJJZdohIP/w/e3WE8guKEZP2y74KGg4JvnJP2xXV1fjm9/isWZHAvJulKK3nTk+mTkS/kP71nku//xTjcVrD2Ft5J+oqLqD54Y4o1NH1f+mt0afxWdhR3El+zp62Zlj+Vtj8MzgPmqPafXM55j+/ECk59zEvuOp0O3UAUHPDsSXb41B+/bthG0Cn3ZFmvQGYiV/4891b+G1z3YK5xv8zV78fuwCru76QDjuhYxr6D9lFfZ9E4QxXr01Pt/6rlnta6zJ9dCkXU2v68NQ33Ol7rr7vf0Lgp59ArnXS7ErNgU6OsCU0WJ8E/wcQn6Oxv92J+LuvX8w8smeWD0/AF2MDdReO6tnPsfMAA+UlFVh48FktNPRwYQRblgZ/Bw6dXwwUrGh94qsvAoLVv+B32Mu4FblHQx0tsHyt8bAw8VW5VxfXrQFMX9lQLpngTBqavuR85j08WalgKqmjQeSMcLDSWWd7xOOGPaEA/7OvalxXzU5Z01eC419r6vbvjn62tDrpzHPDRERUVvBIu5ERNRqXc0vBgDhg3zY3tOYsngLRnv2wh+rpmOGvwcWrD6IxWsPaXS8v359B5/PHg0ASN4wByuDn1O73YpNcZi3ci9effYJHFw1HQE+Lnh50Rbsik0BACz95TAWrz2ED1/1RfR3r8HFoRsmLNiE8+nX6mz7m9/i8cX6GLzm74Edy6fCwdoMmw5KlLbZcCAZLy/aAv+hffHHqunwdLVDwPwNSL6UW+dxV2yKQ5/u5tj+xVQEPTsQK3+Lxxe/HlPa5sffT8HUSB9fzB6DrqadldZNGtkf0oISnE7NEZbtjrsIU5E+Rng4aXy+DV2zplwPTdrV5DgPgybPlbrrHrr1OHp1N0fEF1MwM+BJrNl5Cv2nrELq1UL8umQivpg9BgdOXsbCH6PqbX/F5jhU3bmLzUsn452Jg/HjzlP4pUbtLk3eK29++Tv2HU/Fmg8CsGvFf9C+vQ5GzfkFeddLVdqbMkaMazfLEH8mU1i2J+4inGzN1IZXAHA2LR/iXtZq1x354XUseNVX475qcs5NeS009nXbXH1t6PXTmOeGiIioreAILCIianXu3vsHqZmFmP1VJAz0OuJ57764d+8ffLT6IKaOcceXb48FIJ9meOfuPXweHoM5E4eohDO12VkYC2FYdwsToQZWTbfv3MNnYUcwZ+Jg4QO29wB7nM+4hrWRf2KcjwsOnLyM914aitf8PQAAA3pZIeLIeRw4eQmuThZqz+e/G2Mx/flBQoA26qlekBaUIO5+IFBdXY0Fq//A5JH98ekbowAAQwfYI06Sie8iTmDdwkC15/TKWHd8MnMkAGC0Zy8UFpVj1ZbjWPCfYcIoLP+hfbF52WS1+3u62sHOwhi7jqUIQcTe+FS8MKyfUHesofPV5Jo19npo0q6mx2lumj5X6q77K2PdsXDacADAyCd7Yv+JSygqrcDWz14SrnfypRwcSUqvtw+jn+qNNR8EAJCf8+7YFBz7KwNvvviUxu+VqFNpmOE/SHh+nHtMwvvf7kNOoQxW5kbK7Xn2hrlJZ+w4eh4+7g64d+8f7DuRitkveqrtn6y8Cnfu3oNlrePU1pj3dX3n3JTXQmNft83VV01eP415boiIiNoKjsAiIqJWIeXvArT3+gjtvT6CrvdCDJi6CsVlldi/chqszI1wPuMaCorKMKFWMeXJIwfgzt17OH72arP041x6PmTlVRjt1Vtp+aZPJmPLpy8BABJ+mY2ls0YK6wz0OqKLyAA3S26pPWZWfjGuF5fD30d5yp0iTAOAi5mFyLteihdr1Ppq104HQ8X2SEyR1tlfUyN9pccv+PbDTdkt5BQ+uAOMo7VZnfvr6Ohg4oj+iLw/4qSgqAynLmQrXeeGzleTa1aTJtdDk3Y1PU5z0/S5Unfdu4iU+2bbzRh97bsp3aTAytwIhcXl9fbByUb52JZdjFBQVAYAGr9XvAf0wLo9Sfgu4gQy84pgYWaIDSGTMKiv6oiqDu3bYeIIN+yMuYDq6mrEnclEkawCk/5lDavGvK/rO+emvBYa+7ptrr5q8vppzHNDRETUVnAEFhERtQo170LYsUN7dLcwURppoPhAX3v0gYWZIQDgRh3hUWPdlFUAALqaKI/m0tPtAL37/60WFpVj2brD2Hf8EnIKZbhz9169x8y/UarUV3UUH24nfrRZZV1jRlwoRoDk3yxFd0sTjfaZ6NcfX2+OQ7r0Jo4lZ8BMpI+nBzkJ6xs6X02uWU2aXA9N2tX0ODU9/9567D9xSXh8ddcHsO1mrPH+QPM9V/Wprq5uwj7yfzV9r2z8ZBI+Dz+KFRvjEPzNXrg5WWLJayPwgm8/tcd/ebQYq3ck4MS5LOyJu4h+jhbo56g64hAADPU7oV07HRTcLKu3z//2fa0456a8Fhr7um2uvmry+mnsc0NERNQWMMAiIqJWofZdCGtTjFwpLFIemaKoCWNu0jyjbkwM5dMKrxfX/WH0+ffXo0P7dti8bDJ625lDX7cjHF74qs7trcxFAOr/gGtkoAsAWLvgRZWaQh07aD6gWhEYWJhpHqQM6msDRxszRMZewPEzV/Gibz90aP+gzYbOV5NrVpMm10OTdjU9Tk3fvuePZbMqhceNCTwUmuu5elg0fa901u+Ez94cjc/eHI2LmQX478ZYBC7YhNifZmFI/x4qx/Vy6w5HGzPsOHIee+IvIui5gXX2oV07HfRzsIDksvr6bf7v/wrfgY4Y/oSjRn1tSFNeC4193TbXzyBNXj+NfW6IiIjagpb/LYqIiKgZuDpZoIuxAXYcPa+0fNvhs2jfvl294VdN7e7fKayuES5uTpYwNOiEqFOXlZZ/+MMfCFoagevF5UhMkWL2eC881c8OpiL5FL7K23fqbLO7hTG6mRpid+xFpeWKkRgA4OpoAVFnXVzOKoS4t5Xw1dW0M+ws6h5JVXqrSunxnviLMDfpDNuuojr3UWfiCDdsiz6LQ39ewYQRD6aFaXK+DV2z2jS5Hpq0q8lxanOwNlW6vjWn7mmqqc/Vo6LJe+VK9nUMnfUTTp7LAgD0te+G798fBwCQXM6r89gvjxqAX/YkIiPnJib7Dai3Hy+PEePQn2k4l56vtDz+TCb2HU+FXTfjZntfN+W10NjXbXP1taHXT1OfGyIiotaOI7CIiKhN6NihPZbNGoXZX0Wiq0lnjPHqjYQL2fgs7Cg+eMVH47pHPSxNAQBh+07j6YFOEPe2Ulqvp9sB818ZhqX/OwwzYwN4D7DHsb/+xteb47Dxk0kwExnAytwIX26IQccO7XD77j38EHESsvIqVFTdVdtm+/bt8H+v+GD+dwfQxdgAPu4OOJKUjq3R52BnIZ++ptupA0Je98P73+5Hh/btMHZwH+ReL8X87/Zj4oj++OqdsWqPHbb3NJxsu2BI/x6IOnUFv+5PxrJZI4UC7pqa6Ncfy389hq6mneH7hIOwXJPzbeiaNeV6aNKuJsd5GJr6XD0qmrxXjA31cFN2C69/vhOfzx4Nc2MDbDiQjA7t28HHve4gZsoYd3wadhQDnW3gZFt3bTUAmDtxMCKiz2JscBiWvOYHB2tTXMwswPL1xzB8oCPGD3dFu3Y6zfK+bsprobGv2+b6GdTQ6+fz2aOb9NwQERG1dgywiIiozZj1wpPo1LE9/rsxFt/8Fo/ulsb46p2xmDtpiMbHGD7QERNGuGHxT4dweUwhfvzwBZVtPg4aDgPdjvhh+0ksWRuNPj3MsSFkEib5yUcm7f06CHO/2YNpy7bD3MQA818Zhtt37+FiZkGd7c6bPARFslv4ceefWLX1OJ4Z3AdzJw3GzpgLwjZzJw2BkYEuvt4chxWb4mBhZoj/PPMEFk1/us7jThkjxtm0PKzYFIe79+4hePIQzJ/qo/H1UBjQywp9enSF7xMOSuFXu3Y6Gp1vQ9essddD03Y1ua4PQ1Oeq0epofdKh/btEPXtDHzw/QFM/3Q7qm7fhaujJXb99z9wc7Ks87i9u5vDwsxQo+Ltup06IPr717BkbTRCfo5GUWkFHKxNMTPAA/83dRjatdPRqK+aasprobGv2+bqa32vn6Y+N0RERK2dTnVTqoASERGR1rN65nNMHSPGf+c809JdocfEnynZ8JqxpknF74mIiKjtk8lkDW9UB47AIiIirdbe66OW7kKrc+/k5yrLeB3pYcrZuwBxkkwsW3cEE0a4wbabMV9zLUTd+5+IiKgtYIBFRERajR/GmgevIz1Mu2JTELQsAsPcHbB6vrygOF9zRERE1Jw4hZCIiIiIiIiIiB662lMIX3311Tq3Xb9+vdLjxt2CiIiIiIiIiIiIqBnUDqnqW84Ai4iIiIiIiIiIWkTtsKquUIsBFhERERERERERtRhFaFVXeAWwBhYRERERERERET0CtWtgNQZHYBERERERERERkVZjgEVERERERERERFqNARYREREREREREWk1BlhERERERERERKTVGGAREREREREREZFW+3+59sGfXChDRQAAAABJRU5ErkJggg==' height='250' width='300'/> ]]>
  </system-out>
</testsuite> <!-- com.tribu.qaselenium.tests.mazaprendo.MAPerformCourseTests -->
