<?xml version="1.0" encoding="UTF-8"?>
<!-- Generated by org.testng.reporters.JUnitReportReporter -->
<testsuite hostname="station" failures="0" tests="1" name="com.tribu.qaselenium.tests.mazaprendo.MAClearCacheTests" time="74.224" errors="0" timestamp="2022-01-24T10:37:49 COT" skipped="0">
  <testcase classname="com.tribu.qaselenium.tests.mazaprendo.MAClearCacheTests" name="clearCacheDrupal" time="74.224"/>
  <system-out>
    <![CDATA[ <img src='data:image/png;base64,iVBORw0KGgoAAAANSUhEUgAABLAAAARMCAYAAACJcWqtAAAAAXNSR0IArs4c6QAAIABJREFUeJzs3XdYFOfaBvB7pYMKiNKsoDGRookoFuxii+1YMSq2KJ4YFfVYYzRqjA1j1xNBiRF7j2ISQjFRQUUxqBQ1ClFpShSQsiBlvz/4dg4Ly7JL2zXev+vykp3yzrszO+2Z931GZGxsLAFRDevWrZu6q0BqcPXqVXVXgYiIiIiIiP4B6qi7AkRERERERERERIowgEVERERERERERBqNASwiIiIiIiIiItJoDGAREREREREREZFGYwCLiIiIiIiIiIg0GgNYRERERERERESk0RjAIiIiIiIiIiIijaat7grQu0Eikai7CkRERERERET0lmIAi2oFA1hEREREREREVFkMYFGtUCaANXHiREyYMKFalnf48GEcOnSoWsoi9fv6668hkUiwcuVKdVflH8/GxgZjx45F586dAQDXr1/HiRMnEB8fr+aaERERERHRu6xKASwjIyM4OzujRYsWsLGxAQDEx8fjr7/+Qnh4OLKzs6ulkvT2UyaAVV3BK2lZfn5+1VYeqY+NjQ0cHByEvxlIqTkODg74+uuvZYZ17twZnTt3xooVKxAVFaWmmhERERER0buu0gEsNzc3DBkyBHXr1pUZ7ujoCADIysqCv78/jh8/XrUa0j+CMgGs7OxsGBkZVcvysrOz2W3xH2LIkCEyf+/cuVONtflnmz17tsJx//73v2uxNkRERERERP+jcgDLyMgIS5YsEQJV5albty7GjRsHe3t7bNy4ka2x3nHKBJO8vLwwcuTIalnemTNnGMD6BzAyMkKfPn2Ez3369IGvry+PJzXAxsYGFhYW5Y63sLBgCzgiIiIiIlIblQNYS5cuFbrzlBYfH4/jx49j9uzZQsssR0dHLFmyhLlr3nHKBJNCQ0MRGhpaC7Wht0Xv3r3lDvP391dDbf7ZlGn9WF0tJImIiIiIiFRVR5WJ3dzcFAavVqxYgRs3bpQJVjk6OsLNzU2pZYwfPx7p6eky/xISEhASEoJBgwapUt23nrm5OdLT03H48GGV5926dSvS09OFlnIfffQRpkyZIoy/efMmnjx5Um11rYhEItHYf3PnzkVgYCDOnTsHbW1thdO6u7sjMDAQHTp0UHk5PXv2RGBgIEaMGKHU9J6enggMDIStrW2F09avXx/u7u7Q0tJS+/os+a+qSnYfVDSsMrZs2YL09HQ8efIEenp6ZcbPnTsXLVu2rLCcBg0aID09/a3vLt2iRYsKp2nUqFGly75w4QLS09Oxfv16mXEfffQRQkJCkJKSgsjISJlWmA0aNMCRI0eQkJCAuLg4rFq1ShgnEomwZs0aPHr0CMnJyfDz84OJiYkwfty4cYiMjMTz588REhIic+6qqWUq+p5ERERERFQ1SrfAMjIyKvfGURq8UtStZ8iQIfD391e668+lS5cQEhICAGjYsCEmT54MPz8/dO3aFQ8fPlS22hpFJBLVWre2/fv3IygoSAhSLVq0CNbW1jhw4AAAYOHChXJv2t812tra6NmzJ27cuIFOnTqha9eu+P3332tkWffu3cNXX32FuLg4paY/f/48bt68iZSUlAqndXV1xaRJk3DixAkUFBRUtaq1+ls1NzcvN/eSvC5tFhYWWLNmjdzpd+3ahRcvXlS4TB0dHYwYMQK//vor+vfvj0GDBuHcuXPC+LZt22LNmjV48OABHj9+rLCszMxMTJgwAc+fP69wuZrsr7/+qnCa1NRUlcvt1KkTzp49K7d8PT09HD16FEVFRVi9ejXc3Nzg4+ODu3fv4tGjR9i+fTv69++PjRs34oMPPsC8efPw+PFj+Pn5wcPDA3PnzsXhw4eRmJiIRYsWIScnBzNnzoSDgwP++9//4saNG/D29sZ//vMfHDp0CE5OTtDW1q6RZSr6nkREREREVHVKB7CcnZ3LJGwHgJCQEJmcNDY2NnJvLuvWrQtnZ2dcunRJqeXduHFDJllzXl4eFi9eDCcnJzx8+BANGzbEhg0b0KtXL+jo6ODkyZNYsmQJCgsL8f7772P37t2wt7dHREQErl27hkWLFmH8+PH46aefEBkZifz8fJw+fRrz5s1D+/bt8ebNm3LLs7CwgJeXF7p37w49PT3cvXsXy5Ytwx9//AEAWLBgAaZNmwYzMzM8ePAAS5cuxfXr19GkSRNERUXh4MGDsLKygo2NDTp06FDmu5Y3vzLb5Ouvv4aDgwPy8/Px22+/YcGCBXj16hU+/fRTTJ06Fd27d4evry/ee+89AEB6ejpat26NzZs3w9zcHM2bNxe227p16+Ds7AwACA8Px/Lly5UOtlREmWCIhYUFBgwYUC3LCwgIUCqg4OzsjPr168PPzw9WVlZwdXXFb7/9Joxv1qwZFi1ahJYtWyImJgZPnz4F8L8WZYcOHUJBQQHOnj2LqVOnIj8/H1u3boW1tTXc3d2Rk5ODjRs3IjIyEo6Ojvjyyy+xZ88enD59GosWLcLAgQOxfPlyzJgxA5aWlrh16xbWr1+P3NxcDB06FEOHDoWHhwceP36MgQMHYty4cbC0tERGRgYCAwPh6+uLuXPnYujQoQAAf39/rF27Fh06dMDAgQPh5eWFf//739i1axeCgoIwfvx4DB06FMbGxnj69Cl27dqFqKgomJub4+jRo/jpp5/QsGFDWFtbY/LkydWyLSpiZGRUYU690sqbXtkubv3794epqSk2bdqEFi1awM3NTQhgjRw5Er6+vgCA48eP4/vvv8f8+fPL3U/r1auHw4cPIyAgAG5ubhCJRPDw8MCnn36KJk2aICEhAb6+vvjuu+8AoMLjiboo83ChMrnHDA0NMWvWLCQkJCAoKEhmnIuLCywtLbFy5Ur897//RWxsLM6dO4cRI0Zg165dGDRoEEJCQuDl5QV9fX0MGzYMo0ePhp+fH0aPHo3Xr19jzpw5KCoqQo8ePTBs2DDMnj0bo0aNgkgkEtZrgwYNsHDhQjg7O8PAwKBGlqnoexIRERERUdUpHcCysbEpMywkJEQmyCQNXskLdEnHKxvAMjY2RrNmzQAUt8AaOHAgACAmJgYAsG/fPnTp0gUTJ06EkZERfH19ER8fj927d8PHx0fIvZWWlgYvLy8AwJs3bwAA+fn5sLKygrOzM5YuXYqMjAwcPny43PLWrFkDV1dXTJ48GZmZmfj222/h5eUFV1dXjBgxAitXroSfnx+OHDkCPz8//PDDD3j//feF5Q0bNgxnz57F0aNHy3xPRfNX5Pvvv8erV68wcuRImJmZYc+ePZg/fz5WrFghM93UqVMREhKCv/76C7NmzcKrV69kxhsYGOD8+fOoW7culi5dCpFIhE2bNuHMmTPo3LkzcnNzldpmiigTwNq6davCJNKqGDBgAMaPH1/hdP369cPz588RExODkJAQTJw4EfXq1cPr168BAMuWLUOrVq2wY8cOZGdnY+7cuQD+F8AqKCiAubk5mjVrhj179mDJkiVYtGgRLl++jO3bt2PZsmWYNWsWZsyYIawD6bz5+fkAirs6/fe//8WQIUPQvXt3fPzxxzh9+rRQR4lEAisrKyxcuBBBQUFYt24dnJycMH78eNy/fx9Hjx5Fy5YtYWdnhwULFiAuLg7t2rUDUPz72r9/P+7fv4+ePXvi008/xc8//4xffvkFq1evxldffYXRo0cLv9UePXrg0qVLCAgIqLUWWPHx8dixY4ewbitrx44dSicYd3Nzw9OnT3Hr1i2cPn0aCxcuRIMGDfDq1StcunQJ+/btw/Tp0/Hll1/iwoULKu2n06dPx8aNG3Hy5El88cUXmDhxIjZs2IDc3FwcOHBA4fFEneLj4/H8+fNy98Hnz59XKoG79JgvL3jfqlUrABBaikrLb926NWxsbKCtrS2My83NRUpKClq3bi3Mm5iYiKKiImHezp07o2nTpkLXT3nlSlueVvcyFX1PIiIiIiKqukoHsKKiomSCV0ZGRgqDV/LKUOSzzz7DZ599Jnx++fIlFi1ahDt37sDCwgK9evVCYGAgAgMDAQCzZs3CxIkTcfr0abRt21boOgIA3bt3x6RJk2RuyOvWrYvPPvtMuGErr7zdu3fDwMAABgYG6NSpE0JCQtCnTx/k5eUBAAIDA9G6dWukp6fjzZs3CA8Px8cffyyTKyY1NRXz58+X+z2Vmb88hoaG0NPTQ7t27RAWFgYbGxu5QYeoqChIJBLk5OTg1q1bZcb3798fTZs2xbfffivk8fnoo48wc+ZMdOvWrVpaEyjbAqu6WFpaVrjMunXronPnzggICEDDhg1x9+5daGtro3fv3jh37hzMzMzQunVr3L17Fz/++CMAoF27dkJXWmn5urq68Pb2hlgsxoQJE9CkSRN4e3sjMzMTn3zyCZo1a1amLiU/Hz9+HOHh4cjIyED37t3lbkddXV2IRCI0b94cTZs2RXBwsExuNGnLmPv370MsFgvDjx49KnTFTU1NxahRo5CZmYn8/HxER0fDxcVFJodPWloatmzZotxKrkaXLl1CamoqlixZovAYIk9WVhY2btyIqKgopaY3MTHBgAEDcPToUVhbW+PatWvQ0dHByJEjsW/fPqSlpSEhIQEA8Oeff+LJkyd4+fJluftpYWGhTPnTpk3Dmzdv4OnpKexz//rXv+Du7o4DBw4oPJ6oW3h4uNCaT9646iZtMSf9/tL/DQ0Ny4wDih9C1K9fX5i35Djp30ZGRsJvSBqYLVmuvr5+jSyTiIiIiIhqlkpJ3EsqebFfE86cOYMJEyZg3rx5kEgkePz4MXx8fAAAVlZWAIrfRpaYmIjExEQ4OTmhefPmQuAnKSlJKEt6M1pSVlaW0MVMUXlA8ZsXL126hPnz5+Onn37Cn3/+CU9PTwDFXcx8fX3x6NEjvHjxQmgppqOjIyxLUQ4dZeYvz4QJE5CamopNmzbh6tWruHPnjty3tlWkSZMmAIBnz54Jw6Trr3HjxiqXJ48yCb8jIyOrZVkAEBkZWeHypN1FhwwZghMnTgiBm379+kEikQiBnZcvXwrzSPMrlSwnOzsbOTk5wt9v3rzB69evhc86OjoySc1LJzlPSUmBRCJBZmYmAMidPi4uDtu2bUPDhg3xxRdf4OjRo9i9ezfMzc0Vlv3s2TPhs4WFBVasWIGzZ8/i119/RZcuXQBASPxeevraTuIeFRWFlStXIisrS+l5srKysHLlSqWDVwDwr3/9C3p6epgyZQpiYmJw/vx5AMUt4cqjyn7apEkTvHr1Cjk5OQCKu+2KxWJYW1sDUHw8UTdFb3esiTc/SgOv0qCS9P/s7Owy44DinFnS4dnZ2TLjpH9nZWUJvyFpaytF5VbXMomIiIiIqGYp3QIrPj5e5i1Otra2WLNmDVauXClc+K9cuVJhKyxVup88fPgQFy9eBFCcJ2XMmDEYP348jhw5IgRXrly5ggULFsjMJ33iXrI1j7QrYkklW00oKk86ftSoUTA0NESHDh2wfPlyrF69GseOHYOXlxdcXFzQq1cvREZG4ty5c+jVq1e5yypNmfnLExYWhi5duqBRo0ZwcXHBpk2bsGnTJnTs2FGp+aWkAb6SwaqmTZsCgJDzqTbMmzcPH374YbWUpUwwrH///khPT8fGjRuFYX369EG/fv3QuHFjZGRkAADMzMyE8ZaWltVSv8o4d+4czp07h8aNG6Nr166YNWsWJkyYoLDFlLSrE1C8ftu1awcPDw88fPgQmzdvLtPdqeT06hAfH1/hcURKGrxStVvbuHHj8Pfff+Pzzz8Xho0aNQpjx46Fra2t3LxvquynCQkJaNmyJQwMDCAWi2FmZgYDAwPcu3cPgOLjiboTwb948QJRUVFl3jYbFRWlVHJ8VUlfyCFtnWtrawsAiI2NRXx8PPLz84VhRkZGsLS0xOXLlwEADx48gKOjI7S1tVFQUICWLVsiOzsbT58+Fcq1tbXFy5cvhS6FsbGxwoOX6l4mERERERHVLJUCWKWVDmJVdPNZmfwpALBq1SoMGTIEq1evxsWLF/HixQtcuXIFnTp1Qrt27SAWi7Fs2TKEhoZi+fLluH//Pjp37gwPDw9kZWWV+/ZEqYrK+/XXX2FoaIiFCxciIyMDr169Qn5+PvLy8mBoaAiguNWFo6Mj7O3tARQnB7927VqF362y81taWiIsLAwhISHCm9dycnLKTbIsFovRokULDB48uMxb9gIDA/Hs2TNMmzYN0dHRMDAwgJubGx48eICrV69W+B2UoWxrnNpKZG1lZQVHR0cEBAQgLCxMGJ6dnY1+/fqhX79++P777/H48WM4ODhg2LBhEIvF6NatGwCUaWGkqItg6enlzauoPIlEAhcXF6xYsQLff/89bt26JbTaEovFkEgkQlemgQMHIjQ0VO5ypa1RzM3N0apVK+Gm3t7eHnfv3i237rVN2eNE3bp1VT6mtGjRAp07d8axY8cQEBAgDM/KysLYsWPh5uYmJNEHit+empiYqHA/vXLliswyfH194eXlhc2bN+PkyZP49NNPARS/GRSAwuPJP5GNjQ3atm0rBIVsbW0xfPhwPHnyBKGhoXj27BlmzpyJ/Px8uLm54c2bNzhz5gzEYjEuXLiA4cOHY+nSpbCzs4O2tjaOHDkCoLjrbefOnbFr1y6kpKSgY8eOOHDgAAoLC3Hq1CnMnz8f33zzDfz9/TF16lT8+eefuHXrFrS1tWtkmYq+Z3W2LiUiIiIielcp3YUwPDxcbjcJaRBL+lRbGsQqLSsrq9I5VBITE7F79240atQIy5cvBwDMmDEDv/76K7Zs2YJ9+/YhMTERu3btAgDMnDkTMTExWLNmDUaPHi0kT1d0Y66ovMWLFyMjIwMnT57ETz/9BEtLS0yYMAHp6elYvXo1/vrrL/j4+KB379745JNP8Pfff2Pbtm0wMDCo8LtVdv6UlBQsXboU9vb2+OWXX3DkyBE8evQI06dPlzv93r17oauriw0bNqBhw4Yy43JycjB8+HDcvHkTW7duxddff43g4GCMGjVKSDReVdXZLa06/vXr1w8AcP36dZnh9+7dQ1ZWltCNcO3atXj8+DE+//xzuLq6Cm+qk3bzK/39FH2Wtz5Kr5vyPoeGhuLUqVMYNWoU9u7di3nz5uGnn36Cr68vJBIJ/P39kZGRgSlTpsDOzk5uWd7e3khOTsaKFSvg5OSEZcuWIT09Hf/5z3+gq6tbI9uqMmxsbJTOg6VKXj0AGDt2LIDiIFJJ169fR0ZGhjD+4sWLePToEUaMGIHx48ertJ/u27cPy5Ytg7OzM44cOYJWrVrB09NTyC+n6HiibkZGRmjRokWZ4S1atKh0l/GBAwfihx9+wFdffQWg+AULP/zwAzw8PJCfn48JEyYgOTkZK1euhKGhISZPniwkUV+wYAF++ukneHp6omvXrvjmm29w6tQpAMUvsdi2bRsGDBiAGTNm4OTJk8L54f79+/Dw8ICFhQW+/PJL3L9/H+PHj4dEIqmxZSr6nkREREREVHUiY2Njpe8y3dzcys0TExcXJ7TEsrGxKdOt6dixY8INXE3T0tKClZWV0DVu3bp1mDVrFnr06CHT0oRqj6Ojo7qrQGog7TaniiFDhgitliqyf//+GsnNpAozMzM8fvwYAQEBcHNzU2tdqqJ3795wc3NT+BbC48ePK/0mWSIiIiIiouqkdBdCoLj7hIODQ5n8KMD/WmIdP34cc+bMkRkXFRVVa8ErADh79ix69OiBzz//XMg38+TJE9y/f7/W6kCylGmNM23aNEybNq1alufr6wtfX99qKYtql7zjy40bNwAAnTp1KjOtOgNYxsbGcHd3B1D8Bse3jbm5OcaOHYtOnTpV2OrNwsICc+fOxbRp03Djxg2cOHGiRvJiERERERERyaNSCyyguIvJ0qVL5d5kyhMVFYUNGzaUm5upJjRt2hSbN29Gly5dUFRUhNu3b2P58uWIjY2ttTqQLGnOIEVK5m6qDi4uLtVaHqkuOjpa5Xn8/PyEYEpWVhZ8fX2FVj+9e/fGtGnTZMZLA0jq0LZtWwQHByMxMRGTJ0/GnTt31FYXVZVel6oqvW2IiIiIiIhqksoBLCk3NzcMGTKk3JufrKws+Pv712rLK9JcygSwAgICKn0zXVpWVhYGDBhQLWVR5akawDI3N8fevXsBFAe/d+7cWaaVj7m5OebMmSME0WfOnMmWQCoquZ6riuufiIiIiIhqg0pdCEs6fvw4/P394ezsDBsbGyGZcnx8POLj4xEeHl6rra5IsynThXDt2rXVlkPo+PHjan+bHqkuOzsbN27cQFRUVLldA1+8eIEVK1ZgyJAhcHBw4HGmkqKiotRdBSIiIiIiIqVVugUWkSratGmj7iqQGrDbLhEREREREVWHSrfAIlIFW0MRERERERERUWUxgEW1ggEsIiIiIiIiIqosBrCoVjCARURERERERESVxQAW1QoGsIiIiIiIiIioshjAolrBABYRERERERERVRYDWFQrGMAiIiIiIiIiosrSLhlYEIlEaqwK/ZMxgEVEREREREREypAXQ9CuaAKi6sDf1ruJ252IiIiIiIiqgzZvMKk28Hf2buJ2JyIiIiIioqoSiUQQSXiH+VaLi4uDra2tuqtBVcTt+M/BbakZuB2oPPxtaD5uI83HbVQ7uJ6JqLaFh4fDwcFB3dUoVx11V4CIiIiIiIiIiEgRBrCIiIiIiIiIiEijMYBFREREREREREQajQEsIiIiIiIiIiLSaAxgERERERERERGRRmMAi4iIiIiIiIiINBoDWEREREREREREpNEYwCIiIiIiIiIiIo3GABYREREREREREWk0bXVXgIiq5sKFC7h9+zbmzp0LU1NTdVeHKiEtLQ2bNm0qM9zU1BSLFy9WQ43eXQcPHkRsbCz09fVhb2+Prl27wtraWt3VIjUTi8W4ePEi4uLihN9G37591V0tUiAiIgKnTp2SGTZ69Gg4OTmpqUZERERUVSoHsNLS0spcENjY2MDV1RVxcXGwtbWttspR7UlKSkJYWBgA8IbtLRIRESFsNz8/P8ydO1fNNaLKSEtLU2k41ZwxY8bA29sbKSkpiIiIQEREBG96Cf7+/rh9+7bwOTk5GRKJBK6urmqsFSki7/jJY6pmEIvFiI2NRVJSEpKTkwEAVlZWsLa2Rps2bWBgYKDmGhIRkaaqVAArLi5OZphEIgEA+Pj48EL/LZSWlgYfHx/k5uYCAKKjo9ma5y1Q+ulycnIyTp06hdGjR6uxVlQZtra2sLS0REpKiszwrl27qqlG7y4DAwN4eHgIQSwAOHXqFExNTfmA5h2VlpYmE7ySun37NgNYRCoKCgpCaGiocM0pJb230NfXR7du3djCkYjoLZCQkACRSAQAMDQ0rJX4QbXnwDp16hQiIiKqu1iqQRERETIXErm5uYiOjlZjjagi8rpGAMCrV6+4/72lPD09YWNjI3zu27cvhg4dqsYavRvEYnGZYQYGBmXWvb+/f21ViTQMW0gSVZ1YLIaPjw+Cg4NlrjlNTExgYmIifM7NzUVQUBB8fHzkHp+JiEhzJCYmIiEhAQkJCWUexNeUGsmBJb2xZkust4O8SCmbb2uu8oJXo0ePhp2dHby9vYWm+PR20dfXl/s31Rxvb2+MGTOmzP6SlJQk8zk5ORlpaWlsmUqC9u3bq7sKVAVXr15FXl6e8FlfXx8uLi5qrNE/m5+fH+Lj44XPNjY2GDNmjHBMTUtLw8mTJ4Vp4uLicOjQIcyYMUMt9SUiIs1UY0ncqxLEKiwsxPnz53H58mW8ePECBgYGaN26NcaMGSPTQqEyMjIycP/+fXTq1KlK5fz2228ICQnBmjVryoyLjIyEr68vduzYUaVl1BYnJyfExcUJXSTat29f5eDjlClTyjQPBwBLS0ts27ZN4bx//vkntLW1q7ytSwsLC0Pbtm1Rt27dai23NikKXkm3mYeHB3bs2AEPD49qudnOzs7G/Pnz0aRJE6xcubLK5cmTmpqK2bNn48iRI9DS0qr28hXtr+qyatUqmZun0i5evIiLFy/KDGvTpg0mTZpUpeUeOXIEv/76K5YsWYI2bdpUqSx5Sq7rPXv2oEGDBhg3bly1L6e6pKSkwMfHBzNmzJAJYpXuKg+g2gJYN27cwIULF/DkyRPUqVMHTZs2xeDBg9GlS5cql33mzBn8+OOP6N+/PzIyMjRm/cvbxyUSCfbu3QsdHR1MmjQJOjo6aq6lfPKCydKbbwDC+VMsFsPe3r5Sga2TJ0/izz//xBdffCEz/Pr16zhw4AC+++67ylVeRTV9LNYkpY+vABQGsHJzczF58mRs2bIFjRs3Vlh2WloaVq9ejezsbGzcuBENGjSocn3fZkFBQTLBKxMTE7i7u8s8LDU1NYW7uzt27NiB9PR0AMX7VlBQkMpddWv6uuVtu84nItIEBQUFyMzMrPK1dI2+hbCyQazt27fjr7/+wowZM9C6dWvk5eUhICAAK1euxPr169GkSZNK1+nu3buIjIyscgCra9eu6NChQ5XK0CROTk5CAKu6Ws4tXboUH374ocrzhYSEoFWrVmUCWNJca9J+tqo6duwYbG1tVQpgFRUVoU6dau9pWynKBK+A4tZz7u7uOHnyJFxdXauct+e3335Dz549ERERgeTkZFhZWVWpvNKKiopgZmaGvXv31tgNkybur4qCV+WRFxRWRUFBAa5evYqJEyciMDCwRgJYJU2ZMkXl/ae29zk9PT3k5ubCx8cHY8aMQVpaGmJiYuQGsKqjVVxAQACOHDmCyZMno2PHjtDV1cXNmzexd+9e5Obmonfv3lUqPzQ0FNOnT0f37t2Rk5NTreuyKsdgefv406dP0bNnzxr/HVaVtbU1TExMhJtqABgyZAiA4pyRhw4dEobHxMQgMTHxrez+WxvH4nfFgwcPUFRUBG9vb5X2F0265qguYrEYoaGhMsNcXFyE4NXJkychEokwevRoGBgYwMnJCcHBwcK0oaGhMtMro6avW4iISDUFBQWIjY2if+caAAAgAElEQVSFqampZgWwBg8eXOYGS9X+67Gxsbh58yY2b94sPOHS09PDmDFjYGlpKTyhTU1Nha+vL5KSkiASieDg4AB3d3fo6elhzpw5GDx4MCIiIpCZmQkdHR0sWLAASUlJOHDgAAoLC7Fy5UqsWbMGaWlp2L9/PxISElCnTh107NgRY8eOhZaWFr777jvUrVsXqampePXqFTIzM+Hh4QE7OzuEhYUJrQxev36N3bt349mzZzAxMSlzoxwQEICAgAAUFRVBX18fEydOhIODQxXW9NsvIyMDe/bsQXJyMoqKitCkSRN89tln+O2333DlyhVEREQgMTERAwcOxH/+8x+MHTsWZ8+exebNm7F06VJ4enrC3t4eAHDgwAEUFRVh2rRpyM/Ph5+fH27duoXCwkK4uLjA3d0dW7duxfPnz/HNN9/gk08+QXh4OBo3biw8Qb958yaOHTuGb7/9FpcuXcL169eho6OD1NRUbNy4EZGRkTh8+DBycnKgpaWFESNGVPlGU1UXLlwoM6y8lyZYW1vD1NRUaFlSlSBWcHAw5s+fj3r16iE4OBgTJ04EADx//hwLFizAxIkTcfPmTaSlpcHR0VEIWjx//hx79+7F8+fPUVRUBGdnZ0yZMgUikQi7d+9G/fr1cefOHdjZ2WHo0KEyT/0vXboEf39/FBYWon79+pg6dSpsbGzw8uVLeHp6Yvr06bhy5QrS0tJgY2OD2bNnQyQS4eXLl/Dx8UF8fDx0dXUxevRo9OzZU2Z/BYDz588jMDBQKP/TTz/Fe++9V+l19LYIDw/He++9h549e+LkyZPIysoSArrfffcdDAwM8PfffyM5ORm6urqYOnUqzp49ixcvXsDExASLFi2Cnp4edu3aBSMjI6SmpiI9PR0FBQWYOXMmWrZsKbO8AwcOCC2A8vPz4ePjg+joaBQVFaF58+b47LPPYGxsLHefqy329va4ffs2cnNz4efnV6PLysvLw9GjRzFp0iT06dNHGN6tWzeYmJhAW7v4lPzmzRscOnQId+/ehUQigYWFBaZPnw5zc3NcvnwZV65cQbNmzfD48WO8evUKgwYNwqBBg7B582YkJyfjyJEjePbsGdLT04X1Lz3mPnv2DGZmZujWrRsuXLiAXbt2ITAwEKGhoVi1ahWA4tYL06ZNw759+yAWi8scg/Pz88vdt8s7Br98+VJmHy/vvFjRPq4uLi4uQosdPT09obVeUFBQmWnDwsLg6upa7V3xyztvGhsbw8PDQ+F5Udl9b+HChTLbKSYmBn5+fkIwtF+/fvj4448BFD9sOn/+vBB0GTp06DuVeLu8a8TCwkIcOHAAWVlZmD9/PlauXInCwsJyr1lLnw9btWqFy5cvo3Hjxnj8+DHS09Mxc+ZMhIaGIiEhATk5OZg/fz6aNm2K/Px8HD16VHgA2bx5c0yfPh316tVT+HupTTExMWXuDVJSUhAcHCzzgoT27dvD1tYWtra2MgGs3NxcxMTEqPRwVd51S3Z2NmbOnIm1a9eiRYsWAIpztyxevBje3t6YP39+uftQRdf57+o1BRGRMqTBq5ycHADyH4TWq1cP9evXV6q8annMk56ejvj4eDRu3BgtW7aU+VdRM+vS7t27V+583bt3h4WFBQBg586daNq0KbZv3w4vLy8kJibi7NmzAAAtLS3cvXsXS5cuxYYNG2BgYIDAwEDY29ujX79+cHJyEm5kd+7ciYYNG2Lr1q1Yv349oqOjhROnlpYWwsLC8Omnn+Lrr79G7969cfz48TL1OnHiBLS1tbF7926sWrUKd+7ckfk+p06dwvLly7Ft2zZ88skn2Lx5MzIzM1VaL9UpLS0N8fHxMv+krzEGinO9lB5fOh9MVf3000+oV68eduzYgZ07d+L9999HZGQkhg8fDltbW7i5uQldSt68eYO8vDzs37+/wmb4586dQ1JSErZv345t27bh3r17+PXXX+Hp6QkAWL58eYVvdtPV1UVsbCz69OmDjRs3Ij8/X9h2u3fvxmeffQZvb2+8fv262taHMiZNmiST6FTRGz8jIiKEi8KqJEGNiYmBkZERmjZtip49e+Lq1asoKCgAANSpUwcFBQV48+aN0Dry9u3buHHjBgBg3759sLW1xe7du7Fp0yaEhYXh5s2bAAAdHR1cu3YNS5cuxbRp02SWGRsbCz8/PyxevBjbtm3D4MGDsWnTJhQUFEBLSwv5+fnIyMjAihUr8M033+DOnTvCSwd27doFW1tbfPfdd1i6dCn27duHZ8+eyZT/8OFDnDlzRuji1qFDB3h7e1d6HanLhQsXsGzZMrmt8soTGBiIvn37QkdHB507d8bvv/8ujNPS0sIff/yBWbNmwcvLCxKJBD4+PvD09ISXlxfS09Nx69YtAMXb/saNG5g1axbWrVuHPn36YPfu3QqX7e/vj+TkZGzfvh27du1CYWGhcMwuvc/VJlVy3vj4+FTpWPjo0SOIxWJ07969zDgHBwd88MEHAICzZ88iISEBXl5e2L59O2xsbLBr1y4AxdspOjoaHTt2xKpVqzBnzhz4+fkhPz8fCxcuhLm5OaZPn47x48fLlH/y5EloaWlh9+7dWLp0KS5duqRUSw95x2BF+3Z5x+CSFJ0XK9rH1UV6UwtApqtpeQlLS55Tq0t5582KVHbfy8rKwqZNmzBu3Dhs374dX375Jc6cOYN79+4hLy8P3t7eWLZsGXbs2IEVK1bg1q1byM/Pr/bvranKu0Z0dHSEu7s7mjRpgm3btqFBgwYKr1lLnw+1tLQQGxuLvn37Yu3atejUqRO8vLwwfPhwrF27Fg4ODvj5558BAD/++CMePnyIDRs2YNu2bTAxMcH+/fsBVP73Ut3kHTMjIiIQFBQkvHRGGrwqb3pVjrvlXbcYGRnB2dkZly5dEqYNCwtDhw4dYGRkpLBMRdf5/5RrCiKimlA6eJWTkyMkfS/5LzExUekyq6UFVlpamsKDtSotQLKzsytsVvb69Ws8ePAA8+fPB1B88u/VqxcuXrwo5Pro2rWr0ATexsYGqampZcrJzMxEdHS08GRXT08Pffv2xe+//47+/fsDAD788EMhGtiiRQsEBASUKefevXsYN24cRCIRdHV10atXL+HCJDw8HB07doSZmRkAoF27dqhbty7u37+Pjh07KrVOqotYLMahQ4fkdo0pqby3bVlZWWHGjBlKP1XetGlTmQjruHHjMHToUJiZmeHGjRu4ffs27O3tMWLECLllSOfv3r27Uk/fr1+/jpEjR0JHRwc6OjpYvXq10KpBFUZGRkIeEx0dHezZs0f43m3atIGWlhZevHihdKS4Otja2mLu3Lnw9/dHeno67Ozs5E5XsquhiYmJzI2XqoKCgoSWIsbGxmjVqhXCw8NlgoDSm3F9fX20a9cO0dHR6NKlCxYtWiRss3r16sHW1la4qROJRLCzs0PDhg3LLPPatWvo1KmTEKzu1KkTfvjhBzx48EAIbPfo0QNAcXdJS0tLpKamIjMzEzExMfD09IRIJELjxo2xZ88eGBoa4vHjx0L57733njAcKN7Hz507V+l1VJuSk5MRExODiIgIxMTEACje3iYmJhXmCElOTkZqaiocHR0BFL/lUBoglGrbtq3wO2/cuDGMjY2hp6cHoPim/eXLl8K0H330kdB6q3Pnzvj++++RkZFR7vKHDRuGQYMGCfujg4OD8B0A2X2uNllbW2P06NFKBQKlXQ1L58tSVlZWFoyMjKCrq6twuhs3bgjHMQDo168fzp07h+zsbABAo0aNhGCXjY0NCgsLkZaWBnNz83LLvHfvHsaPHw+RSAQjIyO4uLggMDCwwjrLOwYr2rfLOwaX/G0oOi9KWy3I28fVSRPeOKjsebO0yu579+7dg7GxMdq1aycs38nJCREREXBwcICxsTGCgoLQu3dvWFtbY8mSJdXwLd8uylwjVnTNKu98aGlpiWbNmgEoPhZbW1sL3eAaN26MP/74A0Dx/jZ8+HChe/PHH38MT09PFBYWVvr3Ut0qCua2b99eaA0vFosRFhamchklKbpu6dWrF7Zt24aJEydCR0cHYWFhQqtyRRRd57/N1xRERDWpdPCqutRoDqzKqF+/Ph4+fKhwGumFcMngQf369WXyU5QMsohEIhQVFZUpRzr9ihUrhGHS5r/yyqlTp47ccjIzM2XyKtWrV0+mrqVvdErXtbaEhoZWGLxSJDk5GUFBQUrn9li8eHG5ObD69+8PkUiECxcuYNu2bWjbti2mTp0q3NCUpmygKD09XWb9Sy8oCgsLlZpfqnQT+0uXLuHatWtCDpiCggLh79pkYGCAMWPGIDo6Gt7e3hg6dKhMcLh0nixVE5+WlJmZifDwcNy+fRs//PADgOL8HDk5OTIBrNLrW3qjGR0dDX9/f4jFYohEIiQnJ8vkuilvm6anp+Pu3bu4e/euMCwvLw/p6elCAEvefindp0rWp+TfUrm5uTh27BgePXoEoLi7ljq2ZWWU181Nmf06MDAQ6enpmDp1qkx5sbGxwnYpmeOpTp06ZT6XPP7J28+ysrLKXX5KSgpOnDiB1NRUiEQime0JlN3napOTkxNMTU1x4cKFCl8BXJUglrGxMbKzs5Gbm6swn1ZGRobM/iFd19JzX+nzGwC556aSSp+nFAW75ClZH0X7dnnH4JKUOS8qc+6tLSVbZgOQqaeenp7cfHaq5ksr7zpF2vIUUP28KVXZfa/07xAo/i2+fPkSIpEIq1atwoULF7B27VrUqVMHI0aMeKe6EALK/U6VuWYtvZ6VPRanp6fDz88Px44dk5k3PT290r+X2qSnpyfkk5M+ZK1KsLii6xZHR0fo6+vj1q1bsLKyQlZWllK5WhVd57/N1xRERDWtMjl/K6JxAax27drhxIkTiIuLK9Nq69y5c7CxsRGGp6enCyfi169fq5wQTNodbcOGDXJvdJVVt25dmRu3kiff0olfK1vX6iC9ybW0tCwThEpKShLyewwePLjMzYX0xq46u0X069cP/fr1g1gsxv79+3Hw4EHhCWVpJVtfle72IhaLhVYixsbGMk/6MzIyUFhYWOYCvU6dOjIXGIoiwxEREThz5gzWr18Pc3NzSCQSuLu7K/9Fa4C9vT1sbW3h5+cHa2trDBkyRG6S96p0H7x06RK6dOmCzz//XBhWVFSEmTNnIjk5WXian5GRITw5zszMRP369ZGZmQkvLy8sWLBAyBXxzTffyJRfXou6Bg0aoEePHmW6FgJQGPiVbuOSx4Xnz5+XSdp/8uRJPH36FCtXroS+vj4ePnyI1atXK1wXtUV6fBOLxYiLi6swmKKs/Px8/P777/j222+Flm1AcReToKCgSiXRLrmfSbtEKwo079y5E/b29pg3bx5EIhHOnj2L2NhYlZdbU2xtbeHp6Ym0tDSkpaUJN4ze3t5lTr6VDWK1bNkShoaGCA4Olmn5BgC3b98Wkn+bmJjIrF9pd2VTU1OZN3mpwsjISOY4V7JFk7xjamnS/bWifbu8Y3BJmnReVOTq1asICwsrc0OdlpYGsVgMAwMD2Nralvkdl8yRpSwzMzMkJSVBIpHIHBufPn0qE2ws77yp6LxY2X2v9O8QkN1OVlZW8PDwAADcv38f69atw/vvv1+lF+2oqvTbXPX19fHVV1/V2vKVIe36r+iatbL53UxNTTF69OhyX0ykynVWTbGysir3uGVtbS2TzL28hzHKJmGv6LrFysoKPXv2RGhoKKytrdGtWzchQKxoH1J0na/J1xREROqkra0NOzs7xMTEqNyYRBGNe9VJq1at0L17d2zatAk3b95EdnY20tLScPToUVy4cAGWlpaoV68e2rRpIzTVzs/PR0hICJydnSssX1tbW+iGYWRkBAcHByE5tkQiwblz53D58mWV6mxnZ4crV65AIpFALBbL5JXp1KkTbt26JXS9uX37NnJyctT61iXpRXfJfyUvtq2trcuMr+5ktN99953wRNvAwEAIDAGy20geMzMzIa9RRkaGTC4CZ2dnBAYGIi8vD3l5edi4cSNu3LiBOnXqQCQSCeU2bNgQCQkJAIpbZ8lrsi71+vVrGBsbo1GjRpBIJDhz5gxEIlGV3whXVQYGBvDw8ICJiQm2b98utwvUxYsXVcqRJCWRSBAUFFQmX5j0RQclWyOEhIQAKL6xjYyMhIODA3JyclBYWCgk9Y6IiMCTJ0+UWmedO3fG9evXhRvsFy9eYMuWLRVG8OvXr4/3338fFy9ehEQiwfPnz7FkyRL8/fffMtO9fv0a1tbW0NfXh1gsxs8//4zCwkK1526ZMWMGPDw84OrqiqFDh8LT01NuawZLS8sywypq7XHt2jVYWFjIBK8AoEuXLggPD1fYcqo8d+7cEY5rly9fRrNmzRQ+CHj9+jVsbW2FFjvXrl1T+z4kj6mpqXBMtLa2hoeHh3ATU5I0iKVKbhYdHR24u7vj6NGjuHjxohAI+f3337Fz504hUNGpUycEBwcLv8mAgAA4ODhU6Tj8/vvvIywsDBKJBDk5Obh27ZowzszMDCkpKcLyFJ0DK9q3yzsGl6SJ58XSLly4IGwjeaRd8Lp161ZmnLxhFXF2dkZBQQH8/PyQmZmJvLw8XL9+Hb/88osQ7FR03lR0Xqzsvufo6Cgc14HioOft27fRsWNHPHnyBKtXrxaOHY0bN4a2tnattzyRF1zWNFW5Zq1I586dERAQIKyHP/74AwcPHgSg+PdSmxQFc9PT0xEcHIzg4GCFD2yUCQgre93Sq1cvREZG4vLly0JXZUDxPqToOl9TrymIiDSBoaEh7OzshIcFurq6aNy4cZl/8u5vyqNxLbAA4PPPP8fFixdx7NgxPH/+HPr6+mjbti3WrVsn3IDNnj0b+/btE/LdtG/fHsOGDauw7I8++gg///wzZs2ahV27dmH27NnYv38/5syZg6KiIrRs2VLlt8u5ublh165dmDlzJkxMTNCzZ08hwaa9vT3GjBmDb775BkVFRTAyMsKSJUsqTBj5T7Bhwwa5w/fs2YPBgwdj//79OH36NOrUqQNra2vMmDEDQPEFmZ+fH+Li4jBlypQy848bNw6+vr64fv06TE1N0blzZyGx+IgRI5CVlYV58+ahqKgInTp1woABAyASieDi4oKvv/4aY8aMQf/+/bF161Z8+eWXMDIyQtu2beW+TUpan9DQUMyZMweGhoYYNWoUevTogd27d2PFihUqv6igunXr1k24mTIxMRGa40tf7S5Nkjp69Gily4yKikJWVhbatm1bZlyXLl2wfft2IbhiamqKhQsXIisrC126dEHHjh0hEonw8ccfY9myZULi1IkTJ8LX1xdNmzZVuOwPPvgAn3zyCdavX4+CggJoa2tj+PDh0NPTq7BF2Zw5c+Dj44OZM2dCV1cX7u7uaN68uczT36FDh2LHjh2YN28e6tevj2nTpiEhIQFffPEFvLy8lF5H1alky9KSXF1dZYKFlpaW8PT0RFJSkkzLoIq6igYFBaFLly5lhpuamsLGxkbmYlxZ7du3x969e5GcnAwDAwPMmjVL4fSffPIJDh8+jNOnT6Np06aYMWMGNm7ciO+//x6tW7dWefm1RRrEqq6WWH369IGxsTHOnz+PEydOQCQSwdbWFgsWLBDyk/3rX/9CVlYWFi1aBIlEgiZNmlS4fisiPU99/vnnsLKyQrdu3YTzVNu2bfHBBx9g2bJlMDU1FQIw8rpDWVhYKNy3yzsGl8yfpui8qI7u9fJIj5vluX37NpycnGBra1umRVl5+QkVMTIywurVq+Hn54c5c+agoKBA2O7Slm6KzpuKzouV3feMjIywePFiHDx4EAcOHECdOnXwySefoE2bNpBIJLC3t8fSpUsBFD94Gj16dIXH93dVZa9ZKzJs2DDk5ORg8eLFKCoqgrGxsdBNXNHvpTbZ2dmV29VWT09PCKrJe1AgHa7MPqXMdcu4ceNgYWGBVq1aISsrCzY2NsI0ivYhRdf5mnhNQUSkSaRBrJiYGDRq1KjKLbVFEhUfx8TFxcHHx0elhaiSxJ1UI6+rpTxJSUnw8fERcq+UvuE6efKk8NY6JycnmWBHRfNS1Sm7HcsjFouRnJysMB9W6e1aVampqZg9ezaOHj2q1NvM3hXKbstly5YJf5uammLx4sVlpklLS8OmTZuEzzY2NkKXnbS0NERERAj5m2rTnj17YGZmBjc3t1pdriqquk+VVjpoWJK+vj4WL15c7S1Vq1tRUZGwr4aGhuLixYtYt26dmmtV+5T5bRw8eLDc1jy2trZwcXERtvfGjRtlAliLFy/WuO6Qb5vKHEel1q9fD6A4cF/yAQBQ/PIKacBf0bxUMVWOsfK2BSC7PZSZprrs2LEDLVu2LNOVWxNV97mMiKgi4eHhcHBwUGrakq3s69evr7A1fU5ODrKzs9GoUaMq1Y93ne8IPz8/4WI8NzdXaJ0DFAc6pMEr6eeST58VzUuaQdottCQnJyeZi7OIiAj4+PhUKS+WPExWWnVpaWk4deqUzLZJSkqSm7BdytTUFK6urmq7UX7XtntF3QnLe3urpjh37hzWrFmD/Px8FBQU4LfffqtUS6F3xaRJk+Dh4SH3n6urqxC8unr1aplWY8HBwdV+nCV6m7m6usq0dlKWjY1NtQevYmNjERUVpXJvCyIiqhpDQ8MqB68ADe1CSNWv9AV2yWS+8nJ8lLz4VjQvabZu3bohOTlZCFDGxcWp9CZJqj0RERGwtLQUum8FBQVV60sTqOoUdSesypuzasPAgQPx9OlTzJkzB3Xq1IGdnR1GjRql7mq9ldLS0hAcHIzo6Gi5rbQiIiIQHR0Ne3t79O3bl62xiAC4u7vDz89Ppkt/TEyMkMBemgpBysbGptpfmLN27VokJCTg888/l/uGVCIi0nwqB7CsrKxUfk2ysm8PoZrTtWtXmUTlTk5OMn9fvXpVuCHT09ODvb29UvOS5hszZgwACEGs6rrRbtSoEY4fP14tZb2LBg8eXObmt+S+5erqWqarrqYcS6uaj+ltVl4Qy8XFRY21qpi+vj7mzp2r7mq89Up2qVckNzdXaM08ceJEmXMqVZ/Sx9GSL7SQ18Kw5DBF81L1k754JigoSLjmTE5OLvOgRk9PD926dav2llcA8OWXX1Z7mURE77KSuaBrK8e3yjmwSLOomoNAOn3pC4OkpCSEhoYCKL4RK33jXHLekrk/qHrUdI4DsViMoKAgpKWlYcyYMdx+NYj5KjRDbe5TTk5ODFC8Rary2yiZL1JZ5eW4o/LxOKr5qrKNxGIxYmJikJSUJASwrKysYG1tDTs7O16jlMB9gYhqmyo5sNSBXQjfIYqeZllbWwstdVSdlzSfgYEBuw0SVSPuU++myuS2Ku/takTvKgMDAzg5ObFFPxERqYwBLCIiIiIlTJo0Sd1VICIiInpn8S2ERERERERERESk0RjAIiIiIiIiIiIijcYAFhERERERERERaTQGsIiIiIiIiIiISKMxgEVERERERERERBqNASwiIiIiIiIiItJoDGAREREREREREZFGYwCLiIiIiIiIiIg0mujEiRMSdVeCiIiIiIiIiIioPNpi8Wt114GIiIiIiIiIiEigra0FPT091KtXF8bGxtA2MTFWd52IiIiIiIiIiIgEWlp1oKOjA0NDQ+jq6kLbzKyBuutEREREREREREQkEIlE0NLSgq6uLvT0dKFtbMwWWEREREREREREpDlEIhFEIkBLSwtaWlrQNjDQV3ediIiIiIiIiIiIZBQHsYr/aWtra6u7PkREREREREREROWqo+4KEBERERERERERKcIAFhERERERERERaTQGsIiIiIiIiIiISKMxgEVERERERERERBqNASwiIiIiIiIiItJoDGAREREREREREZFGYwCLiIiIiIiIiIg0GgNYRERERERERESk0RjAIiIiIiIiIiIijcYAFhERERERERERaTQGsIiIiIiIiIiISKMxgEVERERERERERBqNASwiIiIiIiIiItJoDGAREREREREREZFGYwCLiIiIiIiIiIg0GgNYRERERERERESk0RjAIiIiIiIiIiIijcYAFhERERERERERaTQGsIiIiIiIiIiISKMxgEVERERERERERBqNASwiIiIiIiIiItJoDGAREREREREREZFGYwCLiIiIiIiIiIg0GgNYRERERERERESk0RjAIiIiIiIiIiIijcYAFhERERERERERaTQGsIiIiIiIiIiISKMxgEVERERERERERBpNW90VINJkb/JycfHCMQDA4KHjoKunr+YaEREREREREb17NCaA5et7EBcvBsgdZ2CgDzMzM3zwQWsMGNAXtrY2tVy7yvn775eYOXOu8Ll//z6YOfNT4fO4cZORn18AAPjwQ0esWLG0xuv09dcbEBl5DwCgo6ONY8d+qPFlvs0ePboPc4vGwt929h+quUZERERERERE7x6NCWApIhbnIiEhEQkJiQgO/g2ffTYdffv2Une1qJps27YbV66ECZ8PHvSGkZGRGmv0P/djItGlmysAICL8MgNYRERERERERGqgsTmw9PT0UK9eXejo6MgMl0gk2L//ILKzs9VUM3pXvHr5AgBgZdUEVlZN8ObNG2EYEREREREREdUejW2BNXnyeAwY4AqJRILo6FisW7cZeXl5AIC8vDzcv/8QTk4fqbmWVXPgwF5IJBIAgJaWVq0sc8mSBSgsLAQAiESiWlnm2yo25g4+sPtfi6sP7D5EbMwduHTvp8ZaEREREREREb17NDaAJSUSieDgYIePPmqL69dvCsOzsuS3wIqPf4JffglEdHQsXr1Kg0QiQaNGZvjww7YYOvRjNGrUUGb6hw//xLJlq4TPEye6oXt3Fxw/fhq3b99BVlYmLCzM0b+/K4YMGSh3mXFx8Th27BTu33+IwsJCtGjRHCNGDEWLFs0VfrcpU2aWmwNr5cq1iI6OBVCcq+rwYV/8+MmR/XoAACAASURBVONFBAf/hpcvX8HcvBEGDx6IAQP6AgAiIv7A6dM/4q+/nkJHRwft2jlg4sRxMDdvJLPMjRu3VJgDq7bW4dmz53Ho0PEyy580yUP429LSArt3bxE+5+bmIijoN4SH38LTp8+QkyOGgYEBmjZtDGdnJ/Tr1wcGBgYK17sy3uTlIuFZHNp92EkY1qyZLe5G3sCbvFwmcyciIiIiIiKqRRofwJIq3ULJzKxBmWnOnDmPI0dOCK2apBITk5GYmIyQkN+xYMEctG9ffh6j+PgnOHfuIrKysmTm//57P+Tk5GDs2JEy09+9G4V167yEQBQA3L//EOvXf4thwz5W6TsqsnXrLly7Fl6iTknw9vZFeno66tWri/37Dwrj8vLyEBp6HQ8e/IktW9arlE9KHetQWcnJKVi3zgtJSSkyw7OyshAb+wCxsQ8QEBCML75YiMaNrZUu91KwPxKexZUZ3vZDZ9StV1/4XLdefbRs1QbHj3qXmbZps5bo1WewCt+GiIiIiIiIiJT1VgSwkpNThFZDAGBqaoLWrd+Tmeby5VAcPvy/1jwmJiZwcSluPXPlShhev86EWJyLb7/dgW+/XQ9LSwu5ywoNvQ4AqFevLvLz85GbmyeMO3fOH4MHD4SRkSEAICdHjO3b/ysTvKpXry6sra2QkJCI8+d/quI3L5afX4Br18Kho6ODunWNkJaWLow7ffpH4W8zswbIyHiNgoLi+vz990sEBARj5MhhSi2nttdh48bW6Ny5Ix4/jkdq6t/CNB07thcClqamJgCAN2/ysX79ZpnglampCZo3b4qnTxPw6lUaACAl5TnWrduMrVs3QFdXV6nv/TwlEa4DRsLKqkmF03bs1AMdO/WQGfb0ySOEXQ1WallEREREREREpDqNDWCdPXsBQUGXkJeXh5SUF0LeJj09PXh6zoKu7v+Su0skEhw5ckL43KCBKb79dj3q168HAPj44wGYN2+JEEw5c+Y8Zs2aUe6yp0+fjEGD+uPNmzdYu3aT0JUvLy8Pjx49Rrt2jgCAq1fDkJ7+v2CSnd0HWL58EfT19ZGZmYlVq9bjr7+eVMv6aNPmfSxfvggGBgbYsmUXQkOvAQAKCwuhra2N1auXw8HBDrGxD/Dll2uE+aKjY5QKYKljHTo7d4Czcwds27ZbJoA1Z86/y7Qa+/33K0hMTBY+t2vniCVL5kNPTw9v3uT/f9fIuwCKg1iXLl3GgAGuFX5vAOg/cAR+/eUsOjh3R6v37JSaR+rRnzG4FX4F/QeOUGk+IiIiIiIiIlKexr6FMDX1b8TF/YXExGQheGVlZYktW9bD0dFeZtonT57JBEBsbFrg/v0HCA+/JeRKKtnl8PbtyHKX+957rTBoUH8AgK6uLrp16yIzvmTrp6ioGJlxbm6joK9fnBupXr16GDVquCpfWaEJE9yE3E7t2jnIjOvQ4SM4OBQHXtq0eV8IOpWuryLqWofKun37jsxnN7eR0NPT+/9l6MDNbVSp6cuvX2kNzMzRf+AI3I+JxM0bl5We7+aNy7gfE4n+A0eggZm50vMRERERERERkWo0tgWWPMnJKdiyZSdWrVoOQ8P/Jep+8SJVZrqIiD8QEfFHueWkpaUjPz8fOjo6ZcZ98EFrmc+GhoYyn6Xd8wDg5ctXMuOaNGks87lpU9nPVWFr20L4W9qFUcrGpoXMZwMDA7x+nQlAtr6KqGsdKqtkcA0AmjSR7e7XvHlThdNXpDiINRK//nIGoVcCK3zTYOiVQKS9SkX/gSOZ0J2IiIiIiIiohmlsCywPj6k4ceIgNm9eJxOgefw4Hvv3l31znqre/B979x0eRbX/cfy9JZvee6FX6U2qdFEUBFQERdSrV8F2BbuiyNVrQUW8VhTLtaKIiiCoVGnSQUB6JwUSCOm97e+PyJKyyW5igJXf5/U8PA87O5n5zpkzZ2a+OeekoMDucn9/33KfjUbni8hgMJT7XHEi9NpyczPbehvZi8nX16fc55KSkjrZryPnogwvJIu7B0OHj+HwoT0O1z18aA9Dh49R8kpERERERETkPHDpHlgmk4lGjRrw2GMTeeCBRyksLARgxYrVDB16FY0aNQAgNDSk3M8NHXoVt98+9pzHV/EvIcbFxePvf3YOpfj44+c8hrpyocoQKif+7AkNDeHIkaO2z/Hx8bRocban17FjcZXWr42C/Dzc3Nwdrufm5k5Bfp4SWCIiIiIiIiLnwd+ia0xYWGilCbm///7sX99r2LA+ISHBts8rV64mKelkpe3k5+ezcuUaVqxYXSdxtW5dfsLvb775nry8PACysrKYO/fHOtnP+XChyhCo9NcCz/xFwbI6dWpf7vPs2d+Tn1/61w0LCgqZPfu7Cut3qFUsiYnxBAYFO1wvMCiYxMT4Wu1DRERERERERGrGpXtglTVs2NX88stiiopKJ3Rft24j8fHHiYmJwmAwcNNNN/DWW+8BkJmZxYMPPkG3bl0IDw8jPz+f+Pjj7Nmzl9zcvDqbXL13757Mnv0t6ekZAOzatYd77plIVFQksbHx5OTk1Ml+zocLVYYAUVGR5T4/99xUmjZtjNFopEuXTvTv34e+fXszf/5Cjh9PBGD79j+4776HaNCgHnFxCeXmI4uICKd//z61iiU1NZmIyLPza504Ec/635YC0L3X5UT++V1EZAypqcnUb9C0VvsREREREREREef9LXpgQelwvX79ziYlrFYrc+fOt33u1683Y8eOts23lJ+fz6pVvzFnzlzmz/+JrVu3kZtb2jvKmSFrzvDy8uSBB+7BbDbZlmVkZLJ3735ycnIYMKBvneznfLkQZQjQo0fXcr2wUlJS2bhxC+vXbyI2tnRooMXixqRJjxIZGWFbLzU1jW3b/qiUvJo06ZFKvbqclXginrDwGAry89i0YRUrly+k86WX0fnSy1i5fCGbNqyiID+PsPAYEk+oB5aIiIiIiIjI+fC36YEFMGLEUJYvX2mbpHz16rWMHn09YWGhAFx77TA6derAokXL2LVrD8nJyRQVFREQEEBgYAANGtSnffu2dO5cu+Fl9nTo0I4XX/w3X3/9HXv37qO4uIQGDeoxZMhgWrZszvLlK+tsX+fDhSjDsLBQnnnmCWbP/o7Dh4+QnW2/51pkZATTpr3A0qW/sn79JuLiEsjNzcXDw4N69aLp1q0LgwYNwNPT0+7PO+Nk0nFysjNZ/9tSAgJDuG7kbbZ5riIiYvhtzVIW/vg17Tp042TS32eOMxEREREREZG/M8PRo3vr5k/liVwEtm9bT+KJeC5p1aHK4YGxxw6yZ/c2IiJjaN+h+3mOUEREREREROT/HyWwRERERERERETEpf1t5sASEREREREREZH/n5TAEhERERERERERl6YEloiIiIiIiIiIuDQlsERERERERERExKUpgSUiIiIiIiIiIi5NCSwREREREREREXFpSmCJiIiIiIiIiIhLUwJLRERERERERERcmhJYIiIiIiIiIiLi0pTAEhERERERERERl6YEloiIiIiIiIiIuDSD1Wq1XuggREREREREREREqqIeWCIiIiIiIiIi4tKUwBIREREREREREZemBJaIiIiIiIiIiLg0JbBERERERERERMSlKYElIiIiIiIiIiIuTQksERERERERERFxaUpgiYiIiIiIiIiIS1MCS0REREREREREXJoSWCIiIiIiIiIi4tKUwBIREREREREREZemBJaIiIiIiIiIiLg0JbBERERERERERMSlKYElIiIiIiIiIiIuTQksERERERERERFxaUpgiYiIiIiIiIiIS1MCS0REREREREREXJoSWCIiIiIiIiIi4tKUwBIREREREREREZemBJaIiIiIiIiIiLg0JbBERERERERERMSl/S0TWL/sO03Mf35zat0nfjrE2Fm7znFEf83X25JoM21DrX8+r6gEw6PLOZic69T6NSm/86G6eGZvS6L7W5tJzS06z1Gdexl5xVz94XaCnllFz7c3u9x5saf7W5v5cMPxSsuzC4rp8dZmPtuSeAGiujiULdu/Q10QERERERE5n8wXOgCA9ccy6PH2ZlKf60OAp+OQWoV78/zgxk5te3jrELLyi/9qiDW25kg6vd/dwu2XRvLxqEvO6b7cjAbeGtGcUB83p9avSfl1+e8m7u8Vwz8ujfwrIdYqnhWHUnl//XEW39URPw/TOdu/PflFJby6IpZZvydy+HQu/p5mOkT5MrF3Pa5qGVwn+/jfpuPkFBZz6t+9MRkNxKblOX1eLpRH+tanVbh3uWVFJVbGfLmLCb3rcWOH8PMaz+APtrFofwoAHmYjkX4WejbwZ2Kf+nSJ8T2vsYiIiIiIiMi54xIJrJqqH+DhdEKlRwP/cxyNfTPXJxDkaWb2tiReH9YMf49zV9Qmo4H7e8U4vX5Nys8ZhcVW3EyGWv98VfH0axJIvyaBfyW0WikqsXLVh9uJT8/jtWua0b2+P2aTgZWHUpm5PqHOElhHUvJoGeaFyVhadnV9Xir6q+cJYGS7sErLzEYD825v95e2+1c8cFkMr13TjIIiK0dScvlw43G6v7mJObe25do2oec1luISKwaDAWOFYq6LshcREREREfn/zCUTWBPnHeB4Rj4eZiM7TmSRVVDMQ33qcW/P0iTNL/tOc+c3e4mf3AuAEivMWBvPu2vjiU3LJ8jLzNOXN+KublE88dMh4tPy+GJMawBOZhUwcd4Blh9MxWCAK5sHMX1Yc4K87BfF8ePHiYqKwmq1kpSUREREhMP4U3OLmLPjJB+NuoQHftjH51sSyyWY1h1L577v93HwdC7tIn0qJUQ6TN/IDe3DWLI/hQ2xGbQI9WLWza3ZFJfBlEVHSM0tZGynCN6+tgUGQ+kQQs8nV3Dg8R40DfGscfktO5DKowsOcCQlD6OhtEfU6vs6M3HeAXYmZvH4Twd5ftlROkb5MOfWtnSYvpErWwSxITaDpMwCnruyMT0a+nPXnD1sjsukoLiENhE+TB/WjG71/WzHtexAKs8sOszupGzMRgPXtQ3l/ZEtK8VTWGzlP0uP8PmWRNLziugU7ct/hzenTYS3rXyuviSYTXEZnMgowGCAd69rQe9GAXbPR3JyMn5+flgsFtv5rM4XWxJZdyyd3Y92p1GQh235iDahDG99NiGyNSGTh+YfYPvxLIK8zNzRNYon+jfAZDSQlltE4DOreGtEc77YmkhabhEx/u58emMrov3dGfftXr7ZnoTVCksPpHJfzxguCfcqVw4J6fncNWcva4+lEe5j4fH+DfnnnD2c+ndvQrzdGDtrFw2DPMv12mo6dR3ThjZlRJtQfth5iod/PMBNHSNYsDsZb4uJ3+7vzJtr4pixNoH49HwCPM3c2CGcF69qYkuwHDqdyyM/HmDdsQzyioppG+HDwn92wM/DRPe3NnNn1yju7BblsAx+2HmKRxYc5NbOEczflUxqbiEDmgYx4/oWmCtmeP5Um+vNgAGz0YDZYqB1hDevD2tGel4R/5q7nxGtQzEYICu/mKd+OcS8nclk5hfRo6E/71zbggaBpef3zTVxvL4qjtTcQtzNRsZ2iuC1a5oBcPvsPSw9kEJabhHR/u48OaABt3UpTTSeOc/Tr2nGF1sTOZ1dyPoHujD4g22VrpG+TQJq1PaU5eiaEBERERERudi5ZAIL4Mfdyay+rzNdYnzZfyqHDtM3ckXzYJqGeFZa943Vcby+KpZvbmlL1/p+JGcXEJuWb3e7oz7fSaCnmb2PdafYauXmL3dxy1e7WPjP9nbXf+WVV7j88su5+uqrufvuu3nppZe45JLqhwR+uvkEPhYTI9uFsSE2nZnrE2wJrJScIq7+cDv/GdyYe3pEs/1EFkM/2k6QV/nhfx9vPM63t7alZZg347/dy7D/7aBv4wC2PdSVU9mF9HhrE1e2CGZY65C/XH63fLWLF69qwj8ujaSoxMq6Y+kA/Hd4M9YcSbM7hPC7P06x+t7ORPpZAIhNy2N892i+vTUIN5ORl389xrWf7ODQkz3xdDOyOT6TIR9t4+PRrRjZLoyiYisb49Ltxv780iN8vS2JRXd1oEGgB/9ZepRBM39n32M9bEMJf9h5ipX3dCbUx41PN59g7KxdHHuql93txcfH8/bbbzNt2jSWLFnC8ePHeeyxxzCZ7A9L/Gnvafo2DiiXvDrD8Gfe5XROIYPe/51H+jVg8biOHDiVw5CPtmMxGXm0X33b+muPprP63s64mQzcPnsPk34+xKc3tmLmyJZYTEaKSkp47/qWQGlisazRX+ykeagXJ57pTXZBMaM+32k33uocTsnDz93Etoe62pZF+Lqz4J/taRzkyb5TOVzz8XZi/N2Z0LsemfnF9JuxlRvahfHpja3xshjZEJthN+HkTBkcOp1LkJcbmydeSk5BCZe+sZHPtyRyexU9zWpzvdkztlME/9t0gn2ncmgZ5sWtX++moLiEDQ90IdDLjSmLDnPtJzvYPLErB5NzeHzhIX5/sCstw7zILihmV2K2bVs9Gvjz6tCmBHm5sXj/aa795A/aRfrQMfrsEMVVh1NZ968uWMr0sqp4jfSbsbVGbU9ZzlwTIiIiIiIiFzOXncT9yhZBtjlsmod60SzUiy3xGXbXfeu3OKZc0YjuDfwwGiDMx2J3/pvDp3NZeTiNN0Y0J8DTTLCXG69d04yf9p7mREaB3W3/+9//Zu7cucycOZOpU6cyadIkVq5cWW3sH6xP4OZOEVhMBv7ZNYo/ErNtSaG5O08S4Wvh/l4xmIwGOkX7ckfXyj2CxnePpmO0L55uRm7rEsmh07m8dk0zAjzNNAvxZFDz0h5IdVF+7mYje0/lEJ+ej9loqLInU1l3do2yvZhD6fC3EW1C8baYsJgMTL68IdkFxew5WZoIeHdtPDe0D2dMx3AsJgNeFmOVwwP/t+kET1/eiOahXribjTx7RSMAFu5Jtq0zrnu0bc6vYa1DiU3LJynT/jns0KEDI0aM4K677qJPnz4YjUYefPBBsrOz7a5/KruAaH/3ao9/3s5kAjzNPNG/ARZTac+fR/vV58MNCeXWe6x/A1vPpmGtQ9gYW/U5K+tgci6/HU1n2tBmeLoZCfF2Y8qf5VAT3hYjD/etX27ZqPZhNAn2xGCAlmFe3NszhmUHUwGYu/MUJoOBadc0w8/DhNlooFdDf7wslZsKZ8ogwMNsS956WYxc3jyo2jKozfVmT72A0uTj6ZxC4tPzmbvzFDOua0m4rwWLycDzgxtzIDmXnYlZuJmMWK1WtiZkkp5XhLfFRNcyPQfHdY8ixNsNowEGtwjmiuZB/Hootdz+Hu/fsFzyCspfI7Vpe8py5poQERERERG5mLlsD6wQ7/I9kjzdjGTamYzdaoXY1Dyah3o53Gbcnwma+gFne9Y0+bNHUlxaXrmEzBkBAQE88sgjjBs3jqFDhzJ69GjeeOMN+vbta3cfq4+ksftkDl+NbQNAu0gfusT48v66BHo08Cc+Pb9SL6imwZV7RUWVSaB4W0x4W4zlJrj3ttgvjzOcLT+A+be34/llR+kwfQNBXm7c1S26XC8ieyomeDLzi3nyp0MsPZBCdkExJoOB7IJiTmUVAnA0JY/+TR3PZ2W1QkJGPk3KlInJaKBBoAdxaXl2j8/TzWiLIbyKebuHDBnCqlWrmDVrFhMmTGDMmDGsXr2awYMHV1o31NtCQrr9HnxnxKXn0fjPJNAZTUI8iavQ869inNWds7ISMvLxsZjKDS9rEFC5R5gj4T4W2xxbZyzcc5ppK49x+HTpX63MLiimWUjp9XM0JZcmIZ6V5nCyx5kyCK5UD02czs6jKjW93qqM7c+6EuzlxpGUXAzAoJm/l1vHy2LkREYB7Vr48PXYNrz9Wzzjvt1D2wgfnr68EUMuKR3aO31VLF9sSeRUdiEmg4HknIJKE9nbS3iWXVabtucMZ68JERERERGRi5nLJrCcZTBA/UAPDpzKddhzqJ6/O0UlVuLT84n58+XyzEt8vSqSA2vXruWVV17hnXfeYenSpSxfvpyZM2dWuY/315X2Prli5jbbssz8InYlZvPf4c2J8Xdnwe7yPS4Sq+g5dL60jfRh9tg2WK2w9lg6V324jfZRPlzRPKjKRIahwvLJvxzmQHIOa+7rbEvaBE5ehRUrAA2DPDhwKsdhLAYDRPu5cyQll14NSyfgL7HCsdS8Ks+RI3l5eTz99NP4+voyduxY7rzzTm699Va7ySuAq1sGc+/3+ziWmmebI+kMq7U0xnr+HhxNKZ88OHw6l3oB1ffccla0nztZBcWk5BTZkljHKiQrfNxN5BWWlFt2Oruw3GdDhRN1KquQEZ/s4Id/tOOqlsEYDfDf1XF8vS0JgIZBnny88QQlVhwmsc5FGdT0eqvKl1sTifZzp0Wol6332Op7O1f5lzpHtAllRJtQ8otK+GTzCa77dAfJz/Zh2YEUXlsZy7LxnWgZVprkG/HJjj9r9VkVr4eKy2rT9pTdTl1fEyIiIiIiIn83LjuEsCbu6xnDc0uOsDE2A6u19CV9S3xmpfUaB3vSp1EAD80/QHpeESk5RTzy40GuahFcZQ+IJUuW8M4779CqVSv++OMPZs6cSUiI/XmnUnKK+O6PU7xzbXO2PdTV9m/PY93xcDPy+ZZERrQJ5UByDksPpACQnF3IhxuP111h1FBBsdU2ybjBUNpjx2w02OY8ivRzZ58TiafU3EIaBnrYklfvr08gLa/I9v09PaL5ZnsSX29LoqDYSk5BCSsPp9nd1j8ujeTFZUc5dDqX/KISnl18GKsVhlxiv9wd2bZtG61atWLKlCmsWLGCBx54gJEjR1a5/tjOEXRv4M+VH2xjwe5kTmUVkppbxLxdyVz36Q4AhrcJ4XROIdNWxlJQbGXPyRxeXRHLP+0MB62NpiGe9GjgxyMLDpBbWEJydiHPLj5Sbp0uMX4sPZBCXlFpEmvGuvJlbk9WQTElVisdonwwGkqH2H244Wz9G9E6lKISK48vPEhmfjFFJVbWHk0np6Ck0rbORRnU5Ho7w4qVohIruYUl7E7K5tEFB/l08wneGNG8NMEd4MHw1iHcOWePrXdYam4R32w/SVGJlf2ncliyv7Qc3c1GQr0tGACTwUBqbhGBnm62XpO/J2SyZH9KjY+rNm1PWXV9TYiIiIiIiPzd/O17YAE82Kc+JqOB277eTVx6HsFebky+vBGd7cyDNfuWNjw4/wDNX16HAQNXNA9i+rBmVW578uTJGI2leb5XX33V9n97Pt18ggBPM3d2i640H87dPaJ5f30C/7oshoX/7MDEefuZYjpCgKeZmzuG890fp2p59H+N1Wrliy2JPDjvAIUlJQR5ufF4/wYM+HO432P9G3DnN3t4b10CXer5smRcR7vbmTKoEbd9vZtOr2/E22JiaKsQ6pfpiXNpPT/m3d6eZxYdZvy3e3E3G7m+bRh9G1fuNff05Y0oLrEy8L3fSc8romO0L4vHdaj1ZNVdu3ale/fuANxyyy3VnkMAs9HAz3e255UVsTy64CCHU3Lx9zDTIcqXB/vUA0qHpi0e15GH5u/n+aVHCPR04/ZLI3mob/VDL2ti9ti2jPt2D5HPrSbcx8JDfevz66FU3M2l8d/aJZLfjqbTdtoGYgLc6d0ogMZ2Jp4vq1GQB1Ovbkr/97YS6m0h0MvM8NYhtjmw/DxMLL+7I48sOEjjF9dSVGKlXaQPC+xMNH4uyqAm19sZb66J58018bibDET6udOzoT9r7+9Sbh6rz25qzXNLjtBvxhZOZhUS7OVG3yYBXN82lLyiEiYvOszek9kYDQYaBnrw3W3t8LIYGdMxnGUHUmg7bQMh3m60DPNmcIvgaqKpWk3bnrLq+poQERERERH5uzFYrdaKo2FExAUtP5jKyM/+IOW5Phc6FBEREREREZHz6qIYQihyMdoSn8n+P4dvJqTn89TPh7ipQ/gFjkpERERERETk/LsohhCKXIwSMwsY+dk+UnML8XU3c02rEKYOaXqhwxIRERERERE57zSEUEREREREREREXJqGEIqIiIiIiIiIiEtTAktERERERERERFyaElgiIiIiIiIiIuLSlMASERERERERERGXpgSWiIiIiIiIiIi4NCWwRERERERERETEpSmBJSIiIiIiIiIiLk0JLBERERERERERcWlKYImIiIiIiIiIiEtTAktERERERERERFyaElgiIiIiIiIiIuLSlMASERERERERERGXpgSWiIiIiIiIiIi4NCWwRERERERERETEpSmBJSIiIiIiIiIiLk0JLBERERERERERcWlKYImIiIiIiIiIiEszX+gAAHYcX8/ivXNIzj5h9/to/0a0iuiMr0fAeY5MREREREREROT/Jw+zF9H+jQj2Dr/QobhGAqu65BVAn2ZDaRjUDJPRJcIVEREREREREbno5RRmkpB2RAmsM6pLXgE0CbnkPEUiIiIiIiIiIiIAXm6+5BXlXOgwAM2BJSIiIiIiIiIiLk4JLBERERERERERcWlKYImIiIiIiIiIiEtTAktERERERERERFyaElgiIiIiIiIiIuLSlMASERERERERERGXpgSWiIiIiIiIiIi4NCWwRERERERERETEpSmBJSIiIiIiIiIiLk0JLBERERERERERcWlKYImIiIiIiIiIiEtTAktERERERERERFyaElgiIiIiIiIiIuLSlMASERERERERERGXpgSWiIiIiIiIiIi4NCWwRERERERERETEpSmBJSIiIiIiIiIiLk0JLBeTmZNB3zvbcjIl0an1v136JY+8Pp68grxzHFnN5Bfm0ffOtsQnxdZ6G2OfvoYVmxfXYVQiIiIiIiIi8ndkvtAB/B0VFObz9S+fsGTjT5w4FY+3pw/N6rdk5OVj6d6293mLY8Xmxfy+byMv3v8mFjf387ZfZ5hNbkwY8yQBvgEXOhQRERERERER+ZtTAquGioqLeOyNeziVDWRZZQAAIABJREFUmsS9NzxK6ybtMBpNbN+3mR9XfXteE1j9ulxBvy5XnLf91YTJaOK6AWMudBgiIiIiIiIichFQAquGFq9fwK5DO/j0uR+ICo2xLe/daSCXdRwAwMmURF797Fn2Hd1JUVERjaKbcu/oR2nduJ1t/S271/PxvHc4euIQJqOJPp0u55Fbp9i+33FwC58v+JDE5HhaNWnPpDteIDQwHICcvGw+nPsma7b9Sm5eDq2btGPimKeJCIkCSocVzln6GVnZGZjNFq7oMZT7Rj1a6Vgmz3iQ8MAI7r/xcduyn9bM5fOFM5n14k+cSk2q9XHkF+ZxxT2X8uULC4kJr8+W3ev5YO6bxCUdxWQ00b5FFybe9CTBAWEAFBYVMGPOayzd+DNmkxvXD7ipXKyOyvREcgLTP/8Pe478AUBIQDhT7n6ZRlHNanGWRURERERERMSVaA6sGtqwYzUdmncpl7w6w2AwAGC1ljCsz0hmv7yIef9dSdc2vZj8zkTbPFV7j+7k8TfvY8SA0fwwfQXfvLKYgV2vLretn9fM45UJ7/DdtGWYTW588P0btu9e/Pgpjp+K471Js/j+teU0im7G0+9OoMRaQmziUd7/7nVenTCDhW+t4+upP9P/0sF2j+XqXteyeP0CiooLz+537TwG9xyOwWCok+M4w2w286+bnmDe6yv5/PkFFBUXMf3LF2zff7rgfbbu2cQHk2fz1UsLOZmayPGTcbbvHcXywfdvEhYUwQ+vr+DHN9bw3D3T8PcOrPpEioiIiIiIiMjfhhJYNZSWlUpwYFi164QHR9G700A83b1wM1u47Zq7ycvP5diJwwDM+3U2/bsMYlC3obiZLXhYPOnY8tJy27hj+H2EB0fh4+XHkMuuZc/RnUBpT6TVW5fx4NjJBPmH4Ga2cOe1DxCfFMuRhIOYTWasViv7YneTlZOBp7sXrRq1tRtn1za9MJstrNu+EoCEk7HsPPA7g3sNr7PjOKN98y60btwOs8kNfx9/bh92L1v3bLB9/8tv87j1mrsID4rE3c2Du0c+hNFocrpMLWY3TqWd5NiJIwDUj2xMkH9ItedJRERERERERP4eNISwhgJ8AjmderLadbLzsvjguzfYvGc9efm5GI1GcvNzSM9MAeDE6QQ6tuha7TbODBcE8HT3JCcvB4DE5AQAHp4+rtz67hYPTqedpGuby5gy7hW+//Urpn36HE1imjF2yDh6tu9baR8mo4kregzlp99+oHeny/l57Tw6t+pOeFBknR3HGceOH+LDeW9zKG4fBYUFWCkdCllQmI+b2UJy2kmiw+qXOWYvgvyDnS7Tu0c9wqfzZ/DU2w+Qk59D306DGD9yIj6evk7FJyIiIiIiIiKuSwmsGurWrjf//eIFEpOP2+acOsNqtWIwGPj4h7eJPxnLO49/hr9v6TC2IQ/0xGq1AhAZHE180rFa7T88uDS59PbjnxLgG2R3nd6dBtK700AKCvP5Ze08Jr/7IPPfWIW3h0+lda/qOYI7/n0dp9NOsnjtfMaPfND2XV0ex7MzH6NH+7489c+X8LB4cCB2L3c+dwNWSsssJCCM02nJ0KB0/aLiItIz05yOJcAngAljnmTCmCdJOBnHs+8/wqyfP2LcdROdik9EREREREREXJeGENbQFd2H0qpJWx7573jWbl9JWmYKGdnprPl9OU+/W5osyczOICI4ypZomb/yG7JyMm3bGNZvFL9uXsyyjT9RWFRAXkEu2/Ztdmr/4cFRXNZxAC9/OoWklBMAZGSns3zTLxQVFxGbeJRNu9aSX5iHxc2dAJ8gDAYDpjLD8cpqENmIFg1b8/Kn/yYnL4feHQfavqvL48jKyaBRdBM8LB4UFRfxzeJPy31/Zc9hzFn6OQWF+QDMXf4VeQW5TseyYvNikk4fB8Dfxx+LmzsmU2l+dt+x3cz49nUnSldEREREREREXJF6YNWQ2WTmlQkz+OqX/zHj29c4fjIeby8fmtVryQ2DbgHgtmvu4aWPn+LO527Aw+JJz/Z9CQ+KsG3jkkZtefH+N/h43ru89tl/MLu50bfTIDq06OJUDJP++QKf/fg+E1+9g9SMFPx8/OnQvAt9Ow+isKiAj394m9jEIxgMRiJConjunul4WDyr3N5VvUYw7bNnubb/jVjc3G3L6/I4Hr7lGd755jW+XzoLk9mNgZcOZvH6BWf3NXQ87855jTufG01oYBhtm3akXkQDp2PZe3Qn73zzKlk5mXi4e9K9zWWMGXwHAMdOHOabRZ9wT5neZSIiIiIiIiLy92GwnhmDdQE98eOYar9/evC75ykSERERERERERE5Y/eJrXStP+BCh6EhhCIiIiIiIiIi4tqUwBIREREREREREZemBJaIiIiIiIiIiLg0JbBERERERERERMSlKYElIiIiIiIiIiIuTQksERERERERERFxaUpgiYiIiIiIiIiIS1MCS0REREREREREXJoSWCIiIiIiIiIi4tKUwBIREREREREREZemBJaIiIiIiIiIiLg0JbBERERERERERMSlKYElIiIiIiIiIiIuTQksERERERERERFxaUpgiYiIiIiIiIiIS1MCS0REREREREREXJoSWCIiIiIiIiIi4tKUwBIREREREREREZemBJaIiIiIiIiIiLg0l0hghXhHVvv9oeQ9FJcUnadoREREREREREQkpzATD7PXhQ4DAIPVarVe6CB2HF/P4r1zSM4+Yff7aP9GtIrojK9HwHmOTERERERERETk/ycPsxfR/o0I9g6/0KG4RgJLRERERERERESkKi4xhFBERERERERERKQqSmCJiIiIiIiIiIhLUwJLRERERERERERcmhJYIiIiIiIiIiLi0pTAEhERERERERERl6YEloiIiIiIiIiIuDQlsERERERERERExKUpgSUiIiIiIiIiIi5NCSwREREREREREXFpSmCJiIiIiIiIiIhLUwJLRERERERERERcmhJYIiIiIiIiIiLi0pTAEhERERERERERl6YEloiIiIiIiIiIuDQlsERERERERERExKUpgSUiIiIiIiIiIi5NCSwREREREREREXFpSmCJiIiIiIiIiIhLUwJLRERERERERERcmvlCBwCQ99M3ZLz5DMVH9tn93tKtH17X344psv55jkxERERERERE5P8pD09M0Y0wBYdd6EgwWK1W64UO4uTgllUmrwCC/rcEc5vOYHKJfJuIiIiIiIiIyMUvJ4viE7FY2nW70JG4Rg+s6pJXAOb2F76gRERERERERET+X/HygbzcCx0FoDmwRERERERERETExSmBJSIiIiIiIiIiLk0JLBERERERERERcWlKYImIiIiIiIiIiEtTAktERERERERERFyaElgiIiIiIiIiIuLSlMASERERERERERGXpgSWiIiIiIiIiIi4NCWwRERERERERETEpSmBJSIiIiIiIiIiLk0JLBERERERERERcWlKYImIiIiIiIiIiEtTAktERERERERERFyaElgiIiIiIiIiIuLSlMASERERERERERGXpgSWiIiIiIiIiIi4NPOFDuBcsmakkfXVDPJXLKRw/w4A3Jq3w73fEHxuugeDX8AFjlBERERERERERBy5aHtg5c7/kqRh7cia+ZIteQVQuH8HWTNfImlYO3Lnf3kBI5SaWjpqAIe/+RSA4rw8ZrfwI/PooXO6zx3TprD+kTsrLS/KyWbp6IEc/eGrOt/nT4M7E/fzD3W+3QulqjI8I3bht/wypFutt593KonZLfzITznt9M9snjKRrc8+Apy/uuSMxFVLmN+npe3zouG9ODpvdpXrOypbObeqqzuxP33H0lEDKEhLrdN9lq27FxtXuhYvRue7vSh7z74YVGyfK6rNvaiimt7//+r98+/MUf1ypbayJrEUpKcxu4UfOYkJdR5H6p4dzO/TkuyE2Drf9vlW8Xo81+1bXbdnf/XadcX21VWfrV2dK55LV3dR9sDKnf8lac/eU+061sw02zqew252etvJ2zaxbPRArt0Yi8X/bA+uxFVLWHnX9Yzel1G7oC8iRdlZfNcpiqHL/sA7psE52YfRzY1Ok1/FIyjknGz/jKiBQyjOySq3zFpUxLqH/0nzW++h/pCR53T/FwN7ZehKzlddcoZv05a0nTj5QochTqqq7pzcsJpDX/+Pvh/9gJuv3wWKzr6V/7yOxDVLATC6e+AZGkFIx640v+1egtp2usDR1dyctqGUFOQDYPEPJLB1R9o//h8CW7a9wJFdWEuu60vTseNodN3Z5xtXb4tdndpn19Li9gfwa1p1QlHKK87LZdMT99Jj+v/wjq5/Xve9bepT5KeeptvL752zffx/a99cvf7X9Nm6tnVkx7QpnN6+if6f/1TterEL5nDgi5mk7dsFRiN+DZvS6PqxNBn1Dwxm10mHnI936IvBRdcDy5qRRvr0JwHwHDqGiF9jcWt29kHWrVlbIn6NxXPoGADSpz+JNSPtgsQqtWcwmWg2djxufv7ndD8hHbsS3mtA+X2bzfSe8bWSVw5Yi4uxlpTYLUNXcr7qkjO8o+qVe+H8uykpLLzQIdQpR8dTVd0J69ab/p8tcLnk1RnNb7mbUbtSuG7DUXq/Nxv3oBCWjhpI/OIfq/wZVz63vd78glG7Uhg8fx1uPj6sGT8arNYab8cVjvFcxnCu2mJXKLdzraSw8G/fPv+dOFOn6l01Av9m5+YF/szzy8WipLCQ9IN7aTPxaUK79LjQ4ZwT/9/at3NZ/+uCKz1b7/zv82ya8iD1rxnF4B/XMXz1Pjo+/QpJ61ack56Ocu65TsqxjmR/NQNrZmlCyv/hqRj8AgieuZDT44YAEDxzIQa/APwfnkrugllYM9PI/moGPuOfrNM4ktat4I/pz5Jx9BBGk4nQrpfR6elX8QyLIOPgPn4Z3pNhq/biERxa+gNWKwsGtKXNhKdpOOLGStub36cl3abOILxnfwByEhP4se8ltp5gv7/wOLknEzG5u5O2bxdFOdk0/8d9NLv5Ltv6m55+gNSdWykuLCSg2SV0eOIlgjt0qfIYNj5xD4nrVlCYkY5neCSXjH+YRteOsX2fdeww2155mtO/b6S4IJ+A5q3o/f4cVt4xHIBfbxmCwWymyY13ED1wCD9d2ZFRu1Jsme6j82az7+M3uXLebwDs/+w9Dn31ITmJx3Hz86fB1dfT9qEpGN3cKsVWnJfHt+3DuHrR73hHxrBgUPty3+cln+SScQ/SduJkh9stzMxg5xvPk7D8Z/JTT+MdVY9LX3iH4A5d2DFtCjmJCXSf9iEAKbu2sX3qJFL37sTdP5CG14+l1biHMJhMFKSnMbdrfTpNfpVj82dTkJGOZ3g03V9+D8+IKLtlXFJQwPZXnubYgm8xurnRdOz4SuucXL+KHa8/S8bhA7gHBtH8trPntaLs+GNsnvIgKX9sAcAzLJIer/8P/2aXgNXKgVkfcvDLmeQkncCvQRPaP/4CYd0uK40lP59tU58i9ufvMLpZaHrzOI7+MIu2EyZT76oRHP7mU47M/ZKBXy227W/TU/dj9vKm41Mv246/w5MvcWzebArSUrj8m2Xs//TdcmWY/PtGtj77MJmxhwlo0ZqIPoPKHYOj85V7MpFNk/9F8tYNeAQFc8m4h+2WRVmHZn/CnpnTKUhPJar/YAxGI0YvX6B8XfJt2ISkdSvY/vJkshKOYTAa8G/SkgGzFgGlQ/rCu/clde9OirIzwWqlw6SphHbuXlqGhYXsfvcVjs77msKsDAIuaU+np6bi37wVgMPrNHHVEjY+/S+Grdpriz0r9jDLbrqCtH278K3fmI6TX7Xtr6Ki7Cz+eP05Epb9RGFOJsEdutL5mdeq/G2ro+Oprh07czw5J09gMJjIOLiH8J796DhpqsO2o6ySggK2Pv8o8UsWUFJYgMUvgLYPTqbBNaMc1rmKfnvgFrwiouk4aapt2ZHvvmD3jFcZsmQbGAzVXk8JSxaw7eWnqD90JMd//QWzpxcDv17C/s/eY/8n71CQkYbRzULDYaPp8OSLlerOXz3/9lRXd0vrxxG2TZ1E8u8bMZrNxAwaRvtHn8Xk6VXlNjEYMJjNmMxm/JtdQsdJUynMzGDr848SM2goGAwsGt6LiMsGkrJjM3nJJ2nzwFMkLFuId0yDcr1QFg7qQIfHnid60FBb+dUbPIJTW9ZRmJFOWLc+dHj8eYzu7oDj+0ptGIxGDGYznhFRNBs7nl9vHULe6VPE/vR9tW2JvWO0BARWW+crctRuOrr3VlfnHMUe1fcKTu/YSt6pRDAY6DRlOmGX9uT3Fx4n7cButr/6DLtnvEpAq3b0euOzcvez3e+9xsFZH9iOozg/l4K0VNs9urrzVFXMjtRVuwCO74sHZ33I3g/foCAznai+V2AwmXDz8qXTlGlkHj3k8HnEXt1w8/Yp1z47uhc5aj+duf9X5Oj+WdN7QFVtmzNlVFF1905HcVUs78Yjb2P79H8zfNU+3IP/7MFhtbJgYDvaPDCJhiNuYumoATQeeRuNR90GOG4rnXl+q/j84hEa7vCc2OsBUhft9omVS9j38RvknU4mpFM3Ln3uTduzZE3L80z93TxlIsP677Wde2efuc+c3+rqs7WkhINffcjBLz8k50Q8Fv9AWt3zKG7e3hz+7nOsxcUkb10PwFULN7Jx0r3V3k9q+t7ibPuWm5xUqza5rNq8U9X1tVu2/jvz/rFoeC9iBo/g5NpfSd6+Gb9Gzeg+7SNSdm5l15svkp+RRsNrRtN5yjQwGADH7WxNnq2rK7PYBXPs1hGjxULswm/ZPWMa2cfj8IlpQJt/TSJ60NAqy7mirGOH2fXeNHq89mG5jgchHbsS8tYXtl92/dX3u7pqS1f84xqg/Dt0y38+ULtnvYvYRZfAyvt1ge3/p8cPJfj9BbYkFoDBLwBrRhqnx5+t/HkrFtZ5AstgcqPjU68S2Lo9RdmZbHjyXrY8+xCXvTMLv6YtCOlwKUfnzqLlnRMASPxtOQVZGdQbPLzW+0z49WcGfvkLQW07kXnkIItG9CKi1wB8GzbBWlJC09G3E/7mZxjNbuz54HXW3D+GoUu3Y/LwtLu94A5daf/Y81gCAklas4zV999MQIvWBLZqT1FWJstvHUL9wSPoNvU9zJ5eJG/fjNFspt8nP/Jdpyj6f77Q1v3RmTHQnqFh9H7vG3zqNyLj8AFW3zMKz4homt9W/XBQo7t7uRf+uJ9/YPO/J9Bg6Cintrv+sXEU5WSXxhtVj4wjBzHa6U6an5rCyjuG0+L2B+j70Q9kHjvE6nE3YHKz2M4jQPLWjQz4chFGNzc2PnEPO15/lm4vv2839t3vvkLS+lVcMXcV7oEhbJv6FFmxR2zfp+7Zwarxo+jx2kdE9R9MxuH9rLzzOjxDwom5clil7e2Y/hxeUTH0fm82RrOZjMMHbENd93/+Pgc+f4+eb31OQPPWHF/+M6vvvZGrFqzHKzKGXe9MJXnbRq6ctxb3gCC2vzalXCzOOrXpNy6fvRSjxVLpu4K0FFaNG0nbCU/R9KY7Sd37B6vHj8LdP9C2jqPzte7Bf+AZEcPwVXspzMlm7QO3VBvPyfUr2TZ1En0++I6QTt2IXTCHDU/cQ9PRd9hdf/2j42j30BQaXXcz1qIiTv2+sdz38UsXMOib5bgHh5D023JWj7+BIYu34R4UzO4ZrxL707f0/Wgu3lH12DXjFVbcPpyrf9li641T3XVqz6GvP6b3zDkEtmzLwa8/ZtW4kQxdsh33oODKsT8+npLCAi6fsxyLXwA733qR3+67mUHfr8RgtN/htrrjqa4dOyNhyQL6f/5TuaRadW1HRUe+/5KU7Vu4+pctWPwDyDuVREF67XrFNr7uFjY8MZ72j/7H9hB+dO6XNLx2DBgMTl1PWXFHMHv72h4sMo8cZPu0Z7hy7hr8mjSnKCeb9AN77O6/rs+/o7pblJPNr7cOpdG1Y+gx/WOKcnNZ9+DtbJ82hU6TX61R2TUcPpoj339BxuED+DVpDkD84vkM+PIX2wtKwrKFDreTFXcES2AwA79aTEl+PivHjWTXuy/T9sFngJrVjZoqKSwk9ufvcQ8Mxj0oxKl7SsVjPLnxN4d1vixH7aYz996KdQ6cux/GL13AgM9/xj04hCNzZ7Hh0bu4ZsUuOj71Mslb1lcaQlhWq7sfptXdpQmX4rxcfr3lagIGt7c9YDs6T/ZidqSu2gVH13HimmXsmP4sfT+cS1C7TsQv+oF1j9xF01G3Ox0rVK4biavKv8Q6uhc5aj8d3f8rcub+WZN7QE3aNmdUd+90Jq6K5R378/cc/fEbWvzjXqB0aHZ+Wgr1rqz8nOyorXT2+a2655eqhHbphVdUPadjcbbdPjbvKwbMWoyblzebnpnA2om32RIptSnPivW3ps/cjurz/s9msP9/79DjjU8JbteZ/NTT5ByPI6htJ1J2bqvx8LDavLecUV37Vts2+a/EVtfXblUcvX8c/e4Ler75GX6Nm7P5mQmsufdGQi/txRU/rCE/9TRLRw8kovdAogde7bCdremzdXVlVn/oDXbryMkNq9nw5L30fmcW4T36cXzlYtZOuJUBX/xSbbKwrBNrlmG0WKh/9fX2VzAY/vL7XV22pfbeoevyWe9icdENISw88MfZ/+/fwenxQ7FmpGHwCyiXvKo4sXtNLbyiPXO7NbT9++3B8g9GYV17EdyhC0Y3NywBQbT515MkrVtp+77xqNs5/O1nts+H53xOw2tGO2yUqxN52UDbHCa+jZri26AJqbu3AaVDk6IHDcXs5Y3RYqH1fY9TlJtD+qF9VW6vyY23l77EGo1E9BlERK8BnNywGih9cDYaTbR//AXcfP0wmM2Edu7+lzLB9a66Dp8GjcFgwK9Jc5qOuYukdStqtI3kbZvY+PT99HrjM/yatnC43ezjcRxf/hOXPvdG6W85DAb8GjfDp36jSttOWLYQi28ArcY/hNFiwb/ZJbS48wEOzyk/8V7LuybYXp6jBlxNyo4tVcZ7eO6XtLr3UbwiYzB5eND+secwmEy27w9+MZMGQ0cSffkQDCYT/s0uodnN4zj6o/2JvU0WCzmJCWQc3g+AX5PmeISEAXDg8/doff+TBLZsi8FoJPryIYR07Eb8ktKk75EfvqLV3Y/gGR6J0d2ddg/9u1bjwlve9WCVD3/xSxbgGRJGs7HjMZhMBLXuQOOR5R/6qztfWccOc2rzWjo++SImTy88gkNpfd/j1cZz+LsvaDB8NKFdemAwGmkwbDTB7au+8Zks7mQe3k9OYgIGs5mwS3uW+77R9WNtvxEO7zUA3/qNiV88Hyjt7dPqnsfwbdQUo7s7bf41CYATKxfZfr6669SexjfcSlDrDqXdsW++C++IaNv+yspJTCBhyY90+ffreISEYbRYaDtxMpnHDpG+f3eV26/ueBy1YwDhPfpV6hFWXdtRkdHdnYKsDNL2/kFJQQEeoeG2a7emInoPxOhm4fivvwB/1pct620v8c5cTyZPb1re8S/bZ4PZDFYrqbu3UZiRjtnLu8r6U9fn31HdjV+yAKObG20mPIXJwxP3wCDaTpzMsR+/qXHZeUbEAJCflmJb1mjkrVX2PKqKycOT5reWvgAZ3d1p8Y/7OPzdF7bva1I3nLVh0r3M69mU7zpHk7xpLT3f+AyD0ejUPaXiMTpT58ty1G46c++tWOfAufth41G3267d6P5XkXMijrzkkzUrPKuV9Y/ehZtfIJ0nT7MtdnSe7MXsSF21C46u46M/fEXD4TcS3KGLrR6EdLLfa7U61dV/Z+5FjuqSo/t/RY7unzW9B9SkbXNGVfdOZ+OqWN6NrruZo9+fbTuOfP8F9a++zu5zpqO20vnnt6qfX6oS2e8Kmo45O3l4XbXbre9/Ao/gUEyeXnR8cirJv28g88jBWpdnRTV95nZUnw98/j6t73+CkA6XYjAa8QgO/UvzKtbmvaUSO+1bbdvkvxJbXV+7VXH0/tF49O0EtmqPycOThteOISv2MB0efwGLfwC+DZsQ0XMAqX9sBRy3szV9tq7N+Tzy3ec0GDKSiN6XYzCbiR54NVEDr+bI95/b1jFa3DFaPKrcRn5KMl5hkbZeZfb81fe7um5LK6rLZ72LxUXXA6sSe/Ng1GJujIoGfLEIN9+z3YFPbljDhsfOdqvMOLiPP958nrQ9f1BckA9WK0XZmZTk52N0d6felcP5/cXHOLV5HX5NWpCwfCGD5vz6l2JyDyzfI8Pk4UFRVumEhkVZmex47VkS1/1KUW4ORqOJ4pxsClKSq9zevv+9zbF5s8lLTcZoNJGXehr/PycMzIo/hnf9Rk7/VsAZx1csYu9Hb5Idd7Q05tzsKnul2JMVd5Q199xIp6deJqx7X6e2mx0fi8FospuwqijnRDzeMQ3LNYK+9RpVGj9d9jyYPTwozK5iUkmrldykE/jUb3x2fS9vPEPOdlnPij9G+r5dnNrS2baspKAA73oN7W6y/eMvsOvtl1hz700UZWcRM3g47R9+FjcfX7Ljj7Hzv/9h94xXbOsX5WQT3LZTaSwnE/GKPvtbRJOHB57BYQ5KpTKv8Mgqv8tJTCh3vEClz9Wdr5zE45i9fGxJOXs/X3mfx4nqP7jafZZ12Yyv2f3uqywa3gv3gEAa3/CPcr+B8Qwt/0DoERpObtJxsFrJSTqOd72zdclgMuEdXY/sE2frSHXXqT3e0eUncfSKqV+6vwqy4o4BBlbcXv630yYPz9IhRi3b2N1+lceD43YMwNPO+a6u7aio4bDR5J8+xbaXJpF57BBh3fvQ/pHnbL2AasJgMtFw+I0c+f4LYq64hqNzZxHWox9ekaXJGWeuJ8+QsHIvkT71GtJz+v/Y/8VMNk2eQECLVrS65zGi+l1Zfufn4Pw7qrvZ8UfJPZXET4PPHg/WEjAYKMrOwuztU1VRVZKbGF8aX0CQbZlXuP2hz9WxBASVG4LiERomxt0jAAAgAElEQVRO3qkkrMXFGEymGtUNZ3V88iUi+wzCzccPk8fZB1ln7ikVj9GZOm/jRLvpzL23Yp1zNvaydenML78KszLLtY+ObHv5abKOHWbgrEXlEm+OzpO9mB2pq3bB0XWck3SCgAq9urzL9JBxVnX135l7UbV1yWJxeP+vvM/q7581vQc43bY5qap7p7NxVSzv+kNG8vvUSaTs2oZfgybELZpPv08q//IGHLeVzj6/Vff8UpV9n7xLyo4t9Jj+kVOxOGq3zyh773cPCsbk6U1uUgKY3KhNeVZU02duR/U553gcPg2bVrvPmqjNe0tF9tq32rbJfyW2ur52q+Lo/cMz7Gz9Nnl6Y/L0LvcHycxeXhRmZ5bG5KidreGzdW3OZ/aJBMJ79iu3zLdeI1L37bR9dvP1w82n6vlG3YNCyD2VWPruX0US66++39V1W1pRXT7rXSwuugSWW7O2tl5Ybs3a2ua8OjNRe9k5scquV1OeYRHlLnqPwKBy3697+A6i+g+m+yszMXl4krpnB4tHXIb1z+SZycODRiPGcOTbz/Bv2ZbAlm0IqKaBMnt5U5yfb/ucn1qzP9P8xxvPk3HsEANnLbYNPfr+0vpVJvMSlixg38dv0e+TH20vkmvuvcm2vk9MA45+9wXWkpJKSSx7SS23Py+u4vw8zGafSseQfzqZNffexGXvfkVkn0EYjEb2ffIucT9969TxFaSnsXrcSJreeEe5IROOtusdUx9rSTFZcUcdJrG8ImPIPn6s3LLMuKN4RUQ7FWMlBgOe4ZHlfmNuLSoir0y5eEfVw79xCzpNmWZvC5W4BwbRafKrdJr8KlmxR1g38R/s/eB12j40Ba+oerR/5DnqXTXC7s96hkWQkxBHUJuOQOn49dzTZ2Mze3tTUqYOQuk5NHt5VzquqnhFRHNixaJyy3JPJZ3dnoPz5RURRVFOFkVZmZh9ShPIuQ56HHhFRJFfZh9QOkeaW337DX5Ai9b0fOMTsFo5tXUDq+66noCWbYi4bCBQOidVWVmxh4nqfxUYDHiFR5Edf8zWI8laUkJ2QhzekbWsI0BOhT93nRMfS3T/qyut5/3nS/TALxednTPECVUeD47bMQBDhfPtqO2oyGAy0fLOCbS8cwIFaalse+VpNk26l4Gzlzpf58poeN1YfrmmO7knEznyw1e0f/RZ23dOXU926m/0oKFEDxpKSX4+R77/kt/uv5lr1x/BYHYr93N1ff4d1V3v6Pr4RNdn8MINtdp+WUfnf4NneBR+jZudXVihLMzePhTn5ZVbVrbH1pn4yj5QZcUexiM0HIPJVOO64SyLr3+lpI3T95QKx+hMnS/7s47aTafuvRVi+Kv3QwCc+OXSwa8+Inbht1z+zTJbewpOXsPVtPP21GW74Og69gqPrNRuZh+PI6DpJYDj5xFnjtGZe1G1dcmJ+3/lfVZ//6zNPaCqts3pMiqjqnunb+PmzsVVobwt/gHEDBzK0e+/JKBlW7yjYgjp2NXujzpqK51+fqthvQYozMqgMCvd6VgctdtnhspmH48t7SEF5Kecpjg3G8/waFsivablWVZt2hhH9dkrqh5Zxw5V6rUO9t8LHN1PavreUlFV7Vtt2uSKahrbubh2zzWH7WwNn60dlZm9OuIdGU1OfPnrNivuKN5//lISoNG1Y6h/1XVVHkfkZQPZ+p9HiftlLvXsrWe11sn7XV21pXbLoQ6f9S4WF90QQo/+Z+e2+j/27js6qmrt4/h3SnovJEAIEEKPVAGRIiigKAiIXlGxd67di4oCYlfsiAW7ojQrICrSmyI99F4SQhJCei8zc94/AgPpBZC8+PusxRoy55y9n9Nnntl7n1OTVyn3DS7RnfDEmFillzlTCjPS8WveGou7B4bNxp4v3y8zT7Pr7yB2/mz2z/iMZv+5vdLyAi/oRPzS34HiDzm7P3+vZvFkpuPdqLHzorF/xhcUVfL0xcLMdFx9/fE5fvNM27GZxD9PthAL6zcIh93GljeexZadhWGzkbxxDfa8XCwenli9fck6uNc5v3twCB71w5zrUJCWysFTmmYW5WZjOBzO7m2lp1fGUVTEnw/djH/bjlzwyNgS06oq16thOA37DmT9s4+SmxAHhkHWwX3ljkMR1m8Qhelp7Pr8PRyFhWTu283uz98j4rpbqxVneSKuuYndX37g/JK+59tPsOflOKc3v+luDs6ZQdyCX3AUFWHYbKTv3k5yqXGZTjj8+2xy4g8DxS0pLO7umCzFeeoWt9zP1ndfIHV7NBgG9vw8ktasJPv4r29Nh97Ajilvknc0AUdhIVvefg7DZnOWHdC2Ixn7dznnT9uxmYRVi2u0vmH9B5MVs5+jfxUfSwWpKRw8pSttVfvLu0kzgjt3Z+dn7wLFTwra/UXl50LENTdxaM5M8hKLWxWlbNlQYTN5R2Ehh+bMKv4AaTLhHlQPs9VaYky0gz9+S+q2TRh2O3u//Zjcowk0GlA86GLE8JHs/PhNsmMO4CgoYPv7r4Fh0KBP7X+F2f/DVNJ2bsGw29k/4wtyEuKc9Z3Kq2E4Yf0HsXbcg8XHMlCYnsbh338qsR9Lq2x9qnMdK62qa0dpSWtWkrZrK4bdjou3D67HuyRD7Y4532YtCLqgE2vHPoAtN5tG/U9uq5qeT1A8TszRP5dgz8/H7OaGW2Bw8SDo5fw6e6b3f1XHbli/QRTlZLN98qvYsosH4c+JP+zsQlkhw8Cw2bDn55GxdxebJ47j0M/T6fzMxEo/uAdGdeLo6mXOLx37pn9W9j5iGES/Pg57fj65CXHs+PAN50DdNT02ijIziH5tLDmlPsBWR23vKTU95qu6btb03ns6sZ/KvV5oiXtwaYkrFrLlrefoNWWWs4XiqTHXZD9Vx5m8LlR1HjcdegOH5s4iJXo9hsPB4d9/dg4MDFV/HqmO6tyLqjqWqrr/l1bV/bOm94DKrm013UaV3Ttre28CiLh2JDHzvufAd1/SdPjNFc9XjWtlbT6/JUevY1Yr30qfVOYoyMeWl1ejWKpz3d7xwUQKUpKx5+cRPfEZgjp2xSei+WltzxNqc42p6nhuPvIednwwkZTN68EwKEhJJnXbJgDcQ+qTHXsAw253zl/V/aQ2184Tqrq+1bbc2pZxps/df0JV19mafLaGqrdZecdIxPCRxMz7gaOrl2HY7cQvnc+Rxb+WuBakRK/nyJKTD1AozbtJM6LuH826Zx9l34zPyTkSiy03h+RNa/nzoZvJORJ72t/vzuS1tLzv0LX+rHceO+9aYHndOIrs6R9iZGeQ8fbT+D3+aokxr04M7J7x1hgATN5+eN1Y+SDhtdH1hXfZ9NpY9nwzBYuLK+FXXcuhOTNLzOMb2ZKgCzqSun0zjQdVMLjcce0en8Cap+5n/uDuuAUGE9ZvUI36vkY9MIa1Y+5nwbDeWD09adB3IJ4NKm5S32Twfzi6ehnzr+6OW0AQPs1a0uCS/s7pLj6+XPp18ZM65vVvj8NuJ6BVFL2nFMfUYfTzrH3mAWz5ebS8dRQXPPQ03Sd+zMYXn2D3lx/gGhhEw0sHkrByEVDc/LLD6OdZetsg3AKCcfHzJ6z/oGqNgZWxbydJa1bgHhTC3EtOdkdoeesoWt/9SJXldn/jU7a8/QKLb7icwsx0vMIa0/Xl98u0yHILCKTP5z8T/doz7PjoDVx9/Wk6fCSt73iwejuhHFGjniR64jj+uKY3HqENCe58ET6nNMEObNeZ3h/NZPvkV1g3/kEwwDeiBW1HPVluealbNxD92jMUZmVg9fCkwSUDaH3PowC0um0UVjd31o4ZRU78Yaxu7gS060Snp4uf2Bb1wBiKsjL5Y2gPTFYXWtx8H14Nw7Ec/7XPJ6I57R6bwPK7huERHIpnWOMyzYer4hYQSO+Pvyf6lTGY33ul+Mk3V19P3B9zgOodBz3e+Yq14x9iwTWX4OLrT/jAoc7lyxPa41KiHnqa5Xddg2tgMF4NGxE+8JryZzYMYubOIvrVMThsNlz9Amh996MluqRG3nhX8VO+dm/HJzyC3h9/7/zFrO2oJzAcdpbdPoTC7EwC2rSnzxeznQN410bkiDvY+MLocusrrfvEj9n+wUSW3lL8FDY3/0DqdetJo8srfjhEZetTnetYaVVdO0rLS0pgw/OPk5sYj8XVFf+2Heny4mSg9sdc0+E3s/7Zh2lx070lun3V9HyC4l/Ntk56icwDezGZzXg1bEzPyd9i8fAs8+vxmd7/VR27Lj6+XDp1Hlveeo5fB16ILS8Xz9CGRAwfWel22vPNFPZ8MwWzqxse9eoT1Oki+s1cWOWYDU2H3Ujyxr+ZP6Q7HqFhhHTpgXd4yeukV1hjvMKaMK9/ewxbEeEDhxP1QPH9tqbHRlFuNru/nExY/8HOwUyrq7b3lJoe81VdN2t67z2d2E/V+u5HWT/uQfbN/ILAqE70/arkNXLfzC9wFBWyalTJpx5fvXR7jfdTdZzJ60JV53H93v1p9+g4Vj92O4XZmTTscznhlw89ObaRyVTp55HqqupeVNWxVNX9v7Sq7p9Qs3tAZde2E2VVextVce+szb0Jiq+BVndPUrdF0+vDis/Dqq6Vtf38lhsfi0/TyEq7dmIYmDjZ8uZMXbcbXz2CxTcNID8lmaCO3egx6WTCo7bb84TaXGOqOp5b3f4AJrOFtWPuJyfhCG7+gUT990kCL+hE06tHEL9oHrMvbobhcDDsz31V3k9qc+08obLr2+mUW9vYzvS5+0+o6jpbo8/WVL3NyjtGQrr3oeuLk9j44pPkJh7BK6wxF7/5OcEduzqXO7b+T1I2rysxDl1pFzw6Dp/Iluz79hOiJ47DZDbjG9GCpsNH4lk/DJPVelrf787otZTyv0PX5rPe+cxklNsu/p+V0KryppohGzNrVF7e3GmkP1+9pFTAm9PPSgus6lrz1P2YXV3p+mLNWlSJnG32/Dx+6tqYAd8vrbR767/JH0N70urOh2k6dMS5DuWMON/WR86tIwvnEf36OAYtrPihBOc7XTfrpiUjB9LoimG0vPX+cx2K/D+y9pkHqN/rsoqfYAZseXMCKZvXcek3FbcCERE5H9i3b8C1W9+qZzzLzrsuhAAeQ0biP+EjTN5+Fc5j8vY758mrrIP7ODx/Ni1v0QcqOffyk5NIWrMSw+HAnpfLpteewadpc/xatj3XoYmI1Em6btZNcX/MxVFQgGG3c/Dn6aRs3UijAefu8578/9TtlQ8qTV6JiMg/77zrQniCx5CRuPcdRM6Mj8hfOq/EgO3ulw7G68ZRmHz9qyjl7Pnz4VtIXLmYNvc9rg+6Uic4igrZ9PJT5CTEYbZYCGx/Ib3en3ZGnzQpInI+0XWzbjrw0zesG/8QAN7hEVzy0cwyY+GInAktbh1FRG7tx0IVEZGaOS+7EIqIiIiIiIiIyOlTF0IREREREREREZFqUAJLRERERERERETqNCWwRERERERERESkTlMCS0RERERERERE6jQlsEREREREREREpE5TAktEREREREREROo0JbBqKHHFQuZe0vofqSslej2/9I0iLzG+2svY8/OZ1cqXrEP7z2JkdUvPz3bw+YZjAOTbHFifW8e+lPyzWuczi+K49cf/H9s4MbsI63PrSM6xAXUr9lP3XXqeDetz64jLLKzW/FJSYUY68/q15+ifS2q1fG2ubbHzvueXPm35qWtjjiz+rVb1/tMWXX8ZB777usz7mfv38NsVnUnbuaVOxPNPOBv3i3/TPaj0ObPlzQn8Pfrus1rnv2n7Vkf+saPMauVLQWoK8M/sAxERETl3rOc6ACmfLSebdeMepMd7U/Go37Day5ldXOg8/g3cA4PPYnS1k11gx//Vjex7pD1NA9zOSh0uZhOTrmpMPa+ze2hf3cqfnEL7Wa3jbKlLsT9+cX3a1PM412GcF9Y/+yit7niA0J6X1Wp5n+ataffo+Bots+GF0fSY9DWhF/etVZ3nQqs7Hsa3eclEXV5SImufvp+e70/Dr0Wbcx5PbcQvnc/GF0YzeOm2MxDV+Sf6tbEUpKVw0cQpZ62Ohv0GYc/NPmvlQ92+x9cFZ3ofLBzeh+Y330vE8JFnrEwRERGpPSWw6qj0PTvoOOZlgtpfWKPlTBYLLW6+7yxFVfdZzCYe6BZ61uu5ONz7rNdxttSl2K+NCjzXIZwVht0OJhMm8z/TyDUvKZHQi/sQecMdtS7Dq2F4jb6kFWakU5iRhl/z2id8HEVFmF1car18bYRfOazMex4h9en/Xe1arp2u8uL5/+Jc7L+6LLhTt7Nex7/9Hl+Vf2IfiIiIyLmjBNZpOrp6GVvffp7MQ/sxWyzU69aLzuPewCOkfrnzb3r5KXIS4jBbXMhNiMWWm0vzkffQ/Ma7AMhNPMK6cQ+Ttm0j9qIi/Fu0oeOYVwnq2MVZxr7pn7Hrs0kUZmXQsM/lmCwWXDx96DzhTez5+fzQIYSr/tiET9NINr38FHlJiVjc3EjfvR1bbg4tb3+AFiPvqXZ9pd01+yCLD2SSnm8nzNeFp3o14NaOJ38NXnIgk+eWHmHHsXysZrimTQAfXd2Uy6fuBqDfV7uxWkzc26UeQ1v503ryVvKf7YLVbAJg2pYU3v4zkQ2jogCYvOYoH69LIi6zCH93CyMuCOSlfo1wsZjKxJZvc+D90gZ2PdSOcD9XWk7aWnJ/5RTxZK8GvHBZWJXlZubbmbA0jl92Z5Cca6OJnyufDI3gokZePLMojriMAqZeGwnAxoQcnvjjMJsT8wj0sHB7p2Ce6tUAi9lEep6N4ImbmHRVY6ZvSSnebj6ufHlNBGG+rkBx67TxS+KYuyuDrEIb3cO9mXxVE5r4uzm3waTVR0nLt+FmMTGyfRBvXNG43P2TkFXEfb8c5K/YHOp5WXiqV8kWfKfGXmg3eOS3GObsSqPAbhDgbuXFfmHc2C6IOTvTeGLBYa6LCuTP2CzS8+z0jfDl9csb4WY1n5H17vnZDu7sVI+7LqznjG/+3gze+iuBpBwbPcK9mXJ1U+f8pS07mMm4xXHsSi4g2NPCI91DGXU8gXkorYD/zothXXwOAGE+Lky7LpKokLItvo4snEf0xLGEDxzGsQ2rKcrMIOSiS+j41EuY3Yr3wdoxo0hcvYyizAw8QhvQ5r7/EXHNTUBxMufnbo3p+PSrxMyZRWF6Kv2/W0zs7z+zf8Zn5CbG4+LrR5OrrqXd4xMq/NL/x9CeNBo4jKS/lpK8eT2+ES3o/ubnpG7byPb3XqEgM52mV4/gwglvgslUJq7dX71fIi5HYSEbX3qCuIXzcBQV4urrT7vHxtPk6uvL1J24YiFrxz3EkBW7ACq9dmTs2cHKUTcAsGhEf0wWC1fN30BBeiqbXh5D0t/LwWSifq9+dHr6FVz9A53rV79XP1K3rCc/OYkLHh7LjilvntY6l94XANkxB4h+fRwpm9ZiLyzAv2Vben/8PS4+viy6/jKaXXcbza6/DYDYX39gx0dvkhN/GO9GTbjgoWcIGzD45HHx+jiaDL2BhCW/U5iZTkj3S+jy3DuYrOXfPrNjDxL92jMkb1qL2Wql0YAhdHjieSwenuXOf2o8VdVX0f4M6tCVdeMfpiA1mV8HdASg6ysfEtK1R5Xb6lRV3c82vfwUuUkJmEwWMvftJLRHXzo981q5ZVW3zKOrl7F54niyj8RgMpvwi2zNZdP/qFVZhsPBvhmfsW/aZ+QmxOHqF0DbUU/g4uXFgR+/wbDbSd74NwBX/rqWQ7NncPDnafSbscBZx7qxD2L19KLT2IlA1cfaqba8OYHcxCN0f/Mzdkx5i33TP3VOsxfkUZiexvXbUzFZrVWWe3T1MrZNepmM/bsxWyw0unwIXV6YVOYe7ygqYseHr3NozkyKsjPxb9OBzmNfw69lW+c+q+wzAEDS3yvY8s7zZB7Yi1tAIC1vOzk9Jy6G9RMeI3XrBgA8Qhpw8TtflttSsTrX0crOjxPX0c7j3yBm7iwKMzPwCA2j+8QpzpboeUmJrBv/EMkb1+AeGESbe/9X4T443fo2vfwU6Xt3sPmNZ9nx0Rv4t21Pz0lTwTDYO/0z9k37hNyjCfg2iaTDUy8TclGvGh/TIiIiUjNKYJ0mk8WFTmPfICCqA7acLNY8/V82PP84vT6YXuEy8Yt/o9+MhQR17EJu4hEWDu+DT+MIQntehuFw0HzEHYS+NxWz1YWdn77DqgdvYvCizVjcPUhctZgtbz9Pn89+JrB9Z+L+mM3q0ffQ/PqKW14cWfo7/abNJ7BdZ7IO7uOPYT2p3/MyfJpGVllfebo38mbigHACPa0s3J/OtTP30y7Ug04NvFgfn8PV0/bw2bAIrm0biM1usC6+uDn/gltb4f/qRhbf3srZhbA6Y1XV93Zhzk0taBbgzu7kfIbN2EOYrysPd6+8pZWb1UzM/zo4//5xeyqj5h3ixnZB1Sr3tp8PkF3oYPHtrWjs58aelHxcymlQk5JrY+DU3TzeowG/39KKvSn5DJm2F1eLmdE9TyYyV8fmsOyONrhYTNw1+yDjFsfx5TXNALh99kEK7Q7+uqcNAR5Wnl96hOtm7mPNfVHsS8nn6YVxrL8vitb13MkptLM9Ka/C9b7ph3008nUj9vEOZBfZGfHdvgrn/XpTMuuO5LDjwXb4e1hJzC4iLe9k98IDaQUEeVpZfmcbCmwOBk/by0vL43mxX6Mzst7l+XZzMsvvbIO3i6V4f32/nxV3lf2yFJ2Yy5Dpe/n22kgGtfRjV3I+g77dQ31vV65pG8C4xUdo7O/KnJtaYDWb2J2cT4CHpcJ6sw8fxDUgiH4zFuAoKGD5vdex/cOJtHvsWQCCOnajw5Mv4eofwNFVi1n54Ej8W0UR0PbkMXZs3Z/0n7UIs2txws2jXgi9p3yHd+MIMg/sZeWo6/GoH0bL20ZVGMehH7+lx3tT8W3WkvXPPsKq/95Ava49uXz2KgrSUlg0oh/1e/cjrN9VVcZ18KdppG7ewFXzN+Dq50/+saMUZqRXWHdpFV07/Fq2ZcD3S5l9cQT9Zy3CvV7xObP60dtw8fXnyt/XYzgc/D36bv5+8l4u+eQHZ5lxC+Zy2bT5zqTDjilvntF1tmVnseTWQTQeOIyLXpuC1cOT5M3rMZeTcEpas5I1T/+X3h9MJ/TivsQvX8Bfj9zKZd/Odybxs2MP4OYfwICflmPPy2XBtX05NGcmEdfeXKY8W24OS28dTMQ1N3Hx219gy8tj9WN3sPnNCXQe/0a1tnll9VW0P70bR9D1xffY+MJoBi2MLlFedY7bE6pzPzuycB6XfvMb9S7sXq31qarMv5+4l/aPTyBi+EgMm41jm9bWuqw9Uz9iz5cfcPGkrwlqfyEFaSnkxh8msF1nUrdF16oLYU2236na3v8/2t5fnFyx5+ex9Jar8B/YwZn4rKzc1K0bWXHvf+j2ygeEXzEMw24jZcuGcuvZ8dEbxP72A30+/xmvhuFs/+h1lt0xlKvmb8DFxxeo/DNA2s4trLjvei5+63MaXjqQzAN7WH73cDyCQ2l0xRC2vP0Cng0b0XvKLMxWK5kH9uLq51/held2Ha3u+ZG8cS2XTfsDs4sLa8eMYss7z3PRxI8BWP3Y7XjUb8TQFbsoys3hr4dvqTCW062v09iJJG/4u0wXwj3ffMzeb6bQY/I3+LeMIn7J76z87w1cOe9vPBs0qtExLSIiIjWjQdxPU0i3ngR17ILZxQVX/0AueOhpjq5eXuky9br1dn458qwfRpMhIzjw4zSguBtP2IDBWD29MLu6EvXAU9jycsnYX9x66dDsGTQdegNBHbtgMpsJv3I4wZ0r/yLRoFc/Att1BsAnojk+TSJJ2xFdrfrKc0+XegR7WTGb4Irm/gyI9GXZoSwApqxL4rqoQG5sF4SrxYSnq5k+TX2rsSUr9p+oQCID3TGZoHU9d+7vGsqSg5k1KuPvwzncM/cQs65vTpt67lWWG5tRwC+705lydXErKJMJWgW70yzQvUzZc3el4+9u5aleDXC1mIgK8eB/PUP5YmNSiflG96rvbN11dSt/1h0pbhkUl1nI7J1pfDCoKaHeLrhaTLxwWRh7UwvYlpSLi8WEYRhsSswhI9+Gl6uFbo3K7wa4PzWflTHZvHlFOJ6uZkK8XBjXp+Ix1NysJjIK7Gw+mkuh3aC+t4tz+wB4WM08fFHo8XnNPNo9lK82JZ+R9a7I+L4NCfFywdPVzFtXNOavw9nsSS6b6Pxw7VFuaBfIkNb+WMzF9f+3WwjTtqY41y0uo5BdycXJvtb13An1rri7k8Xdg5a3FieWzG5utLr9AQ78+K1zeuQNd+AWGITJbKb+JQOo3/MyktasLFFG63secyavAMKvHI53k2ZgMuEb2ZLmN93D0dXLKl3/ZiPuIKBtByzuHjS95iayYw/Q8amXcfXzx6dpJPV7XEba1o3Visvs5kZhdibpu7biKCzEvV4ovs1bVVr/qSq7dpSWHXuQpLWr6DR2Iq5+/rgFBNJxzMskLF9AXlKic76I624t00L1TK5z3KJ5mM0WOjz1Mi4+vpisVupd2L3cFlAHf/yGJoOuo37v/pisVsL6XUXDfldx8KdvnPO4+Po7u2xZPDyp36MvKVvLTybELZyH2cWFCx4Zi8XdA7eAQNo9Op6YX76rzuausr7a7M/qHLcnVOd+Fnpx32onr6pTpsXVjawDe8hNPILJaiWka49al7X3m4+JenAMwR27YjKbcQ+q5zx+a6sm269chsHfT9yDi28AF45/s1rl7pv+GeEDh9Hk6usxu7pi8fAk5KLe5RZ/8MdvaTvqSXwimmN2c+OCh54BIGH5yRY/lZ3H+779hCaDryOs/yBMFgt+LdrQYuS9HPplFgAWV1dyE4+QeWAPAL6RLXEPDqlwdSu7jlb3/Gh9zyPOVqoNL7uK1OPJu+yYAxxb/xednn4Fi4cn7kH1iHrgqQpjOd36KrL3mylEPfg0ATvReMsAACAASURBVK3bYTKbCes/iOBOFxG3cN7xbVb9Y1pERERqRi2wTlPmvt1sfe8l0nduxV5YAIaBLScLR0GBs8l8aR4hJVsOuYfUdzbPt2VnseWt50lcvRRbXi5mswV7bg6FqcVJg9yjCfiX+uXXq2F4pTG6BQSV+Nvi7o4tO7ta9ZXnndWJTN+cwrFcGxaTieS8ItoeH4j7UFohfSN8Ko2npn7bU9yl7GBaAQA5RXZalJNIqsjBtAKGz9zDOwMbc2nEyWRaZeUeSivEYoJmAVXXczizgIgAtxO9mwCIDHTjcEZRifmCPU+ebh4uJrIKHM74TMDAb0omDT1dTCRmFdG+uSfTr4vkg7VJ3P/LIdqFePDMJWFc1dKvTCxxmUV4u1pKJGoiK1mHke2DSMqxMXr+YfamFnBphA+v9g+n9fEkVpCntURXzfo+LiRmF2F3GKe93hVp6n/yvAn2suLlauZIViEtg0uux8G0QrYdzSUq9mQ30QKbQcTx1n2vXx7Oi8uOMHzmPrIL7AxvG8ir/Rvh615+KyxX/8ASXfvc64WSf+woht2OyWJh95fvEzNnFvlpyZjNFvLTUvArNfi2Z2iDEn/HL/uDXZ+/R87hQwDY8nLwaRpZ6fp7hJwsw+LhhcXDq0SLB6unJ0U5Wc6/K4ur6ZARFKQcI/rVZ8iK2U9I90voMPoFfCNbVhrDCZVdO0rLTTiCyWItcT3yDo84Pi3OmbTyDC2bUD2T65wdF4NX44hqjT+Wk3CE0B4lB6D3CY8gbffJgdDd/EuO02Zx96AgMbX88uIOkXfsKL8NPGXsQsMBJhO2nGysXlWPP1dZfbXZn9U5bk+ozv3Mo9QxXpWqyuz10Ux2fPgGfwztiZt/AM3+czut736k5mW5upIbfxjvps1rFF9VarL9yhM9cRzZMQfoN/2PEt1OKys350hshQmrEgyD3KPxeB0/z6B4jCyvsHByEo4436vsPM6OiyFj93aObTh5zDoKC/EKbwpAh6deZvv7r7Lqvzdiy8mm0cChdPjf887WXaVVdh2t6vwoL16ruztFx6flJsZj9fQukUDzblxxa97Tra9chkFOXAzb3n2RHR+97nzblptD0PEkYU2OaREREakZJbBO0+r/3UnDSwfS/fVPsLh7kLZzCwuG9cIwjAqXyY49UOZvj9AwALZOeonMmP30m74At8DiD1U/dW0Mx8vzDG1A7pHYEsvnxB/Gv5YDKVdVX2lzdqbxzl+JLLi1tTPJMXzmXk7M3TTAtcJugWZT2TGrvN2Kkwn5RQ7n/5Nzbc7px7JtDJ+5l59uaMHAFn6YTTDp76N8ty2lWuuXnmfj6ml7uLdLCLd1OjlOV1XlNg1wxW7AwbT8cltdnSrc142Y9JLxHEgtINyveoMbN/EvbrGz7PY21PMu/5Qc2iaAoW0CKLA5+Do6metm7eXok53wcSuZjGnk60J2oZ2sArtzWmK2rbwigeJB70f3rM/onvVJy7Px5ILD3DP3ACvvKh4/5Wh2EdkFdue+2Z+aT31vFyxm02mvd0Vi0guJPL7Nk3Ns5BQ6CPMpOwZWE39X2gR78N6g8scCC/K08u5VTXgXOJCaz43fH+D1PxN4qV+jcufPT04qkWTIjj2Ae71QTBYLRxbOY/cXk+n71S/OZMGq/95Y9jw55RgvSElm1X9vpNeHM2hwyQBMZjO7v/qQw7/9wJlSVVwmi4XWdz9C67sfoTA9jejXx7Humf/Sb9aiMxbDCZ4NwjDsNnITj+BZv/h6ln08cefZ4JRtXs51oCaqWmfvRk049OO3GA5HlUksrwZh5MbFlHgv+/AhvBqUf4xUxSusMd5hjRn465paLV+VyvanyVR2Xat93B5XnfuZqYb7r6oy/VtF0WPSV2AYHNu4hhX3XIt/6wuo36tfzcoymfBsGE52zP5yW7yUdyxYvbxwFBSUeK8gLQWrpxdQ8+1X2r4ZnxP76w/0/24xVu+TP+xUVa5XWGOyY/ZXXYHJhGdoQ3LiYpyt4gyHg5wjh/FqEFatGL0ahuPXrBWdJ7xZ7nS3gEA6j3+DzuPfIDv2IKsfvZ1dn75Du8cnlDt/ZdfRqs6Pqro3e9ZviC03G1t2lnN75iUnVTj/6dYHQOnj5vhx1mH0CxU+gKEmx7SIiIjUjLoQnqbCjHT8mrfG4u6BYbOx58v3q1wmdesmDs2egeFwcGz9amLmzCLimhuLy8tMx7tRY2cyaf+MLyjKPPkhq+nQGzg0dxYp0cVjzBz+/WfnoLS1ir+K+kpLy7cT4G6leVDxr/GbEnJYtP9kd777utTj++2pzNqWQqHdILfQwfLj3Qs9Xc34ulnYc0qCK9TLhUa+rszbU1xnSq6NLzYcc07PLrLjMAw61PfAbCo7vTJFdoPrZu2nUwMvnru05If5qspt7OfGoJZ+jJoXw+GMQgwD9iTncyC1bHJuSGt/UvLsvPVXIoV2g53H8nnrr6Pc0alemXnL09jPjSGt/bn3l4MczigEIC3PxvfbU7E5DPYk57Nofwb5NgduVjP1PF0wAZZyvkhGBrrTs7E3b/xZ3GXL7jB4e3VChXUvP5TJ5sRc7A4DHzcLfm4W52D6AAbw5MLD5NscHM4o5JUVCc4B+093vSvy0vJ4jmXbyCty8MSCWLo38irT+grg/q4hfLMlmdk70yiyG9gcBluP5rL6cPGv5z9uTyU2o/jLaZCnFQ8XU4l1K8MwiH59HPb8fHIT4tjx4RsnB2nPTMfV1x+fJsW/9qft2Ezin0srXY+i3GwMh8PZzaQgLZWD339dm01SoariSlqzkrRdWzHsdly8fXA93qXubPBuHEFI155Ev/oMRZkZFKanEv36WOpfMqDCh1rURlXrHNZvEA67jS1vPIstOwvDZiN54xrsebllyooYPpKYeT9wdPUyDLud+KXzObL4V5oOLzu+VXWE9RtEUU422ye/ii07q7i1Rvxh4pfOr93KllLZ/nQPCSU/NZnC9DTn/DU9bmtzP6tKZWU6Cgs5NGdWcSLBZMI9qB5mq7Xc8cqqE1/zkfew44OJpGxeD4ZBQUoyqds2AcUtnbNjDxQ/IfS4gLYdydi/y5loTduxmYRVi0/WV4vz/oTEFQvZ8tZz9Joyq2QCtxrlRt54F7G//0zsrz/gKCzEnpdL0ppV5dYTMXwkOz9+k+yYAzgKCtj+/mtgGDToc0W14mx+090cnDODuAW/4CgqwrDZSN+9neTj4zYd/n02OfGHgeLWgRZ3d0yWSq4hlVxHT/f88G7SjODO3dn52bvFVdnt7P7ivQrnPxPno3u9ULIO7i3xXotb7mfruy+Quj0aDAN7fh5Ja1aSffhQlcf04d9/Zv/ML6tdv4iIiJSkFlinqesL77LptbHs+WYKFhdXwq+6lkNzZla6TPiVw0n8cwkbX3oSVx8/2o9+nvq9+wMQ9cAY1o65nwXDemP19KRB34F4NjjZJad+7/60e3Qcqx+7ncLsTBr2uZzwy4eWGHenJqqqr7Qb2wWy5EAGHT/cRrCnlVbBHlzR/GRXtq5h3vx8YwueW3qEUb/E4GYxMbxtIH2aFv9a+mr/Rtw95yC5RQYPdw/h2b5hfHVNBI/8Fsu7q48S7GllUCt//tibAUBEgBuv9A+n/9e7qOfpgr+HhSGt/as1Btb2Y3ksO5RJqJcLTd7a7Hz/oe6hjO5Zv8pypw5vxrhFR7jk852k5dtp6u/KJ0Oa0qxkDx+CPK38fktLnvgjlldWxBPgbuW2jkE81qP6X9q/uqYZLy2Pp99Xu0jKsRHkYeWSpt4MbxNAvt3BhKVH2JWcj9lkoqmfK9+PaIGna/n55+nXRXLf3EN0+3gH/u4Wrm0bwE870sqdNz6riAd/jSEuswg3i4lODbyYcvXJ7ihN/N1o6u9Gi3e3UOQw+E/bQMb3bXjG1rs8N7UP4pIvd5CUY6N7I29mXl9+l6AuDb2YfWNznl8az71zD2JgonWwG8/0Lk5WrjuSw+g/DpNeYMfLxczAFn480bPi2LzCGuMV1oR5/dtj2IoIHzicqAfGFG+Hwf/h6OplzL+6O24BQfg0a0mDS/pXuh7e4U3pMPp5lt42CLeAYFz8/AnrP6jKMbBqoqq48pIS2PD84+QmxmNxdcW/bUe6vDj5jNVf2sXvfMWmV57m1ys6YzKZqN/rMjqOefWM1lHVOrv4+HLp18VPQ5vXvz0Ou52AVlH0nlJ2HKqQ7n3o+uIkNr74JLmJR/AKa8zFb35OcMeutYrNxceXS6fOY8tbz/HrwAux5eXiGdqQiOEjaXjpwFqv8wmV7c+Ath1oPOhafr2iE4bdTs/J39T4uK3N/awqlZZpGMTMnUX0q2Nw2Gy4+gXQ+u5HCenep1bxtbr9AUxmC2vH3E9OwhHc/AOJ+u+TBF7QiaZXjyB+0TxmX9wMw+Fg2J/78IloTrvHJrD8rmF4BIfiGda4xH6qzXl/wr6ZX+AoKmTV8ad1nnD10u1VlhvU/kJ6fziDbe+9zLpnH8Xi4kqjgUOdT7k7VdtRT2A47Cy7fQiF2ZkEtGlPny9mV9jFr7TAdp3p/dFMtk9+hXXjHwQDfCNa0HbUkwCkbt1A9GvPUJiVgdXDkwaXDKD1PY9WWF5l19EzcX70eOcr1o5/iAXXXIKLrz/hA4cS98eccuc9E/W1vvtR1o97kH0zvyAwqhN9v5pDq9tGYXVzZ+2YUeTEH8bq5k5Au050evq1Ko/pxFWLyY6LJfKGih+8IyIiIhUzGZX1dfuHJLSqvEtCyMaaDdhdl216+SlsuTl0ffn0f9k+YcnIgTS6Yhgtb73/jJUpMmdnGk8ujGP3w+3OdShn3ZGF84h+fVyZJ7iJiEj16DoqIiJy/rJv34Brt75Vz3iWqQvh/0Nxf8zFUVCAYbdz8OfppGzdSKMBg891WCIiIiIiIiIiZ4W6EP4/dOCnb1g3/iGg+Clfl3w0s8wYGyIiIiIiIiIi5wt1IRQRERERERERkXKpC6GIiIiIiIiIiEg1KIElIiIiIiIiIiJ1mhJYIiIiIiIiIiJSpymBJSIiIiIiIiIidZoSWCIiIiIiIiIiUqcpgSUiIiIiIiIiInWaElgiIiIiIiIiIlKnKYElIiIiIiIiIiJ1mhJYIiIiIiIiIiJSpymBJSIiIiIiIiIidZoSWCIiIiIiIiIiUqcpgSUiIiIiIiIiInWaElgiIiIiIiIiIlKnKYElIiIiIiIiIiJ1mhJYIiIiIiIiIiJSpymBJSIiIiIiIiIidVqdSGBZIlpVOt22eQ3Ybf9QNCIiIiIiIiIiQm42uHuc6ygAMBmGYZzrIPJ/+47M957FfnB3udNdL+qL57V3YGnQ+B+OTERERERERETkX8rdA0tYBJagkHMdSd1IYImIiIiIiIiIiFSkTnQhFBERERERERERqYgSWCIiIiIiIiIiUqcpgSUiIiIiIiIiInWaElgiIiIiIiIiIlKnKYElIiIiIiIiIiJ1mhJYIiIiIiIiIiJSpymBJSIiIiIiIiIidZoSWCIiIiIiIiIiUqcpgSUiIiIiIiIiInWaElgiIiIiIiIiIlKnKYElIiIiIiIiIiJ1mhJYIiIiIiIiIiJSp1nPdQAnxMXFER8fT25u7rkORURERERERETkX83T05OGDRvSqFGjcx0KUEcSWHFxcaSlpdK6dSu8vDzPdTgiIiIiIiIiIv9qOTm5xMTEANSJJFad6EIYHx9PkyZNlLwSEREREREREakDvLw8adKkCfHx8ec6FKCOJLByc3OVvBIRERERERERqUO8vDzrzFBPdSKBJSIiIiIiIiIiUhElsEREREREREREpE5TAktEREREREREROo0JbBERERERERERKROUwJLRERERERERETqNCWwRERERERERESkTlMCS0RERERERERE6jQlsEREREREREREpE5TAktEREREREREROo0JbCkTiu02Zn4019MX7H9XIciIiIiIiIiIueIElhSp93/0W8s3nKIKzs3P9ehiIiIiIiIiMg5Yj3XAYhU5qtHhgEmHA7buQ5FRERERERERM4RJbCOe2HWSl74biWB3h7Eff4wrlaLc9pnC6O5f8pvuFotxH76EMG+nkxdupU73/8FgFA/L2I+fQirpWSDNofD4Mslm5m6dAtbY45RaLPTKMiXKzo1Y8KI3gT6eHDh/z5j86EkbuodxdRHhzqXNQxo/eBH7E9MA+DdOy/nwUFdnNPTc/IJvvVt598mINDHgwsa12Psdb24rH3TStc3M7eAt+asYc7a3exPTMPFYiGyvj/XXtyGMdf2KDHvXe/P4+ulWwC45qLWfP/k8DLl7Y1P5Y3Zq1m85RAJadn4eboRFV6PBwd1YdhFrZizZjfXvv4jALvev5/mDQIBWL49hn7PTgNg/Zt30TEitMS8pf06bgRXdIqsdN1ERERERERE5Pxy3iWwvl6yhbs+mFfh9CFdW/LTmOvKvH9n/0689P0qUrPz+GXdHq69uI1z2tRlWwEYdlFrgn09Afhi8Wbn9KMZOcxbv5dhF7VyvmezO7ju9R+Zt34vAE3q+dEsNIDDyZl88Pt6bunbjkAfD4pTT2AymUrEs3TrIWfy6kR9pyawTtW+SSgNAr1Zvy+e5dtjWbv3O/ZPeYAQP69y549PzeLS8d86y2/XJIRAbw92H0nh1R//LJHAysor5Ie/djr/nrd+D0kZOSXKXrYthiEvf0duYRHuLlY6NasPwIb9CXy5ePPx7VJy/U4q7/2T73WMqI+by8lkor+XRwXliIiIiIiIiMj56rxLYN12WXumLtvC8u2xZab5ebrx9p39y12uUZA3l3eMZP6mfXy9dKszgbUnPoW/dh0G4K7+HQHYfSSFVTuLy+/avCHr9sXzhTNRU+zThZucyauXRl7GM9f1BgxMJhObDiQS6ld5IubzRcUJsi6RDVm/P54tMUdZtzeBri0alJn3ocFduat/Z1buiKXP2K/IK7Sx43ByhQmsx79YyP7ENFytFn4bP5J+HYpbaxmGiQXR+0vMO2PldnIKigj28cTbw5VDSelMXbqV0cO6A8WDrN82aS65hUU0rx/IgudvISLUD4DcAhvr9h6pdD2r8v2T1zlbawHY7XbAOK0yRUREREREROT/l/NyEPe37hhQ7vuPDO5G0xD/Cpe7q38nAP7YtJ/41CwAvl5S3PqqaYg//Y53yzvR+qp1WDAv3NTXuUxccqazrJ9W7wKgRYNAxgzvgcNRhMNhw24von2TYEL9PSuMIzUrj9lripcffc3FXNQy7Hi90eXObxgGhUWFbDmUCICr1ULrRsHlzltkc/DLuuLE2q2XduDSduHY7TbsdhsORxEDOjQpMf8XxxNp1/Voy4heUQB8eUrrs793H+HI8W313I19aRzs5SzPzQq92jQqE8MNb/1Mz6e/oufTX/HgJ/Mr3A4A/3n9e7o/+ZnzX15hUaXzi4iIiIiIiMj557xMYHWMCOXWvu1KvNeknh8PD+5a6XJXd21OiJ8XdofBt8u3YXcYfHO8++Cd/ToBBkU2h/O9G3pfwGXtmhDs44ndYfDVki3OshLTcwCOtx5ylKqp8hZE3y7fRoHNjpebC4MubM4NxxNHM1duJye/bALn3g9/xf3613jo0/k0CvLll7E3Ut+//NZXaTl5FNjsxbHVD8AwSsZy6t9bDiWxfn88ACN6tWVEr7YA7I5PYeWO4lZpR4+vJ0Dk8ZZXVa1r9MGjrNkTz5o98eyMS65oM5SZd82eeOyO0ttSRERERERERM5352UCC+DtOwfg5+nm/PvZ63vj7+Ve6TJWi4lbL+0AFI+ltTD6APFpWZhNJm67tDgh9su64jGgAK7v2QaL2cS1PYq7G361dAsn8j/1/b0B2JeQWuPYv1xS3MLp6q6t8HC1cF2PNphNJrLyC/n+lPGoTujROpx+7SOwmE3EpWSyenfZ7pMnBHh54HZ8gPq9VcT2+aLiFl8NA3zo2boR7ZuE0DqsuGXXiZZZ9QO8nfNXVZ5zvo8ewpg9AWP2BJa+dFu15zVmT8Db3bVadYiIiIiIiIjI+eO8TWD5e7nz7PW9AegT1ZjbLmtfreWc41zFpzD6q8UADOzcnLCg4kTNqYO3t33oI6zXvsLHf2wA4FBSOou3HARg+PExtPYmpDLxp784taHTlkNJJVounWrNnni2xiQBMHPVNqzXvkL43ZNwHC/g1PpPuKNfBxY+fwtv3H45UPxExY37E8st38Vq5upuxWN1fbNsC8u3xzinGQYs2lwcf36hjekrtgEQn5aF639ewXrty+w6Utxi6ofVO8jIKeCilmE0DPAB4MXvVhKTlOEsL6/Q5mypdSq7vcj5z+GwlxtnefPa7eo+KCIiIiIiIvJvdN4N4n6qR67uxnu/rqtwTKzytGjgT682jVm1M9aZrDkxNtbh5EwWRB8A4KKWYc5WVgB/7jxMclYuny/aTP8OEdx7eSd+37iP3zbsZey0ZXy6MJpmof7Ep2az60gyf0+8g9ByuvmdSFD5ebrR94KmzvdTsvJYtTOWv3YdZufhZBoEnqzbMAwcDhsPXHkhH/y2lv2JaYyfvpxfx48odx3fufMK1u+L51BSOv2fnUa7JiEEeHuwLyGV9Jx8MqY/wU9/7yYtJx+AQRe2wGoxH68Lflm3m7xCGzNWbuf+gZ35+tFhDHl5BnsTUol6+GM6RoRiNpvYHnuMnq3D6d02vNrbv7Qb3vq5xFMIHx9yUYknRIqIiIiIiIjI+e+8TmABbHjrriq7DpZ2z+WdnE8ZDPXzYnCXSAC+WrIZh2Hg5+nGguduxsfjZBfF9+at5dHP5zNn7W6SM3MJ9vVk7jM38NmiTXy9JJptMUkkpGYRHuzHA1d2pVloQJl6c/KL+G7VdgAeG3Ixz464xDmt0Gan6T2TSEzP5ovFmxn7n55llreY4dkRfbht0mz+iN7Pyh2Hy00eNQjwYNM79/HGz38xe80u9sSn4mIxE9kgkAeu6gbAl8cHjO97QVN+GXdjieWHv/Yds9fs4ovFm7l/YGcua9eYTe/cz8SfVrF480E27E/Az9OdTs0acNeAzjXa9qVFHzxa4u+j6bmnVZ6IiIiIiIiI/P9jMkqP4n0OLFu2jN69yyZkzhWTyYzZfLLVz4mua6e+X7o7W0XTit83Aybne4bhcHads1isgMn5nsXiAoDDYccwSg5YfmJaZfOWjMNGZQPGm80WTCbTKbEZOBwODMOB2WzFZDI5W3eVXM56fDnjeB2nlneyV6phGBiGHcMwMJlMmM3WcrbPqe8Xx3vqe6WVt11ERERERERE5OxYufJP+vbte67DOP9bYNWGYTiw28smSSp6v7bLACUSQMV/VzzOU+lp5c1bVX2nqmz8qdJJq+pMKy6v/DINw6gg3rLvVzSviIiIiIiIiPw7nbeDuIuIiIiIiIiIyPlBCSwREREREREREanTlMASEREREREREZE6TQksERERERERERGp05TAEhERERERERGROk0JLBERERERERERqdOUwBIRERERERERkTpNCSwREREREREREanTlMASEREREREREZE6TQksERERERERERGp05TAEhERERERERGROk0JLBERERERERERqdOUwBIRERERERERkTpNCSwREREREREREanTlMASEREREREREZE6zXquAzhXsrKySE/PIDU1lfT0dNLTMygoKDjXYYnUWW5ubvj7++Hv709gYCD+/v74+Hif67BERERERETkX+Bfl8DKyclh/foNZGdn4+fnh5+fH82aReDr64OHhweGYWAymfSqV72Wei0oKCA9PYPMzExiYmLYsmUL3t7edO3aBU9Pz3N9aouIiIiIiMh57F+VwNq1azd79+6je/du+Pr6lJluGIZe9arXCl7d3NwIDQ0hNDSEEzIyMlm0aAmtWrWgVatWiIiIiIiIiJwN/4oxsGw2G4sXLyE7O5sBAy7D19f7+Jdyo9QrFbyv6Zqu6eVN9/X14Yor+pGZmcWSJUux2eyIiIiIiIiInGnnfQssm83G8mXLad2mFUFBgRR/+S6eVvbVqOB9Tdd0Ta9sert2bUlOTmH58uX07dsHi8WCiIiIiIiIyJly3rfAWr58Ba3btCIwMAA49Uu4XvWq1zP5GhwcRMuWzVm+fAUiIiIiIiIiZ9J5ncDatWsXvr4+Sl7p9V/3WlBQwNSp3zJ79lwcDsc/Vm9wcBDe3l7s3r0bERERERERkTPlvE1g5eTksHfvPqKi2kCFY/rU7deMjHT69u1P3779+f33+ec8npq+Lliw0Bl/cnLyWa0vPb3ktqoL638mXt999z369u3PiBE31XC5yfz008907NgRk4l/NO527dqye/cecnPzKj1HRURERERERKrrvE1grVu3nm7dLuRMfjl/5JH/cemlA/jPf27E4bCXSTb1738ll146gEmTJp/BeouZzeazmnS49dY76dt3AG+//e4ZK9dkKnl4ne3kyanbqi4kn87E64ltaDKZqr3cb7/NZ+3atXzwwfs0bRp+TuLu1u1C1q1bh4iIiIiIiMiZcF4O4p6VlUV2dg7e3t7HkwAnvvybKE6s1O7vwYMHs3nzFo4dS2bDhk106XKhc/qiRUuw2WwADBo0+IzU5+vrx9KlizGZTDgcNorzWbUvr6jIhouLtdzpJpMJwJkwORPxn8owjNOOv6b1nfnyz8Xfp65T9bbf4MGDGDZsGAUF+TgcjnMSv4+PN5mZJ85DL0REREREREROx3mZwEpPT8fX1wfDcBxP/hjHu1E5SiQ7ajq9V6+L8fDwIC8vj0WLFnPhhZ2c0xcuXAxAZGQkkZERfP31VJYvX8mxY8fIy8vH29ub9u3bcd99d9GwYUNn+XFxcXz99bds2rSZrKws/Px86dmzB48++hDp6WkMHz4CgCef/B9XXDEAk8nE+PHPsX//QdLT0ygqshEUFEivXj25/fZb8PLywjAM7rzzXg4dimHAQKadfQAAIABJREFUgH4EBwfz22/z8fLy5NtvvyqxftnZOQwdeq1z282d+wtz5/4CwLRpX9GgQQP27t3P1KnfsHnzVvLy8qhXrx59+vTmlltuwsPDA4ejuOXN1KnfMmfOLxQU5NOzZw+ioqJK7BfDcPDnn6uZMWMW8fEJ5OTk4ObmSmRkJDfffJNzexqGwcyZ3/P77/NJSjqG2WyiXr16dOjQnscee7jc/VOynpP1TZjwQrnb6o47bsXDwwOTycSff65m2rQZHD58mMLCIgIC/ImMbMZjjz1MUFBQhcfHunXrmDXre/bs2UtBQSEhIfW44YbrGTToSuLi4nj77feIi4sjIyMTk8lEo0ZhDBp0JddcM9QZn2EYzJkzj/nz/yA29jAmk4nw8EY88siDtGnTusR6rV27lilTPiUx8SgtWjTn8ccfoUmTxs74Vq/+m5kzv2Pv3n04HA4iI5tx88030r17d2f8s2b9UMl2Pb3zo/R0X18f0tPTlMASERERERGR03ZediFMS0vDz88HKP5SfbJ704mWQEaJL+HVne7q6kK/fpcBsGLFKvLy8jAMB7GxsezevQeAq666EofDztat27HZ7FxwQTu6d++OYRisXLmKJ554hqKiIgzDIDb2MA888AhLliwjPT2dsLAwTCYTGzZsKtOi6NSWUWvWrMPX14cuXbrQqVNHUlJS+fHHn5k06X1n7CfmX758JTNnfoeHhwdubu5l1s9sNhEVFYWrqysAAQEBREVFOd87cOAADz/8GKtW/YXNZiMsLIyEhARmzvyOsWMn4HDYAYM5c37h66+/IT09HVdXN9av38Ann3zmjP9EfYcOHSIpKYnIyEh69OhBQEAAW7Zs5ZlnxhMTE4thGCxfvoJPPvmMhIREOnXqRIcOHSgsLGTVqr+q3H+n7kOgwm317ruTAUhOTua5515k585dRERE0K1bN7y9ffjrr7/Jzs6t8PhYvHgpTz01lo0boykqstG4cWMyMjLZuXM3hmGQlpbO7t17CAsL4+KLL6Z58+YcOHCQyZM/5Ndff3eWN2nSZCZP/oC9e/fh5uZGgwYNOHQohvj4+BNrA0Bqahrjxj3H0aNJ5Ofns3XrNt588x1nfAsXLmbs2GfZunUbzZtHcsEFUezcuYuxYyewYsUKDMNgxYqVlW7X0z0/Sk/38/MhNTW1/JNUREREREREpAbOyxZYaWnphIc3PCWpcaKFSEVLVH/6FVdczrx5v5Kfn8+KFau4/PL+LFiwCACr1Uq/fn0xDIPnnptAQEAAqamp5ObmsG/fAcaNG09CQgI7duyiXbsopk+fSXZ2DlarlcmTJ9GuXTtMJti1a88pXe5OxnBifWbP/glvby9SUlIpLCxg7tx5TJ8+gxUrVjF69GNYrVZOJD7sdjuffDKFtm3bUFBQgMNhK7FmHh4eTJnyISNH3kJsbCyXXNKb0aP/B0BBQR5TpnxKfn4+Hh4eTJv2LSEh9fj++++ZNGky0dGbWb9+I126XMisWd8D0KJFC6ZM+RCLxcJDDz3M1q3bSsQ/ZMhQ7rjjDrKzs8nMzKSwsIj77htFbm4uK1f+SePG4cTGxgHQqlVLXnrpedzc3DCbzcTFxZVJ7J0ou/TfpbdVamoqBQVlt9WRIwnYbDZcXV154YUXCA4OxGQykZqahsViOqXbXsnj49NPPwegUaMwPvjgfYKCArHbHRw4sB/DMGjevDnz5s0FIDU1BbvdzmuvvU509Gb+j737Do+iWuM4/t1NIyEhIbQAAUIJoYqCEDqhNwVBmnItCBauiBRFRaRcO1XBggiCCKKIVEGlN4VQlBZ6SSAJHUJ62d25f4SsWZJAUDQx/D7Pk2edOWfOvHNmdnVe55zZuHEzHTu2JyoqmhUrVgHQvHlzxo0bg4uLM7GxccTEXHW4BlJTUxkx4iW6du3KlCkfsGjR94SFHSQpKZlChQoxa9ZsALp1e4hhw4YCBhMmTGL58hXMnv0VzZs3zbZfTSYzUVGR1/ss24s/2+PPTbmXlxeRkWdz2khEREREREQk1wpkAism5ho1alS9vpQ+N0/6MCcTmefESp/36fbKa9SoRtmyZYmKimLdug20bduKdes2ANC4cSMKF04fLrVu3Vrmzp3HlStXs8R39WoMhmFw+PARAO69916qVq1CcnIChmEQEFDu+pNNWVksFqZP/4w1a9aQnJziUJaamkpcXBxFixa1r6tbty6VKweQmBif4/GlpCTa6xuGjZSURHt5xpNlderUwdu7MElJ8YSENL8+UT0cP36CatWqcf78BQCaN2+GYVhIS0ujVatW9gSWzZbefnj4SYYOHcapU+FZju3KlfSkTd26dZk9+0vCwg7Srl1H/PxKERgYSOfOHfD19cnx/GRmGAY2m43p06ezZs3abPsqPj6eypUrUbRoUa5evUq3bt0pVsyXSpUq0qRJYzp37pjt9XHlylUuXLgIQMeOHShc2J2kpAT78D8wiI+PZ8yYcfz22x5sGQd/3eXLlzEMw963AL169cBqTcViScHV1YmSJYs7bOPu7k7Hju1JTIyjatVA+/pr12JISHC1x7NkyVKWLFnqsO3p06dJSkrOtl+rVg2kU6es/fpnvx+Zy729vThw4FCW8ywiIiIiIiJyuwpkAitD+vCmjJvsP5Ydhz/dXrlhGHTq1IHPP5/Fb7/9zpo167lwIT1506FDO8Dg5MlT9iFqrVq1pFmzZsTGxjJlygcAmZJTGZN0G/aheOnJAGum/Tsez8qVP7JixQ8APP74YwQGBrJ7926WLl0GgNXqOJzO17coVmvm9nI+vj/2c2N55hhNpKWl2euaTGaH/Tk5/bFsNjtOQm6zWRk79i1iYmIIDAykV68eFCrkzoQJE4mNjbUfb40a1Zg+/VN++uknjh07xqlT4WzatJktW7Yyffo0KlaseNP4M/zww0pWrFiZY19ZLFa8vQsxc+YMli5dRljYQSIiwtm5czc7d+7GZrPy4IMPcOP14XhMNnvcmcs//ng6u3b9hre3N/36PUmxYsVYtGgRe/fusyfbTJmasljSspyfzMfl7V0EiyUVMF1/y2LGucKh/xs0aOCQ4MqsRo2gLP26ceNmNm/O6NcA/ur3I2u5iIiIiIiIyF9XIOfA8vHx5tq1OCDzHD22G5ZvnMMn9+Vt27ayP2Xy0UefAOlzR91/f10Mw0Z4+Gl7LAMHPkOLFk3w8so8kXV6+zVqVAdgz569HDx40N7+8ePHswyVy1g+dSoCgLJly/LUU0/QuHEDHBM4NofljKdkbnV8hQq5AZCUlORQnjGR+N69+7hw4SKGYWP9+o329gMDq+Dp6UGpUiXt9TK237Nnj0NcV65cJSYmBoDevXvSpk1LqlatTHx8fKbjtHHuXDR+fiUYOnQwn376McuWLcbZ2RmbzcaxYyduen4y91fGeShbtiz9+j1OkybBWerFx8eTlBRH//5P8MEHk1i2bAm1a9cC4MiRY9me/2LFitqP98cff+bKlSsYhg2LxcKpU6cAg/Dw9CfMmjVrSteuD9CoUX1iY2Md4qtWLci+/P33i6/PjWYjPj6Oc+fOZdS8Xv+P/kk/x3+0U7y4LyVKpD+x5eLiTP/+TzJgQD8GDOhHly6dqFKlEq6uLpw7dxY/v+LX+/WTbPr1znw/MspjY+Pw8fFGRERERERE5K8qkE9g+fj4EBcXR4kSvkDmJ4pu/ORPlRct6kP9+vezY8dOEhOTgPS5sTKSDYGBgZjNZmw2G++9N4HAwMqsWvWzPb6MeZX69n2EX375lfj4eIYOHUHZsmVISkrG1dWFOXM+zzaJVb16ED/8sJKoqCgmTZqM1Wpl9ep1Weplt3yz4ytfvjxHjx5j3boNhIdHULSoD2+9NZa+ffuwZUv6hPUDBjxH8eLFOXMmfS6lunXrUrfuvdhsVh555BE++OBDQkN3MHz4K5jNTteTWX/w9U1P/Jw/f4G5c78iIiKcTZu2ZIknNHQnn376OZUrV8LXtygXL17EYrFgMpkIDKyS4/lxPN70BNGKFel9NXnylGz6yuDy5csMGDCQgIAKlCpVEovFyoEDYUD6XFHZ9ZvNZuO5555l3Lg3iY6O5okn+lO6dGkuXrxE06ZNGDbsBYKCgjh9+gwbNmykSBFPjhw5SkTEaft+wcDPz4+HHurK0qXL2LLlF/bu3Y+vb1Gio88ydOgL9iRZ1vPosBqbzcYzzzzN22+/yy+//Mrjj/ejXDl/zp+/QHh4BPXr16Nx4+Db6Ne/9v3I+Lx2LY6iPj6IiIiIiIiI/FUF8gmsokWLEhub8QRWTjfff/7TMAw6dGjvsM+2bVvby/39y/D6669RpkwZ9u7dx++/72XIkMEO9Q3DoHTpUsyY8Slt27bBx8eb6OizGIZBgwYNsiRlMpJj7dq15ZFHeuPj48OaNeu5di2Ofv2edGg3u+1udVyPP/4Ydercg6urK8eOHbc/kVO2bGmmT/+EZs2a4uzsQnT0WUqXLk3fvo/y3ntvY7WmTwr/4IMd6dfvCXx8fDhy5Bju7u48/fSALHG99dab1KhRnXPnzrN27Xr69OnjkKhJnwA9kLp17+PSpcvs2LGLs2fPU6NGDd56639UrFjhpseRuZ327dvSp0/OfQVQpEgRWrVqSVqahb179xMWdpDy5cvzzDNP07Vrlxz307x5E6ZMmUS9evVwcnLmzJlIvL29qVWrBgDPP/8czZs3w2azsXLlT1SsWMn+BsuMdgzDxuDBzzNs2BACA6uQnJzMuXPnqVgxAH9/f7KTU3KyVasWjB//Hvfeey+XLl1m587dxMcn0LRpE/tx/JV+/TOfsbFxFPUtlu1xiIiIiIiIiNwOk5H9a93+URs3bqRZsyZ3rL24uHg2bdpE06YN+GOOnsyfGW5cn/tyZ2cX3Nw87DWTkuLsc0RllLu6umEyOWGzWUhLS7XXT0lJxGJJAwxMJidcXd1wcnKxv8nNak0jJSX9ya7Chb0zbZM+B5KrayGcnV0xmcBqtWC1WnB1dQcgMTEWwzBwd/fEbHbCYkm9Pkn7zY/PZHKiUCF3zGYnMuYxSky8RvqcSyZcXd1xcnICzNeHy6WRmprk0K6rqxsuLulDEbOPy4bZ7IybW/p+DMNGamrK9X4yY7GkkJKSjNnshKtrIcxmMyaTGUifkD01NdmeMMt6fswULlwkS/+6urrj7OyCyWS6HpMVV9dC12O6Zu9PJyfn68Mt05MvaWmppKUl3/T6cHJywsWl0PV+MWEYVlJTU7FYUjGZTLi5FcLJyQUwSEtLw2Qy4ezsimHYSEyMs7fn4uKCs7ObfW4rm81GSkoSNpsFV1cPXFwytokFTA7XXka/gimbeGzYbFbS0lKwWq2YzWZcXd1v0q937vsBsGXLdlq2bImnZ+bhsyIiIiIiIvJvsmXLL4SEhOR1GAVzCKGXlyeenoWJi4vH07Pw9fmqbDd8Gjmsz115WloKFktqpnrGLcuzq2+zWUhJsWbTTvpnfPzVLO2npiaRkpLosD41NdlhOTEx9hbH4bjeZrOQlBSf7fHYbCaSkrJ/i2HmdlNTk0lJSbppXFZrGklJlhv6JcVh2WYzSEqKy2F/Oe3fSkJCTJbylJREUlMdt0tLS3bYPvNbF292fDf2n9VqYLFkH6fNZiM5OWu7yckJWdpPS0slNTUl23ZSUhJITU10qG+xpJKWdmN9203jyX2/3pnvx7VrsRQpUkTJKxEREREREbkjCuQQQkh/G9tvvx0A/p5hhPrUpz5z/vz99zAaNGiAiIiIiIiIyJ1QYBNYHh4eBAVV5fDh40D6TbVhON5ka1nLWr7zy4cOHaNGjWq4u6cP1RQRERERERH5qwpsAgugWrUgEhOTuXLlKpA+aTaQw6fKVa7yv1p++fJVkpNTqVo1/Q2OIiIiIiIiIndCgU5gAbRo0YKTJ89w+XIMkH6znf6kiO2GZUPlKlf5Xyi/ciWG8PAztGjRAhEREREREZE7qcAnsJydnWjVqiWnT0c7DCfUpz71eec+Dx8+wZkzZ2nVqjVOTgX+Z0VERERERET+YXfFnaaTkxOtW7eiWLFibN26k/j4BGw2AzDsN+Fa1rKWb3/52rU4tm7dQfFixWnVqqWSVyIiIiIiIvK3cM7rAP5J1apVp3z5AHbs2EFsbCxeXoXx9PTEy8sDT8/CuLm5YjKZ+GN4FIAJ+GNZ5Sq/W8uTk1OJj08kLi6euLgE4uMTKFLEi/bt22vCdhEREREREflb3VUJLAAPD3dCQloQH59ATMxVrly5wvnzVzhy5BQpKSl5HZ5IvuXm5oaPjzdFi/pQurQ/Pj4+eHoWzuuwRERERERE5C5w1yWwMnh6FsbTszD+/v55HYqIiIiIiIiIiNyEJqwREREREREREZF8TQksERERERERERHJ15TAEhERERERERGRfE0JLBERERERERERydeUwBIRERERERERkXxNCSwREREREREREcnXlMASEREREREREZF8TQksERERERERERHJ15TAEhERERERERGRfE0JLBERERERERERydfyRQLLw8ODhITEvA5DRERERERERESuS0hIxMPDI6/DAPJJAqtMmTJEREQoiSUiIiIiIiIikg8kJCQSERFBmTJl8joUAEyGYRh5HQRAZGQk0dHRJCYqiSUiIiIiIiIikpc8PDwoU6YM/v7+eR0KkI8SWCIiIiIiIiIiItnJF0MIRUREREREREREcqIEloiIiIiIiIiI5GtKYImIiIiIiIiISL6mBJaIiIiIiIiIiORrSmCJiIiIiIiIiEi+pgSWiIiIiIiIiIjka0pgiYiIiIiIiIhIvqYEloiIiIiIiIiI5GtKYImIiIiIiIiISL6mBJaIiIiIiIiIiORrSmCJiIiIiIiIiEi+pgSWiIiIiIiIiIjka855HUCGyMhIoqOjSUxMzOtQRERERERERETuah4eHpQpUwZ/f/+8DgXIJwmsyMhIrl69QrVqQRQu7JHX4YiIiIiIiIiI3NUSEhKJiIgAyBdJrHwxhDA6OpoKFSooeSUiIiIiIiIikg8ULuxBhQoViI6OzutQgHySwEpMTFTySkREREREREQkHylc2CPfTPWULxJYIiIiIiIiIiIiOVECS0RERERERERE8jUlsEREREREREREJF9TAktERERERERERPI1JbBERERERERERCRfUwJLRERERERERETyNSWwREREREREREQkX1MCS0RERERERERE8jUlsEREREREREREJF9TAutfKuLCNf737RZ+ORSZ16GIiIiIiIiIiPytlMD6F4pLSuWh9xYSn5xGoyD/vA5HRERERERERORv5ZzXAcjt83J3Zd+HAzEMA5vNmtfhiIiIiIiIiIj8rZTAukFsYgqTloWybMcRTpy7iouTE5X9fHi4UXVefbixvZ5hQLVBn3Li3FUAPniqHYM635+lvQ37w/nwh52EHo0iJiGZUj6eNKxahtcebkqdiiUZ9sUapq7cSVlfLyI+f8G+3f++3cL/Fm7B28ONy18NB7DXzU78ghEUctXpFBEREREREZGCp8BlPL5cv4/+H/+QY3mX+lVZ/GqPbMuir8TR8o159qRU7Qol8fV050jUZd79/heHBNaG/eH2egBfrNubJYE1fsk2Rs7bAICvpzuNq5Xjanwyy3YcpX5gWepULInJZMo2luzWZ6xzdXbivkp+DmVmc/btiIiIiIiIiIj82xW4BNYTre5h7sZ9bAo7naXM28ONyU+1yXHbYV+s4cS5q7g6O7Hqjb60rhMAgGGYWL3nhEPdWWv3AnB/5TLsOhHNvojz7Dx2lvqBpQE4EHGRUfM3AtC1QRDzhnXHs5ALANFX4rkQE/enj7FEEQ+2j+/vsM5qtfzp9kRERERERERE8rMCl8ACmNSvLfe/NCvL+hcfaEBASZ9st0mz2Fix8xgAj7esQ8va5RySQm3rVMAwDACuxCWxNPQwAC91a8SU5dsJPRrFF+v22BNYS0KPYLte/6NnOuHuYrK3V8q7EKW83QHD3v7F2ESavDbHvhx5KecE18XYRBqOmGlfrla2OLMGPZBzh4iIiIiIiIiI/IsVyATWvRVL8XhIbeZu3G9fV6GEN4MfqJ/jNlcTkkixpE+IXsWvqD1ZlSHz8rxNB0ixWCns5kLnelU4eyWO0KNRfLMljIlPtqFwIRfOxyQA4O7qTOmi7tns0bH9VIuV0KPRuTq+G+tarMZNaouIiIiIiIiI/LsVyAQWwOSn2rJsx1GuJaYAMLpXM3wKF8qxftHC7rg5O5FisXLs7JWbtj17ffrwwQfrB+Hu6kSPxtUZPnsNccmpfPfrIZ5sdQ9+RT0BSEq1EHU5jrLFvG7aZllfLyK/GGZfHrtgI+O+3ZSrumBoCKGIiIiIiIiIFFjmvA7g7+JTuBCjezUDoEXN8jzR6p6b1ndxNvNggyAAvtq4j01hEfYyw4C1e08BEHo0mv0RFwD4ZusBnB9+h3IDPrQPF/xiXXpy66HgIMzXJ11/cdZqEpLT7O2duxrP/oiLWWKwWtPsfzc+oXWzukpeiYiIiIiIiEhBVmCfwAJ48cEGTF25k0n92uaq/pSn2rPreDThF2JoM3o+tSuUpKinO8fPXiEmIZlrX79sT1B5e7gRUivAvu3luCS2HjrNr4fPcOjMJWqVL8H/Hm3JqPnrWRp6hErPfUSt8iWJTUwm7Mwl3nw0hNoVSvyp47pxviyAr17sSiW/on+qPRERERERERGR/KxAJ7AAdk/qf9Ohg5mVLurO71OeZcKSX1kaepij0VdwcTJTubQvz3dqQEJyGgu3hgEwtEsjRvdubt821WIl4OkPORcTzxfr9jLhyda89nBjGgSWZeoPoWw/Esmvh89Q0rswXRoE0bZOpT99TNnNl5WYoqewRERERERERKRgMhk3zlaeBzZu3EizZk3yOgw7s9kJk8kEmK6vMbDZbBiGDScnFwBsNiuGYXPYLqPMMGzYbOkTwptMJkymjPaut2YY18uN6/tKH8mZPnQwcwyO6zOvu1H6MMI8P5UiIiIiIiIiUoBs2fILISEheR1GwX8C68/ISD5lJ3OSKTdlhmFgGDk/HZW+r6z7y259TnVFRERERERERAqyAjuJu4iIiIiIiIiIFAxKYImIiIiIiIiISL6mBJaIiIiIiIiIiORrSmCJiIiIiIiIiEi+pgSWiIiIiIiIiIjka0pgiYiIiIiIiIhIvqYEloiIiIiIiIiI5GtKYImIiIiIiIiISL6mBJaIiIiIiIiIiORrSmCJiIiIiIiIiEi+pgSWiIiIiIiIiIjka0pgiYiIiIiIiIhIvqYEloiIiIiIiIiI5GtKYImIiIiIiIiISL6mBJaIiIiIiIiIiORrSmCJiIiIiIiIiEi+pgSWiIiIiIiIiIjka0pgiYiIiIiIiIhIvqYEloiIiIiIiIiI5GtKYImIiIiIiIiISL6mBJaIiIiIiIiIiORrSmCJiIiIiIiIiEi+pgSWiIiIiIiIiIjka0pgiYiIiIiIiIhIvqYEloiIiIiIiIiI5GtKYImIiIiIiIiISL6mBJaIiIiIiIiIiORrSmD9Bd9/v5jg4EY8/HDP2942PDyc4OBGrF69htGjx9CrV587EtOECRMJDm7E4MFD8kU7t7J+/XqCgxuxatWPt7Vdx46dCQ5uxI8//vQ3RXZ7HnnkUYKDG/Hll3P/Ujv57bj+jD/zvdi9+zeaNw9h3rz5t72/P9P3r78+iuDgRrz99ju3vb+CZt26dQQHN6Jp0+Z5HcpNxcTEEBzciODgRuzffyDX2xWE75SIiIiIiIBzXgfwd/vf/95k5cpVAISEhPD+++/edhvz5s1n2rSPqFSpIgsWfG1fX6yYL7Vq1aRkyVK33aaPjw8DBvSnUqVKuLg4U6tWrdtu49/uwoULvPvu+wwfPoxOnTre1rbVqlUjNvYaRYv6/E3RyT/l+PETjB49hjffHEeLFi3yOhwRERERERHJhwp0AishIYF169bbl7du3cqVK1fw9fW9I+2HhIQQEhLyp7b18fHh6acHAFClSuU7Es+/zfHjxxk+fBgdOrS/7W2nTJn0N0QkeaFKlcqsXLkir8OQOyAtLQ0XF5e8DuMfc7cdr4iIiIhIXirQCayff15NcnIyPj4+uLu7c/bsWVauXMVjj/3HXqdjx85cuXKF//ynL4cPH+HQoUMULVqUoUNfpGnTpkyYMJFFi74H4OTJUwQHNwJg/vx57N27l/HjJ+Dv78/3338HQGRkJO+9N579+/fj5+fHU0/1Y/ToMQDMnPk5tWvX4vnnX2DXrl307fsogwe/AMDDD/ckMjKSESNe5uGHuwOwfft2Zs+ew8mTpzCbzdSqVYvBgwdRoUIFe/zz5s3nu+8Wce3aNVq3boXJZHLog+TkZIYOHUZExGmuXbuGk5MTFSsG8MQTj9OqVatct5OdV18dyYYNG2jfvh3Ozs6sW7eeYsWKMXz4UCwWC9Omfczly5cJDg5m1KiReHp6ZhvPggUL7PFYLBaeffY5DhwI4+GHuzNixMscOBDGM888i8lkYsaMz6hZs4b9vI0dO4aOHTuwcOF3TJo0GX9/f7p378bcuV9hs9l45JE+tGrVknfeeZfDh49QpUplRo16nUqVKgEwfvwEfv11G1evXsViseDn50enTh3p3/+pHI87KSmJyZOnsGnTZpydnenb99Fs6+Xm/N3KgQNhTJw4kaioaBISEnB3d6dmzZoMHvyCPfEZGhrKZ5/N4NSpcNLS0ihWrBh1697HmDGjc2x3586dzJkzlxMnTpCQkEDZsmV47bXXqFPnHpYuXcaCBd9w8eJF+/enYcNghgx5kSJFigAQFxfH3LlfsWnTZs6ePYuHhwdNmzbhjTdGOexn8eIlzJnzJXFxcTRu3IhRo17H3d0dSB9GO336DA4cOEBCQgKVKlVkwID+NGrUKF/0/euvj2Lt2nWEhITg7l6I0ND2ej8SAAAgAElEQVQdGIZBjx4PM2BA/1ydn59/Xs3o0WMoWbIky5YtwWw2Y7FY6Nz5QWJiYnjnnbdo3bp1rvoiNDSUqVOnceZMJLVq1aJRo4Z89NHHuLi4sHXrZiB313NGO6dPn6F27do0atQwy7Ffu3aNWbO+4JdffuXixYuUKlWK5s2b0a/fk3h6egJ//Hb27/8Uv/32G/v3H+D110dmeZpy7Nhx/PjjT3Tq1NF+TR46dJgnn+yHi4sLK1euwNvbO0sMkZGRvPvu+xw4cMD+W3oji8XC4sVLWLZsGZGRUfj4+NCkSWMGDnwOLy+vXJ/rG/89cPjwYYoXL87zzw+kefPmDtdDu3ZtcXJyYuPGTbRp05pRo17n5MmTTJ8+g7CwMBISEihXzp/u3bvTtWsXzGYzU6dOY/78rwkKqsqsWTNJTk6mb9/HOH/+PEOHDuHw4cN/qo9ERERERO4mBXoOrOXLlwPQqlVL2rZtA8CKFT9kW/ebb76lYsUAqlevTmRkJGPGjCM5OZl69epy7711APD29qZ371707t0LH5+sNxMWi4WhQ4ezc+dOfHx8qFmzBlOmfJBjfDdLEq1evYYXXxzKgQNhdOzYgRYtmrN161aeemoAZ8+eBWDlylVMm/YR586d47777iMyMtI+XDJDWloaZ85EEhLSgv79n6Jx48YcPnyEN94YQ3h4eK7buZnVq9dw6tQp/P3LEhUVxciRoxg37k0CAgKwWq1s2LCBr79ekKt4nJ2defvttyhSpAjff7+YdevWMWbMWKxWK4MHv0DNmjVuGktUVBQLF35H5cqViY2N5bPPZjBgwDO4uLji7e1NWNhB3n9/vL3+8ePHqVPnHh5//DG6dXuI8+fPM2PG5yxfnvMTQRMmTGT58hX262Px4iWEh0fc9vnLjcuXL2EYBg880Jn+/Z+iXDl/QkNDGTHiFSwWCzabjZEjRxEWdpAuXR6kX78nqVevLhERETm2uWbNWgYNGsyuXbsoW7YMHTt2wMPDgwsXLgAQERFBmTJl6NWrJ4899h9MJhMrV65i8uQpQPp1/txzA5k79ysuXrxImzatqV//fvv1lCE6OpqZM2dRpUoVkpOTWbt2Hd988y0AZ86coV+//mzYsIHatWvTs2cPTp48xZAhw9i0aVO+6PsMGzduJDExiaZNm3D16lU+/3wme/fuy9X5adkyBG9vby5cuMDu3buB9ORaTEwMvr6+tGjRIld9cfr0aYYNe4njx09QuXIlihb1Yfr0z7LEeqvr+cyZM/Z2KlWqSJEiRbK0k5aWxnPPDeTbbxdis9lo374diYmJzJs3nxdfHILNZnOoP2vWFxiGQZs2rfH2LpIlpp490+dCW79+A/Hx8QBs2LABgObNm2WbmMn4Ld21axdFihQhKKiq/frLbOLESUyaNJmYmGv07fso5cqV4/vvFzNo0AtYrdabnNXsLVr0PbVr1yIkpAXh4eG88sprHD9+wqHO6tVrCAs7SMuWIZQrV46IiAj69evPpk2b8PMrRcuWIZw6Fc57773PJ598CsB//zuQ2rVrceTIUWbM+Jz33x/P+fPnadGiBX369P5TfSQiIiIicrcpsE9gHTt2nEOHDgPQpk0bPD09mTv3KyIiIvj99z3cd9+9DvV79uzBkCEvcv78ebp0eYj4+HhOnz5Dq1atiI4+y549eylWzJdhw4bmuM/du3dz+vRpAD76aCrlypVj27ZtDBkyLNv6ZnPO+cP589Mns+7S5UH7kwcRERHs2bOXJUuW8t//DmTZsmUAtG3bhrfeehPDMHjyyX4cPnzE3k7hwoVZunQxzs7OWCwWUlNTOXr0KFFRUeze/RsBAQG5audmKlWqyKxZMzl58hR9+/6H5ORkXnppOD179mDixEl8990iwsIO5joePz8/xox5g+HDX2bkyPQnekJCQujdu9ctYzGbzcycOYMSJUrQrl0Hrl27Rv369Xn33bdZv349r732uv26AJg2bSpubm7YbDZSUlJITExk5cpVhIaG0qXLg1naT01NtU8GPWTIi3Tv3o2rV6/y4INdHW7sc3P+cqNhw4b2eaFSUlJo06Y1vXr1ISoqisjISPz9/UlOTsZkMlG8eHGqVQuia9cuFC9ePMc2582bB0CTJk2YPHmifb3FYgHgueeexc3NDUh/gq9MmTK88867hIbuANITMBk39Z988jHVq1dz2D6zGTOm4+/vz+jRY/j559X2vl+yZCmJiYlUqVKZV155GQDDMJg79yu++mpetnNh/dN9nyEoqCrjx78HwG+//U5kZCSHDh2iTp17bnl+AgIC6NSpIwsWfMOPP/5E/fr17S8seOCBzjg7O+eqL1auXGV/ourzz2fg7OzMxx9/wty5XznEeqvrOaOdUqVKMWvWTJydnfnww6n2BDOkn9+TJ08B8MknH1G6dGn700AHDoSxb99+e1IfoHXrVrzzzts59l/NmjWoUaM6Bw8e4uefV/Pww93tQ7sffPCBbLf57bff7L+l06Z9SEBAAFu2bOGll0bY68TFxbFsWfr/pBg06HkaNWrIQw91pUePXhw+fIRdu3YRHBx8q9ProE+f3jz33LMAnDp1irCwgyxfvtzhd9/Pz4958+bavyMffjiV5ORk/P39+fzzGZjNZqpUqcLUqdNYuPA7nn32GVxcXHjrrTd57LEn7OesTJkyjB496k/3kYiIiIjI3abAJrAykjLFixfnvvvuxWw2ExAQQHh4OMuXL8+SwAoMDASwD48BSExMvK19nj+f/gSLq6sr5cqVA7APVbuVG2/+z507D6QPwVq8eIlD2ZkzkQ51qlatCqQ/0RUUFOSQeIqPj2fixEls27ad2NhYh3auXLmS63ZuJigoCLPZ7PBUWo0a6U9KZQzjSUpKzHU8AE2bNqVatT9i6NfvyVzFUqJECUqUKAGkPzF37do1atSo7hBLSkoKFosFJycn5sz5klWrfuT8+fMYhpEplqvZtn/hwgV7siSjv4oWLUqpUqWIjIy018vN+cuNU6fCmTp1GmFhYSQnJzuUXb58hYCAAIYNG8qnn07no48+tpcFBwczYcL79pvszDJiy5yEAHB2Tv852LhxE3PnziU8PMLhusw4P2fPngPAzc3NnrzKvH2GEiVK4O/vD0CxYsWA9HnpMrdx/PgJ2rd3HHKWU//8032foUqVKvZ/9vQs7HAcuTk/Dz3UlQULvmH9+g0MHPgcW7ZsBaBr1y5A7vri/Pn0YwoICLD3842/LYZh3PJ6PnfunH3bjHaCgoIc2snoP3d3d0qXLg1A5cp/7Csjlgy5SRL17NmTceP+x4oVK6hZsyaRkZGUKFEix20zYnB1dSUgICDbOC9cuGi/HsaOHZeljdOnz9x2AqtMmTIO/xwWdtAeS4Y6de5x+F5llFeoUMH+PyUy+islJYWYmBhKlCiBn58fDzzQ2Z4s7Nmzh8O/b263j0RERERE7jYFMoGVkpLCTz/9DMClS5do1KiJQ/m6desZPnyYw81Dxo1HdsP6nJycALDZjCxlmfn5pb+NMDU11f50zPHjx7PU8/DwANLnmYH018NfunQpS1sxMTF06NCezp073bB9+k10qVIlOX/+vP2mFCAqKtqh7syZs/j559UEBAQwZswbeHp6MWbMWIdtctPOzdyYuMi8LvNNdG7jAfj224UcPnwEV1dXUlNTef/995kx47NbTpicOZaMc5lTLJs3b+aLL2bj5ubG6NFvUKZMGebP/5rNmzcD2Z/rEiVKYDKZMAyDc+fOUatWTZKTk7l8+bJDvdycv9x46623OHbsOC1atKBnz4dJSkri5ZdfuV6aHmP37t3o1u0hTp8+TUREBG+++TahoaGEhoba5+/JLraMYXAZLBYLCQkJjBkzFsMw6N//Ke6//352797NzJmz7PVKl/YD0r9nhw8foVq1IPv2mfs/87m68XuV8V2pUqUyL7442KHsxiFqGf7pvs+Q8f3PTm7OT0BAAPfeW4c9e/YyZsw4UlNTqV+/vj25l5u+8PNL7/OIiAisVitOTk5Zfltycz2XKpW+r8xDKaOiohzayYgnKSmJc+fO4efnZ38iC6BkyZIO9V1dXXPsnwxt2rTmww+ncujQYWbM+ByAzp075fgUaqlS6ftITU21v3gjOtpx+GfJkiUwm83YbDZeeGEQVasG2susVivly5e/ZVw3OnbsGJD+W5HRvxn9keHGpHBGeUREBDabDbPZzIkTJ+11fXzS35R68OAhFi78DhcXF9LS0pg16wtatGhO2bJlgdvvIxERERGRu02BTGBt2LCRuLg4IH2YVMYNqGEYbNmyhZSUFPswjdzIuGE/c+YM77zzLp6envbJ1zOrW7cu5cuX5/Tp0zz//AvUqXOPfdhVZtWrV2Pz5s2sWbMWLy8vdu7cmeUJrEceeYQxY8ayYcNGPD09KVasGBcvXmTHjp0MGNCfWrVq0qVLF/bt28/y5Svw8vIiPj6eXbt2ObSTcQNsMkFSUjL79u3PkizKTTt3Sm7iOXToMFOnTsPZ2ZlPP/2EKVOmcOBAGNOmfXTTIZy3K2OOHJPJRFpaGidOnLDPU5QTNzc3OnbswKpVPzJ16jSio6P57bffSUpKcqiXm/OXG5mTOXFxcfz4489Z6nTv3oO6de+jdOnSpKamkpKSAoCvb7Fs2/zPf/7DqFFvsHXrVgYMeJoqVapw6tQpevToQb16de31LBYLly5dYt26dQ7bN2zYkCpVKnP8+An++9/nadGiOTabjbNnzzJjRtZ5mbLz0ENdWbx4CcePn2Dp0mUEBgYSExNDWFgYlSpVomHDrBOL/9N9nxu5OT8AXbt2Zc+evfbrq1u3rvay3PRF586d+OqreZw9e5b+/Qfg51eaLVu2OOwjN9dzp04dmTdvPuHh4YwdO45y5coxf/7XDnUaNmxof1r1v/8dxP331+PXX7cB6UPd6tS557b7ydXVlYce6sqcOV/yyy+/AOlDKHNSr149/P39iYyM5NVXX6N58+ZZ5i/08vLiwQcfYNmy5Sxc+B0dOrTHxcWFyMhItm3bzldffXnbcS5evITLl69w+fIlTp0Kx2Qy8cADNx/C17VrFxYvXkJkZCTPPvsc5cqVY82atQD06PEwLi4uxMfHM2rUG1gsFoYNG8r58+eZP/9rRo16w56Yv90+EhERERG52xTI/7WbMWFx3bp1mTx5IhMmvM+ECe8zceJ4+3w1GRO850bTpk1p27YNhQoVst8sZcfZ2ZkpUyZRv359YmJiOHLkKIMGPW8vz0ik9e7di9at098AuH79Blq0aOEwdAWgQ4f2TJ48kZo1a7B27Tpmz57Dtm3bqVGjOkFB6cOnHnigM88//198fX1ZvHgJcXFxtGvX1qGd/v2fokmTJpw9e45p0z4iLS2NwMAqDnVy086dcqt44uPjef31UVgsFp555mlq1arJuHFjKVy4MN9+u/CmE3zfrpCQEPr06Y2rqysff/wJoaE7aNas6S23e+ml4TzwQGeSkpJYtOh7atasYR/mlCE35y83Ro4cSbVqQWzfvp3PPvuc+vXvz1KnevVq7Nq1my+/nMu33y7E378sI0a8nGOipm3bNkyb9iH16tXjzJlIfvhhJTEx1yhZsiS+vr6MGvU6fn5+LFz4HQsXLqRly5YO2zs7OzN9+qc8/vhjFCtWjLVr17Ft23b7sNncqFChArNnz6J161bs33+AmTNnsWbNWgoX9qR582Y5bvdP9n1u5Ob8QPo8URlDWIsWLeowx1du+qJcuXJMnjyRKlUqc+LESa5du2af3yvjdyU313OFChWYOHE8lStXYuPGTezcuZM+fXo71HFxceGzzz6lZ88eAPz440+4ubnRt++jfPjhB3/6iaDu3bvZt7333jo3vV4yfkvr1avH0aPH+OGHH7LECTBixMsMHz6MIkW8WLjwO77+egFHjhyhbds29jdm3o4BA/qTkJDAoUOHCQgI4L333nF4sis7AQEBzJo1kxYtWhAdfZZ169ZToUJ5Rox4meef/y8Ab731DlFRUTRq1IjevXsxcOBzVKsWxMGDh5g27aM/1UciIiIiIncbk3HjuKo8sHHjRpo1a3Lriv8CsbGxDjdOGROHm0wmfvpplX04iYjI7bjxtyXjBQlVqlRm/vx5eRhZ7j399DPs27efUaNez1eTk3fs2JkrV64wduwYOnbskKex5Nc+EhEREZG715YtvxASEpLXYRTMIYR5ac6cLzl8+Aj33luH+Ph4fvhhJZD+RjQlr0Tkzxo2bDh+fn5UrFiRiIgIVq9eA8Bjjz2Wx5Hd2ubNmzlwIIywsIMUL16c9u3b5XVI+Y76SERERETk5pTAusMCAwPZsmUrX3017/rbCP3p0qWL/Y1jIiJ/Ru3atVmzZi0bNmykSJEi1K1blyeeeOxf8Za6pUuX8+uvv1KxYgAjR47M1cTvdxv1kYiIiIjIzWkIoYiIiIiIiIiIZCu/DCEskJO4i4iIiIiIiIhIwaEEloiIiIiIiIiI5GsFcg6shIRENm/eTFxcfF6HInJHeXl50aJFMzw8PPI6FBEREREREZF/TIFMYG3evJkaNarh5+eX16GI3FHR0WfZtGkLHTu2z+tQRERERERERP4xBTKBFRcXT6lSpcgH89OL3FGlS/uxc+fuvA5DRERERERE5B9VgOfAMvSnv7/0d+LECcaPn0BiYkKex+L4JyIiIiIiInJ3KZBPYAF6+kqy8PEpznfffUPbtm1uWTcxMZG+fR9n8OBBuLu763oSERERERERyUNKYMldxWQy5+raGDJkOD179qBv30exWi3/QGQiIiIiIiIikhMlsHIQGxuHzWbDx8f7DkX072IYBlarFWfngnWJGIaRq2tj1qyZGIYNiyXNYX1MzDWcnMx4eXn9XSGKiIiIiIiIyA0K7BxYGYmK2/mzWCysWbOW/v2fpmrV6uzfv99e5utbklmzZtO9e0/KlQugTp16LF68xGH77dtDadeuIyVLlqFy5SBeemkEiYmJN92nr29JPv74Ezp06EylSlWpXfs+vv32u9tqt0uXbrz66kiGDBlG5cpBBAZWZ9y4N7HZbPY6NpuNqVM/4t5776dUqbIEBzfmq6/m2ct//XUb3t7FWLZsOcHBjfHz82fbtu3ZxnztWixDhgyjSpVqlC1bnvbtOxEauiNLWz//vJrGjZtRrlwArVq15cCBsJv2RWxsHMOHv0xQUA1KlizD/fcHs3DhIgzDID4+nmefHUitWnUoVaos998fzGeffe6wvc1m4+OPP6Fu3QaUKFGaatVq8sYbYxySVpcuXaJv38cpXbpctufwyJGj9O79CCVLlqJ8+Yo8/ng/IiOj7OV79uyhatUaPP30s6xbtx6r1fqnrrW/8iciIiIiIiJytymwCazbmRT74MGDvPHGGGrWvIcBA57By8uLFSuW06xZUzJPnP3BB1MZO3YMFy6cY/ToUTz33PNER0cDBhcunKdHj14EBQURGrqNL76YyapVP/Haa6/fYv/wwQfTmDx5ElFRZ/jgg8k8//wL/P7777lu12w2M3v2lzRt2pSIiFP89NMqZs78ghUrVtjrvPfe+8yePYfJkyeyZ8/vjB49mlGjRrNs2bLrbZgA+PTTz1i2bClXrlyifv37s4350Uf7cvp0JIsWfceOHaE88EBnunXrwenTpx3a+uST6SxfvpyzZ6O47777eOaZ53LsB8Ow0bt3HzZv3sJnn01nz57fmTRpIh4e7oCBxZJG1apV+fbbb9i7dw9jxozm7bffZfny5fY23nnnXd57bwIvvTSM33//jQULFlChQgWHvh437k06derE1q2b6dWrR5Zz2KnTgwQGVmXr1s2sXbsaV1dXHnmk7/UnsQxCQlqwbNlSPDw86NevPzVr3sOYMeM4dOjQbV1z586do0uX7rRu3T7bvy5dunPu3LkcrxkRERERERGRu4nJyAePdGzcuJFmzZrcsfYWLlxEx443n6j78uXLfPfd9yxY8C2HDh2mXbu29O37KJ07d8bZ2YzFYsFms9rrFy9emrfffpOBA5/BZrPh5ORMYGB13n33Lbp168p7703gm2++Zd++PRiGDZPJxMqVP/LYY09w9GgYvr6+2cZRvHhpXnnlZUaMeAnDsOHk5MQTT/THxcWZzz77JFftdu/eC3d3d775Zj5WqwWTycyAAc/i7V2EiRPfJykpiSpVqvPtt9/QvHkTDMOG2ezE+PGT2LZtG4sWfUNo6E46dOjM2rWruf/++3J80ufXX7fRvXsvTp8+RaFCrhiGgZOTC507dyEkpBlDh75ob2vr1s3UqlUdwzA4eTKcevUacOTIAUqWLJml3S1bttKlS3d27dpBYGDl68dqxmQy2eegcnZ2xWazYBgGZrMTb775DkePHmXOnJkkJiZSpUp13nnnbfr374fNZsFkMmE2O9mHARYvXppXXx3BK6+MwGazYjabqVChMpMmjadbt66MHz+JDRs2snbtavs2NptB6dL+LF++mAYN6gNgNjvh7OxMWpqVFStWMH/+16xdu45atWrSp08vevZ8OMfzndnPP69hwoTJ2Za9/PIw2rdvm23Zjz+upVevHrdsX0REREREROSv2rLlF0JCQvI6jLt3DqxPP53BpElTaNKkCWFhByhbtjQWSxpWaypWa/bbVK5cCev1QosljWLFinHx4iUMw+Do0WM0aBCM1frHnEn3318Xq9XKsWPH7cmP7NSoUcOeLLNYLNSuXYtly1bcVruBgYH2pIthWClWrBhnz561t5GYmMiDD3bJsu9KlSo5DE0LDKyMzWbLMda9e/eRkpJCqVJlspQFBFRwaKtixfL2try9iwBw4cJFSpQokWXb/fvTE1uVK1fMNGm6YxyTJk1i/vwFnDkTSXJyMgD16tWzH2NSUhJNmzbCYkm1b2O94WTWrl3bXm6zWfHz87Ofw71797F9eyienlnnPQsPP339iTSwWi32GLt0eYDu3btx+vQZnniiH6+++jpXr17llVdezrEPM7Rr14Y9e/ayZs06h/Vt27amXbs2Gi4oIiIiIiIicl0BTmDlnIQBePrp/nh6ejF//nzq1q1L584d6dnzYZo3b4aTk1O225hMN7ZrXJ9nymZfzlyekeQwmUw3jSclJdmhPCUl5YZ93bpds9nsUMcwbPbYMtbv3r2DmjVrOuzbZrORlBRvT5Y4O5tvGqthGBQvXpzIyIgsZWlpaaSmJmVKvPwRd0aCLnM82bSOzZb9G//mz1/A1Kkf8+WXs2nQoAHe3kV45533WLJk6fX20vdpsVhuGv+Nx2cykamfDLp1e4gFC+Zn2S4lJSnLhO5Wq5W1a9fx3Xffs3LlKvz9/Rk7dgyPPNLrltdfhoEDn+HEiROcPBkOQKVKAQwc+EyutxcRERERERG5GxTYObBuNRF2iRLFGDbsRfbt28MPPyyncGEvBgwYSO3a9XjjjbHs3bsvy8TZhkGWdelJGoNq1aqxc+fO6wmUPyZfd3JyonLlSjnGAbBjxw6Hddu3hxIUFHQb7f4Rx40TfRuGQWBgIO7u7ixZsoT4+GsOf4mJcdfrG7nqt3vuuYdLly6xfv3aLG2lpCTetK2btX/PPfdw4cJFDh48lG35zp27adeuLU2bNsLJySA+/hq///5blmPcvHnLTfv6Zufw3nvrsGXLFs6ejcxybGlpqfZt9uzZx+uvj6ZWrft49tnn8fb2ZtWqlezZ8xtDhw6meHHfW/Zjxl/hwh689NJQChf2cPhnTeIuIiIiIiIi8ocCm8C61STahmEjLS2ZxMRY7rmnJh9+OInw8ONMmjSBkyfDadeuM9u2bc+0TXZt/rGv/v2f4PLlKwwfPoKjR4+yfv0GRo0aw5NPPoGPj/dNYoHvv1/KN98sJDw8nClTPmTz5i0MHPjsbbZ7Y3x/xFaokCvDhg1l8uQP+fzzWRw/foIDBw4we/aXzJgx8xbH6PjXpElDmjdvznPPDWLlylVERESwe/du3n33fTZv3pKLeLLfR5MmDWnUqBFPPfUMa9euIyIigk2bNrNy5SrAICgoiJ07d3Lx4gXAYNmy5fz88xqHY3zhhUG8/fa7zJv3NadOneL333/niy/m3MY5fBKz2cxjjz3F9u2hREREsHnzFl54YQgxMVcBg61bt9KhwwOcPh3JBx9MITz8OFOmTOSee2qQmBhLWlrG03S5n9C9cuWKDBz4NAMHPk3lyhVzsY2IiIiIiIjI3aUADyHM/Y1+5jmNOnduT9euD3LlSgxpaUk3tJP9EzCGYeDjU4Rlyxbz6qsjadmyPZ6envTo8TD/+9+YWw4HGzduLAsXLmT48FcoWbIEM2fOoHbt9Hmxcttu1qdzHJ/YGTFiGCVKFGf69M8YM+ZNvLw8qVWrFoMHP5/tE1I366uFC7/mrbfeYeTI0fY5rYKDG9CnT+8c27pV+1arhUWLvuGNN8YyaNAQ4uLiqVChPCNGDMcwDJ5++imOHDlKkyYhuLq60qBBfQYPfoGff15tb2/kyBF4exfhgw+m8fLLr1G8eHF69+5xW+dw/fq1vPHGaP7zn34kJyfj71+WVq1a4uZWCMMwqFmzJidPHsPHxxuLJZXU1KSbntvcatOmlUM/iYiIiIiIiMgfCuxbCNu0afaX2kifXwoynnjx9CxKUlJcpgnGwcOjCGlpKaSlpQDg5OSEm5sHZrMTYJCWlkZKSuJN91O6dADffDOPDh064OTkjGEY1+db+mMi8lu16+7uidVqdUimpNc3kZSUYF/n4uKGi4sbZrMZMK5vk4zVasHJyRkPDy/i4q7mqn/c3Nxxdna93k8GVquFlJQk0t+kmLUtk8mEp6cPCQmxDm93dGTCzc0dFxcXIH1+r5SUZHtfFCrkgZOTC5Ce8LLZbDg7u5CYGGtvwdU1/RhNJjOGYZCW9keSKTfn0GQyXz+29P0Yhg2LxWLvb5PJdH193n1t1q7dorcQioiIiCMNLdEAACAASURBVIiIyD9CbyH8m/3VBMON28fFXclSJyHhmsOyxWLBYonNUu9WbDaDxMS4HMtv1W522yYnJ2RZl5qaTGpqcg77SCM2Nusx5iQ5ORHIPjmXXVuGYeSifYPk5ASSsw/RIRmXISXlxuVkUlKybyA359AwrCQlxeccYd7ne0VERERERETuOkpg5QuanFtEREREREREJCcFNoH1b5nsOi7uKomJcVgsaXkdioiIiIiIiIhIvlQgE1heXl6cP3+JkiWL5XUot3Tt2uW8DkH+RS5cuESRIl55HYaIiIiIiIjIP6pAJrCaN2/G5s1bCAs7mtehiNwxJpMJLy9Pmjf/ay8oEBEREREREfm3KZAJrMKFPejYsX1ehyEiIiIiIiIiIneAOa8DEBERERERERERuRklsEREREREREREJF9TAktERERERERERPI1JbAKkNmz57Bo0fcAbNu2nTfffMteNmLEqxw4cCCvQss3YmJieOyxJ7BarXe8bfWx/J3X1z/t4sWLPP74k3kdBufOnaNfv/5/+342btzE+PET//b93K7PPpvB0qXL8jqMf1Tmf5eJiIiIiGQokJO4A4wdO44TJ046rPP29uajj6bedLuZM2fh4+NDjx4P/53h/WXZxdmwYTAuLq7Z1u/atQtlypT5p8ITEbmrREdHs3jxEg4ePERycjKlSpWkcePGtG/fDlfX7H+X88rfGeu/5d+hIiIiIvLvU2ATWACPPNKHVq1a2pdNJlMeRvP3q169eo5lTZo0/gcjkdthtVoxm81/6/VpsVhwdi7QX3eRPBMZGcn//vcW9evfz8iRr1GiRHHOn7/A6tWriYqKpmLFgLwO0S6vY/0nfu9EREREpGAq0He0zs7OFCpUKMv6lJQUZs36gv37D2Cz2fD1LcqLLw7m+PETbN8eitls5pdffqVcuXIMGzaES5cuMWfOXI4fP46Hhwdt2rSmY8cO2f4HeHR0NLNnz+HMmUgAypcvz8iRrwIQFxfH/Plfc+BAGCaTicaNG9GrV0+cnJyytLNy5SpOnTrFoEHP29cNGjSYYcOGEh0dnW2cs2fPwcvLK9v/8z1ixKs8/vh/qFWrFu+++z5RUVH2stjYWHr37kXnzp1YunQZmzdvITY2Fl9fX7p1e4hGjRrm2Mc7d+5k6dJlXLhwEU9PT3r37kXDhsGkpqayYME37Nq1G8MwuO++e3n00Udwd3fn4sWLDB/+Mk8/PYDvvltEcnIynTt3Iji4ATNmfM7p02cICgpi0KD/4u7uDsChQ4dZsGAB586dp0SJ4vTp05vatWtnG5PVamX58hVs3foLCQkJVKtWjSeffBwfH58cjwPg1Klw3n33PT7+eBouLi4AREVFMXr0WD7+eBoxMTHMmjWbM2fOYDKZqFGjOk8++QT/Z+++w6Oo2jaA35tNLySkkUaTLt1AILSEDlICUuWlKE1AOoKCigiCdKQqHZUmvYqANOkEVHoIIIQU0nvdbPZ8fywZssnWAJIP79917QXZnfLMmTNnZp49Z9bBwUHr8o4f/x1Hjx5DWloa3nrrLQwaNAAeHh4AgAkTJqFFi+b4888/kZqahjlzvoGdnZ3G/BMmTELTpk0QGnofGRnpcHNzx5AhH0rr07ev/vjjLP744w94eHjg/v0HeOed+ggIaGFS/BMmTEL79u1w5swZxMTEol69ehg8+AP8/PNmXLv2J9zcXDFq1CiULetjMJ7Nm7cgPDwCn302BTKZDKdOncahQ4fxzTczpX1cUHR0tN5Yo6KisH79BoSHR6BsWR/UqFED//zzCFOmfAIAePIkHJs3b8GTJ09gb2+PoKCuaN68mdbtNFRfJkyYhMDAAFy/fh3p6Rlwc3PDyJEfwd7eXuvyCtLXduhrKwrT13b88cdZnD17Ft7e3rh//z6ys3PQvXs3NGvWVJpf13H6559/YvfuPYiNjYONjQ2aNWuKXr16arRtp06dxr59+5Gbm4sWLZqjd+9eMDMz01huXFw8vLw8MWDAAFSq9BaysrIwefKn0jJUKhXS0tLw9dczULFiBSxfvhKhoaFQKBTw8fHGwIEDUaFCeQDq9nnjxk34++/rcHBwQPv27V5JmcbExGDt2nV48iRcqkMFmVKHduzYhUqVKmHYsKHSe+XKlcXQoUMghACg//jQt48AIDMzE999tww3b95EmTLuGDZsmJRoMuW8Ymys+trb1avXwNLSEomJSYiPj4OZmRmGDh2KihUr4Ny581rPTdrauydPwo1u04mIiIiIgDc8gaXLqVOnkZqahu++WwxLS0tERUXBzs4OzZo1RUhIiMbwByEEli5dhqpVq2LcuDGIiYnBggWLUKpUKY0bxHw7duxCtWrVMG3aVKhUKjx48FD6bMWKVXBzc8XChfORm5uLZcuW49dfj6BLl84mxa8tTlNMnfr8xvLvv//GmjXr0KCBLwCgTJky+OKLaShdujRu3LiBpUuXo1Klt+Du7l5kOXfu3MH69RsxZszHePvtt5GamoqUlNRn5bAT4eHh+OabmZDL5VixYhU2b94i3TQJIRAaGooFC+YhKuopvv56Jm7fvoOhQ4fA2dkZCxcuwrFjxxEU1BVJSUlYtGgxhgwZDD+/hrh+/TqWLFmKb7+djTJlyhSJ68CBg/j7778xdeqncHJywo4dO7FmzTopuaFLxYoV4OxcGn/++ScaNVLfOJ4/fwENGvjC2toaKpUKQUFdUK1aNSgUCnz//Wr88ssODB1a9Pk8165dw/79B/DJJ5Pg7e2FvXv3YfHi7/Dtt7OlG8tbt27h88+naU2yFizjzz77FJaWlvj5583YtOlHjBkz2qh9de9eKNq3byfdmD59+tTo+PNdunQJn3wyCRYWFpg1aza+/noW+vfvh+HDh2HHjp3YunUbPv10ssF4+vTpjRkzvsavvx5B/fr1sG3bdkyZMllr8gqA3rIWQmD58hXw9fXFtGlTERkZhQULFqJs2bIAgIyMDMydOw+9evXEp59ORlTUU8ybNx8eHh6oUqVykXUZU19CQu5h6tTPYGFhgZUrV+Hw4V/Rp09vneUGGG479LUVhRlqO0JC7iEoqCs++GAQIiIiMWPG16hXry7s7e31HqdWVlb46KOPULasD54+fYoFCxbB29tb6rEphMDdu3cxf/5cpKenY968BXB1dUWbNq0REnIP69dvxMSJE1ClSmVcvXoVS5Z8hwUL5sHGxkZjuPb27b8gJCRESnbWqVMbw4YNgaWlJfbvP4CVK1dh/vy5kMlk+OWXHUhKSsbixQuhVCqxZMl3L71MhRBYtmw56tSpg6lTP8OTJ+FYsGAhKlSoYHIdEkLg1q1bGDz4Q63ryk8G6js+9O0jADh79hzGjx+HMWM+xt69+/Djjz9ixoyvjKobpsZqTHv7559/YcaM6XBxccGJEyelePSdmwq2d6a26UREREREwBv+EPcdO3Zi5MiPpdeKFSsBqHtmpaenITIyCgDg7e2tsxdKREQkIiOj0KdPb1hYWMDHxwft2rXFuXPntU5vbi5HXFwc4uLiIJfLUa1aVQDA06dPERoaioEDB8Da2hoODg4ICuqKy5cvv4ItN05kZCR++GENPv54pHTT4O/fGM7OzpDJZKhbty6qVKmC+/cfaJ3/5MlTaNOmNWrWrAmZTAZHR0eUK6dOIpw/fwE9evSAo6Mj7O3t0bt3L1y4cFH6hh8AevbsASsrK1SsWAE+Pt6oW7cOvLy8YG1tjYYNGyIs7AkAIDj4KipWrAh//8aQy+V455138Pbbb+PSJe1ld/LkKfTp0xuurq4wNzdHr149cevWLWRmZhoskyZNmuD8+YsA1Dd7Fy9ekm7mvby8UKtWLVhYWMDOzg5dunRGSMg9rcs5f/4iWrVqiQoVysPCwgI9eryHlJQUjRvqtm3b6k1eAUCbNm2kZ9J06vQugoOvIjc3F4DhfeXl5YWGDRsCUN+YmhJ/vo4dO8LFxQWlSpVCvXp1UaZMGdStWxdyuRxNmzbF48ePpWn1xWNhYYFRo0biwIGD+O67ZejU6V1UrlxJ53r1xRoeHoG4uHh0794Ncrkc5cqV1Rgie/nyFXh7e6Fly0DI5XKULeuDwMAAXLlyReu6jKkvbdq0knrl1a1bF48ePda6rIIMtR262orCjGk7ypcvh1q1agEAfHy84ejoKLVv+o7TmjVroly5slL9CAhogZCQEI315x+nLi4uePfdjrh48eKz5Z5Eu3ZtUbVqFchkMjRs2BBlyqiTMQWdP38BFy5cxPjx42BhYQGZTIbAwADY2NhALpejW7cgxMXFISkpCQBw4cJFvPded9ja2qJUqVIaiZiXVabh4RGIiYnFe+91h1wuR8WKFYpdhxQKBXJzc+Hk5Kh1Xfn0HR/69hEANGrkh2rVqkIulyMwMACPH4dJSWlTzivGxGpMe9u4cSO4uLgAAOrVqyvFo0/B9s7UNp2IiIiICHjDe2B17twJLVo0l/7OvwENDAxAamoqfvhhNVJTU9GokR/69XsfVlZWRZaRnJwER0dHjQfburm5SjdbhfXv/z/s2rUbM2d+AwsLC7Rt2wbvvtsRCQkJUKlU+PTTqdK0KpVK5zCPVy0jIwNLlizFe+91R82aNaX3L126jKNHjyIxMQlmZmZITU1F/fr1tC4jMTERderUKfJ+bm4u0tPT4ebmKr3n5uYKpVKJ1FR1r4L8m7R8VlZWGkP8rKyskJ2dDUD9y24Fl5W/PG37QKlUIjk5GatXr5WGOQGAra0tEhMTDQ77atLEH3v37kNaWhoiIiKRm5srJQbS0tKwbdt2hIbeR25uLlQqFRQKhdblJCUlapSbXC6Hs3NpJCcnS+8ZGtIIAI6OpQr83xFCCKSkpMDV1dXgviq8fFPi17YM9T56vs8sLS2kfQQYrjve3t6oXLkyQkJC0K5dW+n906fPYP36DQAAT09PzJ8/V2+syclJcHJy0jh2XFxc8ORJOAAgISEBjx49xoQJk6TPlUolatZ8u8j2Gaovtra2AAB7++cJbvV2Z+ktt/w49bUdutqKwoxpO+zsNOu1paUFcnLU+0bXcQqoh83u2rUbUVFREEIgOzsb1atX15jG1dW1wP9dkJiojj8+Ph63bt3G2bPnpM9zcnI0eg49fPgPfv55MyZP/kSqS0II7N27D8HBwcjMzIKZmdmzIYbpcHBwQEZGhsbx7u7+vEfOyyrTlJRkODk5SecE9XrcpaSfKXXI0tISFhYWSE5O0VrG+fQdH/r2EVD0OMzLy4NSqTRYN77//gdcuKBOOLZq1RIffDDIYKzGtLcFhztbWlpK8RQsT33bYEqbTkRERESU741OYNna2sLZ2bnI++bm5njvve54773uiI+Px7Jly3Hs2HF06dK5yHOtnJxKIyUlBbm5udLFeVxcPEqXLq11nU5OTtKQrAcPHmLevPmoUqUKnJ2dYWFhgYUL5xuVtLK2tkZurlL6W6VSIT09Xfr7RR6Aq1KpsHz5StSoUV0jkRAXF4e1a9dh2rSpqFTpLQDA3LnzdS7H2dkZsbGxRd63sLCAvb094uLipZvfuLh4yOVylCpVCvHx8SbF6+TkVKQXWFxcvNbhYObm5nB0dMTo0R9r/bxgAkkbV1dXVKlSGZcvX0FYWBj8/RtLiY3t23+BEAKzZn0NGxsb3LsXikWLFmtdTunSzoiLi5P+zsvLQ2JiksZNnDH7MC7ueVnFxsZKiT9T95Wp8ZvKmHguXryEyMhIVKtWDVu2bJWOk8DAAAQGBhgdq5OTOhGYl5cnHUsJCQnSvC4uLqhatarBIaOA4fryIgy1HbraisJxmNp2FKbrOAWA5ctXoFOndzFx4njI5XLs338A//zzSGOa+Ph4aVhqfHwCnJ3V8bu4uKB+/fo6h0AnJSXhu++WYsCA/lKdANQ9sq5evYopUyajdOnSEEJg8GD10OL8HncpKalS252SUjDp+3LK1NHRCampqRBCSMdhSsrzpI4pdUgmk6FWrVq4cOGi1mHlQgjEx8frPT707SN9DNWNkSNHYOTIERrvGYrVlPZWG13tWsH3X3QdRERERPTf9EYPIVSpVMjNzdV4AernCuX3OLC3t4eVlZWUpHB0dER0dLS0DB8fb3h5eWLHjp3Izc1FVFQUjh//XevFPwBcuXJFSpI4OpaCXC6HXC6Hl5cXKlWqhJ9++hkZGRkQQiAuLg63b9/Wupzy5cvjwYMHyMjIAAAcO3YceXl50ueF4zTFli1boVTm4oMPBmm8n5WVDQsLC3h5eQJQ9864d0/3ELNWrVri999P4M6dO1LPoPxeME2a+GPPnj1ITU1FRkYGdu7chaZNmxQr8daggS8ePXqEy5cvIy8vD3/99Rfu3LmDRo38dMa1fft2xMTEAFD3PAoODjZ6fU2aNMHZs2cRHHwVTZo8H1aUkZEJDw8P2NjYIC8vD7///rueZTTGyZOn8ORJOJRKJfbu3YdSpUrpHTanzdGjR5GQkICcnBzs2LELDRo0gIWFhcn7ytT4TWUonvj4ePz4408YMeIjjBz5Ea5fv6FzSJ+hWMuW9YGbmyv27t2HvLw8PHkSjvPnL0ifN2zYAE+ePMHp02eQm5uLvLw8PH4cJg1JLexF64suhtoOXW1FYaa2Hdq2T9dxmpmZCR8fH8jlcqSlpWmUY77du/dAoVAgMTERR478hsaNG0vLPXr0GO7dC4UQAjk5Obh58yZSU1ORm5uLpUuXoVmzpkV+ATUjIwOlSjlKSafjx3+HUvk8We/v3xhHjx6FEAIqlQq//XbspZdp2bI+cHV1wZkzfwBQ/5BFwWHhptah3r174sGDB1i/fgMiIyORk5ODJ0/CsW7dejx+HGbw+NC3j/QpTt0wFKup7W1hxpybTF3Hrl27dZY9EREREf13vNE9sLZs2YotW7ZqvLdp0wbExydg48YfkZycDCsrK9SvX0/qidSiRXOsWLESH300EuXKlcPnn0/FuHFjsWnTTxgzZhxsbGzQpk3rIjdl+e7dC8XPP29BTk4O7OzsEBTUFW+9VREAMHr0KOzYsRNTp36O7OxsuLq6oF27dlqXU7lyJQQEtMBXX30NZ+fSqFGjhsaQO21xGuvkyVOwsrLSGB7TrVsQWrVqidatW2H69BlwdCwFT0/PIr/MVdDbb7+NDz4YhM2btyA2Ng4ODg7o27cPypUri969e2Hbtu2YNu0LCCFQr15d9O//P6NjLMjZ2RkTJ47Htm3bsW7dBri7u2HcuDHSL/oVFhTU9VmvhMVISkqCg4MD3nmnvvQ8KEP8/Brip59+hpubm8ZPyvfo8R7Wrl2Lv/76CxYWFqhfvz6uX7+hdRkNGjRAYmISli5dJv0KYX4vF1M0b94cCxYsRGJiEqpXr45hw9S9S8qVK2vSvjI1flPpi0elUuH7739AmzatUb16NQDARx8Nw8qV36NSpUrSs3SMjVUmk2HMmNFYt249jh07jrJlfdC0aRNERT0FADg4OODTT6dg27bt2LFjJ1QqFXx8vNG7t/aHrr9ofdFFJpPpbTv0tRWFmdJ2FKbvOB08+ANs2LARdna2sLW1Q926dRAb+7znoEwmQ/Xq1TF58qfIzc1F8+bN0Lp1KwBAjRo18OGHg7BlyxZER8fA0tISlSpVwpAhH+Lx4zA8fPgPEhISNZJin3wyCQEBLXDnzl1MnToNdnZ2qF+/vsbQ3j59emPjxk344osv4eCgfvbarVu3XmqZymQyjB07BuvWrceZM2dgZ2cPf//GUpLE1Drk4+ODGTOmY/fuPfjmmznIyclBmTLuaNKkCby9vWBpaan3eNW3jwwxtW4YE6sp7W1hxpybTG3Tjx07Dm9vb5QvX86oGIiIiIjozSQThp68+i84ffo0mjfX3qOJ6L9qwoRJGDHiI50Poqbntm7dhtzcXAwaNPB1h0JERERERPRGOXv2PAIDA193GG/2EEIiejPdv/9AepZaaOh9/PHHWfj5vViPKSIiIiIiIiq53ughhET0ZoqNjcWyZcuRlZWF0qVLo2fPHgaHUBIREREREdH/X0xgEZVQS5Yset0hlFhNmzbR+Rw6IiIiIiIievNwCCEREREREREREZVoTGAREREREREREVGJxgQWERERERERERGVaExgERERERERERFRicYEFhERERERERERlWhMYBERERERERERUYnGBBYREREREREREZVoTGAREREREREREVGJxgQWERERERERERGVaExgERERERERERFRicYEFhERERERERERlWhMYBERERERERERUYnGBBYREREREREREZVoTGAREREREREREVGJxgQWERERERERERGVaExgERERERERERFRicYEFhERERERERERlWhMYBERERERERERUYnGBBYREREREREREZVoTGAREREREREREVGJxgQWERERERERERGVaExgERERERERERFRiVYiEli2trbIyMh83WEQEREREREREdEzGRmZsLW1fd1hACghCSwvLy+EhYUxiUVEREREREREVAJkZGQiLCwMXl5erzsUAIBMCCFedxAAEBERgaioKGRmMolFRERERERERPQ62drawsvLCz4+Pq87FAAlKIFFRERERERERESkTYkYQkhERERERERERKQLE1hERERERERERFSiMYFFREREREREREQlGhNYRERERERERERUojGBRUREREREREREJRoTWEREREREREREVKIxgUVERERERERERCUaE1hERERERERERFSiMYFFREREREREREQlGhNYRERERERERERUojGBRUREREREREREJRoTWEREREREREREVKKZv+4A8kVERCAqKgqZmZmvOxQiIiIiIiIiov80W1tbeHl5wcfH53WHAqCEJLAiIiKQlJSI6tWrwc7O9nWHQ0RERERERET0n5aRkYmwsDAAKBFJrBIxhDAqKgrly5dn8oqIiIiIiIiIqASws7NF+fLlERUV9bpDAVBCEliZmZlMXhERERERERERlSB2drYl5lFPJSKBRUREREREREREpAsTWEREREREREREVKIxgUVERERERERERCUaE1hERERERERERFSiMYFFREREREREREQlGhNYRERERERERERUojGBRUREREREREREJRoTWEREREREREREVKIxgUVERERERERERCUaE1j0r/tw2UH4DFmGRzHJrzsUIiIiIiIiIvp/wPx1B0D/LWduh2H/lVCcmfMBKpZxet3hEBEREREREdH/A0xg0b8qsFYFpGz7DHl5SgDidYdDRERERERERP8PMIFVSFRiGr7dfQG//fkQkYlpsLYwR50K7hjatj76B9SSppu44TiWHQ6W/pabyeDl7IDWdSrgqz4tkJCWhQafrNe7roldG6FpdR/0mL8bABCyYgQqezpj/+V70nv21pZ4tHo0SttbAwAiE9JQeeRK5OapAACnZw1As7fLaswTsmIEKrg7wbr3XJ3rtrOyQMrWydLfQgDVR3+Ph9FJAIDvBrfD6E4Nisx36uZjLD0UjMuhkUjOyEYZJ3s0ruqFqT2aoW5Fd6lcvJ0dELZ2jDRf8P2nWLDvIs7fDUdCWhZK21vDv5oPPunWGE2q+2gt1/kDW2NiUCMAwI8nb2DIykNwtLVCws+TtG5TwTKQAbC2NIdbKTs0qOyJUR19EVirvNb1FJa+bQqsLXUfGobKKjkjG64DFwMAPEvb4+6KEbC3tgQAVBqxEmFxKVj0QRuM6+L3wuU685ezmLnjbJFyMba8CysYOwBYmstR2s4aNXxc0T+wNgYG1oaZmaxIeRd2+Is+aF+/ksHlA+q6WM3bBZOCGqNPs7dfWVmbsm35Hscmo8rIVVKq9a/Fw1C7vJvO8iMiIiIiIqJX441LYOUnOnTp2rAq9nzWU+tn96MSEfDFz4hNyYCNpTn8qngjJjkd5+6G49zdcFy6F4EVwzsAAGQy9Y2utYU5WtepiCyFEufuPsGmkzdwOTQKuyb3RKOq3gDUN+FX7kcCACq6O8HdyQ4AUN6tNNSplsKev5eercDqo3/isx5NAADLDwdLySvNaTWXI5PJpPXny8pR4kZYDACgqpeLxmenbj6WkgQAsOHE9SIJrPl7L2La5lMAAGd7GzSpXhZJ6dnYfyUUDat4o25Fd6lcCtpzMQT9Fu+DUqWCWylbNK1RFiER8TgQHIrD1+7jx7FB6Nv8bSnufHN2n8egVnXg4mCjdblFPZ+mbkUPZOXk4lFsMvZcCsGeSyGY/b9AfPpeE431WJrLUf8tD42lFE5iFGZMWeV7mpSOhfsuYUbfFpqRFtie4pZr4eXkM6W89XmrTGl1AjUmCadvh+H07TDsu3wPu6b0gLncDAXLu15FD1hZyKW/nexsDC4/oGZ5VPN2RfD9SPz5TzQGfLcfdSu4o7qPqzTNyy5r47dNbeOJGxr9BDec+BtLBrc1uG1ERERERET0cr1xCaxBrergp9M3cOb2kyKfOdpaYfHgNjrnnbTxd8SmZMDJzhrBC4ehsqc6wTRl03Es2HcBPxz9E+83r4WmNZ73YHFxsMHBL94HAKw7/heGrzqIuxHxyM3Lw6X5QwAA2QolbHrPAQBMea8pRnTwBQCoVCrsuxSid3tcHGyw8shVTAxqBIUyD2uP/wUXBxskpGXpnU9uJpPWDwB5KoHu3/6CG2Ex8HZ2wIHP+2pMv/736wCABpW8cPVhFG6ExSD4/lM0rOIJALgVFocvtpwGAAT5VcPmie/B3toCABCVmI7Y5DStcWQplBi1+jcoVSr4V/PB0RkD4GBjgYxsJTrN2oIzt8Mweu1v6NywstRzBgDMZDIkZ2Tjm53nipUw2DmlJyp7uiAmOQODlu7F0b8e4sutZ9C5QVXULPc8QeJWylajnAA8G96om6GyKshMJsPi/ZcxrG19eLs4FPm8uOWqS3HLW5upPZthaNv6yMlVYca205i75xwOXb2Pdcf/xogO72hMqy5vKmbiUgAAIABJREFUZ+nvvLw8GBoi2j+wNoa0qY/7TxNRbdRKqIRASGSCRgLrZZa1qdumUgn8eOoGAKBhZS8EP4jCljO3MHdAK41kHREREREREb16b+SvEC76UHvCY1xnP1Rw1/7gcIUyD8ev/wMAGNiyLiq6OyAvT4m8vFx81bcF5M965Ry+dr/IvCqVEhnZ2fj7n6fSe6VsrZ7Nr9RIiAihkt4TQlVkWYWN6NAAT5PSse2P21h3/G+kZOZgZIeGBucDoLH+0asP42BwKErZWOHwl/+DZ2lbabrEtCzsu6xOpH3S3V/qubXhxN/SNHsv34NKqBMSK4a/CxsLmbTsMo7WqF3eXWsMl0MjEZ+WCQCY3L0JbC3V81lbqJMIgHoY2Pm74RrzNaziherervjht2u4H5Vo1PYW3fZcuDpYYv3orgAAlRDYUyhhGJeaicZT1kmvD5bu07tcY8qqoAGBdZCpyMWXW09r/dzUco1LzUTTqZuk17rjf2l8Xtzy1ia/rpqbqTC7f0up197ui3eLTNtr/k6NcsxS5Bpc/ubTNzHi+0Pou2AXAKCsaym0qPl8mOfLLmtTt+23vx4iIiEVZjIZfhzXDVbmciSmZ2HvpXsGl09EREREREQv1xuZwKpXsQwGBtbWeK+8myPGdtad+ElKz5aG5vkU6r1hbWEGVwd1wicuNVPjs8jENJj3mAOH9+dj1W9XAQB9m9VCObdSL7wdADCygy+sLcyx5OAVLD8cDEdbKwxuU9ekZczbo+49ZiE3w65Pe6NWOc3hg5vP3EKOMg92Vhbo5FsZfZvVBABsP3sbGdnqRERMcgYAwMbSHJ6ltQ0P097bpmB5eTvba3xW1sVe63QAYG5mhnmD2iA3T4VPfzpp3Ibq4OFkI/U2yt+OfAplHi6HRkmvW0/i9C7LmLIqqF+LWvCt5ImfT9/Enw+ji3xuarkWjjcyUbOHVnHL2xAh8qQkT3ShMgSAvx/FaMSVpzKcnD1zOwxrjv2Fvx6ph7U2ruoDK/PnPZtedlmbum0bTqh7f7WoWR5VvZzQ4Z3Kz97XnkAjIiIiIiKiV+eNTGABwOLBbeFoayX9Pb13czjZWeuc3snOGhbPnn0THp+q8VmWQin1anF3tNP4zNrCHJ18qyDIrxpGtG+AHZN7YfOEbi9rM+DqYI3+gXVw60kswuJSMLydL2wtjR++tP3sHWmI2tqPu6J1nXIonBTZeFJ9o96lYTXYWMrRs0kNmMlkSMtWYOcFdY8Uj9Lq5EeWQonIBOOHtbk6PC+vwuX6JC5F+r9bKc1kCwB0blAJgbUq4EBwqNYhocaKSkxDerYCwPPtyOft7ACx7yvpdXXRML3LMqasNAks+rAdBIDJP54o8qmp5Vo43q/6BGh8/iLlrY8QQGhUgjpmp6Lz3v9+jEZchoYnAsDaj7tA7PsKD38YC6/SDth54Q5m7Tgrff6yy9qUbYtJzsChYHVvyz7PEmf5/566+Rj/FHguFxEREREREb16b2wCy8nOGtN7NwcABNQsh0Gt6uid3spCjrb11L+atvn0DY0HR3+z4xzyVOqkTyffKhrz5T8Da+/UPlg1oiN6+FcFYLj3iSkmdGkEGdS9ksZ0Mm74IKDu4TJ4xUEIADPfb4kBgbUghGby6nJoFG6GxQIAtp+7BfMec1B26FJpWFt+L5RujarB7NnDsMetP6bRAyY6KR03w7T3XPKv7g0XB3XPoiUHLkmJpMycXMzfexGAel81e7voL+MJIbDwg7aQAfj59A2jt7ug2JQMDF15GID6GUndG1UrMk1eXm6Bl+7nXxlbVoU1q+GDrg2r4cztsCJJpeKUa8F4CycjX6S8dcnJzcMXW05LSZ4eTWrojUkdl2HqYXy5KO9mDx9XdY/FkEj1cNFXUdambNuPp25A+awX2cgfDsO8xxz0W7xHHTeAjSeLVx+JiIiIiIioeN64h7gXNK6LH5YdDtb5TKzCFg9uhyvPniFUf8I6+Fb2QExypnRzO7ydL5pU90HhpIFKpf+h3y+qmndpnP12MCzkZvBytkO8EcO/YlMy0GPebiiUeTCTyXD4WigOX9N8ds/BaX2kRICjrRUCa1WQPktIy8K5u09wISQcd8PjUaucG2b2a4kvtpzEvsv38NaIFahVzh2pmdm4HR6PWf0CUbu8W5E4rC3k+H5EZ7y/aBfOh0Sg6qjvUcPHFSER8YhJyYCZTIblwzrCzspC63bUq+iO/oF1TE5g9V20F9mKPPwTkwSFMg8AMLt/K9Qs54aC+y//mVIF/TwuCG95lC6yTGPLytO5cA8lgXmD2uDXa/elpEi+4parLi9a3gXN3X0BK38Nxj/RyUh7lgjr0rAqhrWtX2Tavov2ajzYfGLXRujhXzTRVdCWM7dw9UEU/olOln6ls/nb5QC8mrI2Zds2PUtQVfIojVrlnj+H7F5kAkIi4/HjyRuYUeDZeERERERERPRqvdEJLAC4tmiI3qGDBVX2cMRfSz7C7J1n8dtfD3DpXiSsLczRpHpZDGv7Dga1qgOVKu8VR6xd46r5v7qm/5fd8sUmZyI5IxuA+uHll0Mji0yTnJ6NHeduAwAmdPXH9D4tpM8UyjxUGLYU0cnp2HDiOhZ80BpTezSBXxVvLDt0GZfuReBCSDjcHe3Q1a8a2tZ9S2csPfyr4vzcIZi35xzO3XmC83fD4WRnjS4Nq2JK96ZoUt1bzwPtBWb/ryV2XbiDLIXxicK/H8XA2sIcHk728KvqjY/fbYgWb5ctsp78Z0oVlJlTdD0Z2blGl9XnvZoWmb+KpyNGdGiAFb9eKbJ9xS1XXV6svJ/7JyYJFnIzONvboEFlLwxoWReDWtaFEEXL5+9nz7HKF5NsOMl65nYYztwOg52VBWr4uGJAYF1M7NoIGdmKV1TWxm3bH7efSEnr9aOD0KJmOWm+649jUH/CakQlpeHInw/QuUEVXasgIiIiIiKil0gmCo8pew1Onz6N5s2L3oi+LmZmcshkBUdXCqhUKo2b/oLTGDNkSi5X93hRqfI0liOTyWBmZq6xHG3v6Vqeesib0DKPDHK5/vxkXl6uzrgKrkMIlZS4k8lkkMnkkMme9zwRQjz7XOgpF9mzz7TPl+/5/EJjOF9+LPrKpGAZFCSEgBB5GsMni+7j5/LLtDBTyur5tEppvQXXqa0eFKdcX7S8tSlY1gXnFUKls+4Wpq2M9C2/8DyvqqyN27bnx07RuvD8s4LrIyIiIiIielOdPXsegYGBrzuMN78HVnGob/L197QyZpqCdCVdhBBFPtP2nqHlFZ3H8DL0xaXrM/XNvu6eULrLRRg11FLX/MZsizHlZmg9+phSVtqm1bfO4pbri5a3NsY/w8r48jZ1+a+qrI2LV992FW+biYiIiIiI6MW8sQ9xJyIiIiIiIiKiNwMTWEREREREREREVKIxgUVERERERERERCUaE1hERERERERERFSiMYFFREREREREREQlGhNYRERERERERERUojGBRUREREREREREJRoTWEREREREREREVKIxgUVERERERERERCUaE1hERERERERERFSiMYFFREREREREREQlGhNYRERERERERERUojGBRUREREREREREJRoTWEREREREREREVKIxgUVERERERERERCUaE1hERERERERERFSiMYFFREREREREREQlGhNYRERERERERERUojGBRVTCzJ07DwsWLHzdYZQoOTk5aNTIH+Hh4cVexpAhQ7F//4GXGNVz3GfP3bp1G0FB3REbG6t3uosXL6Jz567/UlT/P/xXyyQ+Ph6NGvkjOTn5hZdlahkaW1//v3qV7d7LlJycjA8/HIwpUz5DfHw8Ro0a/bpDem1exvmuoEmTJmPNmrUvZVn/tmPHjuP99/u97jA0mNLGrFy5CtOnf/WKI3qzGGqzStJ5sn//AThy5LfXHQbRf84bm8AaO3Y8Fi9e8rrDoGcyMzPRqJE/oqKiXncoVMJpqyvm5uaYNGkiSpcuXezl9uv3PmrXrvUyQvx/498+7jIzMzFnzhzMmTMb7u7u0vvnzp1DUFB3jWkrVqyIESM++lfiehWWLVuOmTNnve4wqBBT6pWu+lqYtvr7okrCObEkxJDvzp076NKlC3r06I6JEyehd++erzukN8KePXthbm6OYcOGvu5Q/l/S1s6b0sY0b94cnTq9+ypCe2MVvFZ7E68diOjFmb/uAN40SqUS5ub/XrH+2+t7nfLy8iCTyWBm9sbmXf/f+bfqn1wuR+/evV5oGa1bt35J0ZAuDx48xLhxY1Gz5tsGp/Xw8EDnzp3+hajo31IS2mhD9apgm2VKfaVXq0mTJtL/GzVq9BojeXOoVCpkZWVhxozpkMlk/+q63+RrU1POXXXq1H7F0bx5DF2r8dqBiN7Ms4sBiYmJWLLkO1y9eg0ymQyNGzfCuHFj4ejoCAD45Zcd2LZtO9LS0mBhYYGOHTtg3LixWpfVv/8ANG7cGLdv30ZiYhKGDx8Kf39//PDDapw58wcyMzNRu3ZtTJ48CZ6engCA9PR0rFmzFn/8cRbJycnw9PTA559/jlq1aqJz566YPv0L+Pn5AQBiYmLQtWs3/P77MTg4OGDx4iWIi4uHmZkMjx49QsOGDTF69MdYuHARzpz5A7m5uXBwcMDIkSPQvn07AOou2Js2bcLTp9Hw8vLE8OHDEBAQAACIiorC3LnzcefOHQCAu7sbZs2ahUqV3iqyrUII7N69Bzt37kJcXBzKlvXB2LFj4ev7DuLi4jBgwCCMGzcWHTt2AADMnDkLT59GY8WKZRg9egwAYOTIj2Fubo7u3buhf///ISIiAkuXLsfNmzchl8vRsmUgRo/+GNbW1khLS0ObNu0wbtxYHD16FMnJKVi/fi3Gj5+AJk2a4M6du0hIiIdMJsPkyZNRv349AOoLpw0bNuLXX48gPT0d1apVw4QJ41G5ciUAQHBwMJYvX4HIyCiYmZnhrbcqYvXqH3Tu34YNGyI09D4yMzMghMD48eNRr15dAMD06V/By8tL49ugHj16YezY0VIZX7t2DatWfY/Hj8Pg5OSE99/vi549e0jT79u3Hz/++BNSU1PRrFlTmJmZwdbWVvrcmDKaNGkijh49irS0dLi5ueGrr77U2aNA3/ZnZmbqrbva6ru2iw19de7MmTNYunQ5WrduhevXryMtLQ2+vr4YO3YMLC0ttdaVXr16okWLQOzatQNly5bF4sVLkJKSAnNzc5w4cRL29vaYMGEcPD29MHfuXISFPUGdOnUwc+YMqdfWkCFD0bVrVwQFdcWmTT9i167dUrw5OTlITU3F+fNnkZCQgDlz5iIkJAS5ubmoVOktjBs3DrVq1TR6n4WE3MPSpUsRGnofjo6O6Ny5EwYNGgi5XI7c3Fy9x2tBMTExemPZv/8ADh8+jDVrVkvzzJ49BzY2Npg4cYLO405ffPl1avr0L/Hjjz/h6dOn8PPzw4wZ07Fx4yYcOHAQlpaWGDHiI3Tt2sVgnBEREfj223lISkpCjx7qJOQXX3yO7OwszJ79LQ4dUg8VUKlU2L17D3bv3o3o6Bg4Ojriww8/QLduQQgODsb33/+AsLAnMDc3R/369fHJJxPh6uoKAMWqD8bUdV3tzNGjx7B//wGoVCpcv34DALB9+1aYm5vrbCOLw9C5qrDc3FwsX74CR48eg7m5OXr16olffz2Cjz4ahtatWxusL4D+9qYwXW20ra2t3rKNj4/HnDlzcf36dZQuXRqDBg3UWK6hdlVfXbl48aJGvdJ2zuzX732Dx3g+XfW3fv16mDlzFoKDryItLQ3u7u4YNGig1NvCUNus69g0dZ8bqsf66Irhl192YM+evYiJiYGDgwPatm2DUaNGwtzc/KW3D4D6nLBs2Qp07NgBZ8+eRVpaOho08MWUKZOlJIi+NkubiIgILFu2Ajdv3oRCoUDlypWwaNFC2NvbGyzj/v0HoFWrVggODsatW7dRvnw5zJz5Ne7eDcGaNWuRlpaGDh3aY/LkT6TEkL5znq74jD3OCjNUXuHh4ejZszfOnz+L//1PPfzuyJHfsGXLFmze/HOxt1HftUz+eb1du7Y4d+4cbGxssHbtGpPL5caNm1i4cCHCwyNQpUplNG7cWONzU+u7oWs4fde1utr5q1evarQx+q7pV65chZiYGMyc+TUA/fXYmOs5Q9tvyv2LvuNc1/Tall2wvuXPW7i+FabvOjT/Ws3X9x2jrh0MXfMXlJycjA4d3sXBg/vh5uaG4OBgjB49Fl988Tm6dOkMpVKJtm3bY8WK5ahZ822j6ltERASGD/8I9+8/QNmyPpg4caJUv4joFRElwKlTp4RSqXipr1GjRon58+dp/WzYsKFi4sSJIikpQcTHx4pRo0aJMWPGCKVSIR4+vC/8/f3FgwehQqlUiLS0FPH333/pXE/fvn1EUFCQiI6Okt6bOHGiGDt2rIiJeSqysjLEsmVLRb9+7wuFIlsolQoxfvx4MXz4cBEeHiZyc3PEgweh4vHjf4RSqRAdOnQQFy6ck5YVGRkufH19RVJSglAqFWL+/HnCz89PXL0aLE2zc+cO8f77faVpoqOjxP3794RSqRCXL18U/v7+4ty5P0R2dqY4efJ30ahRI2mbpk79TMyc+bXIzs6UYomJeap1W7ds2SyCgoLEnTu3hUKRLU6cOC5atGghIiKeCKVSIS5cOCeaN28u7t+/J/bt2yvatm0rlUtqarLw9fUVT548lpaXlpYiOnXqJFatWinS01NFfHysGDFihJg3b65QKhUiKSlB+Pr6iokTJ4qsrAyNMu/Ro4eIi4sRSqVC7N+/T3Tq1En6fNWqlaJbt27i4cP7IjMzXaxYsVy0a9dOJCcnCqVSIdq3by/27dsrlEqFyM7OFMHBV/Tu3y5dukjrOn/+rAgICBDx8bFCqVSIadOmihUrlmvMExQUJE6cOC6USoW4ffuWaNq0qThx4rjIyckS9+6FiI4dO4rjx48KpVIhLl26IJo1ayauXg0WCkW2OHTooPDz8xPffjvHpDKaOvUzkZ2dKZRKhZg+/Uvx5Zdf6NwmfdtvqO5qq++FX4bq3IkTx4Wvr6/YtGmjUCoVIjMzXQwfPlwsX75MZ13JyEgTvr6+4tGjh9Jx4O/vL44d+01kZKSJX37ZLpo3by5Gjx4tHj/+RyQnJ4ohQwaLhQsXSMsYNGig2L17V5F409NTxcCBA8Q338wSSqVCREQ8ESdOHBdpaSkiKytDrF79g2jfvr1IT081ap/Fx8eKli1binXr1oqsrAxx716I6NSpk9i4cYPB47Xwy1Asu3fvEoMHf6gxz9dfz5DaPm1laSi+/Do1evRoER0dJWJinorevXuJbt26iV9+2S7S01PFiRPHRePGjUVsbLRRcZ4+fVLjGFUqFeLs2TOiQ4cO0t8//fSjePfdd8Vff/0pFIpsERsbLW7cuC6USoW4cuWy+Pvvv0R2dqZISIgT48ePFxMnTpTmLU59MKau62tnFi9eJKZP/9KkNtLQq3CZ6DtXaXutXLlC9OnTW0RGhovMzHQxb95c0bBhQ3H06BGj6ouh9qbwS1cbbahshwwZLKZNmyrS01NFbGy0GDJksPD19TW6XdVXVwqXobZzpqH6Wvilrf7mH8vx8bFCocgWZ8+eEf7+/uLWrZtGtc3ajs3i7HNDZa2r3dMXw2+/HRGPH/8jXRMEBQWJzZt/fmXtQ/45YevWLVKb3LNnD7F37x6j2qzCr5SUJNGxY0excOECkZycKLKzM8XVq8HS+gyVcd++fUTXrl3FrVs3RXp6qvjii89FUFCQmDHjK5GUlCD++eeBaNWqlTh58nehVBo+5xV+GTrOCp/vCr8MldejRw+Fr6+vVO+USoU4ePCA6Nu3T7G30dC1TH5MGzasl9ZharkkJMSJgIAAsXXrFpGTkyVu3bop2rdvL3r16ml0fS/8MnQNZ6jN1tbOF25j9F3TL136nZg2bapR9diY6zl922/q/Yu+47zwS9+yjalvhV/6rkMLtlnGXDsYuuYv/Hr//b5i//59QqlUiGXLlopu3bqJqVM/E0qlQly9GiwCAwOl+mTMdUK7du3ErVs3RU5Olti+fZto0aKFVL/44utNe506dep1p42EEEL858ZiRURE4M8//8LEiePh4OAAJycnjBs3FhcuXEB8fDzMzc0hhMC9e6FIT0+HjY2N1m9lC+ratYvUEyAmJgZnzpzBlCmfwMXFBRYWFvjoo+F48iQcDx/+g+joaJw9exbTpn0GT09PyGQyVKhQAT4+PkZvQ4MGDTSy+5aWlkhPz0BoaChyc3Ph6uqKihUrAgAOHjyEdu3aonHjxjA3N0eLFi3QokULHDx4EABgYWGB2Ng4PH4cBgCoUKECXFxctK53x46dGDp0CKpWrQIzMzMEBASgdu3aOHPmDwCAn58f+vV7H5Mnf4pFixZj1qyvpXLR5vTpMzA3N8fw4cNgbW0NJycnjBjxUZEHIg4Y0B8WFhYa73XrFiT1pGjevBmio6ORkJAAADh06DA+/PADlC9fHpaWltKzH86fvyBtc1hYGGJiYp715qint7w7d+4kratRo0bw8fHGqVOn9c6Tb9euXWjXri0CAgIgl8tRqdJb6NmzB44cOQpAvX86duyAevXqwszMDB06tNeob8aWUf/+/aVvvlq0aI47d+7qjEnX9huqu/kK1ndtDNU5ALCyskLfvn0AqOtvv359cejQYaPKNJ+vry9atWoFKysrBAV1RWZmJrp3D4KPjw/s7e3Rvn173L2ruxwA9bevX331NeztHfDJJ5MAqLunBwQEwMbGBhYWFhgyZDCysrKkY8TQPvvjj7NwcHDAoEEDYWFhgUqV3kL//v/DgQMHpe3VdbwWZiiW4jAUX76hQ4fA1dUVLi4uz2KwRo8e78Ha2hoBAQEoVaoUHj58+NLi3LlzF4YMGYzatWvBzMwMzs7OePvtGgCAd96pj1q1asLc3ByOjo4YOnQIgoODNeY3pT4YW9f1tTPaGGojTWHoXKXNoUOHMXjwhyhTpgwsLS3x8cejTBrGY2x7U1jBNtpQ2UZERODvv69j3LixsLa2hrOzM4YMGWx8wUB/XdGm8DnzZR1X3bt3g5OTE8zMzODv749GjRrh2rVrGtOY0jabus+NrcematOmNXx8fKTrkx493kNw8FWNaV52+2Bvby8NE7e2toafn5/UM9zYNivf6dNnYGZmhrFjx8De3h7m5uaoV68urK2tjS7jbt2CUL16NVhbW6NTp3cRERGBcePGwsHBAeXKlYOfX0PcvRsCwLhzXuH4inOcFaSvvIxlyjYaupbJjyO/x1dxy8XV1RW9e/eCXC5H9erV0KVLZ+nz4tZ3fddwL9pmm3JNb2w91tVmGNp+U+9fjDnO8xXn3kgfU6/D9TF0zV9Yw4YNpeuHK1eu4KOPhiM4+CqEEAgODoavry/MzMxMuiauXr0a5HI5evbsgTJl3I2+RyCi4vnPDSGMiYmFXC6Hh4eH9J6PjzcAIDo6BrVq1cTs2bOwY8cuzJnzLSpXroTBgz9E06ZNdS7Tzc1N+n9U1FMA6ofIF2RtbY2EhHikpaXBzMwM3t7exd4Gd3c3jb87dGiPxMRELF26DE+ehKNBgwYYPXoUKlSogJiYWDRs2EBjeh8fb9y//+BZnGOwfv0GTJ48BZmZmWjVqiU+/ngU7O3tNeYRQiAqKgo//LAaGzdukt7PzMzUeH5I9+7dsGnTj6hduxYaNNBcb2FRUVGIj49H7959pfdUKhXMzMyQmZkpvefmVjRZ4uTkJP3fyspKisXZ2RmxsbEa5SuXy+Hp6YGYmBgAwMKFC7BhwwYMGDAIpUqVQlBQVwwY0F9nnIWTNS4uroiLi9O7bfkiI6Pw8OFDXL/+fBsVCgW8vLwAALGxcWjWTLNuFbzwMbaMnJyeDy+xsrJCRkaGzph0bb+hululSmUAmvVdG0N1DgAcHR01bqxdXFwRHx+PvLw8vcsuqGC9MDc3h4WFBdzcng+btLGx0VsOALB8+QpERIRjzZrVUjwZGRlYtep7BAdfRVZWFszMzJCVlYXk5CQAhvdZTEwMvLy8NJ454uPjLdU/fcdrYYZiKQ5D8eUrWL7W1tYaZQuoyze/Dr5onEIIREdHo1y5clo/f/ToEVavXov79+9DoVBACIHMzEwoFApYWloWiddQfTC2rutqZ7Ql+Y1tI41l6FxVuF0SQiAuLg5eXs/bvvwEkbEMtTcFh8kWVLDsDZWthYUlbGxsNMrQlC9wDNUVbQqfM1/WcbVly1YcPXoUSUnJMDMzQ3JyMt56SzMZbUrbbOo+N7Yem+r8+fPYvHmr9HD3rKwslC2ruY9edvtQ8FgD1GWV/6uUxrZZ+Z4+fQpvb2+tz2IztowLnuesrW1gbW0NBwcHje3L35fGnPMKMnSc6RoWWZC+8jKWKdto6FoGAFxcXDRiN7VcCl+7qacveD1UvPqu6xruZbTZUVFPjb6mN7Ye62ozDG9/Y5PuX4w5zvN5e3ubfG+kj6nX4boIIQxe8xfm59cQs2bNRmpqKsLDI9CyZSDWrl2H0ND7uHr1Ktq1Uz/Owdj6Vnj4qqenl9H3CERUPP+5BFaZMu7Iy8tDTEwMypQpAwCIjIwEAHh4qP8OCAhAQEAAFAoFDh06jClTPsOxY7/Bzs5O6zILnow8PdUXRatXf6/1F9Oio6OhUqkQGRmp9aLd1tYWCoVC+js5OUXv+gB1Yz1gQH8MGNAfqampWLZsOb75ZjbWrVuLMmXc8fTpU43pIyMjUaaM+mLTyckJkyZNxKRJExEREYHPP/8CP/30M0aNGllknR4eHhg9epTOByyqVCrMnPkNmjVrhlu3buHAgYPSMzC0XUh6eHjAy8sT27Zt1bq8tLQ0rdurj0wmg7u7epvzv3FXqVR4+jRa2t+VK1fCnDmzIYTA9es3MGHCRFStWkXng2Pz60fBv5vM6rJmAAAgAElEQVQ3bwag6P4CoHER6enpgYoVK2Dy5E+0Ltvd3a1Ij474+ATpIsLYMjKFru0vX748AN11N5+h/WGozgHqZ/sUvCGOiIiAq6sr5HL5v/YA6N279+Do0WNYv36txrG9evUahIdHYM2aH6SbhNat20IIAcDwPitTpoyW7Y+S6p++47UwQ7HY2NggJydHY57k5BTY2NgA0H7cGYqvOAzFaajO5Lcv4eHhWr+J/fLL6WjWrBlmzJgOa2tr3LsXioEDB0nLN5WhdtoYhbfJmDbSFMacqwqv383NDU+fRqFGjeoAgOzsbCQmJkrTGKovhtobXUw5B0ZERCArKwsZGRnScZeQkKgxjb521VBdMRSfOjb99dXQ/ID6mT9bt27DypXLpeTz5MmfGl0ntR+bpu3zF63H2mJISkrC5MmfYsGCefD394eZmRm2bduO33//3eTl5zO1vAsztc3y9PREZOQhKSmkuSzTyti4+Ayf8woydJwVPkZNlX88KxQK6YsZU5NbhRm6lgGKHiemlou7uzvOnz+v8V7Bc21x67uuazhj2mxD5y4vL0+91/QFvei515jtN/b+pTjHua5lF6e+GXsdbsy1g6Fr/sLq1auHlJQU7Ny5C/Xq1YO5uTn8/BrizJkzuHXrNj7/fBoA4+tbdHS0xt9Pn0ZJ9whE9Gq80UMIVSoVcnJyNF7e3t6oX78eli5dhvT0dKSkpGDZshXw9/eHq6srwsLCcPnyZeTk5MDS0hKlSztBJpMZ9Y0Y8Lyr/OzZ30qNWmpqKn7//QSUSiU8PDzQtGlTzJ07H9HR0RBCICwsDBEREQCA6tWr4ezZcwDUDybcsmWLwXVeu3YNoaH3kZeXB1tbW9jb20vxdu7cCceOHUdwcDDy8vJw7tw5nDnzBzp3VnfLPnHihBSnk5MTrK2tdQ456d27F374YQ1CQu5BCIHs7Gxcu3ZNujjYsGEjYmJiMGPGdMycOQNLlnyHBw/UQwisra1hZ2eHJ0+eSMsLCGiBzMwsrF27DhkZGdI36+fOnTOqrHXp3LkTNm36EREREVAoFFi3bj2EEGjatAlyc3Nx5MhvSEtLg0wmg4uLM+Ryud79e/DgIdy9G4K8vDzs2LETsbGxCAxUP4S0Ro0auHLlinTBuXv3HqSnp0vz9ujRA7/+egSnT5+GUqmEUqnEgwcPcePGTQBAp07v4siR3xAbGwsAuH37Dq5efd6F+2WXkb7tN1R3jWWozgHqb82WLVuOnJwcREdHY+PGjdLDj7XVlZft4sWLWLXqeyxatFDjm3hAnRT09PSQbrT27NmrsU8N7bMWLZojJSUFmzdvQW5uLh49eoTNm7dIQyH0Ha+FGYqlWrWqePTosXQMhoTcw6VLl6TPtZWlofiKw1CcLi6uSE5ORmpqqs5l9OzZA+vXb8CtW7chhEBSUpI0fCUtLR0VK1aEtbU1lEoltm3bVuxYAcPttDFcXFwQERGh0WvQUBt58+YtNGrkr/Ob4YJ8fHz0nqu06dTpXWzcuAmxsbFQKBRYtep7je0xVF9eRntjqGx9fHxQt24d/PzzZgDqXy7cskXzRt5Qu6qvrhjDUH0tTFv9TU1NQ6lSDtJNa0jIPVy5csXoGLQdm6bu8xetx9piyMzMhEqlQpUqVaReZQcOHDB6u7QxtbwLM7XNCghogby8PKxYsRIZGRlQKpW4fv0GsrOzi3VcGWLMOa9wfK/i2iefi4sL3N3dpWvJl7EPDV3LaFOccgkPj5COI3Xcz4fXFbe+67uGM9Rma2vnCzJ0TV/Qi557DW2/Kfcvph7n+pZtan0z5TrcmGsHfdf82lhbW6N27drYsmUr/PwaAgAaNmyA7dt/gaurq9S719j6duDAQdy7F4q8vDzs2bMX0dExUv0KCbmHFStW6oydiIrnje6BtXPnLuzcuUvjvS1bNuObb2bhu++WomfP3pDJZGjUyA/jx48DACgUuVizZi0ePw6DTCaDl5cn5s371qhfhsn31VdfYv36DRg1ajQSExPh6OiId96pj5YtAwEAM2fOwKpV32P48BFITU2Fl5cnpk2bBh8fH4waNRJffz0L/fr9D05OpdGiRXMcPXpM7/ri4xMwf/5CxMbGwtLSEtWqVcPUqZ8BUD/7Y+rUz7Bo0WLExMTCy8sTs2Z9jdq1awEA7ty5i6VLlyMtLQ02Njbw92+ssxtv3759YGVlhVmz1L8uaGVlhRo1amDChHG4du0atmzZinXr1sLGxga+vr7o3/9/+PzzL7Bp0wbY2Njg449HYdas2cjOzkbfvn0wbNhQrFy5HKtWfY/evfsiKysL7u5u6NSpE5o1K/63Fx9++AHy8vLw8cdjpF8kWbZsKezt7aFQKHDkyG/47rulUCqVKFWqFAYM6K93uON773XHkiVLcP/+A/j4eGPx4kXStzHvvtsR169fR79+/eHu7o769etpdGV+++0aWLhwPtauXYfZs7+FEAIVKpTHhx9+AED93LChQ4dg3LjxcHIqDQ+PMmjdupU0v729/UstIyGE3u03VHeNYajOAepvyD09PfHeez2hVCrRunUrjefgFK4rAwcOMHlb9dmzZx9yc3PxySeTNd7fv38vhgwZjFmzvsHAgYNgY2ODJk2aaCS5DO0zJycnLFu2FEuXLsXGjZvg4OCAzp07oV+/9wHoP14LMxRL+fLlMXLkCIwdOx6uri7w8PAoUi+0HXf64isOQ3FWr14Nbdu2Qc+evZGXl4e5c+cUWcb77/eFmZkZZv0fe/cdHlWVuHH8nWRSSUhCeqMFNiKIIEooCogCKgEU0EWKCigqqAguYsFdlSK6AgIqin1FRBQQDSBWmiCCiAWlSAkJJIGQBFImfX5/DAyEFIJGcuD3/TzPPpc759xzzz13EjPvnnNn4iSlpqbK399fw4YNVbNmF+mRRx7WzJmztHDhQrm5ualbt25n9byYivzV9/r111+nNWvWqEeP64//XC2r8nek5Ph/aqOjoyt9zuDpqvpvVUWGDRuqnJwcDRlyu/NbCKOjo53lZ3q/1NTvmzON7aRJEzVlylTdfvsd8vHxVdeuV+ubb75xHn+m36tVvVeq40zv19NV9P7t0aO7Nm3apEGDhsjf308NGjQo941pZ1LRz+bZ3vO/+j6uqA+jRo3UyJH3KSDAX76+ddWpU6cyIf3ZOtvxPt2Zfqee7sT7eNasF53/jWnatImmTXte0tn/XJ1Jdf6bV1H/avpvnxMsFouefPLfev75aXr//ffl7x+gK6+8Uhs2bPjTbZ7pb5mKnO24+Pv7a9q05/XCCy/otddel4+Pr3r06F7md8Ofeb9X9TfcmX5nV/R7/nRV/U1/+vX91f/2VnX9Z/P5JTIy8qx+zs/U9tm83870d+ipqvO3Q1V/81embdsrtGXLFucS1zZt2ig/P19du15d7fE+4cYb+2jatGkVvr/27t2r996br/vuG1VpXwCcPYv9z67BqEGrVq3SVVf9uXXUwN9p8OAhGjRokK6//rra7soF48RXgC9a9GFtdwU4pyZNmqy4uDh163btOTvnLbcM0N1331UjyxoB4HzC33AAUHPWrv1WXbpUf1LD3+WCnoEFAIApJkx4vLa7AAAAAJy3LuhnYAEAAAAAAOD8xxJCAAAAAAAAVMiUJYTMwAIAAAAAAIDRCLAAAAAAAABgNAIsAAAAAAAAGI0ACwAAAAAAAEYjwAIAAAAAAIDRCLAAAAAAAABgNAIsAAAAAAAAGI0ACwAAAAAAAEYjwAIAAAAAAIDRCLAAAAAAAABgNGttd+DvMn/+AtlsNu3evbvSOjExMfLy8tLAgQPOYc8AAAAAAABwNi7IAGv+/AUKCAjQkCFDzlg3ISFB8+cvIMQCAAAAAAAw1AW5hNBmsyk+Pr5adePj42Wz2f7mHgEAAAAAAODPuiADrKqWDdZE/b9Tdna24uLaKy0trdI6w4ffqaVLPzmHvap5q1evVr9+N1daXlBQoLi49kpKSjqHvQIAAAAAACa6IJcQ1qTDhw/r9dff0IYN3+nIkSMKCgpS69atdNttQ9S4ceNa6dPAgbeqUaNGtXLuc8Vqteqhh8YqICCgVs7/66/b9Pbb7+jnn3+WzWZTRESEOnfupIEDb5W/v7/27dunl16ao59//ll5eXkKCQlR69atNGHC45KknJwczZnzitasWauMjAz5+/srNjZW48ePU2hoaK1cEwAAAAAA5ysCrCqkpaVp2LA7FRMToylTJqthwwbKy8vT2rXrtGzZct1//3210q9rrrnmb22/uLhYVutfe2v81TZcXV11yy2Vz9D6O23YsEHjxo1X3743aeTIexQeHq60tDQtW7ZcGzd+r+7du2nMmIfUunUrvfvuO/Lz89OBAwe0ceP3zjamT5+hPXv2aMaM6apfP1oZGRnauPF72e32WrkmAAAAAADOZwRYVXj11bmqW9dX06c/7wxjfHx81K9fX2cQUVxcrDfffEvLl69QTk6OYmNjNWbMg2rSJEaSI8g4evSorFarvvrqa/n4+GjMmNEKD4/Q1KlTlZi4Xy1bttTTTz9ZZrbRhg3fad6895SZmamWLVvq0UfHKyQkRJJjCWHv3r3Vp09vZWdn69pru+uhh8Zq5cqVys7OUXBwsP7znyec9T/4YKEWL16itLQ0+fr6qlu3azVy5L3Oaxo8eIjatWunbdu2KSMjUyNG3FkuJEtLS9OUKVO1fft2FRUVKSamsUaPHq0WLZo7r/Pw4XS5uFi0d+9eXXHFFRoz5kFt2rRJc+e+pj179spqtapLl8569NFHnO1+9NEivfXW28rPz9c113TVww+Pk9VqVUFBgTp16qKPPlqo8PBw9e59o8aPH6fOnTs7j33qqafl4uKiJ56YoIyMDM2Y8YI2b/5BFotF7drFafToB+Tn5+ccg/ffX6Ds7Gy5ubnp+uuv0+jRD5S753a7Xc8++1/Fx/fU2LFjnK83bNhQo0aNlN1uV0ZGhg4ePKhnnpniHOPGjRuXmZG3bdtv6tOnt/N9EBYWpj59elfznQcAAAAAAE51QT4Dq6Z8++16XXfddRXOJLJYLJKkN998S59//oVmzpyh5csTdMklLfTAA6OVk5PjrPv119+oY8cOWrlyhYYOvUOTJk3R3LmvacqUyVq27FMVFhbonXf+V6b9FStWaO7cV7Rs2aeqW9dXjz8+ocq+/vLLL3r11Ve0cOEChYaGaM6cV5xlgYGBmjbtv/rmm680e/ZMrV69Rh99tKjM8d98s0oTJz6tDz54v8IZXna7XX373qiPP16slStXqF27dho//hHl5+c766xevVo333yz5s9/T2PGPKjffvtdY8Y8pP79++uzz5Zr6dIl6t69m7N+amqqkpKS9MEH7+udd97Shg3facWKz8qd22q16vrrr1NCwnLna3l5efr662+cD+t//PEJKigo1MKFCzR//jylpx/Rk08+LUlKTEzUiy++pBdemK6vvvpCS5YsqnQW2969e5WSkqKePXtWWG6xWFSvXj01btxIM2bM0JdfflXhc7ratLlMCxZ8oEWLFmvHjp0qLi6usD0AAAAAAHBmBFhVyMrKUnBwcJV1EhKWaejQO9SgQQO5u7vrrrvulOQIv05o06aNunbtKg8PD/Xp01t5eXm66aY+ioqKko+Pj3r06KHff/+9TLvDhw9TvXr15OnpqTFjHtTPP/+ixMTESvsxePBgZ9DWqdNV+u23k+1de+01ioqKksViUcOGDdWvX19t2rS5zPG9e/dSUFBQpe2HhYWpc+fO8vLykpubm4YPHyabzaZ9+0726fLLL1erVpc69xctWqRrrumqHj26y83NTZ6enmrTpo2z3M3NTffff598fHwUFRV1vN+/VXj++PieWr9+vTIyMiRJX375lYKDg9W6dSslJydry5YfNXbsg/L19ZW/v79Gj35A69evV3p6uqxWq+x2u3bs2KmcnBx5eXk5Z46dLjMzS5IUHFz5WFgsFr3yyhy1adNG8+bN0623DlKvXn304YcfOeuMHTtGd9xxu77++huNHDlK3btfp2nTppcJ/AAAAAAAQPWwhLAK/v7+Onz4cKXldrtdhw4dUmRkpPM1V1dXhYeHlfkWwVPDEKvVKjc3NwUHhzhf8/LyUm5ubpm2IyIiyvTD09NThw8fVoMGDSrpq5/z3x4eHmXa+/bbbzVv3nwdPHhQkmSz2RQdHVXm+DMFdbm5uXr55TnatGmzbDabXFxcZLPZlJWV6awTElK2jZSUVLVpc1mlbQYGBpaZ3ebt7V3pty82atRIF10UqxUrPtOgQQO1bNkyxcc7ZkmlpR2Sq6urwsLCnPWjohz3JDU1TS1aNNfkyRO1cOFHmjLlGTVpEqNhw4aqY8eO5c4TEOAvSTp8OL1Me6fz8/PTiBF3acSIu1RQUKDPPlupZ56ZqsjICHXo0EFWq1V9+96kvn1vkt1u15YtP+qJJ/4tDw8P3XffqErbBQAAAAAA5V2QM7BiYmJqpL5j2d9KlZSUlCuz2+2yWCwKCQlRSkqK8/XS0lKlpKT+5W+aO7XNrKws5efnnzFkqkhmZqbGjRuvwYMHasmSRVq6dImGDr2jXL0TSyIr8+qrc5WUlKy5c1/Rp58u1dKlS+Tt7V3moeSntxEeHlbh8ro/q2fPnlq+fLmSkpL0yy+/6oYbrpckhYaGqKSkpEz4deDAAUlSWJjjPnTu3FkvvTRbX3yxUj179tTDDz9SLjSUHEFZeHi4VqxYUWEfKnoI+4mZdeHh4dqxY2e5covFojZtLlP79u0qLAcAAAAAAFW7IAMsLy8vJSQkVKtuQkKCvLy8KiwbMeIuHT16TA89NE6//rpNOTk5OnTokBYtWqwXX3xJkmNp29tvv6Pk5GQVFhbq9dffkN1uV8eOHf7SNbzxxpvKzMxUfn6+Zs6cpRYtmlc6+6oqeXl5Ki0tVdOmTeXi4qKsrCx98sknZ91Odna2wsPD5O/vmKG0ePGSMs/5qkjfvn315Zdf6fPPv1BRUZHy8/P1ww9bzvrcJ3Tv3k1JScmaNm2G2rZt63yAelRUlFq3bqWZM2cpJydHR48e1axZL6p9+/YKCgpSYmKiNm7cqIKCArm7uysgwF8Wi0Wurq7lzmGxWDR+/Dh98smnmjVrtvbu3av8/Hzt27dPL730sj7//AtlZmZq5sxZ+v337crNzVVOTo4WLVqslJQUtWx5iSTpxRdf0saNG53h4+bNm7Vu3bfOcgAAAAAAUH0X5BLCgQMHaP78BZo7d652795dab2YmBh5eXlp4MABFZaHhYXprbfe0Ouvv6FHH31MGRkZCgoKUqtWl+q2226TJA0deodKSko0atT9zm8hnDVrpnx8fP7SNVx33XW66667lZmZqRYtWmjKlMl/qp3IyEiNGjVSI0fep4AAf/n61lWnTp20efPmMx98iuHDh2nixEm67bbb5eXlpQ4dOlS5xE6Smje/WM8//5zmzn1NU6c+Kzc3N3XtenWVywqr4uPjoy5dOmvlys81ZcqkMmWTJk3UCy/MVP/+t8hisSgurq0efHC0JKmwsEhz576mffsSZbFYFBERrmeffUaenp4Vnqd9+/Z65ZU5euuttzVixD3Kz89XeHi4OnfupLi4tnJ3d5fNZtN//vOkUlNTZbVa1aBBfT311JPOZ3z5+vpqzpxXlJSUrKKiIoWGhqpfv74Vzn4DAAAAAABVs9grWhN1jq1atUpXXVX+eUQAAAAAAACoPWvXfqsuXbrUdjcuzCWEAAAAAAAAuHAQYAEAAAAAAMBoBFgAAAAAAAAwGgEWAAAAAAAAjEaABQAAAAAAAKMRYAEAAAAAAMBoBFgAAAAAAAAwGgEWAAAAAAAAjEaABQAAAAAAAKMRYAEAAAAAAMBoBFgAAAAAAAAwGgEWAAAAAAAAjEaABQAAAAAAAKMRYAEAAAAAAMBo1truwN9l/vwFstls2r17d6V1YmJi5OXlpYEDB5zDngEAAAAAAOBsXJAB1vz5CxQQEKAhQ4acsW5CQoLmz19AiAUAAAAAAGCoC3IJoc1mU3x8fLXqxsfHy2az/c09AgAAAAAAwJ91QQZYVS0brIn6/x9Mnz5DkydPqbR8w4YNio/vfQ57dGEoKChQXFx7JSUl1XZXAAAAAAA4b1yQAVZNeeed/2nw4DMvQ6yudevWqU+fm2qsvdrUqFEj3XPP3ef8vL/88qvi4torOzv7nJxv3759GjduvHr0uF5XXdVZ/frdrEmTJv/p9qxWqx56aKwCAgKqVT8vL09xce118ODBP31OAAAAAADOdxfkM7AuZMXFxbJa//pt+6vthIWFKT6+51/uh8nsdrvGjHlIrVu30rvvviM/Pz8dOHBAGzd+/6faOzHmt9xycw33FAAAAACACxsB1lmIj++tf/97gtq2bStJSktLU+/eN+rLLz+Xr6+vpk+fofT0dLm7u+uPP/6QzZavW28doP79+yk5OVnPPPOsMjMz1a+fI8CYMOFxRUSEa8qUqdq+fbuKiooUE9NYo0ePVosWzSVJq1ev1syZs9W9ezetW7dOXl5eeu21ueX69sEHC7V48RKlpaXJ19dX3bpdq5Ej73WGVIMHD1G7du20bds2ZWRkasSIOxUXF6e5c1/TmjVrlZWVpfDwMD3++OPOcxcXF+vZZ5/TZ5+tlLe3t4YOvUP9+/eT5FhCOHnyM0pI+EQLF36oTz/9VO+++z9nfw4cOKB+/W7W4sUfKSIiQtu379DMmTO1c+cu+fn5KT6+p26//Ta5urqqqKhIzz8/TatXr1FRUZF8fX117733qEeP7me8J2lpaZWOX3FxsXr3vlHjx49T586dncc89dTTcnFx0RNPTKhy3DIyMnTw4EE988wUhYSESJIaN26sxo0bO9sqLS3VokWLtWjRIqWmpsnPz09Dh96hG2/sU+G9e/HF2erUqYs++mihoqOjnXWuuaarfvrpJ2VnZ6tNmzZ64IH75e7urvvuu1+SdO+9o2S1WnXTTTdq8OBB1XzHAgAAAABwYSDAqmFr167Tq6++oosvbqbExEQNGXK74uLaKjo6Wo8+Ol7//e80LVr0obN+amqq+va9UW3btpXVatX//veuxo9/RIsWfShPT09JjjDI29tb8+a9W+l5AwMDNW3afxUZGanExEQ99NA4hYSEaMCAfzrrfPPNKr366hwFBQVJkv71r4eVl5enOXNeUlhYmBITE8vMyvryy680YcLjevDB0frxxx81duy/nNdyquuu66FZs2Zrx46dio39hyRp2bLluuyyyxQREaGsrCzdf/8DGjRooGbNmqn9+5M0duxDcnNz05Ahg5WQsEy//fabPvzwA/n6+io9Pb3aSwTtdnuV43f99dcpIWG5M8DKy8vT119/oxdemHHGcatXr54aN26kGTNm6Oabb1Zs7D/KXfuCBR9owYIPNHnyJDVvfrGysrKUmprmLD/93hUUFJS7hgMHDsjPz09z576qwsJCPfjgWL3xxpu699579OKLs3X11ddozpyXFBERUa0xAQAAAADgQsMzsGpYu3btdPHFzSRJDRo0UHR0lLZv31Fp/bCwMHXu3FleXl5yc3PT8OHDZLPZtG9forOOp6enBg0aWOV5r732GkVFRclisahhw4bq16+vNm3aXKZO7969nOFVamqq1q5dq8cee0Th4eHO46Kiopz1W7durR49usvDw0Pt2rVTgwb1K7yWunXrqlOnq7Rs2TJJjlBp2bLl6t27lyRpzZq18vX11e233yY3NzfFxDTW4MGD9Mknn0qS3N3dlZOTq507d6qoqEhBQUFq1KhRlddb3fGLj++p9evXKyMjQ5IjlAsODlbr1q3OOG4Wi0WvvDJHbdq00bx583TrrYPUq1cfffjhR87zf/jhRxo+fJguuaSFXFxcVK9ePef9l6p37zw8PJxBo7u7uwYOHKCEhGXVun4AAAAAAP4/YAZWDfP39yuz7+npqby8vErr5+bm6uWX52jTps2y2WxycXGRzWZTVlams05gYKBcXV2rPO+3336refPmOx/2bbPZFB0dVaZOcHCw898HD6bIxcVFkZGRlbYZGhpSZt/b27vSa+nVK17/+c9Tuv/++7R161bl5OSoSxfHrKe0tDRFRETIYrE460dFRSotzTFT6brreigjI0MzZ87S/v1Juvzyy3XffSPVsGHDKq9ZOvP4NWrUSBddFKsVKz7ToEEDtWzZsjLP7jrTuPn5+WnEiLs0YsRdKigo0GefrdQzz0xVZGSE2rdvr9TUVNWvX7/S/lXn3vn5+ZWZ+RYYGKT09HSVlJSc8foBAAAAAPj/4IKcgRUTE/O31Pf29lZhYaFzPyvr6Fmd59QA54RXX52rpKRkzZ37ij79dKmWLl0ib29v2e32Ko87VWZmpsaNG6/BgwdqyZJFWrp0iYYOvaPK80dEhKu0tFQHDhw4q2uoTFxcnNzd3bVu3TolJCxTt27XOpdAhoaGKiUlpUz9AwcOKjQ0VJLk6uqqIUMG63//e0effPKx/P39qv1Nf9UZv549e2r58uVKSkrSL7/8qhtuuF5S9cftBA8PD/Xp01vh4eHasWOnLBaLwsLClJSUVOkxZ7p3kpSRkVEmGExOTlZQUJBcXV3l4nJB/ogCAAAAAHBWLshPx15eXkpISKhW3YSEBHl5eVWr7kUXxWrt2nWSHA84f++9986qX4GBQcrKytKxY8ecr2VnZys8PEz+/v6SpMWLlygnJ+es2s3Ly1NpaamaNm0qFxcXZWVl6ZNPPqnymLCwMHXs2FFTpz6n1NRU2e12JSYmKjk5+azOfYKLi4tuuOF6LVz4oVatWq34+HhnWadOV+no0aOaN+89FRUVae/evZo37z316uWo88MPP2jnzl0qKSmRt7e3fHx8zjhr6YTqjF/37t2UlJSsadNmqG3bts4Hsp9p3DIzMzVz5iz9/vt25ebmKicnR4sWLVZKSopati8nZIUAACAASURBVLxEktS/fz+98cab+vXXbbLb7crMzNTvv28/q7Gz2+2aNWu2CgoKlJqaqrfeeks9e94gyTGDr06dOtq/f/9ZtQkAAAAAwIXkglxCOHDgAM2fv0Bz587V7t27K60XExMjLy8vDRw4oNI6p86gGTnyXj311EQNHDhI/v4B6tTpKq1c+Xm1+3XRRbHq1u1a9e9/i0pKSjR16hQNHz5MEydO0m233S4vLy916NBBYWFh1W5TkiIjIzVq1EiNHHmfAgL85etbV506ddLmzZurPO7pp5/Uyy/P0YgR9+jYsWOKiAjXY489VuY5WGcjPr6n3nnnf2rcuJHzmwwlyd/fX7NmzdTMmTP11ltvy9fXV/HxPTVw4K2SpPT0I3ruued16NAhubu7KzY2Vo8++kiV5zpxX6ozfj4+PurSpbNWrvxcU6ZMcr5+pnHz8PCQzWbTf/7zpFJTU2W1WtWgQX099dSTatOmjSTp1lsHyMXFRRMnTlJqaqr8/f01bNhQNWt2UbXHLTw8XOHh4erbt7+Ki4t1zTVdNXz4MGf5qFEjNXHiZOXn52vAgH/qrrvurHbbAAAAAABcCCz2U9da1ZJVq1bpqqs61nY3ynnxxZe0Y8dOzZ49s7a7guPWr1+vcePGa926NdVanme61atXa9asF8t8MyUAAAAAAKZYu/ZbdenSpba7cWEuIfyrSkpKlJycrFWrVuuSS1rUdncgxzK7rKwsffrpMl1ySYsLIrwCAAAAAADVQ4BVgUWLFuv224fqootincvcULt2796j3r1v1JEj6Xr44XG13R0AAAAAAHAOsYQQAAAAAAAAFWIJIQAAAAAAAFANBFgAAAAAAAAwGgEWAAAAAAAAjEaABQAAAAAAAKMRYAEAAAAAAMBoBFgAAAAAAAAwGgEWAAAAAAAAjEaABQAAAAAAAKMRYAEAAAAAAMBoBFgAAAAAAAAwGgEWAAAAAAAAjEaABQAAAAAAAKMRYAEAAAAAAMBoBFgAAAAAAAAwGgEWAAAAAAAAjEaABQAAAAAAAKMRYAEAAAAAAMBoBFgAAAAAAAAwGgEWAAAAAAAAjEaABQAAAAAAAKMRYAEAAAAAAMBoRgRY3t7eys3Nq+1uAAAAAAAA4Ljc3Dx5e3vXdjckGRJgRUREKDExkRALAAAAAADAALm5eUpMTFRERERtd0WSZLHb7fba7oQkJScn6+DBg8rLI8QCAAAAAACoTd7e3oqIiFBUVFRtd0WSQQEWAAAAAAAAUBEjlhACAAAAAAAAlSHAAgAAAAAAgNEIsAAAAAAAAGA0AiwAAAAAAAAYjQALAAAAAAAARiPAAgAAAAAAgNEIsAAAAAAAAGA0AiwAAAAAAAAYjQALAAAAAAAARiPAAgAAAAAAgNEIsAAAAAAAAGA0AiwAAAAAAAAYzVrbHaiuvamZ2rrnkL78JUk7ktJ14FCW8mwFtd0toNZ4e3koMiRAsdGBuvaSaLWOCVXDUP/a7hYAAAAAADXOYrfb7bXdiaokpx9T32cTlHLkmPLdvFXo7q1C9zoqdPNWqdVdkl2SRbLbJYuFffb/3+y7lBbJvTBX7oU2uRfkyqs4T2FBdbX0kV4Kr+d75h8uAAAAAADOE0YHWMNfXaWV3/2utKCmKnb3drx44jP8Ceyzz76TW2GeQg/vVI8OzfX6iM4CAAAAAOBCYGSAZSsoUvvx7yux0F1ZAdE6+SmdLVu21dkGZCSqgWexNjx7qzzdz5uVwgAAAAAAVMi4AOtoboHajJuvZK9wFXhWsgzqxGf1ylBOOeXyyM9WdH6qfp42WF6ehFgAAAAAgPOXcd9C2OmxBY7wysPH8cKJfO3UraWS1ymnnHJneYGnr5I8QhX3yPsCAAAAAOB8ZlSAdeerq7S/0L3q8Iot2/Ns2z3GT09eU1/NgjzP+fkLPH2VXOCq4a+uFgAAAAAA5ytjAqzdqVlaseF3ZflHOV4wJHw4V9vBlwbLPuVK2adcqTAft1rvT01ur4j00fp7Wir3qQ6yT7lSnw1trv7NA53X29Dfw4h+/pntr6Mvk33KlXq7f9MKy5sHe2nJ4GYKKM7Q74kptdLPzID6Wrlhmw4eyREAAAAAAOcjYx6MM+D5ZToUGOPYqeEP8W0i6mh0x0hd1dBP4b7uyisq0YFjhVq1J0tvbErV1pTcv+W8Z7U9liYp1rFfmCfJWuvhTE1t3+rbWM3D6+pgepY+/nG7tiYflQo8JTVz1CvIOX+vN/+YJG/paFq5cl83Fy0aFKvXPvlGDy78UYppV2v9PBQYo37PfaoNz94qAAAAAADON0YEWHtTM5Waka3i0PqOD90WS41t72sXrhd6xcjVxfHUa7vdLtmlFqHeahHqLUtRvu5Lya3x81a2dXeRCktVvvx0f9d5zvHWRXY1C3U8jH/6R19r2sptkk+gXDx95HXNCMkuFVx6o+Thc0764yrHtqS0Ztq77N5pcik4qpJ6jaQmV5Ypz86z6aJBE6R6UVLjuBq5r392W+TmpeS0LO0/dFT1Q/zOzQ82AAAAAAA1xIgAa/Mfacp39Tr+YVtlZ5D8hf3LwutoVu8msliklPQsjZr+rlZ+v015hcWqV8dTHVs2lTW4vmQPlCSlPt5OoT5uemHdAY1J2C3Z7VowsJn+2TJYPxzI0eWzt0gW6d9d6+vmS4IU5echHw9XZdqKtWbvUY1fvke7M/Mlu139WwTpw8EXS5L6vfubHu4SrcsifDTsw9/13tZ0PXFNA41qHyFvdxd9vO2Ivtu2++SAHO//jc3q6ZGr66txPU/5e1plKyrV1pQcTfwqUV/+kSXZ7QqqY9XhJzpIksYt36O46Lq6PraeFmxN052Ld1U4Pv8I9NST1zZQ1yYBqudl1eHcIn28LV2jlv4hWaRAL1dN7N5QvZoFKszXXRl5xfpiV6YmfL5X+7IKyl3fzfN+0wMdI3VFtK8SMwv0r2W7lbA9Q1c28NXae1o5L+v5e/rq+Xv6avLX+7X1YI4+fO02SVKjqRud7U7oWl/3d4g8OS77j+nFPk0kSeGTNig1t0gLBlykf14arK0Hc9R69hbJbtc9ceGac5NjGZ/vv9cpp9CuF3vHaFT7CCVmFuixlXv1dLeGalTPUw2e2aDLo+pWPLZfJ+rLXVnO8arr6ap/d22gm1o47nduYYl+OJCjm+dtU1Z+iba89aSah9bRO5tTdcdHOysYv65/evxq+uch3+qlrXvSCLAAAAAAAOcdI56BtWFHigrdvRw7Jz58y/6X9+9sHeCc3DTsv/O05JC/8lrfLHW4TRkX99anGYFasj375PFFNse/slJOtnfskGObdzLUuCrMRe7Fedrw83at2PCTXEsK1a9FkD4f3kJuJyZTZR9yXt97A2IVG2DV4cyjUvZh3dsuXE91a6AQHzcV2Gzq0dhHU/tfftqo2NWibpEa+Ei/7NijhG9/1OEjGerUyE/L7mihZsHHx6so33nExG4N1Osifx0+kqnSo6kVjk9soKe+H9Vat7YKUbC3VX8kpUqFNvVo5GjP22rR2rsv1b3tIhTm46ad+1NU110a1DpEG+5tpdA61nLX9/6tzeRWcFS5uXmKDfbS/AGxquflqmNHDmnjtj3OeompR7Rx2x4l7dlV5ngV5kqy6+64cE3s3lAhPm7Ky83VtQ29NbVHg5P1imyO6zl+rD3v6MnrO3G9klRS7Lje46+F+7jq3X/GyksFys61SYX5lY/t7S3ULNhbkl0erhatGdFSD3WKUuN6nkpNz1D6kQx1bewnH9cSx7ls2WXGoybHr6L791f2C929tea3gwIAAAAA4HxjxAysbYmHVeh22gwsi1TmQ7ilgu0ZypsHOi6vuKREX2UHSoERahLkpV3j2jrPnVtYKp8n1h5vz6H09BDghOPt3jrlHaWnH1ZwSKh8vb3UOvw7ffT0PWoc6K22UXX0bWLZh2UvX/+TBjz9uopKJY+mbbXzmTaSpK279qvDff9VSald38wYow4tYsqcds6K7zVl9mvyCQhWvQA/eZfa9N3ssfL19lTfWB9NPpxX5jzJaUd05aipSsspkkdwtNTw1GVrju3jncPl52VVUXGJrr5/qr7dfVgqKtRlsQ0lvzgNujRYzULrSJL6T3hJS3/Yrcui62nTa08orK6HHmgXqse/SC5z3ufeW6bH31+jq5qEaM3sf8nX001twz312S+HdOXDc1W0bKok6YXFq/TCpxulkCbq3+4fp4yrY/NYp3BJ0pYdier4wPMqtUtfPf+ArmzZtEy9cvfJbleZG3javrubVQ/NXqDpi9fI6mKXvWUvzVmx6+TY+vvJ237q2NbR5MO5GtQqSJdGOJY/PvzyQv33ozWSq6tig72VGd1FsniWe3/U6PjtySl3//7Kz0eh1Uu/Jh4SAAAAAADnGyMCrP2pGSqse8oD3E88u8fxabzs/lmUW0qLnU3KN1SSlJ+dpR+271NkcIDCAv2kkqKyy65OOD0UOeX1vn1v0lPXNVWYr3u54gi3gnLtTVu+RUWX9ZNcrPJws6t+oI8kadH6bbJd0kdycdGCtb+eDLCOHx/b/FK9+tQgtQirU/48HkWOfOKU87z1+fdKa9xN8vBWQUnx8fyi7PjERXpLklZv3aFv1VRq3VGyWLQlO12SdEWQo628/EItPewvtb5RW3IztGN/ipo1jNDlIdZy1/fBrxlSyxu0x3LM+VqoW6HkXU+6pMfJTtcNk1recLw/pSdft0h13V1OjsuGbcpveaMkixas3XYywHLel7L3o9wzxE7rn62gUDO/z5Da/lPF9hLJYlFso5ZnGFu74oId7RYUFmv6+kPSFTdLsmuH7ZhU4iK5lju0Zsevgvv3V34+Ct28lJhyoHynAQAAAAAwnBFLCO2n/6uGlk1tS0yTJLlZXdW1SYAku5KPFeny0bP1zuffndIBe5lmTjzwXbLLz9ujTE9bhNbRK/2bK8zXXR9+/b0GPjlH989411nDtbSwXMiS4hYuubg6+lda4ny90M1XcrVKFhcVeviX6Y9F0pKhrdQirI627tqvoZNf180TXlTGMcc3JrraS8qMnCSlFHlK7sdnsp043+njc+L8ru5S3ZCT5T6BjvJTliQqMNqxrVPveHuSistf3zFPRzslbt7O1ywlheX6V74/J6/XXlx4ctfT33E+FxfJN7Dc8fbjxzvvk90uP+9TwsTT3g+Hs7JVEn6RY9/iIossWjK09RnGVlKh7WSTkRef7L9XXcnVreLr+zvGrwaXEZ7eYwAAAAAAzgdGBFihgX5yPxEW2O01tn191e/OsOON/rHqfXGgvOv4SK16yScgpGwn7HYdynQ8zygm1F+y2xVSx00dm0WXqdbC3+6c8DN23jq9n+iuQ26hp7RT/vrsbh7Ofh3LL1ZSWoYkqfPFUc7Xr744suyY1LEqxNcRnk1bvFZv77JrvS1YfnW8yvXb+U9XtzOOy8bfEx3nvqSR2tWv63y9VbhjJtKmPxzPSPL2dFefi4Mku12XRfgoNsoxXpt3lV3+JskR5lQ0E+q0/lW4f1x2frESUx2zwG68IkYeLpK7q0UD4pqUO/7QUUfQFB3sL3cXydUi9W5Vv9LzOOLAk2FXqI/bKWO7Rm/vktbnBZUdW7tdG3c5xsLD3aoHr4x2vt4k0Et1rKdfq+N8f9v41cDWvcimsKBTglIAAAAAAM4TRiwhbN4wWFt/OqJ8u+N5Q+U/fJfKuTzqLMp/yPXRmJnzNf2BgYoM8NbS2y+R3S4Vl9rl5nrqM5Mcx3+1dZdaxkSq1+VNtC4oWE0CPVXHo+zMnh93Jamk5HK5urro9XFD9ENKnu5uG1b2gioLbex2yequ5z74UrMfuEU3tGqoVXX9VVxq19WNT52BJaVlHFNSWoaiQ+vp8dt6KuaXTP3z0mBZTg05KgmDqhqfyUu+V+/2zeXn461197bWznSbfD1cVVBYrCb//V7v/ZCqMfsOqlnDCH00uLl2pOcppp6nXFwsSj1yVLO/2i75X3Ta+UoluVQwIcle4SrM8uNTKlnd9cz8L/TK2FvVNiZUyRPqyW6XvFxPWWp4/LCvfk3SA/FxCqxbRz8+eIUsFik2yPu09isPg9KOHD1lbOMrHltJ721J0QO79uvSpvU1rVdTPXBltAqKS9UkyFsNJq5WblH5+1zj4+csP/v3/+nl7kU2tWp8WnALAAAAAMB5wIgZWF2bR8u9yCbJftqHb/vJMKLMfjXLfQI1c1Omrrx3kj74cqMOpmequKRER7NztHVXoqYv+Ewd7p3iPP7pT7bqgy836liuTU38XPT6x19pyZofjvfS0f6OYy66Y/Lr2nPgkK5uWk/dG3ho9AvzTrmaipbJle3fS5vS9fSbHys9K1ttI+soPyNNT7y2qMyY2K0euuk/c/X9b3vUMLCObm9VT9PfS1DSoSMVXP8p5z7D+OywRKjt3VP0/hffKT3rmJoGesq1OF+fb9giya68utG6auxszVnyldIyshQb5KXs3Dy9t3K92o96Tqle9au+PmdXqtO/sse/ujVLT8xdpEOZx+TlUqqvNm7V5HcSnLVsRcWS3a5P/sjT029+rNQjR1W/rlVbf92up978uMz4VRwiOs5vd/PUTf8+bWznnTK2x+sXBDRQp3+9rGnvf6Y9Bw4pwtdNwZ7SNz/8ppzcPJ14T5y4tL9v/P7k+/+0cvfCPHVqHiUAAAAAAM43Frv99E/6596+tCx1evR9JQX+Q2VnzhxfVmU/Zf/PlB89JKX8Lh1Lk4oLHEu23OtIfqFSaFPJO8BRvbhA2v2dlHVAcrFKoU0k2zHpSKJUJ1C6tKej/cN7pP1bpcJcqU6AFH6xtGuto41/dJKCGknp+6Sdqx2vXdZP8vQ52T+7XUr6SUrd7ngmlV+Y5Bss7f/RUf/yWxzPsso5LO35XsrNlNy9pagWUvIvUkGOFPoPKaado8/ff+A4rkkHKaRp+es/fXxsRx3nP5riON7q5XheU+M4R3lRvpS0VcpIkopskquH5B8h1W8leR6fJVfR9RXmSZs/PN6XjlJIjOOc648/I6zh5VJE80qP9/N0keehnUrb/oNUWixrYH0lPH2HerRsoH0p6Wr03CbJevyZZPu3Smk7pNJiKSBa8vJz9FmS4gY67vGe76TUHZKHj9SmX9n3R066ozwvS3LzlqIukZJ/kgpyj49te0f9kiIp6WfpyH7H/XZ1czzTKraLZHWTtn7iaCM4RmrasebHrybe/8fL6x/ZobXPDlL94LoCAAAAAOB8YkSAJUlXjHtPPxX5q8jqWfGysxMqWR1G+flf3irUQxsf7KBNydlKzy3UpeE+aljP8VyqgZPe1PtHGxjdf5PL3YpsauV+TN8/N7CKgwEAAAAAMJMRSwgl6b2xPRWSuc/x4buqB1JTfsGWHz6SqVVbftM/AlzV86JA+bnZ9cX3v6rHg8/p/T9Kar1/53N5SGaiFo6LFwAAAAAA5yNjZmBJ0u0vf61Ptx5Qpl+4nM/u0fHNqb10fkin/IIqL8iVdm+QcjOOL/V0l3wCpciLJb+I2u/feVoecOyg+rZpoNfv7iwAAAAAAM5HRgVYktTsvre118VfBe51jr9S4adz9tlnvxr7HgW5aqSj+n327QIAAAAA4HxlzBLCE36cPliRhRnyKMh1vGAvPb4V++yzfxb7HgU5iirO0E8zBgsAAAAAgPOZcTOwJCm/sFjtH56vxDwp0zfs+KunzzQ5HeWUU35CQHaKGvq46LvnBsrd6lrFcQAAAAAAmM+4GViS5Olu1Y8v3KYBbRsqMn2X3IryK5hpYj9tn3LKKXcrtCkqfZcGtmusLdOHEF4BAAAAAC4IRs7AOlVqRo76PLNUKelHZXPxUKHV0/E/N0+Vulhl2swXyik/V+UupcVyLyqQe7FN7sX58iwtUESwnz597EaF+Nep8BgAAAAAAM5HxgdYJ+w/dFRbdqfpy1+StCMpXclpmcqzFdR2t4Ba4+3loajQAMVGB6lby/pq3ThE9UP8artbAAAAAADUuPMmwAIAAAAAAMD/T0Y+AwsAAAAAAAA4gQALAAAAAAAARiPAAgAAAAAAgNEIsAAAAAAAAGA0AiwAAAAAAAAYjQALAAAAAAAARiPAAgAAAAAAgNEIsAAAAAAAAGA0AiwAAAAAAAAYjQALAAAAAAAARiPAAgAAAAAAgNEIsAAAAAAAAGA0AiwAAAAAAAAYjQALAAAAAAAARiPAAgAAAAAAgNEIsAAAAAAAAGA0AiwAAAAAAAAYjQALAAAAAAAARiPAAgAAAAAAgNEIsAAAAAAAAGA0AiwAAAAAAAAYjQALAAAAAAAARiPAAgAAAAAAgNEIsAAAAAAAAGA0AiwAAAAAAAAYjQALAAAAAAAARiPAAgAAAAAAgNEIsAAAAAAAAGA0AiwAAAAAAAAYjQALAAAAAAAARiPAAgAAAAAAgNEIsAAAAAAAAGA0AiwAAAAAAAAYjQALAAAAAAAARiPAAgAAAAAAgNEIsAAAAAAAAGA0AiwAAAAAAAAYjQALAAAAAAAARiPAAgAAAAAAgNEIsAAAAAAAAGA0AiwAAAAAAAAYjQALAAAAAAAARiPAAgAAAAAAgNEIsAAAAAAAAGA0AiwAAAAAAAAYjQALAAAAAAAARiPAAgAAAAAAgNEIsAAAAAAAAGA0AiwAAAAAAAAYjQALAAAAAAAARiPAAgAAAAAAgNEIsAAAAAAAAGA0AiwAAAAAAAAYjQALAAAAAAAARiPAAgAAAAAAgNEIsAAAAAAAAGA0AiwAAAAAAAAYjQALAAAAAAAARiPAAgAAAAAAgNEIsAAAAAAAAGA0AiwAAAAAAAAYjQALAAAAAAAARiPAAgAAAAAAgNEIsAAAAAAAAGA0AiwAAAAAAAAYjQALAAAAAAAARiPAAgAAAAAAgNEIsAAAAAAAAGA0AiwAAAAAAAAYjQALAAAAAAAARiPAAgAAAAAAgNEIsAAAAAAAAGA0AiwAAAAAAAAYjQALAAAAAAAARiPAAgAAAAAAgNEIsAAAAAAAAGA0AiwAAAAAAAAYjQALAAAAAAAARiPAAgAAAAAAgNEIsAAAAAAAAGA0AiwAAAAAAAAYjQALAAAAAAAARiPAAgAAAAAAgNEIsAAAAAAAAGA0AiwAAAAAAAAYjQALAAAAAAAARiPAAgAAAAAAgNEIsAAAAAAAAGA0AiwAAAAAAAAYjQALAAAAAAAARiPAAgAAAAAAgNEIsAAAAAAAAGA0AiwAAAAAAAAYjQALAAAAAAAARiPAAgAAAAAAgNEIsAAAAAAAAGA0AiwAAAAAAAAYjQALAAAAAAAARiPAAgAAAAAAgNEIsAAAAAAAAGA0AiwAAAAAAAAYjQALAAAAAAAARiPAAgAAAAAAgNEIsAAAAAAAAGA0AiwAAAAAAAAYjQALAAAAAAAARiPAAgAAAAAAgNEIsAAAAAAAAGA0AiwAAAAAAAAYjQALAAAAAAAARiPAAgAAAAAAgNEIsAAAAAAAAGA0AiwAAAAAAAAYjQALAAAAAAAARiPAAgAAAAAAgNEIsAAAAAAAAGA0AiwAAAAAAAAYjQALAAAAAAAARiPAAgAAAAAAgNEIsAAAAAAAAGA0AiwAAAAAAAAYjQALAAAAAAAARiPAAgAAAAAAgNEIsAAAAAAAAGA0AiwAAAAAAAAYjQALAAAAAAAARiPAAgAAAAAAgNEIsAAAAAAAAGA0AiwAAAAAAAAYjQALAAAAAAAARiPAAgAAAAAAgNEIsAAAAAAAAGA0AiwAAAAAAAAYjQALAAAAAAAARiPAAgAAAAAAgNEIsAAAAAAAAGA0AiwAAAAAAAAYjQALAAAAAAAARiPAAgAAAAAAgNEIsAAAAAAAAGA0AiwAAAAAAAAYjQALAAAAAAAARiPAAgAAAAAAgNEIsAAAAAAAAGA0AiwAAAAAAAAYjQALAAAAAAAARiPAAgAAAAAAgNEIsAAAAAAAAGA0AiwAAAAAAAAYjQALAAAAAAAARiPAAgAAAAAAgNEIsAAAAAAAAGA0AiwAAAAAAAAYjQALAAAAAAAARiPAAgAAAAAAgNEIsAAAAAAAAGA0AiwAAAAAAAAYjQALAAAAAAAARiPAAgAAAAAAgNEIsAAAAAAAAGA0AiwAAAAAAAAYjQALAAAAAAAARiPAAgAAAAAAgNEIsAAAAAAAAGA0AiwAAAAAAAAYjQALAAAAAAAARiPAAgAAAAAAgNEIsAAAAAAAAGA0AiwAAAAAAAAYjQALAAAAAAAARiPAAgAAAAAAgNEIsAAAAAAAAGA0AiwAAAAAAAAYjQALAAAAAAAARiPAAgAAAAAAgNEIsAAAAAAAAGA0AiwAAAAAAAAYjQALAAAAAAAARiPAAgAAAAAAgNEIsAAAAAAAAGA0AiwAAAAAAAAYjQALAAAAAAAARiPAAgAAAAAAgNEIsAAAAAAAAGA0AiwAAAAAAAAYjQALAAAAAAAARiPAAgAAAAAAgNEIsAAAAAAAAGA0AiwAAAAAAAAYjQALAAAAAAAARiPAAgAAAAAAgNEIsAAAAAAAAGA0AiwAAAAAAAAYjQALAAAAAAAARiPAAgAAAAAAgNEIsAAAAAAAAGA0AiwAAAAAAAAYjQALAAAAAAAARiPAAgAAAAAAgNEIsAAAAAAAAGA0AiwAAAAAAAAYjQALAAAAAAAARiPAAgAAAAAAgNEIsAAAAAAAAGA0AiwAAID/a8eOBQAAAAAG+VtPY0dhBADAmsACAAAAYE1gAQAAALAmsAAAAABYE1gAAAAArAksAAAAANYEFgAAAABrAgsAAACANYEFAAAAwJrAAgAAAGBNYAEAAACwJrAAAAAAWBNYAAAAAKwJLAAAAADWBBYAAAAAawILAAAAgDWBBQAAAMCawAIAAABgTWABAAAAsCawAAAAAFgTWAAAAACsCSwAAAAA1gQWAAAAAGsCCwAAAIA1gQUAAADAmsACAAAAYE1gAQAAALAmWcgDfAAAAoRJREFUsAAAAABYE1gAAAAArAksAAAAANYEFgAAAABrAgsAAACANYEFAAAAwJrAAgAAAGBNYAEAAACwJrAAAAAAWBNYAAAAAKwJLAAAAADWBBYAAAAAawILAAAAgDWBBQAAAMCawAIAAABgTWABAAAAsCawAAAAAFgTWAAAAACsCSwAAAAA1gQWAAAAAGsCCwAAAIA1gQUAAADAmsACAAAAYE1gAQAAALAmsAAAAABYE1gAAAAArAksAAAAANYEFgAAAABrAgsAAACANYEFAAAAwJrAAgAAAGBNYAEAAACwJrAAAAAAWBNYAAAAAKwJLAAAAADWBBYAAAAAawILAAAAgDWBBQAAAMCawAIAAABgTWABAAAAsCawAAAAAFgTWAAAAACsCSwAAAAA1gQWAAAAAGsCCwAAAIA1gQUAAADAmsACAAAAYE1gAQAAALAmsAAAAABYE1gAAAAArAksAAAAANYEFgAAAABrAgsAAACANYEFAAAAwJrAAgAAAGBNYAEAAACwJrAAAAAAWBNYAAAAAKwJLAAAAADWBBYAAAAAawILAAAAgDWBBQAAAMCawAIAAABgTWABAAAAsCawAAAAAFgTWAAAAACsCSwAAAAA1gQWAAAAAGsCCwAAAIA1gQUAAADAmsACAAAAYE1gAQAAALAmsAAAAABYE1gAAAAArAksAAAAANYEFgAAAABrAgsAAACANYEFAAAAwJrAAgAAAGBNYAEAAACwJrAAAAAAWBNYAAAAAKwJLAAAAADWBBYAAAAAawILAAAAgDWBBQAAAMCawAIAAABgTWABAAAAsCawAAAAAFgTWAAAAACsCSwAAAAA1gQWAAAAAGsCCwAAAIC1ABKuHcLpbJ8aAAAAAElFTkSuQmCC' height='250' width='300'/> ]]>
  </system-out>
</testsuite> <!-- com.tribu.qaselenium.tests.mazaprendo.MAClearCacheTests -->
