<?xml version="1.0" encoding="UTF-8"?>
<!-- Generated by org.testng.reporters.JUnitReportReporter -->
<testsuite hostname="station" failures="0" tests="1" name="com.tribu.qaselenium.tests.mazaprendo.MAAssingCourseTests" time="39.282" errors="0" timestamp="2022-01-24T10:37:49 COT" skipped="0">
  <testcase classname="com.tribu.qaselenium.tests.mazaprendo.MAAssingCourseTests" name="assingCourse" time="39.282"/>
  <system-out>
    <![CDATA[ <img src='data:image/png;base64,iVBORw0KGgoAAAANSUhEUgAABLAAAARMCAYAAACJcWqtAAAAAXNSR0IArs4c6QAAIABJREFUeJzs3XdYFFfbBvB7pRcpoghYQaMRUJOggGIPlsQWY8GGXfxiQ401lqhRo2JiifpGUWKCsbdX0YRQTFRQUAwqxQpREVBUOgvSvj+4dl4WlmWXtmu8f9flJTvlzNmZnfbMOc+IjI2Ni0FUy7p166bqKpAKXLlyRdVVICIiIiIion+BeqquABERERERERERkTwMYBERERERERERkVpjAIuIiIiIiIiIiNQaA1hERERERERERKTWGMAiIiIiIiIiIiK1xgAWERERERERERGpNQawiIiIiIiIiIhIrWmqugL0biguLlZ1FYiIiIiIiIjoLcUAFtUJBrCIiIiIiIiIqKoYwKI6oUgAa/z48Rg3blyNLO/XX3/FwYMHa6QsUr1vvvkGxcXFWLVqlaqr8q9nbW2NUaNGwdnZGQBw7do1HDt2DPHx8SquGRERERERvcuqFcAyMDCAo6MjWrZsCWtrawBAfHw8/vnnH4SHhyM7O7tGKklvP0UCWDUVvJKU5evrW2PlkepYW1vD3t5e+JuBlNpjb2+Pb775RmqYs7MznJ2dsXLlSkRFRamoZkRERERE9K6rcgDLzc0NgwYNgqGhodTw9u3bAwCysrLg5+eHo0ePVq+G9K+gSAArOzsbBgYGNbK87Oxsdlv8lxg0aJDU3z/88IMKa/PvNnv2bLnj/u///q8Oa0NERERERPQ/SgewDAwMsGTJEiFQVRFDQ0OMHj0adnZ22LRpE1tjveMUCSZ5eXnh888/r5HlnTp1igGsfwEDAwP06dNH+NynTx/4+PjweFILrK2t0bhx4wrHN27cmC3giIiIiIhIZZQOYC1dulTozlNWfHw8jh49itmzZwsts9q3b48lS5Ywd807TpFgUkhICEJCQuqgNvS26N27t8xhfn5+KqjNv5sirR9rqoUkERERERGRsuopM7Gbm5vc4NXKlSsRFhZWLljVvn17uLm5KbSMsWPHIi0tTepfQkICgoOD8cknnyhT3beeubk50tLS8Ouvvyo979atW5GWlia0lPvwww8xadIkYfz169fx+PHjGqtrZYqLi9X239y5cxEQEIAzZ85AU1NT7rTu7u4ICAhAp06dlF5Oz549ERAQgGHDhik0vaenJwICAmBjY1PptEZGRnB3d4eGhobK12fpf9VVuvugvGFV8f333yMtLQ2PHz+Gjo5OufFz585Fq1atKi2nQYMGSEtLe+u7S7ds2bLSaRo1alTlss+dO4e0tDR8++23UuM+/PBDBAcHIzk5GZGRkVKtMBs0aIBDhw4hISEBcXFxWL16tTBOJBJh7dq1ePjwIZKSkuDr6wsTExNh/OjRoxEZGYnnz58jODhY6txVW8uU9z2JiIiIiKh6FG6BZWBgUOGNoyR4Ja9bz6BBg+Dn56dw15+LFy8iODgYANCwYUNMnDgRvr6+6Nq1K+7fv69otdWKSCSqs25t+/fvR2BgoBCkWrRoEaysrHDgwAEAwMKFC2XetL9rNDU10bNnT4SFhcHJyQldu3bFX3/9VSvLunPnDr7++mvExcUpNP3Zs2dx/fp1JCcnVzqtq6srJkyYgGPHjqGgoKC6Va3T36q5uXmFuZdkdWlr3Lgx1q5dK3P6nTt34sWLF5UuU0tLC8OGDcMff/yBfv364ZNPPsGZM2eE8R06dMDatWtx7949PHr0SG5ZmZmZGDduHJ4/f17pctXZP//8U+k0KSkpSpfr5OSE06dPyyxfR0cHhw8fRlFREdasWQM3Nzd4e3vj9u3bePjwIbZv345+/fph06ZNeP/99zFv3jw8evQIvr6+8PDwwNy5c/Hrr7/i2bNnWLRoEXJycjBjxgzY29vjP//5D8LCwrB37158+eWXOHjwIBwcHKCpqVkry5T3PYmIiIiIqPoUDmA5OjqWS9gOAMHBwVI5aaytrWXeXBoaGsLR0REXL15UaHlhYWFSyZrz8vKwePFiODg44P79+2jYsCE2btyIXr16QUtLC8ePH8eSJUtQWFiItm3bYteuXbCzs0NERASuXr2KRYsWYezYsbhw4QIiIyORn5+PkydPYt68efjoo4/w5s2bCstr3LgxvLy80L17d+jo6OD27dtYtmwZ/v77bwDAggULMGXKFJiZmeHevXtYunQprl27hqZNmyIqKgq//PILLC0tYW1tjU6dOpX7rhXNr8g2+eabb2Bvb4/8/Hz8+eefWLBgAV6/fo2pU6di8uTJ6N69O3x8fPDee+8BANLS0tCmTRts2bIF5ubmaNGihbDdNmzYAEdHRwBAeHg4li9frnCwpTKKBEMaN26M/v3718jy/P39FQooODo6wsjICL6+vrC0tISrqyv+/PNPYXzz5s2xaNEitGrVCjExMXjy5AmA/7UoO3jwIAoKCnD69GlMnjwZ+fn52Lp1K6ysrODu7o6cnBxs2rQJkZGRaN++PVasWIHdu3fj5MmTWLRoEQYMGIDly5dj+vTpsLCwwI0bN/Dtt98iNzcXgwcPxuDBg+Hh4YFHjx5hwIABGD16NCwsLJCeno6AgAD4+Phg7ty5GDx4MADAz88P69atQ6dOnTBgwAB4eXnh//7v/7Bz504EBgZi7NixGDx4MIyNjfHkyRPs3LkTUVFRMDc3x+HDh3HhwgU0bNgQVlZWmDhxYo1si8oYGBhUmlOvrIqmV7SLW79+/WBqaorNmzejZcuWcHNzEwJYn3/+OXx8fAAAR48exU8//YT58+dXuJ/Wr18fv/76K/z9/eHm5gaRSAQPDw9MnToVTZs2RUJCAnx8fPDjjz8CQKXHE1VR5OFCVXKP6evrY+bMmUhISEBgYKDUOBcXF1hYWGDVqlX4z3/+g9jYWJw5cwbDhg3Dzp078cknnyA4OBheXl7Q1dXFkCFDMGLECPj6+mLEiBHIyMjAnDlzUFRUhB49emDIkCGYPXs2hg8fDpFIJKzXBg0aYOHChXB0dISenl6tLFPe9yQiIiIioupTOIBlbW1dblhwcLBUkEkSvJIV6JKMVzSAZWxsjObNmwMoaYE1YMAAAEBMTAwAYN++fejSpQvGjx8PAwMD+Pj4ID4+Hrt27YK3t7eQeys1NRVeXl4AgDdv3gAA8vPzYWlpCUdHRyxduhTp6en49ddfKyxv7dq1cHV1xcSJE5GZmYnvvvsOXl5ecHV1xbBhw7Bq1Sr4+vri0KFD8PX1xc8//4y2bdsKyxsyZAhOnz6Nw4cPl/ue8uavzE8//YTXr1/j888/h5mZGXbv3o358+dj5cqVUtNNnjwZwcHB+OeffzBz5ky8fv1aaryenh7Onj0LQ0NDLF26FCKRCJs3b8apU6fg7OyM3NxchbaZPIoEsLZu3So3ibQy+vfvj7Fjx1Y6Xd++ffH8+XPExMQgODgY48ePR/369ZGRkQEAWLZsGVq3bo0dO3YgOzsbc+fOBfC/AFZBQQHMzc3RvHlz7N69G0uWLMGiRYtw6dIlbN++HcuWLcPMmTMxffp0YR1I5s3PzwdQ0tXpP//5DwYNGoTu3bvj008/xcmTJ4U6FhcXw9LSEgsXLkRgYCA2bNgABwcHjB07Fnfv3sXhw4fRqlUr2NraYsGCBYiLi0PHjh0BlPy+9u/fj7t376Jnz56YOnUqfvvtN/z+++9Ys2YNvv76a4wYMUL4rfbo0QMXL16Ev79/nbXAio+Px44dO4R1W1U7duxQOMG4m5sbnjx5ghs3buDkyZNYuHAhGjRogNevX+PixYvYt28fpk2bhhUrVuDcuXNK7afTpk3Dpk2bcPz4cXz11VcYP348Nm7ciNzcXBw4cEDu8USV4uPj8fz58wr3wefPn1cpgbvkmC8reN+6dWsAEFqKSspv06YNrK2toampKYzLzc1FcnIy2rRpI8z77NkzFBUVCfM6OzujWbNmQtdPWeVKWp7W9DLlfU8iIiIiIqq+KgewoqKipIJXBgYGcoNXssqQ54svvsAXX3whfH716hUWLVqEW7duoXHjxujVqxcCAgIQEBAAAJg5cybGjx+PkydPokOHDkLXEQDo3r07JkyYIHVDbmhoiC+++EK4YauovF27dkFPTw96enpwcnJCcHAw+vTpg7y8PABAQEAA2rRpg7S0NLx58wbh4eH49NNPpXLFpKSkYP78+TK/pyLzV0RfXx86Ojro2LEjQkNDYW1tLTPoEBUVheLiYuTk5ODGjRvlxvfr1w/NmjXDd999J+Tx+fDDDzFjxgx069atRloTKNoCq6ZYWFhUukxDQ0M4OzvD398fDRs2xO3bt6GpqYnevXvjzJkzMDMzQ5s2bXD79m3897//BQB07NhR6EorKV9bWxt79+6FWCzGuHHj0LRpU+zduxeZmZkYM2YMmjdvXq4upT8fPXoU4eHhSE9PR/fu3WVuR21tbYhEIrRo0QLNmjVDUFCQVG40ScuYu3fvQiwWC8MPHz4sdMVNSUnB8OHDkZmZifz8fERHR8PFxUUqh09qaiq+//57xVZyDbp48SJSUlKwZMkSuccQWbKysrBp0yZERUUpNL2JiQn69++Pw4cPw8rKClevXoWWlhY+//xz7Nu3D6mpqUhISAAAPHjwAI8fP8arV68q3E8LCwulyp8yZQrevHkDT09PYZ/77LPP4O7ujgMHDsg9nqhaeHi40JpP1riaJmkxJ/n+kv/19fXLjQNKHkIYGRkJ85YeJ/nbwMBA+A1JArOly9XV1a2VZRIRERERUe1SKol7aaUv9mvDqVOnMG7cOMybNw/FxcV49OgRvL29AQCWlpYASt5G9uzZMzx79gwODg5o0aKFEPhJTEwUypLcjJaWlZUldDGTVx5Q8ubFixcvYv78+bhw4QIePHgAT09PACVdzHx8fPDw4UO8ePFCaCmmpaUlLEteDh1F5q/IuHHjkJKSgs2bN+PKlSu4deuWzLe2VaZp06YAgKdPnwrDJOuvSZMmSpcniyIJvyMjI2tkWQAQGRlZ6fIk3UUHDRqEY8eOCYGbvn37ori4WAjsvHr1SphHkl+pdDnZ2dnIyckR/n7z5g0yMjKEz1paWlJJzcsmOU9OTkZxcTEyMzMBQOb0cXFx2LZtGxo2bIivvvoKhw8fxq5du2Bubi637KdPnwqfGzdujJUrV+L06dP4448/0KVLFwAQEr+Xnb6uk7hHRUVh1apVyMrKUnierKwsrFq1SuHgFQB89tln0NHRwaRJkxATE4OzZ88CKGkJVxFl9tOmTZvi9evXyMnJAVDSbVcsFsPKygqA/OOJqsl7u2NtvPlREniVBJUk/2dnZ5cbB5TkzJIMz87Olhon+TsrK0v4DUlaW8krt6aWSUREREREtUvhFljx8fFSb3GysbHB2rVrsWrVKuHCf9WqVXJbYSnT/eT+/fs4f/48gJI8KSNHjsTYsWNx6NAhIbhy+fJlLFiwQGo+yRP30q15JF0RSyvdakJeeZLxw4cPh76+Pjp16oTly5djzZo1OHLkCLy8vODi4oJevXohMjISZ86cQa9evSpcVlmKzF+R0NBQdOnSBY0aNYKLiws2b96MzZs3o3PnzgrNLyEJ8JUOVjVr1gwAhJxPdWHevHn44IMPaqQsRYJh/fr1Q1paGjZt2iQM69OnD/r27YsmTZogPT0dAGBmZiaMt7CwqJH6VcWZM2dw5swZNGnSBF27dsXMmTMxbtw4uS2mJF2dgJL127FjR3h4eOD+/fvYsmVLue5OpadXhfj4+EqPIxKS4JWy3dpGjx6Nly9fYtasWcKw4cOHY9SoUbCxsZGZ902Z/TQhIQGtWrWCnp4exGIxzMzMoKenhzt37gCQfzxRdSL4Fy9eICoqqtzbZqOiohRKjq8syQs5JK1zbWxsAACxsbGIj49Hfn6+MMzAwAAWFha4dOkSAODevXto3749NDU1UVBQgFatWiE7OxtPnjwRyrWxscGrV6+ELoWxsbHCg5eaXiYREREREdUupQJYZZUNYlV281mV/CkAsHr1agwaNAhr1qzB+fPn8eLFC1y+fBlOTk7o2LEjxGIxli1bhpCQECxfvhx3796Fs7MzPDw8kJWVVeHbEyUqK++PP/6Avr4+Fi5ciPT0dLx+/Rr5+fnIy8uDvr4+gJJWF+3bt4ednR2AkuTgV69erfS7VXV+CwsLhIaGIjg4WHjzWk5OToVJlsViMVq2bImBAweWe8teQEAAnj59iilTpiA6Ohp6enpwc3PDvXv3cOXKlUq/gyIUbY1TV4msLS0t0b59e/j7+yM0NFQYnp2djb59+6Jv37746aef8OjRI9jb22PIkCEQi8Xo1q0bAJRrYSSvi2DZ6WXNK6+84uJiuLi4YOXKlfjpp59w48YNodWWWCxGcXGx0JVpwIABCAkJkblcSWsUc3NztG7dWript7Ozw+3btyuse11T9DhhaGio9DGlZcuWcHZ2xpEjR+Dv7y8Mz8rKwqhRo+Dm5iYk0QdK3p767Nkzufvp5cuXpZbh4+MDLy8vbNmyBcePH8fUqVMBlLwZFIDc48m/kbW1NTp06CAEhWxsbDB06FA8fvwYISEhePr0KWbMmIH8/Hy4ubnhzZs3OHXqFMRiMc6dO4ehQ4di6dKlsLW1haamJg4dOgSgpOuts7Mzdu7cieTkZHTu3BkHDhxAYWEhTpw4gfnz52P9+vXw8/PD5MmT8eDBA9y4cQOampq1skx537MmW5cSEREREb2rFO5CGB4eLrObhCSIJXmqLQlilZWVlVXlHCrPnj3Drl270KhRIyxfvhwAMH36dPzxxx/4/vvvsW/fPjx79gw7d+4EAMyYMQMxMTFYu3YtRowYISRPl3djLq+8xYsXIz09HcePH8eFCxdgYWGBcePGIS0tDWvWrME///wDb29v9O7dG2PGjMHLly+xbds26OnpVfrdqjp/cnIyli5dCjs7O/z+++84dOgQHj58iGnTpsmcfs+ePdDW1sbGjRvRsGFDqXE5OTkYOnQorl+/jq1bt+Kbb75BUFAQhg8fLiQar66a7JZWE//69u0LALh27ZrU8Dt37iArK0voRrhu3To8evQIs2bNgqurq/CmOkk3v7LfT95nWeuj7Lqp6HNISAhOnDiB4cOHY8+ePZg3bx4uXLgAHx8fFBcXw8/PD+np6Zg0aRJsbW1llrV3714kJSVh5cqVcHBwwLJly5CWloYvv/wS2tratbKtqsLa2lrhPFjK5NUDgFGjRgEoCSKVdu3aNaSnpwvjz58/j4cPH2LYsGEYO3asUvvpvn37sGzZMjg6OuLQoUNo3bo1PD09hfxy8o4nqmZgYICWLVuWG96yZcsqdxkfMGAAfv75Z3z99dcASl6w8PPPP8PDwwP5+fkYN24ckpKSsGrVKujr62PixIlCEvUFCxbgwoUL8PT0RNeuXbF+/XqcOHECQMlLLLZt24b+/ftj+vTpOH78uHB+uHv3Ljw8PNC4cWOsWLECd+/exdixY1FcXFxry5T3PYmIiIiIqPpExsbGCt9lurm5VZgnJi4uTmiJZW1tXa5b05EjR4QbuNqmoaEBS0tLoWvchg0bMHPmTPTo0UOqpQnVnfbt26u6CqQCkm5zyhg0aJDQaqky+/fvr5XcTMowMzPDo0eP4O/vDzc3N5XWpTp69+4NNzc3uW8hPHr0qMJvkiUiIiIiIqpJCnchBEq6T9jb25fLjwL8ryXW0aNHMWfOHKlxUVFRdRa8AoDTp0+jR48emDVrlpBv5vHjx7h7926d1YGkKdIaZ8qUKZgyZUqNLM/Hxwc+Pj41UhbVLVnHl7CwMACAk5NTuWlVGcAyNjaGu7s7gJI3OL5tzM3NMWrUKDg5OVXa6q1x48aYO3cupkyZgrCwMBw7dqxW8mIRERERERHJolQLLKCki8nSpUtl3mTKEhUVhY0bN1aYm6k2NGvWDFu2bEGXLl1QVFSEmzdvYvny5YiNja2zOpA0Sc4geUrnbqoJLi4uNVoeKS86OlrpeXx9fYVgSlZWFnx8fIRWP71798aUKVOkxksCSKrQoUMHBAUF4dmzZ5g4cSJu3bqlsrooq+y6VFbZbUNERERERFSblA5gSbi5uWHQoEEV3vxkZWXBz8+vTltekfpSJIDl7+9f5ZvpsrKystC/f/8aKYuqTtkAlrm5Ofbs2QOgJPj9ww8/lGvlY25ujjlz5ghB9BkzZrAlkJJKr+fq4vonIiIiIqK6oFQXwtKOHj0KPz8/ODo6wtraWkimHB8fj/j4eISHh9dpqytSb4p0IVy3bl2N5RA6evSoyt+mR8rLzs5GWFgYoqKiKuwa+OLFC6xcuRKDBg2Cvb09jzNVFBUVpeoqEBERERERKazKLbCIlNGuXTtVV4FUgN12iYiIiIiIqCZUuQUWkTLYGoqIiIiIiIiIqooBLKoTDGARERERERERUVUxgEV1ggEsIiIiIiIiIqoqBrCoTjCARURERERERERVxQAW1QkGsIiIiIiIiIioqhjAojrBABYRERERERERVZVm6cCCSCRSYVXo34wBLCIiIiIiIiJShKwYgmZlExDVBP623k3c7kRERERERFQTNHmDSXWBv7N3E7c7ERERERERVZdIJIKomHeYb7W4uDjY2NiouhpUTdyO/x7cluqB24Eqwt+G+uM2Un/cRnWD65mI6lp4eDjs7e1VXY0K1VN1BYiIiIiIiIiIiORhAIuIiIiIiIiIiNQaA1hERERERERERKTWGMAiIiIiIiIiIiK1xgAWERERERERERGpNQawiIiIiIiIiIhIrTGARUREREREREREao0BLCIiIiIiIiIiUmsMYBERERERERERkVrTVHUFiKh6zp07h5s3b2Lu3LkwNTVVdXWoClJTU7F58+Zyw01NTbF48WIV1Ojd9csvvyA2Nha6urqws7ND165dYWVlpepqkYqJxWKcP38ecXFxwm/j448/VnW1SI6IiAicOHFCatiIESPg4OCgohoRERFRdSkdwEpNTS13QWBtbQ1XV1fExcXBxsamxipHdScxMRGhoaEAwBu2t0hERISw3Xx9fTF37lwV14iqIjU1VanhVHtGjhyJvXv3Ijk5GREREYiIiOBNL8HPzw83b94UPiclJaG4uBiurq4qrBXJI+v4yWOqehCLxYiNjUViYiKSkpIAAJaWlrCyskK7du2gp6en4hoSEZG6qlIAKy4uTmpYcXExAMDb25sX+m+h1NRUeHt7Izc3FwAQHR3N1jxvgbJPl5OSknDixAmMGDFChbWiqrCxsYGFhQWSk5Olhnft2lVFNXp36enpwcPDQwhiAcCJEydgamrKBzTvqNTUVKnglcTNmzcZwCJSUmBgIEJCQoRrTgnJvYWuri66devGFo5ERG+BhIQEiEQiAIC+vn6dxA9qPAfWiRMnEBERUdPFUi2KiIiQupDIzc1FdHS0CmtElZHVNQIAXr9+zf3vLeXp6Qlra2vh88cff4zBgwersEbvBrFYXG6Ynp5euXXv5+dXV1UiNcMWkkTVJxaL4e3tjaCgIKlrThMTE5iYmAifc3NzERgYCG9vb5nHZyIiUh/Pnj1DQkICEhISyj2Iry21kgNLcmPNllhvB1mRUjbfVl8VBa9GjBgBW1tb7N27V2iKT28XXV1dmX9T7dm7dy9GjhxZbn9JTEyU+pyUlITU1FS2TCXBRx99pOoqUDVcuXIFeXl5wmddXV24uLiosEb/br6+voiPjxc+W1tbY+TIkcIxNTU1FcePHxemiYuLw8GDBzF9+nSV1JeIiNRTrSVxr04Qq7CwEGfPnsWlS5fw4sUL6OnpoU2bNhg5cqRUC4WqSE9Px927d+Hk5FStcv78808EBwdj7dq15cZFRkbCx8cHO3bsqNYy6oqDgwPi4uKELhIfffRRtYOPkyZNKtc8HAAsLCywbds2ufM+ePAAmpqa1d7WZYWGhqJDhw4wNDSs0XLrkrzglWSbeXh4YMeOHfDw8KiRm+3s7GzMnz8fTZs2xapVq6pdniwpKSmYPXs2Dh06BA0NjRovX97+qiqrV6+Wunkq6/z58zh//rzUsHbt2mHChAnVWu6hQ4fwxx9/YMmSJWjXrl21ypKl9LrevXs3GjRogNGjR9f4cmpKcnIyvL29MX36dKkgVtmu8gBqLIAVFhaGc+fO4fHjx6hXrx6aNWuGgQMHokuXLtUu+9SpU/jvf/+Lfv36IT09XW3Wv6x9vLi4GHv27IGWlhYmTJgALS0tFddSNlnBZMnNNwDh/CkWi2FnZ1elwNbx48fx4MEDfPXVV1LDr127hgMHDuDHH3+sWuWVVNvHYnVS9vgKQG4AKzc3FxMnTsT333+PJk2ayC07NTUVa9asQXZ2NjZt2oQGDRpUu75vs8DAQKnglYmJCdzd3aUelpqamsLd3R07duxAWloagJJ9KzAwUOmuurV93fK2XecTEamDgoICZGZmVvtaulbfQljVINb27dvxzz//YPr06WjTpg3y8vLg7++PVatW4dtvv0XTpk2rXKfbt28jMjKy2gGsrl27olOnTtUqQ504ODgIAayaajm3dOlSfPDBB0rPFxwcjNatW5cLYElyrUn62SrryJEjsLGxUSqAVVRUhHr1arynbZUoErwCSlrPubu74/jx43B1da123p4///wTPXv2REREBJKSkmBpaVmt8soqKiqCmZkZ9uzZU2s3TOq4v8oLXlVEVlBYGQUFBbhy5QrGjx+PgICAWglglTZp0iSl95+63ud0dHSQm5sLb29vjBw5EqmpqYiJiZEZwKqJVnH+/v44dOgQJk6ciM6dO0NbWxvXr1/Hnj17kJubi969e1er/JCQEEybNg3du3dHTk5Oja7L6hyDZe3jT548Qc+ePWv9d1hdVlZWMDExEW6qAWDQoEEASnJGHjx4UBgeExODZ8+evZXdf+viWPyuuHfvHoqKirB3716l9hd1uuaoKWKxGCEhIVLDXFxchODV8ePHIRKJMGLECOjp6cHBwQFBQUHCtCEhIVLTK6K2r1uIiEg5BQUM6uJtAAAgAElEQVQFiI2NhampqXoFsAYOHFjuBkvZ/uuxsbG4fv06tmzZIjzh0tHRwciRI2FhYSE8oU1JSYGPjw8SExMhEolgb28Pd3d36OjoYM6cORg4cCAiIiKQmZkJLS0tLFiwAImJiThw4AAKCwuxatUqrF27Fqmpqdi/fz8SEhJQr149dO7cGaNGjYKGhgZ+/PFHGBoaIiUlBa9fv0ZmZiY8PDxga2uL0NBQoZVBRkYGdu3ahadPn8LExKTcjbK/vz/8/f1RVFQEXV1djB8/Hvb29tVY02+/9PR07N69G0lJSSgqKkLTpk3xxRdf4M8//8Tly5cRERGBZ8+eYcCAAfjyyy8xatQonD59Glu2bMHSpUvh6ekJOzs7AMCBAwdQVFSEKVOmID8/H76+vrhx4wYKCwvh4uICd3d3bN26Fc+fP8f69esxZswYhIeHo0mTJsIT9OvXr+PIkSP47rvvcPHiRVy7dg1aWlpISUnBpk2bEBkZiV9//RU5OTnQ0NDAsGHDqn2jqaxz586VG1bRSxOsrKxgamoqtCypThArKCgI8+fPR/369REUFITx48cDAJ4/f44FCxZg/PjxuH79OlJTU9G+fXshaPH8+XPs2bMHz58/R1FRERwdHTFp0iSIRCLs2rULRkZGuHXrFmxtbTF48GCpp/4XL16En58fCgsLYWRkhMmTJ8Pa2hqvXr2Cp6cnpk2bhsuXLyM1NRXW1taYPXs2RCIRXr16BW9vb8THx0NbWxsjRoxAz549pfZXADh79iwCAgKE8qdOnYr33nuvyuvobREeHo733nsPPXv2xPHjx5GVlSUEdH/88Ufo6enh5cuXSEpKgra2NiZPnozTp0/jxYsXMDExwaJFi6Cjo4OdO3fCwMAAKSkpSEtLQ0FBAWbMmIFWrVpJLe/AgQNCC6D8/Hx4e3sjOjoaRUVFaNGiBb744gsYGxvL3Ofqip2dHW7evInc3Fz4+vrW6rLy8vJw+PBhTJgwAX369BGGd+vWDSYmJtDULDklv3nzBgcPHsTt27dRXFyMxo0bY9q0aTA3N8elS5dw+fJlNG/eHI8ePcLr16/xySef4JNPPsGWLVuQlJSEQ4cO4enTp0hLSxPWv+SY+/TpU5iZmaFbt244d+4cdu7ciYCAAISEhGD16tUASlovTJkyBfv27YNYLC53DM7Pz69w367oGPzq1Supfbyi82Jl+7iquLi4CC12dHR0hNZ6gYGB5aYNDQ2Fq6trjXfFr+i8aWxsDA8PD7nnRUX3vYULF0ptp5iYGPj6+grB0L59++LTTz8FUPKw6ezZs0LQZfDgwe9U4u2KrhELCwtx4MABZGVlYf78+Vi1ahUKCwsrvGYtez5s3bo1Ll26hCZNmuDRo0dIS0vDjBkzEBISgoSEBOTk5GD+/Plo1qwZ8vPzcfjwYeEBZIsWLTBt2jTUr19f7u+lLsXExJS7N0hOTkZQUJDUCxI++ugj2NjYwMbGRiqAlZubi5iYGKUersq6bsnOzsaMGTOwbt06tGzZEkBJ7pbFixdj7969mD9/foX7UGXX+e/qNQURkSIkwaucnBwAsh+E1q9fH0ZGRgqVVyOPedLS0hAfH48mTZqgVatWUv8qa2Zd1p07dyqcr3v37mjcuDEA4IcffkCzZs2wfft2eHl54dmzZzh9+jQAQENDA7dv38bSpUuxceNG6OnpISAgAHZ2dujbty8cHByEG9kffvgBDRs2xNatW/Htt98iOjpaOHFqaGggNDQUU6dOxTfffIPevXvj6NGj5ep17NgxaGpqYteuXVi9ejVu3bol9X1OnDiB5cuXY9u2bRgzZgy2bNmCzMxMpdZLTUpNTUV8fLzUP8lrjIGSXC9lx5fNB1NdFy5cQP369bFjxw788MMPaNu2LSIjIzF06FDY2NjAzc1N6FLy5s0b5OXlYf/+/ZU2wz9z5gwSExOxfft2bNu2DXfu3MEff/wBT09PAMDy5csrfbObtrY2YmNj0adPH2zatAn5+fnCttu1axe++OIL7N27FxkZGTW2PhQxYcIEqUSn8t74GRERIVwUVicJakxMDAwMDNCsWTP07NkTV65cQUFBAQCgXr16KCgowJs3b4TWkTdv3kRYWBgAYN++fbCxscGuXbuwefNmhIaG4vr16wAALS0tXL16FUuXLsWUKVOklhkbGwtfX18sXrwY27Ztw8CBA7F582YUFBRAQ0MD+fn5SE9Px8qVK7F+/XrcunVLeOnAzp07YWNjgx9//BFLly7Fvn378PTpU6ny79+/j1OnTgld3Dp16oS9e/dWeR2pyrlz57Bs2TKZrfIqEhAQgI8//hhaWlpwdnbGX3/9JYzT0NDA33//jZkzZ8LLywvFxcXw9vaGp6cnvLy8kJaWhhs3bgAo2fZhYWGYOXMmNmzYgD59+mDXrl1yl+3n54ekpCRs374dO3fuRGFhoXDMLrvP1SVlct54e3tX61j48OFDiMVidO/evdw4e3t7vP/++wCA06dPIyEhAV5eXti+fTusra2xc+dOACXbKTo6Gp07d8bq1asxZ84c+Pr6Ij8/HwsXLoS5uTmmTZuGsWPHSpV//PhxaGhoYNeuXVi6dCkuXryoUEsPWcdgeft2Rcfg0uSdFyvbx1VFclMLQKqraUUJS0ufU2tKRefNylR138vKysLmzZsxevRobN++HStWrMCpU6dw584d5OXlYe/evVi2bBl27NiBlStX4saNG8jPz6/x762uKrpGbN++Pdzd3dG0aVNs27YNDRo0kHvNWvZ8qKGhgdjYWHz88cdYt24dnJyc4OXlhaFDh2LdunWwt7fHb7/9BgD473//i/v372Pjxo3Ytm0bTExMsH//fgBV/73UNFnHzIiICAQGBgovnZEEryqaXpnjbkXXLQYGBnB0dMTFixeFaUNDQ9GpUycYGBjILVPedf6/5ZqCiKg2lA1e5eTkCEnfS/979uyZwmXWSAus1NRUuQdrZVqAZGdnV9qsLCMjA/fu3cP8+fMBlJz8e/XqhfPnzwu5Prp27So0gbe2tkZKSkq5cjIzMxEdHS082dXR0cHHH3+Mv/76C/369QMAfPDBB0I0sGXLlvD39y9Xzp07dzB69GiIRCJoa2ujV69ewoVJeHg4OnfuDDMzMwBAx44dYWhoiLt376Jz584KrZOaIhaLcfDgQZldY0qr6G1blpaWmD59usJPlTdv3lwuwjp69GgMHjwYZmZmCAsLw82bN2FnZ4dhw4bJLEMyf/fu3RV6+n7t2jV8/vnn0NLSgpaWFtasWSO0alCGgYGBkMdES0sLu3fvFr53u3btoKGhgRcvXigcKa4JNjY2mDt3Lvz8/JCWlgZbW1uZ05XuamhiYiJ146WswMBAoaWIsbExWrdujfDwcKkgoORmXFdXFx07dkR0dDS6dOmCRYsWCdusfv36sLGxEW7qRCIRbG1t0bBhw3LLvHr1KpycnIRgtZOTE37++Wfcu3dPCGz36NEDQEl3SQsLC6SkpCAzMxMxMTHw9PSESCRCkyZNsHv3bujr6+PRo0dC+e+9954wHCjZx8+cOVPldVSXkpKSEBMTg4iICMTExAAo2d4mJiaV5ghJSkpCSkoK2rdvD6DkLYeSAKFEhw4dhN95kyZNYGxsDB0dHQAlN+2vXr0Spv3www+F1lvOzs746aefkJ6eXuHyhwwZgk8++UTYH+3t7YXvAEjvc3XJysoKI0aMUCgQKOlqWDZflqKysrJgYGAAbW1tudOFhYUJxzEA6Nu3L86cOYPs7GwAQKNGjYRgl7W1NQoLC5Gamgpzc/MKy7xz5w7Gjh0LkUgEAwMDuLi4ICAgoNI6yzoGy9u3KzoGl/5tyDsvSlotyNrHVUkd3jio6HmzrKrue3fu3IGxsTE6duwoLN/BwQERERGwt7eHsbExAgMD0bt3b1hZWWHJkiU18C3fLopcI1Z2zSrrfGhhYYHmzZsDKDkWW1lZCd3gmjRpgr///htAyf42dOhQoXvzp59+Ck9PTxQWFlb591LTKgvmfvTRR0JreLFYjNDQUKXLKE3edUuvXr2wbds2jB8/HlpaWggNDRValcsj7zr/bb6mICKqTWWDVzWlVnNgVYWRkRHu378vdxrJhXDp4IGRkZFUforSQRaRSISioqJy5UimX7lypTBM0vxXVjn16tWTWU5mZqZUXqX69etL1bXsjU7ZutaVkJCQSoNX8iQlJSEwMFDh3B6LFy+uMAdWv379IBKJcO7cOWzbtg0dOnTA5MmThRuashQNFKWlpUmtf8kFRWFhoULzS5RtYn/x4kVcvXpVyAFTUFAg/F2X9PT0MHLkSERHR2Pv3r0YPHiwVHC4bJ4sZROflpaZmYnw8HDcvHkTP//8M4CS/Bw5OTlSAayy61tyoxkdHQ0/Pz+IxWKIRCIkJSVJ5bqpaJumpaXh9u3buH37tjAsLy8PaWlpQgBL1n4p2adK16f03xK5ubk4cuQIHj58CKCku5YqtmVVVNTNTZH9OiAgAGlpaZg8ebJUebGxscJ2KZ3jqV69euU+lz7+ydrPsrKyKlx+cnIyjh07hpSUFIhEIqntCZTf5+qSg4MDTE1Nce7cuUpfAVydIJaxsTGys7ORm5srN59Wenq61P4hWdeSc1/Z8xsAmeem0sqep+QFu2QpXR95+3ZFx+DSFDkvKnLurSulW2YDkKqnjo6OzHx2yuZLq+g6RdLyFFD+vClR1X2v7O8QKPktvnr1CiKRCKtXr8a5c+ewbt061KtXD8OGDXunuhACiv1OFblmLbueFT0Wp6WlwdfXF0eOHJGaNy0trcq/l7qko6Mj5JOTPGStTrC4suuW9u3bQ1dXFzdu3IClpSWysrIUytUq7zr/bb6mICKqbVXJ+VsZtQtgdezYEceOHUNcXFy5VltnzpyBtbW1MDwtLU04EWdkZCidEEzSHW3jxo0yb3QVZWhoKHXjVvrkWzbxa1XrWhMkN7kWFhblglCJiYlCfo+BAweWu7mQ3NjVZLeIvn37om/fvhCLxdi/fz9++eUX4QllWaVbX5Xt9iIWi4VWIsbGxlJP+tPT01FYWFjuAr1evXpSFxjyIsMRERE4deoUvv32W5ibm6O4uBju7u6Kf9FaYGdnBxsbG/j6+sLKygqDBg2SmeS9Ot0HL168iC5dumDWrFnCsKKiIsyYMQNJSUnC0/z09HThyXFmZiaMjIyQmZkJLy8vLFiwQMgVsX79eqnyK2pR16BBA/To0aNc10IAcgO/km1c+rjw/Pnzckn7jx8/jidPnmDVqlXQ1dXF/fv3sWbNGrnroq5Ijm9isRhxcXGVBlMUlZ+fj7/++gvfffed0LINKOliEhgYWKUk2qX3M0mXaHmB5h9++AF2dnaYN28eRCIRTp8+jdjYWKWXW1tsbGzg6emJ1NRUpKamCjeMe/fuLXfyrWoQq1WrVtDX10dQUJBUyzcAuHnzppD828TERGr9Srorm5qaSr3JSxkGBgZSx7nSLZpkHVPLkuyvle3bFR2DS1On86I8V65cQWhoaLkb6tTUVIjFYujp6cHGxqbc77h0jixFmZmZITExEcXFxVLHxidPnkgFGys6b8o7L1Z13yv7OwSkt5OlpSU8PDwAAHfv3sWGDRvQtm3bar1oR1ll3+aqq6uLr7/+us6WrwhJ139516xVze9mamqKESNGVPhiImWus2qLpaVlhcctKysrqWTuFT2MUTQJe2XXLZaWlujZsydCQkJgZWWFbt26CQFiefuQvOt8db6mICJSJU1NTdja2iImJkbpxiTyqN2rTlq3bo3u3btj8+bNuH79OrKzs5GamorDhw/j3LlzsLCwQP369dGuXTuhqXZ+fj6Cg4Ph6OhYafmamppCNwwDAwPY29sLybGLi4tx5swZXLp0Sak629ra4vLlyyguLoZYLJbKK+Pk5IQbN24IXW9u3ryJnJwclb51SXLRXfpf6YttKyurcuNrOhntjz/+KDzR1tPTEwJDgPQ2ksXMzEzIa5Seni6Vi8DR0REBAQHIy8tDXl4eNm3ahLCwMNSrVw8ikUgot2HDhkhISABQ0jpLVpN1iYyMDBgbG6NRo0YoLi7GqVOnIBKJqv1GuOrS09ODh4cHTExMsH37dpldoM6fP69UjiSJ4uJiBAYGlssXJnnRQenWCMHBwQBKbmwjIyNhb2+PnJwcFBYWCkm9IyIi8PjxY4XWmbOzM65duybcYL948QLff/99pRF8IyMjtG3bFufPn0dxcTGeP3+OJUuW4OXLl1LTZWRkwMrKCrq6uhCLxfjtt99QWFio8twt06dPh4eHB1xdXTF48GB4enrKbM1gYWFRblhlrT2uXr2Kxo0bSwWvAKBLly4IDw+X23KqIrdu3RKOa5cuXULz5s3lPgjIyMiAjY2N0GLn6tWrKt+HZDE1NRWOiVZWVvDw8BBuYkqTBLGUyc2ipaUFd3d3HD58GOfPnxcCIX/99Rd++OEHIVDh5OSEoKAg4Tfp7+8Pe3v7ah2H27Zti9DQUBQXFyMnJwdXr14VxpmZmSE5OVlYnrxzYGX7dkXH4NLU8bxY1rlz54RtJIukC163bt3KjZM1rDKOjo4oKCiAr68vMjMzkZeXh2vXruH3338Xgp3yzpvyzotV3ffat28vHNeBkqDnzZs30blzZzx+/Bhr1qwRjh1NmjSBpqZmnbc8kRVcVjfVuWatjLOzM/z9/YX18Pfff+OXX34BIP/3UpfkBXPT0tIQFBSEoKAguQ9sFAkIK3rd0qtXL0RGRuLSpUtCV2VA/j4k7zpfXa8piIjUgb6+PmxtbYWHBdra2mjSpEm5f7Lubyqidi2wAGDWrFk4f/48jhw5gufPn0NXVxcdOnTAhg0bhBuw2bNnY9++fUK+m48++ghDhgyptOwPP/wQv/32G2bOnImdO3di9uzZ2L9/P+bMmYOioiK0atVK6bfLubm5YefOnZgxYwZMTEzQs2dPIcGmnZ0dRo4cifXr16OoqAgGBgZYsmRJpQkj/w02btwoc/ju3bsxcOBA7N+/HydPnkS9evVgZWWF6dOnAyi5IPP19UVcXBwmTZpUbv7Ro0fDx8cH165dg6mpKZydnYXE4sOGDUNWVhbmzZuHoqIiODk5oX///hCJRHBxccE333yDkSNHol+/fti6dStWrFgBAwMDdOjQQebbpCT1CQkJwZw5c6Cvr4/hw4ejR48e2LVrF1auXKn0iwpqWrdu3YSbKRMTE6E5vuTV7pIkqSNGjFC4zKioKGRlZaFDhw7lxnXp0gXbt28XgiumpqZYuHAhsrKy0KVLF3Tu3BkikQiffvopli1bJiROHT9+PHx8fNCsWTO5y37//fcxZswYfPvttygoKICmpiaGDh0KHR2dSluUzZkzB97e3pgxYwa0tbXh7u6OFi1aSD39HTx4MHbs2IF58+bByMgIU6ZMQUJCAr766it4eXkpvI5qUumWpaW5urpKBQstLCzg6emJxMREqZZBlXUVDQwMRJcuXcoNNzU1hbW1tdTFuKI++ugj7NmzB0lJSdDT08PMmTPlTj9mzBj8+uuvOHnyJJo1a4bp06dj06ZN+Omnn9CmTRull19XJEGsmmqJ1adPHxgbG+Ps2bM4duwYRCIRbGxssGDBAiE/2WeffYasrCwsWrQIxcXFaNq0aaXrtzKS89SsWbNgaWmJbt26CeepDh064P3338eyZctgamoqBGBkdYdq3Lix3H27omNw6fxp8s6LquheL4vkuFmRmzdvwsHBATY2NuValFWUn1AeAwMDrFmzBr6+vpgzZw4KCgqE7S5p6SbvvCnvvFjVfc/AwACLFy/GL7/8ggMHDqBevXoYM2YM2rVrh+LiYtjZ2WHp0qUASh48jRgxotLj+7uqqteslRkyZAhycnKwePFiFBUVwdjYWOgmLu/3UpdsbW0r7Gqro6MjBNVkPSiQDFdkn1LkumX06NFo3LgxWrdujaysLFhbWwvTyNuH5F3nq+M1BRGROpEEsWJiYtCoUaNqt9QWFSv5OCYuLg7e3t5KLUSZJO6kHFldLWVJTEyEt7e3kHul7A3X8ePHhbfWOTg4SAU7KpuXqk/R7VgRsViMpKQkufmwym7X6kpJScHs2bNx+PBhhd5m9q5QdFsuW7ZM+NvU1BSLFy8uN01qaio2b94sfLa2tha67KSmpiIiIkLI31SXdu/eDTMzM7i5udXpcpVR3X2qrLJBw9J0dXWxePHiGm+pWtOKioqEfTUkJATnz5/Hhg0bVFyruqfIb+OXX36psDWPjY0NXFxchO29adMmqQDW4sWL1a475NumKsdRiW+//RZASeC+9AMAoOTlFZKAv7x5qXLKHGNlbQtAensoMk1N2bFjB1q1alWuK7c6qulzGRFRZcLDw2Fvb6/QtKVb2RsZGcltTZ+Tk4Ps7Gw0atSoWvXjXec7wtfXV7gYz83NFVrnACWBDknwSvK59NNnefOSepB0Cy3NwcFB6uIsIiIC3t7e1cqLJQuTlVZfamoqTpw4IbVtEhMTZSZslzA1NYWrq6vKbpTfte1eWXfCit7eqi7OnDmDtWvXIj8/HwUFBfjzzz+r1FLoXTFhwgR4eHjI/Ofq6ioEr65cuVKu1VhQUFCNH2eJ3maurq5SrZ0UZW1tXePBq9jYWERFRSnd24KIiKpHX1+/2sErQE27EFLNK3uBXTqZr6wcH6UvvuXNS+qtW7duSEpKEgKUcXFxSr1JkupOREQELCwshO5bgYGBNfrSBKo+ed0Jq/PmrLowYMAAPHnyBHPmzEG9evVga2uL4cOHq7pab6XU1FQEBQUhOjpaZiutiIgIREdHw87ODh9//DFbYxEBcHd3h6+vr1SX/piYGCGBvSQVgoS1tXWNvzBn3bp1SEhIwKxZs2S+IZWIiNSf0gEsS0tLpV+TrOjbQ6j2dO3aVSpRuYODg9TfV65cEW7IdHR0YGdnp9C8pP5GjhwJAEIQq6ZutBs1aoSjR4/WSFnvooEDB5a7+S29b7m6upbrqqsux9Lq5mN6m1UUxHJxcVFhrSqnq6uLuXPnqroab73SXerlyc3NFVozjx8/XuqcSjWn7HG09AstZLUwLD1M3rxU8yQvngkMDBSuOZOSkso9qNHR0UG3bt1qvOUVAKxYsaLGyyQiepeVzgVdVzm+lc6BRepF2RwEkunLXhgkJiYiJCQEQMmNWNkb59Lzls79QTWjtnMciMViBAYGIjU1FSNHjuT2q0XMV6Ee6nKfcnBwYIDiLVKd30bpfJGKqijHHVWMx1H1V51tJBaLERMTg8TERCGAZWlpCSsrK9ja2vIapRTuC0RU15TJgaUK7EL4DpH3NMvKykpoqaPsvKT+9PT02G2QqAZxn3o3VSW3VUVvVyN6V+np6cHBwYEt+omISGkMYBEREREpYMKECaquAhEREdE7i28hJCIiIiIiIiIitcYAFhERERERERERqTUGsIiIiIiIiIiISK0xgEVERERERERERGqNASwiIiIiIiIiIlJrDGAREREREREREZFaYwCLiIiIiIiIiIjUGgNYRERERERERESk1kTHjh0rVnUliIiIiIiIiIiIKqIpFmeoug5EREREREREREQCTU0N6OjooH59QxgbG0PTxMRY1XUiIiIiIiIiIiISaGjUg5aWFvT19aGtrQ1NM7MGqq4TERERERERERGRQCQSQUNDA9ra2tDR0YamsTFbYBERERERERERkfoQiUQQiQANDQ1oaGhAU09PV9V1IiIiIiIiIiIiklISxCr5p6mpqanq+hAREREREREREVWonqorQEREREREREREJA8DWEREREREREREpNYYwCIiIiIiIiIiIrXGABYREREREREREak1BrCIiIiIiIiIiEitMYBFRERERERERERqjQEsIiIiIiIiIiJSawxgERERERERERGRWmMAi4iIiIiIiIiI1BoDWEREREREREREpNYYwCIiIiIiIiIiIrXGABYREREREREREak1BrCIiIiIiIiIiEitMYBFRERERERERERqjQEsIiIiIiIiIiJSawxgERERERERERGRWmMAi4iIiIiIiIiI1BoDWEREREREREREpNYYwCIiIiIiIiIiIrXGABYREREREREREak1BrCIiIiIiIiIiEitMYBFRERERERERERqjQEsIiIiIiIiIiJSawxgERERERERERGRWmMAi4iIiIiIiIiI1BoDWEREREREREREpNYYwCIiIiIiIiIiIrXGABYREREREREREak1TVVXgFTnTV4uzp87AgAYOHg0tHV0VVwjIiIiIiIiIqLy1DaANXPmfDx//kJq2IYNX6Nt2zYqqhFw//4DLFu2Wvg8frwbhg0borL6VNfDh3dh3riJ8Let3QcqrhERERERERERUXlq2YXw3r375YJXAHDpUqgKavPvdTcmEjat28GmdTvEPYxRdXWIiIiIiIiIiGRSywBWRYGq0NBrKCgoqOPa/Du9flUSILS0bApLy6Z48+aNMIyIiIiIiIiISJ2oXRfCgoIChIZeEz5ramoKQauMjEzcunUHDg4fqqRurVu3wsGD+4TPWlpaKqlHTYiNuYX3bf/XZfB92w8QG3MLLt37qrBWRERERERERETlqV0A69atO8jIyBQ+f/bZIJw6dRZFRUUAgEuXQioMYIWEXMPFi5cQH/8YWVlZ0NDQgKGhAczNG8HGpiVcXJylcmi9efMGv/8egKtXw/HsWRJyc3Ohq6sDQ0NDWFlZwsamJfr27YNGjRoCAB4+fCQ3B9bo0RORn18SbPvgg/ZYvHg+zpzxw6VLIXj58iXq16+PLl0cMWbMKOjr65Wr/z//PMHhw8cQG3sPBQWFaNGiGYYOHYjWrVthxoy5wnT9+vXBjBlTq7J6S753Xi4Snsah4wdOwrDmzW1wOzIMb/JymcydiIiIiIiIiNSK2gWwLl0Kkfrcr9/HuHfvAe7ciQYAXL9+E68YLYEAACAASURBVGKxGHp60gGgI0dO4Pjx01LDCgoKkJeXh1evXiM29h40NDSEAFZRURHWr/dCVJR07qfs7BxkZ+fg+fMX+PvvW2jTprUQwFJGTo4YK1Z8g7i4eGFYamoaLlz4A0+eJGD16q8gEomEcVFRMVi/3gtv3rwRht2//xBeXtvRt29vpZcvcTHIDwlP48oN7/CBIwzrGwmfDesboVXrdjh6eG+5aZs1b4VefQZWuQ5ERERERERERNWhVgEssViM69dvCp/ff78NzMwaoEsXRyGAlZeXh/DwCPTs2U2YLi8vD2fO+AmfmzSxQqdOH6JePQ28fPkST548xePHT6WWFRNzVyp4ZW9vi7Zt30Ne3hukpLzEw4eP8OrV6yp/l/v3HwIAtLW1oaeni/T0DGFcVFQM7tyJRocO9gCA3NxcbNu2Syp4ZWRUH02bNsHjx08REHCxyvV4nvwMrv0/h6Vl00qn7ezUA52dekgNe/L4IUKvBFV5+URERERERERE1aVWAaywsBvIy8sTPnft6gwAcHLqjH37fpbqRlg6gJWenoH8/Hzh85dfzkWLFs2kyn7xIgWZmf/rmpiS8lL4u359Q6xZs7xcfR48eARjY6NywxXVvXtXzJrlAS0tLRw8eBSnT58VxkVFxQgBrMuXQ5GamiaMe//9NlixYjH09PSQkZGB1as3lAvAKarfgGH44/fT6OTYHa3fs1Vq3ocPYnAj/DL6DRhWpWUTEREREREREdUEtXoL4eXL/+s+KBKJ0KWLIwDAxMQY7dq1Fcbdvh0lFfBp0MAUmpr/i8Xt2LEbR4+exJUroYiP/wcFBQUwN2+EVq1shGlKdwvMzMzC+vVeOH36HMLDI5CUlAwAeO+9VjA3b1Sl76Kjo4Np0yYKid579+4uNb50/e/cke7G6OY2XOgiaWRkhM8/H4KqamBmjn4DhuFuTCSuh11SeL7rYZdwNyYS/QYMQwMz8yovn4iIiIiIiIioutSmBVZaWjpu344WPr//fhs0aGAqfO7a1QnR0bEASvJXhYaGYeDA/gBK3lTYv//HOH/eH0BJMvR//nkizKujowNHRweMHz8aDRuaCeW3amWNR49KclTdvBmJmzcjhXlMTEzQu3d3jBr1ObS1tZX+Pk2aWMHQ0FD4rK+vLzW+dIux16+luyo2b95M7mdllQSxPscfv59CyOWASt80GHI5AKmvU9BvwOdM6E5EREREREREKqc2LbBCQq4JXQQBIC7uH0ydOlP4d/jwCanpS7fWAoAJE8Zi8mR3tGzZolzZeXl5uHw5FJs2bUVBQclbAjU1NbFixWIMHvypzCTtaWlpOH36HHx9D1fp+xgZGUp91tDQqHDa4uJiqc+lk7vXFG0dXQwaOhZxj2IrnTbuUSwGDR3L4BURERERERERqQW1aYF16dIVqc95eXlS+bDKevDgERITk2BlZQmgJCA1aNAADBo0AGKxGImJSUhMTEZQ0J9CAvi4uHg8ffoM1tYlQS4jIyNMmjQOkyaNQ1paOhITk/D0aQLOnr2A5OTnAIA//7yCqVMn1sZXFkhahUk8fZoAY+P/5at6/PhJ2Vmq5E1eLrS0dCqdTktLB2/ychnAIiIiIiIiIiK1oBYtsBITk/DwYZzS812+HCr8fe1auNC6Sk9PD61a2aB7964YNmyw1DyS7novX77C3bv3heEmJsawtX0f/fu7wsXFWRiek5OD3NxcpeumjPbt7aQ+Hz9+WgjeZWRk4tSps7JmU1pycgJMG5hVOp1pAzMkJyfUyDKJiIiIiIiIiKpLLVpglQ5EAYCHx2T07+9abrqMjAxMmzYb/8/efYdHUe1/HH9vSS+kQUISAqF3AiLSFKQoAgKiFxTsDbHrVVEEESsI4kWvilwsV6k2LKAiIE2lQwDpPSSQQHrv+/sjsqRsspsQYC+/z+t5eB6yOzvznTNnzpn57pmzRUVFQMmvEY4ceTMAb7/9Hh4e7jRr1pSgoED8/f3Iysrizz83lVlHWFgoUPIrhBMmvEJQUCCNG0cSGOiPt7c3iYlJ/P77uXiCggJxd7+wI5F69uzGwoVfWyd2/+uvPTz00BOEhtbnxIlYsrKya2U7KSmJhNQPt/596lQsG/5YAUDXHv2o//d7IfXDSUlJJKJh01rZroiIiIiIiIjI+XC6BJbBYKBLlytsLufr60vr1i2tjwTGxydw4MAhmjcvSbRkZWUTHb2z0u0MGnQ9ISHBZV5LTEwiMTHJ5vJGo5G77hpdrX2pCXd3d5588hFee+0t6+Tu6ekZpKdnACVxn52gHijzi4vVEX8qlvZRXcnPy2VH9CYOH9pL9559AVjz21KaNG1Fh6gu1AsOZ2f0BjpEneeOiYiIiIiIiIjUgkuewDpw4BCnTsVb/27VqgX+/v6VLt+tWxdrAgtKJnNv3rwpDz/8AAcOHOLIkaMkJ6eQkZGJxVKMr68vjRs3onfvq+nW7Srr5xo0COPee+/k4MFDHD8eQ1paOpmZWZhMJgIC/GnZsjkDB15HkyaNL8yOl9O2bWvefHMyCxd+xd69+yksLCIysiHDht2Ih4d7mQSWv79fjbZxOuEk2VkZbPhjBX7+QQy/5S7rPFchIeH88fsKlv64kPZRV3E64WSt7JeIiIiIiIiIyPkyHDu2z2J/MbnQ0tLScXd3w82t7CTrhYWFTJkyg+3bd1hfe/PNydZRZ9WxI3oD8adiadU6qtLHA2OOH2LvnmhC6ofTIaqrzWVERERERERERC4mJbCcxIoVq/jkky9o27YVwcH18PT0JDU1je3bd5CUlGxdLiqqPRMnjruEkYqIiIiIiIiIXFyX/BFCOScvL4+tW6Mrfb9Nm1Y8/fSjFzEiEREREREREZFLTwksJ9GmTSuGDBnI7t17SUpKts7H5edXhyZNIunZsxtdunTGYDBc6lBFRERERERERC4qPUIoIiIiIiIiIiJOzXipAxAREREREREREamKElgiIiIiIiIiIuLUlMASERERERERERGnpgSWiIiIiIiIiIg4NSWwRERERERERETEqSmBJSIiIiIiIiIiTk0JLBERERERERERcWpKYImIiIiIiIiIiFMzWCwWy6UOQkREREREREREpDIagSUiIiIiIiIiIk5NCSwREREREREREXFqSmCJiIiIiIiIiIhTUwJLREREREREREScmhJYIiIiIiIiIiLi1JTAEhERERERERERp6YEloiIiIiIiIiIODUlsERERERERERExKkpgSUiIiIiIiIiIk5NCSwREREREREREXFqSmCJiIiIiIiIiIhTUwJLREREREREREScmhJYIiIiIiIiIiLi1JTAEhERERERERERp6YEloiIiIiIiIiIODUlsERERERERERExKkpgSUiIiIiIiIiIk5NCSwREREREREREXFqSmCJiIiIiIiIiIhTUwJLRERERERERESc2v9kAuuX/UmEv/qHQ8s+/9Nhbp+/+wJHdH4WRifQdvrGGn8+t7AYw7O/cSgxx6Hlq1N+F0NV8SyKTqDre1tIySm8yFGJiIiIiIiIiLNwigTWhuPpGJ79jVQHkxStg714bUBjh5Yd2iaIuzrXP5/wauT3o2kYnv2Ne7/ce8G35WI08N6w5tT1dnFo+eqUX+d/beazzafOJ7wax7P6cAofbTjJrw90xN/DfEFjKO1sfSz/r+f7W+1+dsmeRBq9/ucFj/FibUdERERERETEGVy8rEAtivBz5+4rHUtKdWtY5wJHY9vsDXEEeJhZFJ3AO0OaUcf9whW1yWjg0R7hDi9fnfJzREGRBReTocafryye3k386d3E/3xCOy/xL/WkTqnEmdFQ830srajYgsFgwFg7q/ufj0NERERERETEHqdMYD35/UFOpufhbjay81QmmflFPH1NAx7uXpKk+WV/Evd/uY/YiT0AKLbAh3/G8sGfscSk5hHgaWZCv0geuCqU5386TGxqLnNHtQHgdGY+T35/kN8OpWAwwPXNA5gxpDkBnraL4uTJk4SGhmKxWEhISCAkJMRu/Ck5hXy18zQfj2jF49/t54ut8WUSTOuPp/HIt/s5lJRD+/re3NAysMzno2Zs4h8d6rH8QDIbY9JpUdeT+aPbsPlEOpOWHSUlp4DbO4Xw75taYDCUPELo8cJqDo7rRtMgj2qX38qDKTy75CBHk3MxGkpGRK175Aqe/P4gf8VnMu6nQ7y28hgdQ7356s52RM3YxPUtAtgYk05CRj6vXN+Ybo3q8MBXe9lyIoP8omLahngzY0gzrorwte7XyoMpvLTsCHsSsjAbDQxvV5ePbmlZIZ6CIguvrjjKF1vjScstpFOYD/8a2py2IV7W8hnYKpDNJ9I5lZ6PwQAfDG/B1ZF+No9HYmIivr6+uLq6Wo+nI9zMRtzNFQcp5hdZeGzxfr7bfYa8wmL8PVx4/YYmdI3w5cGv93Emq4CmU9YD8OnIVrQL8cb/pbXMuLEZc7fFk5RVwIbHO5eMbru1Ff2aBQAQm5ZHg9f+IOWVa/DzMFdar/s29be5nf2ns/lsyyl+f+QKa6z3f7UXb1cz/xrajNScQptxfLkjgQ//jCM2LQ8/DzO3RgXzxg1NzispKSIiIiIiIlKbnDKBBfDjnkTWPXIFncN9OHAmm6gZm7iueSBNgzwqLDtz3QneWRvDl3e0o0uEL4lZ+cSk5tlc74gv/sLfw8y+57pSZLEwet5u7liwm6X3dbC5/FtvvUW/fv0YOHAgDz30EG+++SatWrWqMvb/bjmFt6uJW9rXY2NMGrM3xFkTWMnZhQycs4NXBzRmbLcwdpzKZPDHOwjwLPv43yebTvL1ne1oWc+LMV/vY8inO+nV2I/op7twJquAbu9t5voWgQxpE3Te5XfHgt28cUMT7r6yPoXFFtYfTwPgX0Ob8fvRVB7tEV5hhNQ3u86w7uErqO/rCkBMai5juobx9Z0BuJiMTF11nJs+28nhF7rj4WJkS2wGgz6O5pORrbmlfT0KiyxsOpFmM/bXVhxlYXQCyx6IoqG/O6+uOEb/2dvZ/1w3fN1NAHz31xnWjL2Cut4u/HfLKW6fv5vjL/awub7Y2Fj+/e9/M336dJYvX87Jkyd57rnnMJlMlR3CKn22+RSbTqSz/7lu+HmYic/IJyWnkMaBHsy+pSWPLj7Aoee7WZc/+2js2iMprH+sM64OJoYqq9eVbWf/6WyH1ls+jhAfN5bc14HGAR7sP5PNjZ/sILyOG09c3cDRIhERERERERG5oJxiDixbrm8RQOdwHwCa1/WkWV1Ptsam21z2vT9OMOm6SLo29MVogHrertbPlnYkKYc1R1KZOaw5fh5mAj1dePvGZvy0L4lT6fk21/3yyy+zePFiZs+ezZQpUxg/fjxr1qypMvb/bIhjdKcQXE0G7usSyq74LGtSaPFfpwnxceXRHuGYjAY6hflwb5eKI4LGdA2jY5gPHi5G7upcn8NJObx9YzP8PMw0C/Kgf/OSEUi1UX5uZiP7zmQTm5aH2WiodCRTafd3CbUmr6DkMcBhbevi5WrC1WRgYr9GZOUXsfd0FgAf/BnLPzoEM6pjMK4mA56uxkofD/x08ykm9IukeV1P3MxGJl8XCcDSvYnWZR7sGmad82tIm7rEpOaRkGH7GEZFRTFs2DAeeOABrrnmGoxGI0899RRZWVlV7mOTN/8kaNJa67/nfzr8d3kZSMstJPpkBvlFFkJ8XGlVz9NumY27tpHDyStwvF5XV/k4RnSoR5NADwwGaFnPk4e7h7PyUMp5b0dERERERESktjjtCKwgr7IjkjxcjGTkFVVYzmKBmJRcmte1n0A48XeCJsLP3fpak79HJJ1IzS2TkDnLz8+PZ555hgcffJDBgwczcuRIZs6cSa9evWxuY93RVPaczmbB7W0BaF/fm87hPny0Po5uDesQm5ZXYRRU08CKo6JC67hZ/+/lasLL1YhfqfmYvFxtl8dZjpYfwA/3tOe1lceImrGRAE8XHrgqjGd7R1S6boCwUvEBZOQV8cJPh1lxMJms/CJMBgNZ+UWcySwA4FhyLtc2tT+flcUCcel5NClVJiajgYb+7pxIzbW5fx4uRmsMwZXkdwYNGsTatWuZP38+TzzxBKNGjWLdunUMGDCg0ljWPXIFvqXmLvN2LRmxdXunEE5nFvD0Dwc5mJhDn6b+TB3UlJZ2kljly6wq1anX1VU+jqV7k5i+5jhHkkp+xTIrv4hmQbW/XREREREREZGactoElqMMBojwd+fgmRy7I4ca1HGjsNhCbFoe4X/fxJ+9aW9QKqlV2p9//slbb73F+++/z4oVK/jtt9+YPXt2pdv4aH0cANfNjra+lpFXyO74LP41tDnhddxYsqfsSKH4SkYOXSzt6nuz6Pa2WCzw5/E0bpgTTYdQb65rHlDpBN/l5zOf+MsRDiZm8/sjV1iTS/4T12LBAkCjAHcOnrH/iJvBAGG+bhxNzqFHo5IJ+IstcDwlt9JjZE9ubi4TJkzAx8eH22+/nfvvv58777yzyuQVQKivW5mk4Vkmo4Fne0fwbO8IUnIKeebHg9z75R7+fLRzlRO9l3/L281EbkGx9e/ErIIyy1ZVr21tp/z6zq7T27XsPpT+6JnMAoZ9tpPv7m7PDS0DMRrgX+tOsDA6odL9EBEREREREbnYnPYRwup4pHs4ryw/yqaYdCyWkpvyrbEZFZZrHOjBNZF+PP3DQdJyC0nOLuSZHw9xQ4tAm6OvAJYvX877779P69at2bVrF7NnzyYoyPa8U8nZhXyz6wzv39Sc6Ke7WP/tfa4r7i5Gvtgaz7C2dTmYmM2Kg8lASYJhzqaTtVcY1ZRfZGHutnhScwoxGCDY2xWz0YD578xVfV839juQeErJKaCRv7s1efXRhjhScwut74/tFsaXOxJYGJ1AfpGF7Pxi1hxJtbmuu6+szxsrj3E4KYe8wmIm/3oEiwUGtbJd7vZER0fTunVrJk2axOrVq3n88ce55ZZb7H4ur7CY3FL/8gpLkkOrD6ew42QmRcUWfNxM1HE3lyovV85klcyJZU/ncB9+3FPyWGRhsYXpq4+Xeb+qem1rO53CfNiTkMXR5JKRatvjMli2P7nKGDLziyi2WIgK9cZogKTsAuZsvHT1UURERERERMSW//kRWABPXROByWjgroV7OJGWS6CnCxP7RXKFjfmCFt3Rlqd+OEjzqesxYOC65gHMGNKs0nVPnDgRo7Ekzzdt2jTr/23575ZT+HmYuf+qsApzHT3ULYyPNsTxWM9wlt4XxZPfH2CS6Sh+HmZGdwzmm11narj358disTB3azxPfX+QguJiAjxdGHdtQ/r8/bjfc9c25P4v9zJrfRydG/iw/MGONtczqX8kdy3cQ6d3NuHlamJw6yAi/M49qnZlA1++v6cDLy07wpiv9+FmNnJzu3r0alxxdNGEfpEUFVvoO2s7abmFdAzz4dcHo6wTuFdXly5d6Nq1KwB33HFHlcewtJBXfi/zd0M/d4692J2T6fk8/O1+YtPycDMZ6RTuw3/+UTKxf8cwH26NCqbZlD8pLLbwzZ3tbdZDgDcGNuGuhXto9/ZG6nq5MrRNEPO2nxv5VFW9trWdvs38eWNgE66bvZ0QH1caBXgwuFWgzW2fFRngzpSBTbl21jbqerni72lmaJsgzYElIiIiIiIiTsVgsVgslzoIERERERERERGRylwWjxCKiIiIiIiIiMjlSwksERERERERERFxakpgiYiIiIiIiIiIU1MCS0REREREREREnJoSWCIiIiIiIiIi4tSUwBIREREREREREaemBJaIiIiIiIiIiDg1JbBERERERERERMSpKYElIiIiIiIiIiJOTQksERERERERERFxakpgiYiIiIiIiIiIU1MCS0REREREREREnJoSWCIiIiIiIiIi4tSUwBIREREREREREaemBJaIiIiIiIiIiDg1JbBERERERERERMSpKYElIiIiIiIiIiJOTQksERERERERERFxakpgiYiIiIiIiIiIU1MCS0REREREREREnJr5UgcAkPvTl6S/+xJFR/fbfN/1qt543nwPpvoRFzkyEREREREREZH/p9w9MIVFYgqsd6kjwWCxWCyXOojTA1pWmrwCCPh0Oea2V4DJKfJtIiIiIiIiIiKXv+xMik7F4Nr+qksdiXOMwKoqeQVg7nDpC0pERERERERE5P8VT2/IzbnUUQCaA0tERERERERERJycElgiIiIiIiIiIuLUlMASERERERERERGnpgSWiIiIiIiIiIg4NSWwRERERERERETEqSmBJSIiIiIiIiIiTk0JLBERERERERERcWpKYImIiIiIiIiIiFNTAktERERERERERJyaElgiIiIiIiIiIuLUlMASERERERERERGnpgSWiIiIiIiIiIg4NSWwRERERERERETEqSmBJSIiIiIiIiIiTk0JLBERERERERERcWpKYImIiIiIiIiIiFMzX+oALiRLeiqZCz4kb/VSCg7sBMCleXvceg/C+7axGHz9LnGEIiIiIiIiIiJiz2U7Aivnh3kkDGlP5uw3rckrgIIDO8mc/SYJQ9qT88O8SxihVNeKEX048uV/ASjKzWVRC18yjh2+oNvcOX0SG565v8LrhdlZrBjZl2PfLaj1bf404ApO/Pxdra/3UqmsDM+KWfo1vwy6qsbrzz2TwKIWvuQlJzn8mS2TnmTb5GeAi1eXHBG/djk/XNPS+veyoT049v2iSpe3V7ZyYVVVd2J++oYVI/qQn5pSq9ssXXcvN850Ll6OLnZ7UbrPvhyUb5/Lq0lfVF51+//z7T//l9mrX87UVlYnlvy0VBa18CU7Pq7W40jZu5MfrmlJVlxMra/7Yit/Pl7o9q2227PzPXedsX111mtrZ+eMx9LZXZYjsHJ+mEfq5LFVLmPJSLUu4zFktMPrTozezMqRfblpUwyudc6N4Ipfu5w1D9zMyP3pNQv6MlKYlck3nUIZvHIXXuENL8g2jC4udJo4DfeAoAuy/rNC+w6iKDuzzGuWwkLW//M+mt85lohBt1zQ7V8ObJWhM7lYdckRPk1b0u7JiZc6DHFQZXXn9MZ1HF74Kb0+/g4XH99LFJ1ta+4bTvzvKwAwurnjUTeEoI5daH7XwwS063SJo6u+r9rVpTg/DwDXOv74t+lIh3Gv4t+y3SWO7NJaPrwXTW9/kMjh565vnL0tdnZqn51Li3sex7dp5QlFKasoN4fNzz9Mtxmf4hUWcVG3HT3lRfJSkrhq6qwLto3/b+2bs9f/6l5b17SO7Jw+iaQdm7n2i5+qXC5myVccnDub1P27wWjEt1FTIm++nSYj7sZgdp50yMW4h74cXHYjsCzpqaTNeAEAj8GjCFkVg0uzcxeyLs3aEbIqBo/BowBIm/EClvTUSxKr1JzBZKLZ7WNw8a1zQbcT1LELwT36lN222czVHy5U8soOS1ERluJim2XoTC5WXXKEV2iDMjec/2uKCwoudQi1yt7+VFZ36l11Ndd+vsTpkldnNb/jIUbsTmb4xmNcPWsRbgFBrBjRl9hff6z0M858bHu8O5cRu5MZ8MN6XLy9+X3MSLBYqr0eZ9jHCxnDhWqLnaHcLrTigoL/+fb5f4kjdarBDcOo0+zC3MCfvX65XBQXFJB2aB9tn5xA3c7dLnU4F8T/t/btQtb/2uBM19Z//es1Nk96iogbRzDgx/UMXbefjhPeImH96gsy0lEuPOdJOdaSrAUfYskoSUjV+ecUDL5+BM5eStKDgwAInL0Ug68fdf45hZwl87FkpJK14EO8x7xQq3EkrF/NrhmTST92GKPJRN0uPek0YRoe9UJIP7SfX4Z2Z8jafbgH1i35gMXCkj7taPvEBBoNu7XC+n64piVXTfmQ4O7XApAdH8ePvVpZR4Jtf30cOafjMbm5kbp/N4XZWTS/+xGajX7AuvzmCY+T8tc2igoK8GvWiqjn3yQwqnOl+7Dp+bHEr19NQXoaHsH1aTXmn0TeNMr6fubxI0S/NYGk7Zsoys/Dr3lrrv7oK9bcOxSAVXcMwmA20+TWewnrO4ifru/IiN3J1kz3se8Xsf+Td7n++z8AOPD5LA4vmEN2/ElcfOvQcODNtHt6EkYXlwqxFeXm8nWHegxcth2v+uEs6d+hzPu5iadp9eBTtHtyot31FmSk89fM14j77WfyUpLwCm3Ala+/T2BUZ3ZOn0R2fBxdp88BIHl3NDumjCdl31+41fGn0c230/rBpzGYTOSnpbK4SwSdJk7j+A+LyE9PwyM4jK5TZ+EREmqzjIvz89nx1gSOL/kao4sLTW8fU2GZ0xvWsvOdyaQfOYibfwDN7zp3XMvLij3OlklPkbxrKwAe9erT7Z1PqdOsFVgsHJw/h0PzZpOdcArfhk3oMO516l3VsySWvDyip7xIzM/fYHRxpenoBzn23XzaPTGRBjcM48iX/+Xo4nn0XfCrdXubX3wUs6cXHV+cat3/qBfe5Pj3i8hPTabflys58N8PypRh4vZNbJv8TzJijuDXog0h1/Qvsw/2jlfO6Xg2T3yMxG0bcQ8IpNWD/7RZFqUdXvQZe2fPID8thdBrB2AwGjF6+gBl65JPoyYkrF/NjqkTyYw7jsFooE6TlvSZvwwoeaQvuGsvUvb9RWFWBlgsRI2fQt0rupaUYUEBez54i2PfL6QgMx2/Vh3o9OIU6jRvDWD3PI1fu5xNEx5jyNp91tgzY46w8rbrSN2/G5+IxnScOM26vfIKszLZ9c4rxK38iYLsDAKjunDFS29X+m2rvf2pqh07uz/Zp09hMJhIP7SX4O696Th+it22o7Ti/Hy2vfYsscuXUFyQj6uvH+2emkjDG0fYrXPl/fH4HXiGhNFx/BTra0e/mcueD6cxaHk0GAxVnk9xy5cQPfVFIgbfwslVv2D28KTvwuUc+HwWBz57n/z0VIwurjQaMpKoF96oUHfO9/jbUlXdLakfR4me11VCDwAAIABJREFUMp7E7Zswms2E9x9Ch2cnY/LwrHSdGAwYzGZMZjN1mrWi4/gpFGSks+21ZwnvPxgMBpYN7UFIz74k79xCbuJp2j7+InErl+IV3rDMKJSl/aOIeu41wvoPtpZfgwHDOLN1PQXpadS76hqixr2G0c0NsN+v1ITBaMRgNuMREkqz28ew6s5B5CadIeanb6tsS2zto6uff5V1vjx77aa9vreqOmcv9tBe15G0cxu5Z+LBYKDTpBnUu7I7218fR+rBPeyY9hJ7PpyGX+v29Jj5eZn+bM+stzk0/z/W/SjKyyE/NcXaR1d1nCqL2Z7aahfAfr94aP4c9s2ZSX5GGqG9rsNgMuHi6UOnSdPJOHbY7vWIrbrh4uVdpn221xfZaz8d6f/Ls9d/VrcPqKxtc6SMyquq77QXV/nybnzLXeyY8TJD1+7HLfDvERwWC0v6tqft4+NpNOw2VozoQ+Nb7qLxiLsA+22lI9dv5a9f3OsG2z0mtkaA1Ea7fWrNcvZ/MpPcpESCOl3Fla+8a72WrG55nq2/WyY9yZBr91mPvaPX3GePb1X12VJczKEFczg0bw7Zp2JxreNP67HP4uLlxZFvvsBSVETitg0A3LB0E5vGP1xlf1Ld+xZH27ecxIQatcml1eSeqrbP3dL135H7j2VDexA+YBin/1xF4o4t+EY2o+v0j0n+axu7332DvPRUGt04kismTQeDAbDfzlbn2rqqMotZ8pXNOmJ0dSVm6dfs+XA6WSdP4B3ekLaPjSes/+BKy7m8zONH2D1rOt3enlNm4EFQxy4EvTfX+mXX+d7f1VZbuvruG4Gy99At73u8Ztd6l7HLLoGVu2qJ9f9JYwYT+NESaxILwODrhyU9laQx5yp/7uqltZ7AMphc6PjiNPzbdKAwK4ONLzzM1slP0/P9+fg2bUFQ1JUcWzyflvc/AUD8H7+Rn5lOgwFDa7zNuFU/03feLwS060TG0UMsG9aDkB598GnUBEtxMU1H3kPwu59jNLuw9z/v8Pujoxi8Ygcmdw+b6wuM6kKH517D1c+fhN9Xsu7R0fi1aIN/6w4UZmbw252DiBgwjKumzMLs4Uniji0YzWZ6f/Yj33QK5dovllqHPzryDLRH3XpcPetLvCMiST9ykHVjR+AREkbzu6p+HNTo5lbmhv/Ez9+x5eUnaDh4hEPr3fDcgxRmZ5XEG9qA9KOHMNoYTpqXksyae4fS4p7H6fXxd2QcP8y6B/+BycXVehwBErdtos+8ZRhdXNj0/Fh2vjOZq6Z+ZDP2PR+8RcKGtVy3eC1u/kFET3mRzJij1vdT9u5k7ZgRdHv7Y0KvHUD6kQOsuX84HkHBhF8/pML6ds54Bc/QcK6etQij2Uz6kYPWR10PfPERB7+YRff3vsCveRtO/vYz6x6+lRuWbMCzfji7359CYvQmrv/+T9z8Atjx9qQysTjqzOY/6LdoBUZX1wrv5acms/bBW2j3xIs0ve1+UvbtYt2YEbjV8bcuY+94rX/qbjxCwhm6dh8F2Vn8+fgdVcZzesMaoqeM55r/fENQp6uIWfIVG58fS9OR99pcfsOzD9L+6UlEDh+NpbCQM9s3lXk/dsUS+n/5G26BQST88RvrxvyDQb9G4xYQyJ4PpxHz09f0+ngxXqEN2P3hW6y+ZygDf9lqHY1T1Xlqy+GFn3D17K/wb9mOQws/Ye2DtzB4+Q7cAgIrxj5uDMUF+fT76jdcff346703+OOR0fT/dg0Go+0Bt1XtT1Xt2Flxy5dw7Rc/lUmqVdV2lHf023kk79jKwF+24lrHj9wzCeSn1WxUbOPhd7Dx+TF0ePZV60X4scXzaHTTKDAYHDqfMk8cxezlY72wyDh6iB3TX+L6xb/j26Q5hdlZpB3ca3P7tX387dXdwuwsVt05mMibRtFtxicU5uSw/ql72DF9Ep0mTqtW2TUaOpKj384l/chBfJs0ByD21x/oM+8X6w1K3MqldteTeeIorv6B9F3wK8V5eax58BZ2fzCVdk+9BFSvblRXcUEBMT9/i5t/IG4BQQ71KeX38fSmP+zW+dLstZuO9L3l6xw41h/GrlhCny9+xi0wiKOL57Px2Qe4cfVuOr44lcStGyo8Qlha64f+SeuHShIuRbk5rLpjIH4DOlgvsO0dJ1sx21Nb7YK98zj+95XsnDGZXnMWE9C+E7HLvmP9Mw/QdMQ9DscKFetG/NqyN7H2+iJ77ae9/r88R/rP6vQB1WnbHFFV3+lIXOXLO+bnbzn245e0uPthoOTR7LzUZBpcX/E62V5b6ej1W1XXL5Wp27kHnqENHI7F0Xb7+PcL6DP/V1w8vdj80hP8+eRd1kRKTcqzfP2t7jW3vfp84PMPOfDp+3Sb+V8C219BXkoS2SdPENCuE8l/RVf78bCa3LecVVX7VtM2+Xxiq+1ztzL27j+OfTOX7u9+jm/j5mx56Ql+f/hW6l7Zg+u++528lCRWjOxLyNV9Ces70G47W91r66rKLGLwP2zWkdMb17HxhYe5+v35BHfrzck1v/LnE3fSZ+4vVSYLSzv1+0qMrq5EDLzZ9gIGw3nf39VmW2rrHro2r/UuF5fdI4QFB3ed+/+BnSSNGYwlPRWDr1+Z5FX5id2ra+l1HVh8VSPrvz+eKnthVK9LDwKjOmN0ccHVL4C2j71Awvo11vcbj7iHI19/bv37yFdf0OjGkXYb5arU79nXOoeJT2RTfBo2IWVPNFDyaFJY/8GYPb0wurrS5pFxFOZkk3Z4f6Xra3LrPSU3sUYjIdf0J6RHH05vXAeUXDgbjSY6jHsdFx9fDGYzda/oel6Z4AY3DMe7YWMwGPBt0pymox4gYf3qaq0jMXozmyY8So+Zn+PbtIXd9WadPMHJ337iyldmlnzLYTDg27gZ3hGRFdYdt3Iprj5+tB7zNEZXV+o0a0WL+x/nyFdlJ95r+cAT1pvn0D4DSd65tdJ4jyyeR+uHn8Wzfjgmd3c6PPcKBpPJ+v6hubNpOPgWwvoNwmAyUadZK5qNfpBjP9qe2Nvk6kp2fBzpRw4A4NukOe5B9QA4+MUs2jz6Av4t22EwGgnrN4igjlcRu7wk6Xv0uwW0fugZPILrY3Rzo/3TL9foufCWDzxV6cVf7PIleATVo9ntYzCYTAS0iaLxLWUv+qs6XpnHj3Bmy590fOENTB6euAfWpc0j46qM58g3c2k4dCR1O3fDYDTScMhIAjtU3vGZXN3IOHKA7Pg4DGYz9a7sXub9yJtvt34jHNyjDz4RjYn99QegZLRP67HP4RPZFKObG20fGw/AqTXLrJ+v6jy1pfE/7iSgTVTJcOzRD+AVEmbdXmnZ8XHELf+Rzi+/g3tQPYyurrR7ciIZxw+TdmBPpeuvan/stWMAwd16VxgRVlXbUZ7RzY38zHRS9+2iOD8f97rB1nO3ukKu7ovRxZWTq34B/q4vWzdYb+IdOZ9MHl60vPcx698GsxksFlL2RFOQnobZ06vS+lPbx99e3Y1dvgSjiwttn3gRk7sHbv4BtHtyIsd//LLaZecREg5AXmqy9bXIW+6sdORRZUzuHjS/s+QGyOjmRou7H+HIN3Ot71enbjhq4/iH+b57U765IozEzX/SfebnGIxGh/qU8vvoSJ0vzV676UjfW77OgWP9YeMR91jP3bBrbyD71AlyE09Xr/AsFjY8+wAuvv5cMXG69WV7x8lWzPbUVrtg7zw+9t0CGg29lcCoztZ6ENTJ9qjVqlRV/x3pi+zVJXv9f3n2+s/q9gHVadscUVnf6Whc5cs7cvhojn17ru04+u1cIgYOt3mdaa+tdPz6rfLrl8rU730dTUedmzy8ttrtNo8+j3tgXUwennR8YQqJ2zeScfRQjcuzvOpec9urzwe/+Ig2jz5PUNSVGIxG3APrnte8ijW5b6nARvtW0zb5fGKr7XO3MvbuPxqPvAf/1h0wuXvQ6KZRZMYcIWrc67jW8cOnURNCuvchZdc2wH47W91r65ocz6PffEHDQbcQcnU/DGYzYX0HEtp3IEe//cK6jNHVDaOre6XryEtOxLNefeuoMlvO9/6uttvS8mrzWu9ycdmNwKrA1jwYNZgbo7w+c5fh4nNuOPDpjb+z8blzwyrTD+1n17uvkbp3F0X5eWCxUJiVQXFeHkY3NxpcP5TtbzzHmS3r8W3SgrjfltL/q1XnFZObf9kRGSZ3dwozSyY0LMzMYOfbk4lfv4rCnGyMRhNF2VnkJydWur79n/6b498vIjclEaPRRG5KEnX+njAwM/Y4XhGRDn8r4IiTq5ex7+N3yTpxrCTmnKxKR6XYknniGL+PvZVOL06lXtdeDq03KzYGg9FkM2FVXvapWLzCG5VpBH0aRFZ4frr0cTC7u1OQVcmkkhYLOQmn8I5ofG55Ty88gs4NWc+MPU7a/t2c2XqF9bXi/Hy8GjSyucoO415n97/f5PeHb6MwK5PwAUPp8M/JuHj7kBV7nL/+9Sp7PnzLunxhdhaB7TqVxHI6Hs+wc98imtzd8QisZ6dUKvIMrl/pe9nxcWX2F6jwd1XHKzv+JGZPb2tSztbnK27zJKHXDqhym6X1/HAhez6YxrKhPXDz86fxP+4u8w2MR92yF4TudYPJSTgJFgvZCSfxanCuLhlMJrzCGpB16lwdqeo8tcUrrOwkjp7hESXbKyfzxHHAwOp7yn47bXL3KHnEqGVbm+uvdH+w344BeNg43lW1HeU1GjKSvKQzRL85nozjh6nX9Ro6PPOKdRRQdRhMJhoNvZWj384l/LobObZ4PvW69cazfklyxpHzySOoXpmbSO8Gjeg+41MOzJ3N5olP4NeiNa3HPkdo7+vLbvwCHH97dTcr9hg5ZxL4acC5/cFSDAYDhVmZmL28KyuqCnLiY0vi8wuwvuYZbPvR56q4+gWUeQTFvW4wuWcSsBQVYTCZqlU3HNXxhTepf01/XLx9Mbmfu5B1pE8pv4+O1HkrB9pNR/re8nXO0dhL16WzX34VZGaUaR/tiZ46gczjR+g7f1mZxJu942QrZntqq12wdx5nJ5zCr9yoLq9SI2QcVVX9d6QvqrIuubra7f8rbrPq/rO6fYDDbZuDKus7HY2rfHlHDLqF7VPGk7w7Gt+GTTix7Ad6f1bxyxuw31Y6ev1W1fVLZfZ/9gHJO7fSbcbHDsVir90+q3Tf7xYQiMnDi5yEODC5UJPyLK+619z26nP2yRN4N2pa5Taroyb3LeXZat9q2iafT2y1fe5Wxt79h0e9c/Xb5OGFycOrzA+SmT09KcjKKInJXjtbzWvrmhzPrFNxBHfvXeY1nwaRpOz/y/q3i48vLt6VzzfqFhBEzpn4knv/SpJY53t/V9ttaXm1ea13ubjsElguzdpZR2G5NGtnnfPq7ETtpefEKr1cdXnUCylz0rv7B5R5f/0/7yX02gF0fWs2JncPUvbu5NdhPbH8nTwzubsTOWwUR7/+nDot2+Hfsi1+VTRQZk8vivLyrH/npVTvZ5p3zXyN9OOH6Tv/V+ujR99eGVFpMi9u+RL2f/IevT/70Xoj+fvDt1mX9w5vyLFv5mIpLq6QxLKV1HL5++QqysvFbPausA95SYn8/vBt9PxgAfWv6Y/BaGT/Zx9w4qevHdq//LRU1j14C01vvbfMIxP21usVHoGluIjME8fsJrE864eTdfJ4mdcyThzDMyTMoRgrMBjwCK5f5htzS2EhuaXKxSu0AXUat6DTpOm21lCBm38AnSZOo9PEaWTGHGX9k3ez7z/v0O7pSXiGNqDDM6/Q4IZhNj/rUS+E7LgTBLTtCJQ8v56TdC42s5cXxaXqIJQcQ7OnV4X9qoxnSBinVi8r81rOmYRz67NzvDxDQinMzqQwMwOzd0kCOcfOiAPPkFDySm0DSuZIc4mw3eD7tWhD95mfgcXCmW0bWfvAzfi1bEtIz75AyZxUpWXGHCH02hvAYMAzOJSs2OPWEUmW4mKy4k7gVb+GdQTILvdz19mxMYRdO7DCcl5/30T3nbfs3JwhDqh0f7DfjgEYyh1ve21HeQaTiZb3P0HL+58gPzWF6LcmsHn8w/RdtMLxOldKo+G388uNXck5Hc/R7xbQ4dnJ1vccOp9s1N+w/oMJ6z+Y4rw8jn47jz8eHc1NG45iMLuU+VxtH397ddcrLALvsAgGLN1Yo/WXduyHL/EIDsW3cbNzL5YrC7OXN0W5uWVeKz1i62x8pS+oMmOO4F43GIPJVO264ShXnzoVkjYO9ynl9tGROl/6s/baTYf63nIxnG9/CIADXy4dWvAxMUu/pt+XK63tKTh4DlfRzttSm+2CvfPYM7h+hXYz6+QJ/Jq2Auxfjziyj470RVXWJQf6/4rbrLr/rEkfUFnb5nAZlVJZ3+nTuLljcZUrb9c6foT3Hcyxb+fh17IdXqHhBHXsYvOj9tpKh6/fqlmvAQoy0ynITHM4Fnvt9tlHZbNOxpSMkALykpMoysnCIzjMmkivbnmWVpM2xl599gxtQObxwxVGrYPt+wJ7/Ul171vKq6x9q0mbXF51Y7sQ5+6FZredrea1tb0ys1VHvOqHkR1b9rzNPHEMr7+/lASIvGkUETcMr3Q/6vfsy7ZXn+XEL4tpYGs5i6VW7u9qqy21WQ61eK13ubjsHiF0v/bc3Falk1dJYwaXeZzw7JxY5T9TW/LTUqnTtCUmdw8shYUc+PTfFZZpPOIeYn75jsML5tD4H3dXub6Ath05uepnoOQiZ//H71YvnvRUvMMjrI3G4QWfUFDFry/mp6fi6uuHz9+dZ8qeHcT/cW6EWFjfQRQXFbJz2ksUZmZgKSwkcdtGinKyMXl4Yvb2JePoQevy7kH18AgJs+5DXkoyR0sNzSzIzsRSXGx9vK38+1UpLijgj8dux691FG2feLHMe/bW6xXagNDeA9jy0pNkn4oFi4WMo4dszkMR1ncQ+akp7Pv4XYrz80k/tJ/9H79L5C13OhSnLZE3jWL/p+9bb9IPzJ1NUU6W9f2mo+7n6PcLiP31R4oLCrAUFpK6fzeJ5eZlOuvEz9+RdfIEUDKSwuTujsFUkqdudsdD7PrXKyTvjgaLhaLcHE5vXEfm39++NRp6K3tmTScn4RTF+fnsnPEylsJC67r9W0eRdnifdfmUPTs49fvKau1vWL/BZBw/TMKfJXUpLzmJo6UepbV3vLwbNiaoU1f2zvkXUPJLQfs/qfpciLxpFMe+X0hOfMmooqSdWysdJl+cn8+x7xeVXEAaDLgH1sVoNpeZE+3oN3NJ/ms7lqIiDs79iOyEU4T3L5l0MXL4aPZ+NJ3M40cozstj97+ngMVC/V41/xbm8Nefk7J3J5aiIg4v+ISsU7HW7ZXmFdqAsH6D2DTh0ZK6DOSnpnDi52/LHMfyqtofR9qx8uy1HeWd3riOlH27sBQV4eLtg+vfjyRDzeqcb+NmBLbtyKYXH6EwO5PwfufKqrrnE5TME5Pwx28U5eZidHPDLSCoZBJ0G9/O1vbxt1d3w/oOoiArk93vvUlhZskk/FknT1gfoayUxYKlsJCi3BzSDu5jx9QJHFs8n07jp1Z54R7QpiMJ61dbbzoOzZ9TsR+xWIh+awJFublkn4plzwfTrBN1V7duFKSnET3lRbLKXcA6oqZ9SnXrvL12s7p97/nEXpp73eAyfXB58WuXs/Ptl+k5a5F1hGLpmKtznBxRm+2CvfO40dBbOfbDIpKit2ApLubEz4utEwOD/esRRzjSF9mrS/b6//Ls9Z/V7QOqatuqW0ZV9Z017ZsAIm8ezfElX3Hky09pNPz2ypdzoK2syfVbYvRmFrXwrfKXyorzcinMyalWLI6023ven0peUiJFuTlETx1PYNSV+EQ2Pa/yPKsmbYy9+tx09APseX8qSTu2gMVCXlIiyX9tB8C9XgiZMUewFBVZl7fXn9Sk7TzLXvtW0/XWdB21fe5eDPba2epcW4P9MrNVRyKHj+b4kq9JWL8aS1ERJ1f9QtzKpWXagqToLcT9du4HFMrzbtiYNg89w+aXnuTQgo/JiouhMDuLxO2b+OOx28mKiznv+7vabEtt3UPX+FrvMnbZjcDyum0smfM/wJKZRtqMF6jz9Jtl5rw6O7F72tvPA2DwroPXbVVPEl4TV77yL7ZPeZEDX8zC5OJKg4E3c+z7hWWW8W3SnMC2USTv3kHEoEoml/tbu6cnsXHcQ/wyuCtuAUGE9R1UrWdf2zzyPJuef4hfh12N2dOT+r0H4Fm/8iH1DQf/g4T1q/nlxq64+Qfi07g59a/pZ33fxceXa/9b8ksdS/q1p7ioCP8Wbbh6VklMHZ6ZzKbxj1CYm0PzO8fS9rEX6Dr1I7a9+iz7P30f14BAQq8dwKl1K4CS4ZcdnpnMqrsG4eYfhEsdP8L6DXJoDqy0Q3s5vXEt7oH1+OGac48jNL9zLC3vf8LuertO+w87Z7zCyluvIz89Fa+wCK58/d8VRmS5+QfQ6+PFRE8Zz54Pp+Hq60ej4aNpec+jjh0EG9qMfY7oqRNYdtPVeASHEtTpKnxKDcEOaNeJqz9cyO733mDzxEfBAr6RzWg99jmb60vetZXoKePJz0jD7OFJ/Wv60/KBJwFocddYzG7ubHp+LFknT2B2c8e/XUc6vlDyi21tHnmegox0lg3tjsHsQrPbx+AV2gDT39/2+UQ2pd1Tk1hz3zA8goLxDIuoMHzYHjf/AK7+6Cui33ge47tvlPzyzY0jiF32PeBYPej+zmdsmvgYv950DS6+fjQYMNT6eVuCu19Lm8deYM19N+EaEIRXaDgNBtxke2GLheM/LCL6zecpLizEtY4/Le9/sswjqU1uu6/kV77278anQSRXf/SV9Ruz1mOfxVJcxOq7h5CfmY5/q/b0+uQ76wTeNdFk5D1se+UZm9srr+vUj9j9/lRW3VHyK2xufgHU7dKD8Osq/3GIqvbHkXasPHttR3k5p0+xdfLTZMefxOTqil/rKDq/+h5Q8zrXaPjtbHnpcZqNerDMY1/VPZ+g5FuzXTNfI/3IQQxGI16hEfR4by4mD88K3x7X9vG3V3ddfHy59vMl7Hz7ZZYOuILCnGw8g0OJHD66ynI68MUsDnwxC6OrGx51QwjseBV9Fy63O2dDo2G3kbhtA78M6YpHcBj1OnfHu0HZdtIrLAKvsIYs6dceS2EBDQYMp80jJf1tdetGQXYm+z99j7B+g62TmTqqpn1Kdeu8vXazun3v+cReWsv7n2TLhEc5tPATAtp0pPdnZdvIQws/obggn9/Hlv3V4xtX7a72cXJEbbYL9s7jkKv70e7JCax/6m7yM9MJ7XUdDa4bem5uI4OhyusRR9nri+zVJXv9f3n2+k+oXh9QVdt2dl0Ol5GdvrMmfROUtIFmd0+S/4qm5weVn4f22sqaXr9ln4zBp1GTKh/txGLBwLmRN7XVbkfcOJKVo/qTm5RIYFQXus88l/CoaXmeVZM2xl59bnH3IxiMJjY9/xBZp+Jw8wugzcPPEdC2I41uHMnJFUv4rltjLMXFDPvjkN3+pCZt51lVtW/ns96axlbb5+7FYK+drda1NfbLzFYdqde1F1e+OpNtrz5HdnwcXmERdJv+MUFRV1o/d2bLHyTt2FxmHrry2j45AZ8mzTk0dzbRUydgMBrxjWxGo+Gj8QwJw2A2n9f9Xa22pdi+h67Jtd7lzGCxOS7+4jrVouqhmvW2pVdrfTk/zCN1smNJKf/p8y/ICCxHbRz3EEZXV658tXojqkQutKLcHL69MoL+X62q8vHW/0+WDe1Bi3sfp9HQkZc6lFpxue2PXFpxy5cQ/dYEBi2v/EcJLndqN53Tb6MHEH79MJrf+dClDkX+h2wa/wghPftU/gtmwM7pk0jasZlrv6h8FIiIyOWgaPdWXLv0tr/gBXbZPUII4DFkNH6TPsTgXafSZQzedS558irj6CFO/PIdze/QBZVcermJpzm9cR2W4mKKcrLZPmU8Po2aUqd560sdmoiIU1K76Zxil/1AcV4elqIiji6eT9KubYT3v3TXe/K/qcsb71eZvBIRkYvvsnuE8CyPIaNx7z2IrAUfkrtqSZkJ292vHYzXbWMx+PrZWcuF88fjdxC/biWtxjytC11xCsUF+Wx/fRxZp2IxmkwEtL+Cnv+eV6u/NCkicjlRu+mcjnz7BZsnPgaAd4NIrvlwYYW5cERqQ7M7xxKZXfO5UEVEpHouy0cIRURERERERETk/OkRQhEREREREREREQcogSUiIiIiIiIiIk5NCSwREREREREREXFqSmCJiIiIiIiIiIhTUwJLREREREREREScmhJYIiIiIiIiIiLi1JTAqqb4tcv54ZqWF2VbSdFb+LF3G3LiTzr8maLcXBa18CXj2OELGJlz6TFnDx9vPQNAbmEx5pc3cygp94Juc/yKWO785n+jjOMzCzC/vJnErELAuWIvfexScwoxv7yZ2PR8h5aXsvLTUlnStz0Jf/xWo8/XpG2LWfIVP/ZqzbdXRhC38qcabfdiWzGiD0e+/G+F19MPH+Cn6zuRsnenU8RzMVyI/uL/Ux9U/pzZOX0SG565/4Ju8/9T+Toi90wCi1r4kpecBFycYyAiIiKXjvlSByC2FWZlsnnCo3R/93M8QkId/pzRxYVOE6fhHhB0AaOrmcy8Ivze3MahJ9rTyN/tgmzDxWhg5sAI6npd2Kp9Yws/svKLLug2LhRniv3pbiG0qutxqcO4LGx56Ula3PMIwT361OjzPk1b0u7JidX6zNZXnqH7zP8S3K13jbZ5KbS453F8m5ZN1OWcjmfTCw/R49/zqNOs1SWPpyZOrvqFba88w+BVf9VCVJef6CkvkpeSxFVTZ12wbYT2HURRduYFWz84dx/vDGr7GCwf3oumtz9I5PDRtbZOERERqTklsJxU6oE9RD3/OoHtr6jW5wwmE81uH3OBonJ+JqOBR7oEX/DtdGvgfcG3caE4U+w3twm41CFcEJaBXLohAAAgAElEQVSiIjAYMBgvziDXnNPxBHfrRZNb76nxOrxCG1TrJi0/LZX8tBTqNK15wqe4oACji0uNP18TDW4YVuE1j3oh9PuyZiPXzpeteP5XXIrj58yCOna54Nv4/97H23MxjoGIiIhcOkpgnaeE9avZNWMy6ccOYzSZqNulJ50mTMOjXojN5be/Po6sU7EYTS5kn4qhMDubpqMfoOlt9wGQHR/H5gmPk/LXNooKCvBr1oqo598kMKqzdR2H5s9h35yZ5GekEdrrOgwmEy6ePnSaNJ2i3Fy+7lCPgcu249OoCdtfH0fO6XhMbm6k7t9NYXYWze9+hGajH3B4e+Xd991RVh5JJzW3iDBfF8b1rM+dUee+Df7tSDovr4pjz5lczEa4qZU/H97YiOs+3w9A38/2YzYZeLBzXYa28KPle7vIfakzZqMBgHk7k5jxRzxbx7YB4L2NCXy0+TSx6QX4uZsY2TaA1/qG42IyVIgtt7AY79e2su+xdjSo40rzmbvKHq+sAp7rWZ9X+oTZXW96bhGTVsXy4/40ErMLaVjHldlDI7kq3IvxK2KJTcvj85ubALDtVBbPLjvBjvgcAjxM3N0xiHE962MyGkjNKSRo6nZmDoxg/s6kknLzceXTmyIJ83UFSkanTfwtlh/2pZGRX0jXBt68N7AhDf3crGUwc30CKbmFuJkMjG4fyLTrI2wen1MZBYz58Sh/xmRR18vEuJ5lR/CVjj2/yMITPx3n+30p5BVZ8Hc382rfMG5rF8j3e1N49tcT3NImgD9iMkjNKaJ3pC9vXReOm9lYK/vdY84e7u1Yl/uuqGuN75eDabz95ylOZxXSvYE3s25sZF2+vNVH05mwMpZ9iXkEeZp4omswY/9OYB5LyePhJcfZfDILgDAfF+bd0oQ29SqO+IpbvoToqS/SYMAwzmxdT0F6GvWuuoaoca9hdCs5BpueH0v8+tUUpKfhEVyfVmP+SeRNo4CSZM7iLhFEvfAmx79fRH5qMv2+XEnMz4s5vGAO2fEncfGtQ8OBN9Pu6UmV3vQvG9qD8AHDOP3nKhJ3bME3shldp39M8l/b2P3uG+Slp9LoxpFcMWk6GAwV4tr/2b/LxFWcn8+2154ldvkSigvycfX1o91TE2l444gK245fu5xNEx5jyNp9AFW2HWkH9rBu7K0ArBjZD4PJxMBftpKXmsz215/n9IY1YDAQ0rMvHV94A1e/AOv+hfTsS/LOLeQmnqbt4y+yZ9b089rn8scCIPP4EaLfmkDS9k0U5efh17w1V3/0FS4+vqwY0YfGt9xF4xF3ARCz9Gv2fDidrJMn8A5vSNvHxhPWf/C5evHWBBoOvZVTv/1Mfnoq9bpeQ+eX38Fgtt19ZsYcJXrKeBK3b8JoNhPefwgdnp2MycPT5vKl47G3vcqOZ2CHK9k88XHykhNZ2j8KgCvf+IB6V3a3W1al2evPtr8+juzTpzAYTKQf2ktw9950HD/F5rocXWfC+tXsmDqRzLjjGIwG6jRpSZ/5y2q0LktxMYcWzOHQvDlkn4rFtY4/rcc+i4uXF0e++QJLURGJ2zYAcMPSTRz7bgFHF8+j74JfrdvY/OKjmD296PjiVMB+XStt5/RJZMfH0XX6HPbMeptD8/9jfa8oL4f81BRG7E7GYDbbXW/C+tX8NfN10g7vx2gyEX7dEDq/MrNCH19cUMCeD97i2PcLKchMx69VBzq9OIU6zVtbj1lV1wAApzesZec7k0k/chA3/wCa33Xu/azY42yZ9BTJu7YC4FGvPt3e+dTmSEVH2tGqzo+z7WinidM4/sMi8tPT8AgOo+vUWdaR6Dmn49k88TESt23EPSCQVg/+s9JjcL7b2/76OFIP7mHHtJfY8+E0/Fq3p8fMz8Fi4eD8ORyaN5vshFP4NmxCh3GvU++qntWu0yIiIlI9SmCdJ4PJhY4vTsO/TQcKszLY+MLDbJ38ND3fn1/pZ06u/Im+C5YTGNWZ7Pg4lg/vhU9EJME9+mApLqbpyHsIfvdzjGYX9v7nHX5/dBSDV+zA5O5B/O8r2TljMr3mLCagfSdil33H+mceoOmIykdexK36mb7zfiGgXScyjh5i2bAehPTog0+jJna3Z0vXcG+m9m9AgKeZ5YdTuXnhYdoFe9CxvhdbTmZx47wDzBkWyc2tAygssrD5ZMlw/l/vbIHfm9tYeXcL6yOEjsxVFeLtwvejmtHY3539ibkMW3CAMF9XHu9a9UgrN7OR4//sYP37m93JjF1yjNvaBTq03rsWHyEzv5iVd7cgoo4bB5JycbExoCYpu5ABn+/n6e71+fmOFhxMymXIvIO4mow80+NcInN9TBar72mFi8nAfd8dZcLKWD69qTEAd393lPyiYv58oBX+HmYmr4rjloWH2DimDYeScnlheSxbxrShZV13svKL2H06p9L9HvX1IcJ93Yh5ugOZBUWM/PJQpcv+d3sim+Oy2PNoO/w8zMRnFpCSc+7xwiMpeQR6mllzbyvyCosZPO8gr605yat9w2tlv22ZuyORNfe2wtvFVHK8vjrM2vsq3ixFx2czZP5B5t7chEHN67AvMZdBcw8Q4u3KTa39mbAyjgg/V74f1Qyz0cD/sXff4VFViRvHvzOTnpBCEhISCAk1dHBDU1CayCIKIriwdkUF1gIrKordVVnFtSP6E0VBAQWRojSlaKQISO+kdwhpJJM2yfz+iBkZUimaUd7P8/iYe+fec85tA3k559wjmUX4uZtqrDc/KQ4XP38GLVhLeXExm+4dzYFZ/6XzlKcB8O/Wk66P/gcXXz8yor/nx/tvxrddR/w6/HaPndz+E4MXfYfRpSJwcw9sQr/ZX+AVFkFe7DF+nHgT7sGhtL19Yo3tiF8yn8vf+hTvlm3Z8fRDRE8aS2CPKxjydTTF2af47h+DCO43iNBBw+psV9xXn5G1ZyfDVu/ExceXopMZlOTm1Fj32Wr67vBp24Grv9zA130iGLzoO9wCK56ZLZNvx9nbl7+v2oG1vJytU8ez9dF7ufKDxbYyk9cuZ+Bnq22hw8HZMy/qMVvyT7P+tmsJGzqSXjNm4+TuQeaeHRirCZxObPuRbY9Pot+7nxPUpz+pm9ay+aHbGDh/tS3Ez0+MxdXXj6u/2kRZoZm1N/YnftlCIm68pUp5FnMBG24bTsQN/6TP/z7CUljIlil3smfmM1z21Kv1Oue11VfT9fQKi6DHC2/xy/NTuXbdbrvy6nPfVqrPn2cp61YyYN63BP6td72Op64ytz5yL13+/QwRo27GarFwctfP513W0U/f4+jH79LnzU/w7/I3irNPYU5NonHny8jav/u8hhCey/k7U4cJD9NhQkW4UlZUyIZbh+E7tKst+Kyt3Kx9v/DDvWPo+dK7NL9mJNYyC6f27qy2noPvvUrit4u5as5SPEOac+C9V9h45wiGrd6JcyNvoPa/A2Qf2ssP991En9fmEDJgKHmxR9k0fhTuAUE0u+Z69v7veTxCmtFv9iKMTk7kxR7Dxce3xuOu7Xu0vs9H5i8/M/CzNRidnfl52kT2vv4cvf77PgBbptyBe3AzRvxwmFJzAZsfvLXGtlxofd2n/5fMnVurDCE8Ou99js2bzeVvz8O3bUdS16/ix0lj+fvKrXg0bXZO97SIiIicG03ifoGa9LwC/25RGJ2dcfFtTKcHHidjy6Za9wns2c/2y5FHcCgtrv8HsUs+AyqG8YRePRwnD0+MLi50/NdjWArN5MZU9F6K/3oB4SPG4t8tCoPRSPO/jyLgstp/kWjadxCNO18GQKOI1jRq0Yrsg7vrVV917okKJMDTCaMBrmnty9WtvNkYfxqA2dtPMLpjY8Z19sfFZMDDxchV4d71OJM1G9OxMa0au2EwQGSgGxN6BLE+Lu+cytiaVMA9y+NZdFNr2ge61VluYm4xK47kMPu6il5QBgO0C3CjZWO3KmUvP5yDr5sTj/VtiovJQMcm7jx8RRAf/XLCbrupfYNtvbuua+fL9pSKnkHJeSV8fSibd68NJ8jLGReTgecHhnIsq5j9J8w4mwxYrVZ2pReQW2TB08VEz2bVDwOMySrix4R8Zl7THA8XI008nXnyqprnUHN1MpBbXMaeDDMlZVaCvZxt5wfA3cnIg72Cft3WyOTeQczdlXlRjrsmT/UPoYmnMx4uRl67JozNSfkczawadM76OYOxnRtzfaQvJmNF/ZN6NuGzfadsx5acW8LhzIqwLzLQjSCvmoc7mdzcaXtbRbBkdHWl3R3/InbJfNvnrcbeiWtjfwxGI8FXXk3wFQM5se1HuzIi75liC68Amv99FF4tWoLBgHertrT+5z1kbNlY6/G3/Med+HXoisnNnfAb/kl+YizdHnsRFx9fGoW3IvjygWTv+6Ve7TK6ulKSn0fO4X2Ul5TgFhiEd+t2tdZ/ptq+O86WnxjHiZ+j6T79v7j4+OLq15hu014kbdNaCk+k27aLGH1blR6qF/OYk79bidFooutjL+LcyBuDkxOBf+tdbQ+ouCXzaHHtaIL7Dcbg5ETooGGEDBpG3FfzbNs4e/vahmyZ3D0Ivrw/p/ZVHyYkr1uJ0dmZTg9Nx+TmjqtfYzpPfoqEFV/U53TXWd/5XM/63LeV6vPnWVCf/vUOr+pTpsnFldOxRzGnp2BwcqJJj8vPu6xj896n4/3TCOjWA4PRiJt/oO3+PV/ncv6qZbWy9ZF7cPb2429PzaxXucc//5DmQ0fS4rqbMLq4YHL3oEmvftUWH7dkPh0mPkqjiNYYXV3p9MATAKRt+q3HT23P8fH5H9Bi+GhCB1+LwWTCp0172tx8L/ErFgFgcnHBnJ5CXuxRALxbtcUtoEmNh1vb92h9n4/Iex6y9VINGTiMrF/Du/yEWE7u2Ez3x1/C5O6Bm38gHf/1WI1tudD6anJs3mw63v84fpGdMRiNhA6+loDuvUhet/LXc1b/e1pERETOjXpgXaC840fY99Z/yDm0j7KSYrBasRScpry42NZl/mzuTex7Drk1CbZ1z7fkn2bva8+RvmUDlkIzRqOJMnMBJVkVoYE5Iw3fs/7l1zOkea1tdPXzt1s2ublhyc+vV33VeX1LOp/vOcVJswWTwUBmYSkdfp2IOz67hP4RjWptz7n69mjFkLK47GIACkrLaFNNkFSTuOxiRi08yutDwxgQ8VuYVlu58dklmAzQ0q/uepLyionwc60c3QRAq8auJOWW2m0X4PHb4+bubOB0cbmtfQZg6Dz70NDD2UD66VK6tPbg89GtePfnE0xYEU/nJu48cWUow9r6VGlLcl4pXi4mu6CmVS3HcHMXf04UWJi6OoljWcUMiGjEy4ObE/lriOXv4WQ3VDO4kTPp+aWUlVsv+LhrEu7723MT4OmEp4uRlNMltA2wP4647BL2Z5jpmPjbMNFii5WIX3v3vTKkOS9sTGHUwuPkF5cxqkNjXh7cDG+36nthufg2thva5xYYRNHJDKxlZRhMJo58/A4JyxZRlJ2J0WiiKPsUPmdNvu0R1NRuOXXjGg7PeYuCpHgALIUFNApvVevxuzf5rQyTuycmd0+7Hg9OHh6UFpy2LdfWrvDr/0HxqZPsfvkJTifE0KT3lXSd+jzerdrW2oZKtX13nM2cloLB5GT3feTVPOLXz5JtoZVHUNVA9WIec35yAp5hEfWaf6wgLYWgy+0noG/UPILsI79NhO7qaz9Pm8nNneL0rOrLS46n8GQG3w49Y+5CazkYDFgK8nHyrHv+udrqO5/rWZ/7tlJ9/jxzP+ser0tdZfZ9byEHZ73KmhFX4OrrR8sxdxA5/qFzL8vFBXNqEl7hrc+pfXU5l/NXnd3/fZL8hFgGfb7GbthpbeUWpCTWGFjZsVoxZ6Ti+etzBhVzZHmGNqcgLcW2rrbnOD85gdwjBzi587d7trykBM/m4QB0fexFDrzzMtGTxmEpyKfZ0BF0ffg5W++us9X2PVrX81Fde53c3Cj99TNzeipOHl52AZpXWM29eS+0vmpZrRQkJ7D/jRc4+N4rttUWcwH+v4aE53JPi4iIyLlRgHWBtjx8FyEDhtL7lQ8wubmTfWgva0f2xWq11rhPfmJslWX3oFAA9r35H/ISYhj0+VpcG1f8peqrHmHwa3keQU0xpyTa7V+QmoTveU6kXFd9Z1t2KJvXN6ez9rZIW8gxauExKrcO93OpcVig0VB1ziov14owoai03PZzptli+/xkvoVRC4/x1dg2DG3jg9EAb27N4Iv9p+p1fDmFFq777Cj3RjXh9u6/zdNVV7nhfi6UWSEuu6jaXldnau7tSkKOfXtis4pp7lO/yY1b+Fb02Nl4R3sCvap/JEe092NEez+KLeV8sjuT0YuOkfFodxq52ocxzbydyS8p43Rxme2z9HxLdUUCFZPeT70imKlXBJNdaOHRtUncszyWH++umD8lI7+U/OIy27WJySoi2MsZk9Fwwcddk4ScElr9es4zCywUlJQT2qjqHFgtfF1oH+DOW9dWPxeYv4cTbwxrwRtAbFYR476M5ZWf0vjPoGbVbl+UecIuZMhPjMUtMAiDyUTKupUc+eht+s9dYQsLoieNq/qcnHGPF5/KJHrSOPrOWkDTK6/GYDRyZO4skr5dzMVSV7sMJhOR4x8icvxDlORks/uVJ9n+xCQGLfruorWhkkfTUKxlFszpKXgEV3yf5f8a3Hk0PeOcV/M9cC7qOmavZi2IXzIfa3l5nSGWZ9NQzMkJduvyk+LxbFr9PVIXz9AwvELDGPrNtvPavy61XU+Doeqx1vu+/VV9/jwznOP1q6tM33YdufzNuWC1cvKXbfxwz434RnYiuO+gcyvLYMAjpDn5CTHV9nip7l5w8vSkvLjYbl1x9imcPDyBcz9/Zzu+YA6J3yxm8Bff4+T12z/s1FWuZ2gY+QkxdVdgMOARFEJBcoKtV5y1vJyClCQ8m4bWq42eIc3xadmOy56ZWe3nrn6NueypV7nsqVfJT4xjy+Q7OPx/r9P5389Uu31t36N1PR91DW/2CA7BYs7Hkn/adj4LM0/UuP2F1gfA2ffNr/dZ16nP1/gChnO5p0VEROTcaAjhBSrJzcGndSQmN3esFgtHP36nzn2y9u0i/usFWMvLObljCwnLFhFxw7iK8vJy8GoWZguTYhZ8RGneb3/JCh8xlvjlizi1u2KOmaRVS22T0p5X++uo72zZRWX4uTnR2r/iX+N3pRXwXcxvw/nuiwrkywNZLNp/ipIyK+aScjb9OrzQw8WIt6uJo2cEXEGezjTzdmHl0Yo6T5ktfLTzpO3z/NIyyq1Wuga7YzRU/bw2pWVWRi+KoXtTT54dYP+X+brKDfNx5dq2PkxcmUBSbglWKxzNLCI2q2o4d32kL6cKy3htczolZVYOnSzitc0Z3Nk9sMq21QnzceX6SF/uXRFHUm4JANmFFr48kIWl3MrRzCK+i8mlyFKOq5ORQA9nDICpml8kWzV244owL179qWLIVlm5lf9tSaux7k3xeexJN1NWbqWRqwkfV5NtMn0AK/DouiSKLOUk5Zbw0g9ptgn7L/S4a/KfTamczLdQWFrOI2sT6d3Ms0rvK4AJPZowb28mXx/KprTMiqXcyr4MM1uSKv71fMmBLBJzK3459fdwwt3ZYHdsVVit7H7lScqKijCnJXNw1qu/TdKel4OLty+NWlT8a3/2wT2k/7Sh1uMoNedjLS+3DTMpzs4i7stPzueU1Kiudp3Y9iPZh/dhLSvD2asRLr8Oqfs9eIVF0KTHFex++QlK83Ipycli9yvTCb7y6hpfanE+6jrm0EHXUl5mYe+rT2PJP43VYiHzl22UFZqrlBUx6mYSVi4mY8tGrGVlpG5YTcr33xA+qur8VvUROuhaSgvyOfD2y1jyT1f01khNInXD6vM72LPUdj3dmgRRlJVJSU62bftzvW/P58+zutRWZnlJCfHLFlUECQYDbv6BGJ2cqp2vrD7ta33zPRx897+c2rMDrFaKT2WStX8XUNHTOT8xtuINob/y69CN3JjDtqA1++Ae0qK//62+83juK6X/sI69rz1L39mL7APcepTbatzdJK5aSuI3iykvKaGs0MyJbdHV1hMx6mYOvT+T/IRYyouLOfDODLBaaXrVNfVqZ+t/jidu2QKS166gvLQUq8VCzpEDZP46b1PSqq8pSE0CKnoHmtzcMJhq+Q6p5Xv0Qp8PrxYtCbisN4c+fKOiqrIyjnz0Vo3bX4zn0S0wiNNxx+zWtbl1AvveeJ6sA7vBaqWsqJAT234kPym+zns6adVSYhZ+XO/6RURExJ56YF2gHs+/wa4Z0zk6bzYmZxeaD7uR+GULa92n+d9Hkf7Ten75z6O4NPKhy9TnCO43GICO/5rGz9MmsHZkP5w8PGjafygeTX8bkhPcbzCdJz/Jlil3UJKfR8hVQ2g+ZITdvDvnoq76zjauc2PWx+bSbdZ+AjycaBfgzjWtfxvK1iPUi6Xj2vDshhQmrkjA1WRgVIfGXBVe8a+lLw9uxvhlcZhLrTzYuwlP9w9l7g0RPPRtIm9sySDAw4lr2/my5lguABF+rrw0uDmDPzlMoIczvu4mro/0rdccWAdOFrIxPo8gT2davLbHtv6B3kFMvSK4znI/HdWSJ79L4co5h8guKiPc14UPrg+npf0IH/w9nFh1a1seWZPISz+k4ufmxO3d/Jlyef1/aZ97Q0v+symVQXMPc6LAgr+7E1eGezGqvR9FZeU8syGFw5lFGA0Gwn1c+PIfbfBwqT5//nx0K+5bHk/P9w/i62bixg5+fHUwu9ptU0+Xcv83CSTnleJqMtC9qSezr/ttOEoLX1fCfV1p88ZeSsutjOnQmKf6h1y0467OP7v4c+XHBzlRYKF3My8W3lT9kKCoEE++Htea5zakcu/yOKwYiAxw5Yl+FWHl9pQCpq5JIqe4DE9nI0Pb+PDIFTW3zTM0DM/QFqwc3AWrpZTmQ0fR8V/TKs7D8DFkbNnI6ut64+rnT6OWbWl65eBaj8OreThdpz7HhtuvxdUvAGcfX0IHX1vnHFjnoq52FZ5IY+dz/8acnorJxQXfDt2IeuHti1b/2fq8PpddLz3ON9dchsFgILjvQLpNe/mi1lHXMTs38mbAJxVvQ1s5uAvlZWX4tetIv9lV56Fq0vsqerzwJr+88Cjm9BQ8Q8PoM3MOAd16nFfbnBt5M+DTlex97Vm+Gfo3LIVmPIJCiBh1MyEDhp73MVeq7Xr6dehK2LU38s013bGWlXHF2/PO+b49nz/P6lJrmVYrCcsXsfvlaZRbLLj4+BE5fjJNel91Xu1rd8e/MBhN/DxtAgVpKbj6NqbjpEdp3Kk74df9g9TvVvJ1n5ZYy8sZ+dNxGkW0pvOUZ9h090jcA4LwCA2zu07n89xXOr7wI8pLS4j+9W2dla7bcKDOcv27/I1+sxaw/60X2f70ZEzOLjQbOsL2lrszdZj4CNbyMjbecT0l+Xn4te/CVR99XeMQv7M17nwZ/d5byIG3X2L7U/eDFbwj2tBh4qMAZO3bye4ZT1ByOhcndw+aXnk1kfdMrrG82r5HL8bzcfnrc/n5qQdYe8OVOHv70nzoCJLXLKt224tRX+T4yex48n6OL/yIxh2703/uMtrdPhEnVzd+njaRgtQknFzd8Ovcne6Pz6jznk6P/p785ERaja35xTsiIiJSM4O1trFuf5C0drUPSWjyy7lN2O3Idr34GBZzAT1evPB/2a60/uahNLtmJG1vm3DRyhRZdiibR9clc+TBzg3dlN9dyrqV7H7lySpvcBMRkfrR96iIiMhfV9mBnbj07F/3hr8zDSH8E0pes5zy4mKsZWXELf2cU/t+odnVwxu6WSIiIiIiIiIivwsNIfwTiv1qHtufegCoeMvXle8trDLHhoiIiIiIiIjIX4WGEIqIiIiIiIiISLU0hFBERERERERERKQeFGCJiIiIiIiIiIhDU4AlIiIiIiIiIiIOTQGWiIiIiIiIiIg4NAVYIiIiIiIiIiLi0BRgiYiIiIiIiIiIQ1OAJSIiIiIiIiIiDk0BloiIiIiIiIiIODQFWCIiIiIiIiIi4tAUYImIiIiIiIiIiENTgCUiIiIiIiIiIg5NAZaIiIiIiIiIiDg0BVgiIiIiIiIiIuLQFGCJiIiIiIiIiIhDU4AlIiIiIiIiIiIOTQGWiIiIiIiIiIg4NIcIsEwR7Wr93LJnG5RZ/qDWiIiIiIiIiIgI5nxwc2/oVgBgsFqt1oZuRNG3X5D31tOUxR2p9nOXXv3xuPFOTE3D/uCWiYiIiIiIiIhcotzcMYVGYPJv0tAtcYwAS0REREREREREpCYOMYRQRERERERERESkJgqwRERERERERETEoSnAEhERERERERERh6YAS0REREREREREHJoCLBERERERERERcWgKsERERERERERExKEpwBIREREREREREYemAEtERERERERERByaAiwREREREREREXFoCrBERERERERERMShKcASERERERERERGHpgBLREREREREREQcmgIsERERERERERFxaAqwRERERERERETEoSnAEhERERERERERh6YAS0REREREREREHJoCLBERERERERERcWgKsERERERERERExKE5NXQD5M9n69at7NmzB4AhQ4YQERHRwC0SERERERERkb8yBVhyTpKTk3n00Ucxm82MHDlS4ZWIiIiIiIiI/O4cNsAaMWIEKSkpdus++ugjunTpctHquP/++9m6dSsAzs7ObNmy5aKV/WdwrsdvsVh44oknMJvNDB06lCeeeOKPaGa9vfDCCyxbtsy2vHr1agICAv6w+k+fPs2yZcvYunUrMTEx5ObmYjAYCAwMpEOHDvTv35+BAwfi5OSwj53DmTlzJgsXLrQtT5s2jdGjR1fZbuLEiWzfvt22/OGHH9KtWzfbcp8+fSgtLQWgd+/evPPOO7bPLvXvARERERERkT8DhwD9VJsAACAASURBVPxNeu/evVXCK4BVq1Zd1ABLzs0777zDwYMH6d+/P88++yxGo6ZQq7Rs2TJee+01zGZzlc+Sk5NJTk5m7dq1XHvttTz33HMN0EIRERERERGRPy+HTCBWrVpV7fp169ZhsVj+4NYIgNlsxtPTk/vvv5+XX35ZvYjO8OGHH/LCCy9UCa+cnJzw8PCwW1dSUvJHNk1ERERERETkL8HhUgiLxcK6detsy05OTrbQKicnh61bt9K3b9+LUtdrr71GWVkZAAaD4aKU+WdyLsfv4eHBPffc80c060/l559/Zvbs2XbroqKimDRpEp06dcJoNJKfn8+OHTtYvHjxJXmfOYL169djtVoBMJlMdp9d6t8DIiIiIiIifwYOF2Bt3bqVnJwc2/Ltt9/Oxx9/THl5OVDRO6umAGvdunWsWLGCI0eOkJubi5OTE97e3oSEhBAZGcmQIUPshiA+/PDDtc59Y7FYmD9/PsuXLyctLQ1fX1+uuuoqJkyYwNtvv13jfEtz5861m2Onsv1z5sxh7969lJaW0rZtW+677z569+5tV2dSUhJffvklR48eJSUlhdOnT2M2m3F3d6dZs2b07NmTsWPHEhQUVO05yM3N5auvvuKnn34iNjYWs9mMt7c3oaGhREVFcffdd+Pm5lav4wc4ePAgX3zxBbt37+bkyZMABAQE0K1bN8aMGUOnTp2q7HP2fEMzZ87kk08+YdWqVaSnp+Pr68ugQYOYNGkSnp6e1R5HTUpLS5k/fz4rVqwgLS0NPz8/BgwYwIQJE+q1f2ZmJl988QWbN28mOTmZoqIi/Pz86N69O2PHjj3nIaqzZs2yW+7Tpw+vv/66XQ81Ly8v+vfvT//+/UlPT7etX7NmDdOnT7ctP//88wwbNsy2vGjRIl599VXb8rvvvkuvXr0A2LdvH3feeafts/vvv59rrrmGd999l23btpGdnc2LL77INddcQ3FxMV9++SXff/898fHxtvvJx8eHFi1aEBkZyahRowgODrY7lhMnTrBo0SI2b95MamoqxcXF+Pr6EhkZyfDhwxk0aFCVwOd86/q9DRw4sMY5sH6v50BEREREREQuHocLsM4ePnjjjTeyd+9e2wTNmzZtwmw2VxmaNXv2bD788EO7dRaLhaKiIk6cOMHu3btxcnKqd0BRVlbG1KlTiY6Otq07efIkixcvJjo6mvDw8Hof04oVK1i6dKmtBwhUBBAPPvgg7777Lj169LCtP3LkCJ9//nmVMgoKCjhy5AhHjhxh6dKlvPfee7Rv395um19++YXHHnuM7Oxsu/VZWVlkZWWxb98+Ro8ebQuw6vLBBx/wwQcfVFmfkpJCSkoK33zzDXfffTcTJ06ssYz8/HzGjx/P4cOHbesyMzNZtGgRMTExvPfee/Xu9WKxWJgyZYotbAD7kKWuNyJu3bqVxx9/nNOnT9utP3nyJGvXrmXt2rVMmDCB8ePH16s9GRkZ7N+/327do48+WuvwytqCmwvp/ZOWlsatt95qF/5arVbKy8t56KGH2LFjh932+fn55Ofnk5KSwubNm+ncubNd26Kjo5k+fToFBQV2+2VmZhIdHU10dDR9+vTh1Vdftd1P51uXo7sYz4GIiIiIiIhcGIcKsMxmM5s2bbItd+3alSZNmjBo0CBbgFVUVMTGjRvteqoUFRXx6aef2pbDw8Pp168fJpOJ9PR0jh8/zvHjx8+pLQsWLLALrwwGA+3atcNisXD8+HG7njR1+eqrrwAIDAwkKyvLNlypvLyc999/3y7Agorhet27dycoKAg/Pz8sFgsJCQn88MMPlJeXk5+fz3/+8x8+++wz2z7JyclMnjzZbh4mT09P2rRpg8lkIiYmxi7cqMvKlSvtfmk3Go107NgRg8HAgQMHbMcwZ84cmjZtysiRI6stpzLgcXV1xcPDwy5c27FjB9u3b6dnz571atPnn39uF14ZDAbatGlDaWkpcXFxJCUl1bhvQkICU6dOpaioCAAXFxeGDBmCv78/0dHRxMTEABVBaFhYGEOGDKmzPWeHV61bt6Z58+b1OpbqXEiAtWTJkmrX//LLL3aBUlRUFF26dKGoqIi0tDQOHDjAiRMn7PaJi4vjscceo7i42LYuIiKCwMBADhw4YAu1tmzZwosvvsgLL7xw3nWdqxkzZjBjxowLKuNcXKznQERERERERC6MQwVYGzZssAUMAFdffTVQMfznlVdesRtGeGaAlZWVZTc59owZM2jdurVd2ampqeTm5tarHVartUovqFdeeYUBAwYAsHTpUl588cV6H5enpydvvvkm3bp1Iy0tjdtvv52srCyg4o2LxcXFuLq6AhVD0NavX19tL54PP/zQNt/SkSNHSE5OplmzZrbPzgyvLr/8cl544QV8fHyAirBs06ZNuLu71+v4zx4a99Zbb9mGO+7YsYOJEyfaepTNnj2b66+/vsa3Eg4dOpRnnnkGZ2dn3nnnHebOnWv7bMeOHfUKsKq7JjNnzuSqq64CKt4CWBmkVGfOnDm2e8tgMPDee+/RtWtXACZMmMAtt9xiC7FmzZpVrwCr8hpWCg0NrXOf2lzo/Eu9evVi8uTJNG/enNTUVFxcXNi1a5ftcx8fnyrzdQEcOHCAxo0b25bnzJljF16d2bsoIyODu+66i4yMDKDiWbzrrruIiIggLS3tnOtyZBf7ORAREREREZHz51C/aZ05fNBgMDBo0CAAGjduTPfu3W2fbdu2jVOnTtmWmzRpYhf4PPXUU7z//vusWbOGI0eOYLFYCAkJqTLkriYJCQl2PUW6detmC68AbrjhhnMaQjhmzBi6desGQNOmTe16XJWXl9v1SvL09GT37t08+eST3HDDDfTt25eoqCiioqKqBAIJCQm2n3/44Qfbz87Ozjz77LO28Aoqeo4MGDAAb2/vOtt7/Phxu+Pv3bu33VxdUVFR9OnTx7acmZnJ0aNHqy3Lzc2NRx99FGdnZwCuu+46u88zMzPrbA9UHOuZ23bv3t0WXgGMGDGi1iGEZ/amCwoKIjs7m40bN7Jx40Z++uknu55TycnJdue2vhpyAnB/f39ee+012rRpg5ubGy1btqRZs2aEhITYtsnNzeWhhx7ik08+YdOmTbYeax07dqRp06a27X766Sfbz56entx111225aCgIG666Sa7uiu3P5+6HNnFfA5ERERERETkwjhMD6ysrCx+/vln23LXrl0JDAy0LQ8ePJidO3cCFaHPunXrGDt2LFDxpsLRo0ezcOFCAI4dO8axY8ds+7q5udG/f38eeOCBGic/P9PZw5zO7s0F0KpVK+Lj4+t1bGfPu+Xl5WW3XDm5NMAnn3zC22+/Xa9yK4dy5efnk5eXZ1sfFhZ2Qb1cUlNT7ZZbtmxZZZtWrVqxefNm23JaWhqRkZFVtgsPD7cLzc4+9jN7ztWmssfPmfVX16a4uLgq688+P+np6UydOrXW+tLS0mjRokWt25x9jpOTk2vd/vfUr1+/auc269q1K+3bt+fQoUNARdh0ZkDl7+/Pddddxz333IOrqyv5+fl2c4Q1a9bM1juw0tnnvnI47bnWdT4efvhhRowYUWX9lClTbN8PF8vFfA5ERERERETkwjhMgLV27VrbEEGAw4cP2w3jslgsdtuvWrXKFmABTJ48mdDQUFasWFGlF0RRURGrV68mPj6euXPn1jrJNmA32frF4OfnZ7dc0xCj7Oxs3nvvPduyt7c3EyZMoHXr1jg7O/PDDz/w8ccf/27trEl1PYvqW7evr6/dsslkuihtqs7FPB9nDmWtydlvnouJibEb1nmuzrz/oeoQxdrUNCm6k5MTb7/9Nh9//DHff/99lbnbTp06xdy5cyksLOSRRx6psv+59Cq70Lrqw9nZucoLHKDmZ+piupDnQERERERERC6MwwRY3377rd1yUVFRrSHCgQMHSExMJCwsDKj45XncuHGMGzcOs9lMQkICCQkJLFu2zDYB/OHDh4mNjaVt27a1tuXsMKC6Xj3nOil8fRw4cMAuqLvtttvshmudOQzuTF5eXnh7e9t6GSUmJpKVlXXevbDOHAoG2OaGOlNsbKzd8u89LOzsnnNn11/TOqg4P40aNbL1LGrXrp3dBPgX0qZOnTrZJnO3Wq3MnDmT1157rcagLiMjw3YslcMqK53ZSwwq5kerr9pCWV9fX6ZMmcKUKVPIysoiISGBmJgY5s+fb+s19s033/DII49UOVdJSUl2c7RB1fvhzOflXOpydI74HIiIiIiIiFyqHGIOrMTERA4ePHjO+505Z9b69ett4Y+Hhwft27dn6NCh3HHHHXb71OctaGFhYTRp0sS2vHPnTrthQosXLz6vOZLqcnYvs8ohglDRG2fp0qU17tuvXz/bz6WlpTz77LN2k9aXl5ezevXqKiFJdVq3bm13/Fu3brV7+9+OHTvYsmWLbTkgIKDOUPBCtWjRgoCAANvyL7/8YhforVy5stqgsdIVV1xh+/nIkSN2b7usZLVa2bFjh91b5+oyadIku+Xo6GgefPBBDh48aOudU1RUxObNm5k8eTJvvvmmbVt/f3+7fdesWWMLbZcvX24LXi9ERkYGe/bssS1Xzic3evRoux6O+fn5FBYWAvbnqqCggI8++siuvC+++MKujsrtz6cuR+aIz4GIiIiIiMilyiF6YJ0ZRAFMmzaN0aNHV9kuJyeHa665xvbq+lWrVnHffffZ9vHw8KBz584EBQUREBDA6dOn+e677+zKqM/k6waDgZtvvpnXX3/dtu6hhx6ibdu2lJSU1BqUXIj27dtjNBptQ8nmzZtHVlYWnp6erF27ttYhZePHj2f9+vW2YGDz5s1cf/31tG3bFpPJRGxsLFlZWXzzzTd1TuRuMBiYOHEizz33nG3dgw8+SKdOnTAYDOzfv99u6NSECRN+9yFcBoOBcePG2c0PNmXKFNq2bYvFYqm2d8yZxo8fz8aNG20B0cMPP8wVV1xBmzZtAEhJSWHXrl1kZmbStWtX7r333nq1q2fPnkyYMMFugv1t27axbds2XF1dcXV15fTp07bzVflmTYDIyEi8vLzIz88HKnpcXX311bi6upKTk1Ov+uuSlpbG+PHjCQoKon379jRp0gRvb2/S09NZs2aNbbugoCDbGyrvvvtuNmzYYHsT4Zw5c1i/fj2BgYEcOHDALlgdOnSobfL886nLkTnicyAiIiIiInKpcogAa/Xq1bafDQYD/fv3r3Y7X19fLrvsMlvPlOTkZPbv32+biyg/P9+uR8TZxo4dW+/5icaOHcv27dttvXysVitHjhwBKia2btGihd0E1WcPBzsfQUFBjB07ls8//xyo6JG1bNkyAFxcXBgxYoRt+WzNmzfn9ddfZ9q0abbwo6CggF27dp1XW6677jpSU1P5v//7P6CiB1d1Q9ruuusuRo4ceV51nKubb76Zbdu22Sb7P/OaNGnShIiICLZt21btvuHh4cycOZPHH3/cNjzu7EnGK53r2wTHjx9PQEAA//vf/zCbzbb1xcXFthCokouLi+1nV1dX7rzzTrtQrrCwkMLCQjw9Penbt69d8HMhMjIyqkyEX8loNDJlyhTbckREBDNmzGD69Om244mLi6sS3Pbp04cnn3zygupydI74HIiIiIiIiFyKGjzA2r9/P0lJSbblbt262Q0VO9ugQYPshlatWrWKTp068fTTT7Nv3z4OHTrEyZMnyc3Npby8HD8/PyIjIxk+fDiDBg2qd7tMJhMzZ85k/vz5LF++nNTUVPz8/BgwYAATJkywm8PHxcWlzl5N9TVlyhRCQkJYvHgxycnJeHp60r17dyZMmMChQ4dqDLAAoqKiWLx4MUuWLOGnn34iLi4Os9lMo0aNCAkJoWfPnvj4+NS7Lffddx99+/blyy+/ZNeuXZw8eRKoGCrVvXt3xowZU2Ui89+Tk5MTb7zxBvPmzWPFihWkp6fj6+tL3759mThxIrNmzap1/969e7NkyRIWL17M5s2biY+Pp7CwEB8fH/z9/WnRogVRUVEMGDDgnNs2cuRIBg4cyLJly9i6dSsxMTG2IZyBgYG0b9+eAQMGMHjwYLv9br/9djw9PVm0aBFJSUl4eXnRu3dvJkyYwE8//XTBAVbLli2ZOnUq+/fv59ixY2RlZZGXl4eTkxOBgYF069aNf/zjH7Rv395uv379+vHll1+yaNEiNm/eTEpKCqWlpfj4+NC+fXuuvfZaBg8ebBf2nW9dDe3MobvVzSXmaM+BiIiIiIjIpchg1Wu0apSWllbtpMw7d+5k4sSJtqF+ffr0setFIyJ/DuXl5QwfPtw2N17z5s1rnWtOREREREREGkaD98ByZHfffTdeXl506NCBwMBASktLiY2NZcuWLba5b4xGI+PHj2/glorIuTh16hTLly9n165ddi926NWrVwO2SkRERERERGqiAKsWVquV2NhYYmNjq/3czc2N6dOn07Vr1z+4ZSJyITIyMnj33Xft1vn6+lZ5a6mIiIiIiIg4BgVYtZg4cSI//vgjR44cIScnh+LiYry8vAgLC6NXr16MHDmS4ODghm6miFwAX19fevTowaRJk/Q8i4iIiIiIOCjNgSUiIiIiIiIiIg7N2NANEBERERERERERqY0CLBERERERERERcWgKsERERERERERExKEpwBIREREREREREYemAEtERERERERERByaAiwREREREREREXFoCrBERERERERERMShKcASERERERERERGHpgBLREREREREREQcmgIsERERERERERFxaAqwRERERERERETEoSnAEhERERERERERh6YAS0REREREREREHJoCLBERERERERERcWgKsERERERERERExKEpwBIREREREREREYemAEtERERERERERByaAiwREREREREREXFoCrBERERERERERMShKcASERERERERERGHpgBLREREREREREQcmgIsERERERERERFxaAqwRERERERERETEoTk1dAMqnTp1ioSEeMzmQiwWS0M3R+ScFRUVUVhYSGlpKWVlZQ3dnEuWs7MzPj4+dOjQgdDQ0IZujoiIiIiIiFwEBqvVam3oRmRmZnL06BHCwprj7e2Ns7NzQzfpL2Xbtu306tWjoZvxl5aWls7u3Xvo3r07TZs2xc3NraGbdMkqKioiLS2NrVu30q9fP5o1a9bQTRIREREREZEL5BA9sBISEggLC8Pfv3FDN0XkvBw9eoy//e1vtGjRoqGbcslzc3MjIiICo9HIwYMHFWCJiIiIiIj8BTjEHFhmsxlfX5+GbobIecvPzyckJKShmyFnCAkJIS8vr6GbISIiIiIiIheBQwRYZWVlmEymhm6GyHkrLS3V0FcH4+zsTGlpaUM3Q0RERERERC4ChwiwREREREREREREaqIAS0REREREREREHJoCLBERERERERERcWgKsERERERERERExKEpwBIREREREREREYemAEtERERERERERByaAiwREREREREREXFoCrDEIXR7ay9LD5wCYO2xHFq/uquBW/TXNe3bGG75/EBDN0NERERERESk3pwaugENodhSzuvRaXyx7xRxWUX4uJvoEuzJv3oHc01b34Zu3p/eiE8Ps+54bpX1K2+PZGArnzr3b9/EnWcGNbMtX/Hefib0CuLWywIvajv/7Mwl5YS88CP+Hs4cn3Y5BkP99hvRMYD84rLft3EiIiIiIiIiF9ElF2BZyq2MnHeElLwSZgwNo0eoF04mA9HxeXy040S1AVZpmRVnUz3TgXoqK7diMBgwXtxiHcaEXkG8dE2Y3ToXU/06/DX3cb3oYdXvcQ0b2sLdGQAkZBfx3bEsrm7buF779WlRd4j4e/orXgsRERERERH5fV1yAdaC3ZlsS8rnlwe6EO7nalt/XfvGDI+sCABWHMpi2upEbuoSwKoj2Xg4m1h/Twfisop4bHUiPyefxmQwMKJDY/5zdRgeLhXBzH1LY1kfk0tuURkh3i5M7deUW7pXBDE5hRZCXt7Jf4e2YOHeTE4VWNh4b0eCGzn/8SfhD2AyGHBzqj6wKimz8sSaBL7cdwono4GJvYLtPl97LIdJX8dx/JHuPPJtAgdPmHnqu0T++0MqXYM9+GxsGzbE5PHMd0kcP1WEk9FA3/BGvDYsnKbeFefzkW8TSM0rwWSEQycLGdDSh1f+3uJ3P+4/0vtbU7jlsqYkZBfy/tYUuwArPquICUsO83NSHgChPq4svLkTHYM9mfZtDMk5Rcz/Z0cAforP5f6lR4g9VUjnpl4MbefPwt0Z7J/aC4Bu//uZYe392Z6UR1peCQYDzBrVjn4RFWHv98eyeWJVDEdPmnEyGriqlS9vj2xHU28XACYvO0ZKbhEmo4EDGQUMbtOY169v80eeKhEREREREfmTu+QCrDXHcugX3sguvKp05hCsuOxiGrkY2TqpMwAFJWUM/fgQt3QP5JMxrTGXlnH7l8d5al0ir10bDkDPZl68OKQ5jT2c+e54DmMXHKNTkAfdQjxt5UbH57Hhno64XMI9UGZsTGFTXB4/TehMgKcT01YlEJtVVO22rw5rweaE01WGEDqb4LVrW9CtqSeni8u4b2ksk1fGseifbW3brDiczZq72tMnrNHvfkx/tD2p+fyclMd7N7YjIbuIf8zbT/rpEoIbVYRGT6yKIczPjRV3dcXJaODISTN+7lUf98yCUoZ9uJvXrmvDnT2aciCjgGEf7sH3rG2/3n+STRP/RqCXM5/sSOOWzw+QMP0KAJxNBt4a2ZbLQhtxuriMOxcdZNJXh1l6R5ff9j+QycaJl3FFeMP2/hIREREREZE/p0tuEvdMcykhv/YMqY2ni5GHrmhqW15+KBtnk5GnBjbD3dmIv4czzwxqzsK9p2zb3N2jCQGezhgNMKSNL4Na+fBDfJ5duQ/3C7kkwqs5O07QfMZOu/+yzBYA5u06yWNXhtLMxwU3JyMvXhPGuZ6SvuHe9GjmhbPJQGMPJ6YPCGVjnP25HtDS+y8ZXkFF76uuTb24LLQRw9sH4OfhxMfb02yfuzoZSc4p5vCJAgAim3gQ1Kjqff/1/pO08HNjfK8QTEYDXZp6cU/vkCrb3ds7lECvit5t13cMJDGnmIzTJQBc2dKXXmHetmvx7JAIvj+ebbf/oNZ+Cq9ERERERETkvF1yPbACPJxJzSupc7smns6YzpigKj67mIz8Erq9tde2rtxqxWiA/OIyvFxNvLU5jYV7MjlZYMFkMHCqsJT2Tdztyq1PePZXMLarP9MHNLNb5+vuhNUKaadLaNnYzbbe08VEkNe5nZfDJwt5/vtk9qabKbaUY7XC6eIyii3luP46dPGveq4LSsr47Jd0XhjaEqjoAXXb35ryf9tSmDagBQYDzLyuNc+tjWPE3L3kF5dxY+cm/Pfa1ni7mezKSskrpoWfm926Fr72ywABnr8NdXV3rji/p4vLCGoEh06YeWp1DLtT82u8FqE+VXs8ioiIiIiIiNTXJRdgXdPGl8kr40nMKSbM1/6Xaqv1t2GEhrNe6Rbm60oLX1d23N+F6qw4lMWbP6Xx7R3taRdYEVrd9PlRrGdtV983xf3ZeTqbCK0hQGrayIWM/FLbsqXcyqnC0mq3Baqd6P6OL4/z93Z+zLmxFe7ORvakmenz3j678/1XPdcLdmWQV1zGc2vjeOn7BKDizZo5RRbWHctiSNvG+Hs489bItrw1si2xpwq5ad5+ZmyI56W/t7IrK9TblSXZ9sM3E3KqH85Zk3Hz9zO8QwDzxnXE3dnI7tR8ur/+8yVxLUREREREROSPcckNIRzXLYCezb24/tMjfHs4m5P5pWQXWlh5OJuxC47WuN91kX6cLi7jxQ0pnC4uw2qFpNxivj1cMVQqu7AMP3cnWvlX9F7ZnVrA+pjcP+SYHFGZ1UqRpdzuv7Lyikjjlu6BvLMljWJLOQCzt2VQUFJeY1nBjVw4dso+VMkutNA+0B13ZyOWcitvb06rYe+/ng+2pnBz9yAOPNKb3f/uye5/9+TQo70Z3MaP97ekALB47wkSfw2i/D2dcXc24lRNEjiyUyDx2UV8uC2VcivsTcvn/7amnlN7sgtL6RjkabsW/9uUeOEHKSIiIiIiInKGS64HlpPRwNe3tuN/0WlMX5tEXHYRPm4mugR7cn+f4Br383YzsfrO9jy1Lomub+7BXFpOqLczt3RvwjDgH1382RibS4939uHv4US7QHeubu37xx2Yg5m9LYPZ2zLs1r0/siW3XhbItKtCeHxNIpe/t48Qb1d6h3nRxr/qsLVK/+7XlElfx/Hh9hNcFurBytvb8/b1ETy+OoFZW9NxMRkZ06Uxn+/J/L0Pq8HtTs1ne/JpPrypvW3C9kqP9G/BtXP2kJZXws+Jefx7+TFyiix4upj4e6Q/jw2o+hbGAE9nVt7VlQe/Psq/VxyjS1Mv7u7ZlJWHTlXZtibvj47k4eXHeCs6CReTkbHdg5j3S/oFH6uIiIiIiIhIJYPVaj17lNsfbuPGjfTq1aOhm/GXtW3bdp3f39nXXy9n3LhxDd2Mi+LpNbHsTy/gq9s7N3RTLtiCBQv+MtdFRERERETkUnbJDSEUEXtrj2ZxylwxB9nPiXm8tzmFcd2CGrhVIiIiIiIiIr+55IYQioi9bYl53LrgAMWWcoK8XJg+OJwxXZs0dLNEREREREREbBRgiVzinhoczlODwxu6GSIiIiIiIiI10hBCERERERERERFxaAqwRERERERERETEoSnAEhERERERERERh6YAS0REREREREREHJoCLBERERERERERcWgKsERERERERERExKEpwBIREREREREREYemAEtERERERERERByawWq1Whu6EQsWLGjoJohcsHHjxjV0E+Qs+m4RERERERG5cI7w+65DBFjffPMNeXl5Dd2Mv6xGjRpx+vTphm7GJaNRo0YMHz68oZshIiIiIiIi8pfhEAGWiIiICOZZwwAAIABJREFUiIiIiIhITTQHloiIiIiIiIiIODQFWCIiIiIiIiIi4tAUYImIiIiIiIiIiENTgCUiIiIiIiIiIg5NAZaIiIiIiIiIiDg0BVgiIiIiIiIiIuLQFGCJiIiIiIiIiIhDU4AlIiIiIiIiIiIOTQGWiIiIiIiIiIg4NAVYIiIiIiIiIiLi0BRgiYiIiIiIiIiIQ1OAJSIiIiIiIiIiDk0BloiIiIiIiIiIODQFWCIiIiIiIiIi4tAUYImIiIiIiIiIiENTgCUiIiIiIiIiIg5NAZaIiIiIiIiIiDg0BVgiIiIiIiIiIuLQFGCJiIiIiIiIiIhDU4AlIiIiIiIiIiIOTQGWiIiIiIiIiIg4NAVYIiIiIiIiIiLi0BRgnYMhQ4YQFRXFt99++4fXnZOTQ1RUFFFRUezbt+8Pr98R1ed6/Pe//yUqKor777//D2yZiIiIiIiIiFxMTg3dAEfQv39/8vPza/w8MjKS+fPn0759e3Jzc/Hz8/sDW/fn1bdvX4qKipgxYwaDBw++6OXreoiIiIiIiIhcGhRgAR06dMBsNgMQExNDYWEhPj4+NG/eHIDw8HAA3nzzzQZro1Sl6yEiIiIiIiJyaVCABcyaNcv28x133MH+/fvp2bMnL7/8st12Q4YMISsri+eff55hw4bx+OOPs27dOgYMGICbmxvbtm3DycmJUaNGcdddd2E0VozQjI2NZdasWezfv5+CggKaN2/O6NGjGTlypG2bsyUnJ/Piiy+yb98+goODGT9+fLXbbdmyhTlz5hAbG4vRaKRz585MnjyZFi1a1Hi8iYmJfPDBB+zevZvMzEz8/f254447GDNmDADR0dHMnTuXmJgYjEYjrVu35p577iEqKgqAxYsXM2PGDEJCQhg+fDjffPMNOTk5XH755Tz99NMUFxfb9biaNm0aAAMHDuSVV14hPj6eWbNmsW/fPgoKCmjZsiX33nsvl19+OQDx8fGMHj0agIcffpgVK1aQmJhImzZtePbZZ23Hdvb1AJg3bx6LFi0iNzeXwYMHYzAYqhz/+VwPEREREREREWk4+m39ItiwYQPOzs6MHDmS3NxcZs+ezZIlSwBISEjgtttuY+PGjQQHBzNw4EDi4uJ46aWXeOedd6otz2Kx8OCDD7J9+3a8vb2JjIxk5syZVbZbs2YNDzzwAPv372fYsGH079+fH3/8kdtvv520tLRqy05KSuKWW25h9erVGI1Ghg8fTqtWrYiLiwNg9erVTJ48md27dxMVFUXnzp3ZuXMnEyZMIDo62q6s1NRUfvjhBwYNGkR5eTnr1q1jwYIFuLq6MnbsWJycKvLRvn37MnbsWPr160dSUhK33XYb69evp0uXLtx0003Exsby4IMPsnHjxirt/fjjj7n88ssJDAxk3759vPLKKzVeh5UrV/Lmm2+Snp7OZZddRlJSEitXrrTb5nyuh4iIiIiIiIg0LPXAugi6dOnC008/DVSET59++ilfffUVY8aM4auvvqKoqIhmzZrx0UcfYTQaadOmDW+88QaLFi1i4sSJODs725W3c+dOEhMTgYreYeHh4fzwww/8+9//tttu3rx5AIwYMcLWQys+Pp7du3ezZMmSaicuX7JkCWazmYCAABYsWICnp6et3QDz588HYPjw4Tz77LMATJ48mejoaD777DP69u1rK8vJyYl33nkHX19fcnNzWbZsGQcPHsTd3Z2pU6fy9ddfY7FYGD58uK1H1htvvIHZbKZ169Y8/vjjAFitVj755BM++eQT+vfvb9fe6dOnc9VVV9GyZUuefvppDhw4UON1WLp0KVDRM+ull17CarVy6623cvjwYds253M9RERERERERKRhKcC6CEJDQ6v8nJ6ebvf/8PBw2/C0Vq1aAVBcXExOTg6BgYF25VXu4+LiYpt/KzIyskq9ldstWbLE1uOrUlJSUrVtreyZ1bZtW1t4Bdh6S1WW2bp1a9tnrVu3Jjo62vZZpcDAQHx9fQHw8vICoKCgoNp6z67/+PHjVSZ2r67Nbdu2tSu/cq6y6lS2r127dgAYDAYiIyPtAqzzuR4iIiIiIiIi0rAUYF0Ex44dw2q1YjAYOHr0KADBwcF2/4+Pj6e8vByj0UhMTAwArq6utgDoTEFBQQCUlJSQlZVF48aNSU1NrbJdcHAwOTk5/P3vf2f48OF2n50ZTp2padOmABw9ehSz2YyHhwdQ0QPLycnJVmZlGwHbz5XtqmQymWw/VzfXVGUoZrVa7doMFaHYlClT7LYvLy+vUkZlyFRd+WcLCgoiIyPDbvhkSkqK3Tbncz1EREREREREpGEpwLoIYmJiGD9+PP7+/qxfvx6AkSNHAnDDDTewZMkSkpOTGT9+PGFhYaxduxaAMWPGVDtcLSoqimbNmpGcnMwjjzxC//79WbZsWZXtbr75Zp566inWr1+Pl5cXAQEBnDhxgm3btnHvvffSqVOnKvvceOONfPXVV2RmZjJu3Dh69OhBdnY2wcHBPPL/7d15kF51ne/xb3dnDwkJCVkkyBISojIsDrsIguxOWAIDGIGwKCouBbIMTAE6inBZtK5wC9mURacCCoNgdEAiq4MJmyQGNMvUTPSqgGRAsqf76ef+kaSlIcTCyrU/yutVdao65znnd37P012p6nf9Tp9zzqnJkyfXRRddVN///vdr6dKl1d7eXo8++mhVVU2ePPktfS6jRo2qBQsW1M0331yzZs2qvffeuyZNmlR33nlnLViwoO66664aP358vfzyyzVnzpwaO3Zs7bHHHm/pGq91xBFH1OzZs+vuu++uQYMG1ZIlS+qJJ57odsyf8/0AAAAAepaAtQEcfPDB1b9//7rvvvtq+PDhNWnSpK4n+m255ZZ1880317XXXltz5sypefPm1RZbbFFHHXVUHXnkkescr1evXnXVVVfVJZdcUs8++2y9+uqrNXny5Lrkkku6HXfIIYfUoEGD6tZbb63777+/li1bVsOGDavtt99+nbccVlVtvvnm9a1vfauuv/76mjVrVk2bNq2GDRtWu+++e1VVHXroobXRRhvVzTffXI8//ni1trbWe9/73jr11FNrt912e0ufyxlnnFGXXXZZzZ8/v+bOnVvDhw+vXXfdtW699da6/vrra/bs2fXQQw/VxhtvXOPHj6999tnnLY3/ehMnTqyXX365vvOd79Sdd95Ze+65Zx100EF13333dR3z53w/AAAAgJ7V0nzt/V28Jeeff37df//9dfjhh9eFF17Y09MBAAAA+JvU2tMTAAAAAID1EbAAAAAAiOYWQgAAAACiWYEFAAAAQDQBCwAAAIBoAhYAAAAA0QQsAAAAAKL16ukJJFi6dGk9+OCDtXjx4p6eCkA3gwcPrn333bcGDBjQ01MBAADoMZ5CWFXTpk2rd7972xo1alRPTwWgm9/+9nc1d+78+tCHPtTTUwEAAOgxVmBV1eLFi2vkyJGl5QFpRo8eVU888VRPTwMAAKBHCVhdxCsAAACARALWGlZfAQAAAGQSsNYQsAAAAAAytfb0BFi3zTffsr73vbv/IteaPfvnNXjwJrVo0aK/yPUAAAAA3gorsNbYUCuwms1mff3r19Utt9xaCxf+qvr161djx25dxx57TJ122kffwkgt1dLS+hdZGTZ06NA64YQTqk+fPlaiAQAAAHEErDU2VLj52teurksvvawuueTL9f7371XLli2vWbNm1a9+tfDPuEbzLxKUxozZrK677ppatWpljwasZrNZjUajevXyYwkAAAD8kVsIuzQ3yHbvvffVP/7j0XXaaafW+PHb1E47/V2dfPKU+pd/+XzXMc1mZ1199f+pnXbapUaNGlO77/6++va3//V1Y3Wf17x58+q44ybXmDFb1Nix29aUKafUb37zm27nTJ8+vfbf/6AaNWpMbbXVuDrmmONq2bKlVdWsxYsX19lnn1sTJrynRo7crHbZZff67nfvqKpmzZ49qwYMGFSLFr3UNdbMmTProIMOrZEjN6tttplQ55zzT7V8+bKu1w8/fFKdf/4/15lnnlXbbDOhxo9/d33xi1+qZrOz65jLL7+ydtttzxo9evPabrsd6txzz6ulS5d0vf7Tn/60hgwZXvfcc0/tvvv7avTozWvGjBkb7Hths6Vszz//fB122KT64AcPWud22GGT6vnnn1/PGAAAAG9vAtYazWZzg2yjR4+up556qn79619XZ2ejGo1GdXSs6lrd1Gw269JLL6+bbrqlvvKVK+uZZ56uiy66sC644KL63vfu6TrmtXN64YUX6tBDD6tx48bXo48+UtOn/6j69OlTxx33kWpvb69ms1kPPPBgHXvsR+oDH/hAPfbYT+pHP7q39ttvv+roaFRnZ2cdc8yH65FHHq3rrru2nnnm6bryyiurf//+a67VsuZ61XW9o48+trbddtuaMeOx+uY3b6wf/vDeOv/8C7rm1NraWjfddGvttddetXDhf9W99/6gbrzxprrnnmldx/Tr16+uvvqqeuaZp+ub3/xGPfbYjPrCF77U9XpLy+ofv69//fq6++67atGi39fOO++8wb4XNlvKNnLkiDr99I+/6f8/p5/+8Ro5csSbng8AAPB219L021FNnTq1Dj74gxtkrN/+9vk64YQpNWvW7HrXuybUrrvuUgceuH8ddNCBVVW1fPnyGjfu3XX77VNr7733qs7ORrW2ttUVV3y1HnvssbrjjtuqqmqrrcbXVVf975o48dC6/PKv1IMPPlzTp99XHR3tVbU6NI0evXndc8+/1S677FwTJx5ZI0aMqFtvvbnrmLa2XtXRsaoeffQndfjhR9WTTz5e48ZtXZ2dndXa2lpVLdVodNSzzz5b73//fjV//i9q2LBN6rLLrqzbbru9Zs36WTWbndXa2lLTpt1bJ544pebOnVObbLJJHXXUsdW/f/+aOvXb1Wh0VEtLa33sY5+owYMH15VX/q+qqurVq091djaq2eyslpbWevjhn9Qpp5xS8+f/oqqqZs58og455B9q+vQf1d///Y5+Uedv3uWXf6Xuv//H3fYdcMAH69xzz1rveffe++P68Ic//P9zagAAANGswOry5rf//Pu/31ubbvqOru22225f576qZm222aj6j/94tJ588vH6xCc+XsuXr6iTTvpoHX/8lGo2O2v+/Pm1bNmymjjx8Np442E1dOiI2njjYXXxxV+u//7vhdX9lqHVX8+e/fOaOXNmDRo0pIYO3bSGDt20NtlkRK1cubLrnNmzf1777LN3tbevqGazUc1mozo6VlZVs+bMebZGjBhRY8duWY1GRzWbndVodFSj0V7db09afb158+bXrrvuWp2d7dVsNqrR6KhddtmpGo1GLVjwn13njBs3rmuMZrNRw4ZtUi+99PuucaZN+37tv/+B9c53jq0hQ4bX4YcfUYsW/U8tXbq02/scN27rajY769VX/9DtM/3sZ89Y576evh3MZvtzt9NP/3htvfVWtdbWW2+1ZmXWnzoXAADg7c1fy15jfat/9tln73r66Se6/j106JBqbW15w761t/ssX76kttxy8xo79vg6+eQpdcwxx9SkSUfVjBkza8CAAVVV9dRTj9d73vOebtfp7Oys5cuXvHZWXWMeeeQRNXXqv75hbitXLq+OjtW3Ea5e7fRm72P16+t776+/Xem1Xzcaq89taWnp2t/a2vqG4zs7V48xf/6CmjLl1Lriistq0qRJNXz4sHrssZ/W/vsfWO3tq6rZ7F9rT+3Vq62azWYNHDiw22c6YMCAde6zUou/VgMHDqhzzjmzzj77/KqqOuecM2vgQD/TAAAAf4qAtcb6foHs169vjRnzjtcc21lV9YZ93WNOozo7G9XeXvWOd4ysqqqlS5fVDjvsUP3796+77rqrtthizJ+Y0+p57bjjDnXDDTfW7373f2vQoEHrPHbHHXeshx56pE488SNveG377bevF1/8fT333C/qXe+a8KbvfW3AmjBhQk2dOrU6Ojqqra2tqqpmzJhZbW1tNXbs1muOq1ob2NY13s9+NqtGjNi0TjrpxGo02mvZssX1xBOPd3tfa1eWrL1uS0tLt8907fjr2gd/rbbeeqv65Cc/1vW1n2cAAIA/zS2EXdZ/C8/a2/KazcZ6951yyml12WVX1EMPPVy//OUv6/77p9cnP/npGjVqZO26687Vr1+f+tznzqyvfvVrdcMN36gFC/6z5syZUzfddEtdf/2Nr7nmH+d16qknVWtra51wwik1Y8bMWrhwYT3yyKP1mc+cUa+88nJVNevssz9X06b9oC6++NKaO3duzZ07t6677oZasmRxve99u9cee+xRp5xyWk2f/uNauHBhPfzwI/WDH/zwdddae70ptWjR/9RZZ51b8+bNqwceeLAuuODzddJJU2rIkI1fN8d13ebUrAkTxteLL/6+nnzy8Wo2O+u5556ra6659k3OWffnvPaJhuvaZ7P9NW8HHLBfHXDAfm/hHAAAgLc3K7DW2FCrICZOnFhTp95Wt9zy7XrllT/U8OHDao899qhvfOPGGjhwYDWbzTr33M/VppsOr2uvva4+//kv1aBBG9V2221Xn/3sp143j9WrjYYMGVwPPDC9Lrzwojr++JNrxYoVNWbMZrXffvtW3779qtls1t5771nf/e7tdfHFX65rrrmuBg4cWLvttksdf/zkajQ66o47bqsLL/xCffrTZ9TixUtqiy3eWeeee1a32wbXfj1kyOC6++5/q/PO++fad9+DaqONNqqjjz6qvvjFz3etPnvt8a+fb7PZrO23/7u6+OIv1YknfrSqmjVmzJg677x/qk996jNveLqaJ60BAAAA6+MphLX6KYT777/3BhmrV68+1bt3n2ptbVvz96I6q9Fo1KpVy6uz84/xp3fvPtW7d99qbW2rquaaY1ZUo9FRVVUbbbRxrVixrOuJgi0trdW3b//q1atXVa0et6OjvVauXN41Zltb7+rbt99rxuyo5cuXdr3et++A6t27d9f5a/9+VmtrWw0cOKiWLPlDV0hqa2urvn37V2trr6pqVnv7qm7X6t9/o2o0OmrVqhWvGb9/tba2dl2zd+++1adP36qqajY7q719VfXrN6AWL/5DVTWrra2tBgwYVIsXv7JBPnv4WzV9+iOeQggAALytWYHVZcN0vI6OlWue/rd+7e0rq739zY9bsqR71Gk2G7VixZI3OXq1RmNVLVu26k1fX7lyaa1cxyU7Oztq8eKXXzdWRy1btvhNx1q+/I2vrVy5rNu/29tXVHv7itft++MEGo03XhcAAADg9QSsNSxEAwAAAMgkYK0hYAEAAABkErC6CFgAAAAAiQSsqho8eHC98MJLNWLEsJ6eCkA3L774Ug0ePLinpwEAANCjPIWwqpYuXVoPPfRQvfrqqz09FYAuLS0tNWjQoNp3331rwIABPT0dAACAHiNgAQAAABCttacnAAAAAADrI2ABAAAAEE3AAgAAACCagAUAAABANAELAAAAgGgCFgAAAADRBCwAAAAAoglYAAAAAEQTsAAAAACIJmABAAAAEE3AAgAAACCagAUAAABANAELAAAAgGgCFgAAAADRBCwAAAAAoglYAAAAAEQTsAAAAACIJmABAAAAEE3AAgAAACCagAUAAABANAELAAAAgGgCFgAAAADRBCwAAAAAoglYAAAAAEQTsAAAAACIJmABAAAAEE3AAgAAACCagAUAAABANAELAAAAgGgCFgAAAADRBCwAAAAAoglYAAAAAEQTsAAAAACIJmABAAAAEE3AAgAAACCagAUAAABANAELAAAAgGgCFgAAAADRBCwAAAAAoglYAAAAAEQTsAAAAACIJmABAAAAEE3AAgAAACCagAUAAABANAELAAAAgGgCFgAAAADRBCwAAAAAoglYAAAAAEQTsAAAAACIJmABAAAAEE3AAgAAACCagAUAAABANAELAAAAgGgCFgAAAADRBCwAAAAAoglYAAAAAEQTsAAAAACIJmABAAAAEE3AAgAAACCagAUAAABANAELAAAAgGgCFgAAAADRBCwAAAAAoglYAAAAAEQTsAAAAACIJmABAAAAEE3AAgAAACCagAUAAABANAELAAAAgGgCFgAAAADRBCwAAAAAoglYAAAAAEQTsAAAAACIJmABAAAAEE3AAgAAACCagAUAAABANAELAAAAgGgCFgAAAADRBCwAAAAAoglYAAAAAEQTsAAAAACIJmABAAAAEE3AAgAAACCagAUAAABANAELAAAAgGgCFgAAAADRBCwAAAAAoglYAAAAAEQTsAAAAACIJmABAAAAEE3AAgAAACCagAUAAABANAELAAAAgGgCFgAAAADRBCwAAAAAoglYAAAAAEQTsAAAAACIJmABAAAAEE3AAgAAACCagAUAAABANAELAAAAgGgCFgAAAADRBCwAAAAAoglYAAAAAEQTsAAAAACIJmABAAAAEE3AAgAAACCagAUAAABANAELAAAAgGgCFgAAAADRBCwAAAAAoglYAAAAAEQTsAAAAACIJmABAAAAEE3AAgAAACCagAUAAABANAELAAAAgGgCFgAAAADRBCwAAAAAoglYAAAAAEQTsAAAAACIJmABAAAAEE3AAgAAACCagAUAAABANAELAAAAgGgCFgAAAADRBCwAAAAAoglYAAAAAEQTsAAAAACIJmABAAAAEE3AAgAAACCagAUAAABANAELAAAAgGgCFgAAAADRBCwAAAAAoglYAAAAAEQTsAAAAACIJmABAAAAEE3AAgAAACCagAUAAABANAELAAAAgGgCFgAAAADRBCwAAAAAoglYAAAAAEQTsAAAAACIJmABAAAAEE3AAgAAACCagAUAAABANAELAAAAgGgCFgAAAADRBCwAAAAAoglYAAAAAEQTsAAAAACIJmABAAAAEE3AAgAAACCagAUAAABANAELAAAAgGgCFgAAAADRBCwAAAAAoglYAAAAAEQTsAAAAACIJmABAAAAEE3AAgAAACCagAUAAABANAELAAAAgGgCFgAAAADRBCwAAAAAoglYAAAAAEQTsAAAAACIJmABAAAAEE3AAgAAACCagAUAAABANAELAAAAgGgCFgAAAADRBCwAAAAAoglYAAAAAEQTsAAAAACIJmABAAAAEE3AAgAAACCagAUAAABANAELAAAAgGgCFgAAAADRBCwAAAAAoglYAAAAAEQTsAAAAACIJmABAAAAEE3AAgAAACCagAUAAABANAELAAAAgGgCFgAAAADRBCwAAAAAoglYAAAAAEQTsAAAAACIJmABAAAAEE3AAgAAACCagAUAAABANAELAAAAgGgCFgAAAADRBCwAAAAAoglYAAAAAEQTsAAAAACIJmABAAAAEE3AAgAAACCagAUAAABANAELAAAAgGgCFgAAAADRBCwAAAAAoglYAAAAAEQTsAAAAACIJmABAAAAEE3AAgAAACCagAUAAABANAELAAAAgGgCFgAAAADRBCwAAAAAoglYAAAAAEQTsAAAAACIJmABAAAAEE3AAgAAACCagAUAAABANAELAAAAgGgCFgAAAADRBCwAAAAAoglYAAAAAEQTsAAAAACIJmABAAAAEE3AAgAAACCagAUAAABANAELAAAAgGgCFgAAAADRBCwAAAAAoglYAAAAAEQTsAAAAACIJmABAAAAEE3AAgAAACCagAUAAABANAELAAAAgGgCFgAAAADRBCwAAAAAoglYAAAAAEQTsAAAAACIJmABAAAAEE3AAgAAACCagAUAAABANAELAAAAgGgCFgAAAADRBCwAAAAAoglYAAAAAEQTsAAAAACIJmABAAAAEE3AAgAAACCagAUAAABANAELAAAAgGgCFgAAAADRBCwAAAAAoglYAAAAAEQTsAAAAACIJmABAAAAEE3AAgAAACCagAUAAABANAELAAAAgGgCFgAAAADRBCwAAAAAoglYAAAAAEQTsAAAAACIJmABAAAAEE3AAgAAACCagAUAAABANAELAAAAgGgCFgAAAADRBCwAAAAAoglYAAAAAEQTsAAAAACIJmABAAAAEE3AAgAAACCagAUAAABANAELAAAAgGgCFgAAAADRBCwAAAAAoglYAAAAAEQTsAAAAACIJmABAAAAEE3AAgAAACCagAUAAABANAELAAAAgGgCFgAAAADRBCwAAAAAoglYAAAAAEQTsAAAAACIJmABAAAAEE3AAgAAACCagAUAAABANAELAAAAgGgCFgAAAADRBCwAAAAAoglYAAAAAEQTsAAAAACIJmABAAAAEE3AAgAAACCagAUAAABANAELAAAAgGgCFgAAAADRBCwAAAAAoglYAAAAAEQTsAAAAACIJmABAAAAEE3AAgAAACCagAUAAABANAELAAAAgGgCFgAAAADRBCwAAAAAoglYAAAAAEQTsAAAAACIJmABAAAAEE3AAgAAACCagAUAAABANAELAAAAgGgCFgAAAADRBCwAAAAAoglYAAAAAEQTsAAAAACIJmABAAAAEE3AAgAAACCagAUAAABANAELAAAAgGgCFgAAAADRBCwAAAAAoglYAAAAAEQTsAAAAACIJmABAAAAEE3AAgAAACCagAUAAABANAELAAAAgGgCFgAAAADRBCwAAAAAoglYAAAAAEQTsAAAAACIJmABAAAAEE3AAgAAACCagAUAAABANAELAAAAgGgCFgAAAADRBCwAAAAAoglYAAAAAEQTsAAAAACIJmABAAAAEE3AAgAAACCagAUAAABANAELAAAAgGgCFgAAAADRBCwAAAAAoglYAAAAAEQTsAAAAACIJmABAAAAEE3AAgAAACCagAUAAABANAELAAAAgGgCFgAAAADRBCwAAAAAoglYAAAAAEQTsAAAAACIJmABAAAAEE3AAgAAACCagAUAAABANAELAAAAgGgCFgAAAADRBCwAAAAAoglYAAAAAEQTsAAAAAAxgKE9AAAITElEQVSIJmABAAAAEE3AAgAAACCagAUAAABANAELAAAAgGgCFgAAAADRBCwAAAAAoglYAAAAAEQTsAAAAACIJmABAAAAEE3AAgAAACCagAUAAABANAELAAAAgGgCFgAAAADRBCwAAAAAoglYAAAAAEQTsAAAAACIJmABAAAAEE3AAgAAACCagAUAAABANAELAAAAgGgCFgAAAADRBCwAAAAAoglYAAAAAEQTsAAAAACIJmABAAAAEE3AAgAAACCagAUAAABANAELAAAAgGgCFgAAAADRBCwAAAAAoglYAAAAAEQTsAAAAACIJmABAAAAEE3AAgAAACCagAUAAABANAELAAAAgGgCFgAAAADRBCwAAAAAoglYAAAAAEQTsAAAAACIJmABAAAAEE3AAgAAACCagAUAAABANAELAAAAgGgCFgAAAADRBCwAAAAAoglYAAAAAEQTsAAAAACIJmABAAAAEE3AAgAAACCagAUAAABANAELAAAAgGgCFgAAAADRBCwAAAAAoglYAAAAAEQTsAAAAACIJmABAAAAEE3AAgAAACCagAUAAABANAELAAAAgGgCFgAAAADRBCwAAAAAoglYAAAAAEQTsAAAAACIJmABAAAAEE3AAgAAACCagAUAAABANAELAAAAgGgCFgAAAADRBCwAAAAAoglYAAAAAEQTsAAAAACIJmABAAAAEE3AAgAAACCagAUAAABANAELAAAAgGgCFgAAAADRBCwAAAAAoglYAAAAAEQTsAAAAACIJmABAAAAEE3AAgAAACCagAUAAABANAELAAAAgGgCFgAAAADRBCwAAAAAoglYAAAAAEQTsAAAAACIJmABAAAAEE3AAgAAACCagAUAAABANAELAAAAgGgCFgAAAADRBCwAAAAAoglYAAAAAEQTsAAAAACIJmABAAAAEE3AAgAAACCagAUAAABANAELAAAAgGgCFgAAAADRBCwAAAAAoglYAAAAAEQTsAAAAACIJmABAAAAEE3AAgAAACCagAUAAABANAELAAAAgGgCFgAAAADRBCwAAAAAoglYAAAAAEQTsAAAAACIJmABAAAAEE3AAgAAACCagAUAAABANAELAAAAgGgCFgAAAADRBCwAAAAAoglYAAAAAEQTsAAAAACIJmABAAAAEE3AAgAAACCagAUAAABANAELAAAAgGgCFgAAAADRBCwAAAAAoglYAAAAAEQTsAAAAACIJmABAAAAEE3AAgAAACCagAUAAABANAELAAAAgGgCFgAAAADRBCwAAAAAoglYAAAAAEQTsAAAAACIJmABAAAAEE3AAgAAACCagAUAAABANAELAAAAgGgCFgAAAADRBCwAAAAAoglYAAAAAEQTsAAAAACIJmABAAAAEE3AAgAAACCagAUAAABANAELAAAAgGgCFgAAAADRBCwAAAAAoglYAAAAAEQTsAAAAACIJmABAAAAEE3AAgAAACCagAUAAABANAELAAAAgGgCFgAAAADRBCwAAAAAoglYAAAAAEQTsAAAAACIJmABAAAAEE3AAgAAACCagAUAAABANAELAAAAgGgCFgAAAADRBCwAAAAAoglYAAAAAEQTsAAAAACIJmABAAAAEE3AAgAAACCagAUAAABANAELAAAAgGgCFgAAAADRBCwAAAAAoglYAAAAAEQTsAAAAACIJmABAAAAEE3AAgAAACCagAUAAABANAELAAAAgGgCFgAAAADRBCwAAAAAoglYAAAAAEQTsAAAAACIJmABAAAAEE3AAgAAACCagAUAAABANAELAAAAgGgCFgAAAADRBCwAAAAAoglYAAAAAEQTsAAAAACIJmABAAAAEE3AAgAAACCagAUAAABANAELAAAAgGgCFgAAAADRBCwAAAAAoglYAAAAAEQTsAAAAACIJmABAAAAEE3AAgAAACCagAUAAABANAELAAAAgGgCFgAAAADRBCwAAAAAoglYAAAAAEQTsAAAAACIJmABAAAAEE3AAgAAACCagAUAAABANAELAAAAgGgCFgAAAADRBCwAAAAAoglYAAAAAEQTsAAAAACIJmABAAAAEE3AAgAAACCagAUAAABANAELAAAAgGgCFgAAAADRBCwAAAAAoglYAAAAAEQTsAAAAACIJmABAAAAEE3AAgAAACCagAUAAABANAELAAAAgGgCFgAAAADRBCwAAAAAoglYAAAAAEQTsAAAAACIJmABAAAAEE3AAgAAACCagAUAAABANAELAAAAgGgCFgAAAADRBCwAAAAAoglYAAAAAEQTsAAAAACIJmABAAAAEE3AAgAAACCagAUAAABANAELAAAAgGgCFgAAAADRBCwAAAAAoglYAAAAAEQTsAAAAACIJmABAAAAEE3AAgAAACCagAUAAABANAELAAAAgGgCFgAAAADRBCwAAAAAoglYAAAAAEQTsAAAAACIJmABAAAAEE3AAgAAACCagAUAAABANAELAAAAgGgCFgAAAADRBCwAAAAAoglYAAAAAEQTsAAAAACIJmABAAAAEE3AAgAAACCagAUAAABANAELAAAAgGgCFgAAAADRBCwAAAAAoglYAAAAAEQTsAAAAACIJmABAAAAEE3AAgAAACCagAUAAABANAELAAAAgGgCFgAAAADRBCwAAAAAoglYAAAAAEQTsAAAAACIJmABAAAAEE3AAgAAACCagAUAAABANAELAAAAgGgCFgAAAADRBCwAAAAAoglYAAAAAEQTsAAAAACIJmABAAAAEE3AAgAAACCagAUAAABANAELAAAAgGgCFgAAAADRBCwAAAAAoglYAAAAAEQTsAAAAACIJmABAAAAEO3/AV8mrv8frxDiAAAAAElFTkSuQmCC' height='250' width='300'/> ]]>
  </system-out>
</testsuite> <!-- com.tribu.qaselenium.tests.mazaprendo.MAAssingCourseTests -->
