<?xml version="1.0" encoding="UTF-8"?>
<!-- Generated by org.testng.reporters.JUnitReportReporter -->
<testsuite hostname="station" failures="0" tests="1" name="com.tribu.qaselenium.tests.apimazaprendo.MAAssignF2FCourseTests" time="44.760" errors="0" timestamp="2022-04-15T23:37:02 COT" skipped="0">
  <testcase classname="com.tribu.qaselenium.tests.apimazaprendo.MAAssignF2FCourseTests" name="assingF2FCourse" time="44.760"/>
  <system-out>
    <![CDATA[ <img src='data:image/png;base64,iVBORw0KGgoAAAANSUhEUgAAB4AAAAOiCAYAAACRicroAAAAAXNSR0IArs4c6QAAIABJREFUeJzs3XdYU9f/B/B3GDKiAk7AUYPWVkFtiyLuhaN11YriwlXFnxP168BarasubF3oV0XRFjeuKmoRxFYFEcW6wFGFqigq1YCMoIz8/uDJ/RIIIYFAEN+v5+ExuePck3tz7r3mcz/niCwsLOQgKmXt27fXdxVIDy5evKjvKhAREREREREREREREb13Hj9+XOx1DXRYDyIiIiIiIiIiIiIiIiIi0iMGgImIiIiIiIiIiIiIiIiIKggGgImIiIiIiIiIiIiIiIiIKggGgImIiIiIiIiIiIiIiIiIKggGgImIiIiIiIiIiIiIiIiIKggGgImIiIiIiIiIiIiIiIiI3hOjRo1SO58BYCIiIiIiIiIiIiIiIiKi94Ai+KsuCGxUVpWhD5tcLtd3FYiIiIiIiIiIiIiIiIjeW/mDvqNGjcIvv/xSYDkGgKlMMABMREREREREREREREREVDyFZfyqCgIzAExlQpMA8IgRIzB8+HCdbG/Pnj3YvXu3Tsoi/Vu6dCnkcjkWLlyo76pUeBKJBIMHD4azszMAICIiAgcPHkRcXJyea0ZERERERERERERE9OFSlelbmBIFgMViMZycnNCgQQNIJBIAQFxcHP755x9ERkYiLS2tJMVTBaJJAFhXwV9FWf7+/jorj/RHIpHAwcFBeM1AZOlxcHDA0qVLlaY5OzvD2dkZCxYswO3bt/VUMyIiIiIiIiIiIiIi0lSxA8Bubm7o06cPKleurDS9WbNmAIDU1FQEBgbiwIEDJashVQiaBIDT0tIgFot1sr20tDR2O11B9OnTR+n1xo0b9Vibim3KlClq5/3f//1fGdaGiIiIiIiIiIiIiIiKQ+sAsFgsxty5c4VAb2EqV66MIUOGwN7eHqtWrWI28AdOk2Cst7c3vvnmG51s78iRIwwAVwBisRhdu3YV3nft2hV+fn48n5QCiUSC2rVrFzq/du3azMAmIiIiIiIiIiIiInoPaB0A9vLyErpjzS8uLg4HDhzAlClThMzgZs2aYe7cuRy78wOnSTA2LCwMYWFhZVAbel906dJF5bTAwEA91KZi0yT7XlcZ+kREREREREREREREVHoMtFnYzc1NbfB3wYIFuHz5coFgb7NmzeDm5qbRNoYNG4akpCSlv/j4eISGhuLLL7/UprrvvVq1aiEpKQl79uzRet21a9ciKSlJyNT+/PPPMXr0aGH+lStX8OjRI53VtShyubzc/k2bNg3BwcE4duwYjIyM1C7r7u6O4OBgtGzZUuvtdOrUCcHBwRgwYIBGy3t6eiI4OBh2dnZFLlu1alW4u7vD0NBQ7/sz719J5e3+Wd204vj555+RlJSER48ewcTEpMD8adOmoWHDhkWWU61aNSQlJb333d03aNCgyGVq1qxZ7LJPnDiBpKQkrFixQmne559/jtDQUDx//hzXr19X6gWgWrVq2Lt3L+Lj4xEbG4tFixYJ80QiEZYsWYIHDx4gISEB/v7+sLS0FOYPGTIE169fx4sXLxAaGqp07Sqtbar7nEREREREREREREREZUXjDGCxWFxo4EUR/FXXLWufPn0QGBiocdet586dQ2hoKACgRo0aGDVqFPz9/dG2bVvcv39f02qXKyKRqMy6Jd6xYwdCQkKEIO/s2bNha2uLXbt2AQBmzZqlMuj1oTEyMkKnTp1w+fJltG7dGm3btsWff/5ZKtu6desWfvjhB8TGxmq0/PHjx3HlyhU8f/68yGVdXFwwcuRIHDx4EFlZWSWtapl+V2vVqlXo2LOquiSuXbs2lixZonJ5Hx8fvHz5sshtGhsbY8CAAThz5gx69OiBL7/8EseOHRPmN2/eHEuWLMG9e/fw8OFDtWWlpKRg+PDhePHiRZHbLc/++eefIpdJTEzUutzWrVvj6NGjKss3MTHBvn37kJOTg8WLF8PNzQ2+vr64efMmHjx4gPXr16NHjx5YtWoVPv30U0yfPh0PHz6Ev78/PDw8MG3aNOzZswdPnz7F7NmzkZ6ejgkTJsDBwQH//e9/cfnyZWzbtg3/+c9/sHv3bjg6OsLIyKhUtqnucxIRERERERERERERlSWNA8BOTk5Ct855hYaGKo3JKZFIVAZnKleuDCcnJ5w7d06j7V2+fBkbN24U3r99+xZz5syBo6Mj7t+/jxo1amDlypXo3LkzjI2NERAQgLlz5yI7OxuffPIJNm3aBHt7e0RFReHSpUuYPXs2hg0bhlOnTuH69evIzMzE4cOHMX36dHzxxRd49+5doeXVrl0b3t7e6NChA0xMTHDz5k3MmzcPf/31FwBg5syZGDt2LKpXr4579+7By8sLERERqFu3Lm7fvo1ff/0VNjY2kEgkaNmyZYHPWtj6mhyTpUuXwsHBAZmZmfjjjz8wc+ZMvH79Gt9++y3GjBmDDh06wM/PDx9//DEAICkpCY0bN8aaNWtQq1YtfPTRR8JxW758OZycnAAAkZGRmD9/vsbByqJoEkysXbs2evbsqZPtBQUFaRSQc3JyQtWqVeHv7w8bGxu4uLjgjz/+EObXr18fs2fPRsOGDRETE4PHjx8D+F9G8+7du5GVlYWjR49izJgxyMzMxNq1a2Frawt3d3ekp6dj1apVuH79Opo1a4bvv/8emzdvxuHDhzF79mz06tUL8+fPx/jx42FtbY2rV69ixYoVyMjIQN++fdG3b194eHjg4cOH6NWrF4YMGQJra2skJycjODgYfn5+mDZtGvr27QsACAwMxLJly9CyZUv06tUL3t7e+L//+z/4+PggJCQEw4YNQ9++fWFhYYHHjx/Dx8cHt2/fRq1atbBv3z6cOnUKNWrUgK2tLUaNGqWTY1EUsVhc5Jji+RW2vKZdFPfo0QNWVlZYvXo1GjRoADc3NyEA/M0338DPzw8AcODAAezcuRMzZswotJ1WqVIFe/bsQVBQENzc3CASieDh4YFvv/0WdevWRXx8PPz8/LBlyxYAKPJ8oi+aPJxTnLGXzc3NMWnSJMTHxyMkJERpXrt27WBtbY2FCxfiv//9L+7cuYNjx45hwIAB8PHxwZdffonQ0FB4e3vD1NQU/fr1g6urK/z9/eHq6oo3b95g6tSpyMnJQceOHdGvXz9MmTIFAwcOhEgkEvZrtWrVMGvWLDg5OcHMzKxUtqnucxIRERERERERERERlSWNA8ASiaTAtNDQUKUgrSL4qypQrJivaQDYwsIC9evXB5CbAdyrVy8AQExMDABg+/btaNOmDUaMGAGxWAw/Pz/ExcVh06ZN8PX1FcYelkql8Pb2BgC8e/cOAJCZmQkbGxs4OTnBy8sLycnJ2LNnT6HlLVmyBC4uLhg1ahRSUlLw008/wdvbGy4uLhgwYAAWLlwIf39/7N27F/7+/vjll1/wySefCNvr168fjh49in379hX4nOrWL8rOnTvx+vVrfPPNN6hevTo2b96MGTNmYMGCBUrLjRkzBqGhofjnn38wadIkvH79Wmm+mZkZjh8/jsqVK8PLywsikQirV6/GkSNH4OzsjIyMDI2OmTqaBIDXrl2rMuOzOHr27Ilhw4YVuVz37t3x4sULxMTEIDQ0FCNGjECVKlXw5s0bAMC8efPQqFEjbNiwAWlpaZg2bRqA/wWAs7KyUKtWLdSvXx+bN2/G3LlzMXv2bJw/fx7r16/HvHnzMGnSJIwfP17YB4p1MzMzAeR2Vfvf//4Xffr0QYcOHfDVV1/h8OHDQh3lcjlsbGwwa9YshISEYPny5XB0dMSwYcNw9+5d7Nu3Dw0bNkTTpk0xc+ZMxMbGokWLFgByv187duzA3bt30alTJ3z77bc4ffo0fv/9dyxevBg//PADXF1dhe9qx44dce7cOQQFBZVZBnBcXBw2bNgg7Nvi2rBhA+Li4jRa1s3NDY8fP8bVq1dx+PBhzJo1C9WqVcPr169x7tw5bN++HePGjcP333+PEydOaNVOx40bh1WrViEgIADfffcdRowYgZUrVyIjIwO7du1Sez7Rp7i4OLx48aLQNvjixQuN929einO+qodfGjVqBABCTwWK8hs3bgyJRAIjIyNhXkZGBp4/f47GjRsL6z59+hQ5OTnCus7OzqhXr57QdbeqchU9H+h6m+o+JxERERERERERERFRWSp2APj27dtKwV+xWKw2+KuqDHUmTpyIiRMnCu9fvXqF2bNn48aNG6hduzY6d+6M4OBgBAcHAwAmTZqEESNG4PDhw2jevLnQ9ScAdOjQASNHjlQKaFWuXBkTJ04UAh6Flbdp0yaYmZnBzMwMrVu3RmhoKLp27Yq3b98CAIKDg9G4cWMkJSXh3bt3iIyMxFdffaU0VmZiYiJmzJih8nNqsn5hzM3NYWJighYtWiA8PBwSiURl0O727duQy+VIT0/H1atXC8zv0aMH6tWrh59++kkYx/Tzzz/HhAkT0L59e51ks2maAawr1tbWRW6zcuXKcHZ2RlBQEGrUqIGbN2/CyMgIXbp0wbFjx1C9enU0btwYN2/exG+//QYAaNGihdAVuqL8SpUqYdu2bZDJZBg+fDjq1q2Lbdu2ISUlBUOHDkX9+vUL1CXv+wMHDiAyMhLJycno0KGDyuNYqVIliEQifPTRR6hXrx7Onj2rNDa0IjPz7t27kMlkwvR9+/YJXaknJiZi4MCBSElJQWZmJqKjo9GuXTulMUylUil+/vlnzXayDp07dw6JiYmYO3eu2nOIKqmpqVi1ahVu376t0fKWlpbo2bMn9u3bB1tbW1y6dAnGxsb45ptvsH37dkilUsTHxwMA/v77bzx69AivXr0qtJ1mZ2crlT927Fi8e/cOnp6eQpv7+uuv4e7ujl27dqk9n+hbZGSkkE2uap6uKTK2FZ9f8a+5uXmBeUDuQzxVq1YV1s07T/FaLBYL3yHFgw15yzU1NS2VbRIRERERERERERERlRcGxV0x74/lpeHIkSMYPnw4pk+fDrlcjocPH8LX1xcAYGNjAwDo0qULnj59iqdPn8LR0REfffSREDh99uyZUJYimJNXamqq0EWwuvIAwMvLC+fOncOMGTNw6tQp/P333/D09ASQ20Wwn58fHjx4gJcvXwqZysbGxsK21I0hqsn6hRk+fDgSExOxevVqXLx4ETdu3ECXLl2KXC+/unXrAgCePHkiTFPsvzp16mhdniqKrFd1f9evX9fJtgDg+vXrRW5P0d13nz59cPDgQSHw2b17d8jlciEw+urVK2EdxfiyectJS0tDenq68Prdu3d48+aN8N7Y2FhYNv+6APD8+XPI5XKkpKQAgMrlY2NjsW7dOtSoUQPfffcd9u3bh02bNqFWrVpqy37y5Inwvnbt2liwYAGOHj2KM2fOoE2bNgAAQ0NDlcvr4k8bt2/fxsKFC5GamqrxOqmpqVi4cKHGwV8A+Prrr2FiYoLRo0cjJiYGx48fB5CbiV0Ybdpp3bp18fr1a6SnpwPI7XZdJpPB1tYWgPrzib4FBgYWa15xKR5cUARlFf+mpaUVmAfkjhmsmJ6WlqY0T/E6NTVV+A4psn3VlaurbRIRERERERERERERlRcaZwDHxcXBwcFBeG9nZ4clS5Zg4cKFwg/nCxcuVJsFrE33offv38fJkycB5I4TOWjQIAwbNgx79+4VgpMXLlzAzJkzldZTZHzlzSZVdCWdV96sPXXlKeYPHDgQ5ubmaNmyJebPn4/Fixdj//798Pb2Rrt27dC5c2dcv34dx44dQ+fOnQvdVn6arF+Y8PBwtGnTBjVr1kS7du2wevVqrF69Gq1atdJofQVFgDxvsLdevXoAIIx5WxamT5+Ozz77TCdlaRJM7tGjB5KSkrBq1SphWteuXdG9e3fUqVMHycnJAIDq1asL862trXVSv+I4duwYjh07hjp16qBt27aYNGkShg8frjZjV9FVLZC7f1u0aAEPDw/cv38fa9asKdBdbd7l9SEuLq7I84iCIvirbbfEQ4YMwb///ovJkycL0wYOHIjBgwfDzs5O5bjX2rTT+Ph4NGzYEGZmZpDJZKhevTrMzMxw69YtAOrPJ5qMW12aXr58idu3byud64Hc4Lzi4Qddun//PoD/9Q5hZ2cHALhz5w7i4uKQmZkpTBOLxbC2tsb58+cBAPfu3UOzZs1gZGSErKwsNGzYEGlpaXj8+LFQrp2dHV69eiV0CX3nzh3hwSVdb5OIiIiIiIiIiIiIqLzQKgCcX/4gcFHBm+KMHwkAixYtQp8+fbB48WKcPHkSL1++xIULF9C6dWu0aNECMpkM8+bNQ1hYGObPn4+7d+/C2dkZHh4eSE1NFbrsLUxR5Z05cwbm5uaYNWsWkpOT8fr1a2RmZuLt27cwNzcHkJv116xZM9jb2wMAnJyccOnSpSI/W3HXt7a2Rnh4OEJDQ+Hj44OXL18iPT1dyFTLTyaToUGDBujduzf+/PNPpXnBwcF48uQJxo4di+joaJiZmcHNzQ337t3DxYsXi/wMmtA0G/Svv/7SyfaKYmNjg2bNmiEoKAjh4eHC9LS0NHTv3h3du3fHzp078fDhQzg4OKBfv36QyWRo3749ABTIcFXXxXP+5VWtq648uVyOdu3aYcGCBdi5cyeuXr0qZA3LZDLI5XKhK9pevXohLCxM5XYV2ZC1atVCo0aNhKCYvb09bt68WWjdy5qm54nKlStrfU5p0KABnJ2dsX//fgQFBQnTU1NTMXjwYLi5uWHFihXCuNd9+vTB06dP1bbTCxcuKG3Dz88P3t7eWLNmDQICAvDtt98CAHbs2AEAas8nFZFEIkHz5s2FoKqdnR369++PR48eISwsDE+ePMGECROQmZkJNzc3vHv3DkeOHIFMJsOJEyfQv39/eHl5oWnTpjAyMsLevXsB5Had7uzsDB8fHzx//hytWrXCrl27kJ2djUOHDmHGjBn48ccfERgYiDFjxuDvv//G1atXYWRkVCrbVPc5ddm7ARERERERERERERFRUTTuAjoyMlJlN5eKILAiq0oRBM4vNTW12GNIPn36FJs2bULNmjUxf/58AMD48eNx5swZ/Pzzz9i+fTuePn0KHx8fAMCECRMQExODJUuWwNXVFfv27QOgPrClrrw5c+YgOTkZAQEBOHXqFKytrTF8+HAkJSVh8eLF+Oeff+Dr64suXbpg6NCh+Pfff7Fu3TqYmZkV+dmKu/7z58/h5eUFe3t7/P7779i7dy8ePHiAcePGqVx+69atqFSpElauXIkaNWoozUtPT0f//v1x5coVrF27FkuXLsXZs2cxcOBAZGZmFvkZNKHLboV18de9e3cAQEREhNL0W7duITU1VegGetmyZXj48CEmT54MFxcXHDt2DMD/umnO//nUvVe1P/Lvm8Leh4WF4dChQxg4cCC2bt2K6dOn49SpU/Dz84NcLkdgYCCSk5MxevRoNG3aVGVZ27ZtQ0JCAhYsWABHR0fMmzcPSUlJ+M9//oNKlSqVyrEqDolEovE4wNqMKw4AgwcPBpAbhM0rIiICycnJwvyTJ0/iwYMHGDBgAIYNG6ZVO92+fTvmzZsHJycn7N27F40aNYKnp6cwvra684m+icViNGjQoMD0Bg0aFLvL/169euGXX37BDz/8AADo2bMnfvnlF3h4eCAzMxPDhw9HQkICFi5cCHNzc4waNQqPHj0CAMycOROnTp2Cp6cn2rZtix9//BGHDh0CAOzcuRPr1q1Dz549MX78eAQEBAjXh7t378LDwwO1a9fG999/j7t372LYsGGQy+Wltk11n5OIiIiIiIiIiIiIqCyJLCwsNI7SuLm5FTpOZmxsrJAJLJFICnRLu3//fiEAUtoMDQ1hY2MjdG28fPlyTJo0CR07dlTKdKSy06xZM31XgfRA0e2xNvr06SNkzRZlx44dpTI2rTaqV6+Ohw8fIigoCG5ubnqtS0l06dIFbm5uSt3n5/XixQscOHAA586dK+OaERERERERERERERF9eEoy/KDGXUADud1fOjg4FBgfEvhfJvCBAwcwdepUpXm3b98us+AvABw9ehQdO3bE5MmThfE2Hz16hLt375ZZHUiZJtmgY8eOxdixY3WyPT8/P/j5+emkLCpbqs4vly9fBgC0bt26wLL6DABbWFjA3d0dACCVSvVWj+KqVasWBg8ejNatWxeZdV27dm1MmzYNY8eOxeXLl3Hw4MFSGReYiIiIiIiIiIiIiIhKRqsMYCC3i1AvLy+VQRpVbt++jZUrVxY6Nm1pqFevHtasWYM2bdogJycH165dw/z583Hnzp0yqwMpU4yZqk7esWt1oV27djotj7QXHR2t9Tr+/v5CMDI1NRV+fn5C1mmXLl0wduxYpfmKAKw+NG/eHGfPnsXTp08xatQo3LhxQ2910Vb+famt/MeGiIiIiIiIiIiIiIh0pyQZwFoHgBXc3NzQp0+fQoMHqampCAwMLNPMXyq/NAkABwUFFTsYlV9qaip69uypk7Ko+LQNANeqVQtbt24FkPvwyMaNGwtkmdaqVQtTp04VHkKZMGECM1G1lHc/lxT3PxERERERERERERGR7pVZF9B5HThwAIGBgXBycoJEIoFEIgEAxMXFIS4uDpGRkWWa9UvlmyZdQC9btkxnY6geOHBAo21S+ZKWlobLly/j9u3bhXbt/PLlSyxYsAB9+vSBg4MDzzPFdPv2bX1XgYiIiIiIiIiIiIiISkGxM4CJtNGkSRN9V4H0gN2uExERERERERERERERaU8vGcBE2mA2LhEREREREREREREREVHpYwCYygQDwERERERERERERERERESljwFgKhMMABMRERERERERERERERGVPgaAqUwwAExERERERERERERERERU+hgApjLBADARERERERERERERERFR6WMAmMoEA8BEREREREREREREREREpc8ob2BOJBLpsSpUkTEATERERERERERERERERFSQruNoShnADNJRaeF368PE405ERERERERERERERFS2jBigobLA79mHicediIiIiIiIiIiIiIhIOyXttVkkZ4TmvRYbGws7Ozt9V4NKiMex4uCxLB94HKgw/G6UfzxG5R+PUdngfiYiIiIiIiIqXZGRkXBwcNB3NQqVlZVV7HUNdFgPIiIiIiIiIiIiIiIiIiLSIwaAiYiIiIiIiIiIiIiIiIgqCAaAiYiIiIiIiIiIiIiIiIgqCAaAiYiIiIiIiIiIiIiIiIgqCAaAiYiIiIiIiIiIiIiIiIgqCAaAiYiIiIiIiIiIiIiIiIgqCAaAiYiIiIiIiIiIiIiIiIgqCAaAiYiIiIiIiIiIiIiIiIgqCAaAiYiIiIiIiIiIiIiIiIgqCCN9V4CISubEiRO4du0apk2bBisrK31Xh4pBKpVi9erVBaZbWVlhzpw5eqjRh+vXX3/FnTt3YGpqCnt7e7Rt2xa2trb6rhbpmUwmw8mTJxEbGyt8N7p166bvapEaUVFROHTokNI0V1dXODo66qlGREREREREREREZUfrALBUKi3wg5pEIoGLiwtiY2NhZ2ens8pR2Xn27BnCw8MBgAGP90hUVJRw3Pz9/TFt2jQ914iKQyqVajWdSs+gQYOwbds2PH/+HFFRUYiKimLQiBAYGIhr164J7xMSEiCXy+Hi4qLHWpE6qs6fPKeWDzKZDHfu3MGzZ8+QkJAAALCxsYGtrS2aNGkCMzMzPdeQiIiIiIiIiOj9V6wAcGxsrNI0uVwOAPD19eUP5e8hqVQKX19fZGRkAACio6OZTfoeyJ/dlJCQgEOHDsHV1VWPtaLisLOzg7W1NZ4/f640vW3btnqq0YfLzMwMHh4eQhAYAA4dOgQrKys+4PSBkkqlSsFfhWvXrjEATKSlkJAQhIWFCfecCor/W5iamqJ9+/bMsCciIiIiIiKicic+Ph4ikQgAYG5uXu5jaDofA/jQoUOIiorSdbFUiqKiopR+iMvIyEB0dLQea0RFUdW1JQC8fv2a7e895enpCYlEIrzv1q0b+vbtq8cafRhkMlmBaWZmZgX2fWBgYFlVicoZZugTlZxMJoOvry/Onj2rdM9paWkJS0tL4X1GRgZCQkLg6+ur8vxMRERERERERKQvT58+RXx8POLj4wskc5VHpTIGsCIwxUzg94OqpxTY/V75VVjw19XVFU2bNsW2bduErhTp/WJqaqryNZWebdu2YdCgQQXay7Nnz5TeJyQkQCqVlvunuqjsfPHFF/quApXAxYsX8fbtW+G9qakp2rVrp8caVWz+/v6Ii4sT3kskEgwaNEg4p0qlUgQEBAjLxMbGYvfu3Rg/frxe6ktERERERERE9L4rlQAwULIgcHZ2No4fP47z58/j5cuXMDMzQ+PGjTFo0CClDLniSE5Oxt27d9G6desSlfPHH38gNDQUS5YsKTDv+vXr8PPzw4YNG0q0jbLi6OiI2NhYoYvLL774osTB+9GjRxfo3g8ArK2tsW7dOrXr/v333zAyMirxsc4vPDwczZs3R+XKlXVabllSF/xVHDMPDw9s2LABHh4eOglWpaWlYcaMGahbty4WLlxY4vJUSUxMxJQpU7B3714YGhrqvHx17VVfFi1apBR8yO/kyZM4efKk0rQmTZpg5MiRJdru3r17cebMGcydOxdNmjQpUVmq5N3XmzdvRrVq1TBkyBCdb0dXnj9/Dl9fX4wfP14pCJx/qAMAOgsAX758GSdOnMCjR49gYGCAevXqoXfv3mjTpk2Jyz5y5Ah+++039OjRA8nJyeVm/6tq43K5HFu3boWxsTFGjhwJY2NjPddSNVUPYyiCVwCE66dMJoO9vX2xAsMBAQH4+++/8d133ylNj4iIwK5du7Bly5biVV5LpX0uLk/yn18BqA0AZ2RkYNSoUfj5559Rp04dtWVLpVIsXrwYaWlpWLVqFapVq1bi+r7PQkJClIK/lpaWcHd3V3rY0MrKCu7u7tiwYQOSkpIA5LatkJAQrbtaL+37lvftPp+IiIiIiIiIyl52djbevHkWirYhAAAgAElEQVSj14SiUgsAA8UPAq9fvx7//PMPxo8fj8aNG+Pt27cICgrCwoULsWLFCtStW7fYdbp58yauX79e4gBw27Zt0bJlyxKVUZ44OjoKAWBdZW57eXnhs88+03q90NBQNGrUqEAAWDHWtKKPdW3t378fdnZ2WgWAc3JyYGCg857Si0WT4C+Qm73t7u6OgIAAuLi4lHjc0j/++AOdOnVCVFQUEhISYGNjU6Ly8svJyUH16tWxdevWUgs4lMf2qi74WxhVD1VoIysrCxcvXsSIESMQHBxcKgHgvEaPHq11+ynrNmdiYoKMjAz4+vpi0KBBkEqliImJURkA1kVWdlBQEPbu3YtRo0ahVatWqFSpEq5cuYKtW7ciIyMDXbp0KVH5YWFhGDduHDp06ID09HSd7suSnINVtfHHjx+jU6dOpf49LClbW1tYWloKQSkA6NOnDwAgOjoau3fvFqbHxMTg6dOn72X37WVxLv5Q3Lt3Dzk5Odi2bZtW7aU83XPoikwmQ1hYmNK0du3aCcHfgIAAiEQiuLq6wszMDI6Ojjh79qywbFhYmNLymijt+xYiIiIiIiIiInWys7MRExMDKyurihMA7t27d4EAhbbjd925cwdXrlzBmjVrhAwLExMTDBo0CNbW1kKGUGJiIvz8/PDs2TOIRCI4ODjA3d0dJiYmmDp1Knr37o2oqCikpKTA2NgYM2fOxLNnz7Br1y5kZ2dj4cKFWLJkCaRSKXbs2IH4+HgYGBigVatWGDx4MAwNDbFlyxZUrlwZiYmJeP36NVJSUuDh4YGmTZsiPDxcyHJ78+YNNm3ahCdPnsDS0rJAoCkoKAhBQUHIycmBqakpRowYAQcHhxLs6fdfcnIyNm/ejISEBOTk5KBu3bqYOHEi/vjjD1y4cAFRUVF4+vQpevXqhf/85z8YPHgwjh49ijVr1sDLywuenp6wt7cHAOzatQs5OTkYO3YsMjMz4e/vj6tXryI7Oxvt2rWDu7s71q5dixcvXuDHH3/E0KFDERkZiTp16ggZXFeuXMH+/fvx008/4dy5c4iIiICxsTESExOxatUqXL9+HXv27EF6ejoMDQ0xYMCAEgdqtHXixIkC0/IHfxVsbW1hZWUlZDaWJAh89uxZzJgxA1WqVMHZs2cxYsQIAMCLFy8wc+ZMjBgxAleuXIFUKkWzZs2EoN+LFy+wdetWvHjxAjk5OXBycsLo0aMhEomwadMmVK1aFTdu3EDTpk3Rt29fpayzc+fOITAwENnZ2ahatSrGjBkDiUSCV69ewdPTE+PGjcOFCxcglUohkUgwZcoUiEQivHr1Cr6+voiLi0OlSpXg6uqKTp06KbVXADh+/DiCg4OF8r/99lt8/PHHxd5H74vIyEh8/PHH6NSpEwICApCamio8ELFlyxaYmZnh33//RUJCAipVqoQxY8bg6NGjePnyJSwtLTF79myYmJjAx8cHYrEYiYmJSEpKQlZWFiZMmICGDRsqbW/Xrl1CBmpmZiZ8fX0RHR2NnJwcfPTRR5g4cSIsLCxUtrmyYm9vj2vXriEjIwP+/v6luq23b99i3759GDlyJLp27SpMb9++PSwtLWFklHtJfvfuHXbv3o2bN29CLpejdu3aGDduHGrVqoXz58/jwoULqF+/Ph4+fIjXr1/jyy+/xJdffok1a9YgISEBe/fuxZMnT5CUlCTsf8U598mTJ6hevTrat2+PEydOwMfHB8HBwQgLC8OiRYsA5GbPjR07Ftu3b4dMJitwDs7MzCy0bRd2Dn716pVSGy/sulhUG9eXdu3aCRmjJiYmQrZ4SEhIgWXDw8Ph4uKi86EUCrtuWlhYwMPDQ+11UdO2N2vWLKXjFBMTA39/f+Fhgu7du+Orr74CkPuw1vHjx4WgZd++fdGtWzedfubyrLB7xOzsbOzatQupqamYMWMGFi5ciOzs7ELvWfNfDxs1aoTz58+jTp06ePjwIZKSkjBhwgSEhYUhPj4e6enpmDFjBurVq4fMzEzs27dPeIDvo48+wrhx41ClShW135eyFBMTU+D/Bs+fP8fZs2chlUqVep+xs7ODnZ2dUgA4IyMDMTExWj2cqOq+JS0tDRMmTMCyZcvQoEEDALnj9syZMwfbtm3DjBkzCm1DRd3nf6j3FERERERERERUkCL4m56eDkB1Mk3VqlVRpUqVUq+LTtIMkpKSEBcXhzp16qBhw4ZKf0V1k5ffrVu3Cl2vQ4cOqF27NgBg48aNqFevHtavXw9vb288ffoUR48eBQAYGhri5s2b8PLywsqVK2FmZobg4GDY29uje/fucHR0FAJBGzduRI0aNbB27VqsWLEC0dHRwg9PhoaGCA8Px7fffoulS5eiS5cuOHDgQIF6HTx4EEZGRti0aRMWLVqEGzduKH2eQ4cOYf78+Vi3bh2GDh2KNWvWICUlRav9oktSqRRxcXFKfwkJCcL8hISEAvPzj4dZUqdOnUKVKlWwYcMGbNy4EZ988gmuX7+O/v37w87ODm5ubkKXoO/evcPbt2+xY8eOIrtRPHbsGJ49e4b169dj3bp1uHXrFs6cOQNPT08AwPz589G2bVu1ZVSqVAl37txB165dsWrVKmRmZgrHbtOmTZg4cSK2bduGN2/e6Gx/aGLkyJGwtLQU3hcW/AVys4UVP6pq+xBGXjExMRCLxahXrx46deqEixcvIisrCwBgYGCArKwsvHv3TsjOv3btGi5fvgwA2L59O+zs7LBp0yasXr0a4eHhuHLlCgDA2NgYly5dgpeXF8aOHau0zTt37sDf3x9z5szBunXr0Lt3b6xevRpZWVkwNDREZmYmkpOTsWDBAvz444+4ceMGoqOjAQA+Pj6ws7PDli1b4OXlhe3bt+PJkydK5d+/fx9HjhwRuihu2bIltm3bVux9pC8nTpzAvHnzVGaFFyY4OBjdunWDsbExnJ2d8eeffwrzDA0N8ddff2HSpEnw9vaGXC6Hr68vPD094e3tjaSkJFy9ehVA7rG/fPkyJk2ahOXLl6Nr167YtGmT2m0HBgYiISEB69evh4+PD7Kzs4Vzdv42V5a0GfPT19e3ROfCBw8eQCaToUOHDgXmOTg44NNPPwUAHD16FPHx8fD29sb69eshkUjg4+MDIPc4RUdHo1WrVli0aBGmTp0Kf39/ZGZmYtasWahVqxbGjRuHYcOGKZUfEBAAQ0NDbNq0CV5eXjh37pxGmYaqzsHq2nZh5+C81F0Xi2rj+qIICgFQ6ir8+fPnKpfPe03VlcKum0UpbttLTU3F6tWrMWTIEKxfvx7ff/89jhw5glu3buHt27fYtm0b5s2bhw0bNmDBggW4evUqMjMzdf65y6vC7hGbNWsGd3d31K1bF+vWrUO1atXU3rPmvx4aGhrizp076NatG5YtW4bWrVvD29sb/fv3x7Jly+Dg4IDTp08DAH777Tfcv38fK1euxLp162BpaYkdO3YAKP73RddUnTOjoqIQEhKCqKgoAP8L/ha2vDbn3cLuW8RiMZycnHDu3Dlh2fDwcLRs2RJisVhtmeru8yvKPQURERERERERlVz+4G96ejri4+NV/pUFnWQAS6VStT92aJOBmJaWVmRK9Js3b3Dv3j3MmDEDQO6PZ507d8bJkyeFsQ7btm0rdGEokUiQmJhYoJyUlBRER0cLmUUmJibo1q0b/vzzT/To0QMA8Nlnn6Fq1aoAgAYNGiAoKKhAObdu3cKQIUMgEolQqVIldO7cWfhhLzIyEq1atUL16tUBAC1atEDlypVx9+5dtGrVSqN9oisymQy7d+9W2bVpXoGBgSqn29jYYPz48RpnNa1evbrA0w1DhgxB3759Ub16dVy+fBnXrl2Dvb09BgwYoLIMxfodOnTQKPsrIiIC33zzDYyNjWFsbIzFixcLWXXaEIvFwjiOxsbG2Lx5s/C5mzRpAkNDQ7x8+VL4bpQFOzs7TJs2DYGBgUhKSkLTpk1VLpe3q2hLS0ulwIW2QkJChExFCwsLNGrUCJGRkUpBdEUwy9TUFC1atEB0dDTatGmD2bNnC8esSpUqsLOzE4IiIpEITZs2RY0aNQps89KlS2jdurXwsEfr1q3xyy+/4N69e8KDIR07dgSQ2921tbU1EhMTkZKSgpiYGHh6ekIkEqFOnTrYvHkzzM3N8fDhQ6H8jz/+WJgO5LbxY8eOFXsflaWEhATExMQgKioKMTExAHKPt6WlZZFjJCYkJCAxMRHNmjUDAHTr1k0IsCs0b95c+J7XqVMHFhYWMDExAZAb9Hr16pWw7Oeffy5kDzs7O2Pnzp1ITk4udPv9+vXDl19+KbRHBwcH4TMAym2uLNna2sLV1VWjQLqiq+j84wVrKjU1FWKxGJUqVVK73OXLl4XzGAB0794dx44dQ1paGgCgZs2aQrBYIpEgOzsbUqkUtWrVKrTMW7duYdiwYRCJRBCLxWjXrh2Cg4OLrLOqc7C6tl3YOTjvd0PddVGRNaeqjeuTVCrV6/YBaHzdzK+4be/WrVuwsLBAixYthO07OjoiKioKDg4OsLCwQEhICLp06QJbW1vMnTtXB5/y/aLJPWJR96yqrofW1taoX78+gNxzsa2trdCNcZ06dfDXX38ByG1v/fv3F7qn/+qrr+Dp6Yns7Oxif190raiHIb744guhNxaZTIbw8HCty8hL3X1L586dsW7dOowYMQLGxsYIDw8XejVRR919/vt8T0FEREREREREupM/+FselOoYwMVRtWpV3L9/X+0yih+S8wbfqlatqjQ+X94gpUgkQk5OToFyFMsvWLBAmKbovk1VOQYGBirLSUlJURpXNm/qdnJycoFAQf66lpWwsLAig7/qJCQkICQkROOxDefMmVPoGMA9evSASCTCiRMnsG7dOjRv3hxjxowRAgL5aRpoTUpKUtr/ih/ksrOzNVpfIX8XiefOncOlS5eEMTCzsrKE12XJzMwMgwYNQnR0NLZt24a+ffsqPVyRf5zgooKC6qSkpCAyMhLXrl3DL7/8AiB3fML09HSlAHD+/a0I1ERHRyMwMBAymQwikQgJCQlKY30WdkyTkpJw8+ZN3Lx5U5j29u1bJCUlCQFgVe1S0aby1kdVNwoZGRnYv38/Hjx4ACC3u119HMviKKybYk3adXBwMJKSkjBmzBil8u7cuSMcl7xj3BoYGBR4n/f8p6qdpaamFrr958+f4+DBg0hMTIRIJFI6nkDBNleWHB0dYWVlhRMnThSa0alQkiCwhYUF0tLSkJGRoXY84eTkZKX2odjXimtf/usbAJXXprzyX6fUBYtVyVsfdW27sHNwXppcFzW59paVvD2DAFCqp4mJicrxvLUdL7qw+xRFzweA9tdNheK2vfzfQyD3u/jq1SuIRCIsWrQIJ06cwLJly2BgYIABAwZ8UF1AA5p9TzW5Z82/nzU9FyclJcHf3x/79+9XWjcpKanY35eyZGJiIoynrXhIsSQPWxR139KsWTOYmpri6tWrsLGxQWpqaqH3qfnLLew+/32+pyAiIiIiIiIi3co/DJa+lbsAcIsWLXDw4EHExsYWyBo+duwYJBKJMD0pKUn4IevNmzdaD6as6E545cqVJepvu3LlykqBj7w/XllaWhYI9hanrrqgCBJZW1sXCOI+e/ZMGN+wd+/eBX6cVwRGdNmtZffu3dG9e3fIZDLs2LEDv/76q5Ahk1/e7N/83ZbKZDIhS9HCwkIp0yw5ORnZ2dkFfuA2MDBQ+oFO3VMZUVFROHLkCFasWIFatWpBLpfD3d1d8w9aCuzt7WFnZwd/f3/Y2tqiT58+BYK/QMm6fz537hzatGmDyZMnC9NycnIwYcIEJCQkCNlkycnJQuZSSkoKqlatipSUFHh7e2PmzJnCWHk//vijUvmFZXRXq1YNHTt2LNA1NAC1D04ojnHe88KLFy+UfrQFcrvCffz4MRYuXAhTU1Pcv38fixcvVrsvyori/CaTyRAbG1tkMFJTmZmZ+PPPP/HTTz8JmdVAbhehISEhSoF5TeVtZ4ou7dU9qLFx40bY29tj+vTpEIlEOHr0KO7cuaP1dkuLnZ0dPD09IZVKIZVKhYDLtm3bCgT4ihsEbtiwIczNzXH27FmlzGsAuHbtGp4+fYq+ffvC0tJSaf8qupu3srJCXFxcsT6fWCxWOs/lzahVdU7NT9Fei2rbhZ2D8ypP10V1Ll68iPDw8AIBKalUCplMBjMzM9jZ2RX4HucdI1hT1atXx7NnzyCXy5XOjY8fP1YK1hd23VR3XSxu28v/PQSUj5ONjQ08PDwAAHfv3sXy5cvxySefoG7dulp99pJYtGiRUvs0NTXFDz/8UGbb14Ri6AZ196zFHd/aysoKrq6uaN26tcr52txnlRYbG5tCz1u2trZCED0gIKDQh5kU2c9FKeq+xcbGBp06dUJYWBhsbW3Rvn174QELdW1I3X1+eb6nICIiIiIiIqKyY2hoCHt7e0RHR+s1mSUvnYwBrEuNGjVChw4dsHr1aly5cgVpaWmQSqXYt28fTpw4AWtra1SpUgVNmjQRutrLzMxEaGgonJyciizfyMhI6EZTLBbDwcEBJ06cAADI5XIcO3YM58+f16rOTZs2xYULFyCXyyGTyZTG1WzdujWuXr0qdJ167do1pKenFyvgoiuKH63z/uX9sdrW1rbAfE27fdbUli1bhIwqMzMzIbAKKB8jVapXry6M65qcnKw0FpuTkxOCg4Px9u1bvH37FqtWrcLly5dhYGAAkUgklFujRg2hn/Xs7GyVXQ4qvHnzBhYWFqhZsybkcjmOHDkCkUik96c5zMzM4OHhAUtLS6xfv15lF7YnT57UaoxYBblcjpCQkALjJRsYGKBVq1ZK2XChoaEAcgND169fh4ODA9LT05GdnY2GDRsCyA2iP3r0SKN95uzsjIiICCFA9fLlS/z8888qs+zyqlq1Kj755BOcPHkScrkcL168wNy5c/Hvv/8qLffmzRvY2trC1NQUMpkMp0+fRnZ2tt7Hrhw/fjw8PDzg4uKCvn37wtPTU2U2nbW1dYFpRWUbXrp0CbVr11YK/gJAmzZtEBkZqTZztzA3btwQzmvnz59H/fr11T5I8+bNG9jZ2QkZo5cuXdJ7G1LFyspKOCfa2trCw8NDCALkpQgCazM2pbGxMdzd3bFv3z6cPHlSCCT++eef2LhxoxDoa926Nc6ePSt8J4OCguDg4FCi8/Ann3yC8PBwyOVypKen49KlS8K86tWr4/nz58L21F0Di2rbhZ2D8yqP18X8Tpw4IRwjVRRdKLdv377APFXTiuLk5ISsrCz4+/sjJSUFb9++RUREBH7//XfhYQF1101118Xitr1mzZoJ53Ug96GBa9euoVWrVnj06BEWL14snDvq1KkDIyOjMs98VPVwRnlTknvWojg7OyMoKEjYD3/99Rd+/fVXAOq/L2VJ3cMQSUlJOHv2LM6ePav2gSdNHqjQ9L6lc+fOuH79Os6fPy90NQ+ob0Pq7vPL6z0FEREREREREZU9c3Nz2NvbCw+aV6pUCXXq1Cnwp+o3/tJQ7jKAAWDy5Mk4efIk9u/fjxcvXsDU1BTNmzfH8uXLhQDGlClTsH37dmG8zy+++AL9+vUrsuzPP/8cp0+fxqRJk+Dj44MpU6Zgx44dmDp1KnJyctCwYUN06dJFq/q6ubnBx8cHEyZMgKWlJTp16oTTp08DyM3UHDRoEH788Ufk5ORALBZj7ty5EIvF2u+Y98zKlStVTt+8eTN69+6NHTt24PDhwzAwMICtrS3Gjx8PIPcHTX9/f8TGxmL06NEF1h8yZAj8/PwQEREBKysrODs7IysrCwAwYMAApKamYvr06cjJyUHr1q3Rs2dPiEQitGvXDkuXLsWgQYPQo0cPrF27Ft9//z3EYjGaN2+OkJAQlfV1dnZGWFgYpk6dCnNzcwwcOBAdO3bEpk2bsGDBAqWuNPWhffv2QjDC0tJS6E5x9+7dAHIDNADg6uqqcZm3b99GamoqmjdvXmBemzZtsH79eiE4aWVlhVmzZiE1NRVt2rRBq1atIBKJ8NVXX2HevHkQi8VwcnLCiBEj4Ofnh3r16qnd9qeffoqhQ4dixYoVyMrKgpGREfr37w8TE5MiM5qnTp0KX19fTJgwAZUqVYK7uzs++ugjpeyjvn37YsOGDZg+fTqqVq2KsWPHIj4+Ht999x28vb013ke6lLdng7xcXFyUgu3W1tbw9PTEs2fPlDJTi+rqOyQkBG3atCkw3crKChKJROnHbE198cUX2Lp1KxISEmBmZoZJkyapXX7o0KHYs2cPDh8+jHr16mH8+PFYtWoVdu7cicaNG2u9/bKiCALrKhO4a9eusLCwwPHjx3Hw4EGIRCLY2dlh5syZwvjMX3/9NVJTUzF79mzI5XLUrVu3yP1bFMV1avLkybCxsUH79u2F61Tz5s3x6aefYt68ebCyshICmKqeVKtdu7batl3YOTjv+NHqrov6GB5BFcV5szDXrl2Do6Mj7OzsCmQ0FzY+uzpisRiLFy+Gv78/pk6diqysLOG4KzKt1V031V0Xi9v2xGIx5syZg19//RW7du2CgYEBhg4diiZNmkAul8Pe3h5eXl4Ach/ccnV1LfL8/qEq7j1rUfr164f09HTMmTMHOTk5sLCwELr5V/d9KUtNmzYttKt0ExMTISit6kEbxXRN2pQm9y1DhgxB7dq10ahRI6SmpkIikQjLqGtD6u7zy+M9BRERERERERHpjyIIHB0djZo1a5Zpb3n5ieRapgPExsbC19dXq42MHz9eZXCDSk5VV9mqPHv2DL6+vsLYk/kDFgEBAbh27RqA3PEw8wYLi1qXSk7T41gYmUyGhIQEteMB5z+uJZWYmIgpU6Zg3759BbpO/JBpeiznzZsnvLayssKcOXMKLCOVSrF69WrhvUQiEbpclUqliIqKEsavLUubN29G9erV4ebmVqbb1UZJ21R++YPueZmammLOnDk67ylB13JycoS2GhYWhpMnT2L58uV6rlXZ0+S78euvvxaaTWpnZ4d27doJx3vVqlVKAeA5c+aUu+6s3zfFOY8qrFixAkDugy95H6ABgG7dugkPzKhbl4qmzTlW1bEAlI+HJsvoyoYNG9CwYcMCXfGXR7q+lhERERERERGRssjISDg4OGi0bN6eDqtWraq2R8P09HSkpaWhZs2aJaqf4gH14mDU5gPh7+8v/JidkZEhZIcCuYFCRfBX8T5v9pO6dal8UHTrnZejo6PSj5tRUVHw9fUt0bjAquijS8mKRiqV4tChQ0rH5tmzZ/D39y90HSsrK7i4uOgt0PShHfeiuoMODAzUQ600d+zYMSxZsgSZmZnIysrCH3/8UaxM1Q/FyJEj4eHhofLPxcVFCP5evHixQNby2bNndX6eJXqfubi4KGXbakoikeg8+Hvnzh3cvn1b695+iIiIiIiIiIi0YW5uXuLgb0mVyy6gSffy/0Cdnp4uvFY1xmHeH6/VrUvlW/v27ZGQkCAE+GNjYxESEoK+ffvquWaUX1RUFKytrYXud0NCQpCQkKDnWlFe6rqDLmys2PKiV69eePz4MaZOnQoDAwM0bdoUAwcO1He13ktSqRRnz55FdHS0yizhqKgoREdHw97eHt26dWM2MBEAd3d3+Pv7Kw3JEBMTA5FIJLzOSyKRwN3dXad1WLZsGeLj4zF58mSYm5vrtGwiIiIiIiIiovJG6wCwjY2NMPanNuuQfrVt2xbh4eHCe0dHR6XXFy9eFAIaJiYmsLe312hdKv8GDRoEAEIQWFeBqpo1a+LAgQM6KetD1Lt37wLBo7xty8XFpUBX6+XlXFrS8WjfZ4UFgdu1a6fHWhXN1NQU06ZN03c13nt5h0RQJyMjQ+hNY8SIEUrXVNKd/OdRU1NT4bWqDPe809StS7pnZmYGDw8PhISECPecCQkJBR50MjExQfv27XWe+QsA33//vc7LJCIiIiIiIqIPR506dYTXYrFYjzXRjNZjAFP5ou0YbIrl8/+w9uzZM4SFhQHIDWTkDzzlXTfv2IekG6U9xptMJkNISAikUikGDRrE41eKOF5f+VCWbcrR0ZEBvvdISb4bAQEBSkMmaKKwMb6pcDyPln8lOUYymQwxMTF49uyZEAC2sbGBra0tmjZtynuUPNgWiIiIiIiIiEqXNmMA60NJxgBmF9AfEHXZFLa2tkKmqLbrUvlnZmbGbp+JdIht6sNUnLF9VY0bTfQhMzMzg6OjI3uUISIiIiIiIiIqRQwAExEREWlg5MiR+q4CERERERERERERUZEM9F0BIiIiIiIiIiIiIiIiIiLSDQaAiYiIiIiIiIiIiIiIiIgqCAaAiYiIiIiIiIiIiIiIiIgqCAaAiYiIiIiIiIiIiIiIiIgqCAaAiYiIiIiIiIiIiIiIiIgqCAaAiYiIiIiIiIiIiIiIiIgqCAaAiYiIiIiIiIiIiIiIiIgqCAaAiYiIiIiIiIiIiIiIiIgqCNHBgwfl+q4EERERERERERERERERERHl6tmzZ7HXNapataoOq0JERERERERERERERERERNowMjKCqakpLCwsYGVlVbKyqlWrpqNqERERERERERERERERERGRtgwNDVGpUiWIxWKYmJiUqCyjmjVr6qhaRERERERERERERERERESkLQMDAxgaGsLExASmpqbIyckpdlmi5ORkjgFMRERERERERERERERERKQnIpEIIpEIhoaGMDIygkwmK3ZZRubm5jqsGhERERERERERERERERERaUsRBBaJRCUqx8jIyEhHVSIiIiIiIiIiIiIiIiIiIn0y0HcFiIiIiIiIiIiIiIiIiIhINxgAJiIiIiIiIiIiIiIiIiKqIBgAJiIiIiIiIiIiIiIiIiKqIBgAJiIiIiIiIiIiIiIiIiKqIBgAJiIiIiIiIiIiIiIiIiKqIBgAJiIiIiIiIiIiIiIiIiKqIBgAJiIiIiIiIiIiIk3xmB4AACAASURBVCIiIiKqIBgAJiIiIiIiIiIiIiIiIiKqIIz0XQEiIiIiIiIiIiIiIiIiIiro+vXrGi/72WefAWAGMBERERERERERERERERFRhcEAMBERERERERERERERERFRBcEAMBERERERERERERERERFRBcEAMBERERERERERERERERFRBWGk7wrQ+yciIgI3btwAAPTo0QMSiUTPNSIiIiIiIiIiIiIiIiIigAFg0lJ8fDzmzJmD9PR0fP311wz+EhEREREREREREREREZUj5TYA3L9/fzx9+lRpmp+fH5o3b66zbUyZMgUREREAAGNjY1y6dElnZb8PtP38WVlZ+O6775Ceno5evXrhu+++K4tqamzp0qX47bffhPe///47atSoUWbbT0lJwW+//YaIiAg8fPgQycnJEIlEqFmzJpo2bYrOnTuja9euMDIqt82u3FmzZg32798vvPfy8oKrq2uB5SZOnIgrV64I77dv347PPvtMeN+mTRtkZmYCAJydneHj4yPM+9DPA0REREREREREREREVLGUy0jUzZs3CwR/AeD06dM6DQCTdnx8fBATE4POnTtj0aJFMDDgENIKv/32G3766Sekp6cXmBcfH4/4+HicOXMGvXv3xuLFi/VQQyIiIiIiIiIiIiIiIvoQlMsI3unTp1VODw4ORlZWVhnXhgAgPT0dYrEYU6ZMwYoVK5jFmsf27duxdOnSAsFfIyMjmJubK0179+5dWVaNiIiIiIiIiIiIiIiIPjDlLoqXlZWF4OBg4b2RkZEQ9E1KSkJERATat2+vk2399NNPyM7OBgCIRCKdlPk+0ebzm5ubY/z48WVRrfdKZGQktmzZojStZcuWmDRpEhwcHGBgYIDU1FRcvXoVhw4d+iC/Z+VBaGgo5HI5AMDQ0FBp3od+HiAiIiIiIiIiIiIiooql3AWAIyIikJSUJLwfNWoUdu7ciZycHAC52cGFBYCD/5+9Ow+Lquz/OP6ZYRNBFllFBNwQygWNXErLLbcstcS0bDdDn57S0tLM1p9lZk9pZWVZmpaZW6blVm6huYsK7rso4gKygwzM7w/i5AgoLonR+3VdcznnzH3uc59zZvznw/29ly7V/PnztXv3bqWmpsre3l5ubm4KCAhQWFiYOnToYFNC+oUXXrjo2p8Wi0XTpk3TTz/9pMTERHl4eOjOO+9UdHS0Pvroo1LXm508ebLNGqNF4580aZK2bdumvLw8hYaG6umnn1bz5s1tznn06FHNnDlTe/bs0bFjx5Senq6srCw5OzsrMDBQTZs2Ve/eveXn51fiPUhNTdWcOXO0evVqHThwQFlZWXJzc1P16tUVGRmpJ598UpUqVSrT9UvSjh079MMPPyg2NlanTp2SJHl7eysiIkJRUVGqX79+sWMuXG917NixmjJlihYuXKgTJ07Iw8ND7dq108CBA+Xi4lLidZQmLy9P06ZN0/z585WYmChPT0+1adNG0dHRZTr+9OnT+uGHH7RmzRolJCQoJydHnp6eaty4sXr37n3ZJcYnTJhgs92iRQt98MEHNjOkXV1d1bp1a7Vu3VonTpww9i9evFgjRowwtt9880116dLF2J4xY4bee+89Y/uTTz5Rs2bNJEnbt2/X448/bnz2zDPPqGPHjvrkk0+0bt06paSkaNSoUerYsaNyc3M1c+ZM/fbbbzp06JDxfXJ3d1dwcLDCwsJ03333yd/f3+ZaTp48qRkzZmjNmjU6fvy4cnNz5eHhobCwMHXt2lXt2rUrFphe6bn+bm3bti11DeC/63cAAAAAAAAAAABQHm64APjC8s/333+/tm3bpg0bNkiSVq5cqaysrGKldT/77DN9+eWXNvssFotycnJ08uRJxcbGyt7evswBX35+voYMGaKYmBhj36lTpzRr1izFxMQoJCSkzNc0f/58zZ0715iBKBUGeM8++6w++eQT3Xrrrcb+3bt367vvvivWR2Zmpnbv3q3du3dr7ty5+vTTTxUeHm7TZvPmzXrppZeUkpJisz85OVnJycnavn27evbsaQTAlzJx4kRNnDix2P5jx47p2LFj+vnnn/Xkk09qwIABpfaRkZGhfv36adeuXca+06dPa8aMGdq/f78+/fTTMs+6tFgsGjx4sBHWSbYhZc2aNS96/Nq1azV8+HClp6fb7D916pSWLFmiJUuWKDo6Wv369SvTeJKSkhQXF2ez78UXX7xoeeyLBZ9XM/s0MTFRDz/8sM0fT1itVhUUFOi5557Txo0bbdpnZGQoIyNDx44d05o1a9SgQQObscXExGjEiBHKzMy0Oe706dOKiYlRTEyMWrRooffee8/4Pl3puW501+J3AAAAAAAAAAAAcL3cUAFwVlaWVq5caWw3atRIvr6+ateunREA5+TkaMWKFTYzJXNycvTNN98Y2yEhIWrVqpXs7Ox04sQJ7du3T/v27bussUyfPt0m/DWZTKpXr54sFov27dtnM5PzUubMmSNJ8vHxUXJyslFutqCgQJ9//rlNACwVlltu3Lix/Pz85OnpKYvFosOHD2vVqlUqKChQRkaG/u///k/ffvutcUxCQoIGDRpksw6ti4uL6tatKzs7O+3fv98mHLyUBQsW2IReZrNZN998s0wmk+Lj441rmDRpkqpVq6bu3buX2E9RQOrk5KTKlSvbhNMbN27Uhg0b1LRp0zKN6bvvvrMJf00mk+rWrau8vDwdPHhQR48eLfXYw4cPa8iQIcrJyZEkOTo6qkOHDvLy8lJMTIz2798vqfAPCYKCgtShQ4dLjufC8LdOnTqqUaNGma6lJFcTAM+ePbvE/Zs3b7YJZCMjI9WwYUPl5OQoMTFR8fHxOnnypM0xBw8e1EsvvaTc3FxjX82aNeXj46P4+HgjFP7jjz80atQovfXWW1d8rss1evRojR49+qr6uBzX6ncAAAAAAAAAAABwvdxQAfDy5cuNgE6S7rrrLkmF5VvHjBljUwb6/AA4OTlZ586dM7ZHjx6tOnXq2PR9/PhxpaamlmkcVqu12CzcMWPGqE2bNpKkuXPnatSoUWW+LhcXF40bN04RERFKTEzUo48+quTkZEnStm3blJubKycnJ0mFJYSXLVtW4izSL7/80lhvdvfu3UpISFBgYKDx2fnh72233aa33npL7u7ukgrD5pUrV8rZ2blM139haePx48cb5ao3btyoAQMGGDOaP/vsM917770ym80l9tepUye99tprcnBw0Mcff6zJkycbn23cuLFMAXBJz2Ts2LG68847JUnz5s0zgsiSTJo0yfhumUwmffrpp2rUqJEkKTo6Wn379jVC4AkTJpQpAC56hkWqV69+yWMu5mrXn23WrJkGDRqkGjVq6Pjx43J0dNSWLVuMz93d3YutVyxJ8fHxqlq1qrE9adIkm/D3/NmtSUlJeuKJJ5SUlCSp8Lf4xBNPqGbNmkpMTLzsc93IrvXvAAAAAAAAAAAA4Hq4oZKK88s/m0wmtWvXTpJUtWpVNW7c2Phs3bp1OnPmjLHt6+trE5iOHDlSn3/+uRYvXqzdu3fLYrEoICCgWMnk0hw+fNhmpmJERIQR/kpSjx49LqsEdFRUlCIiIiRJ1apVs5nxW1BQYDMr1sXFRbGxsXrllVfUo0cPtWzZUpGRkYqMjCwWqB0+fNh4v2rVKuO9g4ODXn/9dSP8lQpnLrZp00Zubm6XHO++fftsrr958+Y2axVHRkaqRYsWxvbp06e1Z8+eEvuqVKmSXnzxRTk4OEiS7rnnHpvPT58+fcnxSIXXen7bxo0bG+GvJHXr1u2iJaDPn83t5+enlJQUrVixQitWrNDq1attZu4mJCTY3NuyutoA92p4eXnp/fffV926dVWpUiXVqlVLgYGBCggIMNqkpqbqueee05QpU7Ry5UpjxvTNN9+satWqGe1Wr15tvHdxcdETTzxhbPv5+alXr1425y5qfyXnupFdy98BAAAAAAAAAADA9XLDzABOTk7W+vXrje1GjRrJx8fH2G7fvr02bdokqTA0Xbp0qXr37i1Jsre3V8+ePfX9999Lkvbu3au9e/cax1aqVEmtW7fWf//7X/n5+V1yLBeWqb1wNrEk1a5dW4cOHSrTtV247rCrq6vNdl5envF+ypQp+uijj8rUb1Ep3oyMDKWlpRn7g4KCrmqW5fHjx222a9WqVaxN7dq1tWbNGmM7MTFRYWFhxdqFhITYhM4XXvv5M7cvpmjG6fnnL2lMBw8eLLb/wvtz4sQJDRky5KLnS0xMVHBw8EXbXHiPExISLtr+79SqVasS13Zu1KiRwsPDtXPnTkmFYe35Aa+Xl5fuuecePfXUU3JyclJGRobNGsmBgYHG7PQiF977onLol3uuK/HCCy+oW7duxfYPHjzY+P/hWrmWvwMAAAAAAAAAAIDr5YYJgJcsWWKUeJakXbt22ZThtVgsNu0XLlxoBMCSNGjQIFWvXl3z588vNgsvJydHixYt0qFDhzR58uQSyyufr6ik67Xi6elps11aidiUlBR9+umnxrabm5uio6NVp04dOTg4aNWqVfr666//tnGWpqSZrWU9t4eHh822nZ3dNRlTSa7l/Ti/FHlp6tevb7O9f/9+m7Lcl+v8779UvMT0xfj7+5e4397eXh999JG+/vpr/fbbb8XWrj5z5owmT56s7OxsDR06tNjxlzOr+WrPVRYODg6qXLlysf3Xo+zy1fwOAAAAAAAAAAAArpcbJgD+5ZdfbLZzcnIuGsLFx8fryJEjCgoKklQYPvXp00d9+vRRVlaWDh8+rMOHD2vevHnasGGDpMJQ+cCBAwoNDb3oWC4M00qaVbpv374yXdfliI+Ptwm6H3nkEZtyu+eXMT6fq6ur3NzcjFmuR44cUXJy8hXPAj6/lK8kY23c8x04cMBm++8u63vhzO0Lz1/aPqnw/lSpUsWY2VqvXj19++2312RM9evXV1xcnKTCMHDs2LF6//33Sw26k5KSjGspKotd5PxZylLh+tBldbE/avDw8NDgwYM1ePBgJScn6/Dhw9q/f7+mTZtmzFr++eefNXTo0GL36ujRozZrVEvFvw/n/14u51w3uhvxdwAAAAAAAAAAAHApN8QawEeOHNGOHTsu+7jz1wxetmyZEZ5WrlxZ4eHh6tSpkx577DGbYy4s71ySoKAg+fr6GtubNm2yKfM6a9asK1oj9lIunOVcVOJZKpwNOnfu3FKPbdWqlfE+Ly9Pr7/+ulJTU419BQUFWrRoUbGQsSR16tSxuf61a9dq7dq1xvbGjRv1xx9/GNve3t6XDNWvVnBwsLy9vY3tzZs32wTiCxYsKDGoL3L77bcb73fv3q2VK1cWa2O1WrVx40ZNnDixzOMaOHCgzXZMTIyeffZZ7dixw5gdmpOTozVr1mjQoEEaN26c0dbLy8vm2MWLFxt/9PDTTz8Zf7hwNZKSkrR161Zju2g97Z49e9rMsM/IyFB2drYk23uVmZmpr776yqa/H374weYcRe2v5Fw3shvxdwAAAAAAAAAAAHApN8QM4PODXEkaNmyYevbsWazd2bNn1bFjR+Xn5xvHPf3008YxlStXVoMGDeTn5ydvb2+lp6fr119/tekjJCTkkuMxmUx66KGH9MEHHxj7nnvuOYWGhurcuXMXDRqvRnh4uMxms1EKeOrUqUpOTpaLi4uWLFly0ZLA/fr107Jly4xgbc2aNbr33nsVGhoqOzs7HThwQMnJyfr5559t1uQticlk0oABA/TGG28Y+5599lnVr19fJpNJcXFxNqVvo6Oj//YSvCaTSX369LFZH3nw4MEKDQ2VxWIpcXbm+fr166cVK1YYAesLL7yg22+/XXXr1pUkHTt2TFu2bNHp06fVqFEj9e/fv0zjatq0qaKjo/XZZ58Z+9atW6d169bJyclJTk5OSk9PN+7XXXfdZbQLCwuTq6urMjIyJBXO+L3rrrvk5OSks2fPlun8l5KYmKh+/frJz89P4eHh8vX1lZubm06cOKHFixcb7fz8/OTs7CxJevLJJ7V8+XLl5uZKkiZNmqRly5bJx8dH8fHxNn+Y0KlTJ9WsWfOKz3UjuxF/BwAAAAAAAAAAAJdyQwTAixYtMt6bTCa1bt26xHYeHh5q0qSJMTMyISFBcXFxxlqsGRkZNjPyLtS7d+8yr8/au3dvbdiwwZhlarVatXv3bklSYGCggoODtXr1aqP9heV8r4Sfn5969+6t7777TlLhjOB58+ZJkhwdHdWtWzdj+0I1atTQBx98oGHDhhnhYWZmprZs2XJFY7nnnnt0/PhxffHFF5IKZxCXVJL4iSeeUPfu3a/oHJfroYce0rp167R+/XpJts/E19dXNWvW1Lp160o8NiQkRGPHjtXw4cON8sarV6+2eYZFLmfdW6kwXPb29tb//vc/ZWVlGftzc3ONELWIo6Oj8d7JyUmPP/64TaidnZ2t7Oxsubi4qGXLljbB6dVISkpSUlJSiZ+ZzWYNHjzY2K5Zs6ZGjx6tESNGGNdz8ODBYn/40KJFC73yyitXda4b3Y34OwAAAAAAAAAAALiYcg+A4+LidPToUWM7IiLCptTvhdq1a2dTGnfhwoWqX7++Xn31VW3fvl07d+7UqVOnlJqaqoKCAnl6eiosLExdu3ZVu3btyjwuOzs7jR07VtOmTdNPP/2k48ePy9PTU23atFF0dLTNGqaOjo6XnFVbVoMHD1ZAQIBmzZqlhIQEubi4qHHjxoqOjtbOnTtLDYAlKTIyUrNmzdLs2bO1evVqHTx4UFlZWapSpYoCAgLUtGlTubu7l3ksTz/9tFq2bKmZM2dqy5YtOnXqlKTCUreNGzdWVFSUEb5fD/b29vrwww81depUzZ8/XydOnJCHh4datmypAQMGaMKECRc9vnnz5po9e7ZmzZqlNWvW6NChQ8rOzpa7u7u8vLwUHBysyMhItWnT5rLH1r17d7Vt21bz5s3T2rVrtX//fqMEt4+Pj8LDw9WmTRu1b9/e5rhHH31ULi4umjFjho4ePSpXV1c1b95c0dHRWr169VUHwLVq1dKQIUMUFxenvXv3Kjk5WWlpabK3t5ePj48iIiL0wAMPKDw83Oa4Vq1aaebMmZoxY4bWrFmjY8eOKS8vT+7u7goPD9fdd9+t9u3b24TlV3qu8nZ+6fWS1lK+0X4HAAAAAAAAAAAAF2Oynl/DFDYSExNVrVq1Yvs3bdqkAQMGGKWaW7RoYTOLE8A/Q0FBgbp27WqsDV6jRo2LrrUNAAAAAAAAAABwPaSlpUmSYmNjy3xMRESEpBtgBvCN7Mknn5Srq6tuuukm+fj4KC8vTwcOHNAff/xhrP1pNpvVr1+/ch4pgMtx5swZ/fTTT9qyZYsR/kpSs2bNynFUAAAAAAAAAAAAV48A+CKsVqsOHDigAwcOlPh5pUqVNGLECDVq1Og6jwzA1UhKStInn3xis8/Dw0OPPfZYOY0IAAAAAAAAAADg2iAAvogBAwbo999/1+7du3X27Fnl5ubK1dVVQUFBatasmbp37y5/f//yHiaAq+Dh4aFbb71VAwcO5PcMAAAAAAAAAAD+8VgDGAAAAAAAAAAAAABuIFezBrD5bxkRAAAAAAAAAAAAAOC6IwAGAAAAAAAAAAAAgAqCABgAAAAAAAAAAAAAKggCYAAAAAAAAAAAAACoIAiAAQAAAAAAAAAAAKCCIAAGAAAAAAAAAAAAgAqCABgAAAAAAAAAAAAAKggCYAAAAAAAAAAAAACoIAiAAQAAAAAAAAAAAKCCIAAGAAAAAAAAAAAAgAqCABgAAAAAAAAAAAAAKggCYAAAAAAAAAAAAACoIAiAAQAAAAAAAAAAAKCCIAAGAAAAAAAAAAAAgAqCABgAAAAAAAAAAAAAKggCYAAAAAAAAAAAAACoIAiAAQAAAAAAAAAAAKCCIAAGAAAAAAAAAAAAgAqCABgAAAAAAAAAAAAAKggCYAAAAAAAAAAAAACoIAiAAQAAAAAAAAAAAKCCIAAGAAAAAAAAAAAAgAqCABgAAAAAAAAAAAAAKgj78h5AkTNnzujw4UPKysqWxWIp7+EAly0nJ0fZ2dnKy8tTfn5+eQ/nX8vBwUHu7u666aabVL169fIeDgAAAAAAAAAAwHV1QwTAp0+f1p49uxUUVENubm5ycHAo7yFVKOvWbVCzZreW9zAqtMTEE4qN3arGjRurWrVqqlSpUnkP6V8rJydHiYmJWrVqlVq1aqXAwMDyHhIAAAAAAAAAAMB1c0MEwIcPH1ZQUJC8vKqW91CAK7Jnz17dcsstCg4OLu+h/OtVqlRJNWvWlNls1o4dOwiAAQAAAAAAAADAv8oNsQZwVlaWPDzcy3sYwBXLyMhQQEBAeQ8D5wkICFBaWlp5DwMAAAAAAAAAAOC6uiEC4Pz8fNnZ2ZX3MIArlpeXR+nyG4yDg4Py8vLKexgAAAAAAAAAAADX1Q0RAAMAAAAAAAAAAAAArh4BMAAAAAAAAAAAAABUEATAAAAAAAAAAAAAAFBBEAADAAAAAAAAAAAAQAVBAAwAAAAAAAAAAAAAFQQBMAAAAAAAAAAAAABUEATAAAAAAAAAAAAAAFBBEADjhhAxfpvmxp+RJC3Ze1Z13ttSziOquIb9sl99v4sv72EAAAAAAAAAAADgb2Bf3gMoD7mWAn0Qk6gftp/RweQcuTvbqaG/i/7T3F8dQz3Ke3j/eN2+2aWl+1KL7V/waJja1na/5PHhvs56rV2gsX37p3GKbuanh5v4XNNx/tNlnStQwFu/y6uyg/YNu00mU9mO63aztzJy8//ewQEAAAAAAAAAAKBc/OsCYEuBVd2n7taxtHMa3SlIt1Z3lb2dSTGH0vTVxpMlBsB5+VY52JUxXSuj/AKrTCaTzNe22xtGdDM/vd0xyGafo13ZJpzXcHe65mHv3/EMy9v3sUmSpMMpOfp1b7LuCq1apuNaBF86hP87VcRnAQAAAAAAAAAAcKP41wXA02NPa93RDG3+b0OFeDoZ++8Jr6quYYUB2vydyRq26Ih6NfTWwt0pquxgp2VP3aSDyTl6adERrU9Il53JpG43VdX/3RWkyo6FwebTcw9o2f5UpebkK8DNUUNaVVPfxoVB5tlsiwLe2aR3OwXr+22ndSbTohX9b5Z/FYfrfxOuAzuTSZXsSw58z+Vb9fLiw5q5/YzszSYNaOZv8/mSvWc18MeD2je0sYb+clg7TmZp5K9H9O6q42rkX1nf9q6r5fvT9NqvR7XvTI7szSa1DKmi97uEqJpb4f0c+sthHU87JzuztPNUttrUcteYzsF/+3VfT5+vPaa+TarpcEq2Pl97zCYAPpSco+jZu7T+aJokqbq7k75/qL5u9nfRsF/2K+FsjqY9eLMkafWhVD0zd7cOnMlWg2qu6lTPS9/HJiluSDNJUsT/1qtLuJc2HE1TYto5mUzShPvqqVXNwj+W+G1vil5euF97TmXJ3mzSnbU99FH3eqrm5ihJGjRvr46l5sjObFJ8Uqba162qD+6tez1vFQAAAAAAAAAAwL/Gvy4AXrz3rFqFVLEJf4ucX0L3YEquqjiatXZgA0lS5rl8dfp6p/o29tGUqDrKysvXozP3aeTSI3r/7hBJUtNAV43qUENVKzvo131n1Xv6XtX3q6yIABej35hDaVr+1M1y/BfPgBy94phWHkzT6ugG8nax17CFh3UgOafEtu91Cdaaw+nFSkA72Env3x2siGouSs/N19NzD2jQgoOa8WCo0Wb+rhQtfiJcLYKq/O3XdL1tPZ6h9UfT9On99XQ4JUcPTI3TifRz8q9SGLq+vHC/gjwraf4TjWRvNmn3qSx5Ohf/uZ/OzFOXL2P1/j119fit1RSflKkuX26VxwVtf4w7pZUDbpGPq4OmbExU3+/idXjE7ZIkBzuTxncPVZPqVZSem6/HZ+zQwDm7NPexhn8dH39aKwY00e0h5Tv7GAAAAAAAAAAAoKIrW03eCuR0Vp4C/pyZeDEujmY9d3s1Y/unnSlysDNrZNtAOTuY5VXZQa+1q6Hvt50x2jx5q6+8XRxkNkkd6nqoXW13rTqUZtPvC60C/hXh76SNJ1Vj9CabV3KWRZI0dcspvXRHdQW6O6qSvVmjOgbpcm9JyxA33RroKgc7k6pWtteINtW14qDtvW5Ty61Chr9S4ezfRtVc1aR6FXUN95ZnZXt9vSHR+NzJ3qyEs7nadTJTkhTmW1l+VYp/73+MO6Vgz0rq1yxAdmaTGlZz1VPNA4q169+8unxcC2dX33uzj46czVVS+jlJ0h21PNQsyM14Fq93qKnf9qXYHN+ujifhLwAAAAAAAAAAwHXwr5sB7F3ZQcfTzl2yna+Lg+zOW6D3UEqukjLOKWL8NmNfgdUqs0nKyM2Xq5Odxq9J1PdbT+tUpkV2JpPOZOcp3NfZpt+yhM8VQe9GXhrRJtBmn4ezvaxWKTH9nGpVrWTsd3G0k5/r5d2XXaey9eZvCdp2Iku5lgJZrVJ6br5yLQVy+rP0dEW915nn8vXt5hN6q1MtSYUzcB+5pZq+WHdMw9oEy2SSxt5TR28sOahuk7cpIzdf9zfw1bt315FbJTubvo6l5SrYs5LNvmAP221J8nb5q1S5s0Ph/U3PzZdfFWnnySyNXLRfscczSn0W1d2Lz7gHAAAAAAAAAADAtfevC4A71vXQoAWHdORsroI8bEMpq/WvMtAmk+2U1CAPJwV7OGnjMw1Vkvk7kzVudaJ+eSxc9XwKQ99e3+2R9YJ2poo/+VeS5OJgp+qlBLDVqjgqKSPP2LYUWHUmO6/EtpJkLuGePTZznzrX89Sk+2vL2cGsrYlZavHpdpv7XVHv9fQtSUrLzdcbSw7q7d8OS5JyLQU6m2PR0r3J6hBaVV6VHTS+e6jGdw/VgTPZ6jU1TqOXH9LbnWvb9FXdzUmzU2zLbx8+W3I57tL0mRanrjd5a2qfm+XsYFbs8Qw1/mD9v+JZAAAAAAAAXmPxfQAAIABJREFUAAAA3Gj+dSWg+0R4q2kNV937zW79sitFpzLylJJt0YJdKeo9fU+px90T5qn03HyNWn5M6bn5slqlo6m5+mVXYanblOx8eTrbq7ZX4ezJ2OOZWrY/9bpc040o32pVjqXA5pVfUBgJ9m3so4//SFSupUCS9Nm6JGWeKyi1L/8qjtp7xjaUTMm2KNzHWc4OZlkKrPpoTWIpR1c8E9ce00ON/RQ/tLlin2+q2OebaueLzdW+rqc+/+OYJGnWtpM68meQ6+XiIGcHs+xLSNK71/fRoZQcfbnuuAqs0rbEDH2x9vhljSclO083+7kYz+J/K49c/UUCAAAAAAAAAADgivzrZgDbm0368eF6+l9MokYsOaqDKTlyr2Snhv4ueqaFf6nHuVWy06LHwzVy6VE1GrdVWXkFqu7moL6NfdVF0gMNvbTiQKpu/Xi7vCrbq56Ps+6q43H9LuwG89m6JH22Lslm3+fda+nhJj4admeAhi8+ots+3a4ANyc1D3JVXa/iZYeLPN+qmgb+eFBfbjipJtUra8Gj4fro3poavuiwJqw9IUc7s6IaVtV3W0//3ZdV7mKPZ2hDQrq+7BUu/wvW9B3aOlh3T9qqxLRzWn8kTc//tFdncyxycbRT5zAvvdQmuFh/3i4OWvBEIz374x49P3+vGlZz1ZNNq2nBzjPF2pbm855heuGnvRofc1SOdmb1buynqZtPXPW1AgAAAAAAAAAA4PKZrFbrhVWKr7sVK1aoWbNby3sYFda6dRu4v3+zH3/8SX369CnvYVwTry4+oLgTmZrzaIPyHspVmz59eoV5LgAAAAAAAAAA4N8jLS1NkhQbG1vmYyIiIiT9C0tAA7C1ZE+yzmQVrsG8/kiaPl1zTH0i/Mp5VAAAAAAAAAAAALgS/7oS0ABsrTuSpoenxyvXUiA/V0eNaB+iqEa+5T0sAAAAAAAAAAAAXAECYOBfbmT7EI1sH1LewwAAAAAAAAAAAMA1QAloAAAAAAAAAAAAAKggCIABAAAAAAAAAAAAoIIgAAYAAAAAAAAAAACACoIAGAAAAAAAAAAAAAAqCAJgAAAAAAAAAAAAAKggCIABAAAAAAAAAAAAoIIgAAYAAAAAAAAAAACACoIAGAAAAAAAAAAAAAAqCPvyHoAkJSYm6scffyrvYVRo3F/8W02fPr28hwAAAAAAAAAAAP5B+vTpU95DuComq9VqLe9B/PLLL0pNTS3vYVRYVapUUXp6enkP41+jSpUq6tq1a3kPAwAAAAAAAAAAAP9QaWlpkqTY2NgyHxMRESHpBpkB3KVLl/IeAgAAAAAAAAAAAAD847EGMAAAAAAAAAAAAABUEATAAAAAAAAAAAAAAFBBEAADAAAAAAAAAAAAQAVBAAwAAAAAAAAAAAAAFQQBMAAAAAAAAAAAAABUEATAAAAAAAAAAAAAAFBBEAADAAAAAAAAAAAAQAVBAAwAAAAAAAAAAAAAFQQBMAAAAAAAAAAAAABUEATAAAAAAAAAAAAAAFBBEAADAAAAAAAAAAAAQAVBAAwAAAAAAAAAAAAAFQQBMAAAAAAAAAAAAABUEATAAAAAAAAAAAAAAFBBEAADAAAAAAAAAAAAQAVBAAwAAAAAAAAAAAAAFQQBMAAAAAAAAAAAAABUEATAAAAAAAAAAAAAAFBBEAADAAAAAAAAAAAAQAVBAAwAAAAAAAAAAAAAFQQBMAAAAAAAAAAAAABUEATAAAAAAAAAAAAAAFBBEABfhg4dOigyMlK//PLLdT/32bNnFRkZqcjISG3fvv26n/9GVJbn8e677yoyMlLPPPPMdRwZAAAAAAAAAAAAUD7sy3sAN4LWrVsrIyOj1M/DwsI0bdo0hYeHKzU1VZ6entdxdP9cLVu2VE5OjkaPHq327dtf8/55HgAAAAAAAAAAAIAtAmBJN910k7KysiRJ+/fvV3Z2ttzd3VWjRg1JUkhIiCRp3Lhx5TZGFMfzAAAAAAAAAAAAAGwRAEuaMGGC8f6xxx5TXFycmjZtqnfeecemXYcOHZScnKw333xTXbp00fDhw7V06VK1adNGlSpV0rp162Rvb6/77rtPTzzxhMzmwgrbBw4c0IQJExQXF6fMzEzVqFFDPXv2VPfu3Y02F0pISNCoUaO0fft2+fv7q1+/fiW2++OPPzRp0iQdOHBAZrNZDRo00KBBgxQcHFzq9R45ckQTJ05UbGysTp8+LS8vLz322GOKioqSJMXExGjy5Mnav3+/zGaz6tSpo6eeekqRkZGSpFmzZmn06NEKCAhQ165d9fPPP+vs2bO67bbb9Oqrryo3N9dmxu+wYcMkSW3bttWYMWN06NAhTZgwQdu3b1dmZqZq1aql/v3767bbbpMkHTp0SD179pQkvfDCC5o/f76OHDmiunXr6vXXXzeu7cLnIUlTp07VjBkzlJqaqvbt28tkMhW7/it5HgAAAAAAAAAAAMA/AWnXNbB8+XI5ODioe/fuSk1N1WeffabZs2dLkg4fPqxHHnlEK1askL+/v9q2bauDBw/q7bff1scff1xifxaLRc8++6w2bNggNzc3hYWFaezYscXaLV68WP/9738VFxenLl26qHXr1vr999/16KOPKjExscS+jx49qr59+2rRokUym83q2rWrateurYMHD0qSFi1apEGDBik2NlaRkZFq0KCBNm3apOjoaMXExNj0dfz4ca1atUrt2rVTQUGBli5dqunTp8vJyUm9e/eWvX3h3xe0bNlSvXv3VqtWrXT06FE98sgjWrZsmRo2bKhevXrpwIEDevbZZ7VixYpi4/3666912223ycfHR9u3b9eYMWNKfQ4LFizQuHHjdOLECTVp0kRHjx7VggULbNpcyfMAAAAAAAAAAAAA/imYAXwNNGzYUK+++qqkwvD2m2++0Zw5cxQVFaU5c+YoJydHgYGB+uqrr2Q2m1W3bl19+OGHmjFjhgYMGCAHBweb/jZt2qQjR45IKpydHBISolWrVun555+3aTd16lRJUrdu3YwZwocOHVJsbKxmz56tZ555pthYZ8+eraysLHl7e2v69OlycXExxi1J06ZNkyR17dpVr7/+uiRp0KBBiomJ0bfffquWLVsafdnb2+vjjz+Wh4eHUlNTNW/ePO3YsUPOzs4aMmSIfvzxR1ksFnXt2tWYEfzhhx8qKytLderU0fDhwyVJVqtVU6ZM0ZQpU9S6dWub8Y4YMUJ33nmnatWqpVdffVXx8fGlPoe5c+dKKpwZ/Pbbb8tqterhhx/Wrl27jDZX8jwAAAAAAAAAAACAfwoC4GugevXqxd6fOHHC5t+QkBCjvHDt2rUlSbm5uTp79qx8fHxs+is6xtHR0Vh/OCwsrNh5i9rNnj3bmHFc5OjRoyWOtWhmcGhoqBH+SjJm6xb1WadOHeOzOnXqKCYmxvisiI+Pjzw8PCRJrq6ukqTMzMwSz3vh+fft22dTJrq0MYeGhtr0X7RWc0mKxlevXj1JkslkUlhYmE0AfCXPAwAAAAAAAAAAAPinIAC+Bvbu3Sur1SqTyaQ9e/ZIkvz9/W3+PXTokAoKCmQ2m7V//35JkpOTkxGgns/Pz0+SdO7cOSUnJ6tq1ao6fvx4sXb+/v46e/asOnfurK5du9p8dn64e75q1apJkvbs2aOsrCxVrlxZUuEMYHt7e6PPojFKMt4XjauInZ2d8b6ktXaLQmWr1WozZqkwVB48eLBN+4KCgmJ9FIW0JfV/IT8/PyUlJdmUvz527JhNmyt5HgAAAAAAAAAAAMA/BQHwNbB//37169dPXl5eWrZsmSSpe/fukqQePXpo9uzZSkhIUL9+/RQUFKQlS5ZIkqKiokosNxwZGanAwEAlJCRo6NChat26tebNm1es3UMPPaSRI0dq2bJlcnV1lbe3t06ePKl169apf//+ql+/frFj7r//fs2ZM0enT59Wnz59dOuttyolJUX+/v4aOnSoHnzwQb366quaP3++MjMzlZeXp99//12S9OCDD17WffH399e+ffs0efJkbd26VXfccYfuu+8+zZ49W/v27dPcuXMVGhqqlJQUxcXFqXbt2mrRosVlneN83bt317Zt2zRv3jxVqVJFGRkZ2rBhg02bK3keAAAAAAAAAAAAwD8FAfA10KlTJzk7O2vx4sXy9vbWfffdp6ioKEmFpYYnT56szz77THFxcdqzZ4+Cg4N1//33q0ePHiX2Z29vr/Hjx+vtt99WfHy80tLS9OCDD+rtt9+2ade5c2dVqVJF33zzjZYuXaqsrCx5eXmpYcOGJZaMlqQaNWpo6tSpmjhxorZu3aoFCxbIy8tLzZs3lyR16dJFrq6umjx5stavXy+z2awmTZroySefVLNmzS7rvgwaNEjvvvuu9u7dq927d8vb21tNmzbVN998o4kTJ2rbtm1asWKF3N3dFRoaqjvvvPOy+r/QPffco5SUFP3www+aPXu2brvtNnXs2FGLFy822lzJ8wAAAAAAAAAAAAD+KUzW8+vz4rIMHz5cS5cuVbdu3TRy5MjyHg4AAAAAAAAAAACACiAtLU2SFBsbW+ZjIiIiJEnmv2VEAAAAAAAAAAAAAIDrjgAYAAAAAAAAAAAAACoISkADAAAAAAAAAAAAwA2EEtAAAAAAAAAAAAAAAAJgAAAAAAAAAAAAAKgoCIABAAAAAAAAAAAAoIIgAAYAAAAAAAAAAACACsK+vAdwI8jMzNTy5cuVnp5e3kMBABtubm5q06aNKleuXN5DAQAAAAAAAAAA/wAEwJKWL1+um26qJ39///IeCgDYOH48UcuXL9fdd99d3kMBAAAAAAAAAAD/AATAktLT0+Xn5yer1VreQwEAG9Wq+WvDhk3lPQwAAAAAAAAAAPAPQQBsIPwFAAAAAAAAAAAA8M9GAPwnZv8CAAAAAAAAAAAA+KcjAP4TATAAAAAAAAAAAACAfzpzeQ8AFdOYMWPVtm2Hi7bp06evhgx5sdRtAAAAAAAAAAAAAJeHAPhPVqu11JebW9WLvp577vmLHn+xV1RUb7300vArPv5GfZnNZpnNpou2adOmjZo1a1bq9pW80tLS9Nprb6p589vl7x+o0NCbFB09UMePH7dpl5SUpEceeUwBAUEKCqqpAQP+o9TUNOPzPXv26JlnnlWDBhHy9Q1Qo0a3aNSod5Sbm3tZbaxWqzZt2qR27TrIx6eawsPra+zY/5U6/o0bN8nLy08hIXVs9i9fvkJRUb1Vt2643Nyq6vvvZxQ7dsyYscW+mzVqhFzynk2c+IU6dOisoKCaCgqqpXvv7aGNGzfZtJkyZapatWqtwMBgVatWQ3fc0UazZ8+xafPii8PUuPGt8vOrruDg2urRo6c2b95y2W08PX2KXccnn3x62W3WrPlDnTt3VWBgsIKCaqlbt/u0ZUuszecl/Z63bt12WW2uxwsAAAAAAAAAAKCsKAH9p4uFLOvXrzXez5w5S+PGjVdMzCpjn4eHxxWHNIVBqblcQp68vDw5ODj8LX0XXc7Fris6ur+sVqvy8y0lbl+JxMQTWr16taKjo1W/fn0lJibqlVdGqlevPlq1arkxpoceekTZ2dlasGC+cnNz9fTT0YqOHqhvv/1GkvTHH+uUlpauN954QyEhIdqyZYtefnmE0tLS9M47o8rc5uTJk+rRo6c6duykCRM+0dat2/Sf/zwjZ2dnDRjwtM3Y09Mz9NRT0Wrbto0RwBbJzs5RRESEHn/8cfXu3UcmU/HvjMlkVv369fXVV18a++zs7C753Zo5c7Y6d+6skSNHymQyaezYsere/T6tXv27atQIlCRVrlxZzzzzjGrXri1JmjNnjp544il5eXnpjjtaSZKqV6+u//u/txQYWF1nz6Zq3Lhx6t79Pm3ZslGenp5lbiNJ48Z9qBYtmhvbPj4+xa7jYm1OnTqlqKjeuueervr444907lye3njjTfXo0VPx8Vvl7Owsk8kkSYqJWSVHR0ejn6CgGkY/ZWkDAAAAAAAAAABwIyEANpQe5tSrV9d47+/vJ5PJZLNvyZIlevvtd7Vz5y75+vqoe/duevnll1SpUiVJ0ieffKqJEycpMTFR7u7uatGiub755isNHPhfLVy4yGgjSevXr1FoaF2VJD09Q2+88ZYWLPhZKSlnFRRUQy++OERRUfdr+PAROnDgoGbM+M5o/9VXk/XRRxO0Zct6SdJ77/1PixcvUZcunTRp0tdKSjqp06cT9euvv+mtt97Wnj175ejoqLCwevrii88UFFRDkjRt2nf64INxOnLkqAICAvSf/0Srf/9+Zbqr338/Q++8M0YpKclq3bq1xo//nzw8PCRJDzzQWwEBAXrvvdElbicmntCwYSO0bNkyFRRYdccdLTV69CgFBweXer7Q0DpauXK5LBaLrNZ8mUxN5OJSWd2736dDhw4qJCREa9eu1fr1GxQT87saNrxJkknvv/+e7r8/SgcPHlDNmjX12GOP6Mknn1B+vkVWa4EiIxvr6NGj+uGHmXrnnf+TpDK1mTJlqkwmsz7/fIJMJiksLFTbt2/XJ598qgED+tuMfciQobrnnq7y9fXRxo2bdP53skuXTura9W5ZrQXnHVH8O1u5srPNd1PSBccUt2LFMuXn56ugIF+SdMst3yogoIZWrlypvn0flCT16tXTpq9mzW7Vjz/+qD/+WKs77mgpSRo8+Lk/Z6wWSDKpZs0Q1a/fUPHxO9Sy5W1lbiNJNWoE2lxHYdhqe70XaxMfv0Pp6el6/fWR8vPzkyQNH/6iWrVqrUOHDik8PMxoGxpaW05OlS64X0XnKkubSztxIkn9+w9UZmZmiZ+7uLho4sQJ8vf3K3OfAAAAAAAAAAAAJaEE9J8uVn61oCDfeBXN+ivaXr58uR57rJ/69XtSmzdv1Ndff6Xly1fqlVdek9Vq1YoVK/X22+/qgw/+p127duqXX+brzjvvkNVq1RdfTFTnzp31zDPPKDc3W7m52QoNDS1lDAV/zmL9XZ9//pliYzdr7NixcnZ2ltVqlclkJ7PZzuYYs9ksk8lks7116zYdOZKgLVs2KTHxmNLTM/Tww4+rV68obdu2VTExq/TUU08Zs5IXL16q5557Xv3799fmzRs1ZMgLeuWV1zRz5uxLlKy1avfuPZo7d56mTv1Gs2fP1rZt2zVq1GijjclkNmayXrhdUFCghx9+TAkJx/Tzzz/r11+XKCMjUw888NCf4W5pz6pAOTlZsljOKT8/XxZLnjIyMmQymeTpWVVWq1Xr12+Uh4eHGjQIV35+vvLzLWrZsoUkad26DbJarbJY8pSbmy2LJU/5+fnKyzun7Oxs+fh4G+cqS5sNGzaqZcvbZbUWfl8sljy1bn2nEhISdPRogtHu++9naMeOXRo5coQKCgqKfSfz8y3Ky8uVxZJX9I0t8Z7HxcUrOLi2QkPD9cADDyouLu6S5YVzcrKUl5er/HyL8vMtysgoLIXt4+Nrc61F15mVlaUZM2boxImkP6+tsE1e3jmjTXLyGU2cOFGenp6qX//my2ojSdHRAxUQUEMtWrTUuHHjde5c7gXXevE2DRrUV5UqVfTVV18rJydbmZkZmjLlG9WtW1e1a9f+s13hnWzU6BYFBdXSXXd10s8//3zB/SlLm0u//Px8NXCg7Yzv8w0c+LT8/HxLPR4AAAAAAAAAAKCsmAH8p7KGLEXtiv59//0P9Z//DNTDDz+k/HyLAgL8NXbsGHXr1kOjR49SQsIxeXlV1e23N5ejo4M8Pd1Ur16oER5arQUqKMhXZmbaRc/7++8x+uOPtdq4cb3q1q2lgoICBQT4STIZJZMvDItKKsPs5OSkMWNGy96+MPs/deqUsrOz1aHDXfL29pDkqaCg+1VQUBiyfvTRJ+rVK0oDBjyt/HyLHn20r+Lj4zV+/Me6//4eFx1zfn6+Jk/+Ss7OTpJMGjAgWl999VWxe13SdkzMam3atFlbt25WUFBhGeLJk79SWNjNWrhwse6+u/NFz10kLS1db731f3rkkUdUpYqrrFarTp48JR8fH+Xn5xvtHBwcVKVKFZ08ebrE70J8/A5NnjxFH300vtTvSkltkpJO6pZbmtgcU7Vq4QzokydPqnr1AB04cFCvvPK6Fi1aKJPp/OdX+neypGCwYcMGGj9+nEJDQ3Xq1Cm9//776ty5q1avXqnq1auX4W4VGjZshOrWrau2bVvbnGPXrl1q1aqt8vPz5ezsrIkTP9ftt99mzByWpEmTvtawYSOUn5+vwMBA/fLLz3Jzq2LTz6XavPjiULVsebtcXato5cqVeued0UpMPKFRo940+rhUG09PTy1evFAPPNBbY8a8L6vVqnr1QrVgwTzZ2xf+oYS3t5fGjHlXkZG3yGLJ0/Tp3+vBBx/Rt99+o86dO0pSmdqUVYcO7RUbu1VLl/5ms/+uu9qpQ4f2BL0AAAAAAAAAAOCaYAawwVrGl237rVu3acyY9+TmVlWenr7y8PBWx46dlZOTo8TERN19d2c5ODiqQYMI/ec//9WsWbOUnp5aan+SVW3bdpCPT4B8fAJ0yy3NVDSz09fXV7VrhxglhwtnbOaV2o9tGdvCV61aNWVvbzK2Q0KC1K3bvbrzzrbq2/dRTZz4hY4fT1BRidvdu3erefPmslhyZbXmy2I5p+bNm2rv3n2yWgu0cOEiY6w+PgH6/vsZRt916tSWk5P9n7OlLfL399XJk6cucu1/be/Zs1d+fn6qUaO6Mdu6alV31axZU3v37pVk1SuvvGZz7qNHj9hca2Zmpvr2fUQ+Pr567713jP1/Luta4r0ym03F9u/fv1+9evVRdHR/RUXdV+L3orQ2hecq+XtkNpuVn29R//4DNHz4MNWuHXyJZ1n6d0ayqkOH9oqKuk8NG96k9u1b68cfZ6tSJWd98800SdaLPqui12uvvaHff1+tWbNmyM7O9l7UqlVL69ev1fLlyzRwYLSeffY5rV37h02bqKieWr9+rX75ZYEaNWqohx56SCkpyZfV5uWXX9LttzdXo0Y3a/Dg/+qVV0boiy8mKTc3p8xt0tJS9fTTT+v222/X77+v0vLly1SzZk316HGfsrIyJVlVu3YtRUc/pSZNGqlp00h99NE4dezY8c9y7NYyt7mc18CBT6tWrZrGE6xVq+afM4PL+v8OAAAAAAAAAADAxTED+E+XO/vur1LQBfrgg/c1YEB0sTZZWemyWqVNm9Zr+fIV+vXXX/XWW2/rnXfG6LffFsnNza2oN5vzT58+TefOFZb6tbOzO+8zq81sy/MVBpe211E0w/WvWcuSk1OlYtf67bdTtXlzrBYtWqQZM2bqrbdGac6cH3TLLU3+PK6g1H7vvPMObd68wfjM09PDKJ3r4OB4wbkKSzRfuK+kbZPJJJNJNtdbVOa4qEz0kCHP6+mn/1pH19/fx+grPT1dvXs/LAcHB82ePVN2dn/dB19fX506dcrmvNnZ2UpPT5evr7fN/t279+i++3qpd+/eevPN13XuXE6xe3+xNn5+fkpKOmnTZ2EILnl7eys9PV2bN2/R1q3b9OKLLxnXWVBQIB+f6ho//gP17h1V7Jx/3Y+//FUeupCdnUlhYfV08OChiz6rIi+//Kp++mmBlixZqOrVq+nCtYMdHOxVs2aQTCaTIiMba8eOnRo37hNNm/a10aZKFVe5uVVR7dohuu22FgoJqa3p03+wWe/4Um3Ov3/5+RY1btxQFotFhw8fUd26dcrU5rvvpish4bhiYlYZ36Gvv/5SAQFBmj//Z/Xq1dMoy31+P5GRTfTll1+d95u5dJvL4eJSWUOHDtaQIcMlSUOHDpaLS2Vm/wIAAAAAAAAAgGuGAPhPZQ9gioKhwn8jIiL000/z9fDDfUo9wmLJVevWrdSuXRu9+upIVa8epNWr16hTp45ydHRQfn6+zfl9fb0lGdNUZbUWqGHDhjp58pR27Nip8PCwYufw9vbWunXrbfrZt29/CddWvHRwTk6m6tcPU6NG9TVixHC1adNOc+f+pCZNGissLFxr165V3769jfZr165TvXqhkqRKlZwUGBhgM9bzA+tLlaQubbtevXo6cSJJBw4cVM2aIZKkEydO6ODBQ6pXr3CdZHf3KnJ3dzvvuMJznz17VlFRD8rd3V0//PC9zOa/1nKVpKZNb9XZs2e1ZUusIiIaSZJWrlwlSbr11khjPNu2bVdU1IN6/PHH9OqrI5Sbm13svl+qTdOmTfXxxx8rNzdXjo6OkqQVK1YpMDBQAQH+ys8v0MaN622OmTr1W02ZMkW//rpEPj5VS/xulmVt2IyMTO3YsVMNGzaQ1Wot9VkVFBRoyJCX9Ntvy7VkyUIFBPiX+ocGVmvh/vx8i3Jyci74AwWp8JkXBvc5OTmyWCzGms2X1+Yv69dvkNlslq+vb5nb5OaekyTl5mbLbC4sdJCTky2TySTJdNF+qlXzv+i9LUubi6lVq6YGDHjKeE/4CwAAAAAAAAAAriUCYMPlBcBF/w4bNlT33ttDL730sh5++EFVquSsnTt3as2atXrnnbf044/zlZp6Vs2aNZW7u5uWLPlVVqtVdevWlf6fvTuPq6ra/z/+PhxAFFBAxDnNOVOzxDFUHFAzTczrGBWNV3PIKbNBv05pDqmV18xMLa8DOY8/zQJSr1lqEeKYOaICIsog44Hz+4PYlyOgQJrFfT0fDx8P9t5rr/XZ6xz8581aW1bVqFFD+/d/rwsXLsjZ2VlubuVkNpvzjPr4463UunVrvfjiq5o69f9Ut24dnTt3XklJSXryySfUvn1bTZ36ng4fPqxmzR7T99//oKCgr+Tu7pGn5tzPevz4CW3dukNdunRSpUoVderUaf32228KCBgkyapRo15Xv34D1Ljxw+rcuaP27duvL75YoU8//UT/DcPzCwvzjlXwXOc9btOmlZo399bgwcP0/vtTZWdn1sSJk1WnTm116dJJ+QXZkhQfHy9//75KT0/XnDmzdPSg0L19AAAgAElEQVToEePagw/WlIuLs5o3f0wtW7bUyJFjNWvWdKWnp+nttyfqqad66oEHqstqzVJ4eIR69+6nDh3ay9+/pw4fPmT007jxw5JUqDbPPjtQH330sYYPH6URI17T0aPH9PnnyzR16mRZrVmys5Nq1apu8wwVKnjIbDarVq3qysrKXvWclHRTZ8+eM9pERkbqyJEIeXi4q2rV7FB3+PBR6tDBVw88UE2xsde0YMEnunnzpgIDn9XtPqvhw0dq+/adWrJksa5du6rY2BhJkpdXBVWs6CVJGj36TbVr56Nq1aooOTlFW7ZsU0hIqJYu/UzZW2Cf0fLlX8rHx0cVKpRXdHSMFi/+XJmZmerVq2eh22zdul0nT/6q5s2bycnJSfv3f6+5cz9SQMAzKlvWtdBtOnfupOnTZ2rUqLEaPPgVZWRY9MEH8+Xs7Kx27XwkWfXBBx+qfHl31a9fXxkZGVq/fqN27/5Gixf/97tdmDbF4efX8fefCH8BAAAAAAAAAMDdRQD8u8Kuwrt1FWubNi21bdsWTZv2nrp37yU7O7Pq1KmtgQP7y2q1ys3NTZ999rmmTJmh9PQ01alTR19+uVy1a9eS1ZqlV199RT/99LN8fDooOTlF+/eHGtvc5paZadG6dWs0YcIkDRs2UomJSapR4wGNGzdGVqtVTZo00owZ0/XCC/9URka6WrZsoaFDh2rVqtW3XXHr4uKisLBwLV/+pW7ciFflypU0ZMgQBQQMUmZmhnx9fbRgwUeaPXuOJk2apipVqmjGjOny9++RZ8vhO8+r7erpnC2d8zvOzMzQypUr9MYbb6p3736yWq1q166dFi9elGdr4txOnTqtiIijkqROnbrYXNu0aa0ef7y1rNZMrV69QqNHv6G+fQfKbLZXz549NGvWDGPla0jId4qPj9emTVu0adMWm36uXo0sdBsPDzdt3bpJY8e+oS5desjDw11vvfWmXnnlRWVkpEn675batnNmtTl/6NBh/eMf/11lPnXqdE2dOl0BAQM1b95sSdlbbk+dOkMxMTFyd3dTs2bNFBoarJo1a9x2zjZt2qq0tDQNGDDI5vy4caP1xhujJUmlS5fW9OkzdfnyFTk7O6tBg/oKClqtLl06ymLJkIuLqy5duqKxY9/UtWtx8vQsr5YtWyg0NFjVq1eT1ZpVqDaenp5auHCxFi78VBkZGapZs4YmTHhHr776sqxWiyQVqk3Dhg20dm2Q3ntvurp395fZbNYjjzTR5s0bVLFi9lbhHh4eWrJkmS5cuCAHB0fVr19Pa9asUteunWWxpP/++d25DQAAAAAAAAAAwF+Jycr+o1q9erU6d25XqLYODqVUqlRpJSXdMM6ZzfZydHSS2WyvnPfcZmSkKyMjTWazvUqVcpKdnVmSSVlZmUpPTzXCU5PJTk5OZWQ228tkkm7eTFBWVsFhXalSZeTg4KDsbWyzlJaWYvTl4FBKjo6lJJmUmWlRVlamHBwcdfNmgiTJ0dFJ9vYOSk5ONPrLHr+07OzsZTJl95mRkW7zjlUHB0c5Ojr9/u7dLKWnpxnhZUHyG8ve3kFOTmWUlBQvSSpd2llZWVnGtsnPPBOohx9+WG+//cbvtZlUqlQZ2dtn/51C9rbDKbcNM+3szHJ2ds33WnJykjIzLfn2bbFkKDU1OVf92Z9zfhITbxS6TU5NTk5lZGdn/n1+05SeXvD8ZX/HnIx5krK/Y2XKuORpm56errS07LpznifnHclZWRalpaUWuJ1zDhcXN5lMec+npaUa34NSpUrL3t5BJpOdcsLpjIy0XN/j7Pk0m83G9yQzM/u7njN+Ydpk/76U/n3b5uzfF4sl3Wa+CtMmb7vsoD0tLcUYy8GhlBwcHH//3bT+/ruZZvOHDYVp82f45ps9Gjiw4G3mAQAAAAAAAABAyZKQkJ3vhYWFFfqepk2bSmIFcC6Fy8EzMlKVkZFqcy4zM0MpKfkHQpmZGUpOLjgsslozlZKSWOD1W6Wl3VRaAdlhfrWlp6fY/Jz7+L/jJ912zIyMOwe+t8pvLIslXUlJ/101mTNuenq6fv31N4WF/aI+fZ5W7pXCqam3r+1WWVkWJSZev2O7O/Wdnp5qE4IXt01OTcnJCXdsl6Og79idnut2343bSUq683ylpSXftu/CfFaFaXOn35fCtilMu/zmuThtAAAAAAAAAAAA/koIgH/HQuj758cfD+nZZ1/UE090U69eT/JZAAAAAAAAAAAAAMVEAPw7Qsf7p21bH8XEXJHFkqGUlCQ+CwAAAAAAAAAAAKCYCIANhI73S/b2xnH3uwwAAAAAAAAAAADgb48AWFLZsmUVHR0rL6/y97sUALARExOrsmXL3u8yAAAAAAAAAADA3wQBsCRfX1+Fhobq6NFT97sUADCYTCa5urqqQ4cO97sUAAAAAAAAAADwN0EALMnZ2VlPPvnk/S4DAAAAAAAAAAAAAP4Qu/tdAAAAAAAAAAAAAADg7iAABgAAAAAAAAAAAIASggAYAAAAAAAAAAAAAEoIAmAAAAAAAAAAAAAAKCEIgAEAAAAAAAAAAACghCAABgAAAAAAAAAAAIASggAYAAAAAAAAAAAAAEoIAmAAAAAAAAAAAAAAKCEIgAEAAAAAAAAAAACghCAABgAAAAAAAAAAAIASggAYAAAAAAAAAAAAAEoIAmAAAAAAAAAAAAAAKCEIgAEAAAAAAAAAAACghCAABgAAAAAAAAAAAIASggAYAAAAAAAAAAAAAEoIAmAAAAAAAAAAAAAAKCEIgAEAAAAAAAAAAACghCAABgAAAAAAAAAAAIASggAYAAAAAAAAAAAAAEoIAmAAAAAAAAAAAAAAKCEIgAEAAAAAAAAAAACghCAABgAAAAAAAAAAAIASggAYAAAAAAAAAAAAAEoIAmAAAAAAAAAAAAAAKCEIgAEAAAAAAAAAAACghCAABgAAAAAAAAAAAIASggAYAAAAAAAAAAAAAEoIAmCUCEOGDJG3t7e8vb21bt26P3RPcfoCAAAAAAAAAAAA/grs73cBfwVdunRRXFxcoduvXLlS9evXv+t1/PLLLzpw4IAkqUaNGurWrdtdHwN/HT/++KP27dun8PBwRUdH6/r163J0dFTNmjXVpUsX9evXT46OjnnuO336tJYtW6bDhw/rxo0bKleunB577DG9+OKLqlu37h8aIysrSzt27NDhw4d1/PhxxcbGKjExUS4uLmrQoIGefvppderUKd/n2bNnj4KCgnT8+HGlpKSoYsWKatu2rV588UW5u7sXOA+ZmZl65ZVXFB4ebpx7//331blzZ5t2X375pSIiInTs2DFFRUUZ5+fNm6e2bdvm6Xf69OnasGFDgePWrVtXq1evLvB6bsWZl5iYGH3++ec6evSooqOjlZiYKLPZrAoVKuiRRx7RwIED1aBBA5t7tm7dquDgYJ0+fVrx8fFKS0uTi4uLHnzwQXXo0EF9+/a1+byKM0ZR5yU2NvaO/xfNmTNHvr6+NufCw8O1atUqHTlyRNeuXZMkeXh46OGHH9aAAQPUrFkzm/Z9+vTR+fPnCxxjwIABGjt2rHG8a9cuvfPOO7etKyQkRK6urrdtAwAAAAAAAABASUMA/BcSHh6uzz77TJLk4+NDAHyP+fn5GUF+7kC/oPN320cffaQTJ07YnLNYLDp27JiOHTumkJAQffrpp7K3/++v6f79+zVmzBhlZGQY565du6bdu3crJCREc+bMkY+PT7HHSE1N1aRJk/LUGh8frx9++EE//PCDnn32Wb3++us21xctWqQlS5bYnIuMjNTq1asVHBysxYsXq2rVqvnOw/Lly23C34J88sknNs/9ZyrOvFy+fFnr16+3aW+xWBQZGanIyEjt2rVL//rXv2yC0B07dujgwYN5xggLC1NYWJi+//57LViw4A+N8WfYu3evxowZo6ysLJvzMTExiomJUUhIiGbMmCE/P78/tS4AAAAAAAAAAP4XEABL6t+/v5KTk43jQ4cO6ejRo5IkNzc39erVy6Z9+fLl/9T6/uqsVqvS0tLk5OR0v0spkqeffrpI5+8FLy8vdevWTQ8//LBSU1P11VdfGd+9X375Rdu2bZO/v7+k7CBwwoQJRgjasWNHderUSSEhIfrmm29ksVg0ceJEbdiwQW5ubsUaI0eDBg3UuXNn1axZU1FRUVq+fLliY2MlSStWrNDTTz+t6tWrS5IOHz5sE/4GBgaqVq1aWrVqlU6cOKHo6GhNmjTJ+OOG3E6cOGGcd3BwuG3AW79+fdWuXVsNGzbUggULlJiYWOh5DgwMlIuLi805Dw+PQt+foyjz4ujoKB8fH3l7e6tixYoym80KDw/X6tWrlZmZKYvFojVr1tiEszVq1FDdunVVu3Ztubm56fr161q7dq1OnjwpSTpw4IBOnz6tOnXqFHuMPzIvDRs2VMeOHfOcr1Wrls3xihUrjPC3adOmGjt2rOzs7DRr1iyFhYVJyt5JIb8AuFy5cnr22WfzHbsguf9oI7dSpUoVeA8AAAAAAAAAACUVAbCkl156yeZ4/vz5RkDm4eGh4cOH21xPS0vTihUrtHv3bp07d07p6emqVKmS2rdvrxdeeMEmfJOkzZs3a/PmzTpz5oxSUlLk4uIiT09P1atXT3379lXDhg3VqlUrm3v27dsnb29vSZKLi4tCQ0ML9SwWi0UbNmzQ119/rd9++00pKSlyc3NTvXr19MILL+jRRx/Ns6XrN998Y9Sce1vVBg0a6N///rfRrkWLFkao8+9//1s7d+7U119/ratXr2r27Nny9fW947M2adLE6C8lJUVr1qzRt99+q/PnzysjI0Oenp7y9vbWc889lydUKorQ0FB9/vnnOn36tMqWLasnnnhCw4YNs1lNO2TIEGO15fjx4/WPf/zjtufvds1DhgxRy5YtbWry9fXVk08+qaSkJEnS8ePHjXB2x44dio+PlyRVq1ZNM2bMkNlslp+fn3799VedP39eCQkJ2rZtmwICAoo1hoODgz7++GO1bt3aptYGDRro5ZdfNo6PHz9uBJ25twvu0aOHhg0bJkl67LHH1LNnT1mtVv388886fvy4HnroIaNtWlqaJkyYIIvFokGDBik4ONhma+dbLV++3Pj5008/vf3k3qJv376qWLFike7JrTjz0rBhQ82fP9+mfceOHRUVFaVvvvlGknTz5k2b6+PHj88zdpMmTdSvXz/jOOdzK+4YuRV1XurWravAwMA7tssdzvfo0cPYhrpXr15GAJyWlpbvva6uroUaI7e2bduqe/fuRboHAAAAAAAAAICSigC4iBISEjRkyBBjRV6OyMhIrVy5Ut98842WLFmiypUrS5KCgoI0e/Zsm7bx8fGKj4/Xb7/9pnr16t12ZVtRJCUlaejQoUZ4nSM2NlaxsbF67LHH9Oijj+a5z2QyFXmsCRMm6OzZs8ZxVlZWoZ41JwC+ceOGXn75ZZ07d86mfVRUlLZt26Zdu3bp/fffV/v27Ytc27Zt2xQREWEcX7t2Tf/+979VunRp/fOf/yxyfznuds2PP/54nnPOzs7y8vIyQr6yZcsa13788Ufj56ZNm8psNkuS7Ozs9OijjxrvTz148KARABd1DAcHhzwhpyTVrFnT5jjnHqvVqkOHDhnnc680rVSpkqpVq6aLFy8adeUOgD/++GOdPXtWtWrV0tChQxUcHJxn3LvlxRdf1LVr11SqVCnVrl1bPXr0kL+/v+zs7Ap1f1HnJT8pKSk6evSofv75Z+Ncfn3myMzMVGxsrNatW2ecc3d3v+225EUdo6jzEhISom+//Vapqany9PRU8+bNFRgYqBo1ati0a9WqlX799VdJ0vbt29WoUSOZTCZt3brVaFPQ9s/R0dHq1q2brl+/LldXVzVq1EiDBg1SixYtCnyOjz76SO+9954kqWrVqmrfvr2ef/75PKubAQAAAAAAAAD4X0AAXEQffPCBEf42bNhQ48aNk5ubm5YuXaotW7YoOjpakydP1qJFiyRJu3fvNu6dM2eOGjVqpPj4eEVGRur777+Xh4eH7O3ttWTJEu3atUtr166VlL3qb8SIEZJkBH2FqS0n/LW3t9eAAQPk7e2tlJQUHTx4sMDtUAsbguV29uxZ+fv7q1WrVrpx44YqV66sVatW3fFZc8yePdsIUt3c3DR06FCVL19eQUFB+uGHH5SRkaGJEydqy5YtKleuXJFqi4iIkI+Pjx5//HHt3LlTv/zyi6Tslap/JAC+lzXnOHr0qM6cOSMpO5jv2rWrcS0yMtL42dPT0+a+3Me52xV1jILkDu4qVKhgBL03btywWZGaX105AXDuun788UetWbNG9vb2mjp16j3fqjc6OlpS9gr58PBwhYeHa//+/Zo1a1axvv85CpqX3ObPn2+zkl7KXuXat29fDRo0KE/75ORktWvXLs/5Jk2aaNy4cSpduvQfHiNHUeclISHB+DkqKkpbt27V7t27tWDBAjVt2tS4NnjwYCUnJ2vz5s36+eefNWDAAOOap6enAgMD1b9//3xrysjIMLbVvnHjhvbt26d9+/Zp1KhReuaZZ/K9J6e9JJ05c0ZnzpzRN998o6VLl8rd3b3A5wcAAAAAAAAAoCQiAC6ClJQU7dq1yzieOHGi8S7Ot99+W7t27VJaWpoOHTqkS5cuqWrVqjbvxb18+bIqV66satWqqXbt2jYrRZs2baojR44Yx2XLlrUJVCRp//79Onz4cJ66hg8frtTUVO3cudM4N2zYMGMVqFTwajupeAFw7969ja2icxT2WVNSUvTtt98ax2+++aZRn7e3t7p3766kpCTdvHlTISEh8vf319q1a/NsD1y1atV839fbqFEjzZs3TyaTSW3btlWPHj0kZa+Qvn79erECoXtdsySdOnVKo0ePNo6HDh1qfL9yasiRe0tnKftdsDlyv8+6qGPk5//9v/+nBQsWSMpeCTtt2jQ5ODjkqSnn+p3qSkxM1KRJkyRlB4W3W9H6R5QqVUrt2rVT8+bNValSJcXHx2vDhg06duyYpOxtwr/++mt169ZNFotFn3zySZ4+WrRooZYtW+bb/+3m5U5MJpMyMjKUlZVV6D/wkAreNrkoYxRlXnJUr15dvr6+ql27tkqXLq2IiAgFBQUpPT1dqampmjp1qtavX2+0t7e3V+XKlVWuXDldu3bNpq7r168rIiJCPXr0sFmh6+7urqZNm6phw4YqX768savC1atXJWWvGO/UqZMqVaokKfv/rcaNG8vHx0fVq1dXVlaW9uzZo6+//lqSdPHiRS1cuDDP/1MAAAAAAAAAAJR0BMBFEBkZKYvFYhznXtV2qzNnzqhq1arq0aOHDhw4IEmaO3eucb1atWpq166dXnrppUKvFj18+LC++OKLPOeHDx+uyMhIZWRkGOc6duxYqD6l4m0BnV+gXNhnvXUecwfdZcqUUf369Y2gO2eb6e3bt9ts6yxlv2M2vzDVx8fHeKZbV6TGx8cXKwC+1zXv3btXb7/9thGoDhs2LM97UHOv/Mz9WUtSenq6TT35KcwYt1q8eLEWL15sjD9nzhybVa63rkbNXUdBdS1cuFAxMTFq2rSpnnvuuduO/0eMGTMmz7lu3bqpf//+unTpkiRpz5496tatmzIzM/P93XJ0dMw3AL7TvOT2/PPPy9/fX4mJiYqIiNCnn36qhIQErVixQgkJCZowYYJN+9KlS2vdunWyWCyKiorSunXrtG/fPoWHh2vw4MFau3atqlWrVuwxijIvUvbv0MaNG23ad+rUSdWrV9f06dMlSefPn9e5c+eMLbFnzJihTZs2GX2PHj1adnZ2mjt3rnbs2KGdO3cqKSnJ5v3FS5YsyVOXj4+P8Q5ui8Wi//znP+rTp4+k7P+Dbv1/qFu3bjKZTMYf6uzZs4cAGAAAAAAAAADwP6f4e59CLi4uBf7LCei6deumuXPnqn379nm26V21atVdCyesVqvN8e1C3VuvZWZmGj9fv369UONVqFAhz7nCPuuttd5tbm5uxs+3rpQtrntZ86pVqzR69GilpKTIwcFBU6dOzTeYzR365d7y9tbjW8PBooyRIz09Xe+++64Rcnp5eWnJkiV5wlA3NzebVZy31pWzejN3XTExMZKksLAwtWjRQt7e3vL29rZZLT1+/Hh5e3sbq1LvFicnJ5t3bsfFxRXp/sLOS27u7u6qWbOmGjdurIEDB2ro0KHGte3bt9v8/knZv581a9ZUnTp15OPjo7lz56p8+fKSsoP/3Cv9izvGrYozL4899pjNcc49KSkpRvgrZf+hgYeHh9zc3PTaa68Z5/ft22ezfXh+atasabN1fGHqyv2e86J+vgAAAAAAAAAAlASsAC6CatWqyd7e3lgJunz5cmPFW24Wi8UmeGzXrp3xTs/k5GSFh4drzJgxSktL0w8//KDU1FQ5OTnZBLNZWVl5+h0+fLiGDx+eb23Vq1eXg4ODETwHBwfneV+m1WqVyWSSq6urzfno6Gjj3L59++44D1LBAXNhnvXWefzll1/UuXNnSdnh0alTp4z+cuZ3+fLlharrXrkXNVssFs2ePdvYOtfNzU1z5szJs/V3jubNm2vv3r3G+JmZmTKbzcrKytJPP/1k0664Y0jZfwQwevRoY0vyBg0aaN68efmG/iaTSc2aNdN3330nSfrpp5/01FNPScp+R2zu9/7mruteu3nzpiIjI/NsL52ammoTKuf8oUKpUqV06NCh2/ZZlHmRsre6vvV3TbLdNttisSg1NVXOzs5KTk5WqVKl8mwJnZGRYbP6PDExsdhjFHVepOx3RtepUyfPe5pv3Y4+Zx5u/SOS3KvVb125npSUJBcXF124cEFlypTJs2L/3LlzNiFu7rn++eefbcLeHLl/F27tDwAAAAAAAACA/wUEwEVQunRpde7c2ViBN378eI0cOVK1atVSenq6zpw5o/379ys8PFyrVq2SJM2ZM0dms1mtW7dWxYoV5erqqoyMDJsVeTlhb+6Vq8eOHVNoaKjc3Nzk5uaWb9Ccm5OTk7p27apt27ZJyn5f5rVr19SsWTOlpKTo8OHDql69ugYNGiRHR0dVqlTJWHE5ZcoUPfXUUzp06JCxhXNxFPZZy5Qpo06dOhnbtM6aNUtJSUkqX768goKCjIDL2dlZHTp0KHY9d9O9qPndd9/VN998Yxz7+voqLCxMYWFhxrlq1aoZQfOTTz6pJUuWKCEhQZGRkXrrrbfUqVMnhYSE6MKFC5IkV1dX453HxRkjNTVVzz33nK5cuSIp+3vl4+Oj7du329Tu7e2tRo0aSZIGDhxoBMDbtm1ThQoVVKtWLa1cudJo37RpUz300EOSpF69euW7XfJnn31mzGOPHj1Ur149432vkvT9998b78DNvbX0kSNHjO9YkyZN5OHhoaSkJD3zzDPy9vZW27ZtVa1aNV2/fl0bNmwwtjmWZDz3nRRnXoYNG6YyZcqoVatWqlKlikwmk/Hu3Bw1a9aUs7OzpOxAddq0afLz81OtWrVUvnx5xcbGavPmzYqPjzfuyem/OGMUZ142bNig7777Tl27dlXjxo3l6OiYZ4x69eqpevXqkrJXRZctW1YJCQmSpNmzZxsrkv/1r38Z97i7u8vLy0uSFBERoWnTpsnX11ctWrSQu7u7Ll68aPMdKlWqlHx8fIzjyZMny97eXn5+fqpbt67S09Nt3gF863MAAAAAAAAAAPC/ggC4iMaOHavTp08b/4YNG5anTe7QKiYmRsHBwTZBRm5+fn7Gu1G9vb2NVaY3btzQ2LFjJWW/z3fWrFl3rG3MmDE6ffq0Tpw4IYvFoi+//FJffvmlcT13rQMGDDDev3ns2DFj9V+dOnV0+vTpO46Vn6I869ixY3Xy5Eljhd+0adNs2jo4OGjKlCk2ofj9drdrPnPmjM1x7m1zc/j4+BghVrly5TRlyhSNHTtWFotFwcHBCg4ONtra29tr0qRJNuMXdYzU1FQj5Mw5zu/drK+//roRRHp7e+vFF1/U0qVLJUnLli2zaVuhQgVNmjTJOM5ZIX6rVatWGQFw7ppyTJkyxWZL6Rw540rSRx99pDZt2hjHhw4dKnBlb+/eveXr65vvtVsVZ14yMzN18OBBHTx4MN8+nZ2d9e6779qcu3btmtasWVNgHR07drSZl+KMIRV9Xm7cuKGgoCCb0DeHm5ubJk+ebBzb29trxIgRxu/H/v37tX///jz3jRkzRnZ2/30LQXp6ur7++mubADeH2WzW22+/ne8K4c8++yzf52jYsKH++c9/5nsNAAAAAAAAAICSjAC4iNzc3PTFF19o7dq1+vbbb3X27FmlpqaqXLlyqlChgpo1a2YTcHXv3l0ODg46ceKErl27puTkZDk5OalGjRrq1KmTzTbNlSpV0owZM/TZZ5/pzJkzNtu+Foarq6uWLVum9evXa/fu3frtt9+M2urVq6cmTZoYbQcOHKjExERt3rxZN27cUI0aNRQQECBHR8div5e4KM/q7u6uFStWaPXq1QoODta5c+dksVjk6ekpb29vPfvss6pdu3ax6ribcm91/Veo2cfHRytWrNCyZct0+PBhxcfHq2zZsnrsscf0wgsv5Nna98/y2muvqWHDhgoKCtLx48eVmpqqihUrqm3btnrhhReMd9j+WcqXL6+ZM2dqz549Onr0qPF9LFeunBo2bCh/f/9Ch7/FlbMy+tSpU4qLi1NqaqrKlCmj6tWrq2XLlurbt68qVqxotK9bt66eeeYZhYWF6cqVK0pISJDJZFL58uXVoEEDdevWTZ06dbL5ThZ1jOLMS2BgoKpWrar9+/frypUriouLk9lsVtWqVfX4448rICDA5j29kuTv76/q1avrq6++0pEjR4xtnD08PNSkSRMNGDDAZhtyHx8fvfXWW9q7d6/OnTun2NhYZWZmqkKFCnrsscc0aNAg1atXz2aMSZMmKSQkRIcOHdLVq1cVHx+v0qVLqxTsttEAACAASURBVHbt2vLz81OfPn3k4ODwxz9IAAAAAAAAAAD+ZkxWq9V6v4sA/kqef/55HT16VFL29rV/lW2oAQAAAAAAAAAA8L8h51WLuV/reSc5i69YAQz8LiUlRcePH9fJkyeNcw8++OB9rAgAAAAAAAAAAAAoGgJg4HcBAQE6f/68cdy+fXvVrFnzPlYEAAAAAAAAAAAAFA0BMHALNzc3tWvXTqNGjbrfpQAAAAAAAAAAAABFQgAM/G79+vX3uwQAAAAAAAAAAADgD7G73wUAAAAAAAAAAAAAAO4OAmAAAAAAAAAAAAAAKCEIgAEAAAAAAAAAAACghCAABgAAAAAAAAAAAIASggAYAAAAAAAAAAAAAEoIAmAAAAAAAAAAAAAAKCEIgAEAAAAAAAAAAACghCAABgAAAAAAAAAAAIASggAYAAAAAAAAAAAAAEoIAmAAAAAAAAAAAAAAKCEIgAEAAAAAAAAAAACghCAABgAAAAAAAAAAAIASggAYAAAAAAAAAAAAAEoIAmAAAAAAAAAAAAAAKCEIgAEAAAAAAAAAAACghCAABgAAAAAAAAAAAIASggD4b2769OmaOXPmXe0zMDBQmzZtuqt9/i/q0qWLvL29tWPHjkLf89Zbb8nb21tTp069h5UBAAAAAAAAAACgpLK/3wX8lURERGjp0qX65ZdflJKSoipVqsjX11cBAQFyc3O73+XdEwEBAerfv7969uxpc65WrVr3saqS4aGHHlJ8fLzc3d3vdykAAAAAAAAAAAD4H0EA/Lv9+/drzJgx6tOnj4YNG6bKlSsrOjpaW7du1YEDB9StW7ci92mxWGRv//eb4s6dO9/vEvKVkZEhBweH+11GoX344Yf3uwQAAAAAAAAAAAD8j/n7pZP3gNVq1YwZM9SzZ0+NHTvWOF+zZk0NHz5cVqtVkvTEE09o0qRJatmypSQpOjpaTz75pEJCQuTq6qo5c+bo6tWrsrOz05kzZ9SiRQuNGDFCs2bNUmhoqDIyMuTq6qqhQ4cagfKuXbu0dOlSXblyRVWqVNHgwYPl6+tbYK0bN27UsmXLlJCQoLZt28rOzk5lypQxrkdGRmrevHkKDw+X2WxWx44dNWLECDk5OeXpa86cOfrtt9/00Ucf6fPPP1f9+vU1c+ZMBQYGyt/fX/7+/kpMTFSHDh00fPhwfffdd0pNTVWFChX0zjvvyMvLS5IUFxenDz74QAcPHpTJZFLr1q01atQolStXLt9n6NKli+Li4vTss8/qxIkTOn78uDw9PTV8+HC1b99eUvZWyLt371bXrl1lNpsVEhIiPz8/TZw4UefOndPChQt15MgR3bx5U7Vq1dKrr76qNm3aGHMwZ84c43rZsmVVq1YtTZ8+XR4eHrJYLFq/fr02btyoyMhIubm5ycfHR0OHDpWrq2u+NR47dkzu7u4aM2aM2rZtK0nKzMzU5s2btWHDBl28eFFWq1W1atXSggUL5OLiYvQxZcoUde/eXREREZo5c6YuXbqkmzdvqnTp0mrUqJFGjhypOnXqFOKbCgAAAAAAAAAAANwe7wCWdPbsWV25csVmG+TcTCZTofsKDQ1V//79FRQUpDFjxmjr1q06evSoNmzYoNDQUC1btkz169eXJB06dEiTJ0/WyJEjFRwcrCFDhmj8+PGKiIjIt++DBw9q7ty5mjJlioKDg9WmTRvt3LnTuJ6SkqLBgwerbt262rp1q9asWaNz587p448/zre/sWPHqnbt2hoxYoQ2bdp023cJHzlyRIsXL9aqVatUv359jR8/3rg2fvx4paWlaf369QoKClJsbKwmTpx4x7lau3atGjdurA4dOujcuXN64403dPr0aZs2u3btUkREhDp27KgHHnhAFy9e1HPPPafg4GA1adJE/fr105kzZzRixAiFhoZKyg629+3bp0cffVSvvvqqOnfurOvXrys5OVmSNGvWLM2ePVs3btxQQECAHnjgAa1bt05DhgxRZmamzfirV6/Wgw8+qIYNGyoyMlITJkxQamqqJGn27NmaPn26Tp48qWbNmqlTp066fv26cf1WsbGxslqt6tmzp1555RVVr15dBw4c0JgxY2SxWO44XwAAAAAAAAAAAMCdsAJY0vXr1yVJFSpU+MN9NW/eXE2bNjWOHR0dlZSUpJMnT+qRRx6Rp6enPD09JUlbtmxR165d1bp1a0lS+/bt1b59e23evFmNGjXK0/eWLVvUvXt3o/8nnnhC69atM66HhITI3t5egwcPliQ5OTnptdde0/Dhw/XGG2/8oecKCAgwtrN+/vnntXTpUp0/f15ms1k//fSTtm3bZqyeHTVqlPr376/Y2FjjWfMzcOBAvfbaa5KkM2fO6OjRo9q0aZPNKuxKlSpp9erVKlWqlCRp/vz5Sk5OVp06dfTWW29Jyl7B/cUXX+iLL76Qr6+vUlJSJEnlypVTnTp11LlzZ40bN06SlJiYqE2bNkmSRowYoTZt2ujpp59W7969deLECR08eFCtWrUyxu/Xr59Gjx5trPZOSkrShQsXVLlyZW3YsEGS9PrrrysgIECSlJWVVeDztm7d2ljdnZaWJj8/P/Xp00eXLl1SZGSkatasWajPAgAAAAAAAAAAACgIAbAkd3d3SdLVq1dVqVKlP9RXzrbIOZ544gnFxcVp3rx5unDhgpo3b64RI0aoZs2aio6OVosWLWzaV6tWTb/++mu+fcfExBjbD+eoXr268fPly5cVGxurPn36GOeysrJkZ2en5ORkm62iiyp3kOvs7KzSpUsrJiZGdnZ2MpvNNvNWrVo1SVJUVNRtA+CqVava/Hz06FFFRUXZtGnatKkR/krSlStXJEmnT5/O867iixcvSpKGDBmiyZMna/Pmzdq8ebNR04cffiiLxWKEtPmtUr5w4YJNAFyvXj1JkouLi3EuOTlZMTExRj+5A387u4IX1Z89e1bz589XREREnlXC165dIwAGAAAAAAAAAADAH0YALOnBBx9U5cqVtX37djVu3DjPdavVKpPJpDJlyig9Pd04f+PGjTxtb90u2mw267nnntNzzz2nhIQEzZ8/X5MnT9ayZctUsWJFXb582ab9pUuXVLFixXzr9PLyUmxsrM252NhYIwSuVKmSqlSpoq+++qpwD67bB5a5Xbx40Qh2r127ppSUFHl5eclsNiszM1PR0dFG3ZcuXTLquZ1Tp05Jyp7fnND71ntyh7+5r9epU0ejRo2yuZYTyD7yyCPauHGjYmJidPbsWX3yySeKiIjQ+vXr9corr8jOzk5ZWVl6/fXXjYBXyn6nb40aNWz6zJmfWz9XLy8vo5+wsDBjxXZODfnN6+TJk/Xrr7/K19dX/fr1U0pKisaMGWPMAQAAAAAAAAAAAPBH8Q5gZYd7b731ljZv3qz58+fr7NmzSk1NNd6fu2vXLknSQw89pD179kiSLBaLVqxYcce+Dx06pFOnTikzM1NlypSRi4uLzGazJKlnz57atWuXfvzxR2VmZmrv3r0KDQ3VU089lW9fPXr00I4dOxQTEyNJOnr0qA4ePGhc9/X1VXJysj799FPdvHlTVqtVUVFR2rt3b4H1eXp66vz583d8jiVLlujatWtKTU3VvHnz1KhRI9WoUUPVqlXTo48+qnnz5ikpKUnx8fGaP3++2rRpc9vVv5K0fv16vfnmm3r55Zd19uxZmUymAp89x9NPPy0nJyedPn1aGzdu1NGjR7Vv3z4tWrRI3377rSTpzTff1BtvvKF169bpyJEjunbtmiTJw8NDrq6uxhhr1qzRwYMHFRYWpm3btmnChAnGNtd34urqqt69e0uSPvzwQ40ZM0ZTp05V3759FRcXl+89ubeHTkxM1JYtWwo1FgAAAAAAAAAAAFBYrAD+XZs2bfTZZ5/p888/10svvaTU1FRVrlxZvr6+xpbAw4YN0//93/+pf//+cnd3V/v27bVz587b9hsbG6v3339fMTExcnR0VIMGDfTuu+9Kyn5f8DvvvKPZs2crOjpaVapU0XvvvZfvKmRJatmypV599VUNGzZM7u7uqlSpks02yC4uLlq0aJEWLFigPn36GKt0e/bsmWfr6BzPPfecpk2bpnXr1qlhw4ZauHBhvu169uypl19+WdevX1fjxo01c+ZM49qMGTM0d+5c9e7dWyaTSa1atdLo0aNvOy+S9Oqrr+rnn3/W8ePHVbNmTQ0dOtRmRW5+atSooS+//FKLFy9WeHi4QkNDVa5cOdWrV0/t27eXJDVs2FDbtm3TgQMHlJGRIU9PTw0cOFCDBg2SJI0fP15169bVpk2bFBQUJJPJpIoVK6pLly4qW7bsHevOMW7cONWrV08bN27UoUOHlJWVpdq1a8vJySnf9hMmTND777+v77//XufOnVPfvn313XffFXo8AAAAAAAAAAAA4E5MVvaexW0kJiaqQ4cO2r59e4FbUxdVly5dFBcXpylTpqh79+53pU8AAAAAAAAAAACgpEhISJAkhYWFFfqepk2bSmILaAAAAAAAAAAAAAAoMQiAAQAAAAAAAAAAAKCEYAtoAAAAAAAAAAAAAPgLYQtoAAAAAAAAAAAAAAABMAAAAAAAAAAAAACUFATAAAAAAAAAAAAAAFBCEAADAAAAAAAAAAAAQAlBAAwAAAAAAAAAAAAAJQQBMAAAAAAAAAAAAACUEATAAAAAAAAAAAAAAFBCEAADAAAAAAAAAAAAQAlBAAwAAAAAAAAAAAAAJQQBMAAAAAAAAAAAAACUEATAAAAAAAAAAAAAAFBCEAADAAAAAAAAAAAAQAlBAAwAAAAAAAAAAAAAJQQBMAAAAAAAAAAAAACUEATAAAAAAAAAAAAAAFBCEAADAAAAAAAAAAAAQAlhf78L+CtISEhQVFSUUlNT79jWwcFBVatWVdmyZf+EygAAAAAAAAAAAACg8FgBLOnSpUuFCn8lKSMjQ1FRUfe4IgAAAAAAAAAAAAAoOgJgZYe6t2MymeTp6SknJydJKnRYDAAAAAAAAAAAAAB/JgLgQnBzc5OTk5M8PDzudyl3FBgYqE2bNt3vMv6wnTt36sknn5Svr6++++67+10OAAAAAAAAAAAA8LfAO4DvwMXFRc7OzpKkq1ev3rbt8uXLtWDBAkmS2WyWl5eXunfvrsGDB8tkMt3zWiUpICBAtWrV+lPGyjFs2DAdOHBAkuTk5KQHHnhAL730kjp16lTsPmfOnKmZM2eqRYsWd6tMAAAAAAAAAAAAoMRjBfAtcge1jo6OcnNzkyTFxcXdcatoSapbt64OHDig7777Tu+8845WrlypzZs337N6b9W5c+diB8CZmZnKysoq1r0DBgzQgQMHtHPnTnXu3Flvv/22zp07l6edxWK5Y1+JiYlKTEz804Ns6Y/NAQAAAAAAAAAAAHC/EQDnUqZMGVWuXFkODg4ym83y9PSUJN28eVPJycmF7sfe3l5OTk5q1aqVHn74YR07dsy4dujQIQUGBsrX11f+/v5au3atzb0bN27UU089JV9fX7377ruaOHGiZs6cKUm6ePGivL29bULUHTt2aODAgcbxrVtAR0ZGasyYMfLz81O3bt00a9Ys4x3GiYmJ8vb21sqVKxUQEKBevXopLi7utvfc6bldXFz0/PPPKysrS6dOnVJoaKh69eqlhQsXauDAgXr11VclSbt27VL//v3Vrl07DRgwQKGhoZKk06dP65lnnpEkvfDCC/L391dmZqaSk5M1Z84c9ejRQx07dtTIkSN15coVY+w1a9aoZ8+e8vX1lZ+fn+bNm2dci4uL0zvvvKMuXbqoa9eumjRpkuLj4287BwAAAAAAAAAAAMDfEQFwLi4uLrKzs1OFChVUvnx52dnZKT09XdevXy9Wf2fOnNHJkydVo0YNSdLJkyc1cuRIBQYG6ttvv9UHH3ygZcuWKTg4WJJ08OBBzZs3T1OmTFFwcLDatm2rXbt2Fft5UlJSNHjwYNWtW1dbt27VmjVrdO7cOX388cc27X7++WctW7ZM27Ztk7Ozc6HuuZ2dO3fKarXqwQcflCRdunRJzs7OWr16tZYuXapDhw5p8uTJGjlypIKDgzVkyBCNHz9eERERqlOnjr788ktJ0rJly7Rp0yaZzWZNnDhRkZGR+uKLL7Rr1y7VqVNHY8eOVVZWls6fP6+PPvpIH3/8sUJDQ7Vlyxb5+fkZ9YwfP15paWlav369goKCFBsbq4kTJxY4BznBPwAAAAAAAAAAAPB3QwCcy9WrV5Weni47Ozs5OjoqKyvrju/9vdWZM2fUpUsXderUSf369ZOfn5/69+8vSfrqq6/UtWtX+fr6ymw2q3bt2urXr5927NghSdqyZYuefPJJNW3aVHZ2durataseeeSRYj9PSEiI7O3tNXjwYDk5OcnNzU2vvfaaMV6O559/Xg4ODkW651abNm1Sly5d1K5dO3344YcaN26c6tatKyn7vcABAQFG2y1btqhr165q3bq17O3t1b59e7Vv377ArbKjo6MVGhqq8ePHq3z58nJwcNCQIUN04cIF/fbbb7K3t5fVatWJEyeUlJSk0qVLq1GjRpKyV0D/9NNPGjt2rFxdXeXm5qZRo0bpP//5j2JjY/OdAwAAAAAAAAAAAODvyv5+F/BXYrVadfXqVVWoUEGOjo66evWqrFZrkfqoUaOGFi5cqLS0NH311Vfas2ePkpOTVbZsWV26dEmnT59WWFiY0T49PV1Vq1aVJMXExKh+/fo2/VWpUqXYz3P58mXFxsaqT58+xrmsrCzZ2dnZbGldoUKFQt9TpkyZfMfq1q2bBg8erNKlS8vZ2dnmWvny5WU2m43j6OhotWjRwqZNtWrV9Ouvvxb4HJI0dOhQm/NOTk6KjY1V69atNWPGDAUFBWnatGmqU6eOXn75Zfn4+Cg6Olpms1mVKlWyGUuSoqKijNXZuecAAAAAAAAAAAAA+LsiAL5FTghcqlQpZWRkFPn+3O8OHjVqlCIiIrRo0SKNGzdOlStX1oMPPqg333wz33u9vLyMsDPH5cuXVbt2bUlS6dKlJWWHxvb22R/djRs3CqylUqVKqlKlir766qt8rycmJkqSTCZToe8piJOTU4FbJ+fuX5IqVqyY5zkvXbqkihUr5nt/5cqVJUlLliyRu7t7vm18fX3l6+ur9PR0bd26VWPHjtW3336rihUrKjMzU9HR0Ub/ly5dkiSbUPjWGgEAAAAAAAAAAIC/I7aAlvJs/Wu1WpWamlpgeycnp0L3PWzYMG3YsEGRkZHq27evtm/frpCQEFksFlksFp0+fVrh4eGSpB49emj79u0KDw9XVlaWdu/erV9++cXoq3z58vLy8tKePXskZYe/mzZtKnBsX19fJScn69NPP9XNmzdltVoVFRWlvXv33tV7iqpnz57atWuXfvzxR2VmZmrv3r0KDQ3VU089lW/7SpUqydfXV1OnTlVUVJQkKSEhQbt375bFYtH58+d14MABpaWlydHRUe7u7jKZTDKbzapWrZoeffRRzZs3T0lJSYqPj9f8+fPVpk0b3vULAAAAAAAAAACAEocVwJKqVq2qqKio24a+ORwcHGxWjt7Jo48+qmbNmmnRokWaNm2a5s6dq08//VRTp06V1WpVzZo19dJLL0mSWrZsqeHDh+vtt99WUlKSfHx81LVrV6Mvk8mkKVOmaNasWVq5cqXc3d3Vtm1b7d+/P9+xXVxctGjRIi1YsEB9+vRRSkqKvLy81LNnT7Vt2/au3VNUzZs31zvvvKPZs2crOjpaVapU0XvvvafGjRsXeM/kyZP12Wef6Z///Kfi4uJUrlw5NWvWTB07dlR6eroWLVqkc+fOyWQyqUqVKpo9e7YR1M+YMUNz585V7969ZTKZ1KpVK40ePfquPAsAAAAAAAAAAADwV2KyFvUlt/hTTZ8+XWazucBtowEAAAAAAAAAAACULAkJCZKksLCwQt/TtGlTSWwBDQAAAAAAAAAAAAAlBgEwAAAAAAAAAAAAAJQQbAENAAAAAAAAAAAAAH8hbAENAAAAAAAAAAAAACAABgAAAAAAAAAAAICSggAYAAAAAAAAAAAAAEoIAmAAAAAAAAAAAAAAKCEIgAEAAAAAAAAAAACghCAABgAAAAAAAAAAAIASggAYAAAAAAAAAAAAAEoIAmAAAAAAAAAAAAAAKCEIgAEAAAAAAAAAAACghLC/3wX8FSQkJCgqKkqpqal3bOvg4KCqVauqbNmyf0JlAAAAAAAAAAAAAFB4rACWdOnSpUKFv5KUkZGhqKioe1wRAAAAAAAAAAAAABQdAbCyQ93bMZlM8vT0lJOTkyQVOiwGAAAAAAAAAAAAgD8TAXAhuLm5ycnJSR4eHve7lDsKDAzUpk2b7ncZhZaWliZvb29dvHixwDbTp0/XzJkz/5R6/m7zBwAAAAAAAAAAAOTGO4DvwMXFRc7OzpKkq1ev3rbt8uXLtWDBAkmS2WyWl5eXunfvrsGDB8tkMt3zWiUpICBAtWrV+lPGyjFs2DAdOHAgz/l//etfatmy5W3vtbe31xtvvCF3d/d7VV6R3I/5AwAAAAAAAAAAAO4WAuBbmEwmWa1WSZKjo6Pc3NwkSXFxcXfcKlqS6tatqxUrVshisSgsLExjx45V5cqV5e/vf0/rztG5c+di35uZmSmTySQ7u6IvDO/Xr59ef/11m3MODg53vM9sNqt///5FHu9e+SPzBwAAAAAAAAAAANxvbAGdS5kyZVS5cmU5ODjIbDbL09NTknTz5k0lJycXuh97e3s5OTmpVatWevjhh3Xs2DHj2qFDhxQYGChfX1/5+/tr7dq1Nvdu3LhRTz31lHx9ffXuu+9q4sSJxvbHFy9elLe3tywWi9F+x44dGjhwoHF86xbGkZGRGjNmjPz8/NStWzfNmjXLeIdxYmKivL29tXLlSgUEBKhXr16Ki4u77T0FsbOzU6lSpWz+2dnZKSgoSIMGDbJpe+nSJTVv3lyXL1/Odwvo3HMwYcIEpaWl2dxfmGcKCgpSYGCg+vTpoyFDhigmJsa4PykpSXP+P3t3HlVVvf9//HUOo4qKggo4z141oys5BYop4jzmVJaWaWo4ffWWlppN+su0zNSs63gdck5FzRENzVIrhxygCIdAQRAnZpDz+8PLXhwZHSnu87HWWeucvT97f9577wP/vM7n85k5U126dJGPj4/69OmjU6dO5Xj/pk6dqo4dO8rHx0e9evXS1q1b87wPAAAAAAAAAAAAQGEiAM7CyclJZrNZ5cqVk4uLi8xms1JTU3Xt2rX7Ol94eLhCQ0NVtWpVSVJoaKjGjBmjQYMGae/evZo1a5aWLFmioKAgSdLRo0f16aef6r333lNQUJB8fHy0c+fO+76epKQkDRs2TLVr11ZgYKBWr16t8+fP6/PPP7dqd+zYMS1ZskRbt25ViRIlCnRMQXXo0EHnzp1TaGiosS0wMFCNGzeWh4dHtvZHjx7VJ598YtyDFi1aaMeOHfd8TSdPntTChQu1YcMGVahQQfPmzTP2TZkyRWFhYfrqq68UHBysGTNmGCO979aoUSOtWrVK3333ncaNG6dp06YpJCTkvu4FAAAAAAAAAAAA8KgRAGcRExOj1NRUmc1m2dvbKyMjI991f+8WHh6udu3aqU2bNurTp4/8/PyMKY7Xrl0rf39/+fr6ysbGRjVr1lSfPn20fft2SdKWLVvUqVMneXp6ymw2y9/fX08++eR9X8++fftka2urYcOGydHRUc7OzhoxYoTRX6aBAwca0zUX9Ji7bdy4UW3atLF63bhxQ6VKlVKrVq0UGBgoSbJYLNq6dau6deuW43m2bNmijh07GvegQ4cOatiw4T1f00svvSRb2zsznLdq1UqnT5+WJEVFRSk4OFiTJk2Su7u7TCaTqlWrpkqVKuVYT8+ePeXs7Cyz2awWLVqoWbNm+umnn/K8FwAAAAAAAAAAAEBhYQ3gLCwWi2JiYlSuXDnZ29srJibGWA+4oKpWrar58+crJSVFa9euVXBwsBITE1WqVClFRkYqLCxMx48fN9qnpqaqYsWKkqQrV66obt26VufLaZRsQV26dEmxsbHq1auXsS0jI0Nms9lqSuty5coV+JjixYvn2FeHDh00dOhQq20lS5aUJHXt2lWTJ0/W6NGjdezYMcXHx6t169Y5nufKlSvy8fGx2la5cuV7vqasI3odHByUkJBgHG82m417np8VK1bo22+/1bVr12Q2m3X9+nXVqFGjQMcCAAAAAAAAAAAAjxsB8F0yQ2AHBwelpaXd8/FZ1w4eO3asTp06pQULFuiNN96Qu7u7qlevrjfffDPHY8uXL69Lly5Zbbt06ZJq1qwpSSpWrJikO6Fx5ujW69ev51qLm5ubPDw8tHbt2hz337p1S5JkMpkKfExuihUrpgoVKuS4r1mzZrK3t9eBAwe0b98+tWvXTo6Ojjm2LV++vGJjY622xcbGGiFwQa8pNx4eHsrIyFBkZGSuo34z7d+/XytWrNCCBQtUrVo1SdK4cePu+UcBAAAAAAAAAAAAwOPCFNCSMf1xJovFouTk5Fzb5xZe5iQgIEAbN25URESEevfurW3btmnfvn1KT09Xenq6wsLCdPLkSUlS586dtW3bNp08eVIZGRnavXu3Tpw4YZzLxcVF5cuXV3BwsKQ74e+mTZty7dvX11eJiYn68ssvlZCQIIvFoqioKB04cOChHiPdGYWbkpJi9bp9+7YkyWw2q1OnTlq9erX27dunrl275nqezp07a/v27bpy5Yok6fTp0zp69OgD15fJzc1N3t7emjZtmqKiomSxWHThwgVFRERka3vz5k2VKlXKCIpDQkJ0+PDhAvUDAAAAAAAAAAAAFAZGAEuqWLGioqKi8gx9M9nZ2cnNza3A537qqafUuHFjLViwQB988IE++eQTffnll3r//fdlsVhUrVo1DR48WJLUtGlTjRw5Um+99Zbi4+Pl7e0tf39/41wmpSk8RQAAIABJREFUk0nvvfeeZsyYoZUrV6pMmTLy8fHRoUOHcuzbyclJCxYs0Ny5c9WrVy8lJSWpfPny6tKlS7Zplh/kGOnO+sZ3j8p955131KVLF0l3poFeunSpatSoYbWm792aNm2qoUOHKiAgQGXKlJGbm5vatm37wPVl9cEHH2ju3LkaPHiwbt68KQ8PD02ePDnbiOD27dvryJEj6tevn5ydnVWtWjU1b968QH0AAAAAAAAAAAAAhcFkYT7bv7Rp06bJxsYm12mjAQAAAAAAAAAAABQtN2/elCQdP368wMd4enpKYgpoAAAAAAAAAAAAACgyCIABAAAAAAAAAAAAoIhgCmgAAAAAAAAAAAAA+AthCmgAAAAAAAAAAAAAAAEwAAAAAAAAAAAAABQVBMAAAAAAAAAAAAAAUEQQAAMAAAAAAAAAAABAEUEADAAAAAAAAAAAAABFBAEwAAAAAAAAAAAAABQRBMAAAAAAAAAAAAAAUEQQAAMAAAAAAAAAAABAEUEADAAAAAAAAAAAAABFBAEwAAAAAAAAAAAAABQRtoVdwF/BzZs3FRUVpeTk5Hzb2tnZqWLFiipVqtRjqAwAAAAAAAAAAAAACo4RwJIiIyMLFP5KUlpamqKioh5xRQAAAAAAAAAAAABw7wiAdSfUzYvJZJKrq6scHR0lqcBhMQAAAAAAAAAAAAA8TgTABeDs7CxHR0eVLVu2sEsxxMbGysvLS9evX5ckzZw5U++///4j6Wv//v3q3r37QzvfoEGDtGnTpnzbff7555o0aZLxuX///tq+fXuB2wMAAAAAAAAAAAD/a1gDOB9OTk4qUaKEJCkmJibPtkuXLtXcuXOtttnZ2emHH354ZPX9HQ0YMEA1atTIt12rVq2UmJj4GCoCAAAAAAAAAAAAigYC4LuYTCZZLBZJkr29vZydnSVJcXFx+U4VLUm1atXSsmXLrM4Ha23bti1Qu0aNGj3iSgAAAAAAAAAAAICihSmgsyhevLjc3d1lZ2cnGxsbubq6SpISEhIKPBLVZDLJwcHBeNnb20uSEhMTNXPmTHXu3FnPPvusxowZo8uXLxvH5bc/NjZWY8aMka+vr3r06KFDhw5l6zslJUWTJ0+Wr6+vunbtqvXr1xv7oqOjNXLkSLVt21atWrXSK6+8olOnTlkdf+TIEb3yyivy9fVV27Zt9eGHH+Z4jYcOHZK/v78OHDiQbV9YWJiaNWuma9euGdssFou6dOmirVu3SrKeAvrSpUsKCAhQ69at1bp1a/Xt21d//PGHpJyndI6IiNDgwYPVsmVLvfDCCzp+/HiONWa2HTdunPz8/NS+fXvNmDGD9ZsBAAAAAAAAAABQpBEAZ+Hk5CSz2axy5crJxcVFZrNZqampVmHm/ZoyZYoiIiK0bNky7dy5U7Vq1dL48eOVkZFRoP0TJkyQk5OTduzYoUWLFmnLli3Z+ti9e7datGihoKAgvffee5ozZ45+/PFHSXdC2F69eikwMFB79uxRixYtNH78eCMQPXPmjEaPHq0+ffpo9+7d2rp1q/z9/bP1sWHDBn3wwQeaPXu2fHx8su2vVauW6tSpo2+//dbY9vPPP+vGjRs5jvydN2+e3NzctHv3bgUFBemjjz4yRl3nZMOGDfrXv/6lffv2qXv37ho9erSxDnJWSUlJGjZsmGrXrq3AwECtXr1a58+f1+eff57ruQEAAAAAAAAAAIC/OwLgLGJiYpSamiqz2Sx7e3tlZGTku+7v3f744w+1adPGeM2fP1/R0dHav3+/JkyYIBcXF9nZ2Wn48OG6ePGi/vjjj3z3R0RE6Pjx4xo7dqwcHR1VtmxZDRkyJFvfDRs2VIcOHWQ2m+Xp6alOnTopMDBQkuTm5iZfX18VK1ZMdnZ2evXVV5WUlKTz589LktatW6e2bduqffv2srOzk6Ojo7y8vIxzWywWzZkzR6tXr9aiRYv0j3/8I9d70LVrV6uAesuWLWrXrp0cHR2ztbWzs9OVK1eMOqpVqyYXF5dcz92tWzfVq1dPNjY26t27typUqKCgoKBs7fbt2ydbW1sNGzZMjo6OcnZ21ogRI7R9+/Zczw0AAAAAAAAAAAD83bEGcBYWi0UxMTEqV66c7O3tFRMTY6wHXFBVq1bV3Llzjc8lSpTQ77//Lkl6/fXXrdo6OjoqNjZW8fHxee63t7dXsWLFrILRypUrZ+vbw8Mj2+fMvhMSEjR37lwdOXJESUlJMpvNSkpKMkY3X7582SrwvVtcXJzWrl2rN954Q+7u7nneA39/f33yyScKCQlR5cqVFRQUpPnz5+fYdsyYMfr3v/+t//u//1NiYqLatGmjkSNHysnJKcf2OV3jlStXsrW7dOmSYmNj1atXL2NbRkaGzGazEhMTVbx48TyvAQAAAAAAAAAAAPg7IgC+S2YI7ODgoLS0tHs+3tbWVhUqVLDalhmYLly4UGXKlMl2TFRUVJ77IyIilJSUpISEBJUoUUKSdPXq1Wztsq4ZLN0JQTNr+eKLL/Tnn39q0aJFxhTLvr6+RsDt7u6uixcv5npdLi4umjp1qsaNGydbW1t17Ngx17YlS5aUr6+vAgMDVbt2bbm5ualRo0Y5tnV2dta//vUv/etf/1JERIQmTJigpUuXKiAgIMf2OV1jy5Yts7Vzc3OTh4eH1q5dm2udAAAAAAAAAAAAQFHDFNC6Mw1xVhaLxVgbNyc5TWWcl8zpl99//30j7L1586Z2796t9PT0fPdXqlRJTz75pJYtWyZJun37tpYvX56tn19//VU7duxQRkaGTp48qe3bt6tz586SpFu3bsnd3d0Ifzds2GCMPJak5557Trt379bOnTuVlpam5ORk/fzzz1bn9/T01Lx58/Tpp59q/fr1eV5z165dtWPHDn3zzTfq0qVLru327NljXLOzs7McHR1la5v77xI2b96s0NBQ3b59Wxs2bFBUVJRat26drZ2vr68SExP15ZdfKiEhQRaLRVFRUTpw4ECedQMAAAAAAAAAAAB/ZwTAkipWrFjgUNfOzk5ubm733Me7776rKlWq6LXXXpOPj4+ef/55HTx4UCaTqUD7p0+frpCQEA0YMEABAQFq0qRJtj78/Px08OBBPfvss3rrrbcUEBCg5s2bS5KGDBmic+fO6YUXXtCrr76qW7duWV1HgwYN9Mknn2jVqlVq27atOnfurF27dmXro169evryyy+1aNEi/ec//8n1eps0aSJHR0edPXtWnTp1yrXd6dOnNXjwYLVs2VK9evVS5cqVNXDgwFzb9+zZUzNmzFDr1q21YcMGffbZZzmOmnZyctKCBQt07tw59erVS76+vho5cqTOnTuX67kBAAAAAAAAAACAvzuT5V4XuQUAAAAAAAAAAAAAPDI3b96UJB0/frzAx3h6ekpiBDAAAAAAAAAAAAAAFBkEwAAAAAAAAAAAAABQRBAAAwAAAAAAAAAAAEARQQAMAAAAAAAAAAAAAEUEATAAAAAAAAAAAAAAFBEEwAAAAAAAAAAAAABQRBAAAwAAAAAAAAAAAEARQQAMAAAAAAAAAAAAAEUEATAAAAAAAAAAAAAAFBEEwAAAAAAAAAAAAABQRBAAAwAAAAAAAAAAAEARQQAMAAAAAAAAAAAAAEWEbWEX8Fdw8+ZNRUVFKTk5Od+2dnZ2qlixokqVKvUYKgMAAAAAAAAAAACAgmMEsKTIyMgChb+SlJaWpqioqEdcEQAAAAAAAAAAAADcOwJg3Ql182IymeTq6ipHR0dJKnBYDAAAAAAAAAAAAACPEwFwATg7O8vR0VFly5Yt7FLyNWjQIG3atKmwy3hgt27dkpeXl6Kjox9pP7169dKePXvu69hDhw6pQ4cOj6T9559/rkmTJt1XXffjt99+U//+/eXr66vPPvvssfcPAAAAAAAAAACAh4M1gPPh5OSkEiVKSJJiYmLybLt06VLNnTtXkmRjY6Py5curY8eOGjZsmEwm0yOvVZIGDBigGjVqPJa+MgUEBOjHH3+02tasWTPjXhRVNWrU0IgRIx5J+1atWikxMfF+S7tnX331lVq2bKnhw4dLkk6ePPlY+wcAAAAAAAAAAMDDQQB8F5PJJIvFIkmyt7eXs7OzJCkuLi7fqaIlqXbt2lq+fLnS09N1/PhxjR8/Xu7u7urevfsjrTtT27Zt7/vY27dvy2QyyWy+94Hhffr00ejRo43PNjY2913H34Wbm5u6dOnySNo3atTofsu6L5GRkfLz8yu0/gEAAAAAAAAAAPBwMAV0FsWLF5e7u7vs7OxkY2MjV1dXSVJCQsI9jYa0tbWVo6OjmjVrpgYNGujMmTPGvp9++kmDBg2Sr6+vunfvrnXr1lkd+80336hr167y9fXVpEmTNGXKFH300UeSpD///FNeXl5KT0832m/fvl39+/c3Pt89BXRERITGjRsnPz8/tW/fXjNmzDDWMM6cZnnlypUaMGCAunXrpri4uDyPyY3ZbJaDg4PxsrW1zbf/zP3jx49Xu3bt5Ovrq1dffVXx8fHG/mPHjqlPnz7y9vbW8OHDdeXKFWPf6tWr9dxzz8nHx0cdO3bU7Nmzre7N3dLS0jRz5ky1bdtW7du319KlS7O1ye/5ZHX3lM4zZ87UhAkTNGXKFPXv3z/b8Xe3j4+P18yZM9WlSxf5+PioT58+OnXqlKTsU0CHhIRo6NCh8vX1Vbdu3bRo0SLdvn07x7omTJigmTNnWm3bvHmzunfvbvy4Iat+/frp3LlzmjVrlrp3764TJ05Y9Z/5PVmzZo0GDRqkXr16ZXsWAAAAAAAAAAAA+GsgAM7CyclJZrNZ5cqVk4uLi8xms1JTU3Xt2rX7Ol94eLhCQ0NVtWpVSVJoaKjGjBmjQYMGae/evZo1a5aWLFmioKAgSdLRo0f16aef6r333lNQUJB8fHy0c+fO+76epKQkDRs2TLVr11ZgYKBWr16t8+fP6/PPP7dqd+zYMS1ZskRbt25ViRIlCnTMw+g/ISFBQ4cOlYeHhzZu3Kg9e/YoICDACI8lKTAwUHPmzNGOHTtka2urefPmGftcXFw0e/ZsBQcHa/78+dq/f3+ege3ChQt19OhRrVixQps3b1ZUVJQiIiKM/fk9n4IIDg5Wv3799PXXX+uzzz7T7Nmz9eeff+bYdsqUKQoLC9NXX32l4OBgzZgxwxhxntX169c1YsQINW/eXLt379Ynn3yib775RitXrszxvL169dL27duVmppqbNu0aZO6d++e41Tkq1evVpUqVTRu3Dht2rRJTz75ZI7nPXnypBYuXKgNGzaoQoUKVs8CAAAAAAAAAAAAfw0EwFnExMQoNTVVZrNZ9vb2ysjIyHfd37uFh4erXbt2atOmjfr06SM/Pz/17dtXkrR27Vr5+/vL19dXNjY2qlmzpvr06aPt27dLkrZs2aJOnTrJ09NTZrNZ/v7+uYZxBbFv3z7Z2tpq2LBhcnR0lLOzs0aMGGH0l2ngwIGys7O7p2PutnHjRrVp08Z4ff/99/mea9++fTKbzRozZoycnJxka2srT09POTo6GucdNmyY3Nzc5OTkpG7duun06dPGPj8/P1WqVEkmk0nVqlVT7969deTIkVxrDAwM1ODBg+Xm5iYHBweNHj3aarrr/J5PQTRv3lz169eXJFWtWlWVK1fW2bNns7WLiopScHCwJk2aJHd3d+MaKlWqlK3td999p5IlS2rQoEGys7NTzZo19dJLL1mN9M7Ky8tLpUuX1r59+yRJ586d09mzZ9W5c+cCX0dOXnrpJSOcb9WqldWzAAAAAAAAAAAAwF8DawBnYbFYFBMTo3Llysne3l4xMTE5Tpmbl6pVq2r+/PlKSUnR2rVrFRwcrMTERJUqVUqRkZEKCwvT8ePHjfapqamqWLGiJOnKlSuqW7eu1fk8PDzu+3ouXbqk2NhY9erVy9iWkZEhs9lsNaV1uXLlCnxM8eLFc+yrQ4cOGjp0qPHZ2dlZy5cvz/Ncly9fVqVKlfJcc7h8+fLG++LFiyshIcH4fPDgQS1fvlyRkZGS7ow4rly5co7nyXy2WfcXK1ZMLi4uxuf8nk9B3D2C19HRMcfpwy9duiSz2Vygc0dHR6tixYpWo3crVaqk6OjoHNubTCb16NFDmzZtkr+/vzZt2iRvb29jSvP7lfXaHBwcrJ4FAAAAAAAAAAAA/hoIgO+SGRQ6ODgoLS3tno/Punbw2LFjderUKS1YsEBvvPGG3N3dVb16db355ps5Hlu+fHldunTJatulS5dUs2ZNSXcCS+lOKJk5EvP69eu51uLm5iYPDw+tXbs2x/23bt2SJKtgMb9jclOsWDFVqFDhnvp3d3dXRESEEQrfi2vXrmncuHGaNWuWWrRoIbPZrFWrVmnXrl05tjeZTCpXrpyuXr1qbEtPT7e6f/k9n4fJw8NDGRkZioyMzHHUb1YVKlTI9r2IjIzMdr+z6tKlixYsWKDz589r27Ztevfddx9K3QAAAAAAAAAAAPhrYwpoyZj+OJPFYlFycnKu7bNOUZyfgIAAbdy4UREREerdu7e2bdumffv2KT09Xenp6QoLC9PJkyclSZ07d9a2bdt08uRJZWRkaPfu3Tpx4oRxLhcXF5UvX17BwcGS7oS/uU0DLEm+vr5KTEzUl19+qYSEBFksFkVFRenAgQMP9Zj7PZevr69u376tOXPmKCEhQenp6Tpx4kSe9z5TYmKiMjIyVKdOHZnN5nzvhXTn/q5cudJYG3ft2rVWfeX3fB4mNzc3eXt7a9q0aYqKipLFYtGFCxes1iTO1KpVK924cUPLly9XWlqazp07p//85z/q1q1brucvU6aMWrVqpbfffluOjo5q3rz5Q78GAAAAAAAAAAAA/PUQAEuqWLFigUNdOzs7ubm5FfjcTz31lBo3bqwFCxaofv36+uSTT7Rq1Sq1a9dOfn5++vDDD3Xz5k1JUtOmTTVy5Ei99dZbevbZZ/Xdd9/J39/fOJfJZNJ7772nxYsX68UXX9SUKVPk4+OTa99OTk5asGCBzp07p169esnX11cjR47UuXPnHuox93uuzP0XLlxQt27d1LZtW82dO1e3b9/O99wVK1bUyJEj9dprr+mVV17R1KlT1apVqzyPefXVV1W9enW98MILev311xUfH68qVaoY+/N7Pg/bBx98oCpVqmjw4MFq2bKl3njjjRxHdDs7O2vevHn67rvv5Ofnp1GjRqlr16564YUX8jx/r169FBoaqq5du97zCGsAAAAAAAAAAAD8PZks97rILR6radOmycbG5rFMS4yiJTIyUj169NCWLVvu6UcLAAAAAAAAAAAAKFyZAxSPHz9e4GM8PT0lMQIYKJLS09O1bNkytW7dmvAXAAAAAAAAAADgfwgBMFDEnDlzRr6+vjpx4oTGjBlT2OUAAAAAAAAAAADgMWIKaAAAAAAAAAAAAAD4C2EKaAAAAAAAAAAAAAAAATAAAAAAAAAAAAAAFBUEwAAAAAAAAAAAAABQRBAAAwAAAAAAAAAAAEARQQAMAAAAAAAAAAAAAEUEATAAAAAAAAAAAAAAFBEEwAAAAAAAAAAAAABQRBAAAwAAAAAAAAAAAEARQQAMAAAAAAAAAAAAAEUEATAAAAAAAAAAAAAAFBEEwAAAAAAAAAAAAABQRBAAAwAAAAAAAAAAAEARQQAMAAAAAAAAAAAAAEUEATAAAAAAAAAAAAAAFBEEwPifcfz4cXl5ecnLy0vt2rUr7HIK3fDhw437sX79+sIu5y/jwIEDxn3p3LlzYZfzlzd79mzjfk2dOtXYvnDhQmP7xIkTC7FCAAAAAAAAAAD+t9gWdgF/NRaLRQcOHND27dt16tQpXbt2TXZ2dnJzc1PDhg3VuXNneXp6FnaZhapXr166cOFCnm3mzJmjFi1aPKaKIEkXL17U0qVLdfToUcXExMjGxkalSpWSm5ubGjRoIH9/fz3xxBOFXSYesRMnTujHH3+UJFWtWlXt27cv5IoKx+LFi5WWliZJ6tmzp8qVK1fIFQEAAAAAAAAA8HgQAGcRFxent956Sz/99JPV9pSUFIWFhSksLEybNm3Svn37VLJkyUKqEsguJCREQ4YMUVJSkrEtPT1dMTExiomJ0a+//ioHBwcC4P8BJ0+e1L///W9Jkre3d6EFwI0aNdKAAQMkSXXr1n3s/S9evFjJycmSJB8fHwJgAAAAAAAAAMD/DALg/0pJSdGoUaMUEhJibKtfv76eeeYZOTk56cqVKzp8+LDCwsIeSf8Wi0UpKSlydHR8JOcvqJSUFNnZ2clsLtjs4A0bNlTjxo2zba9YseLDLg15mDt3rhH+uru7q3379ipdurRiY2N1/vx5HT16tJArzC4pKUnFihUr7DLwiDRp0kRNmjQp7DIAAAAAAAAAAPifQwD8X2vWrLEKf4cNG6ZXX301W7sff/xRdnZ2kqT4+Hh9+umnCg0NVXR0tOLj4yVJrq6u8vT01MCBA1WrVi2r45s0aaKMjAxJ0ooVK7Rjxw7t2rVLMTEx+vjjj+Xr66v4+HjNnz9fe/bsUXx8vOrUqaNhw4bpxx9/1IoVKyRJnTt3NtbbvNc6jh8/blxb2bJltWzZMn322Wc6fPiwbt26dU8jnBs3bqyRI0fmuv/rr7/WrFmzJEnVqlXTypUr5eDgoIyMDL322ms6duyYJOnFF1/U6NGjjeMOHjyoDRs26MyZM7px44ZKlCihypUrq3v37urevbvRLiUlRWvXrtXu3bt1/vx5paamys3NTa1atdLLL78sZ2fnAl1HXuLi4rRq1SodPHhQkZGRun37tlxdXdWoUSONGjVK5cuXN9p+++232rx5s3777TclJiaqZMmSatCggXr37q1nnnnG6rzDhw83gtkJEybIxsZGa9as0YULF1SqVCl16NBBAQEBsrXN/88063f3448/Vr169az2Jycn6+rVq3meY//+/Vq0aJHCwsJy7f+rr77STz/9pD///FO3bt1SWlqaSpcurXr16ql3797y8fHJ8xpNJpPWrFmjixcv6rnnntP48eOt/iaWLl2qnTt3as+ePbp27ZqqVKmil156KdtavMeOHdOyZcuM74ejo6PKlCmjWrVqqXXr1urUqVO+98xisWjlypVav369oqOj5eHhob59+8rNzS3P4/bs2aNNmzbp7NmzSkhIUOnSpeXl5aWXX3452997XmJiYrR8+XJ9//33unz5ssxms6pVq6aOHTuqT58+Vvc9OTlZS5cu1b59+xQZGan09HSVKlVKHh4eqlevnl599VU5OzurWbNmVn0cPHhQXl5ekiQnJyft379fO3fu1Ntvvy1JqlmzptasWWO0nzZtmjZu3ChJGjBggMaMGWPsi4+P19y5c7V3714lJiaqTp06Gj58eK7Xt3DhQi1YsECS5Ofnp+nTpxvneZD/V0uWLNEXX3yhH374QYmJiapXr57Gjh2rRo0aSZLmz5+vxYsXW9Xy0ksvGe//7//+T88///wjeQaurq653g8AAAAAAAAAAB4XAuD/2rp1q/G+fv36OYa/kqwCloSEBG3evDlbm8uXL+vy5cvau3evFi1apH/84x85nmvy5Mk6d+6c8TkjI0Pp6ekKCAjQqVOnjO2nTp3SqFGjcg2XHqSO5ORkvfrqq4qOjraq42Hp37+/Dh8+rIMHD+r8+fP64osvNGbMGK1atcoIf+vXr6/XX3/dOCZrCJXpxo0bunHjhpycnIwA+ObNmxo+fLhCQ0Ot2kZERGjlypXas2ePFi5cKHd39/uu/7ffftPrr7+ua9euWW2/dOmSLl26pL59+6p8+fLKyMjQ22+/rd27d1u1u3btmg4ePKiDBw9q0KBBCggIyLGfxYsX68qVK8bnq1evasWKFSpWrJhee+21fOssXbq0rl+/LknavHmzSpcubXXdjo6OeY7K3rp1q9V3Lrf+t2/froiICKtj4+LidOjQIR06dEhvvvmmevfunWMfa9assfq+WyyWbG3Gjx+v2NhY43N4eLimTp2qGzdu6IUXXpB0J+weNmyYbt++bbRLSEhQQkKCIiIilJ6eXqAAeNasWVq9erXx+cKFC5oxY0auf68Wi0XvvfeeAgMDrbZfvXpVO3fu1L59+zRjxgx5e3vn2/fZs2cVEBCgGzduWG0PCQlRSEiIDhw4oDlz5hg/NpkyZYqCgoKs2sbFxSkuLk6nTp1S165d7+vHDiaTqUDt0tLSNGLECJ05c8bY9uuvvyogIEC1a9e+pz4f5P9VQkKCXnzxRd28edOqjlGjRmnLli0qVapUget4FM+AABgAAAAAAAAA8FdAACwpNTVV4eHhxueWLVsW6LjixYtrzJgxeuKJJ+Ti4qJixYrp1q1b2rhxo1atWqXU1FQtXLjQGAF7t3Pnzql79+5q1qyZrl+/Lnd3d61fv94I4sxmswYNGqQGDRpo165d2rlz50OvIzExURkZGRo2bJhq1qyp8+fPG4FHQSxbtkzLli2z2pY50jDT1KlT1a9fP8XGxmrlypWqUqWK5s+fL0kqUaKEpk2bZoy027p1q1X427p1a/n7+8vBwUFnzpzRpUuXjH2zZs0ywt/69evrjTfekLOzsxYvXqwtW7YoOjpa7777rjEK8V6lp6frzTffNMJfZ2dnDRo0SLVq1VJsbKx27dplBGibNm0ywl8bGxu98soratiwoQ4dOmSMsFy6dKmefvppNW3aNFtfV65c0fDhw+Xj46ONGzdq/fr1ku6MoC5IAOzn56eFCxdKktatW6d169apbNmyqlevnry8vNS+fXurkcp3O3XqlLy9vfXMM89ox44dOnHiRI79P//886pSpYrc3Nzk5OSklJQUHTt2zBiN/sUXX6hnz56ysbHJ1se5c+fk5eWlLl26yMbGJsfvmZ2dnRYvXiwPDw+tXLlSy5cvl3Rniuv27dvLxcVF+/btM8LfwYMHq0ePHkpLS1NUVJR++uknpaam5nu/fvu8Va+GAAAgAElEQVTtN6vwt23btvL391doaKiWLFmS4zGBgYFG+Ovs7KzJkyerbt26OnDggD766COlpqZq8uTJCgwMlJOTU659p6ena+LEiUbw2LlzZ7388stKTk7WtGnTdPr0aR09elRLly7VkCFDlJ6ern379kmS3NzcNGPGDJUrV05Xr17VH3/8oQMHDsjBwUG2trZauHChdu7cqXXr1kmSMUpdUo7PpKAB8Pr1643w12w2a+DAgapfv7727NmT6/+l3DzI/6uUlBRVqlRJM2fOVFpamiZNmqRr164pPj5e27ZtU//+/dWzZ0+1aNFCr7/+ulJSUiRJkyZNUrVq1STdmZ7+UT0DAAAAAAAAAAD+CgiAJd26dcvqc0FH0pUsWVItWrTQN998o7Nnz+r69etKT09XWlqa0ebkyZO5Ht+jRw9jKtZMWUOPLl26aMSIEZLuhNKhoaE6f/78Q69j0qRJat++ff4XfJ+cnZ31/vvva8SIEbJYLJo2bZqxb+LEiapUqZLxedOmTcZ7b29vffzxx8bnrNMLJyUlWQVPU6ZMMUZIv/XWW9q5c6dSUlL0008/KTIy8r7WJP7ll1/0559/Gp/nzJmj+vXrG5+zTkucdVRojx49jND0mWee0blz53TkyBGjXU4BsLe3twYPHizpzvTjmQFwfHy8rl27pjJlyuRZ6+DBgxUTE6MtW7YYI2uzjsz94osv9Pbbb2ebSjlTw4YN9emnn8pkMsnHx8dod3f/7dq10/r167VixQrFxMQYAZvJZJLFYtHNmzd18eJFVa9ePVsf1apV07x583IMIjMNGTLEmMp35MiR2rVrl6Kjo5WWlqbg4GD16NHDat3g2NhYRUdHq3Llynr66af19NNP53mfMu3du9d4X7VqVU2fPl0mk0mtW7fW9evXjfufVdZRq0OGDFGrVq0kSb1791ZQUJCOHj2qW7duKSgoSF27ds21759//tkYRV22bFlNnjzZuCdjx441Zh/YvHmzhgwZIrPZLAcHByUnJys1NVWRkZEqXry4atasqXr16lmNdvb09NSvv/5qfC5VqpQ8PT1zrSWvZ5FV1vvVtWtXY8S+r6+vfvvtN6uR3fl50P9XU6dONUYHt23b1gi7L1y4IOlOQOvm5mYVbtepU8fqb/fw4cOP7BkAAAAAAAAAAFDYCIClbOvdZk6lm58ffvhBY8eOVXp6eq5t7g6Xs/Lz88u27eLFi8b7p556ynhvMpnk6emZYwD8IHWYTCa1adMm1+Py06BBA6s6JeU4Eu7pp5/WSy+9ZDVauGPHjtmC56wjsfOqK3Oq30z9+vXLtW14ePh9BcBZa3Fzc7MKkO6W9bncHbh5enoaAXBOz+/uY+7+Pt64cSPfANjOzk6TJ0/W0KFD9cMPP+jkyZM6duyYEWCnpaVp2rRpatKkSY4jgb29vY3A7O5pbDP7j46O1sCBA62maM5J1ul5s2rTpk2+gWOdOnWM92azWTVq1DCmJ8/823j22We1cOFCJScna/PmzUYw6+zsrKZNm+qVV15RzZo18+wna7DfqFEjq7DwySefzDEAzvp9+Pjjj61+nJBbu5xkDUvj4uJy/EGAJEVFRSkxMVHFixdXhw4d9M033yguLk4TJ06UdOf+1KlTRx07dlS/fv1kNpvz7PdBZL1fWb+rJpNJTz755D0FwA/y/8re3t5qauisUz7n9r3Lyd/xGQAAAAAAAAAAUFAEwLoTKtSoUcMIboKDg3NdAzir+fPnGyFGhw4dNHbsWJUtW1anTp3SoEGDJOW9nm65cuWybcsaRN09PWtOa6Y+aB3Ozs73NOXz3by8vDRy5MgCtf3jjz+sPoeHhystLc2q/6zXWNDpaSXlOeVu1pGF9yu/WnJ7NgWVtf6CjsrMSYUKFdS9e3djneRjx45p+PDhSk9PV2pqqs6cOZNjAJx11HvmdNx3+/rrr43wt3bt2po+fbqqVKkis9msZ555xhgNnNu9yOn7fre7p2/O6dlVqVJFS5Ys0erVq/XLL78oMjJSGRkZun79unbu3KmffvpJ69evzxakZ/Wgz6tYsWK5Pqd7WUPbxsbGakTz3ZKTk1W8eHG9+eabqlmzpoKCgvTbb78pPj5eGRkZxnq1qampxt96frJ+l7Ouoywp21rXmR70fmX1IP+v7v47zxq43m+NhfEMAAAAAAAAAAB4lAiA/6tLly767LPPJElnzpzRwoULcwyBf/zxR3l6esrR0dFqVFyPHj1UtmxZSTLW8M1PTqFi5cqVdfXqVUnSiRMnjKlFMzIydPz48RzP8yB13EvI+iC+/vprHTx4UNKdwOX27dsKCQnR3LlzNXbsWKNdzZo1jesMCgrKNmWxxWKRyWRSpUqVZGtrawRJS5cuNdb4zCo9PT3XQDM/NWrUMN5fvnxZZ8+etRp9mLWe6tWrG1PvHj9+3Gpkc+Z6upJyrPFhWLt2rVq2bCk3Nzer7Q0bNpSjo6Pi4+MlZQ9Y70XW79mzzz5rXMvvv/9uhL8P6pdffjGmgE5KSlJISIixr3Llysb72rVra/LkyZLuPOM//vhD77zzjsLCwnT16lWdOnVKzZs3z7WfrOc6efKk8Rwl6+eVVfXq1Y2piUePHq3nnnsuW5uMjIx8g8is34EyZcpo27ZtOYbJWb+7tra26tevnzHS/dq1a9q2bZtmz54tSdq/f78RPmb9m84pSM06ajYmJsa49sTERP3888851ly5cmXFxcVJuvP9zvy7tFgsud6v3Dzo/82CyhoO330fHvUzAAAAAAAAAACgMBEA/1efPn20c+dOI3BasGCB9u/fr2eeeUYlSpRQbGysjhw5orCwMO3bt0+Ojo5yc3NTWFiYpDtr17q5uSk0NFRffvnlfdfh5+dnBKCbN29W2bJlVbduXe3cudNY4/Juj6KOgvr555/1+eefZ9vevHlzeXl5SZJCQ0M1Z84cSZKjo6Pmz5+vcePG6dq1a1q5cqWaNm2qFi1aSJK6d+9uXH9wcLDefPNN+fv7y97eXiEhIYqIiNDUqVNVrFgxtW3bVjt27JAkTZgwQWPGjFGNGjWUmpqq8PBwHTp0SCdPntSqVavu69r++c9/qlKlSsZaoaNHj9agQYNUo0YNXb16VXv27NHgwYPVsGFDdenSxQiAN23aJBcXFzVo0ECHDh3S4cOHjXN26dLlvmrJz5o1azRjxgw1aNBATzzxhMqVK6eUlBQFBwcb4a90Z8ru++Xu7m68DwoK0rPPPqukpCR9+OGHD1R7VgsXLpSNjY3c3d21fv16o3ZbW1u1bNlSkrR161YdPnxYvr6+qlSpklxcXHT79m2rEPruka13a9OmjRYvXizpztqxEydOlL+/v0JDQ/XNN9/keEzXrl2NAHju3LlydHTUP//5T9nY2CgiIkJHjx7Vt99+qy+++EIeHh659u3l5SUPDw9dunRJsbGxmjhxogYOHKgKFSro5s2bCgkJ0f79+1WqVClNmjRJkjRixAg1adJEjRo1Uvny5WVra6vk5GTjnFkDzqyjuc+cOaP9+/fL2dlZzs7OqlatmlX4ff36db399tvy9PRUYGBgntN3Zwa9W7ZsUdmyZfWPf/xDe/fuvafpn6XH9/+qdOnSSkxMNGpOSUmRjY2N6tWr98ifAQAAAAAAAAAAhYkA+L8cHBw0Z84cTZw40RgFlzm1Z2569+6t6dOnS5K2b9+u7du3S5Lq1auX53F56dWrl7799ludOnVKt2/f1sKFCyXdGdVXq1YtIzh51HUU1KlTp3IcuVesWDF5eXkpKSlJb731ljGV77hx49SoUSNNmTLFGPn7zjvvaPXq1XJxcVGnTp10/Phxbdq0SZK0d+9e7d271zhvs2bNjPfjx49XWFiY8QoICMhWx90jYu+Fra2t/t//+38KCAjQ9evXFRcXp08++cSqzSuvvCLpTnB95MgR7dmzR+np6TmGWYMGDcp1rdGH5fTp0zp9+nSO+/r163dfayFn6t69u9avX6/09HT9/vvv6tu3r6Q7oykdHBweyijgGjVqGCPxswoICDDWJk5ISNC3336rb7/9NsdzVKxY0fjxQW7q1q2r3r17a926dZKkPXv2aM+ePZLujPTNKdTs1q2bfvnlF23fvl3x8fGaOnXqPV1bJltbW02bNk0jR47UrVu3FBQUpKCgoGztso5+Dw0NNdaRzknXrl2N915eXsbo+OvXr2v8+PGS7ozanjFjhipWrCgfHx8dOHBAkrRr1y7t2rVLtra2qlatWo7rVD/33HPavn27QkJClJGRYYTnknI9JjeP6/9V8+bNtXHjRknSxo0bjferV69WrVq1HukzAAAAAAAAAACgMBEAZ1G2bFktWLBAwcHBRggbFxcnW1tblS9fXk888YQ6d+5srC3aq1cvWSwWrV69WpGRkXJ1dVXnzp3l7e2tgQMH3lcNtra2mjt3rubNm6fdu3crMTFRtWrV0rBhw7R3714jAHZ0dDSOeRR1PCwfffSRMXLZ29tbPXr0kCT5+PioR48e+uabb3Tt2jW98847+vzzz2UymTRp0iR5e3tr06ZNOnPmjG7cuKESJUqoSpUqatOmjXFuZ2dnLVu2TOvWrTNGIiYnJ6t06dIqV66cGjdubIwavV/16tXTmjVrtGrVKn3//feKiIjQ7du35erqqkaNGqlChQqS7kw3O336dLVs2VJbtmxRaGioEhMTVbJkSTVo0EC9e/eWt7f3A9WSl1mzZun777/X4cOHFRERobi4OCUlJalUqVKqW7euOnfubDUt9f2oVauW5s2bp7lz5+r333+Xo6OjvL29NWrUKPXs2fOhBMBTpkzR3r17FRgYqNjYWFWuXFkvvviiVbj21FNPqWfPnjp9+rSio6MVHx8vs9ksd3d3NWvWTC+//LLV30du/vWvf8nd3V0bNmxQdHS0KlSooB49eqh69eoaN25ctvYmk0nvvfeeWrVqpc2bN+vs2bO6efOmSpQoIVdXV9WvX1/PPPNMjmss361hw4Zau3atVq5cqUOHDunSpUvKyMhQ2bJl5eHhoaZNm1p91wcNGqSff/5ZYWFhunHjhlJSUlSqVCnVrl1bPXv2lJ+fn9HWzc1N06dP17///W+Fh4cb06Rn9c477+jjjz/W999/r/T0dDVs2FDDhw/Xtm3bcgxz7e3tNX/+fM2bN0979+5VQkKCatasqSFDhujYsWP3FAA/rv9Xo0aNUmpqqg4ePKjr169n2/8onwEAAAAAAAAAAIXJZMlvwUo8dlnXI810+/Zt9e3b1whaxo8fb6xFCfydNWnSxJg+d/369Y9snWQAAAAAAAAAAIC/i8xlGzOXTi0IT09PSYwA/kuaMmWKatWqpX/+858qX768rly5ohUrVhjhr4ODg9XINAAAAAAAAAAAAACQCID/kmJjY3Nd39TW1lZTpkxRuXLlHnNVAAAAAAAAAAAAAP7qCID/gvz9/WWxWHT+/Hldv35dtra2qlChgho3bqz+/furevXqhV0iAAAAAAAAAAAAgL8g1gAGAAAAAAAAAAAAgL+QB1kD2PxIKgIAAAAAAAAAAAAAPHYEwAAAAAAAAAAAAABQRBAAAwAAAAAAAAAAAEARQQAMAAAAAAAAAAAAAEUEATAAAAAAAAAAAAAAFBEEwAAAAAAAAAAAAABQRBAAAwAAAAAAAAAAAEARQQAMAAAAAAAAAAAAAEUEATAAAAAAAAAAAAAAFBG2hV3AX8Xy5cuVmJio8PDwwi6lSKlRo4aKFy+uF198sbBLAQAAAAAAAAAAAIo8AmDdCX+LFy+uLl26FHYpRdLevXu1fPlyQmAAAAAAAAAAAADgEWMKaEkJCQlq06ZNYZdRZLVp00YJCQmFXQYAAAAAAAAAAABQ5BEASzp37lxhl1DkcY8BAAAAAAAAAACAR48AGAAAAAAAAAAAAACKCALgh8jHx0dr164t7DIeSHJyssqUKaPw8HBJ0rvvvquhQ4cWclW5O3TokDp06PDIzh8bGysvLy9dv379vo4fNGiQNm3a9JCrAgAAAAAAAAAAAHJGAHwPfv75Zz3//POqWbOm3N3d1bRpU7377ru6evVqYZd2zz799FOVKVPG6uXm5iY7OzvNmDFDLi4uhV0iAAAAAAAAAAAAgHtEAFxAe/bsUadOnVS1alVt27ZNYWFhWr58uSQpKCiokKu7Pw0aNNDly5eN14ULF2RjY6MhQ4aodOnShV0eAAAAAAAAAAAAgHtEAFwAFotF48aN0/PPP6/p06erXr16KlGihOrUqaN33nlHzz33nNH20qVL6tmzpzw8PNS8eXP98MMPxr60tDRNmzZNTz75pKpXr67u3bvrzJkzBd7/3XffqVWrVqpWrZpq1KhhNfVxfHy8JkyYoEaNGqlGjRrq27ev/vzzzzyvy2QyydHR0Xg5ODhkmwL6bvfTT146dOigw4cPG5+jo6Pl5eWlW7duSZJmzpyp8ePHa8KECRo0aJD69u2r9evX53q+uLg4vf3222rXrp38/f01depU3bhxw9i/evVqPffcc/Lx8VHHjh01e/ZspaenG/tjY2M1ZswY+fr6qkePHjp06FCufd2+fVtDhw7V+++/b2wLDAyUn5+fYmNjs7VPS0vThx9+KD8/P/n6+qpLly7asWOHJGn+/Pnq16+fkpOTJUnh4eHy8fHRjz/+mN8tBAAAAAAAAAAAAAwEwAUQGhqqixcvqn///jnuN5lMxvvFixfr7bffVnh4uLp162a1fu7MmTO1ceNGbdiwQSEhIfLy8lLPnj118+bNAu0fNmyYXnvtNZ0/f16//fabpkyZYpx7+PDhOnfunPbs2aOQkBDVr19fAwYMUEZGxkO9F4+rn6yCg4M1YMAALV26VHPmzNFXX32VazA6YcIEpaSkaMOGDVqzZo1iY2Ot7pOLi4tmz56t4OBgzZ8/X/v379e6deusjndyctKOHTu0aNEibdmyJde6bGxsNG3aNB04cEBbt25VeHi4Pv74Y33wwQdydXXN1j4wMFCnT5/Wxo0btX//fi1ZskR169aVJL322mtydnbWRx99pOTkZL355pt64YUX1KxZs/u9bQAAAAAAAAAAAPgfRABcAJlr/Lq7u+fb9uWXX1bjxo3l6OioIUOGKCIiQleuXJEkrVq1SuPHj1etWrXk4OCgiRMnSpJ27dpVoP329vb6/fffFRkZKVtbWzVv3lySFBkZqa1bt2rWrFkqX7687O3tNWnSJIWHh+vs2bO51nr27FnVrFnTeH3wwQd5Xtv99vOgGjdurIYNG0qSKlSooI4dOyowMDBbu4iICP3yyy8aP368SpYsKWdnZ40dO1bff/+9MSLXz89PlSpVkslkUrVq1dS7d28dOXLEOP748eMaO3asHB0dVbZsWQ0ZMiTP2lxdXfXhhx9qxowZGjdunAYMGKCmTZvm2Nbe3l7x8fEKDQ1VWlqaXF1dVb16dUl3wuQPPvhAhw4d0iuvvCJXV1erHw8AAAAAAAAAAAAABWFb2AX8Hbi4uEiSLl++rEqVKuXZtmLFisb7EiVKSLozbXK5cuV06dIlVatWzdhvY2OjypUrKzIyUhaLJc/90p2AeNasWWrZsqXKlCmjl156SaNGjdLFixdlMpnUs2dPq1qKFSumqKgoNWjQIMdaa9eubTWdspOTU57Xdr/9PKi7R9O6urrq1KlT2dpFR0fLxsZGbm5uxrbM5xUVFSVXV1cdPHhQy5cvN+5pUlKSKleubBxfrFgx43lLMvblxcvLS5UqVdLFixf1wgsv5NquQ4cOiouL06effqqLFy/q6aef1qhRo4xn7urqKj8/P61evVoLFiyQ2czvMwAAAAAAAAAAAHBvCIALoG7duqpSpYpWr16tp59+Ott+i8ViNQ10Tkwmkzw8PHTx4kVjWt+MjAz9+eefqlixYr77JalBgwZavHixLBaLDh8+rD59+qjh/2fvTsOqKvf/j3/YzIiCioooTqHhbEKmZs6aljmlov2snHIoh0o9Wg5pOVaaTWaJx1BzSEvMEUds+FcOiUaKpqiIAorKPMP+P+CwkgAFh1B6v67rXGevte71vb97sevJp/teDRqodu3akqRt27blu/VwQaysrHIF1pKMd9DmJydMLeo8N+Pg4KC0tDTjOCYmJs+Yv79j+MKFC6pUqVKecZUqVVJmZqaioqKM6zlBr6urq65fv67x48drwYIFatmypUwmk1avXm2ssK5UqZKSk5OVmJhohPc5q79vZtmyZUpLS1PDhg01f/58vf322/mOs7S01AsvvKAXXnhBcXFxWrRokWbOnKnly5dLkg4fPqzvvvtO3bt317x587Ry5UrZ29vfcn4AAAAAAAAAAAAgB0sMC8HCwkILFizQV199pWnTpunkyZNKSkrSqVOnNHPmzFyraG9mwIABWrhwoc6ePavU1FTNnz9fZrNZnTt3vuX1tLQ0ff3114qNjZWFhYUqVqwoS0tLWVlZyd3dXU899ZTGjh2r8PBwSdlB6saNG5WRkXHXnsO9mKdu3br6/vvvJUkZGRlauXJlnjEnTpzQli1blJWVpaCgIG3btk3dunXLM65q1ap65JFH9MEHHyghIUGxsbFatGiRWrZsKRcXFyUlJSkrK0t16tSRyWRSTEyM/P39c93fuHFj+fn5SZIyMzPz9BMSEqKPPvrIOD506JBWrFihefPmafbs2Tpw4IA2bdqU73c9dOiQTp06pczMTDk4OMjR0VGWlpaSsoPmKVOmaMKECZo6daoqVaqkuXPnFvFpAgAAAAAAAAAA4N+OALiQOnbsqK1bt+r06dPq2rWrHnroIQ0cOFCS1L59+0LVmDBhgp5++mn16NFDDz/8sH7++Wd9++23KlOmzC2vm81mff311/Ly8lL16tXVu3dvjRs3Tq1bt5YkffbZZ/Lw8NAzzzwjd3d3tW7dWjt37rzlyuSiutvzjB49WmFhYfLx8dHo0aPz3Ua6U6dO+vXXX9W+fXtNnTpVY8eONd5//Hdz586VyWRSr1691LdvXzk7OxsrcqtUqaIxY8ZoxIgRGjJkiGbMmKE2bdrkuT8kJEQDBw7U6NGj1axZs1zXQ0NDtWrVKkl/hbYTJ06Uh4eHypUrp1mzZun999/X6dOn8/QWHR2tN998U+3atVOXLl0UGhqqqVOnKisrS1OnTlXz5s3VvXt3mUwmvfPOOzpw4ECugBoAAAAAAAAAAAC4FQuz2Wwu7iaK26RJk/TGG28Udxsl2ty5czV//vwi3/f+++8rOTlZ06ZNuwddAQAAAAAAAAAAAPefuLg4SVJQUFCh72nSpIkkVgADAAAAAAAAAAAAQIlBAAwAAAAAAAAAAAAAJYRVcTdwP6hZs2Zxt1Di3e4znjBhwl3uBAAAAAAAAAAAACi5WAEsqVSpUtqzZ09xt1Fi7dmzR6VKlSruNgAAAAAAAAAAAIASz8JsNpuLu4n7wcqVK5WUlKTQ0NDibqVEqVWrlhwcHPT8888XdysAAAAAAAAAAADAAyEuLk6SFBQUVOh7mjRpIoktoA0ElAAAAAAAAAAAAAAedGwBDQAAAAAAAAAAAAAlBAEwAAAAAAAAAAAAAJQQBMAAAAAAAAAAAAAAUEIQAAMAAAAAAAAAAABACUEADAAAAAAAAAAAAAAlBAEwAAAAAAAAAAAAAJQQBMAAAAAAAAAAAAAAUEIQAAMAAAAAAAAAAABACUEADAAAAAAAAAAAAAAlBAEwAAAAAAAAAAAAAJQQBMAAAAAAAAAAAAAAUEIQAAMAAAAAAAAAAABACUEADAAAAAAAAAAAAAAlBAEwAAAAAAAAAAAAAJQQBMAAAAAAAAAAAAAAUEIQAAMAAAAAAAAAAABACUEADAAAAAAAAAAAAAAlBAEwAAAAAAAAAAAAAJQQBMAAAAAAAAAAAAAAUEIQAAMAAAAAAAAAAABACUEADAAAAAAAAAAAAAAlBAEwAAAAAAAAAAAAAJQQBMAAAAAAAAAAAAAAUEIQAAMAAAAAAAAAAABACUEADAAAAAAAAAAAAAAlBAEwAAAAAAAAAAAAAJQQBMAAAAAAAAAAAAAAUEIQAN+HmjVrJm9vb3l7e+vcuXPF3U6R/fDDD0b/3bp1uydzjBo1yphjw4YNxV7rQf+b3czdfNYAAAAAAAAAAAC4t6yKu4H7RUBAgKZMmXLTMQ0aNNCXX375D3UE3BvPPvuszp8/f9MxH330kVq2bPkPdQQAAAAAAAAAAIC7hQAYD6ROnTrp4YcfliTj/4uz1sCBA5WVlSVJcnJyuqN+7jd381kDAAAAAAAAAADg3iIALsDAgQNlaWmZ65yrq2sxdYO/6927931Va+zYsXehk39egwYN5OXlled8lSpVjM9381kDAAAAAAAAAADg3iIALsCoUaNka2t70zHHjx/XV199pSNHjujatWuys7NTvXr11L9/f7Vu3TrP+GvXrmn16tX68ccfdfHiRWVmZsrFxUWNGjXS2LFjVbFixTz3ZGZmys/PTxs3blRkZKQqV66swYMHq3v37saYhIQEffDBBzp58qSioqKUkJAgSXJxcVGTJk304osvysPDI1fdI0eOyM/PT8ePH1dsbKzs7OxUtmxZeXh4qF27dnr66adv+YzMZrO++uorbdiwQVFRUXJzc5OPj88tg/Ldu3fL399fJ06cUGJiopycnOTt7a3Bgwfn6bMgo0aN0sGDByVJkydPVp8+fSRJvr6+WrJkiaTslat9+vTR0qVLFRwcLEtLSz322GP6z3/+IxcXl1vWkqSMjAx9++232rlzp86cOaPk5GQ5OzurTp06Gjx4sB555BFJ2e8AzlkBvGHDBtWoUcOoERERoZUrV+rnn39WVFSUTCaT3Nzc1Lp1aw0cOFDOzs43/a7R0dHq1q2bMjIyZGVlpR07duS655tvvtHcuXMlSS1atNDHH39cqGcoSV5eXhozZsxNxxT0fP5+3tLSUuvWrdP58+dVpkwZdYFsY+UAACAASURBVO3aVaNHj5aVFf+aAQAAAAAAAAAA+KeQzNwmf39/zZkzxwj9pOwg9sCBAzpw4ICGDRumkSNHGtdOnTqlV155RdevX89V59KlS7p06ZJ8fHzyDYBnzZql33//3Ti+cOGC3n77bbm5ucnb21uSlJiYqE2bNuW5NyIiQhEREdqzZ4+WLVumunXrSpJCQkI0cuRIZWZmGmMTExOVmJio8PBwZWRkFCoAXrBggdauXWscnz9/Xu+++64xz9+ZzWa9/fbb2rx5c67zV69eVUBAgPbt26d3331XrVq1uuXchXHkyBHt3r1bZrPZOLd3717FxMToiy++uOX9CQkJeuWVV/THH3/kOh8dHa3o6Gg1bdrUCIALcuzYMY0dO9YI5XOEhoYqNDRUW7du1dKlS1W1atUCa7i4uKh9+/bauXOnMjIytG3bNj333HPG9T179hifb/wPA/5J//3vf3X58mXj+OrVq1q1apXs7e01YsSIYukJAAAAAAAAAADg34gAuACPP/54nnOvv/66nnvuOYWFhWnu3LlG+Pv666+rXbt2Onv2rKZPn66YmBj5+vqqWbNmatq0qTIyMjRp0iQj/HV2dtagQYPk4eGh6Oho7dy5UxYWFvn2ERwcLB8fH7m7u2vFihVGyLZ27VojAHZwcNCrr76qhg0bqnz58rK3t1d8fLy+/fZbrV69WmlpafL19dWCBQskSfv27TPC36FDh6pXr15KT09XZGSkDh06pLS0tFs+n1OnTuUKfzt27Kgnn3xSJ0+e1PLly/O9Z/PmzUb46+zsrGnTpunhhx/WDz/8oPnz5ystLU3Tpk3T5s2b5ejoeMsebiU6OlodO3bUoEGDdOLECc2ePVuS9Ntvv+nUqVOqU6fOTe9fsGCBEf5aWVmpf//+8vb2VnJysg4ePHjLFeLp6emaMmWKEf56enpqyJAhSktL0+LFi3Xp0iVduXJFb731lpYtW3bTWv369dPOnTslSZs2bTIC4JiYGB0+fFiSVLp0abVp0+YWTyU3Pz8/+fn55Trn6OiowMDAItW5fPmyRo0apSeeeELffvutNmzYIElas2YNATAAAAAAAAAAAMA/iAD4NmzZssUIUNu3b2+EcZUrV1b//v2NLYg3bdqkpk2b6rffftOFCxeM+z/66CPVq1fPOO7WrVuBcz3//PPG+2UdHR01Y8YMSdmrbXOULl1aLVu21MaNG3XixAnFxMQoIyND6enpxphjx44Zn+3t7Y3P0dHRioqKkru7ux599FE9+uijhXoGN646rV69uubOnSsLCwu1a9dOMTExRgB4oxtXKb/00ktGWNm3b1/t3btXBw8eVHx8vPbu3XtXVrI6Oztr5syZsrW1laenp9asWaPQ0FBJUlhY2E0D4JSUFO3YscM4Hj16tAYOHGgcd+rU6ZbzHz58WBEREZIkS0tLLVy40Fjl7erqqmHDhkmSjh49qgsXLsjd3b3AWk2aNFHt2rX1559/6syZMwoODlaDBg0UGBho/BaffPJJ2djY3LKve6FVq1YaOnSoJGnkyJHG3z8hIUHXr19X2bJli6UvAAAAAAAAAACAfxsC4AIMGDBAlpaWuc7lbG2cEyJK2VsK56zE/bszZ87kGe/q6por/L2VG98lXKFCBeNzXFyc8fnnn3/Wa6+9poyMjALrxMfHG5/bt28vX19fpaSkaNOmTUYw6+zsrMcee0xDhgzRQw89dNO+bgy0GzVqlGsFc+PGjfMNgG98Du+9957ee++9fGvfOO5O1K1bN9cq3TJlyhifY2Njb3pveHh4rgC9ffv2RZ7/3Llzxmc3N7dcW3w3bNhQlpaWRnh79uzZmwbAUvYq4JxVzP7+/mrQoEGuIP6ZZ54pco/169fPs431rVY256dJkybG59KlS+e6FhsbSwAMAAAAAAAAAADwDyEALsDo0aMLFYTZ2NgUuOrSZDLlOVfQVs8FcXZ2Nj7fGEjf+F7bxYsXG+Fv165d9dprr6lcuXIKDg7WoEGDJCnXu4qrVaum5cuXa+3atfrtt9908eJFZWVlKSYmRgEBATp06JA2bNiQJ8i70Y3z3w57e/s8AXuOG3u9E3/fRvrGv8et+v/79aL+3QozR1F17dpVH374oRISErRz50699NJLOnjwoCSpVq1aql+/fpFrent7a8yYMXfc243PuqC/KwAAAAAAAAAAAO49AuDbULNmTeMdqW3atNHcuXPzHZcTytaqVcs4FxERoRMnThiriXOYzebbChml3Ktxe/XqpXLlyknKfn9wQWrXrq1p06YZfZ45c0ZvvfWWTp8+ratXryo4OFgtWrQo8P4bV6seO3YsV/9Hjx7N956aNWsaW1GPGzdOffr0yTMmKyvrrgent8Pd3V3W1tbGKuC9e/fq//7v/3KNudXfrGbNmsbnnPf95qziDg4ONlb/SlKNGjVu2ZOdnZ26d++u1atXKykpSW+99ZbxG7ud1b8AAAAAAAAAAAAoeQiAb8PTTz8tPz8/ZWVladeuXapevbq6dOkiR0dHXb58WceOHdOuXbvUq1cvdevWTU2bNlXVqlUVHh4uKTv8HDRokGrVqqWrV69q9+7dGjp0qBo0aHBb/bi6uur06dOSsrcGdnV11cmTJ/X555/nO37Lli369ddf1bZtW1WtWlXly5dXZmamUlNTjTE3hpP56dChg/773/9Kyn4f8RtvvKEnn3xSJ0+e1MaNG/O9p3v37kYA/Mknn8jOzk5NmzaVpaWlwsPDdfDgQW3fvl2fffaZ3Nzcivwc7iY7Ozs9+eST2rJliyTp448/1tWrV+Xl5aXk5GQdPnxY7u7uxvuf8+Pl5SVXV1dFRkYqMzNT48eP16BBg5Senq7PPvvMGNe4cWNVq1atUH317dtXq1evliQdOnRIUvaK265du97uVwUAAAAAAAAAAEAJQgB8G2rUqKFJkyZp/vz5ysrKkq+vr3x9ffOM69mzpyTJyspK8+bN0+jRoxUTE6Nr165p4cKFucYOGTLktvvp27evsQp527Zt2rZtmyTJ09NTISEhecYnJiZq+/bt2r59e771qlSpUuB7jXM8/PDD6tu3r9avXy9J2r17t3bv3i0pe+Xr2bNn89zTo0cP/fbbb9q2bZsSEhI0Y8aMwn/JYjB+/HidPn1aISEhysjI0IoVK7RixQrj+ujRo296v7W1tebMmaMxY8YoMTFRx48f13/+859cYypUqKCZM2cWuid3d3c1b95cv/zyi3GuRYsWcnFxKXQNAAAAAAAAAAAAlFwEwLfp2WefVd26dbVmzRodOXJE0dHRsrGxUbly5VSrVi21bNlSTzzxhDHe09NT69at0+rVq/XTTz8pPDxcmZmZcnFxUaNGjVSpUqU76sVsNmvt2rW6ePGiXFxc1K1bN7Vq1UovvvhinvGPPPKIevfurT/++ENRUVFKSEiQyWRS5cqV1bx5cw0ePFh2dna3nHfixImqXLmyvvnmG0VFRalSpUrq1auXatasqfHjx+cZb2Fhobfffltt2rTRpk2bdOLECcXFxalUqVJycXFRvXr19Pjjj6tixYq3/SzuptKlS2v58uX65ptvtGvXLp05c0YpKSlycnJSnTp11KhRo1vWaNSokdauXasVK1bo559/VlRUlCwsLFSlShW1bt1azz//fK73PBeGj49PrgC4e/fuRf5uAAAAAAAAAAAAKJkszPfDC1cBFFpGRoZat26ttLQ0OTk5aceOHbK2ti7utgAAAAAAAAAAAHCXxMXFSZKCgoIKfU+TJk0ksQIYeGCkpqYqJSVF/v7+SktLkyQ988wzhL8AAAAAAAAAAAAwEAADD4hJkybpxx9/NI6dnJz0/PPPF2NHAAAAAAAAAAAAuN8QAAMPGHt7ezVo0ECvvvqqypcvX9ztAAAAAAAAAAAA4D7CO4ABAAAAAAAAAAAA4D5yJ+8ANt2TjgAAAAAAAAAAAAAA/zgCYAAAAAAAAAAAAAAoIQiAAQAAAAAAAAAAAKCEIAAGAAAAAAAAAAAAgBKCABgAAAAAAAAAAAAASggCYAAAAAAAAAAAAAAoIQiAAQAAAAAAAAAAAKCEIAAGAAAAAAAAAAAAgBKCABgAAAAAAAAAAAAASgir4m7gfhAeHq6ffvpJsbGxxd0KICcnJz3++OOqWrVqcbcCAAAAAAAAAACABwwBsKSzZ8/K27up7OzsZGFhUdzt4F/MbDYrIyNDZ8+eJQAGAAAAAAAAAABAkREAS0pKSpKzs7NsbGxkMrErNopPVlaW0tLSlJSUVNytAAAAAAAAAAAA4AFEAPw/NjY2srW1JQBGscrKyiruFgAAAAAAAAAAAPAAIwD+H5PJJJPJxBbQKFY5v0MAAAAAAAAAAADgdpA0AQAAAAAAAAAAAEAJQQAMAAAAAAAAAAAAACUEATBwF+zfv1/79+8v8jUAAAAAAAAAAADgbuIdwMAdCgo6qhUrVv7vKO87pHOuOTk5q0mTxv9gZwAAAAAAAAAAAPi3IQAG7kBQ0FF5ez9qHPv5rShwrJ/fCh06dPC+DIEDAwO1aNEi+fv737M5AgICtGzZMn399de3df+gQYPUs2dP9ezZ866OT01N1eOPP66NGzfK3d39tnoDAAAAAAAAAAC4XxAAF0Fo6Fn5+fkpLOyCypYtq549e6h16yfyjIuLi9PkyW8qIyNDX3yxJN9a48dP1KhRI+Xh8ZBSU1P1+edLdf78eV2+fFnPPttbPXv2yHPP3r37FBCwU1FRUSpTpoy6d39GHTt2uGntP/88rc2bt+jMmTNKTU1V1apV1KtXTzVu/FcIGRsbq+XL/fT777/L1tZWrVo9rv79fWQyZe8Qvm7d1woKClJU1GU5OjqqadNH5OPTT/b29pKkH3/8Sfv27dOFC+GytLRU7dq11b9/P7m5ud3Wc36QxMbG3NPxf/f7779r8ODBec4vX75cDRs2vKPa97uBAweqVq1ad328lZWVJk6cqLJly95JewAAAAAAAAAAAPcFAuBCSkxM1PvvL1D79u00efIkHT9+XJ98slgVKriobt26ucZ++eUKVatWTaGhofnWCgu7oLS0ND300F/hVJ06tdWpU0etXLky33u2bt2m7dt3aPDgF+Xh4aHExEQlJSXfsvaVK1fUoEF9+fj0ValSpbRvX6A++OBDzZkzywhoFy9eIktLSy1c+L7i4xO0YMFC2dnZqXfvXpKyA+2BA/9PVapU0dWr1/T5519oxYqVGjFiuCTp8uXL6ty5sx56qJYyMzO1Zs06vffeAi1c+L4sLPJuiVzSODk5FWpVb1DQ0bs2Z0BAgBwdHY1jGxubu1b7ftWxY8d7Mt7S0lI+Pj630xIAAAAAAAAAAMB9hwC4kA4ePCQLCwv17t1LJpNJXl5e8vJqqr179+UKgH/55VclJiaqbds2BQbAhw8flpdXUyMctbW1VZcuT0rKXo34d6mpqdq40V/Dhw+Tl5eXpOzQsTC1W7Zsket6r149tWNHgEJDz8rNzU2RkZE6fvy4Zs+eJScnJzk5Oenpp5+Sv/8mIwB+6aVhxv3Ozs5q376ddu3abZzLGXfjHFOnTtO1a9dUvnz5fPssSZo0aaw9e3bfclyHDkULMG/GxsZGtra2uc6ZzWZt2LBB69at05UrV+Tu7q7XXnvN+M1kZWVpw4YNWr9+vSIjI+Xk5KShQ4eqV6+//n7r16/XsmXLlJKSoo4dO2ry5MnGb3LGjBk6cOCA4uPjVbFiRQ0ePFjdunUrsMdjx45p/vz5unDhgmrXrq2WLVvmup6UlKTFixcrMDBQSUlJatSokSZNmqTKlSvnW+/GLZ3j4+PVrl07TZw4Udu3bzd6mjlzpipWrJhnvCQdOHBAS5YsUWhoqKysrNSuXTtNmTIlzxbQGRkZ8vX11datW5WQkCBPT0+NHz9eHh4eRfwrAQAAAAAAAAAA/PNMxd3AgyIsLEzVq1c3tkWWpJo1ayos7IJxHBcXp7Vr12no0Lxb9N4oJ6QtrNDQUKWmpioiIlLjxr2ml18erUWLPlJ0dHSRa1+4EK6kpCRVq1btf8cXZGVlpWrV/nr3ac2aNRUbG6vY2Nh8a5w69aeqV69e4BwnT55UmTJlVK5cucJ+RdwF69at01dffaU5c+Zo3759GjZsmF5//XVFRkZKktasWSM/Pz9Nnz5d+/fv14oVK/Twww8b90dGRiosLEwbNmzQqlWr9P/+3//Ttm3bjOuNGjXS6tWrtX//fo0fP15z5sxRSEhIvr3ExsZq7Nix6t69u/bt26eJEydq/fr1ucZMnz5d4eHh8vPzU0BAgDw8PDRhwgRlZWUV+jsfO3ZMvr6++uabb1SpUiV9+umn+Y47fvy4xo0bp379+mnXrl3asmWLnnzyyXzH+vr6KiAgQJ988okCAgLUsGFDvfLKK0pISCh0XwAAAAAAAAAAAMWFALiQkpOT5eBgn+ucg4ODkpP/2ob5yy9XqHPnTsYKxPxER0frypVo1atXr9Bzx8fHS5L++OO4Zs58S/Pnz5XZbNaHH35UpNrx8fH69NNP9dRTXY3ANzk5RQ4ODrnGlSrl8L9rebeY3r17j0JCQjRgQP5b5p45E6oNG77R0KGD/xXbPxeXHj16qEOHDurQoYNGjBghSVq7dq2GDx+uOnXqyGQyqW3btmrUqJECAwMlZQfEL730kho2bCiTyaRy5crl+q1YW1tr3LhxcnR0VNWqVdWmTRv98ccfxvXevXvL2dlZJpNJLVu2VPPmzXXo0KF8+9u3b59cXFzk4+MjS0tLeXp6qnv37sb1qKgoBQYGavLkySpfvrysra01atQohYWF6cyZM4V+Di+88IKxQvnv/d5o/fr16tixo7p06SJra2vZ2dnJ29s737GbN2/W0KFDVb16ddnY2BjP98cffyx0XwAAAAAAAAAAAMWFLaALyd7eXrGxcbnOJSUlyd4+OxT+9dcDunbtqrp2feWmdQ4f/k2NGzeSpaVlkeaWpF69esjZ2VmS1KfPs3rzzSmKjo6Wi4vLLWvHxMRo/vx3Vb9+ffXv73NDbTslJSXlGpuYmJRr3hw7dgRo69ZtevPNN1ShQoU8c5w8eUoffviRhgwZrKZNC7/CGUXn6+urUqVKScoObs1msy5duqTFixdr2bJlxrikpCTVr19fZrNZkZGRN125Xb58+VxbkDs4OCgqKso4XrVqlbZv367r16/LZDIpJiZGtWrVyq+ULl++rKpVq+Y65+7+1yrzS5cuSZJeeSX3Py92dnaKjo5W7dq1b/UIJMn450HK3ko9MTEx33EREREFBr43MpvNeXq3tLRU5cqVcz0LAAAAAAAAAACA+xUBcCFVq1ZNBw4clNlsNla2njt3zlhJ+/vvvys8/KJefnm0JCkjI0MpKSkaNeoVvfzySDVs2FCSdOjQYXXs2L5Ic/8VnOVdUXvjltQF1b58+bLmz39Pjz3WTP369c1TOyMjQ+HhF1W1ahVJ0vnz5433AefYuNFfgYH7NWXKG3J1dc0zx7Fjx7R48RINHz6M8PcfUKFCBZUuXTrXOVdXV40dO1YdO+b/rmFXV1eFhYXpkUceKfJ8gYGBWrVqlZYsWaIaNWpIksaPHy+z2Zzv+IoVK+qHH37Ide7q1avG55z3/Pr6+qps2bJF7qeoKleurLCwsFuOs7CwUMWKFXXp0iU1adJEUva7kyMiIlSpUqV73SYAAAAAAAAAAMAdYwvoQnr0UW9lZmbK33+T0tLSdPToUR0+/Jvat28nSRowoL/efXeeZs9+R7NnvyMfn36yt7fX7NnvyNPTU1L2Fsxnz55V48aN89RPT09Xenq6zGazsrKylJ6erszMTEnZqxy9vb21adN3iouLU1JSkr79dqMeeqiW8Z7dgmpfunRJs2bNUfPmj6lXr57GPDnvWXV1dVW9evW0du06JSQkKCIiQlu3bjO+lyStWbNW+/d/r0mTJqp8+fJGjRwHDx7Uxx9/quHDh6lhw4a5vgv+Of3799fixYsVEhIis9mslJQUHTp0SBcvXpQk9evXT0uXLlVwcLDMZrOuX7+uEydOFKp2XFycypQpY6yMDQkJ0a+//lrg+LZt2+rChQvGmJiYGPn7+xvXXV1d1bZtW73zzjvGO4rj4uK0a9cuZWRk3Nb3v5k+ffpo165dCggIUHp6ulJSUnT48OF8xz7zzDP673//q/DwcKWlpemLL76Q2WxWq1at7npfAAAAAAAAAAAAdxsrgAupVKlSmjBhvFasWKHvvtssZ2dnDRr0ourWrWtcz9mSN+dYkhHQStKRI0Hy9PSUnZ1dnvrjx0/U9evXJUnnzp3Xxo3+6tixg1588QVJ0ksvDdWKFSs1YcJ/ZGlpqbp162rs2DG3rL1///e6fv26vvtus777brNxvl+/vnrmmW6SpJdfHqnly/00btxrsra2VuvWT6hnzx6SpJSUFG3btl2SNGnSG8b9VlZWWr48e6vhzZu3KCUlRR988GGuuadPn6batT1u/XBxVwwYMEC2traaMWOGIiIiZGtrq3r16mn8+PGSpOeee04mk0kzZsxQZGSknJ2dNWzYMOM3fDNdunTRgQMH1L9/fzk7O6tGjRpq0aJFgeOdnZ21aNEiLViwQJ9//rlKly6tLl26aO/evcaYmTNnaunSpRoxYoSuXbsmJycneXl5qX37oq2QL4z69etr4cKFWrJkiebMmSNra2t16NBBXl5eecYOHTpUmZmZGjlypBISEuTp6alPP/1Ujo6Od70vAAAAAAAAAACAu83CzDJNBQQEqFWrlrK1tTW2d74XPvjgQz3ySBO1bdvmgaqNgu3fv1/PPts331Xdf3f06FHt3r1LTZoUPNZsNis1NVU//vj/9OSTT97NVgEAAAAAAAAAAPCAiIuLkyQFBQUV+p6c11uyAvgfVLu2h7y87s37ce9lbRSsTZs2WrZsqY4ePXbLsWPHjr5p+AsAAAAAAAAAAADcKQLgf1C3bk8/kLVxcz169FCPHj2Kuw0AAAAAAAAAAABApuJuAAAAAAAAAAAAAABwdxAAAwAAAAAAAAAAAEAJQQAMAAAAAAAAAAAAACUEATAAAAAAAAAAAAAAlBAEwAAAAAAAAAAAAABQQlgVdwP3AwcHB6Wmpsna2lomE5k4ik9WVpYsLCzk4OBQ3K0AAAAAAAAAAADgAUQALKl27dr644/jSkpKKu5WADk4OKhChQrF3QYAAAAAAAAAAAAeQATAklxdXeXq6lrcbQAAAAAAAAAAAADAHWG/YwAAAAAAAAAAAAAoIQiAAQAAAAAAAAAAAKCEIAAGAAAAAAAAAAAAgBKCABgAAAAAAAAAAAAASggCYAAAAAAAAAAAAAAoIayKu4H7QZakrCzJXNyNAJIsJJlM/NcZAAAAAAAAAAAAKLp/fQCcJenUhcva/+tviouPL+52AJUpXVpPNGsiz2quhMAAAAAAAAAAAAAoEgLgLCnkbLg6eHvK0c5GFhYWxd0S/sXMZrPSM7P025lLqlPVVSYSYAAAAAAAAAAAABTBvz4ANktKTE5WuTKOsra2lonEDcUoKytL6enpSkhOZktyAAAAAAAAAAAAFNm/PgDOYW1tLRsbGwJgFKusrKzibgEAAAAAAAAAAAAPMALg/zGZTMb/gOLEbxAAAAAAAAAAAAC3i6QJAAAAAAAAAAAAAEoIAmAAAAAAAAAAAAAAKCEIgIG7YP/+/dq/f3+RrwEAAAAAAAAAAAB3E+8ABu5QUNBRrVix8n9HFnmu51xzcnJWkyaN/8HOAAAAAAAAAAAA8G9DAAzcgaCgo/L2ftQ49vNbUeBYP78VOnTo4H0ZAgcGBmrRokXy9/e/Z3MEBARo2bJl+vrrr+967Y8//lhRUVGaNWvWXa8NAAAAAAAAAADwICEALoLQ0LPy8/NTWNgFlS1bVj179lDr1k/kGRcXF6fJk99URkaGvvhiSb61xo+fqFGjRsrD4yGlpqbq88+X6vz587p8+bKefba3evbskWv8n3+e1rp163Tu3HnZ2Niofv16Gjjw/+Tk5HTT2n/+eVqbN2/RmTNnlJqaqqpVq6hXr55q3PivEDI2NlbLl/vp999/l62trVq1elz9+/vIZMreIXzduq8VFBSkqKjLcnR0VNOmj8jHp5/s7e0lST/++JP27dunCxfCZWlpqdq1a6t//35yc3O77Wf9oIiNjbmn4//u999/1+DBg/OcX758uRo2bHhHtR9kbdq0UVJSUnG3AQAAAAAAAAAAUOwIgAspMTFR77+/QO3bt9PkyZN0/PhxffLJYlWo4KK6devmGvvllytUrVo1hYaG5lsrLOyC0tLS9NBDtYxzderUVqdOHbVy5co84zMzM7VgwUI9/nhLTZw4QUlJSVq8+DN9+eUKjRs35qa1r1y5ogYN6svHp69KlSqlffsC9cEHH2rOnFlGQLt48RJZWlpq4cL3FR+foAULFsrOzk69e/eSlB1oDxz4f6pSpYquXr2mzz//QitWrNSIEcMlSZcvX1bnzp310EO1lJmZqTVr1um99xZo4cL3ZWGRd0vkksbJyalQq3qDgo7etTkDAgLk6OhoHNvY2Ny12g+iRo0a3fa9mZmZsrCwMP6DhxwZGRmysuJfkQAAAAAAAAAA4MFCulFIBw8ekoWFhXr37iWTySQvLy95eTXV3r37cgXAv/zyqxITE9W2bZsCA+DDhw/Ly6upEY7a2tqqS5cnJSnfwCkhIUGJiYlq166dbG1tZWtrq+bNm2vbtu23rN2yZYtc13v16qkdOwIUGnpWbm5uioyM1PHjxzV79iw5OTnJyclJTz/9lPz9NxkB8EsvDTPud3Z2Vvv27bRr127jXM64G+eYOnWarl27pvLlyxf8UEuIJk0aa8+e3bcc16FDx7s2p42NjWxtbXOdM5vN2rBhg9atW6crV67I3d1dr732mry8vCRJWVlZ2rBhg9avX6/IyEg5OTlp6NCh6tXrr7/fnwEzSAAAIABJREFU+vXrtWzZMqWkpKhjx46aPHmy8ZucMWOGDhw4oPj4eFWsWFGDBw9Wt27dCuzx2LFjmj9/vi5cuKDatWurZcuWua5n/4cMixUYGKikpCQ1atRIkyZNUuXKlfOtl5CQoCVLlmj//v2KiYlR5cqVNX36dDVo0CDPFtA3qx0fH6927drptdde0/bt2xUTE6Mvv/xSY8aMUYsWLRQcHKxr165p5MiRatmyZZF6BAAAAAAAAAAAKG4EwIUUFham6tWr51olWLNmTX3//Q/GcVxcnNauXac335ysM2fyD3+l7JDWx6dfoed2cnJS69ZPaN++ferXr6+Sk5P1yy+/6LHHmhW59oUL4UpKSlK1atX+d3xBVlZWqlbNPdf3io2NVWxsbL5bTJ869aeqV69e4BwnT55UmTJlVK5cuUJ/R9y5devWae3atXr33Xfl4eGh77//Xq+//rrWrVsnV1dXrVmzRqtXr9a8efNUv359xcTEKDIy0rg/MjJSYWFh2rBhg2JiYjR8+HBt27ZN3bt3l5S9yvbVV19VmTJl9Msvv2jChAny8PCQp6dnnl5iY2M1duxYjRo1Sn369NGff/5p3Jtj+vTpysjIkJ+fn8qUKaPPP/9cEyZM0MqVK/Osxs0Zn5SUpC+++EKurq46f/58gSt0b1Y7x5EjR7R8+XJZW1sb5/bu3StfX1+5uLhIkiZMmFCkHgEAAAAAAAAAAIobCUYhJScny8HBPtc5BwcHJScnG8dffrlCnTt3UsWKFQusEx0drStXolWvXr0izd+iRXMdORKkYcOGa8yYcbKwMKl792eKVDs+Pl6ffvqpnnqqqxH4JienyMHBIde4UqUc/nctOU+N3bv3KCQkRAMG+OQ7x5kzodqw4RsNHTr4X7H9c3Hp0aOHOnTooA4dOmjEiBGSpLVr12r48OGqU6eOTCaT2rZtq0aNGikwMFBSdkD80ksvqWHDhjKZTCpXrlyu34q1tbXGjRsnR0dHVa1aVW3atNEff/xhXO/du7ecnZ1lMpnUsmVLNW/eXIcOHcq3v3379snFxUU+Pj6ytLSUp6enESRLUlRUlAIDAzV58mSVL19e1tbWGjVqlMLCwnTmzJk89SIjI/X9999r6tSpqly5siwsLFSjRg1VrVo1z9jC1n7xxRdzhb+S1LNnTyP8LWqPAAAAAAAAAAAA9wNWABeSvb29YmPjcp1LSkqSvX12KPzrrwd07dpVde36yk3rHD78mxo3biRLS8tCz33p0iW9994CDRjQX+3bt1Nqaqq++mq15s2brxkz3ipU7ZiYGM2f/67q16+v/v3/Cm/t7e2UlJSUa2xiYpLxnW+0Y0eAtm7dpjfffEMVKlTIM8fJk6f04YcfaciQwWratGmhvx+KztfXV6VKlZKUHdyazWZdunRJixcv1rJly4xxSUlJql+/vsxmsyIjI2+6crt8+fK5VtQ6ODgoKirKOF61apW2b9+u69evy2QyKSYmRrVq1cqvlC5fvpwnnHV3/2uV+aVLlyRJr7yS+58XOzs7RUdHq3bt2rnOX7p0SSaTSVWqVCmw/8LWdnV1laR8f8M3nitqjwAAAAAAAAAAAPcDAuBCqlatmg4cOCiz2WysbD137pyxkvb3339XePhFvfzyaElSRkaGUlJSNGrUK3r55ZFq2LChJOnQocPq2LF9keYODw+XyWQy3hNsY2OjTp06acaMmYqPj1fp0qVvWvvy5cuaP/89PfZYM/Xr1zfXNXd3d2VkZCg8/KKqVs0O186fP2+8DzjHxo3+CgzcrylT3jACtBsdO3ZMixcv0fDhwwh//wEVKlQw/u45XF1dNXbsWHXsmP+7hl1dXRUWFqZHHnmkyPMFBgZq1apVWrJkiWrUqCFJGj9+vMxmc77jK1asqB9++CHXuatXrxqfc96h6+vrq7Jly95yfjc3N2VlZenixYv5rvq90a1qx8fHS1K+K9RvPFfUHgEAAAAAAAAAAO4HbAFdSI8+6q3MzEz5+29SWlqajh49qsOHf1P79u0kSQMG9Ne7787T7NnvaPbsd+Tj00/29vaaPfsd4x2p8fHxOnv2rBo3bpynfnp6utLT02U2m5WVlaX09HRlZmZKyn4nryTt2rVbGRkZSkxM1O7du+Xi4mKEgAXVvnTpkmbNmqPmzR9Tr149jXmysrIkZYeC9erV09q165SQkKCIiAht3brN+F6StGbNWu3f/70mTZqo8uXLGzVyHDx4UB9//KmGDx+mhg0b5vou+Of0799fixcvVkhIiMxms1JSUnTo0CFdvHhRktSvXz8tXbpUwcHBMpvNun79uk6cOFGo2nFxcSpTpowRvoaEhOjXX38tcHzbtm114cIFY0xMTIz8/f2N666urmrbtq3eeecd4z3EcXFx2rVrlzIyMvLUc3V1VatWrTRnzhxFRkbKbDbr/PnzCg8Pz3dsUWoX5G7VAQAAAAAAAAAA+CexAriQSpUqpQkTxmvFihX67rvNcnZ21qBBL6pu3brG9ZwteXOOJalcuXLGuSNHguTp6Sk7O7s89cePn6jr169Lks6dO6+NG/3VsWMHvfjiC6pQoYJefXWsNm7019dfr5elpaVq1aql119/7Za19+//XtevX9d3323Wd99tNs7369dXzzzTTZL08ssjtXy5n8aNe03W1tZq3foJ9ezZQ5KUkpKibdu2S5ImTXrDuN/KykrLl2dvNbx58xalpKTogw8+zDX39OnTVLu2R6GeL+7cgAEDZGtrqxkzZigiIkK2traqV6+exo8fL0l67rnnZDKZNGPGDEVGRsrZ2VnDhg0zfsM306VLFx04cED9+/eXs7OzatSooRYtWhQ43tnZWYsWLdKCBQv0+eefq3Tp0urSpYv27t1rjJk5c6aWLl2qESNG6Nq1a3JycpKXl5fat89/hfysWbP0ySefaOjQoYqLi5Obm5umTZuW74rgotYuyN2qAwAAAAAAAAAA8E+xMP/Ll2mmZ0lf7/pJPVs1ko2NjUyme7co+oMPPtQjjzRR27ZtHqjaKNj+/fv17LN9813V/XdHjx7V7t271KRJwWOzsrKUlpYm/x+PqV+nx2XNGn0AAAAAAAAAAIB/nbi4OElSUFBQoe9p0qSJJFYA/6Nq1/aQl9e9eT/uvayNgrVp00bLli3V0aPHbjl27NjRNw1/AQAAAAAAAAAAgDtFAPwP6tbt6QeyNm6uR48e6tGjR3G3AQAAAAAAAAAAAIgNZgEAAAAAAAAAAACghCAABgAAAAAAAAAAAIASggAYAAAAAAAAAAAAAEoIAmAAAAAAAAAAAAAAKCEIgAEAAAAAAAAAAACghLAq7gaKm4UkR3t7JadmyMrqX/84UMyysrJkYWEhR3t7WRR3MwAAAAAAAAAAAHjg/OsTT5NJqutRTT8Fn1VCcnJxtwPI0d5elSqUlYn1+QAAAAAAAAAAACgiAmBJHm4uquXqInNxNwMoe1W6ycT+7AAAAAAAAAAAACi6f30ALGUHbay2BAAAAAAAAAAAAPCgI/YEAAAAAAAAAAAAgBKCABgAAAAAAAAAAAAASggCYAAAAAAAAAAAAAAoIQiAAQAAAAAAAAAAAKCEIAAGAAAAAAAAAAAAgBKCABgAAAAAAAAAAAAASggCYAAAAAAAAAAAAAAoIQiAAQAAAAAAAAAAAKCEIAAGAAAAAAAAAAAAgBKCABgAAAAAAAAAAAAASggCYBTKwIED5e3tLW9vb23evLm427nnzp07pwkTJqhLly7G9x41alRxt/XA8PX1NZ7bG2+8Udzt3JF/228fAAAAAAAAAAA82KyKu4H7RUBAgKZMmZLrnLW1tRwdHVWpUiV5enrqmWeeUePGje94ritXrujbb7815hgyZMgd1ywJnn32WZ0/fz7PeTs7O1WtWlWtWrXSCy+8oDJlytzTPlJSUjR27FhdunTpns4DAAAAAAAAAAAA3G0EwDeRnp6u69ev6/r16woJCZG/v786d+6sqVOnysHB4bbrXrlyRUuXLpWUHW4SAN9cSkqKTp8+rdOnT2vHjh1avny5KlSocM/mO3nypBH+li5dWn5+fnJxcZGlpeU9m7OkadSokQYOHChJevjhh4u5GwAAAAAAAAAAgH8PAuACDBw4UGazWVFRUTpw4IDi4uIkSTt37lR8fLw++ugjWVhYFHOXJddjjz2m1q1bKz09XUePHtW+ffskSZGRkfrss880ffr0m95vNpuVmpoqOzu7Is99+fJl43OVKlVUrVq1Ite4HyQnJ8ve3r5Y5m7WrJmaNWtWLHMDAAAAAAAAAAD8mxEAF2DUqFGytbWVlB2kvf3229q1a5ck6eeff9auXbvUuXNnSVJISIj8/Pz0559/6tq1a0pMTJS1tbXc3NzUsmVLDRo0SM7OzpKkoUOH6ujRo8Y8KSkp8vb2No6/+uorY8VkRESEVq5cqZ9//llRUVEymUxyc3NT69atNXDgQKNmTp0vv/xS+/bt08WLF5WRkaEyZcrIzc1Nnp6eGjZsmFxcXG75vc+dO6dFixbp8OHDMplMevTRR/Xqq6/e9J7U1FR9/fXX2rVrl86dO6e0tDS5urqqTZs2Gjx4cK4+C8vT01M+Pj6SssP4MWPG6Oeff5YkHThwwBjXrFkzZWVlSZJWrVqlHTt2aOfOnbpy5Yree+89tW3bVpJ09OhRrVmzRkFBQYqJiZGdnZ1q1aqlrl27qlevXrKyyv5HoXPnzrp27ZpRPyQkxPj7vPTSSxoxYoSk7FXcK1eu1E8//aSIiAiZTCbVqFFDTz31lPr162fUk4r+tylsr1L2u3aXLFkiSerUqZP69u2rxYsXKyQkRO7u7lqzZk2BzzghIUEffPCBTp48qaioKCUkJEiSXFxc1KRJE7344ovy8PDIdc+mTZu0adMmhYaGKjk5WY6OjnJxcVGdOnXUt29fNWrUKN++5s6dm2vexYsXa/fu3UpISFCdOnU0cuRI/fLLL1q1apUkqVu3bpoxY0a+tfr06aOlS5cqODhYlpaWeuyxx/Sf//wn1zPctWuXtm7dqtDQUMXFxSkpKUkODg6qUaOGunTpoj59+uR6jtLt/faTk5O1du1a7dmzR+fPn1d6erpcXFzk7e2tF154QbVq1brp/QAAAAAAAAAAAHcbAXAh2Nvba+bMmTp69KixOnTLli1GABwaGmqEwzkyMzMVGhqq0NBQBQYGatWqVXJ0dCz0nMeOHdPYsWONUC5HTs2tW7dq6dKlqlq1qiRp+vTp2rt3b66x165d07Vr1xQcHKzu3bvfMgAODw/XkCFDjNXOkhQYGKhjx47J2to633vi4uI0atQonTx5Mk+tr776Srt375avr68qV65c6O+eHzc3N+NzcnJyvmOmTZums2fPGsc5wfC6dev0/vvvy2w2G9cSEhJ07NgxHTt2THv27NGHH35oBP63cuLECY0ePVqxsbG5zoeEhCgkJEQ//PCDPvroI+OZFeVvcye9njhxQi+//LIyMjIkKVeN/CQmJmrTpk15zkdERCgiIkJ79uzRsmXLVLduXaO39957L9fY2NhYxcbG6syZM6pTp44RABckIyNDo0ePVnBwsHEuODhYY8eOzRM25+fIkSPavXt3ru+2d+9excTE6IsvvjDO/fLLL/rxxx9z3ZuQkKDg4GAFBwcrKChI8+bNM67dzm8/JiZGw4YN07lz53Kdj4yM1JYtWxQQEKB58+apTZs2t/xeAAAAAAAAAAAAdwsBcCHZ2NjoiSee0DfffCNJOn78uHGtVq1amjp1qjw9PeXk5CRra2tduXJFH374oQ4dOqTw8HB99913eu655/TGG28oODhYs2bNkiTZ2trq008/NWpVq1ZN6enpmjJlihH+enp6asiQIUpLS9PixYt16dIlXblyRW+99ZaWLVumjIwMY4tkV9f/z959x3VV/v8ffwJvYoiIKMhSUUlJ0Rw0XLhFTcs+5ipTyp1oWprZ8KtlpeUsNVe4crZcOXLkJ82RZoj4cSFi4MBURIw9fn/443x4CyioSb0/j/vtxu123udc5zqvc84b/nlyXZeHPv74Y7m5uenKlSs6ffq0du3aVaRwc/r06UYA5uLiokGDBsnZ2VlLly7VsWPHCjxnypQpRvhbs2ZNvfHGG3JxcVFYWJjWrVun+Ph4jR8/3hjBWVyZmZkKDw/Xli1bjH2+vr4Ftj1z5ow6d+6sJ598UteuXZOnp6fOnDmjKVOmGIFhu3bt1K5dO509e1aff/65UlNTdfDgQX3xxRd65ZVXNHXqVO3Zs8cIEytXrqx3331X0s1nm5mZqTFjxhjhb8eOHfXSSy8pNTVVH374oY4ePaoDBw5o0aJF6t+/f7HeTXFrvVVcXJw8PT3Vp08flS1bVn/88cdtn62jo6OGDx+u2rVrq1y5cnJwcFBSUpK+/fZbLV++XOnp6VqwYIGmTJkiSWb/5DB58mQFBAQoMTFRcXFx2rt3r1xdXe/wNqWvv/7aCH+tra0VEhKiWrVq6YcffjB7x4W5fPmyWrdurZCQEB07dkwffPCBJOnQoUM6efKkqlevLklq0qSJGjZsKF9fXzk7OysnJ0cxMTEaP368Ll26pG3btunEiRPGaPu7+e5/8sknRvjr4uKiIUOGqFy5clq1apX279+vjIwMjR07VuvWrVOZMmXueG8AAAAAAAAAAAD3AwFwMZQtW9bYzjsy19/fXwkJCVq5cqXOnDmjGzduKCsry6xNRESEnn/+efn5+Sk9Pd3Yb2Vlpbp165pdZ9++fbpw4YIkycbGRlOnTpW7u7ukmyFiv379JN2cKjg2Nlbe3t6ys7NTamqq0tPTde7cOTk6OqpatWry9/fXU089dcd7S01NNRsxOXLkSLVr106SVLduXXXq1ElZWVlm56SkpJiFdmPHjjVGcb711lvasmWL0tLSdPDgQZ07d07e3t53rCPX4sWLtXjx4gKPvfDCCwXuf/bZZ/X222+b7Zs5c6YxErhKlSp6//33ZWVlpSZNmig1NVWff/65JGn9+vV65ZVXFBAQoHPnzhnnOzg4mL2f/fv3Ky4uTpLk6uqqd999VzY2NpKkESNGGO9m7dq16t+/v6ytrYv8br7//vti1Xork8mkefPmFXm0denSpdWoUSN99913OnbsmK5du6bMzExlZGQYbSIiIoztvOspnz9/Xp6envLx8VG1atWKPMp127ZtxnanTp2M+wgKCtKJEyfyjaa9lYuLi8aPHy87Ozv5+/trxYoVio6OliT9/vvvRgDctGlTbdiwQXPnztW5c+eUkpKinJwcsxG+R44cUY0aNe76u799+3bj8+jRo9WmTRtJUmBgoDp06KAbN27ozz//1I8//qjOnTsX6fkAAAAAAAAAAADcKwLgYkhISDC2807nPGfOHC1YsOC25yYlJRX5OnlDMC8vLyP8laTatWvLxsbGCKTOnDmjihUrqn379vruu+909epVjRkzRtLNEZbVq1dXhw4d1KNHD1lbWxd6zYsXLxpTB0syCz3d3d3l6elpBJ+54uLizM7p0aNHof1HR0cXKwAuSOnSpfXqq6+qZcuWBR7PDeDyyvssH330UVlZWRmf897jH3/8oT///FOlSpW6bQ15p5i+evWqnnjiiQLbXbx40Vh3tqjv5l5rDQgIKNZU23v37tWIESPM3uGt8n5vO3bsqH379kmSpk6dauz38fFRUFCQ+vbte8eRrr///ruxXa9ePWM79x8h7hQAP/LII2aj2Z2dnY3t3FHZ2dnZGjJkiH799dfb9pUbBt+P737ecxwdHVWjRg3j+nm/MwAAAAAAAAAAAH81AuAiSk9P165du4zPNWvWlHQzIFu4cKGxf+TIkXrmmWfk4OCgRYsWaebMmZL+ux5tUdxp7daCjB49WtWqVdOOHTt08uRJ3bhxQ9nZ2ca6tOnp6QoJCSl2v8VxuzWO844qLYrHHntMTZs2lZWVlezt7eXt7a1HH330tlNZu7m5Fesa98rGxkYODg6FHk9NTZWjo+MDezd3WuP5VrNnzzZCzPbt22vEiBFydXVVZGSkUU/e7227du3k6OiotWvX6ujRo7p8+bKkm2Ho8uXLFR0dbXzfC5M31M67LRXte3/rdyzvPzXknr9nzx4jfHVwcNC0adP06KOPytbWVkOHDtXevXvz3Vtx3c3vKAAAAAAAAAAAwINAAFwEKSkpeu+993Tp0iVjX8eOHSXdnAo3dzSutbW1unXrZoRSuWud3qqg0CqvKlWqGNu56/3mhpuRkZFm09HmrodrMpnUo0cPYxRuQkKCvv/+e02fPl2StHPnztuGjB4eHjKZTEYgGB4ebkyDe+nSJWNK6rx8fHzMzlm0aFGB6/NmZmbKZCreV61mzZp6/vnni3XOrYGiZL5ecEREhHJycox2hw8fNo65ubndcfTvrf2VLVtW33//vTEFdF5577mo7+Zeay3o/m8nNjbW2H722WeNNXwL+95KN6dqDgoKkiQlJycrIiJCr7/+utLS0rR//36lpqaaTRV9q4oVK+rKlSvGPeVOgZ2dna3w8PBi1V+YvKOMa9WqpcDAQEk3/4nj5MmT+drfj+/+4cOH1bp1a0k3/17kvU5ha1YDAAAAAAAAAAD8FQiAC5G73mp8fLz2799vtnZow4YNjemG8065m52drdWrVysoKEjbtm3Tzp07C+w77zS5aWlp+uqrr+Tn5ydbW1sFBASoQYMG8vDw0MWLF5WVlaXXX39dISEhysjIMOqSbk4TXKlSJUnSK6+8oscff1x16tSRu7u7TCaTUlNTzWq7HXt7ezVu3Fj//ve/JUmTJ0/WjRs3VKZMGS1ZsiTfGqjSzdGVrVu31ubNmyVJb775poYPH66qVasqPT1d0dHR2rNnjyIiIrR8+fLbXv+v8tRTT2nx4sXKyclRdHS0xo4dq+DgYMXGxiosLMxo16lTpyL1FxgYKC8vL50/f16XL1/WmDFj1KdPH1WoUEHXr1/X8ePHtXPnTjk7O+udd96RVPR3c79rvRMPDw9FRUVJktasWSMPDw+dOHFCc+fOLbD95MmTZWNjo4YNG6pChQoqXbq0MjIyzL4bd/qetWnTxgh6165dK1dXV9WoUUNbtmzR2bNn78t95f2dPHr0qA4cOCB3d3fNmzfPCJ/zupvvvqOjo1q1amWsgf3xxx/rxo0bKleunFatWmVMnV2qVCm1aNHivtwXAAAAAAAAAABAURAAF+LLL78scH9wcLDefvttY7Sls7Oz2rZtqx9++EHSzfBo8uTJkqQaNWroxIkT+frw9PRU5cqVjcBr0qRJkm4Gw9u3b5etra0+/PBDDR06VH/++af+85//6I033jDrw83NTePHjzc+nzhxQr/88kuh9/P000/f8Z5fffVV/frrr7px44auXbumiRMnSrq59m758uWNKX/zGjlypKKiooyf0NDQfG08PDzueO2/SpUqVfT6668b72TTpk3atGmTWZsGDRqob9++RerPZDIZ7yYpKUk7duzQjh078rXLHSEuFf3d3O9a76Rr16766KOPJEkbN27Uxo0bJUn+/v46fvx4vvaXLl3Sjh07tGzZsgL7a9OmjRwdHW97zS5dumjTpk3GSPbctbOtrKzk5+dnBNL3omHDhvLx8VFcXJxSUlI0ePBgSTeD3kqVKpmNEM51t9/9EydOKCYmRlevXtWECRPMjtva2uq9996Ti4vLPd8TAAAAAAAAAABAUREA34bJZJKTk5MqVKigmjVrqlOnTqpTp06+du+++67Kly+v7du36+rVq/L19VVISIiuXLlSYAAs3RwxOGXKFB05ckQpKSn5jtepU0crV67UkiVLtHfvXsXHx8vKykre3t4KCgrSiy++aBYshYSE6Ndff1VUVJQSExOVlpYmZ2dnPfzww/rXv/5ljFi+nUqVKiksLEyffvqpsYZqvXr1NHz4cI0dO7bAEMzFxUWLFy/WV199pe3bt+vMmTNKTU1VmTJl5ObmpgYNGhhTBpeUHj16yN/fXytXrlR4eLgSEhJkb2+vqlWrql27durSpUuxpqgOCAjQ6tWrtWzZMu3Zs0fnz59Xdna2XF1d5eXlpSeeeEKtWrUy2hfn3dzvWm+nS5cuysnJ0cqVK3Xu3DmVL19eHTt2VJMmTdSnT5987Tt06CBbW1sdP35cV65cUXJysuzt7VW5cmW1atVKL7zwwh2vaTKZNHPmTM2aNUtbt25VcnKy/Pz8NGjQIG3fvt0IgG83jfSd2Nvba/bs2Zo6dap+++03paenq3bt2ho2bJjmz59fYAB8N9/9smXLaunSpVqxYoV27NihmJgYZWZmqnz58goMDNSLL76oatWq3fV9AAAAAAAAAAAA3A2rnIIWoQWAv0jetY1zZWVlqXv37oqJiZF0c3Rt7prJAAAAAAAAAAAA/2tyl6fNXVqzKOrWrSuJEcAAHrCxY8fKz89P9evXl7u7uy5duqQvv/zSCH/t7OzMRlADAAAAAAAAAACg6AiAATxQly9fzre2cS6TyaSxY8fKzc3tAVcFAAAAAAAAAABgGQiAATxQwcHBysnJUUxMjK5duyaTyaQKFSqoQYMG6tmzp6pUqVLSJQIAAAAAAAAAAPxjsQYwAAAAAAAAAAAAAPyN3MsawNZ/SUUAAAAAAAAAAAAAgAeOABgAAAAAAAAAAAAALAQBMAAAAAAAAAAAAABYCAJgAAAAAAAAAAAAALAQBMAAAAAAAAAAAAAAYCEIgAEAAAAAAAAAAADAQhAAAwAAAAAAAAAAAICFIAAGAAAAAAAAAAAAAAtBAAwAAAAAAAAAAAAAFoIAGAAAAAAAAAAAAAAsBAEwAAAAAAAAAAAAAFgIAmAAAAAAAAAAAAAAsBAEwAAAAAAAAAAAAABgIQiAAQAAAAAAAAAAAMBCEAADAAAAAAAAAAAAgIUgAAYAAAAAAAAAAAAAC0EAXMImT56s999/v6TLuCubN28O0mxHAAAgAElEQVTWU089pebNm+vf//53SZcDAAAAAAAAAAAA/M8zlXQBfxehoaHat2+fPvvsMzVs2NDY36tXLwUHB+vFF18sweruXcOGDZWRkSFJKl26tGrWrKlXX31V1atXv+s+J02apEmTJunxxx+/X2WWmMmTJ2vlypVyc3PTpk2bjP3dunVTdHS0nnnmGb377ruSpOPHj+vzzz/X0aNH9eeff6pMmTLy9fVV9+7d1aJFC7P+CvLzzz/Lzs5OPXv21KlTp4z9jo6O8vLyUpcuXdS1a9fb1puenq5ly5Zpy5Ytio2NVU5Ojry9vdWqVSv16dNHDg4OZu1zcnL07LPPKi4uTpI0cuRI9ejRo/gPCgAAAAAAAAAAAH9rjADOo0yZMpoxY4aysrJKupRCZWVlKTs7+67O/fjjj7Vv3z6tWrVKjo6OGjFihHJycvK1y8zMvGNfSUlJSkpKUtWqVe+qlntxL8/gXl2/fl1DhgzRzz//LAcHB9WvX1/lypVTRESEIiMj87U3mUwKCAgw+7G2Nv+1c3NzU+PGjeXq6qqoqChNmjRJP/30U6E1pKWladCgQZo1a5aioqJUpUoVVatWTTExMVqwYIFefvllJScnm51z4MABI/yVpDVr1tzjkwAAAAAAAAAAAMDfESOA8+jUqZO2bdum9evXq3PnzgW2OX78uKZOnaqTJ0+qTJkyevrppxUSEiIbGxslJSWpRYsWGjdunBYuXKgLFy7oiSee0HvvvacvvvhCa9eu1UMPPaRXXnlFzzzzjNFnWlqa3n33Xe3atUvOzs7q3bu3nnvuOUky+hwxYoQ2bdqka9euadGiRUpNTdW0adMUEREhGxsbtWzZUsOGDZO9vX2h92dtbS2TySR3d3d1795dgwYN0tWrV3XkyBFNmzZNwcHB2rVrlxwcHBQWFqYtW7YoLCxMFy5ckJeXlwYNGqTmzZsrKipKr732miTppZdeko2Njb755hulpaVp9uzZ2rlzp5KTk1WnTh2NHj1anp6ekqSVK1dq2bJlSkpKkq2trTp06KARI0YU+bne+gzKly9/X957cZw4cUKJiYmys7PTt99+K1tbW0lSSkqKrl69mq992bJltWjRotv22aBBA02YMEFpaWlq1aqVUlNT9Z///EdBQUEFtl+9erUiIiIkSRMnTlTr1q0lSbt27dKIESN06tQpLVu2TP379zfOyQ18H3nkER07dkxRUVE6evSoatWqVfyHAAAAAAAAAAAAgL8tAuA8HnroIYWGhmratGlq27atHB0dzY5fu3ZNr7zyil588UXNmjVLv//+u1599VXZ2tqqd+/eRrsffvhBc+fOlZWVlV555RX17t1bL7zwgjZt2qR9+/ZpzJgxatq0qVxdXSVJW7du1bhx4zR+/HhFRERo2LBh8vHx0ZNPPmn0+dtvv2nhwoWytbVVSkqKQkJC1LFjR33wwQdKTU3VW2+9pc8++0yjRo26431mZmZq69atcnFxUdmyZSVJ586dU6lSpbRixQpJ0sGDBzV+/HhNmTJFjz32mH7++WeNHj1aCxYsUEBAgJYsWaLWrVtr4cKFRhA7duxYZWZmavHixXJ2dtbcuXM1cuRILV26VLGxsfr000+1fPly+fr6KiUlRadPny7Wc837DAryww8/aPLkyYXed0BAgKZOnXrH53M7np6esra2VlpamoYNG6bHHntMNWvWVL169eTt7Z2vfUJCgkJCQozPvr6+GjduXL52OTk5iomJUXp6uiTddmru3NHBfn5+RvgrSU2bNlVAQIAiIyP1888/GwFwYmKifvzxR0nSiy++qOXLlysyMlJr1qwhAAYAAAAAAAAAALAwBMC3CA4O1ooVK7RkyRINGjTI7Ni///1vlS5dWiEhIbKyslK1atXUu3dvrVy50iyoHDBggBGKNm/eXLt27TJG9DZv3lzOzs6Kiooy1s4NCAhQ+/btJUl169bVU089pfXr15sFwH369DGCzx9//FEmk8moz97eXq+88oqGDh162wB43Lhxeuihh3Tjxg35+Pho4sSJxnTE9vb26tWrl9F23bp1Cg4ONtZDbtasmZo1a6a1a9cqICAgX9/x8fHauXOnNmzYoHLlykmSBg8erFWrVun06dNydHRUTk6Ojh8/rvLly8vJycnop6jPNe8zKEhQUJDq169f6PHbnVtUPj4+Gj9+vD799FMdOHBABw4ckCSVKlVKo0aNUseOHc3aZ2Zmmk0NXdD02ps3b9bmzZsl3fwnhCFDhqhly5aF1pCQkCBJ8vDwyHfM09NTkZGRRhtJ2rhxozIyMmRvb6+goCBdvnxZkZGR2rJli1577bV86wUDAAAAAAAAAADgn4sA+BZWVlYaMWKEQkND9a9//cvsWHx8vLy9vWVlZWXs8/HxUXx8vFk7Nzc3Y9vBwUHu7u5mxx0cHMzWaPXy8jI77uXlpVOnThXa5/nz53X58mV16dLF2JednS1ra2slJyfnG7mc6/XXX1ejRo3k5OQkOzs7s2PlypWTjY2N2b3mBtR57/XWuvLWJElDhgwx229vb6/Lly+rYcOG+uijj7Rq1SpNmDBBfn5+6tevn5o0aXJXz7Ug9vb2t50C+3ZMppu/ChkZGWb7c0fk5g2P27dvr/bt2+v06dM6fPiw1q1bp8jISE2YMEGtW7c2q8HNzU2bNm267bW9vb318MMP65dfflFycrL27t2r7t27GzXdysXFRZJ06dKlfMcuXrxoXDfX2rVrJd0MyO3t7dWmTRtNmzZNycnJ2rp1q55++unb1gcAAAAAAAAAAIB/DgLgAtStW1cNGzbU7NmzzfZXqFDBCDpznTt3ThUqVLin6124cMHs8/nz5/P1mTcc9fDwkJeXl1avXl2s65QuXdoYnXurvP1Lxb/X3HV+FyxYYEwrfavmzZurefPmSk9P1/r16zVy5Eht3769yNe6tcZbbd68WRMnTiz0eO3atfXZZ58VeMzHx0fSzemoY2Ji5Ovrq4sXLxqBam5If+HCBZ0+fVpPPvmkqlWrpmrVqsnT01NDhw5VZmam/vzzz2KH0LVr19aECRP0n//8RyEhIdq3b5+++uor9ezZs8D2QUFBCg8P18mTJ/XTTz8ZawX//PPPOnLkiCQZU0NHRkYqKipK0s0psn/44QezvtasWUMADAAAAAAAAAAAYEEIgAsxbNgwdevWzWx63GbNmmn69OlaunSpevToobi4OC1ZssSY3vluHTlyRJs3b1bbtm0VGRmpjRs33jbIbN68uebMmaO5c+eqV69ecnR0VHx8vE6dOqWmTZveUy25OnXqpBEjRig4OFgNGjTQnj17tHPnTs2fP7/A9h4eHmrevLnef/99vfHGG/Lw8ND169e1f/9+tWjRQufOndOFCxdUr1492dnZqWzZsrKyspKNjc19e67NmzdXvXr1Cj3+0EMPFXqsdevWmjNnjq5du6aQkBA9/PDDOn36tDIzM+Xk5GRM0R0fH6/hw4fLyclJlSpVUqlSpYwpnqtXr54vYL91DWBJmjBhghE451WzZk21a9dOGzdu1BdffKFnnnmmwNHc3bp1044dOxQZGanXX39d/v7+srKy0rFjxyRJDRo0MEaHr1mzRpLk5OSkBg0aGH0kJiYqPDxcEREROnPmjKpUqVLoswEAAAAAAAAAAMA/BwFwISpWrKjnnntOK1asMPa5uLho1qxZmjp1qr744guVLl1aTz/9tF544YV7ulabNm20e/duTZw4UU5OTgoNDTXW3i2Ik5OT5syZo5kzZ6pLly5KSUmRu7u7OnXqdN8C4Mcee0xvv/22PvnkE8XHx8vLy0sffPCBateuXeg548eP1/z58zVw4EBdvXpVZcqUUYMGDdSyZUulp6drzpw5iomJkZWVlby8vPTJJ58Y0zbfj+d6L1NAu7i4aMGCBZo9e7YOHTqkw4cPy8nJSUFBQRo8eLAxpXKlSpXUq1cv/frrrzp//rxu3LghV1dXtWzZUoMHD87X761rAEtSampqoXUMGDBAW7Zs0bVr17R8+XL169evwPucO3euli1bpq1btyo6OlppaWmSbgb3b731lmxtbZWSkmKM+H3++ec1YMAAo4/09HR16tRJV65c0Zo1azRixIjiPzQAAAAAAAAAAAD87Vjl5OTklHQRAO7NwYMHNXz4cJlMJs2aNUu1atUq6ZIAAAAAAAAAAABwl65fvy5JCg8PL/I5devWlSRZ/yUVAXigAgMDNWfOHPXs2VOHDx9WVlZWSZcEAAAAAAAAAACAEsAU0ICFCAgIUEBAQEmXAQAAAAAAAAAAgBLECGAAAAAAAAAAAAAAsBAEwAAAAAAAAAAAAABgIQiAAQAAAAAAAAAAAMBCEAADAAAAAAAAAAAAgIUgAAYAAAAAAAAAAAAAC0EADAAAAAAAAAAAAAAWggAYAAAAAAAAAAAAACwEATAAAAAAAAAAAAAAWAgCYAAAAAAAAAAAAACwEATAAAAAAAAAAAAAAGAhCIABAAAAAAAAAAAAwEIQAAMAAAAAAAAAAACAhSAABgAAAAAAAAAAAAALQQAMAAAAAAAAAAAAABaCABgAAAAAAAAAAAAALAQBMAAAAAAAAAAAAABYCAJgAAAAAAAAAAAAALAQBMAAAAAAAAAAAAAAYCEIgAEAAAAAAAAAAADAQhAAAwAAAAAAAAAAAICFIAAuosmTJ+v9998v6TL+EidPnlTPnj3VvHlzzZgxo6TLAQAAAAAAAAAAAHCXTCVdwN9FTEyMPvvsMx0+fFjJyclyd3dX/fr1NXbs2JIuzcyiRYs0c+ZMSZLJZFKFChXUqVMn9e3bV1ZWVnfV57x58xQUFKTBgwffz1JLzLx58/Tjjz8qOjpaWVlZql+/vubNm2fW5tq1a5o+fbp2796tGzduqHLlyurTp486dOhQIm2ysrIUFhamdevW6Y8//lD58uXVvn17DRw4UCaT6b62mTp1qg4ePKgLFy4oPT1dHh4e6tChg0JCQmRjY3P/XwgAAAAAAAAAAAAeGJtx48aNK+kiSlpOTo769OkjX19fTZw4UQMHDlSjRo2UnJys2rVrS5L27NmjzMxMNWvW7L5cMzMzU9bWxR+AHR4eroSEBG3cuFG9e/dWlSpV9Mknn6hcuXLy9/c3a5uVlSVJdwyGFy5cqBYtWsjPz6/Y9dyru30Ot7Nw4UJZW1vL3t5e165dk6enpzp16mR2zf79+2vv3r0qV66c6tWrp8OHD2vHjh3y8vJS9erVH2gb6eYI8yVLlkiSGjdurLNnz2r//v2Kj49X8+bN72ubUaNGydraWnXr1pWdnZ1OnTqlgwcPKisrS48//vh9fRcAAAAAAAAAAAAovrS0NEnSxYsXi3yOh4eHJKaAliRdvXpV58+fV48ePeTu7i47OztVrVpVzz//vFm7zMxMffTRRwoKClK7du301VdfGcfi4+M1dOhQtW7dWs2aNdPLL7+syMhI4/jOnTv1zDPPaPbs2erZs6cGDBigpKQkBQYGavHixXr55Zf1/PPP69VXX9WlS5fuWLPJZJK9vb2aNGmiWrVq6dixY0Z/y5YtU69evfTMM8/o6tWrunr1qt5++221bdtWwcHBGjdunBITEyVJPXr00JkzZzRlyhR17txZhw8fliQdPHhQISEhat68uTp37mx2r+fPn1doaKhatGihFi1aqHv37jp9+rTxjObMmaNOnTqpRYsWGjx4sKKiooxzJ0+erNGjR2vMmDHq3r37XzLl9MyZM7VgwQI98cQTBR7ftWuXTpw4IUmaP3++Jk+erO7du0uSFixY8MDbJCQk6JtvvpEkjRkzRpMmTTJGnq9fv14XL168b22km+9g3bp1mjRpkhYtWqR69epJuvlPDgAAAAAAAAAAAPhnYwpoSa6urqpataoRzvn7+6tixYr52m3dulVjx47Va6+9pkOHDmn48OF68sknVbFiReXk5KhLly564oknZDKZtHjxYo0cOVJr1qyRvb29JOncuXMqVaqUVqxYIUlKSkqSJB05ckTz5s2TyWTS7Nmz9eabbyosLKxItUdFRenkyZNq2bKlse+3337TwoULZWtrK0kaMGCAnJ2d9c033ygrK0vvvPOOxo4dqxkzZmjlypXq1q2b+vbtq+DgYEnSiRMnNHz4cE2YMEFNmzZVTEyMhg4dqnLlyqlly5aaNWuWPDw8NH36dNnY2Ojs2bMqXbq0pJuh5pYtWzRz5kx5enpqwYIFGjJkiL755hs5OTlJuhmGz507V3Xr1i3wni5evKjevXvf9r43bdp019MV54bcnp6ecnd3lyQ9+uijWrFiheLi4nT16tUH2ubo0aPGaO06deoYbXIdOXJE9vb296WNh4eHnnzySbPnkZGRIUkFfucBAAAAAAAAAADwz0IArJtTJM+fP18rVqzQkiVLFBUVpbJlyyokJETdunUz2tWvX1/t2rWTJDVs2FCVK1fWsWPHVLFiRXl4eBjDqiWpX79+Wrp0qWJiYoypme3t7dWrV6981+/Vq5exPmufPn0UFhams2fPqnLlygXWGx0drbZt2yozM1Pp6elq3769nnvuOaWkpBh95Ia/cXFxOnTokDZs2GCEtCNGjFD37t11+fJllS9fPl//q1evVnBwsDFlcLVq1dStWzdt3LhRLVu2lK2trS5duqSYmBhVq1ZNvr6+xrnr16/X4MGDjdoHDhyotWvXavfu3caze+yxxwoNfyXJzc1Ny5cvL/S4pHtaqzY3eHd0dDT25d2+fv16ibSRJAcHhwLb5Ia099omr+zsbE2dOlWRkZHy8PDQiBEjBAAAAAAAAAAAgH82AuD/r0yZMho0aJAGDRqktLQ0bdq0SR988IG8vb3VuHFjSVKFChXMznF0dFRycrIk6c8//9TMmTP1yy+/KCUlRdbW1kpJSVFCQoLRvly5cgUGl3lD2FKlSsnBwUGXLl0qNACuXLmyZs+eLZPJJBcXl3zH3dzcjO34+HjZ2NiYhdM+Pj6Sbo60LSgAPnfunKKiohQeHm7sS09Pl7e3tyRp+PDhmj9/vl577TUlJyerVatWGjp0qEqVKqVLly4Z/Us3g1pPT0/Fx8cb+3JHwhbGxsamwLrul9wgPPfd3brt7OxcIm0kKSUlRS4uLvna5I4iv9c2uZKSkvT2229rz5498vf31/Tp0//SZw4AAAAAAAAAAIAHgwC4AHZ2durcubPCwsJ04sQJIwC+nc8//1yxsbH64osvjFC2efPmysnJMdpYWVkVeG5sbKwRml65ckUpKSm3DUnvFJDmvU6FChWUlZWl+Ph4I8A+d+6cJJmFwnl5enqqSpUqGj16dIHHXVxcNGrUKI0aNUpxcXF68803tWjRIoWGhsrd3V3nz583RvhmZ2frwoULZuF5Yc8h18WLF9WjR4/bttm+fftdjwLOnR754sWLxijoiIgISZK3t7dcXV0faJtatWrJxsZGWVlZOnLkiDw9PY02khQQECA7O7v70kaSzpw5o9dee02xsbFq27atxo4daxYeAwAAAAAAAAAA4J+LAFhSQkKCFi1apHbt2qlSpUrKycnR5s2bdeHCBSPAu5OkpCR5enoa4e8333yjGzduFOncBQsWqHr16ipVqpSmTZumgICAQkf/FpePj4/q1aunadOm6Z133lFWVpamT5+uRo0aFRoid+3aVYMGDdLjjz+upk2bSpJiYmKUnJysOnXqaNu2bQoICJCHh4dcXFxkb29vTGHdqVMnhYWFqU6dOnJ3d1dYWJhycnLUpEmTItfs5uamVatW3bbN7cLfL7/8UlFRUYqMjDRqHzdunJycnDRy5EgFBQXp4Ycf1qlTp9SvXz/5+/trx44dkqS+fftK0gNt4+rqqmeffVZff/21PvroI+3cuVO//PKLJOmpp56Sp6enJN23Nv369VNiYqJMJpMSEhKMqZ+dnJz0ySef3On1AAAAAAAAAAAA4G+MAFg3R/ympKTonXfe0cWLF2UymVS5cmW9//77CgwMLFIf/fv317hx4/TCCy/IwcFBTZo0KXSE7a06deqkfv36KSEhQbVr19akSZPu5Xby+eijjzR16lQ9++yzsrKy0pNPPqnXXnut0PY1a9bU1KlTNXfuXL3//vvKycmRr6+vEVgePXpU06ZNU1JSkhwcHNSoUSP16dNH0s1QMysrS4MGDdKNGzfk7++vWbNmycnJqcj12tjY5Jtuuzj27dunffv2GZ+vXr2qDRs2yNXVVSNHjpTJZNKsWbP06aefateuXdq5c6d8fX3Vu3dvdezYUZIeaBtJGjlypMqWLav169dr+/btKleunEJCQjRw4MD73iZ3WujMzEwdOHDA2F+mTJm7fuYAAAAAAAAAAAD4e7DKyTtHMR6opKQktWjRQt9///09BZ4AAAAAAAAAAAAALMf169clSeHh4UU+J3eJVuu/pCIAAAAAAAAAAAAAwANHAAwAAAAAAAAAAAAAFoI1gEtQ6dKldfDgwZIuAwAAAAAAAAAAAICFYAQwAAAAAAAAAAAAAFgIAmAAAAAAAAAAAAAAsBAEwAAAAAAAAAAAAABgIQiAAQAAAAAAAAAAAMBCEAADAAAAAAAAAAAAgIUgAAYAAAAAAAAAAAAAC0EADAAAAAAAAAAAAAAWggAYAAAAAAAAAAAAACwEATAAAAAAAAAAAAAAWAgCYAAAAAAAAAAAAACwEATAAAAAAAAAAAAAAGAhCIABAAAAAAAAAAAAwEIQAAMAAAAAAAAAAACAhSAABgAAAAAAAAAAAAALQQAMAAAAAAAAAAAAABaCABgAAAAAAAAAAAAALAQBMAAAAAAAAAAAAABYCAJgAAAAAAAAAAAAALAQBMAAAAAAAAAAAAAAYCEIgAEAAAAAAAAAAADAQhAAAwAAAAAAAAAAAICFIAAGAAAAAAAAAAAAAAtBAAwAAAAAAAAAAAAAFoIAGAAAAAAAAAAAAAAsBAEwAAAAAAAAAAAAAFgIAmAAAAAAAAAAAAAAsBAEwAAAAAAAAAAAAABgIQiAAQAAAAAAAAAAAMBCEAADAAAAAAAAAAAAgIUgAAYAAAAAAAAAAAAAC0EAbIF27dqlwMBABQYGqmPHjsb+8PBwY3/btm1LsEIAAAAAAAAAAAAAfwVTSRfwd7Flyxa9/fbbt20TEBCgRYsWFbvvP/74Q99++60kydbWVi+//PJd1fhPt3nzZp09e1aS9OSTT+rRRx8t4YoAAAAAAAAAAAAAy0IA/AD88ccfmj9/viTJ3t6+xAJgd3d39erVS5JUqlSpB379zZs3a/fu3ZIkR0dHAmAAAAAAAAAAAADgPiMALkSvXr1kY2Njts/Dw6OEqrk/vLy8NHz48JIuAwAAAAAAAAAAAMBfhAC4EIMHD5adnd1t26xdu1Zr165VdHS0UlJS5OTkpPLly6t69erq2rWr6tSpo759++rw4cPGOampqQoMDDQ+L1u2TDVq1FCXLl2M6ZEnTZqkVq1aSZIuX76sdu3aGe1/+uknOTo6SpJycnK0bNkyff3114qPj5eXl5e6d+9eaFAdHh6ufv36SZJcXV31ww8/GMfmzZungwcPKjY2VklJScrIyFCZMmXk7++vrl27qmnTpvmez4EDByRJb775pmxsbLRq1SqdPXtWzs7Oat++vUJDQ2UymbR//34NGTLE7PwZM2ZoxowZkqRmzZppypQpkqS0tDStXr1aW7duVUxMjNLT0+Xh4aFmzZrppZdekouLS7HfAQAAAAAAAAAAAPC/ggD4Lq1atUqffPKJ2b7ExEQlJibq9OnTql69+l2Hj1ZWVkVqN2XKFK1cudL4fPbsWX388cd65JFHin3NjRs3Ki4uzmzf1atXtWfPHu3Zs0ejR49W165dCzw3LCxMly5dMj5fuXJFX375pRwcHDRw4MAi13D9+nUNHjxYJ06cMNsfFxenZcuWadu2bVqwYIE8PT0l/bXvAAAAAAAAAAAAAPgnIgAuROPGjfPte+211/T8889LkrZu3Wrsnzx5sgICApSYmKi4uDjt3btXrq6ukqQxY8YoMjJSEyZMkCTZ2dlp1qxZxrmVKlXKdx1ra+s71nfy5Emz8Ld169YKDg7WiRMntHDhwiLe5X89//zzqlSpkjw8POTk5KS0tDT99ttvGjdunCTp888/17/+9a9802JL0qVLlzR48GA1bdpU3377rb7++mtJ0ooVKzRw4EDVqlVLCxYs0KeffqqIiAhJUteuXRUcHCxJKlOmjKSbgXZu+FuzZk298cYbcnFxUVhYmNatW6f4+HiNHz9ec+bMkVT0dwAAAAAAAAAAAAD8ryAAvkv29vbG9vnz5+Xp6SkfHx9Vq1ZNzZo1M475+fkpPT3d+GxlZaW6devetu+iBMDbt283titXrqyPPvpIVlZWatGiha5du2aEsEXVtm1bff311/ryyy/1xx9/KC0tzag3JydH169f1++//64qVarkO7dJkybq27evJGnQoEHGtW/cuKGEhASVLVtWdevWlbOzs3GOl5eX2XNISUnRli1bjM9jx46Vn5+fJOmtt97Sli1blJaWpoMHD+rcuXPy9vYu8jsAAAAAAAAAAAAA/lcQABeiZ8+e+Ua75p1auWPHjtq3b58kaerUqcZ+Hx8fBQUFqW/fvsbI1uIqyhTQsbGxxnadOnXMznn00UeLFQDHx8erT58+unz58m3bXb9+vcD9eYPc0qVLmx1LTExU2bJl71hDXFycMjMzjc89evQotG10dLS8vb3/0ncAAAAAAAAAAAAA/BMRABciNDRUdnZ2hR5v166dHB0dtXbtWh09etQIT+Pi4rR8+XJFR0dr5syZRb5e3gA3KyvL2L527VqB7XNycorc952sWLHCqP/hhx/WRx99pEqVKsna2lqNGzc2RgMXdk0nJydju6Apou9G3j5vlZGRIen+vwMAAAAAAAAAAADgn44A+B4EBQUpKChIkpScnKyIiAi9/vrrStiY9Z8AACAASURBVEtL0/79+5Wamip7e3uzKZ0LC1HzjpyNj483tn/66acC21esWNHYjoiIUE5OjhEiHz58uFj3kXc0ccuWLeXr6ytJOnXqlBH+3g95Q+7s7GyzYz4+PjKZTMYo4EWLFhl15JWZmSmT6b9f26K+AwAAAAAAAAAAAOB/AQFwIT7//PN8o1mtra01ZMgQSdLkyZNlY2Ojhg0bqkKFCipdurQyMjLMRu/mhpx5pyFOS0vTV199JT8/P9na2iogIEDSzXV8jxw5IklasGCBsrOzdenSJS1fvrzA+lq1aqWwsDBJ0tmzZzVmzBgFBwfrxIkT+u6774p1r56ensb2jh071LJlS6WkpOiDDz4oVj93kvc5/PTTT/L395ednZ18fHxUvnx5tW7dWps3b5Ykvfnmmxo+fLiqVq2q9PR0RUdHa8+ePYqIiDCeSXHeAQAAAAAAAAAAAPC/gAC4EF9++WW+fXkD4EuXLmnHjh1atmxZgee3adNGjo6Okm4GrJUrV9bZs2clSZMmTZJ0MxDdvn27JKlbt27asGGDJCkhIUFTpkyRJPn5+SkqKipf/zVq1FDXrl311VdfSZK2bdumbdu2SZKqVKmiM2fOFPleO3furK+//lqZmZk6deqUunfvLkny9fWVnZ3dfRsF3LBhQ+MeDx8+bDzLUaNGqXv37ho5cqSioqKMn9DQ0Hx9eHh4GNvFeQcAAAAAAAAAAADA/wLrOzdBQTp06KDg4GBVrlxZTk5Osra2lqOjox555BGFhoZq/PjxZu0//vhjPf7443JwcCiwv5o1a+qDDz6Qr6+vTCaTKlSooJdeeskIggsyatQoDRs2TN7e3jKZTPL29lZoaGiBwent+Pn5adasWapdu7bs7e3l4uKijh07at68ebK1tS1WX7cTHBysQYMGycPDw2xa7FwuLi5avHixhg8frtq1a8vJyUkmk0nlypWTv7+/XnjhBbPnWtx3AAAAAAAAAAAAAFg6q5zCFqUFAAAAAAAAAAAAADxw169flySFh4cX+Zy6detKYgQwAAAAAAAAAAAAAFgMAmAAAAAAAAAAAAAAsBAEwAAAAAAAAAAAAABgIQiAAQAAAAAAAAAAAMBCEAADAAAAAAAAAAAAgIUgAAYAAAAAAAAAAAAAC0EADAAAAAAAAAAAAAAWggAYAAAAAAAAAAAAACwEATAAAAAAAAAAAAAAWAgCYAAAAAAAAAAAAACwEATAAAAAAAAAAAAAAGAhCIABAAAAAAAAAAAAwEIQAAMAAAAAAAAAAACAhSAABgAAAAAAAAAAAAALQQAMAAAAAAAAAAAAABaCABgAAAAAAAAAAAAALAQBMAAAAAAAAAAAAABYCAJgAAAAAAAAAAAAALAQBMAAAAAAAAAAAAAAYCEIgAEAAAAAAAAAAADAQhAAAwAAAAAAAAAAAICFIAAGAAAAAAAAAAAAAAtBAAwAAAAAAAAAAAAAFoIAGAAAAAAAAAAAAAAsBAEwAAAAAAAAAAAAAFgIAmAAAAAAAAAAAAAAsBAEwAAAAAAAAAAAAABgIQiA/0Lbtm1TYGCgGjZsWNKlAMAdtW3bVoGBgdq4cWNJl/KP8Xd9ZpMmTVJgYKBCQ0NLuhQAAAAAAAAAwANmKukC/ql69uypU6dOqV27dpowYUJJl/M/LTs7W+vWrdP69esVFRWljIwMubu7q1GjRho4cKDKlClT0iUCt7Vz506NHDlSktSkSRNNnz5dknT+/Hk9/fTTkqRly5apRo0aJVbjP0FSUpJatGhhtq9MmTKqVq2a+vXrp8cff/y+X/ORRx5RYmKiypYtW6T2S5cu1YwZM1S1alWtXr36vtcDAAAAAAAAAAABMP7RMjMzNWrUKO3atUuS5OHhIR8fH128eFGrV69Wx44d7ykAzsjIkK2tbZH3A/dq9+7dOnDggB577LGSLqXI/o6/D35+fipfvryOHTumQ4cOacSIEVq/fr1cXV3v63VmzJhxX/vL6+/4XAEAAAAAAAAAf38EwPfRvn37NH36dP3++++qU6eOGjVqVNIlWbzvvvvOCH8HDx6sl19+WVZWVpKk48ePy83NTZKUmJio+fPna/fu3frjjz9UoUIFNWvWTH379pWTk5Okm1O5Xr16Vf369dOvv/6qI0eO6N1339Xu3bu1detWBQcHy8bGRj/++KPatGmjsWPHKiYmRrNnz9aRI0f0559/qmrVqhowYIDZu9+9e7cWLVqk06dPy9raWn5+furfv78CAwMf8NPCP4GVlZWmTZumL7/8stA2d/pOrVq1Sp988ol8fHz03HPPadGiRcrOztYLL7ygVq1a6f3339fx48fl5+en//u//1PVqlXN+r948aJCQ0N16NAheXl5aejQoWrWrJkkacyYMff0+/Cg9OjRQ507d9ahQ4c0YMAApaWlKTo62giAi1Jr7t/02NhY1a5dW40aNdKnn34qW1tb7d27V9J//26899576tChg+Li4jR58mSjX2dnZ1WtWlUffvih5s+fr6+++kqSFB0dbbyvlStXKjw8XBMnTpSPj486d+6sFStWyMHBQStXrtSwYcN09uxZJSYmysbGRlWqVNFLL72kVq1aGbUuXbpUq1atUmJiolq3bm38HcyrKH8HAQAAAAAAAAD/fKwBfJ/ExsZq+PDhioqKUtWqVeXs7KzZs2eXdFkWb/v27ZKkihUrmoW/kuTv769y5copIyND/fv318qVK5Wdna127dopOTlZS5cuVWhoqLKzs836XLBggXJyctSmTRuz0cNbtmxRZGSkWrZsqUqVKik2Nla9e/fWjh07VKdOHXXr1k3R0dEaNmyYdu7cKUnavHmzhg8frvDwcAUGBqp27dr69ddfNWjQIO3evfsBPCH80zz11FM6efKkvv/++wKPF+c7de7cOa1cuVJ+fn66fv26Pv/8c7300kt66KGHVKZMGR09elQffvhhvmvMmzdP9vb2qlGjhmJiYjRq1ChFRUWZtbmb34cHLTMzU6dPn5YkmUwm+fr6SlKRav3999+Nv+nVqlVT2bJli/Q3ffLkydq9e7fq1aunAQMGqHXr1kpISFBycrICAwNVt25dSTenpu7Ro4d69OghFxcX4/y4uDgtWbJEjz32mOrWrauMjAzFxsaqRYsW6t+/vxo3bqzjx4/r7bffVkxMjCRpw4YNmjFjhi5evKj69esrNjZWGzZsMKuruH8HAQAAAAAAAAD/XIwAvk/Wr1+vzMxMVahQQYsWLZLJZNK0adO0bNmyki7Nol2+fFnSzQC4oBFvkrR3715FR0dLkubOnStPT08dO3ZML774oiIjIxUREWGEMpLUunVrTZw40ficG8R5eHhoxYoVsrOzkyRNnz5dycnJ8vPz05gxYyRJOTk5Wrx4sRYvXqzmzZsbozg7duyocePGSZKGDx+u3bt3a9myZWrSpMn9fBywAIMGDdK2bds0a9asAgPH4nynrK2ttXDhQrm5ualVq1ZKTEzU448/rkmTJmn79u0aPXq0jh07lu8aXbp00ahRo5STk6MePXro9OnTWrNmjbFOsXR3vw8P0oQJE4z12d3d3TV27FiVL19ekvTNN9/csdbcv+keHh4KCwuTyWTS/2PvzuOqrvI/jr8v9wqooKgooqSm4JaaFbkQJk4opaCoU6OW5owOYqMOLvPT0nrkXky54BI5Lo2moyZKiluu5ZJl5daU64SJyqKoLMpyuff3B8N3uoJhhlr0ej4ePG73fs4953y/93vvPB7z9pzvnDlz9M9//vNHx71x44akwoDX19dXwcHB+r//+z9Jko+Pjy5cuKDDhw+rRo0aDufzh/7xj3+oUaNGkgrvcb5hwwZZLBZZrVbl5eXpxIkTOn/+vL744gs1aNBA69atk1S4GnnatGmy2+3q37+/jh8/bvT5U38HAQAAAAAAAAC/XgTAZSQ5OVmS1KhRI1kshae1adOm93NKvwmenp5KTEzUuXPnbtmm6LOpWLGivL29JckIV35YL9KuXbsS+2ndurURdknSxYsXJUmnT59WcHCwQ9ui+RT17evra9R8fX21d+/eYuMCUuE1PWDAAC1YsEBLly4tVv8p11TNmjWNbdCrVq2qa9eu6aGHHpIkubu7S5Jyc3NltVqN3y1J8vPzk1S4HXXDhg115syZYn3fyffhXmrVqpVcXFz05ZdfKjU1VceOHTO+27cz15SUFEnSgw8+aJybH/5u3MrQoUM1ceJEffjhh/rwww8lFQa/s2fPVv369Ut9f82aNR3GycrKUnR0tPbv36+MjAyHtunp6ZL+d000adJEUuHn1rRpU4cA+Kf+DgIAAAAAAAAAfr0IgMuIl5eXJOnChQvGa+fPn79f0/nN+N3vfqcvvvhC586d03vvvacXX3zRWAl86tQpVa9eXbVr15ZUuDIvOTlZtWvXNlbCSf/77Io4OzuXONYPwy5JRr++vr4aOXKkQ61oO9XatWvr6tWrxja0koz/vnlcoEj//v21du3aEreB/inX1A9D3aLvRdFrdrv9luP/sO/vvvvOGPeH7uT7cC91795d4eHhWr58uWbOnKkFCxaoQ4cOatq06W1/d6XCewUXFBTIbDbr1KlTpY778MMPa926dUpNTdV3332nd955R19//bXi4uI0atQomc1mh3FudvN5XbBggbZs2aIGDRpo4sSJcnd314QJE5ScnGx8hl5eXkpJSTGCban4//781N9BAAAAAAAAAMCvFwFwGQkNDdWyZcuUmJio1157TfXq1dOyZcvu97TKvV69emnfvn3at2+f5s6dq7i4OPn4+CgtLU2JiYlaunSp2rdvrwYNGigxMVFDhgzR448/rn379kmSHnroIT388MN3PHZcXJxOnz6tdevWqXHjxrpy5Yq+/vprNWrUSO3bt1e/fv302muvacOGDcrOzlZ+fr727NkjSerXr1+ZnQeULxUrVtTQoUM1efLkYrV7cU198MEHSktL06VLl3T69GmZTCZ17979R99zO9+H++EPf/iDPvjgAyUlJWnevHmaM2fObc01LCxMS5cu1cWLFzVw4EB5e3vrk08+KXW8sWPHym6368EHH5Szs7MuX74sSapevbokGatvz507pylTpsjNzU1RUVG37K8oKDaZTLpx44aOHDlSbLVueHi4jh49qg8//FDu7u7KysrSwYMHHdrcrd9BAAAAAAAAAMAvj9P9nkB5Ub9+fc2YMUONGjXSrl279Nlnn6lv3773e1rlXtG9ll9++WW1bNlS165d0+HDh2W1WvXss8+qbt26qlChghYuXKjnnntOkrRp0ya5uLjohRde0Ny5c+XkdGdfg/r162vp0qUKDg7W0aNHtWDBAn300Udyc3NTx44dJUldu3bVjBkz1KpVK33++ec6cuSIHn30Uc2bN09PPvlkmZ0HlD9hYWHGVsw/dC+uqT//+c/KysrSN998owYNGig6OlqNGzf+0ffczvfhfrBYLBo8eLCkwvvgHjp06Lbm+sADD2jWrFny9fXVmTNndO3aNaOfolW8JWnevLm+++47/etf/9LChQtlt9vVt29fI5zv0KGDunTpIldXV8XHx2vVqlU/Ov8///nPCgwM1MWLFzV79mzl5+cXuy7CwsI0fPhwVa9eXXFxccrMzFRISIhDm7v1OwgAAAAAAAAA+OUx2X9sH1AAAH6jMjIyVKVKFeN5dHS0Vq9eLV9fX61cufI+zgwAAAAAAAAAUN5lZGRIkg4fPnzb72ndurUktoAGAKBEf/3rX+Xt7a2GDRsqMTFRW7dulSS9+OKL93lmAAAAAAAAAADcGgEwAAAlaNWqlT766CPt3LlTVapU0WOPPaaBAweqXbt293tqAAAAAAAAAADcEltAAwAAAAAAAAAAAMAvyM/ZAtrprswIAAAAAAAAAAAAAHDPEQADAAAAAAAAAAAAQDlBAAwAAAAAAAAAAAAA5QQBMAAAAAAAAAAAAACUEwTAAAAAAAAAAAAAAFBOEAADAAAAAAAAAAAAQDlBAAwAAAAAAAAAAAAA5QQBMAAAAAAAAAAAAACUEwTAAAAAAAAAAAAAAFBOEAADAAAAAAAAAAAAQDlBAAwAAAAAAAAAAAAA5QQBMAAAAAAAAAAAAACUE5b7PYFfgovnE+/3FAAA+FXxrtvgfk8BAAAAAAAAAFACAmDxf2IDAAAAAAAAAAAAKB/YAhoAAAAAAAAAAAAAygkCYAAAAAAAAAAAAAAoJwiAAQAAAAAAAAAAAKCcIAAGAAAAAAAAAAAAgHKCABgAAAAAAAAAAAAAygkCYAAAAAAAAAAAAAAoJwiAAQAAAAAAAAAAAKCcIAAGAAAAAAAAAAAAgHKCABgAAAAAAAAAAAAAygkCYAAAAAAAAAAAAAAoJwiAAQAAAAAAAAAAAKCcIAAGAAAAAAAAAAAAgHKCABgAAAAAAAAAAAAAygkCYAB3JDc3V/7+/jp37lyZ9PfWW29p8uTJZdIXAAAAAAAAAADAbxUB8B3avHmz/vSnPykwMFBt2rQpsU1CQoJ69Oih9u3bq3///vr6668d6t98840GDBig9u3bq3v37tqwYYNDPT09XWPGjFFgYKCCg4M1c+ZMFRQUGPWCggLNmjVLwcHBCgwM1JgxY3T58uV7PkaR2NhY+fv7a8WKFaWfQJTKbrdryJAh8vf314kTJ4rVc3JytHLlSkVERCg0NFTh4eEaMWKEtmzZIrvdXqZz2bNnj0JDQ8u0T/zPhg0b9NRTTxV7fc2aNXrmmWeM54mJiRo9erSCg4MVEBCg8PBwTZo0yai/99578vf3L/Y3f/58SdKxY8ccXg8JCdGECRN05cqVUue4fv16Pf/88woICFDHjh01fPjwYr9pRRYuXCh/f38lJCT81FPxs1y/fl3+/v66cOHCPR0XAAAAAAAAAIBfEgLgO1S1alX16dNHI0aMKLF+6NAhTZ06VVFRUdq+fbueeOIJjRgxQteuXZMkZWZmasSIEWrXrp22bdumUaNGadq0afriiy+MPsaPH6+cnBytX79e7777rnbs2KFFixYZ9SVLlmjbtm2KjY3V+vXrlZ+fr1deecWo34sxihw/flzbt29X7dq17/yklnMFBQWy2Wy33X716tUym80l1hITEzVgwAAlJydr3Lhxio+P17p16zRs2DAdPHhQkZGRysrKKqup4xfAbrdrxIgRcnd314oVK7Rr1y7NmDFDvr6+Du18fX21b98+h7+IiAiHNtu3b9eBAwc0f/58nTx5Um+//faPjj1v3jzNmDFD/fr106ZNm7Ry5Uo1adJEERERDr8nkmSz2fThhx+qSpUqWrt2bdkcfBmzWq33ewoAAAAAAAAAANw1BMB3KCAgQF26dJG3t3eJ9bi4OAUGBqpTp06qXLmyIiIi5OzsrO3bt0uSduzYIZPJpCFDhsjNzU1BQUHq2LGjEZicO3dOBw8eVFRUlKpXr65GjRpp4MCBiouLcxijf//+8vX1VfXq1RUVFaUvv/xSiYmJ92wMqTBMmTRpkl5++WW5uLiU7Ym+DevWrVP37t0VFBSkCRMm6LXXXtObb75p1F9//XV17dpVHTp0UO/evR1WJZ47d07+/v4OgdCmTZvUt29f4/nKlSsVFhamoKAgde7cWTNnzjRqSUlJGj16tDp37qynn35a0dHRysnJkVQYwPv7+2v58uV64YUX1KNHD33//ffy9/fXqlWrNHDgQPXu3VtDhw5VamqqwzElJSVp+fLlGj16dLHjzc7O1siRIzV27FhFRUWpYcOGslgsMplMaty4sV599VUFBQVp+vTpxnusVqtiY2MVFhamTp06aejQoTp9+rRRnzBhgrFKtEh4eLh2796tpKQkTZ06VWlpaQoPD1d4eLgOHTpUbF6ljVFa/WYLFy5Uz5499f3335dYT0pK0pgxY9SlSxcFBQVp8ODBRuidnp6u8ePHq0uXLgoJCdHrr79u/OMLSerbt68WLVqkiIgIBQQEqG/fvvrPf/6jhIQEhYaGqmPHjnrjjTfKfCX1z5Genq4LFy6oT58+qlWrllxcXNSwYUP169fPoZ3JZJKLi4vDn8VicWhjNptlsVjUqFEjBQcH69tvv73luElJSXrvvfc0fvx4devWTR4eHvL29tawYcMUEhKiN954w6H9p59+qtTUVE2aNElHjx790c+4rA0dOlSSFBERofDwcC1btkxS4ecdExOjiIgI/f73v9fu3bt/9Jov8sUXX2jgwIEKCgpSeHi4Pvjgg3t2LAAAAAAAAAAA3CkC4Lvk1KlTeuihh4znTk5OatKkiU6dOiVJOnnypJo0aeKwwrN58+Y6efKkUa9QoYLD6r5mzZrp8uXLSk9P19WrV5WWluYwxoMPPihXV9d7OoZUGNS1aNFCjz322M87aXfg4MGDmjlzpiZNmqSdO3eqQ4cO2rp1q0ObVq1aacWKFfr44481evRoTZs2TcePH7+t/s+ePauYmBjNmTNHu3fv1vr169W5c2dJ0o0bNxQZGSk/Pz9t2LBBK1euVGJioubMmePQx6FDh7RkyRIlJCSoRo0akqSjR49q4cKFiouLk5eXl+bNm2e0t9vtmjx5sv7yl7+oatWqxea0atUqde7cWY899phSU1M1atQo9ejRQ1FRUZoxY4ZWrVqlPn366MyZM8ZWuAsXLtTWrVs1d+5cbd26VS1bttRf/vKX21ol7OPjo/Hjx6tmzZqKj49XfHy8HnnkkWLtShvjdudgtVo1ceJE7du3T0uWLFG9evWKjZWdna2IiAjVqVNHa9eu1fbt2zVs2DAj6Bw3bpxyc3MVFxenVatW6dKlS3rttdcc+li/fr1GjRqlnTt3ys/PT6NGjdJXX32lf/3rX1q2bJm2bdumTz75pNTzc69Ur15dDRs21FtvvaVt27aVyb2XMzIytH//ftWvX/+WbT799FM5OzsrODi4WK179+5KTExUUlKS8dratWsVEBCgwMBA+fn5ad26dT97nrfrnXfekSQtWLBA8fHx6t+/v1HbuXOnpk2bpjVr1pR4LDc7ceKEoqKiNHDgQO3YsUNvv/22lixZop07d961+QMAAAAAAAAAUBYIgO+S7Oxsubm5Obzm7u5uhF23qmdnZ/9ovahW1O7mNm5ubqX2UZZjHD9+XJs2bbrlVth32/r169WtWze1bt1aTk5OCgkJ0cMPP+zQplevXvLw8JCTk5MCAgLUrl27YtvW3orFYpHdbtfx48eVlZWlihUrqkWLFpKkXbt2yWKxKDIyUq6urvLw8NBLL72kTZs2OfTx4osvqkKFCg6vDRgwwAgrO3bsqH//+99GbfXq1apUqZJCQkJKnNPevXuN+/G++eabRsg2btw47d69W3l5eTKZTGratKnOnDkjqfAes4MGDVL9+vXl7OysIUOGGH2VldLGuJ05ZGVlafjw4crOztY777wjDw+PEsfatWuXnJycFBUVJTc3N1ksFrVu3Vqurq5KSkrSV199pTFjxsjd3V0eHh4aOXKk9u3bp0uXLhl99OrVS02bNpWrq6tCQ0OVlJSkkSNHyt3dXfXq1VPbtm31zTfflNn5+blMJpP+8Y9/yN/fX0uXLtVzzz2nrl27avXq1Q7tzpw5o6eeesrh7+Ygu1evXurcubOCg4Pl5OSkl19++ZbjXrlyRTVr1pTJZCpWq1WrlqTC1cmSlJaWpr1796pHjx6SpB49emjjxo3Gqvj7KTw8XJ6enrfdfvXq1QoJCVFQUJDMZrMaNWqk5557rtj3GwAAAAAAAACAXxpL6U1wJypXrlxsZWNmZqaxZXTlypV1+fLlYvXKlSv/6PuLak5Ohdn9zW2ysrIc+ribYxSt1Pzb3/5WLCS+V1JTU9WkSROH1+rUqePw/P3339fmzZt15coVOTk56erVq2rYsOFt9V+3bl1Nnz5dq1at0pQpU+Tr66vBgwcrMDBQFy5c0KVLl9S7d2+jvc1mk5OTk65fv268VrNmzWL9/jDYdHFxMQL18+fPa8mSJVq6dOkt53Tp0iXjXssnTpzQyJEj5eTkpNq1a6t9+/ZGu+TkZHl4eMhutys1NVU+Pj5GzWw2y9vbWykpKbd1HkpT2hi3O4dDhw4pKytLy5cvl6ur6y3Hu3jxonx8fIxr9IdSUlJkNpsd7kddNG5ycrIRAv7wc6lYsaJcXV2NfwBR9FrR53K3WSyWEu9La7VaHbZvrlq1qiIjIxUZGanc3Fxt3rxZU6dOVd26dfXEE09IkurXr6+5c+c69HPzSvKFCxfK1dVVBw8e1Ntvv62UlJQSr1NJqlatmtLS0mS324uFwGlpaZIKVydLMu79GxgYKEl65plnNHv2bG3btk1hYWE/5ZSUuVsd362cP39ep0+f1uHDh43X8vLyVLdu3bKeGgAAAAAAAAAAZYoA+C7x8/NzuK+mzWbTiRMn9OSTT0qSGjdurO3btxuBoVS4mrZx48ZGPT8/X2fOnFGjRo2Meo0aNYywpWbNmvr222/VsmVLSVJiYqJycnLk5+d3T8a4fPmyTp06pddff904zszMTM2fP1979uwxtmO9m2rVqmVsc1zkwoULxvHs3r1b77//vmJjY9WgQQNJ0ujRo417u1asWFFSYbBTFLRdvXrVob+goCAFBQUpLy9PGzZs0JgxY7Rjxw7Vrl1bderUKbYCs0hRmF7SyslbOXLkiK5evWrcg7honkOGDFGfPn0UGRmp6tWrKy0tTXXr1lWTJk2UkJCgiIgIpaWl6cCBA+rZs6fi4uJktVrVokULmUwm4zy1bt1aUuH1ePHiRXl5eUmSKlWqpLy8PIe5/PA8lHYMpY1xO3OQpA4dOsjPz09DhgzR3LlzjWv1Zt7e3kpKSnK4tot4eXmpoKBAKSkpRt/nz5+XJIdQ+JekTp06ys7OVnp6uvHdkwrvUX2rwNHFxUXh4eFavHixTpw4YQTAFovF4ZyWpHr16nJ3d1doaKjOnj2rKVOmaMWKd/euzQAAIABJREFUFSUG6u3atVNeXp527NhRbOvkDRs2yMfHR3Xr1pXNZlN8fLwyMzPVtWtXo43NZtPatWvvSQBc0vyL3HwNl3bNe3t768EHH9TYsWPLdpIAAAAAAAAAANxlbAF9hwoKCpSbm2us2svNzVVubq5R79Wrl/bs2aO9e/cqJydHS5YsUV5enhGgPPXUUyooKNCiRYuUk5Ojffv26eOPP1avXr0kSQ888IAef/xxzZkzR9euXdPZs2e1dOlSoy5JvXv31vvvv6/ExERlZGQoJiZGjz76qBF03u0xPD09tXHjRq1YscL4q1OnjgYMGKCpU6fe3Q/gv0JDQ7Vx40YdPXpUNptN27Zt05EjR4x6RkaGqlSpYqwAPX78uD777DOjXqNGDdWqVcvYIvfq1auKj4836mfPntWBAweUm5srZ2dnVatWTSaTSWazWUFBQbp+/breffddZWdny263Kzk5WXv27Lnj4/nd736nDz/80Dif8+fPlyS98cYbeuGFFyRJAQEB2rx5syRp7NixOnnypMLDwzVlyhR16tRJ27dvV1pamubMmWOEXmFhYVq8eLGSkpKUl5enBQsWyG63Gys1mzdvrs8++8y4htesWeOw8tvT01NXr15VRkbGLede2hil1Yv06dNHw4YN00svvaRjx44Zr7/33nv6/PPPJRWG8gUFBYqJiVF2drasVquOHDminJwc+fj46JFHHtHMmTOVlZWla9euadasWQoICPhJWwDfSw899JAaNmyo6OhoJScnG9/XhIQEIzi9cuWKZs6cqW+//VbZ2dnKysrSmjVrdPHiRbVq1croy263G79HRX8lrS4u8uKLLyolJUVbtmwpsf7AAw+of//+mjZtmrZs2aJr164pOTlZ8+fPV0JCgqKiomQymbR//36lpKRoyZIlDr8Js2fP1rFjx3T69OmyPWklcHV1VeXKlXX27NlS25Z2zT/77LPauHGjdu3aJavVKqvVqtOnT+vo0aN3bf4AAAAAAAAAAJQFVgDfoQ0bNmjKlCnG86LVd9u3b5eHh4ceffRRvfLKK4qOjlZaWpp8fX0VExNjbMXq7u6umJgYvfnmm1q8eLE8PT01btw4+fv7G31OnTpV06ZNU7du3eTs7KywsDANHjzYqP/xj39UVlaWBg0apNzcXLVt21bTp0836nd7DLPZXGylodlslpubm8Mqxrupbdu2Gj58uF555RVlZWUpMDDQ4d65Tz/9tD7//HP16dNHHh4eatCggcM2ySaTSZMmTVJ0dLSWL1+uatWqqUOHDtq/f7+kwpXBsbGxSkxMlMlkUp06dfT3v//d2J44NjZWc+fOVe/evXXjxg3VqlVLYWFh6tChwx0dj6urq8PWx2azWVLhNrxF22z37dtX/fv3V5s2bdSqVSvNmDHDoY+btw2WpEGDBqmgoECRkZHKyspS06ZNNW/ePKPPbt266fDhw/rDH/4gLy8vPfLIIw4rT5s2baouXbqoZ8+eKigoUHR0dLF7LZc2Rmn1H+revbsqVaqkv/71r4qOjpa/v7/i4+NltVrVpk0bubm5KTY2VrNmzVKPHj1ktVrl5+enWbNmSZKmT5+uGTNmqGfPnjKZTGrXrp1GjRp1R5/JvWCxWBQTE6OYmBgNHDhQWVlZ8vHxUVRUlLp16yapcMXvjRs3NGHCBCUnJ8tisah+/fqaPHmyw3f69OnTxu9RkdDQUIeV+j/k5uam/v37KzY2Vl26dCl27UjSiBEjVK9ePS1dulQTJ05Ufn6+PDw8NHPmTAUEBEiS1q5dq6CgIDVr1szhvZ6enmrZsqXi4uLuyWra4cOHa+LEicrJyVG/fv0UERFRYrvSrvnmzZtrxowZevfddzV58mTZ7XY1aNBAgwYNuuvHAAAAAAAAAADAz2GyF+0xC5QT06ZNk9lsLtdbt546dUrjxo1TSEiIwsLC5O3trfz8fO3bt0+zZ8/WxIkTHVaFAmXpxIkTioyM1MiRI9W9e/f7PR0AAAAAAAAAAMqdol1ZDx8+fNvvKboNJyuAgV8hPz8//fOf/9SaNWv08ssv69KlSzKbzWrWrJnGjx9P+Iu7qkmTJpozZ44OHDigzMxMubu73+8pAQAAAAAAAACA/yIABn6l3NzcNHDgQA0cOPB+TwW/QS1atFCLFi3u9zQAAAAAAAAAAMBN2AIaAAAAAAAAAAAAAH5Bfs4W0E53ZUYAAAAAAAAAAAAAgHuOABgAAAAAAAAAAAAAygm2gAYAAAAAAAAAAACAX5CiLaDvBCuAAQAAAAAAAAAAAKCcIAAGAAAAAAAAAAAAgHKCABgAAAAAAAAAAAAAygkCYAAAAAAAAAAAAAAoJwiAAQAAAAAAAAAAAKCcIAAGAAAAAAAAAAAAgHKCABgAAAAAAAAAAAAAygkCYAAAAAAAAAAAAAAoJwiAAQAAAAAAAAAAAKCcsNzvCfwSXDyfeL+nAADAr4p33Qb3ewoAAAAAAAAAgBKY7Ha7/X5PAgAAAAAAAAAAAABQKCMj447fyxbQAAAAAAAAAAAAAFBOEAADAAAAAAAAAAAAQDlBAAwAAAAAAAAAAAAA5QQBMAAAAAAAAAAAAACUEwTAAAAAAAAAAAAAAFBOEAADAAAAAAAAAAAAQDlBAAwAAAAAAAAAAAAA5QQBMAAAAAAAAAAAAACUEwTAAAAAAAAAAAAAAFBOEAADAAAAAAAAAAAAQDlBAAwAAAAAAAAAAAAA5QQBMAAAAAAAAAAAAACUEwTAAAAAAAAAAAAAAFBOEAADuCO5ubny9/fXuXPnyqS/t956S5MnTy6TvgAAAAAAAAAAAH6rCIDv0ObNm/WnP/1JgYGBatOmTYltEhIS1KNHD7Vv3179+/fX119/7VD/5ptvNGDAALVv317du3fXhg0bHOrp6ekaM2aMAgMDFRwcrJkzZ6qgoMCoFxQUaNasWQoODlZgYKDGjBmjy5cv39MxPv74Yz3//PPq2LGjOnTooD/+8Y/6/PPPf9rJhIOFCxeqZ8+eCggI0FNPPaUxY8YoKSmpWLucnBytXLlSERERCg0NVXh4uEaMGKEtW7bIbreX6Zz27Nmj0NDQMu0T/7NhwwY99dRTxV5fs2aNnnnmGeN5YmKiRo8ereDgYAUEBCg8PFyTJk0y6u+99578/f2L/c2fP1+SdOzYMYfXQ0JCNGHCBF25cqXUOa5fv17PP/+8AgIC1LFjRw0fPrzYb1qRhQsXyt/fXwkJCT/1VPws169fl7+/vy5cuHBPxwUAAAAAAAAA4JeEAPgOVa1aVX369NGIESNKrB86dEhTp05VVFSUtm/frieeeEIjRozQtWvXJEmZmZkaMWKE2rVrp23btmnUqFGaNm2avvjiC6OP8ePHKycnR+vXr9e7776rHTt2aNGiRUZ9yZIl2rZtm2JjY7V+/Xrl5+frlVdeMer3Yoz69evr1Vdf1Ycffqj4+Hg9/fTTioqKUnp6+s8/yeVMQUGBbDZbqe3atm2rmTNnasuWLVq2bJnc3Nw0duxYhzaJiYkaMGCAkpOTNW7cOMXHx2vdunUaNmyYDh48qMjISGVlZd2tQ8F9YLfbNWLECLm7u2vFihXatWuXZsyYIV9fX4d2vr6+2rdvn8NfRESEQ5vt27frwIEDmj9/vk6ePKm33377R8eeN2+eZsyYoX79+mnTpk1auXKlmjRpooiICIffE0my2Wz68MMPVaVKFa1du7ZsDr6MWa3W+z0FAAAAAAAAAADuGgLgOxQQEKAuXbrI29u7xHpcXJwCAwPVqVMnVa5cWREREXJ2dtb27dslSTt27JDJZNKQIUPk5uamoKAgdezY0QhMzp07p4MHDyoqKkrVq1dXo0aNNHDgQMXFxTmM0b9/f/n6+qp69eqKiorSl19+qcTExHs2RoMGDdS0aVN5eHioRo0aql+/vvLy8nTx4sWyP+m3sG7dOnXv3l1BQUGaMGGCXnvtNb355ptG/fXXX1fXrl3VoUMH9e7d22FV4rlz5+Tv7+8QCG3atEl9+/Y1nq9cuVJhYWEKCgpS586dNXPmTKOWlJSk0aNHq3Pnznr66acVHR2tnJwcSYUBvL+/v5YvX64XXnhBPXr00Pfffy9/f3+tWrVKAwcOVO/evTV06FClpqYafbZs2VINGjRQlSpV5OXlpdq1a+vs2bNGPTs7WyNHjtTYsWMVFRWlhg0bymKxyGQyqXHjxnr11VcVFBSk6dOnG++xWq2KjY1VWFiYOnXqpKFDh+r06dNGfcKECcYq0SLh4eHavXu3kpKSNHXqVKWlpSk8PFzh4eE6dOhQsc+htDFKq9+saCX0999/X2I9KSlJY8aMUZcuXRQUFKTBgwcboXd6errGjx+vLl26KCQkRK+//rrxjy8kqW/fvlq0aJEiIiIUEBCgvn376j//+Y8SEhIUGhqqjh076o033ijzldQ/R3p6ui5cuKA+ffqoVq1acnFxUcOGDdWvXz+HdiaTSS4uLg5/FovFoY3ZbJbFYlGjRo0UHBysb7/99pbjJiUl6b333tP48ePVrVs3eXh4yNvbW8OGDVNISIjeeOMNh/affvqpUlNTNWnSJB09evRHP+OyNnToUElSRESEwsPDtWzZMkmFn3dMTIwiIiL0+9//Xrt37/7Ra77IF198oYEDByooKEjh4eH64IMP7tmxAAAAAAAAAABwpwiA75JTp07poYceMp47OTmpSZMmOnXqlCTp5MmTatKkicxms9GmefPmOnnypFGvUKGCw+q+Zs2a6fLly0pPT9fVq1eVlpbmMMaDDz4oV1fXezqGJCUnJ6tLly7q2LGjhg0bpqCgIDVr1uznncDbdPDgQc2cOVOTJk3Szp071aFDB23dutWhTatWrbRixQp9/PHHGj16tKZNm6bjx4/fVv9nz55VTEyM5syZo927d2v9+vXq3LmzJOnGjRuKjIyUn5+fNmzYoJUrVyoxMVFz5sxx6OPQoUNasmSJEhISVKNGDUnS0aNHtXDhQsXFxcnLy0vz5s1zeM9HH32kLl26qEOHDlq8eLGGDBli1FatWqXOnTvrscceU2pqqkaNGqUePXooKipKM2bM0KpVq9SnTx+dOXPG2Ap34cKF2rp1q+bOnautW7eqZcuW+stf/nJbq4R9fHw0fvx41axZU/Hx8YqPj9cjjzxSrF1pY9zuHKxWqyZOnKh9+/ZpyZIlqlevXrGxsrOzFRERoTp16mjt2rXavn27hg0bZgSd48aNU25uruLi4rRq1SpdunRJr732mkMf69ev16hRo7Rz5075+flp1KhR+uqrr/Svf/1Ly5Yt07Zt2/TJJ5+Uen7ulerVq6thw4Z66623tG3btjK593JGRob279+v+vXr37LNp59+KmdnZwUHBxerde/eXYmJiQ5blK9du1YBAQEKDAyUn5+f1q1b97PnebveeecdSdKCBQsUHx+v/v37G7WdO3dq2rRpWrNmTYnHcrMTJ04oKipKAwcO1I4dO/T2229ryZIl2rlz512bPwAAAAAAAAAAZYEA+C7Jzs6Wm5ubw2vu7u5G2HWrenZ29o/Wi2pF7W5u4+bmVmofZTmGJNWsWVMrVqzQkiVLNGjQILVp00ZOTvfm0lq/fr26deum1q1by8nJSSEhIXr44Ycd2vTq1UseHh5ycnJSQECA2rVrV2zb2luxWCyy2+06fvy4srKyVLFiRbVo0UKStGvXLlksFkVGRsrV1VUeHh566aWXtGnTJoc+XnzxRVWoUMHhtQEDBhhhZceOHfXvf//bof7kk09qxYoVevfdd9WrVy81adLEqO3du9e4H++bb75phGzjxo3T7t27lZeXJ5PJpKZNm+rMmTOSCu8xO2jQINWvX1/Ozs5GoLx3797bOg+3o7QxbmcOWVlZGj58uLKzs/XOO+/Iw8OjxLF27dolJycnRUVFyc3NTRaLRa1bt5arq6uSkpL01VdfacyYMXJ3d5eHh4dGjhypffv26dKlS0YfvXr1UtOmTeXq6qrQ0FAlJSVp5MiRcnd3V7169dS2bVt98803ZXZ+fi6TyaR//OMf8vf319KlS/Xcc8+pa9euWr16tUO7M2fO6KmnnnL4uznI7tWrlzp37qzg4GA5OTnp5ZdfvuW4V65cUc2aNWUymYrVatWqJUnGlu9paWnau3evevToIUnq0aOHNm7caKyKv5/Cw8Pl6el52+1Xr16tkJAQBQUFyWw2q1GjRnruueeKfb8BAAAAAAAAAPilsZTeBHeicuXKxVY2ZmZmGltGV65cWZcvXy5Wr1y58o++v6hWFLDe3CYrK8uhj7s9hlS4naynp6c8PT0VGRmprl27ysfHRwEBASWfnDKUmprqEI5KUp06dRyev//++9q8ebOuXLkiJycnXb16VQ0bNryt/uvWravp06dr1apVmjJlinx9fTV48GAFBgbqwoULunTpknr37m20t9lscnJy0vXr143XatasWazfHwabLi4uDoG6JLm6usrV1VWenp6qWrWq+vXrp4SEBHl4eOjSpUuqXbu2pMJViiNHjpSTk5Nq166t9u3bG30kJyfLw8NDdrtdqamp8vHxMWpms1ne3t5KSUm5rfNQmtLGuN05HDp0SFlZWVq+fLlcXV1vOd7Fixfl4+NT4j80SElJkdlsNs6RJGPc5ORkIwT84edSsWJFubq6Gv8Aoui1mz+Xu8VisZR4X1qr1eqwfXPVqlUVGRmpyMhI5ebmavPmzZo6darq1q2rJ554QlLhfbnnzp3r0E/VqlUdni9cuFCurq46ePCg3n77baWkpJR4nUpStWrVlJaWJrvdXiwETktLk1S4OlmSce/fwMBASdIzzzyj2bNna9u2bQoLC/spp6TM3er4buX8+fM6ffq0Dh8+bLyWl5enunXrlvXUAAAAAAAAAAAoUwTAd4mfn5/DfTVtNptOnDihJ598UpLUuHFjbd++3QgMJen48eNq3LixUc/Pz9eZM2fUqFEjo16jRg0jbKlZs6a+/fZbtWzZUpKUmJionJwc+fn53bMxSmK328tke9rbUatWLWOb4yIXLlwwjmf37t16//33FRsbqwYNGkiSRo8ebdzbtWLFipIKg52ioO3q1asO/QUFBSkoKEh5eXnasGGDxowZox07dqh27dqqU6dOsRWYRYrC9JJWTv4UdrtdOTk5unTpkjw8PFS9enWlpaWpbt26atKkiRISEhQREaG0tDQdOHBAPXv2VFxcnKxWq1q0aCGTyWScp9atW0sqvB4vXrwoLy8vSVKlSpWUl5fnMO4Pz0Npx1DaGLczB0nq0KGD/Pz8NGTIEM2dO9e4Vm/m7e2tpKQkh2u7iJeXlwoKCpSSkmL0ff78eUlyCIV/SerUqaPs7Gylp6cb3z2p8B7VtwocXVxcFB4ersWLF+vEiRNGAGyxWBzOaUmqV68ud3d3hYaG6uzZs5oyZYpWrFhRYqDerl075eXlaceOHcW2Tt6wYYN8fHxUt25d2Ww2xcfHKzMzU127djXa2Gw2rV279p4EwD+288DN13Bp17y3t7cefPBBjR07tmwnCQAAAAAAAADAXcYW0HeooKBAubm5xqq93Nxc5ebmGvVevXppz5492rt3r3JycrRkyRLl5eUZAcpTTz2lgoICLVq0SDk5Odq3b58+/vhj9erVS5L0wAMP6PHHH9ecOXN07do1nT17VkuXLjXqktS7d2+9//77SkxMVEZGhmJiYvToo48aQee9GGPNmjX6+uuvlZGRofPnz+vvf/+7rl27pscff/wunv3/CQ0N1caNG3X06FHZbDZt27ZNR44cMeoZGRmqUqWKsQL0+PHj+uyzz4x6jRo1VKtWLWOL3KtXryo+Pt6onz17VgcOHFBubq6cnZ1VrVo1mUwmmc1mBQUF6fr163r33XeVnZ0tu92u5ORk7dmz546Px2azadGiRfruu++UlZWlEydOaNq0afL29jbOeUBAgDZv3ixJGjt2rE6ePKnw8HBNmTJFnTp10vbt25WWlqY5c+YYoVdYWJgWL16spKQk5eXlacGCBbLb7cZKzebNm+uzzz4zruE1a9Y4rPz29PTU1atXlZGRccu5lzZGafUiffr00bBhw/TSSy/p2LFjxuvvvfeePv/8c0mFoXxBQYFiYmKUnZ0tq9WqI0eOKCcnRz4+PnrkkUc0c+ZMZWVl6dq1a5o1a5YCAgJ+0hbA99JDDz2khg0bKjo6WsnJycb3NSEhwQhOr1y5opkzZ+rbb79Vdna2srKytGbNGl28eFGtWrUy+rLb7cbvUdFfSauLi7z44otKSUnRli1bSqw/8MAD6t+/v6ZNm6YtW7bo2rVrSk5O1vz585WQkKCoqCiZTCbt379fKSkpWrJkiVasWGH8zZ49W8eOHdPp06fL9qSVwNXVVZUrV9bZs2dLbVvaNf/ss89q48aN2rVrl6xWq6xWq06fPq2jR4/etfkDAAAAAAAAAFAWWAF8hzZs2KApU6YYz4tW323fvl0eHh569NFH9corryg6OlppaWny9fVVTEyMsRWru7u7YmJi9Oabb2rx4sXy9PTUuHHj5O/vb/Q5depUTZs2Td26dZOzs7PCwsI0ePBgo/7HP/5RWVlZGjRokHJzc9W2bVtNnz7dqN+LMdLT0zV+/HilpqaqUqVK8vPz0+zZs297i+Wfq23btho+fLheeeUVZWVlKTAwUCEhIUb96aef1ueff64+ffrIw8NDDRo0cNgm2WQyadKkSYqOjtby5ctVrVo1dejQQfv375dUuDI4NjZWiYmJMplMqlOnjv7+978b2xPHxsZq7ty56t27t27cuKFatWopLCxMHTp0uONj+vbbb7V69Wpdu3ZNHh4e8vf316uvvmqsUO7bt6/69++vNm3aqFWrVpoxY4bD+2/eNliSBg0apIKCAkVGRiorK0tNmzbVvHnzjPs7d+vWTYcPH9Yf/vAHeXl56ZFHHnFYedq0aVN16dJFPXv2VEFBgaKjo4vda7m0MUqr/1D37t1VqVIl/fWvf1V0dLT8/f0VHx8vq9WqNm3ayM3NTbGxsZo1a5Z69Oghq9UqPz8/zZo1S5I0ffp0zZgxQz179pTJZFK7du00atSoO/5M7jaLxaKYmBjFxMRo4MCBysrKko+Pj6KiotStWzdJhSt+b9y4oQkTJig5OVkWi0X169fX5MmTHb7Tp0+fNn6PioSGhur1118vcWw3Nzf1799fsbGx6tKlS7FrR5JGjBihevXqaenSpZo4caLy8/Pl4eGhmTNnGlu9r127VkFBQWrWrJnDez09PdWyZUvFxcXdk9W0w4cP18SJE5WTk6N+/fopIiKixHalXfPNmzfXjBkz9O6772ry5Mmy2+1q0KCBBg0adNePAQAAAAAAAACAn8NkL9oLFygnpk2bJrPZXK63bj116pTGjRunkJAQhYWFydvbW/n5+dq3b59mz56tiRMnOqwKBcrSiRMnFBkZqZEjR6p79+73ezoAAAAAAAAAAJQ7P7Yra2lYAQz8Cvn5+emf//yn1qxZo5dfflmXLl2S2WxWs2bNNH78eMJf3FVNmjTRnDlzdODAAWVmZsrd3f1+TwkAAAAAAAAAAPwXK4BR7vwWVgADAAAAAAAAAACg/Po5K4AJgAEAAAAAAAAAAADgF+TnBMBOZTgPAAAAAAAAAAAAAMB9RAAMAAAAAAAAAAAAAOUEATAAAAAAAAAAAAAAlBMEwAAAAAAAAAAAAABQThAAAwAAAAAAAAAAAEA5QQAMAAAAAAAAAAAAAOUEATAAAAAAAAAAAAAAlBMEwAAAAAAAAAAAAABQThAAAwAAAAAAAAAAAEA5QQAMAAAAAAAAAAAAAOUEATAAAAAAAAAAAAAAlBMEwAAAAAAAAAAAAABQTlju9wR+CS6eT7zfUwAA4FfFu26D+z0FAAAAAAAAAEAJTHa73X6/JwEAAAAAAAAAAAAAKJSRkXHH72ULaAAAAAAAAAAAAAAoJwiAAQAAAAAAAAAAAKCcIAAGAAAAAAAAAAAAgHKCABgAAAAAAAAAAAAAygkCYAAAAAAAAAAAAAAoJwiAAQAAAAAAAAAAAKCcIAAGAAAAAAAAAAAAgHKCABgAAAAAAAAAAAAAygnL/Z7Ar4Xdbpfdbjf+G79dJpPJeCz6bwAAAAAAAAAAAOCXgAC4FHa7XQUFBTqVlquvzudo18lMHb9UoHOZJmVZWUD9W+JmsekBd7uaeprVqbG7HvNxla+ni8xmM0EwAAAAAAAAAAAAfhFMdpazlqgo+P3ucq5+vyJVF7IkawWLbBazVMEim9kkk8Usu90uk8nE42/h0WaX8gvkVGCTKc8qi9WqOm7SuudrqV51gmAAAAAAAAAAAACUjYyMjDt+LwHwTex2u2w2m/Ly8hSxLlWbztiVX7WiVMF8v6eGX6L8Ajlfva6ufk5a0NNLFSpUkNnMtQIAAAAAAAAAAIA7RwBchgoKCnQl84YC/5GqFHsFFbi5lLgiVHa79CMrRqn/tupOGTmqbc7Xvj97qaqbKyEwAAAAAAAAAAAA7hgBcBkpKChQytXrarcgTRkVXWV3NsskyS7xyGOpj8orUNUbN/TlUC9Vc69ICAwAAAAAAAAAAIA7QgBcBmw2m3Jzc9V67kWlVnCVvYJJJplk1w9WfvKc56U9zyuQlzVHh/7iLVdXVzk5Od3vSxsAAAAAAAAAAAC/MgTAP5PdbldeXp4GrzmvjUkW2Stb/lcsWuLJc57f5nNTplXdfKxa+GxdOTs7F24ZDQAAAAAAAAAAANymnxMAszxRhVs/f3MhS5vOmGSv5CST7JLdVvhos/1inv+9Y1Vd+UsdHX3R6xcxH56X/FxuZm36j0lnUrNVUFBwvy9vAAAAAAAAAAAA/Ib85gNgm82mvPx8DVh7VXZ3Jzn9N8wr68ffN66o9GF1dWW4j9KH1VXz6paf3I/t8jlJkj0n867Nk8eyeZSbk55fk668/HzZbLb7fJUDAABbwhMBAAAPBUlEQVQAAAAAAADgt4IA2GbTieRsJV83yWQx/WioZyol9Puxep+GjuP2bWT6yf3/3+rPVK373/TwsJgyn19Z1J2d7s/4Lk6/jON3qFukpEwnnU65TgAMAAAAAAAAAACAe8ZSepPyy263y2q16vOz12Uzm2Sy24oKMt3i8U7q3pWd1Mm3uiTpy5Pf67HG9fRc86qafDBZBT9oN+yRKnr+ITf5uFtUYJcuZlm1NylHf9t1WSZJbw3pqcEPv6hzGVY98l6SZLfLvYJJ0Z1qqFujSsrOt2nx0Uw9UMWi55u76dSVfLVfdl6y27Xv+bpqWqOCPjiRrXMZVj3/kJtczSZ9lHhDf9t5SVn5dslu15g2HurhV1l13MyqXMFJV3Nt+vR8jibuS1fiNaskKaxRRS3pWkuS9OLGVI14rKpa1XLR8I9StObkjRLPS6d6FTXisapq7eUsF7NJSZkFmvPlVb3/7ywNbOGmtzrVkCQ9GHtWmXk2Na5WQZ/2rytJ6rc+RR8l3vjRcbd8l6PXA6upy4OV5FnRrOtWm767ZtWKf2dqybFMmSRVczHp5fbV9fSDlVSrkllXcm3a/f0NTdt/RecyrXf8+d6qbrOY9MW5G2pcu7LMZjP3AgYAAAAAAAAAAMBd95teAWy322Wz2fT5uVzJbP/fvVztjis6iz3+xHofvwpyMpl0Jeu6Bs/fKLvdrlpVXNW5vovRLrRRRb0eWE0N3J30yeET2n/0hFys19WtvsXox3blfOG8c7OM983oVE3PNa2syhVMup6ZoWGPuKlHI5fCdtczjHa261clSb38Kql/Uxclnb+oqi5OerZJZf31UTejXdtqObLkZujAsZP66OC/5WTNUZhvJa3pUUsVnIrmcdE4h++GeKqRu11pV67JfjW5xOPv1biS1oR76ckHXFXBXqBT55Ll6WzVY+7XJbtNBelJ//tM8nJksttly75ivGa7Vtiv7eqtxx3frooGtnSXiz1XWz47pmOnElW/UoHaV8uRSXZVNNu1sbeX/tTSXbUqmnQqKVnuZpuebVJZW56rrZoVTWX/+Zul/WdvyGazyV4UDgMAAAAAAAAAAAB30W96BbBUuAX08ct2OZntks0uk0mS3S4nk2S3FX+8k3rfppUlSXF7juj7mv7a/+//6IkWjdTX16yPvrPLbrPLr0KGJC8dOn1Oz8/fqrx8q2xZV9TQy0Nq2lNO/+23iJPsquduVs8mVSRJCxL2aNSij+TlXkFfzv+b5FJBkl1OKuy/aO1p5vUc+Q99S+lWszaM+72CWjdWh1r/a/fHmXG6lJaqml615V7RVS1rfqXl4/qrgYezHvE062BKvmT/35bGWz/7WgOil6vAZFblZh1kqt242PG/1q5wjv+5cEnB/zdXqblOsuRnq+nD/nKq/qjDcdl/uI2y8WLh/GS79bh9W9eUVE3Ld3ypV+MPyZ6fI3vWZT3Y+CGp7hN6tlllNa5RGIz3m7JYm4+dVytvN+2ZPUpelS2KaFFR0z7LLNPP3+Zk1/HLdraABgAAAAAAAAAAwD3zmw6Ai1YAn8sySxVtMsn03+17Tf8N80z/DR8dn/+UeltvVzWs6S5J+tfhFJkrP6SVn57SEy0aqUsTT9XYk6X0GzZ9fOw7vdLZV22aNlDKor/q+2v5OpKaq6UHzyslrTCcdWCzqalbvop2Ff7g6yuq1PFFXcvJ1K7Dp9QzsNV/D9ImJ5mk/waqnxw7rRste6iic0WdvXJDklTTrYJks8lkMql3zx4aG+itWpXNxc5XbacsmewVHJaNz935rVw6/kkyOclmK5DJbnM4/lqVnOTj4SpJWrb7sDJbhv9/e/caI1V5x3H8+5wzZy47O3thL1wXFliByk0UUYsCsVBEpVqVBq2EVtOQtomJlWoabU1r06SNTVO1TVtLDUqr9dpam1oFRW3RYoUCKlQXuS2FhYVd9jo7M+c8fTGzwwyCUiBIur/Pm9ln/ofnPHvOvvvxfx7ikVICP0NjdxuODYrmM0cJe01uXLiB8gOrNhOeeRPGcbC+z8v/ep9Z44Zwy9WXsGT+xTS2plm7u5tfvL4LJ2mZnEgC0N2bYlWyjtj0mWzp2M97Tc2MGz6IyeWZXAfvKXz/rmFnh4u1Vh3AIiIiIiIiIiIiIiIiclr06wAYsiGwJRsymnxId8SZricxXjj6cJD6zK3zwRgcRgLguQ7Xjo7w4KYu1h2K8Jlv/IQbZk9j8ug6xo0YxNVjSpnfMIZLV+xgy4FUNqDMTp/b1rk9P7dbVYfpDHAjcUzkcFSa/Z0Oh4+dGRcTDgGWwLj5awyWcQM87v3sMIyBp19dz5/WbGBAWZwff20BAE6mF2NDRfMdiNfnzra1GMfJPYOC59HTfXiNiRqccCwbSjsOlA4Aa7EFHcVurgO4LFrwp5lbnym8b2k9Ti5wxXG4f81/2LHtIS67YAITRg1l7LCBjK+uYO7IEqb+Zjs21ZP/t6HakYAllKgGJ/sMbCZ1+AzoU/j+La7CXxERERERERERERERETlt+vUZwH0GR9NYn2Of6XqCn/EQfG58df4+ZVGXsohDaeRwuHn92XEMlrq6oeyomcbSZ95m9t2P0HDj3aTSGVzHMKm8eNtlAGzAlubOfLj4+Qk1GCwDSxxmjR8OkAshg6LgFMfJry/fPpy7bmw8lf/qzqff4tmDVbSWDMtfYmyQW0fBfF7kI59Dc2eapv3Z83xvuHBU/qxdl4BxVR7YgJbO3vx09eXZM4+vGJM4fN++9X7EfcdNmcbzh2pY8vAbfHrpr7j2O78EYEhZmMFxh/XbmgEoiYS5bHQcbMCk2jBjhmTfz/oP9pzy949vGBxLKQAWERERERERERERERGR06bfdwAbY2iotGzbZyDk5zs3P/xpcuHe8devGB0lEfUAmP71H7KhcVf+vgsvPZ9f37GY8UMqmFjTyjlVhu/fNJ139p3H3q4MQ0tDhL0QQWDZ0LgTY4YWrxtLUyrCk6+sY8Gs81hy0TAuH59mQMzFZtJF13FkANm3zoJA1QAbtzbhBw24jsPPblnApv1pFk0s+9B9C+fLNv8Gx3w+brSEby9/noeWXs+omgRrb46zvS3NkESIP29u4baXk7zZ1EFPb5pYxOPR60ayvT3D1MHRwgUf0WFbeN/s97dPq2Dm9fPY0tLLwR6fidXZP+19bR3s3n+Ap9ra+OrOvYwbPohlVw6hsTVFfbmH4xiaD7bz4Os7YGDFKX3/gQ9jqnJbQ4uIiIiIiIiIiIiIiIicBv06ADbG4DgOM0dGWLknk98COruzsM390DcOyPXUHnd94dgSAHY2H+T96gtIjJqfr6860EgqnSHshVg4JsyTazbzak0P40cNY0JNCd29adZu3sZPn1jJv4OxOAm/eItqG+CWlHHbo6vxfZ/50ycTsxnue/w1xtYN5JoZU+hJpbPbOxfkj4bsGbvFXakWY322JSMsuXcFdy66nIuHV1LptvLNnz/BsqVfzF1mc9tFF8xn++Y79vN5rjnGVd96gFu/MIdzx46godJj175W1m58F2MH0hoawM0/epjvfnk+dbUDyLTv5yuPvMSyO76UWzMY6x9x375O2+xtVr7xFoOcMZw1tJbywXHaOrv5yz82cc9vX8AMn0umup7L7lrGnQsu4YqLJtFQWUZbZzd/fGsz9/zuRdpGzcE5xe/f+DBrdAzHcRQCi4iIiIiIiIiIiIiIyAlbvHjxMWvLly8vGhvbj/enDYKAZDLJug9auO6ZFE4s2ddamr3AclLj7rV/wG/bgxMtJT5jUVHdpnvpXP0QWItXNwFv8Fmktv4Tv/MgNtWNcT2ckgq8kefiDcyeGZx89zXSTW8XzTe4BHavf5nu3Y3ghBj4qan8/a6rqC0vYcVL67h9fQSwdK15jKDjIN7QcUQnXJqd751XSO9+t2i+9J73SG1dS5DsxC2twhsxmeTbKwGITpyDN3gM6eZGkhv+ChbiMxbhxBIf+zwyLbtIbVtP0L4PG2RwognC9efg1U0ALOnmD0i99wZBbyduWS3esLNJbloJxhCbMo9QTT3pvVtJbnwBsMQvuREnWpafP717M+mmzQQ97dh0EuNFcMtqCTdciFtWlV1Obw+9W98ks3979hmHIrjVw4k0nI8TKzvp933k2O+O8ex1YSbWVxONRLLnHouIiIiIiIiIiIiIiIh8jPb29g99d7QQ+MjwF/p5AGytJZVK0dbWxtwVh2j20xgT9DV20hflFX0ebvw8I+o3TSrlthnD2djcQ9q3TB1SQnnUpb07yex7HqepasoZvf7/17rvOwwJhXh+USUVFRV4nqcuYBERERERERERERERETkuRwuAoTgEPlr4C9CvWxKNMYRCIWKxGPfPdsj0RHPbCgfZ7ZaP9nmG1d/ZspXGHU2cU+Mxc0Sc7q5Ofr9qLbNuuZedkeGf+Pr6a91PRnlgjks0GsV1XYW/IiIiIiIiIiIiIiIictL6Qt9jhb/QzzuAAay19Pb20trayg9Wt/L4VoMXSeVaOTlGq6c5Y+qZliZ6t64l6GrDBhmMFyM0YCjhkefillZ84uvrj/V0KsoNDQG3z6yksrKSSCSiAFhERERERERERERERESO27E6gI9Hvw+AATKZDF1dXbQcOMDVT2U4kOnFdTNYLIbC4K4v5esbqa56cd33PWq9ME9d41FdVUU8HicUCiEiIiIiIiIiIiIiIiJyvE4mAO7XW0D3cd3sVr1liQQr5gWEfA8/42Qfjg0wBLnP4rHqqheOAz9EyA/zyDxLWSKR3/5ZRERERERERERERERE5HRRB3BOEAQkk0kOtbezt6WVhc8Z2tKWSLgrt91vQadncSOo6qrTmy5lgGd47EpLbXUlFeXlRCIRHEf/x0JERERERERERERERET+N9oC+hTxfZ9kMkl7RweH2tr43t9SvLg7TiR0CMfJFGSAJrf9b8HYWtX7YT3jh0hlypk7rJO7pkcoLy+nPBf+qvtXREREREREREREREREToQC4FPI931SqRQdHR20d3SwvaWbW1eHaE56YNK4jo9r0jgmgzFBNhTMPUGLxRhTMEb1/6O6bw3WevjWIwhCWBtiYCzFfbN86qpKKEskSCQShMNhhb8iIiIiIiIiIiIiIiJywk4mAP4vri5/KrRm61oAAAAASUVORK5CYII=' height='250' width='300'/> ]]>
  </system-out>
</testsuite> <!-- com.tribu.qaselenium.tests.apimazaprendo.MAAssignF2FCourseTests -->
