<?xml version="1.0" encoding="UTF-8"?>
<!-- Generated by org.testng.reporters.JUnitReportReporter -->
<testsuite hostname="station" failures="0" tests="1" name="com.tribu.qaselenium.tests.mazaprendo.MAUploadEvidenceTests" time="40.505" errors="0" timestamp="2022-04-15T23:37:02 COT" skipped="0">
  <testcase classname="com.tribu.qaselenium.tests.mazaprendo.MAUploadEvidenceTests" name="uploadEvidence" time="40.505"/>
  <system-out>
    <![CDATA[ <img src='data:image/png;base64,iVBORw0KGgoAAAANSUhEUgAAB4AAAAOiCAYAAACRicroAAAAAXNSR0IArs4c6QAAIABJREFUeJzs3Xd4VGX6xvF7MiE9kyAlhA5RAamygMYNoBQFFEFQWaUsLO6CgLqKK2BkdUWaIlgA17IrUlRAqhSVokJ+SxVIaKEEpCSQBNIrSeb8/ogZMySTRiA4fj/XlcvMKe95z2QIMvc8z2syDMMQAAAAAAAAAAAAAOCmkJKSUuFzXSpxHgAAAAAAAAAAAACAKkQADAAAAAAAAAAAAABOggAYAAAAAAAAAAAAAJwEATAAAAAAAAAAAAAAOAkCYAAAAAAAAAAAAABwEgTAAAAAAAAAAAAAAPAbsXbt2hL3EwADAAAAAAAAAAAAwG9AQfhbUghMAAwAAAAAAAAAAAAAN7mrQ19HITABMAAAAAAAAAAAAADcxByFvcVtNxmGYVzvCQEAAAAAAAAAAAAAyiYlJaXC51IBDAAAAAAAAAAAAABOggAYAAAAAAAAAAAAAJwEATAAAAAAAAAAAAAAOAkCYAAAAAAAAAAAAABwEq5VPQEAAAAAAAAAAAAAQFEHDhwo87Ht2rWTRAUwAAAAAAAAAAAAADgNAmAAAAAAAAAAAAAAcBK0gAaASjJq+lf6z5pdDvc/96fOevvvD0tn98mY94jjgXxqyfTKHslkug6zBAAAAAAAAAAAzowAGAButAZ3Sj61pLT44venxUundkpBwTd2XgAAAAAAAPhdslqtysjIUGZmprKyspSdnS1JcnNzk6enpzw9PeXh4SFXVyIFAPgt4Lc1ANxoJpPUsqe063OHhxjha2UiAAYAAAAAAMB1YhiGUlNTlZSUZAt8r96flZWlrKwsJSYmymQyyc3NTf7+/rJYLDLRvQ4AblqsAQwAVcDU9uGSDzi8STKMGzMZAAAAAAAA/K5kZGTo1KlTio2NVVZWlgzDUG5urtLT0xUTE6PLly8rMzNTVqvVdo5hGMrOzlZsbKyioqKUmZlZhXcAACgJFcAAUBWa3k0baAAAAAAAANxQhmEoPj5eKSkpMn4pPkhJSVFYWJj27t2r48ePKyMjQ3Xq1FF2drZatGihPn366I477rCr+DUMQ+fPn5efn59q1apFNTAA3GSoAAaAqlDQBroERvjaGzQZAAAAAAAAODvDMHTu3DklJyfLMAxZrVYlJCRowoQJmj59ur799lvFxcXJxcVFgYGBSkxM1OrVqzVq1CgtXrzYrhq4QHJyss6ePWsLkwEANwcqgAGgipjaPiyjhHWAdXiT9Mi0/LAYAAAAAAAAqKCC8LfwWr9RUVGaMWOGDh06JDc3NzVp0kTNmzdXUFCQ/Pz81KhRI124cEEnTpzQwoULdfnyZY0ePVoeHh62MSUpOztbZ86cUaNGjagEBoCbBAEwAFQV2kADAAAAAADgBoiPj7cLf5OTk/Xee+8pIiJCZrNZrVu3VnBwsAICAuTp6Sl3d3dZLBbdcsstCgwM1PHjx7V+/XrVqFFDQ4cOtY1TEPheuXJF8fHxtIMGgJsELaAB/G61HfhKiV+nzjsIZisLbaAB/AbMXf4/mYMnqO/4Tx0es/3AaZmDJ6jBw1Nt297+fJtaPvG2rNbS24B9tuEnmYMn6OuwI5Uy5+tt9Y+HZQ6eoJ8vJEoq372WxZmLiarfd6q+3Xm8UsYDAAAA8PuWkZGh5ORk22PDMHTs2DEdOXJELi4uat++vYKDg+Xn56dq1arJ29tbPj4+slgs8vf3l6+vr+rUqaNOnTpp165dSkzM/7dQ4aDXZDIpOTlZWVlZN/z+AABFUQEM4Hfr6OmYEvdn5+Rc9znQBhrAb8U3O4/pwqUUBda0FNm3YN3eItvuaBKg+zvdJheX0n9/LflmnyRp8cZ96htyx7VP9gYrz72Whb+Pp+6/6zY1CPCrlPEAAAAA3BixsbFavny59u7dq4SEBNWqVUshISF69NFH5evrWyVzMgxDFy5cKLJtxYoVSklJka+vr2699Va5u7vL1dVV1apVk4eHhzw9PWU2m5WXl6fs7Gylp6fLxcVFSUlJiomJUfXq1Yu9XnR0tIKCgqgCBoAqRgUwAFSlgjbQjqTFS+f237j5AEAxPNxd5eHmqkW/BLWFpWde0fKtEapd3cdue+/gZprz/MOljh0Tn6Kte6P04B+ba+32I0pOu/ZPi+flWa95jPIo672WlZ+Ph/77yuO6o0lApY0JAAAA4Pratm2bxo0bp9q1a2vGjBlavny5XnvtNRmGob/85S86cqRqOh6lpaXJarXKZDLZvvLy8rRr1y5ZrVb5+PjI1dVVx44d04YNG7Rp0ybt27dPly9fVlZWllJTU3Xo0CFt3bpV4eHhcnFx0cGDB21jXc0wDKWmplbBnQIACiMABoCqVJY20AdoAw2gaplk0mPd2xRb6bt8a4Syr+TqkXtb2W2fNG+jaj3wr1LHXvLtfnm6u2r+SwOUZzW0fGuE3f5/r9wpS7fJ+mzDT2r1xNvy6hqqjsPf0+4j5+yOMQdP0Owvtqt2r3/psZcXS8oPgl//z2Y1eHiqvO8N1QPPfqIT5y7ZznvilSXq+czH+mDlDjUdMEOWbpPV5/n/KDo+2W4OSzeH67ZHZ8qzy8vqPGq+Ik7af3q+8L2Ghf8sc/CEYr8ORV2UJKVmZOu52WtUv+9UeXUNVbshc7Tqh0O28c7HJcscPEFfbgq3bbuUlK5hr32pW3q+qlt6vqq/TvtKaRnZAgAAAFD1Dh8+rA8++EAffPCBHn/8cdWpU0fu7u5q0KCB/vKXv2jGjBmaPHmyLl68eMPnVtCuubBz584pKytLrq6u8vX1VXx8/jJobdu2VY0aNZSZmalLly4pJSVF6enpMgxDzZo10+233y6r1aoTJ07YxiouBE5ISLh+NwQAKBNaQANAFSu1DXT4Oqnvq7SBBlBlsq7k6i99O+mz9T9p56GzurtVQ9u+Bev2qm/nO+Tn7VGhsZd8s0+9g5urfm0/3dc+SIs37tNTD3eyOyY984oWb9yn/7zymHJyrXrxvXXq8/x/dHrVJPl6uduO+8/a3Zo+po+aNcrvrDDmzVX6/Lv9mjamtxoG+OuN/27R/c9+rMNfvCgvj2qSpP+L+FlJqZma9nRvXUpKV+i/v9H4d9fpyzcGS5J2HT6rwf/8Qj073aY3RvfS2YtJmvLfzQ7vp3VQHW2Z9zfb45xcq4a99qVq+nvr1vo1JUlPTv5cEScvaOa4PqpXy6K1245o0CtLtOfTZ9X2tsAiY2ZfyVW3sR8q60qu/j1xoNIzr2jivA1KSc/S0qlDKvS8AwAAAM7ksUmLtLLQhyoLC1/8vFoF1VGtB/6lxoHVtfM/42Q2/1oX9chLn+mBu5tp9IC7K3z99957T5MmTVLNmjWL3R8UFKSRI0fq448/1uTJkyt8nfLKy8vTlStXimxPTEy0VQLXq1dP9evXV40aNeTm5iaTyaSkpCRZrVZZrVbFx8crKytLTZs21YULFxQYGKj09HRb8GsYhkwmk91/c3JylJubK1fXkuOHr1au0ksTQ0s8ZsAj/TRr5vSKPwkA8DtFAAwAVa2gDXRafPH7C9pAN2xf8WvEHJUyC7Xf8fSV6rYo3xgJ56XEq9ZNrttc8iy6HmgRUbskXRVgV68r3VK/9HOvnnt5VeRerxIeGaWU1AxJUutmTeRv8SnljHxnomN1NibO4f7k1DT5+fqUecxtuyMcrqFzJjpWjeoFqGHd2mpUr/S2sUkpaTp47HSpx12tc8fWDsep6HPj6LyS7rew8lzXkfDIKK3fulPbdv9afern66O2LZpqcL8eZXpOnZlhGLqrZQPd1qCmPv16jy0Ajjp/WdsPnNbaWSO0Zc+JUkYpKuLkBR2MuqhJw7tJkgbc10pj3lylny8kqnGg/XpSS15/wtZm+qvpQxU0YIb++/UePTcoxHbM6jf/rNsa5L/hcuxMvD5Zu1tz/9FfTw8IliS1u72uggbM1FdbIzSszx8kSb5e7tr4zkjV9PeWJJ2KvqzPv/u19f7MhT+oUR1/ff32CLn+8iaRr5e7xr61qth78vPx0L3tg2yPQz/4Rompmfrm3afk4Z7/v95//1NnNazjb5vrve2DtGD9Xn2z81ixAfBnG37SkdNxCl/8vFo2zX8tVnN10Z//tVRnLiaqUZ3i194CAAAAfk9eeKKz3nr2oRKPSUjJ0DtLwzT+yS6Vdt34+HilpKSoTZs2JR53//336+OPP1ZeXp7MZnOlXb8kWVn5S+wU/NvaZDLJarWqevXqMpvNysnJkZeXl8xms3bu3KnMzEx5e3urTp068vb2VmBgoNLS0pSdna3NmzcrLy9PDRs21OXLl5WXl2c3bkH4WyAjI0MWS8nvGT064BFJchgCE/4CQMURAANAVStoA11CFbBxYK1M1xAAG6unSqf2/LrBw1emF1aXLYAtGOPLifZjSDI9vVAKuqvkE6N2yfhgWNHtdZvL9MKa0q979dzLq2lHmcYsrvj5knr9eYJS0vID4JfHPKnQsWWruFu8epOmzS+huruQhnVr68OpL6hLJ8f/YOw9YmKZxvLz9da4Yf01Zkg/h8FoROSpMo9XWPrhDQ7HadO8qXasmFumcQo/Nxs/nVHsfZdnfm2aN9WQ/j00uF+PcoXBX2/ZoZdmfOgwqF+3dYemzluizh1b6+Uxg0v8+Ti7rCu5GtG3o6Yv2Kp3XnhYnu7VtGD9XgXWtKjX3bdrw/+OlnvMxRv3yd3NVQ/e01ySNODe1ho3a7WWfLtfob+EwgW83KvZvq9f20+tb62jiBP2rZgDa/javt+y96Qk6eHOdygrO1eSFFDdV03qVtfeo+dtAXDDAH9b+CtJdWtZFJ+Ybnv8U+R5DbyvtS38laQ6ha5TkrDwnzVz0Q+aMba3XbDbuV0TzV+xQ0s3HdDPFxKVdSVXKelZSkrJLHacLXtOqEXj2gqqV8N2L/e0bixJ2nv0PAEwAAAAUEYzxz2ov03/SgPva13kQ6cVFRMTo8aNG5d6nKurq6pXr67ExESHlcKVLTOz6L8xTCaTGjRoIH9/f8XFxcnNzU0+Pj6qX7++4uLiVLNmTbVu3Vo5OTmyWq1q1KiRGjVqJA8PD2VmZqpevXrKycnR2bNn5enpKW9vb3l7exf5AHd2dtmWrHEUAhP+AsC1YQ1gALgJmFo+UPIB4eukQp+ivGZZqTLWluN/ovesrHAIa2z7rPgdMZG/VAbf3Bat2mQLfyVp3qI1SkpJq/TrnI2JU+8RE9Vr+IRrHj85NV1T5y1R8MBxCo+MqqQZli4i8pRGhc6+Yde7+tovzfhId9w/Ql9v2VHq8UkpaRoVOlt/enaKXfgb0qG13VeB7XsOqveIiZo2f8l1mf9vwZWcPP25zx+UkZ2jFd8flNVqaOGGn/TnPn+Q2eyinNy8co1ntRr6YtMB3du+qSQpLSNbnu6uCm7VSIs37iv1/FssXopNcNwdID4x/89Rw4enyfveUNvXqegEJaRkODzvarEJaQooY+BbWEp6lob960t1vbNpkeqCZ2at1oyFWzV6YLA2z/2b9i/6u2r4eTkcKy4xTUdOx9rdx22PzpQkJTgIjQEAAAAU1aJxbT09INhhR5+K8PHxUVpa2f4dn56eLnd399IPrCQFIWxBZa7VarV93717dwUFBcnd3V0mk0l33nmnBg0apF69esnPz0+GYSgvL08uLi5yd3dX165d1b17d9WsWVNpaWl666239Pnnn+vAgQOKj49Xdna2rFar7drFtZ525NEBj+jNGVNtjwl/AeDaUQEMAKUInbtGp6IvOdw/dtC9CmkX5HB/mdx6z/VvA321Q5vzA9jSKngzU2SsmVaxaySclw5vcbjb2PaZTKVdv4pNnZcf+DUIrK1zF+KUnJqur7fs0NBHepZrHEdVruGRUYo4ekpT5y3RuQtx2r7noKbOW6K3Jo1yOFZIh9b69rOZRbYnpaRp+56DmrtwtcL2HswPlYdP1JHvPi2xKrY8Vc2lWbx6s0I6tC7381MSR/cr5beJjog8pcWrN+ngsdNKTk3Xn56dojFD+pX4HA56ZorC9h6UJFl8vBQ6doiG9C9aPXwmOtauWnnqvCVKTE4rcWxnZRiG6tTwVe/gZlqwbq9qV/fR+bhkDX+owy/7yzfe1p9OKiY+RTHxKfLr/s8i+/ccOaeOdzRweP6FS6nqeIfjLgbenm4ym130/fxRMrvYf+axcMVvaerU8FVyavlD1mdmrVFSaqYWfPC43Sfhs6/k6tP1e/X++H768y9VyJKKzLEwH0933dmsrua++EiRfU3r3VLuuQEAAADO6J2lYZr71f/stv2heX2FfTTG9tgwDL3yl+5qM3i2vvjugJ64v901X7dx48a6cOGC0tPT5e3t+N8a586dk7u7u3x9y/8B04rKzs62rclrtVqVlZWltLQ0JSUlydPTU0FBQcrLy1Nubq7MZrM8PT3l5uampKQk5ebmKi8vT66urjKZTPLw8JBhGMrNzVXjxo21fPlynTx5UmfOnFH79u3VtGlTNWjQQAEBAXJ1dbW1ny6rRwc8YqsGBgBcOwJgACjFpp1Htf/YOYf7H+rc+toDYLPbdW8DXeyYX07KbwVdwjq+xrbPpKyKrcFrbHdQ/Vvg8Jb8kLgcrajLy9RleIXP/XrLDp27kF8d+takUbZgddr8JZUWcLZtHqS2zYPUt3uweg2foIPHTmv+4jXq0qmN+nYPLtdY/hYf9e0erL7dgzV13mJNm/+5klPT9bfQ2Vr2ftGA7XoZ/coctWnRVG2bX+OfizLo0qmNunRqo3HD+uvrLTv0t5ffVkpahuYvXqM2zZsW+3P6x/QPbeFv62ZNtPT9fzpc47dRvQCFjh2ih7oH21qBlzT278Ff+nbUgAkLlZ2Tq87tmtjWsS2vxRv3ycfLXV/PGiEXl18D0is5uXpo/Kda/M0+uwA4OT1LPl75n5Q/diZeR07H6q/9HX+ApHO7JsrLsyo5LUt9fmkxLf1S0XtL2duEd2xRX5t2n9C0Mb1t21LSS34jY/mWCC3+Zp+WvP6kGgT42+1LzchWXp7VLhQ+ef6yEksImUPaNdG0BVvVOLC6Xfvp2IQ027rIAAAAwO/d3weFlLoGsCR5ulfTBxMGaMirX+iBu2+/5uuazWb1799fn3zyiZ577rlijzEMQ++9956GDStmiazrKC8vTykpKbpw4YKOHz+umJgY7du3T9HR0erSpYvuuOMOHTlyRD4+PkpKSpKHh4csFosMw1BERISqV6+uhIQEtW3bVtWrV7eFx35+fsrIyJDVatWRI0cUFxcnPz8/NWnSRMHBwbrttttUo0aNG3qvAAB7tIAGgJvEDW8DLUmJ0Y5bNEv54eymsq3pWkRmirSn9JZKxnfvl7jfNGaxTLOOOf6askeq27z4cwdNl1r1qND0JWnuwtWS8qt/+3YP1rhh/SXlt2tetGpThcctjr/FRx9Oe8H2eNvuiGsaL3TsEDUIrC1JWr915zWNVVatmzWxfd97+MTr0iq7JH27B+ubQpXCE2Z+VGQOZ6JjNX9x/trTFh8vfbNgpsPwt7C2zYOKjP179eAfWyjgFh/9L+KMRvTtWKExMrJytOrHw3qiZ1t1ubOJQto2tn1163CrHunaUl9uCldu3q/twx55aaG+Djuir7YeVP+XPtMtFi+N+KX6uDh3tWyofl1aauhrX+rdpWH6YV+U3l0aptsenalvdhwr81wnDLtP+4/H6LnZaxRx8oLWbj+iSfM3Ojw+Jj5Fo2euVMc7Gqh+bT+Fhf9s+7p4OVU1/b31h+b19drH3+nDVTv17tIw3fv0v5WTm6e0zOLXyBrV/y7V8PNSj3Ef6YvvDuj7n6L099lrdftjb9qtVwwAAACgbHp0vE33d7pd/3hvvaq5mq95vCeeeEJnz57VvHnzlJOTY7cvPT1dr776qsLCwnTx4sVrvlZ5pKen6+TJk9q9e7f27t2rLVu26NSpU7p48aKioqJkNpvl4uJiC3ZTUlKUlpYmNzc3tWjRQvXr11dAQIAyMzOVkJCglJQUpaamKiYmRtKvAXNcXJxiYmIUERGhTZs26fDhw+VqAQ0AqHwEwABwsyhoA+1IQRvoyrZpbn7QWwzjy4kVH3fPyqKVw52HSR5XVasd2pIfFleQsWZq/nrCV+vQX+o4oMLjbtsdYasSDR07WFJ+wFgQqi5Zs7nCYzvStnmQLD7564BGRJ665vG6dPp1Ddsz0bHXPF5p+nYP1uB+3SXlr0Pce8Q1vH4qqG3zIL085knbHBavtv85FYT6kvTmxFEltsYubuwxQ/rZxq7sDwH8VriaXTSszx/k4+Wux7oVbWteFqt/PKS0jGyNfLhTsftHPtxJl5LStXHHr3+2hz/UQS+887WGvPqFvD2raf2cv8jXq+S1s76Y8qSeeriT3lr8o3o99x99vHqX3nn+YfUKblbmuXZoUV9LXn9C6/8vUn/86zy9uegHPf9EZ4fH7z5yTkmpmdpz5Jy6jv7A7mv1j4clSUunDla72+vqxffW6Z0vt+uVEd31WPc2ysjKKXZMf19Pbfv302odVEdj3lylvuM/1YETMdo4Z6RqVS97O2sAAAAAv3r7ub5au/2Iwk/EXPNYZrNZM2fOlKurqwYNGqQ33nhD8+bN06uvvqrBgwfr1ltvVb169TRv3jwtWLCgEmZfNp6ennJ3d1f9+vXl5uYmPz8/5eXlSZL279+vn376SefPn1dubq4tAE5JSdG5c+d08OBBhYeH6+LFi4qIiFBsbKySk5MVGxurNWvW6MqVK7Y1hbOzs5WVlaWsrCxFRUXp0KFDcnWl+SgAVCV+CwPAzaIsbaAPf1fpbaAlyVg6SaanF9lvPLRZOrWn4mMW0/7Z1PnPMjJTpL2/hnDKSs1fC/iBZ8p/jTVT7ccq0LSjTH8qfs3Yslq8Oj/cs/h42bViDh07WKNfmaPtew5q2+6IYtf1vRaN6gXo4LHTlRLYFq5sPRMdW6ZK12v10bTxiog8pYPHTisi8pRGhc7Wh1NfKP3ESjR2aH/bmr3zFq22VW5L9j/XirRwHjesv62C+Out5V8L+rdo3GP3aNxj99htmzG2j2aM7WO37eOXH7V7PH1sb00f21vFefKBO/XkA3c6vGa3Drcqb0f+n+F/r8yvYB/Wu73GDCy+LfroAXdr9IC7i2x3d3PVzHF9NHNcn2LOkr54Y3CRbS8O7qoXB3e12zaoR1sN6tG2yHEFCt9r/64tbXN3pEndW7Rhzsgi91Agz5pf+exq/vWzmvVr+xU7XwAAAAD5Zn+xXe8sDSuy/e3n+urZx/9YZHut6t5685kH9dTU5ZVyfVdXV40aNUpDhw7VwYMHlZycrE6dOunll1+Wu7u77r//fo0ZM0Yffvih8vLyNHLkyNIHvUa+vr46ePCgIiMjFR0draioKKWnpysvL09ZWVlau3atbrnlFjVu3FhWq1VpaWkym82Ki4uTxWJR3bp1lZaWptOnTys9PV1Wq1UZGRnKysqSi4uLLQAuqCT28vKSYRhKTEwkAAaAKsZvYQC4iZhaPiCjhABYBzdKvSZIhdaOrBRRu/MD34J2yZkpMtZMq/h4e1ZKiVd9grZld+mW+jJ1GS7j6tB27yqpvAHwnpXS9oVFtwc2l2nE/PKNdZUz0bFasmaLpPzAr3CVaN/uwXppxodKScvQ3EWrKz0APnjstCSpTYum1zxWeKEq4pLC37Mxcdq+52Cp43Xu2LrUYyTpmwUz1aLncKWkZWjx6s0K6dD6hgal/hYfhXRorbC9B3U2Js62/Ux0rFLSMiSp3OsrF2hUL0CtmzXRwWOnFVaG5wwor7Dwn7X6x0OSVOH1lQEAAIDfm+XTh5Z6TPy3rxbZNuKhDiUuLVMRXl5euuuuu4psr1OnjubPn6+nn35an3zyiXx8fDRo0KBKvfbVLBaL9u7dq5MnTyojI0NpaWm2FtXu7u6yWq1KTU1VfHy8PD09lZGRIU9PT9WoUUOJiYk6cOCAXF1dFRgYKDc3NyUnJys+Pl65ublydXWV1Wq1hcm5ubny8vKSr6+vcnJyFBBw/T+EDgBwjAAYAG4mBW2g0+KL33/55/w20NejCnjNNJmCOkmelvx1gROj7Q/w8JGyyramq7FnZZFtpoJ2zHVbSIHNpQuF2jYnRucHumVt2RxzVMbSSUW3e/jI9MQMydNStnEcmDpvse37If3tg0t/i4+G9O+p+YvXaP3WnZVaWVv4um2bX1sAHB4ZZQsoGwTWLnGOi1dvLtIquTjphzeU6dr+Fh9989lM3TMwP9Qf/coctWnRVG2bB5Xp/MrQpVNrWwvvgkrtwlXV1/Iz8/PN/0BAciprr6LyzVz4vcLCf9b4J7uo7W2BVT0dAAAAAJWoTp06mjdvnsaPH6/Y2Ou/VJO3t7duvfVWRUZG6sqVK3JxcZHZbNaVK1dsLZwlKSYmRm5ubrJarfLy8lKtWrXUuXNnGYahzMxMZWRkKC4uTufOndOJEyfk6upqG8swDBmGIQ8PD2VnZ8vT01MtWrSQxXJt780AAK4NawADwM2koA10CYzD31XOtXqOs3+cGJ0f/Cacz18XuLCW3fOD27KIOVq0dXT1ur9WF0sydflzkdOKaxldrITzMuYX/8le05jFZZ+nA0kpaVq3Nb/l7OB+3YsNCgu3FC4c2l6LRas22doWW3y8NHZo/1LOcGzb7giNDp1jCygL1jC+kdo2D9K/33je9rj38IlKSinbBwiAwkYPuFt5O2bKp5T1fp3F12+PUOLmf+nNZx6s6qkAAAAAuA7q1q2rL774Qs8+++x1v5bJZFKfPn3k5uYmf39/eXh4SJLy8vJkMplkNptlMplktVoVHx+vM2fOKCoqSmfPntWlS5eUmJio5ORkXb58WcePH9eWLVuUmZkp01Wd6QzDkIuLi1xcXJSWlqbg4GC5uBA9AEBVogIYAG606IPS0S0Od5vcvGWUdH4ltYE2dfmzjL1XtWreNFfG4asqQT18ZOr3sowvJ5ZpXGOrQa6QAAAgAElEQVTbgqIbO1xV2duqh7Rmqn1FcUykFLVLCiraJskmM0XGgrFSVmqRXaZB0685/JXy14wtCE6vrv4t0KhegAb3664la7ZoyZotenPiKLs20cVZsmazrSK1sDPRsdq2O8KuVfHS9/9Z4nhnY2I1bf6SYvd9vWWHIgq1fh7cr3up7ZcH9+vu8F6vxdBHemr7nggtWbNFyanp6j1ionasmFv6iZWgcPvrNr9UU7cpVFVdeH95FVQSW3y8KjwGAAAAAAA3wr333qumTZvaqoCtVqtcXFxUrVo15ebmKjc3VxaLRXXq1FF2drbi4+OVnp6u6OhomUwmZWdnKy0tTZcvX1ZWVpbMZrOqVatmqx4uqAS2Wq0ym8267bbb1K1btyq+awAAATAA3GjnImRsmuN4f5OOkru3lO2gvWxltYH2tMj0pxkyPhhmvz0m0v5x5+HSLfXLNmbCeenq9X0lmTo+UuTaatWjyLHGts9kKiEANj4dU3R+ktR5WNnbR5di0ar8ADykQ+sS1/cd0r+nbZ3geYtWK3TskBLHLUuL5QaBtfXRtBdKXVf4bEycps4rPgAubMyQfnpr0qhSj2tUL6DS1zIu8NG08YqIPKWDx04rIvKURoXO1odTX7gu1yos4mh+wGvx8bKF6f4WHzUIrK1zF+IUtuegklLSSg3urxYeGaVzF/LD+s7X6TkDAAAAAKCymM1mvfrqqxoyZIjc3d2Vk5Oj3NxcGYahvLw8ubi4yMvLSwEBAXJ1dVVqaqptvyRlZmbKxcXFruo3NzdXbm5uys3NtVUQe3t7q27duvrXv/6latWqVdXtAgB+QR8GALjpmKRWvUo8otLaQAfdld/e2ZHqdWV64JkyD2fsWVV0Y8vuxQbIpi7Dix57eEt+iFzc2F9OKNpa+pfxTf1CyzzHkixatckW7g3p36PEY7t0aqPWzZpIkuYtWlOh9sYWHy+FdGitMUP66d9vPK/IzQsqHMS2btZEDQJr2x7/+43nyxT+3gjfLJhpq5ZdvHqzFq3adF2v9/WWHYV+jvaVzUMfyf+5Jqem6+stO8o99ryFv35ooW+34GuYJQAAAAAAN0b79u315JNPys/PT56enjKbzXJ1dZWXl5c6deqk6tWrq0aNGgoMDFRAQIBq1KihgIAA1axZUxaLRb6+vsrNzbUbs6CS2Gq1yjAMXbp0SXfeeadatWpVRXcJACiMABgAbkKmtg+XfMDBjZJRYqPosl+r38uSR/FVkOUKVjNTpGLW8TU5qsyt20IKbF5kc7FrAe9ZWWxlsQKby/SnGWWfYykKqmobBNYutW2yJNs6vWUJEzd+OkPphzfYfV3Y9ZW+/Wym3po0qkzXKxDSoXWRsXaunKedK+fagtZp85fcNGvu+lt89M1nM22PR78yRxGRp6/LtZJS0vTSjA9tjwuv1yzZB8ITZn6k8MioMo/99ZYdtqrvsr5GAAAAAAC4GUyaNEn16+d/QN/b21vu7u5q0aKFunXrpho1aqhGjRqqXbu26tSpI4vFInd3d9sawR4eHsrOzpYkW2WwUeh9KVdXV912222aOnVqkfWBAQBVgwAYAG5Gt96T3wbakYI20JXhlvr5bZ6v1rRjfpvmsjq0uejavNXrljiGqcufi27csyo/TC4QtUvG0knFD1CvhbR9ofTd3JK/ymDb7ghb1WhBlWhphj7S01Z162hN3hvJ3+Kjj6aNl5TfJnpUaAmtxm+wts2D9O83nrc9Xre1/NW3pTkTHaveIyba1lMe3K+7GtULsDumUb0AzZzwN0n5wf2fnplSphD46y07NCp0tu3xR9OufxtrAAAAAAAqi9ls1rp169S4cWO5uLjIxcVF58+fV82aNRUYGChfX195eHjIYrHIz89P3t7e8vLykoeHh9zc3JSTk2MX/hZU/lqtVjVq1Ejff/+9zGZzFd8lAKAAATAA3IzMbjeuDbSU3+b5qmrc8lbWGt+9X3Rjh1LW5W3Vo2j1cVZqfsVvwbifjnF8/t5VMr57v9Svsiio/rX4eNkqe8uiICw+GxN33Vsbl0Xf7sEaM6SfpPyQtSJtjq+XoY/0tM2tMp2JjtW0+UsUPHCcIiLz1/5t3ayJLQy/2rhh/TW4X37r87Mxcbpn4DN6acZHOhMdW+TY8MgojQqdrT89O0XJqfnrcs+c8LfrtmYyAAAAAADXS7Vq1RQWFqYnn3xSUv5avvv371ft2rXl7+9vO87Dw0Pu7u62711cXGzr/RaExy4uLqpWrZqGDh2qnTt3su4vANxkXKt6AgCA4pnaPizjpxWODzi4Ueo1Qaqk1jqm/i/L+DY/LDW16lHsur0OHdosJcYUHbPjI78+iDkqY88qmW6p9+u6wJ6W/BD4qvbOxvaFv64RnHX92xiHR0YpbO9BSfkBqr+l+JbYxRk7tL+mzf9ckrRkzeaboi1w6NjBtnVwR4XOVpvmc4tUwha2ePVmbd9zsExjD+7X45ru8a1JoxQRecr2fJfFwWOn1Gv4hGL3nYmOtVX8/jrH7npzYsnrH380bbwa1Quw/ezmLVqteYtWy8/XW22aN5WkIs+JxcdLb04sX7tuAAAAAABuJmazWbNmzdKAAQM0bNgw7dmzRyEhIXJ1dbW1b7ZarTKZTLJarcrLy5O3t7dMJpPMZrPc3d3l6uoqDw8Pff755+ratSttnwHgJkQADAA3q4I20Nnpxe8vaAPdsH3lXC/oLpnG3FWhU41tC4puLAh5JSnhvIzZ+VW1hiSd3CXTiPmSJFOX4TKuXt83MTq/CtjR+sGVbN7CX68fOnZIuc71t/hocL/uWrJmi7bvOahtuyOqvDrU3+KjpXMn656Bzyg5NV2jQmfrmwUzHR5/NiauSIjqSOeOra95fkvfn6y7B4yztdwuTXJqepkC6pAOrTVuWH/17R5cpnFDxw5R545tNHfRaq3futPhtSw+XurbPVihY4eUGKQDAAAAAPBbYDKZ9Mc//lFHjx7VihUrlJaWJnd3d2VlZcnVNT8yyMnJkclkkqurq3x8fOTj46Nq1aqpSZMmevHFF/X444/bqoQBADcfAmAAv1v9u5UcnFq8PSVJ3To1U6O6NRwe16DOLZKk9s3qKeHeVg6Pa3tb3fxvajQsub1zwO35/zW7SX/8i/TzHsfHxp8qWwBcr0Xpx1RkDE/Lr+v1Nu1ot8tufd9Dm+3PO7zl1+/rtpA69JcSou0OMRKiZSpm3MqWlJKmM9FxCunQWm2aN61QwBc6dojOROeHmdv3/BoAN6wboJAO+YGpn6WENZ3LqGCsggrVkrRtHqSZE/6mr7fskGHkr2FbOBj1s3jbxiuPhnXtn5/C41y9z5GCgPql6R/ZxihOafPzs3irbfOm8vP1Ud/uwRX62XXp1EZdOrXRmehYfb1lh5JT07Rt98Ff9rVWw7oB5a4KBwAAAADgt8DNzU1PPPGEDMNQTk6O4uLilJSUpNOnT+vcuXOqVauW3N3dVatWLYWEhKhNmzaqVauWXFxYWRIAbnYmo2DldgAArpeYo7YKYElS9boyhX5fdfMBAAAAAAAAAOAmlpKSX3x14MCBMp/Trl07SRIf1QEAXH91W0idh0nV60qBzWXqF1rVMwIAAAAAAAAAwClRAQwAAAAAAAAAAAAANxEqgAEAAAAAAAAAAAAABMAAAAAAAAAAAAAA4CwIgAEAAAAAAAAAAADASRAAAwAAAAAAAAAAAICTIAAGAAAAAAAAAAAAACdBAAwAAAAAAAAAAAAAToIAGAAAAAAAAAAAAACcBAEwAAAAAAAAAAAAADgJAmAAAAAAAAAAAAAAcBIEwAAAAAAAAAAAAADgJAiAAQAAAAAAAAAAAMBJEAADAAAAAAAAAAAAgJMgAAYAAAAAAAAAAAAAJ0EADAAAAAAAAAAAAABOggAYAAAAAAAAAAAAAJwEATAAAAAAAAAAAAAAOAnX0+cuVPUcAAAAAAAAAAAAAAC/qOHnXeFzXZs0CKzEqQAAAAAAAAAAAAAArkVKSkqFz6UFNAAAAAAAAAAAAAA4CQJgAAAAAAAAAAAAAHASBMAAAAAAAAAAAAAA4CQIgAEAAAAAAAAAAADASRAAAwAAAAAAAAAAAICTIAAGAAAAAAAAAAAAACdBAAwAAAAAAAAAAAAAToIAGAAAAAAAAAAAAACcBAEwAAAAAAAAAAAAADgJAmAAAAAAAAAAAAAAcBIEwAAAAAAAAAAAAADgJAiAAQAAAAAAAAAAAMBJEAADAAAAAAAAAAAAgJMgAAYAAAAAAAAAAAAAJ0EADAAAAAAAAAAAAABOggAYAAAAAAAAAAAAAJwEATAAAAAAAAAAAAAAOAkCYAAAAAAAAAAAAABwEgTAAAAAAAAAAAAAAOAkCIABAAAAAAAAAAAAwEkQAAMAAAAAAAAAAACAkyAABgAAAAAAAAAAAAAnQQAMAAAAAAAAAAAAAE6CABgAAAAAAAAAAAAAnAQBMAAAAAAAAAAAAAA4CQJgAAAAAAAAAAAAAHASBMAAAAAAAAAAAAAA4CQIgAEAAAAAAAAAAADASRAAAwAAAAAAAAAAAICTIAAGAAAAAAAAAAAAACdBAAwAAAAAAAAAAAAAToIAGAAAAAAAAAAAAACcBAEwAAAAAAAAAAAAADgJAmAAAAAAAAAAAAAAcBIEwAAAAAAAAAAAAADgJAiAAQAAAAAAAAAAAMBJEAADAAAAAAAAAAAAgJMgAAYAAAAAAAAAAAAAJ0EADAAAAAAAAAAAAABOggAYAAAAAAAAAAAAAJwEATAAAAAAAAAAAAAAOAkCYAAAAAAAAAAAAABwEgTAAAAAAAAAAAAAAOAkCIABAAAAAAAAAAAAwEkQAAMAAAAAAAAAAACAkyAABgAAAAAAAAAAAAAnQQAMAAAAAAAAAAAAAE6CABgAAAAAAAAAAAAAnAQBMAAAAAAAAAAAAAA4CQJgAAAAAAAAAAAAAHASBMAAAAAAAAAAAAAA4CQIgAEAAAAAAAAAAADASRAAAwAAAAAAAAAAAICTcK3qCQAAAAAAAFwrwzCqegoAgEpiMpmqegoAAPymEQADAAAAAIDfDIJeAHB+jn7XEwwDAFA2BMAAAAAAAOCmVlwQUJ4gmNAYAG4+5QlzC44t/PucMBgAAMcIgAEAAAAAwE3p6uC28OOS9gEAbn4l/d4uKdy9OgwmCAYAoCgCYAAAAAAAcFPIysqq6ikAQCUwJBm6nOaiFz9I1rIfa8ha8Dbs1VmlIZlklWFykclqlZdHnt4fl6s/3WcqcijKxsPDo6qnAABAlXOp6gkAAAAAAAAAAAAAACoHATAAAAAAAAAAAAAAOAkCYAAAAAAAUOVYwxcAUBn4+wQAAAJgAAAA3CB5eXl68cUX1bNnTy1fvrzSxh0+fLhCQkK0YMGCShvzZjJ16lSFhIRo4sSJVT0VALhueLMeAFCZ+HsFAPB751rVEwAAoDKsXr1as2bNKvd5Tz31lIYPH34dZgTgamfOnNHOnTslSatWrdJjjz1WxTNCZcjIyNDGjRv1f//3fzp9+rSSkpLk7u6uwMBA3XPPPXr88cfl5+fn8Pz09HStWbNGW7duVXR0tCSpXr166tatmx5++GH5+PgUe96FCxe0YcMG7dq1SxcuXFBKSop8fX3VtGlT3Xffferbt69cXYv+c+fQoUPatGmT9u3bp0uXLikrK0v+/v5q2bKl+vTpo3vuuafE+z148KCWL1+uyMhIXbp0STVr1lSzZs302GOPqU2bNuV45vKtX79e06dPl9ls1vvvv283xvDhw3Xy5Mki50yePFkPPPCA3ba//vWvOnr0aInXateunebOnVuu+VmtVv3www/atm2bjhw5ooSEBElSzZo19Yc//EEDBw5U06ZN7c55/PHHFRMTU6bxP/zwQ7Vs2VLffvutpkyZUqZzOnXqpNmzZ9/wORaWk5Oj9evXa9u2bYqKilJycrI8PDxUu3ZtdejQQQMGDFD9+vWLjFWRuZbk9OnTeuqpp5Sdna3Ro0dryJAhtn3vvvtusR+2eeihh266D5QUvEnPm/UAgMpgGIZMJpPtvwAA/B4RAAMAcAMtWLBAn3zyiZo0aaJFixZV9XSAG6phw4Zq3769wsPD1bdv36qeDipBWFiYZs6cqcTERLvtOTk5OnHihE6cOKGVK1dqzpw5at68eZHzT506pfHjxys+Pt5ue2RkpCIjI7Vs2TLNmjVLt956q93+Tz/9VAsXLlROTo7d9qSkJO3bt0/79u3TmjVr9N5778lisUjKD6qnT5+u77//vsg84uPj9cMPP+iHH35Q79699fLLLxd5s9AwDL3//vtatmyZ3faYmBjFxMTo+++/18CBA/Xcc8/JxaVsjZaioqL09ttvS5L+9re/VShALnD58uUKn+vImTNn9OqrrxYbQp8/f17nz5/XunXr9MILL6hfv34Vuoanp2e5z/Hy8qrSOcbGxur555/X2bNnbdtMJpPS0tKUlpamU6dOacWKFXr22Wc1cODA6zbXjIwMhYaGKjs7W3fffbcGDx5cofuraoS/AIDrgRAYAPB7RwAMAHAKDzzwQLFVW++88462bdumNm3a6LXXXiuy31FlGYDK5+rqqvfee483YZzE2bNnFRoaqry8PNWsWVP9+vVTq1atZLFYdPnyZe3YsUNr165VamqqJk2apGXLlqlatWq28+Pi4jRmzBilpaXJ19dXgwYNUtu2beXi4qLw8HB9+eWXunTpksaMGaOFCxeqTp06kqR169bpP//5jySpWbNm6tOnj2699Va5ubnp4sWLWr9+vXbu3KmTJ0/qrbfeslWVvv3227bwt3PnzrrvvvtUr1495eXl6cyZM1q6dKl+/vlnbdy4US1atNCAAQPs7nfevHm28LdDhw7q16+f6tSpo7i4OK1Zs0a7d+/WihUrZDKZ9Pe//73U5y8jI0OvvPKKrly5ouDgYD355JNFjpkzZ44t5M7Ly3NYNW8Yhi0A/uc//6l27doVe5ybm1up8yqQm5urf/zjH4qJiZGbm5seeughderUSTVr1lRaWpqOHj2qL7/8UsnJyZo1a5ZatWqloKAgSdIHH3ygvLy8Ysf9+eef9cILL0iSBg8ebKt27dq1q+68806H85k5c6Z27dolf39/PfPMM1UyxwKhoaE6e/asPDw8NHLkSHXr1k21atVSRkaGjh49qoULF2r//v2aM2eOgoKC1K5du2uaqyNvvvmmzp49q9q1a2vy5MlFfq+OHDlSTzzxhO3x008/rdjY2BLHrCqEwACAykT4CwAAATAAwEl4enoWW0Xk4eEhSapWrZpq1659o6cFoBi8CeMcGjZsqIkTJyosLEyvvPJKkd/B99xzj5o1a6YZM2YoPj5eO3fuVOfOnW37Z8+erbS0NPn7+2v+/Plq2LChbV/btm117733auzYsUpMTNSsWbNsbf579+6t48ePq3r16ho+fLjd66lFixa67777NGXKFH377bf64YcflJKSIovFomeffVYJCQkaNGiQ7r77bru5tmnTRj169NBTTz2lM2fOaO3atXYBcEE1siQ9+uijdgFvixYt1LVrV7333ntatmyZVqxYoZ49exZpGXy1GTNm6Ny5cwoICCg2vJOk6tWr2753FFZKUnJysm1/8+bNK+XvO1dXV02ZMkXvvvuuQkNDVa9ePbv9HTp0UEhIiEaOHKkrV65o/fr1evbZZyVJNWrUKHbM1NRUW8Xz3XffrVGjRtn2eXh42P7OvtpXX32lXbt2yWw2a+rUqQoICKiSOUrSsWPHFBkZKUl66aWXdP/999v2+fj4qGPHjmrfvr1GjBihU6dOae3atWrXrt01zbU4K1eu1ObNm2U2m/X6668X22bdx8fH7oNutWvXvukC4MKBr2EYBMAAgEpR8PdJwf9fEQQDAH6PCIABAPhFfHy8Vq1ape3bt+vixYtydXVVvXr11KNHD/Xt21fe3t5FzklJSdGyZcv0v//9T9HR0crKyrKtQdmxY0f16dNHNWrU0Ouvv67vvvvOdt7p06cVEhJiezxq1CgNHTq0QvM+f/681q5dqx07dtje2A0MDFTnzp01cOBAuwBByq+WTk9P18svv6w+ffoUO+aePXv0/PPPS5K+++47u3abBWsK3n///QoNDdXq1av13Xff6fz583r11VfVqVOncj03V/vpp5+0Zs0aHT16VJcvX5bFYlGjRo3Uu3dv9ejRo9g1PcsiNTVVvXv3liR9+eWXcnFx0bJly7Rjxw7Fx8fLx8dHjRs3Vp8+fdSzZ0+ZzeYiYxSsxzlhwgSFhIRo2bJlCgsLU2xsrNatW2dXXVeR11NeXp7WrVunLVu2KCoqSmlpafL09FT9+vXVrl079erVq0grXCk/nFqxYoXCw8N16dIl2/P84IMPqlu3bsW2oy18L127dtXy5cv1448/6uLFi5KkBg0aqEePHnrsscdKfM7L+/oruG5x62+fOHFCGzZs0P79+3XhwgVlZWXJz89Pd9xxhwYOHKiOHTs6nEdFVcbrIjMzU1u2bNH27dt17NgxJSUlqVq1aqpXr55CQkI0aNAg+fr6OpxDfHy8Vq9ebXutmM1mNWrUSH369NGDDz5Y5rlnZWVp+fLl2rdvnwICAoqs9VqR10lpevfubZtDcXr16qVZs2YpNzfXtr6vlP+6CQsLkySNHj3aLvwt0LBhQ40ePVrTp0/Xzp07debMGTVq1Ehms9lWnenIQw89pG+//VaGYejChQuyWCzy8/PTnDlzHJ7j6emp7t2767///W+RtWGXLl0qq9WqunXraty4ccWeP2bMGIWFhSkmJkZLly7V66+/7vBaK1as0NatW23hXUGb6oq6dOmS7fuaNWte01iFNWvWTPPnz3e4v0mTJmrZsqX2799v9/MtTl5env75z38qOjpaDRs21GuvvVam19xPP/2k999/X5L0/PPPq23btlU6x8Ltyh39TjKbzWrTpo1OnTpl+51amXONjIy0PSejR49Wq1atSryvm1Xhqt/CXwAAXKur/z6hGhgA8HtEAAwAgPLXsZwyZYrS09PtthesQ7ly5UpNnz7drh3juXPn9Mwzz9i98S7Zr0EZHh6uWbNmycvLSxaLRSkpKbbjCr/h76jqqTQrVqzQ3Llzi6yDGRUVpaioKK1evVozZsy4Lm8OX7lyRc8884wiIiJs26xWq6TyPTeFx5s1a5Y2bNhgd86lS5d06dIl/fTTT1qxYoWmTJliawVbUbt379aHH35o9/NOSEhQQkKCbe3QKVOmOAxSzp07pxEjRhS5vwIVeT1lZWVp/PjxCg8PtzsnLS3Ndt6GDRu0atUqubu72/b/97//1aeffmr3KffLly/r8uXL2rNnj9avX6/XX3/dYQD5888/69NPP1VcXJzd9mPHjunYsWP6/vvv9f7779tds0Blvv7mzJmjFStWFNmekJCgsLAwhYWFaeTIkRoxYkSpY1VURV4XUVFRGj9+fJHXQm5urk6ePKmTJ09q48aNmj9/vq1qsbDt27dr6tSpSktLs9t+6NAhHTp0SJs2bSpTOLht2zZ9/PHHtp/F1cH7tb5OKqrwm2yFKxR//PFHSfmha69evRyef//992vOnDnKysrSjz/+qGHDhpXpuoVDu+IqI0s7r/Bznpubq//973+SpL59+zr8QISrq6seeughffTRR9q5c6euXLlSbMvlo0eP2sK7p59+utRK4bIoeP15enrafWDnRij4GZf2Op03b5727Nkjb29vzZgxo0xLMMTExGjy5MnKy8tTv3791L9//yqfY2BgoO3748eP66677ipyjGEYtirhunXrVupcU1NTNXnyZOXk5CgkJMSuxfNvHQEwAKdi/PJlMskwSSbDKpkKfsc5CCENQ4aM/PPyT74RM3VKV1cAAwDwe0QADAD43Tty5IhtHcu7775bI0aM0O233y6r1aoDBw7oww8/1PHjx/XSSy9pwYIFtoDknXfe0aVLlxQYGKgXXnhBLVu2lLu7u+Li4nT8+HGtWLFCI0eOlCS9+OKLevHFF7VgwQJ98sknatKkiRYtWnRN8964caOtmq1NmzYaMmSIbr/9dhmGof379+uTTz5RTEyMXnvtNX3xxRd2a29Whh9++EGS1L59ez366KNq0KCB7Y3x8jw3Bd566y1t3LhRUn713sMPP6y6desqOTlZ27Zt08KFC3X06FGNHz9eH3/88TWFHLNnz/5/9u48PqrybOP47zknC4QdQTZREVBUQEWqUlErClRFRVqpWxVbFJe6YFGr9RUVrbVirai4oa2CVqVWrBYquFRF3KqCC4uoCEEWgbAEAklmzvP+cZY5k0zCJGHn+vaTJpk5yzMnJ+Rjrtz3jeu6nHPOOfTr14+WLVuyYsUKXn31VZ5//nk+//xzbrjhBsaOHZvxuj3zzDMAnHbaaZx44om0aNEi2q6299M//vEPZs2aRV5eHldeeSW9e/emSZMmFBUVsWjRIqZMmcL++++fFsQ+99xzPPHEEwAMHjyYQYMG0bZtW9avX8/bb7/Nww8/zEcffcTtt9/OXXfdlfFaPPfccziOw+DBgznhhBNo3rw5S5cuZeLEibzzzjvMnj2bxx57rFLV45a+/1q3bk3Tpk0544wzOProo9lrr72iEPWRRx5hzpw5PP744/Tq1YsuXbpk82WusdrcF23atMFay5FHHskpp5wSzcBdsWIFr7/+Ok8++STLly/nnnvu4U9/+lPa+b788ktuuukmkskkbdu25cILL+Swww4jNzeX+fPnM2HCBD799NOs1j527FgKCgq44IILormioS1xn9TWp59+SiKRAGD//fePHp8zZw4AXbt2rbbCPDc3l27duvHRRx8xb968rM/74YcfAn74W5N2yOF+BxxwQPRYYWFh9EcB1c2ojT9fUlJCYWFhpRmuxcXF3HTTTSQSCXr37s1ZZ52V9dqqE87/LSsrY+nSpRhjaNCgAQ0bNlT64YsAACAASURBVNyqv/gsLi6Ogs74Nato8uTJPP/88xhjuOWWWzJWfFdUUlLC9ddfz7p16+jevXvUlWJ7r7Fjx4706NGDTz75hD/84Q+MGDGCo48+OvrjgaVLl/LYY48xd+5cXNfl5z//+RZd6x133MHSpUtp1aoVv//977M+9o6mqurf8A/JRER2DR4GB88YLAacMNyFtHDXWCwexjpYx2AwUPPGLBLjeR6O46T9YZGqgEVEZHejAFhERHZ7d999N8lkkj59+nDrrbem/QfhkUceyWGHHcall17KvHnzGD9+PJdddhlAFMwMGzaMXr16Rfu0b9+e9u3bc8IJJ2y1NcdnFJ5wwgmMHDkyreKtX79+9OrVi3vuuYdf/vKXWzz8DfXt25ebb7650n9E1/TafPTRR1H4O2LEiLQqr6ZNm/LLX/6SXr16cfHFF7Nw4ULGjx9faS5jTd11111pc0CbNGlCp06d6NGjB9dddx1z5szhpZdeqvKX9xXXGart/TRz5kzAb6kbP26rVq1o1apVpVaja9as4aGHHgLgmmuuSZtX2rhxYwYMGMBhhx3Gr371K959913ef//9SnNPQ//3f/9H3759o8/btGlDjx49ovmu//73v7nkkkuioG5r3H9nnnkmp5xySqWqt549e3LAAQdw7rnnUlRUxLRp07ZaAAw1vy8KCgp44oknKrUzb9++PUOGDCEnJ4eHH36Y9957j+Li4rQK2/Be2XvvvXnkkUfSnttjjz044ogjuO2223jttdeyWvuDDz5I586d0x7bkvdJTW3atIn77rsPgMMPPzwtDF29ejUALVu23OxxwjC7qKgoq/MuWLCAZ599FvDvq2xbW0+ZMiXqaDB48OBKa81mvfHni4qK0l6ztZZRo0axfPlyWrdunRbeLVy4kBtuuAGg0r2QjTAATiaTnHnmmdHjxhg6dOjAUUcdxeDBg7doe2iAMWPGUFJSQpMmTejfv3+V2919992Afw3uu+8+3nzzTQYNGlTt9/ILL7zAggULAPjss8+4+uqrOe644zjttNMydiTYlmu84447uPXWW3n//fejr1tFDRo04KabbqrRv1ebW+szzzzD9OnTcV2XUaNGpd0nQ4cOpaSkhKuvvjoaxbAziYfA+sW8iOwKrAHPcci1ho5Ny+jWfjXryutRuKKAhOdWKO41OJ5DQW4Z7VqX0DgvSfP8fLB5KgKuJf1cERER0d+TiYjIbm7+/PnMnz8fYwy/+c1vMv7HYV5eHhdffDEA//nPf9IeB/8X08lkcoutKZlMZnyLV8VMnTqVTZs2kZ+fz7XXXpsx4GjUqBG33HJLpQq0LcVxnGqvGWR/bSZNmgRAt27dqmzx2alTJ37xi18A8PLLL6cdt6prVlUrycMPP7zKkKtXr16ceOKJALzyyisZt+nQoUPGddblfgpD0vnz51dqB5zJ1KlTSSQStG/fPi3Ui2vXrh1nnHEGQKXW2qH9998/LfyNC693cXFx2hzLrXH/5eTkVNnytFGjRhx++OGAH5RlK5vvpbja3heZZlmHjjvuOMD/JVRhYWH0+Lx58/j6668Bf65ppsDPcRxGjBhRzStMGTRoUKXwF+p2n1hrq7yGm1NWVsYNN9zAggULaNy4caWQrLi4GCDjLOyKwm3iLfSrsnTpUkaMGEFpaSkHH3ww55133mb3AXj//fejCu2zzjorbc5suFZgs50H4q8nvh/A008/zYwZM8jJyanUbrusrIxFixaxaNGiWv08CQPgiqy1fPvttzzzzDOcddZZUSvrUE3/7YwbN25c9Ic7N9xww2ZD63B+9uLFi5k8eTIXXXRRFNRnkkwm0/54ZObMmdx333386le/qrL9/rZa44oVKygrK6v2WJ7nVWqtX5e1fvbZZzzyyCMAXH755Rx00EFpzxcWFrJo0aJKowd2ZBWrf9UCWkR2OdbSoL7HFWc35fk/NOSOi3NoVj/Tv9MexiQ4YK9invh9Pk+PakTvHi4G/ZtYW/oZIyIiogpgERHZzYUBjLU2apGaSUlJCeBXdK1du5YmTZpw4oknMmnSJP75z38yY8YMevXqxUEHHcQBBxzAPvvsE/0iuaYGDx7M8uXLKz0+aNAgrrnmGsCfOwh+u9Fs5ihuDfvss0+VwVdNr838+fMBOOaYY6o95zHHHMP48eNZs2YNK1eupFWrVixdujSt4i1u1KhRHH/88ZUe79ev32bPM23aNBYsWBC1D4vr0aNHxv3qcj/17ds3ark8aNAgevfuzUEHHUSXLl3o3LlzpYq38JoVFhbyxz/+scpzhS1tw0q6iuJBV0Xt27ePPi4qKmKvvfYCtt79t2HDBqZPn87s2bNZt25dWsASzowNr102svleiqvLfTF37lzef/99li1bxoYNG6KQeePGjdE28bV/++23gD//u2fPnlWeM9vrW9U9WZf7ZMqUKfzhD3/IuP0rr7xC06ZNMz63adMmrr/+ej7++GPq16/P3XffXWlud/i6sgmrwm02F94VFhZy1VVX8cMPP7Dvvvty1113VdteOjR9+vRopmqfPn2iqvyKawX/a1jdOuKvJ77dzJkzefTRR4HM4V1dDR8+PK1FcjKZpKSkhMWLF/Phhx/y7LPPRrNjn3vuOVq0aFGrfztDDz/8MBMmTAD8yvLevXtXu74333wT8K/fF198wWOPPcacOXN44IEH6Ny5c/QHHnFDhgxhyJAheJ7H0qVLmTZtGn/9619ZuHAhI0eO5MEHH6z2nFtrjYsWLeLyyy+nuLiYvfbai3PPPZcePXrQsmVL1q9fT2FhIZMmTWLatGnce++9rF69mqFDh9ZprWvWrOHmm28mmUxy7LHHplWo74wq/gK+YjtoEZFdgjU45IADTQsMjfMdvmnsgUvlql5rsK7BzbG0a+jSuqFD0tUU4LqI/0ypWAWsqmAREdldKAAWEZHdWry1Z1XVnhUVFRXRpEkTrrzySgoKCnj55ZdZtmwZL774Ii+++CIAzZo1o2/fvlx44YU1buWZ7RrC82wv1Z27ptcm29fTvHnz6OPVq1fTqlWrWq29YhhVUbiOZDLJunXrKgVdVQVfdbmf+vTpQ0lJCU899RRLlixh6tSpTJ06FfCrho855hiGDBlChw4dAD8QqMm54muLa9KkSZX7xKsdwzmu4Zphy95/X3zxBTfeeONm2/xuzXCgNveF53n88Y9/rLLCOi6+9vDr0bRp0y3yC6iq7sktdZ9ka8OGDVx77bV89tlnNGjQgNGjR3PwwQdX2i78Xs6mkjPcJv79X9GCBQu46qqrKCoqokOHDtx3331VXpO4N954g1tvvZVkMskJJ5zAzTffXOkPPuLnDf/wZHNrhdT9snr1akaOHInneXTt2pU+ffpUqtiNf15UVBRVATdu3LhWLfxd16VRo0YceOCBHHjggfTu3ZsLL7yQ0tJSpkyZwi9/+csaHxP8e3jMmDFMnDgR8IPnqirLMykoKOCII47goIMO4oILLmD58uW88MILGQPgkOM4tGvXjiFDhlBQUMCYMWOYNWsWX3/9NZ06ddrma3zyyScpLi6mTZs2PP7442lV382bN6d58+Yccsgh7Lvvvjz22GNMmDCB0047LeMs6mzW6nket956KytXriQ/P59LLrkkY8V3+McHRUVF0fP169ffbNX69pZpFrCISPXCOboGDNigStZUiEptVD1rMBasybzd1lynNUn86b8WY3LI8QyONZWSXYPFeGBNgqSbxDrlOF4O1lFIWVsVW0Ar9BURkd2RAmAREdmthb+gb9WqFS+88EKN9s3Ly+Oyyy7joosu4vPPP2fu3LnMmzePuXPn8v333/P8888zc+ZMxo0bl/UMSiCrdYSBRG3CmrAirrpKynhoVJXq/gO6ptemefPmLFmyZLPhX/yX3uE1aNOmDdOnT9/seuMWLlxYbeAQrsN13Yxtiat67XW5nwAGDBjAgAEDmDdvHnPmzGHevHl89dVXfPXVV7z++uu8//77PPnkk7Ru3To610knnZQ2S3RbqMv9l0kymeT//u//KCoqomfPnlx55ZXsvffeadWbDzzwQLXtYjOp6degNvfFv/71LyZPnozruvzud7/j6KOPplGjRtE9UlJSkrGyOPz6rVmzJmOVeU1VtX9d7pOTTz6Zk08+Oevti4uLGT58OHPnzqVRo0bce++9Vc4/PeCAA/jvf//L559/TiKRqLJSN5FI8MUXX0T7ZPLVV18xfPhw1q5dS+fOnfnLX/5S7R82hKZMmcKdd96J53mcdNJJ3HDDDRmv41577UVBQQElJSV88sknGQPtUDj/vH79+uy9994AjB8/Pvq364svvuD000+vdl3nn39+9PG9995baf53bXTs2JEuXbowe/bsqMq7pv92ep7H3Xffzcsvv4wxhuuuu45TTz21Vutp2LAhP/7xj3nxxRejavhs9OvXjzFjxgB+FX3FAHhbrPHzzz8H/E4X1bUwHzRoEI899hiJRII5c+ZUCoCzXeu7777LRx99BEBpaSnnnHNOteu+9957uffeewH/XgpHDuxoKlZmxT8WEamaxeJhcAEPrMGQxKNC56UgYwWL4xnAweL5oes2CgINBmOdaB02SH2tsZXKei0GawyOdTDWYE0O2zKq3hVV/BkThsBQ/X/HioiI7Eo0A1hERHZr+++/PwDLly+P2trWVG5uLj169OCcc87h1ltv5bnnnuO2224D/GDiyy+/jLbdUv+xGa77008/zWpebFwY3i1evLjKbWbNmlX7xcVke23CYOftt9+u9njvvPMO4IdaLVq0qPW6Xn755WqfD9fRoUOHGgVzW+J+Av96DBw4kOuvv57HH3+cCRMm0KhRIzZs2BBVBYfneu+99zY7i3JLq8v9l8ncuXNZsWIF4M++3G+//bJq3bul1ea+CO/J/v37c9JJJ9G4ceOsvs/D2cibNm3if//7X5XbVZwjW1Pb6j5Zs2YNV1xxBXPnzqVp06bcf//9VYa/kJqNvHHjRqZNm1bldtOmTYvaaB977LGVnv/yyy+58sorWbt2LQcddBBjxozJKvydNGkSd9xxB57nMXDgQG688cYqv9dzc3Pp1asXAP/+97/TquHjkskk//73vwE46qijolnopaWlm13PthBWFVdsJ5/tvrfffjsvv/wyjuNw00031TpYDYW/hK1fv37W+8Tnd1esbN1Wawyv4+a+z+NBZsV7piZr3VHun61NFcAikh0D1g9zPeP54ap1cL0cjDX+88GbYx1yvBysSeK5pTgkcKyHwYNtNlvXgAnegom+1Z3ZKPTdYvRzRURERAGwiIjs5jp27BjNYrzzzjurnEf53XffpQW5QMbZoqGjjjoq+jheaVuvXj3Ar2Sty3+M9uvXj3r16lFaWsro0aPTfikeWr9+PaNGjeKbb75JezwMZV599VXWrVtXab/vvvuOSZMm1XptUPNrE1bEffnll1Gr6Iq+/vprnn/+eQBOPfXUOlVMzp8/n/fffz/jc++99x6vv/56dJ6aqMv9tHr16ip/0b/PPvvQrl07IHXN+vfvT15eHmvWrOHPf/5zlffT9OnTs6rorom63H+ZxIPJTO1Kk8lkjat/a6M290W49qoqAV977bWMj++///5R9eJf/vKXjEGv53ncc8892b+ADLbFfbJy5Uouv/xyvv76a/bYYw/uv//+jK154/bee+/o34KxY8dSWFhYaZvvv/+ehx9+GIAf/ehHUfvz0MyZMxk+fDjr16+ne/fu/OUvf8mq5f5zzz3H6NGjATjzzDMZMWLEZsO8wYMHY4xh8eLFPPTQQxm3eeSRR6I/rInP1r322muZPn16tW9hVSv4rbrDx7Op/l2/fj233XZb9EcUmXzyySfMmzcPoNoK5kwSiQQjR45k6tSpuK7LLbfcQv/+/avc3lrLzTffHFXKZrJ8+fLo+6lr164AzJgxgzFjxrBp06Yq93vmmWcAvwo//gcG22qNkPqjimnTplXbSSP+c7Rz5861XuuJJ5642fsnXsk9atSo6LEdtfo3rqpKYBGRqvghaRj6OnjG4DllYBKY8I0E1iQpdzySTg7WywXr4AGecbZZ/Cvbj36+iIiIqAW0iIgI119/PcOGDWP+/PkMGTKE888/n8MPP5wmTZqwatUq3nrrLSZMmEB+fj5PPPEELVq0oLy8nMsuu4zGjRszYMAADjvsMFq3bo21liVLlvC3v/0N8Cut4m1Lw18Cr1u3jieffJJzzjmHkpISZs2aFVXEZaNRo0b89re/5Y477uC1115j1apVnHfeeRxwwAF4nsfMmTN59NFHWbx4MZ999hnPPPNMNEfy1FNPZcqUKRQXF3PJJZcwbNgwOnfuTCKR4MMPP+Txxx+v0/WszbXp2bMnJ598MpMnT+aee+7hm2++4bTTTqNt27asXbuWt99+m7/+9a+UlZWx77771np+Zdz111/POeecQ//+/WnRogUrVqzg1Vdf5e9//zvgB+WnnXZarY5b0/sJ/BBw1qxZDBgwgKOOOoq9996bvLw8ioqKmDx5MnPnzgXg0EMPBfx74JprruGPf/wjr7zyCosXL+ass86iS5cu5OfnU1hYyOTJk3nppZc49NBD+ctf/oLrulWuuybqcv9l0rlzZ+rXr8/GjRt54okn+M1vfhOttbi4mLvuumuLrDsbNb0vDjnkED799FOmTp3KwIED2WeffaLnZsyYwQMPPFDluUaMGMHll1/OokWLGDp0KL/+9a/p0aMHubm5fPXVV4wfP55PPvmkTq9na98ny5cv54orrmDJkiUAjBw5kgYNGvDDDz9k3L558+ZRdfeIESM4//zzWb16NcOGDePss8/m0EMPxRjDrFmz+Pvf/86aNWuoX78+1157bdpxPvroI0aMGEEymWTvvffmd7/7HevXr89Yke44TvR99uSTT/LYY48B/h8ynH322VWuNT8/P6omPvjgg/n5z3/OxIkTee655/juu+8YOHAgrVu3Zvny5bz00ku89957AJxxxhl0794962tYV4899hhTp07ljTfe4Pjjj+eII45g7733Jj8/nx9++IEZM2ZEM6rbtGlD3759sz52WVkZN910EzNmzADgqquuomvXrlVes4YNG/LWW2/xxhtv8MYbb9CjRw+OPfZYOnXqRMOGDVm9ejWzZs3ihRdeoLi4mPz8fM4880ySyST3338/hYWFvPrqq/Tr148ePXrQsmVLPM9jyZIlvPzyy3z88ceA39I8/JpuqzWGzjvvPN59912WLl3K0KFDGTJkCD179qRZs2Zs2rSJhQsX8s9//jO65n369InagddmrTv6DN+a0i/gRaSuLA5YjzLH4hkXY108J4njOYS9lcM/63LxMJ7fXrkMcIyHa71KLZhl96OZwCIisjtQACwiIru9jh07Mnr0aG655RaWLl1aZdh02GGHRdVl33zzDevWrWP58uXRrL2KHMdhxIgRNG3aNO0Y3bp14/PPP2fcuHGMGzcO8KuZXnjhhRq1NT7ppJPYuHEj999/P59++mk0ezJujz324LbbbksL37p3787QoUMZN24cixYtqjQXNDc3l4suuigKSWqqttdmxIgRAEyePJlJkyZlrEI+8MADuf3222vUMjSTiy++mGeffZbx48czfvz4Ss8ffPDB3H777dWGllWpzf1UWlrKnDlzWLlyJX/729+ikLyiU089Na2CesCAAZSVlfHAAw8wc+ZMZs6cWWkfYww9e/bcYuFvqLb3XyYNGzbkyiuv5K677mLixIm8/fbbdOrUiZKSEmbPnk0ikaBHjx51DkM3pzb3xVlnncVbb73FggULOP/88zn44INp3LgxCxcupLCwkIMPPpgFCxZkrBTs2rUrt912G3fccQfff/991B49rlu3buy333689NJLtX5dW/M+ufHGG6PwF+DKK6+sdvtx48ZFlZutW7fmwQcfZMSIEaxatYpHHnmk0vbNmzfnT3/6E23bto0eW7t2Ldddd13UinfRokXVzkWtV68er732Gu+++27av2tTp06NWqpn0qtXL+6+++7o8yuuuALP83jhhRf44IMP+OCDDyrtM3DgQK6++upqrsCWd9JJJ/HJJ5+wYMECpk2bVmVL7bZt23LXXXfVqAX0o48+GoWVAH/+85/585//XOX2l112Gf369eOoo47i/fff55NPPqny+7agoICbb745CkfPPfdcHnzwQdauXcvEiROZOHFixv2OPPJIhg8fvl3WCP6/A7fccgt33nknixYtir5vXdeN7slQ7969037G1matm5v5uzOLh8Fq1Ski2TIkWVsGf/9fCdO/TuB6kDRgPIOxlrDPsrUWjAVr8TyXJnllDDm+IT/qUE+NlncDmX6uKPQVEZHdjQJgERER/KrK8ePHM2XKFN544w0WL17M+vXradq0KQcddBAnn3wyvXv3jrbv0qULEydOZOrUqXzwwQd8/fXXrF27lpycHFq2bMmhhx7K4MGDK7UsNcYwevRoHn30Ud566y3WrFnDnnvuyTHHHBO1h66JQYMGccQRR/DSSy/x/vvvR62X27Rpw7HHHsvPfvaztJA1NGTIEA4++GD++c9/Mnv2bNauXUuzZs04/PDDOeuss6hXr16tA+DaXpu8vDxuvPFG+vfvz0svvcTs2bNZtWoVjRs3Zt999+WnP/0pffv23SKzYQ899FD69+/Pc889x7vvvsuKFSto0KBBdJ7+/fvX6Tw1vZ/y8/OZMGECb731Fu+88w5z5syJ2oSH+wwYMCCaQxo3aNAgjjzySP71r3/x3nvvsXz5csrLy2nRogU9evTg5z//+Wbb8dZWbe+/TE499VTatWvHs88+y+zZs/nggw9o2rQpRx99NGeffTazZ8/e6gFwbe6Lhg0b8sgjj/D000/z1ltvMXfuXHJycmjXrh2XXnopZ555JgMHDqzynMcddxxdunThxRdf5N1332XZsmU4jsM+++xD//79Of3002v9vRi3te6Tus4o7ty5MxMmTOCll17iv//9b9RCuV27dvzkJz9h4MCBldo6l5aWUl5eXuNz1XVeteM4DB8+nD59+vCPf/yDuXPnsmrVKpo3b06XLl342c9+xmGHHVanc9RGly5deOqpp/jggw/473//y5dffskPP/xAaWkpTZo0oX379hx77LGceuqpNf7jmdpcsxYtWjB69GjmzZvH1KlTmTVrFkuWLGHDhg00bNiQPffck169ejFw4ED23HPPaL8BAwZwwgknMG3aND744APmzZtHUVERxhiaNm1Kly5dOPHEEzn++OO32xpDffr04bDDDmPSpEl8+OGHLF68mHXr1lFQUECLFi3o1q0bffv2pWfPnnVe6+5Aoa+I1IQFypIOHy+uz4uf5YIXtHS2BjywngUMeEEYHIz8bVlvE30PtfyogwLA3Y1+zoiIyO7KWP0UFBERkd1AcXExJ510EuDPHN2WLVplx6X7QkRk24nPY/Q8L+0tmUySTCZr9QdxIrL7sMDKDYYbX/Z4+n+5WOtGIa//3gRVwDYtBN6jXiljLvA443B329T/Br9ttcb/JOnBjDmG8+4oZUVxY9L6UFuL4yQ5Yr9V/P3WRrRqYsAaVKxae5s2bcJ1XVzXxXGctLewCljVwCIisjNYt24dQMZublUJx8c5W2VFIiIiIiIiIiJZiAfDIiKbYwmCVQe/zbMDGBO8j705JvU+NSJYdgP6uSIiIqIAWERERERERES2M/2SXkSyZzCOCYLdMOS1wfvYx/EQGBuOB5bdhH6uiIjI7k4BsIiIiIiIiIhsM/qlvIjUmcGv/jU2PfwNK4LDquCwMtj1g2D967N7088fERHZneRs7wWIiIiIiIiIiIiIZCPq5OwEZb4efsgbZnseQfhL6kFTYV8RERGRXZwCYBEREdktNGrUiOnTp2/vZcgORveFiIiIyM7DxD+I2jzjh75U+NwBkuk7KgAWERGR3YUCYBEREREREREREdk5GDDxds9h2OuRSngdC56/nQUwBqP0V0RERHYjCoBFRERERERERERkp2Ct9We5Gvx01/GzYBtWBHukQmHCbSw2mAGsHFhERER2BwqARUREREREREREZOdgjD//1zFR4GuNAc+mQl/jVwBbW92BRERERHZdzuY3EREREREREREREdm+/HbOwfhfY4M20EHKayoM+jU2fU6wSn9FRERkN6IKYBEREREREREREdmh2eD/LUlcU0oehoSTT9LLxQYzf3GCPs9YjDUYEuQmysinDJccIAeLVRYsIiIiuzwFwCIiIiIiIiIiIrJDM/hFva3yDX86rRG3nm55++tSrv+Hx5JNBX4lsMUPgo3BUMZPOpdw5+CGtGmcT2MLxlq/clhERERkF6cAWERERERERERERHZoFos1fgjcmFJyHYcC12Jz8MNfz98qGnhnDa7xaOZY9rRgKCdhAByMaoBFRERkF6cZwCIiIiIiIiIiIrJDM4DFwzNgMeR44FoPTDlR8GvibwZrHCCJNQmSJgfPaBiwiIiI7B4UAIuIiIiIiIiIiMgOzQIGB8emAtykMVjHpMLf6L0F42FS5cAY6+FYSzhNeJstegudLjqUTX1sqzpB2sZpO4iIiMhuQgGwiIiIiIiIiIiI7NAMBmPBczw/DLZgDBhjwDFB6EsQAvvVv57jAQZrwDrgbIf2z+HZbPyTWrFY42Hw8PyG2CQcjzAaT38DrMGSwJpyHOtirFuXk4uIiMhORjOARUREREREREREZCfgN4I2EIS8/nscwDPh06mSlygP3QXaPlsw1sGzDgaPHC8XYxNgLdbx0rc1HuCAzcNgSZoE1iQxuJp/LCIisptQACwiIiIiIiIiIiI7pzAEDls/QxAGm12q96HBYkiSdFysAY9NeMZgjN8WOx7rWgwWi2Ndv1bYKcMGvwZW/CsiIrJ7UAAsIiIiIiIiIiIiO4WwyNfa2APG89tAR495kLQ7VNpp61x717pymgAAIABJREFUa/AwGCx4DgljMNYhaZxKo30tDv7F8IKW2Tm4noMxyR3qmoiIiMjWowBYREREREREREREdg42vatzNAPYC2bhOgY8vwCYYFbujsDExvPW8ggYXKxn+XZZOY9NKiKRdEk6HskKlc42aJPteg5JN4ljHTrtmeDCAW1pmF+XNfhHz7Q2ERER2bEoABYREREREREREZEdngV/7m+QQdqw7bMhCn6jhNgBjB+bGmv9bbfTmgEwNjWT2KZeQLbLCuJtAL5f4zDu1SZs9OoHL7dyr2sLGGuwTgLXsxx94ErO/qmlYX5dL4QH1gUSgBs0myZM3EVERGQHoQBYREREREREREREdnwm/t5vdIyp8LglmglsjAkaL2+ncDI8bZgCO4Br/RnFXs2PZa1/CAeDZ3Kx5AEmc7htLWCxNhcPS2myAUUbHWwtg1rjH46k4+B6Lk3qG1zHwVgPY3aMKmsRERFJUQAsIiIiIiIiIiIiO4V4fGkNUdgbPemYVIWtIahPtewIbYptuD4IQmGL3eqjih08A59+3ZBjL0nWvlDXgsHFyyllz/xV/G1kCw7Zzw2Ot/2vrYiIiKRTACwiIiIiIiIiIiI7h7DYNKz2dYI3LyiPtYDnV8XaWDCcfbPlrcjBb1kdrsUjCqu3yrRiY/yTGEspOZRuyq39oazFoZykk0+O14iE5z/m4eIYuyNcXREREYlRACwiIiIiIiIiIiI7hUpBYzjvF1JtlZ0gkNyO3Z8rMaSqZeNrTm6t81msNX7v5vC9qf0FsQaS5AYBvMHBkmMhabwdI1wXERGRNAqARUREREREREREZCcSBI7GVHgLamjDzDPsdxx+XuEo6bW3YYxZTZhpbSzsDEuQw2A10/YZlm1inxjrt4Su6TzgzbEWjAfGAetgPONXHtegxNiELarDNVuwjsWxYEwCz8n3A2GztRJsERERqQsFwCIiIiIiIiIiIrJTsFHu6gQBKv57Nz5bF4xnME6YXoY7ZQhqrcHgBM/E2zBnSkvDsNhNbWNstRWwxu9PHcz/xQ9iPVMhCDbRbOBwpXVmw5JjizW2hmOQw7nJfugbS4DxjMViMNZiTHLLt60WERGRLUIBsIiIiIiIiIiIiOzwwvzSxh8Jg1UvVk1r/NDTYqttA23wW0Ub68e61sTjTJdUn+Zwew/wsCSD50zm0uKq1m+Igl6/StcEc4stxqluzxoyxg/IgypeHA9wg3NmEdlasI4HOOC5wTFSobCIiIjs+BQAi4iIiIiIiIiIyE4mLPUlPQR2Y4GsAWvD4DJzSusFGa7FwWD8UblRpW96e2MbHhOLNUmMdTC2BvNvwzbVsaA69SLCdyaoKK572OpYi4fjn9cLzp/leo1n/Opf4/ljhK0TrE8hsIiIyM5AAbCIiIiIiIiIiIjs+KqaqRsGqY7xQ2BjouLctGw1g1Tg6/ntnE3S/9zmEVUAhzt7RAGqayyOTWLx/DriquYAp/GCFtCkVwLbIBTG1KxT82bOZTHR+QpyS2jWqDQ1F7m6PT1Yva4+G716wYzfasqoRUREZIekAFhERERERERERER2IrGY1FQIX4NKYOMEIXAWx/KADQmX5estCZubYZtwPq/FC8qAHWtpmO+wZ0NDjvE2G48aE/1fKkt1CEqQiWWs1a/YEm/FnEVcbDwcLN06rGfsdc1oXn/zvaaXbrAMGbmS+ctaY8NG2WbLRdMiIiKy9SkAFhERERERERERkR2eDQNSa2Jhqg2C1NiG4VxdgtzSGqwJQ9w4v+LWs4YZixJc/vx6ijbl+6GnR1CdSxDSBpW6HpA0GMo56WDLw79sQqO8DGvF4hmLY/2Wzp4D1jXpa7VElb9+n+VgTcYGbaBjKw2e9p/zcFxLnleGZ5xgknE6YyzGgmcsuY6lQW6CPZt4tCjYXMAMnmvIzfH8mcjWIQqalQGLiIjsNBQAi4iI1FIymcR13e29DBERERERkd2XQ2wGcPCYTT1eMUjNzOKZHDblNGSTWw9rCeblkpqd66XPHDZeOeWmFDLGr1UIq4DDtYbZavgaUsupFLSmJhkbDmjr8NA1HiQsmGRQwxzbNli6ay1J4+BYQ6vGDWiUV8MEd8uMIhYREZHtQAGwiIhIDc2dO5c//vGPfPPNN5x33nkMGzZsey9JRERERERk9xDM4LXYzIFq9N4ERcKp6DQTUzEkDlsxh+FvUE2MCT4Pn3eMX2Vbk4rYeFAd7mdsMLc4m909wKNlUxh8NEGVs4MlvW21/4otrrVYHL9g2jYEkjVYrIiIiOzMFACLiMgu49tvv+X8889Pe6xRo0bst99+XHjhhfTs2bPO57DWMnLkSOrXr8+f/vQn9tprrzofU0RERERERGoiCIGN9Vs7x4PV6L0Fx4R5cbVseEjHpAJfSJ8tHGbI4Qhdz2INFWpvqzsBsfA4+MTGwl9DtWs1QamwJQcPi+slSDr+fF6n4ipsWFRsMZThYcHkkCo5FhERkV2dAmAREdnlnHPOOXTt2hWA9evXM23aNK6++mpuu+02+vTpU6dj//DDD3z//ffcfvvt9OrVa0ssV0REREREZNcUzxpNhsfI8HxWg2Zj21QV/npBQAxBFfDmk2ATHsvG0tiKlcBhf2XHYEyWPZKDSmXjEFUnp7+vPvwND2LxwJTh2BzAxfUcPKe8UhNqA1jjUWZyMBhc62KNh180rSG+IiIiuwMFwCIisss58MADOfbYY6PPf/rTnzJ06FD++te/ZgyAazLLt7i4GIDGjRtvmcXWgWYQi4iIiIjIjsqvV/Uw1q9D9YK+yiZT0mlsMHc32sp/OONRw17MFkMQqprYxlGAGxwh7ACNpdp+zQasUyGINTYKeyvOFzbBbGBjTapFdKWXZYLTVwir44lvGC6bWLfqKjkYm4fFYJ0ExvrX11gn49Zu+P/W8ddpVP0rIiKyu1AALCIiuzzHcejRowcTJ04EYOHChZx77rlccMEFvP7666xdu5YpU6YA8NprrzF+/HgWLVpEy5YtOeOMMzjrrLMwxvDQQw/x9NNPA3DllVcCMGXKFBo1asSaNWsYM2YMM2bMAOAnP/kJV155JQUFBQBs2LCBhx56iLfffptNmzbRpUsXLrvsMrp06RKtc+7cuTz00EN8+eWX1KtXj5/85CdceumlNGjQAICbb76ZZcuWse+++/Laa69xySWXMHjw4G1zEUVERERERGrAWkvCOBgMOR5BYmrxnMrVqo4XPB4Gpo7/WObA1vh5aZSp2lRb5rBaF/yQNqrS3XzVaxSNmlhYS4WQNm12L1SZqQb7BoXIqTM4+DuYCoGwF64zrN7NfMzUqS3gpq2lMif1sPGq21BERER2QQqARURkt7Bs2TKaNm2a9tg//vEPLrjgAtq1awfAv//9b+68807OOOMMLrnkEj777DPGjh1LcXExF198Mb/4xS848MADuemmm7jhhhs48MADadCgAWVlZVxxxRWUlZVx3XXXsXHjRh566CE2bNjAqFGjALj77rv59NNP+c1vfkODBg146qmnGD58OM888wzNmjVjwYIFXHbZZXTv3p2RI0eyatUqHnnkERYsWMD999+P4/i/0Zg9ezaNGzfmhhtuYP/999+2F1FERERERCRLjnWw1sFzkiRdz+927PndmeM8IOkYHOthrIPFwfOq7tpsKnxinUwzgFNzddMH8GZgY+dy/GzWhts7sf2Dyl9iD5mKFcPVMukzgKO20sHTYSWziIiIyBagAFhERHY5ZWVllJSUAH7L5jfffJP//ve//OIXv0jb7vLLL+e0004D/HbKDz/8MCeeeCK//e1vAaIZv8888wyDBw+mefPmUVjcpk0b9ttvP8CvAv7uu+946qmn6NChAwA5OTmMGjWKZcuW0bp1az788EMGDBhAv379AOjUqRN/+MMfKCwspFmzZowbN45mzZoxevRocnL8H8/t2rVj+PDhzJgxg969ewPQqlUr7rrrLrV+FhERERGRHZbF4rlJ3GQOrueScC2utX7AawwYg7UWYwzGWhzrYa2h3HHBWFxbhp+IZv7vHi84h7VBNW3FVs1hlbFLUG1rq+n+bNIqcq0THMsGqXAY+npBUhufLxz2bM4muA3DXzfWTjo8ZnZFyiIiIiJZUwAsIiK7nLDqNuS6LoMHD2bYsGFpj++xxx7RxwsWLGD16tWceOKJadv89Kc/Zfz48Xz22Wdpc4Xj/ve//7HvvvvSrl07ysrKAOjWrRvgt3Vu3bo13bp1Y/LkybRq1Yqjjz6a1q1bc99990XH+PjjjznllFOi8BfgRz/6Ec2aNePjjz+OAuCmTZsq/BURERERkR2esbDeGIosmKRDwgSBrrWpqldr/I7I1uCQxLPQ0EBLXD9greb4FuMHvfGq2rBKN9aqORwFXK0g7DUmDHPDHeIhcDDrN6jc9WfqZp/a+p2o/TDaD63x1x/NJ45tm/VRRURERDJTACwiIrucoUOH0qNHDwAaNWpEu3btyMvLq3af1atXA9CiRYu0x5s3bw7AunXrqt13wYIF9OnTp9Jz4X4jR45k/PjxPPPMM9x777107NiRX/3qVxx33HEkk0nWr19f6dzgh9Rr166tdu0iIiIiIiK15cesFuMFpa4mCDrj7YkhyD9t7NMKMWWFALPcOkxcmeD2b8pZn8wlYRK4ScLyXT9zDcJgD7DWkF+eYMjecEvXeuR7ySrWS/o8XIdU5W98ASYW4lrrB8YmU7ga6zUdBrNhRbEX29oxqdbS+FXHDjZoAV1Fv+r0VcdCYFJBNUTBs41trRBYRERE6kIBsIiI7HL22WcfunfvXqN9mjRpAsCaNWvSHl+1alXa85nUr1+f/fffP2odHde2bVsACgoKGDZsGMOGDaOwsJCnn36a3//+94wdO5bu3btTUFBQ6dwAK1eujMJsERERERGRLc1YMF4OngPWlGNxSTouXjAYNwoiDUFqW1mlKbsWyjCUuh4l+YZ1NhcSrj8zN1b9G4bBeH4KXGbKKM1NBnOCM0eg1virMtZfm3W89Lm60YuyqR1wMJCxotgag7EeOcbiOBZyTLSeKARPkgqVTRKDjdpLB02gK602rauzsXhhAO2ADdcZHN9agtbYmdcoIiIiUlMKgEVERID99tuPJk2a8Oabb3LUUUdFj7/++uu4rlttoHzIIYfw1FNP0bp167S20kVFRTRr1oyFCxdyww03MGLECHr06EH79u25+uqreeWVV5g/fz7du3enR48evP3221x88cVRi+dPPvmENWvWKAAWEREREZGtynM8ko6HxfBpaZJX1pdSbA3WCwLgcFRtkHaGlcAmeG+tic3N9d8nrGVuaR4byQvG+QbVstYJZt/a2MzeMDD1I9P4/1dkYmmrBYwxfhibJBUChzOAg8WH4W/FI9pg7R4uDfI9urfYyMpNHt8Xu6worZfaKKr+tbg50L6glBb5CTo283CNU+VaowMEXZ+t47/5Fz1VoWwckypYVumviIiIbAEKgEVERICcnBwuuugiRo8eTcOGDTnqqKP48ssveeqppzj33HOrrQA+/fTTmTRpEldddRUXXHABe+yxB2+//TaTJ0/m+eefp3379uTl5XHXXXdx0UUX0axZM/7zn//gui6HHHIIAL/+9a8ZNmwY119/PYMGDWL16tU89NBDdO/enR//+Mfb6jKIiIiIiMhuyFgH4wE4zCtLMr6sHj+YnNTMW79Hsx9aWpOa4xtWsnqm8rbWQNJgbVhGGwtlw0A1FgKHm9msq2DD/fHTVSdWtRvOAA6fq+KIfuhscYHDWzo8dVp9VpTlcvv0BP+Y5wVzhmO7WyjISXLZj+HcgwrIdaGBW165HXZVy41C3vC4sTUr+BUREZEtSAGwiIhIYODAgeTm5vL000/zwgsv0KpVKy6//HIGDx5c7X6NGjVi7NixPPDAA4wePZpEIkGXLl245557aNq0KQCjR49m7Nix3HPPPZSVldGhQwfuvPNOOnXqBEDnzp0ZM2YMY8eO5fe//z0NGzakT58+XHLJJTiOU93pRURERERE6sSQxMVSbiyemyTpOnjGSZ+rGx9QG2thbILQNjhQeivmHItJ+qmwsQ7GOHhROXEYzNpoHxsGtlWEodFpLCTDHssGP/y1sXM7sR2MDeYcZzqoxeBhjSHXuOTnGxJAfg5+MF3hteIZjOPQKDdJ03pJrHEx1gn7Uld5df0S4OAlO6RmCUeBtZeqABYRERHZAhQAi4jILmO//fZj+vTpm91un332qXK7U045hVNOOaXKfTt37pxx3z333JPbbrutyv1atGjBzTffXO26unbtytixY6t8vrrji4iIiIiI1IZfqOvhWhcPP6B1rBMLVwn6F5MKLU1QuWqN3w463mM5qL41SX+urQWM52LdIEMOg+QgUE31lya7Stq0at5Y8uwG58ZfmzEmmtG7uaNZAy5JjLX+FTA2qCh2MswWDvNlf3awY60/v3czK41es7GpcDleEZw2NDjb115p+rKIiIgIoABYRERERERERHYQnudtfqOtzFqL4zgYYwjrBv0nSA+oKnSVVfwiOyuDwbEO1ngYDDkYrEvqHg9D1eABPwv2/O8R4/nVq9b12yWHIaa1/jGCubnWBCW5bthG2t8GY1Jto41fCWxMao5wxbJY6y8YE889HVLtn4PQF8dGT5vgu9ZChjpgQ5gc+8+7wXnDp4JW1dGODjhJjHGC41iSjkPFnk3pMW1wfhPk3WFQHbapNsEqw5A9GmZc8aD+Cm1Q6uxYgzXxf6Xir8yft2xSA4ej51VpLCIisntQACwiIiIiIiIiO4Rzzj57u57f4FcL5rgu+fn57NFiD9q2bUvHjh3p1rUb7du3x8nJyVh/KLIzS/t7hmDMb7y4FoINXP+PJKIA1xogJ5rfm8oi/aDXGAeL8fNZE6TJJnZQS6oaNmzjnHVCGSzS2MozgMPgOutpOqk2zVEoGwTZaccOKoBtfJ8sRJclnPUbr662QbWxoYowlwqP+dc04XhgLMb6AX7lpXhAEowXfJ3crNYqIiIiuwYFwCIiIiIiIiKyQ/j4ww+26/mNCdrZBh+HrLUYY2jXrh3HH388fU7sS5eDDqJ58+ZgTNq2IjudsKw2iB/TKnkh1QLZtX5Y6QFJB+t6YIPK0jCAjPYzfvBojF/km4c/tLdiS+V4aOsFvZU3F9pW/AsMY2Kzf4MK43Dd2X5vppUGm/Q2zTYq/0/N7q0YjmfL4B835KUOYp0gbDY2Y65sTfDVsUkMLngOxsb3TT+RwcGSIFXlbFLV1SIiIrLLUwAsIiIiIiIiIjuEHSFIzbSG8LHvv/+eCRMm8Oxzz9G6dRvO+NkgfvXrX9OgQQGeZ3EcVdjJzizq3xx8GEtFw4DVgmMtjuNhPHAS4OEFfziRHlzasO+xNXiOn/hG4XLFKt2ow3RY1ZupXXPFz1Ozg8P20akQmGjert8muRbXIh6WhkFzWKmc/gQZE9sMazdOLFwPq4E9C57N8t8/i7F5WOORdMswXg6OdbEkM50Nfwayi8HBMeVYa4IyZBEREdnVKQAWEREREREREcmWhfKyMgoXLeS+e+/lP/+Zwm9/+1uOOfZYfy7oDhBi7/A2l5XpEm4HsRAzCidNqlIX/zHHwiF5CU6ql6CxZ/GsS9Lx/A7GNij6DY6UtJaPNrn8p9ilzMsF1wTFrdUMz451hs562WkVuWFgHRzBMZU2r04YU6dVMkMQLttUaBvM3o2fOuv1OsEHNhVUWyrO883AGiwO1pSyrszlq6WQtEmM9dJnlQcfGOtXDVvr4VqPBvlJOrXLI09/pyIiIrJbUAAsIiIiIiIiIlID/qxgP/z5as5cfnvNNVxw/gVcfMmlFDRokLZlDaKsXYq1llWrVjL11f+wZs2atOdMxW614T7BW+9jj6XrwV0xjgL1bSM1vNfgpbdhdvCrcoPWx66X5OAcj4vq57AnFs/gtyOuWK5rodRAw/WGt4o9SsNqWpdU5S8ELY898CyO54CTxDoWxzNVBqs2+P7zP7b+/OEoiQ3mEntB+Gls2ghjk7Gu2H/lYddnP6SNVRSHws9NuAdgLdZUEQJbiA8itk5stnIYLjsWkkQzgB0vCIYzLNOEoS4uc5fChfeXsra0AM96OJ7Bev5+Jvx6YbEeWJI4STi8w3rGXduclg2ruLAiIiKyS1EALCIiIiIiIiKSrSj8MdFs4PXrinn0kUexGC655FLqFdQPgsvdL/wNr4kxhm+/+ZYHH3iQ5cuX+c8R6yxc1f4GGjZqxIEHHkSOo1a120R0q4Z/1hA+HrRB9mLzcB2/rbALOBiM9YI9KqWV5FqHtjbJEW4Za0wC4zlgPT/A9YL7IMw6PcADx5bSIScXh9wqo9qM64+3kcYPb4311xof7VvdIaK+05D6K4W0EDgIbI0JKo039z0etmH2Q2m/BTSpbwJjgvAXwhTZpEqEMx7OGsBzSFhYWVqPdSX1/efC4Dho0+2/t/7cZeNhkrC2dJOfC4uIiMhuQQGwiIiIiIiIiEgt+bNPoay8jHHjHqN+/fr8auhQ8vLytvPKtp/wmixdsoQNxcVR4OuE1bxVBHFR9rZ1lyfZCHs6WypVwlpjsipud02CExq6HFW/gKTx8Axg3Cj4NUHcmTQeFkuO52BsHgUGIIE1VVcBh9KyWEi/eYIQt+aZZzzkJfb6wxu5NjOF4+siFVi7Jgpto3A428OElcrWpOYeh/sHxw+/hFVWKYuIiMguSwGwiIiIiIiIiEgtpLUntpayTZsY99gjHNajBz864oioEnZ3YoyJAuBvFywgmUzW/BoE1213u3bbT6xJclhlmlaqHQSMUQVwKlQMd8t4VGupb8qp7zp4DrjJHBzP4jnpPcCNNTjWkHCTeCaJG1QHe/EZvNUu31QKPrF+AWylmcJZJqEGUuFq2MU5DIGNCbLhKnqZb+6YTvjiwvJnE1tjNtFybEsn+ChpUrOFveDFG4sNZiAb67fDFhERkd2HeumIiIiIiIiIiGwBBli7di1PPD6O9euLt/dytosw/E0kEixatJBEIrGdVyQ1E6vSDmcBx+fWmqD6NZvg0+ZhbR5hqlzuJkg4SZLGC96S/puTpNwxeMbFWNcPlq3rt3CuybIrVgGbYA5w9kfxl13xmA6Vroc/X7iGB45fx/gxjU2/zlkey8T3qbhG18RaTQfb6+8pREREdisKgEVERERERERE6ihqa2sN77zzDu+8/TbJ5DYMP232b1U9VedzxxSvW8fyZcvwPC/jLju6Ki9fDa7zzjIC2gb/S1uvIdUGOS24NJior7CNKoErv1SLccoxphzHeuR6hhzr4ODgeulvjjUYkriexQ0qV70gZK1qxWmcYK2OqRCs+os2VeyW4QqkKobjoWqmj6My6KqPmfFJU/nNBFXVOPFK4GqEPa/jgW8UTsfD5NTXTxX1IiIiux8FwCIiIiIiIiIidRUELBZLeWkpEyaMZ93atdt7VducHzJZVq1cwcoVK6KKYNkJBF2Jw+wweiwWflrjB7QmFlNm/hKn0lLPOHjGpoLYSiFoEE6asEOzgzGWyhOA/VA1XnkbtasOZxbHZvdmyq+rrLCNNrAYnOB4pFdBhx9Hm28mUDVesI3fi9pzDLhUCmptrEo36wbQUcAbW3s8/HWoFIjbCq23RUREZNemAFhEREREREREdio1LcKscbFmLSs4/XGefsIyf/58vv7m620XgGaoLKzqraqntgRrLcYYFi0uZH3xztsGu8rLV4PrvLOEbWlLDfNTY9KrXk2F5zIcI9ORDWG4a9JPlukabTalDTarWKkchp3xsDr+vrYqhr+GtGNm+51tKn7mmArr9a+1qXg9qhT841TptcaOWakyuPJKREREZNeWs70XICIiIiIiIiJSFc/zyMnJ4cgjj+T0008nPz8fjPErBU2F9KjGQzl9iUSCVatW8fnns3jrzTdZX7weS6YKxOxtWFfMF599Ro8ePXFdd4u1Xw0D5fB44edh8JrteeLHiYfUW2KdnuexuLCQDSUldT7WtlYxsI9fn2yuTVVfnx27/W762rx4iGgBL/ZxkrRK1Sq7NG9lYV1t6i8agkA0XGv4PqySjR6ogiV2GWzQjjns6x6cJ37c2KE295WN1klYpRweH/Bs6sXU5BapEEZHX5/wmJA6h/WrtE0NwvD4pRAREZGdkwJgEREREREREdkhWWtxHIdkMsmMGTP47rvvOP300/nJ8X04qGtX8vPrBYWFdQvX/PDUzzo2bdzEy//6F3994gm++fpr/MQnCxWWkEgk+GzWZ5SVllK/oKBO68ukYoDrGD8BstZmHSZVDH/D49Y1rEwmkyxdsoTysrI6HWdHEL8+2VZzG0w0Hxe2Tsi+5Zn0+8ZU+Djkhg/YWAi7bVUqlA2DUA+/dXMssPbnE2e5ymj7QBiqhg9WzJCNxViDtabaJDztn6ho8WEInApp01NXU833sf9EWFht41+IsBI4XC/418QabE2rocPl2e31lRYREZG6UAAsIiIiIiIiIjssa20USi5ZsoSHH36Yvz01nn07dODiiy+mX7/+5OXl1SoDjkI5k8p56hXU5+eDz+T4449n6NBfM+fLL2q99rnz5rFhwwbqFxTUPljNkLskE0kKCwv5buF3FC4qZOXKlawuWkXJ+g2UlZfjJZPVHi5sVe3m5NCsWVM67teRw3sezgFdupCTU4dfFQXFjOXl5SxduozyRKL20XxNWnBviTw1dq6SkhIKFxXy3Xff8f3ixaxYuZJ1a9dSUlJCeXk5eNX/UUD4dc7Nz6dFy5Z07tyZnj/qyT777IPj7ATT2MIQ1IRVq8Hj8ZAxC2nBq00dq+rKeht82Q3hjOHNz9mNdaSOQmDjV8HW+lKb4LgGGz9/GAjHcltDhdcZF384/P53TOq6QqrSuEb5qkmtwTFBeW9sjV5qM/8amFgb6C1AWbCIiMhOQQGwiIiIiIiIiOyQwiCtYnC6sWRvdGHFAAAgAElEQVQDc778gmuuvopOHTtyxqCfc/oZA2m55541ClkrbmtST9Biz5ZcevllXDvit2wqKfGzqyyPHW63auVKVqxcyR4tWmQM/uJVoYWFi1j43QJWr17NqlWrWLVqFWtWr2H9+uIo2E0kyikqKmJx4WI2btwYrTVt7XXQum0b+vbrx09POomu3bpRL79e2pErvX5rWbLkey6+aChfzZ2XlgtlPc40wz6jbrmF2265ZbPb77HHHtw9+h56H3dctH/68vwVlZeX880337BsyfesXl3EqqIiVq5cydq1a1m/fj0bS0ooLyunvKyMH1asYNnSpZQF1ct1qdaNroe15OTm0rlzJ3560smc2Lcf+3XsiOu60aq3Z1GwDVsTQyrwNDaoHMVfogdgMNakxvdaA8YLAtAKCaO1GAvWGDzH4noO1iSwOMGpbCpoDi6UNakSW2MtXqWw2D9zvCDVYvHCecWWIPz1DxPmosbG9svU2t0Yf03GBu8NOEmsG7zuMFC1wRpilbsWL2NvZRNsG57TGg+L41fhOjbosx0I1myczXwvWzBYvODFOgas4+F4fnWvjSp+/TWb4Gvot3/2glnMVR28MiecKWyii52+FgXBIiIiOzQFwCIiIiIiIiKyU4kKEj2P+fO/ZvQ999CmbVtOHnDKFm2ve9yxx9G1a1c+/uh/WJtlK+iY4uJiioqK0qqYKzLG4Hke458azz+ee5aSkhKSnhe0jU1FVVW1H95iRX3WsmzJUp7625O88MILDBw4kOHXXEPjxk03u2+mTsF1lc2xsj1f0apV3D5qFDM/+R+J8gSe56V1163p+NVsxY+fTCSYO2cuc+fO46nx47lk2KWcdfbZ5NertxVXUEsmCCOjFxCrOMXPLjef/RmssTieJcezeMbDYnC8WBmtrXAK6+CSBGtJGDcKZdPY9HOkVcOGwgDUqVngmb58J1ZlS/oc5P9n780D5ajK9P/nnKrq9W65uTdkhYQk7BA2EUUEUREEnFFwAXEZxcF1dFRcvoMyrgiICoMKMzr8BEFRGdzYF9lGQSaERVmyASF7cu9N7tZrnff3R9U5daq6+6a7k5AbeD9Op7urq845daqaqdtPPc8b3SmCtjqwN4u5qrfdHgHwpULWI+w/fQRDZWDDVgcD4+mojVCPD8RhhZn5MvqyFczvq8JtYbikaxWb2AA0c+AZhmEYhpkk7Aa5MwzDMAzDMAzDMAzDMLVoQVX5PtQ2YnlbbVcIgUw2i5NPfmvbschV38fA5s2NxduwNqwQAuVSCcViEUqp0EsZRLvWE4/1+HYYFPanAv/n+Mgorr/25/jkxz6Opc88G7g5d1xvLxkiFNCVUigVSyiXK1BKmeV6DmUDYX5HzbE+zkQEKMLAxo34/ve+i4svuggb1q9vvkbtzqSefVvqB0WOYBm5lYPSuPVFSxKBgFh1gLIjUHIVlBAgoeBLCh+AkoCSgUDsC4GyFCg7BIgqJlYbowxmIREIlVJHHQfjJPOc3MEm0c5iPRfaDWt2ufU2hQzbDcdm5lTGjcT1zzwBR0l4ysVh0yRu/Uwv7vjXNN5xmA8hVLT/DgFCASSQ8QQ+9maB+76Rx48+1oPebPNjJr3/+sGWX4ZhGIbZrWAHMMMwDMMwDMMwDMMwuz87IUNXADjkkIORTqdRCSOBW2VoaKihAFyvRzueVmh3o36fjKze0fucaO/hhx7CBV/9Ki793vcwc/as3U8EDp2Lwq4pm4gVbxQzvqMx7YfjGR8bw8+v/RlGR0dw/vlfQVdP907tf8KxwQwtcnnquGAj+gnLBSsSbtB6InDw4YBy8XQVGJcEH5aBVrt/KQg1VhDwFOCQg35XYlHK36beaMpEm3GKuENXi7/tCJdJ56/tANaCeNuiso5UpiiyGlqobuwHVwKouIAkBSECnddVgAthjUcL42E/kuAJBRd+OOzmXNHRvFr7rZLHnWEYhmGYyQwLwAzDMAzDMAzDMAzDMHUgAF1dXchk0hgdGWmrjWKp1NoGu0BlpUZ9EvDo4sX4/qWX4sv/9m+Y2tc3qZKKW8XWMnfdIMJnCiLM77z9duy7YB+89wPvQyab3YUDa4ARghEJoWHh3sj9W6sICgA+BP5SreLftpaxWqQgfCfaTlFw4ikEwqIKPnFVBf+QA3483UNaF/Gt03bNAqMqx8dkXLWx2OYGkNWccf2GYwWMUKvFfLK3a+acMvMoYu3pOr1av27UpADBVYBDAr4gCPJBMnBOG5GWKBKrfQVIFcZrAyR8iGSt5m2OlSLBP7bTrAMzDMMwzGSHI6AZhmEYhmEYhmEYhmEaIIULIdwwkrm1bQNNSsUcwA19g5NSTSEQ+bjjjtvwvw/cbyKpd0fa9GvudEZHR3Dtz6/Bk08+Hs0t4SUdsOmKdMKxVvuimOVAN1SBiCiUtc5E6ieBpEDJTaHkplFMuSh6HkqOh5KXQsn1UPJclDwPJc9D2Umh6GZRlR4EVAPnLhkN2oxAEmJx1U7wWjjaGSujHWyw/9E8hNHrwlpqx2ELAXJ0vLgWwbdlVQ7UVDJt2O1FD3KC50azGRwbgrIiuEECpKOfY+0R4EiQkFAydP5CNn9KEYIaytDt6XjpoG0pCXoGJuUXi2EYhmEYFoAZhmEYhmEYhmEYhmHqIRpKMW20tZMjhrcH0eChKRaLuO22WzE4OLArhtc+yR2pl1Q8CVi7dg3uuuNOlIrFXSew1xMehfkncq5KEXOqClBkuk1sTBBBHVldT9l2Eus269bZDfpq6ExPDNFEpcfaFi3pkkL/K8L2pI5QtsZpj9XepiFJy7lR2BGL2NYCsIj2p9GcBvMa79usa89BOE4htKwtTEp2S9QRqkVYX3kyGOoZhmEYhmkMC8AMwzAMwzAMwzAMwzBMQ4gIixcvxooVK6CU2vYGTEsQEf76yCPYsGHjrh5KfeybF0TifbObW0IngCheWS8L3a9meRPqrdGnbYHSEoNFk2nHjdvWoq+I9yPRwJ3cZMsiFIIloraDuIBotVbVa3ts1jLS4jJau/8hVgPYfm0fI3s9hmEYhmEmHSwAMwzDMAzDMAzDMAzDMDUI7dwEMDQ0hCWPPYZyubyLR/XyQM+tnt/169Zj2bJl4YdoTa17KRACkDJ4iERK9URx1RTU9iUpTDRzJFZS8LBE4Mj1W18EjqaFgvjhpOvV0W1aImvL+2q3qdtJtNecRl3bsImrTkRLSwSRyy0ec6N52zHQLoxILURzTuq6DetjpI+bLTQ7IiYEMwzDMAwz+WABmGEYhmEYhmEYhmEYhmmIEAJEhCcff4IF4J3E2Ogonlu5Er5Su0FJ1VZVSsvl2vChBdHmRNCGEciwXssgApnaLqhMcdEz5rJtXfg0Y9Yuasu5HJie23fXky0mwxqrntd2sB3VMvGo51pmGIZhGGZS4e7qATAMwzAMwzAMwzAMw7wSISIjribFFP0ZICClRFdXF3p6etDZ2YlsPodsNotUKg3PcyGlM2E/AsDg4CAef/xxjIyMoLXqqFErGzZuQKlYArrDMYafKAT1XrUrU0AARFGMbgsEcyGiDibQA0lLalQ/ilbX07Xr6pKxrEbCdiqdRldXN7q6u9HZ2YFcLo9sJgMvlYLruZBiYv+EUgrr1q3FM08/jbHx8bbMu75fxeDAZpTLJWSzuRa3funQ7tugPrYWLBsXlyUTQxyuI61N9OYyei1E7XfBJurR6s8+x6S1qR8cCVG/oG4DLGextGy+ug/tBAbCHZvou6T7jE5kkXTNanFV2atvq1070FkAQiFW4NehsD3ry9NOzV7tfFZhn3rcIhiiGWE7tYUZhmEYhtnpsADMMAzDMEyMx5etw+qNW7FltICto0VsGYmezTLr/aahMQDA1O4cuvIZdOXT6O7IhK8z6M5n0NuVRX9vB/aZ04+9Z/Vi4Zy+XbyXDMMwDMMwux4j/gI44lVHwku58DwP3d3d6O3txfTpMzB71hzMnj0bqVTK3hCKlIkP1m3Vg4gCE6AQWL58Oc4995+x6vnn2hpvYbyAUrkUW5bLd+Dkt56CIw4/EoFIRCiXy/jLn/+MdS+uCQfXfB9CCBx+xJFYsHAfSKe+ECZJggBkcznMmDEz3K5xm/l8HieddDIOPfQwZDIZ9PT0YOrUqZgxYwbmzJmD6dOnw3Ed00gkvm8bXRPZ9338z4034qKLvoPhrVtb0sOEEPB9HyOjw/ArVYhsCxvvQoRQoRZaX6U3vltd61YL8UZYDZ8VWWKlmPieAX1KaO0TADkEqLB9rRCHDlshREyQb/bWByNaCxltRAB8mPhmMdHdCaZXZTl/hSWqakE5mgspbUuwrQhvYwK0K1fPox+2C4KQCG/4UK2JtFoAD9uJac4krO8HK78MwzAMM1lhAZhhGIZhXqGMjpfw2LJ1ePTZNXh86Vo8vnwtljy7tu32BraOY2DreNPr7z2rFwtm92HB7KlYMKcP++zZjyP3m43+Kfm2x8AwDMMwDLM7YTtTTzvtbTjttNMSa+iIWxFbF6BQLIq7XJOipflMACDC/PnzccYZ78Rl3/8efL/a8jirfhXKj8fUdnd34xOf+ERsbCOjI/j8Zz+LNWvWtOSGDQRDwimnnoKzzjobjuuA6kh2IuFhNq7jBnT39OCcc84JNw5Es/h86lq2cQd2sLpoKAgTBceBiOC6Lk495RQ88shf8cff/x7K95vc66AdAkEpVXd/d2d02rFxzSY/BOKuYLN8Gy5YSnyqnaraTSuDFbRTtflZFZHQqUVr2+Ea1sPVbbYsf0oRxT9rZy1E6NBtu9VICCYE9XkVRZMv4476ppu0TMamDyCKgGYYhmEYZlLDAjDDMAzDvALYODSKxc+swZJn1+DxZWuxZOlarFg9sEvHtHLNIFauGcQdD8eXz589FcccMhfHLJqLYw6Zi/3nTts1A2QYhmEYhtnJ1IqKjVWVRo7UiZyqNZ8RYc85c5BKp1AYb14ANu0QYgJljeAcLAyWtxS7G+sNECJ0YIoaYbcViSw2vsRYm3X4TrSuXq5F4ny+A3vtuSdcz0O5BQFYBAVgQS8v7Tc6RuHpQDUfhuKqEnEBt6aBxujzBBD1ReA2hUqjQSNsj0JRlcIIaP1o4RYH0qtrB7ATjtNyRlNb4i/FBWUK+0BgYDaR5y02S6amsFbRI7E6chYzDMMwDDNZYQGYYRiGYV6GjBXK+NPiFbj7kWW486/L8PTzG5ve9uD503HYPjOw1x6dmNXXialdWeSzHnJpF9m0i7TrwHMlnPDHBGm5IhQJ+IpQ9RWKFR+VqsJYsYLRQgUbh8awbPUQnlixAX/5+2qMFcp1+1+xegArVg/gmlsWAwB6OrN47cF74bWHBILw6w+btwNmiGEYhmEY5uVP0lBJAISUO968Z3dEgCAJgYnr5m6ruW0JvYQ6ptLkylYDNMFqOwwByJ0xv7spRh7V/+hizUq7anUMsl2zlkBCgExh5zjJKGcBhCIlxevoajdsUnhulhpdlyIxVFjLWjjaMUdtsu6vFsR1/eF2jMBG+EYwx6FTt8Uy3NAjqXEA67hqkagBzDAMwzDMpIQFYIZhGIZ5mTBerOD6O5bgutsexf1Ltl3Xra87ixMOn4fXHDQb++/VhxlT8+jIeKhWK0EMnRV1p19HEXgURQoiqH0W/NhFcCXgSoG064BIYmqHCynzwF49eMOimQAOBAA4rotylTBSqGLD4BiWrx3C7x58FvcveT42zi0jBdzy52dwy5+fMcved/LhOOsth+HEV++zYyaPYRiGYRhmV9OkWdGILu0YBUNn7c4SboQlWmlT4nYRDrRmV0X8ZdP7IxC6JOPOYoJ2c7ZP4OJ9uQU4bw8JL6uwJFvjVrU/hxFtgzjuidu2o5pNPzI4skShw9aKnibR/PeL9HiAUAW1BmPEbHulCVqzG9P7GBNqo26EbONLrYkJyiKIgd4eARyhu9qO59YNWUL4dn5tGIZhGIbZibAAzDAMwzC7OQ/9bRV++vu/4pd3PobxYqXhegtm9+LdJxyA1x44G3P680i5UWSdfq5UyrE6Z7qumcZeLoSAUtEvN3ZtOiEEfN+v2dZeT/k+HBB6sgJTZndi31kdeOuRs+G6HjZuLWLx0g341T1/x4NPrKrZl2tvfRTX3vooZvZ34X0nHY4Pve0oLJg9dTtmkWEYhmEYZteiK4Da11TK9zE4OISBgc0oFArw/aRq1novK5evqKnju93UJFmr4LEdzRnnKCYQsLYlboViGJGKNaTnulwuY2BgAENDQygWiyBlWzJbgSDCVteuWR27Rn4lI0HYWwqc6SisE2U8SC6ehxMJi1r8BJCWCq+RCvs4Pg51QvNqA9WWQtUxcJoLkGM+CMVjYd4DImiHgiPUyA2rELVJAlASQUQzhYWEdbyy+fNGhDc8xLzI1hiD9SURCDJwNkMEscp2DeBQTFWoF5GdQJ/v+h+hAre0g8gFbaKqw3ZDRzVIBus3aLouMrwBWLupw3mgMG47vFW4lRYZhmEYhnkJYQGYYRiGYXZDhseK+Nkti/GfNz2Mp57bUHedvu4s3n/SIrzpiLmYO70LrgycunYNMyklfN+PHLwNRF8iguM45r0tAtvt6O2UUmZ9vQ0QF5tt7LaU8jG1w8WbD5uJEw+fBcf1sGFLAX99ai1+fe/T+MvfXjTbrd00jIuuvRcXXXsvXnXAHHzotFfhPW9ehK58pr2JZRiGYRiG2UXYySsbN2zA9dddjxtvvBHr16+PXSu1i30N57yibHtkierBde1Tf38K115zLe6++24MDQ3VbNHOXBNUJFxv95hfHkgQDoGPAzxgkAQ+q3w8r8VIwKj8pAg5RXi/q3C6J+GQD0EOQsm0TsvxKOJYJLM+dqEFXRgXcPPnvLn5wK6rq+taKzIHmYSwRNAm2xYII69lFNWMsKauFBCidUE1aDMclEIU1awF5nZPSDO3OpY6uiMj/hVhEZhhGIZhJiMsADMMwzDMbsTqjVtx2S8fwJU3PVTX7btHbx7nnflavOHQOejMulaUM4Go9scs7U6QUhrhV4vEyfe+78cEXPszvUwpZbbToq/+jIhi6+t1dLR0IzexX62gr8PFya+ag5NfNQfC8fDIM+vxnev+jL8/F9U2fuSpF/HIUy/ivP+4GR/5h6Pw2TNfj5n9XTti2hmGYRiGYXYqRATfr+Kxx5bg59dei/vuvRdjwyMAwtRYEbhYt0cEpjCOVphWX/7Yone5XMJdd96BX/7yl3js0SUoFgoAQn2sZl5bE8iJorjj7RXqXz4ICHLgA4GoqXXZMIbciJNEYZ1aAkkRuFUBCPLRyAYblAem5OIAGcY/WzWA2xl7vFZvoj3ZXqyyEYsFQod87TjbadcU5tH38IaiMkJRua0iwFpclwgL/objlmSMxmSvzDAMwzDMpIMFYIZhGIbZDXhyxXpcdM2f8Ku7n6iJ/uvIpfCZdx6NU18zH1PybhQZGAqqyTq+9Yjct6ph5LN2CCulzHpaBLafdf/266QD2B6fFqmTfertbZEYCH4MOnLhVNz4tbehWBW49eGVuPj6P2NoJPgRb3S8hO//4gFc/qv/xbvftAhfeN/xOHj+9JbnnGEYhmEYZmdjX7fd8Mtf4rvfvQQjw8OQlo9UWMLZ9vBKFSaJCENDg/jOhd/GH/7wB1RL5di15Y5AsABWFyIBBwQSVVSFRFW6QRwzENcMZaAvAmEUMwEkAhdwjbiYKIItdLFpgVD4FKEIjODZuHUjM2tTh8t2Fuv2YstFC41Z20oRupMtl27YlNCiq7V/224QYV1hCiZR1xE2bbdZ31qLv9pBreczbNfUK9bTwDAMwzDMpIMFYIZhGIaZxPzxwafx/V88gHsfXVHz2VlvPgj/fNrhmDU1a9y1toCbFGRtITcpzCYFXXt9W4wF4s5de3vbxWvHRWtsQVdHRtcTl5NidFLI9n0fjuOAiJBxCe943d44/dj5WDtYwFW/X4Jf3PW3cD2F629fgutvX4ITjlyAT7/7dTj1dfvvkOPCMAzDMAyzoxgfH8dVV12Fn/331SiMjYZ6SnithZ2jrchtr/KyYWhoEN/65jfxhz/8HuT7ddfZ3nlOphCzHhxAUkEBcJUDT8jgvJPhBCXLJJOAJB8uBdHRNOFPllp1DH3AQkTiqm7Xcta269Y1gqyOVVah2BwUKG66rYRmrXOp4+MMxdZ2Tp1Aj7a+1XoejICrR9GiWms7gGOCeNQ2n+4MwzAMM3lhAZhhGIZhJhmVqo/rbl+C711/P/6+Ml7f13UkvvLBY3H6sQvhykBUrVarRkDV2EKvFlG1aGtHPAOIOSD8xI9itntYPyedxEmHsV7HFn+BSCSuVwfYFq5t4VkIYcReTTJeWm8/Y0oG//6B1+Dfzn4NfnPfs/jmNQ+iGrql7/m/5bjn/5bj4PnT8bn3HoczTzwUrvNK+umTYRiGYZhJAwX/BPKVwi23/BHXXP3fKIyNAkLE3KQxYZFpGn2tODY6gu9dfDFuu/lmwFfB3NaZ0O2eZz5IdQnmVcAPL7ulECBd41YLqzpe2BGhiKkAOGHkcK28GDhkVShKBlWCjdCplXzzWgAy+E4FzuOJxE8RiZlEwdBscZbCPVJk1geJyAxcZ98BETMOE4JdgwoFWmUNSQiQDNtUgJLUvLNchK5iJEVgFbmVhQKJ1goCS1hzoC3KetxGWG9TtWYYhmEYZqfDAjDDMAzDTCJ+/8BT+OwP/oDn1g7Glnd3pHHhuW/ECYfODn+aiNDCadLVCwTCqOM4MWFWC6vJZUDcJazbqif62u/tfrVb2MYWdO31Gy3X47bdv8m2bEyt4NAZ7ErCu49fiPecsB/ueWw1vnzV3dg6WgIQRGl/8Os34Os/vRNXfP7teMvR+9Q9DgzDMAzDMDsNS4f625N/w49+9COMj43t0iG9nLCvFe+4407cfPPNKJfLr9gI7F2Psb0GmqwRFBFabJNridj7GkhE9XOhzbSWCKk15AkbmYhAVKaoYHZ8V4Ki0c2X1a1pIxRrjWsZUVxzu0pq8g4GPb9G7xXtOXXN9mQfoKC2sJlz9gAzDMMwzGSFBWCGYRiGmQSsXDOIc79zI+75v+Wx5XvN6MElH3sTFs3rBZECSAFCwPd9E9mcFFRtHMepiXROrpOstWvHM+sfypL9AIiJs7agnHQX2yJyMmbabs/eNukwrle/2I6itgXjKLJa4Y2HzsJff/wBLFk5gC/8+G6sWr/FzPdb//WnOPV1++Oyz/4D5s6Y0vSxYhiGYRiG2R4o1FJKpRJ+fu01WLN6dd1rHaY9RKiwj46M4rc33YQxFtd3HVrctaOPtXCoa8qGVlKSsU0aIhDVC9brCy2kal3YQeDUJQr7bi7kW4RjJB39bNyziOKfrZq9LaPHKa3veqK2MAkCtfPfAh1RLcLBEQKnsd1WO1qt3ufks900a8AMwzAMMylhAZhhGIZhdiHjxQq+dfXduPT6+1GpRvHLc6Z14vufegsOmdcbiqlR/V3t6gWAarUaq9FrO3xtkuKt/doWY+vFQtuuYL2u3Y+9LCku233pdfXYbaE4WYu43mf6teM48H3fiL1aDLfXSdYVPnTeFNx+0en42wtb8Kkf3I71g6MAghrLdzy8FF84+3h8+QMnIJPmSyOGYRiGYXY+BODFVavw6P8tDqKJWfzdsRBw//33Y9mzzwIAz+8uQs+6TjoO9F8KY5wRCJQyFCvD5QQFgpxQT0zqr6Y9/SeBCjuTYcJ0S6MOY6XD7WOx0roPLeS2g0DkANZtmIhliq3WWrsUiMAUPqvQKa2F7NB43NJcmH3V4nJ8+c6oT84wDMMwzI6Di98xDMMwzC7iV3c/gf3edQm+c82fjPjruRI/+tzJuOvS9+DguVPg+35MbLVdslp4tSOe6wm/yUjm5Oe6zq4tvNZz7larVdOnXXM4KTjresN2Td96TmL9mf066R7WY9Tt2oJvo/XtGGq7prEQAgfPnYL7Lj8LV3zmLfDcYJ1yxcc3r74b+7/nEtx0798mPGYMwzAMwzDbS6DFCDz5t79hw/oNzZoTmWYINapCoYAH7r8fW7du3dUjYmpObi2uikhgFKG71i5RK1r4Upho5uRrYUzHzY5Ul/oNhqnjmhE5l4W9dgtYpYPNvpuHJTi3g0TgerYd1tKa09ZHGwzViMeJ46NjoNscLsMwDMMwLw0sADMMwzDMS8wzz2/Esef+CGeefx3WbIp+lPrgyYvw+H+fgxMWzQKAGhdrvehm7cq1XbC2K1cLt3q57dJNCst2nLItqpbLZVQqFSPA6m31erp/u496onPS0WsLzMnx2GNI7pf9eXKONHqcjuPE5k1KCRDhTYfPweM/PQfvOuEA89mq9VtwxpevxZs++Z949oVN2z6QDMMwDMO8AiAo5YOgtr1q3a0RilDxAp0ChCWLF6NaqbQ/sgnSV7a13csZBcLg4ABWLF+GarXZ+dVFWFXsGjV5vTphCxQ9mACKvapzp4Nxw5JJLtZ6Kyb8zgV/H+g4ddvlGoir4UMvi3Vb7wDZztuoKDFp4dMIoIFIK6QARGAPbv7+DWvnzEMgJrCKyGo88SgTGGcuBQ9bCNdCcDjWViDbraz7kVoYVmFUdbt52AzDMAzD7Gw455BhGIZhXkK+94sH8OUf3oKqH/2gcdC8abjqvJPR15lC8CMjmShk2zFrC7BAJJgCUa1fW3j1fR+O48RE0HquWdtR6/u+eXieh2q1iuHhYXR3d5sfvzzPg1IKnuehXC6bSGcdz1ypVEyf9hhtcTcZ85ysU5x0NNuOY3sebDe0FruFEKhWq2YMtiit13UcB+T7+MY/HYNPvP0IfOzS2/DU84Ho+6fFK7Do7O/jkn85BZ965zE76tAzDMMwDLObMjo2gnKp2LbdLZPOxN4LCFTKZaxYsRKKlF7YNPr6KZfPYebMmZjaOzV23dNwu7Au6MDgIFauWBFLSnnZEGpRg0OD2KpVYQ0AACAASURBVLR5U9u1lYUU6O7qxsyZM9Hd3d1EGyIQfoXAmtUvYs2a1bGbE1+ZhIIniciIqqOOjX2UophlQZH42gRaP0UYK21q0+q8ZokgtjjWZj2xMlhHWGqxCMcTizxOHE6h96OJcRKsKGrbRQtEIjABQijLgjxxm3oVoV2/UgSdKD328HXouBahPb7Zb4Mes4mV1guVXh4WAqYwapr9wAzDMAwz6WABmGEYhmFeAoaGCzjzK9fhzr8uM8vyWQ9Xff5UvGqfvpgLVguVWiy1xWBNUgjWIq4WR3UMsu3YtWv4SimN0AtEUcnVahXpdBqFQgEjIyOoVquQUmJkZATDw8PI5XKYMmUKKpUKpJRwHAelUilWh1h/lqzLmxR37eV6XXu/9fukiJxsw3Yw6zEk27Nf6/W1aD69J4PffvPteOjpDfjIJTejVK6iUvXxme/9Hnc8tBQ//9qZ6O6I/3DLMAzDMMwrBAE888wzKBSKbTfR1d0NwL4uIYyNjWFkZKQ9t6gAZs3eE1+94AIc87pjkEqlgnbtOqX1oEAUuvWWW/ClL3wBhfHxNjrfPRgdHcV4K/unRbcw9vd1x74en/3c57DvvvvB88KfziYSgS2d8YdXXI6rrrwSRX3OsC42MZa7lGI1apubuEB3D9eVCGrfakIncPxrtu12Sa8nEQ3IMrtuV2q77VRWsARw69FWu+GIZNiJ1qe10N7GOIWOqtb6rh6nxMTfB4ZhGIZhJgUcAc0wDMMwO5mH/rYKB511aUz8ffcbD8Sj//UhHLVvf0yYtMVJLWrqGr/Jern2a7smrl5mi6RAIPJqcbVYLML3/ViUshZOV69ejWKxiNWrV6NQKGDVqlW4++678eKLL2JwcBCbNm3Ciy++iHK5jJGREbiui0wmg1QqhUoYY2gLtclo5nr1jO2x6zHp2sR6/5N1f5PRzsl6v0kx3W4biIvSSikctW8/Hvvph3D6cfubdm758zM45L3fw+JnVm/HGcAwDMMwzO6Gvl4olcq47bbbUK1W24pOllKib+rURHmMIK2kUi63NTbPS+Hcj34Urzv2WKRSaQgRqjzCVpDqPITcrSKK2424BoBypWyufZsjmqfOzk6cffb7cOCBB8P1vCDqV0hMPLcijMtFGIvLNIWpWSvif++QgJnQBphQaQGQXZ/WxCDbjwmbqmlY2PV+TZ3esK0wwl0LoE03bW5e1aeTNU5JQQ1fHVutd7CJsZLOwZYiin9O1uttE7LbchCvK7y9gjXDMAzDMDsddgAzDMMwzE6CiHDRtffiq/95B3wr8vnq//c2vHb/PQBSsTvWk0KlFi9tIVW7Vus5ae1+k+0lBeRUKgUiMhHPQgikUik8//zzKBaL6O7uxnPPPYclS5ZgxYoVSKVSmDZtGg444ACMj48jn8/jd7/7Hfr6+jBt2jQcddRRyOfzqFar6O7uRqlUQiqVgu/7qFar8DzPREVrsbbe+G1HsB1LrefE3o/ktvqH1eRz0i2s51C3bYvFAoRvffgYnHz0fJxz0R8BAKs3bsVrz/khvv3xk/G5s17f9vnAMAzDMMzux8MPP4zFixdDkWpL5+js6EBv79S4ECmC6xpFqi01NpfLYf78+XDdl/dPOtujK1FN9G+T2wHo6Z2KGTNntmSZML2J6D3TAjq9uMXvg1lbiNoTpkag3JZF3tpOhX+jJR3AQCC0ApG4TC2cqUKL1lTfAZwYRkvo+sF2XLV26uoCy602GU4r6e2lCGO1owGy/sswDMMwk5eX918LDMMwDLOL2LxlDO/+t+tw76MrzLK9Z07Br7/+DuS84H1SxLWX6df28iT29nYt3bjDBLHPyuUyMpkgzrhYLGLt2rUAgJUrV+K2227DihUroJTCxo0bYwKq4zhYvnw5Fi9ejLlz52Lt2rUol8sYHx+HlBKe52HevHk4/vjjccQRR6CjowNTpkwBABMjrSOo7ZrByRrHAGLCd719tsVc/Zyci6To26i/ZK1h/fqYA/bA4p98GKeffyOeX78FVV/hC/9xM+58eCl+8Y33YkpXtmZsDMMwDMO89MSvF8j6t+kWEGWbAiaHFsDw1q248sdXYmx0rPlGE+v19vZi2rT+mpvxqFkxqg5CCMjweirWdZ1rH3ubdt20bREqok3X4I2JbEF5EzILm5mr5L4iKrra4jQ70oGQtepvvflLCvsvCUTWdAldPjcQFZt0HxMBgnTdWwLJ9s/HHYYRa8kce0H198n+/hijsBZSbfGTUMdIHC40y4RemhgPxcXj2LEOthfaqaxduMl+QIE9OZxrAW3UF1FEswr/+xO6eNv6lorwHytO2yDjLbZ0pAVAugawEpHTWFnzkZxOhmEYhmEmDSwAMwzDMMwOZumqTXjjJ/8TazcNm2UfPuUwfOm9r4ZKxBTbJIVM2wWsxVhd6xcIhFItruq2tBOkUqnE4pfHxsaQy+WQTqfxwgsv4JprrsHGjRtRLpexadMmrF+/HqlUygi0rutCKWXqBLuuCyKC53lYvXo15s+fjzVr1gQ/zlFQx+7JJ5/E008/Ddd1kU6nMWfOHLz//e/HAQccgFKphHw+DwDwPM/8CKrH5/s+PM+LxUXbsdTJ5baQmyQ5h3pf9GdJkTwpOOvnjrTEbRe/E9/8+cP4+R1PAADu/OsyHP6BH+C2H5yDfffq39apwDAMwzDMS4SAQpvSCYhUGKMcCDZKKdx/73340Q9/iCefeCIsqdmCvEGBxEIQ2Hff/ZHP5+uIoMKs16pkXSwUsGb1ahx66KF1XcCNbqLTz1u2bo1dW+1otkdoDvU/PP/cc6hUyuH+tZDdC63FtShHWatv2TqEgYGBMFeYwkPVeJ/MZ6RQLBYwPLwVtBPnF4i0uEBYlFAyOOO2fSoRSCiQFBAk4EPCIQrFYBOqDADW+5dG2qPAagqHCBAqFEkb7JAIBFWdRkw6mti+Z4AQTJQUkQYq6s+RMP/1iPZZCYqLyqGzNmiCoEQoVIfu2OR/f/Q6jpKAUFAC8IWEcihoz0HcAQy0Hh8uwnNdx0jbN1KE/2khqQBJoUG4+eMZidV6u3CpEhCCoPSfU1r8ZhiGYRhm0sECMMMwDMPsQB58/Hmc9rmrMTxWBAC4rsSvv3Y69pvdVSP+ajG3nos32NatG+es3yejkavVKiqVSqxWbrlcRrVaheu6eOGFF/Bf//VfePDBB1EsFo0Imkql4LpubBs9xkwmYxy+2WwWUkpks1kMDQ1h4cKFWLp0KYaHh+F5HgqFAorFoomTHhgYwGOPPYaZM2di4cKF+MhHPoJ58+YZsdfeL1uQTdYM1vtnL2vkmtZt2eJx0h2sBeXkD7H25/o9AJx/9lE49bUL8d5v3ATfV1i1fguO/vAVuOX7H8JrDt6rldODYRiGYZidyLo1a7H06WcgZGtqhBAChUIRAwMDeOKJJ3Dbrbdi5YogxSW4jmhnNATHdXHQIYcgHaavWB+F4opoKEhNRLFYws+uvhoHHXgg9t577+g6ymrH932Uy+UgsWVsDEuXLcMDD9yPO++8E2vXrgPI36majZHR2qyH+6c/3YM3nPAGHH30a5BOZbZ5DMyu2+uJQIRrVQzesmUL/viHP2C/ffdD75QpgRs4cYyq1SpKpRJKpRKGh4fx5JNP4t77/oQHH3wAg5sHdrIeFuxRINwqVKWPClxUhQydvBNvK0lCkIAUBEkKEgQJwIcLiOjvFS0D7yom7Jkig3dN1LN217ZY+7fmVgwjfIpYXDMJHxAqLN/rgGRw8wklMsMJAiKc66qjwu+9dtGSreJHccptTrcwtZQRjFO3YyYo2qlWbqcgCQgR+rFl6BcPxWDhxHRmhmEYhmEmISwAMwzDMMwO4n/u/RvOPP86VMN6v4fM3wPXfeUf4Aq/bt1ax3Fioq/neTVCcDKiuN5yLdoSEdLpNIDgR7/x8XGMj49j6dKluO+++3DTTTfBcRxUKhVks1lUKhXj9tV1efWPhXpsunav67ro6elBsVhET08PlFLo7+/HunXroJTC1q1bUa1WTX1i3baUEps2bcKaNWtwzz334IQTTsD555+PQqGAnp4es7+O48QEcXsfbXG4Ufyzxnb+1nNY6zb0vNn1g5Px0nY95kXzerDkJx/Gu7/2Wzz9/CYMjxVxwieuwjUXvAfvfOMh23fiMAzDMAzTNvZNXpdccjEuueTittsI3iDmIgySVVtQZbTrDkC+owMHH3ywKX8REYjDwfJ25BPCE08+jo9/4mM4+uijMXXq1OB6iQRKpTK2bt2KoaEhDA4OYvPmTdi0YT1GR0eja8pmY5m3AykkXLc2prohieGsW7MWX/rCF7Fo0aHYY/qMJuodEyAIixYdipPfegoc12lLTRMAlO/jd7+9CcuXLcOhhx6G7u7uoAciFItFDA4NYsuWQQwODmLTpk3YsGEDSsUSAskPWvneidpp4NhVCK5XC3BwMxRuJYGi2PbPfEIAed/H6VLgRIRuTgIc+KBQPSQSkNrtOtndnUJETlUgijwOI5YjT3MbbUpR6wBWElL4IEFQsho4lkmGwmhMeYVAFb4T3Ijg+i5cpccq4rV62yT675blVpaIhGBpvdfDakEQF8KK0FYUngvSzDELvwzDMAwzuWEBmGEYhmF2AN/6/+7BV6+63bx/62v3wfc+dlxwNzhFwqMtOAJRzV7t9tXCZdKxagvH9sMWaovFIoaGhpDJZHD77bfj1ltvxapVqzA0NGRinLWbVzt6dZva9es4DjzPQ1dXF1KpFCqVClzXRTabRalUAhFhdHQUHR0dqFar2G+//bBkyRKzXSaTQalUglLKPLTbmIhw5513YunSpTjuuOPwrne9C7Nnz66Ju7bnR38GIDYv9cRbe5nrukZQTgro2n2tsbe1Y6n1a+0YTrvA7775Dnz6h/fg1r8sQ7ni4z3nX4fn1w3hvLOP22HnEsMwDMMwrbEjxMy6tVzbbFYLZvMXLMA+++5TN/45nU4jm8s1jrjdBoKAlcuWY+Wy5dGyOjfGxbaxbqDbmQgh4LgOOvIdbW8PAAObN+Oeu++acJ80gchHOP2Md+Gkk9+KbC4HL5Vqr38AlVIJjz26GI8veXTbtX+B0PupbZxtddvCAMOocgTu0opw8IRw8HtHYLxO7eJ69AjgEFI4DgqeAiAEKgAkuSAhIUIxmIyddHKpwPq2CSPuJmOK7ehm6/vcUqC1LeJrsVYA5AQPKRwoOKjKQNwl+EGnQrtsgxmUAFK+REm4KDoqFGVDB7AV/yy0eNsiNS5oLSqH77U43mrz+jtlNrLjoAmAlJFKzDAMwzDMpIQFYIZhGIbZDnxf4cPf+jWuvfVRs+y9Jx6MC97/mkAATcQQ2z/M2QKuLTYmHazJCGMAMaesfhQKBZRKJZx33nn4+9//boTdVCqFVCoFx3FqBE4gqMlrt5dOp2Pic6VSQT6fh1LKuId7e3shpcSqVavMGDOZjKkhXK1WTUx1ct9feOEFXHfddfjFL36B888/H8cffzw6OzvN/DX68bKe69d27CYjtIPj48fE5KRzOhmxnXQcO45jjovv+xBC4bJPvAFduRRuuPvvAIAv/fAWPL9uEP/xuX+EbDFykmEYhmGYyUU9t2Abmgwc18UZ73wnenp66vaSz+Uwrb8f0pFQ/o6pF7s9tXd3NI7joH9aP1zPQ7VSab0B48Jutb5ocA3b1dWFnp5ubNq4Ybuky6bn1F5tJ18O6mqzkgABH5IUIFKB/7gZMY4IFQg87ivcqHy4FARACwAVIaAU8IgQKDrezt2R7SVUc3U8sRFpbZVXRitv60hSzYvwbwz9RkafF32J/xkmPFtWkIpQhR84gQEQhd/ncCyCBAQplGUJ68clRlUqGKB9qPSYt+fckRRzKhtxeTvaFFKYRG3oyHrAOIsDY3C7MfkMwzAMw+xsWABmGIZhmDYZL1Zw2ueuxr2PrjDL/vXdR+Ojpx5sopDtKGGNLWRqwTRZr1a7VPVnSUHUjieuVCoYHx/Hj3/8Y9x1110YHR2F67qoVqtIpVIxV25nZydGRkYghECpVIIQAmNjY8YZrMlms6Z2cCqVMg7ijo4OZDIZEBFyuRymTJli9qFQKGBgYAAAkMvlTP1hHS2tI6F1reJ0Oo1vfOMbuPrqq/GJT3wCb37zm0FEpl9bvK0n1tabTz2PjSKikxHSAGqcx9odnOzTdm1//YOvxYypHfjBrx4GAFz5Pw/h+XVDuPHC9yOT5ssrhmEYhtld2R4NhojMtq866ii8+cQ3NYwuFkJg/wMPwL333QP4KhKdmuh8Zzt4t5fgJkcXc/degEw2h5HyViMi2bs54V4Y12ZzNUvDKz8ICEgI9PX2YtaMmVixdFnL429rfl/iQyJCNZKEEyZO61rHzZxAwJjr4AYpcKNSNZ8BgC8kKkJOWnendr1Ge0xRrHJiBT0vgrRAXkcKJlsrFUGdX0kgqQA4cWHZFyhJgdvHBO4YCbclAakIpETo6hdhXHT43wUCFAHwJUhIwAkdwITwAzJRy2YXtpUibv+tKSgQwe3oZwrGQk2eFjWI8O8hgWhgQhgntJDhnIt2O2AYhmEYZmfTzo2sDMMwDPOKZ+PQKF73zz+Mib/f+eibcO4pB8VEyKQACaBGVNQuWd/3Y47eZPRztVo1yyqVCorFIsbHx3H55Zfj5JNPxm9/+1sUCgV4nmdETO1g1e7fkZERADD1eiuVCjzPQzqdRjqdRiqVQjabhed5yOVyKJVKGB8fx+joKHzfR6FQgO/7SKfTyOfzOOigg6CUQiaTAQCzrRaM0+m0EY31nOjncrmM8fFxPPfcc/jSl76E7373uxgcHDTitV6vnttXP2sRvd4c13MH28K5fXy0azgp2terwaz56KkH45sfeYN5f9tfnsUx//xDbBoaa/Y0YhiGYRjmZUi+I48Pn/NhdHV1N1gjcBUeecQRyOc7X3baib7eO+ywwzB9+nSjIb5UMhEB6O7uwaGHHmZKnrzciOaynVkNRLuq46DoefGHGzwqjhMIipOVxNCEjmuOPSj+vp2mpYi3A2jrNUg6UOGDpITvOFCOhHIcKOFAOQ788HNfOiDpghwZ1eTVblotospE59s0n1titq3D2u3L2puRW0IAIllH2LyePIkDDMMwDMPUhwVghmEYhmmRDYOjOO6jV+LxZevMsp988TT8w2v2Mu/tCGeg1nFqL08KlI7jmDbsdcvlMorFIogIpVIJg4OD+PjHP44bbrgBjuMgl8shm83CcRy4rmuincfHxzE2FoiSepmUEt3d3ejs7EQqlUK1WoXneSYC2vM8IyZLKZHNZpFKpTBt2jT09/djypQpRqDt7OxEsVjE2NiYcR3ncjnk83nTfkdHB6ZOnYpcLodMJgPP8+C6rql9XCgUcM011+A973kPHnnkESMiJ+v4JsVgPU9aBK73uT3ntktYH6PkPNfUdGvwmRACZxw7H5d9+iSz7LGla/H6j/4YGwZHwTAMwzDMKwP7GsT1PLznPWfi6KOPMTfg1ayPQEDaZ999MX/B/NBc2GrU8faPdWdFRus+9tprL7z66KPhpVJmma1P7TQE4LgO3vyWEzF95gwzpp1NMnVmMkVyv+ywY5r1PzUCKABB0P9rWQTWbmEBI/oaF6zuI9aX9V6GfnftktVCsrRFaWGilGtE4WgUE0+DtTrZorduMxx/tD8tIAASFAjAZv8S88AiMMMwDMNMalgAZhiGYZgWGBou4PXn/ghLV20yy3534bvxugP3MD/w2YIhgJjDNFnL146KtoVJ/Tw+Po5SqQTf95HJZJBKpVAulzEyMoKLL74Yzz33HBzHgeM48H0f5XI55vj1fR+e56Gzs9M4a4vFIkqlEkZGRkz/uVzOREEXCgUUCgUjRmsxtlqtYnR0FCMjI3jhhRewefNmDA8Po1Qqob+/H319fejt7UUmk0E6nUapVEKxWIxtZ8dBZzIZ5PN5pFIppNNpSCmxceNGfOQjH8HXvvY1jI+P19QstuOd9XIdLW3PrxbW7TrKWkjWArsdwW3/OFvvx7p6UdD6OL7liNn41dfPMOsuXbUJb/j4lRgaLrR+gjEMwzAMs1uRvInvne9+Fz75qX9BOpNuuI2+7pjS24tTTz0V2WzmJRmrSsb97mQcx8E//uM/YubMmS9pv0AgS81fsADHHvv6l6a/OiVHkq+ZHUw4tQq2KJkQQCW1+ctnGD1u2qSorZiIiwlE4G19rtvRLt7QWYzWZFWdOB3bd6svIQDStYxb0IB13V+y57PGWa3r//J5zjAMwzCTERaAGYZhGKYFPnrRjVi+esC8//U3zsC+szrNex25bIuEWri0hd96dWq1IJl8tgVl3/cxNDSEBx54AH/5y1+MUOv7PkqlkolO1vHOtqisxV5d01cLpNlsFt3d3XAcB6lUygiyrusa0VnXCJ4yZQoymQxmzZqF/v5+bN68Gfvttx/S6TSy2Szy+Tx6enrgui66urqM47ezsxPpdLpu7LXdj655/Otf/xof//jHUS6XG4qz9X5Qs0Xi5PxqId4W3XU7OjI72VbydTJyWvd18F7d+M0332nWf/aFTfj4xf8z8cnEMAzDMMzLhkwmg9NPPwOf/ex5yHd0Wp80VlyklDj9jNPx2mOOgXSdnS4W6uuZrq4uLFiwAJ7n7fQ+999/P/zjO96OXC4X9N+qutUCdkovhS7gt7/97Vi4cOFLWje5r68P06dP36l91LldcTtba377+ms2aIOCf5ruwTpME61vH83guh/1xdbQpdpM3+bc0QtkmH+sI5rriazbFHn1NnHR1HzuUEJctfqZAApj5GODlwlnsq4JLKJ9a/n7V0/sDt2/k70WOcMwDMMwLAAzDMMwTNP8vx/dit/c86R5f/mnT8Ihc6fEYpy1sGq7VoG4gzQZCWfHPtvbSilNbV0igud5GBsbw3333Ycrr7zSiLKO46BarZr2fN83tX21O1hKacRUz/MwdepUpFIpU4t3eHgYQFAbuFKpQCmFrq4u9Pb2Ys8998SiRYswb948TJ06Ffvssw/23HNPZLNZ7LnnnvA8D/PmzUN/fz/y+Tz23ntvzJgxA3PnzsW8efOwxx57oKurC5lMBl1dXSaeWtc11rWMtditY6efeuopnHHGGXjooYfM+kmHr13LN+mutgVfLSzb4rBdZzlZG9gW3ZPHq96xFELgoD278R+fieKgf3X3Ezj/ytvaP+EYhmEYhplUxK7jiIyQMm36Hrjg61/DV/79AnT1dCc038ZqixBANpvD5z5/Hvbb/0BAyNrrDgCqzqNuqwlxx7QTPjmui+PecDyu+NEP8a0Lv42eKVMCn2NL2mFrQqOXSuPs930Abz/jDHjpFAgK1HgP2sfed5P2K7Df/gfgC1/6EmbNmQN/gljmVubZPg+C7QgkgI6OTpz53rNx1U9+ivd94INIp7PaR9rc+JtEULCzIhx0eBULUXcPGuwVEaAUQCpor5WHGS6FLUpAxyzHRxqViqUgTlgJqScx8QjWUQCIPAhqPG/WX1Ghrkph/HHtQwhAkAQEIBXimck1rYZ7FQ6aYq5fq11JgFCADCLN4fi1fQcHKlxPmfUjMZiimOhwnJDBvjiKAPggoRoI/eH+AhCC4EsBYdoVif4JJAkkg/kiu25wE+hx1c5t2LbZXRaDGYZhGGYy4u7qATAMwzDM7sBPf/8ILrr2XvP+C2cdg7ccOQdA9OOa7fK1HcA29cTLRvXC9OfpdBqVSgUrVqzAhRdeiMcee8zEOetIY8dxUCqVjPPXdV1IKVEsFiGEMMu0CxcAXNdFPp9HqVQCEZnavNrdW61W0d3djWnTpmF0NKhpW61Wkc/njWg9ZcoUjIyMIJfLobu7G3vuuScGBwcxY8YMOI6DsbEx5PN59Pb2olKpYHBwEF1dXRgdHUWpVAIAFItFE12t5y6dTqNcLmPdunX4zGc+gx/84Ac4+uijTXy0dg5rEVc7ihvVV7bn3XYD6/Xs+Eb7GCRdxPYy3b99nN98+Gx88b2vw0XXPQgAuPBnf8LCPfvxgbce0fpJxzAMwzDMpEW6HmbOmIkT3vhGfPRjH0Nv39SWXHH2egsX7oNvX3gh/v2Cr+LJxx+HH17jiVBAa9VoZ25uEwI+gJ7uHuy///748Dnn4PXHHwfpSAxv3YK+/j5s3rBx4g7a0GmT6S1dXV3413/9LBxH4sbf/AZjoyOtN9p87+H/BWOQjovj3nACzisUcOGF38b6tWtBimqOk63bNd9VcLynTZuGo49+DT74wX/CAQceBOFIbNi4EV1dXdi8qbhD9spGCf1MqEjAhwCRBEWFXycgElwFKBRatZ+0ObnaITKCqksKPpyw78TfPQAIEkpSsAYF27ok4KM2jtwhBY8UBASUUADCG2STbQoBSYASCgSCLwIhVMIP1hYqVHEJDgWtCO1E1oJwEhGZbpXuSIuf+u4APRAlgll2FCQEoAASKr6u/Vq3NYH4HJQD9uEIhYp0oIQP11eRsB0NM9gPSACBeC+EgICClARFKupfBXPqSAUpfAgSgaiNZo80ACFAUgAUTkBwAIJ9CeOhyZ4vhmEYhmEmFSwAMwzDMMw2uO0vz+Lc79xo3n/olMNwzlsPNCKijn22a8raoqMtPmoHqu06tX+AklKiWq3GHMHlchnPPPMMvvKVr2Djxo1wHAfFYhGu6yKbzaJUKhnHrxZGHcdBuVyG7/tIp9PI5/Oxmrmu64KIMDIygmw2C8/zMHPmTEyZMgVz586FUgpTp06F53lQSqGnp8eMr1QqGVdxsVhEd3e3+fErn8+js7PTRCqPjo5ibGwMnudhYGDAiMcDAwMol8vYsmVLTDivVqvwfT/m7K1UKvj0pz+Nc889F5/85CcxOjpqYq11/LVuA0BsW9tNnXRdu65rxlkvLtp2B9uuX412e9vx3VJKfOik/bF5yxh+evMSAMA53/o1ZvV34U2vWrhDzkeGYRiGYV46EtddbwAAIABJREFUQq9l+E4gm8vi1a9+NU499TQcceSRmDEzuOmNxPbpHwcccAB+cNlluPLKH+PGX/8GlfBGuZYQ9pgJ02fMwGmnvQ0nvuUk7Lfvvshks4FoA0JnZzdmzpiNZ556xmxj72njLpqWjmJ0dXfh858/D0cccQQuv+wyrFy+oo1WJhxYw3RbIsKJJ56IOXNm4/uXXooHHngARNtzvIJo4IULF+L0M87A8ccfj9lzZgc3WiK4npw9ezam9vdj0+aNzfWTdI9OgEOBk1NAIaWAgpAgIUN/ZzN1ngkeAftVq5jn+3AoOO5Kj2MbuKRwpBRwhQuQgBQUitLxcyMp3KYJOLJaBlVVKGDG6SAfc2QgJgshIEgFomzNDQoK0AZaR2C6Ak70K9hM1UicJD1WwkGSkCcvqoPbFAQT/wxEunqodqZUBSemK1iUluFYBBRUsM8qkmnJuLRFtLmynPmkmxcQRNhTeugWFH4T64v5kQc7EGBdUjhoShWnlkrBjQBEAAXtOUrBk8D8DgcCXujWbuXc1zHS+q4DRPMh7e8bK8AMwzAMMxlhAZhhGIZhJmDJs2vxji9dY4S/t71uH3z5rKNiYqotDtrCZD2BN+lGtZfrmGYAxularVbxm9/8BpdffjnK5bJZ5rouUqmUqQEMBMKndv4qpeD7PnK5HJRSZj0tGjuOYyKbOzo60NfXByklpk2bhkKhgL6+PnR2dkJKacRiHXGdSqWMY1iLoJVKBblcDgCQzWYBAOPj4+jv7zcCeV9fH4rFIoaGhrBgwQIMDQ2hu7sbQ0NDGB4exvj4uJnL4eFh4+rNZDIolUq4/PLLsXXrVpx77rnI5/Nm3pIisO7Pjni2BXd7Oy206/mzBd1k1HPyeCbjpvW8SynxxTNfhbUDI7j1oeVQivD2L/wMf/7JJ3Hw/J1bD45hGIZhdncOPOigXT0EAFGJjmw2iz2mz8Dee8/HIYccgkMOOQSdnZ0xUWR7pA/7+mTmrFn42te+jhNPPBHX/uwaPPP009i8ebO5Pkx2FolKwXVIR2cn+vr7sO++++Hkk0/Csce+Hh2dnRBh7K4WawKtTuDIo47C+g0bTCisqCOhknFGBurknDlzkPJSLe8fEZDJ5vDWt56Co49+DX7zq1/hrrvuwurVq7FlyxZUKpXm3cYCyGayyGQzcB0XjuvAcz2kshnMnDUzuI4DTNlVCAHHcXHQQQfj8iuuwG233oqbbrwJK5Yvx5YtW4JrzlBS1fNpzy8E4Douurq7sMcee2DRokNx6qmn4fAjjoCX8mICZWD0JEyfPh1HHnkkPMcJg5Kb2C0pMGvWLEjHCcZDUf82CgK+EJAkQRKQRHCgEPhsmzkTBTp8H2dD4AOeB4cUfBGImNuymwcJyARXBW7eivTgKYJDPkjUbu9QYEdVwkEXET7qCHxE1gqxOhHZC52mBMBBJbxhIS4lk1CB+1p5SPk+Xi0UFqUzoRMY5jwSCFzCDkmk/eCoSgqONUTjGxmCr7YWPsNYZe0ADoXuNBycnFc4s8eDLxU8pUDCM/uiW1KNjkhSHRfBmlKlkFJlVCGhhAyinRMbCgjTBwHISuCshTmcuVBFTRvrcCDOp5SCVAQlAmG46f9g6fjncM4CZ7GOmg5qLxMBkusBMwzDMMykRFCjAigMwzAM8wpn1fotOOIDl2FweBwAcNQBs3HNl06qiQO2XcAaO47YFgzrRQnr52q1akRcLfI+8MAD+PznP49KpWLa7OjoMHHP2oWs3cVakJVSmhq/OkJai7+ZTAa9vb3Ya6+90NXVZUTgrq6uWBt23VwAqFQqcBwHQgh0dnaiXC7DdV1UKhWMjY1hfDyYp1wuh/HxcQwMDICIjMN4eHgY1WoVhUIBAwMDyGazKJfLGBsbgxACK1euNO91HWN7v9PpNHzfxyWXXIJXv/rVyOVyMQevnlstwibrL9uvk85djY6XtrdNivzJ7ZPt622ldHD2t/+Ivz61BgAwbUoH/u9n/4JZ/d1tnI0MwzAMs/tjp3Xo/5+tb1rTD1LNiWU7HwHXdczNdQREscwyikDdkdjXFOVSGRs2bMC6dWuxcuVzeHHVKgwPD6NUKhlxynU95PM5TJ8+HfP23hszpk9Hf18/eqZMgeNGN7nVi6UmECrlCqrlSvC+vtYYicah8CyEQCqdhXRacwInk1hIKYyOjmHz5k0YGtqCTZs2YcvWLSgUCubaVm8nENzE6KU8dOQ7MKV3Cjo6OpDJBAKw6zrwPA+ZTAq5fCfSmTRgRLJAwU7+9DU6OooN6zdgzZrVWPncc1i7Zi3GxkbhV32zbiqVQndPN2bMmIF58/bGtGn96J82DZ2dnXDCcyLcoeTOgohMGk8z8xRcQxKk4yCVzoQO2PoHhUhBQEJBwCFgWCpcKhV+ShIF2YzPQ2FKpYrzpIN/EkDK1zZVUdeZm+gdSij4kiDIhVRBfLR2PttnhUIQU+2o4Bj6QgKiGoq9RlnUrYKEDxFaSwkCvlBwSAQxy2Y9MpHDkiSUIPhOEIXsqrgNP1izCockiIJ5qYauVafGya5dwwJKEAZI4gsjAjcUXZA+DlYZ5R5S+E5PCe/rFGYcQojoCxOitdP4wno/wwZ1gkk7nkMxvs4owybCv01EmDVN+gYGe66C8UhRDb3hEhJVaAf7RBCAF8sC77p+Cx7f2h/GWWt3NUH4Av3uVvzy/Sm8us+FFHZG9uSgUCiYUkk6vUr/jZj8O51hGIZhJjPDw8MAgMcee6zpbQ499FAALAAzDMMwTF3KFR9HfvAy/H3lBgDAPnP68IcLTw/rHwXYYp8dGWx/lox7TgrHdiS0jn7WbT366KM477zzMDQ0BABGfNVOU/3Dkuu6pi/P8+B5nulLKYVsNotqtWrq9M6aNQuzZ8/G9OnTY9t1dnYCiIReO2JZR0nr9nX/RIRKpWLWKZVKRtgdHx83MdGOE/wwVygUMDo6CiEENm7cCCklhoaGYoLvwMAAtm7ditHRUTMvWsjWdYmvuOIK7L///jX1ehuJ7LbIawvvyR8YbfQPA/XWqXe87ffmxwTh4KTzbsBz64JjeNi+M/HQTz8F19nWj2sMwzAM8/KjGQE4k8ns2jHW0QMCE2D8pi/tqo2LO9uVK1xzLdLohrPkcnPdQUHkrJDJQejPrb5EGG6t9PsJxiUszUoEIlMrYbp122zwU1Sja2f7c708OS/Guytsl2Q0+Ina2i7qCMC1Y9s2RCo8duEcxyzb1npQECQChygBZaGwBi5eJEJVbPsGCgHAI4m5kjCLfBBcCArDgZsRxEhPKYFEFUoISOValusIRQJCVIPzhbzQ7WqfUKbJYGykQPABSEgKnNAxTZoAR0lUJcGXVThKQJIbnPsy0T8BIAdKKijhQ5KCJAcmrz0pFofnC4EwAIkvjgr8sugGQqrOx1YEkI9uRbioq4T3dTpGAJZCO+jtYOS40K2XCuO714K2Ewj+2glMCkqiSQFYFxpO/n1BEEThd1uLyoFQu63bNwjAixVLAFYItte1gH1gmrsVN7w3jaP6nZ0iABMRSN8IIQKRn2K3A8THq93S+giUCkUWgBmGYZiXBdsjAHMENMMwDMPU4YtX3GzEXyklfv31twOk6kYB20IvEP9xU0cM1wiDIckfQvX70dFRXHDBBdi8eTOklMhmsxgZGUE+nzeuWABIp9OmHyEEUqkUKpWK+aPW8zy4rot58+ZBKYV9990Xc+bMMcKudgan02nTv3baavdupVJBuVxGOp02IqddH1fX7HVd1/yI67ou8vm8WVeLw5lMBo7joFQqoaOjI3RrZIyIvGnTJsyYMQNdXV1Yv349RkdH4XkexsbGUK1Wkc1msXXrVnzrW9/CFVdcge7u7lgf9Wr56vc6Vtuedzsu2/O8mthn+zglazXb/dpt6uMZuFsq+N23z8CiD/0ERIQlz67F//vRrbj4U6e0eEYyDMMwzCuDXf2D/ERxrfGxUeyzHdJ3nX2vV1Kk4fIwkrWW2rEK/a+s+ah2DDUrbL+PYKLjbH/WaL3685KQtRL2y221tcNocMy2vZmTWNBgPXP0gnjhFATmwcfcVroTygjkIihSG9LEsbWMrgQnPD8aCfqWMGlEwtp1rSMOAScQ8eq1KQBfBrV2HZLhWFSNoBut74frCiBsV9Rd13YPhyuEdW6NtkoApACUA5JVc6MBCRUect2wdc7VH1Ssn2j+wr9bEAqfE2xpzjGTCd/oZImk5mAXW7wJVcc+67tAVCgky0CYF9D/zdHj2JFQ6PQmqNCZLVXwXDPMcHURbckwDMMwDGpvD2MYhmGYVzx3PbIMl//qf837G/79HUg7cUEwWcNXi4D6MwAxkTTpUk06ArRo6jgONmzYgE9+8pPYsmULcrmcqYGbz+dNDbhUKqi9Zrtrs9ksxsfHUa1WjdjZ2dmJBQsWwPM8zJs3Dz09Pcbx29UV1DHr7e2Fru+rx6yUQjqdBhA4j/P5fE20shZTM5kMcrkcstmsiZ3W++95nomj7uzshOu6Jop6xowZpo9yuWzqBM+aNQv9/f3o7+9HT0+PEWcBYMuWLchkMnj22Wdx/fXXGzE8KdAmscV4+xhpoVaL10Cto6RRPWe9vZ4LvZ6Oz9bPaRf45b+/w2xz6fX3474lKxuOlWEYhmEYhmEaI4ywp3VLgUivbPah5ccJ5MMJhxAMI2yhQSORxKk32EZnAuGNDBOsa5qauO94l+H/dLt1Vo1eCyPFJibL2m+KCeF1O251VhN9bD9RY9v2/E7chJAiEL+TY6wTr77jkHBIQoWuaAUJ36mChEo8yDwrQSBBqK2dzDAMwzCvTFgAZhiGYRiLzVvGcNZXrjfvzz7xEBw8twdA5BbV2O5d7bhNioZ21HNyXS1IaverUgqFQgG33XYbli9fjlKphGq1irGxMVMXWIu05XLZOH11e6Ojo6Z2cDqdRk9PD2bMmIHR0VHkcjnkcjn09fWZ19VqFcVi0Yi9euw6ctmOSLbFbNd1jUNYx0F7nodUKgUiQiaTQSqVQiaTARHFxq7r6OnY6tT/z96bh8l11Wf+77lr7dWL1GpJ1mpbMliPV8ALizE2EBMGMkASA5l5MmESAgyZzG8gyWSekJAhT1iSDDFJsJMMWYyNie3YEMfGYLC8y5KwJEuyrKW1tNTqbkm9VNd61/P7o+p7+tTt0tKyZInW96OnVFV3Offce09336r3vu/XcVAsFuG6LizLQiaTgWma6OvrQ29vL+bNm4dFixZBCIEwDOE4DiqVCgDgm9/8Ju666y4l3tJxIPRzQO/180fTOr3XI7zpvOntnaxdPdoSAK5c0Y3bb1mj5n/sD+7FxFS90xBkGIZhGIZhGOYc0SYd6up6S/BsisJCuXDnLroALhPHofU4c2p1R2IRIxYGQgGE0oAvLfiwEMBuPmTz4Ukbddiow0FDOmjAPmt9YhiGYZifJTgCmmEYhmE0PvaFezFWqgEAFs8v4A/+8w0q+pkifwEt4jfhCtafk3WAaR6JgmEYKpGQ1jl06BDuvvtuBEGgYosty1LLk3BLfXFdV0U003zLslAoFJDJZBDHMZYvX44VK1agUCig0WggiiL4vo9cLgfP85SIbNs2PM9TLl3TNJWzmeYD045gIp/Po1qtwjRNFAoFhGGonLnkGO7q6kK5XEYYhm2iNYnB3d3dql9U26K/vx+ZTAZRFGHp0qXYt2+fqmlMdZzuu+8+XHHFFbj55ptVBHTS7UvbIUcunRs9/pnaIyGZzh29T87TzyW1q2+fltOdyX/8X96K57YdxMHREkbGyvjV//NdfO9rv/pahivDMAzDMAzDMK8VqYU3tyc0T2PIZi1cIYFYtsVWz01axZ4N2SoSLqfjsGOp6d/i7CRAoxlxXfOBX/2bKTzxqt2swRy3thcDkM0+iThuvo9bSVWIcehb5omaZhiGYZgLAnYAMwzDMEyLr9/3LH68YY96/70//UUl/gJoe9ZFwmSssy786bHJSUepLqjS9G984xsolUrqfRRFqq4vxStTvd10Oo1Go6Hac10XruuiWCyir68P/f39mD9/PhYsWAAhhIqPBpq1g6emppBOp5Urt9FoqCjoMAwBQDl+SWy2LAtSSpimqfYxCAKk02m1f5ZlqehnqvHr+z5M01TOXxJOHcdRjmXXdZHJZOC6ruqvbdsoFovo6urCihUrlAM4jmPlmP7iF7+ISqUyo94vnQtyMCfrLNMyyWjoTrWc6b0u/Ou1l0nYTq6rE4YBHvw/H1bvH3l2B/76gedPZWgyDMMwDMMwDHOWEck3yShqg6YpuXhuo9y+YvpYkAMaQCQEQmEgFCZCnNlHJEyEsAFpwhcZ+EYBvpGHbxThG12tRzd80QXP6IZndjefjS40jO5zeNAYhmEY5vyBHcAMwzAMA2DbwAh+768fVe/v/NzPI+8aHWOQk/V8Sfg0DANhGLa5THVBkNoiUZgESdM04TgOqtUqduzYAdM0YZomarWaEn+jKILruqp9KSXq9bqKYjYMA9lsFpZlYfHixViyZIlyAqdSKYRhiHK5jGKxCMuyUKvVkE6nVayyaZptoqwe95xOp5UISnHOJEjTvkRRpGKss9kspqam1L55nqfqGJPATEIw9Z/Wl1KqusB6fyqVCvL5PBYuXIjDhw+jVmu6tF3XxcTEBDZs2IC3v/3t6rzooi7FZuvnTIf6r7t1k+eYliM61XJOOoT1807nqJgWuOO3b8Nvff0xAMDnv/HvuPXNl2L1svmzHbIMwzAMwzAMw5wJhISUgNHyAUshAdMAopa1Nca0RThGSwyd654aqpksIA0J5QCOY8AQqEkTf7s5wiPpoKmLxy1JvGUcbi7ecg+33gMSMm4+C0w7eQVan78kACmaJmshYUQCQRRjYMwFDEBIAWlQH9ByJqPlCm5tWIpmZxiGYRiGYQGYYRiGYRpeiI/8r7sRhE1H6HuvuwTvumqxEmj1+r7JOsBAe/RzUiTUhdWkWNxoNJSYG8cxdu/erSKagabYGgSBcgrrLlNqwzAMFb3c3d2NRYsWYf78+SgWi0o4LRaL8H0fvb29SKVSyrFLwq+UUrmDKcrYcRwYhqFEXopIphrDBLmbSWQNgkD1WW+LxGByKnue1xYvbZqmir12HAe2baNWq6Fer6NQKMD3fTQaDfT29sL3fZRKJRVfDQAPPvgg3vve9yphWG876cxNirv6edXjo3Xht9N6+jJ0HHXBV3d803pxHOM91yzGbddfgsfW7YHnh/il//1tbPiH34Jjc0wZwzAMwzAMw5w30LW8QEtYxHQ93AuBGQ7oGIYIEMNBOc7jX7eFELJZn5cEXCFbn4Vi0RSF45YoG2PaNB1LyJbQq6bTsq0YZxFLiDiGjE1ISBiIEIvW51Cj1R7QXpPY0MR6hmEYhmE4ApphGIZhvvQPT2D3wWMAgGzawR2fvXWGS5TEYL1erz6PHKzAdFSw3gY5TMMwbIsMJiHXNE1s3LgRtVpNCa9hGCKOY/i+D8MwkMlkYJpmWw3gTCaDrq4u5PN59Pf3I5fLoa+vD6lUCpVKBfPmzYOUErZtI5fLqe0HQaAET5pm2zYsy1LiL4ma6XS6rQYuxUEDTQcurUfrSilVG4ZhKLHZtm04jgPHceC6rmpPj8ImqtUqDMNAPp+HbdvI5/OYN28epqam0NXVpbYZxzEKhQLWrl2LXbt2zegnnZ9kzHPSEawLufpy5E7Wp3V6JKOldTFYj9OmY/oXn7kFmVRzv7cNjOBP/+knsxixDMMwDMMwDMOcbQSJvQaatXCFBIyW8VQoW+vcRe07VPx1LFIATEACoWXCtyzEloC0DEjTQGwKSKP5HJkCsWW0HqL5MARis7WsYTTfG83X0jQhTaO5vjAQWSZi24A0BCAtwIgT/dH7J5rPJvjbboZhGIZpwX8SGYZhmAua4WNT+PN7n1bvv/W/PgjI6Vhlgmq9kvtXd/JSZDNN7xQ3TC5SeiZRsVarwfd97NmzB/fdd1+b21jfruu6qFarqk6vHh+dy+WwdOlSLFq0CP39/UpwXLZsGVzXVYJtvV5XwjOt32g01L6QcEn7I6VUcdG6i5n2wbIs+L6PIAjUcSIHL7XleZ7afxK86RiSiAtARUKTcEr9plrCVBf40ksvRTabRXd3t3INA0ChUMAXvvAF5SKmY6jvm+7U1p+Tzl46NrqTF5gWdpPrHi8SnND3m46jkBH+/nc/qJb58j8/icNHp042XBmGYRiGYRiGOZtomq4kAVgXGgUgjLkv/kpA7bvQXbYCgIghjAgCEYBIRTerh1JndfswZr4Xrf+S7QOAEDCkgNmK3I4ttDuS1fmQ7aKw0b4JhmEYhrmQYQGYYRiGuaD53B2PwA+aYuzVqxbimot71LxOscFUL5ZEQhJzdbE3WQuWBEG97i0JhLZtIwgC/NVf/RXK5bJavl6vqzYzmYyKhqZtklCbTqdRLBZRLBaRzWZRLBbR29uLXC6nIpQpmpmcuXrdXuoTib4UOx3HsXLYUpxzslYwidiO46hjRlHR5PbN5/MzhGUSzcn56ziOEs5t21bCcCqVQr1eh23bcF0XXV1dME0TixcvxuLFi5HL5eA4Dmq1GkzTxP79+zE0NNR2bnRBlvabjrEu7urnXJ+mC/u6O5igfidjwZPtdRKJ33RpD9as7AMA+EGE3//mY8cdpwzDMAzDMAzDnCXk9JMUArEQmo4pOwqUMUSz9Oy56O/rResYSKXnipYTOm65fC3AMDXxVU4/UyQzPUyj5dCVgCmaz/S+TcCVTRevKRGbMSIr1NzX8cxzYbREYSMh1jMMwzAMw38SGYZhmAuXzbsO474fbVHvv/k/b2sT8kg4TNaETdaAJQFQFwv1NpL1YoFpZ68QAhs3bsT69euV6xaAili2bVvFS1OcMK1bKBTQ09ODefPmYfny5Zg3bx5s24bv+4iiSL2m/mQyGURRpERY3akahiGiKEIYhirGmURTEnBJQCUh17ZtpFIpJRyTQEzLpFIp5d7Vjx3tJ4nk5FjWt0vHMpPJwLZtdHV1QQiBYrEIy7LQ29uLBQsWwHVdZDIZhGGIMAzx4IMPwjRNFZtNAr0uyncSiJPO3aRoS+jnspPDW1+WxpI+XXdSx3GMv/ud96vl737sJWzaefgEI5ZhGIZhmFkjz8CDYTowY5jwmPrZpKUtAgJjwsQGAOulwFFdvNQFR1MiNmLslQLPS4E90kA4B79eJXMuRNx0/IqoeSxgNEXfNjeuaBdwSZClh2gNeiUkt94rcX1avG1+JqMOGIBhQJANWd/OjHhq2ib4226GYRiGacF/EhmGYZgLlk995V/V6//03ivRnTE7ioF67DOAtmhoXfAj5ywJtkmxkaD2wjDE4OAgvvzlLytxN5PJqFhly7JgmiY8z4OUEkEQwDAM+L6PVCqFfD6PXC6HXC6HKIpQqVSUwGiaJur1OnK5nHLVep4Hy7KUmKzXr9VFV3L2kguY+qFHMZOjGZgWwUlU1o8L1St2HEfFMwdB0FZnmJ6B9ijoIAhg27baVjabhRACXV1dqvZxV1cXGo2G2v7DDz+MWq2mnMy6+ErnQY/j1vuvn9PkeTueGJyMBddrRHd6TjqOiyngP/3cFer9Z772UHKYMgzDMAzzWpgRXXoaD4Y5EUJ75jH1s4eQiIVEKGK8CIn/Upf4tYbA0zHV+k08IFAxbNzhO/jQeIw/KXuoQM45XV8C08KrMFoPAEakRGGIuFWXt3Vng6Dl0TpWEoLuehBx830y8VkJuU2hWJotx7EpYIqmNiwNAZjUH2jOX/19wqnNMAzDMAwLwAzDMMyFyXd+uBnrXzkIALAsA//7V24A0O7sJNcoiYO6SJhEF1STUccAOgrBtVoN69evx9GjR5Uzt1arqfnpdFq5Y5OO43w+D9M0MW/ePKTTaSWWUoxytVqFbduQUqJWqykhVQiBdDqNVCrVJmhTbWB9f8hF7DiOetadvbo4nMlk1L6TiOv7vmqPHNK0PInQlmWpKGjXdZWzOBk3Ta5mcgnbto3+/n4Ui0UUCgU1L45jrF27Vh13/fx1imKm13p9Xv280Xz92NPY0McLLUdu8OO5hvVt0/K///EbYBjN5V/cPogHfrL1uOOMYRiGYRiGOT9QV3tzTfm7EBEGBAxIEaHhxKg5BkLDmHbB6iVtpYQ0IniORGi48I1mctNcGwcxAClCmMKHECFghDCNAIaQbQ9h0HPTJSyMCMIIIYwIhogAEU3PExGEiCFE3BSSjdZ8RDBECENEMBC0XgeIrBDSbIrMQsZNIbiTgmygg/jMMAzDMIx1rjvAMAzDMK83nh/ic3c8ot5/47dvA2TYvMs54Ywl4TYp7OnvdaFYd4EmheMgCABACZ6pVAoPP/ywcv9SXV5y7NbrdRXLTKJyHMcoFAowDAN9fX3IZrPI5/NKBKZlqK4uCb7UPjlx9X6ROEvCKk0ntzBax4VEZhI/ScilZxJRXddFGIYQQqgIazoeUkqk02kldNOxtSwLnuep4x6GIVzXVceD6vxS31KpFGzbRk9PD6amplCtVhEEAbLZLNavX4/bbrsNAFSdY+JUagB3ckjT/urCbTIGmtrtNC+5nbZxghh3/Pfb8N/+76MAgM9/4xF88B1vhG3NrDnMMAzDMMzs0P9OAzP/Jp+8gRNMmG1bzJxgxpgitWkWwyF5/cicS0Trx9poCYgSMASkaE2nCkFG87UhBAALEkBotwRMYahU47lCjyHxm2+wMRxFQCyaHmcpYcRi+rdgc1LL7Nt603oJKSEgIKUAIJtO3maRZbWN6Wktv3Gs/VzEzUPfiCUeesnAwFEXUkQATO2cyPbzA9nWPsMwDMNc6LAAzDAMw1xw/Pm9T2NkrAwAWNbfhXdduRhRFM4Q7qSUME1TxRjr05PxybqgR0Lh8erEUrzx9u3bMTAwoERZ13XbhGQSf6n9IAhU5HMmk1EPEocpBtp1XSXWplIh+FZQAAAgAElEQVSpNgGZauOSqKo7bZP91t2utG8U3+w4jhJnaf9SqRR830e1WlXCMInKFF/tui7K5XKbuEz76zgOfN9Xgi0J47VaTX0xRu0YhoF6vQ7btpHJZJBKpVCv1+E4DoaHh5WIC7TX4k06dpPR3LRtOmYEnY8TucCT29JF5KQrmNok3n3NRVjW34UDI5MYHJnE1+97Fp//lZtObUAzDMMwDHNChAQmJiYwODiIWM5epVEJv0Lg0ksvRSaTYYcZgyiKMHRoCBPj47Mzf7bGzqJFi9DX13c2usbMEgEJAyFiw0QEAEIoQVcasiUEN52msQAQAUbciiw2BCIISCHnzK8FAaBoSPzn1VkEpoAZiab7FoCQ8fTvv+Yd1NBvjFG/YgXFP1OLzWeqt6yWx3TUdrMUcGueFABi1AKJTQci7B4XTbG3JdAjlu39iKFEeoZhGIZhmrAAzDAMw1xQ1L0AX7l7rXr/zf/5PkgZzxAFk+5eXfzVa8eSUEriYDLmV1+e2qRI4z179ii3LtX2jaII6XQalUoFAFTkcr1eh2VZSiwuFArI5XJoNBpIp9PwPA9hGCKbzSoXLgmYFNkcxzFs20YYhvB9H+l0Wu0DxSdTrDNFNZumCdd1VV9oeXIxk0Oa9s3zPDiOg0ajoZajdqMogud5KuaZpodhiFwuhzAMkU6nUS6X1bFLpVJoNBptgiq1lUql4DgOXNeF4zjwPA+1Wg179+7F2NgY5s+f31Gw14V4Qnds077oywLoeB51gVc/97q4fCI38LSTHLjzcz+P2z53DwDgK3c/ic985EZkUvZrHfIMwzAMc0EjWpGt//Ct/4c777yzKRqomSdfv1W9EkDzWuhLf/In+MhHPgJNpmAuULxGA9/85t/ggfvvB3DqybOxlIgF8Lu/87v4tU98Ql1XM+cOKYAYAkZswpISsKKW/mg0ZzYNqrQ0hCERQ8CMmoqjIefePSESTfHbkiFMIZSuKvSR3rbT7dOan4GSt0bQgdJWlLL9F622fQjAECZW99YwWatBxlbb8pLKC8umE7j16x4GYvBX3gzDMAzDfw0ZhmGYC4y/+956VGoeAGDV0l5csjA3w90LoM0NC7Q7OpPoblMSA3X3qL4+ANTrdZTLZdx1113KNUviqS5OWpaFIAiUmxZo1snN5/PIZrMAgGKxCCklSqUS8vm8cuTSF0nkSA7DsO3LJcuyIKVU4jM5e8k1TO5ncgv7vq+m6a5fqlEchqESqMkZTA5miqcmsZeinUnIJYcv7W8qlUIURajX66q2MB0HPYq6Vquhq6sLjUYDR44cUeenWq1i7dq1uP3225WAr0MuXb22rz5PHwu6ozd5LnVXry4E0zL6uTze2NGjvy/uz+LixT0YGBrHxFQd//ToRnzqQzfMWIdhGIZhmNnhBR6efOrJ5k1/aIkEp7iuLurFYYBnn30W/+GDH1A3yDEXHuqajsQnzM75KSBbguEcywz+GUdAIDbo818rDtpouU5NANH0b46mG1YAMoYQck7eDjL90cWEFJpkmxRwj7v+Kd4SQVHbM2fAiCVyRog/uK2IhhSwELYipYVmNW7fzLRWXz/5thmGYRhmjnPiHEOGYRiGmUPEscRf3veMev+V37xFCXZAe/1fmk7uX712LLk9dYevLiJTXHBSKCQRNwgCHDt2DBMTE0r0JIHVsizl4A2CAFJKlMtlCCGQSqUAoBk7CCgHsOd5KBaLysUbRZFyzZKISTV6SYAlYZTirQkShMkFTE5dcg9HUYQoipRLl778pH2l9ui4uK4L3/dV38l9XK1WZ9TgpWhp2taRI0cwPj4Ox3FQKBSU25eEZDon6XQa6XRa7adlWXjsscfaRHg9bpr62+m8JyOwk/P06aZpzhD+deewPraa4y9uGyvJ8RVFEb726VvV8n9+z9MzaswxDMMwDDM7pATWvbAO+/buna5POZv1oSWKCoEN69dj+PDw7BphmARzTy48TWTicT4g0BR+Sb809GdNCaXpcxjR+ocZjzO+oRkPKWKEhkRsGMi6MXpTMXodgZ5UjJ5UhJ50jJ50jN5MjN6URG8a6E1L9KYkelLny2BiGIZhmHMLC8AMwzDMBcNDT23D/uEJAEAx5+LypV1tAuTxavzSPHpOindJ8Zfm6ZAYSNHFr7zyioo9JvGPIpdpfRJvbduG67qwbVuJsjRPj1M2DEO5Z3Wn7sTEBHzfx9TUFA4ePIjR0VGMjo6iVCpBCIFKpaLaHR8fx9TUlHIkVyoVtdzExAQ8z0Oj0YBt2+p1GIbKsUvr6fV3hRBoNBpqG2NjYxBC4OjRowiCAKZpYnBwELt378a+ffswODiIvXv3YmBgADt27MDBgwdVW1Qj2LbttnORzWZV7LVpmti5cydqtZo6f3QsdAG30/nR29RjnTudW32dTrWFO40JEqL1vtA80zSxZlkXunJNsXzf4XH827M7TmFkMwzDMAyThK7pfN/Dd797H/xGMwHmNWkXUuLYkaN49JF/RxiEZ6SfDHOhcTo3OOrX5K8bJPqS0CsAmBIw5PS3qYaY8yLwuUJICTMWENKEKUMYaECKCBBm20Oi9ZAGpDTRtGubJ2ueYRiGYS4IOAKaYRiGuWD4i3ufVq///DPvaatdC6DNuZkUf+m1Hsesx0Xrjl9d+NPrxdJr27axceNGAFC1aw3DUI8gCFTksWEYyGazytkaBIESU0dGRrBkyRJVFzgMQ5TLZRiG0eaInZycxMTEBLq6ujA1NYXt27fDMAzs3r0bV111FRYuXIgwDHHkyBF8+MMfxvPPP48FCxZgxYoVSjxesmQJtm7diosvvhiu6yKXyyl3b71eh23bbceBjlMYhgiCAGNjYygUCvB9HwBw+PBhlMtlNBoNNBoNbN68Gf39/di5cye6urowOjqKI0eOII5jNBoNJUQXCgX09/cjnU4jn8/D8zz4vo+enh4MDQ0hiiJ1jI4ePYrFixe3nQNg2olLzuZkTedO5zEZE54cK8nxQ+hCsy4GJ6Om9S+zvvrpW/EbX31EjdkPvP2Nr33wMwzDMMwFyoEDB7DlpU3twtHpCDat1aWM8fBDD+FDH/4wFi5aeEb6yDAXFhJxHGHjhg340pe+1LzZVJ7cACwAFIoFfPozn8XP/dxtZ1l4FQDVr9Xr2EoAwlDisKBpzFmgeQ5iSAAWIC3EAAQCdDr5czGGm2EYhmFeKywAMwzDMBcEG145iHXbBgEAKcfC29YsbCZ4dXB8Jp2cOsmoX3pPjl0iKRzqoqDv+3jppZeUkEw1c8ndSn2imrp6TLPjOKjVaigUCpg/f74Sf4UQSvSN41gJpiMjI2g0GhgdHVWCa71eh2mayGQy+OlPfwrDMFAoFJBKpXDXXXehp6cH+/fvx9DQEIrFIsIwxCuvvILFixdjfHwcixYtUsJtFEUqrpr2zXVdSCnVNKDpwB0eHkZXVxdGRkYQRREOHz6MMAwxMTGB8fFxHDlyBEEQoFqtwvM81Ot1ZLNZDA0NYf/+/SqWulAooLe3F/39/ejq6kI2m0W5XEY2m4XneYiiCI7jYPv27Vi0aFGbY5dct7p4n6z/fDwRP+kG11+TuzcpCCfHQ/J1pxsK3r6mH65jwvMjPLN5HzbvOoyrVi06lWHOMAzDMEyCjRs2Ynxi4oy0JSQAITB06BBe3rIZ/Qv7Z6SKMAxzcsIwxKFDh7B3YC+8RuOUpDspJarVbtRqtbPcu1ZvVK1nLQ66NZvK1lI8spxNYXHmFBGIhYRECEOarcMfQciZ7t4YBh9+hmEYhukAC8AMwzDMBcHXvv2Uev3FT7wTovWRndBrvRJJl2fS8XkiUZBERl3cIxfvtm3blGhMgmUcx7AsC77vq1q7tG4Yhspdm8/nUS6XMW/ePBiGoQTifD6PMAxRr9cRRRH27duHXbt2KUGV+k41gC3LQqPRUOLo5OSkqrU7MjKCXC6HUqmE/v5+mKaJVCqlBPJSqYRsNgvHcZRw7Xmeah+YjkkmF7DjOCiVSshkMhgcHEQYhqhWqzh69Cg8z0M6ncbk5CSKxSLGx8cBAJZlKWG1XC6rfQ2CAOPj49i7dy8uv/xyJQTncjmMjY3BsixEUYRXXnkFt956a0dRNinIJs8nPXeK+SZnth4Xrm+jU/tJUZnQ6xSreVLiD3/1Jvz+3/6kNXbX4p4//tjJhjjDMAzDMNA0GAFEYYAnfvQ4ojA8baFW6T4CLUFIIgx9PPf8s7j51nfBsp1mlUyprcAwzAkQCMMYhw4OwT9F8Xd6zTP/IyZbvzViyFbbAgKyWTJc36ABIKb4ZwNGDEgDQDxdwph//M8covWLV8Cc1uRhdhTaBSQffIZhGIbpANcAZhiGYeY8Q0dL+Ne12wAApmngP9ywEkC7yEdir+4ETYq79F6vDZuM/6VYaZpHy5Kg6/s+MpmMinv2fV/VrXUcB3EcIwgC2LatRFTXdSGEQD6fR6lUUq5W13WVA5f6NTU1hZ07d2JsbAz1el25fVOpFPL5PNLptHIX03apf5VKBY1GA7lcDul0Wjl8JyYmIITAwMAAgGZ8c6VSQRRFmJqaUgI1idr1eh2+7yMMQ1QqFUgp0Wg0UCgUVBulUgm1Wg2O46i+0/4ZhoEwDJHL5QA0Xc/ZbBa2bSOVatbHtSwL2WwWw8PDME0T6XQajuO0nY+9e/cim80q8dU0TXWOkmJvMvpZj+1O1u0l13Ankq5f/T25s5PjS3ee0+MDN66EaTbP//0/2YpDR0onGuIMwzAMwySRwO6dO7H5pU1noWmJ5557DuWpKeD1rEnKMHMEz/NwYP/+17em7wmRMGTrcwQAKUXT+StJAW5d+xvNWGJpSMSGgLRiwGD/6dkicfRnTmw9hJg5mWEYhmEYdgAzDMMwFwB/9/CL6suFj926BqaYFm91V2+nKGCdTq5QWk4IoYRC3SFMy+nicnd3NzzPU8ItiX8U9UwP27ZVbV/dHew4jhI8geYXKKZpKkft8PAwBgcHVS1gipJOpVLo6upCtVpFGIbIZrMIgkDNq1QqsCwLfX19mJiYQG9vLyYnJ9sczdu3b8ell16qRFrTNFGv11X8NPWVRGWKgk6lUpicnEQul8PU1BRc10UqlcLY2BgymYza956eHuUUjuMY9XodYRgilUohm80CABqNBoIgwNGjR9Hd3Y0NGzbglltuQT6fV8e6Xq9jYmKiTVgl565+bpLxzrrzmpYjcRuAeqZ2dDpFgSeX1bern3t97AkhYJvAL938RnzniW2Iohjf+rcN+MInbj35YGcYhmGYCxy6egujCN+57z5Uq9WzYM0TGDp4CM889TTe/4EPwrL43nqGmQ3VahWDg4PnuhsAWjHOLfF3URzhQzLCuDQBISBk4heHBISUkDKCIQWMOMJVkDAggFaFWoZhGIZhmPMFFoAZhmGYOc89j087Pz75gWs6uj8BKAGXIEFOF4gBzHhOtqPX+9VFPapN+8Mf/lDV7ZVSKsHUtm0AzTq6QNP5qq8vpUQqlUKxWFTbCoJA1dVtNBoYHBzEkSNHlLjc1dUF13WRy+VgWRZ6enqaX4QCyGQyaDQaKJfLKBQK6OnpwdTUFFKpFNLpNDKZDFzXRT6fh+/7WLp0KcbHx5HJZFCtVpWT2LIsJULHcaxczdT3RqMB27ZhmiYOHz6Mnp4eFU3d39+PTCaDnTt3Ip/PwzRNZLNZpNNp1Ot1AE2Bu7+/H0EQoFaroVQqwfd9VKtVVKtVVCoVeJ6HQqHQJujv2bOnzXGri7PJc6jXBE7GOuvCfqf6vjSP9p9E6GQbnW4woGV1cZq2/6lfuBbfeaLpXL/vR5tZAGYYhmGYk6HFMB8ZHcXTTz8NGZ8FZ56UiMIQD95/P26+5VYUi0XWfRhmFkxOTuLosaPnuhtNWvnNFgSujiXWCBchAEOGzR/rhAgcGQaEiCBlDAEJI7bgRtG0WZhhGIZhGOY8gQVghmEYZk6zaedh7B1q1pQtZF0s6HJn1GsF2gVcEuT0WGOChLqk+JtsJynuUnulUgkPPvhgm7ArhIDjOKjX60oo7e3tRa1WAzAdHUw1d+mZHLYkxq5btw6VSgWGYaC7uxuFQgGLFi1CsVjEsmXL4LoubNuG67rKRSulxOjoqHLZTkxMIJ1OY/78+TBNE8ViEUEQIJvNQkqphFjHcdT6JFx7ntd2HKlucSqVgud5qFaryOfzsCwLy5cvV3WHPc/D6tWrEbbq8xUKBViWpY4LxThbloWpqSl4nofR0VHs378fExMTMAwDIyMjmD9/vjqe5ALesmUL1qxZMyNmuVMNYKBd1NfjopPormI6lzQukkJv0mVMtaF1Yb+TOL2g6CDt2qh7AXYeOIqX9wzjiksWnuLIZxiGYZgLGAls3rQZY0eONSOaVRHfM4NobWPHjh0Y2LMb11z7pjPWNsPMdYQQGBsbQ2ly6lx3BQAlPUvEiGFKwEYAQxowpYSQzXlty8sYEjGsyERoSkBEqnYwwzAMwzDM+QQLwAzDMMyc5rtPbFav/8cvXd9R/AXQJvQmBTtgWiS0LEuJwJ3WIWEPQFsb9LparWJ0dBRRFCkXsOu6sCwL9Xpd1QUml64QAqlUStUFzuVyyilrWZZy3D7++OOwbRuFQgFCCORyOaxevRorV65EX18fstksXNdFtVqFZVmqrnCtVkM2m1UO3nnz5sG2bbUcxUTHcQzLspBOp+F5HizLUs5hmkeR1VQjV69lHMcxstksuru7ATTdzZbVvAyp1+vK1VytVpHNZpHJZJSQq0cykyBMDuLu7m7s3bsXQ0NDWLhwITzPU2KqaZp49dVXcdVVVyEIAnU8dZICbzIOXHfx6vHNJNomo6CTy+tjR29XH4e6gKz3KYoi/PYvXo8//fYzzbH8oy0sADMMwzDMCZAtC7AA8OSTP4bnNVrmPXGGE6AFJCTK1Qo2bFiPK6+8EoZpdbzGnB0UIUvt0PNrcDEnV00m2mo3pJ2M175/p9anC5OWDXXG+Z/NudcP5PlckzbGyPAQ/MBrvtW7eo7GgoCAKQWEbJ4HE61yLR36I6SAgAkpjGbdYHl+H+0zigTaTpJom8EwDMMwzHkGF6phGIZh5jTf+eG0APy+6y9Wr3WH5vFcnkDnqGDdvUnokb+d2ifRr9FoqNq51Ibv+5iYmEAcx4iiCLlcTjluSUiNokg5eKMoQhzHME0TqVQKURThoosuQjabRVdXF6666ipcc801WLZsGRYtWgTLshCGISqVCgCoeru1Wg22bcO2bSUm6zV7aT1y4qZSKQBQ26Sau/SlYb1eRxRFStwGmnHWlUoFtVpNCbOGYaBarSKVSsH3fQRBgHq9jsnJSeWADsOwTVwlsdh1XSUmz58/H/l8Hv39/XBdV4m/YRiqyOt169bNEOE7OX5pP5IiLJ1v4njibnIsJceH7gam7erLJcVgurngA2+dHrN6lDnDMAzDMB1o/ek9NHgQzz3zTGuaOOOiEv1dj8IITzzxBMqVctv00yfZURIFX2OT+kNvlszRUs6Y1unRttyZ7tNskGfgcV7S6fyfThvn7Q4CAKIoxuHDhxFF4Zm+NeO0UENRADAEIAwI9a/DzwJduxuy+etFoPnt6rnflbOPACDk9OP8/oFiGIZhmAsedgAzDMMwc5YXth7AoSMlAMCieTl0Z60ZX8yRoKcLuHocLwmAel1feq1HBCfje+m1LjqapolMJgPTNJUrltyzFP9My5PI22g0VJQ0uYFN00Q6nUYQBDAMA+Pj4wjDEI7joLe3Fz09Pejv70c+n2+rP2uaJnzfV0JzFEVK5K3X68hkMvA8D0IIJcBSv2lbwHRtYt/34TgOoiiC7/tKSA6CAK7rKjezflyCIIDv+/B9H+VyWYnbJBqTG9m2bdUHy7LQaDSUAE0CaS6Xg5QSixYtwuHDh5WzmZzUjuNgeHhYHf9OoiydB3rfKSb6eOKuLiZ3inDWncL6Nmm8kZOczg+tqwvlPTmBxfPzGDpaxsHRSWx45SDe/MYls/5ZYBiGYZgLARKTHnjwQYyPj7emnYXt0PWElNi+bRu2bduGG25464xkkNNoefql1KS817ATan3Z3ozSgiUwMjKC3bt3Y2z8GOr1Wtv1suM46Omeh5UrV+Kiiy5SpT+U6/E0+na8Ph1v4TN9Ds9Puar93B9v1gmREoJ88GfqoHU4/q+1/XqtjuHhYcRhdEZM7swZ4BR/37B5n2EYhmF+tmABmGEYhpmzfPdHW9Tr3/nojR1FQF3ISwpzAGasowvGncTfTnHB+rx6va4E0jAMlUhItXmprWq1qqKXyenr+76KeCZRdmJiAtVqVbmGlyxZAsdxlNDs+77adrlcVo5eoCnGUl9ICNaJ41jV+43jGGEYwrZt+L4P0zSVEAxACbdBEKi2KCKZBFsSimnfPM9TbmgASjSm406iMMVuU51iEo0pYrpQKKBeryuRPIoiJab7vn9cwZb2kd4nY5iJTsIu9VnfP93Jqz93ukFAv9GA3ODJbUZRBAD4rQ+/Bb97548BAP/yxBYWgBmGYRjmOEgpMTY2hh898SPEUevmvbOpULSuNe7/l/tx9VXXIpPNnJFmgyDA4z94DNu3b4OMJeQpRi9ftPgi/McPfQjZbLbVPQFICQkJgeb14NGjR7Fxwwa89NOXsH3bNgwMDKBUKkHKuGObzeuT5vYLhQJWr16N6667Du95z3tw6arVsG27LSb31GKiW9c9Egh8H+MTE5icmMBkqYRKuYx6o6FScwLfx/j4OIYPD+PIkSMYHx/HZGkS9WoNtVoNYRgiiqKON2Mm90MIAcuykM/n0de/ACtWrsQ111yDt73tbVixYgVM05rFPpx56AbL73/vYbzyyiutc4eWxfTkCClh2TY+/OFfxOrLVk9Pfw37s3fvAO7/l39BqVRq7+trOESB52Hj+vXtn8tO0p76jFSr4f77/wXrN2446XaKhQJu/+jHsGzZshnzzsY57pQydKrLA0CpNIndu3Zh8OBBHDt6FJVqFYHvvz7auARcx8UHf+EXcPHFK4875gSAGFLVQW80PAwMDGBg7x6MDA+rG3xbs1835s/vwyc+8YlmH8/Rzy/DMAzDnI+wAMwwDMPMSaSU+O4T0wLwO69e2ja/U31eEt30eeQQpQ+S5AY+XpSwLiCSyKc7QUm0DMNQuWUBKCcwicIkXFqWperl9vb2wnEcOI6j6vxWKhXk83lYloWlS5dCSon58+cr0ZdEV9qGvq1sNqsipR3Hged56osnilGmSGjDMFCv15UL2XEchGGonMgkJNMXcFJKJShTH0qlEjzPQ71eV/sHNOOdLctSYqjjOOo4p1IpNBoN5VymGsO6eC6lxCWXXKLEZOoH1Qumtkhw1c9dp5sBOj3rkPiri7wnE4yTUdM0PpKR4slxBQDvunpa8L3n8U346md/nr/YYBiGYZgOCCGwY8cODA0OQkLCgICmX545JG2v+fzCC89j6NAhrFq9+vjrzIIoCvHUU2vx/e99D3EYnfLf/eUXX4y3vf3tyGaz2nVKc/f37duLO+64A48/+igCP2jN012nJxJQm/PKUyX8dOMGbNywAX9719/iv/76r+NTn/40Upn0CdadiYDA4aEh/OEffgHPPfccQs+f6TJNXKcft62WyK1Xze28HCBljDDwMTkxjsmJcezasQOP//u/wzRN/MYnP4nf+M1PIdMSz19vaB8dx8Hk5AS+c+89iMJwliWAm/7frq4iLrtsdbOi8Gu6ZpRYv/5F3Pede1Epl1ubeO0/TMnr5lMeN0LAb4nHG9evP+ny/f39uPXd78Hy5ctPa3uny2z2R0qJw4eHcOedd+KRhx9GtVrtON7Pdp+lBHK5PK699lpcvHLlcX+QZOtnLfB9/OCxH+Avv/51DB440PpdOPNm69cDCeDS1ZfhE5/4BH9GYhiGYZgELAAzDMMwc5K1L+3FkYlmzduFvXmkbdFRYNMjgPUPjCQaJmOcKTZZF/WAdmGP2tJFYIpo9jwP2WxW3R2tC8e2bSu3A4m3pmnC8zwUi0UUi0UYhqFqAZNj2HEcdHV1wXVdpFIpJUJT3DLQ7nSlWGXbtpFKpZBOpyGlhOd5OHLkiOozCcHkeCZXLbmJs9msilvWa9xSv0moJdG30WigVqshCAIlDtMyqVQKruti0aJFSKVSmJqaQqVSUcfbtm31hYjv+0o8J8d2HMewbRvZbBYTExNtzu1Go6EivukYdPpyQt8HfVly4uqxjnQcSNhPOsWTTuPkGNG3TdtLxkmTE72QsbGgJ4vR8SpGxyt4fusBvPWK6S+yGIZhGOaCRNJTu1jyzNq1qDfq+iInaaOpEEvMLBVxUjGhtYHy1BQ2btyASy65GIZ1Jr5mEZCSAq2lmnYyxo+N4eiRo1i6bBkMAYwdG8NPfvxjPProI1j/4osIPH+6pQ7C6mxci2EQ4G/vuhM7dryC/+/zn8Nll10GKU/dAex5HoaGDiPwPAh5/HN1PPG30018p9LvTu+jKMJdd96JF19cj//+P34bb7nuehim0YzFPQeC0nXX3YAFff0YHjrUnHCKfSBxbuOGjRgbG0fvvJ5TF+Sk/rK5TqlUwtYtW1Cv1dq2ca7Qy7Kc0vIg4X96+Uqlgn/+x3/E888/f0b7tmTpEnz+d34XPT09bdsHOv3kSkBKDB48iHu+/W08/NDDGD92rK2vncrOnN2x2KzlK+XxM9fpc9jaJ3+M//f3f4/NmzdDRjEEZt4M+3r+3FBt5rZtc6Q4wzAMwwBgAZhhGIaZozz2/Kvq9a/9/FUzInmJ5IfsZDRwMvJZX0dvQxeSdYFRdwBLKTE4OIhKpaLimTOZDIIgQC6Xg+/7SmwkRyyJo+l0Wom71FYQBOjr60OtVlPLO46DarWqlm00GqqfcRwjn8/Dtm2k02nkcjnlqq3X6yiVSqjX6ypuOYn+JUQmk0Ecx8qdbNt22zHSjyPFPus1f/VjScdCSolyuW1HDlYAACAASURBVIxjx46pfZdSolarodFoqIhpvSZxFEXIZDIoFotoNBrI5XJtgnB3d3dbFDX1SRf4iaQ4q0d6H6/GL+2nvkzS8Zt0iuvTOrVLwq/exq+972r86befVWObBWCGYRjmgqdD7dBquYwfP/EjRK1SFKfWDP39by/9MRsBIwxCPPX0WvzCf/wFZKzcLHbiOGiFOIU49brC1UoZ+/ftwxVXXoF169bhi3/0RRw6cABCdHb3nso+dlymJZzHcYQn1z6JqcoUvvZnf4YlS5biVIRqkmyEbB5/IQAKoD7dKson25eT7XscxXhp4wb8/u/9Hv70K1/Fm9/yFpX68nqg92fFyhW4/sbr8dADD87aASwA7N65Cy9v3oR33nLLaQlx5KoeHjqMLZs3q4Skc8np7cfMwxeFEfYNDGDDi+vOTMdalCbH4fveKS0bxzEGBw/gt3/rt7B96zb6aWj1uf2zSXLaWUVIQEi0hyY0KwNLKRGHEe65+9v42le+jDBsTxEQp/Rzf/YwMH1jC8MwDMMw05zutTXDMAzDnNc8u2W/ev2OK5d2jPwl6Eu+44m8emxwMuqZXtM8vTYsCYgAVOxzV1eXqo9L9XRJPPU8T/WF6uNKKZXj1zRNFQkNQNXlzWazyhFLMchhGKJWq8H3fdTrddTrdbiui3K5jIGBAbz88svYtWsXRkZGcOjQIQwMDGDp0qVYtmwZDh06hKGhIVSrVdTrTQcNOXqT++w4jhK5KX7ZdV04joMoipSgXalU2ur+kkhaq9UwNDSEfD6P97znPVi4cCEWLFiAnp4e5UxOp9PKrUwised5Kr6azlUqlQIwHSldr9fR29sL0zTblkvGetO50t28ybGRdIMnxV99elJA1scEnTeanxSCky5herzjyukY6Gc27+sw4hmGYRjmwkZI4Ac/+AGGh4dPyRFKyNYjm8/j9o9/TF1nzc7pKLFx40bs3btX/Z0/F4RhhB8+/gN89lOfwqc/+UkcOrAfZ90KJyV++tOf4mtf/SqOHDlydrd1FpEtL/nBQwfxpS/9MV5+ecs5c7tmsznccsut6Ovrw2zOH33KGRs7hueeew7VSuW0+xBFEXbu3InBgwc7pigxp4eUEls2b8ZnPv1pbNu2vTkN59ZZfWKa/fIaHv7pn/8RX//6nyOMZt4ozDAMwzDM+Qk7gBmGYZg5R8MLsfHVQ+r9sgV5iJavoJMbUxf/Ork3k9G/+hcgndoD0FYLl94LIbBgwQIlBgvRrKdLYiZFLNdqNeVutW0bQLMemG3biOMYnucpUTOVSqn6uFSn13VdCCEQBAHK5TKEEKhUKpiamsL8+fOxYsUK5HI55HI5uK6r+jcwMADf99Hd3Y04jjE2NoZ8Pt8WfU3tAkA6nYbneXAcB6lUClYr8pD2m+Krq9UqxsfHUavVlLvYcRy1rWuvvRYLFy7E6Ogo8vk8oihCOp2GZVk4ePAgXNdFOp1W+0I1fil+mmoQ5/N5pNNp5e4NwxDHjh1TMdhJ8Z6OGYnUNK3Tl1ydXOM0Xa/13CnimdongZhq/urt0E0Bujisi9HLFuTVsi9sG0QYxbBMvo+PYRiGYYQQQCxRrVbxwP0PqGusU1sZQCwhDIHL3nAZPv2pT+OZtU9heHj4xIKM0F82//aXJ0v43ve+h1WrL1PXdK83QgBPP7W27f3Z2VDiZSyx9sc/wQ03vBW/fPvtr6tz9kwx7WQEdr26E/d8+25ccsklyOcLr1sfVGSwIXDd9dfjDZdfflqiehRFeOGFF/DLIyO4NJ8/+QrADON2w/OwZfNm1Gu1WTvimXbIUSulxOT4BP7qjm9gz85dEPoNyufz4ZUSP924Hn99xx2oV2ut/p7PHWYYhmEYhuBvDhmGYZg5x7rtBxBFTSHtjSvmw0Dc0Y2RrKmUfKbo4OQ8opMLGICKfCZHsF4vtru7G4VCAUIIJfCSOEz1an3fh+/7ME2z7QtEEhodx4EQou1Z3z+qu1utVlGtVjE6OgrDMNDT06Pq8FYqFdTrddi2jYGBgTZ3smVZCMMQ6XQak5OTqNVq8DxPxUUDQLVaVXHO5OgloTaVSik3shBCOXbDMFSO4kajgYULF2Lx4sVwXReDg4MwDAN79uzBU089hc2bN+OBBx7AQw89hAMHDmDbtm1t5wUAPM9DFEUqPhoA8vk8TNNU52N0dFQdZ1r3VOLUjuccSkaG66+TNw7oX0CfqI4X3WRA40V3jyvRWEgsnt/8AjKKYqzffvC4fWcYhmGYCwFy7qL193jXrl3YvXv37NsRQCwlrrvhBizoX4Brr71W/Q0+pfW1mwKfeOIJDA8Pz7oPZwqJVpRy6+Co968Dnufh4YcewtDQ0HnsZjwRraMlJRDHeHrtU3j66acQBP456UmhWMBNN78TtuvMbsWmnRSDg4N4ecvsXczkRh07NoatL2+d1brM8ZFSolGr4+6778bzzz93TpMCThX6zDI+Poa/+Zu/RrlcVuOLYRiGYZifDdgBzDAMw8w59Pjnj96yRglrukMTmK5pqwtxnZybVF9XXzb5xeDxXpPo6LoufN9XIunU1BSy2Sx830c6nYbv+wjDUNV/pRq8QRCoKELXdWGaJhqNhtof13XRaDSUCEzCp+/7SiDt7u7G+Pg4du3ahYGBAbVPjuOomrpUx3fJkiXo7+9HLpdTMdX6vhqGAd/3Vd/JFUyirG3baDQasCxLOW+pFjEJtStWrECxWGzeBT85iaGhIezZswcHDx5EuVxGLpeDaZoquvrHP/4xgiBAOp1GsVjEbbfdhkajgSNHjqC7uxtCCOWgpX40Gg0VF71v3z6sWrXqhDV69RjrKIqUc0U/353EXH1MJW8YSLpfknHPyfrCyXFJUDsff/cafPXe5wEAz2zZhxuvWNZp+DMMwzDMBYVE04z2wgsvoFIpz25FQNVNvf7662EYJq67/no8+uijiMIQiWKYHdGvLY+MjGLLli1YsmQJFaR8XY196gpUJN4fb7kOnE5/BQAZxdi6dSs2bXoJCxcuVCk2J+9Bsjfn2lkoISEwPj6OHz7+OG64/kb09Paek568+c1vxvJly7Fr1y5AyqbbvHV4TlLxGL7XwLrnX8AHPvABWK1zIfSiuCdqQAB79uzBoUOHTrBQO7OVBF/LWf6ZlB+FwN59+3DPPd9GGIQQEupcnhIy8fJs/Jh02EYURvjJkz/B+hfXN9MShDiVX4vJ5to4qz/hp9o5hmEYhrlAYAcwwzAMM+d4ThOAb1xz0Yz6vyQIJ4U2AG1CHLl3aZ04jtVDr8+ajAEmEVBfl4RWvXas7/tqHT2mOFmf1rIsNBoNBEGAOI7hOI5yl1arVRXRTERRhEajgXq9jrGxMTzzzDN49NFHsWnTJuXmrdVqmJycRLVaRa1WQ6lUwujoKLZu3YoNGzbg2Wefxfj4OCzLQldXF7q7u9V2giBQcc5SSmQyGSVy53I5ZLNZVbOYRFHbtmFZFpYtW4abbroJUko89dRTeOqpp7B27Vps27YNpVIJa9asQbFYxPj4OIIgwA033ID+/n4UCoXWHejjuPfee1GtVnHs2DEEQaCEZdoOCaaWZaFUKqm+Au31dwm9lm/ybnx6r7u99VrBtH90HnX3t/6gNjo5izs5gpPPcRzjXdcs18Y41wFmGIZhLmyE9qLhNfCjJx5HfJq1KS9ddRkuW/UGAAJXX/tmZHMFzEZFoL/3ge/huWeegufVT6sfrxUD7V/yJN+fDSgOVpgGQt/DC889h0bjVPY/xrREJCFaj3OHAGAAwlDvtm7egsNDQ69rDwSa9awhBS66aClueue74Nhuc1qL4x6lVgMSzWvHV17Zht27d02vdwrOTSGBoOHj5S2bMVUunf7OnAecL0KxABBHEV5c9zxKE+MAJGC0f044r6CBCKBSruD7D32veQOCIRBr884nVPIBcR72kWEYhmHOBSwAMwzDMHOKOJZ47uVpAXjxvAyAaZFNj9XV44ABzBDsSOAjoTO5nC4W6i5OvQ2KQqbavUCzdq5hGEilUsq5mxSRKbKYnKRU1zeVSiGOYyW6UpQ0bZP6US6XsXbtWjzzzDM4cOAAUqkUenp60N/fjyVLlqBUKiEIAlx++eW45pprkMlkEEURurq6cPXVV8N1Xbz44otYt24dpqamcM0112DlypVwHAeu67a5WOn4kFNaF00potpxHCxduhQ33XQTvvnNb+I73/kOqtUqrrjiClQqFSV0R1GEUqmE7u5u5WB+//vfjyuvvBLLli1T237yySfheR5GRkZUvV/dsUzive/7qnaaLrKGYThDeE0K+rQPYRgqd7a+n3otYVpff54ek3HbjQX6DQT6uNLbSX4hJKXE0vlZ9f6pTSwAMwzDMIwAAAls2rQZr76yY/Yrt0pv3n777cjlc5AAli1fhiuvvgrCmH1dTiklnnvmWRw9cqTl2Dw/ESd4nC50TbN71y5MTU2dZOFpodOQApDGa97+2WBsbAyDBwfP2fYzmQzedcu7sHDRIuA0xuOhgwex7oUXVLKQqjV7wnYkjo0dw8tbX4bf+uxyKpxoTJ3JcTbbbZ0v1Ot1bN6yWZ2LWaPt0GyP9SkfJ/2AtSzAIyPD2NNKkDrdLp+v54RhGIZhLgRYAGYYhmHmFFt2D6Nab7ppL72oBwbahVvd1UuiXNJxmXytuz+BaUGPBE5dTNRFQRIlhRCwLEuJttdeey2klHAcB9VqFUBTKCbBkpZ3HAepVErV86X6vNlsts1VSgJrFEXYtGkTHn30UTz66KOoVCqwLAu5XA4LFizAsmXL8P73v1+5YV3XxejoKDZv3ox6va6Ez/e///34+Mc/jhtuuAGWZeGHP/whvvWtb6G3txd9fX3IZrNIpVJtIqsQAvV6HY1GQzli6QsOqmWczWZx1113YWhoCBdddBFuvvlm3HTTTchkMhBCIJvNYseOHSr+mc5ZT08PlixZgtWrV6uoatr24sWL0dXVBdM0EQQBcrlcm4Bq2zZ27NiBIAhmCOZ0rnTRPooidXxU/d3WtnRRv5ODWB8nSRE5WS+6k2icHJf6NNM0YRrAqiXNCMJKzcO2gZFOPwIMwzAMc0FAfy8DP8AD99+PaJbuX1q/p2cebn7XzTCtZoUs27bx8Y99DKl0qrnMLHyEAsDRo0fxgx88jjCM2q4zX0+Od32rz0su02n66TAxMYFKuXLi/gGANAChe36n/crHuzbXr7dN0zzho1OJjdkShiFGhkdOe/3XioDA5ZevwdVXXw3M0ilK1+bPPfcCxo4ea90scfJ9iKXEvr378OqOHc0bJDpst9N4mc3YeS1jbVbryPNHcJycnMTevXubN5acJur30VnaqU5h7MPDI6hWqqff5hn4nTLLLb5O22EYhmGYnw24BjDDMAwzp9i8+7B6/aF3vqEtrheYGfEcRZES+XRIgNOFOD1KWhfpLMtqcwOT0EzboGfP82DbNq6++mo88MADCMMQpmmqOGeKWCbBlPodRZFyEevx0SQy27YN13Xhui6uu+46rFmzBvv370epVMKhQ4eUYD1//nz09/dj9erVqFQqylls2zYcx8H4+DgWLlwI13VRLBaxatUqpNNprF+/HqVSCY8//jiuuuoqtc8kolqWhSAIIKVUTtlGo9EmNHd3d8M0TaTTaSxYsABvetOb0NXVBcuycNlll+HFF1/ExMQEent74TiOErZvvfVWCCFQKBSwefNm5HI5xHGsBO1isajEaCklCoUCbNvG1NQUisUiSqUS9u/fD9u2Ua/XYbW+3NXduOSy1o8/vabl9TFE51t3bJN4TMslHbzJeck4aHqt13HWxxP16wNvW40/+87zaqyvubj/dH5MGIZhGOZnHyEgIDE6MoKNL66HjE9PGFn9hsuwYEHr72lr/be9/e1YfNES7N61EzEA87hrzySOY/zb9/8NH/nIL6K7p+d1rgLcJFlWIqbritY1jzAMCMNqu9ZtLhghDIPTEmuorXq9jlr9xBHQQgjAEHDcFFLpdFPbFAIQJizLQl9fHy6++GKsXLkSy5Ytw+LFi9HX14eu7i7kc/mT1BduthX4PtZv2ICvfuXLeGXb1lnvD9A8lxMTE6+7+KvOHyRS6RTe8c6b8Pjjj6kbJE91fQDY+vLLGBgYQP/C/labrWUS69A+hmGI7du348iRo83aznJmyRx9OyS4CyEQwzjusu3bihH63qyEwenrawOWZcOwTv51pp1KQ4hz73uRUmJiYgJHjxyFlIBxGrHPUkpIQ7TGvnEWfq9IOG4KwjCVcB7LGMeOHYUfBKfVYiwlhNG8CXr+/PlwXffMdllj+fJmqRwpZ32vBMMwDMPMaVgAZhiGYeYUew4eU6+vvqS/7Yst+oJBjy/WY6BpGXIVdHId6GKw/gUHiclU51dfD0CbsPeGN7wBixcvxrFjxyClRKPRAADlmJVSKlcttUdird6W3s9cLqe26bouUqkUBgcHEccxxsbG4Ps+Dh8+jFdffRXveMc7sGnTpra6w5OTk7BtG7fffjsMw0CpVMKOHTvQ3d2N9773vViwYAG6u7sRhiFSqZRy1IZhiCAIlCgaBAGiKFIR1kEQwHEcdHV1QUqJd7zjHUilUjh27BgOHDiA0dFRvPOd78T4+DheffVVTE1NqS/1br75ZvT09GBgYADbtm2DEAKZTAaLFi1CT08PUqkUCoUCLMuCaZqo1WooFovKTVyv12EYBj760Y8qgVoXZsmhTceUxkYQBEqAJ+GW5pHwS8ctGReujyN9XjLOWYcEYXIm0zR93NG2r7i4r+NYZxiGYZgLDwkpgU0vvYTx8bHWlFlqwAJ4y3VvgWVb1CQAwHEdvOnNb8KuXTtPp1sYPHAAu3ftxluuu+6cWBD1Kw3LtrF0+TKsWrUKy5cvx8KFC9Hd04NCvgjHcWEY09ctlakprFv3Ah64/36USrOr/6pf84bhiQUjCWDx4sX4yzv+ElEYwbItuCkHrptCJpNVN+ABUMdPFy5jnAwJy7Vx49tuxB9l/gi/9/nPY9++2ZfPkIC6tk3eLPq6IYArrrgCl69Zg40bNsw6RrdUmsSG9etx4403npL7tFKuYNOmTTiRk5KudW3bRl9fHy666CIsX74CKy+5FG944xvQ29t7QiG4NDmJv/izr2H9+vWzqoHbvNkzj1//5G/i1ne/+6TLm5aF/v7+ts+B5wK6kcDzvdP+dTCvbz4+9vGP4+qrr0YqlTnztYOlhGEKrLz44ulJcYxyudL22XY2mKaJj/zSL+Ozn/1vWLBgQUuMP/MKrZSyrUY2wzAMwzDTsADMMAzDzCn2HJoWxRbPb4qi+t3lyZq/ncS4pEtYFwc7xeXpzk59O7QtcoiSYJrJZLBy5UqMjIwgiiKk02n4vo9Go6HuoCcxkVy0FAmtx9qFYQjP85DP51V/TLPpnLAsC/PmzVOuV3IKHz16FFu3bsVtt92G73//+6hUKqqm8K/8yq8gDEM8//zzGB8fx+LFi3HVVVdh6dKlGBoaQqVSUftMrt84juE4jjpW5A72PA+ZTEaJ27lcrq1O76pVq3DppZeiUCjA9328733vw7vf/W5s3rwZlUoFCxYswLx58/DII4+gUqkgiiL09PSoWGzDMNDT06PqKZMonkql4Lou6vU6XNfFBz/4QaxatQq1Wk1FR5MTm/pJQjpFO4dhqCK1kzcQ6C5sOuY65Bo+0ZdMSVcOvU6Ox07Tli4oqtd7Do0ddxsMwzAMM+eRzb+Vjz7272h4jea11yybME0Hb3vr26f/tkvx/7P35tFxXPe956eql+odjcYOiCC475JIcRMXSZGlxLEty0vsxJ45sR3lPJ+TWI6TvCyT5Nl+cXzsJC9O7MnEkefMRHFsa2RHViRbK2VRUaiFi8R9AXcCaOxA7/tS80f3vaiGQAoNUhIF3Y9Oq5voW1W3blUD1fW93+8PIXxt3bqNR378k8qEudmuWNPQNMhm0ry69xU2bLwFm92O/japwOI6zeP3s/XWbXzk3nvZvmMHgUDgTQUjseyO227H7jB44IEHoDz7WO2ayW7lK6sxGuB0OuleuNDSAeu7NR1D1Gq+TIsrsnz5Cm66eQN9ff2UisVZLSwn5FG9XnsnxSUTOjo6+aU77uT40WNkshlMzFmfU6VyiQOv72ciMkFzU/PlG1b3eXBokLNnTlfDuLXLjpeY6BkOhwmHw7z66l4aG0P85de+xtbNW0DXL7vsxPgEbo8PNH0qlvpNdkdcE9tsNtra2li6dNmcJldoGhguN15f4A3vFYpFspkMGpXvbpdzS9eLWTbJZbKUClNlZmYr4JZNE38gwJ/+H3/Bh+/9sGU/3vrfKSZQLBTQTLPiODYrpahnS0dHB7/3xS/S2to6VQDY1K7+8zStD7K29RvfUigUCoXiPY8SgBUKhUIxrzhjcUWG/G6ofoGHWheuVVibLtpa37c6QGcS5GaK8RXbsoqFYrvCqbp48WJee+01KTIKUdfr9UphV7h8hcgpXMFQcSMUCgVcLhflcpl8Po/T6cThcNREGXs8HikSu91u3G438XiceDzO3XffTSqVoq2tDYDW1lZSqRTBYBCv1yu3Mzk5KcehXC7jdrulWA3ICGvhnLUKqQ6HQ4qi4nW5XJbP/f39DA4OUi6XaW5uZsuWLeTzeTKZDNFolFAoRHt7OzabjUQiQbFYlAKtcEQ7nU7p8NV1ndbWVhKJBM3NzXziE59gbGyMbDYr6yk3NzfL+GyXy4XL5ZI3PVOpFC0tLeRyOXk+GIYh47qnC/5WcR+mJgxMF3mnu8yn37SxOsyty093ETd6pyIPzygHsEKhUCje4/SeOsWrr+6lEpZbEWzqCXy95ZZbWLJ0yYzvrV+/nubWVoYGBuruV9k0ee7ZZ/mN3/gULdXrrLcLTdP4xCc/yR//8Z/ISXqzFYs0TUPTNbbv2M5PfvITJsdH38quTtu4eHFt1VabzY7H60XT3/ko4LlgauB0Onjf+97HU08+wTERZz1bpcs0OXv2LPv37eNX3v+rVzwXyuUyR48cYXx8rO5+6rrGqtWruenmmzHnMBnjrUZcg/sDAf7HV7/Cn/2Pv3hDm5f27OFP//iPScTrc7/PhkrZmakUodmiAd0Lu7nzfXe+/U5mU9Qdrh9N01jUs4im5uZKMoMQ1C8/p0ChUCgUCsVbwLvzClihUCgUistw8uLUjSqnnRnF2unCrxBaZxLfrF/Qp9dwtcYwC4RAaF2n1TlcLpcJhUKyrq9hGNKxK6KMrf219ltELzudTin25nK5mrjqUqkkhWYh+DY2NuJ0Osnn8xSLRZqammhpaSGbzeJ2u8lkMsTjcc6dO8e5c+cIh8Pk83mWLFlCW1ubrLEr3LuiX6JOr4hsLhaL5PN5KUADcjmrQOpyueS+V2bwL8XpdHLy5ElGRkaIRqNomiZjnkX9XrFsU1MThmFIgT2bzUrnsWmaNDU14XA48Hg8PPDAAzz++ONcvHiRyclJWltbcbvdjI2N4ff7KZVKjI2NEY/HiUQiACQSCVKplNyfRCJR4wKf7uwWNXqn1zGzCr3ThdzpwrD139b6wNMnF7iNqbl7vZfqvzmnUCgUCsW7Ges1XLlc5t9/8u+kU8k51cO02W188tc/idvtrq68+kZ1VW3t7ezYsWNu0b+myZnTp3ntwAHK1WuitxMNTSaz1CX+Vh8+r0+Kx281M10/TU/buRa8K0Unk2q0rUbP4sVs2ry5clzrWIUGRCYm2bPnJZLJJJjmjMtrQDKR4PChw6RTqdl3sXqMDJeLTZs3VyOXue4G3HpN7XK58Hq9b3gYhustddaKU7mec1rTNHw+Hz6fb8ZEq7cF02QuEzPiyQS5XA40sc9zW89UN8w3PBQKhUKhUFwZJQArFAqFYt4wPJEgX43Wag/5Kjc4qjeyrMId1N5AFM9W8RemboRNF4VFW+FktYp6opar+HmhUKhZn3CrtrS0YBgGhUKBTCaD1+vF5XKRz+cpl8s0NDRIV6sQH0ulEoZhkM/npfvX6vgV+yIcuG63m87OTnp6euju7qa5uZlUKsXg4CAjIyOy/3a7HbfbTTQaxev1sm7dOjZt2kRLSwuaptU4gIXIKuKUhfhrrZebSCRqIq+F21e0Fe7abDZbuWFkGCxfvpyNGzeycOFCOjs7sdlspFIpDMNA13WCwSCdnZ10d3fT1tZGKBSS+26326WLGqC5uRlN02hqapKO4eHhYQYGBnC73YTDYXw+HxcvXiSdThOPx2UcdCKRYPfu3ezevZv+/n5yuRypVEqOr9iXmVy+1khw67kyvc10Udh6fkxfzxsiy8slGv0uABLpHBOx9Gw/HgqFQqFQzAvE39TxsXFefvllzPLchICOzk42bd6MbrfNKElomsZvfOpTeKqpKPWgoVEqlXnsscdI1SGmXSs0rT6R6XLreDu5nKBT8Q2W5/zQKjbGt2MXrjlSwNfAZtPZfttOGoINb77gNMqlEq/t389Af8XNPtM4m6ZJOBzm+LGjle8edQ5ZS0sL23dsR9O1dzQx+3JYJzhcnrm5Xa9tH6b1yDSp1M594+TktwP9ClHeV8I0TU73nub555/DNEtU7MTlOX8WldirUCgUCsXcUBHQCoVCoZg3WGuiblu34A2xuoKZXJni39Mjeq3irnh9uXbCkTpTG6tbdHx8nK1bt/Lggw/icrnYuXMnpVKJyclJ+vr6iEajpNNpXC6XjE4WLlrhEhauU7vdLvsuXLdCGHU4HLjdbgzDkP0XrtZoNEqpVKJQKMg2ra2tNDY2SmFZRDELYbVcLktB2xqnLRzIIuLZ4/HI+Ge73S5jrkVUtIhfNgyjRuRtbm7G5/NRKpVoa2urqcErYrHFtsRr6/iLGsMNDQ3YbDYuXbpEa2srpVKJ/v5+Tpw4gcvlorGxEYfDwd69e+no6KCxsRHDMBgZGWFoaIhVq1YRj8fJ5XKyDyJiG6gR/cX2xX5OR4jBGxq5egAAIABJREFU1qho6zlldVNXouGmIqat55XV5b3zxoU8/lJv9Zwfp6mhu/4Py2U4cuQITzzxBOPj4/zd3/1dzXv5fJ4HHniA5557jlgsxoIFC/jMZz7DXXfdVdPuscce4+GHH2ZwcJBQKMQHPvABPve5z9U4qA4fPsx3v/tdTp8+jWEYbNu2jfvvv59gMFhXm5GREb7zne9w4MABCoUCa9eu5Xd/93dZsWJFXf2eTZtSqcRDDz3Ez3/+c0ZHR2lubuaOO+7gs5/9LB6P5+oHX6FQKBR1ceLECcL9/YhqrfXKA+vWrSPU1PSGn4uYUkyTtWvXsLCnh2NHj9bdP800OXL4CP19/QTWvnkN3vcypmmSTqeZnJjg+LFjHDt6jIHwAIlEArNcnsPRnaJUMjl/4QLFwuzrGV9vmFSioFevWsUtt2xk17PP1r2Ovr5+jh45wqrVq2beRrnMmd7TXLp0aU6O+pUrVrJ48RIx+6Du5d9WrvPuXTdoVNOfdMrUrwNnM2m++uUvc+nSRW6//fYpF7NZvxdJ1zQcTid2ux2ny5DfXxUKhUKhUFwZJQArFAqFYt5grYm6flk7QI2Ydrm6SdOdmkL0mykWWrSxuhSm130VYt70msM2m41SqUQ8Hiefz/OFL3yBH//4x/h8Ptxut6yfa5om+Xxersvtdsv4YxH7LCKdRYyZ2I7T6ZyKYjMM+cVYrEPsa09Pj6zZK/bX4XBgGAalUolsNiujla3CsRAixbiUy2XpwLWK5GJchOiXy+Vk9LMQjQuFArquUygUapzFYnkhIgOy9rBYRoxnLpeTx1A4r8V+p1Ip7HY7/f392O12Ojs72bNnD11dXQwPD+Pz+QgEAmSzWY4dO0ZTUxOrV6/mwoULLFu2DL/fT6FQwOv1MjQ0RFNTE36/n3K5jNPplG5gMSbiHBBO6JnON+v7gKzVbHX9itfTaw6Lx4YVHVIAPtM/zpY1VycAp9Np/v3f/50nn3ySgWqdw3Xr1r2h3Te+8Q127doFVOouX7hwga9+9as4HA5uv/12AB5//HH+9m//VrYZHR3lwQcfJJVK8Xu/93sAnDt3ji996UsyzjyRSPDMM89w8eJFvve972Gz2WbVJpfL8cUvfpFwOCwnSLz++uvcf//9/Nu//ZusbT2bfs+mzde//nWerd5w9Xq9DA4O8qMf/YihoSG+9rWvXdUxUCgUCsUVELGp1VhZ06zIvbuefYZcLlPTdCaBQoSO6mbtz7Zu3Vad3KVNa82UCqzp3LJpE8ePHZOTCWcj5JqYoEE0MsmB/XtZuWqlvCZSQnCtm29sZISf/vRRdj//PKdPnyKVTNa8f7XjVf0WcNno43cLmgmNoSZ+6a672bdvP7FopK6xKRbz7N37Kvd+5F6crkqaTGWew1SC0OGDr5NJpwFzdiKwWXG7Gy4Xm7duxeOtTIhT5/j8QNd1Ag2BynfbOXx6NE0jFo3y7W/9Pf/wrW+BnK4z1/7Y8Pv9NLU0093dzaYtm7n33ntpbWkFTZPzDtT5p1AoFArFFCoCWqFQKBTzhnMDUwLwyoXNNSLtdBHtck7eUqkkRcfpzt3psVtWodJa99f6b+vNwkKhQDqdpq2tjYULF9LY2EhjY6OMKXa73TQ0NNDW1obX68XpdMrlhEs2k8ngdDqx2WwYhiHdqcVixdUg4p+9Xi8ejwe73Y5hGNhsNux2Oy6XC7fbjcvlwjAMWQPL4/FIkVg4fa3CrkD0Vbh4hQgKFZHXWu9XiNlQEXDT6XSN6GsVT4WrV9f1mr4JEVnETQs3tOibeBauXF3X5bg4HA5isRiRSISBgQFOnz5NOp3m8OHDuFwuuru7OX/+POl0Wjqt0+k0gUCAUChEMpkkmUzS19dHLpeTzmmxr2K/C4WCHHeBGJfp7vLp55PVMS7GTWB1rYt12Gw2li9otJzzE1wt4XCY733vewwMDOCq3hCcqY0QSP/+7/+e5557jo985CMAPPjgg7Ldv/7rvwLwmc98hueff54vf/nLAPz0pz+VY/ejH/2IQqHAhg0beOaZZ3jooYdwuVz09vbyyiuvzLrNrl27CIfDBINBHnnkEZ588kmWLVtGOp3m4YcfnnW/Z9Pm7NmzUvz9m7/5G5555hn+4A/+AIDdu3dXauopFAqF4i3HBDTNZGRkmBde2F35O1sVhmdfdlTD6/Wx9dZbK3+DxXIzrEfTdLZsvRXnHJ1mxWKBXzz3HCn1d6IGjcq10kt79vC5z3yWb/2v/8XrBw6QjFfGaS5RuVfaloZZibR+l+pCGlPXgTt27GCZJenkzRfWquKYybFjxzh/4cKM32ei0SjHjh1DToKoY6wWLOhmwy0b5Xeo6x7tMg9FDZqm0dTcjMPpmPMYyeQttKse5nK5RDQa4dyZM+z+xS/4m298gw/86q/y8MP/3wxR++qAKhQKhUIBSgBWKBQKxTxieCIhX4eqdVKFgCnieac7M4UgJ1yudrtd/sz6nhDjrIKecPhahT7xnljOKqgKYVj8zO12AxUxcXR0VAqghmFU4q2cTtxuN3a7XUY9i+WLxSI2mw2n00mxWJQC5PRYYbGsYRhSVHY6nei6jt/vl2KrEE2TySSZTEauR8Q2izEQDt50Oi37CxURtFQq1YjDoh/CKSzqG1vdzcLNrOu6rI8sxtnpdOJwOHC5XPLh9Xqx2+0yQky4lq1iqc1mw+12o+s6DoeDUCiEruuMjo5y7tw5mpubKZfLPPnkk+zbt49nnnmGCxcukM/nOXLkCMeOHePw4cO8+OKLXLhwQYrydrud8fFx+vr6iMVicl9FHHU+n5dCtHB7W+sGi7ETY2JFjK/1+FnPJ+syLQ1TtQit5/xc8Xq93HffffzgBz/gU5/61IxtDh06BEBnZyebNm1C13U+/OEPA3DmzBmSyaSsLQ1w7733AnD33XfLWO/KTcWpdX3wgx/E4XCwYMECNm7cCMDrr79ed5sdO3bQ0tKCx+Ph/e9/PwAHDx6cdb9n0+bChQu0tbVx4403sm3bNgBuu+02OT5jY2N1jrpCoVAo5oIGYMLPf/YzxsfH36z5GxfWKu7c2+64g87OzjddxDRNbr75Zjq7OusSI61tDx8+zInjJzDLKndW2LGLxSI//Lfv80d/9N85faa3UiNUe/vrDr8baW1tZfu2bTXpO7PChOGhIV55+RUK1WtxmCp3c+7cOcLhcN390W02blq/niVLFqs6rfOQrs4uGgL1151+WzAhFonw1S9/hf/+B3/A0GDY8jtEnYsKhUKhUIASgBUKhUIxj0hmpm5muI0p96o1hlkghFur89dut0snrTX+ebrIa41+Nk1TisaAdHKKWGWxLiEKWgXN3bt309DQQCQS4cKFC4yOjmKz2dB1nUWLFuH3+zEMA5/PJx2tTqdTbksIkELoFQK2tR6StWaw6ItwAQsx2SqSG4YhBVkxdgIhYudyOen+tYrcYryEMC1EbE3TZGSyVSDO5/M1NYztdjsej0e2F/ssxGCgJnJa1N3NZDJyTKxx1o2NjUSjUTweD01NTTRV6/wdOXKEI0eOkMlk5PE+fvw4e/bsobe3l+PHj3PgwAGWLl0qRV1N04hEIpimycjICLquMzQ0RDabxW63k0wmpRO5XC7LaGdxPkw/f4QobhV+Rf+tEdHW800cE7cxVcHDes7Plc7OTj73uc/R09Nz2TYTExWncXNzs/xZk6Vu4vj4uGxjbadpGqFQCJgSScUN+5nWJd6bTZsr9Ulsq55+X6nN3XffzSOPPMI//dM/yZ+fOnUKAJfLNSsRQaFQKBRzxOLMxYR4LM4zTz+NWZ3cVw+maeI0DH7tE5/AWZ38dtnNVif0NTc3cdfdd2OrXn/ITOk30RfE8pl0hscff5x8tWzFe5bqeBULBR796U/5x+98h4nRUelufTc7dN8uhAt427ZtNdcqs8Mkk06z95VXiEQiNe/k83mOHjlCLBarz3mtgdfnZcfOnbg9njr7o3g30NrWyoqVK68bcX96MpeGRqlQZNeuZ/n85/8bg+HwddNXhUKhUCiuB5QArFAoFIp5QzI9dWPNaZ/6Ezc9athaF1gg46mqz0IwFuKd3W6XopyIZRaCphAIhfAnnL6CUqkkRVVAxkSPjY3hdru5ePEiLS0tdHZ24na7cTqdRCIR3G43Xq9Xiqwul0u6Z4X4Kt7LZrNSiM3n8zKCTTiFrQK1iHG29l+4U4VrVizvcDik0CocvFbBVYi56XSabDYrl/F6vTKu2e/3SydyOp2mVCrhcrlk7LJYRoixgHQlW+sDW2OURV+t4r5wDzscDmw2G01NTSxcuJByuczg4CDxeFzGUAun88DAAP39/cRiMcLhMCMjI8TjcaLRKJcuXcLpdHLixAn27t1LIBAAKoJpLBYjlUqRTqdraj7ncjlyuRypVEqOqfWcEkK5qAMonsVrsU/i+FonKYhnu23qppz1nH8rEWNrPa+tfRcx2IKZ2on3hRvfenNRtLGe32/WRqxvpjbivXr6faU200mlUvzjP/4jAB/96EdrJl0oFAqF4q3l9Olezp89V5dWaG3bs3gRa9aumbXIZZrwkY9+lIbG4JxMZZoGe195hYGBAbRZCMfzFxNMk8OHDvG9B75HLBZ7pzv0rmXJ0qXcdtttbygfciWEvn7s2DHOnjlb897ExASvvfYa+Xx915UmsKC7m5tuvknFKM9TvF4vn/zkJ67Pa105GcdENzV6T53iK1/5MtlsWonACoVCoVBUUQKwQqFQKOYNqeyUG9Ju09/gopwe/yxEHqtANz3KWazDWmPW6noVQqhoJ9zAQsASjk4RAy2EwbGxMRoaGhgZGaFcLrNixQpsNpusNdva2kpbWxtQcRgKh64QD63bF4KvaZpkMhk0TZM1aq01Zq1uZ0DWFRZuWqfTKWOVnU4nLpdLiptC6IxGo2SzWSkG22w2GT8tRGqfz0dDQwOhUEjeLPB4PDK6WoyFddysbmsRa61pmqxJa+2X9bgUCoUasU4IvKIO8s6dO8nlckxMTBCJRGriuIW4ms/nSafTpFIpstksiUSCvr4+Ll68yJkzZ/B4PDQ3NxOPx2lpaam4eTIZTp48STweByAQCJBKpbDb7bLOcS6Xk3Ha1jhxoEZAF8/WWGjrBASrc1jXdQzntXUAK+qjVCrx5S9/mYGBARYtWsRv/dZvvdNdUigUivcElb+HJi+++CLJZGrWOqpmUhVeTUBj/fr1+H3+WW9X02BhdzcrV6zEnIN6a5owOjrCkcOHKZtzWcO7G3l9bVau077//e8z0Nc3Kxd17YqYtft6vhMIBHjf3XdPpZfMdjxMk1g0wv59++SEStM06evr4/ix48xaMxOim6ax4ZZbaLKkqCjmF7qus337dm6/4w6sCv/0j+M7+pEU3+VLZV54fjcP/su/YE4rt6NQKBQKxXsVJQArFAqFYt6QTE+JYU6H7bJ1f2FKcBQIURd4Q91bqxNYCLqFQkEKlsL9Kpyw+XyeRCJBJpMBplyGiUQCh8MhRUaPx8Pw8DC33HILLS0tdHR0EAwGaWtrIxgMSlHW6/XWxAQL165wJVtdsCIiWrhvhdtY13Up2gI1N30E+Xy+RhQX6yoUCjgcDhKJBMViEZ/PJx2+YoxtNhuGYcjxyefzckyFKO5wOPD5fFJonR7NLaKdRb+s+yzGMJPJyAjqfD5fE7sMSEexENMnJiYwTZNUKkUul6NQKEinshDbRex1PB6XY5bNZmX7l156icnJSYaHh6WIbBgGHR0d7N+/n7Nnz9LX18e5c+cYHBxkdHSUVCpFPp+X0dBC4BVu6kKhUDP2YrvW+HDr+FjrSjveAQewGNeSJW7T+lrUa57pPfFaxHiLc+xq21ypT7NpM73fV2pj5Zvf/CZ79+4lGAzyzW9+U9byVigUCsVbR+XvIcTjMZ55+inKZn3xz2ZV/AXYvm0HTocDbbZ2RVPDYTfYtGkLut325u3fuALyuRy7X3iedCb9nnVJmsDLL73E/v17KZYKc3aMvkeHrwZN19m89VZWrFr95m2rDzQNdI1CIc9rr+1jfHQYqEwwPXn8OOPjY3XUYK5cw4aamtm8eQuGwwll3vPC/HxDfP9we7zc99v/jba2dkxTm/1EgbcarfZR+U5p8uOHf8zAHOpZKxQKhUIxH1ECsEKhUCjmDTUOYL1WNBMPa7Su9VlEIwtxTry2CnjWGORoNEosFpPCZCqVAqZq2dpsNpLJJIlEQoqhwskLU/WDC4UC3d3dhEIhOjs72bhxI+vXr2dsbIxUKlUjUOVyuRrHrXUfhAhqFRitoreIrBaRzeI9ERFtmiaGYci+w5QIViwWpXAqahIHAoEaYd3hcMj+TExMMDExQTwelyKwcAebponP5yORSNTUGRZ1jMX+iP3UdZ1CoSBdwaJP4hiJGr1i30REtc/nw+fzSeFZxDPruo7H45Hu3NbWVhmfLUR+j8dDuVxmYGCAEydOMDg4yAsvvMDw8DAXL14klUpx4sQJdu3aRT6f59KlS4yOjpLL5Th58iThcJhwOEwqlcLtdpNMJimXy8TjcTKZDKlUSkZIZ7NZeW6KyGgx/kLUtgr15XIZh23q8u3tcgCLOnPWOr/W19YayzBVp9c0TSYnJ4GpGrvieaZ11dPmSn2aTZvp/b5SG8F3v/tdnnrqKTweD9/61rfo6upCoVAoFG8t1glT//Xii1y4eBGzPDWB7E2XxwQNymaZ9vYONmzYIH826+V1ja1bt+J2ezCtosNs9wGTV199hYsXLr5nnWm5bJaXXn6ZyYnJua2gOubybJjJgni5xzwkGAyyc+fOynVjnar42TNnee211zHLJtlsloMHD1IuFeuIzdVA01i2Yjk333wzmq4pZX4eo+kaN918E3/0J39CQ0MDmmbRXU1LysI7hEll/gGAhsbI0DD79u575zqkUCgUCsV1hBKAFQqFQjFvsDqAdW0qXlgIlaVS6Q2uU6itOypcvULstT4L8VHU5/X5fEDFZWgYBtFolNHRUWKxmKwxWyqVSCQSRCIREokE58+fp7e3V7pplyxZgsvlwu12Y7PZGBkZ4T//8z+5cOGCFCxFDLIQEoX72BqlDBVRVMRBCyFUCL/WmGshdObzebmvQgS2xiuLcRExyclkEqg4da3PQrQV42wYhoyE1nVdxlUXi0UMwyAQCNDQ0CBdwCK+2uqknN6ndDotxVFxDIUDWIjYgNyW0+mkoaGBjo4Ourq6pMgs9rtUKsljBhCNRmV8dDwex+Vy4fV65RiZpimPx969e5mcnGThwoW0tLSQzWZZsmQJmqYxOTnJwMAA2WxWjpthGFJgF6K/WL/YRzF2whlsdTVPr0ttvd+dzLw9DuD169cDMDg4yIEDBwD4+c9/DsDSpUvx+Xx0dnbK2PLHH38cgN27d5NMJrHZbKxdu7ZmXU8++SSFQoHBwUFee+21mvfqafPyyy8zPj5OLpdj165dM7a5Ur9n0wbgJz/5CT/84Q9xOBx885vfZPny5Vc7rAqFQqGog0wmyyOPPCLF33prPGqazgfv+RCh5iaYvdWx8rcXjRWrVrJ8xfKayYX1EJ2M8sxTT1GclgLyXiEej9Pbe6rmurQeZEmM6n+zXg5zTsfr3cCmLZtZ0LOwEi1ex/5NTk7w6quvkEwlGRoc5OzZM/VtWAPD5WLz5s20tLbW2WvFuxFd1/ngBz/Il7/6VYKh0NQE62pt7+uJQqHAS//1X+90NxQKhUKhuC6wv3kThUKhUCjeHVgdwCYmZjW+WThep9dgLVveF/HNXq8Xu90uxUURF+x2u2vq6gq3pqZpUuwVTtmGhgai0Shutxu/38/IyAjRaFQKuRcuXMBut5PJZFi8eLFcVywW49SpU8TjcdxuN3a7nUAggM1mk7V3hUAoBE+re1SIrrlcDpfLVROhbJqm3C+Hw0GhUMBut8vYZuv6xHJ2u51cLkepVGJ8fFw6c4VTGCqitGEY0iltFZTFGIo+iNfCEZzL5WSMtbXGsnDtCqHbirW+shB1xbZE1HUul8PtduN2u3E6nQSDQTk+mUxG1j4WQqtYplQq4ff7Zb9FvWaXy4Xf75d1hSORCJqmMTQ0xNjYGB6Ph0cffZRly5axdetW9u3bx8mTJ2WMtqiFHAwGiUQihEIhKc6LYyfGQMQNW+OwxU3SqZulUzdZrJMe3ko6Ozv55V/+ZZ599lm+9KUv4Xa7ZcT55z73Odnus5/9LH/913/Nv/7rv/KTn/yEdDoNwEc+8hGCwSAAn/70p/nFL37B66+/zvvf/355nJctW8a2bdtm3eauu+7i+9//PuFwmI9//OPyPPB4PHzyk5+cdb9n0+bixYt8+9vfBiqfka985Ss14/OhD32Iz3/+89d41BUKhUJhZWRomBMnTlZnsdcvIPoCfj74wQ9ht9nrEiDFdYzX6+XD997LsaNHKeTm9vf3hd27+dSnP01HV+ecln83E4lEGBkZrfvQWa8jNb0SR2u329FMfVarMs0ymUxaTmycD4jrw0WLFnH7HXfQ399POV+suW68EuVyiQP79zEUDnPyxClGhofrOiymaRJqCrH11q2ViaParAPVFe9WNA3dbuNDH76HFStW8Fd/9VccPHiQXCZTSUXAfOfPAbOa2IDGkaNH3+neKBQKhUJxXaAEYIVCoVDMG2LJ7NQ/qk5L4RgVrwEpMlaamTW1dJPJJIFAQDqGhXhos9koFotEIhEaGxtJJBJS6MzlcpUvwLkcgUCAhQsX4na76e/vZ8+ePXR3d3Pu3DlisRh9fX34/X5CoRBQcawuXryYdDpNKpXCMAwpQjc0NNDa2ko8HpdtJyYmZP1dEV0s3KJCiHW73ZTLZbxer+y7EMCtEdKAFILFs4iWFs5hEUEdjUZr3MEiSrlQKBCLxaTA6vP5ZM1f4fDI5XLE43Ep+AqBOZvNyrEX4yv6WSqVaqKqxVgLAV48W13PYnvJZBK/34/f70fXdRkFLcRy4coV2xcicLlcJhKJ4PF4MAxDTgxIJpPS3X3o0CEAEokEPp+PaDQq6yOPjY2RzWbp6OjgkUceIRAIAHDw4EHuuusuUqkUyWQSh8OB1+utqSstjokQwq1jPV0Etjo83i4HMMCf/umf0tjYyK5du4jFYvT09PCbv/mb3H777bLNPffcQ7lc5uGHHyYcDtPS0sL73/9+fvu3f1u2Wbx4Mf/wD//Ad7/7XU6fPo3H4+HWW2/l/vvvl5/R2bQxDIPvfOc7fOc732H//v0Ui0VuvvlmvvCFL9De3l5Xv9+sjYh4B+TvASvW9xUKhUJxbalqC+zbt49YNFJ3pK/427ls+TJ6FvVU4mrnsDzAnXfeyf/9ve8R7h+oX+wwTQb6+zl54gQdnR11uZDnA5FohEwmPeflW1pb+exvfY4NGzZU0maYXT3mQj7Hv/y//w+7du2iWCzOefvXIx6Ph7vuvptf7HqOgb6+2Z+TpkZ4IMzLr7zMpYsXSSYTwFSd7DdFg9WrV7No0aL33Hn8XkfTNJavWsH/9c/f5fChQ+x65ll+8dxzjI6O1OXMn9W25rKMCaYGsWnX6gqFQqFQvFdRArBCoVAo5g02XaNYmnK8irqxU9G5Wo3IJkREIQqKOrRCGBSO2VKpxPnz58nlcoTDYZqamtB1ndbWVpLJJA899BCbNm1C0zQSiQSHDh1idHSUiYkJWlpaGBsbIx6Pyxjlvr4+nE4nPT09LFmyBK/XSzQapVQqyWhgv99Pe3s7Pp9POhaEEFosFqWTVYikQkR0Op1yPblcDk3TcDgcsnaxw+GQYqLYd5iqSSxujIloZuGGFfV48/k8mUxGOmQnJydJp9M1YrCIoC4Wi1JczmQyjI2NEQwGsdlsNfVvi8WidL4CMqbZbrfL4yf22yqYihrAQtQWbQqFghTSfT4f4+PjNc5vwzAA5Pkg3MyFQkG6wEWEc6FQYHJykoaGBsrlMslkkkKhwMaNGzl58iTpdFoeB7E/HR0dNDU1cfToUZqbm7Hb7Zw5c4auri4mJyfJZDJ0dnZKIdgadW2tDS2Ol6gBbT1egmuduHbfffdx3333zfie0+nk/vvv5/7777/iOu69917uvffeK7a56aab+Od//uerbtPW1sbXv/71K7aZTb/frM2aNWvYs2fPFbejUCgUireOYiHH4//xU0qFYv3xwSZo6Gy6ZXNNuYl6ENtsaWnjxrU3MtwfnrXYIfurQSqdZM9Le9h2205cLoP3hG9SA0zIZjIU87k57bHd4eB3vvAFfv03PiWv22ZLNpOlsakFTdPr0jivZyrnlIam6dx0483ctO4mwpf669q3bCbLz/7jsUrCUakM2uwqxJmA4XKzacutBAJBmKXrWPHuZvoxDvj97Ny5kx07dvCV//lV+vr66D3Vy+jYKNlM9jJrqY9cLstDP/oBYyOjM/ZB9q36qLzQwDRJpRLXpA8KhUKhULzbUQKwQqFQKOYNPo9BNFGJbtV1G6ZZrnH/Wuv7ChEzkUjgdDrxeDwkk0ny+bx0iDocDgYGBmhqasLlcrFv3z4GBwfZuHGjFOmi0SihUAhd1+nu7uaHP/yhFAXHx8dlLd9gMEgikSCbzZLP58lmswwMDLB9+3ZZrzYej1MoFPD5fIRCIbq6uiiXy4yOjtaIqkJYFa5YEYksooSF+GsYRo0TV7h7Reyz+Llw4xqGIQVvEdMsRHFRL7dcLpNOpxkdHeXBBx9kZGQETdPo7OzkvvvuI5vNkkqlSKfTUkR3OBw8+uij9Pb20tXVxT333CNFU7Fuq0Ar3K9CwBaCPSCFbFH7uFQqkcvlpLAt6hQLwdZms5HJZKSILMYkl8ths9lwu91SRIaKyJ5KpWRctN1uJxgM0tjYSDKZlA7es2fPMjw8jNfrxTAMGhsbOXv2LPF4nBtuuIGenh5OnDhBc3MzR44cwel0EggEOHHihBSnhbgthGoheFujxIWz1HqzU9enHC8+z5Rm+KY2AAAgAElEQVRwrlAoFArFfOXQwYMcOnRo1hG3NVSVgdtuvx1bneLhdGw2G1u3beW5Xc9SmoOb1DRNdj//PL/5mc/Qs2jRvBAjZ0uxUKRUKr95wxnoWbiQLZs3y+s1xRRut5s77vwlnntuF/nc7JNhyuUyx48fn9M2exb2sGXzlrrFeMX8Qnw/03WdRYsW0dPTI9+7FpMCEok4zzz9JKPDI3Wvb765/RUKhUKhmCvqak2hUCgU8wavyykF4LI5VQNYOCmt8cUul4t8Pk9jYyPj4+OkUikKhYIUBovFIrnqTZRUKkU8HmdwcJC1a9cSi8VIJpMsWLCAwcFB1qxZw8svv8ylS5dIJpNyOeGaLZVKxONxnE6nrAubTqeJxWJks1kpAEejUYLBIH6/n+bmZgB5o8vtdkvRUzhCxfvWerHWmrJi+9YoZRGV7HA4pHgsBF/TNHG5XFIsBWRUcldXFxcvXiQSiZDL5RgZGZG1cX0+Hy6Xix//+MfceeedstZrPp9neHiY3bt3Mzw8THNzM93d3YyNjZHJZOju7pbivN1ur6lTLPomBGBN06Q4LQRgIQYLh7Q4bjabjVgshtvtJpVK1bhmy+WyjKG21ngWEdEiLlvUgBX9GB8fl3WGHQ4Ho6Oj5PN5vF4v4+PjTExMSAf2yy+/zPr16/F4PITDYUKhEGfOnJEO5kQiwaOPPsqaNWvo6emR4roQowEymQwej0dOVnA4HLhcrsrND8v9D5/buCafHYVCoVAorkfEdc1/PPaYTCWpZ9kKGsuWL2XlqlWWN+Vbs1uXaK5pbN68hUBDA5MTE/Xpt2blMRgO8+KLL7JgQTc2u02ud14jcrznGBHr8/lwGq4rtrFe74nr3ut9XIWL3FrneJYLVqi6q2++eT0rV67k8OFDaLz5vov3REmc2W5XfJe46eabWbxk8RtKk7xdmKaJiTnvHfRvTP6p8zypYxvTj+Xl/m3dtrXN5fp6dX2b2s7sl7n+P/cKhUKhULydKAFYoVAoFPMGqxvSNJEuWUBGCgsh0W63S9HTMAwKhQKRSIRIJEJzc7N0nTY1NbF//34OHDgg4567u7vZvn07P/vZz/jYxz7GI488wujoqIwAbmhoYHJyUjpShegYj8ex2Wxy+0JINk1TOm1DoRDBYBBd1xkfH5fuU+G0FY5WXddlfV2AdDotYw2dTmdNHHQul8Plcr2hzq8QWkUdY/GeEFydTif5fB63201rayvBYJCDBw/S1NQEwPLlyykUCgSDQelo7e/vl47bQqHA2bNnaW9vp62tTbqRz507Rz6fZ+nSpfJ4FQoFHA6HjO4GpIgtnLJin4UAnM1ma5bLZrMkEglcLpes5ytEYUDGUcfjcXw+Hw6HoxJ7V3WGi1rEwgnu8/nkjWcxiSCbzeL3+2X95WQyiaZpxONxTNMkHo9jt9s5fvw4wWCQ/v5+HA4H7e3trF69mkAgIM+V48ePs3DhQkZHR4lGozQ3N2MYBoFAQNahFrHPoh+Vc3rqhorPrRzACoVCoZifCAFhfHyc/fv3z1lQ0HSNe+/9CD6/r17dd4aVQU/PQjZsvIXnn/sFZnmWjlYhZFRfP/XEk3z4w/cSbAzOtSfvIiqjfTX1QdPpNMViYdbta0Qp7foV2JOJlBRh54IJoJl0dHVy16/8MqdP98rJjbNhLuPi8/nYvn07bpd7zuu4GorFIpFopb7re0Hs0zSNUvW7iJjMfK32u57fqZfb5rUe/xrRGShWv8vPlvl+PigUCoVCUS9KAFYoFArFvMHqhiyZJlqpInKK+GQhpJmmSSaTIZFIkMvlSCaT2Gw2Fi5cSLFY5OjRo+i6ztDQEMPDw/T29uJ0OjFNk4mJCXK5nBQmH3roIfr7+ykWi6TTaRwOB4lEoqbWrPjCbnW3CjE3FotJR67H4yGXy0knqmEYDAwMEAwGcbvdTE5O4na7KRaLlEolksmkdI36fD4pkFojoQFZu9c6Dvl8XjqShbBYLpdr6iLncjnpuHW73axZs4Ziscjw8DClUon29nZuuOEGvF4vbrebSCRCsVhkcHBQrqu1tRWfz4emaUSjUaLRKIFAgObmZjwej+yPte6vcCBbXQliX0R8M1Tcuel0Wt4MEcdERFV3dXXJcbDWfBY3BoTzOJ1Oy+Mhtufz+TAMA5vNJoVw4VAWceLCretyuejs7KSxsZHJyUlCoRDRaJRIJEIgEJDH8oknnmDJkiXY7XbWrVtHY2Mj+/btIxQKEQqF5FiEw2EaGxuJRCI0Njai67qsSQxgc0xdvvk8ygGsUCgUivnN0SNHCIfDc3IbappGYzDIbXfcXrm+uUptwKRSj/bjH/84r+x5iXQ6XecaNDDh7NmzXLhwnvWNG66uQ+8CzBrZfW4HoK+/jyNHjtDdvRC73TG1upm2V73On5ycZHJigoMHD/Lqq69el5Gwhw4dZGxsjM7OzrkLV5qG03By55138sTjj3Pq1Klr28lp9PT0sG7d2rd0GzMhBMhUKsWe/9rDh+75MK2trfNeBDYxGR4e4ty5cyxbtgy4BiLnDL9GRfqV0+mU0d7id6510rDgrRpz6+/5M2fPMFqt/6tQKBQKhWJuKAFYoVAoFPMGr3sqGjmVyuJ1VeJ7hahYKBRqbhIIZ6fNZiMSicgauC+++CJdXV00NTUxPj7OunXrmJiYIJFI0NLSQiQSYXBwUMYLt7e3MzAwQHNzs6x/K9yuQtQT0cTCXQsVV/LExATpdBqfzwdQ40QtlUp4PB4pCFudvcL5KuKbs9msjAkWTt9isYjT6ZR9sYq8gIx/FsKwqKWbz+dlP4QT2jAMOjs78Xg8RKNRGS/t8Xik89gqOIsavh6Ph7a2Nux2O16vl1AoRENDA8FgEJ/PVyNsiv5ZtwsVYVeMpeh7oVCgUCjI2saidm6pVMLv97NgwQK6urrI5XLs3btXCr9CLNY0Ta5XCPKiFrEY10KhgN/vl4KvcDaLCEqrM9c0TXp7e6UrOJVKSQdxU1MTQ0NDcrLBli1bSCQShEIhBgcHpbjc0dFBLpcjEonQ1NREIBCQdZ/F8S4UCpSyUzcwlQNYoVAoFPMNqU1oYJZK/Ozx/5C1Td9MdJBSo1lNxzVh2fIVdHXdANrVB8ZWltfZuGkLXTcs4HTvqVn1q3YFJslEjP379rJ23VrsDmft2/MM4Xq22Wyg65jUv5/ZTJZ//Pa3yWez/MqvvJ9gMIhJZWJgKpViZGSE/v5+zp45w/Hjx+nru8TkRITJyUmy1es32ZdriJxAaFZk7npFsddfe42//OpX+PznP89NN90kJ/lpaGKuQPVfM63XrHlavGQpGzZu4tSp3qnE7Wu1w9Vt2Gx21t+ykebm1qtanaZpaNVr8mmbeNMul02TV155ma/95f/kM5/5DN3dC9BnURtaQ8dwufH6PJXtv82fNlHGxcQEs76476HBIf7yf36Vr33tL1m0aHH12M5m+anYdbNc+S48MTHO0OAQw0PDDA8PMVR9npiYAE3j9//wD9m4cZNcQyGf5//89rd5/bUDNDU30dV1Ax2dnXR2ddLV2UVHZweNwSCV2TXXaExNk/379/MXf/HnJOLxOS0/nycFKBQKhUJRD0oAVigUCsW8weoALqNJkdBaW9bhcEh3pnC5Hj16lJ6eHo4cOcLAwICM4M3lcixfvpxsNks0GuXGG2/k3Llzsp6vx+NhYGCAS5cuSYevpmnSJSqcqkIELpVKUtwU7SKRSE18sxD8GhsbCQQCTE5OUigUapy7Qqi01soVccl2u13O2hYOCMMwapy1Ik5ZRFMLcdy6ruluXEDGEzscDtl/cePL7Xbj9/uJRCL09/fjdrvRNI2mpiZcLhfZbBbDMEilUjKiWeyDrus4HA7ZVyHsipq71tnnQrSdPq65XE4KqU6nE4fDQTqd5uTJk/T29kpXs8PhkNHYQli17ovYjljXxMSErBkNFdFciNY+n086TERsdLFYJBAIYLfbGRkZwe/34/V6SSQShMNhFi9eTCQS4ejRo/h8PrZu3UqpVGLBggU0NjaSy+XYv38/S5cuJRqNUiqV6OrqksenXC6TL2kznvMKhUKhUMwrTLhw4TwvvfRSXS4/oXuZVZFk0+YteL2eWmmiTm1ANBcGZJ/Px/oN6zlzund2ruRp2yuVSjzzzNN89OMfo6W1rb7OvNuoDo/Tachr1Llw6dIl/vzP/ow//7M/A6BcrX9bOS2q/zCnhrq2VumcNzsjUlDWdVwuo26tVU4GzeXY/Ytf8MLzz1elOrM6XhVB+aMf+xjf+OZf43BMm/Cn1TwBlWvZnTtv47H/eIx0In5td7oqRjc1N7N5yxYMt+uqtD6bTZdJSbNdjxgzDSgVCjz11JM89eQT1Z9feSUaYLc7+LVPfpI/+/M/r1zXv436oKZpuN1u7HY7uTpCDGSt5lKJva+8wkc/+lHWrFmDz+tn+g5Yfw+J7zm5XJZ0OkkimSQRjxOLxyuTbWEqlt7iuPX5faSSyZr1lk2Tvr4+9u/bN/UzTX7iAPB6vXS0d1T7dXWYpkksHqe/v59yuVTp6xxqv4uSQgqFQqFQvNdRArBCoVAo5g1eixuyUCzhtmtSME2lUui6TjQaZXx8nN7eXumsPXHiBDabjbGxMTKZDA0NDbjdbkKhEGfPnmViYoKWlhbK5bJ0bY6Pj+NyuWS0sGEYaJpGe3t7ZQY1FSdsvDprORqNEgwGpRAtasjm83nOnj2Ly+WSrlOn08n58+elUCwEUiEeC9FSOFCtDl/xMyGSWuseC3ewcAWLGC+rC1b0S4jjUHtDQURhi76I+ru5XA6bzYbf72fhwoXyJod1PYZhSKFXuGzFDQqxTiHwCoeu2I54aJpGJpOpHOOquD89Rto0TRKJBIODgxw7dkyOO0yJxqKWsrihLKK3hcgsBN9isShfC6ex1WktjkM2m6VUKuH1euV2XC4XNpuN1tZWxsbGcLvdmKZJMBgkHo8zMDDA8ePH8Xq9BINBbrjhBk6fPo3f75e1hIeHhymXy/j9fnm+mfqU091a91qhUCgUivmAuNVfNk1+9rOfkYjNwQFWXYnT6eCOO+6YlUOwHnRdZ8vWLTz6yCOyJES9nDx5kkOHDvG+9919zft3PeL3+zEM1zVbny4uT035v7cdm02noSFYmWg4x1q+Uqg2TUtItjanPVqzdi0bN23ixReev+ZDomsaK1etZN2NN161u9JpGAQbg+iajmnWV+NV9qdSALnm+E/v15T/tYL2RuX8bUHXdUJNIVxuN6lEYm4rMU1S8QT7Xn0Vc7YO4uoECet3OX2GZrON1xftxGdP9CCTTHH+7FmmZGHtquYfVPqiVT4Fc1xRIBCYewcUCoVCoZhHKAFYoVAoFPMGaxxuOlsg6HFRLBZJJpNEIhHy+TyxWIx0Os3NN9+M3W6nt7eXX/qlX+KBBx7AZrOxZcsW2tvbCYVCHDx4kOHhYQqFAu3t7axevRqbzcb58+cZGhoimUySy+Xwer0YhiHFxVQqJSN7rSQSCRlFLOKKM5kM4XCYpUuXyhrA3d3dBAIBhoeHOX36NPHqbG23202yOitbrFs4Q0W0sXDYCheyEICFs1gIw8IRC1OzxL1er6z9JNZXLBblayGaAuRyOTm2whHb0tKCz+ejXC4Ti8Uol8s4nU5Zp1eItFa3rXA3ezwe6Tq29k24dMU2hNAs4ruFCJ3P58lkMjX1lfP5PG1tbUSjUdl/MWZCWBeCudfrlaKtiHUWonE2m5VOZGsEtRDRRXvxKJfLBINBDMMgk8nQ39/P2NgYTU1NTExMcOTIEaByI/TYsWOsWrWKsbExRkZGGBgYYN26dZRKJcbGxjh79qysTS32NVWYusGoIqAVCoVCMd8Q1wDRaJQXXnjhKuI8NW686WaWLV9+zfomXYgabLjlFkItzYwMDk1XmWbRM41ivsDTTzzJtm3b8fmu3jl3vRMKhQgGgwyF++uKS56x3ZW0qrdB3NO0ivBot9lpb2/D7XLNoR70dJeyZtmvqfDnemhpbeGuu+/itf17SaVSdfdnJspVV7LH7WbT5s00Nzdf9ToNw6CzoxPdbqNUqF8Avuw5Me28kIK6Vhuk/U7EPzcGG2lra2NidG41bacmCtR5ipuX2d96UxCkA/vNFpzq51yxHqlZMS0/3NSgrbNj7h1QKBQKhWIeMdPkL4VCoVAo3pW0N03dPIskc5w5c4axsTFZU7ezs5PJyUnGx8eZmJigWCySSqVwOp0sWbKErVu3snXrVjRN48KFCzJ6t7Ozk7Vr13Ls2DF+8IMfyLqudrsdn8+H0+kkmUwyMTHB8PAwgHSqWp2sQtwUgmuxWOTixYs0NzfzwgsvMD4+zqlTpzh48CCHDx9mZGQEmIpeFi5VIaTquk6xWCSfz8toZyGACldqNpuVtYqF41UIp0JUFKJwLpeT0dDCtWt1FQt3bDweJ5lMSsG1tbWVDRs2cNNNN9HV1cWyZcvYuHEjO3bskOvPZrPEYjHGx8elcJ5IJNA0Tb5fKBSksCyczsJZK/ohYqqFECxq8+bzeZxOJ8FgUDp2oSKyjo2NYbPZaGxsBCCTyZDL5WRdYV3X5c+Ei0dsR9Q1FtsGZP+cTieBQACv14vT6SQUCuH1etE0TdaMzmazDA8Py20AXLx4EcMwiMfj+P1++vr6OHXqFMlkkhUrVshzqbOzs1IPzmaTcdN2u52JeGbGc16hUCgUivmAVr2Zf7q3l0sXLta/fPXZZrfxiU9+4qrjamfCNKGjvYOdO3e+oZbpbNFMOPj66wz091/bzl1naJqGpmkEg0EWLeq5NtHE2hUebyO6rrNkyRKaroEoasWc9jxbbHYbt99+B4uWLL6m/UGD1tZWtm3bLmvZXg26rrNy1Spc19ARfr2cE5cjGAyycuVKObG2bmYQuN+Ut2JMrrTOt+JRd/800DS2bd8+t/1TKBQKhWKeoQRghUKhUMwbltwwdfPldP8Er7/+Ona7nVKphNvtlq7ZTZs20dDQQDgcJp/Pc+zYMdauXcvv/M7v0NfXR3d3txT4YrEYhmFIcbCtrY22tjZsNhurV69myZIlLFiwgI6ODumAbWhokPWGhXPU4/EA1EQcl8tlWeO3sbGR3bt3MzIywpkzZxgaGmJ8fJxcLofb7aazs1PW5xWxxSIa2ul0SiFVuGPz+byMRBax02LmtuiDEIXFsiJSuVAoAEihWPxMiLbJZBKbzUYymSQcDnPixAkOHDjA0aNHOXbsGJcuXeL48eM89thj9PX1MT4+zuTkJIZhSJdrJBIhlUoRi8Vk9LQQXFOplBSby+Wy7Fcul6vpm7W2c7lcplwu09TUJOsUl8tlAoEAAwMDmKZJNBqtEdBFVLbYd6trWtf1mnrN4njZ7XYZZZ1IJKQYXiwWCQaD8hg4HA68Xq88FvF4nPHxcbmtCxcuMDk5yejoKB/4wAfIZDIcOXKE3bt3o+s6y5cvJxqNStF/YGCA0dFRRkZG6L00PuM5r1AoFArFfKCS6GryzDPPkEwkQdMwZ6kEaNVlTdOkta2NTZs2X3Vc7Yzb0Soi1j333IPX55vDGio2vtGxMQ6+flCWw5iPmKYJ1bSVjRs34vNWx8ucerI+rt2GxcOc6sdbwJIlS1m5chW6bruqnTCp1FaV4q82hxhoE9o72tiydSugybG/GrRq1PKadWvp7l4w1dmrwDRNli1byvIVy6b6aJrX+ASwblD+7x3Rg03A7fGwefNmdJsdGV19NefKLB/vBUT9bOvvmu1KAFYoFAqFAlACsEKhUCjmEcsWTIlhe08M0N3dTUtLi3SLDg0NceHCBRnNWygUCAaDrF27llAoxPHjxwEYHx9n5cqVxGIxfv3Xfx2PxyPr1opI4/b2dnw+Hx6Ph4aGBkKhEE6nk4aGBmw2m3x4vV4CgYB034obfJqm4XQ6sdvt/Od//iddXV1s2LCBxsZGdF2noaEBl8tFf3+/dJla6/ta45yt9XGtccRC6BSPVColRVThfjVNk3Q6LZ3KyWRS/lxsQ9d1crmcHDPTNAmHw4TDYUZHR4lGo4yOjnL69GkuXLjA6dOnOX78OJFIhEwmQyKRwOFwMDo6it1uJ5fLMTw8TDgcZmRkhGQyKbcHFdexEJxzuZx0MUPFfSsimfP5vHQ/Q0UUHhkZIRaLkUgkSKVS7Nmzh1gsRqFQkKKymHlvmiYOhwO73S5jr8UkgVKpRD6flyKwruvV2nVGzfiIuG9N0xgaGiKbzUqnbrlclrHamqbhcDgIBALY7XYmJydJpVK0tbVht9tpbm6mp6eH2267jZaWFhl97XQ6yefzdHV1YRgGpmlyoHdoxnNeoVAoFIr5gKnD2NgYu55+qlK/cg6OQxNYvXotTU1NVVH4WncSMDVWrljNwoWL6l++Ku7l8jmeefZpksnkrOtwvtvQqo48Xde58873sXjJUjTtjbeirrkAbFnvW0L1nGxoaOCuu+7G77+6mqMalRt0MmhXRvfO/uQXy2zfvpNQKHRV/bHi9bjZsvVWfP5ANUr56mXUltZWPvThezBcrkokeL3RxvUgV2y+M9Wiq4dxy+atLF22fG59sLhiNa1yrszm8Z5AMysTJqq/P9esXs3ateve4U4pFAqFQnF98J65HlAoFArF/GfpDU3y9aGzoyxYsIBcLkc6nZZuzK1btzI+Pi7ru168eFEKmKVSiVWrVtHU1EQ8HqepqQm/38+yZcukM/T8+fOyTu6aNWsIBAKsXr2aiYkJ8vk86XSayclJfD4fuq7T1taGy+WSYq/H45FCnoghPnPmDAcOHKBQKNDV1UVLS4sUZTs6OiiVSsTjcSl8CsFR3Ci02+1S8BW1a4UoqmmadP9aawULMVTU+BURx9b6vGKduVyOVColnbyRSITh4WEZEw2QTCaJxWJks1mi0ahcr8PhwO/3S0eux+PB6XRWatmmUoyMjDA4OChdvCL2Wbh/y+VyjXNZ7IsQvAHp2LXb7Rw5coSDBw9y8OBB9uzZw8GDB6VgCxXRd3ocdzqdloKt3++vqZNst9txuVzouk48HgcqsdJOp1OK8qItTMVo5/N56f42TRPDMLDZbFIUFzWLC4UCL7zwAidOnCCZTMpY8eHhYUKhkHQwnzp1StaQfunowIznvEKhUCgU8wHNhGeffZbRaq3MKVHszbEKqNu3b8flcctrpmtJVf8lEAiwfv36Sgx0HVqd6Kdmwuuvv07vqZM11zzzEg26buji1z7xCQINATlWb1lar2WFus2G0+m8lmuvbkND0zV27NzJxs2b0PSrj0e+GsyqsXTlqlVs3b5t7nHD01jQ3c0tt2yolEO5RgfKMAzuvuuX2byl4tKv9H3+TYCw0t7ezhe/+EUaG4PXVTz1ux4TtOoE62BjkC/9/h9e9YQMhUKhUCjmC0oAVigUCsW8ob3Jj9NRqdM6MJakoSEoXZThcJj+/n50Xcfn8xEKhWhoaGD9+vXceuutbN68mZUrV5JKpQgEAkxMTBAMBnn44Yd5+umnyefzmKZJd3c3CxYsIBwOMzk5SSKR4KWXXpLO03A4jMPhkOLq0NAQ8Xhc/lu4eK0xzoVCgSeeeIL9+/cTj8fl8qZp4vf7GR8f5/z580QiESkwwtTNw2KxiNfrlcJlsViU8c/CSSvinK2Pcrks2wtx2XrjVLhPRVR1JBJhcnKSkZERKUTn83my2SzxeJxoNEqhUMDtduPxeGhubsbv9+P1emWtZSFQO51ObDYbhUKB4eFhxsfHZf1hq0grIpOFGCyimQG5vNWRe+bMGfbs2cMLL7zAwMCAvJEq1i1EZkAKyVC5CSVqOYv1CzG8WCwSj8dlTd94PE4sFpP7YpomTqeTbDYrncRut1sK2cFgkNbWVnw+H16vl7Vr17Jq1Sp8Ph+xWEy6sHt7e3nllVew2WykUim8Xi833HADq1atoqOjg9WrV+PxeBmPpQHwup00B71v3QdKoVAoFIp3gFQqxdNPPjUnN6z4u+9vCLB9x463XFDV7Ta2bduG0+Wqq79SlNY00qk0Tz/1FPlq2Yf5jAl84AMf4M733SUnIEoxnGujh4n1lU2TEiZtHR18+Stf5QP33POWyYstLS3cd999LFqypBrj/M4dR03TCIVC3HXX+wg2BrnaUbXZ7ay78UZ6ehZL5/q1oq29nd+677dpammeir6ex58Bu8PBzttv49P/+/8GNp1yNa1JMXesE2ccTie/9/t/yMZNm97hXikUCoVCcf2gBGCFQqFQzCtW9bTK19FECsMwAOjq6iIajTI4OMiZM2fQNI1AIMANN9xA7v9n783D47jPO89v3VV9ohsAARAgCN6URFKiKFqSddCKJdKxHTuyZWvX8uSw40l2d2Y3k5lNMtndeXI5k8yxu35msok9k0m8E0985fE6PiRLsmidlkhToiiKN0GABIi70WddXV21f3S/P1SDpAhKpMTj/TxPG2B3dVX9ftWwqutT3/f1PMzPz+NnP/uZkKFDQ0P42c9+hq1bt8I0TezevRvDw8NYs2aNKKW8f/9+zM7OIggCZLPZhQtYrXK/JBypLywAUbJYlmWRDpVlGa7r4sUXX8SLL76IsbExTE5OolaroVgsYmRkBAcPHsSxY8dQqVSgKEpbb1ySn9T/V1z4ai1DEjOehKXevlTmmb48U2nler0O27ZRr9cxPT2NM2fOoFKpoFQqCREdhqEoe51MJkWyQpZlzM7OYmRkBLVaDeVyGZZliT66tM/JZBKGYSAIAszMzKBSqbT1+KX+xYsTv7QO3/fFvAJNkU2parqYQilkSuHS+Gk5kr3lchmO46DRaEDTNGiaJhLRURTBNE2kUqm21DFBApfEdjqdhm3bosR0vHQ27T+V9a5UKjhy5IhITj/33HN49tlnkc/nMT4+jrm5OSHVbdsGlIX0ysaVC591hmEYhrleGB0ZaZ6rAZdcFziKIoQScO+992HFigEhrC63UoqL5dPL/OgAACAASURBVK23346BFQOQ5Eso4dzaqab0jPDyy69gemr6Mu/l1QXNTKYji//5N/8X7HjgA1A17fJJ+igCwma36AhA/4oBPPbYY/ibr34V//1jj2HL5i1N6Xx5ttbcJKleWcK27dvxm7/1zzA4OIgI0kLb2XfRZ0qtz7sky7jjju1YvXrNO5bRqVQK77/nHuiGJtb1TodEN0BIkoQ777wLv//7f4TBlSvF69ebBJZApdAB0zTxy7/yK3j00UdhJRMLpd+vryG/K9AN1VEUIZFI4nOf+zwe+dSnWhUZOF7NMAzDMACgXnwRhmEYhrl2WDvQhdePN3ukykYKprlQnre7uxu9vb3o7e0V/WJvuukm2LaNsbFmWd1EIoEDBw5gamoKjuMgkUhgcHAQjuPANE1UKhUhJGdnZ0XpZNu2oSgKJEnC/Py8KB2saRoqlYpIiFJJZhKIJIAVRYHrunj11Vdx4MAB5HI5rF+/HpZl4eTJkxgZGUEYhqhWq/B9H0AztUpfeukiSlyYWpaFRqMB13VFmWgqzawoChqNRpvIpJLFtAzQFNanT59GvV6H4zgol8tQVRW1Wk30ss1ms9B1XSxHIlpRFExOTiIIApimiSAIkEqlxL7Fk86NRgOVSkWUi6aexADayllTD2NKBzuOI5LA1EOY0r40N/GeyfELTiTF4yWmaXuKoghpTFKYeipTKplep33JZDIIw1Ckg33fFzLYMAzIsoxKpYJCoQDLslCtVtHX14dTp05BVVUoioLe3l48/vjj0DQNhUIB27ZtQ19fH0zTbH5G6vHPOpd/ZhiGYa4/nn/+eczPF0AdUC/Vi5imiYcffhiK+u5c7sjlc3jowYdw6tQwGn794m+IEwGQgPHxcRw8eLApkmM3t12fROjv78cf/OEf4v/89/8eP/je95vnYHSg34m3kYD+gQE89tnP4sGdD6F/YACqqgOQ0T+wAolkCtVK+TKM4TybliR88IMPIpPJ4M/+9Z/iyKFD76HIjNDZ2YmNGzfgZ3v3vqM1DQ4OYvOmTbj89Yqbf92qpuHBhx5CR0cWf/LFP8LhQ4evOwG8mFwuj9/7vd/D+vXr8e/+zb+FXatB/J/Be8i1Ouu5fB6///t/gId27oKqa61nWQAzDMMwDMACmGEYhrnOWLeiS/x+ZqoEY5mOnp4eFAoFvPrqq3jggQdw4MABdHd3Q1EU7N69G9lsVsjFiYkJqKqKXC6Hrq4uHD58GKlUCrquw3EcRFGEQqEAVVVRLpeFfPV9H5lMBqZpIgxDBEGAWq0mJCQlZhVFQSKRQBAE0DRNSFcSkZTanZqawszMjHgOaMriUqkk0sNxoUniF2iWRlYUBZ7niYQs9S0meUwJV5K1i8vwaZqGarWKsbExjI+Po1aroVarCbE5MTEBx3GgqirS6TRSqZQoo0x9iWk/HccRKWJZltHZ2Yl8Pi8StSR1dV0Xz5HkjSeaG42GWH/8PSRs4xKY5oKOT7wvMq2LpCuAtnLOlC6mXsWGYcD3fdF/mKS9JElIpVLieIdhKLZjmiZ834fneWK5XC6Hw4cPo1gsolAowPM8nDx5Erquw7Is+L6PVCqFVatWoaOjAxs2bECpVML+/fuxbdu25ufTWbg0E/+sMwzDMMz1wg/+4bvN/KTc/G/5JV3GlyQM9A/ilk2bL3vaM07U2hbQLKu2c+cufPtb38bc7AyWpFGkuO+U4Lk2nn/uJ9jxgfuRTKWa65VlSJIKWW4gipZWJlaS5NYa5Uu2OXHpJkkSZEmGhJaMlpZaplaCLKuQICGK+SyRgGz9K4oi9PQuxx9/8U+xfftd+MbXv46jR47AdZ1mkvcS0HUdfX19uOmmm/BzD+7EAx/8OXRks+L4NMcVorenB535TtiV2pLH1DzPBoDovEnlxc+pqoa7774H//HP/wJf/Zu/wdNPPYWJiXGEsXNQel+8ctCFhKeM6PzzccEpopsmIsiyihUDK/F2RVgURVAVFXdsfx+6l/VCaq378rEwfkVV8L677sRf/fXf4Gtf+xqeePxxnBk9Dd91Eb2TjVJCFFIzvSy3Zic6z/GMQsiIoMjNBDVwaWXJJUk5Z+kLvVeSZFiJFD7z2D/CHdvvxFe+/GXs3bsHs1NT4vtd/PNx4eEt7W+FvmPR9zNFUaEbOnTdgGVZsCwL6WwWgytXYtXqNbENAKqs4KGHdiKZTGF2dha2XYPr2HBdF77vIwjqqNcDRLFWO5VKpa20dfxm5cX/P7MUzhlnBCiqgr7ly3HP/ffhC1/4AgYHhxat71rV2QzDMAxzeZGi6/3WOoZhGOaG4r98by++8CffBgD85ifvwK4tWViWhX379iEMQ2zcuFEkQk3TxLFjx0Sa13EcrFixArfddhu+//3v4+TJk9i4cSPefPNN9Pf3Y3x8HOVyGUEQiHLIJG4dx0FXVxdqteZFJdd1RWKUhCJJTU3ThEwEFnr2EvFSwSRm6flsNot7771X9Jo1jOYXdyp17Ps+NE0TvXJp+6ZpQtd1mKYJACKBS1I6LpAprTw9PY2DBw9icnISjuOgVqvBNE0kk0lomoZUKtXWP9gwDFH2ulariQSybdtwHEeMKZPJIJ1Oo1gsolqtCrG7bds23HzzzbAsC2EYitLJNI542WrHcUTpbJLIIyMjeOGFF9rKQsuyLGSvqqpivFQm2rIsIY2p1DK9n+YXgLgY47ouDMOAoijQNA2ZTAae5yEIAliWhWQyifn5eWiaJkRwX18fXNeFbdswTRMzMzNCIs/MzCCRSIi+yZVKBZ///OfR29sL0zTRaDTw7LPP4tZbb8XAwAB+fLiG//Cd1wAAf/1/fBq/9OFtl/tPiGEYhmGuGPFzHDpPov/G06M4PwdEb69wbRQBumGis7NT9NglLqe8atu3KELYCDE7M4NGIwCkpe15vOepLMtQVRWdnV3NKiRhhOJ8Ea7rAlGIaInrbNoyCclkEpmO7CWVV45acy6heU40P1do3TwXLW1MrUUkSUGuMw/DMNsE8Pm21/oFtWoNoyMj+OHjP8CPn/kxTg2fQtAIzkmA0y0BlmVi06ZNuH/HDtx/330YWLECyWQSqqoviHVqHRI1y0IHQYBiYb5V8WWJYwKQTKaQzmQX+jZfaPiLxFYjCDBfmMe+fXvx/R98Hy//9GUU5gsi6Ck1FxQtQ7q7utDfP4AVgyuwamgI69avx80334zl/QMtsb8EWuuOADSCAF/967/Gn/7rP3lbn/0wDNG3fDn+8I+/iA888EDb2K4EURQBkoSw0UCtWsXIqRE8s/sZ/GzvHpw4cQLF4jyCoCHKUJOOjtA8vrpuIJPJoLe3B6tWr8aKFSuQTCSRTKbR2dmJ/v5+rFg52LzxV5bPmZMoCuG6Dubn59uP5RL3X1VV5Du7xfeIpcwTbScIApTLJZw8fhzPPfccDh0+hPGxMditm4/fYgXNQ9662dUwDGSzWeTzefQvX47BlSuxZvVqDA0NwWy142k+ZMiyAkVVocgKVE1tqwpF+x9FUdufCd30GoR18b2s0WggirUZChsNOK6LkVOnMDI6irPj45iYnERxvohicR6246Du11EP6kueJ1ounUphxeAgNm3ahB07dmBwcBDpTAay0pTvi29RoEpR9KDvx5IkiWpXV7pPPMMwDMNcDsrlZgWb/fv3L/k9t912GwBOADMMwzDXGVvX94vff/jKSfzinfegVCohnU6jt7cXruuiWq2iXq8jlUohmUzi+PHjotft9PQ0DMPA1NQUqtUqjh07ho6ODhQKBUxPTwsBSQlUKhVsWRaKxaJIr8Z769IXTU3ToKqq6MtL66Iv3LQsXRSlL6ZxHMeB53lCQlISGEDbNugObEVRhMSk0tO6rgvhHP/SK8syfN8XwrqzsxPVahVhGELTNGzfvh2Dg4Po7e0VcwpALG9Zlki8uq4L0zSbd/W3ZCmJ4mXLlmFsbAy2baNYLMKyLNTrdSxfvlxcWAAWpCtJdup9THPmOE7b+Kenp8X+0PzGk9U0Nho7rS+eLKZ5o3mk8t40Bwt9phLIZDKwbRue5wmZ7jgOstksisUiFEWBruuYnp6Goijo6urC1NQUdF1Hd3c3qtUqdF0XY2k0Grj33nvhOA6KxSJWrVqFsbEx3HnnnQCAqakpfO+lyYXP+oaFzzrDMAzDXC/0LR94R+9fSnLuckEST1Zk9PT2YMHsXRqL91mSJOTy+YX0p7TE9Ua45AStQFqQapquo6ev99LXsSj2u5Q9kSQJqXQKt2zahFs2b8I//19/G67rolAoiPMjWo4qz+Tz+TbRJm6WxLnHvZkAjaCoKrqWdV/y52KpmYm2/YgiyIqCrmXd2PXzH8aun/8wGo0GSqUSyuVy2zk6fR9ZPJ54avLS9qWpzV3XxpuHDrYE6aWPWVEUbLxpI7Zs2SL264rSOk6yoiCdzWLzrVuwacvmtqo+YUw0Lv4OE//bOV/KlG5wuNBUSJIMy0rCspLnTwhfhHeSrdE0DZ2dXcjnO/G+u+5uW+el3HQQf8/59udCy7zV8vFbcSRFhqbo0CXjvPsQZ8XgEO67wHYvlbea22ZCnCUuwzAMw1wIFsAMwzDMdcWt6/qQShio2h6Ojc0jnelAOt2885vEH0nU0dFRDA0N4eDBg9i1axcmJyeRyWRw6NAhZLNZTExMYH5+HlNTU6hUKkLKLi4HTGlUx3HEBalqtQpJkoQElSRJPAcspH4poQqgTf4C57+AQWLZdV0kEgmxrvhFDxon3eXseR4SiQRUVRUSVJZl8T7qpZtIJMTFFUqffvazn8XIyAh830c2m8Xc3BwSiQQURUEmk0EURUilUnAcB7Zto7u7G11dXZiYmEAymRRls6lvMMnRgYEBnDhxAqlUCpZlYW5uDsPDw1i+fLmQ6gDaZHi8X3C9XhelmSk9VCgU2i6U0d3diy+c0QU2GisJc8MwYNu2uDjRaDRQrVZF/16ar/hxiZeipvfZto0VK1YgCAIUCgX09/eLi5iJREIkn+lGg1wuh1tvvRXj4+OiDHlXVxdeffVVrF27Ft3d3XBdF93LejDyV8cBALmMhc1r3saFWYZhGIa5znnXxO9l3OY576foq7QgUy9hZZf+nrf3hgtvewlrFGNe1PtXliUkEglxnru0zb71vkstMf92Rngpx1aIrta/40NTFAX5fB75fH5J67lQyem3ToQCiCK4noNvfetbeO7ZZ5c+5vjOShI008Bdd78fnZ35c47rlSIuqhfPQTy1edH1LKFc96W+/914z8X+vZRtxr8HXex9i+d3qdu4lNff7rJLed973zWZYRiGYa5+WAAzDMMw1xWyLOH+21bhhy8dAQCMzZTRlWr2h200GvA8D2fPnsW6devgOA7+6q/+Cps2bcLBgwcxMTGB6elpzM3NiT61hUIB5XIZg4ODOHXqFHK5HEZGRgA0v4xS71YSi67rCklsGAbq9bro7UqJ33gylb7QkmCk5xcTT7ROTExg/fr1IilLfWopTUDlnEkwU8lj2jbJ4Pjr1LuWEsyUJp6cnESpVIJt2yiVSpAkCUePHkUURVi/fj16enqwYsUKTE5OIgxDJJNJ1Go1UT65o6MDlmWhVCohl8thdHQUhUIBtm0LsUzyfNmyZSJ9S5KXxk7JXLrwY5qmEMvUZ6pSqbQJXxLDJJDjQtw0TViWJVLE1ENY0zQAEGXUKM1NJa5JRMeFPh2ber2O+fl56LouSoHLsoy5uTkMDQ1BURSUy2XIsgxd12Hbtkj5rl69Gp2dnTh58iS2bdsG0zTheR56enrw9NNPY926dfCVlPg83Hfrqsv+t8MwDMMw1zrnlAs+t37wFd3mkjfzVmFBadHPS+EdjPGcisiXuK63/fYrHSx9Fz4D598wLmsbUs/zsHfvXszMzJz72W5R931MTk3ghRdfwP79+xHWA7y9gGSE/v5+3HnXne+aZHunn7+LEi1a5Tk1oN/ivdeTZXyn47yK5umKf2YYhmEY5jqABTDDMAxz3XH/1tVCAO8fLuDDd/Tj+eefx8qVK3HixAnIsozR0VE888wzmJqaQnd3N1KpFAYGBpBIJETid82aNRgYGIBt25iYmEAmkxGSjnrJUvnnIAhESWHf96EoipCbhmG0pXSptDAlfylxS32DAZxT+i3++8TEBIaGhkTPXZKPAIScVFUVpmnCcRyEYQhd1wEAyWRS9O2l0syUdqXxxPsWe56HRqOBQqHZB84wDFFG+sSJE6jX66jVauju7oZpmqjX6yL1nM1mRQnlUqmEer2OyclJFAoFnD17ViRsdV2HYRhtYpp6+5JM1zRNiOG4QKflqBQzsJAYUFX1HNlOcyHLMiqVChKJhBDjNMeUxI6npSnpXC6XIUnNnsNUupv2g3oN0/wpigLTNJHL5XD27Fn09PSIfeno6EAqlcL09DSy2SxeeOEF8RmoVCrYv38/stksDh8+DNu2sXfvXqDbb/uMMwzDMAzDMFcpl1H+IgLsag3/+ctfwUsvvfAW644V7G31Pl6qFRNFtCMJsqLinvffh6Gh1e9a+pdhGIZhGIa5/LAAZhiGYa477t+6kI78h5dOYEOuWS750KFDWLduHV599VUcOHAAIyMjSCQSePPNN1GpVFCr1ZBKpbB69WooioLZ2VkcP34cyWRS9MJ97bXXkE6nhVilpKfjOG0p2iAIoOu6EL2yLCOTyaBSqaBeryOZTELTNHieJyQnvZeePx9RFMG2bdRqNWiaBkVRIMuy6C1MZZxVVRWpVd/3haCmnyRHF6eSSRSTxDRNE5lMBr7vi+1GUYRyuQxN03D69GnMzs5iZmYGpmkCADKZDFRVhSzLmJ+fR6lUEsnr8fFxzM3NwbZtIWlzuRwURRFyGmimmmm/SMDSXFFqmUR7FEWYmpoC0F7SjFLVAERyl+YQaJbOpr7Imqa1pbapNDeV8aaxA02JTtKdSkjT+lavXo3Tp08jn8+jWCzCMAxYloWOjg6oqoqhoSHs2bMHhmEI6a6qKgqFQrPX2saNeP7558WxeeONNzA8PIybb74ZPz5aPO9nnGEYhmGYJueoqnfBXb2tTVyNTu0d7tPVOCQA78mOXblNRhft8Sy2faniluKUEbBycCV27drVKsP9Lk3gld7MxdZ/1X6ALzPvdJxX0zxdTfvCMAzDMFcpLIAZhmGY645tGwdg6Co8P8C+o5N4fcU8UskESqUSfvzjH+PQoUOYn5/HsmXLkE6nkUgkUCgUcPz4cdTrdRw9elTIyGKxKFKd6XQauq6LZG28F7Cu6/A8T4jEeJqWiPftjadXKeFLkpJEJRFPpwJN0UjpVQCi7LGqqrBtWwhrSgiToCQBTElYSizTawBEWWiS2K7rol6vC6FMy2YyGSFFdV0XSV5d1zE7O4t6vS4SwrIsixQwSdRUKgVZlqFpGkzTFCWdSYzSgxKz1WpV9DCm4xFP7s7Ozop5pHGFYSgkeTwJTHOdTqfFOGu1mpgDSm1TP2DP84Twjc+Z4zhIJpNC3quqiuPHj6OjowNdXV3I5XIwTRPlchk9PT2o1+sYGxtDJpPB2NgYdF1HOp0W8yVJEk6fPi3mX9M0VCoV6LqO1WvW4s/3jgMAkpaOrev7L/NfDcMwDMMwDHPD0vK/uq7hAw88gNu3bWt+94giTgEzDMMwDMNco7AAZhiGYa47VEXGfbeuwtN7jwMA0l39SCrNUsUHDx6EruvI5XJYt24dpqamMDk5ifvuuw+nT58G0Oyxlc1mMT8/L5KgAESql2QiJXspoUrPkfSMl24miUgykvrOxstAU2qVkqH0PLCQWiUKhQI6OzuFkCQ5G0WR6EPseZ4o2Uy9iEkUU09kksg0FhLGtH1d14UINk0TYRjC8zyRKk4kEpifn8fc3JyQua7rit7INB5Ky1JiWVEU0VM3DEOkUinRfxeAkOqNRkOUgKY5IDFMPZOpRDUJcppfeo3GYhhGWzqa5pxep5LUmqaJcs21Wk1Ieuo/XKvVEASBSDnTuGibhUIBlUoF2WwW+XwekiShWCxienoauVwOnueht7cXhUJBlOpOJBJIJpOYnZ3F7bffjnq9jtnZWdi23UyWq7H+v7etgizzhTiGYRiGYRjm8rJ6zRp8/OFfhKZrF1+YYRiGYRiGuaphAcwwDMNcl9x/+2ohgMthGkdffxq1Wg133303nnrqKZHo3LJlC5588kk888wz8H0flmVBURQoioJsNotqtSqEom3bIu0JoK0XbDw5SzKQyiuTJASakpGeo9Sr53lCHpJopGQr/U4/ab2lUqmtTy5JTRLCtE3q5UvpWZKqAEQyN5VKtY2JkrlUAprKFNO8xMtWu64rykPH+xcDaCuNTElcSZJgWZYoNZ1KpZDNZoUI9X2/bf/jYprmMF7aOQgCFAoFkSymedJ1XSR2aS6p77Hv+yL9a9u2kPi0757n4cyZM0JUU3Ja0zRR6juVSonezvQazR9RrVbRaDRgmiZmZ2ehqipuvfVWTExM4OjRo0gkEmIu1q5diyAIUC6XxXx3dXVhbm4OExMTOFOWFz7b3P+XYRiGYRiGuYxIkoRMJoPP/tIvYf3GDaKXMN9yyDAMwzAMc+0iX3wRhmEYhrn2+PDdG8Xv33vlNDRNg23bmJ+fx4YNGwAAr732Gn7yk5/Atm3MzMxg+fLlQnoWCgW4riv66JJErNfrQuwGQSBKNlNyliQspUbpdUqekhDUNE0kZROJhBCQlNCNJ4jjJaBJrlarVVQqFYRhKMpRA02B2Wg04HmeSM8CEAleSsSS8FUURaSBSXhGUSR6HGuaBlVVkU6n0d3djWXLliGfzyOdTotHJpNBIpEQQtM0TSGSJUkSZbY7OjqQyWSQyWSQzWbFujKZjBDCNE/0e1ycU/KX0tS2bcPzPBw8eLBt7GEYihQ2lXOm+SXJ3mg0UKvVxLYajUZbcjgu9Gke6Hkqo12r1UQ6mY4DHR8S8fV6XXxOwjDE7t27MTExIco7T09PQ1VVzM3NoV6vI5VKwbZtABBJdcMw8M3nTi58tt+/8NlmGIZhGIZhmEsjij2aqKqKjz/8MD78kY9AbVXHYRiGYRiGYa5tOAHMMAzDXJds3bAcK3o6cGaqiDdH5/Fnf/ApPPn4D3DgwAHIsozu7m50dnbi7NmzogRxvIdsrVaDpmkiSUpyVNM0eJ6HMAxFr1/TNNtEL0lW6utKJYKBZkI1k8kIETk3NwdVVdHR0YGZmRnoui5StiQeab3xMtBhGGJ2dhaZTAaapomSxCSdSXySMKWS0LR/AITsjfcGpqQujQ8ALMsS6zMMA6ZpIpvNYnZ2VkjaSqWCKIpQqVTEMrR+6g1MQjWZTCKZTMI0TaiqKqQvSXTaz/ixACBKSVMSNwxDTE5OYm5urk2OUwoYgOinTOOWJEkkdw3DgK7rQvTT/sVLSVNJa+qDTHNM5bSph3D8JgG6UYCS1bZtI5FIwLZthGEoUsckvWl/aZyO48DzPHieh2KxiDXrb8JzB5rHYs1AJzav6b1yfzgMwzAMwzDMDUAEYOH8efv27fjcr/0aUqk0AE7+MgzDMAzDXA+wAGYYhmGuWx7btRV/+v/uBgD86OVjmJ2Zwb333ovZ2Vlks1mMjo6iXq9j2bJlQnqWy2WEYQjLslCr1URJ4FwuJ0ovUxlnVVWhaZool0zJYEraUllg6oWr6zp834fv+3AcR4hIVVVFeWISviQugyBoE78kJymNWqvVkEqlhDRNJBJCNnueJ9K4AERpZ8/zAEDIZiqJTNJXVVUhNOM9jknqUunr3t5euK6LRqOBTCYD27aRTqfFvlPimUSrqqrQdV0koOMJ2/gYaf+DIIDneVAURZRepucpxTs8PNxWNptEsGEY4hiQ+KUexmEYwjRNkeKmeSVpH5fVtm2LvsW0XCKREJLX8zzoui4kPK0PgCjRTfvb29vb1qt5amoKt912G7q7u+F5HlavXg1VVVGpVESP54mJCejdGwGMAwA+s/O2d/6HwTAMwzAMw9y4REBT8UqQFRn33Hcffvd3fxd9fcvf4x1jGIZhGIZhLicsgBmGYZjrlk99cIsQwF9/8Sx+64NbMDw8jEcffRTDw8N46aWXRPKzXC7DcRzIsoxarSbSqZTwDYIAlUoFQRC0lVsmkZlMJkUqlUovkzyl0tDValUIvjAM4bqukM6maQKAKN0sy7IoS0zEewOTnCTJSBKV5DUlloMgEAK00WggnU6Lddm2DVVVkclkUCqVkEwmhawlEQygrQcujSeVSom0bjwJS72Bk8mkSDGTcKZy0pSApVLUlHgm2U3jjMvxRCIhBCvt38TEBKampsQcxfsXx3swU/o2XpabROzipHUqlRIlm2msjUajTT7HBX28N7Ku67AsC0EQiPLSsiyLdHk8KV4oFNDf34+RkRH09PTg7rvvxjPPPCOWs20be/bswaZNm/D3e2fEZ+CzP7/tyvyxMAzDMAxzzUDngov/vfj5q5Xz3dzIXFni3yEIWZHxcw9+EP/b//6vsLx/OSRIbVV1GIZhGIZhmGsbFsAMwzDMdctt65dj7UAnTozNYaZch5bIIplM4itf+QoeeeQR9Pf3Y3R0FJVKRSRFSTBS4pSEIdAUoYlEAvV6XfRpBSCkL5V1piRpPJVKCVGSuvHlZVlGvV4XKeS40IyXNY7/O15a2vd9GIYB27aF/NU0Db7vi23oui6kMSVhKelK2yZ5S+uNb49EKJVwpkRzPJFMwtN13bZ+urZtC8FK4wWaCVkqTU09cqm8Mu0DvSdeYrtSqaBYLGL//v3iGJBIprLT8QQ3rc+yLLGNMAxFAjsu6sMwFKKe5pCOC807yXnTNEWZahoDpbiTySQ0TYNhGOJ9R48eRW9vL2q1GnK5nNjXKIowMTGBoaEhhGGI3t5e7N+/H319fYCWxGy5ecPBzat6sHag88r8sTAMwzAMc02xWNJd7dIufg4bP8e8VqT19QDNs6KqWLNuLR59yw4meQAAIABJREFU9FH84sOfQCqVhhQr+szHg2EYhmEY5vqABTDDMAxzXfPpB2/Fn/zNMwCAQxN1FEZG8LGPfQyFQkHI2EQigXK5jEajIZ4jkUnyNgxDyLKMIAjE8yRE4z17SQ7qui4SqyQcadnFUpd68lJqmLYPnHuxLC4w4/tEorJarcL3fZFaTiQSYtkoipBKpeA4DhRFEVKXyhi7rgtd1+F5HrLZrJC6JJgBiLLW8fLXNF7f90UPYQBCpFJ6l2Q1jZsEK4lxGjNJ2fhzYRiKcdZqNRw+fFiUvY737aUey5VKBalUCtVqFQBgGIZINZOwj8tcOjYkyy3LEseU5srzPKiqKuQ+ANHHt7+/H/Pz86Jsted5MAyjTWgbhgHHcaDruph3x3GQzWZRq9WwY8cOOI6DUqmEHTt24PDhwxgLegHMA2gm2hmGYRiGYcIwxJtvvomzZycgSRK2bm22lLgWOHLkCEZHR6GqGrZs2Yyurq73epeuGSJQ595Lew/QfJMsy1i3fj2+8IV/jA8+9CAsKwFZbr/pk2EYhmEYhrl+YAHMMAzDXNc88nNbhAD++z1T+O/W9eDAgQMIwxCO4yCRSGB6elqUeM5kMqjVaiKhG+/jm0gkYFkWKpWKKNksSRIcxxECMggCWJaFcrksShGTsJVlWSRJqVxzXHBSyWK6CEMPAEIS03bivWXj8paStvEyb/G7+CuVCpLJJKIoguu6SKVSYqy0nXhPYip9XK/XYRiGSOqSnCWxGwSBSPvGLyDReqhsNkGSlIQ2bSOKIlEym+aTpGqtVkMQBHjzzTcxPt7siUtzSslbRVFQq9VEr2WS95ZlwbbttnGSyKUUNJWlpnWSFKaUMhEvt03HBWhK8a6uLpRKJczPN6VttVqFLMvIZrOIoghdXV2wLAsnTpxAd3c3EokEnnjiCXR1dWF+fh5hGGLt2rVoNBpwXRePHyqK9X9m19alfOQZhmEY5rogQoRYoWBIUQiglRaNZHr6hoLOsYrFEp58ajempiYRRUA9CPChD+2C0jqvvLoIWz8lVCo1PPX0bpw+faZ5vhUBO3bcB711vs1cAAnI5jrwf33pSzg7Po6JiQlMT05hbnYWpVIJjuuKc+fYW6BqGsxEAp1dnRhcsQIbN96EoaEhqKoCLEr5cuqXYRiGYRjm+oMFMMMwDHNdc+u6Pqxb0YXjZ2ZRqvqQrBxGRo6IfrO5XA6FQgGe5yGTycBxHJHUtCxLJGINw4CiKJifn0cikRDitVqtihLBJIw9zxNJ33gyNZ78pe3Hk6gkP0kuxp+PlyCOS+QgCJBKpQBApGl1XW8TyslkUohYRVHgOA6SySR83xcSnBK2cfFJ+0hylWQvANFTV1XVtnQsbZPktO/7bT2I44lYVVXhOI6QsbQtSlkDTVHs+z4qlQrq9TpOnjyJM2fOnJOMpvkIwxD1el2kkiVJgmEYCMMQpmmKpDSNUdd1sV3f94V8r9frSKfTsG1bJMOpdDaln+mzIUkS5ubmUK/XMTc3J5ZrNBpCQPu+j507d+KNN97A8PAwXNfF5OQkVFXF0NCQ+LycPHkSmUwG2WwWK9Ztgfv6KABgy9o+Lv/MMAzD3FhEzRu2mhpYhiIBsnxjSyo652k0AkQRnRu2zhOvgVLK8ao0zfPg5n4zF0eWZeTzeeTzedyyaZN4/ny9n+PnyfTv+O+L5S/DMAzDMAxzfcICmGEYhrnu+fQHt+CLrRTwwVkLVq2Ger0Oy7IwPj4ukqUkZunilO/7ov8vJWZN04SqquI9VCKZZC0JUroYQ6WRKaUa7/1L6wUWEr60HyR6dV0XfXBJ/NL6qW8tAPGTpC29BwBqtRoMw0AURbBtG8lkUiRaqZcxpWBN0xQpWkVRhDRtNBpiHdQbmUSybduQZVkkoUkmk5CluaS5oZLP9IjLYqCZBKYEr23bQugePnwYw8PDbaWhqVx2fPxxIU/9g+l4JBIJ0Qe50WigVqshkUi0HTOS1ZVKRZSOpvWQLKfXF/dhNk0T3d3dqNfrGBsbQyaTQVdXF8rlMorFIjKZDE6cOCGSvqqqolhspnw/+tGPoqenB0ePHoWmafjxqRlxvB/h8s8MwzDMDYZt2/iLv/wKJicnAUh45JMP484734cbLvYbg85TmjezAUAERBGU1rnj1YwkNR+y1JTWkgTIisQy8hKIi9x4xaALHft4VZ64FOa+ywzDMAzDMDcGLIAZhmGY655f/8Rd+JOv7kYURXjxWBkfW57CzPQUFEVBJpNBo9GA4zhCelJfWwBCglLvVpKVJGANwxDSmERgFEXwfV/IW1mWRVo0Xm443uc2Xko4Trz0czxBTOlh13VhWZZIucbLMpO0BpoXfQzDaBPWlGatVqtibJ7nCdFN446nlylhS2lfKvlMcxYvDU3COl6SmoQ6Ceh6vS4Sw5Qktm0bnucJEWzbNo4dO4aRkZELXrCKi1+SwjT/1PdXUZS2f1NSOy6LaV9oPknIa5om5o/GQEKb9snzPKTTaSSTSdFneeXKlSgWi6jX69i3b59IDHd2dsK2bdi2jUKhgK6uLjz//PNIJpPo6OjA4MohfOmn463tyPjVj9zxDv8KGIZhGOZaRWo+otZPBtlsFh/4wA6cOX0GkgTcfvtWcb52tYq9KALS6RTu33EfhodHoGkaNm/eBE1V0CwTfTWWr766iMvf+M8LLXex9TAMwzAMwzDXNyyAGYZhmOue/u4sHn1wC77+1OuIICHs2oxoahKO42Dt2rVwHAe+76O7uxunT58GAFiW1VZSmIQgiURKgsqyLFKwVE6Yyi2T+AQWUq/xlDAAkWRVVbWtHDTQvDgTLylNvb0W9/cleZpIJOB5nnjd87y2BHK9XkcqlRK9ehenimu1GtLpNBqNRluZZEr9xkWqLMtivdQbmNLNlJClRO/isRUKBfGeuHB3XRf1eh2O48BxHFF++fDhwxgZGWlLTVNpZZoHSidTeprE8uJSgzQnJJjpuMYTNYlEQoyHSkmTsC+Xy0in03AcB6qqil7Qvb29mJubgyzLGB4eRk9PD1KpFMrlMtxWX7ZqtSr6QmuaBsdxMDc3h2w2i1/4hV9ALpfD4OAgnnjiCew/u5DYePTBW7G8O3NF/jYYhmEY5upFhpC/LH4BLIg7RVGx7fbbse322wHqlHzVVval81oAErB5y2Zs3rK5+RwAgEtAXzKXOmVX5eeCYRiGYRiGudKwAGYYhmFuCH7nlx7A1596HQDwgzeq+M1778HE2XHMzMyIBCyJTs/zMDg4iGq1KsQppT4ty4LrulBVVfQEJnFIQpT65VI/XJKSVDqZRGVcvsb7/zYaDURRBNM0EQQBNE0T0pP2gy4AUlqVpLFlWSLFGu8dTEli6qWbSCTapDKVMK5UKmIuDMOAruui561t27AsC77vw3VdGIYhyiiT9AXQVgJaVVVRZpokK0nQKIpQLpeFiKZELCWAi8UiisWiSAvHS9fRftN6SMiS8FZVVSSrqRQ3HQvXdYU0pmNHonhxypugstCKooiS1/RZURQFMzMzYj7S6TSKxSJWrVqFUqkkEtdU7prKas/NzWHlypVQFAWvvfYa5ufnAQA7d+7CH/9oHHS17nf+0Qcuzx8BwzAMw1wDRFEDgIxICgFEkKQIiEJEaCCKWm00pChW3lYBIgkSJDQt6Ll2LF4Kl1jcjgMIW3WKW+cskQSS0NJ51gnaXmwbYi9i25MkCZHUXLZ9W3JL2rbON6LYai9Cu+hdqBKzVAPcXL6ZupXEvi2kcNvLBIex96BtmaVtjHZzoU9xRIOUolYP4LdYV4Tm67FjHrXmWZKihc8EJLEtidRy1HwfpLD13uYxlejXiw0hftilhXPZhf7Li/vt0iM85+3NJ9rPLd82LHQZhmEYhmGYJcACmGEYhrkh2LK2Dw9sW4Pd+04ijGTUkysxO/s6yuUyli1bhsnJSZFuXbZsGQqFguj3m81mUSwWoeu6SKq6rotEIgFJkmBZFkqlkkj3knSUZRnpdFqkckkCxi8UkTSkcsxxuRmGIUzTbEuwUqp4IQGiCDFJqV0AosdttVoVgpO2Tb16SUxTT2B6PQxDuK6Ljo4OkdKlstWU6iUpHS+5vHBRLBJ9g2lOqEQzJZqpvDOVTq7X6/A8D+VyGfV6HaVSCbVaDcC5F1EBtKWkaRlJkkTJa5oLSkVT+W2SzyR54/NCyWAS7VRCmuaXxk3HxzAMlEolIf0rlQrS6XTbsfM8D2EYYuXKlTh79qzos7xs2TLMzs6KNPT09DR834dpmjhdS6ARVgEAD25fh01rei/73wPDMAzDXL20WiyEMiRJRhSRzlMASREiT7i0KIKEqClUzxONPEfGRhASr9mXlgSqgjCMMDc3h1KpBE1VsWLFAGRZOWedrTWfuw1JQqN182CtVoPjOPA8H0HrXE9RZKRSKeRzOWi6DPlt9mON2qQpnVdiyetqLiIjilqSFGjNdWtuowhRBLiui0KhIG7my2azyOdzbdVslr7P8d1dEKWXMnI6fgvyXYIkya31S+J51/NQKMyLc8lUKonOrjw0VYOISl+iRBXtUKIQQdBAqVRGrVpt3gAaRVBbbWMymQxSqdSCWIckdpcSz1yCmWEYhmEYhnk3YAHMMAzD3DD8i8d2YPe+kwCALz91Cr9+x00wDB0dHR147rnnYFkWpqamYNs2MpkMPM/Drl278Prrr8OyLFSrVYyPj4uLSUEQIJFIoFqtCjmr67qQq4qiwHXdtkQsXWTUNE2UbdY0DXNzc6JsMaVSM5mMSKzGX4uniHVdh6ZpUBQFqtr8zzolbwEglUoJAev7fttPy7JEopfELKWQKd1smqaQvbIso1arieccxxHilJKxkiTB930hpkm4xnsfu64reiU3Gg0hfm3bRr1eR7VaFaWXqTw3sND7OP4TgEg5078p+UtjIfEbnxtKSceFOR1Tem+9XhdinspBUyqbEssAxJip/DeVyj548CC6urpgGAZSqZQQ77SPpmmKmwoWUt8W/usLU6BLhP/iszuu0F8DwzAMw1yd/O3f/jfUqjYqtSpmZ+eApt7FD374OJ586mmRxo1aHu9zv/qr6O9fDqDRWkN7L9m4bHvyyafx8iuvQFEU/Po//jw6O/MAFMiyilde3oMf/ehJlKsVIIqwamglPv9rn4euUynq8xNFEWzbwSuv7MGJk8OYmJgU54a0/fg5IAAkEhZ27XwId955JxTl0mWg4zj4u69/E+Pj4wCAXTt3Ytu2reL872JEETAzM4Ovfe1rqFRq2L59O3bufAiy3BzP/Pw8fvKT5/D666/Ddnx6FyQpwsDAAB555JPoX953SfssSc0bCb/zne/g6LETUFUVH/r5Xbh1y2YoF5TsYo/FzZBnzozh29/+Nmzbxp13vg87duyAYRgAJJRKFTyzezf27dsnKsiQiB1auRKf/OTD6OnpbmnZJUSApfivEqrVGp57/gXs2bMHtZpzzjGm3w3DgKapsUC2BMPQ8ZEPfxg33bRB3ITJMAzDMAzDMFcSFsAMwzDMDcOH7t6A9YPdOHZ6Bn5DRqJ3Iwojr6G7uxvr16/HzMwMenp6MDc3h9nZWTz00EM4fPgwDh48iHw+j2KxiEqlglQqhVqtBl3XUSwWRQqCEqWUiiV5SFKQErEARAnparUqhKaiKDAMQ6RVqfQ0JVZpnfH0LxEvLx3vM0vbiYtHkpxBEKBSqYhkrmmaYj/ipYrpghuVWC6Xy6IEMo2Pxk/pWNd1hQCm/rme58FxHNRqNZF6poRtuVxGrVYT29E0TYhfErWi7F9rGUpUx5O8NG/JZFKkq2ld1K84LtmpXzCNM/4cjZG2SX2NqQcy9X+mFDP1MlYURcjr+fl5NBoNFAoFDAwMoFwuw/M8nDhxApIkiSTwLbfcgomJCeSGtuLAmeaxumV1Dx5637or+jfBMAzDMFcbbxw4iAjN7CQRRRE8z2u1cUDz1dbLYdQsFf1WkID1PK/V4iNCqVJDJpvDq/v24LnnX8DszBzCWDnhZOsmugussfWzuazn+Xj55ZcxP18ERJI2vu32JLJtO/juP3wPZ86cwUc/+hGkUslLmqOmdLZRqVQAAEFQF+eYS0GSJDTCCNWqg0qlhkqlhqARYnJ8Aq+8/DLePHQYds2Ov6O1XQljY2fxrW99G48++in0LFt2TtuMi+E4HqpVu3mznR+Ics1L2efmOV+Eaq2538ViBb4fYGZ2Dq+8vBevHzggbtBrvgegz8qpkVH87df+Dp/61CcwuGLFkveX0tBHjx7DDx9/AlNT062bD2m/21PJdEOg5y2cu8qyBF3PwTQNFr8MwzAMwzDMuwYLYIZhGOaG4nd/+QF87o++CQD4Lz85iy9+ajveeOMNLF++HLlcDk8++SSq1SqCIMDzzz+PMAyRzWZh2zZ0XRf9dkkCKooCx3FEmeV4iWAqn0wXD0n05vN5BEEA27ZFgpZSrIlEQpR5dhxH9PQlcQsspAyoT7Asy2K/XNcV+xZPDFNPXJLDVOY5nkCoVqtIJBIAIEQ20Owf7DiOSBtHUYRkMokgCESqlWQxCeF4aWYqwWxZFmq1mhDQJF5pvuMinXokkyimddF6SYTHk8Dxcfq+j0QiIeaJHnRcaP2SJIn5p2RwXJrTe+jfqqqKFDDJYUrzkpB2HEeM0fd9pNNpOI6DMAyRSqWwbNkyFItF9PX1oV6vo7e3F52dnXjggQfwB9+dAvWN+51feuDyfvgZhmEY5hqgq6sLANCIQpRKJXE+k0wmYVlG27JRFEFVVCytoStaRrDZk3d09Ax++IMnMDo6Ks4v6MY1XVfR2Zm/SDo3aj2a5wHZTBaO40LVVGTSaWSyWaTTaViWJc4Pp6enMTp6GrbtIAwjHHj9Daxfvx5bt966ZBG6ACWTo4vo7wshiRFUqhU8++yzeOGFF2HbLmRZgqbrWL68D4ODgwjDEMePH8fMzBzCMMLY2Fns+9k+PPTQg6307aVvu/3nxaA9pX7JrXPXWg3PPf88fvrTn8J1Pchyswxzb+8y9Pf3Q1VVHD9+HJOT0wjDCFNT03jjjTcx0N+/pDLWdB5Yq9XwzO7dmJiYBAAkEkls2XwzbrrpJuTzeVEZ5+zEBPbvfx0jIyMIguZNgffcezd27nwQhq4v9ChmCcwwDMMwDMO8C7AAZhiGYW4oHtu1Fb/zH3+AmfkaZkoulMwA5uefE6nPeHnjcrmMKIqQSqVE6oSkoSRJsG0bsiwjkUi0SUp6UBlkACJxWq/XRalkSZKQzWZRr9ehqqoohUxSkyQlJYppPfEkLJV+prRqOp1uk5a0D4v7E9u2LfabHjQmTdOg6zps24ZhGKKkMQlNSj4bhiFkKv0MgqCtlDT196Xn6YKX7/siJUwSnAQ5pW3pgm9cfMfnOD4fJGdJ5AIQpf/ipaBpX0h8kww3DAO+74t9IJkfT3OT/K7X6wAgxL9pmujp6cHU1BSCIICu6wCa4tyyLHiehyAIsHz5cmiahv7+fiSTSQwNDSGfz2N0dBT5fB6NRC/K7gQAoK8rg0cfvPVK/RkwDMMwzFXLb//2P0eECDXbxl/+5ZcxOdlsjbBz50O46673oc2dtZzgkjViFLXeEuHJHz3ZavugYO3atdiy+RYMDg4il8tBN0jWvZVapd65gGka+NXP/QoURW2V/pUWLUa9dYHZmVl84xvfxJkzY6gHAYaHT2HTplugt9pVvHssjO3YseM4euQogBB9fb3Yvn07br75JuRzHWIstu3gW9/+e7z55iFEEXD69Bg8z1sQwPFQ9FvyduUnddCl/5Vw7NhxHDlyBFEYoq+vD3ds24Zbbrm5Vdq7eWzK5Qq+853v4s1DhxFFEWamZ+G6PpJJ6+JbbPUcnpicwuxsAQCwvK8XH//4L2BoaAiyLMWWi9A/0I+tt92Gl19+BU89/TQcx8XYmTFUymUYnV0LK463cGYYhmEYhmGYKwQLYIZhGOaGQlVk/NZn7se//PPHAQC/9ZfP4jfuHMDExFmMjY1hcnISiqLgpptuwhtvvAHHcVCpVOB5nhCqVP6ZhKZt20IEUtIzniogeUpli0kWU59ZKoMcT92S0PR9XwhHej5eQtB1XWQyGbHNMAyFgKQkbT6fx9zcnJDE1Ds4Xl6aErkkUSmR67quELS0XRpPvOQyCVaStnHRGp+HZtnFUOzn4nKFJL1JWMclOr1OApjGScldWpfjOELwuq4r0jzAQoqY5C6V2yb5S2WwSUyTwPV9H77vC1GcSqXE8Y6iCBMTEzAMQ+w77R+lnHVdx5o1a9BoNPD6668jl8th//79WLNmDTRNQ6VSxZeeOyDG+VufuR+qsvRSjgzDMAxz3SBFrTwvWbIF0XpOzvcSJVpsbQhb0vDhX/w4hoYGQWpRyFvprTbQ/rwsS0gkLiQUo7af3d1duP32rRg/exZB0MD0NN1AdqkCeOF88O24xPhchmEIQ9Nx3/334AMfuB+6rrfdeAcApmliaOVKHDlyFEHQgOO68P2grULLBTfU9m9K817CjrY1442EVG80GrAMA3fdfSfuv/9+pFIJUXKbSKdTWLt2DU6cOAnHdeG4DoKgDuDiApjGPj01JdqArFu3BitXrmilwxc2JDXrfEPTVNx880149bX9GBsbQ6FQRK1qo6uTlln60BmGYRiGYRjmncACmGEYhrnh+CeP3IMvff0FTM5VULIbOFXNYG58HFNTU+ju7sbMzAyKxSLCMERPTw9mZmZEWpREYbFYFOWDSUDWajUhV0kyUgI23nM2nhYGIGRlKpUCsCB1aZ3x5UlkUmKXtk37QlKVth8EAUqlEgzDENKT9pFKFVPf4fMJVxLOcaEbL21NvYlJosb7INP76XeSyrR/8THQ/tNYaD+DIBAp3MXp53hymvaF1qMoCnzfRzK50FMvCAKR0KV1Uv/jer0OTdNQrVaRzWbheZ4Q4fGy01TKmqQ8paA7OjqERKce0UDzYilJ9X379mHr1q3I5/Mol8uoVquwbRurVq1CI3cTSnYJANDbmcb/9Mm7L/fHnmEYhmGYGOvWrcVjj30GpmmC2i9cOeKRzwiZTKp1fhHB8/y2m/veC9LpFB799Kexdu1qkWpdDLX8aHv9PU6xGoaOT3zyE9i06RYoinTeeaTy4YqqNMVwrJLMUvF9X5yLJpJJKKLs+PnRdB2m2UxGh2GIetC44LIMwzAMwzAMc6XgaAnDMAxzw5EwNfzbf/oR8e9v7i2hp28AjuNgeHgYtm2jUqmIBGdPT09bcpYugGWz2bZSxKlUSghOSqmSiKV1xdPAQRDAsixRZplKJkuSJOQg9falNG98e3ExTPvVaDTENjVNQzqdhqIoov+cpmliH9PptBDKiURCLENSm2QybZ9KK9NcABCy2PO8tjFTipaep30lOez7vhDCcWkbH2sQBKJMNEHrp4QwlWYmQR1FEYIgEOW8KV1Nc59IJETaOp4aJrFNaeFMJiMEPkl4rVWasV6vw3VdkQrO5XKitzOtN5fLwTAMNBoNZLPZ5oVHRUEymUQ6nRbjTaVS6FzWh2/sLYox/t//7GMwdL5Hj2EYhmGuJLquNW9CQyRu9Hu7vVnjLUDCsHkuEjQarUeIoBEhaIRotB5RtNADt/m+yzeupbNQvljXDXR2dba1yBBLiblpJp3l1u8iKP0e9rNVVQ0dHVkoivSWx5DGBSBWkvvi0FuaZb2bx9lzfVEpJi6S4783ggC+74ttq0voN8wwDMMwDMMwlxu+usgwDMPckHxm11b8h2++iD2HzgCQcDxYhf7+YZw5cwae56FUKsH3faxcuRKjo6PQNA3lcrlNiMZLJmuaBkmSYBhGm/yM99ilHsAkgA3DQK1Wg2VZQtzGe9HW63XRxxZAm1yli1gkQ+l3krNRFAlh2dHRIZKymqbBsiy4rgvXdZHNZuH7vtgn2jYRF8+UqgWaaVpKFJM0JakNNPsP0/jjSWGS1ADEnNF7aXu0flmW4bpu2/MARJ9fWm+8BDUtRwIZACzLQhiGqFQqCIIAyWRSSGFaptFoCGELANVqVZSjpjmluSFZr+s6Go0GHMdBKpXC1NQUNmzYgO7ubpw+fRp9fX0YHh4WZbQdx8GJEyfQ09ODRCIhhPdPTpsAmsf5/VtW4lMf3PKOP98MwzAMw1yMCJBCQJLxTqKsJP5838ebbx7C8KlRVCqVthvYFnoAN8+FKpUqgqsiFbqQSl54XEvNaS+xnPSlrr3VBzqfz7XOk+s4OTyM6ekt6OvrbS2zcF5On4Xh4WEU5uYAANlMBolE8nyrZxiGYRiGYZgrCgtghmEY5oblL37nE9j2y18CAOwdruI3P/gQqk98B47jiL6vp0+fFklUSquSuCMBaRiGELOe50FVVZEMiAvVRqMh1kHimIQqrUvTNLEcJVypVHI8/bv4YhPJ3njyIS5aTdNEMpnE7OysEMHAQlnkeI9i2j6JbHoAELKaZKtpmmI/SY6TfCVRSvI3XlKZtk/zSPtOIpjWHxfgNFZ6jRLE1E+YhCwlMmhOXdcVx03XdfFvWqbRaAhJrKoq5ufnxe+UmgYWym7TGKjkdaPRwPT0NLq6upDNZjE5OSnk/bJly8Sys7OzqFarKBaLqNfryOVyGNywFT962WuNWcJ/+pePXL4POMMwDMMwb0FLdArnGbU/v9S1SBIcx8W3vvUtHDx4CGHMR0rif2NJ0fM8955wzfeivbLyF0Ar9Qss7+9HPp9HrTaG0dFR/N3Xv46fe+ABrFu3DqqmQgIQRhHsmo29e/fh5Zd/imrNhiwrWDk0hI6O7HualGYYhmEYhmFuTFgAMwzDMDcst61fjl9/+C58+TsvAwC++tMqPn7bbXji8cdhmiZ6enpEn1xgQT66risELgnOeCqYltd1HQCE+CR5SlJX13VoWrP8oOM4QiDTNnRdP6e0sqqqoqewruuIoqgthUxCmp4zjIX+Y1EUIZFIiG1blgUNbGTuAAAgAElEQVTHcUS6ldK6lMqlRDL1u6VxkaQF0CbEgQVxqygKTNOE7/vwPE+MW9M0IbJVVRUPgkpkkzCmkthx6DVK6FJ6mnoB1+t1UXI7Ppe0ftM0Ua1WkUqlRIlpKrdNc6brupD3pmlidnYWpmlC13WUy2V0dHQI2U+low3DwMmTJ/HRj34U+/btQ7HYLOu8ZcsWuK6L+++/Hz09PdizZw8sy0I+34n/emBhXP/jJ+/GxqFl7/RjzTAMwzDMEpHO8YeXnoCNIgkvvvgSDh85hjBqlkfu7u5Cb28PdE1vrbK5IVmWEEHG/HwJw8MnRYuM9wRpsUB9D/flbSHFHldwKxKQSafx/rvuxhPFH6FUKWNiYhpf+2/fEOd/VLmHqurQ/q1YMYDtd2yFYWjtu80wDMMwDMMw7wIsgBmGYZgbmi/+xofwjadfR7HiYN4O4Vor0N/fj2XLliGdTuPkyZOitHEymYTrujBNEwBEr16SpgBgmqYQxIvFMfXtpWQwsFAqmSQmCU1ZltFoNER/W1o/yVhVVdHf3y9StgBEj1sSuplMpk1OUxKYhCdth5K/VOKZUq2UFCaJTKlkktGUwKX9DIKgTZySkKXnAAjhTNujMZPMpXHG5Xq89DVtnyQwlYKu1+vn/JRlWew7iVwAbaIYgJgHTdPgOI4Q0DSuWq0mXqc+0JQiJukfRRGKxSI6Ojpw5MgRaJqGXC6Hnp4eHDt2DJ2dnThy5AhmZ2dx11134dSpU3CTKzFXHQMAZFMm/vg3PnSlPuYMwzAMw1whqtUq9u/fj3q9ed63efNmfPrTj0A3NEhRU1BKEvWLjQBJxsGDhzA6OvLeCmDmolBbX1mWcfu2rajVbDz146cRhg1IkizOqYEIEiRIsgTD0JFImNi0aTN27NiBbCb9no6BYRiGYRiGuXFhAcwwDMPc0OQyFv7o13fhn/67/w8A8PWf1fCFO+6EqSt46aWXkMlkMD4+LkozU4o1mUwiiiLRS5fKKJumKZYFFso1U3/Z+GvUQ5gkLQDR0/ZCJZ/psXz5ciEkSXomk0mRNCbZmc1mxb5RwjcMQ2SzWdRqNdRqtbbtkORtNBrI5/PwPE/0LaZtk4Q1DEOIcQCi/zHJ63g/XkVRYNu2kL5UVpm2R9sn+RwvR02vkSSm1DPNV7xMs67rkCRJbMtxHNGr2Pd9kdhNp9NC0JPYp9LXAMT2VVWF67owDAOO44jezbZti21RUpsSy4cOHcKGDRtw6tQpFItFWJaFSqUiSlJPTEygt38F/tV3x8Xn8M/+yUeQThiX8ZPNMAzDMNc+51bNvfp61Pq+35KAzfOaDRs3QNdVSFGI9oRqU/ZGCPFulC9mLicRTg2PYs+ePZAkCTt37sKKgeXiO0DzJkVZfEfI5TqQTCbRPL2/+j6zDMMwDMMwzI0BC2CGYRjmhud/+MRd+H++/RIOj0wDkLB7vANds89gfn4eiqIglUpBkiRUKhXk83k0Gg0EQQDf92FZFnK5HIrFoih3TJCgpXLMYRiiXq+LUsONRqMtcasoStuycTEbL4OcyWTQ2dkpRK2u65BlGVEUwbKstrLMJJlJkpIgliQJ6XRaJGGp1LWqqvB9H4ZhCPFJ26a0bjzJTAlbEtuSJMGyrLZeyCSfqWcwLaeqqtgXAKLvsqZp8H2/rYxevN/x+eaU0sCU7o0nipPJpJDTNEZK3NAcAhDlu+P9jeNzT8dHVVVRvptS0NTnt16vw7IsjI2NwXEcGIaBBx54AE899ZToHZzJZLB7QkLYahK4eU0vfu1j26/IZ5thGIZhrnXoRrjoKvWlzaohYetmNQmmYTTToBKASKal2m7uYyF4bUA9gMMwxPCpYczMzqAjl8P/z959h8lZl2sc/05vu5vdTTa9ENJICEkoAQkEEgLSkX6kKKioKDYsICpYQNSjRxSwAIIiTenSBKSEFmogREIISUjv2ZLdnV7e88fk+WUmPRAIhPvjtVc2M2/5ve/MZZa953me/v37sevAXaq2K6t8k3oVX3q9RUREROSD59/yJiIiIjs3n8/HTT85jVCwXP05Z2WOcL/9yOfztLe3U1dX56o9fT4fXbt2daGt53mkUikXKJZKJRKJBL169XIVsjZL16p8Lfi1gNLC0EgkQiQScXNyrerVjgvlit7dd9+d+vp6/H6/ez6VSlEoFIjH4wSDQfechdD2p60jEAgQCoWIxWIEg0EaGxupqalxM3Ir700sFsPzPBcih8NhIpEIdXV1xONxotGomzts4a0FtdbeGnDtqivbUVsFtFXqrvslr+fmH0P13F+7h9Z62efzUVNT44LYSCTirsvv99PZ2elCY7/f72b/WiWzBdLW3tnmBbe3t5NOp11lrwW+1l7azm+BMJSrgJLJJG1tbRQKBTo7O3nyySeJxWIkk0kWLlxIa2QQU2evBCAUDHDLz07fYM6xiIiIrFMdnn642M9ynueBB14JwIfnVf7bbpXAfjLpLG+99RbFoto/f9jZW87zIJspf8izo6ODGTNm0NnZQXXIu37QW3699Ws3EREREdlRVAEsIiIC7DmsN7887yi+8/v7AXh6QYhj9pvAglnTaG5udkGg53k0NzcTiUTI5/NkMhmy2SzxeJx0Ok1NTQ3RaJQ1a9a4wLWzs9NVqtovL0OhkGt/bBWnFgJae+PKMNTv99O/f3+6d+9OPB5383BNIpFw1axWvWrnsXNGo1E3f9jaQVdW2AYCAaLRqGspbW2Q7fwWAlfO7bW21tYa2ypcrUK6pqaGfD5PLpcjnU67kNaqqD3Pc+GpheV2vsqAF3DXYdW9688Drpy1bPtFo1FKpRLNzc3E43FX4RsOh10Vtt0bu+7K67Rz29xfa6Ftlc2hUIhMJuMqkC0wTyaT1NfXk81mWbZsGfF4nHA4zLhDjuaG55a51+3/vnkMu+/aY3u/nUVERD7yfD4/fn/532UfPlavWk2pBH5/Zdhm4VppGz5M5WPj7Zcr2zVvSXkNHuAL+AmFQ5Asf2Cvra2FUqlY/tlpbdtnvPLPOatWN3PffQ8y55138Erl68Lb1Hq24jq89/IBsvX33YpjeWvvuecrjzOuXPYmd68MutevgH4vob6PbX/NtvEMa18av99PXV0dgUCQfKHA0888ywsvvkjPHj3p168vAwYMoGfPniQScULBIMFggGAwsMF7Uh/4ExEREZEPkgJgERGRtb716QN5aMpMHn95DgCPL+/Fp0aWmD9vLoFAgHg8DuAqZi18BFyImc/nSaVSZDIZoFwRCusqeC38jMfjVWEo4GbEVrZ0tjbLu+66KwMGDKBQKFBXV+fCUWtbbIGwVddms1mi0agLLK0y2AJQ29ZmFtvxKiuGM5mMq062ylqrfrWANRgMutAUcMGtncPCUjtfOBymWCy65+2+hcPhqpbPViVtoa4du5K1q7b7a+FvZ2enC6mz2SyRSMS157ZwvXJmsAXKdl5r/VwZcFtobmFzLBZzs5Er770FxTbzORaLuevq07c/t0xb94u/I/cfxnknj3uvb1sREZGdUjAYoK6ujiVLlgIe06dPp1tTN/r06U0wUP6ZoKamlrq62o3MCt6c7VtJnEjE6datG21t7RRLRV586SXq6+sZPGQwoWCI5pZmFixYwKxZs5g3bz6pZJKuXbuRSqZIZzLrpajb6j3MEvZgw4rVLdzId5VfvtuAe0u89f7cmnVs7PvNnGHtPfL5YPfdRzB7zhzenj2bYqlENpNlwYIFLFy4kOeem+I+SFlbW0NtbYKGhgaGDB7MbsOHE42Et/6yRERERES2EwXAIiIiFW792emMOuO3rGjpJJ0r8XZpGIHi2yQSCZqbm2lqaqJnz57MmDHDhYA9evQgl8sRj8dZuXKlm3lrVaWRSIRkMglAJBIhHA67MLaykrdQKLhK0mAwSD6fp66ujr333ptu3boBuOMFg0HS6bQLPbPZrAuGA4EAiUQCwLUttoDUKo4r5/CGw2Hy+byb42tBtM3/LRQKrsrV2kADVUGptVK2/e06bD22nbV6jsfjbu02Kxhw1xUIBEilUgAubK4Mme18FgpbWBwOh4nFYmQyGeLxOMlk0lXyWvhtx7BAuDLchXI7bb/f7yqm7d7l83lqa2vd38PhsKuotmOWSiW3FsCF/eFwmOW1+5LtLG/bo7GGm3962vv1NhYREfnIC4VC7D5iOLNmvUWpBG1r1nDPPfdigZ8Pj9GjR3P66Vv372n53+bK0PC9h5I+IBwMcsAB41i8eDHpdJZVq5q5+Zbb1m1T8TNMMOBnt91244gjjuCOO+9i8eLF72Ed3nvMVis7rGxtJa3n/ret59n4fNxt423wty0fw/Mot+Ou/NpKVrFbKpXo6Owkm83h80EiFiUYKHfAKRQKFAoFisUinckknckky5eX93/55VcZPnwYxx17DI2Njdv4QQURERERkfdGAbCIiEiFbvUJ/nHZmUz86p8BeHVeOyeNPpSZU/5FsVh0c2FDoRAtLS3U1tbS3t6Oz+dzVaYW+lllbS6Xc7N9129nbAGwhYeVVb+DBw9m8ODBhMNh6uvrSafTbv4uQFtbmztmZRtm+7JK3mg0WjUT2PM8MpmM27ezs5NEIuEqWq2C1+fzuWrWuro6F/DmcjkX5tpcXwt+LfC1a7PK2mw2656zUDoWi7n7VtkWGtZVAK9/v6wSuTLUrmxZbeeyUNmqoOPxOPl83s1dtl/UJZNJwuGwq5q2c9gv9CrnBEciEUqlUlXIWznD2dpSWxBva8vlcuy677E8ODPnjn/75Z+hvjb2/r6ZRUREPrLK4d6ee41m4aKFvPLKa2t/prCfB8rfrly5kkKhQCi0db/aKLeT3tYAc3P8gMfQoUOYOGECTzz5JJlMlsow1c7Zu3dvxo0bx8iRwwkGgsRiUdjmKtZK1fNn7WfIrWkzXM581wtkXUC+pf09oMTakcdbaV275g2D+G3kVYb5Wxskl/AorX3dt+2cpZLHjBkzeeCBB2ltaaX/LgM4+qij6NatG5lMhmQySTKZpKOjg9a2NlatWsmSJUtpbW2lVPKYOfMt6rt04aijjiIaVSWwiIiIiHxwFACLiIis56A9B3LRWRP5xY1PAnDX9Dxn7jee11561oWO0WiUtrY2UqmUm/dqVb42W9cCWWtzbMGj/WLOqmwBF0xWzrcdPnw49fX1LsS0yl9rcWyBp4W7Ft7W1NS4NQaDQRcOx2Ixt34LPH0+n6sWTqVS1NbW0tnZSSaToVgsuorc2tpaMpmMW0s2m3XVtBZ6WzidyWRcNYSF2pXzfY3f73ftpfP5vLsnfr+fQqFAOp3e6Axg29aCWbtvdu9isRiBQIB0Ou3C3Gg06u53ZaWyz+ejoaGBZDLpfnFq98ler/XnNVt4nUqlCIVCRCKRqopfqwa3bffabzx3zFw3/+7iz0/iwNG7bNf3rIiIyM6nPJrihBOOZ+iQIbz00st0dLQD5REWjY2NDBw4cItVlZUfIhs6dAiRtR0+enTvvsF4ia1f2rqKWZ/PRygYZOLEgxk5cgTPP/8i8+fPJ5/PEwyE6dmzB6PHjGTw4EGEQmH3Abn99t2XAbsMoDaRcN1VtlYoFGKfffZhyJDB+PDo27fvNu3v85VbV48ffwCZbJZEIkYsHtnivezVqxcTJhxMsViitqaWeDy2DaGzhz/gZ9ToUfTq1ZtAIEjvPr3Z2rJYex271HfhoIPGk8vnCIfCdOnSZUt70r1HEwcddCC5XJ6Ghnqi0QhbE3Z7HrS0tPDUU0/T0tJCIl7DhIMPYsCAfvj9UFMTo1u3BncsK8jO5Qs8//wLPPbYY2TSWd6ZO5/W1lZ69eqxVdcqIiIiIrI9+LzK38SKiIgIAIViifFf+iMvvbkIgNqon/0ir7No4fyqebilUok1a9bQ1NTEsmXLAKqqeWFd6z/7snCxslLWfgFZGTxOnDiRXr16UVtb6ypMPc8jlUqRy+Vobm6mpaWFWCxGIpGgrq7OzSe2VsgWslZW3kajUQDS6XT5l5Nr2yCnUilXxWszjDOZjDuGVc1aa2QLiCuvy34JWCwW6ezspFgsks1mKZVKpNNpoNzm2VphWyCdyWTwPI+Ojg46OztpbW3l9ddfd/eu8s9gMOgCb7tndp8rK3Ft9rEF0LadhdmZTMZtZ9cYDoddIF0ZllvAnEwmXRjseR5dunRxbaAt9I9EIsTjcQqFAj179WFG6AA6MuVzjx3RjynXnYffrx6AIiLy8WM/G9nPDNZZwz6cVSwWicVilCta1+5U0UG4/IEyP4GAv+IDYuUnNxVCVv48tvYwrPtm68LLDQ9a8b1v3XnKP6+A55WvKeAP4PP78dkOlWuoyB+3dQUb/BKn4tc623I9rvsz5XLe8q6bv48usK24kVsbAFftX2Grmk9vYv8t1ivb67LukYp9thQAe7z11tvcfvuddHR20qdPb8484zSamrqtPa5tV31cD1i1uoV//ON2Fi1YRG2XOv7n1JMZNmzIFq9TRLYPGytU+UFe63Jl/+39rv7/X0RE5APW3t4OwLRp07Z6nzFjxgDlfkUiIiKynmDAz+2Xn0lNvFyh25Ep8d/SaPr27Uc0GnWVp9ZKefXq1VWtnCvDQ3u8Msi0/xC141SyIHP16tU0NjYSi8WIxWKujXQ8HicajRKLxVyFb2V753w+Tzwed5Wvtp0FrxZeJhIJFy6Hw2EX7Np6I5GIa9NsYW8sVq70sBbXFvBa5W5lC2qrZsnlcuTzefeLXju/zey1e2UVu1a9C9Wtsq3dsv3d7p9V8sK6Gct2Dy20tmu0ucDW7rm2tnaDCt5MJkMqlXKhcT6fdxXMFhR7nkcwGKS9vd1VTFtLbWv/3LVrN+ZG93fhb5eaKHf+4jMKf0VERLbI5/7dd/9bO/IiGAxU/ezk823+l/iVPz+Uj7z2awv7bWF5G4zNtWP5fKz7AFnAXw4Jyyer3t239ZN3N3d6H+uucVuvZ90abN8t38fq+7f193CD/dm269/U/luzH1X7bNuZc7kchbUfOgwEAvjX/hy77n7ZuvxVxwwFgwQDfvD51n4goLCVVyoiIiIisn0oABYREdmEfj3quedXnyUQKP9zuaKjxKLEfsRicdLpNG1tbRQKBVctCusqWiqrVCsrV22+r4WqlW2fAcLhMH6/n0AgwOLFi4nFYtTW1hKPx+nataur9rVWx3V1dS40zefz1NXVuUrayvm8FnJaAG3tpIPBINFo1LWqtnVbUGzBqbVVrgxFAVdZXBmKep7nAla/3084HHZVzpXtsC0Ut8pZq4guFoukUqkNf2G79jor5wVXVh4Dboawtd+2Ob7WBttaV/v9fmpqagiH17UO9DzPhdYWftsx/X6/m31cORvYwv7a2loCgYAL1bt0qaejz+GsKncFJxQMcN9vPkff7ltqUygiIiIiHxbBUND9t0BnZ5JkZ3Ljk4RdKl4OgltbW2nvSOLhuVEuIiIiIiIfJAXAIiIim3HIPoO55aenub+/vTxLts8EfD4f2WzWVYda+8JKlTPRLAC2ub0WiFr1roWvtm0gEKC9vZ1ly5bh8/lcdW48Hndzcy3IjEQiLjQulUrU1dURj8c3mLlrv3yyENOC11wu52bfWhhs4Sysa2ltYXFl1a5VFdvxM5kM+Xze3Qs7hwW9Vkkbi8Vcpa5VNlvgGwwGXQBs98nuY6lUcsGvraWyKrhYLLr5x/Z9sVh0LcBs7ZXXFolEqiqj7XGrMq6s/LXQ2AJz+76ySripqYlC/0m8vTzr7v3tl5+pub8iIiIiHyk+utR1oaamBp/Px5o1a3j+hRdYsWLl2pEs5Z//CoUihUKRXK5IMplmydLlPPvcFFpamgFIJBLU1Nbu4GsRERERkY+b4I5egIiIyIfdKZNGsWB5Kxde/RAAry7MceBeJ9A++caq2b3BYNBV9VbOw7UQs7LK1VpAV1YPR6NR8vm8mwEcDoeZPn06Q4YMcUFkNpt1rZgLhcIGLZktFK1s5WytoXO5nAt40+m0e8zn8xEOh8nlcgBVrZsr123HTKfTruWxXVsgECCXy7m2y4CbsWvHtgDaKqCz2SzFYtGdzyp2M5kM2Wx2g9m/1jbawtlMJlM1G9leB2s3bcFyNpvF5/O5GcdW0ZtMJgmFQu66rZ21VT7bdnYv7DyV99TaUdqs5Gw2S3DAQbw4P+/eP1d+51McN37E+/cGFREREZHtzueDpqZuDB06hNWrmikUC0ydOpWZM2dSX99AJBJd+zN6eftCvkAmm2HNmjaSyRSe58Pn8zN48GDXcUZERERE5IOiAFhERGQrfPeMg1mwrJU/3vU8AM/O9/jkYZ/hlX//tarVsoWCVnlq4ahVxFaGlZWhpc3TtcpagHw+z/z586tmCls1bCQSIZvNks1mXQtmC1bz+byrVLAw2u/309DQ4AJOm+3r9/vJ5/OkUikXJlulrgWtdi0WntrcYWsXbccJh8Mu9LUK3HQ67SqMoXI+nq8qzLUvux+V1dSRSMStqfK+Aa4a2KqfK89jr4cF7TU1NS4MbmxspL293d2/ymuwa7U21vZ8NBoll8u5dtLWrjufz9PQ0EB7ezvDxp/K5Pnr1nfBmRM47+Rx2/OtKCIiIiIfAM8rj2eZcPAE2te0M/Ott8hms3R2JunsTG2wvc/z4eGVu0ADkUiY3Xcfwbhx44isHYMiIiIiIvJBUQAsIiKyla78zqdY2drJnU/8F4BHZ/s44tCTeOWJe1w4u6kQEnCtly1sBFylarl9XMFtY+FoKpVi4cKFjBw50j0WjUZJpVJEIhFSqfIvn6x9tAXBpVLJtY3OZDJun0QiAeCqZK3dczwep62tDcCtMR6Pu9bGFgzb2i0EtWplC7AtOC0Wi8RiMbe/VeraNVu1NODCWwtn7V7YPayc22uBtt1PY89Xhuu2Rvs+k8m49VtQXXlt9lrk83lXiW1/2j5W5Wtrs9bRHR0djDrwaB6eH3JrOuPwPfnFeUduvzegiIiIiHxgfGsn/dbWxDnppONZvHgJc+e+w8JFi2hpaaWzM+m61tgHCWtqEnRtbKR//74MHDiQ/v37EY1Gd/CViIiIiMjHkQJgERGRreTz+bjlZ6fTvOYvPDl1LgAPz+/C0Yedwov/ucNV+lYGldYq2MJSawG9/nzbyjATcNt5nsdrr73G6NGjXRgJEI/H6ejoIBaLkclkKBaLVbNsrf2zze31PM/N/bU5uxb0ep5HNpslGo2SyWRcdXGhUKgKSW09tgZrC10ZZtucY6tOtmurvH47vt2bYrHoAuNkMkk+v6598vrV0pUtoa39cj6fd+ewINeqka2ttG1vFdCZTKZqlnE0GnUBvAXyVuVrr6ltV3mejo4OSqUSY8Yfy8Pz17X2m7j3IP568anb9w0oIiLyMaCwTD6MYvEYDQ0N7LHHyB29FBHZCul0ekcvQUREZIfzb3kTERERMcGAn3/9+mx237WHe+zBuQlGTzqdfD7vZvVa1auFpVbZa4FjZctjC3YtNLaKWGsf/eabb9La2uqOY9vX1dURjUaJx+NEo1FisRihUIh4PE5NTU1Vi2abD2xBqc20rWw5bcGw/WlVurZNJBIhHA67ELZYLBIMBl3YXFnpbMe09skW/to6Kttm2z5WrVs5F3n9ANgCZ7sum2FsIbKdo3J+cSKRIBaLudnJtr/dA5s7nMvlSCaTAC6wtnuVzWbJZDJ0dHS4c+fzecLhMHsediaPLenq3g9jhvbmX78+m0BAP2aJiIiIiIiIiIjIB0+/mRQREdlGiViYx6/+MmOG9naPPT4vzPCJnyEajboAFXDhZ2X7ZAseK8NTq7KtbP9slaeFQoHp06e78BTKAWU8HsfzPGprawGqglirzrV5vVa1apW9FtBWVvFaZa3neW4mcDgcdn/mcjkAV1VsrabtOmpqalzlMuDOC+X5aZXhrYXc4XDYhc32WHt7e9X9rpz5W8lCXwup7X5bMJ3P58nlcrS2tpJKpUilUpRKJReUW4V2KBQiHA677y2Utvsdj8ddgF0qlchkMq5d9MADzuA/c9c1VBk9pBePXvlFEjHNeRMREREREREREZEdQwGwiIjIu9DUkGDyn85lwl6D3GPPLAjQuNcp1NfXEwqVZ8FaVauFsxZ6AlVVwFY5bEGpVaACRCIR3nzzTZLJJJ7nkUgkiEQirsWztTyOxWKuDbTN9QVcwGqzcO28du5QKERbWxu5XM7Nxm1sbKxqEW2zhWHdjGDbt1gsksvl6OzsdAF3sVh0c4atgjgej7sKYqvQtfDWwnFrR13ZMroy1LZ7aiG7VeNW7m/XbPONrZK3vr5+g/tmba5tm0wmQzAYpKamxoXJla+VzQiORqPUjzmZZ+YV3et/0J4Defba8+jaJf4+vONEREREREREREREto4CYBERkXepNh7h4d9/gRMmrJsFNm2pD2/Ip4gnElVVtfl8vmo+MKyrYK0MSa1S19pIW6C5bNkyF6paO2afz+cCybq6OqAcyFpoCrhzWQhsVbwWTCeTSTKZDHV1dS5YtnbIdm47l1XpWrBsoWvlvOFcLudaXVdWIMO6GcHW5traTdssXmMhtK3TzmX3z8LbbDbr7rG1s7bAOp1Ou+pkW386nSaXy5HL5Uin04TDYRe4W5gcDoerqqOtWrsyYG5q6k545Kf574p11c7HjR/Bo1d+kXg0tN3eXyIiIiIiIiIiIiLvhgJgERGR9yAUDHDH5Wdy3snj3GNvryzR2e8Yuvfo5QJJq0Zdv+rUKlutAhWomgVslacdHR1MnTrVhcQW/lrVr1UWW7AaCATcPFwLmQOBgKtoLRaLLmAOBAJEo1EXhCbWhtcW1lorZQtZLYi1NspWgbv+tdjaK9tIWxBuIbGtKRKJuMDZKoAr5/5aIFzZ9tkes3NUzhqOxWJVc4TtPlTeGwvZi8WiazttM5YLhQKxWKxqbrLP56Nnr95kBp3MvFafe73PPfET3ETUVh8AACAASURBVP2rzxIKrguERURERERERERERHYUBcAiIiLvkc/n48rvfIrLzj3CPba03cfcmonsPnqsa3VsM3CtmtWC4Hw+7wJPC0NthrBV14bDYR566CEXytqXzeK1QNXn87lZtravfXme52YUWytoKLd0TqVSLlQtFouuEtZm9Np+hULBtXi27a0i1+buZrPZqvbNdsxAIEAikdigcthm61qlcKFQqLq3leH4+ve9MvS11trBYJBCoUAoFCIWi1UFxalUimw269ZrIbuFwhaa+3w+1qxZ47YtlUqM3md/FjUewfKOdTOJL//qkfzheye4SmsRERERERERERGRHU0BsIiIyHZy0VkTueHiU10Y2JGF/zQPYffxJ7hQsTKQteCzcp6tVapWzp6FdS2QX3/9daLRqGvpnM1mXRXw+m2VI5EIoVDIVddaAA3Vc3QtALVQ2Z63Fst2zGAwSDwed8cFXLBtQWwwGKS2tpZoNOqqbCsDV7su+96uy85v176xQLXyMbuHdt1WzWwV1pXXaY/Z/pX3FMptsxsaGmhsbKR3796uCtjaR4dCIcYdfTbPdO5BqhBYe34ff//Jp7nwMxO219tHREREREREREREZLtQACwiIrIdnXXU3tz7v2cRjZQreH0+H/+ZFyMx+tP06NmLbDbr2g5XVqZa+GrfW5hpASuUZ/G+/vrrroLXglKfz0c0GiWRSLj2yYVCwYXEVilslbF2TqtGthbHtp+d34LQygplq5i1NVj7aSiHrTZjN5vNuscikQjRaBTAHd/v9xONRt1MYwto8/m8u97KGcoWWFe2zi4UCm57C7+t1bZ9b22m7Xlrk10qlUgmk+TzeTcH2a7f1hYMBulS30DD2M/y1NIuLjCOhIP8+3df4IzD9/yA3lUiIiIiIiIiIiIiW08BsIiIyHZ2zIHDeemGbzC0f5N7bHazn9nxiYzaZ5wLMq3i1cJNC3/teWsDbUFwqVRi5syZxONxSqWSC3hNMBikrq6OYrHo5tgChMNhSqWSqxS26mCb72tBsLV4tjDY2j9XzvatrBYGyOVyhEIhtw4LhivXbhW6lZXNUJ71Gw6HXchrx6us9LXvK+chA65a2mYhW8hrj1t4vP6a7DqsQtgC31wuRyqVorm52bXh7j9oBCt6Hsfc1nX3eGj/Jl7+6zc4dOyQ9/w+EREREREREREREXk/KAAWERF5H+y+aw9e+/u3+PyxY91j6WKAJ1qGstv+x27QzthCVws6LRyubOlss4T/9re/UVNT48JMm39bWVkbCoVchawdM5VKkcvl3Lni8TjhcJhsNusqja0Vted5Loy181qwbFW3tr21X7bZwYCrTrZKXXveQuZCoUAkEsHn85FIJFwIDWw06LWK3MptrNIXcKGvhb22ZrsngUCAeDzuWk9bBbYFw57nueppv99P3zGHM7U01rV8Bvjip/bltb9/i9137fH+vnlERERERERERERE3gMFwCIiIu+TaCTIdT84mdsuO4NErByM+nw+nl7WQGKPU+jRs5erfrUKVqieb2vtjy0MDgaDPPvss7S3txMOh10VbOW8XQt/oVzh2tnZ6QJYv99POBx2x4tEIq41slX12jn9fj/ZbNYFxBbgWiWttW62kNeqh/P5PKFQqKoK2ULqVCpFPp93rZgDgYCruM3lcq4yt3Id+XyeVCpVFebadnZdmUyGVCrlHs/n88TjcVdJbaG63+93ldCRSIR4PE4sFiORSBAIBKip7UJ01Kd5cVWjC5vrElHu+uVn+fP3T3KtvUVEREREREREREQ+rBQAi4iIvM9OnTSK6bd8m72G9XGPzV0TYWbiMPb75KeJxWJVrZitDXShUKgKhi3AjUQizJkzx83NtSpZC2Y9z3Mtnv1+P/F43LVezufzZLNZFxZboFtZfVzZotqer2TntfbJtuZQKEQ2myUYDJLJZIDy3GILaJPJpGstbRW9FtBaBbJdK6xrH22VvhZcQ7ni18Lvrl27EovFiEaj60LbujoXaFvobPva/bY22pFIhFgsxuiDjmd531NZ3Bl1a9hv9/5Mv+V8jj949+36nhARERERERERERF5vygAFhER+QDs0quB56//GhedNdGFlPmCx0NzY6QHncKenzjYVbta+2NrS2whqwWvnufx4osvEo/HiUajrnq3WCy6Klxr5QzQ3t6O53nEYjFKpZILZwuFAul0GqCqBbO1gLYW0lb5axXJVt1bOcfYWi7H43Gy2SxAVehc2ebaqngt/LWgu7KdtQXR1sbZwuDK67J7kUql3BqsNXQ2m3Uhr8/nIxqNVrWxrq+vJxgMksvlGDJyb5K7nMiTSxspFNfNDf7h2YfwzDVfoV+P+g/iLSIiIiIiIiIiIiKyXSgAFhER+YAEA34uO/cIpvzlPPYc1ts9vqLD49EVu9Bj3zPYdfBQQqEQQFX7YquCtarb6dOn09nZ6SqAY7GYm3MLuBm7nucRjUarZvpC9Yxeq7614NWC5MqqZAtjbb9QKOSC2crq4c7OThcKp9NpF0jbn5FIxM0otnnBdiyrNm5qanJrswpgv99POp124XjlfF9rHW3BdyAQcGG1Bd+2PZQrgguFAgMGDqLHfmcyuXUoq1LrfiTaa1gfpt74TX725cMJBPSjkoiIiIiIiIiIiHy06LeaIiIiH7B9R/Tj5b9+gz9//yQa6+Lu8ekr/LxU2p/B+x7lWjjblwWoVlVbLBb597//7appbf6thaDWLtmCUMDN5o3FYm5mr1XB5nI5MpmMm8lrYaznea4FtAWqlZW19r1VKltobZW8gGsxnUwm3czgSCQCUDV32ILuLl26bHQWsB0fcOuwa7B5xBZW9+zZk3g8TiKRIBgMEgqFSCQSLhAfuPfhvBY4iFmt69o9d6tPcO1FJ/PSX7/O6CG93q+XX0REREREREREROR9pQBYRERkB/D5fHzxU/sy+84LOPfET7iQ1ufz8/TSelr6ncg+E46lrq7OVcECrho2Go3yyiuvuGrdRCLh2kRbhSuUg9J0Ou0CWQuRLdS1Kl9bkwXMUK7MtapeawVtlb7BYJB8Pu++CoVC1b4WxobDYTef2ObthsNhcrkckUjEVTtXrslmBFdWAG8sfLYw2EJfm2scDodpaWkhHA6TzWZdwB0IBNhnwnGkh53Ji8098Pnsnvr46kn78/YdF/CF48a610JERERERERERETko0gBsIiIyA5UXxvjD987gVf//k3GjujnHu/IBbh/bh3JXU9l30kn0NDY6CpkrZ1xZ2cnS5YsIZFIuEracDjsQloLSC0ctses5bMFsKFQyAWolceorNatDIetmteqja0tcz6fd9W6gUDABcjZbJZMJuMCYavyXT/gzWaz+Hw+4vE49fX1rr207WdrtO2tBXUul3PtpYPBoDufrX/QoMFMOuFzFEecxePLepAqhNx93ndEP6bddD5Xffd4utSsqwYWERERERERERER+ahSACwiIvIhMGpwL57/y3nccPGpNDUk3ONLWjLcPTPCwq5Hs89hp9GtqQnABaP3338/tbW1G7Q4tnbQ9mWzcq21s9/vx/M8F/rGYjHXKtn2sVm6gUDAVeSm0+mqfW3bYrFINBqlVCq5ANnCZZsdHI1GXaWvhbYW6FZek11LZWWy/WmhdiAQcIFwNBp1La3tvOFwmF0HDeLg48/hzehE7poRYGlrxt3XHo01/PXiU3n++q+x+6493v8XWEREREREREREROQDEtzRCxAREZEyn8/HWUftzSmHjOKG+1/md/94hnlLWwDozJR48O0gvuih7L9/mtSCl1i6ZBEzZsxgwYIFdO/e3YWrVrVrIS7gWi57nlcV8obDYSKRiGslbYFsZYtoay1twXEul8PzPFcRbBW5uVzOVf1Go1ECgQDZbJZEIuGqexsbG91z67d1tvbWNqc4Go26wNmOW9lm2sLffD7vQuBSqUSffgOI9d+Xp+b58Wb6gHX7DOrblW/+z4F8/tixxCLrKoFFREREREREREREdhYKgEVERD5k4tEQXztlHF87ZRy3Pz6d3932DC/OWAiAh58pSxN4wQmM3NdjYGw1DzzwAJ///OddtW0wGHQtkXO5HFAOcitbMts8Xgtd8/k84XAYKM/jzWazpFIpFyJbAFw5B9gqdj3PIxaLkclkCIfDrjo4m80SCARIp9MArtW0zfi1xz3Pc+GttXUOBoPEYjGy2Sx+v59CoeDWby2nrQK4sbGReCLBriP2Zm5nAy80h/DNq57ju/8eAzj/tPGcNHGPD+Q1FBEREREREREREdlRFACLiIh8iJ06aRSnThrFKzMX8783Teaep96gVCoHrDNW+phBdyKhHnR7cQknHzKSABlKpRLxeNyFtVbFa2GtzdOtnP1rwapV7VpVbSqVolAobFD5ayGw7W+BbWVr5lgsxpo1awBc9XA0GnVBs1UiW7VxNpsFIBKJEA6Hqa2tpa2trWqesYXbdh2jxx5Ivm4wzy/0MbOckbO2YzR+v48TJ4zke2dOYJ/hfT/AV01ERERERERERERkx1EALCIi8hGwz/C+3H75mSxY3soVtz7DDQ+8TDJdru7N5j1unLyQGycvpG9TLV85dhT7Dqsh6PdcBbC1UbYQ14LUuro6UqkUgGsRHQwGCQaDLtgtlUoALvSF8rzeUChUFTAHg0E3/zccDrv2zYVCgXA4TE1NjQtyPc9zlcdWcVzZhjoSiRCLxdy2xvM8hu0+hlCP3ZnenOCJlhC0VN+rmniELxw7lm+ffhB9u3d5/14UERERERERERERkQ8hBcAiIiIfIQN6NvC7bx/HT7/0SW599DVu/vervPDGQvf84lUd/PCG5wDYpWcdJ40fwn679aA+GiSTTrkA1lo6BwIBIpEIXbp0oa2tDYBwOEx7ezvpdNq1ec5ms4RC5Zm51v45EAi4ql5rD23Vu9YK2r4PBoOuktiOYTODbYZwLBajvb0dv9/v9otEIvTq048+g0fTEejGtGV+pvljsGrDe3Pg6F0488i9+Z9DR1GXiL6fL4OIiIiIiIiIiIjIh5YCYBERkY+gLjVRvnLi/nzlxP2Zv6yVmx9+lZsemsqcxc1um/nL2/m/O6a6v/ftVsMRY/ux166N9OwSwkeB9vZ2AoFAVVvnQqHg2j/7fD4XAltQay2ZrVLY/h4IBFygG4vFKBQKFItFV1WcSCTw+Xyuyhdw2xSLRdLpND6fj6YevQjW9iDbtYAXn8A7pTDvWJXvej+5fGJkf049dDSnfXIM3Rtq3u/bLiIiIiIiIiIiIvKh5/Mq+yqKiIjIR9rrs5dx6yOvcduj01iyas1mt+1aG2HkgHr2HtKdIX3r6d01QW0sSDqVJJlM0tHRQXt7O4VCgUAg4Gbv1tTUuADX7/dXtYuORqNu246ODubMmcOyZcsIh8M0NjYSi8Woqakhn8+TqKmjI12gJVlg/vI1zF7WyeyVBTrzgc2ue69hfTj10NGccfie9G6q2273TkRERN5flaMkrKNIqVRyHwYrFos0NDTs4FWKiMhHXWtrq/uQsnWusg80W1cq+29aERGRD7P29nYApk2bttX7jBkzBlAALCIislPyPI9XZy3hoSmz+PeUt3jpzUVsyz/5owZ2pX9TjMY49KiPEw1CIhogHPTRpSZGwOfh80r4fVAqFQmHw8TjcYKhCMFQmBI+Vre0sXTZCtqTGfIlP6lCgIWrs7y5eA1zliW3ei2779qDg8bsyrhRAzh03yGq9BUREfmIUgAsIiIfBAXAIiKys1AALCIiIpvV0p7ihTcW8uqsJUx7eymvzlrCgmWtO3pZGzViYA8O3nNXDtprVybtM5iuXeI7ekkiIiKyHSgAFhGRD4ICYBER2Vm8lwBYM4BFREQ+Bhrr4hw1bjeOGrebe2xNZ4apby3m1VlLeG3WEl57eylvL1y9TZXC71YsEmJo/24M69/EsAFNDF375/BdehCPht7384uIiIiIiIiIiIjsrBQAi4iIfEx1qYlyyD6DOWSfwVWPr2jppKU9RfOaFM1rkjSvSdHSnqKtI82q1iTN7Sla29OsrngumyvQtUucukSULjXlr9p4pPz3RJTGuhjdG2sZNqCJYf2b6N+zfgddtYiIiIiIiIiIiMjOTQGwiIiIVOnRWEOPRs3ZFREREREREREREfkoUgAsIiIiIiIiIiLvyktvLiKVyTF6cG8a6mI7ejkiIiIiIgL4d/QCRERERERERETko+fZ1+ez/xeu5hd/e5LaRGRHL0dERERERNZSACwiIiIiIiIiItukWCzx9d/cy7ABTfzz52cQDOhXTCIiIiIiHxZqAS0iIiIiIiIiO43Dvn4dT7wyh7t++VmOP3h3AG5++FXO+uk/6d5Qw9t3XkBtvFyteu9TMzjp+3/nkH0G85+rvgjA4pVrGPCpyzd67Ot/dApnH72P+/tTr73DT657lKlvLSERDXPs+OH8/NwjaWpIuG3WP57f76Nfj3qOPXA4Pznnk1Vtk794+Z3ccP/LADx33Xl8YmR/91wmW6DpiJ+QyuTZtU8js++8cIP1zXhnBaPO+C1+v48lD/yI7g01G72Oh6a8xWU3PM5/5y6jqaGGw/cbymXnHkHXLnG3zWV/fZwfX/so3zj1AK44/7iq/e265y5pJhENc8HVD272uqf85Tz22718LW0dabp+8if4/T7yz/1yo+szQ07+Fe8saQEgFgkxanAvvnvmwZw4YWTVdvb6bsy/fn02xxw43K2nLhGl9bGfbva86/M8j9/941muuecFFq1sY2CvRs46eh/OP218VfBdO/FHpDJ5ljzwI3p2rQXgL/e9xJd/cRcnThjJHb/4zAb3Bjb/nvA8j6vumMJ1977InMWraaiNceKEPbjs3MOpr61uuT1/WSs/+OO/eezl2eQLJcaNGsDPzz2CMUN7b9P1ioiIiMhHnz6eKSIiIiIiIiIfCytbO/n1TZO3alu/38e4UQOqvno01rrnH33xbT759et4+rV5NNTGSGXzXH/fyxx07p/oTGU3ebyxw/vRvCbF1XdM4fRLbt3k+e9+8r9Vf3/kxVmkMvnNrvn2x14HoFTyuGu9/d1xJ7/Bcd/9Gy/OWEjf7vUk0zmuvfdFJp13Dbl8cbPHh22/boDvXfngFo+7OaOH9GKXXg289OYiTrnoJn572zMb3a6hLrbBa9ZYF9/ottvi27+7n+9e+QALlrcyqE9XFixv5ft/eIiv/+be93TcrXlPXHrD45x/xX3MWbyavXfrS8nz+NPdz3P0t2/A8zy33bLV7Yw752r++djrlDyPeDTEw8/P4qBz/8S0t5e+p3WKiIiIyEePAmARERERERER+dj47W3PsHRV+xa3q4lFeOaar1Z9Hbn/MPf8135zL4ViiV9/4xgW/OsHLH/oYg4YtQtvL1zF/9369CaPN+Uv5/HGrd8mFgnx6Itvs3B520bPf89Tb1T9/d6nZmxxzXc8MR2fzwesC4MrlUoe3/rtfXiexz8uO4OZ//wui+77IYfsM5j/zl3O3/89dYvn2NbrBnhu+vytWv+m3PCjU3njtu/w9J+/QjQS5Ad//LerDK40fvTADV6zcaMGvOvzAsxasIqr7phCXSLK9Fu+zfRbvs3sOy+kW32Ca+99kdmLVr/rY2/Ne+Lae18E4OHfn8Oz136V2XdeSJ+mLrzwxkKm/HeB2+6Sax9lRUsnxx+8O8sfuoQlD/yIb582nmQ6x/m/u+/d3wARERER+UhSACwiIiIiIiIiHwt+v490Ns8l1z7yno4z7e2lzF3cTI/GGr556gFAuUXxJeccCsDtj0/f7P79etQzuG9XABat3DAA3nNYb95Z0sLrs5cBUCiWuP/ZN9lrWJ9NHnP6nGXMWrCK8WN2YUi/bjwzbT7LVlcH3a+8tZglq9YwsHcjp0waBUA4FOC8k8ex74h+LG/u2O7XbYH09//wEIViabPH35JxowZwxuF7ki8UueWR197TsbbWv56Zged5nDRxJEP6dQOgZ9dazj3hE+w7ot97CoArbeo9YVW+bR1pAGrjEe785Wf416/PZtfejUA52L97cvkDAz/70uGuLfUl5xxGNBLk6dfmsaKlc7usU0REREQ+GhQAi4iIiIiIiMjHwmH7DqF/z3r+9uBU/jt3+bs+zqyFqwAYMbAHgYoZsHsM6gXA2wtXVbXnXd+C5a3MWdwM4EK8SkftvxsA90wut3Ge/OpcWtvTVRXI67tjbfh61LjhHHvgcDzP48712kDPWRtWWtBojj94d56//mv86HOTNnl8eHfXXRuPcOqkUcxetJpr7nlhs8ffGnsN6wvA9NkfTFvjuYvKr9Ogvt2qHv/plz7J89d/jaPG7bZdzrOp98SXjt8PgJO+fxOnXHQTj788h31H9OOYA4fTq1sdAKvakrR1pAkE/IwY2N3tWxuPMKBnA1CuZBYRERGRjw8FwCIiIiIiIiLysRAJBbns3CPwPI8Lrtr8XNr2ZIbA/he6r4En/MI9t6YzA0B9baxqn8a68t9LJY+O9ebhdqazjP/yHxl3zh/Y4/Tfks7m+fyxY12IV2nk4F7061HvqjrvnVxun3z4VgTAxxw4nGPGjyg/9lh1Ra6tqTYe2ey1b8q7uW6Ay796JKFggJ9d/xjtyY3PCd5aXbuUZ/q2tKc3eO6+Z96ses0+d+nt7+lc8N7v2eZszXvi4s8fyo/POYxIOMDdk9/gk9+4jr3P+n1VoLums3wv6hIRV3FtbAZyW+eG90tEREREdl7BHb0AEREREREREZEPyumfHMPvbnuGR198m0F9um5yO7/fx4Gjd3F/79lY676vS0SBdW15Tevav/v9Pmpi1YFhqeQxZfq6ma1HH7Ab13z/pI2eO5XJceKEkfz+n88ya8Eq7n16BnsO602PijVUem3WUmYvWs3A3o0M36U7Q/p1o742xnPT57Nk1Rr6NHUByu2aATrTuU1e9+a8m+sGGNi7ka+dMo4rbnuG/71p8rs6t2lekwLWhc6VujfUsM/wvu7vo4f0fk/ngsp79t6C643ZmveE3+/jki8cynknj+PvD03lj3dNYdrbSzny/Ot549bvEI+G3OvSnszieV5VCGyvTZea6HZfv4iIiIh8eKkCWEREREREREQ+Nnw+H7/+xtEAXPuvFze5XU0swpN/PNd93XbZGe65Yf2bAJjxzgqKFXNt31jbVnpQn674/dWVmHWJKMXnf8Urf/smAM9NX0Aqs/EgNpXJc9IhewDl2bnLVrdz0sRRJDcR3N7x+OsAzFvaQmD/C4kceJELae94fF0b6MFr2xi/s6S5av9/Pz+LEy64kavueG6T9+PdXrf54dmTqK+Nbfaeb41XZy0GYOSgnhs894mR/bn//z7nvr716QPf07kABq1tlz1vSUvV47+++SlOuOBGnpw61z1mVcLpbN49Zt9H1wbJlbb0npi/rJWf/uU//PnuF+jaJc75p43njVu/w6C+XVmwrJUp/50PlIPv+toYxWKJN+etdPt3prIsWNYKwJD1WliLiIiIyM5NAbCIiIiIiIiIfKxM2GsQxxw4vCrE3BZ7DuvNkH7dWNnayVV3TAEgmyvw878+AcDJa8PbTe176NghtHWk+fMmZuLm8kXG7TGAXt3quO+ZN90x84XiRre/44lyq+e9d+vLuFEDGDdqAKOHlOfy3v7Y6267sSP60tSQYM7iZh54dqZb929ufor7nnkTHxsPb7fHdTfUxfjh5ya963sO8MIbC7nlkdcIBPyc9skx7/o42+KYA4cDcPfkN1iwvBymLl3Vzq9vnsx9z7xJU33CbWuh9D1PlVt2F4slHnruLQB237XHJs+xqfeE3+fjZ9c/xnevfMCdOxjwEwmVG/rZ6+X3+zh5Yvne/+S6R909/sWNT5LO5tl/jwH0btqw1biIiIiI7LzUAlpEREREREREPnZ+dd5R/Pv5We86kPzD907gqPOv5zu/v5+rbn+Wts4MbR1pBvZu5HtnTtjsvhd8ZgKPvTybK257hq+fcgCR8Ia/nvH5fJw4YSR/uHMKewzqyZB+3Xhl5uINtpv61mLeWdJCY12c5/9yHoFA+bP+yXSOpiN+yoszFrJweRv9e9YTCgb4368dzecuvZ3jL7iRof270bwmxeq2JMMGNPH5Y8e+r9f9tZPH8cc7pzBvactmt1vfFy+/k3yhyIx5KyiVPH7+lSMYurYaudKzr89n4lf/XPXYpV8+oqqVd2c6u8E2l3/lSPbfY8BGzz1qcC/OPnof/vbgKwz/n98wpF835i5uJp3Nc+YRe1VVIv/wc5N4/OU5fO/KB7jpoam0daZZuLyN7g01fOHYfTd7jRt7T/TvWc8XjhvL9fe9zB6n/5a9hvVh8co1zFvawq59GvnEyP5u/59+6ZM8OOUt7p78Br2OvpR4NMyiFW1EI0F++61jN3tuEREREdn5qAJYRERERERERD52dtulO+cct/lQbnMmjR3MY1d/iQl7DWJVW5JQ0M/ZR+/Ds9d+dYvzVieNHczeu/VleXMHf3vwlU1ud/IhowA4ae2fG3PH4+Xq36PG7ebCX4BELMyhYwcDcPvj66qAP3vU3tx66ensMagn85a2EIuE+MJxY5n8p3OJRzdsU7w9rzscCvDzrxyxxXOs79VZS5izuJm9d+vLPy47g+9/duJGt2tpT/H0a/Oqvla3Jau2KZW8DbaxucKbcs1FJ3HJFw6lR2MNsxetpn/Pei479wiu+8HJVdsdvOeuPHLlORwwahfmL2ultT3NceNH8PQ1X6GpIbGJo5dt6j3xpwtO5Irzj2Ng70ZeenMRqUyO/zl0NI9e+UUSsbDbrmfXWqZcd56rjG7rSHPYvkN46k9fYd8R/TZ7bhERERHZ+fg8z/N29CJEREREREREZOdmv34olUp4nkepVKJUKlEsFt1XQ0PDDl6liIh81LW2thIIBNyX3+/H7/fj8/nw+8sflPH5Nt/yXkRE5MOgUqP8TAAAIABJREFUvb0dgGnTpm31PmPGlD8QqApgEREREREREREREREREZGdhAJgEREREREREREREREREZGdhAJgEREREREREREREREREZGdhAJgERHZaVz218cJ7H+h+2o49Mcc9OU/cdujWz8j4f2WyxcZe/aV9D76Ut6av3K7HXfm/JX0OupS9vv8VeQLxQ2ev/WR1wjsfyH9j7ucpavat9t5P6ouvuYRAvtfyMSv/nlHL0VERERERERERERku1IALCIiOyW/30d7MsNz0+dz5o9v44uX37mjlwRARyrLtNlLWdHSyayFq7bbcWctWMXK1k5enbWE9mR2g3N+76oHScTC3P9/n6N3U912O6+IiIiIiIiIiIiIfLgEd/QCREREtrdd+zQy+84LWd2W5MaHpvL9PzzEDfe/zPgxA/nsUXvvsHUViiW6donzn6u+yIqWTo4bP2K7Hfu48SO4+aen0aepC127xKuem/HOCj575N4cvv9QRg/ptd3O+WFUKJYIBvT5NhEREREREREREfn4UgAsIiI7rW71Cb5z+kG8+c4K/vbgK1xx2zNVAfAf73qeq+94jnlLW+jVrY5zjtuX7392In6/D4DJr87lkmse5fU5y0hEQ4wfM5Cff+VIBvftCpTbOf/kuke5+eHXaG5PMrRfExd+diKfPmw0AANP+AULl7dx8ecnceuj00hn88y75yImnXctAD0aa5iw1yC33UVnTeTB595i1sJVDN+lO1d/93j232OAW++ND03lNzc/xZzFq+nbvQtnHrEXF511COFQgCemzuHMH98GQPH5XwFQKnlc8Y9nuO7eF1mwvJV/Pv46nztmLBedNZFgwM8bc5cz+swrCAb83P2rs7jg6geZv6yFMUN685cfnsLwXbpv9L62JzN887f3cc/kN6hNRPjip/bjn4+9zlvzV/LIledw6NghW7y/V98xhW/+9l8cOnYIE/cZxFW3P0cqk+eITwzlmotOoi4RBSCVyXPxNQ/zz8em07wmyfBdunPJFw7j+IN33+Q9XnTfD2ltT3PJtY9w9+Q3WNOZYbddmvjh2ZM4YcLI7fPmEhEREREREREREfmQUomMiIjs9E6cuAcA0+csY1VrEoCfXPcoX//NvcxasIpwKMiCZa1cfM0j/PLvTwLw+uxlHPmt63lu+nz2HNqb2niEO5/4L5POu4Y1nRkAPnfpP/nVTZNZsmoNfp+P6XOWccYlt3LXk/+tOv+lNzzO3MXN+H2+za7zFzc+SSqTIx4NMe3tpRz97Rvcua6990U+f+ntvDlvBQG/n3eWtPCz6x/ju1c+sMnjfeuK+7jgqgeZvWg1Ab+fBcta+cl1j/Lt391ftV2hWOKEC29k3tIWMtkCL7yxcLMts7/8i7v4+0NT6UhlWdWa5Kd/+c8G84y3dH/Nk6/O5Yd/epjWjjTtyQy3Pz6d/71pMgCe53HMd27gd/94luXNHYSCAV6fvYyTvv93nps+f5P32PM8jv72DfzxrucpFEvs0quB12Yt5eSLbmLyq3M3+xqIiIiIiIiIiIiIfNQpABYRkZ1e3+5d3PdLVq1hVWuSy28sB5F3/fKzrHn8Zzzw288D8Isbn6BQLHH/s2+Syxc5+oDdmPync5l28/mMHtKLeDTM9DnLmPHOCv7xn9cBePj359Dx5GV878yDAbjyn89WnX/EwB48dMUXePj352x2nd8942Bm3XEBs26/gKaGBGs6M/z1gVcolTx+fO2jAPzg7EPonHyZW++f73mBXL64wbHmLW3hD3dOAeD6H51C5+TLuOVnpwPwhzunMHO9wPbai04iOfkyrvvByQA8/98FZHOFDY47Z3Eztz8+HYArzj+O9NM/3+C6tub+mngkxNQbv0ly8mWuOvvJqeWQ9l9Pv8lTr75DQ12Mt++4gPYnLuWCMycAcOn1j1Wds/IevzprCS/PXEQg4Gfqjd/kjdu+w8S9BwFw2yPTNnX7RURERERERERERHYKagEtIiI7vfULbye/OpdisUQoGODB52by4HMz3XOpTJ55S1sY1r8JgMdensOFVz/EpLGDefba84hHQwD86e7nARjYu5HD9i23PD7/tIPYpVcjNfFw1fm+c8ZBHP6JoQBV4ef6hg8st1zu2iXOUeN248YHp/LfOcuYtXAVK1s7AfjS8fsBcOT+w/jz90+iWCyRyeU3ONYTr5RD1B6NNZx99D4AfPqw0Vxy7SPMXdzM06+9wwGjdnHbH3PAcHw+H+PHDHSPrWjppH/P+qrjvjprCQANdTG+dvI4fD6fu/5tub+mX496xgztDcC4Ubvw94emsry5A4DHXpoNQG08wi9ufALAPffGOyuqzll5jwHyz/0SgGKxxKrWJEP6dePJqXNZtLJtg3slIiIiIiIiIiIisjNRACwiIju9Bctb3fe9m+p49vVy++B8ocgN97+8wfYrWzs5ZdIoZryznF/dNJnf3PIUv7nlKWriES798uF849QDaOsot2ZurIu7/Xo01nDuiZ/YLmtuqI0BsKKlg7aOtHu88nxf/NS+m9x/VVs5MO7Vra7q8V5da5m7uJnFK9dsdD9fRVpe8rwNnl/RUg5g+zR1cbOSN9ymfO7N3d+Nn7v6vHauhcvbNjjOpo5h/vX0DH52/WNMn7OMUmnddWzkkkRERERERERERER2KgqARURkp3fXE+WZvCMG9qB7Qw1daqIAxCIhmh/9CZHwxv85/MkXP8l3zjiYR154m3ufeoPbHp3G+Vfcx4Gjd3EBbUt7ym2fzuaZu7iZUDDAsAFN72nNS1e1A9Cjsdady86XiJUrjN+ct4JSyWNo/w3PZUHx+kHp0tXl4zZUBMnbolfXcqC8sqUTz/OqAmOzNff3tVlLt3guO87EvQfx2NVf2uo1vj57Gaf84GY8z+OSLxzGXsP68LcHXubuyW9s9TFEREREREREREREPqo0A1hERHZare1pfnPLU9zyyGsAfPPTBwJw8J674vf7SGfzXHj1QxSLJXL5Ihdf8wh3rJ1ve8IFN9Jw6I+55p4XOPmQPbj5p6cxoFcDAO8saXGtkuctbWHyq+V2y1fd8Ryjz7yC0y6+5V2t98lX5pIvFHlnSQsPv/A2AKOH9mZo/yaaGhIA/PWBVwB46c1F7HH6bxnzmd/Rmc5ucKwJe+0KlIPkW9de/92T3+CdJeX2yxP3GvSu1rjXsD74fD5WtnZy/dqqXLt+szX3d2tM3GcwUJ4JbHOHm9ekOP3iW5mzuHmT+z03fT7FYol+Per54dmHcOT+wyiWVPorIiIiIiIiIiIiHw+qABYRkZ3OO0taiB30A3L5onvszCP24pzjyi2T+/es57unH8z/3jyZq+54jr/c9xJQruAdvkt3Tj5kD848ci/ue+ZNLvrjv3nkhbdZ05lhwbJWGupijB8zkB6NNZwyaRR3PD6dSeddS5eaKGs6y22hv/H/7N13dFRV28bhX2bSSS8EAgnSe+8SDELoHUSw0EHpihAIXekQQJDekSBVEGlBpCtFQQUFBER6DZCENEib+f7Ix7xGCASlaLyvtWaRs88uzz4zY8Z5svdpHfCX4l629Uc+3/UzScmpmExmPFwc6dioAgaDFSO61KZX6Ho+WvA1H6/4htiEtKRv2/rl0m0LfV8hf286N6nIwg2HaPvhSnpM/MLS5o06ZShb2Jdjv19/4hjz5fLgjTplWP7VT7w7bi3vT9nA3cT09yDOzPXNjNZBpZm77iD7fj7PG0M/o9v4tcTdTSI11YS7iwMzg5s/tF35IrkAuHAtilyNRmMym7kVHQ9AYnLKE89ZRERERERERERE5N9EK4BFRCRLSkpOxdnRjiol/Fk07HU+HdE63flxPesze2ALSuTPQUqqCUd7G96uV46t07pgZWVFy1dLsmrM25QtlIt9P5/n/LVIGgcUY+fMd/HxcALg0+GtCX47EF9vFxLupSU35w16jQ4NK/ylmHu1epmS+XNia2OkXOFcbPm4E86OdgB0b1GVBUNaUfSl7NxNTCaHpzPBbwcye0CLDPubPaAFH71Th5dyunM3MRk/HzeGdqzF4mGv/6X47ps1oDntG5bHydEOdxcHRr5b13LO3tYGePz1zQxro4Gt07rQ/61A/HzciL+bRO7srgzuUJNJfRpl2K5ycX+WDG9NQT8v4u4mUqpATj56pw4Apy/e+hszFxEREfmf27dvExAQQGho6IsORUREREREJB0rs9msPRFFREReoLzNx3HxejQLh7b6y8nj5+ni9WgOHr/I67VKAbBo4yG6jv0co9HAlY1DLdtVi4iIiPzR/a8fTCYTZrMZk8mEyWQiNTXV8nB3d//b47zyyiuYTKZ0ZZUqVWLKlCkPrW8ymVi8eDF58+alZs2amR7n9u3bNG3alKZNmxIcHPyX4503bx5Lly5NV+br68vq1av/cp8iIv9lUVFRGI1Gy8NgMGAwGLCyssJgSFsPldk/TBYREXmRYmJiADhy5Eim25QpUwbQFtAiIiLyhHpMXEf4gVO8M/ZzsjnYcv12bFp5i6pK/oqIiMg/gpeXF0FBQZbjPHnyZFjXbDazePFiAgMDnygB/DQ1atSIkJCQFzK2yWSyJERERERERCRr0Cd8EREReSKzBrSgXYPy2NlaExV7l2J5fZjUpxGT38t4W2YRERGR5ylnzpz06tXL8mjcuDFms5lZs2bRqFEj6tWrx8iRI0lISKBBgwYA7Nmzh+7duwNw6NAh2rVrR82aNenSpQsnT54E4MaNG/To0YO6desyc+bMdGOeP3+enj17UrNmTdq2bcv+/fst5zp27PiXErwNGjRg5cqVvPbaazRq1Iht27Y9tN7333/Pm2++Se3atQkJCSE6OhqAoKAgrl27BkBCQgIBAQEkJCSwdu1aevToQfv27Rk9ejQAX375Jc2aNaN+/fqMHz+e1NRUAI4dO0aHDh2oU6cOffv25caNG088DxEREREReb6UABYREXnBzn0xiNQDE/4V2z8D+OdwY/Gw17kRPpyEPWP4ZfkH9H2jOkajPlaIiIjIP0NSUhKXL1+2PFJSUtizZw/Lly8nMDCQNm3asG3bNpYsWcLAgQMBKFasGJ07dyY+Pp7BgweTkpJCz549uXDhAmPGjAEgNDSUn3/+mZo1a1oSqwApKSkEBwdz+vRpWrRoQWpqKoMHD+b8+fMA2NvbY2tr+5fmcvr0aZYuXcp7773HJ5988sD56Ohohg0bRp8+fdi8eTPe3t7MmDHjsf2eP3+ekJAQBg0aREREBDNnzmT27NmsXr2aM2fOEB4eTmxsLAMGDKBdu3Zs2rSJkiVLMmTIEHQ3MRERERGRfzZtAS0iIiIiIiIiWcqpU6do06aN5XjlypXcvXsXABcXF+rXr0/FihVxdnYmV65cAHh7e1OhQgXi4uIYPHgw/v7+5M+fn/379/Pdd9+RmJjI999/T4UKFRg4cCARERG0aNECgF9++YVr167RpUsXOnToQFBQEF26dGHXrl107NiR2bNnPzLeTZs2sWnTJsvx2LFjeeWVVwBo164djo6OBAQE8NFHH5GQkICjo6Ol7vfff0/hwoWpUqUKAJ06dUq3+jgjFSpUoGjRogDY2NhgNpu5cOECFStWZOrUqVhZWbFv3z78/PwsW2O3b9+etWvXcv78efLmzfvYMURERERE5MVQAlhEREREREREshR/f3+6du1qOfb09KR27docPXqUFStWEBYWRpEiRfjwww8faOvk5ERsbCyjR48mIiKCuLg4AO7cuYPJZMLX1xcAo9FoaRMVFQVgOXf/3z+uEn6UR90D2MrKKt1497dmvi86OhovLy/Lsbu7Ow0bNszUuH9sM27cOBYvXszIkSOpWbMmvXr1Iioqihw5cljqGY1GvL29uXHjhhLAIiIiIiL/YNqrUURERERERESyFFdXV1599VXLw8HBgfPnz1OrVi02b97MkCFDOH36NAsWLHig7alTp5g4cSKFChVizpw5VKxYEUhbOWw0GomMjHygjY+PDwDXr18H4OrVq+nKnyVvb29u3bplOU5ISOCXX34BwNraGpPJ9Ng+oqKi8PX1ZebMmaxYsYKLFy/yxRdfkD17diIiIiz1UlNTuXnzJu7u7k9/IiIiIiIi8tRoBbCIiIiIiIiIZCnXr19Pt+2yn58fkZGRzJs3j/bt2+Pt7Y3JZMLJyQmj0YijoyNHjhxh+fLlFClSBEhbvbtjxw6OHTtm6adq1aocOHCAsLAwTp06ZSkvUqQI/v7+LFu2jJiYGL777juMRiNBQUEA9OjRg+zZsz90xfHfVaFCBUJDQzl8+DBly5ZlyZIl3Lhxg5IlS5I7d2727dtH/fr1WbVqVYZ9/Pbbb0yYMIHZs2fj7u5OtmzZSE5OpnLlykyePJk9e/ZQrVo1VqxYgYeHB4UKFXrq8xARERERkadHCWARERERERERyVJu3rzJZ599ZjkuX748U6ZMISYmhrVr12IymQgMDLRsE92xY0cWL17MwYMHeeONN2jZsiXh4eFERUVRunRp9u3bR0REBH379iUmJoawsDBq1KiBtXXa1ypGo5EJEyYQGhrKl19+iY+PD2PGjCFPnjxA2qrchISEDOP98z2A3d3d2bhxY6bm6uzszJgxY5g6dSpXr16lUqVKDBkyBEhLPI8dO5bFixdTv379DPuoVKkSrVq1olOnTqSkpFiOHRwcmDRpEpMmTWL06NEUKlSIcePGWbalFhERERGRfyYrs9lsftFBiIiIiIiIiEjWdv/rB5PJhNlsxmQyYTKZSE1NtTy0tbCIiPxdUVFRGI1Gy8NgMGAwGLCyssJgSLsjov6QRURE/g1iYmIAOHLkSKbblClTBtA9gEVEREREREREREREREREsgwlgEVEREREREREREREREREsgglgEVEREREREREREREREREsgglgEVEREREREREREREREREsgglgEVEREREREREREREREREsgglgEVEREREREREREREREREsgglgEVEREREREREREREREREsgglgEVEREREREREREREREREsgglgEVEREREREREREREREREsgjrFx2AiIjI0xAREUGLFi0eWScgIIDx48c/l3guXLjAW2+9xYQJE6hWrdpT779Dhw4ULFiQIUOGPPW+/2umTZvG3r17Wbt27YsORURERERERERERORvUwJYRESyBDc3NyZMmGA53r17N+Hh4YwZMwZr67Rfd56enk9lrI0bNzJhwgTCw8NxdnZ+Kn2KiIiIiIiIiIiIiDwNSgCLiEiWYGtrm26l7dmzZwGoWrUqtra2Lyqs/wyz2QyAlZXVC47k6cqq8xIREREREREREZGsSwlgERH5z4mOjuaTTz5h//79ANSoUYM+ffrg6OgIwMWLF5k+fTo///wzNjY2VK5cmZ49e+Lh4UGDBg2IiYkBoH79+tSpU4fhw4dnONaFCxdYsWIFx48fx8PDgw4dOtC4cWPL+dTUVJYsWcKWLVuIjIwkX758dO3alSpVqljqxMTEMGnSJPbt24eDgwPNmjWzJCYBRowYwZEjR1i/fr0lUbl7926GDh3KggULKFKkyANxJSYmMmfOHHbs2MG9e/coWrQovXr1omDBggCEhIRw584dZs+ebWkTFhbGokWL2LVrFwCNGzemSpUqXL16lWPHjrFgwQIKFizIwYMHWbBgAefOncPNzY0GDRrQoUMHjEZjpuf8Z8OHDyc2NpaCBQuyY8cOoqKiqFSpEgMGDMDDwwNIS9auWbOG9evXc+3aNTw9PWnUqBHt27e3XBeTycT8+fPZsGEDiYmJVKtWDRsbm3RjZTSv06dPM2PGDI4fP46rqyuvvfYab775ZoYxi4iIiIiIiIiIiLwIhhcdgIiIyPOUlJRE7969OX78OAMGDKB37958++23jBs3DoCUlBT69u1LbGwsI0aMoFevXhw+fNhyr93Zs2fTuXNnAObMmUO3bt0eOd7ixYupXLkyw4YNo0CBAkyYMIEff/zRcn7cuHF89tlnvPbaa4waNYqcOXMSHBzMd999Z6kzatQo9u/fT+fOnenXrx/Hjx/n999/t5yvW7cut2/f5tixY5ayffv2kStXrocmfyEtobp161Y6derEhx9+iMFgoE+fPty8efOJrmd4eDiFCxdmxIgR5MiRg7NnzxISEkL+/PkZP348LVq0YOnSpSxcuPCJ5vwwhw4dIikpidDQUEaMGMGxY8cYOXKk5fyKFSuYPXs2jRs3ZsqUKbz55pssXbqUdevWWeqsXLmSsLAwgoKCGDZsGK6urmzduvWx87p48SI9e/bExsaGkSNH0qRJE+bMmZOubxEREREREREREZF/Aq0AFhGR/5Tw8HDOnz/P0qVLyZs3LwDW1taMGjWK69evk5CQwI0bNwgODrasSHV2dmbNmjUkJCSQJ08evLy8AMiTJw/Ozs6kpqaSmppqGeP+PYcBunXrRsuWLYG0lcZvv/02K1eupFy5cpw9e5atW7cSHBxM06ZNAahWrRo9evRgzpw5VK5cmTNnznDgwAFCQkJo1KgRANWrV+f111+3jFG5cmXc3NzYu3cvJUuWxGw2c/DgQRo3bozZbCY5OdlS12g0cvr0afbt28eYMWMIDAwEoHz58jRv3pwdO3bQpk2bTF/P2rVr06dPH8vxtm3bSElJ4YMPPsDOzo6KFSuSkpLCjRs3ADI156SkJEt/VlZWlhW6efLk4f333wcgX758pKSkMGLECH777TcKFixIhQoVKF26NMWLFwegbNmyfP/99+zfv5+WLVuSmprK8uXLqVu3Ln379gUgMDCQ6Ohojh8//sh5TZ48GRcXF8aNG2fZbvz69eusWLGCFi1aZPp6iYiIiIiIiIiIiDxrSgCLiMh/yuHDh3nppZfIlSuXJdFYsmRJAE6ePEnlypXx8PBg3rx5JCQkULFiRapVq5bu/sJ/tmrVKmbNmmU5HjZsmGXlbY4cOSzlBoOBgIAAtm/fbokF0pKN91lZWVG3bl0mTZpEbGwsJ0+eBNKSx/dZW1vj4uJiOTYajdSsWZM9e/bQs2dPTpw4QVRUFEFBQZw6dYouXbpY6jZq1Ig8efIA8PLLL1vK7ezsWLRo0RPfL9nT0zPdcdGiRTEYDIwePZqmTZtSqlQp2rdvbzmfmTk3b96ce/fuAeDr68vq1asBsLe3TzdW1apVAThz5gwFCxakUKFCfPvtt7z//vtcunSJuLg47t27R+HChQG4ceMG0dHR6a7lw+bwsLLDhw9b2t1/3ZQqVYpNmzZx584dXF1dM3O5RERERERERERERJ45JYBFROQ/JSoqinPnzlGzZs0HzsXExODg4MCcOXNYuHAhoaGhxMfHU6FCBXr27En+/Pkf2me9evUoV66c5djX15eoqKiH1nVxcSEyMhJIuxexg4OD5d7D992/p21MTAxRUVHY2tri5OT0yHnVrVuXdevWcebMGfbv30/evHnJly8f9+7dY8GCBZZ6bm5ufPnllzg5OT1w79s/Jqv/qmLFijF16lTCwsIIDg7GaDRSu3ZtunXrhqura6bmPGvWLEwmE8AjE9KOjo4YjUbLtd62bRujR4+mU6dOdO/eHRcXFz7++GOio6MBLNf9/liZZTabiY6OZv369axfv/6B8zExMUoAi4iIiIiIiIiIyD+GEsAiIvKf4uDgQKFChejXr98D53x9fS3/Dhs2DJPJxIkTJ5gxYwa9e/fm888/fyBxCWkJxT8nFTNKAEdHR+Pu7g6Aq6srd+/eJTExETs7O0ud27dvA2nJYg8PD5KSkkhKSnpkMrR48eLkypWLPXv2sG/fPmrVqgWkrZr9832AnZ2diY+PJyUlJd121X9kZWWF2WzOcLxHKVeuHOXKlSMxMZGDBw8yZcoUrl+/zscff5ypOefKlStT40RHR5Oammq5nuvXr+fVV1+lQ4cOljp/XDV8/zmKi4t7ovlYWVlhb29PUFAQjRs3fuC8j4/PE/UnIiIict/evXsZPHgw/fr1o3nz5i86HBERERERySIMLzoAERGR56l06dJcvnyZHDlyULx4ccsjZ86cuLu7Ex4ezttvv01CQgIGg4ESJUrQvn17YmJiuH79OpCWEMysa9euWX42m83s37+fQoUKAWn3qAXYtWtXujY7duygYMGCODs7U7RoUeB/Wyff7ychIeGBsWrXrs3mzZs5c+YMQUFBGcb0x/sE35eamkrnzp1ZuXIlkLYF8s2bN9O1u5+kfZQpU6YwZMgQIG1b6cDAQOrWrcupU6cyPeeMxMfHp0tK7927F4CCBQsCEBsbm+65SUpK4vfff7cc+/j44O7unu5a3u/3cUqXLs3Zs2cpWrSo5TVTtGhRcuXK9cTbZouIiMizZTabWbp0KS1atCAoKIiuXbty6NChx7b74YcfWLhwYYZ/yPe0JScnM2/ePJo3b/5Ukr/Bn2zBs85ILt248xSi+5+pK/fRdey6p9af86sjuByR+Ri3HzqDsepgHF4ZhsMrw8jdeBxdx67j2q1YS51hc7dhU22IpU6OBmN4d9wXxN9NstQ5fvYGzYLDcA/6CKcaI6jcaSaf7zz21OYlIiIiIvJPohXAIiLyn9K0aVPWr1/Pe++9R/v27fH09GTv3r1s2bKF1atXU7ZsWUsSs3Xr1qSmprJ06VK8vb3x9/cH/rfic+3atVSsWJHixYtnON68efO4e/cuuXLlYtu2bVy8eJEBAwYAUKhQIWrWrMmUKVOIi4vDz8+Pbdu2cfToUSZNmgRAvnz5qFatGpMmTaJ///7kyJGDNWvWcPXqVUqXLp1urLp167JkyRIKFy5M7ty5M4ypZMmSVKxYkfHjx9OtWzd8fHxYv349ly5dIjAwEICKFSuyfv16pk6dSrly5Th27Bjr1q3DaDQ+8vqWK1eOoUOH8sknnxAQEMDNmzfZunUrFSpUyPScM3L58mVGjhxJw4YNuXTpErNmzaJixYoUKFBAeOnOAAAgAElEQVQAgCpVqrB69Wry5MlDjhw5WLduHRcuXCBv3rxA2r2S33rrLebOnYuvry9lypTh8OHDfPXVV3h5eT1y7M6dO9OjRw8GDRpE06ZNsbKyYs2aNcTHxzN37txHthUREZHna+HChZbPRJUrV+bAgQMEBwezYMECy+eGh/nhhx9YunQpr776qmWHkWclNTUVGxsbli1b9pT6M7Hx25MEvx3Isq0/Mah9jafS77Pw+7pgvFyzPVGbfLk8+O3z/phMZs5ejWTskl1U7TKLHz7tjadr2g49HRqWZ/7gFgBcvx3LG8NWMnLhDib0qs/ZK5FUf3cu3VtUZlq/xrg42rHt+9/oNuEL4u8l0b5BuUcNLyIiIiLyr6MEsIiI/Kc4Ozsza9YsZsyYwaRJk0hJSaFIkSJMnjwZNzc3AKZNm8bs2bMZMmQItra2lCxZkkGDBlm2Sy5fvjw1a9YkLCyMiIiIRyaA+/bty6ZNmzhx4gQeHh4MGjSIMmXKWM4PGzaM+fPnExYWRmxsLPnz52fSpElUrlzZUmfIkCGEhoYybNgwXF1dCQoKomTJkg+M5efnh4eHh2X750cZM2YMs2bNYvbs2dy9e5cSJUowc+ZMcubMCcArr7xC+/bt2bRpExs2bKBMmTK0atWKdesevfqjRo0aDB06lM8++4x169bh6urKK6+8Qrdu3Z5ozg9ToEABvL29+fDDD0lISKBSpUqWZDqkJWkTEhJYs2YNZrOZunXrEhAQwJ49eyzbXbdu3ZqYmBjmz58PpK1Ibty4MQcOHHjk2MWKFeOTTz5hzpw5DB06FDs7OypVqsSgQYMe2U5ERESer6SkJFavXo2fnx/z5s3DaDRy8uRJunTpwpYtW+jTpw+rV69mxYoVxMXFUb58eUJCQti2bRtLly4FoF27dnz88ceUKFGCqVOnsmvXLpydnXnrrbdo0SItwbhhwwYWLVpk2TFm586dLFiwgMKFC7N06VLWrl1LcnIyAQEBvP/++2TLlo3Q0FC+/PJLGjZsyM6dO5k6dSrvvvsuXbp0oUOHDhw6dIjp06dz+fJl8uXLR//+/SlSpAi7d+9m7NixTJ48+aGfAQG2HjxNlRJ+tK1flnrvLUqXAD5+9gZdx67jUsQd8vl6sGR4K/L6unPoxGV6TFxPVOxd7G1tmN6/Ca+Wz8e9xBQ6j/mcfT9fwM/HjXKFfS19xSYk0it0AwePXcTG2kivVlXp1iLtM5xH7ZGMercO6/cc58zl23z8fiM27zvJsd9vYGNtYMvHHXFytCV/i1B+XfUBubxd6DdtC1/uPYHJbKZGuXzMH9wCa2PGm9UZDFYUyO3JoqGvUbPnfKat3MfId2s/UC+HpzPvta7GqEU7ABj36W7qVi7ImO51LXVaB5XCZDLT/5MttK1XFoMh87v8iIiIiIj80ykBLCIiWVLbtm1p27btQ89lz56dkSNHZti2WLFiTJ8+PcPzBoPhke0B8uTJw7fffgtA/fr1M6xnY2NDjx496NGjR4Z1XFxcGDVq1CPHA/jll1+IjIzMVALY0dGR/v37079//4eet7KyomvXrnTt2jVdee/evS0/b9y48aFt69WrR7169TIcOzNzfhij0fjIdvb29gQHBxMcHJyuvH379pafrayseOedd3jnnXcyHCejeZUqVYpZs2Y9UcwiIiLyfF28eJGEhARq165t2bmkcOHCrFmzBnt7e3744QfLTiV58+YlLCyMRYsW8dprr3HkyBH27t1Ljx49yJ8/PzNmzGDz5s3Ur1+fW7duMWXKFAoWLIiTkxMTJ07E19eXwMBAwsPDLeNv2rSJ+fPnU65cOXx9fdm0aRMmk4lhw4ZZ6hw4cICKFSumizs+Pp7Bgwfj7e1Nz549mTNnDmPGjCEsLAyj0YiDgwMGQ8aJ0U83/8g7zSuRy9sFHw8nDp24TMViuTGbzbw5fCUfdgmieY3iTFy2lx4T1xM+tSPdJ66nz+sv065BOVZsO0qPiev5ddUHLN78A5du3OHM2mDi7ybxctfZvFwyDwAj5m3HbDZzcvUHRMbcpWLHGVQt6U/pgjkxGgzE30vi6+mdmbf+e94cvpKfP3uPArk9qdVzAZv2naRN7VL/u1b7TrLtu984vqIvVlZQudMsPt95LF2dR2lVqxQrtx3N8HyqyYSNddprYM9PZxnX48HPp6/VLEG7j1Zz8sJNiuXNnqlxRURERET+DZQAFhER+ZeLiIjg0KFDhIWFUaNGDcsW1SIiIiL/NXFxcQA4OTlZyqysrCy7nPj4+DBq1ChKlSqFu7s7a9as4cyZM/j7+/PSSy+xd+9eqlSpgru7O9u2baNIkSIEBweTkJBAo0aN2LNnDy4uLgAMHDiQ8uXLY2dnx5IlSwDYtm0b9vb2hIaGYmdnx+3bt9m5cychISGWeKZPn06ePHk4fvy4pcxsNjN48GD8/f3Jnz8/+/fv57vvviMlJYXq1atTvXr1DOccFXOXH05eoWb5/AC8Va8sYeE/UrFYbi7euMPF69E0r5G2Y03fNtXo0aIKAN/MfRfb/0+Q1iiXjw4j1wCw98ezNK9RHGujAVcne5pWL8bN6HgAvtx7guWj2mBlZYWnqyOvvVqSL/eeoHTBtOvb8OXCAOTP5UleX3cK5PZMO87twbVbMeniblStCK+Wy4+9XdpXU1VK+HH2SuRjn+P7fL2cuRN376HnrtyMYerKfTR4uQgA0bH38PFweqCejbURL9ds3L6TkOlxRURERET+DZQAFhER+Zc7efIkkydPpmzZsg+sfhURERH5L/Hw8ADSVtTeZzabuXPnDra2tvj4+PDFF18wb948oqOjuXfvHikpKQ/0Ex8fz927dzl58iQ1a9a0lEdERFjq586dG0hLMN8XFRWFl5cXdnZ2APj6+pKcnExk5P8Sm39MTv+xLDY2ltGjRxMREWFJZJtMpsfOecXXR7l6KwbPOiP/f75ga2Nk8nsNiYiMw9XJ3lLXxtpoWRX75d5fmfX5AZJTTKSkpmIymwGIjLmLu4uDpY27i4MlARwRFcdrgz6zbNOcmJRC66D/rdjN5mALgNFohaOdjaXcaDCQajKni/tWdAIDZoTz6/kIrLDi/LUoeraq+tj53nflZky6pO6SzT+wbOtPaTE7O9CqVkkGvP0KANndnbhyM+aBPlJSTdy6E4+325Pdk1hERERE5J9OCWAREZF/uVdeeYWdO3e+6DCeqcdtuS0iIiICkDNnThwdHTly5AipqamWewB37dqVVq1a4ePjw6pVq+jXrx+VK1emc+fOD/RhNptxcnLC0dERHx8fy+rd5ORkPD092b17NwBXrlzBx8cHs/l/ic3s2bNz7NgxkpKSsLW15dq1axiNRjw9PR8Z96lTp5g4cSINGzZk5MiRTJs2jYMHD2Zqzku3/MiuWV2pUsLfUtYsOIzN+05RtrAvkTF3MZnMGAxWJCWncvZKJM7Z7Og0+nN++LQXRV/KzuWIO+RtPhFIS/hGx/5vZW1EZJzl5xyezqwZ+xZlCuXMVGyPMmzuNgD2zeuG0Wig69h1T9R+xbajNAssZjnu0LA88we3eGjdmhXysXLb0XTJaoB1u4/j6+VC4TxeTxi9iIiIiMg/W8Y3kBERERERERER+RexsbHh9ddf5/z583Tr1o0JEyYwaNAgrK2tqV+/vmVl7W+//caqVauIjY21rLK9v7Xz/Pnz+f3332nQoAHnzp1j1apV7Nq1iw8//JDr169btmMeP348M2fOZP369Zbx69WrR0JCAsHBwYSGhnLgwAFq1aqFtfWj//7+/orla9eusWPHDo4dOwakrQD+9ttvadasGb/++usD7X49H8GlG3eoXNwvXXnTwGKEhf+Iv48reXK4sTT8RwBmrztI36mbiIq5i5ODLfl8PUhNNTF99X5MJjN3E5OpUsKfL3YfJzkllVvR8Xz5zQlLv02qF2XuF99hNptJTkml37TN/HDySuafoD+4fSeBEvl9MBoNHP3tGjsP/058QuJj2129GcO7477gRmQs3ZpXztRYA9oG8s3R8wycEc6VmzHEJiTyxe7j9Jm8gYm966dbxS0iIiIikhVoBbCIiIiIiIiIZBkdO3YkNTWVzZs3c/bsWfLnz8+QIUMoVKgQPj4+HD9+nG3btlG6dGny5s3LzZs3AQgKCmLr1q0cPnyYZs2a0b17dwwGA9u3b+fevXtUr16dokWL4uTkREhICAsWLGDnzp3ky5ePH39MS7DWrl2bmzdvsm7dOk6fPk2dOnXo27fvY2MuW7YsLVu2JDw8nKioKEqXLs2+ffuIiIggKSmJhIQEkpOTH2i3dPOPNKle9IEEZuOAIvSa9CWRMXdZPqoNXceuY9DMryjk78WS4a3I6+tOg5cLU6T1FDxcHAjt3YCDxy5Ru/dCvprWiW+PnidP0wn453DjtVdLcu12LAAfdg2i96QNFGo1mZRUE42qFaFUgRx/6Xnq+0YA7UeuYdHGw1Qq5sfk9xrSafTnvFw6D40Diqare/ZKJA6vDMNsBpdsdjR4uTDfzO1m2XL6cXJnd2X//O4MmrWV0m9PIzEphZL5czBvUAuaVC/6+A5ERERERP5lrMx/3KtIREREREREROQZuP/1g8lkwmw2YzKZMJlMpKamWh7u7u4vOMrMuXTpEn5+aatuR40axVdffcXq1avx9fV9wZGJiEhUVBRGo9HyMBgMGAwGrKysMBjSNsTUyn8REfk3iImJAeDIkSOZblOmTBlAK4BFRERERERERDItISGB7t27U6NGDRwdHdm+fTsFChR4IcnfQq0m8fvlyOc+blZTOI83J1Y+fqW2iIiIiMi/hRLAIiIiIiIiIiKZZG9vT5MmTdi4cSPx8fGUL1+e/v37v5BYTq95MeOKiIiIiMg/m7aAFhEREREREZFnLittAS0iIv9c2gJaRESyir+zBbThmUQkIiIiIiIiIiIiIiIiIiLPnRLAIiIiIiIiIiIiIiIiIiJZhBLAIiIiIiIiIiIiIiIiIiJZhBLAIiIiIiIiIiIiIiIiIiJZhBLAIiIiIiIiIiIiIiIiIiJZhBLAIiIiIiIiIiIiIiIiIiJZhBLAIiIiIiIiIiIiIiIiIiJZhBLAIiIiIiIiIiIiIiIiIiJZhBLAIiIiIiIiIiIiIiIiIiJZhBLAIiIiIiIiIiIiIiIiIiJZhBLAIiIiIiIiIiIiIiIiIiJZhBLAIiIiIiIiIiIiIiIiIiJZhBLAIiIiIiIiIiIiIiIiIiJZhBLAIiIiIiIiIiIiIiIiIiJZhBLAIiIiIiIiIiIiIiIiIiJZhBLAIiIiIiIiIiIiIiIiIiJZhBLAIiIiIiIiIiIiIiIiIiJZhBLAIiIiIiIiIiIiIiIiIiJZhBLAIiIiIiIiIiIiIiIiIiJZhBLAIiIiIiIiIiIiIiIiIiJZhBLAIiIiIiIiIiIiIiIiIiJZhBLAIiIiIiIiIiIiIiIiIiJZhBLAIiIiIiIiIiIiIiIiIiJZhBLAIiIiIiIiIiIiIiIiIiJZhBLAIiIiIiIiIiIiIiIiIiJZhBLAIiIiIiIiIiIiIiIiIiJZhBLAIiIiIiIiIiIiIiIiIiJZhBLAIiIiIiIiIpIlRURE0LZtW5o3b86CBQtedDgiIiIiIiLPhRLAIiIiIiIiIpIleXl5Ubp0aW7evEmLFi0ASE1NzXT77du3ExAQwPbt259ViBYjR46kXbt2z3wcERERERHJ+qxfdAAiIiIiIiIiIk/bpk2bmDt3LlFRUQA0a9aMatWqUatWLXbt2sXIkSMxGo0vOMr/cXV1xd3d/ZmOYTabOXz4MBs3biRfvnx06NDBcm7Hjh0sWLCA27dvU6RIEUJCQvD19QVg7dq1LF++nMTERF599VXee+89rK31lZKIiIiIyD+VVgCLiIiIiIiISJayYMECxo8fb0n+AphMJr755htGjRpFYmIix48ffyZjP8kK4z967733mDZt2lOOJr1BgwaxYMECrl+/TlJSkqX8/PnzTJo0iY8++ojw8HD8/f2ZMmUKAOfOnWPRokVMnTqVlStXcvLkSbZs2fJM4xQRERERkb9HCWARERERERERyTKOHz/OkiVLLMeOjo7Ur1/fcpyamoqdnR2lSpV6aPvDhw/Tpk0bGjVqxM6dOy3lGzduJCAggH379gEwfvx4AgICuH37NqGhoQQEBDBu3Djq1atHUlISEydOpG7dujRs2JDp06djNpuBtGRrjx49qF27Nh07drQkort3707dunWBtJW6n376KU2aNKF+/fqMGTOG+Ph4IG0l87vvvsuIESOoU6cOffr0IS4uLlPXJiQkhLlz51K8ePF05VevXqVly5YUKlQIo9FI7dq1uXjxIgAHDx6kWrVq+Pn54eTkROPGjTl48GCmx5s0aRJt27alVq1aTJ8+nV27dtG0aVPq16/PihUrMtWPiIiIiIg8GSWARURERERERCTLWLVqVbrjbNmyUbp06XRle/bs4dq1aw+0TUxMZMSIEURFRVG3bl1Onz79RGMfOHCAihUrsnTpUjZs2EDTpk0pU6YMq1atYvfu3aSkpDBgwAAuXrxI8+bNuXXrFkOGDHlg1fCmTZuYP38+L730EoGBgYSHh1tW5EJaktve3p5SpUrx448/snXr1kzF5+bm9tDyl19+mS5duliOf/75Z8qUKQPA7du38fDwsJzz9PTk1q1bmb4mZ8+e5eOPP2bu3Ll88cUXbN26lWXLljFp0iTmzZtHTExMpvsSEREREZHM0Q1bRERERERERCTL+PnnnzNV76effiJnzpzpyk6cOMGdO3fo2rUr7du3p1ChQowaNSrTY0+fPp08efJw7NgxChQoQPXq1Tl58iR79uzhzJkzeHp6cvXqVXr37k3r1q0pXrw44eHh3LlzJ10/27Ztw97entDQUOzs7Lh9+zY7d+4kJCQEgHz58jFo0CCuXr3K66+/zqVLlzId4+P8/vvvrF27lrlz5wKQlJSEra2t5bzRaEy3ffTj1KlTBy8vL7y8vMibNy8NGjTA2dmZ4sWL4+bmxvXr13FxcXlq8YuIiIiIiBLAIiIiIiIiIpKF3N8quWfPnlSrVg0rKyt27dr1QL2EhIQHyqKjowHw9fUF0pKdT8LJyQkAb29vVq1axfTp04mNjQUgJSXFsnLWy8sLgMDAQAIDAx/oJyoqCi8vL+zs7CzxJCcnExkZCYDBkLahm7W1taXvp+HWrVuEhIQQEhKCj48PALa2tulWKJtMJsu4T8poNKZrazAYMJlMfy9oERERERF5gBLAIiIiIiIiIpJlZM+enQsXLjBz5kxmzpyZYT13d/cMy+4nWv/oz8nW+/f0fZgpU6bw008/MX78eJKTk+nXrx+QlhgGLIngX3/9lcOHD9O0adMH5nDs2DHL6ttr165hNBrx9PTMcMy/KyEhgeDgYNq1a0eVKlXSxXLy5EnLcURERLotoUVERERE5J9HCWARERERERERyTIqVarEhQsXHlnHaDRSvnz5B8qLFSuGm5sbK1euxNramk2bNlnO+fn5ARAWFsbRo0f5+uuvM+w/Li6OxMREfvnlF44fPw6kJYyLFi2Kr68vy5YtIyoqiq+//pq7d+/SunXrdO3r1avH999/T3BwMLlz5+bAgQPUrl37L6+8fZzU1FSGDx9OQEAAjRs3TneuatWqLF68mHPnzuHt7c3mzZupV6/eM4lDRERERESeDsOLDkBERERERERE5Glp3bo1jo6Oj63j5ub2QLmtrS0jR47E1taWRYsWkS9fPsu5EiVK0LRpUy5cuMB3331HyZIlM+y/V69e+Pv789lnn+Hj44PBYODGjRtYW1szfvx4/Pz8WLNmDdmyZWP8+PHp7rELULt2bbp3787ly5fZuXMnderU4YMPPnjCK5F5hw4d4uDBg6xYsYKgoCDL4+DBg/j5+dGtWzf69+9PmzZtKFKkyAMrlkVERERE5J/FyvyoPYtERERERERERJ6C+18/mEwmzGYzJpMJk8lEamqq5fGwbZn/in379jFs2DCSkpIeOFe1alXGjBnzQNJVRESyhqioKIxGo+VhMBgwGAxYWVlZ7qFuZWX1gqMUERF5vJiYGACOHDmS6TZlypQBtAW0iIiIiIiIiGQx1apVY+HChYSFhXH48GESEhLw9/enSZMmNG7cGKPR+KJDFBEREREReWaUABYRERERERGRLCdv3rwMHz78RYchIiIiIiLy3OkewCIiIiIiIiIiIiIiIiIiWYQSwCIiIiIiIiIiIiIiIiIiWYQSwCIiIiIiIiIiIiIiIiIiWYQSwCIiIiIiIiIiIiIiIiIiWYT1iw5ARETkRUi4e4/4hHskJSeTajJhMpkwm190VP9cVlZWGAwGjAYDtjbWZHN0wNHB7kWHJSIiIiIiIiIiIiJ/ogSwiIj8Z5hMZqJjYolLuIu9nS0O9na4OGfDaExLbFpZWb3oEP+xzGYzqSYTqakmkpKTiUtI4HbUHbI52uPm4ozBoGsnIiIiIiIiIiIi8k+gBLCIiPwn3ImN505sHK7OTvj7+rzocP51rKyssDYasTYasbO1wTmbI5B2XS9fv4mrczZcnbO94ChFRERERERERERERPcAFhGRLM1sNnMt4jZJycnkyuGtJOVT5uqcjVw5vEhKSubGrSjM2kdb5F/DbDZzNzH5RYchIiIiIiIiIiJPmRLAIiKSZSWnpHDl+k3sbG3w9nDDaNCvvWfBaDDg7emGtbWRK9dvcTcx8UWHJCKPcDcxmXfGfY7zq8NwqjGUwq0mcvDYxRcdloiIiIiIiIiIPCX6JlxERLIkk8nEjZtRuLk44+HmkmG9E7+eYuhHY3n97c40b92O4MEf8tPRX55jpH/f8V9P8lanbly8dDnDOnHx8TRo3oavd+5+ZnF4urlgY2PN7cgYTCbT3+rLu+5HGKsO5PCvGc8pqNc8jFUHsmDD9wDE303ipWbj+HTLD39r7BftXmIKxqoDmbFmPwDfHj1PrkajOXHuxguO7NlqFvwp74z7/KHnfjp1FYdXBjN15bfPOaqMtRoUhrHqQCZ9tifDOqMW7cBYdSBtP1xpKXvUPJ+GP79+Hva+GLtkJ8u2/sSod+uyPrQ9bRuUx8vt+e+O8KhrMfPz/bjWGs43R84956hERERERERERP79lAAWEZEs6frNSBwc7HDK5pBhne8O/cDAYSOxsrKix7ud6NPjHezsbBn60Vh+Of7rU49p69c7adC8DXHx8U+1Xw93d8qVKYWLi/NT7fev8PFyx8HBjus3I59Kf0s2HX5o+YXrUez64fd0Zfa21tSpXJCCub2eytj3nbl8G2PVgazfc/yp9ptZvl4u1Klc6IUk6B6m7YcrKdt26lPvt1rpl6hU3P+B8tiERN4Y9hmT32vM+20Cnvq4f1dGr1Gz2czSLQ+ey2iez8rD3hcbvjlBq5ql6PtGdRoHFGNox1oUyO353GK6L6NrcfS3a4xetIOvpnWhepm8zz0uEREREREREZF/O+sXHYCIiMjTFh0Th8FgwPMRK3+Tk5P5ZPZ8SpcszshhIVhZWQEQWL0afQcOYfb8xcyaOvF5hfy35MzhQ78+PV50GBaebi5cvxlJdEwcbi5Of7kfL7dsrPj6CJPfa4SdbfqPLJ9u/gFPV0eiYu9ayoxGA/MGvZbp/lNTTRiNT+dv4Z5mX3+WL5cHi4e9/kz6/icJfjvwoeXZ7G05uqzvA6+BfwIvt2z8ej6C709colIxv3Tn9h45x9krkWR3T/8eyGiez8rD3hfXbsXQoGqR5xrHw2R0LYrn8+HihsHYWBufc0QiIiIiIiIiIlnDP++bNBERkb/BZDJxJzae3Dm9H1nvp6O/EBUVTUi/9yzJXwCDwYo6tV5lybIVxMbG4eyclrzZ881+Vq1dz5UrV/H09KBR/To0b9LQ0nb8pGnciY0loGpl1nyxgZiYGIoXLcJ7Pd/Fy9OD1u26EBsbB8Drb3fm1VcCCO7bC4Dfz55j/uIwTp0+g7OzM00a1uO15o0BuHT5Cu/27seAD3qze+8+jvz8C64uLrzeshkN69UG4PCPRxg+ajyzpoXykn9aEurs+QvMmD2f38+ex9vbi9eaN3ngGkTfucOCxcv4/ocfSU5OoVSJYnTt2JbcuXwtdQ7/eISw5au5eOkyrq4uBNUM5I1WLTAaH52Y8fZw48r1mzg7Of7ley+3qlmK2esOsH7vcVoHlbaUm81mPt18mLfqluWT1fss5fcSU8hWYwjTPmhKr1YvP9DfnHUH6Rn6BaF9GjH+050ElM7LugntAFi942dGL9rOb5duUcjfm/E9G1C/amFaDQpj3e5jALQMWYqvtwuXNgzJsK+UVBNjFu9g8abD3IiMpUS+HIx8ty71qxa2xBGbkMjQOVtZu+sYkTEJFPLzYkSX2jSvUeKh12HrgVM0/GARR5f1pUT+HMxZd5C+UzewfOSbDJ37FWev3KaQvzezBjQnm70t74xby7Gz1/H3ceOjd+qku3a3ouP5YOpGNu1LW+He8tWSfPx+Y5wc7QDI2WAUXZtW4k78PT776icMVla0qlWKj99vwumLNyn99seWvoxVBzJ3UEu6NKmUqTndTUxm8KxwVm0/Svy9ZCoV8yO0d0PKFEp7vVXtPIPc2V1ZM66tpc3Kr48y/tOdnLp4k1zernRvWZUP3qhued89Kl5bm2efPKxQNDenLtxkyabDDySAl2w6TOmCOXHJZp+u/GHz/KPHXacnff388X1RIr8PtXrOA2Dist1MXLabrz7pwq3oBN4avpwLXw4md3ZXAM5djaTftE3s+uF37GyN1K9ahIm9GuLtnrYS/fTFmwyaFc6uH37HZDJTsZgfU95vTMn8OSxjP66PP1+LzLx/XvRzLiIiIiIiIiLyb6AtoEVEJEuJvBObqaTj2XMXACiYP98D5xrWq82aZYssyd9tO3YzYconFC9amKEh/QgMeJmFnz/aZO4AACAASURBVH7G0uWr07U78espvtq+k45vv0HHtm9y4tdTzF+8FIBJYz/i7TatAJg8fiQd270BwJWr1wge8iE2NjaEBL9PvTo1WbJsOZvCt6Xre9rMeRTIn5fg93uT76U8zJy7kAsXLz10bvfuJTL0w7HExMbRs1sXXm/ZjM+/2JCuTmJSEgOGfMSxX0/SrUsH+vbuxq3bkQQPHkFkVBQA5y9eYuS4UPK+5M+wQf1pWL8OK9d8wbKVj79/qdFoIFs2B6LuxD62bkZ8PJ2pWaHAA1vs7v7xLOevRfFG3bJ/qd+FG75nXI8GfPDmKwAs/+on3hj6GUEVC7J2fDtKFchJs+AlHP3tGlPeb8ymKZ0A+LhvE7ZPf+eRfXUZs4aJy3bT+/VqrB77Nnl9PWjcbzFfHTxtafPmsOWs33OcCb0asOXjTtSsUIDWQz/j6G/XMj2HpORURi/eweAONZkT0pK4hERahiyl2YBPaVOnDJ8Ob41/Djfaf7SKC9fTns/EpBRq9pzLweMXmRPSksnvNWbDNyfoPGZNur4nLd/Lreh45g16jU6NKzJn3UEWbvyegn5eHF3Wl4bVilDI35ujy/rSskbJTM+pzdDPCNv6I8M712b5yDcxWFkR1HseV27eeegcF286zFvDlxNQOi9rx7ejTe3SDJyxheHz0r83Mor3eUhMSqFDowqs2HaEe4kplvK4hEQ+3/kzHRtXJDEp5RE9POhx1+nvvH4qFvXj6LK+uDrZ06lxRY4u60vVEnkeqHcn7h6B3eZw7mokcwe1ZGrfpnx79BzNB36KyWQmLiGRwG5ziIxJYOmINqwe+zYGKysafbDIch0e18fDZOb9Ay/2OReRp+OPf3z3ZyaT6TlGIiIiWc2jfo886vePiIhIVqMVwCIikmWYzGZi4xLwz+Xz2LoxsbE42Ntjb2/36D5NJpaErSCw+sv0fLczABXLpyUe167fQLNG9XF1Tdtq2tHBnlHDB+P6//fivXb9Orv2pq1Q9cudCw8Pd8vPTtnSVsAtW7kGZycnhg/qj42NDZUrlCPi5i3Wrt9Io/p1LHG0at6EN1u3BKBM6RK0eqsTx06cJI9/+lWHAFu37yT6zh1Cx35ILt+cABQtXJB3e/ez1Nm2fRdXrl5jzieT8MudK63fUiXo+E5vPv9iI+90ascvx06QkpJK93c6YWdrS7kypUhNSSXi1q3HXl8AN2cnLl29gYebC4a/8D/aiUnJdGxUgXYfreJyxB3LysTFGw9RvkhuCvs/epV3RtZPbE9Bv7T7oZrNZgbO3EKrWqWY8n7aqut6VQpz6MQlPln1LQuHtiIxORUAfx83CufxzrCvY79fJyz8R2YPbME7zSoD0KhaUV7pNpvBs8OpW6UQAO+3qY5/DjdLuxrl8rNk82G2HjxF6YI5Mz2PLya0xz+HG5B2n9c3hy3n475N6PN6NQCqlsxDnqZj2Xf0PHlyuPPplh84cS6Co8v6Ujxf2nvExtpgSRLnyZH2+qxW6iWWffQGVlZWtKhRgm3fnWbPj2fp3qIqJfLnwNXJAXtba0r8YaXn4+Z06MQlNn37K5+Pa2tZqVqzQn78m4xl1faf+eCN6unmlppqYvCscNrULs2M4GYANHg5bcvi0GV76PN6gGUV6aPifdbuJaXQoWEFPpz/Net2/8Kb//9HCau2/0xKqom36pZl8cZDme4vM9fp77x+sjnYUiJ/DowGA16u2dI9h380b/133IyO4/vFvcnhmfbfs3y5PKjaeQZHfrtKQT8vFg97nf9j777Dm6zXMI7fSbppS8suUPbeQzbIHgoKqKioiKA4jltEj4IiIqKiKAq4RY+oTAHZyB4CssuW0bKhjO6Zdf4oiR3pgAKF9Pu5rlxt844875uU0PfO8/s1qxOq4kX9JEmlgv3VdOAE7Tp8Wi3qVsh1H01qlsvwmHn9/ZEK9jkHcP3ZbDYZr3L0EAAAHAEwYS8AoLDjryoAgNtITk6Rt5fnVQ857ErE8ROKjolRh3ZtMtzfqUM7WSxW7Ttw0HlfyZIlnOGvJBUvVkwxMbE57n/nrt1qflsT2e1SaqpZqalm1a1dU+cizys27t/u2apVKzu/L+LnJ29vb0XHuO6cPHz4qKpUrugMfyUpODgo4+OG7VaVypWc4a8kBQYEqFnTxtq1e68kqUb1qjIaDfpkwmTtDNsjs9msB/v11QvPDMnxmBxMJqO8vDyVnJySp/UzS0616J4O9VXU30c/LdomSYpNSNbvq/do8F3NlGK+ss5Kh5Di/z5H+yMidfp8rPq0r6fkFIuSUyxKNVvVpkElbdnvusM6u32t2HpYktS/WyPnfQaDQQ93b6Kd/5xWVGzafMXtGlXWwg0H1OrxiQq5c7SCu4xUTHyyomOTdCXSzy3rCG/Th2qOwPx8dEJafVsOqXalUqparrjzWFvXryRJ2rr/pHO7RtVDMlwsKVeyqCKj4nOsJbdjWrszXJLUs01t5za+3p7a+tMLethFJ/eeo+cUGRWvB9OdS0l6pEcTmS1WbQiLyFe910pyqlnlSxVVtxbV9ePCfzvVf1y4RX1ur6tigX7ODxDkRV7O07V6/eRk3c6jalqrvDO4laRmtctr729DVT20hAL8vNWkVjmNmbJCjR75VCW7j1L7Z76SJOfrPLd9ZJbX3x+pYJ9zANeHwWBw3iyWq3t/BwBAkiwWi/P/ioTAAIDCjA5gAIDbSExOURFfn9xXlFSkiJ+SkpOVkpIib+/su4AdAa6je9fBEaimD2mvlN1uV0xsnBYu+VMLl/yZZbljzuCctnclOiZGwUFBLpc5xMTEqnimY5LSjssRatesXk3vj3pLM2bP1cjRH8hoMqnj7W302ID+CgwIyLKtK0V8fZSYnCK/PD4v6aWarfLx9tBD3Rrpp4VbNfyxTpq+PEx22dW/WyPFJ11dsJyeIzR6+O1fsywLKRF4Rfu6EJ2gIr5eCvDL+HpyBGCXYhMVHOir5z+eq3nr9urD53rqtlrlVcTXS80HfX6VR5A7x8skMipe+8LPqUiH4VnWuZRLeJjda80ht2OKik1UUX+fLHO0OoLrzM5Hpz0vZTM9B45zeTEmMV/1Xiupl8PdwXc114MjftHxs9FKMVv0V9gxLf4sbcQAsyXvAXBeztONeP1cik3K8AEDKe3iWa1KpSSlzSvc7flv5e3loTHP3KHqocV14lyMur3wbZ73kVlef3+yc6OecwDXlqsL82azWT4+V/7/BgAAJCk1NTXLfQTBAIDCiAAYAOA2UlPN8g/KPiBIr3LFCpKkI0cjVKd2zQzLVqxaq19nzNaEce8r8PI8wJk7eS9FRUuSAgOvLCRMz2AwyNvbWx3atVH3Lh2zLC9ZooTORUZe8X6Dg4J06vTpHNcJCAhQdHTWDuJLUVEKTNfF3KBeHTWoV0cpqanatn2nJn3zgyLPX9B7I9/MUy3e3l5KiM65Czo7jkBn0F3NNHn2Rq3bGa4fF2xxdgXHJeY/APb3TQubJg7ro8Y1Mg5JmzmEy02xQD8lJKUqKcUsX29P5/1nLqYdf/GifkpJtWjKwq36YmhvDbyzqXOda9m1nh1/X281rllWE1/tm2VZlXLFrnq/eTmmov6+ik1IkdliladH7ue1eGDa8M7noxIy3H/mYtoHLkoE+V11vdeSI3O8u10dFQv01U+Ltik5xazQ0kHq0qz65XXyHkzmdp5u1OsnyN9HF6ITsl2+ISxCu4+c1b5przqHRc88r29u+8gsL78/ANxT5ovyZrNZdrudi/UAgCtmt9tlNptlMv37f2neTwAAhRVDQAMA3IbVapPJlLe3tqZNGikgwF+z583PcL/dbtfiP1fIx8dH/v5FVLFCBQUGBGj9X5syrLd2/V8yGo2qmyk8zolzHtx0OUm9OrUUcey4alSvplo1q6tWzeqqUb2aQkLKyMvL0/WOclGjelUdCT+mmNh/u5MTEzN2eDaoV0eHjhzV2XP/BswJiYnatn2XGtSrK0ma/M0Peu/D8ZIkby8vtW7ZXJ3at9OhI0fzXIvJZJTVaruq43BoUrOcGlYP0YivlmjTnuMafFezfO0vvfpVyyiwiI8iTkepZb0KzlutiiVVt3LaPLmO5y23IK9Dk6qSpFkrd2e4f8byXWpUo6yCAnwVl5giq9WW4SLE4ZMXFRV37YbvzU7bRpV16MRFVQoJznCslcsWy9KpmROjwZDhXOTlmNo0qCS73a4lm/4dMt1qtanZY59r/G/rsjxGvaqlVbyon2atDMtw/4zlu2QyGdW2YeUs2xQkL0+THunRRD8t3Kr/Ld6mx3o2ldF45ReacjtPN+r107pBJW09cDLDsMqHT15U6N1jtHH3Mefjpb+W9ve+E1e0j8zy8vsDwL1kviDvGAJaklJS8v8hLwBA4ZOSkpJhWoH0CIIBAIUNHcAAALdhsVozfNI3J95eXnr2qcf1wccTNOaj8Wrfro1SU1O1dv1GHTj4jz4YPVKS5OFh0oCH7tekr79XkSJF1LRxQx08dFjTZs5Rv3t653koZCltjmBJ+mPREjVp2EC1albXI/37adibIzV67Djd0b2LDAaD5i1YrMTERI3/8L0rPwmSunXuoGkzf9f74z7VoEf6yy67vv9xaoZ1enTrrAWLl+mtd8dqQP9+8vT01PTZc+Xh4aH7+t4lSWpQv67e/+hTffPDT2rR7DZdvHRJK1evVaMG9fJci8lkksWa9yFwszP4ruZ6cfw8VQoJVocmVfK9PwdvLw+9M6SrXv18gWw2m3q0qqXz0Ql6+5ulurdDfY199g6VKR4gD5NR0/7cKS9PD/VsU8vlvhrXLKv7OzfQcx/PVXR8kmqEltSvS3do3c4ILRw/WJJUIqiImtYqr3e+XSa73a7kVIvGTV0js8V6TYa0zslTfVro6zmb1OW5bzR8UGeVKR6geWv2asrCrTo863WVDC6Sp/1UKBOkWavC9OvSHWpWJ1TVQ0vkekytG1RUl2bV9cSYWXr/mTtUoUyQvpmzSYdOXNA9HbK+njw9THr3ye56dtwcBQX4qnvLmtq897jG/LhSrw/ocFN2gw6+q5kmTF8vSXqs19V9SCG383SjXj9P9W2piTM3qNcrU/TGwI4yGAx659tlKhXsr+Z1QnU+OkH+ft4aOGq6nu3XWvvDI/XptLQgPz4pNU/7yCwvvz8Abn2GTB8iSn9/egkJCfL29uZiPQAgz+x2uxISEjK8d2T3PsL7CwCgMCAABgC4FeMV/CF3e5tW8vP11W8zfte4TyfKz89X1apU1icfjFbN6tWc6/Xs0VWenp6aNecPzV+0RCVLlNATgwaoT687rqi2hvXrqV2blpo5e54uXLykWjWrq2b1avrg3bc15effNOajT+Xt5aUmjRvqpeeevqJ9p+ft7a3RI9/UF5O/1etvvasypUvp3j536cA/h53r+Pr46MP3Ruq7KT/r88lp83bWr1dHw156TsWC0+YbbduqhYa++B/NmjNfCxYvU0BAgFq1aKZBjz6U51qu5PnIycPdG+u1iQv1WK9m1/yP9RcfaKsAP2998utafT5jg0oXC9AjPRrr7ce7SpL8fDw15pkeGjNlpfYcPZdtACxJP418UG9/s1Qf/LRKUXFJalAtRAvHD1b3ljWc60wf87CeHTdHr36+QCWCimjEoM5avf2IEpPN1/S4MgsK8NXar57RsM8X6D8fzZHZYtVttctr8aeP5zn8laSn72mppZv+0ZNjZ2vya31VPbREno5p9gcD9PqkRXpj8iIlJKeqVb2KWv3l06oU4noe4KfvaSlvLw+Nm7paE2f+pQplgjTu+Z568YG2+T4X10O9qmXUrE6o/H29sj2mvMjtPN2I10/xon5a89UzGjphvh4dNU2eHib1vr2uPnqup0wmo8oUD9CcDx/V0AkLNOT9WapbpbRmf/Co/jtpkXP+5tz24Upefn8AuJf0HVrpO7ZsNpuSkpLk53fzfeAHAHBzSkxMlN1ul9FodPn+AgBAYWOwX8nEZAAA3MTCT5xR5dCQgi4DmfC8AAAAB7vdnuFms9mcN6vV6rzZbDYFBQXJ0/PqpsQAABQeqampiomJkdFolMlkct6MRqPzlv6DRgTCAIBbRWxsrCRp586ded6mUaNGkpgDGAAAAAAA3EDZdWZlvjAfHR0t6zWYSgIA4L4sFouio6MlZX0foRMYAFCYEQADAAAAAIAbzlXwm/5mt9sVFRUlm81WwJUCAG5GNptNUVFRkrJ/L3EsAwCgsCEABgAAAAAAN0Tmi/CuQuD0w3VarVZFRkYqJSWlIMoFANykkpOTFRkZKZvNluW9I6fwlzAYAFBYeBR0AQAAAAAAoHBxXIC32+1Zwl+73e786rhdvHhRvr6+CgwMlMlkKuDqAQAFxWq1KjY2VklJSRnm+HWEv67m+2X4ZwBAYUQADAAAAAAACkR2HcDpQ2CHpKQkJSYmKiAgQAEBAVzMB4BCxGazKT4+XnFxcVk6fnMKfwEAKKwIgAEAbsO/iG9BlwAXeF4AAEB6jvl9XXUBpw9/XbHZbIqLi1NMTIx8fHzk5+cnT09PGY1GmUwmLvYDgBuw2+2yWq2y2Wwym81KTExUcnJyhqDXcTOZTFk6gbMLgnmPAAAUJgTAAAC3UbJYUEGXABd4XgAAQE4cF+SNRqNsNlu24a/jIr5jvsfU1FSlpKQ4h4mWlKFjGABwa3I1OoTjQz7pA97M4S/dvwAA/IsAGAAAAAAA3FCZu4DT359T969jHZvNlmGOYClj+EsQDAC3nvTvCdlNEZC5Azi3zl+6fwEAhRUBMAAAAAAAKFCZL9C7CoIdF/IdwXF2ATDhLwDculy9H2QXAGf+PrsOYMJfAEBhRAAMAHAb4SfOFHQJAAAAhVrl0JA8r5s5zE1/wd4xF7BjvfRDPzu+EgADgPvJKQDOKQSm6xcAgIwIgAEAbuNKLjgCAACg4LkKgdPLHAS7Cn8JgAHAfeQWAGcOgXMb8pkQGABQWBEAAwAAAACAApM5/M0p4HW1jDmAAcA95DYHcHZBMOEvAABZEQADAAAAAIAClddOYFehb3adv4TAAHDryPzvfuYAOP332d0ybwcAQGFGAAwAAAAAAApcdiFwdvP9pv/ZcZ+r7wEAtwZXHcCO77MLgtOvS/gLAMC/CIABAAAAAMBNIbsO4PTL0ofEEsEvALib7IaCdnzNKfAl/AUAIA0BMAAAAAAAuGk4Lt7nFgSnXy89QmAAuHVlNxR0+u8JfgEAyB0BMAAAAAAAuOmk7/J1FQhkXpbdugCAW09eguDsfgYAAATAAAAAAADgJnUl4W5Oy+gKBoCbz5UEt9mNCAEAAFwjAAYAAAAAADe19Bf5swuDcwp5CQkA4NaS3b/b/HsOAEDeGAu6AAAAAAAAAAAAAADAtUEHMAAAAAAAuKm56u69kmGdGQIaAG4+VzJ0f+YpAXLbHgCAwo4AGAAAAAAA3JQyBwDpf85pGQDg5ne1Q/dfyfzwAAAUVgTAAAAAAADgpuMq7E3/1WhMm9XKceGfAAAA3Efmf/dtNluWf+fTB8G8BwAAkJHBzkdkAQAAAADATSK34NdgMMhkMhVIbQCAgmO1WjOEva4+AEQQDABwJ7GxsVe9LR3AAAAAAADgpuAq8HV8NRqNBL8AUIg53gNsNptsNluW5QaDgW5gAAAuMxZ0AQAAAAAAAK5CX7vdLpvNJqPR6BzyGQBQuDneE2w2m/O9Qsr6PgIAQGHGX08AAAAAAKBAZRf+SpKHhwfhLwAgA6PRKA+PtMEtCYEBAMiKv6AAAAAAAECBcdXx6+jqMplMDOUJAHDJMSd8+vcOiRAYAACJABgAAAAAABSQ7Dp/CX8BAHmRPgR2BMESITAAAATAAAAAAACgwLgKf5nzFwCQV473jPTvIxLhLwCgcOOvKQAAAAAAcMOlvzCf+aK9yWQqqLIAALcgx/tG5vcTx30AABQ2BMAAAAAAAOCGctX1m777l6GfAQBXwmAwZOkCphsYAFCYEQADAAAAAIAClf4ivYeHRwFXAwC4FTnePzJ3AAMAUBgRAAMAAAAAgBsmu+5fm81WwJUBANyBzWajCxgAUOgRAAMAAAAAgAKT/gI9c/8CAPLDZDK5nAcYAIDChnGVAAAAAADADeVqjka73c7cvwCAfDEYDC67fx3LAAAoLOgABgAAAAAAN0TmbqzMw0EbjVymAABcPaPRmOOwz3QFAwAKC/6yAgAAAAAAN5yruYDpzgIA5EfmDmCJ0BcAUDgRAAMAAAAAgBsm80V5LtADAK6l7N5jeJ8BABQmBMAAAAAAAKDAuJqnEQCAq8X7CgAABMAAAAAAAKAA0JkFALgeeH8BAIAAGAAAAAAA3AA36gJ81+e/lanV6zK1el3vfr88y/L4xBQV6TDcuc76XRGSpOfGzVVAxxH6bdnOG1KnK3mpYdDoGTK1el0D3pl2AyuTfl26QwEdR+iFT+bd0McFgGuNQBgAUBgQAAMAAAAAgBsq/cX36zlU58wVYVnuW7DhgJJTLFnu3xAWocRks7bsO3HN68irm6GG7GzZd0KJyWat3xVe0KUAQI5cva8Q+gIAChuPgi4AAAAAAAAUTtf7gvy+8HPaF35OdSqXdt43c8Uul+tOH/Ow1u4MV79ODa5rTTm5GWrIzsgnuqpu1TJq37hKQZcCAHlG8AsAKKwIgAEAAAAAwA13vS/KVy5bTOGnL2nmijCNfKKrpLThn5dsOqgAP295eph0KTbRuf7jY2bqr7BjOhUZ41z/6zmb9MWMDQo/c0mliwXo3g719PYTXRXg5+3yMROTzXrr6yWavjxMF2MSVLtSKb39eFf1aV9X701ZoZHfLFP10BI6MGOYJGnZ5n90x0vfy2Qy6szCt1zW8PPi7Rr13Z+6EJ2gHq1quuxePnrqkl6fuFArtx1Rqtmitg0ra9zzPVWvahlJUsnuo3QpNlHfj+innxdt18Y9xxRaqqg+er6net9e17mfnxZt08dT1+jwyQsqX6qoHunRRG8M7CQvT5M++XWt3v9xpW5vXFmrJj8tKS1gH/7lEq3eflRGo0HN64Tqw+fuVINqIZKkhKRUvfPtMs1cuVsXohNUuWwx/ee+Vnrmnlb5em4B4ErY7XYZDIaCLgMAgBuKIaABAAAAAECBcQTB1zoQ7tWmtiRpRrphoOev36/kFIv6tK8rq82W4/Zf/b5J//lojiLORKldw8qKT0zR+N/WacBI13Pv2u129Rr6gz6btl5nL8bJ08OkXYfO6N7//k8bwiLUt309SdKhExd0MjJGkrRiy2FJ0u2NKqt4Ub8s+/wr7Jgee3e6wk9fUmKKWTNXhGn++n0Z1jl3KV6th0zU76v3KCEpVRarTcs2/6POz32j6LikDOs+OXa2NoRFKCXVosMnL2rAO9OcIfg3czdr8OgZ2hd+TiajUUdPXdK73y/Xq58vcHm8p87HqN1TX+qPdftUMriI/Hw8tWzzP+r2wre6EJ0gSXpizEyN/22dLFab2jSopH+On9dz4+bq09/W5XjuASA/rtf7CgAAtxICYAAAAAAAUKCux0X60sUD1LRWeR2IiNSeI2clSbNWpoXBD3RtpISk1By3n71qtyRp1JPdtGTCE1owfrBqVCipQycvKCnFnGX9eWv3ac32owoO9NU/M19T7MrReu2RDpKk0d8vV90qpVWtfHFJ0oqtacHv8i2HJEl9LofDmX3y6xpJUuOaZXVh6UidnD9cVS/vw+GDn1bqfFSC2jSopAtLR+rSn6PUvkkVXYhO0Je/b8qw7mM9myp25Wjtn/6qjEaDEpJStXX/Sdlsdo38Zpkk6c3HOil+9XtaMH6wJOmrOZuUarZmqW368jDFJiSrVqVSOjB9mPZNe1VF/X10PipByzb/I5vNrjlr9qadm3EDtfTzJ/TJi3epRoWS2rz3eI7nHgDyi/AXAFDYMQQ0AAAAAAC4YW7URfnE5FQ90LWhth04qZkrwlQpJFiLNx5U8aJ+6tCkiizWnDuAa1YoqZVbD2vCtPWy2mzq0KSq9v42VEaj62FEl/+dFuYG+Hlr7E8rJUlnL8ZJkvYcPSdJ6tuhnsZNXaOVWw6rV5va2vnPaUlSn/Z1XexR2nF5+eN3N1dgER8FFvFRmwaVdOTkRec6f15+XIvVppc/my9Jik1IliTtPXo2w/66tagpL0+TalQoqdLFAnTmQqzOXozTwePnFRkVL0l6sk8LSdIdrWrqq//eK6vVpuTUrIH3K/3b6ZX+7SRJKakWJSabFVo6SDHxZ3UiMkZGo0HVyhfX/ohIPf/xPA2+u5m6taiu5/q1zuaMA8D1xVDQAIDChAAYAAAAAAC4ncTkVD3Vt6Ve+2KhZqwIU61KpZSSatHAO5u67GjNbMwzPXTuUpx+X71Hb0xaLEmqGBKs74f3U8emVbOsf+5SWth7/Gy0fpi/JcMyR7jap31aALxi62FnF3CzOqEqX6qoyxrOX94uu+Vpj5u2zua9x7N01joe1xVHBmKz2zMMFV0s8N+hqIf0bp7t9pL0wf9W6avfN+nEuegM9ztC/uljHtGjo6ZlqK1Ng0r65d3+Ci0dlOO+AQAAAFw9AmAAAAAAAOB2EpJSVb5UUbVpUEkbwiI0ZsoKSdIDXRsqMTnn4Z8lqai/j2aOHaCTkTFavPGgflq4VRt3H9P9b07VqQUj5OVpyrK+JHVsWlXLJz7pcp8t6oYqpESgzlyI1aSZGyRl3/0rSWWKB+joqUuKiU/Osc5LsYl6Z0g3vTW4c67H5UpwgK/z+0uxiSri6yVJ2hd+TjabXTUqlMyyzaRZf2n4l0tUKthfX75+j0JLB+ml8fN0OF13ct0qpbXtpxcVdviMlmw6qMmzNmpDWISe+3iu5o177KpqBQAAAJA75gAGAAAAAABux2pL60K9v0tDSdL+iEiFlAjU7Y2qOJdlu63VpjJ3vqvgLiN1MjJGQ3o319RR/SWlBaSuAtmOVCGz3gAAIABJREFUt1WTJK3adkQzVqTNNXwxJlEPvfWrMxQ1GAzqfXsdSdL6XRGSpHs6uJ7/V5Ia1ygnSZqxfJfsdrvMFqv2Xh5O2qHTbWndyBNnbtC+8LRle4+eU783flZyiiXH43SoUaGkSgYXkSRNWbBVkvT3vhOq/9B4NRrwmeKTUrJss3bHUUlS95Y19GSfFmpVr4JSLf92Vm/ac1zBXUaqct+xqlquuF57pIPeGdJVknT01KU81QUAAADg6tABDAAAAAAA3Fa/zg308md/yGazq1+n+tnO4ZueyWTU/Z0batKsv3THS9+rbcNK2ns5XG3doKIzLE3vgS4N9fXvm7QhLEL9R/yipz+YrfikVFmtNgUH+mrSsL6S0oaB/ur3TZKk2pVKueyudRj68O2avWq3Fm44oFr3j1NcYopzyGeHEYO6aN7afboQnaD6D41XsUA/XYpNTDv29ft0f+cGuR6v0WjQyCe66rlxczXquz/16W/rFJeYFvoOuKNJhmGhHZrWLq9ZK3fr58XbtW5nuCKj4pWYnDZXcKrZqma1y6ty2WDtOnRG9R76RPWrltG6nRGXz0H2Xc8AAAAA8o8OYAAAAAAA4LZKF/NXhyZpXbIPdG2U5+3Gv3SX3n2qu0oE+enPvw/JYrHp6Xtaas6HA12u72EyasmEJ/Tqw+0VWjrIOQT1m4910scv9HKu16FJFedw0X1z6P6VpBZ1K+h/7zyoSiHBOnMxTk1qltN/7m2VYZ0KZYK06fvn9GDXhgoO9FV8UooaVg/R9yP65Sn8dXjmnlb6bng/1a5USkkpZpUpHqBhj7TXl6/d43L9of1v17BH2qtM8QDFJCTrgS4N1b9b2vk9eCxSJpNRSycM0eN3N1NyikXLtxxWmeIBGvvsHRo1pFue6wIAAABw5Qx2uz3ncY8AAAAAAADyyXH5wWazyW63y2azyWazyWq1Om/BwcEFXCUA4FYXFRUlk8nkvBmNRhmNRhkMBhmNaf1QBkPuo0EAAFDQYmNjr3pbhoAGAEBpc5S1GTIp2+UVygQpfM4bN6SWJRsP6rWJC3Xk1EWNGtJNrz7c/oY87vUwbuoafTFjg6LiErV0whC1blDxhj324ZMXVbPfR6pRoaT2T3/1hj3utWS12rRo4wF9N+9vtWtUOU+vhW/mbtb4X9fqRGS0qpQtrtcf7aBHejRxLp+3dq/emLxYR09dUpVyxfTe0z0yzD2Y2/b53b/D6u1H1PnZbyRJKevHysP078A0J85Fa8qCrfplyXYdnPlahu06PPOV1u0Mz3Bfbr+fJ85F6+XP5mv534fk7eWhzrdV0ycv9lJIiUBJ0tmLcXr18wVa9NcB2e1S45pl9f4zd6hlvQrXZHlyikVvfb1EU5fsUGKKWY1rlNVHz/dU8zqhWWp959tlGv3DCrVuUFHrvv6P8/73pqzQl7M3KiouSc1ql9ekYX1Vr2qZa749AAAAAAAAbn0MAQ0AgKTAIt5q3aCiWjeoqPqXQxFfb0/nfc1qZw1qrsS0P3fJ1Op1DRo9I8f1EpJSdf/wqdp79JzqVSmjEkFZ55e73vJaa27W7Diq/05apMioeDWrEyo/H89rVGHh8OHPq1Wxz1j1GfaTFqzfL4vVlus2X/6+Uc98+LvOXYpXq3oVdfD4eQ0cNV0rtx6WJO06dEb93pyq8NOX1LxOqMJPX9IDw6dqf0RknrbP7/4dbDa7Xvlsfpb6D0REqucrP6hy3w806rs/dfxcdJZ1Tl+IlYfJqNsbV3beWtatkO05SUhKVcf/fK05q/eoWmhxFfX30fTlu9T/rV+d6/Qe9qN+W7ZTpYsFqG6V0lqz/ajueOl7nbkQe02WPzZ6usb/tk4+3h6qU6mU1u0MV8+Xf9CF6IQMtZ6MjNHHv6zNcgyTZ2/UyG+WyWyxqkG1EK3fFaFeQ6fIbLFe0+0BAAAAAADgHugABgBAUp3KpZ3dco5u4Mpli2XooLsRDp+8qISkVNWvWkabf3j+hj72tbbzn9OSpKf7ttRnr9xdwNXcer6bt1mpZotqViypg8fO52mbT39bJ0la9OlgtapfUWN/WqURXy3R3DV71em2avp27mZZrTZ9+lJvPXtfa331+yY9O26OJs7coEnD+ua6fX737/DDgi3adehMlvq3HjipJRsPqlX9itq4+5jLYzxzIVaVyxbTqslP5+mczF27V+GnL6lbixpa/NnjSkw2K/TuMVq3M1wXYxKVnGpWYrJZHZtW1ZIJT8jDZFT/Eb9oxoowrdx2RB2aVMnX8vaNq2jmijAVL+qnsF9eUYCft3q8+J3+/PuQ1uw4qns71nfW+sbkxUpKMWc5hsmz/pIkrZz0lOpVLePc/5w1ezPM7Zjf7QG4p817j2v5lsPKafanAD9vPd23pby9uEQAAAAAAO6Av+4AALgCW/ef1NAJ87XtwCmFlAjQE71baNjD7WU0GrT36Dm9/Nkf2rz3hIr4eOqutnX00fM9NWXBVg2dkNbt+L9F27R8yyGd+GN4ln0vWL9fvYf9KEnafeSsTK1e14pJT+q2WuX1+qRF+n3VHsUnpahJzXL69OW71aRmOUnSP8fP64VP5mndrnAVC/TTw90b690nu8vL0yRJ+nXpDo35caWOnYlSjQolNPqpHurZppbL4/ts2nqXtZ4+H6sXx8/Tn38fUhFfL/VqU1sfPnenggJ8Xe5n2OcLNP5yWPjFzA36YuYGWTd+qMMnL2rohPlavf2oPD2M6ta8hia80lslg9M6nRf9dUBvTl6sg8fPq1JIMb0xsKMevbOpJOl8VIJeHD9PizcelK+3h3q2qa1xz/fMtoZr9fwV9fdRdFySXpkwXws3HJDZYlWr+hX1yQu9VKtSKUnShrAIvT5xkXb+c1plSwZqSO8WGvrQ7TIaDXpj0mJ9NHW13nysk5b/fUhhR87otlrlNXVUf4WWDsq21v+NfFDN6oRqzJQVevf75Xk6vvs7N5DNZncOPVy5bDFJUnxSiiRpxz+nJEm3N64iSerYtKokac+Rs3naPr/7l6S4xBS99dVSNalZTgeORSox+d/Asl2jyoqY+4ZCSwfJ1Or1LMcXE5+sxGSzyhQPyNP5kKSQ4gF67ZEO6ty8miTJz8dTpYL9FR2XpPikFFUsE6zdv76SYRvb5ZDE19tT5UoWzddyi9Wm1x7poMrliinAz1tS+vOW6tzm730n9OvSHWrXqHKGIa5TUi3aHxGp4EBf55DNHZpW1YwVYdp75Kx0OcDN7/YA3NfIb5bpz78P5bpek5rl1K5R5RtQEQAAAADgeiMABgAgj06ci1bn575RUopZbRtW0qETF/Tm5MXy9/XSf+5tpZ6v/KDTF2I1qOdtOnLqor7742+lmC16/O7m6tmmlhZuOKA6lUvrga4NXe6/avnierh7Y/2ydIfKFA/QQ90aKbRUkJ7/ZJ7+t2ibbqtdXrUrldLUJTvUe9iPOjzrdRmNBvUaOkVHTl7UbbXL6/SFWI2bukZeHia9+1R3zV2zVwPemaai/j5qVb+iNu89rj6v/ahtP72oBtVCstTQtFa5LLWmpFrU5flvdPDYedWtUlpJKWZ998ffijgTpaWfP+HyWNo3qaqtB05q7Y5wNasTqnYNK8lqtanHi98p/PQl9b69rhKSUjV9+S6ZLVbNHDtAh05cUN/XfpIktapfUdsPntKg0TNUtmSgOjapqjtf/l7bD55S45plZbbY9MP8LYqJT9aM9x+5rs/fj28/oBc+madflu7Qna1rqVSwv35cuFX7IyJ1eNbrOnzygro+/61SUi1q3aCiDkSc138nLVKqxarhj3VyPv7Yn1apZb0KCvTz0fpdERr9w3J988Z92dbbqv6Vz5f83tM9Mvw8dfE2SVKn29LCz5j4ZElyBpFF/X0kpQ2rnJft87t/SRr740pFRsVr2piH1euVHzLsr2KZ4ByPz7GfwycvqsLd7ys+KUVdmlXXxGF9VCrY3+U2nW6r5qxPSgtK/zl+XlXLF8/weInJZj31wWydPh+r1duPqEuz6rq7XZ18L/cwGTX22Tuc68Ulpmjumr0yGAzq0KSK8/6XP/1DwYG+Gj6os3q8+J3z/tiElAznVJKK+vtmOB/XYnsA7uvD53pq09NfKi4xJdt1BvZsSvgLAAAAAG6EABgAgDz6Zu5mxSemaPhjnfRk35a6EJ2gpgMnaMqCLerXuYFOnItWlXLF9PnQ3kpOteiDn1apWFE/tWtUWafOx2rhhgO6rXZ5jRjUWZKcYacklS9VVF+82kcvPNBWvyzdoQqlgzTuhV6SpLvb1VH7JlV0T4d68vf11uGTF7Vx9zHtC4/UkVMXdeTkRfXtUE+zxg7Q+agEle01WjNX7ta7T3XXJ7+ukSRNHdVfDaqFaMH6/Xp23Bz9b9E2PdbzNr319VJnDd1b1tTT97TMUuvsVbt18Nh5dWhSVcsnDlGq2aqmAydo+ZZD2rr/pA6fvKjpf+507mfow+3Vq21tHTgWqbU7wtWxSVWNffYOJaWYNWJwZ/n5eOn+zg2UmGxWQMcRzq6kz6evl8Vq02ev3K3n+7XRnNV7dN8bP2v2yt2SpO0HT6nTbdU05a37Zbfb1fX5bzV71W7FJaZo4YYDWWrI3CV6tc+fJG07mNbZ+unLd6ta+eKqVamULsUkKi4xRRNn/qWUVIvefryLRj7RVUdPXVLtB8bpo59X641HOzoff9jD7TX22Tu0ee9xtX5ikrYdSNvnW18vzdAhO+Wt+3Ptat5z5KzL5y697/74W4s3HlTdKqX1YNdGkiSrzfXwn67mF3a1fX73H3EmSp9NX6/et9dV+8ZVXK6bk1SzVcWL+slqtalzixr6e98JzV61W0kpZs3/ZJCm/bkry+ugbcNKzp/jElOcc1u/+2T3TPu26NelO5w/t25QUR4m4zVb7vDsR3MUGRWvJ/u0cAbQvy3bqU17jmv8S3cpONNzb7VlP/ez47zmd3sA7q1h9RDN+mCAer78g8vf+67Nq+vr/95bAJUBAAAAAK4XAmAAAPLIMaftmB9XasyPK533h5+OUqlgf3VtXl1//n1IoXePUdfm1dW7fT3161Q/u93pj3X7nN/XqFAy2/Wa1w3Va18s1OsTF+lCdILz/piEJB04FilJziF5SwYXUfLa97PUfNfQKRn2GX76ki7EJGSoIbthdXcfTpurtUvz6jIYDPL28lDX5tW1PyJSW/ef1LlLcRn284CLsFBKGw63ZoWSGv7VEj35/ixnJ5Lj64HL89y2qpfW+dq3Qz2lrB8ro8Gg8b+tlSSt3HpYFXu/n2G/4acv6eCxyCw1ZD6e/Dx/j/RoohFfLVHDR8arfeMq6t6ypoYP6iR/P2+FXT4/3VrUkCRVKVdMdSqXVtjhM/rn+L9z95a+XE/pYmlfYxPSumXX7wrX2h3/DtmbnGpxef7Sy+25W7sjXM+Nmys/H0/9+u5DziDSVSApSSZjxvuz2z6/+3994kJZrTZ9+NyduR6jKw2rh+jsoreVlGJWEV8vxSWmqMLd72vRXwcUE5/s8nXgYLXa1H/ELzoQEakBdzTRg5k68YMCfGXd+KHOXIjVfW/8rHe/X66G1cuqT/u612S5lNYF/svSHapdqZQ+vvwBj+QUi96YvFjVyhfXf+5tlWVu5OzOqSSZjIZ8bw+gcOjSrLq+ffM+54dgHBpWD9HMsQPk6WEqoMoAAAAAANcDATAAAHlktlglSa8P6KDWDf7tKnQELAvGD9aPC7fq91W7NWfNXk37c5c2PdBW41+6y+X+rBs/zNPjPvrOdK3efkRvDe6sHq1q6aVP/9CWfSeyXd+ULvAxW9I6fX5+50EFFvFx3l+6mL+a1QnNUw1enmn/XTCmC4scc5x6epg08omuGvlE11z3ExOfrJ6v/CCzxarJr92jWhVLqvWQSbJl0zUq/XtuHcdxZ+taeqpvxk7XimWCXdZw+OTFDD/n5/l7Y2BHNa1VTj8v3q6lmw5q6aZ/NHXxdm3+4Xl553J+crNq8tO5rpNZhyZVs33uDp24oHv++5MsVptmvP+Ic95XSQopEaB94eec4bNjyOagAJ88bZ+f/Z+PStCsy93cte4fl2Gf3m3f0N7fhjrnVM5OqtmqVLNF3l5p5zzAz1uVQoIVdviMTkbG5PhafPmz+Vq88aDaNKiUodMtISlVJ85FK7CIj8qWDFRIiUA91L2xNu05rvW7wtW1efV8LXcEwLNW7taIr5aoZHARzf9kkIr4ekmS5q/fpxPnoiVJPu3edNb1V9gxhdw5WqcXjpCnh8k5lHPaeU26fF598709gMLj0Tub6vi5aI38ZpkkKbR0kBaOH5xhiHgAAAAAgHvIviUAAABk4Ai6Dh4/r55taqlX29pKTrWocc1y2nHwtJ758Hf5eXtq0aePa//0VyVJM1eGSZIMl7PB5BTzFT2m3W7XhrAImUxGvTGwk1rUDZXFanUur1UxLTD7e29aIBybkKzGAz5zzgFar2ppSVJkVIJ6ta2tnm1q6dT5GDWtVT7bx8xca90qaftYseWQ7Ha7LFabVm8/mmH/ebHn6FnFxCerSc1yGnBHE1UPLSF7uuy3VsW0LujNe49LktbsOKr6D43XW18vdT7O7iNn1a5RZfVqW1uVyxZTQBFv5zyzubna5y8x2awh78/SX2ER+vmdB3Xij+GqWbGkth88paOnLznPz7LNaUNZnzgXrQMRkSri66VKITnPaXutXYpNVK9XflBUbJI+e/nuDHPUSlL9y+fA8fyt2ZH2tUnNcnnaPj/7L+LrpTtb18pwc4Tmd7SqKf88BBCTZ29U0c5v69lxcyRJUbFJOnLqogwGg0JKuO5gl6SJM//SpFl/qXpoCc0dN9AZIEtpr4e6/T9R1xe+dQ6NuvfoOUlpndX5XS6lzTs88N1p8vH20B8fD1LlssWcj1+hTFCGc9Lm8ocTggJ81fVy133dKqUVHZfk7DZfe/m8Nq5ZLt/bAyhcRgzqrGfva60yxQO06NPBCikRWNAlAQAAAACuAzqAAQDIo2fva61v5/2tuWv2qsHDnyoowEd/hR3Tk31aaNST3TRzRZimL9+l7QdP6fT5WEnSbZeD1tBSQZKkP9bv0x0vfa/Fnz2ep8c0GAyqWbGk9hw5q7tenaL4xFTtOJg2lLHFalPv2+uoSrlimr1qt9oMmaSzF+MUcSZKQx+6XZL030c76YHhUzV0wnzNWb1bF2ISdSAiUkX9fbMMgeuQudYFnwxS3SqltWLLYTV5dIJSzBYdPHZeHZtWVYu6FfJ8/qqULSZPD5P+2n1M/Uf8oi37T8p+OQG2WG16rl8bfT13s4ZOWKC5a/Zq24GTiolP1gfP3qnuLWuoYfUQ7Tp0RnUe/Fj1qpTR+rBwVSwTrH3TXs3T41/t8+fn46k9R87qh/lbFHEmSsWL+in89CWVCCqiCqWD9OKDbfXVnE0a9d2fWrn1kPZHRMpitemtAR0ydGPfCINHz9Thkxfl5+OpFVsOacWWQ85lcz4aqP/c21pfzPxLr09cqLlr9mjz3uMyGAx6sk/LPG2fn/37+Xhq/ieDMtQb0HGEEpPNmjvusRyHKnZ4oEsDvfv9n/r+jy3aHxGpE+dilJCUqvs7N1CxQD+X22zdf1Ivf/ZH2uP5eevx92b+u7+ujXRfp/pqXLOsdhw8rboPfqySwf7auPuYAov46P7ODVW2ZGC+lielmNVn2I9KTrGoQpkgjU03/Hi9qmU0+qnuGc7L1v0n1WLwF6pTuZT+986DkqQXHmirwaNnqOvz36pGhRJp3b0lAtW7XR35+3nna3sAhc/nQ3vr86G9C7oMAAAAAMB1RAcwAAB5VLlsMa2a/JQ6Nq2qI6cual94pB7p0USjnuymUsH+WvbFEDWuUVaTZ2/Uiq2HNeCOJvr2zfskSa0bVNTgu5rJZDTq8MkLV/S4U0f1V/M6odq4+5gC/Lx1b8e0eWmPnrokTw+T5n88SF2aVdeOf04rLjFFLz3YVqOf6i5Juq9Tff06+iHVrVJam/YcV1xCit4a3Fn35TA3ceZaTSaj5n8ySHe1raPDJy/o9PlYPdi1oaa99/AVHUdIiUBNHdVfFcsEa+nmf9StRQ3nkL9HT11UzYolNefDgapZsaTW7jiqYoF++uq/96pnm1ryMBm1dMIQPdKjiZJTLVofFq6WdSvq58sBV17k5/mb89FAPdCloeat3afv/tiitg0ra8lnT8jL06SKZYK16NPBalqrnDbuPi6T0ajhj3XSG492vKLzcy0cOZU27HVisll/rNuX4SZJVcsX16yxA1SlXHFt2BWh0FJB+m30Q7qtdvk8bZ/f/edXSIlArZyU9hzuOHhaicmpevqelvpueL9st4k4E+UcZnz7wVMZaj54LFIeJqP+GDdID3VvrJiEZO0LP6fOzapp+cQhqlAmKN/LE5JSde5SvCTp+NnoDI+/fld4tnWnN/DOphr1ZDd5mIzauv+kWjeoqEWfDs5T1/S12B4AAAAAAAC3FoPdbs9+4j0AAAAAAIBrwHH5wWazyW63y2azyWazyWq1Om/BwTd2+gQAgPuJioqSyWRy3oxGo4xGowwGg4zGtH4og2PuIwAAbmKxsbFXvS0dwAAAAAAAAAAAAADgJgiAAQAAAAAAAAAAAMBNEAADAAAAAAAAAAAAgJsgAAYAAAAAAAAAAAAAN0EADAAAAAAAAAAAAABuggAYAAAAAAAAAAAAANwEATAAAAAAAAAAAAAAuAkCYAAAAAAAAAAAAABwEwTAAAAAAAAAAAAAAOAmCIABAAAAAAAAAAAAwE0QAAMAAAAAAAAAAACAmyAABgAAAAAAAAAAAAA3QQAMAAAAAAAAAAAAAG6CABgAAAAAAAAAAAAA3AQBMAAAAAAAAAAAAAC4CQJgAAAAAAAAAAAAAHATHgVdAAAAAAAAgCSFnzhT0CUAAG5xQf4+BV0CAAAFjgAYAAAAAADcFCqHhhR0CQCAW1xUVFRBlwAAQIFjCGgAAAAAAAAAAAAAcBMEwAAAAAAAAAAAAADgJgiAAQAAAAAAAAAAAMBNEAADAAAAAAAAAAAAgJsgAAYAAAAAAAAAAAAAN0EADAAAAAAAAAAAAABuggAYAAAAAAAAAAAAANwEATAAAAAAAAAAAAAAuAkCYAAAAAAAAAAAAABwEwTAAAAAAAAAAAAAAOAmCIABAAAAAAAAAAAAwE0QAAMAAAAAAAAAAACAmyAABgAAAAAAAAAAAAA3QQAMAAAAAAAAAAAAAG6CABgAAAAAAAAAAAAA3IRHQRcAAAAAAABwI9ntdlksVqWYzUpNNSvVbFFqqllWm62gSwOAW57JaJSXl6e8PD3k5eUpb09PeXiYZDAYCro0AAAKDQJgAAAAAABQaETFxCk2PlFGo0Henp7y8vJUoL+fvLw85WEyFXR5AHDLs1itzg/XJCYmK8ocJ5vVpsCAIgouGlDQ5QEAUCgQAAMAAAAAALdnNlt07kKUivj5KDSklIxGOtEA4HrwMJnk4WuSn++/99lsdsXExevU2fMqVSJYnh5clgYA4HrinRYAAAAAALi16Nh4xSUkqnSJYHl5ehZ0OQBQ6BiNBgUXDZCfr4/ORl5SoL+figb6F3RZAAC4LWNBFwAAAAAAAHC9nD53QTabTaEhpQh/AaCAeXt5KrRsKVlsNp2JvFjQ5QAA4LYIgAEAAAAAgFs6fe6CAvz9VCwosKBLAQCkUzwoUP5+PoTAAABcJwTAAAAAAADA7UTHxsvH20sBRfwKuhQAgAsB/kXk5eWpmNj4gi4FAAC3QwAMAAAAAADcitlsUVxCIp2/AHCTKx4UqNj4RJktloIuBQAAt0IADAAAAAAA3Mq5C1EqXSK4oMsAAORBqRLBirwQVdBlAADgVgiAAQAAAACA24iKiVMRPx95eXoWdCkAgDzw9vKUr6+PomPiCroUAADcBgEwAAAAAABwC3a7XTFxCSoa4F/QpQAArkBQQBHFxifKbrcXdCkAALgFAmAAAAAAAOAWLBarTCajjEZDQZcCALgCRqNRBoNBFqu1oEsBAMAtEAADAAAAAAC3kGI2y5uhnwHgluTl5anUVHNBlwEAgFsgAAYAAAAAAG4hNdUsLy8CYAC4FXl7eSqFABgAgGuCABgAAAAAALiFVLNFXp4eBV0GAOAqeHl6KNVsKegyAABwCwTAAAAAAADALdABDAC3LoaABgDg2iEABgAAAAAAbsFqs8nDZCroMgAAV8HDZJLVZivoMgAAcAsEwAAAAAAAAAAAAADgJgiAAQAAAAAAAAAAAMBNEAADAAAAAAAAAAAAgJsgAAYAAAAAAAAAAAAAN0EADAAAAAAAAAAAAABuggAYAAAAAAAAAAAAANwEATAAAAAAAAAAAAAAuAkCYAAAAAAAAAAAAABwEwTAAAAAAAAAAAAAAOAmCIABAAAAAACAm9xvy3Yq5M7RuvPl7xWXmFLQ5QAAAOAmRgAMAAAAAAAA3MRmrgjTo6OmKTIqXks3/aM7X/5e8YTAAAAAyAYBMAAAAAAAAHCTmrtmrx4e+ZtsNrvzvr/CjqnX0ClKTDYXYGUAAAC4WREAAwAAAAAAADehBev364HhU2W12mQwGCTJ+XXdznDd/eoUJaUQAgMAACAjAmAAAAAAAADgJrN440H1e/NnWaw2hZYO0phnekiSalcqpTcf6yRJWrXtiPq+9pNSUi0FWSoAAABuMgTAAAAAAAAAwE1k+ZZDuve//1Oq2apKIcFa89XTqlquuHP56Ke6a+QTXSVJf/7977oAAACARAAMAAAAAAAA3DRWbTui3sN+VEqqRVXLF9fqL59WxTLBWdZ7+/Eueu/ptK7gxRsP6v43p8psIQQGAAAAATAAAAAAAABwUzgflaC7X52i5BSLalQoqdWTn1Zo6aBs139jYEd99HxPSdL89fv01tdLb1SpAAAAuIl5FHQBAAAAAAAAACR/Py9VCikmo9GgZZ8PUeni8ymUAAAgAElEQVRi/rluM/Sh2+XladKwzxeqZsVSN6BKAAAA3OwIgAEAAAAAAICbgK+3p3b/+soVb/d8vzZ67r7WMhgM16EqAAAA3GoYAhoAAAAAAAC4xRH+AgAAwIEAGAAAAAAAAAAAAADcBAEwAAAAAAAAAAAAALgJAmAAAAAAAAAAAAAAcBMEwAAAAAAAAAAAAADgJgiAAQAAAAAAAAAAAMBNEAADAAAAAAAAAAAAgJsgAAYAAAAAAAAAAAAAN0EADAAAAAAAAAAAAABuggAYAAAAAAAAAAAAANwEATAAAAAAAABwHV2MSVSLwV9o4KjpBVrHhrAI1ev/iSZMX1+gdQAA8H/27jw+5mv/4/h7liyyIIgIsW9RRUvRqqWSWmvfa2+1VKpI0VquWGttwy2itlYp2twfqrQuvdpSam9vVSwVQex7JGSZJDO/P9RcaWwhMYzX8/GYRzPf7/me8zmTeaQe857vOQByFgEwAAAAAAAAkIP2xpzRrv0n9MW/f1WKJc1hdXy7eb/2Hz2nVZuiHFYDAAAAch4BMAAAAAAAAJCDbDbbTT87so4b/3VgEQAAAMhxBMAAAAAAAADAI85oNGT4LwAAAHA7ZkcXAAAAAAAAAODOXqxcQg1rltMrL1ZwdCkAAAB4xBEAAwAAAAAAAI84v3xeWju9l6PLAAAAwGOAJaABAAAAAACAHGQ0/O8juHSr1WF13Bj75noAAADgfPjXHgAAAAAAAJCD/At423/etjfWYXVsj7o+dmHf3A6rAQAAADmPJaABAAAAAACAHFS2aAE9W76wfjt4Sq+Ni9TU/q+oUulCMhoMD2X8q0kWzV+1XZt/PypJ6tTgmYcyLgAAAByDABgAAAAAAADIYZ+N7KiX+n6ik+evqPPIpQ6ro3ermnrlxUCHjQ8AAICcxxLQAAAAAAAAQA6rVLqQdi3sr66Nq6pAXs+HOraL2aQqZf01d1g7zX6/zUMdGwAAAA8fdwADAAAAAAAAD0HJwvn0+aiOji4DAAAATo47gAEAAAAAAAAAAADASRAAAwAAAAAAAAAAAICTIAAGAAAAAAAAAAAAACdBAAwAAAAAAAAAAAAAToIAGAAAAAAAAAAAAACcBAEwAAAAAAAAAAAAADgJAmAAAAAAAAAAAAAAcBIEwAAAAAAAAAAAAADgJAiAAQAAAAAAAAAAAMBJEAADAAAAAAAAAAAAgJMgAAYAAAAAAAAAAAAAJ0EADAAAAAAAAAAAAABOggAYAAAAAAAAAAAAAJwEATAAAAAAAAAAAAAAOAkCYAAAAAAAAAAAAABwEgTAAAAAAAAAAAAAAOAkCIABAAAAAAAAAAAAwEkQAAMAAAAAACCTXbt2qU+fPmrQoIFatmypjz/+WElJSfd0baNGjfTjjz/maH1r165V7969c3SM+zF06FCFh4fn+DgzZ87Uu+++e9vzEydOVERERI7X8ajq3Lmzfv75Z0eXAQAA4BBmRxcAAAAAAACAR8uBAwc0aNAgvfbaaxoyZIguXryomTNn6uTJk5o8ebKjy5MkVaxY0dElPNLq16+vXLlyOboMh+nQoYPKlSvn6DIAAAAcggAYAAAAAAAAGXz//feqUKGCevbsKUkqU6aMvLy81KdPHx0/flxFixZ1cIVSsWLFVKxYMUeXkWOsVquMxvtfvO/555/PxmoeP61atbqv69LT02UymbK5GgAAgIeLJaABAAAAAACQgclk0qVLl5Sammo/Vr58eUVERMjHx0eSdPLkSYWGhurll19Wly5d9NNPP922vx07dqh79+5q0KCBQkJCFBMTYz8XFxensLAwNWzYUC1bttScOXOUnp4u6XoYN2fOHLVo0UKNGjVSWFiY4uLiJEmRkZHq1q2bvZ/ExERNmjRJjRs3VqNGjTRx4kQlJibaz9WuXVurV69W9+7dFRwcrNDQUHtfkvTLL7+oZ8+eql+/vjp37nzH+WRl7jc7duyYBg0apKCgILVs2VLz58+3n9uyZYsaNGigjz/+WI0aNdKOHTvuOP8br094eLgaNmyoVq1a6dtvv7Wfu3kp6g4dOmj58uX2czExMapdu7bOnz8vSdq6dat69Oih+vXrq1u3btq6dett57Bz50517txZDRo00JAhQxQWFqaxY8dKkjZt2qRGjRplaN+3b18tWLDA/vxO74W/+/LLL9WsWTM1a9ZM06ZNU9euXbV69WpJUs+ePRUZGZmhrtq1a9uf/30Z8tuNe+O9MWPGDLVq1Upz587VtWvXNHnyZDVp0kSNGzfWqFGjlJCQYO/r0KFD6tu3r4KDg9WxY0d99913t50DAACAIxAAAwAAAAAAIINWrVrpypUr6tOnjzZs2CCLxSKz2azKlSvLy8tLSUlJ6t+/v8qWLauFCxeqa9euGj16tI4cOZKpr+joaA0fPlxdunTRZ599pvLly2vIkCH2cHn48OG6dOmSIiIiNGbMGK1fv17Lli2TJH366adau3atRo4cqU8++UTx8fEaN27cLWseM2aMDh48qPDwcIWHh2v//v368MMPM7RZsmSJBg4cqPDwcMXGxmrJkiWSpKNHj2ro0KFq27atvvzyS7Vt21ajR4/W2bNnM42TlbnfLD09XaGhoSpUqJCWLl2qsLAwRUZGasOGDRn6TkpK0syZM1W5cuW7zn/37t3y9PTU7Nmz1bhxY3344Ye6cuVKprHr16+fYT/czZs3q1KlSvL19dW+ffs0dOhQNW7cWJ9//rkaNmyooUOH6ujRo5n6SUhI0IgRI1S5cmUtWLBAzZo107Zt2+4475vd7b1ws19//VURERF67bXXNGfOHOXPn/+WNWXXuFFRURo3bpw6dOigqVOnKiYmRrNmzdLs2bN1/PhxzZkzx972/fffV2BgoBYvXqxu3bpp8uTJ2rdv333VBgAAkBMIgAEAAAAAAJBB4cKFtXDhQhUtWlTjxo1Ts2bNNGPGDCUlJUmSfvzxR7m5uSkkJEQBAQFq0qSJqlevniHMvOGrr75So0aN1KhRIwUEBKhfv35KSEjQnj17FB0drT179mj48OEqU6aMnnnmGYWEhOj48eOyWq1auXKl3nzzTVWvXl0lS5bU4MGDFR8fL4vFkmGM2NhYbdmyRSNGjNBTTz2lihUravjw4Vq/fr3OnDljbzdw4EBVrVpVVapUUYMGDfTnn39KkvLnz6/58+erefPm8vPzU9u2beXq6qoDBw5kmk9W5v53EyZM0DvvvKNChQqpWrVqqlq1qv744w/7eZPJpMGDB6ts2bJyd3e/6/yfeuop9enTR6VLl9brr7+u1NRUHTt2LNO4QUFB+u2333T16lVJ1wPg+vXrS7p+J3WtWrX06quvqlixYurWrZtq1qxpD+Fv9sMPP8jV1VWDBg1SsWLFVK9ePdWtW/eu877hTu+Fv/vmm2/04osvqm3btipSpIi6d+8uPz+/ex4rq+O+9dZbqlSpkvLnz68ePXpo4sSJKlWqlEqWLKlGjRrZf0+JiYk6d+6catasqcKFC6tZs2YaPny43N3d76s2AACAnMAewAAAAAAAAMjE399fY8aMUVxcnNatW6dFixbp4MGDmjlzpg4dOqQTJ07o5ZdftrdPTU1Vnjx5MvVz6NAhHT16VOvWrbMfS05O1pkzZxQXFycvLy8VLlzYfi44OFjBwcG6dOmS4uPjVb58efu5gIAAzZs3L9MY0dHRcnd3V5kyZezHAgMD5ebmpqNHj6py5cqSJG9vb/t5d3d3e6Dt7e2t33//XeHh4Tp+/LjS0tKUmJh4yztTszL3m5lMJrm5uWn06NE6cOCAEhMTlZKSombNmtnbGI1G+/6zcXFxd52/l5eX/WdXV1cZjUb7stc3K1++vAoVKqRffvlF1apV04EDB+x3EkdHR6tp06YZ2lepUuWWy1qfPHlSZcqUkYuLi/2YwWC447xvdqf3wt+dOHFCderUuee+73fcChUqSFKGOeXPn1/z5s3T9u3bFRcXp7S0NBUqVEiS5OHhoc6dO2v48OF64YUXVKtWLdWvX18eHh7ZUisAAEB2IAAGAAAAAABABlFRUSpcuLB8fHyUN29edezYURUqVFBISIgOHTokSapUqZKGDRuW4brbhWAdOnRQixYtMhzz8fHRrl27bhsg3hzI3c2N8PNmNptNNpst093Ct3Lw4EGNGjVKYWFhqlWrllxcXDKFojfLytxvsFgsGjhwoJo3b65//OMf8vLy0ogRI27bPivzvxdBQUHavHmzkpOTVaFCBfvdtC4uLjKbM35EaLVabxl+S8r0OmfV7d4Lf2cwGB54rPsZV5ImTpyo9PR0zZgxQ35+flq+fHmGPZRDQkLUokULbd68WV9//bXmzp2r2bNnZ/giAwAAgCOxBDQAAAAAAAAymDhxYqYlgAsWLCjp+l62xYsX17Fjx+Tr66uAgAAFBAQoX758ypcvX6a+ihcvrqNHj9rb3Wjr6emp4sWLKyEhQadPn7a3//3337VkyRJ5e3srb9689sBZki5evKhp06ZlCnVLlCihxMTEDHvEHjx4UBaLRaVLl77rfH/77TcVLVpU9erVk4uLi9LS0pSWlnbLtlmZ+82OHDmiixcvqlOnTvY7d5OTk2/bPivzvxdBQUHatm2bfvzxR/vyz5JUsmRJ7d27N0PbPXv23PJ1K1q0qA4fPpzhtbHZbPafPTw8lJycLKvVaj92c5B8p/fCrcY6ePDgbefj4eGR4W7n2/2+sjqudH1v5RvLgUuy3ykuXd8veu7cuSpSpIg6deqkuXPnKnfu3Fq/fv1txwcAAHjYCIABAAAAAACQQZcuXRQZGamlS5fq0KFD2rNnjyZPnqzixYurTJkyatiwocxms8aOHauYmBhFRUWpd+/e+vHHHzP19eqrr2rr1q1auHChTpw4oY0bN6p9+/Y6f/68SpQooerVq2vixIn2/YAnTJiglJQUSVLHjh01b9487dq1S0ePHtXkyZMVExMjV1fXDGMEBASoXr16Gj9+vPbv3699+/Zp0qRJqlOnjooUKXLX+QYEBOjIkSNau3at9uzZo7CwsNsuAZ2Vud/Mz89PLi4u+vzzz7V//37NnTtX27dvv2OYe6/zvxdly5ZV/vz5tXPnTr300kv24507d9bGjRsVGRmp2NhYLV26VDt27FD79u0z9REUFKTk5GRNmzZNx48f18aNG7Vp0yb7+ZIlS8pgMGjRokWKiYnR4sWLM+yjfKf3wt+1aNFCmzZt0sqVK3Xq1CktWrRIZ8+ezTCfdevWKSoqSr/++qvmzJlz27lnZVzp+vthxYoVioqK0po1a/TFF1/Yf0+enp768ssvtWDBAp06dUq7du3SuXPnVKxYsTu8+gAAAA8XS0ADAAAAAAAggyZNmihXrlxaunSp5s+fL09PT1WrVk1Dhw6V2WyW2WzWRx99pOnTp6tXr17y9vZW8+bNVbdu3Ux9BQYGaty4cZo3b54+++wzFSlSRKGhofL19ZUkjRw5Uh999JH69OmjXLlyqVmzZurRo4ek6+FkQkKCRo0apeTkZNWqVUvDhw+/Zc3Dhg3T9OnTNWDAAJlMJr300kvq37//Pc23du3a6ty5s2bOnCkXFxe1bdtWqampunr1aqa2Hh4e9zz3m+XNm1dhYWGKiIjQ6tWrVbt2bb366qu6ePHiba/JyvzvRVBQkLZv327fz1aSypQpo/Hjx+uTTz5RRESESpQoocmTJyswMDDT9Z6enpowYYI+/PBDrV+/Xs8884wqVqxoP58/f34NGjRICxYs0FdffaUXX3zRvv+ydPf3ws2eeeYZ9evXTwsWLND8+fPVoEEDFShQwH6+R48eio2N1YABA+Tv76+XXnpJ0dHRt5z3nca91Z7JI0aM0KRJkzRgwABVqFBBvXr10jfffCOLxSJfX19NnjxZERERWrJkiXx8fNS5c2cFBQXd2y8BAADgITDYbl6nBQAAAAAAIAfc+PjBarXKZrPJarXKarUqPT3d/rjdfpz36sjx0ypZ1D87ygVwjz744AOlp6crLCwsx8dq27atevbsqebNm+f4WHCM7Pg7fvnyZZlMJvvDaDTKaDRm2Ff6dnuPAwDwKImPj7/va1kCGgAAAAAAAAAAAACcBAEwAAAAAAAAAAAAADgJloAGAAAAAAA5jiWgAQB3wxLQAAD8D0tAAwAAAAAAAAAAAAAIgAEAAAAAAAAAAADAWRAAAwAAAAAAAAAAAICTIAAGAAAAAAAAAAAAACdBAAwAAAAAAAAAAAAAToIAGAAAAAAAAAAAAACcBAEwAAAAAAAAAAAAADgJAmAAAAAAAAAAAAAAcBIEwAAAAAAAAMBjwGq1Zmt/6enp2dofAAAAHg0EwAAAAAAAAEAOiouLU1hYmBo2bKiWLVtqzpw59vD12rVrmjx5spo0aaLGjRtr1KhRSkhIkCRt2bJFDRo00Mcff6xGjRppx44dkqTIyEg1a9ZMDRs21LRp09SrVy99/fXXd+0vMTFRtWvX1owZM9SqVSvNnTvXAa8GAAAAchoBMAAAAAAAAJCDhg8frkuXLikiIkJjxozR+vXrtWzZMknS1KlTFRMTo1mzZmn27Nk6fvy45syZY782KSlJSUlJmjlzpipXrqzffvtNM2bMUJcuXRQRESE3NzcdPHjQ3v5u/UlSVFSUxo0bpw4dOjycFwAAAAAPldnRBQAAAAAAAADOKjo6Wnv27FFkZKQKFy4sSQoJCbHfzdujRw/lyZNH+fLlkyQ1atRI3333nf16k8mkwYMHy2QySZJWrVql2rVr69VXX5UklSlTRhs2bLC3v1t/kvTWW2+pUqVKOTRjAAAAOBoBMAAAAAAAAJBDjh07Ji8vL3v4K0nBwcEKDg6WJOXPn1/z5s3T9u3bFRcXp7S0NBUqVMje1mg02sNfSTpx4oTq1q2bYYybz9+tP0lycXHJ1jkCAADg0UIADAAAAAAAAOQQs9ksg8Fw2/MTJ05Uenq6ZsyYIT8/Py1fvlzLly+/bXuTyZSt/QEAAMD5sAcwAAAAAAAAkEOKFy+uhIQEnT592n7s999/15IlSyRJu3fvVvPmzeXn5yfp+p6/dxIQEKADBw5kOJaenm7/Oav9AQAAwPkQAAMAAAAAAAA5pESJEqpevbomTpxo3w94woQJSklJkXQ90F2xYoWioqK0Zs0affHFF7JYLLftr2XLlvr5558VGRmp6OhoRURE6OzZs/bzWe0PAAAAzocAGAAAAAAAAMhBI0eOlLe3t/r06aPhw4erfv366tGjhyRpxIgRunr1qgYMGKB169apV69eypUr121D28qVK+udd97RokWLNHDgQFmtVvn5+dmXhc5qfwAAAHA+BpvNZnN0EQAAAAAAwLnd+PjBarXKZrPJarXKarUqPT3d/vDx8XmgMY4cP62SRf2zo1zgkWaxWOTq6mr/uXHjxpowYYKef/55B1cGPJjs+Dt++fJlmUwm+8NoNMpoNMpgMMhovH4/1J320QYA4FERHx9/39dyBzAAAAAAAADwmPj1118VEhKivXv3KjY2VlOmTFHevHlVpUoVR5cGAACAR4TZ0QUAAAAAAAAAuDdVqlRRrVq1NHLkSF29elUVKlTQhx9+qFy5cjm6NAAAADwiCIABAAAAAACAx4TJZNLrr7+u119/3dGlAAAA4BHFEtAAAAAAAAAAAAAA4CQIgAEAAAAAAAAAAADASRAAAwAAAAAAAAAAAICTIAAGAAAAAAAAAAAAACdBAAwAAAAAAAAAAAAAToIAGAAAAAAAAAAAAACcBAEwAAAAAAAAAAAAADgJAmAAAAAAAAAAAAAAcBIEwAAAAAAAAAAAAADgJAiAAQAAAAAAAAAAAMBJEAADAAAAAAAAAAAAgJMgAAYAAAAAAAAAAAAAJ2F2dAEAAAAAAABwTlarVdEnLuqH3Ye1YcchHYw9r2OnL+tqksXRpeEJ5JXLVcX9fRRYvKCCqpdR8HNlVLpIPhmN3CMDAACcCwEwAAAAAAAAst2wWd8pYsVWpaVZlWxJk02SbJLB4OjK8KS6mmTR3sNntTfmrJb/+IfcXc1ydTEppG0tfdC3saPLAwAAyDZ8vQ0AAAAAAADZZtf+4/JrMlb//GqLriZalGxJkyQZRPgLxzMYrr8XJSnZkqb4aykKX7ZJ/k3H6deDJx1aGwAAQHYhAAYAAAAAAEC2eHvKSr3wxixdiLumlNQ0R5cD3BNLarrOXb6qmq/N0Dsffu3ocgAAAB4YS0ADAAAAAADggVXoOFXRxy/KarM5uhTgvlhtNn2yYpt++jVGfyx919HlAAAA3DfuAAYAAAAAAMADCewwVX/GXiD8xWPParNp35GzqtDxQ0eXAgAAcN8IgAEAAAAAAHDf3p66UtEnLji6DCBbHTp+Xu98xHLQAADg8UQADAAAAAAAgPsSFXNG81ftEDf+wtnYbNKcldt18Ng5R5cCAACQZQTAAAAAAAAAuC/B/eYqLd3q6DKAHJGeblXQ23MdXQYAAECWEQADAAAAAAAgy96dvlqXriQ6ugwgR126kqghM9Y4ugwAAIAsIQAGAAAAAABAllitVs1duU3pVtZ+hnOzpKVrzsrtsrHOOQAAeIwQAAMAAAAAACBLok9cVDqBGJ4QaWnpijl5ydFlAAAA3DMCYAAAAAAAAGTJT7sPy5Ka7ugygIciJTVdG3YecnQZAAAA94wAGAAAAAAAAFmyYVe0o0vIFl4ebgof2Fyx3wzXlQ1jte/LwZoW2kKFfXNnqZ+5w9qpxyvV7timWmCAjqwcJnc384OUnC0et3ofBT/uPuzoEgAAAO4Z/4IDAAAAAABAlhw4es7RJWSLz0Z20JWryarW4586f/maivrl1evNq6tq+SI6dT4+W8eKPnFBUxb/pOSUtGztN6c8bvXmtH1O8p4HAABPBgJgAAAAAAAAZMnR05cdXcID88zlqiYvlFe+BqPsy1kfPxunMfO/z5HxrlxN1uwVW3Ok75zwuNWb046eYg9gAADw+GAJaAAAAAAAAGTJ1SSLo0t4YAaDQWaTUV653O7Y7tL3Y5THyz3DsZoVi2nTnL4ZjplNRo1+s6GOrRquC+tGa93Hb6hyGX/7+SK+eRSzcqj9eZdGzyrivdYa3KWejqwcphZ1nrpljW+0qKE9S95V3IaxOrJymIb1qJ+hzdxh7fR68+qaN7ydzq4NU77cHpKkprUCtXVBP11cP1pHvx6mka8Hy2g02K9zd3XRtNAWOvXtSMX/ME7LJ3WXXz6vW9Y7IaSJwnq9nKm+ro2rav6I9pKkPF7u+mRoW536dqTOrxul76b10tOlC93xtX2cOMN7HgAAPDkIgAEAAAAAAPDEuZqYosVrf9XPc/qqzUtPK5ebywP1NzGkqWw2myp0nKqCTcZo0be7te7jN1Tc3+e217QPrqwShX30bPfp+ubnfZnO5/V2VzF/HzUf/JnyBoep7luz1S6ostoFVcrQbkLfJtr6xzEVazlBl+IT1bJuRf3z3ZYaGP6N8jccrRfemKXqTxVTy7oV7dd8NKCZDsWeV6k2E+3XLQzreMs6567cpteaVc8QIEtSn9bP65MVW2U2GbX+4zd1KT5RZdtNVsHGY/Xp6h1a9883VCYgf1ZeRgAAAGQDAmAAAAAAAAA8kfpMWq6Z//pFI14L1rl/j9LXU3souHqZLPeTy82s/Hk8NGb+90pMTpXVatOSdb8p4v9+0aDOdW973dVEiwaEf6O4hKRbnr8cn6SwOet07K8lt4+fjdP0L3/WyzXKZWj3/Y4/9enqnUqxXN+vd0Lfxnp9fKS2R8VKkk5fiFfLIQu18qe99mtW/LRXEcu3KjklTXEJSXrno6/1YuUSyu2Z8W5n6fqS3/uOnNUrtSrYjz1dupDcXE3atf+E2rz0tBISUzQ8Yq2uJVlks9n0fz/8oelf/qxhPYPu8VUEAABAdiEABgAAAAAAwBPJarVp9oqtqtbjnyrXfoo2/hqjyA+6qm+bF7LUT+mA/Fq1KSrT8TVb9qvGU0Vve92uAyeUnm69Y9+9WlTX5rkh+mX+2/pl/tv6bGQH+eb1zNDmRtArSd4ebirql1c///dIhjY2my3D881/O5+ckqYT565kWAb6ZnNWblPv1jXtz99q87w+WbFNklSjYjH9e+vBTNes3XpQNSsWu+P8AAAAkP0IgAEAAAAAAPDEO30hXtOW/awWgxfq/e4v2Y9brTaZTRk/QnN3M2d4bjAYZLVmDFglySCDMh/9n4TElDvWFPRcGb3TobZaDF6oWm/MUq03ZqnlkIUyZFyJOVM/hr83uIWU1LRMx9LSrZmWeb5hzZb9qljKT8UK5ZVnLlc1e7GClq3/701jZr7GoMzBMwAAAHIeATAAAAAAAACeSF4ebpmOnboQnyFAPXMpQeWK+WZoU6dKyQzPD5+4qNYvPZ2pr+Z1nspwd25WVS1fRP/eelCX4hPtx0oVvvOeugmJKTp25rLqVS2V4fi9hMJ3YrXa9NnqnXqjZU11afSsVm6MUlJKqqTrdyA3qRWY6ZqmtQK1be/9zx8AAAD3hwAYAAAAAAAAT5yKpfy049N31D64sjzcXSRJxf19NGNwKy36bre93b827NGUfq+ouL+PjEaDGr9QXr1a1MjQV2Jyqk6dj9fYPo3k5eEms8mo7k2r6a02zyt86ab7rvGPw6f1cvWyyuV2vb6Agnk0pFu9u143bNZaLRjRXi9WLiFJKuybW6um9rxlSJ0V81btUPcmVdWv/Yuas3Kb/fjKn/bK3dWsyf2aKrenu0wmozo1qKIBnepo0qIfH2hMAAAAZJ357k0AAAAAAACA//HK5aqrSRZHl/FAomLOqs+k5Qp9tY5mDWktNxeTzly6qoVrdmry4p/s7SYs/EG5Pd2149N35OZq1g+7otVn0nL94/XgDP0NnfWdAksU1P4vB8vLw1U7951Qw3fmKfZM3H3XuG7bn3q2XBFt//QdXU5I0sUr1xQ2Z71a1LklvBEAACAASURBVH3qjtet3rxPaenp+mhAMwWWKKgrV5O14Jsdt9ynOCvOXExQVMxZFff30YGj5+zH09KtajxggSb3a6o///WeXMxGbY86rob95+nwiYsPNOajwvsWd4sDAAA8qgw2NuIAAAAAAAA57MbHD1arVTabTVarVVarVenp6faHj4/PA41x5PhplSzqnx3l4i6qdAnX3pizji4DeGiqlPXXr4sGOroMp5cdf8cvX74sk8lkfxiNRhmNRhkMBhmN1xfEfNAl0QEAeBji4+Pv+1qWgAYAAAAAAECWVCjp5+gSgIeqYine8wAA4PFBAAwAAAAAAIAsealqaUeXADxULz3Lex4AADw+CIABAAAAAACQJcHVy8jN1ezoMoCHws3FpPrPEQADAIDHBwEwAAAAAAAAsqR0kXxyMfGxEp4Mbq5mlfB/sD3KAQAAHib+pQ4AAAAAAIAsMRqN6tWihkxGg6NLAXKU0WhQ71Y1ZTTyMSoAAHh88C8XAAAAAAAAZFn4wObKl9vD0WUAOco3r6cm93vF0WUAAABkCQEwAAAAAAAA7su6j9+QwcBdwHBORoNB389409FlAAAAZBkBMAAAAAAAAO5LlbKF9UaL6iIDhrMxGKQ+rWuqYqlCji4FAAAgywiAAQAAAAAAcN8+GdpWgcULOroMIFtVLFVIM4e0dnQZAAAA94UAGAAAAAAAAA9k77JBqlCioIzcCozHnNFg0NOlC+n3L0IdXQoAAMB9IwAGAAAAAADAA9u7bJD6tn2BEBiPLaPBoLfb1yL8BQAAjz0CYAAAAAAAAGSLjwe11NYFbytfbo/rB2w2xxYE3KP8eTy0/bN3ND20haNLAQAAeGAEwAAAAAAAAMg2z1UoqvPrRimk7Qtyd3ORyWSQbNezYOJgOJpNf30vwWaTyWiUh7ur3m5XS+f+PUpVyxdxdHkAAADZwmCz8VVMAAAAAACQs258/GC1WmWz2WS1WmW1WpWenm5/+Pj4PNAYR46fVsmi/tlRLrKJzWZTzMlLWrPlgH7Zc0QHjp3X0VOXdDXJ4ujS8ATyyuWqEoXzKbC4r+o+W0pNXghUCf+8Mhq5R+ZRkR1/xy9fviyTyWR/GI1GGY1GGQwG++/awFL1AIDHQHx8/H1fSwAMAAAAAAByHAEwAOBuCIABAPifBwmA+XobAAAAAABwCiajUWnp6Y4uAwBwH9LS02XibmwAALIF/0cFAAAAAABOwdXVRRZLqqPLAADcB4slVa6uLo4uAwAAp0AADAAAAAAAnIKri1mW1DRHlwEAuA+W1DS5upgdXQYAAE6BABgAAAAAADgF7gAGgMdXiiVVbtwBDABAtiAABgAAAAAATsHNxUUpqQTAAPA4YgloAACyDwEwAAAAAABwCmazSTarTVarzdGlAACywGq1ymqzymwyOboUAACcAgEwAAAAAABwCgaDQd5eHrqScNXRpQAAsiAu/qryeHvJYDA4uhQAAJwCATAAAAAAAHAaPnm8lZiUrBT2AgaAx0KKJVVJySnKm9vL0aUAAOA0CIABAAAAAIBTKVjAR+cuXHZ0GQCAe3D2wiX5Fcjn6DIAAHAqBMAAAAAAAMCpuJjNyu3loYtx8Y4uBQBwBxcvX1Eeby+Zzez9CwBAdiIABgAAAAAATidPbi9ZLKmKv3rN0aUAAG4h/uo1paalKY+3p6NLAQDA6RAAAwAAAAAAp+RfML+uJSZzJzAAPGIuXr6ixKRkFfLN7+hSAABwSgTAAAAAAADAafkXzC+z0ajjp84pxZLq6HIA4ImWYklV7KmzMpvNhL8AAOQgs6MLAAAAAAAAyEl5cnvJw8Nd5y5cVq5c7srr7Smjke/EA8DDYrVaFRd/VUnJKSpcsAB7/gIAkMMIgAEAAAAAgNNzMZtVpJCv4q4k6PipczIajXJ1dZGbq4tcXcxydXWR2UQgAQAPKi09XRZLqiypaUqxpMpiSZVNNuX28lSRQr6OLg8AgCcCATAAAAAAAHhi5M3jrTy5vewBRYolVfFXE2WxpCrdanV0eQDw2DP99QUbVxezvDzc5ZrXW2aTSQaDwdGlAQDwxCAABgAAAAAATxSDwSAXs1kuZrM8PXI5uhwAAAAAyFZseAMAAAAAAAAAAAAAToIAGAAAAAAAAAAAAACcBAEwAAAAAAAAAAAAADgJAmAAAAAAAAAAAAAAcBIEwAAAAAAAAAAAAADgJAiAAQAAAAAAAAAAAMBJEAADAAAAAAAAAAAAgJMgAAYAAAAAAAAAAAAAJ0EADAAAAAAAAAAAAABOggAYAAAAAAAAAAAAAJwEATAAAAAAAAAAAAAAOAkCYAAAAAAAAAAAAABwEgTAAAAAAAAAAAAAAOAkCIABAAAAAAAAAAAAwEkQAAMAAAAAAAAAAACAkyAABgAAAAAAAAAAAAAnQQAMAAAAAAAAAAAAAE6CABgAAAAAAAAAAAAAnAQBMAAAAAAAAAAAAAA4CQJgAAAAAAAAAAAAAHASBMAAAAAAAAAAAAAA4CQIgAEAAAAAAAAAAADASRAAAwAAAAAAAAAAAICTIAAGAAAAAAAAAAAAACdBAAwAAAAAAAAAAAAAToIAGAAAAAAAAAAAAACcBAEwAAAAAAAAAAAAADgJAmAAAAAAAIC/WCwWzZgxQy1btlTTpk01duxYxcfH5/i4iYmJql27tqKiom55/tixY2rVqpUuXLiQ47UAAAAAeLwRAAMAAAAAAPxl9uzZ2rp1q8aNG6fp06frxIkTmjZtmqPLkq+vrzp16qQ8efI4uhQAAAAAjzgCYAAAAAAAgL98//33eu2111S5cmWVK1dO3bt315YtWx643/T09Ae63sPDQ506dZKLi8sD1wIAAADAuREAAwAAAAAA/GXZsmUKCgqyPzebzbJYLLcMcG02m5YsWaK2bdsqODhYISEhOnz4sP18r169NH78eHXv3l0hISGSpAMHDqhv374KCgpS586d9Z///CdDn3v27FH37t0VHBys0NBQxcXFSZIOHTqk2rVrKy4uTmvXrlXz5s1ltVrt140YMUJTpkyRJMXGxio0NFTBwcFq1aqVlixZkmGMDRs2qHPnzgoODlbv3r1vu+w0AAAAgMcTATAAAAAAAMBfvL29ZTKZJElxcXFasmSJGjdubD92s2+++UZLly7ViBEjtGTJEhUpUkQjR47M0Gb79u3q3bu3wsLCFBcXp9DQUJUvX14LFy5Ujx499MEHH+iPP/6wt//66681cOBAhYeHKzY2NlN4K0l169bV1atXtXfvXklSamqqdu7cqfr16+vatWvq37+/8uXLp/nz52vgwIFavHixVq9eLel6ODx27Fj17NlTixcvVmBgoIYMGSKLxZJtryEAAAAAxzI7ugAAAAAAAIBHyZUrV9S2bVslJyerWLFimjhx4i3bPf/886pWrZoCAgIkSe3bt9fatWuVkJAgb29vSVKbNm1Uu3ZtSVJkZKQ8PT3Vv39/GY1GFStWTIcPH9ahQ4dUunRpSVJoaKiqVq0qSWrQoIH279+faVxPT0/VqFFDmzdvVuXKlbV7926ZzWZVrVpVa9asUXp6ut5//325urqqZMmSOn36tBYvXqzmzZvrxIkTMhgMqlWrlry8vNS3b18VL15cKSkpcnV1zfbXEgAAAMDDxx3AAAAAAAAAN/H29tbChQs1a9Ys+fj4aPTo0bdsV7BgQW3atEndunVT48aN1a9fP0nKcDet2fy/797HxsaqbNmyMhr/93FMSEiI2rRpk2HsG9zd3ZWUlHTLsYOCgrRp0yZJ0ubNm1W3bl2ZTCZFR0crMDAwQ5hbpUoVnTp1SsnJyXruuedUqVIlderUSVOmTNFvv/2m1q1bZxgXAAAAwOONABgAAAAAAOAmRqNRAQEBqlKlit577z1t27ZNp06dytTuX//6l1auXKmRI0fqu+++0yeffHLHfs1mswwGQ7bUWKdOHZ07d05HjhzRli1bVL9+fUmSi4tLpuWqb+wVnJqaKldXV82YMUOTJk1S3rx59dFHH6lfv35KS0vLlroAAAAAOB4BMAAAAAAAgK7fudupUydFRUXZj924W9fFxSVT+927d6tOnToqV66cjEbjbe/WvaF48eKKjo62B7KStGbNGm3cuDHLtXp4eKhGjRqaP3++kpOTVa1aNUlSqVKldODAgQyB7p49e1SwYEF5e3vrl19+0Zo1a/T000+rd+/emj9/vvbs2aN9+/ZluQYAAAAAjyYCYAAAAAAAAEmurq7y9/fXzJkz9eeff+rIkSOaNWuWKlasKF9f30ztAwICtHHjRu3cuVNbt27VpEmTJF2/0/ZWGjZsqGvXrmnmzJmKjY3Vhg0bNG3atPtefjkoKEgbN25UnTp17EtNN2jQQAaDQVOmTNHRo0e1adMmLV68WJ06dbLXFh4erh9++EFnzpzRDz/8IJPJpMKFC99XDQAAAAAePea7NwEAAAAAAHgyjBo1SjNmzFBoaKisVquee+45jR8//pZte/bsqTNnzmj48OHy8/NT165dtWjRIl28eFGFChXK1N7T01NTp07V9OnTtWLFCvn5+en9999X1apVlZiYmOVaa9euLVdXV/vyz5Lk5uam8PBwhYeH67XXXpOPj4+6d++uDh06SJLq1aunt956SxEREbp48aICAgI0fvx4FShQIMvjAwAAAHg0GWw2m83RRQAAAAAAAOd24+MHq9Uqm80mq9Uqq9Wq9PR0+8PHx8fBVQIAHneXL1+WyWSyP4xGo4xGowwGg31Z/+zajx0AgJwUHx9/39eyBDQAAAAAAAAAAAAAOAkCYAAAAAAAAAAAAABwEgTAAAAAAAAAAAAAAOAkCIABAAAAAAAAAAAAwEkQAAMAAAAAAAAAAACAkyAABgAAAAAAAAAAAAAnQQAMAAAAAAAAAAAAAE6CABgAAAAAAAAAAAAAnAQBMAAAAAAAAAAAAAA4CQJgAAAAAAAAAAAAAHASBMAAAAAAAAAAAAAA4CQIgAEAAAAAAAAAAADASRAAAwAAAAAAAAAAAICTIAAGAAAAAAAAAAAAACdBAAwAAAAAAAAAAAAAToIAGAAAAAAAAAAAAACcBAEwAAAAAAAAAAAAADgJAmAAAAAAAAAAAAAAcBIEwAAAAAAAAAAAAADgJAiAAQAAAAAAAAAAAMBJEAADAAAAAAAAAAAAgJMgAAYAAAAAAAAAAAAAJ0EADAAAAAAAAAAAAABOggAYAAAAAAAAAAAAAJwEATAAAAAAAAAAAAAAOAkCYAAAAAAAAAAAAABwEmZHFwAAAAAAAAAAyB7vv/++w8Y+cuSIIiMjHTY+AAC4jjuAAQAAAAAAHgGLFi9RqXJP3faxcdPPji4xg/eH/UMTp3x4X21LlXtK67//T06V9sCiDx/W6HEfKOSdAXds16v3W/rs80UPqSrg0XbkyBHt2rXL0WUAAABxBzAAAAAAAMAjoVXL5nqx1guSpP0HDqp/6CAtj1ym3N7ekiR//0L33ff58xdU88W6WrtmlcqXK5st9TZt0ki5cuXK9raOdO1aot58K0Tbd+xU3rx5VCEw8I7t27RqqVIlSz6k6oCsGTZs2EMdr2rVqg91PAAAcHsEwAAAAAAAAH+xWq06f/6CrDbrPV/j5ekp779C2geRO3du5c6dW5IUn5AgSSpevJjy+fg8cN85oV7dOjnS1pHS0lL1TJXKmjxhvJZ++ZX+2Bt1x/avNG3ykCoDstfZs2e1cOFCde3aVUWKFLlr+9OnT2vp0qXq3r27fH19H0KFAADgQRAAAwAAAAAASNq3f79ef/MtnTt3PsvXduvyqsaMGpkDVWV0LDZWI0eN0e5f/6vChf317sD+atKooSTp8uU4hY0Zp02bfpabu7taNn9F7w8ZpEVfLNX4CZMkSU2atdQbr/fU8KHvZej32rVEVXr2OQ17f4i+/CpSJ0+eUo0az+nDyZP00bR/as13a5U7t7cG9HtbnTq2lyT17ttP/oX8NGbUSE2YNEXHYo/Lv5CfVqxcJQ9PDw0KHaD2bdtkavt3EyZN0eGYGOXNk1f/Xv+9PD099d7gUBX299fIUWN05uw5Vav6rD6aMkm+vgUkST/8uFEfTf+nDkcfVpGAIhr87kD76yBJny5cpNmfzFVKSoratG6pX3/7rzp2aKcur3aSJC347HPN//QzJSenqF6d2hod9g/lzZtHefLk0XuD373n30enLt1V/blqGhQ6QBMmTdHBPw/J28tLP2/5RR4euTTk3VC1ad3S3v7nzVs0YdIUHT9xUhWfqqCxo8Psd2T/snWbRo4eq5MnTur552uqQIH8SkmxaMb0j+65HuBerVixQpMmTdJXX32lb7/9Vv7+/rdte+bMGTVr1kwxMTHy8PBQ3759H2KlAADgfrAHMAAAAAAAgKRZEXPuK/yVpMVLlulQdHQ2V5RRYmKiunZ/XRUqVNC336zQW2++oYHvDrGPO3b8BJ0/f14r/vWlPp72oVat/lafLvxc3bq8qp82rJMkrfy/rzR4UOhtx9jww48KnzpZ8+fO1sE/D6lB41dUqJCfln+1VB3bt9PI0WN15uzZW177nw0/yNPTU5FfLlGbVi01MmyMLl+Ou6e5bfp5i6pVe1bLI5epaeOGGjFytMZPnKwJ48fqs/lzdOLESX08M0LS9f15e/d9W927dNYP//m3enTrqoHvDtGp06clSdt37NQHEyer95u9FLnsC7m5u2tv1D77WIu+WKqFixZr+kdT9dXSxTp77pzCxoy9pzrvZsfOXWrXtrV+2fSj3nrzDQ0ZOlxHjx2TJO3ff0Bvvd1fvd/spTWrlqviU0/pjd59ZUlNVUJCgvq+3V9Vn31G/xe5TM1eaaJvv/t3ttQE3Eq7du1UunRpHTlyRK1bt9aFCxdu2e7ixYtq3bq1YmJiVLJkSbVr1+4hVwoAAO4HATAAAAAAAICki5cuPdj1Fx/s+rv57t/r5ObupmHvDVaJ4sXVtk0r1X7xBa1e850kKebIET37TBWVLl1Kz9esoX+GT1Vg+fJycXFRLvfr+++6u7vL1cXltmMMCh2gKlUqq/aLtdSi2Ssq4FtAoQPeUWBgefXvFyKj0agDBw7e8trKlStpyKBQBZYvpwHvvC1LaqqiDx++p7nVrFFdnTt1VGD5cho8KFSpqanq2/tN1axRXTWqP6c2rVtqb9T15Zh9CxTQqhX/UscO7VTY31/du3aWm6ur/vjj+vmlX36ll4OD9Gav1xQYWF7D3husIoUL28eat+BTvTfoXdWsUV3lypbRsPeH6Lu165SamnpPtd5JjerP6aV6deXp6aEe3buq0tMVtWLlKknSgoWfq1XL5mrdsoVKFC+uEcPe05UrV7Rr126t+XatXF1d9cG4MXq64lNq16a1Xmna+IHrAW7H19dXX3/9tYoWLaqDBw+qdevWiovL+IWNK1euqE2bNjpw4IACAgK0atUqln8GAOAxwRLQAAAAAAAAf1Ovbh1NnfSBfvvv73q7f6jS0tIcXZL27Tugo0ePqWKVavZjFotFefPmlST17dNbg94bqt/++7uC6tdT82avyL9QoVv21f21XtqxY5ckqVPH9hoy6Pqyx2bz/z4q8vT0zLD/sNFolLubmxKTkm7ZZ+6b9kF2c3OT0WhUYmLiPc3NZDLZf/by9JQk+dw0toeHhxITr4+bJ08e7dr9q0aNGacjR48qLTVNV69dk8VikSQdOxarBi8H37L/+Ph4nTx5Su8NG6GhI64vR22z2WS1WnXmzFkVLRpwT/XeqwqB5RUbe1yStG//AR0+HKOvV622n09KStLJU6d0NDZWFSqUzxDOm01mpciSrfUANwsICNA333yjpk2bau/evWrXrp1Wrlwpb29vJST8f3t3H1RVncdx/HPOFSZFnL2AIc0UYKirqJuI9jQ9mYZPyVoolIkKlS6tZaLrFjU1pYYKOpqARumV1hymVkzK1Swrd4YxBVPXNB8gfNissRl2IAqwe87+kdwRE0VArtL7NXP+OOd3fr/zOcAfzPme3+9UKS4uTvv27VNISIg2btyoG2+80duRAQBAE1EABgAAAAAAOM/ECY8qKChIw4ber8jIPtq7d5+3I0mSogdGKX3+qw2O1RdMh8cM0223DtbH27Zp68fbtGTpci1dvEgPDBv6m3EWps9XTU2NJMn/nMLttWD/Vwc0fUaqFi9aoCFD7pWvj4+iBt/uaTdNh0zz4oveLc5YoN5/7NXgWLduwa2ete7MGdmyPfuTJ03UI2e/oVwvMDBQOSvekGGwUB/aXlhYmDZs2KDRo0erpKRECQkJysvLU2JiooqLi9W1a1cVFBQoPDzc21EBAMBl4D9LAAAAAACA86zf8L6qq39SccnuRpc8bmsREd119GipugUHKyw0VGGhoeoa1FVBQUGqq6vTgkWZqq6uVtxDY7Uy+3XFPTRWef94R5JkGA3HOneMwIAAL9xN8+34YqfCw8M0PGaYfH18dObMmQbLN4eHheo/+/c36FM/g7tLly4KCgrSyZP/9dx/WGiogoKC5HORpbGbyratBvv79x9Q6E03SZIibu6u0tLS31zXv3NnhYWF6uDXhxrcx5lfWr4kNdAUPXv2VEFBgZxOp4qKijRgwAAVFRXJ6XSqoKBAvXr1uvQgAADgqkIBGAAAAAAA4Dyb/rVZ/QZEa/wjj6m2trZBW3Dw9Rof93CrFAwvR+yDD6qDTwfNnD1Hhw4f0Z69ezU2Ll6bNm+Rr6+vPvt8u15+Za6OlpbqwMGD2rN3r7qfnbXXpUsXGYahbZ9+plPffdemuVtbeFioDh8+ovUF76u4ZLemz0hVdfVPniWgE+LH6aOtn2iVK09ff31Iry3M0LenTnn6P/l4kpZn5ajwg006ceKklmev0Lj4R2XbdmOX9CgtLdObq1yNtu/4Ypfe/ed6HTt+XJlLlqq0rExxD4+VJD2eNEWffrZdr2flqPzYMW3eslX3DBmm777/XiNHDFddXZ1efOkVfXXgoN5bX6APN21u4U8KaLrIyEitW7dOhmGoqqpKhmFo3bp1ioyM9HY0AADQDBSAAQAAAAAAmqhr1yC9k+dS+vxX9cmWTRr75zEyzp9ee4X4+XWS661cVVT8T7Fj4/TkX6ZreMwwxZxd4nllznL94nZrzNhxmpCYpJ49e2j2rGclSb6+vpr6RLKWZ6/Qmry1bZL3Srl/yH2a+kSy5qUv0PQZM9W/X1/dd+/dqvqxSpI0KHqgXnh+jrJzVmri5GTZlqUbQkJknl1iOWlyopKTJmvua+kaNnyUPt/+b2UuSm/S73Hf/v16e+07sizrgu39+kZqx46din1ovN5bX6DMRem66ex3U/v366vly5Zo4wcf6oERD2rR4iV6+cUX1C04WJ39/LQia5l2lZQoYcJEfbT1E9115x0yzbb52wLcbrdycnI8L0LYtq2cnBy53W4vJwMAAM1h2E15vREAAAAAAKAF6h8/WJYl27ZlWZYsy5Lb7fZsTqfTqxkTJiRq565iSdINISEaPChaGzYWetoDAwK0bu0aRdx8c4N+h48cVdLjU5Wx8DXdduvgNs2MC6urq5Ovr68kqba2VrdE36YVWct0z913tep1EiYkavCgaM2c8bTmpy/UocNHtGZVbrPGOjezJD3y2CTd8qf+mjM7tbXi4ndizpw5kqTnnnuuSedblqWUlBTl5+fruuuu06xZs5SRkaGamhrFx8crJyenSS9IREVFSZLKysqaH74VVFRUyOFweDbTNGWapgzD8HwfvK1e3AEAoCUqKyub3ZcZwAAAAAAAAOfo3j1c7+av1eKMBXrb9Za6BQfL6fyD1r7t+k3xV5J69ohQSEg3LyTFhez4YqfGJUzQ7i/3qKzsGz3/4ksKcDo1KHpgq12jpqZGX+7Zq7JvyhUcfH2Lx6v68UfFjByjzVu26sSJk1q9Jk/FJbs1etTIVkgLXFxqaqry8/Pl4+Mjl8ul1NRUuVwu+fj4KD8/X6mpvIQAAMC1poO3AwAAAAAAAFwtIvv0lmtVrgIDAiRJd95xu7Zs2qjTp39Q9+7hXk6HphgUPVBD7rtXf336WVVWVal/v75a9eZKderUqdWuceLkSU1InKJ+fSM1ZvSoFo/n37mzZs18RktfX65vyo8pPCxUWcuWKLJP71ZICzQuLS1NLpdLDodDubm5iomJkSTFxMQoNzdXycnJWr16tTp27Kh58+Z5OS0AAGgqCsAAAAAAAABnzZk9y1P8refv7y9/f38vJcLlcjgcemb6U3pm+lNX7Bo9IiJ0YN/uBsee//vfWjTmqJEjNGrkiBaNAVyOuXPnKjs7W4ZhKCsrS7GxsQ3aY2Nj9fPPPyslJUXZ2dnq1KmT0tLSvJQWAABcDpaABgAAAAAA0K/f+C0tLb3sftXVP+nbb08pMDDg0icDwFWgsLBQmZmZkqTMzEzFx8df8LyEhARlZGRIkjIyMlRYWHjB8wAAwNWFGcAAAAAAAACSnkqZqqQnpilzyVIZhtHkfrW1tYofH6ceERFXMB0AtJ6OHTvK399faWlpmjJlykXPTUpKUl1dnebPny8/P782SggAAFqCAjAAAAAAAICkPr17q2j7pzp9+gdZttXkfp39/FgiGsA1ZejQoTp+/HiTz582bZqmTZt2BRMBAIDWRAEYAAAAAADgLNM0FRx8vbdjAAAAAECzUQAGAAAAAAAAgHakvLxcUVFR3o4BAAC8xPR2AAAAAAAAAABA6ygvL9euXbu8HQMAAHiRYdu27e0QAAAAAACgfat//GBZlmzblmVZsixLbrfbszmdTi+nBABc6yoqKuRwODybaZoyTVOGYcg0f50PZRiGl1MCAHBplZWVze7LDGAAAAAAAAAAAAAAaCcoAAMAAAAAAAAAAABAO0EBGAAAAAAAAAAAAADaiQ7eDgAAAAAAAAAAAAAAaNykSZMabVuzZk2DfWYAAwAAAAAAAAAAAMBV7Pwi78WOUwAGPneT9wAAAMFJREFUAAAAAAAAAAAAgKvc+cXexorCFIABAAAAAAAAAAAA4BpQX/RtrPgrSYZt23ZbBQIAAAAAAL9P9Y8fLMuSbduyLEuWZcntdns2p9Pp5ZQAgGtdRUWFHA6HZzNNU6ZpyjAMmeav86EMw/BySgAALq2ysrLZfZkBDAAAAAAAAAAAAADtBAVgAAAAAAAAAAAAAGgnKAADAAAAAAAAAAAAQDtBARgAAAAAAAAAAAAA2gkKwAAAAAAAAAAAAADQTvwfynoBVAD70dQAAAAASUVORK5CYII=' height='250' width='300'/> ]]>
  </system-out>
</testsuite> <!-- com.tribu.qaselenium.tests.mazaprendo.MAUploadEvidenceTests -->
