<?xml version="1.0" encoding="UTF-8"?>
<!-- Generated by org.testng.reporters.JUnitReportReporter -->
<testsuite hostname="station" failures="0" tests="1" name="com.tribu.qaselenium.tests.b22.B22FiltersTests" time="243.363" errors="0" timestamp="2022-07-05T17:33:12 COT" skipped="0">
  <testcase classname="com.tribu.qaselenium.tests.b22.B22FiltersTests" name="filters" time="243.363"/>
  <system-out>
    <![CDATA[ <img src='data:image/png;base64,iVBORw0KGgoAAAANSUhEUgAAB4AAAAOiCAYAAACRicroAAAAAXNSR0IArs4c6QAAIABJREFUeJzs3Xd8VFX+//H3THpIhSQkEAIJoQUCSI0QelOCFUWKDV0V3F1Z3S+Kq6trW9uqy/pb0cWuFAsWBKVKkRKktwRICAQCCaEEJgWSSTK/P0LGDGmTHuLr+Xj42Mzcc889dzKZZe77ns8xeIf2tQgAAAAAAAAAAAAA0Cgc27Wq2vsaa3EcAAAAAAAAAAAAAIAGRAAMAAAAAAAAAAAAAE0EATAAAAAAAAAAAAAANBEEwAAAAAAAAAAAAADQRBAAAwAAAAAAAAAAAEATQQAMAAAAAAAAAAAAAFeJe+65p8LtBMAAAAAAAAAAAAAAcBUoDn8rCoEJgAEAAAAAAAAAAACgkbsy9C0vBDZ4h/a11MeAAAAAAAAAAADA1WlA354a2L+3ekZ2VoewtgoM8JOnRzNJUmZWttLSzyghKVm79h7Qhi3btXnrrgYeMQBc3Y7tWmXzuKIZv5988onNYwJgAAAAAAAAAABQSljbNrpn4s26/aYxahUYUKV9T6al66vvl+uThd8qKTmljkYIAE3XlQFwVRAAAwAAAAAAAAAAqwC/Fnpixh90/5Tx1ucSkpK1a98Bmc1mtQoMUHhoWwW19JMkpZ46o8QjyTqZli4nJyf17FY0S7jYB/MW6dXZ7yv9zNl6PxcAuFoRAAMAAAAAAAAAgBq7a8KNeumpv8jL00OS9MPyNTIYDBoc1UvxcXHWdl5eXjKZTKV+lqQuERFaH7tDFotFN4wZJkkyZWbpqZf+rc++XFyPZwMAVy8CYAAAAAAAAAAAUCNvvPCEddbvyrWb5OTkqJa+HjKZTPLy8lKXiAi7+ikZFJ/KyJLZnK9RQwdIKpoN/Ne/v1r7gweAJqYmAbCxFscBAAAAAAAAAACuQvPee90a/n7+1WJ1CQ+ROfu8WgcHq39UlN3hr1Q0A7hLRIRaBwfLnH1eXcJD9PlXRTN/758yXvPee71OzgEAUIQZwAAAAAAAAAAA/I7Ne+91xYwaorRTp7Vt9375e7mqdXCwgoODJRXN6K1KAHyllJQUnUhJ0WnTJfXp0VWBLf21dOU6TXloZm2dAgA0OTWZAexYi+MAAAAAAAAAAABXkTdeeMIa/h5IPCIX5alLRC95eXlZ26SkpFjLQF+51m/JduUJDg4u2jc2VgcSj0iSYkYN0RsvPEE5aACoA8wABgAAAAAAAADgd+iuCTfq7VeeliQtWbFWLsrTqNGjrdtTUlIUHxcnLy8v9Y+KKrV/fFycTSBszzrBK1esUK6cNW70UEnSn2e9qM++XFwbpwMATUpNZgATAAMAAAAAAAAAGoWQ4CBJ0rGU1AYeSdMX4NdC21Z/JS9PD33+1WK19HZV/6ioUjN6t8TGymQy2QTD5TGZTIqPi5MkmxLSZbVJOJ6uO2+/UabMLPUZcbvSz5ytnRMDgCaCEtAAgDJ5NHNXdP9eCgzwU3hYW3k0c7duSzxyTIlJydqwZYeysnNqfKzw0BBF9+8lD49mCg8NsT6flZ1jPU7ikWM1Pg4AAAAAAGgavL08NXbUYI0bNVQxo4eU2WbpinVasnKtfly5XhdMmfU8wlrgGSblnJAKcht6JKU8MeMP8vL00Mq1mzT02l6SVCr8NZlMiouL09T77rOrz5IzhbfExpYZAHt5eal1cLBaBwdr5dpNGjV0gJ6Y8QdKQQNALWIGMADUUJdxEeoyruLSNuUx55h1PuW8zDlmpe4+oZO7T8qcY67xmEKCgzTrkQcUM3qIvL08K20//+slevLFt6r1RWrS+Bg9PHWSIiM6Vtr2WEqqXp79Py1YtLTKxwEAAAAAAE2Dt5enpk+dqOlTJ9p13UKSLpgyNeejhZrz0cKrJgi2hE6QpdtjkumQjOvubujh2AhrG6wda76RJK3d+KvM2ecrnOG7JTa23Bm95UlJSamw/coVK+TUzEdDB/aTJPUaNl5Jycft7h8AmjpKQANAA7rhrZvk5OZUK32Zc8za89VuJW8+Wu0+Jt82Ti8//ajdX6CKXTBl6skX39L8r5fY1d7by1PvvPZMuXfoVmRD7HZNmfb4VfOFDQAAAAAA1I6Y0UP0zmvPVPm6RbELpkxNmfa4NsRur+WR1SJXP1najJOl3XjJ1V+SZDi2WDqxXIYzjWPczz3xZ8146C79sHyNwtu0VOvg4FKzf6+0JTZWcXFxiqhkjV97ZwybTCadSElR4vFTumHMMM1+7zM9++rbVToPAGjKahIAG2txHADwu+Peolmthb+S5OTupN739FH323tUa/+Xn3602l+ivL089fLTj9o1kzcyoqOWzJ9TrfBXkqKjemveu69Va18AAAAAAHB1mn7fJM1793Wb6xYLFi2VKTPL+viV2XP1yuy51scXTJk2lcS8vTy1ZP4cTZs6sX4GXUWW9pNVOOJbWTpPs4a/kmQJuVGWa/8rS9RsycW3AUdY5PabxkiSDAaDTCZTpeFvsYiICPWPiqrwv+KAeEtsbIV9eXl5yWQyyWAw2IwJAFBzBMAAUAP+Hf0rb1QN4SM6qPuEqoXA0++bpOn3TarRcb29PDXv3dcrbfPOa8/YFRRXJDqqt2bNeKBGfQAAAAAAgKvD9Psm6eWnH7U+3rhlh7oPvknzFi2Rl6eHJMmUmWUt81wcCnt7eWreoiXqPvgmbdyyw7r/K39/rMbXQWqbpfN0WSIekYzlTxaw+PdX4YA5krN3PY7M1rV9e6pVYIASkpI1OKqX3eFvXfDy8tLgqF5KSEpWq8AADejbs8HGAgBNCQEwANSAd5u6+8d6+PAOcm/RzK62kREdNeuRP9TKcUOCgzT5tnHlbn9yxgM1Dn+LTW+kd+sCAAAAAIDaEzN6iE34u2DRUsVMmqZjKal6uMS1gVkvvKkLpkxdMGVq1gtvWp+fMn6cjqWkKmbSNJvZwC8//aiio3rXz0lUwuIfJUuHe+xr7NFOlsjH63ZAFYjuX/Sa7dp3QPFxcepSSUnnYuUFxSaTqdpj6RIRofi4OO3ad0CSNLB/4/h9AsDVjgAYAGrAJ9inTvsPHxFuV7uarJ1Tlinjyw6Ao6N612qJJW8vT10T2aXW+gMAAAAAAI1LcSWxYgsWLdX0mc9Zt40dVbS8lCkzS0tXrLO2W7pinXUW8KTxMdbrHtNnPmcTAs9797VavSZSXZbOD1WtfasRklft3GBfVT0jO0uSzGazXeFtfFyctsTG6kTKCZnNZpttW2JjSwXDZrNZW2JjZTQ6VFoGuuQ+JccGAKgZAmAAqAG/OioBXaxtVLtK28SMHmLXjNx98QnauGWHzbo65enWpUOZz9szy9iUmaWNW3bYlGWqSJvWgXa1AwAAAAAAV5/pUydaA9qNW3ZYw1+p6JpGsaUr1umCKdP6+IIp0yYQLtl2+szntC8+QVJRiNzgFcbcWko+Vb/B3RI0tA4GU7kOYW0lSa0CA+wq/2wymdQ/KkojR49S7qXcSttfunRJ/aOi1LdfX7vH1CowwGZsAICacWzoAQDA1aqu1v8tycndSd5tfHTh+Ply20y/t+IvOfviExQzaZr1S5S3l6de+ftjmjQ+ptx9yrpzNjKiY6VllZ588S3N+XCBzT5LF7xrXcsHAAAAAAD8flwZznp5emjJ/DnWxyHBraw/d+vSwWbbldtnPfKAJt/627UMi8Vi/Xn61Ima89FCmwC5Plk8Kr+Bv0weDRN2Bgb4SZLCQ9vqxLEjVdrXw45rPJ6eVZ+RHR7a1mZsAICaIQAGgGryblO35Z+LObs5lbutslD2+IlUm/BXKrqDdvrM5yoMgMvy8NRJFW5/ZfZcm/BXkvbGHdI7Hy7QrBkPVOlYjcnOtd8oKMBfhYWFkqRCi0Wpp05r8bKf9d8P5utcxoVaO9brz83UsZRUvT338wrbxS5fqOn/95x27o2vtWPXhsiIjpr71vOKGtP413ZuHdRSk24dq3/996Mytz8z82H9678fKSfnYj2PrHGI7t9LLf39tGjJilLbWge11Phxo/SfSt6nv1cD+l2j5r7eWrJ8bUMPRY//+X65urpIkoxGo4wGg/ILCqzb5376lVJPnW6o4V21vDw99Pif71fe5RJ1BhmUm5enxCPHtGrdJp2/0DAXHQEAABqjmNFDbG4yr6iCWWXVzUKCgxQSHFTmNm8vT8WMHqL5Xy+p3kBryqmaJaidKp99Wxc8PZpJkoJa+tkVALcODq5wreDytqWkpNg1w7h4LCXHBgCoGQJgAKgm7zpe/7dY9tmccrdV9uXo5dlzq3X3a1llossrCy0VBc1zPlpY5rZjJ1KrfPzG5vo7HrSGrUajUeGhIZp270StW/ypbrn7z0o8cqyBRwgApb329gfWn/v1ilRoSLC++O6nBhxR2WbNeEDvffyFMi5UvvZYY5FnNuv519+xPm7m7qZ+vSL10D136J0PFygzK7sBR2fLv4Wv7pl4c7k3vAAAANSlcaOGVN6oFo/VYAGwY/VCS4tTMxlqeSh1IfhyALwlNlbZWbbXjPpHRZVqf+lSruLj4iSp3NAYAFC3CIABoJr8O9V9CeiccznKOVv+ReTuXcoPgE2ZWeV+8amslPOG2O2lnqsobL5ynZ6SBvWv+FgHE49WuL2xKSws1KHDR/XY31/RtKkT9fH/e1mDb7jLOkMYAPD7k51zUWs2/KoWvj6K6tNDK9duaughAQAANApjSwTA4yZPt9kWGdFRLz/9qKSitYFfnj23zD6enPGABvbvVfTzi29pb9whm+3FZaOL2zQI1xbV28+lee2Ow06ZWdny8vRQ6qkzdu9THOSuXFG6UtSVXF1dqhz8pp46o+BWLRvVzZQAcDUjAAaAatr+8dYa9+Heopla9WyloB6tytx++mDFpTkrC2XL4u3laf2CVZ4lK233rSwwnreo7KA5MqJjhaWmTZlZOphYtbVmGpN3P1qouyfcqOGD+mvVus1q5u6uRx68UxNvGasWzX10+uw5zflwof736ZfWfSbeOlZ/fXiqWvj6KDsnR7/u2KsnX3hT6WfOSZIcHRz01GPTdOdtN8jXx0u79h/Q4//4l/bsP2hzbA8Pd7314izFjB4qZycnbdmxR3//52wdOvxboN4upLVefHKGru3XU5K0ZdtuPfPK29YZy21aB+lvf3lQI4cOkLOTo5KSU/TsK29r/eZt1j5ily/UE8+9oWn33qFrukeoc9RYSVLH9u30wt9mqH+v7sozm/XjynWlZhb27tFVLz39F3VqH6rcvDwdSEjSS2++q60799Xib6HueTRz17jRQxXaNliSdP6CSbHbdltnhbu4OOu64dHq3CFMRqNRqWnpWr5mo7W0btfOHdStc7iSko8rOqq3tmzfo02/7tQ1kV00ZEBfubu7KS8vT8dOpOnHleuUlV3+rP/GyN3dTY88cKc++3KxrhsxSK0DA5Sbl6ftu/fr5/WxKry8Llfx63Do8FENGdhX3p6eSj9zVj+uWq+0U2d03YhB6tIxTM7OTjp89LgW//Sz9Yu/s7OTBkX1Vs9uXeTu7qrs7IvatHWnYrftto5j3JihSj99Ti7OTurXu7vcXF105tx5rflli83nzCMP3Klvlq5Sn55d1blDmBwcHHQs5aSWrf5Fp89mWNv5+zXX9SMGqXVQSxUWFiohKVnLft5gUxa8U3iohg3qrxa+PrqUm6st23Zbz/dqYJDUM7JLUdlqH2/l5pkVf+iwlv38i8zmfEnlv38Nkq7td436XhMpB6NRl3LztGHLdrUKDJApM0ubft0pqeK/jzatgzTp1rHyaOauv/5xqkyZWVq1brN27IlTcKuWun7kYPm3aK6CggKlnz6rVes36/iJtIZ7weyQeOSYenbrbH1c2edD8d/PB/MWKWbkYLW6/H6LO3hYy9dsUG5unrWv9u1CNGJwlPz9mis/P1/7DyRq5dpNys0ralPW78ogg64fOUhSUUlwSfpw/jc6czajyXwGAQCAq8O++IQybzYv9kvs9nK3/9K/lzXc3Rt3qFS74ydS1aZ1kE2p6Xrn3rp6+7kGSEZnqTCv8ra1KC39jLw8PZR4JFluDlXbd9To0Vowb74mTZlc5vaffvxRA6OjqzymxCPJCm7VUmnp9ofSAIDyEQADQDWEBAdp8vXjatzPnrhD+nHOOjm5O6lVj9bqPqGHnEqs+Ru/JK7C/V+ePVfR5dzhOr+MUNbby1Pz3n2twuDYlJlV6svU3rhDpe7UvXL7lSIjOlrvwi1PeSH11eSn1b9oQL9rtGrdZnVs31YXTFkaeetUnT6boU7h7fTlB/9WUvJxrVq3WZERHfXM/z2scZOmKyn5uJq5u+u2G0frgum38kl/e+whvTp7rvqOul2FFoseuOs2ffXhv9VjyM26dCnX2u6D2S/pn2+9pyeee0MWi0VTbr9BSxa8q2E33aMTqacUFOivZV/O1etvf6D7HnlKFotFE28dq6UL39OIW6Yq5WSaBvTtqR9XrdfMf7yu7JyLGj10gD7+fy+r/+gJNkHYv//5pJ584S3d/fAsSUXB8Y9fvKeX3/qf7pr2uLXvD2e/pAuZRTPBHR0ctPD9N/XwzOe0cu0mOTk6avig/jbnerW48frhSj99Vl9+v0yWwkIFtvSXRzN3SUUlwe+ddIsOJhzRm+98rPz8fHVo305Tbhunj+Z/q7MZ5yVJ7UNDJEPRmqtZ2TkKaumvkUMG6MN5i3Q247ycnZ3UPaKTze/4atLM3U0xo4doyfK1Sj11WgF+zXXHzdcr5+IlaxAoFd04UGix6P3PvtalS7nqGdlZd024Uemnz2n/gUS98d+P5OjooLEjh+j2G8fow/nfSJL8WzTXxUu5eveTL5SdnSN/v+a6e8JNOnvuvBKSkq39D4vup/hDSZrz4QJdvHhJYe3aaPwNo7V42c86kPBbCDzxluu1fvN2/XB5nd7ePbrq/jtv05yPFuqCKVPeXp66Z+LN+nHlOn32xfdycHRQ/149NHXSLXr34y9UUFCgLh3DdMOY4Vr0w3IlHT0uV1cXDR8Upe5dO2lvfOnPxMbI2cVZ/n7NtfDbH3Uu44LcXF00/obRGhbdXyvWbLS2u/L9K0mjh0crqKW/Pvj8a2Vl58jN1UXjRg9V2zattGnrLkmV/30cP5Gq197+oFQJaKPRqDtvv1HfLFmpQ4ePysFoVHhY26vi78NikWQoKuJn7+eDu5ubJtx0nZat/qXoveTmqtFDB+jeibdo7mdfqbCwUB3C2uqWmJFa9MMKJR09LhdXF40YFKV7J/3WRir7d3Xo8JFSJaCb2mcQAABonEqu11ud5ansdSylKACWiq571OWxymPx7lS9HQ1Gyau9dD6+dgdUiYSkZHVs304n09Ll7+lc5f337tmj77/9VmPHxWjMddfLIovWrVmjtT+vUVDr1rp+7Ngq93kyLd06NgBAzREAA0A1TB4/TrNmPFArfV0wZWrpinWa8/FCrX5xla6dPkDewd5K/DmhwvLPUlGp5oruoC3J28tTS+bPqXTd4Hc+XKBjKbbr9l4wZdp9HOm38Leiu29NmVl6efb/7O6zsTp9NkNdO4VLknbujbfOCpWKylt/OH+RdYZw2zatlHT0uJKSj0uSsnNy9MnC72z6+2XzdpuL9LPf+0y3xIzSoKje1pKinTuEacXajfp4wbfWdh8v+FYhwUF65MG79MRz/9KMB+/Woh9W6IN5i6xtPvtysULbBmvGQ3dp5rOvl5qxu3zNRm3fvV99ronUT6vWW5///MsftGz1L9bHjzx4p7749qdSfceMGqLrRhTNNPP0bCYPdzdt2LJDkmTOz9fyEoHS1aS5j7c2b91lDViKZ+5JUpeOYcrJuai1G3+1Pnfo8FGt27RVA/pdox+Wr5EkGQwGfbtklfLMZkmSr4+XzmWctwZAeXlmbdt1dc2MLslgMGjpinXWL+ynTp/V8jUbNSy6n00AXFBYqG+WrFRBQYEkaduu/erRrYsMkjb++tt75Yfla/TUYw/J3c1VORcv6UTqKZ1IPWXt5/SZc/p1xx6Fh7W1XhxwMBrl6dFMPyz7WcVzcA8fPa5vl67SmOHR1gA4wL+F9h9M1K879lj7+3XHHvl4eyq6fy8tXblOg6J6K3brLsUdPCxJys8v0MZfd6h1UIC6dAzTvvgEjRoyQIuXrdbho0V/zxcv5WrpynW6tm9PORiNtf8i14Hc3DyboDfn4iWt2bBFN143wub5K9+/Hs3c1adnN73xzkfWwPDipVx9s2Slnpv1Z+t+9v59XMnFxVkuzs46cixFUtH75mqpFtGhfVulnCyapWzv+RuNBq1Ys/G399LFS1r808968J471LlDqOIOHtaY4dFavOxna5tLl99vD949QV06ttf+AwmSSv+uytPUPoMAAAAalIOb5Bla7d0tPhEy1HMAvGvvAcWMGiInJyd5eXlVef+bbrlZ3337nd781xt6/h/P2Wy76+67qzUmJycn69gAADVHAAwA1TCokpLIVeHt5anJt41TzOghevLFtzT/xSXqMi5CiT8n1Oox7Al/j59I1ZyPFtboWJNvG6eXn3600tJLZQXNV6MAv+Y6fbaofLOTo6P++sepGjM82hpw9enZzRq0rt3wqx6bfq9WfP2Blq3+Rb/u3KvYrbuUf7mtJG26HIKVdOjwUbX097N5rqz1nZev3qB//r2ovHe/XpF69tW3y2zz2j/+zzr2Zx//o7p27qD8/HzreBcv+9lmn1937rF53LtH1zL7/vzrH6wBcMZ5kxZ++6Nily3Ut0tX6dede7V+09ZGU1q0oKBABkP5IZ3RaFRhQVHguyF2uybdGqP9BxKUfPykkpJTZMosmskc3CpQncJDdf+dt9ns38zN1WYW9an0MzaBzOEjxzV4QF89eM8EHUw4omMnUpV8/GSjWUu6oLBQBqOhzG1Go0EFV4yzoKBQJ0sEtJJ05myGPD2a2TyXmpZu/dv4rd05nTtvsnkuz2xWZla2PJq5K+fiJTkYjRoysJ86hbezllhu0ypQu/b9dmHAy9NDp9LP6MoCzIlJyZpy+w1ycnK0ljXeve+grnQgIUljRw6WJLVv10ZeXh7q1CHMpo2vj5eOn0yTk5Oj/P2a69Dh0nemp6WfkaenR6nnG6vuXTupf6/ucnAwyiKpha+PjFf87q98/7YKDFDaqdOlZote+b6w9+/jShcvXtKuffF65IG7tDf+kI6fSFXS0RRrqePGyNOjmfr1ilRY2zb674fzJVXt/ItL8xezqOg92aZVkBIOJyvAr0WZ77eDiUcU0jrQGgBf+bsqT2P/DAIAAE1Dye/8XnX4b+T6mmlcHkvzHpKhinWUS2rRSzq6qPJ2tWjjlqKb/Ht266yWfr6Kj4ur8pq9L7/6isZcN0affPSxflm/vvIdylF87OYBRf9G3rDF/gkIAIDyEQADQDVUFqRWh7eXp9557RlFdu6gJ198q1b7tSf8NWVmafJDM2v0ZWnybeP0zmvPVNpu45YdemX23GofpzG5bni0nnmlKAz90x+mKKJTe10/4QFdurxu49133GRdQzkrO0cjb71P0f176dq+PfXEn/+gtm1a6Za7/2Sd1ZWbV/rCfUF+QalApqCg9EV6g8G2jUGlAzyDwWANyOb86x9au/FX/fHxF6zb//fW86X6ycoqHdqW1XdhoW309ujTryiiU7iGDOyrCTddp3dee0YPP/68flzZ8KW/s7Jz5NHMTQ5GY6nQyt3dTZZCi3Jzi8KtXfsO6PDR4+rYvp3ahbTWmOHR2rk33jpDctnPGyqdIX9lcJWbl6f3Pv5CoW2D1Ta4lYZF95evj5c+XvCtzp47X4tnWj1Z2TnyLucCjZenp3Vt3mIFhQWlgtfCwsJS76X8K8Lfon0LS4XCRftbrPsP7N9LLf1baO5nXyk/v/jmiq4KDQm22cdY0cxbS8l2ZYXbvz2Xazbrw3nf2Mw6LsnJyfGKPUoc5ipaA7hN6yCNGBSl9z//2vo7beHro/vvHG/Trqzg1ehg3yxne/4+yvL9Tz+rZYCf2rdrox5dO+vWcaP1zZIVij+UVOW+6oKzk5Oe/us062NXFxedN2Xq3Y8XKrvEjS7VPX/JWklaMhT9XOa71mDz1rY7JG/sn0EAAKDpiYzoaF3Ht1i3Lh2sP0eXWOf3SiWXvurWpUOpf3MXl38uvlG33gUNrtHuFv/+Mji4SAX1txzHpq27dDItXR3C2mrJirXy93KtdB+LxaJtZxO19/xRWTLOqb+iNHTYMA0dNkwHDhzQ6pWrlJaWqrOOufogYYW6+bZTnxbhcqjg5mtJSklJ0eGUdI0bPVQn09K1+fKSMgCAmiEABoAqCgkOqtM7V6ffN0nHTqZpzocLatyXveGvJM164c0y1/K1l73h7774BE1+aGa1j9OYTJs6UYWFFv38yxZJUq8eEfpmyUpr+CtJoW1tA6rCwkKt37xN6zdv06t6Xy/+bYbuvuPmMmfUVmTCzdeVKp963YhB2rpjryRpy7bdGjtysNZv3laqTXHp217dIzTtr8/abA8NCa40rNi2a1+ZfU+46bpSbeMOJiruYKLmfLhA1w2P1sw/399oAuBzGRfUuWOY9h9ItNkW2aWjjhxLsQlVMrOytX33fm3fvV9uri6aNeMBrdmwRcdSTmpgv16lXjOjwWCdqVoei8VSVBL86HGt2bBF140YpD49umn5mg21dZrVdvTYCd0aM0qeHs1Khb2RER2UlJxSr+Np3aql9sYdsoa/ktTc18emjSkzS53CQ2WQbSAWHtZWZ85myHx5lrtUNIt9X7xtlYXOHUJ1/ERR6d5jx0+qc4ewUgFw8e/VbM5X+plz6hgeqvhDh23aBLX0t5YAbuxaBwXo8NFjNr/j5r7ele53IvWUglr6l3p/ODs72bSz9++jZNhf0qn0MzqVfkabtFOdwkOtazw3Bnlms158413r4xa+Prpvyq1ydPht5kdVPh86hLXVocNHrY8NkjqFh+mX2G0ym/OVln6mzPdbp/AwikynAAAgAElEQVSwSmdIFFrKfn0b82cQAABoOn5cuU5jRw2RJC1d8G657aKjemupHdXWXvn7Y+Vuq+6NdzXi5CVL69LfhavWh4csbWJkOPpN7YzJTl99v1wzHrpLFotFXl5eSklJUXBwcKl2SZlpWntqr9al7VW+pegG6pucba8zde7cWZ07d5YkvTDvP/o5bY9+Ttsjo8GgIS0jNTQwUuGeQaX6NplMCg4OVuLxU9YxAQBqx9WxQBkANCLRtVj+uTyzHvlDjfuIjOioPeu/syv8ffjx58ssKWyvqoS/MZOmNUhJptri6OCgzh3C9OYLs/Sn+yfr3j89aS2ZuXvfAV0/crAcLs+M69whTPdP+W0mXczoIXrkwbsUFOgvqSho6dG1s3WdS3sdSEhS94hOun/KeLm6OMvVxVn3TxmvybeN03/mfi5Jmj33c908doQevHuCXC+vpzl18q2aND5G/37306Lx7j+gcWOGWfsdf8No9b2mW6XH/8//PtdtN40p1XdkREcdSCgKZ9q0DtLrz81Ux/bt5OBglIuzswb271Xlc61Ly9ds1E3Xj9A1kV3k7u4mj2bu6t+7u0YMjtKqdZslFQU1N10/XG3btJKjo4MMKgr1s3MuKt+cr4MJR2SxWHTz2BHWcseBAX564J4JFZZB79KxvaKjeltvJnF3c1WrwACdO984Zt5lZmVry449mjr5VoW2DZazs5Oa+3pr3OihahUYoK0799breFLT0tWlQ5iMl0OsAP8W6tcr0qZNQWGhci5e0g3XDZe7u5sMBoPatwvRLTEjretnS1L66bMKDPBTv17d5ejoIEdHB/Xr1V29ukdY16z+JXa7enWPUFSfHnJ2cpLBYLCW8i2O0Vau3agbrxum8NAQGQwGubu76YYxw3T+gqnUrPLGKvXUaYW1bSNXFxdJkquri4ZF9694JrWk7JyLit22W3dOuFEt/VtIKlore/KtMTaBsL1/H+cyzqt9aBtJRTcu+Xh7atyYofJv4SujwSBHBweFhrTWuYwLtXr+telsxnktX7NRE265Xg6XQ+CqfD6MGHKt2rcr8V66brgkWdeuXv7zBt0wpsT7zc1VN4wZJovFUmkobjJlyc3VVQF+zWU0GuXRzL3RfwYBAICmY0k93gBcn8cqZon4kySDlH+xRv9Zwu+WXP3rdeyfLPxOknTDmGE6lZGl+Lg4m+0JppN6K+47/X3X51qdutsa/krSRvNR7dhbeqbu/MVfK87hjPVxocWiNWl79OyueXpj/7c6aDph037lihU6lZGlGy5fm/hk4be1dn4A8HvHDGAAqKLuXWq//POVvL08FTN6iJauqN6Xl8iIjloyf06l6/AWl32uyV2yLz/9qKbfN6nSdldz+Lv86/etJaYKCwqVknpKPyxfo8E33GUTSLw9d55effav2vjjfGWcN+lE2im98K856ns5qIo/mKQbxgzT2u8/lUczN2WcN2ne10v06RffV3lM9z3ylO6ZeLOefPRBOTs5KXb7bsVMfEgn09IlSWmnTuu6Ox7UC08+or89+pCkotLb10940Nrmz7Ne0n9e/pumTrpF2TkXtWnrTusXwIqknEzT2Dse0gt/m6GnHntI+QUFWrpine575Cm998Y/JEnnL5iUnX1RC99/Q4H+fsq5dEmr18fq8X/8q8rnWlcOJCTpq++XaVh0f914/XBZLBYdT0nVp198b32NLBaLUk+d1tiRg+Xv11wFBYVKTUvXZ18uluXy9k+//F7DB0Vp2r0T5ebqoowLJv2yeVuF7/X002fVtVN7DZw6US7Ozsq5dEk798Rp26799XT2lVu++heZMrN043XD1dzHW5dyc5Vw+KjmfvqVcnPrdy3WDbE7FDN6qP70hynKuXRJJlOWVq7drJDWgTbt1m/eJovFoulTJ8rdzVVnzmbo+59+1sHEIzbtvvp+mSIjOmnmn+6Xg4NRx1JS9cHnX1t/Z5lZ2Zr72ZcaMzxawwdFycHBqJOp6fpx1Xrr7OIDCUdksazWyKEDNLlFc+VcuqQt2/do7catCmxpu2Z3Y5V8/KS27NijB+++XRdzc5WXZ9bajb/q5rEjKt135ZqNysrO0eTbxsmzWTNlXDBpzYYt6tQ+1LrWcqGdfx8/rf5F428YrZFDBmhffIJWrN2ovDyz7pxwozw9mslszldCUrKWrFhbZ69Fbdiz/6DC2gZrzPBo/bhynd3nn2c266vvlilm1BBNGj9W+fkFijt4WB8v/NZ6g1HikWNa9MNyjRh8rSaNj1Fenln74hNs2pTHnJ+vJSvWaurkWyVJK9Zs1LGU1Eb/GQQAAJqGpSvWyfT3LOuNZ/viE2z+LRQSHGQt4Xz8RKrNusGVbff28rSWkTZlZlX7GkpNGHb/U4bd/6z349aGpOTj+mDeIt0/ZbzM5nx1iYhQSkqKWgT5a+GRX7QqtfxSzGea5emdnYsVdfawvAqclFtg1tGsdB1yPCdja68y99lx7rB2nDusYYHdNbHdIJ0/dVYRERFKSS+6CfGDeYvqvdoUADRlBu/QvlfPQmUA0AgsXfBuuevSFKtofdtxo4farHNTnnc/WqhZL7xZ5fFVJfyNmTStRmWf33ntGU2+bVyl7RYsWqpZL7x5VYa/AK4O48YM1fnzJuss3vI88sCdWrRkZbnr+6JmHr5vspatXs+FGzu5u7vp//44Vc+//k5DDwUAAKDOzJrxgGbNeEBSUZnmcZOnW7eVrCi2YNFSTZ/5nM2+c15/VpPGx0gqXb1sw9J51usrr8yeW+G1mHpnMKpw8GeS0Xb+lSHxMxmOV78CW20L8Guhbau/kpenhz7/arHcfYxa7Xlc582/VfbJST4j97Y1u8k190ymXPx+u07l6eimEdltlJsh3Xn7jTJlZqnPiNuVfuZsjY4DAE3NsV2rqr0vM4ABoIoqC383btlR4ZeOV2bP1fz3XreugVMee0o3l7WPPeFv0Tq8/1fqztqqqEr4e+UXOADA1W3M8GhlZmVr/4FEmUyZcnVz1cB+18jR0UFHj52ovAMAAAD8bsz5aKEevm+SvDw9FB3VW++89owefvx5SUUzhPVaUbuxowbL28vTevO4t5enxo4abO2n5AzfOa8/azP7d85HC+vpbOxkKZThYqosLaN/e64wX4bzceXv0wDSz5zVUy/9W2+/8rTuvP1GLVmxVr2z/bXa+bcAOD8nt8bHyT1tsgmAe+cEyK3QS7ffPlSS9NRL/yb8BYBaxhrAAFAF9qz/a8+M2ukzn6+N4diYfNs4u8PfmEnT6iX8ffLFtwh/AaAJ2rZznwID/PTg3bfrmZl/1B/vmyRPj2b6YN4iFVooMAQAAIDfXDBl2lwbKDnr94IpUz9eXru3eDmsYjGjh1ivcSxYtNQaDJecFSxJkx+a2Sgrjhl2/1OGtHVSfo6UlSzD9r9JmUkNPaxSPvtysT6Yt0iS1KdHV4W5hmh4Xrs6O17/C/7q4NpWfXp0lVRU+vmzLxfX2fEA4PeKEtAAUAXT75ukl59+tMI2V5YkKs/5pF8r3L5xyw7FTJpm17hKfnmqSE1LMXt7eeqd156x+UJWHntfBwAAAAAA0PRdeU1lQ+x2Pfz48woJbqUl8+dIKgqEuw++WZK0Z/131gB43OTpOpZyUvPefd2mYtqTL76lOR8uqMezaLrmvfe6YkYNUdqp09q2e7+yjBe0y+uc9u/aI68urWvUtyn+hDr36KZemS3kWeijPj26KrClv5auXKcpD82spTMAgKanJiWgmQEMAFXQvUvlZZntmQFc2SxdSXaHtFUJf6fPfK5G4e+S+XMqDX9NmVkaNO5Owl8AAAAAAGA158MFevLFt6yPo6N6a8/67zX51hibss/Tp07UkzMesF47uWDK1ORbY7Rn/feEv3VoykMztXTlOgW29Ne40UOVn2HQn1qNUi+f9rJcNFe7X6MM6tosWDNaj1FBhlHjRg8l/AWAesAMYACogr2/fK82rYPK3W7KzFJIj+GV9jNrxgOaNeOBCtvYM4PW3vC3pl+KisPfytYlNmVmKWbSNLtCcAAAAAAA8PsTM3qI5rz+rLw8Paq1vykzS5MfmqkNsdtreWSQpDdeeEL3TxkvSVq5dpOcnBzl5eOsjRcStLPwhHIt+Xb142RwUNc8Pw0L6KasC2aZzfkaNXSApKKyz3/9+6t1dg4A0FTUZAYwATAA2Mnby1PJu1ZX2Maess2RER3tWqu3++CbKlyn154QWap5KWZ7w9/itYUb47o7AAAAAACg8Sie6fvwfZPsDoJNmVl658MFmvPRQq491LG7Jtyol576i/V388PyNTIYDBoc1Uvr9v+qpIvpynIpUKYlV7kqCoRd5ChPg4s8ch0U6hagoV37aX3sDlksFt0wZpikot/hUy/9mzV/AcBOBMAAUA+io3pb16Qpzyuz5+qV2XPL3Fb85cae0PbHles0uYIyOO+89owm3zau0n4umDLtno37yn/eL3X3bGRER73z2jOVhr9SUelre76AXTBlaco0SvwAAAAAAPB75+3lqZjRQzRu1BBFR/UuFQabMrO0IXa7lqxcp6Ur1hH81qMAvxZ6YsYfrLOBJSkhKVm79h2Q2WxWq8AAhYe2VVBLP0lS6qkzSjySrJNp6XJyclLPbp3VIaytdd8P5i3Sq7PfV/qZs/V+LgBwtSIABoB6YO+M29owaNyd5Qa39oa/VXVlmWh7ZypXh09Yv1rvEwAAAAAAXP1CgouW3qqoKhrqT1jbYN0z8RbdftMYtQoMqNK+J9PS9dX3y/XJwu+UlHy8jkYIAE1XTQJgx1ocBwA0ad3tmAVbG979aGG9h7+SbI4ZEhxUZ+HvvviEWu8TAAAAAAA0DQS/jUtScoqeffVtPfvq27q2b09F9++tnpFFs3sDA/zk6dFMkpSZla209DNFs4T3HtDGLdu1aeuuBh49APx+EQADgJ2io3rX+TF+XLlOs154s8xtIcFBdRb+SrIp//zw1El1Ev5KsrskNQAAAAAAABqPzVt3aTOhLgBcFYwNPQAAuBq0aO5Tah2a2rYvPkHTZz5f7va6DKCvnJVrz5q/1bUnngAYAAAAAAAAAIC6QgAMAHYIaR1Up/2/+9FCxUyapgumzHLbdO9Sd6Fsydm/kjSwf696OxYAAAAAAAAAAKg9lIAGADt0DA+tk373xSfo5dn/09IV6yptW1+zcuu61DUloAEAAAAAAAAAqDsEwABghyPJKfpk4Xe10ldmdo4Sk5K1IXa7Eo8cs3u/rxYvr1L7qoxn8U8/Wx8nJiXX2rle6Rdm/wIAAAAAAAAAUKcM3qF9LQ09CAAAAAAAAAAAAABAkWO7VlV7X9YABgAAAAAAAAAAAIAmggAYAAAAAAAAAAAAAJoIAmAAAAAAAAAAAAAAaCIIgAEAAAAAAAAAAACgiSAABgAAAAAAAAAAAIAmggAYAAAAAAAAAAAAAJoIx4YeAAAAdSXmkwkNPQTUgaX3fNnQQwAAAAAAAACARosZwAAAAAAAAAAAAADQRBAAAwAAAAAAAAAAAEATQQAMAAAAAAAAAAAAAE2E4cSJE5aGHgQAAAAAAAAAAAAAoIiHh0e192UGMAAAAAAAAAAAAAA0EY4+Pj4qKChQfn6+8vPzVVBQYP2vsLBQBQUFkqTCwsIGHioAAAAAAAAAoClIyTmjDxJWalhgpAa37NbQw0E9Wn9qn9ak7dX9HUYp2N2voYcDAI2G0Vg0b9fBwcH6c3U5GgwGGQwGGY1GOTg4lDqQ0WiUxWKRxVJUKbr4fwEAAAAAAAAAqKr0Sxf0UdJqjWvbT/39OjX0cFDPhrfuqWYubvooabX+2HmcAly9G3pIANCgDAaD9X+LM9vi56rLsbijksFu8QEsFot15i8BMAAAAAAAAACgphYcWq/RbXorOpCZv79X0UHdlG+waMGx9fq/rrc29HAAoEGVDIAl1UoAbMjNzbUUFhZayz0X/1wc/hbP/iX4BQAAAAAAAADUxBdH1qvAUqjJYUMbeihoBOYnrZWDwag7Qgc39FAAoMEVT9Atnrzr6OhY7b6sM4BLdl48I7g4AJaY+QsAAAAAAAAAqL79548pPvuE/tFjipyMDpXvgCZvcofh+sfueTqUnaquPiENPRwAaFAlZwLXyhrA0m/TiYtLP1ssFmvnJcNfgmAAAAAAAAAAQFUtS9uhW9oNlJuzS0MPBY2Eoxx1S7uBWpa2Qz38whp6OADQIEqWey4ZAhcUFFS7T8crQ9+SP0ulA18CYAAAAAAAAABAVezKSFKh0aDooK4NPRQ0MtFBXbXm9D7tyzymnr6EwAB+f65c77f4cY0D4Cs7rajsMwEwAAAAAAAAAKAqNp6O14jW3eXgUPelnx9a/aYk6b0Rj9X5sVA7RrTuro2n49Xbr0NDDwUA6t2VWW15z1WF45XTiotnAUuEvQAAAAAAAACAmskyX9Re0zH9KeJGOdTD2r+Gy0sb1nbYfC43U3/ZOlfODk7W5xwNDgp081F0QFcND+wuYw0v2NeWTPNFPbrtfb1/7Z/r5XgPxf5X/+p9nzyd3Kq1/8CW3fTpkbW6WJgnj2r2AQBNSY0D4Io6KvkcYTAAAAAAAAAAoKr2nU9Wz+ZhcnZwrLxxLSi+rF3Ti+el+zXIxdFJ71/7iPU5c2GBkjJT9c3xzfr17CHN7HqrnI31c54VKVr6sfZfg/KPV3zM6h3P2cFRPZuHad/5ZF0b0KWWRwcAV4fa/Mx2LFnyuaLO6+v/KAAAAAAAAAAATUdCVqq6+LSR8fLM3LpWfC27to9nNBplMBhs+nUxGtXFN0R/822j/8T/oC+Sf9E97UfU6nGro6yx1qXiY9XkeF182ighK1UDA1knGgBqylFipi8AAAAAAAAAoG4cyz6t/v6dGnoYdcogg+5tP1J/3fa+bms7UM0cXSUVzX7+JnmjUnLOytnoqL5+HXVHu0FydXDWa/sWaWxwH3XzaWvtZ0/GUf33wBL9N2q6HA2/lbD+KHGVOnkHa4B/Z83a/rGmho/UqtRd2ptxVPmWQvVsHqZ72o+osARzRWORpDO5Jn2dvFF7zh1RvqVAga6+uiN0sLr6hFj7yMnP1RdHf9G2M4dUYClUqGeg7m4/vFZew7YeAfr1zKFa6QsAfu9K1aJgpi8AAAAAAAAAoLaczjUp0M23Tq89bzt1UH1aXg6ZLx+n+Hg222rAUFTnuNzz8HFpphAPfx3JOqVI33banXFEcw8t1/ROYxXhE6KL+bn6OnmjXtn3tZ7pMUnRLbtq8+mDivRtZ+1j0+l4WQxFQXDvFuGSpAJLofacP6o72w+1jmHOoZ80JWyopneOUXb+JX2cuFrvJ67QYxE3lznWysbiYDDqoOmE+rTooKnhI+Xi4Kxd55L09sEler33VHk5uavAUqhX9y9SO48Avdb3fnk4uir+wnHNOfiTcgryalQCWpIC3Xx1OtdERgEAtaB+6j8AAAAAAAAAAH6XMvMvytPJvc76n7NnsebsWaxtpw6W2rbt1EHr9vrg5eSuC+YcSdLCI+t1X4dR6uoTIoMkd0cX3d1+uIwGg7afTVSfFuHak3FE5sICSVJeoVkJppOa3nGsNqbHW/vck3FUnbxay9noZH1uRFAP9fPrKAeDUV5O7vpDh9HadS5JlwrMZY6rsrFIUnRAhPr6dZCrg7MMkq5pHqb2HoFKNKVKkrafTVShpVBTw0fJ4/IM5y7ebTShXXStvHaeTu7KzL9YK30BwO9dw69GDwAAAAAAAABosvILC+RkdKi8YTU5GIrmOc3Zs1jTu99ofb44/C3Zpq5dMOfI28ldeYX5Ssk5ox6+oaXa9GwepgTTSfXz66gInzbanXFEfVqEa+uZRF3Tor16NA/VJ4dX61JBnlwdnLXpdLwGBdiui9vZO9jmsbuji7yc3GUy58jVwdtmm71juZCXoy+Ortex7NPW1ysxM1X9/DpKkg5npuqa5mG6cn5utxIzmGvCyeig/MthOACgZgiAAQAAAAAAAAB1xtHoIHMdhsAPRo6Ti4OT1p/YYzPTt/jnga266b6u19fJsUu6kJej49mnFeYZKMkii6XsdhZJxSnqwIAIrUvbpz4twrUxPU4T2kXLwWBU7xbh2nomQf38OuqwKVXTO4616cOxjNfSwWCUpcyD2jeWdw/9qG4+bfVgx+us2985uFSWK9vXEXNhQZnnBQCoOkpAAwAAAAAAAADqjKejmzIvl0WuK/dEjNHIkF6lnh8a3LNewl+LLPr48CoNbtlNzRxd5Wx0Ukgzf+08l1Sq7c6zh9XBs5UkKdKnnQ5npurUpfPKyMtSO4+WkqTolhHaeDpe288m6poWYTLWYF1ce8eSlJmmQS1tZxqfunje+nN7zyDtPHdYliti4D0ZR6o9tpIyzTnydHSrlb4A4PeOABgAAAAAAAAAUGcCXL116tL5yhvW0KROI3Rdu37Wx6Pb9tFdXUbV6THzCvMVf+G4Xt77lTLNFzUpdMhv4wkdrI8TV2lvxlFZZFGW+aI+Tlwlo8Gg3i3CJcn689vxP2hAQBfrvmEegcrIy9KPJ7ZpYEBEjcdpz1jaebTU1jMJ1n02nz6gxMxU6+PeLcLlaHDQ+wkrZDLnyCKL9p8/pi+PbpCTsebFRk9dOq8AV+/KGwIAKkUJaAAAAAAAAABAnQlp5q/krHR18W5TK/0dzDiu17YtVCffNnq8z0Sbbbd3GFJURthi0S3hg0rt+9q2hTqYcVyP95moTr5VH09ugVn3bnzL+tjJ6KhAN18NbtlNIwJ72MzUjfRtp+mdxurr5A36d/xiuTo4qb9fJz3R7XabNYkHBnTR8pM79FjEzTbHGuDfWd8e26wwj8Aqj/NK9ozlgY5j9H7Ccv2ctlsuDs7q7BWsYYHdrX04GIyaFXm7FhxZpye2fyxzYb7CvVrpj51i9M+9X9Z4jMlZ6Qpp5l/jfgAAksFS9qIAAAAAAAAAAADU2Kb0eP165pD+EnFTrfRXUQBcmZoGwKg7/477Xv38OtrMhAaA3zOTyVTtfSkBDQAAAAAAAACoM91922lnRpLMhQUNPRQ0UubCAu3MSFJ333YNPRQAaBIoAQ0AAAAAAAAAqDMeTm7q6RuqTafjNKRlZI37a+nuK6loJvD9K1+vVh8tXL1qPA7Unk2n49TTN1QeTm4NPRQAaBKYAQwAAAAAAAAAqFNDAiO1OnVPrfTl4+KhYW2ukaeze5X39XPz1pi2feXn5l0rY0HtWJ26R0MCa35zAACgCGsAAwAAAAAAAADq3PO7F2hEUE8NZI1XlLAxPV6rU3fpmR6TGnooANCosAYwAAAAAAAAAKBRuznkWn2dvIG1gGFlLizQ18kbdHPItQ09FABoUgiAAQAAAAAAAAB1rrtvO/XwDdWnh1c39FDQSHx6eLV6+Iaqu2+7hh4KADQpBMAAAAAAAAAAgHpxb/hIJWena9mJ7Q09FDSwZSe2Kzk7XfeGj2zooQBAk0MADAAAAAAAAACoN9M7xWhJylatO7W3oYeCBrLu1F4tSdmq6Z1iGnooANAkEQADAAAAAAAAAOpNkJuv/tr1Fn11dCMzgX+Hlp3Yrq+ObtRfu96iIDffhh4OADRJBovFYmnoQQAAAAAAAAAAfl9SL2ZozsGlatssQHe3HyEno0NDDwl1yFxYoE8Pr1Zydrqmd4oh/AWASphMpmrvSwAMAAAAAAAAAGgwHyeu0u6MI7qtbbQGBnRp6OGgDmxMj9fXyRvUwzeUNX8BwE4EwAAAAAAAAACAq9aejKP67thm5VsKNSKouwb4RzAj+CpnLizQptNxWp26R44Go24OuVbdfds19LAA4KpBAAwAAAAAAAAAuOrtOHdY69L2alfGEV3jG6bO3sFq6xGglq4+8nRyJxRupMyFBco05+jUpfNKzkrXgQsp2pmRpJ6+oRoSGKlezds39BAB4KpDAAwAAAAAAAAAaDKyzBe1J+OoDplO6Fj2aaVfuqDM/IvKLyxo6KGhDI5GB3k6uinA1VshzfzV0au1uvu2k4eTW0MPDQCuWgTAAAAAAAAAAAAAANBE1CQANtbiOAAAAAAAAAAAAAAADYgAGAAAAAAAAAAAAACaCAJgAAAAAAAAAAAAAGgiCIABAAAAAAAAAAAAoIkgAAYAAAAAAAAAAACAJoIAGAAAAAAAAAAAAACaCAJgAAAAAAAAAAAAAGgiCIABAAAAAAAAAAAAoIkgAAYAAAAAAAAAAACAJoIAGAAAAAAAAAAAAACaCAJgAAAAAAAAAAAAAGgiCIABAAAAAAAAAAAAoIkgAAYAAAAAAAAAAACAJoIAGAAAAAAAAAAAAACaCAJgAAAAAAAAAAAAAGgiCIABAAAAAAAAAAAAoIkgAAYAAAAAAAAAAACAJoIAGAAAAAAAAAAAAACaCAJgAAAAAAAAAAAAAGgiCIABAAAAAAAAAAAAoIkgAAYAAAAAAAAAAACAJoIAGAAAAAAAAAAAAACaCAJgAAAAAAAAAAAAAGgiCIABAAAAAAAAAAAAoIkgAAYAAAAAAAAAAACAJoIAGAAAAAAAAAAAAACaCAJgAAAAAAAAAAAAAGgiCIABAAAAAAAAAAAAoIkgAAYAAAAAAAAAAACAJoIAGAAAAAAAAAAAAACaCAJgAAAAAAAAAAAAAGgiCIABAAAAAAAAAAAAoIkgAAYAAAD+P3v3HR9Vlb9x/JmWSqhSpYoISCdAIKFXlV4VxYrYu4gFBV0bdn+uqyxK0QW7C0oT6YjUpReRDhI6CYEkk2TK+f0BGTMkQIAkE4bP+yVJ5pZzvnPvzYyveXLOBQAAAAAAAIIEATAAAAAAAAAAAAAABAkCYAAAAAAAAAAAAAAIEgTAAAAAAAAAAAAAABAkCIABAAAAAAAAAAAAIEgQAAMAAAAAAAAAAABAkCAABgAAAAAAAAAAAIAgQQAMAAAAAAAAAAAAAEGCABgAAAAAAAAAAAAAggQBMAAAAAAAAAniCeEAACAASURBVAAAAAAECQJgAAAAAAAAAAAAAAgSBMAAAAAAAAAAAAAAECQIgAEAAAAAAAAAAAAgSBAAAwAAAAAAAAAAAECQIAAGAAAAAAAAAAAAgCBBAAwAAAAAAAAAAAAAQYIAGAAAAAAAAAAAAACCBAEwAAAAAAAAAAAAAAQJAmAAAAAAAAAAAAAACBIEwAAAAAAAAAAAAAAQJAiAAQAAAAAAAAAAACBIEAADAAAAAAAAAAAAQJAgAAYAAAAAAAAAAACAIEEADAAAAAAAAAAAAABBggAYAAAAAAAAAAAAAIIEATAAAAAAAAAAAAAABAkCYAAAAAAAAAAAAAAIEgTAAAAAAAAAAAAAABAkCIABAAAAAAAAAAAAIEgQAAMAAAAAAAAAAABAkCAABgAAAAAAAAAAAIAgQQAMAAAAAAAAAAAAAEGCABgAAAAAAAAAAAAAggQBMAAAAAAAAAAAAAAECQJgAAAAAAAAAAAAAAgSBMAAAAAAAAAAAAAAECQIgAEAAAAAAAAAAAAgSBAAAwAAAAAAAAAAAECQIAAGgFwyxgS6BAAAAAAAAOCyxmdsAJD/7IEuAAAKs/T0dDmdTmVkZMjtdge6HAAAAAAAAOCyZ7fbFRISovDwcIWGhga6HAAIOgTAAJADY4ySkpKUnp6uyMhIRUVFyWazBbosAAAAAAAA4LLn8XjkdDp1/PhxhYaGqlixYrJYLIEuCwCChsUw3wIA+DHGKCEhQXa7XcWKFQt0OQAAAAAAAEDQSkpKktvtVsmSJQmBASCLEydOXPS+3AMYAM6QlJRE+AsAAAAAAAAUgGLFislutyspKSnQpQBA0CAABoAs0tPTlZ6eTvgLAAAAAAAAFJBixYr5PpcDAFw6AmAAyMLpdCoyMjLQZQAAAAAAAABXlMjISDmdzkCXAQBBgQAYALLIyMhQeHh4oMsAAAAAAAAArijh4eHKyMgIdBkAEBQIgAHgNGOM3G63bDZboEsBAAAAAAAArig2m01utzvQZQBAUCAABoDTLBZLoEsAAAAAAAAAAAC4JATAAAAAAAAAAAAAABAkCIABAAAAAAAAAAAAIEgQAAMAAAAAAAAAAABAkCAABgAAAAAAAAAAAIAgQQAMAAAAAAAAAAAAAEGCABgAAAAAAAAAAAAAggQBMAAAAAAAAAAAAAAECXugCwAAnOJyueR2u+V2u+X1euX1emWMkSRZLBZZrVZZrVbZ7XbZ7XY5HI4AVwwAAAAAAAAAAAobAmAACCC326309HRlZGT4wt6cGGPk8Xjk8XjkcrkknQqFQ0JCFBoaKrudl3MAAAAAAAAAAEAADAAB4Xa75XQ6fWHuxTDGKD09Xenp6XI4HAoPDycIBgAAAAAAAADgCkdSAAAFLDU1VWlpaXnapsvlksvlUlhYmCIiIvK0bQAAAAAAAAAAcPkgAAaAAuLxeJSSkiK3251vfaSlpcntdisyMlI2my3f+gEAAAAAAAAAAIWTNdAFAMCVwOVy6cSJE/ka/mZyu906ceLEJU0vDQAAAAAAAAAALk8EwACQz1wul06ePCljTIH1aYzRyZMnCYEBAAAAAAAAALjCEAADQD7yeDxKTk4OWP/JycnyeDwB6x8AAAAAAAAAABQsAmAAyEcpKSkFOvL3TMYYpaSkBKx/AAAAAAAAAABQsAiAASCfpKamFsg9f8/H7XYrNTU10GUAAAAAAAAAAIACQAAMAPnA7XYrLS0t0GX4pKWlFYowGgAAAAAAAAAA5C8CYADIB06nM9AlZFMYawIAAAAAAAAAAHmLABgA8pjb7ZbL5SqQvpyeDE2M/y1X27pcLkYBAwAAAAAAAAAQ5AiAASCPpaenF0g/+9ISNGrHFC0/vi3X+xRUbQAAAAAAAAAAIDAIgAEgj2VkZFzUfk5Phj7aPTNXge78Y5v01o4pSnAl6+qwkvleW0Fq0+Nexd54l5b9b8NZt9m0ZYdib7xLsTfepYyMghltfSHmL16p2Bvv0o03PxLoUgAAAAAAAAAAVxh7oAsAgGDicrlkjLng/daf3KOJ8b/J6cnQtpQDkqSY4jWybef0ZOizv+b6tmlbqo76lovJdT/GGLlcLjkcjlxtv2jpaj33j4/8ljkcdpUuVUJNG9XRgJ6dVK3K1bnuH6cYYzRj9mJNmblAu/bEy+v1qnrVShrY9wa1b9XUt53Tmaaxk37S3N9W6Pjxk7q6Qhn16dpOfbp18G2zduOfmvTDTG38Y7tSnWkqX/Yq3dAhTrf3v0n79h/WwPue9+t73EcjVatGtQJ7rgAAAAAAAACAgkUADAB56GLusfvjweVacGyTJOnayHLannLQd1/frCFw1pA43BaiIZU6qEZk+YuqMbcBcFZFIsMlSekZLu0/eEQ/zVygGbMXa9hjd6lrp5YX3N6V7I0Px2n6r/73bt705w69+Ma/9MaLj6ptXLTcbo8eee4t/bF1l2+bnbv36d1//Ue7/zqgpx4cpBlzFuv198f6/dHB3n0HNeaLH5WYmKT+PTupZImiSkg8UWDPDQAAAAAAAAAQWATAAJCHLjQAHrVjiuLTEiRJfcrFqF2pOlp+fJsmxv/mFwKfGRLfV6mjwm0hBVJjpmlffaSQkFPB8Y7d+/TB6Elave4Pjfq/8apVo6qqV62o+AOH9fWPv2j1+i06ePioihWLUpMGtXXfnX1VulQJSadCzH9/+V+t2/in0tIzVOaqkqpbu7oeGzJQxYtF+frb8Mc2Tfj6Z/25fY+ioiLUvUtrDb6tl6xW/7sXTJ4xX9//NFtHE46rSsXyGtT/JnVq29y3PjnFqbETJ2vBklVKSExS6VIl1Kltc915S3eFhYbI4/FozsLl+vmXRdqzb7/S0jJUuWI53dy7i7q0a+Frp02Pe+VyufXkA7dp9sLlyshwacLHr8jlcmv8Vz9p5rwlSjx+QtdWq6S6ta8957Hs262DDhw8ou5dWqtVi8ZKSXXqieHvateeeM2cs1ht46I1efo8/bF1l0JCHHprxGNqWK+mvv9ptj4Z971++HmOunZqpZjoeurYJkYVypVWvx4dFREWqrf/+YVmzV+qGXN+15MPDtK0rz7Svv2HNGDwsxd13gEAAAAAAAAAlxcCYADIQ16v94K2j09LUElHEQ2p3FEVT9/LN3PUb2YIPOPwGiW4kiX9HRIXZI05qV61ot595UkNHPKcDh1J0H+nzdUzj9yp9Zu36b/T56lY0SIqc1VJ7T90RNNnL9af2/do7EcjlZ6eoQefeVMnk1N0dfkyqlqpgvYdOKQ167eoSGSEXx/jv/rZ93P6sQyN/+pnhYaE6I6bu/lt93///kqREeGy2WzatnOvRr41WskpTvXu2k6pzjTd/9Sr2rV3v6wWi4oXj9KBQ0f1xTdT9b81m/XJO8/LYrFo/Nc/a//BIypbupSMkbZs261X3v63bDarOrb2n2L7g9GTJEnXVK0oSRr++sdavHytJKl40Sht27FXm//cec7jV6tGVX381nO+xxHhYapaqYJ27YmXw3HqrXne4pWSpI6tYxQTXU+SNKh/V/00c6HiDxzW/MUr9cBd/fTKsw/4tV239rWaNX+prx0AAAAAAAAAwJWFT4cBIA9daLgaU7yG+paLyTaaN2sInOBKzhYSF2SNZxMWGqLYZg00efp87di1T5J0Q/tYXVutkqpXqySnM03bd/2lB4e+oe27/tIfW3fJGKOTySkKDQnRhI9fUWREuLxerw4ePia73ebXfoVypfX+a0+rZPFieunNT7R81Qb9MndJtgC4e5fWGvbonfJ6jUa+9akW/L5Kn335X3Xv0lrfTflVu/buV1SRSH305jDVvLaK1mzYoqdfel+b/tyhab/+pt5d2+m9fzyl4sWi5LDblZaeoVff+0y/L1+rqb8syhYAV6xQVm+NfFzVKlfQuo1bfeHvM4/cqd5d2+lYYpK63/r4BR3LdZu26rdlqyXJN3p5/4EjkqRrqvrfY/ma0yOt9x88kq2dhMQT+vq/v0iSOmcZvQwAAAAAAAAAuHIQAANAHsp6L9bcGHR1q7OuywyBt6UczDEkvlgXWuO52zr13WKxSJLiDxzWv8Z+p9Xr/5Db7fHbNv7AYbVq3lhRRSJ1MjlFPW57QjWuqaxa11XTTR3jsrU95I4+qnx1OUlS184ttXzVBh05lphtu8GDeslms8lmkx4dMlALfl+l4ydOat+BQ1q9fosk6aaOcap5bRVJUqN6tdQmrolmzVuiNeu3qHfXdlq0ZLW+mTwrW/vxBw5n629Q/5tUrXIFSdLGLTskSVUqlVfvru0kSaVKFNPNvTrr2ym/5uoYLl25XsNf/1hut0e39btRbWKj/dZbZMlVO/EHDuuJ4e9q/8Ejalivph66u3+u9gMAAAAAAAAABBcCYAAoBLalHFC4LTTbCN+Y4jV8QXBhk5aeoSUr1kk6NSW0JL363mfasHm72rZsol43tpPdbtNTL72njAyXXC63ikSGa8z7L+r7n+dow+Zt2rpjz6lpo6fN1UdvDlPDujV97ReLKuL7OTw0VNKFj17ODLszA+psLNKK1Zv0z8+/UXhYqF4aOkRlS5fS3EXLNXn6fLlc2e+XXOaqv8+Rr/0zQtozRzOfzfTZizXq/8bL4/Fo8G29NHhQL9+6CuVK68ixRO3Yvc9vn52nH1coV9q3bMu23Xp6xPtKPH5Csc0a6LUXHvbdrxkAAAAAAAAAcGWxBroAAAgmZw0az2HG4TX6aPdMfbR7hvalJeRDVf4upsasjDHavvMvDR35gQ4fTZDNZlPvbu0lSbv2xEuS+nRtr2aN66jmtVWUkeHy2//QkWN6/P6B+uJf/9CvP3yqZo3ryu32aMXqTRdVzxffTJXH45HL5dYn476TdOpevFeXL6PoBrUlSTPmLNb2XX9JktZv3qZFS1ZJOjUaeNfeUzVfV72KbuwQp8b1a8luy12AW7d2dUnS7r/2a+qsRZKkxOMnNOmHmefd98tvp+n19z+X8Xr1zCN3+oW/ktSuZRNJ0pxFy7Vi9SalZ2Toqx9n+kYlt407tX7F6k16+NlRSjx+Qjd0iNVbIx5TWGjejBYHAAAAAAAAAFx+GAEMAHnIarXK4/Gcf8PTRu2YovjToa/Tk6GPds/QY1VvypN7/Z6N1Xpxf/tz482PSJIyXG7fc3TY7Xr28bt8I4Dr1r5Wy/63QZ+M+04dWsdo7qIVfm3s2hOvJ198T5ERYapcsbxsNqs2bdkpSX6jfy/E5Onz9cvcJfJ6jdIzMiRJ997eSw67Xf17dtLsBcu0a+9+3fHQSypeNErHT5yUJNWpWV3dOrfS1h17JEkb/tiuT8Z9J4/Xq+9/npOrvhvWranYZg20ZMU6vfnhOH38+bdKSXWed78fp87V6Ak/SJK8xujT8d/p0/Hf+dZ/+/lb6t2tvX6Zt0Rbtu3WE8Pf8du/T7cOqlWjqrbt3KuhI9/3Tbf929I1unHZI77tXnjyXrWN859SGgAAAAAAAAAQ3AiAASAPXWgAHJ+WoJKOIhpSuaMWHNuk5ce3nTMEXn58m348uFxOT4bf8n/WueeCarwYzrR0SadC37LlSqtJw+t1c6/Oqlblat82w58crLc+mqD/rd2sCV//rJbNGyk0xKF1m7ZKksLCQtW9S2tt2LxNu/bul4xR7RrVdGu/G9SscZ0LrqlIZLjuHthT3/08WwmJSbq2WiXd2vdG3dAhVpIUGRGuf7//ksZOnKwFS1YpITFJFcqVVsc2MbprYA85HHbVqVVdzz1+t778dpq+nfyrKpQvrbtu6a4J30zNVQ1vDH9EYydN0ax5S5WYdEI1rqmk9q2a6dPx3591n0NH/Ed6J6f4h8ZeY+Sw2/XxW8/psy//q/mL/6fEpBOqWL6MenVtr37dO0iSjiUk+d1r+czw2e3OPoU1AAAAAAAAACC4WUzmDQwBANq/f78qVKhw0fs7nU45necfAZppYvxv6lsuRuG2EN/j5ce3KdwWki0E/vHgci04lvM0yRcSAIeHhys8PDzX2wMAAAAAAAAF4VI/mwOAYHLixImL3pcRwACQh+z2C3tZHXR1qxwfZ44E7lsuRvWjquizv+ZqW8oB3zYxxWsUWI0AAAAAAAAAAODyQQoAAHnI4XDIYrHoUiZXyBoCT4z/TSUda5TgSs5xVPCFslgscjgcF70/AAAAAAAAAAAo3AiAASCPhYSEKD09/ZLayBoCJ7iSdXVYST1e9SbfVNGXUhsAAAAAAAAAAAheBMAAkMdCQ0MvOQCW/KeHPnOq6IsVGhqaJ+0AAAAAAAAAAIDCiQAYAPKY3W6Xw+GQy+W65LbyKviVTk1Pzf1/AQAAAAAAAAAIbtZAFwAAwSg8PDzQJWRTGGsCAAAAAAAAAAB5iwAYAPKB3W5XWFhYoMvwCQsLY/QvAAAAAAAAAABXAAJgAMgnERERhSJ0tdvtioiICHQZAAAAAAAAAACgABAAA0A+ioyMlMViCVj/FotFkZGRAesfAAAAAAAAAAAULAJgAMhHNptNRYoUCVj/RYoUkc1mC1j/AAAAAAAAAACgYBEAA0A+czgcioqKKtCRwBaLRVFRUXI4HAXWJwAAAAAAAAAACDwCYAAoAA6HQ0WLFi2QewLb7XYVLVqU8BcAAAAAAAAAgCsQATAAFBCbzaaiRYsqLCws3/oICwtT0aJFmfYZAAAAAAAAAIArVP4PRQMA+ImIiFBISIicTqdcLleetOlwOBQeHl4gI4wBAAAAAAAAAEDhRVIAAAFgt9sVFRUlt9ut9PR0ZWRkyBhzQW1YLBaFhIQoNDSU4BcAAAAAAAAAAEgiAAaAgLLb7bLb7YqMjJTL5ZLb7Zbb7ZbX65XX6/WFwhaLRVarVVar1bcP9/gFAAAAAAAAAABnIgAGgELC4XAQ6gIAAAAAAAAAgEtiDXQBAAAAAAAAAAAAAIC8QQAMAAAAAAAAAAAAAEGCABgAAAAAAAAAAAAAggQBMAAAAAAAAAAAAAAECQJgAAAAAAAAAAAAAAgSBMAAAAAAAAAAAAAAECQIgAEAAAAAAAAAAAAgSBAAAwAAAAAAAAAAAECQIAAGAAAAAAAAAAAAgCBBAAwAAAAAAAAAAAAAQYIAGAAAAAAAAAAAAACChD3QBQBAYWGM8fsOAAAAAAAAoGAZY2SxWAJdBgBc1giAAVzxzgx8CYABAAAAAACAwMn8fI4gGAAuDgEwgCtaTqN+jTGEwAAAAAAAAEABygx7s4a/jAYGgItDAAzgipU1/M3853A4dOjQoQBXBgAAAAAAAFx5HA6HvF6vL/QlBAaAi0MADOCKlhn8er1eGWPkcrlUoUKFQJcFAAAAAAAAXHH279/vC4CtVqskpoEGgIthDXQBABAIOU357PF4AlgRAAAAAAAAAI/Hk+0WbdyuDQAuDCOAAVyxsk797PV65fV6A10SAAAAAAAAcEXLHAGcOf2zxChgALhQjAAGcMXLGgIDAAAAAAAACJzMW7Ux6hcALh4BMIArWtZRwPxPJQAAAAAAABBYfF4HAJeOABgAJP6HEgAAAAAAACgE+JwOAC4dATAAAAAAAAAAAAAABAkCYAAAAAAAAAAAAAAIEgTAAAAAAAAAAAAAABAkCIABAAAAAAAAAAAAIEgQAAMAAAAAAAAAAABAkCAABgAAAAAAAAAAAIAgQQAMAAAAAAAAAAAAAEGCABgAAAAAAAAAAAAAggQBMAAAAAAAAAAAAAAECQJgAAAAAAAAAAAAAAgSBMAAAAAAAAAAAAAAECQIgAEAAAAAAAAAAAAgSBAAAwAAAAAAAAAAAECQIAAGAAAAAAAAAAAAgCBBAAwAAAAAAAAAAAAAQYIAGAACoG3HLrq+fmPVbRCtug2iVa9RU3Xs0lXvvv+hEo8fz7d+R77ymj4bOz7f2kfuJB4/rldff1P3DHlAX/xnknbu2qVRb7/rWz/zl181+L4H863/p4c9p/c//Cjf2g9miYmJqtsgukD7bBAdo8TExDxp69vvf9Att92RJ23lZPMfW9Sla4+L2tfr9apdpxu0cNHiPK4KAAAAAAAAuLIQAANAgHz71ZfauG6VNq5bpXWrluvfn/5TSUlJ6tG7n3bt3n1Jbe/YuVOt2nXMo0qR114a+YrCwsL10vDnVLdObTmdaTp46LCMMTluP+nrb/XMsy/kWf+9enRX+3Zt86y9cymM12Juj+djTzytH/47uQAqKjjNmjbRoNsGBrqMHFmtVj1w372qVeu6QJcCAAAAAAAAXNbsgS4AAHAq+Kh+zTV69ZWRGv/Ff/TIY09q6pQfZbXydzrBaPWadXrx+WdVrlw5VataVZL04XtvF1j/rVrGFVhfKFyqVa3qu+YKo5v79wt0CQAAAAAAAMBlj2QBAAqZu++8XV6v0W+Ll/iW7f3rLz348GOKjolTdEyc7n/okbOOEh47foI63dBN8fH7FduqnWJbtdPOXbt86z1ut97/8CPFtmqn6+s3Vv9bBmnT5j/82khOTtaLI15WTFxrNWneUnfeM0Sb/9hy1ppn/vKrHnviaf08dZq63NRd19dvrI5dumrq9Bl+2xlj9NnY8WrboYuiY+LUrWcfzZg5y28bpzNNb4x6R7Gt26tBdIx69OmvBQsX+dZv37FT9wx5QE2at1RMXGsNe3643/S469ZvUP9bBqlx0xZqHtdGt981WGvWrjvvuvj4/Xrm2RfUtEVLNWwSo559BmjpsuV+tXXp2kNLli7TfQ8+rOZxbXTixElFx8TlOG33gw8/plmz5/gt27Nnr159/U0dPHhQb4x6R6++/qb+t2q1Dhw4qNFjPs/x2D782JN6aeQr+nHyFMW2aqcbu/XK9XnKPC9ff/ud2nW6QePGfyEp+1TgXbr20Mr/rdLjTz2jxk1bqF6jpnr8yaHZph3etXu3hjzwsFq166j2nW/Uk0OH6a99+9QgOibH2s91LaY6nXrtjVFq0bKtGjVtrr4DBmrBot9ybOdC+z/XNXKu45lVbKt2mjZjpoY9N1yxrdpp+Esv+63fsHGjBg66U3UbNlFMXGu9/+FH8ng8ftvMm79APfr0V3RMnNq076yPPxmdbZusTp48qZde/oeaxbZS46YtdNfg+/x+d3Pz/KRzX+dnTi8+8pXXNOHLiXrtjVGKiWut9Rs2Ssrda8COnTs1+L4H1ahpczWLbaXhL72slJSUsz6/vgMG5ji984QvJ+ofr70h6dS1uGHjxlw919FjPtd7H/yfX1vJycmqXa+RXxuSNH3GL9nOIQAAAAAAABC0DABcgbxer/F4PMblcpm0tDSTnJxsjh8/buLj4wuk/zYdOpv1Gzacdf07731g3n73A2OMMQcOHjQxsa3NxElfm4yMDONyucy33/1gmsW2MvHx+3Pcf/uOHaZl2w7Zlo94+VVTo3Y98/Eno01ycrJJSU01o8d8bprFtjJOp9MYY4zb7Ta9+91s/vmvT43T6TRer9fMX7DQtGzbwezevSfH/mbMnGUaRDczDz36hNm//4BxuVxm/sJFpn7jZmbDho2+7V5/823zwMOPmSNHjhpjjNm6bbvp1rOP+XnadF/fN996u3l++AiTkJBgjDFm5f9Wmc43dTcJiYkmPn6/iWvT3vzy62zj9XpNWlqa+XzceHNT914mIyPDuN1u06R5nJm/cJExxhiXy2XmzV9gtu/Ycc51xhgzecrP5pdZv5rk5GTj9XrNvPkLTOOmLczRo8d89Xe+qbtp06GzmTN3nnG5XMYYY4a/NNKMHvO53/HYv/+Aad2uk3G73X7LExITzdx58021GrXNlxMnmbnz5pu/9u0z6zdsMJ1v6u53PO8Z8oDv8cSvvjFDhz3v11ZuztOMmbNM46YtzCOPP2kOHz7idx2M+Xyc3/Nq2baDmfnLLON2u83Ro8fMw489Ye578GG/5xQT29r8PHWa8Xq9xhhjFi76zfTqO8DUqd84x+vCmJyvRbfbbQYMHGSGvzTSJB4/bowxZvmKlSauTXsze868HNvJbf/nu0bOdjxz8ujjT5nvf/yv37KEhARTrUZt03fAQLNh4ybj8XjMn39uNZ1v6m7Gjv/Ct93sOfNM5xu7mT+2bDHGGHPs2DHz5NBhZvhLI3Psy+VymV59B/gdk2XLV5gevfubajVq+34fLuV3wJjs19aIl181jZvFmtFjPjcpKSm+83O+a2vfvngTHROX7XWpRcu2ftdyVlN+mmoG3/eg3zKv12s6dulqduzcaYw5dS1mvjae77keOHDAtO3Yxa+9b7/7wdRv3My8+vqbfsvve/Bhs3zFyhzrAgAAAAAUHvHx8eb48eMmOTnZpKWlGZfLZTwej++zAAC4kiQlJV30P0YAA0AhVKpUKR1LOCZJGvPZWHXv1lW33XqLHA6H7Ha7BvTvq359+ujfn4294LZbNI/Rww/er8jISEWEh+v+IYNVtmxZLVuxUpI0e85clShRQo889IDCwsJksVjUtk1rPfTAfRo74YuztmuM9P47o1S+fDnZ7Xa1bd1KN/fvp+kzf5EkHT16TD9NnaoP3n1LV11VSpJU49rq+ujD9/Txvz6VJM2ZN1+pTqdef/VllShRQpLUJLqxZk6dohLFi2vM5+N05+2D1KVTR1ksFoWGhmrw3Xfp2muv1ew583QyOVmpqamKadpUkmS329WubRtVv+aac66TpF49u6tL506KjIyUxWJRu7Zt1KB+Pd/IyUwD+vVVh/btZLefuovCnbcP0qSvvpHX6/VtM+nrb3TLzf1ks9n89i1RvLjat2urq64qpXZt26h9u7aqePXVF3wOL+Q8ebwevfXm6ypd+qpztnfbLTfrhi6dZbPZVKpUSb352j80f8EipaamSpLGfD5W/fv1UfduXWWxWCRJrVu1VM8e3ZXqdF5Q7XPmzZczLU2vvjJSxYsVk3Tq3rRvvvYPvfP+Bznuk9v+z3eN5JURL76gunWul9Vq1XXX1dCzQ5/S1GnTfevf/eBDvfv2ZAqWVgAAIABJREFUm6pVs6YkqWTJknpn1Bta9NvvOnLkaLb2Zs+ZJ4/X63dMYpo11dCnHj/jOFz878DZ1Lm+tu4fMlgRERGnazn/tTXm83Hq3bNHttelOnWu17Zt23Ps56Ybu2jjxk2Kj9/vW7b49yUqX76crqlWLdv253uu5cqVU7myZbV23XrfPj9NnabPRv9Ls2bP8f1OJiWd0LbtO9S0SfRZjwEAAAAAAAAQTLgHMAAUQkePHlOpkqdC0tVr1urZZ57Otk2Hdm308quvX3DbzZo2ybas+jXVdOTwEUnS2nXrNX/BQg0cdKffNgmJiecMkerXq6vQ0FD/dqtX04qV/5Mkbdy0SUeOHNXd996fbd/DR47I6/VqzZq1at+2jS/gy5R5L+QlS5fqwMFDmjd/gd/6v/btU8MG9VW8WDH17tlDN3Ttoa433aBGDRsqtkWMIiMjz7lOOnXM337vfW35c6vsp4PbtevW64Yunf36atSwgd/jGjWuVaVKFTV33gJ16theLpdLU36eqqmTfzjrscoLuT1PtWrWVER4+Hnba9rUPxyLiorSVaVK6eixY6ocEaE1a9fp+WefybbfDZ07+qbvza2zneeWcbHas2evUlJSfOfFt08u+z/fNZIX7Ha76tWt47es+jXX6PCRU79DTmeatm7dpjdGvZNtX2eaU/H792cL5NetX3/WY5LVpfwOnE3jRg39Hufm2lq3fn2Or0v9+vbW3Hnzc+zH4XCof78+mvTNtxr29JOSpC8nfqXbb7s1x+1zcy579eyuqdOmq2GD+jp48KBOnjypZk2bqO7112vpsuWKi22hmbNm6YYunbMdWwAAAAAAACBYEQADQCE0b/4CPTds6Dm3MTLSRQQaISEh2ZbZbXZ5zd8jWJ8bNlT33XvPJbdrs9n8Rsa2bdNa4z4bfc52jDFnXRcREaFJX45X/Xp1z7rNa/94WX9u3arflyzTT1OnatjzL+jtN99Qp47tz7lu6LPPKy62hd5+8+9Q/cmhw04d5yyKFMkepN11x+36cuIkderYXtNn/KIWMTG+Ecz5KTfn6VzBX1Y5nj+7TcZ76vlbLBa53e5s26SnZ+Sq/TOd7TwbY3IM6nLbf26ukUsV4nBkqzHrsZKkiPBwfT3x7CPmc3Kua9/X7iX+DuQkp2vkYl4DJMlqOffkMrcNvFm9+t6sJx97RIcPH9HWrdvUvl2bHLfNzXO9sUsX/euTf2v4889qys/T1LNHN0lSr1499NPP0xQX20I/T52uV0a8eMHPBQAAAAAAALhcMQU0ABQy47/4j6xWi1q1PDXyr0l0Y82Zm33q2rnzFqhxw4bZlkuSzeofvF6I6MaNs424kySPx3NR7WWqX6+u1q1br6SkE37Ls9YZ3bix5i9YmK32zMdNohvnOLrwzNpqXned7rnrDn38fx/ovbdH6ZPR/z7vuvXrN6hPr55+7ezd+1eunluH9m21d+9f2rFzp/4z6SvdcXvOIxovls1m9Qvopfw7T2fTuFFD/Tp7brblX3/73Tn3y+lazKz9zOWLfvtd1apV9U1FfDH95+Yayel45sRq8w91cys8PExVq1bR0mXLz1lHVg0b1D/rMckqL34Hzic311bDBg1yfF36aerUc7Zdrlw5NWrUUDNmztLEr77WwJv7Z5sqPVNunmvRolGqU+d6LVu+QtOmz1CPbqcC4PZt22j5ipXas2evkpOTVaPGteesCwAAAAAAAAgmBMAAUAh4PB5t27ZdL418RWPHT9DHH33gm/Z4yL33aMbMWfpy4iSlp6crIyNDX33znX6cPEUP3Dc4x/bKlSvru++lx+PJ8Z6jZ9O+XRtZrVa98OJI35S2W/78U/1vuU0HDhy86OdYsmRJDbptoO69/0H9uXWrJOnIkaN6ethzmjZjpq/vIkWK6PkXR+jo0WMyxmj5ipW6sVtPJR4/rvuGDNb3P07WF/+ZpFSnU16vV/PmL9DAQXfKGKP4+P0a+cpr2rFzpzwejzIyMrR8xUpVrlz5nOskqU6d6zVr9hxfvVOnz8h2/9+zsVqtGnTbQA17brgkqV7dvB19WqVyZa1du14pKSlKPH5cTmdavp2nsxly7z2a8csvGjt+gpzONLlcLv04eYpmz5mXY2CbKadrMfM8v/DSSCUkJMgYo6XLluuFl0bo2aFPXVL/57tGpJyPZ06qVqmsJcuWyRhzwcf0uWFDNfTZ57Vg0W/yeDxyOtP0+bjxeuUs02V36thBISEhvmPi9Xq1dNlyvffBh35Tq1/K70Bu5ebauu/ee/TT1OnZXpc2/7HlvGHrHYNu1efjxuunn6fp5gH9zrpdbs6lJPXq0U2j3nlPpUtf5Zta2+FwqHWrOD3x9DPq3q1rrp87AAAAAAAAEAwIgAEgQPrdfJtq1W2oWnUbqn7jpnrwkcdVtGgxTZ3yo6pVrerbrmyZMvr26/9o6bIVat6yjWLiWmvRot/03VcTVa5cuRzbDgsL08svDdftd96juNbt9dvvv+e4XU5sNpvGjhmtokWj1KvvzarbsImeeHqY7hh0m8qXz7m/3Hry8UfVp3dPPfbkUNVt2EQ9+w5QxauvVpdOHf37jiqqHr37qV6jpnp91Nt6/tlnVKJ4cZUpXVrffz1R/1u1Sq3adFCD6Bh9Pm6CXnzhOVksFhUrVlSRkRG69/6H1KBxM8W2bq8jR4/q5RHDz7lOkka9/qp+mfWruvfqq5tvvV1//rlVtwzon+vnNqBfX61Zu053DLrtko5RTlo0j1FcXAu1bt9Zffrfoj179+TrecpJubJl9d3XE7Vs+Uo1b9lGzePaaOnS5frw/bcVGXn2ADina9Fms2nsZ6NVJDJSN3XvrfqNm+m9D/5Po15/Ve3a5jwdcG77P981IuV8PHNy5x2DdOTIUTWJidMjjz+p9PT0XB+vlnGxeu/tURr978/UuFms4lq306bNf+jRhx7McXubzaYvxn0mh92uLl17qGGT5ho95nN98N7bKlG8eK6f3/mu89zIzbVVoUJ5ffvVl1q4aLFi4lqrRat22rBhoz764L3ztt+ieYz2/rVP0dGNzjlVem7OpSS1a9tGGzduUu+ePfz2792zh9at36Du3W7K9XMHAAAAAAAAgoHF5OaGcwAQZIwxMsbI6/XK4/HI7XbL7XYrJSVFFSpUCHR5uAwdPHhQPfsO0OIFc+VwOAJdToGZM3e+Ph83Xt9M+vKK7B8AAAAAAOSd/fv3KzIyUna7XXa7XTabTVarVRaLxe+PgQHgSnDixInzb3QWjAAGAOAi7dq9W3v3/iW32603Rr2ju++8I2jD3z179urBhx/TqtWrlZqaKo/HozVr1+nNt97RbbfeEvT9AwAAAAAAAMDlwh7oAgAAuFzFx+/XiyNfUWpqqtq1baMhg+8OdEn5pnLlSmrTppXeGPWO/ty6TXa7TVUqV9HQp57QjTd0Dvr+AQAAAAAAAOBywRTQAK5ITAENAAAAAAAAFC5MAQ0Af2MKaAAAAAAAAAAAAAAAATAAAAAAAAAAAAAABAsCYAAAAAAAAAAAAAAIEgTAAAAAAAAAAAAAABAkCIABAAAAAAAAAAAAIEgQAAMAAAAAAAAAAABAkCAABgAAAAAAAAAAAIAgQQAMAAAAAAAAAAAAAEGCABgAAAAAAAAAAAAAggQBMAAAAAAAAAAAAAAECXugCwCAK5Ux2ZYEogwAAK4wFv9HlrNsBgAAAAAAcJkiAAaAAnQq9D170EsEDABA/jmV9fq/2/79B1kWwmAAAAAAABAUCIABoACcGfwa/y9nD35JhAEAuHhnBLom22JL5n+SzOn3a4JgAAAAAABweSMABoB8ljX8zfw5c7SRkdHp/wAAQF47yxus5fQXS+Y2pxdYTi8whhAYAAAAAABcvgiAASAf+QLf0w+MOfXImNOPJZksNwPOfl9gAACQV7KGuhaLRRYZyWKRRVlGBZ9eTggMAAAAAAAuVwTAAJBPso72zQx9jTE5/GMkMAAABeHvkb+nwl2LxZLl3+nlp4cEWyyEwAAAAAAA4PJEAAwA+SDryN9T4e+pf16vkdcYmczv5tT3zNHBp/fO8hUAAFwKyxk/WSynvlhPB79Wi0UW66nvVuvpscCZU0IzEhgAAAAAAFyGCIABIF9k3uT375G/Xq+R1+uV5/T3zMfmzKmhz2wDAABcgiwR8Bmjf61Wq6xWi6zGKlktkqyyWk/tkzk9dJabBAMAAAAAAFwWCIABII+Zv7Pf7OGvxytPlu/eLCOBM+8FzH2AAQDIe5mjeC1ZRv5arV7ZrFbZbEYy1tNbWmW1GpksI4aNEaOAAQAAAADAZYMAGADynPF9z5z+2WuMPF4jj9crt8erk8mpSk5JlcvtDmilAABcqZK8qboqpKiKREYoqkjEqYUWi2QxshgjY/FNGi1GAQMAAAAAgMsJATAA5AMj/xHAJssI4JPJqTqZnKLKV5dRsagigS4VAICAuu23dwPSb4Q9VDUiK+i69PJqqOoqWiTCNzLYWE7d+9dIf98SGAAAAAAA4DJBAAwAecj8PfjXtyBzBLD39Ajg5JRUwl8AAAIs1Z2udUm7dDwiRZZEi2IjrpfVa5XXamTN/Csui8U3+JdpoAEAAAAAwOXCev5NAAAX7vT0z5Lv/r7e0/f8dbndhL8AABQSe1IPa3XqTnlPz9aR+b5tpMx38kCXCAAAAAAAcEEIgAEgv2RO/2wkb5aRwAAAoHD5y3XU77068xYOZL8AAAAAAOByRAAMAHnK+L7+PRu0OT0V9OkPkwEAQKGSbly+P9qSyZzDQ2eM/+U9HAAAAAAAXB4IgAEgv52+jaCRIQAGAKCQMqeDX8OszwAAAAAA4DJHAAwAeSzrZ8ZZ816yXwAACrezvW/zFg4AAAAAAC4n9kAXAABBKduHxibbcgAAUIiYv38wZy63FHg1kqRkl1PrE3dr64l47U05osNpSTrpdsrt9QSmoMuM3WpTlD1cZcKKqXJkaV1X9GrVL1FVRRzhgS4NAAAAAIB8RQAMAAWI/BcAgMKpML1Hr07YoYUHN2ht4i41KnGNahWrqJjSNVU2rLiiHBFyWG2BLvGy4PJ6dNKVqkNpx7Un+bBWHN2qf2/7RQ1LVFObcvXUuGT1QJcIAAAAAEC+IAAGgALgNwoYAAAUUiag79brE3dryt6lchuvOpSvr0dqdSfsvQQOq00lQ6NUMjRKtYtV0g1XR8vl9WjJkc2asneZpv21Qr0qt1D9ElUDXSoAAAAAAHmKABgAAAAAAmzC9jlal7hL/aq0VFyZ2oEuJ2g5rDa1KVtPbcrW0++H/9D47bPVoEQ13XVtx0CXBgAAAABAnrEGugAAAAAAuFIdcCZqxNqJ8hiv3o6+h/C3AMWVqa23o++Rx3g1Yu1EHXAmBrokAAAAAADyBAEwAAAAAATAruRDen39t4otXVuDa3RmuucAcFhtGlyjs2JL19br67/VruRDgS4JAAAAAIBLRgAMAAAAAAXsgDNR722arP5V43TD1dGBLueKd8PV0epfNU7vbZrMSGAAAAAAwGWPABgAAADAZSXCHqo6xSureemaqlG0giyyBLqkC/bpn9PVrWJTtSlbL9Cl4LQ2ZeupW8Wm+vTP6YEuBQAAAACAS2IPdAEAAAAAkBuhNocGVm2t+iWqaeuJeJ10OdX8qlqqUrOMJu9dqkWHNga6xFyZsH2OqkSWYeRvIXTD1dGKTz2mCdvn6K5rOwa6HAAAAAAALgoBMAAAAIBCL8Iequfr9deSw3/omVXj5DFe37oijnANqdFZlSNLa+LO+QGs8vzWJ+7WusRdejv6nkCXgrO4o3oHDVs1TusTd6t+iaqBLgcAAAAAgAtGAAwAl4EVK1Zo8eLFOnbsmCIjIxUdHa0OHTrIbj//y/iyZcs0d+5cDR8+vAAqBQAgfwy+trPmH1iveQfXZ1uX7HLqw80/69m6fdXsquu04ujWAFSYO1P2LlW/Ki3lsNoCXQrOwmG1qV+VlpqydykBMAAAAADgssQ9gAGgkFu2bJl++ukntWzZUo8++qh69uypNWvW6Pvvvy/wWqZNm6bRo0cXeL8AgCtb2fDiqhhRKsfwN5OR0Zc756lnpZgCrOzCrE7YIbfxKq5M7UCXgvOIK1NbbuPV6oQdgS4FAAAAAIALRgAMAIXcqlWr1LRpUzVr1kzlypVTnTp11KtXL61du1YnTpwIdHmXBa/Xe/6NAACF1vXFKuUqiNufmiC71aYoR3gBVHXhFh7coA7l6we6DORSh/L1tfDghkCXAQAAAADABWMKaAAo5Gw2mxISEvyWVa9eXffdd5/CwsIkSUlJSZo8ebK2b9+uqKgoxcbGqlWrVjm253a7NXPmTK1atUpWq1V169ZVt27dFBISIknavHmzZs2apaNHj+qqq67SjTfeqFq1amnEiBFKS0uTJA0bNkxPPfWUypUrl639JUuWaNGiRTpx4oTKly+v7t27q2rVqkpNTdUrr7yihx9+WJUrV5Yk/fOf/1TVqlXVvXt3SdLChQu1cuVKDR06VLNmzdKePXtUqVIlLV++XBaLRc2bN1eXLl18fS1fvlzz589XamqqqlSpot69e6tkyZLyer167rnn1KpVK23cuFFVqlTRrbfeeolnAgAQKEUdEUpypeRq26SMVEU5wnXS5cznqi5MssuptYm79Eit7pfc1pQtSzRpwzz9cfQvSUY1S1XUwHrt1Ld2S1lk0cztK/XD5t80tsdTl174BfIYr8au+UXL921RlWJl9FSLvnpv6Y96uGl3XRVRTInOk2o14WltfHBMgdd2oWJLX69x2+co2eVUkUL6RwUAAAAAAOSEEcAAUMi1bdtWW7du1ZgxY7R582Z5PB45HA5Vr15dISEhcrvdGjNmjIoUKaLHHntM3bp10+zZs7Vu3boc2/vhhx+0Z88eDR48WHfddZf27Nmj6dOnS5L27Nmj//znP4qOjtbjjz+u6OhoffHFFzp48KBGjBihVq1aqVq1anrjjTdUtmzZbG0vXbpUM2fOVKdOnfT444+ratWq+uyzz5SUlKSIiAhVrFhRO3acGsGVnJysffv2afPmzb79d+3apeuuu873eMeOHXI6nbr//vvVuXNnzZ07V3v27JEkrVy5UrNmzVLPnj31yCOPKDw8XBMmTJAxxrf/9u3bNWDAAN10002XfiIAAAGTmJGiEiFRudq2ZGgRJbvS8rmiC7c+cbcalbjmku79a2T09K9jNHrVdN0f3VXLBn+olUM+1tMt+mnS+nkau/qXPKz44ny9Yb6W/LVZL7QaqLZVG8hqsepgcqLSPa6z7tPs88e078TRAqwydxxWmxqVuEbrE3cHuhQAAAAAAC4IATAAFHK1atXSQw89JIvFoi+++EKvvvqqfv31V3k8HknShg0blJ6erj59+qhMmTKqU6eOmjVrptWrV2drKykpSWvWrNGAAQNUqVIlVa5cWV26dNGqVaskSYsXL1bNmjXVunVrlSlTRq1bt1ajRo20b98+2e12WSwWWSwW389nWrBggVq3bq3o6GiVLVtW3bt3V7ly5bRo0SJJ0nXXXecLgLds2aLrrrtOycnJOnz4sIwx2r17t18AXLp0afXu3Vvly5dXixYtVLx4ccXHx0uS5s2bp06dOql27doqU6aM+vTpo0OHDvnWS1KXLl1UvXp1FS9ePI/OBgAgENYn7lJ0qWuV/Z3HX5XIMsrwunXClVogdV2IrSfiVatYxUtq44t1c7Tu0E79d8AIdbymkYqEhCvcHqLYStfr677P69Z67fOo2ou3+uB29aoZq+olyqt1lXqKcITq066P6uqoqwJd2kWpVayitp6IP/+GAAAAAAAUIkwBDQCXgcqVK2vIkCE6fvy4Vq1apYULFyo+Pl5333234uPjdfLkSY0YMcK3vcfj0VVXZf+gdf/+/TLG6KOPPvItM8bI5XIpJSVFhw4dUr169fz2GTBgQK5qdDqdSkxMVNWqVf2WX3PNNb5QtmbNmlq8eLG8Xq82b96sunXrKiQkRJs3b1bNmjWVkZGh6tWr+/YNCwvzC5odDofS09OVkZGhY8eOaerUqb7Ry5nP5f/Zu+/4KOr8j+Pv2ZIe0guBBIh0klBFEAMKKCqCeiCKYkHxOPXH2bGdnnde5aynZzvOE08siCKCVFGQLtJ7CzUgSeik7mbn90dgYQklG5JssryejwPJ7sx8v7uXz87Mvuf7nQMHDigpKUlS2fTZAIC671BJvtYe2qEbk7vo612LzriMzbDqvmZXa/z2+TXcu4rZmZ+ry+JaVHp9U6be/XmyXr1muELsgeWeD7IFnHP977et0OuLJyj76H6F2YN0S5vueqBjX1ktVpkyNWH9An2wYpp2Hs5VqD1QV1/SUc9ccZuCj2936pYlmrplibo2bK33l03Rnem9dG/7Ph5tvPTjWH29YYHm7Vyr1Tnb1CouRQNbZerv88dpROcby/V72d4t+r+pbymv4LC6f/i4EsOi9FjXARrYKlOmTI1eNk1jV8/S0ZIi1Q+L0oOd+un6Zp3d6/cZ+6x+332IPlw5Q6v2bdOi+95QXsFhvTjnYy3cvV6GpAbhsbqrbW8NaHVFpd73RmHx+ilvU6XWBQAAAADAVwiAAaAWczgcys7OVlJSkgICAhQZGalevXopKSlJ//3vf5WbmyvDMJSUlKQhQ4Z4rHu28NMwDI0YMUI2m+cuIDg4+KwjeyvixLoWi+fkEqZpyul0SioLsg3D0I4dO7RlyxbddNNNstvtWrRokQICAtSkSRPZ7fYKtzlgwIBygXN4eMWmCAUA1C2fbpujkW0GKNgWqAk7F6jolCmFE4Ii9ZsW1+mS8PrqGNNUyw9kyZR5jq3VvJyiw0oIqvyMFNsO/qJSl0uXJ7f2et3vspbrHwu+0BvXPqCWsck6UHhUf5r7iX4/+3/6U897lF9SpC0H9+it6/5PKRHxOlycrydmvK83F3+tkd1OXgg2f+damaapcQOfU1xIRLl2uiW30edr5+jSpObqltxG8aFlr/d/q77TrztcVy4A7lC/qRbc+7o6j/6tvhr0ghrWO3nx2l/nfa5dh3M1/pbnFRsSoc0HsvXY9PdUarrUr3kX93LPfv9fPd/9dr19/QhJ0u9+GKNm0Q30Rp/fyGKxaF3uTu0vOOL1e3ZCQlCkcooOV3p9AAAAAAB8gSmgAaAWczgceueddzzukytJERFlX7q6XC4lJCQoLy9PISEhiomJUUxMjCIiIs4YhCYkJMg0TR05csS9bExMjMLCwmSxWBQfH+8xhbIkzZ07Vxs2bJCkc4bDdrtdUVFR2r7d8z5527Ztc4/ItVgsatq0qWbOnKmYmBjVq1dPLVu21K5du7RmzRqP6Z/P5UQYnpubW+51BAScewQUAKBuKip16G9rxstluvRKp2F6os2v9Jvm1+mFjNv0TPotmv3Lam07tk9XJqZreItrZZx3wuiaddRZqHB7SKXXP1h0THGh5UPXinh54Xi9fM39ahmbLEmKDg7XP3oP0487Vyu34LDCAoI18vJb1DgyQRbDUFRQmH572U2au3ONx3ZKTZf+3nvYGcNfSerZpJ16Nmmnq5q0Vc8m7ZQW3/iMy51PXsFhTdywQK/1Ga7Y4201i26gf173oN766RuPZQe17q5eTdrLdvzeyjsP56hbchtZLVYZMtQmrpG6N0ov10ZFhdtDdNRZWOn1AQAAAADwBUYAA0AtFhISos6dO+ubb76R0+lUw4YNdezYMU2bNk1JSUmKj49XdHS0Zs6cqY8//ljXX3+9LBaLJk+erEaNGumaa67x2F50dLTatm2r8ePHa+DAgYqOjtbChQu1a9cuPfDAA8rMzNSbb76p+fPnq2XLltqyZYumTp2qhx56yN2fnJwc7dmzR7GxseXC1l69emnSpEmKiYlRgwYNtGTJEu3du1e33Xabe5nmzZvrq6++Uu/evd3bbNSokbZs2aL+/ftX+L3p2bOnJk2apOjoaDVt2lRZWVn69ttvNXLkSAUGlp8aEwBQ95W4nPp8+1x9tXOhmoQlKNgaoIMlx7QrP1empJ/3b9FzGYOUGd9GVsOqdzZ+K5dZO0YCO12lslsqf2uCqKAw5eZ7PxK10FmiTft36y9zPyv/nKNE2UfyFBcSoW82LtTHq7+Xo9RZNlvHoX1yuko9lm8Zm3zG6aer2pqc7cotOKyhE18p91xO/iG5TFOW4xelta/f1OP5+ztcpwen/FPXN+2sjknN1LVhKyWGRVe6L3aLtdz7AAAAAABAbUcADAC13M0336z4+HjNmTNH+/fvV0hIiJo3b65rr71WhmHIbrdr2LBh+uabb/T222/LZrMpIyNDPXr0OOP2brnlFk2aNEljx46Vw+FQkyZNdMstt0iSGjRooDvuuEPTp0/X5MmTFRsbqzvvvFMNGjSQJHXo0EHLly/XO++8o4ceekiJiYke27700ktVVFSkKVOm6NixY0pKStLw4cMVFxfnXqZFi7L7H7Zq1cr9WOvWrZWXl1due+fSpUsXlZSU6LvvvtOECRMUHx+vW2+9VcHBwXK5XBXeDgCg7nG4nNp0JLvc4/nOIv1l9Rd6Ln2QLo9rqUJnsT7YMtMHPSzPZrHKcQEhcJOoRFktFs3ftVbdktt4tW6IPVCfDnjmrM8v27tFry+eoM8GPOuetnnHoX0a/NVfPZYLtQd53/FKurJxW33Q/7HzLhcW4Nmnm1t2U7fkNpq9faWW7Nmkv837XANaZ2rk5bdUqh8OV6l7dDEAAAAAAHUFATAA1HIWi0WZmZnKzMw86zJxcXG67777zvhcly5d1KXLyXvlBQQEaMCAARowYMAZl09PT1d6+pmnSoyIiNBjj537y9jz9TUqKkqjRo3yeKx79+7q3r27x2N9+vRRnz59PB578sknz7ueVPaend4GAODicMxRqL+sHqcn2vxKUYFhvu6OW7gtWEcdBYoOrNy96g0ZGt7sGPUBAAAgAElEQVSxr1744SNNGvwHhZwWxhY6S2SarnKPB9sC1DgyQQt3r1PXhp73Dy41XbIaFq3O2eZxz15J2nE4p1L9rAyrYXiM1M5ISNXKX97X4eJ8RQSGuh8/deTvucSHRmpQmx4a1KaHDncbpM6jf6sRnW9UsM3720QcdRQo3Bbs9XoAAAAAAPgS9wAGAAAA4FeOOgr1+xVj9craCb7uilt8UIT2FR26oG3c0+5qpSc00c3j/qjvspbrWEmhCp0lmrtzjW4d/2eNXf3DGdd7ututemLmvzV7xyqVmi4VOks0etlU/WHOx5KkNnGNtHD3eh0tKbvX7ZHiAr3500Q5Smtm6uNGkQmav2utJGnv0QOKDg7XkIxeGvbNa9q4f7ckKbfgsB6f8Z4mb1p81u2Umi797vsP9fOeTSoudciUqUW7NygmOFxBNnul+rav6JDigyp372UAAAAAAHyFEcAAAAAAUM1SQuO041iOWkUkV3obhgy91me4JqxfoPeWfqtHpr8j0zTVMjZZd7XtrQGtrjjjelekpOmVq4fr9cVf6eGpb8tqsahHoww9mzlYktQpqbmGZPTSwC9eUr2AEIUGBOmhzv317KwPKt1Xbzx7xWA9OfPfennhePVt1ll/vPIuPdrlV0oMi9Zvp72t7CP7VS8wRANaXaE+l3Q863YshqFWcSl66cdPtPXgHtksVrWJa6zR/R6TofOPHD6THcdylBIad/4FAQAAAACoRQzTPGWuLQC4SJimKdM05XK5VFpaKqfTKafTqfz8fCUlJV3YdiWZLlMu01RpqUvO0lI5nE45HE6VOEqVu/+A2rdpVnUvBgCAOuyOuS/7uguSpL83G6oAu1V2u012m002q1VWq0UWw5BhKYsPjQpMP3w2C3LW66e8TXqk9Y1V12lUu9fXTVTn2Oa6PL6Vr7sCAABwUdizZ49CQ0Nls9lks9lktVplsVhkGMYFHY8DQF105MiRSq/LFNAAAAAAUM0yohpr+cEsOVw1M60yLpzDVarlB7OUEdXY110BAAAAAMArBMAAAAAAUM3C7MFqF9VEC3LX+borqKAFuevULqqJwuzBvu4KAAAAAABeIQAGAAAAgBrQIzFds/au8nU3UEGz9q5Sj8R0X3cDAAAAAACvEQADAAAAQA3oEH2JbIZF83PW+7orOI/5OetlMyzqEH2Jr7sCAAAAAIDXCIABAAAAoIbclNJV43fM417AtZjDVarxO+bpppSuvu4KAAAAAACVQgAMADXAOOVvAABQWxnVvrfOiGqstlFN9NHWWdXcEirro62z1DaqiTKiGvu6KwAAAAAAVAoBMADUICJgAABqp5rcR9/TtLd25OdoWvbSGmwVFTEte6l25Ofonqa9fd0VAAAAAAAqjQAYAKqDcfo/jXKPAwCAWsQ4+Q/jjI9XrQda9NXk3Us0Z9/q6mkAXpuzb7Um716iB1r09XVXAAAAAAC4IATAAFDFTv2e2DDO/G8AAFD7nG2/XR278PrBUXq8zc36Yvt8RgLXAtOyl+qL7fP1eJubVT84ytfdAQAAAADgghAAA0B1M8q+RDZkyCAFBgCgVjIM4/i+WjU2Y0eTsAQ9l3GrFuSu1382z5DDVVozDcPN4SrVfzbP0ILc9Xou41Y1CUvwdZcAAAAAALhgBMAAUKVOTvhsuB8pS4ANQwTAAADUUoZxIvw13JNAe2bB1bMPrx8cpT+2GyKrYdHIpR9ofs76amkH5c3PWa+RSz+Q1bDoj+2GMPIXAAAAAOA3bL7uAAD4LePkl8kWo2z0r4UAGACAWunUfbX7oq0a3G3f07S3Vh3crq93LtT0PcvUq36GLo9rLbvFWnOduAg4XKVakLtOs/auks2waGjTq5UR1djX3QIAAAAAoEoRAANAtTCOjxoyj4fAhiwWiywWl+w2mw4fPaaI8DBfdxIAAEhqHZQsi6VsX31iv122H6/B+aAlZUQ1VkZUYy07sFVzflmtD7Z8p/ZRqWoZ0VCNwuKVEBSpcHsIoXAFOVylOuoo0L6iQ9pxLEcbDu/W8oNZahfVRDeldFGH6Et83UUAAAAAAKoFATAAVCHDkExTZd8Vmzo+9XPZaCKLxZDVYlFYaIh2ZucopYEIgQEA8LFoa5guj2olq8VSFgIf33frxKwdJ/5Tg6OBO0Rfog7Rl+iYo1CrDm7XpiPZ+ilvk3KKDuuos1BO7hVcITaLVeG2YMUHRSglNE6dY5trWLNrFGYP9nXXAAAAAACoVgTAAFANjON/ld1K0JBhMWQxLbJaTYWHhUiSdu3JVZZzry+7CQDARSvKGqb69ii1q5eqjNgmslotZSOALYb7Fg41PAt0OWH2YF0e30qXx7fyYS8AAAAAAEBdQwAMAFXOPfz3eABcdl9BWQzJtEiS6oWFKDQkSC6XKZdpyjz+Rzo+ghgAgIvE32OG1kg77gG9Z5idw2q1lP33lBHAntM/+zIGBgAAAAAA8A4BMABUsRPTQJ+cObLsC2bJ4l7AMAxZXBa5XK7j4a9kyjwt/CUJBgDgwp0Mb8tG9J4Y3Vt2z98T9/61Wk7+fOoI4BPrAQAAAAAA1BUEwABQLY6PAjYMGcdHA1sskmSRDFMWw5DLYso0LXKZpmSeGv6ap/wNAAAuhHHav4zj03NYThkJbFhOjgg+Ef6eTH1JfwEAAAAAQN1CAAwA1aBsFPDJ8PfETYEtFlOGaco0TFncUz+Xjf49/j8AAFBNju+OPUYBl/9z/PnjazD6FwAAAAAA1DUEwABQTdwhsHHifsCmTBkyjz8u05Qpue/9K3H/XwAAqtOpYW7ZfX51/NYMJ0NhGYS/AAAAAACgbiMABoBq5DES2DjxdfLxkb6GcXzkr8HIXwAAatCpI4GlE7voUwNfwl8AAAAAAFB3EQADQDU7EQJLpvsLZvctgo//eNYAmGQYAIDKO0uI63FfYOP0xQh/AQAAAABA3UYADAA14ETwWzbFs+kOfqWTo4LLnjl9xZroHQAAF4dz71YJfgEAAAAAgH8gAAaAGmScEvqWv9+vSd4LAEC1O228LztfAAAAAADgZwiAAcBHyn/hzDfQAAAAAAAAAADgwlh83QEAAAAAAAAAAAAAQNUgAAYAAAAAAAAAAAAAP0EADAAAAAAAAAAAAAB+ggAYAAAAAAAAAAAAAPwEATAAAAAAAAAAAAAA+AkCYAAAAAAAAAAAAADwEwTAAAAAAAAAAAAAAOAnCIABAAAAAAAAAAAAwE8QAAMAAAAAAAAAAACAnyAABgAAAAAAAAAAAAA/QQAMAAAAAAAAAAAAAH6CABgAAAAAAAAAAAAA/AQBMAAAAAAAAAAAAAD4CQJgAAAAAAAAAAAAAPATBMAAAAAAAAAAAAAA4CcIgAEAAAAAAAAAAADATxAAAwAAAAAAAAAAAICfIAAGAAAAAAAAAAAAAD9BAAwAAAAAAAAAAAAAfoIAGAAAAAAAAAAAAAD8BAEwAAAAAAAAAAAAAPgJAmAAAAAAAAAAAAAA8BMEwAAAAAAAAAAAAADgJwiAAQAAAAAAAAAAAMBPEAADAAAAAAAAAAAAgJ8gAAYAAAAAAAAAAAAAP0EADAAAAAAAAAAAAAB+ggAYAAAAAAAAAAAAAPwEATAAAAAAAAAAAAAA+AkCYAAAAAAAAAAAAADwEwTAAAAAAAAAAAAAAOAnCIABAAAAAAAAAAAAwE8QAAMAAAAAAAAAAACAnyAABgAAAAAAAAAAAAA/YfN1BwDgYrNs2TKNGTPG/XNYWJhSU1N18803Kzo6WpL08ssvq02bNrruuus81v3d736n6667Tt26davRPgO+5nK5NG3aNP30008qKChQYmKirr/+erVs2dLXXQNqndP3MyckJibqmWeeqdG+/PTTT5o3b54ee+yxGm0X8NamTZv07bffau/evQoMDFSHDh3Ut29fBQQEXNB2//KXv6hfv35KT0+vop4Cvnf6fiY8PFypqam66aab3OczFf3dX79+vd5//3299tpr52139OjRioyM1MCBAy/sBfi4DVx8Tq+ZgIAA1a9fXzfccIOaN29eqW1e6DHW2LFj5XK5dOedd1ZqfQAAUPsRAAOAD1itVj311FOSpKNHj2rSpEkaM2aMHn30UR/3DKidPv74Y23fvl0DBw5UVFSU1q1bp/fee08jRoxQampqtbc/btw4HTt2TPfee2+1twVUhVP3MyfYbNV/6P/nP/9Z3bt3V2ZmpiSpcePGMgyj2tsFLsTOnTv17rvvqk+fPho0aJCOHj2qr7/+Wnl5ebr//vsvaNs9evRQw4YNq6inQO1x+vnMlClT9O677+qpp56S1Wrldx84jdVq1ZNPPilJcjgcWrFihd555x09/vjjlaoVjrEAAMD5EAADgA8YhqGEhARJUkJCgvr3769//vOfKiwsVHBwsI97B9QuO3bs0NKlS/XEE08oOTlZktSgQQPt2bNHM2fO1PDhw33aP9M0+fIFtc6p+xlfio+PV3x8vK+7AZzTsmXLlJKSoj59+rgfu+222/Taa68pNzdXcXFxld42s7bAX51+PnPPPffohRde0JYtW9SiRQt+94HTGIah+vXru39OSUnRrl27NHv2bA0ZMsSrbZmmyTEWAAA4LwJgAKgFLJayW7KXlJQQAAOnWb16tZKSktzh7wndunXTunXr3D+vW7dOkyZNUk5OjuLi4tS/f3+1bt1akvTVV1/pwIEDGjZsmKSyKaUfffRRjRgxQk2bNtXLL7+sVq1aaffu3dq8ebNiY2N1++23KyUlRU8//bQKCwslSQ8//LBGjRqlqVOnaufOnQoMDNTGjRv1yCOP6JVXXtHIkSPVoEEDSdKECRO0bds2pr5FrVJYWKinn37a43f122+/VVZWlkaMGKG1a9dq7Nix6tevn6ZOnaqSkhJ17NhRAwcOdF/osHTpUk2bNk2HDh1Sw4YNNWDAABmGoVGjRkmSxo8fr8WLF+uJJ57Q7NmztXDhQvfU0zk5ORo/fry2bdum4OBg9ejRQ7169ZKkCrUNVAeLxaKjR4+qtLRUVqtVkpScnKyHH35YYWFhksp+P7/99lvt27dP0dHRuuGGG9S2bVstWbJEEydO1EsvveT+Pf3ggw8UGhqqW2+9VU8//bRuu+02tWvXzj2qODIyUkuWLFFgYKD69u2ryy67TJLkdDr1xRdfaNmyZQoODtbVV1+t8ePH69lnn60VF3QA51KvXj2FhYVp//79kuTxu2+apqZMmaJFixbJ4XCoWbNmuuWWW1SvXr1y25k+fbrmzJmjxx57TLGxsedsMy8vT+PGjdO2bdsUFRWlvn37qm3btvrkk09UXFysoUOHSioLy55//nndfPPN6tix41nXA2pacnKysrKy3D/Pnj1b33//vRwOh1q1aqWBAwcqJCREa9eu1ZgxY9S1a1ctXrxYd999t/bt21fhYyxJ2rJli8aNG6dDhw6pRYsWKi0t9fjuYfny5ZoyZYoOHTqk+vXra8CAAWrUqFHNvRkAAKDKWXzdAQC42B07dkzTpk1T06ZNFRER4evuALXOgQMH3PeTO1XTpk3Vv39/SWWjhEePHq3OnTvrqaeeUqdOnTR69Gjt27evwu388MMP6tixox599FFFRkbqiy++kCT98Y9/VJcuXZSenq5Ro0YpMDBQkpSVlaXWrVu7RyYnJiZq1apV7u2tW7eOLxNRJxUUFGjVqlX69a9/rVtvvVULFixwX2yxceNGjR07Vj179tTIkSPVuHFjvfvuu4qKitKoUaMUHx+vm266SQ8//HC57RYVFemtt95SvXr19Pjjj2vAgAGaOXOmFi5cWKG2gerSrVs35efn69VXX9Xy5cvlcDhktVqVmpqq4OBg7du3T6NHj1ZmZqaef/55de/eXWPGjNGhQ4eUnp6uwsJCbdu2TZJUWlqqDRs2qF27dmdsa82aNQoKCtLDDz+sSy+9VOPGjVN+fr4k6bvvvtPq1as1ZMgQDRs2TGvXrq2x9wC4UMXFxcrPz1doaGi55xYtWqSFCxfq3nvv1SOPPKL8/Hx9+umn5Zb7+eefNXPmTA0bNuy84W9JSYn+9a9/qWHDhnrqqafUu3dvjRkzRr/88ovat2+v9evXy+l0SpK2b9+uoqIipaWlnXM9oKYdOnTIfSHE3LlzNWfOHN111116+OGHdfjwYff5iFRWY8XFxWe8Bc75jrGKioo0evRopaSk6Le//a3S0tK0adMm9/o5OTn66KOP1KdPHz399NNKSUnRe++9J4fDUQPvAgAAqC6MAAYAH3A6nXr88cfd/w4KCtIjjzzi414BtVNJSYmCgoLOucycOXPUunVrXXXVVZKk3r17KysrS99//70GDx5coXZ69OihTp06SZKuvPJKvf/++zJNUwEBAbJarbJYLO7wVyoLoE/c51SS2rdvr1WrVum6665TXl6ecnJyzhoAANXt1P3MCc8++6xCQkLOu65hGLrnnnsUGBiohg0bavbs2dq9e7fatGmjuXPnqkOHDurataskqX///tq9e7dyc3Pdo0RsNpvsdnu57S5btkwul0u33XabbDabEhMTdeDAAc2cOdO9vXO1DVSXmJgYjRw5UpMmTdL//vc/2e12de3aVddff70CAgIUHh7ucY/GzMxMTZ48WTt37lRGRoZatmypNWvWKDU1VZs2bZLNZlOzZs3O2FZKSopuuOEGSVJcXJxmzZqlffv2KTU1VfPnz1efPn3cFw8NGjRIf/jDH2rmTQAuQEFBgb788kuFhoaqVatW5Z7PyclRTEyM+56lt912m8eoR0naunWrPv30U91+++3lwq0zWb58uex2u/tiwNjYWK1YsULLli3TtddeK5vNpk2bNql169Zas2aNWrZsqcDAQC1evPis611//fVV8G4A5+dyubRu3TqtWLFCd9xxhyTp+++/V79+/dS0aVNJ0o033qjXXnvNPT201WrVoEGD3LOHnep8x1jLly+XxWLR4MGDZbVa1bBhQ23cuNG9fm5urgzDUJs2bRQcHKz+/fsrISFBDofjjMd0AACgbiAABgAfsFqtGjlypKSyK3nnz5+vd955R8888wxTQAOnsdlsKi4uPucy2dnZ7ik0T7jkkku0cuXKCrdzau0FBASotLRUTqfzrF96nJgm9IQOHTpo6tSpOnDggNauXauGDRsqJiamwu0DVenU/cwJkZGRKikpOe+6p1/sEBAQ4F4vJyfH476OhmHooYceqlCfsrOzlZKSIpvt5ClIamqqJk6c6N7+udoGqlN0dLTuvvtu5efna8mSJZoxY4Z27dqlESNGKCQkRFlZWRo/frxycnLkcrlUXFzsHl3Yvn17TZs2Tf3799eaNWuUkZFxxi/oJc99jd1ul2EYKi4uVklJiY4cOaKUlBT382fbBlAbnH5Ba0xMjIYPH66AgIByy54IoP76178qPT1d7dq1U5cuXdzPm6apDz/8UPHx8erQoUOF2s/OzlZubq6efPJJjz6FhITIYrEoPT1dq1atUuvWrbV69Wpdc801510PqE6n1ozL5ZLNZlOfPn3UsWNHFRYW6sCBA/rkk088Rse7XC4dOnRIUtkx19n2C+c7xsrNzVWDBg08zl+sVqtcLpckqXnz5mrSpIn+9Kc/KSMjQ2lpabriiiu4BQcAAHUcATAA+IBhGB73cmvYsKFGjhypNWvW6NJLL5XdbldpaWm59ZxOp8dJHXAxiI6O1vr168s9vn37dm3cuFF9+vSRzWYr94WIy+VyfzlfE+Lj49WgQQOtWrVK69evZ/QvfOr0/UxVOf3CB2+cqU5N05Rpmmfc5wE1Zfv27YqJiVF4eLhCQ0N15ZVXKiUlRW+88Yays7NlmqbGjBmjIUOGKC0tTVarVc8++6x7/fT0dH322Wf65ZdftGbNmgrPPHEqwzDcf4C64NQLjRYvXqwVK1YoKSnpjMvGx8fr+eef1/r167Vu3Tq9+eabyszMVL9+/SSV7QtSU1O1bt06zZs3z2OGlXNp0qSJbr/9do/HTlxE1L59e40dO1Y5OTnav3+/0tLSKrQeUF1OrZmAgABFRkaW+8y/88471aBBA4/HIiMjzztFeUWOsc71PYLdbteIESO0fft2rV27Vl988YWio6P10EMPXdCxHwAA8C0uKQaAWsA0TUknR3okJCRo165dHsvs379fhYWF1fKFPlCbtW7dWnv27NGePXs8Hp87d657+sDExERt377d4/lt27a5v4gMCgryGEVcXcFwhw4dtHTpUm3dupUAGLVSQECAe8ThCd6ErwkJCcrOzvZ4bNKkSdq7d68knTO8ql+/vnbu3OnRXlZWliIjI5n9Aj716aef6ocffvB4LDIyUlLZxUSbN29WXFyc2rZtK6vV6p4h4oTAwEC1bNlSU6ZMUUlJyVmnfz4Xu92uiIgIj+M/LoxAbXbiQqOEhARde+21cjqdmj179hmX/fHHH5WVlaW0tDQNGjRIgwcP1g8//OBxDnT33Xfrpptu0jfffKPc3Nzztp+QkKB9+/YpIiJCsbGxio2NVXh4uMLDwyWVjWgsLS3V5MmT1bJlS/ftRM63HlBdTq2ZqKgoj2Om4OBg1atXTwcOHHD/Xp743axIAHu+Y6z4+Hj98ssv7pqT5PHvtWvXatGiRWrcuLH69u2rxx9/XFu3btWOHTuq6NUDAABfIAAGAB8wTVN5eXnKy8vT7t279cknn3jcL6579+7avHmzJk+erN27d2vjxo368MMPlZqaqsaNG/u490DNatq0qdLS0vThhx9q48aNys7O1syZM7Vs2TL3dH49e/bUqlWrNGfOHOXk5GjWrFnasGGDevToIUlq0KCBsrKytGbNGu3evVufffaZV30IDQ1VdnZ2uS9WTte+fXvt3LlTcXFxiouLq/yLBqqJ1WpV/fr19cMPP2jPnj1avny5Fi5cWOH1e/TooZ9//lmLFi1SXl6epkyZogULFigiIkJSWa1s3rxZ+/btK7dux44dZRiGPv/8c+3bt0+rV6/WzJkz1bNnzyp7fUBl9OrVS7Nnz9asWbOUnZ2trKwsffbZZ0pISFBSUpLi4uK0d+9eLVmyRFlZWfrwww89poCWyj7/V65cqfT09EqPlurWrZumT5+u1atXa+fOnRo3blxVvUSgWgUEBKhv376aOXOmjh07Vu753Nxcff7558rKylJeXp7WrVunuLg4jwDMYrGoW7duatasmT7++GP31LRn06lTJ1mtVv3vf//T3r17tWPHDr366qtasWKFe3sZGRlauXKlx0V551sP8JWePXtq+vTpWrZsmfbv368ZM2bo9ddf9whqz+Z8x1jt27dXUVGRpk+fruLiYm3dulVr1qxxr+90OjV+/HgtX75cBw4c0IoVK2S1WrmdDQAAdRzziAKAD5SWluqll16SVDYysWHDhnrggQdUr149SVJSUpIefPBBffvtt/rxxx8VEBCgtLQ03Xjjjb7sNuAzd999tyZPnqyPPvpIDodD9evX1/Dhw3XJJZdIKgt4hw4dqkmTJmnixIlKTEzU/fffr+TkZElSRkaGLrvsMn388ccKDAzUFVdccdZ7+55J586dtXz5cv3rX//SCy+8cNblYmJi1KBBA7Vt2/bCXjBQjW699VZ99tlnev3115WcnKyMjAzl5eVVaN0mTZpo8ODBmjp1qsaNG6fk5GQ9+OCD7nsnXnXVVfr000/1ySef6NFHH/VY126364EHHtAXX3yhUaNGKSwsTNdcc437Qg3AVzp37qzAwEDNmjVLU6dOVVBQkJo3b67BgwfLarUqLS1NvXr10oQJE2Sz2ZSZmanS0lIVFha6t5GWlia73X5Bsz/06tVL+/fv10cffaTw8HB17dpVGzZsYFpo1AmdO3fWjz/+qClTpmjQoEEez/Xr10+lpaUaPXq0HA6HGjdurKFDh55xO4MHD9bf/vY3fffdd+4L/c4kMDBQv/nNb/Tll1/q5ZdfVkhIiLp27aqMjAz3Mh06dNBPP/3kMf1zRdYDfOHKK69UcXGxJkyYoIKCAqWkpGjIkCEV2gec7xgrMDBQ9913nz7//HPNmjVLTZo08Zitom3btjp48KC++eYbHTlyRHFxcRo6dKj7Aj8AAFA3GWZFLiUDAD9z4n44LpfLPY2f0+lUfn7+We9dBQDn43A49Pzzz+vRRx9lunYAgFdKS0tlsVjcX/Zv2bJFb731lv7xj394ddESAABAXbZnzx6FhobKZrPJZrPJarW6j5G4MA7AxebIkSOVXpcRwAAAAFUgOztbc+fOVWJiIuEvAMBrM2bM0P79+3X11VeruLhYX3/9tdLT0wl/AQAAAABeIwAGAACoAu+//75CQkLOOqUhAADnkpmZqYkTJ+q1116TxWJR69at9atf/crX3QIAAAAA1EFMAQ3gosQU0AAAAAAAAEDtwhTQAHDShUwBbanCfgAAAAAAAAAAAAAAfIgAGAAAAAAAAAAAAAD8BAEwAAAAAAAAAAAAAPgJm687AAAXq6KiIhUWFsrhcIjbsaOuMAxDdrtdwcHBCgoKqtG2qRnURdQM4B1qBvAONQN4h5oBvOPLmgEAXBgCYADwgaNHj8rhcCg0NFQBAQEyDMPXXQIqxDRNlZSUKD8/Xw6HQ+Hh4TXSLjWDuoqaAbxDzQDeoWYA71AzgHd8VTMAgAvHFNAAUMOKiorkcDgUFRWlwMBATvxQpxiGocDAQEVFRcnhcKioqKja26RmUJdRM4B3qBnAO9QM4B1qBvCOL2oGAFA1CIABoIYVFhYqNDSUkz7UaYZhKDQ0VIWFhdXeFjUDf0DNAN6hZgDvUDOAd6gZwDs1WTMAgKpBAAwANczhcCggIMDX3QAuWEBAgBwOR7W3Q83AX1AzgHeoGcA71AzgHWoG8E5N1QwAoGoQAANADTNNkyt/4RcMw5BpmtXeDjUDf0HNAN6hZgDvUDOAd6gZwDs1VTMAgKpBAAwAAAAAAAAAAAAAfoIAGIWPHbIAACAASURBVAAAAAAAAAAAAAD8BAEwAAAAAAAAAAAAAPgJAmAAAAAAAAAAAAAA8BMEwAAAAAAAAAAAAADgJwiAAQAAAAAAAAAAAMBPEAADAAAAAAAAAAAAgJ8gAAYAAAAAAAAAAAAAP0EADAAAAAAAAAAAAAB+ggAYAAAAAAAAAAAAAPyEzdcdAACcWU5OjtavX68jR47IYrGoXr16Sk1NVYMGDXzar+nTpyszM1MhISE+7QdwOmoG8A41A3iHmgG8Q80A3qFmAABAVSIABoBa6NChQ/r555/VsWNHxcfHy+Vyaf/+/dq9e7fPT/6A2oiaAbxDzQDeoWYA71AzgHeoGQAAUNUIgAGgFtq1a5eaNGmihIQESZLValV8fLzi4+N93DPUJUuXLtXSpUvPuUzHjh3VsWPHGupR9aFmUBWoGWoG3qFmqBl4h5qhZuAdaoaagXcuppoBAJwfATAA1FIOh+Ocz5umqQ0bNmjHjh1yOp2qV6+e2rRpo5iYGElSfn6+1q5dq5ycHJmmqcjISLVr107h4eGSpMLCQs2bN0/p6elau3at4uPjlZ6eLknavHmztm3bpuLiYgUHB6tVq1YeVx0XFBRo5cqVysvLk2EYatSokdq0aSOLhVvL1yYnTurOdgLobyd+1AwuFDXjiZrB+VAznqgZnA8144mawflQM56oGZzPxVYzAIBzs7744osv+roTAOArpmnKNE25XC65XC45HA73yVF1yc/PV1hY2DmXCQ4O1sqVK1VcXKyQkBAFBgaWW2blypUqKSlR165d1apVK4WGhmrp0qWKj49XYGCg9u7dq5iYGLVt21YtWrRQaWmp1qxZo9TUVEmS0+nUxo0bVVBQoE6dOik5OVmStGrVKh08eFCXXXaZ0tLSFB0drVWrVql+/fqy2+3aunWr9uzZozZt2qh9+/Zq0KCBtmzZIofDodjY2Kp/w3BBkpKSJEl79+71eLyqTvwq8vtcE21QM6gq1MxJ1Awqgpo5iZpBRVAzJ1EzqAhq5iRqBhXhDzVz9OhRBQQEyGKxuP8YhuH+AwAXk+Li4kqvy2VaAFAL1atXTz169FBJSYlmz56tGTNmaP369SopKZEkFRUVad++ferQoYPsdrskKTY2Vmlpadq8ebMkqVGjRkpMTJTVapVhGEpNTVVpaamKiorc7TidTrVv39598F5UVKSdO3fqsssuU0hIiCQpMjJSvXr1UnBwsHu9li1bKj4+XoZhKCwsTOnp6crOzq6R9wbeO/1Ezx+v+qVmUJWoGWoG3qFmqBl4h5qhZuAdaoaagXcuhpoBAJwfU0ADQC1Vr149derUSaZpKjc3V5s3b9bu3bt15ZVX6uDBg8rPz9fcuXM91nE4HAoKCpJUNr3TmjVrdPToUfe0TPn5+SouLnYvExAQ4HHl5sGDBxUdHS2bzXP3cPoVliemmDohLCzM46QStc/pJ3/+iJpBVaJmqBl4h5qhZuAdaoaagXeoGWoG3rkYagYAcG4EwABQyxmGofj4eMXHx2vevHnKzs5WYGCgGjZsqM6dO591vZ9++kmNGjXSpZde6n7s+++/91jm9JO8irJarR4/WywWmaZZqW2h5lwsJ33UDKoKNUPNwDvUDDUD71Az1Ay8Q81QM/DOxVIzAIAzYwpoAKiFnE7nGR8/cdVuVFSU8vLyyi136gnYoUOH3Pf0OaGgoOCc7UZFRenAgQNyOBxn3S5QG1EzgHeoGcA71AzgHWoG8A41AwAAqhoBMADUQsuWLdPKlSt19OhRSZLL5dLu3buVk5Oj+vXrKygoSMnJyVq0aJGOHTsmSTp27Jjmzp3r/jkiIkJ79+51b3Pjxo3u+wedTVBQkBo1aqTFixcrPz9fUtmUULNmzVJhYWF1vFSgSlAzgHeoGcA71AzgHWoG8A41AwAAqhpTQANALdShQwdt3rxZixcvVkFBgQzDUHR0tLp166bAwEBJUnp6ujZv3qwFCxaoqKhIQUFBatasmft+Pp06ddKyZcu0efNmWSwWJScnl7tvz5mc2O68efNUXFyskJAQtWrVSsHBwdX6moELQc0A3qFmAO9QM4B3qBnAO9QMAACoaobJnB4ALkKmaco0TblcLpWWlsrpdMrpdCo/P19JSUnV2va+ffuUkJBQrW0ANaUmfp+pGfgTagbwDjUDeIeaAbxDzQDeqYnf5z179ig0NFQ2m002m01Wq1UWi0WGYcgwjGptGwBqmyNHjlR6XaaABgAAAAAAAAAAAAA/QQAMAAAAAAAAAAAAAH6CABgAAAAAAAAAAAAA/AQBMAAAAAAAAAAAAAD4CZuvOwAAAAAAAAAAAAAAKG/FihUVXrZdu3aSGAEMAAAAAAAAAAAAAH6DABgAAAAAAAAAAAAA/AQBMAAAAAAAAAAAAAD4CQJgAAAAAAAAAAAAAPATBMAAAAAAAAAAAAAA4CcIgAEAAAAAAAAAAADATxAAAwAAAAAAAAAAAICfIAAGgBpmGIZM0/R1N4ALZpqmDMOo9naoGfgLagbwDjUDeIeaAbxDzQDeqamaAQBUDQJgAKhhdrtdJSUlvu4GcMFKSkpkt9urvR1qBv6CmgG8Q80A3qFmAO9QM4B3aqpmAABVgwAYAGpYcHCw8vPzuQIYdZppmsrPz1dwcHC1t0XNwB9QM4B3qBnAO9QM4B1qBvBOTdYMAKBqEAADQA0LCgqS3W7XwYMHVVxczEkg6hTTNFVcXKyDBw/KbrcrKCio2tukZlCXUTOAd6gZwDvUDOAdagbwji9qBgBQNWy+7gAAXIzCw8NVVFSkgoICHT58mBNA1BmGYchutyskJKRGT/yoGdRV1AzgHWoG8A41A3iHmgG846uaAQBcOAJgAPCRoKAgDp4BL1AzgHeoGcA71AzgHWoG8A41AwAAahJTQAMAAAAAAAAAAACAnyAABgAAAAAAAAAAAAA/QQAMAAAAAAAAAAAAAH6CABgAAAAAAAAAAAAA/AQBMAAAAAAAAAAAAAD4CQJgAAAAAAAAAAAAAPATBMAAAAAAAAAAAAAA4CcIgAEAAAAAAAAAAADATxAAAwAAAAAAAAAAAICfIAAGAAAAAAAAAAAAAD9BAAwAAAAAAAAAAAAAfoIAGAAAAAAAAAAAAAD8BAEwAAAAAAAAAAAAAPgJAmAAAAAAAAAAAAAA8BMEwAAAAAAAAAAAAADgJwiAAQAAAAAAAAAAAMBPEAADAAAAAAAAAAAAgJ8gAAYAAAAAAAAAAAAAP0EADAAAAAAAAAAAAAB+ggAYAAAAAAAAAAAAAPwEATAAAAAAAAAAAAAA+AkCYAAAAAAAAAAAAADwEwTAAAAAAAAAAAAAAOAnCIABAAAAAAAAAAAAwE8QAAMAAAAAAAAAAACAnyAABgAAAAAAAAAAAAA/QQAMAAAAAAAAAAAAAH6CABgAAAAAAAAAAAAA/AQBMAAAAAAAAAAAAAD4CQJgAAAAAAAAAAAAAPATBMAAAAAAAAAAAAAA4Cdsvu4AAODClJSUqLCwUMXFxXI6nb7uDgAAgNdsNpsCAwMVHBysgIAAn/aFYysAZ8NnFYC6ojZ9XgEAfIMAGADqsMOHD6uoqEihoaGKjo6W1WqVYRi+7hYAAECFmaap0tJSFRUV6eDBgwoKClJERIRP+sKxFYCz4bMKQF1Rmz6vAAC+wxTQAFBH7d+/X6ZpKj4+XmFhYbLZbJz0AwCAOscwDNlsNoWFhSk+Pl6maWr//v013g+OrQCcC59VAOqK2vJ5BQDwLQJgAKiDDh8+LKvVqsjISE72AQCA3zAMQ5GRkbJarTp8+HCNtcuxFQBv8FkFoK7w1ecVAMD3CIABoI4pKSlRUVER0/cAAAC/FRERoaKiIpWUlFR7WxxbAagsPqsA1BU1+XkFAKgdCIABoI4pLCxUaGgoV3wDAAC/ZRiGQkNDVVhYWO1tcWwFoLL4rAJQV9Tk5xUAoHYgAAaAOqa4uFhBQUG+7gYAAEC1CgoKUnFxcbW3w7EVgAvBZxWAuqKmPq8AALUDATAA1DFOp1NWq9XX3QAAAKhWVqtVTqez2tvh2ArAheCzCkBdUVOfVwCA2oEAGADqIKb9AgAA/q4mj3c4tgJQWXxWAagr+AwBgIsLATAAAAAAAAAAAAAA+AkCYAAAAAAAAAAAAADwEwTAAIBa4/d/+JPu/81D7p/79r9ZH3z4kQ97dGYzvpulth0vO+cyp78WAACAs7nuhpv07//897zL1dZjIwAAAABA7WLzdQcAALXHjh07ddXV17p/NgxDUVFRapuRrnvvuUvdLu9a4W2tWbtOPy9dpnvuGlLhdbp166pDBw9VePmdO3fprbff1dx587X/wAHFxsbqqh7dNeKh3ygxMbHC26kO3r4WAADgf04/trJarYqPj1Pvnj312CO/VUREPUnSjf1vUPt2bWusX9NnzJTValPvXldVeJ3KHNsBqBvS2nZUQWHhGZ+7847b9Yff/66Ge1SmIp87GzZu1Kh/vKqly1eo1OlUSkqK+t1wnYbdO1R2u53POwAAcNEiAAYAlPPB6PfUpFEjmaapnNxcTZs+Q/fc92s9PfJx3Tf0ngptY+26dfrwo/95ddJ8Te9eFV52xcpVumvoMLVo3kxPj3xCjRqlaHd2tr6eOElPP/eCPvzP+xXeVnXw5rUAAAD/9u7bb6pFs2ZyOJ3ampWlV159XQ+O2KqxH5WN+v3Nr4fVaH+mzZipwMBArwKRyhzbAagbpkz+WqbLlCQNvX+4ru1zjW4dOECSVK9euM/6db7Pnfz8fN1x51BlZl6hz8Z+pKCgQG3avEXf/zBbNlvZV5583gEAgIsVU0ADAMpJSkxUo0Ypaty4kTpf2kkv/O5ZvfqPv+mvf39ZO3bslCQ5HA69/Orr6nrFlWrTtoMGD7lba9aukyS99Oe/6pnnXtDOnbuU2ry1evfpK0nauGmTHvi/h9X1iiuV1q6Tbr/zHm3YuNHd7kt//quGP/h/5+1faWmpHnn8SfXofoXGffqxbux/g9q1zdAN11+n0e+9rffeftNjmyMeeUzP/u736nBpV61avUZ//NNfdNXV16p1Rgf16dtf06bPcC9/5MhRpTZvrS8nfK3+v7pFLdPa6cpeffTBf8fINE2Pfnzw3zHKvKq3Wqa1080Db3W//jO9lkOHD+u5519Upy5XqHVGB91+5z1at36DN/+3AACAOqpxSooaNUpR00tS1efq3vrbX/6khYsWKzt7jyTPqZ3Xrd+gwUPuVqv09urY+XLdfe/9ytq27YzbnfD1N2rb8TIt/mlJuefOtp2+/W/WxG8ma9wXXyq1eWv97oUXJZ37OO1sx3a7s7OV2ry1fvnlF4+2L8+8Sl9PnOT16wHgGynJyWrUqOxzym63Kyoy0v1zVFSUvpv1g2674y61v7SLOl7WTY8+MVKHDh92r9+3/816/Z9v6a6hw9TrmusllZ0vvvLaG7o88yq1Sm+vW24boq8nTlJq89YqLi52L+PtOeWpNm/ZqoOHDum5p0eqVcsWatK4sfpc3Vt//8ufZBgGn3cAAOCiRgAMAKiQfjf0VUpKsqZMmyZJeuHFlzRt+ky9985b+n7mNHW5rLOG3D1U+3Jy9OzTI/XiC88pMSFB61cv19TJX0uSdu3KVquWLfTf/7ynyV9/qYiICD044hGv+7J02XLt2rVbzz/3jAzDKPd8YGCgx8/fTpmmkpISfTD6PUVHRym/oECvjPqbZk6drP439NXDjz2p3dnZHus8+dSz+vWwezVr+hQ9+vAIvfzaG3rv3/9xP3/06FF99/0PeuPVl/XluE8VFRmp4Q/+n0pLS8v1p7S0VHfdc5/Wrlun/7z/jiaM/0wtWzTXa2+8WW5ZAADg/0JDQyRJJY6Scs/99pHH1fSSVH037Vt98flY9ci8QvUT65db7sOPPtbzL/5R77/zli7rfGmFt/P1l+N0bZ9rdGP/G7R+9XL94ffPSzr3cdrZju0qoqKvB0DttWnzZg381c2a+OUX+uDf72rt2nUa9Y9XPZb551tv6/KuXfTuv/4pqex8cdK3U/TGay9r8fwf9Ztf36fHnnzKY53KnFOe6pLUJoqNjdFzL/xeK1etLncuxucdAAC4mDEFNID/Z+/O46Oq7v+Pv+7sWWdCErKHfY+KgogGouLaqrUWte1PKxWqVmsrVtva1q/autX6VVGrVK22al1qtVq/aGtFqSwKKiqyb2EJIYHsySSZySz39wcYDQkkhCQ3y/v5eMwD5t5zz3nfEJI785lzrkiH5ebkUFq6l5qaWl7+x6u8/urLjBs7BoDrfvwj1qxdx8uvvMqPrr4Kt9uNy+1qUYw9/bRTWyy9deNPr+OMs8+loqKS5ORBHc5RWlpKbGwsg1NTW+1bv2Ejb/7r39xw/XXN27KyMrnn7juw2+0A3HPXHc37fnT1VTz97F9ZtWo12VlZzdt/dsNczv3615qP99fXM++hh1ss0Tjv/nubM9x2y82ccvpZFG7bzqiRI1pkWrJ0GVu2FvL+kkX4vF4Abrn5V61mFIuIiEj/ZpomO3bs5I677mHUyBEMHTKkVZtINIJpmsTEeMjKymT4sGGt2jz48CM8+PAjvPDXp9ss/rbXj3v/NdrhXKe1dW3XER05HxHp3a754ZXNf8/NzWHWZd/j6WeebdHmm+ef1/xa6YvXi8/8+U8cP3kSAKfNOJUr5lzOE0/+uUWbw31N+VUJCQm8/LfneWT+Y8z+wVWEIxHyTzqR2d+/jMmTjsPpdOrnnYiIiAxYKgCLiEiH7Swq4oQpk9mzZw+RSIQrr/4RbteXL4p3FReTmXHwTzhvLSzk9jt/x+YtW7DZbJSW7gHA7/cfVgE4PT2dhoYG9paVtSoCb9++g+df+FuLAvDoUaOai7/19fX89s67+eCDFZjsK8CWl1fgr/e36OeYo49u8XzC+HFUVFQ2L1cWFxfXYuy0tMHN/R9oZ1ERWZmZzcXfL7Q1e1lERET6n7PPPR+Xy0VT074Zv3l5E3jisUfbvBa45647uOfe+zgh/2RSU1M5/bRTuelnNxAbu2/W8L33PdBi+dSDaa+fA3XVdRpANBrtdA4R6X3eeXcRD/1hPuUV5dhsNoqLd5OeltaizbixY5v//sXrxdGjRrVok5c3oVWbw31NeaDcnBzuuesOzDtNNmzcxCuvvsYll13O0089wdQTprR5jH7eiYiIyECgArCIiHTI/y14g507i/j62WeTlJSE3W7ngf/9PZMnHddme4PWb2jectvtDMnN5cnH52O32ykpKSX/5BmHnWXScceSnZXF7XfezUMP3NfqzdNItOXSXw6HvfnvT/3lGdasWcu/FrxGXFwcAKecdlarMd7/YDknnTi1+fmaNWtJSUlu/hS4zdb2XRTamtWbm5ND8e7dVNfUtCgCm6apIrCIiMgA8MhD8xg9eiQ2m43rfvozRgwfRm5OTpttpxw/mVdeeoFAIMDqNWv5xa9u5jGfj+uv+zEAwWCQ//xrAf949TWu++nP+L9XXyYzs3Wx5FD9tHX90d51WlvXdl9cS+3ZW0Z6ejoAVdXVVFRWdvh8RKR3CwaD/OT6G7jjN7dxwTe/Aey7//i99z3Qot0XH7iFfR/YtdvtfLZqFafN+HKm7X/fW9yqzeG+pjxQNBrFZrNhGAbjxo7h5l/+gg8//IgPlq9g6glT9PNOREREBizdA1hERFrZXVrKjh072b59Bx99vJLb77ybG37+S371i58xZEguiYkJ/L/vfJurr/0JC99ZxK7iYt5bvJQf/eR6GhsDAGRkpFNauoc1a9aydt365k9GG4aBYRiEQqFO3wPXbrfzwH2/57/vLeHb/+97LHjzX3y+eg1vL3yXO+7+HbW1de32Yewv4L7x5r/ZWVTUav+jf3ycBW/+i+Li3fzz9QXcdc+9zP7+rE7lnT4tn5EjhvP92Vfw+eo1bN68hV//z21cdc21nepPRERE+pYRw4cxYvhwhg0dyqMPz2PhO4v491v/adXONE1u++2dLPrve1RUVJKYmIDT6WzxAbPrr/sxI0cM54brr2PC+HFc8+PrWs0Ebq+fjPQMVq1aze7dJWzYuLH5uENdp7V1bZfk8zFh/DjuvudePl+9htVr1nD1j37SfB/OjpyPiPQNXxRSq6qrmffQHw7ZNjExgW9fNJMbf/FL3vrP2+zcWcSLL/2dV197vUWbzr6m/MLSZe/zrYu+wz9fX0Dhtm3s2LGT5174Gxs2bmpeHl8/70RERGSg0gxgERFpZfYPrgL2vSj2+Xwcc/RR/PlPj5F/0onNbW65+ZekpQ3mjrt+x+6SEjLS07nm6iuJifEAMC3/JC44/xt859JZ+HxeXvjr09z2P7/mlt/czrSTT8PldnH+eed2OuNxx05kwWuv8PAj87n9zruprKwiNSWFadNO4uqrrjjocZfP+h5btmzljLPPwTAMpk6Z0uqevQC/vfV/+NOTf2bDxk2kp6Vx4/XXcfn3L+tUVrvdzjN/eZLf33s/s6/4IfX19Rw78RhuufmXnepPRERE+q7srCz+51c38etbfsPkSZNISUlu3hcMBnE4Hdx9z70U7SomLi6Os844nR9+5drmi1lodrudh+bdx/kXXMRvbr+TO357W4f7uXzW9/j0s884/exzyJswnr89/2y712ltXdvlZGfzhwcf4OZbf8N3LrmMhIR4Zn3vUqqqqzt8PiLSu7ndbu6/9x7mPfQIv7/vAbyJiZxycgFvL3znkMfddsvNJCUl8Zvb76Kqupqjj8rjlpt/xZ1334PDse/tyM68pszJzm4e44Qpx/P1r53Nk3/+C1sLCzFNGDliOPf/7z3Nqznp552IiIgMVIapj6KJyABkmiamaRKNRolEIoTDYcLhMPX19WRmZlod75B2797d6zP2ZbW1dUycfAIL/vkPxo8b2/4BIiIi0m164rpH11YicqT0s6q1tm538/yLL/H4n57kvwvfsiiViPSFnyW7d+8mLi4Oh8OBw+HAbrc3L/Wu22iJyEBTW1sLwGeffdbhYyZOnAhoBrCIiIiIiIiIiIh0oTvu+h11fj/f/MZ5ZGZksGHjRh56+JFOr6okIiIiIodHBWARERERERERERHpMhec/w0efewJrvvpjdTV+cnOyuL7s77HD2Z/3+poIiIiIgOCCsAiIiJfkZiYQOGmdVbHEBERERER6bPy8ibw6MPzrI4hIiIiMmDZrA4gIiIiIiIiIiIiIiIiIiJdQwVgEREREREREREREREREZF+QgVgEREREREREREREREREZF+QgVgEREREREREREREREREZF+QgVgEREREREREREREREREZF+QgVgEREREREREREREREREZF+QgVgEREREREREREREREREZF+QgVgEREREREREREREREREZF+QgVgEREREREREREREREREZF+QgVgEREREREREREREREREZF+QgVgEREREREREREREREREZF+QgVgEREREREREREREREREZF+QgVgEREREREREREREREREZF+QgVgEREREREREREREREREZF+QgVgEREREREREREREREREZF+QgVgEREREREREREREREREZF+QgVgEREREREREREREREREZF+QgVgEREREREREREREREREZF+QgVgEREREREREREREREREZF+QgVgERHpMnv37uWGG27gvPPO46qrrmLz5s3N+1544QUuvPBCLrjgAh566CGi0SgAc+fO5dJLL8U0zRZ9LVq0iDPOOINPPvmkR89BRERERERERERERKQvUwFYRES6zO9+9zumTp3Kq6++yrnnnssrr7wCwKeffsobb7zBI488wnPPPcf27dtZsGBB83HRaJR169a16GvRokUkJyf3aH4RERERERERERERkb5OBWAREekSJSUllJSUcOGFF+JwODjvvPO46aabAFiyZAnnnnsuaWlpxMbGcvHFF7N48eLmYydPnsy7777b/Nzv91NYWEhOTk6Pn4eIiIiIiIiIiIiISF+mArCIiHSJwsJCsrOzeeCBB7jkkku48cYb2blzJwDFxcVkZ2c3t83KymLXrl3Nz6dOncrSpUuJRCIALF26lBNPPLF5mWgREREREREREREREekYh9UBRESkf6ivr2fdunVccsklXH/99bz22mvceeedPPbYYwSDQVwuV3Nbl8tFY2Nj8/PExERGjhzJypUrmTJlCosWLWLWrFkUFhZ2KsvKlSuP+HxERET6s0mTJlkdQURERERERES6iQrAIiLSJeLi4sjNzWXixIkAfPOb3+Txxx+npqYGj8dDfX19c9v6+npiYmJaHD9jxgzeeecdRo8eTWlpKePHj+90Fqvf1N6wYQNjx461NENbSktLCYVCvXJp7c2bN5OamorP57M6SiurVq1iwoQJOBy967IpEAiwZcsW8vLyrI7SSnl5OXV1dQwbNszqKK1s27aNhIQEUlJSrI7Sypo1axg5ciQej8fqKC2Ew2HWrl3LMcccY3WUVqqrqykrK2PUqFFWR2mlqKgIp9NJenq61VFa2bBhg9URRERERERERKQbaQloERHpEhkZGdTW1jY/N00TAIfDQXZ2NkVFRc37duzYQW5ubovj8/Pz+fTTT1m0aBEnn3xyz4QWEREREREREREREelnVAAWEZEuMXz4cOLj4/n3v/+NaZq89tprDBs2jLi4OE455RTeeust9uzZg9/v55VXXuHUU09tcbzH42HixIm89NJLrfaJiIiIiIiIiIiIiEjH9K61DEVEpE+76aabuPfee3nssccYMmQIN910EwB5eXl861vf4tprryUcDnPmmWdy9tlntzp+xowZbNu2rVcuGysiIiIi/Z0JZhQwMKMNmOEazFAFZlMZ0aa92Dy51JnjSGgI4H/7XWzeROw+H/YkH3afF5vXiy0hHqJRzEgE2wG3PBEREREREekpKgCLiEiXGTZsGI8++mib+2bOnMnMmTNbKX4imwAAIABJREFUbZ83b17z36dOncrUqVObn993331dH1JERERExIyCYRAN7CRS9zmRuk+J1H1GpKEQM1Te5iHu7CsJxAzBU7SbslvvOGjX9pRkXMOG4s4bT+xJU3HnjceRkY4ZjWLY7d11RiIiIiIiIs1UABYRERERERGRAcAkGiwlXL2UUOkLhGs+AsyOH22GsRlGu+0i5RU0llfQ+NFKqv/87L6NhkHM5OOI/9pZxJ6cj2v4MKLBoGYJi4iIiIhIt1ABWERERERERET6n2gT2JxE/GsJ7X2VppLnMCP+zvdnhrHZOnusSeNHK2n8aCUAtvh44k47Be93LyJm6hQwTTrfuYiIiIiISEsqAIuIiIiIiIhI/xENEGncRtPupwnteRkzGuiafs1Ih2YAd0TU76funwuo++cCDI+HxG9fSNLll+LIzsZw6q0aERERERE5MnpVISIiIiIiIiL9gEm48l0C239PxL+2G7oPY9i6pgDcottAgJqn/0rN03/FPX4sg679IfFfPwszEsFw6G0bERERERE5fHolISIiIiIiIiJ9lxkmVL6Axs03Y4aru3GcCE6Hvfv6B4LrNlByzVzsPi9JV/0A3w9m7SsCa3loERERERE5DHoFISIiIiIiIiJ9jxklVPYatcvG0bD+2u4t/gKmGcbWDTOA2xKprqH8nvvYevQUqp95HqLRHhlXRERERET6BxWARURERERERKTviDYRrnyH2hXH7Sv8Rht7ZlwzgtFF9wDu8JCNAcpuvYPC46fj/89CzEikR8cXEREREZG+SQVgEREREREREen1zEgDkfoN+D+/iPo1szCbyns4QJieLf9+KVJeQckV17Lr4u/RtG07ZjhsURLpCxoaGvjlL3/JFVdcwW233UZ4//fLM888ww9/+EOuvPJKNm3aBMDu3buZO3cuc+bM4cEHH8Q0TQAuvPBCXnrppRb9zps3j7lz5/bsyYiIiIhIp6gALCIiIiIiIiK9nEnTrvn4V55OpHalRREi9PAE4FYCH3/CjlPOpuK+h2B/oU7kQC+//DJTpkzhiSeeYNiwYWzcuJHVq1ezfv165s+fz69+9Sv++Mc/AvDAAw9w1VVX8eSTT1JbW8uqVasASEpKYsWKFc19mqbJ1q1bLTkfERERETl8KgCLiIiIiIiISK8VbdhC3cenENjxgKU5TDOM5RXg/aoefZwdp51DcPVazQaWVpYvX85ZZ50FwKxZs5gwYQKrVq1i+vTpGIbB0KFDqa2tpaGhgZKSEsaNGwdAQUEBH3/8MQCGYeDxeNizZw8Aq1evZujQodackIiIiIgcNhWARURERERERKT3MaM0lT5P3cenEG3oBTMPzXBvqf8C0LS1kJ3nzqTm6edUBJYWAoEA//znP/nZz37GvHnzCIVCVFRU4PP5mtt4vV6KioqIj49v3ubz+aisrAT2zfidNm0aS5YsAWDJkiXk5+f37ImIiIiISKc5rA4gIiIiIiIiItJCtImG9VcRqnjb6iRfMiMYlt0F+ODKfns3jR9/QvqD92K4XFbHkV6goqKCo446iu9+97s8/PDDvPnmmzidzhZtTNNsc5vxlU85TJs2jVtvvZWZM2eyceNGLr300g6Nv3KlRcu0iwwAkyZNsjqCiIj0ESoAi4iIiIiIiEivEQ3soH71JUQbt1sdpSUz3KI41pv433yLHWvXk/X8n3FmZfaaparFGklJSYwfPx6A448/ng8//JDBgwc3z+4FqKmpISsrC7/f37ytqqqK5OTk5ucJCQm43W6WLVvG2LFjOzy+ClQiIiIi1tMS0CIiIiIiIiLSK4Qr36Huw2m9r/gLmGaEXjgBuFlox062TzudxuUfYjaFrI4jFpo0aRLLly8H9t27NycnhylTprB48WJM02Tr1q2kpqbidrsZOXIkq1evBuC9997jhBNOaNFXQUEBTz31FNOnT+/x8xARERGRzlMBWEREREREREQs11TyHPVrZgGm1VHaZoZ75RLQLZgmu74zC/+b/8YMqQg8UF122WUsWLCAa665huLiYr7+9a8zfPhwxowZw+zZs7n33nu56qqrAJg9ezaPPvoos2fPJiMjgwkTJrToKz8/n0AgQF5enhWnIiIiIiKdpCWgRURERERERMRSTSXP0bj5F1bHODQz0meWVi697mekBYMkXngB2O1Wx5Ee5vV6ueuuu1ptnzNnDnPmzGmxLTc3l/nz57dq+8QTTwCQmJjI888/39zvvHnzuiGxiIiIiHQ1zQAWEREREREREcuE9rzc+4u/sH8GcN+x5+c3U/vKaxCJWB1FRERERER6mArAIiIiIiIiImKJUMVbNGyca3WMDjHNcJ+ZAfyFPT/7NbWvvwHRqNVRRERERESkB6kALCIiIiIiIiI9LlzzIQ1r57TfsLcwIxh9rAAMsGfuz6l/978qAouIiIiIDCAqAIuIiIiIiIhIj4rUr6N+1besjnF4zDD0qUWgv7R7zjU0rvwUTNPqKCIiIiIi0gNUABYRERERERGRHhMNFuNfeZbVMQ6fGcEw+u7bKLsuupTQjp0qAouIiIiIDAAOqwOIiIh0tfLycqsj9IoMBwoEAkSj0V6ZzTRN/H4/4XDY6iitOBwOKisrsdl61xu+4XAYu93eK/89GxoaiEQivTJbJBKhoaGhV2az2+1UV1fjcPSuS/RoNIrD4eiVX7NAIIBpmr0yWygU6rX/D0SsZEYbqf/820AfLEL24RnAAJgmxZddQe5b/8QWE2N1GhERERER6Ua9690lERGRLpCSkmLp+OXl5ZZnaEs4HCYUCvXKbFVVVcTHx+Pz+ayO0kpxcTGDBg3qdUW5QCDQa7/XysvLiUQivTJbXV0dsbGxvTJbaWkpPp8Pj8djdZQWwuEwJSUlvfJrVl1dTWNjY6/M1tjYiNPp7JXZVJQWq5jRRhrXX0O0cbvVUTrFNCPQB+8B/FWhHTsp/fENZMx/EMPptDqOiIiIiIh0k941lUVERERERERE+h0zGiRU+iKhiretjtJ5fX0G8H71b79LzTPPY0YiVkcREREREZFuogKwiIiIiIiIiHQrM7CTxi3/Y3WMI2NGMPrJ2yhlv72bUOE2q2OIiIiIiEg36R+vXERERERERESklzKpX/cDq0McOTPc55eA/qqSq34MZh+8F7OIiIiIiLRLBWARERERERER6R5mmGDRH4k2bLU6yREzzTD96W2Upq3bqLjvIcxw2OooIiIiIiLSxfrPKxcRERERERER6VWigV0Ett1pdYwuEulXM4ABKh+eT2hrodUxRERERESkizmsDiAiIiIiIiIi/VA0RMPGn1idotMMWwy22OHY3NkYrlQMRyJg4MzOIunqK4jW1REpKye0q5imwu2YjY1WR+6UPTfdQvaLz2C4XVZHERERERGRLqICsIiIiIiIiIh0sSihyreJ1H5idZAOMxw+HEkn4/Dl40gqwObJwgzXghkCDDBcYIZwZGeRfN2PMCPhfffQtTuwxXgI7S4h8OHH1L/7Hg2LlxKprrH6lDok8Mln1L3+BokXXWB1FBERERER6SIqAIuIiIiIiIhI1zJNGjf/yuoUHeJMPR9X2kwcg04l2lSGzZkMhh0Aw+Ft8xgjxsOBi0E7szJxXvAN4r92JobbTcP7K6h98e/Uvf5GN5/BkSv/3f+S+K3zwa47hYmIiIiI9Ae6shcRERERERGRLmOGawjsfBAzVG51lIMybB7cOdeQOPVTPCNuwe6dChjYXIObi7+d7tvjAcMgNn8qg++6jeGffcCgH1+9b3svFSmvoPrpv0LUtDqKiIiIiIh0Ac0AFhEREREREZEuY9g8NBU9anWMg3JnzcE95AbMiH/fvX27cSxbQgIAg669iqSr5lDxwMNUP/l0N47YeeW/vx/v976LYXNaHUX6uPLy3vvhD5G+LiUlxeoIIiLSR6gALCIiIiIiIiJdw4wQLHkOMxqwOkkrDt+JxIy6F8OZhOFIxHAk9tjYhseD4YHkn/4E73cvZu/Nv6Fx+Yc9Nn5HmI0Bap//G95Zl1odRfq43lCg2rjXb3WEDhszON7qCCIiItIPqQAsIiIiIiIiIl3DsBHccb/VKVrxDPkprpyrMWwxluawxcfhGjWCrGefpOrxJ6m4d56leQ5Ucf/DeC+7BIzunBct0v0+LKq2OkKHqQAsIiIi3UEFYBERERERERHpEqHKhZjh3lN4MRw+Ysbchz3+GMuLv19luJz4Zl+G59hjKL1mLpHqGqsjARCprsH/5lvEn3O21VFEjsg7D99sdYQO+95f/mJ1BEs9u67O6ggd9r3xCVZHEBER6TCb1QFEREREREREpB+INhHcfq/VKZrZYkcSP/FVnINOx+ZOtzpOK7bYWGKmHE/OgldwjRxhdZxmlX94DDMSsTqGiIiIiIgcARWARUREREREROSIRYO7iPjXWR0DAHt8HvFH/x1b7Cgw7FbHOSjD6cCZk032y8/hnjDO0ixxJ08n65XnGfz6CwTMkKVZRERERETkyKgALCIiIiIiIiJHJhokuPtpq1MAYIsdRVzesxiuVKujdJjd5yXrr09ZMhM49Te/JvWT90h66mHeTqrion/9lNs/nE9jONDjWUREREREpGvoHsAiIiIiIiIicmRsLkIlz1mdAsPhI27CXzCcg6yOcngMA5vPS+ZfHqPonJlEarr3nsBxZ55G4rVX4pgwhsLqXfxl/bO8unVh8/4ddcXcedLcbs0gIiIiIiLdRwVgEREREZF+ateeLdhtDjJSh1odRUT6uXD1Msyo9TNGY8c/geFK7tXLPh+MYbPhzMwg/ZEHKL50dreMMfiu24h8/VSccfG8vm0Rz77xCFuqd7Zq1xgOsqL0c6amH9MtOUREREREpHupACwiIiIi0s8sfvd28pxLyHY3AlC01st2+1lMn/5ji5OJSH9khipoKn3R6hh4hvwUe9xYDHu81VE6z27HM/Eokm/4CRX3PdQlXSac+zXifvQDnKNHsr5yK3/5/Ene3L643eNe2vxvJg2egNOmt45ERERERPoaXcWLiIiIiPQjK9+eTYF3c4ttObE15PASSxfuZNrp91qUTDqjqraMrYXvEw41EJuQQXrqKAYnZ1kdS6QFw5FEuGJh+w27kcN3Eq6cazBsHktzdAVbQgJJV86h4f0VNH6wonOduFyk3Xkr4bMKMNwuXtzyH176v/vZXlvc4S4WFa3Abtg6N76ISAd9b3yC1RFERET6JRWARUSky61atYobb7yRp556ipycHABeeOEFXnnlFSKRCKeeeirXXnstNpuNuXPnUl5ezrPPPothGM19LFq0iLvuuot77rmH4447zqpTERHpUxb/93etir9fNS1xOcs/eoGpx3+3B1NJZzQGG/hoxWPkhP/L5PjKfRtr4bOioWxOOJX8qd2zPKxIZ0QaNmNG/JZmiBl5Z78o/n7BcLsYfPst7Dj9nMM6LnHm+cT88HLcI4azcs9anvv0j/xnx7JOZfCHGthcvYMxScM6dbyISEd4rv6L1RE6LDD/+1ZHEBER6TB9lFNERLpUKBRi/vz5JCUlNW/79NNPeeONN3jkkUd47rnn2L59OwsWLGjeH41GWbduXYt+Fi1aRHJyco/lFhHpD0bS/pKeruq3eiCJHKmPPniYAs8/GPZF8Xe/id7t5Nv+zLL3/2RRMpHWwtXt/+zpTu6sH2A4UyzN0OUMA0dWJr4ftF9ssCXEkz7v9ySvWYpxx8/5S8NHnP3alcx6+5edLv5+4c3tizExj6gPERERERHpeSoAi4hIl3rhhRc48cQT8Xq9zduWLFnCueeeS1paGrGxsVx88cUsXvzlG4WTJ0/m3XffbX7u9/spLCxsnj0sIgIQCDaye+82Sst3Wh2lV1q1fjGZsXXttst27Wb5R8+xadtKmkLBHkgmh+vTNW+RZz/0crqJDe+ya8/WHkokcghmE+Hyf1k2vGGPwT305xjOpPYb9zG22BiS5/4II6btmc2J372Y1EX/R+7ny/lo8mB++dEfyP/7JTy86jl2+Uu7JMOHe1ZT11TfJX2JiIiIiEjP0RLQIiLSZXbt2sXSpUt55JFHWLp0afP24uLiFss4Z2VlsWvXrubnU6dO5cEHH+Saa67BbrezdOlSTjzxRAoLC3s0v4j0Ttt2rmbX5r+R515BpitASWM87zeNJjbj60zMO8vqeD0uGo2wsfAjKveuxqzfRLKxg1HxexgZtXXo6j4UtTHV/COUAWWws97H3nAaDbZsHPHDGJQ8hpysPOJi4rv9XHqbmrpKTKL4EqydSVhXsZZBMYFDtjkqsYiPS9aQnTaih1KJHIThJFzzkWXDuzLngBmybPxuZ4Lv8suoevRxABypKaT+5mZCJ0+hgRDPbfoXr/7jN5TWl3fL8Cv3riXBFdctfYuIiIiISPdRAVhERLrMF0Vcp9PZYnswGMTlcjU/d7lcNDY2Nj9PTExk5MiRrFy5kilTprBo0SJmzZrV6QLwypUrO3cCXaSqqor6+t43U6KhoYFoNMrevXutjtJKTU0N5eXlLb5Peovy8nKampqw2XrXwinhcJja2lqCwd43gzMQCNDU1ERlZWX7jduxu2wlucZCpieVNG/LiPGTEfMJ60uKeH3nRrLS8jvcX21tLS6Xix07dhxxtq5WWVlJfX09DseXl+ihcJDK2kLCgR3EG7vI8pQyJrGccbDvSv7LxRbY5vcRiBgclVRxyHHW16SwtSGHdHcZw+OryI2rJpdqYOP+IPsexQ3xFDekUBFKZm9NAsV715AYn02Mq/OF4d17lpNpW8ZRvt04jCjra1LZ2nQ8WRlndKq/pqYmGhsbqa2t7XQmgOLSJSSxmiGxpfhcATY2JLK1cSzOxKkMSsjuVJ9+vx+bzUZxcfFB20RNk9r6PTQG9hINVWCPVhBrqyIUqoOs9sfYXbSWlZHDz1dVVcXYsWMP+ziRtkSDu8HCJYLd2VdgOLztN+yjbIkJJP3g+5j1DTh+8F0Sc4bx7+1LeHX5A7xX3P2Fd9M02VlbwpDEzG4fS0REREREuo4KwCIi0iX+85//kJaWxsSJE1vt83g8LQqi9fX1xMTEtGgzY8YM3nnnHUaPHk1paSnjx4/vdJZJkyZ1+tiusGHDhl75xnppaSmhUKhXLq29efNmUlNT8fl83dP/tpVEImGG5hyNxx3T/gFfsWrVKiZMmNCiKNcbBAIBtmzZQl5eXpf3XVa5m9q6MlKSc/DGDzrs48vLy6mrq2PYsGFHnCXyn8c5xlfS5r5x3jLc/nexpZ/B0KxxHepv27ZtJCQkkJLSNTM8P1v7NvW7/02iUUKT6aHBfRRTTrwat7Pt5ToPZcXHH2DYy2mo24wjsIV0R9G++796aVHoBdhUN5iy6BDM2FEkpR7NqGGTGeV0s/yj58D84yHHyZrwI8aNOrH5+fbi9ezdu55A7VacTTsZZCthaGw5WbF+smL9RKPb2eNsIsP7XwD21sexOziYOiMLI2YoiYNGkZUxnmRf+iHHXbzobs5LebPFtgm+vUzgDZZV7iH/jAc6/sXar7q6mrKyMkaNGnXYx35h6dJHmeF7nXjnlzMIE73ljPEu5ZOa3SQkz2XU0GMPu99t27dRXVcCRgUNdbuIBHbjDO8llkqSHNWkx/hx2SIQw77HVywuzejQGCmDszr1O2/Dhg2HfYzIwUT86ywb25l6PqYZwrAsQc/YTg3eX17DE+te5dXlN1PeWNWj46+p2KwCcB/16quv8vbbb/Poo48C8Mwzz/D+++8TjUa58cYbGT16NLt37+b3v/89dXV1HH300fzkJz/BMAwuvPBCLr74Yi6++OLm/ubNm8f27duZN2+eVackIiIiIh3Uu97JFBGRPuv9999nzZo1zW8Q1NbWcv3113PjjTeSnZ1NUVFRc9sdO3aQm5vb4vj8/Hwee+wxFi1axMknn9yj2aX/WrzoLo5xvsso175ZstEKg6V1JzLl5N/icrotzRYINrJh82JCoXqSBo1g5JBjLM0D8MnqN3HteZa8xF2kAuyBj2vG4B15NaOG9fwHKz5d/S8mJh66UDU8voKl29/rcAG4Ky1552amJ7x3QHF2M0XL3sGf9esWRdYDlVeVsrPoE/xVa3E3bSXTuYuhgTKSEx04PDbYXz8Omwab69KpMIdgxI0hOe1oxgw/ntGGweg2+p16/CUsXrSDgri278e5LPJ98g/INTRrXJtfv6KSTezZsx5/1Saqq9YxxlXPkNgyBnvqGezZBmwDlkIdUAeVwRh2BVKpJRMzZigJvpFkpI8nLSWHlZ+/QUHcm63G+EK+92OWLH2E6dN+dNA23WHl528wOvo68Z62l489zlvIki0vtyoAN4WC7N5bSFXlDhr8u4kESrGHy4ilEp+9msGeOgYFGkm12YiPtYEdaGMF1eomN2XBRGqjXgL4iNgHYXOnUOWsBtr+4MMXqpo8ZA2d0skzF+k6kZoPLBvblX4Rhr3/zv79wojkYSzc+QFPrPm7JeMvL13FOcN0fd7XVFZW8sEHX/7/XL16NevXr2f+/Pns2LGDhx56iPvvv58HHniAq666inHjxnH77bezatUqJk6cSFJSEitWrGh+fWeaJlu3bsVut1t1SiIiIiJyGFQAFhGRLnHbbbe1eH7FFVdwyy23kJOTQ3x8PHfffTdnnXUWcXFxvPLKK5xzzjkt2ns8HiZOnMhLL73EXXfd1ZPRpZ/64O1rKfCuarHNZphMS3yf1e9dzlGnP29Rsn0zIad43mKiPbJvwx74fFMurmE/ZuzIqZZk+uDDZzmRxyGx5fbJ3o00lt7ImqbfkDemoEvHrKmrpLauHH99BY2BKoKBKiLBGqKhGoxILRU1lRybE223n/q9y/jg7TVEjDiitliwx2NzxONwJeJ0JeD2JBLj8RIb66Ux4CchIeGIsy9Z/OC+4m8bcmJr2Fl8J03D/oHL4aKkbDu7dn1KY/V6YsOFZLuKSY/xkwItZn/urHewpiabOudwbPFjGJx+DKOGHsvhlrYLTv0Vn66ZTKDkddLsu4iYNvZER5A28jvkH0YhPydjNDkZowmHw6xdu5Zxx+z7kMLuvYWUlK6nvnoL9uB2fMZucmPKGeRuZJB7J7ATWA4NQCHUbnQRrBwEaYceL6vpbaBnC8D15R8zOP7QS/bnuVfwnzduINlVhddeTaqrFq8ryFBgKBy0uFscclEZSiAUSqGRZCKOZGzuFNyxg4mPTyfJl0lqUha+Nt5IL6vczfsr93CS9+C3NFjdNJ2C7J7/4INIC9EgkbpPLRnacPhwJJ0M/X7+7z6n5U7F606gJljX42NvqdlJYzhIjMPaD8/J4Xn88ce5/PLLefjhh4F9q9pMnz4dwzAYOnQotbW1NDQ0UFJSwrhx+36fFBQU8PHHHzNx4kQMw8Dj8bBnzx7S0tJYvXo1Q4cObfHBXhERERHpvVQAFhGRbpeXl8e3vvUtrr32WsLhMGeeeSZnn312q3YzZsxg27ZtXbJsrAxsy5b/mfwDir9fdVRiEYvf/Q0FM27twVT7LF34CwoS32+1/WjvTur3/oqNtnsYM/z4Hs1U668iL/QXcLa9P8YexrHrYThIAbjWX0Wtvxy/v5LGxioqynfR4C+jaIeBEa7DYdbhMv14bA3E2RtIdDTicwXxGuaBKxuDa/8DWNbYTsVwv1h7kBPb+vc2geD+R82+TZ7aMM69dmrsHvxhNw0RD41RD03EECKGsBGHaYsDexw2ZzwOZyIudwJuj5cYj5e4WB8JcT7GGW8cMlNubA3/988rOWnwbjLcjWRAiyJhXcjFtoYMamxDcSSMJS3jGBpiDcaOHInHc/jLRx/o2LwzIe/M5uedXyC5tczBw8kcPLzV9tLynZSUrMNfvRlbYAdeo5hsTxk+V5Dhie3fo3d4fAW1S08j0dXU4SyepiiDGqNQ1bmXNZ7GVGjnlsZJ7iBptq0c4/3y3soNYQd7g4lUhb00MoiwIxW7Ow1PbBrxCWkk+bKINkRJdTpJTz/00thtSR2USfCoH/H+6oc5ydu6uLakdhpjj738sPsV6Q6RhkJLxnUknUw0uAeb+/D/j/VFexsqmZ55HAu2tf3ho+60rWYXNmNgFNr7i5UrV5KUlMSIESOat1VUVDB8+Je/v71eL0VFRcTHf/mL0OfzUVlZCeyb8Ttt2jSWLFnChRdeyJIlS8jPz+fFF1/suRMRERERkU5TAVhERLrFE0880eL5zJkzmTlzZqt2X71/1NSpU5k69cvZj/fdd1/3BZRuEYlEesWycPF177a6Z+qBxjreZ0/5TpxONy6nB6fT3an7th6OT1f/m2ltFH+/EOcIUb/1DzD86W7NEQo3EQoFCYYChEJNfLbqRc6MP3TRbWxCKf987VqyYhsPKOQGSDTMFhOHG+xRgjFRkmIPfalZH3ZSE/LgD8fQEI0jSBwh4onaEzAcXirs9TSG3ybGET5kP1WO8aywfYtwUx2RsB/CfmzReuxmAw6zAbfRiMcWIM4eIBSqJ8UZxusK4nUFgXYKkyYQ2P/Yb0ONj7HexkMfB6TH1JLsbqSqycP2xkzqbMNweceRmXkMuZljOfqA9mtq1rTbZ2+WnpJLekou0PIDPnsrizFXz+lQHz1fXujYiNuikwi7JpLgzSTZl0VyUvqXM4APoqjhyGZIZaePwuG4keXblhGqXYs9WkfYloTbN55pp12IYdiOqH+RLmHYMEMV7bfrBg7fiRi27v293Zt4XfFMSTvakgJwRaAam37m9BmhUIgXX3yR3/72ty22O50tP+lnmmab24yvFPunTZvGrbfeysyZM9m4cSOXXnpphzKsXHnwFSykNX29+o7e8G81aVLP35pHRET6JhWARURE5IgtXTafwYGFjE7YS8Q0WFubQ2PSNzhh8re7ddyK6lLKK4uorS0mWF9CNLgXZ6Scke7Sdo8d7GmgcsPlDDpgtmFT1EZTxE5T1E55nXjjAAAgAElEQVTItBMpC7GjPJ4odsKmg0jznw6ipoMoDiKGExMHpuFsfmA4webE2P+nzeaisWJFu8vgHuct5N/vPkS824UZDWFGmyAaAjOEYe7700aIcFOQ2toaGkpisBHGvv/hML54RHDYwjiNCC5bBKdt358uWxSnYeIEYvePGeNPb3cWJECybQ+Tfa2/tg1hx/5CbiwN0ViqGlzUh10k2NIxHInYXF5c7iTcMUnExQ4iIS4ZX2IKcU53WyvntrD87V1M9a4+6P5NdYM59thLyMno2BzXbdu2EUhIgFgn/vpq6htqaAxUEwzWEgrWEQ7VYYbqMCP1+4vI9ThpxM3+IrIjQG3I1aGxbDYnu4c8TWbacJI6dET/NHhQFh8Gh5ARs+6Q7bb6kxkx47XD6jtQXU1lWRnJozo3xzmw6A7grUO2KQvEUjDtSgZ5OzYjvSt9WVQX6Z3MUI1lYzu8J2I4fZaN39M8DjdT0g/86FDPqWisJj0uxbLxpeM2bdpERUUFP//5zwEoKipi3rx5pKenN8/uBaipqSErKwu/39+8raqqiuTk5ObnCQkJuN1uli1bxtixYzucQQWqwzPgv15/Ovi1fm8z4P+tRESkT1EBWERERI7I+29fxzTvJ83LB9sNk6O9OyH6BxYv2kzBqTd3qt+DFXfjqMLnqCHNU0eyPULzW1ROmjPs9HegmgnUNnkwTXuL4ugXDwgBEI1pIi2uCVsXTHxZ5UxuvxGQ2fQOR8dXHrJNOBylwhYmzduxYmSLY02DpoidUHRfobsp2rFZ22WM4kPHd/DsL+TGxyXjTUgh1h3TXEwGKC8vp66urkuWc3enf4NVpXUc493eat+62kz8SRcxuoPF36+Kj/USH9vONPGDcFQUw9bvtNuu0TGUzLTWSyUPRM6Mb0LjoQvAJe6zGHHIFl0vMfV4dpUvJzv24EWs9aGpFFhQ/BXpC8yINQVgwxaDLXbg/XwdnphNjMNNYzjY42NXBFQA7ismTJjAU089BUBTUxNz585l7ty5FBYW8sc//pFzzjmHwsJCUlNTcbvdjBw5ktWrV3PUUUfx3nvvcdFFF7Xor6CggKeeeorrr7/eitMRERERkU5SAVhERKQN23atpWjrW9hCe4nafaRkTWf86HyrY/U6S5Y8zHTvJwfdXxD3Fh+vOobJx5zXYvuBxd3y3VvxxfgZ5Pa3W9z9qrqQi73BBGoiPhoZRMSRgt2TTqDhQ3Lj1x4y++qaHI464/lW2w9cHnl9wyoaMnIwzTChcJBIpIlwOEg00kQk0kT0i8f+2bqHmrVrhna18xXdZ0fTUGprx2Cyfzaxbd+MYsPmBJsLw+YkHLFREagl256L3e7Ebndjd7iw2904HC4cDjdOhwuHw4PL4cLp9ODav9y1w25vcRGY+Nlr0NT+kuvHHfc9hmSP69A5dJVjjzqbopQRLF7/AiNsK8iMrWVH/SB2RcaQmP11pow9pUfzAAxOzuLDleOY4lt/yHa+7K/3UKLe79ijvsbi/35OQeyCNvcvqzmBaWdc3cOpYGLeWSxbXowr8DcGexpa7f+wejy547t3JQORvswMW1MAtsWOwAzXYjg690GevqoyWMOwxGzWVW7t8bGrg+3fy116t+HDhzNmzBhmz56N2+3mF7/4BQCzZ8/m7rvvJhgMcsIJJzBhwoQWx+Xn5/Pss8+Sl5dHba2+D0RERET6ChWARUREDrB40R0UxL3FsBggZv/G6jdY9vbx5J9xv5XRep3s8EJwH7pNsOh5Ptj7n0PO3K3whYmLseFxfTnN9mDF3Zj4dHzebFKTc0mI85HQxphbdkyCPdceMldjyoVtbnc6XDgdLmJj9vWcnFTOkKxxOBxHftm0dNkfgecO2aa4IZHzvvFgu30FAgG2bNlCXl7eEec6fuI3+fztv++buX0Q79dM4qQpPVv8/UJOxihyMm5pft7evVd7QkbejZRuvo70GH+b+xf7z6Bgysk9nKp3KzjlF3z82VhsZa8yOm4nTiPK5voMauLPJP+Myy3LlT91Nh9+4mVzxVJSbTuJdzRS3pREtes4Rh07k4xUq7/bRHovM2xNMcjmyWbfTdoHlkg0QlZ8miUF4Nqm+h4fU46cy+Xi0UcfbX4+Z84c5syZ06JNbm4u8+fPb3XsE088AUBiYiLPP7/vQ5Ner5d58+Z1Y2IRERER6SoqAIuIiHzF4vfupSCu7ftB5ns/YtnbP1UReL+i0i0Mizv0MsUAIxIqSI9pOfP1wOLu3hoXCfYcBnmHtVvc7YiRQ45hRdm1TAzNx22PtNq/OHAhBVO+1cneO29a/g/Z+M5CxiTsOWibba5vktWDmb6QdNRtbFp7E6MT9rba93H1KKae0f4M4YEkJ3M0RcZDrFj9v5zg+3Jp45LGBLbaz6NgRs/PZu0LJk88Hzi/+fmRf3yha0w5biYws/l5pnVRRPoUM9z2h2C6m+FMtWRcq9ltdlJirLmrvD/UepUEERERERHpvVQAFhER2a+mroJ8z/8dsk2+9yPWbVo2oJaDDkfCFO74jPKydYT9W4iP7iTLXYrPHmpzWeYDRU0byyKXH3Lm7ubNm0lNTcXn83VZ7hMmf5vde49ny5q/4o1swmZEqWYIg4ddQMGIKV02zuHyjL2D9etvYVxiSat9ixvOo+CUKyxIBTnpoyD9FRYvnkdicCUJdj9VkUE0JeRz0pmzLcnU2+2bmfwYFdWllO7djNsVz8ihx5JhdTARkR5iRqyZFWo4EgFbu+36G7thI9EVZ8nYjeGAJeOKiIiIiEjnqAAsIjJA1dfX8/jjj7N+/XpSU1O58847MU0TwzCsjmaZDRsXcoLR/nKC5cWLwcICcHlVKaV7N+F2JzBq6LFd2ndR6WZKS9bQWLMJd9N2Uh0lDI+vYDQw2oCvVm2DETuba72MSjz0/f+KmoaSf4o1BcTMwcPJnHFL+w170JCssZD1Eu+veBpqP8VuNhJ0ZJMx/FwKuvjfszMKCuZaHaHPSfalk+xLtzqGiEjPi1pTFDRsbgxj4L2d4bA5cNtdlozdFAlZMq6IiIiIiHTOwHvFJCIiANx000243W7OP/987rzzTgCuu+46LrvsMiZPnmxxOms0BSs7NKPV5v+Ekve+RnlTEnWkEHak44jNIj4hmyRfDqFQsFvyFe3eRMma+5jiW0fK/m2lO+LZYj+PadOuOay+qmrLKNr1OTWVGzAaC0kydjEstowcR4gcgNj9j/121CexJ5RBwDkET+Jo0tInMCRrHHuWPcYo/nrIsdyZFxxWtoHipBNmAbOsjiEiItJ5pjVFQRPA1oGLtn7GquIvQMRsfUsNERERERHpvVQAFhEZoNatW8fChQsxDIN77rkHgCuvvJKbb76Z1157zeJ01vDEZUBT++2ipkFGjJ+MGD9Q9OUO/76HpzpEpMFFcYOXivAg6kkl6krH4UkjPiGTJF8Og1NzcTs9Hc62c/cmXJuvY4qv5b320mP8pPMCi98to2DGra2O++ryzdWlq4mL7sK1rYo0Tz1JAK79j/3KgzHsCqRTZ8vBFjeS5JRxDBtyDEOcMQxpI9e0/KtYunAr0xI/aDP34sbzKZhyVofPU0RERPoO04xaM3A0CMbAKwDbDBvBSAcuVkVEREREZMBTAVhEZIAyDIPq6mqSkpKat+Xl5VFTc+jlfPuz4446j8r3H2WQu/GQ7RJGXM16dwz+uhKCDXuJNpVhD1fioYpEWy3RYAWpRoTcuGpyqQYKvzx4f5GYXdAQdlAS8FEVTiZgSybqTD1okbh0zf+2Kv5+VUH8QhZ/OJ4Yp+Ogyzf7vVEi0Shej4NgxE5h/WCqzCwinuHEJ40hJ+soUpIymmcXd9S003/PByueIa72LUbElRCO2tjcOAQj7QIKppx7mL2JiIhIX2EYdkvGNcO1mBE/hj3ekvGt0hBqpLbJmvsuO2x6+0hEREREpC/RFbyIyAA1Z84cLrnkEq677jqi0X2zN1asWEF8/MB6I+2r7HY76x3fIZ8/H7TNYv+ZFEw59ZD9bNiwgfLBiZRX7aKutphgQynRYBmOSCUxVJForyXZ5cfnCjAivhwob9nBV4rEVU0eNtelMCV5V7v5baUvcXx66UGXby4LpmHz5DA+axpDssYxrt0eO+7EEy4DLmt+PjAXERcRERlg7HGWDGs27d03C3iAFYDD0TDljVWWjJ0aM8iScUVEREREpHNUABYRGaC++93vkpiYyB/+8AdKS0sZM2YMmZmZ3H///VZHs1T+ibNZ9gGMC7/AIHegebtpGixpPIeCGb/oUD8pgzJJGZR5yDaVNXupqCyipqaYQEMp0cAeHJEKYqnEa68h2e0nyRUgxmjo0JhxzjCf1Qw76PLNpaWlhEIhcrJyOtSfiIiIyKHY3Ie+1uku0eAusGj2sZXsNjvF/j2WjD1YBWARERERkT5FBWARkQFq7969nHPOOZxzzjmEQiGCweCAnv37VfknziYSmcVHq18n6C/F6Uli9OjTKEhM7dJxBnkHM8g7GJh00DY1dZVUrXsHeKjd/sL2ZI4/409dF1BERETkEAx3hiXjRhsKMRxeS8a2UoIrjm217a8K0x1SYpLabyQiIiIiIr2GCsAiIgPUaaedhtvtZsyYMc2P0aNHM3LkSBISEqyOZzm73c7xEy+wOgbehEEUnHAR5Yv/RIrn0DOBAzFH91AqEREREbA5UywZ14w2Eg3swuYZWKuaFNWV0hgOWjL2IM/AK7iLiIiIiPRlKgCLiAxQn3/+OUVFRWzcuJGNGzeyYMECVqxYgcfj4fPPP7c6nhxgPV9nOi8fdP/Oeh9Tp/+wBxOJiIjIQGc4Ei0bO1yzAtcAKgBHohGWl35m2fiJLq0UJCIiIiLSl6gALCIyQBmGQW5uLrm5uZxxxhlce+21vPvuu2zfvt3qaNKG6QXXseSdcqYn/LfVvqIGL/U5v8bpcFmQTERERAYyw5mCGSrv8XHDlYtwDjodw+nr8bGtUNPk54OSVZaMnezxYRIFBt59l0VERERE+iqb1QFERMQaZWVlrbbNmDGDhQsXWpBGOmL6abezKu4WltZMYXVNDiurR7EkMJO0/FcYN3Kq1fFERERkoDHs2GOHWzJ0uOo9DOfAWZY4yZPIkt3/n737Do+qzN8//p6SShohoYbem4CAwAIxIIhAll6EFRRQYZUFQRSkqAuruKD05iJFrBixISAKRkFQFhCRXhWpISG9Z8rvD37Ml2xQKZOcCdyv69prc86cc557zpzBmfmc53l2G9J21aAIbA6HIW2LiIiIiMjNUQ9gEZE7VLt27fDz86NOnTrUqVOHatWqkZeXx9mzZ42OJn+gUf2OUL+j0TFEREREALCE/AVbyn+LvF2nLRlb0ndYS7Yt8raLWp7dxs6L+0jJSTOk/RohlbCa1ftXRERERKQ4UQFYROQO9fPPP3Pq1CkOHz7MoUOH2LZtGzk5OUybNs3oaCIiIiJSTFgD7ybHoLZzL7yHJaABJq+SBiUoGok5ycQc22hY+01L18fLrJ+PRERERESKE32CFxG5w9x///3UrVuXevXqUbduXZo3b07nzp2NjiUiIiIixZC5RG3D2s6L/wy/Gi8Z1n5RsZgsfP7LN4a1f3fpeoa1LSIiIiIiN0cFYBGRO8y///1vDh48yMGDB9m4cSNHjx4lICDAVRSuV68eXbt2NTqmiIiIiBQDZp/ygAlwGtJ+zpkl+FR4FJN3uCHtF7YLGfG8fWStYe2bMFExsKxh7UvxlJCQYHSEYkXnq/jwhNcqLCzM6AgiIlJMqAAsInKHadKkCU2aNHEtOxwOTp48yaFDhzh48CAxMTHFvgDsCV/KPCHD/8rOzsbhcHhkNqfTSXp6OjabzegoBVitVhITEzGbzUZHycdms2GxWDzy9czMzMRut3tkNrvdTmZmpkdms1gsJCcnY7V61kd0h8OB1Wr1yHOWnZ2N0+n0yGx5eXke+z4QcStHDtbg5obMAwyQe3Y5PhWfNKTtouDv5cebhz41rP2mpeuTa8/Dx+JtWAYpflSgujE6X8WHXisRESlOPOvXJRERKTLJycm8//77OJ1OatSoQePGjYmOjmb69OlGR7tlRn8pS0hIMDzDtdhsNvLy8jwyW1JSEgEBAYSEhBgdpYCzZ88SGhrqcUW57Oxsj73WEhISsNvtHpktLS0Nf39/j8x24cIFQkJC8PX1NTpKPjabjfPnz3vkOUtOTiYrK8sjs2VlZeHl5eWR2VSUFrcy++IV/lfDCsBORxY5p2bhXfHvmL3LGJKhsFzITGDZgTVk24yaZRk6VGql4q+IiIiISDHkWV1ZRESkyIwaNYqff/6ZlJQUnn32Wfr06UOdOnX44osvjI4mIiIiIsWINbSjoe3nnH0DbKmGZigMabkZrDz4saEZoiKaG9q+iIiIiIjcHM/qyiIiIkXm1KlTfPvttwDs3LmTDz74gGXLluUbHlpERERE5M+YfStgsgTgtKcbliHr+CT8G6zCZPasURRuVrY9l6k7FhmaIcDLn6pBEYZmEBERERGRm6MewCIidyhvb2/OnTsHXJ7j1GKx8PjjjzN//nyDk4mIiIhI8WLCu8JQQxPYkreTe3oRjuyzhuZwh/MZ8Szd/wE/XNhraI52ES1Iz8s0NIOIiIiIiNwcFYBFRO5QI0aMIDo6mpycHIKCgti5cye5ubnExcUZHU1EREREihnv0r2MjkD2qVnYM/bjzCu+81zbHDYOJZ5k3k9vGx2FntXvI8g7wOgYIiIiIiJyE1QAFhG5w7zzzjvY7XZ69+7N+vXr8fHx4dFHH2Xo0KE0a9ZMQ0CLiIiIyA0z+1f3iOGXs448jSP3ktExbtqptPOM3/aq0THwtfjQpnxTo2OIiIiIiMhNUgFYROQOExMTQ+fOndm0aRNly5YFoEWLFmzdupWYmBimT59ucEIRERERKX5M+FQabXQInLZkMg+NwJkbb3SUG3YpO5knY6eSnJNmdBS6VWtHpi3b6BgiIiIiInKTVAAWEbnDfPzxx4wePZqXX36ZgQMHsm/fPgBCQkKoXbs2JpPJ4IQiIiIiUhx5le5pdAQAHJnHyNg/CGdu8RkKOiknlSFfTeJEymmjowAwpF4vSnj5GR1DRERERERukgrAIiJ3GJPJRNeuXfnyyy/p3Lkzjz32GE899RRnzpwxOpqIiIiIFGNm7zJYAuoZHQMAe/p+0n/uiyPrFDjzjI7zu3IdeZzLuMiADU9zKPGE0XEAqBtajYjAMkbHEBERERGRW6ACsIjIHcpqtTJo0CC+/vprqlevTs+ePXnllVdITU01OpqIiIiIFEdmL3wqGj8M9BWOzGOk7+mKPfUnnI4so+MUkJSdyk/xh+n22RMe0/MXYETDB/G1+BgdQ0REREREboEKwCIidzh/f3/+8Y9/8O6773LgwAHatWtndCQRERERKaa8wrtgsoYYHcPFaUsmfW9P8uJiwJFrdByXbHsubx3+jL998QwpuelGx3EJ9gmkc+W2RscQEREREZFbZDU6gIiIFK3c3FyOHz/OoUOHXP87fPgwTqeT+vXr07dvX6MjioiIiEixZcK3+gtkHRljdJB8so5NJC/+c/xqvoLJGorJy5gidWJ2Cim5aUz5fh47LvxsSIY/Mqx+bzJtWZTw8jc6ioiIiIiI3AIVgEVE7jANGjQgKCiI+vXr06BBAx566CEaNGhAxYoVjY4mIiIiIrcB79I9yD72HE5HttFR8rElbydtZyQ+FR7Fp8ozgAmTpWgKnYnZKXhZrCze9z4rD35cJG3eKB+LN0Pq9sTXquGfRURERESKOxWARUTuMLGxsVSoUMHoGCIiIiJyuzJ54Vd7FpmHnjA6yTXlnH2D3PPv4FPpSbzLPQw4MHmVKpS2LmUnYzaZWX5wDW8e+pRsW06htOMOY5o8jN3pMDqGiIiIiIi4gQrAIiJ3GBV/RURERKSweYVHYzr+PM68BKOjXJPTkUX2r6+S/eureIV3w7tsf6wlI8HpBJP5lo6dkptOkHcJfji/lw+ObeDzX751U+rCU8o3hEfq9cBishgdRdzg6NGjzJ07l9zcXCpXrsyECROwWq2sWrWK7du343A4GDduHLVq1eLcuXPMmDGDtLQ07rrrLkaNGoXJZKJPnz7069ePfv36uY47Z84cfv31V+bMmWPgsxMRERGR63Fr32pERERERERERAow4193gdEhrkte/Gdk7PsbqdsbkmXPZdNv33MmPQ4nTtLzMknJTSc1N52MvCzyHDacOMmx55Cel0laXgZZtmycODmddoGPjn/FCz/Mp/n7/Rj85YRiUfwF+GfLf6j4exuZO3cuTz/9NEuXLsVqtbJt2zb27dvHoUOHWLx4MRMnTmTJkiUAzJ49m+HDh7Ns2TJSU1PZu3cvACVLlmTHjh2uYzqdTk6cOGHI8xERERGRG6cewCIiIiIiIiLidtbglliCmmFP3WV0lOtiDb2XlJw0/h77TwB8rT5UC4qgQkAZwv1KEugdgI/FG3CSY88lNTeDhKwkzqbH8UvqGbI8eHjnP9I4vA7tKt5jdAxxo2nTphEaGgpAWFgY2dnZ7N27l7Zt22IymahSpQqpqalkZmZy/vx56tatC0BkZCS7du2icePGmEwmfH19iYuLo0yZMuzbt48qVapw+vRpI5+aiIiIiFwnFYBFRERERERExP1MVvxrzyZtZ1ujk1wX79K92HT6B9dyti2Hg4knOJh4e/d6nN56LN5mL6NjiBtdKf6mpqayY8cO+vbty8qVK6lWrZprm+DgYE6fPk1AQIBrXUhICImJicDlHr9t2rRh69at9OnTh61bt9K6dWvef//9on0yIiIiInJTVAAWERERERERkUJh8imLT6WR5Pzm+cNB55VoxPbzi4yOUaQerd+Xcv7hRseQQpCamsqUKVMYMWIEwcHBeHnlL/I7nc5rrjOZTK7lNm3a8MILL9C7d2+OHDnCQw89dF1t7969+9afwB1E56v48ITXqmnTpkZHEBGRYkIFYBEREREREREpFCazH75VxpOXsAFHpgf3pDX74+Ndiu3n9xidpMhUDYrgmaZDMV9V8JPbQ05ODpMmTWLQoEGuYlFoaKirdy9ASkoKFSpUID093bUuKSmJUqVKuZYDAwPx8fFh27Zt1KlT57rbV4Hqxtzx5+uNfUYnuG53/GslIiLFitnoACIiIiIiIiJyOzPhX3ex0SH+kE/Fx9mXcISMvCyjoxSZ2ZETVPy9TS1btozo6Gjuuef/5na+55572LJlC06nkxMnThAeHo6Pjw81atRg377LBbhvv/2WFi1a5DtWZGQky5cvp23b4jGUu4iIiIhcpgKwiIi4zfbt2xk6dCjdu3dnzJgxnD592vXYe++9R58+fejZsyfz5s3D4XAA8NRTT/HQQw/hdDrzHSs2NpaOHTvy448/FulzEBERERH3s/jXxK/Gv4yO8bu8Qu/n6zM7jI5RZJ5tOoyqwRFGx5BCsnbtWmJiYnjsscd47LHHWL16NdWqVaN27doMHTqUmTNnMnz4cACGDh3KokWLGDp0KOXKlaN+/fr5jtW6dWuys7Np0KCBEU9FRERERG6ShoAWERG3SEhIYMaMGbz88svUrVuXlStXMm/ePGbOnMmePXtYt24dCxcuJDAwkMmTJ/P555/TrVs3ABwOBwcPHsz3Y0NsbGy+4cdEREREpBgzeeFddiC2pG/Ju/SV0WkKyPKpwvbzy42OUSTaV2zBoDrd8LX6GB1FCsmGDRuuuX7YsGEMGzYs37pKlSqxeHHBHvpLly4FICgoiHfffReA4OBg5syZ4+a0IiIiIlIY1ANYRETcZty4cdSrVw+TyUTbtm05e/YsAFu3biU6OpoyZcrg7+9Pv3792LJli2u/Zs2a8fXXX7uW09PTOXnyJBUrVizy5yAiIiIihcTsjV/dxZj9KhudJB9rYFMwWfkp/rDRUQpdpcByzG47QcVfEREREZHbnArAIiLiFmFhYbRp08a1vHv3bho2bAjA2bNniYj4vyHmKlSowJkzZ1zLLVu25LvvvsNutwPw3Xff0apVK9cw0SIiIiJyezCZfSnR4B3Ac+ae9So/kG/O/NfoGEViYdQU/L38jI4hIiIiIiKFTENAi4iI2+3atYt169Yxe/ZsAHJycvD29nY97u3tTVZWlms5KCiIGjVqsHv3bu655x5iY2N5+OGHOXny5E21v3v37lt7ArcoKSmJjIwMQzNcS2ZmJg6Hg4sXLxodpYCUlBQSEhLyXSeeIiEhgdzcXMxmz7pvzmazkZqaSk5OjtFRCsjOziY3N5fExESjoxSQmpqKt7c3p06dMjpKAYmJiWRkZGC1etZHdIfDQWJiIjabzegoBeTm5pKVlUVqaqrRUQpIT0/HbDa7RsPwJElJSdSpU8foGHIHM/tVocRd75Lx8wCjo1wW3IbtJz4wOkWhm3vvROqEVjM6hoiIiIiIFAHP+nVJRESKva+//pq3336bV155xTWHr6+vb76CaEZGBn5++XsetG/fns2bN1OrVi0uXLhAvXr1bjpD06ZNb3pfdzh8+LBH/rB+4cIF8vLyPHJo7WPHjhEeHk5ISIjRUQrYu3cv9evX97iiXHZ2NsePH6dBgwZGRykgISGBtLQ0qlatanSUAn755RcCAwMJCwszOkoB+/fvp0aNGvj6+hodJR+bzcaBAwdo1KiR0VEKSE5OJj4+npo1axodpYDTp0/j5eVF2bJljY5SwOHDt/8wt+L5rCFt8av5ClnHJhgdBYc1jO3nfzI6RqF6ocWTtC7XxOgYIiIiIiJSRDyrK4uIiBRr27dv5/333+fVV1+lfPnyrvURERGcPn3atXzq1CkqVaqUb9/WrVuzZ88eYmNjuffee4sss4iIiIgYw6tMH3yrTjQ0g3eZ/sRlXuJsepyhOQrTM02H0qfm/QT7BBodRUREREREiogKwCIi4hbp6eksWCE9zfgAACAASURBVLCAqVOnEhoamu+xqKgoNm7cSFxcHOnp6axZs4Z27drl28bX15fGjRvzwQcfFHhMRERERG4/JrMv3uWH4FvlWcMyeJXuztdnfjCs/cI2vtmjPFK3J74WH6OjiIiIiIhIEfKssQxFRKTY2rZtGwkJCQwdOjTf+vfff58GDRrQq1cvRo4cic1m4/777+eBBx4ocIz27dvzyy+/eOSwsSIiIiLifiaLHz4Vn8RkDSHreNH3Bs72b8D283OKvN2iML31WHpUa4/VrJ9+RERERETuNPoWICIibtGpUyc6der0u4/37t2b3r17F1g/Z87//eDWsmVLWrZs6Vp+7bXX3BtSRERERDyPyYJ3+cGYfSPI2D+4yJo1e4dRwrsk28/tKbI2i8p/7vsnkeWbYTFbjI4iIiIiIiIG0BDQIiIiIiIiImI4a2h7App9DZiKpD3v8o/yQ9xech15RdJeUTBhYnXnWdxbobmKvyIiIiIidzAVgEVERERERETEI1j8axHU8kfMfpULvS1rqY5sPbu70NspKpUCy7G59wruLl0Ps0k/94iIiIiI3Mn0jUBEREREREREPIbJO5zAprF4lepYqO1keVVg+/nbY/jnzlXasr7761QMKGt0FBERERER8QAqAIuIiIiIiIiIZzF741/3dfyq/7NQDm8NaUOe08GBS8cL5fhFaXrrMbzWdjw+Fm+jo4iIiIiIiIdQAVhEREREREREPI/ZG6+y/Qlo+hVm/+puPbR32f58c+a/bj1mUasWXJEveiylZ/WOeJmtRscREREREREPogKwiIiIiIiIiHgkkyUAS4m6BDb7Bt+qE912XFtQy2I9/PNjDfrwRY//UD24IhbN9ysiIiIiIv9Dt4iKiIiIiIiIiIcz4RMxHK/waDIPP4U99dZ675q9SrH9XPErADcOr8u0VqMoXyIcEyaj44iIiIiIiIdSAVhEREREREREPJ/Jgtm3EgGNPsCW9B2ZR57CmZdww4fxKf8wv6ae5WJWYiGELBylfEOY2moUURWa423xMjqOiIiIiIh4OBWARURERERERKT4MFmxhkYR1PJHcs+/RfbJf+F0ZF337l7h0Xx7emchBnQfX6sPE5s9Tv9anTFrqGcpJhISbvzGjDuZzlfx4QmvVVhYmNERRESkmFABWERERERERESKH5MZ77ID8C77IDmnF5JzdjlOW/Kf7pbpW4ft5z4rgoA3L8QnkJGN/saAWl2xmi0q/kqxogLVjdH5Kj70WomISHGiArCIiIiIiIiIFE9mbwC8KzyKT+Ux5CVsJOe32djTD1x7c9+K+HoFsu28Z87/Wze0GsMb9KdLlUhyHXka7llERERERG6KCsAiIiIiIiIiUqyZrEEAeIU9gFdoexy5F8iL+4Cc06/nGx7au8JQvju326iY1+Rr9aF/zc4MrB1NhYDS+FguF7Wv/L+IiIiIiMiNUgFYRERERERERG4fZm/MvpXwqTQGn8pPY0/fR96FGHLjYrCU7MD2/RuNTkiAlz/tIlowoHZXmpWpT57dpt6+IiIiIiLiNioAi4iIiIiIiMjtx2QBwBJwF+ZqNfGt/k8uZiVRJ7Qazco0YHfcAZw4iyYKJpqWrsd9lVrRtnwzaoZUIjMvmwBvfwAVf0VERERExK1UABYRERERERGR25rJ7AdAaf9SdK/Wngcqt8Xfy5czaRc4mHiCHXE/cyjxJL+knOFSdvIttVXKN4SqQRVoEFaTFmUaUTe0GuUDSpNrz8s3rPOV4q+IiIiIiIi7qQAsIiIiIiIiIncMq9mK1Xz555CKgeWoGFiO+yu3JjMvG4vZgsVkJiUnjeScNJJzU0nJSSM1N4P03Ewy7dnk2nMJ9CpBsE8gIT5BlPQNoqR3EME+AQR4lcCJA7vTie//zOGrOX1FRERERKSoqAAsIiIiIiIiInc0EyZKePm5lsP8ShLmV/Imj2ZBAzqLiIiIiIiRzEYHEBERERERERERERERERER91ABWERERERERERERERERETkNqECsIiIiIiIiIiIiIiIiIjIbUIFYBERERERERERERERERGR24TV6AAiIiLulpCQYHQEj8jwv7Kzs3E4HB6Zzel0kp6ejs1mMzpKAVarlcTERMxmz7pvzmazYbFYPPL1zMzMxG63e2Q2u91OZmamR2azWCwkJydjtXrWR3SHw4HVavXIc5adnY3T6fTIbHl5eR77PhARERERERGR25tn/bokIiLiBmFhYYa2n5CQYHiGa7HZbOTl5XlktqSkJAICAggJCTE6SgFnz54lNDTU44py2dnZHnutJSQkYLfbPTJbWloa/v7+HpntwoULhISE4Ovra3SUfGw2G+fPn/fIc5acnExWVpZHZsvKysLLy8sjs6koLSIiIiIiInJ786yuLCIiIiIiIiIiIiIiIiIictM8qyuLiIiIiIiIiIiIeIxVq1axfft2HA4H48aNo1atWkZHEhEREZE/oQKwiIiIiIiIiBRLuUePk/TGCjJjt2C7GI+1dDj+7SIp+egQvGvVMDqeSLG3b98+Dh06xOLFizl16hTz5s1j1qxZRscSERERkT+hIaBFREREREREpNhJW7ueUx2jSV29BtvFeABsF+NJXb2GUx2jSVu7/pr7xcfH07Rp0wLra9WqRWZmJjt27GDUqFF/2PagQYPYtWvXn2bcu3cvUVFRLFy40LUuJSWFv//973Tr1o2ePXu6jnPmzBlGjRrFuHHj2Llzp2v7Tz75JN/+IkVp7969tG3bFpPJRJUqVUhNTSUnJ8foWCIiIiLyJ9QDWERERERERESKldyjx7kwcuwfbnNh5Fh8ate64Z7ALVq0oEWLFrcSD4BTp04xe/Zs2rVrl2/94sWLqVatGosXL+bs2bMMGTKEDRs28OGHH9K/f3/q16/PhAkTaN68OampqXzwwQe8+eabt5xH5GZcunSJatWquZaDg4NJSkqibNmyBqYSERERkT+jArCIiIiIiIiIFCtJb6y47u3KzHjpho69bds2VqxYwRtvvMHOnTuZOnUqJUuWJCoqiuXLl/Pdd98BsGXLFubNm8dvv/3G6NGj6dmzZ77jlC5dmmXLlrFkyZJ860+ePMlDDz0EQIUKFQgLC+PgwYMkJSURFBTkKrABzJgxg9GjR+Pl5XVDz0HEXf732nM6nZhMpj/cp1mzZoUZ6bZzp5+vBkYHuAHNmi0wOsJ1jT4hIiICKgCLiIiIiIiISDGTGbvFrdv9nmnTpjF58mRatGjBvHnzMJv/byYtu93OqlWrOHjwIGPGjClQAPbz87vmMevVq8fmzZuJjIzk9OnTHDlyhLi4OCpVqsSpU6fw9/encuXK7NmzB7vdTnZ2Ns8++yxly5Zl7Ng/7vUs4m6hoaEkJia6llNSUggJCfnDfVSgEhERETGe5gAWERERERERkWLlypy/N7tdamoqkZGR+f5nt9vzbeN0Ojl27Jird17nzp3zPd62bVsAIiIiSElJue7sjz/+OHl5efTt25e5c+fSsGFDfHx86N+/P9u3b2fhwoX8/e9/57XXXmP8+PEsXLiQ6dOnk5WVxY8//njd7Yi4wz333MOWLVtwOp2cOHGC8PBwfHx8jI4lIiIiIn9CPYBFREREREREpFixlg6/riKwtXT4NdcHBQWxZUv+3sG1atUqsN3Vw91e3fsXwGq15tvuevn7+/Pyyy+7lrt06UJERAQBAQGu9UuXLqVnz56EhITgdDqxWCxUrFiR3377jbvvvvu62xK5VdWqVaN27doMHToUHx8fxo8fb3QkEREREbkO6gEsIiIiIiIiIsWKf7tIt253LSaTiSpVqrB3714ANm7ceNPHutrHH3/MzJkzAfjhhx/w9vamatWqrsfPnTvHDz/8QO/evV05ABITEwkLC3NLBpEbMWzYMFasWMGSJUvyXasiIiIi4rnUA1hEREREREREipWSjw4hdfWa69ruVjz33HNMmDCBChUq0KpVKywWy3Xvu27dOubPn++aP3Xt2rVMnjyZjh078sknn9C5c2e8vLxcxeArpk+fznPPPedajo6O5umnn8Zut/OPf/zjlp6PiIiIiIjcGVQAFhEREREREZFixbtWDcoumMWFkWN/d5uyC2bhXatGgfXh4eHs3r27wPqjR48C0Lp1a1q3bg1c7n27aNEiqlevztatW129H9966y3XfkFBQezYsaPA8bp27UrXrl2vme3NN9/83dzz58/Ptzx48ODf3VZERERERORaVAAWERERERERkWIn8K9d8Kldi6Q3VpAZuwXbxXispcPxbxdJyUeHXLP4e6PMZjNPPfUUJUqUAGDq1Km3fEwREREREZHCpgKwiIiIiIiIiBRL3rVqUGbGS4V2/DZt2tCmTZtCO76IiIiIiEhhMBsdQERERERERERERERERERE3EMFYBERERERERERERERERGR24QKwCIiIiIiIiIiIiIiIiIitwkVgEVEREREREREREREREREbhMqAIuIiIiIiIiIiIiIiIiI3CZUABYRERERERERERERERERuU1YjQ4gIiJytffee481a9Zgt9tp164dI0eOxGzW/UoiIiIiUtCx5FMsP/gRW87s5GJWIqX9QomMaM7Qer2oGVLZ6HgiIiIiIiKGUAFYREQ8xp49e1i3bh0LFy4kMDCQyZMn8/nnn9OtWzejo4mIiIiIh1n3y7c8tWV6vnUXsxL58NhGPjy2kTmRz9G16r0F9ouPj+eBBx5g9+7dhZJr9erVvPnmm5jNZgIDA5k5cyYRERFERkbi7e2NyWQCYNiwYTz44IP59j116hTPPfccqampmEwmnn/+eZo3b86LL77Itm3bXNvFxcUxe/ZszGYz69evJzc3l+eff55SpUoBMGnSJHr06EHz5s0L5TmKiIiIiIhnUwFYREQ8xtatW4mOjqZMmTIA9OvXjw8//FAFYBERERHJ51jyqQLF3//11Jbp1CpZpUh7AqemprJ69Wo++OADAgICWLJkCUuWLOFf//oXGRkZxMbGYrFYfnf/KVOm8OCDD9KtWze+//57nn/+eTZs2MCLL77o2iYpKYnBgwfTpk0bhg0bxrJly4iNjWXt2rU88sgj7N69G6fTqeKviIiIiMgdTGNqioiIxzh79iwRERGu5QoVKnDmzBkDE4mIiIiIJ1p+8CO3bnfFnDlz6Nu3LwMGDGDChAnk5eUxbtw4Nm3aBMCqVauIiopybX///feTmJjoWg4KCuKjjz4iICAAu91OXFwc5cqVA8Bms/1h8Rfgtddeo2vXrsDlz8KZmZkFtpk5cyYjR47Ex8eHzMxMfHx8CAkJITExEbvdzqxZs3j22Wdv6HmLiIiIiMjtRT2ARUTEY+Tk5ODt7e1a9vb2Jisr64aP06xZM3fGumE2mw2r1fP+E+twOHA6nX/6w6MRbDYbZrPZI+d7zsvLw8vLy+gY1+TJ15rD4fDIbJ58rXnq6wme+z7w5GvNbrdjMpk89lr76aefjI4hcku2nNnp1u0AfvjhB7Zs2UJMTAwWi4VRo0axZs0a2rRpw86dO+nQoQM7duygevXqnDt3DqvViq+vL6GhoQWOtXLlSmbPnk2zZs2YOHEimZmZOBwOnnzySc6dO0flypWZPHkyYWFh+fYLDw93/b148WIGDBiQ7/HTp09z6NAhXn75Zdf2Fy9e5OTJk1SpUoU33niDPn36EBMTw4kTJ2jVqhXdu3e/7nMgIiIiIiK3B8/7pURERO5Yvr6+ZGRkuJYzMjLw8/O74ePs2rXLnbFu2OHDh6lTp46hGa7lwoUL5OXlUbFiRaOjFHDs2DHCw8MJCQkxOkoBe/fupX79+h5XYMrOzub48eM0aNDA6CgFJCQkkJaWRtWqVY2OUsAvv/xCYGBggR/cPcH+/fupUaMGvr6+RkfJx2azceDAARo1amR0lAKSk5OJj4+nZs2aRkcp4PTp03h5eVG2bFmjoxRw+PBhoyOI3LKLWYl/vtENbAfw008/0apVK9fNcq1atWLfvn089dRTrFq1CqfTyaVLl+jevTs7duzAarUSGRl5zWM98sgjDBo0iBkzZjB16lQmT57M+PHj6dSpE+Hh4SxcuJAXX3yRBQsWFNjXbrfz/PPPY7fbefzxx/M9tnz5cnr37u1afvrpp5k+fTpBQUEMHjyY6dOnM3XqVKZPn878+fMZMGAAXbp08cibeEREREREpPB43u3oIiJyx4qIiOD06dOu5VOnTlGpUiUDE4mIiIiIJyrtV7DX7a1sB+B0Ogssm81mwsPDsdls7Nmzh5o1a9K8eXP++9//8sMPP9C2bdt8+yQkJLBt2zYALBYLffv25fvvv8fHx4eHHnrI1cP3r3/9KwcOHCiQweFwMGrUKIKDg5kxY0aBUQQ2bdpE586dXcu1atVi9uzZ/POf/2TWrFlMnDiRs2fPum74Cw0N5dKlS9d9DkRERERE5PagArCIiHiMqKgoNm7cSFxcHOnp6axZs4Z27doZHUtEREREPExkRHO3bgdw9913s2PHDux2OwDbt2+nSZMmwOXewK+//jr33HMPNWrU4NixYxw4cIC777473zFsNhtjx44lPj7edYwaNWpw+vRp+vfv75rTNzY2lvr16wMQHx9PXFwcAEuWLKF06dLXnMP3t99+w+l0UqpUqQKPffHFF9SsWZNq1aoRGhpKcnIyACkpKQQHB1/3ORARERERkduDZ41lKCIid7QGDRrQq1cvRo4cic1m4/777+eBBx4wOpaIiIiIeJih9Xrx4bGN17XdtaSlpdGxY0fXcqNGjXj11Vdp27Ytf/vb37BYLNSoUcM1f27r1q1ZtmwZU6dOBS7PvetwOAoMrVy2bFkmTpzI4MGDMZvNlCxZkldeeYWIiAjat29Pr1698Pb2JiwsjOnTpwPw7rvvkpmZyXPPPceyZcsIDg7O9xl4zZo1lChRgvPnz19zWPnMzExWrVrFihUrAKhevTpOp5Px48fTvHnzm5pSRcRdHnnkEbceb+XKlW49XlHz/bt782cvdu/59TRvHUxz6/EG1Qt06/FEREQ8mQrAIiLiUXr37p1vXjMRERERkf9VM6QycyKf46kt0393mzmRz1EzpHKB9eHh4Rw9evSa+4wePZrRo0cXWB8ZGcnx48ddy4sXL/7ddrt37+4qHF9t+PDhDB8+/JptXrF79+7fPW6LFi348MMPC6z39/fn3XffzbfuSnFZ5HY3cuRIDhw4QHp6Ona7neDgYMqVK1fgPXGrNm3aRIcOHdx6zMJw9OhROnfuzMcff8xdd93lWt+hQwe6dOnC2LFjiyTHwoULCQsLo3///kXS3s3atWsXS5Ys4Y033nCtW7hwId7e3jz22GMGJhMREbl1GgJaRETueI8++iiffPKJ245Xp04dtxznyJEj/OUvf6FPnz5/uN3w4cOvK3/ZsmVd88F5mpo1axISEmJ0jGtq1KgRVqvn3TPn6+tLgwYNbukY7r72rwgLC6Nq1aq3fJzryXfw4MEbGiq+atWqhIWF3Wq0QtGgQQN8fX2NjlGA1WqlUaNGRdKW3W7n008/ve7tQ0JCqFmzZiEmunkVK1a8Zk+967FixQqee+45Nyf6P+7675SI0bpWvZf13V+nT81Orrl+S/uF0qdmJ9Z3f52uVe81OKGIFLYFCxYQGxvLmDFjeOihh4iNjf3T4q/D4bihNs6fP8/69etvJWaRqlixYr68R48eJTc318BEIiIiYgTP+zVTRESkiM2aNQsfHx+jYxSwY8cOGjduzKJFi4yO4nYOhwOz2bPuQ7Pb7VgsFqNjFClPvfav8PR84n5Hjhzhk08+uWbPORGRa6kZUpnpfxljdAwR8SDZ2dmMHTuW1NRUsrOzXcOhd+7cmaioKMxmMyNHjmTUqFFkZ2fTunVrYmJi2Lx5M/v27WPGjBlYrVYCAwOZMWMG06dPZ9euXaxYsYIhQ4YY/fT+VIMGDdi2bZtr+YsvvuAvf/mLa3nOnDl8//332O12unXrxuDBg1m3bh2fffYZwcHBnDlzhu7du9O/f3/XtExnzpzh0qVLzJs3j6CgIKZOncqvv/5KdnY2jz/+OO3atWPjxo0sWLCAqlWr4nQ6adOmjRFP321SUlJ4+OGHad68OWfOnKFEiRK8+uqrTJ06FafTSW5uLseOHaNPnz7s3buXQ4cO8cYbb+Dv73/N62/KlCk4HA5yc3P59ddfeeGFF275hl4REZE/4lm/vIqIiBhg7NixbNiwAYCff/6Z7t27ExUVRadOnfjhhx8AOHToENHR0cyaNYsBAwZw3333sWXLlkLL9N1337Fo0SJ++OEHhg4dClweiqpjx47cf//9vPjii+Tl5bm2P3r0KH/9619p2bIl48aNy/eYu4wYMYJ58+bx6KOPcu+99zJ//nyWLl3KwIED6dixI4cOHQIgOTmZYcOGERUVxb333subb77pOsZdd93F4sWLadq0KZmZmW7N93vt7t+/n06dOjFt2jT69evHAw88wI4dOwBYtmwZzz77LNHR0cyZM8dtWa5cLzNnzqRv37506tSJHTt2MHz4cDp16sQLL7zg2vbjjz+mQ4cOREVFMXDgQM6fP8/XX39dYP7rbt26sWnTJrdlhP+79vfs2ZNvHsSrl1euXMmECRMYM2YMvXv3pnv37pw9e9atOf4sH0DdunWJj493Pfa/y4XJ6XTyr3/9i6ioKCIjI3nmmWew2+0ADBkyhM8//9y17dXLS5YsoU2bNnTv3p3333+fyMhIt2dbunQp7du3Jyoqir59+3L69GkAfvnlF9d7s3v37vz444/AH78fCsP69et54IEH6NChAwMGDODEiRPA5XM6a9Ys7r33Xtq0acMbb7xBRkYGjz/+OLt27WLQoEGFkmfEiBEsXLiQYcOG0aVLF0aMGOF6LY8cOULfvn2577776NKlC5s3bwagR48ebNz4f/OMfvnll26fqiAnJ4ennnqKtm3b0q9fP3777TfXYxkZGYwbN4777ruPTp065evV9MUXX9CxY0f+8pe/8PTTT6t3j4iICJCQkEDHjh15++23mTp1qmvIdovFwt13380zzzzDF198QUREBG+99RZlypQhOzsbgBdffJE5c+awYsUKateuzZo1axg8eDAtW7YsFsVfALPZTK1atdi/fz8A27ZtcxWA7XY7vr6+vPfee6xevZqlS5fidDoxm83Ex8czY8YMli9fzoIFC7Db7ZjNZu6++25mzZrFPffcw5o1a9i0aRNeXl6sWLGCN954g+nTp+N0Ol37zp07l0uXLhl5CtzCZDJx7NgxnnzySRYvXszRo0dJSEjAZDIREhLCSy+9RL169Th+/DgvvfQSLVu2ZMuWLX94/QUGBjJz5kzGjx/P/PnzDX6GIiJyu1MBWERE5CqTJ0/mkUce4ZtvvmHkyJFMmTIFuPxl7ejRozRr1oz33nuPMWPGFOoXtjZt2riKhcuXL2fTpk189tlnfPTRR2zYsIELFy7kKwJs3bqV9957j9jYWPbv318oQ5RZLBb27t3L0qVLWblyJfPnzyc0NJR3332Xbt268c477wCwaNEiwsPD+eabb3jnnXf497//TVxcHABeXl6kpKTw448/4u/v79Z8v9eu2WzmxIkTtGvXjg8++IBx48YxceJEV57Y2FgWL17M008/7bYsV66X++67j5iYGOrWrcuLL77IvHnz+PTTT/noo4+4ePEiycnJTJo0iRUrVvDNN99QtWpVFi5cSGRkJPHx8Rw+fBiAc+fO8dtvvxVKAfHPmM1mvvrqKyZOnMiaNWto2LAh77//fpHnMNLXX3/N1q1b2bhxI5s2beLgwYOuwvTvOX78OEuXLuXjjz/mww8/5KuvvnJ7D/OkpCQWL17M2rVr+eabb3jwwQf59ttvARg1ahTdunXjq6++Ytq0aYwcOZK8vLw/fD+427lz55g0aRKvv/46mzZtonv37jzzzDMAbNy4kW3btrFx40Y+//xzli9fztGjR5k0aRLNmjXjrbfeKpRMFouFbdu28frrr7N27Vp++eUXvv/+exwOB6NGjWLw4MFs3ryZuXPnMnbsWJKSkujcuTNfffWV6xhffvklXbp0cWuuDz/8kPPnz/PNN9+wbNkytm/f7nps9uzZOJ1ONm3axOrVq3n99dc5dOgQcXFxTJkyhRUrVrB161ZSU1NZvny5W3OJiIgUR6Ghofz00088+eSTzJ07l5SUFNdjV+bFPXbsmOvv++67D4Dc3FyOHDnCP/7xDwYOHMjmzZtd32OKm86dO7NhwwZ+/fVXIiIi8PLyAi5/FrJarfz9739nzJgxJCcnu24guzLlh6+vL8HBwSQmJgLQuHFjAGrVqsXJkyf5+eef+eabbxg4cCCPPfYYDoeD+Ph48vLyCA8Px2Qy0bRpUwOetfuYTCYAKlSo4JqqqFSpUqSmpgJQu3ZtAEqWLEmNGjVcf6elpf3h9fe/51JERKQwaQhoERGRq3zwwQeuL8ctWrTI1wvLz8/PVYCrUaMGFy5cKLJcX331Fb169SIwMBCA/v37s3TpUh5++GEAoqOjCQgIAKBDhw7s2bOnUIZQjYqKwmQyUalSJex2O1FRUQBUqlTJdYf5+PHjXT2QIyIiKF++PGfPnqVMmTIAdOrUyfWF2p1+r11fX18CAgJcQ5C1a9eOESNGkJSUBFweIq0w5kYOCgri7rvvBi6fn6CgINdwxuHh4SQkJFCvXj127txJiRIlAGjZsiUffvghVquVzp07s3btWurUqcPGjRvp0KED3t7ebs95PZo1a0Z4eDhweb7mffv2GZLDKO3bt6dVq1au169x48b5/m24lp07d3LPPfe4zlvPnj157bXX3JrLz88Pp9PJp59+SpcuXVy9Us+dO8evv/5Kv379gMs/dJYuXZoff/yRwMDA330/lCxZ0q35vvvuO5o2bUrlypWBy+dg0qRJpKWl8fXXX9O1a1d83vEOhQAAIABJREFUfX3x9fXlyy+/xM/Pr0j+Xe3QoYNrXu9q1apx4cIFzpw5w7lz54iOjgYuX+c1a9Zk9+7ddOnShZ49e7p6CsfGxrr1hhG4POR/p06dXD1DOnTo4PrRddOmTcyZM8fV2+RKQToiIoK7776biIgIAObNm3fHDWMvIiJyLe+++y5eXl4sXLiQEydO8Oyzz7oeu/J52ul0ur6TXP3/QUFBBeYQ3rVrVxEld5/IyEgWLFhAUFAQDzzwADabDbg8Gsy6deuIiYnBarXSokUL1z5Xz43scDhc5+XK+qvXDR06lAcffNC1/ZUe1Fdc+dzk6UqUKJGvQAuXe5DXrVsXoMC0RU6nEyDfZ66r/3Y6nX94/V3rXIqIiBQWFYBFRESusmnTJt566y1sNhs2m831BQ9wFeng8hfBovxSe+nSJTZt2uTqZWu32wkLC3M9XqpUKdffwcHBhTZE75Veu1e+5Pr5+bmWr5yPQ4cOMXv2bBITEzGbzZw/fz7fjwnuLjJd8UftBgUFubazWCz4+vq6vuhfuaPb3a7u4WyxWFzn6sqy3W7H4XDwn//8h61btwKX55kqX748cHnI53HjxjFu3Di+/PJLhg8fXig5r8fV177JZMr3et4JkpKSmD59OidOnMBkMnHmzBkGDx78p/tcfW1deV3dydfXl3feeYfFixczc+ZMGjZsyEsvvURycjI5OTmuGzQAMjMzSUxMJDAw8HffD+5+b166dCnfOfDx8cHPz4/ExEQuXbqUL8eVG1iKwrX+Lb+S9eof4oKDg7l06RIVK1akXLly/Pjjj9hsNqpVq0a5cuXcmiklJYXg4GDXckhIiKsAfOnSJZ544glX0To3N5euXbvi5+fnuikIyPdvjIiIyJ0sKSmJSpUqAZenS7jWFAmVK1fmwIED9OjRg9jYWODy6EClSpVi3759NGzYkJiYGGrXro3ZbC520yx4e3tTrVo11q9fz+rVq13PMTExkXLlymG1Wvnuu+9IT0933UT7448/YrfbyczMdPVkhcsF8Pvvv5/9+/dTo0YNKlSowOrVq3nwwQdJS0tj0aJFjB8/HrPZzMWLFylVqhQ7duxw3QToyWrVqsXFixfZu3cvjRo14uzZs2zatInHHnvspo/5R9ffrl276NKlC/v376d69eoArs/uZcqUISsri4SEBCpWrIjD4eDkyZOuHsYiIiI3SgVgERGR/y8uLo5nn32Wzz77zNXD14ghd68lPDyckSNH/u68U1fftZyamlpoRc3r8dRTT/H444+7eh+2a9cu3+OFdafzH7WbnJzsuss/NzeXrKws1zky8s7rdevW8eWXX7J69WqCgoL45JNPWLNmDQDNmzfH4XCwefNmjh075uqxWRgsFku+mx0yMjIKra2bdXXGvLy8Qpnn+vdc6bkbExODxWLhueeecz1mNpvznbv09HQAAgMDSUtLc60/f/58oWSrV68e8+fPx2azMW/ePKZNm8bUqVPx9/e/5jzlBw8e/MP3gzuVKlWKnTt3upazsrLIysoiLCyMUqVKuQqcABcuXMDX19ftGa5XqVKlSE5OxuFwuHp6JCUluW60eeCBB9i8eTM5OTl07drV7e0HBwe7hhSEyz1PrggLC2PhwoXUq1cv3z4fffRRvnOYkpJCZmam24vTIiIixU23bt0YO3YsW7ZsoVevXuTl5RETE5Nvm+joaIYPH87f/vY37r33XtcoUC+//DJTp07Fy8uL4OBgunbtSm5uLnv37uXVV19l3LhxRjylm9KlSxc+++yzfJ+xmjdvzsKFCxkyZAiNGzemR48eTJs2jaioKMqXL88TTzzB+fPnGTNmjOsz0c8//8zbb7+N0+lk0aJFBAQEsG3bNvr374/NZuPxxx8HYNy4cQwaNIgKFSpQrVq1fJ+RPZXFYmHBggVMmTKFlJQUfHx8eP755ylfvny+z2Y34o+uv+zsbIYNG0Z8fDyvvPIKcHlqlKNHjzJlyhQOHz7MvHnzWLFiBdnZ2QwePDjf1CAiIiI3QgVgERGR/y8lJQV/f3/X8MYrV67E4XAUGM7KCPfddx/z58+nX79+lChRgvfffx8vLy/XkK8bNmzgoYceAi73Yh41apRhWZOSklyFik8++YTExEQyMzMNa9ff35/s7Gy++OILOnfuzPr166lZs6ahRfIrkpKSiIiIICgoiJSUFNasWeM6VyaTiejoaP75z3/SsWNHV++/wlCmTBni4uJITU0lKCjoT+e3NUKZMmU4duwYpUuXZt26dUVauE9OTqZJkyZYLBYOHTrE999/75oDtmzZshw7dgyAU6dOcejQIeDyHGrz5s0jOTmZgIAAVq9e7fZce/bs4T//+Q9z5szBx8eHqlWrcvDgQcqWLUulSpVYu3Ytf/3rX0lMTGTq1Km8/PLLAEX2foiMjOTll1/m1KlTVK5cmZiYGJo3b06JEiWIiopi4cKFDBw4ELvdzoMPPsjs2bPx8vIiLS0t37CMRaFixYqUL1+ezz//nG7dunHw4EFOnTpFs2bNgMs/oI4aNYq0tLRCeS2bNGnCxo0bGTRoEGlpaXz11VeuIRk7dOjAu+++y7Rp07Db7fz73/+me/futG7dmqlTp3L8+HGqVq3KpEmTaNCgASNGjHB7PhEREU83cOBA19+1a9dm3bp1ruUrn9v69u3rWpeRkcFjjz1GVFQUx48fd904d6Xn79X8/f1dI/Z4ulq1ajFv3jzg8meIDh06AJfnBO7cuTPANT/LbNiwgSpVquS70fGKJ554It/oRgAvvPBCge2io6Nd02kUJw0bNuSTTz4psD4oKIgvvvjCtbxixQoApkyZ4lo3evRo199X9xq+1vV34MABOnToQPv27fO1079/f9ffTZo0cbXj7++v4q+IiNwSFYBFRET+v1q1ahEVFUWHDh0IDg5m4sSJ/PTTTwwaNIiXXnrJ0GwdOnTg6NGjdO/eHZvNRtWqVV13DDscDlq3bs2AAQO4ePEikZGR3H///YZlHTNmDMOHDycwMJB+/frx8MMPM2HCBD788END2p0+fToVK1Zkz549vPbaa5hMJte5M1p0dDSffvop9913H2XLluWZZ55hxIgRvPbaazz99NN069aNpUuXFkqPw6uVKVOGgQMH0qtXLyIiImjXrh3ff/99obZ5o8aOHcvkyZMpX748UVFRhIWFFdlQ1MOGDePpp58mJiaGu+66i0mTJvHss8/StGlTHnnkEUaPHs327dupWbMmkZGR2O127rrrLnr16kWXLl0oX748PXr0YPny5W7N1ahRIyIiIujQoQMWi4Xw8HCmT58OwNy5c5k0aRKzZs3CbDYzbNgw1w93RfV+KFu2LNOnT2f48OHk5eVRvnx5Zs6cCVzuUXvw4EE6deqE0+lkyJAhNGnShPj4eOLi4mjdunWR/uBlMpmYN28ekydPZt68efj6+jJ37lzXsMxVq1bF4XBQpkwZ13zm7tS/f3927txJmzZtKF++PJ07d+bixYvA5dENXnjhBdq3b4/dbqd9+/bUqVMHq9XKSy+9xPDhw8nIyKB169YMHTrU7dlEPJ098yi5Z/5DXmIsztw4TN5l8Apth3fE41j8axkdT+SOt3LlSqMjXFNgYCBvv/02CxYsAPIX9QpT9uJHiqSd28WgeoF/vpGIiIhck8lZHMbjEBFxM6fTidPpxOFwYLfbXfO9ZmRkFMo8je507tw5j89Y3Dz66KNER0fTo0cPo6NIITh48CAjR47k66+/NjrKDYuLi6Nnz55s3brVNe+yO3n6te/p+f7M1cMJ79ixg1deeYWPP/7Y0EzF+f0gd6ai+Nyjz1bFV178Z2QeeuJ3H/evuwiv8G4F1sfHx9OyZUuef/55Hn74Ydf6//73vwwYMIBVq1bRunXr68rw+eef8+233zJz5kyGDBnCM888U2DIdnf46KOPmDBhAkePHgUuj7Lg7e3tGi1h2LBhPPjgg9fc9+TJk0RHR7Nq1SqaNWvGvn37ePnll/Hy8iIrK4tRo0bRtm1bYmNjWb9+Pbm5uTz//POUKlUKgEmTJtGjRw+aN2/u9ud1u9C/VSJSXBSHf0vOnTtHiRIlsFqtWK1WLBYLZrMZk8lk6BROIiJGuDIlwU8//XTd+zRu3BhQD2AREbnDORwOLl26RIkSJYyOIoWoON7v5nQ6mTVrFgMHDiyU4q+nX/uenu/PJCYmEhUVxZo1a6hZsyYfffQRTZo0MToWUDzfDyIi/8ueefQPi78AmYeeIKBEnWv2BK5YsSKfffZZvgLwZ599RqVKlW4605VhO93twoULrF69moCAANe6jIwMYmNj//Qzgt1uZ/LkyVSvXt217qWXXmL06NG0atWK48ePM2zYML799luWLVvGsmXLiI2NZe3atTzyyCPs3r0bp9Op4q+IiIiISDGjArCIiNzRHn74YdLT07nnnnuMjiLiEh8fT9euXWnYsCFTp04tlDY8/dr39Hx/JjQ0lIkTJ/Loo49it9upX7/+NedUExGRm5N75j/XvZ1frVcLrA8MDMTLy4sTJ05QvXp1bDYbO3fupGHDhq5tvv32W5YsWYK3tzdms5mXXnqJ8uXL8+abbxITE0PlypXzzaHer18/pkyZwoYNGwgPD2fIkCEAtGvXjvfee49Tp06xePFiqlatytGjR6lUqRLVqlXjyJEjnDx5kmXLllGyZMkCWSdPnszk/8fefUdHVa19HP9NSUIaoYYeepAmoShKkd470hUQFb1cUQG5gqiIFVTELlKk6CtN6SgqSJfeO0gnhBRIbyRT3j8iI0NCSEJCSPh+1sq6mXN2ec5xe+5xnuy933hDTz3179KxFoslQ38gNn36dLVt29Zpa4fChQsrPDxcUsqMgmLFikmS4uPj5ebmpkKFCuno0aOyWq2aMmWKvv7669v2AwAAAODeQgIYAHBf++GHH3I7BOSwGjVqaP369bkdRqYUL15cO3fuzNE+7vWxf6/HlxH9+vW75XKcuSUv/vsAAGlJDs/Ysyw5fL3c0zhut9vVrVs3LVu2TK+88oo2bNigJk2aKCwsTFLKDNv33ntPS5culZeXl3755RdNnjxZ48eP11dffaUNGzbI09NTI0eOlNmcsa9WTCaTjh8/runTp8tkMqlu3br66quvNHToUL3++utav369evbs6VRn/vz5qlGjhlNiOj4+XjabTS+88IKCgoJUvnx5vfHGG45E7nUnTpzQ9u3bNWfOHKcE8Lhx49SvXz/NnDlTly9f1rRp0ySlvH+EhobqzJkzqlChgmbOnKlevXrpp59+0unTp/Xoo4+qW7duGbpWAAAAALnLmNsBAAAAAAAAZIY9KeSOy3Xs2FGrV6+W3W7XihUrnPacP3nypMLCwvTcc89pwIABmjt3rq5evarTp0+rQoUKji0KGjVqlKm4/f395erqKpPJpEKFCjn2Cy5atKhjf6/rAgMDtWzZMr300ktOx00mk8aMGaMJEyZo6dKlqlq1qiZMmOBUxmKx6K233tJ7772Xar/E8ePH66233tLSpUs1Y8YMjR49WjabTa+88oomTpyoEydOqE6dOtq1a5caNmyogwcPatKkSVqwYIGSk5Mzdb0AAAAAcgczgAEAAAAAQJ5icC2RoSSwwbXELc/5+PjI399fGzdu1NmzZ51m2RoMBpUvX17z5s1zqrN7926nz1arNXWfNyVcbyxz87LNN36+eY/2NWvWKCoqSn379pUkxcTE6PHHH9ePP/6oJ5980lGuS5cu+vnnn53qHj58WKGhoRoxYoQk6ezZszp37pw++OADbdu2TTNmzJAk1a5dW3FxcQoLC5O/v78+/fRTSdILL7ygcePG6dKlSypXrpyklO0Nrl69qpIlS6a6ZgAAAAD3FhLAAAAAAAAgT3Ep0kJJwQsyVC49PXr00KRJk9S5c2en4/7+/goKCtKFCxfk5+enjRs3Kjw8XM2aNdOZM2cUFxcnT09Pbdq0yTEb+DofHx9dvXpVkhQcHKzg4OBMXl2KIUOGOPYRlqT69etr8eLFunjxokaPHq3Zs2fLw8ND69evV82aNSVJYWFhstlsCggI0Lp16xx1n3/+eQ0dOlT169dXxYoVtX//fjVo0EBBQUGyWCxOy0f/9ttvqlq1qipVqiS73a7IyEhJUlRUlHx8fLJ0LQAAAADuLhLAAAAAAAAgT3Et+1yGEsCuZZ9L93zz5s01duzYVHvbenh4aPLkyRo5cqQKFCggu92uDz/8UEWKFNF//vMf9erVS2XLllXFihUVHh7uVLdz584aPny4XnnlFRUvXlxVqlSRzWbL/EXeQrly5dSyZUv17NlTrq6uKlasmCZOnChJmjdvnuLj4/Xaa6/dsv6HH36oDz74QC4uLkpMTNQnn3zimIkcHx+v77//XrNnz5YkVa5cWXa7XWPGjNFDDz0kd/e0dlQGAAAAcK8x2G9eYwgA7gN2u112u102m01Wq1UWi0UWi0VxcXEqXbp0boeXrqCgoHs+RgAAgOxwN957eLfKu5LDVij+2H9ved6j+jdyKd71LkaE+xXPKgB5RV54lgQFBcnT01Nms1lms1kmk0lGo1EGgyHVNgsAkN9FR0dLkvbv35/hOgEBAZKYAQwAAAAAAPIgl+Jd5eX5gJICpys5fL3sSSEyuJaQS5EWci37nEwe/rkdIgAAAADkCmNuBwAAQG5YuOuMWk9ZLZ8Xf5DPiz+o9ZTVWrjrTI70NXv27HSX4bsbjh49qhYt0t8DL8dcXSMde1Ha3TLl59iLKcfuwMaNG9WyZUvVrl1bgwYN0pUrVzJULzw8XEOGDFH79u2djp86dUr9+vVTnTp11Lp1a61du/aO4gMAAHeHycNf7v6TVfCRPfJ5LFAFH9kjd//JJH8BAAAA3NdIAAMA7jtjF+/S4FmbtOXvEF2zWHXNYtWWv0M0eNYmjV28K7fDy18ufC2dfkeK2S/ZklN+YvanHLvwdZaajI6O1qhRo/TOO+9o3759ql69ut5+++1UZbZt2+Z0LC4uTv3799cDDzyQqs0XX3xR7du31759+zR+/HiNHDlSCQkJWYoPAAAAAAAAAHITCWAAwH1l4a4z+mztkVue/2ztkSzNBD58+LDatWund999V3369FH79u21Y8eOVOUOHjyobt26qXnz5mrXrp22b98uSTp27Jg6d+6sKVOmqH///mrVqpU2bdokSZozZ47Gjh2rkSNH6vHHH1e3bt106dIlSdLZs2c1YMAAtWnTRt26ddPevXsdfU2dOlVNmjRR586dtX79+kxf0x27ukYKXnDr88ELsjQTePPmzXrwwQfVpEkTmc1mDR8+XOvWrVNSUtK/TQcHa86cOU71DAaDpk+frlatWjkdt1qtGjx4sAYOHCij0ajHHntMJpNJYWFhmY4NAAAAAAAAAHIbCWAAwH1lxuYT2VLmZkajUadPn1aLFi20aNEijR49WuPGjUtV7o033tBTTz2lDRs2aPjw4XrzzTclSSaTSSdPnlSDBg00f/58jRw5Ul9++aWj7TVr1mjcuHFavHixateurQULUhKrL730krp27ao1a9bo3Xff1fDhw5WcnKxTp05p+vTpWrp0qVauXKnTp09n+pruWOiK7Clzk3PnzqlChQqOz97e3vL29lZQUFC69Tw8PFS+fPlUx00mk/r16yeTySRJOnDggDw9PVW2bNlMxwYAAAAAAAAAuc2c2wEAAJDdCgybc/tC6djyd0i6bSROfSrN415eXmrSpIkkqUWLFvrPf/6jiIgIpzKLFi2Si4uLJKlhw4a6cOGC45y7u7see+wxSVKVKlUUHBzsONegQQMVL15cklS1alUdOnRIQUFBOnfunPr06SNJevDBB+Xr66u9e/fq9OnTevjhhx11unfvrn379mXqPmTIzqZ3Vj9mf/ptPLw51aHExES5ubk5HXNzc1N8fLzGjh2r3377TTabTYmJiQoICJAk/fzzz6pSpcptw7l48aJeeeUVffTRRzIa+Ts5AAAAAAAAAHkPCWAAALJJwYIFHb+bTCYVKFBAUVFRTmXWrl2rH374QRaLRRaLRXa73XHO09PT8bvRaJTVak3znMFgkM1m09WrV3Xt2jU1b97ccS4+Pl7h4eGKjIx0iqdQoULZc5H3AHd391SJ9ZiYGHl4eGjSpEmaNGmSTp48qU8++UTTpk3LcLvHjx/XsGHD9Oabb6px48bZHTYAAAAAAAAA3BUkgAEA+c6tZuhKUuspq7Xl75B06zepWkJrR3XIdL+RkZGy2+0yGAxKSkpSQkKCU+I1JCREr776qlasWOGY4Xt9xm9WFC9eXB4eHo69gm/0448/Kjo62vH5ypUrWe4nXWnM0HU49mLKDN/0eAdI1b/MVJeVKlXSli1bHJ9DQ0OVlJSkMmXKZKqdG128eFHDhg3T5MmTVb9+/Sy3AwAAAAAAAAC5jbUNAQD3laFNq2VLmbQkJibqt99+kyT9+uuvqlq1qlMCOCoqSh4eHvLz85PVatWcOXMcSxVnRcmSJeXn56eVK1dKksLDwzVixAjFx8erXr162rVrl0JDQ2W1WrV48eIs9XFHfLtmT5mbNG3aVKdOndKWLVuUnJysr7/+Wu3atXMsrZ0VY8aM0ejRo0n+AgCQxxw5ckTPPPOMSpcuLYPBoNKlS+uZZ57RkSNHcjs0AAAAAMg1JIABAPeVvg9V0ojWNW95fkTrmur7UKUstV2uXDnt27dPrVu31tdff63333/f6by/v7+aN2+u1q1bq3v37mrWrJkaNGiggQMHZqk/Sfr88881f/58tWjRQr1799bDDz8sDw8PVa9eXQMHDlTXrl3Vvn17NWjQwGlJ6buiaBupZL9bny/ZL6VMJnl6eurzzz/XW2+9pXr16ikwMFBvvvmmUxl/f/9Uyz//8ccfql69up588kmdOnVK1atXV6dOnXTx4kXt2LFDo0ePVvXq1R0/f/zxR6ZjAwAAd8/ChQtVq1YtzZo1S5cvX5YkXb58WbNmzVKtWrW0cOHCNOv17dtXa9eudTqWmJioevXqKSQk/ZViMiosLCzNPyzz9/dXfHy8duzYoZdeeindNgYOHKjdu3enW8ZqtWrChAnq0qWL2rZt6/hjxJt9++23ateundq1a6dx48bJarUqMDBQNWrUUJs2bRw/x44dk9Vq1ejRo/X2229r9uzZjjYuXLigoUOHZuDqAQAAAOQ2g/3GzQcB4D5ht9tlt9tls9lktVod+7HGxcWpdOnSuR1euoKCgu75GPOChbvOaMbmE9p1NmVp5IcqFtPQptWynPw9evSohg8frnXr1mVnmPnD1TVS6Aop7p+ZOJ41U2b+ZiH5CwC4v9yN9x7erfKmI0eOqFatWrctd/jwYdWs6fzHf4sXL9batWs1depUx7EVK1Zo5cqVmjFjxm3bvL7lR3rCwsLUvn177dmzx+m4v7+/9u/fLw8Pj9v2M3DgQL388stq0KDBLcv8/PPP2rJliz777DOFhoaqV69e+v333+Xu7u4os2fPHr355ptaunSpzGazBg4cqEGDBqlChQqaMGGCFixY4NTm9u3btXXrVo0aNUr9+vVznH/++ef12muvqUKFCreN/X7DswpAXpEXniVBQUHy9PSU2WyW2WyWyWSS0WiUwWC47f//AkB+c32Lv/37b7PN3g0CAgIksQcwAOA+1fehSllO9t4Kf1N1C0XbkOwFAADZasqUKRku99133zkd69ixoyZOnKjIyEjHdh1Lly5V//79FR8fr/HjxyssLEwJCQnq1KmTBg8erE8//VRhYWE6cuSI+vTpo19++UXz5s2TJO3bt0/vvvuulixZkuH4//rrL82ePVszZ87Url279M4776hw4cJq3ry5Zs2apS1btkiSNm3apC+++EIXLlzQyy+/rB49eji1s2HDBvXu3VuS5Ovrq1q1amnnzp1q1qyZo0ytWrU0b948ubm5SZJKlSql+Ph4xcbGytPTM1Vs4eHh8vb2liQZjUZZLBatXr1atWvXJvkLAAAA5BEsAQ0AQDaoUaOG1q9fn9thAAAA3BdWr16d5XLu7u5q166dVqxYIUkKDQ3V8ePH1bJlS82aNUv+/v6aO3eu5s+fr0WLFuns2bNydXXVuXPntGzZMg0YMEAhISEKDAyUJP3666/q06dPlq/l3Xff1RtvvKHvv/9esbGxMhr//arGarXq+++/1zfffKNvv/02Vd2QkBD5+vo6Pvv6+io4ONipjJubmyPRferUKe3fv1+tWrVSTEyMAgMDNWjQIHXr1k0fffSRrFarypcvr/Pnz8tqtcpqtSohIUHz589X+/bt9eqrr+r1119XVFRUlq8XAAAAQM4jAQwAAAAAAPKU63v+ZrVc7969HTN2ly9frq5du8psNmvPnj1asWKFBgwYoIEDB8pqter8+fOSpAYNGjiWn+zbt6+WLFkiu92ujRs3qnPnzqn6iI6O1mOPPeb0Y7VancrY7Xb9/fffjmWeO3To4HS+adOmkqSyZcummXQ1GAxOq9DYbDanBPKNDh06pBdeeEGfffaZfHx8VLlyZT333HOaOXOmFi1apJMnT2revHmqWbOmihUrpldeeUUvvPCCJk+erJdfflkzZ87U0KFD1aJFC/34449p9gEAAADg3sAS0AAAAAAAIE8pVapUhpLApUqVSvN4QECArl27plOnTmnZsmX6/PPPHedGjRqlli1bOpU/cuSIYwllSerVq5f69++vxo0bKyAgQF5eXqn6KFiwoDZt2uR0zN/fP1W5G/cUvjl5azabncrdrGTJkgoJCVGNGjUkScHBwWrTJvXWG3v37tXYsWM1bdo0VaxYUZLk5+cnPz8/R5m2bdtq3759kqQRI0ZIkg4cOKDExEQ1bNhQX375pfz8/GS32/Xnn3+m6gMAAADAvYMZwAAAAAAAIE+5eaZsVsr17t1bX3/9tdzd3VWlShVJKbN8f//9d0kpyy+PHz9k/VfKAAAgAElEQVRecXFxqeoWKVJE1apV06RJk+5o+WeDwaAKFSrowIEDkuToO6NatWqlpUuXSpKCgoJ0/PhxNWzYUPHx8Tp79qyklJnI//vf//Tdd985kr+StGrVKr355puSUmYOb9q0yZFIllKuf/LkyRozZozjmiMjIxUeHq5ixYpl+ZoBAAAA5DwSwAAAAAAAIE8ZNWrUHZfr0aOHVq9erV69ejmODRkyRBaLRX379lWfPn1UunRpeXp6plm/Z8+eioqKcizfnFWvvfaaxo4dq6efflouLi4ymUwZrtu5c2d5enqqdevWGjJkiN555x25urrq0KFDjlm8y5Yt05UrVzR06FC1b99e7du317Rp09S6dWvFxcWpY8eO6tq1q4oWLaoBAwY42p47d666dOmiIkWKSEq5N+PHj9fs2bPvKOkNAAAAIOcZ7GmtIQQA+ZzdbpfdbpfNZpPVapXFYpHFYlFcXJxKly6d2+GlKygo6J6PEQAAIDvcjfce3q3yroULF6pfv363PL9gwQL17ds3x/p/4403VLNmTfXv3/+O2tm0aZPKlCmjypUra/PmzZo9e7ZmzZqVTVHibuBZBSCvyAvPkqCgIHl6espsNstsNstkMsloNMpgMDi2TACA+0V0dLQkaf/+/RmuExAQIIk9gAEAAAAAQB7Ut29f1apVS1OmTNHq1at1+fJllSpVSh06dNCoUaNUs2bNHOk3JCREw4YNk7+/f7bMhDUajRoxYoRjpvE777xzx20CAAAAuL+RAAYAAAAAAHlSzZo19d13393VPkuUKKElS5ZkW3tNmjRRkyZNsq09AAAAAGAPYAAAAAAAAAAAAADIJ0gAAwAAAAAAAAAAAEA+QQIYAAAAAAAAAAAAAPIJEsAAAAAAAAAAAAAAkE+QAAYAAAAAAAAAAACAfIIEMAAAAAAAAAAAAADkEySAAQAAAAAAAAAAACCfIAEMAAAAAAAAAAAAAPkECWAAAADkutNnzqiSfw09UCvA8dO4WUu9P/EjxcfHZ1s/y5av1P/GjMu29vKq4OBgNW3ROrfDyPc++muRKn0xWIdCz+Z4X6tO7lCtqc9r/uENkqRlx7eq0heDtfDIxhzvGwAAAAAA3FvMuR0AAAAAIEllypTW5vVrJUk2m02BgZf0yaefa8izz2v+/82V0Zi//3axVp362rltszw8PDJV75nnhumJ/n3VskXzbI/JbrdrwaKftGDhzzp9+rQMRqPqBtTRiJeGq17dAEnStu07NG3Gdzpw8KASE6+pSuVKemrwQD3eo7vOn7+gFm3a37L9x5o2UYf2bfXa6+NvWebVV0bqP88PzXDMK09u15z9f+hk+CVJkl9BX7Wv0kCD6rSWj5tnhtvJLWP/nKVFRzZq/aCPVL5QiQzXC4y5ovjkRAVGh+VgdAAAAAAAIC8gAQwAAIB7jtFolJ9fOU2Z/KHad+qmbdt3qHGjR3M7rPvOmNfe0M9Lljod2/LXVu3avUcrly3W/gMHNOa1N2S32x3njxw9pv+NGSe7za6HGtR3HPf29nb8HhMTI0mpkt3XyyQlJenatWspZTwznhBfdnyrRv0xTV6u7mpRoY6MBqOOX7moT7cvUdvK9fNEAjirnq/fUS0r1FHlIqVzOxQAAAAAAJDLSAADAADgnmUymdTw4QY6fOSoGjd6VBcuXNQnn36uLVu3yWazqkb16nr7rTdVpXIlR53TZ85o0kefaO/efZKkFs2b6fVxY1S4UKE0+5g6bbr+2rpd302fquTkZH3z7XQtX7lKMTGxKl26lP43aoRatWzhKB8ZFaWJH36srdu2y8XFRdWqVtVbb45T63addPjAHke5Vb+u1lfffKuwsCsqVrSIhj7ztHo93iNV/7v37NVLI15RfEKCHm3aQp4eHpoy+UM90vBhRUfHaNJHk7V23TpZki168MHaem3MaFXz95fValXT5q0VHBKi9Rs2qmSJEhr4ZH8Ne/65DN2nG3Xq2kOjRrzkdJ2S1K9vb509d15PDXpSzR5roqCgy+o/8ClFRERo9W+/q/fjPdS2dSvVqFFd/fv2kSS98NII7dq9R0uXr3AkgG+c3X3hwkW1bNtBNptNPbt309Xwq5Kkx3t018cffiBJ+unnJRoz7g25urqqU4cO6YwQZz8d3SxJWtz7TVUtWsZx/O/wS6pa5N/Pq07u0LQ9v+hUeJAKu3urW7VH9VLD7nI3u0qSrDarvtm9Sj8d3aSwuCj5FfLVkDpt1a/WrWdZh8RF6oPN87Xp/CFZ7Ta1rBjgaO9G6fXd+oexOhNxWZLU4vtXJUnrB32kcj6+mndonZad2Oo4X6dEJb3WpJ/8i5aVJC0/vk2j/pimia2eVt+azTJ8zwAAAAAAQP6Tv9fRAwAAQJ5nMBhkMBgkSTt37Vb3bl20ZcOf2r39L3Vo11YvvPiyo2zgpUt6YuAQderQXju3bdbmjX+qVKmS+uLLr9Ns+5tvp2v9hk2a8e03cnNz04mTJ1W6VCmtWr5EB/fu1AfvTNDY199UUFBK0i05OVkDBz+tCuX9tO6P1Vr3x2oNffZpjfrfWF1LSnK0+8uvv2n6zFn69qsvtGfHX/puxrf6eclSLVj0U6oYGtSvp62b18vD3V3bNq/X1s3r9UjDh2WxWDTwqWdUqJCPNqz9Xbt3/KU+vR7XoCHP6ty58zKZTNq6eb1aNG+mmdO+0dbN6zXs+ecydJ9u1rVLZ1WulDo5XK9ugH5a8H/q1LG9vLy85O9fVaVKpixL7ObmppIlS2rq11/oxReGqVixoipWrKhq16rpOF+woLeGDB6o3o/3dLQ55/sfZLPZVK5sWbVs0Uz+VatqyOCBatqkkVMZSerSqaOKFi1yy7hv5u6SknD9+5/ln6+7Mfm78MhGvfTbN7LYrHq6bjvVLF5e0/b8oudXfe4oM3rNDH26fYmqFCmjpwLays3konHrZuubXSvT7Df6Wrx6//SuVp7crhrF/dS+SgNtvXg01f67t+v72br/Lpfdp2Yzvdqotwq7e8tut+mHg3/KZDCpU9WGeqRsdW25cERPLZ+suKTEDN8fAAAAAABwf2AGMAAAAO5ZVqtV23fsUscOKYmxm2fQPvlEf834brZCQkNVwtdX06bP1ID+fdW9WxdJkoe7u14Z+bJsNluqtr/65lv9uW69fpjzndzdC0iS6terp/r16jnK1KtXVy2aN9PuPXvUtXRn/fbHGhUvXtyRaJVSkqQDnxig7Tt2Oo599sVXmv7tV6pQobwkqWyZMvrysynq+8RA9evTO0PX/tsfa+Tl5alXR49yHOvYoZ0uBgbqm2+n66NJ79+y7u3u082eH/pMhmJavmKVjh47LhcXF3XqkHpv379PndZPi1OWjO7RvasKFy6sN19/zXE+Li7OcX7QwAEy/rOncN2AOo4y23fs1LHjJyRJgwc9maG4rhv9aC8dCD6j4au/lt/Wn9S4XA01LldTbSrVk4vJLIvNqo+3/qTKhUtpYa/X5eniJkn6YudyfblzufYFn1YBs4uWn9imbtUe1eQ2KXsPj3ikh55e/omm7lmlZ+t1kKvJ+T+jFhzZoMDoK/rvQ100+tFekqTwhBg1mDHcUSYjffer1Vz7Q85o0ZGNGla/k9MewCv6vy03k4vssstms+mjrT9pxt7V2nP5bz1Wvnam7hMAAAAAAMjfSAADAADgnmO1WnXxYqA+/fxL+foW1yMNH5YkBQcHa+JHn+jsuXMym0ySpIuBgQoPj1AJX1/tP3BQ77/7dqr2jEbnhW+++OobffbFV/ris0/k5eXlOH7t2jV9/uXX2rJ1m6P9/QcOqvoDD0iSDhw8pEaPNkzVfpPG/+5PHBsbq9NnzmjcG2+lKhcREaGkpCS5uqZeGvhm+w8cVLPHmqY63rxZUy2+aV/em93uPmXFkmXLNea1N2QwGPTBe2+rTBnnvWaPHjuuwU8/q5iYGPXu1VNdOnVM1cain5coLi5OHu7u6tPr8TT7mTM3ZfZv/Xr1VKtmjUzF+ECxctr41MdaeXKHNp4/qNWndmn+4Q0q6VVEc7uPlkEGhSfEKDwhRgHThqWq//fVQCXbrJKk5Se2afmJbanKBMeGy8/H+R4eDDkrSXqydkvHsSLu3k5lzkWG3LbvuiUr3/Lalh77S9/u+UWB0WGy3bDnclDM1VvWAQAAAAAA9ycSwAAAALgnXLoUpAdqBUhKSdgWL1ZMHTu006QP3nMsAf3SyNHq2aObPp/ysaNe1569Zb8hIXY7i5cuU92AOpr69Rea8PZ7erRhQ8cyw19PnaawsCta+tMCmf5JnH4w6WOn9i0Wa6o2LRaL0+eiRYto/v/NzXBMt5LWddntdsf9uJXsuE83mj33B733wSQZjUZ9/OEH6tm9m9P5Xbv36Nnn/6uYmBgN6NdH70wYn6oNm82muT/8nySpZ8/u8vb2TlXmYmCg1q5bL0kaMnhglmL1cCmgvjWbqW/NZrLZ7frp6Ca99ucsTdqyUGOb9JUkNS//oEY+2jNV3bLexfTL3ykzuV9u2EMtK9ZJVaakV+olqa/f15tvr9lokuWfhLJd9tv2fStHws5r3LrZaljmAX3Y+hl5uLjpt1O7NXX3KlntqWe3AwAAAACA+xt7AAMAAOCeUKZMaR0/vF/HD+/X0YN7tXHdHxrzv1ccyzNL0pGjR9WtSxfHZ7vdrkuB/+73GhBQR+s3OO+7KslpCWiTyaS5s2aoXZvW6vV4D40eM9aRwDt85Kg6dWzvSP5K0sWLFx2/162TdvsrVv3q+N3Ly0uFCxXSgYOH0o3jZkaTyel83Tp1tGHjplTlNmzYpIAblkw2mYyy2Zwzj7e7T5nx2Rdf6d33J8rFxUVff/lZquTvho2bNPjpoYqJidF/nntW770zIdWMa0lat36jLly4KIPBoMEDn0izr7k//CibzaaSJUuqXdvWmY51w7kDOhsZ7PhsNBjU1K+WJCkuOVGVCpVUUfeCOnblgoq4e6u2b0XV9q2oAmZXFffwUWF3bzUo7S9J2nnphPyLlnWUibmWoBrF/FIt/yxJAf/M3J2+999xEBh9xZH8lZShviXJ3ZwyOzzecs1R9++rKf/selZvrIZlHlBt34oyGfhPOQAAAAAAkDa+NQAAAECeUc3fX2vXrZOUktScOm2GIiIjHeeHPTdU8xcs0s9LlspisSg+Pl6ffPq53n1/oqNM965dHMs+j3hpuOLi4jVz1hxJ0gPV/PXnuvWOhPDWbdv1+5q1jrrt2rZWQmKi3nnvA0VGRclqteqPtX9q4aKfnZLGr45+RS+PHK0dO3fJZrMpMipKb054R4uXLLvltVUo76e/tm6T3W5XcEiI2rVtrWvXrmnihx8rJiZGVqtVK1f9ollzv9d/b9iDuLxfeW3dlrJUcXBwcIbu082mzfhO586dT3X8hx/n6YuvvpEkJSUl6X9jxqlO/YaqU7+hOnTurqPHjuu5YcOVmJgoSfpx/kLH+Tr1Gyoo6LKjrdlzv5ckNWncSJUrVUrVV3x8vH76eYkkaeAT/ZzuZ0a9v3m+2vwwVo8vekevrpmpEb9/q24LJkiSetVoKpPRpNea9FNIXKS6Lpig0Wum6/lVn6v7ggl6c31KfA8UK6feNR7TtsCj6jTvTY39c5YGLJmogUs/0pwDa9Lst1+t5ipXsLjmHlij/osnavSa6eqx0Hkp8oz0LUm1fStKksaunaXX183WtsCjqulbXkaDQd8fWKs/z+7T3ANr9NWuFZm+PwAAAAAA4P5AAhgAAAB5xpSPP9S8+QvVrWcf9R0wUN7eXqpfr57jfOnSpTTv/+bot9/XqMEjjdWkWStdvhysl158Ic32TCaTPp8yWTNnzdahw4c1/IVhik9IUIcu3dV3wED99scaDX1miKO82WzWD7O/U2xcnFq16aAGjzTWsuUrNWXyJBUsWNBRrnWrFpow/nV9+PEnqlO/odp17CI3Nzd16Zx6X9zrXn9tjCZ+NFkPN2qq5StWyWw2a+6sGYqNjVOLNh1Uv2EjLV66XD/M+U7ly/s56j37zFM6dPio6j/cSBPeeT9D9+lmK1au0ukzZ1Idv3w52OlzTEyM4yc2LlZhYVeclr++8XxMTIxs/yxPfPLk39q2fYck6alBT6YZw89LliomJkZubm7q17fPLWNNz8wuI/VE7VaKSIzVipPbtPbMPvn5FNdn7f6jXtVT9lPuWb2xZnYZqUqFSuq3U7u1LfCYHi1XQ2Ma/9vnxFZP6/Wm/WU0GLTs+F86FX5ZA2q3UO8aj6XZr7eruxb1fkNd/B/R8SsX9fvpPXqk7AN6vn4np3IZ6bvbA4/qyQdb6WJ0qH47tVuXYyJUtUgZfdxmqGKS4vXfX7/SvMPr9d+HutwcBgAAAAAAgCTJYM/qRmAAkIfZ7XbZ7XbZbDZZrVZZLBZZLBbFxcWpdOnSuR1euoKCgu75GAHgfrNt+w5NnvKZFi+an9uhAPnK3Xjv4d0KwJ3iWQUgr8gLz5KgoCB5enrKbDbLbDbLZDLJaDTKYDDIYDDkdngAcFdFR0dLkvbv35/hOgEBAZKk1BtYAQAAAEhTcnKyhr88Uv369Fa9unXl7e2l4ydO6r0PJmnI4EG5Hd59bcbe1Zq4ZUFuh3FPerlhD73csHtuhwEAAAAAAO4SEsAAAABABrm4uGhAv376bvYcjRz9qmw2u8qVLaNnnn5KPbt3y+3w7mtD63XQ0HodcjsMAAAAAACAXEcCGAAAAMiEZo81UbPHmuR2GAAAAAAAAECajLkdAAAAAAAAAAAAAAAge5AABgAAAAAAAAAAAIB8ggQwAAAAAAAAAAAAAOQTJIABAAAAAAAAAAAAIJ8gAQwAAAAAAAAAAAAA+QQJYAAAAAAAAAAAAADIJ0gAAwAAAAAAAAAAAEA+QQIYAPIgu92e2yEAAADkqLv5vsO7FYCs4lkFIK/gGQIA9xcSwACQx5jNZlmt1twOAwAAIEdZrVaZzeYc74d3KwB3gmcVgLzibj2vAAD3BhLAAJDHuLm5KTExMbfDAAAAyFGJiYlyc3PL8X54twJwJ3hWAcgr7tbzCgBwbyABDAB5jLu7u+Li4li6BwAA5Ft2u11xcXFyd3fP8b54twKQVTyrAOQVd/N5BQC4N5AABoA8xtXVVQUKFFBUVFRuhwIAAJAjoqKiVKBAAbm6uuZ4X7xbAcgqnlUA8oq7+bwCANwbSAADQB7k4+Mjq9WqyMhI/gIcAADkG3a7XZGRkbJarfLx8blr/fJuBSAzeFYByCty63kFAMh9JIABII8qWrSoDAaDQkNDFRsbK4vFwpcAAAAgz7Hb7bJYLIqNjVVoaKgMBoOKFi161+Pg3QpAenhWAcgr7pXnFQAgd5lzOwAAQNb5+PjI3d1dCQkJCg8Pl8Viye2QAAAAMs1sNsvNzU2FCxfO1aUJebcCkB6eVQDyinvleQUAyD0kgAEgj3N1deVlHgAAIJvwbgUgL+BZBQAAgPSwBDQAAAAAAAAAAAAA5BMkgAEAAAAAAAAAAAAgnyABDAAAAAAAAAAAAAD5BAlgAAAAAAAAAAAAAMgnSAADAAAAAAAAAAAAQD5BAhgAAAAAAAAAAAAA8gkSwAAAAAAAAAAAAACQT5AABgAAAAAAAAAAAIB8ggQwAAAAAAAAAAAAAOQTJIABAAAAAAAAAAAAIJ8gAQwAAAAAAAAAAAAA+QQJYAAAAAAAAAAAAADIJ0gAAwAAAAAAAAAAAEA+QQIYAAAAAAAAAAAAAPIJEsAAAAAAAAAAAAAAkE+QAAYAAAAAAAAAAACAfIIEMADcxG6353YIAAAAAAAAwH2F7+QAIPuQAAYASQaDQQaDQSaTSVarNbfDAQAAAAAAAO4rVqtVJpPJ8T0dACDrSAADuO/d+ELp4uKixMTEXIwGAAAAAAAAuP8kJibKxcXF8ZkkMABkHQlgAPe16y+S1/+y0Gg0Ki4ujiVnAAAAAAAAgLvEbrcrLi5ORqPRaQYwSWAAyBoSwADuWzcnf69/NpvNioqKys3QAAAAAAAAgPtGVFSUzGazpNTf1ZEEBoDMIwEM4L524wvl9RnABoNBiYmJioyMZCYwAAAAAAAAkEPsdrsiIyNlsVicvpu7OQkMAMgcc24HAAC5wWAwOCV3r79g2mw2GY1Gubi4yGq1KjQ0VJ6enipQoIBMJhMvnQAAAAAAAMAdsNvtslqtSkxMVFxcnMxms1Py9/r/3ojv5AAgc0gAA7iv3Tz712QyORLDVqtVLi4uunbtmuLi4mS1WnM5WgAAAAAAACDvM5lMMpvNcnFxkd1ul8lkcnw3d/MsYABA5pEABnDfuj4L+Hry1263O140r7PZbJLkePlkSWgAAAAAAAAg625O7KaV/L1xFjBJYADIPBLAAO57118ijUaj0zGr1epYFtputzuSvySBAQAAAAAAgMy7Mal7Y6L3evL3+g+zfwHgzpAABnBfu3kW8I3HDQaDY0/g6wlgkr8AAAAAAABA1t24vPP17+RunPnL7F8AuHMkgAHc925OAl9P/N64NDQzgAEAAAAAAIA7c/MM4JsTwTfO/CX5CwBZRwIYAOScBJbktN8vyV8AAAAAAAAge9ycBL7xd5K/AJA9SAADwD9uTAJf/10SyV8AAAAAAAAgG92c6L0x4UvyFwDuHAlgALjB9RfMG2cD3zw7GAAAAAAAAMCdufm7Nr57A4DsQwIYANJwYyL4xs8AAAAAAAAAsg/fuwFA9iMBDADp4AUUAAAAAAAAAADkJcbcDgAAAAAAAAAAAAAAkD1IAAMAAAAAAAAAAABAPkECGAAAAAAAAAAAAADyCRLAAAAAAAAAAAAAAJBPkAAGAAAAAAAAAAAAgHyCBDAAAAAAAAAAAAAA5BMkgAEAAAAAAAAAAAAgnzDndgAAAAAAAADAvSQ2OUEHI87pZPQlXYgLU2hilGIsCbLYrLkdGvIBs9Ekb7O7fAv4yM+zuPwLltGDhSvIy8U9V+JhvCM73GvjGgDudwa73W7P7SAAAAAAAACA3LY3/LQ2Bh/S/oizqlu4kh7wKavyXr4qUaCQvF085GI05XaIyAeSbVbFJMcrJDFS52NDdTwqUPsiziigcEU1K1lb9YpUvitxMN6Rne6VcQ0A+Ul0dLQkaf/+/RmuExAQIIkEMAAAAAAAAO5zByPOadmFbbLYbWpV6kE1Kl6D5BfuqmSbVVvDjurPywdlNhjV3e9RPVi4Qo70xXjH3XI3xzUA5EckgAEAAAAAAIAsmHNqrQ5EnFWv8k3U2Ld6bocD6K/QY/r5/BbVKVxRT1Vpna1tM96RW3JyXANAfkUCGAAAAAAAAMiEywkRmnriF5X39NWgyq2YAYl7SrLNqu9P/6nzcaEaVq2TSrkXvqP2GO+4F2T3uAaA/O5OEsDGHIkIAAAAAAAAuEedjQ3R+wcXqlHx6nqmaluSYbjnuBhNeqZqWzUqXl3vH1yos7EhWW6L8Y57RXaOawBA+kgAAwAAAAAA4L5xOSFCnxxZqt4VGqt9mfq5HQ6QrvZl6qt3hcb65MhSXU6IyHR9xjvuRXc6rgEAt0cCGAAAAAAAAPeNqSd+UeeyD6lZidq5HQqQIc1K1Fbnsg9p6olfMl2X8Y571Z2MawDA7ZEABgAAAAAAwH1hzqm1Ku/py0xI5Dnty9RXeU9fzTm1NsN1GO+412VlXAMAMoYEMAAAAAAAAPK9gxHndCDirAZVbpXboQBZMqhyKx2IOKuDEeduW5bxjrwiM+MaAJBxJIABAAAAAACQ7y27sE29yjeRi9GU26EAWeJiNKlX+SZadmHbbcsy3pFXZGZcAwAyjgQwAAAAAAAA8rW94adlsdvU2Ld6bocC3JHGvtVlsdu0N/z0LcvcrfFusVkVnhijc9HBupIQlaN9IX/LyLgGAGSOObcDAAAAAAAAAHLSxuBDalXqwbvS1zNrPpYkfdfmf3elP9x/WpV6UBuDD6lekcppns+J8R4cF66LsWG6FBumSzFXFBgbppD4CMf5MQ/1VzF3n2ztE/eX241rAEDmkAAGAAAAAABAvhWbnKD9EWc1/IEuuR1KpoVfi9GLO6fJzeTiOGY2mFTSvbCalqipViXryGgw5GKE/9p55aQ2hRzW6Jo970p/Q7d9qSkNnpW3i/sty5yJCdaKwB06HhWoBEuSirp5q0GxqupS9uF062WnMXvm6Plq7VXJq2S2tdmoeA3NOrVWsckJ8rrpOrJ7vK88s03rL+5T5LXYdMtdiAnVslN/pXluYPXWKu1V7LZ9Md7Tdj4uVN8c/1Uf1n8qzfNbQo9q2snVcjGm/qq/fen66lOhSU6HqJjkBL28a7pmNXo5y22kN64BAJlHAhgAAAAAAAD51sGIc6pbuFKe3QvVzeTilFRJtll1JuayFl/Yqh1hJ/Rqrcflmkbi5363IfiQFp7brJ5+j2pw5VbydnFXSEKk/rx8QB8dXqx36j6peyOVmHkuRpPqFq6kgxHn1OimZZ6ze7zHWxJvm/y97kTEhTSPRyfFq3QG+2O8Z02dwhXv2h9f5JT0xjUAIPPYAxgAAAAAAAD51snoS3rAp2xuh5FtXIwmVfMpq9dq95a3i7vmn92Y2yHdc87Fhur7M+s0rnYftSldV4VdvWQ2mFTGo6gGVW6pMbV75dnk73UP+JTVyehLqY4z3pGX3WpcAwAyjz+XAgAAAAAAQL51IS5MDYtXy+0wsp1BBj1VubVG7Z6pXuUby9NcQJJ0OPK8Fp//S4HxV+VqNOvhYv7qW6GpCphc9dHhxepYtoFqFSrvaOdgxDl9dXyVvnlkmMyGf2eNzj61VtV8yqp2ofIas2e2RtfqqXlnNupsbLAKmFzVvGRtPe7XON0ledOLRZKuXIvWz+f/0oHws7LYrSpZoLD6VXxMNQv5OdqIt1zTwnObtevKSVntNlXyLqlBlVume29WBu5Uh9L1Vc4z7WWHvf65V1LKUr47rpxUzUJ+WhW4U7wnAyEAACAASURBVG1K1VWLkg/ql8Cd2hx6VDHJCfJx8VD7MvXVtnRdR705p/9UWY+iSrQmae3lA4qzJKqke2H19GukukUqOfUXk5ygr4+v0sGIc7LYbapbpJJjVnJWlffy1c4rJ1Mdz8nxXq1wOZ2IuChJ6la5sSRp+em0l33Obrca72uC9un3oH2KSo6Tj4uHWpcKULsy9WWQ7rnxfjL6kpZc2KrTMcEyGoyq6l1Kgyu3UvEC/+6dHBQfrnlnN+hkdJDMBqPqF62iJr417uje2SVNPrJEDxauoHal6/1zzK4PDv2kZiVqOdpfe3m//gjap4ikWHmZC6hNqbrqULaBDP+08WvgLq29vF8J1iQVcfVWN7+Galgse8farcY1ACDzSAADAAAAAAAg3wpNjFKJAoVytI/dISfUoETaiZD0zt0pH1cP+XkW05mYYNUuXEEHIs5qxsnfNaxaR9Uo5KcEyzX9fP4vTTz0k8bX6a/GvjW0NfS4U0Lsr9CjssuuA+FnVb9oFUmS1W7TgYizeqJSM12zWhSdnKDvT6/TU5VbqbyXry7FXdWXx1fJ2+yu9mXqpxnb7WIxGYw6HhWo+kWq6KnKreRmctX+8DP64vhKfVx/iAq6eMhqt2nS4Z9VwctXHzV4Wl7mAjoWdVHfHP9V8ZZrt7wvx6Muqqffoxm+j4cjz0uya/yD/VXI1VNnYoPlYS6gdwKeUEEXD12Kv6qPjyxRCfdCqlO4oqPe0gvbVL9oFb0X8KQ8Xdx1NPKCpp74VU9XbaN6RSo7yn1z4lc9U6WN/lOto+IsiZpz6k/N+Pt3jarRPcMx3qxEgUIKTYxKdTwnx3u3yo21M/i4LsaGqlvlxnpj66wc6edWbh7vC89t1vGoixpds4dKuhdWaGKUpp/8TVeTYvRExeb33Hg/EnlBj/s1VkXvEpKk5Re266vjq/R2wBOSUv4g4t2DC/R4+UYaUaObDDJoc8gRfXl8lSPhnRUGSc/7t9f4/T+quk85+XkW1/KLO1TE1cuR/F10bouORl3QyBrdVMq9iMISozTt5G8q51lctQuX17yzGxSWGKUJdZ6Qj2vKvxPfnPhFNrtdjxZ/IMux3exW4xoAkHksAQ0AAAAAAIB8K8aSIG8Xjxxrf+rBFZp6cIV2h5xIdW53yAnH+ZxS0MVDUcnxkqQFZzfp6aptVLOQnwySPMxuGlS5pYwGg/ZcPaUGRavoYMRZJduskqQkW7L+jg7SMP+O+iv0mKPNgxHnVK1gGbkaXSSlzBYcVKmlKniVkEEGlfUspn4Vm2pr2PFbxnW7WCSpiW8NPVSsqgqYXGWQVLdIJVX2KqlT0ZclSXuunpLNbtOQKm0cs3ar+5RTnwpN0r0nMckJKuTqmeY5u+xafH6r0zGb3abnqrZ31KnkVVIdytRXwX/GTRmPompdqo4ORZxzqhOZFJcSm4u7DJJqFvLTUP92+uncFqf2O5VpoIeL+ctkMKqgi4eerdpW+8PPKNGanO51pMfbxUMxloTU156D43356a0aWL2NHi7xgP44v1tBsVdypJ/0XB/v0cnx+iNon0bW6K6S7oUlSb4FfDSiRjdtCD6kyKS4e2689/B7VFULlpbZYJLZYFLP8o11Mf6KEqxJkqRVgbvUxLeGWpcKkNlgkslgVPOStVXRq4QC49O/1/vCz2joti+dfkbumuF034ZWbaevjq/S4cjz2hp6TEOqtJEkRSfH6/egvRpVo7tKuReRJBUv4KPXH+yj2oXLKyopXltDj+m/1TrJx/XffyeGP9BFSy9sy/A/u4y41bgGAGQeM4ABAAAAAACQb1lsVrkYTbcvmEUmQ8r8iqkHV2jYg10dx68nf28skxOikuPl4+KhJJtFgfFXnGaoXhdQpJL+jg7Sw8X8VaNQOR2IOKsGRato15VTqlu0suoUqai5p/9UojVJBUyu2hp2TE19azpdY0Xvkk5tlnYvqsik2DRjymgsUUnxWnhuky7EhTnu0amYy3q4mL8k6XTMZdUtUinVfr21CldI9554u7grMikuzVmTNrtdSy5s1ePlGzmO+XkWl5vJxfHZardp2YXt2h9+xrHk76mYy05L8YZfi1E5z2KpYnuwcEV9enSZkmzJjoTizXvyepjdVNDFQ9HJ8Spg8lFWuBhNsvyT2LxRTo73ExEXdCLiotqUb6DRm6bmSB+3c328n4kJVgUvX0eS/jovcwFV9i6pM7HBqlek8j013s/EBmvx+a2KTo6X8Z+Rc82arOjkeLmbXHU65rL6V3gsVRvNStbS3vDT6d6XukUqaXTNnumWqVnIT7UKldfEQz/pvboDVeCfMX+re2n4J8azscGKTIrTR4cXp2ozMilOdtnT7TczbjWuAQCZRwIYAAAAAAAA+ZbZaFJyDibFnqvdWW4mF226dNBppu/13xuXrqWna3bIkb6jkuJ1MS5MlbxLSrLLfos8jF3S9UxlY98a2hh8WA2KVtFfoUfVp0ITmf7Za3TXlb/1cDF/nY6+rGH+HR31zUZTqkSn0WCQ7VYdZjCWb0/+qlqFyus5//aO89+c+MUpnZSV1FJ1n3LaGnpMvW8zU/g693/2aL3ul8BdCoy/ovF1+snFmPL16frgQzoWdcGp3K2vX9INd8ycxtgzGYyyp1s/fck2a5rt5uR4L+buI1+PwgqKvaLi7oUVnhiT7X2k58bx/nd00C3Hht3+792/V8Z7ki1Zkw8v0Yga3eVfsLTj/PAd3zoN8rSaMaSKJuuuXouWyWBUSEKkKnqVSLffGwUUqaT/3SbBnB1uNa4BAJnHEtAAAAAAAADIt7zN7or5Z4nknDK4Rju19quX6njzsgE5lvy1y645p9fqsRK15GkuIFeji/w8i2tf+JlUZfddPa2q3ilJp9qFKuh0zGWFJEYqIilWFf5JAjUpUUN/hR3TnqunVLdoJcfM16zIaCxnYoLVtERNp/MhCZGO3yt7l9K+8NOpZhgejDibbv+dyj6kXy/t0YW4sCzFfyY2WA2LVXMkfyUpNDHSqUwRN29dir+aKnF2MOKsSrkXkasxZ+fdxCTHy9vsnup4To731n71dCDstLYHH1O3yo1uXyEb3TzeK3mX1PnYUEUlOV9rbHKCzsQGq6JXygzee2W8hyREycvF3Sn5m2yzOM0qruJdSnvDT6Vq48blqu/E2sv7lWSz6JMGz2j+2Y0K+2ev3Vvdy+v/3lXyLqlTMZcVZ0lM83x2utW4BgBkHglgAAAAAAAA5Fu+BXwUclPyLif0r9ZK7Ss87PjctnwDDazeJtv7SbJZdCzqoiYe+kkxyQnqX7HZvzFUfExzTq3VoYhzssuu2OQEzTm1VkaDQfWLVpEkx+9fHlupRr7VHXUreZVURFKsfr20W41vWOo4qzISSwWvEtp15W9HnW1hx3Uq5rLjc/2iVWQ2mDTz7z8UnRwvu+w6EnlBi85tcUrO3qyiVwk9UamZ3j+0SH8E7VNkUpysdpsuJ4Rr3tkNt429glcJ7Q0/9f/t3Xl0VeW9xvHnZIATCAmHDCQQSRiUIAphkikmKwwFhBQQyqC1gClUIpa2FK9irrhw3UK5ispFGSqGoSCDTC2VSUAo8yCgKTMkYRCMaCAhAwnJe/+gnHIMmSAS2H4/a521PPu8+31/7P3jD9fDu7dzx+e57Ev67MJBlzFuNjd5e3op8eQGZebnyMgo6XKq/nJ8XanvKK4I3+ReVqC96OOjf6x+D/Wprc71Wuno96n6Iu2EwmvVU2NHvQpf54eK63cfz2rqXrelphxeofPZ30mSLuSka8qRVeoU1Nz5Puf7pd8D7b7KzM9x/qOEAlOoj5O3ukSovULaaEfaUa3/+oDyC68rv7BAGy8cUmpWmkKq+d9VfeeyLunvZ/fohUeeUoDdV880iNa0o6tVYArl41lNPeq20tuHVzjfNfxNzmX9z5dL9FV6qnw8q6lrcITe+tdync268fvlvCxNP/apdpXwXuQ7UVxfAwDKj0dAAwAAAAAAwLLqVQ9Q6tU0NfF9qELmO5Z+VpP3LVJjx0N6ufUgl99+8XD0jceXGqO+jZ4scu7kfYt0LP2sXm49SI0dZavnWkG+hm5/x/nd081DQV4ORdV+TJ2DmrvsXHzcEaaRjZ/SJ6nb9O6Rv8nu7qm2/o31X4/9wuU9xB0Dm2jd11/oD4/2cVmrQ0C4VpzZqQberu8/vRNlqWX4I9304Yl12nTxkKq6V1G4T4higpo553C3uemVx3+hj5O36L/2z1F+4XU18qmjFxv31J++WlLi+l2CIxRaPVCrz+3RsjM7lHP9mvyr+qilX0N90Da+xHN71m2jeac26tUv5qq6p11+Vbw1IDRSJzK/dhkXG/KE3GTTfx/8qzLzc1THq5biHv6ZWtRqcIdXrexSr6apXvWAIscrut+d62V8o+Eb3nJ+f3795Aqd/6by9PsvQiNV07O63jm8Sul5mXJU8VbXOi30szquu/Hvh353d3fTS+G9NPP4WnnY3OTh5q4uwRH6Mj3FOYdfVR/9d7NBWpj8uZambpO7zU2t/RrppfBemn5sTYnrH/w+2eW63fSIT139senT+r+jq/X8w13lW+XGe37b+jfWl+kpWpLyTw2uH63+oR1Vs0p1TT3yd313LUM1PKvpZ8Et9JgjVJLUP7SjalWtoWlHV+vStSuq5mFXVGBTtfZ/+K6v3a2K62sAQPnZzN28bAIAAAAAAAC4j+1IO6I9l47rd4/2rpD5SgqAS3MnATDuT3NObVRAVR/1DGlTKeu/e3iVnvB/xGVXq1Tx/b74+GatS9lb6rhBjTtp0bFNt/3t5daDFF7rx98tjAdfcX0NAD9VGRkZkqSDBw+WMvI/IiIiJPEIaAAAAAAAAFhYM0eYDqSfVn5hQWWXAlSI/MICHUg/rWaOsCK/0e94UJXU1wCA8uMR0AAAAAAAALAsb08vRTjqa8e3hxVd+/G7nq92NYekGzuB4zb87x3N4Wf3ues68NO149vDinDUl7enV5HfKrrfH/Orr+z8a/om+3tdzEpXRl7WbcfVqxFY7I54dv+iLErqawBA+REAAwAAAAAAwNKigx7XyjO7KiQQq1nVWzEPtdC+b44pMy+7XOf6e/mqVeAj8vfyves6ULmGNuxcaWtvvPCl+tRrV+zvFdnvTf3C1NTvPzsy069l6mJWui5mfa+L2d/rYtb3OnX5vCSCXtyd0voaAFA+BMAAAAAAAACwtJa1Gmr12T3annZEHSvg3ZK/DO+iX4Z3qYDKgPLZnnZEHjY3tazVsNgxFd3vt3JUrSFH1RpqQtiLClSWvgYAlA/vAAYAAAAAAIDl9anXXp+kbuPdqHhg5RcW6JPUbepTr32pY+l3PCjK09cAgLIjAAYAAAAAAIDlNXOEqbmjvuad2ljZpQB3ZN6pjWruqK9mjrBSx9LveFCUp68BAGVHAAwAAAAAAICfhKGNuig1K01rz++v7FKAcll7fr9Ss9I0tFHZHz1Ov+N+dyd9DQAoGwJgAAAAAAAA/GSMbNxTq8/t1ZZvvqrsUoAy2fLNV1p9bq9GNu5Z7nPpd9yv7qavAQClIwAGAAAAAADAT0awl0NjmvbV0pTt7IzEfW/t+f1amrJdY5r2VbCXo9zn0++4H91tXwMASmczxpjKLgIAAAAAAAC4ly7kpGv6sX8otHqgftWwszzd3Cu7JMApv7BA805tVGpWmkY27nnXIRn9jvtBRfc1AFhdRkaGJOngwYNlPiciIkISATAAAAAAAAB+wuac/EyH0pPVPzRSHQObVHY5gLanHdEnqdvU3FG/wt+NSr+jsvyYfQ0AVkUADAAAAAAAANyhL9NTtPLMTl03heoc3EwdAh5lhyTuqfzCAu349rA2XvhSHjY39anXXs0cYT/KWvQ77pV72dcAYEUEwAAAAAAAAMBd+uL7U9py8SsdTE9WC0cDhfuGKNQ7ULXtNVXDsxohGSpEfmGBMvOz9U3uZaVeTdPRK+d0IP20Ihz1FR30uFrWanhP6qDfUZHul74GACshAAYAAAAAAAAqyNX8HH2ZnqLjGed1JutbpeVeUeb1HF0vLKjs0mABHm7uquHhpUC7r+pVD9AjPnXVzBEmb0+vSqmHfkdFuN/6GgCsgAAYAAAAAAAAAAAAACzibgJgtx+lIgAAAAAAAAAAAADAPUcADAAAAAAAAAAAAAAWQQAMAAAAAAAAAAAAABZBAAwAAAAAAAAAAAAAFkEADAAAAAAAAAAAAAAWQQAMAAAAAAAAAAAAABZBAAwAAAAAAAAAAAAAFkEADAAAAAAAAAAAAAAWQQAMAAAAAAAAAAAAABZBAAwAAAAAAAAAAAAAFkEADAAAAAAAAAAAAAAWQQAMAAAAAAAAAAAAABZBAAwAAAAAAAAAAAAAFkEADAAAAAAAAAAAAAAWQQAMAAAAAAAAAAAAABZBAAwAAAAAAAAAAAAAFkEADAAAAAAAAAAAAAAWQQAMAAAAAAAAAAAAABZBAAwAAAAAAAAAAAAAFkEADAAAAAAAAAAAAAAWQQAMAAAAAAAAAAAAABZBAAwAAAAAAAAAAAAAFkEADAAAAAAAAAAAAAAWQQAMAAAAAAAAAAAAABZBAAwAAAAAAAAAAAAAFkEADAAAAAAAAAAAAAAWQQAMAAAAAAAAAAAAABZBAAwAAAAAAAAAAAAAFkEADAAAAAAAAAAAAAAWQQAMAAAAAAAAAAAAABZBAAwAAAAAAAAAAAAAFkEADAAAAAAAAAAAAAAWQQAMAAAAAAAAAAAAABZBAAwAAAAAAAAAAAAAFkEADAAAAAAAAAAAAAAWQQAMAAAAAAAAAAAAABZBAAwAAAAAAAAAAAAAFkEADAAAAAAAAAAAAAAWQQAMAAAAAAAAAAAAABbhkZ6eXtk1AAAAAAAAAAAAAAD+zd3d/Y7PZQcwAAAAAAAAAAAAAFiEh8PhqOwaAAAAAAAAAAAAAAD/lpGRccfnsgMYAAAAAAAAAAAAACyCABgAAAAAAAAAAAAALMJmjDGVXQQAAAAAAAAAAAAA4AYeAQ0AAAAAAAAAAAAAIAAGAAAAAAAAAAAAAKsgAAYAAAAAAAAAAAAAiyAABgAAAAAAAAAAAACLIAAGAAAAAAAAAAAAAIsgAAYAAAAAAAAAAAAAiyAABgAAAAAAAAAAAACLIAAGAAAAAAAAAAAAAIsgAAYAAAAAAAAAAAAAiyAABgAAAAAAAAAAAACLIAAGAAAAAAAAAAAAAIsgAAYAAAAAAAAAAAAAiyAABgAAAAAAAAAAAACLIAAGAAAAAAAAAAAAAIsgAAYAAAAAAAAAAAAAiyAABgAAAAAAAAAAAACLIAAGAAAA8JMVHR2tAQMGVHYZPzq73a45c+ZIktavXy9fX1/t27evkqtCaX73u9+pXbt2lV3GbV2+fFk2m01r166VVPa+ev311xUWFqacnJx7USYAAAAAWMaQIUOK/fwQATAAAACAB1Zubq5sNpvLx+FwqHv37tq2bVup54eGhqpBgwb3oNL7h4+Pj8LCwlSrVq3KLkV9+vQpcv9u/cyYMaOyS0QZ/bCvbv7dXLlypcu4wMBANWzYUFWrVq2MMgEAAADggTV37twyH/f4sYsBAAAAgB9bv379NHToUBljdPHiRc2fP18xMTHatGmTnnzyyWLPmzdv3j2s8v7Qrl07HTp0qLLLkCQlJCTo17/+tSRp+/btmjRpkpYuXSq73S5JatasWWWWh3Ioa1+NGjVKo0aNugcVAQAAAID1zJ0712XHb3GhMDuAAQAAADzwevXqpV69eik2NlbDhw/Xpk2b9Nhjj2ny5MmSpEmTJikiIkKJiYlq3Lix3njjDUlS9+7dNXToUF24cEGenp5avny5y7z5+fkKDg7W7NmzlZaWpt/+9rcKCQmR3W5XkyZN9NFHH7mMv3LlikaNGqU6derIy8tL7du31+eff66LFy+qSpUqWrZsmcv469evKzg4uMg8t9a8YMECNWnSRF5eXmratKkSExNdxqWnp+s3v/mNateuLW9vb0VFRWnLli3FXqtdu3bJZrMpJSXFeezIkSPq3bu3HA6HfHx89PTTTys1NVWffPKJqlSpoosXL7rMkZSUJDc3N508ebLYdcqidevWznvXqlUrSTfuyc1j9erVU1pamoYMGSI/Pz/5+PioR48eSkpKKnKdbndvR44cqT/84Q8KDAyUr6+vBg4cqPT0dC1dulTNmzeXl5eXwsPDtWTJEud8+fn5GjNmjOrUqSO73a5GjRopPj5e+fn5ReovS0/Y7XbNmDFDAwYMkK+vr2rWrKnnn39emZmZLuP27dunLl26yNvbW0FBQXr11Vdvu+atiuu3m5KSktSrVy/5+vqqVq1aGjBggFJTU52/3+yFdevWKTIyUtWqVVNISIgmTpzosk5+fr7Gjx+v0NBQeXl5qWPHjtq9e7fLmFv7avXq1fLy8pIk9e3bVzabTe+++67zfoWFhbmcu2rVKrVp08a5/tixY10eEd29e3e9+OKLeuWVVxQcHKxq1aqpU6dOOnbsmHPM119/rf79+6tmzZry9vZWRESEpk2bVuL1AwAAAIAH0c3Qt7jwVyIABgAAAGBBHh4eio6OdgkoDx06pLFjx2rYsGHq37+/y/jg4GD9/Oc/16xZs1yOr1y5Ujk5ORo8eLB2796tlJQUTZw4UX/729/UvXt3xcXFafPmzZKka9euKSYmRp9++qnefPNNLVu2TKGhoerZs6c8PDzUp0+fIo80XrVqlXJzczVo0KDb/jkOHTqk0aNHKz4+XsuXL1eXLl0UFxfnDLauXbumTp066bPPPtOkSZO0ePFihYSEqHPnziWGwLc6efKk2rVrp4yMDH344YeaPXu2zp49qwEDBqhPnz4KCAjQ7NmzXc6ZOXOmunbtqkaNGpVpjTuVnZ3tvI/z5s3TypUrVb16dUVGRroEmcXd2xkzZuirr77S+++/rzfffFPr16/XQw89pLi4OD333HOaP3++GjZsqGeffVb/+te/JElTpkxRYmKiJk2apHXr1mns2LFyd3eXp6dnkfpK64mbRo4cKR8fH82ZM0evvPKKFi9erNGjRzt/P3z4sKKiolRYWKj58+frvffe04YNG/TBBx8Ue21K6rdLly7pxIkT6tChg7KzszVnzhxNnz5dKSkpat++vb799luXufr27avu3btrwYIFio2N1bhx41x2xw8fPlxvv/224uPjtWLFCsXExKhnz57F1hYVFaWdO3dKksaPH68DBw7o2Wefve3YRYsWqW/fvmrVqpWWLVumhIQE/fWvf1Xv3r1ljHGO++CDD7Rz50698847mjZtmpKTk9WrVy8VFhZKkuLi4nTq1CnNnz9fK1euVP/+/eXu7l5sjQAAAADwICsp/JUkGQAAAAB4QOXk5BhJJjExschvPXr0MFFRUcYYYyZOnGgkma1bt7qM6datmxkyZIgxxpj169cbNzc3k5KS4vy9U6dOZtSoUcWu37JlSzNmzBhjjDEfffSRqVKliklOTnYZc+TIEWOMMZs2bTI2m82cPHnS+VvXrl3N6NGjbzv3zZo3bdrkcnzMmDHG39/f5OXlFbtmz549TceOHZ3fq1at6rxGO3fuNJKc5/zqV78yTZs2NXl5ec7xGRkZ5ty5c8YYY15//XUTGhpqCgoKjDHGZGVlmZo1a5oVK1YUe13uxNKlS40kk5mZ6Tw2a9Ys4+fnZ65cueI8VlhYaKKioszYsWONMSXf2zp16pjc3FznsSlTphhJZubMmc5j2dnZplatWmbChAnGGGOef/55l2tXXrf2hDE3rn3v3r1dxowfP95Ur17d+f2ZZ54pcg+uXLliJJnmzZvfdp3S+q24+xoUFGRee+01Y8x/euGdd95xmSM6Oto89dRTxhhjjh8/biSZhQsXuox54403jCSzZs0al7lu1nPz7+YP+2TixIkmNDTUGHPjXoaFhZkRI0a4jNm7d6+RZDZs2GCMuXEvg4KCTHZ2tnPM5s2bjSSzZ88eY4wxDRo0MOPGjbvttQIAAACAB9GVK1fu+MMOYAAAAAAPvKtXr+rq1avKzMzUyZMnNW7cOK1Zs8b5fllJ8vHxKfF9wF26dFGDBg304YcfSpKOHz+uzZs364UXXnCu8eKLL6pRo0YKCAiQv7+/vvjiC50/f16StHPnTrVt27bI423Dw8MlSTExMQoPD9fMmTMlSadPn9bGjRud8xcnJibG5fvgwYN16dIlJScnF7vmgAEDtHv3bufuyJLs3LlTTz/9tMsO1xo1aqhu3bqSpBEjRuj8+fNau3atJGnx4sXy9vZWbGxsqXPfrT179ui7775TYGCg7Ha77Ha7vLy8tHXrVpfH/xZ3byMjI1W1alXn94iICEmu1/TmY6BvPua6X79+2rVrl1q0aKE//vGPWr58uXJzc29bX2k9cVO3bt1cvrds2VJZWVnOx0Dv3bu3yD3w8fGRJJdHdd+qtH4r7r726NHDuTu3pPpuXo+9e/fKzc2tyK75YcOG3bau8rhw4YJSUlI0cOBAl+OtW7dW/fr1XeqMiopyPlb6Zo2SnHUOHDhQkyZNUrdu3TRhwgRt3brVZQcxAAAAAPyUEAADAAAAeOC99NJLqlGjhnx8fPTwww9r+vTpmjJlip577jnnGIfDUeIcNptNI0aMUGJiogoKCjRjxgx17NhRTZs2lSSNGzdOn376qRITE3XgwAEdPHhQMTExzpDJZrOVGji98MILmjNnjvLy8jRr1ixFR0c7A7uyunW94tYsLCyUzWYr03yl1V23bl3FxsY6g+uZM2dq+PDh9+TxujabTT169FBubq7LxxijVatWOccVd29vDQwlOcPQ2x0vKCiQJD311FNKSkpSv379dOLECQ0bNkwtWrRQenp6kflL64ni6qhSpYokOdeUVOw9KO4+lnbfytMbt6vv1tpuV19Z/nFBaW7WUZY6S7uGf/rTn/TZZ5+pefPm2rx5szp1akN5ygAAA1BJREFU6lTso9UBAAAAwOoIgAEAAAA88OLi4vTPf/5T27ZtU1JSktLS0vT73/++3PMMGzZMly5d0rJlyzR37lyX3bn79+9XbGysnnzySYWEhCgkJMTlXaodOnTQnj17iuzYTEpKcv73kCFDlJWVpY8//liJiYmKj48vtaaNGze6fF+wYIECAgJUv359dejQQbt371ZycrLLmCVLlqht27Zycyv9f/k6dOigFStWKD8/33ksIyNDZ86ccX6Pj4/XP/7xD61evVr79+/X8OHDS523IrRv315btmzRuXPnXI7/8HtFMsYoPDxcCQkJWrVqlZKSknT06FFt2rSpyNjSeqKs2rZtq+XLlxe5B5IUGhp623NK67cOHToUmTMzM1Nr165V+/bty1zbE088ocLCQi1dutTl+KJFi0o8z8PDQzabzWX9HwoKClL9+vWLzLVnzx6lpqaWq05jjGJiYjR58mRt3rxZiYmJWrJkib777rsyzwEAAAAAVuFR2QUAAAAAwN2KjIxUZGTkXc/j7++vfv36aeDAgfLz83N57G3Lli21Zs0aHT16VLVr19bUqVOVlJTk3CE8aNAgTZ06VTExMRo3bpxq166thQsXavXq1UpJSZG/v798fX31zDPPaOjQoQoODlbv3r1LrWnQoEFKSEhQw4YNtX79ek2bNk1Tp06Vh4eHBg0apPfee0+dO3fWa6+9poCAAH388cfasGFDkeC4OAkJCWrVqpW6du2q+Ph4FRYW6q233pKHh4d27dolSercubMaNGig2NhY9e/fX8HBwXdwdctv8ODBmjp1qqKiovTyyy+rXr16+vzzzzVz5kydPn1afn5+Fb5mXFyc8vLy1LVrVwUFBWndunVyc3PTo48+WmRsaT1RVq+++qpat26tbt26KT4+Xnl5eXr77bclSXa7/bbnlNZvCQkJatmypXPO/Px8TZkyRe7u7ho9enSZa2vUqJGGDBmiESNG6OzZs3r88ce1Y8cOvf/++yWe5+HhofDwcP3lL3+Rn5+fsrKyijw23Gaz6c9//rMGDhwoNzc3xcbG6syZM5owYYK6deumTp06lanG69evq02bNurSpYvatm0ru92uhQsXqm7duqpZs2aZ/6wAAAAAYBX/Dzzq7JYKW1D1AAAAAElFTkSuQmCC' height='250' width='300'/> ]]>
  </system-out>
</testsuite> <!-- com.tribu.qaselenium.tests.b22.B22FiltersTests -->
