<?xml version="1.0" encoding="UTF-8"?>
<!-- Generated by org.testng.reporters.JUnitReportReporter -->
<testsuite hostname="station" failures="0" tests="1" name="com.tribu.qaselenium.tests.apimazaprendo.MAClearCacheTests" time="68.414" errors="0" timestamp="2022-04-07T13:25:23 COT" skipped="0">
  <testcase classname="com.tribu.qaselenium.tests.apimazaprendo.MAClearCacheTests" name="clearCacheDrupal" time="68.414"/>
  <system-out>
    <![CDATA[ <img src='data:image/png;base64,iVBORw0KGgoAAAANSUhEUgAABLAAAARMCAYAAACJcWqtAAAAAXNSR0IArs4c6QAAIABJREFUeJzs3XdYFOfaBvB7pYMKiNKsoDGRookoFuxii+1YMSq2KJ4YFfVYYzRqjA1j1xNBiRF7j2ISQjFRQUUxqBQ1ClFpShSQsiBlvz/4dg4Ly7JL2zXev+vykp3yzrszO+2Z931GZGxsLAFRDevWrZu6q0BqcPXqVXVXgYiIiIiIiP4B6qi7AkRERERERERERIowgEVERERERERERBqNASwiIiIiIiIiItJoDGAREREREREREZFGYwCLiIiIiIiIiIg0GgNYRERERERERESk0RjAIiIiIiIiIiIijaat7grQu0Eikai7CkRERERERET0lmIAi2oFA1hEREREREREVFkMYFGtUCaANXHiREyYMKFalnf48GEcOnSoWsoi9fv6668hkUiwcuVKdVflH8/GxgZjx45F586dAQDXr1/HiRMnEB8fr+aaERERERHRu6xKASwjIyM4OzujRYsWsLGxAQDEx8fjr7/+Qnh4OLKzs6ulkvT2UyaAVV3BK2lZfn5+1VYeqY+NjQ0cHByEvxlIqTkODg74+uuvZYZ17twZnTt3xooVKxAVFaWmmhERERER0buu0gEsNzc3DBkyBHXr1pUZ7ujoCADIysqCv78/jh8/XrUa0j+CMgGs7OxsGBkZVcvysrOz2W3xH2LIkCEyf+/cuVONtflnmz17tsJx//73v2uxNkRERERERP+jcgDLyMgIS5YsEQJV5albty7GjRsHe3t7bNy4ka2x3nHKBJO8vLwwcuTIalnemTNnGMD6BzAyMkKfPn2Ez3369IGvry+PJzXAxsYGFhYW5Y63sLBgCzgiIiIiIlIblQNYS5cuFbrzlBYfH4/jx49j9uzZQsssR0dHLFmyhLlr3nHKBJNCQ0MRGhpaC7Wht0Xv3r3lDvP391dDbf7ZlGn9WF0tJImIiIiIiFRVR5WJ3dzcFAavVqxYgRs3bpQJVjk6OsLNzU2pZYwfPx7p6eky/xISEhASEoJBgwapUt23nrm5OdLT03H48GGV5926dSvS09OFlnIfffQRpkyZIoy/efMmnjx5Um11rYhEItHYf3PnzkVgYCDOnTsHbW1thdO6u7sjMDAQHTp0UHk5PXv2RGBgIEaMGKHU9J6enggMDIStrW2F09avXx/u7u7Q0tJS+/os+a+qSnYfVDSsMrZs2YL09HQ8efIEenp6ZcbPnTsXLVu2rLCcBg0aID09/a3vLt2iRYsKp2nUqFGly75w4QLS09Oxfv16mXEfffQRQkJCkJKSgsjISJlWmA0aNMCRI0eQkJCAuLg4rFq1ShgnEomwZs0aPHr0CMnJyfDz84OJiYkwfty4cYiMjMTz588REhIic+6qqWUq+p5ERERERFQ1SrfAMjIyKvfGURq8UtStZ8iQIfD391e668+lS5cQEhICAGjYsCEmT54MPz8/dO3aFQ8fPlS22hpFJBLVWre2/fv3IygoSAhSLVq0CNbW1jhw4AAAYOHChXJv2t812tra6NmzJ27cuIFOnTqha9eu+P3332tkWffu3cNXX32FuLg4paY/f/48bt68iZSUlAqndXV1xaRJk3DixAkUFBRUtaq1+ls1NzcvN/eSvC5tFhYWWLNmjdzpd+3ahRcvXlS4TB0dHYwYMQK//vor+vfvj0GDBuHcuXPC+LZt22LNmjV48OABHj9+rLCszMxMTJgwAc+fP69wuZrsr7/+qnCa1NRUlcvt1KkTzp49K7d8PT09HD16FEVFRVi9ejXc3Nzg4+ODu3fv4tGjR9i+fTv69++PjRs34oMPPsC8efPw+PFj+Pn5wcPDA3PnzsXhw4eRmJiIRYsWIScnBzNnzoSDgwP++9//4saNG/D29sZ//vMfHDp0CE5OTtDW1q6RZSr6nkREREREVHVKB7CcnZ3LJGwHgJCQEJmcNDY2NnJvLuvWrQtnZ2dcunRJqeXduHFDJllzXl4eFi9eDCcnJzx8+BANGzbEhg0b0KtXL+jo6ODkyZNYsmQJCgsL8f7772P37t2wt7dHREQErl27hkWLFmH8+PH46aefEBkZifz8fJw+fRrz5s1D+/bt8ebNm3LLs7CwgJeXF7p37w49PT3cvXsXy5Ytwx9//AEAWLBgAaZNmwYzMzM8ePAAS5cuxfXr19GkSRNERUXh4MGDsLKygo2NDTp06FDmu5Y3vzLb5Ouvv4aDgwPy8/Px22+/YcGCBXj16hU+/fRTTJ06Fd27d4evry/ee+89AEB6ejpat26NzZs3w9zcHM2bNxe227p16+Ds7AwACA8Px/Lly5UOtlREmWCIhYUFBgwYUC3LCwgIUCqg4OzsjPr168PPzw9WVlZwdXXFb7/9Joxv1qwZFi1ahJYtWyImJgZPnz4F8L8WZYcOHUJBQQHOnj2LqVOnIj8/H1u3boW1tTXc3d2Rk5ODjRs3IjIyEo6Ojvjyyy+xZ88enD59GosWLcLAgQOxfPlyzJgxA5aWlrh16xbWr1+P3NxcDB06FEOHDoWHhwceP36MgQMHYty4cbC0tERGRgYCAwPh6+uLuXPnYujQoQAAf39/rF27Fh06dMDAgQPh5eWFf//739i1axeCgoIwfvx4DB06FMbGxnj69Cl27dqFqKgomJub4+jRo/jpp5/QsGFDWFtbY/LkydWyLSpiZGRUYU690sqbXtkubv3794epqSk2bdqEFi1awM3NTQhgjRw5Er6+vgCA48eP4/vvv8f8+fPL3U/r1auHw4cPIyAgAG5ubhCJRPDw8MCnn36KJk2aICEhAb6+vvjuu+8AoMLjiboo83ChMrnHDA0NMWvWLCQkJCAoKEhmnIuLCywtLbFy5Ur897//RWxsLM6dO4cRI0Zg165dGDRoEEJCQuDl5QV9fX0MGzYMo0ePhp+fH0aPHo3Xr19jzpw5KCoqQo8ePTBs2DDMnj0bo0aNgkgkEtZrgwYNsHDhQjg7O8PAwKBGlqnoexIRERERUdUpHcCysbEpMywkJEQmyCQNXskLdEnHKxvAMjY2RrNmzQAUt8AaOHAgACAmJgYAsG/fPnTp0gUTJ06EkZERfH19ER8fj927d8PHx0fIvZWWlgYvLy8AwJs3bwAA+fn5sLKygrOzM5YuXYqMjAwcPny43PLWrFkDV1dXTJ48GZmZmfj222/h5eUFV1dXjBgxAitXroSfnx+OHDkCPz8//PDDD3j//feF5Q0bNgxnz57F0aNHy3xPRfNX5Pvvv8erV68wcuRImJmZYc+ePZg/fz5WrFghM93UqVMREhKCv/76C7NmzcKrV69kxhsYGOD8+fOoW7culi5dCpFIhE2bNuHMmTPo3LkzcnNzldpmiigTwNq6davCJNKqGDBgAMaPH1/hdP369cPz588RExODkJAQTJw4EfXq1cPr168BAMuWLUOrVq2wY8cOZGdnY+7cuQD+F8AqKCiAubk5mjVrhj179mDJkiVYtGgRLl++jO3bt2PZsmWYNWsWZsyYIawD6bz5+fkAirs6/fe//8WQIUPQvXt3fPzxxzh9+rRQR4lEAisrKyxcuBBBQUFYt24dnJycMH78eNy/fx9Hjx5Fy5YtYWdnhwULFiAuLg7t2rUDUPz72r9/P+7fv4+ePXvi008/xc8//4xffvkFq1evxldffYXRo0cLv9UePXrg0qVLCAgIqLUWWPHx8dixY4ewbitrx44dSicYd3Nzw9OnT3Hr1i2cPn0aCxcuRIMGDfDq1StcunQJ+/btw/Tp0/Hll1/iwoULKu2n06dPx8aNG3Hy5El88cUXmDhxIjZs2IDc3FwcOHBA4fFEneLj4/H8+fNy98Hnz59XKoG79JgvL3jfqlUrABBaikrLb926NWxsbKCtrS2My83NRUpKClq3bi3Mm5iYiKKiImHezp07o2nTpkLXT3nlSlueVvcyFX1PIiIiIiKqukoHsKKiomSCV0ZGRgqDV/LKUOSzzz7DZ599Jnx++fIlFi1ahDt37sDCwgK9evVCYGAgAgMDAQCzZs3CxIkTcfr0abRt21boOgIA3bt3x6RJk2RuyOvWrYvPPvtMuGErr7zdu3fDwMAABgYG6NSpE0JCQtCnTx/k5eUBAAIDA9G6dWukp6fjzZs3CA8Px8cffyyTKyY1NRXz58+X+z2Vmb88hoaG0NPTQ7t27RAWFgYbGxu5QYeoqChIJBLk5OTg1q1bZcb3798fTZs2xbfffivk8fnoo48wc+ZMdOvWrVpaEyjbAqu6WFpaVrjMunXronPnzggICEDDhg1x9+5daGtro3fv3jh37hzMzMzQunVr3L17Fz/++CMAoF27dkJXWmn5urq68Pb2hlgsxoQJE9CkSRN4e3sjMzMTn3zyCZo1a1amLiU/Hz9+HOHh4cjIyED37t3lbkddXV2IRCI0b94cTZs2RXBwsExuNGnLmPv370MsFgvDjx49KnTFTU1NxahRo5CZmYn8/HxER0fDxcVFJodPWloatmzZotxKrkaXLl1CamoqlixZovAYIk9WVhY2btyIqKgopaY3MTHBgAEDcPToUVhbW+PatWvQ0dHByJEjsW/fPqSlpSEhIQEA8Oeff+LJkyd4+fJluftpYWGhTPnTpk3Dmzdv4OnpKexz//rXv+Du7o4DBw4oPJ6oW3h4uNCaT9646iZtMSf9/tL/DQ0Ny4wDih9C1K9fX5i35Djp30ZGRsJvSBqYLVmuvr5+jSyTiIiIiIhqlkpJ3EsqebFfE86cOYMJEyZg3rx5kEgkePz4MXx8fAAAVlZWAIrfRpaYmIjExEQ4OTmhefPmQuAnKSlJKEt6M1pSVlaW0MVMUXlA8ZsXL126hPnz5+Onn37Cn3/+CU9PTwDFXcx8fX3x6NEjvHjxQmgppqOjIyxLUQ4dZeYvz4QJE5CamopNmzbh6tWruHPnjty3tlWkSZMmAIBnz54Jw6Trr3HjxiqXJ48yCb8jIyOrZVkAEBkZWeHypN1FhwwZghMnTgiBm379+kEikQiBnZcvXwrzSPMrlSwnOzsbOTk5wt9v3rzB69evhc86OjoySc1LJzlPSUmBRCJBZmYmAMidPi4uDtu2bUPDhg3xxRdf4OjRo9i9ezfMzc0Vlv3s2TPhs4WFBVasWIGzZ8/i119/RZcuXQBASPxeevraTuIeFRWFlStXIisrS+l5srKysHLlSqWDVwDwr3/9C3p6epgyZQpiYmJw/vx5AMUt4cqjyn7apEkTvHr1Cjk5OQCKu+2KxWJYW1sDUHw8UTdFb3esiTc/SgOv0qCS9P/s7Owy44DinFnS4dnZ2TLjpH9nZWUJvyFpaytF5VbXMomIiIiIqGYp3QIrPj5e5i1Otra2WLNmDVauXClc+K9cuVJhKyxVup88fPgQFy9eBFCcJ2XMmDEYP348jhw5IgRXrly5ggULFsjMJ33iXrI1j7QrYkklW00oKk86ftSoUTA0NESHDh2wfPlyrF69GseOHYOXlxdcXFzQq1cvREZG4ty5c+jVq1e5yypNmfnLExYWhi5duqBRo0ZwcXHBpk2bsGnTJnTs2FGp+aWkAb6SwaqmTZsCgJDzqTbMmzcPH374YbWUpUwwrH///khPT8fGjRuFYX369EG/fv3QuHFjZGRkAADMzMyE8ZaWltVSv8o4d+4czp07h8aNG6Nr166YNWsWJkyYoLDFlLSrE1C8ftu1awcPDw88fPgQmzdvLtPdqeT06hAfH1/hcURKGrxStVvbuHHj8Pfff+Pzzz8Xho0aNQpjx46Fra2t3LxvquynCQkJaNmyJQwMDCAWi2FmZgYDAwPcu3cPgOLjiboTwb948QJRUVFl3jYbFRWlVHJ8VUlfyCFtnWtrawsAiI2NRXx8PPLz84VhRkZGsLS0xOXLlwEADx48gKOjI7S1tVFQUICWLVsiOzsbT58+Fcq1tbXFy5cvhS6FsbGxwoOX6l4mERERERHVLJUCWKWVDmJVdPNZmfwpALBq1SoMGTIEq1evxsWLF/HixQtcuXIFnTp1Qrt27SAWi7Fs2TKEhoZi+fLluH//Pjp37gwPDw9kZWWV+/ZEqYrK+/XXX2FoaIiFCxciIyMDr169Qn5+PvLy8mBoaAiguNWFo6Mj7O3tARQnB7927VqF362y81taWiIsLAwhISHCm9dycnLKTbIsFovRokULDB48uMxb9gIDA/Hs2TNMmzYN0dHRMDAwgJubGx48eICrV69W+B2UoWxrnNpKZG1lZQVHR0cEBAQgLCxMGJ6dnY1+/fqhX79++P777/H48WM4ODhg2LBhEIvF6NatGwCUaWGkqItg6enlzauoPIlEAhcXF6xYsQLff/89bt26JbTaEovFkEgkQlemgQMHIjQ0VO5ypa1RzM3N0apVK+Gm3t7eHnfv3i237rVN2eNE3bp1VT6mtGjRAp07d8axY8cQEBAgDM/KysLYsWPh5uYmJNEHit+empiYqHA/vXLliswyfH194eXlhc2bN+PkyZP49NNPARS/GRSAwuPJP5GNjQ3atm0rBIVsbW0xfPhwPHnyBKGhoXj27BlmzpyJ/Px8uLm54c2bNzhz5gzEYjEuXLiA4cOHY+nSpbCzs4O2tjaOHDkCoLjrbefOnbFr1y6kpKSgY8eOOHDgAAoLC3Hq1CnMnz8f33zzDfz9/TF16lT8+eefuHXrFrS1tWtkmYq+Z3W2LiUiIiIielcp3YUwPDxcbjcJaRBL+lRbGsQqLSsrq9I5VBITE7F79240atQIy5cvBwDMmDEDv/76K7Zs2YJ9+/YhMTERu3btAgDMnDkTMTExWLNmDUaPHi0kT1d0Y66ovMWLFyMjIwMnT57ETz/9BEtLS0yYMAHp6elYvXo1/vrrL/j4+KB379745JNP8Pfff2Pbtm0wMDCo8LtVdv6UlBQsXboU9vb2+OWXX3DkyBE8evQI06dPlzv93r17oauriw0bNqBhw4Yy43JycjB8+HDcvHkTW7duxddff43g4GCMGjVKSDReVdXZLa06/vXr1w8AcP36dZnh9+7dQ1ZWltCNcO3atXj8+DE+//xzuLq6Cm+qk3bzK/39FH2Wtz5Kr5vyPoeGhuLUqVMYNWoU9u7di3nz5uGnn36Cr68vJBIJ/P39kZGRgSlTpsDOzk5uWd7e3khOTsaKFSvg5OSEZcuWIT09Hf/5z3+gq6tbI9uqMmxsbJTOg6VKXj0AGDt2LIDiIFJJ169fR0ZGhjD+4sWLePToEUaMGIHx48ertJ/u27cPy5Ytg7OzM44cOYJWrVrB09NTyC+n6HiibkZGRmjRokWZ4S1atKh0l/GBAwfihx9+wFdffQWg+AULP/zwAzw8PJCfn48JEyYgOTkZK1euhKGhISZPniwkUV+wYAF++ukneHp6omvXrvjmm29w6tQpAMUvsdi2bRsGDBiAGTNm4OTJk8L54f79+/Dw8ICFhQW+/PJL3L9/H+PHj4dEIqmxZSr6nkREREREVHUiY2Njpe8y3dzcys0TExcXJ7TEsrGxKdOt6dixY8INXE3T0tKClZWV0DVu3bp1mDVrFnr06CHT0oRqj6Ojo7qrQGog7TaniiFDhgitliqyf//+GsnNpAozMzM8fvwYAQEBcHNzU2tdqqJ3795wc3NT+BbC48ePK/0mWSIiIiIiouqkdBdCoLj7hIODQ5n8KMD/WmIdP34cc+bMkRkXFRVVa8ErADh79ix69OiBzz//XMg38+TJE9y/f7/W6kCylGmNM23aNEybNq1alufr6wtfX99qKYtql7zjy40bNwAAnTp1KjOtOgNYxsbGcHd3B1D8Bse3jbm5OcaOHYtOnTpV2OrNwsICc+fOxbRp03Djxg2cOHGiRvJiERERERERyaNSCyyguIvJ0qVL5d5kyhMVFYUNGzaUm5upJjRt2hSbN29Gly5dUFRUhNu3b2P58uWIjY2ttTqQLGnOIEVK5m6qDi4uLtVaHqkuOjpa5Xn8/PyEYEpWVhZ8fX2FVj+9e/fGtGnTZMZLA0jq0LZtWwQHByMxMRGTJ0/GnTt31FYXVZVel6oqvW2IiIiIiIhqksoBLCk3NzcMGTKk3JufrKws+Pv712rLK9JcygSwAgICKn0zXVpWVhYGDBhQLWVR5akawDI3N8fevXsBFAe/d+7cWaaVj7m5OebMmSME0WfOnMmWQCoquZ6riuufiIiIiIhqg0pdCEs6fvw4/P394ezsDBsbGyGZcnx8POLj4xEeHl6rra5IsynThXDt2rXVlkPo+PHjan+bHqkuOzsbN27cQFRUVLldA1+8eIEVK1ZgyJAhcHBw4HGmkqKiotRdBSIiIiIiIqVVugUWkSratGmj7iqQGrDbLhEREREREVWHSrfAIlIFW0MRERERERERUWUxgEW1ggEsIiIiIiIiIqosBrCoVjCARURERERERESVxQAW1QoGsIiIiIiIiIioshjAolrBABYRERERERERVRYDWFQrGMAiIiIiIiIiosrSLhlYEIlEaqwK/ZMxgEVEREREREREypAXQ9CuaAKi6sDf1ruJ252IiIiIiIiqgzZvMKk28Hf2buJ2JyIiIiIioqoSiUQQSXiH+VaLi4uDra2tuqtBVcTt+M/BbakZuB2oPPxtaD5uI83HbVQ7uJ6JqLaFh4fDwcFB3dUoVx11V4CIiIiIiIiIiEgRBrCIiIiIiIiIiEijMYBFREREREREREQajQEsIiIiIiIiIiLSaAxgERERERERERGRRmMAi4iIiIiIiIiINBoDWEREREREREREpNEYwCIiIiIiIiIiIo3GABYREREREREREWk0bXVXgIiq5sKFC7h9+zbmzp0LU1NTdVeHKiEtLQ2bNm0qM9zU1BSLFy9WQ43eXQcPHkRsbCz09fVhb2+Prl27wtraWt3VIjUTi8W4ePEi4uLihN9G37591V0tUiAiIgKnTp2SGTZ69Gg4OTmpqUZERERUVSoHsNLS0spcENjY2MDV1RVxcXGwtbWttspR7UlKSkJYWBgA8IbtLRIRESFsNz8/P8ydO1fNNaLKSEtLU2k41ZwxY8bA29sbKSkpiIiIQEREBG96Cf7+/rh9+7bwOTk5GRKJBK6urmqsFSki7/jJY6pmEIvFiI2NRVJSEpKTkwEAVlZWsLa2Rps2bWBgYKDmGhIRkaaqVAArLi5OZphEIgEA+Pj48EL/LZSWlgYfHx/k5uYCAKKjo9ma5y1Q+ulycnIyTp06hdGjR6uxVlQZtra2sLS0REpKiszwrl27qqlG7y4DAwN4eHgIQSwAOHXqFExNTfmA5h2VlpYmE7ySun37NgNYRCoKCgpCaGiocM0pJb230NfXR7du3djCkYjoLZCQkACRSAQAMDQ0rJX4QbXnwDp16hQiIiKqu1iqQRERETIXErm5uYiOjlZjjagi8rpGAMCrV6+4/72lPD09YWNjI3zu27cvhg4dqsYavRvEYnGZYQYGBmXWvb+/f21ViTQMW0gSVZ1YLIaPjw+Cg4NlrjlNTExgYmIifM7NzUVQUBB8fHzkHp+JiEhzJCYmIiEhAQkJCWUexNeUGsmBJb2xZkust4O8SCmbb2uu8oJXo0ePhp2dHby9vYWm+PR20dfXl/s31Rxvb2+MGTOmzP6SlJQk8zk5ORlpaWlsmUqC9u3bq7sKVAVXr15FXl6e8FlfXx8uLi5qrNE/m5+fH+Lj44XPNjY2GDNmjHBMTUtLw8mTJ4Vp4uLicOjQIcyYMUMt9SUiIs1UY0ncqxLEKiwsxPnz53H58mW8ePECBgYGaN26NcaMGSPTQqEyMjIycP/+fXTq1KlK5fz2228ICQnBmjVryoyLjIyEr68vduzYUaVl1BYnJyfExcUJXSTat29f5eDjlClTyjQPBwBLS0ts27ZN4bx//vkntLW1q7ytSwsLC0Pbtm1Rt27dai23NikKXkm3mYeHB3bs2AEPD49qudnOzs7G/Pnz0aRJE6xcubLK5cmTmpqK2bNn48iRI9DS0qr28hXtr+qyatUqmZun0i5evIiLFy/KDGvTpg0mTZpUpeUeOXIEv/76K5YsWYI2bdpUqSx5Sq7rPXv2oEGDBhg3bly1L6e6pKSkwMfHBzNmzJAJYpXuKg+g2gJYN27cwIULF/DkyRPUqVMHTZs2xeDBg9GlS5cql33mzBn8+OOP6N+/PzIyMjRm/cvbxyUSCfbu3QsdHR1MmjQJOjo6aq6lfPKCydKbbwDC+VMsFsPe3r5Sga2TJ0/izz//xBdffCEz/Pr16zhw4AC+++67ylVeRTV9LNYkpY+vABQGsHJzczF58mRs2bIFjRs3Vlh2WloaVq9ejezsbGzcuBENGjSocn3fZkFBQTLBKxMTE7i7u8s8LDU1NYW7uzt27NiB9PR0AMX7VlBQkMpddWv6uuVtu84nItIEBQUFyMzMrPK1dI2+hbCyQazt27fjr7/+wowZM9C6dWvk5eUhICAAK1euxPr169GkSZNK1+nu3buIjIyscgCra9eu6NChQ5XK0CROTk5CAKu6Ws4tXboUH374ocrzhYSEoFWrVmUCWNJca9J+tqo6duwYbG1tVQpgFRUVoU6dau9pWynKBK+A4tZz7u7uOHnyJFxdXauct+e3335Dz549ERERgeTkZFhZWVWpvNKKiopgZmaGvXv31tgNkybur4qCV+WRFxRWRUFBAa5evYqJEyciMDCwRgJYJU2ZMkXl/ae29zk9PT3k5ubCx8cHY8aMQVpaGmJiYuQGsKqjVVxAQACOHDmCyZMno2PHjtDV1cXNmzexd+9e5Obmonfv3lUqPzQ0FNOnT0f37t2Rk5NTreuyKsdgefv406dP0bNnzxr/HVaVtbU1TExMhJtqABgyZAiA4pyRhw4dEobHxMQgMTHxrez+WxvH4nfFgwcPUFRUBG9vb5X2F0265qguYrEYoaGhMsNcXFyE4NXJkychEokwevRoGBgYwMnJCcHBwcK0oaGhMtMro6avW4iISDUFBQWIjY2if+caAAAgAElEQVSFqampZgWwBg8eXOYGS9X+67Gxsbh58yY2b94sPOHS09PDmDFjYGlpKTyhTU1Nha+vL5KSkiASieDg4AB3d3fo6elhzpw5GDx4MCIiIpCZmQkdHR0sWLAASUlJOHDgAAoLC7Fy5UqsWbMGaWlp2L9/PxISElCnTh107NgRY8eOhZaWFr777jvUrVsXqampePXqFTIzM+Hh4QE7OzuEhYUJrQxev36N3bt349mzZzAxMSlzoxwQEICAgAAUFRVBX18fEydOhIODQxXW9NsvIyMDe/bsQXJyMoqKitCkSRN89tln+O2333DlyhVEREQgMTERAwcOxH/+8x+MHTsWZ8+exebNm7F06VJ4enrC3t4eAHDgwAEUFRVh2rRpyM/Ph5+fH27duoXCwkK4uLjA3d0dW7duxfPnz/HNN9/gk08+QXh4OBo3biw8Qb958yaOHTuGb7/9FpcuXcL169eho6OD1NRUbNy4EZGRkTh8+DBycnKgpaWFESNGVPlGU1UXLlwoM6y8lyZYW1vD1NRUaFlSlSBWcHAw5s+fj3r16iE4OBgTJ04EADx//hwLFizAxIkTcfPmTaSlpcHR0VEIWjx//hx79+7F8+fPUVRUBGdnZ0yZMgUikQi7d+9G/fr1cefOHdjZ2WHo0KEyT/0vXboEf39/FBYWon79+pg6dSpsbGzw8uVLeHp6Yvr06bhy5QrS0tJgY2OD2bNnQyQS4eXLl/Dx8UF8fDx0dXUxevRo9OzZU2Z/BYDz588jMDBQKP/TTz/Fe++9V+l19LYIDw/He++9h549e+LkyZPIysoSArrfffcdDAwM8PfffyM5ORm6urqYOnUqzp49ixcvXsDExASLFi2Cnp4edu3aBSMjI6SmpiI9PR0FBQWYOXMmWrZsKbO8AwcOCC2A8vPz4ePjg+joaBQVFaF58+b47LPPYGxsLHefqy329va4ffs2cnNz4efnV6PLysvLw9GjRzFp0iT06dNHGN6tWzeYmJhAW7v4lPzmzRscOnQId+/ehUQigYWFBaZPnw5zc3NcvnwZV65cQbNmzfD48WO8evUKgwYNwqBBg7B582YkJyfjyJEjePbsGdLT04X1Lz3mPnv2DGZmZujWrRsuXLiAXbt2ITAwEKGhoVi1ahWA4tYL06ZNw759+yAWi8scg/Pz88vdt8s7Br98+VJmHy/vvFjRPq4uLi4uQosdPT09obVeUFBQmWnDwsLg6upa7V3xyztvGhsbw8PDQ+F5Udl9b+HChTLbKSYmBn5+fkIwtF+/fvj4448BFD9sOn/+vBB0GTp06DuVeLu8a8TCwkIcOHAAWVlZmD9/PlauXInCwsJyr1lLnw9btWqFy5cvo3Hjxnj8+DHS09Mxc+ZMhIaGIiEhATk5OZg/fz6aNm2K/Px8HD16VHgA2bx5c0yfPh316tVT+HupTTExMWXuDVJSUhAcHCzzgoT27dvD1tYWtra2MgGs3NxcxMTEqPRwVd51S3Z2NmbOnIm1a9eiRYsWAIpztyxevBje3t6YP39+uftQRdf57+o1BRGRMqTBq5ycHADyH4TWq1cP9evXV6q8annMk56ejvj4eDRu3BgtW7aU+VdRM+vS7t27V+583bt3h4WFBQBg586daNq0KbZv3w4vLy8kJibi7NmzAAAtLS3cvXsXS5cuxYYNG2BgYIDAwEDY29ujX79+cHJyEm5kd+7ciYYNG2Lr1q1Yv349oqOjhROnlpYWwsLC8Omnn+Lrr79G7969cfz48TL1OnHiBLS1tbF7926sWrUKd+7ckfk+p06dwvLly7Ft2zZ88skn2Lx5MzIzM1VaL9UpLS0N8fHxMv+krzEGinO9lB5fOh9MVf3000+oV68eduzYgZ07d+L9999HZGQkhg8fDltbW7i5uQldSt68eYO8vDzs37+/wmb4586dQ1JSErZv345t27bh3r17+PXXX+Hp6QkAWL58eYVvdtPV1UVsbCz69OmDjRs3Ij8/X9h2u3fvxmeffQZvb2+8fv262taHMiZNmiST6FTRGz8jIiKEi8KqJEGNiYmBkZERmjZtip49e+Lq1asoKCgAANSpUwcFBQV48+aN0Dry9u3buHHjBgBg3759sLW1xe7du7Fp0yaEhYXh5s2bAAAdHR1cu3YNS5cuxbRp02SWGRsbCz8/PyxevBjbtm3D4MGDsWnTJhQUFEBLSwv5+fnIyMjAihUr8M033+DOnTvCSwd27doFW1tbfPfdd1i6dCn27duHZ8+eyZT/8OFDnDlzRuji1qFDB3h7e1d6HanLhQsXsGzZMrmt8soTGBiIvn37QkdHB507d8bvv/8ujNPS0sIff/yBWbNmwcvLCxKJBD4+PvD09ISXlxfS09Nx69YtAMXb/saNG5g1axbWrVuHPn36YPfu3QqX7e/vj+TkZGzfvh27du1CYWGhcMwuvc/VJlVy3vj4+FTpWPjo0SOIxWJ07969zDgHBwd88MEHAICzZ88iISEBXl5e2L59O2xsbLBr1y4AxdspOjoaHTt2xKpVqzBnzhz4+fkhPz8fCxcuhLm5OaZPn47x48fLlH/y5EloaWlh9+7dWLp0KS5duqRUSw95x2BF+3Z5x+CSFJ0XK9rH1UV6UwtApqtpeQlLS55Tq0t5582KVHbfy8rKwqZNmzBu3Dhs374dX375Jc6cOYN79+4hLy8P3t7eWLZsGXbs2IEVK1bg1q1byM/Pr/bvranKu0Z0dHSEu7s7mjRpgm3btqFBgwYKr1lLnw+1tLQQGxuLvn37Yu3atejUqRO8vLwwfPhwrF27Fg4ODvj5558BAD/++CMePnyIDRs2YNu2bTAxMcH+/fsBVP73Ut3kHTMjIiIQFBQkvHRGGrwqb3pVjrvlXbcYGRnB2dkZly5dEqYNCwtDhw4dYGRkpLBMRdf5/5RrCiKimlA6eJWTkyMkfS/5LzExUekyq6UFVlpamsKDtSotQLKzsytsVvb69Ws8ePAA8+fPB1B88u/VqxcuXrwo5Pro2rWr0ATexsYGqampZcrJzMxEdHS08GRXT08Pffv2xe+//47+/fsDAD788EMhGtiiRQsEBASUKefevXsYN24cRCIRdHV10atXL+HCJDw8HB07doSZmRkAoF27dqhbty7u37+Pjh07KrVOqotYLMahQ4fkdo0pqby3bVlZWWHGjBlKP1XetGlTmQjruHHjMHToUJiZmeHGjRu4ffs27O3tMWLECLllSOfv3r27Uk/fr1+/jpEjR0JHRwc6OjpYvXq10KpBFUZGRkIeEx0dHezZs0f43m3atIGWlhZevHihdKS4Otja2mLu3Lnw9/dHeno67Ozs5E5XsquhiYmJzI2XqoKCgoSWIsbGxmjVqhXCw8NlgoDSm3F9fX20a9cO0dHR6NKlCxYtWiRss3r16sHW1la4qROJRLCzs0PDhg3LLPPatWvo1KmTEKzu1KkTfvjhBzx48EAIbPfo0QNAcXdJS0tLpKamIjMzEzExMfD09IRIJELjxo2xZ88eGBoa4vHjx0L57733njAcKN7Hz507V+l1VJuSk5MRExODiIgIxMTEACje3iYmJhXmCElOTkZqaiocHR0BFL/lUBoglGrbtq3wO2/cuDGMjY2hp6cHoPim/eXLl8K0H330kdB6q3Pnzvj++++RkZFR7vKHDRuGQYMGCfujg4OD8B0A2X2uNllbW2P06NFKBQKlXQ1L58tSVlZWFoyMjKCrq6twuhs3bgjHMQDo168fzp07h+zsbABAo0aNhGCXjY0NCgsLkZaWBnNz83LLvHfvHsaPHw+RSAQjIyO4uLggMDCwwjrLOwYr2rfLOwaX/G0oOi9KWy3I28fVSRPeOKjsebO0yu579+7dg7GxMdq1aycs38nJCREREXBwcICxsTGCgoLQu3dvWFtbY8mSJdXwLd8uylwjVnTNKu98aGlpiWbNmgEoPhZbW1sL3eAaN26MP/74A0Dx/jZ8+HChe/PHH38MT09PFBYWVvr3Ut0qCua2b99eaA0vFosRFhamchklKbpu6dWrF7Zt24aJEydCR0cHYWFhQqtyRRRd57/N1xRERDWpdPCqutRoDqzKqF+/Ph4+fKhwGumFcMngQf369WXyU5QMsohEIhQVFZUpRzr9ihUrhGHS5r/yyqlTp47ccjIzM2XyKtWrV0+mrqVvdErXtbaEhoZWGLxSJDk5GUFBQUrn9li8eHG5ObD69+8PkUiECxcuYNu2bWjbti2mTp0q3NCUpmygKD09XWb9Sy8oCgsLlZpfqnQT+0uXLuHatWtCDpiCggLh79pkYGCAMWPGIDo6Gt7e3hg6dKhMcLh0nixVE5+WlJmZifDwcNy+fRs//PADgOL8HDk5OTIBrNLrW3qjGR0dDX9/f4jFYohEIiQnJ8vkuilvm6anp+Pu3bu4e/euMCwvLw/p6elCAEvefindp0rWp+TfUrm5uTh27BgePXoEoLi7ljq2ZWWU181Nmf06MDAQ6enpmDp1qkx5sbGxwnYpmeOpTp06ZT6XPP7J28+ysrLKXX5KSgpOnDiB1NRUiEQime0JlN3napOTkxNMTU1x4cKFCl8BXJUglrGxMbKzs5Gbm6swn1ZGRobM/iFd19JzX+nzGwC556aSSp+nFAW75ClZH0X7dnnH4JKUOS8qc+6tLSVbZgOQqaeenp7cfHaq5ksr7zpF2vIUUP28KVXZfa/07xAo/i2+fPkSIpEIq1atwoULF7B27VrUqVMHI0aMeKe6EALK/U6VuWYtvZ6VPRanp6fDz88Px44dk5k3PT290r+X2qSnpyfkk5M+ZK1KsLii6xZHR0fo6+vj1q1bsLKyQlZWllK5WhVd57/N1xRERDWtMjl/K6JxAax27drhxIkTiIuLK9Nq69y5c7CxsRGGp6enCyfi169fq5wQTNodbcOGDXJvdJVVt25dmRu3kiff0olfK1vX6iC9ybW0tCwThEpKShLyewwePLjMzYX0xq46u0X069cP/fr1g1gsxv79+3Hw4EHhCWVpJVtfle72IhaLhVYixsbGMk/6MzIyUFhYWOYCvU6dOjIXGIoiwxEREThz5gzWr18Pc3NzSCQSuLu7K/9Fa4C9vT1sbW3h5+cHa2trDBkyRG6S96p0H7x06RK6dOmCzz//XBhWVFSEmTNnIjk5WXian5GRITw5zszMRP369ZGZmQkvLy8sWLBAyBXxzTffyJRfXou6Bg0aoEePHmW6FgJQGPiVbuOSx4Xnz5+XSdp/8uRJPH36FCtXroS+vj4ePnyI1atXK1wXtUV6fBOLxYiLi6swmKKs/Px8/P777/j222+Flm1AcReToKCgSiXRLrmfSbtEKwo079y5E/b29pg3bx5EIhHOnj2L2NhYlZdbU2xtbeHp6Ym0tDSkpaUJN4ze3t5lTr6VDWK1bNkShoaGCA4Olmn5BgC3b98Wkn+bmJjIrF9pd2VTU1OZN3mpwsjISOY4V7JFk7xjamnS/bWifbu8Y3BJmnReVOTq1asICwsrc0OdlpYGsVgMAwMD2Nralvkdl8yRpSwzMzMkJSVBIpHIHBufPn0qE2ws77yp6LxY2X2v9O8QkN1OVlZW8PDwAADcv38f69atw/vvv1+lF+2oqvTbXPX19fHVV1/V2vKVIe36r+iatbL53UxNTTF69OhyX0ykynVWTbGysir3uGVtbS2TzL28hzHKJmGv6LrFysoKPXv2RGhoKKytrdGtWzchQKxoH1J0na/J1xREROqkra0NOzs7xMTEqNyYRBGNe9VJq1at0L17d2zatAk3b95EdnY20tLScPToUVy4cAGWlpaoV68e2rRpIzTVzs/PR0hICJydnSssX1tbW+iGYWRkBAcHByE5tkQiwblz53D58mWV6mxnZ4crV65AIpFALBbL5JXp1KkTbt26JXS9uX37NnJyctT61iXpRXfJfyUvtq2trcuMr+5ktN99953wRNvAwEAIDAGy20geMzMzIa9RRkaGTC4CZ2dnBAYGIi8vD3l5edi4cSNu3LiBOnXqQCQSCeU2bNgQCQkJAIpbZ8lrsi71+vVrGBsbo1GjRpBIJDhz5gxEIlGV3whXVQYGBvDw8ICJiQm2b98utwvUxYsXVcqRJCWRSBAUFFQmX5j0RQclWyOEhIQAKL6xjYyMhIODA3JyclBYWCgk9Y6IiMCTJ0+UWmedO3fG9evXhRvsFy9eYMuWLRVG8OvXr4/3338fFy9ehEQiwfPnz7FkyRL8/fffMtO9fv0a1tbW0NfXh1gsxs8//4zCwkK1526ZMWMGPDw84OrqiqFDh8LT01NuawZLS8sywypq7XHt2jVYWFjIBK8AoEuXLggPD1fYcqo8d+7cEY5rly9fRrNmzRQ+CHj9+jVsbW2FFjvXrl1T+z4kj6mpqXBMtLa2hoeHh3ATU5I0iKVKbhYdHR24u7vj6NGjuHjxohAI+f3337Fz504hUNGpUycEBwcLv8mAgAA4ODhU6Tj8/vvvIywsDBKJBDk5Obh27ZowzszMDCkpKcLyFJ0DK9q3yzsGl6SJ58XSLly4IGwjeaRd8Lp161ZmnLxhFXF2dkZBQQH8/PyQmZmJvLw8XL9+Hb/88osQ7FR03lR0Xqzsvufo6Cgc14HioOft27fRsWNHPHnyBKtXrxaOHY0bN4a2tnattzyRF1zWNFW5Zq1I586dERAQIKyHP/74AwcPHgSg+PdSmxQFc9PT0xEcHIzg4GCFD2yUCQgre93Sq1cvREZG4vLly0JXZUDxPqToOl9TrymIiDSBoaEh7OzshIcFurq6aNy4cZl/8u5vyqNxLbAA4PPPP8fFixdx7NgxPH/+HPr6+mjbti3WrVsn3IDNnj0b+/btE/LdtG/fHsOGDauw7I8++gg///wzZs2ahV27dmH27NnYv38/5syZg6KiIrRs2VLlt8u5ublh165dmDlzJkxMTNCzZ08hwaa9vT3GjBmDb775BkVFRTAyMsKSJUsqTBj5T7Bhwwa5w/fs2YPBgwdj//79OH36NOrUqQNra2vMmDEDQPEFmZ+fH+Li4jBlypQy848bNw6+vr64fv06TE1N0blzZyGx+IgRI5CVlYV58+ahqKgInTp1woABAyASieDi4oKvv/4aY8aMQf/+/bF161Z8+eWXMDIyQtu2beW+TUpan9DQUMyZMweGhoYYNWoUevTogd27d2PFihUqv6igunXr1k24mTIxMRGa40tf7S5Nkjp69Gily4yKikJWVhbatm1bZlyXLl2wfft2IbhiamqKhQsXIisrC126dEHHjh0hEonw8ccfY9myZULi1IkTJ8LX1xdNmzZVuOwPPvgAn3zyCdavX4+CggJoa2tj+PDh0NPTq7BF2Zw5c+Dj44OZM2dCV1cX7u7uaN68uczT36FDh2LHjh2YN28e6tevj2nTpiEhIQFffPEFvLy8lF5H1alky9KSXF1dZYKFlpaW8PT0RFJSkkzLoIq6igYFBaFLly5lhpuamsLGxkbmYlxZ7du3x969e5GcnAwDAwPMmjVL4fSffPIJDh8+jNOnT6Np06aYMWMGNm7ciO+//x6tW7dWefm1RRrEqq6WWH369IGxsTHOnz+PEydOQCQSwdbWFgsWLBDyk/3rX/9CVlYWFi1aBIlEgiZNmlS4fisiPU99/vnnsLKyQrdu3YTzVNu2bfHBBx9g2bJlMDU1FQIw8rpDWVhYKNy3yzsGl8yfpui8qI7u9fJIj5vluX37NpycnGBra1umRVl5+QkVMTIywurVq+Hn54c5c+agoKBA2O7Slm6KzpuKzouV3feMjIywePFiHDx4EAcOHECdOnXwySefoE2bNpBIJLC3t8fSpUsBFD94Gj16dIXH93dVZa9ZKzJs2DDk5ORg8eLFKCoqgrGxsdBNXNHvpTbZ2dmV29VWT09PCKrJe1AgHa7MPqXMdcu4ceNgYWGBVq1aISsrCzY2NsI0ivYhRdf5mnhNQUSkSaRBrJiYGDRq1KjKLbVFEhUfx8TFxcHHx0elhaiSxJ1UI6+rpTxJSUnw8fERcq+UvuE6efKk8NY6JycnmWBHRfNS1Sm7HcsjFouRnJysMB9W6e1aVampqZg9ezaOHj2q1NvM3hXKbstly5YJf5uammLx4sVlpklLS8OmTZuEzzY2NkKXnbS0NERERAj5m2rTnj17YGZmBjc3t1pdriqquk+VVjpoWJK+vj4WL15c7S1Vq1tRUZGwr4aGhuLixYtYt26dmmtV+5T5bRw8eLDc1jy2trZwcXERtvfGjRtlAliLFy/WuO6Qb5vKHEel1q9fD6A4cF/yAQBQ/PIKacBf0bxUMVWOsfK2BSC7PZSZprrs2LEDLVu2LNOVWxNV97mMiKgi4eHhcHBwUGrakq3s69evr7A1fU5ODrKzs9GoUaMq1Y93ne8IPz8/4WI8NzdXaJ0DFAc6pMEr6eeST58VzUuaQdottCQnJyeZi7OIiAj4+PhUKS+WPExWWnVpaWk4deqUzLZJSkqSm7BdytTUFK6urmq7UX7XtntF3QnLe3urpjh37hzWrFmD/Px8FBQU4LfffqtUS6F3xaRJk+Dh4SH3n6urqxC8unr1aplWY8HBwdV+nCV6m7m6usq0dlKWjY1NtQevYmNjERUVpXJvCyIiqhpDQ8MqB68ADe1CSNWv9AV2yWS+8nJ8lLz4VjQvabZu3bohOTlZCFDGxcWp9CZJqj0RERGwtLQUum8FBQVV60sTqOoUdSesypuzasPAgQPx9OlTzJkzB3Xq1IGdnR1GjRql7mq9ldLS0hAcHIzo6Gi5rbQiIiIQHR0Ne3t79O3bl62xiAC4u7vDz89Ppkt/TEyMkMBemgpBysbGptpfmLN27VokJCTg888/l/uGVCIi0nwqB7CsrKxUfk2ysm8PoZrTtWtXmUTlTk5OMn9fvXpVuCHT09ODvb29UvOS5hszZgwACEGs6rrRbtSoEY4fP14tZb2LBg8eXObmt+S+5erqWqarrqYcS6uaj+ltVl4Qy8XFRY21qpi+vj7mzp2r7mq89Up2qVckNzdXaM08ceJEmXMqVZ/Sx9GSL7SQ18Kw5DBF81L1k754JigoSLjmTE5OLvOgRk9PD926dav2llcA8OWXX1Z7mURE77KSuaBrK8e3yjmwSLOomoNAOn3pC4OkpCSEhoYCKL4RK33jXHLekrk/qHrUdI4DsViMoKAgpKWlYcyYMdx+NYj5KjRDbe5TTk5ODFC8Rary2yiZL1JZ5eW4o/LxOKr5qrKNxGIxYmJikJSUJASwrKysYG1tDTs7O16jlMB9gYhqmyo5sNSBXQjfIYqeZllbWwstdVSdlzSfgYEBuw0SVSPuU++myuS2Ku/takTvKgMDAzg5ObFFPxERqYwBLCIiIiIlTJo0Sd1VICIiInpn8S2ERERERERERESk0RjAIiIiIiIiIiIijcYAFhERERERERERaTQGsIiIiIiIiIiISKMxgEVERERERERERBqNASwiIiIiIiIiItJoDGAREREREREREZFGYwCLiIiIiIiIiIg0mujEiRMSdVeCiIiIiIiIiIioPNpi8Wt114GIiIiIiIiIiEigra0FPT091KtXF8bGxtA2MTFWd52IiIiIiIiIiIgEWlp1oKOjA0NDQ+jq6kLbzKyBuutEREREREREREQkEIlE0NLSgq6uLvT0dKFtbMwWWEREREREREREpDlEIhFEIkBLSwtaWlrQNjDQV3ediIiIiIiIiIiIZBQHsYr/aWtra6u7PkREREREREREROWqo+4KEBERERERERERKcIAFhERERERERERaTQGsIiIiIiIiIiISKMxgEVERERERERERBqNASwiIiIiIiIiItJoDGAREREREREREZFGYwCLiIiIiIiIiIg0GgNYRERERERERESk0RjAIiIiIiIiIiIijcYAFhERERERERERaTQGsIiIiIiIiIiISKMxgEVERERERERERBqNASwiIiIiIiIiItJoDGAREREREREREZFGYwCLiIiIiIiIiIg0GgNYRERERERERESk0RjAIiIiIiIiIiIijcYAFhERERERERERaTQGsIiIiIiIiIiISKMxgEVERERERERERBqNASwiIiIiIiIiItJoDGAREREREREREZFGYwCLiIiIiIiIiIg0GgNYRERERERERESk0RjAIiIiIiIiIiIijcYAFhERERERERERaTQGsIiIiIiIiIiISKMxgEVERERERERERBpNW90VINJkb/JycfHCMQDA4KHjoKunr+YaEREREREREb17NCaA5et7EBcvBsgdZ2CgDzMzM3zwQWsMGNAXtrY2tVy7yvn775eYOXOu8Ll//z6YOfNT4fO4cZORn18AAPjwQ0esWLG0xuv09dcbEBl5DwCgo6ONY8d+qPFlvs0ePboPc4vGwt929h+quUZERERERERE7x6NCWApIhbnIiEhEQkJiQgO/g2ffTYdffv2Une1qJps27YbV66ECZ8PHvSGkZGRGmv0P/djItGlmysAICL8MgNYRERERERERGqgsTmw9PT0UK9eXejo6MgMl0gk2L//ILKzs9VUM3pXvHr5AgBgZdUEVlZN8ObNG2EYEREREREREdUejW2BNXnyeAwY4AqJRILo6FisW7cZeXl5AIC8vDzcv/8QTk4fqbmWVXPgwF5IJBIAgJaWVq0sc8mSBSgsLAQAiESiWlnm2yo25g4+sPtfi6sP7D5EbMwduHTvp8ZaEREREREREb17NDaAJSUSieDgYIePPmqL69dvCsOzsuS3wIqPf4JffglEdHQsXr1Kg0QiQaNGZvjww7YYOvRjNGrUUGb6hw//xLJlq4TPEye6oXt3Fxw/fhq3b99BVlYmLCzM0b+/K4YMGSh3mXFx8Th27BTu33+IwsJCtGjRHCNGDEWLFs0VfrcpU2aWmwNr5cq1iI6OBVCcq+rwYV/8+MmR/XoAACAASURBVONFBAf/hpcvX8HcvBEGDx6IAQP6AgAiIv7A6dM/4q+/nkJHRwft2jlg4sRxMDdvJLPMjRu3VJgDq7bW4dmz53Ho0PEyy580yUP429LSArt3bxE+5+bmIijoN4SH38LTp8+QkyOGgYEBmjZtDGdnJ/Tr1wcGBgYK17sy3uTlIuFZHNp92EkY1qyZLe5G3sCbvFwmcyciIiIiIiKqRRofwJIq3ULJzKxBmWnOnDmPI0dOCK2apBITk5GYmIyQkN+xYMEctG9ffh6j+PgnOHfuIrKysmTm//57P+Tk5GDs2JEy09+9G4V167yEQBQA3L//EOvXf4thwz5W6TsqsnXrLly7Fl6iTknw9vZFeno66tWri/37Dwrj8vLyEBp6HQ8e/IktW9arlE9KHetQWcnJKVi3zgtJSSkyw7OyshAb+wCxsQ8QEBCML75YiMaNrZUu91KwPxKexZUZ3vZDZ9StV1/4XLdefbRs1QbHj3qXmbZps5bo1WewCt+GiIiIiIiIiJT1VgSwkpNThFZDAGBqaoLWrd+Tmeby5VAcPvy/1jwmJiZwcSluPXPlShhev86EWJyLb7/dgW+/XQ9LSwu5ywoNvQ4AqFevLvLz85GbmyeMO3fOH4MHD4SRkSEAICdHjO3b/ysTvKpXry6sra2QkJCI8+d/quI3L5afX4Br18Kho6ODunWNkJaWLow7ffpH4W8zswbIyHiNgoLi+vz990sEBARj5MhhSi2nttdh48bW6Ny5Ix4/jkdq6t/CNB07thcClqamJgCAN2/ysX79ZpnglampCZo3b4qnTxPw6lUaACAl5TnWrduMrVs3QFdXV6nv/TwlEa4DRsLKqkmF03bs1AMdO/WQGfb0ySOEXQ1WallEREREREREpDqNDWCdPXsBQUGXkJeXh5SUF0LeJj09PXh6zoKu7v+Su0skEhw5ckL43KCBKb79dj3q168HAPj44wGYN2+JEEw5c+Y8Zs2aUe6yp0+fjEGD+uPNmzdYu3aT0JUvLy8Pjx49Rrt2jgCAq1fDkJ7+v2CSnd0HWL58EfT19ZGZmYlVq9bjr7+eVMv6aNPmfSxfvggGBgbYsmUXQkOvAQAKCwuhra2N1auXw8HBDrGxD/Dll2uE+aKjY5QKYKljHTo7d4Czcwds27ZbJoA1Z86/y7Qa+/33K0hMTBY+t2vniCVL5kNPTw9v3uT/f9fIuwCKg1iXLl3GgAGuFX5vAOg/cAR+/eUsOjh3R6v37JSaR+rRnzG4FX4F/QeOUGk+IiIiIiIiIlKexr6FMDX1b8TF/YXExGQheGVlZYktW9bD0dFeZtonT57JBEBsbFrg/v0HCA+/JeRKKtnl8PbtyHKX+957rTBoUH8AgK6uLrp16yIzvmTrp6ioGJlxbm6joK9fnBupXr16GDVquCpfWaEJE9yE3E7t2jnIjOvQ4SM4OBQHXtq0eV8IOpWuryLqWofKun37jsxnN7eR0NPT+/9l6MDNbVSp6cuvX2kNzMzRf+AI3I+JxM0bl5We7+aNy7gfE4n+A0eggZm50vMRERERERERkWo0tgWWPMnJKdiyZSdWrVoOQ8P/Jep+8SJVZrqIiD8QEfFHueWkpaUjPz8fOjo6ZcZ98EFrmc+GhoYyn6Xd8wDg5ctXMuOaNGks87lpU9nPVWFr20L4W9qFUcrGpoXMZwMDA7x+nQlAtr6KqGsdKqtkcA0AmjSR7e7XvHlThdNXpDiINRK//nIGoVcCK3zTYOiVQKS9SkX/gSOZ0J2IiIiIiIiohmlsCywPj6k4ceIgNm9eJxOgefw4Hvv3l31znqre/B979x0dVZn/cfwzJb33hAABQui9SZEqIAgiKtZFXbuuFRd114a6rj/XjogiVrBRVLoiTQJIB+ktlBBCEkJI75nM/f0RMiQkgYBIRny/zvGMc587937vc+dyTj7neZ4pLq52u5+fT6X3ZnPtu8hkMlV6f/pC6OfLxcXqGG1UXU0+Pt6V3tvt9gty3rP5I/qwLrm6uWv4Nbfq4IHdZ9334IHdGn7NrYRXAAAAAABcBE49Astisahx4yg99dTjevTRJ1VSUiJJWr58pYYPH6rGjaMkSSEhwZU+N3z4UN155+g/vL7TfwnxyJFE+fmdWkMpMTHpD6/hQqmrPpSqBn/VCQkJ1qFD8Y73iYmJat781Eivw4ePVNn/fBQXFcrFxe2s+7m4uKm4qJAACwAAAACAi+BPMTQmNDSkyoLcP/xw6tf3GjVqqODgIMf72NiVOnYstcpxioqKFBu7SsuXr7wgdbVuXXnB7xkzflBhYaEkKTc3V7Nmzbsg57kY6qoPJVX5tcDyXxSsqFOn9pXeT5/+g4qKyn7dsLi4RNOnf3/a/h3Oq5aUlEQFBAaddb+AwCClpCSe1zkAAAAAAMC5ceoRWBWNGHGVFi5cJJutbEH3NWvWKzExSfXr15PJZNItt9ygCRMmSZJycnI1Zsy/dNllXRQWFqqioiIlJiZp9+49KigovGCLq/fu3VPTp3+nrKxsSdLOnbv14IOPq169CCUkJCo/P/+CnOdiqKs+lKR69SIqvX/55dfUtGkTmc1mdenSSf3791Hfvr01d+4CJSWlSJK2bt2uhx56QlFRDXTkyNFK65GFh4epf/8+51VLRkaawiNOra+VnJyotb8ukSR17zVQESfbwiPqKyMjTQ2jmp7XeQAAAAAAQO39KUZgSWXT9fr1OxVKGIahWbPmOt7369dbo0ff5FhvqaioSCtW/KqZM2dp7twftXnzFhUUlI2Oqs2Utdrw9PTQo48+KKvV4tiWnZ2jPXv2KT8/XwMG9L0g57lY6qIPJalHj26VRmGlp2do/fpNWrt2gxISyqYGurq66JlnnlRERLhjv4yMTG3Zsr1KePXMM2OrjOqqrZTkRIWG1VdxUaE2rFuh2GUL1Lnr5erc9XLFLlugDetWqLioUKFh9ZWSzAgsAAAAAAAuhj/NCCxJGjlyuJYti3UsUr5y5WrddNP1Cg0NkSRde+0IderUQT//vFQ7d+5WWlqabDab/P39FRDgr6iohmrfvq06dz6/6WXV6dChnV599UVNm/a99uzZq9JSu6KiGmjYsCFq0aKZli2LvWDnuhjqog9DQ0P0wgv/0vTp3+vgwUPKy6t+5FpERLjefPO/WrLkF61du0FHjhxVQUGB3N3d1aBBpC67rIsGDRogDw+Paj9fG6nHkpSfl6O1vy6Rf0Cwrht1h2Odq/Dw+vp11RItmDdN7TpcptRjf541zgAAAAAA+DMzxcfvuTA/lQdcArZuWauU5ES1bNWhxumBCYf3a/euLQqPqK/2Hbpf5AoBAAAAAPjrIcACAAAAAACAU/vTrIEFAAAAAACAvyYCLAAAAAAAADg1AiwAAAAAAAA4NQIsAAAAAAAAODUCLAAAAAAAADg1AiwAAAAAAAA4NQIsAAAAAAAAODUCLAAAAAAAADg1AiwAAAAAAAA4NQIsAAAAAAAAODUCLAAAAAAAADg1k2EYRl0XAQAAAAAAANSEEVgAAAAAAABwagRYAAAAAAAAcGoEWAAAAAAAAHBqBFgAAAAAAABwagRYAAAAAAAAcGoEWAAAAAAAAHBqBFgAAAAAAABwagRYAAAAAAAAcGoEWAAAAAAAAHBqBFgAAAAAAABwagRYAAAAAAAAcGoEWAAAAAAAAHBqBFgAAAAAAABwagRYAAAAAAAAcGoEWAAAAAAAAHBqBFgAAAAAAABwagRYAAAAAAAAcGoEWAAAAAAAAHBqBFgAAAAAAABwagRYAAAAAAAAcGp/ygBr4d4Tqv+fX2u1779+PKDR3+z8gyv6faZtOaY2b647788X2uwyPblM+9MKarX/ufTfxXCmeqZvOabuEzYqo8B2kav642UXluqqT7Yq8IUV6vn+Rqe7L9XpPmGjPlmXVGV7XnGpekzYqKmbUuqgqktDxb79M3wXAAAAAOBistZ1AZK09nC2ery/URkv95G/x9lLahXmpVeGNKnVsa9pHazcotLfW+I5W3UoS70/2KQ7u0bosxtb/qHncjGbNGFkM4V4u9Rq/3Ppvy7vbtDDverr710jfk+J51XP8gMZ+mhtkhbd21G+7pY/7PzVKbLZ9cbyBH3zW4oOniiQn4dVHer56PHeDTS0RdAFOcfnG5KUX1Kq4y/2lsVsUkJmYa3vS10Z27ehWoV5Vdpmsxu69eudeqx3A93cIeyi1jPk4y36eV+6JMndalaEr6t6Rvnp8T4N1aW+z0WtBQAAAADwx3GKAOtcNfR3r3Wg0iPK7w+upnqT1x5VoIdV07cc0zsjYuTn/sd1tcVs0sO96td6/3Ppv9ooKTXkYjGd9+drqqdfdID6RQf8ntLOi81uaOgnW5WYVai3ro5R94Z+slpMij2Qoclrj16wAOtQeqFahHrKYi7ruwt9X073e++TJI1qF1plm9Vs0pw72/2u4/4ej15eX29dHaNim6FD6QX6ZH2Sur+3QTNvb6tr24Rc1FpK7YZMJpPMp3Xzheh7AAAAAPgrc8oA6/E5cUrKLpK71axtybnKLS7VE30a6B89y0KahXtP6J4Ze5T4fC9Jkt2QPlydqA9WJyohs0iBnlY9N7Cx7r2snv714wElZhbqq1tbS5JSc4v1+Jw4LdufIZNJurJZoN4e0UyBntV3RVJSkurVqyfDMHTs2DGFh4eftf6MAptmbkvVpze21KOz9+rLTSmVAqY1h7P00A97tf9EgdpFeFcJRDq8vV43tA/V4n3pWpeQreYhnvrmb6214Ui2xv18SBkFJRrdKVzvX9tcJlPZFEKPfy9X3NM91DTY45z7b2lchp6cH6dD6YUym8pGRK18qLMenxOnHSm5evrH/Xplabw61vPWzNvbqsPb63Vl80CtS8jWsZxivXxlE/Vo5Kd7Z+7WxiM5Ki61q024t94eEaPLGvo6rmtpXIZe+Pmgdh3Lk9Vs0nVtQ/TRqBZV6ikpNfSfJYf05aYUZRXa1CnSR+9e00xtwr0c/XNVyyBtOJKt5OximUzSB9c1V+/G/tXej7S0NPn6+srV1dVxP8/kq00pWnM4S7ue7K7Gge6O7SPbhOia1qcCkc1Hc/TE3DhtTcpVoKdVd3Wrp3/1j5LFbFJmgU0BL6zQhJHN9NXmFGUW2FTfz01Tbm6lSD833ffdHs3YekyGIS2Jy9BDPeurZZhnpX44mlWke2fu0erDmQrzdtXT/Rvp7pm7dfzF3gr2ctHob3aqUaBHpVFbTV9bozeHN9XINiGaveO4/jkvTrd0DNf8XWnycrXo14c7671VR/Th6qNKzCqSv4dVN3cI06tDox0By4ETBRo7L05rDmer0FaqtuHeWnB3B/m6W9R9wkbd062e7rms3ln7YPaO4xo7f79u7xyuuTvTlFFQogFNA/Xh9c1lPT3hOel8njeTTLKaTbK6mtQ63EvvjIhRVqFNj8zap5GtQ2QySblFpXp24QHN2ZGmnCKbejTy08RrmysqoOz+vrfqiN5ZcUQZBSVys5o1ulO43ro6RpJ05/TdWhKXrswCmyL93PTvAVG6o0tZ0Fh+n9++OkZfbU7RibwSrX20i4Z8vKXKM9I32v+c/u2p6GzPBAAAAABc6pwywJKkebvStPKhzupS30f7juerw9vrNbhZkJoGe1TZd/zKI3pnRYJm3NZW3Rr6Ki2vWAmZRdUe98YvdyjAw6o9T3VXqWHob1/v1G3f7tSCu9tXu//rr7+ugQMH6qqrrtIDDzyg//u//1PLlmeeEjhlY7K8XS0a1S5U6xKyNHntUUeAlZ5v01WfbNV/hjTRgz0itTU5V8M/3apAz8rT/z5bn6Tvbm+rFqFeuv+7PRrx+Tb1beKvLU900/G8EvWYsEFXNg/SiNbBv7v/bvt2p14dGq2/d42QzW5ozeEsSdK718Ro1aHMaqcQfr/9uFb+o7MifF0lSQmZhbq/e6S+uz1QLhaz/vfLYV37xTYd+HdPebiYtTExR8M+3aLPbmqlUe1CZSs1tP5IVrW1v7LkkKZtOaaf7+2gqAB3/WdJvAZN/k17n+rhmEo4e8dxxT7YWSHeLpqyMVmjv9mpw8/2qvZ4iYmJev/99/Xmm29q8eLFSkpK0lNPPSWLpfppiT/uOaG+TfwrhVflTCdzlxP5JRr00W8a2y9Ki+7rqLjj+Rr26Va5Wsx6sl9Dx/6r47O08h+d5WIx6c7pu/XMTwc05eZWmjyqhVwtZtnsdk26voWksmCxopu+2qFmIZ5KfqG38opLdeOXO6qt90wOphfK182iLU90c2wL93HT/Lvbq0mgh/Yez9fVn21VfT83Pda7gXKKStXvw826oV2optzcWp6uZq1LyK42cKpNHxw4UaBATxdtfLyr8ovt6jp+vb7clKI7axhpdj7PW3VGdwrX5xuStfd4vlqEeur2abtUXGrXuke7KMDTReN+Pqhrv9imjY930/60fD294IB+G9NNLUI9lVdcqp0peY5j9Yjy0xvDmyrQ00WL9p3QtV9sV7sIb3WMPDVFccXBDK15pItcK4yyOv0Z6ffh5nP6t6ei2jwTAAAAAHApc9pF3K9sHuhYw6ZZiKdiQjy1KTG72n0n/HpE4wY3VvcoX5lNUqi3a7Xr3xw8UaDYg5kaP7KZ/D2sCvJ00VtXx+jHPSeUnF1c7bFffPFFzZo1S5MnT9Zrr72mZ555RrGxsWes/eO1R/W3TuFytZh0d7d62p6S5wiFZu1IVbiPqx7uVV8Ws0mdIn10V7eqI4Lu7x6pjpE+8nAx644uETpwokBvXR0jfw+rYoI9NKhZ2QikC9F/blaz9hzPV2JWkaxmU40jmSq6p1s9xx/mUtn0t5FtQuTlapGrxaTnBzZSXnGpdqeWBQEfrE7UDe3DdGvHMLlaTPJ0Ndc4PfDzDcl6bmBjNQvxlJvVrJcGN5YkLdid5tjnvu6RjjW/RrQOUUJmkY7lVH8PO3TooJEjR+ree+9Vnz59ZDabNWbMGOXl5VW7//G8YkX6uZ3x+ufsSJO/h1X/6h8lV0vZyJ8n+zXUJ+uOVtrvqf5RjpFNI1oHa31Czfesov1pBfo1PktvDo+Rh4tZwV4uGneyH86Fl6tZ/+zbsNK2G9uHKjrIQyaT1CLUU//oWV9L92dIkmbtOC6LyaQ3r46Rr7tFVrNJvRr5ydO16j8VtekDf3erI7z1dDVrYLPAM/bB+Txv1WngXxY+nsgvUWJWkWbtOK4Pr2uhMB9XuVpMemVIE8WlFWhHSq5cLGYZhqHNR3OUVWiTl6tF3SqMHLyvez0Fe7nIbJKGNA/S4GaB+uVARqXzPd2/UaXwSqr8jJzPvz0V1eaZAAAAAIBLmdOOwAr2qjwiycPFrJxqFmM3DCkho1DNQjzPeswjJwOahv6nRtZEnxyRdCSzsFIgU87f319jx47Vfffdp+HDh+umm27S+PHj1bdv32rPsfJQpnal5uvb0W0kSe0ivNWlvo8+WnNUPaL8lJhVVGUUVNOgqqOi6lUIULxcLfJyNVda4N7Ltfr+KFfb/pOkuXe20ytL49Xh7XUK9HTRvZdFVhpFVJ3TA56colL9+8cDWhKXrrziUllMJuUVl+p4bokkKT69UP2bnn09K8OQjmYXKbpCn1jMJkUFuOtIZmG11+fhYnbUEFbDut3Dhg3TihUr9M033+ixxx7TrbfeqpUrV2rIkCFV9g3xctXRrOpH8JU7klWoJidDoHLRwR46ctrIv9PrPNM9q+hodpG8XS2VppdF+VcdEXY2Yd6ujjW2yi3YfUJvxh7WwRNlv1qZV1yqmOCy5yc+vUDRwR5V1nCqTm36IKjK99CiE3mFqsm5Pm811nbyuxLk6aJD6QUySRo0+bdK+3i6mpWcXax2zb01bXQbvf9rou77brfahnvruYGNNaxl2dTet1ck6KtNKTqeVyKLyaS0/OIqC9lXF3hW3HY+//aUq+0zAQAAAACXMqcNsGrLZJIaBrgr7njBWUcONfBzk81uKDGrSPVP/nFZ/kd8gxrCgdWrV+v111/XxIkTtWTJEi1btkyTJ0+u8RwfrSkbfTJ48hbHtpwim3am5Onda5qpvp+b5u+qPOIipYaRQxdL2whvTR/dRoYhrT6cpaGfbFH7et4a3CywxiDDdNr25xceVFxavlY91NkR2gQ8v0KGDElSo0B3xR3PP2stJpMU6eumQ+kF6tWobAF+uyEdziis8R6dTWFhoZ577jn5+Pho9OjRuueee3T77bdXG15J0lUtgvSPH/bqcEahY42kcoZRVmMDP3fFp1cODw6eKFAD/zOP3KqtSF835RaXKj3f5gixDp8WVni7WVRYYq+07UReSaX3ptNu1PHcEo38Yptm/72dhrYIktkkvbvyiKZtOSZJahTooc/WJ8tu6Kwh1h/RB+f6vNXk680pivR1U/MQT8fosZX/6FzjL3WObBOikW1CVGSz64uNybpuyjalvdRHS+PS9VZsgpbe30ktQstCvpFfbDv5rT7l9Ofh9G3n829PxeNc6GcCAAAAAP5snHYK4bl4qGd9vbz4kNYnZMswyv5I35SYU2W/JkEe6tPYX0/MjVNWoU3p+TaNnbdfQ5sH1TgCYvHixZo4caJatWql7du3a/LkyQoOrn7dqfR8m77fflwTr22mLU90c/y3+6nucncx68tNKRrZJkRxaflaEpcuSUrLK9En65MuXGeco+JSw7HIuMlUNmLHajY51jyK8HXT3loETxkFJWoU4O4Irz5ae1SZhTZH+4M9IjVj6zFN23JMxaWG8ovtij2YWe2x/t41Qq8ujdeBEwUqstn10qKDMgxpWMvq+/1stmzZolatWmncuHFavny5Hn30UY0aNarG/Ud3Dlf3KD9d+fEWzd+VpuO5JcoosGnOzjRdN2WbJOmaNsE6kV+iN2MTVFxqaHdqvt5YnqC7q5kOej6aBnuoR5Svxs6PU0GJXWl5JXpp0aFK+3Sp76slcekqtJWFWB+uqdzn1cktLpXdMNShnrfMprIpdp+sO/X9G9k6RDa7oacX7FdOUalsdkOr47OUX2yvcqw/og/O5XkrZ8iQzW6ooMSuXcfy9OT8/ZqyMVnjRzYrC7j93XVN62DdM3O3Y3RYRoFNM7amymY3tO94vhbvK+tHN6tZIV6uMkmymEzKKLApwMPFMWryt6M5Wrwv/Zyv63z+7anoQj8TAAAAAPBn86cfgSVJY/o0lMVs0h3TdulIVqGCPF30/MDG6lzNOljTb2ujMXPj1Ox/a2SSSYObBertETE1Hvv555+X2VyW873xxhuO/6/OlI3J8vew6p7LIqush/NAj0h9tPaoHrm8vhbc3UGPz9mncZZD8vew6m8dw/T99uPnefW/j2EY+mpTisbMiVOJ3a5ATxc93T9KA05O93uqf5TumbFbk9YcVZcGPlp8X8dqjzNuUGPdMW2XOr2zXl6uFg1vFayGFUbidG3gqzl3ttcLPx/U/d/tkZvVrOvbhqpvk6qj5p4b2FildkNXTPpNWYU2dYz00aL7Opz3YtXdunVT9+7dJUm33XbbGe+hJFnNJv10T3u9vjxBT87fr4PpBfJzt6pDPR+N6dNAUtnUtEX3ddQTc/fplSWHFODhoju7RuiJvmeeenkupo9uq/u+262Il1cqzNtVT/RtqF8OZMjNWlb/7V0i9Gt8ltq+uU71/d3Uu7G/mlSz8HxFjQPd9dpVTdV/0maFeLkqwNOqa1oHO9bA8nW3aNkDHTV2/n41eXW1bHZD7SK8Nb+ahcb/iD44l+et3HurEvXeqkS5WUyK8HVTz0Z+Wv1wl0rrWE29pbVeXnxI/T7cpNTcEgV5uqhvtL+ubxuiQptdz/98UHtS82Q2mdQowF3f39FOnq5m3doxTEvj0tX2zXUK9nJRi1AvDWkedIZqanau//ZUdKGfCQAAAAD4szEZhnH6bBgATmjZ/gyNmrpd6S/3qetSAAAAAAC4qC6JKYTApWhTYo72nZy+eTSrSM/+dEC3dAir46oAAAAAALj4LokphMClKCWnWKOm7lVGQYl83Ky6ulWwXhvWtK7LAgAAAADgomMKIQAAAAAAAJwaUwgBAAAAAADg1AiwAAAAAAAA4NQIsAAAAAAAAODUCLAAAAAAAADg1AiwAAAAAAAA4NQIsAAAAAAAAODUCLAAAAAAAADg1AiwAAAAAAAA4NQIsAAAAAAAAODUCLAAAAAAAADg1AiwAAAAAAAA4NQIsAAAAAAAAODUCLAAAAAAAADg1AiwAAAAAAAA4NQIsAAAAAAAAODUCLAAAAAAAADg1AiwAAAAAAAA4NSsdV2AJG1LWqtFe2YqLS+52vZIv8ZqFd5ZPu7+F7kyAAAAAACAvyZ3q6ci/RoryCusrktxjgDrTOGVJPWJGa5GgTGymJ2iXAAAAAAAgEtefkmOjmYeIsAqd6bwSpKig1tepEoAAAAAAAAgSZ4uPiq05dd1GZJYAwsAAAAAAABOjgALAAAAAAAATo0ACwAAAAAAAE6NAAsAAAAAAABOjQALAAAAAAAATo0ACwAAAAAAAE6NAAsAAAAAAABOjQALAAAAAAAATo0ACwAAAAAAAE6NAAsAAAAAAABOjQALAAAAAAAATo0ACwAAAAAAAE6NAAsAAAAAAABOjQALAAAAAAAATo0ACwAAAAAAAE6NAAsAAAAAAABOjQALAAAAAAAATo0Ay8nk5Ger7z1tlZqeUqv9v1vytca+c78Kiwv/4MrOTVFJofre01aJxxLO+xijn7tayzcuuoBVAQAAAACAPyNrXRfwZ1RcUqRpC7/Q4vU/Kvl4orw8vBXTsIVGDRyt7m17X7Q6lm9cpN/2rterD78nVxe3i3be2rBaXPTYrf+Wv49/XZcCAAAAAAD+5AiwzpGt1Kanxj+o4xnH9I8bnlTr6HYymy3aunej5q347qIGWP26DFa/LoMv2vnOhcVs0XUDbq3rMgAAAAAAwCWAAOscO3MX/gAAIABJREFULVo7XzsPbNOUl2erXkh9x/bena7Q5R0HSJJS01P0xtSXtDd+h2w2mxpHNtU/bnpSrZu0c+y/addafTZnouKTD8hitqhPp4Eae/s4R/u2/Zv05fxPlJKWqFbR7fXMXf9VSECYJCm/ME+fzHpPq7b8ooLCfLWObqfHb31O4cH1JJVNK5y5ZKpy87JltbpqcI/heujGJ6tcy/MfjlFYQLgevvlpx7YfV83Slwsm65tXf9TxjGPnfR1FJYUa/GBXff3fBaof1lCbdq3Vx7Pe05Fj8bKYLWrfvIsev+XfCvIPlSSV2Ir14cy3tGT9T7JaXHT9gFsq1Xq2Pk1OO6q3v/yPdh/aLkkK9g/TuAf+p8b1Ys7jLgMAAAAAAGfCGljnaN22lerQrEul8KqcyWSSJBmGXSP6jNL0//2sOe/GqlubXnp+4uOOdar2xO/Q0+89pJEDbtLst5drxuuLdEW3qyod66dVc/T6YxP1/ZtLZbW46OMfxjvaXv3sWSUdP6JJz3yjH95apsaRMXrug8dkN+xKSInXR9+/ozce+1ALJqzRtNd+Uv+uQ6q9lqt6XatFa+fLVlpy6ryr52hIz2tkMpkuyHWUs1qteuSWf2nOO7H68pX5spXa9PbX/3W0T5n/kTbv3qCPn5+ub/9vgVIzUpSUesTRfrZaPv7hPYUGhmv2O8s1b/wqvfzgm/LzCqj5RgIAAAAAgD8NAqxzlJmboaCA0DPuExZUT707XSEPN0+5WF11x9UPqLCoQIeTD0qS5vwyXf27DNKgy4bLxeoqd1cPdWzRtdIx7rrmIYUF1ZO3p6+GXX6tdsfvkFQ2Emnl5qUaM/p5BfoFy8XqqnuufVSJxxJ06Oh+WS1WGYahvQm7lJufLQ83T7Vq3LbaOru16SWr1VVrtsZKko6mJmhH3G8a0uuaC3Yd5do366LWTdrJanGRn7ef7hzxD23evc7RvvDXObr96nsVFhghNxd3PTDqCZnNllr3qavVRcczU3U4+ZAkqWFEEwX6BZ/xPgEAAAAAgD8HphCeI3/vAJ3ISD3jPnmFufr4+/HauHutCosKZDabVVCUr6ycdElS8omj6ti82xmPUT5dUJI83DyUX5gvSUpJOypJ+ufb91Xa383VXScyU9WtzeUad9/r+uGXb/XmlJcVXT9Go4fdp57t+1Y5h8Vs0eAew/Xjr7PVu9NA/bR6jjq36q6wwIgLdh3lDicd0Cdz3teBI3tVXFIsQ2VTIYtLiuRidVVaZqoiQxtWuGZPBfoF1bpPH7hxrKbM/VDPvv+o8ovy1bfTIN0/6nF5e/jUqj4AAAAAAOC8CLDO0WXteuvdr/6rlLQkx5pT5QzDkMlk0mez31diaoImPj1Vfj5l09iGPdpThmFIkiKCIpV47PB5nT8sqCxcev/pKfL3Cax2n96drlDvTleouKRIC1fP0fMfjNHc8Svk5e5dZd+hPUfqrhev04nMVC1aPVf3jxrjaLuQ1/HS5KfUo31fPXv3/8nd1V1xCXt0z8s3yFBZnwX7h+pEZpoUVba/rdSmrJzMWtfi7+2vx279tx679d86mnpEL300Vt/89Knuu+7xWtUHAAAAAACcF1MIz9Hg7sPVKrqtxr57v1ZvjVVmTrqy87K06rdleu6DsrAkJy9b4UH1HEHL3NgZys3PcRxjRL8b9cvGRVq6/keV2IpVWFygLXs31ur8YUH1dHnHAfrflHE6lp4sScrOy9KyDQtlK7UpISVeG3auVlFJoVxd3OTvHSiTySRLhel4FUVFNFbzRq31vykvKr8wX707XuFou5DXkZufrcaR0XJ3dZet1KYZi6ZUar+y5wjNXPKlikuKJEmzln2rwuKCWteyfOMiHTuRJEny8/aTq4ubLJayfHbv4V368Lt3atG7AAAAAADAGTEC6xxZLVa9/tiH+nbh5/rwu7eUlJooL09vxTRooRsG3SZJuuPqB/V/nz2re16+Qe6uHurZvq/CAsMdx2jZuK1efXi8Ppvzgd6a+h9ZXVzUt9MgdWjepVY1PHP3fzV13kd6/I27lJGdLl9vP3Vo1kV9Ow9Sia1Yn81+Xwkph2QymRUeXE8vP/i23F09ajze0F4j9ebUl3Rt/5vl6uLm2H4hr+Oft72giTPe0g9LvpHF6qIrug7RorXzT51r+P36YOZbuuflmxQSEKq2TTuqQXhUrWvZE79DE2e8odz8HLm7eah7m8t165C7JEmHkw9qxs9f6MEKo8sAAAAAAMCfh8kon4NVh/4179Yztj835IOLVAkAAAAAAADK7UrerG4NB9R1GUwhBAAAAAAAgHMjwAIAAAAAAIBTI8ACAAAAAACAUyPAAgAAAAAAgFMjwAIAAAAAAIBTI8ACAAAAAACAUyPAAgAAAAAAgFMjwAIAAAAAAIBTI8ACAAAAAACAUyPAAgAAAAAAgFMjwAIAAAAAAIBTI8ACAAAAAACAUyPAAgAAAAAAgFMjwAIAAAAAAIBTI8ACAAAAAACAUyPAAgAAAAAAgFMjwAIAAAAAAIBTI8ACAAAAAACAUyPAAgAAAAAAgFNzigAr2CvijO0H0nar1G67SNUAAAAAAAAgvyRH7lbPui5DkmQyDMOo6yK2Ja3Voj0zlZaXXG17pF9jtQrvLB93/4tcGQAAAAAAwF+Tu9VTkX6NFeQVVtelOEeABQAAAAAAANTEKaYQAgAAAAAAADUhwAIAAAAAAIBTI8ACAAAAAACAUyPAAgAAAAAAgFMjwAIAAAAAAIBTI8ACAAAAAACAUyPAAgAAAAAAgFMjwAIAAAAAAIBTI8ACAAAAAACAUyPAAgAAAAAAgFMjwAIAAAAAAIBTI8ACAAAAAACAU7PWdQHlEhMTlZSUpPz8/LouBQAAAAAA4C/N09NT9erVU/369eu6FElOEmAlJiYqIyNdLVo0l5eXZ12XAwAAAAAA8JeWl5evw4cPS5JThFhOMYUwKSlJUVFRhFcAAAAAAABOwMvLU1FRUUpKSqrrUiQ5SYCVn59PeAUAAAAAAOBEvLw8nWapJ6cIsAAAAAAAAICaEGABAAAAAADAqRFgAQAAAAAAwKkRYAEAAAAAAMCpEWABAAAAAADAqRFgAQAAAAAAwKkRYAEAAAAAAMCpEWABAAAAAADAqRFgAQAAAAAAwKkRYMGpFdtK9b8fVuubFTvruhQAAAAAAFBHCLDg1B748Ect3RavoZ2a1nUpAAAAAACgjljrugDgTL54bKQkk+x2W12XAgAAAAAA6ggB1kkvT1+pl2esVKC3hxI/fVSuVouj7ZPFW/TApB/larUo4eNHFOzrqam/bNdd78+TJIX5eenwx4/Iaqk8oM1uN/T5sq2a+ss2bT98XMW2UtUP8tWVHZto3E29Fejjoc7//ERb41N1a+/Wmvr4NY7PGobU4uEPdSAlQ5L07l2D9fCwLo72zLxCBd/+tuO9SVKgj4faNAzRs6Mu14B2jc54vdn5RXprzjrNWb9XB1Iy5GKxKDrcX9f3aKl/Xd+z0r53vz9fU37ZJkm69rIWmvnUdVWOF5eUrjdmr9HSbfFKzsiVn6ebWjcI0cPDumjkZc01Z91eXf/695KkPe8/oKYRgZKk2J2HdcULX0uSNr55tzo0Dqu07+kWPHeTruwYfcZrAwAAAAAAl5ZLLsCasmyb7p44v8b2EV2b6Yd/jaqy/a6BHfXKzFVKzy3QvA37dH2Plo62qcu3S5JGXtZCwb6ekqTPlm51tB/LytP8jXEaeVlzxzZbqV2jXv9e8zfGSZKiQvzUJCxAR9KyNfGnjbqtX1sF+nioLHqSTCZTpXp+2R7vCK/Kz1cxwKqoXVSYIgK9tXF/kmJ3Jmh93AwdmPSQQv28qt0/KT1H/Z//ynH8tlGhCvT20N6jJ/R/3/9aKcDKKSjWd6t3O97P37hPqVl5lY69fMdhjfjvDOUXl8jdxaqOTcIlSZsOJOvzpVtP9kvl6zuluu2ntnVoHC43l1Nhor+XRw3HAQAAAAAAl6pLLsC6Y0A7TV2+TbE7E6q0+Xm66e27Blb7ufpB3hrcIVoLf9uvKb9sdwRY+5JOaPWeI5Kkuwd2kCTtPXpCq3aXHb9r03rasD9JnzmCmjIfL/7NEV698rcBemZUb0mGTCaTfjuYojC/Mwcxny4pC8i6RNfTxgNJ2nb4mDbEJatrTESVfR8Z3lV3D+yklbsS1PfZL1RQbNOuI2k1BlhPfLZYB1Iy5Gq16Mfn/6Yr2peN1jIMkxZtOVBp329X7lReUYmCfTzl7eGq+NRMTf1lu8aO7C6pbJH1O8bPVX5xiZqGB2rRS7epcZifJCm/yKYNcUfPeJ1nM/OpUY7RWpJUWloqyfhdxwQAAAAAAH8ul+Qi7m/dOaja7Y8N76ZGof41fu7ugR0lST//dkBJ6TmSpCnLykZfNQr11xUnp+WVj75qERmsl2/t5/hMYlq241g/rNkjSYqJCNS/ruspu71EdrtNpaUlahcVrDB/zxrrSM8p0Ox1ZZ8fe20PXdYs8uR5t1S7v2EYKi4p1rb4FEmSq9WiFvWDq923xGbXvA1lwdrt/durf9sGKi21qbTUJru9RIPaR1Xa/7OTQdqonq100+WtJUmfVxh9tnbvUR092Vcv3tJPDYO9HMdzs0qXt6xfpYab35qlXv/+Qr3+/YUenrywxn6QpBten6nuT33i+K+guOSM+wMAAAAAgEvPJRlgdWgcptv7ta20LSrET48O73rGz13dtalC/bxUajf0VewOldoNfXly+uBdV3SUZKjEZndsu7l3Gw1oG6VgH0+V2g19sWyb41gpmXmSdHL0kP20M515BNFXsTtUZCuVl5uLhnVuqptPBkfTVu5UXmHVAOe+DxbI/cbX9MjHC1U/yFfznr1F4f7Vj77KyCtQka20rLbwABlG5Voqvt8Wn6qNB5IkSTdd3ko3Xd5KkrQ36YRW7ioblXbs5HVKUvTJkVdnu9Yth45p3b4krduXpN2JaTV1Q5V91+1LUqn99L4EAAAAAACXuksywJKkt+8aJD9PN8f7F27sLX8v9zN+xmox6fb+7SWVraW1eMtBJWXkyGwy6Y7+ZYHYvA1la0BJ0o29WspiNun6nmXTDb/4ZZvK859wf29J0v7k9HOu/fNlZSOcru7aXB6uFo3q2VJmk0k5hcWaWWE9qnI9WzTQFe0ay2I2KfFEttbsrTp9slyAl4fcTi5QH3eW2j5dUjbiq16Aj3q1qK92UaFqEVk2sqt8ZFZ4gLdj/7Mdz7Hfh4/ImD1Oxuxx+uWVO2q9rzF7nLzdXWt1DgAAAAAAcOm4ZAMsfy93vXBjb0lS39YNdceAdrX6nGOdq6QTGvvFUknSkE5NFRlUFtRUXLy91SMfynr9q/ro502SpPjUTC3ddkiSdN3JNbTiktP1vx9Wq+JAp23xqZVGLlW0bl+Sth9OlSRNW7VD1utfVYN7xst+8gAVz1/uzivaa/FLt+mNvw+WVPaLipsPpFR7fBerWVd3K1ur68vl2xS787CjzTCkJVvL6i8stumbFTskSUkZOXK94VVZr/+v9hwtGzH13Zpdysor0mXNIlUvwEeS9J8ZK3U4NctxvIJim2OkVkWlpSWO/+z20mrrrG7f0lKmDwIAAAAA8Fd0yS3iXtFjV3fTews21LgmVnViIvx1ecuGWrU7wRHWlK+NdSQtW4u2HJQkXdYs0jHKSpJ+3X1EaTn5+nTJVg1s31j3De6onzbv14+b4vTs18v18eItahLmr6T0XO05mqa1/7tTYdVM8ysPqPw83dSvTSPH9hM5BVq1O0Gr9xzR7iNpigg8dW7DMGS32/TQ0M6a+ON6HUjJ0PPfxGrB8zdVe43v3HWlNu5PUnxqpga+8LXaRoUqwNtD+5PTlZlXqKxvntQPa/cqI69QkjSsc4ysFvPJc0nzNuxVQbFN367cqQeGdNKUx0dqxH+/VVxyulo/+pE6NA6T2WzSzoTj6tWigXq3alDr/j/dzW/NqvQrhE+MuKzSL0QCAAAAAIBL3yUdYEnSprfuPuvUwdPdO7ij41cGw/y8NLxLtCTpi2VbZTcM+Xm6adGLo+XjcWqK4nvz1+vxTxdqzvq9SsvOV7Cvp+Y+c7M+WfKbpizboh2HU5WcnqMGwX56aGhXNQkLqHLevMISzVi1U5I0ZkQPvXBTH0dbsa1Uje4dr5TMXH22dKuevaFXlc9bzNILN/XVHeNn6+ctB7Ry15Fqw6OIAA/99s79emPWas1et0f7ktLlYjErOiJQD13VTZL0+ckF4/u1aaR5z91S6fPXvTZDs9ft0WdLt+qBIZ00oG1D/fbOA/rfD6u0dOshbTqQLD9Pd3VsEqG7B3U6p74/3ZZDxyq9P5aZ/7uOBwAAAAAA/nxMxumreNeB5cuXq3fvqoFMXTGZzDKbT436KZ+6VnH76dPZamor226WZHJsMwy7Y+qcxWKVZHJss1hcJEl2e6kMo/KC5eVtZ9q3ch02nWnBeLPZIpPJVKE2Q3a7XYZhl9lslclkcozuqvw568nPGSfPUfF4p2alGoYhwyiVYRgymUwym63V9E/F7WX1Vtx2uur6BQAAAAAA/DFWrvxV/fr1q+syLv0RWOfDMOwqLa0aktS0/Xw/I6lSAFT2vuZ1nk5vq27fs52vojOtP3V6aFWbtrLjVX9MwzBqqLfq9pr2BQAAAAAAf02X7CLuAAAAAAAAuDQQYAEAAAAAAMCpEWABAAAAAADAqRFgAQAAAAAAwKkRYAEAAAAAAMCpEWABAAAAAADAqRFgAQAAAAAAwKkRYAEAAAAAAMCpEWABAAAAAADAqRFgAQAAAAAAwKkRYAEAAAAAAMCpEWABAAAAAADAqRFgAQAAAAAAwKkRYAEAAAAAAMCpEWABAAAAAADAqVnruoC6kpOTo8zMLKWnpyszM1OZmVkqKiqq67IAp+Xm5iZ/fz/5+/srMDBQ/v7+8vHxruuyAAAAAAB/AX+5ACsvL08bN25Sbm6u/Pz85OfnpyZNGsvX10ceHh4yDEMmk4lXXnk97bWoqEiZmVnKzs7W4cOHtW3bNnl7e6tr1y7y9PSs60cbAAAAAHAJ+0sFWHv27FVc3H51795Nvr4+VdoNw+CVV15reHVzc1NYWKjCwkJVLisrW0uWLFPz5jFq3ry5AAAAAAD4I/wl1sCy2WxaunSZcnNzNWjQAPn6ep/8o9w47VU1bKeddtqra/f19dGVV16h7OwcLVv2i2y2UgEAAAAAcKFd8iOwbDabYpfHqkXL5goKClTZH99lbVVfjRq200477Wdqb9u2ldLSTig2Nlb9+vWVxWIRAAAAAAAXyiU/Ais2doVatGyuwMAASRX/COeVV14v5GtwcJCaNWuq2NgVAgAAAADgQrqkA6w9e/bI19eH8IrXv9xrUVGRpk79SrNnz5Xdbr9o5w0ODpK3t5f27t0rAAAAAAAulEs2wMrLy1Nc3H61bt1SqnFNH+d+zcrKVL9+A9Wv30D99NPCOq/nXF8XLVrsqD8tLe0PPV9mZuW+cobrvxCv7777nvr1G6ibbrr1HD83QT/8MEsdOnSQyaSLWnfbtq20d+8+5ecXnPEZBQAAAACgti7ZAGvDho3q1q2zLuQf54899k/17z9IN9xwi+z20iph08CBQ9W//yCNHz/hAp63jNls/kNDh9tvv0v9+g3S22+/e8GOazJV/nr90eFJxb5yhvDpQryW96HJZKr15378caHWr1+viRPfV6NGDeqk7m7dOmvDhg0CAAAAAOBCuCQXcc/JyVFubp68vb1PhgDlf/ybVBasnN/74cOHa+vWbTp+PE2bNv2mLl06O9qXLFkmm80mSRo2bPgFOZ+vr59++WWpTCaT7HabyvKs8z9eSYlNLi7WattNJpMkOQKTC1F/RYZh/O76z/V8F/74dfG+4jXVrv+GDx+mkSNHqqioUHa7vU7q9/HxVnZ2+XPoJQAAAAAAfo9LMsDKzMyUr6+PDMN+MvwxTk6jslcKO861/fLLe8jDw0MFBQVasmSpOnfu6GhfvHipJCk6OlrR0Y01ZcpUxcau1PHjx1VQUChvb2+1a9dW999/t+rVq+c4fmJioqZM+Uq//bZVOTk58vPzVa9ePfX4448oMzND1113kyTpqaf+qSuvHCSTyaTnn39RBw4cUmZmhkpKbAoKCtTll/fS3/9+m7y8vGQYhu666z7Fxx/WoEFXKDg4WD/+uFBeXp766qsvKl1fbm6errnmekffzZ07T3PnzpMkff31F4qIiFBc3AFNnfqltm7droKCAoWEhKhv39667bZb5eHhIbu9bOTN1Klfac6ceSoqKlSvXj3VunXrSvfFMOz69dc1+vbb6UpKSlZeXp7c3FwVHR2t0aNvdfSnYRiaNm2mfvppoVJTj8tsNikkJETt27fTmDGPVnt/Kp/n1PnGjXu52r66887b5eHhIZPJpF9/XaOvv/5WR44cUXFxiQIC/BUd3URjxjyqoKCgGr8fGzZs0PTpM7VvX5yKiooVGhqim2++UcOGDVViYqLefvs9JSYmKisrWyaTSfXrR2rYsKG69tprHPUZhqE5c+Zr4cKflZBwRCaTSQ0a1Ndjjz2sli1bVLqu9evXa9Kkj5WSckwxMU31xBOPKSqqoaO+NWvWatq0GYqL2y+73a7o6CYaPfoWde/e3VH/9OnfnaFff9/zcXq7r6+PMjMzCLAAAAAAAL/bJTmFMCMjQ35+PpLK/qg+Nb2pfCSQUemP8Nq2u7q66IorBkiSVqxYpYKCAhmGXQkJCdq7d58k6aqrhspuL9X27Ttls5WqTZu26t69uwzD0MqVq/Tkk8+opKREhmEoIeGIHnroMS1btlyZmZmKjIyUyWTSpk2/VRlRVHFk1Lp1G+Tr66MuXbqoY8cOOnEiXd9/P0vjx7/vqL18/9jYlZo2bYY8PDzk5uZe5frMZpNat24tV1dXSVJAQIBat27t2Hbw4EE9+ugYrVq1WjabTZGRkUpOTta0aTP07LPjZLeXSjI0Z848TZnypTIzM+Xq6qaNGzdp8uRPHPWXny8+Pl6pqamKjo5Wz549FRAQoG3btuuZZ57X4cMJMgxDsbErNHnyJ0pOTlHHjh3Vvn17FRcXa9Wq1We9fxXvoaQa++rddydIktLS0vTii//R7t171LhxY3Xr1k3e3j5avXqtcnPza/x+LF36i55++llt3rxFJSU2NWzYUFlZ2dq9e68Mw1BGRqb27t2nyMhI9ejRQ02bNtXBg4c0YcIHWrDgJ8fxxo+foAkTJioubr/c3NwUERGh+PjDSkpKKr8aSVJ6eoaee+5FHTuWqsLCQm3fvkNvvvmOo77Fi5fq2Wdf0PbtO9S0abTatGmt3bv36Nlnx2nFihUyDEMrVqw8Y7/+3ufj9HY/Px+lp6dX/5ACAAAAAHAOLskRWBkZmWrQoF6FUKN8hEhNn6h9+5VXDtb8+QtUWFioFStWafDggVq0aIkkyWq16oor+skwDL344jgFBAQoPT1d+fl52r//oJ577nklJydr1649atu2tb75Zppyc/NktVo1YcJ4tW3bViaTtGfPvgpT7k7VUH49s2f/IG9vL504ka7i4iLNnTtf33zzrVasWKWxY8fIarWqPPgoLS3V5MmT1KpVSxUVFclut1W6Mg8PD02a9IH+9rfblJCQoD59emvs2H9KkoqKCjRp0scqLCyUh4eHvv76K4WGhmjmzJkaP36CtmzZqo0bN6tLl86aPn2mJCkmJkaTJn0gi8WiRx55VNu376hU/4gR1+jOO+9Ubm6usrOzVVxcovvvf1D5+flaufJXNWzYQAkJiZKk5s2b6ZVXXpKbm5vMZrMSExOrBHvlxz79/el9lZ6erqKiqn119GiybDabXF1d9fLLLys4OFAmk0np6RmyWEwVpu1V/n58/PGnkqT69SM1ceL7CgoKVGmpXQcPHpBhGGratKnmz58rSUpPP6HS0lK99trr2rJlq5YvX6GhQ6/U0aNJmjfvR0lSnz599NJL4+TiYlV2do4yMzMqfQeKi4v11FNjdc011+idd97Vd999r507d6mgoFDu7u769NPPJUnXXjtSTzwxRpKhN954S3PnztPnn3+pPn0ur7ZfTSazjh5NPNln1X75q73+2rT7+PgoMTG5pg8BAAAAAFBrl2SAlZmZpVatmp18V7Y2T9k0J5MqrolVtu7TubW3atVCkZGROnr0qJYu/UWDBg3Q0qW/SJJ69uwhL6+y6VJLly7R1KlfKT09o0p9GRmZMgxDe/bslSR16NBBzZo1VWFhngzDUKNGDU6ObKrKZrNp0qSPtHjxYhUWFlVqKy4uVk5OjgICAhzbOnXqpOjoRsrPz63x+oqK8h37G4ZdRUX5jvbykWXt27eXn5+XCgpy1a9fn5ML1Uv79x9QixYtdOxYqiSpT5/eMgybSkpKNGDAAEeAZbeXHT8+/qDGjHlChw7FV7m29PSy0KZTp076/PMp2rlzlwYPHqrw8DDFxMRo2LAhCgz0r/H+VGQYhux2uyZNmqTFi5dU21e5ubmKjm6igIAAZWRk6Nprr1NQUKCaNGmsXr16atiwodV+P9LTM5SaelySNHToEHl5eaigIM8x/U8ylJubq3HjXtLmzVtkL7/4k06cOCHDMBx9K0k33jhKpaXFstmK5OpqUWhocKXPeHh4aOjQK5Wfn6NmzWIc27OyMpWX5+qoZ9as2Zo1a3alzyYkJKigoLDafm3WLEZXXVW1X8/3+ajY7ufnox07dle5zwAAAAAAnKtLMsAqVza9qfyP7FPvK09/Ord2wzB01VVD9PHHn2rz5t+0ePEypaaWhTdDhgyWZOjgwUOOKWoDBvRX7969lZ2drXfeeVeSKoRT5Yt0G46peGVhQGmF81e+ngULftK8efMlSbfffptiYmK0adMmzZ49R5JUWlp5Ol1gYIBKSyser+brO3We09sr1mhSSUmJY1+TyVzpfBYBUoI6AAAgAElEQVTLqfdmc+VFyO32Ur344ivKzMxUTEyMbrxxlNzdPfTGG28qOzvbcb2tWrXQpEkfauHChYqLi9OhQ/GKjV2hlStXadKkCWrcuPEZ6y83f/4CzZu3oMa+stlK5efnrk8+mazZs+do585dOnw4Xhs2bNKGDZtkt5fq6quH6/TvR+Vrsjvqrtg+ceIkbdy4WX5+frrzzr8rKChI3333nbZu3eYI20wVDmWzlVS5PxWvy8/PVzZbsSTTyV9ZLL9XqtT/3bp1qxRwVdSqVfMq/bp8+QqtWFHer430e5+Pqu0AAAAAAPx+l+QaWP7+fsrKypFUcY0e+2nvT1/Dp/btgwYNcIwyef/9DySVrR3VpUsnGYZd8fEJjloefPA+9e3bSz4+FReyLjt+q1YtJUlbtmzVrl27HMffv39/laly5e8PHTosSYqMjNRdd92hnj27qXKAY6/0vnyUzNmuz93dTZJUUFBQqb18IfGtW7cpNfW4DMOuZcuWO44fE9NU3v/P3n1HR1G1cRz/7qZAQgKhBAIECDVUUVpAWuhNQZCmCIqAiiJSFBWRoihKVbCBIKggCkpT8JUOQSEgSO8thUCoIb3s7rx/hKwsKQRFE8Pvc86edefeufPMndmN8zD3joc7JUoUt9dLW3/v3r0OcV29eo2oqCgAevXqQevWLahSpSKxsbE37aeNCxci8PHxZvjwoXz66cesXLkMZ2dnbDYbJ06cyvL43NxfacehdOnS9O/fj8aNA9LVi42NJSEhhgEDnuSDD6axcuVyatWqCcCxYycyPP5Fixa27+/PP//C1atXMQwbFouFM2fOAAZnz6beYda0aRO6dHmIRo3qEx0d7RBf1ar+9s8//LDsxtxoNmJjY7hw4UJazRv1/+yf1GP8ZzvFihXB2zv1ji0XF2cGDHiKgQP7M3Bgfzp37kilShVwdXXhwoXz+PgUu9Gvn2TQr3fn+5FWHh0dg5dXIURERERERET+rjx5B5aXlxcxMTF4excBbr6j6NZ3/lJ54cJe1K9fj507dxEfnwCkzo2VlmyoXLkyZrMZm83Ge+9NoXLliqxZ84s9vrR5lfr0eYxff/2N2NhYhg8fRenSpUhISMTV1YUFCz7PMIlVrZo/P/20mnPnzjFt2nSsVitr125IVy+jz1ntX9myZTl+/AQbNmzi7NkQChf2YuLE8fTp05ugoNQJ6wcOfI5ixYoRFpY6l1KdOnWoU+d+bDYrjz32GB988CHBwTsZOfJVzGanG8msPxUpkpr4iYy8yFdffU1IyFm2bAlKF09w8C4+/fRzKlasQJEihbl06RIWiwWTyUTlypUyPT6O+5uaIPrxx9S+mj59RgZ9ZXDlyhUGDhyMn185SpQojsVi5eDBQ0DqXFEZ9ZvNZuO5555lwoS3iYiI4MknB1CyZEkuXbpMkyaNGTHiRfz9/QkNDWPTps0ULOjBsWPHCQkJtW8XDHx8fHjkkS6sWLGSoKBf2bfvAEWKFCYi4jzDh79oT5KlP44Oi7HZbDzzzCDeeWcSv/76G/369adMGV8iIy9y9mwI9evX5cEHA+6gX//e9yPt/fr1GAp7eSEiIiIiIiLyd+XJO7AKFy5MdHTaHViZXXz/9XfDMGjfvp3DNtu0aWUv9/UtxRtvvE6pUqXYt28/f/yxj2HDhjrUNwyDkiVLMGfOp7Rp0xovr0JERJzHMAwaNGiQLimTlhxr27YNjz3WCy8vL9at28j16zH07/+UQ7sZrXe7/erXry+1a9+Hq6srJ06ctN+RU7p0ST777BOaNm2Cs7MLERHnKVmyJH36PM57772D1Zo6KfzDD3egf/8n8fLy4tixE7i5uTFo0MB0cU2c+DbVq1fjwoVI1q/fSO/evR0SNakToFemTp0HuHz5Cjt3/s7585FUr16diRPfonz5clnux83ttGvXht69M+8rgIIFC9KyZQtSUizs23eAQ4cOU7ZsWZ55ZhBdunTOdDvNmjVmxoxp1K1bFycnZ8LCwilUqBA1a1YH4IUXnqNZs6bYbDZWr/4f5ctXsD/BMq0dw7AxdOgLjBgxjMqVK5GYmMiFC5GUL++Hr68vGcksOdmyZXMmT36P+++/n8uXr7Br125iY+No0qSxfT/+Tr/+lffo6BgKFyma4X6IiIiIiIiI3AmTkfFj3f5VmzdvpmnTxnetvZiYWLZs2UKTJg34c46em9/T3Lo8++XOzi7ky+dur5mQEGOfIyqt3NU1HyaTEzabhZSUZHv9pKR4LJYUwMBkcsLVNR9OTi72J7lZrSkkJaXe2VWgQKGb1kmdA8nVNT/Ozq6YTGC1WrBaLbi6ugEQHx+NYRi4uXlgNjthsSTfmKQ96/0zmZzIn98Ns9mJtHmM4uOvkzrnkglXVzecnJwA843hcikkJyc4tOvqmg8Xl9ShiBnHZcNsdiZfvtTtGIaN5OSkG/1kxmJJIikpEbPZCVfX/JjNZkwmM5A6IXtycqI9YZb++JgpUKBguv51dXXD2dkFk8l0IyYrrq75b8R03d6fTk7ON4ZbpiZfUlKSSUlJzPL8cHJywsUl/41+MWEYVpKTk7FYkjGZTOTLlx8nJxfAICUlBZPJhLOzK4ZhIz4+xt6ei4sLzs757HNb2Ww2kpISsNksuLq64+KStk40YHI499L6FUwZxGPDZrOSkpKE1WrFbDbj6uqWRb/eve8HQFDQDlq0aIGHx83DZ0VEREREROS/JCjoVwIDA3M6jLw5hNDT0wMPjwLExMTi4VHgxnxVtlvejUyWZ688JSUJiyX5pnrGbcszqm+zWUhKsmbQTup7bOy1dO0nJyeQlBTvsDw5OdHhc3x89G32w3G5zWYhISE2w/2x2UwkJGT8FMOb201OTiQpKSHLuKzWFBISLLf0S5LDZ5vNICEhJpPtZbZ9K3FxUenKk5LiSU52XC8lJdFh/ZufupjV/t3af1argcWScZw2m43ExPTtJibGpWs/JSWZ5OSkDNtJSoojOTneob7FkkxKyq31bVnGk/1+vTvfj+vXoylYsKCSVyIiIiIiInJX5MkhhJD6NLY9ew4C/8wwQr3rXe+Zv//xxyEaNGiAiIiIiIiIyN2QZxNY7u7u+PtX4ejRk0DqRbVhOF5k67M+6/Pd/3zkyAmqV6+Km1vqUE0RERERERGRvyvPJrAAqlb1Jz4+katXrwGpk2YDmbyrXOUq/7vlV65cIzExmSpVUp/gKCIiIiIiInI35OkEFkDz5s05fTqMK1eigNSL7dQ7RWy3fDZUrnKV/43yq1ejOHs2jObNmyMiIiIiIiJyN+X5BJazsxMtW7YgNDTCYTih3vWu97v3fvToKcLCztOyZSucnPL8z4qIiIiIiIj8y+6JK00nJydatWpJ0aJF2bZtF7GxcdhsBmDYL8L1WZ/1+c4/X78ew7ZtOylWtBgtW7ZQ8kpERERERET+Ec45HcC/qWrVapQt68fOnTuJjo7G07MAHh4eeHq64+FRgHz5XDGZTPw5PArABPz5WeUqv1fLExOTiY2NJyYmlpiYOGJj4yhY0JN27dppwnYRERERERH5R91TCSwAd3c3AgObExsbR1TUNa5evUpk5FWOHTtDUlJSTocnkmvly5cPL69CFC7sRcmSvnh5eeHhUSCnwxIREREREZF7wD2XwErj4VEAD48C+Pr65nQoIiIiIiIiIiKSBU1YIyIiIiIiIiIiuZoSWCIiIiIiIiIikqspgSUiIiIiIiIiIrmaElgiIiIiIiIiIpKrKYElIiIiIiIiIiK5mhJYIiIiIiIiIiKSqymBJSIiIiIiIiIiuZoSWCIiIiIiIiIikqspgSUiIiIiIiIiIrmaElgiIiIiIiIiIpKr5YoElru7O3Fx8TkdhoiIiIiIiIiI3BAXF4+7u3tOhwHkkgRWqVKlCAkJURJLRERERERERCQXiIuLJyQkhFKlSuV0KACYDMMwcjoIgPDwcCIiIoiPVxJLRERERERERCQnubu7U6pUKXx9fXM6FCAXJbBEREREREREREQykiuGEIqIiIiIiIiIiGRGCSwREREREREREcnVlMASEREREREREZFcTQksERERERERERHJ1ZTAEhERERERERGRXE0JLBERERERERERydWUwBIRERERERERkVxNCSwREREREREREcnVlMASEREREREREZFcTQksERERERERERHJ1ZTAEhERERERERGRXE0JLBERERERERERydWcczqANOHh4URERBAfH5/ToYiIiIiIiIiI3NPc3d0pVaoUvr6+OR0KkEsSWOHh4Vy7dpWqVf0pUMA9p8MREREREREREbmnxcXFExISApArkli5YghhREQE5cqVU/JKRERERERERCQXKFDAnXLlyhEREZHToQC5JIEVHx+v5JWIiIiIiIiISC5SoIB7rpnqKVcksERERERERERERDKjBJaIiIiIiIiIiORqSmCJiIiIiIiIiEiupgSWiIiIiIiIiIjkakpgiYiIiIiIiIhIrqYEloiIiIiIiIiI5GpKYImIiIiIiIiISK6mBJaIiIiIiIiIiORqSmCJiIiIiIiIiEiupgTWf1TIxeu89V0Qvx4Jz+lQRERERERERET+UUpg/QfFJCTzyHtLiE1MoZG/b06HIyIiIiIiIiLyj3LO6QDkznm6ubL/w8EYhoHNZs3pcERERERERERE/lFKYN0iOj6JaSuDWbnzGKcuXMPFyYmKPl482qgarz36oL2eYUDVIZ9y6sI1AD54ui1DOtVL196mA2f58KddBB8/R1RcIiW8PGhYpRSvP9qE2uWLM+KLdcxcvYvSRTwJ+fxF+3pvfRfEW0uCKOSejytfjwSw181I7OJR5HfV4RQRERERERGRvCfPZTy+3LifAR//lGl55/pVWPZa9wzLIq7G0OLNhfakVK1yxSni4caxc1eY9MOvDgmsTQfO2usBfLFhX7oE1uTl2xm9cBMARTzceLBqGa7FJrJy53HqVy5N7fLFMZlMGcaS0fK0Za7OTjxQwcehzGzOuB0RERERERERkf+6PJfAerLlfXy1eT9bDoWmKyvkno/pT7fOdN0RX6zj1IVruDo7sebNPrSq7QeAYZhYu/eUQ9156/cBUK9iKX4/FcH+kEh2nThP/colATgYcokxizYD0KWBPwtHdMMjvwsAEVdjuRgV85f30bugOzsmD3BYZrVa/nJ7IiIiIiIiIiK5WZ5LYAFM69+Gei/PS7f8pYca4FfcK8N1Uiw2ftx1AoB+LWrTolYZh6RQm9rlMAwDgKsxCawIPgrAy10bMWPVDoKPn+OLDXvtCazlwcew3aj/0TMdcXMx2dsrUSg/JQq5AYa9/UvR8TR+fYH9c/jlzBNcl6LjaThqrv1z1dLFmDfkocw7RERERERERETkPyxPJrDuL1+CfoG1+GrzAfuyct6FGPpQ/UzXuRaXQJIldUL0Sj6F7cmqNDd/XrjlIEkWKwXyudCpbiXOX40h+Pg5vg06xNSnWlMgvwuRUXEAuLk6U7KwWwZbdGw/2WIl+HhEtvbv1roWq5FFbRERERERERGR/7Y8mcACmP50G1buPM71+CQAxvZsileB/JnWL1zAjXzOTiRZrJw4fzXLtudvTB0++HB9f9xcnej+YDVGzl9HTGIyS387wlMt78OnsAcACckWzl2JoXRRzyzbLF3Ek/AvRtg/j1+8mQnfbclWXTA0hFBERERERERE8ixzTgfwT/EqkJ+xPZsC0LxGWZ5seV+W9V2czTzcwB+ArzfvZ8uhEHuZYcD6fWcACD4ewYGQiwB8u+0gzo++S5mBH9qHC36xITW59UiAP+Ybk66/NG8tcYkp9vYuXIvlQMildDFYrSn21613aGVVV8krEREREREREcnL8uwdWAAvPdyAmat3Ma1/m2zVn/F0O34/GcHZi1G0HruIWuWKU9jDjZPnrxIVl8j1b16xJ6gKuecjsKaffd0rMQlsOxLKb0fDOBJ2mZplvXnr8RaMWbSRFcHHqPDcR9QsW5zo+EQOhV3m7ccDqVXO+y/t163zZQF8/VIXKvgU/kvtiYiIiIiIiIjkZnk6gQWwe9qALIcO3qxkYTf+mPEsU5b/xorgoxyPuIqLk5mKJYvwQscGxCWmsGTbIQCGd27E2F7N7OsmW6z4DfqQC1GxfLFhH1OeasXrjz5Ig8qlmflTMDuOhfPb0TCKFypA5wb+tKld4S/vU0bzZcUn6S4sEREREREREcmbTMats5XngM2bN9O0aeOcDsPObHbCZDIBphtLDGw2G4Zhw8nJBQCbzYph2BzWSyszDBs2W+qE8CaTCZMprb0brRnGjXLjxrZSR3KmDh28OQbH5Tcvu1XqMMIcP5QiIiIiIiIikocEBf1KYGBgToeR9+/A+ivSkk8ZuTnJlJ0ywzAwjMzvjkrdVvrtZbQ8s7oiIiIiIiIiInlZnp3EXURERERERERE8gYlsEREREREREREJFdTAktERERERERERHI1JbBERERERERERCRXUwJLRERERERERERyNSWwREREREREREQkV1MCS0REREREREREcjUlsEREREREREREJFdTAktERERERERERHI1JbBERERERERERCRXUwJLRERERERERERyNSWwREREREREREQkV1MCS0REREREREREcjUlsEREREREREREJFdTAktERERERERERHI1JbBERERERERERCRXUwJLRERERERERERyNSWwREREREREREQkV1MCS0REREREREREcjUlsEREREREREREJFdTAktERERERERERHI1JbBERERERERERCRXUwJLRERERERERERyNSWwREREREREREQkV1MCS0REREREREREcjUlsEREREREREREJFdTAktERERERERERHI1JbD+hh9+WEZAQCMefbTHHa979uxZAgIasXbtOsaOHUfPnr3vSkxTpkwlIKARQ4cOyxXt3M7GjRsJCGjEmjU/39F6HTp0IiCgET///L9/KLI789hjjxMQ0Igvv/zqb7WT2/brr/gr34vdu/fQrFkgCxcuuuPt/ZW+f+ONMQQENOKdd9694+3lNRs2bCAgoBFNmjTL6VCyFBUVRUBAIwICGnHgwMFsr5cXvlMiIiIiIgLOOR3AP+2tt95m9eo1AAQGBvL++5PuuI2FCxcxa9ZHVKhQnsWLv7EvL1q0CDVr1qB48RJ33KaXlxcDBw6gQoUKuLg4U7NmzTtu47/u4sWLTJr0PiNHjqBjxw53tG7VqlWJjr5O4cJe/1B08m85efIUY8eO4+23J9C8efOcDkdERERERERyoTydwIqLi2PDho32z9u2bePq1asUKVLkrrQfGBhIYGDgX1rXy8uLQYMGAlCpUsW7Es9/zcmTJxk5cgTt27e743VnzJj2D0QkOaFSpYqsXv1jTochd0FKSgouLi45Hca/5l7bXxERERGRnJSnE1i//LKWxMREvLy8cHNz4/z586xevYa+fZ+w1+nQoRNXr17liSf6cPToMY4cOULhwoUZPvwlmjRpwpQpU/n++x8AOH36DAEBjQBYtGgh+/btY/LkKfj6+vLDD0sBCA8P5733JnPgwAF8fHx4+un+jB07DoC5cz+nVq2avPDCi/z+++/06fM4Q4e+CMCjj/YgPDycUaNe4dFHuwGwY8cO5s9fwOnTZzCbzdSsWZOhQ4dQrlw5e/wLFy5i6dLvuX79Oq1atcRkMjn0QWJiIsOHjyAkJJTr16/j5ORE+fJ+PPlkP1q2bJntdjLy2muj2bRpE+3atcXZ2ZkNGzZStGhRRo4cjsViYdasj7ly5QoBAQGMGTMaDw+PDONZvHixPR6LxcKzzz7HwYOHePTRbowa9QoHDx7imWeexWQyMWfObGrUqG4/buPHj6NDh/YsWbKUadOm4+vrS7duXfnqq6+x2Ww89lhvWrZswbvvTuLo0WNUqlSRMWPeoEKFCgBMnjyF337bzrVr17BYLPj4+NCxYwcGDHg60/1OSEhg+vQZbNmyFWdnZ/r0eTzDetk5frdz8OAhpk6dyrlzEcTFxeHm5kaNGjUYOvRFe+IzODiY2bPncObMWVJSUihatCh16jzAuHFjM213165dLFjwFadOnSIuLo7SpUvx+uuvU7v2faxYsZLFi7/l0qVL9u9Pw4YBDBv2EgULFgQgJiaGr776mi1btnL+/Hnc3d1p0qQxb745xmE7y5YtZ8GCL4mJieHBBxsxZswbuLm5AanDaD/7bA4HDx4kLi6OChXKM3DgABo1apQr+v6NN8awfv0GAgMDcXPLT3DwTgzDoHv3Rxk4cEC2js8vv6xl7NhxFC9enJUrl2M2m7FYLHTq9DBRUVG8++5EWrVqla2+CA4OZubMWYSFhVOzZk0aNWrIRx99jIuLC9u2bQWydz6ntRMaGkatWrVo1Khhun2/fv068+Z9wa+//salS5coUaIEzZo1pX//p/Dw8AD+/O0cMOBp9uzZw4EDB3njjdHp7qYcP34CP//8Pzp27GA/J48cOcpTT/XHxcWF1at/pFChQuliCA8PZ9Kk9zl48KD9t/RWFouFZcuWs3LlSsLDz+Hl5UXjxg8yePBzeHp6ZvtY3/p34OjRoxQrVowXXhhMs2bNHM6Htm3b4OTkxObNW2jduhVjxrzB6dOn+eyzORw6dIi4uDjKlPGlW7dudOnSGbPZzMyZs1i06Bv8/aswb95cEhMT6dOnL5GRkQwfPoyjR4/+pT4SEREREbmX5Ok5sFatWgVAy5YtaNOmNQA//vhThnW//fY7ypf3o1q1aoSHhzNu3AQSExOpW7cO999fG4BChQrRq1dPevXqiZdX+osJi8XC8OEj2bVrF15eXtSoUZ0ZMz7INL6skkRr167jpZeGc/DgITp0aE/z5s3Ytm0bTz89kPPnzwOwevUaZs36iAsXLvDAAw8QHh5uHy6ZJiUlhbCwcAIDmzNgwNM8+OCDHD16jDffHMfZs2ez3U5W1q5dx5kzZ/D1Lc25c+cYPXoMEya8jZ+fH1arlU2bNvHNN4uzFY+zszPvvDORggUL8sMPy9iwYQPjxo3HarUydOiL1KhRPctYzp07x5IlS6lYsSLR0dHMnj2HgQOfwcXFlUKFCnHo0GHef3+yvf7JkyepXfs++vXrS9eujxAZGcmcOZ+zalXmdwRNmTKVVat+tJ8fy5Yt5+zZkDs+ftlx5cplDMPgoYc6MWDA05Qp40twcDCjRr2KxWLBZrMxevQYDh06TOfOD9O//1PUrVuHkJCQTNtct249Q4YM5ffff6d06VJ06NAed3d3Ll68CEBISAilSpWiZ88e9O37BCaTidWr1zB9+gwg9Tx/7rnBfPXV11y6dInWrVtRv349+/mUJiIigrlz51GpUiUSExNZv34D3377HQBhYWH07z+ATZs2UatWLXr06M7p02cYNmwEW7ZsyRV9n2bz5s3ExyfQpEljrl27xuefz2Xfvv3ZOj4tWgRSqFAhLl68yO7du4HU5FpUVBRFihShefPm2eqL0NBQRox4mZMnT1GxYgUKF/bis89mp4v1dudzWFiYvZ0KFcpTsGDBdO2kpKTw3HOD+e67JdhsNtq1a0t8fDwLFy7ipZeGYbPZHOrPm/cFhmHQunUrChUqmC6mHj1S50LbuHETsbGxAGzatAmAZs2aZpiYSfst/f333ylYsCD+/lXs59/Npk6dxrRp04mKuk6fPo9TpkwZfvhhGUOGvIjVas3iqGbs++9/oFatmgQGNufs2bO8+urrnDx5yqHO2rXrOHToMC1aBFKmTBlCQkLo338AW7ZswcenBC1aBHLmzFnee+99PvnkUwCef34wtWrV5Nix48yZ8znvvz+ZyMhImjdvTu/evf5SH4mIiIiI3Gvy7B1YJ06c5MiRowC0bt0aDw8Pvvrqa0JCQvjjj7088MD9DvV79OjOsGEvERkZSefOjxAbG0toaBgtW7YkIuI8e/fuo2jRIowYMTzTbe7evZvQ0FAAPvpoJmXKlGH79u0MGzYiw/pmc+b5w0WLUiez7tz5YfudByEhIezdu4/ly1fw/PODWblyJQBt2rRm4sS3MQyDp57qz9Gjx+ztFChQgBUrluHs7IzFYiE5OZnjx49z7tw5du/eg5+fX7bayUqFCuWZN28up0+foU+fJ0hMTOTll0fSo0d3pk6dxtKl33Po0OFsx+Pj48O4cW8ycuQrjB6dekdPYGAgvXr1vG0sZrOZuXPn4O3tTdu27bl+/Tr169dn0qR32LhxI6+//ob9vACYNWsm+fLlw2azkZSURHx8PKtXryE4OJjOnR9O135ycrJ9Muhhw16iW7euXLt2jYcf7uJwYZ+d45cdDRs2tM8LlZSUROvWrejZszfnzp0jPDwcX19fEhMTMZlMFCtWjKpV/enSpTPFihXLtM2FCxcC0LhxY6ZPn2pfbrFYAHjuuWfJly8fkHoHX6lSpXj33UkEB+8EUhMwaRf1n3zyMdWqVXVY/2Zz5nyGr68vY8eO45df1tr7fvnyFcTHx1OpUkVeffUVAAzD4KuvvubrrxdmOBfWv933afz9qzB58nsA7NnzB+Hh4Rw5coTate+77fHx8/OjY8cOLF78LT///D/q169vf2DBQw91wtnZOVt9sXr1GvsdVZ9/PgdnZ2c+/vgTvvrqa4dYb3c+p7VTokQJ5s2bi7OzMx9+ONOeYIbU43v69BkAPvnkI0qWLGm/G+jgwUPs33/AntQHaNWqJe+++06m/VejRnWqV6/G4cNH+OWXtTz6aDf70O6HH34ow3X27Nlj/y2dNetD/Pz8CAoK4uWXR9nrxMTEsHJl6j9SDBnyAo0aNeSRR7rQvXtPjh49xu+//05AQMDtDq+D3r178dxzzwJw5swZDh06zKpVqxx+9318fFi48Cv7d+TDD2eSmJiIr68vn38+B7PZTKVKlZg5cxZLlizl2WefwcXFhYkT36Zv3yftx6xUqde1Wg4AACAASURBVFKMHTvmL/eRiIiIiMi9Js8msNKSMsWKFeOBB+7HbDbj5+fH2bNnWbVqVboEVuXKlQHsw2MA4uPj72ibkZGpd7C4urpSpkwZAPtQtdu59eL/woVIIHUI1rJlyx3KwsLCHepUqVIFSL2jy9/f3yHxFBsby9Sp09i+fQfR0dEO7Vy9ejXb7WTF398fs9nscFda9eqpd0qlDeNJSIjPdjwATZo0oWrVP2Po3/+pbMXi7e2Nt7c3kHrH3PXr16levZpDLElJSVgsFpycnFiw4EvWrPmZyMhIDMO4KZZrGbZ/8eJFe7Ikrb8KFy5MiRIlCA8Pt9fLzvHLjjNnzjJz5iwOHTpEYmKiQ9mVK1fx8/NjxIjhfPrpZ3z00cf2soCAAKZMed9+kX2ztNhuTkIAODun/hxs3ryFr776irNnQxzOy7Tjc/78BQDy5ctnT17dvH4ab29vfH19AShatCiQOi/dzW2cPHmKdu0ch5xl1j//dt+nqVSpkv2/PTwKOOxHdo7PI490YfHib9m4cRODBz9HUNA2ALp06Qxkry8iI1P3yc/Pz97Pt/62GIZx2/P5woUL9nXT2vH393doJ63/3NzcKFmyJAAVK/65rbRY0mQnSdSjRw8mTHiLH3/8kRo1ahAeHo63t3em66bF4Orqip+fX4ZxXrx4yX4+jB8/IV0boaFhd5zAKlWqlMN/Hzp02B5Lmtq173P4XqWVlytXzv6PEmn9lZSURFRUFN7e3vj4+PDQQ53sycIePbo7/L250z4SEREREbnX5MkEVlJSEv/73y8AXL58mUaNGjuUb9iwkZEjRzhcPKRdeGQ0rM/JyQkAm81IV3YzH5/UpxEmJyfb7445efJkunru7u5A6jwzkPp4+MuXL6drKyoqivbt29GpU8db1k+9iC5RojiRkZH2i1KAc+ciHOrOnTuPX35Zi5+fH+PGvYmHhyfjxo13WCc77WTl1sTFzctuvojObjwA3323hKNHj+Hq6kpycjLvv/8+c+bMvu2EyTfHknYsM4tl69atfPHFfPLly8fYsW9SqlQpFi36hq1btwIZH2tvb29MJhOGYXDhwgVq1qxBYmIiV65ccaiXneOXHRMnTuTEiZM0b96cHj0eJSEhgVdeefVGaWqM3bp1pWvXRwgNDSUkJIS3336H4OBggoOD7fP3ZBRb2jC4NBaLhbi4OMaNG49hGAwY8DT16tVj9+7dzJ07z16vZEkfIPV7dvToMapW9bevf3P/33ysbv1epX1XKlWqyEsvDXUou3WIWpp/u+/TpH3/M5Kd4+Pn58f999dm7959jBs3geTkZOrXr29P7mWnL3x8Uvs8JCQEq9WKk5NTut+W7JzPJUqkbuvmoZTnzp1zaCctnoSEBC5cuICPj4/9jiyA4sWLO9R3dXXNtH/StG7dig8/nMmRI0eZM+dzADp16pjpXaglSqRuIzk52f7gjYgIx+GfxYt7YzabsdlsvPjiEKpUqWwvs1qtlC1b9rZx3erEiRNA6m9FWv+m9UeaW5PCaeUhISHYbDbMZjOnTp221/XySn1S6uHDR1iyZCkuLi6kpKQwb94XNG/ejNKlSwN33kciIiIiIveaPJnA2rRpMzExMUDqMKm0C1DDMAgKCiIpKck+TCM70i7Yw8LCePfdSXh4eNgnX79ZnTp1KFu2LKGhobzwwovUrn2ffdjVzapVq8rWrVtZt249np6e7Nq1K90dWI899hjjxo1n06bNeHh4ULRoUS5dusTOnbsYOHAANWvWoHPnzuzff4BVq37E09OT2NhYfv/9d4d20i6ATSZISEhk//4D6ZJF2WnnbslOPEeOHGXmzFk4Ozvz6aefMGPGDA4ePMSsWR9lOYTzTqXNkWMymUhJSeHUqVP2eYoyky9fPjp0aM+aNT8zc+YsIiIi2LPnDxISEhzqZef4ZcfNyZyYmBh+/vmXdHW6detOnToPULJkSZKTk0lKSgKgSJGiGbb5xBNPMGbMm2zbto2BAwdRqVIlzpw5Q/fu3albt469nsVi4fLly2zYsMFh/YYNG1KpUkVOnjzF88+/QPPmzbDZbJw/f545c9LPy5SRRx7pwrJlyzl58hQrVqykcuXKREVFcejQISpUqEDDhuknFv+3+z47snN8ALp06cLevfvs51fXrl3sZdnpi06dOvL11ws5f/48AwYMxMenJEFBQQ7byM753LFjBxYuXMTZs2cZP34CZcqUYdGibxzqNGzY0H636vPPD6Fevbr89tt2IHWoW+3a991xP7m6uvLII11YsOBLfv31VyB1CGVm6tati6+vL+Hh4bz22us0a9Ys3fyFnp6ePPzwQ6xcuYolS5bSvn07XFxcCA8PZ/v2HXz99Zd3HOeyZcu5cuUqV65c5syZs5hMJh56KOshfF26dGbZsuWEh4fz7LPPUaZMGdatWw9A9+6P4uLiQmxsLGPGvInFYmHEiOFERkayaNE3jBnzpj0xf6d9JCIiIiJyr8mT/7SbNmFxnTp1mD59KlOmvM+UKe8zdepk+3w1aRO8Z0eTJk1o06Y1+fPnt18sZcTZ2ZkZM6ZRv359oqKiOHbsOEOGvGAvT0uk9erVk1atUp8AuHHjJpo3b+4wdAWgfft2TJ8+lRo1qrN+/Qbmz1/A9u07qF69Gv7+qcOnHnqoEy+88DxFihRh2bLlxMTE0LZtG4d2Bgx4msaNG3P+/AVmzfqIlJQUKleu5FAnO+3cLbeLJzY2ljfeGIPFYuGZZwZRs2YNJkwYT4ECBfjuuyVZTvB9pwIDA+nduxeurq58/PEnBAfvpGnTJrdd7+WXR/LQQ51ISEjg++9/oEaN6vZhTmmyc/yyY/To0VSt6s+OHTuYPftz6tevl65OtWpV+f333Xz55Vd8990SfH1LM2rUK5kmatq0ac2sWR9St25dwsLC+emn1URFXad48eIUKVKEMWPewMfHhyVLlrJkyRJatGjhsL6zszOfffYp/fr1pWjRoqxfv4Ht23fYh81mR7ly5Zg/fx6tWrXkwIGDzJ07j3Xr1lOggAfNmjXNdL1/s++zIzvHB1LniUobwlq4cGGHOb6y0xdlypRh+vSpVKpUkVOnTnP9+nX7/F5pvyvZOZ/LlSvH1KmTqVixAps3b2HXrl307t3LoY6LiwuzZ39Kjx7dAfj55/+RL18++vR5nA8//OAv3xHUrVtX+7r33187y/Ml7be0bt26HD9+gp9++ildnACjRr3CyJEjKFjQkyVLlvLNN4s5duwYbdq0tj8x804MHDiAuLg4jhw5ip+fH++9967DnV0Z8fPzY968uTRv3pyIiPNs2LCRcuXKMmrUK7zwwvMATJz4LufOnaNRo0b06tWTwYOfo2pVfw4fPsKsWR/9pT4SEREREbnXmIxbx1XlgM2bN9O0aePbV/wPiI6OdrhwSps43GQy8b//rbEPJxERuRO3/rakPSChUqWKLFq0MAcjy75Bg55h//4DjBnzRq6anLxDh05cvXqV8ePH0aFD+xyNJbf2kYiIiIjcu4KCfiUwMDCnw8ibQwhz0oIFX3L06DHuv782sbGx/PTTaiD1iWhKXonIXzVixEh8fHwoX748ISEhrF27DoC+ffvmcGS3t3XrVg4ePMShQ4cpVqwY7dq1zemQch31kYiIiIhI1pTAussqV65MUNA2vv564Y2nEfrSuXNn+xPHRET+ilq1arFu3Xo2bdpMwYIFqVOnDk8+2fc/8ZS6FStW8dtvv1G+vB+jR4/O1sTv9xr1kYiIiIhI1jSEUEREREREREREMpRbhhDmyUncRUREREREREQk71ACS0REREREREREcrU8OQdWXFw8W7duJSYmNqdDEbmrPD09ad68Ke7u7jkdioiIiIiIiMi/Jk8msLZu3Ur16lXx8fHJ6VBE7qqIiPNs2RJEhw7tcjoUERERERERkX9NnkxgxcTEUqJECXLB/PQid1XJkj7s2rU7p8MQERERERER+Vfl4TmwDL30+luvU6dOMXnyFOLj43I8FseXiIiIiIiIyL0lT96BBejuK0nHy6sYS5d+S5s2rW9bNz4+nj59+jF06BDc3Nx0PomIiIiIiIjkICWw5J5iMpmzdW4MGzaSHj2606fP41itln8hMhERERERERHJjBJYmYiOjsFms+HlVeguRfTfYhgGVqsVZ+e8dYoYhpGtc2PevLkYhg2LJcVheVTUdZyczHh6ev5TIYqIiIiIiIjILfLsHFhpiYo7eVksFtatW8+AAYOoUqUaBw4csJcVKVKcefPm061bD8qU8aN27bosW7bcYf0dO4Jp27YDxYuXomJFf15+eRTx8fFZbrNIkeJ8/PEntG/fiQoVqlCr1gN8993SO2q3c+euvPbaaIYNG0HFiv5UrlyNCRPexmaz2evYbDZmzvyI+++vR4kSpQkIeJCvv15oL//tt+0UKlSUlStXERDwID4+vmzfviPDmK9fj2bYsBFUqlSV0qXL0q5dR4KDd6Zr65df1vLgg00pU8aPli3bcPDgoSz7Ijo6hpEjX8HfvzrFi5eiXr0Aliz5HsMwiI2N5dlnB1OzZm1KlChNvXoBzJ79ucP6NpuNjz/+hDp1GuDtXZKqVWvw5pvjHJJWly9fpk+ffpQsWSbDY3js2HF69XqM4sVLULZsefr16094+Dl7+d69e6lSpTqDBj3Lhg0bsVqtf+lc+zsvERERERERkXtNnk1g3cmk2IcPH+bNN8dRo8Z9DBz4DJ6envz44yqaNm3CzRNnf/DBTMaPH8fFixcYO3YMzz33AhEREYDBxYuRdO/eE39/f4KDt/PFF3NZs+Z/vP76G7fZPnzwwSymT5/GuXNhfPDBdF544UX++OOPbLdrNpuZP/9LmjRpQkjIGf73vzXMnfsFP/74o73Oe++9z/z5C5g+fSp79/7B2LFjGTNmLCtXrrzRhgmATz+dzcqVK7h69TL169fLMObHH+9DaGg433+/lJ07g3nooU507dqd0NBQh7Y++eQzVq1axfnz53jggQd45pnnMu0Hw7DRq1dvtm4NYvbsz9i79w+mTZuKu7sbYGCxpFClShW+++5b9u3by7hxY3nnnUmsWrXK3sa7707ivfem8PLLI/jjjz0sXryYcuXKOfT1hAlv07FjR7Zt20rPnt3THcOOHR+mcuUqbNu2lfXr1+Lq6spjj/W5cSeWQWBgc1auXIG7uzv9+w+gRo37GDduAkeOHLmjc+7ChQt07tyNVq3aZfjq3LkbFy5cyPScEREREREREbmXmIxccEvH5s2badq08V1rb8mS7+nQIeuJuq9cucLSpT+wePF3HDlylLZt29Cnz+N06tQJZ2czFosFm81qr1+sWEneeedtBg9+BpvNhpOTM5UrV2PSpIl07dqF996bwrfffsf+/XsxDBsmk4nVq3+mb98nOX78EEWKFMkwjmLFSvLqq68watTLGIYNJycnnnxyAC4uzsye/Um22u3WrSdubm58++0irFYLJpOZgQOfpVChgkyd+j4JCQlUqlSN7777lmbNGmMYNsxmJyZPnsb27dv5/vtvCQ7eRfv2nVi/fi316j2Q6Z0+v/22nW7dehIaeob8+V0xDAMnJxc6depMYGBThg9/yd7Wtm1bqVmzGoZhcPr0WerWbcCxYwcpXrx4unaDgrbRuXM3fv99J5UrV7yxr2ZMJpN9DipnZ1dsNguGYWA2O/H22+9y/PhxFiyYS3x8PJUqVePdd99hwID+2GwWTCYTZrOTfRhgsWIlee21Ubz66ihsNitms5ly5SoybdpkunbtwuTJ09i0aTPr16+1r2OzGZQs6cuqVcto0KA+AGazE87OzqSkWPnxxx9ZtOgb1q/fQM2aNejduyc9ejya6fG+2S+/rGPKlOkZlr3yygjatWuTYdnPP6+nZ8/ut21fRERERERE5O8KCvqVwMDAnA7j3p0D69NP5zBt2gwaN27MoUMHKV26JBZLClZrMlZrxutUrFgB641CiyWFokWLcunSZQzD4PjxEzRoEIDV+uecSfXq1cFqtXLixEl78iMj1atXtyfLLBYLtWrVZOXKH++o3cqVK9uTLoZhpWjRopw/f97eRnx8PA8/3DndtitUqOAwNK1y5YrYbLZMY923bz9JSUmUKFEqXZmfXzmHtsqXL2tvq1ChggBcvHgJb2/vdOseOJCa2KpYsfxNk6Y7xjFt2jQWLVpMWFg4iYmJANStW9e+jwkJCTRp0giLJdm+jvWWg1mrVi17uc1mxcfHx34M9+3bz44dwXh4pJ/37OzZ0Bt3pIHVarHH2LnzQ3Tr1pXQ0DCefLI/r732BteuXePVV1/JtA/TtG3bmr1797Fu3QaH5W3atKJt29YaLigiIiIiIiJyQx5OYGWehAEYNGgAHh6eLFq0iDp16tCpUwd69HiUZs2a4uTklOE6JtOt7Ro35pmy2T/fXJ6W5DCZTFnGk5SU6FCelJR0y7Zu367ZbHaoYxg2e2xpy3fv3kmNGjUctm2z2UhIiLUnS5ydzVnGahgGxYoVIzw8JF1ZSkoKyckJNyVe/ow7LUF3czwZtI7NlvET/xYtWszMmR/z5ZfzadCgAYUKFeTdd99j+fIVN9pL3abFYsky/lv3z2Tipn4y6Nr1ERYvXpRuvaSkhHQTulutVtav38DSpT+wevUafH19GT9+HI891vO251+awYOf4dSpU5w+fRaAChX8GDz4mWyvLyIiIiIiInIvyLNzYN1uImxv76KMGPES+/fv5aefVlGggCcDBw6mVq26vPnmePbt259u4mzDIN2y1CSNQdWqVdm1a9eNBMqfk687OTlRsWKFTOMA2Llzp8OyHTuC8ff3v4N2/4zj1om+DcOgcuXKuLm5sXz5cmJjrzu84uNjbtQ3stVv9913H5cvX2bjxvXp2kpKis+yrazav++++7h48RKHDx/JsHzXrt20bduGJk0a4eRkEBt7nT/+2JNuH7duDcqyr7M6hvffX5ugoCDOnw9Pt28pKcn2dfbu3c8bb4ylZs0HePbZFyhUqBBr1qxm7949DB8+lGLFity2H9NeBQq48/LLwylQwN3hvzWJu4iIiIiIiMif8mwC63aTaBuGjZSUROLjo7nvvhp8+OE0zp49ybRpUzh9+ixt23Zi+/YdN62TUZt/bmvAgCe5cuUqI0eO4vjx42zcuIkxY8bx1FNP4uVVKItY4IcfVvDtt0s4e/YsM2Z8yNatQQwe/OwdtntrfH/Glj+/KyNGDGf69A/5/PN5nDx5ioMHDzJ//pfMmTP3Nvvo+GrcuCHNmjXjueeGsHr1GkJCQti9ezeTJr3P1q1B2Ygn4200btyQRo0a8fTTz7B+/QZCQkLYsmUrq1evAQz8/f3ZtWsXly5dBAxWrlzFL7+sc9jHF18cwjvvTGLhwm84c+YMf/zxB198seAOjuFTmM1m+vZ9mh07ggkJCWHr1iBefHEYUVHXAINt27bRvv1DhIaG88EHMzh79iQzZkzlvvuqEx8fTUpK2t102Z/QvWLF8gwePIjBgwdRsWL5bKwjIiIiIiIicm/Jw0MIs3+hf/OcRp06taNLl4e5ejWKlJSEW9rJ+A4YwzDw8irIypXLeO210bRo0Q4PDw+6d3+Ut94ad9vhYBMmjGfJkiWMHPkqxYt7M3fuHGrVSp0XK7vtpr87x/GOnVGjRuDtXYzPPpvNuHFv4+npQc2aNRk69IUM75DKqq+WLPmGiRPfZfTosfY5rQICGtC7d69M27pd+1arhe+//5Y33xzPkCHDiImJpVy5sowaNRLDMBg06GmOHTtO48aBuLq60qBBfYYOfZFffllrb2/06FEUKlSQDz6YxSuvvE6xYsXo1av7HR3DjRvX8+abY3niif4kJibi61uali1bkC9ffgzDoEaNGpw+fQIvr0JYLMkkJydkeWyzq3Xrlg79JCIiIiIiIiJ/yrNPIWzduunfaiN1filIu+PFw6MwCQkxN00wDu7uBUlJSSIlJQkAJycn8uVzx2x2AgxSUlJISorPcjslS/rx7bcLad++PU5OzhiGcWO+pT8nIr9du25uHlitVodkSmp9EwkJcfZlLi75cHHJh9lsBowb6yRitVpwcnLG3d2TmJhr2eqffPnccHZ2vdFPBlarhaSkBFKfpJi+LZPJhIeHF3Fx0Q5Pd3RkIl8+N1xcXIDU+b2SkhLtfZE/vztOTi5AasLLZrPh7OxCfHy0vQVX19R9NJnMGIZBSsqfSabsHEOTyXxj31K3Yxg2LBaLvb9NJtON5Tn3tVm/PkhPIRQREREREZF/hZ5C+A/7uwmGW9ePibmark5c3HWHzxaLBYslOl2927HZDOLjYzItv127Ga2bmBiXbllyciLJyYmZbCOF6Oj0+5iZxMR4IOPkXEZtGYaRjfYNEhPjSMw4RIdkXJqkpFs/J5KUlHED2TmGhmElISE28whzPt8rIiIiIiIics9RAitX0OTcIiIiIiIiIiKZybMJrP/KZNcxMdeIj4/BYknJ6VBERERERERERHKlPJnA8vT0JDLyMsWLF83pUG7r+vUrOR2C/IdcvHiZggU9czoMERERERERkX9VnkxgNWvWlK1bgzh06HhOhyJy15hMJjw9PWjW7O89oEBERERERETkvyZPJrAKFHCnQ4d2OR2GiIiIiIiIiIjcBeacDkBERERERERERCQrSmCJiIiIiIiIiEiupgSWiIiIiIiIiIjkakpg5SHz5y/g++9/AGD79h28/fZEe9moUa9x8ODBnAot14iKiqJv3yexWq13vW31sfyT59e/7dKlS/Tr91ROh8GFCxfo33/AP76dzZu3MHny1H98O3dq9uw5rFixMqfD+Ffd/LdMRERERCRNnpzEHWD8+AmcOnXaYVmhQoX46KOZWa43d+48vLy86N790X8yvL8tozgbNgzAxcU1w/pdunSmVKlS/1Z4IiL3lIiICJYtW87hw0dITEykRIniPPjgg7Rr1xZX14x/l3PKPxnrf+VvqIiIiIj89+TZBBbAY4/1pmXLFvbPJpMpB6P551WrVi3TssaNH/wXI5E7YbVaMZvN/+j5abFYcHbO0193kRwTHh7OW29NpH79eowe/Tre3sWIjLzI2rVrOXcugvLl/XI6RLucjvXf+L0TERERkbwpT1/ROjs7kz9//nTLk5KSmDfvCw4cOIjNZqNIkcK89NJQTp48xY4dwZjNZn799TfKlCnDiBHDuHz5MgsWfMXJkydxd3endetWdOjQPsP/AY+IiGD+/AWEhYUDULZsWUaPfg2AmJgYFi36hoMHD2EymXjwwUb07NkDJyendO2sXr2GM2fOMGTIC/ZlQ4YMZcSI4URERGQY5/z5C/D09MzwX75HjXqNfv2eoGbNmkya9D7nzp2zl0VHR9OrV086derIihUr2bo1iOjoaIoUKULXro/QqFHDTPt4165drFixkosXL+Hh4UGvXj1p2DCA5ORkFi/+lt9/341hGDzwwP08/vhjuLm5cenSJUaOfIVBgwaydOn3JCYm0qlTRwICGjBnzueEhobh7+/PkCHP4+bmBsCRI0dZvHgxFy5E4u1djN69e1GrVq0MY7Jaraxa9SPbtv1KXFwcVatW5amn+uHl5ZXpfgCcOXOWSZPe4+OPZ+Hi4gLAuXPnGDt2PB9/PIuoqCjmzZtPWFgYJpOJ6tWr8dRTT+Lp6Zlhe+vWreeXX9YSExNDhQoVePLJvvj4+AAwfPhImjVryp49e4iOjuHddydSoEABh/WHDx9J48YPcvz4CeLiYvH2Ls6AAf3t28vqWG3dGsTWrVvx8fHhxImT1KnzAM2bN7uj+IcPH0m7dm3ZsmULkZEXuf/++3n66af4+uuF7N69B2/vYjz//POUKeN723gWLlxEWFg4r702CpPJxKZNm/npp9VMnPiW/Rjf7MKFC1nGGhERwbx5XxAWFk6ZMr5Uq1aN06fPMGrUywCEhoaxcOEiQkND8fDwoEuXzjRt2iTD/bzd+TJ8+EgCA5uzb98+YmPj8Pb2ZvDgZ/Hw8MiwvZtl9duR1W/FrbL67di6NYigoCBKly7NiRMnSExMomvXR2jSpLF9/cy+p3v27OGHH5Zx8eIl3NzcaNKkMT16dHf4bdu0aTMrVqwkJSWFZs2a0rNnD8xms0O7ly5dplSpkvTt25eKFSuQkJDAK6+8am/DZrMRExPDhAnjKV/ej1mzPub48eMkJyfj61uafv364edXDkj9fZ4/fwF79+7D09OTdu3a/iN9GhkZyeefzyU0NMx+Dt3sTs6hJUu+p2LFigwaNNC+rGzZMgwcOADDMICsvx9ZHSOA+Ph4PvhgJgcOHKBEieIMGjTInmi6k78r2Y01q9/b2bPn4OrqytWr17h8+RJms5mBAwdSvrwf27b9muHfpox+70JDw7L9my4iIiIiAnk8gZWZTZs2Ex0dwwcfTMfV1ZWIiAgKFChAkyaNOXr0qMPwB8Mw+PDDmVSpUoWXXnqRyMhIpkyZRsGCBR0uENMsWfI9/v7+jB79OjabjZMnT9nLPvroE7y9izF16mRSUlKYOXMWa9b8zMMPP3RH8WcU5514/fU/Lyz37t3LnDlzqVevLgAlSpRgzJjRFC5cmP379/Phh7OoWLECxYsXT9fO4cOHmTdvPi+++ALVq1cnOjqa69ejb/TDUsLCwpg48S2cnJz46KNPWLhwkf2iyTAMjh8/zpQp7xMRcZ4JE97i0KHDDBw4gCJFijB16jTWrl1Hly6duXbtGtOmTWfAgKdp0KA++/btY8aMD5k06R1KlCiRLq5Vq35k7969vP76q3h5ebFkyVLmzJlrT25kpnx5P4oUKcyePXsICEi9cPz119+oV68u+fPnx2az0aXLw/j7+5OcnMynn87mu++WMHBg+vl5du/ezcqVq3j55ZGULl2K5ctXMH36B0ya9I79wvLgwYO88cboDJOsN/fxa6+9iqurK19/vZAFMbC/sQAAIABJREFUC77kxReHZOtYHTt2nHbt2tovTM+fP5/t+NPs2LGDl18eiYuLC2+//Q4TJrzNE088zjPPDGLJkqV8881iXn31ldvG06tXT8aPn8CaNT/zwAP3s3jxt4wa9UqGySsgy742DINZsz6ibt26jB79+v/Zu+/oKKo2DODPZrNpJCQhIZBCky7dkITQEjpICRCkSVGQKgKiqCgigiAgoHSRaqFIryogCNKEgEoPTQgppPe62eR+fywZsputAWTN9/zO2QPZnfLOnTt3Zt69dxbR0TH44ouFqFKlCgAgKysL8+bNxyuv9MP7709FTMxDzJ+/AJUrV0bt2rVKrMuU+hIefhPTpn0AhUKBFStW4uDBnzBgQH+95QYYbzsMtRXajLUd4eE3ERLSC6+9NhxRUdGYOfNTNG3aBI6OjgaPU1tbW4wZMwZVqvjg4cOH+OKLRfD29pZ6bAohcOPGDSxYMA+ZmZmYP/8LuLu7o2PHDggPv4l16zZgypS3Ubt2LVy4cAFffvkVvvhiPuzt7TWGa2/d+iPCw8OlZGfjxo0watRI2NjYYO/efVixYiUWLJgHmUyGH3/chpSUVCxevBAqlQpffvnVUy9TIQSWLl2Gxo0bY9q0D/DgQSS++GIhqlevbnYdEkLg6tWrGDHidZ3rKkoGGjo+DO0jADh58hQmT56Et956E7t378G3336LmTM/MalumBurKe3tn3/+hZkzZ8DNzQ1Hjx6T4jF0bire3pnbphMRERERAWX8Ie7btm3HuHFvSq/ly1cAUPfMyszMQHR0DADA29tbby+UqKhoREfHYMCA/lAoFPDx8UHnzp1w6tRpndNbW8uRkJCAhIQEyOVy1K1bBwDw8OFD3Lp1C8OGDYWdnR2cnJwQEtIL586dewZbbpro6Gh8/fU3ePPNcdJNQ2BgC1SoUAEymQxNmjRB7dq1cfv2HZ3zHzv2Gzp27IAGDRpAJpPB2dkZVauqkwinT59BaGgonJ2d4ejoiP79X8GZM2elb/gBoF+/UNja2qJGjerw8fFGkyaN4eXlBTs7O/j5+SEi4gEAICzsAmrUqIHAwBaQy+V46aWX8OKLL+KPP3SX3bFjv2HAgP5wd3eHtbU1XnmlH65evYrs7GyjZdKyZUucPn0WgPpm7+zZP6SbeS8vLzRs2BAKhQLlypVDz549EB5+U+dyTp8+i/bt26F69WpQKBQIDe2LtLQ0jRvqTp06GUxeAUDHjh2lZ9J07/4ywsIuID8/H4DxfeXl5QU/Pz8A6htTc+Iv0q1bN7i5uaF8+fJo2rQJKlWqhCZNmkAul6NVq1a4f/++NK2heBQKBcaPH4d9+/bjq6+Wonv3l1GrVk296zUUa2RkFBISEtGnT2/I5XJUrVpFY4jsuXPn4e3thXbtgiGXy1Glig+Cg4Nw/vx5nesypb507Nhe6pXXpEkT3Lt3X+eyijPWduhrK7SZ0nZUq1YVDRs2BAD4+HjD2dlZat8MHacNGjRA1apVpPoRFNQW4eHhGusvOk7d3Nzw8svdcPbs2UfLPYbOnTuhTp3akMlk8PPzQ6VK6mRMcadPn8GZM2cxefIkKBQKyGQyBAcHwd7eHnK5HL17hyAhIQEpKSkAgDNnzqJv3z5wcHBA+fLlNRIxT6tMIyOjEBcXj759+0Aul6NGjeqlrkNKpRL5+flwcXHWua4iho4PQ/sIAAIC/FG3bh3I5XIEBwfh/v0IKSltznnFlFhNaW9btAiAm5sbAKBp0yZSPIYUb+/MbdOJiIiIiIAy3gOrR4/uaNu2jfR30Q1ocHAQ0tPT8fXXq5Geno6AAH8MHjwItra2JZaRmpoCZ2dnjQfbVqzoLt1saRsy5FXs2LETs2Z9BoVCgU6dOuLll7shKSkJhYWFeP/9adK0hYWFeod5PGtZWVn48ssl6Nu3Dxo0aCC9/8cf53Do0CEkJ6fAysoK6enpaNasqc5lJCcno3HjxiXez8/PR2ZmJipWdJfeq1jRHSqVCunp6l4FRTdpRWxtbTWG+Nna2iI3NxeA+pfdii+raHm69oFKpUJqaipWr14jDXMCAAcHByQnJxsd9tWyZSB2796DjIwMREVFIz8/X0oMZGRkYMuWrbh16zby8/NRWFgIpVKpczkpKcka5SaXy1GhgitSU1Ol94wNaQQAZ+fyxf7vDCEE0tLS4O7ubnRfaS/fnPh1LUO9jx7vMxsbhbSPAON1x9vbG7Vq1UJ4eDg6d+4kvX/8+AmsW7ceAODp6YkFC+YZjDU1NQUuLi4ax46bmxsePIgEACQlJeHevft4++13pM9VKhUaNHixxPYZqy8ODg4AAEfHxwlu9XbnGCy3ojgNtR362gptprQd5cpp1msbGwXy8tT7Rt9xCqiHze7YsRMxMTEQQiA3Nxf16tXTmMbd3b3Y/92QnKyOPzExEVevXsPJk6ekz/Py8jR6Dt29+w++//4HTJ36rlSXhBDYvXsPwsLCkJ2dAysrq0dDDDPh5OSErKwsjePdw+Nxj5ynVaZpaalwcXGRzgnq9XhIST9z6pCNjQ0UCgVSU9N0lnERQ8eHoX0ElDwOCwoKoFKpjNaNVau+xpkz6oRj+/bt8Nprw43Gakp7W3y4s42NjRRP8fI0tA3mtOlEREREREXKdALLwcEBFSpUKPG+tbU1+vbtg759+yAxMRFLly7D4cNH0LNnjxLPtXJxcUVaWhry8/Oli/OEhES4urrqXKeLi4s0JOvOnbuYP38BateujQoVKkChUGDhwgUmJa3s7OyQn6+S/i4sLERmZqb095M8ALewsBDLlq1A/fr1NBIJCQkJWLNmLT78cBpq1nwBADBv3gK9y6lQoQLi4+NLvK9QKODo6IiEhETp5jchIRFyuRzly5dHYmKiWfG6uLiU6AWWkJCocziYtbU1nJ2dMWHCmzo/L55A0sXd3R21a9fCuXPnERERgcDAFlJiY+vWHyGEwOzZn8Le3h43b97CokWLdS7H1bUCEhISpL8LCgqQnJyicRNnyj5MSHhcVvHx8VLiz9x9ZW785jIlnrNn/0B0dDTq1q2LTZs2S8dJcHAQgoODTI7VxUWdCCwoKJCOpaSkJGleNzc31KlTx+iQUcB4fXkSxtoOfW2Fdhzmth3a9B2nALBs2XJ07/4ypkyZDLlcjr179+Gff+5pTJOYmCgNS01MTEKFCur43dzc0KxZM71DoFNSUvDVV0swdOgQqU4A6h5ZFy5cwHvvTYWrqyuEEBgxQj20uKjHXVpautR2p6UVT/o+nTJ1dnZBeno6hBDScZiW9jipY04dkslkaNiwIc6cOatzWLkQAomJiQaPD0P7yBBjdWPcuLEYN26sxnvGYjWnvdVFX7tW/P0nXQcRERER/X8q00MICwsLkZ+fr/EC1M8VKupx4OjoCFtbWylJ4ezsjNjYWGkZPj7e8PLyxLZt25Gfn4+YmBgcOfKrzot/ADh//ryUJHF2Lg+5XA65XA4vLy/UrFkT3333PbKysiCEQEJCAq5du6ZzOdWqVcOdO3eQlZUFADh8+AgKCgqkz7XjNMemTZuhUuXjtdeGa7yfk5MLhUIBLy9PAOreGTdv6h9i1r59O/z661Fcv35d6hlU1AumZctA7Nq1C+np6cjKysL27TvQqlXLUiXemjf3xb1793Du3DkUFBTgr7/+wvXr1xEQ4K83rq1btyIuLg6AuudRWFiYyetr2bIlTp48ibCwC2jZ8vGwoqysbFSuXBn29vYoKCjAr7/+amAZLXDs2G948CASKpUKu3fvQfny5Q0Om9Pl0KFDSEpKQl5eHrZt24HmzZtDoVCYva/Mjd9cxuJJTEzEt99+h7Fjx2DcuDG4dOmy3iF9xmKtUsUHFSu6Y/fuPSgoKMCDB5E4ffqM9LmfX3M8ePAAx4+fQH5+PgoKCnD/foQ0JFXbk9YXfYy1HfraCm3mth26tk/fcZqdnQ0fHx/I5XJkZGRolGORnTt3QalUIjk5GT///AtatGghLffQocO4efMWhBDIy8vDlStXkJ6ejvz8fCxZshStW7cq8QuoWVlZKF/eWUo6HTnyK1Sqx8n6wMAWOHToEIQQKCwsxC+/HH7qZVqlig/c3d1w4sTvANQ/ZFF8WLi5dah//364c+cO1q1bj+joaOTl5eHBg0isXbsO9+9HGD0+DO0jQ0pTN4zFam57q82Uc5O569ixY6fesiciIiKi/x9lugfWpk2bsWnTZo33Nm5cj8TEJGzY8C1SU1Nha2uLZs2aSj2R2rZtg+XLV2DMmHGoWrUqPvpoGiZNmoiNG7/DW29Ngr29PTp27FDipqzIzZu38P33m5CXl4dy5cohJKQXXnihBgBgwoTx2LZtO6ZN+wi5ublwd3dD586ddS6nVq2aCApqi08++RQVKriifv36GkPudMVpqmPHfoOtra3G8JjevUPQvn07dOjQHjNmzISzc3l4enqW+GWu4l588UW89tpw/PDDJsTHJ8DJyQkDBw5A1apV0L//K9iyZSs+/HA6hBBo2rQJhgx51eQYi6tQoQKmTJmMLVu2Yu3a9fDwqIhJk96SftFPW0hIr0e9EhYjJSUFTk5OeOmlZtLzoIzx9/fDd999j4oVK2r8pHxoaF+sWbMGf/31FxQKBZo1a4ZLly7rXEbz5s2RnJyCJUuWSr9CWNTLxRxt2rTBF18sRHJyCurVq4dRo9S9S6pWrWLWvjI3fnMZiqewsBCrVn2Njh07oF69ugCAMWNGYcWKVahZs6b0LB1TY5XJZHjrrQlYu3YdDh8+gipVfNCqVUvExDwEADg5OeH999/Dli1bsW3bdhQWFsLHxxv9++t+6PqT1hd9ZDKZwbbDUFuhzZy2Q5uh43TEiNewfv0GlCvnAAeHcmjSpDHi4x/3HJTJZKhXrx6mTn0f+fn5aNOmNTp0aA8AqF+/Pl5/fTg2bdqE2Ng42NjYoGbNmhg58nXcvx+Bu3f/QVJSskZS7N1330FQUFtcv34D06Z9iHLlyqFZs2YaQ3sHDOiPDRs2Yvr0j+HkpH722tWrV59qmcpkMkyc+BbWrl2HEydOoFw5RwQGtpCSJObWIR8fH8ycOQM7d+7CZ5/NRV5eHipV8kDLli3h7e0FGxsbg8eroX1kjLl1w5RYzWlvtZlybjK3TT98+Ai8vb1RrVpVk2IgIiIiorJJJow9efVfcPz4cbRpo7tHE9H/q7fffgdjx47R+yBqemzz5i3Iz8/H8OHDnncoREREREREZcrJk6cRHBz8vMMo20MIiahsun37jvQstVu3buP330/C3//JekwRERERERGR5SrTQwiJqGyKj4/H0qXLkJOTA1dXV/TrF2p0CCURERERERH9dzGBRWShvvxy0fMOwWK1atVS73PoiIiIiIiIqOzhEEIiIiIiIiIiIrJoTGAREREREREREZFFYwKLiIiIiIiIiIgsGhNYRERERERERERk0ZjAIiIiIiIiIiIii8YEFhERERERERERWTQmsIiIiIiIiIiIyKIxgUVERERERERERBaNCSwiIiIiIiIiIrJoTGAREREREREREZFFYwKLiIiIiIiIiIgsGhNYRERERERERERk0ZjAIiIiIiIiIiIii8YEFhERERERERERWTQmsIiIiIiIiIiIyKIxgUVERERERERERBaNCSwiIiIiIiIiIrJoTGAREREREREREZFFYwKLiIiIiIiIiIgsGhNYRERERERERERk0ZjAIiIiIiIiIiIii8YEFhERERERERERWTSLSGA5ODggKyv7eYdBRERERERERESPZGVlw8HB4XmHAcBCElheXl6IiIhgEouIiIiIiIiIyAJkZWUjIiICXl5ezzsUAIBMCCGedxAAEBUVhZiYGGRnM4lFRERERERERPQ8OTg4wMvLCz4+Ps87FAAWlMAiIiIiIiIiIiLSxSKGEBIREREREREREenDBBYREREREREREVk0JrCIiIiIiIiIiMiiMYFFREREREREREQWjQksIiIiIiIiIiKyaExgERERERERERGRRWMCi4iIiIiIiIiILBoTWEREREREREREZNGYwCIiIiIiIiIiIovGBBYREREREREREVk0JrCIiIiIiIiIiMiiMYFFREREREREREQWzfp5B1AkKioKMTExyM7Oft6hEBERERERERH9X3NwcICXlxd8fHyedygALCSBFRUVhZSUZNSrVxflyjk873CIiIiIiIiIiP6vZWVlIyIiAgAsIollEUMIY2JiUK1aNSaviIiIiIiIiIgsQLlyDqhWrRpiYmKedygALCSBlZ2dzeQVEREREREREZEFKVfOwWIe9WQRCSwiIiIiIiIiIiJ9mMAiIiIiIiIiIiKLxgQWERERERERERFZNCawiIiIiIiIiIjIojGBRUREREREREREFo0JLCIiIiIiIiIismhMYBERERERERERkUVjAouIiIiIiIiIiCwaE1hERERERERERGTRmMCif93rS/fDZ+RS3ItLfd6hEBEREREREdF/gPXzDoD+v5y4FoG952/hxNzXUKOSy/MOh4iIiIiIiIj+A5jAon9VcMPqSNvyAQoKVADE8w6HiIiIiIiIiP4DmMDSEpOcgc93nsEvf95FdHIG7BTWaFzdA290aoYhQQ2l6aasP4KlB8Okv+VWMnhVcEKHxtXxyYC2SMrIQfN31xlc15ReAWhVzwehC3YCAMKXj0UtzwrYe+6m9J6jnQ3urZ4AV0c7AEB0UgZqjVuB/IJCAMDx2UPR+sUqGvOELx+L6h4usOs/T++6y9kqkLZ5qvS3EEC9CatwNzYFAPDViM6Y0L15ifl+u3IfSw6E4dytaKRm5aKSiyNa1PHCtNDWaFLDQyoX7wpOiFjzljRf2O2H+GLPWZy+EYmkjBy4OtohsK4P3u3dAi3r+egs1wXDOmBKSAAA4NtjlzFyxQE4O9gi6ft3dG5T8TKQAbCzsUbF8uXQvJYnxnfzRXDDajrXoy1zy3uws9F/aBgrq9SsXLgPWwwA8HR1xI3lY+FoZwMAqDl2BSIS0rDotY6Y1NP/ict11o8nMWvbyRLlYmp5ayseOwDYWMvhWs4O9X3cMSS4EYYFN4KVlaxEeWs7OH0AujSraXT5gLou1vV2wzshLTCg9YvPrKzN2bYi9+NTUXvcSinV+tfiUWhUraLe8iMiIiIiIqJno8wlsIoSHfr08quDXR/00/nZ7ZhkBE3/HvFpWbC3sYZ/bW/EpWbi1I1InLoRiT9uRmH56K4AAJlMfaNrp7BGh8Y1kKNU4dSNB9h47DLO3YrBjqn9EFDHG4D6Jvz87WgAQA0PF3i4lAMAVKvoCnWqRdvj9zJzlVh96E98ENoSALDsYJiUvNKcVnM5MplMWn+RnDwVLkfEAQDqeLlpfPbblftSkgAA1h+9VCKBtWD3WXz4w28AgAqO9mhZrwpSMnOx9/wt+NX2RpMaHlK5FLfrbDgGL94DVWEhKpZ3QKv6VRAelYh9Ybdw8OJtfDsxBAPbvCjFXWTuztMY3r4x3JzsdS63pMfTNKlRGTl5+bgXn4pdf4Rj1x/hmPNqMN7v21JjPTbWcjR7obLGUrSTGNpMKasiD1MysXDPH5g5sK1mpMW2p7Tlqr2cIuaUtyEvVHJVJ1DjUnD8WgSOX4vAnnM3seO9UFjLrVC8vJvWqAxbhVz626WcvdHlBzWohrre7gi7HY0//4nF0K/2okl1D9TzcZemedplbfq2qW04elmjn+D6o3/jyxGdjG4bERERERERPV1lLoE1vH1jfHf8Mk5ce1DiM2cHWywe0VHvvO9s+BXxaVlwKWeHsIWjUMtTnWB6b+MRfLHnDL4+9CcGtWmIVvUf92Bxc7LH/umDAABrj/yF0Sv340ZUIvILCvDHgpEAgFylCvb95wIA3uvbCmO7+gIACgsLseePcIPb4+ZkjxU/X8CUkAAoVQVYc+QvuDnZIykjx+B8ciuZtH4AKCgU6PP5j7gcEQfvCk7Y99FAjenX/XoJANC8phcu3I3B5Yg4hN1+CL/angCAqxEJmL7pOAAgxL8ufpjSF452CgBATHIm4lMzdMaRo1Rh/OpfoCosRGBdHxyaORRO9gpk5arQffYmnLgWgQlrfkEPv1pSzxkAsJLJkJqVi8+2nypVwmD7e/1Qy9MNcalZGL5kNw79dRcfbz6BHs3roEHVxwmSiuUdNMoJwKPhjfoZK6virGQyLN57DqM6NYO3m1OJz0tbrvqUtrx1mdavNd7o1Ax5+YWYueU45u06hQMXbmPtkb8xtutLGtOqy7uC9HdBQQGMDREdEtwIIzs2w+2Hyag7fgUKhUB4dJJGAutplrW521ZYKPDtb5cBAH61vBB2JwabTlzFvKHtNZJ1RERERERE9OyVyV8hXPS67oTHpB7+qO6h+8HhSlUBjlz6BwAwrF0T1PBwQkGBCgUF+fhkYFvIH/XKOXjxdol5CwtVyMrNxd//PJTeK+9g+2h+lUZCRIhC6T0hCkssS9vYrs3xMCUTW36/hrVH/kZadh7GdfUzOh8AjfVPWH0Q+8Nuoby9LQ5+/Co8XR2k6ZIzcrDnnDqR9m6fQKnn1vqjf0vT7D53E4VCnZBYPvpl2Ctk0rIrOduhUTUPnTGcuxWNxIxsAMDUPi3hYKOez06hTiIA6mFgp29EasznV9sL9bzd8fUvF3E7Jtmk7S257flwd7LBugm9AACFQmCXVsIwIT0bLd5bK71eW7LH4HJNKavihgY3RrYyHx9vPq7zc3PLNSE9G62mbZRea4/8pfF5actbl6K6am1ViDlD2km99naevVFi2lcWbNcoxxxlvtHl/3D8CsauOoCBX+wAAFRxL4+2DR4P83zaZW3utv3y111EJaXDSibDt5N6w9ZajuTMHOz+46bR5RMREREREdHTVSYTWE1rVMKw4EYa71Wr6IyJPfQnflIyc6WheT5avTfsFFZwd1InfBLSszU+i07OgHXoXDgNWoCVv1wAAAxs3RBVK5Z/4u0AgHFdfWGnsMaX+89j2cEwODvYYkTHJmYtY/4ude8xhdwKO97vj4ZVNYcP/nDiKvJUBShnq0B331oY2LoBAGDryWvIylUnIuJSswAA9jbW8HTVNTxMd2+b4uXlXcFR47Mqbo46pwMAaysrzB/eEfkFhXj/u2OmbagelV3spd5GRdtRRKkqwLlbMdLr6oMEg8sypayKG9y2IXxreuL741fw593YEp+bW67a8UYna/bQKm15GyNEgZTkidUqQwD4+16cRlwFhcaTsyeuReCbw3/hr3vqYa0t6vjA1vpxz6anXdbmbtv6o+reX20bVEMdLxd0fanWo/d1J9CIiIiIiIjo2SmTCSwAWDyiE5wdbKW/Z/RvA5dydnqndylnB8WjZ99EJqZrfJajVEm9Wjycy2l8ZqewRnff2gjxr4uxXZpj29RX8MPbvZ/WZsDdyQ5Dghvj6oN4RCSkYXRnXzjYmD58aevJ69IQtTVv9kKHxlWhnRTZcEx9o97Try7sbeTo17I+rGQyZOQqsf2MukdKZVd18iNHqUJ0kunD2tydHpeXdrk+SEiT/l+xvGayBQB6NK+J4IbVsS/sls4hoaaKSc5AZq4SwOPtKOJdwQlizyfS68KiUQaXZUpZaRJY9HpnCABTvz1a4lNzy1U73k8GBGl8/iTlbYgQwK2YJHXMLiXnvb3qLY24jA1PBIA1b/aE2PMJ7n49EV6uTth+5jpmbzspff60y9qcbYtLzcKBMHVvywGPEmdF//525T7+KfZcLiIiIiIiInr2ymwCy6WcHWb0bwMACGpQFcPbNzY4va1Cjk5N1b+a9sPxyxoPjv5s2ykUFKqTPt19a2vMV/QMrN3TBmDl2G4IDawDwHjvE3O83TMAMqh7Jb3V3bThg4C6h8uI5fshAMwa1A5DgxtCCM3k1blbMbgSEQ8A2HrqKqxD56LKG0ukYW1FvVB6B9SF1aOHYU9ad1ijB0xsSiauROjuuRRYzxtuTuqeRV/u+0NKJGXn5WPB7rMA1Puq9YslfxlPCIGFr3WCDMD3xy+bvN3Fxadl4Y0VBwGon5HUJ6BuiWkKCvKLvfQ//8rUstLWur4PevnVxYlrESWSSqUp1+Lxaicjn6S89cnLL8D0TcelJE9oy/oGY1LHZZx6GF8+qlV0hI+7usdieLR6uOizKGtztu3b3y5D9agX2bivD8I6dC4GL96ljhvAhmOlq49ERERERERUOmXuIe7FTerpj6UHw/Q+E0vb4hGdcf7RM4Savb0WvrUqIy41W7q5Hd3ZFy3r+UA7aVBYaPih30+qrrcrTn4+Agq5FbwqlEOiCcO/4tOyEDp/J5SqAljJZDh48RYOXtR8ds/+DwdIiQBnB1sEN6wufZaUkYNTNx7gTHgkbkQmomHVipg1uB2mbzqGPedu4oWxy9GwqgfSs3NxLTIRswcHo1G1iiXisFPIsWpsDwxatAOnw6NQZ/wq1PdxR3hUIuLSsmAlk2HZqG4oZ6vQuR1Na3hgSHBjsxNYAxftRq6yAP/EpUCpKgAAzBnSHg2qVkTx/Vf0TKnivp8Ughcqu5ZYpqll5VlBu4eSwPzhHfHTxdtSUqRIactVnyct7+Lm7TyDFT+F4Z/YVGQ8SoT19KuDUZ2alZh24KLdGg82n9IrAKGBJRNdxW06cRUX7sTgn9hU6Vc627xYFcCzKWtztm3jowRVzcquaFj18XPIbkYnITw6Ed8eu4yZxZ6NR0RERERERM9WmU5gAcDFRSMNDh0srlZlZ/z15RjM2X4Sv/x1B3/cjIadwhot61XBqE4vYXj7xigsLHjGEevWok7Rr64Z/mW3IvGp2UjNygWgfnj5uVvRJaZJzczFtlPXAABv9wrEjAFtpc+UqgJUH7UEsamZWH/0Er54rQOmhbaEf21vLD1wDn/cjMKZ8Eh4OJdDL/+66NTkBb2xhAbWwel5IzF/1ymcuv4Ap29EwqWcHXr61cF7fVqwFyXtAAAgAElEQVShZT1vAw+0F5jzajvsOHMdOUrTE4V/34uDncIalV0c4V/HG2++7Ie2L1YpsZ6iZ0oVl51Xcj1Zufkml9VHr7QqMX9tT2eM7docy386X2L7Sluu+jxZeT/2T1wKFHIrVHC0R/NaXhjargmGt2sCIUqWz9+PnmNVJC7VeJL1xLUInLgWgXK2CtT3ccfQ4CaY0isAWbnKZ1TWpm3b79ceSEnrdRNC0LZBVWm+S/fj0Ozt1YhJycDPf95Bj+a19a2CiIiIiIiIniKZ0B5T9hwcP34cbdqUvBF9Xqys5JDJio+uFCgsLNS46S8+jSlDpuRydY+XwsICjeXIZDJYWVlrLEfXe/qWpx7yJnTMI4Ncbjg/WVCQrzeu4usQolBK3MlkMshkcshkj3ueCCEefS4MlIvs0We65yvyeH6hMZyvKBZDZVK8DIoTQkCIAo3hkyX38WNFZarNnLJ6PK1KWm/xdeqqB6Up1yctb12Kl3XxeYUo1Ft3tekqI0PL157nWZW1adv2+NgpWRcef1Z8fURERERERGXVyZOnERwc/LzDKPs9sEpDfZNvuKeVKdMUpy/pIoQo8Zmu94wtr+Q8xpdhKC59n6lv9vX3hNJfLsKkoZb65jdlW0wpN2PrMcScstI1raF1lrZcn7S8dTH9GVaml7e5y39WZW1avIa2q3TbTERERERERE+mzD7EnYiIiIiIiIiIygYmsIiIiIiIiIiIyKIxgUVERERERERERBaNCSwiIiIiIiIiIrJoTGAREREREREREZFFYwKLiIiIiIiIiIgsGhNYRERERERERERk0ZjAIiIiIiIiIiIii8YEFhERERERERERWTQmsIiIiIiIiIiIyKIxgUVERERERERERBaNCSwiIiIiIiIiIrJoTGAREREREREREZFFYwKLiIiIiIiIiIgsGhNYRERERERERERk0ZjAIiIiIiIiIiIii8YEFhERERERERERWTQmsIiIiIiIiIiIyKIxgUVkYebNm48vvlj4vMOwKHl5eQgICERkZGSplzFy5BvYu3ffU4zqMe6zx65evYaQkD6Ij483ON3Zs2fRo0evfymq/4b/1zJJTExEQEAgUlNTn3hZ5pahqfX1v+pZtntPU2pqKl5/fQTee+8DJCYmYvz4Cc87pOfmaZzvinvnnan45ps1T2VZ/7bDh49g0KDBzzsMDea0MStWrMSMGZ8844jKFmNtliWdJ4cMGYqff/7leYdB9H+nzCawJk6cjMWLv3zeYdAj2dnZCAgIRExMzPMOhSycrrpibW2Nd96ZAldX11Ivd/DgQWjUqOHTCPE/498+7rKzszF37lzMnTsHHh4e0vunTp1CSEgfjWlr1KiBsWPH/CtxPQtLly7DrFmzn3cYpMWceqWvvmrTVX+flCWcEy0hhiLXr19Hz549ERraB1OmvIP+/fs975DKhF27dsPa2hqjRr3xvEP5T9LVzpvTxrRp0wbdu7/8LEIrs4pfq5XFawcienLWzzuAskalUsHa+t8r1n97fc9TQUEBZDIZrKzKbN71P+ffqn9yuRz9+7/yRMvo0KHDU4qG9Llz5y4mTZqIBg1eNDpt5cqV0aNH938hKvq3WEIbbaxeFW+zzKmv9Gy1bNlS+n9AQMBzjKTsKCwsRE5ODmbOnAGZTPavrrssX5uac+5q3LjRM46m7DF2rcZrByIqm2cXI5KTk/Hll1/hwoWLkMlkaNEiAJMmTYSzszMA4Mcft2HLlq3IyMiAQqFAt25dMWnSRJ3LGjJkKFq0aIFr164hOTkFo0e/gcDAQHz99WqcOPE7srOz0ahRI0yd+g48PT0BAJmZmfjmmzX4/feTSE1NhadnZXz00Udo2LABevTohRkzpsPf3x8AEBcXh169euPXXw/DyckJixd/iYSERFhZyXDv3j34+flhwoQ3sXDhIpw48Tvy8/Ph5OSEcePGokuXzgDUXbA3btyIhw9j4eXlidGjRyEoKAgAEBMTg3nzFuD69esAAA+Pipg9ezZq1nyhxLYKIbBz5y5s374DCQkJqFLFBxMnToSv70tISEjA0KHDMWnSRHTr1hUAMGvWbDx8GIvly5diwoS3AADjxr0Ja2tr9OnTG0OGvIqoqCgsWbIMV65cgVwuR7t2wZgw4U3Y2dkhIyMDHTt2xqRJE3Ho0CGkpqZh3bo1mDz5bbRs2RLXr99AUlIiZDIZpk6dimbNmgJQXzitX78BP/30MzIzM1G3bl28/fZk1KpVEwAQFhaGZcuWIzo6BlZWVnjhhRpYvfprvfvXz88Pt27dRnZ2FoQQmDx5Mpo2bQIAmDHjE3h5eWl8GxQa+gomTpwglfHFixexcuUq3L8fARcXFwwaNBD9+oVK0+/Zsxfffvsd0tPT0bp1K1hZWcHBwUH63JQyeuedKTh06BAyMjJRsWJFfPLJx3p7FBja/uzsbIN1V1d913WxYajOnThxAkuWLEOHDu1x6dIlZGRkwNfXFxMnvgUbGxuddeWVV/qhbdtg7NixDVWqVMHixV8iLS0N1tbWOHr0GBwdHfH225Pg6emFefPmISLiARo3boxZs2ZKvbZGjnwDvXr1QkhIL2zc+C127NgpxZuXl4f09HScPn0SSUlJmDt3HsLDw5Gfn4+aNV/ApEmT0LBhA5P3WXj4TSxZsgS3bt2Gs7MzevTojuHDh0EulyM/P9/g8VpcXFycwVj27t2HgwcP4ptvVkvzzJkzF/b29pgy5W29x52h+Irq1IwZH+Pbb7/Dw4cP4e/vj5kzZ2DDho3Yt28/bGxsMHbsGPTq1dNonFFRUfj88/lISUlBaKg6CTl9+kfIzc3BnDmf48AB9VCBwsJC7Ny5Czt37kRsbBycnZ3x+uuvoXfvEISFhWHVqq8REfEA1tbWaNasGd59dwrc3d0BoFT1wZS6rq+dOXToMPbu3YfCwkJcunQZALB162ZYW1vrbSNLw9i5Slt+fj6WLVuOQ4cOw9raGq+80g8//fQzxowZhQ4dOhitL4Dh9kabvjbawcHBYNkmJiZi7tx5uHTpElxdXTF8+DCN5RprVw3VlbNnz2rUK13nzMGDBxk9xovoq7/NmjXFrFmzERZ2ARkZGfDw8MDw4cOk3hbG2mZ9x6a5+9xYPTZEXww//rgNu3btRlxcHJycnNCpU0eMHz8O1tbWT719ANTnhKVLl6Nbt644efIkMjIy0by5L957b6qUBDHUZukSFRWFpUuX48qVK1AqlahVqyYWLVoIR0dHo2U8ZMhQtG/fHmFhYbh69RqqVauKWbM+xY0b4fjmmzXIyMhA165dMHXqu1JiyNA5T198ph5n2oyVV2RkJPr164/Tp0/i1VfVw+9+/vkXbNq0CT/88H2pt9HQtUzReb1z5044deoU7O3tsWbNN2aXy+XLV7Bw4UJERkahdu1aaNGihcbn5tZ3Y9dwhq5r9bXzFy5c0GhjDF3Tr1ixEnFxcZg161MAhuuxKddzxrbfnPsXQ8e5vul1Lbt4fSuaV7u+aTN0HVp0rebr+5JJ1w7GrvmLS01NRdeuL2P//r2oWLEiwsLCMGHCREyf/hF69uwBlUqFTp26YPnyZWjQ4EWT6ltUVBRGjx6D27fvoEoVH0yZMkWqX0T0jAgL8NtvvwmVSvlUX+PHjxcLFszX+dmoUW+IKVOmiJSUJJGYGC/Gjx8v3nrrLaFSKcXdu7dFYGCguHPnllCplCIjI038/fdfetczcOAAERISImJjY6T3pkyZIiZOnCji4h6KnJwssXTpEjF48CChVOYKlUopJk+eLEaPHi0iIyNEfn6euHPnlrh//x+hUilF165dxZkzp6RlRUdHCl9fX5GSkiRUKqVYsGC+8Pf3FxcuhEnTbN++TQwaNFCaJjY2Rty+fVOoVEpx7txZERgYKE6d+l3k5maLY8d+FQEBAdI2TZv2gZg161ORm5stxRIX91Dntm7a9IMICQkR169fE0plrjh69Iho27atiIp6IFQqpThz5pRo06aNuH37ptizZ7fo1KmTVC7p6anC19dXPHhwX1peRkaa6N69u1i5coXIzEwXiYnxYuzYsWL+/HlCpVKKlJQk4evrK6ZMmSJycrI0yjw0NFQkJMQJlUop9u7dI7p37y59vnLlCtG7d29x9+5tkZ2dKZYvXyY6d+4sUlOThUqlFF26dBF79uwWKpVS5OZmi7Cw8wb3b8+ePaV1nT59UgQFBYnExHihUinFhx9OE8uXL9OYJyQkRBw9ekSoVEpx7dpV0apVK3H06BGRl5cjbt4MF926dRNHjhwSKpVS/PHHGdG6dWtx4UKYUCpzxYED+4W/v7/4/PO5ZpXRtGkfiNzcbKFSKcWMGR+Ljz+ernebDG2/sbqrq75rv4zVuaNHjwhfX1+xceMGoVIpRXZ2phg9erRYtmyp3rqSlZUhfH19xb17d6XjIDAwUBw+/IvIysoQP/64VbRp00ZMmDBB3L//j0hNTRYjR44QCxd+IS1j+PBhYufOHSXizcxMF8OGDRWffTZbqFRKERX1QBw9ekRkZKSJnJwssXr116JLly4iMzPdpH2WmBgv2rVrJ9auXSNycrLEzZvhonv37mLDhvVGj1ftl7FYdu7cIUaMeF1jnk8/nSm1fbrK0lh8RXVqwoQJIjY2RsTFPRT9+78ievfuLX78cavIzEwXR48eES1atBDx8bEmxXn8+DGNY1SlUoqTJ0+Irl27Sn9/99234uWXXxZ//fWnUCpzRXx8rLh8+ZJQqZTi/Plz4u+//xK5udkiKSlBTJ48WUyZMkWatzT1wZS6bqidWbx4kZgx42Oz2khjL+0yMXSu0vVasWK5GDCgv4iOjhTZ2Zli/vx5ws/PTxw69LNJ9cVYe6P90tdGGyvbkSNHiA8/nCYyM9NFfHysGDlyhPD19TW5XTVUV7TLUNc501h91X7pqr9Fx3JiYrxQKnPFyZMnRGBgoLh69YpJbbOuY7M0+9xYWetr9wzF8MsvP4v79/+RrglCQkLEDz98/8zah6JzwubNm6Q2uV+/ULF79y6T2iztV1paiujWrZtYuPALkZqaLHJzs8WFC2HS+oyV8cCBA0SvXr3E1atXRGZmupg+/SMREhIiZs78RKSkJIl//rkj2rdvL44d+1WoVMbPedovY8eZ9vlO+2WsvO7duyt8fX2leqdSKcX+/fvEwIEDSr2Nxq5limJav36dtA5zyyUpKUEEBQWJzZs3iby8HHH16hXRpUsX8cor/Uyu79ovY9dwxtpsXe28dhtj6Jp+yZKvxIcfTjOpHptyPWdo+829fzF0nGu/DC3blPqm/TJ0HVq8zTLl2sHYNb/2a9CggWLv3j1CpVKKpUuXiN69e4tp0z4QKpVSXLgQJoKDg6X6ZMp1QufOncXVq1dEXl6O2Lp1i2jbtq1Uv/jiq6y9fvvtt+edNhJCCPF/NxYrKioKf/75F6ZMmQwnJye4uLhg0qSJOHPmDBITE2FtbQ0hBG7evIXMzEzY29vr/Fa2uF69eko9AeLi4nDixAm89967cHNzg0KhwJgxo/HgQSTu3v0HsbGxOHnyJD788AN4enpCJpOhevXq8PHxMXkbmjdvrpHdt7GxQWZmFm7duoX8/Hy4u7ujRo0aAID9+w+gc+dOaNGiBaytrdG2bVu0bdsW+/fvBwAoFArExyfg/v0IAED16tXh5uamc73btm3HG2+MRJ06tWFlZYWgoCA0atQIJ078DgDw9/fH4MGDMHXq+1i0aDFmz/5UKhddjh8/AWtra4wePQp2dnZwcXHB2LFjSjwQcejQIVAoFBrv9e4dIvWkaNOmNWJjY5GUlAQAOHDgIF5//TVUq1YNNjY20rMfTp8+I21zREQE4uLiHvXmaGqwvHv06C6tKyAgAD4+3vjtt+MG5ymyY8cOdO7cCUFBQZDL5ahZ8wX06xeKn38+BEC9f7p164qmTZvAysoKXbt20ahvppbRkCFDpG++2rZtg+vXb+iNSd/2G6u7RYrXd12M1TkAsLW1xcCBAwCo6+/gwQNx4MBBk8q0iK+vL9q3bw9bW1uEhPRCdnY2+vQJgY+PDxwdHdGlSxfcuKG/HAD1t6+ffPIpHB2d8O677wBQd08PCgqCvb09FAoFRo4cgZycHOkYMbbPfv/9JJycnDB8+DAoFArUrPkChgx5Ffv27Ze2V9/xqs1YLKVhLL4ib7wxEu7u7nBzc3sUgx1CQ/vCzs4OQUFBKF++PO7evfvU4ty+fQdGjhyBRo0awsrKChUqVMCLL9YHALz0UjM0bNgA1tbWcHZ2xhtvjERYWJjG/ObUB1PruqF2RhdjbaQ5jJ2rdDlw4CBGjHgdlSpVgo2NDd58c7xZw3hMbW+0FW+jjZVtVFQU/v77EiZNmgg7OztUqFABI0eOML1gYLiu6KJ9znxax1WfPr3h4uICKysrBAYGIiAgABcvXtSYxpy22dx9bmo9NlfHjh3g4+MjXZ+EhvZFWNgFjWmedvvg6OgoDRO3s7ODv7+/1DPc1DaryPHjJ2BlZYWJE9+Co6MjrK2t0bRpE9jZ2Zlcxr17h6Bevbqws7ND9+4vIyoqCpMmTYSTkxOqVq0Kf38/3LgRDsC0c552fKU5zoozVF6mMmcbjV3LFMVR1OOrtOXi7u6O/v1fgVwuR716ddGzZw/p89LWd0PXcE/aZptzTW9qPdbXZhjbfnPvX0w5zouU5t7IEHOvww0xds2vzc/PT7p+OH/+PMaMGY2wsAsQQiAsLAy+vr6wsrIy65q4Xr26kMvl6NcvFJUqeZh8j0BEpfN/N4QwLi4ecrkclStXlt7z8fEGAMTGxqFhwwaYM2c2tm3bgblzP0etWjUxYsTraNWqld5lVqxYUfp/TMxDAOqHyBdnZ2eHpKREZGRkwMrKCt7e3qXeBg+Pihp/d+3aBcnJyViyZCkePIhE8+bNMWHCeFSvXh1xcfHw82uuMb2Pjzdu377zKM63sG7dekyd+h6ys7PRvn07vPnmeDg6OmrMI4RATEwMvv56NTZs2Ci9n52drfH8kD59emPjxm/RqFFDNG+uuV5tMTExSExMRP/+A6X3CgsLYWVlhezsbOm9ihVLJktcXFyk/9va2kqxVKhQAfHx8RrlK5fL4elZGXFxcQCAhQu/wPr16zF06HCUL18eISG9MHToEL1xaidr3NzckZCQYHDbikRHx+Du3bu4dOnxNiqVSnh5eQEA4uMT0Lq1Zt0qfuFjahm5uDweXmJra4usrCy9MenbfmN1t3btWgA067suxuocADg7O2vcWLu5uSMxMREFBQUGl11c8XphbW0NhUKBihUfD5u0t7c3WA4AsGzZckRFReKbb1ZL8WRlZWHlylUIC7uAnJwcWFlZIScnB6mpKQCM77O4uDh4eXlpPHPEx8dbqn+GjldtxmIpDWPxFSlevnZ2dhplC6jLt6gOPmmcQgjExsaiatWqOj+/d+8eVq9eg9u3b0OpVEIIgezsbCiVStjY2JSI11h9MLWu62tndCX5TW0jTWXsXKXdLgkhkJCQAC+vx21fUYLIVMbam+LDZIsrXvbGylahsIG9vb1GGZrzBY6xuqKL9jnzaR1XmzZtxqFDh5CSkgorKyukpqbihRc0k9HmtM3m7nNT67G5Tp8+jR9+2Cw93D0nJwdVqmjuo6fdPhQ/1gB1WRX9KqWpbVaRhw8fwtvbW+ez2Ewt4+LnOTs7e9jZ2cHJyUlj+4r2pSnnvOKMHWf6hkUWZ6i8TGXONhq7lgEANzc3jdjNLRftazf19MWvh0pX3/Vdwz2NNjsm5qHJ1/Sm1mN9bYbx7W9h1v2LKcd5EW9vb7PvjQwx9zpcHyGE0Wt+bf7+fpg9ew7S09MRGRmFdu2CsWbNWty6dRsXLlxA587qxzmYWt+0h696enqZfI9ARKXzf5fAqlTJAwUFBYiLi0OlSpUAANHR0QCAypXVfwcFBSEoKAhKpRIHDhzEe+99gMOHf0G5cuV0LrP4ycjTU31RtHr1Kp2/mBYbG4vCwkJER0frvGh3cHCAUqmU/k5NTTO4PkDdWA8dOgRDhw5Beno6li5dhs8+m4O1a9egUiUPPHz4UGP66OhoVKqkvth0cXHBO+9MwTvvTEFUVBQ++mg6vvvue4wfP67EOitXrowJE8brfcBiYWEhZs36DK1bt8bVq1exb99+6RkYui4kK1euDC8vT2zZslnn8jIyMnRuryEymQweHuptLvrGvbCwEA8fxkr7u1atmpg7dw6EELh06TLefnsK6tSprffBsUX1o/jfbdq0BlByfwHQuIj09KyMGjWqY+rUd3Uu28OjYokeHYmJSdJFhKllZA5921+tWjUA+utuEWP7w1idA9TP9il+QxwVFQV3d3fI5fJ/7QHQO3fuwqFDh7Fu3RqNY3v16m8QGRmFb775WrpJ6NChE4QQAIzvs0qVKunY/hip/hk6XrUZi8Xe3h55eXka86SmpsHe3h6A7uPOWHylYSxOY3WmqH2JjIzU+U3sxx/PQOvWrTFz5gzY2dnh5s1bGDZsuLR8cxlrp02hvU2mtJHmMOVcpb3+ihUr4uHDGNSvXw8AkJubi+TkZGkaY/XFWHujjznnwKioKOTk5CArK0s67pKSkjWmMdSuGqsrxuJTx2a4vhqbH1A/82fz5i1YsWKZlHyeOvV9k+uk7mPTvH3+pPVYVwwpKSmYOvV9fPHFfAQGBsLKygpbtmzFr7/+avbyi5hb3trMbbM8PT0RHX1ASgppLsu8MjYtPuPnvOKMHWfax6i5io5npVIpfTFjbnJLm7FrGaDkcWJuuXh4eOD06dMa7xU/15a2vuu7hjOlzTZ27vLy8jR4TV/ck557Tdl+U+9fSnOc61t2aeqbqdfhplw7GLvm19a0aVOkpaVh+/YdaNq0KaytreHv74cTJ07g6tVr+OijDwGYXt9iY2M1/n74MEa6RyCiZ6NMDyEsLCxEXl6exsvb2xvNmjXFkiVLkZmZibS0NCxduhyBgYFwd3dHREQEzp07h7y8PNjY2MDV1QUymcykb8SAx13l58z5XGrU0tPT8euvR6FSqVC5cmW0atUK8+YtQGxsLIQQiIiIQFRUFACgXr26OHnyFAD1gwk3bdpkdJ0XL17ErVu3UVBQAAcHBzg6Okrx9ujRHYcPH0FYWBgKCgpw6tQpnDjxO3r0UHfLPnr0qBSni4sL7Ozs9A456d//FXz99TcID78JIQRyc3Nx8eJF6eJg/foNiIuLw8yZMzBr1kx8+eVXuHNHPYTAzs4O5cqVw4MHD6TlBQW1RXZ2DtasWYusrCzpm/VTp06ZVNb69OjRHRs3fouoqCgolUqsXbsOQgi0atUS+fn5+PnnX5CRkQGZTAY3twqQy+UG9+/+/Qdw40Y4CgoKsG3bdsTHxyM4WP0Q0vr16+P8+fPSBefOnbuQmZkpzRsaGoqffvoZx48fh0qlgkqlwp07d3H58hUAQPfuL+Pnn39BfHw8AODateu4cOFxF+6nXUaGtt9Y3TWVsToHqL81W7p0GfLy8hAbG4sNGzZIDz/WVVeetrNnz2LlylVYtGihxjfxgDop6OlZWbrR2rVrt8Y+NbbP2rZtg7S0NPzwwybk5+fj3r17+OGHTdJQCEPHqzZjsdStWwf37t2XjsHw8Jv4448/pM91laWx+ErDWJxubu5ITU1Fenq63mX06xeKdevW4+rVaxBCICUlRRq+kpGRiRo1asDOzg4qlQpbtmwpdayA8XbaFG5uboiKitLoNWisjbxy5SoCAgL1fjNcnI+Pj8FzlS7du7+MDRs2Ij4+HkqlEitXrtLYHmP15Wm0N8bK1sfHB02aNMb33/8AQP3LhZs2ad7IG2tXDdUVUxirr9p01d/09AyUL+8k3bSGh9/E+fPnTY5B17Fp7j5/0nqsK4bs7GwUFhaidu3aUq+yffv2mbxduphb3trMbbOCgtqioKAAy5evQFZWFlQqFS5duozc3NxSHVfGmHLO047vWVz7FHFzc4OHh4d0Lfk09qGxaxldSlMukZFR0nGkjvvx8LrS1ndD13DG2mxd7Xxxxq7pi3vSc6+x7Tfn/sXc49zQss2tb+Zch5ty7WDoml8XOzs7NGrUCJs2bYa/vx8AwM+vObZu/RHu7u5S715T69u+fftx8+YtFBQUYNeu3YiNjZPqV3j4TSxfvkJv7ERUOmW6B9b27TuwffsOjfc2bfoBn302G199tQT9+vWHTCZDQIA/Jk+eBABQKvPxzTdrcP9+BGQyGby8PDF//ucm/TJMkU8++Rjr1q3H+PETkJycDGdnZ7z0UjO0axcMAJg1ayZWrlyF0aPHIj09HV5envjwww/h4+OD8ePH4dNPZ2Pw4Ffh4uKKtm3b4NChwwbXl5iYhAULFiI+Ph42NjaoW7cupk37AID62R/Tpn2ARYsWIy4uHl5enpg9+1M0atQQAHD9+g0sWbIMGRkZsLe3R2BgC73deAcOHABbW1vMnq3+dUFbW1vUr18fb789CRcvXsSmTZuxdu0a2Nvbw9fXF0OGvIqPPpqOjRvXw97eHm++OR6zZ89Bbm4uBg4cgFGj3sCKFcuwcuUq9O8/EDk5OfDwqIju3bujdevSf3vx+uuvoaCgAG+++Zb0iyRLly6Bo6MjlEolfv75F3z11RKoVCqUL18eQ4cOMTjcsW/fPvjyyy9x+/Yd+Ph4Y/HiRdK3MS+/3A2XLl3C4MFD4OHhgWbNmmp0ZX7xxfpYuHAB1qxZizlzPocQAtWrV8Prr78GQP3csDfeGIlJkybDxcUVlStXQocO7aX5HR0dn2oZCSEMbr+xumsKY3UOUH9D7unpib59+0GlUqFDh/Yaz8HRrivDhg01e1sN2bVrD/Lz8/Huu1M13t+7dzdGjhyB2bM/w7Bhw2Fvb4+WLVtqJLmM7TMXFxcsXboES5YswYYNG+Hk5IQePbpj8OBBAAwfr9qMxVKtWjWMGzcWEydOht0UErcAACAASURBVLu7GypXrlyiXug67gzFVxrG4qxXry46deqIfv36o6CgAPPmzS2xjEGDBsLKygqzZ3+G2NhYuLi4YMSI11G/fj188MF7WLJkKbZt2waFQoFOnTqZ9bwYXZ60rnfr1hW///47unTp9ui4OmiwjQTU39RWqVJF73MGtRk6V+kyYsTryMzMxNChw6VfIaxSpYr0ubH68rTaG2Nl+9lnszF37jwMH/4aHB2d0L59O/z222/S/MbaVUN1xRTG6qs2XfW3S5fOCAsLw6uvDoWLizOqVatW4hfTjNF1bJq7z5+0HuuK4c03x2P8+AlwdXWBk1N5tG3bViNJby5zy1ubsTZVW1E9Xrp0uXSOqV27FhYtWgjA/OPKGFPOebrie9rXPkVkMhlmzpyBhQsXYcuWLXBxcUXr1q1x9uzZUi/T2LWMLuaWi4uLCxYtWoivvvoKa9ashaOjE7p06azRNpSmvhu6hjPWZutq57UZuqbX3r4nPfca2n5z7l+8vb3NOs6NLduc+mbsOrQ4U64dDF3z6+Pv74c///xTGuLq6+uL3NxctG/fzuTyLtK7dwgWLVqks37du3cPmzZtxoQJb+qNhYjMJxOlHYPxFB0/fhxt2pRuHDXRszRkyFC8+uqr6Nat6/MOpcwo+gnwnTu3P+9QiP5Vn302BwEBAejUqeO/ts7+/QdizJhRT2VYIxHRfwmv4YiInp6TJ08jONj0Tg3PSpnugUVERGQppk//6HmHQERERET0n1Wmn4FFRERERERERET/fRxCSEREREREREREOlnKEEL2wCIiIiIiIiIiIovGBBYREREREREREVk0JrCIiIiIiIiIiMiiMYFFREREREREREQWjQksIiIiIiIiIiKyaExgERERERERERGRRWMCi4iIiIiIiIiILBoTWEREREREREREZNGYwCIiIiIiIiIiIovGBBYREREREREREVk06+cdwLOyefNW5OTk4O7du3qnqVmzJuzt7TF48MB/MTIiIiIiIiIiIjJHmUxgbd68Fa6urhg6dKjRaQ8cOIDNm7cyiUVEREREREREZKHK5BDCnJwc9OjRw6Rpe/TogZycnGccERERERERERERlVaZTGAZGjb4NKZ/ljIyMhAQEIi4uDi904wc+Qb27t33L0b19J04cQKhoa/o/TwvLw8BAYGIjIz8F6MiIiIiIiIiIktUJocQPk0JCQlYu3Ydzp79A0lJSXB3d0ezZk0xbNhQvPDCC88lpsGDB6FGjRrPZd3/Fmtra7zzzhS4uro+l/VfvXoNGzd+i8uXLyMnJwdeXl4ICmqLwYMHwcXFBffv38eKFatw+fJlZGdnw8PDA82aNcX06R8BADIzM7Fq1df4/feTSE5OhouLC+rWrYv335+KSpUqPZdtIiIiIiIiIvqvYgLLgLi4OIwY8QZq1qyJuXPnoHr1asjOzsbJk6dw8OBPeOutCc8lrg4dOjzT5atUKlhbP1nVeNJlyOVy9O+vv4fWs3T27FlMnfo++vbtg/Hjx8LT0xNxcXE4ePAnnPsfe/cdpkdV6A/8u5vdze6m92wKCQkYSkAgSAJIEaUoISDlCgELolwBpXkRC16lgwoYQIFYEAWkBQRCFZSOVPGHdCkhCSmETc9mN+X9/bFhyZJC0GgG7ufzPHkmM+fMmTNn3v3j/T7nzPvIo9ltt11z3HHfzJZbbpHf/e6ydOrUKZMnT84jjzza0sa5556XV155Jeedd27WW69/6uvr88gjj6ZUKq2TewIAAIAPMgHWalxyydh07Ngh5577k5Ywpn379tlvv31bgojFixfn17++NLfeelvmzZuXIUOG5Ljjjs0GGwxO0hxkzJ49OxUVFbn77j+lffv2Oe64Y1JX1ydnnXVWJkx4PZtvvnlOOeWHrWYbPfzwX3L55Vdk5syZ2XzzzfOd75yYnj17JmleQjhq1KjsvfeozJ07N5/61G755jePzx133JG5c+elR48e+cEPvt9S/+qrr8n119+QadOmpUOHDtl110/lyCOPaLmnQw75fEaMGJFnnnkm9fUzc/jhX1khJJs2bVrOOOOsPP/881m0aFEGDx6UY445JkOHbtpyn2++OSPl5WV59dVX87GPfSzHHXdsHnvssYwd+4u88sqrqaioyM4775TvfOfbLe1ed924XHrpb7Jw4cJ88pO75FvfOiEVFRVpbGzMjjvunOuuuyZ1dXUZNWqfnHjiCdlpp51azj355FNSXl6e73//pNTX1+e8836axx9/ImVlZRkxYniOOebodOrUqWUMfv/7qzJ37txUVlbm05/eI8ccc/QKz7xUKuXss3+ckSP3zPHHH9dyfODAgTnqqCNTKpVSX1+fN954I2eeeUbLGA8aNKjVjLxnnnk2e+89quVz0Lt37+y996g1/OQBAAAAy/tQvgNrbXnwwYeyxx57rHQmUVlZWZLk17++NHfe+ceMGXNebr11fDbbbGiOPvqYzJs3r6Xun/7052y//Xa5447bcuihX8ppp52RsWN/kTPOOD233HJzmpoac9llv23V/m233ZaxYy/OLbfcnI4dO+R73ztptX19+umnc8klF+eaa65Kr149c9FFF7eUdevWLeec8+P8+c9354ILxuTee+/LddeNa3X+n/98T0499ZRcffXvVzrDq1QqZd9998kf/nB97rjjtowYMSInnvjtLFy4sKXOvffemwMOOCBXXnlFjjvu2Dz77HM57rhvZv/998/tt9+aG2+8IbvttmtL/alTp2bixIm5+urf57LLLs3DD/8lt912+wrXrqioyKc/vUfGj7+15diCBQvypz/9ueVl/d/73klpbGzKNddclSuvvDwzZryVH/7wlCTJhAkTcuGFP8tPf3pu7r77j7nhhnGrnMX26quvZsqUKdlzzz1XWl5WVpauXbtm0KD1c9555+Wuu+5e6Xu6hg3bKldddXXGjbs+L7zwYhYvXrzS9gAAAID3JsBajVmzZqVHjx6rrTN+/C059NAvZcCAAamqqspXv/qVJM3h19uGDRuWXXbZJW3bts3ee4/KggUL8tnP7p1+/fqlffv22X333fPcc8+1aveww76crl27prq6Oscdd2z+3/97OhMmTFhlPw455JCWoG3HHXfIs8++096nPvXJ9OvXL2VlZRk4cGD222/fPPbY463OHzVqr3Tv3n2V7ffu3Ts77bRTampqUllZmcMO+3IaGhry2mvv9GnrrbfOFlt8tGV/3Lhx+eQnd8nuu++WysrKVFdXZ9iwYS3llZWV+cY3vp727dunX79+y/r97EqvP3LknnnooYdSX1+fJLnrrrvTo0ePbLnlFpk0aVKefPKvOf74Y9OhQ4d07tw5xxxzdB566KHMmDEjFRUVKZVKeeGFFzNv3rzU1NS0zBx7t5kzZyVJevRY9ViUlZXl4osvyrBhw3L55ZfnoIMOzl577Z1rr72upc7xxx+XL33pi/nTn/6cI488KrvttkfOOefcVoEfAAAAsGYsIVyNzp07580331xlealUyvTp09O3b9+WY23atEldXe9WvyK4fBhSUVGRysrK9OjRs+VYTU1N5s+f36rtPn36tOpHdXV13nzzzQwYMGAVfe3U8v+2bdu2au/BBx/M5ZdfmTfeeCNJ0tDQkP79+7U6/72Cuvnz5+fnP78ojz32eBoaGlJeXp6GhobMmjWzpU7Pnq3bmDJlaoYN22qVbXbr1q3V7Lba2tpV/vri+uuvn402GpLbbrs9Bx88OrfccktGjmyeJTVt2vS0adMmvXv3bqnfr1/zM5k6dVqGDt00p59+aq655rqcccaZ2WCDwfnylw/N9ttvv8J1unTpnCR5880Zrdp7t06dOuXww7+aww//ahobG3P77XfkzDPPSt++fbLddtuloqIi++772ey772dTKpXy5JN/zfe//79p27Ztvv71o1bZLgAAALCiD+UMrMGDB6+V+s3L/u7IkiVLVigrlUopKytLz549M2XKlJbjS5cuzZQpU//lX5pbvs1Zs2Zl4cKF7xkyrczMmTNzwgkn5pBDRueGG8blxhtvyKGHfmmFem8viVyVSy4Zm4kTJ2Xs2Itz88035sYbb0htbW2rl5K/u426ut4rXV73z9pzzz1z6623ZuLEiXn66b/nM5/5dJKkV6+eWbJkSavwa/LkyUmS3r2bn8NOO+2Un/3sgvzxj3dkzz33zLe+9e0VQsOkOSirq6vLbbfdttI+rOwl7G/PrKurq8sLL7y4QnlZWVmGDdsq2247YqXlAAAAwOp9KAOsmpqajB8/fo3qjh8/PjU1NSstO/zwr2b27Dn55jdPyN///kzmzZuX6dOnZ9y463PhhT9L0ry07Te/uSyTJk1KU1NTfvnLX6VUKmX77bf7l+7hV7/6dWbOnJmFCxdmzJjzM3TopqucfbU6CxYsyNKlS7PhhhumvLw8s2bNyk033fS+25k7d27q6nqnc+fmGUrXX39Dq/d8rcy+++6bu+66O3fe+ccsWrQoCxcuzBNPPPm+r/223XbbNRMnTso555yXbbbZpuUF6v369cuWW26RMWPOz7x58zJ79uycf/6F2XbbbdO9e/dMmDAhjzzySBobG1NVVZUuXTqnrKwsbdq0WeEaZWVlOfHEE3LTTTfn/PMvyKuvvpqFCxfmtddey89+9vPceecfM3PmzIwZc36ee+75zJ8/P/Pmzcu4cddnypQp2XzzzZIkF174szzyyCMt4ePjjz+eBx54sKUcAAAAWHMfyiWEo0cfmCuvvCpjx47Nyy+/vMp6gwcPTk1NTUaPPnCl5b17986ll/4qv/zlr/Kd73w39fX16d69e7bY4qP5whe+kCQ59NAvZcmSJTnqqG+0/Arh+eePSfv27f+le9hjjz3y1a/+d2bOnJmhQ4fmjDNO/6fa6du3b4466sgceeTX06VL53To0DE77rhjHn/88fc+eTmHHfblnHrqafnCF76YmpqabLfddqtdYpckm266SX7ykx9l7Nhf5Kyzzk5lZWV22eUTq11WuDrt27fPzjvvlDvuuDNnnHFaq7LTTjs1P/3pmOy//3+lrKwsw4dvk2OPPSZJ0tS0KGPH/iKvvTYhZWVl6dOnLmeffWaqq6tXep1tt902F198US699Dc5/PCvZeHChamrq8tOO+2Y4cO3SVVVVRoaGvKDH/wwU6dOTUVFRQYMWC8nn/zDlnd8dejQIRdddHEmTpyURYsWpVevXtlvv31XOvsNAAAAWL2y0srWRP2H3XPPPdlhhxXfRwQAAADAunP//Q9m5513Xtfd+HAuIQQAAADgw0OABQAAAEChCbAAAAAAKDQBFgAAAACFJsACAAAAoNAEWAAAAAAUmgALAAAAgEITYAEAAABQaAIsAAAAAApNgAUAAABAoQmwAAAAACg0ARYAAAAAhSbAAgAAAKDQBFgAAAAAFFrFuu7Av8uVV16VhoaGvPzyy6usM3jw4NTU1GT06AP/gz0DAAAA4P34UAZYV155Vbp06ZLPf/7z71l3/PjxufLKq4RYAAAAAAX1oVxC2NDQkJEjR65R3ZEjR6ahoeHf3CMAAAAA/lkfygBrdcsG10b9/wvOPfe8nH76Gassf/jhhzNy5Kj/YI8+HBobGzN8+LaZOHHiuu4KAAAAfGB8KAOsteWyy36bQw5572WIa+qBBx7I3nt/dq21ty6tv/76+drX/vs/ft2nn/57hg/fNnPnzv2PXO+1117LCSecmN13/3R22GGn7LffATnttNP/6fYqKiryzW8eny5duqxR/QULFmT48G3zxhtv/NPXBAAAgA+6D+U7sD7MFi9enIqKf/2x/avt9O7dOyNH7vkv96PISqVSjjvum9lyyy3yu99dlk6dOmXy5Ml55JFH/6n23h7z//qvA9ZyTwEAAODDTYD1PowcOSr/+78nZZtttkmSTJs2LaNG7ZO77rozHTp0yLnnnpcZM2akqqoq//jHP9LQsDAHHXRg9t9/v0yaNClnnnl2Zs6cmf32aw4wTjrpe+nTpy5nnHFWnn/++SxatCiDBw/KMccck6FDN02S3HvvvRkz5oLsttuueeCBB1JTU5Nf/GLsCn27+uprcv31N2TatGnp0KFDdt31UznyyCNaQqpDDvl8RowYkWeeeSb19TNz+OFfyfDhwzN27C9y3333Z9asWamr653vfe97LddevHhxzj77R7n99jtSW1ubQw/9Uvbff78kzUsITz/9zIwff1Ouueba3Hzzzfnd737b0p/Jkydnv/0OyPXXX5c+ffrk+edfyJgxY/Liiy+lU6dOGTlyz3zxi19ImzZtsmjRovzkJ+fk3nvvy6JFi9KhQ4ccccTXsvvuu73nM5k2bdoqx2/x4sUZNWqfnHjiCdlpp51azjn55FNSXl6e73//pNWOW319fd54442ceeYZ6dmzZ5Jk0KBBGTRoUEtbS5cuzbhx12fcuHGZOnVaOnXqlEMP/VL22WfvlT67Cy+8IDvuuHOuu+6a9O/fv6XOJz+5S/72t79l7ty5GTZsWI4++hupqqrK17/+jSTJEUcclYqKinz2s/vkkEMOXsNPLAAAAHw4CLDWsvvvfyCXXHJxNtlk40yYMCGf//wXM3z4Nunfv3++850T8+Mfn5Nx465tqT916tTsu+8+2WabbVJRUZHf/vZ3OfHEb2fcuGtTXV2dpDkMqq2tzeWX/26V1+3WrVvOOefH6du3byZMmJBvfvOE9OzZMwce+LmWOn/+8z255JKL0r179yTJ//zPt7JgwYJcdNHP0rt370yYMKHVrKy77ro7J530vRx77DH561//muOP/5+We1neHnvsnvPPvyAvvPBihgz5SJLklltuzVZbbZU+ffpk1qxZ+cY3js7BB4/O+eePyeuvT8zxx38zlZWV+fznD8n48bfk2WefzbXXXp0OHTpkxowZa7xEsFQqrXb8Pv3pPTJ+/K0tAdaCBQvypz/9OT/96XnvOW5du3bNoEHr57zzzssBBxyQIUM+ssK9X3XV1bnqqqtz+umnZdNNN8msWbMydeq0lvJ3P7vGxsYV7mHy5Mnp1KlTxo69JE1NTTn22OPzq1/9Okcc8bVceOEF+cQnPpmLLvpZ+vTps0ZjAgAAAB823oG1lo0YMSKbbLJxkmTAgAHp379fnn/+hVXW7927d3baaafU1NSksrIyhx325TQ0NOS11ya01Kmurs7BB49e7XU/9alPpl+/fikrK8vAgQOz33775rHHHm9VZ9SovVrCq6lTp+b+++/Pd7/77dTV1bWc169fv5b6W265ZXbffbe0bds2I0aMyIAB6630Xjp27Jgdd9wht9xyS5LmUOmWW27NqFF7JUnuu+/+dOjQIV/84hdSWVmZwYMH5ZBDDs5NN92cJKmqqsq8efPz4osvZtGiRenevXvWX3/91d7vmo7fyJF75qGHHkp9fX2S5lCuR48e2XLLLd5z3MrKynLxxRdl2LBhufzyy3PQQQdnr732zrXXXtdy/WuvvS6HHfblbLbZ0JSXl6dr164tzz9Zs2fXtm3blqCxqqoqo0cfmPHjb1mj+wcAAID/C8zAWss6d+7Uar+6ujoLFixYZf358+fn5z+/KI899ngaGhpSXl6ehoaGzJo1s6VOt27d0qZNm9Ve98EHH8zll1/Z8rLvhoaG9O/fr1WdHj16tPz/jTempLy8PH379l1lm7169Wy1X1tbu8p72WuvkfnBD07ON77x9Tz11FOZN29edt65edbTtGnT0qdPn5SVlbXU79evb6ZNa56ptMceu6e+vj5jxpyf11+fmK233jpf//qRGThw4GrvOXnv8Vt//fWz0UZDctttt+fgg0fnlltuafXurvcat06dOuXww7+aww//ahobG3P77XfkzDPPSt++fbLttttm6tSpWW+99VbZvzV5dp06dWo1861bt+6ZMWNGlixZ8p73DwAAAP8XfChnYA0ePPjfUr+2tjZNTU0t+7NmzX5f11k+wHnbJZeMzcSJkzJ27MW5+eYbc+ONN6S2tjalUmm15y1v5syZOeGEE3PIIaNzww3jcuONN+TQQ7+02uv36VOXpUuXZvLkye/rHlZl+PDhqaqqygMPPJDx42/Jrrt+qmUJZK9evTJlypRW9SdPfiO9evVKkrRp0yaf//wh+e1vL8tNN/0hnTt3WuNf+luT8dtzzz1z6623ZuLEiXn66b/nM5/5dJI1H7e3tW3bNnvvPSp1dXV54YUXU1ZWlt69e2fixImrPOe9nl2S1NfXtwoGJ02alO7du6dNmzYpL/9Q/okCAADA+/Kh/HZcU1OT8ePHr1Hd8ePHp6amZo3qbrTRkNx//wNJml9wfsUVV7yvfnXr1j2zZs3KnDlzWo7NnTs3dXW907lz5yTJ9dffkHnz5r2vdhcsWJClS5dmww03THl5eWbNmpWbbrpptef07t0722+/fc4660eZOnVqSqVSJkyYkEmTJr2va7+tvLw8n/nMp3PNNdfmnnvuzciRI1vKdtxxh8yePTuXX35FFi1alFdffTWXX35F9tqruc4TTzyRF198KUuWLEltbW3at2//nrOW3rYm47fbbrtm4sRJOeec87LNNtu0vJD9vcZt5syZGTPm/Dz33POZP39+5s2bl3Hjrs+UKVOy+eabJUn233+//OpXv87f//5MSqVSZs6cmeeee/59jV2pVMr551+QxsbGTJ06NZdeemn23PMzSZpn8LVr1y6vv/76+2oTAAAAPkw+lEsIR48+MFdeeVXGjh2bl19+eZX1Bg8enJqamowefeAq6yw/g+bII4/IySefmtGjD07nzl2y44475I477lzjfm200ZDsuuunsv/+/5UlS5bkrLPOyGGHfTmnnnpavvCFL6ampibbbbddevfuvcZtJknfvn1z1FFH5sgjv54uXTqnQ4eO2XHHHfP444+v9rxTTvlhfv7zi3L44V/LnDlz0qdPXb773e+2eg/W+zFy5J657LLfZtCg9Vt+yTBJOnfunPPPH5MxY8bk0kt/kw4dOmTkyD0zevRBSZIZM97Kj370k0yfPj1VVVUZMmRIvvOdb6/2Wm8/lzUZv/bt22fnnXfKHXfcmTPOOK3l+HuNW9u2bdPQ0JAf/OCHmTp1aioqKjJgwHo5+eQfZtiwYUmSgw46MOXl5Tn11NMyderUdO7cOV/+8qHZeOON1njc6urqUldXl3333T+LFy/OJz+5Sw477Mst5UcddWROPfX0LFy4MAce+Ll89atfWeO2AQAA4MOgrLT8Wqt15J577skOO2y/rruxggsv/FleeOHFXHDBmHXdFZZ56KGHcsIJJ+aBB+5bo+V5RXfvvffm/PMvbPXLlAAAAFAU99//YHbeeed13Y0P5xLCf9WSJUsyadKk3HPPvdlss6HrujukeZndrFmzcvPNt2SzzYZ+KMIrAAAAYM0IsFZi3Ljr88UvHpqNNhrSssyNdevll1/JqFH75K23ZuRb3zphXXcHAAAA+A+yhBAAAACAlbKEEAAAAADWgAALAAAAgEITYAEAAABQaAIsAAAAAApNgAUAAABAoQmwAAAAACg0ARYAAAAAhSbAAgAAAKDQBFgAAAAAFJoACwAAAIBCE2ABAAAAUGgCLAAAAAAKTYAFAAAAQKEJsAAAAAAoNAEWAAAAAIUmwAIAAACg0ARYAAAAABSaAAsAAACAQhNgAQAAAFBoAiwAAAAACk2ABQAAAEChFSLAqq2tzfz5C9Z1NwAAAABYZv78BamtrV3X3UhSkACrT58+mTBhghALAAAAoADmz1+QCRMmpE+fPuu6K0mSslKpVFrXnUiSSZMm5Y033siCBUIsAAAAgHWptrY2ffr0Sb9+/dZ1V5IUKMACAAAAgJUpxBJCAAAAAFgVARYAAAAAhSbAAgAAAKDQBFgAAAAAFJoACwAAAIBCE2ABAAAAUGgCLAAAAAAKTYAFAAAAQKEJsAAAAAAoNAEWAAAAAIUmwAIAAACg0ARYAAAAABRaxbruwJp6derMPPXK9Nz19MS8MHFGJk+flQUNjeu6W7DO1Na0Td+eXTKkf7d8arP+2XJwrwzs1XlddwsAAADWurJSqVRa151YnUkz5mTfs8dnyltzsrCyNk1VtWmqapemytosrahKUkpSlpRKSVmZffv/Z/bLly5KVdP8VDU1pKpxfmoWL0jv7h1z47f3Sl3XDu/9xwUAAAAfEIUOsA675J7c8ZfnMq37hllcVdt88O3v8G+zb99+i8qmBen15ovZfbtN88vDdwoAAAB8GBQywGpoXJRtT/x9JjRVZVaX/nnnW7qtre2abLvUT8iA6sV5+OyDUl31gVkpDAAAACtVuABr9vzGDDvhykyqqUtj9SqWQb39XX1VlCtXnrYL56b/wqn5f+cckppqIRYAAAAfXIX7FcIdv3tVc3jVtn3zgbfzteW3Zas4rly58pbyxuoOmdi2V4Z/+/cBAACAD7JCBVhfueSevN5Utfrwytb2A7bdbXCn/PCT62Xj7tX/8es3VnfIpMY2OeySewMAAAAfVIUJsF6eOiu3PfxcZnXu13ygIOHDf2p7yEd7pHTGx1M64+Pp3b5ynfdnbW4/1rd9Hvra5pl/8nYpnfHx3H7optl/024t9zuwc9tC9POf2f79mK1SOuPj+c3+G660fNMeNbnhkI3TZXF9npswZZ30c2aX9XLHw8/kjbfmBQAAAD6ICvNinAN/ckumdxvcvLOWv8QP69Mux2zfNzsM7JS6DlVZsGhJJs9pyj2vzMqvHpuap6bM/7dc931t50xLMqR5v2lBkop1Hs6sre2l+w7KpnUd88aMWfnDX5/PU5NmJ43VSTZurtc474N7vwvnJKlNZk9bobxDZXnGHTwkv7jpzzn2mr8mg0ess35O7zY4+/3o5jx89kEBAACAD5pCBFivTp2ZqfVzs7jXes1fusvK1tr26yPq8tO9BqdNefNbr0ulUlJKhvaqh9kAbAAAHWlJREFUzdBetSlbtDBfnzJ/rV93Vduq8qRpaVYsf7d/13X+w9vylLJxr+aX8Z973Z9yzh3PJO27pby6fWo+eXhSSho/uk/Stv1/pD9t0rxdsnTttLfVEeekvHF2lnRdP9ng463K5y5oyEYHn5R07ZcMGr5Wnus/u11UWZNJ02bl9emzs17PTv+ZP2wAAABYSwoRYD3+j2lZ2KZm2ZfttJ5B8i/sb1XXLueP2iBlZcmUGbNy1Lm/yx2PPpMFTYvTtV11tt98w1T0WC8pdUuSTP3eiPRqX5mfPjA5x41/OSmVctXojfO5zXvkicnzsvUFTyZlyf/usl4O2Kx7+nVqm/Zt22Rmw+Lc9+rsnHjrK3l55sKkVMr+Q7vn2kM2SZLs97tn862d+2erPu3z5WufyxVPzcj3PzkgR23bJ7VV5fnDM2/lL8+8/M6ALOv/Pht3zbc/sV4Gda1O5+qKNCxamqemzMupd0/IXf+YlZRK6d6uIm9+f7skyQm3vpLh/Tvm00O65qqnpuUr17+00vH5SLfq/PBTA7LLBl3StaYib85flD88MyNH3fiPpCzpVtMmp+42MHtt3C29O1SlfsHi/PGlmTnpzlfz2qzGFe7vgMufzdHb983H+nfIhJmN+Z9bXs745+vz8QEdcv/Xtmi5rZ98bd/85Gv75vQ/vZ6n3piXa3/xhSTJ+mc90tLuSbusl29s1/edcXl9Ti7ce4MkSd1pD2fq/EW56sCN8rmP9shTb8zLlhc8mZRK+drwulz02eZlfB3+94HMayrlwlGDc9S2fTJhZmO+e8erOWXXgVm/a3UGnPlwtu7XceVj+6cJueulWS3j1bG6Tf53lwH57NDm5z2/aUmemDwvB1z+TGYtXJInL/1hNu3VLpc9PjVfuu7FlYzfLv/0+K3tv4eFFTV56pVpAiwAAAA+cArxDqyHX5iSpqqa5p23v3yn9C/vf2XLLi2Tm77848tzw/TOWbDlAcl2X0j9JqNyc3233PD83HfOX9TQ/L9ZU95pb8705u2Cd0KNHXqXp2rxgjz8/57PbQ//LW2WNGW/od1z52FDU/n2ZKq501vu74oDh2RIl4q8OXN2MvfNHDGiLifvOiA921emsaEhuw9qn7P23/pdo1LK0I6LMqB98vQLr2T8g3/Nm2/VZ8f1O+WWLw3Nxj2WjdeihS1nnLrrgOy1Uee8+dbMLJ09daXjM6RbdR49assctEXP9KityD8mTk2aGrL7+s3t1VaU5f7//miOGNEnvdtX5sXXp6RjVXLwlj3z8BFbpFe7ihXu7/cHbZzKxtmZP39BhvSoyZUHDknXmjaZ89b0PPLMKy31Jkx9K48880omvvJSq/PTND9JKf89vC6n7jYwPdtXZsH8+fnUwNqctfuAd+otami+n2XnlhbMfuf+3r7fJFmyuPl+lx2ra98mv/vckNSkMXPnNyRNC1c9tl8cmo171CYppW2bstx3+Ob55o79MqhrdabOqM+Mt+qzy6BOad9mSfO1Gua2Go+1OX4re37/yn5TVW3ue/aNAAAAwAdNIWZgPTPhzTRVvmsGVlnS6kt42Uq271G+abfm21u8ZEnuntst6dYnG3SvyUsnbNNy7flNS9P++/cva6/Z0neHAG9b1u5BZ1yWGTPeTI+evdKhtiZb1v0l153ytQzqVptt+rXLgxNavyz71of+lgNP+WUWLU3abrhNXjxzWJLkqZdez3Zf/3GWLC3lz+cdl+2GDm512YtuezRnXPCLtO/SI127dErt0ob85YLj06G2OvsOaZ/T31zQ6jqTpr2Vjx91VqbNW5S2PfonA5dftta8/d5OdelUU5FFi5fkE984Kw++/GayqClbDRmYdBqegz/aIxv3apck2f+kn+XGJ17OVv275rFffD+9O7bN0SN65Xt/nNTquj+64pZ87/f3ZYcNeua+C/4nHaors01ddW5/eno+/q2xWXTLWUmSn15/T3568yNJzw2y/4iPLDeuzZvv7liXJHnyhQnZ/uifZGkpufsnR+fjm2/Yqt4Kz6lUSqsH+K79qsqKfPOCq3Lu9feloryU0uZ75aLbXnpnbDt3Sm1p+bFtl9PfnJ+Dt+iej/ZpXv74rZ9fkx9fd1/Spk2G9KjNzP47J2XVK3w+1ur4vTJvhef3r/x9NFXU5O8TpgcAAAA+aAoRYL0+tT5NHZd7gfvb7+5p/jbeev99lJctXdzSZDr0SpIsnDsrTzz/Wvr26JLe3TolSxa1Xnb1tneHIssd33ffz+bkPTZM7w5VKxT3qWxcob1zbn0yi7baLymvSNvKUtbr1j5JMu6hZ9Kw2d5JeXmuuv/v7wRYy84fsulHc8nJB2do73YrXqftouZ8YrnrXHrno5k2aNekbW0alyxell+0Hp/hfWuTJPc+9UIezIbJltsnZWV5cu6MJMnHuje3tWBhU258s3Oy5T55cn59Xnh9SjYe2Cdb96xY4f6u/nt9svln8krZnJZjvSqbktquyWa7v9Ppjr2TzT+zrD9L3zlelnSsKn9nXB5+Jgs33ydJWa66/5l3AqyW59L6eazwDrF39a+hsSljHq1PtvlcFpeWJGVlGbL+5u8xtqUM79HcbmPT4pz70PTkYwckKeWFhjnJkvKkzQqnrt3xW8nz+1f+PpoqazJhyuQVOw0AAAAFV4glhKV3/28tLZt6ZsK0JEllRZvsskGXJKVMmrMoWx9zQS678y/LdaDUqpm3X/ielNKptm2rng7t1S4X779peneoyrV/ejSjf3hRvnHe71pqtFnatELIMqWyLilv09y/pUtajjdVdkjaVCRl5Wlq27lVf8qS3HDoFhnau12eeun1HHr6L3PASRemfk7zLya2KS1pNXJJMmVRdVK1bCbb29d79/i8ff02VUnHnu+Ut+/WXL7cksR069+8bdd1WXtJFq94f3Oqm9tZUlnbcqxsSdMK/VuxP+/cb2lx0zu71Z2br1dennTotsL5pWXntzynUimdapcLE9/1eXhz1twsqduoeb+sPGUpyw2HbvkeY5ukqeGdJvtu8k7/azombSpXfn//jvFbi8sI391jAAAA+CAoRIDVt2fnVDUtWw5XKq217S/vea4l7PjV/kMyapNuqW3XPtlir7Tv0rN1J0qlTJ/Z/D6jwb06J6VSerarzPYb929VbWjnUsuEn+MvfyC/n1CV6ZW9lmtnxfsrVbZt6dechYszcVp9kmSnTfq1HP/EJn1bndOrXUV6dmgOz865/v785qVSHmrokU7talbod8t/21S+57g88tyE5mtvtn5GrNex5fgWdc0zkR77R/M7kmqrq7L3Jt2TUilb9WmfIf2ax+vxl1ovf0vSHOasbCbUu/q30v1l5i5cnAlTm2eB7fOxwWlbnlS1KcuBwzdY4fzps5uDpv49OqeqPGlTlozaYr1VXqc5Dnwn7OrVvnK5sb0vv3kpeWhB99ZjWyrlkZeax6JtVUWO/Xj/luMbdKtJu4p332vz9f5t47cWtlWLGtKvZ5cVrwEAAAAFV4glhBv07Z7H69/KwlLH5gMrfPlempblUe+j/In57XPcmCtz7tGj07dLbW784mYplZLFS0upbLP8O5Oaz7/7qZey+eC+2WvrDfJA9x7ZoFt12rVtPbPnry9NzJIlW6dNm/L88oTP54kpC/Lf2/RufUOrCm1KpaSiKj+6+q5ccPR/5TNbDMw9HTtn8dJSPjFo+RlYybT6OZk4rT79e3XN976wZwY/PTOf+2iPlC0fcqwiDFrd+Jx+w6MZte2m6dS+Ng8csWVenNGQDm3bpLFpcTb48aO54ompOe61N7LxwD657pBN88KMBRnctTrl5WWZ+tbsXHD380nnjd51vaVJylcyIam00lWYK47P0qSiKmde+cdcfPxB2WZwr0w6qWtKpaSmzXJLDZeddvffJ+bokcPTrWO7/PXYj6WsLBnSvfZd7a86DJr21uzlxnbkysc2yRVPTsnRL72ej264Xs7Za8Mc/fH+aVy8NBt0r82AU+/N/EUrPue1Pn4t5e//8//u8qqmBdmgX/cVxwUAAAAKrhAzsHbYuM+yGVild335Lr0TRrTaX8Py9t0y5rGZ+fgRp+Xqux7JGzNmZvGSJZk9d16eemlCzr3q9mx3xBkt559y01O5+q5HMmd+QzboVJ5f/uHu3HDfE8t62dz+C3PK86XTf5lXJk/PJzbsmt0GtM0xP718ubtZ2TK51v372WMzcsqv/5AZs+Zmm77tsrB+Wr7/i3GtxqRU0Taf/cHYPPrsKxnYrV2+uEXXnHvF+Eyc/tZK7n+5a7/H+LxQ1ifb/PcZ+f0f/5IZs+Zkw27VabN4Ye58+MkkpSzo2D87HH9BLrrh7kyrn5Uh3Wsyd/6CXHHHQ9n2qB9las16q7+/lq6sSf9an3/JU7Py/bHjMn3mnNSUL83djzyV0y8b31KrYdHipFTKTf9YkFN+/YdMfWt21utYkaf+/nxO/vUfWo3fykPE5uuXKqvz2f9919hevtzYLqvf2GVAdvyfn+ec39+eVyZPT58OlelRnfz5iWczb/6yz2vL886/cfz+yc//u8qrFjdk5036BQAAAD5oykqld3/T/897bdqs7PDt32dS94+k9cyZZcuqSsvt/zPls6cnU55L5kxLFjc2L9mqapd06pX02jCpXbasanFj8vJfklmTk/KKpNcGScOc5K0JSbtuyUf3bG7/zVeS159KmuYn7bokdZskL93f3MZHdky6r5/MeC158d7mY1vtl1S3f6d/pVIy8W/J1Oeb30nVqXfSoUfy+l+b62/9X83vspr3ZvLKo8n8mUlVbdJvaDLp6aRxXtLrI8ngEc19fvTq5vM22C7pueGK9//u8WmY3Xz92VOaz6+oaX5f06DhzeWLFiYTn0rqJyaLGpI2bZPOfZL1tkiqm3+Vb6X317QgefzaZX3ZPuk5uPmaDy17R9jArZM+m67y/E7V5ame/mKmPf9EsnRxKrqtl/GnfCm7bz4gr02ZkfV/9FhSseydZK8/lUx7IVm6OOnSP6np1NznJBk+uvkZv/KXZOoLSdv2ybD9Wn8+5s1oLl8wK6msTfptlkz6W9I4f9nYbttcf8miZOL/S956vfl5t6lsfqfVkJ2TisrkqZua2+gxONlw+7U/fmvj87+svN+MF/Lg2aOzXs9OAQAAgA+SQgRYSTLiW1fkycZOWVRZs/JlZ29bxeow5R/88i16tc0jx26XxybNzYz5TfloXfsM7Nr8XqrRp/06v589oND9L3J5ZVNDhlXPzcNnH7SakwEAAKCYCrGEMElu+Pao9Jr9evOX79W9kFr5h7b8zbdm5p4nn81HurTJnht1S6fKUv746N+z+7E/yu//sWSd9++DXN5r1oTc+J1RAQAAgA+iwszASpITfvtAfvXAq5nZqS4t7+7Jss3yvWz5kq78Q1XeOD95+eFkfv2ypZ5VSftuSd9Nkk591n3/PqDlXea8ka/uuEHOPmS7AAAAwAdRoQKsJNnquN/m2SUd01jVbtmRlX47t2/f/hrst22cn00r5+aJcz8fAAAA+KAqzBLCtz109uj0bapP28b5zQdKS5dtY9++/fex37ZxXvotrs/DPxodAAAA+CAr3AysJFnYtDjbfuvKTFiQzOzQe9nRd880eTflypW/rcvcKRnYvjx/+dHoVFW0Wc15AAAAUHyFm4GVJNVVFfnrT7+QA7cZmL4zXkrlooUrmWlSete+cuXKK5sa0m/GSxk9YlCePPfzwisAAAA+FAo5A2t5U+vnZe8zb8yUGbPTUN42TRXVzf8qq7O0vCJFm/miXPl/qrx86eJULWpM1eKGVC1emOqljenTo1Nu/u4+6dm53UrPAQAAgA+iwgdYb3t9+uw8+fK03PX0xLwwcUYmTZuZBQ2N67pbsM7U1rRNv15dMqR/9+y6+XrZclDPrNez07ruFgAAAKx1H5gACwAAAID/mwr5DiwAAAAAeJsACwAAAIBCE2ABAAAAUGgCLAAAAAAKTYAFAAAAQKEJsAAAAAAoNAEWAAAAAIUmwAIAAACg0ARYAAAAABSaAAsAAACAQhNgAQAAAFBoAiwAAAAACk2ABQAAAEChCbAAAAAAKDQBFgAAAACFJsACAAAAoNAEWAAAAAAUmgALAAAAgEITYAEAAABQaAIsAAAAAApNgAUAAABAoQmwAAAAACg0ARYAAAAAhSbAAgAAAKDQBFgAAAAAFJoACwAAAIBCE2ABAAAAUGgCLAAAAAAKTYAFAAAAQKEJsAAAAAAoNAEWAAAAAIUmwAIAAACg0ARYAAAAABSaAAsAAACAQhNgAQAAAFBoAiwAAAAACk2ABQAAAEChCbAAAAAAKDQBFgAAAACFJsACAAAAoNAEWAAAAAAUmgALAAAAgEITYAEAAABQaAIsAAAAAApNgAUAAABAoQmwAAAAACg0ARYAAAAAhSbAAgAAAKDQBFgAAAAAFJoACwAAAIBCE2ABAAAAUGgCLAAAAAAKTYAFAAAAQKEJsAAAAAAoNAEWAAAAAIUmwAIAAACg0ARYAAAAABSaAAsAAACAQhNgAQAAAFBoAiwAAAAACk2ABQAAAEChCbAAAAAAKDQBFgAAAACFJsACAAAAoNAEWAAAAAAUmgALAAAAgEITYAEAAABQaAIsAAAAAApNgAUAAABAoQmwAAAAACg0ARYAAAAAhSbAAgAAAKDQBFgAAAAAFJoACwAAAIBCE2ABAAAAUGgCLAAAAAAKTYAFAAAAQKEJsAAAAAAoNAEWAAAAAIUmwAIAAACg0ARYAAAAABSaAAsAAACAQhNgAQAAAFBoAiwAAAAACk2ABQAAAEChCbAAAAAAKDQBFgAAAACFJsACAAAAoNAEWAAAAAAUmgALAAAAgEITYAEAAABQaAIsAAAAAApNgAUAAABAoQmwAAAAACg0ARYAAAAAhSbAAgAAAKDQBFgAAAAAFJoACwAAAIBCE2ABAAAAUGgCLAAAAAAKTYAFAAAAQKEJsAAAAAAoNAEWAAAAAIUmwAIAAACg0ARYAAAAABSaAAsAAACAQhNgAQAAAFBoAiwAAAAACk2ABQAAAEChCbAAAAAAKDQBFgAAAACFJsACAAAAoNAEWAAAAAAUmgALAAAAgEITYAEAAABQaAIsAAAAAApNgAUAAABAoQmwAAAAACg0ARYAAAAAhSbAAgAAAKDQBFgAAAAAFJoACwAAAIBCE2ABAAAAUGgCLAAAAAAKTYAFAAAAQKEJsAAAAAAoNAEWAAAAAIUmwAIAAACg0ARYAAAAABSaAAsAAACAQhNgAQAAAFBoAiwAAAAACk2ABQAAAEChCbAAAAAAKDQBFgAAAACFJsACAAAAoNAEWAAAAAAUmgALAAAAgEITYAEAAABQaAIsAAAAAApNgAUAAABAoQmwAAAAACg0ARYAAAAAhSbAAgAAAKDQBFgAAAAAFJoACwAAAIBCE2ABAAAAUGgCLAAAAAAKTYAFAAAAQKEJsAAAAAAoNAEWAAAAAIUmwAIAAACg0ARYAAAAABSaAAsAAACAQhNgAQAAAFBoAiwAAAAACk2ABQAAAEChCbAAAAAAKDQBFgAAAACFJsACAAAAoNAEWAAAAAAUmgALAAAAgEITYAEAAABQaAIsAAAAAApNgAUAAABAoQmwAAAAACg0ARYAAAAAhSbAAgAAAKDQBFgAAAAAFJoACwAAAIBCE2ABAAAAUGgCLAAAAAAKTYAFAAAAQKEJsAAAAAAoNAEWAAAAAIUmwAIAAACg0ARYAAAAABSaAAsAAACAQhNgAQAAAFBoAiwAAAAACk2ABQAAAEChCbAAAAAAKDQBFgAAAACFJsACAAAAoNAEWAAAAAAUmgALAAAAgEITYAEAAABQaAIsAAAAAApNgAUAAABAoQmwAAAAACg0ARYAAAAAhSbAAgAAAKDQBFgAAAAAFJoACwAAAIBCE2ABAAAAUGgCLAAAAAAKTYAFAAAAQKEJsAAAAAAoNAEWAAAAAIUmwAIAAACg0ARYAAAAABSaAAsAAACAQhNgAQAAAFBoAiwAAAAACk2ABQAAAEChCbAAAAAAKDQBFgAAAACFJsACAAAAoNAEWAAAAAAUmgALAAAAgEITYAEAAABQaAIsAAAAAApNgAUAAABAoQmwAAAAACg0ARYAAAAAhSbAAgAAAKDQBFgAAAAAFJoACwAAAIBCE2ABAAAAUGgCLAAAAAAKTYAFAAAAQKEJsAAAAAAoNAEWAAAAAIUmwAIAAACg0ARYAAAAABSaAAsAAACAQhNgAQAAAFBoAiwAAAAACk2ABQAAAEChCbAAAAAAKDQBFgAAAACFJsACAAAAoNAEWAAAAAAUmgALAAAAgEITYAEAAABQaAIsAAAAAApNgAUAAABAoQmwAAAAACg0ARYAAAAAhSbAAgAAAKDQBFgAAAAAFJoACwAAAIBCE2ABAAAAUGgCLAAAAAAKTYAFAAAAQKEJsAAAAAAoNAEWAAAAAIUmwAIAAACg0ARYAAAAABSaAAsAAACAQhNgAQAAAFBoAiwAAAAACk2ABQAAAEChCbAAAAAAKDQBFgAAAACFJsACAAAAoNAEWAAAAAAUmgALAAAAgEITYAEAAABQaAIsAAAAAApNgAUAAPz/duxYAAAAAGCQv/U0dhRGALAmsAAAAABYE1gAAAAArAksAAAAANYEFgAAAABrAgsAAACANYEFAAAAwJrAAgAAAGBNYAEAAACwJrAAAAAAWBNYAAAAAKwJLAAAAADWBBYAAAAAawILAAAAgDWBBQAAAMCawAIAAABgTWABAAAAsCawAAAAAFgTWAAAAACsCSwAAAAA1gQWAAAAAGsCCwAAAIA1gQUAAADAmsACAAAAYE1gAQAAALAmsAAAAABYE1gAAAAArAksAAAAANYEFgAAAABrAgsAAACANYEFAAAAwJrAAgAAAGBNYAEAAACwJrAAAAAAWBNYAAAAAKwJLAAAAADWBBYAAAAAawILAAAAgDWBBQAAAMCawAIAAABgTWABAAAAsCawAAAAAFgTWAAAAACsCSwAAAAA1gQWAAAAAGsCCwAAAIA1gQUAAADAmsACAAAAYE1gAQAAALAmsAAAAABYE1gAAAAArAksAAAAANYEFgAAAABrAgsAAACANYEFAAAAwJrAAgAAAGBNYAEAAACwJrAAAAAAWBNYAAAAAKwJLAAAAADWBBYAAAAAawILAAAAgDWBBQAAAMCawAIAAABgTWABAAAAsCawAAAAAFgTWAAAAACsCSwAAAAA1gQWAAAAAGsCCwAAAIA1gQUAAADAmsACAAAAYE1gAQAAALAmsAAAAABYE1gAAAAArAksAAAAANYEFgAAAABrAgsAAACANYEFAAAAwJrAAgAAAGBNYAEAAACwJrAAAAAAWBNYAAAAAKwJLAAAAADWBBYAAAAAawILAAAAgDWBBQAAAMCawAIAAABgTWABAAAAsCawAAAAAFgTWAAAAACsCSwAAAAA1gQWAAAAAGsCCwAAAIA1gQUAAADAmsACAAAAYE1gAQAAALAmsAAAAABYE1gAAAAArAksAAAAANYEFgAAAABrAgsAAACANYEFAAAAwJrAAgAAAGBNYAEAAACwJrAAAAAAWBNYAAAAAKwJLAAAAADWBBYAAAAAawILAAAAgDWBBQAAAMCawAIAAABgTWABAAAAsCawAAAAAFgTWAAAAACsCSwAAAAA1gQWAAAAAGsCCwAAAIA1gQUAAADAmsACAAAAYE1gAQAAALAmsAAAAABYE1gAAAAArAksAAAAANYEFgAAAABrAgsAAACANYEFAAAAwJrAAgAAAGBNYAEAAACwJrAAAAAAWBNYAAAAAKwJLAAAAADWBBYAAAAAawILAAAAgDWBBQAAAMCawAIAAABgTWABAAAAsCawAAAAAFgTWAAAAACsCSwAAAAA1gQWAAAAAGsCCwAAAIA1gQUAAADAmsACAAAAYE1gAQAAALAmsAAAAABYE1gAAAAArAksAAAAANYEFgAAAABrAgsAAACANYEFAAAAwJrAAgAAAGBNYAEAAACwJrAAAAAAWBNYAAAAAKwJLAAAAADWAgl44Jw/DzZ5AAAAAElFTkSuQmCC' height='250' width='300'/> ]]>
  </system-out>
</testsuite> <!-- com.tribu.qaselenium.tests.apimazaprendo.MAClearCacheTests -->
