<?xml version="1.0" encoding="UTF-8"?>
<!-- Generated by org.testng.reporters.JUnitReportReporter -->
<testsuite hostname="station" failures="0" tests="1" name="com.tribu.qaselenium.tests.apimazaprendo.MAPreconditionTests" time="53.558" errors="0" timestamp="2022-04-15T23:37:02 COT" skipped="0">
  <testcase classname="com.tribu.qaselenium.tests.apimazaprendo.MAPreconditionTests" name="preconditions" time="53.558"/>
  <system-out>
    <![CDATA[ <img src='data:image/png;base64,iVBORw0KGgoAAAANSUhEUgAAB4AAAAOiCAYAAACRicroAAAAAXNSR0IArs4c6QAAIABJREFUeJzs3XlcVPXi//H3IAiICqgpoJagWSnqLRL33G3TuqaGmbZY4jdzv66VpraqLWrqLVGzMPfUm1jXQG0Rd8xc0CwlFcUlBWRVEH5/8JtzGZZhWASk1/Px8BFzls/5zDlzzpzmfT6fj8nV1TVTwC3Wvn37sq4CysCOHTvKugoAAAAAAAAAAAB/K3ZlXQEAAAAAAAAAAAAAQMkgAAYAAAAAAAAAAACACoIAGAAAAAAAAAAAAAAqCAJgAAAAAAAAAAAAAKggCIABAAAAAAAAAAAAoIIgAAYAAAAAAAAAAACACoIAGAAAAAAAAAAAAAAqCPuyrgD+HjIzM8u6CgAAAAAAAAAAAECFRwCMUkEADAAAAAAAAAAAANx6BMAoFbYEwAMHDtSzzz5bItv76quvtHz58hIpC2XvrbfeUmZmpqZOnVrWVanwvL299fTTT6t169aSpN27d2vNmjWKiooq45oBAAAAAAAAAABbFCsAdnFxkb+/vxo0aCBvb29JUlRUlP7880/t3btXSUlJJVJJ3P5sCYBLKvw1lxUcHFxi5aHseHt7y9fX1/ibIPLW8fX11VtvvWUxrXXr1mrdurWmTJmiI0eOlFHNAAAAAAAAAACArYocAAcEBKhnz56qWrWqxfRmzZpJkhITExUSEqLVq1cXr4aoEGwJgJOSkuTi4lIi20tKSqLb6QqiZ8+eFn9/8sknZVibim348OFW5/3f//1fKdYGAAAAAAAAAAAURaEDYBcXF02cONEIevNTtWpV9e/fX02bNtXMmTNpDfw3Z0sYO3v2bD311FMlsr3169cTAFcALi4u6tKli/G6S5cuWrp0KdeTW8Db21t16tTJd36dOnVogQ0AAAAAAAAAwG2g0AHwpEmTjO5Yc4qKitLq1as1fPhwo2Vws2bNNHHiRMbu/JuzJYwNDw9XeHh4KdQGt4vOnTvnOS0kJKQMalOx2dL6vqRa6AMAAAAAAAAAgFvHrjALBwQEWA1/p0yZoj179uQKe5s1a6aAgACbtjFgwADFxcVZ/IuOjta2bdv06KOPFqa6t73atWsrLi5OX331VaHX/fjjjxUXF2e01L7//vv1wgsvGPP37dun06dPl1hdC5KZmVlu/40cOVKhoaHauHGj7O3trS47aNAghYaG6sEHHyz0djp27KjQ0FD17t3bpuVHjRql0NBQ+fj4FLhs9erVNWjQIFWqVKnM92f2f8WVvftna9OK4qOPPlJcXJxOnz4tR0fHXPNHjhyphg0bFlhOjRo1FBcXd9t3d9+gQYMCl7njjjuKXPamTZsUFxen9957z2Le/fffr23btunChQs6ePCgRS8ANWrU0IoVKxQdHa1Tp05p2rRpxjyTyaQZM2bojz/+UExMjIKDg+Xm5mbM79+/vw4ePKiLFy9q27ZtFt9dt2qb1t4nAAAAAAAAAAClxeYWwC4uLvkGL+bw11q3rD179lRISIjNXbdu375d27ZtkyTVqlVLzz//vIKDg9W2bVudOHHC1mqXKyaTqdS6JV6yZInCwsKMkHf8+PHy8vLSsmXLJEnjxo3LM/T6u7G3t1fHjh21Z88etWrVSm3bttWPP/54S7Z1+PBhvfnmmzp16pRNy3/zzTfat2+fLly4UOCy3bp103PPPac1a9YoPT29uFUt1c9q7dq18x17Nq8uievUqaMZM2bkufz8+fN16dKlArfp4OCg3r176/vvv1ePHj306KOPauPGjcb85s2ba8aMGfrtt9908uRJq2UlJCTo2Wef1cWLFwvcbnn2559/FrjM5cuXC11uq1attGHDhjzLd3R01MqVK5WRkaHp06crICBAQUFBOnTokP744w/NnTtXPXr00MyZM3Xvvfdq9OjROnnypIKDgxUYGKiRI0fqq6++0rlz5zR+/HglJydr6NCh8vX11b///W/t2bNHixYt0r/+9S8tX75cfn5+sre3vyXbtPY+AQAAAAAAAAAoTTYHwP7+/ka3ztlt27bNYkxOb2/vPMOZqlWryt/fX9u3b7dpe3v27NEnn3xivL5+/bomTJggPz8/nThxQrVq1dL777+vTp06ycHBQWvXrtXEiRN18+ZN3XPPPVqwYIGaNm2qiIgI7dq1S+PHj9eAAQP07bff6uDBg0pLS9PXX3+t0aNH64EHHtCNGzfyLa9OnTqaPXu2OnToIEdHRx06dEiTJ0/WL7/8IkkaO3asBg8erJo1a+q3337TpEmTtHv3btWrV09HjhzRl19+KU9PT3l7e+vBBx/M9V7zW9+WY/LWW2/J19dXaWlp+uGHHzR27FhdvXpVL730kl588UV16NBBS5cu1d133y1JiouLU+PGjfXBBx+odu3auuuuu4zj9u6778rf31+StHfvXr3++us2h5UFsSVMrFOnjh5++OES2d6WLVtsCuT8/f1VvXp1BQcHy9PTU926ddMPP/xgzL/zzjs1fvx4NWzYUJGRkTpz5oyk/7VoXr58udLT07Vhwwa9+OKLSktL08cffywvLy8NGjRIycnJmjlzpg4ePKhmzZrpjTfe0MKFC/X1119r/PjxeuSRR/T6669ryJAh8vDw0P79+/Xee+8pNTVVvXr1Uq9evRQYGKiTJ0/qkUceUf/+/eXh4aH4+HiFhoZq6dKlGjlypHr16iVJCgkJ0dtvv60HH3xQjzzyiGbPnq3/+7//0/z58xUWFqYBAwaoV69ecnV11ZkzZzR//nwdOXJEtWvX1sqVK/Xtt9+qVq1a8vLy0vPPP18ix6IgLi4uBY4pnlN+y9vaRXGPHj3k7u6uWbNmqUGDBgoICDAC4KeeekpLly6VJK1evVqff/65xowZk+95Wq1aNX311VfasmWLAgICZDKZFBgYqJdeekn16tVTdHS0li5dqk8//VSSCryelBVbHs4pytjLVapU0bBhwxQdHa2wsDCLee3atZOHh4emTp2qf//73zp27Jg2btyo3r17a/78+Xr00Ue1bds2zZ49W05OTnriiSfUt29fBQcHq2/fvrp27ZpGjBihjIwMPfTQQ3riiSc0fPhw9enTRyaTydivNWrU0Lhx4+Tv7y9nZ+dbsk1r7xMAAAAAAAAAgNJkcwDs7e2da9q2bdssQlpz+JtXUGyeb2sA7OrqqjvvvFNSVgvgRx55RJIUGRkpSVq8eLHatGmjgQMHysXFRUuXLlVUVJQWLFigoKAgY+zh2NhYzZ49W5J048YNSVJaWpo8PT3l7++vSZMmKT4+Xl999VW+5c2YMUPdunXT888/r4SEBH344YeaPXu2unXrpt69e2vq1KkKDg7WihUrFBwcrC+++EL33HOPsb0nnnhCGzZs0MqVK3O9T2vrF+Tzzz/X1atX9dRTT6lmzZpauHChxowZoylTplgs9+KLL2rbtm36888/NWzYMF29etVivrOzs7755htVrVpVkyZNkslk0qxZs7R+/Xq1bt1aqampNh0za2wJgD/++OM8W3wWxcMPP6wBAwYUuFz37t118eJFRUZGatu2bRo4cKCqVauma9euSZImT56sRo0aad68eUpKStLIkSMl/S8ATk9PV+3atXXnnXdq4cKFmjhxosaPH6+ffvpJc+fO1eTJkzVs2DANGTLE2AfmddPS0iRldVX773//Wz179lSHDh302GOP6euvvzbqmJmZKU9PT40bN05hYWF699135efnpwEDBuj48eNauXKlGjZsqCZNmmjs2LE6deqUWrRoISnr87VkyRIdP35cHTt21EsvvaTvvvtO//3vfzV9+nS9+eab6tu3r/FZfeihh7R9+3Zt2bKl1FoAR0VFad68eca+Lap58+YpKirKpmUDAgJ05swZ7d+/X19//bXGjRunGjVq6OrVq9q+fbsWL16sl19+WW+88YY2bdpUqPP05Zdf1syZM7V27Vq99tprGjhwoN5//32lpqZq2bJlVq8nZSkqKkoXL17M9xy8ePGizfs3O/M1P6+HXxo1aiRJRk8F5vIbN24sb29v2dvbG/NSU1N14cIFNW7c2Fj33LlzysjIMNZt3bq16tevb3TdnVe55p4PSnqb1t4nAAAAAAAAAAClqcgB8JEjRyzCXxcXF6vhb15lWPPKK6/olVdeMV5fuXJF48eP16+//qo6deqoU6dOCg0NVWhoqCRp2LBhGjhwoL7++ms1b97c6PpTkjp06KDnnnvOItCqWrWqXnnlFSPwyK+8BQsWyNnZWc7OzmrVqpW2bdumLl266Pr165Kk0NBQNW7cWHFxcbpx44b27t2rxx57zGKszMuXL2vMmDF5vk9b1s9PlSpV5OjoqBYtWmjnzp3y9vbOM7Q7cuSIMjMzlZycrP379+ea36NHD9WvX18ffvihMY7p/fffr6FDh6p9+/Yl0prN1hbAJcXDw6PAbVatWlWtW7fWli1bVKtWLR06dEj29vbq3LmzNm7cqJo1a6px48Y6dOiQ/vOf/0iSWrRoYXSFbi6/cuXKWrRokVJSUvTss8+qXr16WrRokRISEvTMM8/ozjvvzFWX7K9Xr16tvXv3Kj4+Xh06dMjzOFauXFkmk0l33XWX6tevr61bt1qMDW1umXn8+HGlpKQY01euXGl0pX758mX16dNHCQkJSktL09GjR9WuXTuLMUxjY2P10Ucf2baTS9D27dt1+fJlTZw40eo1JC+JiYmaOXOmjhw5YtPybm5uevjhh7Vy5Up5eXlp165dcnBw0FNPPaXFixcrNjZW0dHRkqTff/9dp0+f1pUrV/I9T2/evGlR/uDBg3Xjxg2NGjXKOOf++c9/atCgQVq2bJnV60lZ27t3r9GaPK95Jc3cYtv8/s3/rVKlSq55UtZDPNWrVzfWzT7P/LeLi4vxGTI/2JC9XCcnp1uyTQAAAAAAAAAAygu7oq6Y/cfyW2H9+vV69tlnNXr0aGVmZurkyZMKCgqSJHl6ekqSOnfurHPnzuncuXPy8/PTXXfdZQSn58+fN8oyhznZJSYmGl0EWytPkiZNmqTt27drzJgx+vbbb/X7779r1KhRkrK6CF66dKn++OMPXbp0yWip7ODgYGzL2hiitqyfn2effVaXL1/WrFmztGPHDv3666/q3LlzgevlVK9ePUnS2bNnjWnm/Ve3bt1Cl5cXc6tXa/8OHjxYItuSpIMHDxa4PXN33z179tSaNWuM4LN79+7KzMw0gtErV64Y65jHl81eTlJSkpKTk42/b9y4oWvXrhmvHRwcjGVzritJFy5cUGZmphISEiQpz+VPnTqlOXPmqFatWnrttde0cuVKLViwQLVr17Za9tmzZ43XderU0ZQpU7RhwwZ9//33atOmjSSpUqVKeS5fEv8K48iRI5o6daoSExNtXicxMVFTp061OfyVpH/+859ydHTUCy+8oMjISH3zzTeSslpi56cw52m9evV09epVJScnS8rqdj0lJUVeXl6SrF9PylpISEiR5hWV+cEFcyhr/m9SUlKueVLWmMHm6UlJSRbzzH8nJiYanyFza19r5ZbUNgEAAAAAAAAAKC9sbgEcFRUlX19f47WPj49mzJihqVOnGj+cT5061Wor4MJ0H3rixAlt3rxZUtY4kf369dOAAQO0YsUKI5z8+eefNXbsWIv1zC2+srcmNXclnV32VnvWyjPP79Onj6pUqaIHH3xQr7/+uqZPn65Vq1Zp9uzZateunTp16qSDBw9q48aN6tSpU77bysmW9fOzc+dOtWnTRnfccYfatWunWbNmadasWWrZsqVN65uZA/LsYW/9+vUlyRjztjSMHj1a//jHP0qkLFvC5B49eiguLk4zZ840pnXp0kXdu3dX3bp1FR8fL0mqWbOmMd/Dw6NE6lcUGzdu1MaNG1W3bl21bdtWw4YN07PPPmu1xa65q1opa/+2aNFCgYGBOnHihD744INc3dVmX74sREVFFXgdMTOHv4Xtlrh///7666+/9OqrrxrT+vTpo6efflo+Pj55jntdmPM0OjpaDRs2lLOzs1JSUlSzZk05Ozvr8OHDkqxfT2wZt/pWunTpko4cOWJxrZeywnnzww8l6cSJE5L+1zuEj4+PJOnYsWOKiopSWlqaMc3FxUUeHh766aefJEm//fabmjVrJnt7e6Wnp6thw4ZKSkrSmTNnjHJ9fHx05coVo0voY8eOGQ8ulfQ2AQAAAAAAAAAoLwoVAOeUMwQuKLwpyviRkjRt2jT17NlT06dP1+bNm3Xp0iX9/PPPatWqlVq0aKGUlBRNnjxZ4eHhev3113X8+HG1bt1agYGBSkxMNLrszU9B5X3//feqUqWKxo0bp/j4eF29elVpaWm6fv26qlSpIimr1V+zZs3UtGlTSZK/v7927dpV4Hsr6voeHh7auXOntm3bpvnz5+vSpUtKTk42WqrllJKSogYNGujxxx/Xjz/+aDEvNDRUZ8+e1eDBg3X06FE5OzsrICBAv/32m3bs2FHge7CFra1Bf/nllxLZXkE8PT3VrFkzbdmyRTt37jSmJyUlqXv37urevbs+//xznTx5Ur6+vnriiSeUkpKi9u3bS1KuFq7WunjOuXxe61orLzMzU+3atdOUKVP0+eefa//+/Uar4ZSUFGVmZhpd0T7yyCMKDw/Pc7vm1pC1a9dWo0aNjFCsadOmOnToUL51L222XieqVq1a6GtKgwYN1Lp1a61atUpbtmwxpicmJurpp59WQECA3nvvPWPc6549e+rcuXNWz9Off/7ZYhtLly7V7Nmz9cEHH2jt2rV66aWXJElLliyRJKvXk4rI29tbzZs3N0JVHx8fPfnkkzp9+rTCw8N19uxZDR06VGlpaQoICNCNGze0fv16paSkaNOmTXryySc1adIkNWnSRPb29lqxYoWkrK7TW7durfnz5+vChQtq2bKlli1bpps3b2rdunUaM2aM3nnnHYWEhOjFF1/U77//rv3798ve3v6WbNPa+yzJ3g0AAAAAAAAAACiIzV1A7927N89uLs0hsLlVlTkEzikxMbHIY0ieO3dOCxYs0B133KHXX39dkjRkyBB9//33+uijj7R48WKdO3dO8+fPlyQNHTpUkZGRmjFjhvr27auVK1dKsh5sWStvwoQJio+P19q1a/Xtt9/Kw8NDzz77rOLi4jR9+nT9+eefCgoKUufOnfXMM8/or7/+0pw5c+Ts7Fzgeyvq+hcuXNCkSZPUtGlT/fe//9WKFSv0xx9/6OWXX85z+c8++0yVK1fW+++/r1q1alnMS05O1pNPPql9+/bp448/1ltvvaWtW7eqT58+SktLK/A92KIkuxUuiX/du3eXJO3evdti+uHDh5WYmGh0A/3222/r5MmTevXVV9WtWzdt3LhR0v+6ac75/qy9zmt/5Nw3+b0ODw/XunXr1KdPH3322WcaPXq0vv32Wy1dulSZmZkKCQlRfHy8XnjhBTVp0iTPshYtWqSYmBhNmTJFfn5+mjx5suLi4vSvf/1LlStXviXHqii8vb1tHge4MOOKS9LTTz8tKSuEzW737t2Kj4835m/evFl//PGHevfurQEDBhTqPF28eLEmT54sf39/rVixQo0aNdKoUaOM8bWtXU/KmouLixo0aJBreoMGDYrc5f8jjzyiL774Qm+++aYk6eGHH9YXX3yhwMBApaWl6dlnn1VMTIymTp2qKlWq6Pnnn9fp06clSWPHjtW3336rUaNGqW3btnrnnXe0bt06SdLnn3+uOXPm6OGHH9aQIUO0du1a4/vh+PHjCgwMVJ06dfTGG2/o+PHjGjBggDIzM2/ZNq29TwAAAAAAAAAASpPJ1dXV5pQmICAg33EyT506ZbQE9vb2ztUt7apVq4wA5FarVKmSPD09ja6N3333XQ0bNkwPPfSQRUtHlJ5mzZqVdRVQBszdHhdGz549jVazBVmyZMktGZu2MGrWrKmTJ09qy5YtCggIKNO6FEfnzp0VEBBg0X1+dhcvXtTq1au1ffv2Uq4ZAAAAAAAAAAAoDJu7gJayur/09fXNNT6k9L+WwKtXr9aIESMs5h05cqTUwl9J2rBhgx566CG9+uqrxnibp0+f1vHjx0utDrBkS2vQwYMHa/DgwSWyvaVLl2rp0qUlUhZKV17Xlz179kiSWrVqlWvZsgyAXV1dNWjQIElSbGxsmdWjqGrXrq2nn35arVq1KrDVdZ06dTRy5EgNHjxYe/bs0Zo1a27JuMAAAAAAAAAAAKB4CtUCWMrqInTSpEl5hjR5OXLkiN5///18x6a9FerXr68PPvhAbdq0UUZGhg4cOKDXX39dx44dK7U6wJJ5zFRrso9dWxLatWtXouWh8I4ePVrodYKDg40wMjExUUuXLjVanXbu3FmDBw+2mG8OYMtC8+bNtXXrVp07d07PP/+8fv311zKrS2Hl3JeFlfPYAAAAAAAAAACA8qHQAbBZQECAevbsmW94kJiYqJCQkFJt+Yvyy5YAeMuWLUUOo3JKTEzUww8/XCJloegKGwDXrl1bn332maSsh0c++eSTXK1Ma9eurREjRhgPoQwdOpSWqIWUfT8XF/sfAAAAAAAAAIDypVBdQGe3evVqhYSEyN/fX97e3vL29pYkRUVFKSoqSnv37i3VVr8o32zpAvrtt98usTFUV69ebdM2Ub4kJSVpz549OnLkSL5dO1+6dElTpkxRz5495evry3WmiI4cOVLWVQAAAAAAAAAAALdAkVsAA4Vx3333lXUVUAbodh0AAAAAAAAAAKB0FbkFMFAYtMYFAAAAAAAAAAAAbj0CYJQKAmAAAAAAAAAAAADg1iMARqkgAAYAAAAAAAAAAABuPQJglAoCYAAAAAAAAAAAAODWIwBGqSAABgAAAAAAAAAAAG49AmCUCgJgAAAAAAAAAAAA4Nazzx7MmUymMqwKKjICYAAAAAAAAAAAAKBk5ZXB2Re0AFAS+Gz9PXHcAQAAAAAAAAAASpc9AQ1KA5+zvyeOOwAAAAAAAAAAQOkxmUwyZZLQ3NZOnTolHx+fsq4GionjWHFwLMsHjgPyw2ej/OMYlX8co9LBfgYAAAAAoPzau3evfH19y7oa+bIr6woAAAAAAAAAAAAAAEoGATAAAAAAAAAAAAAAVBAEwAAAAAAAAAAAAABQQRAAAwAAAAAAAAAAAEAFQQAMAAAAAAAAAAAAABUEATAAAAAAAAAAAAAAVBAEwAAAAAAAAAAAAABQQRAAAwAAAAAAAAAAAEAFQQAMAAAAAAAAAAAAABWEfVlXAEDxbNq0SQcOHNDIkSPl7u5e1tVBEcTGxmrWrFm5pru7u2vChAllUKO/ry+//FLHjh2Tk5OTmjZtqrZt28rLy6usq4UylpKSos2bN+vUqVPGZ6Nr165lXS1YERERoXXr1llM69u3r/z8/MqoRgAAAAAAAEDpKXQAHBsbm+sHNW9vb3Xr1k2nTp2Sj49PiVUOpef8+fPauXOnJBF43EYiIiKM4xYcHKyRI0eWcY1QFLGxsYWajlunX79+WrRokS5cuKCIiAhFREQQGkEhISE6cOCA8TomJkaZmZnq1q1bGdYK1uR1/eSaWj6kpKTo2LFjOn/+vGJiYiRJnp6e8vLy0n333SdnZ+cyriEAAAAAAMDtr0gB8KlTpyymZWZmSpKCgoL4ofw2FBsbq6CgIKWmpkqSjh49SmvS20DO1k0xMTFat26d+vbtW4a1QlH4+PjIw8NDFy5csJjetm3bMqrR35ezs7MCAwONEFiS1q1bJ3d3dx5w+puKjY21CH/NDhw4QAAMFFJYWJjCw8ONe04z8/9bODk5qX379rSwBwAAAAAAFUp0dLRMJpMkqUqVKqWSv5X4GMDr1q1TRERESReLWygiIsLih7jU1FQdPXq0DGuEguTVtaUkXb16lfPvNjVq1Ch5e3sbr7t27apevXqVYY3+HlJSUnJNc3Z2zrXvQ0JCSqtKKGdooQ8UX0pKioKCgrR161aLe043Nze5ubkZr1NTUxUWFqagoKA8r88AAAAAAAC3o3Pnzik6OlrR0dG5GoLdKrdkDGBzMEVL4NtDXk8a0P1e+ZVf+Nu3b181adJEixYtMrpSxO3Fyckpz79x6yxatEj9+vXLdb6cP3/e4nVMTIxiY2PpGQGGBx54oKyrgGLYsWOHrl+/brx2cnJSu3btyrBGFVtwcLCioqKM197e3urXr59xTY2NjdXatWuNZU6dOqXly5dryJAhZVJfAAAAAACA290tCYCl4oXAN2/e1DfffKOffvpJly5dkrOzsxo3bqx+/fpZtJArivj4eB0/flytWrUqVjk//PCDtm3bphkzZuSad/DgQS1dulTz5s0r1jZKi5+fn06dOmV0cfnAAw8UO7x/4YUXcnXvJ0keHh6aM2eO1XV///132dvbF/tY57Rz5041b95cVatWLdFyS5O18Nd8zAIDAzVv3jwFBgaWSFiVlJSkMWPGqF69epo6dWqxy8vL5cuXNXz4cK1YsUKVKlUq8fKtna9lZdq0aRbhQ06bN2/W5s2bLabdd999eu6554q13RUrVuj777/XxIkTdd999xWrrLxk39cLFy5UjRo11L9//xLfTkm5cOGCgoKCNGTIEIsQOOdQB5JKLADes2ePNm3apNOnT8vOzk7169fX448/rjZt2hS77PXr1+s///mPevToofj4+HKz//M6xzMzM/XZZ5/JwcFBzz33nBwcHMq4lnnL62EMc3glyfj+TElJUdOmTYsUDK9du1a///67XnvtNYvpu3fv1rJly/Tpp58WrfKFdKuvxeVJzuurJKsBcGpqqp5//nl99NFHqlu3rtWyY2NjNX36dCUlJWnmzJmqUaNGset7OwsLC7MIf93c3DRo0CCLhw3d3d01aNAgzZs3T3FxcZKyzq2wsLBCd7V+q+9bbrf7fAAAAAAAcHtJT09XQkJCsX+LvmUBsFT0EHju3Ln6888/NWTIEDVu3FjXr1/Xli1bNHXqVL333nuqV69eket06NAhHTx4sNgBcNs8AIgFAAAgAElEQVS2bfXggw8Wq4zyxM/PzwiAS6rl9qRJk/SPf/yj0Ott27ZNjRo1yhUAm8eaNveTXlirVq2Sj49PoQLgjIwM2dmVeE/pRWJL+Ctltd4eNGiQ1q5dq27duhV73NIffvhBHTt2VEREhGJiYuTp6Vms8nLKyMhQzZo19dlnn92ywKE8nq/Wwt/85PVQRWGkp6drx44dGjhwoEJDQ29JAJzdCy+8UOjzp7TPOUdHR6WmpiooKEj9+vVTbGysIiMj8wyAS6JV9pYtW7RixQo9//zzatmypSpXrqx9+/bps88+U2pqqjp37lys8sPDw/Xyyy+rQ4cOSk5OLtF9WZxrcF7n+JkzZ9SxY8db/jksLi8vL7m5uRmhlCT17NlTknT06FEtX77cmB4ZGalz587dlt23l8a1+O/it99+U0ZGhhYtWlSo86U83XOUlJSUFIWHh1tMa9eunRH+rl27ViaTSX379pWzs7P8/Py0detWY9nw8HCL5W1xq+9bAAAAAAAAbpX09HQdO3ZM7u7u5SsAfvzxx3MFFIUdv+vYsWPat2+fPvjgA6OFhaOjo/r16ycPDw+jhdDly5e1dOlSnT9/XiaTSb6+vho0aJAcHR01YsQIPf7444qIiFBCQoIcHBw0duxYnT9/XsuWLdPNmzc1depUzZgxQ7GxsVqyZImio6NlZ2enli1b6umnn1alSpX06aefqmrVqrp8+bKuXr2qhIQEBQYGqkmTJtq5c6fRyu3atWtasGCBzp49Kzc3t1xB05YtW7RlyxZlZGTIyclJAwcOlK+vbzH29O0vPj5eCxcuVExMjDIyMlSvXj298sor+uGHH/Tzzz8rIiJC586d0yOPPKJ//etfevrpp7VhwwZ98MEHmjRpkkaNGqWmTZtKkpYtW6aMjAwNHjxYaWlpCg4O1v79+3Xz5k21a9dOgwYN0scff6yLFy/qnXfe0TPPPKO9e/eqbt26Rguuffv2adWqVfrwww+1fft27d69Ww4ODrp8+bJmzpypgwcP6quvvlJycrIqVaqk3r17FzuoKaxNmzblmpYz/DXz8vKSu7u70bKxOCHw1q1bNWbMGFWrVk1bt27VwIEDJUkXL17U2LFjNXDgQO3bt0+xsbFq1qyZEfpdvHhRn332mS5evKiMjAz5+/vrhRdekMlk0oIFC1S9enX9+uuvatKkiXr16mXR6mz79u0KCQnRzZs3Vb16db344ovy9vbWlStXNGrUKL388sv6+eefFRsbK29vbw0fPlwmk0lXrlxRUFCQoqKiVLlyZfXt21cdO3a0OF8l6ZtvvlFoaKhR/ksvvaS77767yPvodrF3717dfffd6tixo9auXavExETjgYhPP/1Uzs7O+uuvvxQTE6PKlSvrxRdf1IYNG3Tp0iW5ublp/PjxcnR01Pz58+Xi4qLLly8rLi5O6enpGjp0qBo2bGixvWXLlhktUNPS0hQUFKSjR48qIyNDd911l1555RW5urrmec6VlqZNm+rAgQNKTU1VcHDwLd3W9evXtXLlSj333HPq0qWLMb19+/Zyc3OTvX3WV/KNGze0fPlyHTp0SJmZmapTp45efvll1a5dWz/99JN+/vln3XnnnTp58qSuXr2qRx99VI8++qg++OADxcTEaMWKFTp79qzi4uKM/W++5p49e1Y1a9ZU+/bttWnTJs2fP1+hoaEKDw/XtGnTJGW1nhs8eLAWL16slJSUXNfgtLS0fM/t/K7BV65csTjH8/teLOgcLyvt2rUzWow6OjoarcXDwsJyLbtz505169atxIdSyO9709XVVYGBgVa/F20998aNG2dxnCIjIxUcHGw8TNC9e3c99thjkrIe1vrmm2+M0LJXr17q2rVrib7n8iy/e8SbN29q2bJlSkxM1JgxYzR16lTdvHkz33vWnN+HjRo10k8//aS6devq5MmTiouL09ChQxUeHq7o6GglJydrzJgxql+/vtLS0rRy5UrjAb677rpLL7/8sqpVq2b181KaIiMjc/2/wYULF7R161bFxsZa9D7j4+MjHx8fiwA4NTVVkZGRhXo4Ma/7lqSkJA0dOlRvv/22GjRoIClr7J0JEyZo0aJFGjNmTL7nUEH3+X/XewoAAAAAAFCyzOFvcnKypLwb4lSrVk3Vq1e3qbwSaWYQFxenqKgo1a1bVw0bNrT4V1A3eTkdPnw43/U6dOigOnXqSJI++eQT1a9fX3PnztXs2bN17tw5bdiwQZJUqVIlHTp0SJMmTdL7778vZ2dnhYaGqmnTpurevbv8/PyMIOiTTz5RrVq19PHHH+u9997T0aNHjR+eKlWqpJ07d+qll17SW2+9pc6dO2v16tW56rVmzRrZ29trwYIFmjZtmn799VeL97Nu3Tq9/vrrmjNnjp555hl98MEHSkhIKNR+KUmxsbGKioqy+BcTE2PMj4mJyTU/53iYxfXtt9+qWrVqmjdvnj755BPdc889OnjwoJ588kn5+PgoICDA6BL0xo0bun79upYsWVJgN4obN27U+fPnNXfuXM2ZM0eHDx/W999/r1GjRkmSXn/9dbVt29ZqGZUrV9axY8fUpUsXzZw5U2lpacaxW7BggV555RUtWrRI165dK7H9YYvnnntObm5uxuv8wl8pq7Ww+UfVwj6EkV1kZKRcXFxUv359dezYUTt27FB6erokyc7OTunp6bpx44bROv/AgQPas2ePJGnx4sXy8fHRggULNGvWLO3cuVP79u2TJDk4OGjXrl2aNGmSBg8ebLHNY8eOKTg4WBMmTNCcOXP0+OOPa9asWUpPT1elSpWUlpam+Ph4TZkyRe+8845+/fVXHT16VJI0f/58+fj46NNPP9WkSZO0ePFinT171qL8EydOaP369UYXxQ8++KAWLVpU5H1UVjZt2qTJkyfn2So8P6GhoeratascHBzUunVr/fjjj8a8SpUq6ZdfftGwYcM0e/ZsZWZmKigoSKNGjdLs2bMVFxen/fv3S8o69nv27NGwYcP07rvvqkuXLlqwYIHVbYeEhCgmJkZz587V/PnzdfPmTeOanfOcK02FGfMzKCioWNfCP/74QykpKerQoUOueb6+vrr33nslSRs2bFB0dLRmz56tuXPnytvbW/Pnz5eUdZyOHj2qli1batq0aRoxYoSCg4OVlpamcePGqXbt2nr55Zc1YMAAi/LXrl2rSpUqacGCBZo0aZK2b99uU0vDvK7B1s7t/K7B2Vn7XizoHC8r5lBIkkVX4RcuXMhz+ezfqSUlv+/NghT13EtMTNSsWbPUv39/zZ07V2+88YbWr1+vw4cP6/r161q0aJEmT56sefPmacqUKdq/f7/S0tJK/H2XV/ndIzZr1kyDBg1SvXr1NGfOHNWoUcPqPWvO78NKlSrp2LFj6tq1q95++221atVKs2fP1pNPPqm3335bvr6++u677yRJ//nPf3TixAm9//77mjNnjtzc3LRkyRJJRf+8lLS8rpkREREKCwtTRESEpP+Fv/ktX5jrbn73LS4uLvL399f27duNZXfu3KkHH3xQLi4uVsu0dp9fUe4pAAAAAABA2coZ/iYnJys6OjrXv3PnztlcZom0AI6NjbX6Y0dhWiAmJSUV2Kz52rVr+u233zRmzBhJWT+ederUSZs3bzbGOmzbtq3RhaG3t7cuX76cq5yEhAQdPXrUaFnk6Oiorl276scff1SPHj0kSf/4xz+MNL1BgwbasmVLrnIOHz6s/v37y2QyqXLlyurUqZPxw97evXvVsmVL1axZU5LUokULVa1aVcePH1fLli1t2iclJSUlRcuXL8+za9PsQkJC8pzu6empIUOG2NyqadasWbmeUOjfv7969eqlmjVras+ePTpw4ICaNm2q3r1751mGef0OHTrY1Ppr9+7deuqpp+Tg4CAHBwdNnz7daFVXGC4uLsY4jg4ODlq4cKHxvu+77z5VqlRJly5dsvlJi5Lg4+OjkSNHKiQkRHFxcWrSpEmey2XvKtrNzc0iuCissLAwo6Wiq6urGjVqpL1791qE6OYwy8nJSS1atNDRo0fVpk0bjR8/3jhm1apVk4+PjxGKmEwmNWnSRLVq1cq1zV27dqlVq1bGwx6tWrXSF198od9++814MOShhx6SlNXdtYeHhy5fvqyEhARFRkZq1KhRMplMqlu3rhYuXKgqVaro5MmTRvl33323MV3KOsc3btxY5H1UmmJiYhQZGamIiAhFRkZKyjrebm5uBY6RGBMTo8uXL6tZs2aSpK5duxoBu1nz5s2Nz3ndunXl6uoqR0dHSVmh15UrV4xl77//fqP1cOvWrfX5558rPj4+3+0/8cQTevTRR43z0dfX13gPkuU5V5q8vLzUt29fm4J0c1fROccLtlViYqJcXFxUuXJlq8vt2bPHuI5JUvfu3bVx40YlJSVJku644w4jLPb29tbNmzcVGxur2rVr51vm4cOHNWDAAJlMJrm4uKhdu3YKDQ0tsM55XYOtndv5XYOzfzasfS+aW83ldY6XpdjY2DLdviSbvzdzKuq5d/jwYbm6uqpFixbG9v38/BQRESFfX1+5uroqLCxMnTt3lpeXlyZOnFgC7/L2Yss9YkH3rHl9H3p4eOjOO++UlHUt9vLyMroxrlu3rn755RdJWefbk08+aXRP/9hjj2nUqFG6efNmkT8vJa2ghyEeeOABozeWlJQU7dy5s9BlZGftvqVTp06aM2eOBg4cKAcHB+3cudPo1cQaa/f5t/M9BQAAAAAAKB9yhr8l5ZaOAVwU1atX14kTJ6wuY/4hOXv4Vr16dYvx+bKHlCaTSRkZGbnKMS8/ZcoUY5q5+7a8yrGzs8uznISEBItxZatVq2ZR15xBQc66lpbw8PACw19rYmJiFBYWZvPYhhMmTMh3DOAePXrIZDJp06ZNmjNnjpo3b64XX3zRCARysjVojYuLs9j/5h/kbt68adP6Zjm7SNy+fbt27dpljIGZnp5u/F2anJ2d1a9fPx09elSLFi1Sr169LB6uyDlOcEGhoDUJCQnau3evDhw4oC+++EJS1viEycnJFgFwzv1tDmqOHj2qkJAQpaSkyGQyKSYmxmKsz/yOaVxcnA4dOqRDhw4Z065fv664uDgjAM7rvDSfU9nrk/1vs9TUVK1atUp//PGHpKzudsviWBZFft0U23Jeh4aGKi4uTi+++KJFeceOHTOOS/Yxbu3s7HK9zn79y+s8S0xMzHf7Fy5c0Jo1a3T58mWZTCaL4ynlPudKk5+fn9zd3bVp06Z8W3SaFScEdnV1VVJSklJTU62OJxwfH29xfpj3tfm7L+f3m6Q8v5uyy/k9ZS0szkv2+lg7t/O7Bmdny/eiLd+9pSV7zyCSLOrp6OiY53jehR0vOr/7FHPPB1LhvzfNinru5fwcSlmfxStXrshkMmnatGnatGmT3n77bdnZ2al3795/qy6gJds+p7bcs+bcz7Zei+Pi4hQcHKxVq1ZZrBsXF1fkz0tpcnR0NMbTNj+kWJyHLQq6b2nWrJmcnJy0f/9+eXp6KjExMd/71Jzl5neffzvfUwAAAAAAgPIjr98Yi6vcBcAtWrTQmjVrdOrUqVythjdu3Chvb29jelxcnPFD1rVr1wo9ILK5O+H3338/z6DIVlWrVrUIPrL/eOXm5pYr7C1KXUuCOSTy8PDIFeKeP3/eGN/w8ccfz/XjvDkYKcluLbt3767u3bsrJSVFS5Ys0Zdffmm0kMkpe+vfnN2WpqSkGK0UXV1dLVqaxcfH6+bNm7l+4Lazs7P4gc7akxURERFav3693nvvPdWuXVuZmZkaNGiQ7W/0FmjatKl8fHwUHBwsLy8v9ezZM1f4KxWv++ft27erTZs2evXVV41pGRkZGjp0qGJiYozWZPHx8UbLpYSEBFWvXl0JCQmaPXu2xo4da4yV984771iUn1+L7ho1auihhx7K1TW0JKsPTpiPcfbrwsWLFy1+tJWyusI9c+aMpk6dKicnJ504cULTp0+3ui9Ki/n6lpKSolOnThUYRtoqLS1NP/74oz788EOjZbWU1UVoWFiYRTBvq+znmblLe2sPanzyySdq2rSpRo8eLZPJpA0bNujYsWOF3u6t4uPjo1GjRik2NlaxsbFG4LJo0aJcX75FDYEbNmyoKlWqaOvWrRYtryXpwIEDOnfunHr16iU3NzeL/Wvubt7d3V1RUVFFen8uLi4W17nsLWrzuqbmZD5fCzq387sGZ1eevhet2bFjh3bu3JkrkIqNjVVKSoqcnZ3l4+OT63OcfYxgW9WsWVPnz59XZmamxbXxzJkzFmF9ft+b1r4Xi3ru5fwcSpbHydPTU4GBgZKk48eP691339U999yjevXqFeq9F8e0adMszk8nJye9+eabpbZ9W5iHbrB2z1rU8a3d3d3Vt29ftWrVKs/5hbnPulU8PT3zvW55eXkZIfratWvzfZjJ3Pq5IAXdt3h6eqpjx44KDw+Xl5eX2rdvbzxgYe0csnafX57vKQAAAAAAwO3B3t5eTZo0UWRkZKEbM1pTImMAl6RGjRqpQ4cOmjVrlvbt26ekpCTFxsZq5cqV2rRpkzw8PFStWjXdd999Rld7aWlp2rZtm/z9/Qss397e3uhG08XFRb6+vtq0aZMkKTMzUxs3btRPP/1UqDo3adJEP//8szIzM5WSkmIxrmarVq20f/9+o+vUAwcOKDk5uUiBS0kx/2id/V/2H6u9vLxyzbe122dbffrpp0aLKmdnZyNYlSyPUV5q1qxpjOsaHx9vMRabv7+/QkNDdf36dV2/fl0zZ87Unj17ZGdnJ5PJZJRbq1YtRUdHS8pqHZxXl4Nm165dk6urq+644w5lZmZq/fr1MplMSk1NLd5OKCZnZ2cFBgbKzc1Nc+fOzbML282bNxdqjFizzMxMhYWF5Rov2c7OTi1btrRoDbdt2zZJWcHQwYMH5evrq+TkZN28eVMNGzaUlBWinz592qZ91rp1a+3evdsIqC5duqSPPvqowCdgqlevrnvuuUebN29WZmamLl68qIkTJ+qvv/6yWO7atWvy8vKSk5OTUlJS9N133+nmzZtlPnblkCFDFBgYqG7duqlXr14aNWpUnq3pPDw8ck0rqLXhrl27VKdOHYvwV5LatGmjvXv3Wm25m59ff/3VuK799NNPuvPOO60+SHPt2jX5+PgYLUZ37dpV5udQXtzd3Y1ropeXlwIDA40QIDtzCFyYsSkdHBw0aNAgrVy5Ups3bzaCxB9//FGffPKJEfS1atVKW7duNT6TW7Zska+vb7Guw/fcc4927typzMxMJScna9euXca8mjVr6sKFC8b2rH0HFnRu53cNzq48fi/mtGnTJuMY5cXchXL79u1zzctrWkH8/f2Vnp6u4OBgJSQk6Pr169q9e7f++9//Gg8LWPvetPa9WNRzr1mzZsZ1Xcp6aODAgQNq2bKlTp8+renTpxvXjrp168re3r7UWz7m9XBGeVOce9aCtG7dWlu2bDH2wy+//KIvv/xSkvXPS2my9jBEXFyctm7dqq1bt1p94MmWBypsvW/p1KmTDh48qJ9++snoal6yfg5Zu88vr/cUAAAAAADg9lKlShU1adLEeFi9cuXKqlu3bq5/eeUD+Sl3LYAl6dVXX9XmzZu1atUqXbx4UU5OTmrevLneffddI8AYPny4Fi9ebIz3+cADD+iJJ54osOz7779f3333nYYNG6b58+dr+PDhWrJkiUaMGKGMjAw1bNhQnTt3LlR9AwICNH/+fA0dOlRubm7q2LGjvvvuO0lZLTX79eund955RxkZGXJxcdHEiRPl4uJS+B1zm3n//ffznL5w4UI9/vjjWrJkib7++mvZ2dnJy8tLQ4YMkZT1g2ZwcLBOnTqlF154Idf6/fv319KlS7V79265u7urdevWSk9PlyT17t1biYmJGj16tDIyMtSqVSs9/PDDMplMateund566y3169dPPXr00Mcff6w33nhDLi4uat68ucLCwvKsb+vWrRUeHq4RI0aoSpUq6tOnjx566CEtWLBAU6ZMsehKsyy0b9/eCCPc3NyM7hSXL18uKSugkaS+ffvaXOaRI0eUmJio5s2b55rXpk0bzZ071wgn3d3dNW7cOCUmJqpNmzZq2bKlTCaTHnvsMU2ePFkuLi7y9/fXwIEDtXTpUtWvX9/qtu+9914988wzeu+995Seni57e3s9+eSTcnR0LLBF84gRIxQUFKShQ4eqcuXKGjRokO666y6L1ke9evXSvHnzNHr0aFWvXl2DBw9WdHS0XnvtNc2ePdvmfVSSsvdskF23bt0swnYPDw+NGjVK58+ft2iZWlBX32FhYWrTpk2u6e7u7vL29rb4MdtWDzzwgD777DPFxMTI2dlZw4YNs7r8M888o6+++kpff/216tevryFDhmjmzJn6/PPP1bhx40Jvv7SYQ+CSagncpUsXubq66ptvvtGaNWtkMpnk4+OjsWPHGuMz//Of/1RiYqLGjx+vzMxM1atXr8D9WxDz99Srr74qT09PtW/f3vieat68ue69915NnjxZ7u7uRoCZV3e2derUsXpu53cNzj5+tLXvxbIYHiEv5utmfg4cOCA/Pz/5+PjkatGc3/js1ri4uGj69OkKDg7WiBEjlJ6ebhx3c0tra9+b1r4Xi3ruubi4aMKECfryyy+1bNky2dnZ6ZlnntF9992nzMxMNW3aVJMmTZKU9eBW3759C7y+/10V9Z61IE888YSSk5M1YcIEZWRkyNXV1ejm39rnpTQ1adIk367SHR0djVA6rwdtzNNtOadsuW/p37+/6tSpo0aNGikxMVHe3t7GMtbOIWv3+eXxngIAAAAAANyezCFwZGSk7rjjjmL3tGfKLGRzgFOnTikoKKhQGxkyZEie4QaKL6+usvNy/vx5BQUFGWNP5gws1q5dqwMHDkjKGg8ze1hY0LooPluPY35SUlIUExNjdTzgnMe1uC5fvqzhw4dr5cqVubpO/Duz9VhOnjzZ+Nvd3V0TJkzItUxsbKxmzZplvPb29ja6XI2NjVVERIQxfm1pWrhwoWrWrKmAgIBS3W5hFPecyiln6J6dk5OTJkyYUOI9JZS0jIwM41wNDw/X5s2b9e6775ZxrUqfLZ+NL7/8Mt/WpD4+PmrXrp1xvGfOnGkRAE+YMKHcdWd9uynKddTsvffek5T14Ev2B2gkqWvXrsYDM9bWRcEKc43N61hIlsfDlmVKyrx589SwYcNcXfGXRyX9XQYAAAAAAErO3r175evra9Oy2XtJrF69utXeEJOTk5WUlKQ77rijWPUjtfmbCA4ONn7MTk1NNVqHSllBoTn8Nb/O3vrJ2rooH8zdemfn5+dn8eNmRESEgoKCijUucF7KokvJiiY2Nlbr1q2zODbnz59XcHBwvuu4u7urW7duZRY0/d2Oe0HdQYeEhJRBrWy3ceNGzZgxQ2lpaUpPT9cPP/xQpJaqfxfPPfecAgMD8/zXrVs3I/zdsWNHrlbLW7duLfHrLHA769atm0VrW1t5e3uXePh77NgxHTlypNC9/QAAAAAAAJSWKlWqFDv8lcppF9AoeTl/oE5OTjb+zmuMw+w/XltbF+Vb+/btFRMTYwT8p06dUlhYmHr16lXGNUNOERER8vDwMLrfDQsLU0xMTBnXCtlZ6w46v7Fiy4tHHnlEZ86c0YgRI2RnZ6cmTZqoT58+ZV2t21JsbKy2bt2qo0eP5tlKOCIiQkePHlXTpk3VtWtXWgMDkgYNGqTg4GCLIRkiIyNlMpmMv7Pz9vbWoEGDSrQOb7/9tqKjo/Xqq6+qSpUqJVo2AAAAAABAeVPoANjT09MY+7Mw66BstW3bVjt37jRe+/n5Wfy9Y8cOI9BwdHRU06ZNbVoX5V+/fv0kyQiBSyqouuOOO7R69eoSKevv6PHHH88VHmU/t7p165arq/Xyci0t7ni0t7P8QuB27dqVYa0K5uTkpJEjR5Z1NW572YdEsCY1NdXoTWPgwIEW36koOTmvo05OTsbfebVwzz7N2rooec7OzgoMDFRYWJhxzxkTE5PrQSdHR0e1b9++xFv+StIbb7xR4mUCAAAAAADYom7dusbfLi4upbLNQo8BjPKlsGOwmZfP+cPa+fPnFR4eLikryMgZPGVfN/vYhygZt3qMt5SUFIWFhSk2Nlb9+vXj+N1CjNdXPpTmOeXn50fAdxspzmdj7dq1FkMm2CK/Mb6RP66j5V9xjlFKSooiIyN1/vx5IwD29PSUl5eXmjRpwj1KNpwLAAAAAACUX4UZA7gs0AX034i11hReXl5GS9HCrovyz9nZmW6fgRLEOfX3VJSxffMaNxr4O3N2dpafnx89ygAAAAAAANxCBMAAAAA2eO6558q6CgAAAAAAAABQILuyrgAAAAAAAAAAAAAAoGQQAAMAAAAAAAAAAABABUEADAAAAAAAAAAAAAAVBAEwAAAAAAAAAAAAAFQQBMAAAAAAAAAAAAAAUEEQAAMAAAAAAAAAAABABUEADAAAAAAAAAAAAAAVBAEwAAAAAAAAAAAAAFQQpjVr1mSWdSUAAAAAAAAAAAAAAMVnn5p6razrAAAAAAAAAAAAAAAogkqVKsnR0VHVqlWTq2t12bu6upZ1nQAAAAAAAAAAAAAARVCpUiU5ODioShVnVa5cWfY1a9Yo6zoBAAAAAAAAAAAAAIrAzs5OdnZ2qly5shwdHWXv5kYLYAAAAAAAAAAAAAC4HZlMJkkmVapkJ3t7e9k7OTmXdZ0AAAAAAAAAAAAAAEVkMmUFwSaTSfb29pXKuj4AAAAAAAAAAAAAgBJgV9YVAAAAAAAAAAAAAACUDAJgAAAAAAAAAAAAAKggCIABAAAAAAAAAAAAoIIgAAYAAAAAAAAAAACACoIAGAAAAAAAAAAAAAAqCAJgAAAAAAAAAAAAAKggCIABAAAAAAAAAAAAoIIgAAYAAAAAAAAAAACACoIAGClLUekAACAASURBVAAAAAAAAAAAAAAqCAJgAAAAAAAAAAAAAKggCIABAAAAAAAAAAAAoIIgAAYAAAAAAAAAAACACoIAGAAAAAAAAAAAAAAqCAJgAAAAAAAAAAAAAKggCIABAAAAAAAAAAAAoIIgAAYAAAAAAAAAAACACoIAGAAAAAAAAAAAAAAqCAJgAAAAAAAAAAAAAKggCIABAAAAAAAAAAAAoIIgAAYAAAAAAAAAAACACoIAGAAAAAAAAAAAAAAqCAJgAAAAAAAAAAAAAKggCIABAAAAAAAAAAAAoIIgAAYAAAAAAAAAAACACoIAGAAAAAAAAAAAAAAqCAJgAAAAAAAAAAAAAKggCIABAAAAAAAAAAAAoIIgAAYAAAAAAAAAAACACsK+rCsA2OLG9URtWjlektTrmdmq7Fi1jGsEAAAAAAAAAAAAlD/lMgBOSkrS1q0/6NdfD+vMmWglJCTKZDKpRg13NWzoI39/P7Vu3VL29uWy+uXCiRO/a/LkacbrgQMD1Lv3Ezat+9dfVzR06EjjdY8eXTR06EslXsfC+OPYD/L2qafM//93k3/0LNP6AAAAAAAAAAAAAOVRuUtQt279QZ9/HqyUlNRc8y5cuKgLFy4qPHyXOnXqoBEj/q8Mavg/YWHb9e9/LzZeT5w4Rv7+/4+9+46OonzbOH7tZnfTe0IqhEAIPYQiUpSiggoKYkfF3iv23nsB24sFO/5EUEBQsAKCKAJSQm+BkAbpvW2yyb5/RBbWJBAUSVi/n3M4JzP7zMw9z2zyz8U9T78WrMh1bU2ar3HnnylJWjB/EQEwAAAAAAAAAAAA0IhWFQB/+eVXmjFjVoP9JpNJZrPJKRSuqak5lqWhBRXkpshgrFX7DjGSpJrqMhXkpigoNLaFKwMAAAAAAAAAAABal1YTAG/YsKlB+NujRzddcskF6tQpTkajUeXlFdq8eYt++GGhJEPLFHqciIvrqP/970B3stlsbsFq/pktSfM1YNCBzuoBg/ppS9J8nTTithasCgAAAAAAAAAAAGh9Wk0APH36l07biYkJevDBu53W+fX29lL//v3Uv38/5ebmNThHfn6BvvvuR61bt145Obmqrq6Rr6+POnRor2HDhmjgwP4yGJyD46effkFJSRslSWazSTNmfKKff/5F33//k9LSMmQymdSjRzdNmHCxIiMjJDVcX3e/F1981Wn73XffUEhIsGM7JSVV33//kzZv3qqCgkLZ7XaFhgYrMTFBZ589SqGhIU7HN7aO78knD9bMmbO1du16lZWVKiysjUaOPE1nnXWG07HJybsOuwbw7t0pmjFjlrZt26Ha2lq1bx+jcePOVvv2MQ3u7a/sdrtWrvxDS5YsU3LybpWWlspsNqtNm1D16tVTo0ad3uB+/o5qa5nSd/+hUaOuduzr0rWzliz6UNXWMlncff7xNQAAAAAAAAAAAABX0SoC4Ly8fO3cmey079prr3AKf//qr+HimjXr9NprU1RRUem0v7CwSGvWJGnNmiQlJibovvsmyt3dvcnzvvXWe1q0aIlju7q6WqtWrdaOHTs1adLzCgjwP5Jbc5gz52tNn/6F7Ha70/7MzH3KzNynxYuX6q67blOfPolNniMlJVVz5y5QWVmZ0/EfffSpKioqdOGF5za7ng0bNum5515WTY3NsW/bth16/vlJGjNm1CGPtVqtmjTpTa1Zs85pv81Wq9TUdKWmpuvHHxfpjjtuUf/+fZtd08/zX1Dq7jUN9g8ZPkQBgQGO7YDAACX27qnp717VYGz7jn01bPQDzb4mAAAAAAAAAAAA4EpaRQD81/A3JqatIiLCm318RkamXnnlDVVXVzv2RUdHKSgoUMnJuxyhcFLSBr3zzge6446bGz1PTY1NixYtkdFoVGBggPLzCxyfFRUV67vvftT48RfIx8dHAwacoJycXO3evccxJj4+TkFBgY5td3eLJOmXX37TZ5/NdOwPCAjQ4MEnSpKWLVuukpJSVVZWadKkNzRp0vMKDw9rtL7fflshSfL19VFNTY2qqqyOz+bOna/Ro8+Qt7fXYeeroqJSr7/+tlP46+vro8jICGVkZOrrr7895PHvvfexU/jr6emhuLiOKioqVnp6hiSpqsqqyZPf1IsvPqWYmHaHrUmS9mVu0eVXX+ZY6/dQzjhrhM44a4TTvm1bt2vurAXNuhYAAAAAAAAAAADgilpFAFxcXOK0HRbW5oiOnzVrrlP4e/7552j8+Ask1XcXP/zwk8rLy5dUH8aed95YRUdHNXqumJi2evTR+xUYGKh16zbomWdedHy2adMWSVJkZITuvXeiFi78WW+/fWCd3XHjzlb//v2czme32zV9+heO7aCgQE2a9Lz8/HwlSaNGna6JE+93BLpz5nytm2++rsl7vfbaK3TmmSNVXV2tZ555SZs3b5VU35WbnLxLvXr1POx8/frrchUVFTm2u3XroocfvlceHh4qLS3VE088rz17Uhs9NjNzr37++Ren+3n22cfVpk2oJGnmzNn64os5kqSamhrNnj1Pd93VvLV6zzj3Sc347HGdMfo0JfZJaNYx+yWt3aDvFyzUGec+eUTHAQAAAAAAAAAAAK7E2NIFNM5w+CEHWbt2veNnLy9PnXfeWMd2SEiwzjhjxF/GJzV5rgkTLlFgYH0Xb+/eCQo86NXDhYVFTR3WpNTUdKf1imNj22vbtu1atWq1Vq1arbS0dAUHBzWrtk6d4nTmmSMlSRaLRSedNNDp8+bWtz/I3u+ii86Th4eHJMnX19dp/v5q/3rJ+5155ghH+CtJ48aNkZeX10HjNzR47XVTgkJjdca5T+q3X9fph28XNusYSfp+wU/67dd1OuPcJxUUGtvs4wAAAAAAAAAAAABX0yo6gP39/Zy2s7Ozm31seXmFysvLHdthYWGyWCxOY9q1i3ba3t8N3JjOnTs5bXt5eTmC1ZqammbXtV9OTq7T9po16xqsnXuwwsIi1dTUyGw2N/isS5f4BrUdzGazqTkOfrW1pAbd0G3bNt4dLTW8n+ho57m1WMyKjAxXcvJuSQeej4+PT7NqCwqN1enjntYPcx5T1ez5GnveWYccP3fWAmVm5uv0c5+Wxb151wAAAAAAAAAAAABcVavoAO7UKc5pOy0tQ1lZzQ+BD2YwHFn38MHMZpO8vDyd9hmNx36KDn6d9cH8/X2dto9WbX+ds+Z27DZ27JEe3xiLu4/OHj9Z69etP+zYDUlJOnv8ZMJfAAAAAAAAAAAAQK2kAzgkJFidOsVp585kSfUB4ocffqr7779Tbm5ujR6Tl5evkJBgeXt7ydvb29EFnJWVperqaqcu4LS0jAbXO1ZCQ0Octs8660xdddVlx+z6jTn4ldOSlJ6eIX//bo7tjIy9TR578Oue649N1wkn9HFsV1fXKCsrx7G9//kcqWprmdzdPQ47zt3dQ9XWMgJgAAAAAAAAAAAAQK2kA1iSLrnkAqftNWvW6dlnX1Zy8m5HR6nVatW6dev13HMva9q0zx1j+/Tp5fi5oqJSs2fPc2zn5eXr++9/cjp3nz6JR6Vmd3d3p+2CgsIGY9q3b+cUOC9dukzZ2TkNxlmtVi1d+quWLFl2VGo7lO7duzltf/HFHFVVVUmSysrK9NVX3zR5bGJiT6ft7777yWmN47lzv3F6JXdiYsLf6srOytyisPDww44LCw9XVuaWw44DAAAAAAAAAAAA/gtaRQewJCUk9NDFF5+vGTNmOfatX79R69dvlMVikcViUXl5uSMMHjx4gGPc+eefo5UrVztenTxr1lytWPGHgoIClZy8SxUVlY6xJ588qMGat39XRIRzQDlt2udavXqd3N0tCg8P04QJ42UwGDR+/AV68813JEmlpWW6884HdOKJ/RQW1kZWq1UZGXu1des2VVZW6bzzxh6V2g7l5JMHaebMWSouLpEkbd68VTfdNFGRkRFKS8tQRUVFk8dGRUVq+PAh+vnnXyTVh9533nm/4uI6qri42Knb2mw2/+37Kcjdo9iObR3be3anat6cBZKkseeOVvsOMZKk2I5tVZC7R+069P9b1wEAAAAAAAAAAABcSasJgCXpggvGKTAwQB9//D9VVlY59ldXVzdYF9dsNjt+jo6O0t1336bXXpviOC4jI1MZGZlOxyQmJuimm649avV27Birdu2iHaHn/g5lSerQob1j3LBhJ6uwsFDTp3+puro6Wa1W/fLLb42e85+sYdxcXl6euv32m/T886/IZquVJJWUlKqkpFSSdMopQ7V48dImj7/uuitVXFyitWuTJEmVlVXauHGz0xgPD3fdfvvNiolp97dqzMncoISRJ6iqslJLf/5N69Zs0EkjbpUkzfjs/9S7b4KGDh+smPYxWvjjH5Iu/FvXAQAAAAAAAAAAAFxJqwqAJem004ZrwIATtGjRUq1fv1FpaekqKyuTJAUGBqpjx1ideGI/DRx4otNx/fr10WuvvaTvvvtR69atV3Z2jmy2Wvn4+Khjx/YaOvRkDRp04lENWA0Ggx566F599tlMbdy4WcXFJY4O5b8aN26M+vRJ1A8/LNLmzVuVl5cnm82mgIAABQYGKCamnXr16qm+fY/O66kPJzExQc8994RmzJitbdu2q7a2TjExbTV69Bnq0iX+kAGwu7u7HnroHq1YsUpLlixTcnKKysrKZDK5KSysjXr16qlRo05vsP7xkdibsV3FRZ00b/YC+Qd31PlXvuVY5/f8K9/Sbz/9n979v4807NTB2pux/W9fBwAAAAAAAAAAAHAlhj17tjWeWAItaP2qGcrK2KSuiWOafL1z2u5V2pr0tcKje6hX/4uPcYUAAAAAAAAAAABA60MADAAAAAAAAAAAAAAuwtjSBQAAAAAAAAAAAAAAjg4CYAAAAAAAAAAAAABwEQTAAAAAAAAAAAAAAOAiCIABAAAAAAAAAAAAwEUQAAMAAAAAAAAAAACAiyAABgAAAAAAAAAAAAAXQQAMAAAAAAAAAAAAAC6CABgAAAAAAAAAAAAAXAQBMAAAAAAAAAAAAAC4CAJgAAAAAAAAAAAAAHARBMAAAAAAAAAAAAAA4CIIgAEAAAAAAAAAAADARRAAAwAAAAAAAAAAAICLIAAGAAAAAAAAAAAAABdBAAwAAAAAAAAAAAAALoIAGAAAAAAAAAAAAABcBAEwAAAAAAAAAAAAALgIAmAAAAAAAAAAAAAAcBEEwAAAAAAAAAAAAADgIgiAAQAAAAAAAAAAAMBFEAADAAAAAAAAAAAAgIsgAAYAAAAAAAAAAAAAF0EADAAAAAAAAAAAAAAuggAYAAAAAAAAAAAAAFwEATAAAAAAAAAAAAAAuAgCYAAAAAAAAAAAAABwEQTAAAAAAAAAAAAAAOAiTC114cLCYmVm5qiiolI2m62lysBR4ObmJrPZLE9PT3l4eLR0OQDQahmNRpnNbgoM9JWnp3tLlwMAAAAAAAAAcEEtEgAXFBQrJSVdvXv3UUREBKHhca6qqkr79u3TihUr1Lt3gtq0CWnpktBKbNiwVQkJXVu6DDQTz+vfZ7PZVFZWobS0TIWFBcnLixAYAAAAAAAAAHB0tUgAvHdvtvr27aeYmJiWuDyOMg8PD8XGxspoNGrLls0EwADQBJPJpIAAPxkMUnZ2LgEwAAAAAAAAAOCoa5E1gCsqqhQZGdkSl8a/KDIyUmVl5S1dBgC0ej4+3rJaa1q6DAAAAAAAAACAC2qRANhms8lsNrfEpfEvMpvNrOcMAM3g5uYmu93e0mUAAAAAAAAAAFxQiwTAAAAAAAAAAAAAAICjjwAYAAAAAAAAAAAAAFwEATAAAAAAAAAAAAAAuAgCYAAAAAAAAAAAAABwEQTAAAAAAAAAAAAAAOAiCIABAAAAAAAAAAAAwEUQAAMAAAAAAAAAAACAiyAAbsUe+HaXLpu+ucnPZyRlq8crK49hRWhpTy3J1o1fZ7R0Gf8ZxVW1Cn5+s/aW1jQ5ZuQnu/VpUuExrArNNWBqsr7eVixJWrS7VD3e3NHCFQEAAAAAAAAA8O8ztXQBx4LVVqeXl6Rp+ros7c6vlL+nSYmRvpp4clud2SX4H5+/zFor30eWKuXBQWof5HEUKq43tnuIyqy1R+18rmLt3kpNXp6rlRkVqqixq62fWaM7++rm/sEK9mqdX+lTP9qta/sGaXxCwD86z5mdfFVeXXeUqnJd46bv0a9p5VpzY7zaBZj/1WvdemKwOoe4/6vXcFUXzEjV4pQyvTEqSpf2OvC7sS3XqsHvJ8vbYlDa3d2OyrU6h7jr4aFtjsq5AAAAAAAAAABozVpnWnYU2ersOvP99coortKksztpQDt/mdwMWrqrUFNXZB6VAPjfMjDGv6VLaHUW7S7VhFnpurJ3kB4d1kbRfhZlltRoxqYi/ZxSrvO7u+6c1dTadUKUV0uX0eqlFFZrWWq5AjzcNC2pQI8MC2tybE2tXWY3wz+63pgurvudOxbig901LanAKQCellSozsEWZRyi8/pIRftZND7BctTOBwAAAAAAAABAa+XyAfD/1mTp99Ribbl3gGIP6s49p0eoxnYPdWzPSMrWs4v2KLWwSrFBnnpyZKzO6VH/+dxNubpnfrIu7xuurzfnqbCyRqfEBent8zrLZDTo1HfXSZKGvb1WJjeDbhwYpXuGtlOZtVYPf79L8zblqdRq08D2/poyrrNiAuvrSJy8SqO6BuuP9BLtK6mWwSC9dW5nnRxbH4Q88O0uZRRV6X+XdJck/Z5arFvmbFdyfqUSInwahNc5ZdWaOG+nFicXymCQTo8P0uQx8QpqpV2xR8pul+75fp/GJwTouRHhjv3xIe56bFiY7Pb67dxymx5emKVlqeUyGKTh7X30zGnhCvR0kyQN/WCXxnb105KUcq3ZW6m4IIumjo3Sun2VeuGXPBVV2XRhD3+9ODJShj+zwT2F1Xp0cZb+yKyQm8Ggszr76fFhYfKyGFVcVasOr27TiyMj9MWmIpVY6xThY9JbZ0cpwtesh37K0tbcKj25JEuTlueqZxsPfXRuW01dna8P1xRqX1mN/NzddG43fz0ytI0jkBz6wS6d0sFba/ZWKafMpgeHhGp9dpX2ltTonTHRzbrXqavz9faqfBVV1crdZNAF3QP09KkH5s4VTUsqUOcQd12SEKApq/L1wJA2Mhnr53TB9hI9tjhL53YL0I/JpfIyG/Xd5bFKKazWY4uytHpvpapsdeoW6qEZF8Y4zvl7WoUmL89VWnG1+kV6OZ6tVP8K6Am9AjUhMVBXzklXlJ9Zz552YI6nbyjSpN9ytPrGeNnq7Hrlt1zH9yQhzEPPjYhQ19D6DuKlKeV64ucspRbVyGio71pdMCH2GM7esXdGJx/N2FisrblWdQ11l9VWpy83F+muQaF6flm2Y5zdLn24Nl/vrynUvtIadQxy11OnhmlwO29JUnWtXY8vztKcLcUyGQ26rq/z38dFu0t1x4J92nRbvKT6uX5mabZ2FVTLZDRoUDsvvTAiQuG+rvH3EgAAAAAAAADw3+XyawB/uy1fQzsEOIW/++0P95bsKtRVM7fqlbM6qeCpIXr69A666H+btDKtxDF2V36lgrzMWj3xBG28e4CW7ynSp2uyJEmLbuhdf56b+ij5gYG6Z2g7SdLlM7ZoV36lVt7eT/seP1k9w3007uMNqrMfqGHuplxNv6SHNt1zou4Z2q7JNX8LKmwa9f56Xd0/UoVPDdEb58Rrym/Oa8Fe+OkmVdbUatt9A7TpnhOVVVqtCZ83vYbw8WZHfpXSims0vmdgo5/vf57XzM1QZU2dVlwfp1+v7aiccptu+sZ5rj5bX6hnTg1T8sTO6t7GQ5fOStfytAotvaaDFl3VUV9tLdH3O0slSeXVdRo7fY+6hXpo3U3xWnZtR+3Mt+qpJdlO51yVUaEFl8VqxfVxivIz6+klOZKk50aEq2uohx4fFq7VN3bSR+e2lSS18Tbr8wvbac9dXTX74hh9u6NEH64tcDrnN9tLNXVMtFbcEKexXRt2mh7qXpPzrXry5xzNvDBGKXd11Zob4zWukXO4kppauz7fWKRLewXowh4BKqiodTzH/fYU1cjXYtTSazrqu8tjVWqt05jP9igmwKJVN3TSzold9NjwMB3cGDx9Q5FmXtROm2/rLLObwfFs/+rShAB9ualYNbUHfsk/31Ck8QmBMhikSb/l6qutxfryohhtuS1e/aK8dN6MPSq11r/W++b5Gbq+X7B239VF2+7orEeGuf4ri01Go8YnBGhaUv13/5vtperWxl0dAp27dd9bk6+3/yjQe2Ojtfuurrp7cKgu/TJNmSX1XcKv/JqrZanlWnxVR625qZP2llYrpbC6yeua3aQXRkZo+x2dtfKGONnq7Lr3h73/3o0CAAAAAAAAAHCMuHwAnFterSj/Q6/P+eGqfRrfO0yndw6SyWjQmO4hGtMtRB+uOhAGBHiYdOvg+q5LL4tRp8UHadVBAfFfZRRb9dWmXL19bheF+VpkcTPomTM6aGdepTZllTnGXT8gSqE+9Z2EY7qHKq3IquzShqHFV5tyFO5r0a2Do+VmNKhPlK+u7h/p+Hx3fqWW7i7S6+fEK8DTpGAvsyad3UnfbsvXvpKmQ5DjSV5F/XrIEYfo0NtTWK3f0sr1/Mhw+Xu4KcjTpKdPDddPu8qUVWpzjLsiMUgJ4Z7yNBt1UY8ApRRW6+lT64/pGGTRsFgfrdtXKUlasKNEZjeDHhzSRp5mo4I8TXp4aJi+3FzsdO3bBoQ4unfPjPfV2r2Vh7yfc7r6KTbQIoOhvov56j5B+iW13GnMZQmBTXYkHu5ezW5G2e12bciuUom1Vt4Wo/pEeh6ypuPdgh2lKqqs04XdAxTqbdLIOF99vK7QaYy3xaBbTgw+6JgSuRkMeurUcPm6G2UyGnRitJe8LAf+PD44pP51437ubrqsV0CTz/aUDj4yu0k/7qoPnVMKq7Uyo1zje9Z39U/fUN/ZGhfsLneTUQ+cXP+WgR+T68db3AzaWWDV3tIamYwGDWzrffQmpxWb0CtQszYXq8pWp2lJhbq8V1CDMVNXF+i+k0LVI8xDRoM0Kt5X/aO9tGBH/d/hzzcW6e5BoYryM8vDZNTjw8N1qLd7D2rnrb6RnjK7GRTo6ab7Tgpt8PsHAAAAAAAAAMDxyOXfdRnqbVFmsfWQY9KLq3RaJ+fAoWOIlzbsPRDUBnubnT73NLspv7yqyXOmFFTKIGnE1HVO+70sRu0rqVZCRP12yEHn9TTXB06l1lqF+TqfL6PYqrgQ5/AuLvjAdnqxVSajQe0CDnQ6d/xzfHpRlSL8jv+1L0O86l9rvK/Upig/c6NjMv8MzqIPut/2gfVj95bWOMLUg0NVb4tR3haD/D3cHPu8zAaVVdd3ZaYV1yinvEYDpiY7Pq+z22U0SGV/dm5KUrDXgeM9TAeOb8qPyWWasipXewrrOxgrauoadD0eKuw+3L32ifTUe2Oj9f6aAt31faa6hnjo7sFtNDLO55B1Hc8+SSrQyDhfhXjXz9tlvQJ1yZepSi2qUUxA/dyEepnkZjyQDKYXVys2yCzjIcLCSD/n70tTz9bNaNBFPQM0fUORRsf76fMNRRrS3kdRfmbZ7dK+shrFHvSM3YwGRfuZHV2sn53fTpOW52roB7sU6OmmCb0CdduAkL89H8eL2ECLerTx0KvL87Qt16qzOvtqScqBMNZul9KKqvXc0lxNXp7n2F9mrVPvCE/Z7VLWX+bW22JUG+/G/05I0o58q55bmqNNOVWy2uyy26Wy6jpZbXVyN7n8/40CAAAAAAAAALgwlw+AR3UJ1s1ztiu1sMqx9u5+dnv9a4Pb+nsopcC5o293fqXaBhy6c3g/o6FhcrT/Wstu7uvo8P0nov3dNX+Lcydv1kGdwm393WWrsyuj2KroPzued+fX31PbgIavvz4exQd7qJ2/WTM3FalfVMNOVrtdivI1y1Zn197SGkX+uUZralH9PO3fPlLRfma19bPot+viGv28uKr2sOcwyO60nVdu04TZafr0vHY6raOPjAbpnT/yNWeLc1dxI18th+bc6+jOfhrd2U9WW50+31ikK+akaccdXeTr7noB1+6Cai3bUy5vi1Fd39guSbLLLrvq1wV+dFiYJMnwl0lt629Ryvpi1dl1yBC4ucb3DNDJ7+9SVqlNMzcV6fHh+68rRfiYlVpUrROjvSRJdXYpo6TG8R8aurXx0AfntJXdLq3KrNCFM1PVI8xDw2NdN7Tf74reQbp2brpu6h/cIIA1GKRof7OeGN5GY7o0/hrzcB+zcsoP/C7a6uwqqKpp8nrXzc3QyDhfvX12lDzNRm3MrtKwD3f95TcVAAAAAAAAAIDjj+ulQH9xWd9wDYjx1+nvJWn+ljzlltWosNKmeZvzdO4nGyRJV54Qoc/XZWvRzkLV1tk1f0ue5m3O1VUnRB7m7PW8LEb5ubtpe26FY1+7AA+N7R6ia7/cqvSi+g7kwkqbvlifI1vdkUcM5/QI1c68Ci3cWb9OZl55jd4/6BXVHYI9NSQ2QHd9vVPFVTYVVNh0zzfJOrNzsEt0/0r1IdArZ0Tos/WFemxRtnbkW1VRXacdefXr8c7eUqz2gRYNauutRxZmqcRaq8LKWj22KEendfBt8lXKhzM63k9l1XV6cVmuSq11stuljJJq/fCXtWUPJdzXrOSCA53o5TV21dnt6hnmLqNBKqi06dOkwkOcoaHD3WtyvlVLUspU9WdHY4iXSQbpkK/FPZ5NSypQTIBZK6/vpCVXd9SSqztq6dVxundwqKZvKHJal/dgo+P9ZKuz68mfs1VqrZOtzq5VGRWqOEwHd1M6BbsrMcJDd3y7V2XVdRodf6Cdf3xCgF5dnqeUwmpZbXV6aVmO7HZpZJyvqmvt+mJTkYqramUw1Hcqm4wGuR3qfwG4kNHxvpo9PkYTBzbe8Xx9v2A9uzRH67MqZbdLlTV1C9Kr2AAAIABJREFU+jW1XKlF9SHvxT0D9PaqPFlt9c/t/TUFKq9u+m9tUVWtuoS4y9NslK3OrrdX5R/9mwIAAAAAAAAAoAW4fAewyWjQd9f20ktL0nTv/GTtLqiUv4dJiZG+unNIW0nSKXGBmnp+F90+d7vSi61qH+ih6Zf20IAYv2Zf58XRcbr6iy2qqK7TxCFt9fiIWE0b311P/ZSiYW+vUU5ZjYK9zBraMUDn9Qw94vsI9jJrwTWJmjhvhx53S1GAp0mX9g7T7I25jjEzJ/TQnV/vVPyLv8sgg0bGB2nymE5HfK3W7NQOvpp/WawmLc/VqGkpqrTZ1dbfrFHxvhoeW79e6vvnROuRRVnq/+5OGWTQ8FgfPX1q2N++pq+7UfMuaa+nlmRrwNSdKq+uU6SvSeMTAnV6J9/Dn0D16wPfsWCvPlpbqMQID80Z316PDQvT2Ol7FOxpUoCnUWd28j3iNUgPda/WWrue+yVHO/OtMhoMaudv1sfntnNa29ZVVNfa9fnGIt0zuE2DoP/G/sF66488fbezpNEw1dfdqLmXxOjxn7PV9+2dstXZ1b2Nh6Zf0O5v13NJQqDu/G6vrukT5NTNevfgUNXW2TVueqpKrLVKCPfQrItj5OtulNVWpy83FeuRhdmqqatToKebbh8QoiHt/xvrAJvdDBravulO5xv6BcvDZNCt8zOVXlwjT7NRiREeevbU+vfp3zM4RI8tztbwD3cpwteiE9t6Ki6o6f/8MvnMCD26MEtTV+fL4mbUuG5+mrmp6KjfFwAAAAAAAAAAx5phz55tx/yNl8uXr9X48eOP9WVxDHz++ec6/fRTWroMtBIbNmxVQkLXli4DzcTzOrY2bNiq2NiIli4DAAAAAAAAAOBiXK8VEAAAAAAAAAAAAAD+owiAAQAAAAAAAAAAAMBFEAADAAAAAAAAAAAAgIsgAAYAAAAAAAAAAAAAF0EADAAAAAAAAAAAAAAuggAYAAAAAAAAAAAAAFwEATAAAAAAAAAAAAAAuAgCYAAAAAAAAAAAAABwEQTAAAAAAAAAAAAAAOAiCIABAAAAAAAAAAAAwEUQAAMAAAAAAAAAAACAizAtX762pWuAi/nhh8UtXQJakX379rV0CTgCPK9ji/kGAAAAAAAAABxtBrvdbm/pIgAAAAAAAAAAAAAA/xyvgAYAAAAAAAAAAAAAF0EADAAAAAAAAAAAAAAuggAYAAAAAAAAAAAAAFwEATAAAAAAAAAAAAAAuAgCYAAAAAAAAAAAAABwEQTAAAAAAAAAAAAAAOAiCIABAAAAAAAAAAAAwEUQAAMAAAAAAAAAAACAiyAABgAAAAAAAAAAAAAXQQAMAAAAAAAAAAAAAC6CABgAAAAAAAAAAAAAXAQBMAAAAAAAAAAAAAC4CAJgAAAAAAAAAAAAAHARBMAAAAAAAAAAAAAA4CIIgAEAAAAAAAAAAADARRAAAwAAAAAAAAAAAICLIAAGAAAAAAAAAAAAABdBAAwAAAAAAAAAAAAALoIAGAAAAAAAAAAAAABcBAEwAAAAAAAAAAAAALiI4zIA/n57vqKf/q1ZYx/4dpcum775X67on5mRlK0er6z828dX2epkuHexkvMqmzX+SObvWDhUPTOTsjXgzdUqrLQd46oAAAAAAAAAAACA40+rCIBXpJbIcO9iFTUz5OsW5q1nzujQrLFju4foin4R/6S8v+XXlGIZ7l2sq7/Y+q9fy2w06M1z4hXqY27W+COZv36v/aGP/9j3T8r72/Us2VWod1fs1Y/X9Vagp+lfrQEAAAAAAAAAAABwBcdlqtYuwENXntC8UHdgjP+/XE3jpq7IVJCnSTOTsvXqmE7y9/j3ptrNaNCtg6ObPf5I5q85amrtMrsZ/vbxTdUzrGOghnUM/CelAQAAAAAAAAAAAP8prTIAnjhvp/aWWOVhMmrDvjKVVdfqriFtdfOg+pDz++35uvaLbcp4dLAkqc4uvb08Q28tz1BakVVBXiY9clqsrjsxUg98u0sZRVX63yXdJUk5ZdWaOG+nFicXymCQTo8P0uQx8Qryanwq9u7dq8jISNntdmVnZys8PPyw9RdW2vTlhhx9cGFX3T53uz5dk+UU0P6eWqxb5mxXcn6lEiJ8dGaXYKfjEyev0gW92uinHQVamVaizqFemn5pd/2RXqLHf0hRYWWNLusTrv8b11kGQ/0roD0fXKKd9w9UXIjnEc/fop2Funf+TqUUVMloqO/IXXZLX02ct1Obssp0/7fJembRHvWO9NGXl/dU4uRVOr1zkFamlSi7tFpPnd5BA9v767ovt2p1eqmqa+vUI9xHk8d00ont/Bz3tWhnoR77Ybe2ZJfLZDTo3J6hevf8Lg3qqam16+mFKfp0TZaKq2zqE+Wr18bGq0e4t2N+RnUN1h/pJdpXUi2DQXrr3M46OTbg8F8uAAAAAAAAAAAAwIW1ygBYkr7Zkqdlt/RVv2hf7citUOLkVRoZH6y4EM8GY19flq5Xf0nTFxN6qn87P+WVVyutyNroeS/8dJMCPU3adt8A1drtuvSzzZrw+WYtuKZXo+NfeuklnXbaaRo1apRuvPFGPf/88+ratesha/9k9T75WNx0fkIbrUwr1tQVmY4AuKDCplHvr9fTZ3TQTQOjtH5fmc76YL2CvJxf3/zhqr2adXlPdWnjrRtmbdOYjzZoaIcAJd3VX7nlNRr45h86vXOwxnQP+cfzN+HzzXruzI668oQI2ers+j21WJL02thO+jWlSLcOjm7QoTt7Y66W3dxXEX4WSVJaUZVuGBClWZcHyexm1Is/p2rcxxu068FB8jQbtTqjVKM/SNKHF3XT+QltZKu1a1V6caO1P7MwRTOSsvXDdYmKCfTQ0wv3aMTUddp+30D5ebhJkuZuytXSm/oq1MesT1bv02XTNyv14cGHfC4AAAAAAAAAAACAq2sVawA35vTOQeoX7StJig/1UqdQL63JKGl07Ju/pevxkbEaEOMno0Fq42NxHHuw3fmVWrq7SK+fE68AT5OCvcyadHYnfbstX/tKqhs99xNPPKGvvvpKU6dO1QsvvKCHHnpIS5cuPWTt763I1KV9wmVxM+ia/pHamFXuCFW/2pSjcF+Lbh0cLTejQX2ifHV1/8gG57hhQJR6R/nK02zUFf0itCu/UpPO7qQAT5M6hXhqRHx9B+zRmD93k1HbciuUUWyVyWhoVifttf0jHeGvVP8a53N6hMrb4iaLm0GPntZe5dW12ppTLkl6a3mGLugVpkt6h8niZpCXxdjk650/+mOfHjktVvGhXnI3GfXkyFhJ0oKteY4x1w+Icqx5PKZ7qNKKrMoubfwZAgAAAAAAAAAAAP8VrTYADvF27oj1NBtVaq1tMM5ul9IKqxQf6nXYc6b/GXC2C/Bw7Ov4Z0dselFVo8cEBATonnvu0WeffSYfHx9ddNFFev3115u8xrKUIm3JqdDV/es7ZhMifNQv2lfv/p4pScootjbowo0LbtiVG+nv7vjZ2+Imb4tRAZ6mg/Y1Ph/7NXf+JOnrqxKUUlCpxMkrFf/i73p5SVqT590v6qD6JKnUWqtbv9qhLi+tUNtnflP7Z5ervLpWuWU1kqQ9Bc17Rna7lFliVceD5sTNaFBMoIfTMzr4/jzNRkcNAAAAAAAAAAAAwH9Zq30FdHMZDFK7QA/tzK08bOdqW3932ersyii2KvrPAHN3fmX9ZweFwgdbvny5XnrpJU2ZMkULFy7U4sWLNXXq1CavsT/oHTk1ybGv1GrT5qxyvTY2XtH+7pq/xblTNauFO1d7Rvho5mU9ZLdLy1OLdeb7SeoV6aOR8UEyGho/xvCX/Y9+v1s78yr06y19HeFs4KO/yC67JKl9kId25lYcthaDQYryc1dKQaUGt/eXVL/Gc2phVZPPCAAAAAAAAAAAAEC9VtsBfCRuGRStp35K0aq0EtntUm5ZjdZklDYY1yHYU0NiA3TX1ztVXGVTQYVN93yTrDM7Bzu9zvhgP/30k6ZMmaJu3bpp48aNmjp1qkJCGl93t6DCptkbczVlXLyS7urv+Lf1vgHyMBv16ZosndMjVDvzKrRwZ4EkKa+8Ru+v2nv0JuMIVdfa9b+1WSqqtMlgkMJ8LDIZDTL9mfxG+LlrezOC28LKGrUP9HCEv++uyFRRlc3x+U0Do/TF+mzNSMpWda1dFdV1Wrq7qNFzXXlChJ5btEe78itltdXpyR93y26XRndtfN4BAAAAAAAAAAAA1DvuO4Al6c4h7eRmNOiKGVuUXlylYC+zHj0tVn0bWQd45oQeuvPrnYp/8XcZZNDI+CBNHtOpyXM/+uijMhrrc/KXX37Z8XNjPlm9TwGeJl17YpQsbs4tsjcOjNK7KzJ120nRWnBNoibO26HH3VIU4GnSpb3DNHtj7t+8+3/Gbrfrf2uydOe8naqpq1OQl1n3D4/RKXH16/PeNzxG136xVe/8nql+bX310/W9Gz3P4yNidcWMLerz6ip5W9x0VrcQtQs48JroE9r6ad5VvfTYD7t1w6xtcjcZdV7PNhraoWHX9iOnxaq2zq5T31mn4iqbekf56sfrE+Xn4fbvTAIAAAAAAAAAAADgIgx2u93e0kUAAAAAAAAAAAAAAP45l3gFNAAAAAAAAAAAAACAABgAAAAAAAAAAAAAXAYBMAAAAAAAAAAAAAC4CAJgAAAAAAAAAAAAAHARBMAAAAAAAAAAAAAA4CIIgAEAAAAAAAAAAADARRAAAwAAAAAAAAAAAICLIAAGAAAAAAAAAAAAABdBAAwAAAAAAAAAAAAALoIAGAAAAAAAAAAAAABcBAEwAAAAAAAAAAAAALgIAmAAAAAAAAAAAAAAcBEEwAAAAAAAAAAAAADgIgiAAQAAAAAAAAAAAMBFEAADAAAAAAAAAAAAgIsgAAYAAAAAAAAAAAAAF0EADAAAAAAAAAAAAAAuggAYAAAAAAAAAAAAAFwEATAAAAAAAAAAAAAAuAgCYAAAAAAAAAAAAABwEaaWLkCSNuxdoR+3fam88n2Nfh7lH6tu4X3l6xFwjCsDAAAAAAAAAAAAgEPzMHkpyj9Wwd5hLV1K6wiADxX+StKQTmepfVAnuRlbRbkAAAAAAAAAAAAA4FBRU6rMohQC4P0OFf5KUseQrseoEgAAAAAAAAAAAAA4Ml5mX1XZKlq6DEmsAQwAAAAAAAAAAAAALoMAGAAAAAAAAAAAAABcBAEwAAAAAAAAAAAAALgIAmAAAAAAAAAAAAAAcBEEwAAAAAAAAAAAAADgIgiAAQAAAAAAAAAAAMBFEAADAAAAAAAAAAAAgIsgAAYAAAAAAAAAAAAAF0EADAAAAAAAAAAAAAAuggAYAAAAAAAAAAAAAFwEATAAAAAAAAAAAAAAuAgCYAAAAAAAAAAAAABwEQTAAAAAAAAAAAAAAOAiCIABAAAAAAAAAAAAwEUQAAMAAAAAAAAAAACAiyAABgAAAAAAAAAAAAAXQQAMAAAAAAAAAAAAAC7iPx8AZ5WmH9XzWWuqNPTansrITpMkvTP7VT3z3gN/+3wrNy7TefeedrTKa9Qrnz6l1z579l+9xtFy07OXaP6y2S1dRqtyPD2/o+FwvxP5xbkaem1PFZcWHsOqAAAAAAAAAAAAWgdTSxfQkuZu/EhJe3/X2B5XqnfUoGYds3nXet38/GUN9veI660pD0xrsP+kxOGqrKr42zW2j+yoa8659W8f35I27UrSZ9++ry27N6rKWqnYqDhdOeYmDeh5ckuX9q9Zvn6pXpv+rL548ceWLqVVeOuLV1RcVqgHrz56AfXx/DsBAAAAAAAAAADwb/vPBsD7w19JmrfpY0X4tVW4b9tmH//VpJ/l7eXj2DYaGm+m7tEx8R/VGRYcqVGDz/lH52gp+/Iy1K/bIN143p3y8fbTN0tn6eH/u0MfPjFbMRGxLV0ejlPH8+8EAAAAAAAAAADAv+0/GQAfHP5KUmLkwCMKfyXJbLbI3exx2HHvzH5VeQXZeuS6FyRJVz9xnob3O11/bPldW1M2qm1YjB677kVtTd2sj+ZNUVl5qUYMHK2Jlzwsg8GglRuX6aVpT2r2ywslSW/OeEF5hbmymC3albFDVdWVumDE5Ro3/GJJUk5Bll6e9qS279kkm82m2Kg43XzRvereIcFR0ze/zNJn376v0vJiDeo1VAaDUSYPb8fn21O3aMrMl7UrY7v8vP01avA4XTLqGrkZ3VRjq9br05/XsnWLZbNVy8fbT9eOu00jTjyrwb3/dd+VY27Slws/1bY9m5oMgCuqyvX+V2/o16SfVVlVoe4dEzTxkkcUHhLZ6Pi121bp/TmvKzUrRf4+gbpgxATHXCxbu0hvz5qkc4ZdrOnffyhrdZXGnXKxLhxxuV78+DGt3bpSYcFRevDqp9U1tqckyW63a+6SmZqz+HPlF+YoOqydbr7wXiV27nfY+c/MSdcr055UUWmBLnlolCTpgSufVkJ8Xy1a9a0+nf++sgv2KiIkUleNuUUn9zlVkrQvL1OTP31aW1M2SpJCAsL0+I0vKjayU6P3fLjnl5mTrilfvKzNu9bLzc2kIX1O1Y3n3ykPi2ej58vMSdNbX07S5l3rVVNjVWxUJ71wxxT5ePqqsCRfb854SWu3rZTBYFD/7oN084X3yd/HX1L993lAwsnatmez8ovyZJBBd132sBLi+2rhqgVa8Osc1dXVaWPyOknSJ0/NlcnN/LfnWFKD34n8ohy9PO0JbUxOUoBvoC4981qn+7PV1uiT+e/qx9+/UXlFmTrFdNVtF9+nDlHxjc4HAAAAAAAAAADA8cwlA+DfUxcqMXKQPM1eDT5rLPw9p+dVx7I8ffvbV3rypslqFx6rSdOe1ENTbldCfD998PgsFZUU6uYXLtUJ3QfrpMThjR6/fMNSvXn/x+rSvofSsvbo2icv0AndBik6rJ3s9jqNGXK++t00SSY3k6Z/96EenTJR05//Vh4WD63dulJTZr6slya+pR5xvbVw5Xd64cOHNWboBZKkorIi3TP5el008kpNuutdZeSk6v7Xb5HJZNL4M67W97/N09aUjfrfs9/I18tP+cW5KisvadZ9787cobKKUsW17dzkmOc+fFg2W7XeeWi6fL399OG8KXrkrTs09dGZDbqsd6Zt04Nv3KJHr3tRA3sNVVrWbt376k0K9gvRkL71a8Rm5+9TQWm+pj+3QOnZqbrl+Qlas2Wlbr7wbj1x4yv6cO4UTfr0Kb3/2JeSpNmLpmvO4s/01E2vqkN0Jy1PWqKH3rxNHz01R2FBEYed/3suf1yvTX9W05/71lHnum1/6IWPHtOzt7ymPl0HaMXGZXr87bv1xv0fq3uHBL035w21CQrX87e/KTejSelZKfLx8mt0fg73/CqtFbrzlat1+uCxeuz6l1RVXaWnpt6rd2e9pjsuebDB+cqrynTHy1drWL+RevDqZ+Rh8dSWlA0yudX/aXj8nXvk6+2nT5/5WrV1dXr2vQf03AcP6sU73nKcY9m6n/XmfR8pwDdI3y2fp2fef0BfvPSTTus/Wjv2bG3wCuhZCz/7R3P8V0+8e6/aBIZr9iuLVFlVocfevsvp82nzp2rxqu/08sR3FR4coU/mv6u7J9+gT5/5Wj6evo3OMwAAAAAAAAAAwPGq8fcWH8fmbvxIP2z7Qp/8MUmVNRUNPjta4e8lD47S2RNPcvx7Z/arzT727CEXKL5dV3lYPHTGoLHKzEnXLRfeI18vP7UNj1G/roO0bc+mJo8/ofsgdWnfQ5LULry9osPaakfaZkn1r8c9uc+p8nT3ktlk0RVn36gqa6VS9+2WJH3321caMeAsJXTqK6PBqJEDRqvrQd3BvyUtlo+Xry4ddY3MJotiIztp/OlXacGvcyRJJrNF5ZVlSk7brhpbtYL9QxUT2fGw91xcWqgn3rlPF59+pTpGN955mVOQpWVrF+nOyx5VkH+IzCaLrh13uzKy05SSmdxg/JzFn+uU/qN0Uu9T5GZ0U2xkJ517ynj9uHK+Y4zZZNF1426Xl4e3Osd0U5f23dUzLlG94vvJ3eyhUSedq+T07bLV1vx5zs905ZibFde2s4wGo07qfYq6xyVq2drFzZr/xnz76xyd1v9M9e9xkkxuJp2UOFyDew/Td79+JUmymMzKLcpR6r6U+nNGdFCQf0ij5zrc81u2brFMJrOuGXurPCweCvAJ0DXn3KafVsxv9HzL1i6W0WjUzRfeIx9PX5ncTEqI6yMPi6cyc9K1fsdq3X7x/fL18lOAT4Buvuhurdi4TPlFOY5zjBlyvgJ8gyRJg3sNU3ZBlgqK85qcj6M5x5k5adqwc61uueheeVg8FegXrCvOvvEvczZXE0bfoHbh7WUxu+vqsbdIklZs/KXJGgEAAAAAAAAAAI5XLtUBnFWa7gh4s0rT9ckfk3TFCXfL0+x11Dt/37zvY3l5HlgD2NOjYbdxU0IC2zh+9nD3lIfFU74HdXx6uHuqsqq8yeP9fQKdtt3NHqqoqg+7y6vK9N7s17V66wpVWStlNBpVaa1QcWmBJCmnMEcDE4Y4HR/d5sDrr3MLshURGi2DweDYFxkarZz8bEnSyAFnqagkX1O+eEkZ2Wnq3bW/bjrvTrWL6NBkvflFObp78o3q1+1E3Xj+XU2Oy8rLlCTdPfl65/uzeCi/KKdBcJyVl6FdmTt12SNrHftqbNWKDIl2bAf5B8vN6ObY9nT3UnBAm4O2PWW321VprZSPp0n7cjP1/ldvaNr8dx1jKq2V6hLb3bF9qPlvTE5htvp1HeC0LzK0rXZn7JQk3XjhPfrk67f18P/drgprhYb2GaEbzp/YaHfq4Z7fvtwM5Rfl6bJHznbss9vrZDAaVFFVLq+DXhUt1c95VGjbRtewzi3MlpvRTWHBB16/HRlaf63swmzHPPr7HpgPd4u7JKmiqkJB/g3nwm63H9U5zi3Mkae7l1NgHtXmQJew3W5XbmG2Itsc+E64Gd0UHhTh+E4DAAAAAAAAAAC4EpcKgMN922psjys1b9PHkg6EwAFewdqWneQYdzRe+xwc2MYptG0tPpz7f8rISdOU+6c5grnRtw+S3W6XJLUJbKPCknynYwqK8/+fvfsOj6La/zj+2U0PaZBKGi2hdyJSFVCjIFKiUqRYLqKiKFdA8adysUu1AQpeBTsICFIswBUFpKr0HiCQEFqAkF42u78/1izZFAgYSAjv1/MMs7Nz5pSZsxOe/e45o5AAawDbv1qgTiQl2u1PTDqmAN9ASdbgWf+7HlH/ux5RSvp5TZ83WW/PHqvpL3xZbH0STydo5JRH1SkqWo/d+++L1j3Q1zr979TnP7ONKL2YIN9g1aheWyMGvHjJtKVhMBgU6Ftdj9/3rDpFRV9xHoUFVA1U4t/B7XzHTyUooKr1nPp4+OiZB17QMw+8oGOn4vXKjFH6+sdPNDRmRDF5Xfz6BfoGK8gvRJ+9urBU9Q3yC9EPvy+U2WIuEgT2rxqoPHOeTp09oYBqQbZ6S1Lg33W/FKPRPs+yOMf2dQxQZnaG0rPSVMXV+oOMgqOPDQaD/Kta+3TTiJaSJLPFrBNnj9v6NAAAAAAAAAAAQGVS6aaAbhHSTj0bP2TbPpEaX+bBX0nKzc1Rdm6WbcnJzf7HeZaF1PQUBfkG24K/i3/7VmkZqbb9d7brqZ/XL9Hpc9bRj3sO79CfezbY9rdv3kUpacn65qdZyjXl6EjiQc35eZa6tY+RZH2ebWz8PuWZ8+TuWkUebh52I2wLOnr8kIZPeEhdWt+lh3o8YTtXeea8YtMH+garQ4suGv/Zf3Ty7HFJUkr6ef2y+SeZ8kxF0vfs3Fc/r1+iNX+tlCkvV6Y8kw4m7NfOg1uLpC2te28boP8uel/7juyWxWJRVk6WtuzdrMTTCaU63tfHX+dTzykl/bztva7te+mXTT/oz90blGfO07ptv2nt1lXq2r6XJOnXP5br5Blr0N3bw1vOTi5ycCj+txmXun4dWnRWZlaaZi2ervSsNFksFp08k6h1234rNr8OLTorz2zWjPnvKD0rTaY8k3bEblFWTqZCAsLUtG4rTZs7UWkZKTqfdl7T50/RzU062o2ivphqXn5KOBVvd83/6TkuKCQgXI0jWujrHz+VJOWZ8zRn+Wy7NHe176kvln2sY6eOKic3W7MXfyiLxaI2TawjqVdt/llLfpt32WUDAAAAAAAAAABURJVqBHC+FiHtJMk2EjhfWQV/Jan3yM5224G+1fXt+OVlkvc/8eA9T+itT1/UkFfvl6uzm9o1u1WBf4/elKSohm31cI8nNOqdx+XjWVWB1YLUKepO234fDx9NenaGps2dqC+XzZRHFS91bddLfaIHS5KSzp/UlK9eV9K5k3JydFLdGg01avC4YuuydM13Sjp3Ul8u+6++XPZf2/tDY57RgG5Dij3m//71hj5fMkMjJj6icyln5eXhreZ1o3RrqzuKpK1fs7HefOoDfbp4miZ8Nk4Wi0Xh1Wtp0N1Di8m5dO67faBcnF309qcv6eSZ43J2dlH9mg31VN8xpTq+bngDdW7dVQNevFvmvDy9+sQ7atWwjUYOHqf3vnlbp8+dUJBvsMY+Ol6N6jSTJO2N26lp305UWkaqXF3c1KZxBz1w1yPF5n+p6+fh5ql3Rn2qmQve1aAXeygrO1N+VQPVtX0PtWt2a5H8PNw89c7I/+rDeZPUf0xX5ZnzVDu0rt5+eqokadxjEzV1zkQNePEeGQwG3dSwrZ7q+1ypz2d02+5as/UX9RxxiywWsxZO+fUfn+PCxj02URM/f0WPvtpHHlW81KnVHVr950rb/sF3D5XZnKd/Tx6i9Mw0RYbX1+RnZ9qm2N60a51OnDmme269/4rKBwAAAAAAAAAAqEgMlvy5gcvRmCUPXHT/S3dNv6J8txxbZwsCl2XwFwAAAAAAAAAAAAAK2n38L7UO71Le1aicI4Dz5Y8EPpkar7u9UQn3AAAgAElEQVTq9y3n2gAAAAAAAAAAAADA1VWpA8DShSAwAAAAAAAAAAAAAFR2xvKuAAAAAAAAAAAAAACgbBAABgAAAAAAAAAAAIBKggAwAAAAAAAAAAAAAFQSBIABAAAAAAAAAAAAoJIgAAwAAAAAAAAAAAAAlQQBYAAAAAAAAAAAAACoJAgAAwAAAAAAAAAAAEAlQQAYAAAAAAAAAAAAACoJAsAAAAAAAAAAAAAAUEkQAAYAAAAAAAAAAACASoIAMAAAAAAAAAAAAABUEgSAAQAAAAAAAAAAAKCSIAAMAAAAAAAAAAAAAJUEAWAAAAAAAAAAAAAAqCQIAAMAAAAAAAAAAABAJUEAGAAAAAAAAAAAAAAqCQLAAAAAAAAAAAAAAFBJVIgAsF+V6hfdfzBpj/LMpmtUGwAAAAAAAAAAAAAovYzcVLk6upd3NSRJBovFYinvSmxP3KDle+cpKf14sftDvGupYVArebr6XOOaAQAAAAAAAAAAAMDFuTq6K8S7lnyrBJZ3VSpGABgAAAAAAAAAAAAA8M9ViCmgAQAAAAAAAAAAAAD/HAFgAAAAAAAAAAAAAKgkCAADAAAAAAAAAAAAQCVBABgAAAAAAAAAAAAAKgkCwAAAAAAAAAAAAABQSRAABgAAAAAAAAAAAIBKggAwAAAAAAAAAAAAAFQSBIABAAAAAAAAAAAAoJIgAAwAAAAAAAAAAAAAlQQBYAAAAAAAAAAAAACoJAgAAwAAAAAAAAAAAEAlQQAYAAAAAAAAAAAAACoJx/KuwMVYLBb9sClWWw+d1Mb9xxV77IzSM7PLu1q4TlVxc1FEqJ9urhuk5rUCdffNkeVdJQAAAAAAAAAAAKBMGSwWi6W8K1GcjXuPqf/ExUp3rKIs5yrKcXJXjou7zEYnyWCQLBbWrC9rbTTnyjk7Xc65mXLNSZdnXobmPNdDUXWDy7u7AwAAAAAAAAAAAGWiQgaAH3r/Jy3fcUwnfSNldqjQg5RxHTPm5SrwTKzubBqqWcPvLO/qAAAAAAAAAAAAAP9YhQoAm8xSy+fnKi7TUaleQeU+YpT1jbH2TDmu2u5m/fF2HznyVGwAAAAAAAAAAABcxypUuOuxaT/rcKaDUr0CrW9YzKxZX/V1qleQDqUbNezD5QIAAAAAAAAAAACuZxUmALxuzzH9uD1BaZ5B1jdsQToL22xf9e1Ur0At23JUG/clCgAAAAAAAAAAALheVYgAsMVi0aBJi3Wyam1JlgJBOku5bq98pLH2PNtKrUM89OvQpmoe5P6P8985oqUsb3bQmFvDJItF9f1dZXmzgyxvdVSop1OFav+13J7Tv74sb3bQf2MiSkx/XyNfWd7qoKxX21+V+pyoVlsPTFysCjQrOgAAAAAAAAAAAHBZKkQA+IdNsUpxcJfZwbFQcO7S6xbVqyjtlfYaelNQqY97sGWgLG91lOWtjjrxYhvrc18LpQv1dJI5NUndR07Sm7cHK+30cW2PPXrZ9Suyzkyxrs8ft26eP6eNuw9p465Dys5I++f5X6X10gcbyfJWR03tUeeq5H9g7x5t3H1IB/fvLTld6inra3PeVWmn2cFJqQZX/fTHQQEAAAAAAAAAAADXI8fyroAkbdx/XDlOblcUtHPIOq8qzkY5p58u9XFDmnnbyg70cNI99apq4e6zdukSTp9T9MtLpDptdfvI9ySjg9TgtsuuX7HrfBaLjpzPUZuRH1m3G9wmOTsVe5yzg0E5eeUYBE5NklRNOn/iquT/8sK/9PKspVK1cCmsaQnpZO8q1CPbyV1/xp5Q15siBAAAAAAAAAAAAFxvKkQA+K+DJ5Xj6CbJYg3yGVRobbAG6Yq8rwLBO3Opjq/n56YOdQMlSZv3HNZNDWppSIuqWrjrjC39nAcaqm8zf3238yal5+Qpuu6dMkiatv6YXl15RDJIrUM9Na1XpGpXc5OXq4PSsvO0KSFVo5Ye1I6T6ZJFquJs1Hs9ItWrkZ9y88yatDr+QqMt1n/qhwZoz7sTJElhb25QwvlsnXi5nQI9nPTq/46oU20ftQn30pBv9+iLbaeLtM/HxVFjOoerVyM/1ajqorTsPC3Zc0aPzNsnGaSG/u56/a5aujnMS16uDopNytSHGxL1303HZZZU389de0bdJEkasSRWD7UKUqSfu7YfT9ND8/Zq/+lM7Xz2JjUKdJckPXlXSz15l3QmwyS/V3+Xo8Ggx9sE69HW1VXH101J6blatveMXvzpsJKzTZJFtvZM/C1eLUM8dVOop06n52rEklgt3XNGMhg0Z8wA9W3mr082n9CQBfskixRdt6om3V1HkX5uWn8kRT/+FVvg/FmvZzVXR/3njpq6u76vgr2cFZ+cre93J+n1/x1RSk5eKfqP/f4cJzdtjj3xzzs1AAAAAAAAAAAAUA4qxBTQhxLPKMfJtdCITEsxwd0S9lvfLNXxQ1pUkyTtPXJcY79aKUm6s1F1hXo7X0j/91TDMY395JmbrKWrNynAw0mv3FFT7Wp4SRaLgp0yZcw8r9lLV+mVTxYq9kiCoiOratGgBnI0WOsztUcd/eumILk7mLVq0zY9HuWn+uEB9vXNSr3QhOx06zo3U5L0cpcaMmac07crN+jsifgi7XMySL891kzPdwpTcBWjvl25QSs3bFUDrzxJFtX1ddWm4S3Vu5GfjiYc03e/bFQDf1fNiKmrt+6qVaT8F24J1k9rNirx1Gm1reGlqd1rSZK+WPI/HU48LUnaFhuv975dro8WLJcsFk3tGaEPekbI3yVPU75ZpgOH4jSsbbBWPtpEDvlDdv9uz4gOIdqzZ48279qvOr6u+qJPXbk7Ga3XJ3965xTrCOMIX1ctfaixmgRV0e6D8Tp7IkFvxLS0u97ORmn14830dPsQGXPS9fXPv8vDmKPRt4bp5381kVGl7D8F9uc4uelAfJIAAAAAAAAAAACA61GFGAEsyT4YZxuRaSh2e+2wlmpf09vu8A8Gd9QHBbYNz60qcryTg1GDo4IlSXN+3aKVSVWUlJwqPx9PPdy8ml777fjfwUCrLfuPqPfrX0rOrurULFJ1QgJ0k5+07oj001+Htei77ySvQLm6u+vb9fu179Mxqu1XRRHVXHT4bJYGtaouSfr3B3M1Y+0h+Tt8p/hvXpODc4G4e4HyCm/PW7VJfSfOl1w9JN+akm+4XXvujKyqpsEekqTOT0/Un2cskjlPTqZMqdFdeqyVn6o4O+jgsVNqP3K6zK5e2n4wXpOe7Kvh7YL18vLDduUNnfCZFh9I165Dx/TFC4N1U6inZDFr/Ko4dWxcS7WC/bV29xGNmLdVMjrKp35rDWltbeNzHy3QT3FZmvG/nTrw8Ui1CvXSbRE+Wr7/nC3/qfNX6tl5fynU3aL4zxvIx91ZkVUdte1UwWf6WlcPNasqJwej4k+e1c0jpsrk5K7JD7TTs/3utPWXOyOrqlHQ3+0f+Z6OZLuo1ZK1+mPGC2pTw1vtwr20Nu78JftTkW0AAAAAAAAAAADgOlUhAsCRoX46nJSpLAcn6xuXeFbrz6s3KG6flySpmlcVdW3bVJv3HNb+o4Wm7i10XI/6VRXgbZ3KeM7WUzJ5hmnB6i16rMcteuSm6nr918S/Z2a2pt8Wd1Jq0EWSdD4jW5LkaciRLBY1qBepSaPvVpsa3tZRrAUEOuUqx9NJDkaDJGlLWhWp7i06nZOp+FNnFREaYF+/IvW1rlbsPi416Vpie2q4ZEmSMrNz9KdzPSnST5KUa86TJIW7mSRJe46ekrlxV8lg0M60FEmSm7Oj/Fzt673NFCDVrKbzbrnWtro5W3eENJbyr42zm1TLOmV0SBWDrY1f/N/DKizSPVfLC7Rn22mTVPtmnVeWLY2nIbvY85Bf951xx2VqfJdkMOqvU+l2ycKdrfmkZWTpiN9NkquHdmadvbDfJbvY83axtXNupiLD/Iq0BQAAAAAAAAAAALgeVIgAcOvIIP16PEFZrl4FRmKWvH7txz1ShnVkZ1QNX3Vt21Sf/7JFU1fsvJAuskOR44a09LWVufedh+zqUNPfS7dHVNWKAxcCiHlGJ9vxthDl38HVWX3qqVmojxat3qKp81eoipuzvh8/QpJkyMtR4ukMmc0WGY0G1Qytrk37MuXmXkVBvn+PXC4cfMxXYDvLyfOi5+HICetUxW4uzmpZt6b+SkyzjnR2dFRunllHT56RJNWvUV1GwymZJTWqGSLJGjROOp8qL2+nC+118ZIyLbIYHe3rYzDIlGcdGWuUwfb+sVNnlZdnloODUaOnztHWA0dthzk6GLVPgZJDyIX8ndwki0UWhwtlKs8kyUGFxf9d95rB/pLhlGSxqFZIkF298tvn4e6q8MBqOno+x9Y+SYo/dUayuF+yPxVcO+dmqk3dsCL1AQAAAAAAAAAAAK4HFSIA3Lx2oFx/iVWKxSzJUOjZrMVshzb9+0iLVO3vKXs9/KXI9tb9+QocH+btouhG1umfN+46qBNnz9uStW8SKT8fTw1pYR8AvpBP0SCtQ26mJB/J2VU+DdpoUJtadvuzjK768uffNbhrB02Kaaqa64+rU20febi5FKpfQWbZP5bZoKLPqr1wPn7ed0bbY+PVNCJMqx5vrkW7kmQ0GFSrqqs6TP9LM3/ZqcfvilJEsK/WDGulA0kZ6tvMOvp42ne/KKfI5S85KH3kVLIkqXebusrzTNbOE2masfawZi1boyE9btXT/bvry41xyskzq46/p7o2Dlbz8atUYLBvyYop77O1+zW6dzs1CAvQ533N2n86Q6NvDbVL9vPeJO2JS1SDmsFa9VgL/XIwWV3rVZUkbdp9SL/HpUhe7pfuTwW2XU2ZalEnsBSVBgAAAAAAAAAAACoe46WTXH133xwpT3OmjHmmv4NylgvBUdu2pdB2fvDUYr8u4fiHW/jKaDTofFqGol/6RL3GL1CvCd+p1/gFev2LHyRJvVqEys+90GjU/PwuvCHJoiGTv9Zf++J0Z4sIvdazqVZu3GZ/nMGgpz5bo1lLV6uKo/RUm0Bt2rJNe48kFl9vu/KKKb+Y9ud6BunWkdM0/stlOnH6rPo08VfXSC/tP3BAspi1L89PNz/6mhat/lO1vAy6r7Gf9h1J1LBJn2nMwm2S0aHU5b/zwxat23FAPu4ueqp9qHpHukuOzhr22VoNn/KFziYna3iXenr29vpqGeKhOcvX6VxmXsntsW1bit3eb6qqHs+/p52HEtS7UTXdUcNZ78792S6fHM8g3fLv9zV1/kopJ0MDWwQoMz1Vk7/5UXe++F+ZPQMu3X8K7HfIy5W3snVXVIQAAAAAAAAAAACA65HBYik8/LJ8/LE/UT3HL1Ni1VqXTlxQ2hlp+zKpVmupev2S08Vvsy6OzlLLGOs6X+IeKW6zZDBKUfdJhzdJSXFSQKQU0daaZvsya1nhza0jkFNPS4c2SpkpkksVKaie9ThJahQteQdJphwp7g/pbLzk4CgFRFjzzTwv1WhpfbZu5nlpy/fW41rda81r8zwpN9M6jbV/7Yu335QjHdspnT0qZadLRkepWpgU0c66P+OcdHSrlJYk5eVKrl5SYKR1MRiLL/9sgrT3F+vUyG0HWfdlpUkH1kjpZ63TYPsESw1vt74+eUA6FStlpUgySM7u1vbXaGl9dnDh9uTlShu/sebb+C7JK0Dav7roOT93TDryp5SdJlXxlbwCpYTt1sB1mwHWNLlZ1uuafEzKybSWXS3Meo0KXuNSCD53SEtf6KEWEUGXTgwAAAAAAAAAAABUQBUmACxJQ6b+rHk7zyjFI6DUz2xlzbos1p5pJ9W/aYBmDLujvD8GAAAAAAAAAAAAwBWrUAFgSWrx3BwdTDErtYp/eVcFNwivtNOqV81Jm966v7yrAgAAAAAAAAAAAPwjFS4ALEn/+uBn/bj1iE56hcpscJQMsj4mljXrMlw7mHMVmHJMXVvW1H+fihYAAAAAAAAAAABwvauQAWBJ2rgvUQ9MXKwUi5NyHF2ti5OrzEbHv1PkR/NKwn722+83mk1yzs2Ss8m6eClHc8f0UlRk9YvkAwAAAAAAAAAAAFw/KmwAWJIsFosWb4zVur3HtP3wacUdP6OMzOzyrhauU+5uLqpZ3VdNa/mrfYMQ9bg5sryrBAAAAAAAAAAAAJSpCh0ABgAAAAAAAAAAAACUnrG8KwAAAAAAAAAAAAAAKBsEgAEAAAAAAAAAAACgkiAADAAAAAAAAAAAAACVBAFgAAAAAAAAAAAAAKgkCAADAAAAAAAAAAAAQCVBABgAAAAAAAAAAAAAKgkCwAAAAAAAAAAAAABQSRAABgAAAAAAAAAAAIBKggAwAAAAAAAAAAAAAFQSBIABAAAAAAAAAAAAoJIgAAwAAAAAAAAAAAAAlQQBYAAAAAAAAAAAAACoJAgAAwAAAAAAAAAAAEAlQQAYAAAAAAAAAAAAACoJAsAAAAAAAAAAAAAAUEkQAAYAAAAAAAAAAACASoIAMAAAAAAAAAAAAABUEgSAAQAAAAAAAAAAAKCSIAAMAAAAAAAAAAAAAJUEAWAAAAAAAAAAAAAAqCQIAAMAAAAAAAAAAABAJUEAGAAAAAAAAAAAAAAqCQLAAAAAAAAAAAAAAFBJEAAGAAAAAAAAAAAAgEqCADAAAAAAAAAAAAAAVBLXXQB43LhxuuOOO3TkyJF/lM8LL7ygqKgovfbaa2VUMwAVyfz58xUVFaVevXqVS/krV65UVFSU2rZtWy7lVzRxcXGKiopSVFSUTp48WWya5ORkW5odO3Zc4xpWPNHR0YqKitIPP/xQYprCf8tKc56vpJwrwfUEAAAAAAAAgPLhWN4V+PrrrzVlypSLpnnnnXfUsWNHrVy5Ur/++qtmzJihGjVqqEOHDsrKytLbb7+t22+//RrVGEB52rdvnwYMGHDRNAMHDlSzZs3UuHFjBQYGXqOaXd+++OILvffee6pdu7a+/fbbMs/fxcVFjRs3liQ5OzuXef4VxaRJkzRnzhzbttFolL+/v1q3bq3HHntMQUFBV7X8ynaed+/ercGDB0uy/qjCx8fnmhxbVlJTU9W5c2dJ0ksvvVRuP0gBAAAAAAAAcGMp9wCwn5+f7cvqtLQ0xcXFSZIiIyPl4uIiSfL09JQkJSUladq0aapXr175VBZAuXNzc7PdMywWi3bt2iVJCg4OVrVq1SRJQUFB6ty5sy3wgvJXvXp1zZ49u7yrcc04OzurdevWysrK0tatW7VkyRLt2LFDc+fOlYODw1Ur90Y7zwAAAAAAAACAoso9ABwdHa3o6GhJ0rp16/T0009Lkt566y3VrFnTlm7+/PmaNGmSQkNDNXv2bLsRv2PGjJEkdenSRRMmTFDr1q1lNpv17rvvqkOHDjp58qTuvvtuWz4F8y3o0KFDmj59unbu3Kn09HSFhYXpvvvuU69evWQ0XnezZQOVUnh4uC3AlZ2drfbt20uSBg8erPvuu8+Wbv78+Xr77bcVGhqqRYsWSbLeb86ePatBgwZp79692rNnj/z8/DR8+HDdeuutkiSTyaT58+dr0aJFSkhIkJeXl5o1a6Ynn3xSoaGhJdZrw4YNevfdd3X06FE1bdpU7dq1K5ImJSVFH3/8sdasWaOkpCQFBQUpJiZGffv2vWhQcNOmTZo1a5ZiY2OVnp6ukJAQvfTSS2rWrFmp6lu43bt371bVqlU1cuRIdezYUePHj9e8efMkWe+DUVFRkqQ5c+YoIiJC69ev1yeffKJDhw7JaDSqSZMmGjFihGrUqGF3roODg9W9e3ctW7ZMycnJateuncaOHSs3NzfFxcXZrs+yZcsUGBiohIQEvfHGG9qxY4eCgoI0ZMiQYtu/du1azZ49WwcPHpTRaFRERIQeffRRWz0rIm9vb7377ruSpIULF+qNN95QXFycDh8+rLS0NFtb16xZIzc3N/3www8aO3asqlWrpuXLl9vldeLECT311FP666+/FBwcbNdfCyvuPG/YsEEffvihDh8+rNzcXPn6+qpVq1Z65ZVX7I49deqURowYoU2bNikgIMDWPyTr52LBggVauHChEhIS5OPjow4dOujJJ5+0/UirtNezoOzsbE2ZMkW//fabkpOT5ebmprCwMA0fPlznz5+3/X2XZPu7P3r0aPXs2VNPP/20jhw5ovPnz8vBwUG1atXSww8/rNtuu00rV64s8dh69eqV6vx//fXXmj9/vk6cOCEHBwcFBgYqJiZGDzzwwCXbdTnefvtt/f777zp37pxMJpOCgoLUvXt3Wx0LXtORI0dqyZIlOnr0qCIjIzVu3Djb5zAhIUFvvvmmtm/fbjv/L730kiRp1qxZatKkiZ544glt3rxZAwcO1IgRIyRJvXr1UkJCgsaMGaP77rtPO3fu1Pjx43Xs2DGlp6fbfnQzYsQIRURESJIyMzM1efJkrVq1So6Ojho0aJAWL16sQ4cO6amnntJDDz1kq/v06dO1Y8cOpaenq3bt2ho6dGix90cAAAAAAAAAZee6jGq6uLioX79+cnS0xq87dOigfv362b6ovhJHjhzR4MGD9euvvyooKEhdunTR4cOH9eabb2rq1KllVXUAFcC8efPUpEkTde7cWXFxcRo9erRiY2MlWYMxkyZN0rFjx3THHXeoatWqWrFihQYNGqRTp04Vm198fLxGjBih2NhY1a5dW15eXpo+fbpdGpPJpKFDh+qbb76Rp6enBg8eLLPZrClTptgChcVZvny5hg0bps2bNyskJETdunWTu7u77fmul1Pfb775RrVq1VLDhg2VkJCgl19+WVlZWYqKilLz5s0lWQOX/fr1U79+/eTj46Off/5Zw4cP186dO9WtWzd16tRJa9as0YMPPqjjx4/b5Z+YmKjVq1frtttuk9ls1ooVK/TNN98U2y6TyaSnn35amzdvlpeXl+rXr69JkyYVSffTTz9pxIgR2rp1q6KiotSkSRP9+eefevzxx7V27doSz1tFkZWVpf3799u2PTw87PYbDIZL5jFz5ky5urqqXr16RfrrpZjNZo0ZM0a7du1Sz5499a9//UtRUVG22TYKmj59urKysmzB+fz+IUkTJkzQxIkTlZycrIEDByo8PFzz58/XE088oby8vFJfz8LmzZunBQsWqFq1aho6dKh69eolV1dXnTx5UuHh4brzzjttaWNiYtSvXz/Vq1dPubm5io+PV+fOnfXoo4+qffv22rt3r1588UXFxcVd9NiCSjr/e/bs0ZQpU5SSkqIHH3xQ/fv3V61atXT06NFSnffLceDAATVv3lwPPfSQYmJidPLkSX300Uf6/vvvi6SdNWuW2rVrJ39/f+3YsUMTJkyQdOHztGnTJvn4+Khx48aaPHlyiWVerN8lJSXJYrHonnvu0aOPPqqwsDBt2LBBI0eOlMlkkiSNHz9eixYtUnZ2tm6++WYtWrSoSJ+Kj4/X4MGD9csvv6hp06bq06ePDh06pKefflq//vrrlZwqAAAAAAAAAKVU7iOAr4Sbm5tGjRqlRYsWyWQyqXv37sU+A/hyRu1+9913ysrKUmhoqD799FMZjUZFRkbq3Xff1dy5c/XEE0/IycmpLJsBoJz0799fw4YNk2Qd8bpr1y4tWrRIjz32mBYvXixJev7559W9e3dlZ2fr7rvvVnJyshYvXlzsqMYlS5bIZDIpMDBQs2fPlqOjo9555x199dVXtjTr169XbGysHBwc9MYbb9iCZM8++6zmzZunJ554Qu7u7kXy/vzzzyVZf+hSMFBsMpmUmpp6WfXt06ePnn32WdusCGlpaTp69Khuu+02JSYmauvWrfL19dWoUaNsx3zxxReSpJ49e9qNSNy6dasWLFigp556ypbW0dFRU6dOlY+Pj86fP6/vv/9eu3fvLvYa/Pnnn7Zg2vTp01WzZk2tXr1azz77rF26L7/8UpLUvXt3jRs3TpI0YsQIrV27Vl999ZU6dOhQbP7l7fTp00VGKEdHRysoKEgnTpywvVeaAPC9996r0aNHy2KxqF+/fjp48KAWLVpkd51KYjablZWVJYPBIH9/f9WvX1+9evWSn59fkbTdunXTuHHjFB8fr969e9v6R/Xq1W2j6J9++mm1a9dOMTEx6t27t/bu3avNmzfLYDCU6noWlpGRIUlyd3dXWFiYwsPD9eSTT9p+4DVgwAD9/PPPkqRhw4bZnuNrNpu1ZMkSOTo6ymQyKScnR/v27dOxY8f0xx9/6L777ivx2K1bt9rKL+n859fLyclJQUFBqlGjhh588EFVqVLlkuf8ck2fPl0uLi4ym83Kzs5WRkaGli5dqg0bNqhnz552aV988UXdeuutql27tsaOHWubAv+PP/6wnf8PP/xQYWFhdrOqFHax/x+1bdtWnTp1kmQdoX3HHXfo3nvv1bFjx5SQkKDq1atr2bJlkqRRo0apV69eSklJ0V133aWcnBxbPgsWLFBGRoYiIiL0wgsvSLJO2//ZZ5/ps88+s5UBAAAAAAAAoOxdlwHgy5WXl3fJNPlfyNesWdP2xWidOnUkWb8ATU5Olr+//9WrJIBrJiQkxO71rl27dOLECZ06dUpms1nShc+/i4uLQkNDlZycbBe4Kyj//Tp16tgCV/Xr17dLkz9aNi8vTzExMXb7TCaTjh8/biuzuLxbtGhh976jo+Nl17du3bqS7Eeh5ge6SpKfx4IFC7RgwQK7ffHx8Xbb/v7+tiBbfhnp6ekXzdfZ2dk2LX/hc1YwXf7Us/mv165dW+L1qAjynwHs4OAgPz8/3XTTTerSpUuJ6S/2dyoyMlKSNVhZu3ZtHTx4sNRtd3R01KhRozRt2jS9//77tvfbtGmjyZMny8XFxfZefh/Lf5a2ZO0fBfvZ2LFji5Rx9OhRWz6Xup6F3Xvvvfrjjz/0119/2QKzHh4eGjt27EXPV1pamiZMmKB169YpJSXFbt/Zs2cvWW5hhc9/ixYt1KtXLy1dulSvvfaaJOu5HDhwoBQfpZkAACAASURBVN2PHv4pi8WiTz/9VMuWLdPJkydlsVhs+4prR+HPcP7nN39GAGdnZ4WFhUlSsfeT4uSP6s13+PBhvfvuu9q5c6dtBHi+M2fOyNHR0VbP/M+ll5eXAgIClJCQYEubf8+LjY0t8iO9wvcOAAAAAAAAAGXrug4A5wdaCn5hKllHEqWlpdm+FD5w4MAl8woKCpJkHdlmNptlNBp18OBBSdaASn5QA8D1L39KXovFYrs/BAUFKSAgQAaDQRaLRQcPHlSDBg2Uk5NjC2rk3ycKCwwMlGSdAjnfsWPH7NLkH+vo6KhJkybZzSiQm5ur6tWrF5t3UFCQkpOTtXXrVj344IO2900m02XXN//HLcWNesx/BnF+oK9w+V27dlX37t3t9hUeDVnwOcaXGtmaf85ycnJ09uxZVatWze78FS4//34syfY6P4+KqOAzgAtzc3OzvU5JSZG/v/9F/04VbPvhw4clldwXi3PvvfcqJiZGR48eVVxcnF555RVt2LBBGzZssHuWcH6fLHztAgICZDQaZTab9cwzz9iCkJI1cFqjRg1bQO9S17OwatWqaebMmUpNTdWhQ4f0/fffa/Hixfrkk0/UpUsXuz5VsG/OnDlTP/30k2rWrKlXXnlFnp6eeumll3TixAnb/wlKOrY0599gMOill17Sc889p0OHDmnLli2aPHmyZs+erYceeqjIVN5X6rffftMnn3wiFxcXjRs3TiEhIfriiy/022+/Ffm/jVTyZzi/P+R//kNDQ4vtU/mzDJw/f16SlJycrKSkJLs0r7zyig4cOKBOnTqpT58+yszM1MiRIyVZ75kF+8PBgwfVuHFjJScnF5lyPr9OERER+ve//223r/B9BgAAAAAAAEDZuq4DwEFBQYqNjdXs2bO1bds23XLLLWrdurUaNmyoTZs2aebMmdq/f7+WLFlyybx69+6tBQsWKCEhQUOGDFF4eLiWL18uSbr//vuZ/hmoRBYsWKAzZ84oKSlJhw8flsFgUI8ePeTp6akePXro+++/14QJE/Tnn3/qwIEDSk5OloeHh+65555i8+vevbu++OILxcXFaezYsQoPD7dNnZyvbdu2qlWrlg4fPqyPP/5YHTt2VFZWlmJjY5WYmKhvv/222LwHDx6s//u//9OaNWv08MMPKzIyUocOHVKfPn0UHR19RfUtTn4AOj4+Xq+//ro8PDw0YsQIDRgwQC+//LJ++eUXeXh4yM/PT6dOndLGjRs1dOhQNW7cuNRlFBQVFaXQ0FAlJCRo9OjR6tSpU7HPPH3ggQc0duxYLVmyROnp6crNzdWaNWts+65H4eHh8vDwUFpamv7zn/8oPDxcCxcuLDH9vHnzdPr0aSUlJSk2NtbWX0urZ8+eatWqlYKDg5Wdna3s7GxJkq+vb6mOz/9cLFq0SHPmzFHXrl3l5OSkhIQErVu3Tl9//XWpr2dhX375pX7//XfVr19f3t7etkBy/ijkwMBA248cXn31VYWGhmrAgAG2AKLBYFBmZqa2bdtWZFR0SceW5vzv2rVLr732mlq1aiU/Pz/b9Mru7u5ydXUt1XkrbNasWbaptCXrZ6BBgwa2duTm5io2NlZ//PHHZefdqlUrhYeH6+jRo3r88cfVvHlzbdiwoUi6hg0b6rffftPy5cvl6empTZs2FRkBXDA4m5qaqh9++MFuv7Ozs7p166alS5dq4sSJ2rx5s3bt2lUkn5iYGC1YsECxsbFauHCh6tatq3Pnzmnnzp2qU6eO2rZte9ntBAAAAAAAAFA6pX9IbgU0YsQIhYWF6cCBA5ozZ47tWZPPPfecGjdurFOnTmn9+vXFPrOzsJo1a2r27Nnq1KmTEhMTtXLlStWoUUNjxozR8OHDr3ZTAFxDQ4cOVXp6uvbs2aOaNWtqwoQJtlGNL7zwgkaMGKGgoCCtWLFCZ86c0e23367PPvusxBGnNWrU0JQpU1SnTh2tWrVKGzduVP/+/e3SODk56eOPP9aAAQOUkpKiTz/9VN99952Sk5MvGqiNjo7WtGnTFBUVpfj4eC1ZskTJycm2ulxJfYvTsWNHRUdHy9XVVYsWLdLcuXMlSV27dtW7776rRo0aacWKFfrkk0+0bt06NWrUqFRT/JbE0dFR77//vqKiorR//34tXry42IBut27dNGXKFDVt2lSbNm3Stm3b1LJlS02bNk233HLLFZdfntzc3DRu3DiFhoZq586dOnLkiAYNGlRi+kcffVRpaWnavXt3kf5aGg0bNtTmzZs1a9YszZkzR6GhoRozZsxlBe/HjBmj0aNHy8vLS3PnztVXX32lvXv3Kjo6Wl5eXqW+noXVqlVLmZmZWrRokT766CPFxcWpc+fOevHFFyVJPj4+Gj58uHx9fbV27VrNmTNHSUlJevTRR9WhQwcdP35c7733nnJzc21TZecr6djSnP+qVavK19dXK1as0MyZM/Xrr7+qefPmmjJlim32kct17Ngx7dy507YcPXpUnTt3Vv/+/eXs7KwPPvhAGzZsuKJ+nX/+W7dureTkZO3du9fu+b/5o6H79etnm475f//7nzp37qzg4GC7vF5++WXVr19f69ev14cffqjWrVsXKe/5559Xz5495ezsrE2bNikmJsaWT35ZNWrU0Oeff67bb79d27dv18yZM7V8+XJ5eHjYjTwHAAAAAAAAUPYMluLmGASASig6Olpnz57Vq6++qm7dupV3dQCgzKSkpMjLy8u2/b///U/PP/+8DAaDVqxYUaaPskhLS5O7u7ttSuqkpCR1795dJpNJEydOVOfOncusLAAAAAAAAACX77qeAhoAAADSp59+qr1796p58+ZKS0uzPf6iZ8+eZRr8laQtW7bovffeU8eOHeXk5KTly5fLZDKpdu3a6tChQ5mWBQAAAAAAAODyEQAGAAC4ztWtW1erV6/W559/LmdnZ4WFhalXr17q1atXmZcVEBAgNzc3LViwQHl5eapevboGDx6shx56SE5OTmVeHgAAAAAAAIDLwxTQAAAAAAAAAAAAAFBJGMu7AgAAAAAAAAAAAACAskEAGAAAAAAAAAAAAAAqCQLAAAAAAAAAAAAAAFBJEAAGAAAAAAAAAAAAgErCsbwrIEkJCQn6/fffdf78+fKuCoBy5u3trXbt2iksLKzENOnp6Vq1apVSU1OvYc1wo/Py8lLnzp3l7u5e7H765Y3lUv1Bok8AAK49g8EgT09PdenSRW5ubuVdHQAAAABAOTFYLBZLeVdizZo1Cg4OkqurqwwGQ3lXB0A5sVgsMplMOno0QR07diwx3dKlS9WwYT0FBQVdw9rhRpeYeFz79h3Q3XffXex++uWN5VL9QaJPAADKx/HjJ7R37/6L/o0CAAAAAFRuFWIEcEZGhnx8fOTs7CyjkVmpgRuV2WxWTk6OMjIyLpouNTVVgYGBqgC/X8ENpHr1IG3e/GeJ++mXN5ZL9QeJPgEAKB9BQYHatOmP8q4GAAAAAKAcVYgAsCQ5OzvLxcWFADBwAzObzZeRmoAKKiL6JQqjTwAAAAAAAAC4tipMANhoNMpoNDIFNHADy78PlAYj6lAR0S9RGH0CAAAAAAAAwLVWYQLAAHA5CKqgIqJfojD6BAAAAAAAAIBrjfmWAeAa2L59h7y8qunMmTNlmm///gM1atRzZZonbixXow9drf6Oq497FQAAAAAAAHD9YwQwgOtSWY2qM5lMmjHjY82d+60OHIiVi4uLIiLqKCamt4YMeUTOzs5lUo5knd7eYrGU6YjAzp07q2pVH0YZVhBleR127dqtyZPf0dq1vys5OVkhISFq1aqlnnlmuJo0aVxm5Vgfv2As07pXrVpVgwYNkrOz8w3fN7lXWXGvAgAAAAAAAK6d6zIAnJycrHnz5mv37j06f/68fH191blzJ3Xr1tWWxmw2a+7cb7VmzVplZ2erSZMmevjhB+Xt7S1JWrv2d61atUrx8QlycHBQZGSk+vXro+DgYEnSgQOxWrJkqQ4ePKjs7GyFhoaod+9eatasWbm0GYC9sggimEwm9e37gNav36BRo0aqffv28vb21tatWzVt2nQ1aFBfnTrdWga1vVDfsg6qPP74UFksFuXlma64Xnl5eXJ0vC7/HFQ4ZXVtV636Vf37D1SrVi01ZcpkRUTU0dmzZ/X994v10ktjtWjRgjIpR5Lyq1yW/TI0NEQzZkxXTk72Feebk5NThkHN8sO9yop7FQAAAAAAAHDtXJdTQKekpMrLy0vDhz+ld96ZrL5979eCBd9p9eo1tjSLFy/Rhg0b9cILYzRlyiSZTCZNnTrdtv/UqVOKjo7Wm2++rnHjxspoNGrixMm2LztPnz6txo0b6f/+b4wmTZqgZs2a6Z133lNiYuI1by+A4lj+8fLf/36qX35ZpR9+WKbnnhultm1bq0GDuhowoJ/WrVurFi1aSLKoY8dO+uCDqXbHPvLIEA0f/oxte8KESbr55naqXj1MjRs303PPjVF6elqhMu3r/eGHH6l+/UYKDg7Xgw8+ovff/0AtWtxk2//CC/+nvn372x3z6aez7NL07dtPzz470rZtsZj1wQdT1aLFTQoKClWbNu315Zdf2favX79ePj5+Wrx4sdq0aa/q1cO0YcMG7d69W3369FNERH2FhtbQbbdFa/Xq1WVynivacuLECfXoEaPbbruz2KVHjxidOHGihOMv5Z/XLzs7S0888ZRuvfUWrVjxs3r0uFv169dV+/ZtNXnyRH3++WxJFi1btkwhITXsjt2/f798fPx07NgxSZbLuK4X6n706BH17BmjwMAQNW8epe++W6iGDZto7txvJVl0/nyyfHz8tGXLFrs86tZtaEuzffs2ubt76syZJLu69ev3gEJDa6hOnXp68MFHbPWULOrZM0ajRz+vYcOeUu3adRUTc79K/9kqrz5RGv+8ftyrbsx7FQsLy427/LP/q+QvAAAAAIAb2XUZAA4PD1Pfvn1Uu3YteXt7KyoqSk2aNNG+fftsaX75ZZXuvrubwsJC5e3trf79+2rv3r22AG5MTG/dfHNr+fn5KTAwUL1791JSUpLOnj0rSWrXrq2io+9QSEiIfHx81Lt3L7m4uOjQocPl0mYA9vJHp/2TZf78BerSpbNatGiq3Nxs5eWZZDbnyWTKlcmULS8vD1ksFhkMBtsUufmL0eggo9HBtu3q6qoPPnhfW7f+pU8//UTr1m3QuHGvFRhFZ/m73ta6L1v2g/7zn1c1duzL+vPPzWrbtq0mT35XBoPBdozBYF+GtVxjoTRGu7q99dYEzZr1mSZPnqStW//S2LEv/z1idLEtvSR9+OFMff/9Qp05c1pRUVFKS0tXr1699fPPP2rjxg2655571K/fQMXHJ5TJua5IS2BggIYNe6zEvjVs2GMKDAwo9thr0S9/+22NTpw4oeeeG6Xs7EyZTLkym/OUl2dSTk6WPD3z+6WxSJn50/fmv1+a61owD7PZrEGDHpbZbNbatav15Zdf6MMPZ+js2XMyGo12xxTsh9b6yJbmwjTC1rxPnjypbt16KDKyrtasWa2VK5fL2dlZ/foNUG5urq1vz579uTp06KC4uEP67rv5pfpslWefKI2yqB/3qhvzXsXCwnLjLv/k/yr5CwAAAADgxnZdBoALy83N1aFDh1SjRg1JUmpqqs6dO6datWrZ0oSEhMjZ2Vnx8QnF5rFv3z55eXmpWrVqxe6Pj09QRkaGwsPDy74BAC5bWXy5dvDgIdWrV095eaZSfYF2sfdGjHhGrVtHKSDAV61bR+mNN17Xd98tLJDePtA2ffoMDRw4UAMHPqCgIH8NG/a4OnfuZJem+HaqSJr87YyMDE2dOl3vvfeubrutkwID/XT33V311FNP6fPPv7Q75rXXXlVAgJ+yszPk7Oyk1q1v0sCB/VW7dk0FBwdq5MgRatKksX788ady/xL0aizR0bfrjjtuK9Kv7rjjNkVH337FX6aWRd0OH7b+0KhOndolpDFftI8UfK8017Vg3desWasdO3bqk08+VkREbTVuXF/Tpk1VVlZWiWUU917h/j5r1ueqU6eO3nzzddWsGa6aNcM1Y8Z07d9/QH/9tcV2fIcOHTRw4AMymbLl6Ggs1WerPPtEaZRF3bhX3bj3KhYWlht3udL/q+QvAAAAAIAb23UfALZYLJo582P5+/upS5fOkqTMzExJkru7m11ad3d3276CDh48pPnzF+hf/3pYBoOhyP7U1FRNmzZN3bp1VXh42FVoBYDLV/KUdy+99B/5+wfblvj4o8Wmu/AF2aWWS5e5dOkS3X57tMLD68jHx089e/bSmTNnlZ6eXmwe+/btU1RUS5lMObJYzDKZstW69U2Fyimp3OLTHDhwQBkZGbrnnp7y9vZV1aoB8vb21euvv6G4uCN2x0RG1pbFYra9d+7cGT3zzL/VuHFz+flVl6dnVW3cuEnHjiWW2OYuXaJt57hVq5tLcR4r1jJs2GOqXfvCD4Vq167192ib0vSFkpR8bErKebt++fTTIy5ahtlsKmVdSu4fpbuuF/LZv/+AQkKC5e9fTRZLnszmPEVG1paHh0ehskoqV8W8tmj79h3auHGjPD19VLWqv6pW9Ve1agHKzs4u0Delhg3ry2TKscv30p+tK/v8l02fKI2Sy+NedfXvVaX/3LGwsLBUvOXK/q+SvwAAAAAAbmSO5V2BS/n993X66KMZtu2PPpquKlWqSJLy8vL00UczdO7cOY0aNVKOjtbmuLlZA78ZGfbB3oyMDNu+fPv27dd7772vRx55WC1btixSfnJyssaPn6BGjRqpX7++Zdo2AFfuYiMbRo16Vo89NtS2HRTkX2z6yMgI7dmz55KjJIxGoyT70RR5eXmyWKz1OHAgVg8++C9NnDheMTEx8vPz1bp163X77dHKzc2RxeJmO/ZCIMcgsznPLk+zOc+ubUajwW47v9yi7bcf7fHnn5vUqFEjuzaYzWZlZqYp/zBHRwe7PMaMeVGHDsVp4cIFioioI3d3d91119226XmL8803XyonJ1eS5ODgcN2NNqlSxV2jR/9bo0a9IEkaPfrfqlLF/R+142LHVqlSRX/9tdm27e5efFl16tSRJO3Zs1dt2txcYn75P1iy7x8m23sWi+Uyrqs1vXXKXmt/udCmPLv2XSi3cNlmu7ILvrZYLOrdu5e++earIu3In+ZakpydXezyLM1nq7DSfv6Lc637BPeqq3+vKu3nDgAqoqvxdwkAAAAAcGOo8AHg9u3bqX37dkXez8nJ0fvvT1Vubq5Gjx4lFxcX2z5PT09VrVpVcXFxioyMkCQlJiYqJydHYWGhtnTbt2/X9OkfaejQIcUGf0+dOqXx4yfq5ptbq0+f+69C6wBcqYt98eXt7Slvb68Cac3Fpr///vv1/PNjtHHjpgIj2qxMJpPS09Pl7e0tPz9/JSWdLRSYOqiWLVvIYrFoy5ZtCgjw10MPDVZeXq4yMlK1efOmv8suPiBWv359bd78h/r1u3Bv2bRps13b/Pz8tHHjJrtyY2MPFtt+i8WiyMhIubm5aeHChapRI1TFKxzcsdq8+U+NHPmsIiJqymzO1blzSdq9e7caNKhf4rkOCPCT/TNnzcWmq8hq166lJ5541Pb6n36herHjDQaDQkODC6YuNn379m0VFBSoyZPf09y5XxaZmSIp6Yz8/Hzl5+er9PR0ZWZmytXVVdKF/pGf9+VcV4vFonr16ikxMVEJCQkKCQmRJO3evUdpaWm2PuPh4SFXV1edOXPGlse5c+eUlJRUZOrJ/NfNmzfTxx//V8ePJ8jT07OEc1f0nJTms1VYaT//JbmWfYJ71dW/V5X2cwcAFVVZ/10CAAAAANwYrsspoDMzMzVp0mSZTCY9/fRTMhqNys3NtY02kaQuXTrrxx9/UmJiotLT0zVnzrdq0KC+goOtXwJu3rxZH3wwTUOHDlGTJk2Um5trN3okMTFRr7/+ptq0uVm9e/ey7S84Kgr/z959h0dR7X8c/2xJsumV3kEIhKIIqPTQBBUQBAUVFUURxIKKiP3alWu5/lAvV0DEhliRoiBdEUGlQyAJJXSB9L7JZvf3xyabDgECCcv79Tz7bHbOzJkzc2YmO/udcw5Qlcrv8s4ZRMlzvcqb75577lCvXr00fPhIvfXWu/r999+1bdt2ffHFXPXtO0BbtmyV5FCvXj31448/6uTJk7Lb8/TRRzO1e/duVz4tW7bQiRMn9ffff8rhsCsqKkoffji9RDmLl33ChPGaO3eePvvsC8XFxWn69I+0Zs2vxZbp2bO7Nm3arI0bN0py6I8/1mvevK/Lydchi8VTjz32qN555z3NmDFLe/bs1Y4dOzR79hx99NHMEssU3xfh4S20bNkyWa3Zstly9eKLrygxMfGU+7qi+7m6v/r1661+/XpXcP7TOfXyRfdX0W5ti748PEyaPv2/+v33dRo8+Cb9+OMCbd++Q7/99pueeupZjR37gCSHIiJaqkaNGpo16xNJDh0+fFhvv/2fYuWoWL0Wlr1r12vUtm0bPfDAw9q5c6e2bNmqxx6bnB9gLixjr16RmjPnM+Xm5igjI0NTpjwrk8lUzn5yaMyY0TIajbrjjnu0fv0GHThwQL/++pseemiikpOTSixXuJ6KnVuVf1xW/JioCK5VJY+zC3+tOv15x4sXL17V+XVm31UKXgAAAACAS1m1bwFclt27d2vXrt2SpHHjHnBNb9u2rSZPniRJGjx4kLKysvTyy68qJydHbdq00YQJhfMuXLhI2dnZevfd94rl/fzzz6l588u0Zs2vSkpK0oIFC7VgwUJX+i233KxBgwaez80DUAGV0/rBoe++m6f//W+Gvvxyrt577315eXkpPLy5HnroQXXv3k0OhzN4FRMTq27deslisWjYsJs0ePAgVznatWurV155WXfeea8kh+rXr68pU57UhAkPldsisn//vnrppX/pjTf+raeffk59+vTR5MlPaNas2a5527Vro9dff013332/cnNzdPXVV2nChAn68su5xfKTCvOfPPkx1agRpunT/6cXXnhZ/v5+atOmjR5+eEKZ5SgwdeqbevDBh3X55Z3k7e2t4cNvUt++fYrljdOrrH3Vo0cX/frrar355lQ99dRzSk5OUf369dStW1dNm/aeHA6HvLw8NWfObD3++CS99940NW7cWA899KDuvXesq34rUq9Fj6G8PJu++OJTTZjwsPr1u0G1a9fSiy/+S88++1yx7Xvrral64IEHFRFxhYKDgzVlymStXfu7a56Sx1lQUIBWrlyu5557XqNG3a3s7GzVr19PvXv3kpeXpdzjsiLnVnXHtYprFQAAAAAAAHChGRzV4NeypUuXqlu3LvLy8irV1SWAS4fD4ZDVatXatevUv3//cuebO3eu+vbtUWnr9fDwkoeHp4xGZwtGuz1POTk5stlyXPN4efnIw8NDDodDNluuDAZjfnkzXXl4enrlb4ddubk5slh8lJaWIskho9EkX19/paenuIIUzmUsMhgMstly9cknn+g//5mm9et/LVY2Z74G5eXZZLfnycPDUxkZqZIkb29f2e12Wa1ZRZbxlIeHl2t78vLylJOTrbw8m0wmk3x8/JWWllxsHxgMRlksPq5lcnNzZDKZSuV9qVu+/FfdeuutZaZV9nFpNJrk6WmRyWTOH5vXLpvNppycbFd32yaTWV5e3jIajbLb7crJscrb28d1nFWkXkseQwXLmExmORzO6W3atNfzzz+jm266scQ8pvzzIFteXt754/nmlHm8GwxGeXl5y2w2SyrYntwi5fBTXp5z+4o63blVlU51PEhcq7hWAUDVOd3/KAAAAACAe7soWwADQGUGfnJzs5Wbm33KeazWDFmtZ5ZHbm7hAna7TWlpSadcpnjXpOXnm5NTGOTIykovoyzWYusuKi+vdDmc685TVlZamcvgTFTecWm325SdXbp+i3KO45pbbFpaWmHdV6ReSx5Dp17GUe48Ntupj3eHI++U21PeOk93blV/XKskrlUAAAAAAADAhUQAGMBFqRp0XnDeuPO2uTt3rruLpcvl6sad95k7bxsAAAAAAABwMSMADOCi5I6Bh1GjbteYMWOUnp5S1UXBWXLH41KSYmJ2yWrNVG5uzulnRjHueExwrQIAAAAAAACqNwLAAC5S7hdUqUj3rqju3O+4lKT09NJd8aKi3O+Y4FoFAAAAAAAAVG/VIgDs4+MjqzVHHh4eMhqNVV0cAFXEbrfLYDDIx8fnlPMFBATo+PF41awZeoFKBkgnTsQrICCg3HSOy0vL6Y4HiWMCAFA1Tp5MOO3/KAAAAACAezM4qkHfhP/8849iY2OVmZlZ1UUBUMV8fHxUo0YNtWzZstx5MjIytHr1aqWmpl7AkuFSZjAY5O/vr169epX7gALH5aWjIseDxDEBALjwCv5H9e7dW97e3lVdHAAAAABAFakWAWAAAAAAAAAAAAAAwLmjv2UAAAAAAAAAAAAAcBMEgAEAAAAAAAAAAADATRAABgAAAAAAAAAAAAA3QQAYAAAAAAAAAAAAANwEAWAAAAAAAAAAAAAAcBMEgAEAAAAAAAAAAADATRAABgAAAAAAAAAAAAA3QQAYAAAAAAAAAAAAANwEAWAAAAAAAAAAAAAAcBPmqi5ARaWlpSkpKUkJCfFKSkpWcnKyrFZrVRfrgvDy8lJQUJCCg4MUGhqm4OBg+fv7V3WxirmU66eoi6GuAAAAAAAAAAAA4L4MDofDUdWFOJWMjAxt2LBe6enpCgwMVGBgoIKCAhUQ4C9vb285HA4ZDAa3frdarUpOTlFqaqqSk1OUkpIiPz9/XXPNNfLx8ak29RMQEKCgoCAFBgYoMDBAFoulSstWFbKzs5WSkqqUlFQlJycrNTVVfn5+uuaazlVeVwAAAAAAAAAAAHB/1ToAHBW1UzExsbrmmqsUEEAryqJSUlK1fv2fCg8PV0RERJWUdceoXQAAIABJREFUwVk/MdTPaTjr6i+Fh7dQRETrqi4OAAAAAAAAAAAA3Fi1DADbbDatXLlSgYEBatMmQgaD5HCojPeClrKXbvq2bTuUlpamXr16y2y+MD16O+tnhQICAtS2LQHNitq+fYfS0tIvaF0BAAAAAAAAAADg0lLtAsAFwcWWLVsoNDSkqotzUYiPT1B0dKz69Okrk8l0XteVm5urVStXKpz6OSvx8QmKiYlV7959CAIDAAAAAAAAAACg0hmrugAlFQR/Q0KCJUkF8Wney38PCwtVixaXaeXKFWXs0cq1atVKhbdsrtDQYEkOXmf4CgsLUYsWl2nVqpVntf8BAAAAAAAAAACAU6lWLYCjonYqNTVFbdpUzZi2F7vt23cqKChIrVqdn26Zd+7cqbTUFLVu0+q85H8p2bF9pwKDghkTGAAAAAAAAAAAAJWq2rQAzsjIUExMjFq3biXJkd/C9cK8jx49RpGRffXGG1Nd0wumvf761AtenrN9b9s2Qrt3RyszM7PS6yc9PV2xsTEEfytJm7atFR0drYyMjKouCgAAAAAAAAAAANxItRmEdMP69brqqg5yBjOd0871fefOXZow4ZEy1xcWFqpvvpkrSTIYjEXenesvmGY0Gl3dLd9xxxgdOnRIgwbdoMcee6TSylmZ71dd1UHr169X7969y9zus7VhwwZ16tTBtS8qy+TJT+nvvze6PhsMBgUEBKhVq5a699571LRpk0pdX0W98857WrRosRo0aKA5c2adl3V06tRBGzZsqPS6AgAAAAAAAAAAwKWrWgSA09LSlJaeLj8/PzkcDhkMhvxAo0HSuX4um3MeSXJo9uxZRcbUtclgKL1cQbmcyxorrXy5uTny9PSstPz8/f2Umpqq9Pz9WRnS0tKUnp4uf39fOceyrTxGY2EjdD8/P2VnZyslJUXr129QbOwezZ37qczmC3+YFpTLWefnp5f0gIDKrysAAAAAAAAAAABc2qpFADgpKVEBAf5yOOwyGAyy2x0yGOT6XBicPbP0ooG7Rx55SEOGDCm2Xrs9VwaDQaNH3624uAPq37+fnnxykuz24gG/1NQ03XjjMNfnBQsWasGChZKkL76Yozp1amv9+g2aO3eeYmP3ym63q1mzprr99lvVpcs1cjgcSklJ0dCht0iS7r//Pu3evVsbNvyl3r0jNWnSo2e1feWlBwT4KykpqdKCis768av01r9FBQYG6uefF8lmy9Orr76mpUt/UUJCgo4cOaqGDRtIcnZD/cknn2rduvVKSEhUYGCAunTprHvvvdu1rQcOHNSMGbO0a1d0ftDaX40aNdSdd47S5Ze3lSTFxR3QJ598pq1btykzM1O1atXUwIHXa/jwm2Q0GjV27APau3efJOngwYPq3bu/JGny5MfUv/+1lbrdlV1XAAAAAAAAAAAAuLRViwBwYmKiAgP9JTmDmFJB61yVCjqeaXqBvLw8ZWWlyxkUNshkMslsNue37C3a3bNz+SI5ymg0qHXr1oqNjVVOTo6Cg4NVt25dSZKnp4eWLVuRP1aw1KZNa3l6emrTps169tkX9MILz6hHj+7Fyjl79hw5HA6FhYXKaDQVS6uM7Q8M9FdCQrwaNGigypCYWBCgP38BYEnKzEyXJFksFkmSl5eXQkJC5HA4ZLVaNXHiJO3fH6fAwEBdc83V2rVrlxYuXKzdu6M1bdq7MpvNevnl17R/f5waNGigdu3aKiEhQTt3RungwYNq166NDh48pIcfflQZGZmqX7++2rRprb//3qj//W+mjh8/oQcfHK/LLrtMiYlJSkpKkqenp5o3by5JCg4OqfR9EBBQuXUFAAAAAAAAAACAS1s1CQAnqUGDOkWCawUtXMtboqLphTO8//6Hev/9D12f+/fvqyeeeNw1v+TMr6Bb6KLTvL29NX36h7r99jt08OBB9ejRXU888bgcDslqzdKsWbMlSUOHDtFjjz0qyaF///ttLViwULNnf6bu3bsVK2uNGjU0ffoHCg4OUXZ2ZhlBxXPbfn9/fx05cqy8hc9YQf2cT6mpqbrzznuUmZml5ORkBQUF6bHHHpWvr48kacWKVdq/P05ms1kffzxLNWuGKT4+QUOHDlNs7B6tXbtOPXt216FDhyVJ48ePU7duXWQwGJWdna3U1GRJ0pdffqWMjEw1a9ZMs2bNkMlk1PLlK/Xiiy/pxx8X6tZbR+iZZ57S22+/qx9/XKDatWtr+nTncZOba5Xdnlep2x0QULl1BQAAAAAAAAAAgEtbtQgAJycnKyKief4nZwtdZzfHhmJjAheOx1qx9FMxGEzOtZURfC1r7ODs7IzCORx2ZWVlyGAwKD4+QSdOnJQk/fDDfP3ww/xiyx08eFBWq7XYem644XpZLF7Kzs44p+0rLz0w0F87duw65fafiYL6OR8tgIu2ZD56tDAQGhISoqZNG7nWGRMTK0my2WwaNmx4qXz27t2vnj2768orr9Sff/6pp59+Rr6+vmrUqKE6dGivYcNuksPhUHR0TP78exUZ2btEWRzat2+/QkKC81taOxWt+8oWEOCnHTuSz1v+AAAAAAAAAAAAuLRUiwBwgcLulx3FPhcd4/bM0gsDlo8+OlHDhxeO42uz5SonJ0slg72FLYCLTis78Fk0SChJV111lVq0aF7GfMWXDwoKlOTIn34u21d2+vnpqrmwVfT5EBgYqEWLFmjbtu2aNOkJ7du3Ty+99Kref//d/MC2k8ViKVaPBSIiWkly6KWXXtCiRT9py5Yt2r8/TlFRuxQVtUsHDx7Ss89OcQWcGzVqpO7du5XKp1atmiq9neez6+vz2602AAAAAAAAAAAALi3VIgAcFBSklJQ01awZKofDXqJla8Fn5Xd7XPH0omy2XGVmppZqMVsyiFuwfHEOORySxeIlScrKynbNFxoarBo1wnTyZLw8PMwaM+au/DGFHTpx4qSioqLk5eWprKxsV27Fy3n221deempqqoKDgyq9fmrU8Ky0PAsV1lNWVprCw5vp9ttv08yZsxQTE6vff/9DXbt2VqtWLbVo0U/Kzs5Wt26d1bJluCTJbrdr3bo/1LhxQzkcDh04EKdhw27UzTcPk9Fo1IwZM/Xpp58rOjpGDodDrVq11OHDh5WZmamRI2+Wn59v/rqztHLlajVoUF8Oh11eXl6u6edz7OOUlLRKrSsAAAAAAAAAAABc2qpFADg4OEhpaWmqUSNEUmGL2dLvOqv0AuUtV1J5yzVs2FAxMbFasWKl4uLiFBwcpFde+ZfGjr1Pr776un7/fZ3uvPMeNWhQX8ePn1Bc3AF16tRBXbpco6KBzsrevpLpKSlpCg4KLnPbzoazftJVo0ZopeVZHrs9T4MHD9TcuV8pIyND8+Z9q65dO6tXr5769tsftH//fj388GNq166NbLY8HTx4UImJSXr//XcVFhaiKVOelYeHh+rXry+LxUtbt26TJLVo0UKSdPvtt2rt2t918uRJjRp1l1q1aqmUlFTt3x8nh8Ohfv2c3UI3bNhAknTy5EmNGTNOvr6+euaZJ/NbCFee1NTKrSsAAAAAAAAAAABc2oxVXQBJCgkJVWpqmqRTBTfP7r1QxeY71XJ33XWH2rVrJ09PT8XG7lFs7F45HA716ROpN998Q+3bX6H4+AT99ddGpadnqFu3rho8eNAp13M+3lNT0xQSWnnB2oL6cTgclf4quU8cDoe8vDx0442DJUm7d0dr06bNMpmMmjbtP7r55uEKDg7W5s1btW/fPoWF1dDtt9+mOnXq5Adw+8nf318xMbH688+/5evrp0GDBmrSpMfkcDhUt25t/e9//1WvXr0kGfTXXxt1/PgJtWrVUvfeO8ZVht69e6lPnz7y9/fXoUOHtXt3tGss58p8VXZdAQAAAAAAAAAA4NJmcJzP/m0rKC0tTStXrlC3blepcIzbou8FSk4/dbrRaJS3t78kKScnS7m51jKX9/b2k9Foks2WI6s1S5JD3t7+JaZJBoNBFouPjEaTnGPt2pWZ6Qxcm0xmeXh4yWQyOUvicMhutyk3N1d5eTZJBvn6BkiSrNZM2Wy557x95aX/9tt69e3bT35+fhXZ/aeVlpamFSsK6qdyeXv7ymTykMNhV0ZGqmu6p6dFnp4WSVJWVrprH3p5WWQyechoNOQHUe2y2WzKybFKcsjT0yKz2UMGgzG/S2yHbLZcWa3ZKgjmG41GeXpaZDKZXd1p2+122Wy5+ceIk8Xikz+P8zmJjIxUlewy/FytXbuhUusKAAAAAAAAAAAAl7Zq0QW0v7+//Pz8lJaWLj8/3xJj25Y35u3p0+12h9LTk067fFZWWpF053tmZmqJ5ZzB1czMtFLTDQaDbLYc5eXllppedL0ZGcllTj/b7SsrPSUlRYGBgZUaUPT395e/v5/S0tLk71+5gcqsrPQyp+fkZCknJ6vEVIes1sxT5lf2csXZ7XnKzs44bdkqMs+5SE1NU0BAAMFfAAAAAAAAAAAAVJpq0QW0JHXu3EWbNu2QdH67R3b3982bd+qaazqrsnXu3EWbN++UwyFelfTavHmnOnfuUul1BQAAAAAAAAAAgEtXtQkA+/j4qGXLcO3evUeSM5jpDJQ5+FzBz7t2xap16wh5e3tXTqUUUVA/0dF7JDl4neNr9+5YRUS0Oi91BQAAAAAAAAAAgEtXtQkAS1JERGtlZmYrMTFJknN8V0nlvJNe9HNCQpKys3PUsmWriuzqs1JYP8n5AWheZ/MqqKtWrSLOW10BAAAAAAAAAADg0mRwFDQhrSZsNptWLF+mRo3rKyQkSM4WkwbeT/GemJiiuLjD6tfvWplMprPe9xVhs9m0fPkyNW5cXyEhged1Xe4oMTFZcXFHLkhdAQAAAAAAAAAA4NJT7QLAkpSXl6cVK5bLYvFUy5bN5HBIBoN4L+M9OnqvrNZc9e7d54IFFIvWT3h40wuyTncQHb3vgtcVAAAAAAAAAAAALi3VMgBcICpqh3bvjtbll0fI19dHBkNBikEOh+OS/pyamqZt23YpIqKVWrVqfardeN5E7dyh3dHRateulfz8fKukDBeDtLR0Z121aqVWEVVTVwAAAAAAAAAAALg0VOsAsCRlZmZq/fp1SklJlb+/r/z8/OTv7yM/P195eXnKYHAGRwsVdI+c/8kN0rOzrUpPz1BamvOVnp6hwMAAde7cVd7e3qpKmZmZWv/HOqWkFtSPr+vdy8uzSstWFazWnNJ1FRCgzl2qvq4AAAAAAAAAAADg/qp9ALhAenq6kpKSlJAQr6SkJCUlJctqtVZ1sS4ILy8vBQcHKTg4WKGhYQoODpafn19VF6uYS7l+iroY6goAAAAAAAAAAADu66IJAAMAAAAAAAAAAAAATs1Y1QUAAAAAAAAAAAAAAFQOAsAAAAAAAAAAAAAA4CYIAAMAAAAAAAAAAACAmyAADAAAAAAAAAAAAABuggAwAAAAAAAAAAAAALgJAsAAAAAAAAAAAAAA4CYIAAMAAAAAAAAAAACAmyAADAAAAAAAAAAAAABuggAwAAAAAAAAAAAAALgJAsAAAAAAAAAAAAAA4CYIAAMAAAAAAAAAAACAmyAADAAAAAAAAAAAAABuwlzVBZCk1auXVXURAAAAAAAAAAAAAOCcREb2q+oiyOBwOBxVXYjMzLSqLgIAAAAAAAAAAAAAnBMfH/+qLgJdQAMAAAAAAAAAAACAuyAADAAAAAAAAAAAAABuggAwAAAAAAAAAAAAALgJAsAAAAAAAAAAAAAA4CYIAAMAAAAAAAAAAACAmyAADAAAAAAAAAAAAABuggAwAAAAAAAAAAAAALgJAsAAAAAAAAAAAAAA4CYIAAMAAAAAAAAAAACAmyAADAAAAAAAAAAAAABuggAwAAAAAAAAAAAAALgJAsDnKCnLptdWH9EvsclVXRQAAAAAAAAAAAAAlzgCwOfAZnfojq/3ak+CVT2aBFR1cQAAAAAAAAAAAABc4gwOh8NR1YXIzEyr6iIAAAAAAAAAAAAAwDnx8fGv6iLIXNUFqI7e/+O4nlxy8JTzfHtbc9nsDo38ao8kadvDbfX0L4e0aPepu4I+/vSV6jtrt7Yfz9TIdiGaNayZJCk+w6ZGUzdLkmbe1FS3Xh6q5Cyb6r3hnPbB4MYa3aFGqfysNrum/XFc32xP1N6EbElS01AvDY0I1sSudeTtQSNvVG91X9+klOy8ctPb1/HVortalDoXFu5Kcp1/kmSQVMPPrMtr++qpyLq6uoGfK+1YWo6mrjmmX/ak6Ghqjixmo9rU8tbdHWrqtitCy1130XNQkjxNBgVZzGpV01u3Xh6q268Ik9HgTCtZnqLm39Fc/S4LKnc9exKsemftUa3am6Z/0nMUaDEpoqaPxl1dU4NbBUuq+LletBzXtQjUt7e3kCQdSLIq4j/bJEl/jG+tX/enVeg6t2pfqj5Yf7zM9ITnOshiNmryzwdd87x2bQM90rW2JOnzzfG6f/5+BVpMOvrUlZKkaz7cWez6dyb72FWu7Qma+fdJbfsnU5k5dtXx91TfywL0ZM+6qh/oecptAgBcGA6HQ7fddoeOHDkiSXr44Qc1fPgwV/r//d80ffvt9woLC9P333/jmn7XXXdr//443XDD9brppiEaM2bsKdczcuQtuuOOUbrhhsGSpMmTJ2ngwBtc6T169JIkPfjgBN1yy3BJUk5Ojr7++hstX77SVb569eoqMrKnRo4cIYvFIklKS0tz5VsgMDBATZo00Z133qGOHTuc1b4BLjYn0nP10soj+iU2RSczchXgZVKjIC/d0DJIT/asW+H75+vCg/TFlniN/WG/JKmmr4diJ10us9GgEXNjK3Qv/dLKI/pg/XHV9fdU7KTLXWmdPtihqBNZuuvKMH14YxNJ0pZjGXppxRFtOpqh1Ow8hfiY1SLMu9h3bOBiM/njpfpg8Z+qG+Kv2BkTXdM7TZyuqEMndVefK/ThA4MkSdc89pG2Hyi8l7N4mNWgRoBu7tZGjw/tKounWQs3RGvk1K8lOe+pLZ5mhQX4qsNldTV2QEf1bNu4VBm+WL1VY6ctkCTVDPRV7IyJMpuMGvHGPC36K+aU5T/++WT1fWZOsXK5tqF5Xa1+Y0ypspuNRvn7eKlxzSDd0KmFJgy8SgE+ljPYawAulPj4eH366efasOFPnTx5Ul5eXmrWrKkGDhyoAQOudc1XcC9QwGg0KiwsTB06XKl77hmtWrVqlfldvMBtt92qcePG6rff1uqZZ55zTTeZTAoKClK7dm01duy9qlevXrHljh07phEjbnN9nj17lpo1a6rY2NgK3Xe0bdvWtb4vv/xM9evXP6PtLlrezp2v0Ztvvl6qXLNmfaTmzZsrLy9PX3zxpZYu/UXHj5+Qp6enwsJC1bx5cz311JMymwnrADg9rhRlqO1nVqf6vpKk1Ow8Rcc7gy1ta/nI4uGMRAR5mxWfkVtsueahFtdyh1NydCwtVx5Gg66o6+Oax1QyknEOsm123fBJtNYfSpdB0hV1fGUwOG90dx7P0k/RKVpyd7h8PU2Vtk6gsnWo56s0qzMAvOtEttJz8hTqY1LTEOcNXXiY92nz6NkkQB5GgzYfS9eyPSladzBN68a10WWhXtqTYFW/j6N0It0mb7NRHev56kRGrtYdTNe6g+n683C6/jOw0WnX0STYS76eJh1ItmrN/lSt2Z+qBbuSNHfkZTKXOK/b1faRl7lwWqCXR7n5rtmXquFfxioz1y6L2ajL6zivF5uOZmjOppMa3Cr4rM/1n2NStHpfqiKblu6ivqLXuQKeJoOrbAWMhtLXs6m/HtOo9mEK9Tnzfy8V2cdTlhzUtD+cPwQ0DbGoTS2zthzL1McbT+rHXYn65Z4ItazBjwEAUNU2btzkCq5K0qJFPxULAFeExeKtiIhWkpwB5V27dkuS6tSpo+Bg54NVNWvWPKM8rVarHn30ce3YsVOS1KJFCxkMBsXExGjfvv36/fc/9H//9668vYt//2jatKlCQ0MVExOtLVu2ateu3Zo3b65CQggiwf2N/naf1uxPVbC3Wd0a+yvdmqc9Cdn6OSZZT/ase0bfKz/ZeNKV74mMXP0UnazBrYIr/V46KcumwZ9GKyEzT42CvNS2lq8SMnO14VC6OtTzJQCMS0rdEH+1a1xLJ1MztXHPUb329a86lpim98cPLDZf28a1lZ2bq7jjyZq/fpfmr9+ll0b11uNDuxab75PlhQ/wnkjJ0E9/x2jw1S3VvG6YOjVPlyQdjk/TsaQ0eZiMuqJpbdf8JmNhI4WwAG81qVV4LkY0LP0/PSzAWw3CgnQ4IUWb9x3T5n3H9OWa7frl5TtVJ6TqW9UAKHTo0GE9+OBDSkpKlpeXlyIiWikxMVHbtm3Xtm3bFRUVpccem1hsGU9PT3XocKWsVqu2bduun39eoqioKH3yycfF5qtbt66CggJdn2vVKn29uPLK9pKkbdu2a9Wq1Tpy5KhmzvxfsXkWL/65xOfFevjhh87pvuNstluS/vhjvTZu3KQOHa4sM9/PPvtcH3/8icxmsyIiWslkMuno0WNatmy5Jk+eRAAYQIVwpSjD8LahGt7W2Spw2Z5kDfksVpI05+ZmCi8SWFi4K6nYcq9c28D193PLDuudtccU7G3W6vsizks5p284ofWHnF+uP7ulmYa2DpEk/RydrOFfxmrT0Qx9sP64Jveoe17WD1SGhXeGu/6OnBGlvw5nqFfTQM25uZlrenKW7ZR5TBvUSM1CLdqTYNXl/7dNGTl2Ld+TrMtCa+nJJQd0It2mIItZv45tpWahznP4maWH9J91/2jGXyc0ol2oOjf0O+U6JnWvo9Edashqs+vVVUf19tpj+ik6WbM3ntR9nYp/Cfz8lmau9ZxKTp5D936/X5m5djUL8dKCO8PVONhLkpSZY9emoxmSzv5cNxqkp5Ye0u/jWpdad0Wvcz/sTJQkhfl4nPZaZjRIydk2vbHmiP593emD6iWdbh9vOprhCv6Ov7qm/n1dIxkMUlySVZEzonQyw6Ynfj5Q7JgCAFSNxYt/kiSFh4crOjpa+/bt065du9SqVasK59GgQX1Nn/6hJGfgtl+/AZKkW28doSFDbnTNl5ZW8eFkvv9+viv4++KLL6hXr0hJ0rp1f2jKlKcVHR2tb775VnfeeUex5YYPv0kDB96gLVu26uGHJ8pqtSouLo4AMNxebp5Dv8WlSpLm3XqZujZyBlzy7A7FJlglVfx7ZUx8ttYddH6n7VDXVxuPZuiTjc4HHiv7XnrrsUwlZObJ22zUlofbytPkDB5n5OTpZMap7y0Ad9OjTSPNemSoJOme//ygeb/t0IINu0sFgD+fdJOa1QnV8aR0jX1/gZZv2at/fbFK13VooYiGzh7pYo4kaN2uQ5KkDpfV1cY9R/XJ8s0afHVLvXJnH1dez322Qu/MX6dgP29Xq96S+l7RzFWu8hSd54d1Ubr7Pz9o3z+JenL2L/r08TN7sAzA+fX++x8oKSlZfn5++uij/7pax3744XR99dU8zZ//o/r27aN27dq6lgkICHC1gl24cJH+/e+3deDAQcXFHVDNmoU9YY4adVuxXn7KMmnSY6pfv74++WSOPv74E8XGxiovL08mk7OxhN1u188/L5EktWzZUrt379YvvyzTuHH3V/i+47ff1lbKdkuSwWDQBx/8t1SQusDff2+UJN111x266647XdP374+Th0f5DU0AoCj6B76I/Rzt7CKrTS0fV0BIkq4LD9JV+U9P/xR96m60AHeRZ3do45F01+cAi1k5eQ6t2OP8weq2K0KKBWWf6VVP+b8DndF54mU26sW+9dU81Bmo/WFnUql5Rn29V5EzolyvrFx7mXn9eShdR9NyJElPR9Z1BX8lycfTqG6NnT+wne25fmu7UG37J1Nfbomv8PaVJz4zt9g23Z/fdV9RHer5KjzMohl/ntSe/B8Ez0Z5+/inIt0CPh1ZTwUNkBsHe+nO9s4bgzX7UpWRU36X4gCA8y8lJUW//vqbJGdXaQVP0y9a9NN5X/fnn3+pceMecL1KWrdunSRni96C4K8kdenS2VXOdev+KDNvm82m/fud///MZrMaNWpY2cUHqh0Pk0ENg5zfyR5ZGKcXlh/WDzsTlZSVd8a9rhS0/g0Ps+i5Ps4HF5fvSdGR1JzKLbSkRkGeMhmkLJtdN30eo3//elQr9qTIZDQU+84NXEpOJGdo3z/OB3z9vcs/D2oF+2n6BGc30naHQz+u3+VK+2T5JklSeL1QPTeypyRp+Za9OpKQesblWb5lryKnzHK9/rv4z1POP7RLhEb1cnb9vuivaOXauO8DJOnAiWQNeP5TXfdC6deBExfmd+Hc3Fz99dffkqQBA651BUEl6Z57RsuY3/q/vO/Z2dnZ2rNnr+uzn59vsfSS3/G3bdtebj6HDjkfUmnatIkr+CvJ1T2zwWDQ009PkYeHh1JT07Rmza9nscVO57Ld/ftfqz179mjp0l/KzLug++rvvvte7777nhYv/klHjhxRkyaNXfkCwOnQAvgidjK/C+r6gaWf+mkY5KU/D2fwdDMuCe3+r/gXv+ahXhoYHqSkTJty7Q5JUr2A4je4Pp5Ghfp46ERGrutcqiiDQbos1KLYBKuOp5f+wWrbP5nFPufll6Gk4+mF673sFC2Gz/Zcf75Pfc3flaR/rTh8zq1ic/Ic+utwhutzWffaZqNBL/droFvmxuqZXw5qUMuzbxVV1j4u2EZfT6NCSnQx3TDIOfZvnkNKzLLR9T0AVKFfflmu3NxcWSwWde3aRQkJiYqK2qUVK1bqwQcfKNW9cmU6evSojh49Wm56crLzR7Cyuo2rXbu2oqJ2KSmp9A9lU6e+palT35Ik1ahRQ1OmPKHQ0NBKKjVQvX1+SzM9tOCANh/L0K6TxyQ5e365/6qaeuv6ivX6kpvn0NxtzocSh7cNUa+mgQrzMSs+06bPNsdrSs/K7bWwwlDJAAAgAElEQVSqSYhFHw1toueWHdGqfalatc8ZnArwMumt6xvq9ivCKnV9QHX21a879NWvO4pNe2xol1MuUyfEX34WT6Vn5+h4svM+MNeWp7lrtkmShndrrV7tmioswFvxqVn6bOUWTbm5xxmVKz41S/GpWa7PXVqd/sGq5nWd5641N09J6dmqGeR7miUA99eoZpC6t26k174uHsh8+pYealQz6IKUITU1TTab8zebGjWKf8+2WCwKDAxUUlKSkpKKN6KIj49Xjx69ik3r06e3awzgAiW/46enp6uk224r7MGnTZvWevrpKcXSFy1aLEm64orL1bhxI1199VVau/Z3LV78k/r163smm+tyttstSWPG3K3Vq9foo49m6p133iqVPm7c/UpPT9e6dX/ohx/mu6ZfeWV7vfjiCwoMDCy1DACURAC4CnjkNzu02gqDQjl5hS0EC7qnOp0wX7Oi46XDKaWDV4dSnK3vavhSxXB/PZsEyMfDoDBfD11e20d3tA+Tn5dJXmaDPIwG5dodOpJavEVqVq5dCZnOc6eG75l1neJwSHsSnGOb1fLzLJW+7eG2FeoCupZf4Xr3JGSrY/2yu6E+23O9tr+HJnatrVdXHdV/fv/ntOU5lbr+noqddPlp57uhZZB6NPHXot3JCrKc/fWnrH0clr+NGTl2JWXZFFxkjOJDKc4gsdEghXhz3QOAqvTTT86Wvl27dpHFYlHv3pH64IMPlZmZqVWrVuv666+TyeS8Vttsxf+35eQ4r+dn263Z5MmTinUPV/IHpYIfSo4fP1Fq2ePHncMMFIzzVVSbNq3l5eWlzZu36OTJk9q5M0qdOnU6qzICF5v2dX21dlyEjqbmaN2BNC2KTtE32xP03w0ndH14kHo3O/0PkIujk3Ui3fkD6fA2oTIbDboxIliz/j6pTzfF68kedV29u5yKOX8c4KL3z5JktTk/e5oKW8SMvDxMIy8PU9TxLK0/lK5PN5/UX4cz9OCCOA2NCJGPJ61ncPEx5x/jObbiDwBbc52fPcsYE7JgDGBvLw/VDwvQsC6t1alFvVOu51himtKznf+Ta+UHWRf/FaMTKc6HnYd3bSOzyagbr2mlWb9s0qcrt+rJ4d1lqMiJnG9kjzan7QK6pNijzgdJvDxMCvY7s14IAHf2zIie2rb/Hy36K0aSNLBTCz0zoucFW7+/v5/MZrNsNptOniz+PTs7O1spKSmSpODg4g0FCsYANplMCg0N1ZVXtlfPnqUfJin5Hb8s3bt309Gjx7R3717FxMTq2LFjrha5CQmJrla4vXv3cr2vXfu7Nm3arCNHjrha3F6I7Zak0NBQ3XrrCM2ePUdz535VKj04OEivvvqy0tPTtXPnTm3cuFnfffe9Nm3arK+//lb33Vd29/oAUBR3PFWgSYizJeLmY5muG9XfDxQ+1dQ4uHRAqSzXhzv/eew4nqkFRcYj/iU2WRsOOZ/QvK7FhXnSC6hK0wY10re3t9D0IU00/ppa8vNytv70MhvVu1mAJGnu1kTtS8x2LfP66qPKy38G40zOE6vNrheWH3aNeTYk4uzPsasa+KmOv/MH7tfXHNXB5MIgdVau3XVdOJdz/ZEutVXH30Nfbj33bqAr6vX+DWSQznqd5e3j68MLf1x8Y81ROfLr71CKVZ9udnYp2LNJAK1/AaAKRUXt0t69+yRJK1asVI8evXTTTTfLkX/RLnjyvl49Z2u/5OQUHThwUJIzAFsQmK1Tp/Z5KV/Xrs4WT/v27XN1Uy1J69ev186dUZKkzp2vKbXc9ddfp3fffVvjx4+TJM2ePUcxMTHnpYxAdfPFlnilZuepboCnhrcN1QeDG7kCsYmZFetxqqD7Z0lqP227fF/4S7P+dk47kGzVyr0pFcqn4F46IdOmmHjnd/vDKTk6mOwMVBV073ww2aolMSmy2R2KqOWtezrW0LO9nD/s5uQ5lGal61hcnJrUct4bJqRmKeZIgiTpcHyKDp50nkONa5V+IKNHm0b67plb9fmk4Xpj9LWnDf6eSM7QuA8WSpKMBoMGX91SkvTJ8i2uedo//KF8h72sWb84u4Q+cCJZK7fuO8etO7X5f+zS56u2SpJu6BQuDzP3fUBR/3twsNo2qqW2jWrpfw8OvqDr9vT0VMeOHSRJS5cu05EjR1xpc+Z8Jrvd+ft3ly6diy1XMAbwa6+9oscff1S9ekWedffG48ffr9mzZ6pbt67KycnRa6+9qexs53eFJUuWKC/P+b//7bffVY8evfTSS6+4ll28+OezWufZbneBkSNHKDQ0tMxuoH/7ba2OHz8uPz8/XX311XrggXFq0aK5JCk19cy73QdwaaKZVBUY06GGftiZqLgkq9q9t10Ngzz19xFnEKdTfV9dWbd0K8C3fjumTzYV3jT3bBKgKT3ran5Uov46nKHbvtqj9nV9ZZC0+Zgzryvq+OrBzrUuyDYB1dWbAxpq45Fdis+06eoPd6p9XR+dSM91BRfv6VBDXRqV3fK2qLd+O6bpG04oLtnq+sHo+vAg3dOxdBeSo77eKy9z4ZPPj3SpXWzs3gKeJoM+GtpEt3y5R3sSrGo/bYfa1faW0WDQrpNZ6tzQT10b+ev+q2qe9bnu62nS873ra/yPpcfsPRMFYwAXNXtYUzUJKf3U9RV1fDWyXajmbks4o3Wcbh93qOen8VfX1H83nND7fxzXz9HJquPvqc3HMpSRY1ewt1lTBzAeIwBUpYIAr5+fn664orDniNTUVG3btl07duxUXNwBRUZG6uOPZys5OUXjx09Qs2ZNtX//ftlsNvn5+Z11N2ynM3ToEK1Z86uionbp2WefV3h4uAwGg6KjoyVJLVq00C233Fzu8sOGDdX8+T/qyJEj+uijWXrrrTfPSzmB6mT8/P16yBin5mEW1fT11O6TWbLZHfLzNKlzI//TLn84JUcr8gO8ner7FusFZ/3BdMVn2jRnc7z6XHb6lsQ3tQ7RKyuPKD7TpsgZUWpby0dRJzKVa3coyGLWiHYh+evM1bAvYhRoMemyEIsCLCbXcCbtavuolv/Z9TIAVLWburTWK/NWKz41S5FTPlbbxjUVdfCEcvPsCvK1aET3tmed96i3vpc1N1f7jycrJ3/Mn3/d3kutG9XU4fgUrdjqHJ+zU/O6qhVUeA+9PvqQ4lOzNGfFFvW5olmF11cwBnCBQF9v/fjcbaXm6T55lg7HJ7taHzetHaKpd1971tsJuKsgP2999NBg198X2oMPTtDu3buVnJyiu+++Vy1aNFdSUpIOHTosSRo0aKDatTu7a9Tnn3/pus+QpPbt2+v+++8rc97x48dp3bo/lJCQoO+++163336bfvrJGeCtV6+emjRp7Jr30KFDOnDgoH7+eYnGjLm72JjBFXUu2+3t7a17771Hb77571Jp33//gzZu3KR69eqqdu3aSkxM1P79cZKkq66iJyIAFUMAuAr0bBqgb25roXfXHtPWfzL15+EM1fLz0IAWgXqhT/0yu77an2TV/qTC1oH1Ajzl7WHUkrtb6v/W/aPvdiQq6oRz7JTwMIuGtg7Vo11r060VLnnNwyxaN761pq45pmV7UvTnoQxZPIy6poGf7u5QQ6PaV2z8r/1JVnkYDQr2NuvKur669fJQjboirMzzteQYwEXH+i2pd7NArRvfWu+sPabV+1K1+WimAi0mXV7HR3ddWUOSzvlcH9U+TB+uP67txzPLned0So4BLEmZuWWPbSxJL/arr/lRScqy2cudp6SK7OO3rm+kTvX9NOvvE9r2T5YOJOeojr+Hbm4TqCd71lHDIK/yVwAAOK+ysrK0cuUqSdLNNw/T3XePdqXl5OTolltuVWJiohYvXqwJEx7QtGn/p5kzZ2nr1q3avn2H/Px81bVrF40Zc4/Cws7P+JwWi0Xvvfeu5s37WqtWrdb+/c4HpBo1aqjIyEjddttIWSzldylpNpt111136LXX3tCff/6prVu36fLL252XsgLVxQt96mvlvlRFn8xSTHy2grxN6tMsUE9F1lW9gNP3XvXZ5pOyO6RAi0kL7ghXgKXwx9UP/jiuyUsOauGuJMVn2FxDfpQn1MesX+5ppZdWHtbauDT9cTBNgRaTbggP0nO966mOv7M8l4V66ZEutfVbXJoOJFuVas1TDV8PDW4VpOf7nHkXj0B1ERrgrV9eHq2X5q7W2qg4/bH7kAJ9vHRDpxZ6bmSk6oSc/qGM8myL+0cWD7NqBfmpY/O6Gjugo3q0cQZKPlu5VXaHQ4E+Fi14/nYF+BT+r/xg0Z+aPHupFv4ZrfiUTIUF+lRofSXHAA71Lx2wik/NUmJatgJ9LWrftI4GXtVCD9xwVbH1AyjUrsn56UWnIho2bKCZMz/SZ599oQ0b/lRU1C55enqqTZvWGjRooK67bsBZ511yDOAaNWqUO2+DBvXVv/+1+vnnJZo79ys1bdrUFYydPHmS2re/wjVvbGysxowZq4SEBK1fv8HVW9CZONftvu66Afr22++1d+/eYtNvvHGwfH19FRu7Rzt27JSHh4datGihYcOGqnv3bmdcTgCXJoOjoD+2KpSZmXb6mQAAAAAAAAAAAACgGvPxOfsH8yoLzUMBAAAAAAAAAAAAwE0QAAYAAAAAAAAAAAAAN0EAGAAAAAAAAAAAAADcBAFgAAAAAAAAAAAAAHATBIABAAAAAAAAAAAAwE0QAAYAAAAAAAAAAAAAN0EAGAAAAAAAAAAAAADcBAFgAAAAAAAAAAAAAHATBIABAAAAAAAAAAAAwE0QAAYAAAAAAAAAAAAAN0EAGAAAAAAAAAAAAADcBAFgAAAAAAAAAAAAAHATBIABAAAAAAAAAAAAwE2Yq7oAAAAAAAAAAMrnO+zlqi4CgItUxnfPVXURAABVgBbAAAAAAAAAAAAAAOAmDA6Hw1HVhVi9ellVFwEAAAAAAAAAAAAAzklkZL+qLkL1CAADAAAAAAAAAAAAAM4dXUADAAAAAAAAAAAAgJsgAAwAAAAAAAAAAAAAboIAMAAAAAAAAAAAAAC4CQLAAAAAAAAAAAAAAOAmCAADAAAAAAAAAAAAgJsgAAwAAAAAAAAAAAAAboIAMAAAAAAAAAAAAAC4CQLAAAAAAAAAAAAAAOAmCAADAAAAAAAAAAAAgJsgAAwAAAAAAAAAAAAAboIAMAAAAAAAAAAAAAC4CQLAAAAAAAAAAAAAAOAmCAADAAAAAAAAAAAAgJsgAFzEW2+9pZdffrmqi1GtjR49WvPnzy83fenSpbrlllsqbX3x8fHq2LGjkpOTJUnTpk3Ts88+W2n5n4ui+yItLU0dO3bU8ePHKzQ/AAAAAAAAAAAAcD5clAHg7du3q2PHjrr77ruLTf/tt9/UrVu3KipV9ZKZmamOHTvq6NGjlZrvqFGj1K5du0rN80z07NlTAwcOrLL1F1XV+wIAAAAAAAAAAAAoyVzVBTgXBw8e1PLly9W3b9+qLsolo6r3dXUKuFb1vgAAAAAAAAAAAABKuihbABe47777NG3aNOXm5paZbrPZNH36dA0aNEi9evXS+PHjtWfPnlPmabPZ9Prrr6tHjx4aMGCAvvnmG1fa8ePH9dBDD6lv377q2bOn7rnnHu3YsUOSlJeXpwEDBmjVqlXF8nv++ef10ksvlbkuu92ur7/+WjfffLO6d++ugQMH6ocffnClL126VCNGjFCPHj00cuRIrV692pW2evVqDRkyRDNmzNCoUaN044036pVXXpHNZpMkjR8/XpI0duxYDRkyRJ999pkk6fDhw3r88cfVr18/DRgwQFOnTlV2drakwm6M582bp9GjR2vYsGEaP368Tpw44VpvyW6Mt23bpttvv109evTQmDFjdPjw4WLbmJiYqGeeeUbXXnut+vfvr3/9619KSUkpd//Hx8dr4sSJioyM1NChQ7Vu3bpi6UW7gM7NzdWrr76qfv36KTIyUoMGDdKSJUtc++fGG2/UtGnTNGbMGN1yyy2aOnWqcnJyXHnt3r1bY8eOVWRkpG688UbNmjVLeXl5Z70vJGndunUaOnSoIiMj9cgjjxSbv6S///5bo0ePVmRkpIYMGVLsWAMAAAAAAAAAAADOxkUdAL7pppvk4eGhefPmlZk+c+ZMLV26VO+//76WLl2qtm3basKECUpPTy83z2XLlql9+/ZatmyZXnjhBb311ls6dOiQJMnhcGjYsGFauHChli9fri5dumjSpEnKzs6WyWTSkCFDigUE09PTtWLFCg0dOrTMdc2dO1dz5szR888/rzVr1ujTTz9VeHi4JGdw8MUXX9TEiRO1cuVKjR8/XlOmTHEFnCVnMDcgIECff/655s2bp61bt+qnn36SJP33v/+VJH300UeaP3++7rjjDmVlZWncuHFq3ry5Fi5cqK+++kpxcXGaNm1asXJt27ZNM2fO1HfffadatWrpgw8+KLP8KSkpevjhhzV48GCtWrVKTzzxRKkg5pQpU2S1WvXdd99p3rx5io+P1/PPP1/u/p8yZYr8/Py0ZMkSzZo1SwsWLCh33oULF2rnzp36/vvvtXr1as2ePdu1/yTpyJEjCgoK0qxZs/T5559r3759mjFjhiQpOTlZDzzwgDp37qxly5bpnXfe0Q8//KAvvvjirPZFgcWLF2vWrFlasmSJAgICNGXKlDLni46O1sSJEzV69GitWLFCb7/9tmbPnq2VK1eeMn8AAAAAAAAAAADgVC7qALDRaNTEiRM1c+ZMJScnl0pfuHChxowZo0aNGsnT01P333+/JGnt2rXl5nnllVdqwIAB8vLyUufOndWoUSPt2rVLklS7dm1FRkbK29tbHh4euvfee5WVlaW4uDhJ0pAhQ7RhwwZXq88lS5aofv36atu2bZnrmjdvnu677z61bdtWRqNRISEhioiIkCQtWLBA/fv3V+fOnWU2m9WzZ0/17NlTP/74o2t5Pz8/jRgxQpJksVh09dVXa+fOneVu26pVq2Q2mzVu3DhZLBYFBQXpgQcecAWNC9x5550ym529g/fs2bPcPFetWqWwsDCNGDFCJpNJLVu21ODBg13phw8f1qZNmzRp0iT5+/srKChIjz76qH7//XfFx8eXyu/w4cPasmWLHn30UVksFoWEhOi+++4rd3s8PT2Vnp6u6P9v735CrKr/P46/x/mV/0tqUEeNFCE0inJhRkwwVJRJJiVJaVikRgQF1aJFLRQLi1BnoZSpSRkFQhFJiwjKcJW0CGnzLalfmuaINZmOmjrd30IcGkfD6gv+evV4rOaec+7nfu65s3vy+Zz//KeOHz9eLS0tNWHChN7zAwcOrPvuu6/32nnz5tXmzZurqurTTz+t4cOH14MPPlgXXHBBTZw4sebPn99vRe+53otTFi1aVJdcckkNGjSonnrqqdq+fXt99913/a7btGlT3XbbbdXe3l7Nzc01ceLEmjNnTr/fAgAAAAAAAP6Mf/QzgKuq2traavLkybVu3bqaNm1a7/FGo1H79u2rcePG9R5rbm6u1tbW6uzsPOt4o0aN6vN6yJAhdfjw4aqq6u7urlWrVtW2bdvqyJEjNWDAgDpy5Eh1dXVV1clAPG3atHr//fdr4cKF9d5775119W+j0ai9e/fW5ZdffsbznZ2ddd111/U5Nm7cuPr66697X48YMaLP+YEDB54xhJ+yZ8+e2r9/f82ePbv32G+//VYDBgzo/Y6njztw4MDq7u4+43in39+qqssuu6zPd2hubq7Ro0f3+Q5VVXv37q2WlpY+7+3s7KzBgwfXpZdeesbxTnf77bfXTz/9VCtXrqydO3fW1KlT6/HHH6/x48dXVdXFF1/cG2+rqlpaWmr//v3V09NTnZ2dNXbs2Gpqauozt9P/N871XpwyduzYPu8dNGhQ7du3r9/vvHv37tqxY0d98cUXvceOHTvW5/0AAAAAAADwZ/3jA3BV1RNPPFEPPPBAtba29h5ramqqkSNH1p49e+raa6+tqpOx84cffugXec/Vyy+/XLt27ar169f3hsH29vZqNBq919x99921fPnyamtrq2+++aZmzJhxxrGamppq9OjRtXPnzpoyZUq/86NGjao9e/b0ObZ79+5znvuAAf0Xd48ePbrGjBlTmzZtOuN7Dh48eE5jnzJy5MjaunVrn2M//vhj79+jRo3qja2n5r179+7euZxu1KhRdeTIkeru7q6hQ4f2G+90zc3NNX/+/Jo/f3798ssv1dHRUUuWLKkNGzZU1cnnDx8+fLiGDBlSVVW7du2qlpaWam5u/tv392z27NnTG7l//vnnOnr0aI0cObLfda2trTVhwoR6+umn/9bnAQAAAAAAwO/9o7eAPuWKK66o6dOn94a/U2bOnFmvvfZaff/993Xs2LF69dVXq9FoVFtb21/6nIMHD1Zra2tv/H3nnXf6PU+4ra2tjh8/XkuXLq2bbrqpLrroorOON2fOnFq7dm19+eWX1Wg0qqurq3e76ZkzZ9aHH35Y27Ztq56entq6dWtt2bKlzxbLf2TQoEE1dOjQPtsPt7e31+HDh2vNmjXV3d3duwr59Ih7rtrb22vXrl312WefVdXJ4Pn7LZTHjRtXU6ZMqZUrV9ahQ4fqwIED1dHRUTfccEO/1b+nrr/mmmvq9ddfr6qqnp6e2rhx41k///PPP6+vvvqqenp6asiQITVs2LBqbm7uPd9oNKqjo6N+/fXX2rt3b61fv77uuOOOqjq5nfOBAwdq48aNdfz48fr222/rjTfeqFmzZv2le3HK2rVrq6urq44ePVorV66sq6666oyrvO+555764IMP6pNPPqkTJ07UiRMnaseOHbV9+/aqOvn86I6Ojn6RGgAAAAAAAP5IxArgqqpHH320Pvrooz7HFixYUD09PfXII4/UoUOHatKkSbV69eoaNmzYX/qMRYsW1eLFi2vevHk1ePDgamtr67eStbm5uWbNmlXr1q2rJ5988g/Hmzt3bg0YMKAWL15ce/furREjRtTChQtr8uTJNXXq1HrmmWfqpZdeqs7OzhozZkw9//zzZ32e8Jk89thjtWTJkjp69GjNnTu3Hn744XrllVdq1apVNXv27Dpy5EiNHDmyZs6cWTfeeOOfvh8jRoyojo6OWr58ea1Zs6aGDx9e06dPr48//rj3mmXLltWKFSvqrrvuqqamprr++uv/8L4sW7asnnvuubr//vtr+PDhdfPNN/cZ7/f2799fL7zwQu3bt68uvPDCmjRpUj377LO951tbW2vMmDE1a9asOnHiRN1yyy29zxQeMWJErV69ulasWFHr16+v4cOH15133lnz5s370/fh92bMmFEPPfRQdXV11dVXX10vvvjiGa+78sora8WKFbVmzZpaunRpNRqNGj9+fC1YsKCqTm43/uabb1Z7e3uNGTPmb80JAAAAAACAf4+mxu/3L+a/YvPmzbVhw4Z69913z/dU/rW2bNlSHR0dfVYkAwAAAAAAQLqILaD/P+nu7q6333677r333vM9FQAAAAAAAOBfRgD+L3rrrbfq1ltvrdbW1rr77rvP93QAAAAAAACAfxlbQAMAAAAAAACEsAIYAAAAAAAAIIQADAAAAAAAABBCAAYAAAAAAAAIIQADAAAAAAAAhBCAAQAAAAAAAEIIwAAAAAAAAAAhBGAAAAAAAACAEAIwAAAAAAAAQAgBGAAAAAAAACCEAAwAAAAAAAAQQgAGAAAAAAAACCEAAwAAAAAAAIT4n/M9gaqqH3b/7/meAgAAAAAAAMDf0jp2/PmeQjU1Go3G+Z4EAAAAAAAAAH+fLaABAAAAAAAAQgjAAAAAAAAAACEEYAAAAAAAAIAQAjAAAAAAAABACAEYAAAAAAAAIIQADAAAAAAAABBCAAYAAAAAAAAIIQADAAAAAAAAhBCAAQAAAAAAAEIIwAAAAAAAAAAhBGAAAAAAAACAEAIwAAAAAAAAQAgBGAAAAAAAACCEAAwAAAAAAAAQQgAGAAAAAAAACCEAAwAAAAAAAIQQgAEAAAAAAABCCMAAAAAAAAAAIQRgAAAAAAAAgBACMAAAAAAAAEAIARgAAAAAAAAghAAMAAAAAAAAEEIABgAAAAAAAAghAAMAAAAAAACEEIABAAAAAAAAQgjAAAAAAAAAACEEYAAAAAAAAIAQAjAAAAAAAABACAEYAAAAAAAAIIQADAAAAAAAABBCAAYAAAAAAAAIIQADAAAAAAAAhBCAAQAAAAAAAEIIwAAAAAAAAAAhBGAAAAAAAACAEAIwAAAAAAAAQAgBGAAAAAAAACCEAAwAAAAAAAAQQgAGAAAAAAAACCEAAwAAAAAAAIQQgAEAAAAAAABCCMAAAAAAAAAAIQRgAAAAAAAAgBACMAAAAAAAAEAIARgAAAAAAAAghAAMAAAAAAAAEEIABgAAAAAAAAghAAMAAAAAAACEEIABAAAAAAAAQgjAAAAAAAAAACEEYAAAAAAAAIAQAjAAAAAAAABACAEYAAAAAAAAIIQADAAAAAAAABBCAAYAAAAAAAAIIQADAAAAAAAAhBCAAQAAAAAAAEIIwAAAAAAAAAAhBGAAAAAAAACAEAIwAAAAAAAAQAgBGAAAAAAAACCEAAwAAAAAAAAQQgAGAAAAAAAACCEAAwAAAAAAAIQQgAEAAAAAAABCCMAAAAAAAAAAIQRgAAAAAAAAgBACMAAAAAAAAEAIARgAAAAAAAAghAAMAAAAAAAAEEIABgAAAAAAAAghAAMAAAAAAACEEIABAAAAAAAAQgjAAAAAAAAAACEEYAAAAAAAAIAQAjAAAAAAAABACAEYAAAAAAAAIIQADAAAAAAAABBCAAYAAAAAAAAIIQADAAAAAAAAhBCAAQAAAAAAAEIIwAAAAAAAAAAhBGAAAAAAAACAEAIwAAAAAAAAQAgBGAAAAAAAACCEAAwAAAAAAAAQQgAGAAAAAAAACCEAAwAAAAAAAIQQgAEAAAAAAABCCMAAAAAAAAAAIUInVXUAAAvASURBVARgAAAAAAAAgBACMAAAAAAAAEAIARgAAAAAAAAghAAMAAAAAAAAEEIABgAAAAAAAAghAAMAAAAAAACEEIABAAAAAAAAQgjAAAAAAAAAACEEYAAAAAAAAIAQAjAAAAAAAABACAEYAAAAAAAAIIQADAAAAAAAABBCAAYAAAAAAAAIIQADAAAAAAAAhBCAAQAAAAAAAEIIwAAAAAAAAAAhBGAAAAAAAACAEAIwAAAAAAAAQAgBGAAAAAAAACCEAAwAAAAAAAAQQgAGAAAAAAAACCEAAwAAAAAAAIQQgAEAAAAAAABCCMAAAAAAAAAAIQRgAAAAAAAAgBACMAAAAAAAAEAIARgAAAAAAAAghAAMAAAAAAAAEEIABgAAAAAAAAghAAMAAAAAAACEEIABAAAAAAAAQgjAAAAAAAAAACEEYAAAAAAAAIAQAjAAAAAAAABACAEYAAAAAAAAIIQADAAAAAAAABBCAAYAAAAAAAAIIQADAAAAAAAAhBCAAQAAAAAAAEIIwAAAAAAAAAAhBGAAAAAAAACAEAIwAAAAAAAAQAgBGAAAAAAAACCEAAwAAAAAAAAQQgAGAAAAAAAACCEAAwAAAAAAAIQQgAEAAAAAAABCCMAAAAAAAAAAIQRgAAAAAAAAgBACMAAAAAAAAEAIARgAAAAAAAAghAAMAAAAAAAAEEIABgAAAAAAAAghAAMAAAAAAACEEIABAAAAAAAAQgjAAAAAAAAAACEEYAAAAAAAAIAQAjAAAAAAAABACAEYAAAAAAAAIIQADAAAAAAAABBCAAYAAAAAAAAIIQADAAAAAAAAhBCAAQAAAAAAAEIIwAAAAAAAAAAhBGAAAAAAAACAEAIwAAAAAAAAQAgBGAAAAAAAACCEAAwAAAAAAAAQQgAGAAAAAAAACCEAAwAAAAAAAIQQgAEAAAAAAABCCMAAAAAAAAAAIQRgAAAAAAAAgBACMAAAAAAAAEAIARgAAAAAAAAghAAMAAAAAAAAEEIABgAAAAAAAAghAAMAAAAAAACEEIABAAAAAAAAQgjAAAAAAAAAACEEYAAAAAAAAIAQAjAAAAAAAABACAEYAAAAAAAAIIQADAAAAAAAABBCAAYAAAAAAAAIIQADAAAAAAAAhBCAAQAAAAAAAEIIwAAAAAAAAAAhBGAAAAAAAACAEAIwAAAAAAAAQAgBGAAAAAAAACCEAAwAAAAAAAAQQgAGAAAAAAAACCEAAwAAAAAAAIQQgAEAAAAAAABCCMAAAAAAAAAAIQRgAAAAAAAAgBACMAAAAAAAAEAIARgAAAAAAAAghAAMAAAAAAAAEEIABgAAAAAAAAghAAMAAAAAAACEEIABAAAAAAAAQgjAAAAAAAAAACEEYAAAAAAAAIAQAjAAAAAAAABACAEYAAAAAAAAIIQADAAAAAAAABBCAAYAAAAAAAAIIQADAAAAAAAAhBCAAQAAAAAAAEIIwAAAAAAAAAAhBGAAAAAAAACAEAIwAAAAAAAAQAgBGAAAAAAAACCEAAwAAAAAAAAQQgAGAAAAAAAACCEAAwAAAAAAAIQQgAEAAAAAAABCCMAAAAAAAAAAIQRgAAAAAAAAgBACMAAAAAAAAEAIARgAAAAAAAAghAAMAAAAAAAAEEIABgAAAAAAAAghAAMAAAAAAACEEIABAAAAAAAAQgjAAAAAAAAAACEEYAAAAAAAAIAQAjAAAAAAAABACAEYAAAAAAAAIIQADAAAAAAAABBCAAYAAAAAAAAIIQADAAAAAAAAhBCAAQAAAAAAAEIIwAAAAAAAAAAhBGAAAAAAAACAEAIwAAAAAAAAQAgBGAAAAAAAACCEAAwAAAAAAAAQQgAGAAAAAAAACCEAAwAAAAAAAIQQgAEAAAAAAABCCMAAAAAAAAAAIQRgAAAAAAAAgBACMAAAAAAAAEAIARgAAAAAAAAghAAMAAAAAAAAEEIABgAAAAAAAAghAAMAAAAAAACEEIABAAAAAAAAQgjAAAAAAAAAACEEYAAAAAAAAIAQAjAAAAAAAABACAEYAAAAAAAAIIQADAAAAAAAABBCAAYAAAAAAAAIIQADAAAAAAAAhBCAAQAAAAAAAEIIwAAAAAAAAAAhBGAAAAAAAACAEAIwAAAAAAAAQAgBGAAAAAAAACCEAAwAAAAAAAAQQgAGAAAAAAAACCEAAwAAAAAAAIQQgAEAAAAAAABCCMAAAAAAAAAAIQRgAAAAAAAAgBACMAAAAAAAAEAIARgAAAAAAAAghAAMAAAAAAAAEEIABgAAAAAAAAghAAMAAAAAAACEEIABAAAAAAAAQgjAAAAAAAAAACEEYAAAAAAAAIAQAjAAAAAAAABACAEYAAAAAAAAIIQADAAAAAAAABBCAAYAAAAAAAAIIQADAAAAAAAAhBCAAQAAAAAAAEIIwAAAAAAAAAAhBGAAAAAAAACAEAIwAAAAAAAAQAgBGAAAAAAAACCEAAwAAAAAAAAQQgAGAAAAAAAACCEAAwAAAAAAAIQQgAEAAAAAAABCCMAAAAAAAAAAIQRgAAAAAAAAgBACMAAAAAAAAEAIARgAAAAAAAAghAAMAAAAAAAAEEIABgAAAAAAAAghAAMAAAAAAACEEIABAAAAAAAAQgjAAAAAAAAAACEEYAAAAAAAAIAQAjAAAAAAAABACAEYAAAAAAAAIIQADAAAAAAAABBCAAYAAAAAAAAIIQADAAAAAAAAhBCAAQAAAAAAAEIIwAAAAAAAAAAhBGAAAAAAAACAEAIwAAAAAAAAQAgBGAAAAAAAACCEAAwAAAAAAAAQQgAGAAAAAAAACCEAAwAAAAAAAIQQgAEAAAAAAABCCMAAAAAAAAAAIQRgAAAAAAAAgBACMAAAAAAAAEAIARgAAAAAAAAghAAMAAAAAAAAEEIABgAAAAAAAAghAAMAAAAAAACEEIABAAAAAAAAQgjAAAAAAAAAACEEYAAAAAAAAIAQAjAAAAAAAABACAEYAAAAAAAAIIQADAAAAAAAABBCAAYAAAAAAAAIIQADAAAAAAAAhBCAAQAAAAAAAEIIwAAAAAAAAAAhBGAAAAAAAACAEAIwAAAAAAAAQAgBGAAAAAAAACCEAAwAAAAAAAAQQgAGAAAAAAAACCEAAwAAAAAAAIQQgAEAAAAAAABCCMAAAAAAAAAAIQRgAAAAAAAAgBACMAAAAAAAAEAIARgAAAAAAAAghAAMAAAAAAAAEEIABgAAAAAAAAghAAMAAAAAAACEEIABAAAAAAAAQgjAAAAAAAAAACEEYAAAAAAAAIAQAjAAAAAAAABACAEYAAAAAAAAIIQADAAAAAAAABBCAAYAAAAAAAAIIQADAAAAAAAAhBCAAQAAAAAAAEIIwAAAAAAAAAAhBGAAAAAAAACAEAIwAAAAAAAAQAgBGAAAAAAAACCEAAwAAAAAAAAQQgAGAAAAAAAACCEAAwAAAAAAAIQQgAEAAAAAAABCCMAAAAAAAAAAIQRgAAAAAAAAgBACMAAAAAAAAEAIARgAAAAAAAAghAAMAAAAAAAAEEIABgAAAAAAAAghAAMAAAAAAACEEIABAAAAAAAAQgjAAAAAAAAAACEEYAAAAAAAAIAQAjAAAAAAAABACAEYAAAAAAAAIIQADAAAAAAAABBCAAYAAAAAAAAIIQADAAAAAAAAhBCAAQAAAAAAAEIIwAAAAAAAAAAhBGAAAAAAAACAEAIwAAAAAAAAQAgBGAAAAAAAACCEAAwAAAAAAAAQQgAGAAAAAAAACCEAAwAAAAAAAIQQgAEAAAAAAABCCMAAAAAAAAAAIQRgAAAAAAAAgBACMAAAAAAAAEAIARgAAAAAAAAghAAMAAAAAAAAEEIABgAAAAAAAAghAAMAAAAAAACEEIABAAAAAAAAQgjAAAAAAAAAACEEYAAAAAAAAIAQAjAAAAAAAABACAEYAAAAAAAAIIQADAAAAAAAABBCAAYAAAAAAAAIIQADAAAAAAAAhBCAAQAAAAAAAEIIwAAAAAAAAAAh/g8E+C7te6gGBwAAAABJRU5ErkJggg==' height='250' width='300'/> ]]>
  </system-out>
</testsuite> <!-- com.tribu.qaselenium.tests.apimazaprendo.MAPreconditionTests -->
