<?xml version="1.0" encoding="UTF-8"?>
<!-- Generated by org.testng.reporters.JUnitReportReporter -->
<testsuite hostname="station" failures="0" tests="1" name="com.tribu.qaselenium.tests.apimazaprendo.MACreateF2FLessonTests" time="30.485" errors="0" timestamp="2022-04-17T19:24:25 COT" skipped="0">
  <testcase classname="com.tribu.qaselenium.tests.apimazaprendo.MACreateF2FLessonTests" name="createF2FLesson" time="30.485"/>
  <system-out>
    <![CDATA[ <img src='data:image/png;base64,iVBORw0KGgoAAAANSUhEUgAAB4AAAAOiCAYAAACRicroAAAAAXNSR0IArs4c6QAAIABJREFUeJzs3XlcVGX7P/DPsOMoiwoiLjVomoLLIykumCFqpaKZkpRSueGTiWSLYqm551KmoKYgZeKWmJpIpYKWC4oJoQaoJT4pMizqsA/IMr8/+M35MjAMAwwM4uf9es1L5pwz97lnzpzFuc513aIxY8YoQE+d8+fP67sLRERERERERERERERERKTG3bt36/xaAx32g4iIiIiIiIiIiIiIiIiI9IgBYCIiIiIiIiIiIiIiIiKiZoIBYCIiIiIiIiIiIiIiIiKiZoIBYCIiIiIiIiIiIiIiIiKiZoIBYCIiIiIiIiIiIiIiIiKiZoIBYCIiIiIiIiIiIiIiIiKiJ8SxY8c0zmcAmIiIiIiIiIiIiIiIiIjoCaAM/moKAhspFIrG6g8REREREREREREREREREdVB5aDvsWPHMG7cuCrLMQBMRERERERERERERERERNSEVZfxqy4IrFUAeOrUqZgyZYpOOrd3717s2bNHJ22R/q1atQoKhQJLlizRd1eaPYlEgsmTJ8PFxQUAEBMTgx9++AF37tzRc8+IiIiIiIiIiIiIiIioIanL9K2OgUKhQE0PXQV/AWDKlCk1ro+Phn/ogkQigaOjI5ycnCCRSHTSJqnn5OSEjRs3CsFfAHBxccHGjRvh5OSkx54RERERERERERERERHph0QigZeXF8Risb670qQYaLNQfn6+zlaoy7ZIvzw8PNT+Tbrn6+tbp3lERERERERERERERETNkUQiwcqVKzF58mSsXLmSQeAKtCoBvWHDBrz++us6WeHhw4d1loFK+iMWi+Hm5iY8d3NzQ0hICAP8DUAikcDW1rba+ba2tpBIJCwFTURERERERERERERETw1/f38h6KsMBi9ZsoSxKmgZAI6OjkZ0dHQjdIeeFBWDvxWnHT9+XA+9ad60uWOFd7UQEREREREREREREdHTwNbWFhkZGVi7dq1K5q9EIsHYsWPxww8/6LmH+qfVGMD6euzcuRMnT57EmjVralzW29sbJ0+ehLOzc63XM2zYMJw8eRITJkzQavmQkBAcOXJEq2Wfe+45vPrqq3r/LHU9BrC6ks+6KgMdExODrKwsHD58uMq8tm3bwt/fHyYmJjW2M378eGRlZT3xJZKfffbZGpexsbGpU9vDhg3DtWvXkJWVhTFjxqjM8/LyQnx8PNLT03H69GmVsYb79euH06dPIy0tDVevXsXEiROFeW3atMH+/ftx//59JCcnY9myZRCJRAAAAwMDrFy5Ev/88w/S0tKwZ88eWFlZNeg6a3qfRERERERERERERET0ZHBzc8OOHTvg5uaGO3fuVMn4TUhIqLGNzp07IysrS+3j1q1b1b4uKysLkZGRAICJEyciKysL7733HoDaxa9qKz4+XuuHkpHOe6EjXbt2RefOnRETE4MXXngBrVu3xqNHjxpkXdevX8fnn3+udQndwMBAGBsba7Xs1KlT0aZNG/z888/16aJAJBI1WgltW1vbaoOn6koS29raYuXKlWqXDwwMREZGRo3r7Nu3L7p3746TJ0/C3d0ddnZ2SEtLE+a/8cYb8Pf3R2BgIB4/fqyxrZiYGEyZMgVJSUk1rrcp+9///lfjMpmZmbVud86cOVixYgWSk5OrzHNycsI333yDmJgYBAUF4aOPPsLevXvh7OwMIyMj7Nu3DwqFAsuXL8fkyZMRFBSEa9eu4e+//8bmzZsxcuRIrF+/Ht27d8cHH3yA27dvIzQ0FD4+PvD19cW+ffuQkpKCTz75BPn5+Zg9e3aDrVPT+yQiIiIiIiIiIiIioieDm5sb5s2bBwDCv2fOnMGSJUuwcuVKhISE4K+//tK6vTt37iAoKEhlWkFBgVavjY6OxpQpU5CYmAigdvGrxqBVCeh27dph1KhROlnhyZMnkZ6eXuNyI0eOREFBAQICAhAaGgo3NzccOnRImN+5c2d88skncHBwQGJiIu7evQsAUCgUaNu2Lfbv34+ff/4ZBgYGcHNzg1QqxYoVK/DWW29h6NChuHPnDpYtW4YHDx6gV69e+Oyzz7Bt2zYcPnwYe/bsQXFxMfbt24eZM2fCxMQEP/30E3bt2gUA8PX1RevWrTF+/HgYGhpi5syZcHNzg4WFBdLS0rBv3z5ERkbiu+++Q6dOnQAAp06dgqenJwIDA1FcXIwzZ85g8uTJeOedd5Cfnw9fX18MHDgQxsbGuHbtGr7++ms8ePAAI0aMgL+/P4KDg/HKK6/g+vXr2Lhxo062RU3EYrFKBqY2qlte2xLFXl5eyM3Nxccff4z4+HhMnDgRW7duBQB8/fXXmDZtGgDg/v37mDFjBk6cOIEvv/wSo0aNgomJCaKjo+Hn5wepVAoXFxd8//33WLJkCQIDA9GqVSssWbIEo0ePhpWVFW7cuIE1a9bg9OnTAAAXFxesWLECvXr1QnFxMX777Td8+OGHePjwYa0+A13TplZ9XerZP378GMOHD4e7uzs+//xzlXkTJ06ESCTCp59+iri4OLRu3Roff/wx+vfvjxYtWsDOzg5Lly7FN998g6SkJBw9ehQTJkxAYGAgXnnlFZw+fRrr16+HmZkZxo0bB09PT4SGhmLixInIzc2Fr68vSktL8eKLL2L8+PHw9fVtsHVqep9ERERERERERERERNT0VQz+KlUMAs+ePbvWsZLU1FR88803aueJRCL4+/tj+vTpAIDVq1erJGgOHjwYISEhWLRoEbp161YlfvXjjz/Wqi+6plUA+KuvvoKdnZ1OVvjyyy9jypQpGpcxNDSEm5sbzp8/j7S0NFy7dg0jRoxAWFiYsIy/vz+6dOmCwMBAFBQUqGSqFhcXAygv+xocHIz8/HxMnDgRGzduRGhoKB48eAAvLy+88cYb2Lp1q8oGUygUKC4uhq2tLfr164cNGzZgzpw5mDp1Ks6ePYvbt2+rLDty5Eh4enrim2++wfXr1/HGG2/gvffeQ1xcHFauXImtW7dCKpVi/fr1yM7ORnFxMdq2bYsePXpg69atyM3NxX//+1+MGjUKAQEByM3NxWeffYbZs2dj1apVKCkpAVAekPvxxx+RlJTUaBnAd+7cQUBAQJUdqrYCAgK0yq42MjLCxIkTERERgbt37yI6OhpeXl5CAHjTpk1wcnJC//794eHhgYSEBKxYsQJeXl745JNPIJPJsHPnTqxevVrYISvaunUrxo0bh5UrVyIhIQGff/45Dh48iKFDhyIpKQnfffcdHj16hNdffx2tW7fGN998g/nz52Px4sX1ev/1defOHWRkZKjNugaAjIwMrbPXK9q5cycAwN3dvcq8rl27AgD+/fdfoQ8A0K1bN5iZmamd99xzz0EikcDIyEiYV1hYiPT0dHTr1k1o9/79+ygtLQVQnt08cOBAdOrUqcHWqel9EhERERERERERERFR06Yu+Ks0Y8YMXL58uU6JcqampujcubPKtOzsbGRnZ+OVV17BwoULER0dja+++gpTpkxRGXqyInXxK33TagxgXQV/AcDOzq7G9fXr1w/W1tb4888/0bZtW8TGxqJr16545plnoFAo0Lp1a3Tr1g0JCQk4duwYIiMjcfbs2SrrunfvHo4dO4YDBw4AAB4+fIgjR45g//79AIBOnTqpjIlb8W8TExMEBATg8uXLQvnmZ599tkqw2NTUFADQo0cPWFtb4+uvv8aECRPw4MED/PPPP1AoFJDL5UhMTBSCuebm5li3bh2OHz8OuVyOkJAQTJo0CUePHkVUVBQKCgrQpUsXlf5cuHAB+/fvR3x8fKOOAaxMna/LjpOfn48lS5bgzJkzWi0/fPhw2NjY4Ny5c7C3t8dvv/2GXr164fnnnwdQHvzLyckBAMTFxeHRo0dYtWoVunfvjp07d+LQoUPIzc1Vm4Xcpk0bjBs3DjExMfjqq6/w66+/Ys2aNTAyMoKXlxeA8u1iZ2eHPn364O7du5BIJHoP/ipdvny5TvPqSpmxXVRUBABCuYIWLVpUmaf8VywWo2XLlirLK+e3aNFCWEa5fMXXqmtXV+skIiIiIiIiIiIiIqInk6bgrzIOVZcYFgC88MILuHbtmspDmXD6yiuvAADWrl2LqKgofPrpp9W2oy5+pW9aZQBfvXoVffr00ckKr169WmMAUllueuHChSrTR44ciaCgIFhZWQEoD+gq21KOL1sxwKmcn5eXp/Jc+UUwMTGp0hfl84KCAuF1ubm5AABjY+MqAeDw8HB07twZL7/8Ml566SWUlpYiKioKX375pZCJXLFdAJDL5Splhfv06YN3330X9vb2EIlEMDExgZGRkcprUlJSGi3zt7K//vpLqJ+ubSln5U5Xm8zUyZMnA4CQ8avk5eWFZcuWqX2Nq6srFi1aBIlEApFIBFNTUzx48KDKch07dgRQflOAUmpqKgDA3t4eADBlyhRs3LgR69atE5b18/MTSkTrU3h4OMaOHVvtPF1T7iNmZmbIy8sTbnTIz89HWVmZMK/iv3l5ecI+o1xeOV/ZXn5+vsq8iu021DqJiIiIiIiIiIiIiOjJo03wty4VUpVu3LiBlStXqkz7559/AAA2NjYAIAxrm5aWJsQqngRaBYD9/PzQt29fnawwPj5e43xzc3MMHjwYcXFxOHjwoDB91qxZGD58OHbs2IGsrCwA5Vmdyv63a9cOgGoAWF3Gq6b56p5XVnn+48ePsWnTJgQEBKBLly547bXXMHr0aFy6dEklcFjxNWVlZSqZxp999hkePXqESZMmQS6X4/jx41XWVVpaqrcAMFBeclfbIHBddrqWLVtizJgxOHv2LLZt2yZMX7JkCTw9PbF8+fIq79/MzAzBwcHIyMhAjx49kJeXpxLgrSglJQXA/wWCAQjjMytfEx0djUGDBsHGxgZDhgzBunXrsG7dOvTv31/r99FQMjIykJCQAEdHR5XpCQkJws0PunTz5k14eHjAwcEBDx48QJcuXQCUHwyVmbUODg4AoDLvzp07KC4uFuaJxWK0a9dOyNC/efMmevfuDWNjYxQXF6NLly4oKCjA3bt3G2ydRERERERERERERET0ZGno4C9QnjgaERFR7TygPP548+ZNdOjQAQYGBvVaX2PSKgAMAH/++WcDd6XcsGHDYGZmhpMnT+LixYvC9O7du2PatGno27cv/vzzT9y+fRtOTk4YN24c5HI5XF1dAUBtwLciTQHhystXDgSrW/a9996Dh4cHVq1ahYyMDCH7tKCgQAgQd+jQAUOGDEFsbGyVtg0MDGBsbAxjY2N07NgRw4cPR0lJCSwtLYUS1dW9l8am7Y4kFotrvdONHz8eZmZmOHjwIH799Vdhet++feHv7w9XV1ecO3cOhYWFAICpU6fi999/h4mJCYyNjdG1a1dMnDgRRUVFaNOmDbp3767S/sOHD3Hs2DF4eHhg7ty5+Pvvv7Fo0SIUFhZi7969sLOzQ3R0NE6fPo0tW7YgPT0dBQUFzTqLdMCAAWjfvj169OghPDcyMkJcXBwOHTqE+fPnY9WqVTh+/DimTZuGv//+G1euXIGRkRFSUlLg4+ODx48fw8vLC48fP8aPP/4IuVyO8PBwjB8/Hv7+/nB0dISRkZFQdv3gwYMYOHAgAgMDkZaWhv79++P7779HSUlJg61T0/us7oYBIiIiIiIiIiIiIiLSj8YI/gJAhw4dhJLPFe3ZswcnT56Et7c3Fi1aBCMjI3h7e2uM01WMX/388896jz9oNQZwYz6U5Z9jYmJUpiuDwSNHjoRCocDq1atx+/ZtzJkzB+7u7jh69CgAVCmdrE1GsLpl1S2vbv7evXtx6dIl+Pv7Y/v27XB3d8f27dsRHR0NhUKBQ4cOwcjICL6+vkLp6optFRQU4JtvvoGxsTHWrVuHnJwcBAQEwNDQEH5+fmr7ootHXUgkEq1LQEskklq1rRyHNzIyUmX6yZMnAfxfeejdu3fj0aNHWLBgAXr27ImlS5fC1NQUBw8exKNHj+Dv7w8TExOhjHNF77//PkJCQoR/ZTIZXnvtNdy+fRtpaWlYtGgRnJyc8Ouvv2L//v34559/MGvWrFq9j4YiFovx7LPPVpn+7LPPar1NKvvggw/w/fff44033gBQnun//fffY+jQobhx4wZmz54NOzs7LF68GDdu3MCUKVNQVlaGx48f46233oJUKsXSpUthbm6Od955B//++y8A4KOPPsIvv/yCDz74AIMGDcKaNWsQFhYGAPjuu++wadMmvPzyy/Dx8UFYWJhQN7+h1qnpfRIRERERERERERERUdMhFosxY8YMtfN0GfwFymMsK1eurPKwsbFBREQEAgMD8fzzz2Pbtm04efKkyvCVlVWMXzWFyrIiV1dX/aaVkl5cv3691q8ZO3ZstTtdZSEhIUIpa3157bXXsGvXLixZsgSBgYF67Ut9uLm5wcvLC7a2tmrnZ2Rk4MCBAzhz5kwj94yIiIiIiIiIiIiIiEi3JBJJlSFJdR38fRLcvXsXQM3D61akHNJXqxLQ06dPx/Tp0+vWu0q+/fZbfPvttzppixpXr169qky7fPkygPKyupWX1WcA2MHBAaNHjwYAyGQyvfWjrmxtbTF58mS4uLjUmOFra2uLefPmYcaMGYiJicEPP/zQIOMCExERERERERERERERNbQ7d+5gyZIlQhD4aQz+1pfWAWBdmT59OkJCQnTWHjUeR0dH4e/8/HyEhIQIWadubm6YMWOGEKysuKw+jBo1ChMmTEBMTAyOHTum177UVuXPUltisRjDhw+Hi4uLyrYhIiIiIiIiIiIiIiJq6iQSCcaOHYvAwEAhCOzv74+1a9cy+FtLBtoslJeXp7MV6rItajy2trZCQDIhIQEffvihSoDxzJkz+PDDD5GQkACgPBhZXcnixrB9+3bY2Njg5ZdfRk5Ojt76UVvKbN66jusLlH/28+bN0+vnT0REREREREREREREVBvDhw/H8OHD4evrC6A8E3j27NkM/taBVhnAq1atwuTJk3Wywh9++AHarJOalvz8fFy+fBnXr1+vtrRzRkYGFi9ejLFjx6JXr17Iz89v5F42D8ogOhERERERERERERER0dNCLBbj+PHjOH36tL678sQTDRw4kNHYp1BSUpK+u0BEREREREREREREREREaty9excAEB8fr/Vr+vbtC0DLDGAiIiIiIiIiIiIiIiIiImr6tBoDmIiIiIiIiIiIiIiIiIiImj5mABMRERERERERERERERERNRMMABMRERERERERERERERERNRMMABMRERERERERERERERERNRMMABMRERERERERERERERERNRNGZWVlwhORSKTHrhARERERERERERERERERPV10nbCrkgHMbOCnB7c1ERERERERERERERERUfPDEtBPKW53IiIiIiIiIiIiIiIioqanvlWbjeLj43XUFdKH5ORkODg46LsbVE/cjs0Ht2XTwO1A1eF3o+njNmr6uI0aBz9nIiIiIiIiooZ1+fJlODk56bsb1SopKanzaw102A8iIiIiIiIiIiIiIiIiItIjBoCJiIiIiIiIiIiIiIiIiJoJBoCJiIiIiIiIiIiIiIiIiJoJBoCJiIiIiIiIiIiIiIiIiJoJBoCJiIiIiIiIiIiIiIiIiJoJBoCJiIiIiIiIiIiIiIiIiJoJBoCJiIiIiIiIiIiIiIiIiJoJBoCJiIiIiIiIiIiIiIiIiJoJBoCJiIiIiIiIiIiIiIiIiJoJI313gIjqJzw8HHFxcZg3bx6sra313R2qA5lMhvXr11eZbm1tjQULFuihR0+v3bt3IykpCWZmZnB0dMTgwYNhb2+v726RnsnlckRERCA5OVn4bri7u+u7W6RBbGwsDh06pDJt0qRJcHZ21lOPiIiIiIiIiIiIGk+tA8AymazKD2oSiQQjRoxAcnIyHBwcdNY5ajypqamIjo4GAAY8niCxsbHCdgsNDcW8efP03COqC5lMVqvp1HA8PT0RFBSEtLQ0xMbGIjY2lkEjwvHjxxEXFyc8l0qlUCgUGDFihB57RZqoO37ymNo0yOVyJCUlITU1FVKpFADQvn172Nvbo0ePHjA3N9dzD4mIiIiIiIiInnx1CgAnJyerTFMoFACA4OBg/lD+BJLJZAgODkZhYSEAICEhgdmkT4DK2U1SqRSHDh3CpEmT9NgrqgsHBwfY2dkhLS1NZfrgwYP11KOnl7m5OXx8fIQgMAAcOnQI1tbWvMHpKSWTyVSCv0pxcXEMABPVUmRkJC5cuCBccyop/29hZmYGV1dXZtgTERERERERUZOTkpICkUgEAGjRokWTj6HpfAzgQ4cOITY2VtfNUgOKjY1V+SGusLAQCQkJeuwR1URdaUsAePToEfe/J5Sfnx8kEonw3N3dHR4eHnrs0dNBLpdXmWZubl7lsz9+/HhjdYmaGGboE9WfXC5HcHAwoqKiVK45raysYGVlJTwvLCxEZGQkgoOD1R6fiYiIiIiIiIj05f79+0hJSUFKSkqVZK6mqEHGAFYGppgJ/GRQd5cCy+81XdUFfydNmoSePXsiKChIKKVITxYzMzO1f1PDCQoKgqenZ5X9JTU1VeW5VCqFTCZr8nd1UePp16+fvrtA9XD+/HkUFRUJz83MzDBkyBA99qh5Cw0NxZ07d4TnEokEnp6ewjFVJpMhLCxMWCY5ORl79uzBrFmz9NJfIiIiIiIiIqInXYMEgIH6BYFLS0tx7NgxnD17FhkZGTA3N0e3bt3g6empkiFXF9nZ2bhx4wZcXFzq1c5vv/2G06dPY8WKFVXmxcfH49tvv0VAQEC91tFYnJ2dkZycLJS47NevX72D9++++26V8n4AYGdnh02bNml87d9//w0jI6N6b+vKoqOj0bt3b7Rs2VKn7TYmTcFf5Tbz8fFBQEAAfHx8dBKsys/Px/z589GxY0csXbq03u2pk5mZiblz52Lfvn0wNDTUefua9ld9WbZsmUrwobKIiAhERESoTOvRowfefvvteq133759OHnyJBYuXIgePXrUqy11Kn7W27ZtQ+vWreHl5aXz9ehKWloagoODMWvWLJUgcOWhDgDoLAAcExOD8PBw/PvvvzAwMECnTp0wZswYDBo0qN5tHz58GD/99BNGjRqF7OzsJvP5q9vHFQoFduzYAWNjY7z99tswNjbWcy/VU3czhjJ4BUA4f8rlcjg6OtYpMBwWFoa///4bn376qcr0S5cuYdeuXdi+fXvdOl9LDX0sbkoqH18BaAwAFxYW4p133sHGjRvRoUMHjW3LZDIsX74c+fn5WLduHVq3bl3v/j7JIiMjVYK/VlZW8Pb2VrnZ0NraGt7e3ggICEBWVhaA8n0rMjKy1qXWG/q65Um7ziciIiIiIiKixldaWoqcnBy9JhQ1WAAYqHsQePPmzfjf//6HWbNmoVu3bigqKsKJEyewdOlSfPHFF+jYsWOd+3Tt2jXEx8fXOwA8ePBgvPDCC/VqoylxdnYWAsC6ytz29/dH3759a/2606dPo2vXrlUCwMqxppU11mvrwIEDcHBwqFUAuKysDAYGOq+UXifaBH+B8uxtb29vhIWFYcSIEfUet/S3337DsGHDEBsbC6lUivbt29ervcrKysrQpk0b7Nixo8ECDk1xf9UU/K2OupsqaqOkpATnz5/H1KlTcerUqQYJAFf07rvv1nr/aex9ztTUFIWFhQgODoanpydkMhkSExPVBoB1kZV94sQJ7Nu3D++88w769+8PExMT/PHHH9ixYwcKCwvh5uZWr/YvXLiAmTNnYujQoSgoKNDpZ1mfY7C6ffzu3bsYNmxYg38P68ve3h5WVlZCUAoAxo4dCwBISEjAnj17hOmJiYm4f//+E1m+vTGOxU+LmzdvoqysDEFBQbXaX5rSNYeuyOVyXLhwQWXakCFDhOBvWFgYRCIRJk2aBHNzczg7OyMqKkpY9sKFCyrLa6Ohr1uIiIiIiIiIiDQpLS1FYmIirK2tm08AeMyYMVUCFLUdvyspKQl//PEHvvzySyHDwtTUFJ6enrCzsxMyhDIzM/Htt98iNTUVIpEITk5O8Pb2hqmpKXx9fTFmzBjExsYiNzcXxsbG+PDDD5Gamopdu3ahtLQUS5cuxYoVKyCTyRASEoKUlBQYGBigf//+eOONN2BoaIjt27ejZcuWyMzMxKNHj5CbmwsfHx/07NkT0dHRQpZbTk4Otm7dinv37sHKyqpKoOnEiRM4ceIEysrKYGZmhqlTp8LJyaken/STLzs7G9u2bYNUKkVZWRk6duyI9957D7/99hvOnTuH2NhY3L9/H6+88go++ugjvPHGGzhy5Ai+/PJL+Pv7w8/PD46OjgCAXbt2oaysDNOnT0dxcTFCQ0Nx5coVlJaWYsiQIfD29sbXX3+N9PR0rF69Gm+++SYuX76MDh06CBlcf/zxBw4cOICvvvoKZ86cwaVLl2BsbIzMzEysW7cO8fHx2Lt3LwoKCmBoaIgJEybUO1BTW+Hh4VWmVQ7+Ktnb28Pa2lrIbKxPEDgqKgrz589Hq1atEBUVhalTpwIA0tPT8eGHH2Lq1Kn4448/IJPJ0KtXLyHol56ejh07diA9PR1lZWUYMGAA3n33XYhEImzduhUWFha4evUqevbsCQ8PD5WsszNnzuD48eMoLS2FhYUFpk2bBolEgocPH8LPzw8zZ87EuXPnIJPJIJFIMHfuXIhEIjx8+BDBwcG4c+cOTExMMGnSJAwbNkxlfwWAY8eO4dSpU0L7M2bMwHPPPVfnz+hJcfnyZTz33HMYNmwYwsLCkJeXJ9wQsX37dpibm+PBgweQSqUwMTHBtGnTcOTIEWRkZMDKygqffPIJTE1NsWXLFojFYmRmZiIrKwslJSWYPXs2unTporK+Xbt2CRmoxcXFCA4ORkJCAsrKyvDMM8/gvffeg6Wlpdp9rrE4OjoiLi4OhYWFCA0NbdB1FRUVYf/+/Xj77bcxfPhwYbqrqyusrKxgZFR+Sn78+DH27NkDnfxiAAAgAElEQVSDa9euQaFQoF27dpg5cyZsbW1x9uxZnDt3Dp07d8bt27fx6NEjvPrqq3j11Vfx5ZdfQiqVYt++fbh37x6ysrKEz195zL137x7atGkDV1dXhIeHY8uWLTh16hQuXLiAZcuWASjPnps+fTp27twJuVxe5RhcXFxc7b5d3TH44cOHKvt4defFmvZxfRkyZIiQMWpqaipki0dGRlZZNjo6GiNGjND5UArVnTctLS3h4+Oj8byo7b738ccfq2ynxMREhIaGCjcTjBw5EqNHjwZQfrPWsWPHhKClh4cH3N3ddfqem7LqrhFLS0uxa9cu5OXlYf78+Vi6dClKS0urvWatfD7s2rUrzp49iw4dOuD27dvIysrC7NmzceHCBaSkpKCgoADz589Hp06dUFxcjP379ws38D3zzDOYOXMmWrVqpfH70pgSExOr/N8gLS0NUVFRkMlkKtVnHBwc4ODgoBIALiwsRGJiYq1uTlR33ZKfn4/Zs2dj1apVePbZZwGUj9uzYMECBAUFYf78+dXuQzVd5z+t1xREREREREREVJUy+FtQUABAfTKNhYUFWrVq1eB90UmaQVZWFu7cuYMOHTqgS5cuKo+ayuRVdv369WpfN3ToULRr1w4AEBgYiE6dOmHz5s3YsGED7t+/jyNHjgAADA0Nce3aNfj7+2Pt2rUwNzfHqVOn4OjoiJEjR8LZ2VkIBAUGBqJt27b4+uuv8cUXXyAhIUH44cnQ0BDR0dGYMWMGVq5cCTc3N/zwww9V+nXw4EEYGRlh69atWLZsGa5evaryfg4dOoTPPvsMmzZtwptvvokvv/wSubm5tfpcdEkmk+HOnTsqD6lUKsyXSqVV5lceD7O+fv75Z7Rq1QoBAQEIDAxE9+7dER8fj/Hjx8PBwQGTJ08WSoI+fvwYRUVFCAkJqbGM4tGjR5GamorNmzdj06ZNuH79Ok6ePAk/Pz8AwGeffYbBgwdrbMPExARJSUkYPnw41q1bh+LiYmHbbd26Fe+99x6CgoKQk5Ojs89DG2+//TasrKyE59UFf4HybGHlj6q1vQmjosTERIjFYnTq1AnDhg3D+fPnUVJSAgAwMDBASUkJHj9+LGTnx8XFISYmBgCwc+dOODg4YOvWrVi/fj2io6Pxxx9/AACMjY1x8eJF+Pv7Y/r06SrrTEpKQmhoKBYsWIBNmzZhzJgxWL9+PUpKSmBoaIji4mJkZ2djyZIlWL16Na5evYqEhAQAwJYtW+Dg4IDt27fD398fO3fuxL1791Tav3XrFg4fPiyUKH7hhRcQFBRU589IX8LDw7Fo0SK1WeHVOXXqFNzd3WFsbIyBAwfi999/F+YZGhrizz//xJw5c7BhwwYoFAoEBwfDz88PGzZsQFZWFq5cuQKgfNvHxMRgzpw5WLNmDYYPH46tW7dqXPfx48chlUqxefNmbNmyBaWlpcIxu/I+15hqM+ZncHBwvY6F//zzD+RyOYYOHVplnpOTE55//nkAwJEjR5CSkoINGzZg8+bNkEgk2LJlC4Dy7ZSQkID+/ftj2bJl8PX1RWhoKIqLi/Hxxx/D1tYWM2fOxFtvvaXSflhYGAwNDbF161b4+/vjzJkzWmUaqjsGa9q3qzsGV6TpvFjTPq4vyqAQAJVS4WlpaWqXr3hO1ZXqzps1qeu+l5eXh/Xr18PLywubN2/G4sWLcfjwYVy/fh1FRUUICgrCokWLEBAQgCVLluDKlSsoLi7W+ftuqqq7RuzVqxe8vb3RsWNHbNq0Ca1bt9Z4zVr5fGhoaIikpCS4u7tj1apVcHFxwYYNGzB+/HisWrUKTk5O+OWXXwAAP/30E27duoW1a9di06ZNsLKyQkhICIC6f190Td0xMzY2FpGRkYiNjQXwf8Hf6pavzXG3uusWsViMAQMG4MyZM8Ky0dHReOGFFyAWizW2qek6v7lcUxARERERERFR/VUO/hYUFCAlJUXtozHoJANYJpNp/LGjNhmI+fn5NaZE5+Tk4ObNm5g/fz6A8h/PXnrpJURERAhjHQ4ePFgoYSiRSJCZmVmlndzcXCQkJAiZRaampnB3d8fvv/+OUaNGAQD69u0LCwsLAMCzzz6LEydOVGnn+vXr8PLygkgkgomJCV566SXhh73Lly+jf//+aNOmDQCgT58+aNmyJW7cuIH+/ftr9Znoilwux549e9SWNq3o+PHjaqe3b98es2bN0jqraf369VXubvDy8oKHhwfatGmDmJgYxMXFwdHRERMmTFDbhvL1Q4cO1Sr769KlS3j99ddhbGwMY2NjLF++XMiqqw2xWCyM42hsbIxt27YJ77tHjx4wNDRERkaG8N1oDA4ODpg3bx6OHz+OrKws9OzZU+1yFUtFW1lZqQQuaisyMlLIVLS0tETXrl1x+fJllSC6MphlZmaGPn36ICEhAYMGDcInn3wibLNWrVrBwcFBCIqIRCL07NkTbdu2rbLOixcvwsXFRbjZw8XFBd9//z1u3rwp3Bjy4osvAigvd21nZ4fMzEzk5uYiMTERfn5+EIlE6NChA7Zt24YWLVrg9u3bQvvPPfecMB0o38ePHj1a58+oMUmlUiQmJiI2NhaJiYkAyre3lZVVjWMkSqVSZGZmolevXgAAd3d3IcCu1Lt3b+F73qFDB1haWsLU1BRAedDr4cOHwrL/+c9/hOzhgQMH4rvvvkN2dna16x83bhxeffVVYX90cnIS3gOgus81Jnt7e0yaNEmrQLqyVHTl8YK1lZeXB7FYDBMTE43LxcTECMcxABg5ciSOHj2K/Px8AICNjY0QLJZIJCgtLYVMJoOtrW21bV6/fh1vvfUWRCIRxGIxhgwZglOnTtXYZ3XHYE37dnXH4IrfDU3nRWXWnLp9XJ9kMple1w9A6/NmZXXd965fvw5LS0v06dNHWL+zszNiY2Ph5OQES0tLREZGws3NDfb29li4cKEO3uWTRZtrxJquWdWdD+3s7NC5c2cA5cdie3t7oYxxhw4d8OeffwIo39/Gjx8vlKcfPXo0/Pz8UFpaWufvi67VdDNEv379hGoscrkc0dHRtW6jIk3XLS+99BI2bdqEqVOnwtjYGNHR0UJVE000Xec/ydcURERERERERKQ7lYO/TUGDjgFcFxYWFrh165bGZZQ/JFcMvllYWKiMz1cxSCkSiVBWVlalHeXyS5YsEaYpy7epa8fAwEBtO7m5uSrjylZM3c7Ozq4SKKjc18Zy4cKFGoO/mkilUkRGRmo9tuGCBQuqHQN41KhREIlECA8Px6ZNm9C7d29MmzZNCAhUpm2gNSsrS+XzV/4gV1paqtXrlSqXSDxz5gwuXrwojIFZUlIi/N2YzM3N4enpiYSEBAQFBcHDw0Pl5orK4wTXFBTUJDc3F5cvX0ZcXBy+//57AOXjExYUFKgEgCt/3spATUJCAo4fPw65XA6RSASpVKoy1md12zQrKwvXrl3DtWvXhGlFRUXIysoSAsDq9kvlPlWxP+rKKBQWFuLAgQP4559/AJSX29XHtqyL6soUa7Nfnzp1CllZWZg2bZpKe0lJScJ2qTjGrYGBQZXnFY9/6vazvLy8ateflpaGgwcPIjMzEyKRSGV7AlX3ucbk7OwMa2trhIeHV5vRqVSfILClpSXy8/NRWFiocTzh7Oxslf1D+Vkrz32Vz28A1J6bKqp8ntIULFanYn807dvVHYMr0ua8qM25t7FUrAwCQKWfpqamasfzru140dVdpygrHwC1P28q1XXfq/w9BMq/iw8fPoRIJMKyZcsQHh6OVatWwcDAABMmTHiqSkAD2n1Ptblmrfw5a3sszsrKQmhoKA4cOKDy2qysrDp/XxqTqampMJ628ibF+txsUdN1S69evWBmZoYrV66gffv2yMvLq/Y6tXK71V3nP8nXFERERERERESkW5WHwdK3JhcA7tOnDw4ePIjk5OQqWcNHjx6FRCIRpmdlZQk/ZOXk5NR6MGVlOeG1a9fWq952y5YtVQIfFX+8srKyqhLsrUtfdUEZJLKzs6sSxE1NTRXGNxwzZkyVH+eVgRFdlrUcOXIkRo4cCblcjpCQEOzevVvIkKmsYvZv5bKlcrlcyFK0tLRUyTTLzs5GaWlplR+4DQwMVH6g03RXRmxsLA4fPowvvvgCtra2UCgU8Pb21v6NNgBHR0c4ODggNDQU9vb2GDt2bJXgL1C/8s9nzpzBoEGD8P777wvTysrKMHv2bEilUiGbLDs7W8hcys3NhYWFBXJzc7FhwwZ8+OGHwlh5q1evVmm/uozu1q1b48UXX6xSGhqAxhsnlNu44nEhPT1d5UdboLwU7t27d7F06VKYmZnh1q1bWL58ucbPorEoj29yuRzJyck1BiO1VVxcjN9//x1fffWVkFkNlJcIjYyMVAnMa6vifqYsaa/pRo3AwEA4Ojrigw8+gEgkwpEjR5CUlFTr9TYUBwcH+Pn5QSaTQSaTCQGXoKCgKgG+ugaBu3TpghYtWiAqKkol8xoA4uLicP/+fXh4eMDKykrl81WWm7e2tsadO3fq9P7EYrHKca5iRq26Y2plyv21pn27umNwRU3pvKjJ+fPnER0dXSUgJZPJIJfLYW5uDgcHhyrf44pjBGurTZs2SE1NhUKhUDk23r17VyVYX915U9N5sa77XuXvIaC6ndq3bw8fHx8AwI0bN7BmzRp0794dHTt2rNV7r49ly5ap7J9mZmb4/PPPG2392lAO3aDpmrWu41tbW1tj0qRJcHFxUTu/NtdZDaV9+/bVHrfs7e2FIHpYWFi1NzMps59rUtN1S/v27TFs2DBcuHAB9vb2cHV1FW6w0LQPabrOb8rXFERERERERETUeAwNDeHo6IiEhAS9JrNUpJMxgHWpa9euGDp0KNavX48//vgD+fn5kMlk2L9/P8LDw2FnZ4dWrVqhR48eQqm94uJinD59GgMGDKixfSMjI6GMplgshpOTE8LDwwEACoUCR48exdmzZ2vV5549e+LcuXNQKBSQy+Uq42q6uLjgypUrQunUuLg4FBQU1CngoivKH60rPir+WG1vb19lvrZln7W1fft2IaPK3NxcCKwCqttInTZt2gjjumZnZ6uMxTZgwACcOnUKRUVFKCoqwrp16xATEwMDAwOIRCKh3bZt2wp11ktLS9WWHFTKycmBpaUlbGxsoFAocPjwYYhEIr3fzWFubg4fHx9YWVlh8+bNakvYRkRE1GqMWCWFQoHIyMgq4yUbGBigf//+Ktlwp0+fBlAeGIqPj4eTkxMKCgpQWlqKLl26ACgPov/7779afWYDBw7EpUuXhABVRkYGNm7cqDbLriILCwt0794dERERUCgUSE9Px8KFC/HgwQOV5XJycmBvbw8zMzPI5XL88ssvKC0t1fvYlbNmzYKPjw9GjBgBDw8P+Pn5qc2ms7OzqzKtpmzDixcvol27dirBXwAYNGgQLl++rDFztzpXr14Vjmtnz55F586dNd5Ik5OTAwcHByFj9OLFi3rfh9SxtrYWjon29vbw8fERggAVKYPAtRmb0tjYGN7e3ti/fz8iIiKEQOLvv/+OwMBAIdDn4uKCqKgo4Tt54sQJODk51es43L17d0RHR0OhUKCgoAAXL14U5rVp0wZpaWnC+jSdA2vat6s7BlfUFM+LlYWHhwvbSB1lCWVXV9cq89RNq8mAAQNQUlKC0NBQ5ObmoqioCJcuXcKvv/4q3Cyg6byp6bxY132vV69ewnEdKL9pIC4uDv3798e///6L5cuXC8eODh06wMjIqNEzH9XdnNHU1OeatSYDBw7EiRMnhM/hzz//xO7duwFo/r40Jk03Q2RlZSEqKgpRUVEab3jS5oYKba9bXnrpJcTHx+Ps2bNCqXlA8z6k6Tq/qV5TEBEREREREVHja9GiBRwdHYUbzU1MTNChQ4cqD3W/8TeEJpcBDADvv/8+IiIicODAAaSnp8PMzAy9e/fGmjVrhADG3LlzsXPnTmG8z379+mHcuHE1tv2f//wHv/zyC+bMmYMtW7Zg7ty5CAkJga+vL8rKytClSxe4ubnVqr+TJ0/Gli1bMHv2bFhZWWHYsGH45ZdfAJRnanp6emL16tUoKyuDWCzGwoULIRaLa//BPGHWrl2rdvq2bdswZswYhISE4Mcff4SBgQHs7e0xa9YsAOU/aIaGhiI5ORnvvvtuldd7eXnh22+/xaVLl2BtbY2BAweipKQEADBhwgTk5eXhgw8+QFlZGVxcXPDyyy9DJBJhyJAhWLlyJTw9PTFq1Ch8/fXXWLx4McRiMXr37o3IyEi1/R04cCAuXLgAX19ftGjRAhMnTsSLL76IrVu3YsmSJSqlNPXB1dVVCEZYWVkJ5RT37NkDoDxAAwCTJk3Sus2//voLeXl56N27d5V5gwYNwubNm4XgpLW1NT7++GPk5eVh0KBB6N+/P0QiEUaPHo1FixZBLBZjwIABmDp1Kr799lt06tRJ47qff/55vPnmm/jiiy9QUlICIyMjjB8/HqampjVmNPv6+iI4OBizZ8+GiYkJvL298cwzz6hkH3l4eCAgIAAffPABLCwsMH36dKSkpODTTz/Fhg0btP6MdKliZYOKRowYoRJst7Ozg5+fH1JTU1UyU2sq9R0ZGYlBgwZVmW5tbQ2JRKLyY7a2+vXrhx07dkAqlcLc3Bxz5szRuPybb76JvXv34scff0SnTp0wa9YsrFu3Dt999x26detW6/U3FmUQWFeZwMOHD4elpSWOHTuGgwcPQiQSwcHBAR9++KEwPvNrr72GvLw8fPLJJ1AoFOjYsWONn29NlOep999/H+3bt4erq6twnurduzeef/55LFq0CNbW1kIAU92dau3atdO4b1d3DK44frSm86I+hkdQR3ncrE5cXBycnZ3h4OBQJaO5uvHZNRGLxVi+fDlCQ0Ph6+uLkpISYbsrM601nTc1nRfruu+JxWIsWLAAu3fvxq5du2BgYIA333wTPXr0gEKhgKOjI/z9/QGU37g1adKkGo/vT6u6XrPWZNy4cSgoKMCCBQtQVlYGS0tLocy/pu9LY+rZs2e1pdJNTU2FoLS6G22U07XZp7S5bvHy8kK7du3QtWtX5OXlQSKRCMto2oc0Xec3xWsKIiIiIiIiItIfZRA4ISEBNjY2jVotrzKRopbpAMnJyQgODq7VSmbNmqU2uEH1p65UtjqpqakIDg4Wxp6sHLAICwtDXFwcgPLxMCsGC2t6LdWfttuxOnK5HFKpVON4wJW3a31lZmZi7ty52L9/f5XSiU8zbbflokWLhL+tra2xYMGCKsvIZDKsX79eeC6RSISSqzKZDLGxscL4tY1p27ZtaNOmDSZPntyo662N+u5TlVUOuldkZmaGBQsW6LxSgq6VlZUJ++qFCxcQERGBNWvW6LlXjU+b78bu3burzSZ1cHDAkCFDhO29bt06lQDwggULmlw56ydNXY6jSl988QWA8htfKt5AAwDu7u7CDTOaXks1q80xVt22AFS3hzbL6EpAQAC6dOlSpRR/U6TrcxkRERERERERqbp8+TKcnJy0WrZipUMLCwuNFQ0LCgqQn58PGxubevVPeYO6skqfNvr27QugCZaApoYRGhoq/JhdWFgoZIcC5YFCZfBX+bxi9pOm11LToCzrXZGzs7PKj5uxsbEIDg6u17jA6uijpGRzI5PJcOjQIZVtk5qaitDQ0GpfY21tjREjRugt0PS0bfeaykEfP35cD73S3tGjR7FixQoUFxejpKQEv/32W50yVZ8Wb7/9Nnx8fNQ+RowYIQR/z58/XyVrOSoqSufHWaIn2YgRI1SybbUlkUh0HvxNSkrCX3/9VetqP0REREREREREtdGiRYt6B3/rq0mWgCbdq/wDdUFBgfC3ujEOK/54rem11LS5urpCKpUKAf7k5GRERkbCw8NDzz2jymJjY2FnZyeU342MjIRUKtVzr6giTeWgqxsrtql45ZVXcPfuXfj6+sLAwAA9e/bExIkT9d2tJ5JMJkNUVBQSEhLUZgnHxsYiISEBjo6OcHd3ZzYwEQBvb2+EhoaqDMmQmJgIkUgk/F2RRCKBt7e3TvuwatUqpKSk4P3330eLFi102jYRERERERERUVNT6wBw+/bthbE/a/Ma0q/BgwcjOjpaeO7s7Kzy9/nz54WAhqmpKRwdHbV6LTV9np6eACAEgXUVqLKxscEPP/ygk7aeRmPGjKkSPKq4b40YMaJKqfWmciyt73i0T7LqgsBDhgzRY69qZmZmhnnz5um7G0+8ikMiaFJYWChU05g6darKOZV0p/Jx1MzMTPhbXYZ7xWmaXku6Z25uDh8fH0RGRgrXnFKptMqNTqampnB1ddV55i8ALF68WOdtEhEREREREdHTo0OHDsLfYrFYjz3RTq0DwObm5g3yoww1LA8PD5ibmwtjiVXchtbW1vDx8cGFCxcAlAcyKmYsVX5tUw90UFVjx46FmZkZZDKZEBAm/VJm+lbH3t6eY203Ufb29li4cCEiIyMhk8ng7OzMAN9T4sKFCzUGfyuLiIjg96OBaDqO1nQMrekYTA1jxIgRGDJkCBITE5GamioEgNu3bw97e3v07NmzyY+nTkRERERERERPp44dO+q7C7XCEtBPEU2Be3t7e42BQQb9n2zm5uYs+0ykQ9ynnk51GdtX3bjRRE8zc3NzODs7s6IMEREREREREVEDYgCYiIiISAtvv/22vrtAREREREREREREVCMDfXeAiIiIiIiIiIiIiIiIiIh0gwFgIiIiIiIiIiIiIiIiIqJmggFgIiIiIiIiIiIiIiIiIqJmggFgIiIiIiIiIiIiIiIiIqJmggFgIiIiIiIiIiIiIiIiIqJmggFgIiIiIiIiIiIiIiIiIqJmggFgIiIiIiIiIiIiIiIiIqJmggFgIiIiIiIiIiIiIiIiIqJmQnTw4EGFvjtBRERERERERERERERERETlXn75ZQBAfHy81q/p27cvAMDIwsKiQTpFREREREREREREREREREQ1MzIygpmZGSwtLWFtbV2/tlq3bq2jbhERERERERERERERERERUW0ZGhrCxMQEYrEYpqam9WrLyMbGRkfdIiIiIiIiIiIiIiIiIiKi2jIwMIChoSFMTU1hZmaGsrKyOrfFDGAiIiIiIiIiIiIiIiIiIj0SiUQQiUQwNDSEkZER5HJ5ndsyatGihQ67RkREREREREREREREREREtaUMAotEonq1Y2RkZKSjLhERERERERERERERERERkT4Z6LsDRERERERERERERERERESkGwwAExERERERERERERERERE1EwwAExERERERERERERERERE1EwwAExERERERERERERERERE1EwwAExERERERERERERERERE1EwwAExERERERERERERERERE1EwwAExERERERERERERERERE1EwwAExERERERERERERERERE1EwwAExERERERERERERERERE1EwwAExERERERERERERERERE1EwwAExERERERERERERERERE1EwwAExERERERERERERERERE1E0b67gARUXMx+4tDCPkpptr5fl5D8dUH44C7cVBsnVB9Qy1tIFr8ByASNUAviYiIiIiIiIiIiIioOWMAmIiosXX6D9DSBsjLVD8/LxNIvgR0GdS4/SIiIiIiIiIioqdSWVkZCgoKIJfLUVhYiKKiIgCAiYkJzM3NYW5uDjMzMxgZMaRARPQk4NGaiKixiUSA40ggZl+1iyiuHoOIAWAiIiIiIiIiImogCoUCubm5yMrKEgK+lecXFhaisLAQMpkMIpEIJiYmsLKygoWFBUSsXkdE1GRxDGAiIj0Q9RmneYGEU4BC0TidISIiIiIiIiKip0pBQQGSk5ORnp6OwsJCKBQKlJSUID8/H6mpqXj48CHkcjnKysqE1ygUChQVFSE9PR23b9+GXC7X4zsgIiJNmAFMRKQPDgNZBpqIiIiIiIiIiBqVQqFAZmYmcnJyoPj/yQc5OTk4f/48rly5glu3bqGgoAB2dnYoKipCjx49MHr0aPTs2VMl41ehUCAlJQWWlpawsbFhNjARURPDDGAiIn1QloHWQHH1WCN1hoiIiIiIiIiImjuFQoF79+4hOzsbCoUCZWVlePToERYuXIgvvvgCJ06cQEZGBgwMDNC+fXvIZDIcPXoUs2fPxp49e1SygZWys7Nx9+5dIZhMRERNAzOAiYj0RNRnHBQaxgFGwilgwpryYDEREREREREREVEdKYO/Fcf6vX37NtauXYu//voLJiYmkEgkeP7559GlSxdYWlrimWeegVQqxd9//43du3fj4cOH+O9//wszMzOhTQAoKirCv//+i2eeeYaZwERETQQDwERE+sIy0ERERERERERE1AgyMzNVgr/Z2dkICAjAtWvXYGhoiF69emHQoEFo164dzM3NYWpqCgsLC7Ru3Rrt27fHrVu3EBERgTZt2sDb21toRxnwffz4MTIzM1kOmoioiWAJaCJ6avWZuFjjIzmlmsCsrrAMNBE9AbaERcNw0EJ4fPRdtcuci78Dw0EL0WncamHaV/vOwvHNr1BWVnMZsO9/joXhoIUIP5+okz43tKO/J8Bw0EL8TyoDULv3qo1/02To6LEaJy7d0kl7RERERET0dCsoKEB2drbwXKFQ4ObNm0hMTISBgQH69euHQYMGwdLSEsbGxhCLxWjZsiUsLCxgZWWFVq1awc7ODgMGDEBMTAxksvL/C1UM9IpEImRnZ6OwsLDR3x8REVXFDGAiemol3UnVOL+ouLjB+8Ay0ET0pPj10k1IH+SgfVuLKvN2Hb9SZVpPSTuMGvAcDAxqPn7t/TUOALDnlzh4uPasf2cbWW3eqzasWppjlMtz6NTOUiftERERERFR40hPT0dYWBiuXLmCR48ewcbGBq6urpg0aRJatWqllz4pFApIpdIq03788Ufk5OSgVatW6Nq1K0xNTWFkZARjYzMPPMsAACAASURBVGOYmZnB3NwchoaGKC0tRVFREfLz82FgYICsrCykpqbC2tpa7fru37+PLl26MAuYiEjPmAFMRKRPyjLQ1cnLBO792Xj9ISJSw8zUCGYmRgj9/4HaivLljxF2+hpsrVuqTH91UHd8PX9cjW2nZubg9JXbGDPkeRw7l4jsvPrfLV5aWlbvNmpD2/eqLcuWZvh28RvoKWmnszaJiIiIiKhhnT17FnPnzoWtrS3Wrl2LsLAwLFu2DAqFAtOnT0dion4qHuXl5aGsrAwikUh4lJaWIiYmBmVlZWjZsiWMjIxw8+ZN/Pzzzzh16hTi4uLw8OFDFBYWIjc3F3/99RdOnz6Nq1evwsDAANevXxfaqkyhUCA3N1cP75SIiCpiAJiISJ+0KQMdzzLQRKRfIojg6d5bbaZv2OlrKHpcggkvOalMX7T1F9i8vLzGtvee+BPmpkbYtuB1lJYpEHb6msr87YcvwWL4Enz/cyyc3vwKLYZ9hv7vBuBy4j2VZQwHLcTG/edg+8pyeH66B0B5IHhFSCQ6jVsN8Uuf4eV5O/H3vQfC695cvBcjfYPxzeGLcHh9LSyGL8Ho+SG4n5mt0ocfIq/iuUnrYP7ipxg6exuu/aN693zF93r+6v9gOGih2sdft9MAALkFRfDb+BM6eqxGi2Gfoe/Ur3Hkt7+E9lIysmH4/9i77/CoyrSP49/JTHqFACEh1FBCLwKK0pYiiiIIKkhTsCBF9lV3lbLKugoCulZAAVelqVgooiJCdFcQWEBKIp2ACZBAAuk9U94/xgwJk04CyP4+1zWXmXOec5/nnDNwSe6576fbc3y6+YBj24WUTMb+/VNq9p9Fzf6zeGzOF2Rk5SIiIiIiItfewYMHeffdd3n33Xd54IEHqFu3Lu7u7tSvX5/x48czd+5cnn/+ec6dO3fV51bQrrmw06dPk5OTg8lkwtfXl8RE+zJo7du3JzAwkOzsbC5cuEBaWhqZmZnYbDZatGhB8+bNsVqtHD9+3BGruCRwUlJS9V2QiIiUi1pAi4hcY2W2gT7wNQyapTbQInLN5OSZGT+oK8u++YWdv8ZyS5sGjn0ffb2HQT1a4e/tUanYq77by53dwgmt48+fOoWxcuNeHr2na5Exmdl5rNy4l3/97X7yzVb+8vbXDHzqX5xaOx1fL3fHuH99tYtXJg2kRUN7Z4VJ89fy8ff7mDPpThoEBfDyBxHcPnUpBz/5C14ergD8HPkbKenZzJl4JxdSMpn53nc889bXfPryKAD+ezCWUS98Qv+uzXj5iTuIPZfCSx9sKfF62obVJWLh4473+WYrY//+KbUCvGkaWguAkc9/TOSJeOZNGUi92n589dMhhv9tFbs/nEr7ZsFOMXPzzPSZvJicPDPvTRtGZnYe0xZ+S1pmDqtnj67UfRcRERERuZHcP30Fawp9qbKwAyufok1YXWoPeJFGwTXY+a8pGI2X6qLufXYZA25pwRNDb6n0+d9++22mT59OrVq1it0fFhbGI488wtKlS3n++ecrfZ6Kslgs5OXlOW1PTk52VALXq1eP0NBQAgMDcXNzw2AwkJKSgtVqxWq1kpiYSE5ODk2aNCE+Pp7g4GAyMzMdiV+bzYbBYCjy3/z8fMxmMyZT6emHL9as5dlpM0sdM/Tewbw275XK3wQRkf9RSgCLiFxrBW2gMxKL31/QBrpBp8qfI+4wZBdqv+PpCyEtKxYj6QwkX7Zuckg4eDqvB+ok+r/AZQnsGiFQM7TsYy+fe0VV5lovc+BINGnpWQC0bdGYAD+fMo6wizl7nti4hBL3p6Zn4O/rU+6YP+2KLHENnZiz52lYL4gGIXVoWK/strEpaRlEHT1V5rjL9ejStsQ4lb03JR1X2vUWVpHzluTAkWi++WEnP+26VH3q7+tD+5ZNGDW4X7nu6Y3MZrNxc+v6NKtfiw837HYkgKPPXGTr/lN89do4InYfLyOKs8gT8URFn2P6w30AGPqnNkyav5bf4pNpFFx0PalV/3jQ0Wb6i1fGEDZ0Lh9s2M2fh3d3jFk3/yGa1bf/wuVoTCLvf7WLBX8dwsSh3QDo0DyEsKHz+OKHSMYOvAkAXy93Nr75CLUCvAE4efYiH39/qfX+vOX/pmHdADb8cxym339J5OvlzuRX1xZ7Tf4+HvTuFOZ4P/Pd70hOz+a7tx7Fw93+v97/N6IHDeoGOObau1MYH32zh+92Hi02Abzs2184dCqBAyufonUT+2fR1eTCQy+uJuZcMg3rFr/2loiIiIjI/5KnH+zBq1PvLnVMUloWb67exjMje1bZeRMTE0lLS6Ndu3aljrv99ttZunQpFosFo9FYZecvTU6OfYmdgn9bGwwGrFYrNWrUwGg0kp+fj5eXF0ajkZ07d5KdnY23tzd169bF29ub4OBgMjIyyM3NZcuWLVgsFho0aMDFixexWCxF4hYkfwtkZWXh51f674zuG3ovQIlJYCV/RUQqTwlgEZFrraANdClVwLb9X2G4ggSwbd1sOLn70gYPXwxPrytfArYgxqfTisYADBOXQ9jNpR8Y/V9s74513h4SjuHp9WWf9/K5V1STLhgmraz88cAdDz1HWoY9ATxj0khmTi5fxd3KdZuZs6iU6u5CGoTUYfHsp+nZteR/MN45blq5Yvn7ejNl7BAmjR5cYmI08sjJcscrLPPgtyXGaRfehB1fLihXnML3ZuOHc4u97orMr114E0YP6ceowf0qlAzeELGDZ+cuLjFR//UPO5i9cBU9urRlxqRRpT6fG11Onplxg7rwykc/8ObT9+Dp7spH3+whuJYfd9zSnG+3H65wzJUb9+LuZuKuW8MBGNq7LVNeW8eqTfuY+XtSuICXu6vj59A6/rRtWpfI40VbMQcH+jp+jthzAoB7erQiJ9cMQFANXxqH1GDP4TOOBHCDoABH8hcgpLYficmZjve/HDnDsD+1dSR/AeoWOk9pth34jXkr/s3cyXcWSez26NCYRV/uYPXm/fwWn0xOnpm0zBxS0rKLjROx+zgtG9UhrF6g41pubdsIgD2HzygBLCIiIiJSTvOm3MXjr3zBsD+1dfrSaWXFxcXRqFGjMseZTCZq1KhBcnJyiZXCVS072/nfGAaDgfr16xMQEEBCQgJubm74+PgQGhpKQkICtWrVom3btuTn52O1WmnYsCENGzbEw8OD7Oxs6tWrR35+PrGxsXh6euLt7Y23t7fTF7hzc8u3ZE1JSWAlf0VErozWABYRuQ4YWg8ofcCBr6HQtyivWE46tq8q8D/Ru9dUOglr+2lZ8TvijvxeGXx9W7F2syP5C7BwxXpS0jKq/DyxcQncOW4adzz83BXHT03PZPbCVXQbNoUDR6KraIZlizxykgkzX79q57v83M/OXUKr28exIWJHmeNT0jKYMPN1Rkx9qUjyt3vntkVeBbbujuLOcdOYs2hVtcz/jyAv38JDA28iKzefL3+Mwmq1sfzbX3ho4E0YjS7kmy0Vime12vhk8356d2oCQEZWLp7uJrq1acjKjXvLPL6mnxfnk0ruDpCYbP9z1OCeOXj3nul4nTybRFJaVonHXe58UgZB5Uz4FpaWmcPYFz+lV8cmTtUFT762jrnLf+CJYd3YsuBx9q34PwL9vUqMlZCcwaFT54tcR7P75gGQVELSWEREREREnLVsVIeJQ7uV2NGnMnx8fMjIKN+/4zMzM3F3dy97YBUpSMIWVOZarVbHz3379iUsLAx3d3cMBgMdO3Zk+PDh3HHHHfj7+2Oz2bBYLLi4uODu7k6vXr3o27cvtWrVIiMjg1dffZWPP/6Y/fv3k5iYSG5uLlar1XHu4lpPl+S+ofcyf+5sx3slf0VErpwqgEVEyjBzwXpOnr1Q4v7Jw3vTvUNYifvLpemt1d8G+nK/brEnYMuq4M1Ow7Z+TuXOkXQGDkaUuNv20zIMZZ3/Gpu90J7wqx9ch9PxCaSmZ7IhYgdj7u1foTglVbkeOBJN5OGTzF64itPxCWzdHcXshat4dfqEEmN179yWTcvmOW1PSctg6+4oFixfx7Y9Ufak8sPTOPT9h6VWxVakqrksK9dtoXvnthW+P6Up6XrB3iY68shJVq7bTNTRU6SmZzJi6ktMGj241Hs4/MmX2LYnCgA/Hy9mTh7N6CHO1cMxZ88XqVaevXAVyakZpca+UdlsNuoG+nJntxZ89PUe6tTw4UxCKg/f3fn3/RWL98MvJ4hLTCMuMQ3/vi847d996DRdWtUv8fj4C+l0aVVyFwNvTzeMRhd+XDQBo0vR7zwWrvgtS91AX1LTK55kffK19aSkZ/PRuw8U+SZ8bp6ZD7/ZwzvPDOah36uQAac5Fubj6U7HFiEs+Mu9Tvua1KtZ4bmJiIiIiNyI3ly9jQVfbC+y7abwULYtmeR4b7PZ+Nv4vrQb9TqffL+fB2/vcMXnbdSoEfHx8WRmZuLtXfK/NU6fPo27uzu+vhX/gmll5ebmOtbktVqt5OTkkJGRQUpKCp6enoSFhWGxWDCbzRiNRjw9PXFzcyMlJQWz2YzFYsFkMmEwGPDw8MBms2E2m2nUqBGff/45J06cICYmhk6dOtGkSRPq169PUFAQJpPJ0X66vO4beq+jGlhERK6cEsAiImXYvPMw+46eLnH/3T3aXnkC2OhW7W2gi4356XR7K+hS1vG1/bQMciq3Bq9tawnVvwUORtiTxBVoRV1Rhp4PV/rYDRE7OB1vrw59dfoER2J1zqJVVZbgbB8eRvvwMAb17cYdDz9H1NFTLFq5np5d2zGob7cKxQrw82FQ324M6tuN2QtXMmfRx6SmZ/L4zNf57B3nBFt1eeJvb9CuZRPah1/hn4ty6Nm1HT27tmPK2CFsiNjB4zP+SVpGFotWrqddeJNin9NfX1nsSP62bdGY1e+8UOIavw3rBTFz8mju7tvN0Qq8tNj/C8YP6sLQ55aTm2+mR4fGjnVsK2rlxr34eLmz4bVxuLhcSpDm5Zu5+5kPWfnd3iIJ4NTMHHy87N+UPxqTyKFT53lsSMlfIOnRoTEWi5XUjBwG/t5iGn6v6K1Z/jbhXVqGsnnXceZMutOxLS2z9F9kfB4Rycrv9rLqHyOpHxRQZF96Vi4Wi7VIUvjEmYskl5Jk7t6hMXM++oFGwTWKtJ8+n5ThWBdZREREROR/3f8N717mGsAAnu6uvPvcUEbP+oQBtzS/4vMajUaGDBnC+++/z5///Odix9hsNt5++23Gji1miaxqZLFYSEtLIz4+nmPHjhEXF8fevXs5e/YsPXv2pFWrVhw6dAgfHx9SUlLw8PDAz88Pm81GZGQkNWrUICkpifbt21OjRg1H8tjf35+srCysViuHDh0iISEBf39/GjduTLdu3WjWrBmBgYFX9VpFRKQotYAWEblOXPU20ADJZ0tu0Qz25Ozm8q3p6iQ7DXaX3VLJ9v07pe43TFqJ4bWjJb9e2g0h4cUfO/wVaNOvUtMHWLB8HWCv/h3UtxtTxg4B7O2aV6zdXOm4xQnw82HxnKcd73/aFXlF8WZOHk394DoAfPPDziuKVV5tWzR2/Hznw9OqpVV2aQb17cZ3hSqFn5u3xGkOMWfPs2ilfe1pPx8vvvtoXonJ38Lah4c5xf5fdddtLQmq6cP2yBjGDepSqRhZOfms/c9BHuzfnp4dG9O9fSPHq0/nptzbqzWfbj6A2XKpfdi9zy5nw7ZDfPFDFEOeXUZNPy/G/V59XJybWzdgcM/WjPn7p7y1ehv/3hvNW6u30ey+eXy342i55/rc2D+x71gcf359PZEn4vlq6yGmL9pY4vi4xDSemLeGLq3qE1rHn20HfnO8zl1Mp1aANzeFh/L3pd+zeO1O3lq9jd4T3yPfbCEju/g1siYMuZlAfy/6TVnCJ9/v58dfovm/17+i+f3zi6xXLCIiIiIi5dOvSzNu79qcv779Da4m4xXHe/DBB4mNjWXhwoXk5+cX2ZeZmcmsWbPYtm0b586du+JzVURmZiYnTpxg165d7Nmzh4iICE6ePMm5c+eIjo7GaDTi4uLiSOympaWRkZGBm5sbLVu2JDQ0lKCgILKzs0lKSiItLY309HTi4uKASwnmhIQE4uLiiIyMZPPmzRw8eLBCLaBFRKTqKQEsInK9KGgDXZKCNtBVbfMCe6K3GLZPp1U+7u41zpXDPcaCx2XVar9G2JPFlWRbP9u+nvDlOg+BLkMrHfenXZGOKtGZk0cB9gRjQVJ11fotlY5dkvbhYfj52NcBjTxy8orj9ex6aQ3bmLPnrzheWQb17caowX0B+zrEd467gs9PJbUPD2PGpJGOOaxcV/Q5FST1AeZPm1Bqa+ziYk8aPdgRu6q/BPBHYTK6MHbgTfh4uXN/H+e25uWx7j+/kpGVyyP3dC12/yP3dOVCSiYbd1z6s/3w3Z15+s0NjJ71Cd6ernzzxnh8vUpfO+uTl0by6D1deXXlf7jjz/9i6br/8uZT93BHtxblnmvnlqGs+seDfPPzEW57bCHzV/ybpx7sUeL4XYdOk5Keze5Dp+n1xLtFXuv+cxCA1bNH0aF5CH95+2ve/HQrfxvXl/v7tiMrJ7/YmAG+nvz03kTahtVl0vy1DHrmQ/Yfj2PjG49Qu0b521mLiIiIiMgl//zzIL7aeogDx+OuOJbRaGTevHmYTCaGDx/Oyy+/zMKFC5k1axajRo2iadOm1KtXj4ULF/LRRx9VwezLx9PTE3d3d0JDQ3Fzc8Pf3x+LxQLAvn37+OWXXzhz5gxms9mRAE5LS+P06dNERUVx4MABzp07R2RkJOfPnyc1NZXz58+zfv168vLyHGsK5+bmkpOTQ05ODtHR0fz666+YTGo+KiJyLelvYRGR60V52kAf/L7K20AD2FZPxzBxRdGNv26Bk7srH7OY9s+GHg9hy06DPZeScOSk29cCHvBkxc+xfnbRWAWadMEwovg1Y8tr5Tp7cs/Px6tIK+aZk0fxxN/eYOvuKH7aFVnsur5XomG9IKKOnqqShG3hytaYs+fLVel6pZbMeYbIIyeJOnqKyCMnmTDzdRbPfrrsA6vQ5DFDHGv2LlyxzlG5DUWfa2VaOE8ZO8RRQbzhh4qvBf1HNOX+W5ly/61Fts2dPJC5kwcW2bZ0xn1F3r8y+U5emXwnxRk5oCMjB3Qs8Zx9OjfFssP+Z/i9NfYK9rF3dmLSsOLboj8x9BaeGHqL03Z3NxPzpgxk3pSBxRwFn7w8ymnbX0b14i+jehXZNrxfe4b3a+80rkDhax3Sq7Vj7iVpHFKTb994xOkaClis9spnk/HSdzVD6/gXO18REREREbF7/ZOtvLl6m9P2f/55EFMfuM1pe+0a3sx/8i4enf15lZzfZDIxYcIExowZQ1RUFKmpqXTt2pUZM2bg7u7O7bffzqRJk1i8eDEWi4VHHnmk7KBXyNfXl6ioKI4cOcLZs2eJjo4mMzMTi8VCTk4OX331FTVr1qRRo0ZYrVYyMjIwGo0kJCTg5+dHSEgIGRkZnDp1iszMTKxWK1lZWeTk5ODi4uJIABdUEnt5eWGz2UhOTlYCWETkGtPfwiIi1xFD6wHYSkkAE7UR7ngOCq0dWSWid9kTvgXtkrPTsK2fU/l4u9dA8mXfoG3dF2qGYuj5MLbLk7Z71kJFE8C718DW5c7bg8MxjFtUsViXiTl7nlXrIwB7wq9wleigvt14du5i0jKyWLBiXZUngKOOngKgXcsmVxzrQKEq4tKSv7FxCWzdHVVmvB5d2pY5BuC7j+bRsv/DpGVksXLdFrp3bntVE6UBfj5079yWbXuiiI1LcGyPOXuetIwsgAqvr1ygYb0g2rZoTNTRU2wrxz0TqahtB35j3X9+Baj0+soiIiIiIv9rPn9lTJljEjfNcto27u7OpS4tUxleXl7cfPPNTtvr1q3LokWLmDhxIu+//z4+Pj4MHz68Ss99OT8/P/bs2cOJEyfIysoiIyPD0aLa3d0dq9VKeno6iYmJeHp6kpWVhaenJ4GBgSQnJ7N//35MJhPBwcG4ubmRmppKYmIiZrMZk8mE1Wp1JJPNZjNeXl74+vqSn59PUFD1fwldRERKpgSwiMj1pKANdEZi8fsv/mZvA10dVcDr52AI6wqefvZ1gZPPFh3g4QM55VvT1bZ7jdM2Q0E75pCWEBwO8YXaNieftSd0y9uyOe4wttXTnbd7+GB4cC54+pUvTglmL1zp+Hn0kKKJywA/H0YP6c+ilev55oedVVpZW/i87cOvLAF84Ei0I0FZP7hOqXNcuW6LU6vk4mQe/LZc5w7w8+G7ZfO4dZg9qf/E396gXcsmtA8PK9fxVaFn17aOFt4FldqFq6qv5Jn5+9q/EJCarrVXperNW/4j2w78xjMje9K+WfC1no6IiIiIiFShunXrsnDhQp555hnOn6/+pZq8vb1p2rQpR44cIS8vDxcXF4xGI3l5eY4WzgBxcXG4ublhtVrx8vKidu3a9OjRA5vNRnZ2NllZWSQkJHD69GmOHz+OyWRyxLLZbNhsNjw8PMjNzcXT05OWLVvi53dlv5sREZErozWARUSuJwVtoEthO/h91Zyr/5Si75PP2hO/SWfs6wIX1rqvPXFbHnGHnVtH1wi5VF0MGHo+5HRYcS2ji5V0Btui4r/Za5i0svzzLEFKWgZf/2BvOTtqcN9iE4WFWwoXTtpeiRVrNzvaFvv5eDF5zJAyjijZT7sieWLmG44EZcEaxldT+/Aw3nv5Kcf7Ox+eRkpa+b5AIFLYE0NvwbJjHj5lrPd7o9jwz3Ekb3mR+U/eda2nIiIiIiIi1SAkJIRPPvmEqVOnVvu5DAYDAwcOxM3NjYCAADw8PACwWCwYDAaMRiMGgwGr1UpiYiIxMTFER0cTGxvLhQsXSE5OJjU1lYsXL3Ls2DEiIiLIzs7GcFlnOpvNhouLCy4uLmRkZNCtWzdcXJR6EBG5llQBLCJytZ2NgsMRJe42uHljK+34KmoDbej5ELY9l7Vq3rwA28HLKkE9fDAMnoHt02nlimv76SPnjZ0vq+xt0w/Wzy5aURx3BKL/C2HObZIcstOwfTQZctKddhmGv3LFyV+wrxlbkDi9vPq3QMN6QYwa3JdV6yNYtT6C+dMmFGkTXZxV67c4KlILizl7np92RRZpVbz6nRdKjRcbd545i1YVu29DxA4iC7V+HjW4b5ntl0cN7lvitV6JMff2Z+vuSFatjyA1PZM7x01jx5cLyj6wChRuf93u92rqdoWqqgvvr6iCSmI/H69KxxARERERERG5Gnr37k2TJk0cVcBWqxUXFxdcXV0xm82YzWb8/PyoW7cuubm5JCYmkpmZydmzZzEYDOTm5pKRkcHFixfJycnBaDTi6urqqB4uqAS2Wq0YjUaaNWtGnz59rvFVi4iIEsAiIlfb6Uhsm98oeX/jLuDuDbkltJetqjbQnn4YRszF9u7YotvjjhR93+NhqBlavphJZ+Dy9X0BQ5d7nc5Nm35OY20/LcNQSgLY9uEk5/kB9Bhb/vbRZVix1p4A7965banr+44e0t+xTvDCFeuYOXl0qXHL02K5fnAdlsx5usx1hWPjEpi9sPgEcGGTRg/m1ekTyhzXsF5Qla9lXGDJnGeIPHKSqKOniDxykgkzX2fx7Ker5VyFRR62J3j9fLwcyfQAPx/qB9fhdHwC23ZHkZKWUWbi/nIHjkRzOt6erO9RTfdMREREREREpKoYjUZmzZrF6NGjcXd3Jz8/H7PZjM1mw2Kx4OLigpeXF0FBQZhMJtLT0x37AbKzs3FxcSlS9Ws2m3Fzc8NsNjsqiL29vQkJCeHFF1/E1dX1Wl2uiIj8Tn0YRESuOwZoc0epI6qsDXTYzfb2ziWpEYJhwJPlDmfbvdZ5Y+u+xSaQDT0fdh57MMKeRC4u9qfPObeW/j2+YfDMcs+xNCvWbnYk90YP6Vfq2J5d29G2RWMAFq5YX6n2xn4+XnTv3JZJowfz3stPcWTLR5VOxLZt0Zj6wXUc7997+alyJX+vhu8+mueoll25bgsr1m6u1vNtiNhR6DkWrWwec6/9uaamZ7IhYkeFYy9cfulLC4P6dLuCWYqIiIiIiIhcHZ06dWLkyJH4+/vj6emJ0WjEZDLh5eVF165dqVGjBoGBgQQHBxMUFERgYCBBQUHUqlULPz8/fH19MZvNRWIWVBJbrVZsNhsXLlygY8eOtGnT5hpdpYiIFKYEsIjIdcjQ/p7SB0RtBFupjaLLf67BM8Cj+CrICiVWs9OgmHV8DSVV5oa0hOBwp83FrgW8e02xlcUEh2MYMbf8cyxDQVVt/eA6ZbZNBhzr9JYnmbjxw7lkHvy2yCv+v1+wadk8Xp0+oVznK9C9c1unWDvXLGTnmgWOROucRauumzV3A/x8+G7ZPMf7J/72BpFHTlXLuVLSMnh27mLH+8LrNUPRhPBz85Zw4Eh0uWNviNjhqPou72dERERERERE5Howffp0QkPtX9D39vbG3d2dli1b0qdPHwIDAwkMDKROnTrUrVsXPz8/3N3dHWsEe3h4kJubC+CoDLYV+r2UyWSiWbNmzJ4922l9YBERuTaUABYRuR41vdXeBrokBW2gq0LNUHub58s16WJv01xev25xXpu3RkipMQw9H3LeuHutPZlcIPq/2FZPLz5AvZawdTl8v6D0Vzn8tCvSUTVaUCValjH39ndU3Za0Ju/VFODnw5I5zwD2NtETZpbSavwqax8exnsvP+V4//UPFa++LUvM2fPcOW6aYz3lUYP70rBeUJExDesFMe+5xwF74n7Eky+VKwm8IWIHE2a+7ni/ZE71t7EWERERERERqSpGo5Gvv/6aRo0a4eLigouLC2fOnKFWrVoEBwfj6+uLh4cHfn5++Pv74+3tjZeXFx4eHri5uZGfn18k+VtQ+Wu1WmnYsCE//vgjRqPxGl+liIgUUAJYROR6ZHS7em2gwd7m+bJq3IpW1tq+f8d5Y+cy1uVt08+5+jgnZi1EfgAAIABJREFU3V7xWxD3w0klH79nLbbv3ynzVR4F1b9+Pl6Oyt7yKEgWx8YlVHtr4/IY1Lcbk0YPBuxJ1sq0Oa4uY+7t75hbVYo5e545i1bRbdgUIo/Y1/5t26KxIxl+uSljhzBqsL31eWxcArcOe5Jn5y4h5ux5p7EHjkQzYebrjJj6Eqnp9nW55z33eLWtmSwiIiIiIiJSXVxdXdm2bRsjR44E7Gv57tu3jzp16hAQEOAY5+Hhgbu7u+NnFxcXx3q/BcljFxcXXF1dGTNmDDt37tS6vyIi1xnTtZ6AiIgUz9D+Hmy/fFnygKiNcMdzUEWtdQxDZmDbZE+WGtr0K3bd3hL9ugWS45xjdrn30pu4w9h2r8VQs96ldYE9/exJ4MvaO9u2Lr+0RnBO9bcxPnAkmm17ogB7AjXAr/iW2MWZPGYIcxZ9DMCq9Vuui7bAMyePcqyDO2Hm67QLX+BUCVvYynVb2Lo7qlyxRw3ud0XX+Or0CUQeOem43+URdfQkdzz8XLH7Ys6ed1T8XppjX+ZPK3394yVznqFhvSDHs1u4Yh0LV6zD39ebduFNAJzuiZ+PF/OnVaxdt4iIiIiIiMj1xGg08tprrzF06FDGjh3L7t276d69OyaTydG+2Wq1YjAYsFqtWCwWvL29MRgMGI1G3N3dMZlMeHh48PHHH9OrVy+1fRYRuQ4pASwicr0qaAOdm1n8/oI20A06Vc35wm7GMOnmSh1q++kj540FSV6ApDPYXrdX1doATvwXw7hFABh6Pozt8vV9k8/aq4BLWj+4ii1cfun8MyePrtCxAX4+jBrcl1XrI9i6O4qfdkVe8+rQAD8fVi94nluHPUlqeiYTZr7Odx/NK3F8bFyCUxK1JD26tL3i+a1+53luGTrF0XK7LKnpmeVKUHfv3JYpY4cwqG+3csWdOXk0Pbq0Y8GKdXzzw84Sz+Xn48Wgvt2YOXl0qYl0ERERERERkT8Cg8HAbbfdxuHDh/nyyy/JyMjA3d2dnJwcTCZ7yiA/Px+DwYDJZMLHxwcfHx9cXV1p3Lgxf/nLX3jggQccVcIiInL9UQJYRP5nDelTeuLUz9sTgD5dW9AwJLDEcfXr1gSgU4t6JPVuU+K49s1C7D8ENii9vXNQc/t/jW5w23j4bXfJYxNPli8BXK9l2WMqE8PT79J6vU26FNlVZH3fX7cUPe5gxKWfQ1pC5yGQdLbIEFvSWQzFxK1qKWkZxJxNoHvntrQLb1KpBN/MyaOJOWtPZm7dfSkB3CAkiO6d7QlTf79S1nQup4JYBRWqpWkfHsa85x5nQ8QObDb7GraFE6P+ft6OeBXRIKTo/Skc5/J9JSlIUD/7yhJHjOKUNT9/P2/ahzfB39eHQX27VerZ9ezajp5d2xFz9jwbInaQmp7BT7uift/XlgYhQRWuChcRERERERH5I3Bzc+PBBx/EZrORn59PQkICKSkpnDp1itOnT1O7dm3c3d2pXbs23bt3p127dtSuXRsXF60sKSJyvTPYClZuFxERqS5xhx0VwADUCMEw88drNx8RERERERERERERketYWpq9+Gr//v3lPqZDhw4A6Ks6IiJS/UJaQo+xUCMEgsMxDJ55rWckIiIiIiIiIiIiInJDUgWwiIiIiIiIiIiIiIiIiMh1RBXAIiIiIiIiIiIiIiIiIiKiBLCIiIiIiIiIiIiIiIiIyI1CCWARERERERERERERERERkRuEEsAiIiIiIiIiIiIiIiIiIjcIJYBFRERERERERERERERERG4QSgCLiIiIiIiIiIiIiIiIiNwglAAWEREREREREREREREREblBKAEsIiIiIiIiIiIiIiIiInKDUAJYREREREREREREREREROQGoQSwiIiIiIiIiIiIiIiIiMgNQglgEREREREREREREREREZEbhBLAIiIiIiIiIiIiIiIiIiI3CCWARURERERERERERERERERuEEoAi4iIiIiIiIiIiIiIiIjcIJQAFhERERERERERERERERG5QSgBLCIiIiIiIiIiIiIiIiJygzCdOh1/recgIiIiIiIiIiIiIiIiIiK/C/T3rvSxpsb1gyt1YHx8PHFxcaSnp2M2mys9gapgMpnw9fUlJCSE4ODyX098fDznz58nLS2NvLy8apxhxbi5ueHn50dQUFCFrychIYHU1NTr6nqqipubG/7+/tSpU0f35TpQ2echIiIiIiIiIiIiIiIipUtLS6v0sQabzWaryAFms5kDBw4A0KRJE3x9fTGZTJWeQFUwm82kp6dz8uRJAFq3bo2Hh0eJ43Nycjh48CBms5ng4GA8PT0xGo1Xa7plslgsZGdnEx8fj8lkomnTpvj7+5c4vuB6LBYL9erVw83N7bq6nqpisVjIy8vj7NmzGI1G3ZdrrOB5xMXF4eLiUubzEBERERERERERERERkfIpSADv37+/3Md06NABqMQawAcOHKBGjRrcdNNN1KhR45onf8FeAVwwJ4CDBw+WOj4yMhIPDw+aNWuGj4/PdZcUNBqN+Pj40KxZM8xmM8eOHSt1fFRUFF5eXjRt2vS6S2ZXJaPRiKenJ02bNsVisei+XGMFzyMsLKxcz0NERERERERERERERESqX4USwHFxcYC98vd6VZAELpjr5eLi4rDZbH+YlrXNmjXDarWWej1Wq5WgoKCrPLNrq2nTprov15GynoeIiIiIiIiIiIiIiIhcHRVOAF/Pyd8CTZo0KTERde7cuT9M8rdAcHAw586dK3bfuXPn/meTnEFBQbov15HSnoeIiIiIiIiIiIiIiIhcHRVKAGdkZODr61tdc6kyvr6+ZGRkFLsvPT0dT0/PqzyjK+Pp6Ul6enqx+9LT0/Hy8rrKM7o+eHl56b5cR0p7HiIiIiIiIiIiIiIiInJ1VCgBbDabr4s1f8tiMpkwm83F7svPz//DrQVrNBrJz88vdl9+fv4f4plUB5PJpPtyHSnteYiIiIiIiIiIiIiIiMjVUaEEsIiIiIiIiIiIiIiIiIiIXL+UABYRERERERERERERERERuUEoAVxNNm3aRGBgoKMVdWBgIJs2bbrGs6pa8+bNo1evXtd6Gn8o27ZtIzAwsMQ1qgubN28effv2vQqzEhERERERERERERERkRtFtSSAf/75ZwwGA9u3by92/7p163BxcSE6Oro6Tl9lcnJyCAwMLPF1//33l3js5evP/vjjj9x6660AxMbGsmbNmmqde0kiIiKKXENISAidOnViypQpHD58uEKxXF1dK7Se8rZt29izZ09Fp3xVXH5fAgMDqVOnDh07dmTGjBmkpaVVyXk6dOjAjz/+iKenZ5ljx40bx+LFi6vkvCIiIiIiIiIiIiIiIvK/wVT2kIq77bbbaN++PYsXL3YkPQtbsmQJAwYMICwsrEJxzWazU2L1anjjjTcYMmSI0/aKzKVTp05YLBZsNhsbN27k559/ZujQoVU5zXIpSNju3r2bunXrkpqaytGjR3nrrbfo06cP77//PnfddVe1nHvJkiV0796dzp07V0v8K3H5fQHIy8tj3759PPXUU8TExLBq1aorPo+vry+dOnVyVIaXpm7dugQHB2OxWK74vCIiIiIiIiIiIiIiIvK/odpaQE+ePJnPPvuM5OTkIttjY2PZtGkTkydPBuCTTz6hdevWeHp60rRpU2bMmEFubi5gr5o1mUysWbOGwMBA3nzzzeqabql8fX0JCAhwenl7ezvGfPXVV9xyyy3Ur1+fwYMHExsbWySGv78/3333HfPnz2fWrFls2rSJxo0bExMTc7UvBwAvLy98fHwIDQ2lf//+REREMH78eKZOneqodrVYLMyZM4c2bdrQoEEDevTowerVq0uMeeDAAQYPHkz9+vVp3bo1jz32GOfOnQNg6NChfPvtt7z44ouOLwVcuHCBCRMmEBYWRlhYGPfccw979+6t/osvRcF98fHxoWbNmgwYMIDZs2ezadMmR9vm0ub90ksv0bVr1yIxLRYL4eHhvPfee2zduhV/f39HrNWrV3PrrbcSGhpK8+bNmThxouP+v/LKK/Tu3dsRJyoqinvvvZemTZvSunVrxo8fT3x8vGN/nTp1+OKLLxgxYgRdunShdevWvPfee0XmUdrzTExMZPz48TRv3pzQ0FB69OjBhg0bqvgOi4iIiIiIiIiIiIiISHWqtgTwqFGj8PDwYPny5UW2L126lAYNGjBw4EC2b9/OI488wquvvkp6ejrffvst69atY9asWQC4u7tjsVj44osv2Lt3LxMnTqyu6ZbKZrNhtVqdXjabDbAntR999FEmTpxIUlISr732WrGte00mE7NmzWLkyJHcddddpKSk0Lhx46t9OcCla7JYLOTn55OWlsb06dNJTU0lIiICgLfffpsNGzawadMmUlNTeeONN3jmmWcc+wtLT0/n/vvvp3///ly4cIFff/0Vg8HAQw89BMDmzZtp0KABr7zyCgcPHgRg4sSJ5OXlcfToUeLj4xk0aBBDhw7lwoULV+9GXObyZ52Xl+d41gWVuKXNe8yYMURHRxMVFeWIuXXrVpKSknjwwQeLtMz+7bffmDx5MvPnzyc9PZ39+/dz7tw5XnvtNaBoi+3k5GQGDx7MzTffzG+//UZkZCRms5lhw4ZhtVoB++fr7bff5t133+X48eP885//5PnnnycuLg4o+3m++OKLZGRkcOTIEVJTU5k5cyYTJ068ps9DREREREREREREREREKqbaEsBeXl489NBDRRKhFouFDz/8kIkTJ+Li4sJbb73F8OHDGThwICaTiebNmzNt2jSWLl1qn5yLfXrjx4+nYcOGRSpur6ZJkyYREhLi9NqyZQtgr/4NDAzkscceIzMzk/DwcEaPHl1srOzsbEdCMTk52ZG8ux74+voSFBTkqF5esmQJ06dPp0GDBqSmptKtWzdGjBjBypUrnY794osv8PX15a9//SvZ2dm4uLgwd+5c9uzZw6FDh0hPTwfsbZVTU1M5duwYP/zwA6+99hqurq5kZWXx5JNPUqtWLdauXXtVr7s0R48eZf78+fTp04eAgIAy5x0WFkb79u2LVM6uW7eOAQMGEBAQUCR2UlISNpsNDw8PUlNT8fHxYfPmzY4EcGFffPEFLi4uPP/8845W6C+99BJHjx7ll19+cYwbNWoUgYGBpKSk0K9fP6xWq2Ot7bKe58WLF3F1dcVisZCens4999xDRkYGtWvXro5bKyIiIiIiIiIiIiIiItWgWhfUnTRpEm+//TZbt251tJO9cOEC48ePB+zJtQMHDvDRRx85HZuSkuL4uVmzZtU5zTLNnj2bQYMGOW0vSOjFx8fTqFEj8vLyAHuiu0mTJld1jlXBZrORk5ODl5cXaWlpJCQkMG7cOMaNG1dkXPv27Z2OPXnyJL/99hteXl5O+2JjY2nVqpXTeIDmzZs7jT9z5syVXMYV6dq1KwaDAbCvOW2z2Rg0aBDvvPMONputzHlbLBZGjhzJ0qVLmTFjBnl5eWzYsIEFCxY4KsYLdOnShSeffJKBAwfSrl07evfuzZAhQ2jTpo1T7NOnTxMWFkZ+fj5gf1b16tUD7Pe3S5cuAAQHBzt9qSA3N7dcz3P27NkMGzaMVq1a0atXL/r168fgwYPx9PSs8H0UERERERERERERERGRa6PaKoDBniTr16+fowp4yZIlDB8+nFq1atlP7uLC008/jc1mc3oVrpZ0d3evzmmWqWbNmtStW9fp5ebmBtirWi9P7hUkg/9IoqOjSUlJITw83JEE/eqrr5yeTeGK0wJGo5FOnToV+yyLS54XtDZOS0tzGv/qq69W74WWYtOmTezfv5/9+/czc+ZM/P39ef311/Hw8Cj3vIcOHcrJkyeJiooiIiICq9XK7bff7nQui8XC/PnziYmJ4fHHH+fkyZP07duX999/32lswfMozGw2A5cq5UtiMBjK9TybNWvG8ePH+fzzz2natCnz58+nd+/ejjWJRURERERERERERERE5PpXrQlggMmTJ/Pll19y/PhxNm3axOTJkx37mjVrxr59+4qMv3jxIqmpqdU9rQopaQ3gAqGhocTGxhZJAh85cuRaTPWKzJ07l/r169OzZ0/8/PyoU6cOO3fuJCkpyfGKiooqdk3Ypk2bcuzYMU6fPu0Ym5CQQFRUlKNqtbCwsDAA/vOf/xSJv3fvXrKysqr9WksSGBhIrVq1qFWrFk8//TTh4eE8/PDDjuddnnnXqlWL3r178+233/LVV19x3333FVn7t4DZbCY2NhZvb2/GjBnDZ599xvPPP8+HH37oNDYsLIwTJ04U+WLBiRMnisypNOV5ngkJCSQnJ9O5c2f+8Y9/EBkZSUJCAj/++GMF76KIiIiIiIiIiIiIiIhcK9WeAL777rupU6cODz/8MJ06daJr166OfVOnTuXf//43S5YsITc3lzNnzjBs2LAiSeLrwcWLF4mNjS32BXDnnXeSkJDA4sWLycjIYPv27axZs6bEeJ6ensTExJCcnExOTs7VuowiEhISiIuLIyYmhh9//JERI0awadMmli1b5qgMnTp1KosXL2b79u1YLBb27t3L7bffzqeffuoU7/7778fd3Z0ZM2aQmppKeno6L7zwAnfffbcjAezl5UV0dDRJSUk0a9aM/v3788ILLxATE4PZbOazzz6jW7duHDt27GrfDofCCf7c3Fz+9a9/sXv3bhYsWABQrnlbrVbH/fz+++8ZMWJEsedavXo1vXv3Zs+ePWRlZRETE8Mvv/xCixYtnMbef//9GAwG5s2bR3Z2NhcuXGD27Nl06NCBjh07lnldZT1Pq9VKv379+Mc//sHFixdJS0sjIiKC7OzsYttdi4iIiIiIiIiIiIiIyPWp2hPARqORJ554gu3btzNp0qQi+2677TZWrFjBW2+9hb+/PzfddBMtWrTgvffeq+5pVci0adPo2LFjsS+z2UzLli1ZtmwZH3zwAS1atODVV1/l73//O0Cx1a8PPvgg8fHxdO7cmaioqKt9OQD06dOHtm3b0rlzZ5588knq1KnDnj17uOmmmxxjpk6dyoQJE5gwYQL169fnscce4+mnn+bRRx91iufh4cHGjRuJjY2lTZs2tGvXjt9++41Nmzbh6uoKwIQJE1i1ahU9evQgLy+PDz/8kBYtWvCnP/2Jxo0bs2TJEtauXUt4ePhVuw9lqV27Nm+88QazZ89m3759WCyWcs377rvv5ujRo/j5+RX50kNh48aN4/HHH+fRRx+lfv363HrrrXh6evLOO+84jfXy8uLrr79mx44dNG/enN69e1O7dm2+/fZbLBZLua6ltOfp4uLC+vXrOXz4MB06dKBRo0Y8//zzfPDBB8WuSSwiIiIiIiIiIiIiIiLXJ4Pt8sVrS7Flyxb69etXnfOpMiXNdcuWLXTq1KnccWrWrFnq/qSkJADc3Nzw8vLCxcUFs9lMTk4OPj4+jv01a9YkPT2d/Px8TCYTvr6+AKSnpzvWci3N3r17q+R6XF1dHecuYLVaMZvNZGVlFWltDfZqZXd3d1xcXLBareTk5Diqlj09PXFzc3O07DYajXh7e2MymbDZbJjNZjIzMx0xPTw88PLywmazkZycjMFgwNvbG1dXVwwGAxaLhaysrGKT5lfrvqSkpDjdA3d3d7y9vUlNTcVisZRr3gaDgRo1amC1WklJSXFsN5lM+Pn5OT4Xhe+vzWYjPz+fzMxMbDab0/01mUx4eXlhMpkcz6xgLNg/YxkZGUXaRBf+3F1+vsufp9FodMQvuK7s7OwKrWdd0vMQERERERERERERERGR8ktLSwNg//795T6mQ4cOAJiqZUY3kIJEXVny8vKcEmWFjy38s9lsJjk5uWomWEH5+fnlviaA7OxssrOzy7XPYrE4PozFKZxsBHtb4oyMjHLPpTqVdl9yc3PJzc11vC/PvG02W7HxzGZzke0Vub9ms7nU+1vc+S7fVtr5LBYL6enpJcYXERERERERERERERGR61+1t4AWEREREREREREREREREZGrQwlgEREREREREREREREREZEbhBLAIiIiIiIiIiIiIiIiIiI3CCWARURERERERERERERERERuEKayBmzZssXxc3BwcLVOpioFBwcXmfuN4Ea7nqqi+3J90fMQEREREREREREREREpW79+/aolrsFms9mqJbKIiIiIiIiIiIiIiIiIiFRYWloaAPv37y/3MR06dADUAlpERERERERERERERERE5IahBLCIiIiIiIiIiIiIiIiIyA1CCWARERERERERERERERERkRuEEsAiIiIiIiIiIiIiIiIiIjcIJYBFRERERERERERERERERG4QSgCLiIiIiIiIiIiIiIiIiNwglAAWEREREREREREREREREblBKAEsIiIiIiIiIiIiIiIiInKDUAJYREREREREREREREREROQGoQSwiIiIiIiIiIiIiIiIiMgNQglgEREREREREREREREREZEbhBLAIiIiIiIiIiIiIiIiIiI3iGuaAM7IyGDipClcvHixUse//sabbN68pYpnJdfap6s/Y9nyFdd6GlfN9h07eG/xkiqJdfHiRZ75y1+x2WxVEk9ERERERERERERERET+WExlDdixYyfLV6wsdl+jRo147tm/VPrknp6ePPV/f8bPz6/SMa5XWTn5PPXG17z/1W4OfvIU4Y1qO/bFnkvhiXlr+c++U/h5efDE0K7MerSfY/+/957k/17/miMxiTQKrsGcSQMY2rs1ALl5Zp5682tWb4kk32xlUPdwFj07BH8fj3LFXvD5Dl5d+RMJyRncFF6PJdOH0qpxnXLFLm1eZV1zVVm2fAU7d/4XAIPBgI+3N42bNKZ//340DQur8vOV17//8xNffrmG++8fRs8ePRzbX5k7j9jY007j77tvGH37/AmAY8eO06xZMwCSkpJY9fEnHD9+Ag8PD3r26M7dd9/ldPzp06d5Ze58Ro18kNtuu9Wx/eixYzRt2hSDwUBi4gVWf/Y50dHRuLm50qF9B+67byiurq72Of/7P3y/eTPp6Rk0aFCf0aNGEhwcDEBubh5r1qxl3/795Ofn07RpGCOGP0BgYCAAR44cYc3a9Zw7dw5/fz/69ulD7969quUepqen8/kXX3L48BHMZjM3derEiBEPYDIV/9dXaXMr67pERERERERERERERET+6MpMAAN4e3szfdqzzgeXkIApL6PRSPPmza4oxrVmtVpxcSlaSJ2YnMmfJi2le/uGxR4zfOYn1Kvjx77lUzmbmMaIv31C/aAAxg/qTEJyBoP/upy/ju7F6Ds6sHnXCUbPWs2+5U/SomFtZi3dwg97TvLdm+Px8nDliXnrmPrPDSybdX+ZsTfuOMq0hd+x/O8P0KFZMK9/vJV7/rKMw6ufxtVkLDV2WfMq65qrUrt2bRkxfDgWi4ULFxLZtWs3r7/+JmPHjOaWW26u9vNfbsnS98nKyqJGjQCnfVMmT8JstjjeZ2Vl8fobb9KieXPHtuPHT9C3bx8Alr7/AQEB/sycMZ2U1BTef/8Datasya23dnOMt9lsfPLpatzc3JzOd+zYcZo3b47NZmPBwkU0atiAGdOnkZ6ezr8++BAfXx8G3X0XBw8eZM3adYwb9xD1Q0PZvCWCRe++x99nvYDRaOSzzz/ndOxppkyeiLu7B6s/+4yPlq3gmaf/j4SEBBa9u5jB9wyiY8cOnDx1ig8/XEZwSHCR66qqe7hs+Qry8/J55umnsFjMLFu+knXrv+K+YUOdxpY1t9KuS0RERERERERERERE5EZQrgyui4tLqRVy+/cf4OtvvqF3r15E/PADmRmZtGrdiofGjmHN2nWcOXOWP0+d4hi/fccONmz4hhnTn+PZ56bz8ksvEhgYSFpaOqs+/pjjx08AEB7eglEjH8Tb2xuAiIgf2Lwlgvz8fHr16llkDjabjYgffuSnn7aSlpZGcHAw9903lLAmTZzmu2fPL2zc+B0333Iz27dvJzs7my6dOzN06L24uLiUGis9I4Nnn53GuIcf4tPVnzF61Eg6depYJH5qZg4vP3E7/bo0Zen63UX2RUWf45ejZ9n45jgCfD1o3qAW0x/qzfvrdzN+UGdWb4mkRYPa/G2cvTr0scFd+PbnIyz7Zi+zJ97OBxv28OHz99GlVSgA7zxzDzePX8iCv97Db/HJpcb+11d7mDTsFkfV7ptPDyLkrjn8sOckt9/ctNTYpc1rzqQBpV5zcQ4dOsyXa9aSmJhIYGBNBtx+e7mTt66uro5EYa1agYSHh1OjRg1Wf/Y57du3w9PTk9zcXL74cg1RUb9iNpsJC2vCgyOGExAQ4Pi83tqtGz/++z9kZ2dzzz134+3lzTffbiQtLY1evXoyqJjK2+I0adKEvn3+xNx58532+fr6Fnm/ceNGunbtQmhoPcDesjknJ5vQevU4ezaO2NhYnpwyDy8vT4KC6nDHHQPY9vPPRRLAP/+8HVdXVxo0qO90vuPHT9C3z59ITUujXkgIDz44Ag8PD2rXrkW3W24m+uQpALb9vJ1evXrSsUMHAIY/cD/PPjedo0eP0apVSwwGA8NHPECDBg0AuGPAAN5+ZwE2m42kpGS633abI2lds2ZNfvppKydPnqp0Arike5ifn8+hQ4d57tm/UrduEAD3DRvKe4uXMGzovRgMBl5/401CQ0N54P77ypxbaddlMBgqNXcREREREREREREREZHrSZWsAWw0GklMvEBScjKzXnieF174GwcORPLrrwfp1LEjx44dIzs72zF+//4D3HRTJ6eEy2effY7VauWlf/ydF1+cRVpaGl9/8y0AMTGxrFm7jocfGsPcV2bj5ubKb7/FOI7dvXsP32/6nkfGj+O1V+fRtUtn3nrrHdLS0pwv2sWFhMRE8vPy+PusF5g+7Tl27drNjp07y4zl+nvV8/79B5gx/TnatGntFL9paCBDerUq9l7tPRpHs/qBBPj1k5OJAAAgAElEQVR6OLZ1bRXK/uPx2Gw29h2NcyRgC3RpVZ+9R88Sez6Vi6lZRfa3b1YXg8HAr9Hny4y99+hZOhc61mR0oWPzkHLFLm1eZV3z5VJSU1my9H3uGXQ3b77xTx4aO4bVn33Oiejoch1fnDvuGEBeXh5HjhwF4PPPvyQ+Lp7p057l5ZdexM3NjUXvLgYufV5twEv/+DtDhw7hyy/Xcuz4cZ7/2wz+PHUKGzd+R0pqarnO3a9vn3IlD+Pi4/ll7z7uvmugY1vhls2nT5+mTp3aeHl5OvY3atSQ06fPONb0zczMZMPXXzNi+ANO8S9evEh2djahoaEE+Pvz+OOP4uFx6bOQnJJC7dq1ADgde5pGDS9Va7u4uFC/fn1iT8cCMHrUyCJfnkhOSaZWrVoYDAbCw1vwwAP3OfbZbDZSUlIdsSujpHtotdqw2WxFug3UqFGD7OxsLl5MAuDmm7vSqmVLgDLnVtp1iYiIiIiIiIiIiIiI3AjKlQBOT0/nz//3tNNr165LlZ75+fnceccAAHx8fAitV4/z58/TuHEj/P39OXjwEAC5ubkcPnyEmzp1cjrP6NEjeWT8OLy9vfH18aFD+/ac/n391AMHDhAW1oTw8HBcXV25vX9/3N3dHcdu37GDbrd2o2HDBphMJnr37oW3lxdRUb8We00Wi4V+/exr4wYEBNCuXTsO/nqozFgFiaKuXbtQq1atYtvwluZCSiaBfl5FttX08yI3z0x6Vh4XUrKK2e9JYkomF1IyAYrsNxgM1PC9tL8ysS+UK3bJ86qoHTt20rRpU9q3b4eLiwuNGjWiS5fO/Pe/uyocq4CrqyuB/8/efUZHVX19HP+m90oIAUISCEjvifQuIIg0ERGlI0gXBVGxIFaahdCU3lHpvSpFOoQmIE3pJQnpCSFtnhchA0PaoPig+f8+a2WtzL3n7rvPuZO82fecU8CTiIgI0tPT2bd/Py1aPIubmxv29va0eu45rly5Qnh4OJDx/Bvem0VeqmRJkpOTqV+vLhYWFhQrVgwbGxsiIiL+cj7ZWbdufcZ36d6Mdri3ZPO9/X/j4+NNzgE4OTqRmprK3bt3AVi+fCU1a9Y07tX7oDNnz1KqVMlsi5m///47oaFHaN6saca9ErK5l5Mj8XHxWa6NjolhxYpVtH6+VY79srOzpVrVqtme/zvs7GwJCAhgw8aNpKSkkJSUxLr1GS+FJCZmfPfq1K6d7YsYeeWWV79ERERERERERERERET+i8zeA3jE28OyHH9weVtnJydsbGyMn62srUhOSQGgatUqHDt+nKCg6vx28iRurq4ULx5AfLxpsSk8IoJVq9Zw8+ZNDAYDSUlJeHllLD0dFR1tsgy1paUlXg98vn37NsHBQcbPFhYWFPAqQETE7Wz75OLigp3d/eKtu7sb12/cMDuWl9dfn+2Yk9wmIeY1QzGvCYz/VOy/MnMyIjyCkydP0q//QJPjZcuWeeRYD2WDjY0NMTExpKWl4e3tbTyTOQM08xk6OztjZWUFgLV1xvfW1c3N2N7GxobUe9/fxyEqKprjx0/Q8cUOJsfPnTtP40aNzIrxxx9/8vuZM3z04fvZnj979hylSmXdU/vYsePMX7CQPq/1znUpdyDLw7516xYhk6bQoH69LEudA6xatYZDhw8z9I3BWfbCBggPj+CjUR8bP78zYrhx+WVzdev6KjNmzuKNoW9hb29Py5Yt2L//gPH55SS33PLql4iIiIiIiIiIiIiIyH+V2XsAFyxYMPdGuRQCq1WtyqTJU0hLS+PokWNUq5519m96ejpTJk8lKDiI1/u+hrW1Nb/8sp19+/cDkJqamqXgk5aebvzdYAALHsrBkHNahgeuBUg3GLCxsTY71oNL0j4Kbw9nImISTY6FRydgb2eNs4Mt3h5ORMQkZDnv7eGEt4czABExiRTyzPg9LS2dyNhEvD2ciY5L+kuxq5Qukmfs3PJ6VBYWFjwdHESPHt0f+dqcJCYmcvv2bbwLeRuXS87u2Wcey+5r8U8uAhwaGkpgYAncHigyZy7ZXKxYxtLaLi4uxMebjnF8fBw2NjbY2NiweMkSXur4Yo6zzrMrJu/a9Str161n4MD+Jks+u7i4EJ9g+gJGfFw8xYrd31f44sWLTJkyjTZtW1Ondm2TtgaDgbnz5nPr5i3eHv5Wlr2OM3l4uPP+yHeNn/P8P5INHx8f3h/5Hnfu3MHOzo6wsDCWgslYPkpuufVLRERERERERERERETkv+6x7AGclxIlimNvZ8eZs2f57eRJgrIpAEdGRhEdE0PTZ5oYi6tXrlwxnnd3cyMqKsr4OS0tzWSJ3oIFvbgVFmb8bDAYCI+IwCuHfUnjExJM9iWOvB2Ju7v7X4r1KILKFuXclQiiYu/fe/fxSwSV8cXCwoLqZX05cOqqyTV7jl8iuKwvvt6ueHs4c+DU/XE5ePoqVlaWVAz0yTN2UFlfDj4Q+25yKod/v2ZW7NzyelQFC3px7fp1k2PR0dGkP1SUfxSbt2zFycmJ0k89hbu7O9bW1ty6df8ZhoVlLP3s5fXoBcjH4dSp05QpU9rkWMb+v4HGWdT+/n6EhYWRmHi/iH/hwh/4+/lx48ZNrl69xrz5Cxg2fATDho/gwoU/+GnpUmbMmMXt27dJTEw0FpMBQkOPsH7DRoa9NdSk+Avg7+dvsod2amoqly5fNrYLCwtjytTvePXVV7Itkv7401KiIqMYOnRIjsVfyHhRokiRIsafB1cJMNepU6cJD4/AwcEBS0tLjh8/QaFC3jg7O2fbPrfc8uqXiIiIiIiIiIiIiIjIf51ZBeD09HRu376d7U/mbMvcWFhYUKVKZTas34izs1O2S8A6OzthZWXFuXPnMRgM7N69h2vXrxMXF096ejrlypXj/PkLnDp9mjt37rB27XqTe9euVYu9e/dx7do1UlNT2fbzL6SkpFC5UqVsc7K2tmbduvWkpKRw7do1jh0/TpUqlf9SrIfFJyZzNSyG6xGxANyKiudqWAzxicmUDfCmTiV/en22jLOXI9i8/xxj5++g3ws1AXjpmYr8eT2S0TN/5uKNKEJ+2sPOo3/S4/kgLCwseL390wz7dj0HT13lxIWbDBy/mm4tq+Fob5Nn7L7tajBt+X6W/fIbf1yLpN/YlRQt6EaDqsXzjJ1bXnn1+WE1atbg1q0wtm/fQWpqKjdu3GDsuAkcOXLUrPFNSUkhKiqaqKhoLl66xOIlP7Bly1ZefaUzVlZWWFpaUrNmDTZu3ER8fDxJSUmsWbuWkoGBxiXFH8XJkydZv35DtufS0tKMuaSlpXEn8Q5RUdEkJJjO5L185QpFChcxOfbg/r+QMdM1MDCQefMXcOtWGKdOn2bT5i00aFCfwoV9+PyzTxn53rvGH39/P1q2bEmnTh0z9v8teX//3zt37rB4yQ88//xzWFvbGHOMjokBoF79uuzcuYsjR44SERHBokWLcXd3p1SpkgAs+eFHKlWqSLFixYzXZvbxwh9/sGfPXl54oR0JCYnGcw/32Vx5jeGBgwdZuHARUVFRnL9wgc1bttL03v7dkLGndOYe43nlllu/RERERERERERERERE8gOz1jFOSEjg/Q8+yvbcN19PMOtG1apVY/uOnTRv1jTb8/b29nTs2IElP/zI4iU/8HRwMH1e68348V8x4auvGT7sLVq1eo65c+eTkpJCw4YNKFkykPR7ReCgoOqEhYUxMWQSyckp+BYtytChQ3Byyn6JYlcXFwoUKMD7H3xIWlo69evXo0rlynnGunv3bp59nbZiPyMm3S8YNu4/HYAxA1sw7JV6LBrdib5frqBKl4m4O9vzTreGdGqaUVz2dHVkzfhuDBy/ms/n/EKJop4s/eIVAgp7ADCyR2OiYpNoPmQWaenpvNCoAhOGPGe8V26xG1UvwddDW/HmN+sIi4qnVkU/Vo7rgpWVZZ6x88orrz4/yN3Njdf7vsbyFatYtnwFLi7ONGzQgOrZzAzPzvHjJzh+/AQAjo4OBAQEMHToEEoGBhrbtG/XlsVLfuCDD0dhY21N6dKl6dP3NbPiP+zS5SscPhxKy5Ytspy7evUaX44Za/x87dpqVq5aTYUK5RnQvx+QUeCMj4/Hydn0u5ixZHNDk2O9evVg4cJFfPrZ5zg6OvBs82YEBVUHMpZTfpC1tTVOjo44Oztz7tx5nnrqfjH57NlzxMfHM3/+QpNr7O3t+fqr8ZR+6ik6vtiBn5YuJS4unhLFi9O/X18sLS25c+cOp0//DsDu3XtMrn/vvXcIDT1CcnIyX3w51uRcpUoV6fd635wHMgd5jWGHF9ozZ+58Rn38Cfb2djzzTGPq1Lk/e3fvvn34+vpSvny5XHPr3q1rrv0q5vvos9lFRERERERERERERET+bSwM5kzhzWdCQ4+wbPkKPvt09JNORf4DDAYDE0MmMWTwoCedioiIiIiIiIiIiIiIiPwPiI3NWHX36FHzVtAFqFKlCmDmDGAx39shG5iwaNeTTuNfJfbnUTg52D7pNP6yU6dOmcwuFhEREREREREREREREfm3UgH4MRs7qAVjB2VdKlj+u8qXL0/58uWfdBoiIiIiIiIiIiIiIiIiefqfLABXq1aVatWqPuk0REREREREREREREREREQeK8snnYCIiIiIiIiIiIiIiIiIiDweKgCLiIiIiIiIiIiIiIiIiOQTKgCLiIiIiIiIiIiIiIiIiOQTKgCLiIiIiIiIiIiIiIiIiOQTKgCLiIiIiIiIiIiIiIiIiOQTKgCLiIiIiIiIiIiIiIiIiOQTKgCLiIiIiIiIiIiIiIiIiOQTKgCLiIiIiIiIiIiIiIiIiOQTKgCLiIiIiIiIiIiIiIiIiOQTKgCLiIiIiIiIiIiIiIiIiOQTKgCLiIiIiIiIiIiIiIiIiOQT+aIAnJ6ejsFgeNJp/OP+V/opIiIiIiIiIiIiIiIiIn+N9ZNO4O+4desWY8aM4ciRIzg7O7NmzZonndI/4n+lnyIiIiIiIiIiIiIiIiLy9+RaAL59+zZt2rTJM8gnn3xCo0aNHltS5ho7diwnT57k7bffpnDhwv/v9///8m/s5/Dhw7l27RqLFi160qn8Y65du8bGjRvZtGkTU6dOpUCBAk86JREREREREREREREREZFc5VoAdnFxYcyYMcbPN27c4JtvvqFdu3bUrFnTeLxMmTKPLaGpU6eycOFCduzYgZWVVY7t0tPTCQ0NpW3btrRo0eKx3f/vSk5OpnHjxnTt2pU+ffr87Xj/1n7mZ/v372fOnDmcOHECKysr0tLSnnRKIiIiIiIiIiIiIiIiImbJtQBsa2tLnTp1jJ/PnTsHQGBgoMnxJyExMZGUlBTc3NyeaB7/tP+Vfv6bHD16lKJFi9KzZ0/Onj3L1KlTn3RKIiIiIiIiIiIiIiIiImZ5rHsAHz9+nO+//57Tp0/j4OBAkyZN6N+/P3Z2dgCkpaUxd+5cNm7cSEREBD4+Pjz//PO89NJLXLx4ka5duxpjNWjQgFq1ajFu3Lgs95k5cyazZ88GYMaMGcyYMYNhw4bRtm1bUlNTWbBgAZs2beLGjRt4eHhQp04d+vbti4uLizHGhQsX+O677zh+/DgWFhZUrFiRfv36Ubx4cWObsLAwJk+ezIEDB0hLS6NatWoMHjyYIkWKZNv/kSNHsmPHDgDmzZvHvHnzmDFjBmXKlOHu3bvMnDmTrVu3EhkZSZEiRWjfvj0dOnTIcTz/rf3MiTlxtm3bxoIFC7h8+TKurq7UrVuXPn36mORsTpvQ0FBmz57N77//jpWVFdWrV6dfv374+voCEB0dTatWrRgwYAA3btxg27ZtpKamUrVqVYYNG4aXl1eO/ejbt6/x98yXHkRERERERERERERERET+CywMBoPB3Mbnzp2jR48exiLkg0JDQxk6dCjBwcG0bt2a69evM2PGDGrUqMFnn30GwKRJk1i2bBmvvfYaJUqU4PDhwyxevJiePXvSpUsXrl+/zpIlS1izZg3z58/HyckJb2/vLHlER0dz48YNXnvtNV588UXatm2Lp6cnLi4ufPHFF2zbto0+ffpQqlQpbt68yZQpU6hUqZIxjytXrtCzZ0+KFStGp06dsLGxYeHChVy/fp3Zs2dTqFAhoqOj6d69Ow4ODvTo0QPIKMKmpaUxf/58HB0ds+QVERFhvK5t27a8+OKLFC5cGCsrKwYPHsyZM2fo3r07AQEB7Nu3j5UrV/Lyyy8zYMCAbMf739pPyLoHsDlxdu/ezYgRI2jTpg316tXjypUrTJ8+ndKlSxMSEgJgVpt9+/bx9ttvU716dVq3bk1CQgJz584lISGBWbNm4ePjYywA29ra0rBhQxo0aMCVK1eYOXMmtWrV4vPPP8/pa25i0aJFTJkyhVWrVmkPYBEREREREREREREREfl/ERsbC2SsXGuuKlWqAI9xBvDEiRMpVqwYY8aMMe7da2lpycSJE7l8+TJ+fn7s2bOH6tWr07lzZwBq1qxJWloa4eHh2NjY4O/vj6urKwB+fn5YWVlhMBhISUkxuZe7u7vxHm5ubvj7+xvPPfvss7Rv357SpUsbj125coXFixeTmpqKtbU1s2fPxsrKipCQEJycnAAICgqiTZs2bNiwge7duzNnzhxiYmKYOnUqhQsXBqB48eL06NGDLVu20Lp16yx5eXl5GfN3dXU15rV582aOHTvG6NGjady4MQB169bFysqKJUuW0K5dOwoVKmSy16ylpeW/op+tWrXKkpe1ddavTV5x2rRpw969e7G1tWX48OHG5+/s7MymTZtITEzE0dHRrDbffvstAQEBjB8/3jg+Tz/9NJ06dWLmzJmMHDnSmFetWrX48MMPjZ8vXbrEzp07gYwZ6eb0TUREREREREREREREROS/4rFUu8LCwjh//jw9e/YEMBbVgoKCADh58iR+fn5UrlyZDRs2MGPGDOrWrctTTz3F4MGDc419/vx544xSyCiyrly5Msf2lStXZuvWrUyePJnr168THx9PcnIyKSkp3LlzBxcXF0JDQwkODjYWRQFcXFxYsGCBcbnqPXv2ULFiRby9vY39KVGiBO7u7pw8eZJy5cqZndeBAwdwdHSkUaNGJseff/55li1bxsGDB7l79y4TJ040nmvWrJlJ4fJJ9dPcvPKK06ZNGypVqsTKlSsZPXo0LVq0oFKlSrRo0YIWLVoY4+TV5vr161y5coX+/fsbi78A3t7e1KxZkwMHDpjkVaZMGZPPBQsWJCEhgeTkZFauXPlIYy4iIiIiIiIiIiIiIiLyb/dYCsCRkZEAzJo1i1mzZmU5nzlF+a233sLf358NGzYwZ84cXFxcaNasGb179zbZ3/VBfn5+zJgx437CeczQDAkJYcWKFfTq1Yvg4GBcXV1Zvnw5S5YsMbaJjo7G09Mzy7UP7lUbGRnJ9evXadCgQbb9eZS8oqKi8PLywsLCwuR45j600dHRtG7dmkqVKhnPZc4kftL9bNq0qVl55RUHMgqs9vb2LF261DjDt1atWvTt25eAgACz2kRFRQFkuzS4l5cX0dHR2eaXHXP7JiIiIiIiIiIiIiIiIvJf8VgKwJn7xL766qs0bNgwy/nMYp21tTWdOnWiU6dOREdH8+uvvxISEsLly5f5+uuvs41tZ2eXZRZnTpKTk1mxYgVt27alS5cuxuPOzs4m7VxcXIyFxNz6VLFiRfr27ZvlnLOz8yPl5ebmxqlTp7Icj4iIAMDDw8P4Y47/z36am1decTLVr1+f+vXrk5SUxJEjR5gyZQr9+/dn6dKlxu9Rbm3c3NyA+y8dPCg8PNzsMQQeacxFRERERERERERERERE/gssH0cQX19fvLy8OHPmDGXKlDH58fLywtPTk1u3btG5c2fWrFkDZOzj26pVK+rXr8/vv/9+PyHLjJQMBsMj55Genk5aWprJTFuDwcDJkydN2lWtWpVDhw6RmJhoPJacnMwrr7zC3LlzjW3Onz9P0aJFs/TH19c3xxwy7/1g/sHBwcTFxbF7926Tths2bAAy9q/9r/XzYebEGTRoEGPGjAHA3t6eWrVq0blzZ2JjY7l+/bpZbXx9fSlcuDCbN282GePIyEgOHDhAjRo1HmUoRURERERERERERERERPKVxzID2NLSkoEDBzJq1Cjee+89WrZsiZ2dHVu3bmXbtm0sWbKEQoUK4eXlxeTJk0lOTqZEiRJcunSJnTt3UrNmTWOswoULA7BkyRIqVKhAlSpVzM7D3t6e4OBgVq1ahYeHB97e3mzcuJFDhw4BkJiYiIuLCz169GDPnj0MHTqUzp07Y2Njw5IlS4iIiKBJkyYA9OrVi3379jFw4EBeeeUVChYsyIkTJ5gzZw4ff/wx9erVyzYHGxsbvLy82Lt3L2XLlqVixYo0bdrUuK9t7969CQgI4MCBA/zwww907twZHx+fRxrvf0M/H2ZOnKpVqzJr1ixcXFyoWbMmMTExLFq0iEKFChmXgDanzZAhQ3j33XcZMWIEbdq04c6dO8yePRs7OzvjPtQiIiIiIiIiIiIiIiIi/4usRo0aNcrcxpGRkaxatYratWtnWf64RIkSlC1bln379rF06VK2b9+Ok5MTI0eONBbu6tWrR0xMDGvWrGHlypWcO3eOZs2aMWjQIGxsbADw9/fn7NmzrF+/nri4OBo3bpxtLsnJySxcuJBq1aqZFIlr1KjBrVu32LBhg7EI27FjR65evUqlSpXw8fHBw8ODmjVrcvz4cX766Se2b99OsWLF+Pjjj/H39wcylm2uX78+Z8+eZdmyZWzYsIGoqCj69OljLJ7mxMfHh19++YWff/6ZOnXq4OPjQ5MmTYiLi2P16tWsXbuWmJgYevbsSdeuXXON9W/t55YtW4iLi+OFF14wO06VKlVwdnZm69atLF26lMOHD1OuXDnef/993N3dzW7j5+dHxYoVjd+1AwcOUK5cOUaPHm18gSApKYlFixYRFBRE5cqVjXkfPnyYY8eO0a1bN6ysrHIde4ATJ05w8OBBXn75ZeMS1SIiIiIiIiIiIiIiIiL/pLt37wJw8+ZNs6/JnHRqYfgray2LiIiIiIiIiIiIiIiIiMg/IjY2FoCjR4+afU3mZNLHsgewiIiIiIiIiIiIiIiIiIg8eSoAi4iIiIiIiIiIiIiIiIjkEyoAi4iIiIiIiIiIiIiIiIjkEyoAi4iIiIiIiIiIiIiIiIjkEyoAi4iIiIiIiIiIiIiIiIjkEyoAi4iIiIiIiIiIiIiIiIjkEyoAi4iIiIiIiIiIiIiIiIjkEyoAi4iIiIiIiIiIiIiIiIjkEyoAi4iIiIiIiIiIiIiIiIjkEyoAi4iIiIiIiIiIiIiIiIjkEyoAi4iIiIiIiIiIiIiIiIjkEyoAi4iIiIiIiIiIiIiIiIjkEyoAi4iIiIiIiIiIiIiIiIjkEyoAi4iIiIiIiIiIiIiIiIjkEyoAi4iIiIiIiIiIiIiIiIjkEyoAi4iIiIiIiIiIiIiIiIjkEyoAi4iIiIiIiIiIiIiIiIjkEyoAi4iIiIiIiIiIiIiIiIjkEyoAi4iIiIiIiIiIiIiIiIjkEyoAi4iIiIiIiIiIiIiIiIjkEyoAi4iIiIiIiIiIiIiIiIjkEyoAi4iIiIiIiIiIiIiIiIjkE9bmNEpMTGTevHls376dmzdv4uDgQJkyZXj11VepXr36P51jrm7cuMGLL76ItbU1FhYWGAwGXFxcqFatGgMHDqRgwYKPHDMtLY0GDRowe/ZsSpUq9Q9kLSIiIiIiIiIiIiIiIiLy+OU5A/ju3bsMGjSIffv28fbbb7Nu3ToWLVpEcHAww4cPZ8eOHY9807S0tL+UbG7mzp3LL7/8wvbt25k9ezZ37tzh/ffff+z3+SdyFxERERERERERERERERF5HPKcAbxq1SquX7/O4sWLcXd3B8DJyYnOnTtTtGhRPD09Afjyyy+xsrJi+PDhQMas4WbNmrFw4ULc3Nxo1aoVb775JrNmzWL48OEULVqUCRMmEBkZSWpqKgEBAYwYMQJvb29SU1OZOXMmO3bswGAw4ODgwGuvvUatWrXM6pSXlxe9evWiV69eREdH4+7uzrFjxwgJCSE2Npa0tDRq1qzJm2++iZWVFfHx8YwZM4YTJ07g5uZG+/btTeK9+uqrNGvWjLVr11KvXj0GDRrEjh07mD17NsnJydjY2NCpUydatGjxSIMvIiIiIiIiIiIiIiIiIvI45VkA3r9/P3Xq1DEWfx/UoEEDs25ia2sLwPnz51m1ahVWVlYMHjyYmjVr0q1bN9LT05k/fz67d++mXbt2LFmyhF27djFt2jRcXV0JDQ3lrbfeYvHixfj4+Jh1z8yZutbW1qSlpTFy5Eh69epFu3btiI6OpkuXLpQtW5ZWrVoxb948wsLC+PHHH7G1tWXy5MlZ8t+5cyczZszA1dWVs2fP8vHHHxMSEkL58uW5du0avXv3xtfXl4oVK5qVn4iIiIiIiIiIiIiIiIjI45bnEtAxMTF/aR/d7DRt2hQrKysAChUqxP79+zly5Aipqal069aNdu3aAbB9+3ZatmyJq6srANWqVcPX15d9+/aZdZ+wsDBmzJhBcHAwzs7OWFlZ8dNPP9G6dWsA3N3dKVeuHJcvXwbgwIEDNGnSxFio7tChg0k8CwsLateubcxn69atVK9enfLlywNQtGhRGjVqxKZNm/7O8IiIiIiIiIiIiIiIiIiI/C15zgAuUKAAN2/efCw38/DwMP4+fPhwfvjhB6ZMmcKlS5cIDg5m8ODBFCpUiNu3b5u0zbw2MjIyx9jdunXDwsICADc3N4KDgxkwYIDx/ObNm9m0aRMpKSlYWFhw5coVihUrBkB0dLSxuJt5fW65R0REcPToUV544QXjsZSUFCpXrmzuUIiIiIiIiIiIiIiIiIiIPHZ5FoBr1arFpEmTuHXrFoUKFTI5t3nzZhISEmjXrh2Wlpakp+Pa8KoAACAASURBVKcbzyUkJGSJlVmghYxllbt06UKXLl2Ij4/nq6++Yty4cYwfP54CBQoQFRVlcm1kZGSuM5Hnzp2Lv79/tucOHTrEN998w/Tp0ylZsiQAw4YNM553dXUlNjbW+Dk8PDzX3L29vXn66af57LPPcsxHREREREREREREREREROT/W55LQD/33HMEBgYyZMgQ9u3bR3x8PNHR0SxZsoTx48dTtGhRAAoXLsyFCxeMReB169blGDMtLY3evXsTGhoKgLOzM4ULFzbu29u4cWM2bNhAXFwcAPv27ePWrVvUqlXrL3UyKioKFxcX/Pz8ANi1axdnz54lMTERgOrVq7N161aSkpJIT0/nxx9/zDVekyZNOHjwIOfOnQPgzp07jB07liNHjvyl/EREREREREREREREREREHoc8ZwDb2NgQEhLC/PnzmThxIjdv3sTBwYGKFSsyceJEypQpA8Dzzz/PwYMH6dmzJ56enjRr1gxbW1tjUfdBVlZW9OrVi5CQEGJjY7G0tMTX15c333wTgI4dOxIXF0ffvn0xGAy4uLgwZswYvLy8/lIn69evz7Zt2+jUqRNOTk40bNiQIUOG8OWXX1KsWDG6d+/OF198QYcOHXBxcaFLly6sX78+29wBSpUqxciRI/nss89ITEzEYDBQr149457AIiIiIiIiIiIiIiIiIiJPgoXBYDA86SRERERERERERERERERERCRD5va1R48eNfuaKlWqAGYsAS0iIiIiIiIiIiIiIiIiIv8NKgCLiIiIiIiIiIiIiIiIiOQTKgCLiIiIiIiIiIiIiIiIiOQTKgCLiIiIiIiIiIiIiIiIiOQTKgCLiIiIiIiIiIiIiIiIiOQTKgCLiIiIiIiIiIiIiIiIiOQTKgCLiIiIiIiIiIiIiIiIiOQTKgCLiIiIiIiIiIiIiIiIiOQTKgCLiIiIiIiIiIiIiIiIiOQTKgCLiIiIiIiIiIiIiIiIiOQTKgCLiIiIiIiIiIiIiIiIiOQTKgCLiIiIiIiIiIiIiIiIiOQT1rmdvBoWg3+bMXkGGdyxNl8PbfXYkpL8p1SH8QSVKcriT182+5olW47zyodLOLl4KGUCCv6D2eXu/NXblH5xAjPff4Huz1X/x+5z5VYMH03fwtYD54mMvUPxIh70bhPMoBdrY2lpYWy37Jff+GLudk79GYazgy3P1SnDuEEt8HJ3euRYCzYe4dsluzlzOQJnB1tqVfTj09ebUTbA29jmdkwi70zeyJpfTxMTn0QZ/4K8270RHZtUzLEvb327jm+W7GbuRy/y6rNVTc6FRyXw2ufLWfPraZZ9+SptG5Qznrt4I4rA9uNyjNuxSUWzvkNHzlyny6gfOX0xjNubP8Tdxd7kfGJSCh9+v4Uftx4nLCqBgMIeDHyxFgNfrGXSztxxhIzv64BxK/Er5M6R+YOz5GRurOvhsQybuJ6N+86Slp5O9TJF+bxfc2pW8AOgxydLmbc+NMe+Z/69pKWl880Pu5m95jB/3ojE3dmBmhWK8fFrTakQWMjkmtlrDzNh4S4uXLtNIU9nOjerwui+TbG20jtCIiIiIiIiIiIiIiL/NbkWgAu6O7FpYk/j54Q7ybQfsYDOzSvT7YFCmF8h98eSTEx8EgWafULEpg+yFGzkv210n6YU9HDKu+H/qOi4JBoPmE56uoEvBjyLr7cba3ed5s1v1pGYlMK73RoCsObX03R8bxH92tdg4pvPcysynrcnbaDl0Dnsm9kfS0sLs2OF/LSHN75aS7/2NRg7qCXh0Ql8+N0Wnhk4k+MLh1DAzZH0dAMth84mLCqBkLda4+vtxk/bTvDy+4uxs7GiTf1yWfry67GLTFm2L9t+rv31d3p/voyiBV2zPe/j6cK2yb2zHI+JT+LlD5YQVM4313FMTzcwdsFORs/cxlPFvHJs1+HdBew6epHP+jWnSqnCrN51miFfrSE1LZ03OtV5pGcSE5/EgHGrWL/nDB4uDtnez9xY8YnJNOo/nQJujiwa3Ql7O2vGzNtB00Ez+f3Htyha0JURXRrQ7blqWe7x/YoD7DjyJ77ebgC88fVapq86yEe9m1C3cgA3bscxavpWGg+YzvGFQ/Ap4ALAdysOMHjCaj7u05RG1Utw9OwN3vp2HXfupujFHhERERERERERERGR/6BcC8B2ttY8E1zS+Dk6LgmAgMIeJscfl32/XcFgMDz2uOZKS0sHwOpfOOvt35ybOV5uVvlJp/CPuZucip1trn9Kefph63H+uBbJ/lkDCCpbFIAGVYtz/PxN5q4LNRYIP/p+K42DApk0vI3x2iIFXandeyord56ifcPyZsUyGAx8OXcHLWuXNonlW9CVen2/Y/P+c7zcrDJrfj3NodPX2DGtD3UrBwBQq6Ifv18K48Pvt2QpACcmpdDz06X0afs0k37am6Wf707ZyHvdG1G/SnGqdwvJct7ezpqG1UpkOf76lysoVawAQ16qk+s4Xo+IZdJPe1j3VXeOncsoZD7s4KmrbNp3jq+HtmJwx9oA1K9anFuRcYyeuY3+L9TE1sbK7Gey5tfT/Hk9itB5gxj69Vou3ojKck9zY4X8tIebkXHsnzXA+BJMlVJFWLjpqPF/QJmAgllmxF+4GsmqXaeY9X4HnB1tSbqbyk8/n+CtznWNseH+891y4DxdWlQlMSmF96Zu5J2uDXinawMAapQvhq+3K6n37iciIiIiIiIiIiIiIv8tf69q9YDpqw4S8uMezl2JwNHehqZPl2LswBb4+WTMDjYYDHwxdwfz1odyJSwae1trgsr48unrzQgu58uns3/ho++3AFCg2WgaBwWyJaRXjvc7ezmCt0M2sD30DwCeLu/LF/2fpXqZjOJKl1E/8OuxS/y54m2T6wo2/5QOjSswdURbrofHUqz1l8z+oANLthxj28ELHJ47iPIlvHPNNbM/Xy/ZzYxVB/njWiQOdtb3ls9tTrXSRXIdq16fLmPvb5cZP7gl707ZyLkrt3F3tqdby2p81q85lpYWOeZWIbAQl25G8+7kjWw5cJ64xLuU9C3A4Jdq06ft08Z7HD9/k5FTN3Hg1FViE5IoWtCVV5pX4cNeTYxFZHPiVHj5GxpWK07V0kUZM38718JjKVrQlfd7NKZry/uzEPN6Hg8vAX3nbgrvT9vMyh2nuB4Ri7uzA/WqBDBmYAuKF/HIdfweFth+HM1rlsK/sAdTl+3j5u14/H3c+bB3E15pXsXYbtvBC3w252eOn7/JnbspFC/sycAXa/F6+xrGNrEJdxk8YTWrdp4iNS2dBlVLMPTluib3W7TpGF1G/cCOaX3o++UKIqITubVhJAA7j/zJR9O3cuj0VQwGqF6mKJ/0bUr9qsVz7UOnppWoU8k/y9K8AYU92HfyMgC3IuM5du4Gkx8o2EJGwa6wlwsb9pyhfcPyZsUC2PVdXxzsbLK0AbhxOw6ATfvO4u3hbCz+ZmrXsAKvf7mCq2ExxhmnkFHgtbW25r3ujbItAK/9qjv+Pu4cPXsj1/F40MFTV5mx+hDbJvfOc0liT1dHjs4fjJe7E8fOZX+PQ79fA6B5jVImx196pjKLNh1j72+XaVC1uNnj2Lh6IJ2aVs41N3NjLf35BB0aVTRZAcHdxZ4BHWrm2u83vl5DzfJ+vPRMJSCjkH5z/cgs7RztbQGwsszIdevB80THJdGrdbBJu+fqlMn1fiIiIiIiIiIiIiIi8u/1WKaTjl+4i9e/XEHb+uU4Mm8wK8Z04cylcBr2/56EO8kATFtxgNEzt/FBr8YcX/AGW0J64+nqQNNBM4mJT2L4K/X4uE9TAP5Y8TYrx3bJ8X4R0Qk0eP17ImMTWT7mVTZ+2wMbayuaDJjBn9ezzr7Lia2NFQBfL/6VWhX9+fX71ylR1DPPXAE+/H4LIyZtoNtz1Tg6fzDrv+5Bwp0UGvb7Ps8cbKwtuXIrmm+X7GbN+G5Eb/2IT19vxtgFOxm3cGeuuUXF3qFen2kcOXudJZ++zPGFQ3jl2Sr0G7OSyUszlt1NTzfQ4o3ZGAyw4Zse/LZoKJ++3pxJS/fyyayfAcyKk5nruj1n2H/yMntn9Cdy84e0qFWa3p8vN/bzrzyPgeNWM2P1QcYMbMGxBUP46YvO/Hk9krZvzzP7+d3P0YqlP//GtbAYji98g1sbRtI4KJCuo35k328ZxbU/rkXSYuhsvD2c2TyxF4fmDKRn6yAGjFvFsl9+M8bqP3YlS3/+jW/ffJ4j8wfzyrNVeOPrNSb3y3w2I6duZmT3xmz8pgcAe09c5plBM3FzsmfHtL7smdGPIl4uNBs8iyNnrufaBzdn+yzFwTt3U9hy8JxxRuzvl8IBeMov69LGT/l5cfpimNmxLCwsKFHUk8JeLibtVu86DWByz5zuB3D6Yrjx2I4jfzJt+X7mfPgidjbZv1vi7/Poy8W/+e062tQvS4M8iugAjvY2JnshZyezUGv7UI6ZSyKfvRwBmDeOkDEDO6/CtDmxUtPS+e3CLQJ9C/DR91so0X4sHs98TJMBM9h/8kqOsbcePM/6PWeYMOS5bM+npqUTE5/EnuOX6PvlcsqXKGTcd/no2es42NkQFpXAMwNn4Nl0NMXbjWXk1E2kpKbl2icREREREREREREREfl3+tsF4OSUND6f8wvP1y3L6L5NKRNQkPpVi7Pg45e4dCOaBRuPAnD49FUKeTrTuVllAn09qVa6CDPf78Dq8V2xsbbCztYa+3vL6Lo52ePkYJvjPWesPkRETALLvnyVxkGB1Kzgx7yPOtI4KJAzl8JzvO5h1lYZhTxvD2c+6NmY4HK+ONrb5JnrnbspfLNkNy89U4kRXRpQJqAgtSr6MX9URxKTUpi2PPv9TzNZWFiQmJTCFwOexc/HHVsbK3o+H0TdygHMXReaa27TVx/kWngsi0Z3oklwIE/5efFut4a80KgCX8z9BYPBwLXwWG7ejqNdw/JUK12EQF9POjWtxPapfXjl2YwZsebEyXQ3OZVJw9pQwM0RO1trXm9fg7S0dA7fm0n5V57HR72bcGjOQDo0rsBTfl7UrRzAoI61+e3CLa7cijH7GWaMJxgMMH7wc7g62eHmbM+EIc9hZ2vNvPUZ41nI05nQuYOY/l57qpUuQtkAb958uS4BhT3YsOcMkDH798dtJ+j+XDW6tqxGSd8CvNysMl1amu63mlnsa17zKTo3r0zVezO+P539M15ujiz+tBPVShehUkkf5nz4IgU9nBi3YOcj9Sk93UCfL5YTEZ3IlwOeBSA67g6QUUx8mKujvXGJdnNiZefImesMD1lPz+eDjLPYo+OScrifnUlOCXeS6fXpUt7uUt+4xPHjsGnfOfYcv8So1555bDHL+Gcsn5z5ckCmo+cyivSxCX9vHM2RXazbMYmkpqUzdfk+wqMTWDS6E0s+7UxCUjJNB83kenhstrE+/G4L7RqWp8pThbM9//GMrXg2HU29vt/h7+PBjql9cLTPmPl983YcVlYW9PpsKa+1fZrNE3vRt10Nxi/cxTuTN/6tPoqIiIiIiIiIiIiIyJPxt5eAPvVnGDHxSTSv9ZTJ8fIlCuFTwIVdR/+kb7unadOgHPM2HKFhv+m88mwVGlUvQaliXrkujZuWlk5cYrLxs4VFRvFr/2+XKVHEk4Ie92f6FXBzZPmYV/9SH2pV9DP5nFeuB09dJTEphYbVTfcq9fNxp1ghN2NhNOFOMimp9/fRdLCzNu4Va2tjRdWHCjYVAwsxbcUB416f2eW29/glCno4GYuOmZ55uiTLfvmN81dvE1i0ADUr+PHmt2s5cymcJsElqVclgIqBPo8Up1SxjFmelUr6GGe9Ani4OAAZBSvgLz0PR3sbvl78K9tD/yA8OoG0NAN3U1KNcYsVcstyTUx8Eg9uEe3iaGtczrp6mSImOTra21CiiKdxhqqTgy3nr95meMh6zl6O4M7dFAwGuB2baOzH6YthpKWlE3Rvme9MdSr5Z9uHh5/NnuOXaF7zKZNlle1sralfJYAdR/4EMorpd+6mGs/bWFtmednhzt0UXv3oB7YcOM+qcV0pG+ANZLw4kJOcTuUU62Gb95+j43uLaFajlMkS0znFfTiXEZM24Oxgxwc9m+SY418xYdFO6lctbvLdBfPGMSd1K/tTtXQR3p2yEX8fd4LK+rL14Hk+mfnzvVhWWa4xdxzNkVOszBm3JYp4MuXttsb2lUr6UKL9WCb+uCdL4Xn38UvsP3mFbZN753i/vu1q8MzTpTh7OYKvFu2iQb/v2TqpF94ezqSkphOfmMzXb7SicVAgAEFli3IzIo5JP+3lo97P4Opk95f7KiIiIiIiIiIiIiIi///+dgE4Oj5jBuAbX63hzW/WmpxLTknj5r29RJ+vW5btU14j5Mc9vDtlI9FxSTzl58UX/Z81Lkf6sL2/XabB698bP7s62RG19SOi45OMM9geB/d7Bc1MeeUac2+GoKerY5ZYnq4OxCbcBaDt2/P5+dAF47kJQ57jjU51AHB2sMtSRHO0t8VgMJgUth7OLTo+ifCoBBzqf2ByPD09ozJ683Y8pYp5sSWkF9/+sJulP59gwqJd2Nla83LTyowb3AJPV0ez4wBZ9onNlDlL+FGfh8FgoP2IBZy+GM7kt9vwdDlf7G2tWbv7d/p+sSLH67yaf2LMD+Dw3EHGWY8ujlmLVI72NsQnZjyLzfvP8cI7C3i5WWWWj3mVgu5OWFpa0Kj/dGP7zOfm5mQ649XjoWeQ3XGDwUBswl2W/fJbljFNfaCgP27hLuNe1wCt65VlxQPLnd+8HUeb4fO4eTuendP6mszqzLxfdjN9o+Lu4OlqmmdusR703YoDDJqwmgEv1GTCkOewtLz/vfRwcTDO8n34fpDxN/DzoQvMXHOIvTP6mxTh/65r4bFsO3iBGSNfyHIur3HMjYWFBYtGd6LT+4up1/c7AEr7F+Tz/s3pOupHCnk6m7Q3dxzNkVss13vfu+CHXkAo7OVCqWJenPzjVpZ489aF4ufjbrIk9cN8vd3w9XajQdXitK5XluLtxvL57O1882YrY3H34XvWqxpAyE97OHs54rHO6BYRERERERERERERkX/e3y4AZxalRvdtSpt6WQu5DxYGa1fyp3Ylf9LTDRz+/RpfzttOh3cXcnjuQCqXylpUqRjoYzKzLXPpXTcne85fvZ1rXhZkP3Xxzt2UvDuVR67uzhl9joxNzHLd7ZhEY+F0/OCWxkIZQEnfAsbfo+PvkJ5uMCm2xSXexcrKEkd7G2Mx8mEeLg4ULejK5om9sj3vd2+PVUd7G97t1pB3uzXkdkwiK3ac5O2QDcQmJPHTF6+YHccc5jyPB527cpvdxy8x7Z12dGxS0Xg8OSX3PUe3TuptsjT1g+N5O5tnEZd4lyJergDMXXeYIgVdmT+qo0nh/cHn43Tvuxrz0BLAEdEJefbJwsICN2d7GgcF8mnfZjm269KiKnUr359R7OV2f9Z0RHQCTQbOwN7Wmv2z+hv3pM1UNiBj6eIzl8NpEhxocu70xXDaNyxvdqxMk5fu442v1zDxrdb0a18jy/lyxb35YeuJLMcz9xsuV9ybj6ZvITkljeAek7K06z56KT0+WUrSzk+Ms7XNtWFvxtLcLWuXznIut3E0x1N+XoTOG2RcbrxYITdW7jgFQJUH/heZO47myCuWq5MdPgVcCI/K+n1LTUsnLT09y/ENe8/Qul7ZLMdv3o5jw96zNAkKNPlbLuTpTEBhD07+mVFMLn1vOezwqASTlygyX1rI7p4iIiIiIiIiIiIiIvLv9rf3AC5X3BtXJzsu3YiiTEBBkx+AogUzCnDr95zh+PmbGTe1tCC4nC/T32uPwWAwLpmcKbPI5+ZsT8NqJYw/dSsHABBc3pfr4bEm+8smJqVQq9dUZq05BGTMTIyJNy3knb4YZlYBOK9cK5QohJODLTtD/zS57uKNKK6GxVKzQjEAKpcqbJK/r/f9ZY3T0w3sfWgP0sO/X6NcgLdJUfhhtSr6cTMyHhcnO5Ox9nB1wMvdEUd7Gy7fjGbRpmPGawq4OdK7dTBdWlTlwKmrZscxlznP40GZs8YLuN2fQZ2ebmDuusMAJkXeBzWoWtxkPJ0d7y/5e+TMdRKT7j/b6LgkLlyLNC4dHB2fhKerg0nxd82vpwmPSjAuK10moCAWFhYcujdGmbYdPG/WONSu6M/vF8N5ys/LZExtbazwL5xRhPO/N1sz86dCYCHj9S++twgbKyu2TXot20Kjl7sTNcoXY+nPpgXZbQcvEBGdQOv69wuBecXKvG7whNV8/277bIu/AM/VKUtEdIJxCetMSzYfI7icL4W9XBjV+xmOLRjCkXmDjT87p/UF4NPXm3Fk3uBHLv4CbNl/Dv/C7llm5ELu45iXxKQUZq89zMk/blGskJtxufHvV+6nUkkfY1EUzBtHc5kT6/m6ZVi7+zRxifdfALl4I4rzV29TvYzpTNxTf4ZxLTyW4PLFssRJSU2n92fL+H7lAZPjEdEJXLwRZfxf1KJWaSwtLVi0+ZhJu20Hz2Nna0354uaPq4iIiIiIiIiIiIiI/Dv87RnANtZWvNOtIR98t4USRQvQul5ZUtPSmbc+lPELd7FjWh/qVPLnuxX7OfnHLb5983nKBniTmJTCjFUHsbWxonbFjJl8mUvYrv71NNVLF82xqNO7dTDfLN7Nyx8s4Yv+z+LuYs+4BTs5fTGMBlUzlkJ9unwxQn7aw4KNR3ileRX+vB7FW9+uw8M1++V8H5RXrvZ21gx7pT6fzv6ZamWK0rpeWW5FxjM8ZD3uLvb0a18zz3s4O9rydsgGPu/fnGLebizYeJTDv1/j66Gtcr2uV+sgJv64hw7vLGTMwGfxL+zBqT9vMfTrdQQUdmfjtz25FRlP149/JPTMNbq2rIazgy1nLoezcscpGt3bt9icOOYy53k8qGxAxksD3y3fT/UyRYmJT2L0zG0ElfXl0Olr7D95xTiL2lzOjnZ0+/hH3u/ZGBtrK96ftpn0dAPdnqsGQM0Kfnw8YxvLt5+kVgU/th06z7Tl+6lftThnLodzLTyWogVdaVWnDHPWhVK9rC/BZX3Z+9tlVu48ZVYO73ZvSKP+0+n9+TIGd6yDq5Md2w5d4K1v1xlnY+dkwcYj7DzyJyHDWnP03PUs558uVwxHexs+6duM5kNm0W/MSrq2rMbVsBje+nYdDauVoEWt0mbHsrG2ZNCE1QSVLUrxIh5sD/3DpI23hzPlinvTvGYpGlQrTtdRPzJ+cEt8vd2Yu+4we3+7zKZ735EiBV0pcu9Fj0yZy1T7ersa/47jEu8aX/bInDH+2x+3cHfJWPo4qIyvSVH//NXblHmgGGuOK7diuHAtI/aFe/f49dhFnB1tsbaypG7lABzsrPlmya/cTU5j/OCWeHs6MXddKFsPXjD2ydxxdLS34cSFm8Z9pCNiEom/k2wcTy83JyoEFjI71rvdG/HjthO0HDqHD3s1ISU1jZFTN+HqZJfl/0rmGGY3RsUKudG1ZTXGLdiJjbUlDasHEhmTyJj5O0hLS6f/CzWN7QZ3rM0nM7dhb2tNnUr+bDlwjtlrDzOscz2T5yEiIiIiIiIiIiIiIv8Nf7sADDCiSwPcnOyZsmwf70/bjIOdNVWeKsKGb3pQp1JGcXf+qJd4d8pGBo5fzc3bcTg72FGppA9rJ3Q3zhZu16A801cepN+YlQSX9WXHtD7Z3q+QpzM7pvVhxKQNdBy5EAssCCpblC0hvQj09QSgU9NKhJ65xohJG+n75QrKFy/EhCHPMWj8apM9WbNjTq4f9mqcUcRcsZ8Rkzbg5GBLw2olmP5e+yzFsOw42dvyWb9mDPt2Hb/9cQsPFwc+6NmYQS/WyvU6T1dHdk7ry3tTNvLCOwuJS7xLYS8X2jcsz8evNQUy9vNcMfZVxs3fyaw1h7hzN4WiBV156ZlKfNS7idlxzGXO83iQi6Mdiz95mWET11Om4wT8Crkz7NX69GxVnbOXIxgesp7EuynG5ZvNUa9yAHWrBNB+xAKuhsVQvIgnSz59maqliwDw5st1+eNaJH2+WE5qajqNgwL54bPOHP79Gj0++YmavaZwYdlwZr7/AgPGrWLIV2swGAzUqxLAvI86Uq1rCCmpuX9v6lTyZ/PEnnw8Yxv1+k4j3WCgpG8BPu/XnAEdcn8pYNO+swAMGr862/MnFw+lTEBBmgQHsnJsF0bN2MqcdYdxc7bnhUYV+KL/s48Uy9ra0jhju8mAGVnadGxSkcWfvgzA8i+78M7kDQwYt4q4xLtUDPRh9fiuNA4KzHJdbs5cishyrwf38X1wT2eAGxFxlPZ7tALwD1uPM2LSBpNjbYbPA+7vIW5hYcGa8d0Y+s1aun/yE4lJKVQpVZj1X3c3viAB5j+T96ZsYv2eMybnMvuZuTexubH8fdzZMa0Pwyeup/2I+QDUqxLA/FEvZfm/ciMiY391d2f7LPEApo1oS9ni3sxfH8q4BbtwdbKjauki/Pr96yZ7/o4d2AJPN0emLNvLyKmbKOrtyug+TRnRpUG2cUVERERERERERERE5N/NwpDTervyj+k3ZiUrd5zixvr3nnQq+ULZl76iSqnCxoKliIiIiIiIiIiIiIiIyH9ZbGwsAEePHjX7mipVqgB5zAAePXMbH8/Y9jdSk4el7f08yzGrWioE/xUaS5F/XtjG90326xYRERERERERERERkX+3XAvAH/Zqwoe9mvx/5fI/K7tCpvw1GksRERERERERERERERH5X6YloEVERERERERERERERERE/kX+zhLQlv9IRiIiIiIiIiIiIiIiIiIi8v9OBWARERERERERERERERERkXxCBWARERERERERERERERERkXxCBWAREREREREREZH/Y+/e47+eD///398d3kXnk4qULJvMyKGEaMwMw1AoNmcyH2N8Pj6bMB9hGJ9sWF+J1GRMltI3m0OO+0qxStNksyIlhPnIiAAAIABJREFUSedzer/fvz98ev+8V+ndwWbPz/V6uXS5vF+v1+P5eD6eT3/ePJ5PAAAoCAEYAAAAAAAAoCAEYAAAAAAAAICCEIABAAAAAAAACkIABgAAAAAAACgIARgAAAAAAACgIARgAAAAAAAAgIIQgAEAAAAAAAAKQgAGAAAAAAAAKAgBGAAAAAAAAKAgBGAAAAAAAACAghCAAQAAAAAAAApCAAYAAAAAAAAoCAEYAAAAAAAAoCAEYAAAAAAAAICCEIABAAAAAAAACkIABgAAAAAAACgIARgAAAAAAACgIARgAAAAAAAAgIIQgAEAAAAAAAAKQgAGAAAAAAAAKAgBGAAAAAAAAKAgBGAAAAAAAACAghCAAQAAAAAAAApCAAYAAAAAAAAoCAEYAAAAAAAAoCAEYAAAAAAAAICC2KIAPHXq1HTr1i3dunXLtGnTtvWattgHH3yQHj165KSTTsrs2bP/2csBAAAAAAAA+Icq1A7g999/P3Pnzs2HH36Y995775+9HAAAAAAAAIB/qFr/7AWsXbs2tWptm2Xsu+++uemmm1JeXp6uXbtukzkBAAAAAAAA/lVUq7xOmDAhAwYMyMyZM9OuXbscfvjh643p0aNH5s6dm9NPPz3f//73kyRDhgzJvffem3r16uXJJ5/Mc889l2uuuSYlJSW59NJLM2TIkLRu3TqDBg3Khx9+mPvuuy/jxo3LsmXLsuOOO+b4449Pz549U6PGJxuVKyoq8uijj2bUqFGZPXt2mjZtmgMOOCAXXHBBGjdunGnTpuXKK69MkgwYMCB77bVXkmT+/PkZNGhQxo0bl8WLF6d169Y55phjctppp6VmzZqZM2dOTj755CRJv379Mnr06Lz++utp1KhRjjvuuJxzzjlbf6cBAAAAAAAAPmebDMDvvPNOrrjiipSVlSVJZsyYkYEDB27VSSsqKvLzn/88SbLTTjtl6dKl6dOnT+bNm5dGjRqlbdu2efvtt3PHHXdk+fLlOfvss5Mkd955Zx555JEkSWlpaebOnZvHH388EydOzNChQzd4rkWLFuXcc8/NRx99lCSpXbt23nvvvQwcODB//etf069fvyrjr7vuupSUlKS8vDzz5s3L4MGDs9tuu+WQQw7ZqmsGAAAAAAAA+Lxt8h3Aw4YNS1lZWRo0aJBhw4bl6aefTq9evbb6xEcccUTuvvvuXHvttXnuuecyf/781KpVK7/61a8yZMiQHH300UmSMWPGJEk++OCDDB8+PEly7rnnZuzYsRk8eHBKS0sza9asvPjiixs8z/3335+PPvoo9erVy5AhQzJ27NhcdNFFSZJnn302kyZNqjL+uOOOy1NPPZXHH388TZo0SfLJDmgAAAAAAACAL7pNBuBp06YlSbp3755ddtkltWvXzmGHHbbVJ/7BD36QPffcs/JRzy+++GKef/75NG7cOIsWLUqbNm2SfBJ+k2TSpEmpqKhIkpx88skpKSnJl7/85Vx99dX5j//4j+yyyy4bPM+6eHvYYYelQ4cOqVGjRnr16pVGjRolScaPH19l/IEHHpjS0tI0btw47du3T/LJI6QBAAAAAAAAvug2+QjohQsXJklatmz5uS2ioqIiI0aMyGOPPZaZM2emvLx8vTFLly5NktSsWTP169ev/P7T7yNeF6s/bUPrr1GjRpo2bZrFixdn0aJFG11XSUlJkmxwPQAAAAAAAABfNJsMwM2aNcvixYsrA+zGrIul63bpbo6RI0fm9ttvT82aNXPuueemQ4cOeeWVV/LYY49VjmnQoEGSpKysLMuXL0+9evWSJLNnz87q1avTtGnTDc7dsGHDLFu2rMou3vLy8srP63YCAwAAAAAAAPyr2+QjoDt27Jgkeemll7J8+fIkG95p26xZsyTJm2++WRlp//79uhvz+uuvJ0natWuXM844IwcffHBq1Ki6tH322acyMo8YMSJJ8v777+fss8/OGWecsdH39Hbp0iVJMnbs2MycOTNJ8thjj2XJkiVJks6dO1drjQAAAAAAAABfdJvcAXz66afnySefzJw5c3LqqaemSZMmmTFjxnrjDjrooEydOjWTJk3KkUcemTVr1lR7N/Dee++dZ555JtOnT8/xxx+fkpKSLFiwoPL31atXp1WrVunRo0ceffTRDBw4MMOGDcvKlStTXl6eNm3apHv37htc15lnnpkXXnghCxcuzGmnnZbtt98+K1asSPLJe43333//zJkzp1rrBAAAAAAAAPgi2+QO4LZt2+bWW29Nhw4dKsPplVdeud643r17p2fPnmnatGlq1aqV/fbbL6ecckq1FnHiiSfmwgsvTOvWrbNy5cq0adMmV1xxReXv68LupZdemksuuSRt27bNqlWr0rBhwxx99NG56667UqdOnQ3O3aJFiwwaNChHHnlkGjdunNWrV2ennXbKeeedl379+lVrfQAAAAAAAAD/CkoqtuSlvQAAAAAAAAB8Lta9znby5MnVPqZTp05JqrEDGAAAAAAAAIB/DQIwAAAAAAAAQEEIwAAAAAAAAAAFIQADAAAAAAAAFIQADAAAAAAAAFAQAjAAAAAAAABAQQjAAAAAAAAAAAUhAAMAAAAAAAAUhAAMAAAAAAAAUBACMAAAAAAAAEBBCMAAAAAAAAAABSEAAwAAAAAAABSEAAwAAAAAAABQELWqM+iDDz7IPffck9dffz2LFy9OmzZtcuqpp+boo4+uMu7FF1/M4MGD8+6776Zu3brp3LlzLr744uywww6fy+IBAAAAAAAA+P9tMgDPnTs3Z599dpo0aZLzzjsvTZo0ye9+97vceOONWbt2bY477rgkyaRJk3LVVVflwAMPzHnnnZeFCxdm4MCBufzyyzNkyJDUqlWt1gwAAAAAAADAFtpklf3tb3+bFStWZMiQIWnZsmWSpEuXLpk+fXpGjRpVGYB/85vfpGnTprnppptSs2bNJEmjRo3St2/fvPLKK+nWrdvneBkAAAAAAAAAbPIdwM2aNUuPHj0q42+S1KhRI+3bt8+SJUsqv3vjjTey//77V8bfJOnatWuSZOrUqdtyzQAAAAAAAABswCZ3AJ966qnrfbdmzZpMmTIlBx10UJKkvLw8ixYtSrNmzaqMKy0tTf369bNgwYJttFwAAAAAAAAANmaTO4A3ZMCAAVm+fHm+973vJUnWrl2bJBt8z2/t2rXz8ccfb8USAQAAAAAAAKiOzQ7AI0aMyKOPPporrrgirVu3/jzWBAAAAAAAAMAW2KwA/Mwzz+T2229Pnz59cuSRR1Z+v27n75o1a9Y7Zu3atSktLd3KZQIAAAAAAACwKdUOwK+88kquv/76fPe736189HPlJDVqpEmTJpk/f36V79esWZOlS5eu925gAAAAAAAAALa9agXgP/3pT7nqqqtywgknpE+fPhscs9dee2XChAlV3vf7yiuvJEm+9rWvbYOlAgAAAAAAAPBZam1qwPTp0/Of//mfad++fQ4//PBMmTKlyu8tW7ZMy5Yt07t377z00kv50Y9+lJ49e2bx4sUZMGBAdt1113Tu3PlzuwAAAAAAAAAAPlFSUVFR8VkDhgwZknvvvXejv5933nk566yzkiQvv/xy7r333syYMSN16tRJly5d8oMf/CAtWrTYtqsGAAAAAAAAKKglS5YkSSZPnlztYzp16pSkGgEYAAAAAAAAgH+crQnA1XoHMAAAAAAAAABffAIwAAAAAAAAQEEIwAAAAAAAAAAFIQADAAAAAAAAFIQADAAAAAAAAFAQAjAAAAAAAABAQQjAAAAAAAAAAAUhAAMAAAAAAAAUhAAMAAAAAAAAUBACMAAAAAAAAEBBCMAAAAAAAAAABSEAAwAAAAAAABREtQPwjBkzcv311+fEE0/M4YcfnlNOOSV33XVXFi5cuMUnnzp1arp165Zu3bpl2rRpWzzP1njggQfSrVu3HHHEEf+U839etvS6rrjiinTr1i2XXnrp57QyAAAAAAAA4PNSrQA8fvz4nHfeeXnyySczb968rFmzJu+//34efvjhnHPOOZk5c+bnvc5/Waeddlq6deuW/v37/7OXAgAAAAAAABTcJgPw0qVLc/3112f16tXZeeedM2DAgDzxxBO58cYb06BBg8ybNy833njjRo8vLy9PWVnZNl10Ea1du/afvYQvBPcBAAAAAAAAtlytTQ0YO3ZsFi1alCT5yU9+ko4dOyZJunfvnoULF+a2227L1KlT8+abb6Zjx4753ve+lxkzZuT444/Pe++9lylTpuSWW25J165dM2HChAwYMCAzZ85Mu3btcvjhh2/wnC+++GIefPDB/O1vf0vNmjWzzz77pE+fPmnfvn2SpEePHpk7d27OO++8fPDBB3nhhReSJF27ds2///u/p379+hu9nocffjjDhw/PkiVLsvfee6dVq1brjSkrK8vDDz+cMWPGZM6cOWnYsGEOOeSQ9OnTJw0aNMicOXNy8sknJ0n69euX0aNH5/XXX0+jRo1y3HHH5Zxzzsn06dNzxhlnVM45YsSIjBgxIsOHD89DDz2UESNGZK+99krbtm3z1FNPpWfPnrnooosyf/78DBo0KOPGjcvixYvTunXrHHPMMTnttNNSs2bNrbqu6tzb6qioqMijjz6aUaNGZfbs2WnatGkOOOCAXHDBBWncuHGV+3Pbbbela9euSZJLL700f/zjH9OtW7fcfPPN6d+//0bvw1/+8pcMGjQob775ZtasWZOdd945J554Yo499tjKdWzpvQIAAAAAAICi2mQAnjRpUpKkefPmlfF3nUMPPTS33XZbkmTixIlVfn/88ccr/65Ro0beeeedXHHFFZW7gWfMmJGBAweud75Ro0bl1ltvTZKUlpZm9erV+cMf/pDJkydnyJAhVcLm/fffn7KystSuXTsff/xxnn766TRp0iSXXHLJBq9l9OjRueuuu5IkNWvWzPjx41NRUbHeuBtuuCFPP/10kqROnTqZP39+Ro4cmTfffDP33HNPlbHXXXddSkpKUl5ennnz5mXw4MHZbbfdsttuu6VLly6ZMmVKVq1alZYtW6Zdu3apU6dO5bFTpkzJlClTKtezaNGinHvuufnoo4+SJLVr1857772XgQMH5q9//Wv69eu3Vde1Off2s9x555155JFHKueZO3duHn/88UycODFDhw6t1hyf9vf3YdasWbn44ouzYsWK7Lrrrqlfv36mTJmSm2++OfPnz8+ZZ565xfcKAAAAAAAAimyTj4CeP39+kk8C8N9r0qRJ5U7LdSFunXr16uXaa6/NAw88kD333DPDhg1LWVlZGjRokGHDhuXpp59Or169qhyzatWqypDZu3fvPP300xkzZkx23XXXLFu2rDI6rrPbbrtlzJgxefrpp9OlS5ckyYQJEzZ6LUOGDEmS7LHHHhkzZkyeeOKJ7LXXXlXGTJ48uTL+3nzzzRk7dmyGDh2a0tLSvPXWW3n55ZerjD/uuOPy1FNP5fHHH0+TJk0q19CqVav0798/O+ywQ5Lk4IMPTv/+/dO0adMqx59//vm5//7707Nnz9x///356KOPUq9evQwZMiRjx47NRRddlCR59tlnK2P8llzX5t7bjfnggw8yfPjwJMm5556bsWPHZvDgwSktLc2sWbPy4osvVmuev/fp+zBu3LisWLEizZo1y5AhQzJgwID06tUrO+64YyZPnpwkW3yvAAAAAAAAoMg2uQN4QztJP62kpGSD44444oh885vfrPw8bdq0JJ88OnqXXXZJkhx22GF5+OGHK8dMnjw5K1euTJLMmzcv/fv3rzL3ujnW6dSpUxo1apQk+drXvpYJEyZUBuu/t2jRosydOzdJ0rNnz8rHRB944IGVu0+TZNy4cUmSunXrZty4cZWf69SpkzVr1mTatGnp0KFD5fgDDzwwpaWlKS0tTfv27bNw4cKNruHvtW3bNmeeeWbl53Xx+rDDDqs8R69evfLggw9m8eLFGT9+fPbZZ58tuq7NvbcbM2nSpMpjTj755JSUlOTLX/5yrr766ixZsqTyv+3m+Pv70K5duySf/M8HN9xwQw466KCcfPLJufjiiyvHbMm9AgAAAAAAgKLbZABet/N33rx56/22aNGirF27NknSrFmzz5xn4cKFSZKWLVtudMyCBQsq/37mmWfW+33FihUbPXZdiC4vL//M8yep3JX7WWtYtWpVRo0atd7v6yLqlqxhUzZ0j2rUqJGmTZtm8eLFle9i3tAxSfWuK9n8e/tpS5cuTfLJo5o//a7lT7/Pec6cOdWaa2O6dOmSyy67LIMGDcpTTz2Vp556Kkmy//7756qrrkqLFi226F4BAAAAAABA0W0yAO+zzz4ZO3Zs5s+fn6lTp+arX/1q5W+fftzvvvvu+5nzNGvWLIsXL64MiBvy6aB4//33Z7fddtvU8qrt04F62bJlm1xDw4YNM3r06MpHXH/a1gbOjWnYsGGWLVtWZQdxeXl55ed1u50/bXOvK9m6e9ugQYMkSVlZWZYvX5569eolSWbPnp3Vq1enadOmlSF8a/To0SPHH398pkyZktdeey0jR47Ma6+9lltuuSW33XbbFt0rAAAAAAAAKLpNvgP4G9/4Rho3bpwkuf766/PGG29kxYoVefnll3PPPfckSXbffffssccenzlPx44dkyQvvfRSli9fnmT9xw7vvffeKS0tTZLccccdWbx4ceW4H//4x1m1atXmXFsVDRs2zI477pgk+f3vf1/5GOO33nqryrgDDjggSbJkyZL88pe/TFlZWcrLy/PUU0/l9ttv3+zz1qr1SWP/9E7djVn3HuOxY8dm5syZSZLHHnssS5YsSZJ07tx5i69rW93bffbZpzLwjhgxIkny/vvv5+yzz84ZZ5yRCRMmVInAf/rTn5Ik7733Xt59991qnePaa6/Nt771rdx8883Zb7/90qdPn/To0SNJMn369CRbdq8AAAAAAACg6Da5A7hBgwb5yU9+kr59+2bWrFm58MILq/zevHnzXHPNNZvc9Xn66afnySefzJw5c3LqqaemSZMmmTFjRpUxjRo1ykUXXZSf//znmTRpUo477rjUr1+/Muo988wzOfbYYzf3GiudffbZufHGG/P888+nV69eWbt2beX7c9fp2rVrunfvnhdeeCGPPPJIRo4cmVq1amXFihWpWbNmevTokdq1a1f7nB06dMj06dPz3HPP5fDDD8+AAQM2OvbMM8/MCy+8kIULF+a0007L9ttvX/lo5u7du2f//fff4uvaVve2VatW6dGjRx599NEMHDgww4YNy8qVK1NeXp42bdqke/fuKS0tzX777ZfXXnstQ4cOzfDhw6v9iOkkOfbYY/Pcc8/lySefzLvvvptGjRpl4sSJSZJDDjlkq+4VAAAAAAAAFNkmdwAnn+y2HDRoUI466qg0b948tWvXzo477phTTjkl9913X9q1a7fJOdq2bZtbb701HTp0qAx1V1555XrjevbsmVtuuaVyx+qqVauy++67p2/fvlsVf5Pk6KOPziWXXJKWLVtm/vz5ad26dc4///z1xvXr1y8XX3xx2rdvn/Ly8pSUlOSAAw7InXfembZt227WOfv06ZP99tsvderUSaNGjVK3bt2Njm3RokUGDRqUI488Mo0bN87q1auz00475bzzzku/fv22+rq21b299NJLc8kll6Rt27ZZtWpVGjZsmKOPPjp33XVX6tSpk+ST/7YHH3xw6tWrl7p16+boo4/OgQceWK35O3funP79+2fffffNzJkz8/rrr6dt27a55JJLcskll2zVvQIAAAAAAIAiK6lY98xgAAAAAAAAAP7p1j3Fd/LkydU+plOnTkmquQMYAAAAAAAAgC8+ARgAAAAAAACgIARgAAAAAAAAgIIQgAEAAAAAAAAKQgAGAAAAAAAAKAgBGAAAAAAAAKAgBGAAAAAAAACAghCAAQAAAAAAAApCAAYAAAAAAAAoCAEYAAAAAAAAoCAEYAAAAAAAAICCEIABAAAAAAAACkIABgAAAAAAACiIWtUd+PHHH+fll1/O73//+7Rs2TI//OEPP891AQAAAAAAALCZNhmA16xZkzvuuCNjx47NsmXLUlFRke985zv/iLUBAAAAAAAAsBk2+QjolStX5o033sgZZ5yRxx57LHXr1v1HrAsAAAAAAACAzbTJHcCNGjXKkCFD/hFrAQAAAAAAAGArbHIHMAAAAAAAAAD/GgRgAAAAAAAAgIIQgAEAAAAAAAAKQgAGAAAAAAAAKAgBGAAAAAAAAKAgBGAAAAAAAACAghCAAQAAAAAAAApCAAYAAAAAAAAoiFqbe8AzzzzzeawDAAAAAAAAgK1kBzAAAAAAAABAQQjAAAAAAAAAAAUhAAMAAAAAAAAUhAAMAAAAAAAAUBACMAAAAAAAAEBBCMAAAAAAAAAABSEAAwAAAAAAABSEAAwAAAAAAABQEAIwAAAAAAAAQEEIwAAAAAAAAAAFIQADAAAAAAAAFIQADAAAAAAAAFAQmwzAy5YtyxNPPLFNTta/f//ceOON22QuAAAAAAAAAKqqtakBU6ZMyRNPPJFjjjlmq0924YUXpry8fKvnAQAAAAAAAGB9nxmAJ0+enJtvvjnLly/P9773vQwYMCBr1qzJL37xi7z11lupUaNGWrVqlcsuuyxt27bNRx99lBNOOCGXX355nn/++SxevDiNGzdO375907Jly9x9991ZuXJlrrrqqqxduzb33Xdfxo4dmzVr1mS33XbLj370ozRv3vwfde0AAAAAAAAAhfKZj4Du1KlTevXqlY4dO+aBBx5IgwYN8tOf/jS1atXKr3/96zz00EPZc88907dv35SVlaVWrU968owZM3LHHXdk6NChady4ce6444715n7kkUcyfvz4DB48OCNGjEjz5s09HhoAAAAAAABgK2zyHcCftnLlyowfPz6nnHJKatasmSTp2bNn3nnnncyaNaty3FFHHVX59ze/+c1MnDhxvbmeffbZHHXUUalfv35q1KiRyy67TAAGAAAAAAAA2AqbFYAXLFiQJGnSpEnld40aNUpJSUnlb+u+W6dBgwZZunTpeu/+nT9/fho2bFj5ubS0NNtvv/3mrR4AAAAAAACASpsVgJs1a5YkVWLvokWLUlFRkRYtWlR+9/e/N2rUKDVqVD1Vs2bNMn/+/MrPK1euzIwZMzZv9QAAAAAAAABU2mQArl27dpYtW5by8vLUrVs3Xbt2zfDhwyt39D700EP5yle+kp122qnymJEjR6asrCxlZWV54okncsABB6w37+GHH54xY8ZkwYIFKSsry913353bb799G14aAAAAAAAAwP8umwzAXbp0yaJFi3LCCSdk+vTp6du3b8rKynLaaaelV69eeffdd3PDDTekpKSk8piOHTvm3HPPTc+ePbNmzZpcdNFF6817yimn5NBDD83555+fE044IbNnz87VV1+9ba8OAAAAAAAA4H+RkoqKioptNdmiRYty7LHH5tFHH02rVq221bQAAAAAAAAA/2ssWbIkSTJ58uRqH9OpU6ckm/kO4Orahk0ZAAAAAAAAgGr6XAIwAAAAAAAAAP94tbblZI0bN84f/vCHbTklAAAAAAAAANVkBzAAAAAAAABAQQjAAAAAAAAAAAUhAAMAAAAAAAAUhAAMAAAAAAAAUBACMAAAAAAAAEBBCMAAAAAAAAAABSEAAwAAAAAAABSEAAwAAAAAAABQELU2Z3BFRUV2P6V/3p41P8OuOzW9j9z781rXBr09a36+cvJ/576re+Ssb+/3uZ/v/J+OyP/9w7TMeaLvVs3zwfyl2enYm6p8V2+70rRr1TiH7/+lXHzygdlt5+ZVfu94av/8ZeZHVb6rv31pvrRTs5xz3P7pc2KX1K5Vs8rvf5u1IP0feilPT/hrZn24JHVq18wurZvkpMP2zMU9D0yThttt1XUAAAAAAAAAX2ybFYCf++P0vD1rfjp9uXXuHfXqPzwA/6N99+h9ckinXbbZfGccs2/O/Pa+SZKlK1bn9b9+kMGjX82gUa9mUN+Tcvq3OlUZv1eHVrn9smMrPy9YsjLPTPhrLu0/OhOmvpdf/dcplb+N+X/TcupVD6VFk3rpc+IB+equO6SsrCKvvDEz/X/9UgaPfi1j+p+VPdrvsM2uBwAAAAAAAPhi2awAfM/ICdm/4075j9MPTa+rH8rbs+anQ5tmn9fa/um679M+2af9Nptvl9aN8/V9d638fFy3jrm8d7f0+PGwnHP9o9ljlx2yz1d2rPy9cYPtqoxPkpO+/tWsLSvPfY+/lhu//63s3LJR3pu7OL2veTh7dWiVJ+84Jw22r1M5/oTue+S873TOIRcMTK+rH8ofh1683s5hAAAAAAAAoBiq/Q7geQuXZ+QLf85Zx+6f4w/pmKYNt899o17d4Nj+D/0hXzn5v1P3kGuy60k/y3X3PpO1ZeWVv4999W85/N8Gpfm3rk+9r/8ke/b+ee4eMb7KHEuWr85Z/YanyRHXpcFh1+bYy4fm3TmL1jvXux8symnXPJwW37ohdQ+5Jnv2/nnuGTmhypg9e/88F986Knc88nLafeeWbHfoNely9i/z5jsfZsTzU/PV3ren3td/kr2/+4u8OGlG5XHn/3REWh/z0ypzDfjtK+n03TvS8PD/SpMjrsuhfQbm+YnTq3sb17N93doZeu3JqVWrRm4d9mK1jum6Z9skyTtzFiZJfvnouCxfuSb3XHlSlfi7Toc2zXLTv30rU6fPze/G/WWL1woAAAAAAAB8sVU7AN8/5o+pVbNGTv9Wp9QprZUzjtknQ8ZMzMdry6qMu37ws+k74MlceNIB+X+DLsw153wjPxv2Yv79F2OSJNNnL8jRl92fHZrUz1N3nJvXhlycc47fP/9266j89rk3Kue56Gcj8+izb+QXlx+XSQ9cktOP6pQf3j66yrkWLlmZQy64O5P+8n4evqF3pjx4aU4/qlPxKdWNAAAgAElEQVS+f8vI/PLRVyrH1a5VI6P/MC3zFy3Pm7+5PH/69Q8zc+6i9LzywTz05OS88H8uyKzHr0zDenVz1vXDN3oPfvXExPzgtsdzyhF7Zfzgi/L8/7kg7XdsmuP+fWhmfrB+nK6uHZrUz6Gd2ufZP/6tWuPffm9+kmTH5g2TJGNffTtfbts8e36p5UaP6XHYnikpKcnvx721xesEAAAAAAAAvtiqFYArKipy76gJOfWIvdKw3ic7TM//Tpd8uHBZRv9hWuW41WvW5r8ffCl9TuySy3p3y36775Szj90vN//bUVm+ck0qKirSsmn9TBz6gwzqe1L2/cqO6bjLDrm8d7fs0rpJfvfyJ3FyyfLVeWTsn3LWt/fNGcfsmw5tmqX3kXvne8fsW2Vdgx5/NbPnLcmv+/XKNzp/KV9u2zxXnvn19Dhsz9w09LlUVFRUGX/teUdk+7q106FNsxzRuUOmvTMvt192bJo3rpcmDbfLKUd8Le/OWZQFS1Zs8D4cc9BXMvFXP0jfs76ejrvskL13a53r+3wzK1Z9nBc+tXN4S7TfsUnmLVxeZad0RUVF1paVV/77aNHyPPjk5Nw5/OV8o/OX8qU2TZMks+ctSfsdm3zm/A22r5MWjetl1odLtmqdAAAAAAAAwBdXtd4BPPa1v+VvsxZk8NU9KwNlh52b5eC92uXeURNy0te/miR58515WbpidQ74atsqx//g5IMq/663XWnenjU/V9z5RP4y86OsXP1xKiqS+UtWZP7iFf8zz4cpKyvP/nu0qTLPwXu1q/J53JR306JJvSrvzU2SI7p0yG+feyNvz5qf3XZuniTZo/0OqVGjpHJMkwbbpWG9OmmzQ6Mq3yXJwiWr0rTh9uvdh8YNtsvQJybmop+NyqwPF2fNx2WpyCeRed3at9TK1WtTu1bN1PzUGl+a/E7qdLu6yrgaNUpy1rf3y88uPrryu9q1aubvWvcGVaQiNUpKNj0QAAAAAAAA+JdUrQA86H/eqdv9wnvW+62kpCTvfrAo7Vo1zqJlK5N88l7bjXlq/F/T48fD0vvIvTPilu+mReN6qVGjJIddNKhyzJLlq5MkjerVrXLsukC7zqJlqzJv4fJsd+g1Vb4vL/+khn4wf1llAK5buv6l1i3d8DrXRd2/d+09T+dnw15Mvwu+mR6H7ZmG9epkwZKV+dppP9/o9VbXW+/Oy84tG6XkU4F2n6/smLt/dGLl5/rblWbXnZqmtHbNKsfu3LJR/vreR585/9IVq/PRohVp26rRZ44DAAAAAAAA/nVtMgB/uHBZRr7w5/z4jO458et7VvmtrLw8R15yX+4f/Vr+6/wjKoPtR4uXb3S+oWP+mB1bNMwD/3VKldi5cOnKyr/r/U9AXrx8VZVjP1pUdd4mDbbLTi0a5qk7zt3gudq2arypy9ssQ8ZMzKlH7JUrz/x65XcLlqz8jCOq5y8zP8r4qe/l8t7dqnzfYPs62b/jTps8/qgDv5Jr73k6E/78XrrssfMGx4x4fmoqKiry7YM7bvV6AQAAAAAAgC+mTb4DePDoP6a8oiI/OOWg7N9xpyr/Dvjqzjmx+1czePRrKSsrzx7td0i97Urz3Gt/qzLHXcPH5dA+A7O2rDyLlq1K04bbVYm/o//wZuYtXF75GOPdd2mRkpKSvPbnWVXmGfvq21U+H/i1tvlgwbI0qFcnu+/SovJfk4bbpXnj7T9zJ/KWWLRsZZo1qvpo6MGjX0uS9d43XF2Ll63KWf2Gp8H2dXLxKQdt+oANOP87ndOs0fa54KePZeEGgvSM9xfmyl/+Pp33aJMjOn9pi84BAAAAAAAAfPF95g7gioqK3Pf4q/nG/l9Kq2YNNjjmtG91ygO/m5Tfv/KXfPvg3fPDUw/OT4c+n47tW+boA7+cN9/5MFff/VS+e1Sn1KpZI133bJvr7h2bEc9PzYF7ts3Y197O3SPG59B92uetmfMye96S7NSiYY49ePcMGTMx+3Vsk84d22TcGzMz8sU/Vzn3ucfvnzseeTk9f/xgbrn4qLRr3SR/njE3l90+Jru0bpzf/+KcbXenkhy4Z9s89vzUnPnt/dK04XYZ8n//mIVLVma7OrUz+S9zsmDJig2+O3idd+YsyvMTpydJlq9ckylvf5B7Rk7I/MUr8ut+vdJuC3cst2xaPw9d3zs9rxyWvb77i3z/pK7Zq0OrfLy2LBOmvpe7HxufVs0a5KHre6dmzU02fwAAAAAAAOBf1GcG4Gde/Vumz16Qn5z7jY2OWReHB418Nd8+ePdcd8ERqbd9ae4d9WpuGPxsdmzRIJeeelCuPufwJMnlvbtl+uwFueCmEVm7tjyH7/+l/ObG0/LHabNz9vXD0/XcAfnbb6/IfVf3yL/dOiqX9h+dioqKHNJpl/zq2lOy7xl35uO15UmSpg23z4t390nfAb9Pjx8/mKUrVqd18wY56etfzXXnf3Mb3qZP3P3jE9PnpsfS/cKBqb9dnZx+VKcM+M/vpHXzBvn5w/8vy1etyaM3nb7R43/1xMT86omJSZLatWpm55aNcsxBX8kPex1c+a7iLfWNzl/KpAcuyR2/eTkP/G5i3pu7OKW1a2bXnZrmx2d+Pf/W48DU3750q84BAAAAAAAAfLGVVGzps4sBAAAAAAAA2OaWLFmSJJk8eXK1j+nUqVOSTewA7nff2Fx379itWBpfRD/6Xvf89KJv/bOXAQAAAAAAAGxjdgADAAAAAAAAfIFszQ7gGp/LigAAAAAAAAD4hxOAAQAAAAAAAApCAAYAAAAAAAAoCAEYAAAAAAAAoCAEYAAAAAAAAICCEIABAAAAAAAACkIABgAAAAAAACgIARgAAAAAAACgIARgAAAAAAAAgIIQgAEAAAAAAAAKQgAGAAAAAAAAKAgBGAAAAAAAAKAgBGAAAAAAAACAghCAAQAAAAAAAApCAAYAAAAAAAAoCAEYAAAAAAAAoCAEYAAAAAAAAICCEIABAAAAAAAACkIABgAAAAAAACgIARgAAAAAAACgIARgAAAAAAAAgIIQgAEAAAAAAAAKQgAGAAAAAAAAKAgBGAAAAAAAAKAgBGAAAAAAAACAghCAAQAAAAAAAApCAAYAAAAAAAAoCAEYAAAAAAAAoCAEYAAAAAAAAICCEIABAAAAAAAACkIABgAAAAAAACgIARgAAAAAAACgIARgAAAAAAAAgIIQgAEAAAAAAAAKQgAGAAAAAAAAKAgBGAAAAAAAAKAgBGAAAAAAAACAghCAAQAAAAAAAApCAAYAAAAAAAAoCAEYAAAAAAAAoCAEYAAAAAAAAICCEIABAAAAAAAACkIABgAAAAAAACgIARgAAAAAAACgIARgAAAAAAAAgIIQgAEAAAAAAAAKQgAGAAAAAAAAKAgBGAAAAAAAAKAgBGAAAAAAAACAghCAAQAAAAAAAApCAAYAAAAAAAAoCAEYAAAAAAAAoCAEYAAAAAAAAICCEIABAAAAAAAACkIABgAAAAAAACgIARgAAAAAAACgIARgAAAAAAAAgIIQgAEAAAAAAAAKQgAGAAAAAAAAKAgBGAAAAAAAAKAgBGAAAAAAAACAghCAAQAAAAAAAApCAAYAAAAAAAAoCAEYAAAAAAAAoCAEYAAAAAAAAICCEIABAAAAAAAACkIABgAAAAAAACgIARgAAAAAAACgIARgAAAAAAAAgIIQgAEAAAAAAAAKQgAGAAAAAAAAKAgBGAAAAAAAAKAgBGAAAAAAAACAghCAAQAAAAAAAApCAAYAAAAAAAAoCAEYAAAAAAAAoCAEYAAAAAAAAICCEIABAAAAAAAACkIABgAAAAAAACgIARgAAAAAAACgIARgAAAAAAAAgIIQgAEAAAAAAAAKQgAGAAAAAAAAKAgBGAAAAAAAAKAgBGAAAAAAAACAghCAAQAAAAAAAApCAAYAAAAAAAAoCAEYAAAAAAAAoCAEYAAAAAAAAICCEIABAAAAAAAACkIABgAAAAAAACgIARgAAAAAAACgIARgAAAAAAAAgIIQgAEAAAAAAAAKQgAGAAAAAAAAKAgBGAAAAAAAAKAgBGAAAAAAAACAghCAAQAAAAAAAApCAAYAAAAAAAAoCAEYAAAAAAAAoCAEYAAAAAAAAICCEIABAAAAAAAACkIABgAAAAAAACgIARgAAAAAAACgIARgAAAAAAAAgIIQgAEAAAAAAAAKQgAGAAAAAAAAKAgBGAAAAAAAAKAgBGAAAAAAAACAghCAAQAAAAAAAApCAAYAAAAAAAAoCAEYAAAAAAAAoCAEYAAAAAAAAICCEIABAAAAAAAACkIABgAAAAAAACgIARgAAAAAAACgIARgAAAAAAAAgIIQgAEAAAAAAAAKQgAGAAAAAAAAKAgBGAAAAAAAAKAgBGAAAAAAAACAghCAAQAAAAAAAAri/2Pv3uOrrO5E/3+DXGRIwmWmIhCVWgTRUlEUtJ0K1lu9FNGjrYw64q211XbAS39Opwpia6fVCnPUqTOgor9arLaIWmyxWC7nVASBYqlAEBElCcK0ELJJwz3nj5gtmwQSJBJYfb//gb33s5+99rPz0pBP1loCMAAAAAAAAEAiBGAAAAAAAACARAjAAAAAAAAAAIkQgAEAAAAAAAASIQADAAAAAAAAJEIABgAAAAAAAEiEAAwAAAAAAACQCAEYAAAAAAAAIBECMAAAAAAAAEAiBGAAAAAAAACARAjAAAAAAAAAAIkQgAEAAAAAAAASIQADAAAAAAAAJEIABgAAAAAAAEiEAAwAAAAAAACQCAEYAAAAAAAAIBECMAAAAAAAAEAiBGAAAAAAAACARAjAAAAAAAAAAIkQgAEAAAAAAAASIQADAAAAAAAAJEIABgAAAAAAAEiEAAwAAAAAAACQCAEYAAAAAAAAIBECMAAAAAAAAEAiBGAAAAAAAACARAjAAAAAAAAAAIkQgAEAAAAAAAASIQADAAAAAAAAJEIABgAAAAAAAEiEAAwAAAAAAACQCAEYAAAAAAAAIBECMAAAAAAAAEAiBGAAAAAAAACARAjAAAAAAAAAAIkQgAEAAAAAAAASIQADAAAAAAAAJEIABgAAAAAAAEiEAAwAAAAAAACQCAEYAAAAAAAAIBECMAAAAAAAAEAiBGAAAAAAAACARAjAAAAAAAAAAIkQgAEAAAAAAAASIQADAAAAAAAAJEIABgAAAAAAAEiEAAwAAAAAAACQCAEYAAAAAAAAIBECMAAAAAAAAEAiBGAAAAAAAACARAjAAAAAAAAAAIkQgAEAAAAAAAASIQADAAAAAAAAJEIABgAAAAAAAEiEAAwAAAAAAACQCAEYAAAAAAAAIBECMAAAAAAAAEAiBGAAAAAAAACARAjAAAAAAAAAAIkQgAEAAAAAAAASIQADAAAAAAAAJEIABgAAAAAAAEiEAAwAAAAAAACQCAEYAAAAAAAAIBECMAAAAAAAAEAiBGAAAAAAAACARAjAAAAAAAAAAIkQgAEAAAAAAAASIQADAAAAAAAAJEIABgAAAAAAAEiEAAwAAAAAAACQCAEYAAAAAAAAIBECMAAAAAAAAEAiBGAAAAAAAACARAjAAAAAAAAAAIkQgAEAAAAAAAASIQADAAAAAAAAJEIABgAAAAAAAEiEAAwAAAAAAACQCAEYAAAAAAAAIBECMAAAAAAAAEAiBGAAAAAAAACARAjAAAAAAAAAAIkQgAEAAAAAAAASIQADAAAAAAAAJEIABgAAAAAAAEiEAAwAAAAAAACQCAEYAAAAAAAAIBECMAAAAAAAAEAiBGAAAAAAAACARAjAAAAAAAAAAIkQgAEAAAAAAAASIQADAAAAAAAAJEIABgAAAAAAAEiEAAwAAAAAAACQCAEYAAAAAAAAIBECMAAAAAAAAEAiBGAAAAAAAACARAjAAAAAAAAAAIkQgAEAAAAAAAASIQADAAAAAAAAJEIABgAAAAAAAEiEAAwAAAAAAACQCAEYAAAAAAAAIBECMAAAAAAAAEAiBGAAAAAAAACARAjAAAAAAAAAAIkQgAEAAAAAAAASIQADAAAAAAAAJEIABgAAAAAAAEiEAAwAAAAAAACQCAEYAAAAAAAAIBECMAAAAAAAAEAiBGAAAAAAAACARAjAAAAAAAAAAIkQgAEAAAAAAAASIQADAAAAAAAAJEIABgAAAAAAAEiEAAwAAAAAAACQCAEYAAAAAAAAIBECMAAAAAAAAEAiBGAAAAAAAACARAjAAAAAAAAAAIkQgAEAAAAAAAASIQADAAAAAAAAJEIABgAAAAAAAEiEAAwAAAAAAACQCAEYAAAAAAAAIBECMAAAAAAAAEAiBGAAAAAAAACARAjAAAAAAAAAAIkQgAEAAAAAAAASIQADAAAAAAAAJEIABgAAAAAAAEiEAAwAAAAAAACQCAEYAAAAAAAAIBECMAAAAAAAAEAiBGAAAAAAAACARAjAAAAAAAAAAInIq66urm7uQQAAAAAAAABQo6Ki4iM/1wxgAAAAAAAAgEQIwAAAAAAAAACJEIABAAAAAAAAEiEAAwAAAAAAACRCAAYAAAAAAABIhAAMAAAAAAAAkAgBGAAAAAAAACARAjAAAAAAAABAIgRgAAAAAAAAgEQIwAAAAAAAAACJEIABAAAAAAAAEiEAAwAAAAAAACRCAAYAAAAAAABIhAAMAAAAAAAAkAgBGAAAAAAAACARAjAAAAAAAABAIgRgAAAAAAAAgEQIwAAAAAAAAACJEIABAAAAAAAAEiEAAwAAAAAAACRCAAYAAAAAAABIhAAMAAAAAAAAkAgBGAAAAAAAACARAjAAAAAAAABAIgRgAAAAAAAAgEQIwAAAAAAAAACJEIABAAAAAAAAEiEAAwAAAAAAACRCAAYAAAAAAABIhAAMAAAAAAAAkAgBGAAAAAAAACARAjAAAAAAAABAIgRgAAAAAAAAgEQIwAAAAAAAAACJEIABAAAAAAAAEiEAAwAAAAAAACRCAAYAAAAAAABIhAAMAAAAAAAAkAgBGAAAAAAAACARAjAAAAAAAABAIgRgAAAAAAAAgEQIwAAAAAAAAACJEIABAAAAAAAAEiEAAwAAAAAAACRCAAYAAAAAAABIhAAMAAAAAAAAkAgBGAAAAAAAACARAjAAAAAAAABAIgRgAAAAAAAAgEQIwAAAAAAAAACJEIABAAAAAAAAEiEAAwAAAAAAACRCAAYAAAAAAABIhAAMAAAAAAAAkAgBGAAAAAAAACARAjAAAAAAAABAIgRgAAAAAAAAgEQIwAAAAAAAAACJEIABAAAAAAAAEiEAAwAAAAAAACRCAAYAAAAAAABIhAAMAAAAAAAAkAgBGAAAAAAAACARAjAAAAAAAABAIgRgAAAAAAAAgEQIwAAAAAAAAACJEIABAAAAAAAAEiEAAwAAAAAAACRCAAYAAAAAAABIhAAMAAAAAAAAkAgBGAAAAAAAACARAjAAAAAAAABAIgRgAAAAAAAAgEQIwAAAAAAAAACJEIABAAAAAAAAEiEAAwAAAAAAACRCAAYAAAAAAABIhAAMAAAAAAAAkAgBGAAAAAAAACARAjAAAAAAAABAIgRgAAAAAAAAgEQIwAAAAAAAAACJEIABAAAAAAAAEiEAAwAAAAAAACRCAAYAAAAAAABIhAAMAAAAAAAAkAgBGAAAAAAAACARAjAAAAAAAABAIgRgAAAAAAAAgEQIwAAAAAAAAACJEIABAAAAAAAAEiEAAwAAAAAAACRCAAYAAAAAAABIhAAMAAAAAAAAkAgBGAAAAAAAACARAjAAAAAAAABAIgRgAAAAAAAAgEQIwAAAAAAAAACJEIABAAAAAAAAEiEAAwAAAAAAACRCAAYAAAAAAABIhAAMAAAAAAAAkAgBGAAAAAAAACARAjAAAAAAAABAIgRgAAAAAAAAgEQIwAAAAAAAAACJEIABAAAAAAAAEiEAAwAAAAAAACRCAAYAAAAAAABIhAAMAAAAAAAAkAgBGAAAAAAAACARAjAAAAAAAABAIgRgAAAAAAAAgEQIwAAAAAAAAACJEIABAAAAAAAAEiEAAwAAAAAAACRCAAYAAAAAAABIhAAMAAAAAAAAkAgBGAAAAAAAACARAjAAAAAAAABAIgRgAAAAAAAAgEQIwAAAAAAAAACJEIABAAAAAAAAEiEAAwAAAAAAACRCAAYAAAAAAABIhAAMAAAAAAAAkAgBGAAAAAAAACARAjAAAAAAAABAIgRgAAAAAAAAgEQIwAAAAAAAAACJEIABAAAAAAAAEiEAAwAAAAAAACRCAAYAAAAAAABIhAAMAAAAAAAAkAgBGAAAAAAAACARAjAAAAAAAABAIgRgAAAAAAAAgEQIwAAAAAAAAACJEIABAAAAAAAAEiEAAwAAAAAAACRCAAYAAAAAAABIhAAMAAAAAAAAkAgBGAAAAAAAACARAjAAAAAAAABAIgRgAAAAAAAAgEQIwAAAAAAAAACJEIABAAAAAAAAEiEAAwAAAAAAACRCAAYAAAAAAABIRMt3Vq1u7jEAAAAAAAAA8IG/b9/uIz83r7q6uroJxwIAAAAAAADAPqioqPjIz7UENAAAAAAAAEAiBGAAAAAAAACARAjAAAAAAAAAAIkQgAEAAAAAAAASIQADAAAAAAAAJEIABgAAAAAAAEiEAAwAAAAAAACQCAEYAAAAAAAAIBECMAAAAAAAAEAiBGAAAAAAAACARAjAAAAAAAAAAIkQgAEAAAAAAAASIQADAAAAAAAAJEIABgAAAAAAAEiEAAwAAAAAAACQCAEYAAAAAAAAIBECMAAAAAAAAEAiBGAAAAAAAACARAjAAAAAAAAAAIkQgAEAAAAAAAASIQADAAAAAAAAJEIABgAAAAAAAEiEAAwAAAAAAACQCAEYAAAAAAAAIBECMAAAAAAAAEAiBGAAAAAAAACARAjAAAAAAAAAAIkQgAEAAAAAAAASIQADAAAAAAAAJEIABgAAAAAAAEiEAAwAAAAAAACQiJbNPQD+Nq0sWxcz//B2rFy9LhYuK43yTFWUZ6qiOiI65LeN8o1VkRcRHQraRoeCttG3Z7foe0y3OOGYrtG9a6dmHj1A421esiT+fO+9DR5XcPHFUXjJJfthRMBHcexp9+zT87t1aR/dunSoOdcxh0fvnp3jzM/3isKCQ5tieEACNs+dHdtKSmJb6arYsuTN2FFRUeeYFoWF0br38dnbrXsfHy27FUWrne470GwvWRUbn3t2r55zaP9To82Az35MIwIAAEhfXnV1dXVzD4K/DQuXlcYTU16P6fOXR/cunWLQSZ+Kvj27RfcunfYYdVeWrcuG4hkL3o7yTFWc2KtbXH3BKdG3Z7f9+A4AGu/P3/9+bF66NLaWlsa20tI9HlswZEh84t/+LVoUFu6n0QF7a18D8O6ceXqv+M7wc7JxGPjbsb1kVfz1lamxac7s2DRndlRn6gbfvdGq93HRstsR0br38fF3Z517wEThzXNejTVXfXmvntP+5hHR/lu3fkwjAprTxg3/E/ntP9HcwwAAOChU1POLwY1lBjAfuyemvB5jJs6Mvsd0i2EXnhJjRgzZ4/Ez5i+PmX94O0Zef26UZ6ri3ffXx6B+PWJQvx4xfOjA7DFjJ86KlavXxTVf6h9XX3DK/ngrAI2yecmSKH/yyZz7WnbtGoWXXBJVc+ZE1euv5zyWf/bZ4i/8jXplVnG8Mqs47v3u4LjkghOaezjAflA1bWpsnPRMVE2b2qTn3bpkcWxdsrjmvNXV0X6nALzmysuiwzdHmFULNDsBGABg/7AHMB+bu8dPjb5X3h/V1dWx8Ke3xYSRQ2NQvx6xcNmeZ8KNGjc1Ro2bGuWZqhj79MwY9PWHY8b85TnHDOrXIyaMHBqT77s23in7Swy68eG4e3zT/gAF4KOqb8nGbWVlsSOTic1Ll9Z5bPOSJftjWMAB7DvfeyHuHeN7GUhZ5aRno/SMU+N/vnFdk8ffhmyeOzvWXPXlWHPlZbF5zqv79bUBAADY/wRgmtyM+cuj75X3R/t2h8bCn94Wwy7sHxERo8b9JvIG3BInXvXjOPHK+2Nl2bp6nz/zD29HRM2S0RN+9XqdxxcuK427x0+Nu8fXROJRN3wxZjxyU7Rvd2j0vfL+OrEYoDm0PeWU6HTzzdHp5pujRX5+RESUP/FE7MhkmnlkwIHqyWfmxpwF7zb3MIAmtnXJm7HmysviL3eMiO2lJc06FiEYAADgb4MATJMpz1TFNaMnxoRfvR4zfnJTdrnmiJoofPf4l+O5H10T7zz33VifqYrhYybXOUdtvB15/TkxfMzk6FDQts7jJ17143huxqJ4bsaiOPGq+7MziocPHRgzfnJTjH16VowYMznKM1Uf47sF2L1W3bpFh2HDomru3KiaOzdatG+/x+Or5szZTyMDDnQ/GGsWMKRk/fdHxeqLzo3Nc2c391ByCMHAgWTL5srmHgIAQHLsAUyTWLisNIY/MDmGDz09hgzsE+WZqpi54O0YeNKnIiJixoLl0b1LxxgysE9ERAy78JS4e/zLdc4zY8HyOOGYrtG9S6d4462yePzOy2P4A5NjxoLlMahfjxj79Kw46vCOsfCnt0VERN8r74+xE2fFhJFDIyKiQ0HbmHzftTHhV3NjyO2PxdhbhkTfnt32z0UA+EDLoqKIiKiaO7eZRwLsT716dI7CgkNz7luy7P3YWLm50edY+taaKF1dHt26dGjq4QH70faSVbH2puti65LFzT2UPaoJwbOjTf/T4h/+/YE4pOiI5h4SkLh1a1fG4Ucel739/nuLc26nrHJVWVSWrs7e7tC7Z7RuX7DP5y2ZOj3WL1mWvX3YgH7R+bSTG/XcLRsysbUiE+2O6FrvY2vnzI/KkrLoeFyvOOzUfo065/o3i6Pj8b0aN/gPrJk9r9Fj3nl8Jb+dEWtnz4stFZnoeHyvvXrvDY0nLy8vIiLadetS7/XZG5WrymL9ktl1fakAACAASURBVGWxfnFxbNmQidbtC6JdUdc4+tIvNer5u7umWzZkovyD83Y8rlejvqbWv1kclaWrY/3i4pq/l5TFeb9+utHvZcuGTLzzyxdj1dTpcdbPxzX6eQDsfwIw+6w2/k64a2h079opJs9cFNeMnhjlGzfFsAtOicfvGhrdu3SKlavXx8JlpdG3Z7dYuKwsLjr903XO1SG/bQy74JTo27NbHHV4TTDeeRno8kxVDDqpR85zyjd+ONN38sxF0b1Lpxh2Yf/o27NbDH9gsggMNIuWRUXR/ZVXYmtpaay5447YVla222OrXq+73D1w8PnOiHNjwElH1bm/IrMpnvj5nHj40VmNOs+SZWsEYDiIbV3yZrx/5WVRnalo7qE02ua5s6P0C6dFu0suiw433yIEAx+LjRv+Jzod1j3n9u5m/9be37pNu/0yto9L5aqyWPrYz6Lk5elRWVL334SHnXpyHH3Z4EaHwFprZs+Ld37xYqx6eXpsrai7zVC7oq5x6v1314mhlavKYs2c+bF29ryaALi4ONoVdY3zXno6WrcvyEbVkqnTo+Tl6TnPbVVYEMded0X0Gf61Oq+3ZUMmih//Wax49oWoLCmLk+66LY697opGv59XLr8hImri9VnPjN/jsSuefSFKXp5RZ3y1t3f33vek9n2vePaFWPvavDqPdzyuV/S67oq9+pxqz1n86FOxfnFxvcfMv/u+eq/pmtnzYu2c+TV/fjCeM58el31PJVOnx4pfvFjnGkREHH3p4DjprtvqDcFrZs/LXuu9Vfs1t+IXL2TvW/HsC3H0ZYM/0vmgMarX/T7y2h4R0fbI5h4KHJTyqqurq5t7EBy8Js9cFGMnzorJ910bHQraxoz5y+OMb/xnjBl+UZRvrIq7x78c66d9PzoUtI1BNz6c3d/3qMM7xuT7rm10mF1Zti4bly/+9uMxdsSQKN9YFaPGTY3nfnRNDBnYJxYuK40zvv5wlG/cFI/feXkMu7B/lGeqYsjtj2VnJgM0h+W9Gv7t5x7F9f+DEDgwHHvaPQ0e88TD/1xvAM4+/vSc+MF/1F0BZVc3XXd6fPP6gQ0eV6sisymWLl8TERFLl70fGzKbsjMW+n8wnv4n7n5c+2rJsvcj88Es57kf7GG8P173QFf7uSxd9n5UbKw7C7z/SUdFQbs20bvn4c0wOj4um+e8Gmu/cX2zx9/2N4+I9t+6NXv7vZ5Fe/X8pgzBm+e8Gmuu+vJePWfX8QNpeP+9xdGp81HZqPu7SffHFy65LeeYLZsrs7OCD+b4u2VDJhaMvj9WTf1dHH3p4Oh82snRqrAgG1Z3ngkcURMt+911WxSde8Yez7tm9rxYNPa/ovOp/eLoS2vC25rX5sXSR5+K8p1mAdfaNQauePaFeO22kXWO63XtFbG1IhOrXp4e7bp1iYio93y15zz1x3dnb5dMnR6zvnpLneMu+r9TGj1z9mdHnRgRew7Aa2bPiwWj74/DBvTLXqf1i4uj+NGn6lzP2nHuLoTubMWzL8Sisf+VnT3crqjrbs+7pwi+s5Kp02P2bSOj84B+0euDEL61IlMTr387o87xHY/rFafef3d2lu9LX/xKnevfrqhr9BlxYywa80hEdXV2nFszG+ucr11R1zj9vx+od9bw0kefigWj78+575/e/cMe30/Eh5/Rrq9z0e+nNPhc+CiqSyZGRERe0dBmHgk0r4qKj/5vSzOA+cgWLivNib8REYP69YiLTv90/MfPa2a4nHBM1+xjMx65KRYuK43yTFX07dkte//MBW9HeaYqFr5Vs5dvbeyNqJkR3Ldnt+xS0kMG9onH77w8Oyt4zPCLsktOXzN6YhzVpVOMvOCUuOaep6N7l04xqF+PmHzftTHk9seie5dOZgIDB6zNS5ZEm969m3sYwMfo6ssHNCoAN6R0dXm8Mqs45ix4N+YuWBmZeuJiffqfdFRcfMEJcebne9VZqnpvVGQ2xeSX3ohps4pr4m8Dr3/sMZ3jkgtOiCHnn7Db112y7P24+OrGLSH33BM35ETTB8fPbHB2dWOjelOca9KUN+KVWcXxyqzG/2JP/5OOirNO7xVnnt7L7O+D2NYlbx4Q8bcpVE56NionPWtGMNDkaqPuwt//Io485pScx95/r2bZ/F3vP9isf7M4pl1+Q7Tr1iUu+v1LOQGy82knR58RN0bxY0/F0kefysa7LRv2/P+OylVlMfu2kbH2tXlx6v1358y6PPqIwXH0ZYNj6aNPxaIxj+QEwVVTfxe9rv2naN2+JgQefdng2FKRqRMAix97KloV5Mfp48ZkZ5lWriqLpY8+FcWP/yzn2NoZoLURuOjcM+KT/+tL8c4vX8w57o9jHonTHhjd8AXbSX2zdmvf+/o3l8ZZPx+fEzU7n3ZyHHvdFbHi2Rdi/t335bz3NbNfj8qSsux739WWDZmY9dVbGjzvojGPZEPw1opMbCnf/We1ZUMmXrttZJS8PD36DP9a9BlxY87jReeeEevfLI7Zt96VE3hrZ2PXjuGsn4+P5z93fs77qSwpi9duvavO7Or63ntlSVnM+uot2ZndOzv60sF1Pv+PqrKkLEqmTm/wFxdgb+1Yfl9U//W9OOQzDzb3UOCgJgDzkdQu+zz5vmsjIuKa0RNjzIgh0aGgbc1S0BfdEx0L22b36q3Vt2e3KM9UxfOz/hR/KK6NwV2jb89ucWa/Y2J7dXXESTXHHpKXF9t27Ig/FJfEmIkzo0N+2zjj5B4xZGCfGHZh/5zzDrn9sXinbF3MeOSm6NuzW4waNzW7b3DtvsD2BAYOZDv24be5gINHQX6bBoNpYf7u4+xFV/13FH8w23dvzV3wbsxd8G4U5LeJH3z3ojhr4N7tzVaR2RQ/+I+XY9rMpY2OzhE1+xrfO/bl+O3M4vj///Of6z3vzXc806hz/eu/nHPAzphdsuz9uPmOZ6J09Ya9fm7tZ7O7a8SB72Bc9rkxhGCgKeW3/0RE1ITe5YtmxqU3fviD/cXzXooefQYe1LN+I3Jn2A6sJ75FRLRuXxB9RtwYR186OGbfeldsqcjEwHFjdjtbds3seTHrq7fE1opM9Bn+td0uuXvsdVfEEeecEbNvvSvWzpkfhw3oF6ePG1NvANw1FEdE9Bt5e06AbXdE1+g36vboeHyvOrOGV/zihfjkpV/KHn/aA6OjsqQs1s6Znz3mnV++GJ8ZceNe7Z/b8bjc709rY/rWikycdNdtu91b+OjLBkfROWfErBtGxNo586Po7EFx6o9H73b2787n3Xnm7e7OWxvsT/vx6N3Gzi0bMvHK5TfE+sXFcdiAfnXib/Y9Ht8rzv/Nz2P+qPui+PGfRbtuXeL0cWNyxtC6fUEcfengOvG96OxBdZbWrh3jtK9cnxOVK0vKYv7d99WJ8Puy73Srgvw6XzdLH/uZAEyT2v7Hb0VEtfgLTUAAZq+VZ6pi2OiJMeMnN0WHgraxcFlpPDdjUcxYsDye+1HNss4TRg6Ni7/9eEyeuSi79HJ5pir+4+ez4g/FpTHswlPijH49YsaC5fHElNdjxNjnd/t6fY/pGoP69YhBJ/WI6qiOYaMnxom9usW/fOX06FDQNlaWratZ/vnkHtEhv22MnTgzNlRuytkruDZMD/n2Y9lxAxxIKqdNi7YDBjT3MICPUenq8kaF0/57WEb6o8bfnWU2bo6b73gmLr7ghPjBdxu3Z9e0mcXxr997fq/C764K8tvUe/8d9zzfqGj6hc/3jKsvPzD/Ozlpyhvxg7FT9+n6ROz5s+fAtaNiQ6z9xnXJxd+dCcGk6nvf+15224TCwsL45je/2cwjSlt++0/Els2V8fuXHokjj6kJh1s2V8bieb+O404+76CPvyVTp2dD6Sf/15caDJ/tjuja4H63698szu7Z2qogP3pdu+d9dWvPuae9WVu3L4iOx/XKibUREUXn1B/xdjdreNHY/8oJxqf9eHQ8/48X5Byz9NGnot+o2/c45vVv1qya0q5bl5yQuHOkbVWQ3+Cewq3bF8RZz4xvcEZq5aqynPM2tIdtbbDfXdCttXOAbejYiIh+o2qC+2GnnlxvlO182sl1A/Bu3lfr9gUxcNyYeOm8r+QE2nd++WL0G3n7PkXfnfUZcWOsnT0vZxnrta/NizWz5+3VnsukpXrdqxERkdeyMKLw0x/9RNs2xPb5V0dEdRwyYPetAGg8AZi9ds09E2PsB7N9Z8yvmWW78Ke3xZBvPxZnfP3hmP6Tm2LIwD7x3I+uyUbYJ6a8HtPnLY9LzzwhIiJGjJkcK1evb9TrLXyrLBa+VRZjn54V3bt0jGEX9o9+xx4Rw0ZPjDP69Yh/ufz0WPjT22LY6InxyYu/FxERV59/SgzqV/PaE341N1auXhejbvhijB0xJK65Z2I896NrP4YrA1BXxaRJjTqu/Mkno+CSSywDDQn71++90OAxXQ9vv99muD435Y0oaNcmvjPi3D0ed++YqfHkM3P3+fXqe19PPD0nfvd/6t9fbmddD28f/37nRfs8ho/DkmXvN0n85eD1lztuie2lJc09jP2ictKz8dffTo3CYddHwdXXRYvC9s09JPjIHnzwwbj33u9HRE38nTp137dpoGH/d8pPYmPF/0SPPjXbKby3bF70/dylzTyqfbdlQyZm7zRL9ogmmhE5+9a7sn/vvJtQWJ+GouauAbhVQf4ez33sdVfU2RN37Wvzco5pd0TX6DP8a7Fo7H9l71vxyxejz4gb93ju9YtrAvCuAXr2rXfF1opMvY/tSUOzUXc+b+dTmyZaLhrzSDb+tuvWpdExdE9jbVVY95q1K9r9LxW0O6JrHHvdFTnXPyKi5OXpDX49NGTN7JrPuvOpJ8cR55wRa16blxOaix99SgD+W1H1XuxY85uoXvNSVFetiqhaVe9heZ0+G3mdz48WnT7buCi8bUNse+3iiKiOlqdObtoxw98wAZi9MnbizDjhgxm5E341N6655+l4/M7LY9iF/WPGT26K7hfdE2MnzooJI4dm9+YddvfEGNTvU3Fir25x1cifRvnGTVFYvTX+bdt7sSQvPya17LzH1xywvTwi8qK0RetYuTpi1Lip0SH/0Bh1wxejuro6htz+WEy4a2h2j+GID5eaHjFmckyYUrNf8KCTetTsCTzzTzHhV3PrLCMN0BSq5syJikmTotURR0TVnDlRNbf+aNIiPz92bMxdOmnVkCHRtn//aFFYGIUXXxztzjprfwwZ+BiVri6PuX94Nx4aP7NRs1yv/sr+neH65DNz48yBx8aA3cw8nTTljSaJv/VZsuz9eOjRmY069uEffnmf9i3+ON1xzwtNFn97H3NgLm/N7mUmjIuqaVOb7Hxtzzwn/u7sL0bLbkXRqvfx9QbWHRUbYuuSNyMiYtOc2bFlyZuxrbQkti5d3GTj2JPqTEVsePCBqJgwXgjmoFVeXl4n/p5wwgnNPKr0LV80M1Ytnx/tCv8hOh3WPTZu+DAEH+wWjXkkGxUjIg5rgrC44tkXcpb03d0yxR/FrkF216WX69PruivqzAKuXFWWM9O517VX5OxtvLUiE8WPPbXHGbG1cXHXfW13fu/5e7GM9J6UTJ2eE76b4ppu2ZCJpY99OFO3KT773WldTxTe2dGXDq4TgCtLyprktVsV5GevV58RN+Z8LZT8dkadrwXSUr3u97Hjrfuys30bPv7VqF73auyImhjcovvXIq/zefUfXPGn2Lbg6oiWhTXxt6XvK6GpCMA0WnmmKiZMeT27r++wC/vHjPlvxzX3PB0zF7wdV19wSuTlRfTtWfM/+5Vl62LUuKlxyz8NjH954LmYseDtiIgorN4aTx/6ThyX3yJaFEQ8kFkeD6xpFf+75Yc/eCyqrop7jm4ZvStWR8/B50brnsfE2pF3x9i/dooJh3SN8o0Rw8dMjkEnfSpGf+28Ovv7LlxWGteMnhgL3yqLq88/Jfr27BrDRk+Mlc/fGaNuODcGff3hGDKwj6WggSZXu4xz+RNP1Im/Lbt2jbb9+8fff7C03F8efDAqp03LCcHbKyqiw9VXi79wELr6pif36fkfdYnjXj0614mjFZlNjV4u+uFHZ8aAk+ruOztnwbvxnUbMWm6sbl065IzvX7/XuHB603WnH9D7/jbmOvfq0TkGnHRUFHzwOWUym2LJW2tiybL3Y2Plh9eg4ACN3NRve8mqKH9wzD6f55Cu3aLDt26Ntmed26iQ2qKwfbQZ8NmIiOyfETVhePOc2bFpzuxouR+WaBaCOZg99NBDsWHDBvF3P9qyuTJe/13N90rHnVwTAWr3BE7Bil/kfs/UFEvulkydvs/naEr1ReJdg1/r9gV1ZqEufexn0evaK3Z7Tda+Ni8OG9Av51wf13tf8Wzu59QUsbbk5ek58X/XPXKbUkPBur4A2xTvce1r83JmSx973RV1YvofxzxSZ79hElD1Xmz/47caHX7rU73u1di+7tWIgk9Hy8/879wZwRV/im1zhkREdbQ86QnxF5qYAEyjDX9gcowdMSTnvgkjh0bfnl1jxNjnY8KU1+Pq80+J4UMHxsJlpTH8gclxz9fOi4E3PhTlGzdFxIfx99Nd2seW4mXRoiATOzIb4/87uV8cvawk7trUOSryWsXkT1bFY6sjHqksjMLx/yd6V/8miqr/LkryDo1h28ticV5+TDvk72PGgrdj8K3j44X7r68Z3wcRePgDk2Pl6nXx+J2XxzX3PB2jbvhudi/iDgVtY+yIITH8gckxYeTQ/X4dgTTsqKiI8iefjIpJk6JN797Rtn//yD/zzGhZVBRtBwzIhuCqOXMiIqJN797RorAw5xydf/jDiIjYVlISW0tL6xyTee65+MuDD0ZERP5ZZ0Xb/v2FYUjUFz7fs9FLHHc9vH2cdXqvPc7cjaiJrPeOnRqTX/rjHs83d8G7Ubq6PCfQRtQs/dxY+e3axFkDe8VZpx+bjZilq8tj6bL3Y9qs4ih7f0PO+e8dOzWWvtVwOD3lxKPim9cfuDODps0qbvCYh/79y3HWwN3/sG7JsvfjuSlvxKQpb0RRFz/wOJisu3fUPu37m5dfUBNOh13fJOG0RWH7aHv2F6Pt2V/c53PtDSGYg015eXnMmjUr/vEfPx9XXXWV+LufLF80M7Zs/mt0/MSRcdzJ5zf3cJrUmtm5y+EeNqBfk5x3531WI2pC6prX5kfH43rlxNRdlzFe89q8WP9mcRx96ZcaXA55b+w6+7To7EH1Hrc3s4DXv1kclaWr6zy263tf8YsXY/3iZTkBtONxveqMaWNJWaydPS8OO7Vfvcser9ll2eqmsGusLnl5evz6vMtzrn27oq6Rv9PyzVsqMrF+cXFUriqL6urqJgunWzZkcm63Kshv1Ozuhqx/s7hOfO438vb49fmXZ2+/88sX4zMjbjQLOCHVa16K7X/8VsS2Xb7fbVkQeZ0+F3l//7nI+yDm5nX6XM1jVe9FddWqqP7L72PHml9HZN788HmZmtjb4phvR4vuX43qkomxfcmdEVEdLQc8v2/7BwP1EoBplJVl62Ll6nXZpZ9HjJkcQwb2icfvGhrDhw6MQf16RHmmKvvnqHFT456vnReDbxufjb8DtpfHD7cti16fOzUqp8+MFgX5kX/WmbHtz3+JQzp2iMHFxdFm24b4eqvjozKvZZyTXxUtN26K3tUb4+wd62JOXvsoyqs5153b3o721Vvjly0Pj/KNm2LwbbkReMJdQ6PvlfdHeaYqpv/nN6J7104RUTOLuXaco8ZNjZVl67KPATTWuoceivIJE2JHpuYfV9tKS6Ny2rT48733Rtv+/XNm8NaG4D1pWVQULYuKIiI3LG8rLc0eU/7EE1H+xBPRoqAgCi+5JDr88z9nnwMcvLoe3j6+M/zcPQbCnd373cFxyQWN+0F1YcGh8e93XhTdunSIhx+dtcdjp80szpl9PGnKG42eQTzk/M/Ed4afW88SzUdFXHBCfGfEuTFpyhtRmN8m+1oNRemImqj88A+/3KgxHKgK8ts0+Nn27nl49O55eNx8/cADdplr6tq65M19Wvq51bHHxT/8cEy06n18E45q99rfPCIqJoyP6o2Zhg/+iFIJwbNmzYq8vLx4991346ijan7J5sgjj8z+nYa98cYbUVFREeXl5RER0aFDhwPqGnbo0CFeftl+v/tb6zbtolXrtvGFS27bp/OsW7syWrdpd0DNHt51L9yPy9aKTKx9bV6d11u0099bFeRH51NPjj4jbtyr5Y0bEwlLXs4Nnb12WrJ5Z3szC3jFsy9Eq4L8nD1+d42YETXLGFeWlNUZQ6123bpEx+N6RdG5Z8RJd91W72zjylVldWbn5u9hT93G2lJRd7zrFxdn9zbenaKzB8XRlw1u0ki/6/U59rrdz7zeG2temxedP3tKrH1tfs79ReeckfOaK37xwh6X++bgsWPlf8eOJd/NvfPQojjkmNsj7/Dzdz9Tt+2Rkdf2yMjr9Lloccy3Iyr+FNvf+lFUr/1NzePbKmLHku/GjpKnIzJ/imhZIP7Cx0gAplFGjZsao244N7uv7tUX9I8Jv5obV19wSnTvUhNQB/XrERERw0ZPjFv/aVBO/I2I+OZhW6KobHNUzZsfLQryo0VBQWxdVRJby8piW9nqaNm1S5ydWR1nb/9zfGlF+zh7+1+jMA6JB1scGV9vlfuDkU+1OyT6d+sSv1xRHRGRjcBPjb4qhj8wOSbfd21Mvu/abLQuz1TF/2vvzMOaONc+/EM2ERIWW0EWsZaytUgrq18VRalYWymirQsVtK4t4G6rSN3q0Xq0gkdo0boAStW6gLhUEItCPQIaKlCBqMeKEBC1kGRYBES+P2JCJuskJILt3NeVS2Yy8877vjPEMPc8z7PzaC7iDl/G2442yPkhAuvnBWL9j5l0FDANDQ1lhBG54mJWkpbCQrQUFkLPxgb9o6LAmDSJUttC8SsulmVuRxAiGWzk7Q2LyEhKkpmGhqb34T3MHuFTfTDWj/rNOaryV5zwqT5KBTBf7DsbAKSdLabUdtgn3oheGqh0O2G/ObVcrN50ilLbCf+e2uuFKEE8Ufx+YytSjhYgjEJt594+Vhoy/KQf1d7X0MsXr/6w74XKUdNFy8GYNRdE0t4XKoIt1myAno2N1o6lKXJzc5GQEI/Tp0/L3Wbo0KHYvXsP3N3dkZubi/HjlX/2CTl/PhN+fn4AgE2bNolqz8pj5Eg/uLsPRUREJEmaOjk5oarqvmj5yJGjCAqSjnATh8vlwtp6oGjZzm4Q2GyBlOjXj3pJpBEjRiqUpsI5zM3NBY8nu+Z9b5hDIZJjb25uUdoHyfk3NTVFbe0DKt3/x3Kn9LKoxq+D26hu1/tta21C8ZUTMDA0htfYmTAwNNZENzWOeFpcdWmqkq7baubiCI91K+XuY8BkqF3TVpkkbLjJJtW59d2+AZbD5acWphoFfPd4BmzH+ZOOL6svisZuYmtNKeq0UUYt3MZq7dStHXtE8fcERXMnD32GicL323gESbq/NnmiRmRsw0022olGsDZsU7qtsnTfNC8HndWHpeRvH4cV6PPaAtVTNDPfgq5HCjrrr6CDFQY8ff4dlPgDAKA7dBctf2loVCQ8PFzue8nJyaRlWgDTKIVLtIhE6pId6eA2PsE7Tja4VGQB/y++BwAc+HqaKPXy3I98sei7kyT5CwBfPDZHTJ8BGI9W2IZOBTf1J7RcZ0HPeiCM/UeJfmbWPQVfRx8n9AS13t7reIzphk3w83DAG452MEQneD/9jv3sVkD/9a5+Nj7Bmh/OYsWn/lj/YybilgWDS7Rgw95MxB2+DG7jE4RP8ML6eYI/MoVRwFyiha4FTENDoxAq4leSpxwO6latQkNSEl6NjpYraamKX1m0FBaCExYGI29vvBIdDUMXF5X2p6Gh6VkKiypRWFQJhokhwqf5IuwT725JQD7xBBV36tDZCejoAAxjQ7g4WoHJ6Auvd+xx7fdKhX0Rb0fRtkK83rGnJH/F+eLLnynV/Q37xFtheuveApWavZvjsnDybDFCPnCH1zv2vbaeMQ11Oqqr0JR2XK199Z1dX7j8FdKHafrCRfBfq5ZCh8FUvnEPUVlZialTP0FJifKsBCUlJXLFpqbJy8tFXl4u4uPjsXv3HsycORMAEBQ0EQkJCaLtTp8+rVQAS0rtoKCJGu0rl8vF1KlTkZen+EEjoOfmcOvWfyMqKqpb7WVkZJDkLwDweDwcPHhQdH5opDHo2w9XziWSZG39w3swMX1VZXlbeDEZ5azzouU7f1zG62/5wXtsWI+LYGMZUaRNVd0Ti/pMaYFmwGSoJQ67S8NNNrKnzUM7n4A+wwQe61bKTK8sDpUo4OrMHLQTjUrbAjQzdlnRvu0yonc1gTbOk6Io7TYegYvT5qHpueR2mj0DHuvlPyygCsIIX2FqcwMmA8a21qII54YyNqV039pgZ/xJ6OjoiJYDxgyDq4v2/4Y4kJwJorFZtDxrZiCYzH5aP64iysorUXCtAgWF5eATXX2ztXkVPt7OeG+MB6U+dtZfQUfp4q4VegzoDt0FHcvupe7XsXgXev5FeJofTEoL/azuPHQpti1+vlU915LXSkjwCNjaUMskUVZeiZPpv6GsohLVnMewtXlFNK+Tg0cq3Pd4Wh5qah5T7qckiyKoBZUI+5n9a5FouTu/D9WcRziZ/hsAgMHoh8nBIylf4+L7ClFlHEL4/GZc+JWFgsIKVHMegc9vFvXB19uF8vgk+8Ng9MPsMNXuYwjpLb/7ycnJMiWwpPwFaAFMQ4GkM4WY9aEXAGDJND9wiRbM2ngYZiZ9sW7uOIwe5oDRHg64V1MPLtGC7MJbuHFb+qk6Jp7iQp/+4Dfx8F5iMhw830IHQUCXwUAfc3PoWVnhWVMTYh104H2bDdvOVrh0NoKJDhgMdERbzi/oJDzwdKDgptncDz2RdL4G1Tpd8vbG7RpcK6vCvdp63LjFgZmJ9p9lzwAAG6BJREFUEdb/mIlR77yOpLXTpdI9z/rQC+mXSzHrQ28tziANDc3LSktBAepWr1ZJ/ErSVlEBTlgYjAMC8Orq1VKpntURv1L9LCxEVXAwGJMm4dXoaKlawzQ0NL0borEV8XsvI/tyBbbEBFEShHziCdLPFaP8dh0Ki+6BU6v4hjrjefplKpRTqM0LCCKLVWFzbCaltNJODpYqi+WewnvYYKXR1QBQcbsOm+MEkXMME0N4DxsMn2H2GOvnJFV7mab303jyZ7X20zFhwPLQsR5Pi9wTIrg3UlxcjPHjA2UKSTc3N5iaCn43eTwuSksFCVZNTV/8uVuwYD7s7e3h5+eHTz+dSRLAZ87Ij1gWcvp0Bmn50081JyvVmcOe4KuvvoS7u7soglgdDh06KGf9IVoAK2DQG1648dtxHN45V7Tu9bf8MGLC5yq35T02HPdvX0cTX3Aj3c7BQ612tIEsAVyXfx1D7JSLTXkYmDJgbDMQTZxa0bqHBSy08YgXFl3ZVFWDiv0/gb0/FcY2A+G2ZAGGTAmifHxlUcB3j2XA2GagTFlq5uIIbvkt0bImxi5LyFdl5nQ7BbOxrTUgEfVdrYF2qXL3WAZYG7cDnZ14bfJEjdfhvXssA8PWroCznJTfbTwCp96dIDrPd4+ffmEC+D8J6aTlzs5OrQvg/MJybPo2Veq4iyNDtHpchf3Zkoryivsy3y9ABU6k5QH4EZMnjcSiiGD54rPlPjpYYlJJ0+mZ9Uyh55tOksCdnCPotBxPSTCLn+/9yZnIzd5BWb5JXiveXs5KBTCf34xN36Y+n78uOJzHonndGZ+GmFWhGBcgu/b7ibQ8FF6roNRHWagiTleu3oMKdpVo+XhaHnKzd6h13AvZRdgZn9a1fJGFn5KjKe1bzXlM2hdQbRzVnEf4T0I6srJZIMQeZhCnoLACO+PT4OI8CDGrQ+HrLT8g5kRantT5V0cAZ2WzpH73GSb9MDu8Z+5dSEpgWfIXAPq8qA7RvLwkn72G4FFuAIDB1hZIWjcdf6bFwP0NG2zYmyWKno07kos5QT7YeVT2TbBqHSNc0H0Fm/RfR7mOMToIAs8IAq1sNp41NOBZUxOYQRPxtKYGsz70xvsLpsIu9BMYeXqgjS340tdynYVnjY2wWDgfTzMy4NMh/YfmzqO5WD5jNJbGpmOwtQXCJ3hBRwcya/0Gj3LDziPKb9rR0ND8s2gpKABn5kxwwsK6JX/FacrOxv3gYHCTk1G3ahXuenmhfteubstfcYi0NFTPnInW8nKNtUlDQ0Od4AlDETHHT+rl9Y49TIyVC9iK23WIXPUz+ArSCnNquYj46md4j9uGzXFZSDtbrFT+AqAUdSuksOgepe28VYjQLSiqRMrPhUq3MzE2xPf/fnnq/voMs4eTg6VK+xCNrbiYy8bmuCyMDdmFsIgUFBQpj7im6T00ph1Taz+r1OM9Ln/FEYpgm0v5MI1cCh2Tf066RmHUqqS4jI5eg5qaWhQUFCIrKwtZWVkoKChEeXkFoqPXwN1ddhr+ESNGorm5Re5LkXg8fz5TtN3Vq/mIjl4DpsTDfPHxuwAA7u7usLMbJFrP4/GQkUEWvJLjPHPmjGjZzm6Q3DEAUDgGyfTPXC4XCxbMl5rDiIgIlJdXSM1hTU0ttm79t9w6wN2Zw+joNZTnUB0qKytJ8yhOXl4uKivpz3BFjJ+xFl5jZsL93cmYOGtLt6SteAppC8vBmugeiUbeI7X2sxzuKZWely2WLlkRTVU1uHv8tFRtVQAY4CstRu8el/87L0l1Zg5K43bLrKkrScNNNkpjE1Eatxu585bhl/en4dSID8Denwqn2TPw0X/PqVxPVhgFLE7F/p/QxiPQxiNQfeGS3OhfWevZ+1NlbCmb6swc5C9fh4ab5Dq8r00mZ0H488Rpmem2ZVGxLxUP81lS29vJEL0VFM8/ILgG8pevQ91VxbWkG8pvic5RadxuZE+dh2NufshfsQ4GTAY+unIOw3ds1Kj8rbt6HU2cWgyZIv9hBgNTBqmGc1N1De4eo36dvmwcSM6UXpfy4uvK8/nNWBgZh9DwLXLlryQn0vLw4aSvcVxCaArpKFkEPO16cE8rtXmfS2D0tZU4rmoZQgiiGTPCN2u2b2Lw+YL2JeWvJBzOY3wetRP/SUhTuJ22yS8sJ8lfQNA3eedaGXyiibQsEK4n1e4fVXbGn8SogOU4kZYnV/6KU15xH6HhW/BltPrleahyIEXG7/5B6XUvEqH0lSd/AVoA0yjhXk093N+wIaVI5hItGGxtgUuJEfj94HK87WiDS6w7MGP0xXc/XaLUrq+HIywWzoex/2joWUt/MWll30J94h7wUg+jlU3+staUcxnc1MOohqEoTbQk+zIKYG9lgUusO4hbFgx7qy75e4l1B1xCUN/HjGEE+4EWuFdTT6nfNDQ0f2/ExW9LoXJRoSrPCAKPN28Gkaa9L4ZtFRXg0BKYhqZHmPTB24iaO0rqdfD7MPyatggRc5RHHnFqedgcJ/uPiOQjBQgO24OLuWyZ779IrK1MKaer5hNPEPnVUUrbfvv1Rz0aEVt+S/Vajt9+HURJ8MujsKgS4REpWL0pQ6H8p+kdtJffRAenWuX9jCdNgb7Lm1roUff5J4rglStX4v79LmnHZDJx/nwmYmJiYGYm/Rlkb2+PmJgYqfWaxt3dHTExMdi2bTtpPZfbdVNUMoWzorrFubnkh501mf45Pj5eKnX27t17sG3bdpmS18zMDFFRUXIFsKaQN4clJepHIB88SI7+jY5eQ1rujlz+O9LWSr5pbGBoDFfPCXj73SmwGNA9aWtg2A/TF+/F9MV7YWCo2ZSLba1NyEn7Tm0JLCnIGsrYlCRYVVYO8pevRfbUufjJ/h2w1nfVWR0qI4qSqtAFANaGbSiNTcQvE6Yp3baNT8B2nD/u/nwK1Vk5ovS+AMA+8BPyl6+jdExJnD4LJclxYRSwMK2wPLE4ZEqQlFSv2P+TlNCVR0lsIu4ez8AvE6aRhK0ssczauF1qnSRNVTUo2rgd2VPn4tSID3Bu/FTRe7aB/jBzcSRt/zD/ulKhK6RiXyruHs/AxWnzFI6vnU/A6bNQNPxRgdLYRDzMvy5KYd1UXYOL0+ZRvjaoUhqbCNv3RisV/5LzKp76++9ENecRKcWuEIJoVlu0qYNQTl64KN0XZRBEMzgc6c+5zvor6Kz/r2i5j8MK7dXm1TOFrrvY/51P+egoU/17VnnFfXyz+ZAGO9bFgsg4ymIdAHbGp8m8BqplzLU2kPVgAgAkyZCW6iKMytUWK1fvkYrUpcrNMmoPsatLWXmlzEhuDuexVueECorkL0ALYBolXCq6g9Eegjq7szYcxiXWHYz+PAH+nyeAS7TgbUcbAEDSmWsI8HTEqdw/lLa56GklTK7ng5+Wjidl5TDy9ICx/2hYLJyP9poa6Flbw8hjGF5ZuQxGnh642diJIL238bmeC15ZuQwGTo54WlMLW7TCp4Mr8xjJ565hbpAPks5cgxnDCEnrpuPGLQ7Mx0bD/4vv8VrwN0g6I5A7o4e9jktFdzQ0YzQ0NC8r3KQk1O/ahdayMq0fy8jLC0ZeXlpr/xlBoH4XfSOKhqY3wWT0RdTcUQj7RHnZCVmC9+TZYmzZmaVSJK82UUXSMhl9kZ88HdeirHCx/2lktSfKfTkuH4O6BVPQdEa9FLvyICiKVXXm18XRCge/D4O1VfciO9POFiNylWbHTaN5nhT8V/lGMjCLWq7hnqjGM77yqAqhCLbOyILxpCkvoFc9Q2VlJVJTyTcL16yJ6VZ6YE0jKUnFI0wlUzgrSgMtKYc1lf6Zy+UiISGetC46ek2vSoUsOYdcboPabYkLYDu7QYiJiSFFGB86pJ2bzy8rD+6XqS1RleHqOQEGhsYiqawJ7t++hvOHN+L0gdWof1iJ00mrcOVcIuofqnYz2W3pQilhydq4XamwrM7MIS2LR8wa21nDbckC0vvtfIKS6Lt7LEOUPtrYZqDS/gOA+ZtOeP+Xo1JRsoAg8lgdCSwvCvjusQwM8PGQG61qYMqQSiPczieQv2Kd0rHXXb0uSh/92uSJpGNYDvcU1bIVUp2Vg4p9iqOLJSOvJYWnxzrperu585cpPf9tPAJ3Twg+q41tBsL8Tfl1fgHBvPjtjYXv9g1S11tDGVupRFaF6swcPCxgUUplbTnck3SdNVXXSF3bfwck09qK8yIjQKeH/UumnGSYGCEkeARiVoUiNXk1FkUEIyR4BBgmXYFdIcEjZKarfna76+ET9LVFnze+1ErfhehYvAsdm64HKTo5R4EW6sJVSNLBLI3Ld1myz9nJDpezv8P/ylPwe0Eitm6eR5pXANi0JVVK+C6ODMGiiGDSa9bMcVLHDBgzTGq7RRHBlPor78EEQCDJ8ws1FyDyZfSPWpHaK1fvkaobLEQ4N6nJq/HDrsVYFBEMZyc70fvOTnY4nLJG5r6aQlb0r5CkHo4CVgYtgGkUcon1P4we5oCkM4VIvyx4Yrb4dg0aiBYs2UF+IuN4TomsJkhsMnyAteFjYLVjG0wCxqL9zh3wUg+j/ofdeEYQ0Le2hsXC+XjW2Ij7ifuw9fdHmGgwDGW6DMQ8vYuW6yz8ya6Esf8omM6Yhj1G95HaVoKt7dJfbo7nlODGbY4o2jd45X6MGuaAnO+/wLq5gViyIx1cogWjPRxwifU/DcwWDQ3Ny4zZrFmwOXQIQ1gsOLDZsElJwSurV2tF1NocOgSbQ4fgwGbDLj0dr6xeDQNnZ40eo6WgQKPt0dDQaIbwacrr5hKNraSUwAVFlYjeRC2NmrWVKbzesZd6dSdCVRY1D2Q/hCcPXWs7MGbMg82ZQlgmHoP+G65yt21lXcVf65eCM9FHYyKYal1jTq1q4xLi4miF9JT5iJjj1y0RXFhUieQj9Od3b+ZJwVWV9zGeNAW6tnbKN9QiHP/h4O3aQUkE69raof/WONj8evVvKYIlo2Lt7AYhKiqqh3ojG8mUwuIyU1YaaMkxCRGv/6ss/bMq5ObmklI/M5lMREZGaqRtTcHlkj/Phw5Vb+y5ubmoquq6IS0c58SJXfKHx+NJRQn/kxn0hhcKLyaTIoHbWptQV9U7MxQNesMLDm+NQiNfcEO7rbUZ+oZGKkcrG5gyMPy7jaR17XwC2QqEXFNVDR6K1Y51mj1DSoi6LV0oJWSFok9e6uI2HiGKwNRnmMiUkwrHsWMjfLdvkHpPKIFVjTKVFQX8sIAlN/2zEOc5oXLHLm9O23gCSQzIH7vfj7FSEbtFG7crjNgWf8/YZqCU1LYc7ik1Z8LzrygSmLVhmyiKV5XzNOTjIAQc3Ss1joYytsJrjiptPAJXn8+jeHpnRUhup0oa7JcBPr9ZYcQth/NYo6JNHt9sPiSV6hcAFkUEI/diLLZtmY/Z4YHw9XbB4sgQbNsyH7kXY0XicduW+dKN8v8gRf/qvkH9WuwOksd5VveLWu1s2pKKsnLNlWO4cJEc0Wlt3R+HU9aIagYzmf0wZdJI5F6MFYlIhokRYlaHStUVnjJpJBZHhpBeX0d/KnXM2eGBUttRrSut6MEEQH50sDoQRDMWRu7UWHuAoLauLPkbMGYYLmd/h90JS7A4MgS+3i4YF+CBxZEhOJv+L6Qmr0bAmGHYnbCEci1odajmPJIrpwFBemxNXn+ahhbANAopvs3BYGsL3Kutx6wPvTF4oKCmbtzSYNyrFaRNvsS6g7cdrXEqV3FKpbFGrVgQ5ImOx49xY923WLwhBSubB4IDQzytfYDH23agPnEPWEvX4F9nSzCi1QX/0ev6QzdJ1xoPcn7DhT798SDnN/zFuoFHzFcw0tESpp1PpY53KrcUsz7wwqWiO7hXU4/KBw1IWjsdoz0csGT6KPCanuDGLQ7edrRB8W3N1PikoaH5+2Dk49Mlha9dg0VkpMyU9d3F0MUFZrNmYdCpU7BLT9eYcGaGUPuiSEND82JRJ71x/N7LSrcJnjAUF09G4de0RTj4fZjUy8VRdtkMWTBNlKd25tTy1E5XbOj5fxh4+AJM5y1TuF1HbTX+Wr8UdQumoKNG+iaHpuHUclHzQLXaU+IIo7x/TVuEtOR5CPvEW+X6wACQ8jMtgHszTwrzVd6nX8B4LfRENToJPni7dqD2o0A0naRWw/jvKoK1kRaZz+chLy9P5qu4uFjl/n35JfmGqGT6aek00NLSIiMjA3x+Vx0/KuOUN4a8vDyJ7chzOHFikMzU2aqgyTksLi7G5s3/Iq1TN4W3pNgNChIIq4kTyfNJRwGTcfWcgIwDq5B5+BucTlqF4z9EgeA+7OluyUW8tjAAtaOLbQP9VZKAV5evFf3sNHsGPNbLli7Dd2yE0+wZpHUNZWycmzANpXG7SSK4jUcgd/4yNFXXQJ9hgoCje5VGlcpiyMdBeP/cEanoYWGqYqp1cwGBVJaV6tncVXm/hu/YiGFrV5DWNZSx8cuEaWBtIEdYN1XViMZu5uKIgKN7ZaYuNjBlyJSn+SvWyUxdXJ2ZI4qmNnNxxPu/yC5tMuTjIPjt2SEluy9Om4fcectI10AbjwBrw3b8+Tz613f7BkqRtuKYv+mEgKN7YfveaNJ64TVHtQ61LPKXr0U7n4CZiyPlus+SQl+VNNgvAwdSzpNqklpb90dI8AjSNtqOAq7mPELSQel6w1s3z8PiyBC5EozJ7CdXPALAs7pzXQt9baFjO10j/VWK0SDoDOj6ntwp3g8VIIhmfBn9I/h85TVj1cHV2V7m3DKZ/bBty3yRfJ8yaaRWjq8IPr9ZSk5KRg5n/1qk0ajd8or7Gqu5y+c3y2wrJHgEdicskRLq4vh6uyjdRhNI1oH29nKGtxc5iEdRhHBPo9fTHaDp3Zg+T2VgZmKE5LPXEDzqLSStm45ZGw6L6gKnX/4D43yccK9WdkolZmc71rxugMn9DVDHeYQ5eXUo0HUVXX0n9KzA0OHhI/MKtOt3oKGPHvQ6quGjW4/fH9hgwFMjBHTWw6WzEQDA0THEQj1XEP/TRZnuq7jDyUOZ7iCp496rbYDjoAHIKmAjeJQbTI37YufRXKybG4i4w4IbqYMHWpDGSUNDQyOLPkwmLKKiYBYeDm5yMurj45XvpAaGLi6wOXQIdV99BSJdvboXAGDg7AyLXhbJQkNDI4CqNBVEotqDTzzBtd8VP00aPGEovv36IwrtUcOZoixOPlqAqLmjlG8oB9MFy6FnbYu/NigWwa2sq6iZMQ5Wu49B30m9OlTXfq8En3iisG7xybOqCQZFuDhaiaQ7n3iC7Fw20s4WKz2XgECul996oJK0p3kxPOPz0EnwlW8oho4JA0bv9bwAFtLBqcZfq5aCu+s7mEUth3HIx0r3EYpgs6jl4O76Dk1px19AT7WHZHTtyJHdT/1cUlKCwEDpdH4AMGLESGRlSd+sFfLllythamom6pt4bWJAkFpZMj11ZGQUEhISRMunT5+Rqnkrmf45MlL5d0N5YwCA5uYW0c/FxeTsX0OHDlXatjK6M4eHDh0SSWqqc0gFLpdLShfu5uYmisYOCgqCnd0gUXRwXl4uKisrtV7j+GXBapArxoQsx53SyzDoawyHt0bBxFS7N2i7QyPvEewcPODqOQEPqspQ//Ce2v0d8nEQzF2dwNqwTRTdK5SAtuP8YRvoDwMmAxX7UvGwgIUBPh5wW7oQlsM9FbbrsX4lbAP9BbVfxdotjU1EaWwi9JkMmNhai2r3ui1ZAKfPQinLO1kIU0KXxiaCfaBLJjaUsXFqxAcYMiUIQz4OwgBfDwWtCHCeE0pqQ9g+FZznhMLS1xOlsYmovnBJtJ69PxXs/eTUzfoME0pjF0pg9v5UVOxLRTshuOdYGpuIu8cyYDvOH3aB/qjLv46KfanQZ5jAeU6o0nZtA/3xke85qTmrzsoR1T0WZ4CPBzzWrVRL0gvH4bc3FhX7UlEkVsu4nU+AtWEb7h7LgNOcUJi7OMo9hqTkF59nyUhnRZi/6QQzF0dR+m0AYO9LVXptvyxIphn+LGw8fLydSfKtoLAC1ZxHWhNSsiI9Y1aFdls8dtZfEf3cx+r9brWlKn0s30fHw/PP+6F6ph0hAim5B4nxSzTVta622fJTU7u62MPVpef+7z+Qcp60bG3dH4sjQ5BfWEFKY30gOVPuAwDqcCItD95ezt2+9rIuskgPVgCCyF+Zkeo9AJ/fjAMp5O+gs8MCAYA0vyfTf8PiyElal9HqQAtgGrncq6kXCdJZH3oj6ew1+H/xPQDA1LgvLiVGAABu3OKI6gRL8l7HY8S7GeHV4e7I+LUYi+42gq/b9WTwlEFXMOnNCjD78KGvB7S3A1YDgAcPAX19wNAAeNA4CK1/mqOuxAbz9VxwTdccgEAsH+z/EHqdVrDQfRWQ8SBL29OnuHFLEN0btywYs785gvU/Cp7IOPD1NAy2FozPjGEkGO/zZRoaGhpZCEWwcUAAOJ9+imeNjVo5juXWrWjKzlarfbOwMLyyRru1L2hoaNQnjaJkFEYKU0ldHD5VcVrpgqJKlSJbfYYJUkY3Nimuh5tytADhU30USlVlGE+cijb2TRBH9incrrORj9rQQAxMzZSSwFQilgHB3MtLwV1+6wFSjmon8pbJ6IuQD9wR8oE7Tp4tppTOm99Laj3TkGkvv6nyPn19hmuhJ92HFsFddDdytbuUlMgupRQREYGJE4Nkikt7e3u4ubmhtFSQhev+/UoUFxeTUjyLRwWLi0ttoKnU0upy/7609AUUzyEVJKN/JWsoBwVNJIn4gwcPqh1p/LJT//CeVMpkiwGD4T1WtTTKPYVB334YEyKIMrUaJL9MBVXM33RCwM970XCTjeqsHDTcZKONT6CNx8fdn0/BgMmA7bjR8Fi7QiXxZzncE5bDu9qVjK40thXUDB7g66lU/A7w9YTbEsG/JrbWCmvxeqxfCec5oSiJTURDGRvc8lvQZ5igsYqDxioOpShRYT3jxqoamNhZw9hWtexa5m86wW9vLJqqalD1fE6bqruikM1dnQT1fSmMXXxsbksXwumzUIGgzcxBG59AQxkb7P2paLhZAQMmAx5rV8DS11PuHMlq12P9SrgtXSg6/0IxDwAGTAbM33TCkClBCts0eX4+zV2dYO7qpHBb5zmhsBvnj4p9qajL76qB3Mbjo+6/12ApUfd4gI8HzF2dpKKzG26yUXf1Ogb4eMA20F9pmm5Jhn+3EawNXbVkBdc90a0HEXoDx9PyUFPzl2iZYWKEyZNGgsnsB28vZ5II2hmfpjV5dSGbnJrY2ckOs8MDu92uuHjVsXi32+2pgo7VBKB0sVhfrlDug+TcX7hYhAPJmd2eEx9vFyChKyiDw3mMDyfFIDF+ca8TfJIPJgiF7OLISQgN3yJafyL9N4VR4lSQnO9NW1Lh6jyoWwJc8poGgK+jqT94om0kBbW1dX+MC/AQ/Sz+uXAiLY9y2u4Xyf8D7oZPxSWEHDYAAAAASUVORK5CYII=' height='250' width='300'/> ]]>
  </system-out>
</testsuite> <!-- com.tribu.qaselenium.tests.apimazaprendo.MACreateF2FLessonTests -->
