<?xml version="1.0" encoding="UTF-8"?>
<!-- Generated by org.testng.reporters.JUnitReportReporter -->
<testsuite hostname="station" failures="0" tests="1" name="com.tribu.qaselenium.tests.apimazaprendo.MACreateF2FCourseTests" time="37.771" errors="0" timestamp="2022-04-17T19:24:25 COT" skipped="0">
  <testcase classname="com.tribu.qaselenium.tests.apimazaprendo.MACreateF2FCourseTests" name="createF2FCourse" time="37.771"/>
  <system-out>
    <![CDATA[ <img src='data:image/png;base64,iVBORw0KGgoAAAANSUhEUgAAB4AAAAOiCAYAAACRicroAAAAAXNSR0IArs4c6QAAIABJREFUeJzs3XlcVGX7P/DPsOMoiwoiLjVomoLLIykumCFqpaKZkpRSueGTiWSLYqm551KmoKYgZeKWmJpIpYKWC4oJoQaoJT4pMizqsA/IMr8/+M35MjAMAwwM4uf9es1L5pwz97lnzpzFuc513aIxY8YoQE+d8+fP67sLRERERERERERERERERKTG3bt36/xaAx32g4iIiIiIiIiIiIiIiIiI9IgBYCIiIiIiIiIiIiIiIiKiZoIBYCIiIiIiIiIiIiIiIiKiZoIBYCIiIiIiIiIiIiIiIiKiZoIBYCIiIiIiIiIiIiIiIiKiZoIBYCIiIiIiIiIiIiIiIiKiJ8SxY8c0zmcAmIiIiIiIiIiIiIiIiIjoCaAM/moKAhspFIrG6g8REREREREREREREREREdVB5aDvsWPHMG7cuCrLMQBMRERERERERERERERERNSEVZfxqy4IrFUAeOrUqZgyZYpOOrd3717s2bNHJ22R/q1atQoKhQJLlizRd1eaPYlEgsmTJ8PFxQUAEBMTgx9++AF37tzRc8+IiIiIiIiIiIiIiIioIanL9K2OgUKhQE0PXQV/AWDKlCk1ro+Phn/ogkQigaOjI5ycnCCRSHTSJqnn5OSEjRs3CsFfAHBxccHGjRvh5OSkx54RERERERERERERERHph0QigZeXF8Risb670qQYaLNQfn6+zlaoy7ZIvzw8PNT+Tbrn6+tbp3lERERERERERERERETNkUQiwcqVKzF58mSsXLmSQeAKtCoBvWHDBrz++us6WeHhw4d1loFK+iMWi+Hm5iY8d3NzQ0hICAP8DUAikcDW1rba+ba2tpBIJCwFTURERERERERERERETw1/f38h6KsMBi9ZsoSxKmgZAI6OjkZ0dHQjdIeeFBWDvxWnHT9+XA+9ad60uWOFd7UQEREREREREREREdHTwNbWFhkZGVi7dq1K5q9EIsHYsWPxww8/6LmH+qfVGMD6euzcuRMnT57EmjVralzW29sbJ0+ehLOzc63XM2zYMJw8eRITJkzQavmQkBAcOXJEq2Wfe+45vPrqq3r/LHU9BrC6ks+6KgMdExODrKwsHD58uMq8tm3bwt/fHyYmJjW2M378eGRlZT3xJZKfffbZGpexsbGpU9vDhg3DtWvXkJWVhTFjxqjM8/LyQnx8PNLT03H69GmVsYb79euH06dPIy0tDVevXsXEiROFeW3atMH+/ftx//59JCcnY9myZRCJRAAAAwMDrFy5Ev/88w/S0tKwZ88eWFlZNeg6a3qfRERERERERERERET0ZHBzc8OOHTvg5uaGO3fuVMn4TUhIqLGNzp07IysrS+3j1q1b1b4uKysLkZGRAICJEyciKysL7733HoDaxa9qKz4+XuuHkpHOe6EjXbt2RefOnRETE4MXXngBrVu3xqNHjxpkXdevX8fnn3+udQndwMBAGBsba7Xs1KlT0aZNG/z888/16aJAJBI1WgltW1vbaoOn6koS29raYuXKlWqXDwwMREZGRo3r7Nu3L7p3746TJ0/C3d0ddnZ2SEtLE+a/8cYb8Pf3R2BgIB4/fqyxrZiYGEyZMgVJSUk1rrcp+9///lfjMpmZmbVud86cOVixYgWSk5OrzHNycsI333yDmJgYBAUF4aOPPsLevXvh7OwMIyMj7Nu3DwqFAsuXL8fkyZMRFBSEa9eu4e+//8bmzZsxcuRIrF+/Ht27d8cHH3yA27dvIzQ0FD4+PvD19cW+ffuQkpKCTz75BPn5+Zg9e3aDrVPT+yQiIiIiIiIiIiIioieDm5sb5s2bBwDCv2fOnMGSJUuwcuVKhISE4K+//tK6vTt37iAoKEhlWkFBgVavjY6OxpQpU5CYmAigdvGrxqBVCeh27dph1KhROlnhyZMnkZ6eXuNyI0eOREFBAQICAhAaGgo3NzccOnRImN+5c2d88skncHBwQGJiIu7evQsAUCgUaNu2Lfbv34+ff/4ZBgYGcHNzg1QqxYoVK/DWW29h6NChuHPnDpYtW4YHDx6gV69e+Oyzz7Bt2zYcPnwYe/bsQXFxMfbt24eZM2fCxMQEP/30E3bt2gUA8PX1RevWrTF+/HgYGhpi5syZcHNzg4WFBdLS0rBv3z5ERkbiu+++Q6dOnQAAp06dgqenJwIDA1FcXIwzZ85g8uTJeOedd5Cfnw9fX18MHDgQxsbGuHbtGr7++ms8ePAAI0aMgL+/P4KDg/HKK6/g+vXr2Lhxo062RU3EYrFKBqY2qlte2xLFXl5eyM3Nxccff4z4+HhMnDgRW7duBQB8/fXXmDZtGgDg/v37mDFjBk6cOIEvv/wSo0aNgomJCaKjo+Hn5wepVAoXFxd8//33WLJkCQIDA9GqVSssWbIEo0ePhpWVFW7cuIE1a9bg9OnTAAAXFxesWLECvXr1QnFxMX777Td8+OGHePjwYa0+A13TplZ9XerZP378GMOHD4e7uzs+//xzlXkTJ06ESCTCp59+iri4OLRu3Roff/wx+vfvjxYtWsDOzg5Lly7FN998g6SkJBw9ehQTJkxAYGAgXnnlFZw+fRrr16+HmZkZxo0bB09PT4SGhmLixInIzc2Fr68vSktL8eKLL2L8+PHw9fVtsHVqep9ERERERERERERERNT0VQz+KlUMAs+ePbvWsZLU1FR88803aueJRCL4+/tj+vTpAIDVq1erJGgOHjwYISEhWLRoEbp161YlfvXjjz/Wqi+6plUA+KuvvoKdnZ1OVvjyyy9jypQpGpcxNDSEm5sbzp8/j7S0NFy7dg0jRoxAWFiYsIy/vz+6dOmCwMBAFBQUqGSqFhcXAygv+xocHIz8/HxMnDgRGzduRGhoKB48eAAvLy+88cYb2Lp1q8oGUygUKC4uhq2tLfr164cNGzZgzpw5mDp1Ks6ePYvbt2+rLDty5Eh4enrim2++wfXr1/HGG2/gvffeQ1xcHFauXImtW7dCKpVi/fr1yM7ORnFxMdq2bYsePXpg69atyM3NxX//+1+MGjUKAQEByM3NxWeffYbZs2dj1apVKCkpAVAekPvxxx+RlJTUaBnAd+7cQUBAQJUdqrYCAgK0yq42MjLCxIkTERERgbt37yI6OhpeXl5CAHjTpk1wcnJC//794eHhgYSEBKxYsQJeXl745JNPIJPJsHPnTqxevVrYISvaunUrxo0bh5UrVyIhIQGff/45Dh48iKFDhyIpKQnfffcdHj16hNdffx2tW7fGN998g/nz52Px4sX1ev/1defOHWRkZKjNugaAjIwMrbPXK9q5cycAwN3dvcq8rl27AgD+/fdfoQ8A0K1bN5iZmamd99xzz0EikcDIyEiYV1hYiPT0dHTr1k1o9/79+ygtLQVQnt08cOBAdOrUqcHWqel9EhERERERERERERFR06Yu+Ks0Y8YMXL58uU6JcqampujcubPKtOzsbGRnZ+OVV17BwoULER0dja+++gpTpkxRGXqyInXxK33TagxgXQV/AcDOzq7G9fXr1w/W1tb4888/0bZtW8TGxqJr16545plnoFAo0Lp1a3Tr1g0JCQk4duwYIiMjcfbs2SrrunfvHo4dO4YDBw4AAB4+fIgjR45g//79AIBOnTqpjIlb8W8TExMEBATg8uXLQvnmZ599tkqw2NTUFADQo0cPWFtb4+uvv8aECRPw4MED/PPPP1AoFJDL5UhMTBSCuebm5li3bh2OHz8OuVyOkJAQTJo0CUePHkVUVBQKCgrQpUsXlf5cuHAB+/fvR3x8fKOOAaxMna/LjpOfn48lS5bgzJkzWi0/fPhw2NjY4Ny5c7C3t8dvv/2GXr164fnnnwdQHvzLyckBAMTFxeHRo0dYtWoVunfvjp07d+LQoUPIzc1Vm4Xcpk0bjBs3DjExMfjqq6/w66+/Ys2aNTAyMoKXlxeA8u1iZ2eHPn364O7du5BIJHoP/ipdvny5TvPqSpmxXVRUBABCuYIWLVpUmaf8VywWo2XLlirLK+e3aNFCWEa5fMXXqmtXV+skIiIiIiIiIiIiIqInk6bgrzIOVZcYFgC88MILuHbtmspDmXD6yiuvAADWrl2LqKgofPrpp9W2oy5+pW9aZQBfvXoVffr00ckKr169WmMAUllueuHChSrTR44ciaCgIFhZWQEoD+gq21KOL1sxwKmcn5eXp/Jc+UUwMTGp0hfl84KCAuF1ubm5AABjY+MqAeDw8HB07twZL7/8Ml566SWUlpYiKioKX375pZCJXLFdAJDL5Splhfv06YN3330X9vb2EIlEMDExgZGRkcprUlJSGi3zt7K//vpLqJ+ubSln5U5Xm8zUyZMnA4CQ8avk5eWFZcuWqX2Nq6srFi1aBIlEApFIBFNTUzx48KDKch07dgRQflOAUmpqKgDA3t4eADBlyhRs3LgR69atE5b18/MTSkTrU3h4OMaOHVvtPF1T7iNmZmbIy8sTbnTIz89HWVmZMK/iv3l5ecI+o1xeOV/ZXn5+vsq8iu021DqJiIiIiIiIiIiIiOjJo03wty4VUpVu3LiBlStXqkz7559/AAA2NjYAIAxrm5aWJsQqngRaBYD9/PzQt29fnawwPj5e43xzc3MMHjwYcXFxOHjwoDB91qxZGD58OHbs2IGsrCwA5Vmdyv63a9cOgGoAWF3Gq6b56p5XVnn+48ePsWnTJgQEBKBLly547bXXMHr0aFy6dEklcFjxNWVlZSqZxp999hkePXqESZMmQS6X4/jx41XWVVpaqrcAMFBeclfbIHBddrqWLVtizJgxOHv2LLZt2yZMX7JkCTw9PbF8+fIq79/MzAzBwcHIyMhAjx49kJeXpxLgrSglJQXA/wWCAQjjMytfEx0djUGDBsHGxgZDhgzBunXrsG7dOvTv31/r99FQMjIykJCQAEdHR5XpCQkJws0PunTz5k14eHjAwcEBDx48QJcuXQCUHwyVmbUODg4AoDLvzp07KC4uFuaJxWK0a9dOyNC/efMmevfuDWNjYxQXF6NLly4oKCjA3bt3G2ydRERERERERERERET0ZGno4C9QnjgaERFR7TygPP548+ZNdOjQAQYGBvVaX2PSKgAMAH/++WcDd6XcsGHDYGZmhpMnT+LixYvC9O7du2PatGno27cv/vzzT9y+fRtOTk4YN24c5HI5XF1dAUBtwLciTQHhystXDgSrW/a9996Dh4cHVq1ahYyMDCH7tKCgQAgQd+jQAUOGDEFsbGyVtg0MDGBsbAxjY2N07NgRw4cPR0lJCSwtLYUS1dW9l8am7Y4kFotrvdONHz8eZmZmOHjwIH799Vdhet++feHv7w9XV1ecO3cOhYWFAICpU6fi999/h4mJCYyNjdG1a1dMnDgRRUVFaNOmDbp3767S/sOHD3Hs2DF4eHhg7ty5+Pvvv7Fo0SIUFhZi7969sLOzQ3R0NE6fPo0tW7YgPT0dBQUFzTqLdMCAAWjfvj169OghPDcyMkJcXBwOHTqE+fPnY9WqVTh+/DimTZuGv//+G1euXIGRkRFSUlLg4+ODx48fw8vLC48fP8aPP/4IuVyO8PBwjB8/Hv7+/nB0dISRkZFQdv3gwYMYOHAgAgMDkZaWhv79++P7779HSUlJg61T0/us7oYBIiIiIiIiIiIiIiLSj8YI/gJAhw4dhJLPFe3ZswcnT56Et7c3Fi1aBCMjI3h7e2uM01WMX/388896jz9oNQZwYz6U5Z9jYmJUpiuDwSNHjoRCocDq1atx+/ZtzJkzB+7u7jh69CgAVCmdrE1GsLpl1S2vbv7evXtx6dIl+Pv7Y/v27XB3d8f27dsRHR0NhUKBQ4cOwcjICL6+vkLp6optFRQU4JtvvoGxsTHWrVuHnJwcBAQEwNDQEH5+fmr7ootHXUgkEq1LQEskklq1rRyHNzIyUmX6yZMnAfxfeejdu3fj0aNHWLBgAXr27ImlS5fC1NQUBw8exKNHj+Dv7w8TExOhjHNF77//PkJCQoR/ZTIZXnvtNdy+fRtpaWlYtGgRnJyc8Ouvv2L//v34559/MGvWrFq9j4YiFovx7LPPVpn+7LPPar1NKvvggw/w/fff44033gBQnun//fffY+jQobhx4wZmz54NOzs7LF68GDdu3MCUKVNQVlaGx48f46233oJUKsXSpUthbm6Od955B//++y8A4KOPPsIvv/yCDz74AIMGDcKaNWsQFhYGAPjuu++wadMmvPzyy/Dx8UFYWJhQN7+h1qnpfRIRERERERERERERUdMhFosxY8YMtfN0GfwFymMsK1eurPKwsbFBREQEAgMD8fzzz2Pbtm04efKkyvCVlVWMXzWFyrIiV1dX/aaVkl5cv3691q8ZO3ZstTtdZSEhIUIpa3157bXXsGvXLixZsgSBgYF67Ut9uLm5wcvLC7a2tmrnZ2Rk4MCBAzhz5kwj94yIiIiIiIiIiIiIiEi3JBJJlSFJdR38fRLcvXsXQM3D61akHNJXqxLQ06dPx/Tp0+vWu0q+/fZbfPvttzppixpXr169qky7fPkygPKyupWX1WcA2MHBAaNHjwYAyGQyvfWjrmxtbTF58mS4uLjUmOFra2uLefPmYcaMGYiJicEPP/zQIOMCExERERERERERERERNbQ7d+5gyZIlQhD4aQz+1pfWAWBdmT59OkJCQnTWHjUeR0dH4e/8/HyEhIQIWadubm6YMWOGEKysuKw+jBo1ChMmTEBMTAyOHTum177UVuXPUltisRjDhw+Hi4uLyrYhIiIiIiIiIiIiIiJq6iQSCcaOHYvAwEAhCOzv74+1a9cy+FtLBtoslJeXp7MV6rItajy2trZCQDIhIQEffvihSoDxzJkz+PDDD5GQkACgPBhZXcnixrB9+3bY2Njg5ZdfRk5Ojt76UVvKbN66jusLlH/28+bN0+vnT0REREREREREREREVBvDhw/H8OHD4evrC6A8E3j27NkM/taBVhnAq1atwuTJk3Wywh9++AHarJOalvz8fFy+fBnXr1+vtrRzRkYGFi9ejLFjx6JXr17Iz89v5F42D8ogOhERERERERERERER0dNCLBbj+PHjOH36tL678sQTDRw4kNHYp1BSUpK+u0BEREREREREREREREREaty9excAEB8fr/Vr+vbtC0DLDGAiIiIiIiIiIiIiIiIiImr6tBoDmIiIiIiIiIiIiIiIiIiImj5mABMRERERERERERERERERNRMMABMRERERERERERERERERNRMMABMRERERERERERERERERNRMMABMRERERERERERERERERNRNGZWVlwhORSKTHrhARERERERERERERERERPV10nbCrkgHMbOCnB7c1ERERERERERERERERUfPDEtBPKW53IiIiIiIiIiIiIiIioqanvlWbjeLj43XUFdKH5ORkODg46LsbVE/cjs0Ht2XTwO1A1eF3o+njNmr6uI0aBz9nIiIiIiIiooZ1+fJlODk56bsb1SopKanzaw102A8iIiIiIiIiIiIiIiIiItIjBoCJiIiIiIiIiIiIiIiIiJoJBoCJiIiIiIiIiIiIiIiIiJoJBoCJiIiIiIiIiIiIiIiIiJoJBoCJiIiIiIiIiIiIiIiIiJoJBoCJiIiIiIiIiIiIiIiIiJoJBoCJiIiIiIiIiIiIiIiIiJoJBoCJiIiIiIiIiIiIiIiIiJoJBoCJiIiIiIiIiIiIiIiIiJoJI313gIjqJzw8HHFxcZg3bx6sra313R2qA5lMhvXr11eZbm1tjQULFuihR0+v3bt3IykpCWZmZnB0dMTgwYNhb2+v726RnsnlckRERCA5OVn4bri7u+u7W6RBbGwsDh06pDJt0qRJcHZ21lOPiIiIiIiIiIiIGk+tA8AymazKD2oSiQQjRoxAcnIyHBwcdNY5ajypqamIjo4GAAY8niCxsbHCdgsNDcW8efP03COqC5lMVqvp1HA8PT0RFBSEtLQ0xMbGIjY2lkEjwvHjxxEXFyc8l0qlUCgUGDFihB57RZqoO37ymNo0yOVyJCUlITU1FVKpFADQvn172Nvbo0ePHjA3N9dzD4mIiIiIiIiInnx1CgAnJyerTFMoFACA4OBg/lD+BJLJZAgODkZhYSEAICEhgdmkT4DK2U1SqRSHDh3CpEmT9NgrqgsHBwfY2dkhLS1NZfrgwYP11KOnl7m5OXx8fIQgMAAcOnQI1tbWvMHpKSWTyVSCv0pxcXEMABPVUmRkJC5cuCBccyop/29hZmYGV1dXZtgTERERERERUZOTkpICkUgEAGjRokWTj6HpfAzgQ4cOITY2VtfNUgOKjY1V+SGusLAQCQkJeuwR1URdaUsAePToEfe/J5Sfnx8kEonw3N3dHR4eHnrs0dNBLpdXmWZubl7lsz9+/HhjdYmaGGboE9WfXC5HcHAwoqKiVK45raysYGVlJTwvLCxEZGQkgoOD1R6fiYiIiIiIiIj05f79+0hJSUFKSkqVZK6mqEHGAFYGppgJ/GRQd5cCy+81XdUFfydNmoSePXsiKChIKKVITxYzMzO1f1PDCQoKgqenZ5X9JTU1VeW5VCqFTCZr8nd1UePp16+fvrtA9XD+/HkUFRUJz83MzDBkyBA99qh5Cw0NxZ07d4TnEokEnp6ewjFVJpMhLCxMWCY5ORl79uzBrFmz9NJfIiIiIiIiIqInXYMEgIH6BYFLS0tx7NgxnD17FhkZGTA3N0e3bt3g6empkiFXF9nZ2bhx4wZcXFzq1c5vv/2G06dPY8WKFVXmxcfH49tvv0VAQEC91tFYnJ2dkZycLJS47NevX72D9++++26V8n4AYGdnh02bNml87d9//w0jI6N6b+vKoqOj0bt3b7Rs2VKn7TYmTcFf5Tbz8fFBQEAAfHx8dBKsys/Px/z589GxY0csXbq03u2pk5mZiblz52Lfvn0wNDTUefua9ld9WbZsmUrwobKIiAhERESoTOvRowfefvvteq133759OHnyJBYuXIgePXrUqy11Kn7W27ZtQ+vWreHl5aXz9ehKWloagoODMWvWLJUgcOWhDgDoLAAcExOD8PBw/PvvvzAwMECnTp0wZswYDBo0qN5tHz58GD/99BNGjRqF7OzsJvP5q9vHFQoFduzYAWNjY7z99tswNjbWcy/VU3czhjJ4BUA4f8rlcjg6OtYpMBwWFoa///4bn376qcr0S5cuYdeuXdi+fXvdOl9LDX0sbkoqH18BaAwAFxYW4p133sHGjRvRoUMHjW3LZDIsX74c+fn5WLduHVq3bl3v/j7JIiMjVYK/VlZW8Pb2VrnZ0NraGt7e3ggICEBWVhaA8n0rMjKy1qXWG/q65Um7ziciIiIiIiKixldaWoqcnBy9JhQ1WAAYqHsQePPmzfjf//6HWbNmoVu3bigqKsKJEyewdOlSfPHFF+jYsWOd+3Tt2jXEx8fXOwA8ePBgvPDCC/VqoylxdnYWAsC6ytz29/dH3759a/2606dPo2vXrlUCwMqxppU11mvrwIEDcHBwqFUAuKysDAYGOq+UXifaBH+B8uxtb29vhIWFYcSIEfUet/S3337DsGHDEBsbC6lUivbt29ervcrKysrQpk0b7Nixo8ECDk1xf9UU/K2OupsqaqOkpATnz5/H1KlTcerUqQYJAFf07rvv1nr/aex9ztTUFIWFhQgODoanpydkMhkSExPVBoB1kZV94sQJ7Nu3D++88w769+8PExMT/PHHH9ixYwcKCwvh5uZWr/YvXLiAmTNnYujQoSgoKNDpZ1mfY7C6ffzu3bsYNmxYg38P68ve3h5WVlZCUAoAxo4dCwBISEjAnj17hOmJiYm4f//+E1m+vTGOxU+LmzdvoqysDEFBQbXaX5rSNYeuyOVyXLhwQWXakCFDhOBvWFgYRCIRJk2aBHNzczg7OyMqKkpY9sKFCyrLa6Ohr1uIiIiIiIiIiDQpLS1FYmIirK2tm08AeMyYMVUCFLUdvyspKQl//PEHvvzySyHDwtTUFJ6enrCzsxMyhDIzM/Htt98iNTUVIpEITk5O8Pb2hqmpKXx9fTFmzBjExsYiNzcXxsbG+PDDD5Gamopdu3ahtLQUS5cuxYoVKyCTyRASEoKUlBQYGBigf//+eOONN2BoaIjt27ejZcuWyMzMxKNHj5CbmwsfHx/07NkT0dHRQpZbTk4Otm7dinv37sHKyqpKoOnEiRM4ceIEysrKYGZmhqlTp8LJyaken/STLzs7G9u2bYNUKkVZWRk6duyI9957D7/99hvOnTuH2NhY3L9/H6+88go++ugjvPHGGzhy5Ai+/PJL+Pv7w8/PD46OjgCAXbt2oaysDNOnT0dxcTFCQ0Nx5coVlJaWYsiQIfD29sbXX3+N9PR0rF69Gm+++SYuX76MDh06CBlcf/zxBw4cOICvvvoKZ86cwaVLl2BsbIzMzEysW7cO8fHx2Lt3LwoKCmBoaIgJEybUO1BTW+Hh4VWmVQ7+Ktnb28Pa2lrIbKxPEDgqKgrz589Hq1atEBUVhalTpwIA0tPT8eGHH2Lq1Kn4448/IJPJ0KtXLyHol56ejh07diA9PR1lZWUYMGAA3n33XYhEImzduhUWFha4evUqevbsCQ8PD5WsszNnzuD48eMoLS2FhYUFpk2bBolEgocPH8LPzw8zZ87EuXPnIJPJIJFIMHfuXIhEIjx8+BDBwcG4c+cOTExMMGnSJAwbNkxlfwWAY8eO4dSpU0L7M2bMwHPPPVfnz+hJcfnyZTz33HMYNmwYwsLCkJeXJ9wQsX37dpibm+PBgweQSqUwMTHBtGnTcOTIEWRkZMDKygqffPIJTE1NsWXLFojFYmRmZiIrKwslJSWYPXs2unTporK+Xbt2CRmoxcXFCA4ORkJCAsrKyvDMM8/gvffeg6Wlpdp9rrE4OjoiLi4OhYWFCA0NbdB1FRUVYf/+/Xj77bcxfPhwYbqrqyusrKxgZFR+Sn78+DH27NkDnfxiAAAgAElEQVSDa9euQaFQoF27dpg5cyZsbW1x9uxZnDt3Dp07d8bt27fx6NEjvPrqq3j11Vfx5ZdfQiqVYt++fbh37x6ysrKEz195zL137x7atGkDV1dXhIeHY8uWLTh16hQuXLiAZcuWASjPnps+fTp27twJuVxe5RhcXFxc7b5d3TH44cOHKvt4defFmvZxfRkyZIiQMWpqaipki0dGRlZZNjo6GiNGjND5UArVnTctLS3h4+Oj8byo7b738ccfq2ynxMREhIaGCjcTjBw5EqNHjwZQfrPWsWPHhKClh4cH3N3ddfqem7LqrhFLS0uxa9cu5OXlYf78+Vi6dClKS0urvWatfD7s2rUrzp49iw4dOuD27dvIysrC7NmzceHCBaSkpKCgoADz589Hp06dUFxcjP379ws38D3zzDOYOXMmWrVqpfH70pgSExOr/N8gLS0NUVFRkMlkKtVnHBwc4ODgoBIALiwsRGJiYq1uTlR33ZKfn4/Zs2dj1apVePbZZwGUj9uzYMECBAUFYf78+dXuQzVd5z+t1xREREREREREVJUy+FtQUABAfTKNhYUFWrVq1eB90UmaQVZWFu7cuYMOHTqgS5cuKo+ayuRVdv369WpfN3ToULRr1w4AEBgYiE6dOmHz5s3YsGED7t+/jyNHjgAADA0Nce3aNfj7+2Pt2rUwNzfHqVOn4OjoiJEjR8LZ2VkIBAUGBqJt27b4+uuv8cUXXyAhIUH44cnQ0BDR0dGYMWMGVq5cCTc3N/zwww9V+nXw4EEYGRlh69atWLZsGa5evaryfg4dOoTPPvsMmzZtwptvvokvv/wSubm5tfpcdEkmk+HOnTsqD6lUKsyXSqVV5lceD7O+fv75Z7Rq1QoBAQEIDAxE9+7dER8fj/Hjx8PBwQGTJ08WSoI+fvwYRUVFCAkJqbGM4tGjR5GamorNmzdj06ZNuH79Ok6ePAk/Pz8AwGeffYbBgwdrbMPExARJSUkYPnw41q1bh+LiYmHbbd26Fe+99x6CgoKQk5Ojs89DG2+//TasrKyE59UFf4HybGHlj6q1vQmjosTERIjFYnTq1AnDhg3D+fPnUVJSAgAwMDBASUkJHj9+LGTnx8XFISYmBgCwc+dOODg4YOvWrVi/fj2io6Pxxx9/AACMjY1x8eJF+Pv7Y/r06SrrTEpKQmhoKBYsWIBNmzZhzJgxWL9+PUpKSmBoaIji4mJkZ2djyZIlWL16Na5evYqEhAQAwJYtW+Dg4IDt27fD398fO3fuxL1791Tav3XrFg4fPiyUKH7hhRcQFBRU589IX8LDw7Fo0SK1WeHVOXXqFNzd3WFsbIyBAwfi999/F+YZGhrizz//xJw5c7BhwwYoFAoEBwfDz88PGzZsQFZWFq5cuQKgfNvHxMRgzpw5WLNmDYYPH46tW7dqXPfx48chlUqxefNmbNmyBaWlpcIxu/I+15hqM+ZncHBwvY6F//zzD+RyOYYOHVplnpOTE55//nkAwJEjR5CSkoINGzZg8+bNkEgk2LJlC4Dy7ZSQkID+/ftj2bJl8PX1RWhoKIqLi/Hxxx/D1tYWM2fOxFtvvaXSflhYGAwNDbF161b4+/vjzJkzWmUaqjsGa9q3qzsGV6TpvFjTPq4vyqAQAJVS4WlpaWqXr3hO1ZXqzps1qeu+l5eXh/Xr18PLywubN2/G4sWLcfjwYVy/fh1FRUUICgrCokWLEBAQgCVLluDKlSsoLi7W+ftuqqq7RuzVqxe8vb3RsWNHbNq0Ca1bt9Z4zVr5fGhoaIikpCS4u7tj1apVcHFxwYYNGzB+/HisWrUKTk5O+OWXXwAAP/30E27duoW1a9di06ZNsLKyQkhICIC6f190Td0xMzY2FpGRkYiNjQXwf8Hf6pavzXG3uusWsViMAQMG4MyZM8Ky0dHReOGFFyAWizW2qek6v7lcUxARERERERFR/VUO/hYUFCAlJUXtozHoJANYJpNp/LGjNhmI+fn5NaZE5+Tk4ObNm5g/fz6A8h/PXnrpJURERAhjHQ4ePFgoYSiRSJCZmVmlndzcXCQkJAiZRaampnB3d8fvv/+OUaNGAQD69u0LCwsLAMCzzz6LEydOVGnn+vXr8PLygkgkgomJCV566SXhh73Lly+jf//+aNOmDQCgT58+aNmyJW7cuIH+/ftr9Znoilwux549e9SWNq3o+PHjaqe3b98es2bN0jqraf369VXubvDy8oKHhwfatGmDmJgYxMXFwdHRERMmTFDbhvL1Q4cO1Sr769KlS3j99ddhbGwMY2NjLF++XMiqqw2xWCyM42hsbIxt27YJ77tHjx4wNDRERkaG8N1oDA4ODpg3bx6OHz+OrKws9OzZU+1yFUtFW1lZqQQuaisyMlLIVLS0tETXrl1x+fJllSC6MphlZmaGPn36ICEhAYMGDcInn3wibLNWrVrBwcFBCIqIRCL07NkTbdu2rbLOixcvwsXFRbjZw8XFBd9//z1u3rwp3Bjy4osvAigvd21nZ4fMzEzk5uYiMTERfn5+EIlE6NChA7Zt24YWLVrg9u3bQvvPPfecMB0o38ePHj1a58+oMUmlUiQmJiI2NhaJiYkAyre3lZVVjWMkSqVSZGZmolevXgAAd3d3IcCu1Lt3b+F73qFDB1haWsLU1BRAedDr4cOHwrL/+c9/hOzhgQMH4rvvvkN2dna16x83bhxeffVVYX90cnIS3gOgus81Jnt7e0yaNEmrQLqyVHTl8YK1lZeXB7FYDBMTE43LxcTECMcxABg5ciSOHj2K/Px8AICNjY0QLJZIJCgtLYVMJoOtrW21bV6/fh1vvfUWRCIRxGIxhgwZglOnTtXYZ3XHYE37dnXH4IrfDU3nRWXWnLp9XJ9kMple1w9A6/NmZXXd965fvw5LS0v06dNHWL+zszNiY2Ph5OQES0tLREZGws3NDfb29li4cKEO3uWTRZtrxJquWdWdD+3s7NC5c2cA5cdie3t7oYxxhw4d8OeffwIo39/Gjx8vlKcfPXo0/Pz8UFpaWufvi67VdDNEv379hGoscrkc0dHRtW6jIk3XLS+99BI2bdqEqVOnwtjYGNHR0UJVE000Xec/ydcURERERERERKQ7lYO/TUGDjgFcFxYWFrh165bGZZQ/JFcMvllYWKiMz1cxSCkSiVBWVlalHeXyS5YsEaYpy7epa8fAwEBtO7m5uSrjylZM3c7Ozq4SKKjc18Zy4cKFGoO/mkilUkRGRmo9tuGCBQuqHQN41KhREIlECA8Px6ZNm9C7d29MmzZNCAhUpm2gNSsrS+XzV/4gV1paqtXrlSqXSDxz5gwuXrwojIFZUlIi/N2YzM3N4enpiYSEBAQFBcHDw0Pl5orK4wTXFBTUJDc3F5cvX0ZcXBy+//57AOXjExYUFKgEgCt/3spATUJCAo4fPw65XA6RSASpVKoy1md12zQrKwvXrl3DtWvXhGlFRUXIysoSAsDq9kvlPlWxP+rKKBQWFuLAgQP4559/AJSX29XHtqyL6soUa7Nfnzp1CllZWZg2bZpKe0lJScJ2qTjGrYGBQZXnFY9/6vazvLy8ateflpaGgwcPIjMzEyKRSGV7AlX3ucbk7OwMa2trhIeHV5vRqVSfILClpSXy8/NRWFiocTzh7Oxslf1D+Vkrz32Vz28A1J6bKqp8ntIULFanYn807dvVHYMr0ua8qM25t7FUrAwCQKWfpqamasfzru140dVdpygrHwC1P28q1XXfq/w9BMq/iw8fPoRIJMKyZcsQHh6OVatWwcDAABMmTHiqSkAD2n1Ptblmrfw5a3sszsrKQmhoKA4cOKDy2qysrDp/XxqTqampMJ628ibF+txsUdN1S69evWBmZoYrV66gffv2yMvLq/Y6tXK71V3nP8nXFERERERERESkW5WHwdK3JhcA7tOnDw4ePIjk5OQqWcNHjx6FRCIRpmdlZQk/ZOXk5NR6MGVlOeG1a9fWq952y5YtVQIfFX+8srKyqhLsrUtfdUEZJLKzs6sSxE1NTRXGNxwzZkyVH+eVgRFdlrUcOXIkRo4cCblcjpCQEOzevVvIkKmsYvZv5bKlcrlcyFK0tLRUyTTLzs5GaWlplR+4DQwMVH6g03RXRmxsLA4fPowvvvgCtra2UCgU8Pb21v6NNgBHR0c4ODggNDQU9vb2GDt2bJXgL1C/8s9nzpzBoEGD8P777wvTysrKMHv2bEilUiGbLDs7W8hcys3NhYWFBXJzc7FhwwZ8+OGHwlh5q1evVmm/uozu1q1b48UXX6xSGhqAxhsnlNu44nEhPT1d5UdboLwU7t27d7F06VKYmZnh1q1bWL58ucbPorEoj29yuRzJyck1BiO1VVxcjN9//x1fffWVkFkNlJcIjYyMVAnMa6vifqYsaa/pRo3AwEA4Ojrigw8+gEgkwpEjR5CUlFTr9TYUBwcH+Pn5QSaTQSaTCQGXoKCgKgG+ugaBu3TpghYtWiAqKkol8xoA4uLicP/+fXh4eMDKykrl81WWm7e2tsadO3fq9P7EYrHKca5iRq26Y2plyv21pn27umNwRU3pvKjJ+fPnER0dXSUgJZPJIJfLYW5uDgcHhyrf44pjBGurTZs2SE1NhUKhUDk23r17VyVYX915U9N5sa77XuXvIaC6ndq3bw8fHx8AwI0bN7BmzRp0794dHTt2rNV7r49ly5ap7J9mZmb4/PPPG2392lAO3aDpmrWu41tbW1tj0qRJcHFxUTu/NtdZDaV9+/bVHrfs7e2FIHpYWFi1NzMps59rUtN1S/v27TFs2DBcuHAB9vb2cHV1FW6w0LQPabrOb8rXFERERERERETUeAwNDeHo6IiEhAS9JrNUpJMxgHWpa9euGDp0KNavX48//vgD+fn5kMlk2L9/P8LDw2FnZ4dWrVqhR48eQqm94uJinD59GgMGDKixfSMjI6GMplgshpOTE8LDwwEACoUCR48exdmzZ2vV5549e+LcuXNQKBSQy+Uq42q6uLjgypUrQunUuLg4FBQU1CngoivKH60rPir+WG1vb19lvrZln7W1fft2IaPK3NxcCKwCqttInTZt2gjjumZnZ6uMxTZgwACcOnUKRUVFKCoqwrp16xATEwMDAwOIRCKh3bZt2wp11ktLS9WWHFTKycmBpaUlbGxsoFAocPjwYYhEIr3fzWFubg4fHx9YWVlh8+bNakvYRkRE1GqMWCWFQoHIyMgq4yUbGBigf//+Ktlwp0+fBlAeGIqPj4eTkxMKCgpQWlqKLl26ACgPov/7779afWYDBw7EpUuXhABVRkYGNm7cqDbLriILCwt0794dERERUCgUSE9Px8KFC/HgwQOV5XJycmBvbw8zMzPI5XL88ssvKC0t1fvYlbNmzYKPjw9GjBgBDw8P+Pn5qc2ms7OzqzKtpmzDixcvol27dirBXwAYNGgQLl++rDFztzpXr14Vjmtnz55F586dNd5Ik5OTAwcHByFj9OLFi3rfh9SxtrYWjon29vbw8fERggAVKYPAtRmb0tjYGN7e3ti/fz8iIiKEQOLvv/+OwMBAIdDn4uKCqKgo4Tt54sQJODk51es43L17d0RHR0OhUKCgoAAXL14U5rVp0wZpaWnC+jSdA2vat6s7BlfUFM+LlYWHhwvbSB1lCWVXV9cq89RNq8mAAQNQUlKC0NBQ5ObmoqioCJcuXcKvv/4q3Cyg6byp6bxY132vV69ewnEdKL9pIC4uDv3798e///6L5cuXC8eODh06wMjIqNEzH9XdnNHU1OeatSYDBw7EiRMnhM/hzz//xO7duwFo/r40Jk03Q2RlZSEqKgpRUVEab3jS5oYKba9bXnrpJcTHx+Ps2bNCqXlA8z6k6Tq/qV5TEBEREREREVHja9GiBRwdHYUbzU1MTNChQ4cqD3W/8TeEJpcBDADvv/8+IiIicODAAaSnp8PMzAy9e/fGmjVrhADG3LlzsXPnTmG8z379+mHcuHE1tv2f//wHv/zyC+bMmYMtW7Zg7ty5CAkJga+vL8rKytClSxe4ubnVqr+TJ0/Gli1bMHv2bFhZWWHYsGH45ZdfAJRnanp6emL16tUoKyuDWCzGwoULIRaLa//BPGHWrl2rdvq2bdswZswYhISE4Mcff4SBgQHs7e0xa9YsAOU/aIaGhiI5ORnvvvtuldd7eXnh22+/xaVLl2BtbY2BAweipKQEADBhwgTk5eXhgw8+QFlZGVxcXPDyyy9DJBJhyJAhWLlyJTw9PTFq1Ch8/fXXWLx4McRiMXr37o3IyEi1/R04cCAuXLgAX19ftGjRAhMnTsSLL76IrVu3YsmSJSqlNPXB1dVVCEZYWVkJ5RT37NkDoDxAAwCTJk3Sus2//voLeXl56N27d5V5gwYNwubNm4XgpLW1NT7++GPk5eVh0KBB6N+/P0QiEUaPHo1FixZBLBZjwIABmDp1Kr799lt06tRJ47qff/55vPnmm/jiiy9QUlICIyMjjB8/HqampjVmNPv6+iI4OBizZ8+GiYkJvL298cwzz6hkH3l4eCAgIAAffPABLCwsMH36dKSkpODTTz/Fhg0btP6MdKliZYOKRowYoRJst7Ozg5+fH1JTU1UyU2sq9R0ZGYlBgwZVmW5tbQ2JRKLyY7a2+vXrhx07dkAqlcLc3Bxz5szRuPybb76JvXv34scff0SnTp0wa9YsrFu3Dt999x26detW6/U3FmUQWFeZwMOHD4elpSWOHTuGgwcPQiQSwcHBAR9++KEwPvNrr72GvLw8fPLJJ1AoFOjYsWONn29NlOep999/H+3bt4erq6twnurduzeef/55LFq0CNbW1kIAU92dau3atdO4b1d3DK44frSm86I+hkdQR3ncrE5cXBycnZ3h4OBQJaO5uvHZNRGLxVi+fDlCQ0Ph6+uLkpISYbsrM601nTc1nRfruu+JxWIsWLAAu3fvxq5du2BgYIA333wTPXr0gEKhgKOjI/z9/QGU37g1adKkGo/vT6u6XrPWZNy4cSgoKMCCBQtQVlYGS0tLocy/pu9LY+rZs2e1pdJNTU2FoLS6G22U07XZp7S5bvHy8kK7du3QtWtX5OXlQSKRCMto2oc0Xec3xWsKIiIiIiIiItIfZRA4ISEBNjY2jVotrzKRopbpAMnJyQgODq7VSmbNmqU2uEH1p65UtjqpqakIDg4Wxp6sHLAICwtDXFwcgPLxMCsGC2t6LdWfttuxOnK5HFKpVON4wJW3a31lZmZi7ty52L9/f5XSiU8zbbflokWLhL+tra2xYMGCKsvIZDKsX79eeC6RSISSqzKZDLGxscL4tY1p27ZtaNOmDSZPntyo662N+u5TlVUOuldkZmaGBQsW6LxSgq6VlZUJ++qFCxcQERGBNWvW6LlXjU+b78bu3burzSZ1cHDAkCFDhO29bt06lQDwggULmlw56ydNXY6jSl988QWA8htfKt5AAwDu7u7CDTOaXks1q80xVt22AFS3hzbL6EpAQAC6dOlSpRR/U6TrcxkRERERERERqbp8+TKcnJy0WrZipUMLCwuNFQ0LCgqQn58PGxubevVPeYO6skqfNvr27QugCZaApoYRGhoq/JhdWFgoZIcC5YFCZfBX+bxi9pOm11LToCzrXZGzs7PKj5uxsbEIDg6u17jA6uijpGRzI5PJcOjQIZVtk5qaitDQ0GpfY21tjREjRugt0PS0bfeaykEfP35cD73S3tGjR7FixQoUFxejpKQEv/32W50yVZ8Wb7/9Nnx8fNQ+RowYIQR/z58/XyVrOSoqSufHWaIn2YgRI1SybbUlkUh0HvxNSkrCX3/9VetqP0REREREREREtdGiRYt6B3/rq0mWgCbdq/wDdUFBgfC3ujEOK/54rem11LS5urpCKpUKAf7k5GRERkbCw8NDzz2jymJjY2FnZyeU342MjIRUKtVzr6giTeWgqxsrtql45ZVXcPfuXfj6+sLAwAA9e/bExIkT9d2tJ5JMJkNUVBQSEhLUZgnHxsYiISEBjo6OcHd3ZzYwEQBvb2+EhoaqDMmQmJgIkUgk/F2RRCKBt7e3TvuwatUqpKSk4P3330eLFi102jYRERERERERUVNT6wBw+/bthbE/a/Ma0q/BgwcjOjpaeO7s7Kzy9/nz54WAhqmpKRwdHbV6LTV9np6eACAEgXUVqLKxscEPP/ygk7aeRmPGjKkSPKq4b40YMaJKqfWmciyt73i0T7LqgsBDhgzRY69qZmZmhnnz5um7G0+8ikMiaFJYWChU05g6darKOZV0p/Jx1MzMTPhbXYZ7xWmaXku6Z25uDh8fH0RGRgrXnFKptMqNTqampnB1ddV55i8ALF68WOdtEhEREREREdHTo0OHDsLfYrFYjz3RTq0DwObm5g3yoww1LA8PD5ibmwtjiVXchtbW1vDx8cGFCxcAlAcyKmYsVX5tUw90UFVjx46FmZkZZDKZEBAm/VJm+lbH3t6eY203Ufb29li4cCEiIyMhk8ng7OzMAN9T4sKFCzUGfyuLiIjg96OBaDqO1nQMrekYTA1jxIgRGDJkCBITE5GamioEgNu3bw97e3v07NmzyY+nTkRERERERERPp44dO+q7C7XCEtBPEU2Be3t7e42BQQb9n2zm5uYs+0ykQ9ynnk51GdtX3bjRRE8zc3NzODs7s6IMEREREREREVEDYgCYiIiISAtvv/22vrtAREREREREREREVCMDfXeAiIiIiIiIiIiIiIiIiIh0gwFgIiIiIiIiIiIiIiIiIqJmggFgIiIiIiIiIiIiIiIiIqJmggFgIiIiIiIiIiIiIiIiIqJmggFgIiIiIiIiIiIiIiIiIqJmggFgIiIiIiIiIiIiIiIiIqJmggFgIiIiIiIiIiIiIiIiIqJmggFgIiIiIiIiIiIiIiIiIqJmQnTw4EGFvjtBRERERERERERERERERETlXn75ZQBAfHy81q/p27cvAMDIwsKiQTpFREREREREREREREREREQ1MzIygpmZGSwtLWFtbV2/tlq3bq2jbhERERERERERERERERERUW0ZGhrCxMQEYrEYpqam9WrLyMbGRkfdIiIiIiIiIiIiIiIiIiKi2jIwMIChoSFMTU1hZmaGsrKyOrfFDGAiIiIiIiIiIiIiIiIiIj0SiUQQiUQwNDSEkZER5HJ5ndsyatGihQ67RkREREREREREREREREREtaUMAotEonq1Y2RkZKSjLhERERERERERERERERERkT4Z6LsDRERERERERERERERERESkGwwAExERERERERERERERERE1EwwAExERERERERERERERERE1EwwAExERERERERERERERERE1EwwAExERERERERERERERERE1EwwAExERERERERERERERERE1EwwAExERERERERERERERERE1EwwAExERERERERERERERERE1EwwAExERERERERERERERERE1EwwAExERERERERERERERERE1EwwAExERERERERERERERERE1EwwAExERERERERERERERERE1E0b67gARUXMx+4tDCPkpptr5fl5D8dUH44C7cVBsnVB9Qy1tIFr8ByASNUAviYiIiIiIiIiIiIioOWMAmIiosXX6D9DSBsjLVD8/LxNIvgR0GdS4/SIiIiIiIiIioqdSWVkZCgoKIJfLUVhYiKKiIgCAiYkJzM3NYW5uDjMzMxgZMaRARPQk4NGaiKixiUSA40ggZl+1iyiuHoOIAWAiIiIiIiIiImogCoUCubm5yMrKEgK+lecXFhaisLAQMpkMIpEIJiYmsLKygoWFBUSsXkdE1GRxDGAiIj0Q9RmneYGEU4BC0TidISIiIiIiIiKip0pBQQGSk5ORnp6OwsJCKBQKlJSUID8/H6mpqXj48CHkcjnKysqE1ygUChQVFSE9PR23b9+GXC7X4zsgIiJNmAFMRKQPDgNZBpqIiIiIiIiIiBqVQqFAZmYmcnJyoPj/yQc5OTk4f/48rly5glu3bqGgoAB2dnYoKipCjx49MHr0aPTs2VMl41ehUCAlJQWWlpawsbFhNjARURPDDGAiIn1QloHWQHH1WCN1hoiIiIiIiIiImjuFQoF79+4hOzsbCoUCZWVlePToERYuXIgvvvgCJ06cQEZGBgwMDNC+fXvIZDIcPXoUs2fPxp49e1SygZWys7Nx9+5dIZhMRERNAzOAiYj0RNRnHBQaxgFGwilgwpryYDEREREREREREVEdKYO/Fcf6vX37NtauXYu//voLJiYmkEgkeP7559GlSxdYWlrimWeegVQqxd9//43du3fj4cOH+O9//wszMzOhTQAoKirCv//+i2eeeYaZwERETQQDwERE+sIy0ERERERERERE1AgyMzNVgr/Z2dkICAjAtWvXYGhoiF69emHQoEFo164dzM3NYWpqCgsLC7Ru3Rrt27fHrVu3EBERgTZt2sDb21toRxnwffz4MTIzM1kOmoioiWAJaCJ6avWZuFjjIzmlmsCsrrAMNBE9AbaERcNw0EJ4fPRdtcuci78Dw0EL0WncamHaV/vOwvHNr1BWVnMZsO9/joXhoIUIP5+okz43tKO/J8Bw0EL8TyoDULv3qo1/02To6LEaJy7d0kl7RERERET0dCsoKEB2drbwXKFQ4ObNm0hMTISBgQH69euHQYMGwdLSEsbGxhCLxWjZsiUsLCxgZWWFVq1awc7ODgMGDEBMTAxksvL/C1UM9IpEImRnZ6OwsLDR3x8REVXFDGAiemol3UnVOL+ouLjB+8Ay0ET0pPj10k1IH+SgfVuLKvN2Hb9SZVpPSTuMGvAcDAxqPn7t/TUOALDnlzh4uPasf2cbWW3eqzasWppjlMtz6NTOUiftERERERFR40hPT0dYWBiuXLmCR48ewcbGBq6urpg0aRJatWqllz4pFApIpdIq03788Ufk5OSgVatW6Nq1K0xNTWFkZARjYzMPPMsAACAASURBVGOYmZnB3NwchoaGKC0tRVFREfLz82FgYICsrCykpqbC2tpa7fru37+PLl26MAuYiEjPmAFMRKRPyjLQ1cnLBO792Xj9ISJSw8zUCGYmRgj9/4HaivLljxF2+hpsrVuqTH91UHd8PX9cjW2nZubg9JXbGDPkeRw7l4jsvPrfLV5aWlbvNmpD2/eqLcuWZvh28RvoKWmnszaJiIiIiKhhnT17FnPnzoWtrS3Wrl2LsLAwLFu2DAqFAtOnT0dion4qHuXl5aGsrAwikUh4lJaWIiYmBmVlZWjZsiWMjIxw8+ZN/Pzzzzh16hTi4uLw8OFDFBYWIjc3F3/99RdOnz6Nq1evwsDAANevXxfaqkyhUCA3N1cP75SIiCpiAJiISJ+0KQMdzzLQRKRfIojg6d5bbaZv2OlrKHpcggkvOalMX7T1F9i8vLzGtvee+BPmpkbYtuB1lJYpEHb6msr87YcvwWL4Enz/cyyc3vwKLYZ9hv7vBuBy4j2VZQwHLcTG/edg+8pyeH66B0B5IHhFSCQ6jVsN8Uuf4eV5O/H3vQfC695cvBcjfYPxzeGLcHh9LSyGL8Ho+SG4n5mt0ocfIq/iuUnrYP7ipxg6exuu/aN693zF93r+6v9gOGih2sdft9MAALkFRfDb+BM6eqxGi2Gfoe/Ur3Hkt7+E9lIysmH4/9i78/CoqvuP45/JTPYNSEhI2AlLkFUEFAREFhUqglCKyiLggizan0sri5RayyrVqoCCtqJAFaUsoiBCxAoVKoiQCAYhQAIkECD7nll+f4wZEiY7CYnx/Xqeecjce+65594b0OQz53t6Pa8Pdx5xbLuckqkJf/5QDQbPU4PB8/TYgg3KyMoVAAAAgJp39OhRvfnmm3rzzTf1u9/9To0aNZK7u7uaNm2qyZMna9GiRZo7d64uXLhww8dWUK65sLNnzyonJ0cmk0m+vr66dMm+DFqXLl0UEBCg7OxsXb58WWlpacrMzJTNZlO7du3Utm1bWa1WnThxwtFXcSFwUlJS9V0QAKBcKAENADWszDLQRz6Vhs2jDDSAGpOTZ9bkYT313mffaf8PcbqtYzPHvtWfHtSwvjfJ39ujUn2v+/yQhvQKV5Mgf93ZLUxrtx/So/f1LNImMztPa7cf0j9eGK18s1XPvf6phj79D53eNEu+Xu6Odv/45FstnDZU7ZrbKytMW7JJ//riey2YNkTNguvpr/+M0F1Pva2jHzwnLw9XSdJ/I88oJT1bC6YO0eWUTM1563M9+9qn+vCvYyVJ/zsap7F/+kCDe7bRX5+4R3EXUvTSP3eVeD2dwhopYvnjjvf5Zqsm/PlDBdbzVusmgZKkh+b+S5EnE7R4xlA1buinT74+pjEvrNOBd59SlzYhTn3m5pk1YPpK5eSZ9dbMUcrMztPM5duUlpmj9fPHVeq+AwAAAHXJ6FlrtLHQhyoLO7L2aXUMa6SGd7+oFiH1tf8fM2Q0Xp0Xdf8f39Pdt7XTEyNvq/T5X3/9dc2aNUuBgYHF7g8LC9Mjjzyit99+W3Pnzq30eSrKYrEoLy/PaXtycrJjJnDjxo3VpEkTBQQEyM3NTQaDQSkpKbJarbJarbp06ZJycnLUqlUrJSQkKCQkRJmZmY7g12azyWAwFPkzPz9fZrNZJlPp8cOGjZv0x5lzSm0z8v7hWrp4YeVvAgD8ShEAA0BNKygDnXGp+P0FZaCbdav8OeJ/lLILld/x9JVC21esj6RzUvI16yaHhkuezuuBOon5n6RrAuz6oVKDJmUfe+3YK6oy13qNI9ExSkvPkiR1atdS9fx8yjjCLvb8RcXFJ5a4PzU9Q/6+PuXu8+tvI0tcQyf2/EU1bxysZqFBat647LKxKWkZijp+usx21+rbo1OJ/VT23pR0XGnXW1hFzluSI9Ex+uzL/fr626uzT/19fdSlfSuNHT6oXPe0LrPZbLq1Q1O1aRqod7cecATAMeeuaM/h0/pk6SRFHDhRRi/OIk8mKCrmgmZNHCBJGnlnR01bsklnEpLVIqToelLr/vKgo8z0hoXjFTZykf659YB+P6aPo83mJQ+rTVP7L1yOx17SO598q2V/GKGpI3tJkrq2DVXYyMXa8GWkJgy9RZLk6+Wu7X9/RIH1vCVJp85f0b++uFp6f/H7X6l5o3ra+rdJMv38SyJfL3dNf3lTsdfk7+Oh/t3CHO/nvPm5ktOz9flrj8rD3f6/3v/3QF81a1TPMdb+3cK0+rOD+nz/8WID4Pe2fadjpxN1ZO3T6tDK/r3oanLRwy+uV+yFZDVvVPzaWwAAAMCvyTMP9tXLT91bapuktCz9ff1ePftQvyo776VLl5SWlqbOnTuX2u6uu+7S22+/LYvFIqPRWGXnL01Ojn2JnYKfrQ0Gg6xWq+rXry+j0aj8/Hx5eXnJaDRq//79ys7Olre3txo1aiRvb2+FhIQoIyNDubm52rVrlywWi5o1a6YrV67IYrEU6bcg/C2QlZUlP7/Sf2f025H3S1KJITDhLwBUHgEwANS0gjLQpcwCth3+RIbrCIBtm+dLpw5c3eDhK8Mzm8sXwBb08eHMon1IMkx9Xwq7tfQDY/4n25sTnLeHhsvwzJayz3vt2CuqVQ8Zpq2t/PGS7nn4eaVl2APg2dMe0pzp5Ztxt3bzTi1YUcrs7kKahQZp5fxn1K9nyT8wDpk0s1x9+ft6a8aEEZo2bniJwWhk9Kly91dY5tFtJfbTObyV9v17Wbn6KXxvtr+7qNjrrsj4Ooe30rgRgzR2+KAKhcFbI/bpj4tWlhjUf/rlPs1fvk59e3TS7GljS30+dV1OnlmThvXQwtVf6u/P3CdPd1et/uygQgL9dM9tbbXtmx8r3Ofa7Yfk7mbSb3qHS5JG9u+kGUs3a92O7zXn51C4gJe7q+PrJkH+6tS6kSJPFC3FHBLg6/g64uBJSdJ9fW9STq5ZkhRc31ctQ+vr4I/nHAFws+B6jvBXkkIb+ulScqbj/XfR5zTqzk6O8FeSGhU6T2n2HjmjxWu+0qLpQ4oEu327ttSKf+/T+p2HdSYhWTl5ZqVl5iglLbvYfiIOnFD7FkEKaxzguJbenVpIkg7+eI4AGAAAACinxTN+o8cXbtCoOzs5fei0suLj49WiRYsy25lMJtWvX1/JycklzhSuatnZzj9jGAwGNW3aVPXq1VNiYqLc3Nzk4+OjJk2aKDExUYGBgerUqZPy8/NltVrVvHlzNW/eXB4eHsrOzlbjxo2Vn5+vuLg4eXp6ytvbW97e3k4f4M7NLd+SNSWFwIS/AHB9WAMYAGoBQ4e7S29w5FOp0Kcor1tOumyfVOB/og9srHQIa/v6veJ3xEf/PDO4dluzaacj/JWk5Wu2KCUto8rPExefqCGTZuqeic9fd/+p6Zmav3ydeo2aoSPRMVU0wrJFRp/SlDmv3LDzXXvuPy5apZvumqStEfvKbJ+SlqEpc17RA0+9VCT87dO9U5FXgT0HojRk0kwtWLGuWsb/S5CXb9HDQ29RVm6+/r07SlarTe9v+04PD71FRqOL8s2WCvVntdr0wc7D6t+tlSQpIytXnu4m9erYXGu3Hyrz+AZ+XrqYVHJ1gEvJ9r9Hze5bIO/+cxyvU+eTlJSWVeJx17qYlKHgcga+haVl5mjCix/qjptbOc0ueHLpZi16/0s9MaqXdi17XN+v+T8F+HuV2FdicoaOnb5Y5Dra/HaxJCmphNAYAAAAgLP2LYI0dWSvEiv6VIaPj48yMsr3c3xmZqbc3d3LblhFCkLYgpm5VqvV8fXAgQMVFhYmd3d3GQwG3XzzzRozZozuuece+fv7y2azyWKxyMXFRe7u7rrjjjs0cOBABQYGKiMjQy+//LL+9a9/6fDhw7p06ZJyc3NltVod5y6u9HRJfjvyfi1ZNN/xnvAXAK4fM4ABoAxzlm3RqfOXS9w/fUx/9ekaVuL+cmndu/rLQF/rh132ALasGbzZabJtWVC5cySdk45GlLjb9vV7MpR1/ho2f7k98GsaEqSzCYlKTc/U1oh9Gn//4Ar1U9Is1yPRMYr88ZTmL1+nswmJ2nMgSvOXr9PLs6aU2Fef7p20473FTttT0jK050CUlr2/WXsPRtlD5YkzdeyLd0udFVuRWc1lWbt5l/p071Th+1Oakq5XspeJjow+pbWbdyrq+Gmlpmfqgade0rRxw0u9h2OefEl7D0ZJkvx8vDRn+jiNG+E8ezj2/MUis5XnL1+n5NSMUvuuq2w2mxoF+GpIr3Za/elBBdX30bnEVE28t/vP+yvW35ffnVT8pTTFX0qT/8A/Oe0/cOysetzUtMTjEy6nq8dNJVcx8PZ0k9Hoot0rpsjoUvQzj4Vn/JalUYCvUtMrHrI+uXSLUtKztfrN3xX5JHxunlnvfnZQbzw7XA//PAtZktMYC/PxdNfN7UK17Ln7nfa1atygwmMDAAAA6qK/r9+rZRu+KbLtlvAm2rtqmuO9zWbTC5MHqvPYV/TBF4f14F1dr/u8LVq0UEJCgjIzM+XtXfLPGmfPnpW7u7t8fSv+AdPKys3NdazJa7ValZOTo4yMDKWkpMjT01NhYWGyWCwym80yGo3y9PSUm5ubUlJSZDabZbFYZDKZZDAY5OHhIZvNJrPZrBYtWujjjz/WyZMnFRsbq27duqlVq1Zq2rSpgoODZTKZHOWny+u3I+93zAYGAFw/AmAAKMPO/T/q++NnS9x/b99O1x8AG92qvQx0sX1+OMteCrqUdXxtX78n5VRuDV7bnhJm/xY4GmEPiStQirqiDP0mVvrYrRH7dDbBPjv05VlTHMHqghXrqizg7BIepi7hYRo2sJfumfi8oo6f1oq1W9SvZ2cNG9irQn3V8/PRsIG9NGxgL81fvlYLVvxLqemZenzOK/roDeeArbo88cKr6ty+lbqEX+ffi3Lo17Oz+vXsrBkTRmhrxD49PvtvSsvI0oq1W9Q5vFWxz+kPC1c6wt9O7Vpq/Rt/KnGN3+aNgzVn+jjdO7CXoxR4aX3/Gkwe1kMjn39fuflm9e3a0rGObUWt3X5IPl7u2rp0klxcrgakeflm3fvsu1r7+aEiAXBqZo58vOyflD8ee0nHTl/UYyNK/gBJ364tZbFYlZqRo6E/l5iWfp7R26D8ZcJ7tG+ind+e0IJpQxzb0jJL/0XGxxGRWvv5Ia37y0NqGlyvyL70rFxZLNYiofDJc1eUXErI3KdrSy1Y/aVahNQvUn76YlKGY11kAAAA4Nfu/8b0KXMNYEnydHfVm8+P1Lh5H+ju29pe93mNRqNGjBihd955R7///e+LbWOz2fT6669rwoRilsiqRhaLRWlpaUpISNBPP/2k+Ph4HTp0SOfPn1e/fv1000036dixY/Lx8VFKSoo8PDzk5+cnm82myMhI1a9fX0lJSerSpYvq16/vCI/9/f2VlZUlq9WqY8eOKTExUf7+/mrZsqV69eqlNm3aKCAg4IZeKwCgKEpAA0AtccPLQEtS8vmSSzRL9nB2Z/nWdHWSnSYdKLukku2LN0rdb5i2Voalx0t+vXRACg0v/tgxC6WOgyo1fEla9v5mSfbZv8MG9tKMCSMk2cs1r9m0s9L9Fqeen49WLnjG8f7rbyOvq78508epaUiQJOmzL/dfV1/l1aldS8fXQybOrJZS2aUZNrCXPi80U/j5xaucxhB7/qJWrLWvPe3n46XPVy8uMfwtrEt4mFPfv1a/ub29ghv46JvIWE0a1qNSfWTl5GvTf47qwcFd1O/mlurTpYXjNaB7a91/Rwd9uPOIzJar5cPu/+P72rr3mDZ8GaURf3xPDfy8NOnn2cfFubVDMw3v10Hj//yhXlu/V18ditFr6/eqzW8X6/N9x8s91ucn3Knvf4rX71/ZosiTCfpkzzHNWrG9xPbxl9L0xOKN6nFTUzUJ8tfeI2ccrwtX0hVYz1u3hDfRn9/+Qis37ddr6/eq/9S3lG+2KCO7+DWypoy4VQH+Xho0Y5U++OKwdn8Xo/975RO1Hb2kyHrFAAAAAMpnUI82uqtnW/3h9c/kajJed38PPvig4uLitHz5cuXn5xfZl5mZqXnz5mnv3r26cOHCdZ+rIjIzM3Xy5El9++23OnjwoCIiInTq1ClduHBBMTExMhqNcnFxcQS7aWlpysjIkJubm9q3b68mTZooODhY2dnZSkpKUlpamtLT0xUfHy/pasCcmJio+Ph4RUZGaufOnTp69GiFSkADAKoeATAA1BYFZaBLUlAGuqrtXGYPeoth+3Bm5fs9sNF55nDfCZLHNbPVfoiwh8WVZNsy376e8LW6j5B6jKx0v19/G+mYJTpn+lhJ9oCxIFRdt2VXpfsuSZfwMPn52NcBjYw+dd399et5dQ3b2PMXr7u/sgwb2Etjhw+UZF+HeMik6/j+qaQu4WGaPe0hxxjWbi76nApCfUlaMnNKqaWxi+t72rjhjr6r+kMAvxQmo4smDL1FPl7uGj3Auax5eWz+zw/KyMrVI/f1LHb/I/f11OWUTG3fd/Xv9sR7u+uZv2/VuHkfyNvTVZ+9Olm+XqWvnfXBSw/p0ft66uW1/9E9v/+H3t78P/396ft0T6925R5r9/ZNtO4vD+qz/0br9seWa8mar/T0g31LbP/tsbNKSc/WgWNndccTbxZ5bf7PUUnS+vlj1bVtqJ57/VP9/cM9emHSQI0e2FlZOfnF9lnP11NfvzVVncIaadqSTRr27Ls6fCJe2199RA3rl7+cNQAAAICr/vb7YfpkzzEdORF/3X0ZjUYtXrxYJpNJY8aM0V//+lctX75c8+bN09ixY9W6dWs1btxYy5cv1+rVq6tg9OXj6ekpd3d3NWnSRG5ubvL395fFYpEkff/99/ruu+907tw5mc1mRwCclpams2fPKioqSkeOHNGFCxcUGRmpixcvKjU1VRcvXtSWLVuUl5fnWFM4NzdXOTk5ysnJUUxMjH744QeZTBQfBYCaxL/CAFBblKcM9NEvqrwMtCTZ1s+SYeqaoht/2CWdOlD5Posp/2zo+7Bs2WnSwashnHLS7WsB3/1kxc+xZX7Rvgq06iHDA8WvGVteazfbwz0/H68ipZjnTB+rJ154VXsOROnrbyOLXdf3ejRvHKyo46erJLAtPLM19vzFcs10vV6rFjyryOhTijp+WpHRpzRlzitaOf+Zsg+sQtPHj3Cs2bt8zWbHzG2p6HOtTAnnGRNGOGYQb/2y4mtB/xLNGN1bM0b3LrJt0fShWjR9aJFtb8/+bZH3C6cP0cLpQ1Sch+6+WQ/dfXOJ5xzQvbUs++x/h9/aaJ/BPmFIN00bVXxZ9CdG3qYnRt7mtN3dzaTFM4Zq8YyhxRwlffDXsU7bnht7h54be0eRbWMGddGYQV2c2hUofK0j7ujgGHtJWoY20LZXH3G6hgIWq33ms8l49bOaTYL8ix0vAAAAALtXPtijv6/f67T9b78fpqd+d7vT9ob1vbXkyd/o0fkfV8n5TSaTpkyZovHjxysqKkqpqanq2bOnZs+eLXd3d911112aNm2aVq5cKYvFokceeaTsTq+Tr6+voqKiFB0drfPnzysmJkaZmZmyWCzKycnRJ598ogYNGqhFixayWq3KyMiQ0WhUYmKi/Pz8FBoaqoyMDJ0+fVqZmZmyWq3KyspSTk6OXFxcHAFwwUxiLy8v2Ww2JScnEwADQA3jX2EAqEUMHe6WrZQAWFHbpXuelwqtHVklYr61B74F5ZKz02TbsqDy/R3YKCVf8wnaDgOlBk1k6DdRtmtD24ObpIoGwAc2Snved94eEi7DpBUV6+sasecvat2WCEn2wK/wLNFhA3vpj4tWKi0jS8vWbK7yADjq+GlJUuf2ra67ryOFZhGXFv7GxSdqz4GoMvvr26NTmW0k6fPVi9V+8ESlZWRp7eZd6tO90w0NSuv5+ahP907aezBKcfGJju2x5y8qLSNLkiq8vnKB5o2D1aldS0UdP6295bhnQEXtPXJGm//zgyRVen1lAAAA4Nfm44Xjy2xzacc8p22T7u1e6tIyleHl5aVbb73VaXujRo20YsUKTZ06Ve+88458fHw0ZsyYKj33tfz8/HTw4EGdPHlSWVlZysjIcJSodnd3l9VqVXp6ui5duiRPT09lZWXJ09NTAQEBSk5O1uHDh2UymRQSEiI3Nzelpqbq0qVLMpvNMplMslqtjjDZbDbLy8tLvr6+ys/PV3Bw9X8IHQBQMgJgAKhNCspAZ1wqfv+VM/Yy0NUxC3jLAhnCekqefvZ1gZPPF23g4SPllG9NV9uBjU7bDAXlmEPbSyHhUkKhss3J5+2BbnlLNsf/KNv6Wc7bPXxkeHCR5OlXvn5KMH/5WsfX40YUDS7r+flo3IjBWrF2iz77cn+VzqwtfN4u4dcXAB+JjnEElE1Dgkod49rNu5xKJRcn8+i2cp27np+PPn9vsXqPsof6T7zwqjq3b6Uu4WHlOr4q9OvZyVHCu2CmduFZ1dfzzPx97R8ISE1n7VVUvcXv79beI2f07EP91KVNSE0PBwAAAEAVatSokZYvX65nn31WFy9W/1JN3t7eat26taKjo5WXlycXFxcZjUbl5eU5SjhLUnx8vNzc3GS1WuXl5aWGDRuqb9++stlsys7OVlZWlhITE3X27FmdOHFCJpPJ0ZfNZpPNZpOHh4dyc3Pl6emp9u3by8/v+n43AwC4PqwBDAC1SUEZ6FLYjn5RNecaPKPo++Tz9uA36Zx9XeDCOgy0B7flEf+jc+no+qFXZxdLMvR72Omw4kpGFyvpnGwriv9kr2Ha2vKPswQpaRn69Et7ydmxwwcWGxQWLilcOLS9Hms27XSULfbz8dL08SPKOKJkX38bqSfmvOoIKAvWML6RuoSH6a2/Pu14P2TiTKWkle8DBEBhT4y8TZZ9i+VTxnq/dcXWv01S8q4XteTJ39T0UAAAAABUg9DQUH3wwQd66qmnqv1cBoNBQ4cOlZubm+rVqycPDw9JksVikcFgkNFolMFgkNVq1aVLlxQbG6uYmBjFxcXp8uXLSk5OVmpqqq5cuaKffvpJERERys7OluGaynQ2m00uLi5ycXFRRkaGevXqJRcXogcAqEnMAAaAG+18lPRjRIm7DW7espV2fBWVgTb0e1i2g9eUat65TLaj18wE9fCRYfhs2T6cWa5+bV+vdt7Y/ZqZvR0HSVvmF51RHB8txfxPCnMuk+SQnSbb6ulSTrrTLsOYhdcd/kr2NWMLgtNrZ/8WaN44WGOHD9S6LRFatyVCS2ZOKVImujjrtuxyzEgtLPb8RX39bWSRUsXr3/hTqf3FxV/UghXrit23NWKfIguVfh47fGCZ5ZfHDh9Y4rVej/H3D9aeA5FatyVCqemZGjJppvb9e1nZB1aBwuWvO/88m7pzoVnVhfdXVMFMYj8fr0r3AQAAAADAjdC/f3+1atXKMQvYarXKxcVFrq6uMpvNMpvN8vPzU6NGjZSbm6tLly4pMzNT58+fl8FgUG5urjIyMnTlyhXl5OTIaDTK1dXVMXu4YCaw1WqV0WhUmzZtNGDAgBq+agAAATAA3GhnI2Xb+WrJ+1v2kNy9pdwSystWVRloTz8ZHlgk25sTim6Pjy76vu9EqUGT8vWZdE66dn1fSYYe9zudWx0HObW1ff2eDKUEwLZ3pzmPT5L6Tih/+egyrNlkD8D7dO9U6vq+40YMdqwTvHzNZs2ZPq7UfstTYrlpSJBWLXimzHWF4+ITNX958QFwYdPGDdfLs6aU2a554+AqX8u4wKoFzyoy+pSijp9WZPQpTZnzilbOf6ZazlVY5I/2gNfPx8sRptfz81HTkCCdTUjU3gNRSknLKDO4v9aR6BidTbCH9X2r6Z4BAAAAAFBVjEaj5s2bp3Hjxsnd3V35+fkym82y2WyyWCxycXGRl5eXgoODZTKZlJ6e7tgvSdnZ2XJxcSky69dsNsvNzU1ms9kxg9jb21uhoaF68cUX5erqWlOXCwD4GXUYAKDWMUgd7ym1RZWVgQ671V7euST1Q2W4+8lyd2c7sMl5Y4eBxQbIhn4TndsejbCHyMX1/eHzzqWlf+7fMHxOucdYmjWbdjrCvXEjBpXatl/PzurUrqUkafmaLZUqb+zn46U+3Ttp2rjheuuvTyt61+pKB7Gd2rVU05Agx/u3/vp0ucLfG+Hz1Ysds2XXbt6lNZt2Vuv5tkbsK/Qci85sHn+//bmmpmdqa8S+Cve9/P2rH1oYNqDXdYwSAAAAAIAbo1u3bnrooYfk7+8vT09PGY1GmUwmeXl5qWfPnqpfv74CAgIUEhKi4OBgBQQEKDg4WIGBgfLz85Ovr6/MZnORPgtmElutVtlsNl2+fFk333yzOnbsWENXCQAojAAYAGohQ5f7Sm8QtV2ylVoouvznGj5b8ih+FmSFgtXsNKmYdXwNJc3MDW0vhYQ7bS52LeADG4udWayQcBkeWFT+MZahYFZt05CgMssmS3Ks01ueMHH7u4uUeXRbkVfC/zZox3uL9fKsKeU6X4E+3Ts59bV/43Lt37jMEbQuWLGu1qy5W8/PR5+/t9jx/okXXlVk9OlqOVdKWob+uGil433h9ZqlooHw84tX6Uh0TLn73hqxzzHru7zfIwAAAAAA1AazZs1Skyb2D+h7e3vL3d1d7du314ABAxQQEKCAgAAFBQWpUaNG8vPzk7u7u2ONYA8PD+Xm5kqSY2awrdDvpUwmk9q0aaP58+c7rQ8MAKgZBMAAUBu17m0vA12SgjLQVaFBE3uZ52u16mEv01xeP+xyXpu3fmipfRj6Pey88cAme5hcIOZ/sq2fVXwHjdtLe96XvlhW+qscvv420jFrtGCWaFnG3z/YMeu2pDV5b6R6fj5ateBZSfYy0VPmlFJq/AbrEh6mt/76tOP9p19WfPZtWWLPX9SQSTMd6ymPHT5QzRsHF2nTvHGwFj//uCR7cP/Aky+VKwTeGrFPU+a84ni/akH1/6yD9gAAIABJREFUl7EGAAAAAKCqGI1Gffrpp2rRooVcXFzk4uKic+fOKTAwUCEhIfL19ZWHh4f8/Pzk7+8vb29veXl5ycPDQ25ubsrPzy8S/hbM/LVarWrevLl2794to9FYw1cJAChAAAwAtZHR7caVgZbsZZ6vmY1b0Zm1ti/ecN7YvYx1eTsOcp59nJNun/Fb0O+700o+/uAm2b54o8xXeRTM/vXz8XLM7C2PgrA4Lj6x2ksbl8ewgb00bdxwSfaQtTJljqvL+PsHO8ZWlWLPX9SCFevUa9QMRUbb1/7t1K6lIwy/1owJIzR2uL30eVx8onqPelJ/XLRKsecvOrU9Eh2jKXNe0QNPvaTUdPu63Iuff7za1kwGAAAAAKC6uLq6au/evXrooYck2dfy/f777xUUFKR69eo52nl4eMjd3d3xtYuLi2O934Lw2MXFRa6urho/frz279/Pur8AUMuYanoAAIDiGbrcJ9t3/y65QdR26Z7npSoqrWMYMVu2Hfaw1NBxULHr9pboh11Scrxznz3uv/om/kfZDmySoUHjq+sCe/rZQ+Bryjvb9rx/dY3gnOovY3wkOkZ7D0ZJsgeo9fyKL4ldnOnjR2jBin9JktZt2VUrygLPmT7WsQ7ulDmvqHP4MqeZsIWt3bxLew5ElavvscMHXdc1vjxriiKjTznud3lEHT+leyY+X+y+2PMXHTN+r45xoJbMLH3941ULnlXzxsGOZ7d8zWYtX7NZ/r7e6hzeSpKc7omfj5eWzKxYuW4AAAAAAGoTo9GopUuXauTIkZowYYIOHDigPn36yGQyOco3W61WGQwGWa1WWSwWeXt7y2AwyGg0yt3dXSaTSR4eHvrXv/6lO+64g7LPAFALEQADQG1VUAY6N7P4/QVloJt1q5rzhd0qw7RbK3Wo7evVzhsLQl5JSjon2yv2WbU2STr5PxkmrZAkGfpNlO3a9X2Tz9tnAZe0fnAVW/7+1fPPmT6uQsfW8/PR2OEDtW5LhPYciNLX30bW+OzQen4+Wr9srnqPelKp6ZmaMucVfb56cYnt4+ITnULUkvTt0em6x7f+jbm6beQMR8ntsqSmZ5YroO7TvZNmTBihYQN7lavfOdPHqW+Pzlq2ZrM++3J/iefy8/HSsIG9NGf6uFKDdAAAAAAAfgkMBoNuv/12/fjjj/r3v/+tjIwMubu7KycnRyaTPTLIz8+XwWCQyWSSj4+PfHx85OrqqpYtW+q5557T7373O8csYQBA7UMADOBXa8SA0oNTP29PSdKAnu3UPDSgxHZNGzWQJHVr11hJ/TuW2K5Lm1D7FwHNSi/vHNzW/qfRTbp9snTmQMltL50qXwDcuH3ZbSrTh6ff1fV6W/UosqvI+r4/7Cp63NGIq1+Htpe6j5CSzhdpYks6L0Mx/Va1lLQMxZ5PVJ/undQ5vFWlAr4508cp9rw9zNxz4GoA3Cw0WH262wNTf79S1nQup4K+CmaolqZLeJgWP/+4tkbsk81mX8O2cDDq7+ft6K8imoUWvT+F+7l2X0kKAuo/Llzl6KM4ZY3P389bXcJbyd/XR8MG9qrUs+vXs7P69eys2PMXtTVin1LTM/T1t1E/7+ukZqHBFZ4VDgAAAADAL4Gbm5sefPBB2Ww25efnKzExUSkpKTp9+rTOnj2rhg0byt3dXQ0bNlSfPn3UuXNnNWzYUC4urCwJALWdwVawcjsAANUl/kfHDGBJUv1QGebsrrnxAAAAAAAAAABQi6Wl2SdfHT58uNzHdO3aVZLER3UAANUvtL3Ud4JUP1QKCZdh+JyaHhEAAAAAAAAAAHUSM4ABAAAAAAAAAAAAoBZhBjAAAAAAAAAAAAAAgAAYAAAAAAAAAAAAAOoKAmAAAAAAAAAAAAAAqCMIgAEAAAAAAAAAAACgjiAABgAAAAAAAAAAAIA6ggAYAAAAAAAAAAAAAOoIAmAAAAAAAAAAAAAAqCMIgAEAAAAAAAAAAACgjiAABgAAAAAAAAAAAIA6ggAYAAAAAAAAAAAAAOoIAmAAAAAAAAAAAAAAqCMIgAEAAAAAAAAAAACgjiAABgAAAAAAAAAAAIA6ggAYAAAAAAAAAAAAAOoIAmAAAAAAAAAAAAAAqCMIgAEAAAAAAAAAAACgjjCdPptQ02MAAAAAAAAAAAAAAPwswN+70seaWjYNqdSBCQkJio+PV3p6usxmc6UHUBVMJpN8fX0VGhqqkJDyX09CQoIuXryotLQ05eXlVeMIK8bNzU1+fn4KDg6u8PUkJiYqNTW1Vl1PVXFzc5O/v7+CgoK4L7VAZZ8HAAAAAAAAAAAASpeWllbpYw02m81WkQPMZrOOHDkiSWrVqpV8fX1lMpkqPYCqYDablZ6erlOnTkmSOnToIA8PjxLb5+Tk6OjRozKbzQoJCZGnp6eMRuONGm6ZLBaLsrOzlZCQIJPJpNatW8vf37/E9gXXY7FY1LhxY7m5udWq66kqFotFeXl5On/+vIxGI/elhhU8j/j4eLm4uJT5PAAAAAAAAAAAAFA+BQHw4cOHy31M165dJVViDeAjR46ofv36uuWWW1S/fv0aD38l+wzggjFJ0tGjR0ttHxkZKQ8PD7Vp00Y+Pj61LhQ0Go3y8fFRmzZtZDab9dNPP5XaPioqSl5eXmrdunWtC7OrktFolKenp1q3bi2LxcJ9qWEFzyMsLKxczwMAAAAAAAAAAADVr0IBcHx8vCT7zN/aqiAELhjrteLj42Wz2X4xJWvbtGkjq9Va6vVYrVYFBwff4JHVrNatW3NfapGyngcAAAAAAAAAAABujAoHwLU5/C3QqlWrEoOoCxcu/GLC3wIhISG6cOFCsfsuXLjwqw05g4ODuS+1SGnPAwAAAAAAAAAAADdGhQLgjIwM+fr6VtdYqoyvr68yMjKK3Zeeni5PT88bPKLr4+npqfT09GL3paeny8vL6waPqHbw8vLivtQipT0PAAAAAAAAAAAA3BgVCoDNZnOtWPO3LCaTSWazudh9+fn5v7i1YI1Go/Lz84vdl5+f/4t4JtXBZDJxX2qR0p4HAAAAAAAAAAAAbowKBcAAAAAAAAAAAAAAgNqLABgAAAAAAAAAAAAA6ggC4GqyY8cOBQQEOEpRBwQEaMeOHTU8qqq1ePFi3XHHHTU9jF+UvXv3KiAgoMQ1qgtbvHixBg4ceANGBQAAAAAAAAAAgLqiWgLg//73vzIYDPrmm2+K3b9582a5uLgoJiamOk5fZXJychQQEFDia/To0SUee+36s7t371bv3r0lSXFxcdq4cWO1jr0kERERRa4hNDRU3bp104wZM/Tjjz9WqC9XV9cKrae8d+9eHTx4sKJDviGuvS8BAQEKCgrSzTffrNmzZystLa1KztO1a1ft3r1bnp6eZbadNGmSVq5cWSXnBQAAAAAAAAAAwK+DqewmFXf77berS5cuWrlypSP0LGzVqlW6++67FRYWVqF+zWazU7B6I7z66qsaMWKE0/aKjKVbt26yWCyy2Wzavn27/vvf/2rkyJFVOcxyKQhsDxw4oEaNGik1NVXHjx/Xa6+9pgEDBuidd97Rb37zm2o596pVq9SnTx917969Wvq/HtfeF0nKy8vT999/r6efflqxsbFat27ddZ/H19dX3bp1c8wML02jRo0UEhIii8Vy3ecFAAAAAAAAAADAr0O1lYCePn26PvroIyUnJxfZHhcXpx07dmj69OmSpA8++EAdOnSQp6enWrdurdmzZys3N1eSfdasyWTSxo0bFRAQoL///e/VNdxS+fr6ql69ek4vb29vR5tPPvlEt912m5o2barhw4crLi6uSB/+/v76/PPPtWTJEs2bN087duxQy5YtFRsbe6MvR5Lk5eUlHx8fNWnSRIMHD1ZERIQmT56sp556yjHb1WKxaMGCBerYsaOaNWumvn37av369SX2eeTIEQ0fPlxNmzZVhw4d9Nhjj+nChQuSpJEjR2rbtm168cUXHR8KuHz5sqZMmaKwsDCFhYXpvvvu06FDh6r/4ktRcF98fHzUoEED3X333Zo/f7527NjhKNtc2rhfeukl9ezZs0ifFotF4eHheuutt7Rnzx75+/s7+lq/fr169+6tJk2aqG3btpo6darj/i9cuFD9+/d39BMVFaX7779frVu3VocOHTR58mQlJCQ49gcFBWnDhg164IEH1KNHD3Xo0EFvvfVWkXGU9jwvXbqkyZMnq23btmrSpIn69u2rrVu3VvEdBgAAAAAAAAAAQHWqtgB47Nix8vDw0Pvvv19k+9tvv61mzZpp6NCh+uabb/TII4/o5ZdfVnp6urZt26bNmzdr3rx5kiR3d3dZLBZt2LBBhw4d0tSpU6truKWy2WyyWq1OL5vNJskeaj/66KOaOnWqkpKStHTp0mJL95pMJs2bN08PPfSQfvOb3yglJUUtW7a80Zcj6eo1WSwW5efnKy0tTbNmzVJqaqoiIiIkSa+//rq2bt2qHTt2KDU1Va+++qqeffZZx/7C0tPTNXr0aA0ePFiXL1/WDz/8IIPBoIcffliStHPnTjVr1kwLFy7U0aNHJUlTp05VXl6ejh8/roSEBA0bNkwjR47U5cuXb9yNuMa1zzovL8/xrAtm4pY27vHjxysmJkZRUVGOPvfs2aOkpCQ9+OCDRUpmnzlzRtOnT9eSJUuUnp6uw4cP68KFC1q6dKmkoiW2k5OTNXz4cN166606c+aMIiMjZTabNWrUKFmtVkn276/XX39db775pk6cOKG//e1vmjt3ruLj4yWV/TxffPFFZWRkKDo6WqmpqZozZ46mTp1ao88DAAAAAAAAAAAAFVNtAbCXl5cefvjhIkGoxWLRu+++q6lTp8rFxUWvvfaaxowZo6FDh8pkMqlt27aaOXOm3n77bfvgXOzDmzx5spo3b15kxu2NNG3aNIWGhjq9du3aJck++zcgIECPPfaYMjMzFR4ernHjxhXbV3Z2tiNQTE5OdoR3tYGvr6+Cg4Mds5dXrVqlWbNmqVmzZkpNTVWvXr30wAMPaO3atU7HbtiwQb6+vvrDH/6g7Oxsubi4aNGiRTp48KCOHTum9PR0Sfayyqmpqfrpp5/05ZdfaunSpXJ1dVVWVpaefPJJBQYGatOmTTf0uktz/PhxLVmyRAMGDFC9evXKHHdYWJi6dOlSZObs5s2bdffdd6tevXpF+k5KSpLNZpOHh4dSU1Pl4+OjnTt3OgLgwjZs2CAXFxfNnTvXUQr9pZde0vHjx/Xdd9852o0dO1YBAQFKSUnRoEGDZLVaHWttl/U8r1y5IldXV1ksFqWnp+u+++5TRkaGGjZsWB23FgAAAAAAAAAAANWgWhfUnTZtml5//XXt2bPHUU728uXLmjx5siR7uHbkyBGtXr3a6diUlBTH123atKnOYZZp/vz5GjZsmNP2gkAvISFBLVq0UF5eniR70N2qVasbOsaqYLPZlJOTIy8vL6WlpSkxMVGTJk3SpEmTirTr0qWL07GnTp3SmTNn5OXl5bQvLi5ON910k1N7SWrbtq1T+3Pnzl3PZVyXnj17ymAwSLKvOW2z2TRs2DC98cYbstlsZY7bYrHooYce0ttvv63Zs2crLy9PW7du1bJlyxwzxgv06NFDTz75pIYOHarOnTurf//+GjFihDp27OjU99mzZxUWFqb8/HxJ9mfVuHFjSfb726NHD0lSSEiI04cKcnNzy/U858+fr1GjRummm27SHXfcoUGDBmn48OHy9PSs8H0EAAAAAAAAAABAzai2GcCSPSQbNGiQYxbwqlWrNGbMGAUGBtpP7uKiZ555RjabzelVeLaku7t7dQ6zTA0aNFCjRo2cXm5ubpLss1qvDfcKwuBfkpiYGKWkpCg8PNwRgn7yySdOz6bwjNMCRqNR3bp1K/ZZFheeF5Q2TktLc2r/8ssvV++FlmLHjh06fPiwDh8+rDlz5sjf31+vvPKKPDw8yj3ukSNH6tSpU4qKilJERISsVqvuuusup3NZLBYtWbJEsbGxevzxx3Xq1CkNHDhQ77zzjlPbgudRmNlslnR1pnxJDAZDuZ5nmzZtdOLECX388cdq3bq1lixZov79+zvWJAYAAAAAAAAAAEDtV60BsCRNnz5d//73v3XixAnt2LFD06dPd+xr06aNvv/++yLtr1y5otTU1OoeVoWUtAZwgSZNmiguLq5ICBwdHV0TQ70uixYtUtOmTdWvXz/5+fkpKChI+/fvV1JSkuMVFRVV7JqwrVu31k8//aSzZ8862iYmJioqKsoxa7WwsLAwSdJ//vOfIv0fOnRIWVlZ1X6tJQkICFBgYKACAwP1zDPPKDw8XBMnTnQ87/KMOzAwUP3799e2bdv0ySef6Le//W2RtX8LmM1mxcXFydvbW+PHj9dHH32kuXPn6t1333VqGxYWppMnTxb5YMHJkyeLjKk05XmeiYmJSk5OVvfu3fWXv/xFkZGRSkxM1O7duyt4FwEAAAAAAAAAAFBTqj0AvvfeexUUFKSJEyeqW7du6tmzp2PfU089pa+++kqrVq1Sbm6uzp07p1GjRhUJiWuDK1euKC4urtiXJA0ZMkSJiYlauXKlMjIy9M0332jjxo0l9ufp6anY2FglJycrJyfnRl1GEYmJiYqPj1dsbKx2796tBx54QDt27NB7773nmBn61FNPaeXKlfrmm29ksVh06NAh3XXXXfrwww+d+hs9erTc3d01e/ZspaamKj09XX/605907733OgJgLy8vxcTEKCkpSW3atNHgwYP1pz/9SbGxsTKbzfroo4/Uq1cv/fTTTzf6djgUDvhzc3P1j3/8QwcOHNCyZcskqVzjtlqtjvv5xRdf6IEHHij2XOvXr1f//v118OBBZWVlKTY2Vt99953atWvn1Hb06NEyGAxavHixsrOzdfnyZc2fP19du3bVzTffXOZ1lfU8rVarBg0apL/85S+6cuWK0tLSFBERoezs7GLLXQMAAAAAAAAAAKB2qvYA2Gg06oknntA333yjadOmFdl3++23a82aNXrttdfk7++vW265Re3atdNbb71V3cOqkJkzZ+rmm28u9mU2m9W+fXu99957+uc//6l27drp5Zdf1p///GdJKnb264MPPqiEhAR1795dUVFRN/pyJEkDBgxQp06d1L17dz355JMKCgrSwYMHdcsttzjaPPXUU5oyZYqmTJmipk2b6rHHHtMzzzyjRx991Kk/Dw8Pbd++XXFxcerYsaM6d+6sM2fOaMeOHXJ1dZUkTZkyRevWrVPfvn2Vl5end999V+3atdOdd96pli1batWqVdq0aZPCw8Nv2H0oS8OGDfXqq69q/vz5+v7772WxWMo17nvvvVfHjx+Xn59fkQ89FDZp0iQ9/vjjevTRR9W0aVP17t1bnp6eeuONN5zaenl56dNPP9W+ffvUtm1b9e/fXw0bNtS2bdtksVjKdS2lPU8XFxdt2bJFP/74o7p27aoWLVpo7ty5+uc//1nsmsQAAAAAAAAAAAConQy2axevLcWuXbs0aNCg6hxPlSlprLt27VK3bt3K3U+DBg1K3Z+UlCRJcnNzk5eXl1xcXGQ2m5WTkyMfHx/H/gYNGig9PV35+fkymUzy9fWVJKWnpzvWci3NoUOHquR6XF1dHecuYLVaZTablZWVVaS0tWSfrezu7i4XFxdZrVbl5OQ4Zi17enrKzc3NUbLbaDTK29tbJpNJNptNZrNZmZmZjj49PDzk5eUlm82m5ORkGQwGeXt7y9XVVQaDQRaLRVlZWcWG5jfqvqSkpDjdA3d3d3l7eys1NVUWi6Vc4zYYDKpfv76sVqtSUlIc200mk/z8/BzfF4Xvr81mU35+vjIzM2Wz2Zzur8lkkpeXl0wmk+OZFbSV7N9jGRkZRcpEF/6+u/Z81z5Po9Ho6L/gurKzsyu0nnVJzwMAAAAAAAAAAADll5aWJkk6fPhwuY/p2rWrJMlULSOqQwqCurLk5eU5BWWFjy38tdlsVnJyctUMsILy8/PLfU2SlJ2drezs7HLts1gsjm/G4hQOGyV7WeKMjIxyj6U6lXZfcnNzlZub63hfnnHbbLZi+zObzUW2V+T+ms3mUu9vcee7dltp57NYLEpPTy+xfwAAAAAAAAAAANR+1V4CGgAAAAAAAAAAAABwYxAAAwAAAAAAAAAAAEAdQQAMAAAAAAAAAAAAAHUEATAAAAAAAAAAAAAA1BGmshrs2rXL8XVISEi1DqYqhYSEFBl7XVDXrqeqcF9qF54HAAAAAAAAAABA2QYNGlQt/RpsNputWnoGAAAAAAAAAAAAAFRYWlqaJOnw4cPlPqZr166SKAENAAAAAAAAAAAAAHUGATAAAAAAAAAAAAAA1BEEwAAAAAAAAAAAAABQRxAAAwAAAAAAAAAAAEAdQQAMAAAAAAAAAAAAAHUEATAAAAAAAAAAAAAA1BEEwAAAAAAAAAAAAABQRxAAAwAAAAAAAAAAAEAdQQAMAAAAAAAAAAAAAHUEATAAAAAAAAAAAAAA1BEEwAAAAAAAAAAAAABQRxAAAwAAAAAAAAAAAEAdQQAMAAAAAAAAAAAAAHUEATAAAAAAAAAAAAAA1BEEwAAAAAAAAAAAAABQRxAAAwAAAAAAAAAAAEAdQQAMAAAAAAAAAAAAAHUEATAAAAAAAAAAAAAA1BEEwAAAAAAAAAAAAABQRxAAAwAAAAAAAAAAAEAdQQAMAAAAAAAAAAAAAHUEATAAAAAAAAAAAAAA1BEEwAAAAAAAAAAAAABQRxAAAwAAAAAAAAAAAEAdQQAMAAAAAAAAAAAAAHUEATAAAAAAAAAAAAAA1BEEwAAAAAAAAAAAAABQRxAAAwAAAAAAAAAAAEAdQQAMAAAAAAAAAAAAAHUEATAAAAAAAAAAAAAA1BEEwAAAAAAAAAAAAABQRxAAAwAAAAAAAAAAAEAdQQAMAAAAAAAAAAAAAHUEATAAAAAAAAAAAAAA1BEEwAAAAAAAAAAAAABQRxAAAwAAAAAAAAAAAEAdQQAMAAAAAAAAAAAAAHUEATAAAAAAAAAAAAAA1BEEwAAAAAAAAAAAAABQRxAAAwAAAAAAAAAAAEAdQQAMAAAAAAAAAAAAAHUEATAAAAAAAAAAAAAA1BEEwAAAAAAAAAAAAABQRxAAAwAAAAAAAAAAAEAdQQAMAAAAAAAAAAAAAHUEATAAAAAAAAAAAAAA1BEEwAAAAAAAAAAAAABQRxAAAwAAAAAAAAAAAEAdQQAMAAAAAAAAAAAAAHUEATAAAAAAAAAAAAAA1BEEwAAAAAAAAAAAAABQRxAAAwAAAAAAAAAAAEAdQQAMAAAAAAAAAAAAAHWEqaYHAAAAAAAAcL1sNltNDwEAUEUMBkNNDwEAgF80AmAAAAAAAPCLQdALAHVfSf/WEwwDAFA+BMAAAAAAAKBWKy4IqEgQTGgMALVPRcLcgraF/z0nDAYAoGQEwAAAAAAAoFa6Nrgt/L60fQCA2q+0f7dLC3evDYMJggEAcEYADAAAAAAAaoWcnJyaHgIAVAGbJJuuZLjouTdT9dF/AmQt+DXstVmlTTLIKpvBRQarVV4eFr0xw6wH7jQ4NUX5eHh41PQQAACocS41PQAAAAAAAAAAAAAAQNUgAAYAAAAAAAAAAACAOoIAGAAAAAAA1DjW8AUAVAX+ewIAAAEwAAAAbhCLxaLnnntOgwcP1scff1xl/U6cOFF9+vTR6tWrq6zP2mT+/Pnq06ePZs6cWdNDAYBqwy/rAQBVif+uAAB+7Uw1PQAAAKrC5s2btXTp0gof9+ijj2rixInVMCIA14qNjdX+/fslSZs2bdLo0aNreESoCllZWdq+fbv++9//6vTp00pJSZG7u7tCQkLUu3dv/e53v5O/v3+Jx2dmZmrLli368ssvdf78eUlS48aNNWDAAN13333y8fEp9riEhARt27ZN//vf/5SQkKC0tDT5+vqqVatWuvPOOzVs2DCZTM4/7vzwww/auXOnDh06pMuXLysnJ0f16tVThw4dNHToUPXu3bvU642KitLHH3+s6OhoXb58WYGBgWrXrp1Gjx6tzp07V+DO2X322WdauHChjEaj3njjjSJ9TJw4USdPnnQ6Zu7cubr77rslSW+++abWrVtXoXN++OGHatKkSYn709PTNWTIkGL3bdy4UUFBQUW2paSkaMOGDdq7d68SEhJktVoVHBysm266SSNHjlR4eHixfVmtVn311Vf6+uuvdezYMSUlJUmSAgMDdcstt2jUqFFq1aqVo/1rr71W7IdH7r33XqcPSFT2+6OAxWLRvn37tH37dp0+fVoXL16Um5ubgoKCFBYWpqFDh6p79+6SpMcff1zHjh0rsa9rBQYGavPmzVq0aJE+/fTTch0zZcoUjR8/vth9Fy9e1GeffaZ9+/YpMTFR6enpatCggRo1aqSePXvq/vvvl6+vb7nHVxMKfknPL+sBAFXBZrPJYDA4/gQA4NeIABgAgBto9erVeuedd9SyZUutWbOmpocD3FDNmjVTt27ddOTIEQ0bNqymh4MqsHfvXi1evFjJyclFtufn5+vEiRM6ceKENm7cqFdffbXYEPDUqVN69tlndenSpSLbo6OjFR0drY8++khLly5V69ati+x/99139f777ys/P7/I9pSUFB06dEiHDh3Sli1b9Prrr8vPz0+SPaheuHChdu/e7TSOS5cu6auvvtJXX32lIUOGaPbs2U6/LLTZbHrjjTf00UcfFdkeHx+v+Ph47d69W6NGjdLvf/97ubiUr9BSTEyM/va3v0myh4iVCZArw9XVtcr6+u677/TCCy8oPT3dsc1gMOjMmTM6c+aMtm3bpgcffFBTp04tcl9iY2M1b968YgPuc+fO6dy5c/r000/1zDPPaPjw4RUaU2W+PwpLSEjQCy+8oOPHjxfZnpubq/T0dMXExOjixYuOALii3NzcKnyMl5dXsdvXr1+vFStWyGKxFNl+4cK0YICaAAAgAElEQVQFXbhwQYcPH1bHjh3VrVu3So31RiD8BQBUB0JgAMCvHQEwAKBOuPv/2bvv+KjKtI3jv+dMEmpClVCkqRSlKWJhxYZ0UREVFXsFccVFURcRccG6YkMFUcSCDRAFRXhF3RWMgLou4ipFQKrUEEqoIXOe948z52QmmYQ0FOH6fj4xycwpTyYnicw193137hy3auvZZ59l9uzZtGzZkoceeijP/flVlolI6UtISGDkyJF6EuYwsXr1agYPHkw4HKZ69epcdNFFNG/enJSUFLZs2cLcuXP56KOPyMzMZNCgQUycODEmeNy0aRP9+vVj586dJCcnc/nll9OqVSscx2HBggW89957pKen069fP958801q1qwJwLRp03j11VcBaNKkCd26deO4444jKSmJDRs28MknnzBv3jyWLVvGk08+yfDhwwF46qmngvD3zDPP5Nxzz6VOnTqEw2FWrVrFhAkTWLlyJTNmzOD444+nZ8+eMV/viy++GIS/bdq04aKLLqJmzZps2rSJqVOn8u233zJ58mSMMfztb3874OO3e/duHnjgAbKysmjbti29e/fOs80zzzwThJjhcLjAqvnq1avz8ssv53v/gAEDWLVqFS1atCA1NbXAtVWsWJEPPvgg+Pw///kPjz76aJ7tNm7cyKBBg9i9ezcNGzbktttuo3Xr1iQlJbFp0yY+++wzXn/9dd59910cx+G2224DIDs7m3vuuYd169aRlJRE9+7dOfXUU6levTo7d+5k0aJFvPfee2zfvp0RI0bQvHlzjj32WG666SauvPLK4Py33XYbGzdujFlTca8P3/r167nxxhvJzMykfPnyXHzxxbRt25bU1FSys7PJyMjg66+/5qyzzsrzeHTq1Im+ffvGfUz37t0bfI87dOgAwO23386NN96Y7/Z9+/Zlx44dtGzZMm4I/vzzzzNhwgQAWrZsyYUXXkiTJk0oX748mZmZLFu2jF9//fWQDn99CoFFRKQ0KfwVERFRACwiIoeJcuXKUa5cuTy3ly1bFvCqnXK3rBSRP4aehDk81KtXj7///e+kpaXxwAMP5Pkd/Je//IUmTZrw+OOPs3nzZubNm8eZZ54Z3P/000+zc+dOKleuzKhRo6hXr15wX6tWrTjnnHO4/fbb2bp1KyNGjAja/Hft2pVffvmFKlWqcP3118dcT8cffzznnnsuw4cP59NPP+XLL79kx44dpKSk0L9/fzIyMrj88ss5/fTTY9basmVLOnTowM0338yqVav46KOPYgJgvxoZ4NJLL40JeI8//njOPvtsRo4cycSJE5k8eTIdO3akWbNmBT5+jz/+OGvWrCE1NZUhQ4bE/bmoUqVK8HHuCs/catSoke/fuV9//ZVVq1YBcMUVVxR4HPB+RqOPddRRR8Xd7v3332f37t1Ur16dUaNGxbQZrlmzJtdccw0NGzbk73//O++99x5dunShYcOGJCQkMHz4cJ577jkGDx5MnTp1Yo7bpk0b2rVrx0033URWVhaffPIJ/fv3p2LFijEv3KpRo0aeALi41wd4LamHDx9OZmYm9erV4+mnnw5eeOCrW7curVq1ivt4HHXUUfl+DyZPngx4L4Txr63k5OS4rZmttQwZMoQdO3ZQo0YNHnnkkTztqr/55psg/O3bty9XX311zP2pqal5KucPRdGBr7VWAbCIiJQK/++J//8BCoJFRORIpABYREQkYvPmzXz44Yd89dVXbNiwgYSEBOrUqUOHDh244IILqFChQp59duzYwcSJE5kzZw6//fYbe/fuDWYMnnLKKXTr1o1q1aoxbNgwZs6cGey3YsUK2rVrF3xe0Gy/A1m7di0fffQRc+fODZ4Ir1WrFmeeeSaXXHJJTIAAXrX0rl27uP/+++nWrVvcY3733XcMGDAAgJkzZ8a0nvRnMHbq1InBgwczZcoUZs6cydq1axk6dCinnnpqkR6b3L7//numTp3KokWL2LJlCykpKdSvX5+uXbvSoUOHAmc2FiR6puV7772H4zhMnDiRuXPnsnnzZipWrEiDBg3o1q0bHTt2JBQK5TmGP4/zvvvuo127dkycOJG0tDQ2btzItGnTYtp6Fud6CofDTJs2jS+++ILly5ezc+dOypUrx9FHH82JJ55Ily5d4j6hv3jxYiZPnsyCBQtIT08PHufzzz+f9u3bx21HG/21nH322UyaNIlZs2axYcMGwAs5OnTowGWXXVbgY17U688/b7z520uXLmX69OnMnz+f9evXs3fvXipVqsQJJ5zAJZdcwimnnJLvOoqrNK6LPXv28MUXX/DVV1+xZMkStm3bRmJiInXq1KFdu3ZcfvnlBc7f3Lx5M1OmTAmulVAoRP369enWrRvnn39+ode+d+9eJk2axH//+19SU1N54YUXYrYvznVyIF27ds13VixAly5dGDFiBNnZ2cF8X/Cum7S0NMALr6LDX1+9evXo27cvjz32GPPmzWPVqlXUr1+fUCjEXXfdVeC6unfvzqeffoq1lvXr15OSkkKlSpV45pln8t2nXLlynHfeeYwbN45169bF3DdhwgRc16V27dr89a9/jbt/v379SEtLY926dUyYMIFhw4ble67Jkyfzr3/9i1AoxLBhw+K2IS5N7733HuD9bEb/7SmpRYsWAXD22Wfne423a9eO1NTU4PfkHXfcAXjVuaNGjcr32A0bNqRZs2bMnz8/5to5kOJeHwDffvstP/74I47j8Oijj+YJf4vLdd3gBQQdOnSgevXqBW7/+uuv8+WXX5KUlMRjjz2W5/cowNixYwHo2LFjnvD3zyK66jf6TUREpKRy/z1RNbCIiByJFACLiIjgzbEcPnw4u3btirndn0P5wQcf8Nhjj3HssccG961Zs4Y77riD9PT0mH2iZwwuWLCAESNGUL58eVJSUtixY0ewXfQT/n6lclFNnjyZF154Ic+cw+XLl7N8+XKmTJnC448/TvPmzYt1/IJkZWVxxx138OOPPwa3ua4LFO2xiT7eiBEjmD59esw+6enppKen8/333zN58mSGDx9e4iflv/32W8aMGRPz/c7IyCAjIyOYDTl8+PB8n6Rfs2YNN9xwQ56vz1ec62nv3r3cfffdLFiwIGafnTt3BvtNnz6dDz/8kDJlygT3jxs3jtdeey3mVe5btmxhy5YtfPfdd3zyyScMGzYs33Bm5cqVvPbaa2zatCnm9iVLlrBkyRL+/e9/8/zzz8ec01ea198zzzwTVMhFy8jIIC0tjbS0NG666SZuuOGGAx6ruIpzXSxfvpy77747z7WQnZ3NsmXLWLZsGTNmzGDUqFFx2+5+9dVXPPLII+zcuTPm9p9++omffvqJzz77rFDh4OzZs3nllVeC70XuwKik10lxRT/JVqlSpeDjWbNmAV7o2qVLl3z379SpE8888wx79+5l1qxZXHvttYU6b3SYHX3ewu4X/ZhnZ2czZ84cAC644IJ8XxCRkJBA9+7defnll5k3bx5ZWVlxZ70uWrSI559/HvBaGB+oUvhAevfuzQUXXJDvXNmMjAw+++wzAC677LK4L2IoLv96K+wx586dGwTAheFfP6UdkOd3ffiPU7t27WjQoEGhj/fwww+TlZWV789PWlpaEGJffvnlBR5r9uzZQQvr+++/nyZNmuTZZt26dUH4ftVVVxV6nYc6BcAiclixkTdjsAaMdcH4v+PyCSGtxWK9/bydf4+VHpZyVwCLiIgciRQAi4jIEW/hwoXBHMvTTz+dG264gcaNG+O6Lj/88ANjxozhl19+4d577+X1118PnuB99tlnSU9Pp1atWtx11100a9aMMmXKsGnTJn755RcmT57MTTfdBMDAgQMZOHAgr7/+OmPHjqVhw4aMHz++ROueMWNGUM3WsmVLrr76aho3boy1lvnz5zN27FjWrVvHQw89xLvvvhsze7M0fPnllwC0bt2aSy+9lLp161KrVi2gaI+N78knn2TGjBmAV5114YUXUrt2bbZv387s2bN58803WbRoEXfffTevvPJKTFVyUT399NOEQiF69+5Np06dOOqoo9i8eTOffvopEydO5H//+x+DBg1i1KhRcR+3d955B4ALL7wwqObytyvu9fT++++zYMECkpKS6N+/P+3ataNSpUpkZGSwevVqZsyYQePGjWOC2AkTJjBu3DgAevXqRc+ePalduzY7d+5k9uzZvPTSS3z33Xc8/PDDPPHEE3EfiwkTJuA4Dr169eK8886jatWqrF+/nkmTJvHVV1+xcOFCXnnllTxVj6V9/dWsWZPKlStz8cUXc8YZZ3D00UcHIeqYMWNYtGgRr776Km3btqVp06aF+TYXWXGui1q1amGt5bTTTuP8888PZuBu3ryZL774gjfeeIONGzfy1FNP8c9//jPmfD///DMPPPAA4XCY2rVrc8MNN3DSSSeRmJjI0qVLeeutt5g/f36h1j5q1CjKly/PddddF8xS9ZXGdVJc8+fPJzs7G4DGjRsHt/vhVfPmzQusME9MTKRFixZ89913LFmypNDn/fbbbwEv3CtK+39/v+jQbc2aNcGLAk466aQC9/fv3717N2vWrIl5kQd4VdsPPPAA2dnZtGvXrlDtmA+kUqVKBYbcH3zwAfv376d8+fJ07969xOeL1rBhQ37++WdmzZrFLbfcEncUw6xZs4LuAKtXryYcDhcqMM7MzGTx4sUAcUPQksjv+vjhhx8A7/u4d+9ePvroI7788stg3TVq1OD000/nkksuidnvQNeYX4HdunVrGjVqlO92v/76azCT+KqrrgpmBefm/15ITk7muOOOi6nu37ZtG8nJyRx77LF07dqVc88990APxx8iv+pf/4VkIiKHBxeDg2sMFgOOH+5CTLhrLBYXYx2sYzAYKHpjFoniui6O48S8sEhVwCIicqRRACwiIke8J598knA4TPv27fnHP/4R8w/C0047jZNOOonbbruNJUuWMH78ePr16wfkPAHbp08f2rZtG+xTt25d6taty3nnnXfQ1pyZmclTTz0FwHnnncfQoUNjKpo6depE27Zteeqpp7jmmmtKPfz1dezYkQcffDDPP6KL+th89913Qfg7cOBAevToEdxXuXJlrrnmGtq2bcutt97KqlWrGD9+PH369CnR2p944omYOaCVKlXiuOOOo3Xr1tx7770sWrSIqVOncumll8bdP/c6fcW9nvzgoWvXrjHHTU1NJTU1NU/7423btjF69GgA7rrrrph5pSkpKXTv3p2TTjqJG2+8ka+//pp58+blmXvqGzJkCB07dgw+r1WrFq1btw7mu37yySf07ds3COoOxvV32WWXcf755+ep9GvTpg1NmjThqquuCioZD1YADEW/LsqXL8+4cePytDOvW7cu119/PQkJCbz00kvMnTuXzMzMmApB/1qpV68eY8aMibmvWrVqnHrqqQwbNozPP/+8UGt/8cUX84RLpXmdFNXevXt57rnnADj55JNjwtCtW7cC+c+WjeaH2RkZGYU674oVK4LA7bLLLit0a+sZM2YEHQ169eqVZ62FWW/0/RkZGTFfs7WW4cOHs3HjRmrWrMngwYOD+1atWsWgQYMA8lwLJZGVlcWUKVMAr3q5JC+cieeSSy5h+vTpbNy4kX79+nHrrbfSsmVLKlSoQHp6OjNmzOC1116L2WfHjh1xWxrnNnLkSHbv3k2lSpXo3Llzqa25oOtjy5YtgPe9uvnmm1m5cmXMvpmZmUF3g2HDhnHaaacd8HyLFy+Oe13F88ILL7Bnzx4A/u///o9Vq1bRtWtXzj777Jjt/HVWr16d9957jxdffDHmCe7du3ezceNG5syZQ7t27Rg+fPhB+/+A0hIdAuuJeRE5HFgDruOQaA3HVs6iRd2t7NhfljWby5PthnIV9xoc16F8YhZ1au4mJSlM1TJlwCapCLiY9HdFRERErycTEZEj3NKlS1m6dCnGGP7617/G/cdhUlISt956K+A9IRt9O8CPP/5IOBwutTWFw+G4b9FVMTNnzmTv3r2UKVOGe+65J27AkZyczEMPPZSnAq20OI5T4GMGhX9s/ICiRYsWcUNVgOOOOy5onfnxxx/HHDe/xyy/VpInn3xyviFX27Ztg6qradOmxd2mYcOGcddZkuvJf3J+6dKledoBxzNz5kyys7OpW7duTKgXrU6dOlx88cUAeVpr+xo3bhwT/kbzH+/MzMxgNrB/7tK+/hISEvJt85qcnMzJJ58MeEFZYRXmZylaca+LeLOsfX5wY61lzZo1we1Llixh2bJlAAwYMCBu4Oc4DgMHDizgK8zRs2fPuJWFJblOrLX5PoYHkpWVxaBBg1ixYgUpKSlBuOnLzMwEiDsLOzd/m+gW+vlZv349AwcOZN++fTRr1qzQs1HnzZsXVGhfccUVtGrVKs9agQMGqNFfT/R+AG+//TZz5swhISEhT7vtrKwsVq9eHVSalpYZM2awbds2HMfhsssui7nPdd1if399jRo1YtCgQSQkJLB06VLuueceOnfuzNlnn02PHj0YM2YMZcqU4eabbw722b179wGPO3bs2OBFQYMGDSq1QLyg6yMzMzOoVh85ciQrV66kU6dOjBs3ji+++ILJkyczZMgQatSowa5duxgyZEjM78X8+GHz0UcfzRlnnFHgttba4IU2W7ZsIS0tjcGDBwedAnz+iyFWrFjBCy+8QNWqVRk8eDDTpk1j5syZvPrqq0FonpaWxosvvliER+n3k7v6Vy2gReSwYy0VyrnccWVlJj5akUduTaBKuV1xNnQxJpsmR2cybnAZ3h6eTLvWIQz6nVhc+hsjIiKiCmARETnC+QGMtTZokRqP/4R1RkYG27dvp1KlSnTo0IEpU6bwwQcfMGfOHNq2bcsJJ5xAkyZNqF+/frHnLPbq1StolxmtZ8+e3HXXXQD88ssvgNemsmLFisU6T0nVr18/3+CrqI/N0qVLATjzzDMLPOeZZ57J+PHj2bZtG+np6aSmprJ+/fo8wYZv+PDhcdtfdurU6YDn+eyzz1ixYkXQPixa69at4+5XkuupY8eOQcvlnj170q5dO0444QSaNm1Ko0aN8szg9R+zNWvW8Pjjj+d7Lr/V6YoVK+LeHx105Va3bt3g44yMDI4++mjg4F1/u3btIi0tjYULF7Jjxw6ysrKC+/yZsYUJj3yF+VmKVpLrYvHixcybN48NGzawa9euIGT2q/lyr/3XX38FvPnfbdq0yfechX1887smS3KdzJgxg0cffTTu9tOmTaNy5cpx79u7dy/33Xcf33//PeXKlePJJ5/MM7fb/7pyz8mOx9/mQCHgmjVruPPOO9m0aRMNGjTgiSeeKLC9tC8tLY0hQ4awf/9+2rdvH1Tl514reN/DgtYR/fVEb/fDDz/w8ssvA3D77bdzwgknHHBdJWWtZcKECYD3QoTc34PHHnssCFmjFXVEQdeuXWnWrBmTJk3i22+/ZfPmzRhjqFevHm3btqVXr14sXLgw2D5em+hoL730Em+99RbgVa23a9eu0GspyIGuj9y/Yy+77DLuvPPO4PPU1FQ6d+7MySefzDXXXENmZiaTJk0qcKbxxo0b+fe//w14v48OVIHkt9Xfv38/y5cvZ9KkSXz66ad8+eWXvPbaa0GQXrZs2WCfihUrMnr0aGrXrh3c1qRJkyCsHj9+PFOnTuX666/P92f295b7Cfjc7aBFRA4L1uCQAA5ULm9IKeOwPMWFEHmreq3BhgyhBEudiiFqVnQIhzQFuCSi/6bkrgJWVbCIiBwpFACLiMgRLbq1Z37VnrllZGRQqVIl+vfvT/ny5fn444/ZsGEDH374IR9++CEAVapUoWPHjtxwww2lVrmUew3+ef4oBZ27qI9NYb+eqlWrBh9v3bqV1NTUYq09dxCSm7+OcDjMjh078jxpnt+T6CW5ntq3b8/u3bt58803WbduHTNnzmTmzJmAVzV85plncv3119OwYUPAa+1blHNFry1aQbNDo6sd/co4f81QutffTz/9xP3333/ANr8HMxwoznXhui6PP/54vhXW0aLX7n8/KleuXCpPQOV3TZbWdVJYu3bt4p577uHHH3+kQoUKjBgxgmbNmuXZzv9ZTk9PP+Ax/W2if/5zW7FiBXfeeScZGRk0bNiQ5557rlBh17/+9S/+8Y9/EA6HOe+883jwwQfzvOAj+rz+C08OtFbIuV62bt3K0KFDcV2X5s2b0759+6CFry/684yMjKDaMyUlpdite+fOncvq1asBSmXWcEHq1avH3Xffne/9v/32G+CFrPn93rDWMnLkSCZNmgR4lfH5Va0XVWGuj6SkJMqXLx+8UOPGG2+Me6zq1avTpUsXJk2axIIFCwo87/vvv084HCY5OZlu3boVer2JiYk0bdqUIUOGsGfPHmbPns2HH37IjTfeiOM4MWvv3LlzTPgb7corr2T8+PHs37+fhQsX8pe//KXQa/i9xJsFLCJSMH+OrgEDNlIla3JFpTaonjUYC9bE3+5grtOaMN70X4sxCSS4BseaPMmuwWJcsCabcCiMdfbjuAlYRyFlceVuAa3QV0REjkQKgEVE5IjmPxGdmprK5MmTi7RvUlIS/fr145ZbbuF///sfixcvZsmSJSxevJjffvuNiRMn8sMPPzB27NhCz6AECrUOP5AoTljjVzwVVEkZHRrlp6B/QBf1salatSrr1q07YPgXHZL4j0GtWrVIS0s74HqjrVq1KmgpHI+/jlAoFLctcX5fe0muJ4Du3bvTvXt3lixZwqJFi1iyZAm//PILv/zyC1988QXz5s3jjTfeoGbNmsG5unbtGjNL9PdQkusvnnA4zJAhQ8jIyKBNmzb079+fevXqxVTnvfDCC0Er1cIq6vegONfFRx99xPTp0wmFQvz973/njDPOIDk5ObhGdu/eHbey2P/+bdu2LW6VeVHlt39JrpNu3boVKbTKzMxkwIABLF68mOTkZJ555pl85zU3adKEL7/8kv/9739kZ2fnW6mbnZ3NTz/9FOwTzy+//MKAAQPYvn07jRo14tlnny3whQ2+GTNm8Nhjj+G6Ll27dmXQoEFxH8ejjz46CAb/+9//xg20ff7883LlylGvXj0Axo8fH/zu+umnn7jooosKXNe1114bfPzMM8/kmf9dWP7PS7NmzeKuefDgwb/b747vvvsOgObNm8f9/em6Lk8++SQff/wxxhjuvfdeLrjgglI5d1GujwYNGrBw4UKqVq1a4Iu3atSoART8t3L37t18/PHHAFx00UUxVbtF0aFDB2bPns327dvJyMigevXqNGjQILjff1FQPCkpKZQrV449e/awffv2Yp3/YMldmRX9sYhI/iwWF0MIcMEaDGFccnVeimSsYHFcAzhYXC90/Z2CQIPBWCdYh42kvtbYPGW9FoM1Bsc6GGuwJoHfM6o+HOX+G+OHwFDwv2NFREQOJ5oBLCIiR7TGjRsDXptGv61tUSUmJtK6dWt69+7NP/7xDyZMmMCwYcMA74nnn3/+Odi2tP6x6a97/vz5hZoXG80P79auXZvvNgeqaiqswj42frAze/bsAo/31VdfAV6oVb169WKvy39SPj/+Oho2bFikYK40rifwHo8ePXpw33338eqrr/LWW2+RnJzMrl27gqpg/1xz586NaZX8eyjJ9RfP4sWL2bx5M+DN+zzmmGMK1bq3tBXnuvCvyc6dO9O1a1dSUlIK9XPuz0beu3cv//nPf/LdLvcc2aL6va6Tbdu2cccdd7B48WIqV67M888/n2/4Czmzkffs2cNnn32W73afffZZ0Eb7rLPOynP/zz//TP/+/dm+fTsnnHACI0eOLFT4O2XKFB555BFc16VHjx7cf//9+f6sJyYm0rZtWwA++eSTmGr4aOFwmE8++QSA008/PZiFvm/fvgOup7QtW7aM//73v0DOLO8/yuLFi4MW4/HmjYfDYR5++GE+/vhjHMfhgQceKLXwt6jXh18hu3379gLbk69fvx6Ao446Kt9tpk2bxs6dOwmFQlxyySXF/ApiA1G/fXbr1q2DQHndunX57rtt27bg56ckfzN/D6oAFpHCMWC9MNc1rheuWoeQm4Cxxrs/8uZYhwQ3AWvCuKF9OGTjWBeDC7/bbF0DJvIWmehb0JmNQt9So78rIiIiCoBFROQId+yxxwazGB977LF8n/BduXJlTJALxJ0t6jv99NODj6Mrbf0nbLds2VKif4x26tSJsmXLsm/fPkaMGBHMG422c+dOhg8fzvLly2Nu90OZTz/9lB07duTZb+XKlUyZMqXYa4OiPzZ+RdzPP/8ctIrObdmyZUycOBGACy64oEQVk0uXLmXevHlx75s7dy5ffPFFcJ6iKMn1tHXr1nyDovr161OnTh0g5zHr3LkzSUlJbNu2jaeffjrf6yktLa1QFd1FUZLrL57oYDK67bQvHA4Xufq3OIpzXfhrr1ChQtz9Pv/887i3N27cmOOOOw6AZ599Nm7Q67ouTz31VOG/gDh+j+skPT2d22+/nWXLllGtWjWef/754GvLT7169YLfBaNGjWLNmjV5tvntt9946aWXADjllFPyVDr+8MMPDBgwgJ07d9KyZUueffbZQrXcnzBhAiNGjAC8Oa8DBw48YGjvz29du3Yto0ePjrvNmDFjghfWRM8lv+eee0hLSyvwbeTIkcH206ZNC24vafVvampqELb/EdatW8eQIUMA7/dj586dY+7Pzs5m6NChzJw5k1AoxEMPPZRnm+IqzvXRpUsXkpKSCIfD+c5BTk9PD160cNppp8XdxnVd3n//fQDOO++8fIPiV199lWnTpuX7c5mVlRW0xG7QoEHweyYpKYmuXbsC3osS/BfQ5Pbuu+8C3u+ngirX/0j5VQKLiOTHC0n90NfBNQbXyQKTjfHfyMaaMPsdl7CTgHUTwTq4gGuc3y3+lT+O/r6IiIioBbSIiAj33Xcfffr0YenSpVx//fVce2PSVD8AACAASURBVO21nHzyyVSqVIktW7Ywa9Ys3nrrLcqUKcO4ceOoXr06+/fvp1+/fqSkpNC9e3dOOukkatasibWWdevW8frrrwPevMPotqWNGjUCYMeOHbzxxhv07t2b3bt3s2DBgiI9SZ+cnMzdd9/NI488wueff86WLVu4+uqradKkCa7r8sMPP/Dyyy+zdu1afvzxR955551gjuQFF1zAjBkzyMzMpG/fvvTp04dGjRqRnZ3Nt99+y6uvvlqix7M4j02bNm3o1q0b06dP56mnnmL58uVceOGF1K5dm+3btzN79mxee+01srKyaNCgAddcc02J1gje971379507tyZ6tWrs3nzZj799NPgCfOmTZty4YUXFuu4Rb2ewAsBFyxYQPfu3Tn99NOpV68eSUlJZGRkMH36dBYvXgzAiSeeCHjXwF133cXjjz/OtGnTWLt2LVdccQVNmzalTJkyrFmzhunTpzN16lROPPFEnn32WUKhUL7rLoqSXH/xNGrUKGhTOm7cOP76178Ga83MzOSJJ54olXUXRlGvi1atWjF//nxmzpxJjx49qF+/fnDfnDlzeOGFF/I918CBA7n99ttZvXo1N998MzfddBOtW7cmMTGRX375hfHjxwdVnMV1sK+TjRs3cscddwRViEOHDqVChQps2rQp7vZVq1YNqrsHDhzItddey9atW+nTpw9XXnklJ554IsYYFixYwLvvvsu2bdsoV64c99xzT8xxvvvuOwYOHEg4HKZevXr8/e9/Z+fOnXEr0h3HCX7O3njjDV555RXAeyHDlVdeme9ay5QpE1SLNmvWjEsvvZRJkyYxYcIEVq5cSY8ePahZsyYbN25k6tSpzJ07F4CLL76Yli1bFvoxLG3p6enBCw8uvfTSUvu5z8+CBQv45JNPaN++PbVr16Z8+fJs3LiRtLQ0Jk+ezO7duylbtixDhw6N+T2QlZXFAw88wJw5cwC48847ad68eb7fj4oVK8Z9gUg8xb0+atasyc0338yoUaN466232LFjB1dccQVHH3004XCY77//PnjBRrVq1ejRo0fc88+ePTv4mejVq1fcbdauXcv48ePJzs7mnXfeoWPHjjRv3pwqVaqwa9culi9fzqRJk4IXR+T+u3frrbfy1VdfkZ6eTt++fbn99ttp27Yt5cqVY+PGjUycOJEJEyYAcNVVVxX6sTvY9AS8iJSUxQHrkuVYXBPC2BCuE8ZxHfzeyv7LukK4GNdrr5wFOMYlZN08LZjlyKOZwCIiciRQACwiIke8Y489lhEjRvDQQw+xfv36fMOmk046KageWr58OTt27GDjxo0888wzcbd3HIeBAwdSuXLlmGO0aNGC//3vf4wdO5axY8cC3kzRyZMnF6lFY9euXdmzZw/PP/888+fPD2ZPRqtWrRrDhg2LedK9ZcuW3HzzzYwdO5bVq1fnmQGZmJjILbfcEoQkRVXcx2bgwIEATJ8+nSlTpsStQj7++ON5+OGHgzaYxXXrrbfy3nvvMX78+LhVXs2aNePhhx8uMLTMT3Gup3379rFo0SLS09N5/fXXg5A8twsuuCCmgrp79+5kZWXxwgsv8MMPP/DDDz/k2ccYQ5s2bUo9BCru9RdPxYoV6d+/P0888QSTJk1i9uzZHHfccezevZuFCxeSnZ1N69atSxyGHkhxrosrrriCWbNmsWLFCq699lqaNWtGSkoKq1atYs2aNTRr1owVK1bEnbndvHlzhg0bxiOPPMJvv/0WtEeP1qJFC4455himTp1a7K/rYF4n999/f0wL2v79+xe4/dixY4MuBDVr1uTFF19k4MCBbNmyhTFjxuTZvmrVqvzzn/+kdu3awW3bt2/n3nvvJRwOA7B69Wp69+6d7znLli3L559/ztdffx3ze23mzJlBS/V42rZty5NPPhl8fscdd+C6LpMnT+abb77hm2++ybNPjx49+Nvf/lbAI3DwTZ48mezsbMqXL19qrZQL8vrrr/Pdd98xffr0uPfXrVuXRx55hGOOOSbm9pdffjkIfwGefvppnn766XzP069fvwK/z77iXh++3r17k5WVxdixY/noo4/46KOPCIVCwfHAa6f8+OOPx/wNi+ZXYLdq1SrfVug1atSgZ8+eTJ48mdWrV+f74itjDNddd12eyujk5GRefPFF7rnnHlavXs2DDz4IkGetPXr0KJUXTR0M0WGwWnWKSGEZwmzPgnf/s5u0ZdmEXAgbMK7BWIvfZ9laC8aCtbhuiEpJWVx/bkVOaVhWjZaPAPH+rij0FRGRI40CYBEREbyqyvHjxzNjxgz+9a9/sXbtWnbu3EnlypU54YQT6NatG+3atQu2b9q0KZMmTWLmzJl88803LFu2jO3bt5OQkMBRRx3FiSeeSK9evfK0LDXGMGLECF5++WVmzZrFtm3bqFGjBmeeeWbQHrooevbsyamnnsrUqVOZN29e0Hq5Vq1anHXWWVxyySVxn6C+/vrradasGR988AELFy5k+/btVKlShZNPPpkrrriCsmXLFjsALu5jk5SUxP3330/nzp2ZOnUqCxcuZMuWLaSkpNCgQQO6dOlCx44dS2U27Iknnkjnzp2ZMGECX3/9NZs3b6ZChQrBeTp37lyi8xT1eipTpgxvvfUWs2bN4quvvmLRokVBm3B/n+7duwdzSKP17NmT0047jY8++oi5c+eyceNG9u/fT/Xq1WndujWXXnrpAdvxFldxr794LrjgAurUqcN7773HwoUL+eabb6hcuTJnnHEGV155JQsXLjzoAXBxrouKFSsyZswY3n77bWbNmsXixYtJSEigTp063HbbbVx22WX5VgmCNwu3adOmfPjhh3z99dds2LABx3GoX78+nTt35qKLLir2z2K0g3WdlHRGcaNGjXjrrbeYOnUqX375ZdBCuU6dOpxzzjn06NEjT9veffv2sX///iKfq6Tzqh3HYcCAAbRv357333+fxYsXs2XLFqpWrUrTpk255JJLOOmkk0p0jpLau3dv8GKB888/n4oVKx70c/bp04fatWvz448/kp6ezr59+6hevTr169enU6dOnH322cE85GilMT88nuJeH9Guv/562rVrx4cffsiCBQuCquTatWtzzjnncMkll+TbTnrhwoX89NNPQMHzl5OSkujfvz9XXnklM2bM4Pvvv2flypVs376dpKQkqlWrxkknnUT37t2D0QK51alTh3HjxvHZZ5/x6aefsnbtWrZv307VqlVp3rw5F110EW3atCnRY/F7UOgrIkVhgayww/dry/Hhj4ngRlo6WwMuWNcCBtxIGBwZ+XtU2b10PNFySkMFgEca/Z0REZEjlbH6KygiIiJHgMzMzGBm4qhRo/7QFq1y6NB1ISLy+4mex+i6bsxbOBwmHA4X6wVxInLksED6LsP9H7u8/Z9ErA0FIa/33kSqgG1MCFyt7D5GXudy8cmh36f+N/JsqzXeJ2EX5iwyXP3IPjZnphDTh9paHCfMqcds4d1/JJNayYA1qFi1+Pbu3UsoFCIUCuE4TsybXwWsamAREfkz2LFjB0Dcbm758cfHOQdlRSIiIiIiIiIihRAdDIuIHIglEqw6eG2eHcCYyPuoN8fkvM8ZESxHAP1dERERUQAsIiIiIiIiIn8wPUkvIoVnMI6JBLt+yGsj76M+jg6Bsf54YDlC6O+KiIgc6RQAi4iIiIiIiMjvRk/Ki0iJGbzqX2Njw1+/ItivCvYrg0NeEKzfPkc2/f0REZEjScIfvQARERERERERERGRwgg6OTuRMl8XL+T1sz2XSPhLzo0m174iIiIihzkFwCIiInJESE5OJi0t7Y9ehhxidF2IiIiI/HmY6A+CNs94oS+5PneAcOyOCoBFRETkSKEAWERERERERERERP4cDJjods9+2OuSk/A6FlxvOwtgDEbpr4iIiBxBFACLiIiIiIiIiIjIn4K11pvlavDSXcfLgq1fEeySEwrjb2OxkRnAyoFFRETkSKAAWERERERERERERP4cjPHm/zomCHytMeDanNDXeBXA1hZ0IBEREZHDl3PgTURERERERERERET+WF4758j4X2MjbaAjKa/JNejX2Ng5wSr9FRERkSOIKoBFRERERERERETkkGYj/7WECZl9JGHIdsoQdhOxkZm/OJE+z1iMNRiySczOogxZhEgAErBYZcEiIiJy2FMALCIiIiIiIiIiIoc0g1fUm1rG8M8Lk/nHRZbZy/Zx3/su6/aW9yqBLV4QbAyGLM5ptJvHelWkVkoZUiwYa73KYREREZHDnAJgEREREREREREROaRZLNZ4IXAK+0h0HMqHLDYBL/x1va2CgXfWEDIuVRxLDQuG/WQbAAejGmARERE5zGkGsIiIiIiIiIiIiBzSDGBxcQ1YDAkuhKwLZj9B8Gui3wzWOEAYa7IJmwRco2HAIiIicmRQACwiIiIiIiIiIiKHNAsYHBybE+CGjcE6Jif8Dd5bMC4mpxwYY10ca/GnCf9uiy6l0wWHsjkf2/xOELNxzA4iIiJyhFAALCIiIiIiIiIiIoc0g8FYcB3XC4MtGAPGGHBMJPQlEgJ71b+u4wIGa8A64PwB7Z/9s9noT4rFYo2LwcX1GmKT7bj40XjsG2ANlmys2Y9jQxgbKsnJRURE5E9GM4BFRERERERERETkT8BrBG0gEvJ673EA1/h355S8BHnoYdD22YKxDq51MLgkuIkYmw3WYh03dlvjAg7YJAyWsMnGmjCGkOYfi4iIHCEUAIuIiIiIiIiIiMifkx8C+62fIRIGm8Oq96HBYggTdkJYAy57cY3BGK8tdnSsazFYLI4NebXCThY28jSw4l8REZEjgwJgERERERERERER+VPwi3ytjbrBuF4b6OA2F8L2kEo7bYlrbw0uBoMF1yHbGIx1CBsnz2hfi4P3YLiRltkJhFwHY8KH1GMiIiIiB48CYBEREREREREREflzsLFdnYMZwG5kFq5jwPUKgInMyj0UmKjxvMU8AoYQ1rX8umE/r0zJIDscIuy4hHNVOttIm+yQ6xAOhXGsw3E1srmhe20qlinJGryjx1ubiIiIHFoUAIuIiIiIiIiIiMghz4I39zeSQVq/7bMhCH6DhNgBjBebGmu9bf+gNQNgbM5MYpvzBRR2WZF4G4DftjmM/bQSe9xykS83b69rCxhrsE42IddyxvHpXNnFUrFMSR8IF2wIyAZCkWbT+Im7iIiIHCIUAIuIiIiIiIiIiMihz0S/9xodY3LdbglmAhtjIo2X/6Bw0j+tnwI7QMh6M4rdoh/LWu8QDgbXJGJJAkz8cNtawGJtIi6WfeEKZOxxsMUMao13OMKOQ8gNUamcIeQ4GOtizKFRZS0iIiI5FACLiIiIiIiIiIjIn0J0fGkNQdgb3OmYnApbQ6Q+1XIotCm2/vogEgpb7EEfVezgGpi/rCJn9Q0Xv1DXgiGEm7CPGmW28PrQ6rQ6JhQ53h//2IqIiEgsBcAiIiIiIiIiIiLy5+AXm/rVvk7kzY2Ux1rA9apibVQwXPhmyweRg9ey2l+LSxBWH5RpxcZ4JzGWfSSwb29i8Q9lLQ77CTtlSHCTyXa921xCOMYeCo+uiIiIRFEALCIiIiIiIiIiIn8KeYJGf94v5LRVdiKB5B/Y/TkPQ061bPSawwfrfBZrjde72X9viv+AWANhEiMBvMHBkmAhbNxDI1wXERGRGAqARURERERERERE5E8kEjgak+stUkPrZ55+v2P/81xHia299WPMAsJMa6PCTr8E2Q9W420fZ9km6hNjvZbQRZ0HfCDWgnHBOGAdjGu8yuMilBgbv0W1v2YL1rE4FozJxnXKeIGwOVgJtoiIiJSEAmARERERERERERH5U7BB7upEAlS896Ho2bpgXINx/PTS3ylOUGsNBidyT3Qb5nhpqR8Wh3K2MbbACljj9aeOzP/FC2JdkysINsFsYH+lJWb9kmOLNbaIY5D9ucle6BuVAOMai8VgrMWYcOm3rRYREZFSoQBYREREREREREREDnl+fmmjb/GDVTeqmtZ4oafFFtgG2uC1ijbWi3WtiY4zQ+T0afa3dwEXSzhyn4lfWpzf+g1B0OtV6ZrI3GKLcQras4iM8QLySBUvjguEIucsRGRrwTou4IAbihwjJxQWERGRQ58CYBEREREREREREfmT8Ut9iQ2BQ1GBrAFr/eAyfkrrRjJci4PBeKNyg0rf2PbG1j8mFmvCGOtgbBHm3/ptqqOC6pwvwn9nIhXFJQ9bHWtxcbzzupHzF3K9xjVe9a9xvTHC1omsTyGwiIjIn4ECYBERERERERERETn05TdT1w9SHeOFwMYExbkx2WocOYGv67VzNmHvc5tEUAHs7+wSBKghY3FsGIvr1RHnNwc4hhtpAU1sJbCNhMKYonVqPsC5LCY4X/nE3VRJ3pczF7mgPV3YuqMce9yykRm/BZRRi4iIyCFJAbCIiIiIiIiIiIj8iUTFpCZX+BqpBDZOJAQuxLFcYFd2iI07Ldk2Mc42/nxeixspA3aspWIZhxoVDQnGPWA8akzwn5ws1SFSgkxUxlrwii3RrZgLERcbFwdLi4Y7GXVvFaqWO3Cv6fW7LNcPTWfphppYv1G2Kb1oWkRERA4+BcAiIiIiIiIiIiJyyLN+QGpNVJhqI0Fq1Ib+XF0iuaU1WOOHuNG8ilvXGuaszub2iTvJ2FvGCz1dItW5RELaSKWuC4QNhv10bWZ56ZpKJCfFWSsW11gc67V0dh2wIRO7VktQ+ev1WY6sydhIG+iolUbu9u5zcUKWJDcL1ziRScaxjLEYC66xJDqWConZ1KjkUr38gQJmcEOGxATXm4lsHYKgWRmwiIjIn4YCYBERkWIKh8OEQqE/ehkiIiIiIiJHLoeoGcCR22zO7bmD1Pgsrklgb0JF9obKYi2RebnkzM51Y2cOG3c/+80+iBu/5sOvAvbX6mer/teQs5w8QWvOJGNDk9oOo+9yIduCCUdqmKO2jSw9ZC1h4+BYQ2pKBZKTipjgls4oYhEREfkDKAAWEREposWLF/P444+zfPlyrr76avr06fNHL0lEREREROTIEJnBa7HxA9XgvYkUCedEp/GY3CGx34rZD38j1cSYyOf+/Y7xqmyLUhEbHVT7+xkbmVtcmN1dwOWoytDrDCJVzg6W2LbV3ldsCVmLxfEKpm1FIFyExYqIiMifmQJgERE5bPz6669ce+21MbclJydzzDHHcMMNN9CmTZsSn8Nay9ChQylXrhz//Oc/Ofroo0t8TBERERERESmKSAhsrNfaOTpYDd5bcIyfFxfI+od0TE7gC7Gzhf0M2R+h61qsIVftbUEnICo8jnxio8JfQ4FrNZFSYUsCLpaQm03Y8ebzOrlXYf2iYoshCxcLJoGckmMRERE53CkAFhGRw07v3r1p3rw5ADt37uSzzz7jb3/7G8OGDaN9+/YlOvamTZv47bffePjhh2nbtm1pLFdEREREROTwFJ01mji3Eef+Qg2ajdomv/DXjQTEEKkCPnASbPxj2ag0NnclsN9f2TEYU8geyZFKZeMQVCfHvi84/PUPYnHBZOHYBCBEyHVwnf15mlAbwBqXLJOAwRCyIaxx8YqmNcRXRETkSKAAWEREDjvHH388Z511VvB5ly5duPnmm3nttdfiBsBFmeWbmZkJQEpKSukstgQ0g1hERERERA5VXr2qi7FeHaob6ats4iWdxkbm7gZbeTfHParfi9liiISqJmrjIMCNHMHvAI2lwH7NBqyTK4g1Ngh7c88XNpHZwMaanBbReb4sEzl9rrA6OvH1w2UT1a06Xw7GJmExWCcbY73H11gn7tYh/7/W8dZpVP0rIiJypFAALCIihz3HcWjdujWTJk0CYNWqVVx11VVcd911fPHFF2zfvp0ZM2YA8PnnnzN+/HhWr17NUUcdxcUXX8wVV1yBMYbRo0fz9ttvA9C/f38AZsyYQXJyMtu2bWPkyJHMmTMHgHPOOYf+/ftTvnx5AHbt2sXo0aOZPXs2e/fupWnTpvTr14+mTZsG61y8eDGjR4/m559/pmzZspxzzjncdtttVKhQAYAHH3yQDRs20KBBAz7//HP69u1Lr169fp8HUUREREREpAistWQbB4MhwSWSmFpcJ2+1quNGbvcDU8e7LX5ga7y8NMhUbU5bZr9aF7yQNqjSPXDVaxCNmqiwllwhbczsXsg3U43sGylEzjmDg7eDyRUIu/46/erd+MfMObUFQjFrycvJudm4BW0oIiIihyEFwCIickTYsGEDlStXjrnt/fff57rrrqNOnToAfPLJJzz22GNcfPHF9O3blx9//JFRo0aRmZnJrbfeyuWXX87xxx/PAw88wKBBgzj++OOpUKECWVlZ3HHHHWRlZXHvvfeyZ88eRo8eza5duxg+fDgATz75JPPnz+evf/0rFSpU4M0332TAgAG88847VKlShRUrVtCvXz9atmzJ0KFD2bJlC2PGjGHFihU8//zzOI73jMbChQtJSUlh0KBBNG7c+Pd9EEVERERERArJsQ7WOrhOmHDI9bodu1535mguEHYMjnUx1sHi4Lr5d202uT6xTrwZwDlzdWMH8MZho87leNms9bd3ovaPVP4SdZPJXTFcIBM7AzhoKx25269kFhERESkFCoBFROSwk5WVxe7duwGvZfO///1vvvzySy6//PKY7W6//XYuvPBCwGun/NJLL9GhQwfuvvtugGDG7zvvvEOvXr2oWrVqEBbXqlWLY445BvCqgFeuXMmbb75Jw4YNAUhISGD48OFs2LCBmjVr8u2339K9e3c6deoEwHHHHcejjz7KmjVrqFKlCmPHjqVKlSqMGDGChATvz3OdOnUYMGAAc+bMoV27dgCkpqbyxBNPqPWziIiIiIgcsiwWNxQmFE4g5IbIDllC1noBrzFgDNZajDEYa3Gsi7WG/U4IjCVks/AS0fj/7nEj57A2Uk2bu1WzX2UcIlJtawvo/mxiKnKtEzmWjaTCfujrRpLa6PnCfs/mwgS3fvgbimon7R+zcEXKIiIiIoWmAFhERA47ftWtLxQK0atXL/r06RNze7Vq1YKPV6xYwdatW+nQoUPMNl26dGH8+PH8+OOPMXOFo/3nP/+hQYMG1KlTh6ysLABatGgBeG2da9asSYsWLZg+fTqpqamcccYZ1KxZk+eeey44xvfff8/5558fhL8Ap5xyClWqVOH7778PAuDKlSsr/BURERERkUOesbDTGDIsmLBDtokEutbmVL1a43VEtgaHMK6FigaOIuQFrAUc32K8oDe6qtav0o1q1eyPAi5QJOw1xg9z/R2iQ+DIrN9I5a43U7fwqa3XidoLo73QGm/9wXziqG0LfVQRERGR+BQAi4jIYefmm2+mdevWACQnJ1OnTh2SkpIK3Gfr1q0AVK9ePeb2qlWrArBjx44C912xYgXt27fPc5+/39ChQxk/fjzvvPMOzzzzDMceeyw33ngjZ599NuFwmJ07d+Y5N3gh9fbt2wtcu4iIiIiISHF5MavFuJFSVxMJOqPbE0Mk/7RRn+aKKXMFmPutw6T0bB5evp+d4USyTTahMH75rpe5RsJgF7DWUGZ/NtfXg4eal6WMG85nvcTOw3XIqfyNXoCJCnGt9QJjEy9cjeo17QezfkWxG7W1Y3JaS+NVHTvYSAvofPpVx646KgQmJ6iGIHi2UVsrBBYREZGSUAAsIiKHnfr169OyZcsi7VOpUiUAtm3bFnP7li1bYu6Pp1y5cjRu3DhoHR2tdu3aAJQvX54+ffrQp08f1qxZw9tvv83gwYMZNWoULVu2pHz58nnODZCenh6E2SIiIiIiIqXNWDBuAq4D1uzHEiLshHAjg3GDINIQSW3zyjNl10IWhn0hl91lDDtsImSHvJm5UdW/fhiM66XAWSaLfYnhyJzg+BGoNd6qjPXWZh03dq5u8EXZnB1wMBC3otgag7EuCcbiOBYSTLCeIAQPkxMqmzAGG7SXjjSBzrPamK7OxuL6AbQD1l9n5PjWEmmNHX+NIiIiIkWlAFhERAQ45phjqFSpEv/+9785/fTTg9u/+OILQqFQgYFyq1atePPNN6lZs2ZMW+mMjAyqVKnCqlWrGDRoEAMHDqR169bUrVuXv/3tb0ybNo2lS5fSsmVLWrduzezZs7n11luDFs///e9/2bZtmwJgERERERE5qFzHJey4WAzz94WZtnMfmdZg3UgA7I+qjaSdfiWwiby31kTNzfXeZ1vL4n1J7CEpMs43Ui1rncjsWxs1s9cPTL3INPq/uZmotNUCxhgvjA2TEwL7M4Aji/fD39xHtJG1u4SoUMalZfU9pO91+S0zxOZ9ZXM2Cqp/LaEEqFt+H9XLZHNsFZeQcfJda3CASNdn63hv3oOeU6FsHJNTsKzSXxERESkFCoBFRESAhIQEbrnlFkaMGEHFihU5/fTT+fnnn3nzzTe56qqrCqwAvuiii5gyZQp33nkn1113HdWqVWP27NlMnz6diRMnUrduXZKSknjiiSe45ZZbqFKlCv/3f/9HKBSiVatWANx000306dOH++67j549e7J161ZGjx5Ny5Yt+ctf/vJ7PQwiIiIiInIEMtbBuAAOS7LCjM8qyyaTkDPz1uvR7IWW1uTM8fUrWV2Td1trIGyw1i+jjQpl/UA1KgT2N7OFroL198dLV52oql1/BrB/Xz5H9EJnSwg4+SiHNy8sx+asRB5Oy+b9JW5kznDU7hbKJ4Tp9xe46oTyJIagQmh/3nbY+S03CHn940atWcGviIiIlCIFwCIiIhE9evQgMTGRt99+m8mTJ5Oamsrtt99Or169CtwvOTmZUaNG8cILLzBixAiys7Np2rQpTz31FJUrVwZgxIgRjBo1iqeeeoqsrCwaNmzIY489xnHHHQdAo0aNGDlyJKNGjWLw4MFUrFiR9u3b07dvXxzHKej0IiIiIiIiJWIIE8Ky31jcUJhwyME1cOV3GwAAIABJREFUTuxc3egBtVEtjE0ktI0cKLYVc4LFhL1U2FgHYxzcoJzYD2ZtsI/1A9t8wtDgNBbCfo9lgxf+2qhzO1E7GBuZcxzvoBaDizWGRBOiTBlDNlAmAS+YzvW14hqM45CcGKZy2TDWhDDW8ftS5/voeiXAkS/ZIWeWcBBYuzkVwCIiIiKlQAGwiIgcNo455hjS0tIOuF39+vXz3e7888/n/PPPz3ffRo0axd23Ro0aDBs2LN/9qlevzoMPPljgupo3b86oUaPyvb+g44uIiIiIiBSHV6jrErIhXLyA1rFOVLhKpH8xOaGliVSuWuO1g47usRypvjVhb66tBYwbwoYiGbIfJEcC1Zz+0hSukjammjcqeQ5Fzo23NmNMMKP3QEezBkKEMdZ6j4CxkYpiJ85sYT9f9mYHO9Z683sPsNLgazY2J1yOrgiOGRpc2K89z/RlEREREUABsIiIiIiIiIgcIlzXPfBGB5m1FsdxMMbg1w16dxAbUOXqKqv4Rf6sDAbHOljjYjAkYLAhcq5xP1SN3OBlwa73M2Jcr3rVhrx2yX6Iaa13jMjcXGsiJbkhv420tw3G5LSNNl4lsDE5c4Rzl8Vab8GY6NzTIaf9cyT0xbHB3SbyU2shTh2wwU+OvftDkfP6d0VaVQc7OuCEMcaJHMcSdhxy92yKjWkj5zeRvNsPqv021SaySj9kD4YZ5z6ot0IbKXV2rMGa6N9S0V+ZN2/Z5AwcDu5XpbGIiMiRQQGwiIiIiIiIiBwSel955R96foNXLZgQClGmTBmqVa9G7dq1OfbYY2nRvAV169bFSUiIW38o8mcW83qGyJjf6OJaiGwQ8l4kEQS41gAJwfzenCzSC3qNcbAYL581kTTZRB3UklMN67dxLnRCGVmksXlnAPvBdaGn6eS0aQ5C2UiQHXPsSAWwjd6nEIKHxZ/1G11dbSPVxoZ8wlxy3eY9ptmOC8ZirBfg512KC4TBuJHvU6hQaxUREZHDgwJgERERERERETkkfP/tN3/o+Y2JtLONfOyz1mKMoU6dOpx77rm079CRpiecQNWqVcGYmG1F/nT8stpI/BhTyQs5LZBD1gsrXSDsYEMu2EhlqR9ABvsZL3g0xivyTcIb2pu7pXJ0aOtGeisfKLTN/QoMY6Jm/0YqjP11F/ZnM6Y02MS2abZB+X/O7N7c4XhhGbzj+tycg1gnEjYbGzdXtiby3bFhDCFwHYyN3jf2RAYHSzY5Vc4mp7paREREDnsKgEVERERERETkkHAoBKnx1uDf9ttvv/HWW2/x3oQJ1KxZi4sv6cmNN91EhQrlcV2L46jCTv7Mgv7NkQ+jUlE/YLXgWIvjuBgXnGxwcSMvnIgNLq3f99gaXMdLfINwOXeVbtBh2q/qjdeuOffnObOD/fbROSEwwbxdr01yMR6L6LDUD5r9SuXYO4ib2MZZu3GiwnW/Gti14NpC/v6zGJuENS7hUBbGTcCxISzheGfDm4EcwuDgmP1YayJlyCIiInK4UwAsIiIiIiIiIlJYFvZnZbFm9Sqee+b/2XvzODmqcv//85yq7p6ePatJSICQhH0HEQVlURAURAUV3K+CiHivCuLVn7jrRUXcrii44QVxucp1ZxVk+yqKIWxCyAIh+zYzSWbrrc7z+6PqnDpV0z3T3ZNlEp63NjNTXXXq1OmevHr63Z/n+QZuv/02XH755Xj5K14R9gWdABJ7wjOWK5Ml3AU4EtPKSYqTugi3KQaOyFZwZksFnZqh2UOgdFjBmKPQbzRSwIyHCx5u7/dQ0hnAoyjcOkrzbKcydN3TTiRyjbCORlA0YvfRMJo6kWQGIrnMsbSNeu+6p657vir6hmNRzUj3860CExgKTEVsK3lYsg4IOACxTvYqj74hDlPDzBoea7TlAszfK4usfE5FEARBEF4QiAAWBEEQBEEQBEEQBEFogLBXcCh/ljy9GJdfdhne9c534X3vvwStbW2JPRtQWXsUzIyens24847bsWXLlsR9lK5Wa46Jbie+4hU49JBDQUqE+s4hbt5L0MkyzAphKjcqfezpAIf4GhflfUwHQxPCcsTpuC4DRQLaBwj39WsUTZrWQ5z8BaKSxxrQDKUVoAKwYihNNcUqR79/4fcc9h+2JjbqS6wj+UmcaGFMVXPF4ZWbqs+hpHUSxQbzM5kjADCDqYYEZsBtRMzK6a1s5LJiIIDtAax0JIarTJOM1IWHxeuAf/vvIrYWW6FZQ2kC6/A4Mo8XGKwBRgAVAMfMHcAPr5iMae01FlYQBEEQhD0KEcCCIAiCIAiCIAiCIAj1YuUP2d7AA9v68f3rvw8G4f3vvwQtrflIXL7w5K9ZEyLCs8ufxbXfuRYbNqwP74NTWbjW8QS0d3TgoIMOhq+kVO1OwT5VzccazPaoDLJ2+uGqsKywB0CBQKyjI0bYSmRYYRYHOM4rYQtVQFoBrEOBq6PngXGdGoAGFBcx189AIVNT1Vadv1tGGqG8JQ7n6rb2HW0IW3caiD+lkJDAkbAlipLGY/2OmzLMoZQOS0Aj/iUgiuQvYCwyxRHhqsMxAdAKFQY2F1uwbSgf3mfEcVSmO/zKYd9l0qAA2FoshF5YEARBEIQXBCKABUEQBEEQBEEQBEEQmiTsfQqUyiX88Ic/QD6fx3suvBDZbHYXz2zXYdZk3dq1GOzvt8JXmTRvDRFn3duOnZ5QD6amM2NEEpaJ6gq3e1TBK9s9HJ9vRUAamgCQZ8UvRbozIA0Gw9cKxFm0EgBUwFQ7BWxIuFgg+eSJJG7jztOVvHCu3zyRm+kp7M4LsbD2yEpbK4frHcYklZnivsfm+Gh88xDWTCkLgiAIgrDHIgJYEARBEARBEARBEAShCRLliZlRKhTwwx9cj6OOPhovPu44m4R9IUFEVgA/+9xzCIKg8TWI1u2Ftna7DqdIskmZJqLakWC0CeBYKprDqo7KjDyVkfcUtAK8wIfSDK2SNcCJCYoJFS+ApgBelA7Wbg/eUadPI8QnOAzAjugpXKcJJSCWq6aKs5HARJEbrlHLfKwxlbk4E38mZ471qGVnTxV9F1DcW1hHF08MjnogE4flsAVBEARBeOEgtXQEQRAEQRAEQRAEQRC2AwRg69at+PGPfoiBgf5dPZ1dgpG/lUoFK1c+j0qlsotnJDSGk9I2vYDdvrUUpV/rEZ+cBXMWxiqXvQoqKkBAOroF4U0FKCuCJg/EXiiW2QtLODcy7XQKmKI+wPWPEk47PabCiPUI+ws3OLC7ju6YxMl1rnMsco9Jz9Ejp9R0tL98nkIQBEEQXlCIABYEQRAEQRAEQRAEQRgntqwtEx544AE8cP/9CIKdKD+5/lutu8Z9bof+bduwYf16aK2rHjLRqbl8Dazz7tICmqP/JeZLiMsgJ8QlgWxdYbZJ4JGXyiBVBlEZijUymuCzgoKCp5M3xQRCAE8zvCi5qiPJWmvGCVQ0V0UpsRpOmmocVmUF4sSwK1WrfW9j0LXHrHonjbxRlKqGcpPAo2BqXrvC18ppVybHj58k6gVBEAThhYcIYEEQBEEQBEEQBEEQhPESCRYGo1ws4qc/vQnbtm7d1bPa6YSSidGzeRM2b9pkE8HCbkBUldi4Q7vNkZ9MoaAlR1NWf4hjW6pJQRPHInaEBI3kJJkKzQpEjJEdgEOp6iZvbblq07PY6d1bzV/XTNjaHRgEFY2HZArafG93H0Ooko72CWtRa0WAhxGilp2Ubt0FoK3gdebuyl+FEUKcU6W3BUEQBEHYsxEBLAiCIAiCIAiCIAjCbkWjIcyGw5pNJjjDdp6hYVm6dCmWLV+28wRolWRhrVutu7YHzAwiwsrVqzDQv/uWwa65fA2s8+4i2xJTNf6UKJl6pdR9VcaoNjLByF1KnqzaGo1paaPd0kllIztdWe1+bZa0/CUkxqz3N5vSPylKzTdca0qvR02if5xGXKsz5ohk8MiZCIIgCIKwZ+Pv6gkIgiAIgiAIgiAIgiDUQmsN3/fxkpe8BOeccw5yuRxAFCYFKWWPGm7KGVKpVNDT04MnnngM9/3lLxjoHwCjWgKxfga39ePJxx/H0UcfC8/ztlv5VSOUzXjmZyNe6z2PO44rqbfHPLXWWL1qFQaHhsY91s4mLezd9alnbWo9PhO7/G5ybtqViAxAO98HSCRVa1Zp3sGYXG38iYZIiJq5mq8mJWs31IDhLANH5ZhNXffoPO64zlBjPbJ2njApZTM+AM3xxTTyFEnJaPv4mDGB+BwcprSpARnuLoUgCIIgCLsnIoAFQRAEQRAEQRAEQZiQMDOUUgiCAH/961+xYsUKnHPOOTj5lFNx8KGHIpdriYKF45NroTwNXUdhuIA//P73uOHHP8byZcsQGp86SE2hUqng8cceR6lYRL61dVzzq0Za4CoKDRAz1y2T0vLXjDteWRkEAdatXYtyqTSucSYC7vrUm+YmkO2PC+wYyb79oeTzhlLfGzyzgR0Ju3MZEZQ1IlQjLN3sCOuwP3Gds7T7RxipajamHTIxiAnMNKoJT/wTZSdvJHAsaZPWlUb5PQ7vMMFqdh8IkwQ28wXCNWECN5qGNtPjXfVIC4IgCIIwHkQAC4IgCIIgCIIgCIIwYWFmKyXXrl2L6667Dj+58SbsO3cu3ve+9+H001+NbDbblAO2Uo5iz9PSmsd5b34TTjnlFFx44Xvx9L+ebHrui595BoODg8i3tjYvVqt4l6ASYNWqVVjx/AqsWrkKmzdvRl9vD4YGBlEql6GDYNThTKlqz/cxaVI35u03D8ccewwOOPBA+P443iqKwozlchnr1q1HuVJpXs03UoJ7e/hU51xDQ0NYtXIVVqxYgTWrV2PT5s3YtnUrhoaGUC6XAT36hwLM45zJ5TB12jQsWLAAx774WOyzzz5QajfoxmYkKJnUarTdlYx1kBCvHI9VO1nP0cNOMD2Gx+6z61SkthKYwhRs00tN0bgEds9vhLDjbQmp63RxN5vff0XxugJx0rghv0rxHBRF8V5njjreLVwDcspAbwfEBQuCIAjCboEIYEEQBEEQBEEQBEEQJiRGpKXF6fDQIJ7+15O47MMfwvx58/CGN56Hc97wekybPr0hyZrel+I7MHX6NFxy6QdwxUcvR2FoKHRXdY5t9uvZvBmbNm/GlKlTq4o/NxW6atVKPL/iOfT19aGnpwc9PT3Y0rcFAwP9VuxWKmX09vZi9arVGB4etnNNzH0czJg1E6edfjrOOPNMHHrYYWjJtSRGHnH9zFi7dg3ed9GFWLL4mYQXqrudaZVjvvDZz+Lzn/3smPtPmTIFV3/tGpx40kn2+OT0whmVy2UsX74c69euQV9fL3p6e7F582Zs3boVAwMDGB4aQrlURrlUwsZNm7B+3TqUovTyeNK6dj2Y4WcyWLBgPs448zV41WmnY7958+B5np31rgwFsylNDMTCkzhKjiKcogYAAjHF7XuZANKRAE0ZRmYQA0wErRieVmCqgKGiU3EsmqOFYoojtsQMPUIWh2d2A6kMhjb9ihmR/A2HMV6U2DmuWml3onBOxNFXAlQA9qLrNkKVozk4yV2GrlpbmaJ9zTmZNBgqTOEqjupsR0RzJjXG7zIDBIaOLlYRwEpD6TDdyzbxG86ZoscwLP+so17MtQYfiTI9hckudnIuIoIFQRAEYUIjAlgQBEEQBEEQBEEQhN0KG0jUGkuXLsPXrrkGM2fNwmvOeu12La970itOwqGHHoqFD/8TzHWWgnbo7+9Hb29vIsWchoigtcZNN96EX//yFxgaGkKgdVQ2NlZVtcoPb7dQHzPWr12HG3/yP7jlllvw+te/Hh+57DJ0dnaPeWy1SsHjpZ6x6j1fb08PvviFL+DRR/6JSrkCrXWium6j7VfrxR0/qFSw+OnFWLz4Gdx40014/8WX4PwLLkCupWUHzqBJKJKR9gKcxClCdzm2+yMwMZRm+JqhSYNBUNqJ0XLqFKzgIQCYUSHPStkEnDxHIg1rMAJUNSY8k9NXTsoWyT7I8SdF0NQJ3MMSqeqxx2MAgdLIZxgHzehHXwnYsNVDz1AuHiPy8aEc1pjVVsLUfBnzplbgNzBdNr2KbdkA1PPAC4IgCIIwQdgN6s4IgiAIgiAIgiAIgiCMxAhVHQTQY5TlbXRcIkJLPo8zz3xN02WRK0GAns2ba8vbqDcsEaFULKJQKEBrHWUpw9Ku1eSxmd92g6Pz6TD/OdQ/gJ/d9FN88JIPYMniZ8I05/Y7206DIoGutUaxUESpVIbW2m43a6hqiPnttcbmcWZmQDN6Nm7EN77+NXz1K1/BhvXr6+9RuyOpFt9W5sZxIljFaeWwNW51ackUCsSKB5Q8QtHX0ERg0ggURzdAK0CrUBAHRCgpQsljgCoY3TbGNZhJIRSVypQ6DufJ9mv6AuvEJIvNWpg0rL3kxsckFY0bzc2uqUoGias/8wieVshoH0dNV7jtw5Nx50dyeONRAYh0fP0eA6QBJrRkCJecRrjvC2347iXdmJyvf85srt/cJPIrCIIgCLsVkgAWBEEQBEEQBEEQBGH3ZwfU0CUAhx9+GHK5HMpRSeBG6evrqymAq53RLU9LJt1ofk6XrN7e15wa7+8PPYTPfPrTuObrX8es2XvtfhI4Si6S21M2VVa8Vpnx7Y0dP5rP0OAgfnrT/2BgoB9XXvkpdHZ37dDzjzo32KnFKU9TLthKP3JSsJRKg1aTwOGdPdrH0xVgSDECOAFak/7lsKixBiGjAY89TPMVjsgGY/pG2ybazpOSCV0jf5sRl+nkr5sANkK8aalsSipzXLIaRlTXzoNrAso+oFiDKPS8vgZ8kDMfI8aj8yhGhjR8BNG060tFx+vqXLdOP+6CIAiCIExkRAALgiAIgiAIgiAIgiBUgQF0dnaipSWHgf7+psYoFIuNHbALLCvXOicDjyxciG9ccw0+8clPYsrUqROqUnGjuC5z100i+sphCfO77rgDB8zfH2971zvQks/vwonVwIpgxCI0atwbp39HGkECEIDwt0oFn9xawmrKggIvPk5z+MTTCMWiDu/xdRnntALfm5FBzjTxrTL2iA3WKifnZFO1ibLNNWBnOJv6jeYKWFFrZD67x9XznLLrSInxTJ9e469rDUlg+BrwmBAQgzgAqzA5bSUtcyyrAw0oHZXXBpgCULpX85hz5Vj4Jy5aPLAgCIIgTHSkBLQgCIIgCIIgCIIgCEINFPkg8qOSzI0dGzopnUgA18wNTkibwmAOcOedt+P/PXC/LUm9O9JkXnOHMzDQj5t+eiOeeOKxeG0ZO3XC9lRsKhwb2xeXWQ69oQ4lImlnn9HsJ4MVoehnUfRzKGR9FDIZFL0Mipksin4GxYyPYiaDYiaDkpdFwc+jojIg6BrJXbYO2s5AMRLlqr3we/JMMlbFF1jj+uN1iEqvk7PVLYdNBPZMeXEjwceKKoc2le0Y7njxjb3wa63VDB8bhnZKcIMJbEo/J8ZjwFNgUtAqSv5C1f+UYoQ9lGHGM+Wlw7GVYpgVmJC/WIIgCIIgiAAWBEEQBEEQBEEQBEGoBtVUMU2MtYNLDI8HqnEzFAoF3H77bejt7dkV02ue9IVUq1Q8AVi7dg3+fOddKBYKu06wVxOPZP8TJ1cVJZKqBI5Dt6mDGRT2kTX9lN0ksRmzap/d8Fw1k+mpKdpS6YmxqSEvSea/FI2nTAllZ57uXN1japKOnFvDjkSJbSOAKb6eWmsarmvy3HZfdw2ieRIZrU22SnZDVBHVFPVXngiBekEQBEEQaiMCWBAEQRAEQRAEQRAEQagJM2PhwoVYvnw5tNZjHyA0BDPjHw8/jA0bNu7qqVTH/fACpX6u93BHdAKIyyubbVH61W6vw95aP+0KSkcGU53VjmuPbaQvJc+jUCOdXOfIFIlghXjssFxAvFuj9tqdm7ONjVxGY59/SPQAdr93HyN3P0EQBEEQJhwigAVBEARBEARBEARBEIQRkEluAujr68OiRx9FqVTaxbPaMzBra9Z3/br1WLp0aXQnGrN1OwMiQKnwRqkq1aOVq+awty8rsqWZY1nJ4c2RwHHqt7oEjpeFw/LD6dSrZ8Z0JGvD1+qOacZJjVefox45sC1XnSotrRCWXG7wMbfO2y0D7cNKaqL6ktRVBzaPkXncXNHsUUIEC4IgCIIw8RABLAiCIAiCIAiCIAiCINSEiMDMeOKxx0UA7yAGBwbw3LPPItB6N2ip2qildFKuNW9GiNYnQWuWQIbzvQpLIHPTDZU5KT0TKdvGxaeds0lRO8nlMPTcfLqeXZkMZ65mXZvBTVSr1K1aalkQBEEQhAmFv6snIAiCIAiCIAiCIAiC8EKEma1cTcsUcx9AUEqhs7MT3d3d6OjoQL6tFfl8HtlsDpmMD6W8Uc9DAHp7e/HYY4+hv78fjXVHjUfZsHEDioUi0BXNMbpHI+z3alKZBAKY4zK6DRCuBcUnGMUHslFqXL0Uremn6/bVZRtZjcV2NpdDZ2cXOru60NHRjtbWNuRbWpDJZuFnfCgaPT+htca6dWux+OmnMTg01FR4Nwgq6O3ZjFKpiHy+tcGjdx4mfRv2xzbCsnZzWbZliKN9lHOIOVzF3xON/F1wic/onM99jinn0CB8JKh6Q90aOMli5cR8zTlMEhiILmy03yVzzviJTOnUrJGr2t19rHHdgs4EkEaiwa/H0XjOL08zPXtN8llH5zTzpnCKdobN9BYWBEEQBGGHIwJYEARBEIQEjy1dh9Ubt2LLwDC2DhSwpT/+arc5P2/qGwQATOlqRWdbCzrbcuhqb4m+b0FXWwsmd+YxbXI79p8zDfvtNRkL5kzdxVcpCIIgCIKw67HyF8AxLz4WmayPTCaDrq4uTJ48GTNmzMTsveZg9uzZyGaz7oHQrG35YDNWNZg5DAESYdmyZbj44vdh5Yrnmprv8NAwiqViYltrWzvOfM1rcczRxyKURIxSqYS//fWvWLdqTTS5+s9BRDj6mGMxf8H+UF51EaZYgQHkW1sxc+as6LjaY7a1teGMM87EkUcehZaWFnR3d2PKlCmYOXMm5syZgxkzZsDzPTtILN/HxvREDoIA/3fLLfjKV76MbVu3NuTDiAhBEKB/YBuCcgWUb+DgXQiRjlxodUtvc7em160R8VasRl81O7KSRv/MgHlKGPcJgD0GdDS+McRRwpaIEkK+3o8+WGlNKj6IAQSw5ZtptE8n2LNqJ/lLjlQ1QjleC6XcSLBrhMdYAJPKNesYROOCQQrRBz50Y5LWCPBonIRzZnJ+P8T8CoIgCMJERQSwIAiCILxAGRgq4tGl6/DIM2vw2JK1eGzZWix6Zm3T4/VsHULP1qG6999vr8mYP3sq5s+egvlzpmL/vafh2ANnY9qktqbnIAiCIAiCsDvhJlPPPvt1OPvss1N7mBK3lNgX4EgWJVOuaWlp7yMAzJg3bx7OO+9N+NY3vo4gqDQ8z0pQgQ6SZWq7urpw6aWXJubWP9CPj152GdasWdNQGjYUhozXnvVavPWtb4fne+Aqyo5SGWabOq5BV3c3LrzwwujgUJol19P0sk0msMPdqaYQZg4fB2aG7/s467WvxcMP/wN//P3voYOgzqsOx2EwtNZVr3d3xlQ7tqnZ9J1AMhVst4+RguXUvSapatK0KtzBJFXrX1WKRaeR1m7CNeqHa8ZsWH8qiss/m2QtKEroNj1qLIIZYX9ezfHiq2Sivu4hnZCxPQcQl4AWBEEQBGFCIwJYEARBEF4AbOwbwMLFa7DomTV4bOlaLFqyFstX9+zSOT27phfPrunFnX9Pbp83ewpOOHxfnHDEvjjh8H1x0L7Td80EBUEQBEEQdjAjpWJtq1IrkTpaUnXEfczYe84cZHNZDA/VL4DtOIyEoBwhnMON4faGyu4mzgYQRQlMGiF2G1Fkifml5lpvwne0fc12I4nb2tqxz957w89kUGpAAFPYABa8Z7nf+DGKng484s5IrmpKCtwRA9TGPE8Aqi6BmxSV1kEjGo8jqcpRCWhza+AjDmx2NwlgL5qnk4zmpuQvJ4UyR+dAGGC2Jc8bHJZtT2Fj0WNZHSeLBUEQBEGYqIgAFgRBEIQ9kMHhEv6ycDnufngp7vrHUjy9YmPdxx42bwaO2n8m9nlRB/aa2oEpnXm05TNozfnI53zkfA8ZX8GL3kxQTipCMyHQjEqgUSgHKFc0BgtlDAyXsbFvEEtX9+Hx5Rvwt3+txuBwqer5l6/uwfLVPbjx1oUAgO6OPF522D542eGhEH7FUXO3wwoJgiAIgiDs+aQDlQyAlNr+4T33RAwQKxBG75s71nBjiV5GlVBpemdnAB5lt+0GAWpHrO9uitWj5j+mWbM2qVpTBtntWctgIrBt7JwkXcqZgEhScrKPrknDpsVzvYzwuhzLUHK2NfBoJxK16b6/Roib/sPNBIGt+Ea4xlFSt8E23DAzGZEANuWqKdUDWBAEQRCECYkIYEEQBEHYQxgqlPGzOxfh5tsfwf2Lxu7rNrUrj1OPnouXHjobB+0zFTOntKG9JYNKpRyWoXNK3Znv4xJ4HJcURNj7LHyzi+ErwFeEnO+BWWFKuw+l2oB9unHKEbMAHAIA8HwfpQqjf7iCDb2DWLa2D7978Bncv2hFYp5b+odx618X49a/Lrbb3nHm0Xjrq4/C6S/Zf/ssniAIgiAIwq6mzrCilS7NBAWjZO2OEjfkSCsTShwX0URHXColv637eghRSjKZLGaYNGfzhCnePa2A83hIZVnJUbY2rereDyttw3Lco4/tlmq251HhI8scJWyd0tNM9f9+sZkPEFlQZzJWZrs7jTKaO5i5xoSojU9DqolfakNCKFNYBno8AhxRutotz20GckT4OH9tBEEQBEHYgYgAFgRBEITdnIeeXIkf/f4f+MVdj2KoUK653/zZk/GWUw/Gyw6ZjTnT2pD145J15mu5XEr0OTN9zQzudiKC1vE7N25vOiJCEAQjjnX300EAD4zuPGHkVeABAAAgAElEQVTS7A4csFc7XnPsbPh+Bhu3FrBwyQb87z3/woOPrxxxLTfd9ghuuu0RzJrWiXeccTTe87rjMH/2lHGsoiAIgiAIwq7FdAB1X1PpIEBvbx96ejZjeHgYQZC2Zo2f5dlly0f08R03IypZ6/A2juFschSjCKyx5FYkw5h1YiCz1qVSCT09Pejr60OhUABrN5LZCAyKRl27ZnXiNfILGQXGfopwgaexjkp4kH2sgBeLRSM/AeSUxkuVxv5egCO9KLxaw9pyZB3DpDmBPXtHJI/J/gxQOA6Hj1CtNKxGPCYToBXCEs0cNRI25ZXtnzcUfeAhkUV25hjur5jBUGGyGRSWVXZ7AEcyVaNaiewU5vlu/kM6TEt7iFPQtlR1NG6UqAarcP8aQ1dFRR8ANmnqaB04KrcdfVS4kREFQRAEQdiJiAAWBEEQhN2QbYMF/M+tC/H93/wdTz23oeo+U7vyeOcZR+BVx+yLfWd0wldhUtftYaaUQhAEcYK3hvRlZnieZ392JbA7jjlOa233N8cASdns4o6ldYAp7T5OO2oWTj96L3h+Bhu2DOMfT63Fr+59Gn97cpU9bu2mbfjKTffiKzfdixcfPAfvOfvFOP+0I9DZ1tLcwgqCIAiCIOwi3MorGzdswM9u/hluueUWrF+/PvFaqVnc13DeCyq2x45UD1/XPvWvp3DTjTfh7rvvRl9f34gjmllrho7F9bjnvGegwDgcAQ7OAL1MuEwHWGFkJGAtP2tGq2a809c4N6PgcQBiD5EyrTJyshRxoiSzeeyiCDrZFHD9z3n74QO3r67pa63ZPshM5EjQOscmRCWvVVyqGVFPXUUgalyohmNGk9KISzUbwdzsE9KurSlLHX8iI/krIhJYEARBECYiIoAFQRAEYTdi9cat+NYvHsB1v3moatr3RZPbcMUFL8MpR85BR953SjkzmEe+mWXSCUopK36NJE7/HARBQuC695ltWmt7nJG+5j5mTuxv9jGlpWuliYNKGVPbfZz54jk488VzQF4GDy9ejy/f/Ff867m4t/HDT63Cw0+twhX//SdcdM5xuOyCV2DWtM7tseyCIAiCIAg7FGZGEFTw6KOL8NObbsJ9996LwW39AKKqsRSmWMcjgTkqR0t21D0fV3qXSkX8+a478Ytf/AKPPrIIheFhAJEfG7GujQly5rjc8XhF/Z4DgdhDAIRS03jZqAy5lZPMUZ9aBisK06oAiAPUisGG7YE5vTlEReWfnR7Azcw92as3NZ5qrqyylcWEKCE/cp7NjGsb85jP8EZSGZFUbqoJsJHrClHD32jeim3QmN2dBUEQBEGYcIgAFgRBEITdgCeWr8dXbvwL/vfux0eU/mtvzeLDbzoeZ710Hia1+XHJwEiopvv4ViNO3+qaJZ9NQlhrbfczEtj9as7vfp9OALvzM5I6fU5zvCuJgfDNoGMXTMEtn3sdChXCbX9/Fl/92V/R1x++iTcwVMQ3fv4Avv2//w9vedUR+Ng7TsZh82Y0vOaCIAiCIAg7Gvd12y9/8Qt87WtXo3/bNignR0qOOBsPL1Qxyczo6+vFl6/6L/zhD39ApVhKvLbcHpAIsKowEzwwmCqokEJF+WE5ZiDpDFXoF4GoFDMDTGEKeIRcTDXBJtNsmhCJT4okMMKvNq0bh1nrerjcZLEZL7GdGhjMOVZRlE52UrrRUGSkq3N9Yw+IqK8wh4to+gjbsZvsb23kr0lQm/WMxrX9is0yCIIgCIIw4RABLAiCIAgTmD8++DS+8fMHcO8jy0fc99bTDsX7zj4ae03J23StK3DTQtYVuWkxmxa67v6ujAWSyV33eDfF65aLNrhC15SMriaX0zI6LbKDIIDneWBmtPiMN564H859+Tys7R3G9b9fhJ//+cloP42f3bEIP7tjEU49dj4+9JYTcdaJB22Xx0UQBEEQBGF7MTQ0hOuvvx7/8+MbMDw4EPmU6LUWdoxbUWPvssfQ19eLL33xi/jDH34PDoKq+4x3ndNViMUHh7DS0AB87SFDKnzeqWiB0m2SmaA4gM9h6Wge9S1LYx2jHDBRLFfNuE6yttm0rhWypqyyjmRz2KC47rFSztrUpU7OM5KtzTx1Qh/t/FabdbAC18yiQVvrJoATQjweW57ugiAIgjBxEQEsCIIgCBOMciXAzXcswtd/dj/+9Wyyv6/vKXzq3S/HuS9fAF+FUrVSqViBanBFr5GoRtq6JZ4BJBIQQepNMTc9bL6mk8TphLHZx5W/QCyJq/UBdsW1K56JyMpeQ7q8tDl+5qQWfPZdL8Un3/5S/Pq+Z/DFGx9EJUpL3/PPZbjnn8tw2LwZuPxtJ+GC04+E772Q3voUBEEQBGHCwOF/Qn2lceutf8SNN/wYw4MDAFEiTZoQi0LdmNeKgwP9+PpXv4rb//QnINDh2lZZ0HGvszxIVQnXlRBEL7sVEdj0uDVi1ZQX9iiSmBqAF5UcHqkXw4SsjqRk2CXYik5j8u33BKjwdypMHo8mPymWmczh1Fw5y9EVabb7gykOA1e5doASwWFGeGnQkaDVzpSIwCoaUwNacf3JcopSxUhLYB2nlUmDqbGGwArOGpiIspm3FetNWmtBEARBEHY4IoAFQRAEYQLx+weewmXf/AOeW9ub2N7VnsNVF78Spx45O3prIsaI03SqFwjFqOd5CTFrxGp6G5BMCZuxqklf92f3vCYt7OIKXXf/WtvNvN30b3osF9srOEoG+4rxlpMX4PxTD8Q9j67GJ66/G1sHigDCUtrv/vwv8fkf3YXvfPQNePXx+1d9HARBEARBEHYYjod68okn8d3vfhdDg4O7dEp7Eu5rxTvvvAt/+tOfUCqVXrAlsHc9NvYaOlkrFBFFbNN7UeLnETDF/XNhwrSOhDQOedRBRiOUyhw3zE5eStg0uv62uiPGiGStTS0jLtfcrElNf4LBrK/1vdRcUtcez+4DFPYWtmsuGWBBEARBmKiIABYEQRCECcCza3px8ZdvwT3/XJbYvs/Mblx9yatwxNzJYNYAa4AIQRDYks1poeried6Iks7pfdK9dt3yzOaNsvR5ACTkrCuU0+liVyKny0y747nHphPG1foXu6WoXWEcl6zWeOWRe+Ef33sXFj3bg499726sXL/FrvdrPvIjnHXiQfjWZedg35mT6n6sBEEQBEEQxgNHLqVYLOKnN92INatXV32tIzQHRYZ9oH8Av/3NbzAocn3XYeSuW/rYiEPTUzaKkrJKHFITQtwv2OxPRqQaL+whTOoyR+eur8g3RXNkU/rZpmcRl392evY2jJmncn7XU72FmRjczL8FpkQ1RZNjhEljd6xmXK255vRXd2hxwIIgCIIwIREBLAiCIAi7kKFCGV+64W5c87P7Ua7E5ZfnTO/AN/791Th87uRIpsb9d02qFwAqlUqiR6+b8HVJy1v3e1fGVisL7aaCzb7uedxtabnsnsvsa+buiuJ0L+Jq95nvPc9DEARW9hoZ7u6T7it85NxJuOMr5+LJ57fg3795B9b3DgAIeyzf+fcl+NjbT8Yn3nUqWnLy0kgQBEEQhB0PA1i1ciUe+efCsDSxyN/tCwP3338/lj7zDADI+u4izKqbSseh/+WojDNCQakiWRltZ2gw1Kg+Me1f7XjmTwIdnUxFFaYbmnVUVjo6PlFW2pzDiNxmIMQJYDOGLbHMid0aG5dDCczRVx0lpY3IjoLHDa2FvVYjl5Pbd0R/ckEQBEEQth/S/E4QBEEQdhH/e/fjOPDNV+PLN/7Fyt+Mr/Ddy8/En685H4ftOwlBECRkq5uSNeLVLfFcTfymSzKn7zd9dl3xWi25W6lU7DndnsNp4Wz6Dbs9faslic197vfp9LCZoxnXFb619nfLULs9jYkIh+07Cfd9+634zodfjYwf7lMqB/jiDXfjoPOvxm/ufXLUx0wQBEEQBGG8hC6G8MSTT2LD+g31hhOFeogc1fDwMB64/35s3bp1V89IGPHkNnKVYsFIUbrWbVFLDfxS2NLM6e/Jho7rnalp9RtO05RrRpxcJnfvBnBaB9trtzdHODeDQph6dhPWylnTxmcbTtXK49TjY8pANzldQRAEQRB2DiKABUEQBGEns3jFRrz84u/igitvxppN8ZtS7z7zCDz24wtx6hF7AcCIFGu10s0mleumYN1UrhG3Zrub0k2LZbecsitVS6USyuWyFbDmWLOfOb97jmrSOZ3odQVzej7uHNLX5d6fXiODmafneYl1U0oBzHjV0XPw2I8uxJtPPdjet3L9Fpz3iZvwqg9+H888v2nsB1IQBEEQhBcADK0DMPTYu1Y9GpGESjboJDAWLVyISrnc/MxGqb4y1nF7MhqM3t4eLF+2FJVKvetrmrDqxGvU9OvVUUfg+CaEcOK7Kp90sGlYtpWLjW/FqL9z4d8Hppy6m3IN5Wp0M9sSp632ALnJ27gpMRvxaQVoKGlJEUBhPLj+z284F2dvhIRgpThqPPosU9hkLoc3V4QbERzNtRHYTSub8ygjhnVUqrrZetiCIAiCIOxopM6hIAiCIOxEvv7zB/CJa29FJYjf0Dh07nRcf8WZmNqRRfgmI9tSyG5i1hWwQCxMgbjXrytegyCA53kJCVotNesmaoMgsLdMJoNKpYJt27ahq6vLvvmVyWSgtUYmk0GpVLIlnU155nK5bM/pztGVu+kyz+k+xelEs5s4dtfBTUMb2U1EqFQqdg6ulDb7ep4HDgJ84d9OwKVvOAaXXHM7nloRSt+/LFyOI97+DVz9H6/Fv7/phO310AuCIAiCsJsyMNiPUrHQdNytJdeS+JlAKJdKWL78WWjWZmPdmNdPrW2tmDVrFqZMnpJ43VPzuKgvaE9vL55dvjxRKWWPIXJRvX292LR5U9O9lUkRujq7MGvWLHR1ddUxBoXilwhrVq/CmjWrEx9OfGESCU+mOIhqSh3b+CjHZZaJY/laB8afIiorbXvTmnrNCmHZ4sSY1WRluA85tpii+SRKHqceTjLXUcc8GU4pajdFC8QSmAEi7USQRx/T7EIm9asoPIk2c4++jxLXFMXj6/1tMHO2ZaXNRm22R42AOSo1LXlgQRAEQZhwiAAWBEEQhJ1A37ZhXPCpm3HXP5babW35DK7/6Fl48f5TEylYIyqNLHVlsCEtgo3ENXLUlEF2E7tuD1+llBW9QFwquVKpIJfLYXh4GP39/ahUKlBKob+/H9u2bUNraysmTZqEcrkMpRQ8z0OxWEz0ITb3pfvypuWuu93s6163+TktkdNjuAlmM4f0eO73Zn8jzWd0t+C3X3wDHnp6Ay66+k8oliooVwJ8+Ou/x50PLcFPP3cButqTb9wKgiAIgvACgYDFixdjeLjQ9BCdXV0A3NcljMHBQfT39zeXFiVgr9l749Of+QxOOPEEZLPZcFy3T2k1OJRCt916Kz7+sY9heGioiZPvHgwMDGCokesz0i0q+3viy1+Byy6/HAcccCAymeits9EksOMZr/3Ot3H9ddehYJ4z4sVGx0mXcqJHbX0LF3r3aF+FsPetIUoCJ3/Nxh6XzX4K8YScsOu4qra7SWUNR4A7t6bGjWakopMYP21EexPzJFOq2vhdM0+F0X8fBEEQBEGYEEgJaEEQBEHYwTz05Eoc+tZrEvL3La88BI/84D047oBpCTHpykkjNU2P33S/XPd7tyeu2eZKUiCUvEauFgoFBEGQKKVsxOnq1atRKBSwevVqDA8PY+XKlbj77ruxatUq9Pb2YtOmTVi1ahVKpRL6+/vh+z5aWlqQzWZRjsoYuqI2XZq5Wj9jd+5mTqY3sbn+dN/fdGnndL/ftEx3xwaSUlprjeMOmIZHf/QenHvSQXacW/+6GIe/7etYuHj1OJ4BgiAIgiDsbpjXC8ViCbfffjsqlUpTpZOVUpg6ZUqqPUZYraRcKjU1t0wmi4vf/36c+PKXI5vNgSiyPOQapCo3UrtVieJmS1wDQKlcsq996yNep46ODrz97e/AIYccBj+TCUv9ksLoa0tRuVxEZXGFurA9ayn59w4T7ILWwBaVJoDd/rS2DLJ7G3WoEQOT2+/X9umNxopKuBsBWvfQ9sOr5unkzFNx2MPXlK02F1jHXNnUwVYUl39O9+ttEnbH8pDsKzxeYS0IgiAIwg5HEsCCIAiCsINgZnzlpnvx6e/ficAp+XzD//c6vOygFwGsE59YT4tKIy9dkWpSq9WStO550+OlBXI2mwUz2xLPRIRsNosVK1agUCigq6sLzz33HBYtWoTly5cjm81i+vTpOPjggzE0NIS2tjb87ne/w9SpUzF9+nQcd9xxaGtrQ6VSQVdXF4rFIrLZLIIgQKVSQSaTsaWijaytNn83EeyWpTZr4l5H+ljzxmr6azotbNbQjO3KYgLjS+89AWcePw8XfuWPAIDVG7fiZRdei//6wJm4/K2vaPr5IAiCIAjC7sff//53LFy4EJp1U56jo70dkydPSYpICl/XaNZN2djW1lbMmzcPvr9nv6UzHq/EI0r/1nkcgO7JUzBz1qyGIhP2bBT/LDSAqV7c4O+D3Zto5BNmhKAcKyLvHKejv9HSCWAgFK1ALJe5gWcqGWnN1RPAqWk0hOkf7JarNkld02C50SGjZWVzvKKorHY8QfG/giAIgjBx2bP/WhAEQRCEXcTmLYN4yydvxr2PLLfb9ps1Cb/6/BvRmgl/Tktcd5v53t2exj3e7aWbTJggcV+pVEJLS1jOuFAoYO3atQCAZ599FrfffjuWL18OrTU2btyYEKie52HZsmVYuHAh9t13X6xduxalUglDQ0NQSiGTyWDu3Lk4+eSTccwxx6C9vR2TJk0CAFtG2pSgdnsGp3scA0iI72rX7Mpc8zW9FmnpW+t86V7D5vsTDn4RFv7wvTj3yluwYv0WVAKNj/33n3DX35fg5194GyZ15kfMTRAEQRCEnU/y9QI7/617BMS1TQFbhxbAtq1bcd33rsPgwGD9g6b2mzx5MqZPnzbiw3hcr4yqAhFBRa+nEqeu8trHPabZNG1TREa07h68CckWtjdhu7GetUpfK+Kmqw0us6c8kBppf6utX1rs7xSYneUi0z43lIp1po+ZAWLT95bBqvnn43bDylq2jz1x9Wtyf39sUNiIVFd+MqoEiaONdhuZran5cFIeJx7r8HgySWWTwk2fBxzGk6O1JpigPsUlmnX070+U4m3qt5Si/zjltC0qOWJDjzQBbHoAa4qTxtpZj/RyCoIgCIIwYRABLAiCIAjbmSUrN+GVH/w+1m7aZre997VH4eNvewl0qkyxS1pkuilgI2NNr18gFKVGrpqxTBKkXC4nyi8PDg6itbUVuVwOzz//PG688UZs3LgRpVIJmzZtwvr165HNZq2g9X0fWmvbJ9j3fTAzMpkMVq9ejXnz5mHNmjXhm3Mc9rF74okn8PTTT8P3feRyOcyZMwfvfOc7cfDBB6NYLKKtrQ0AkMlk7JugZn5BECCTySTKRbtlqdPbXZGbJr2G5lrMfWlJnhbO5mt7TuH2r74JX/zp3/HTOx8HANz1j6U4+l3fxO3fvBAH7DNtrKeCIAiCIAg7CYJGk+oEzDoqoxwKG6017r/3Pnz32mvxxOOPRy01G9AbHCoWBuGAAw5CW1tbFQlKdr9GlXVheBhrVq/GkUceWTUFXOtDdObrlq1bE6+ttjfjEc2R/8OK555DuVyKrq+B2r0wLq5BHeXsvmVrH3p6eqK6whw9VLWvyd7HGoXCMLZt2wregesLxC4uFIsKWoXPuLGfSgwmDVYEYkIABY85ksG2qDIAOD/vHLXHYdQUHjNAOpKkNS6IQqFqqhGzKU3sfmaAES6UotiBUvU1IvuvR3zNmjgplaNkbTgEQ1MkqqN0bPrfH7OPpxVAGpqAgBS0x+F4HpIJYKDx8uEUPddNGWn3gxTRPy2sNKA4CgjX/3jGstocF23VBCKGNn9OGfktCIIgCMKEQwSwIAiCIGxHHnxsBc6+/AZsGywAAHxf4VefOxcHzu4cIX+NzK2W4g2P9auWczY/p0sjVyoVlMvlRK/cUqmESqUC3/fx/PPP4wc/+AEefPBBFAoFK0Gz2Sx8308cY+bY0tJiE775fB5KKeTzefT19WHBggVYsmQJtm3bhkwmg+HhYRQKBVtOuqenB48++ihmzZqFBQsW4KKLLsLcuXOt7HWvyxWy6Z7B5vrcbbVS02YsVx6n08FGKKffiHXvNz8DwJVvPw5nvWwB3vaF3yAINFau34Lj3/sd3PqN9+Clh+3TyNNDEARBEIQdyLo1a7Hk6cUg1ZiNICIMDxfQ09ODxx9/HLffdhueXR5WcQlfRzQzG4bn+zj08MORi6qvOHdFcoVqCqnRKBSK+J8bbsChhxyC/fbbL34d5YwTBAFKpVJYsWVwEEuWLsUDD9yPu+66C2vXrgM42KHOxmq0Jvvh/uUv9+CUU0/B8ce/FLlsy5iPgb10dz8KJVyjMnjLli344x/+gAMPOBCTJ00K08Cpx6hSqaBYLKJYLGLbtm144okncO99f8GDDz6A3s09O9iHhVcUiluNigpQho8KqSjJO/qxihWICYoYijUUGApAAB+g+O8Vo4F3FaOemeOA94hSzyZd22Dv3xEfxbDikxLlmpkCgHTUvtcDq/DDJ5yqGc4gULTWFU9Hv/cmRcuuxY/LKTe53GR7KSOcpxnHLlB8UY18nIIVQBTlsVWUF49kMHkJzywIgiAIwgREBLAgCIIgbCf+794nccGVN6MS9fs9fN6LcPOnzoFPQdW+tZ7nJaRvJpMZIYLTJYqrbTfSlpmRy+UAhG/6DQ0NYWhoCEuWLMF9992H3/zmN/A8D+VyGfl8HuVy2aZ9TV9e82ahmZvp3ev7Prq7u1EoFNDd3Q2tNaZNm4Z169ZBa42tW7eiUqnY/sRmbKUUNm3ahDVr1uCee+7BqaeeiiuvvBLDw8Po7u621+t5XkKIu9foyuFa5Z8NbvK3WsLajGHWze0fnC4v7fZjPmJuNxb98L14y+d+i6dXbMK2wQJOvfR63PiZ8/GmVx4+vieOIAiCIAhN437I6+qrv4qrr/5q02OEPyCRIgwrqzZgZUzqDkBbezsOO+ww2/4iJpTD4fZm9Anj8ScewwcuvQTHH388pkyZEr5eYkKxWMLWrVvR19eH3t5ebN68CZs2rMfAwED8mrLesszjQJGC748sU12T1HTWrVmLj3/sP3HEEUfiRTNm1tHvmAFiHHHEkTjzNa+F53tN2TQCoIMAv/vtb7Bs6VIceeRR6OrqCs/AjEKhgN6+XmzZ0ove3l5s2rQJGzZsQLFQRKj8YMz3DnSnYWJXI3y9OgwPf4LGbUwo0Nhv8xEBbUGAcxXhdERpTgY8BODIHjITlEm7TvR0J1GcVAXiksdRieU409zEmIpGJoC1gqIATAytKmFimVUkRhPmFYQKAi/8IIIf+PC1mSsle/U2SfzvlpNWVohFsHJ+NtNqQIgTOSW0NUfPBWXXWMSvIAiCIExsRAALgiAIwnbgSz+5B5++/g7782tetj++fslJ4afBORaPrnAE4p69Ju1rxGU6seqKY/fmitpCoYC+vj60tLTgjjvuwG233YaVK1eir6/PlnE2aV6T6DVjmtSv53nIZDLo7OxENptFuVyG7/vI5/MoFotgZgwMDKC9vR2VSgUHHnggFi1aZI9raWlBsViE1treTNqYmXHXXXdhyZIlOOmkk/DmN78Zs2fPHlHu2l0fcx+AxLpUk7fuNt/3rVBOC3STvja4x7plqc33JjGc84HfffGN+NC19+C2vy1FqRzg/Ctvxop1fbji7Sdtt+eSIAiCIAiNsT1kZtVerk0Oa4TZvPnzsf8B+1ct/5zL5ZBvba1d4nYMiIFnly7Ds0uXxduqfDAucYzzAbodCRHB8z20t7U3fTwA9GzejHvu/vOo12QIJR/j3PPejDPOfA3yra3IZLPNnR9AuVjEo48sxGOLHhm79y8QZT9NjLOp0zYwwahUOcJ0aZk8PE4efu8Rhqr0Lq5GNwGHs8ZJ0MhoAEQoA1Dsg0mBIhnMNk46sSyw+diElbvpMsVu6Wbn97mhgtauxDeylgD2wpsiDxoeKiqUu4wgPCmZlG24ggpANlAoko+CpyMpGyWAnfLPZORtg4xIQRupHP1s5Hijw5vfKXuQWw6aASgVW2JBEARBECYkIoAFQRAEYRwEgcZ7v/Qr3HTbI3bb204/DJ9550tDAZoqQ+y+MecKXFc2phOs6RLGABJJWXMbHh5GsVjEFVdcgX/9619W7GazWWSzWXieN0JwAmFPXne8XC6XkM/lchltbW3QWtv08OTJk6GUwsqVK+0cW1pabA/hSqViy1Snr/3555/HzTffjJ///Oe48sorcfLJJ6Ojo8OuX603L6ulft3EbrqEdvj4BAmZnE5Op0tspxPHnufZxyUIAhBpfOvSU9DZmsUv7/4XAODj196KFet68d+Xvx6qwZKTgiAIgiBMLKqlBZtwMvB8H+e96U3o7u6uepa21lZMnzYNylPQwfbpFzue3rvbG8/zMG36NPiZDCrlcuMD2BR2o/1Fw9ewnZ2d6O7uwqaNG8alLuteU3e3Hfxy0HSbVQwQAijWAGXD/HE9Mo4ZZRAeCzRu0QF8DgtAE4AyEbQGHiZCwcvs2AsZL5HNNeWJraR1La+Kdx7rkeQR30R/Y5gfVHx/IVD4v22MZ0oaSjMqCMIkMADm6Pc5mgsxgVijpIpYP6QwoLPhBN2Hysx5PM8dxYmkspXL4xiTFNmK2jAl6wGbLA6Dwc2WyRcEQRAEYUcjAlgQBEEQmmSoUMbZl9+Aex9Zbrd95C3H4/1nHWZLIbulhA2uyDTCNN2v1qRUzX1pIeqWJy6XyxgaGsL3vvc9/PnPf8bAwAB830elUkE2m02kcjs6OtDf3w8iQrFYBBFhcHDQJoMN+Xze9g7OZrM2Qdze3o6WlhYwM1pbWzFp0iR7DS0/K94AACAASURBVMPDw+jp6QEAtLa22v7DprS0KQltehXncjl84QtfwA033IBLL70Up512GpjZnteVt9VkbbX1NOtYq0R0uoQ0gBHJY5MOTp/TTW1//t0vw8wp7fjm//4dAHDd/z2EFev6cMtV70RLTl5eCYIgCMLuyngcDDPbY1983HE47fRX1SxdTEQ46JCDce999wCBjqVTHSff0Qne8RJ+yNHHvvvNR0u+Ff2lrVYiuZc56lXY1GZ9PUujV34gEBQIUydPxl4zZ2H5kqUNz7+p9d3JDwlFNpLJiypOm17H9TyBgEHfwy8V4RatR9wHAAEplElN2HSnSb3GV8xxWeXUDmZdiI0gr6KC2XWlFPb5VQxWGoCXFMsBoagIdwwS7uyPjmWC0gzWFKX6KSoXHf27wIBmAIECkwK8KAHMiO5gW2rZXsJYVcTdvzWJQwnuln7mcC5c59NiBBT9PUSIJ0Zkk9CkojWnZk8gCIIgCMKOppkPsgqCIAjCC55NfYM48X3XJuTvl9//Klz82kMTEjItIAGMkIomJRsEQSLRmy79XKlU7LZyuYxCoYChoSF8+9vfxplnnonf/va3GB4eRiaTsRLTJFhN+re/vx8AbL/ecrmMTCaDXC6HXC6HbDaLfD6PTCaD1tZWFItFDA0NYWBgAEEQYHh4GEEQIJfLoa2tDYceeii01mhpaQEAe6wRxrlczkpjsybma6lUwtDQEJ577jl8/OMfx9e+9jX09vZaeW32q5b2NV+NRK+2xtXSwa44dx8fkxpOS/tqPZgN7z/rMHzxolPsz7f/7Rmc8L5rsXnLYL1PI0EQBEEQ9kDa2tvw3gvfi87Orhp7hKnCY485Bm1tHXucOzGv94466ijMmDHDOsSdpYkYQFdXN4488ijb8mRPI17LZlY1lHYVz0Mhk0ne/PBW9rxQKE5UUlMjU645cePkz80MrSg5DmCi12DlQUc3VgqB50F7CtrzoMmD9jwE0f2B8sDKB3sq7slr0rRGoqrUyccMnzsy2/Ww7vhq5IeRG4IASvcRtt9PnIoDgiAIgiBURwSwIAiCIDTIUKGM0//jB3hs6Tq77Yf/eTbOeek+9me3hDMwMnHqbk8LSs/z7BjuvqVSCYVCAcyMYrGI3t5efOADH8Avf/lLeJ6H1tZW5PN5eJ4H3/dtaeehoSEMDoZS0mxTSqGrqwsdHR3IZrOoVCrIZDK2BHQmk7EyWSmFfD6PbDaL6dOnY9q0aZg0aZIVtB0dHSgUChgcHLSp49bWVrS1tdnx29vbMWXKFLS2tqKlpQWZTAa+79vex8PDw7jxxhtx/vnn4+GHH7YSOd3HNy2DzToZCVztfnfN3ZSweYzS6zyip1uN+4gI5718Hr71oTPstkeXrMWrP/RDDA6XIAiCIAjCCwP3NYifyeD88y/A8cefYD+AN2J/hAJp/wMOwLz586JwYaOljsc/1x1VMtqcY5999sFLjj8emWzWbnP91A6DAM/3cNqrT8eMWTPtnHY06aozE6kk9x6HW6bZ/GeEAAVADPO/hiWwSQsTrPS1KVhzjsS5nJ9VlHc3KVkjkpUrpcmWUh4hheNZjL4Mzu7sSm8zZjT/+HoagAAmDgWwvb7UOogEFgRBEIQJjQhgQRAEQWiASqBx1uU/xuPLYvn726vejBMPeZF9g88VhgASCdN0L1+3VLQrJs3XoaEhFItFBEGAlpYWZLNZlEol9Pf346tf/Sqee+45eJ4Hz/MQBAFKpVIi8RsEATKZDDo6OmyytlAooFgsor+/356/tbXVloIeHh7G8PCwldFGxlYqFQwMDKC/vx/PP/88Nm/ejG3btqFYLGLatGmYOnUqJk+ejJaWFuRyORSLRRQKhcRxbjnolpYWtLW1IZvNIpfLQSmFjRs34qKLLsLnPvc5DA0NjehZ7JZ3NttNaWl3fY1Yd/soG5FsBLtbgtt9c7bam3XVSkGbx/HVx8zGLz93rt330SVrcc4VP0FlO/XzEwRBEARh4pL+EN+b3vJmfPDf/wO5llzNY8zrjkmTJ+Oss85CPt+yU+aq0+V+dzCe5+H1r389Zs2atVPPC4Raat78+Xj5y1+xc85XpeVI+nthOxMtrYYrJVMCVHGT73xGpcftmByPlZC4GEUCj3W/GcekeKNkMRrTqqbidOLanXMRAWx6GTfggE3fX3bXc0Sy2vT/lee5IAiCIExERAALgiAIQp0wMy648mbc98izdtuvvnAeDtyr0/5sSi67ktCIS1f8VutTa4Rk+qsrlIMgQF9fHx544AH87W9/s6I2CAIUi0VbOtmUd3alspG9pqevEaT5fB5dXV3wPA/ZbNYKWd/3rXQ2PYInTZqElpYW7LXXXpg2bRo2b96MAw88ELlcDvl8Hm1tbeju7obv++js7LSJ346ODuRyuaplr93zmJ7Hv/rVr/CBD3wApVKpppyt9oaaK4nT62tEvCvdzTimZHZ6rPT36ZLT5lyH79uNX3/xTXb/vyxcjrd9+mfypp8gCIIgvEBoaWnBueeeh8suuwJt7R3OPbWNi1IK5553Ll52wglQvrfDXzeY1zOdnZ2YP38+MpnMDj/nQQcdiNe/8Q1obW0Nz9+o3WoAt0ovRyngN7zhDViwYMFO7Zs8depUzJgxY4eeo8rHFcc5Wv3HV9+zxhgc/qfuMzgP02j7u49m+Lof1WVrlFKt59z2uWM2qKj+sSnRXE2yjil5zTFJaWrv9zglV53zjAJHZeQTk1epZLLpCUzxtTX8+1dNdkfp34nei1wQBEEQBBHAgiAIglA3l179W/zfvU/an7/9oTNw+L6TEmWcjVh1U6tAMkGaLgnnln12j1VK2d66zIxMJoPBwUHcd999uO6666yU9TwPlUrFjhcEge3ta9LBSikrUzOZDKZMmYJsNmt78W7btg1A2Bu4XC5Da43Ozk5MnjwZe++9N4444gjMnTsXU6ZMwf7774+9994b+Xwee++9NzKZDObOnYtp06ahra0N++23H2bOnIl9990Xc+fOxYte9CJ0dnaipaUFnZ2dtjy16Wtsehkb2W3KTj/11FM477zz8NBDD9n90wlft5dvOl3tCl8jll057PZZTvcGdqV7+vGq9lgSEQ7duwv//eG4HPSv73kC/3HN75p/wgmCIAiCMKFIvI5jtiJl+owX4TOf/xw+9dnPoLO7K+V8a9sWIiCfb8XlH70CBx50CEBq5OsOALrKreqoKbljx4m+eL6Pk045Gd/57rX40lX/he5Jk8KcY0PusDHRmMnm8PZ3vAtvOO88ZHJZMDS49hU0j3vtttov4cCDDsbHPv5x7DVnDoJRyjI3ss7u8yA8jsEEtLd34IK3vR3X//BHeMe73o1cLm9ypPXNv06Iw4ulaNLRq1hQ1SuocVXMgNYA63C8Rm52uhyNqABTZjk507hVLIflhDUps4ipW7iPBsCcAXHtdXP+ioq8Kkflj0feiABiBRCgNJI1k0eMGl1VNGlOpH6dcRUDpAEVljSHF4w8d/hARftpu38sgzkuEx3NEyq8Fk8zgABMuoboj64XABEjUASy41Lq/AxWDFbherHbN7gOzLxGrm00tr1ckcGCIAiCMBHxd/UEBEEQBGF34Es/uQfX/+Yh+/PH3noCXn3sHADxm2tuytdNALtUk5e1+oWZ+3O5HMrlMpYvX46rrroKjz76qC3nbEoae56HYrFok7++70MphUKhACKy20wKFwB830dbWxuKxSKY2fbmNeneSqWCrq4uTJ8+HQMDAwBCQdzW1mal9aRJk9Df34/W1lZ0dXVh7733Rm9vL2bOnAnP8zA4OIi2tjZMnjwZ5XIZvb296OzsxMDAAIrFIgCgUCjY0tVm7XK5HEqlEtatW4cPf/jD+OY3v4njjz/elo82yWEjcU2iuFZ/ZXfd3TSw2c8t3+g+BukUsbvNnN99nE87ejb+820n4is3PwgA+O4tf8Ne07vw8Xee0viTThAEQRCECYvyM5g1cxZOfeUr8f5LLsHkqVMaSsW5+y1YsD/+66qr8NnPfBpPPPYYgug1HkUCrdGgnf1wGxECAN1d3TjooIPw3gsvxCtOPgnKU9i2dQumTpuKzRs2jn6CJjxtunpLZ2cnPvKRy+B5Crf8+tcYHOhvfND6zx79P5yD8nycdMqpuGJ4GFdd9V9Yv3YtWPOIx8n1dvWfKny8p0+fjuOPfyne/e5/w8GHHAryFDZs3IjOzk5s3lTYLlflosl8ZZQVEIDArMBx49dRiIUrgSPRavKk9elqj9kKVZ81AnjRuVN/9wBgKGjF4R4cHuszIcDIcuQea2RYg0DQpAFEH5BNj0kExYAmDQYjoFCEKgTh3qQji8vwOByFTBLZCOE0FIdutTmRkZ/m0wFmIprCVfY0FAjQAJNO7ut+b8YaRT6H7YADeKRRVh40BfADHYvteJrhdUABCOU9EYGgoRRDs47Pr8M19ZSGogDEFEpt1PtIAyACKwI4WoDwAQivJSoPze56CYIgCIIwoRABLAiCIAhj8JM//ROfvv4O+/N7XnsULnzNIVYimrLPbk9ZVzq68tEkUN3UqfsGlFIKlUolkQgulUpYvHgxPvWpT2Hjxo3wPA+FQgG+7yOfz6NYLNrErxGjnuehVCohCALkcjm0tbUleub6vg9mRn9/P/L5PDKZDGbNmoVJkyZh3333hdYaU6ZMQSaTgdYa3d3ddn7FYtGmiguFArq6uuybX21tbejo6LAllQcGBjA4OIhMJoOenh4rj3t6elAqlbBly5aEOK9UKgiCIJHsLZfL+NCHPoSLL74YH/zgBzEwMGDLWpvy12YMAIlj3TR1OnXt+76dZ7Vy0W462E39Gkza2y3frZTCe844CJu3DOJHf1oEAPjk927H7OldePsZR2+X56MgCIIgCDuPKGsZ/UTIt+bxkpe8BGeddTaOOfZYzJwVfuiNaXz+4+CDD8Y3v/UtXHfd93DLr36NcvRBuYYgd86MGTNn4uyzX4fTX30GDjzgALTk86G0AaOjowuzZs7G4qcW22PcK619irrVUYLOrk589KNX4JhjjsG3v/UtPLtseROjjDqxmtVtmRmnn3465syZjW9ccw0eeOABMI/n8QpLAy9YsADnnnceTj75ZMyeMzv8oCXC15OzZ8/GlGnTsGnzxvrOk06PjoLHYZKToJHVwDApMKko31lPn2dGhoEDKxXMDQJ4HD7u2sxjDHzWOFYRfPIBJijiSEonnxtpcZtj4NhKCVzRkcBM0s4B5qhQJhMRiHUoZUd8QEEDJkDrEWZo4PSgjM1cieUkm7kyDlWMNs7EfXDrgmHLPwOxV49sZ1aXcXqujCNyKpoLQUOH16xjTcs2pU3x4dpJ5rMZnkDM2Ftl0EUc/SZWl/lxBjsUsD5rHDqpgrOKxfCDAMwAh+N5WiOjgHntHgiZKK3dyHPflJE2nzpAvB7K/X0TAywIgiAIExERwIIgCIIwCn988Glc+KVf259fd+L++MRbj0vIVFcOumKymuBNp1Hd7aZMMwCbdK1UKvj1r3+Nb3/72yiVSnab7/vIZrO2BzAQik+T/NVaIwgCtLa2Qmtt9zPS2PM8W7K5vb0dU6dOhVIK06dPx/DwMKZOnYqOjg4opawsNiWus9msTQwbCVoul9Ha2goAyOfzAIChoSFMmzbNCvKpU6eiUCigr68P8+fPR19fH7q6utDX14dt27ZhaOj/Z+/N4+y46jPv59R699uLWmpJlmR5kwke29iAbRJCiB0Hh4QkQDIQSCYJb0IgyzATliTvOywZSFgmGWIcsLMHsDHYHpsJeAEb5N1Isi3Z8iJZi91Sq9Ut9XrXWs/7R9Xv9LnVt6VuWbKE+vf15/ouVXXq1Dl1W/fep57n11RjOTMzo1y9uVwOnufh2muvxfT0NN7//vejWCyqccuKwLQ/PeJZF9z17Uhop/HTBd1s1HN2PrNx0zTuhmHgY+9+HQ6M13DXY7sAAL/zP7+FZdUi3nLFhmM6DxmGYRhmqfDqCy442V0AMFuiI5/PY8XgSpx11tm48MILceGFF6JcLneIIi9H+tA/n6xavRqf+tRf4uqrr8bX/v2reP6553D48GH1+TC7s1lRKfkcUiqXsWxgGTZsOB/XXPMWvPGNP41SuQyRxu6SWJNodQKvff3rcXB0VIXCii4SqlTOyESdXLNmDRzbWfTxSQnk8gX8wi+8FZdffgVu/da3cO+992L//v2YmppCEAQLdxsLIJ/LI5fPwTItmJYJ27Lh5HNYtXpV8jkOUGVXIQRM08IFF/wnXHvddbj7rrtw+223Y/euXZiamko+c6aSKo2nPr4QgGVaqFQrWLFiBS666GL84i/+Ei659FLYjt0hUCZGT4nBwUG89rWvhW2aaVDyAg7LEFi9ejUM00z6I2f3rxNDIBIChjQgDcCQEiZiJD7bhZyJAqUownsh8F9sG6aMEYlExDya3TxJQJaw4sTNGxg27FjClBGkmLu9KRM7aixMVKTEH5gCv2fMFWIpEdlOnaYSgIkgvWChU0qWIk7c17ENJ4pwmYhxkZtLncBQ55FA4hI2pQE3SmbVkMlcQ8x/IUPy1ibhM41VJgdwKnS7MHFNMca7e2xERgw7jiGFrY6FWornm5GsOi6SNY3YgRP7CGEgFkYS7ZzZUECofUgAeQP4jXMLePe58WzTyjqciPNOHMOIJWKRCMML/oNF8c/pmCXOYoqaTmovSwkYXA+YYRiGYU5JhJyvAArDMAzDLHFe2HcYF733f8Pzk/q6r/+JM/DVP3vLnDhg3QVM6HHEumDYLUqY7sMwVCIuibwPPvggPvzhDyMIAtVmqVRScc/kQiZ3MQmyhmGoGr8UIU3iby6XQ19fH9atW4dKpaJE4Eql0tGGXjcXAIIggGmaEEKgXC7D931YloUgCNBoNNBsNgEAhUIBzWYT4+PjkFIqh/HMzAzCMESr1cL4+Djy+Tx830ej0YAQAnv27FHPqY6xftyu6yKKInzhC1/AZZddhkKh0OHgpbElETZbf1l/nHXuEhQvrW+bFfmz22fbp20Nw8R7/+o72PTscDIuORtP3fjfsX5V3zGcjQzDMAzz44+e1kH/ZtNFa3ST8cLEshOPgGWZ6uI6CczGMhuzEajHE/0zhe/5GB0dxcjIAezZsxf7hoYwMzMDz/OUOGVZNorFAgYHB7H+rLOwcnAQA8sG0NPbC9OavcitWyy1hETgBwj9IHneXWucFY1T4VkIAcfNwzAX5wTOJrHIOEa93sDhw4cwOTmFQ4cOYWp6Cq1WS322pe0EkosYbcdGqVhCb18vSqUScrlEALYsE7ZtI5dzUCiW4eZcQIlkiYKd/emrXq9j9OAohof3Y8/evTgwfACNRh1RGKl1HcdBtaeKlStXYv36s7B8+QAGli9HuVyGmZ4T6QFlDxZSSpXGs5BxSj5DShimCcfNpQ7Y7pMiZQwBAzEETAnMGDH+xojxz9JAy1iIzyNGbxDiI4aJ3xGAE5FNVXR15mb2jljEiAwJIS0YcRIfTc5n/ayIkcRUm3Eyh5EwABGmYq9SFqlVSBFBpNZSCYFIxDClSGKW1XpSRQ4b0kAsJCIziUK24k4bfrJmCFMakDIZlzB1rZpznOzkGhaIhcS4NPDRmsA32xYkzYNWRrlHxvhsj4ffLAvVDyHE7BsmhbTTzhe7/Qyb1AmW5HhOxfguvUybSL+biDRrWtIFDPpYJf0xRJh6ww0YCEEO9iMhAezzBX79pilsmx5I46zJXS0hIoEBaxo3/5aDy5ZZMISekX1q0Gq1VKkkSq+i74jZ7+kMwzAMcyozMzMDANi6deuCt7n44osBsADMMAzDMF3xgwiX/pe/w7N7RwEA561Zhv/463ek9Y8SdLFPjwzWl2XjnrPCsR4JTdHP1NYTTzyBj3zkI5icnAQAJb6S05R+WLIsS+3Ltm3Ytq32Fccx8vk8wjBUdXpXr16NM844A4ODgx3blctlALNCrx6xTFHS1D7tX0qJIAjUOp7nKWG32WyqmGjTTH6Ya7VaqNfrEEJgbGwMhmFgcnKyQ/AdHx/H9PQ06vW6GhcSsqku8XXXXYdXvepVc+r1ziey6yKvLrxnf2DUoR8Guq3Tbb715+rHBGHiLR/5JvaOJHN48Xmr8Og//REc2wTDMAzDLDUWIgDncrmT28cuekBiAuy86ItctZ3izsvKFZ7zWWS+C86yr6vPHTKJnBVGthO0XNuXSMOtY3p+hH4JTbMSici0mDDdrm3O81PUfJ+d9eX0enZclHdX6C7J2c4fqa2XRRcBeG7fjo6UcTp36Rh3WLa19RBDSJE4RCXgixjDsLBPSoTi6BdQCAC2NHCmIbFaRpCwIGQaDrwQQUzSkEpIESIWAkZsaZbrWWIpIESYnC/STt2u+gmlmkz6JmNIRAAMGDJxQndo0hIwYwOhIREZIcxYwJBWcu4bmf1LANJEbMSIRQRDxjCkCZXXnhWL0/NFQmIcBj5WF7i5bSVCKuVjxxKQEaqxxOcqHn6zbCoB2BDkoNeDkTuFbnpVKN89CdpmIviTE1jGiA0sUACmQsNZUVdCSJm+t0lUToTao12+IQHsCzQBOEayPdUCjoDl1jS++R4Xrx8wT4gALKWEpAshRCLyy47LATr7S25pmgGv1WYBmGEYhjkteDkCMEdAMwzDMEwX/vTv/kOJv4Zh4Ja//FVAxl2jgHWhF+j8cZMihucIgynZH0Lpeb1exyc+8QkcPnwYhmEgn8+jVquhWCwqVywAuK6r9iOEgOM4CIJAfam1bRuWZWH9+vWI4xgbNmzAmjVrlLBLzmDXddX+yWlL7t0gCOD7PlzXVSKnXh+XavZalqV+xLUsC8ViUa1L4nAul4NpmvA8D6VSKXVr5JSIfOjQIaxcuRKVSgUHDx5EvV6HbdtoNBoIwxD5fB7T09P4zGc+g+uuuw7VarVjH91q+dJzitXWx12Py7Zte07ssz5P2VrN+n71Nmk+E3dLgG//1Ttx0e/+E6SU2LrzAP7s7+/E337olxZ5RjIMwzDM0uBk/yB/pLjWzr7JjmXHZd9djr1bSZF5X08jWecyt6+C/m/MWTS3D3NWePk+giPNs75svvW6j0tG1srYL4/W1nFjnjk7+maZCwTn2Vyo2UvihR0IrEeEMxezOxErgVwkRWpTFjC3mtFVwkzPj/kEfU2YVCLh3HW1GYeAmYh43doUQGQktXZNaaR9iecIurPrR+m6AkjbFV3X1d3D6QppnVulrUoAhgBiE9II1YUGUsTplFPD2jnXvVMd+5kdv/R7C1Lh8whbqnNMZcLPd7LMSs3JIR7N4T13++TYU9E+ToVkIxHmBehvDvXjeCJTp7dEnDqzjTi5n9PNdHUxuyXDMAzDMJh7eRjDMAzDLHnufOR5fPm2R9Xzb37y7XDNTkEwW8OXREBaBqBDJM26VLOOABJNTdPE6Ogo/uiP/ghTU1MoFAqqBm6xWFQ14Bwnqb2mu2vz+TyazSbCMFRiZ7lcxjnnnAPbtrF+/Xr09PQox2+lktQx6+vrA9X3pT7HcQzXdQEkzuNisTgnWpnE1Fwuh0KhgHw+r2Kn6fht21Zx1OVyGZZlqSjqlStXqn34vq/qBK9evRoDAwMYGBhAT0+PEmcBYGpqCrlcDjt27MBNN92kxPCsQJtFF+P1OSKhlsRrYK6jZL56zrQ9jQWtR/HZdO9awM2ffLva5u+++RC++/Dz8/aVYRiGYRiGYeZHKGGPdEuBWb1yoTeSH48gHx6xC0k30hbmaWRW4qQNjrIzgfRChiOsq5o68r47d5n+R+12WXX2sVBSbGawtOOWHUJ41x0vdlQz+3j5zDZ2dM/vkZsQhkjE72wfu8SrHz8MmNJAnLqiYxiIzBBSxJmbVPexkJBCYm7tZIZhGIZZmrAAzDAMwzAa+8em8d5PfEM9f+/VF+I/ndkDYNYtSujuXXLcZkVDPeo5uy4JkuR+jeMYrVYLd999N3bt2gXP8xCGIRqNhqoLTCKt7/vK6Uvt1et1VTvYdV309PRg5cqVqNfrKBQKKBQKWLZsmXochiHa7bYSe6nvFLmsRyTrYrZlWcohTHHQtm3DcRxIKZHL5eA4DnK5HKSUHX2nOnoUW+04DqrVKlzXhWVZKBQKME0Ty5cvR39/P5YtW4ZVq1ZBCIEwDOE4Dur1OgDgK1/5Cm644QYl3tI4EPoc0HN9/ui1bs/1CG+aN729o7WrR1sCwEXre/GuKy9Qy3/rUzfj4Hit2ynIMAzDMAzDMMxJokM61NX1VPBMRGGhXLinL7oALjPjkN6On1rdlVjEiIWBUAChNOBLCz4sBLCTm0xunrTRgo0WHLSlgzbsE9YnhmEYhvlxgiOgGYZhGCYljiXe+edfw3S9DQBYPVDB//itK1T0M0X+JuvGXeux6ffZOsC0jETBMAyVSEjb7N+/H1/72tcQBIGKLbYsS61Pwi31xXVdFdFMyy3LQqVSQaFQQBzHOPPMM7F+/XpUKhW0221EUQTf91EqleB5nhKRbduG53nKpWuapnI203Jg1hFMlMtlNBoNmKaJSqWCMAyVM5ccwz09PajVagjDsEO0JjG4t7dX9YtqWwwODqJQKCCKIqxduxZ79+5VNY2pjtPNN9+MCy+8EG9+85tVBHTW7Uv7IUcuzY0e/0ztkZBMc0fPs8v0uaR29f3Teroz+S9/5yfx8PZ92Dc6jalaC+/6/27ED7/8/pMedckwDMMwDMMwSxqphTd3JjTPYsikFq6QQCw7YqtPT9Jiz4ZMi4TL2TjsWGr6tzgxCdBIIq6bPvDbX57Bvc/bSQ3mON1fDEAmfRJxnDyP06QqxNj/L+aRmmYYhmGYJQE7gBmGYRgm5S//+fvY/Ow+9fzbf/1rSvwF0HGvi4TZWGdd+NNjk7OOUl1Qpde/9KUvYXp6Wj2PokjV9aV4Zaq3m8/n0W63VXuu68J1XVSrVSxfvhyDg4MYGBjAihUrSPvduwAAIABJREFUIIRQ8dFAUjt4ZmYG+XxeuXLb7baKgg7DEACU45fEZsuyIKWEaZrqGIMgQD6fV8dnWZaKfqYav77vwzRN5fwl4dRxHOVYdl0XhUIBruuq/tq2jWq1ip6eHqxfv145gOM4Vo7pT33qU6jX63Pq/dJckIM5W2eZ1slGQ3er5UzPdeFfr71MwnZ2W50wDHDb/3yHev7g1r34zL/9YCGnJsMwDMMwDMMwJxiRfZKNojboNSUXn94ot6+YHQtyQAOIhEAoDITCRIjje4uEiRA2IE34ogDfqMA3yvCNKnyjJ731whc98IxeeGZvcm/0oG30nsRBYxiGYZhTB3YAMwzDMAyAh7a9iE//66wYd/2H34qya3SNQc7W8yXh0zAMhGHY4TLVBUFqi0RhEiRN04TjOGg0GnjuuedgmiZM00Sz2VTibxRFcF1XtS+lRKvVUlHMhmGgWCzCsiysXr0aa9asUU7gXC6HMAxRq9VQrVZhWRaazSby+byKVTZNs0OU1eOe8/m8EkEpzpkEaTqWKIpUjHWxWMTMzIw6Ns/zVB1jEphJCKb+0/ZSSlUXWO9PvV5HuVzGypUrceDAATSbTQCJkD05OYnNmzfjjW98o5oXXdSl2Gx9znSo/7pbNzvHtB7RrZZz1iGszzvNUTUvcO2HrsGffPEuAMAn//H7+LnXn4vLXr12sacswzAMwzAMwzDHAyEhJWCkPmApJGAaQJRaW2PMWoRjpGLo6e6poZrJAtKQUA7gOAYMgaY08Q9bI3wnHyS6eJxK4qlxOFk9dQ+nzwEJGSf3ArNOXoH0+5cEIEVishYSRiQQRDF2j7uAAQgpIA3qA1JnMlJXcLpjKZLOMAzDMAzDAjDDMAzDeH6I93z8JiXc/fxl5+BnL16tBFq9vm+2DjDQGf2cFQl1YTUrFrfbbSXmxnGMF154QUU0A4nYGgSBcgrrLlNqwzAMFb3c29uLVatWYWBgANVqVQmn1WoVvu+jv78fuVxOOXZJ+JVSKncwRRk7jgPDMJTISxHJVGOYIHcziaxBEKg+622RGExOZc/zOuKlTdNUsdeO48C2bTSbTbRaLVQqFfi+j3a7jf7+fvi+j+npaRVfDQC33XYbfv7nf14Jw3rbWWduVtzV51WPj9aF327b6evQOOqCr+74pu3iOMbVl6zGNZefg7se2wUpJX7zkzfjmW/8KWyLY8oYhmEYhmEY5pSBPssLpMIiZuvhLgXmOKBjGCJADAe1uIz/sz2EkEl9XhJwhUy/C8UiEYXjVJSNMWuajiVkKvSq12ndNMZZxBIijiFjExISBiLEIv0eaqTtAZ01iQ1NrGcYhmEYhiOgGYZhGOZvbnoA+8emAQDFvINr//iqOS5REoP1er36MnKwArNRwXob5DANw7AjMpiEXNM0sWXLFjSbTSW8hmGIOI7h+z4Mw0ChUIBpmh01gAuFAnp6elAulzE4OIhSqYTly5cjl8uhXq9j2bJlkFLCtm2USiW1/yAIlOBJr9m2DcuylPhLomY+n++ogUtx0EDiwKXtaFsppWrDMAwlNtu2Dcdx4DgOXNdV7elR2ESj0YBhGCiXy7BtG+VyGcuWLcPMzAx6enrUPuM4RqVSwcaNG7Fz5845/aT5ycY8Zx3BupCrr0fuZP21brdstLQuButx2jSmf/uHV6KQS4579/5xfPHmhxZxxjIMwzAMwzAMc6IRJPYaSGrhCgkYqfFUKFvr6Ys6dqj461jkAJiABELLhG9ZiC0BaRmQpoHYFJBGch+ZArFlpDeR3AyB2EzXNYzkuZE8lqYJaRrJ9sJAZJmIbQPSEIC0ACPO9Efvn0juTfCv3QzDMAyTwv8kMgzDMEuakcMz+CutDuu//PkvA3I2VpmgWq/k/tWdvBTZTK93ixsmFyndk6jYbDbh+z527dqFm2++ucNtrO/XdV00Gg1Vp1ePjy6VSli7di1WrVqFwcFBJTiuW7cOrusqwbbVainhmbZvt9vqWEi4pOORUqq4aN3FTMdgWRZ830cQBGqcyMFLbXmep46fBG8aQxJxAahIaBJOqd9US5jqAp977rkoFovo7e1VrmEAqFQq+PjHP65cxDSG+rHpTm39PuvspbHRnbzArLCb3Xa+SHBCP24aRyEj/NPHflmt8+l/vQ+HJhtHO10ZhmEYhmEYhjmRaJquJAFYFxoFIIzTX/yVgDp2obtsBQARQxgRBCIAkYpuVjelzur2Ycx9LtL/ZdsHACFgSAEzjdyOLXQ6ktV8yE5R2OjcBcMwDMMsZVgAZhiGYZY0H73uTrS8RER8zXkrccnZfWpZt9hgqhdLIiGJubrYm60FS4KgXveWBELbthEEAa677jrUajW1fqvVUm0WCgUVDU37JKE2n8+jWq2iWq2iWCyiWq2iv78fpVJJRShTNDM5c/W6vdQnEn0pdjqOY+WwpTjnbK1gErEdx1FjRlHR5PYtl8tzhGUSzcn56ziOEs5t21bCcC6XQ6vVgm3bcF0XPT09ME0Tq1evxurVq1EqleA4DprNJkzTxIsvvojh4eGOudEFWTpuGmNd3NXnXH9NF/Z1dzBB/c7Ggmfb6yYSv/bcPlxw1nIAQL3p4WN//915z1OGYRiGYRiGYU4QcvZOCoFYCE3HlF0FyhgiKT17Mvr7SpGOgVR6rkid0HHq8rUAw9TEVzl7T5HMdDON1KErAVMk9/S8Q8CViYvXlIjNGJEVau7reO5cGKkobGTEeoZhGIZh+J9EhmEYZumy+dl9uOmeJ9Xzr/zpNR1CHgmH2Zqw2RqwJADqYqHeRrZeLDDr7BVCYMuWLdi0aZNy3QJQEcu2bat4aYoTpm0rlQr6+vqwbNkynHnmmVi2bBls24bv+4iiSD2m/hQKBURRpERY3akahiGiKEIYhirGmURTEnBJQCUh17Zt5HI5JRyTQEzr5HI55d7Vx46Ok0Rycizr+6WxLBQKsG0bPT09EEKgWq3Csiz09/djxYoVcF0XhUIBYRgiDEPcdtttME1TxWaTQK+L8t0E4qxzNyvaEvpcdnN46+vSuaS/rjup4zjGP370F9X6//7dx7F154EjnLEMwzAMwywaeRxuDNOFOacJn1M/nqTaIiAwLkxsBrBJChzSxUtdcDQlYiPGHinwiBTYJQ2Ep+HPq2TOhYgTx6+IkrGAkYi+HW5c0SngkiBLN5Ge9EpITp8rcX1WvE2+k1EHDMAwIMiGrO9nTjw17RP8azfDMAzDpPA/iQzDMMySREqJ3/urW9Xz3/z5i9BbMLuKgXrsM4COaGhd8CPnLAm2WbGRoPbCMMTQ0BA++9nPKnG3UCioWGXLsmCaJjzPg5QSQRDAMAz4vo9cLodyuYxSqYRSqYQoilCv15XAaJomWq0WSqWSctV6ngfLspSYrNev1UVXcvaSC5j6oUcxk6OZxlKPeNbHheoVO46j4pmDIOioM0z3QGcUdBAEsG1b7atYLEIIgZ6eHlX7uKenB+12W+3/jjvuQLPZVE5mXXyledDjuPX+63Oanbf5xOBsLLheI7rbfdZxXM0Bv/mWC9XzD3zu/2RPVYZhGIZhXg5zokuP4cYwR0Jo93xO/fghJGIhEYoYP4LE77Qkfrct8EBMtX4zNwjUDRvX+g7ePhHjMzUPdcjTTteXwKzwKoz0BsCIlCgMEad1edMrGwStj3SsJARd9SDi5Hk28VkJuYlQLM3UcWwKmCLRhqUhAJP6A835qz/POLUZhmEYhmEBmGEYhlma/Mt/bMHTuw8CACzLwP/73isAdDo7yTVK4qAuEmbRBdVs1DGArkJws9nEpk2bcOjQIeXMbTabank+n1fu2KzjuFwuwzRNLFu2DPl8XomlFKPcaDRg2zaklGg2m0pIFUIgn88jl8t1CNpUG1g/HnIRO46j7nVnry4OFwoFdewk4vq+r9ojhzStTyK0ZVkqCtp1XeUszsZNk6uZXMK2bWNwcBDVahWVSkUti+MYGzduVOOuz1+3KGZ6rNfn1eeNlutjT+eGfr7QeuQGn881rO+b1v+L91wBw0jW3/TsPnz1zsfnPc8YhmEYhmGYUwP1ae90U/6WIsKAgAEpIrSdGE3HQGgYsy5YvaStlJBGBM+RCA0XvpEkN51u50EMQIoQpvAhRAgYIUwjgCFkx00YdJ+4hIURQRghhBHBEBEgotllIoIQMYSIEyHZSJcjgiFCGCKCgSB9HCCyQkgzEZmFjBMhuJuCbKCL+MwwDMMwjHWyO8AwDMMwrzS1poc///Kd6vmXPnQNIMPkKueMM5aE26ywpz/XhWLdBZoVjoMgqTVMgmcul8Mdd9yh3L9Ul5ccu61WS8Uyk6gcxzEqlQoMw8Dy5ctRLBZRLpeVCEzrUF1dEnypfXLi6v0icZaEVXqd3MJIx4VEZhI/ScilexJRXddFGIYQQqgIaxoPKSXy+bwSumlsLcuC53lq3MMwhOu6ajyozi/1LZfLwbZt9PX1YWZmBo1GA0EQoFgsYtOmTbjmmmsAQNU5JhZSA7ibQ5qOVxduszHQ1G63Zdn9dJwniHHtf70Gf/S/k3PyI1/6Lt75sxeikLMXcDYzDMMwDHMk9H+ngbn/Jh+9gSO8sNi2mNOCOecUqU2LOB2ynx+Zk4lI39ZGKiBKwBCQIn2dKgQZyWNDCAAWJIDQTgVMYahU49OFPkPiD15lYySKgFgkHmcpYcRi9q9g8lJq9k2fpA8hJQQEpBQAZOLkTYosq33Mvpb6jWPtfREnQ9+OJW5/wsDuQy6kiACY2pzIzvmB7GifYRiGYZY6LAAzDMMwS44v3vwQxqcTAXLdYA9+9qLViKJwjnAnpYRpmirGWH89G5+sC3okFM5XJ5bijZ955hns3r1bibKu63YIyST+UvtBEKjI50KhoG4kDlMMtOu6SqzN5XIdAjLVxiVRVXfaZvutu13p2Ci+2XEcJc7S8eVyOfi+j0ajoYRhEpUpvtp1XdRqtQ5xmY7XcRz4vq8EWxLGm82m+mGM2jEMA61WC7Zto1AoIJfLodVqwXEcjIyMKBEX6KzFm3XsZqO5ad80ZgTNx5Fc4Nl96SJy1hVMbRI/d8kZWDfYg5cOTuHwVAPXfush/NlvvXlhJzTDMAzDMEdESGBychJDQ0OI5eJVGpXwKwTOPfdcFAoFdpgxiKIIw/uHMTkxsTjzZ3rurFq1CsuXLz8RXWMWiYCEgRCxYSICACGUoCsNmQrBidM0FgAiwIjTyGJDIIKAFPK0+bMgAFQNid/aUERgCpiRSNy3AISMZ//+JVdQQ78wRv2JFRT/TC0m91RvWa2P2ajtpBRwukwKADGagcSTL0V4YUIkYm8q0COWnf2IoUR6hmEYhmESWABmGIZhlhR+EOHvb31YPf/Kn/4CpIzniIJZd68u/uq1Y0koJXEwG/Orr09tUqTxrl27lFuXavtGUYR8Po96vQ4AKnK51WrBsiwlFlcqFZRKJbTbbeTzeXiehzAMUSwWlQuXBEyKbI7jGLZtIwxD+L6PfD6vjoHikynWmaKaTdOE67qqL7Q+uZjJIU3H5nkeHMdBu91W61G7URTB8zwV80yvh2GIUqmEMAyRz+dRq9XU2OVyObTb7Q5BldrK5XJwHAeu68JxHHieh2aziT179mB8fBwDAwNdBXtdiCd0xzYdi74ugK7zqAu8+tzr4vKR3MCzTnLg+g+/Fdd8+EYAwN/d/BA+/J43wTK5WgfDMAzDvBxEGtn6r//yz7j++usT0UAtPPr2afVKAMlnoU9/5jN45zvfCU2mYJYoXruNr3zly7j1llsALDx5NpYSsQA+9tGP4Xff9z71uZo5eUgBxBAwYhOWlIAVpfqjkSxMDKq0NoQhEUPAjBLF0ZCn3zUhEon4bckQphBKVxX6md5x0J2vJd+BspdG0EBpG0rZ+YdW2z8EYAgTG/qbmGo2IWOrY31J5YVl4gRO/9zDQAz+yZthGIZh+F9DhmEYZonx73c+jkOTDQDAeWv7cc7K0hx3L4AONyzQ6ejMortNSQzU3aP69gDQarVQq9Vwww03KNcsiae6OGlZFoIgUG5aIKmTWy6XUSwWAQDVahVSSkxPT6NcLitHLv2QRI7kMAw7flyyLAtSSiU+k7OXXMPkfia3sO/76jXd9Us1isMwVAI1OYPJwUzx1CT2UrQzCbnk8KXjzeVyiKIIrVZL1RamcdCjqJvNJnp6etButzE2Nqbmp9FoYOPGjXjXu96lBHwdcunqtX31Zfq5oDt6s3Opu3p1IZjW0edyvnNHj/4+e7CIs1f3YffwBMYm6/j63U/gt9/62jnbMAzDMAyzOLzAww/v/2Fy0R9SkWCB2+qiXhwGeOihh/BLv/w2dYEcs/RQn+lIfMLinJ8CMhUMT7PM4B9zBARig77/pXHQRuo6NQFEs385EjesAGQMIeRpeTnI7FcXE1Jokm1WwJ13+wVeEkFR23MXwIglSkaI/3FNFW0pYCFMI6WFZjXu3M2sVt86+r4ZhmEY5jSHbSUMwzDMkkFKib+96QH1/HN/cKUS7IDO+r/0Orl/9dqx5PbUHb66iExxwVmhkETcIAhw+PBhTE5OKtGTBFbLspSDNwgCSClRq9UghEAulwOAJHYQUA5gz/NQrVaVizeKIuWaJRGTavSSAEvCKMVbEyQIkwuYnLrkHo6iCFEUKZcu/fhJx0rt0bi4rgvf91XfyX3caDTm1OClaGna19jYGCYmJuA4DiqVinL7kpBMc5LP55HP59VxWpaFu+66q0OE1+Omqb/d5j0bgZ1dpr9umuYc4V93DuvnFgA15vpx6+dXFEX4wgevUut/4ev3H/2kZhiGYRjmiEgJPPboY9i7Z89sfcrFbA8tUVQIbN60CSMHRhbXCMNkOP3kwmNEZm6nAgKJ8Ev6paHfa0oovX4aI9L/MOd23Hc05yZFjNCQiA0DRTdGfy5GvyPQl4vRl4vQl4/Rl4/RX4jRn5PozwP9eYn+nERf7lQ5mRiGYRjm5MICMMMwDLNk+M7Dz2Hn0CEAQLXk4tVrezoEyPlq/NIyus+Kd1nxl5bpkBhI0cXPPvusij0m8Y8il2l7Em9t24brurBtW4mytEyPUzYMQ7lndafu5OQkfN/HzMwM9u3bh9HRUYyOjmJ6ehpCCNTrddXuxMQEZmZmlCO5Xq+r9SYnJ+F5HtrtNmzbVo/DMFSOXdpOr78rhEC73Vb7GB8fhxAChw4dQhAEME0TQ0NDeOGFF7B3714MDQ1hz5492L17N5577jns27dPtUU1gm3b7piLYrGoYq9N08SOHTvQbDbV/NFY6AJut/nR29RjnbvNrb5Nt9rC3c4JEqL1vtAy0zRxwboe9JQSsfz5F8dw96M7FnBmMwzDMAyThT7T+b6Hb37zZvhtL1nwcrQLKXF47BDu/M53EQbhceknwyw19AsxF7vNsWx7zJDoS0KvAGBKwJCzv6Ya4rQXgU8WQkqYsYCQJkwZwkAbUkSAMDtuEulNGpDSRGLXNo/WPMMwDMMsCTgCmmEYhlky/M2Ns+7fv/nDqztq1wLocG5mxV96rMcx63HRuuNXF/70erH02LZtbNmyBQBU7VrDMNQtCAIVeWwYBorFonK2BkGgxNSDBw9izZo1qi5wGIao1WowDKPDETs1NYXJyUn09PRgZmYGzzzzDAzDwAsvvICLL74YK1euRBiGGBsbwzve8Q488sgjWLFiBdavX6/E4zVr1uDpp5/G2WefDdd1USqVlLu31WrBtu2OcaBxCsMQQRBgfHwclUoFvu8DAA4cOIBarYZ2u412u42tW7dicHAQO3bsQE9PD0ZHRzE2NoY4jtFut5UQXalUMDg4iHw+j3K5DM/z4Ps++vr6MDw8jCiK1BgdOnQIq1ev7pgDYNaJS87mbE3nbvOYjQnPnivZ84fQhWZdDM5GTes/Zn3+g1fh9z//neQ8vekBvOWKDS//5GcYhmGYJcpLL72EbU882SkcHYtgk24uZYw7br8db3/HO7By1crj0keGWVpIxHGELZs349Of/nRysak8ugFYAKhUK/jgH/4x3vKWa06w8CoAql+r17GVAIShxGFBrzEngGQOYkgAFiAtxAAEAnSb/NMxhpthGIZhXi4sADMMwzBLgqd2jeDBrXsBADnHwk9dsDJJ8Ori+Mw6OXWyUb/0nBy7RFY41EVB3/fxxBNPKCGZauaSu5X6RDV19Zhmx3HQbDZRqVQwMDCgxF8hhBJ94zhWgunBgwfRbrcxOjqqBNdWqwXTNFEoFPD444/DMAxUKhXkcjnccMMN6Ovrw4svvojh4WFUq1WEYYhnn30Wq1evxsTEBFatWqWE2yiKVFw1HZvrupBSqteAxIE7MjKCnp4eHDx4EFEU4cCBAwjDEJOTk5iYmMDY2BiCIECj0YDneWi1WigWixgeHsaLL76oYqkrlQr6+/sxODiInp4eFItF1Go1FItFeJ6HKIrgOA6eeeYZrFq1qsOxS65bXbzP1n+eT8TPusH1x+TuzQrC2fMh+7jbBQVvvGAQrmPC8yP8YMsubN15ABeft2ohpznDMAzDMBm2bN6CicnJ49KWkACEwPD+/Xhq21YMrhyckyrCMMzRCcMQ+/fvx57de+C12wuS7qSUaDR60Ww2T3Dv0t6oWs9aHHS6mMrWUjyyXExhcWaBCMRCQiKEIc10+CMIOdfdG8Pg4WcYhmGYLrAAzDAMwywJ/urffqAef+p9PwORfmUn9FqvRNblmXV8HkkUJJFRF/fIxbt9+3YlGpNgGccxLMuC7/uq1i5tG4ahcteWy2XUajUsW7YMhmEogbhcLiMMQ7RaLURRhL1792Lnzp1KUKW+Uw1gy7LQbreVODo1NaVq7R48eBClUgnT09MYHByEaZrI5XJKIJ+enkaxWITjOEq49jxPtQ/MxiSTC9hxHExPT6NQKGBoaAhhGKLRaODQoUPwPA/5fB5TU1OoVquYmJgAAFiWpYTVWq2mjjUIAkxMTGDPnj149atfrYTgUqmE8fFxWJaFKIrw7LPP4qqrruoqymYF2ex80n23mG9yZutx4fo+urWfFZUJvU6xWiYlPvHbb8Jf/ENyzv7tTQ/gq59819FOcYZhGIZhoGkwAojCAPd+/x5EYXjMQq3SfQRSQUgiDH08/MhDePNVPwvLdpIqmVLbgGGYIyAQhjH27xuGv0Dxd3bL4/8Wk+lfjRgybVtAQCYlw/UdGgBiin82YMSANADEsyWM+e1//BDpH14Bc1aTh9lVaBeQPPgMwzAM0wWuAcwwDMOc9gwfmsatP3gaAGCaBn7pirMAdIp8JPbqTtCsuEvP9dqw2fhfipWmZbQuCbq+76NQKKi4Z9/3Vd1ax3EQxzGCIIBt20pEdV0XQgiUy2VMT08rV6vrusqBS/2amZnBjh07MD4+jlarpdy+uVwO5XIZ+XxeuYtpv9S/er2OdruNUqmEfD6vHL6Tk5MQQmD37t0Akvjmer2OKIowMzOjBGoStVutFnzfRxiGqNfrkFKi3W6jUqmoNqanp9FsNuE4juo7HZ9hGAjDEKVSCUDiei4Wi7BtG7lcUh/XsiwUi0WMjIzANE3k83k4jtMxH3v27EGxWFTiq2maao6yYm82+lmP7c7W7SXXcDeyrl/9Obmzs+eX7jyn29vecBZMM5n/m+/dhv1j00c6xRmGYRiGySKBF3bswNYnnjwBTUs8/PDDqM3MAK9kTVKGOU3wPA8vvfjiK1vT94hIGDL9HgFASpE4fyUpwOlnfyOJJZaGRGwISCsGDPafnigyoz/3xfQmxNyXGYZhGIZhBzDDMAyzBPjHO36kflz4jasugClmxVvd1dstClinmyuU1hNCKKFQdwjTerq43NvbC8/zlHBL4h9FPdPNtm1V21d3BzuOowRPIPkBxTRN5agdGRnB0NCQqgVMUdK5XA49PT1oNBoIwxDFYhFBEKhl9XodlmVh+fLlmJycRH9/P6ampjoczc888wzOPfdcJdKapolWq6Xip6mvJCpTFHQul8PU1BRKpRJmZmbgui5yuRzGx8dRKBTUsff19SmncBzHaLVaCMMQuVwOxWIRANButxEEAQ4dOoTe3l5s3rwZV155JcrlshrrVquFycnJDmGVnLv63GTjnXXnNa1H4jYAdU/t6HSLAs+uq+9Xn3v93BNCwDaBX3/zT+Ab925HFMX4l//YjI+/76qjn+wMwzAMs8ShT29hFOEbN9+MRqNxAqx5AsP79uPB+x/AL77tl2FZfG09wyyGRqOBoaGhk90NAGmMcyr+roojvF1GmJAmIASEzPzhkICQElJGMKSAEUe4GBIGBJBWqGUYhmEYhjlVYAGYYRiGOe258Z5Z58f733ZJV/cnACXgEiTI6QIxgDn32Xb0er+6qEe1ab/3ve+pur1SSiWY2rYNIKmjCyTOV317KSVyuRyq1araVxAEqq5uu93G0NAQxsbGlLjc09MD13VRKpVgWRb6+vqSH0IBFAoFtNtt1Go1VCoV9PX1YWZmBrlcDvl8HoVCAa7rolwuw/d9rF27FhMTEygUCmg0GspJbFmWEqHjOFauZup7u92GbdswTRMHDhxAX1+fiqYeHBxEoVDAjh07UC6XYZomisUi8vk8Wq0WgETgHhwcRBAEaDabmJ6ehu/7aDQaaDQaqNfr8DwPlUqlQ9DftWtXh+NWF2ezc6jXBM7GOuvCfrf6vrSMjp9E6Gwb3S4woHV1cZr2/4FfuRTfuHc7AODm729lAZhhGIZhjoYWwzw2OooHHngAMj4BzjwpEYUhbrvlFrz5yqtQrVZZ92GYRTA1NYVDhw+d7G4kpPnNFgReE0tcIFyEAAwZJm/rjAgcGQaEiCBlDAEJI7bgRtGsWZhhGIZhGOYUgQVghmEY5rTmyR0HsGc4qSlbKbpY0ePOqdcKdAq4JMjpscYECXVZ8TfbTlbcpfamp6dx2223dQi7Qgg4joNWq6WE0v7+fjSbTQCz0cFUc5fuyWFLYuxjjz1m9MnaAAAgAElEQVSGer0OwzDQ29uLSqWCVatWoVqtYt26dXBdF7Ztw3Vd5aKVUmJ0dFS5bCcnJ5HP5zEwMADTNFGtVhEEAYrFIqSUSoh1HEdtT8K153kd40h1i3O5HDzPQ6PRQLlchmVZOPPMM1XdYc/zsGHDBoRpfb5KpQLLstS4UIyzZVmYmZmB53kYHR3Fiy++iMnJSRiGgYMHD2JgYECNJ7mAt23bhgsuuGBOzHK3GsBAp6ivx0Vn0V3FNJd0XmSF3qzLmGpD68J+N3F6RdVB3rXR8gLseOkQnto1ggvPWbnAM59hGIZhljAS2PrkVoyPHU4imlUR3+ODSPfx3HPPYfeuF3DJpa89bm0zzOmOEALj4+OYnpo52V0BQEnPEjFimBKwEcCQBkwpIWSyrGN9GUMihhWZCE0JiEjVDmYYhmEYhjmVYAGYYRiGOa355r1b1eP/9uuXdxV/AXQIvVnBDpgVCS3LUiJwt21I2APQ0QY9bjQaGB0dRRRFygXsui4sy0Kr1VJ1gcmlK4RALpdTdYFLpZJyylqWpRy399xzD2zbRqVSgRACpVIJGzZswFlnnYXly5ejWCzCdV00Gg1YlqXqCjebTRSLReXgXbZsGWzbVutRTHQcx7AsC/l8Hp7nwbIs5RymZRRZTTVy9VrGcRyjWCyit7cXQOJutqzkY0ir1VKu5kajgWKxiEKhoIRcPZKZBGFyEPf29mLPnj0YHh7GypUr4XmeElNN08Tzzz+Piy++GEEQqPHUyQq82Thw3cWrxzeTaJuNgs6ur587erv6eagLyHqfoijCh37tcvz11x9MzuXvb2MBmGEYhmGOgEwtwALAD394HzyvnZr3xHFOgBaQkKg16ti8eRMuuugiGKbV9TPm4qAIWWqH7l+Gizm7aTbRVrsg7Wi8/ONbWJ+WJqkNdc78L2bu9YE8lWvSxjg4Mgw/8JKneldP0rkgIGBKASGTeTCRlmvp0h8hBQRMSGEkdYPlqT3axxUJdEyS6FjAMAzDMMwpBheqYRiGYU5rvvG9WQH4Fy4/Wz3WHZrzuTyB7lHBunuT0CN/u7VPol+73Va1c6kN3/cxOTmJOI4RRRFKpZJy3JKQGkWRcvBGUYQ4jmGaJnK5HKIowhlnnIFisYienh5cfPHFuOSSS7Bu3TqsWrUKlmUhDEPU63UAUPV2m80mbNuGbdtKTNZr9tJ25MTN5XIAoPZJNXfpR8NWq4UoipS4DSRx1vV6Hc1mUwmzhmGg0Wggl8vB930EQYBWq4WpqSnlgA7DsENcJbHYdV0lJg8MDKBcLmNwcBCu6yrxNwxDFXn92GOPzRHhuzl+6TiyIizNNzGfuJs9l7Lnh+4Gpv3q62XFYLq44G0/OXvO6lHmDMMwDMN0If2nd//QPjz84IPpa+K4i0r073oURrj33ntRq9c6Xj92sh0lUfBlNqnf9GbJHC3lnNe63TrWO959WgzyONxOSbrN/7G0ccoeIAAgimIcOHAAURQe70szjgl1KgoAhgCEAaH+6/JeoM/uhkz+vAgkv66e/EM58QgAQs7eTu03FMMwDMMsedgBzDAMw5y2PPr0S9g/Ng0AWLWshN6iNeeHORL0dAFXj+MlAVCv60uP9YjgbHwvPdZFR9M0USgUYJqmcsWSe5bin2l9Ennb7baKkiY3sGmayOfzCIIAhmFgYmICYRjCcRz09/ejr68Pg4ODKJfLHfVnTdOE7/tKaI6iSIm8rVYLhUIBnudBCKEEWOo37QuYrU3s+z4cx0EURfB9XwnJQRDAdV3lZtbHJQgC+L4P3/dRq9WUuE2iMbmRbdtWfbAsC+12WwnQJJCWSiVIKbFq1SocOHBAOZvJSe04DkZGRtT4dxNlaR7oebeY6PnEXV1M7hbhrDuF9X3S+UZOcpof2lYXyvtKAqsHyhg+VMO+0SlsfnYfXvcTaxb9XmAYhmGYpQCJSbfedhsmJibS107AfujzhJR4Zvt2bN++HVdc8ZNzkkGOoeXZh1KT8l7GQajtZWczSguWwMGDB/HCCy9gfOIwWq1mx+dlx3HQ17sMZ511Fs444wxV+kO5Ho+hb/P1ab6Vj/ccnppyVefcz7foiEgJQT744zVoXcb/5bbfarYwMjKCOIyOi8mdOQ4s8O8Nm/cZhmEY5scLFoAZhmGY05Zvfn+bevzRd7+hqwioC3lZYQ7AnG10wbib+NstLlhf1mq1lEAahqESCak2L7XVaDRU9DI5fX3fVxHPJMpOTk6i0Wgo1/CaNWvgOI4Smn3fV/uu1WrK0QskYiz1hYRgnTiOVb3fOI4RhiFs24bv+zBNUwnBAJRwGwSBaosikkmwJaGYjs3zPOWGBqBEYxp3EoUpdpvqFJNoTBHTlUoFrVZLieRRFCkx3ff9eQVbOkZ6no1hJroJu9Rn/fh0J69+3+0CAf1CA3KDZ/cZRREA4E/e8Xp87Pr7AADfuncbC8AMwzAMMw9SSoyPj+P7934fcZRevHciFYr0s8Yt37oFr7n4UhSKhePSbBAEuOfuu/DMM9shYwm5wOjlM1afgV99+9tRLBbT7glASkhICCSfBw8dOoQtmzfjicefwDPbt2P37t2Ynp6GlHHXNpPPJ8n+K5UKNmzYgMsuuwxXX301zj1vA2zb7ojJXVhMdPq5RwKB72NichJTk5OYmp5GvVZDq91WqTmB72NiYgIjB0YwNjaGiYkJTE1PodVootlsIgxDRFHU9WLM7HEIIWBZFsrlMpYPrsD6s87CJZdcgp/6qZ/C+vXrYZrWIo7h+EMXWP7fb9+BZ599Np07pBbToyOkhGXbeMc7fg0bzt8w+/rLOJ49e3bjlm99C9PT0519fRlDFHgetmza1Pm97Cjtqe9IzSZuueVb2LRl81H3U61U8K53/wbWrVs3Z9mJmONuKUMLXR8Apqen8MLOnRjatw+HDx1CvdFA4PuvjDYuAddx8cu/8is4++yz5j3nBIAYUtVBb7c97N69G7v37MLBkRF1gW+6+BVjYGA53ve+9yV9PEnvX4ZhGIY5FWEBmGEYhjktkVLim/fOCsA/85q1Hcu71ecl0U1fRg5R+iJJbuD5ooR1AZFEPt0JSqJlGIbKLQtAOYFJFCbh0rIsVS+3v78fjuPAcRxV57der6NcLsOyLKxduxZSSgwMDCjRl0RX2oe+r2KxqCKlHceB53nqhyeKUaZIaMMw0Gq1lAvZcRyEYaicyCQk0w9wUkolKFMfpqen4XkeWq2WOj4giXe2LEuJoY7jqHHO5XJot9vKuUw1hnXxXEqJc845R4nJ1A+qF0xtkeCqz123iwG63euQ+KuLvEcTjLNR03R+ZCPFs+cVAPzsa2YF3xvveRKf/+O38g8bDMMwDNMFIQSee+45DA8NQULCgICmXx4/JO0vuX/00UcwvH8/ztuwYf5tFkEUhbj//o34v9/+NuIwWvC/+2eefTZ+6o1vRLFY1D6nJIe/d+8eXHvttbjnzjsR+EG6THedHklATZbVZqbx+JbN2LJ5M/7hhn/A//N7v4cPfPCDyBXyR9h2LgICB4aH8YlPfBwPP/wwQs+f6zLNfE6ft61U5Nar5nZfD5AyRhj4mJqcwNTkBHY+9xzu+e53YZomfv/978fv/8EHUEjF81caOkbHcTA1NYlv3HQjojBcZAngxP/b01PF+edvSCoKv6zPjBKbNv0IN3/jJtRrtXQXL//NlP3cvODzRgj4qXi8ZdOmo64/ODiIq37uapx55pnHtL9jZTHHI6XEgQPDuP766/GdO+5Ao9Hoer6f6D5LCZRKZVx66aU4+6yz5n0jyfS9Fvg+7r7rbvzdF7+IoZdeSv8Wzr3Y+pVAAjh3w/l43/vex9+RGIZhGCYDC8AMwzDMacnGJ/ZgbDKpebuyv4y8LboKbHoEsP6FkUTDbIwzxSbroh7QKexRW7oITBHNnuehWCyqq6N14di2beV2IPHWNE14nodqtYpqtQrDMFQtYHIMO46Dnp4euK6LXC6nRGiKWwY6na4Uq2zbNnK5HPL5PKSU8DwPY2Njqs8kBJPjmVy15CYuFosqblmvcUv9JqGWRN92u41ms4kgCJQ4TOvkcjm4rotVq1Yhl8thZmYG9Xpdjbdt2+oHEd/3lXhOju04jmHbNorFIiYnJzuc2+12W0V80xh0+3FCPwZ9XXLi6rGONA4k7Ged4lmncfYc0fdN+8vGSZMTvVKwsaKviNGJBkYn6njk6ZfwkxfO/pDFMAzDMEsSSXedYsmDGzei1W7pqxyljUQhlphbKuKoYkK6g9rMDLZs2YxzzjkbhnU8fmYRkJICraV67WhMHB7HobFDWLtuHQwBjB8exw/uuw933vkdbPrRjxB4/mxLXYTVxbgWwyDAP9xwPZ577ln89498GOeffz6kXLgD2PM8DA8fQOB5EHL+uZpP/O12Ed9C+t3teRRFuOH66/GjH23Cf/1vH8LrL7schmkksbgnQVC67LIrsGL5IEaG9ycvLLAPJM5t2bwF4+MT6F/Wt3BBTuoPk22mp6fx9LZtaDWbHfs4WehlWRa0Pkj4n12/Xq/jq//2b3jkkUeOa9/WrF2Dj3z0Y+jr6+vYP9DtnSsBKTG0bx9u/PrXccftd2Di8OGOvnYrO3Niz8Wklq+U82eu0/ewjT+8D//8T/+ErVu3QkYxBOZeDPtKvm+oNnPHvjlSnGEYhmEAsADMMAzDnKbc9cjz6vHvvvXiOZG8RPZLdjYaOBv5rG+jt6ELybrAqDuApZQYGhpCvV5X8cyFQgFBEKBUKsH3fSU2kiOWxNF8Pq/EXWorCAIsX74czWZTre84DhqNhlq33W6rfsZxjHK5DNu2kc/nUSqVlKu21WphenoarVZLxS1n0X+EKBQKiONYuZNt2+4YI30cKfZZr/mrjyWNhZQStVoNhw8fVscupUSz2US73VYR03pN4iiKUCgUUK1W0W63USqVOgTh3t7ejihq6pMu8BNZcVaP9J6vxi8dp75O1vGbdYrrr3Vrl4RfvY3f/YXX4K+//pA6t1kAZhiGYZY8XWqHNmo13Hfv9xGlpSgW1gz9+99Z+mMxAkYYhLj/gY34lV/9FRSs0iIOYh60QpxCLLyucKNew4t79+LCiy7EY489hk998lPY/9JLEKK7u3chx9h1nVQ4j+MIP9z4Q8zUZ/CF//W/sGbNWixEqCbJRshk/IUAKID6WKsoH+1YjnbscRTjiS2b8Rd/9mf46899Hq97/etV6ssrgd6f9Wetx+VvuBy333rboh3AAsALO3biqa1P4meuvPKYhDhyVY8MH8C2rVtVQtLJ5NiOY+7wRWGEvbt3Y/OPHjs+HUuZnpqA73sLWjeOYwwNvYQP/cmf4Jmnt9O7Ie1z53eT7GsnFCEBIdEZmpBUBpZSIg4j3Pi1r+MLn/sswrAzRUAs6H1/4jAwe2ELwzAMwzCzHOtna4ZhGIY5pXlo24vq8U9ftLZr5C9BP/LNJ/LqscHZqGd6TMv02rAkIAJQsc89PT2qPi7V0yXx1PM81ReqjyulVI5f0zRVJDQAVZe3WCwqRyzFIIdhiGazCd/30Wq10Gq14LouarUadu/ejaeeego7d+7EwYMHsX//fuzevRtr167FunXrsH//fgwPD6PRaKDVShw05OjNHrPjOErkpvhl13XhOA6iKFKCdr1e76j7SyJps9nE8PAwyuUyrr76aqxcuRIrVqxAX1+fcibn83nlViaR2PM8FV9Nc5XL5QDMRkq3Wi309/fDNM2O9bKx3jRXups3e25k3eBZ8Vd/PSsg6+cEzRstzwrBWZcw3X76otkY6Ae37u1yxjMMwzDM0kZI4O6778bIyMiCHKGETG/Fchnves9vqM9Zi3M6SmzZsgV79uxR/86fDMIwwvfuuRt//IEP4IPvfz/2v/QiTrgVTko8/vjj+MLnP4+xsbETu68TiEy95Pv278OnP/2XeOqpbSfN7VoslnDllVdh+fLlWMz80bec8fHDePjhh9Go14+5D1EUYceOHRjat69rihJzbEgpsW3rVvzhBz+I7dufSV7DyXVWH5mkX17bw79/9d/wxS/+DcJo7oXCDMMwDMOcmrADmGEYhjntaHshtjy/Xz1ft6IMkfoKurkxdfGvm3szG/2r/wDSrT0AHbVw6bkQAitWrFBisBBJPV0SMyliudlsKnerbdsAknpgtm0jjmN4nqdEzVwup+rjUp1e13UhhEAQBKjVahBCoF6vY2ZmBgMDA1i/fj1KpRJKpRJc11X92717N3zfR29vL+I4xvj4OMrlckf0NbULAPl8Hp7nwXEc5HI5WGnkIR03xVc3Gg1MTEyg2Wwqd7HjOGpfl156KVauXInR0VGUy2VEUYR8Pg/LsrBv3z64rot8Pq+OhWr8Uvw01SAul8vI5/PK3RuGIQ4fPqxisLPiPY0ZidT0Wrcfubq5xul1vdZzt4hnap8EYqr5q7dDFwXo4rAuRq9bUVbrPrp9CGEUwzL5Oj6GYRiGEUIAsUSj0cCtt9yqPmMtbGMAsYQwBM5/1fn44Ac+iAc33o+RkZEjCzJCf5j821+bmsa3v/1tnLfhfPWZ7pVGCOCB+zd2PD8xO8o8jCU23vcDXHHFT+I/v+tdr6hz9ngx62QEdj6/Azd+/Ws455xzUC5XXrE+qMhgQ+Cyyy/Hq1796mMS1aMowqOPPor/fPAgzi2Xj74BMMe43fY8bNu6Fa1mc9GOeKYTctRKKTE1MYnrrv0Sdu3YCaFfoHwqD6+UeHzLJvz9tdei1Wim/T2VO8wwDMMwDMG/HDIMwzCnHY898xKiKBHSfmL9AAzEXd0Y2ZpK2XuKDs4uI7q5gAGoyGdyBOv1Ynt7e1GpVCCEUAIvicNUr9b3ffi+D9M0O35AJKHRcRwIITru9eOjuruNRgONRgOjo6MwDAN9fX2qDm+9Xker1YJt29i9e3eHO9myLIRhiHw+j6mpKTSbTXiep+KiAaDRaKg4Z3L0klCby+WUG1kIoRy7YRgqR3G73cbKlSuxevVquK6LoaEhGIaBXbt24f7778fWrVtx66234vbbb8dLL72E7du3d8wLAHiehyiKVHw0AJTLZZimqeZjdHRUjTNtu5A4tfmcQ9nIcP1x9sIB/QfoI9XxoosM6HzR3eNKNBYSqweSHyCjKMamZ/bN23eGYRiGWQqQcxfpv8c7d+7ECy+8sPh2BBBLicuuuAIrBlfg0ksvVf8GL2h77aLAe++9FyMjI4vuw/FCIo1STgdHPX8F8DwPd9x+O4aHh09hN+ORSEdLSiCO8cDG+/HAA/cjCPyT0pNKtYI3vflnYLvO4jZM7KQYGhrCU9sW72ImN+r44XE8/dTTi9qWmR8pJdrNFr72ta/hkUcePqlJAQuFvrNMTIzjy1/+e9RqNXV+MQzDMAzz4wE7gBmGYZjTDj3++d1XXqCENd2hCczWtNWFuG7OTaqvq6+b/WFwvsckOrquC9/3lUg6MzODYrEI3/eRz+fh+z7CMFT1X6kGbxAEKorQdV2Ypol2u62Ox3VdtNttJQKT8On7vhJIe3t7MTExgZ07d2L37t3qmBzHUTV1qY7vmjVrMDg4iFKppGKq9WM1DAO+76u+kyuYRFnbttFut2FZlnLeUi1iEmrXr1+ParWaXAU/NYXh4WHs2rUL+/btQ61WQ6lUgmmaKrr6vvvuQxAEyOfzqFaruOaaa9ButzE2Nobe3l4IIZSDlvrRbrdVXPTevXtx3nnnHbFGrx5jHUWRcq7o891NzNXPqewFA1n3SzbuOVtfOHteEtTOe37uAnz+pkcAAA9u24s3XLiu2+nPMAzDMEsKicSM9uijj6Jery1uQ0DVTb388sthGCYuu/xy3HnnnYjCEJlimF3RP1uOHRzFtm3bsGbNGipI+Yoa+9QnUJF5Pt96XTiW/goAMorx9NNP48knn8DKlStVis3Re5Dtzcl2FkpICExMTOB799yDKy5/A/r6+09KT173utfhzHVnYufOnYCUids8HZ6jVDyG77Xx2COP4m1vexusdC6EXhT3SA0IYNeuXdi/f/8RVupksZLgy5nlH0v5UQjs2bsXN974dYRBCCGh5nJByMzDE/E26bKPKIzwgx/+AJt+tClJSxBiIX8Ws811cELf4QvtHMMwDMMsEdgBzDAMw5x2PKwJwG+44Iw59X9JEM4KbQA6hDhy79I2cRyrm16fNRsDTCKgvi0JrXrtWN/31TZ6THG2Pq1lWWi32wiCAHEcw3Ec5S5tNBoqopmIogjtdhutVgvj4+N48MEHceedd+LJJ59Ubt5ms4mpqSk0Gg00m01MT09jdHQUTz/9NDZv3oyHHnoIExMTsCwLPT096O3tVfsJgkDFOUspUSgUlMhdKpVQLBZVzWISRW3bhmVZWLduHd70pjdBSon7778f999/PzZu3Ijt27djenoaF1xwAarVKiYmJhAEAa644goMDg6iUqmkV6BP4KabbkKj0cDhw4cRBIESlmk/JJha1v/P3psHyXHdd56fzMqqrLurq+9uortxAwRIAiAuEQQvkauRRImWbF2WYzWz3h1tODSzsTPjY2WPrbEd4Tkc3pV3Nrz0xtoKr71aS6JpkhYlipRAUbwAkMTVuO++77rvqsz9o+q9zmo0gK4GCAKN92EUq1CV+fLly+zurPy+7/dnkEgkZF+hvv6uwFnLd/5sfPFvp9vbWStY7J84jk73t/Mh2ljIWbyQI3j+s2VZPLGt33GOqzrACoVCobi70Rwv8oU8r772CtYSa1OuXbeBDes2AhpbH9xBIBimERVB/L0vFQu89YufUyjkltSPG0Wn/ibP/H9/GIg4WM2lUy4WeOett8jnF7P/FnMSkY1We3x0aIAOmi7/dezwEUZHRm5pDzSq9ayxNe65p5dHH3sCj9usvlfjqqNUa8Cmeu144sQAZ8+emVtvEc5NzYZSvsjRI4dJphJL35nbgNtFKNYAq1Jh/7tvk4jNAjbo9d8TbivEiQikU2lefP6F6gQEXcNyfHY7IZMPBLdhHxUKhUKh+ChQArBCoVAolhWWZfPW0TkBuKfVD8yJbM5YXWccMHCFYCcEPiF0zl/OKRY6XZzONkQUsqjdC9Xaubqu4/V6pXN3vogsIouFk1TU9fV6vViWJUVXESUttin6kUqleP311/nFL37B5cuX8Xq9RKNROjs7WbFiBYlEglKpxKZNm9i2bRt+v59KpUIkEmHr1q2Ypsn+/ft59913SSaTbNu2jVWrVuHxeDBNs87FKsZHOKWdoqmIqPZ4PPT29vLoo4/yF3/xF3z3u98lk8lw//33k06npdBdqVRIJBI0NzdLB/PTTz/NAw88QF9fn9z2vn37KBQKjI+Py3q/TseyEO+LxaKsneYUWcvl8hXC63xBX+xDuVyW7mznfjprCYv1nc9z56RVN7HAOYHAeV4525l/Q8i2bXrbAvLfPz+kBGCFQqFQKDQAGw4dOsypEycbX7lWevPLX/4ywVAQG+jr7+OBrVvQ9Mbrctq2zVu/eJOpycmaY/P2RLvGY6mIa5qzZ86QTCavs/Cc0KnbGtj6DW//w2BmZobBocGPbPt+v58nPv4EXd3dsITzcXhoiHffeUcmC8las9dsx2Z6Zpqjx45SrH13WQzXOqdu5nnW6LZuF3K5HIePHJbHomEcO9ToWC96nJwDVrMAj4+Pca6WILXULt+ux0ShUCgUirsBJQArFAqFYllx5OwYmVzVTbv2nig69cKt09UrRLn5jsv5r53uT5gT9ITA6RQTnaKgECU1TcMwDCnaPvjgg9i2jcfjIZPJAFWhWAiWYnmPx4PX65X1fEV93kAgUOcqFQJrpVLh0KFDvPzyy7z88suk02kMwyAYDNLR0UFfXx9PP/20dMOapsnExASHDx8ml8tJ4fPpp5/mq1/9Kh/72McwDIOf/OQn/NVf/RUtLS20t7cTCATwer11IqumaeRyOfL5vHTEihscopZxIBDg2WefZWRkhHvuuYfHH3+cRx99FL/fj6ZpBAIBTp48KeOfxTGLRqOsWLGC9evXy6hqse2enh4ikQgul4tSqUQwGKwTUN1uNydPnqRUKl0hmItj5RTtK5WKHB9Zf7e2Laeov5CD2HmezBeR59eLXkg0nn9eOt9zuVy4dFi3ohpBmM4WGDg/vtCPgEKhUCgUdwXi72WpWOIH3/8+lQbdv2L9aLSVx594HJdRrZDldrv56q/+Kl6ft7pMAz5CDZiamuLHP36FcrlSd515K7na9a3zs/nLLPT+UojFYqRT6Wv3D8DWQXN6fuf8yle7Nndeb7tcrms+Fiqx0SjlcpnxsfElr3+jaGhs2rSZrVu3QoNOUXFt/tZb7zAzNV2bLHH9fbBsm4sXLnLq5MnqBIkFtrvQ+dLIuXMj51pD69i3j+AYj8e5cOFCdWLJEpG/jz6knVoojH1sbJxMOrP0Nm/C75QGt3iLtqNQKBQKxZ2BqgGsUCgUimXF4bOj8vXnH9tYF9cLV0Y8VyoVKfI5EQKcU4hzRkk7RTrDMOrcwEJoFtsQz4VCAbfbzdatW/nBD35AuVzG5XLJOGcRsSwEU9HvSqUiXcTO+GghMrvdbkzTxDRNdu3axebNm7l06RKJRILh4WEpWLe1tdHZ2cn69etJp9PSWex2u/F4PMzOztLV1YVpmjQ1NbFu3Tp8Ph8HDhwgkUjwyiuvsGXLFrnPQkQ1DINSqYRt29Ipm8/n64Tm5uZmXC4XPp+Pjo4Otm/fTiQSwTAMNmzYwP79+4nFYrS0tODxeKSw/eSTT6JpGuFwmMOHDxMMBrEsSwraTU1NUoy2bZtwOIzb7SaZTNLU1EQikeDSpUu43W5yuRxG7eau040rXNbO8RevxfLOc0gcb6djW4jHYrn5Dt75n82PgxavnXWcneeT6NdnH17Pn373bXmub17duZQfE4VCoVAo7nw0DQ2bifFx3tt/ANtamjCyfuMGOjpqf09r6z+8d7gmeYsAACAASURBVC8996zg7JnTWIDrqmtfiWVZvPTiS/zKr3yB5mj0FlcBrjK/rIQlritq1zyarqPpRt21bnXBCuVyaUlijWgrl8uRzV07AlrTNNA1PKYXr89X1TY1DTQXhmHQ3t7O6tWrWbVqFX19ffT09NDe3k6kOUIoGLpOfeFqW6VikQMHD/Kf/9N/5MTAsYb3B6rHMhaL3XLxVx4/bLw+L4889iivvPIjOUFysesDHDt6lPPnz9PZ1Vlrs7bMvHXEPpbLZY4fP87k5FS1trN9Zckc53aE4K5pGhb6VZet35ZFuVhoSBicu77WMQw3unH925lurw9N++h9L7ZtE4vFmJqcwrZBX0Lss23b2LpWO/f1D+H3io3H9KLpLimcW7bF9PQUxVJpSS1ato2mVydBt7W1YZrmze2yg/7+aqkc2254roRCoVAoFMsaJQArFAqFYllxbmhavt66prPuxpa4weCML3bGQItlhKtgIdeBUwx23uAQYrKo8+tcD6gT9jZu3EhPTw/T09PYtk0+nweQjlnbtqWrVrQnxFpnW85+BoNBuU3TNPF6vQwODmJZFjMzMxSLRUZHRzl16hSPPPIIhw4dqqs7HI/HcbvdfPnLX0bXdRKJBCdPnqS5uZlPfOITdHR00NzcTLlcxuv1SkdtuVymVCpJUbRUKlGpVGSEdalUwuPxEIlEsG2bRx55BK/Xy/T0NJcvX2ZiYoLHHnuM2dlZTp06RTKZlDf1Hn/8caLRKOfPn2dgYABN0/D7/XR3dxONRvF6vYTDYQzDwOVykc1maWpqkm7iXC6Hrut85StfkQK1U5gVDm0xpuLcKJVKUoAXwq34TAi/Ytzmx4U7zyPnZ/PjnJ0IQVg4k8V7zvNObPv+1e0LnusKhUKhUNx92Ng2HPrgA2ZnZ2rvNKgBa7Bz104MtyGaBMBjeti+YztnzpxeSrcYvHyZs2fOsnPXro/Egui80jDcbnr7+1i3bh39/f10dXXRHI0SDjXh8Zjo+tx1SzqZ5N133+EH3/8+iURj9V+d17zl8rUFIxvo6enh23/+bSrlCobbwPR6ME0vfn9ATsAD5Pg5hUuL62FjmG4eevghvuX/Fr/zm7/JxYuNl8+wQV7bzp8sesvQ4P7772fT5s28d/BgwzG6iUScgwcO8NBDDy3KfZpOpTl06BDXclKKa1232017ezv33HMP/f0rWbVmLRvv3UhLS8s1heBEPM6f/el/4cCBAw3VwK1O9gzxP3z9f+TJp5667vIuw6Czs7Pue+BHgZhIUCgWlvzroLW9jV/96lfZunUrXq//5tcOtm10l8aq1avn3rIsUql03XfbRnC5XPzKF7/Ev/pX36Cjo6Mmxt98hda27boa2QqFQqFQKOZQArBCoVAolhXnhudEsZ62qijqnF0+v+bvQmLcfJewUxxcKC7P6ex0bkdsSzhEhWDq9/tZtWoV4+PjVCoVfD4fxWKRfD4vZ9ALMVG4aEUktDPWrlwuUygUCIVCsj8uV9U5YRgGra2t0vUqnMJTU1McO3aMT37yk7z44ouk02lZU/jXfu3XKJfLvP3228zOztLT08OWLVvo7e1lZGSEdDot91m4fi3LwuPxyLES7uBCoYDf75fidjAYrKvTu27dOtauXUs4HKZYLPKpT32Kp556isOHD5NOp+no6KC1tZV/+qd/Ip1OU6lUiEajMhZb13Wi0aispyxEca/Xi2ma5HI5TNPkmWeeYd26dWSzWRkdLZzYop9CSBfRzuVyWUZqz59A4HRhizF3IlzD17rJNN+VI17PPx8Xeq+3o0m+Pjc8c9VtKBQKhUKx7LGrfytf/tEPyRfy1WuvBptwuTw8vGfv3N92W0MIX7t3P8Rz3/t+dcLcYhvWNDQN8rks7+5/h23bH8RlGOi3SAUW12n+UIjdH3uIX3rmGfY8/DDhcPi6gpFY9+FHHsVwmzz77LNgLT5Wu26ym3VtNUYDPB4PvX19jg44P63rGKJW81WWuCbr1q3ngS3bGBwcolIuL2plOSGP2vXaRyku2dDV1c3jjz3B8WMD5PI5bOxFn1MVq8J7HxxkJjZDa0vr1Res7fPo2Cjnzp6phXFrVx0vMdFzZGSEkZER3n13P83NUf7wj/6I3Tt3ga5fdd2Z6Rl8/iBo+lws9XV2R1wTu1wuOjo6WLNm7ZImV2gamF4fgWD4is9K5TL5XA6N6ne3q7mlG8W2bAq5PJXSXJmZxQq4lm0TCof5nf/l9/jsM5917MeH/zvFBsqlEpptVx3HdrUU9WLp6urif/rX/5r29va5AsC2duM/T/P6IGtbX/mRQqFQKBR3PUoAVigUCsWy4qzDFRkN+aD2BR7qXbhOYW2+aOv83OkAXUiQWyjGV2zLKRaK7Qqn6qpVq3j//felyChE3UAgIIVd4fIVIqdwBUPVjVAqlfB6vViWRbFYxOPx4Ha766KM/X6/FIl9Ph8+n49kMkkymeSpp54ik8nQ0dEBQHt7O5lMhkgkQiAQkNuZnZ2V42BZFj6fT4rVgIywFs5Zp5DqdrulKCpeW5Yln4eGhhgdHcWyLFpbW9m1axfFYpFcLkc8HicajdLZ2YnL5SKVSlEul6VAKxzRHo9HOnx1Xae9vZ1UKkVraytf+MIXmJqaIp/Py3rKra2tMj7b6/Xi9XrlTc9MJkNbWxuFQkGeD6Zpyrju+YK/U9yHuQkD80Xe+S7z+TdtnA5z5/rzXcTNgbnIw7PKAaxQKBSKu5zTp07x7rv7qYblVgWbRgJfH3zwQVavWb3gZ1u3bqW1vZ2x4eGG+2XZNq/95Cd8+ctfoa12nXWr0DSNL3zxi/zWb/22nKS3WLFI0zQ0XWPPw3v4/ve/z+z05IfZ1XkbFy9urtrqchn4AwE0/aOPAl4KtgYej5uPf/zj/OjlHzIg4qwXq3TZNufOnePggQN84p998prngmVZHDt6lOnpqYb7qesaG++9lwe2bMFewmSMDxtxDR4Kh/n33/oDvvnvf++KZd56801+57d+i1SyMff7YqiWnZlLEVosGtDb18sTH3/i1juZbVF3uHE0TWNl/0paWluryQxCUL/6nAKFQqFQKBQfAnfmFbBCoVAoFFfh5KW5G1UegwXF2vnCrxBaFxLfnF/Q59dwdcYwC4RA6GzT6Ry2LItoNCrr+pqmKR27IsrY2V9nv0X0ssfjkWJvoVCoi6uuVCpSaBaCb3NzMx6Ph2KxSLlcpqWlhba2NvL5PD6fj1wuRzKZ5Pz585w/f56RkRGKxSKrV6+mo6ND1tgV7l3RL1GnV0Q2l8tlisWiFKABuZ5TIPV6vXLfqzP41+DxeDh58iQTExPE43E0TZMxz6J+r1i3paUF0zSlwJ7P56Xz2LZtWlpacLvd+P1+nn32WV588UUuXbrE7Ows7e3t+Hw+pqamCIVCVCoVpqamSCaTxGIxAFKpFJlMRu5PKpWqc4HPd3aLGr3z65g5hd75Qu58Ydj5b2d94PmTC3zm3Ny905cbvzmnUCgUCsWdjPMazrIsfvD9H5DNpJdUD9NluPjil76Iz+erNV77oNZUR2cnDz/88NKif22bs2fO8P5772HVroluJRqaTGZpSPytPYKBoBSPP2wWun6an7ZzM7gjRSebWrStRv+qVezYubN6XBtoQgNiM7O8+eZbpNNpsO0F19eAdCrFkcNHyGYyi+9i7RiZXi87du6sRS5z2w2485ra6/USCASueJim90N11opTuZFzWtM0gsEgwWBwwUSrW4Jts5SJGcl0ikKhAJrY56W1M9cN+4qHQqFQKBSKa6MEYIVCoVAsG8ZnUhRr0Vqd0WD1BkftRpZTuIP6G4ji2Sn+wtyNsPmisFhWOFmdop6o5SreL5VKde0Jt2pbWxumaVIqlcjlcgQCAbxeL8ViEcuyaGpqkq5WIT5WKhVM06RYLEr3r9PxK/ZFOHB9Ph/d3d309/fT29tLa2srmUyG0dFRJiYmZP8Nw8Dn8xGPxwkEAtx3333s2LGDtrY2NE2rcwALkVXEKQvx11kvN5VK1UVeC7evWFa4a/P5fPWGkWmybt06tm/fTl9fH93d3bhcLjKZDKZpous6kUiE7u5uent76ejoIBqNyn03DEO6qAFaW1vRNI2WlhbpGB4fH2d4eBifz8fIyAjBYJBLly6RzWZJJpMyDjqVSrFv3z727dvH0NAQhUKBTCYjx1fsy0IuX2ckuPNcmb/MfFHYeX7Mb+eKyHKrQnPIC0AqW2AmkV3sj4dCoVAoFMsC8Td1emqat99+G9tamhDQ1d3Njp070Q3XgpKEpml8+StfwV9LRWkEDY1KxeKFF14g04CYdrPQtMZEpqu1cSu5mqBT9Q1aS35oVRvjrdiFm44U8DVwuXT2PLKXpkjT9Vech1Wp8P7BgwwPVd3sC42zbduMjIxwfOBY9btHg0PW1tbGnof3oOnaR5qYfTWcExyuztLcrje3D/N6ZNtUa+deOTn5VqBfI8r7Wti2zZnTZ/jZz17DtitU7cTWkn8WldirUCgUCsXSUBHQCoVCoVg2OGuiPnTfiitidQULuTLFv+dH9DrFXfH6assJR+pCyzjdotPT0+zevZvvfOc7eL1e9u7dS6VSYXZ2lsHBQeLxONlsFq/XK6OThYtWuISF69QwDNl34boVwqjb7cbn82Gapuy/cLXG43EqlQqlUkku097eTnNzsxSWRRSzEFYty5KCtjNOWziQRcSz3++X8c+GYciYaxEVLeKXTdOsE3lbW1sJBoNUKhU6OjrqavCKWGyxLfHaOf6ixnBTUxMul4vLly/T3t5OpVJhaGiIEydO4PV6aW5uxu12s3//frq6umhubsY0TSYmJhgbG2Pjxo0kk0kKhYLsg4jYBupEf7F9sZ/zEWKwMyraeU453dTVaLi5iGnneeV0ee+9v48X3zpdO+enaWnqbfyHRaFQKBSKO5wTJ04wMjSEqNbaqDxw3333EW1pueJ9EVOKbbN58yb6+vsZOHas4f5pts3RI0cZGhwivPn6NXjvZmzbJpvNMjszw/GBAQaODTA8MkwqlcK2rCUc3TkqFZsLFy9SLi2+nvHthk01CvrejRt58MHtvPqTnzTcxuDgEMeOHmXjvRsX3oZlcfb0GS5fvrwkR/2G9RtYtWq1mH3Q8Pq3lNu8e7cNGrX0Jx2LxnXgfC7Lt37/97l8+RKPPvronIvZbtyLpGsabo8HwzDweE35/VWhUCgUCsW1UQKwQqFQKJYNzpqoW9d2AtSJaVermzTfqSlEv4ViocUyTpfC/LqvQsybX3PY5XJRqVRIJpMUi0W+8Y1v8L3vfY9gMIjP55P1c23bplgsyrZ8Pp+MPxaxzyLSWcSYie14PJ65KDbTlF+MRRtiX/v7+2XNXrG/brcb0zSpVCrk83kZrewUjoUQKcbFsizpwHWK5GJchHhcKBRk9LMQjUulErquUyqV6pzFYn0hIgOy9rBYR4xnoVCQx1A4r8V+ZzIZDMNgaGgIwzDo7u7mzTffpKenh/HxcYLBIOFwmHw+z8DAAC0tLdx7771cvHiRtWvXEgqFKJVKBAIBxsbGaGlpIRQKYVkWHo9HuoHFmIhzQDihFzrfnJ8Dslaz0/UrXs+vOSwe29Z3SQH47NA0uzYpAVihUCgUyxgRm1qLlbXtqtz76k9eoVDI1S26kEAhQkd1u/693bsfqk3u0uYtzZwKrOk8uGMHxwcG5GTCxQi5NjZoEI/N8t7B/WzYuEFeEykhuN7NNzUxwT/8w/Ps+9nPOHPmFJl0uu7zGx2v2reAq0Yf3yloNjRHW3j8yac4cOAgiXisobEpl4vs3/8uz/zSM3i81TSZ6jyHuQShI4c+IJfNAvbiRGC76nY3vV527t6NP+CvtqvO8WWBruuEm8LV77ZL+OnRNI1EPM63/+x/5X/7sz8DOV1nqf1xEQqFaGlrpbe3lx27dvLMM8/Q3tYOmibnHajzT6FQKBSKOVQEtEKhUCiWDeeH5wTgDX2tdSLtfBHtak7eSqUiRcf5zt35sVtOodJZ99f5b+fNwlKpRDabpaOjg76+Ppqbm2lubpYxxT6fj6amJjo6OggEAng8HrmecMnmcjk8Hg8ulwvTNKU7tVyuuhpE/HMgEMDv92MYBqZp4nK5MAwDr9eLz+fD6/VimqasgeX3+6VILJy+TmFXIPoqXLxCBIWqyOus9yvEbKgKuNlstk70dYqnwtWr63pd34SILOKmhRta9E08C1eurutyXNxuN4lEglgsxvDwMGfOnCGbzXLkyBG8Xi+9vb1cuHCBbDYrndbZbJZwOEw0GiWdTpNOpxkcHKRQKEjntNhXsd+lUkmOu0CMy3x3+fzzyekYF+MmcLrWRRsul4t1K5od5/wMCoVCoVDcLdiAptlMTIzz+uv7qn9na8Lw4suOagQCQXZ/7GPVv8FivQXa0TSdXbs/hmeJTrNyucRPX3uNTDq9pPWXKxrVa6W33nyTf/G1f86f/emf8sF775FOVsdpKVG519qWhl2NtL5DdSGNuevAhx9+mLXr1zewslYTx2wGBga4cPHigt9n4vE4AwMDyEkQDYzVihW9bHtwu/wOddujXeWhqEPTNFpaW3F73EseI5m8hXbDw2xZFeLxGOfPnmXfT3/Kf/6TP+FTn/wkf//3/98CUfvqgCoUCoVCAUoAVigUCsUyYnwmJV9Ha3VShYAp4nnnOzOFICdcroZhyPecnwkxzinoCYevU+gTn4n1nIKqEIbFez6fD6iKiZOTk1IANU2zGm/l8eDz+TAMQ0Y9i/XL5TIulwuPx0O5XJYC5PxYYbGuaZpSVPZ4POi6TigUkmKrEE3T6TS5XE62I2KbxRgIB282m5X9haoIWqlU6sRh0Q/hFBb1jZ3uZuFm1nVd1kcW4+zxeHC73Xi9XvkIBAIYhiEjxIRr2SmWulwufD4fuq7jdruJRqPous7k5CTnz5+ntbUVy7J4+eWXOXDgAK+88goXL16kWCxy9OhRBgYGOHLkCG+88QYXL16UorxhGExPTzM4OEgikZD7KuKoi8WiFKKF29tZN1iMnRgTJ2J8ncfPeT4512lrmqtF6DznFQqFQqFY7mgANvzTSy8xPT19vcWvXFmrunMfeewxuru7r7uKbdts2bKF7p7uhsRI57JHjhzhxPET2JbKnRV27HK5zN/9P3/Db/7mv+PM2dPVGqHara87fCfS3t7OnoceqkvfWRQ2jI+N8c7b71CqXYvDXLmb8+fPMzIy0nB/dJeLB7ZuZfXqVapO6zKkp7uHpnDjdadvCTYkYjG+9ft/wL/7N/+GsdERx+8QdS4qFAqFQgFKAFYoFArFMiKdm7uZ4TPn3KvOGGaBEG6dzl/DMKST1hn/PF/kdUY/27YtRWNAOjlFrLJoS4iCTkFz3759NDU1EYvFuHjxIpOTk7hcLnRdZ+XKlYRCIUzTJBgMSkerx+OR2xICpBB6hYDtrIfkrBks+iJcwEJMdorkpmlKQVaMnUCI2IVCQbp/nSK3GC8hTAsRW9M0GZnsFIiLxWJdDWPDMPD7/XJ5sc9CDAbqIqdF3d1cLifHxBln3dzcTDwex+/309LSQkutzt/Ro0c5evQouVxOHu/jx4/z5ptvcvr0aY4fP857773HmjVrpKiraRqxWAzbtpmYmEDXdcbGxsjn8xiGQTqdlk5ky7JktLM4H+afP0IUdwq/ov/OiGjn+SaOic+cq+DhPOcVCoVCoViWOJy52JBMJHnlxz/Grk3uawTbtvGYJr/yhS/gqU1+u+pmaxP6WltbePKpp3DVrj9kpvR19AWxfi6b48UXX6RYK1tx11Ibr3KpxPP/8A/81z//c2YmJ6W79U526N4qhAv4oYcekte1i8cml82y/513iMVidZ8Ui0WOHT1KIpFozHmtQSAY4OG9e/H5/Q32R3En0N7RzvoNG24bcX9+MpeGRqVU5tVXf8LXv/4vGR0ZuW36qlAoFArF7YASgBUKhUKxbEhn526seYy5P3Hzo4addYEFMp6q9iwEYyHeGYYhRTkRyywETSEQCuFPOH0FlUpFiqqAjImemprC5/Nx6dIl2tra6O7uxufz4fF4iMVi+Hw+AoGAFFm9Xq90zwrxVXyWz+elEFssFmUEm3AKOwVqEePs7L9wpwrXrFjf7XZLoVU4eJ2CqxBzs9ks+XxerhMIBGRccygUkk7kbDZLpVLB6/XK2GWxjhBjAelKdtYHdsYoi746xX3hHna73bhcLlpaWujr68OyLEZHR0kmkzKGWjidh4eHGRoaIpFIMDIywsTEBMlkkng8zuXLl/F4PJw4cYL9+/cTDocB6O7uJpFIkMlkyGazdTWfC4UChUKBTCYjx9R5TgmhXNQBFM/itdgncXydkxTEs+GauynnPOcVCoVCobgbOHPmNBfOnW9IK3Qu279qJZs2b1q0yGXb8Euf+xxNzZElmco0Dfa/8w7Dw8NoixCOly822DZHDh/mL5/9SxKJxEfdoTuW1WvW8Mgjj1xRPuRaCH19YGCAc2fP1X02MzPD+++/T7HY2HWlDazo7eWBLQ+oGOVlSiAQ4Itf/ELdBOPbBjkZx0a3NU6fOsUf/MHvk89nlQisUCgUCkUNJQArFAqFYtmQyc+5IQ2XfoWLcn78sxDfnALd/Chn0YazxqzT9SqEULGccAOLyGnh6BQx0EIYnJqaoqmpiYmJCSzLYv369bhcLllrtr29nY6ODgC8Xq906Arx0Ll9Ifjatk0ul0PTNFmj1llj1ul2BmRdYeGm9Xg8MlbZ4/Hg9XqluCmEzng8Tj6fl2Kwy+WS8dNCpA4GgzQ1NRGNRuXNAr/fL6OrxVg4x83pthax1pqm4fV65bER/XIel1KpVCeiCoFX1EHeu3cvhUKBmZkZYrFYXRy3EFeLxSLZbJZMJkM+nyeVSjE4OMilS5c4e/Ysfr+f1tZWkskkbW1tVTdPLsfJkydJJpMAhMNhMpkMhmHIOseFQkHGaTvjxIE6AV08O2OhnRMQnM5hXdcxPcoBrFAoFIq7j+rfQ5s33niDdDqzaB1Vs6kJrzagsXXrVkLB0KK3q2nQ19vLhvUbsJeg3to2TE5OcPTIESx7KS3c2cjra7t6nfY3f/M3DA8OLspFXd8Qi3ZfL3fC4TAff+opWltbq28sdjxsm0Q8xsEDB+SEStu2GRwc5PjAcRatmQnRTdPY9uCDtIh+KJYduq6zZ88eHn3sMZwK//wfx4/0R1J8l69YvP6zfXznr/8ae165HYVCoVAo7laUAKxQKBSKZUM6OyeGedyuq9b9hTnBUSBEXeCKurdOJ7AQdEulkhQshftVOGGLxSKpVIpcLgdURcpSqUQqlcLtdkuR0e/3Mz4+zoMPPkhbWxtdXV1EIhE6OjqIRCJSlA0EAnUxwcK1K1zJThesiIgW7lvhNtZ1XYq2QN1NH0GxWKwTxUVbpVIJt9tNKpWiXC4TDAalw1eMscvlwjRNOT7FYlGOqRDF3W43wWBQCq3zo7lFtLPol3OfxRjmcjkZQV0sFutilwHpKBZi+szMDLZtk8lkKBQKlEol6VQWYruIvU4mk3LM8vm8XP6tt95idnaW8fFxKSKbpklXVxcHDx7k3LlzDA4Ocv78eUZHR5mcnCSTyVAsFmU0tBB4hZu6VCrVjb3YrjM+3Dk+zrrSbuUAVigUCsVdRvXvISSTCV758Y+w7Mbin+2a+Auw56GH8bjdaIu1K9oabsNkx45d6Ibr+stf2QDFQoF9r/+MbC5717okbeDtt97i4MH9lCulJTtG79Lhq0PTdXbu/hjrN957/WVrDzQNdI1Sqcj77x9genIcqE4wPXn8ONPTUw3UYK5ew0ZbWtm5cxem2wMWd70wv9wQ3z98/gC//t//Szo6OrFtbfETBT5stPpH9Tulzff+/nsML6GetUKhUCgUyxElACsUCoVi2VDnANbrRTPxcEbrOp9FNLIQ58Rrp4DnjEGOx+MkEgkpTGYyGWCulq3L5SKdTpNKpaQYKpy8MFc/uFQq0dvbSzQapbu7m+3bt7N161ampqbIZDJ4PB4pahYKhTrHrXMfhAjqFBidoreIrBaRzeIzERFt2zamacq+w5xTuFwuS+FU1CQOh8N1wrrb7Zb9mZmZYWZmhmQyKUVg4Q62bZtgMEgqlaqrMyzqGIv9Efup6zqlUkm6gkWfxDESNXrFvomI6mAwSDAYlMKziGfWdR2/3y/due3t7TI+W4j8fr8fy7IYHh7mxIkTjI6O8vrrrzM+Ps6lS5fIZDKcOHGCV199lWKxyOXLl5mcnKRQKHDy5ElGRkYYGRkhk8ng8/lIp9NYlkUymSSXy5HJZGSEdD6fl+emiIwW4y9EbadQb1kWbtfc5ZtyACsUCoViueOcMPWLN97g4qVL2NbcBLLrro8NGli2RWdnF9u2bZPvLXp9XWP37t34fH5sp+iw2H3A5t133+HSxUt3rTOtkM/z1ttvMzszu7QGamMuz4aFLIhXeyxDIpEIe/furV43NqiKnzt7jvff/wDbssnn8xw6dAirUm4gNlcDTWPt+nVs2bIFTdeUMr+M0XSNB7Y8wG/+9m/T1NSEpjl0V9uRsvARYVOdfwCgoTExNs6B/Qc+ug4pFAqFQnEboQRghUKhUCwbnA5gXZuLFxZCZaVSucJ1CtTV1RWuXiH2Op+F+Cjq8waDQaDqOjVNk3g8zuTkJIlEQtaYrVQqpFIpYrEYqVSKCxcucPr0aemmXb16NV6vF5/Ph8vlYmJigp///OdcvHhRCpYiBlkIicJ97IxShqooKuKghRAqhF9nzLUQOovFotxXIQI745XFuIiY5HQ6DVSdus5nIdqKcTZNU0ZC67ou46rL5TKmaRIOh2lqapIuYBFf7fP55L7M71M2m5XiqDiGwgEsRGxAbsvj8dDU1ERXVxc9PT1SZBb7XalU5DEDiMfjMj46mUzi9XoJBAJyjGzblsdj//79zM7O0tfXR1tbEN9VLAAAIABJREFUG/l8ntWrV6NpGrOzswwPD5PP5+W4maYpBXYh+ov2xT6KsRPOYKereX5dauf97nROOYAVCoVCcXeQy+V57rnnpPjbaI1HTdP59GeeJtraAou3Olb/9qKxfuMG1q1fVze5sBHis3Fe+dGPKM9LAblbSCaTnD59qu66tBFkSYzaf4teD3tJx+tOYMeunazo76tGizewf7OzM7z77jukM2nGRkc5d+5sYxvWwPR62blzJ23t7Q32WnEnous6n/70p/n9b32LSDQ6N8G6Vtv7dqJUKvHWL37xUXdDoVAoFIrbAuP6iygUCoVCcWfgdADb2Ni1+GbheJ1fg9VyfC7imwOBAIZhSHFRxAX7fL66urrCralpmhR7hVO2qamJeDyOz+cjFAoxMTFBPB6XQu7FixcxDINcLseqVatkW4lEglOnTpFMJvH5fBiGQTgcxuVyydq7QiAUgqfTPSpE10KhgNfrrYtQtm1b7pfb7aZUKmEYhoxtdrYn1jMMg0KhQKVSYXp6WjpzhVMYqqK0aZrSKe0UlMUYij6I18IRXCgUZIy1s8aycO0KoduJs76yEHXFtkTUdaFQwOfz4fP58Hg8RCIROT65XE7WPhZCq1inUqkQCoVkv0W9Zq/XSygUknWFY7EYmqYxNjbG1NQUfr+f559/nrVr17J7924OHDjAyZMnZYy2qIUciUSIxWJEo1EpzotjJ8bA4/EA9XHY4ibp3M3SuZsszkkPCoVCoVAsZybGxjlx4mRtFnvjAmIwHOLTn34aw2U0JECK65hAIMBnn3mGgWPHKBWW9vf39X37+Mqv/ipdPd1LWv9OJhaLMTEx2fChc15Hano1jtYwDDRbX1RTtm2Ry2XlxMblgLg+XLlyJY8+9hhDQ0NYxXLddeO1sKwK7x08wNjICCdPnGJifLyhw2LbNtGWKLs/trs6cVRbdKC64k5F09ANF09/9jOsX7+eP/7jP+bQoUMUcrlqKgL2R38O2LXEBjSOHjv2UfdGoVAoFIrbAiUAKxQKhWLZkEjn5/5Rc1oKx6h4DUiRsbqYXVdLN51OEw6HpWNYiIcul4tyuUwsFqO5uZlUKiWFzkKhUP0CXCgQDofp6+vD5/MxNDTEm2++SW9vL+fPnyeRSDA4OEgoFCIajQJVx+qqVavIZrNkMhlM05QidFNTE+3t7SSTSbnszMyMrL8roouFW1QIsT6fD8uyCAQCsu9CAHdGSANSCBbPIlpaOIdFBHU8Hq9zB4so5VKpRCKRkAJrMBiUNX+Fw6NQKJBMJqXgKwTmfD4vx16Mr+hnpVKpi6oWYy0EePHsdD2L7aXTaUKhEKFQCF3XZRS0EMuFK1dsX4jAlmURi8Xw+/2YpiknBqTTaenuPnz4MACpVIpgMEg8Hpf1kaempsjn83R1dfHcc88RDocBOHToEE8++SSZTIZ0Oo3b7SYQCNTVlRbHRAjhzrGeLwI7HR7KAaxQKBSK5U5NW+DAgQMk4rGGI33F386169bSv7K/Gle7hPUBnnjiCf6vv/xLRoaGGxc7bJvhoSFOnjhBV3dXQy7k5UAsHiOXyy55/bb2dv75f/cv2LZtWzVthsXVYy4VC/z1X/3fvPrqq5TL5SVv/3bE7/fz5FNP8dNXX2N4cHDx56StMTI8wtvvvM3lS5dIp1PAXJ3s66LBvffey8qVK++68/huR9M01m1cz//xf/4FRw4f5tVXfsJPX3uNycmJhpz5i9rWUtaxwdYgEYvd1L4oFAqFQnGnogRghUKhUCwbXLpGuTLneBV1Y+eic7U6kU2IiEIUFHVohTAoHLOVSoULFy5QKBQYGRmhpaUFXddpb28nnU7z3e9+lx07dqBpGqlUisOHDzM5OcnMzAxtbW1MTU2RTCZljPLg4CAej4f+/n5Wr15NIBAgHo9TqVRkNHAoFKKzs5NgMCgdC0IILZfL0skqRFIhIno8HtlOoVBA0zTcbresXex2u6WYKPYd5moSixtjIppZuGFFPd5isUgul5MO2dnZWbLZbJ0YLCKoy+WyFJdzuRxTU1NEIhFcLldd/dtyuSydr4CMaTYMQx4/sd9OwVTUABaitlimVCpJIT0YDDI9PV3n/DZNE0CeD8LNXCqVpAtcRDiXSiVmZ2dpamrCsizS6TSlUont27dz8uRJstmsPA5if7q6umhpaeHYsWO0trZiGAZnz56lp6eH2dlZcrkc3d3dUgh2Rl07a0OL4yVqQDuPl+A2S1xTKBQKheJDoVwq8OI//gOVUrnx+GAbNHR2PLizrtxEI4httrV1cP/m+xkfGlm02CH7q0Emm+bNt97koUf24vWa3BW+SQ2wIZ/LUS4WlrTHhtvNb3zjG3zpy1+R122LJZ/L09zShqbpDWmctzPVc0pD03QeuH8LD9z3ACOXhxrat3wuz0v/+EI14ahigba4CnE2YHp97Nj1McLhCCzSday4s5l/jMOhEHv37uXhhx/mD/7DtxgcHOT0qdNMTk2Sz+Wv0kpjFAp5vvv//i1TE5ML9kH2rfaovtDAtslkUjelDwqFQqFQ3OkoAVihUCgUy4ag3ySeygGg6y5s26pz/zrr+woRM5VK4fF48Pv9pNNpisWidIi63W6Gh4dpaWnB6/Vy4MABRkdH2b59uxTp4vE40WgUXdfp7e3l7/7u76QoOD09LWv5RiIRUqkU+XyeYrFIPp9neHiYPXv2yHq1yWSSUqlEMBgkGo3S09ODZVlMTk7WiapCWBWuWBGJLKKEhfhrmmadE1e4e0Xss3hfuHFN05SCt4hpFqK4qJdrWRbZbJbJyUm+853vMDExgaZpdHd38+u//uvk83kymQzZbFaK6G63m+eff57Tp0/T09PDZz7zGSmairadAq1wvwoBWwj2gBSyRe3jSqVCoVCQwraoUywEW5fLRS6XkyKyGJNCoYDL5cLn80kRGaoieyaTkXHRhmEQiURobm4mnU5LB++5c+cYHx8nEAhgmibNzc2cO3eOZDLJPffcQ39/PydOnKC1tZWjR4/i8XgIh8OcOHFCitNC3BZCtRC8nVHimUwGoO5mp67POV6C/jnhXKFQKBSK5crhQ4c4fPjwoiNu66gpA488+iiuBsXD+bhcLnY/tJvXXv0JlSW4SW3bZt/PfsZ/+7Wv0b9y5bIQIxdLuVSmUrGuv+AC9Pf1sWvnTnm9ppjD5/Px2BOP89prr1IsLD4ZxrIsjh8/vqRt9vf1s2vnrobFeMXyQnw/03WdlStX0t/fLz+7GZMCUqkkr/z4ZSbHJxpub7m5/RUKhUKhWCrqak2hUCgUy4aA1yMFYMueqwEsnJTO+GKv10uxWKS5uZnp6WkymQylUkkKg+VymULtJkomkyGZTDI6OsrmzZtJJBKk02lWrFjB6OgomzZt4u233+by5cuk02m5nnDNVioVkskkHo9H1oXNZrMkEgny+bwUgOPxOJFIhFAoRGtrK4C80eXz+aToKRyh4nNnvVhnTVmxfWeUsohKdrvdUjwWgq9t23i9XimWAjIquaenh0uXLhGLxSgUCkxMTMjauMFgEK/Xy/e+9z2eeOIJIpEIUBVrx8fH2bdvH+Pj47S2ttLb28vU1BS5XI7e3l4pzhuGUVenWPRNCMCapklxWgjAQgwWDmlx3FwuF4lEAp/PRyaTqXPNWpYlY6idNZ5FRLSIy87lcrJNUQNZ1Bl2u91MTk5SLBYJBAJMT08zMzMjHdhvv/02W7duxe/3MzIyQjQa5ezZs9LBnEqleP7559m0aRP9/f1SXBdiNEAul8Pv98vJCm63G6/XW7354bj/EfSZN+VnR6FQKBSK2xFxXfOPL7wgU0kaWbeKxtp1a9iwcaPjQ/nR4toSi2saO3fuItzUxOzMTGP6rV19jI6M8MYbb7BiRS8uwyXbXdaIHO8lRsQGg0E8pveayziv98R17+0+rsJF7qxzvMgVq9Tc1Vu2bGXDhg0cOXIYjevvu/hMlMRZ7HbFd4kHtmxh1epVV5QmuVXYto2Nvewd9Fcm/zR4njSwjfnH8mr/dm7buczV+npjfZvbzuLXuf1/7hUKhUKhuJUoAVihUCgUywanG9K2kS5ZQEYKCyHRMAwpepqmSalUIhaLEYvFaG1tla7TlpYWDh48yHvvvSfjnnt7e9mzZw8vvfQSn//853nuueeYnJyUEcBNTU3Mzs5KR6oQHZPJJC6XS25fCMm2bUunbTQaJRKJoOs609PT0n0qnLbC0arruqyvC5DNZmWsocfjqYuDLhQKeL3eK+r8CqFV1DEWnwnB1ePxUCwW8fl8tLe3E4lEOHToEC0tLQCsW7eOUqlEJBKRjtahoSHpuC2VSpw7d47Ozk46OjqkG/n8+fMUi0XWrFkjj1epVMLtdsvobkCK2MIpK/ZZCMD5fL5uvXw+TyqVwuv1ynq+QhQGZBx1MpkkGAzidrursXc1Z7ioRSyc4MFgUN54FpMI8vk8oVBI1l9Op9NomkYymcS2bZLJJIZhcPz4cSKRCENDQ7jdbjo7O7n33nsJh8PyXDl+/Dh9fX1MTk4Sj8dpbW3FNE3C4bCsQy1in0U/quf03A2VoE85gBUKhUKxPBECwvT0NAcPHlyyoKDpGs8880sEQ8FGdd8FGoP+/j62bX+Qn732U2xrkY5WIWTUXv/ohy/z2c8+Q6Q5stSe3EFUR/tG6oNms1nK5dKil68TpbTbV2BPpzJShF0KNoBm09XTzZOf+G84c+a0nNy4GJYyLsFgkD179uDz+pbcxo1QLpeJxav1Xe8GsU/TNCq17yJiMvPN2u9GfqdebZs3e/zrRGegXPsuv1iW+/mgUCgUCkWjKAFYoVAoFMsGpxuyYttolarIKeKThZBm2za5XI5UKkWhUCCdTuNyuejr66NcLnPs2DF0XWdsbIzx8XFOnz6Nx+PBtm1mZmYoFApSmPzud7/L0NAQ5XKZbDaL2+0mlUrV1ZoVX9id7lYh5iYSCenI9fv9FAoF6UQ1TZPh4WEikQg+n4/Z2Vl8Ph/lcplKpUI6nZau0WAwKAVSZyQ0IGv3OsehWCxKR7IQFi3LqquLXCgUpOPW5/OxadMmyuUy4+PjVCoVOjs7ueeeewgEAvh8PmKxGOVymdHRUdlWe3s7wWAQTdOIx+PE43HC4TCtra34/X7ZH2fdX+FAdroSxL6I+GaounOz2ay8GSKOiYiq7unpkePgrPksbgwI53E2m5XHQ2wvGAximiYul0sK4cKhLOLEhVvX6/XS3d1Nc3Mzs7OzRKNR4vE4sViMcDgsj+UPf/hDVq9ejWEY3HfffTQ3N3PgwAGi0SjRaFSOxcjICM3NzcRiMZqbm9F1XdYkBnC55y7fgn7lAFYoFArF8ubY0aOMjIwsyW2oaRrNkQiPPPZo9frmBrUBm2o92l/+5V/mnTffIpvNNtiCBjacO3eOixcvsLV524116A7ArpPdl3YABocGOXr0KL29fRiGe665hbZXu86fnZ1ldmaGQ4cO8e67796WkbCHDx9iamqK7u7upQtXmobH9PDEE0/wwxdf5NSpUze3k/Po7+/nvvs2f6jbWAghQGYyGd78xZs8/ZnP0t7evuxFYBub8fExzp8/z9q1a4GbIHIu8GtUpF95PB4Z7S1+5zonDQs+rDF3/p4/e+4sk7X6vwqFQqFQKJaGEoAVCoVCsWwI+OaikTOZPAFvNb5XiIqlUqnuJoFwdrpcLmKxmKyB+8Ybb9DT00NLSwvT09Pcd999zMzMkEqlaGtrIxaLMTo6KuOFOzs7GR4eprW1Vda/FW5XIeqJaGLhroWqK3lmZoZsNkswGASoc6JWKhX8fr8UhJ3OXuF8FfHN+XxexgQLp2+5XMbj8ci+OEVeQMY/C2FY1NItFouyH8IJbZom3d3d+P1+4vG4jJf2+/3SeewUnEUNX7/fT0dHB4ZhEAgEiEajNDU1EYlECAaDdcKm6J9zu1AVdsVYir6XSiVKpZKsbSxq51YqFUKhECtWrKCnp4dCocD+/ful8CvEYk3TZLtCkBe1iMW4lkolQqGQFHyFs1lEUDqdubZtc/r0aekKzmQy0kHc0tLC2NiYnGywa9cuUqkU0WiU0dFRKS53dXVRKBSIxWK0tLQQDodl3WdxvEulEpX83A1M5QBWKBQKxXJDahMa2JUKL734j7K26fVEByk12rV0XBvWrltPT889oN14YGx1fZ3tO3bRc88Kzpw+tah+1Tdgk04lOHhgP5vv24zh9tR/vMwQrmeXywW6jk3j+5nP5fmv3/42xXyeT3zinxGJRLCpTgzMZDJMTEwwNDTEubNnOX78OIODl5mdiTE7O0u+dv0m+3ITkRMI7arM3ago9sH77/OH3/oDvv71r/PAAw/ISX4ampgrUPvXQu3adU+rVq9h2/YdnDp1ei5x+2btcG0bLpfB1ge309rafkPNaZqGVrsmn7eJ63bZsm3eeedt/ugP/wNf+9rX6O1dgb6I2tAaOqbXRyDor27/Fv+0iTIuNjbYjcV9j42O8Yf/4Vv80R/9IStXrqod28WsPxe7blvV78IzM9OMjY4xPjbO+PgYY7XnmZkZ0DT+53/7b9m+fYdsoVQs8r9/+9t88P57tLS20NNzD13d3XT3dNPT3UNXdxfNkQjV2TU3aUxtm4MHD/J7v/e7pJLJJa2/nCcFKBQKhULRCEoAVigUCsWywekAttCkSOisLet2u6U7U7hcjx07Rn9/P0ePHmV4eFhG8BYKBdatW0c+nycej3P//fdz/vx5Wc/X7/czPDzM5cuXpcNX0zTpEhVOVSECVyoVKW6K5WKxWF18sxD8mpubCYfDzM7OUiqV6py7Qqh01soVccmGYchZ28IBYZpmnbNWxCmLaGohjjvbmu/GBWQ8sdvtlv0XN758Ph+hUIhYLMbQ0BA+nw9N02hpacHr9ZLP5zFNk0wmIyOaxT7ouo7b7ZZ9FcKuqLnrnH0uRNv541ooFKSQ6vF4cLvdZLNZTp48yenTp6Wr2e12y2hsIaw690VsR7Q1MzMja0ZDVTQXonUwGJQOExEbXS6XCYfDGIbBxMQEoVCIQCBAKpViZGSEVatWEYvFOHbsGMFgkN27d1OpVFixYgXNzc0UCgUOHjzImjVriMfjVCoVenp65PGxLItiRVvwnFcoFAqFYllhw8WLF3jrrbcacvkJ3cuuiSQ7du4iEPDXSxMNagNicWFADgaDbN22lbNnTi/OlTxve5VKhVde+TGf++XP09be0Vhn7jRqw+PxmPIadSlcvnyZ3/3mN/ndb34TAKtW/7Z6WtT+Yc8NdX2t0iVvdkGkoKzreL1mw1qrnAxaKLDvpz/l9Z/9rCbV2bXxqgrKn/v85/mT//ifcLvnTfjT6p6A6rXs3r2P8MI/vkA2lby5O10To1taW9m5axemz3tDWp/LpcukpMW2I8ZMAyqlEj/60cv86OUf1t6/diMaYBhufuWLX+Sbv/u71ev6W6gPapqGz+fDMAwKDYQYyFrNlQr733mHz33uc2zatIlgIMT8HXD+HhLfcwqFPNlsmlQ6TSqZJJFMVifbwlwsvcNxGwwFyaTTde1ats3g4CAHDxyYe0+TP3EABAIBujq7av26MWzbJpFMMjQ0hGVVqn1dQu13UVJIoVAoFIq7HSUAKxQKhWLZEHC4IUvlCj5Dk4JpJpNB13Xi8TjT09OcPn1aOmtPnDiBy+ViamqKXC5HU1MTPp+PaDTKuXPnmJmZoa2tDcuypGtzenoar9cro4VN00TTNDo7O6szqKk6YZO1WcvxeJxIJCKFaFFDtlgscu7cObxer3SdejweLly4IIViIZAK8ViIlsKB6nT4iveESOqseyzcwcIVLGK8nC5Y0S8hjkP9DQURhS36IurvFgoFXC4XoVCIvr4+eZPD2Y5pmlLoFS5bcYNCtCkEXuHQFdsRD03TyOVy1WNcE/fnx0jbtk0qlWJ0dJSBgQE57jAnGotayuKGsojeFiKzEHzL5bJ8LZzGTqe1OA75fJ5KpUIgEJDb8Xq9uFwu2tvbmZqawufzYds2kUiEZDLJ8PAwx48fJxAIEIlEuOeeezhz5gyhUEjWEh4fH8eyLEKhkDzfbH3O6e6se61QKBQKxXJA3Oq3bJuXXnqJVGIJDrBaIx6Pm8cee2xRDsFG0HWdXbt38fxzz8mSEI1y8uRJDh8+zMc//tRN79/tSCgUwjS9N609XVye2vJ/txyXS6epKVKdaLjEWr5SqLZtR0i2tqQ92rR5M9t37OCN139204dE1zQ2bNzAfffff8PuSo9pEmmOoGs6tt1YjVfZn2oB5LrjP79fc/7XKtqVyvktQdd1oi1RvD4fmVRqaY3YNplkigPvvou9WAdxbYKE87ucvsBii43XF8uJnz3Rg1w6w4Vz55iThbUbmn9Q7YtW/SlYYkPhcHjpHVAoFAqFYhmhBGCFQqFQLBuccbjZfImI30u5XCadThOLxSgWiyQSCbLZLFu2bMEwDE6fPs3jjz/Os88+i8vlYteuXXR2dhKNRjl06BDj4+OUSiU6Ozu59957cblcXLhwgbGxMdLpNIVCgUAggGmaUlzMZDIystdJKpWSUcQirjiXyzEyMsKaNWtkDeDe3l7C4TDj4+OcOXOGZG22ts/nI12blS3aFs5QEW0sHLbChSwEYOEsFsKwcMTC3CzxQCAgaz+J9srlsnwtRFOAQqEgx1Y4Ytva2ggGg1iWRSKRwLIsPB6PrNMrRFqn21a4m/1+v3QdO/smXLpiG0JoFvHdQoQuFovkcrm6+srFYpGOjg7i8bjsvxgzIawLwTwQCEjRVsQ6C9E4n89LJ7IzglqI6GJ58bAsi0gkgmma5HI5hoaGmJqaoqWlhZmZGY4ePQpUb4QODAywceNGpqammJiYYHh4mPvuu49KpcLU1BTnzp2TtanFvmZKczcYVQS0QqFQKJYb4hogHo/z+uuv30Ccp8b9D2xh7bp1N61v0oWowbYHHyTa1srE6Nh8lWkRPdMoF0v8+Icv89BDewgGb9w5d7sTjUaJRCKMjQw1FJe84HLX0qpugbinaVXh0XAZdHZ24PN6l1APer5LWXPs11z4cyO0tbfx5FNP8v7B/WQymYb7sxBWzZXs9/nYsXMnra2tN9ymaZp0d3WjGy4qpcYF4KueE/POCymoa/VB2h9F/HNzpJmOjg5mJpdW03ZuokCDp7h9lf1tNAVBOrCvt+JcP5eK80gtinn54bYGHd1dS++AQqFQKBTLiIUmfykUCoVCcUfS2TJ38yyWLnD27FmmpqZkTd3u7m5mZ2eZnp5mZmaGcrlMJpPB4/GwevVqdu/eze7du9E0jYsXL8ro3e7ubjZv3szAwAB/+7d/K+u6GoZBMBjE4/GQTqeZmZlhfHwcQDpVnU5WIW4KwbVcLnPp0iVaW1t5/fXXmZ6e5tSpUxw6dIgjR44wMTEBzEUvC5eqEFJ1XadcLlMsFmW0sxBAhSs1n8/LWsXC8SqEUyEqClG4UCjIaGjh2nW6ioU7NplMkk6npeDa3t7Otm3beOCBB+jp6WHt2rVs376dhx9+WLafz+dJJBJMT09L4TyVSqFpmvy8VCpJYVk4nYWzVvRDxFQLIVjU5i0Wi3g8HiKRiHTsQlVknZqawuVy0dzcDEAul6NQKMi6wrquy/eEi0dsR9Q1FtsGZP88Hg/hcJhAIIDH4yEajRIIBNA0TdaMzufzjI+Py20AXLp0CdM0SSaThEIhBgcHOXXqFOl0mvXr18tzqbu7u1oPzuWScdOGYTCTzC14zisUCoVCsRzQajfzz5w+zeWLlxpfv/bsMlx84YtfuOG42oWwbejq7GLv3r1X1DJdLJoNhz74gOGhoZvbudsMTdPQNI1IJMLKlf03J5pYu8bjFqLrOqtXr6blJoiiTux5z4vFZbh49NHHWLl61U3tDxq0t7fz0EN7ZC3bG0HXdTZs3Ij3JjrCb5dz4mpEIhE2bNggJ9Y2zAIC93X5MMbkWm1+GI+G+6eBpvHQnj1L2z+FQqFQKJYZSgBWKBQKxbJh9T1zN1/ODM3wwQcfYBgGlUoFn88nXbM7duygqamJkZERisUiAwMDbN68md/4jd9gcHCQ3t5eKfAlEglM05TiYEdHBx0dHbhcLu69915Wr17NihUr6Orqkg7YpqYmWW9YOEf9fj9AXcSxZVmyxm9zczP79u1jYmKCs2fPMjY2xvT0NIVCAZ/PR3d3t6zPK2KLRTS0x+ORQqpwxxaLRRmJLGKnxcxt0QchCot1RaRyqVQCkEKxeE+Itul0GpfLRTqdZmRkhBMnTvDee+9x7NgxBgYGuHz5MsePH+eFF15gcHCQ6elpZmdnMU1TulxjsRiZTIZEIiGjp4XgmslkpNhsWZbsV6FQqOubs7azZVlYlkVLS4usU2xZFuFwmOHhYWzbJh6P1wnoIipb7LvTNa3rel29ZnG8DMOQUdapVEqK4eVymUgkIo+B2+0mEAjIY5FMJpmenpbbunjxIrOzs0xOTvKpT32KXC7H0aNH2bdvH7qus27dOuLxuBT9h4eHmZycZGJigtOXpxc85xUKhUKhWA5UE11tXnnlFdKpNGga9iKVAK22rm3btHd0sGPHzhuOq11wO1pVxPrMZz5DIBhcQgtVG9/k1BSHPjgky2EsR2zbhlrayvbt2wkGauNlzz05Hzdvw+Jhz/XjQ2D16jVs2LARXXfd0E7YVGurSvFXW0IMtA2dXR3s2r0b0OTY3whaLWp5032b6e1dMdfZG8C2bdauXcO69Wvn+mjbN/kEcG5Q/u8j0YNtwOf3s3PnTnSXgYyuvpFzZZGPuwFRP9v5u2aPEoAVCoVCoQCUAKxQKBSKZcTaFXNi2P4Tw/T29tLW1ibdomNjY1y8eFFG85ZKJSKRCJs3byYajXL8+HEApqen2bBhA4lEgi996Uv4/X5Zt1ZEGnd2dhIMBvH7/TQ1NRGNRvF4PDQ1NeFyueQjEAgQDoel+1a+7kV4AAAgAElEQVTc4NM0DY/Hg2EY/PznP6enp4dt27bR3NyMrus0NTXh9XoZGhqSLlNnfV9nnLOzPq4zjlgIneKRyWSkiCrcr7Ztk81mpVM5nU7L98U2dF2nUCjIMbNtm5GREUZGRpicnCQejzM5+f+z9+bRcZ3nneZz19qrsBIAAYIQN5EURYmitVmbZW2JEydxbEczljvdsZPuOWdm0ll6kkxmpid7p6enZyanu08nOZNOMhNP27FzfNKJLUWyJVmLLWulKIoUNwgkAWIv1Hpv7Xf+qHo/3CIlEZRIiYK+55wywMLdvu8WrIv73N/7LnDs2DHefPNNjh07xuuvv87Kygq+71MsFnEch4WFBWzbplqtMjc3x8zMDPPz85RKJbU/aKeORThXq1WVYoZ2+lZKMtdqNZV+hrYUnp+fJ5/PUywWKZfLPPPMM+Tzeer1upLK8uR9EAQ4joNt26rstTwk0Gw2qdVqSgKbptnpXRfpmh8p920YBrOzs1QqFZXUbbVaqqy2YRg4jkM6nca2bbLZLOVymaGhIWzbZmBggImJCe68804GBwdV6WvXdanVaoyOjhKJRAiCgBePzr7lZ16j0Wg0mvVAYMLi4iKPPfJwu3/lu0gcBsDu3Xvo7+/vSOFLfZBAYLDz6t1s3nzVxa/fkXvVWpV/ePQRSqXSmvtwftgwOok80zT55CfvYcvWbRjG+beiLrkADm33stD5TGYyGe699z5SqffWc9SgfYNOFdpVpXvX/uGXdW677Q76+vre0/GEScRj3HzLrSRT6U4p5feuUQc3bODHf+LTRKLRdknwiy1tfDGoDQcfTLfozmm8+aZb2LZ9x7s7hlAq1jDan5W1vD4SGEH7gYnO/39es3s3e/Zc+wEflEaj0Wg0VwYfmesBjUaj0ax/to31q+8PnFhg06ZNVKtVPM9TacxbbrmFpaUl1d91ampKCcxms8muXbvo7++nUCjQ399PKpVi+/btKhk6OTmp+uRec801pNNpdu/ezfLyMrVaDc/zyGazJJNJTNNkaGiIaDSqZG88HlciT8oQHz9+nBdffJF6vc7o6CiDg4NKyo6MjNBsNikUCkp8inCUG4W2bSvhK71rRYoahqHSv+FewSJDpcevlDgO9+eVbVarVcrlskryrqysMDc3p8pEA5RKJfL5PJVKhVwup7brOA6pVEolcuPxOK7rtnvZlsvMz89z9uxZleKVss+S/m21Wl3JZRmLCG9AJXZt2+bgwYO88sorvPLKKzzzzDO88sorSthCW/qeW47b8zwlbFOpVFefZNu2iUajmKZJoVAA2mWlXddVUl6WhdUy2rVaTaW/gyAgEolgWZaS4tKzuF6v8+STT3L48GFKpZIqKz43N0dfX59KML/xxhuqh/Szr02/5Wdeo9FoNJr1gBHAo48+ykKnV+aqFLswYYF62223EY3H1DXTpaTjf0mn0+zbt69dBvoiXJ0cpxHAyy+/zNE3jnRd86xLDBgdG+Vzn/886UxazdVlq9Yb2qBpWbiueym33tmHgWEa3H7HHXzsphsxzPdeHvm9EHSCpTt37eKW2z7+7ssNn8Om8XH277+h3Q7lEp2oSCTCfffez003t1P67WNffw9AhBkeHuYXf/EX6e3tuaLKU3/oCcDoPGDd09vDL/3yr77nBzI0Go1Go1kvaAGs0Wg0mnXDcH8K12n3aZ1eLJHJ9KgU5czMDGfOnME0TZLJJH19fWQyGfbt28ett97KTTfdxM6dOymXy6TTaZaXl+np6eFrX/sajzzyCLVajSAIGB8fZ9OmTczMzJDNZikWizz77LMqeTozM4PjOEquzs7OUigU1L8lxRsu41yv1/nWt77FCy+8QKFQUOsHQUAqlWJpaYnJyUlWVlaUYITVm4eNRoNEIqHEZaPRUOWfJUkr5ZzDr1arpZYXuRy+cSrpUylVvbKyQjabZX5+XonoWq1GpVKhUCiQy+Wo1+vEYjHi8TgDAwOkUikSiYTqtSyC2nVdLMuiXq8zNzfH0tKS6j8clrRSMllksJRmBtT64UTu8ePHeeaZZ3jyySeZnp5WN1Jl2yKZASWSoX0TSno5y/ZFhjcaDQqFgurpWygUyOfzaixBEOC6LpVKRSWJY7GYEtk9PT1s2LCBZDJJIpFgz5497Nq1i2QyST6fVynso0eP8oMf/ADLsiiXyyQSCcbGxti1axcjIyPs3r2beDzBUt4DIBFzGehJXL5fKI1Go9FoPgDK5TKPfPvhd5WGlf/upzJpbrv99ssuVE3b4uMf/zhuNHpRx6uktGHglT0eefhhap22D+uZAPjUpz7FJ++5Vz2AqGQ4l8aHyfZaQUCTgKGREf7l//pbfOrTn75senFwcJAvf/nLXLV1a6eM8wd3Hg3DoK+vj3vvvYee3h7e66xats21e/cyMbFFJdcvFUPDw3zpyz9P/+DAaunrdfw7YDsOd9x1J1/44kNgmbQ61Zo0757wgzOO6/LPf/lX+diNN37AR6XRaDQazZWDFsAajUajWVfsmtigvs8Vy0QiEQBGR0fJ5XKcPXuW48ePYxgG6XSasbExqtUqKysrvPjii0qGTkxM8OKLL7Jv3z6i0ShPPPEEk5OTbN26VZVSPnDgAEtLSzQaDTKZzOoNrE65XxGO0hcWUCWLTdNU6VDTNKlUKjz77LM8++yzTE9PMzc3R7lcJpfLMTU1xaFDhzh27BjFYhHLsrp644r8lP6/6sZXZxmRmOEkrPT2lTLP8sezlFau1+t4nke9XmdhYYEzZ85QLBbJ5/NKRLdaLVX2OpFIqGSFaZosLS0xNTVFuVymUCgQi8VUH1055kQiQSQSodFosLi4SLFY7OrxK/2Lz038yjZqtZqaV2iLbElVy80USSFLClfGL8uJ7C0UCvi+T7PZxHEcHMdRieggCIhGoySTya7UsSACV8R2KpXC8zxVYjpcOluOX8p6F4tF3njjDZWcfuqpp/je975HX18fMzMzLC8vK6nueR5Yq+mVnZtXP+sajUaj0awXTk1Nta/V4KLrAgdBQMuA22+/g02bxpSwutRKKSyW991wA2ObxjDMiyjh3DmotvQMeO65H7Iwv3CJj/LKQmYm3ZPhF3/pn3PX3Z/AdpxLJ+mDAFrtbtEBMLppjIceeoi/+Mu/5L9+6CH2Xru3LZ0vzd7auxTVaxrsv/FGfulXfpnx8XECjNW2s++jzzQ6n3fDNPnYx25ky5at71lGJ5NJPn7bbbgRR23rvQ5JHoAwDIObb76F3/qt32V882b18/UmgQ2kFDpEo1H+8T/5Jzz44IPEEvHV0u/ra8jvC/JAdRAExOMJvvSlL/O5z3++U5FBx6s1Go1GowGwL7yIRqPRaDQfHraNDfDq8XaPVDOSJBpdLc87ODjI8PAww8PDql/srl278DyP6el2Wd14PM7BgweZn5/H933i8Tjj4+P4vk80GqVYLCohubS0pEone56HZVkYhsHKyooqHew4DsViUSVEpSSzCEQRwJZlUalUePnllzl48CC9vb3s2LGDWCzGyZMnmZqaotVqUSqVqNVqQDu1Kn/0yk2UsDCNxWI0m00qlYoqEy2lmS3LotlsdolMKVksy0BbWJ8+fZp6vY7v+xQKBWzbplwuq162mUwG13XVciKiLctibm6ORqNBNBql0WiQTCbVsYWTzs1mk2KxqMpFS09ioKuctfQwlnSw7/sqCSw9hCXtK3MT7pkcvuEkUjxcYlr2Z1mWksYihaWnsqSS5edyLOl0mlarpdLBtVpNyeBIJIJpmhSLRbLZLLFYjFKpxMjICG+++Sa2bWNZFsPDwzz88MM4jkM2m2X//v2MjIwQjUbbn5F6+LOuyz9rNBqNZv3x9NNPs7KSRTqgXqwXiUajfOYzn8Gy35/bHb19vdx37328+eYkzVr9wiuECQADZmZmOHToUFskhx5uW58EjI6O8tu/8zv8H//23/Ktv/v79jWYnOj34m0MGB0b46EvfpF777+P0bExbNsFTEbHNhFPJCkVC5dgDG+xa8PgnnvuJZ1O86//1R/yxuHDH6DIDOjv72fnzqt58YUX3tOWxsfHuXbPHi59veL2b7ftONx733309GT4g9//XY4cPrLuBPC59Pb28Zu/+Zvs2LGD//1/+zd45TLq/ww+QD6ss97b18dv/dZvc9/9D2C7TuddLYA1Go1GowEtgDUajUazzti+aUB9f2Y+T2SDy9DQENlslpdffpm7776bgwcPMjg4iGVZPPHEE2QyGSUXZ2dnsW2b3t5eBgYGOHLkCMlkEtd18X2fIAjIZrPYtk2hUFDytVarkU6niUajtFotGo0G5XJZSUhJzFqWRTwep9Fo4DiOkq4iIiW1Oz8/z+LionoP2rI4n8+r9HBYaIr4hXZpZMuyqFarKiErfYtFHkvCVWTtuWX4HMehVCoxPT3NzMwM5XKZcrmsxObs7Cy+72PbNqlUimQyqcooS19iOU7f91WK2DRN+vv76evrU4lakbqu66r3RPKGE83NZlNtP7yOCNuwBJa5kPMT7oss2xLpCnSVc5Z0sfQqjkQi1Go11X9YpL1hGCSTSXW+W62W2k80GqVWq1GtVtVyvb29HDlyhFwuRzabpVqtcvLkSVzXJRaLUavVSCaTXHXVVfT09HD11VeTz+c5cOAA+/fvb38+/dVbM+HPukaj0Wg064Vv/Ze/becnzfZ/yy/qNr5hMDY6zjV7rr3kac8wQWdf0C6rdv/9D/CNr3+D5aVF1qRRjLDvNKhWPJ5+6knu+sSdJJLJ9nZNE8OwMc0mQbC2MrGGYXa2aF60zQlLN8MwMA0Tg46MNtZaptbANG0MDIKQz1IJyM6/giBgaHgjv/f7f8iNN97C1776VY6+8QaVit9O8l4ErusyMjLCrl27+OS993P3PZ+kJ5NR56c9rhbDQ0P09/XjFctrHlP7OhsgeMuk8rnv2bbDrbfexr//D/+Rv/yLv+A7jz3G7OwMrdA1qKwXrhz0dsLTJHjr+XjbKZKHJgJM02bT2GberQgLggDbsvnYjTcxuGEYo7PtS8fq+C3b4qZbbubP/vwv+MpXvsIjDz/MmVOnqVUqBO9lp5IQxWinl83O7ARvcT6DFiYBltlOUMPFlSU3DOu8pd9uXcMwicWTfOGhf8THbryZP/2TP+GFF55naX5e/X0X/ny8/fDW9rsif2PJ32eWZeNGXFw3QiwWIxaLkcpkGN+8mau2bA3tAGzT4r777ieRSLK0tITnlan4HpVKhVqtRqNRp15vEIRa7RSLxa7S1uGHlc/9/5m1cN44A7Bsi5GNG7ntzjv4hV/4BcbHJ87Z3odVZ2s0Go1Gc2kxgvX+aJ1Go9FoPlL8p797gV/4g28A8Euf/RgP7M0Qi8V46aWXaLVa7Ny5UyVCo9Eox44dU2le3/fZtGkT119/PX//93/PyZMn2blzJ6+//jqjo6PMzMxQKBRoNBqqHLKIW9/3GRgYoFxu31SqVCoqMSpCUaSm4zhKJsJqz14hXCpYxKy8n8lkuP3221Wv2Uik/Ye7lDqu1Wo4jqN65cr+o9EorusSjUYBVAJXpHRYIEtaeWFhgUOHDjE3N4fv+5TLZaLRKIlEAsdxSCaTXf2DI5GIKntdLpdVAtnzPHzfV2NKp9OkUilyuRylUkmJ3f3797N7925isRitVkuVTpZxhMtW+76vSmeLRJ6amuKZZ57pKgttmqaSvbZtq/FKmehYLKaksZRalvVlfgF1M6ZSqRCJRLAsC8dxSKfTVKtVGo0GsViMRCLBysoKjuMoETwyMkKlUsHzPKLRKIuLi0oiLy4uEo/HVd/kYrHIl7/8ZYaHh4lGozSbTb73ve9x3XXXMTY2xnePlPl333wFgD//X36Gn/3U/kv9K6TRaDQazWUjfI0j10ny33h55VaWIXh3hWuDANxIlP7+ftVjV7iU8qrr2IKAVrPF0uIizWYDjLUdebjnqWma2LZNf/9AuwpJKyC3kqNSqUDQIljjNtu2zCCRSJDuyVxUeeWgM+cG7WuileVs5+G5YG1j6ixiGBa9/X1EItEuAfxW++t8Q7lU5tTUFN9++Ft89/Hv8ubkmzSajfMS4PJIQCwWZc+ePdx5113ceccdjG3aRCKRwLbdVbEurUOCdlnoRqNBLrvSqfiyxjEBiUSSVDqz2rf57YZ/jthqNhqsZFd46aUX+Ptv/T3P/eA5sitZFfQ02guqliGDAwOMjo6xaXwTV01MsH3HDnbv3s3G0bGO2F8DnW0HQLPR4C///M/5w3/1B+/qs99qtRjZuJHf+b3f5xN33901tstBEARgGLSaTcqlElNvTvH4E4/z4gvPc+LECXK5FRqNpipDLTo6oH1+XTdCOp1meHiIq7ZsYdOmTSTiCRKJFP39/YyOjrJp83j7wV/TPG9OgqBFpeKzsrLSfS7XePy2bdPXP6j+jljLPMl+Go0GhUKek8eP89RTT3H4yGFmpqfxOg8fv8MG2qe887BrJBIhk8nQ19fH6MaNjG/ezNYtW5iYmCDaacfTfpmYpoVl21imhe3YXVWh5PiDIOj6NZGHXhutuvq7rNlsEoTaDLWaTfxKhak332Tq1CnOzswwOzdHbiVHLreC5/vUa3Xqjfqa50mWSyWTbBofZ8+ePdx1112Mj4+TSqcxrbZ8P/cRBakUJS/5+9gwDFXt6nL3iddoNBqN5lJQKLQr2Bw4cGDN61x//fWATgBrNBqNZp2xb8eo+v7bPzzJT918G/l8nlQqxfDwMJVKhVKpRL1eJ5lMkkgkOH78uOp1u7CwQCQSYX5+nlKpxLFjx+jp6SGbzbKwsKAEpCRQpVRwLBYjl8up9Gq4t678oek4DrZtq768si35g1uWlZui8odpGN/3qVarSkJKEhjo2oc8gW1ZlpKYUnradV0lnMN/9JqmSa1WU8K6v7+fUqlEq9XCcRxuvPFGxsfHGR4eVnMKqOVjsZhKvFYqFaLRaPup/o4sFVG8YcMGpqen8TyPXC5HLBajXq+zceNGdWMBVqWrSHbpfSxz5vt+1/gXFhbU8cj8hpPVMjYZu2wvnCyWeZN5lPLeMgerfabipNNpPM+jWq0qme77PplMhlwuh2VZuK7LwsIClmUxMDDA/Pw8rusyODhIqVTCdV01lmazye23347v++RyOa666iqmp6e5+eabAZifn+fvvj+3+lm/evWzrtFoNBrNemFk49h7Wn8tyblLhUg80zIZGh5i1exdHOces2EY9Pb1raY/jTVuN+CiE7QKY1WqOa7L0MjwxW/jnNjvWo7EMAySqSTX7NnDNdfu4Vf/h1+jUqmQzWbV9ZEsJ5Vn+vr6ukSbeliS8897OwEaYNk2AxsGL/pzsdbMRNdxBAGmZTGwYZAHfvRTPPCjn6LZbJLP5ykUCl3X6PL3yLnjCacmL+5Y2tq8UvF4/fChjiC9+DFblsXOXTvZu3evOq7LSuc8mZZFKpPh2uv2smfvtV1VfVoh0Xju3zDh3523SpnKAw5vNxWGYRKLJYjFEm+dEL4A7yVb4zgO/f0D9PX1c9Mtt3Zt82IeOgiv81bH83bLvNPy4UdxDMvEsVxcI/KWxxBm0/gEd7zNfi+Wd5rbdkJcS1yNRqPRaN4OLYA1Go1Gs664bvsIyXiEklfl2PQKqXQPqVT7yW8RfyJRT506xcTEBIcOHeKBBx5gbm6OdDrN4cOHyWQyzM7OsrKywvz8PMViUUnZc8sBSxrV9311Q6pUKmEYhpKghmGo92A19SsJVaBL/sJb38AQsVypVIjH42pb4ZseMk55yrlarRKPx7FtW0lQ0zTVetJLNx6Pq5srkj794he/yNTUFLVajUwmw/LyMvF4HMuySKfTBEFAMpnE9308z2NwcJCBgQFmZ2dJJBKqbLb0DRY5OjY2xokTJ0gmk8RiMZaXl5mcnGTjxo1KqgNdMjzcL7her6vSzJIeymazXTfK5Onuc2+cyQ02GasI80gkgud56uZEs9mkVCqp/r0yX+HzEi5FLet5nsemTZtoNBpks1lGR0fVTcx4PK6Sz/KgQW9vL9dddx0zMzOqDPnAwAAvv/wy27ZtY3BwkEqlwuCGIab+7DgAvekY1259FzdmNRqNRqNZ57xv4vcS7vO89SX6aqzK1IvY2MWv8+5WePt9r2GLaszn9P41TYN4PK6uc9e223c+dqMj5t/NCC/m3CrR1fl3eGiWZdHX10dfX9+atvN2JaffOREKBAGVqs/Xv/51nvre99Y+5vDBGgZONMItt36c/v6+887r5SIsqs+dg3Bq84LbWUO57otd//1Y50L/Xss+w38HXWi9c+d3rfu4mJ+/22XXst4H3zVZo9FoNJorHy2ANRqNRrOuME2DO6+/im9//w0AphcLDCTb/WGbzSbVapWzZ8+yfft2fN/nz/7sz9izZw+HDh1idnaWhYUFlpeXVZ/abDZLoVBgfHycN998k97eXqampoD2H6PSu1XEYqVSUZI4EolQr9dVb1dJ/IaTqfIHrQhGef9cwonW2dlZduzYoZKy0qdW0gRSzlkEs5Q8ln2LDA7/XHrXSoJZ0sRzc3Pk83k8zyOfz2MYBkePHiUIAnbs2MHQ0BCbNm1ibm6OVqtFIpGgXC6r8sk9PT3EYjHy+Ty9vb2cOnWKbDaL53lKLIs837Bhg0rfiuSVsUsyV278RKNRJZalz1SxWOwSviKGRSCHhXg0GiUWi6kUsfQQdhwHQJVRkzS3lLgWER0W+nJu6vU6KysruK6rSoGbpsny8jITExNYlkWhUMA0TVzXxfM8lfLdsmUL/f39nDx5kv379xONRqlWqwwNDfGd73yH7du3U7OS6vNwx3VXXfLfHY1Go9FoPuycVy74/PrBl3Wfa97NO4UFjXO+XgzvYYznVUS+yG2969Uvd7D0ffgMvPWOuaRtSKvVKi+88AKLi4vnf7Y71Gs15uZneebZZzhw4ACteoN3F5AMGB0d5eZbbn7fJNt7/fxdkOCcTZ5XA/od1l1PlvG9jvMKmqfL/pnRaDQajWYdoAWwRqPRaNYdd+7bogTwgcksn/rYKE8//TSbN2/mxIkTmKbJqVOnePzxx5mfn2dwcJBkMsnY2BjxeFwlfrdu3crY2Bie5zE7O0s6nVaSTnrJSvnnRqOhSgrXajUsy1JyMxKJdKV0pbSwJH8lcSt9g4HzSr+Fv5+dnWViYkL13BX5CCg5ads20WgU3/dptVq4rgtAIpFQfXulNLOkXWU84b7F1WqVZrNJNtvuAxeJRFQZ6RMnTlCv1ymXywwODhKNRqnX6yr1nMlkVAnlfD5PvV5nbm6ObDbL2bNnVcLWdV0ikUiXmJbeviLTHcdRYjgs0GU5KcUMq4kB27bPk+0yF6ZpUiwWicfjSozLHEsSO5yWlqRzoVDAMNo9h6V0txyH9BqW+bMsi2g0Sm9vL2fPnmVoaEgdS09PD8lkkoWFBTKZDM8884z6DBSLRQ4cOEAmk+HIkSN4nscLL7wAg7Wuz7hGo9FoNBqN5grlEspfAvBKZf7vP/lTvv/9Z95h26GCvZ3ex2u1YqqIdmBgWja3ffwOJia2vG/pX41Go9FoNBrNpUcLYI1Go9GsO+7ct5qO/C/fP8HVve1yyYcPH2b79u28/PLLHDx4kKmpKeLxOK+//jrFYpFyuUwymWTLli1YlsXS0hLHjx8nkUioXrivvPIKqVRKiVVJevq+35WibTQauK6rRK9pmqTTaYrFIvV6nUQigeM4VKtVJTllXXn/rQiCAM/zKJfLOI6DZVmYpql6C0sZZ9u2VWq1VqspQS1fRY6em0oWUSwSMxqNkk6nqdVqar9BEFAoFHAch9OnT7O0tMTi4iLRaBSAdDqNbduYpsnKygr5fF4lr2dmZlheXsbzPCVpe3t7sSxLyWlop5rluETAylxJallEexAEzM/PA90lzSRVDajkrswhtEtnS19kx3G6UttSmlvKeMvYoS3RRbpLCWnZ3pYtWzh9+jR9fX3kcjkikQixWIyenh5s22ZiYoLnn3+eSCSipLtt22Sz2XavtZ07efrpp9W5ee2115icnGT37t1892juLT/jGo1Go9Fo2pynqt4Hd/WudnElOrX3eExX4pCAD+TALt8ugwv2eFb7vlhxK3HKADaPb+aBBx7olOF+nybwcu/mQtu/Yj/Al5j3Os4raZ6upGPRaDQajeYKRQtgjUaj0aw79u8cI+LaVGsNXjo6x6ubVkgm4uTzeb773e9y+PBhVlZW2LBhA6lUing8Tjab5fjx49TrdY4ePapkZC6XU6nOVCqF67oqWRvuBey6LtVqVYnEcJpWCPftDadXJeErklJEpRBOp0JbNEp6FVBlj23bxvM8JawlISyCUgSwJGElsSw/A1RZaJHYlUqFer2uhLIsm06nlRR1XVcleV3XZWlpiXq9rhLCpmmqFLBI1GQyiWmaOI5DNBpVJZ1FjMpLErOlUkn1MJbzEU7uLi0tqXmUcbVaLSXJw0lgmetUKqXGWS6X1RxIalv6AVerVSV8w3Pm+z6JRELJe9u2OX78OD09PQwMDNDb20s0GqVQKDA0NES9Xmd6epp0Os309DSu65JKpdR8GYbB6dOn1fw7jkOxWMR1XbZs3cZ/eGEGgETMZd+O0Uv8W6PRaDQajUaj+cjS8b+u6/CJu+/mhv372397BIFOAWs0Go1Go9F8SNECWKPRaDTrDtsyueO6q/jOC8cBSA2MkrDapYoPHTqE67r09vayfft25ufnmZub44477uD06dNAu8dWJpNhZWVFJUEBleoVmSjJXkmoynsiPcOlm0UiioyUvrPhMtCSWpVkqLwPq6lVIZvN0t/fr4SkyNkgCFQf4mq1qko2Sy9iEcXSE1kksoxFhLHs33VdJYKj0SitVotqtapSxfF4nJWVFZaXl5XMrVQqqjeyjEfSspJYtixL9dRttVokk0nVfxdQUr3ZbKoS0DIHIoalZ7KUqNOR3K8AACAASURBVBZBLvMrP5OxRCKRrnS0zLn8XEpSO46jyjWXy2Ul6aX/cLlcptFoqJSzjEv2mc1mKRaLZDIZ+vr6MAyDXC7HwsICvb29VKtVhoeHyWazqlR3PB4nkUiwtLTEDTfcQL1eZ2lpCc/z2slyO9T/9/qrME19I06j0Wg0Go1Gc2nZsnUrP/mZn8JxnQsvrNFoNBqNRqO5otECWKPRaDTrkjtv2KIEcKGV4uir36FcLnPrrbfy2GOPqUTn3r17efTRR3n88cep1WrEYjEsy8KyLDKZDKVSSQlFz/NU2hPo6gUbTs6KDJTyyiIJoS0Z5T1JvVarVSUPRTRKslW+l6+y3Xw+39UnV6SmCGHZp/TylfSsSFVAJXOTyWTXmCSZKyWgpUyxzEu4bHWlUlHlocP9i4Gu0siSxDUMg1gspkpNJ5NJMpmMEqG1Wq3r+MNiWuYwXNq50WiQzWZVsljmyXVdldiVuZS+x7VaTaV/Pc9TEl+OvVqtcubMGSWqJTntOI4q9Z1MJlVvZ/mZzJ9QKpVoNptEo1GWlpawbZvrrruO2dlZjh49SjweV3Oxbds2Go0GhUJBzffAwADLy8vMzs5ypmCufrZ1/1+NRqPRaDQazSXEMAzS6TRf/NmfZcfOq1UvYf3IoUaj0Wg0Gs2HF/PCi2g0Go1G8+HjU7fuVN//3Q9P4zgOnuexsrLC1VdfDcArr7zCk08+ied5LC4usnHjRiU9s9kslUpF9dEViViv15XYbTQaqmSzJGdFwkpqVH4uyVMRgo7jqKRsPB5XAlISuuEEcbgEtMjVUqlEsVik1WqpctTQFpjNZpNqtarSs4BK8EoiVoSvZVkqDSzCMwgC1ePYcRxs2yaVSjE4OMiGDRvo6+sjlUqpVzqdJh6PK6EZjUaVSDYMQ5XZ7unpIZ1Ok06nyWQyalvpdFoJYZkn+T4sziX5K2lqz/OoVqscOnSoa+ytVkulsKWcs8yvSPZms0m5XFb7ajabXcnhsNCXeZD3pYx2uVxW6WQ5D3J+RMTX63X1OWm1WjzxxBPMzs6q8s4LCwvYts3y8jL1ep1kMonneQAqqR6JRPjrp06ufrY/vvrZ1mg0Go1Go9FoLo4g9Gpj2zY/+ZnP8Kkf+zHsTnUcjUaj0Wg0Gs2HG50A1mg0Gs26ZN/VG9k01MOZ+Ryvn1rhX//253n04W9x8OBBTNNkcHCQ/v5+zp49q0oQh3vIlstlHMdRSVKRo47jUK1WabVaqtdvNBrtEr0iWaWvq5QIhnZCNZ1OKxG5vLyMbdv09PSwuLiI67oqZSviUbYbLgPdarVYWloinU7jOI4qSSzSWcSnCFMpCS3HByjZG+4NLEldGR9ALBZT24tEIkSjUTKZDEtLS0rSFotFgiCgWCyqZWT70htYhGoikSCRSBCNRrFtW0lfkehynOFzAahS0pLEbbVazM3Nsby83CXHJQUMqH7KMm7DMFRyNxKJ4LquEv1yfOFS0lLSWvogyxxLOW3pIRx+SEAeFJBkted5xONxPM+j1Wqp1LFIbzleGafv+1SrVarVKrlcjq07dvHUwfa52DrWz7Vbhy/fL45Go9FoNBqN5iNAAKxeP99444186ed/nmQyBejkr0aj0Wg0Gs16QAtgjUaj0axbHnpgH3/4/zwBwD88d4ylxUVuv/12lpaWyGQynDp1inq9zoYNG5T0LBQKtFotYrEY5XJZlQTu7e1VpZeljLNt2ziOo8olSzJYkrZSFlh64bquS61Wo1ar4fu+EpG2bavyxCJ8RVw2Go0u8StyUtKo5XKZZDKppGk8HleyuVqtqjQuoEo7V6tVACWbpSSySF/btpXQDPc4Fqkrpa+Hh4epVCo0m03S6TSe55FKpdSxS+JZRKtt27iuqxLQ4YRteIxy/I1Gg2q1imVZqvSyvC8p3snJya6y2SKCI5GIOgcifqWHcavVIhqNqhS3zKtI+7Cs9jxP9S2W5eLxuJK81WoV13WVhJftAapEtxzv8PBwV6/m+fl5rr/+egYHB6lWq2zZsgXbtikWi6rH8+zsLO7gTmAGgC/cf/17/8XQaDQajUaj0Xx0CaCteA1My+S2O+7gN37jNxgZ2fgBH5hGo9FoNBqN5lKiBbBGo9Fo1i2fv2evEsBfffYsv3LPXiYnJ3nwwQeZnJzk+9//vkp+FgoFfN/HNE3K5bJKp0rCt9FoUCwWaTQaXeWWRWQmEgmVSpXSyyJPpTR0qVRSgq/ValGpVJR0jkajAKp0s2maqiyxEO4NLHJSJKNIVJHXklhuNBpKgDabTVKplNqW53nYtk06nSafz5NIJJSsFREMdPXAlfEkk0mV1g0nYaU3cCKRUClmEc5STloSsFKKWhLPIrtlnGE5Ho/HlWCV45udnWV+fl7NUbh/cbgHs6Rvw2W5RcSem7ROJpOqZLOMtdlsdsnnsKAP90Z2XZdYLEaj0VDlpU3TVOnycFI8m80yOjrK1NQUQ0ND3HrrrTz++ONqOc/zeP7559mzZw9/88Ki+gx88Uf3X55fFo1Go9FoNB8a5Frw3H+f+/6Vyls93Ki5vIT/hhBMy+ST997D//Q//0s2jm7EwOiqqqPRaDQajUaj+XCjBbBGo9Fo1i3X79jItrF+Tkwvs1io48QzJBIJ/vRP/5TPfe5zjI6OcurUKYrFokqKimCUxKkIQ2iL0Hg8Tr1eV31aASV9payzJEnDqVRJiIrUDS9vmib1el2lkMNCM1zWOPzvcGnpWq1GJBLB8zwlfx3HoVarqX24rquksSRhJekq+xZ5K9sN709EqJRwlkRzOJEswrNSqXT10/U8TwlWGS+0E7JSmlp65Ep5ZTkGWSdcYrtYLJLL5Thw4IA6ByKSpex0OMEt24vFYmofrVZLJbDDor7VailRL3Mo50XmXeR8NBpVZaplDJLiTiQSOI5DJBJR6x09epTh4WHK5TK9vb3qWIMgYHZ2lomJCVqtFsPDwxw4cICRkRFwEiwV2g8c7L5qiG1j/Zfnl0Wj0Wg0Gs2HinMl3ZUu7cLXsOFrzA+LtF4PyDxbts3W7dt48MEH+anP/DTJZAojVPRZnw+NRqPRaDSa9YEWwBqNRqNZ1/zMvdfxB3/xOACHZ+tkp6b4iZ/4CbLZrJKx8XicQqFAs9lU74nIFHnbarUwTZNGo6HeFyEa7tkrctB1XZVYFeEoy54rdaUnr6SGZf9w/s2ysMAMH5OIylKpRK1WU6nleDyulg2CgGQyie/7WJalpK6UMa5UKriuS7VaJZPJKKkrghlQZa3D5a9lvLVaTfUQBpRIlfSuyGoZtwhWEeMyZpGy4fdarZYaZ7lc5siRI6rsdbhvr/RYLhaLJJNJSqUSAJFIRKWaRdiHZa6cG5HlsVhMnVOZq2q1im3bSu4Dqo/v6OgoKysrqmx1tVolEol0Ce1IJILv+7iuq+bd930ymQzlcpm77roL3/fJ5/PcddddHDlyhOnGMLACtBPtGo1Go9FoNK1Wi9dff52zZ2cxDIN9+9otJT4MvPHGG5w6dQrbdti791oGBgY+6EP60BAgnXsvbh1or2SaJtt37OAXfuGfcs999xKLxTHN7oc+NRqNRqPRaDTrBy2ANRqNRrOu+dwn9yoB/DfPz/NfbR/i4MGDtFotfN8nHo+zsLCgSjyn02nK5bJK6Ib7+MbjcWKxGMViUZVsNgwD3/eVgGw0GsRiMQqFgipFLMLWNE2VJJVyzWHBKSWL5SaMvAAliWU/4d6yYXkrSdtwmbfwU/zFYpFEIkEQBFQqFZLJpBqr7Cfck1hKH9frdSKRiErqipwVsdtoNFTaN3wDSbYjZbMFkaQitGUfQRCoktkynyJVy+UyjUaD119/nZmZdk9cmVNJ3lqWRblcVr2WRd7HYjE8z+sap4hcSUFLWWrZpkhhSSkL4XLbcl6gLcUHBgbI5/OsrLSlbalUwjRNMpkMQRAwMDBALBbjxIkTDA4OEo/HeeSRRxgYGGBlZYVWq8W2bdtoNptUKhUePpxT2//CA/vW8pHXaDQajWZdEBAQKhSMEbSATlo0MOXtjxRyjZXL5Xn0sSeYn58jCKDeaPAjP/IAVue68sqi1flqUCyWeew7T3D69Jn29VYAd911B27nelvzNhiQ6e3h//yjP+LszAyzs7MszM2zvLREPp/Hr1TUtXNoFWzHIRqP0z/Qz/imTezcuYuJiQls24JzUr469avRaDQajUaz/tACWKPRaDTrmuu2j7B90wDHzyyRL9UwYr1MTb2h+s329vaSzWapVquk02l831dJzVgsphKxkUgEy7JYWVkhHo8r8VoqlVSJYBHG1WpVJX3DydRw8lf2H06iivwUuRh+P1yCOCyRG40GyWQSQKVpXdftEsqJREKJWMuy8H2fRCJBrVZTElwStmHxKccoclVkL6B66tq23ZWOlX2KnK7Val09iMOJWNu28X1fyVjZl6SsoS2Ka7UaxWKRer3OyZMnOXPmzHnJaJmPVqtFvV5XqWTDMIhEIrRaLaLRqEpKyxhd11X7rdVqSr7X63VSqRSe56lkuJTOlvSzfDYMw2B5eZl6vc7y8rJartlsKgFdq9W4//77ee2115icnKRSqTA3N4dt20xMTKjPy8mTJ0mn02QyGTZt30vl1VMA7N02oss/azQajeajRdB+YKutgU0sA0zzoy2p5Jqn2WwQBHJt2LlO/BCUUg5XpWlfB7ePW3NhTNOkr6+Pvr4+rtmzR73/Vr2fw9fJ8u/w9+fKX41Go9FoNBrN+kQLYI1Go9Gse37mnr38ficFfGgpRqxcpl6vE4vFmJmZUclSEbNyc6pWq6n+v5KYjUaj2Lat1pESySJrRZDKzRgpjSwp1XDvX9kurCZ85ThE9Lquq/rgiviV7UvfWkB9FWkr6wCUy2UikQhBEOB5HolEQiVapZexpGCj0ahK0VqWpaRps9lU25DeyCKSPc/DNE2VhBaZLEJW5lLmRko+yyssi6GdBJYEr+d5SugeOXKEycnJrtLQUi47PP6wkJf+wXI+4vG46oPcbDYpl8vE4/GucyayulgsqtLRsh2R5fLzc/swR6NRBgcHqdfrTE9Pk06nGRgYoFAokMvlSKfTnDhxQiV9bdsml2unfH/8x3+coaEhjh49iuM4fPfNRXW+P6fLP2s0Go3mI4bnefzHP/5T5ubmAIPPffYz3HzzTXzkYr8h5Dql/TAbQABBgNW5drySMYz2yzTa0towwLQMLSMvgrDIDVcMertzH67KE5bCuu+yRqPRaDQazUcDLYA1Go1Gs+75Zz99C3/wl08QBAHPHivwExuTLC7MY1kW6XSaZrOJ7/tKekpfW0BJUOndKrJSBGwkElHSWERgEATUajUlb03TVGnRcLnhcJ/bcCnhMOHSz+EEsaSHK5UKsVhMpVzDZZlFWkP7pk8kEukS1pJmLZVKamzValWJbhl3OL0sCVtJ+0rJZ5mzcGloEdbhktQi1EVA1+t1lRiWJLHneVSrVSWCPc/j2LFjTE1Nve0Nq7D4FSks8y99fy3L6vq3JLXDsliOReZThLzjOGr+ZAwitOWYqtUqqVSKRCKh+ixv3ryZXC5HvV7npZdeUonh/v5+PM/D8zyy2SwDAwM8/fTTJBIJenp6GN88wR/9YKazH5Of+7GPvcffAo1Go9FoPqwY7VfQ+aohk8nwiU/cxZnTZzAMuOGGfep67UoVe0EAqVSSO++6g8nJKRzH4dpr9+DYFu0y0Vdi+eori7D8DX99u+UutB2NRqPRaDQazfpGC2CNRqPRrHtGBzM8eO9evvrYqwQYtAauJZifw/d9tm3bhu/71Go1BgcHOX36NACxWKyrpLAIQRGJkgQ1TVOlYKWcsJRbFvEJq6nXcEoYUElW27a7ykFD++ZMuKS09PY6t7+vyNN4PE61WlU/r1arXQnker1OMplUvXrPTRWXy2VSqRTNZrOrTLKkfsMi1TRNtV3pDSzpZknISqL33LFls1m1Tli4VyoV6vU6vu/j+74qv3zkyBGmpqa6UtNSWlnmQdLJkp4WsXxuqUGZExHMcl7DiZp4PK7GI6WkRdgXCgVSqRS+72PbtuoFPTw8zPLyMqZpMjk5ydDQEMlkkkKhQKXTl61UKqm+0I7j4Ps+y8vLZDIZPv3pT9Pb28v4+DiPPPIIB86uJjYevPc6Ng6mL8vvhkaj0Wg0Vy4mSv5q8QusijvLstl/ww3sv+EGkE7JV2xlX7muBQy4du+1XLv32vZ7AOgS0BfNxU7ZFfm50Gg0Go1Go9FcbrQA1mg0Gs1Hgl//2bv56mOvAvCt10r80u23MXt2hsXFRZWAFdFZrVYZHx+nVCopcSqpz1gsRqVSwbZt1RNYxKEIUemXK/1wRUpK6WQRlWH5Gu7/22w2CYKAaDRKo9HAcRwlPeU45AagpFVFGsdiMZViDfcOliSx9NKNx+NdUllKGBeLRTUXkUgE13VVz1vP84jFYtRqNSqVCpFIRJVRFukLdJWAtm1blZkWySoSNAgCCoWCEtGSiJUEcC6XI5fLqbRwuHSdHLdsR4SsCG/btlWyWkpxy7moVCpKGsu5E1F8bspbkLLQlmWpktfyWbEsi8XFRTUfqVSKXC7HVVddRT6fV4lrKXctZbWXl5fZvHkzlmXxyiuvsLKyAsD99z/A7/3DDHK37tf/0ScuzS+BRqPRaDQfAoKgCZgERgsIMIwAghYBTYKg00bDCELlbS0IDAwM2hb0fDsWLoUrnNuOA1qdOsWda5bAQCS08RbbRPYX2oc6itD+DMMgMNrLdu/L7EjbzvVGENrsBegWvatVYtZqgNvLt1O3hjq21RRud5ngVmgdupZZ287kMFf7FAcySCPo9AB+h20FtH8eOudBZ54NI1j9TGCofRmiloP2ehitzrrtc2rItxcaQvi0G6vXsqv9l8/ttyuv1nmrt9/ovrZ812ihq9FoNBqNRqNZA1oAazQajeYjwd5tI9y9fytPvHSSVmBST2xmaelVCoUCGzZsYG5uTqVbN2zYQDabVf1+M5kMuVwO13VVUrVSqRCPxzEMg1gsRj6fV+lekY6maZJKpVQqVyRg+EaRSEMpxxyWm61Wi2g02pVglVTxagLEUmJSUruA6nFbKpWU4JR9S69eEdPSE1h+3mq1qFQq9PT0qJSulK2WVK9I6XDJ5dWbYoHqGyxzIiWaJdEs5Z2ldHK9XqdarVIoFKjX6+TzecrlMnD+TVSgKyUtyxiGoUpey1xIKlrKb4t8FskbnhdJBotolxLSMr8ybjk/kUiEfD6vpH+xWCSVSnWdu2q1SqvVYvPmzZw9e1b1Wd6wYQNLS0sqDb2wsECtViMajXK6HKfZKgFw743b2bN1+JL/Pmg0Go1Gc+XSabHQMjEMkyAQnWeBYSmRp1xaEGAQtIXqW0Qjz5OxAUritfvSikC1aLUClpeXyefzOLbNpk1jmKZ13jY7Wz5/H4ZBs/PwYLlcxvd9qtUajc61nmWZJJNJ+np7cVwT8132Yw26pKlcV7LmbbUXMQmCjiSFzlx35jYICAKoVCpks1n1MF8mk6Gvr7erms3ajzl8uKui9GJGLudvVb4bGIbZ2b6h3q9Uq2SzK+paMplM0D/Qh2M7qKj0RUpU1Q4laNFoNMnnC5RLpfYDoEGA3Wkbk06nSSaTq2IdQx2uJJ51CWaNRqPRaDQazfuBFsAajUaj+cjwLx66iydeOgnAnzz2Jv/sY7uIRFx6enp46qmniMVizM/P43ke6XSaarXKAw88wKuvvkosFqNUKjEzM6NuJjUaDeLxOKVSSclZ13WVXLUsi0ql0pWIlZuMjuOoss2O47C8vKzKFksqNZ1Oq8Rq+GfhFLHrujiOg2VZ2Hb7P+uSvAVIJpNKwNZqta6vsVhMJXpFzEoKWdLN0WhUyV7TNCmXy+o93/eVOJVkrGEY1Go1JaZFuIZ7H1cqFdUrudlsKvHreR71ep1SqaRKL0t5bljtfRz+CqiUs/xbkr8yFhG/4bmRlHRYmMs5lXXr9boS81IOWlLZklgG1Jil/LeUyj506BADAwNEIhGSyaQS73KM0WhUPVSwmvqO8f8+M4/cIvwXX7zrMv02aDQajUZzZfJXf/X/US55FMsllpaWoa13+da3H+bRx76j0rhBx+N96ed+jtHRjUCzs4XuXrJh2fboo9/huR/+EMuy+Gf/9Mv09/cBFqZp88Pnnucf/uFRCqUiBAFXTWzmyz//ZVxXSlG/NUEQ4Hk+P/zh85w4Ocns7Jy6NpT9h68BAeLxGA/cfx8333wzlnXxMtD3ff7zV/+amZkZAB64/37279+nrv8uRBDA4uIiX/nKVygWy9x4443cf/99mGZ7PCsrKzz55FO8+uqreH5N1sIwAsbGxvjc5z7L6MaRizpmw2g/SPjNb36To8dOYNs2P/KjD3Dd3mux3layqyNWD0OeOTPNN77xDTzP4+abb+Kuu+4iEokABvl8kcefeIKXXnpJVZARETuxeTOf/exnGBoa7GjZNUSAjfC3BqVSmaeefobnn3+ectk/7xzL95FIBMexQ4Fsg0jE5cc+9Sl27bpaPYSp0Wg0Go1Go9FcTrQA1mg0Gs1Hhh+59Wp2jA9y7PQitaZJfHgn2alXGBwcZMeOHSwuLjI0NMTy8jJLS0vcd999HDlyhEOHDtHX10cul6NYLJJMJimXy7iuSy6XUykISZRKKlbkoUhBScQCqoR0qVRSQtOyLCKRiEqrSulpSazKNsPpXyFcXjrcZ1b2ExaPIjkbjQbFYlElc6PRqDqOcKliueEmJZYLhYIqgSzjk/FLOrZSqSgBLP1zq9Uqvu9TLpdV6lkStoVCgXK5rPbjOI4SvyJqVdm/zjKSqA4neWXeEomESlfLtqRfcViyS79gGWf4PRmj7FP6GksPZOn/LClm6WVsWZaS1ysrKzSbTbLZLGNjYxQKBarVKidOnMAwDJUEvuaaa5idnaV3Yh8Hz7TP1TVbhrjvpu2X9XdCo9FoNJorjdcOHiKgnZ0UgiCgWq122jjQ/mnnx62gXSr6nRABW61WOy0+AvLFMulMLy+/9DxPPf0MS4vLtELlhBOdh+jeZoudr+1lq9Uazz33HCsrOVBJ2vC+u5PInufzt//l7zhz5gw//uM/RjKZuKg5aktnj2KxCECjUVfXmGvBMAyarYBSyadYLFMslmk0W8zNzPLD557j9cNH8MpeeI3Ofg2mp8/y9a9/gwcf/DxDGzac1zbjQvh+lVLJaz9sV2uocs1rOeb2NV9Aqdw+7lyuSK3WYHFpmR8+9wKvHjyoHtBrrwPyWXlz6hR/9ZX/zOc//9OMb9q05uOVNPTRo8f49sOPMD+/0Hn4UI67O5UsDwRWq6vXrqZp4Lq9RKMRLX41Go1Go9FoNO8bWgBrNBqN5iPFb/zju/nS7/41AP/pybP8/udv5LXXXmPjxo309vby6KOPUiqVaDQaPP3007RaLTKZDJ7n4bqu6rcrEtCyLHzfV2WWwyWCpXyy3DwU0dvX10ej0cDzPJWglRRrPB5XZZ5931c9fUXcwmrKQPoEm6apjqtSqahjCyeGpSeuyGEp8xxOIJRKJeLxOIAS2dDuH+z7vkobB0FAIpGg0WioVKvIYhHC4dLMUoI5FotRLpeVgBbxKvMdFunSI1lEsWxLtisiPJwEDo+zVqsRj8fVPMlLzots3zAMNf+SDA5Lc1lH/m3btkoBixyWNK8Iad/31RhrtRqpVArf92m1WiSTSTZs2EAul2NkZIR6vc7w8DD9/f3cfffd/PbfziN94379Z+++tB9+jUaj0Wg+BAwMDADQDFrk83l1PZNIJIjFIl3LBkGAbdmsraErHSPY7sl76tQZvv2tRzh16pS6vpAH11zXpr+/7wLp3KDzal8HZNIZfL+C7dikUynSmQypVIpYLKauDxcWFjh16jSe59NqBRx89TV27NjBvn3XrVmEriLJ5OAC+vvtMNQIiqUi3/ve93jmmWfxvAqmaeC4Lhs3jjA+Pk6r1eL48eMsLi7TagVMT5/lpRdf4r777u2kby9+391fL4QcqfRL7ly7lss89fTT/OAHP6BSqWKa7TLMw8MbGB0dxbZtjh8/ztzcAq1WwPz8Aq+99jpjo6NrKmMt14HlcpnHn3iC2dk5AOLxBHuv3c2uXbvo6+tTlXHOzs5y4MCrTE1N0Wi0Hwq87fZbuf/+e4m47mqPYi2BNRqNRqPRaDTvA1oAazQajeYjxUMP7OPX//23WFwps5ivYKXHWFl5SqU+w+WNC4UCQRCQTCZV6kSkoWEYeJ6HaZrE4/EuSSkvKYMMqMRpvV5XpZINwyCTyVCv17FtW5VCFqkpklISxbKdcBJWSj9LWjWVSnVJSzmGc/sTe56njlteMibHcXBdF8/ziEQiqqSxCE1JPkciESVT5Wuj0egqJS39feV9ueFVq9VUSlgkuAhySdvKDd+w+A7PcXg+RM6KyAVU6b9wKWg5FhHfIsMjkQi1Wk0dg8j8cJpb5He9XgdQ4j8ajTI0NMT8/DyNRgPXdYG2OI/FYlSrVRqNBhs3bsRxHEZHR0kkEkxMTNDX18epU6fo6+ujGR+mUJkFYGQgzYP3Xne5fg00Go1Go7li+bVf+1UCAsqexx//8Z8wN9dujXD//fdxyy030eXOOk5wzRoxCDqrBDz6D4922j5YbNu2jb3XXsP4+Di9vb24EZF176RWpXcuRKMRfu5L/wTLsjulf41zFpPeurC0uMTXvvbXnDkzTb3RYHLyTfbsuQa3067i/WN1bMeOHefoG0eBFiMjw9x4443s3r2Lvt4eNRbP8/n6N/6G118/TBDA6dPTVKvVVQEcDkW/I+9WfkoHXflfg2PHjvPGG28QtFqMjIzwsf37ueaa3Z3S3u1zUygU+eY3/5bXDx8hCAIWF5aoVGokErEL77HTc3h2bp6lpSwAG0eG+cmf/DQTExOYphFaLmB0bJR911/Pc8/9rC8TGQAAIABJREFUkMe+8x18v8L0mWmKhQKR/oHVDYdbOGs0Go1Go9FoNJcJLYA1Go1G85HCtkx+5Qt38j/+h4cB+JU//h7/zc1jzM6eZXp6mrm5OSzLYteuXbz22mv4vk+xWKRarSqhKuWfRWh6nqdEoCQ9w6kCkadStlhksfSZlTLI4dStCM1araaEo7wfLiFYqVRIp9Nqn61WSwlISdL29fWxvLysJLH0Dg6Xl5ZErkhUSeRWKhUlaGW/Mp5wyWURrCJtw6I1PA/tsostdZznlisU6S3COizR5ecigGWcktyVbfm+rwRvpVJRaR5YTRGL3JVy2yJ/pQy2iGkRuLVajVqtpkRxMplU5zsIAmZnZ4lEIurY5fgk5ey6Llu3bqXZbPLqq6/S29vLgQMH2Lp1K47jUCyW+KOnDqpx/soX7sS21l7KUaPRaDSadYMRdPK8YslWRet5Od+LlGihrdHqSMPP/NRPMjExjqhFJW+Nd9pB9/umaRCPv51QDLq+Dg4OcMMN+5g5e5ZGo8nCgjxAdrECePV68N24xPBctlotIo7LHXfexic+cSeu63Y9eAcQjUaZ2LyZN944SqPRxK9UqNUaXRVa3nZHXf+WNO9FHGhXM95ASfVms0ksEuGWW2/mzjvvJJmMq5LbQiqVZNu2rZw4cRK/UsGv+DQadeDCAljGvjA/r9qAbN++lc2bN3XS4as7Mtp1vnEcm927d/HyKweYnp4mm81RLnkM9Msyax+6RqPRaDQajUbzXtACWKPRaDQfOf67z93GH331GeaWi+S9Jm+W0izPzDA/P8/g4CCLi4vkcjlarRZDQ0MsLi6qtKiIwlwup8oHi4Asl8tKropklARsuOdsOC0MKFmZTCaBVakr2wwvLyJTEruybzkWkaqy/0ajQT6fJxKJKOkpxyiliqXv8FsJVxHOYaEbLm0tvYlFoob7IMv68r1IZTm+8Bjk+GUscpyNRkOlcM9NP4eT03Issh3LsqjVaiQSqz31Go2GSujKNqX/cb1ex3EcSqUSmUyGarWqRHi47LSUshYpLynonp4eJdGlRzS0b5aKVH/ppZfYt28ffX19FAoFSqUSnudx1VVX0ezdRd7LAzDcn+K//eytl/pjr9FoNBqNJsT27dt46KEvEI1GkfYLl49w5DMgnU52ri8CqtVa18N9HwSpVJIHf+Zn2LZti0q1nou0/Oj6+QecYo1EXH76sz/Nnj3XYFnGW86jlA+3bKsthkOVZNZKrVZT16LxRAJLlR1/axzXJRptJ6NbrRb1RvNtl9VoNBqNRqPRaC4XOlqi0Wg0mo8c8ajDv/nvf0z9+69fyDM0Mobv+0xOTuJ5HsViUSU4h4aGupKzcgMsk8l0lSJOJpNKcEpKVUSsbCucBm40GsRiMVVmWUomG4ah5KD09pU0b3h/YTEsx9VsNtU+HcchlUphWZbqP+c4jjrGVCqlhHI8HlfLiNQWmSz7l9LKMheAksXVarVrzJKilfflWEUO12o1JYTD0jY81kajocpEC7J9SQhLaWYR1EEQ0Gg0VDlvSVfL3MfjcZW2DqeGRWxLWjidTiuBLxLe6ZRmrNfrVCoVlQru7e1VvZ1lu729vUQiEZrNJplMpn3j0bJIJBKkUik13mQySf+GEb72Qk6N8f/65Z8g4upn9DQajUajuZy4rtN+CI1APej3bnuzhluAtFrta5FGs9l5tWg0AxrNFs3OKwhWe+C217t041o7q+WLXTdC/0B/V4sMtZSam3bS2ex8r4LSH2A/W9t26OnJYFnGO55DGRcQKsl9YWSVdlnv9nmuVmqqUkxYJIe/bzYa1Go1tW97Df2GNRqNRqPRaDSaS42+u6jRaDSajyRfeGAf/+6vn+X5w2cAg+ONqxgdneTMmTNUq1Xy+Ty1Wo3Nmzdz6tQpHMehUCh0CdFwyWTHcTAMg0gk0iU/wz12pQewCOBIJEK5XCYWiylxG+5FW6/XVR9boEuuyk0skaHyvcjZIAiUsOzp6VFJWcdxiMViVCoVKpUKmUyGWq2mjkn2LYTFs6RqoZ2mlUSxSFOR2tDuPyzjDyeFRVIDas5kXdmfbN80TSqVStf7gOrzK9sNl6CW5UQgA8RiMVqtFsVikUajQSKRUFJYlmk2m0rYApRKJVWOWuZU5kZkveu6NJtNfN8nmUwyPz/P1VdfzeDgIKdPn2ZkZITJyUlVRtv3fU6cOMHQ0BDxeFwJ7ydPR4H2ef743s18/p697/nzrdFoNBqN5kIEYLTAMHkvUVYRf7VajddfP8zkm6coFotdD7Ct9gBuXwsViyUaV0QqdDWVvPr6MDWnvchy0he79U4f6L6+3s51cp2Tk5MsLOxlZGS4s8zqdbl8FiYnJ8kuLwOQSaeJxxNvtXmNRqPRaDQajeayogWwRqPRaD6y/Mdf/2n2/+M/AuCFyRK/dM99lB75Jr7vq76vp0+fVklUSauKuBMBGYlElJitVqvYtq2SAWGh2mw21TZEHItQlW05jqOWk4SrlEoOp3/PvdkksjecfAiL1mg0SiKRYGlpSYlgWC2LHO5RLPsXkS0vQMlqka3R/5+9+46Tqy73B/45Z2ZOmbY9m153E9IDJEACgQQihCodKSpNAbEgKshVuSoo+kNRAVFAFC6doPQqkNACAQJJSO9907ZPL+f8/pg83z2Tuunt8/Y1d3dnTp953Qzzmed5LEsdp4TjEr5KUCrhr7elsuxfrqMcuwTBsn1vAC7nKo9JBbHME5ZAVioy5JqmUin1vBmGof6WZfL5vAqJ/X4/Ghsb1e9SNQ20td2Wc5CW1/l8HuvWrUNlZSVKSkqwZs0aFd536NBBLbthwwbEYjE0NTUhm82irKwM3fsdjjc+Tm88Zw0P3nL+7nuBExER0TZsDDpV5ukW39/erWgakskUJkyYgJkzZ8Px5JGa+r+eStEt3LdPHPCzaPds+AtgY9Uv0LlLF5SXlyMeX4lly5bhyaeewoljx6K2thb+gB8aAMd1kYgn8OmnU/Hxxx8hFk9A133o0bMnSktL9mmlNBEREREdmhgAExHRIWtY38645pxjcP9zHwMAHvkohq8OG4bXX3sNlmWhurpazckF2sLHVCqlAlwJOL1VwbK8YRgAoIJPCU8l1DUMA4FAof1gMplUAbLswzCMzVor+/1+NVPYMAy4rltUhSyBtNxnmm3zx1zXRTAYVPu2bRvJZFJVt0q1rlTlSkWyzLuV85KQFkBRIA60Bbc+nw+WZSGTySCdTqvzDgQCKsj2+/3qJqRFtgTG0hLbSx6TCl2pnpZZwNlsVrXc9l5L2b5lWYjFYgiHw6rFtLTblmtmGIYK7y3LwoYNG2BZFgzDQEtLC0pLS1XYL62jTdPEokWLcMYZZ2Dq1Kloaiq0dR4yZAhSqRSOP/54VFdX45NPPoFt2ygvr8CjM9rO6zvnjcRhPTvs6suaiIiI2knbLD/c8QpY19Xw4YeTMWfufDhuoT1yVVUlOnashhEwNm6ysCNd1+BCR2NjMxYvXqRGZOwT2qYB6j48lp2ieW57cC8aEI1EMOqYkXi96Q00t7agrm4dHn/iafX+Tzr3SFcdOb5u3bpixPDDYZqB4sMmIiIiItoLGAATEdEh7TfXjsfTb01HU2sSjQkHKbsbunTpgg4dOiASiWDRokWqtXEoFEIqlYJlWQCgZvVKaAoAlmWpgHjT4Fjm9kplMNDWKllCTAk0dV1HPp9X821l+xLG+v1+dOnSRVXZAlAzbiXQjUajReG0VAJL4Cn7kcpfafEsVa1SKSwhslQlSxgtFbhynLlcrig4lUBW7gOgAmfZn5yzhLlynt5w3dv6WvYvIbC0gs5ms5v91HVdHbsEuQCKgmIA6joEAgEkk0kVQMt5xeNx9bjMgZYqYgn9XddFU1MTSktLMXfuXAQCAZSVlaG6uhrz589HRUUF5s6diw0bNuCYY47BkiVLkAr1QH1sJQCgJGzh9mvH76mXOREREe0hsVgM06ZNQzZbeN83ePBgXHjh+TDMADS3EFBqmsyLdQFNx8yZs7Fs2dJ9GwDTdslYX13XccSRhyMeT+C/b78Fx8lD03T1nhpwoUGDpmswTQPBoIVBgwbjhBNOQEk0sk/PgYiIiIgOXQyAiYjokFYWtXHbNafge394HgDw1GdxfGv40bAMHyZPnoxoNIpVq1ap1sxSxRoKheC6rpqlK22ULctSywJt7Zplvqz3MZkhLCEtADXTdmstn+XWuXNnFUhK6BkKhVSlsYSdJSUl6tikwtdxHJSUlCAejyMejxftR0LefD6P8vJypNNpNbdY9i0hrGmaKhgHoOYfS3jtncfr8/mQSCRU6CttlWV/sn8Jn73tqOUxCYml6lmul7dNs2EY0DRN7SuZTKpZxZlMRlXsRiIRFdBLsC+trwGo/fv9fqRSKZimiWQyqWY3JxIJtS+p1JaK5dmzZ6Nfv35YsmQJmpqaYNs2WltbVUvquro6dOzSDbe+sEq9Dn//3dMRCZq78ZVNRER04Nu8a+7+N6M2k8lsDAEL72v6HdYPhuGH5joorlAthL0uHOyN9sW0O7lYsngZPvnkE2iahpNPPgXdunZW/w1Q+JKirv4boaysFKFQCIW39/vfa5aIiIiIDg0MgImI6JB33bnH4L5nJ2PO0nUANExcVYrKDe+gsbERPp8P4XAYmqahtbUV5eXlyOfzyOVyyGQysG0bZWVlaGpqUu2OhQS00o7ZcRxks1nVajifzxdV3Pp8vqJlvcGstw1yNBpFRUWFCmoNw4Cu63BdF7ZtF7VllpBZQlIJiDVNQyQSUZWw0ura7/cjk8nANE0VfMq+pVrXW8ksFbYSbGuaBtu2i2YhS/gsM4NlOb/fr44FgJq7HAgEkMlkitroeecdb+maSjWwVPd6K4pDoZAKp+UcpeJGriEA1b7bO9/Ye+3l+fH7/ap9t1RBy5zfbDYL27axcuVKJJNJmKaJsWPH4r///a+aHRyNRjGxToOzcUjg4D4dcfVZI/bIa5uIiOhAJ1+Ec/fTvLTQNcTZ+GU1DZZpFqpBNQCuLksVfbmPgeCBQWYAO46DxUsWY/2G9SgtK0P37t3Qu1fPouUKvC9S13Pj801EREREe5++/UWIiIgObpqm4dFfXoyAv1D9uXBdBka3o5HNZtHS0oJoNKqqPTVNQ0VFhQptXddFIpFQgaLjOAiFQujUqZOqkJVZulLlK8GvBJQShpqmCdM01ZxcqXqV7QKFit6BAweitLQUuq6rxxOJBHK5HILBIPx+v3pMQmj5Kcfh8/kQCARg2zb8fj/Ky8sRDofVjFzvtbFtG67rqhDZMAyYpoloNIpgMAjLstTcYQlvJaiV9tYAVLtqbztqqYCWSt22D3ldNf8YKJ77K9dQWi9rmoZwOKyCWNM01Xnpuo5YLKZCY13X1exfqWSWQFraO8u84JaWFiSTSVXZK4GvtJeW/UsgDBSqgOLxOJqampDL5RCLxTBx4kTYto14PI7ly5ej0eyDqQvWAQACfh8e//Ulm805JiIiojbF4en+Rd7Lua4LuIDrAIAG1/X+2y6VwDpSyTTmzp2LfJ7tn/d38pJzXSCdKnzJs7W1FbNmzUIs1orikHfToLfwfPNjNyIiIiLaV1gBTEREBODwfp3xu+tPw4/+8hIA4L1lAZxx9BgsmzcN9fX1Kgh0XRf19fUwTRPZbBapVArpdBrBYBDJZBLhcBiWZaG5uVkFrrFYTFWqyoeXgUBAtT+WilMJAaW9sTcM1XUd3bt3R4cOHRAMBtU8XBEKhVQ1q1Svyn5kn5ZlqfnD0g7aW2Hr8/lgWZZqKS1tkGX/EgJ75/ZKW2tpjS0VrlIhHQ6Hkc1mkclkkEwmVUgrVdSu66rwVMJy2Z834AWgzkOqezedB+ydtSzrWZYFx3FQX1+PYDCoKnwNw1BV2HJt5Ly95yn7lrm/0kJbKpsDgQBSqZSqQJbAPB6Po7S0FOl0GnV1dQgGgzAMA6NOPB3//LBOPW9//MEZGNi7ene/nImIiA54mqZD1wv/LmvQsGH9BjgOoOvesE3CNWcHvkylYcvtl73tmrencAwuAM2nI2AEgHjhC3tNTQ1wnHzhvdPGts9wC+9z1m+ox4svvoKFixfDdQrnBXdrx9OO83B35Qtkm67bjm25G6+5qxXGGXsPe6ure4PuTSugdyXU17Djz9kO7mHjU6PrOqLRKHw+P7K5HN57/wN8PGUKOlZ3RLduXdGjRw907NgRoVAQAb8ffr8Pfr9vs9ckv/BHRERERHsTA2AiIqKNbvjacXh18hy8/elCAMDbazrhq4McLF2yCD6fD8FgEABUxayEjwBUiJnNZpFIJJBKpQAUKkKBtgpeCT+DwWBRGApAzYj1tnSWNsu9e/dGjx49kMvlEI1GVTgqbYslEJbq2nQ6DcuyVGAplcESgMqyMrNYtuetGE6lUqo6WSprpfpVAla/369CUwAquJV9SFgq+zMMA/l8Xj0u180wjKKWz1IlLaGubNtL2lXL9ZXwNxaLqZA6nU7DNE3VnlvCde/MYAmUZb/S+tkbcEtoLmGzbdtqNrL32ktQLDOfbdtW59Wla3c8Pq3tg79TR/bD9eeP2tWXLRER0UHJ7/chGo1i1arVAFzMmDEDlVWV6NKlM/y+wnuCcDiCaDSyhVnB27J7K4lDoSAqKyvR1NSCvJPHlE8+QWlpKWpqaxDwB1DfUI9ly5Zh3rx5WLJkKRLxOCoqKpGIJ5BMpTZJUXfULswSdoHNK1a3cyF3Kr/c2YB7e9xNfrbnOLb0+zb2sPEaaRowcOAALFi4EPMXLEDecZBOpbFs2TIsX74cH344WX2RMhIJIxIJoaysDLU1NTisf39YptH+0yIiIiIi2k0YABMREXk88etLMOTSu7C2IYZkxsF8px98+fkIhUKor69HVVUVOnbsiFmzZqkQsLq6GplMBsFgEOvWrVMzb6Wq1DRNxONxAIBpmjAMQ4Wx3kreXC6nKkn9fj+y2Syi0SiOPPJIVFZWAoDant/vRzKZVKFnOp1WwbDP50MoFAIA1bZYAlKpOPbO4TUMA9lsVs3xlSBa5v/mcjlV5SptoAEUBaXSSlnWl/OQ45HlpNVzMBhUxy6zggGo8/L5fEgkEgCgwmZvyCz7k1BYwmLDMGDbNlKpFILBIOLxuKrklfBbtiGBsDfcBQrttHVdVxXTcu2y2SwikYj62zAMVVEt23QcRx0LABX2G4aBNZGjkI4Vlq0uD+OxX128p17GREREB7xAIICBA/pj3ry5cBygqbkZzz33PCTw0+Bi6NChuOSS9v17Wvi32Rsa7nooqQEw/H4ce+worFy5EslkGuvX1+Oxx59sW8bzHsbv03HYYYdh/PjxmPDsv7Fy5cpdOA53F7NVb4eV9lbSuup/O7qfLc/H3THuZn9tfxuui0I7bu+tnaRi13EctMZiSKcz0DQgZFvw+wodcHK5HHK5HPL5PGLxOGLxONasKaz/6aefo3//fjjrzDNQXl6+g19UICIiIiLaNQyAiYiIPCpLQ3jq9ssw9jt/BwB8vqQF5w0dhzmTX0A+n1dzYQOBABoaGhCJRNDS0gJN01SVqYR+UlmbyWTUbN9N2xlLACzhobfqt6amBjU1NTAMA6WlpUgmk2r+LgA0NTWpbXrbMMtNKnktyyqaCey6LlKplFo3FoshFAqpilap4NU0TVWzRqNRFfBmMhkV5spcXwl+JfCVc5PK2nQ6rR6TUNq2bXXdvG2hgbYK4E2vl1Qie0Ntb8tq2ZeEylIFHQwGkc1m1dxl+aAuHo/DMAxVNS37kA/0vHOCTdOE4zhFIa93hrO0pZYgXo4tk8mg91Fn4pU5GbX9Z377dZRG7D37YiYiIjpgFcK9w48YiuUrluOzz77Y+J5C3g8Ufl23bh1yuRwCgfZ9tFFoJ72jAea26ABc9O1bi7FjxuCdiRORSqXhDVNln507d8aoUaMwaFB/+H1+2LYF7HAVq1fx/Fl5D9meNsOFzHeTQFYF5Ntb3wXgYOPI43Zqa9e8eRC/g1xvmN/eINmBC2fj875j+3QcF7NmzcHLL7+CxoZGdO/ZA6efdhoqKyuRSqUQj8cRj8fR2tqKxqYmrF+/DqtWrUZjYyMcx8WcOXNRWlKC0047DZbFSmAiIiIi2nsYABMREW3i+MN74ZZvjsUdj0wEAPx7RhaXHT0aX3zygQodLctCU1MTEomEmvcqVb4yW1cCWWlzLMGjfDAnVbYAVDDpnW/bv39/lJaWqhBTKn+lxbEEnhLuSngbDofVMfr9fhUO27atjl8CT03TVLVwIpFAJBJBLBZDKpVCPp9XFbmRSASpVEodSzqdVtW0EnpLOJ1KpVQ1hITa3vm+Qtd11V46m82qa6LrOnK5HJLJ5BZnAMuyEszKdZNrZ9s2fD4fksmkCnMty1LX21uprGkaysrKEI/H1Qencp3k+dp0XrOE14lEAoFAAKZpFlX8SjW4LHvE0aMxYU7b/LtfXHkSjhvac7e+ZomIiA4+hdEU55xzNvrW1uKTTz5Fa2sLgMIIi/LycvTq1Wu7VZXeL5H17VsLc2OHj+oOHTYbL9H+Q2urmNU0DQG/H2PHnoBBgwbgo4+mYOnSpchms/D7DHTsWI2hwwahpqYPAgFDfUHu6KOOQo+ePRAJhVR3lfYKBAIYPnw4amtroMFF165dd2h9TSu0rh49+lik0mmEQjbsoLnda9mpUyeMGXMC8nkHkXAEwaC9A6GzC92nY8jQIejUqTN8Pj86d+mM9pbFyvNYUlqC448fjUw2AyNgoKSkZHtrokN1FY4//jhkMlmUlZXCsky0J+x2XaChoQHvvvseGhoaEAqGMeaE49GjRzfoOhAO26isLFPbkoLsTDaHjz76GG+99RZSyTQWL1qKxsZGdOpU3a5zJSIiIiLaHTTX+0ksERERAQByeQejv30fPpm9AgAQsXQcbU7HiuVLi+bhOo6D5uZmVFVVoa6uDgCKqnmBttZ/cpNw0VspKx9AeoPHsWPHolOnTohEIqrC1HVdJBIJZDIZ1NfXo6GhAbZtIxQKIRqNqvnE0gpZQlZv5a1lWQCAZDJZ+HByYxvkRCKhqnhlhnEqlVLbkKpZaY0sAbH3vORDwHw+j1gshnw+j3Q6DcdxkEwmARTaPEsrbAmkU6kUXNdFa2srYrEYGhsbMX36dHXtvD/9fr8KvOWayXX2VuLK7GMJoGU5CbNTqZRaTs7RMAwVSHvDcgmY4/G4CoNd10VJSYlqAy2hv2maCAaDyOVy6NipC2YFjkVrqrDvEQO6YfKD10PX2QOQiIgOPfLeSN4zSGcN+XJWPp+HbdsoVLRuXMnTQbjwhTIdPp/u+YJY4cGthZDe92MbN4O2X9oXXm6+Uc/vWtt+Cu9XANctnJNP90HTdWiygvcYPPnjjh7BZh/ieD7W2ZHzUd2fUSjnLay67euoAlvPhWxvAFy0vke7mk9vZf3t1ivL89J2j2ed7QXALubOnY9nnnkWrbEYunTpjMsuvRhVVZUbtyvLFW/XBbB+QwOeeuoZrFi2ApGSKC668Hz061e73fMkot1Dxgp5v8grXa7kv7136v//ExER7WUtLS0AgGnTprV7nWHDhgEo9CsiIiKiTfh9Op757WUIBwsVuq0pB186Q9G1azdYlqUqT6WV8oYNG4paOXvDQ7nfG2TKf4jKdrwkyNywYQPKy8th2zZs21ZtpIPBICzLgm3bqsLX2945m80iGAyqyldZToJXCS9DoZAKlw3DUMGuHK9pmqpNs4S9tl2o9JAW1xLwSuWutwW1VLNkMhlks1n1Qa/sX2b2yrWSil2p3gWKW2VLu2X5W66fVPICbTOW5RpKaC3nKHOBpd1zJBLZrII3lUohkUio0DibzaoKZgmKXdeF3+9HS0uLqpiWltrS/rmiohKLrJEq/C0JW3j2jq8z/CUiItouTf27r/63ceSF3+8reu+kadv+EN/7/qGw5Y237ay3ncPbbGyubEvT0PYFMp9eCAkLOyteXWv/5N1t7V5D2znu6Pm0HYOsu/3rWHz92n8NN1sfO3b+W1u/PeuhaJ0d23Mmk0Fu45cOfT4f9I3vY9uulxyXXrTNgN8Pv08HNG3jFwJy7TxTIiIiIqLdgwEwERHRVnSrLsVzv/8GfL7CP5drWx2sCB0N2w4imUyiqakJuVxOVYsCbRUt3ipVb+WqzPeVUNXb9hkADMOAruvw+XxYuXIlbNtGJBJBMBhERUWFqvaVVsfRaFSFptlsFtFoVFXSeufzSsgpAbS0k/b7/bAsS7WqluOWoFiCU2mr7A1FAajKYm8o6rquClh1XYdhGKrK2dsOW0JxqZyViuh8Po9EIrH5B7Ybz9M7L9hbeQxAzRCW9tsyx1faYEvral3XEQ6HYRhtrQNd11WhtYTfsk1d19XsY+9sYAn7I5EIfD6fCtVLSkrR2uUUrC90BUfA78OLf7gCXTtsr00hEREREe0v/AG/+m+BWCyOeCy+5UnCKhUvBMGNjY1oaY3DhatGuRARERER7U0MgImIiLbhxOE1ePxXF6u/569JI91lDDRNQzqdVtWh0r7QyzsTTQJgmdsrgahU70r4Ksv6fD60tLSgrq4Omqap6txgMKjm5kqQaZqmCo0dx0E0GkUwGNxs5q58+CQhpgSvmUxGzb6VMFjCWaCtpbWExd6qXakqlu2nUilks1l1LWQfEvRKJa1t26pSVyqbJfD1+/0qAJbrJNfRcRwV/MqxeKuC8/m8mn8sv+fzedUCTI7de26maRZVRsv9UmXsrfyV0FgCc/ndWyVcVVWFXPeTMH9NWl37Z357Gef+EhERER1QNJRESxAOh6FpGpqbm/HRxx9j7dp1G0eyFN7/5XJ55HJ5ZDJ5xONJrFq9Bh98OBkNDfUAgFAohHAkso/PhYiIiIgONf59fQBERET7uwtOGoJlaxpx872vAgA+X57BcUecg5ZJjxTN7vVXAVRaAAAgAElEQVT7/aqq1zsPV0JMb5WrtID2Vg9bloVsNqtmABuGgRkzZqC2tlYFkel0WrVizuVym7VkllDU28pZWkNnMhkV8CaTSXWfpmkwDAOZTAYAilo3e49btplMJlXLYzk3n8+HTCaj2i4DUDN2ZdsSQEsFdDqdRj6fV/uTit1UKoV0Or3Z7F9pGy3hbCqVKpqNLM+DtJuWYDmdTkPTNDXjWCp64/E4AoGAOm9pZy2Vz7KcXAvZj/eaSjtKmZWcTqfh73E8pizNqtfP3T/6Ks4aPWDPvUCJiIiIaLfTNKCqqhJ9+9Ziw/p65PI5TJ06FXPmzEFpaRlM09r4Hr2wfC6bQyqdQnNzE+LxBFxXg6bpqKmpUR1niIiIiIj2FgbARERE7fDjS0/AsrpG3PfvjwAAHyx1cfJXvo7PXvtXUatlCQWl8lTCUamI9YaV3tBS5ulKZS0AZLNZLF26tGimsFTDmqaJdDqNdDqtWjBLsJrNZlWlgoTRuq6jrKxMBZwy21fXdWSzWSQSCRUmS6WuBK1yLhKeytxhaRct2zEMQ4W+UoGbTCZVhTHgnY+nFYW5cpPr4a2mNk1THZP3ugFQ1cBS/ezdjzwfErSHw2EVBpeXl6OlpUVdP+85yLlKG2t53LIsZDIZ1U5a2nVns1mUlZWhpaUF/UZfiElL247vpsvG4PrzR+3OlyIRERER7QWuWxjPMuaEMWhpbsGcuXORTqcRi8URiyU2W15zNbhwC12gAZimgYEDB2DUqFEwN45BISIiIiLaWxgAExERtdPdP/oq1jXG8Ow7XwIA3lygYfy48/DZO8+pcHZrISQA1XpZwkYAqlK10D4up5aRcDSRSGD58uUYNGiQus+yLCQSCZimiUSi8OGTtI+WINhxHNU2OpVKqXVCoRAAqCpZafccDAbR1NQEAOoYg8Ggam0swbAcu4SgUq0sAbYEp/l8HrZtq/WlUlfOWaqlAajwVsJZuRZyDb1zeyXQlusp5HFvuC7HKL+nUil1/BJUe89NnotsNqsqseWnrCNVvnJs0jq6tbUVQ447Ha8vDahjuvSUw3HH9afuvhcgEREREe012sZJv5FwEOeddzZWrlyFRYsWY/mKFWhoaEQsFldda+SLhOFwCBXl5ejevSt69eqF7t27wbKsfXwmRERERHQoYgBMRETUTpqm4fFfX4L65n9g4tRFAIDXl5bgjJMvwMdvTlCVvt6gUloFS1gqLaA3nW/rDTMBqOVc18UXX3yBoUOHqjASAILBIFpbW2HbNlKpFPL5fNEsW2n/LHN7XddVc39lzq4Eva7rIp1Ow7IspFIpVV2cy+WKQlI5HjkGaQvtDbNlzrFUJ8u5ec9fti/XJp/Pq8A4Ho8jm21rn7xptbS3JbS0X85ms2ofEuRKNbK0lZblpQI6lUoVzTK2LEsF8BLIS5WvPKeynHc/ra2tcBwHw0afideXtrX2G3tkH/zrFxfu3hcgERHRIYBhGe2P7KCNsrIyDB48aF8fChG1QzKZ3NeHQEREtM/p21+EiIiIhN+n44U7L8fA3tXqvpcXhjD0pEuQzWbVrF6pepWwVCp7JXD0tjyWYFdCY6mIlfbRs2fPRmNjo9qOLB+NRmFZFoLBICzLgm3bCAQCCAaDCIfDRS2aZT6wBKUy09bbclqCYfkpVbqyjGmaMAxDhbD5fB5+v1+Fzd5KZ9mmtE+W8FeOw9s2W9aRal3vXORNA2AJnOW8ZIaxhMiyD+/84lAoBNu21exkWV+ugcwdzmQyiMfjAKACa7lW6XQaqVQKra2tat/ZbBaGYeDwr1yGt1ZVqNfDsL6d8cKdl8Pn49ssIiIiIiIiIiIi2vv4ySQREdEOCtkG3r73Ggzu01Hd9/YSA4NO+gYsy1IBKgAVfnrbJ0vw6A1PpcrW2/5ZKk9zuRxmzJihwlOgEFAGg0G4rotIJAIARUGsVOfKvF6pWpXKXglovVW8Ulnruq6aCWwYhvqZyWQAQFUVS6tpOY9wOKwqlwGo/QKF+Wne8FZCbsMwVNgs97W0tBRdb+/MXy8JfSWklustwXQ2m0Umk0FjYyMSiQQSiQQcx1FBuVRoBwIBGIahfpdQWq53MBhUAbbjOEilUqpddO3xl+G/i9oaqgyt7YQ37/4WQjbnvBEREREREREREdG+wQCYiIhoJ1SVhfDe/dfh6IHd1X2TluioHvE1lJaWIhAozIKVqlYJZyX0BFBUBSyVwxKUSgUqAJimidmzZyMej8N1XYRCIZimqVo8S8tj27ZVG2iZ6wtABawyC1f2K/sOBAJoampCJpNRs3HLy8uLWkTLbGGgbUawrJvP55HJZBCLxVTAnc/n1ZxhqSAOBoOqglgqdCW8lXBc2lF7W0Z7Q225phKySzWud305Z5lvLJW8paWlm103aXMty6RSKfj9foTDYRUme58rmRFsWRaqhl+IiQtz6vkfMaAb3v37dagoCe6BVxwRERERERERERFR+zAAJiIi2knRkIW3//ptjB/ZT9336QoHvn5nIxQKF1XVZrPZovnAQFsFqzcklUpdaSMtgWZdXZ0KVaUds6ZpKpCMRqMACoGshKYA1L4kBJYqXgmm4/E4UqkUotGoCpalHbLsW/YlVboSLEvo6p03nMlkVKtrbwUy0DYjWNpcS7tpmcUrJISW45R9yfWT8DadTqtrLO2sJbBOJpOqOlmOP5lMIpPJIJPJIJlMwjAMFbhLmGwYRlF1tFRrewPmqg4dEDniUny+SlPH/JWjajHxvmsQCZq77fVFREREREREREREtDMYABMREe0C2wzghTsvx/knDlb3zV6TR7r3Waju2EkFklKNumnVqVS2SgUqgKJZwFJ52traiqlTp6qQWMJfqfqVymIJVn0+n5qHKyGzz+dTFa35fF4FzD6fD5ZlqSA0FAqpoNVxHNVKWUJWCWKljbJU4G56LnLs3jbSEoRLSCzHZJqmCpylAtg791cCYW/bZ7lP9uGdNWzbdtEcYbkO3msjIXs+n1dtp2XGci6Xg23bRXOTNU1Dp85d4Pa7CHPXtgXWF40bipfvuhK2GdiTLzUiIiIiIiIiIiKidmEATEREtIv8Ph1P3X4prj33GHXf0noHy0tOwpAjjlKtjmUGrlSzShCczWZV4ClhqMwQlupawzDw6quvqlBWbjKLVwJVTdPULFtZV26u66oZxdIKGii0dE4kEipUzefzqhJWZvTKerlcTrV4luWlIlfm7qbT6aL2zbJNn8+HUCi0WeWwzNaVSuFcrq2tsoS63grhTR+TfUlrbb/fj1wuh0AgANu2i4LiRCKBdDqtjldCdgmFJTTXNA3Nzc1qWcdxcOTRx2Ft9elY1tB2fFefdRQe//XF8Pv4loqIiIiIiIiIiIj2D/y0koiIaDfQNA1//ck5uPP7Z0DXC62B6+MO3lhfi6NPvkiFit5AVoJP7zxbqVT1zp6V7efzeUyfPh2WZamWzul0WlUBb9pW2TRNBAIBVV0rATRQPEdXAlAJleVxabEs2/T7/QgGg2q7AFSwLUGs3+9HJBKBZVmqytYbuMp5ye9yXrJ/OXdpXb3pNRZyDeW8pZpZKqy95yn3yfreawoU2maXlZWhvLwcnTt3VlXA0j46EAhg3PnfxsTmAWhMyMxmHX/8wZm4/5bztnisRERERERERERERPsKA2AiIqLd6MaLR+ONv1yNkrCl7ntutg9djr0cnTp1RjqdVm2HvZWpEr7K7xJmSsAKFGbxTp8+XVXwSlCqaRosy0IoFFLtk3O5nAqJpVJYKmNln1KNLC2OZT3ZvwSh3gplqZiVY5D200AhbJUZu+l0Wt1nmiYsq3A9ZPu6rsOyLDXTWALabDarztc7Q1kCa2/r7Fwup5aX8Ftabcvv0mZaHpc22Y7jIB6PI5vNqjnIcv5ybH6/H2Vl5eh+wrfx2iJbBb3l0SDevvfbuOFrx+2FVxQRERERERERERHRjmEATEREtJudOLwGXzx6Awb0qlb3fbosg9UVJ2PEyNEqyJSKVwk3JfyVx6UNtATBjuNgzpw5CAaDcBxHBbzC7/cjGo0in8+rObYAYBgGHMdRlcJSHSzzfSUIlhbPEgZL+2fvbF9vtTAAZDIZBAIBdRwSDHuPXSp0vZXNQGHWr2EYKuSV7XkrauV37zxkAKpaWmYhS8gr90t4vOkxyXlIhbAEvplMBolEAvX19aoNd98BQ9HY/VxMW9XW8nlITSd88egNGD2s1y6/ToiIiIiIiIiIiIj2BAbAREREe0CPjmX45F/fwzljBqn71rXm8fq6Ghxz8oWbtTOW0FWCTgmHvS2dZZbwww8/jHA4rMJMmX/rrawNBAKqQla2mUgkkMlk1L6CwSAMw0A6nVaVxtKK2nVdFcbKfiVYlqpbWV7aL8vsYACqOlkqdeVxCZlzuRxM04SmaQiFQiqEBrDFoFcqcr3LSKUvABX6StgrxyzXxOfzIRgMqtbTUoEtwbDruqp6Wtd1HD7mXExOHY6GeNvs4XPGDMLHD30XXTuU7NkXDxEREREREREREdEuYABMRES0h9hmAM/e8XX85rrxRYHvi/MtVAy/GB2qO6rqV6lgBYrn20r7YwmD/X4/PvjgA7S0tMAwDFUF6523K+EvUKhwjcViKoDVdR2GYajtmaapWiNLVa/sU9d1pNNpFRBLgCuVtNK6WUJeqR7OZrMIBAJFVcgSUicSCWSzWdWK2efzqYrbTCajKnO9x5HNZpFIJIrCXFlOziuVSiGRSKj7s9ksgsGgqqSWUF3XdVUJbZomgsEgbNtGKBSCz+dDOBJF5THfxMsLTHUcuq7hd9efhmfv+DpMo63imoiIiIiIiIiIiGh/xACYiIhoD/vpN8bi3b9fix6dytR9s9b5MNMehyNPvAC2bRe1YpY20LlcrigYlgDXNE0sXLhQzc2VKlkJZl3XVS2edV1HMBhUrZez2SzS6bQKiyXQ9VYfe1tUy+Nesl9pnyzHHAgEkE6n4ff7kUqlABTmFktAG4/HVWtpqeiVgFYqkOVcgbb20VLpK8E1UKj4lfC7oqICtm3DsiwVtEejURVoS+gs68r1ljbapmnCtm0MPPYsrOx0Aeauawvr+3StwAcPfAc/ueyE3fqaICIiIiIiIiIiItpTGAATERHtBccO6YlZT/4IP7joOE8bYw1vLgsjVXMBho8aq6pdpf2xtCWWkFWCV9d1MWXKFASDQViWpap38/m8qsKVVs4A0NLSAtd1Yds2HMdR4Wwul0MymQSAohbM0gJaWkhL5a9UJEt1r3eOsbRcDgaDSKfTAFAUOnvbXEsVr4S/EnR721lLEC1tnCUM9p6XXItEIqGOQVpDp9NpFfJqmgbLsoraWJeWlsLv9yOTyaDf4BFI9DoP76+tBKCpbd948WjMeOxGHD2w+154hRARERERERERERHtHgyAiYiI9hLbDOCuG87crBp4TYuL1+q6o8fob6K2bz8EAgEAKGpfLFWwUnU7Y8YMxGIxVQFs27aacwtAzdh1XReWZRXN9AWKZ/RK9a0ErxIke6uSJYyV9QKBgApmvdXDsVhMhcLJZFIF0vLTNE01o1jmBcu2pNq4qqpKHZtUAOu6jmQyqcJx73xfaR0twbfP51NhtQTfsjxQqAjO5XLo3acGvcdciXcaarAuXlz1++GD38Gd3z8DlsmWz0RERERERERERHRgYQBMRES0l22pGhgAPlnuYKp2LAaMOku1cJabBKhSVZvP5/Haa6+palqZfyshqLRLliAUgJrNa9u2mtkrVbCZTAapVErN5JUw1nVd1QJaAlVvZa38LpXKElpLJS8A1WI6Ho+rmcGmWZix6507LEF3SUnJFmcBy/YBqOOQc5B5xBJWd+zYEcFgEKFQCH6/H4FAAKFQqLBvy8Jhx5yO6YEx+Hx18X5Y9UtEREREREREREQHOgbARERE+4BUA3/28PcxakgPdX825+Kt5WGs73w2+h99CiLRqKqCBaCqYS3LwmeffaaqdUOhkGoTLRWuQCEoTSaTKpCVEFlCXanyBaCqfEUgEFBVvdIKWip9/X4/stmsuuVyuaJ1JYw1DEPNJ5Z5u4ZhIJPJwDRNVe3sPSaZEeytAN5S+CxhsIS+MtfYMAw0NDTAMAyk02kVcOu6DwOOGY9Yn0vw3poK5PKuOt7jD++FaY/ewKpfIiIiIiIiIiIiOuDxE04iIqJ9aFjfznj//u/gtY/m4aZ7XsHsJWsBAIl8AO+srkSow5kY0y2BJdPfQ339BjVrFwBisRhWrVqFmpoaVSErbZwlPJVwWGYL+3w+NaNXqnB1XUc2m1WVwoZhqBbQUq0rraFl7m88HgcAFQQDUNuQltByrOl0GqlUSgXCUuWbyWSKAt50Og1N0xAMBlFaWopEIqG2Jcckxwu0VQ9LmCxV03J+Elb36VODDrVHYeIyAysbi7/7NqhPR/z++tMwfmS/PfMEExEREREREREREe1lrAAmIiLaD5w6sh++fOJGPHHbJejTtULdH89oeGVRCMsrT8dRJ1+CyqoOAKCqYF966SVEIpGiFseWZal20HKTWbnS2lnXdbiuq0Jf27ZVq2RZR2bp+nw+VZGbTCaL1pVl8/k8LMuC4zgwDAM+nw+BQACBQEDNDrYsS1X6ZjIZdQ7eQFfmC4dCoaLKZPkpVb8+n09V/VqWpVpay34Nw0DvPjUYe863MMc+Ea8stJDItr3tqe1WiQl3fB3TH/shw18iIiIiIiIiIiI6qLACmIiIaD9y0bihOG/sYDz04ie47Z9vo25DCwAglnLw0jwfdHscjj02idaln2D1yuWYNWsWli1bhg4dOqhwVap2JcQF2qpkXdctCnkNw4BpmqqVtASy3hbR0lpaguNMJqMqggGoCt5MJqPaRluWpaqNQ6GQqu4tLy9Xj23a1lnaW8ucYsuyVOAs2/W2mZbwN5vNqhDYcRx06dYT4Z5HY9ISDfnZAJBT63SuiuIXV47DVWeOgM/H78ERERERERERERHRwYcBMBER0X7G79NxzTnH4JpzjsFDL36Ku558D3OXrgMAOK6G91cG4fpOwOGjNHQNrMPLL7+MK6+8UlXb+v1+OI4D0zSRyWQAFIJcCVHT6bSaxyuhazabhWEYAKDaNntbMEsA7J0DLBW7ruvCtm2kUinVglpaOvt8PiSTSQCFmcLSBlrCXaAwp1jCW8dx1Ixh27aRTqeh6zpyuZw6ftctzO6VCuDy8nIEQyH0HnAkFsXK8HF9ANoireiaDuxdjR9cNBpXnTVirzyHRERERERERERERPsKA2AiIqL92FVnjcBVZ43AO58txJ+feh+vfDgXQCH8nLYamIYOMAPVqJyyCuefOAg+pOA4DoLBoAprpYpXwlrDMFSrZe/93hnBUlWbSCSQy+U2q/yVEFjWl8DW25rZtm00NzcDgKoetixLBc1SiSzVxt7ZxIZhIBKJoKmpSR2XbEdCYsMwMHTEcchGa/DRcg1zlmPjtYG6Rqcfexhu+NpojD2yz956yoiIiIiIiIiIiIj2KQbAREREB4ATh9fgxOE1WLiyHn956n08/MpnSKSyAIB01sUjk5bjkUnL0bUqguvOHIKj+oXh111VASxtlCXElSA1Go0ikUgAgGoR7ff74ff7VbDrOA4AqNAXKMzrDQQCRQGz3+9X838Nw1Dtm3O5HAzDQDgcVkGu67qq8lgqjr1tqE3ThG3balnhui76DRyGQPVAzKgP4Z2GANBQfK1CtoErzhiOH1w0Gr27lO+5J4WIiIiIiIiIiIhoP6S53k9ViYiI6IDQHEvhiTe/wGOvfY6PZy7f4jI9O0Zx3uhaHH1YNUotB6lkAvl8Hvl8XgW95eXlyGQysCxLVdu6rosNGzYgmUyqNs/pdBqBQABAoZ10LpeDz+dT83+lPbRU7xqGgXg8jvr6eixevFhVCHfq1AmmaQIozCXO5/Nobm7G2rVr0draipaWFtVyet26dViwYAE6demGLjVD0eqrxLQ6HfDbWzzf44b2xGWnHomLxg1BNGTtmQtPREREO837RTIZJ+E4jnp/ks/nUVZWto+PkoiIDnSNjY3w+XzqJqOPNE2DrusACh2jiIiI9nctLS0AgGnTprV7nWHDhgFgBTAREdEBqSRs4bpzR+K6c0diaV0jHnv9czz66lQsXFmvllm6pgV/nDBV/d21MozxI7rhiN7l6FgSgIacCly9bZ1zuZxq/6xpmgqB5T+YpSWzVArL3z6fD4FAALquw7Zt5HK5orA5FApB0zRV5QtALZPP55FMJqFpGqqqO8EfqUa6Igc3OAaLHQOLpcp3k3cuxwzqjgvHDcXFJw9Dh7Lwnr7sRERERERERERERPs9VgATEREdRKYvqMMTb3yBJ9+chlXrm7e5bEXExKAepTiytgNqu5aic0UIEduPZCKOeDyuKnKl2leqdcLhsApwdV0vahdtWZZatrW1FQsXLkRdXR0Mw0B5eTls20Y4HEY2m0UoHEVrMoeGeA5L1zRjQV0MC9blEMv6tnncR/TrggvHDcWlpxyOzlXR3XbtiIiIaM9iBTAREe0NrAAmIqKDxa5UADMAJiIiOgi5rovP563Cq5Pn4bXJc/HJ7BXYkX/yh/SqQPcqG+VBoLo0CMsPhCwfDL+GkrANn+ZCcx3oGuA4eRiGgWAwCH/AhD9gwHGBDY3NWF23Fi3xFLKOjkTOh+Ub0pi9shkL6+LtPpa+3atw0vAajBrSA+OOqmWlLxER0QGKATAREe0NDICJiOhgwQCYiIiItqmhJYGPZy7H5/NWYdr81fh83iosq2vc14e1RQN7V+OEw3vj+MN748ThNagoCe7rQyIiIqLdgAEwERHtDQyAiYjoYMEZwERERLRN5dEgTht1GE4bdZi6rzmWwtS5K/H5vFX4Yt4qfDF/NeYv37BDlcI7K2gFUNutEv26V6Ffjyr03fhzQK9q2GZgj++fiIiIiIiIiIiI6GDFAJiIiOgQVRK2cOLwGpw4vKbo/rUNMTS0JFDfnEB9cxz1zQk0tCTQ1JrE+sY46lsSnscLv6czOVSUBBENWSgJW4iGTERDVuHvkIXyqI0O5RH061GFft2r0L1j6T46ayIiIiIiIiIiIqKDGwNgIiIiKlJdHkZ1OefsEhERERERERERER2IGAATEREREREREdFO+WT2CiRSGQyt6YyyqL2vD4eIiIiIiADo+/oAiIiIiIiIiIjowPPB9KUYedW9uOPhiYiEzH19OEREREREtBEDYCIiIiIiIiIi2iH5vIPv/eF59OtRhad/cyn8Pn7ERERERES0v2ALaCIiIiIiIiI6aHzlew/inc8W4t+/+wbOPmEgAOCx1z/HN3/1NDqUhTH/2ZsQCRaqVZ9/dxbO++n/4cThNfjvPd8CAKxc14weX/3tFrf90M8vwOWnD1d/v/vFYvzywTcxde4qhCwDZ47uj99ceyqqykJqmU23p+saulWX4szj+uOXV59c1Db5W799Fv986VMAwIcPXo9jBnVXj6XSOVSN/yUSqSx6dynHgmdv3uz4Zi1eiyGX3gVd17Dq5Z+jQ1l4i+fx6uS5uP2fb+PLRXWoKgvjlKP74vZrx6OiJKiWuf1fb+N/H3gT37/wWPzph2cVrS/nvWhVPUKWgZvufWWb5z35H9fj6IGFc2lqTaLi5F9C1zVkP/zdFo9P1J7/eyxe1QAAsM0AhtR0wo8vOwHnjhlUtJw8v1vywp2X44zj+qvjiYYsNL71q23ud1Ou6+LPT32A+5/7GCvWNaFXp3J88/Th+OHFo4uC78jYnyORymLVyz9Hx4oIAOAfL36Ca+74N84dMwgT7vj6ZtcG2PZrwnVd3DNhMh58fgoWrtyAsoiNc8cMxu3XnoLSSHHL7aV1jfif+17DW58uQDbnYNSQHvjNteMxrG/nHTpfIiIiIjrw8euZRERERERERHRIWNcYw52PTmrXsrquYdSQHkW36vKIevzNKfNx8vcexHtfLEFZxEYincVDL36K46/9G2KJ9Fa3N6J/N9Q3J3DvhMm45NYntrr//0z8sujvN6bMQyKV3eYxP/PWdACA47j49ybrq+1Omomzfvwwpsxajq4dShFPZvDA81Nw0vX3I5PNb3P7wI6fNwD85O5XtrvdbRla2wk9O5Xhk9krcMEtj+KuJ9/f4nJlUXuz56w8Gtzisjvixj+/hB/f/TKWrWlEny4VWLamET/966v43h+e36Xttuc1cds/38YP//QiFq7cgCMP6wrHdfG3/3yE02/8J1zXVcvVbWjBqKvvxdNvTYfjughaAbz+0Twcf+3fMG3+6l06TiIiIiI68DAAJiIiIiIiIqJDxl1Pvo/V61u2u1zYNvH+/d8pup06sp96/Lt/eB65vIM7v38Glr3wP1jz6i9w7JCemL98Pf74xHtb3d7kf1yPmU/cCNsM4M0p87F8TdMW9//cuzOL/n7+3VnbPeYJ78yApmkA2sJgL8dxccNdL8J1XTx1+6WY8/SPseLFn+HE4TX4ctEa/N9rU7e7jx09bwD4cMbSdh3/1vzz5xdi5pM/wnt/vw6W6cf/3Peaqgz2Gj2012bP2aghPXZ6vwAwb9l63DNhMqIhCzMevxEzHr8RC569GZWlITzw/BQsWLFhp7fdntfEA89PAQC8/per8cED38GCZ29Gl6oSfDxzOSZ/uUwtd+sDb2JtQwxnnzAQa169Fate/jluvHg04skMfvjnF3f+AhARERHRAYkBMBEREREREREdEnRdQzKdxa0PvLFL25k2fzUWraxHdXkYP7jwWACFFsW3Xj0OAPDM2zO2uX636lLUdK0AAKxYt3kAfHi/zli8qgHTF9QBAHJ5By99MBtH9Ouy1W3OWFiHecvWY/SwnqjtVon3py1F3YbioPuzuSuxan0zenUuxwUnDQEAGAEfrj9/FI4a0A1r6lt3+3lLIP3Tv76KXN7Z5va3Z9SQHrj0lMORzeXx+Btf7NK22uuF91Aq8i0AACAASURBVGfBdV2cN3YQartVAgA6VkRw7TnH4KgB3XYpAPba2mtCqnybWpMAgEjQxLO/+zpeuPNy9O5cDqAQ7P9nUuELA7/+9imqLfWtV38FlunHe18swdqG2G45TiIiIiI6MDAAJiIiIiIiIqJDwleOqkX3jqV4+JWp+HLRmp3ezrzl6wEAA3pVw+eZATu4TycAwPzl64va825q2ZpGLFxZDwAqxPM6beRhAIDnJhXaOE/6fBEaW5JFFcibmrAxfD1tVH+ceVx/uK6LZzdpA71wY1gpQaM4+4SB+Oih7+LnV5y01e0DO3fekaCJC08aggUrNuD+5z7e5vbb44h+XQEAMxbsnbbGi1YUnqc+XSuL7v/Vt0/GRw99F6eNOmy37Gdrr4lvn300AOC8nz6KC255FG9/uhBHDeiGM47rj06VUQDA+qY4mlqT8Pl0DOjVQa0bCZro0bEMQKGSmYiIiIgOHQyAiYiIiIiIiOiQYAb8uP3a8XBdFzfds+25tC3xFHwjb1a3XufcoR5rjqUAAKURu2id8mjhb8dx0brJPNxYMo3R19yHUVf/FYMvuQvJdBZXnjlChXheg2o6oVt1qarqfH5SoX3yKe0IgM84rj/OGD2gcN9bxRW5ckyRoLnNc9+anTlvAPjtd05FwO/Drx96Cy3xLc8Jbq+KksJM34aW5GaPvfj+7KLn7IrbntmlfQG7fs22pT2viV9cOQ7/e/VXYBo+/GfSTJz8/Qdx5Df/UhToNscK1yIaMlXFtZAZyE2xza8XERERER28/Pv6AIiIiIiIiIiI9pZLTh6GPz/5Pt6cMh99ulRsdTld13Dc0J7q747lEfV7NGQBaGvLKxo3/q3rGsJ2cWDoOC4mz2ib2Xr6sYfh/p+et8V9J1IZnDtmEP7y9AeYt2w9nn9vFg7v1xnVnmPw+mLeaixYsQG9Opejf88OqO1WidKIjQ9nLMWq9c3oUlUCoNCuGQBiycxWz3tbdua8AaBX53J894JR+NOT7+P/PTppp/Yt6psTANpCZ68OZWEM799V/T20tvMu7QvwXrNdC663pD2vCV3XcOtV43D9+aPwf69OxX3/noxp81fj1B8+hJlP/AhBK6Cel5Z4Gq7rFoXA8tyUhK3dfvxEREREtP9iBTARERERERERHTI0TcOd3z8dAPDAC1O2ulzYNjHxvmvV7cnbL1WP9eteBQCYtXgt8p65tjM3tpXu06UCul5ciRkNWch/9Ht89vAPAAAfzliGRGrLQWwilcV5Jw4GUJidW7ehBeeNHYL4VoLbCW9PBwAsWd0A38ibYR53iwppJ7zd1ga6ZmMb48Wr6ovWf+2jeTjnpkdwz4QPt3o9dva8xc8uPwmlEXub17w9Pp+3EgAwqE/HzR47ZlB3vPTHK9Tthq8dt0v7AoA+G9tlL1nVUHT/nY+9i3NuegQTpy5S90mVcDKdVffJ79bGINlre6+JpXWN+NU//ou//+djVJQE8cOLR2PmEz9Cn64VWFbXiMlfLgVQCL5LIzbyeQezl6xT68cSaSyrawQA1G7SwpqIiIiIDm4MgImIiIiIiIjokDLmiD4447j+RSHmjji8X2fUdqvEusYY7pkwGQCQzuTwm3+9AwA4f2N4u7V1x42oRVNrEn/fykzcTDaPUYN7oFNlFC++P1ttM5vLb3H5Ce8UWj0feVhXjBrSA6OG9MDQ2sJc3mfemq6WGzGgK6rKQli4sh4vfzBHHfcfHnsXL74/Gxq2HN7ujvMui9r42RUn7fQ1B4CPZy7H4298AZ9Px8UnD9vp7eyIM47rDwD4z6SZWLamEKauXt+COx+bhBffn42q0pBaVkLp594ttOzO5x28+uFcAMDA3tVb3cfWXhO6puHXD72FH9/9stq336fDDBQa+snzpesazh9buPa/fPBNdY3veGQikuksRg7ugc5Vm7caJyIiIqKDF1tAExEREREREdEh5/fXn4bXPpq304HkX39yDk774UP40V9ewj3PfICmWApNrUn06lyOn1w2Zpvr3vT1MXjr0wX405Pv43sXHAvT2PzjGU3TcO6YQfjrs5MxuE9H1HarxGdzVm623NS5K7F4VQPKo0F89I/r4fMVvusfT2ZQNf5XmDJrOZavaUL3jqUI+H34f989HVfc9gzOvukR9O1eifrmBDY0xdGvRxWuPHPEHj3v754/Cvc9OxlLVjdsc7lNfeu3zyKby2PWkrVwHBe/uW48+m6sRvb6YPpSjP3O34vuu+2a8UWtvGPJ9GbL/Pa6UzFycI8t7ntITSdcfvpwPPzKZ+h/0R9Q260Si1bWI5nO4rLxRxRVIv/sipPw9qcL8ZO7X8ajr05FUyyJ5Wua0KEsjKvOPGqb57il10T3jqW46qwReOjFTzH4krtwRL8uWLmuGUtWN6B3l3IcM6i7Wv9X3z4Zr0yei/9MmolOp9+GoGVgxdomWKYfd91w5jb3TUREREQHH1YAExEREREREdEh57CeHXD1WdsO5bblpBE1eOveb2PMEX2wvimOgF/H5acPxwcPfGe781ZPGlGDIw/rijX1rXj4lc+2utz5Jw4BAJy38eeWTHi7UP172qjDVPgLACHbwLgRNQCAZ95uqwL+xmlH4onbLsHgPh2xZHUDbDOAq84agUl/uxZBa/M2xbvzvI2AD7+5bvx297Gpz+etwsKV9TjysK546vZL8dNvjN3icg0tCbz3xZKi24ameNEyjuNutozMFd6a+285D7deNQ7V5WEsWLEB3TuW4vZrx+PB/zm/aLkTDu+NN+6+GscO6YmldY1obEnirNED8N7916GqLLSVrRds7TXxt5vOxZ9+eBZ6dS7HJ7NXIJHK4KJxQ/Hm3d9CyDbUch0rIpj84PWqMrqpNYmvHFWLd/92HY4a0G2b+yYiIiKig4/muq67rw+CiIiIiIiIiA5u8vGD4zhwXReO48BxHOTzeXUrKyvbx0dJREQHusbGRvh8PnXTdR26rkPTNOh64YsymrbtlvdERET7g5aWFgDAtGnT2r3OsGGFLwSyApiIiIiIiIiIiIiIiIiI6CDBAJiIiIiIiIiIiIiIiIiI6CDBAJiIiIiIiIiIiIiIiIiI6CDBAJiIiA4at//rbfhG3qxuZeP+F8df8zc8+Wb7ZyTsaZlsHiMuvxudT78Nc5eu223bnbN0HTqddhuOvvIeZHP5zR5/4o0v4Bt5M7qf9VusXt+y2/Z7oPrF/W/AN/JmjP3O3/f1oRARERERERERERHtVgyAiYjooKTrGlriKXw4Yyku+98n8a3fPruvDwkA0JpIY9qC1VjbEMO85et323bnLVuPdY0xfD5vFVri6c32+ZN7XkHINvDSH69A56robtsvEREREREREREREe1f/Pv6AIiIiHa33l3KseDZm7GhKY5HXp2Kn/71VfzzpU8xelgvfOO0I/fZceXyDipKgvjvPd/C2oYYzho9YLdt+6zRA/DYry5Gl6oSVJQEix6btXgtvnHqkThlZF8Mre202/a5P8rlHfh9/H4bERERERERERERHboYABMR0UGrsjSEH11yPGYvXouHX/kMf3ry/aIA+L5/f4R7J3yIJasb0KkyiqvPOgo//cZY6LoGAJj0+SLcev+bmL6wDiErgNHDeuE3152Kmq4VAArtnH/54Jt47PUvUN8SR99uVbj5G2Pxta8MBQD0OucOLF/ThF9ceRKeeHMakuksljx3C066/gEAQHV5GGOO6KOWu+WbY/HKh3Mxb/l69O/ZAff++GyMHNxDHe8jr07FHx57FwtXbkDXDiW4bPwRuOWbJ8II+PDO1IW47H+fBADkP/o9AMBxXPzpqffx4PNTsGxNI55+ezquOGMEbvnmWPh9OmYuWoOhl/0Jfp+O//z+m7jp3lewtK4Bw2o74x8/uwD9e3bY4nVtiafwg7texHOTZiISMvGtrx6Np9+ajrlL1+GNu6/GuBG1272+906YjB/c9QLGjajF2OF9cM8zHyKRymL8MX1x/y3nIRqyAACJVBa/uP91PP3WDNQ3x9G/ZwfcetVXcPYJA7d6jVe8+DM0tiRx6wNv4D+TZqI5lsJhPavws8tPwjljBu2eFxcRERERERERERHRfoolMkREdNA7d+xgAMCMhXVY3xgHAPzywTfxvT88j3nL1sMI+LGsrhG/uP8N/O7/JgIApi+ow6k3PIQPZyzF4X07IxI08ew7X+Kk6+9HcywFALjitqfx+0cnYdX6ZuiahhkL63DprU/g3xO/LNr/bf98G4tW1kPXtG0e5x2PTEQilUHQCmDa/NU4/cZ/qn098PwUXHnbM5i9ZC18uo7Fqxrw64fewo/vfnmr27vhTy/ipntewYIVG+DTdSyra8QvH3wTN/75paLlcnkH59z8CJasbkAqncPHM5dvs2X2NXf8G//36lS0JtJY3xjHr/7x383mGW/v+oqJny/Cz/72Ohr/P3v3HV7z+f9x/HnOiUQiewhBFLX3pkLsPUopHUaLVlGqRGNVa9SsUnsUFWqVql2126A1iqKoPSNkyJRxzvn9kZ/zbRrRaKk2fT2u61zyuT/3eN93ksu5zjv3/YlNJCb+Hqt2HGdiyG4ArFYrLQcuZOqK7wmLiCWHnYljv97kheAlhB6/lOkaW61WWry7kFlr9pNqtvBMXg9+OnOD9kNC2H3k/EO/ByIiIiIiIiIiIiL/dkoAi4hItpc/t5vt6+u373I7Kp6PPk9LRK4Z34W7O0axccrrAIz7fCepZgsbvj9FcoqZFrVKsHt2L44uHUD5onlxymnP8XM3OXnhFiu+PQbA1mk9iN01hqBXAwH4dOX36cYvVciXzZ90Z+u0Hg+Nc9ArgZxZPZgzqwbj45GLu3H3WLTxEBaLlZHztgEwtFt94naPscU756sDJKeYM/R18UYkM7/cB8BnwzsQt3sMy0a9DMDML/fxy+8StvOGvED87jHMH9oegP0/XyYpOTVDv+euRbBqx3EAPhnQmsS9YzPMKyvre5+TQw4Of96f+N1jbLuzdx1OS9J+vfcUe45cwMPVkbOrBxOzczSDX60LwOjPtqcb87drfOTMdQ7+chWTycjhz/tzYvlA6lUuAsDyb45mtvwiIiIiIiIiIiIi2YKOgBYRkWzv9xtvdx85j9lsIYediU2hv7Ap9BfbvYR7KVy8EUlxfx8Ath88x3szNtOg6rN8P68PTjlzADB77X4ACvl50qha2pHHA16qwzN5PXF2sk833sBX6tCkRjGAdMnP3ytZKO3IZS83J5o/V4LPNx3m53M3OXPlNuFRcQC88Xx1AJrVLM6c4Bcwmy3cS07J0NfOQ2lJVF9PZ7q1qAJAp0bleX/eN5y/FsHeny5Qq9wztvota5XEYDBQu0IhW9mtyDj887in6/fImesAeLg60rf9cxgMBtv8H2V97yvg606FYn4APFfuGZZsPkxYRCwA23/8FQAXJwfGfb4TwHbvxIVb6cb87RoDpISOB8BstnA7Kp6iBbzZdfg8V8OjM6yViIiIiIiIiIiISHaiBLCIiGR7l8OibF/7+bjy/bG044NTUs0s3HAwQ/3wqDg6NCjHyQthTAjZzeRle5i8bA/OTg6MfrMJ/V6sRXRs2tHMnq5Otna+ns70alfjscTs4eIIwK3IWKJjE23lvx2vZ5tqmba/HZ2WMM7r7ZquPK+XC+evRXAt/O4D2xl+ky23WK0Z7t+KTEvA5vNxsz0rOWOdtLEftr4PHjv9uPfHuhIWnaGfzPq47+u9Jxn12XaOn7uJxfK/eTxgSiIiIiIiIiIiIiLZihLAIiKS7a3ZmfZM3lKFfMnt4Yybc04AHB1yELHtAxzsH/zf4Qc9GzPwlUC+OXCWdXtOsHzbUQZ8sp6A8s/YErSRMQm2+olJKZy/FkEOOxPFC/r8pZhv3I4BwNfTxTbW/fFyOabtMD518RYWi5Vi/hnHup8o/n2i9MadtH49fpNIfhR5vdISyuGRcVit1nQJ4/uysr4/nbnxh2Pd76de5SJsn/FGlmM89utNOgxditVq5f3ujahUPB+LNx5k7e4TWe5DRERERERERERE5N9KzwAWEZFsKyomkcnL9rDsm58A6N8pAIDAioUxGg0kJqXw3ozNmM0WklPMjJj7Dav///m2bQd/jkfDkcz96gDt65dl6YcvUTCvBwAXrkfajkq+eCOS3UfSjluevjqU8q9+wksjlv2peHcdOk9KqpkL1yPZeuAsAOWL+VHM3wcfj1wALNp4CIAfT12l7MtTqNB5KnGJSRn6qlupMJCWSP7i/+e/dvcJLlxPO365XqUifyrGSsXzYTAYCI+K47P/35V7f/73ZWV9s6JelWeBtGcC33/ucMTdBF4e8QXnrkVk2i70+CXMZgsFfN0Z1q0+zWoWx2zR1l8RERERERERERH5b9AOYBERyXYuXI/Esc5QklPMtrJXm1aiR+u0I5P987gz6OVAJi7dzfTVoSxY/yOQtoO35DO5aV+/LK82q8T6704xZNYWvjlwlrtx97h8MwoPV0dqVyiEr6czHRqUY/WO4zToMw8355zcjUs7Frpfx4A/FffSrUf4ctdxklPMWCxWPF2deK1lFYxGAyN7NKLvpHV8uOBbPln+HbEJaUnfzs0qpTsW+r5i/j50b12Vz9YfpPMHK+g98Stbm5caV6BicT9OnA975BgL5/PkpcYV+OKbn3hz3BrembKexKT0zyDOyvpmRceG5Zm79gChxy/x0vBl9Bq/hrjEZMxmCx6ujswMavvAdpVL5APg8s0o8rUcg8Vq5U50PABJKamPPGcRERERERERERGRfxPtABYRkWwpOcWMi5MDNcr4s3DEi3w+smO6++P6NGP2e+0oUyQPqWYLTjlz8GrTSmyd1gODwcAL9cqycuyrVCyWj9Djl7h0M5JWAaXYOfNNfD2dAfj8/Y4EvRqIn48rCffSkpvzhrSnW4sqfyrmvh2eo2yRvNjnMFGpeD42f/I6Lk4OALzVriYLhnWg5DO5SUxKIY+XC0GvBjJ7cLtM+5s9uB0fvtGYZ/J6kJiUQgFfd4a/1oBFI178U/HdN2twW7q2qIyzkwMero6MerOJ7V5O+xzAH69vVtiZjGyd1oNBrwRSwNed+MRk8ud2Y2i3+kzu1zLTdtVL+7P4/Y4ULeBNXGIS5Z7Ny4dvNAbg7JU7f2HmIiIiIv8TERFBQEAAkyZNetqhiIiIiIiIpGOwWq06E1FEROQpKtR2HFfCovlseIc/nTz+O10Ji+bAySu82KAcAAs3HKTnR19iMhm5vmG47bhqERERkd+6//GDxWLBarVisViwWCyYzWbby8PD4y+PU6dOHSwWS7qyatWqMWXKlAfWt1gsLFq0iEKFClG/fv0sjxMREUGbNm1o06YNQUFBfzreefPmsWTJknRlfn5+rFq16k/3KSLyXxYVFYXJZLK9jEYjRqMRg8GA0Zi2Hyqrf5gsIiLyNMXExABw9OjRLLepUKECoCOgRURE5BH1nriWLfvP8MZHX5LL0Z6wiNi08nY1lfwVERGRfwRvb28aNmxouy5YsGCmda1WK4sWLSIwMPCREsCPU8uWLQkODn4qY1ssFltCREREREREsge9wxcREZFHMmtwO7o0r4yDvR1RsYmUKuTL5H4t+bh/5scyi4iIiPyd8ubNS9++fW2vVq1aYbVamTVrFi1btqRp06aMGjWKhIQEmjdvDsCePXt46623ADh48CBdunShfv369OjRg9OnTwNw69YtevfuTZMmTZg5c2a6MS9dukSfPn2oX78+nTt3Zt++fbZ7r7322p9K8DZv3pwVK1bQvn17WrZsybZt2x5Y78cff+Tll1+mUaNGBAcHEx0dDUDDhg25efMmAAkJCQQEBJCQkMCaNWvo3bs3Xbt2ZcyYMQB8/fXXPP/88zRr1ozx48djNpsBOHHiBN26daNx48YMGDCAW7duPfI8RERERETk76UEsIiIyFN28ashmPdP+Fcc/wzgn8edRSNe5NaW90nYM5afv3iXAS/VxmTS2woRERH5Z0hOTubatWu2V2pqKnv27OGLL74gMDCQTp06sW3bNhYvXsx7770HQKlSpejevTvx8fEMHTqU1NRU+vTpw+XLlxk7diwAkyZN4vjx49SvX9+WWAVITU0lKCiIs2fP0q5dO8xmM0OHDuXSpUsA5MyZE3t7+z81l7Nnz7JkyRL69+/Pp59+muF+dHQ0I0aMoF+/fmzatAkfHx9mzJjxh/1eunSJ4OBghgwZQnh4ODNnzmT27NmsWrWKc+fOsWXLFmJjYxk8eDBdunRh48aNlC1blmHDhqGniYmIiIiI/LPpCGgRERERERERyVbOnDlDp06dbNcrVqwgMTERAFdXV5o1a0bVqlVxcXEhX758APj4+FClShXi4uIYOnQo/v7+FClShH379vHDDz+QlJTEjz/+SJUqVXjvvfcIDw+nXbt2APz888/cvHmTHj160K1bNxo2bEiPHj3YtWsXr732GrNnz35ovBs3bmTjxo22648++og6deoA0KVLF5ycnAgICODDDz8kISEBJycnW90ff/yR4sWLU6NGDQBef/31dLuPM1OlShVKliwJQI4cObBarVy+fJmqVasydepUDAYDoaGhFChQwHY0dteuXVmzZg2XLl2iUKFCfziGiIiIiIg8HUoAi4iIiIiIiEi24u/vT8+ePW3XXl5eNGrUiGPHjrF8+XJCQkIoUaIEH3zwQYa2zs7OxMbGMmbMGMLDw4mLiwPg7t27WCwW/Pz8ADCZTLY2UVFRALZ79//97S7hh3nYM4ANBkO68e4fzXxfdHQ03t7etmsPDw9atGiRpXF/22bcuHEsWrSIUaNGUb9+ffr27UtUVBR58uSx1TOZTPj4+HDr1i0lgEVERERE/sF0VqOIiIiIiIiIZCtubm7Uq1fP9nJ0dOTSpUs0aNCATZs2MWzYMM6ePcuCBQsytD1z5gwTJ06kWLFizJkzh6pVqwJpO4dNJhORkZEZ2vj6+gIQFhYGwI0bN9KVP0k+Pj7cuXPHdp2QkMDPP/8MgJ2dHRaL5Q/7iIqKws/Pj5kzZ7J8+XKuXLnCV199Re7cuQkPD7fVM5vN3L59Gw8Pj8c/EREREREReWy0A1hEREREREREspWwsLB0xy4XKFCAyMhI5s2bR9euXfHx8cFiseDs7IzJZMLJyYmjR4/yxRdfUKJECSBt9+6OHTs4ceKErZ+aNWuyf/9+QkJCOHPmjK28RIkS+Pv7s3TpUmJiYvjhhx8wmUw0bNgQgN69e5M7d+4H7jj+q6pUqcKkSZM4dOgQFStWZPHixdy6dYuyZcuSP39+QkNDadasGStXrsy0j19//ZUJEyYwe/ZsPDw8yJUrFykpKVSvXp2PP/6YPXv2UKtWLZYvX46npyfFihV77PMQEREREZHHRwlgEREREREREclWbt++zbJly2zXlStXZsqUKcTExLBmzRosFguBgYG2Y6Jfe+01Fi1axIEDB3jppZd44YUX2LJlC1FRUZQvX57Q0FDCw8MZMGAAMTExhISEULduXezs0j5WMZlMTJgwgUmTJvH111/j6+vL2LFjKViwIJC2KzchISHTeH//DGAPDw82bNiQpbm6uLgwduxYpk6dyo0bN6hWrRrDhg0D0hLPH330EYsWLaJZs2aZ9lGtWjU6dOjA66+/Tmpqqu3a0dGRyZMnM3nyZMaMGUOxYsUYN26c7VhqERERERH5ZzJYrVbr0w5CRERERERERLK3+x8/WCwWrFYrFosFi8WC2Wy2vXS0sIiI/FVRUVGYTCbby2g0YjQaMRgMGI1pT0TUH7KIiMi/QUxMDABHjx7NcpsKFSoAegawiIiIiIiIiIiIiIiIiEi2oQSwiIiIiIiIiIiIiIiIiEg2oQSwiIiIiIiIiIiIiIiIiEg2oQSwiIiIiIiIiIiIiIiIiEg2oQSwiIiIiIiIiIiIiIiIiEg2oQSwiIiIiIiIiIiIiIiIiEg2oQSwiIiIiIiIiIiIiIiIiEg2oQSwiIiIiIiIiIiIiIiIiEg2oQSwiIiIiIiIiIiIiIiIiEg2Yfe0AxAREXkcwsPDadeu3UPrBAQEMH78+L8lnsuXL/PKK68wYcIEatWq9dj779atG0WLFmXYsGGPve//mmnTprF3717WrFnztEMRERERERERERER+cuUABYRkWzB3d2dCRMm2K53797Nli1bGDt2LHZ2af/deXl5PZaxNmzYwIQJE9iyZQsuLi6PpU8RERERERERERERkcdBCWAREckW7O3t0+20vXDhAgA1a9bE3t7+aYX1n2G1WgEwGAxPOZLHK7vOS0RERERERERERLIvJYBFROQ/Jzo6mk8//ZR9+/YBULduXfr164eTkxMAV65cYfr06Rw/fpwcOXJQvXp1+vTpg6enJ82bNycmJgaAZs2a0bhxY95///1Mx7p8+TLLly/n5MmTeHp60q1bN1q1amW7bzabWbx4MZs3byYyMpLChQvTs2dPatSoYasTExPD5MmTCQ0NxdHRkeeff96WmAQYOXIkR48eZd26dbZE5e7duxk+fDgLFiygRIkSGeJKSkpizpw57Nixg3v37lGyZEn69u1L0aJFAQgODubu3bvMnj3b1iYkJISFCxeya9cuAFq1akWNGjW4ceMGJ06cYMGCBRQtWpQDBw6wYMECLl68iLu7O82bN6dbt26YTKYsz/n33n//fWJjYylatCg7duwgKiqKatWqMXjwYDw9PYG0ZO3q1atZt24dN2/exMvLi5YtW9K1a1fbulgsFubPn8/69etJSkqiVq1a5MiRI91Ymc3r7NmzzJgxg5MnT+Lm5kb79u15+eWXM41ZRERERERERERE5GkwPu0ARERE/k7Jycm8/fbbnDx5ksGDB/P222/z/fffM27cOABSU1MZMGAAsbGxjBw5kr59+3Lo0CHbs3Znz55N9+7dAZgzZw69evV66HiLFi2iMokyFgAAIABJREFUevXqjBgxgmeffZYJEyZw5MgR2/1x48axbNky2rdvz+jRo8mbNy9BQUH88MMPtjqjR49m3759dO/enYEDB3Ly5EnOnz9vu9+kSRMiIiI4ceKErSw0NJR8+fI9MPkLaQnVrVu38vrrr/PBBx9gNBrp168ft2/ffqT13LJlC8WLF2fkyJHkyZOHCxcuEBwcTJEiRRg/fjzt2rVjyZIlfPbZZ4805wc5ePAgycnJTJo0iZEjR3LixAlGjRplu798+XJmz55Nq1atmDJlCi+//DJLlixh7dq1tjorVqwgJCSEhg0bMmLECNzc3Ni6desfzuvKlSv06dOHHDlyMGrUKFq3bs2cOXPS9S0iIiIiIiIiIiLyT6AdwCIi8p+yZcsWLl26xJIlSyhUqBAAdnZ2jB49mrCwMBISErh16xZBQUG2HakuLi6sXr2ahIQEChYsiLe3NwAFCxbExcUFs9mM2Wy2jXH/mcMAvXr14oUXXgDSdhq/+uqrrFixgkqVKnHhwgW2bt1KUFAQbdq0AaBWrVr07t2bOXPmUL16dc6dO8f+/fsJDg6mZcuWANSuXZsXX3zRNkb16tVxd3dn7969lC1bFqvVyoEDB2jVqhVWq5WUlBRbXZPJxNmzZwkNDWXs2LEEBgYCULlyZdq2bcuOHTvo1KlTltezUaNG9OvXz3a9bds2UlNTeffdd3FwcKBq1aqkpqZy69YtgCzNOTk52dafwWCw7dAtWLAg77zzDgCFCxcmNTWVkSNH8uuvv1K0aFGqVKlC+fLlKV26NAAVK1bkxx9/ZN++fbzwwguYzWa++OILmjRpwoABAwAIDAwkOjqakydPPnReH3/8Ma6urowbN8523HhYWBjLly+nXbt2WV4vERERERERERERkSdNCWAREflPOXToEM888wz58uWzJRrLli0LwOnTp6levTqenp7MmzePhIQEqlatSq1atdI9X/j3Vq5cyaxZs2zXI0aMsO28zZMnj63caDQSEBDA9u3bbbFAWrLxPoPBQJMmTZg8eTKxsbGcPn0aSEse32dnZ4erq6vt2mQyUb9+ffbs2UOfPn04deoUUVFRNGzYkDNnztCjRw9b3ZYtW1KwYEEAnnvuOVu5g4MDCxcufOTnJXt5eaW7LlmyJEajkTFjxtCmTRvKlStH165dbfezMue2bdty7949APz8/Fi1ahUAOXPmTDdWzZo1ATh37hxFixalWLFifP/997zzzjtcvXqVuLg47t27R/HixQG4desW0dHR6dbyQXN4UNmhQ4ds7e7/3JQrV46NGzdy9+5d3NzcsrJcIiIiIiIiIiIiIk+cEsAiIvKfEhUVxcWLF6lfv36GezExMTg6OjJnzhw+++wzJk2aRHx8PFWqVKFPnz4UKVLkgX02bdqUSpUq2a79/PyIiop6YF1XV1ciIyOBtGcROzo62p49fN/9Z9rGxMQQFRWFvb09zs7OD51XkyZNWLt2LefOnWPfvn0UKlSIwoULc+/ePRYsWGCr5+7uztdff42zs3OGZ9/+Nln9Z5UqVYqpU6cSEhJCUFAQJpOJRo0a0atXL9zc3LI051mzZmGxWAAempB2cnLCZDLZ1nrbtm2MGTOG119/nbfeegtXV1c++eQToqOjAWzrfn+srLJarURHR7Nu3TrWrVuX4X5MTIwSwCIiIiIiIiIiIvKPoQSwiIj8pzg6OlKsWDEGDhyY4Z6fn5/t3xEjRmCxWDh16hQzZszg7bff5ssvv8yQuIS0hOLvk4qZJYCjo6Px8PAAwM3NjcTERJKSknBwcLDViYiIANKSxZ6eniQnJ5OcnPzQZGjp0qXJly8fe/bsITQ0lAYNGgBpu2Z//xxgFxcX4uPjSU1NTXdc9W8ZDAasVmum4z1MpUqVqFSpEklJSRw4cIApU6YQFhbGJ598kqU558uXL0vjREdHYzabbeu5bt066tWrR7du3Wx1frtr+P73KC4u7pHmYzAYyJkzJw0bNqRVq1YZ7vv6+j5SfyIiIiL37d27l6FDhzJw4EDatm37tMMREREREZFswvi0AxAREfk7lS9fnmvXrpEnTx5Kly5te+XNmxcPDw+2bNnCq6++SkJCAkajkTJlytC1a1diYmIICwsD0hKCWXXz5k3b11arlX379lGsWDEg7Rm1ALt27UrXZseOHRQtWhQXFxdKliwJ/O/o5Pv9JCQkZBirUaNGbNq0iXPnztGwYcNMY/rtc4LvM5vNdO/enRUrVgBpRyDfvn07Xbv7SdqHmTJlCsOGDQPSjpUODAykSZMmnDlzJstzzkx8fHy6pPTevXsBKFq0KACxsbHpvjfJycmcP3/edu3r64uHh0e6tbzf7x8pX748Fy5coGTJkrafmZIlS5IvX75HPjZbREREniyr1cqSJUto164dDRs2pGfPnhw8ePAP2x0+fJjPPvss0z/ke9xSUlKYN28ebdu2fSzJ36BPN+PVeBRXb919DNH9z9QVofT8aO1j68+l3kiuhWc9xu0Hz2GqORTHOiNwrDOC/K3G0fOjtdy8E2urM2LuNnLUGmark6f5WN4c9xXxicm2Oicv3OL5oBA8Gn6Ic92RVH99Jl/uPPHY5iUiIiIi8k+iHcAiIvKf0qZNG9atW0f//v3p2rUrXl5e7N27l82bN7Nq1SoqVqxoS2J27NgRs9nMkiVL8PHxwd/fH/jfjs81a9ZQtWpVSpcunel48+bNIzExkXz58rFt2zauXLnC4MGDAShWrBj169dnypQpxMXFUaBAAbZt28axY8eYPHkyAIULF6ZWrVpMnjyZQYMGkSdPHlavXs2NGzcoX758urGaNGnC4sWLKV68OPnz5880prJly1K1alXGjx9Pr1698PX1Zd26dVy9epXAwEAAqlatyrp165g6dSqVKlXixIkTrF27FpPJ9ND1rVSpEsOHD+fTTz8lICCA27dvs3XrVqpUqZLlOWfm2rVrjBo1ihYtWnD16lVmzZpF1apVefbZZwGoUaMGq1atomDBguTJk4e1a9dy+fJlChUqBKQ9K/mVV15h7ty5+Pn5UaFCBQ4dOsQ333yDt7f3Q8fu3r07vXv3ZsiQIbRp0waDwcDq1auJj49n7ty5D20rIiIif6/PPvvM9p6oevXq7N+/n6CgIBYsWGB73/Aghw8fZsmSJdSrV892wsiTYjabyZEjB0uXLn1M/VnY8P1pgl4NZOnWnxjSte5j6fdJOL82CG+3XI/UpnA+T379chAWi5ULNyL5aPEuavaYxeHP38bLLe2Enm4tKjN/aDsAwiJieWnECkZ9toMJfZtx4Xoktd+cy1vtqjNtYCtcnRzY9uOv9JrwFfH3kunavNLDhhcRERER+ddRAlhERP5TXFxcmDVrFjNmzGDy5MmkpqZSokQJPv74Y9zd3QGYNm0as2fPZtiwYdjb21O2bFmGDBliOy65cuXK1K9fn5CQEMLDwx+aAB4wYAAbN27k1KlTeHp6MmTIECpUqGC7P2LECObPn09ISAixsbEUKVKEyZMnU716dVudYcOGMWnSJEaMGIGbmxsNGzakbNmyGcYqUKAAnp6etuOfH2bs2LHMmjWL2bNnk5iYSJkyZZg5cyZ58+YFoE6dOnTt2pWNGzeyfv16KlSoQIcOHVi79uG7P+rWrcvw4cNZtmwZa9euxc3NjTp16tCrV69HmvODPPvss/j4+PDBBx+QkJBAtWrVbMl0SEvSJiQksHr1aqxWK02aNCEgIIA9e/bYjrvu2LEjMTExzJ8/H0jbkdyqVSv279//0LFLlSrFp59+ypw5cxg+fDgODg5Uq1aNIUOGPLSdiIiI/L2Sk5NZtWoVBQoUYN68eZhMJk6fPk2PHj3YvHkz/fr1Y9WqVSxfvpy4uDgqV65McHAw27ZtY8mSJQB06dKFTz75hDJlyjB16lR27dqFi4sLr7zyCu3apSUY169fz8KFC20nxuzcuZMFCxZQvHhxlixZwpo1a0hJSSEgIIB33nmHXLlyMWnSJL7++mtatGjBzp07mTp1Km+++SY9evSgW7duHDx4kOnTp3Pt2jUKFy7MoEGDKFGiBLt37+ajjz7i448/fuB7QICtB85So0wBOjerSNP+C9MlgE9euEXPj9ZyNfwuhf08Wfx+Bwr5eXDw1DV6T1xHVGwiOe1zMH1Qa+pVLsy9pFS6j/2S0OOXKeDrTqXifra+YhOS6DtpPQdOXCGHnYm+HWrSq13aezjPRqMY/WZj1u05yblrEXzyTks2hZ7mxPlb5LAzsvmT13B2sqdIu0n8svJd8vm4MnDaZr7eewqL1UrdSoWZP7QddqbMD6szGg08m9+LhcPbU7/PfKatCGXUm40y1Mvj5UL/jrUYvXAHAOM+302T6kUZ+1YTW52ODcthsVgZ9OlmOjetiNGY9VN+RERERET+6ZQAFhGRbKlz58507tz5gfdy587NqFGjMm1bqlQppk+fnul9o9H40PYABQsW5PvvvwegWbNmmdbLkSMHvXv3pnfv3pnWcXV1ZfTo0Q8dD+Dnn38mMjIySwlgJycnBg0axKBBgx5432Aw0LNnT3r27Jmu/O2337Z9vWHDhge2bdq0KU2bNs107KzM+UFMJtND2+XMmZOgoCCCgoLSlXft2tX2tcFg4I033uCNN97IdJzM5lWuXDlmzZr1SDGLiIjI3+vKlSskJCTQqFEj28klxYsXZ/Xq1eTMmZPDhw/bTiopVKgQISEhLFy4kPbt23P06FH27t1L7969KVKkCDNmzGDTpk00a9aMO3fuMGXKFIoWLYqzszMTJ07Ez8+PwMBAtmzZYht/48aNzJ8/n0qVKuHn58fGjRuxWCyMGDHCVmf//v1UrVo1Xdzx8fEMHToUHx8f+vTpw5w5cxg7diwhISGYTCYcHR0xGjNPjH6+6QhvtK1GPh9XfD2dOXjqGlVL5cdqtfLy+yv4oEdD2tYtzcSle+k9cR1bpr7GWxPX0e/F5+jSvBLLtx2j98R1/LLyXRZtOszVW3c5tyaI+MRknus5m+fKFgRg5LztWK1WTq96l8iYRKq+NoOaZf0pXzQvJqOR+HvJfDu9O/PW/cjL76/g+LL+PJvfiwZ9FrAx9DSdGpX731qFnmbbD79ycvkADAao/vosvtx5Il2dh+nQoBwrth3L9L7ZYiGHXdrPwJ6fLjCud8b3p+3rl6HLh6s4ffk2pQrlztK4IiIiIiL/BkoAi4iI/MuFh4dz8OBBQkJCqFu3ru2IahEREZH/mri4OACcnZ1tZQaDwXbKia+vL6NHj6ZcuXJ4eHiwevVqzp07h7+/P8888wx79+6lRo0aeHh4sG3bNkqUKEFQUBAJCQm0bNmSPXv24OrqCsB7771H5cqVcXBwYPHixQBs27aNnDlzMmnSJBwcHIiIiGDnzp0EBwfb4pk+fToFCxbk5MmTtjKr1crQoUPx9/enSJEi7Nu3jx9++IHU1FRq165N7dq1M51zVEwih09fp37lIgC80rQiIVuOULVUfq7cusuVsGja1k07sWZAp1r0blcDgO/mvon9/ydI61YqTLdRqwHYe+QCbeuWxs5kxM05J21ql+J2dDwAX+89xRejO2EwGPByc6J9vbJ8vfcU5YumrW+L54oDUCSfF4X8PHg2v1fadX5Pbt6JSRd3y1olqFepCDkd0j6aqlGmABeuR/7h9/g+P28X7sbde+C967djmLoilObPlQAgOvYevp7OGerlsDPh7ZaLiLsJWR5XREREROTfQAlgERGRf7nTp0/z8ccfU7FixQy7X0VERET+Szw9PYG0HbX3Wa1W7t69i729Pb6+vnz11VfMmzeP6Oho7t27R2pqaoZ+4uPjSUxM5PTp09SvX99WHh4ebqufP39+IC3BfF9UVBTe3t44ODgA4OfnR0pKCpGR/0ts/jY5/duy2NhYxowZQ3h4uC2RbbFY/nDOy789xo07MXg1HvX/8wX7HCY+7t+C8Mg43Jxz2urmsDPZdsV+vfcXZn25n5RUC6lmMxarFYDImEQ8XB1tbTxcHW0J4PCoONoPWWY7pjkpOZWODf+3YzeXoz0AJpMBJ4cctnKT0YjZYk0X953oBAbP2MIvl8IxYODSzSj6dKj5h/O97/rtmHRJ3cWbDrN0609pMbs40qFBWQa/WgeA3B7OXL8dk6GPVLOFO3fj8XF/tGcSi4iIiIj80ykBLCIi8i9Xp04ddu7c+bTDeKL+6MhtEREREYC8efPi5OTE0aNHMZvNtmcA9+zZkw4dOuDr68vKlSsZOHAg1atXp3v37hn6sFqtODs74+TkhK+vr233bkpKCl5eXuzevRuA69ev4+vri9X6v8Rm7ty5OXHiBMnJydjb23Pz5k1MJhNeXl4PjfvMmTNMnDiRFi1aMGrUKKZNm8aBAweyNOclm4+wa1ZPapTxt5U9HxTCptAzVCzuR2RMIhaLFaPRQHKKmQvXI3HJ5cDrY77k8Od9KflMbq6F36VQ24lAWsI3OvZ/O2vDI+NsX+fxcmH1R69QoVjeLMX2MCPmbgMgdF4vTCYjPT9a+0jtl287xvOBpWzX3VpUZv7Qdg+sW79KYVZsO5YuWQ2wdvdJ/LxdKV7Q+xGjFxERERH5Z8v8ATIiIiIiIiIiIv8iOXLk4MUXX+TSpUv06tWLCRMmMGTIEOzs7GjWrJltZ+2vv/7KypUriY2Nte2yvX+08/z58zl//jzNmzfn4sWLrFy5kl27dvHBBx8QFhZmO455/PjxzJw5k3Xr1tnGb9q0KQkJCQQFBTFp0iT2799PgwYNsLN7+N/f39+xfPPmTXbs2MGJEyeAtB3A33//Pc8//zy//PJLhna/XArn6q27VC9dIF15m8BShGw5gr+vGwXzuLNkyxEAZq89wICpG4mKScTZ0Z7Cfp6YzRamr9qHxWIlMSmFGmX8+Wr3SVJSzdyJjufr707Z+m1duyRzv/oBq9VKSqqZgdM2cfj09ax/g34j4m4CZYr4YjIZOfbrTXYeOk98QtIftrtxO4Y3x33FrchYerWtnqWxBncO5Ltjl3hvxhau344hNiGJr3afpN/H65n4drN0u7hFRERERLID7QAWERERERERkWzjtddew2w2s2nTJi5cuECRIkUYNmwYxYoVw9fXl5MnT7Jt2zbKly9PoUKFuH37NgANGzZk69atHDp0iOeff5633noLo9HI9u3buXfvHrVr16ZkyZI4OzsTHBzMggUL2LlzJ4ULF+bIkbQEa6NGjbh9+zZr167l7NmzNG7cmAEDBvxhzBUrVuSFF15gy5YtREVFUb58eUJDQwkPDyc5OZmEhARSUlIytFuy6Qita5fMkMBsFVCCvpO/JjImkS9Gd6LnR2sZMvMbivl7s/j9DhTy86D5c8Up0XEKnq6OTHq7OQdOXKXR25/xzbTX+f7YJQq2mYB/Hnfa1yvLzYhYAD7o2ZC3J6+nWIePSTVbaFmrBOWezfOnvk8DXgqg66jVLNxwiGqlCvBx/xa8PuZLnitfkFYBJdPVvXA9Esc6I7BawTWXA82fK853c3vZjpz+I/lzu7Fv/lsMmbWV8q9OIyk5lbJF8jBvSDta1y75xx2IiIiIiPzLGKy/PatIREREREREROQJuP/xg8ViwWq1YrFYsFgsmM1m28vDw+MpR5k1V69epUCBtF23o0eP5ptvvmHVqlX4+fk95chERCQqKgqTyWR7GY1GjEYjBoMBozHtQEzt/BcRkX+DmJgYAI4ePZrlNhUqVAC0A1hEREREREREJMsSEhJ46623qFu3Lk5OTmzfvp1nn332qSR/i3WYzPlrkX/7uNlN8YI+nFrxxzu1RURERET+LZQAFhERERERERHJopw5c9K6dWs2bNhAfHw8lStXZtCgQU8llrOrn864IiIiIiLyz6YjoEVERERERETkictOR0CLiMg/l46AFhGR7OKvHAFtfCIRiYiIiIiIiIiIiIiIiIjI304JYBERERERERERERERERGRbEIJYBERERERERERERERERGRbEIJYBERERERERERERERERGRbEIJYBERERERERERERERERGRbEIJYBERERERERERERERERGRbEIJYBERERERERERERERERGRbEIJYBERERERERERERERERGRbEIJYBERERERERERERERERGRbEIJYBERERERERERERERERGRbEIJYBERERERERERERERERGRbEIJYBERERERERERERERERGRbEIJYBERERERERERERERERGRbEIJYBERERERERERERERERGRbEIJYBERERERERERERERERGRbEIJYBERERERERERERERERGRbEIJYBERERERERERERERERGRbEIJYBERERERERERERERERGRbEIJYBERERERERERERERERGRbEIJYBERERERERERERERERGRbEIJYBERERERERERERERERGRbEIJYBERERERERERERERERGRbEIJYBERERERERERERERERGRbEIJYBERERERERERERERERGRbEIJYBERERERERERERERERGRbEIJYBERERERERERERERERGRbEIJYBERERERERERERERERGRbEIJYBERERERERHJlsLDw+ncuTNt27ZlwYIFTzscERERERGRv4USwCIiIiIiIiKSLXl7e1O+fHlu375Nu3btADCbzVluv337dgICAti+ffuTCtFm1KhRdOnS5YmPIyIiIiIi2Z/d0w5ARERERERERORx27hxI3PnziUqKgqA559/nlq1atGgQQN27drFqFGjMJlMTznK/3Fzc8PDw+OJjmG1Wjl06BAbNmygcOHCdOvWzXZvx44dLFiwgIiICEqUKEFwcDB+fn4ArFmzhi+++IKkpCTq1atH//79sbPTR0oiIiIiIv9U2gEsIiIiIiIiItnKggULGD9+vC35C2CxWPjuu+8YPXo0SUlJnDx58omM/Sg7jH+rf//+TJs27TFHk96QIUNYsGABYWFhJCcn28ovXbrE5MmT+fDDD9myZQv+/v5MmTIFgIsXL7Jw4UKmTp3KihUrOH36NJs3b36icYqIiIiIyF+jBLCIiIiIiIiIZBsnT55k8eLFtmsnJyeaNWtmuzabzTg4OFCuXLkHtj906BCdOnWiZcuW7Ny501a+YcMGAgICCA0NBWD8+PEEBAQQERHBpEmTCAgIYNy4cTRt2pTk5GQmTpxIkyZNaNGiBdOnT8dqtQJpydbevXvTqFEjXnvtNVsi+q233qJJkyZA2k7dzz//nNatW9OsWTPGjh1LfHw8kLaT+c0332TkyJE0btyYfv36ERcXl6W1CQ4OZu7cuZQuXTpd+Y0bN3jhhRcoVqwYJpOJRo0aceXKFQAOHDhArVq1KFCgAM7OzrRq1YoDBw5kebzJkyfTuXNnGjRowPTp09m1axdt2rShWbNmLF++PEv9iIiIiIjIo1ECWERERERERESyjZUrV6a7zpUrF+XLl09XtmfPHm7evJmhbVJSEiNHjiQqKoomTZpw9uzZRxp7//79VK1alSVLlrB+/XratGlDhQoVWLlyJbt37yY1NZXBgwdz5coV2rZty507dxg2bFiGXcMbN25k/vz5PPPMMwQGBrJlyxbbjlxIS3LnzJmTcuXKceTIEbZu3Zql+Nzd3R9Y/txzz9GjRw/b9fHjx6lQoQIAEREReHp62u55eXlx586dLK/JhQsX+OSTT5g7dy5fffUVW7duZenSpUyePJl58+YRExOT5b5ERERERCRr9MAWEREREREREck2jh8/nqV6P/30E3nz5k1XdurUKe7evUvPnj3p2rUrxYoVY/To0Vkee/r06RQsWJATJ07w7LPPUrt2bU6fPs2ePXs4d+4cXl5e3Lhxg7fffpuOHTtSunRptmzZwt27d9P1s23bNnLmzMmkSZNwcHAgIiKCnTt3EhwcDEDhwoUZMmQIN27c4MUXX+Tq1atZjvGPnD9/njVr1jB37lwAkpOTsbe3t903mUzpjo/+I40bN8bb2xtvb28KFSpE8+bNcXFxoXTp0ri7uxMWFoarq+tji19ERERERJQAFhEREREREZFs5P5RyX369KFWrVoYDAZ27dqVoV5CQkKGsujoaAD8/PyAtGTno3B2dgbAx8eHlStXMn36dGJjYwFITU217Zz19vYGIDAwkMDAwAz9REVF4e3tjYODgy2elJQUIiMjATAa0w50s7Ozs/X9ONy5c4fg4GCCg4Px9fUFwN7ePt0OZYvFYhv3UZlMpnRtjUYjFovlrwUtIiIiIiIZKAEsIiIiIiIiItlG7ty5uXz5MjNnzmTmzJmZ1vPw8Mi07H6i9bd+n2y9/0zfB5kyZQo//fQT48ePJyUlhYEDBwJpiWHAlgj+5ZdfOHToEG3atMkwhxMnTth23968eROTyYSXl1emY/5VCQkJBAUF0aVLF2rUqJEultOnT9uuw8PD0x0JLSIiIiIi/zxKAIuIiIiIiIhItlGtWjUuX7780Domk4nKlStnKC9VqhTu7u6sWLECOzs7Nm7caLtXoEABAEJCQjh27Bjffvttpv3HxcWRlJTEzz//zMmTJ4G0hHHJkiXx8/Nj6dKlREVF8e2335KYmEjHjh3TtW/atCk//vgjQUFB5M+fn/3799OoUaM/vfP2j5jNZt5//30CAgJo1apVuns1a9Zk0aJFXLx4ER8fHzZt2kTTpk2fSBwiIiIiIvJ4GJ92ACIiIiIiIiIij0vHjh1xcnL6wzru7u4Zyu3t7Rk1ahT29vYsXLiQwoUL2+6VKVOGNm3acPnyZX744QfKli2baf99+/bF39+fZcuW4evri9Fo5NatW9jZ2TF+/HgKFCjA6tWryZUrF+PHj0/3jF2ARo0a8dZbb3Ht2jV27txJ48aNeffddx9xJbLu4MGDHDhwgOXLl9OwYUPb68CBAxQoUIBevXoxaNAgOnXqRIkSJTLsWBYRERERkX8Wg/VhZxY6B+27AAAgAElEQVSJiIiIiIiIiDwG9z9+sFgsWK1WLBYLFosFs9lsez3oWOY/IzQ0lBEjRpCcnJzhXs2aNRk7dmyGpKuIiGQPUVFRmEwm28toNGI0GjEYDLZnqBsMhqccpYiIyB+LiYkB4OjRo1luU6FCBUBHQIuIiIiIiIhINlOrVi0+++wzQkJCOHToEAkJCfj7+9O6dWtatWqFyWR62iGKiIiIiIg8MUoAi4iIiIiIiEi2U6hQId5///2nHYaIiIiIiMjfTs8AFhERERERERERERERERHJJpQAFhERERERERERERERERHJJpQAFhERERERERERERERERHJJpQAFhERERERERERERERERHJJuyedgAiIiJPQ0LiPeIT7pGckoLZYsFisWC1Pu2o/rkMBgNGoxGT0Yh9DjtyOTni5OjwtMMSERERERERERERkd9RAlhERP4zLBYr0TGxxCUkktPBHsecDri65MJkSktsGgyGpx3iP5bVasVssWA2W0hOSSEuIYGIqLvkcsqJu6sLRqPWTkREREREREREROSfQAlgERH5T7gbG8/d2DjcXJzx9/N92uH86xgMBuxMJuxMJhzsc+CSywlIW9drYbdxc8mFm0uupxyliIiIiIiIiIiIiOgZwCIikq1ZrVZuhkeQnJJCvjw+SlI+Zm4uuciXx5vk5BRu3YnCqnO0Rf41rFYriUkpTzsMERERERERERF5zJQAFhGRbCslNZXrYbdxsM+Bj6c7JqP+23sSTEYjPl7u2NmZuB52h8SkpKcdkog8RGJSCm+M+xKXeiNwrjuc4h0mcuDElacdloiIiIiIiIiIPCb6JFxERLIli8XCrdtRuLu64Onummm9U7+cYfiHH/Hiq91p27ELQUM/4KdjP/+Nkf51J385zSuv9+LK1WuZ1omLj6d52058u3P3E4vDy92VHDnsiIiMwWKx/KW+fJp8iKnmexz6JfM5New7D1PN91iw/kcA4hOTeeb5cXy++fBfGvtpu5eUiqnme8xYvQ+A749dIl/LMZy6eOspR/ZkPR/0OW+M+/KB9346cwPHOkOZuuL7vzmqzHUYEoKp5ntMXrYn0zqjF+7AVPM9On+wwlb2sHk+Dr//+XnQ78VHi3eydOtPjH6zCesmdaVz88p4u//9pyM8bC1mfrkPtwbv893Ri39zVCIiIiIiIiIi/35KAIuISLYUdjsSR0cHnHM5Zlrnh4OHeW/EKAwGA73ffJ1+vd/AwcGe4R9+xM8nf3nsMW39difN23YiLj7+sfbr6eFBpQrlcHV1eaz9/hm+3h44OjoQdjvysfS3eOOhB5ZfDoti1+Hz6cpy2tvRuHpRiub3fixj33fuWgSmmu+xbs/Jx9pvVvl5u9K4erGnkqB7kM4frKBi56mPvd9a5Z+hWmn/DOWxCUm8NGIZH/dvxTudAh77uH9VZj+jVquVJZsz3stsnk/Kg34v1n93ig71yzHgpdq0CijF8Nca8Gx+r78tpvsyW4tjv95kzMIdfDOtB7UrFPrb4xIRERERERER+beze9oBiIiIPG7RMXEYjUa8HrLzNyUlhU9nz6d82dKMGhGMwWAAILB2LQa8N4zZ8xcxa+rEvyvkvyRvHl8G9uv9tMOw8XJ3Jex2JNExcbi7Ov/pfrzdc7H826N83L8lDvbp37J8vukwXm5ORMUm2spMJiPzhrTPcv9mswWT6fH8Ldzj7Ov3CufzZNGIF59I3/8kQa8GPrA8V057ji0dkOFn4J/A2z0Xv1wK58dTV6lWqkC6e3uPXuTC9Uhye6T/Hchsnk/Kg34vbt6JoXnNEn9rHA+S2VqULuzLlfVDyWFn+psjEhERERERERHJHv55n6SJiIj8BRaLhbux8eTP6/PQej8d+5moqGiCB/a3JX8BjEYDjRvUY/HS5cTGxuHikpa82fPdPlauWcf16zfw8vKkZbPGtG3dwtZ2/ORp3I2NJaBmdVZ/tZ6YmBhKlyxB/z5v4u3lSccuPYiNjQPgxVe7U69OAEED+gJw/sJF5i8K4czZc7i4uNC6RVPat20FwNVr13nz7YEMfvdtdu8N5ejxn3FzdeXFF56nRdNGABw6cpT3R49n1rRJPOOfloS6cOkyM2bP5/yFS/j4eNO+besMaxB99y4LFi3lx8NHSElJpVyZUvR8rTP58/nZ6hw6cpSQL1Zx5eo13NxcaVg/kJc6tMNkenhixsfTnetht3FxdvrTz17uUL8cs9fuZ93ek3RsWN5WbrVa+XzTIV5pUpFPV4Xayu8lpZKr7jCmvduGvh2ey9DfnLUH6DPpKyb1a8n4z3cSUL4Qayd0AWDVjuOMWbidX6/eoZi/D+P7NKdZzeJ0GBLC2t0nAHgheAl+Pq5cXT8s075SzRbGLtrBoo2HuBUZS5nCeRj1ZhOa1SxuiyM2IYnhc7ayZtcJImMSKFbAm5E9GtG2bpkHrsPW/Wdo8e5Cji0dQJkieZiz9gADpq7ni1EvM3zuN1y4HkExfx9mDW5Lrpz2vDFuDScuhOHv686HbzROt3Z3ouN5d+oGNoam7XB/oV5ZPnmnFc5ODgDkbT6anm2qcTf+Hsu++QmjwUCHBuX45J3WnL1ym/KvfmLry1TzPeYOeYEeratlaU6JSSkMnbWFlduPEX8vhWqlCjDp7RZUKJb281az+wzy53Zj9bjOtjYrvj3G+M938n/s3Xd4leXBx/EfG4SwnAgoKohbFHHUqlit2rrQ1lar1tVhX7WVqq1dzmpbtWKHrXXb173rarFakbctDrRYqwhuGQpWCQkrAZL3j5iYkIQERdCHz+e6cpGc85wn93POCYHzPfdzT3rj7fRds0e+9YWd8t3Ddqn7uVvaeDt2+Ojj4Xab9suk19/OtfeNbxSAr71vfLYe1Cfdu3ZucHlTx1lfS/fTsj5/6v9cbLHR2tnjhMuTJBdcPyYXXD8mo3/9tfy3dF4OP+PGvP6nH6bfWj2SJK9Ofzen/Oq+PPLUy+nUsV0+t9MmueDEfbNmr5qZ6JPfeDs/+N2f88hTL6eqqjrDNuufi0/eP1tutE7d925pH0veF635+VnZjzkAAADAJ4FTQANQKO/OLm9VdHzl1deTJIM22rDRdfvu89ncdv3VdfH3wYfH5BcX/zqbbzo4Pz79lOz26U/lqutuyB9vvLXB7Z6fOCmjH/pbjjnisBxz5Ffy/MRJueKaPyZJLjr/7Bxx6CFJkl/+/Jwc89XDkiTTpr+Z0350Vjp06JDTTzs5++z1mVx7/Y25788PNtj3ry69PAM32iCnnXxSNhywfi79w1V5/Y0pTR7bggUV+fFZ56esfE5OOP5r+dIXRuT2u+5psE1FZWW+96Oz85+JL+T4rx2dkScdn/++825O++GZeXfWrCTJa29MyTk/uzAbDFgvP/nBqdn3c3vl5tvuyvU3t7x+abt2bdO1a5fMml3e4rbNWXv1knxmu4GNTrE75ulX8tqbs3LY3tt8oP1edc8T+dn/fD7f/cquSZIbR/8rh/34huw5bFDu+PlXs9XAPhlx2rV55sU3c/HJ++e+i49NkowaeUAe+s03lrqvr513Wy64fkxO+tLOufX8I7LBur2z/ynXZPRjk+tu85Wf3Ji7H30uvzjx83lg1LH5zHYD8+Uf35BnXnyz1cdQuXBxfnrNw/nh0Z/JZad/IXPmVeQLp/8xI753XQ7da0iuO+PLWW+dnjnq7Fvy+ls1j2dF5aJ85oQ/5LHn3shlp38hv/zO/rnn/57Pcefd1mDfF904Nv8tnZvLf/DFHLv/sFx252O56t4nMqj/Gnnm+pHZd+dNsvF6a+aZ60fmC8O3bPUxHfrjG/K/f3k6Zxz32dx4zlfStk2b7HnS5Zn29uwmj/Ga+8bn8DNuzKe33iB3/PyrOfSzW+f7v30gZ1ze8GejufGuCBWVi3L0ftvlpgcnZEHForrL58yryO1/+3eO2X9YKioXLWUPjbV0P32Y58+wTfvnmetHpke3zjl2/2F55vqR2WmL9RttN3vOgux2/GV5dfq7+cMPvpBLRh6Yvz/zag76/nWpqqrOnHkV2e34y/Ju2bz88cxDc+v5R6RtmzbZ77tX190PLe2jKa35+UlW7mMOLB/133y3pKqqqhU4EgCKZmm/R5b2+wcAisYMYAAKo6q6OuVz5mW9vmu3uG1ZeXm6dO6czp07LX2fVVW59n9vym67fConfPO4JMmwoTXh8Y6778mI/T6XHj1qTjW9WpfOOfeMH6bHe2vxvvnWW3lkbM0M1f79+qZ37151n3frWjMD7vqbb0tJt2454wenpkOHDtlhu20z8+3/5o67781+n9urbhyHHHRAvvLlLyRJhmy9RQ45/Nj85/kXsv56DWcdJslfHvpbSmfPzoXnn5W+6/ZJkmw6eFC+edIpdds8+NAjmTb9zVz264vSv1/fmv1utUWO+cZJuf2ue/ONY7+aZ//zfBYtWpxvfePYdOrYMdsO2SqLFy3OzP/+t8X7N0l6lnTLlOkz0rtn97T9AP/RrqhcmGP22y5fPfuWTJ05u25m4jX3Ppmhm/TL4PWWPsu7OXdfcFQG9a9ZD7W6ujrfv/SBHLLHVrn45JpZ1/vsODhPPj8lv77l77nqx4ekYuHiJMl6a/fM4PXXbHZf/3n5rfzvn5/O779/cL4xYockyX47b5pdj/99fvj7P2fvHTdOkpx86C5Zb52edbcbvu1Gufb+8fnLY5Oy9aA+rT6Ou35xVNZbp2eSmnVev/KTGzNq5AH59pd2TpLstOX6Wf/A8/OPZ17L+uv0ynUPPJXnX52ZZ64fmc03rPkZ6dC+bV0kXn+dmufnzlsNyPVnH5Y2bdrk4OFb5MHHJ+fRp1/Jtw7eKVtstE56dOuSzh3bZ4t6Mz1bOqYnn5+S+/4+Mbf/7Mi6maqf2W6jrHfA+bnloX/nu4ft0uDYFi+uyg9/9+cc+tmt89vTRiRJPv+pmlMWX3j9o/n2lz5dN4t0aeP9qC2oXJSj990uZ13x19w55tl85b03Jdzy0L+zaHFVDt97m1xz75Ot3l9r7qcP8/zp2qVjtthonbRr2zZr9Oja4DGs7/K7H8/bpXPyxDUnZZ3Va/4+27Bv7+x03G8z4cXpGdR/jVzzky9l2Gb9s3qP1ZIka/XqlqFH/SrPvDQ9O2y+Xov72HZw3wbfs7U/P8nKfcyBj15VVVXafsCzhwBAbQAWewFY1flfFQCFsWBBRTp17PCBTznclNfemJLS2bMzfJedG1z+meG7ZNGixXn+hUl1l6255hp18TdJVu/dO7Nnly11/xOeeTbbb7dtqquTysqFqaxcmM03HZwZM99OWfn7s2c32miDus+7rrZaOnXqlNLZTc+cfOmlV7LhBuvXxd8k6dWrZ8Pv++9ns+EGA+rib5J0LynJsKHb5Jlnn0uSbDxoo7Rt2ya//NXvMuHf/8nChQtz6CEH5dvf+vpSj6lWu3Zt07FjhyxYUNGq7Ze0oHJRDh6+ZXp065zrHngqSVI2d0HuHPOfHLv/sFQsXLaZlbX6rP7+YzTxtZmZ/nZZRuy2RRZULMqCikWpXLg4O281IE9ObHqGdXP7enj8S0mSw/YaUndZmzZtcvje22bC5OmZVVazXvEuQzbI/f94ITsd99v0+fy56bXnmZk9Z0FKy+ZnWdRfW7Y23taParXB/O3SuTXje/LFbDpgrWzUd/W6Y/3UlgOSJOMnTq273ZBBfRq8WNJ3zR6ZOWvOUsfS0jGNnfBqkmTfnTetu02XTh0y/rpv5/AmZnL/55UZmTlrTg6td18myRH7bJuFixbnH/9+7UONd3lZULkw/dbqkb12GJRr739/pvq19z+ZEbtunt7dV6t7A0FrtOZ+Wl7Pn6X5vwmvZOgm/erCbZIM27RfnrvplAzqv0ZKVuuUbTfpm/OueThDjhiVNfc+O7t967IkqXuet7SPJbX25ydZuY858NFo06ZN3ceiRR/s9zsAJMmiRYvq/q0oAgOwKjMDGIDCmLegIl27dG55wyRdu66W+QsWpKKiIp06NT8LuDbg1s7erVUbVOtH2mVVXV2d2WXluf8vf839f/lro+tr1wxe2u2bUjp7dnr17NnkdbVmzy7L6kscU1JzXLVRe/CggTn/7J/k1jvuzpnn/jxt27XL7rvunKOPPCzdS0oa3bYpXbt0zrwFFVmtlY9LfZULF6dzp/b5yl5Dct394/Ojoz+TWx76d6pTncP2GpI58z9YWK6vNhodfsaNja7rs0b3ZdrXf0vnpmuXjilZreHzqTaAvVs2L726d8lJF92dP/3fc/nFiftmu036pWuXjtn+mF9/wCNoWe3TZOasOXn+1RnpOvxHjbZ5t4V42NxzrVZLxzSrbF56dOvcaI3W2nC9pLdLax6XdZd4DGrvy3dmz/tQ411eKt+Lu8fuv30O/fENeeOt0lQsXJR//vv1/PmSmjMGLFzU+gDcmvtpRTx/3i2b3+ANBknNi2ebDFgrSc26wnuddEU6dWyf8771uQzqv3qmzJidvb59Rav3saTW/vw0Z0U95sDy1dQL8wsXLkznzsv+7wYASJLKyspGlwnBAKyKBGAACqOycmG69Ww+ENS3wfrrJUlefuW1bLbp4AbXPfzI2Nx46x351YXnp/t76wAvOZP33VmlSZLu3ZctEtbXpk2bdOrUKcN32Tl777l7o+vXXGONzJg5c5n326tnz0ybPn2p25SUlKS0tPEM4ndnzUr3erOYt9pis2y1xWapqKzMU09PyKWXX52Zb/83Pz3zh60aS6dOHTO3dOmzoJtTG3SO2X9YfnfHuPzfhFdz7X1P1s0KLp/34QNwty41sem3p43INhs3PCXtkhGuJb27r5a58yszv2JhunTqUHf5m+/UHP/qPVZLReWiXHP/+PzmlANz1OeH1m2zPGetN6dbl07ZZvC6+e2pBzW6bsO+vT/wfltzTD26dUnZ3IosXLQ4Hdq3fL+u3r3m9M5vz5rb4PI336l5w8UaPVf7wONdnmqb4wG7bJbe3bvkugeeyoKKhem/ds/sOWzQe9u0Pky2dD+tqOdPz26d89/Suc1e/49/v5ZnX34rz998at1p0Zdc17elfSypNT8/QDEt+aL8woULU11d7cV6AJZZdXV1Fi5cmHbt3v+3tN8nAKyqnAIagMJYvLgq7dq17lfb0G2HpKSkW+74070NLq+urs6f//pwOnfunG7dumb99dZL95KS/P2fjzXYbuzf/5m2bdtm8yXi8dLUrYNbr5Nssdkmee31N7LxoIHZZPCgbDJ4UDYeNDB9+qyTjh07NL2jFmw8aKO8/OrrmV32/uzkefMazvDcaovN8uLLr+StGe8H5rnz5uWpp5/JVltsniT53eVX56e/uDhJ0qljx3xqx+3zmd12yYsvv9LqsbRr1zaLF1d9oOOote3gvtl6UJ/8+LK/5LH/vJFj9x/2ofZX35YbrZPuXTvntemzsuMW69V9bLL+mtl8g5p1cmsft5ZC3vBtN0qS3P63ZxtcfutDz2TIxuumZ0mXlM+ryOLFVQ1ehHhp6juZVb78Tt/bnE8P2SAvTnknA/r0anCsG6zbu9FMzaVp26ZNg/uiNce081YDUl1dnb889v4p0xcvrsqwo3+di2/6v0bfY4uN1s7qPVbL7X/7d4PLb33ombRr1zaf3nqDRrdZmTp2aJcj9tk2190/Pn/881M5et+hadt22V9oaul+WlHPn09tNSDjX5ja4LTKL019J/0POC/jnn297vvVfy3tieenLNM+ltSanx+gWJZ8Qb72FNBJUlHx4d/kBcCqp6KiosGyAvUJwQCsaswABqAwFi1e3OCdvkvTqWPHnPDN4/Lzi36V8y64OLvtsnMqKysz9u/j8sKkyfn5uWcmSdq3b5cjv/KlXPqHq9K1a9cM3WbrTHrxpdx821055OADW30q5KRmjeAkueeBv2TbrbfKJoMH5YjDDslpPzwz5/7swnxu7z3Tpk2b/Om+P2fevHm5+Bc/XfY7IcleewzPzbfdmfMvHJVjjjgs1anOVdde32CbffbaI/f9+cH85Jyf5cjDDkmHDh1yyx13p3379vniQfsnSbbacvOcf8GoXH71ddlh2HZ5591387cxYzNkqy1aPZZ27dpl0eLWnwK3Ocfuv32+c/GfMqBPrwzfdsMPvb9anTq2z1lf/2xO/fV9qaqqyj47bZK3S+fmjMtH5wvDt8zPTvhc1lm9JO3btc3Nf52Qjh3aZ9+dN2lyX9sMXjdf2mOrnHjR3SmdMz8b918zN47+V/5vwmu5/+JjkyRr9OyaoZv0y1lXPJjq6uosqFyUC69/NAsXLV4up7Remm+O2CF/uOux7Hni5fnRMXtkndVL8qdHn8s194/PS7d/P2v26tqq/ay3Ts/c/si/c+Pof2XYZv0zqP8aLR7Tp7ZaP3sOG5SvnXd7zv/W57LeOj1z+V2P5cUp/83Bwxs/nzq0b5dzvrF3TrjwrvQs6ZK9dxycx597I+dd+7d8/8jhH8vZoMfuPyy/uuXvSZKj9/tgb1Jo6X5aUc+fbx60Y3572z+y33evyQ+O2j1t2rTJWVc8mLV6dcv2m/XP26Vz0221Tjnq7FtywiGfysRXZ2bUzTUhf878ylbtY0mt+fkBPvnaLPEmovqX1zd37tx06tTJi/UAtFp1dXXmzp3b4HdHc79H/H4BYFUgAANQKG2X4T9yu+68U1br0iU33XpnLhz126y2WpcM3HCD/PLn52bwoIF12+27z2fToUOH3H7XPbn3gb9kzTXWyNeOOTIj9vvcMo1t6y23yC4775jb7vhT/vvOu9lk8KAMHjQwPz/njFzzvzflvAtGpVPHjtl2m61z8onHL9O+6+vUqVPOPfOH+c3vrsj3f3JO1ll7rXxhxP55YfJLddt06dw5v/jpmbnymv/Nr39Xs27nlltsltNOPjG9e9WsN/rpnXbIKd/5n9x+1725788PpqSkJDvtMCzHfPUrrR7LsjweS3P43tvke7+9P0fvN2y5/2f9O1/+dEpW65Rf3jg2v771H1m7d0mO2GebnHHcZ5Mkq3XukPO+tU/Ou+Zv+c8rM5oNwEly3ZmH5ozLR+fn1z2SWeXzs9XAPrn/4mOz944b121zy3mH54QL78qpv74va/Tsmh8fs0fGPP1y5i1YuFyPa0k9S7pk7GXfymm/vi//c8FdWbhocbbbtF/+POq4VsffJDn+4B0z+rHJ+cbP7sjvvndQBvVfo1XHdMfPj8z3L30gP/jdA5m7oDI7bbF+xvz++Azo0/Q6wMcfvGM6dWyfC68fk9/e9s+st07PXHjSvvnOlz/9oe+Lj8IWG62TYZv1T7cuHZs9ptZo6X5aEc+f1Xuslkcv+1ZO+dW9+erZN6dD+3Y5cNfNc8GJ+6Zdu7ZZZ/WS3PWLr+aUX92Xr59/ezbfcO3c8fOv5vRLH6hbv7mlfTSlNT8/QLHUn6FVf8ZWVVVV5s+fn9VW+/i94QeAj6d58+aluro6bdu2bfL3CwCsatpUL8vCZADwMfbqlDezQf8+K3sYLMHjAgDUqq6ubvBRVVVV97F48eK6j6qqqvTs2TMdOnywJTEAWHVUVlZm9uzZadu2bdq1a1f30bZt27qP+m80EoQB+KQoKytLkkyYMKHVtxkyZEgSawADAAAAK1BzM7OWfGG+tLQ0i5fDUhIAFNeiRYtSWlqapPHvETOBAViVCcAAAADACtdU+K3/UV1dnVmzZqWqqmoljxSAj6OqqqrMmjUrSfO/S2qvA4BVjQAMAAAArBBLvgjfVASuf7rOxYsXZ+bMmamoqFgZwwXgY2rBggWZOXNmqqqqGv3uWFr8FYMBWFW0X9kDAAAAAFYttS/AV1dXN4q/1dXVdX/Wfrzzzjvp0qVLunfvnnbt2q3k0QOwsixevDhlZWWZP39+gzV+a+NvU+v9Ov0zAKsiARgAAABYKZqbAVw/AteaP39+5s2bl5KSkpSUlHgxH2AVUlVVlTlz5qS8vLzRjN+lxV8AWFUJwAAURreuXVb2EGiCxwUAqK92fd+mZgHXj79NqaqqSnl5eWbPnp3OnTtntdVWS4cOHdK2bdu0a9fOi/0ABVBdXZ3FixenqqoqCxcuzLx587JgwYIGobf2o127do1mAjcXgv2OAGBVIgADUBhr9u65sodAEzwuAMDS1L4g37Zt21RVVTUbf2tfxK9d77GysjIVFRV1p4lO0mDGMACfTE2dHaL2TT71A++S8dfsXwB4nwAMAAAArFBLzgKuf/nSZv/WblNVVdVgjeCkYfwVggE+eer/TmhuiYAlZwC3NPPX7F8AVlUCMAAAALBSLfkCfVMhuPaF/Npw3FwAFn8BPrma+n3QXABe8vPmZgCLvwCsigRgAArj1SlvruwhAACs0jbo36fV2y4Zc+u/YF+7FnDtdvVP/Vz7pwAMUDxLC8BLi8Bm/QJAQwIwAIWxLC84AgCw8jUVgetbMgQ3FX8FYIDiaCkALxmBWzrlswgMwKpKAAYAAABWmiXj79ICb1PXWQMYoBhaWgO4uRAs/gJAYwIwAAAAsFK1diZwU9G3uZm/IjDAJ8eSf+8vGYDrf97cx5K3A4BVmQAMAAAArHTNReDm1vut/3XtZU19DsAnQ1MzgGs/by4E199W/AWA9wnAAAAAwMdCczOA619XPxInwi9A0TR3KujaP5cWfMVfAKghAAMAAAAfG7Uv3rcUgutvV58IDPDJ1dypoOt/LvwCQMsEYAAAAOBjp/4s36aCwJLXNbctAJ88rQnBzX0NAAjAAAAAwMfUssTdpV1nVjDAx8+yhNvmzggBADRNAAYAAAA+1uq/yP9BZvqKBADF4O9zAGgdARgAAAD4xGjuxX+zfAGKQ+gFgA9HAAYAAAA+8cQCAACAGm1X9gAAAAAAAAAAWD4EYAAAAAAAAICCEIABAAAAAAAACkIABgAAAAAAACgIARgAAAAAAACgIARgAAAAAAAAgF2UAlcAACAASURBVIIQgAEAAAAAAAAKQgAGAAAAAAAAKAgBGAAAAAAAAKAgBGAAAAAAAACAghCAAQAAAAAAAApCAAYAAAAAAAAoCAEYAAAAAAAAoCAEYAAAAAAAAICCEIABAAAAAAAACkIABgAAAAAAACgIARgAAAAAAACgIARgAAAAAAAAgIIQgAEAAAAAAAAKQgAGAAAAAAAAKAgBGAAAAAAAAKAgBGAAAAAAAACAghCAAQAAAAAAAApCAAYAAAAAAAAoCAEYAAAAAAAAoCAEYAAAAAAAAICCEIABAAAAAAAACkIABgAAAAAAACgIARgAAAAAAACgIARgAAAAAAAAgIIQgAEAAAAAAAAKQgAGAAAAAAAAKAgBGAAAAAAAAKAgBGAAAAAAAACAghCAAQAAAAAAAApCAAYAAAAAAAAoCAEYAAAAAAAAoCAEYAAAAAAAAICCEIABAAAAAAAACkIABgAAAAAAACgIARgAAAAAAACgIARgAAAAAAAAgIIQgAEAAAAAAAAKQgAGAAAAAAAAKAgBGAAAAAAAAKAgBGAAAAAAAACAghCAAQAAAAAAAApCAAYAAAAAAAAoCAEYAAAAAAAAoCAEYAAAAAAAAICCEIABAAAAAAAACkIABgAAAAAAACgIARgAAAAAAACgIARgAAAAAAAAgIIQgAEAAAAAAAAKQgAGAAAAAAAAKAgBGAAAAAAAAKAgBGAAAAAAAACAgmhTXV1dvbIHAQAAAAAAAECNsrKyD3xbM4ABAAAAAAAACkIABgAAAAAAACgIARgAAAAAAACgIARgAAAAAAAAgIIQgAEAAAAAAAAKQgAGAAAAAAAAKAgBGAAAAAAAAKAgBGAAAAAAAACAghCAAQAAAAAAAApCAAYAAAAAAAAoCAEYAAAAAAAAoCAEYAAAAAAAAICCEIABAAAAAAAACkIABgAAAAAAACgIARgAAAAAAACgIARgAAAAAAAAgIIQgAEAAAAAAAAKQgAGAAAAAAAAKAgBGAAAAAAAAKAgBGAAAAAAAACAghCAAQAAAAAAAApCAAYAAAAAAAAoCAEYAAAAAAAAoCAEYAAAAAAAAICCEIABAAAAAAAACkIABgAAAAAAACgIARgAAAAAAACgIARgAAAAAAAAgIIQgAEAAAAAAAAKQgAGAAAAAAAAKAgBGAAAAAAAAKAgBGAAAAAAAACAghCAAQAAAAAAAApCAAYAAAAAAAAoCAEYAAAAAAAAoCAEYAAAAAAAAICCEIABAAAAAAAACkIABgAAAAAAACgIARgAAAAAAACgIARgAAAAAAAAgIIQgAEAAAAAAAAKQgAGAAAAAAAAKAgBGAAAAAAAAKAgBGAAAAAAAACAghCAAQAAAAAAAApCAAYAAAAAAAAoCAEYAAAAAAAAoCAEYAAAAAAAAICCEIABAAAAAAAACkIABgAAAAAAACgIARgAAAAAAACgIARgAAAAAAAAgIIQgAEAAAAAAAAKQgAGAAAAAAAAKAgBGAAAAAAAAKAgBGAAAAAAAACAghCAAQAAAAAAAApCAAYAAAAAAAAoCAEYAAAAAAAAoCAEYAAAAAAAAICCEIABAAAAAAAACkIABgAAAAAAACgIARgAAAAAAACgIARgAAAAAAAAgIIQgAEAAAAAAAAKQgAGAAAAAAAAKAgBGAAAAAAAAKAgBGAAAAAAAACAghCAAQAAAAAAAApCAAYAAAAAAAAoCAEYAAAAAAAAoCAEYAAAAAAAAICCEIABAAAAAAAACkIABgAAAAAAACgIARgAAAAAAACgIARgAAAAAAAAgIIQgAEAAAAAAAAKQgAGAAAAAAAAKAgBGAAAAAAAAKAgBGAAAAAAAACAghCAAQAAAAAAAApCAAYAAAAAAAAoCAEYAAAAAAAAoCAEYAAAAAAAAICCEIABAAAAAAAACkIABgAAAAAAACgIARgAAAAAAACgIARgAAAAAAAAgIIQgAEAAAAAAAAKQgAGAAAAAAAAKAgBGAAAAAAAAKAgBGAAAAAAAACAghCAAQAAAAAAAApCAAYAAAAAAAAoCAEYAAAAAAAAoCAEYAAAAAAAAICCEIABAAAAAAAACkIABgAAAAAAACgIARgAAAAAAACgIARgAAAAAAAAgIIQgAEAAAAAAAAKQgAGAAAAAAAAKAgBGAAAAAAAAKAgBGAAAAAAAACAghCAAQAAAAAAAApCAAYAAAAAAAAoCAEYAAAAAAAAoCAEYAAAAAAAAICCaP/qlDdX9hgAAAAAAAAAeM/qPbp+4Nu2qa6url6OYwEAAAAAAADgQygrK/vAt3UKaAAAAAAAAICCEIABAAAAAAAACkIABgAAAAAAACgIARgAAAAAAACgIARgAAAAAAAAgIIQgAEAAAAAAAAKQgAGAAAAAAAAKAgBGAAAAAAAAKAgBGAAAAAAAACAghCAAQAAAAAAAApCAAYAAAAAAAAoCAEYAAAAAAAAoCAEYAAAAAAAAICCEIABAAAAAAAACkIABgAAAAAAACgIARgAAAAAAACgIARgAAAAAAAAgIIQgAEAAAAAAAAKQgAGAAAAAAAAKAgBGAAAAAAAAKAgBGAAAAAAAACAghCAAQAAAAAAAApCAAYAAAAAAAAoCAEYAAAAAAAAoCAEYAAAAAAAAICCEIABAAAAAAAACkIABgAAAAAAACgIARgAAAAAAACgIARgAAAAAAAAgIIQgAEAAAAAAAAKQgAGAAAAAAAAKIj2K3sArJpem/5uHv3Xy3ntzXczYfK0lJbPT2n5/FQn6dmtS0rnzE+bJD1LuqRnSZcM2bhvhgzqm60HrZsB6/ZeyaMHaL2KiRPz3/PPb3G7koMOSveDD14BIwI+iE12OvdD3b5vnx7p26dnzb4GrZNNN147e+wyON1LOi+P4QEFUPHEuCyaOjWLpk1J5cTnUlVW1mibtt27p+Omm9d93XHTzdO+b790qHfZx83iqVMy567bluk2nbffMZ12+NRHNCIAAIDia1NdXV29sgfBqmHC5Gm57v4n88hTL2VAn94Zvu1GGbJx3wzo03upUfe16e/WheIxT7+c0vL52WZw3xy177AM2bjvCjwCgNb773nnpeKFF7Jw2rQsmjZtqduWjBiRNX/0o7Tt3n0FjQ5YVh82ADdnj10H54cn71UXh4FVx+KpUzLv4dFZ8Pi4LHh8XKrLGwffZdFh083Svm//dNx086y2594fmyhc8fg/M+PILy3TbXqcODI9vn3KRzQiYGWaM/vtdOux5soeBgDAJ0JZE28Mbi0zgPnIXXf/kxl106MZMqhvjt5vWEaNHLHU7cc89VIe/dfLOfNre6e0fH5ef2tWhg8dmOFDB+bkw3ar2+aSm8bmtTffzTH7b5+j9h22Ig4FoFUqJk5M6R//2OCy9uuum+4HH5z5jz+e+U8+2eC6bp/9rPgLq6iHx07Kw2Mn5fwfH5CD9916ZQ8HWAHmPzQ6c+68NfMfGr1c97tw4vNZOPH5mv1WV6dHvQA844hD0vOkkWbVAiudAAwAsGJYA5iPzNlXjs6QIy5KdXV1Jlx/aq4987AMHzowEyYvfSbcWVeMzllXjE5p+fxccvOjGf6tSzPmqZcabDN86MBce+ZhufvCY/Pq9Hcy/PhLc/aVy/cFFIAPqqlTNi6aPj1V5eWpeOGFRtdVTJy4IoYFfIz98Kf35PxR/i0DRTb3ztsybfcd8/b/HLfc429LKp4YlxlHfikzjjgkFY//c4V+bwAAAFY8AZjlbsxTL2XIERelR9fOmXD9qTl6v+2TJGdd8Ze02eG72ebIX2abIy7Ka9PfbfL2j/7r5SQ1p4y+9r4nG10/YfK0nH3l6Jx9ZU0kPuvr+2TMZSekR9fOGXLERY1iMcDK0GXYsPQ+8cT0PvHEtO3WLUlSet11qSovX8kjAz6u/njrE3n86ddX9jCA5WzhxOcy44hD8s7pI7N42tSVOhYhGAAAYNUgALPclJbPzzHn3JRr73syY35/Qt3pmpOaKHz2lQ/mrguOyat3/Tizyufn5FF3N9pHbbw982t75eRRd6dnSZdG129z5C9z15hnc9eYZ7PNkRfVzSg++bDdMub3J+SSm8dm5Ki7U1o+/yM8WoDmdejbNz2PPjrzn3gi8594Im179Fjq9vMff3wFjQz4uPvZJWYBQ5HMOu+svHng3ql4YtzKHkoDQjDwcVJZMXdlDwEAoHCsAcxyMWHytJx88d05+bBdM2K3LVNaPj+PPv1ydtt2oyTJmKdfyoA+vTJity2TJEfvNyxnX/lgo/2MefqlbD1o3Qzo0zvPvDg91/zk0Jx88d0Z8/RLGT50YC65eWzWX6dXJlx/apJkyBEX5ZKbxubaMw9LkvQs6ZK7Lzw21973REacdnUu+e6IDNm474q5EwDe075fvyTJ/CeeWMkjAVakwQPXTveSzg0umzj5rcyZW9Hqfbzw4oxMe7M0ffv0XN7DA1agxVOnZOYJx2XhxOdX9lCWqiYEj0un7XfKGj+/OO369V/ZQwIK7t2Zr2Wd9Tar+/qtN55v8HWRzZ0yPXOnvVn3dc9NN07HHiUfer9TRz+SWRMn13291g5Ds/ZO27XqtpWzy7OwrDxd+6/b5HUzH38qc6dOT6/NBmetHYe2ap+znpuUXpsPbt3g3zNj3PhWj7n++Kb+dUxmjhufyrLy9Np88DIde0vjadOmTZKka98+Td4/y2LulOmZNXFyZj0/KZWzy9OxR0m69ls3G35x/1bdvrn7tHJ2eUrf22+vzQa36jk167lJmTvtzcx6flLN51On53N/vrnVx1I5uzyv3nFvpox+JHveckWrbwfAiicA86HVxt9rzzgsA9btnbsffTbHnHNTSucsyNH7Dss1ZxyWAX1657U3Z2XC5GkZsnHfTJg8PQfuukWjffXs1iVH7zssQzbum/XXqQnG9U8DXVo+P8O3HdjgNqVz3p/pe/ejz2ZAn945er/tM2Tjvjn54rtFYGClaN+vXwY8/HAWTpuWGaefnkXTpze77fwnG5/uHvjk+eHIvbPDtus3urysfEGuu+XxXHrV2FbtZ+LkGQIwfIItnPhc3jrikFSXl63sobRaxRPjMu0zO6XrwYek54nfFYKBj8Sc2W+n91oDGnzd3Ozf2ss7duq6Qsb2UZk7ZXpeuPrGTH3wkcyd2vj/hGvtuF02POSAVofAWjPGjc+rt9+bKQ8+koVljZcZ6tpv3ex40dmNYujcKdMz4/GnMnPc+JoA+PykdO23bj73wM3p2KOkLqpOHf1Ipj74SIPbduhekk2OOzxbnvzNRt+vcnZ5Jl1zY1657Z7MnTo9255xajY57vBWH8/Dh349SU283vPWK5e67Su33ZOpD45pNL7ar5s79qWpPe5XbrsnMx8b3+j6XpsNzuDjDl+mx6l2n5OuuiGznp/U5DZPnX1hk/fpjHHjM/Pxp2r+fG88e9x8Rd0xTR39SF65/d5G90GSbPjFA7LtGac2GYJnjBtfd18vq9rn3Cu331N32Su33ZMNDzngA+0PWqP63X+kTZf+SZf1VvZQ4BOpTXV1dfXKHgSfXHc/+mwuuWls7r7w2PQs6ZIxT72U3f/ndxl18oEpnTM/Z1/5YGY9dF56lnTJ8OMvrVvfd/11euXuC49tdZh9bfq7dXH5oO9dk0tGjkjpnPk564rRueuCYzJity0zYfK07P6tS1M6Z0Gu+cmhOXq/7VNaPj8jTru6bmYywMrw0uCW3/08cFLT/yEEPh422encFre57tKvNhmA666/+fH87FeNz4CypBOO2zUnfW23FrerVVa+IC+8NCNJ8sLktzK7fEHdjIXt3xvP9ts0P64Pa+Lkt1L+3iznJ95bw3hFfN+Pu9rH5YXJb6VsTuNZ4Ntvu35KunbKphuvsxJGx0el4vF/Zub/fG2lx98eJ45Mj2+fUvf1Gxv3W6bbL88QXPH4PzPjyC8t022WHD9QDG+98Xx6r71+XdT9250X5TMHn9pgm8qKuXWzgj/J8bdydnmePueiTBn9t2z4xQOy9k7bpUP3krqwWn8mcFITLYeecWr67b37Uvc7Y9z4PHvJH7L2jkOz4RdrwtuMx8bnhatuSGm9WcC1loyBr9x2Tx479cxG2w0+9vAsLCvPlAcfSde+fZKkyf3V7nPHX55d9/XU0Y9k7De+22i7A/9+f6tnzt64/jZJlh6AZ4wbn6fPuShr7TC07n6a9fykTLrqhkb3Z+04mwuh9b1y2z159pI/1M0e7tpv3Wb3u7QIXt/U0Y9k3KlnZu0dhmbweyF8YVl5Tbz+65hG2/fabHB2vOjsulm+D+zz5Ub3f9d+62bLkcfn2VGXJdXVdeNcWD6n0f669ls3u15+cZOzhl+46oY8fc5FDS77yuv/WurxJO8/Rkt+nwP/cX+Lt4UPonrqTUmSNv0OW8kjgZWrrOyD/9/SDGA+sAmTpzWIv0kyfOjAHLjrFvnVLTUzXLYetG7ddWMuOyETJk9Lafn8DNm4b93ljz79ckrL52fCizVr+dbG3qRmRvCQjfvWnUp6xG5b5pqfHFo3K3jUyQfWnXL6mHNuyvp9eufMfYflmHNvzoA+vTN86MDcfeGxGXHa1RnQp7eZwMDHVsXEiem06aYrexjAR+ioQ3doVQBuybQ3S/Pw2El5/OnX88TTr6W8ibjYlO23XT8H7bt19thlcKNTVS+LsvIFufuBZ/LQ2Ek18beF77/JoLVz8L5bZ8Tnt272+06c/FYOOqp1p5C767qvN4imv7ny0RZnV7c2qi+Pfd15/zN5eOykPDy29W/s2X7b9bPnroOzx66Dzf7+BFs48bmPRfxdHubeeVvm3nmbGcHAclcbdSf84/asN2hYg+veeqPmtPlLXv5JM+u5SXno0K+na98+OfAfDzQIkGvvtF22HHl8Jl19Q1646oa6eFc5e+m/O+ZOmZ5xp56ZmY+Nz44Xnd1g1uWG/Q/IhocckBeuuiHPjrqsQRCcMvpvGXzsV9KxR00I3PCQA1JZVt4oAE66+oZ0KOmWXa8YVTfLdO6U6Xnhqhsy6ZobG2xbOwO0NgL323v3bPCF/fPqHfc22O7foy7LThef0/IdVk9Ts3Zrj33Wcy9kz1uubBA1195pu2xy3OF55bZ78tTZFzY49hnjnszcqdPrjn1JlbPLM/Yb321xv8+OuqwuBC8sK09lafOPVeXs8jx26pmZ+uAj2fLkb2bLkcc3uL7f3rtn1nOTMu6UMxoE3trZ2LVj2POWK/OnnT/f4HjmTp2ex045o9Hs6qaOfe7U6Rn7je/Wzeyub8MvHtDo8f+g5k6dnqmjH2nxjQuwrKpeujDV895Iu61+s7KHAp9oAjAfSO1pn+++8NgkyTHn3JRRI0ekZ0mXmlNBH3huenXvUrdWb60hG/dNafn8/Gnsf/KvSbUxeN0M2bhv9hg6KIurq5Nta7Zt16ZNFlVV5V+TpmbUTY+mZ7cu2X27gRmx25Y5er/tG+x3xGlX59Xp72bMZSdkyMZ9c9YVo+vWDa5dF9iawMDHWdWHeDcX8MlR0q1Ti8G0e7fm4+yBR16eSe/N9l1WTzz9ep54+vWUdOuUn/34wOy527KtzVZWviA/+9WDeejRF1odnZOadY3Pv+TB/PXRSfnf3321yf2eePqtrdrXD76z18d2xuzEyW/lxNNvzbQ3Zy/zbWsfm+buIz7+PomnfW4NIRhYnrr1WDNJTeh96dlH88Xj339h//nxD2Tglrt9omf9Jg1n2O7WRHxLko49SrLlyOOz4RcPyLhTzkhlWXl2u2JUs7NlZ4wbn7Hf+G4WlpVny5O/2ewpdzc57vD032v3jDvljMx8/KmstcPQ7HrFqCYD4JKhOEmGnnlagwDbtf+6GXrWaem1+eBGs4Zfuf2ebPDF/eu23+niczJ36vTMfPypum1evePebDXy+GVaP7fXZg3/fVob0xeWlWfbM05tdm3hDQ85IP322j1jvz4yMx9/Kv0+Ozw7/vKcZmf/1t9v/Zm3ze23Ntjv9Mtzmo2dlbPL8/ChX8+s5ydlrR2GNoq/dce4+eB8/i+35KmzLsyka25M1759susVoxqMoWOPkmz4xQMaxfd+nx3e6NTatWN86MtfaxCV506dnqfOvrBRhP8w6053KOnW6HnzwtU3CsAsV4v//e0k1eIvLAcCMMustHx+jj7npoz5/QnpWdIlEyZPy11jns2Yp1/KXRfUnNb52jMPy0HfuyZ3P/ps3amXS8vn51e3jM2/Jk3L0fsNy+5DB2bM0y/luvufzMhL/tTs9xsyaN0MHzoww7cdmOpU5+hzbso2g/vmO1/eNT1LuuS16e/WnP55u4Hp2a1LLrnp0cyeu6DBWsG1YXrE966uGzfAx8nchx5Klx12WNnDAD5C094sbVU43X4pp5H+oPG3vvI5FTnx9Ftz0L5b52c/bt2aXQ89Oik/+Omflin8LqmkW6cmLz/93D+1Kpp+ZpeNc9ShH8+/J++8/5n87JLRH+r+SZb+2PPxVVU2OzP/57jCxd/6hGCK6qc//Wndsgndu3fPSSedtJJHVGzdeqyZyoq5+ccDl2W9QTXhsLJibp4f/+dstt3nPvHxd+roR+pC6QZf2L/F8Nm1/7otrnc767lJdWu2dijplsHHLn1d3dp9Lm1t1o49StJrs8ENYm2S9Nur6YjX3KzhZy/5Q4NgvNMvz8mfPr1vg21euOqGDD3rtKWOedZzNWdN6dq3T4OQWD/Sdijp1uKawh17lGTPW69scUbq3CnTG+y3pTVsa4N9c0G3Vv0A29K2STL0rJrgvtaO2zUZZdfeabvGAbiZ4+rYoyS7XTEqD3zuyw0C7at33JuhZ572oaJvfVuOPD4zx41vcBrrmY+Nz4xx45dpzWWKpfrdfyZJ2rTvnnTf4oPvaNHsLH7qqCTVabdD860AaD0BmGV2zLk35ZL3ZvuOeapmlu2E60/NiO9dnd2/dWke+f0JGbHblrnrgmPqIux19z+ZR8a/lC/usXWSZOSou/Pam7Na9f0mvDg9E16cnktuHpsBfXrl6P22z9BN+ufoc27K7kMH5juH7poJ15+ao8+5KRsc9NMkyVGfH5bhQ2u+97X3PZHX3nw3Z319n1wyckSOOfem3HXBsR/BPQPQWNmdd7Zqu9I//jElBx/sNNBQYD/46T0tbrPuOj1W2AzXu+5/JiVdO+WHI/de6nbnjxqdP976xIf+fk0d13U3P56//V/T68vVt+46PfLznxz4ocfwUZg4+a3lEn/55Hrn9O9m8bSpK3sYK8TcO2/LvL+OTvejv5aSo45L2+49VvaQ4AP7zW9+k/PPPy9JTfwdPfrDL9NAy/5+/+8zp+ztDNyyZjmFNyaPz5Cdv7iSR/XhVc4uz7h6s2T7L6cZkeNOOaPu87WbCYVNaSlqLhmAO5R0W+q+Nznu8EZr4s58bHyDbbr2XzdbnvzNPHvJH+oue+WOe7PlyOOXuu9Zz9cE4CUD9LhTzsjCsvImr1ualmaj1t/v2jsun2j57KjL6uJv1759Wh1DlzbWDt0b32dd+zX/poKu/dfNJscd3uD+T5KpDz7S4vOhJTPG1TzWa++4XfrvtXtmPDa+QWiedNUNAvCqYv4bqZrxl1TPeCDV86ck86c0uVmb3p9Km7U/n7a9P9W6KLxodhY9dlCS6rTf8e7lO2ZYhQnALJNLbno0W783I/fa+57IMefenGt+cmiO3m/7jPn9CRlw4Lm55KaxufbMw+rW5j367JsyfOhG2WZw3xx55vUpnbMg3asX5keL3sjENt1yZ/u1l/o9d1hcmqRNprXtmNfeTM66YnR6duucs76+T6qrqzPitKtz7RmH1a0xnLx/qumRo+7OtffXrBc8fNuBNWsCP/qfXHvfE41OIw2wPMx//PGU3XlnOvTvn/mPP575TzQdTdp265aqOQ1PnTRlxIh02X77tO3ePd0POihd99xzRQwZ+AhNe7M0T/zr9fz2ykdbNcv1qC+v2Bmuf7z1ieyx2ybZoZmZp3fe/8xyib9NmTj5rfz2qkdbte2lv/jSh1q3+KN0+rn3LLf4u+mgj+fprWle+bVXZP5Do5fb/rrssVdW++w+ad+3XzpsunmTgbWqbHYWTnwuSbLg8XGpnPhcFk2bmoUvPL/cxrE01eVlmf2bi1N27ZVCMJ9YpaWljeLv1ltvvZJHVXwvPftoprz0VLp2XyO91xqQObPfD8GfdM+OuqwuKibJWsshLL5y2z0NTunb3GmKP4glg+ySp15uyuDjDm80C3julOkNZjoPPvbwBmsbLywrz6Srb1jqjNjauLjkurb1j73bMpxGemmmjn6kQfheHvdp5ezyvHD1+zN1l8dj35yOTUTh+jb84gGNAvDcqdOXy/fuUNKt7v7acuTxDZ4LU/86ptFzgWKpfvcfqXrxwrrZvi1v/89Uv/vPVKUmBrcd8M20WftzTW9c9p8sevqopH33mvjb3r8rYXkRgGm10v9n78zjoqj/P/4COUTY5bAEYREz4irEQA6/KWqilgohWR6IaGpaQmoeKd5mHmkeCf00TUUlNQ8QjwQxFCoBhQQUWDUS2AVBg2WHQ+7fH+suO3vOHhzaPB+PfcjMfuYzn/nMLC7zmtfrTdTjyKVborq+Myd44Xrm35j19UncyPoboeM9oaMDDHIQ/Gf/qLQS6w8k4Mtpw7FwZyyuZ/0NAGC2NeFkz3/gYqILXQawk3iIneX6+F6v/cYjq60eXw/QgzO/DA4BY2Hg8AYq1m3A7joLHOlhDV4NsGhXHEa4v46N896Xqu975z4XszaewJ0HpQgd54lBDtaYufEEHp1fg/Vzx2LEZ1EIHO5KR0HT0NBoHWGMMy86Wkr81bO2hpGXF3o/j5b7d+9e1CYlkYTgFj4fZqGhtPhLQ/MCErrgqEbbqxtx7GhvKSWO8olnlOOio366AW936bqz6VlFiKDgWqaKTV8z0vhWbqImnC6Y7dut6/5SmWdHe0t4tT2i4wAAIABJREFUu9uB8fw8EcQz5D8oR/79x6ipbZ8DRjcVuWlk08IpAW/vLo376WFtA7MvlsDIbywlIVWXaQpD7/8BgOhfQCAMN6TfxLP0m9DrhIhmWgimeZGJjIxEdXU1Lf52Io0Ntbj1m+C7kstggQggrAn8MlB4hvydSRuRu5yEZI370CayRGJJwc/AlCHlQi049DMcPwmWOycVabfRx9uD1FdHHXvhafJ50oZYy0lMJon/kjVytYkywVqWAKuNY6xIu01ySzvNDpYS03N27ZOqN0zzElBfjJacLygLv7Joq/wTLZV/Aoy3oDfwe7IjmH8XzemBANqg5x5Ni780NFqGFoBpKLNoZxx2Lw4krTuybioGOVhj8e7zOHLpFkLHeWLR1OG4c5+LRTvj8PW89zF8fiR4Nc8AtIu/b/U1RSP7PnQZBFqJGnw12AMD7nOw9pkl+Dr6iHutHofKgH21TDAPpsK57QpYbb3A0emJmS2lyNMxQVKP3rie9TcClhxE/I45gvE9F4EX7YzDo7JKHF4zBbO+Pon1c1eLahGbMYywe3EgFu2Mw5F1Uzt9HmloaF4OWvl88I4eBf/cORg6O8PIywsmo0ZBj8WCkbe3SAiuT08HABg6O0OXyST1YbltGwCgmcNBE5cr1YaIjcW/e/cCAEz8/GDk5UULwzQ0LynvDnOgHHFsbWUKP19Hhc5dQCCybt6dgLjLOQr7y8gqAreMRxJoAUH0M1VMjA3hN9wRfr5OIhGTW8ZDwf3HSEpho/RxNan/zbsTUPBAuXDq+bYdwud0X2dQUgpbaZvIrR/Db7j8m3X59x8j9lI2zl3KBqsvfcPjRaJy83qN6v7qmDAEwunMOVoRTnWZpjAa/R6MRr+ncV+qQAvBNC8aPB4PKSkpGDp0GEJCQmjxt5N4mHsDjQ11MH+1H1wGj+vq4WiV8pvkONw+3h5a6Ve8ziogEFLL0zJh7uJIElMlY4zL026j6h4bAyb5K41DVgVJ9ylr9AiZ7VRxAVfdY6OWWyb1nuSxF565gKq8+yQB1NzFUWpMNZxSVNy8jT4+HjJjj8slYqu1gaRYzUlMxq/vTyHNvTHLGiZi8c2NfAJVeWzUlpSira1Na8JpYzVBWtZnmFBydyuj6h5bSnz2WLcMv46bIlr+5+wFDFw8n3YBv0S0lV9GS84XQLPE9109BnQs3oFO73eg81zM1bF4R/BefTHa6kvQ9u8faC3/FSDutW9HCMRe3TeWQ7f/p2jjnEBL/hoAbdDzPq9Z/WAaGhqZ0AIwDSUelVbiUVmlKPp58a44BA53xeG1U7Fo6nCM8LAHj6gX/bv+QAK+nvc+ApYeFIm/3i08bGu+D8d3fFCbfAO6DBOY+I1C89N/0cPcDAFsNgybq/GZ/puo1dHDGJN66NU8g3NbDUa3ViJdxxQsHUFfa5r/hmlbE87qWYFX8wwBS8ki8JG1UzFo+g7wiHok//A5+ltbABC4mIXjXH8gAY9KK0Xv0dDQ0FClMjISvCNH0EoI/rhq5nJRm5SEp5s3w8jLi+TgFQrBitBjsaDHYgEgC8vNXK6oDS86GrzoaOgyGGAGBcFsxgzRNjQ0NC8u1lamiFg0VqFAKM7m1QEIGk/tRjWT0RNb13wAm75miPopRWHbpBtskvv43KVsyg7iwHEDEbForIyIZjtgvBsiFo/FuUvZYJoYivalTJQGBKJy1LaPKY2hu8IwMVR6bp0drODsYIWwOcO7bcw1jTRN+fc0in7Wd3LBK9t2Qd/5TS2OSj6mYYvBP3IQbTWE8sZq8rIIwSkpKdDR0UFRURHs7AQP2fTr10/0M41ysrOzwefzwePxAABmZmbdag7NzMyQmEjX++1sDAyNoW9ghHeDlmrUT2XFIxgYGncr97BkLdyOoolPoCLtttT+csV+1meYwNJnMFwXz1cp3piKSMhJJAudjmKRzeKo4gIuPB0PfYYJqcavpIgJCGKMazmlUmMQYmzTF+YujmCNHQn3tUtluo1rS0ql3LkmCmrqUqWRLz3eqjy2qLaxPFijR2DARwFaFekl58dptnzntSqUp92G5f88UZGWSVrPGjOStM/CM/EK475pXhxaH/2I1vzV5JU9WejxxjLoWI2T79Q16gcdo37QsXgHum8sB/h30fLgW7RVXBG838xHa/5qtHJOAsRdQI9Bi780NB0ILQDTUGL9gQSsnztWVFc3dLwXjlzMQOh4T/TvKxBQR3jYAwBmbjyBJdNGkMRfAAjv0whWaQPqb2dCl2ECXQYDTSUcNJWWorm0DHrWfTGaKMPolqfwLzTF6JY6MNEDe3X74TN98o2R1417wMumL84WtgGASASO2RiCRTvjELf9E8Rt/0QkWvOIeuw5lYLdJ25gkIMNkv9vAdbPHYv1BxJoFzANDQ1lhI5ccWFWkvqMDNRnZEDPxga9w8PBmDiRUt9C4VdcWJbZjiBEYrCRlxcswsIoicw0NDTdDy93O4RO9sYoX+o356iKv+KETvZWKgDzxb6zAUDspWxKfc/42AsRi8cqbSccN7eMh5WbzlPqO+rbyd1eECWIZ4rfr2nA0VPpmEGhtnN3P1YaMvwjB9Te1tDTB6/+30+dKo6afrEEjJlzQBw52KlCsMWqDdCzsemwfWmLlJQUREVF4sKFC3LbDBw4EPv3/wg3NzekpKTgvfeU/+4TcuVKAnx9fQEAmzZtEtWelcewYb5wcxuIBQvCSKKpo6MjSkqKRcsnT55CQIC0w00cHo8Ha+u+omVb235gswWiRK9e1EsiDR06TKFoKpzDlJQUVFfLrnnfHeZQiOSx19XVKx2D5PybmpqirOwxleH/Z3mYe0NU49fedbjG9X4bG2qR/cdZGBgaw3NUCAwMjbUxTK0jHourLrUl0nVbzZwd4LFumdxtDJgMtWvaKhMJq+6xSXVufXZsgOUQ+dHCVF3AhWfiwRozkrR/WWNRdOwmLGtKrtMaGbVwazgdU7d21EnF3xMUzZ089BkmCt9vrCZIovtrH/prRYytusdGE1GDzA3blbZVFvdN82LQxjkhJf7q2i+F7mvzVI9oZr6FHh5H0Vb5B1oyZwDNz7+DEncBAD0G7qXFXxqaDoQWgGmUwiPqRULqop1x4NU8w9uONrieZYGRn/8AADi8ZoooennOBz744rtzJPEXAD5/ao7Vun3wHhrACp4MXszPqL+dCT3rvjAeOVz0M7O8GXwdfZzVE9R6G93yFFMNa+HrYY83HGxhiDZU//wXDrEbAP3X28dZ8wyr/u8Slk4fifUHErD7y0DwiHpsOJiA3SdugFfzDKHjPLF+ruCPTKELmEfU07WAaWhoFEJF+JWkmctF+YoVqDpyBK9GRMgVaakKv7Koz8gAd8YMGHl54ZWICBg6O6u0PQ0NTdeSkVWEjKwiMEwMETrFBzM+9tJIBOQTz1DwsBxtbYCODsAwNoSzgxWYjJ7wfNsOt/4qUjgW8X4UtRXi+bYdJfFXnM+X/0Kp7u+Mj70Uxlt3F6jU7N28OxHnLmUjaLwbPN+267b1jGmo08IpQW3sGbW21Xdy6XTxV4gu07TTheB/VyyGDoOpvHEXUVRUhMmTP0ZOjvJUgpycHLnCprZJTU1BamoKIiMjsX//jwgJCQEABAT4IyoqStTuwoULSgVgSVE7IMBfq2Pl8XiYPHkyUlMVP2gEdN0cbtv2LcLDwzXqLz4+niT+AkB1dTWOHTsmOj800hj07IU/Lu8jibWVFY9gYvqqyuJtxrVo5GdeES0/vHsDr7/lC69RM7pcCDaW4SKtLdFMWNRnSgtoBkyGWsKhplTdYyNpylw08QnoM0zgsW6ZzHhlcai4gDkJyWgiapT2BWjn2GW5fZtkuHe1QUecJ0Uu7cZqAtemzEXtc5HbcdY0eKyX/7CAKggdvsJocwMmA8Ysa5HDuSqPTSnuuyPYE3kOOjo6omW/d93h4tzxf0Mcjk4AUVMnWp4ZMhZMZq8O368i8vKLkH6rAOkZ+eAT7WNj2bwKby8njH7Xg9IY2yr/QEvuwvYVegz0GLgXOpaaRffrWLwDvZFZaE4LJMVCt5ZfQQ+KfYufb1XPteS1EhQ4FCwbakkSeflFOBf3O/IKisDhPgXL5hXRvH4YOEzhtmdiU1Fa+pTyOCX5YgE1U4lwnEm/ZYmWNfk8cLhPcC7udwAAg9ELHwYOo3yNi28rRJXjEMLn1+Hqb5lIzygAh/sEfH6daAw+Xs6Uj09yPAxGL8yaodp9DCHd8bOvDFoAplHKkYsZmDnBEwCwaIoveEQ9Zm48ATOTnlg3ZwxGuNtjhIc9HpVWgkfUIynjPu48kH6qjolmXNXtDX5tNUbvi4b94LfQQhDowWBA19wcelZWaK2txS57HXg9YIPV1gDnthow0QKDvg5oTP4VbYQHmvsKbprNmTAYR66UgqPTLt7eeVCKW3kleFRWiTv3uTAzMcL6AwkY/vbrOLJ2qlTc88wJnoi7kYuZE7w6cAZpaGheVOrT01G+cqVKwq8kjQUF4M6YAWM/P7y6cqVU1LM6wq/UODMyUBIYCMbEiXg1IkKq1jANDU33hqhpQOTBG0i6UYAtqwMoCYR84hniLmcj/0E5MrIegVum+IY643n8MhXyKdTmBQTOYlXYvCuBUqy0o72lysJyV+Hl3l+puxoACh6UY/NugXOOYWIIL/f+8Ha3wyhfR6nayzTdn5pzv6i1nY4JA5bHT3d5LHJXCMHdkezsbLz33liZgqSrqytMTQWfzepqHnJzBQGrpqadf+7mzfsUdnZ28PX1xfTpISQB+OJF+Y5lIRcuxJOWp0/Xnlipzhx2BV99tRxubm4iB7E6HD9+TM7647QArIB+b3jizu9ncGLPHNG619/yxdBxn6ncl9eoUBQ/uI1avuBGuq29h1r9dASyBODytNsYYKtc2JSHgSkDxjZ9UcstE62rSM9EYzXRae7K2pJSFBz6GexDMTC26QvXRfMwYFIA5f0rcwEXno6HsU1fmWKpmbMDePn3RcvaOHZZgnxJQrLGEczGLGtAwvXN0UK/VCk8HY/MjTuAtja89qG/1uvwFp6Oh/vapXCSE/ndWE3g/DvjROe58MyFThOAv4+KIy23tbV1uACclpGPTVtjpPa7MCyoQ/ercDxbYpBfUCzz/XQU4GxsKoAD+HDiMHyxIFC+8FlfjJbM0PZlbccz65lCzyeOJAK3cU+izfI9SgKz+Pk+FJ2AlKSdlMU3yWvFy9NJqQDM59dh09aY5/PXDpf7VDSveyJjsXpFMMb4ya79fjY2FRm3CiiNURaqCKfLVv6IAnaJaPlMbCpSknaqtd+rSVnYExnbvnwtEz9HR1DalsN9StoWUO04ONwn+D4qDolJmSDEHmYQJz2jAHsiY+Hs1A+rVwbDx0u+IeZsbKrU+VdHAE5MypT67DNMemFWaPe+d6Hb1QOg6f5EX7qFwOGuAID+1hY4sm4q/oldDbc3bLDhYKLIPbv7ZApmB3hjzynZN8E4Oka42uMVbNJ/Hfk6xmghCLQSBBrYbLRWVaG1thbMAH80l5Zi5gQvvD9vMmyDP4bRYA80sgVf+upvZ6K1pgYW8z9Fc3w8vFuk/9DccyoFS6aNwOJdcehvbYHQcZ7Q0YHMWr+Bw12x56Tym3Y0NDT/LerT08ENCQF3xgyNxF9xapOSUBwYCF50NMpXrEChpycq9+7VWPwVh4iNBSckBA35+Vrrk4aGhjqB4wZiwWxfqZfn23YwMVYuwBY8KEfYil/AVxArzC3jYcFXv8BrzHZs3p2I2EvZSsVfAJRct0Iysh5RauelgkM3PasIR3/JUNrOxNgQP3z74tT99Xa3g6O9pUrbEDUNuJbCxubdiRgVtBczFhxFepZyxzVN96Em9rRa21nFnOly8VccoRBscz0NpmGLoWPy34lrFLpWJYXLiIhVKC0tQ3p6BhITE5GYmIj09Azk5xcgImIV3Nxkx/APHToMdXX1cl+KhMcrVxJE7W7eTENExCowJR7mi4zcCwBwc3ODrW0/0frq6mrEx5MFXsnjvHjxomjZ1raf3GMAoPAYJOOfeTwe5s37VGoOFyxYgPz8Aqk5LC0tw7Zt38qtA6zJHEZErKI8h+pQVFREmkdxUlNTUFRE/w5XxHvT1sLz3RC4vfMh/Gdu0Ui0FY+QtrDsr43hkaipfqLWdpZDBkvF87LF4pIVUVtSisIzF6RqqwJAHx9pYbTwjPzPvCSchGTk7t4vs6auJFX32MjdtQ+5u/cjZe6X+PX9KTg/dDzYh2LgOGsaPvjzssr1ZIUuYHEKDv2MxmoCjdUEOFevy3X/ylrPPhQjo6VsOAnJSFuyDlX3yHV4X/uQnILwz9kLMuO2ZVHwUwwq0jKl2tvKEHoLKJ5/QHANpC1Zh/KbimtJV+XfF52j3N37kTR5Lk67+iJt6ToYMBn44I/LGLJzo1bF3/Kbt1HLLcOASfIfZjAwZZBqONdySlF4mvp1+qJxODpBet3Rzq8rz+fXYX7YbgSHbpEr/kpyNjYVEyauwRkJQVNIS84XQHP7g3sdUpv3uQiMniyJ/aqWEEIQdZgWulm7YxODzxf0Lyn+SsLlPsVn4XvwfVSswnYdTVpGPkn8BQRjk3eulcEnaknLAsH1nNrjo8qeyHMY7rcEZ2NT5Yq/4uQXFCM4dAuWR6hfnocqh4/K+Owfk17X3aAFYBqFPCqthNsbNqSIZB5Rj/7WFri+bwH+OrYEgxxscD3zIcwYPfHdz9cp9evj4QCL+Z/CeOQI6FlLfzFpYN9H5b4fUR1zAg1s8pe12uQb4MWcAAeGophoSX6KT4edlQWuZz7E7i8DYWfVLv5ez3wIHiGo72PGMIJdXws8Kq2kNG4aGpqXG3Hhtz5DuVChKq0EgaebN4OI7bgvho0FBeDSIjANTZcwcfwghM8ZLvU69sMM/Bb7BRbMVu484pZVY/Nu2X9ERJ9MR+CMH3EthS3z/c7E2sqUclw1n3iGsK9OUWq7dc0HXeqIzb+vei3HrWsCKAn88sjIKkLogqNYuSleofhP0z1oyr+HFi5H5e2MJ06CvvObHTAizfkvCsHLli1DcXG7aMdkMnHlSgJWr14NMzPp30F2dnZYvXq11Hpt4+bmhtWrV2P79h2k9Txe+01RyQhnRXWLU1LIDztrM/45MjJSKjp7//4fsX37Dpkir5mZGcLDw+UKwNpC3hzm5KjvQD52jOz+jYhYRVrWRFx+GWlsIN80NjA0hsvgcRj0ziRY9NFMtDUw7IWpCw9i6sKDMDDUbuRiY0MtkmO/U1sElhTIqvLYlESwksRkpC1Zi6TJc/Cz3dvIXN9eZ3WgDBclVUEXADI3bEfurn34ddwUpW0b+QRYY0ai8Jfz4CQmi+J9AYB9+GekLVlHaZ+SOH4STBLHhS5gYaywPGFxwKQAKVG94NDPUoKuPHJ27UPhmXj8Om4KSbCVJSxnbtwhtU6S2pJSZG3cgaTJc3B+6Hhcfm+y6D3W2JEwc3Ygta9Iu61U0BVS8FMMCs/E49qUuQqPr4lPwPGTYFTdLUDurn2oSLstirCu5ZTi2pS5lK8NquTu2gfW6BFKhX/JeRWP/n6Z4HCfkCJ2hRBEndpCmzoIxcmr16THogyCqAOXK/17rq3yD7RV/ila1rVf2nG1efVM0cNN7P/OZj5a8lT/npVfUIyvNx/X4sDamRe2m7KwDgB7ImNlXgMcGXPdEch6MAEAjsgQLdVF6MrtKJat/FHKqUuVe3nUHmJXl7z8IplObi73aYfOiTagBWAahVzPeogRHoI6uzM3nMD1zIcY8VkURn4WBR5Rj0EONgCAIxdvwW+wA86n3FXa5xfNRTC5nQZ+bBye5eXDaLAHjEeOgMX8T9FUWgo9a2sYebjjlWVfwmiwB+7VtCFAbxA+03PGK8u+hIGjA5pLy8BCA7xbeDL3EX35FuYEeOPIxVswYxjhyLqpuHOfC/NRERj5+Q94LfBrHLkoEHdGuL+O61kPtTRjNDQ0Lyq8I0dQuXcvGvLyOnxfRp6eMPL07LD+WwkClXvpG1E0NN0JJqMnwucMx4yPlZedkCXwnruUjS17ElVy8nYkqoi0TEZPpEVPxa1wK1zrfQGJTfvkvhyWvIvyeZNQe1G9iF15EBSFVXXm19nBCsd+mAFrK82cnbGXshG2QrvHTaN9nqX/qbyRDMzCl2h5JKrRylfuqhAKwdbxiTCeOKkTRtU1FBUVISaGfLNw1arVGsUDaxtJkVTcYSoZ4awoBlpSHNZW/DOPx0NUVCRpXUTEqm4VhSw5hzxeldp9iQvAtrb9sHr1apLD+Pjxjrn5/KLyuDhPbRFVGS6Dx8HA0FgkKmuD4ge3cOXERlw4vBKVFUW4cGQF/ri8D5UVqt1Mdl08X0qwzNy4Q6lgyUlIJi2LO2aNba3humge6f0mPkFJ6Cs8HS+Kjza26at0/ABg/qYj3v/1lJRLFhA4j9URgeW5gAtPx6OPt4dct6qBKUMqRriJTyBt6Tqlx15+87YoPvq1D/1J+7AcMlhUy1YIJzEZBT8pdhdLOq8lBU+PddL1dlM+/VLp+W+sJlB4VvC72timL8zflF/nFxDMi+/BXfDZsUHqeqvKYysVkVWBk5CMivRMSlHWlkMGk66zWk6p1LX9MiAZaytOZzpAp874RqY4yTAxQlDgUKxeEYyY6JX4YkEgggKHgmHSbuwKChwqM6669UH7wyfoyYLuG8s7ZOxCdCzegY5N+4MUbdxTQD11wVXIkWOJWhffZYl9To62uJH0Hf7OP4q/0vdh2+a5pHkFgE1bYqQE34VhQfhiQSDpNTNkjNQ+/d51l2r3xYJASuOV92ACIBDJ0zK0ZxBZHnGgQ0TtZSt/lKobLEQ4NzHRK/F/exfiiwWBcHK0Fb3v5GiLE0dXydxWW8hy/wo50s1dwLQATKOQ65l/Y4S7PY5czEDcDcETs9kPSlFF1GPRTvITGWeSc2R1QWKT4WOsDX0XVju3w8RvFJoePkR1zAlU/t9+tBIE9K2tYTH/U7TW1KB430/Y9tcT+Bu4I68HA6ubC1F/OxP/sItgPHI4TKdNwY9GxYhpzMG2JukvN2eSc3DnAVfk9g1cdgjD3e2R/MPnWDdnLBbtjAOPqMcID3tcz/xbC7NFQ0PzImM2cyZsjh/HgMxM2LPZsDl6FK+sXNkhQq3N8eOwOX4c9mw2bOPi8MrKlTBwctLqPurT07XaHw0NjXYInaK8bi5R00CKBE7PKkLEJmoxatZWpvB8207qpYlDVRalj2U/hCePHta2YEybC5uLGbDcdxr6b7jIbduQeRP/rl8Mrr+31oRgqnWNuWWqHZcQZwcrxB39FAtm+2okBGdkFSH6JP37uzvzLP2mytsYT5yEHixb5Q07EO7IIajeu5OSENyDZYve23bD5rebL6UQLOmKtbXth/Dw8C4ajWwkI4XFxUxZMdCSxyREvP6vsvhnVUhJSSFFPzOZTISFhWmlb23B45F/nw8cqN6xp6SkoKSk/Ya08Dj9/dvFn+rqaimX8H+Zfm94IuNaNMkJ3NhQi/KS7plQ1O8NT9i/NRw1fMEN7caGOugbGqnsVjYwZWDIdxtJ65r4BJIUCHK1JaWoEKsd6zhrmpQg6rp4vpQgKxT65EUXN1YTIgemPsNEpjip8Dh2boTPjg1S7wlFYFVdprJcwBXpmXLjn4U4zQ6We+zy5rSxWiASA/KP3ffALinHbtbGHQod2+LvGdv0lRK1LYcMlpoz4flX5ATO3LBd5OJV5TwN+CgAfqcOSh1HVR5b4TVHlcZqAjefz6N4vLMiJNupEoP9IsDn1yl03HK5T7UqtMnj683HpaJ+AeCLBYFIubYL27d8ilmhY+Hj5YyFYUHYvuVTpFzbJRIet2/5VLpT/l2S+7fHG9SvRU2Q3E9r+a9q9bNpSwzy8rVXjuHqNbKj09q6N04cXSWqGcxk9sKkicOQcm2XSIhkmBhh9cpgqbrCkyYOw8KwINJrTcR0qX3OCh0r1Y5qXWlFDyYA8t3B6kAQdZgftkdr/QGC2rqyxF+/d91xI+k77I9ahIVhQfDxcsYYPw8sDAvCpbhvEBO9En7vumN/1CLKtaDVgcN9IlecBgTx2Nq8/rQNLQDTKCT7ARf9rS3wqKwSMyd4oX9fQU3d3YsD8ahMEJt8PfMhBjlY43yK4kilUUYNmBcwGC1Pn+LOuq1YuOEoltX1BReGaC57jKfbd6Jy34/IXLwK31zKwdAGZ3yv1/6H7pEe1nic/Duu6vbG4+Tf8W/mHTxhvoJhDpYwbWuW2t/5lFzMHO+J61kP8ai0EkWPq3Bk7VSM8LDHoqnDUV37DHfuczHIwQbZD7RT45OGhublwcjbu10UvnULFmFhMiPrNcXQ2RlmM2ei3/nzsI2L05rgzAyi9kWRhoamc1En3jjy4A2lbQLHDcS1c+H4LfYLHPthhtTL2UF22QxZME2URztzy6rVjis2HPw/9D1xFaZzv1TYrqWMg3/XL0b5vEloKZW+yaFtuGU8lD5WrfaUOEKX92+xXyA2ei5mfOylcn1gADj6Cy0Ad2eeZaSpvE0vv/c6YCSq0UbwUb13J8o+GIvac9RqGL+sQnBHxCLz+dVITU2V+crOzlZ5fMuXk2+ISsZPS8dAS4sW8fHx4PPb6/hROU55x5CamirRjjyH/v4BMqOzVUGbc5idnY3Nm78hrVM3wltS2A0IEAhW/v7k+aRdwGRcBo9D/OEVSDjxNS4cWYEz/xcOglfR1cOSi3htYQBqu4tZY0eqJALeXLJW9LPjrGnwWC9bdBmycyMcZ00jravKY+PyuCnI3b2fJAQ3VhNI+fRL1HJKoc8wgd+pg0pdpbIY8FEA3r98Uso9LIwqplo3FxCIyrKins1dlI9ryM6NcF+7lLSuKo+NX8dNQeYGssO6tqRUdOxmzg7wO3VQZnSxgSlDpniatnSdzOhiTkKyyE1t5uyA93+VXdqNLMu+AAAgAElEQVRkwEcB8P1xp5TYfW3KXKTM/ZJ0DTRWE8jcsAP/PHf/+uzYQMlpK475m47wO3UQrNEjSOuF1xzVOtSySFuyFk18AmbODpTrPksK+qrEYL8IHD56hVST1Nq6N4ICh5LadLQLmMN9giPHpOsNb9s8FwvDguSKYExmL7nCIwC0ll9uX+jJgg5rqlbGqxSjftDp0/49uU18HCpAEHVYHnEAfL7ymrHq4OJkJ3Numcxe2L7lU5H4PmnisA7ZvyL4/DopcVLSOZz0W5ZWXbv5BcVaq7nL59fJ7CsocCj2Ry2SEtTF8fFyVtpGG0jWgfbydIKXJ9nEo8gh3NXodfUAaLo3ps+jDMxMjBB96RYCh7+FI+umYuaGE6K6wHE37mKMtyMelcmOVGK2NWHV6wb4sLcByrlPMDu1HOk9XERX31k9KzB0qvGBeQGa9FtQpasHvRYOvHtU4q/HNujTbAS/tko4t9UAALg6hpiv5wLi7x7I6/EqHnJTkdejn9R+H5VVwaFfHySmsxE43BWmxj2x51QK1s0Zi90nBDdS+/e1IB0nDQ0NjSx0mUxYhIfDLDQUvOhoVEZGKt9IDQydnWFz/DjKv/oKRJx6dS8AwMDJCRbdzMlCQ0MjgKpoKnCi2oFPPMOtvxQ/TRo4biC2rvmAQn/UcKIoFkefSkf4nOHKG8rBdN4S6Fmz8O8GxUJwQ+ZNlE4bA6v9p6HvqF4dqlt/FYFPPFNYt/jcJdUEBkU4O1iJRHc+8QxJKWzEXspWei4Bgbief/+xSqI9TefQyq9GG8FX3lAMHRMGjEZ3vQAspIXLwb8rFoO39zuYhS+BcdBHSrcRCsFm4UvA2/sdamPPdMJIOw5Jd+2wYZpHP+fk5GDsWOk4PwAYOnQYEhOlb9YKWb58GUxNzURjE69NDAiilSXjqcPCwhEVFSVavnDholTNW8n457Aw5d8N5R0DANTV1Yt+zs4mp38NHDhQad/K0GQOjx8/LhKpqc4hFXg8Hiku3NXVVeTGDggIgK1tP5E7ODU1BUVFRR1e4/hFwaqfC94NWoKHuTdg0NMY9m8Nh4lpx96g1YSa6iewtfeAy+BxeFySh8qKR2qPd8BHATB3cUTmhu0id69QBGSNGQnW2JEwYDJQ8FMMKtIz0cfbA66L58NyyGCF/XqsXwbW2JGC2q9i/ebu2ofcXfugz2TAhGUtqt3rumgeHD8JpizeyUIYCZ27ax/Yh9vFxKo8Ns4PHY8BkwIw4KMA9PHxUNCLAKfZwaQ+hP1TwWl2MCx9BiN31z5wrl4XrWcfigH7EDm6WZ9hQunYhSIw+1AMCn6KQRMhuOeYu2sfCk/HgzVmJGzHjkR52m0U/BQDfYYJnGYHK+2XNXYkPvC5LDVnnMRkUd1jcfp4e8Bj3TK1RHrhcfge3IWCn2KQJVbLuIlPIHPDdhSejofj7GCYOzvI3YekyC8+z5JOZ0WYv+kIM2cHUfw2ALB/ilF6bb8oSMYMfzLjPXh7OZHEt/SMAnC4TzpMkJLl9Fy9Ilhj4bGt8g/Rz7pW72vUl6roWr6Ploorz8ehetKOEIEo+SP2RS7S1tDa+2bLj6Z2cbaDi3PX/d9/+OgV0rK1dW8sDAtCWkYBKcb6cHSC3AcA1OFsbCq8PJ00vvYSr2WSHqwABM5fmU71LoDPr8Pho+TvoLNmjAUA0vyei/sdC8MmdrgYrQ60AEwjl0ellSKBdOYELxy5dAsjP/8BAGBq3BPX9y0AANy5zxXVCZZkdMtTRLoa4dUhboj/LRtfFNaA36P9yeBJ/f7AxDcLwNTlQ18PaGoCrPoAjysAfX3A0AB4XNMPDf+YozzHBp/qOeNWD3MAAmH5WO8K6LVZwaLHq4CMB1kam5tx577A3bv7y0DM+vok1h8QPJFxeM0U9LcWHJ8Zw0hwvM+XaWhoaGQhFIKN/fzAnT4drTU1HbIfy23bUJuUpFb/ZjNm4JVVHVv7goaGRn1iKYqMQqcwleji0MmKY6XTs4pUcrZ6uwsio2tqFdfDPXoqHaGTvRWKqsow9p+MRvY9ECd/UtiurYaPsuCx6BuTICUCU3EsA4K5lxfBnX//MY6e6hjnLZPRE0Hj3RA03g3nLmVTivPmd5NazzRkmvLvqbxNT+8hHTASzaGF4HY0da5qSk6O7FJKCxYsgL9/gEzh0s7ODq6ursjNFaRwFRcXITs7mxTxLO4KFhcuOwJtRUurS3GxtOgLKJ5DKki6fyVrKAcE+JOE+GPHjqntNH7Rqax4JBWZbNGnP7xGqRaj3FUY9OyFd4MELlOrfvLLVFDF/E1H+P1yEFX32OAkJqPqHhuNfAKN1XwU/nIeBkwGWGNGwGPtUpWEP8shg2E5pL1fSXelMUtQM7iPz2Clwm8fn8FwXST414RlrbAWr8f6ZXCaHYycXftQlccGL/8+9BkmqCnhoqaES8klKqxnXFNSChNbaxizVEvXMn/TEb4Hd6G2pBQlz+e0ltPuQjZ3cRTU96Vw7OLH5rp4Phw/CRYItAnJaOQTqMpjg30oBlX3CmDAZMBj7VJY+gyWO0ey+vVYvwyui+eLzr9QmAcAAyYD5m86YsCkAIV9mjw/n+YujjB3cVTY1ml2MGzHjETBTzEoT2uvgdxYzUf5n7dgKVH3uI+3B8xdHKXc2VX32Ci/eRt9vD3AGjtSaUy3JEO+24jMDe21ZAXXPaHRgwjdgTOxqSgt/Ve0zDAxwocTh4HJ7AUvTyeSELQnMrbDxKurSeRoYidHW8wKHatxv+LCq47FOxr3pwo6VuOA3IViY/mD8hgk5/7qtSwcjk7QeE68vZyBqHZTBpf7FBMmrsa+yIXdTuCTfDBBKMguDJuI4NAtovVn435X6BKnguR8b9oSAxenfhoJ4JLXNACsiaD+4ElHIylQW1v3xhg/D9HP4r8XzsamUo7t7kxoAZhGLo/KKtHfWiC2mjGMcOf4UlzPfAheTT1GuNuLHMCDHGxEIiuzrQnbmu+D2dYCvR66sJ7wHsx1n6EBurB9ykVWY3t8X7pTM8zd/gafR6AGgJEhUP8MSH8wCH173UFLC0DUAK1NxehlW4XX64ATDyqA52nPNSNHo61nH1TX1SHo9xuY3tIEAKjroY8v+wxBUmUb7tznglcjeFJ55gQvjHC3FxxXXwuS2DvIwfr58dICMA0NjXKETt2SwEDljTXYR/2tW5TbG3l6wiI8HEbeyuuL0tDQdA1JN9iI/El5nDMAsPoK6shSce4qE2CpREhL4uVuh99S7ytsQ9Q0YMaCo4ja9rFa0dZCzJduRN31K2h5rLwkx+N5H0k5gak6liN/ugEvdzspZ23+/cdYuSkeRCeIrkHj3Sg7gWleDgyc3+zqIShEUyH46VeL0XBL9VjsrqS6Wr1a353N8ePHpQRHcaZPD8FXXy0Xa39MJMRKxj8r6kcbSNbb7S4om0NlREqk/oSEkPuaPj2EJAAfP378PysANz6rw8PcG1JRyi8KBobGHdKv+ZuOajs7qfTrulj9PgRiMnVnprGtNYbs3Ki8oQJcF8/XaHvhOFRxpVLBwJSBAR8FqCx2Uu0Xyv9rlYmxrbVKc2Zsay03RlwSv18OylwvfHhBXTTdvrtyOJrsshzt5yES0j6cOEzKCbhm5XSt1yTNyy8CUVNPWjcrVAspM/y7pEWd3p0rAEPPFGC8CRDPH7SsKwYoCsALwyZiT2QsWZTcGgNvLyeNREkfL2cpsTO/oBjD/Zbgw4nDEBQ4FD5ezmr3ry0kH0wAgFkzBNeEj5czSaAkiDqcjU3VSBzfH7kI4yeuIvW5POIAfo6OUPt6T5eom+3l6dStRPY9kedIy5/MeI/086at7SkUh48mYtaM9zq0HrE60DWAaVRihIc9Aoe7isRfQOAA5j2PM8xZNBJTv5yJQSGT8PqHE9CrtRElzboo5VSA95o9Sl5zwmPr/nhs3R+6Lv3hPOEkXrUfCxaLCVsbgMkAmqrvoKchYGsDWPRmoK+TP4aGnETr27Z4bN0fNfaOeObojBYGE0xzJlhOr8Fmzkz02bAWvZd8iX6Lw7Hn4/YammZi8c79rS0wwsOeFnppaGg0xtC5477sNXM4lMVfRmAgbI4ehc3x47T4S0PTxbAfPEbGX0WkV3pWESJ/SkHgjB8RtuIXSiKjtZWpSFCl4m5NusGW+96Kr8+rJTaGTvGh1K7gQTkCZ/yI2MvZCuOt8+8/RvRJ+Q5bs3lLKO2vrYaPiqWz0Uq0O5qFYrkyiJoGTAw9gAVf/YLIn1JE52Vi6AEUUHBay2PF1+dxLUX+OZAk//5jtfdF07U0czldPYQOQygEc0f6qFQj2DLmDCyP/QJDT2q/M7oDwrhlIarWl5XF0KHDUFdXL/OlKLoYALZt+xYnT55CRMQq2Nq2lzaqrq7G8uXL5W4nrEUr5MKFi2I/X1DYVh7yjkE8/lkW8lzMqtAVc6iI7OxsUbwzAEyYMEHKLe7m5kbaX3FxEeLjlac8vIxY9XNB3u3LqKx4JFpXWfEIf99NIa3raGqqtVfjkIbmRaTqHhu5u/cjc8MOcBKvo7Ga6OohvfCkZeSjgF1CWrcwbKLo50kTh8HaujfpfclYXm2QVyAdQ+ziJF0SUVXamiWSovSo/W2lTXT0maKf2+pLFLSUZn/kIqn5nxa6ReN6wGtWBkv1CwhcnsGhW+Dr9yXOxqV2WN1hKkg+mBAUOJQkPkq6UQ8f06xOLZPZC/slIraF0dvqIvlQg4+Xk5yWnU9iUqZM57+QDycOA0NMdyKIOiRek3Y0dzW0A5hGKwgdwHOO/YFdFTdh1NIEQ4k2tq/0RZNhT0BHBwDQ0JCPxwUXMWTqSQBAUfYZuFuY4LUnj9H47Bn+rXqGymYeJs3ejfTz66CDhzBneoFHPP/FkJmFNu4/kKw8TKAHgvVcgR4MXM/8uwOPmoaGhkb71CYloXzFCsrt62/dgqGLCwydnaHLZCrfgIaGpsPYvFv6BrXn23YqC7ATx7dHaTIoxCtv2ZMIorYBE8cNFAnHSTfYOPpLOjKy1HOaervbUR47UdOAlV8Lbnh7udvBy7097jEj6xHy7z8GUdMAz7ft5EYwG/tPBm//d5RcwC1lHFR9tw691+8GIIjLtrYypRxzfS2FrZJgq4y4yzmIuywQP0b5OsLZwQpe7oInzr3ebn/yPD2rCEdPpSuN1gYE80/T/WjmqHZDCuj+DmBJhEIwP/oALCLWw9D7f0q3MfT+Hyxj/oeG9D/B+35nt3cE29nZ4fff2+PyUlNTEB6uvD5uR+Hm5gZfX18EBAQgJCQEzs7tN75SU1Okop2FKIqB7uj4Zze3gaQ5vHjxQpc6XyXn0NvbS+SATk1NQUpKisox0JLu34sXL6JXLyM5rds5fvwYZcH9ZWPo+M/w27nvwDDtg5rqJ6jhP8Hrb/nC9g3l9WG1QWNDLRJOfI0P53/fKfujoeluVN1j49dxU0TL7EMx0GcyBLWLZ0174WOYu4rD0WTRTJZDcdLEYfheLDJYGLerTbhc6QdcurL2LAn+XbRW/Apde2oOdCk0EJ2FoqR/0BrROoKow/zw3fg5OkLtfl2c7XAp9ht8veU4qc6zEC73KZavPAAGIwbfbp4rigXuLGQ9mCCsTStkzCgPbDI5LhJZudynOBObqlHdXhdnO6xeEUxyvqobvd2V4jkVDh8lf/bFnf+A4Nob7edBuj6+j4rVuC6ytqEdwDRaJamyDZN13kS+jnR8jsXTMlhy/xG9nFh/w5j4P2QccsD9K1NRX3kP3Ed/o7mpGc/q69Faz4XBswzciOoPi5qN6G9RgIai26Q+JBGKv3k96C81NDQ0Lw4N+fmojIzEo3ffRdmCBWglqD+l28zl4unmzXj07ruojIxEq1jcHw0NzYuHibEhgsQEYGE9XmVEHryBUUF74TTkazgN+RphK35RW/wVsnVNAKV9i5ORVYTIgzdEr4ysIpHrmaiR7xAGqLuAAaD24mm0lLb/wSsummuKtRX1GxCSrudrKWxEHryBGZ8fxYzPj4rOh9OQrxG64Cgl4fndYQ4qj5mGRts05eehPORjlE//CA3pf1LaRiAEd39HsKQQePHiRRQVdY9Ydjs7OwQHTyetkxQixZGMNz5+/Biys7M7PP552DDyHObk5CAlJUXr+1EHOzs7+PuTBVjJWr7K4PF4uHjxgvKGMuhO11NnY9GnP96buhaW/ZzxuqsvPpz3PYaO+6zD4pWF1FQ/QcmD20g48TVq+E+QHPsd/r6bgsaG2g7dryxqS0pRkZaJ3N37kTL3S8rbNVYT4CReR+aGHai6p/5Dao3VBCrSMlGR1v0cSMK5kbVO3TELt+ckXqe8TfnN26hIy0ThmQuoLSlVvoEMhPPMSbyOirRMrbpsq+6xRfOh6rVg/qYjphX9JXq9f/kkXBfNQ8mV3/DruCnI3LAD7EM/o/B0vMZjLr95G5kbdmjUx4sAh/sESb9lkdZJimyCdeQoZqHQ9l+gjXMCzX+8i9YH24F6aZcyJcRcyKo6gIF2UVKc9IwCqfheVWEye2H7lk8RE70SQYFDZbYhiDp8Fr4H88N2d6qgKevBBMkHAoQCpTjn4jS/LmeFjpWaj01bY5CXr9r3n+4WlSxOXn4RKQIcIDv/5a3jcp8iUUZd466EdgDTaIVBDja48ZfAbZvXg4FgXVfENOXCuU32F+6HrAb01mlG3z5AQ8MT2PS8gkclV9DfFih+CLxuAzyqBwY5AmUVgLkpUE0AOSwdDH0gewyyxN8RHq/TLmAaGppuR2VkJJo4HDRzuajPyNBKn60Egcq9e8E7cgSWW7fC2M9PK/3S0NB0LlHfTpaqp+s33FHkMFUXR3tLsB+qFnNs09cMx36YgZDPj1JyrSpDWcyysf9k8H8+iKYHeZT6q9y5Dq/uOAQACJ3sjeiT1Ny1ipjxsRfyH5RTdhPnaxAdLQ+q8ds0nY86bt7G/HswGq2F+mxdREPGTZSH3ISh1xCYhS9+KRzB/v7+WLaMSRJJJ0/+GFeuJEhF/HYFYWFhiIk5LlqOiTmO7du3yxxbQEAAqQ6weAy0eBttExAQAFvbfqSI5OXLl3XrOVy9ejVlJ/SFCxdQXU3t/wFZHDt27D9RC7ixoVZK3DUxfRWD3pnUqeMwMX0VGdeiUVkhuPFc/OA2zPvYdbjwLMnpt4ahiahRaZvGagJJk+eAl39ftI41ZgTl7WtLSsG5eh0lCcmoSLst9b65iyP6+AyG0yfTYGxrrbCvwtPxyN29Hz47NqhUGxgAcnftQ+GZC3BdNE9UR7exmkDurn2oyr+Pqjw2mvgCwfH9yydRkZ6Jgp9iUMuRFmD7+AzGgI8CwBo9Qq5jNenjOahIJ99gn1b0l9JxSm436uQB0rxU3WOjIj0T5TdvozztNpr4BHx2bBAdU21JKXJ370dJYrLoeISwxoyEx9qlSudZFpyEZBSeuQBOYrLUe8Ysawz4KECug5eTkIybS9fBdsxIuK9dSmojrBXtNDsYVffY4CQmQ59hAtaYkaJ2P9u9jQGTAuDz3Qal42ysJvDP2Qukc8caM0Ll6+VFYk9kLGnZ2rq3TKcnk9kLQYFDSU7AI0cTtOoEdHaS/j8sL7+oS13AbZwTaMldCADQ7T8XMNI8klrHyFat7WaFjkVeQZGEGzMOzk52Grtzfbyc4ePljIVhE3E4OgFnY1OloouvXsvCpq0CN3BHI+vBhA/lXGsLwyaS5iQ9owBpGfka1zBes3I68vKLSC7kaaFbkJK0U6N+u4srWNL9K682McvmVal60UeOJXS6I1wRtAOYRiuYScQT8nX0EazvKtMJDAA8u7545X+XwH02Fk2QHVlq+NxwQhDA05aRMPM4CbP/ecpsy4WhXOcvr0ZxvSIaGhqazqZy714QsbFaE3/FaSUIlC1YAG5ICO0GpqF5gTAxNkTk1o9lRv9GLBqrshNXHEd7S4TPGa6wTeljnsz1zg5W2LrmA432rwoWS5TffBJSfz0BDbcFzkQmoye2rvlAo3072lsiTMk8dTQLZvvS8c/dmP9yqQWBEPxyOILNzMywahVZnMvJycF7743tFs5NybqygHwHqzAGWkhxcRGOH28XPjsi/lmIpMDZ3eZQfF4A1VzAkZF7SctXriQorI+8fz+59p34OXiZufP7ma4eggiXweMklt/v9DGoKv4CgIEpA7ZjR6q8XW1JKZImz0XS5DkoufIb0NYms11VHhvsQzE4P3Q80pask+t4Lb95G2lL16GWU4prU+ai8LTqtaxrOaVIW7pOtGxgyoCxrTUqngupQgRO1O0yxV8AqEi7jbQla/HruCkovyktagOA6+L5Ko+PCpkbtiNzw3ZwxATezI07BPOzZB2SJs9BTQkXxjZ9pbblJCbj8rgp4CRIi7jyKL95G+ffGY/C0/Ho4+MB97VL4ThrGvQZJqI2tZxS5O7ah/NDxyN3936pc5i5YTua+AQKz8Tj2pS5cp295m86wnXxfAz4KEBKSC48E0/pnJ8Z6Ct17nJ376d8vC8afH4drl4ji2yfzJD/UJ+kAJdfUIy0jHytjYdl84rUuvSMAhktVUNKcOXfpbSduPirYzMZus7fqD2GtnqO2tuKs2bldDg5ko9necQBcGTEZ6sDy+ZVrImYjpRru/DFgkBS/VdAUB+4M9yfsh5MkPewgVCgFOesFtzpQne0ZA3c+eG7VepH8nyl39L8mtYUDveJVOy3LOe/EMnPfnpGgcpu6I6EdgDTyKV/Xws8KpWssCubQQ42UuuEIrAsJ3AlatDLzBb9J13Bv48fgeAkoZf+XZQ18sBrvgP9Zns0934FKYV8vDk0BI4e7+NJcS7amk9J7SdfxxjB+q7g6+jLHBcVB/Cd+6WYOd6L0rHS0NDQaEr/a9dQl5GB2qQk1F671iH7qM/IACckBJZbt8LQWbMn+2hoaDqWwHEDET5nuJTzVwiT0VNtJ661lSl++PZjpe24ZfKdTn7DHXHe4VOs+Dpe5XrGqmI4+H9gTJkN4uRPlNrzDuyE5WCBI9FvuCM2rw5AxCbVb1o62lvi2A8zwKRQc7mjWDDbV6lQT/Pi8Sz9JtSvatb90MQRXHvuF/C+/w4tpcprfXc04eHhyMnJIblEc3Jy4OzsBH9/fwwb5iuqu1tUVIScnGykpKTg22+3y6wlW1xcjG++kX/jc/r06SoJsWFhYSRnb1RUlNw6xWFh4Zg371PRsrhzVdX4Z0XH0K9fP4SEtPcXEhKClJQUSnPI4/GQk5ODCxfi1Z7DYcOGqVTHd/r0ENIcHj9+nJIrNzs7W1RXGQBsbfsp3a+/vz/mzWtfLi4uQnx8/EtfC7im+gkeF+fBqp9LVw8FjQ21cPZ4DxZ9+uPh3RtofFbX6Q5gdXH8JJiyiNZYTYB9+Gfk7tqH1z70h9+pA6T3q+6xUXg6HoVn4qUE6cIz8ShJTIbfyQMwf9OR9J6ke1go5Aqdr+riNDsY7J9iUMstI61njR6BPkMGw4Rljao8NmpKSgWiq9iYhWK0uANXiOWQwTC26SvVr6b4HtiFX9+fTOq3iU/g2pS5eO1Df3zw52XRekEE8naSe7uJT+Dm0nXwY1lLzbE4jdUE0pauAycxWebxuS6ej9xd+8A+/DOp79xd+6DPMIHT7PaoW/GxVuWxcW3KXIw6eUDler/yBHllVKTdRvnN2y+lC/jw0SsgCLIbMf1WPoga2Q5FWc7Fw9EJGjsthbg424FhYkRynh4+pnrdVSkkXLtt/FzoMN9SuImk+Ntj4F6F7RVSXwyIxT7r9H5H7a6EouS0GZtF80QQdZgWukX98cnZz8KwIMya8R58Ry0mnZOzsakd6v6U9WACQdTj+6hYOVtA6jo+F/c7FoZNlOloVQUXZzt8u+VTfBa+R7QuPaMAy7kHFGxFZoyfB8lFLHxwQlufG3WQJZCfi0tFAVt2xLmsBz0OH03A9i2fymjd+dACMI1c+ltb4FFZpdJ2gxxsYKAn+1KSJwIbNHPw96WhKHv1f2g1HopXXhsOl8FzSNveTbsMvYpkcO5dwrN/vkfloytoJCwADBC1UST+AsCzhmaZ4rQkPKIe/a0tlLajoaGh0QZ6LBaYLBaYQUFo5fPBP3cO/NhYNBZo90m3xoIClC1YgH5xcf9p1xINTXfE8207+Pk6wm+4o1zhVxxnByucP/YpvtmVgN9S7yttL9xH1LaPKYua+fcfw9nBSuZ7wjjopBtsRJ9K71Ah2HTeEjzLvEkpCroh8yb+Xb8YvdfvAgAEjXcD06QnNu9OoBTjbGJsiNAp3gid7K2W+Mstk+2cVoV3hzkgdIoP7fx9AaAidkrS3eKPtYU6QrBx0McwDvq42wjBBw4cQHU1DxcvkmOTL1y4gAsXVKv/WlxchG++2ST3/WHDhqkkAIeEkMXL4uIipKSkyBQiJcVHcVQVIBUdw9Chw0gCMCCYQzMzU0RFRZHWd8QcRkSsUkkAljWHVETZ48fJTuGwsDCl+zIzM0Nw8HSSGH7hwoWXXgB2GTwOv1/+PwTM2goDQ2M0NtSivDgfj0vy8G/5I3iNmgGLPv07ZSxW/VzQ7w1BYpy96/Auqf+rLgamDOgzTJQ6iBurBUJkVR4bfbw9MGTnRqk25m86wuPNZXBdPB+ZG7bjn7Pkz2ETn0DSlLkYd/mk0qhibYnArDEjSUKm66J5JAcv67kDurGaAPtQjJQYnrZ0HcxdHKUEVWOWtdYFYANTBlwXzyc5mQHA2Kav1HxbDhkMv1MHpea5iS8Qd9//9aTMfYifR8dZ02TOr4EpAx7rl4E1diTSlqxFLbcMxjZ94Xtgl0JhGdBMBFaXwtPxL6UALKuG79VrWVLimyKSfssCh/tEY6FNyGg/D5Izkct9isPRmovAOhZD0FZ5EwDQWv4rerCmym2rVfH3+f5IY1EiPitDlijJ5T5Vq68zsakYM8pDbq1aJrMXPpw4DEeOJbbvq1S9fVFF1oMJBBL15EMAACAASURBVFEn5QpW2k90AtZETNd4PGP8PDAzZAx5DlSY79GjPPB9VBxp3aYtMbgYK/87YUfC59fh8NFEqfWqfva1JbJrA1oAptGYER6v435xBeyszFH0WNoxLEsEZhj1hD74gtq/j65Apxa4fM4E5pb9Ud+gBwtToLToIdwdavD4CWBjATQZA0/E0kyVib92VuYoKCrHCI/XlR4DHRNNQ0PTVegymTCbORNmM2eiPj0d/HPnQMTFKd+QIs1cLp588w0st23TWp80NP9FFsymftNZHJu+Zgid7A3Gc3GR1deUkuArr68fvp0MbhkP0SfTkf+gXEqItbYyhdMbljIFRWXHQEUA9RsuEK3z7z9GRlYR0rMeISOrSKYz2cTYEM4OVnB+wxJe7v3hRVHg1GWYwvLHMyj/dBIlEbj24i8wcHABY9pc0hiTbrCRlFKA/PvlpPrHwjnydu+PiePdpI574ng3hWP1cm+/mR003g1B492QnlWEjKxHyL//GERNA/LvP5br1vZ82w4ME0P4DXeCt7ud2tcDTdegY8JAW43seEV51F+98kLXAVaEUAg28hsLi4j16MFSXretOwnBv/xyGvHx8YiMjMTvv2seh6ctZAmKkZF7ZQqgZmZmmDBhgpSQ3ZHxz+Js374D/v4B2LRpE6U5zM7OVknIVRdZcxgVFaVUlJWMiqYq4vr7+1Ou3fyyYNXPBRZ97JB8bicaG2pFNXjNX+2HoeM/6zTxF4CU2/dFcf8KMXdxlKppK464aAgoj0A2MGVgyM6NsBwyWErMFLlUTyl3aGlDBJYUIR0/CZbbznXxfPTxGYxrU8g1NJOmzMUHv18i9SWcC21j6SMtZLLGyI7pNjBlwGPdMlTlsUlO4Ko8tkxXrOR5FHfyyhzLkMF4/9dTYB+KgeMnwZQF3Y4UgR1nTUNVHpt0vf5z9gIGLp6vVv3j7sqZ2FSUlv6rlb72RMZqzQm4MGwiriZlkhynm7bGgMHspVG9YR3LcSIBuK3iCtBcDehJZ9hoW/wFgDYxAVjHYojM/aqKLFFSFdIy8vF9VCzSMwrAXfAEC8OCKG/L4Wgnbloesh5MUIezcb9jYViQXHFbFdZETEdaRj7JyUsVF2c7+L3rTqppnF9QjGmhm7Fv7yKtjE8VEq9lSgns6nI2NlWla6ejoAVgGoX072uBO/e5Cl20I9ztMfJAFAKHu2LPqRSZbYQi8OrmQgS1VkBPrwfp/Z49gT7mNTDUuYu8AoDpDPQxF6yXhTLxFwACh7vi/I27WDRFcZTenftcDHpDuUuYhoaGpqMx8vaGkbc3eoeH48nmzVqLhybi4mgBmIZGQ7pTNK9NXzNELFb9KW9tHoOzgxWcHawQOsWbtF6Ri1gVVBWBq3auR+P9PJgvWQ9dhuCmgVAIVpWg8W4qb+Ptbkc7eP8j9PQegvprqt1Mqkt6eQVgIfVJCeAmJcA46COYhX35QgnBAQEBCAgIQHZ2NnJycpCSkiJVx9bX1xd2dnYYOHAgAEHt3YiIVZT3IS7ESoqf8kTasLAwygJuWFg4Bg4k/+6iIrKqewyS+Pr6IjExEUVFAqeyojkUjkvVORQ/Hm3Moax9FxUVISysPWrbzs6O8jkICAiQ6rOoqOilFoABYOj4z5Bx7Sjaqttga++Bfm94wt5Vve8bGdei4TUqVMsjfDFQFr+bNHmOSGA0c3ag7LYc8FEAGvkEsjbuIK2vSLuNqntspW5SQHtOYCHKBEnLIYPhvnYpacxNfAKcxGTSGNSpuSxrX5LIEjEVjVkoAkuK1pyEZKn+MzdsF4m/fbw9KAmmQmFcVbQtAgvrMVsOGQyn2cE4P3Q86f2cXftkutJfVA5HXyEtM0yM4OxM7f+D/PwikkB79VoW+Pw6rQhZLJtXsTAsCJu2xpDWfxVxABm3CrB6RbDM/XC4T3DkaCLOxKbiYuzXUq5EXcv30Zq/RrTc+s9+6L6xnNSmQ8Tfyj/QVvln+zhspmjcp5A1EdORV1CMDBVryqZl5CNYLDL6+6g42Ni8KlNg5/PrcPU3siuU6nWiDtp8MIEg6nA2NlXzCPHnnDi6SioOmyprIoKRnpFP2jY9owATglZjzcrpGD3KXWobPr8OR44l4FB0AlavDNboAQhx9kSe00o/AHD4aCJmzXiv00VsSWgBmEYhIzxex/XMhwoFYDOGEdzesMGkkQPlCsCAQAReru8INAHWDbKf1MsqHIQBw0PxsCgb9kZHZLahIv4CwBhvR/CIepgxjBS2u575kJJLmIaGhqaz0GOx0PeHH1Cfno6yzz9Ha43mf9w25OfTtYBpaGg6HG2Iv0J0Gaboe+Iqqvd/B/6JA0pdl7UXf8GzzD9hNm8JjCcor3tMQ6MO6gjAtbFnYBa+hJIo+qJTe+40as+dfiGFYDc3N7i5uUnFHMvCzs6OUj1ZWfj6+lISZ4Xj0Wafkqh7DPKws7NDSEjICzGHsvatyZjk9fky0dhQK9NpO3TcZ2r3WVP9BLX8p3iYewMP796Ajo4OnD3eh0HPXi+ci1cTFEUZ5+7aR3KX2o6V7UaVh9PsYBSejif1AQCcxGQpAdhx1jTUckrBuXqdtD5t6TpUpGXC57sNKu1bXZxmB4OTkExymXISkuWK0PoMkw4dTx8ZrmBxLIcMlorxlnQol9+8TYqK1mZksj7DBB7rliF31z6pmsC/jpsC3x93UhL7qdDHZ7BAlF40jxTX/c/ZC/BYt6zTYqflcTbud6QrEfxGv+uhUPSS5WTcF7WIck1SDvcJhvstES0TRB0OH72iNSfgrNCxyCsoIkVBAwK34dnYVIwe5Q4XZzvY2LwCLvcp8vKLSNG188P24OfoCLIoZdQPOjaT0cY9BQBoffQjdFlTRPWBO0L8BYDWB9vbF3qyoKMgelod9kcuUlmU9PFyhpOjLekaEArso0d5YPQod3C4T5B+qwCHoxOk4o7HjOq4+r+SDyZ4eTrhxNEIytsvW/kj6brRSg3p5zCZvbAvahFJPKcKy+ZVrI6Yjq8iyMkUXO5TzA/bDRubV0hR3Hn5RUjLKBA5db+KOAAmo5fGtZcTkzKlBPaY6JWUP/t5+UXwD2p/kIIg6pB4LVNr4rS66Hbp3mm6PSPc7XE962+l7WZO8MTB+HR84Ks8p3+5viPu1RjC0FD6PYYRD21tAPH4jmidqVjZyie1RpTE39Bxnvgl6Q5mTvBUOp7rWX9jhLu90nY0NDQ0nY2Rtzf6JyfDwMlJo350TUxo8ZeGhuaFxXTeElj/fBXGEz6Cjonim0otZRz8u34xuP7eqP5xJ5rYdztplDT/FXqqUQcYAJ6u+FLLI+ne1J47De67Q/DvisVo4VCLgzMO+hg219NhGrYYukym8g1oaGg6lYe5N1BTrd1oS4OevZCedAQP794AAOTd/hV3/jij1X286BSejictm7uoLuQNlOEgFTo6xWGNHQnfg7vgs0Na6C08E4+0Jeuk1ktSW6LYzUwVSbG3XEwMrrpHFlfVmRNtIzkGYxbZ3St5HvWZ2hNKzV0cMeCjALz/6ymYOTuQ3qvllCJpylypOVOVirTbMHN2EAm8rovnw9im7/+3d+ZhTZ1b3/6BDIaQMIgos20FEixaRUXfg6iVEusIVA9OiFZRe0QFp08tzoL2oEC/YouVWhTQWgcoWC1Wq4IegYqvSEvAWo9hstKIJGEoDvj+EROyMycE1Prc15VL986zn2dlZwBy77UWZUzlgUxlh3YrtbV8FBVXqL2dPa+63Dog7o0qC8vTRWsBBIhlVkiQH2XfCTlZ21nidy7C8GHKvyf68fx1fJqchbXr9+PT5CyFvqXciiosWZakcFwP9zUdG0+EeHpzOYCulL//pmT/UtY3EEymBQ7rIEglxO9cBIYlNaHsRFYBlkQm4S32XIwOWIW16/eDW1FFGePo2MtgQlUeZRcmfKCjWFwRGUzZrq3lG6ykNCCW58uXBul17LTgUfgkLkLpfbW1fHx9KA+fJmdJX9PyZZrXbtiPmtrO/Y7y9aHOvfe92G4K78v/v1e33sxdARHABLX0c7TF3XsNaBSpv1JmjE9/3L3XgEVBI7Wat9GkH6obFWWx/6C7aOVG4/3hHQJY8Lzv7yMTT7SZa5a/APDPgHdw914DxvioF7uNolbcvdeAfo62WsVNIBAI3Y0xkwnHvXthbKn/Vc12H2tfXo9AIBBeRno4uqDXliQ45Rah1+YEmA8ZoXb803s1EHy5B/dmc1A9ho37i6fh4Z7NaL34g9rjCARNmLIHwJTlpfNxbcVX0Vb0H80D/2boI4Ktlq8CY57yL4Bed3g8HgoKCpCbm4vk5GQUFBSgoID6xV17ezsEAoH01tzcrPPcGRkZKCgoUCjjTCBcOZ1i0PnMzOkYP2sTZd/wcXP/Ntm/50IjtLqpkoGPBCKF7GB9xKEzZ6yCrFPHm9On6C2BmzSUs9YW+V68j4UdlWAeCdVXhXkRyMckn+Fbc/YCZbux/BbKkvahvrBEelMmaZur63DneC5q8i4o3CePmRUDAUdTFSTwY6Go0xK4qbpO4TkZsYda8rniwGE8Erx8z40u1NT+SelFCgDzw3Vv4yEv5gwt2gDgyKENiFmnvo+0MhiWNIQEKRGHNFcY9+v4/etZw3/w5PK7XSJ/n90/jfbbMqXpGQMMnv0rwYvtpvN58mK7IWbDHAUJrA6GJQ37kqN0DU9r5C9McHTspXNmqbNTbwVBeTLbsK/LFZEhCHhXsWSzNkwLHoXMg+vh6NhL52M/CPJTKG2uC+VcnkK5cEO998+eU3/RSVdDBDBBI1Ez/JF9qUzjuKSVQdj/3VWsCNVciunbMhv4zsrFn8xE/GX2DzwUdNznYN/R+/ehAGjq4Yd6s/+HwTMLwW/WLH83LwxEfMZPSFqp+YqT7EtlmDdRc5YwgUAgvEhMnJ31zuC1njsXzBDDlBoiEAiEF40xwwr0yaHo8+UJOF8oR+/dX8EqYiXMh4xAj77KW5aYeXjBzN0LPX1Ggjbm792HldA9WIZM1+u4+n8txGPurwaO5tVAVgS3CwWaD+hiLCxolJuDQ180NjaqHB8YGEgZrw2+vsMV1tFHqPJ4PCxatAgsFgtsNgscTiBCQ/+JtWvXgMMJBIcTCAeHvlizZjUAoLy8HA4OfaW3KVNU9+1sbGxEbGyswtyLFkWAwwkEm80Ci8VCbGys2vOzY8cOhccaEaFe4suODQwM1Oo8yK/B4WiXZSP//OXnq25dRVCNq/sw/FFdjqrffqbsb6i/i99/yUf5tdN6zfvorxa49PcB22c86Ew7Q4RKnb+tGbfLLhl8Xm2oL7ym1e2xCqGpar8+yGekaqIzEtgQaNMft7vQlGHcXF1HKbFtzfZQyGCW71l853gOyhJTcC50ofR2ZsIMHHYbLL0de3sUbiamwIxhCWctS393lQSuL7ymILX7jBwKz/mzKGvcOZ4jf2iXoougk8BkqO7H+WkyNVuPYUnTq3zriOFsBdGWJpddaAjmh3Nw6dwezAsL1HguGJY0LF8ahPzziSofkzE7FmAM6NghEldTMqj8rTkizS4GAJgwYGKguVUxP5yjkJWtiWnBo3D40AaVmdayhAT5If98Iry6qP+vsgsT9C0rPH8u9XenouIKFBZzFcY5dUKmxu9cBJanfq1vRgxn4/usWCxfGqSVCA4J8kPmwfXYuGGOyjFMhuaLyuSzfxmWNL3KeU8LHqUQd1q64d/7ukB6ABM0EjTaG8FrD2DepOFqx73j4QS3vrbwcO2NQe6OKP1N9VV/D57Z41LWZoyauBps/yikxc6C+9sD0dTXDiY9m/CnGWDuZQlbzwC49+0Hfk0Zbp77BIf/t6faGAa5O6Kfgy0a3f9S27dYwsHvf8bXG7vmCiMCgfD3prWoqFvXeyrS7Y9/Y0tL9PnkE9ADArooIgKBQHixGDOsQBszHrQx42GFVZoPIBAMhEXAeDyM070P4jOREPx10eiTfgzGTKsuiExMu1CAZ0LhS9lzuPnkMbT8mAfmvIVghC/o0vOgCwKBAMnJyQbr4crj8VBWpngRdXp6uk5r7NixA3FxsRrHCQQClJbe1CnG0tJShIaGoqpKvZSuquIhNnYH0tPTcfToUa37EmdmZiAmJgZubob5MjQ5WfHL4YKCfPB4PIOtQVCPpVVvvPW2P66cToHRBCOxDL51DU3CP2HT21Uhk1eXed8NEV/AMHxcOJoEfxo0A7j4/CHcr+LC1WNot2cW2/tq9+WxbK9bWZRJ0IfllXr1j+0zcqjKdVTx5vQpMGMycHXVJorAlEg+bXoCd7b0sCGR78urLZr62pZs7ehjasqwxEi5zFhlWLM9VPZzpjs7os+IoXpLcIkELtkaT+k7LJHAAd/s16kncHN1HZpr7yF/keZ2FpUHDoO1QPesVH05fGgDhHKlYDXh7KT6QpP5czmUDD51YzWxLzkK5RUdP2PViefO4OzUGxs3zMHGDXNQWMxFTS0ftTKlcJkMOnyHs7SWkyYDP8OTK+/K7TUCnggAk8793tZ+90u0c6m/Bxm7rwWYmltKAuJ+rLJ4sbT/+R+/cxHmz+VIXy/aHOvFdsORQxue91EuQWExNUN0xHAWPggepVfmqS6PhcmgK4zXpTSxLIEBPlqtHTjOB84HO17/urx+mUwLHDn0MeX1rwtMpgVWRIZgRWQIyrk8FBVXQChqRs3zfsvOTnZwcupN6Qusjg+CR4HNdu2YX8ljUfbe12ZuZRw5tEEaq6r1uhMigAkasWbQ4NbXFhdLbmssqZy0MghjluzF+vBxWLzzGATNf6kcm3X1Fuwe+aHKYQzwqAFGGAS+iIGhAQvx242LeCr8HffL9uFufjkePbiIixVM8NpUX21vRe+JuI8m4t/pPyE7/kONj+tiyW249bUl5Z8JBIJOtBYVQZiVBVGW/n0cbnt6gjZ8OGi+vqANHw5zFkttrzt+XBweVVSovF8WY0tLWM+bB+vwcNI/j0AgEAiELqCHswvowdPQnKV7n8rH3HLcD5sO+71fdYmgfcz9Ffx10bDdsOWlFMCAWIQLPkuAMC31pRLBe/cmIzIyEtbW1p2eS5msBICMjAytBXBERAQyMzMU9ru4uFKEJ4/HQ3V1lU4StLS0FOPHcyAQULOxZeeWzCuhqoqH8eM5OHr0W/j7a676BYgF9v79+7WOSx3p6elK9ycnf4b4+N1K7yMYnuHj5qJJ8Cd+ytoDADA1o2HQPz6A19D3DSZXLa30zzqSpaH+Ln46uQfNQvGXsCdSlj+PdYJB5teGgG9TtRp32G2wyvvsfX0o4rb+6jWDCDZt++Y6c8YiwDkV50IX6iWBu6Jcc7OeZabls3ANwdWVm1Dz40UAYqk7cs82reSqGZMBbyW9mfVBvkw4IJbAIxPEIrqzErj6eflqVRc0yL4+m2vqcOdYjkIGdFdh6IxLQ87HZFroLen0xRDrPRMqXsD2rPYbPGm4gh7s7TDqo/tn6LOGK2j/LZ7S8xcAenh/qlPp584+Pn2fXy+2G7zYbljRqdWp6PJYDP1a0mauzq5pqJgl574zaBOLId/7zk69O1WO2tAQAUzQii0RHMzffkSjAAaAtE0zEbT2AHL3LMTkVakqJfCxysEIH3gNNk05CPAGHj64DIcewPV9M+DqBNyrB+ztgXtNwDMABXcHKJ0HEMvf3D0LEbYlE9nxH8KaobkEyNbUPJL9SyAQ1NIuFKKtogJtXC7auFy0FhfjSW2tQeZuLS5Ga3GxdNuYwVBa5ll2jDro48aBGRJCMn4JBAKBQOgGrJet0ksAA2IJXDeVg74Zx2DKVv03jq60/vgD+OtW4plI2Om5jCzF2U7Pmrqul9/LJoINmQWsSlZWVfGQk5OjtiwzAKxZs1pB/np7eyM+frdS+Zqfn6+2RLMsjY2NCA0NpchfJpOJ+PjdCAsLU5g3IiJCKoIFAgFCQ/8JLrdCK1FuqCzgnJwcCIXKX9cZGRlEAHcRDfV3YWvfj7LPzJyO8TP1y/Ttbmzt+8HVfSi4JT8AAEzNLbpV/hoK+czdmh8vorm6TufsUPlMXGUlhVWVnLYZ4ImAo6olsCnDUqdYtEG+l6xsSWN9BPD9q9c6HZMsd47loCxpHx4JhHB+bwycOWPVSk+6kwNF1D6UKRndWdSdD00SWBsqv8rEiN1bVT6+h79W4syEGdLtsqR93SaACYblWc0Rac9f9HQWZ/0+ef5ebK3G0+vzAMbb6PHGIhg5zVA9EQA8EeDZ/TNov38Gz+6fUbhbV/lLIBA6CA8PV3nfwYMHKdukBzBBK/o52mKQuxMultzWamzappnYuO8MDm8PgxVdednmNvTEoRvvAAD++BNoa5O7//m2SATk/8LAmT9GKJ3Hit4T+9ZPx8Z9Z5Ad/6FWpZ9J9i+BQJClITkZDcnJuLd0KWrDwlA1dSpue3rizrBhqA0LAz8uDqKsLIPJX2W0i0RSKSx7UwZt2DDQx42D3fr1cDp0CP0rK+Hw+edE/hIIBAKB0E30cHYBY+4CvY9/JhLi3lQOHsZu6XRP3Kc11XiwLhp/Ll1oEPkLAGbsAXC6WAiryGipDO4qJCK4duxICD5LeKE9guPiYvXq0ytLeno6RVZu2PAx5f7c3Fz5QyjweDzs3buXsm/27DkoKipWmXnr7++vUSpLSE5OppR9ZjKZyMs7qyB/JfOePXsWTJmqMhJRri2LFi3SeqwqMjI6hDqTycTSpUsp8eTkdG/PydeFn07uwaO25hcdRqfo6+oFUzMa6Ew7g2UWdzdvTlN8b1d8lanzPE0yktDe10dpGWl1JZIlElhe9t45noPKrw/rHI8m5GNRVS4Z0C6zt75QfwFcsiUeZUn7ULJ1N86FRuCw22AUrt6MR0IRpl45Df/URI3C034E9Xw/Fopw55j2n10Pf63EnePqf36oYmTCNrzxwWSF9c/NUN+rHRCL8+bae3AOVH3+bQZ4UuZvrqkzuHAndD0U+csYAJNRF2Ay9jqMbEdSB4p+wdOby/HkjD2eFgWh/XY82m/H41ntN9L/Py0KwpMf3fH05nJF+dvTGT18s4j8JRA6gbzkVbefZAATtGZLBAdjPtqLGxmrNY59x8MJSSuDELTmAHITFmJjyhlc+t/fFcZl/zYQo98wg+cbJviz5iaARhgbAw8FgKjVAjVNg1HVbI6rfxopXWf04Lewes5YRMaf0Fr+AkBUYjYufrFU80ACgfBaQBs2jPLvywjN1/dFh0AgEAgEAkEGq+Ur0XTy205lyYoOpqLp5LdgzlsIy+DpOpVtflpTjaasYxB8lqD3+uowZlrBavkqMOYthCgtFcK01G7JCG46+S3sdiXA3Pd/umwtWby9vcHj8aTStrNli2Wzf5lMJmJiYpCbmyPtCZyZmYH4+HiVGbQ7duygbLu4uCI+Pl7p2M7GBwCRkcvU9vV1c3NDfPxuLF7cIXL37lWfKT179hxpBnNBQT7y8/O1LhstD4/Hw6lTp6TbkydPwZw5YRRJnpGRrrUAJ2iPmbkFrpxOwdjgVS86FL0xM6djVtQBAEDVbz+/4Gj0g+7iCM/5syiStfLrw+gzcqjSLF5lPPy1Eo3PM0617VGrDIkEzo+IVlp22JDIy1FZES5fvvpheSXuX72mtjdydd4FvWPx2bIGZYkpqDxAFe+PhSJ85zdRq3LKA6OXULJwAXGmrHPgWI09hgFxn+H6ohKUJXyBqf85rfNjGJmwDWZMBuV1pCrjmxJjYgqc3xujMUYXzljK4ytL2qdXr2rCi0FB/o7Ilvb77eH7nfh+bkxHNrDkuIb/KJR1Vodx/9UwfmNxp3sJEwgEseyVzQRWJYVJBjBBa6wZNETN8MeW/T9oNf4dDyfcyFiNjSlnMHZofyRGTVXIBhbBCim/DkZt20DcaxkKeB6BqXcObMf9F5beybj1pzuO/2qD47yBlOOs6D3x9cYZGDu0P3ZnXMCNjNVay98t+3/AvInDtCoTTSAQXg9ovr4v/Y1AIBAIBMLLhTHTCnafJHZ6HmkG7LsjcW9qIASfJaCt+Craiq9Kx7QLBdJ9D2O34N7UQNS+O7LL5K8sEhHcXRnBT2tr8FfRVc0DDYSVlTUiI5dJtzMzM/TOAubxeLh8uUC6PXmyWFjMmUPNrlVVIhoAcnOp0iMmJsYgfYkBce9f2b6+ABAZGanxuLCwMIUs4Pz8fLXjvb29pduxsbF6RCtG/lyFhYVh0KBBlPlPnTrV6cxtgiL9vUej6rdrasVpQ/1d3K/mdmNUutHX1Uv6f1f3l/diX014Ry9RyLy9unqz1hmkJVvFF5GYMiwRcDRV5/LRstgM8MT7Z45SSjLrQnO15vLN969eo8jENz6YTInZfsRQhfORv2ilyrnvX70mFeCyyJfFVod39BKM+2a/wrqSTFpNc0lEvizNNXW4vk1zCfv7V69Jy4Cr6t0sXzJbGT5b1mDEbvU9m5Wtq82FBs6csaA7OUi36wuvkSzgVwR18leCkfNMmIy9DmP2dnFpaF0wYcC4XwRMxlyDsftaIn8JBAMikb6q5C9ABDBBR+ZNGo4bt+o0loKOSshG9qUyWDNouJiyFFb0nkj7/md8vnYaNi8MhFtfG+nYa7VmmJFmiqUXvDF3+0ls/fQg/EMiMDymDKEZNjhx21U61q2vDTYvDMTna6ch6Zt8WNF74mLKUlgzaLhxqxY3bqkvz3qx5DZu3KpD1MzRnTsRBAKBQCAQCDrC4/HIF9QvkLabv6L1ciHaG7u+vGxLSwsqKiq6fB3Ci4f23njQg6cZbL7H3HIIPkvA/TnTcX/OdFR5OKPKwxk1QwdI94kOpuIxt9xga2pLd4vg7iQyMpIiOOWzcLUlOfkzyvbkyeKSmPLZqfIlniWUlpYq9LpVVppZX+SlrZ/fKK3lsnwGrzoBDIDSl1eSBawPsgLYxcVVGocuUp2gH15DJ8CmtyuunE6RloJuqL+L0isnkHdkO4582YCrPgAAD+NJREFUugC5aevx4P5/X3Ckf3/MrBiYeuU0Rbo+FopQuHozSrbuVitV7xzLQX1RCex9fTD1ymm1maraSERJPAFHU/WSwCUahGdN3gXkL1op3aY7OcBn8xqF9b2jl1D2PRaKcHrCDIUyyc3VdShcvRn2vj4K8rYsaZ9OsfcZORRTr5yGva+PwtrnZkRoFPLe0UsUztmd4zkoXLVZ7XFliSnS/3sumK10jLry3bK8OX2KUgmsTNZKLhzoM0K7TF75MtG6lLgmvBi0kb9STKxg3G8xTMZeF8tc9nYYOYWKS0QzBkiHGdmOhJHtSBj3X40evlkwee93GLNjAZqr8nkJBEKnUCd/ASKACXqQtmkmohKzcbeuQen987YewadH85F2quMq0aiZo3Hxi6W4VV2P7Eu/IHrmaGRsnY0Vof4Y5N5xFR+3xRkn7rqi/GnH1byD3B2xItQfGVtnI3rmaGRf+gW3qutx8YuliJo5Go2iVoz9aC8Gh+3B4LA9GPvRXjSKWhXiahS1Yt62I0jbRHoMEAgEAoFA0B4ul4vw8HBKeR0J4eHhyMrK0mqeTZs2YdeuXUrv4/P5CA8PR1xcXKdifZWpff+fuM1wo9zuzYxA281fOz13e6MAtRNmoCE2AcbWXX/VeV5eHnbu3Im8vLwuX4vw4rH5eCtMWV6aB/5N+DuKYGtra3z8cUdJY32zgOXLP0vEr5ubGyVjtaqKp1SICgTUC1T8/EbpHIM65Oe31uHzcOBA1WWileHv70+JX58s4Pz8fErG8pQpk2X+T5XqGRkZOs9P0IzfxI/w7NkzHPl0IQ7+eyZy09bjxpXj+KO6HKbmFhgbvBJeQye86DBfCyTS1fm9MZT9lQcy8Z3fRBSu2ow7x3NRX1iCRwIR7l+9hrKkfShLTIH/lwkI+DZVYxlfbSWibDy6SuCasxeQH7ES9YUlePhrJZqr61BfWILKA4dxLjQC+YtWSksTW7M9EHBUedysBbOV9rUtXLUJx7z9cS404vltITw/nIWAb1Phv59ataPm7AV894+JGkWlrBw1s2Ig4NtUeEctVlx79Wa1UllyzuQF8p3jOTjz/gylElYi8AFgxO6tBimrrEoCy1KWmIJG7i1Ysz20zhiX74P83xO5WmV8E14MOslfeWiuMO63GD0GfoYevt/BxO8CTN6vh8n79ejh+x16+H4HY/e1MLL9R9c9AAKBoBWkBzBBZ6wZNKRtmol5244gO/5DSinlpCOXcPD0zxjk7oig0W/jxq1aRCdmIzE6CO94OGFLxHhEzRiN7EtlOHa+FLx7DQge443omaPR08wUfzwQoo8tA/cbROjbi4m/Hj3GjVu1zzN3azFv0jBc/GIpdc1vLuG/dQ34b1YM7t5rQNCaA0j65hK2RIyXjmkUtSJozQGFeAkEAoFAIBA0wWazDTJPUFAQLCwslN5nZ2dnkDVeZcy9vdB6uQiMWR/AchIHrQVX0fjF12g+dRb9frkMEzfte6PK03TqLGh+vuiTsseAEatmyJAh4PP58PHx0TyY8MpjzLRCn4xjqB0zokt75L5sSESwZcg/0fjZHjRnHX/RIXWKZcuWITk5WSocde0FnJOTQ8nelc/cjYxcRumjm56erpBV291VInSVurLcvFmqcUxMTAzGj+cA0K8XsHxWr2zWr0SqS3orV1XxkJOTQ3oBGxhb+37wm/gRis8fAgBYWvWGpVVv9HXxgqvHUJiZ019whC8npgxLhaxVQ2BmxYB/aiKaq+twMzGFUib5zvEc3DneITKt2R5gLZitV79YXeIJOJqKc6ELpSWWLZ2psrC5pk4aj2RMzdkLqDmrvievva8P/PcnqpXWIxO2wWaAJ8oSU/BY1CTd/1goQn3hNdj7+lBKXvcZORRDNq2Wll229/WBd/QStVLVlGGp9H7v6CVwDhyLq6s2UcpLlyWm4M6xHHhHL4EN20Mh41oikCu+yqTE/bC8EudnRIDu7AgbL0/QnR1RX3gND8srYe/rA5/NazT2GdYFiawtXL2Zsg2IpbNEZLNUZBwrw2aAJ+hODpT+0DcTUzAyQb+e04Suo1Pyl0AgvFIQAUzQi3c8nJC0MogiVdNOFSM66Tt8vXEGohKy0ShqxZgleyFo/gs3btXiHQ8nNIpaYc2gYd6k4Zg3aTgASOVuY5M4azfrYhnG+LyFh6IWWFvSMNX/bSRGB0nXvlvXgNLf6jB6yFvPj/8dQaO90c/RFv0cbTHGpz8ulvwORIjHSzKEJRKaQCC83tz717/QfP68wn4TJyf03rAB9IAAjcc47N0LekAA2oVCVE2diid14j9qGUFB6PPJJ9Jx7UIhasLC8KiiAtZz58Lu44/RWlSE2rlzpWPo48bB4fPPKeu1cbmoDgqCPMYMBmi+vui9fj1MnJ2VxuaSnQ1zGVnVmJYG/s6d0m1JHAQCwfDweDy0traCxWKhpKQE1dXV8PT0lApkFosFIyMjhWMqK1VnW0jmcXV1BYvFoghkLpeLyspKWFhYYMiQIUolMpfLhYWFBeh0Oq5fvw47OzuFefh8PioqKtDS0gJPT0+4ubkBEJcxrqqqks57+fJl+Pn5UdbJysqCkZERgp5/ZvH5fPD5fNjZ2cHOzk7jOZFFkplr6uYC+mQO6JM5eFxVg+bvf4Qw8zhsN0SjvVGA1stFaCsrh6mrM+gT34OxtRXaGwVo+4ULUxfx73rCwydgOek9NOWeBYyMYLs+Csw50/GEV422X7gwf5utkAmcl5eH1tZWBAUFoaSkBA8ePJCeV0ns8o9f9jnw8/OjnNdRo0YpPc98Ph8sFgssFkvp86TsPBNefoyZVuibeRx/zJ72WklgAOjh7IJenyTBetmqV14Ex8TESCVtZmYGYmJipJ+JmsjIUC0rAXE56MUyCWOZmRmIj483WH9ffRAIGvU+VpvzIskClvRFjo2N1VoANzY2IjOzI6vXxcUVgwZRhbW8VM/ISCcCuAtwdR/2SvfP7U5MGZZgLZgNzw9na8y2VYWqHq+y0F0cMTJhG3w2r5FKQgn2I4bCxstTp/Xpzo6w9/VRyODUBjMrBib8cBQlW+JBd3FUyBa1HzFUKgAfCURiUX0sR2lPXkAsigdGL9Gq7ywgFpRvTpuCO8dzUH/1Gh4JRbDx8oQzZ6xScctaMBuWzo4wZTJUil/vqMWw8fJUOwYQC88JPxzFnWM5qMm7gPuF1/BY1AS6kwPu/+dn9PFVfSEga8FssBbMVji2uaYOzTV1sGZ7wMbLE95Ri9WeC3tfH9CdHfXKDH5z+hTYeHmi5uwF6XP/SCBCTd4F2Pv6wMbLU+fXhM/mNaj4KlO6LbkAgPDyQOQvgfB6QQQwQW/EGb0cqQTu52CLrzfOgDWDBiMjIO37n/GOhxPu3muQyt60U8XYmpqHoNHeWDHDH+94OGGMT3+M8enfMXGE6jXTThVj/vZvAABZ/54vFr8Otjj4fTHmTRqGfg62KP2tFuETxX+cSDJ/V8zwp65BIBBeW6zDw6XC1MTREcyQEDSmpeFJbS3uLV0Kp0OHQPP1pRxjzKD+8Sw8eRL0gAAYM5mwXbYM9evXA4CCWDZmMmHOYokF8PPSscYy/eUkxzypqZEKXQAUgQuIxXJbRQUeVVSg+dw5tHG56PfTTwAAZkiIdF3asGEKx8qvJ8zKgu2yZQr7CQRC58nMzERlZSXs7OzA5/Ol+7dt2wY3Nzdp+WdJj5a4uDip/KXRqBVKWlpasHPnTlRVdZS+tLOzw/Lly+Hm5obMzEycPXsWLi4u4PP5OHnyJBISEhQyjHft2gULCwu0tLRQ5tm+fTssLCxQUFCA1NRUyjF+fn6IiBD/QrZz5064uLjgwYMHaGlpQWBgIGWsRIBKBHBBQQGys7MRFBSE4OBgjedEE8ZWHZ9VT3jVqJu5CE941TAf6IWGy0Uw8/aC82nx74a174fC7G02nlTXol0ghPVH89GwMwkAYLs+CgAgzDyOhp1JcDr9DWijRlLWKikpQWVlJUpKSqTnvaBALC1kt/fsEWcRS54/T09PVFVVISsrC+vWrYObmxuuX7+O7OxsrFu3Dmw2GyUlJUhNTaU8DywWC+uf//zYtWsXXFxc0NraCj6fj8GDBxMB/Apiyh7w2kpg4O8hgsPCwrBjxw6ds4B5PB5OnTol3VYmK62trTFp0iTKuPT0dCxbtky6Lf+5WFZ2U6/HoS2lpdrPLy+Lray0E9f6ZgHLZ/8q64UsL9VPnToFHo+ntbQnaMdfzQIIG++j/ekT6T7jHiYwNTWHiVlPmJiaw8TUHKZmr3e1Ne+oxXqLX2u2B/qMGIo3p0/R6XgzKwacOWO1lqWqeHP6FL3kryw+W5RnPMtmf5pZMaTis7m6Dg/LK6Xy2n7EUFg6KwpkbZCdVxs0nS/5/sKa6Mz56+y5D/g2VfMgNdgM8KRkFkuyzPXFEK9HQtfylLsRgLhXbw+fQ0T+Egh/c4gAJnSKMT79kcSgicsurwzCPJ/hSDpyCYPcxRnCg8P24OuNM6Tj077/GYPcnfDsGZB9qUwskff/ACMjI2xeyEHaqWJYM2gIGu2Nu3UNmL/9CCVzNyohGytC/ZG0siMzLmllEG78VovBYeIv40YPfgtRM0bjxq1aRCVkI2klyfwlEAjKMXVygu2yZXhcUwNRdjYAoLW4mCKA24VCNJ8/DxNHR2mmr6y0tQwIAD82Fu1NTWgXiSA8eRLMkBDKsbRhw6SCtzEtDQBgbGmJ9iZxuafGgwfVZuUyQ0JgzmbjzjDxxS1PamvRWlQEmq+vgpyWR3TyJABI428XidB07pw0RgKBYHgCAwPB4XCkkvb69esKX0bn5eWhsrISgwcPRlSUWE7K9hjOzMxEVVUVZs2aBQ6HAy6Xi127duHw4cNYv369tExoVFSUNNNWVXnplpYW7NmzB3Z2dti/fz8uX76MgoIC+Pj4IDU1Fb169cKOHTtgYWGBpKQkXL58GUOGDJGWL5ZkvgYHB6tcwxDnRMLjqhq0Xi5Ec24eRIdPAACYs6fhQVwiHpWVw+Hwl6BP5qBx71fgr9sGYeZxWC9dAAB49AsX1h/Nh/XSBXr3+vXz8wOHw0FMTAyqqqqwcOFC+Pj4IC4uDtXV1eDz+RTxHRwcLH1+srKypM+nLBKBJBHfkuchLy8PHI5YjEjOc2BgIJEXrzCm7AFwzDmL+n8twOOK8hcdzgvhVRfByrKANSEvK6urq2BhoVmGZWZmUASwlRX1c0sgEKC0tFRBJuuLv78/4uI6evHqIpjlexYPHDhQ6zX1yQJOTk6mbMfFxVJiV0V6erpWzxlBkdamh2jk16ChnoeH/GoIHtShkV+NJ4/btJ7DnMYAzcIKNEsr9KQx0ZNuBTqzF2zt+6FXnzdg1vPvWzJaV2koy4QfjhowklcDSbYwkYUEQvdiZPs/MGK+DWP3tS86FAKB0A38HzxrDeyaHEYTAAAAAElFTkSuQmCC' height='250' width='300'/> ]]>
  </system-out>
</testsuite> <!-- com.tribu.qaselenium.tests.apimazaprendo.MACreateF2FCourseTests -->
