<?xml version="1.0" encoding="UTF-8"?>
<!-- Generated by org.testng.reporters.JUnitReportReporter -->
<testsuite hostname="station" failures="0" tests="1" name="com.tribu.qaselenium.tests.mazaprendo.MAUploadEvidenceTests" time="36.465" errors="0" timestamp="2022-04-17T19:24:25 COT" skipped="0">
  <testcase classname="com.tribu.qaselenium.tests.mazaprendo.MAUploadEvidenceTests" name="uploadEvidence" time="36.465"/>
  <system-out>
    <![CDATA[ <img src='data:image/png;base64,iVBORw0KGgoAAAANSUhEUgAAB4AAAAOiCAYAAACRicroAAAAAXNSR0IArs4c6QAAIABJREFUeJzs3XlYlPX+//HXMCM7gwsKuCt11HIpj3qig1qppZa5VVYuR+v80tTqlJ2jpn07J3Mry3Ny6bSdzKVccs2lMq2UczQ1E9xTVFRAQNmXQWDm98fExAjDJopNz8d1ccXcy+f+zDBizut+vz8Gm81mEwAAAAAAAAAAAADghpCRkVHlcz2qcR4AAAAAAAAAAAAAgBpEAAwAAAAAAAAAAAAAboIAGAAAAAAAAAAAAADcBAEwAAAAAAAAAAAAALgJAmAAAAAAAAAAAAAAcBMEwAAAAAAAAAAAAADwK7Fhw4Yy9xMAAwAAAAAAAAAAAMCvQFH4W1YITAAMAAAAAAAAAAAAADe4K0NfVyEwATAAAAAAAAAAAAAA3MBchb2lbTfYbDbbtZ4QAAAAAAAAAAAAAKBiMjIyqnwuFcAAAAAAAAAAAAAA4CYIgAEAAAAAAAAAAADATRAAAwAAAAAAAAAAAICbIAAGAAAAAAAAAAAAADdhqukJAAAAAAAAAAAAAABKOnDgQIWPve222yRRAQwAAAAAAAAAAAAAboMAGAAAAAAAAAAAAADcBC2gAaCajJ75mT5c/73L/c892lVv/uVB6ex+2RYMdD2Qf30Zpu6VDIZrMEsAAAAAAAAAAODOCIAB4HprcrvkX1/KSi59f1aydGq3FBZ+fecFAAAAAACA3ySr1aqcnBzl5ubKYrEoLy9PkuTp6SkfHx/5+PjI29tbJhORAgD8GvDbGgCuN4NBurWX9P0nLg+xRW2QgQAYAAAAAAAA14jNZlNmZqbS0tIcge+V+y0WiywWi1JTU2UwGOTp6anatWvLbDbLQPc6ALhhsQYwANQAQ4cHyz7g8FbJZrs+kwEAAAAAAMBvSk5Ojk6dOqXExERZLBbZbDYVFBQoOztb8fHxunTpknJzc2W1Wh3n2Gw25eXlKTExUTExMcrNza3BZwAAKAsVwABQE1reQRtoAAAAAAAAXFc2m03JycnKyMiQ7efig4yMDEVGRmrfvn366aeflJOTo5CQEOXl5alNmzbq27evbrnlFqeKX5vNpvPnzyswMFD169enGhgAbjBUAANATShqA10GW9SG6zQZAAAAAAAAuDubzaZz584pPT1dNptNVqtVKSkpmjhxombOnKkvv/xSSUlJ8vDwUGhoqFJTU7Vu3TqNHj1aS5cudaoGLpKenq6zZ886wmQAwI2BCmAAqCGGDg/KVsY6wDq8VRo4wx4WAwAAAAAAAFVUFP4WX+s3JiZGs2bN0qFDh+Tp6akWLVqodevWCgsLU2BgoJo1a6aEhASdOHFCixcv1qVLlzRmzBh5e3s7xpSkvLw8xcbGqlmzZlQCA8ANggAYAGoKbaABAAAAAABwHSQnJzuFv+np6Xr77bcVHR0to9Godu3aKTw8XMHBwfLx8ZGXl5fMZrPq1q2r0NBQ/fTTT9q0aZPq1aun4cOHO8YpCnwvX76s5ORk2kEDwA2CFtAAfrM6DJ5a5tep8y6C2epCG2gAvwLzV/1PxvCJ6jfhI5fH7DxwWsbwiWry4HTHtjc/2aFbH3tTVmv5bcA+3vyDjOET9XnkkWqZ87W27rvDMoZP1JmEVEmVe64VEXshVY37TdeXu3+qlvEAAAAA/Lbl5OQoPT3d8dhms+n48eM6cuSIPDw81LFjR4WHhyswMFC1atWSn5+f/P39ZTabVbt2bQUEBCgkJERdunTR999/r9RU+7+Fige9BoNB6enpslgs1/35AQBKogIYwG/W0dPxZe7Py8+/5nOgDTSAX4svdh9XwsUMhQaZS+xbtHFfiW23tAjWvV1ulodH+b+/ln2xX5K0dMt+9Yu45eone51V5rlWRG1/H937h5vVJDiwWsYDAAAAcH0kJiZq1apV2rdvn1JSUlS/fn1FRETooYceUkBAQI3MyWazKSEhocS21atXKyMjQwEBAbrpppvk5eUlk8mkWrVqydvbWz4+PjIajSosLFReXp6ys7Pl4eGhtLQ0xcfHq06dOqVeLy4uTmFhYVQBA0ANowIYAGpSURtoV7KSpXM/Xr/5AEApvL1M8vY0acnPQW1x2bmXtWp7tBrU8Xfa3ie8leY+/2C5Y8cnZ2j7vhjd/8fW2rDziNKzrv5u8cJC61WPURkVfa4VFejvrf9MfUS3tAiutjEBAAAAXFs7duzQ+PHj1aBBA82aNUurVq3S3//+d9lsNj3xxBM6cqRmOh5lZWXJarXKYDA4vgoLC/X999/LarXK399fJpNJx48f1+bNm7V161bt379fly5dksViUWZmpg4dOqTt27crKipKHh4eOnjwoGOsK9lsNmVmZtbAMwUAFEcADAA1qSJtoA/QBhpAzTLIoId7tC+10nfV9mjlXS7QwLvaOm2fvGCL6t/3j3LHXvblj/LxMmnh3wap0GrTqu3RTvv/vWa3zPe8rI83/6C2j70p3+5T1Hnk29pz5JzTMcbwiXrr051q0PsfevilpZLsQfCrH36tJg9Ol99dU3Tfsx/oxLmLjvMem7pMvZ55X++s2aWWg2bJfM/L6vv8h4pLTneaw4qvo3TzQ7Pl0+0ldR29UNEnne+eL/5cI6POyBg+sdSvQzEXJEmZOXl67q31atxvuny7T9Ftw+Zq7beHHOOdT0qXMXyilm+Ncmy7mJatEX9frrq9XlHdXq/o/834TFk5eQIAAABQ8w4fPqx33nlH77zzjh555BGFhITIy8tLTZo00RNPPKFZs2bp5Zdf1oULF6773IraNRd37tw5WSwWmUwmBQQEKDnZvgxahw4dVK9ePeXm5urixYvKyMhQdna2bDabWrVqpd/97neyWq06ceKEY6zSQuCUlJRr94QAABVCC2gAqGHltoGO2ij1e4U20ABqjOVygZ7o10Ufb/pBuw+d1R1tmzr2Ldq4T/263qJAP+8qjb3si/3qE95ajRsE6u6OYVq6Zb/+/GAXp2Oycy9r6Zb9+nDqw8ovsOrFtzeq7/Mf6vTayQrw9XIc9+GGPZo5tq9aNbN3Vhj7+lp98tWPmjG2j5oG19Zr/9mme599X4c/fVG+3rUkSf+NPqO0zFzNeLqPLqZla8q/v9CEf23U8teGSpK+P3xWQ//vU/XqcrNeG9NbZy+kadp/vnb5fNqFhWjbgqccj/MLrBrx9+UKqu2nmxoHSZIef/kTRZ9M0OzxfdWovlkbdhzRkKnLtPejZ9Xh5tASY+ZdLtA9496V5XKB/j1psLJzL2vSgs3KyLZoxfRhVXrdAQAAAHfy8OQlWlPspsriopY+r7ZhIap/3z/UPLSOdn84XkbjL3VRA//2se67o5XGDLqjytd/++23NXnyZAUFBZW6PywsTE8++aTef/99vfzyy1W+TmUVFhbq8uXLJbanpqY6KoEbNWqkxo0bq169evL09JTBYFBaWpqsVqusVquSk5NlsVjUsmVLJSQkKDQ0VNnZ2Y7g12azyWAwOP03Pz9fBQUFMpnKjh8+W7NWf5s0pcxjBg3srzmzZ1b9RQCA3ygCYACoaUVtoLOSS99f1Aa6aceqXyP+qJRbrP2OT4DUsE3lxkg5L6VesW5yw9aST8n1QEuI+V7SFQF2nYZS3cbln3vl3CurKs/1ClHHYpSRmSNJateqhWqb/cs5wy42LlFn45Nc7k/PzFJggH+Fx9yxJ9rlGjqxcYlq1ihYTRs2ULNG5beNTcvI0sHjp8s97kpdO7dzOU5VXxtX55X1fIurzHVdiToWo03bd2vHnl+qTwMD/NWhTUsN7d+zQq+pO7PZbPrDrU10c5MgffT5XkcAHHP+knYeOK0Nc0Zp294T5YxSUvTJBB2MuaDJI++RJA26u63Gvr5WZxJS1TzUeT2pZa8+5mgz/dnM4QobNEv/+XyvnhsS4Thm3et/0s1N7B+4HI9N1gcb9mj+Xwfo6UHhkqTbftdQYYNm67Pt0RrR9/eSpABfL23555MKqu0nSToVd0mffPVL6/3Zi79Vs5Da+vzNUTL9/CFRgK+Xxr2xttTnFOjvrbs6hjkeT3nnC6Vm5uqLf/1Z3l72//X+y6Nd1TSktmOud3UM06JN+/TF7uOlBsAfb/5BR04nKWrp87q1pf29WMvkoT/9Y4ViL6SqWUjpa28BAAAAvyUvPNZVbzz7QJnHpGTk6J8rIjXh8W7Vdt3k5GRlZGSoffv2ZR5377336v3331dhYaGMRmO1Xb8sFot9iZ2if1sbDAZZrVbVqVNHRqNR+fn58vX1ldFo1O7du5Wbmys/Pz+FhITIz89PoaGhysrKUl5enr7++msVFhaqadOmunTpkgoLC53GLQp/i+Tk5MhsLvszo4cGDZQklyEw4S8AVB0BMADUtKI20GVUAdsObJDhKgJg27rp0qm9v2zwDpDhhXUVC2CLxlg+yXkMSYanF0thfyj7xJjvZXtnRMntDVvL8ML68q975dwrq2VnGcYurfr5knr/aaIysuwB8EtjH9eUcRWruFu6bqtmLCyjuruYpg0b6N3pL6hbF9f/YOwzalKFxgoM8NP4EQM0dlh/l8Fo9LFTFR6vuOzDm12O0751S+1aPb9C4xR/bbZ8NKvU512Z+bVv3VLDBvTU0P49KxUGf75tl/42612XQf3G7bs0fcEyde3cTi+NHVrmz8fdWS4XaFS/zpq5aLv++cKD8vGqpUWb9ik0yKzed/xOm/93tNJjLt2yX16eJt1/Z2tJ0qC72mn8nHVa9uWPmvJzKFzE16uW4/vGDQLV7qYQRZ9wbsUcWi/A8f22fSclSQ92vUWWvAJJUnCdALVoWEf7jp53BMBNg2s7wl9JaljfrOTUbMfjH46d1+C72znCX0kKKXadskRGndHsJd9q1rg+TsFu19taaOHqXVqx9YDOJKTKcrlAGdkWpWXkljrOtr0n1KZ5A4U1qud4Lne2ay5J2nf0PAEwAAAAUEGzx9+vp2Z+psF3tytx02lVxcfHq3nz5uUeZzKZVKdOHaWmprqsFK5uubkl/41hMBjUpEkT1a5dW0lJSfL09JS/v78aN26spKQkBQUFqV27dsrPz5fValWzZs3UrFkzeXt7Kzc3V40aNVJ+fr7Onj0rHx8f+fn5yc/Pr8QN3Hl5FVuyxlUITPgLAFeHNYAB4AZguPW+sg+I2igVu4vyqlkyZdtQif+J3rumyiGsbcfHpe+IP/ZzZfCNbcnarY7wV5IWLFmvtIysar/O2fgk9Rk1Sb1HTrzq8dMzszV9wTKFDx6vqGMx1TTD8kUfO6XRU966bte78tp/m/Webrl3lD7ftqvc49MysjR6ylt69NlpTuFvRKd2Tl9Fdu49qD6jJmnGwmXXZP6/BpfzC/Wnvr9XTl6+Vn9zUFarTYs3/6A/9f29jEYP5RcUVmo8q9WmT7ce0F0dW0qSsnLy5ONlUnjbZlq6ZX+559c1+yoxxXV3gORU+5+jpg/OkN9dUxxfp+JSlJKR4/K8KyWmZCm4goFvcRnZFo34x3J1v71lieqCZ+as06zF2zVmcLi+nv+UflzyF9UL9HU5VlJqlo6cTnR6Hjc/NFuSlOIiNAYAAABQUpvmDfT0oHCXHX2qwt/fX1lZFft3fHZ2try8vMo/sJoUhbBFlblWq9XxfY8ePRQWFiYvLy8ZDAbdfvvtGjJkiHr37q3AwEDZbDYVFhbKw8NDXl5e6t69u3r06KGgoCBlZWXpjTfe0CeffKIDBw4oOTlZeXl5slqtjmuX1nralYcGDdTrs6Y7HhP+AsDVowIYAMoxZf56nYq76HL/uCF3KeK2MJf7K+SmO699G+grHfraHsCWV8GbmyHb+hlVu0bKeenwNpe7bTs+lqG869ew6QvsgV+T0AY6l5Ck9Mxsfb5tl4YP7FWpcVxVuUYdi1H00VOavmCZziUkaefeg5q+YJnemDza5VgRndrpy49nl9ielpGlnXsPav7idYrcd9AeKo+cpCNffVRmVWxlqprLs3Td14ro1K7Sr09ZXD1fyd4mOvrYKS1dt1UHj59Wema2Hn12msYO61/mazjkmWmK3HdQkmT299WUccM0bEDJ6uHYuESnauXpC5YpNT2rzLHdlc1mU0i9APUJb6VFG/epQR1/nU9K18gHOv28v3Ljbf/hpOKTMxSfnKHAHv9XYv/eI+fU+ZYmLs9PuJipzre47mLg5+Mpo9FD3ywcLaOH8z2PxSt+yxNSL0DpmZUPWZ+Zs15pmbla9M4jTnfC510u0Eeb9mnehP76089VyJJKzLE4fx8v3d6qoea/OLDEvpaN6lZ6bgAAAIA7+ueKSM3/7H9O237furEi3xvreGyz2TT1iR5qP/QtffrVAT12721Xfd3mzZsrISFB2dnZ8vNz/W+Nc+fOycvLSwEBlb/BtKry8vIca/JarVZZLBZlZWUpLS1NPj4+CgsLU2FhoQoKCmQ0GuXj4yNPT0+lpaWpoKBAhYWFMplMMhgM8vb2ls1mU0FBgZo3b65Vq1bp5MmTio2NVceOHdWyZUs1adJEwcHBMplMjvbTFfXQoIGOamAAwNUjAAaAcmzdfVQ/Hj/ncv8DXdtdfQBs9LzmbaBLHXP5ZHsr6DLW8bXt+FiyVG0NXttOF9W/RQ5vs4fElWhFXVmGbiOrfO7n23bpXIK9OvSNyaMdweqMhcuqLeDs0DpMHVqHqV+PcPUeOVEHj5/WwqXr1a1Le/XrEV6psWqb/dWvR7j69QjX9AVLNWPhJ0rPzNZTU97SynklA7ZrZczUuWrfpqU6tL7KPxcV0K1Le3Xr0l7jRwzQ59t26amX3lRGVo4WLl2v9q1blvpz+uvMdx3hb7tWLbRi3v+5XOO3WaNgTRk3TA/0CHe0Ai9r7N+CJ/p11qCJi5WXX6Cut7VwrGNbWUu37Je/r5c+nzNKHh6/BKSX8wv0wISPtPSL/U4BcHq2Rf6+9jvlj8cm68jpRP2/Aa5vIOl6WwsVFlqVnmVR359bTEs/V/TWrXib8M5tGmvrnhOaMbaPY1tGdtkfZKzaFq2lX+zXslcfV5Pg2k77MnPyVFhodQqFT56/pNQyQuaI21poxqLtah5ax6n9dGJKlmNdZAAAAOC37i9DIspdA1iSfLxq6Z2JgzTslU913x2/u+rrGo1GDRgwQB988IGee+65Uo+x2Wx6++23NWJEKUtkXUOFhYXKyMhQQkKCfvrpJ8XHx2v//v2Ki4tTt27ddMstt+jIkSPy9/dXWlqavL29ZTabZbPZFB0drTp16iglJUUdOnRQnTp1HOFxYGCgcnJyZLVadeTIESUlJSkwMFAtWrRQeHi4br75ZtWrV++6PlcAgDNaQAPADeK6t4GWpNQ41y2aJXs4u7Via7qWkJsh7S2/pZLtq3ll7jeMXSrDnOOuv6btlRq2Lv3cITOltj2rNH1Jmr94nSR79W+/HuEaP2KAJHu75iVrt1Z53NLUNvvr3RkvOB7v2BN9VeNNGTdMTUIbSJI2bd99VWNVVLtWLRzf9xk56Zq0yi5Lvx7h+qJYpfDE2e+VmENsXKIWLrWvPW3299UXi2a7DH+L69A6rMTYv1X3/7GNguv663/RsRrVr3OVxsix5Gvtd4f1WK8O6nZ7C0V0aO74uqfTTRrY/VYt3xqlgsJf2ocN/NtifR55RJ9tP6gBf/tYdc2+GvVz9XFp/nBrU/XvdquG/325/rUiUt/uj9G/VkTq5odm64tdxys814kj7taPP8XrubfWK/pkgjbsPKLJC7e4PD4+OUNjZq9R51uaqHGDQEVGnXF8XbiUqaDafvp968b6+/tf6d21u/WvFZG66+l/K7+gUFm5pa+RNXrAH1Qv0Fc9x7+nT786oG9+iNFf3tqg3z38utN6xQAAAAAqpmfnm3Vvl9/pr29vUi2T8arHe+yxx3T27FktWLBA+fn5Tvuys7P1yiuvKDIyUhcuXLjqa1VGdna2Tp48qT179mjfvn3atm2bTp06pQsXLigmJkZGo1EeHh6OYDcjI0NZWVny9PRUmzZt1LhxYwUHBys3N1cpKSnKyMhQZmam4uPjJf0SMCclJSk+Pl7R0dHaunWrDh8+XKkW0ACA6kcADAA3iqI20K4UtYGublvn24PeUtiWT6r6uHvXlKwc7jpC8r6iWu3QNntYXEW29dPt6wlfqdMAqfOgKo+7Y0+0o0p0yrihkuwBY1Goumz911Ue25UOrcNk9revAxp97NRVj9etyy9r2MbGJV71eOXp1yNcQ/v3kGRfh7jPqKt4/1RRh9Zhemns4445LF3n/HMqCvUl6fVJo8tsjV3a2GOH9XeMXd03AfxamIweGtH39/L39dLD95Rsa14R6747pKycPD35YJdS9z/5YBddTMvWll2//Nke+UAnvfDPzzXslU/l51NLm+Y+oQDfstfO+nTa4/rzg130xtLv1Pu5D/X+uu/1z+cfVO/wVhWea6c2jbXs1ce06b/H9Mf/t0CvL/lWzz/W1eXxe46cU1pmrvYeOafuY95x+lr33WFJ0orpQ3Xb7xrqxbc36p/Ld2rqqB56uEd75VjySx2zdoCPdvz7abULC9HY19eq34SPdOBEvLbMfVL161S8nTUAAACAX7z5XD9t2HlEUSfir3oso9Go2bNny2QyaciQIXrttde0YMECvfLKKxo6dKhuuukmNWrUSAsWLNCiRYuqYfYV4+PjIy8vLzVu3Fienp4KDAxUYWGhJOnHH3/UDz/8oPPnz6ugoMARAGdkZOjcuXM6ePCgoqKidOHCBUVHRysxMVHp6elKTEzU+vXrdfnyZceawnl5ebJYLLJYLIqJidGhQ4dkMtF8FABqEr+FAeBGUZE20Ie/qvY20JJkWzFZhqeXOG889LV0am/Vxyyl/bOh659ky82Q9v0SwsmSaV8L+L5nKn+N9dOdxyrSsrMMj5a+ZmxFLV1nD/fM/r5OrZinjBuqMVPnaufeg9qxJ7rUdX2vRrNGwTp4/HS1BLbFK1tj4xIrVOl6td6bMUHRx07p4PHTij52SqOnvKV3p79Q/onVaNzwAY41excsWeeo3Jacf65VaeE8fsQARwXx59srvxb0r9H4h+/U+IfvdNo2a1xfzRrX12nb+y895PR45rg+mjmuj0rz+H236/H7bnd5zXs63aTCXfY/w/9eY69gH9Gno8YOLr0t+phBd2jMoDtKbPfyNGn2+L6aPb5vKWdJn742tMS2F4d214tDuzttG9Kzg4b07FDiuCLFn+uA7rc65u5Ki4Z1tXnukyWeQ5FCq73y2WT85V7Nxg0CS50vAAAAALu3Pt2pf66ILLH9zef66dlH/lhie/06fnr9mfv15+mrquX6JpNJo0eP1vDhw3Xw4EGlp6erS5cueumll+Tl5aV7771XY8eO1bvvvqvCwkI9+eST5Q96lQICAnTw4EEdO3ZMcXFxiomJUXZ2tgoLC2WxWLRhwwbVrVtXzZs3l9VqVVZWloxGo5KSkmQ2m9WwYUNlZWXp9OnTys7OltVqVU5OjiwWizw8PBwBcFElsa+vr2w2m1JTUwmAAaCG8VsYAG4ghlvvk62MAFgHt0i9J0rF1o6sFjF77IFvUbvk3AzZ1s+o+nh710ipV9xBe2sPqW5jGbqNlO3K0HbfWqmyAfDeNdLOxSW3h7aWYdTCyo11hdi4RC1bv02SPfArXiXar0e4/jbrXWVk5Wj+knXVHgAfPH5aktS+TcurHiuqWBVxWeHv2fgk7dx7sNzxunZuV+4xkvTFotlq02ukMrJytHTd14ro1O66BqW1zf6K6NROkfsO6mx8kmN7bFyiMrJyJKnS6ysXadYoWO1atdDB46cVWYHXDKisyKgzWvfdIUmq8vrKAAAAwG/NqpnDyz0m+ctXSmwb9UCnMpeWqQpfX1/94Q9/KLE9JCRECxcu1NNPP60PPvhA/v7+GjJkSLVe+0pms1n79u3TyZMnlZOTo6ysLEeLai8vL1mtVmVmZio5OVk+Pj7KycmRj4+P6tWrp9TUVB04cEAmk0mhoaHy9PRUenq6kpOTVVBQIJPJJKvV6giTCwoK5Ovrq4CAAOXn5ys4+NrfhA4AcI0AGABuJEVtoLOSS99/6Yy9DfS1qAJeP0OGsC6Sj9m+LnBqnPMB3v6SpWJrutr2rimxzVDUjrlhGym0tZRQrG1zapw90K1oy+b4o7KtmFxyu7e/DI/NknzMFRvHhekLljq+HzbAObisbfbXsAG9tHDpem3avrtaK2uLX7dD66sLgKOOxTgCyiahDcqc49J1X5dolVya7MObK3Tt2mZ/ffHxbN052B7qj5k6V+3btFSH1mEVOr86dOvSztHCu6hSu3hV9dX8zAID7DcEpGey9iqq3+zF3ygy6owmPN5NHW4OrenpAAAAAKhGISEhWrBggSZMmKDExGu/VJOfn59uuukmHTt2TJcvX5aHh4eMRqMuX77saOEsSfHx8fL09JTVapWvr6/q16+vrl27ymazKTc3Vzk5OUpKStK5c+d04sQJmUwmx1g2m002m03e3t7Ky8uTj4+P2rRpI7P56j6bAQBcHdYABoAbSVEb6DLYDn9VPdfqNd75cWqcPfhNOW9fF7i4W3vYg9uKiD9asnV0nYa/VBdLMnT7U4nTSmsZXaqU87ItLP3OXsPYpRWfpwtpGVnauN3ecnZo/x6lBoXFWwoXD22vxpK1Wx1ti83+vho3fEA5Z7i2Y0+0xkyZ6wgoi9Ywvp46tA7Tv1973vG4z8hJSsuo2A0EQHFjBt2hwl2z5V/Oer/u4vM3Ryn163/o9Wfur+mpAAAAALgGGjZsqE8//VTPPvvsNb+WwWBQ37595enpqdq1a8vb21uSVFhYKIPBIKPRKIPBIKvVquTkZMXGxiomJkZnz57VxYsXlZqaqvT0dF26dEk//fSTtm3bptzcXBmu6Exns9nk4eEhDw8PZWVlKTw8XB4eRA8AUJOoAAaA6y3uoHR0m8vdBk8/2co6v5raQBu6/Um2fVe0at46X7bDV1SCevvL0P8l2ZZ+7mqFAAAgAElEQVRPqtC4th2LSm7sdEVlb9ue0vrpzhXF8cekmO+lsJJtkhxyM2RbNE6yZJbYZRgy86rDX8m+ZmxRcHpl9W+RZo2CNbR/Dy1bv03L1m/T65NGO7WJLs2y9V87KlKLi41L1I490U6tilfM+78yxzsbn6gZC5eVuu/zbbsUXaz189D+Pcptvzy0fw+Xz/VqDB/YSzv3RmvZ+m1Kz8xWn1GTtGv1/PJPrAbF21+3/7maun2xquri+yurqJLY7O9b5TEAAAAAALge7rrrLrVs2dJRBWy1WuXh4aFatWqpoKBABQUFMpvNCgkJUV5enpKTk5Wdna24uDgZDAbl5eUpKytLly5dksVikdFoVK1atRzVw0WVwFarVUajUTfffLPuueeeGn7WAAACYAC43s5Fy7Z1ruv9LTpLXn5Snov2stXVBtrHLMOjs2R7Z4Tz9vhjzo+7jpTqNq7YmCnnpSvX95Vk6DywxLXVtmeJY207PpahjADY9tHYkvOTpK4jKt4+uhxL1toD8IhO7cpc33fYgF6OdYIXLFmnKeOGlTluRVosNwltoPdmvFDuusJn45M0fUHpAXBxY4f11xuTR5d7XLNGwdW+lnGR92ZMUPSxUzp4/LSij53S6Clv6d3pL1yTaxUXfdQe8Jr9fR1hem2zv5qENtC5hCRF7j2otIyscoP7K0Udi9G5BHtY3/UavWYAAAAAAFQXo9GoV155RcOGDZOXl5fy8/NVUFAgm82mwsJCeXh4yNfXV8HBwTKZTMrMzHTsl6Tc3Fx5eHg4Vf0WFBTI09NTBQUFjgpiPz8/NWzYUP/4xz9Uq1atmnq6AICf0YcBAG44Bqlt7zKPqLY20GF/sLd3dqVOQxnue6bCw9n2ri258dYepQbIhm4jSx57eJs9RC5t7OUTS7aW/nl8Q/8pFZ5jWZas3eoI94YN6Fnmsd26tFe7Vi0kSQuWrK9Se2Ozv68iOrXT2GH99e/XntexrxdVOYht16qFmoQ2cDz+92vPVyj8vR6+WDTbUS27dN3XWrJ26zW93ufbdhX7OTpXNg8faP+5pmdm6/Ntuyo99oLFv9y00O+e8KuYJQAAAAAA10fHjh31+OOPKzAwUD4+PjIajTKZTPL19VWXLl1Up04d1atXT6GhoQoODla9evUUHBysoKAgmc1mBQQEqKCgwGnMokpiq9Uqm82mixcv6vbbb1fbtm1r6FkCAIojAAaAG5Chw4NlH3Bwi2Qrs1F0xa/V/yXJu/QqyEoFq7kZUinr+BpcVeY2bCOFti6xudS1gPeuKbWyWKGtZXh0VsXnWI6iqtomoQ3KbZssybFOb0XCxC0fzVL24c1OXwnff6YvP56tNyaPrtD1ikR0aldirN1rFmj3mvmOoHXGwmU3zJq7tc3++uLj2Y7HY6bOVfSx09fkWmkZWfrbrHcdj4uv1yw5B8ITZ7+nqGMxFR778227HFXfFX2PAAAAAABwI5g8ebIaN7bfoO/n5ycvLy+1adNG99xzj+rVq6d69eqpQYMGCgkJkdlslpeXl2ONYG9vb+Xl5UmSozLYVuxzKZPJpJtvvlnTp08vsT4wAKBmEAADwI3opjvtbaBdKWoDXR3qNra3eb5Sy872Ns0Vdejrkmvz1mlY5hiGbn8quXHvWnuYXCTme9lWTC59gEZtpJ2Lpa/ml/1VATv2RDuqRouqRMszfGAvR9WtqzV5r6faZn+9N2OCJHub6NFTymg1fp11aB2mf7/2vOPxxu2Vr74tT2xcovqMmuRYT3lo/x5q1ijY6ZhmjYI1e+JTkuzB/aPPTKtQCPz5tl0aPeUtx+P3Zlz7NtYAAAAAAFQXo9GojRs3qnnz5vLw8JCHh4fOnz+voKAghYaGKiAgQN7e3jKbzQoMDJSfn598fX3l7e0tT09P5efnO4W/RZW/VqtVzZo10zfffCOj0VjDzxIAUIQAGABuREbP69cGWrK3eb6iGreylbW2r+aV3NipnHV52/YsWX1sybRX/BaN+9FY1+fvWyvbV/PK/aqIoupfs7+vo7K3IorC4rPxSde8tXFF9OsRrrHD+kuyh6xVaXN8rQwf2Msxt+oUG5eoGQuXKXzweEUfs6/9265VC0cYfqXxIwZoaH976/Oz8Um6c/Az+tus9xQbl1ji2KhjMRo95S09+uw0pWfa1+WePfGpa7ZmMgAAAAAA10qtWrUUGRmpxx9/XJJ9Ld8ff/xRDRo0UO3atR3HeXt7y8vLy/G9h4eHY73fovDYw8NDtWrV0vDhw7V7927W/QWAG4yppicAACidocODsv2w2vUBB7dIvSdK1dRaxzDgJdm+tIelhrY9S12316VDX0up8SXH7DzwlwfxR2Xbu1aGuo1+WRfYx2wPga9o72zbufiXNYIt176NcdSxGEXuOyjJHqDWNpfeErs044YP0IyFn0iSlq3/+oZoCzxl3FDHOrijp7yl9q3nl6iELW7puq+1c+/BCo09tH/Pq3qOb0werehjpxyvd0UcPH5KvUdOLHVfbFyio+L3lzn20OuTyl7/+L0ZE9SsUbDjZ7dgyTotWLJOgQF+at+6pSSVeE3M/r56fVLl2nUDAAAAAHAjMRqNmjNnjgYNGqQRI0Zo7969ioiIkMlkcrRvtlqtMhgMslqtKiwslJ+fnwwGg4xGo7y8vGQymeTt7a1PPvlE3bt3p+0zANyACIAB4EZV1AY6L7v0/UVtoJt2rJ7rhf1BhrF/qNKpth2LSm4sCnklKeW8bG/Zq2ptknTyexlGLZQkGbqNlO3K9X1T4+xVwK7WD65mCxb/cv0p44ZV6tzaZn8N7d9Dy9Zv0869B7VjT3SNV4fWNvtrxfyXdefgZ5Sema3RU97SF4tmuzz+bHxSiRDVla6d2131/FbMe1l3DBrvaLldnvTM7AoF1BGd2mn8iAHq1yO8QuNOGTdMXTu31/wl67Rp+26X1zL7+6pfj3BNGTeszCAdAAAAAIBfA4PBoD/+8Y86evSoVq9eraysLHl5eclischkskcG+fn5MhgMMplM8vf3l7+/v2rVqqUWLVroxRdf1COPPOKoEgYA3HgIgAH8Zg24p+zg1OznI0m6p0srNWtYz+VxTULqSpI6tmqklLvaujyuw80N7d/Ua1p2e+fg39n/a/SU/viEdGav62OTT1UsAG7UpvxjqjKGj/mX9Xpbdnba5bS+76Gvnc87vO2X7xu2kToNkFLinA6xpcTJUMq41S0tI0uxcUmK6NRO7Vu3rFLAN2XcMMXG2cPMnXt/CYCbNgxWRCd7YBpoLmNN5woqGquoQrUsHVqHafbEp/T5tl2y2exr2BYPRgPNfo7xKqNpQ+fXp/g4V+5zpSig/tvM9xxjlKa8+QWa/dShdUsFBvirX4/wKv3sunVpr25d2is2LlGfb9ul9Mws7dhz8Od97dS0YXClq8IBAAAAAPg18PT01GOPPSabzab8/HwlJSUpLS1Np0+f1rlz51S/fn15eXmpfv36ioiIUPv27VW/fn15eLCyJADc6Ay2opXbAQC4VuKPOiqAJUl1Gsow5Zuamw8AAAAAAAAAADewjAx78dWBAwcqfM5tt90mSeJWHQDAtdewjdR1hFSnoRTaWob+U2p6RgAAAAAAAAAAuCUqgAEAAAAAAAAAAADgBkIFMAAAAAAAAAAAAACAABgAAAAAAAAAAAAA3AUBMAAAAAAAAAAAAAC4CQJgAAAAAAAAAAAAAHATBMAAAAAAAAAAAAAA4CYIgAEAAAAAAAAAAADATRAAAwAAAAAAAAAAAICbIAAGAAAAAAAAAAAAADdBAAwAAAAAAAAAAAAAboIAGAAAAAAAAAAAAADcBAEwAAAAAAAAAAAAALgJAmAAAAAAAAAAAAAAcBMEwAAAAAAAAAAAAADgJgiAAQAAAAAAAAAAAMBNEAADAAAAAAAAAAAAgJsgAAYAAAAAAAAAAAAAN2E6fS6hpucAAAAAAAAAAAAAAPhZvUC/Kp9ratEktBqnAgAAAAAAAAAAAAC4GhkZGVU+lxbQAAAAAAAAAAAAAOAmCIABAAAAAAAAAAAAwE0QAAMAAAAAAAAAAACAmyAABgAAAAAAAAAAAAA3QQAMAAAAAAAAAAAAAG6CABgAAAAAAAAAAAAA3AQBMAAAAAAAAAAAAAC4CQJgAAAAAAAAAAAAAHATBMAAAAAAAAAAAAAA4CYIgAEAAAAAAAAAAADATRAAAwAAAAAAAAAAAICbIAAGAAAAAAAAAAAAADdBAAwAAAAAAAAAAAAAboIAGAAAAAAAAAAAAADcBAEwAAAAAAAAAAAAALgJAmAAAAAAAAAAAAAAcBMEwAAAAAAAAAAAAADgJgiAAQAAAAAAAAAAAMBNEAADAAAAAAAAAAAAgJsgAAYAAAAAAAAAAAAAN0EADAAAAAAAAAAAAABuggAYAAAAAAAAAAAAANwEATAAAAAAAAAAAAAAuAkCYAAAAAAAAAAAAABwEwTAAAAAAAAAAAAAAOAmCIABAAAAAAAAAAAAwE0QAAMAAAAAAAAAAACAmyAABgAAAAAAAAAAAAA3QQAMAAAAAAAAAAAAAG6CABgAAAAAAAAAAAAA3AQBMAAAAAAAAAAAAAC4CQJgAAAAAAAAAAAAAHATBMAAAAAAAAAAAAAA4CYIgAEAAAAAAAAAAADATRAAAwAAAAAAAAAAAICbIAAGAAAAAAAAAAAAADdBAAwAAAAAAAAAAAAAboIAGAAAAAAAAAAAAADcBAEwAAAAAAAAAAAAALgJAmAAAAAAAAAAAAAAcBMEwAAAAAAAAAAAAADgJgiAAQAAAAAAAAAAAMBNEAADAAAAAAAAAAAAgJsgAAYAAAAAAAAAAAAAN0EADAAAAAAAAAAAAABuggAYAAAAAAAAAAAAANwEATAAAAAAAAAAAAAAuAkCYAAAAAAAAAAAAABwEwTAAAAAAAAAAAAAAOAmCIABAAAAAAAAAAAAwE0QAAMAAAAAAAAAAACAmyAABgAAAAAAAAAAAAA3QQAMAAAAAAAAAAAAAG7CVNMTAAAAAAAAuFo2m62mpwAAqCYGg6GmpwAAwK8aATAAAAAAAPjVIOgFAPfn6nc9wTAAABVDAAwAAAAAAG5opQUBlQmCCY0B4MZTmTC36Njiv88JgwEAcI0AGAAAAAAA3JCuDG6LPy5rHwDgxlfW7+2ywt0rw2CCYAAASiIABgAAAAAANwSLxVLTUwCAamCTZNOlLA+9+E66Vn5XT9aij2GvzCptkkFW2QweMlit8vUu1LzxBXr0bkOJQ1Ex3t7eNT0FAABqnEdNTwAAAAAAAAAAAAAAUD0IgAEAAAAAAAAAAADATRAAAwAAAACAGscavgCA6sDfJwAAEAADAADgOiksLNSLL76oXr16adWqVdU27siRIxUREaFFixZV25g3kunTpysiIkKTJk2q6akAwDXDh/UAgOrE3ysAgN86U01PAACA6rBu3TrNmTOn0uf9+c9/1siRI6/BjABcKTY2Vrt375YkrV27Vg8//HANzwjVIScnR1u2bNF///tfnT59WmlpafLy8lJoaKjuvPNOPfLIIwoMDHR5fnZ2ttavX6/t27crLi5OktSoUSPdc889evDBB+Xv71/qeQkJCdq8ebO+//57JSQkKCMjQwEBAWrZsqXuvvtu9evXTyZTyX/uHDp0SFu3btX+/ft18eJFWSwW1a5dW7feeqv69u2rO++8s8zne/DgQa1atUrHjh3TxYsXFRQUpFatWunhhx9W+/btK/HK2W3atEkzZ86U0WjUvHnznMYYOXKkTp48WeKcl19+Wffdd58k6Z133tGyZcsqdc3ly5ercePGLvdnZmaqT58+pe5bs2aNGjRo4LQtLS1Nn332mSIjI5WQkCCr1arg4GDdcsstGjRokFq3bl3qWFarVd9++6127NihI0eOKCUlRZIUFBSk3//+9xo8eLBatmzpOP5f//pXqTePPPDAAyVukKjq+6NIYWGhdu3apS1btuj06dNKTEyUp6enGjRooLCwMPXt21edOnWSJD311FM6cuSIy7GuFBQUpHXr1mnWrFnauHFjhc4ZPXq0hg8fXuq+xMREbdq0Sbt27VJSUpIyMzNVt25dhYSEqEuXLho4cKACAgIqPL+aUPQhPR/WAwCqg81mk8FgcPwXAIDfIgJgAACuo0WLFumDDz5QixYttGTJkpqeDnBdNW3aVB07dlRUVJT69etX09NBNYiMjNTs2bOVmprqtD0/P18nTpzQiRMntGbNGs2dO7fUEPDUqVOaMGGCkpOTnbYfO3ZMx44d08qVKzVnzhzddNNNTvs/+ugjLV68WPn5+U7b09LStH//fu3fv1/r16/X22+/LbPZLMkeVM+cOVPffPNNiXkkJyfr22+/1bfffqs+ffropZdeKvFhoc1m07x587Ry5Uqn7fHx8YqPj9c333yjwYMH67nnnpOHR8UaLcXExOjNN9+UZA8RqxIgV0WtWrWqbawffvhBU6dOVWZmpmObwWDQmTNndObMGW3evFmPPfaYnn76aafXJTY2Vq+88kqpAff58+d1/vx5bdy4US+88IL69+9fqTlV5f1RXEJCgqZOnarjx487bc/Ly1NmZqZiYmKUmJjoCIAry9PTs9Ln+Pr6lrp9xYoVWrhwoQoLC522X7hwQRcuXNCBAwfUtm1bdezYsUpzvR4IfwEA1wIhMADgt44AGADgFu67775Sq7b++c9/aseOHWrfvr3+/ve/l9jvqrIMQPUzmUx6++23+RDGTZw9e1ZTpkxRYWGhgoKC1L9/f7Vt21Zms1mXLl3Srl27tGHDBmVmZmry5MlauXKlU/CYlJSksWPHKisrSwEBARoyZIg6dOggDw8PRUVFafny5bp48aLGjh2rxYsXKyQkRJK0ceNGffjhh5KkVq1aqW/fvrrpppvk6empCxcuaNOmTdq9e7dOnjypN954Q9OmTZMkvfnmm47wt2vXrrr77rvVqFEjFRYWKjY2VitWrNCZM2e0ZcsWtWnTRoMGDXJ6vgsWLHCEv506dVL//v0VEhKipKQkrV+/Xnv27NHq1atlMBj0l7/8pdzXLycnR1OnTtXly5cVHh6uxx9/vMQxc+fOdYSYhYWFZVbNBwUF6b333nO5//nnn1dsbKzatWun4ODgMufm7++vNWvWOB7v27dPM2bMKHFcYmKiJk+erJycHLVo0UJPP/20OnbsKE9PTyUlJWnr1q1atGiRPv30U3l4eOjpp5+WJBUUFOivf/2r4uPj5enpqQceeEBdunRRUFCQsrKydPToUS1fvlzp6emaM2eO2rZtq7CwMD355JN67LHHHNd/+umnlZiY6DSnqr4/iiQkJOiJJ55QZmamfH19NXDgQIWHhys4OFgFBQVKSUnRf//7X3Xr1q3E63HvvfdqzJgxpb6mFovF8TPu2bOnJGncuHF64oknXB4/ZswYZWRkqH379qWG4PPmzdOKFSskSe3bt9eDDz6oVq1aydfXV5mZmTp58qROnTp1Q4e/RQiBAQDVifAXAAACYACAm/Dx8ZGPj0+J7d7e3pLs1U5XtqwEUDP4EMY9NG3aVJMmTVJkZKSmTp1a4nfwnXfeqVatWmnWrFlKTk7W7t271bVrV8f+t956S1lZWapdu7YWLlyopk2bOvZ16NBBd911l8aNG6fU1FTNmTPH0ea/T58++umnn1SnTh2NHDnS6f3Upk0b3X333Zo2bZq+/PJLffvtt8rIyJDZbNazzz6rlJQUDRkyRHfccYfTXNu3b6+ePXvqz3/+s2JjY7VhwwanALioGlmSHnroIaeAt02bNurevbvefvttrVy5UqtXr1avXr106623lvn6zZo1S+fOnVNwcLBefvnlUv9c1KlTx/H9lRWeV2rQoIHLv+dOnTql2NhYSdKjjz5a5jiS/c9o8bHq169f6nGfffaZcnJyFBQUpIULFzq1GQ4JCdHw4cPVokULTZo0ScuXL1fv3r3VokULmUwmTZs2Tf/61780ZcoUNWrUyGncTp06KSIiQk8++aQuX76sTZs26dlnn5W/v7/TjVsNGjQoEQBX9f0h2VtST5s2TZmZmWratKneeustx40HRZo0aaIOHTqU+nrUr1/f5c9g9erVkuw3whS9twICAkptzWyz2fTyyy8rIyNDDRo00PTp00u0q/7+++8d4e+YMWM0bNgwp/3BwcElKudvRMUDX5vNRgAMAKgWRX+fFP1/AEEwAOC3iAAYAICfJScna+3atdq5c6cuXLggk8mkRo0aqWfPnurXr5/8/PxKnJORkaGVK1fqf//7n+Li4mSxWBxrDHbu3Fl9+/ZVvXr19Oqrr+qrr75ynHf69GlFREQ4Hpe1tl95zp8/rw0bNmjXrl2OD8JDQ0PVtWtXDR482ClAkOzV0tnZ2XrppZfUt2/fUsfcu3evnn/+eUnSV1995dR6smgNxnvvvVdTpkzRunXr9NVXX+n8+fN65ZVX1KVLl0q9Nlf64YcftH79eh09elSXLl2S2WxWs2bN1KdPH/Xs2bPMNRvLUnxNy+XLl8vDw0MrV67Url27lJycLH9/fzVv3lx9+/ZVr169ZDQaS4xRtB7nxIkTFRERoZUrVyoyMlKJiYnauHGjU1vPqryfCgsLtXHjRm3btk0xMTHKysqSj4+PGjdurNtuu029e/cu9QP9Y8eOafXq1YqKitLFixcdr/P999+ve+65p9R2tMWfS/fu3bVq1Sp99913unDhgiR7yNGzZ089/PDDZb7mlX3/FV23tPW3T5w4oc2bN+vHH39UQkKCLBaLAgMDdcstt2jw4MHq3Lmzy3lUVXW8L3Jzc7Vt2zbt3LlTx48fV1pammrVqqVGjRopIiJCQ4YMKXP9zeTkZK1bt87xXjEajWrWrJn69u2r+++/v8Jzt1gsWrVqlfbv36/g4GDNnz/f6fiqvE/K06dPH5drxUpS7969NWfOHBUUFDjW95Xs75vIyEhJ9vCqePhbpGnTphozZoxmzpyp3bt3KzY2Vs2aNZPRaNQLL7xQ5rweeOABffnll7LZbEpISJDZbFZgYKDmzp3r8hwfHx/16NFD//nPfxQfH++0b8WKFbJarWrYsKHGjx9f6vljx45VZGSk4uPjtWLFCr366qsur7V69Wpt375dRqNRr776aqltiKvT8uXLJdn/bBb/u+dqHT16VJLUvXt3l+/xiIgIBQcHO35PPvPMM5Ls1bkLFy50OXaLFi1066236scff3R675Snqu8PSdqzZ4+io6Pl4eGhGTNmlAh/q8pqtTpuIOjZs6eCgoLKPH7RokX69ttv5enpqZkzZ5b4PSpJH3zwgSSpV69eJcLfX4viVb/FvwAAuFpX/n1CNTAA4LeIABgAANnXsZw2bZqys7OdthetQ7lmzRrNnDlTYWFhjn3nzp3TM888o4sXLzqdU3yNwaioKM2ZM0e+vr4ym83KyMhwHFf8A/+iSuXKWr16tebPn19incOYmBjFxMRo3bp1mjVrltq2bVul8cty+fJlPfPMM4qOjnZss1qtkir32hQfb86cOdq8ebPTORcvXtTFixf1ww8/aPXq1Zo2bdpVfyi/Z88evfvuu04/75SUFKWkpDjWhpw2bZrLD+nPnTunUaNGlXh+RaryfrJYLJowYYKioqKczsnKynKct3nzZq1du1ZeXl6O/f/5z3/00UcfOd3lfunSJV26dEl79+7Vpk2b9Oqrr7oMZ86cOaOPPvpISUlJTtuPHz+u48eP65tvvtG8efOcrlmkOt9/c+fOdVTIFZeSkqLIyEhFRkbqySef1KhRo8odq6qq8r6IiYnRhAkTSrwXCgoKdPLkSZ08eVJbtmzRwoULS227u3PnTk2fPl1ZWVlO2w8dOqRDhw5p69atFQoHd+zYoffff9/xs7gyMLra90lVFf+QLTAw0PH9d999J8keuvbu3dvl+ffee6/mzp0ri8Wi7777TiNGjKjQdYuH2cWvW9Hzir/mBQUF+t///idJ6tevn8sbIkwmkx544AG999572r17ty5fvlzqWq9Hjx7VvHnzJNlbGJdXKVyexx9/XP369XO5rmxKSoq2bt0qSXr44YdLvYmhqorebxUdc9euXY4AuCKK3j/VHZC7en8UvU4RERFq3rx5hcd77bXXdPnyZZd/fiIjIx0h9pAhQ8oca8eOHY4W1i+99JJatWpV4pj4+HhH+D506NAKz/NGRwAMwK3Yfv4yGGT7/+zdeXxU9bnH8c/vTBYIhF1AkFVAFERBWqXiUlQQRUVUrktdi2C1YlXUixvWpWrFal1ALC4VtEWkbggV9VaR4lbrjigiqwgSlhAIkMyc3/3jLHMmmQnZ2L/v+0qTzJzll5OTcM13nucxYKwLJvgdlyGEtBaL9fbzdt4RK90jla0AFhER2RspABYRkb3evHnzwjmWRxxxBBdffDFdunTBdV0+/fRTJkyYwLfffsv111/P008/Hf6B98EHH6SgoIB9992Xa665hm7dupGbm8tPP/3Et99+y7Rp0/j1r38NwKhRoxg1ahRPP/00EydOpEOHDkyaNKlG6545c2ZYzdajRw9+9atf0aVLF6y1fPLJJ0ycOJEVK1Zw22238be//S1l9mZtePvttwHo1asXZ555Jm3atGHfffcFqnZtAvfddx8zZ84EvOqsU089lVatWlFYWMjs2bN55pln+Prrr7n22mv5y1/+klKVXFV/+tOfiMVinHvuufTv35999tmH1atX8/rrr/P888/zxRdfMHr0aMaNG5f2uj333HMAnHrqqWE1V7Bdde+nF154gc8++4ycnBxGjhxJ3759adiwIWvXrmXp0qXMnDmTLl26pASxU6ZM4cknnwRg6NChDBkyhFatWrFx40Zmz57NY489xkcffcSdd97Jvffem/ZaTJkyBcdxGDp0KMcddxxNmjThxx9/ZOrUqbz77rvMmzePv/zlL+WqHmv7/mvZsiWNGiF8l9kAACAASURBVDXi9NNP58gjj2S//fYLQ9QJEybw9ddf88QTT9CnTx+6du1amW9zlVXnvth3332x1nL44Ydz8sknhzNwV69ezVtvvcVf//pXVq1axf33388f//jHlPN99dVX3HzzzSQSCVq1asXFF19Mz549yc7OZsGCBUyePJlPPvmkUmsfN24ceXl5XHjhheEs1UBt3CfV9cknnxCPxwHo0qVL+HgQXnXv3r3CCvPs7GwOPvhgPvroI7755ptKn/fDDz8EvHCvKu3/g/2ioduyZcvCFwX07Nmzwv2D54uLi1m2bFnKizzAq9q++eabicfj9O3bt1LtmLelYcOGFYbc//jHPygtLSUvL49BgwbV+HxRHTp04KuvvuKdd97h0ksvTTuK4Z133gm7AyxdupREIlGpwLioqIj58+cDpA1BayLT/fHpp58C3vdxy5YtvPLKK7z99tvhups3b84RRxzBGWeckbLftu6xoAK7V69edO7cOeN233//fTiT+LzzzgtnBZcV/F7Iz8+nU6dOKdX969evJz8/n/3335+BAwfyy1/+cluXY6fIVP0bvJBMRGTP4GJwcI3BYsAJwl1ICXeNxeJirIN1DAYDVW/MIhGu6+I4TsoLi1QFLCIiexsFwCIiste77777SCQS9OvXj9///vcp/0F4+OGH07NnT37zm9/wzTffMGnSJC6//HIg+QfYESNG0KdPn3CfNm3a0KZNG4477rjttuaioiLuv/9+AI477jjGjBmTUtHUv39/+vTpw/3338/5559f6+Fv4IQTTuDWW28t9x/RVb02H330URj+jho1isGDB4fPNWrUiPPPP58+ffowfPhwlixZwqRJkxgxYkSN1n7vvfemzAFt2LAhnTp1olevXlx//fV8/fXXvPzyy5x55plp9y+7zkB176cgeBg4cGDKcVu0aEGLFi3KtT9ev34948ePB+Caa65JmVfaoEEDBg0aRM+ePbnkkkv497//zfvvv19u7mnglltu4YQTTgg/33fffenVq1c43/W1117jsssuC4O67XH/nXXWWZx88snlKv169+7NAQccwHnnnRdWMm6vABiqfl/k5eXx5JNPlmtn3qZNGy666CKysrJ47LHHeO+99ygqKkqpEAzulbZt2zJhwoSU55o2bcrPf/5zbr/9dt58881Krf3RRx8tFy7V5n1SVVu2bOHPf/4zAIcddlhKGLpu3Tog82zZqCDMXrt2baXOu2jRojBwO+ussyrd2nrmzJlhR4OhQ4eWW2tl1ht9fu3atSlfs7WWO+64g1WrVtGyZUtuuumm8LklS5YwevRogHL3Qk2UlJTw0ksvAV71ck1eOJPOGWecwYwZM1i1ahWXX345w4cPp0ePHtSrV4+CggJmzpzJU089lbLPhg0b0rY0Luuhhx6iuLiYhg0bMmDAgFpbc0X3x5o1awDvezVs2DAWL16csm9RUVHY3eD222/n8MMP3+b55s+fn/a+SueRRx5h8+bNAPzzn/9kyZIlDBw4kGOOOSZlu2CdzZo14+9//zuPPvpoyh+4i4uLWbVqFXPnzqVv377ccccd2+3/D6gt0RBYf5gXkT2BNeA6DtnWsH+jEg5us44NpXVYtjqPuBsrU9xrcFyHvOwSWrcspkFOgia5uWBzVARcTfp3RURERK8nExGRvdyCBQtYsGABxhh++9vfpv2Pw5ycHIYPHw54f5CNPg7w+eefk0gkam1NiUQi7Vu0KmbWrFls2bKF3NxcrrvuurQBR35+Prfddlu5CrTa4jhOhdcMKn9tgoDi4IMPThuqAnTq1Clsnfnqq6+mHDfTNcvUSvKwww7LGHL16dMnrLqaPn162m06dOiQdp01uZ+CP84vWLCgXDvgdGbNmkU8HqdNmzYpoV5U69atOf300wHKtdYOdOnSJSX8jQqud1FRUTgbODh3bd9/WVlZGdu85ufnc9hhhwFeUFZZlflZiqrufZFulnUgCG6stSxbtix8/JtvvuG7774D4Oqrr04b+DmOw6hRoyr4CpOGDBmStrKwJveJtTbjNdyWkpISRo8ezaJFi2jQoEEYbgaKiooA0s7CLivYJtpCP5Mff/yRUaNGsXXrVrp161bp2ajvv/9+WKF99tlnc8ghh5RbK7DNADX69UT3A3j22WeZO3cuWVlZ5dptl5SUsHTp0rDStLbMnDmT9evX4zgOZ511VspzrutW+/sb6Ny5M6NHjyYrK4sFCxZw3XXXMWDAAI455hgGDx7MhAkTyM3NZdiwYeE+xcXF2zzuxIkTwxcFjR49utYC8Yruj6KiorBa/aGHHmLx4sX079+fJ598krfeeotp06Zxyy230Lx5czZt2sQtt9yS8nsxkyBs3m+//TjyyCMr3NZaG77QZs2aNcyZM4ebbrop7BQQCF4MsWjRIh555BGaNGnCTTfdxPTp05k1axZPPPFEGJrPmTOHRx99tApXaccpW/2rFtAissexlnp1Xa48pxHP/6E+dw3PonHdTWk2dDEmzgH7FfHkTbk8e0c+fXvFMOh3YnXp3xgRERFVAIuIyF4uCGCstWGL1HSCP1ivXbuWwsJCGjZsyPHHH89LL73EP/7xD+bOnUufPn046KCDOOCAA2jXrl215ywOHTo0bJcZNWTIEK655hoAvv32W8BrU1m/fv1qnaem2rVrlzH4quq1WbBgAQBHHXVUhec86qijmDRpEuvXr6egoIAWLVrw448/lgs2AnfccUfa9pf9+/ff5nneeOMNFi1aFLYPi+rVq1fa/WpyP51wwglhy+UhQ4bQt29fDjroILp27Urnzp3LzeANrtmyZcu45557Mp4raHW6aNGitM9Hg66y2rRpE368du1a9ttvP2D73X+bNm1izpw5zJs3jw0bNlBSUhI+F8yMrUx4FKjMz1JUTe6L+fPn8/7777Ny5Uo2bdoUhsxBNV/ZtX///feAN/+7d+/eGc9Z2eub6Z6syX0yc+ZM/vCHP6Tdfvr06TRq1Cjtc1u2bOGGG27g448/pm7dutx3333l5nYHX1fZOdnpBNtsKwRctmwZV111FT/99BPt27fn3nvvrbC9dGDOnDnccsstlJaW0q9fv7Aqv+xawfseVrSO6NcT3e7TTz/l8ccfB+CKK67goIMO2ua6aspay5QpUwDvhQhlvwd33313GLJGVXVEwcCBA+nWrRtTp07lww8/ZPXq1RhjaNu2LX369GHo0KHMmzcv3D5dm+ioxx57jMmTJwNe1Xrfvn0rvZaKbOv+KPs79qyzzuKqq64KP2/RogUDBgzgsMMO4/zzz6eoqIipU6dWONN41apV/Otf/wK830fbqkAK2uqXlpaycOFCpk6dyuuvv87bb7/NU089FQbpderUCfepX78+48ePp1WrVuFjBxxwQBhWT5o0iZdffpmLLroo48/sjlb2D/Bl20GLiOwRrMEhCxxolGdokOuwsIELMcpX9VqDjRliWZbW9WO0rO+QiGkKcE1E/00pWwWsqmAREdlbKAAWEZG9WrS1Z6Zqz7LWrl1Lw4YNGTlyJHl5ebz66qusXLmSF198kRdffBGAxo0bc8IJJ3DxxRfXWuVS2TUE59lZKjp3Va9NZb+eJk2ahB+vW7eOFi1aVGvtZYOQsoJ1JBIJNmzYUO6P5pn+iF6T+6lfv34UFxfzzDPPsGLFCmbNmsWsWbMAr2r4qKOO4qKLLqJDhw6A19q3KueKri2qotmh0WrHoDIuWDPU7v335ZdfcuONN26zze/2DAeqc1+4rss999yTscI6Krr24PvRqFGjWvkDVKZ7srbuk8ratGkT1113HZ9//jn16tVj7NixdOvWrdx2wc9yQUHBNo8ZbBP9+S9r0aJFXHXVVaxdu5YOHTrw5z//uVJh1//93//x+9//nkQiwXHHHcett95a7gUf0fMGLzzZ1loheb+sW7eOMWPG4Lou3bt3p1+/fmEL30D087Vr14bVng0aNKh269733nuPpUuXAtTKrOGKtG3blmuvvTbj8z/88APghayZfm9Ya3nooYeYOnUq4FXGZ6par6rK3B85OTnk5eWFL9S45JJL0h6rWbNmnHjiiUydOpXPPvuswvO+8MILJBIJ8vPzOemkkyq93uzsbLp27cott9zC5s2bmT17Ni+++CKXXHIJjuOkrH3AgAEp4W/UOeecw6RJkygtLWXevHn84he/qPQadpR0s4BFRCoWzNE1YMD6VbKmTFRqw+pZg7FgTfrttuc6rUngTf+1GJNFlmtwrCmX7BosxgVr4iRiCaxTiuNmYR2FlNVVtgW0Ql8REdkbKQAWEZG9WvCH6BYtWjBt2rQq7ZuTk8Pll1/OpZdeyhdffMH8+fP55ptvmD9/Pj/88APPP/88n376KRMnTqz0DEqgUusIAonqhDVBxVNFlZTR0CiTiv4DuqrXpkmTJqxYsWKb4V80JAmuwb777sucOXO2ud6oJUuWhC2F0wnWEYvF0rYlzvS11+R+Ahg0aBCDBg3im2++4euvv+abb77h22+/5dtvv+Wtt97i/fff569//SstW7YMzzVw4MCUWaI7Qk3uv3QSiQS33HILa9eupXfv3owcOZK2bdumVOc98sgjYSvVyqrq96A698Urr7zCjBkziMVi/O///i9HHnkk+fn54T1SXFyctrI4+P6tX78+bZV5VWXavyb3yUknnVSl0KqoqIirr76a+fPnk5+fzwMPPJBxXvMBBxzA22+/zRdffEE8Hs9YqRuPx/nyyy/DfdL59ttvufrqqyksLKRz5848+OCDFb6wITBz5kzuvvtuXNdl4MCBjB49Ou113G+//cJg8L///W/aQDsQzD+vW7cubdu2BWDSpEnh764vv/yS0047rcJ1XXDBBeHHDzzwQLn535UV/Lx069Yt7ZpvuummHfa746OPPgKge/fuaX9/uq7Lfffdx6uvvooxhuuvv55TTjmlVs5dlfujffv2zJs3jyZNmlT44q3mzZsDFf9bWVxczKuvvgrAaaedllK1WxXHH388s2fPprCwkLVr19KsWTPat28fPh+8KCidBg0aULduXTZv3kxhYWG1zr+9lK3Min4sIpKZxeJiiAEuWIMhgUuZzkt+xgoWxzWAg8X1QtcdFAQaDMY64Tqsn/paY8uV9VoM1hgc62CswZosdmRUvScq+29MEAJDxf8dKyIisifRDGAREdmrdenSBfDaNAZtbasqOzubXr16ce655/L73/+eKVOmcPvttwPeH56/+uqrcNva+o/NYN2ffPJJpebFRgXh3fLlyzNus62qpsqq7LUJgp3Zs2dXeLx3330X8EKtZs2aVXtdwR/lMwnW0aFDhyoFc7VxP4F3PQYPHswNN9zAE088weTJk8nPz2fTpk1hVXBwrvfeey+lVfKOUJP7L5358+ezevVqwJv32bFjx0q17q1t1bkvgntywIABDBw4kAYNGlTq5zyYjbxlyxb+85//ZNyu7BzZqtpR98n69eu58sormT9/Po0aNeLhhx/OGP5Ccjby5s2beeONNzJu98Ybb4RttI8++uhyz3/11VeMHDmSwsJCDjroIB566KFKhb8vvfQSd911F67rMnjwYG688caMP+vZ2dn06dMHgNdeey2lGj4qkUjw2muvAXDEEUeEs9C3bt26zfXUtu+++47//ve/QHKW984yf/78sMV4unnjiUSCO++8k1dffRXHcbj55ptrLfyt6v0RVMgWFhZW2J78xx9/BGCfffbJuM306dPZuHEjsViMM844o5pfQWogGrTP7tWrVxgor1ixIuO+69evD39+avJv5o6gCmARqRwD1gtzXeN64ap1iLlZGGu85/03xzpkuVlYk8CNbcUhjmNdDC7ssNm6Boz/5k/0rejMRqFvrdG/KyIiIgqARURkL7f//vuHsxjvvvvujH/wXbx4cUqQC6SdLRo44ogjwo+jlbbBH2zXrFlTo/8Y7d+/P3Xq1GHr1q2MHTs2nDcatXHjRu644w4WLlyY8ngQyrz++uts2LCh3H6LFy/mpZdeqvbaoOrXJqiI++qrr8JW0WV99913PP/88wCccsopNaqYXLBgAe+//37a59577z3eeuut8DxVUZP7ad26dRmDonbt2tG6dWsgec0GDBhATk4O69ev509/+lPG+2nOnDmVquiuiprcf+lEg8lo2+lAIpGocvVvdVTnvgjWXq9evbT7vfnmm2kf79KlC506dQLgwQcfTBv0uq7L/fffX/kvII0dcZ8UFBRwxRVX8N1339G0aVMefvjh8GvLpG3btuHvgnHjxrFs2bJy2/zwww889thjAPzsZz8rV+n46aefcvXVV7Nx40Z69OjBgw8+WKmW+1OmTGHs2LGAN+d11KhR2wztg/mty5cvZ/z48Wm3mTBhQvjCmuhc8uuuu445c+ZU+PbQQw+F20+fPj18vKbVvy1atAjD9p1hxYoV3HLLLYD3+3HAgAEpz8fjccaMGcOsWbOIxWLcdttt5baprurcHyeeeCI5OTkkEomMc5ALCgrCFy0cfvjhabdxXZcXXngBgOOOOy5jUPzEE08wffr0jD+XJSUlYUvs9u3bh79ncnJyGDhwIOC9KCF4AU1Zf/vb3wDv91NFles7U6ZKYBGRTLyQNAh9HVxjcJ0SMHFM8EYcaxKUOi4JJwvrZoN1cAHXODss/pWdR/++iIiIqAW0iIgIN9xwAyNGjGDBggVcdNFFXHDBBRx22GE0bNiQNWvW8M477zB58mRyc3N58sknadasGaWlpVx++eU0aNCAQYMG0bNnT1q2bIm1lhUrVvD0008D3rzDaNvSzp07A7Bhwwb++te/cu6551JcXMxnn31WpT/S5+fnc+2113LXXXfx5ptvsmbNGn71q19xwAEH4Loun376KY8//jjLly/n888/57nnngvnSJ5yyinMnDmToqIiLrvsMkaMGEHnzp2Jx+N8+OGHPPHEEzW6ntW5Nr179+akk05ixowZ3H///SxcuJBTTz2VVq1aUVhYyOzZs3nqqacoKSmhffv2nH/++TVaI3jf93PPPZcBAwbQrFkzVq9ezeuvvx7+wbxr166ceuqp1TpuVe8n8ELAzz77jEGDBnHEEUfQtm1bcnJyWLt2LTNmzGD+/PkAHHrooYB3D1xzzTXcc889TJ8+neXLl3P22WfTtWtXcnNzWbZsGTNmzODll1/m0EMP5cEHHyQWi2Vcd1XU5P5Lp3PnzmGb0ieffJLf/va34VqLioq49957a2XdlVHV++KQQw7hk08+YdasWQwePJh27dqFz82dO5dHHnkk47lGjRrFFVdcwdKlSxk2bBi//vWv6dWrF9nZ2Xz77bdMmjQprOKsru19n6xatYorr7wyrEIcM2YM9erV46effkq7fZMmTcLq7lGjRnHBBRewbt06RowYwTnnnMOhhx6KMYbPPvuMv/3tb6xfv566dety3XXXpRzno48+YtSoUSQSCdq2bcv//u//snHjxrQV6Y7jhD9nf/3rX/nLX/4CeC9kOOecczKuNTc3N6wW7datG2eeeSZTp05lypQpLF68mMGDB9OyZUtWrVrFyy+/zHvvvQfA6aefTo8ePSp9DWtbQUFB+MKDM888s9Z+7jP57LPPeO211+jXrx+tWrUiLy+PVatWMWfOHKZNm0ZxcTF16tRhzJgxKb8HSkpKuPnmm5k7dy4AV111Fd27d8/4/ahfv37aF4ikU937o2XLlgwbNoxx48YxefJkNmzYwNlnn81+++1HIpHg448/Dl+w0bRpUwYPHpz2/LNnzw5/JoYOHZp2m+XLlzNp0iTi8TjPPfccJ5xwAt27d6dx48Zs2rSJhQsXMnXq1PDFEWX/3Rs+fDjvvvsuBQUFXHbZZVxxxRX06dOHunXrsmrVKp5//nmmTJkCwHnnnVfpa7e96Q/wIlJTFgesS4ljcU0MY2O4TgLHdQh6Kwcv64rhYlyvvXIJ4BiXmHXLtWCWvY9mAouIyN5AAbCIiOz19t9/f8aOHcttt93Gjz/+mDFs6tmzZ1g9tHDhQjZs2MCqVat44IEH0m7vOA6jRo2iUaNGKcc4+OCD+eKLL5g4cSITJ04EvJmi06ZNq1KLxoEDB7J582YefvhhPvnkk3D2ZFTTpk25/fbbU/7o3qNHD4YNG8bEiRNZunRpuRmQ2dnZXHrppWFIUlXVvTajRo0CYMaMGbz00ktpq5APPPBA7rzzzrANZnUNHz6cv//970yaNCltlVe3bt248847KwwtM6nO/bR161a+/vprCgoKePrpp8OQvKxTTjklpYJ60KBBlJSU8Mgjj/Dpp5/y6aefltvHGEPv3r1rPQSq7v2XTv369Rk5ciT33nsvU6dOZfbs2XTq1Ini4mLmzZtHPB6nV69eNQ5Dt6U698XZZ5/NO++8w6JFi7jgggvo1q0bDRo0YMmSJSxbtoxu3bqxaNGitDO3u3fvzu23385dd93FDz/8ELZHjzr44IPp2LEjL7/8crW/ru15n9x4440pLWhHjhxZ4fYTJ04MuxC0bNmSRx99lFGjRrFmzRomTJhQbvsmTZrwxz/+kVatWoWPFRYWcv3115NIJABYunQp5557bsZz1qlThzfffJN///vfKb/XZs2aFbZUT6dPnz7cd9994edXXnklrusybdo0PvjgAz744INy+wwePJjf/e53FVyB7W/atGnE43Hy8vJqrZVyRZ5++mk++ugjZsyYkfb5Nm3acNddd9GxY8eUxx9//PEw/AX405/+xJ/+9KeM57n88ssr/D4Hqnt/BM4991xKSkqYOHEir7zyCq+88gqxWCw8HnjtlO+5556Uf8OiggrsQw45JGMr9ObNmzNkyBCmTZvG0qVLM774yhjDhRdeWK4yOj8/n0cffZTrrruOpUuXcuuttwKUW+vgwYNr5UVT20M0DFarThGpLEOCwhL423+KmfNdnJgLCQPGNRhrCfosW2vBWLAW143RMKeEi35Zn591qKNGy3uBdP+uKPQVEZG9jQJgERERvKrKSZMmMXPmTP7v//6P5cuXs3HjRho1asRBBx3ESSedRN++fcPtu3btytSpU5k1axYffPAB3333HYWFhWRlZbHPPvtw6KGHMnTo0HItS40xjB07lscff5x33nmH9evX07x5c4466qiwPXRVDBkyhJ///Oe8/PLLvP/++2Hr5X333Zejjz6aM844I+0fqC+66CK6devGP/7xD+bNm0dhYSGNGzfmsMMO4+yzz6ZOnTrVDoCre21ycnK48cYbGTBgAC+//DLz5s1jzZo1NGjQgPbt23PiiSdywgkn1Mps2EMPPZQBAwYwZcoU/v3vf7N69Wrq1asXnmfAgAE1Ok9V76fc3FwmT57MO++8w7vvvsvXX38dtgkP9hk0aFA4hzRqyJAhHH744bzyyiu89957rFq1itLSUpo1a0avXr0488wzt9mOt7qqe/+lc8opp9C6dWv+/ve/M2/ePD744AMaNWrEkUceyTnnnMO8efO2ewBcnfuifv36TJgwgWeffZZ33nmH+fPnk5WVRevWrfnNb37DWWedlbFKELxZuF27duXFF1/k3//+NytXrsRxHNq1a8eAAQM47bTTqv2zGLW97pOaziju3LkzkydP5uWXX+btt98OWyi3bt2aY489lsGDB5dr27t161ZKS0urfK6azqt2HIerr76afv368cILLzB//nzWrFlDkyZN6Nq1K2eccQY9e/as0TlqasuWLeGLBU4++WTq16+/3c85YsQIWrVqxeeff05BQQFbt26lWbNmtGvXjv79+3PMMceE85CjamN+eDrVvT+iLrroIvr27cuLL77IZ599FlYlt2rVimOPPZYzzjgjYzvpefPm8eWXXwIVz1/Oyclh5MiRnHPOOcycOZOPP/6YxYsXU1hYSE5ODk2bNqVnz54MGjQoHC1QVuvWrXnyySd54403eP3111m+fDmFhYU0adKE7t27c9ppp9G7d+8aXYsdQaGviFSFBUoSDh8vr8uLn2eD67d0tgZcsK4FDLh+GOyP/N2nzhZOONTysw4KAPc2+ndGRET2VsbqX0ERERHZCxQVFYUzE8eNG7dTW7TKrkP3hYjIjhOdx+i6bspbIpEgkUhU6wVxIrL3sEDBJsONr7o8+59srI2FIa/33vhVwDYlBG5aZysPXehy+mGxHVP/6/+11Rrvk4QLc782/OqurawuakBKH2prcZwEP++4hr/9Pp8WDQ1Yg4pVq2/Lli3EYjFisRiO46S8BVXAqgYWEZHdwYYNGwDSdnPLJBgf52yXFYmIiIiIiIiIVEI0GBYR2RaLH6w6eG2eHcAY/33kzTHJ98kRwbIX0L8rIiIiCoBFREREREREZCfTH+lFpPIMxjF+sBuEvNZ/H/k4GgJjg/HAspfQvysiIrK3UwAsIiIiIiIiIjuM/igvIjVm8Kp/jU0Nf4OK4KAqOKgMjnlBsH777N3074+IiOxNsnb2AkREREREREREREQqI+zk7Phlvi5eyBtkey5++EvyQVNmXxEREZE9nAJgERER2Svk5+czZ86cnb0M2cXovhARERHZfZjoB2GbZ7zQlzKfO0AidUcFwCIiIrK3UAAsIiIiIiIiIiIiuwcDJtruOQh7XZIJr2PB9bazAMZglP6KiIjIXkQBsIiIiIiIiIiIiOwWrLXeLFeDl+46XhZsg4pgl2QoTLCNxfozgJUDi4iIyN5AAbCIiIiIiIiIiIjsHozx5v86Jgx8rTHg2mToa7wKYGsrOpCIiIjInsvZ9iYiIiIiIiIiIiIiO5fXztkf/2us3wbaT3lNmUG/xqbOCVbpr4iIiOxFVAEsIiIiIiIiIiIiuzTr/68lQcxsJQdD3Mkl4WZj/Zm/OH6fZyzGGgxxsuMl5FJCjCwgC4tVFiwiIiJ7PAXAIiIiIiIiIiIiskszeEW9LXINfzw1n9+fZpn93VZueMFlxZY8rxLY4gXBxmAo4djO4KTPBgAAIABJREFUxdw9tD77NsilgQVjrVc5LCIiIrKHUwAsIiIiIiIiIiIiuzSLxRovBG7AVrIdh7yYxWbhhb+ut1U48M4aYsalsWNpbsFQStwAOBjVAIuIiMgeTjOARUREREREREREZJdmAIuLa8BiyHIhZl0wpYTBr4m+GaxxgATWxEmYLFyjYcAiIiKyd1AALCIiIiIiIiIiIrs0CxgcHJsMcBPGYB2TDH/D9xaMi0mWA2Osi2MtwTThHbboWjpdeCib/NhmOkHKxik7iIiIyF5CAbCIiIiIiIiIiIjs0gwGY8F1XC8MtmAMGGPAMX7oix8Ce9W/ruMCBmvAOuDshPbPwdls9JNqsVjjYnBxvYbYxB2XIBpPfQOswRLHmlIcG8PYWE1OLiIiIrsZzQAWERERERERERGR3YDXCNqAH/J673EA1wRPJ0tewjx0D2j7bMFYB9c6GFyy3GyMjYO1WMdN3da4gAM2B4MlYeJYk8AQ0/xjERGRvYQCYBEREREREREREdk9BSFw0PoZ/DDY7FG9Dw0WQ4KEE8MacNmCawzGeG2xo7GuxWCxODbm1Qo7JVj/z8CKf0VERPYOCoBFRERERERERERktxAU+VobecC4Xhvo8DEXEnaXSjttjWtvDS4GgwXXIW4MxjokjFNutK/FwbsYrt8yO4uY62BMYpe6JiIiIrL9KAAWERERERERERGR3YNN7eoczgB2/Vm4jgHXKwDGn5W7KzCR8bzVPAKGGNa1fL+ylL+8tJZ4IkbCcUmUqXS2fpvsmOuQiCVwrEOn5nEuHtSK+rk1WYN39HRrExERkV2LAmARERERERERERHZ5Vnw5v76GaQN2j4bwuA3TIgdwHixqbHW23YnrRkAY5MziW3yC6jssvx4G4Af1jtMfL0hm926/pdbvte1BYw1WCdOzLUceWAB55xoqZ9b0wvhgo0BcSDmN5smSNxFRERkF6EAWERERERERERERHZ9Jvrea3SMKfO4JZwJbIzxGy/vpHAyOG2QAjtAzHozit2qH8ta7xAOBtdkY8kBTPpw21rAYm02LpatiXqs3exgqxnUGu9wJByHmBujYV1DzHEw1sWYXaPKWkRERJIUAIuIiIiIiIiIiMhuIRpfWkMY9oZPOiZZYWvw61Mtu0KbYhusD/xQ2GK3+6hiB9fAJ9/V5+jLEtUv1LVgiOFmbaV57hqeHtOMQzrG/OPt/GsrIiIiqRQAi4iIiIiIiIiIyO4hKDYNqn0d/831y2Mt4HpVsTYSDFe+2fJ25OC1rA7W4hKG1dtlWrEx3kmMZStZbN2SXf1DWYtDKQknlyw3n7jrPeYSwzF2V7i6IiIiEqEAWERERERERERERHYL5YLGYN4vJNsqO34guRO7P5djSFbLRtec2F7ns1hrvN7NwXtT/QtiDSTI9gN4g4Mly0LCuLtGuC4iIiIpFACLiIiIiIiIiIjIbsQPHI0p8+bX0AaZZ9DvOPi8zFFSa2+DGLOCMNPaSNgZlCAHwWq67dMs20Q+MdZrCV3VecDbYi0YF4wD1sG4xqs8rkKJsQlaVAdrtmAdi2PBmDiuk+sFwmZ7JdgiIiJSEwqARUREREREREREZLdgw9zV8QNUvPex6GxdMK7BOEF6GeyUJqi1BoPjPxNtw5wuLQ3C4lhyG2MrrIA1Xn9qf/4vXhDrmjJBsAlnAwcrrTEblBxbrLFVHIMczE32Qt9IAoxrLBaDsRZjErXftlpERERqhQJgERERERERERER2eUF+aWNPhIEq26kmtZ4oafFVtgG2uC1ijbWi3WticaZMZJ9moPtXcDFkvCfM+lLizOt3xAGvV6VrvHnFluMU9GeVWSMF5D7Vbw4LhDzz1mJyNaCdVzAATfmHyMZCouIiMiuTwGwiIiIiIiIiIiI7GaCUl9SQ+BYJJA1YG0QXKZPaV0/w7U4GIw3Kjes9E1tb2yDY2KxJoGxDsZWYf5t0KY6ElQnv4jgnfErimsetjrW4uJ453X981dyvcY1XvWvcb0xwtbx16cQWEREZHegAFhERERERERERER2fZlm6gZBqmO8ENiYsDg3JVtNIxn4ul47Z5PwPrc5hBXAwc4uYYAaMxbHJrC4Xh1xpjnAKVy/BTSplcDWD4UxVevUvI1zWUx4vrzsYhrnb03ORa5oTxfWbajLZreOP+O3gjJqERER2SUpABYREREREREREZHdSCQmNWXCV78S2Dh+CFyJY7nApniMVRstcZudZptgPq/F9cuAHWupn+vQvL4hy7jbjEeNCf8nmaU6+CXIRDLWildsibZirkRcbFwcLAd32Mi46xvTpO62e03/uMly0ZgCFqxsiQ0aZZvai6ZFRERk+1MALCIiIiIiIiIiIrs8GwSk1kTCVOsHqZENg7m6+LmlNVgThLhRXsWtaw1zl8a54vmNrN2S64WeLn51Ln5I61fqukDCYChlYDfLY+c3JD8nzVqxuMbiWK+ls+uAjZnUtVrCyl+vz7K/JmP9NtCRlfpPe8+5ODFLjluCaxx/knEqYyzGgmss2Y6lXnac5g1dmuVtK2AGN2bIznK9mcjWIQyalQGLiIjsNhQAi4iIVFMikSAWi+3sZYiIiIiIiOy9HCIzgP3HbPLxskFqehbXZLElqz5bYnWwFn9eLsnZuW7qzGHjllJqtkLa+DWDoAo4WGuQrQZfQ3I55YLW5CRjwwGtHMZf40Lcgkn4NcyRbf2lx6wlYRwca2jRoB75OVVMcGtnFLGIiIjsBAqARUREqmj+/Pncc889LFy4kF/96leMGDFiZy9JRERERERk7+DP4LXY9IFq+N74RcLJ6DQdUzYkDloxB+GvX02M8T8PnneMV2VblYrYaFAd7GesP7e4Mru7gMs+jWDokfhVzg6W1LbV3ldsiVmLxfEKpm19IFGFxYqIiMjuTAGwiIjsMb7//nsuuOCClMfy8/Pp2LEjF198Mb17967xOay1jBkzhrp16/LHP/6R/fbbr8bHFBERERERkarwQ2BjvdbO0WA1fG/BMUFeXCEbHNIxycAXUmcLBxlyMELXtVhDmdrbik5AJDz2P7GR8NdQ4VqNXypsycLFEnPjJBxvPq9TdhU2KCq2GEpwsWCySJYci4iIyJ5OAbCIiOxxzj33XLp37w7Axo0beeONN/jd737H7bffTr9+/Wp07J9++okffviBO++8kz59+tTGckVERERERPZM0azRpHmMNM9XatBsZJtM4a/rB8TgVwFvOwk2wbFsJI0tWwkc9Fd2DMZUskeyX6lsHMLq5NT3FYe/wUEsLpgSHJsFxIi5Dq5TWq4JtQGscSkxWRgMMRvDGhevaFpDfEVERPYGCoBFRGSPc+CBB3L00UeHn5944okMGzaMp556Km0AXJVZvkVFRQA0aNCgdhZbA5pBLCIiIiIiuyqvXtXFWK8O1fX7Kpt0Saex/tzdcCvv4bRHDXoxWwx+qGoiG4cBrn+EoAM0lgr7NRuwTpkg1tgw7C07X9j4s4GNNckW0eW+LOOfvkxYHU18g3DZRLpVZ+RgbA4Wg3XiGOtdX2OdtFvHgv+1jrdOo+pfERGRvYUCYBER2eM5jkOvXr2YOnUqAEuWLOG8887jwgsv5K233qKwsJCZM2cC8OabbzJp0iSWLl3KPvvsw+mnn87ZZ5+NMYbx48fz7LPPAjBy5EgAZs6cSX5+PuvXr+ehhx5i7ty5ABx77LGMHDmSvLw8ADZt2sT48eOZPXs2W7ZsoWvXrlx++eV07do1XOf8+fMZP348X331FXXq1OHYY4/lN7/5DfXq1QPg1ltvZeXKlbRv354333yTyy67jKFDh+6YiygiIiIiIlIF1lrixsFgyHLxE1OL65SvVnVc//EgMHW8x9IHtsbLS8NM1SbbMgfVuuCFtGGV7rarXsNo1ETCWsqEtCmzeyFjpurv6xciJ8/g4O1gygTCbrDOoHo3/TGTp7ZALGUt5TnJh41b0YYiIiKyB1IALCIie4WVK1fSqFGjlMdeeOEFLrzwQlq3bg3Aa6+9xt13383pp5/OZZddxueff864ceMoKipi+PDh/M///A8HHnggN998M6NHj+bAAw+kXr16lJSUcOWVV1JSUsL111/P5s2bGT9+PJs2beKOO+4A4L777uOTTz7ht7/9LfXq1eOZZ57h6quv5rnnnqNx48YsWrSIyy+/nB49ejBmzBjWrFnDhAkTWLRoEQ8//DCO4/1FY968eTRo0IDRo0fTpUuXHXsRRUREREREKsmxDtY6uE6CRMz1uh27XnfmKBdIOAbHuhjrYHFw3cxdm02ZT6yTbgZwcq5u6gDeNGzkXI6Xzdpgeyeyv1/5S+QhU7ZiuEImdQZw2FbafzqoZBYRERGpBQqARURkj1NSUkJxcTHgtWz+17/+xdtvv83//M//pGx3xRVXcOqppwJeO+XHHnuM448/nmuvvRYgnPH73HPPMXToUJo0aRKGxfvuuy8dO3YEvCrgxYsX88wzz9ChQwcAsrKyuOOOO1i5ciUtW7bkww8/ZNCgQfTv3x+ATp068Yc//IFly5bRuHFjJk6cSOPGjRk7dixZWd4/z61bt+bqq69m7ty59O3bF4AWLVpw7733qvWziIiIiIjssiwWN5Yglsgi5saIxywxa72A1xgwBmstxhiMtTjWxVpDqRMDY4nZErxENP1/97j+Oaz1q2nLtmoOqoxj+NW2toLuzyalItc6/rGsnwoHoa/rJ7XR+cJBz+bKBLdB+BuLtJMOjlm5ImURERGRSlMALCIie5yg6jYQi8UYOnQoI0aMSHm8adOm4ceLFi1i3bp1HH/88SnbnHjiiUyaNInPP/88Za5w1H/+8x/at29P69atKSkpAeDggw8GvLbOLVu25OCDD2bGjBm0aNGCI488kpYtW/LnP/85PMbHH3/MySefHIa/AD/72c9o3LgxH3/8cRgAN2rUSOGviIiIiIjs8oyFjcaw1oJJOMSNH+ham6x6tcbriGwNDglcC/UN7EPMC1grOL7FeEFvtKo2qNKNtGoORgFXyA97jQnC3GCHaAjsz/r1K3e9mbqVT229TtReGO2F1njrD+cTR7at9FFFRERE0lMALCIie5xhw4bRq1cvAPLz82ndujU5OTkV7rNu3ToAmjVrlvJ4kyZNANiwYUOF+y5atIh+/fqVey7Yb8yYMUyaNInnnnuOBx54gP33359LLrmEY445hkQiwcaNG8udG7yQurCwsMK1i4iIiIiIVJcXs1qM65e6Gj/ojLYnBj//tJFPy8SUZQLMUuswtSDOnQtL2ZjIJm7ixBIE5bte5uqHwS5grSG3NM5FbeG27nXIdRMZ1kvqPFyHZOVvdAEmEuJa6wXGJl24Guk1HQSzQUWxG9naMcnW0nhVxw7WbwGdoV916qojITDJoBrC4NlGtlYILCIiIjWhAFhERPY47dq1o0ePHlXap2HDhgCsX78+5fE1a9akPJ9O3bp16dKlS9g6OqpVq1YA5OXlMWLECEaMGMGyZct49tlnuemmmxg3bhw9evQgLy+v3LkBCgoKwjBbRERERESkthkLxs3CdcCaUiwxEk4M1x+MGwaRBj+1La/clF0LJRi2xlyKcw0bbDbEY97M3Ej1bxAG43opcIkpYWt2wp8TnD4CtcZblbHe2qzjps7VDb8om9wBBwNpK4qtMRjrkmUsjmMhy4TrCUPwBMlQ2SQw2LC9tN8EutxqU7o6G4sbBNAO2GCd/vGtxW+NnX6NIiIiIlWlAFhERATo2LEjDRs25F//+hdHHHFE+Phbb71FLBarMFA+5JBDeOaZZ2jZsmVKW+m1a9fSuHFjlixZwujRoxk1ahS9evWiTZs2/O53v2P69OksWLCAHj160KtXL2bPns3w4cPDFs///e9/Wb9+vQJgERERERHZrlzHJeG4WAyfbE0wfeNWiqzBun4AHIyq9dPOoBLY+O+tNZG5ud77uLXM35rDZnL8cb5+tax1/Nm3NjKzNwhMvcg0+r9lmUjaagFjjBfGJkiGwMEMYH/xQfhb9ojWX7tLjHq5Lj2abaZgi8sPRTFWb62T3Cis/rXEsqBN3laa5cbZv7FLzDgZ1xoewO/6bB3vzbvoyQpl45hkwbJKf0VERKQWKAAWEREBsrKyuPTSSxk7diz169fniCOO4KuvvuKZZ57hvPPOq7AC+LTTTuOll17iqquu4sILL6Rp06bMnj2bGTNm8Pzzz9OmTRtycnK49957ufTSS2ncuDH//Oc/icViHHLIIQD8+te/ZsSIEdxwww0MGTKEdevWMX78eHr06MEvfvGLHXUZRERERERkL2Ssg3EBHL4pSTCppA4/mazkzFuvR7MXWlqTnOMbVLK6pvy21kDCYG1QRhsJZYNANRICB5vZSlfBBvvjpatOpGo3mAEcPJfhiF7obIkBh+3j8MypdVldks2dc+K88I3rzxmO7G4hLyvB5b+A8w7KIzsG9WKl5dthZ1puGPIGx42sWcGviIiI1CIFwCIiIr7BgweTnZ3Ns88+y7Rp02jRogVXXHEFQ4cOrXC//Px8xo0bxyOPPMLYsWOJx+N07dqV+++/n0aNGgEwduxYxo0bx/33309JSQkdOnTg7rvvplOnTgB07tyZhx56iHHjxnHTTTdRv359+vXrx2WXXYbjOBWdXkREREREpEYMCWJYSo3FjSVIxBxc46TO1Y0OqI20MDZ+aOsfKLUVc5bFJLxU2FgHYxzcsJw4CGZtuI8NAtsMYWh4GguJoMeywQt/beTcTmQHY/05x+kOajG4WGPINjFycw1xIDcLL5gu87XiGozjkJ+doFGdBNbEMNYJ+lJnvLpeCbD/JTskZwmHgbWbrAAWERERqQUKgEVEZI/RsWNH5syZs83t2rVrl3G7k08+mZNPPjnjvp07d067b/Pmzbn99tsz7tesWTNuvfXWCtfVvXt3xo0bl/H5io4vIiIiIiJSHV6hrkvMxnDxAlrHOpFwFb9/McnQ0viVq9Z47aCjPZb96luT8ObaWsC4MWzMz5CDINkPVJP9palcJW1KNW8keY7558ZbmzEmnNG7raNZAzESGGu9K2CsX1HspJktHOTL3uxgx1pvfu82Vhp+zcYmw+VoRXDK0ODKfu3lpi+LiIiIAAqARURERERERGQX4brutjfazqy1OI6DMYagbtB7gtSAqkxXWcUvsrsyGBzrYI2LwZCFwcZI3uNBqOo/4GXBrvczYlyvetXGvHbJQYhprXcMf26uNX5JbixoI+1tgzHJttHGqwQ2JjlHuGxZrPUWjInmng7J9s9+6Itjw6eN/1NrIU0dsCFIjr3nY/55g6f8VtXhjg44CYxx/ONYEo5D2Z5NqTGtf37j591BUB20qTb+KoOQPRxmXPag3gqtX+rsWIM10d9S0a/Mm7dskgOHw+dVaSwiIrJ3UAAsIiIiIiIiIruEc885Z6ee3+BVC2bFYuTm5tK0WVNatWrF/vvvz8HdD6ZNmzY4WVlp6w9Fdmcpr2fwx/xGi2vB3yDmvUgiDHCtAbLC+b3JLNILeo1xsBgvnzV+mmwiB7Ukq2GDNs6VTij9RRpbfgZwEFxXeppOsk1zGMr6QXbKsf0KYBvdpxLCyxLM+o1WV1u/2tiQIcylzGPeNY07LhiLsV6AX34pLpAA4/rfp1il1ioiIiJ7BgXAIiIiIiIiIrJL+PjDD3bq+Y3x29n6HwestRhjaN26Nb/85S/pd/wJdD3oIJo0aQLGpGwrstsJymr9+DGlkheSLZBj1gsrXSDhYGMuWL+yNAggw/2MFzwa4xX55uAN7S3bUjka2rp+b+VthbZlX4FhTGT2r19hHKy7sj+bKaXBJrVNsw3L/5Oze8uG45Vl8I4bcJMHsY4fNhubNle2xv/u2ASGGLgOxkb3TT2RwcESJ1nlbJLV1SIiIrLHUwAsIiIiIiIiIruEXSFITbeG4LEffviByZMn8/cpU2jZcl9OP2MIl/z619Srl4frWhxHFXayOwv7N/sfRlLRIGC14FiL47gYF5w4uLj+CydSg0sb9D22BtfxEt8wXC5bpRt2mA6qetO1ay77eXJ2cNA+OhkCE87b9dokV+NaRMPSIGgOKpVTnyBtYptm7caJhOtBNbBrwbWV/P1nMTYHa1wSsRKMm4VjY1gS6c6GNwM5hsHBMaVYa/wyZBEREdnTKQAWEREREREREaksC6UlJSxbuoQ/P/AA//znTK699lqOOvpoby7oLhBi7/K2lZXpEu4EkRAzDCdNslIX7zHHwiE5cQbWidPAtbg2RsJxvQ7G1i/69Y+UsJaPtsT4Z1GMEjcbYsYvbq1geHakM3Sll51SkRsE1v4RHFNu84oEMXVKJTP44bJNhrb+7N3oqSu9Xsf/wCaDakvZeb5pWIPFwZqtbCiJ8e2PkLAJjHVTZ5X7HxjrVQ1b6xKzLvVyE3RqnUOOXqciIiKyV1AALCIiIiIiIiJSBd6sYC/8+fbr+Vx7zTVceMGFDL/sN+TVq5eyZRWirD2KtZY1awqY9fo/Wb9+fcpzpmy32mAf/63v0UfTvVt3jKNAfcdIDu81uKltmB28qly/9XHMTdAty+XSulk0x+IavHbEZct1LWw1UH+j4Z0il61BNW2MZOUv+C2PXXAtjuuAk8A6Fsc1GYNV6//8eR9bb/5wmMT6c4ldP/w0NmWEsUlbV+x95UHXZy+kjVQUB4LPTbAHYC3WZAiBLUQHEVsnMls5CJcdCwnCGcCO6wfDaZZpglCXGPN/hIsf3krh1jxc6+K4But6+5ng+4XFumBJ4CTgsA4bmXhdE/apn+HCioiIyB5FAbCIiIiIiIiISGWF4Y8JZwNv3FDE4xMex2K47LLfUCevrh9c7n3hb3BNjDF8v/B7Hn3kUVatWuk9R6SzcKb9DdTPz+fAAw8iy1Gr2h0ivFWDlzUEj/ttkN3IPFzHayscAxwMxrr+HuXSSrKtQyub4OexEtabOMZ1wLpegOv690GQdbqAC47dSoesbByyM0a1adcfbSONF94a6601Otq3okOEfach+SqFlBDYD2yN8SuNt/UzHrRh9kJprwU0yR8CY/zwF4IU2SRLhNMezhrAdYhbKNhahw3Fdb3nguDYb9Ptvbfe3GXjYhJQuHWLlwuLiIjIXkEBsIiIiIiIiIhINXmzT6GktISJE/9C3bp1uWTYMHJycnbyynae4Jr8uGIFm4qKwsDXCap5MwRxYfa2fZcnlRH0dLaUq4S1xlSquD1m4hxXP8YRdfNIGBfXACYWBr/GjzsTxsViyXIdjM0hzwDEsSZzFXAgJYuF1JvHD3GrnnlGQ14iX39wI1dnpnB0XSQD65gJQ9swHK7sYYJKZWuSc4+D/f3jB9/CjFXKIiIissdSACwiIiIiIiIiUg0p7YmtpWTLFib+ZQI9e/XiZz//eVgJuzcxxoQB8PeLFpFIJKp+Dfzrtrddu50n0iQ5qDJNKdX2A8awAjgZKga7pT2qtdQ1pdSNObgOxBJZOK7FdVJ7gBtrcKwhHkvgmgQxvzrYjc7grXD5plzwifUKYMvNFK5kEmogGa4GXZyDENgYPxvO0Mt8W8d0gi8uKH82kTVWJlqObOn4HyVMcraw63/xxmL9GcjGeu2wRUREZO+hXjoiIiIiIiIiIrXAAIWFhTz5xEQ2biza2cvZKYLwNx6Ps3TpEuLx+E5ekVRNpEo7mAUcnVtr/OrXygSfNgdrcwhS5dJYnLiTIGFc/y3hvTkJSh2Da2IYG/OCZRvzWjhXZdllq4CNPwe48kfxll32mA7lroc3X7iKB45ex+gxjU29zpU8lonuU3aNMRNpNe1vr9dTiIiI7FUUAIuIiIiIiIiI1FDY1tYa3n33Xd6dPZtEYgeGn7byb5meqvG5I4o2bGDVypW4rpt2l11dxstXheu8u4yAtv7/pazXkGyDnBJcGkzYV9iGlcDlv1SLcUoxphTHumS7hizr4OAQc1PfHGswJIi5lphfuer6IWumFadw/LU6pkyw6i3aZNgtzRVIVgxHQ9V0H4dl0JmPmfZJU/7N+FXVONFK4AoEPa+jgW8YTkfD5OT3TxX1IiIiex8FwCIiIiIiIiIiNeUHLBZL6datTJ48iQ2FhTt7VTucFzJZ1hSspmD16rAiWHYDflfiIDsMH4uEn9Z4Aa2JxJTpv8XJtNQ1Dq6xySC2XAjqh5Mm6NDsYIyl/ARgL1SNVt6G7aqDmcWR2b3p8uuMFbbhBhaD4x+P1Cro4ONw820Eqsb1t/F6UbuOgRjlglobqdKtdAPoMOCNrD0a/jqUC8RtmdbbIiIismdTACwiIiIiIiIiu5WqFmFWuVizmhWc3jhPL2FZsGAB3y38bscFoGkqCzO9ZXqqNlhrMcawdPkyNhbtvm2wM16+Klzn3SVsS1lqkJ8ak1r1aso8l+YY6Y5sCMJdk3qydNdomymtv1nZSuUg7IyG1dH31VU2/DWkHLOyP9mm7GeOKbNe71qbstcjI/+XU7mvNXLMcpXB5VciIiIie7asnb0AEREREREREZFMXNclKyuLww8/nNNOO43c3FwwxqsUNGXSoyoP5fTE43HWrFnDF198xjv/+hcbizZiSVeBWHmbNhTx5eef06tXb2KxWK21Xw0C5eB4wedB8FrZ80SPEw2pa2OdruuyfNkyNhUX1/hYO1rZwD56fSpzbTJ9f3bt9rupa3OjIaIF3MjHCVIqVTN2ad7Ogrra5Csa/EA0WGvwPqiSDR/IwBK5DNZvxxz0dffPEz1u5FDb+s6G6ySoUg6OD7g2+cVU5RYpE0aH35/gmJA8h/WqtE0VwvDopRAREZHdkwJgEREREREREdklWWtxHIdEIsHcuXNZvHgxp512Gsf+sh8Hde9Obm4dv7CwZuGaF556WceWzVt49ZVXeOrJJ1n43Xd4iU8llFlCPB7n888+p2TrVurm5dVofemUDXAd4yVA1tpKh0llw9/guDUNKxOJBD+uWEFHEYr/AAAgAElEQVRpSUmNjrMriF6fylZzG0w4Hxe2T8he+0zqfWPKfByIBQ/YSAi7Y5UrlA2CUBevdXMksPbmE1dyleH2viBUDR4smyEbi7EGa02FSXjKr6hw8UEInAxpU1NXU8HPsfdEUFhto9+IoBI4WC9418QabFWroYPl2Z31nRYREZGaUAAsIiIiIiIiIrssa20YSq5YsYLHHnuMp5+ZRPsOHRg+fDj9+w8gJyenWhlwGMqZZM5TJ68uZw49i1/+8pcMG/Zrvv7qy2qvff4337Bp0ybq5uVVP1hNk7sk4gmWLVvG4iWLWbZ0GQUFBaxbu4bijZsoKS3FTSQqPFzQqjqWlUXjxo3Yv+P+HNb7MA7o2pWsrBr8qcgvZiwtLeXHH1dSGo9XP5qvSgvu2shTI+cqLi5m2dJlLF68mB+WL2d1QQEbCgspLi6mtLQU3IpfFBB8n7Nzc2m2zz507tyZ3j/rTbt27XCc3WAaWxCCmqBq1X88GjJWQkrwapPHylxZb/1vuyGYMbztObuRjtRhCGy8KthqX2rjH9dgo+cPAuFIbmso83VGRR8Ofv4dk7yukKw0rlK+apJrcIxf3htZo5vczLsGJtIGuhYoCxYREdktKAAWERERERERkV1SEKSVDU43F2/i66++5JrfXUWn/ffn9CFnctrpg9mnefMqhaxltzXJJ2jWfB9+c8XlXDfqWrYUF3vZVSWPHWy3pqCA1QUFNG3WLG3wF60KXbZsKUsWL2LdunWsWbOGNWvWsH7dejZuLAqD3Xi8lLVr17J82XI2b94crjVl7TXQstW+nNC/PycOHEj3gw+mTm6dlCOX+/qtZcWKHxh+6TC+nf9NSi5U6XGmafa547bbuP2227a5fdOmTblv7P30PeaYcP/U5XkrKi0tZeHChaxc8QPr1q1lzdq1FBQUUFhYyMaNG9lcXExpSSmlJSX8tHo1K3/8kRK/erkm1brh9bCWrOxsOnfuxIkDT+L4E/rTcf/9icVi4ap3ZlGwDVoTQzLwNNavHMVbogtgMNYkx/daA+b/2TvzAEmKOt9/IjKrqqvPuZkTGIb7RhBRVBAVRWBXBQ+8n+LitU9XxXXf4rqeiHiyqLi7rk8Qb9ZrFQRBEJ+iCMOh3MM5M8zV3TN91pUR74/MyIrMru7p6plhGvh9dmuqKiszIjIyC7Prm9/vzyQCaE5htBZlwSqF0ZbAaKxqYNFJV7YpNCcTZVXTYqusxUwQi+OefUOqxWJcvWJLIv7GzThdVFlvu1bR7krFY1I2eVagI2yQ7LcTVG0yBs+5azEts5VVsq7r0yqDRccuXG2TnO2EZMxKb+e7bEFhMcnOagVWG7SJ3b02dfzGY1bJMYzjn01Si3myxieiXU1hlU52diwiBAuCIAjCrEYEYEEQBEEQBEEQBEEQnlSkhkRjuP/+B/jc5z/PkqVLedlpp+7UeN0Tnn8Chx56KLfc/GesnWYUtMfw8DADAwMZF3MepRTGGC679DJ+9P3vMTY2RmRMEhvblKomix/eaaY+a9mw/nEu/b/f4oorruDlL385//D+99PbO2e727ZKCt5RptPWdPsb6O/nk5/4BLfd+mca9QbGmEy6brvlV6eL337UaHDP3fdwzz33culll/GOc97Ja886i1JHxy4cwQxRiRiZ7oDnOCXWLrev/SmssmhjCY3FKINFoY1no7W5LqwmIAJraaggFWUz2GwfGTeswwmguj3BMzt87blsydZBbt4pwow68DfLuKq3354FIm0oFywHLR5msAYbtwX0j5WabSR6fCwOG5Z21VhQrrNqQYOwjeFaV6s4jQ1gOgdeEARBEIRZwpMgd0YQBEEQBEEQBEEQBGEiTlA1UYTZTixvu+0qpegolznllJfNOBa5EUX0b9kyuXib1IZVSlGrVqlUKhhjEi9lHO3aSjx249tp2KQ/E/s/x4ZH+M5l3+Y973wX991zb+zm3Hm9PWGoREA3xlCtVKnV6hhj0uVuDvUkwvzOmmN3nK21YCz9mzbxxS98js9ecAEbN2yYfo3aXUkr+7Z2D9t0BOumWzkujdtatLQqFhAbAdQCRTU0GKWwyhBpmzzAaDA6FogjpahpRS2woBpMrTY2M5iVJhYqtYs6jsdp0+f8Dk4T5yx2c+HcsOkut9+m0km7ydjSOdVZI3HrM08RGE3BhBy1SHPl++Zx9T+UeOVREUqZ5v4HFpQBq+goKN75YsUNn+jiq++cw7zy9Mds3f67h1h+BUEQBOFJhTiABUEQBEEQBEEQBEF48rMLMnQVcPjhh1EqlagnkcDtMjg4OKkA3KpHP55WOXeje5+PrN7Z+5xr74833cRH/+Vf+PwXvsDS5cuefCJw4lxUfk3ZXKz4ZDHjO5u0/WQ8Y6OjfPuybzEyMsx5532E3jl9u7T/KcdGOrSmy9PFBaein/JcsCrnBm0lAscf9puQuxswpi0RnoHWuX9tHGpsUBQMBDZgYag5ohhtV29My0Sn41RZh64Tf2ciXOadv74D2AniMxaVXaSybUZW44Tqyf3gRkE9BG0NSsU6b2ggRHnjccJ40o+2FJQhJEqGPT1XdHNevf02+eMuCIIgCMJsRgRgQRAEQRAEQRAEQRCEFligt7eXjo4SI8PDM2qjUq22t8FuUFntZH1auPWWW/ji5z/PP/3zPzN/wYJZlVTcLr6WufsGkTzbOML8ml/9igP23Z/Xv/mNdJTLu3Fgk5AKwTSF0KRwb9P9O1ERVECE4g+NBv+8rcZaVURFQXM7Y+MTzxALiyb+JDR1/rYTvra4QMkV8W3R9oQFqaqcHVPqqs3ENk+C9ZpLXb/JWCEVap2Yb/3tpnNOpfOoMu25Or1Ov56sSYUlNBBYRaQsykZYHTunU5HW2qZYHRnQJonXBqsiVL5W83bHapuCf2anRQcWBEEQhNmOREALgiAIgiAIgiAIgiBMglYhSoVJJHN728aalMk4gCf1Dc5KNcVibcTVV1/F/7vxt2kk9ZORGfo1dzkjI8Nc9u1LufPO25tza3lCB5x2ZV3CsVP7mjHLsW5oYhFRGW+dqdRPi9WKalikGpaoFEMqhQLVoEC1UKQaFqgWQqqFAtVCgVpQpBKWaegCCjOJc9emGnQ6Am3JxFUH8WsVOGesbu7gJPvfnIckel15S/04bKWwgYsXdyL49qzKsZpq0zb89poPG8TPk81mfGwsxovgxiqsi37OtGch0FilMTpx/qKnf0pZ4hrKuPZcvHTcttYWNwOz8oslCIIgCIIIwIIgCIIgCIIgCIIgCK1Qk0oxM2hrF0cM7whqkoejUqlw1VVXMjDQvzuGN3PyO9IqqXgWsH79On599TVUK5XdJ7C3Eh5V+k/TuapVxqmqsE3TbW5ji4rryLp6yr6T2LXZss5u3NekzvTcENOo9Ezbqi1dUrl/VdKedhHK3jj9sfrbTErecp4q7GQitp0ArJr7M9mcxvOa7Ttd15+DZJxKOVlbpSnZbdFCqFZJfeXZYKgXBEEQBGFyRAAWBEEQBEEQBEEQBEEQJsVayy233MKaNWswxmx/A6EtrLX86eab2bhx0+4eSmv8mxdU7v10N/eETqAZr+yWJe7XdPk01NtUn/YFSk8MVtNMO568bSf6qmw/mkncydNsWSVCsKbZdhwX0FytXfXaH5u3zDpxmfbuf8jUAPZf+8fIX08QBEEQhFmHCMCCIAiCIAiCIAiCIAjCBJRzbgKDg4Osvu02arXabh7VUwM3t25+Nzy+gfvvvz/5kPbUuicCpUDr+KFyKdVTxVXbuLav1SqNZm6KlTZ+eCJw0/XbWgRuTouN44fzrtfAtemJrG3vq9+mayfX3vQ06okNp3HVuWhpTRy53OYxTzVvPwY6JBWplZqek7plw+4YuePmC82BygjBgiAIgiDMPkQAFgRBEARBEARBEARBECZFKYW1ljtvv0ME4F3E6MgIDz34IJExT4KSqu2qlJ7LddKHE0SnJ4JOGoGM91rHEch2xgWVbVb0zLhs2xc+0zE7F7XnXI5NzzN311tfTMYbq5vXmeA7qnXu0cq1LAiCIAjCrCLc3QMQBEEQBEEQBEEQBEF4OmKtTcXVvJjiPgOF1pre3l7mzJlDT08P5a5OyuUyxWKJQiFE62DKfhQwMDDA7bffzvDwMO1VR222snHTRqqVKvQlY0w+McT1Xp0rU6HA2maMbhvEc6GaHUyhB1onqdnWUbSunq5fV9emltWmsF0slejt7aO3r4+enm46O7sod3RQKBYJCyFaTe2fMMbw+OPruefuuxkdG5uReTeKGgz0b6FWq1Iud7a59ROHc9/G9bGdYDl5cVmbxhAn62hvE7e5br5WauJ3wafZo9eff45pb9MoPhKqdUHdSfCcxdqz+bo+nBMYkh2b6rvk+myeyCrvmnXiqvFX3167fqCzAmXIFPgNbNKe9+WZSc1e53w2SZ9u3CoeYjrCmdQWFgRBEARhlyMCsCAIgiAIGW6//3HWbtrG1pFxto1U2DrcfE6Xee83D44CML+vk96uDnq7SvR1dySvO+jr6mBeb5mF87rZf8VC9lk2j/1WLNjNeykIgiAIgrD7ScVf4OhnHkOhGFIoFOjr62PevHksXryE5ctWsHz5corFor8hxpo0Pti11QprbWwCVIoHHniAc875Ox59+KEZjXd8bJxqrZpZ1tnVzSkvO5Wjn3EMsUhkqdVq/OH3v+fxx9Ylg5t+H0opnnH0Mey73/7ooLUQpq3GAuXOTpYsWZpsN3mbXV1dvPSlp3DkkUfR0dHBnDlzmD9/PkuWLGHFihUsXryYIAzSRpri+/ZxNZGjKOK/r7iCCy74DEPbtrWlhymliKKI4ZEhonoDVW5j492IUibRQlur9Knv1tW6dUJ8Kqwmz8Z6YqWa+p4Bd0o47ROwgQWTtO8U4sRhq5TKCPLTvfUhFa2Vbm5kgYg0vllNdXdC2qvxnL/KE1WdoNycC619S7CvCG9nApwr181jlLSLRWmSGz5MeyKtE8CTdjKas1Xe90OUX0EQBEGYrYgALAiCIAhPU0bGqtx2/+Pceu86br9vPbc/sJ7V966fcXv928bo3zY27fX3WTaPfZcvYN/l89l3xQL233Mhxxy4nIVzu2Y8BkEQBEEQhCcTvjP19NP/htNPPz23hou4VZl1wSZiUdblmhct088UYC2rVq3izDNfxZe/+AWiqNH2OBtRAxNlY2r7+vp497vfnRnb8MgwH3z/+1m3bl1bbthYMLScetqpvO51byAIA2wLyU7lPMyp63gS+ubM4eyzz042jkWz7Hy6WrZZB3a8uppUELY2Pg7WWsIw5LRTT+Xmm//E//zsZ5gomuZex+1YLMaYlvv7ZMalHaeu2fyHkHUFp8u344K1uU+dU9W5aXW8gnOqTn9WVVPodKK173BN6uG6NtuWP7Vqxj87Zy0qcejOuNWmEGyJ6/Ma25x8nXXUT7tJz2Sc9gHNCGhBEARBEGY1IgALgiAIwtOATYMj3HLPOlbfu47b71/P6vvWs2Zt/24d04PrBnhw3QBX/zG7fNXy+Rx/+N4cf8TeHH/43hy096LdM0BBEARBEIRdzERRcXJVZTJH6lRO1QmfWcueK1ZQLBUZH5u+AJy2Y8kIlBME53hhvLyt2N1Mb6BU4sBUE4TddiSyzPhyY52uw3eqdd1yJxJ3dXWz1557EhYK1NoQgFVcABb71NJ+m8coOR3shA8TcdWorIA7oYHJcecJqNYi8AyFylSDJmnPJqKqTSKg3aONWxysW905gINknJ4z2s5I/LVZQdkmfRAbmNPI8zabtWlNYaeiN8XqprNYEARBEITZigjAgiAIgvAUZHS8xm9uWcO1N9/PNX+6n7sf3jTtbQ9btZij9l/CXnv0sGxBD/N7y3SVC3SWQsqlkFIYUAg1QfJjgvZcEcYqImNpRIZKPaLeMIxW6oyM19k0OMr9awe5Y81G/vDXtYyO11r2v2ZtP2vW9nPpL28BYE5PmeccthfPOTwWhJ9/1MqdMEOCIAiCIAhPffKGSgsorXe+ec/vyIKyGsXUdXO319z2hF5LC1NpfmWvATvFajsNBXpXzO+TlFQedf+4Ys3GuWpdDLJfs9ZilcKmhZ2z5KOcFSQipc3W0XVu2LzwPF0m6Lq2KYYqb1kbRzvjqM3X/XWCuKs/PBMjcCp8E89x4tRtsww3biQTHMAurlrlagALgiAIgjArEQFYEARBEJ4ijFXqfOfq1Vx+1a38dvX267ot6Ctz0jNW8uxDl3PQXgtYMr+L7o4CjUY9jqHzou7c62YEnm1GChLXPot/7LKEGkKtKIUB1mrmd4do3QV7zeEFRywFDgEgCENqDcvweIONA6M8sH6Qn/7uXn67+uHMOLcOj/PL39/DL39/T7rsjac8g9e95ChOftb+O2fyBEEQBEEQdjfTNCumostMjIKJs3ZXCTfKE62cKXGHSAY6YVdV9uW090eRuCSzzmKLc3POnNjF+1QLcN4Rcl5W5Um2qVvV/5xUtI3juKdu249qTvvR8ZG1NnHYetHTVk3/+2XdeCBRQb3BpGK2v9IUrfmNuX3MCLXNbpSewZfakRGUVRwDvSMCOIm72o/ndg15QvgOfm0EQRAEQdiFiAAsCIIgCE9ybvrLo3zjZ3/ie9fcxlilPul6+y6fx2tOOpjnHLKcFQu7KIbNyDr3XK/XMnXOXF0zh79cKYUxzV9u/Np0SimiKJqwrb+eiSICLHPKirnLezhgWTcvO2Y5YVhg07YKt9y3kR9c91d+d8ejE/blsitv5bIrb2Xpwl7e+NJn8Na/OZZ9l8/fgVkUBEEQBEHYvbgKoP41lYkiBgYG6e/fwvj4OFGUV83a7+XBB9ZMqOO7w0xIsjbxYweaS52jTCFgbU/cSsQwa02mITfXtVqN/v5+BgcHqVQqWONbMtvBopJW169bm7lGfjqjseyjFWcFhsdVjd/ZkIcJmsKiEz+BkjY8Wxv2DyKODBLz6iSqrU1Ux9hprrBB+kEiHqv0Pai4HRsfocncsIZmm1aB0cQRzTYpJOzildM/b1Ryw0PGi+yNMV5fW4tFx85mVByr7NcATsRUQ6uI7BzufHf/KBO7pQOaLug0qjppN3FUY3W8/iRNt0QnNwA7N3UyDzaJ205uFW6nRUEQBEEQnkBEABYEQRCEJyFDoxW+9ctb+Pcf/5G7HtrYcp0FfWXe9NIjeNHRe7P34l5CHTt1/RpmWmuiKGo6eCcRfa21BEGQvvdFYL8dt50xJl3fbQNZsdnHb8uYiPndIS8+aiknP2MZQVhg49Zx/nTXen54/d384S+Ppdut3zzEBZddzwWXXc8zD17BW09/Jq998RH0dnXMbGIFQRAEQRB2E37yyqaNG/nO5d/hiiuuYMOGDZlrpZniX8MFTyvbnvVE9fi69q6/3sVll17Gtddey+Dg4IQtZjLXFtMUrnd4zE8NNJbDiTi4AANW8X4T8bATIyFV+a2xdBrLm0LDGQVNYCOUDUgk0xYtZ6OIM5HM7tglFnSVuoCnf86nNx/4dXVdXWtj04NslfJE0Gm2rUgir3Uzqpmkpq5WKNW+oBq3mQzK0IxqdgLzTE/IdG5dLHXzjozsV0REYEEQBEGYjYgALAiCIAhPItZu2saXv3cjl/z4ppZu3z3mdXHuWc/hBUeuoKccelHOFmsn/pjl3Ala61T4dSJx/n0URRkB1//MLTPGpNs50dd9Zq3NrO/WcdHSk7mJo0adBd0hpzxzBac8cwUqKHDzPRv4zOW/568PNWsb33zXY9x812Oc+2+/4O1/eyzvP+v5LF3YuzOmXRAEQRAEYZdirSWKGtx222q+fdll3HD99YwODQNJaqyKXaw7IgLbJI5Wpa0+9fFF71qtyq+vuZrvfe973Hbrairj40Cij02Y1/YEcmubccc7KtQ/dVAoGxBBLGo6XTaJIU/FSWuTOrUWq1XsVgWUjZjMBhuXB7b5xTE6iX/2agDPZOzZWr259vTMYpVTsViROOQnjnMm7aaFedw9vImoTCIqz6gIsBPXNUnB32Tc2qZGY+uvLAiCIAjCrEMEYEEQBEF4EnDnmg1ccOlv+MG1d0yI/uvuLPK+Vx3Hac9exdyusBkZmAiq+Tq+rWi6b82kkc/OIWyMSddzIrD/7Pr3X+cdwP74nEid79Nt74vEEP8YdMx+87niY39DpaG48o8P8tnv/J7B4fhHvJGxKl/87o1c9IP/x2tedAQfeuOJHLZqcdtzLgiCIAiCsKvxr9u+/73v8bnPXcjw0BDa85EqTzjbEZ6uwqS1lsHBAT5z/qf5+c9/TqNay1xb7gyUCGAtsVYRYLGqQUNpGjqM45ghqxnqWF+EJIrZglWxC3iCuJgrgq1csWlFInyqRAQmfk7duk0z67QOl+8sdu1llqs2GvO21SpxJ3su3aQp5URXb/+23yBJXWEbT6KrI5y2PcP61k78dQ5qN59Ju2m9YjcNgiAIgiDMOkQAFgRBEIRZzP/87m6++N0buf7WNRM+e92LD+XvTn8Gy+aXU3etL+DmBVlfyM0Ls3lB11/fF2Mh69z1t/ddvH5ctMMXdF1kdCtxOS9G54XsKIoIggBrLR2h5ZXP3YcznreK9QPjfP1nq/nur/+SrGf4zq9W851freakY/blva95Lqc996CdclwEQRAEQRB2FmNjY3z961/nW//1TcZHRxI9JbnWYtdoK3r7qzxlGBwc4FOf/CQ///nPsFHUcp0dned8CrHowTFWGwwQmoCC0vF5p5MJypdJtgptI0IbR0fbKX+ydKpj4gNWqimuunY9Z+1M3bqpIOtilU0iNscFiqfdVk6zdrnU2XEmYutMTp1Yj/a+1W4eUgHXjaJNtdZ3AGcE8WbbcroLgiAIwuxFBGBBEARBmGXUGxGX/2o1X/jOb/nrg9n6vmGg+chbnscZz9uPUMeiaqPRSAVUhy/0OhHVibZ+xDOQcUBEuR/FfPewe847ifMOY7eOL/5CUyRuVQfYF6594VkplYq9jny8tNt+ydwO/vXNz+af3/BsfnTDvXzy0t/RSNzS1/35Aa778wMctmoxH3j9CZx18pGEwdPpp09BEARBEGYNNv4nlq8Mv/zl/3DpN/+L8dERUCrjJs0Ii8K0cdeKoyPDfOGzn+WqX/wCIhPPbYsJ3eF5loPUknheFVFy2a2Vwroat05YdfHCgUpETAMESeTwRHkxdsiaRJSMqwSnQqdT8tPXCnT8nYqdx1OJn6opZlobD80XZ22yR8am62NV0wzcYt9BZYzDlnjXMIlAa7whKYXVSZsGjLbTd5arxFVMXgQ2TbeyMljVXkFgjTcHzqLsxp0K6zNUrQVBEARB2OWIACwIgiAIs4if3XgX7//Sz3lo/UBmeV93ifPPeSEnHbk8+WmiiRNO865eiIXRIAgywqwTVvPLIOsSdm21En39936/zi3s4wu6/vqTLXfj9t2/+bZ80lrBiTM41JbXnLgfrz3pQK67bS3/9PVr2TZSBeIo7bd8/Pt8/BvXcPEHX8FLjtu/5XEQBEEQBEHYZXg61F/u/Atf/epXGRsd3a1DeirhXyteffU1/OIXv6BWqz1tI7B3P6ntNdZkU0GRxGKbX0tl3k/Aqmb9XJyZ1hMhnYY8ZSNTEYvKtlkwO7srcdHo6ZfVndBGItamrmWacc0zVVLzdzC4+U31XjUzp266vfUPUFxbOJ1z8QALgiAIwmxFBGBBEARBmAU8uG6Acz5zBdf9+YHM8r2WzOHCd76II1bOw1oD1oBSRFGURjbnBVWfIAgmRDrn18nX2vXjmd0PZfl+gIw46wvKeXexLyLnY6b99vxt8w7jVvWL/ShqXzBuRlYbXnjkMv70tTez+sF+PvS1a3l0w9Z0vl/2D9/gtOcexJff/7fsvWTutI+VIAiCIAjCjmATLaVarfLtyy5l3dq1La91hJmhEoV9ZHiEn/z4x4yKuL77cOKuH33shENXUzaxklqd2WRSFM16wW595YRUpwsHxE5da5O+pxfyrZIxWhf9nLpnacY/ezV728aNU3vf9VxtYassdib/LXAR1SoZnCV2GvttzUSrdfucf/abFg1YEARBEGYlIgALgiAIwm5krFLnU9+8ls9/57fUG8345RWLevji37+Ew1fOS8TUZv1d5+oFaDQamRq9vsPXJy/e+q99MbZVLLTvCnbr+v34y/List+XW9eN3ReK87WIW33mXgdBQBRFqdjrxHB/nXxd4SNXzuVXF5zBXx7Zyt9/6VdsGBgB4hrLV//xPj70hhP5pzefREdJLo0EQRAEQdj1WOCxRx/l1j/fEkcTi/i7c7Hw29/+lvvvvRdA5nc34WbdJR3H+q9NYpyJBUqdiJXJcovBoqfUE/P6a9qe+5PAJJ3pJGG6rVEnsdLJ9plYadeHE3JngqLpAHZtpBHLNrNae+3aWAS2ybNJnNJOyE6Mx23NRbqvTlzOLt8V9ckFQRAEQdh5SPE7QRAEQdhN/ODaOzjw1RfymUt/k4q/hVDz1Q+cwq8//1oO23suURRlxFbfJeuEVz/iuZXwm49kzn/u6uz6wmsr526j0Uj79GsO5wVnV2/Yr+nbyknsPvNf593DboyuXV/wnWx9P4bar2mslOKwvedyw0Wv4+L3vYRCGK9Tq0d88pvXctBrL+TH1/9lymMmCIIgCIKwo8RajOLOv/yFjRs2TtecKEyHRKMaHx/nxt/+lm3btu3uEQkTTm4nrqqmwKgSd61fola18aVIo5nzr1VqOp7uSF2p33iYLq6ZpnNZ+Wu3gVc6ON339OEJzjNBE7uefYe19ua0/dHGQ03F49zxcTHQMxyuIAiCIAhPDCIAC4IgCMITzD0Pb+J553yVs867nHWbmz9KveWUI7j9v87mpCOWAUxwsbaKbnauXN8F67tynXDrlvsu3byw7Mcp+6JqrVajXq+nAqzb1q3n+vf7aCU65x29vsCcH48/hvx++WeRFq0AACAASURBVJ/n58jhxhkEQWbetNZgLS96xgpu/8bZvPqkg9PPHt2wlTP/6TJe9J5/595HNm//QAqCIAiC8DTAYkyExWx/1ZZbk4hQ2QKdCsvqW26hUa/PfGRTpK9sb7unMgbLwEA/ax64n0ZjuvPrirCazDVq/np1yhZs8yHE2MyrFnc6pG5YmyYXO72VKb9z8d8HLk7dd7nG4mrycMsy3bY6QL7ztlmU2DrhMxVAY5FWaQUqtgdP//4Nb+fShyIjsKqm1XjqUeZInbk2fvhCuBOCk7G2g/Xdyq4f7YRhk0RVzzQPWxAEQRCEXY3kHAqCIAjCE8gXvnsj//SVX9KImj9oHLpyEV8/9xQW9BSJf2S0aRSy75j1BVhoCqbQrPXrC69RFBEEQUYEbeWa9R21URSlj0KhQKPRYGhoiL6+vvTHr0KhgDGGQqFArVZLI51dPHO9Xk/79Mfoi7v5mOd8neK8o9l3HPvz4LuhnditlKLRaKRj8EVpt24QBNgo4hP/63je/Yqjeefnr+Kuh2PR9ze3rOGIN3yRC//3qfz9q47fWYdeEARBEIQnKSOjw9SqlRnb3TpKHZn3CkW9VmPNmgcx1riF08ZdP3V2dbJ06VLmz5ufue6ZdLukLmj/wAAPrlmTSUp5ypBoUQODA2zesnnGtZWVVvT19rF06VL6+vqm0YaKhV+lWLf2MdatW5u5OfHpSSJ4WtU0orqo49Q+apsxy8o2xddp4PRTkljptDaty2vWxLHFmTZbiZXxOspTi1Uynkzkce5wKrcf0xinxYui9l200BSBLShlPAvy1G26VZRz/WoVd2Lc2JPXieNaJfb46X4b3JjTWGm30LjlSSFgm0RNix9YEARBEGYdIgALgiAIwhPA4NA4Z33kcq750/3psq5yga9/8DSeuf+CjAvWCZVOLPXFYEdeCHYirhNHXQyy79j1a/hqrVOhF5pRyY1Gg1KpxPj4OMPDwzQaDbTWDA8PMzQ0RGdnJ3PnzqVer6O1JggCqtVqpg6x+yxflzcv7vrL3br+frv3eRE534bvYHZjyLfnv3brO9F88ZwOfvLJV3DT3Rt5+4W/oFprUG9EvO8LP+Pqm+7j2x87i77u7A+3giAIgiA8TVBwzz33MD5emXETvX19gH9dYhkdHWV4eHhmblEFy5bvyb989KMc/9zjKRaLcbt+ndJW2FgUuvKXv+TDH/oQ42NjM+j8ycHIyAhj7eyfE92S2N/nPu/5vP8DH+CAAw6kUEh+OptKBPZ0xq9cfBFfv+QSKu6cEV1sajx3qc3UqJ3exMW6e7KuJq5960icwNmv2fbbtW49TXNAntl1h1LbfaeywRPAvceM2k1GpJNOnD7thPYZjFO5qGqn77pxaqb+PgiCIAiCMCuQCGhBEARB2MXc9JdHOfR1n8+Iv6954SHc+h9v5dgDFmaESV+cdKKmq/Gbr5frv/Zr4rplvkgKscjrxNVKpUIURZkoZSecrl27lkqlwtq1axkfH+fRRx/l2muv5bHHHmNgYIDNmzfz2GOPUavVGB4eJgxDOjo6KBaL1JMYQ1+ozUczt6pn7I/djcnVJnb7n6/7m492ztf7zYvpftuQFaWNMRx7wEJu+8ZbOeOEg9J2fvn7ezj89V/glnvW7sAZIAiCIAjCkw13vVCt1rjqqqtoNBozik7WWrNg/vxceYw4raReq81obIVCkXPe8Q6e+7znUSyWUCpReZSvILV4KP2kiiieacQ1QK1eS699p0dznnp6enjDG97IIYccRlgoxFG/SjP13KokLpckFleYFmnNWpX9e8cq0gmdhDRUWoH169OmMcj+Y8qmJjSs/Hq/aZ3epK0kwt0JoNNuOr151Z1O3ji1jWv4uthqt4PTGKt1OdhaNeOf8/V6Z4j12wrI1hXeUcFaEARBEIRdjjiABUEQBGEXYa3lgsuu51/+/WoiL/L5m//nb3jOQXuANZk71vNCpRMvfSHVuVZbOWn9fvPt5QXkYrGItTaNeFZKUSwWefjhh6lUKvT19fHQQw+xevVq1qxZQ7FYZNGiRRx88MGMjY3R1dXFT3/6UxYsWMCiRYs49thj6erqotFo0NfXR7VapVgsEkURjUaDQqGQRkU7sbbV+H1HsB9L7ebE34/8tu6H1fxz3i3s5tC17YvFCsun3nY8pxy3irMv+B8A1m7axnPO/gqfftcpfOB1z5/x+SAIgiAIwpOPP/7xj9xyyy0Ya2akc/R0dzNv3vysEKni6xpjzYzU2M7OTlatWkUYPrV/0tkRXclOiP6d5nbAnHnzWbJ0aVuWibQ31XwvtIFLL27z+5CurdTEE2aCQLk9i7y3nUn+Rss7gCEWWqEpLts2zlTlRGvb2gGcG0ZbuPrBfly1c+q6AsvtNplMq3Xba5XEajcHKPqvIAiCIMxentp/LQiCIAjCbmLL1lFe88+Xc/2ta9Jl+yydyw8//ko6C/H7vIjrL3Ov/eV5/O39WrpZhwmZz2q1Gh0dcZxxpVJh/fr1ADz44INcddVVrFmzBmMMmzZtygioQRDwwAMPcMstt7D33nuzfv16arUaY2NjaK0pFAqsXLmSE088kaOPPpru7m7mzp0LkMZIuwhqv2ZwvsYxkBG+W+2zL+a65/xc5EXfyfrL1xp2r48/eA9u+c+3ccZ5V/Dwhq00IsOH/u0XXPPH+/juJ17P3N7yhLEJgiAIgvDEk71esN6/026BZrYppDm0wNC2bVzytUsYHRmdfqO59ebNm8eiRQsn3IxnpytGtUAphU6upzJdt7j28beZqZt2RiSK6LRr8GZEtri8iU0XTmeu8vtKs+hqm9Mc6AClJ6q/reYvL+w/IVjrTZdy5XNjUXGa7mNrQVlX99Zi9czPx51GKtba9Ngr23qf/O9PahR2QqovflpaGImTheky5ZbmxmOz4nHmWMfbK+dUdi7cfD/Y2J6czLXCGfVVM6LZJP/9SVy8M/qWquQfL047RWdbbOtIK7CuBrBRTaex8eYjP52CIAiCIMwaRAAWBEEQhJ3MfY9u5oXv+XfWbx5Kl73t1KP48OufhcnFFPvkhUzfBezEWFfrF2Kh1Imrri3nBKnX65n45dHRUTo7OymVSjzyyCNceumlbNq0iVqtxubNm9mwYQPFYjEVaMMwxBiT1gkOwxBrLYVCgbVr17Jq1SrWrVsX/zhn4zp2d955J3fffTdhGFIqlVixYgVvetObOPjgg6lWq3R1dQFQKBTSH0Hd+KIoolAoZOKi/Vjq/HJfyM2Tn0O3L+6zvEieF5zdc3dJc9VnX8Unv/1Hvn31HQBc86f7ecabv8RVXzqbA/ZauL1TQRAEQRCEJwiFYYbSCdaaJEY5FmyMMfz2+hv46le+wp133JGU1GxD3rCxxGJRHHDAQXR1dbUQQVW6XruSdWV8nHVr13LkkUe2dAFPdhOde966bVvm2mpnsyNCc6L/8fBDD1Gv15L9ayO7F6fFtSlHeatv3TZIf39/kitsk0M1+T6ln1lDpTLO0NA27C6cX2hqcbGwqDE6PuO2fypZrDJYrVBWEaEJrE3E4DRUGcB7/8RIeza2mhJYC8okIukkO6RiQdWlEVsXTezfM2CJJ0qrpgaqWs+RSv/r0dxno2xWVE6ctXETFqMSoTpxx+b/++PWCYwGZTAKIqUxgY3bC8g6gKH9+HCVnOsuRtq/kSL5T4vVBrRNDMLTP55Nsdptlyw1CqUsxv055cRvQRAEQRBmHSIAC4IgCMJO5He3P8zpH/gmQ6MVAMJQ88OPncGBy3sniL9OzG3l4o23DVvGObv3+WjkRqNBvV7P1Mqt1Wo0Gg3CMOSRRx7hP/7jP/jd735HpVJJRdBisUgYhplt3Bg7OjpSh2+5XEZrTblcZnBwkP3224/77ruPoaEhCoUC4+PjVCqVNE66v7+f2267jaVLl7Lffvvx9re/nZUrV6Zir79fviCbrxns9s9fNplr2rXli8d5d7ATlPM/xPqfu/cA573hWE57zn68/hM/JooMj27YynFvu5hffvGtPPuwvdo5PQRBEARB2IU8vm499919D0q3p0YopRgfr9Df388dd9zBVVdeyYNr4hSX+DpiJqOxBGHIoYcfTilJX/E+SsQVNakgNRWVSpVvffObHHrIIeyzzz7N6yivnSiKqNVqcWLL6Cj33X8/N974W6655hrWr38cbLRLNZtURpthPdzf/OY6XnDSCzjuuGdTKnZs9xiku+6vp2IRrl0xeOvWrfzPz3/OgQccyLy5c2M3cO4YNRoNqtUq1WqVoaEh7rzzTq6/4Tf87nc3MrClfxfrYfEexcKtoaEj6oQ0lE6cvFNvq61GWYVWFm0NGosGIkJQzb9XnAy8u5iyZ9s0eE+Ienbu2jZr/064FSMVPlUmrtmqCJRJyvcGWB3ffGJzmeEWhUrmuhGY5HvvXLTWV/GbccoznG6V1lImHqdrJ52g5k61czuF1aBU4sfWiV88EYNVkNGZBUEQBEGYhYgALAiCIAg7if++/i+cdd7lNJJ6v4ev2oPLP/K3hCpqWbc2CIKM6FsoFCYIwfmI4lbLnWhrraVUKgHxj35jY2OMjY1x3333ccMNN/DjH/+YIAio1+uUy2Xq9Xrq9nV1ed2PhW5srnZvGIbMmTOHSqXCnDlzMMawcOFCHn/8cYwxbNu2jUajkdYndm1rrdm8eTPr1q3juuuu46STTuK8885jfHycOXPmpPsbBEFGEPf30ReHJ4t/dvjO31YOa9eGmze/fnA+Xtqvx3zEyjms/s+38ZqP/YS7H97M0GiFk979dS796Gt51QsP37ETRxAEQRCEGePf5HXhhZ/lwgs/O+M24jdkXIRxsmobqoxz3QFd3d0cdthhafmLJrE4HC+fiXxiuePO23nXu9/Jcccdx/z58+PrJauoVmts27aNwcFBBgYG2LJlM5s3bmBkZKR5TTndWOYdQCtNGE6MqZ6U3HAeX7eeD3/oHzniiCPZY/GSadQ7tqAsRxxxJKe87FSCMJiRmqYAE0X89Cc/5oH77+fII4+ir68v7sFaKpUKA4MDbN06wMDAAJs3b2bjxo1UK1ViyQ+nfO9C7TR27Bri69VxAn6B4UqrqKjt/8ynFHRFEWdoxckkbk4LARE2UQ+tVWjndp3t7k6lmk5VaEYeJxHLTU/zDNrUaqID2Gi0irDKYnQjdixbnQijGeUVRYMoiG9ECKOQ0Lixqmyt3hnS/O+W51bWNIVg7b13w2pDEFfKi9A2NjkXdDrHIvwKgiAIwuxGBGBBEARB2Al86v9ex798/Vfp+5c9Z3++8M4T4rvBbVN49AVHaNbsdW5fJ1zmHau+cOw/fKG2UqkwODhIR0cHv/rVr7jyyit59NFHGRwcTGOcnZvXOXpdm871GwQBhUKB3t5eisUi9XqdMAwpl8tUq1WstYyMjNDd3U2j0eDAAw9k9erV6XYdHR1Uq1WMMenDuY2ttVxzzTXcd999nHDCCbz61a9m+fLlE+Ku/flxnwGZeWkl3vrLwjBMBeW8gO7c1w5/Wz+W2r12juFSCD/95Ct571eu48o/3E+tHvHa8y7n4ccHOfcNJ+y0c0kQBEEQhPbYGWJmy1quM2zWCWar9t2X/Q/Yv2X8c6lUotzZOXnE7XZQFh68/wEevP+B5rIWN8ZltvFuoNuVKKUIwoDuru4Zbw/Qv2UL11376yn3yRGLfJYzznw1Lz3lZZQ7OykUizPrH6hXq9x26y3cvvrW7df+hcT76WycM+q2jQEmUeXE7tK6CrhDBfwsUIy1qF3cijkKDreGEzAUDKAUdUDbEKs0KhGDbWonnV0qsLttIhV38zHFfnSz931uK9DaF/GdWKvABvFDqwBDQEPH4q4lijtVzmUbz6AGipGmqkIqgUlE2cQB7MU/KyfetskEF7QTlZP3Thxvt3n3nUo38uOgLaB1UyUWBEEQBGFWIgKwIAiCIOwAUWR426d+yGVX3poue/3Jh/HRNz07FkBzMcT+D3O+gOuLjXkHaz7CGMg4Zd1jfHycarXKueeey1//+tdU2C0WixSLRYIgmCBwQlyT12+vVCplxOd6vU5XVxfGmNQ9PG/ePLTWPProo+kYOzo60hrCjUYjjanO7/sjjzzC5Zdfzne/+13OO+88TjzxRHp6etL5m+zHy1auX9+xm4/Qjo9PlBGT887pfMR23nEcBEF6XKIoQinDl9/9Ano7i3z/2r8C8OGv/JKHHx/g3z7wcnSbkZOCIAiCIMwuWrkFZ6DJEIQhZ77qVcyZM6dlL12dnSxauBAdaEy0c+rF7kjt3Z1NEAQsXLSQsFCgUa+330Dqwm63vmh8Ddvb28ucOX1s3rRxh6TLac+pv9ouvhx01Wa1BUWEtgZUMfYfT0eMs5Y6itsjwxUmIrRxALQC6kphDNysFJWgsGt3ZEdJ1FwXT5yKtL7Kq5srb+9I2gkvkr8x3Bvd/LwSaf57yHJvzaCNpUEUO4EBa5PvczIWZRXKGmq6yoYxzYgpxgP0D5Ub846cO9pmnMqpuLwDbSqt0kRtXGQ9pM7i2Bg805h8QRAEQRB2NSIAC4IgCMIMGavUOf0D3+T6W9eky/7hNcfxjtMOS6OQ/Shhhy9kOsE0X6/WuVTdZ3lB1I8nrtfrjI2N8bWvfY1f//rXjIyMEIYhjUaDYrGYceX29PQwPDyMUopqtYpSitHR0dQZ7CiXy2nt4GKxmDqIu7u76ejowFpLZ2cnc+fOTfdhfHyc/v5+ADo7O9P6wy5a2kVCu1rFpVKJT3ziE3zzm9/k3e9+Ny9+8Yux1qb9+uJtK7G21Xy6eZwsIjofIQ1McB47d3C+T9+1/fG3PIcl87v50g/+CMAl/30TDz8+yBXnv4mOklxeCYIgCMKTlR3RYKy16bbPPPZYXnzyiyaNLlZKcdAhB3P9DddBZJqi0zQ639UO3h0lvskxZO999qWj3MlwbVsqIvm7OeVepK7N6dUsTa78UCg0igXz5rFsyVLW3Hd/2+Of0fw+wYdEJWqkVUGSOO1qHU/nBILRMOD7WnGFMRM+A4iUpq70rHV3Otdrc49tM1Y5t4KbF2WdQN5CCra+VqriOr/aYrUBgqywHCmqWvGrUcXVw8m2VqGNxRqVuPpVEhed/HfBgrFApLFKQ5A4gC3JBzaNWk53YXsp4v7fmsrGIrgf/WzjsdhpnhYTUMnfQ4rmwJRKndBKJ3OuZtqBIAiCIAi7mpncyCoIgiAIT3s2DY7w3L/7Skb8/cw7XsQ5px6aESHzAiQwQVR0LtkoijKO3nz0c6PRSJfV63UqlQpjY2NcdNFFnHLKKfzkJz9hfHycQqGQipjOwercv8PDwwBpvd56vU6hUKBUKlEqlSgWi5TLZQqFAp2dnVSrVcbGxhgZGSGKIsbHx4miiFKpRFdXF4ceeijGGDo6OgDSbZ1gXCqVUtHYzYl7rtVqjI2N8dBDD/HhD3+Yz33ucwwMDKTitVuvldvXPTsRvdUct3IH+8K5f3ycazgv2reqwex4x2mH8cm3vyB9f9Uf7uX4v/sKmwdHp3saCYIgCILwFKSru4u3nf02env7JlkjdhUec/TRdHX1POW0E3e9d9RRR7F48eJUQ3yiZCIL9PXN4cgjj0pLnjzVaM7lTGY1Fu0aQUClUMg+wvhRD4JYUJyt5IamXFxz5mGz72fStFbZdsBZr7E6wCQPqzVREGACjQkCjAowQUCUfB7pAKtDbKCbNXmdm9aJqDrX+XbN556Y7euwfvt64s3IbaFA5esIp69nT+KAIAiCIAitEQFYEARBENpk48AIJ7zjEm6///F02X/+4+n87bP3St/7Ec4w0XHqL88LlEEQpG3469ZqNSqVCtZaqtUqAwMDvOtd7+L73/8+QRDQ2dlJuVwmCALCMEyjncfGxhgdjUVJt0xrTV9fHz09PRSLRRqNBoVCIY2ALhQKqZistaZcLlMsFlm0aBELFy5k7ty5qUDb09NDpVJhdHQ0dR13dnbS1dWVtt/d3c38+fPp7Oyko6ODQqFAGIZp7ePx8XEuvfRSXvva13LzzTenInK+jm9eDHbz5ETgVp/7c+67hN0xys/zhJpuk3ymlOLM563iy+99abrstvvW8/x3fI2NAyMIgiAIgvD0wL8GCQsFXvvaszjuuOPTG/AmrE8sIO1/wAGs2ndVYi5sN+p4x8e6qyKjXR977bUXzzruOArFYrrM16d2GQqCMODFLzmZxUuXpGPa1eRTZ2ZTJPdTDj+m2f0zQQAFlMX9X9sisHMLK1LRN3XBuj4yfXnvdeJ3dy5ZJyRrX5RWaZTyBFG4OYqpp8Fb3fqit2szGX9zf9pAgVU2FoDT/cvNg4jAgiAIgjCrEQFYEARBENpgcGic55/zVe57dHO67Kfnv4bnHrJH+gOfLxgCGYdpvpavHxXtC5PueWxsjGq1ShRFdHR0UCwWqdVqDA8P89nPfpaHHnqIIAgIgoAoiqjVahnHbxRFFAoFenp6UmdtpVKhWq0yPDyc9t/Z2ZlGQY+PjzM+Pp6K0U6MbTQajIyMMDw8zCOPPMKWLVsYGhqiWq2ycOFCFixYwLx58+jo6KBUKlGtVqlUKpnt/Djojo4Ourq6KBaLlEoltNZs2rSJt7/97XzsYx9jbGxsQs1iP97ZLXfR0v78OmHdr6PshGQnsPsR3P6Ps61+rGsVBe2O40uOXs4PPn5muu59j27mBe+6hMGh8fZPMEEQBEEQnlTkb+J71WtezXv+/n9T6ihNuo277pg7bx6nnXYa5XLHEzJWk4/73cUEQcDLX/5yli5d+oT2C7EstWrffXne857/xPTXouRI/rWwk0mm1uCLkjkBVNsZ/vKZRI+nbdpmWxkRlylE4O197tpxLt7EWUx7sqpLnM7su9eXUmBdLeM2NGBX99f68znBWe3q/8p5LgiCIAizERGABUEQBKEN3nHBFTywtj99/8NPnMkBy3rS9y5y2RcJnXDpC7+t6tQ6QTL/7AvKURQxODjIjTfeyB/+8IdUqI2iiGq1mkYnu3hnX1R2Yq+r6esE0nK5TF9fH0EQUCwWU0E2DMNUdHY1gufOnUtHRwfLli1j4cKFbNmyhQMPPJBSqUS5XKarq4s5c+YQhiG9vb2p47enp4dSqdQy9trvx9U8/uEPf8i73vUuarXapOJsqx/UfJE4P79OiPdFd9eOi8zOt5V/nY+cdn0dtlcfP/rkq9L1731kM+/67H9PfTIJgiAIgvCUoaOjgzPOOJP3v/9curp7vE8mV1y01pxx5hk85/jj0WGwy8VCdz3T29vLvvvuS6FQ2OV9HnTQgbz8la+gs7Mz7r9ddasN/JRem7iAX/GKV7Dffvs9oXWTFyxYwOLFi3dpHy1uV9zB1qa/fes1J2nDxv9MuwfvME21vn804+t+WoutiUt1On2n545boJP8YxfR3Epk3a7I67bJiqbp54HNiateP1Ngkxj5zOB1zpnsagKr5r61/f1rJXYn7t/ZXotcEARBEAQRgAVBEARh2vyfr17Jj667M31/0XtfyuF7z83EODth1XetQtZBmo+E82Of/W211mltXWsthUKB0dFRbrjhBi655JJUlA2CgEajkbYXRVFa29e5g7XWqZhaKBSYP38+xWIxrcU7NDQExLWB6/U6xhh6e3uZN28ee+65J0cccQQrV65k/vz57L///uy5556Uy2X23HNPCoUCK1euZOHChXR1dbHPPvuwZMkS9t57b1auXMkee+xBb28vHR0d9Pb2pvHUrq6xq2XsxG4XO33XXXdx5plnctNNN6Xr5x2+fi3fvLvaF3ydsOyLw36d5XxtYF90zx+vVsdSKcWhe/bxb+9rxkH/4No7OO+Sq2Z+wgmCIAiCMKvIXMdZmwopixbvwUc//jE+8q8fpXdOX07znVxtUQrK5U4+8MFzOfCgQ0DpidcdgGnxaNlqTtxJ20megjDkhBecyMVf/QqfOv/TzJk7N/Y5tqUdtic0Fool3vDGN/OKM8+kUCpiMdjJ92Dm+Puepv0qDjzoYD704Q+zbMUKoilimduZZ/88iLezWAXd3T2c9fo38PX//AZvfPNbKJXKzkc6vfFPE2XjnVXJoJOrWFTLPZhkr6wFY8CauL12HulwbdKiBheznB1ps1SsjeOEjdJuEnOPeB0DWFtA2cnnzfsrKtFVbRJ/PPGhFCirQYE2ZDOTJ7Sa7FUyaJtx/XrtagvKgI4jzQmiiX3HBypZz6TrN8Vg24yJTsaJjvclMBaIsMpMIvQn+wsoZYm0QqXtqlz/FqstVsfzZf26wdPAjWvi3CZtp7srYrAgCIIgzEbC3T0AQRAEQXgy8I2f3cwFl12fvv/Q647nJcesAJo/rvkuX98B7NNKvJysXpj7vFQqUa/XWbNmDeeffz633XZbGufsIo2DIKBarabO3zAM0VpTqVRQSqXLnAsXIAxDurq6qFarWGvT2rzO3dtoNOjr62PRokWMjMQ1bRuNBl1dXaloPXfuXIaHh+ns7KSvr48999yTgYEBlixZQhAEjI6O0tXVxbx586jX6wwMDNDb28vIyAjVahWASqWSRle7uSuVStRqNR5//HHe97738aUvfYnjjjsujY92zmEn4jpH8WT1lf15993Abj0/vtE/BnkXsb/M9e8f5xc/Yzn/+PrncsHlvwPg/G/9hv32XMibX3Z0+yedIAiCIAizFh0WWLpkKSe98IW8453vZN6C+W254vz19ttvfz59/vn860f/hTtvv50oucZTiYDWrtEuvblNKSJgTt8cDjroIN529tk8/8QT0IFmaNtWFixcwJaNm6buYAY6bT69pbe3l3/4h/cTBJorfvQjRkeG2290+r0n/x+PQQchJ7zgJM4dH+f88z/NhvXrscZOOE6+bjf9ruLjvWjRIo477tm85S3/i4MPORQVaDZu2kRvby9bNld2yl75GOWeLXUNEQprNbZZ+HUKmoKrwiZCq/OTTk+u4IgxQwAAIABJREFUDqxNBdXQGiKCpO/c3z2ARWO0jdew8bahVURMjCMPrKFgDQqFUQZIbpDNt6kU2oJRBoslUrEQqonitZVJVFxLYONWlHMiO0E4j2qabo3ryImf7u4ANxCj4lkODBoFBqwy2XX9166tKcTnuBxwRKAMdR1gVEQYmaaw3RxmvB9oIBbvlVIoDFpbjDXN/k08p4E2aBWhrIpFbaZ7pAGlsFqBTSYgPgDxviTx0NafL0EQBEEQZhUiAAuCIAjCdrjqD/dyzmeuSN+/9dSjOPtlh6Qioot99mvK+qKjLz46B6rvOvV/gNJa02g0Mo7gWq3GPffcw0c+8hE2bdpEEARUKhXCMKRcLlOtVlPHrxNGgyCgVqsRRRGlUomurq5MzdwwDLHWMjw8TLlcplAosHTpUubOncvee++NMYb58+dTKBQwxjBnzpx0fNVqNXUVVyoV+vr60h+/urq66OnpSSOVR0ZGGB0dpVAo0N/fn4rH/f391Go1tm7dmhHOG40GURRlnL31ep33vve9nHPOObznPe9hZGQkjbV28deuDSCzre+mzruuwzBMx9kqLtp3B/uuX4dze/vx3Vpr3vrSg9iydZRv/GI1AGd/6ocsW9jLi5653045HwVBEARBeOJIvJbJO0W5s8yznvUsTjvtdI4+5hiWLI1verNqx/SPgw8+mC99+ctccsnXuOKHP6Ke3CjXFsofs2XxkiWcfvrfcPJLXsqBBxxAR7kcizZYenr6WLpkOffcdU+6jb+nk3cxbekoQ29fLx/84LkcffTRXPTlL/PgA2tm0MqUA5s03dZay8knn8yKFcv54uc/z4033oi1O3K84mjg/fbbjzPOPJMTTzyR5SuWxzdaEl9PLl++nPkLF7J5y6bp9ZN3j05BYGMnp8JQNDCuNFbpxN85nTrPloKFAxsNVkYRgY2Pu3Hj2A6hNRyjFaEKwSq0sokonT038sJtycIxjRq2YRIBM0u3jVihYzFZKYWyJhZlJ9ygYMAZaAPFYgMnR3W22EZTnLRurJZDtaXLFpp1cKeFJY1/hqaunqidRVPn5FKdI0o6GYvCYOJ9Nk2Z1qYubdXc3HjOfOuaVyhr2VMX6FM2+Sa2FvObHuxYgA2t4dC5DU6rVuMbAawFG7cXGENBw6ruAEUhcWu3c+67GGl31wHN+dD+900UYEEQBEGYjYgALAiCIAhTsPre9bzyw5emwt/fPHd//ul1x2bEVF8c9IXJVgJv3o3qL3cxzUDqdG00GvzoRz/ioosuolarpcvCMKRYLKY1gCEWPp3z1xhDFEV0dnZijEnXc6JxEARpZHN3dzcLFixAa82iRYsYHx9nwYIF9PT0oLVOxWIXcV0sFlPHsBNB6/U6nZ2dAJTLZQDGxsZYuHBhKpAvWLCASqXC4OAg++67L4ODg/T19TE4OMjQ0BBjY2PpXA4NDaWu3o6ODqrVKhdddBHbtm3jnHPOoaurK523vAjs+vMjnn3B3d/OCe1u/nxBNx/1nD+e+bhpN+9aa/7xrGeyvn+YK296AGMsr/jQt/j9f76Hw1bt2npwgiAIgvBk55BDD93dQwCaJTrK5TJ7LF7CPvus4vDDD+fwww+np6cnI4rsiPThX58sXbaMj33s45x88slc9q1Luefuu9myZUt6fZjvrCkqxdch3T09LFi4gAMOOJBTTnkpz3ve8+nu6UElsbtOrIm1OsUxxx7Lho0b01BY1UJCtakzMlYnV6xYQbFQbHv/rIWOcicve9mpHHfcs/nRD37Ar3/9a9auXcvWrVup1+vTdxsrKHeU6Sh3EAYhQRhQCAsUyx0sXbY0vo6DtOwqShEEIYceehgXXXwxV115JT++4seseeABtm7dGl9zJpKqm09/flEQBiG9fb3sscceHHHEkZx22uk84+ijKRQLGYEyNnpaFi9ezDHHHEMhCJKg5GnsllYsW7YMHQTxeGyzfx+DIlIKbTVWg7aWAEPss53OmajojiLegOLNhQKBNUQqFjG3ZzePE5AtoYndvHVdoGAsgY2wauL2gY3tqEYF9FrLOwLF2/VEIdYlIhcSp6kFAurJDQtZKdkqE7uvTYFiFPEsZTii1JE4gUnPI0XsEg6sphTFR1Xb+FijJr+RIf5qO+EziVV2DuBE6C4RcEqX4aw5BSJtKBiDVYV0X1xLZrIjklfHVbymNkWKpkYDjVE6jnbObahQaR8WKGt43X6dnLWfaTadWodjcb5oDNpYjIqF4Wn/B8vFPydzFjuLXdR0XHvZWtBSD1gQBEEQZiXKTlYARRAEQRCe5jy6YStHv/nLDAyNAXDswcu59MMvnRAH7LuAHX4csS8YtooSds+NRiMVcZ3Ie+ONN/LBD36Qer2ettnd3Z3GPTsXsnMXO0FWa53W+HUR0k787ejoYN68eey111709vamInBvb2+mDb9uLkC9XicIApRS9PT0UKvVCMOQer3O6OgoY2PxPHV2djI2NkZ/fz/W2tRhPDQ0RKPRYHx8nP7+fsrlMrVajdHRUZRSPPjgg+l7V8fY3+9SqUQURVx44YU861nPorOzM+PgdXPrRNh8/WX/dd6563Dx0v62eZE/v32+fbet1gFv+PT/8Ke71gGwaG43f/7W/2bZwr4ZnI2CIAiC8OTHT+tw/5vtblpzD2umJ5btehRhGKQ311loxjLrZgTqzsS/pqhVa2zcuJHHH1/Pgw8+xGOPPsrQ0BDVajUVp8KwQFdXJ4sXL2blPvuwZPFiFi5YyJy5cwnC5k1urWKpLZZ6rU6jVo/ft9Yam6JxIjwrpSiWyuigPSdwPonFGsPIyChbtmxmcHArmzdvZuu2rYyPj6fXtm47RXwTY6FYoLurm7nz5tLd3U1HRywAh2FAoVCgo6NIZ1cPpY4SpCJZrGDnf/oaGRlh44aNrFu3lgcfeoj169YzOjpC1IjSdYvFIn1z+liyZAkrV+7DokULWbhoET09PQTJOZHsUH5nsdamaTzTmaf4GtKig4BiqSNxwLY+KNYaFBqDIrAwpA2f14ZvWM24no7PwzC33uBcHfC/FBQjZ1NVLZ25ud4xyhBpi7Ih2sTx0c757J8VhjimOjDxMYyUBtVIxN5UWXStYlWESqylFkWkDIFVccxyup5NI4e11RhliYI4Cjk0WRt+vGaDwGqsjeelkbhWgwlOducaVhhl6beaDw0rvl8Jse44eGWU51jDZ+ZUeWOPSsehlGp+YRKcdppd2Opn2LhOsHWO50SMbzHKpInkbxOVZE1bdwODP1fxeLRqJN5wjaaBc7BPhQUeqyle/Z2t3L5tYRJn7dzVFhUpFobb+N6bijxrQYhWfkb27GB8fDwtleTSq9zfiPm/0wVBEARhNjM0NATAbbfdNu1tjjzySEAEYEEQBEFoSa0eccxbvsxfH9wIwP4rFvDz889I6h/F+GKfHxnsf5aPe84Lx34ktIt+dm3deuutnHvuuQwODgKk4qtzmroflsIwTPsqFAoUCoW0L2MM5XKZRqOR1uldtmwZy5cvZ/HixZntenp6gKbQ60csuyhp177r31pLvV5P16lWq6mwOzY2lsZEB0H8w9z4+DgjIyMopdi0aRNaawYHBzOCb39/P9u2bWNkZCSdFydku7rEF198MQcddNCEer2Tiey+yOsL7/kfGH3cDwOt1ml1vP336Y8JKuCl536fhx6Pj+FRByzlpm/8PWGwvR/XBEEQBOGpx3QE4I6Ojt07xhZ6QGwCzN705Vy1WXFnh3KFJ1yLTHbDWX55et1h48hZpfODcJ97fakk3Nq491OMS3malYpFpnbCdFu2OclPUZNdO/ufu+X5eUm9u8p3STYHP1VbO0QLAXji2LaPtSY5dskcZyzb3noYlFWxQ9RCTRnWEfKYtTTU9m+gUEDBavbWlmU2whKibBIOPB1BzLoptVjVwCiFNqFnuW5irEKpRny+2ELidvVPqLTJeGzWYIkAjbaxEzqjSVsIjKahLZFuEBiFtmF87utc/xawAUYbjIrQ1qBtQJrXnheLk/PFYulH848jiu9VwlhIdfnYxoKN6DOWC3qrvLEnSAVgrZyD3g9GzgrdbqlKffdO0A5iwd85ga3BaKYpALtCw/m/LyzK2uS77UTlWKjd3u0bFnis7gnAhnh7Vws4gkXhNr7/+hLHLgx2iQBsrcW6GyFULPLbzO0A2fE6t7Q7AtXxigjAgiAIwlOCHRGAJQJaEARBEFrwjxf/IhV/tdb88OOvAGtaRgH7Qi9kf9x0EcMThMGE/A+h7v3IyAgf/ehH2bJlC1pryuUyw8PDdHV1pa5YgFKplPajlKJYLFKv19M/aguFAmEYsnLlSowxHHDAAaxYsSIVdp0zuFQqpf07p61z79brdWq1GqVSKRU5/fq4rmZvGIbpj7hhGNLV1ZWu68Thjo4OgiCgWq3S3d2duDU6UhF58+bNLFmyhN7eXjZs2MDIyAiFQoHR0VEajQblcplt27bxqU99iosvvpi+vr5MH61q+br3Llbbn3c/LrtQKEyIffaPU75Ws9+v36Y7nrG7pc5PP30mR7z1P7HWsvre9fyfr17JZ//+1DbPSEEQBEF4erC7f5CfKq41Ozab+Wyn9N1i31uVFJl0eRLJOpGJY1XuXz3ho4ljmLDCjvsIpjrO/meTrdd6XnKyVs5+ub22dhqTHLPtbxbkFkyyXnr04njhIoqVROzdTnfKpAK5iovUJkzj2HpGV0uQnB+TCfqeMJmKhBPX9Y44iiAW8Vq1qSDSca3dwOpkLGaCoNtcP0rWVZC0q1qu67uHkxWSOreptmoBrcAEWN1IbzSwyiSH3DXsnXOtB5Xppzl/yd8tJMLnFFum51iaCT/ZydKUmuNdbPMmVBf77O4CMYmQrGNhXuH+m+PGsTOxidPbYhJntjbx84RhJqur5paCIAiCIDDx9jBBEARBeNrz65vv56If/L/0/ff/9ZWUgqwgmK/h60RA9xmQEUnzLtW8I8CJpkEQsHHjRt7znvewdetWOjs70xq4XV1daQ24YjGuvea7a8vlMmNjYzQajVTs7OnpYd9996VQKPD/2XvzMLmu+s77e+5ee3W3WmpJ1uZNBuv1CngJYIwdiBMGMkAyBjLzZMKbEOBNJvMOJJnMExIy5GELeYlJgp1kyGIwJrZjkxBjg8GSV1kSlmRLlrW0lpZaUkvqpbpru+t5/6j6nT51uyR1y5IlpN9HT6mq7nLuufee7r5V3/v9/lasWIFyuawcv8Viq45Zb28vqL4v9TlJEriuC6DlPM7lcjOilUlM9TwP2WwWmUxGxU7T/tu2reKoC4UCLMtSUdQLFy5U2wiCQNUJXrx4Mfr7+9Hf349yuazEWQCYmJiA53nYvn077rvvPiWGpwXaNLoYr58jEmpJvAZmOkqOV8+Z1qdjQctRfDY9uxZw/x+/X63zlfuewpqNu4/bV4ZhGIZhGIY5PkIJe6RbCkzrlbN9kPx4AvnwhF1odaPdwnEamZY4aYWTbEygfSPDCZZVTZ14252bbP+jdrssOv1aKCk2dbC0/ZYdQnjXDc/1qKa28dqZbuzknt8TNyEM0RK/033sEq9++jBgSgNJ2xWdwEBsRpAiST2kek6EhBQSM2snMwzDMMyFCQvADMMwDKNxbKKGD//hfer9r7zrKvxfy8sApt2ihO7eJcdtWjTUo57Ty5IgSe7XJEnQaDTw2GOPYdeuXfB9H1EUoVarqbrAJNIGQaCcvtRetVpVtYNd10W5XMbChQtRrVaRzWaRzWYxb9489TqKIjSbTSX2Ut8pclmPSNbFbMuylEOY4qBt24bjOJBSwvM8OI4Dz/MgpezoO9XRo9hqx3FQKpXgui4sy0I2m4Vpmpg/fz76+vowb948LFq0CEIIRFEEx3FQrVYBAF//+tdxzz33KPGWjgOhnwN6r58/mtbtvR7hTedNb+9k7erRlgBw9Yoe3HnbKjX/w394H8YnG92GIMMwDMMwDMMwZ4kO6VBX19uCZ0sUFsqFe/6iC+AydRzaj9OnVnclEQkSYSASQCQNBNJCAAsh7NZDth6+tNGAjQYcNKWDJuwz1ieGYRiG+WmCI6AZhmEYRuPDn7kPo5U6AGBxfxF/+F9uUtHPFPkLaBG/KVew/pyuA0zzSBSMokiJhLTOgQMHcO+99yIMQxVbbFmWWp6EW+qL67oqopnmW5aFYrGIbDaLJEmwfPlyrFixAsViEc1mE3EcIwgC5PN5+L6vRGTbtuH7vnLpmqapnM00H5h2BBOFQgG1Wg2maaJYLCKKIuXMJcdwuVzG1NQUoijqEK1JDO7p6VH9otoWAwMDyGaziOMYS5cuxZ49e1RNY6rjdP/99+Oqq67CrbfeqiKg025f2g45cunc6PHP1B4JyXTu6H16nn4uqV19+7Sc7kz+k//6M3h2y37sH6ng8OgUfvV/fwff/fKvvpbhyjAMwzAMwzDMa0Vq4c2dCc3TGLJVC1dIIJEdsdXnJ+1iz4ZsFwmX03HYidT0b3FmEqDRiriuB8Cv/vUknnjVbtVgTtrbSwDIVp9EkrTeJ+2kKiQ48A3zRE0zDMMwzAUBO4AZhmEYps1X738GP1q/S73/7ud/SYm/ADqedZEwHeusC396bHLaUaoLqjT9a1/7GiqVinofx7Gq60vxylRvN5PJoNlsqvZc14XruiiVSpg/fz4GBgbQ39+PBQsWQAih4qOBVu3gyclJZDIZ5cptNpsqCjqKIgBQjl8Smy3LgpQSpmmqfQzDEJlMRu2fZVkq+plq/AZBANM0lfOXhFPHcZRj2XVdZLNZuK6r+mvbNkqlEsrlMlasWKEcwEmSKMf0Zz/7WVSr1Rn1fulckIM5XWeZlklHQ3er5UzvdeFfr71MwnZ6XZ0oCvHQ//6Aev+9Z7bhrx58bjZDk2EYhmEYhmGYM4xIv0lHURs0TcnF5zfK7SumjwU5oAHEQiASBiJhIsLpfcTCRAQbkCYCkUVgFBEYBQRGCYFRbj96EIgyfKMHvtnTejbKaBo9Z/GgMQzDMMy5AzuAGYZhGAbAlsHD+P2/elS9v/tTv4CCa3SNQU7X8yXh0zAMRFHU4TLVBUFqi0RhEiRN04TjOKjVati2bRtM04RpmqjX60r8jeMYruuq9qWUaDQaKorZMAzkcjlYloXFixdjyZIlygnseR6iKMLU1BRKpRIsy0K9Xkcmk1GxyqZpdoiyetxzJpNRIijFOZMgTfsSx7GKsc7lcpicnFT75vu+qmNMAjMJwdR/Wl9KqeoC6/2pVqsoFApYuHAhDh48iHq95dJ2XRfj4+NYv3493va2t6nzoou6FJutnzMd6r/u1k2fY1qO6FbLOe0Q1s87naNSRuCu37kDv/3V7wMAPv21f8ftb74MK5f1z3XIMgzDMAzDMAxzOhASUgJG2wcshQRMA4jb1tYE0xbhBG0x9Hz31FDNZAFpSCgHcJIAhkBdmvibTTG+lwlbunjSlsTbxuHW4m33cPs9ICGT1rPAtJNXoP35SwKQomWyFhJGLBDGCQZHXcAAhBSQBvUBbWcy2q7g9oalaHWGYRiGYRgWgBmGYRim6Uf44P+8F2HUcoS++4ZL8c5rFiuBVq/vm64DDHRGP6dFQl1YTYvFzWZTiblJkmDnzp0qohloia1hGCqnsO4ypTYMw1DRyz09PVi0aBH6+/tRKpWUcFoqlRAEAfr6+uB5nnLskvArpVTuYIoydhwHhmEokZcikqnGMEHuZhJZwzBUfdbbIjGYnMq+73fES5umqWKvHceBbduo1+toNBooFosIggDNZhN9fX0IggCVSkXFVwPAQw89hHe/+91KGNbbTjtz0+Kufl71+Ghd+O22nr4MHUdd8NUd37RekiR413WLcceNl+L7a3fBDyL88v/6Jtb//W/DsTmmjGEYhmEYhmHOGehaXqAtLGK6Hu6FwAwHdAJDhEjgYCop4F+2RBCyVZ+XBFwh25+FEtEShZO2KJtg2jSdSMi20Kum07LtGGeRSIgkgUxMSEgYiJGI9udQo90e0FmT2NDEeoZhGIZhOAKaYRiGYT73909g5/5jAIBcxsFdv3X7DJcoicF6vV59HjlYgemoYL0NcphGUdQRGUxCrmma2LBhA+r1uhJeoyhCkiQIggCGYSCbzcI0zY4awNlsFuVyGYVCAQMDA8jn85g/fz48z0O1WsW8efMgpYRt28jn82r7YRgqwZOm2bYNy7KU+EuiZiaT6aiBS3HQQMuBS+vRulJK1YZhGEpstm0bjuPAcRy4rqva06OwiVqtBsMwUCgUYNs2CoUC5s2bh8nJSZTLZbXNJElQLBaxevVq7NixY0Y/6fykY57TjmBdyNWXI3eyPq3bIx0trYvBepw2HdM//+RtyHqt/d4yeBif/8cfz2HEMgzDMAzDMAxzphEk9hpo1cIVEjDaxlOhbK3nL2rfoeKvE+EBMAEJRJaJwLKQWALSMiBNA4kpII3Wc2wKJJbRfojWwxBIzPayhtF6b7ReS9OENI3W+sJAbJlIbAPSEIC0ACNJ9Ufvn2g9m+BvuxmGYRimDf9JZBiGYS5oDh2bxFfue0q9/8b/fB8gp2OVCar1Su5f3clLkc00vVvcMLlI6ZlExXq9jiAIsGvXLtx///0dbmN9u67rolarqTq9enx0Pp/H0qVLsWjRIgwMDCjBcdmyZXBdVwm2jUZDCc+0frPZVPtCwiXtj5RSxUXrLmbaB8uyEAQBwjBUx4kcvNSW7/tq/0nwpmNIIi4AFQlNwin1m2oJU13gyy67DLlcDj09Pco1DADFYhGf+cxnlIuYjqG+b7pTW39OO3vp2OhOXmBa2E2ve7xIcELfbzqOQsb4u997n1rmC//0JA4enTzZcGUYhmEYhmEY5kyiabqSBGBdaBSAMM5/8VcCat+F7rIVAEQCYcQQiAHEKrpZPZQ6q9uHMfO9aP+Xbh8AhIAhBcx25HZiodORrM6H7BSFjc5NMAzDMMyFDAvADMMwzAXNp+76HoKwJcZee/lCXHdJr5rXLTaY6sWSSEhiri72pmvBkiCo170lgdC2bYRhiL/8y7/E1NSUWr7RaKg2s9msioambZJQm8lkUCqVUCqVkMvlUCqV0NfXh3w+ryKUKZqZnLl63V7qE4m+FDudJIly2FKcc7pWMInYjuOoY0ZR0eT2LRQKM4RlEs3J+es4jhLObdtWwrDneWg0GrBtG67rolwuwzRNLF68GIsXL0Y+n4fjOKjX6zBNE3v37sXw8HDHudEFWdpvOsa6uKufc32aLuzr7mCC+p2OBU+3100kftNlvVh18XwAQBDG+IOvf/+445RhGIZhGIZhmDOEnH6SQiARQtMxZVeBMoFolZ49G/19vWgfA6n0XNF2Qidtl68FGKYmvsrpZ4pkpodptB26EjBF65nedwi4suXiNSUSM0FsRZr7Opl5Loy2KGykxHqGYRiGYfhPIsMwDHPhsmnHQdz/w83q/df/xx0dQh4Jh+masOkasCQA6mKh3ka6Xiww7ewVQmDDhg1Yt26dct0CUBHLtm2reGmKE6Z1i8Uient7MW/ePCxfvhzz5s2DbdsIggBxHKvX1J9sNos4jpUIqztVoyhCHMeIokjFOJNoSgIuCagk5Nq2Dc/zlHBMAjEt43mecu/qx472k0Rycizr26Vjmc1mYds2yuUyhBAolUqwLAt9fX1YsGABXNdFNptFFEWIoggPPfQQTNNUsdkk0OuifDeBOO3cTYu2hH4uuzm89WVpLOnTdSd1kiT42999j1r+3u+/iI3bD55gxDIMwzAMM2fkaXgwTBdmDBMeUz+dtLVFQGBUmFgPYJ0UOKqLl7rgaEokRoLdUuA5KbBLGojOw69XyZwLkbQcvyJuHQsYLdG3w40rOgVcEmTpIdqDXgnJ7fdKXJ8Wb1ufyagDBmAYEGRD1rczI56atgn+tpthGIZh2vCfRIZhGOaC5eNf/Bf1+j+/+2r0ZM2uYqAe+wygIxpaF/zIOUuCbVpsJKi9KIowNDSEL3zhC0rczWazKlbZsiyYpgnf9yGlRBiGMAwDQRDA8zwUCgXk83nk83nEcYxqtaoERtM00Wg0kM/nlavW931YlqXEZL1+rS66krOXXMDUDz2KmRzNwLQITqKyflyoXrHjOCqeOQzDjjrD9Ax0RkGHYQjbttW2crkchBAol8uq9nG5XEaz2VTbf+SRR1Cv15WTWRdf6Tzocdx6//Vzmj5vxxOD07Hgeo3obs9px3HJA/7zz12l3n/yyw+nhynDMAzDMK+FGdGlp/BgmBMhtGceUz99CIlESEQiwQuQ+K8NiV9rCjyVUK3f1AMCVcPGXYGD948l+NMpH1XI807Xl8C08CqM9gOAEStRGCJp1+Vt39kgaHm0j5WEoLseRNJ6n058VkJuSyiWZttxbAqYoqUNS0MAJvUHmvNXf59yajMMwzAMwwIwwzAMc2Hy7R9swrpX9gMALMvA//qVmwB0OjvJNUrioC4SptEF1XTUMYCuQnC9Xse6detw9OhR5cyt1+tqfiaTUe7YtOO4UCjANE3MmzcPmUxGiaUUo1yr1WDbNqSUqNfrSkgVQiCTycDzvA5Bm2oD6/tDLmLHcdSz7uzVxeFsNqv2nUTcIAhUe+SQpuVJhLYsS0VBu66rnMXpuGlyNZNL2LZtDAwMoFQqoVgsqnlJkmD16tXquOvnr1sUM73W6/Pq543m68eexoY+Xmg5coMfzzWsb5uW/4OP3ATDaC3/wtYhPPjjl487zhiGYRiGYZhzA3W1d74pfxciwoCAASliNJ0EdcdAZBjTLli9pK2UkEYM35GIDBeB0UpuOt/GQQJAigimCCBEBBgRTCOEIWTHQxj03HIJCyOGMCIII4YhYkDE0/NEDCESCJG0hGSjPR8xDBHBEDEMhO3XIWIrgjRbIrOQSUsI7qYgG+giPjMMwzAMY53tDjAMwzDM640fRPjUXd9T77/2O3cAMmrd5ZxyxpIMQDuwAAAgAElEQVRwmxb29Pe6UKy7QNPCcRiGAKAET8/z8Mgjjyj3L9XlJcduo9FQscwkKidJgmKxCMMwMH/+fORyORQKBSUC0zJUV5cEX2qfnLh6v0icJWGVppNbGO3jQiIziZ8k5NIziaiu6yKKIgghVIQ1HQ8pJTKZjBK66dhalgXf99Vxj6IIruuq40F1fqlvnufBtm309vZicnIStVoNYRgil8th3bp1uOOOOwBA1TkmZlMDuJtDmvZXF27TMdDUbrd56e10jBMkuOu/3YH/5/97FADw6a99D+97+xthWzNrDjMMwzAMMzf0v9PAzL/JJ2/gBBPm2hZzXjBjTJHaNIfhkL5+ZM4mov1jbbQFRAkYAlK0p1OFIKP12hACgAUJILLbAqYwVKrx+UKvIfGbb7BxKI6BRLQ8zlLCSMT0b8HWpLbZt/2m/RJSQkBASgFAtpy8rSLLahvT09p+40T7uUhah76ZSDz8ooHBoy6kiAGY2jmRnecHsqN9hmEYhrnQYQGYYRiGueD4yn1P4fDoFABg2UAZ77x6MeI4miHcSSlhmqaKMdanp+OTdUGPhMLj1YmleOOtW7dicHBQibKu63YIyST+UvthGKrI52w2qx4kDlMMtOu6Sqz1PK9DQKbauCSq6k7bdL91tyvtG8U3O46jxFnaP8/zEAQBarWaEoZJVKb4atd1MTU11SEu0/46joMgCJRgS8J4vV5XX4xRO4ZhoNFowLZtZLNZeJ6HRqMBx3Fw6NAhJeICnbV4047ddDQ3bZuOGUHn40Qu8PS2dBE57QqmNomfve4iLBsoY9/hCQwdnsBX738Gn/6VW2Y3oBmGYRiGOSFCAuPj4xgaGkIi567SqIRfIXDZZZchm82yw4xBHMcYPjCM8bGxuZk/22Nn0aJFmD9//pnoGjNHBCQMREgMEzEACKEEXWnIthDccpomAkAMGEk7stgQiCEghTxvfi0IACVD4r+szCE0BcxYtNy3AIRMpn//te6ghn5jjPoVKyj+mVpsPVO9ZbU8pqO2W6WA2/OkAJCgHkps3Bdj55hoib1tgR6J7OxHAiXSMwzDMAzTggVghmEY5oKi4Yf44r2r1fuv/4+fh5TJDFEw7e7VxV+9diwJpSQOpmN+9eWpTYo03rVrl3LrUm3fOI6RyWRQrVYBQEUuNxoNWJalxOJisYh8Po9ms4lMJgPf9xFFEXK5nHLhkoBJkc1JksC2bURRhCAIkMlk1D5QfDLFOlNUs2macF1X9YWWJxczOaRp33zfh+M4aDabajlqN45j+L6vYp5pehRFyOfziKIImUwGU1NT6th5nodms9khqFJbnufBcRy4rgvHceD7Pur1Onbv3o3R0VH09/d3Fex1IZ7QHdu0L/qyALqeR13g1c+9Li6fyA087SQH7v7UL+COT30LAPDFe5/EJz94M7Ke/VqHPMMwDMNc0Ih2ZOvff+P/4O67726JBmrmyddvV68E0LoW+tyf/ik++MEPQpMpmAsUv9nE17/+13jwgQcAzD55NpESiQB+73d/D7/20Y+q62rm7CEFkEDASExYUgJW3NYfjdbMlkGVloYwJBIImHFLcTTk+XdPiERL/LZkBFMIpasKfaR37HTntNZnoPStEXSgtBWl7PxFq20fAjCEiZV9dUzU65CJ1bG8pPLCsuUEbv+6h4EE/JU3wzAMw/BfQ4ZhGOYC42+/uw7Vug8AuHxpHy5dmJ/h7gXQ4YYFOh2daXS3KYmBuntUXx8AGo0GpqamcM899yjXLImnujhpWRbCMFRuWqBVJ7dQKCCXywEASqUSpJSoVCooFArKkUtfJJEjOYqiji+XLMuClFKJz+TsJdcwuZ/JLRwEgZqmu36pRnEURUqgJmcwOZgpnprEXop2JiGXHL60v57nIY5jNBoNVVuYjoMeRV2v11Eul9FsNnHkyBF1fmq1GlavXo0777xTCfg65NLVa/vq8/SxoDt60+dSd/XqQjAto5/L440dPfr7koEcLlnci8HhMYxPNvCPj27Ax99/04x1GIZhGIaZG37o48k1T7Zu+kNbJJjlurqol0QhnnnmGfyH971X3SDHXHioazoSnzA356eAbAuG51lm8E85AgKJQZ//2nHQRtt1agKIp39ztNywApAJhJDn5e0g0x9dTEihSbZpAfe468/ylgiK2p45A0YikTci/OEdJTSlgIWoHSktNKtx52amtfrGybfNMAzDMOc5J84xZBiGYZjziCSR+Iv7n1bvv/ibtynBDuis/0vTyf2r144lt6fu8NVFZIoLTguFJOKGYYhjx45hfHxciZ4ksFqWpRy8YRhCSompqSkIIeB5HgC0YgcB5QD2fR+lUkm5eOM4Vq5ZEjGpRi8JsCSMUrw1QYIwuYDJqUvu4TiOEcexcunSl5+0r9QeHRfXdREEgeo7uY9rtdqMGrwULU3bOnLkCMbGxuA4DorFonL7kpBM5ySTySCTyaj9tCwL3//+9ztEeD1umvrb7bynI7DT8/TppmnOEP5157A+tlrjL+kYK+nxFccxvvyJ29XyX/nWUzNqzDEMwzAMMzekBNY+vxZ7du+erk85l/WhJYoKgfXr1uHQwUNza4RhUpx/cuEpIlOPcwGBlvBL+qWhP2tKKE0/jxHtf5jxOO0bmvGQIkFkSCSGgZyboM9L0OcI9HoJer0YvZkEvZkEfdkEfZ5EXwboy0j0eRK93rkymBiGYRjm7MICMMMwDHPB8PCaLdh7aBwAUMq7uHJpuUOAPF6NX5pHz2nxLi3+0jwdEgMpuviVV15Rscck/lHkMq1P4q1t23BdF7ZtK1GW5ulxyoZhKPes7tQdHx9HEASYnJzE/v37MTIygpGREVQqFQghUK1WVbtjY2OYnJxUjuRqtaqWGx8fh+/7aDabsG1bvY6iSDl2aT29/q4QAs1mU21jdHQUQggcPXoUYRjCNE0MDQ1h586d2LNnD4aGhrB7924MDg5i27Zt2L9/v2qLagTbtt1xLnK5nIq9Nk0T27dvR71eV+ePjoUu4HY7P3qbeqxzt3Orr9OttnC3MUFCtN4XmmeaJlYtK6Ocb4nlew6O4d+e2TaLkc0wDMMwTBq6pgsCH9/5zv0Imq0EmNekXUiJY0eO4tHv/TuiMDot/WSYC41TucFRvyZ/3SDRl4ReAcCUgCGnv001xHkvAp8thJQwEwEhTZgygoEmpIgBYXY8JNoPaUBKEy27tnmy5hmGYRjmgoAjoBmGYZgLhj+/7yn1+iuffFdH7VoAHc7NtPhLr/U4Zj0uWnf86sKfXi+WXtu2jQ0bNgCAql1rGIZ6hGGoIo8Nw0Aul1PO1jAMlZh6+PBhLFmyRNUFjqIIU1NTMAyjwxE7MTGB8fFxlMtlTE5OYuvWrTAMAzt37sQ111yDhQsXIooiHDlyBB/4wAfw3HPPYcGCBVixYoUSj5csWYKXX34Zl1xyCVzXRT6fV+7eRqMB27Y7jgMdpyiKEIYhRkdHUSwWEQQBAODgwYOYmppCs9lEs9nEpk2bMDAwgO3bt6NcLmNkZARHjhxBkiRoNptKiC4WixgYGEAmk0GhUIDv+wiCAL29vRgeHkYcx+oYHT16FIsXL+44B8C0E5eczemazt3OYzomPD1W0uOH0IVmXQxOR03rX2Z96RO34ze+9D01Zt/7tje+9sHPMAzDMBco+/btw+YXN3YKR6ci2LRXlzLBIw8/jPd/4ANYuGjhaekjw1xYSCRJjA3r1+Nzn/tc62ZTeXIDsABQLBXxiU/+Fn7u5+44w8KrAKh+rV7HVgIQhhKHBU1jzgCtc5BAArAAaSEBIBCi28k/H2O4GYZhGOa1wgIwwzAMc0Gw/pX9WLtlCADgORbeumphK8Gri+Mz7eTUSUf90nty7BJp4VAXBYMgwIsvvqiEZKqZS+5W6hPV1NVjmh3HQb1eR7FYRH9/vxJ/hRBK9E2SRAmmhw8fRrPZxMjIiBJcG40GTNNENpvFT37yExiGgWKxCM/zcM8996C3txd79+7F8PAwSqUSoijCK6+8gsWLF2NsbAyLFi1Swm0cxyqumvbNdV1IKdU0oOXAPXToEMrlMg4fPow4jnHw4EFEUYTx8XGMjY3hyJEjCMMQtVoNvu+j0Wggl8theHgYe/fuVbHUxWIRfX19GBgYQLlcRi6Xw9TUFHK5HHzfRxzHcBwHW7duxaJFizocu+S61cX7dP3n44n4aTe4/prcvWlBOD0e0q+73VDwtlUDcB0TfhDj6U17sGnHQVxz+aLZDHOGYRiGYVJsWL8BY+Pjp6UtIQEIgeEDB/DS5k0YWDgwI1WEYZiTE0URDhw4gN2Du+E3m7OS7qSUqNV6UK/Xz3Dv2r1RtZ61OOj2bCpbS/HIci6FxZlZIpAICYkIhjTbhz+GkDPdvQkMPvwMwzAM0wUWgBmGYZgLgi9/c416/dmPvgOi/ZGd0Gu9EmmXZ9rxeSJRkERGXdwjF++WLVuUaEyCZZIksCwLQRCoWru0bhRFyl1bKBQwNTWFefPmwTAMJRAXCgVEUYRGo4E4jrFnzx7s2LFDCarUd6oBbFkWms2mEkcnJiZUrd3Dhw8jn8+jUqlgYGAApmnC8zwlkFcqFeRyOTiOo4Rr3/dV+8B0TDK5gB3HQaVSQTabxdDQEKIoQq1Ww9GjR+H7PjKZDCYmJlAqlTA2NgYAsCxLCatTU1NqX8MwxNjYGHbv3o0rr7xSCcH5fB6jo6OwLAtxHOOVV17B7bff3lWUTQuy6fNJz91ivsmZrceF69vo1n5aVCb0OsVqnpT4o1+9BX/wNz9uj93V+NaffPhkQ5xhGIZhGGgajADiKMQTP3wccRSdslCrdB+BtiAkEUUBnn3uGdx6+zth2U6rSqbUVmAY5gQIRFGCA/uHEcxS/J1e8/T/iMn2b40Est22gIBslQzXN2gASCj+2YCRANIAkEyXMOYf/9OHaP/iFTCnNXmYXYV2AckHn2EYhmG6wDWAGYZhmPOe4aMV/MvqLQAA0zTwH266GECnyEdir+4ETYu79F6vDZuO/6VYaZpHy5KgGwQBstmsinsOgkDVrXUcB0mSIAxD2LatRFTXdSGEQKFQQKVSUa5W13WVA5f6NTk5ie3bt2N0dBSNRkO5fT3PQ6FQQCaTUe5i2i71r1qtotlsIp/PI5PJKIfv+Pg4hBAYHBwE0IpvrlariOMYk5OTSqAmUbvRaCAIAkRRhGq1Ciklms0misWiaqNSqaBer8NxHNV32j/DMBBFEfL5PICW6zmXy8G2bXheqz6uZVnI5XI4dOgQTNNEJpOB4zgd52P37t3I5XJKfDVNU52jtNibjn7WY7vTdXvJNdyNtOtXf0/u7PT40p3n9HjvzRfDNFvn/4Efv4wDRyonGuIMwzAMw6SRwM7t27HpxY1noGmJZ599FlOTk8DrWZOUYc4TfN/Hvr17X9+avidEwpDtzxEApBQt568kBbh97W+0YomlIZEYAtJKAIP9p2eK1NGfObH9EGLmZIZhGIZh2AHMMAzDXAD87SMvqC8XPnz7KphiWrzVXb3dooB1urlCaTkhhBIKdYcwLaeLyz09PfB9Xwm3JP5R1DM9bNtWtX11d7DjOErwBFpfoJimqRy1hw4dwtDQkKoFTFHSnuehXC6jVqshiiLkcjmEYajmVatVWJaF+fPnY3x8HH19fZiYmOhwNG/duhWXXXaZEmlN00Sj0VDx09RXEpUpCtrzPExMTCCfz2NychKu68LzPIyOjiKbzap97+3tVU7hJEnQaDQQRRE8z0MulwMANJtNhGGIo0ePoqenB+vXr8dtt92GQqGgjnWj0cD4+HiHsErOXf3cpOOddec1LUfiNgD1TO3odIsCTy+rb1c/9/rYE0LANoFfvvWN+PYTWxDHCb7xb+vxmY/efvLBzjAMwzAXOHT1FsUxvn3//ajVamfAmicwvP8Anl7zFN7z3vfBsvjeeoaZC7VaDUNDQ2e7GwDaMc5t8XdREuP9MsaYNAEhIGTqF4cEhJSQMoYhBYwkxjWQMCCAdoVahmEYhmGYcwUWgBmGYZjznm89Pu38+Nh7r+vq/gSgBFyCBDldIAYw4zndjl7vVxf1qDbtD37wA1W3V0qpBFPbtgG06ugCLeervr6UEp7noVQqqW2FYajq6jabTQwNDeHIkSNKXC6Xy3BdF/l8HpZlobe3t/VFKIBsNotms4mpqSkUi0X09vZicnISnuchk8kgm83CdV0UCgUEQYClS5dibGwM2WwWtVpNOYkty1IidJIkytVMfW82m7BtG6Zp4uDBg+jt7VXR1AMDA8hms9i+fTsKhQJM00Qul0Mmk0Gj0QDQErgHBgYQhiHq9ToqlQqCIECtVkOtVkO1WoXv+ygWix2C/q5duzoct7o4mz6Hek3gdKyzLux3q+9L82j/SYROt9HtBgNaVhenafsf/8Xr8e0nWs71+3+4iQVghmEYhjkZWgzzkZERPPXUU5DJGXDmSYk4ivDQAw/g1ttuR6lUYt2HYebAxMQEjh47era70aKd32xB4NpEYpVwEQEwZNT6sU6JwLFhQIgYUiYQkDASC24cT5uFGYZhGIZhzhFYAGYYhmHOazZuP4jdw62assWciwVld0a9VqBTwCVBTo81JkioS4u/6XbS4i61V6lU8NBDD3UIu0IIOI6DRqOhhNK+vj7U63UA09HBVHOXnslhS2Ls2rVrUa1WYRgGenp6UCwWsWjRIpRKJSxbtgyu68K2bbiuq1y0UkqMjIwol+34+DgymQz6+/thmiZKpRLCMEQul4OUUgmxjuOo9Um49n2/4zhS3WLP8+D7Pmq1GgqFAizLwvLly1XdYd/3sXLlSkTt+nzFYhGWZanjQjHOlmVhcnISvu9jZGQEe/fuxfj4OAzDwOHDh9Hf36+OJ7mAN2/ejFWrVs2IWe5WAxjoFPX1uOg0uquYziWNi7TQm3YZU21oXdjvJk4vKDnIuDYafojt+47ipV2HcNWlC2c58hmGYRjmAkYCmzZuwuiRY62IZlXE9/Qg2tvYtm0bBnftxHXXv+m0tc0w5ztCCIyOjqIyMXm2uwKAkp4lEiQwJWAjhCENmFJCyNa8juVlAokEVmwiMiUgYlU7mGEYhmEY5lyCBWCGYRjmvOY7T2xSr//7L9/YVfwF0CH0pgU7YFoktCxLicDd1iFhD0BHG/S6VqthZGQEcRwrF7DrurAsC41GQ9UFJpeuEAKe56m6wPl8XjllLctSjtvHH38ctm2jWCxCCIF8Po+VK1fi4osvxvz585HL5eC6Lmq1GizLUnWF6/U6crmccvDOmzcPtm2r5SgmOkkSWJaFTCYD3/dhWZZyDtM8iqymGrl6LeMkSZDL5dDT0wOg5W62rNZlSKPRUK7mWq2GXC6HbDarhFw9kpkEYXIQ9/T0YPfu3RgeHsbChQvh+74SU03TxKuvvoprrrkGYRiq46mTFnjTceC6i1ePbybRNh0FnV5eHzt6u/o41AVkvU9xHON3fulGfP6bT7fG8g83swDMMAzDMCdAti3AAsCTT/4Ivt9sm/fEaU6AFpCQmKpVsX79Olx99dUwTKvrNebcoAhZaoeeX4OLOb1qOtFWuyHtZLz2/Ztdny5M2jbUGed/LudeP5Dnck3aBIcPDSMI/dZbvatnaSwICJhSQMjWeTDRLtfSpT9CCgiYkMJo1Q2W5/bRPq1IoOMkiY4ZDMMwDMOcY3ChGoZhGOa85ts/mBaAf/7GS9Rr3aF5PJcn0D0qWHdvEnrkb7f2SfRrNpuqdi61EQQBxsfHkSQJ4jhGPp9XjlsSUuM4Vg7eOI6RJAlM04TneYjjGBdddBFyuRzK5TKuueYaXHfddVi2bBkWLVoEy7IQRRGq1SoAqHq79Xodtm3Dtm0lJus1e2k9cuJ6ngcAaptUc5e+NGw0GojjWInbQCvOulqtol6vK2HWMAzUajV4nocgCBCGIRqNBiYmJpQDOoqiDnGVxGLXdZWY3N/fj0KhgIGBAbiuq8TfKIpU5PXatWtniPDdHL+0H2kRls43cTxxNz2W0uNDdwPTdvXl0mIw3Vzw3p+ZHrN6lDnDMAzDMF1o/+k9MLQfzz79dHuaOO2iEv1dj6MYTzzxBKaqUx3TT510R0kUfI1N6g+9WTJHSzljWrdHx3Knu09zQZ6GxzlJt/N/Km2cszsIAIjjBAcPHkQcR6f71oxTQg1FAcAQgDAg1L8uPwt07W7I1q8Xgda3q2d/V848AoCQ049z+weKYRiGYS542AHMMAzDnLc8//I+HDhSAQAsmpdHT86a8cUcCXq6gKvH8ZIAqNf1pdd6RHA6vpde66KjaZrIZrMwTVO5Ysk9S/HPtDyJvM1mU0VJkxvYNE1kMhmEYQjDMDA2NoYoiuA4Dvr6+tDb24uBgQEUCoWO+rOmaSIIAiU0x3GsRN5Go4FsNgvf9yGEUAIs9Zu2BUzXJg6CAI7jII5jBEGghOQwDOG6rnIz68clDEMEQYAgCDA1NaXEbRKNyY1s27bqg2VZaDabSoAmgTSfz0NKiUWLFuHgwYPK2UxOasdxcOjQIXX8u4mydB7ofbeY6OOJu7qY3C3CWXcK69uk8UZOcjo/tK4ulPfmBRb3FzB8dAr7Ryaw/pX9ePMbl8z5Z4FhGIZhLgRITHrwoYcwNjbWnnYGtkPXE1Ji65Yt2LJlC2666WdmJIOcQsvTL6Um5b2GnVDry85mlBYsgcOHD2Pnzp0YHTuGRqPecb3sOA56e+bh4osvxkUXXaRKfyjX4yn07Xh9Ot7Cp/scnptyVee5P96sEyIlBPngT9dB63L8X2v7jXoDhw4dQhLFp8XkzpwGZvn7hs37DMMwDPPTBQvADMMwzHnLd364Wb3+3Q/d3FUE1IW8tDAHYMY6umDcTfztFhesz2s0GkogjaJIiYRUm5faqtVqKnqZnL5BEKiIZxJlx8fHUavVlGt4yZIlcBxHCc1BEKhtT01NKUcv0BJjqS8kBOskSaLq/SZJgiiKYNs2giCAaZpKCAaghNswDFVbFJFMgi0JxbRvvu8rNzQAJRrTcSdRmGK3qU4xicYUMV0sFtFoNJRIHsexEtODIDiuYEv7SO/TMcxEN2GX+qzvn+7k1Z+73SCg32hAbvD0NuM4BgD89gfegt+7+0cAgH9+YjMLwAzDMAxzHKSUGB0dxQ+f+CGSuH3z3plUKNrXGg/88wO49prrkc1lT0uzYRji8ce+j61bt0AmEnKW0csXLb4I//H970cul2t3TwBSQkJCoHU9ePToUWxYvx4v/uRFbN2yBYODg6hUKpAy6dpm6/qktf1isYiVK1fihhtuwLve9S5cdvlK2LbdEZM7u5jo9nWPBMIgwNj4OCbGxzFRqaA6NYVGs6lSc8IgwNjYGA4dPIQjR45gbGwME5UJNGp11Ot1RFGEOI673oyZ3g8hBCzLQqFQwPyBBVhx8cW47rrr8Na3vhUrVqyAaVpz2IfTD91g+a/ffQSvvPJK+9yhbTE9OUJKWLaND3zgl7DyipXT01/D/uzePYgH/vmfUalUOvv6Gg5R6PvYsG5d5+eyk7SnPiPV63jggX/Gug3rT7qdUrGIOz/0YSxbtmzGvDNxjrulDM12eQCoVCawc8cODO3fj2NHj6JaqyEMgtdHG5eA67h43y/+Ii655OLjjjkBIIFUddCbTR+Dg4MY3L0Lhw8dUjf4tme/bvT3z8dHP/rRVh/P0s8vwzAMw5yLsADMMAzDnJdIKfGdJ6YF4Hdcu7Rjfrf6vCS66fPIIUofJMkNfLwoYV1AJJFPd4KSaBlFkXLLAlBOYBKFSbi0LEvVy+3r64PjOHAcR9X5rVarKBQKsCwLS5cuhZQS/f39SvQl0ZW2oW8rl8upSGnHceD7vvriiWKUKRLaMAw0Gg3lQnYcB1EUKScyCcn0BZyUUgnK1IdKpQLf99FoNNT+Aa14Z8uylBjqOI46zp7nodlsKucy1RjWxXMpJS699FIlJlM/qF4wtUWCq37uut0M0O1Zh8RfXeQ9mWCcjpqm8ZGOFE+PKwB457XTgu+3Ht+IL/3WL/AXGwzDMAzTBSEEtm3bhuGhIUhIGBDQ9MvTh6TttZ6ff/45DB84gMtXrjz+OnMgjiOsWbMa//rd7yKJ4ln/3V9+ySV469vehlwup12ntHZ/z57duOuuu/D4o48iDML2PN11eiIBtTVvarKCn2xYjw3r1+Nv7vkb/N+//uv4+Cc+AS+bOcG6MxEQODg8jD/6o8/g2WefReQHM12mqev047bVFrn1qrndlwOkTBCFASbGxzAxPoYd27bh8X//d5imid/42MfwG7/5cWTb4vnrDe2j4ziYmBjHt+/7FuIommMJ4Jb/t1wu4YorVrYqCr+ma0aJdetewP3fvg/Vqan2Jl77D1P6unnW40YIBG3xeMO6dSddfmBgALf/7LuwfPnyU9reqTKX/ZFS4uDBYdx999343iOPoFardR3vZ7rPUgL5fAHXX389Lrn44uP+IMn2z1oYBHjs+4/hL776VQzt29f+XTjzZuvXAwngspVX4KMf/Sh/RmIYhmGYFCwAMwzDMOclq1/cjSPjrZq3C/sKyNiiq8CmRwDrHxhJNEzHOFNssi7qAZ3CHrWli8AU0ez7PnK5nLo7WheObdtWbgcSb03ThO/7KJVKKJVKMAxD1QImx7DjOCiXy3BdF57nKRGa4paBTqcrxSrbtg3P85DJZCClhO/7OHLkiOozCcHkeCZXLbmJc7mcilvWa9xSv0moJdG32WyiXq8jDEMlDtMynufBdV0sWrQInudhcnIS1WpVHW/bttUXIkEQKPGcHNtJksC2beRyOYyPj3c4t5vNpor4pmPQ7csJfR/0ZcmJq8c60nEgYT/tFE87jdNjRN82bS8dJ01O9GLWxoLeHEbGahgZq+K5l/fhZ66a/iKLYRiGYS5IJD11iiVPr16NRrOhL3KSNloKscTMUhEnFRPaG5ianFi/rt8AACAASURBVMSGDetx6aWXwLBOx9csAlJSoLVU007G2LFRHD1yFEuXLYMhgNFjo/jxj36ERx/9Hta98AJCP5huqYuwOhfXYhSG+Jt77sa2ba/g//30p3DFFVdAytk7gH3fx/DwQYS+DyGPf66OJ/52u4lvNv3u9j6OY9xz99144YV1+G///XfwlhtuhGEarVjcsyAo3XDDTVgwfwCHhg+0JsyyDyTObVi/AaOjY+ib1zt7QU7qL1vrVCoVvLx5Mxr1esc2zhZ6WZZZLQ8S/qeXr1ar+Kd/+Ac899xzp7VvS5Yuwad/9/fQ29vbsX2g20+uBKTE0P79+NY3v4lHHn4EY8eOdfS1W9mZMzsWW7V8pTx+5jp9Dlv95I/wf/7u77Bp0ybIOIHAzJthX8+fG6rN3LFtjhRnGIZhGAAsADMMwzDnKd9/7lX1+td+4ZoZkbxE+kN2Oho4Hfmsr6O3oQvJusCoO4CllBgaGkK1WlXxzNlsFmEYIp/PIwgCJTaSI5bE0Uwmo8RdaisMQ8yfPx/1el0t7zgOarWaWrbZbKp+JkmCQqEA27aRyWSQz+eVq7bRaKBSqaDRaKi45TT6lxDZbBZJkih3sm3bHcdIP44U+6zX/NWPJR0LKSWmpqZw7Ngxte9SStTrdTSbTRUxrdckjuMY2WwWpVIJzWYT+Xy+QxDu6enpiKKmPukCP5EWZ/VI7+PV+KX91JdJO37TTnF9Wrd2SfjV2/i1n78Wn//mM2psswDMMAzDXPB0qR1am5rCj574IeJ2KYrZNUN//ztLf8xFwIjCCGueWo1f/I+/iKyVn8NOHAetEKcQs68rXKtOYe+ePbjq6quwdu1afPaPP4sD+/ZBiO7u3tnsY9dl2sJ5ksR4cvWTmKxO4st/9mdYsmQpZiNUk2QjZOv4CwFQAPWpVlE+2b6cbN+TOMGLG9bjD37/9/H5L34Jb37LW1Tqy+uB3p8VF6/AjTffiIcffGjODmABYOf2HXhp00a847bbTkmII1f1oeGD2Lxpk0pIOpuc2n7MPHxxFGPP4CDWv7D29HSsTWViDEHgz2rZJEkwNLQPv/Pbv42tL2+hn4Z2nzs/m6SnnVGEBIREZ2hCqzKwlBJJFONb934TX/7iFxBFnSkCYlY/92cOA9M3tjAMwzAMM82pXlszDMMwzDnNM5v3qtdvv3pp18hfgr7kO57Iq8cGp6Oe6TXN02vDkoAIQMU+l8tlVR+X6umSeOr7vuoL1ceVUirHr2maKhIagKrLm8vllCOWYpCjKEK9XkcQBGg0Gmg0GnBdF1NTUxgcHMRLL72EHTt24PDhwzhw4AAGBwexdOlSLFu2DAcOHMDw8DBqtRoajZaDhhy96X12HEeJ3BS/7LouHMdBHMdK0K5Wqx11f0kkrdfrGB4eRqFQwLve9S4sXLgQCxYsQG9vr3ImZzIZ5VYmkdj3fRVfTefK8zwA05HSjUYDfX19ME2zY7l0rDedK93Nmx4baTd4WvzVp6cFZH1M0Hmj+WkhOO0Spsfbr56OgX56054uI55hGIZhLmyEBB577DEcOnRoVo5QQrYfuUIBd37kw+o6a25OR4kNGzZg9+7d6u/82SCKYvzg8cfwWx//OD7xsY/hwL69OONWOCnxk5/8BF/+0pdw5MiRM7utM4hse8n3H9iPz33uT/DSS5vPmts1l8vjtttux/z58zGX80efckZHj+HZZ59FrVo95T7EcYzt27djaP/+rilKzKkhpcTmTZvwyU98Alu2bG1Nw9l1Vp+YVr/8po9//Kd/wFe/+hVE8cwbhRmGYRiGOTdhBzDDMAxz3tH0I2x49YB6v2xBAaLtK+jmxtTFv27uzXT0r/4FSLf2AHTUwqX3QggsWLBAicFCtOrpkphJEcv1el25W23bBtCqB2bbNpIkge/7StT0PE/Vx6U6va7rQgiBMAwxNTUFIQSq1SomJyfR39+PFStWIJ/PI5/Pw3Vd1b/BwUEEQYCenh4kSYLR0VEUCoWO6GtqFwAymQx834fjOPA8D1Y78pD2m+Kra7UaxsbGUK/XlbvYcRy1reuvvx4LFy7EyMgICoUC4jhGJpOBZVnYv38/XNdFJpNR+0I1fil+mmoQFwoFZDIZ5e6NogjHjh1TMdhp8Z6OGYnUNK3bl1zdXOM0Xa/13C3imdongZhq/urt0E0Bujisi9HLFhTUss9vGUIUJ7BMvo+PYRiGYYQQQCJRq9Xw4AMPqmus2a0MIJEQhsAVb7gCn/j4J/D06jU4dOjQiQUZob9s/e2fmqjgu9/9Li5feYW6pnu9EQJ4as3qjvdnZkOpl4nE6h/9GDfd9DP4T3fe+bo6Z08X005GYMer2/Gtb96LSy+9FIVC8XXrg4oMNgRuuPFGvOHKK09JVI/jGM8//zz+0+HDuKxQOPkKwAzjdtP3sXnTJjTq9Tk74plOyFErpcTE2Dj+8q6vYdf2HRD6Dcrn8uGVEj/ZsA5/ddddaNTq7f6eyx1mGIZhGIbgbw4ZhmGY8461W/chjltC2htX9MNA0tWNka6plH6m6OD0PKKbCxiAinwmR7BeL7anpwfFYhFCCCXwkjhM9WqDIEAQBDBNs+MLRBIaHceBEKLjWd8/qrtbq9VQq9UwMjICwzDQ29ur6vBWq1U0Gg3Yto3BwcEOd7JlWYiiCJlMBhMTE6jX6/B9X8VFA0CtVlNxzuToJaHW8zzlRhZCKMduFEXKUdxsNrFw4UIsXrwYrutiaGgIhmFg165dWLNmDTZt2oQHH3wQDz/8MPbt24ctW7Z0nBcA8H0fcRyr+GgAKBQKME1TnY+RkRF1nGnd2cSpHc85lI4M11+nbxzQv4A+UR0vusmAxovuHleisZBY3N/6AjKOE6zbuv+4fWcYhmGYCwFy7qL993jHjh3YuXPn3NsRQCIlbrjpJiwYWIDrr79e/Q2e1fraTYFPPPEEDh06NOc+nC4k2lHK7YOj3r8O+L6PRx5+GMPDw+ewm/FEtI+WlECS4KnVa/DUU2sQhsFZ6UmxVMQtt74DtuvMbcWWnRRDQ0N4afPcXczkRh09NoqXX3p5Tusyx0dKiWa9gXvvvRfPPffsWU0KmC30mWVsbBR//dd/hampKTW+GIZhGIb56YAdwAzDMMx5hx7//KHbVilhTXdoAtM1bXUhrptzk+rr6sumvxg83msSHV3XRRAESiSdnJxELpdDEATIZDIIggBRFKn6r1SDNwxDFUXoui5M00Sz2VT747oums2mEoFJ+AyCQAmkPT09GBsbw44dOzA4OKj2yXEcVVOX6vguWbIEAwMDyOfzKqZa31fDMBAEgeo7uYJJlLVtG81mE5ZlKect1SImoXbFihUolUqtu+AnJjA8PIxdu3Zh//79mJqaQj6fh2maKrr6Rz/6EcIwRCaTQalUwh133IFms4kjR46gp6cHQgjloKV+NJtNFRe9Z88eXH755Ses0avHWMdxrJwr+vnuJubqYyp9w0Da/ZKOe07XF06PS4La+cjPrsKX7nsOAPD05j24+apl3YY/wzAMw1xQSLTMaM8//zyq1am5rQiouqk33ngjDMPEDTfeiEcffRRxFCFVDLMr+rXlkcMj2Lx5M5YsWUIFKV9XY5+6AhWp98dbrgun0l8BQMYJXn75ZWzc+CIWLlyoUmxO3oN0b862s1BCQmBsbAw/ePxx3HTjzejt6zsrPXnzm9+M5cuWY8eOHYCULbd5+/CcpOIxAr+Jtc89j/e+972w2udC6EVxT9SAAHbt2oUDBw6cYKFO5ioJvpaz/FMpPwqB3Xv24Fvf+iaiMIKQUOdyVsjUyzPxY9JlG3EU48dP/hjrXljXSksQYja/FtPNdXBGf8Jn2zmGYRiGuUBgBzDDMAxz3vGsJgDfvOqiGfV/SRBOC20AOoQ4cu/SOkmSqIdenzUdA0wioL4uCa167dggCNQ6ekxxuj6tZVloNpsIwxBJksBxHOUurdVqKqKZiOMYzWYTjUYDo6OjePrpp/Hoo49i48aNys1br9cxMTGBWq2Ger2OSqWCkZERvPzyy1i/fj2eeeYZjI2NwbIslMtl9PT0qO2EYajinKWUyGazSuTO5/PI5XKqZjGJorZtw7IsLFu2DLfccguklFizZg3WrFmD1atXY8uWLahUKli1ahVKpRLGxsYQhiFuuukmDAwMoFgstu9AH8N9992HWq2GY8eOIQxDJSzTdkgwtSwLlUpF9RXorL9L6LV803fj03vd7a3XCqb9o/Oou7/1B7XRzVnczRGcfk6SBO+8brk2xrkOMMMwDHNhI7QXTb+JHz7xOJJTrE152eVX4IrL3wBA4Nrr34xcvoi5qAj09z4MfDz79Br4fuOU+vFaMdD5JU/6/ZmA4mCFaSAKfDz/7LNoNmez/wmmJSIJ0X6cPQQAAxCGevfyps04ODz8uvZAoFXPGlLgoouW4pZ3vBOO7bamtTnuUWo3ING6dnzllS3YuXPH9HqzcG4KCYTNAC9t3oTJqcqp78w5wLkiFAsASRzjhbXPoTI+BkACRufnhHMKGogAqlNV/OvD323dgGAIJNq8cwmVfECcg31kGIZhmLMBC8AMwzDMeUWSSDz70rQAvHheFsC0yKbH6upxwABmCHYk8JHQmV5OFwt1F6feBkUhU+1eoFU71zAMeJ6nnLtpEZkii8lJSnV9Pc9DkiRKdKUoadom9WNqagqrV6/G008/jX379sHzPPT29mJgYABLlixBpVJBGIa48sorcd111yGbzSKOY5TLZVx77bVwXRcvvPAC1q5di8nJSVx33XW4+OKL4TgOXNftcLHS8SGntC6aUkS14zhYunQpbrnlFnz961/Ht7/9bdRqNVx11VWoVqtK6I7jGJVKBT09PcrB/J73vAdXX301li1bprb95JNPwvd9HD58WNX71R3LJN4HQaBqp+kiaxRFM4TXtKBP+xBFkXJn6/up1xKm9fXn6TGZdNxYoN9AoI8rvZ30F0JSSiztz6n3azayAMwwDMMwAgAksHHjJrz6yra5r9wuvXnnnXciX8hDAli2fBmuvvYaCGPudTmllHj26Wdw9MiRtmPz3ESc4HGq0DXNzh07MDk5eZKFp4VOQwpAGq95+2eC0dFRDO0fOmvbz2azeOdt78TCRYuAUxiPB/bvx9rnn1fJQqrW7AnbkTg2egwvvfwSgvZnl9lwojF1OsfZXLd1rtBoNLBp8yZ1LuaMtkNzPdazPk76AWtbgA8fPoRd7QSpU+3yuXpOGIZhGOZCgAVghmEY5rxi885DqDVabtrLLuqFgU7hVnf1kiiXdlymX+vuT2Ba0COBUxcTdVGQREkhBCzLUqLt9ddfDyklHMdBrVYD0BKKSbCk5R3Hged5qp4v1efN5XIdrlISWOM4xsaNG/Hoo4/i0UcfRbVahWVZyOfzWLBgAZYtW4b3vOc9yg3rui5GRkawadMmNBoNJXy+5z3vwUc+8hHcdNNNsCwLP/jBD/CNb3wDfX19mD9/PnK5HDzP6xBZhRBoNBpoNpvKEUtfcFAt41wuh3vuuQfDw8O46KKLcOutt+KWW25BNpuFEAK5XA7btm1T8c90znp7e7FkyRKsXLlSRVXTthcvXoxyuQzTNBGGIfL5fIeAats2tm3bhjAMZwjmdK500T6OY3V8VP3d9rZ0Ub+bg1gfJ2kROV0vuptonB6X+jTTNGEawOVLWhGE1bqPLYOHu/0IMAzDMMwFAf29DIMQDz7wAOI5un9p/d7eebj1nbfCtFoVsmzbxkc+/GF4Ga+1zBx8hALA0aNH8dhjjyOK4o7rzNeT413f6vPSy3SbfiqMj4+jOlU9cf8AQBqA0D2/037l412b69fbpmme8NGtxMZciaIIhw8dPuX1XysCAldeuQrXXnstMEenKF2bP/vs8xg9eqx9s8TJ9yGREnt278Gr27a1bpDost1u42UuY+e1jLU5rSPPHcFxYmICu3fvbt1Ycoqo30dnaKe6hbEfOnQYtWrt1Ns8Db9T5rjF12k7DMMwDPPTAdcAZhiGYc4rNu08qF6//x1v6IjrBWZGPMdxrEQ+HRLgdCFOj5LWRTrLsjrcwCQ00zbo2fd92LaNa6+9Fg8++CCiKIJpmirOmSKWSTClfsdxrFzEenw0icy2bcN1XbiuixtuuAGrVq3C3r17UalUcODAASVY9/f3Y2BgACtXrkS1WlXOYtu24TgOxsbGsHDhQriui1KphMsvvxyZTAbr1q1DpVLB448/jmuuuUbtM4molmUhDENIKZVTttlsdgjNPT09ME0TmUwGCxYswJve9CaUy2VYloUrrrgCL7zwAsbHx9HX1wfHcZSwffvtt0MIgWKxiE2bNiGfzyNJEiVol0olJUZLKVEsFmHbNiYnJ1EqlVCpVLB3717Yto1GowGr/eWu7sYll7V+/Ok1La+PITrfumObxGNaLu3gTc9Lx0HTa72Osz6eqF/vfetK/Nm3n1NjfdUlA6fyY8IwDMMwP/0IAQGJkcOHseGFdZDJqQkjK99wBRYsaP89ba//1re9DYsvWoKdO7YjAWAed+2ZJEmCf/vXf8MHP/hL6OntfZ2rALdIl5VI6Lqifc0jDAPCsDqudVsLxoii8JTEGmqr0Wig3jhxBLQQAjAEHNeDl8m0tE0hAGHCsizMnz8fl1xyCS6++GIsW7YMixcvxvz581HuKaOQL5ykvnCrrTAIsG79enzpi1/AK1tenvP+AK1zOT4+/rqLv+r8QcLLeHj7O27B449/X90gOdv1AeDll17C4OAgBhYOtNtsL5Nah/YxiiJs3boVR44cbdV2ljNL5ujbIcFdCIEExnGX7dxWgijw5yQMTl9fG7AsG4Z18q8zbS8DIc6+70VKifHxcRw9chRSAsYpxD5LKSEN0R77xhn4vSLhuB6EYSrhPJEJjh07iiAMT6nFREoIo3UTdH9/P1zXPb1d1li+vFUqR8o53yvBMAzDMOc1LAAzDMMw5xW79h9Tr6+9dKDjiy36gkGPL9ZjoGkZchV0cx3oYrD+BQeJyVTnV18PQIew94Y3vAGLFy/GsWPHIKVEs9kEAOWYlVIqVy21R2Kt3pbez3w+r7bpui48z8PQ0BCSJMHo6CiCIMDBgwfx6quv4u1vfzs2btzYUXd4YmICtm3jzjvvhGEYqFQq2LZtG3p6evDud78bCxYsQE9PD6Iogud5ylEbRRHCMFSiaBiGiONYRViHYQjHcVAulyGlxNvf/nZ4nodjx45h3759GBkZwTve8Q6MjY3h1VdfxeTkpPpS79Zbb0Vvby8GBwexZcsWCCGQzWaxaNEi9Pb2wvM8FItFWJYF0zRRr9dRKpWUm7jRaMAwDHzoQx9SArUuzJJDm44pjY0wDJUAT8ItzSPhl45bOi5cH0f6vHScsw4JwuRMpmn6uKNtX3XJ/K5jnWEYhmEuPCSkBDa++CLGxkbbU+aoAQvgLTe8BZZtUZMAAMd18KY3vwk7dmw/lW5haN8+7NyxE2+54YazYkHUrzQs28bS5ctw+eWXY/ny5Vi4cCF6entRLJTgOC4MY/q6pTo5ibVrn8eDDzyASmVu9V/1a94oOrFgJAEsXrwYf3HXXyCOYli2Bddz4LoestmcugEPgDp+unCZ4GRIWK6Nm996M/44+8f4/U9/Gnv2zL18hgTUtW36ZtHXDQFcddVVuHLVKmxYv37OMbqVygTWr1uHm2++eVbu0+pUFRs3bsSJnJR0rWvbNubPn4+LLroIy5evwMWXXoY3vPEN6OvrO6EQXJmYwJ//2Zexbt26OdXAbd3sWcCvf+w3cfvP/uxJlzctCwP/P3tvHh3Hdd97fqp6qd7RaOyACO47KZEUN3GRZFlKvMn0EsuxX05kRznP5ySW45e8LJPk2U4cHzvJixN7MnHkOTORHdsa2ZEVyZZkirIoK9TCRdw3cCeAxg50o/e95o/ue1ENgRQapCQKuh+dVje7b1XdulUAqut7v99fa2vV98C3AzGRIJvLzvjXQWNzE5/+b/+NtWvX4nJ5rn/tYNNEt2ksWLhw4q1SiXg8UfXdthZsNhu/cd8nefDBz9PS0lIR46+/QmuaZlWNbIVCoVAoFBMoAVihUCgUs4pzvROiWEdTWRS1zi6fXPN3KjFuskvYKg5OFZdndXZatyO2JRyiQjD1eDwsWLCAgYEBisUibrebXC5HJpORM+iFmChctCIS2hprVygUyGaz+P1+2R+breycsNvtNDY2StercAoPDw9z7Ngx3v/+9/Pkk0+SSCRkTeHf+q3folAo8PLLLzM2NkZHRwdr1qyhs7OTcDhMIpGQ+yxcv6VSCafTKcdKuIOz2Swej0eK2z6fr6pO75IlS1i8eDGBQIBcLscHPvAB7rnnHg4fPkwikaClpYXGxkZ+/vOfk0gkKBaLhEIhGYut6zqhUEjWUxaiuMvlwjAM0uk0hmGwY8cOlixZQiqVktHRwokt+imEdBHtXCgUZKT25AkEVhe2GHMrwjV8tZtMk1054vXk83Gq9zpb6uTrc72jV9yGQqFQKBSzHrP8t/LpZ54ik82Ur71qXIXN5mTb1u0Tf9tNDSF8bd68hcd+/JPyhLnprljT0DTIpFO8uvcV1q2/FZvdjv4WqcDiOs3j97P5ti18ZMcOtm7bRiAQeEPBSCy77fY7sDsMHnroIShNP1a7arJb6epqjAY4nU465861dMD6aVXHELWar9DiqixZspRb1qyju7uHYqEwrYXlhDwq12tvp7hkQltbO++58y5OHDtOOpPGxJz2OVUsFTlwcD+jkVEaGxqv3LCyz339fZw7e6YSxq1dcbzERM9wOEw4HObVV/dSXx/ir7/6VTZv3AS6fsVlR0dGcXt8oOkTsdRvsDvimthms9HS0sKiRYtnNLlC08BwufH6Aq/7LF8okEmn0Sh/d7uSW7pWzJJJNp2hmJ8oMzNdAbdkmvgDAf7s//hLPrzjw5b9ePN/p5hAIZ9HM82y49gsl6KeLm1tbfzBF75Ac3PzRAFgU7v2n6dJfZC1rV//kUKhUCgU73qUAKxQKBSKWcVZiysy5HdD5Qs8VLtwrcLaZNHW+rnVATqVIDdVjK/YllUsFNsVTtUFCxbw2muvSZFRiLper1cKu8LlK0RO4QqGshshn8/jcrkolUrkcjmcTicOh6Mqytjj8UiR2O1243a7icVixGIx7rnnHpLJJC0tLQA0NzeTTCYJBoN4vV65nbGxMTkOpVIJt9stxWpARlgL56xVSHU4HFIUFa9LpZJ87unpoa+vj1KpRGNjI5s2bSKXy5FOp4lGo4RCIVpbW7HZbMTjcQqFghRohSPa6XRKh6+u6zQ3NxOPx2lsbOQTn/gEw8PDZDIZWU+5sbFRxme7XC5cLpe86ZlMJmlqaiKbzcrzwTAMGdc9WfC3ivswMWFgssg72WU++aaN1WFuXX6yi7jeOxF5eFY5gBUKhULxLqfr9GlefXUv5bDcsmBTS+DrrbfeysJFC6f8bO3atTQ2N9Pf21tzv0qmyXPPPstv/uanaKpcZ71VaJrGJ+67jz/5kz+Vk/SmKxZpmoama2zdtpWf/OQnjI0MvZldnbRx8eL6qq02mx2P14umv/1RwDPB1MDpdPDe976XZ55+iuMiznq6Spdpcu7cOfbv28evv+/9Vz0XSqUSx44eZWRkuOZ+6rrG8hUruGXNGswZTMZ4sxHX4P5AgP/1lS/z5//rL1/X5qU9e/izP/kT4rHa3O/ToVx2ZiJFaLpoQOfcTu56711vvZPZFHWHa0fTNObPm09DY2M5mUEI6leeU6BQKBQKheJN4J15BaxQKBQKxRU4dWniRpXTzpRi7WThVwitU4lv1i/ok2u4WmOYBUIgtK7T6hwulUqEQiFZ19cwDOnYFVHG1v5a+y2il51OpxR7s9lsVVx1sViUQrMQfOvr63E6neRyOQqFAg0NDTQ1NZHJZHC73aTTaWKxGOfPn+f8+fOEw2FyuRwLFy6kpaVF1tgV7l3RL1GnV0Q2FwoFcrmcFKABuZxVIHW5XHLfyzP4F+F0Ojl16hSDg4NEo1E0TZMxz6J+r1i2oaEBwzCkwJ7JZKTz2DRNGhoacDgceDweHnroIZ588kkuXbrE2NgYzc3NuN1uhoeH8fv9FItFhoeHicViRCIRAOLxOMlkUu5PPB6vcoFPdnaLGr2T65hZhd7JQu5kYdj6b2t94MmTC9zGxNy9rsu135xTKBQKheKdjPUarlQq8R8/+Q9SycSM6mHa7Dbu++R9uN3uysorH1RW1dLayrZt22YW/WuanD1zhtcOHKBUuSZ6K9HQZDJLTeJv5eHz+qR4/GYz1fXT5LSd68E7UnQyqUTbasxbsIANGzeWj2sNq9CAyOgYe/a8RCKRANOccnkNSMTjHDl8hFQyOf0uVo6R4XKxYePGSuQyN9yAW6+pXS4XXq/3dQ/DcL2pzlpxKtdyTmuahs/nw+fzTZlo9ZZgmsxkYkYsESebzYIm9nlm65nohvm6h0KhUCgUiqujBGCFQqFQzBoGRuPkKtFarSFf+QZH5UaWVbiD6huI4tkq/sLEjbDJorBoK5ysVlFP1HIV7+fz+ar1CbdqU1MThmGQz+dJp9N4vV5cLhe5XI5SqURdXZ10tQrxsVgsYhgGuVxOun+tjl+xL8KB63a7aW9vZ968eXR2dtLY2EgymaSvr4/BwUHZf7vdjtvtJhqN4vV6Wb16NRs2bKCpqQlN06ocwEJkFXHKQvy11suNx+NVkdfC7SvaCndtJpMp3zAyDJYsWcL69euZO3cu7e3t2Gw2kskkhmGg6zrBYJD29nY6OztpaWkhFArJfbfb7dJFDdDY2IimaTQ0NEjH8MDAAL29vbjdbsLhMD6fj0uXLpFKpYjFYjIOOh6Ps3v3bnbv3k1PTw/ZbJZkMinHV+zLVC5fayS49VyZ3GayKGw9Pyav53WR5aUi9X4XAPFUltHx1HR/PBQKhUKhmBWILgiYBwAAIABJREFUv6kjwyO8/PLLmKWZCQFt7e1s2LgR3W6bUpLQNI3f/NSn8FRSUWpBQ6NYLPHEE0+QrEFMu15oWm0i05XW8VZyJUGn7BsszfihlW2Mb8UuXHekgK+Bzaaz9fbt1AXr3njBSZSKRV7bv5/enrKbfapxNk2TcDjMiePHyt89ahyypqYmtm7biqZrb2ti9pWwTnC4MjNzu17fPkzqkWlSrp37+snJbwX6VaK8r4ZpmpzpOsPzzz+HaRYp24lLM/5ZVGKvQqFQKBQzQ0VAKxQKhWLWYK2JumX1nNfF6gqmcmWKf0+O6LWKu+L1ldoJR+pUbaxu0ZGRETZv3szDDz+My+Vi+/btFItFxsbG6O7uJhqNkkqlcLlcMjpZuGiFS1i4Tu12u+y7cN0KYdThcOB2uzEMQ/ZfuFqj0SjFYpF8Pi/bNDc3U19fL4VlEcUshNVSqSQFbWuctnAgi4hnj8cj45/tdruMuRZR0SJ+2TCMKpG3sbERn89HsVikpaWlqgaviMUW2xKvreMvagzX1dVhs9m4fPkyzc3NFItFenp6OHnyJC6Xi/r6ehwOB3v37qWtrY36+noMw2BwcJD+/n6WL19OLBYjm83KPoiIbaBK9BfbF/s5GSEGW6OireeU1U1djoabiJi2nldWl/f2m+fy5EtdlXN+hIa6ztp/WK7A0aNHeeqppxgZGeEf/uEfqj7L5XI89NBDPPfcc4yPjzNnzhzuv/9+7r777qp2TzzxBI8++ih9fX2EQiE+8IEP8NnPfrbKQXXkyBG+853vcObMGQzDYMuWLTz44IMEg8Ga2gwODvLtb3+bAwcOkM/nWbVqFb//+7/P0qVLa+r3dNoUi0UeeeQRfv7znzM0NERjYyN33nknn/nMZ/B4PNc++AqFQqGoiZMnTxLu6UFUa61VHli9ejWhhobXvS9iSjFNVq1aydx58zh+7FjN/dNMk6NHjtLT3UNg1RvX4H03Y5omqVSKsdFRThw/zvFjx+kN9xKPxzFLpRkc3QmKRZMLFy9SyE+/nvGNhkk5CnrF8uXceut6dj37bM3r6O7u4djRoyxfsXzqbZRKnO06w+XLl2fkqF+2dBkLFiwUsw9qXv4t5Qbv3g2DRiX9SadE7TpwJp3iK1/6EpcvX+KOO+6YcDGbtXuRdE3D4XRit9txugz5/VWhUCgUCsXVUQKwQqFQKGYN1pqoaxe3AlSJaVeqmzTZqSlEv6lioUUbq0thct1XIeZNrjlss9koFovEYjFyuRyf//zn+fGPf4zP58Ptdsv6uaZpksvl5LrcbreMPxaxzyLSWcSYie04nc6JKDbDkF+MxTrEvs6bN0/W7BX763A4MAyDYrFIJpOR0cpW4VgIkWJcSqWSdOBaRXIxLkL0y2azMvpZiMb5fB5d18nn81XOYrG8EJEBWXtYLCPGM5vNymMonNdiv5PJJHa7nZ6eHux2O+3t7ezZs4eOjg4GBgbw+XwEAgEymQzHjx+noaGBFStWcPHiRRYvXozf7yefz+P1eunv76ehoQG/30+pVMLpdEo3sBgTcQ4IJ/RU55v1c0DWara6fsXryTWHxWPd0jYpAJ/tGWHTymsTgFOpFP/xH//B008/TW+lzuHq1atf1+7rX/86u3btAsp1ly9evMhXvvIVHA4Hd9xxBwBPPvkkf//3fy/bDA0N8fDDD5NMJvmDP/gDAM6fP88Xv/hFGWcej8fZuXMnly5d4rvf/S42m21abbLZLF/4whcIh8NygsTBgwd58MEH+fd//3dZ23o6/Z5Om6997Ws8W7nh6vV66evr40c/+hH9/f189atfvaZjoFAoFIqrIGJTK7GyplmWe3c9u5NsNl3VdCqBQoSO6mb1e5s3b6lM7tImtWZCBdZ0bt2wgRPHj8vJhNMRck1M0CAaGePA/r0sW75MXhMpIbjazTc8OMhPf/o4u59/njNnTpNMJKo+v9bxqnwLuGL08TsFzYT6UAPvufse9u3bz3g0UtPYFAo59u59lR0f2YHTVU6TKc9zmEgQOnLoIOlUCjCnJwKbZbe74XKxcfNmPN7yhDh1js8OdF0nUBcof7edwU+PpmmMR6N865v/yD9985sgp+vMtD82/H4/DU2NdHZ2smHTRnbs2EFzUzNompx3oM4/hUKhUCgmUBHQCoVCoZg1nO+dEICXzW2sEmkni2hXcvIWi0UpOk527k6O3bIKlda6v9Z/W28W5vN5UqkULS0tzJ07l/r6eurr62VMsdvtpq6ujpaWFrxeL06nUy4nXLLpdBqn04nNZsMwDOlOLRTKrgYR/+z1evF4PNjtdgzDwGazYbfbcblcuN1uXC4XhmHIGlgej0eKxMLpaxV2BaKvwsUrRFAoi7zWer9CzIaygJtKpapEX6t4Kly9uq5X9U2IyCJuWrihRd/Es3Dl6roux8XhcDA+Pk4kEqG3t5czZ86QSqU4cuQILpeLzs5OLly4QCqVkk7rVCpFIBAgFAqRSCRIJBJ0d3eTzWalc1rsq9jvfD4vx10gxmWyu3zy+WR1jItxE1hd62IdNpuNJXPqLef8KNdKOBzmu9/9Lr29vbgqNwSnaiME0n/8x3/kueee4yMf+QgADz/8sGz3ve99D4D777+f559/ni996UsA/PSnP5Vj96Mf/Yh8Ps+6devYuXMnjzzyCC6Xi66uLl555ZVpt9m1axfhcJhgMMhjjz3G008/zeLFi0mlUjz66KPT7vd02pw7d06Kv3/3d3/Hzp07+cM//EMAdu/eXa6pp1AoFIo3HRPQNJPBwQFeeGF3+e9sRRieftlRDa/Xx+bbbiv/DRbLTbEeTdPZtPk2nDN0mhUKeX753HMk1d+JKjTK10ov7dnDZ+//DN/83/+bgwcOkIiVx2kmUblX25aGWY60fofqQhoT14Hbtm1jsSXp5I0X1irimMnx48e5cPHilN9notEox48fR06CqGGs5szpZN2t6+V3qBse7QoPRRWaptHQ2IjD6ZjxGMnkLbRrHuZSqUg0GuH82bPs/uUv+buvf50PvP/9PPro/zdF1L46oAqFQqFQgBKAFQqFQjGLGBiNy9ehSp1UIWCKeN7JzkwhyAmXq91ul+9ZPxNinFXQEw5fq9AnPhPLWQVVIQyL99xuN1AWE4eGhqQAahhGOd7K6cTtdmO322XUs1i+UChgs9lwOp0UCgUpQE6OFRbLGoYhRWWn04mu6/j9fim2CtE0kUiQTqflekRssxgD4eBNpVKyv1AWQYvFYpU4LPohnMKivrHV3SzczLquy/rIYpydTicOhwOXyyUfXq8Xu90uI8SEa9kqltpsNtxuN7qu43A4CIVC6LrO0NAQ58+fp7GxkVKpxNNPP82+ffvYuXMnFy9eJJfLcfToUY4fP86RI0d48cUXuXjxohTl7XY7IyMjdHd3Mz4+LvdVxFHncjkpRAu3t7VusBg7MSZWxPhaj5/1fLIu01Q3UYvQes7PFK/XywMPPMAPfvADPvWpT03Z5vDhwwC0t7ezYcMGdF3nwx/+MABnz54lkUjI2tIAO3bsAOCee+6Rsd7lm4oT6/rgBz+Iw+Fgzpw5rF+/HoCDBw/W3Gbbtm00NTXh8Xh43/veB8ChQ4em3e/ptLl48SItLS3cfPPNbNmyBYDbb79djs/w8HCNo65QKBSKmaABmPDzn/2MkZGRN2r++oW1sjv39jvvpL29/Q0XMU2TNWvW0N7RXpMYaW175MgRTp44iVlSubPCjl0oFPjhv3+fP/7j/8mZs13lGqHaW193+J1Ic3MzW7dsqUrfmRYmDPT388rLr5CvXIvDRLmb8+fPEw6Ha+6PbrNxy9q1LFy4QNVpnYV0tHdQF6i97vRbggnjkQhf+dKX+Z9/+If094Utv0PUuahQKBQKBSgBWKFQKBSziER64maG25hwr1pjmAVCuLU6f+12u3TSWuOfJ4u81uhn0zSlaAxIJ6eIVRbrEqKgVdDcvXs3dXV1RCIRLl68yNDQEDabDV3XmT9/Pn6/H8Mw8Pl80tHqdDrltoQAKYReIWBb6yFZawaLvggXsBCTrSK5YRhSkBVjJxAidjable5fq8gtxksI00LE1jRNRiZbBeJcLldVw9hut+PxeGR7sc9CDAaqIqdF3d10Oi3HxBpnXV9fTzQaxePx0NDQQEOlzt/Ro0c5evQo6XRaHu8TJ06wZ88eurq6OHHiBAcOHGDRokVS1NU0jUgkgmmaDA4Oous6/f39ZDIZ7HY7iURCOpFLpZKMdhbnw+TzR4jiVuFX9N8aEW0938QxcRsTFTys5/xMaW9v57Of/Szz5s27YpvR0bLTuLGxUb7XYKmbODIyIttY22maRigUAiZEUnHDfqp1ic+m0+ZqfRLbqqXfV2tzzz338Nhjj/Ev//Iv8v3Tp08D4HK5piUiKBQKhWKGWJy5mBAbj7HzF7/ArEzuqwXTNHEaBr/xiU/grEx+u+JmKxP6GhsbuPuee7BVrj9kpvQb6Ati+XQqzZNPPkmuUrbiXUtlvAr5PI//9Kf887e/zejQkHS3vpMdum8VwgW8ZcuWqmuV6WGSTqXY+8orRCKRqk9yuRzHjh5lfHy8Nue1Bl6fl23bt+P2eGrsj+KdQHNLM0uXLbthxP3JyVwaGsV8gV27nuVzn/vv9IXDN0xfFQqFQqG4EVACsEKhUChmDYnUxI01p33iT9zkqGFrXWCBjKeqPAvBWIh3drtdinIillkImkIgFMKfcPoKisWiFFUBGRM9PDyM2+3m0qVLNDU10d7ejtvtxul0EolEcLvdeL1eKbK6XC7pnhXiq/gsk8lIITaXy8kINuEUtgrUIsbZ2n/hThWuWbG8w+GQQqtw8FoFVyHmplIpMpmMXMbr9cq4Zr/fL53IqVSKYrGIy+WSsctiGSHGAtKVbK0PbI1RFn21ivvCPexwOLDZbDQ0NDB37lxKpRJ9fX3EYjEZQy2czr29vfT09DA+Pk44HGZwcJBYLEY0GuXy5cs4nU5OnjzJ3r17CQQCQFkwHR8fJ5lMkkqlqmo+Z7NZstksyWRSjqn1nBJCuagDKJ7Fa7FP4vhaJymIZ7tt4qac9Zx/MxFjaz2vrX0XMdiCqdqJz4Ub33pzUbSxnt9v1Easb6o24rNa+n21NpNJJpP88z//MwAf/ehHqyZdKBQKheLN5cyZLi6cO1+TVmhtO2/BfFauWjltkcs04SMf/Sh19cEZmco0Dfa+8gq9vb1o0xCOZy8mmCZHDh/muw99l/Hx8be7Q+9YFi5axO233/668iFXQ+jrx48f59zZc1WfjY6O8tprr5HL1XZdaQJzOju5Zc0tKkZ5luL1ernvvk/cmNe6cjKOiW5qdJ0+zZe//CUymZQSgRUKhUKhqKAEYIVCoVDMGpKZCTek3aa/zkU5Of5ZiDxWgW5ylLNYh7XGrNX1KoRQ0U64gYWAJRydIgZaCIPDw8PU1dUxODhIqVRi6dKl2Gw2WWu2ubmZlpYWoOwwFA5dIR5aty8EX9M0SafTaJoma9Raa8xa3c6ArCss3LROp1PGKjudTlwulxQ3hdAZjUbJZDJSDLbZbDJ+WojUPp+Puro6QqGQvFng8XhkdLUYC+u4Wd3WItZa0zRZk9baL+txyefzVWKdEHhFHeTt27eTzWYZHR0lEolUxXELcTWXy5FKpUgmk2QyGeLxON3d3Vy6dImzZ8/i8XhobGwkFovR1NRUdvOk05w6dYpYLAZAIBAgmUxit9tlneNsNivjtK1x4kCVgC6erbHQ1gkIVuewrusYzuvrAFbURrFY5Etf+hK9vb3Mnz+f3/md33m7u6RQKBTvCsp/D01efPFFEonktHVUzaQivJqAxtq1a/H7/NPerqbB3M5Oli1dhjkD9dY0YWhokKNHjlAyZ7KGdzby+tosX6d9//vfp7e7e1ou6uoVMW339WwnEAjw3nvumUgvme54mCbj0Qj79+2TEypN06S7u5sTx08wbc1MiG6axrpbb6XBkqKimF3ous7WrVu54847sSr8k38c39YfSfFdvljihed38/C//RvmpHI7CoVCoVC8W1ECsEKhUChmDYnUhBjmdNiuWPcXJgRHgRB1gdfVvbU6gYWgm8/npWAp3K/CCZvL5YjH46TTaWDCZRiPx3E4HFJk9Hg8DAwMcOutt9LU1ERbWxvBYJCWlhaCwaAUZb1eb1VMsHDtCley1QUrIqKF+1a4jXVdl6ItUHXTR5DL5apEcbGufD6Pw+EgHo9TKBTw+XzS4SvG2GazYRiGHJ9cLifHVIjiDocDn88nhdbJ0dwi2ln0y7rPYgzT6bSMoM7lclWxy4B0FAsxfXR0FNM0SSaTZLNZ8vm8dCoLsV3EXsdiMTlmmUxGtn/ppZcYGxtjYGBAisiGYdDW1sb+/fs5d+4c3d3dnD9/nr6+PoaGhkgmk+RyORkNLQRe4abO5/NVYy+2a40Pt46Pta60421wAItxLVriNq2vRb3mqT4Tr0WMtzjHrrXN1fo0nTaT+321Nla+8Y1vsHfvXoLBIN/4xjdkLW+FQqFQvHmU/x5CLDbOzl88Q8msLf7ZrIi/AFu3bMPpcKBN165oajjsBhs2bEK32964/etXQC6bZfcLz5NKp961LkkTePmll9i/fy+FYn7GjtF36fBVoek6GzffxtLlK964beWBpoGukc/neO21fYwMDQDlCaanTpxgZGS4hhrM5WvYUEMjGzduwnA4ocS7XpifbYjvH26Plwd+97/T0tKKaWrTnyjwZqNVP8rfKU1+/OiP6Z1BPWuFQqFQKGYjSgBWKBQKxayhygGsV4tm4mGN1rU+i2hkIc6J11YBzxqDHI1GGR8fl8JkMpkEJmrZ2mw2EokE8XhciqHCyQsT9YPz+TydnZ2EQiHa29tZv349a9euZXh4mGQyWSVQZbPZKsetdR+ECGoVGK2it4isFpHN4jMREW2aJoZhyL7DhAhWKBSkcCpqEgcCgSph3eFwyP6Mjo4yOjpKLBaTIrBwB5umic/nIx6PV9UZFnWMxf6I/dR1nXw+L13Bok/iGIkavWLfRES1z+fD5/NJ4VnEM+u6jsfjke7c5uZmGZ8tRH6Px0OpVKK3t5eTJ0/S19fHCy+8wMDAAJcuXSKZTHLy5El27dpFLpfj8uXLDA0Nkc1mOXXqFOFwmHA4TDKZxO12k0gkKJVKxGIx0uk0yWRSRkhnMhl5borIaDH+QtS2CvWlUgmHbeLy7a1yAIs6c9Y6v9bX1hrLMFGn1zRNxsbGgIkau+J5qnXV0uZqfZpOm8n9vlobwXe+8x2eeeYZPB4P3/zmN+no6EChUCgUby7WCVP/9eKLXLx0CbM0MYHsDZfHBA1KZonW1jbWrVsn35v28rrG5s2bcbs9mFbRYbr7gMmrr77CpYuX3rXOtGwmw0svv8zY6NjMVlAZc3k2TGVBvNJjFhIMBtm+fXv5urFGVfzc2XO89tpBzJJJJpPh0KFDlIqFGmJzNdA0Fi9dwpo1a9B0TSnzsxhN17hlzS388Z/+KXV1dWiaRXc1LSkLbxMm5fkHABoag/0D7Nu77+3rkEKhUCgUNxBKAFYoFArFrMHqANa1iXhhIVQWi8XXuU6huu6ocPUKsdf6LMRHUZ/X5/MBZZehYRhEo1GGhoYYHx+XNWaLxSLxeJxIJEI8HufChQt0dXVJN+3ChQtxuVy43W5sNhuDg4P86le/4uLFi1KwFDHIQkgU7mNrlDKURVERBy2EUCH8WmOuhdCZy+XkvgoR2BqvLMZFxCQnEgmg7NS1PgvRVoyzYRgyElrXdRlXXSgUMAyDQCBAXV2ddAGL+Gqrk3Jyn1KplBRHxTEUDmAhYgNyW06nk7q6Otra2ujo6JAis9jvYrEojxlANBqV8dGxWAyXy4XX65VjZJqmPB579+5lbGyMuXPn0tTURCaTYeHChWiaxtjYGL29vWQyGTluhmFIgV2I/mL9Yh/F2AlnsNXVPLkutfV+dyL91jiA165dC0BfXx8HDhwA4Oc//zkAixYtwufz0d7eLmPLn3zySQB2795NIpHAZrOxatWqqnU9/fTT5PN5+vr6eO2116o+q6XNyy+/zMjICNlsll27dk3Z5mr9nk4bgJ/85Cf88Ic/xOFw8I1vfIMlS5Zc67AqFAqFogbS6QyPPfaYFH9rrfGoaTofvPdDhBobYPpWx/LfXjSWLl/GkqVLqiYX1kJ0LMrOZ56hMCkF5N1CLBajq+t01XVpLciSGJX/pr0c5oyO1zuBDZs2Mmfe3HK0eA37NzY2yquvvkIimaC/r49z587WtmENDJeLjRs30tTcXGOvFe9EdF3ngx/8IF/6ylcIhkITE6wrtb1vJPL5PC/913+93d1QKBQKheKGwP7GTRQKhUKheGdgdQCbmJiV+GbheJ1cg7Vk+VzEN3u9Xux2uxQXRVyw2+2uqqsr3JqapkmxVzhl6+rqiEajuN1u/H4/g4ODRKNRKeRevHgRu91OOp1mwYIFcl3j4+OcPn2aWCyG2+3GbrcTCASw2Wyy9q4QCIXgaXWPCtE1m83icrmqIpRN05T75XA4yOfz2O12GdtsXZ9Yzm63k81mKRaLjIyMSGeucApDWZQ2DEM6pa2CshhD0QfxWjiCs9msjLG21lgWrl0hdFux1lcWoq7Yloi6zmazuN1u3G43TqeTYDAoxyedTsvax0JoFcsUi0X8fr/st6jX7HK58Pv9sq5wJBJB0zT6+/sZHh7G4/Hw+OOPs3jxYjZv3sy+ffs4deqUjNEWtZCDwSCRSIRQKCTFeXHsxBiIuGFrHLa4STpxs3TiJot10sObSXt7O7/2a7/Gs88+yxe/+EXcbreMOP/sZz8r233mM5/hb//2b/ne977HT37yE1KpFAAf+chHCAaDAHz605/ml7/8JQcPHuR973ufPM6LFy9my5Yt025z99138/3vf59wOMzHP/5xeR54PB7uu+++afd7Om0uXbrEt771LaD8M/LlL3+5anw+9KEP8bnPfe46j7pCoVAorAz2D3Dy5KnKLPbaBURfwM8HP/gh7DZ7TQKkuI7xer18eMcOjh87Rj47s7+/L+zezac+/WnaOtpntPw7mUgkwuDgUM2HznodqenlOFq73Y5m6tNalWmWSKdTcmLjbEBcH86fP5877ryTnp4eSrlC1XXj1SiVihzYv4/+cJhTJ08zODBQ02ExTZNQQ4jNt20uTxzVph2orninomnodhsf+vC9LF26lL/5m7/h0KFDZNPpcioC5tt/DpiVxAY0jh479nb3RqFQKBSKGwIlACsUCoVi1jCeyEz8o+K0FI5R8RqQImO5mVlVSzeRSBAIBKRjWIiHNpuNQqFAJBKhvr6eeDwuhc5sNlv+ApzNEggEmDt3Lm63m56eHvbs2UNnZyfnz59nfHyc7u5u/H4/oVAIKDtWFyxYQCqVIplMYhiGFKHr6upobm4mFovJtqOjo7L+roguFm5RIcS63W5KpRJer1f2XQjg1ghpQArB4llESwvnsIigjkajVe5gEaWcz+cZHx+XAqvP55M1f4XDI5vNEovFpOArBOZMJiPHXoyv6GexWKyKqhZjLQR48Wx1PYvtJRIJ/H4/fr8fXddlFLQQy4UrV2xfiMClUolIJILH48EwDDkxIJFISHf34cOHAYjH4/h8PqLRqKyPPDw8TCaToa2tjccee4xAIADAoUOHuPvuu0kmkyQSCRwOB16vt6qutDgmQgi3jvVkEdjq8HirHMAAf/Znf0Z9fT27du1ifHycefPm8du//dvccccdss29995LqVTi0UcfJRwO09TUxPve9z5+93d/V7ZZsGAB//RP/8R3vvMdzpw5g8fj4bbbbuPBBx+UP6PTaWMYBt/+9rf59re/zf79+ykUCqxZs4bPf/7ztLa21tTvN2ojIt4B+XvAivVzhUKhUFxfKtoC+/btYzwaqTnSV/ztXLxkMfPmzyvH1c5geYC77rqL//u73yXc01u72GGa9Pb0cOrkSdra22pyIc8GItEI6XRqxss3NTfzmd/5LOvWrSunzTC9esz5XJZ/+3//H3bt2kWhUJjx9m9EPB4Pd99zD7/c9Ry93d3TPydNjXBvmJdfeZnLly6RSMSBiTrZb4gGK1asYP78+e+68/jdjqZpLFm+lP/rX7/DkcOH2bXzWX753HMMDQ3W5Myf1rZmsowJpgbjk67VFQqFQqF4t6IEYIVCoVDMGmy6RqE44XgVdWMnonO1KpFNiIhCFBR1aIUwKByzxWKRCxcukM1mCYfDNDQ0oOs6zc3NJBIJHnnkETZs2ICmacTjcQ4fPszQ0BCjo6M0NTUxPDxMLBaTMcrd3d04nU7mzZvHwoUL8Xq9RKNRisWijAb2+/20trbi8/mkY0EIoYVCQTpZhUgqRESn0ynXk81m0TQNh8Mhaxc7HA4pJop9h4maxOLGmIhmFm5YUY83l8uRTqelQ3ZsbIxUKlUlBosI6kKhIMXldDrN8PAwwWAQm81WVf+2UChI5ysgY5rtdrs8fmK/rYKpqAEsRG3RJp/PSyHd5/MxMjJS5fw2DANAng/CzZzP56ULXEQ45/N5xsbGqKuro1QqkUgkyOfzrF+/nlOnTpFKpeRxEPvT1tZGQ0MDx44do7GxEbvdztmzZ+no6GBsbIx0Ok17e7sUgq1R19ba0OJ4iRrQ1uMluN6Jaw888AAPPPDAlJ85nU4efPBBHnzwwauuY8eOHezYseOqbW655Rb+9V//9ZrbtLS08LWvfe2qbabT7zdqs3LlSvbs2XPV7SgUCoXizaOQz/Lkf/6UYr5Qe3ywCRo6G27dWFVuohbENpuaWrh51c0M9ISnLXbI/mqQTCXY89Ietty+HZfL4F3hm9QAEzLpNIVcdkZ7bHc4+L3Pf55P/uan5HXbdMmkM9Q3NKFpek0a541M+ZzS0DSdW25ewy2rbyF8uaemfcukM/zsP58oJxwVS6BNr0KcCRguNxuhxfCDAAAgAElEQVQ23UYgEIRpuo4V72wmH+OA38/27dvZtm0bX/6rr9Dd3U3X6S6GhofIpDNXWEttZLMZHvnRDxgeHJqyD7JvlUf5hQamSTIZvy59UCgUCoXinY4SgBUKhUIxa/B5DKLxcnSrrtswzVKV+9da31eImPF4HKfTicfjIZFIkMvlpEPU4XDQ29tLQ0MDLpeLffv20dfXx/r166VIF41GCYVC6LpOZ2cnP/zhD6UoODIyImv5BoNB4vE4mUyGXC5HJpOht7eXrVu3ynq1sViMfD6Pz+cjFArR0dFBqVRiaGioSlQVwqpwxYpIZBElLMRfwzCqnLjC3Stin8X7wo1rGIYUvEVMsxDFRb3cUqlEKpViaGiIhx9+mMHBQTRNo729nQceeIBMJkMymSSVSkkR3eFw8Pjjj9PV1UVHRwf33nuvFE3Fuq0CrXC/CgFbCPaAFLJF7eNisUg2m5XCtqhTLARbm81GOp2WIrIYk2w2i81mw+12SxEZyiJ7MpmUcdF2u51gMEh9fT2JREI6eM+dO8fAwABerxfDMKivr+fcuXPEYjFuuukm5s2bx8mTJ2lsbOTo0aM4nU4CgQAnT56U4rQQt4VQLQRva5S4cJZab3bq+oTjxeeZEM4VCoVCoZitHD50iMOHD0874raKijJw+x13YKtRPJyMzWZj85bNPLfrWYozcJOapsnu55/nt++/n3nz588KMXK6FPIFisXSGzecgnlz57Jp40Z5vaaYwO12c+dd7+G553aRy04/GaZUKnHixIkZbXPe3Hls2ripZjFeMbsQ3890XWf+/PnMmzdPfnY9JgXE4zF2/uJphgYGa17fbHP7KxQKhUIxU9TVmkKhUChmDV6XUwrAJXOiBrBwUlrji10uF7lcjvr6ekZGRkgmk+TzeSkMFgoFspWbKMlkklgsRl9fH6tWrWJ8fJxEIsGcOXPo6+tj5cqVvPzyy1y+fJlEIiGXE67ZYrFILBbD6XTKurCpVIrx8XEymYwUgKPRKMFgEL/fT2NjI4C80eV2u6XoKRyh4nNrvVhrTVmxfWuUsohKdjgcUjwWgq9pmrhcLimWAjIquaOjg0uXLhGJRMhmswwODsrauD6fD5fLxY9//GPuuusuWes1l8sxMDDA7t27GRgYoLGxkc7OToaHh0mn03R2dkpx3m63V9UpFn0TArCmaVKcFgKwEIOFQ1ocN5vNxvj4OG63m2QyWeWaLZVKMobaWuNZRESLuGxRA1b0Y2RkRNYZdjgcDA0Nkcvl8Hq9jIyMMDo6Kh3YL7/8MmvXrsXj8RAOhwmFQpw9e1Y6mOPxOI8//jgrV65k3rx5UlwXYjRAOp3G4/HIyQoOhwOXy1W++WG5/+FzG9flZ0ehUCgUihsRcV3zn088IVNJalm2jMbiJYtYtny55UP50fTWJZprGhs3biJQV8fY6Ght+q1ZfvSFw7z44ovMmdOJzW6T653ViBzvGUbE+nw+nIbrqm2s13viuvdGH1fhIrfWOZ7mgmUq7uo1a9aybNkyjhw5jMYb77v4TJTEme52xXeJW9asYcHCBa8rTfJWYZomJuasd9C/PvmnxvOkhm1MPpZX+rd129Y2V+rrtfVtYjvTX+bG/7lXKBQKheKtRAnACoVCoZg1WN2Qpol0yQIyUlgIiXa7XYqehmGQz+eJRCJEIhEaGxul67ShoYH9+/dz4MABGffc2dnJ1q1b+dnPfsbHPvYxHnvsMYaGhmQEcF1dHWNjY9KRKkTHWCyGzWaT2xdCsmma0mkbCoUIBoPous7IyIh0nwqnrXC06rou6+sCpFIpGWvodDqr4qCz2Swul+t1dX6F0CrqGIvPhODqdDrJ5XK43W6am5sJBoMcOnSIhoYGAJYsWUI+nycYDEpHa09Pj3Tc5vN5zp07R2trKy0tLdKNfP78eXK5HIsWLZLHK5/P43A4ZHQ3IEVs4ZQV+ywE4EwmU7VcJpMhHo/jcrlkPV8hCgMyjjoWi+Hz+XA4HOXYu4ozXNQiFk5wn88nbzyLSQSZTAa/3y/rLycSCTRNIxaLYZomsVgMu93OiRMnCAaD9PT04HA4aG1tZcWKFQQCAXmunDhxgrlz5zI0NEQ0GqWxsRHDMAgEArIOtYh9Fv0on9MTN1R8buUAVigUCsXsRAgIIyMj7N+/f8aCgqZr7NjxEXx+X6267xQrg3nz5rJu/a08/9wvMUvTdLQKIaPy+pmnnubDH95BsD440568gyiP9rXUB02lUhQK+Wm3rxKltBtXYE/Ek1KEnQkmgGbS1tHO3b/+a5w50yUnN06HmYyLz+dj69atuF3uGa/jWigUCkSi5fqu7waxT9M0ipXvImIy8/Xa71p+p15pm9d7/KtEZ6BQ+S4/XWb7+aBQKBQKRa0oAVihUCgUswarG7JommjFssgp4pOFkGaaJul0mng8TjabJZFIYLPZmDt3LoVCgWPHjqHrOv39/QwMDNDV1YXT6cQ0TUZHR8lms1KYfOSRR+jp6aFQKJBKpXA4HMTj8apas+ILu9XdKsTc8fFx6cj1eDxks1npRDUMg97eXoLBIG63m7GxMdxuN4VCgWKxSCKRkK5Rn88nBVJrJDQga/daxyGXy0lHshAWS6VSVV3kbDYrHbdut5uVK1dSKBQYGBigWCzS2trKTTfdhNfrxe12E4lEKBQK9PX1yXU1Nzfj8/nQNI1oNEo0GiUQCNDY2IjH45H9sdb9FQ5kqytB7IuIb4ayOzeVSsmbIeKYiKjqjo4OOQ7Wms/ixoBwHqdSKXk8xPZ8Ph+GYWCz2aQQLhzKIk5cuHVdLhft7e3U19czNjZGKBQiGo0SiUQIBALyWD711FMsXLgQu93O6tWrqa+vZ9++fYRCIUKhkByLcDhMfX09kUiE+vp6dF2XNYkBbI6JyzefRzmAFQqFQjG7OXb0KOFweEZuQ03TqA8Guf3OO8rXN9eoDZiU69F+/OMf55U9L5FKpWpcgwYmnDt3josXL7C2ft21degdgFklu8/sAHT3dHP06FE6O+ditzsmVjfV9irX+WNjY4yNjnLo0CFeffXVGzIS9vDhQwwPD9Pe3j5z4UrTcBpO7rrrLp568klOnz59fTs5iXnz5rF69ao3dRtTIQTIZDLJnv/aw4fu/TDNzc2zXgQ2MRkY6Of8+fMsXrwYuA4i5xS/RkX6ldPplNHe4neuddKw4M0ac+vv+bPnzjJUqf+rUCgUCoViZigBWKFQKBSzBq97Iho5mczgdZXje4WomM/nq24SCGenzWYjEonIGrgvvvgiHR0dNDQ0MDIywurVqxkdHSUej9PU1EQkEqGvr0/GC7e2ttLb20tjY6OsfyvcrkLUE9HEwl0LZVfy6OgoqVQKn88HUOVELRaLeDweKQhbnb3C+SrimzOZjIwJFk7fQqGA0+mUfbGKvICMfxbCsKilm8vlZD+EE9owDNrb2/F4PESjURkv7fF4pPPYKjiLGr4ej4eWlhbsdjter5dQKERdXR3BYBCfz1clbIr+WbcLZWFXjKXoez6fJ5/Py9rGonZusVjE7/czZ84cOjo6yGaz7N27Vwq/QizWNE2uVwjyohaxGNd8Po/f75eCr3A2iwhKqzPXNE26urqkKziZTEoHcUNDA/39/XKywaZNm4jH44RCIfr6+qS43NbWRjabJRKJ0NDQQCAQkHWfxfHO5/MUMxM3MJUDWKFQKBSzDalNaGAWi/zsyf+UtU3fSHSQUqNZScc1YfGSpXR03ATatQfGlpfXWb9hEx03zeFM1+lp9at6BSaJ+Dj79+1l1epV2B3O6o9nGcL1bLPZQNcxqX0/M+kM//ytb5HLZPj1X38fwWAQk/LEwGQyyeDgID09PZw7e5YTJ07Q3X2ZsdEIY2NjZCrXb7Iv1xE5gdAsy9y1imIHX3uNv/7Kl/nc5z7HLbfcIif5aWhirkDlX1Ot16x6WrBwEevWb+D06a6JxO3rtcOVbdhsdtbeup7GxuZrWp2maWiVa/JJm3jDLpdMk1deeZmv/vVfcf/999PZOQd9GrWhNXQMlxuvz1Pe/lv80ybKuJiYYNYW993f189f/9VX+OpX/5r58xdUju10lp+IXTdL5e/Co6Mj9Pf1M9A/wMBAP/2V59HRUdA0/scf/RHr12+Qa8jncvyf3/oWB187QENjAx0dN9HW3k57Rzsd7R20tbdRHwxSnl1zncbUNNm/fz9/+Zd/QTwWm9Hys3lSgEKhUCgUtaAEYIVCoVDMGqwO4BKaFAmttWUdDod0ZwqX67Fjx5g3bx5Hjx6lt7dXRvBms1mWLFlCJpMhGo1y8803c/78eVnP1+Px0Nvby+XLl6XDV9M06RIVTlUhAheLRSluinaRSKQqvlkIfvX19QQCAcbGxsjn81XOXSFUWmvlirhku90uZ20LB4RhGFXOWhGnLKKphThuXddkNy4g44kdDofsv7jx5Xa78fv9RCIRenp6cLvdaJpGQ0MDLpeLTCaDYRgkk0kZ0Sz2Qdd1HA6H7KsQdkXNXevscyHaTh7XbDYrhVSn04nD4SCVSnHq1Cm6urqkq9nhcMhobCGsWvdFbEesa3R0VNaMhrJoLkRrn88nHSYiNrpQKBAIBLDb7QwODuL3+/F6vcTjccLhMAsWLCASiXDs2DF8Ph+bN2+mWCwyZ84c6uvryWaz7N+/n0WLFhGNRikWi3R0dMjjUyqVyBW1Kc95hUKhUChmFSZcvHiBl156qSaXn9C9zIpIsmHjJrxeT7U0UaM2IJoLA7LP52PturWcPdM1PVfypO0Vi0V27vwFH/34x2hqbqmtM+80KsPjdBryGnUmXL58mb/48z/nL/78zwEoVerflk+Lyj/MiaGurlU6481OiRSUdR2Xy6hZa5WTQbNZdv/yl7zw/PMVqc6sjFdZUP7oxz7G17/xtzgckyb8aVVPQPladvv223niP58gFY9d352uiNENjY1s3LQJw+26Jq3PZtNlUtJ01yPGTAOK+TzPPPM0zzz9VOX9q69EA+x2B79x3338+V/8Rfm6/i3UBzVNw+12Y7fbydYQYiBrNReL7H3lFT760Y+ycuVKfF4/k3fA+ntIfM/JZjOkUgniiQTxWIzxWKw82RYmYuktjluf30cykahab8k06e7uZv++fRPvafInDgCv10tba1ulX9eGaZqMx2L09PRQKhXLfZ1B7XdRUkihUCgUinc7SgBWKBQKxazBa3FD5gtF3HZNCqbJZBJd14lGo4yMjNDV1SWdtSdPnsRmszE8PEw6naaurg63200oFOLcuXOMjo7S1NREqVSSrs2RkRFcLpeMFjYMA03TaG1tLc+gpuyEjVVmLUejUYLBoBSiRQ3ZXC7HuXPncLlc0nXqdDq5cOGCFIqFQCrEYyFaCgeq1eEr3hMiqbXusXAHC1ewiPGyumBFv4Q4DtU3FEQUtuiLqL+bzWax2Wz4/X7mzp0rb3JY12MYhhR6hctW3KAQ6xQCr3Doiu2Ih6ZppNPp8jGuiPuTY6RN0yQej9PX18fx48fluMOEaCxqKYsbyiJ6W4jMQvAtFArytXAaW53W4jhkMhmKxSJer1dux+VyYbPZaG5uZnh4GLfbjWmaBINBYrEYvb29nDhxAq/XSzAY5KabbuLMmTP4/X5ZS3hgYIBSqYTf75fnm6lPON2tda8VCoVCoZgNiFv9JdPkZz/7GfHxGTjAKitxOh3ceeed03II1oKu62zavInHH3tMloSolVOnTnH48GHe+957rnv/bkT8fj+G4bpu69PF5akp//eWY7Pp1NUFyxMNZ1jLVwrVpmkJydZmtEcrV61i/YYNvPjC89d9SHRNY9nyZay++eZrdlc6DYNgfRBd0zHN2mq8yv6UCyBXHf/J/Zrwv5bRXq+cvyXouk6oIYTL7SYZj89sJaZJMhZn36uvYk7XQVyZIGH9LqdP0Wy68fqinfjZEz1IJ5JcOHeOCVlYu6b5B+W+aOWfghmuKBAIzLwDCoVCoVDMIpQArFAoFIpZgzUON5XJE/S4KBQKJBIJIpEIuVyO8fFxUqkUa9aswW6309XVxXve8x4eeughbDYbmzZtorW1lVAoxKFDhxgYGCCfz9Pa2sqKFSuw2WxcuHCB/v5+EokE2WwWr9eLYRhSXEwmkzKy10o8HpdRxCKuOJ1OEw6HWbRokawB3NnZSSAQYGBggDNnzhCrzNZ2u90kKrOyxbqFM1REGwuHrXAhCwFYOIuFMCwcsTAxS9zr9craT2J9hUJBvhaiKUA2m5VjKxyxTU1N+Hw+SqUS4+PjlEolnE6nrNMrRFqr21a4mz0ej3QdW/smXLpiG0JoFvHdQoTO5XKk0+mq+sq5XI6Wlhai0ajsvxgzIawLwdzr9UrRVsQ6C9E4k8lIJ7I1glqI6KK9eJRKJYLBIIZhkE6n6enpYXh4mIaGBkZHRzl69ChQvhF6/Phxli9fzvDwMIODg/T29rJ69WqKxSLDw8OcO3dO1qYW+5rMT9xgVBHQCoVCoZhtiGuAaDTKCy+8cA1xnho337KGxUuWXLe+SReiButuvZVQUyODff2TVaZp9EyjkMvzi6eeZsuWrfh81+6cu9EJhUIEg0H6wz01xSVP2e5qWtVbIO5pWll4tNvstLa24Ha5ZlAPerJLWbPs10T4cy00NTdx9z1389r+vSSTyZr7MxWliivZ43azYeNGGhsbr3mdhmHQ3taObrdRzNcuAF/xnJh0XkhBXasO0n474p/rg/W0tLQwOjSzmrYTEwVqPMXNK+xvrSkI0oH9RgtO9HOmWI/UtJiUH25q0NLeNvMOKBQKhUIxi5hq8pdCoVAoFO9IWhsmbp5FElnOnj3L8PCwrKnb3t7O2NgYIyMjjI6OUigUSCaTOJ1OFi5cyObNm9m8eTOapnHx4kUZvdve3s6qVas4fvw4P/jBD2RdV7vdjs/nw+l0kkgkGB0dZWBgAEA6Va1OViFuCsG1UChw6dIlGhsbeeGFFxgZGeH06dMcOnSII0eOMDg4CExELwuXqhBSdV2nUCiQy+VktLMQQIUrNZPJyFrFwvEqhFMhKgpROJvNymho4dq1uoqFOzYWi5FIJKTg2tzczLp167jlllvo6Ohg8eLFrF+/nm3btsn1ZzIZxsfHGRkZkcJ5PB5H0zT5eT6fl8KycDoLZ63oh4ipFkKwqM2by+VwOp0Eg0Hp2IWyyDo8PIzNZqO+vh6AdDpNNpuVdYV1XZfvCReP2I6oayy2Dcj+OZ1OAoEAXq8Xp9NJKBTC6/WiaZqsGZ3JZBgYGJDbALh06RKGYRCLxfD7/XR3d3P69GkSiQRLly6V51J7e3u5HpzNJuOm7XY7o7H0lOe8QqFQKBSzAa1yM/9MVxeXL16qffnKs81u4xP3feKa42qnwjShrbWN7du3v66W6XTRTDh08CC9PT3Xt3M3GJqmoWkawWCQ+fPnXZ9oYu0qj7cQXddZuHAhDddBFLViTnqeLja7jTvuuJP5Cxdc1/6gQXNzM1u2bJW1bK8FXddZtnw5ruvoCL9RzokrEQwGWbZsmZxYWzNTCNxvyJsxJldb55vxqLl/GmgaW7Zundn+KRQKhUIxy1ACsEKhUChmDQtvmrj5cqZnlIMHD2K32ykWi7jdbuma3bBhA3V1dYTDYXK5HMePH2fVqlX83u/9Ht3d3XR2dkqBb3x8HMMwpDjY0tJCS0sLNpuNFStWsHDhQubMmUNbW5t0wNbV1cl6w8I56vF4AKoijkulkqzxW19fz+7duxkcHOTs2bP09/czMjJCNpvF7XbT3t4u6/OK2GIRDe10OqWQKtyxuVxORiKL2Gkxc1v0QYjCYlkRqZzP5wGkUCzeE6JtIpHAZrORSCQIh8OcPHmSAwcOcOzYMY4fP87ly5c5ceIETzzxBN3d3YyMjDA2NoZhGNLlGolESCaTjI+Py+hpIbgmk0kpNpdKJdmvbDZb1TdrbedSqUSpVKKhoUHWKS6VSgQCAXp7ezFNk2g0WiWgi6hsse9W17Su61X1msXxstvtMso6Ho9LMbxQKBAMBuUxcDgceL1eeSxisRgjIyNyWxcvXmRsbIyhoSE+8IEPkE6nOXr0KLt370bXdZYsWUI0GpWif29vL0NDQwwODtJ1eWTKc16hUCgUitlAOdHVZOfOnSTiCdA0zGkqAVplWdM0aW5pYcOGjdccVzvldrSyiHXvvffi9flmsIayjW9oeJhDBw/JchizEdM0oZK2sn79enzeyniZE0/Wx/XbsHiYE/14E1i4cBHLli1H123XtBMm5dqqUvzVZhADbUJrWwubNm8GNDn214JWiVpeuXoVnZ1zJjp7DZimyeLFi1iydPFEH03zOp8A1g3K/70terAJuD0eNm7ciG6zI6Orr+Vcmebj3YCon239XbNVCcAKhUKhUABKAFYoFArFLGLxnAkxbO/JXjo7O2lqapJu0f7+fi5evCijefP5PMFgkFWrVhEKhThx4gQAIyMjLFu2jPHxcT75yU/i8Xhk3VoRadza2orP58Pj8VBXV0coFMLpdFJXV4fNZpMPr9dLIBCQ7ltxg0/TNJxOJ3a7nV/96ld0dHSwbt066uvr0XWduro6XC4XPT090mVqre9rjXO21se1xhELoVM8ksmkFFGF+9U0TVKplHQqJxIJ+b7Yhq7rZLNZOWamaRIOhwmHwwwNDRGNRhkaGuLMmTNcvHiRM2fOcOLECSKRCOl0mng8jsPhYGhoCLvdTjabZWBggHA4zODgIIlEQm4Pyq5jIThns1npYoay+1ZEMudyOel+hrIoPDg4yPj4OPF4nGQyyZ49exgfHyefz0tRWcy8N00Th8OB3W6XsddikkCxWCSXy0kRWNf1Su06o2p8RNy3pmn09/eTyWSkU7dUKslYbU3TcDgcBAIB7HY7Y2NjJJNJWlpasNvtNDY2Mm/ePG6//Xaamppk9LXT6SSXy9HR0YFhGJimyYGu/inPeYVCoVAoZgOmDsPDw+z6xTPl+pUzcByawIoVq2hoaKiIwte7k4CpsWzpCubOnV/78hVxL5vLsvPZX5BIJKZdh/OdhlZx5Om6zl13vZcFCxehaa+/FXXdBWDLet8UKudkXV0dd999D37/tdUc1SjfoJNBuzK6d/onv1hm69bthEKha+qPFa/HzabNt+HzBypRytcuozY1N/OhD9+L4XKVI8FrjTauBbli8+2pFl05jJs2bmbR4iUz64PFFatp5XNlOo93BZpZnjBR+f25csUKVq1a/TZ3SqFQKBSKG4N3zfWAQqFQKGY/i25qkK8Pnxtizpw5ZLNZUqmUdGNu3ryZkZERWd/10qVLUsAsFossX76choYGYrEYDQ0N+P1+Fi9eLJ2hFy5ckHVyV65cSSAQYMWKFYyOjpLL5UilUoyNjeHz+dB1nZaWFlwulxR7PR6PFPJEDPHZs2c5cOAA+Xyejo4OmpqapCjb1tZGsVgkFotJ4VMIjuJGod1ul4KvqF0rRFFN06T711orWIihosaviDi21ucV68xmsySTSenkjUQiDAwMyJhogEQiwfj4OJlMhmg0KtfrcDjw+/3SkevxeHA6neVatskkg4OD9PX1SReviH0W7t9SqVTlXBb7IgRvQDp27XY7R48e5dChQxw6dIg9e/Zw6NAhKdhCWfSdHMedSqWkYOv3+6vqJNvtdlwuF7quE4vFgHKstNPplKK8aAsTMdq5XE66v03TxDAMbDabFMVFzeJ8Ps8LL7zAyZMnSSQSMlZ8YGCAUCgkHcynT5+WNaRfOtY75TmvUCgUCsVsQDPh2WefZahSK3NCFHtjrALq1q1bcXnc8prpelLRfwkEAqxdu7YcA12DVif6qZlw8OBBuk6fqrrmmZVo0HFTB7/xiU8QqAvIsXrT0notK9RtNpxO5/Vce2UbGpqusW37dtZv3ICmX3s88rVgVoyly5YvZ/PWLTOPG57EnM5Obr11XbkcynU6UIZhcM/dv8bGTWWXfrnvs28ChJXW1la+8IUvUF8fvKHiqd/xmKBVJlgH64N88X/80TVPyFAoFAqFYragBGCFQqFQzBpaG/w4HeU6rb3DCerqgtJFGQ6H6enpQdd1fD4foVCIuro61q5dy2233cbGjRtZtmwZyWSSQCDA6OgowWCQRx99lF/84hfkcjlM06Szs5M5c+YQDocZGxsjHo/z0ksvSedpOBzG4XBIcbW/v59YLCb/LVy81hjnfD7PU089xf79+4nFYnJ50zTx+/2MjIxw4cIFIpGIFBhh4uZhoVDA6/VK4bJQKMj4Z+GkFXHO1kepVJLthbhsvXEq3KciqjoSiTA2Nsbg4KAUonO5HJlMhlgsRjQaJZ/P43a78Xg8NDY24vf78Xq9stayEKidTic2m418Ps/AwAAjIyOy/rBVpBWRyUIMFtHMgFze6sg9e/Yse/5/9t48uo7zvNP81V51V1zsIEAQXCVKJCWKoiVZCy1roSPbcWTL1ozlzmLFnZyZ7uksPUk6M5PJ5nTSy8z4dOck9kw68XTc8ZbjSWJbsiRrl6zFlCiK4k4QIAFiv7hbrbdu1fxx7/uhLhcRlEiJIt/nHBjgXaq+76sLq1BP/d73+efx9NNPY2JiQlxIpW2TZAYgRDLQvAhFvZxp+yTDwzBEpVIRPX0rlQrK5bKYSxzH0HUdnueJJLFlWUJkd3R0oLe3F5lMBul0Gps2bcLGjRuRyWRQLpdFCvvgwYP4yU9+AkVRYNs20uk0hoaGsHHjRgwMDOCaa65BKpXGfNkBAKQtHd0d6Yv3C8UwDMMw7wO2bePRHz7yjtKw9N/9bD6HW2+77aILVVlV8OEPfxi6aZ7XeIWUliQ4toNHH3kEQavtw+VMDOC+++7DR++6W9yAKGQ4LowPo+1FcYwGYvQNDOD3/vffx32f/ORF04s9PT14+OGHsXrt2lYZ5/fvOEqShM7OTtx9913oKHTg3a6qoqrYvGULRkbWiOT6haKvvx9ffLCcxsoAACAASURBVPiX0dXTvVT6+jL+HVA1DbfvuAOf/8JDgCIjalVrYt45yRtnNF3Hv/r138SN27e/z6NiGIZhmEsHFsAMwzDMZcXGkV7xc6lqwzAMAMDg4CBKpRJOnjyJw4cPQ5Ik5HI5DA0Nwfd9LC4u4qc//amQoSMjI/jpT3+KrVu3wjRNPPXUUxgdHcXatWtFKeXdu3djfn4eYRgin88vXcBqlfsl4Uh9YQGIksWyLIt0qCzL8DwPL7zwAl544QVMTExgenoatm2jVCphbGwMe/fuxaFDh1CtVqEoSltvXJKf1P9XXPhqvYYkZjIJS719qcwz/fFMpZXr9Tocx0G9Xsfs7CxOnDiBarWKcrksRHQURaLsdTqdFskKWZYxPz+PsbEx2LaNSqUCy7JEH10aczqdhmEYCMMQc3NzqFarbT1+qX/xqYlf2kYQBGJdgabIplQ1XUyhFDKlcGn+9DqSvZVKBa7rotFoQNM0aJomEtFxHMM0TWQymbbUMUECl8R2NpuF4ziixHSydDaNn8p6V6tVHDhwQCSnn332WTzzzDPo7OzE5OQkFhYWhFR3HAdQltIrV69a+qwzDMMwzOXC+NhY81wNOO+6wHEcI5KA2267HStXDglhdaGVUlIsb73hBgytHIIkn0cJ59agmtIzxksvvYzZmdkLPMpLC1qZXEce/9Ov/SvsuPMjUDXtwkn6OAaiZrfoGMDgyiE89NBD+Juvfx3//UMPYcvmLU3pfGH21twlqV5Zwrbt2/Frv/HrGB4eRgxpqe3se+gzpdbnXZJl3HjjdqxZs/Zdy+hMJoMP33ordEMT23q3U6IbICRJwk033Yzf//0/wvCqVeL5y00CS6BS6IBpmviFX/xFPPjgg7DSqaXS75fXlN8T6IbqOI6RSqXxxS8+jAc++9lWRQaOVzMMwzAMAKjnfgnDMAzDfHBYN9SNNw43e6TKRgamuVSet6enB/39/ejv7xf9Yjdu3AjHcTAx0Syrm0qlsGfPHszMzMB1XaRSKQwPD8N1XZimiWq1KoTk/Py8KJ3sOA4URYEkSVhcXBSlgzVNQ7VaFQlRKslMApEEsKIo8DwPr732Gvbs2YNCoYANGzbAsiwcPXoUY2NjiKIItVoNQRAAaKZW6Y9euoiSFKaWZaHRaMDzPFEmmkozK4qCRqPRJjKpZDG9BmgK6+PHj6Ner8N1XVQqFaiqCtu2RS/bfD4PXdfF60hEK4qC6elphGEI0zQRhiEymYwYWzLp3Gg0UK1WRblo6kkMoK2cNfUwpnSw67oiCUw9hCntS2uT7JmcvOBEUjxZYpr2pyiKkMYkhamnMqWS6XkaSy6XQxRFIh0cBIGQwYZhQJZlVKtVFItFWJaFWq2GgYEBHDt2DKqqQlEU9Pf345FHHoGmaSgWi9i2bRsGBgZgmmbzM1JPfta5/DPDMAxz+fHcc89hcbEI6oB6vl7ENE3cf//9UNT35nJHobOAe+6+B8eOjaIR1M/9hiQxAAmYnJzE3r17myI5cXPb5UmMwcFB/MEf/iH+j//4H/GDf/p+8xyMDvS78TYSMDg0hIe+8AXcfe89GBwagqrqAGQMDq1EKp1BrVq5AHM4w64lCXfddTdyuRz+7N/+KQ7s2/c+iswYXV1duPrqq/DTV199V1saHh7G5k2bcOHrFTd/u1VNw9333IOOjjz+5Mt/hP379l92AvhUCoVO/O7v/i42bNiA//Dv/j0c24b4P4P3kQ/qqhc6O/H7v/8HuOfenVB1rfUoC2CGYRiGAVgAMwzDMJcZ61d2i59PzJRh9Oro6+tDsVjEa6+9hjvvvBN79uxBT08PFEXBU089hXw+L+Ti1NQUVFVFoVBAd3c39u/fj0wmA13X4bou4jhGsViEqqqoVCpCvgZBgFwuB9M0EUURwjCEbdtCQlJiVlEUpFIphGEITdOEdCURSandmZkZzM3NiceApiwul8siPZwUmiR+gWZpZEVR4Pu+SMhS32KSx5RwJVl7ahk+TdNQq9UwMTGByclJ2LYN27aF2JyamoLrulBVFdlsFplMRpRRpr7ENE7XdUWKWJZldHV1obOzUyRqSerqui4eI8mbTDQ3Gg2x/eR7SNgmJTCtBR2fZF9k2hZJVwBt5ZwpXUy9ig3DQBAEov8wSXtJkpDJZMTxjqJI7Mc0TQRBAN/3xesKhQL279+PUqmEYrEI3/dx9OhR6LoOy7IQBAEymQxWr16Njo4OXHXVVSiXy9i9eze2bdvW/Hy6S5dmkp91hmEYhrlc+ME//kMzPyk3/1t+XpfxJQlDg8O4dtPmC572TBK39gU0y6rde+9OfPc738XC/ByWpVGkpO+U4HsOnnv2aez4yB1IZzLN7coyJEmFLDcQx8srEytJcmuL8nnbnKR0kyQJsiRDQktGS8stUytBllVIkBAnfJZIQLb+Fccx+vpX4I+//KfYvv1mfOub38TBAwfgeW4zyXse6LqOgYEBbNy4ER+9+17ceddH0ZHPi+PTnFeE/r4+dHV2wanay55T8zwbAOIzJpVPfUxVNdxyy634z3/+F/j63/wNnnj8cUxNTSJKnIPS+5KVg84mPGXEZ16Psy4R3TQRQ5ZVrBxahXcqwuI4hqqouHH7h9DT2w+pte0Lx9L8FVXBh26+CX/113+Db3zjG3j0kUdwYvw4As9D/G52SglRSM30stxanfgMxzOOICOGIjcT1MD5lSWXJOW0V5/tvZIkw0pl8PmH/hlu3H4TvvbVr+LVV1/B/MyM+Psu+fk4+/SW97tCf2PR32eKokI3dOi6AcuyYFkWsvk8hletwuo1axM7AFRZwT333It0OoP5+Xk4jg3PdeB5HoIgQBjWUa+HiBOtdqrValtp6+TNyqf+/8xyOG2eMaCoCgZWrMCtd9yOL33pSxgeHjllex9Unc0wDMMwFxYpvtxvrWMYhmGuKP7LP72KL/3JdwEAv/aZG7FzSx6WZWHXrl2IoghXX321SISapolDhw6JNK/ruli5ciWuv/56fP/738fRo0dx9dVX46233sLg4CAmJydRqVQQhqEoh0zi1nVddHd3w7abF5U8zxOJURKKJDU1TRMyEVjq2UskSwWTmKXH8/k8brvtNtFr1jCaf7hTqeMgCKBpmuiVS/s3TRO6rsM0TQAQCVyS0kmBTGnl2dlZ7N27F9PT03BdF7ZtwzRNpNNpaJqGTCbT1j/YMAxR9tq2bZFAdhwHruuKOeVyOWSzWZRKJdRqNSF2t23bhmuuuQaWZSGKIlE6meaRLFvtuq4onU0SeWxsDM8//3xbWWhZloXsVVVVzJfKRFuWJaQxlVqm99P6AhAXYzzPg2EYUBQFmqYhl8vB932EYQjLspBOp7G4uAhN04QIHhgYgOd5cBwHpmlibm5OSOS5uTmkUinRN7lareLhhx9Gf38/TNNEo9HAM888g+uuuw5DQ0P48X4b/+l7rwMA/vp/+xx+/r5tF/pXiGEYhmEuGslzHDpPov/G01dpcQGI31nh2jgGdMNEV1eX6LFLXEh51Ta2OEbUiDA/N4dGIwSk5Y082fNUlmWoqoquru5mFZIoRmmxBM/zgDhCvMxtNm2ZhHQ6jVxH/rzKK8etNZfQPCdaXCi2bp6Llzen1kskSUGhqxOGYbYJ4DPtr/UD7JqN8bEx/PCRH+DHT/4Yx0aPIWyEpyXA6ZYAyzKxadMm3LFjB+64/XYMrVyJdDoNVdWXxDq1DombZaHDMESpuNiq+LLMOQFIpzPI5vJLfZvPNv1TxFYjDLFYXMSuXa/i+z/4Pl76yUsoLhZF0FNqvlC0DOnp7sbg4BBWDq/E6pERrN+wAddccw1WDA61xP4yaG07BtAIQ3z9r/8af/pv/+QdffajKMLAihX4wz/+Mj5y551tc7sYxHEMSBKiRgN2rYaxY2N48qkn8dNXX8GRI0dQKi0iDBuiDDXp6BjN46vrBnK5HPr7+7B6zRqsXLkS6VQa6XQWXV1dGBwcxMpVw80bf2X5tDWJ4wie52JxcbH9WC5z/KqqorOrR/wdsZx1ov2EYYhKpYyjhw/j2Wefxb79+zA5MQGndfPx22ygechbN7sahoF8Po/Ozk4MrliB4VWrsHbNGoyMjMBsteNpfsmQZQWKqkKRFaia2lYVisYfx3Hbrwnd9BpGdfF3WaPRQJxoMxQ1GnA9D2PHjmFsfBwnJycxNT2N0mIJpdIiHNdFPaijHtaXvU70umwmg5XDw9i0aRN27NiB4eFhZHM5yEpTvp96iwJViqIv+vtYkiRR7epi94lnGIZhmAtBpdKsYLN79+5lv+f6668HwAlghmEY5jJj64ZB8fMPXz6Kn7vpVpTLZWSzWfT398PzPNRqNdTrdWQyGaTTaRw+fFj0up2dnYVhGJiZmUGtVsOhQ4fQ0dGBYrGI2dlZISApgUqlgi3LQqlUEunVZG9d+kNT0zSoqir68tK26A9uei1dFKU/TJO4rgvf94WEpCQwgLZ90B3YiqIIiUmlp3VdF8I5+UevLMsIgkAI666uLtRqNURRBE3TsH37dgwPD6O/v1+sKQDxesuyROLV8zyYptm8q78lS0kU9/b2YmJiAo7joFQqwbIs1Ot1rFixQlxYAJakK0l26n1Ma+a6btv8Z2dnxXhofZPJapobzZ22l0wW07rROlJ5b1qDpT5TKeRyOTiOA9/3hUx3XRf5fB6lUgmKokDXdczOzkJRFHR3d2NmZga6rqOnpwe1Wg26rou5NBoN3HbbbXBdF6VSCatXr8bExARuuukmAMDMzAz+6cXppc/6VUufdYZhGIa5XBhYMfSu3r+c5NyFgiSerMjo6+/Dktk7P04dsyRJKHR2LqU/pWVuN8Z5J2gF0pJU03QdfQP957+NU2K/yxmJJEnIZDO4dtMmXLt5E37zf/4teJ6HYrEozo/odVR5prOzs020iZslcfpxbyZAYyiqiu7envP+XCw3M9E2jjiGrCjo7u3Bzp+5Dzt/5j40Gg2Uy2VUKpW2c3T6e+TU+SRTk+c3lqY29zwHb+3b2xKk5z9nRVFw9carsWXLFjGui0rrOMmKgmw+j83XbcGmLZvbqvpECdF46t8wyd+dM6VM6QaHsy2FJMmwrDQsK33mhPA5eDfZGk3T0NXVjc7OLnzo5lvatnk+Nx0k33Om8ZztNW/3+uStOJIiQ1N06JJxxjEkWTk8gtvPst/z5e3WtpkQZ4nLMAzDMGeDBTDDMAxzWXHd+gFkUgZqjo9DE4vI5jqQzTbv/CbxRxJ1fHwcIyMj2Lt3L3bu3Inp6Wnkcjns27cP+XweU1NTWFxcxMzMDKrVqpCyp5YDpjSq67riglStVoMkSUKCSpIkHgOWUr+UUAXQJn+BM1/AILHseR5SqZTYVvKiB82T7nL2fR+pVAqqqgoJKsuyeB/10k2lUuLiCqVPv/CFL2BsbAxBECCfz2NhYQGpVAqKoiCXyyGOY2QyGbiuC8dx0NPTg+7ubkxNTSGdTouy2dQ3mOTo0NAQjhw5gkwmA8uysLCwgNHRUaxYsUJIdQBtMjzZL7her4vSzJQeKhaLbRfK6O7uUy+c0QU2misJc8Mw4DiOuDjRaDRQq9VE/15ar+RxSZaipvc5joOVK1ciDEMUi0UMDg6Ki5ipVEokn+lGg0KhgOuuuw6Tk5OiDHl3dzdee+01rFu3Dj09PfA8Dz29fRj7q8MAgELOwua17+DCLMMwDMNc5rxn4vcC7vO091P0VVqSqeexsfN/zzt7w9n3vYwtijmf0vtXliWkUilxnru83b792KWWmH8nMzyfYytEV+vfyakpioLOzk50dnYuaztnKzn99olQAHEMz3fxne98B88+88zy55wcrCRBMw3cfMuH0dXVedpxvVgkRfWpa5BMbZ5zO8so132+738v3nOufy9nn8m/g871vlPXd7n7OJ/n3+lrl/O+979rMsMwDMNc+rAAZhiGYS4rZFnCHdevxg9fPAAAmJiroDvT7A/baDTg+z5OnjyJ9evXw3Vd/NVf/RU2bdqEvXv3YmpqCrOzs1hYWBB9aovFIiqVCoaHh3Hs2DEUCgWMjY0BaP4xSr1bSSx6nicksWEYqNfrorcrJX6TyVT6g5YEIz1+KslE69TUFDZs2CCSstSnltIEVM6ZBDOVPKZ9kwxOPk+9aynBTGni6elplMtlOI6DcrkMSZJw8OBBxHGMDRs2oK+vDytXrsT09DSiKEI6nYZt26J8ckdHByzLQrlcRqFQwPj4OIrFIhzHEWKZ5Hlvb69I35LkpblTMpcu/JimKcQy9ZmqVqttwpfEMAnkpBA3TROWZYkUMfUQ1jQNAEQZNUpzU4lrEtFJoU/Hpl6vY3FxEbqui1LgsixjYWEBIyMjUBQFlUoFsixD13U4jiNSvmvWrEFXVxeOHj2Kbdu2wTRN+L6Pvr4+PPHEE1i/fj0CJSM+D7dft/qC/+4wDMMwzAed08oFn14/+KLuc9m7ebuwoHTK9/PhXczxtIrI57mtd/z2ix0sfQ8+A2feMS5oG1Lf9/Hqq69ibm7u9M92i3oQYHpmCs+/8Dx2796NqB7inQUkYwwODuKmm296zyTbu/38nZP4lE2eVgP6bd57OVnGdzvPS2idLvpnhmEYhmEuA1gAMwzDMJcdd2xdIwTw7tEi7rtxEM899xxWrVqFI0eOQJZljI+P48knn8TMzAx6enqQyWQwNDSEVColEr9r167F0NAQHMfB1NQUcrmckHTUS5bKP4dhKEoKB0EARVGE3DQMoy2lS6WFKflLiVvqGwzgtNJvyZ+npqYwMjIieu6SfAQg5KSqqjBNE67rIooi6LoOAEin06JvL5VmprQrzSfZt9j3fTQaDRSLzT5whmGIMtJHjhxBvV6Hbdvo6emBaZqo1+si9ZzP50UJ5XK5jHq9junpaRSLRZw8eVIkbHVdh2EYbWKaevuSTNc0TYjhpECn11EpZmApMaCq6mmyndZClmVUq1WkUikhxmmNKYmdTEtT0rlSqUCSmj2HqXQ3jYN6DdP6KYoC0zRRKBRw8uRJ9PX1ibF0dHQgk8lgdnYW+Xwezz//vPgMVKtV7N69G/l8Hvv374fjOHj11VeBnqDtM84wDMMwDMNcolxA+YsYcGo2/p+vfg0vvvj822w7UbC31ft4uVZMFNGOJciKils/fDtGRta8Z+lfhmEYhmEY5sLDAphhGIa57Lhj61I68h9fPIKrCs1yyfv27cP69evx2muvYc+ePRgbG0MqlcJbb72FarUK27aRyWSwZs0aKIqC+fl5HD58GOl0WvTCff3115HNZoVYpaSn67ptKdowDKHruhC9siwjl8uhWq2iXq8jnU5D0zT4vi8kJ72XHj8TcRzDcRzYtg1N06AoCmRZFr2FqYyzqqoitRoEgRDU9J3k6KmpZBLFJDFN00Qul0MQBGK/cRyjUqlA0zQcP34c8/PzmJubg2maAIBcLgdVVSHLMhYXF1Eul0XyenJyEgsLC3AcR0jaQqEARVGEnAaaqWYaFwlYWitKLZNoj+MYMzMzANpLmlGqGoBI7tIaAs3S2dQXWdO0ttQ2leamMt40d6Ap0Um6Uwlp2t6aNWtw/PhxdHZ2olQqwTAMWJaFjo4OqKqKkZERvPLKKzAMQ0h3VVVRLBabvdauvhrPPfecODZvvvkmRkdHcc011+DHB0tn/IwzDMMwDNPkNFX1Hrird7SLS9GpvcsxXYpTAvC+DOzi7TI+Z49nse/zFbcUp4yBVcOrsHPnzlYZ7vdoAS/2bs61/Uv2A3yBebfzvJTW6VIaC8MwDMNcorAAZhiGYS47tl09BENX4Qchdh2cxhsrF5FJp1Aul/HjH/8Y+/btw+LiInp7e5HNZpFKpVAsFnH48GHU63UcPHhQyMhSqSRSndlsFrqui2RtshewruvwfV+IxGSalkj27U2mVynhS5KSRCWRTKcCTdFI6VUAouyxqqpwHEcIa0oIk6AkAUxJWEos03MARFloktie56FerwuhTK/N5XJCiuq6LpK8uq5jfn4e9XpdJIRlWRYpYJKomUwGsixD0zSYpilKOpMYpS9KzNZqNdHDmI5HMrk7Pz8v1pHmFUWRkOTJJDCtdTabFfO0bVusAaW2qR+w7/tC+CbXzHVdpNNpIe9VVcXhw4fR0dGB7u5uFAoFmKaJSqWCvr4+1Ot1TExMIJfLYWJiArquI5vNivWSJAnHjx8X669pGqrVKnRdx5q16/Dnr04CANKWjq0bBi/wbw3DMAzDMAxzxdLyv7qu4SN33okbtm1r/u0Rx5wCZhiGYRiG+YDCAphhGIa57FAVGbdftxpPvHoYAJDtHkRaaZYq3rt3L3RdR6FQwPr16zEzM4Pp6WncfvvtOH78OIBmj618Po/FxUWRBAUgUr0kEynZSwlVeoykZ7J0M0lEkpHUdzZZBppSq5QMpceBpdQqUSwW0dXVJYQkydk4jkUfYt/3Rclm6kVMoph6IpNEprmQMKb967ouRLBpmoiiCL7vi1RxKpXC4uIiFhYWhMz1PE/0Rqb5UFqWEsuKooieulEUIZPJiP67AIRUbzQaogQ0rQGJYeqZTCWqSZDT+tJzNBfDMNrS0bTm9DyVpNY0TZRrtm1bSHrqP2zbNsIwFClnmhfts1gsolqtIp/Po7OzE5IkoVQqYXZ2FoVCAb7vo7+/H8ViUZTqTqVSSKfTmJ+fxw033IB6vY75+Xk4jtNMlquJ/r/Xr4Ys84U4hmEYhmEY5sKyZu1afOr+n4Oma+d+McMwDMMwDHNJwwKYYRiGuSy544Y1QgBXoiwOvvEEbNvGLbfcgscff1wkOrds2YLHHnsMTz75JIIggGVZUBQFiqIgn8+jVqsJoeg4jkh7AmjrBZtMzpIMpPLKJAmBpmSkxyj16vu+kIckGinZSj/Td9puuVxu65NLUpOEMO2TevlSepakKgCRzM1kMm1zomQulYCmMsW0Lsmy1Z7nifLQyf7FANpKI1MSV5IkWJYlSk1nMhnk83khQoMgaBt/UkzTGiZLO4dhiGKxKJLFtE66rovELq0l9T0OgkCkfx3HERKfxu77Pk6cOCFENSWnNU0Tpb4zmYzo7UzP0foRtVoNjUYDpmlifn4eqqriuuuuw9TUFA4ePIhUKiXWYt26dQjDEJVKRax3d3c3FhYWMDU1hRMVeemzzf1/GYZhGIZhmAuIJEnI5XL4ws//PDZcfZXoJcy3HDIMwzAMw3xwkc/9EoZhGIb54HHfLVeLn//p5ePQNA2O42BxcRFXXXUVAOD111/H008/DcdxMDc3hxUrVgjpWSwW4Xme6KNLErFerwuxG4ahKNlMyVmSsJQapecpeUpCUNM0kZRNpVJCQFJCN5kgTpaAJrlaq9VQrVYRRZEoRw00BWaj0YDv+yI9C0AkeCkRS8JXURSRBibhGcex6HGsaRpUVUU2m0VPTw96e3vR2dmJbDYrvnK5HFKplBCapmkKkSxJkiiz3dHRgVwuh1wuh3w+L7aVy+WEEKZ1op+T4pySv5SmdhwHvu9j7969bXOPokiksKmcM60vSfZGowHbtsW+Go1GW3I4KfRpHehxKqNt27ZIJ9NxoONDIr5er4vPSRRFeOqppzA1NSXKO8/OzkJVVSwsLKBeryOTycBxHAAQSXXDMPDtZ48ufbY/vPTZZhiGYRiGYZjzI058NVFVFZ+6/37c9/GPQ21Vx2EYhmEYhmE+2HACmGEYhrks2XrVCqzs68CJmRLeGl/En/3BZ/HYIz/Anj17IMsyenp60NXVhZMnT4oSxMkesrZtQ9M0kSQlOappGnzfRxRFotevaZptopckK/V1pRLBQDOhmsvlhIhcWFiAqqro6OjA3NwcdF0XKVsSj7TdZBnoKIowPz+PXC4HTdNESWKSziQ+SZhSSWgaHwAhe5O9gSmpS/MDAMuyxPYMw4Bpmsjn85ifnxeStlqtIo5jVKtV8RraPvUGJqGaTqeRTqdhmiZUVRXSlyQ6jTN5LACIUtKUxI2iCNPT01hYWGiT45QCBiD6KdO8JUkSyV3DMKDruhD9NL5kKWkqaU19kGmNqZw29RBO3iRANwpQstpxHKRSKTiOgyiKROqYpDeNl+bpui5834fv+yiVSli7YSOe3dM8FmuHurB5bf/F+8VhGIZhGIZhrgBiAEvnz9u3b8cXf/mXkclkAXDyl2EYhmEY5nKABTDDMAxz2fLQzq340//3KQDAj146hPm5Odx2222Yn59HPp/H+Pg46vU6ent7hfSsVCqIogiWZcG2bVESuFAoiNLLVMZZVVVomibKJVMymJK2VBaYeuHquo4gCBAEAVzXFSJSVVVRnpiEL4nLMAzbxC/JSUqj2raNTCYjpGkqlRKy2fd9kcYFIEo7+74PAEI2U0lkkr6qqgqhmexxTFKXSl/39/fD8zw0Gg3kcjk4joNsNivGTolnEq2qqkLXdZGATiZsk3Ok8YdhCN/3oSiKKL1Mj1OKd3R0tK1sNolgwzDEMSDxSz2MoyiCaZoixU3rStI+KasdxxF9i+l1qVRKSF7f96HrupDwtD0AokQ3jbe/v7+tV/PMzAyuv/569PT0wPd9rFmzBqqqolqtih7PU1NT0HuuBjAJAPj8vde/+18MhmEYhmEY5solBpqKV4KsyLj19tvxO7/zOxgYWPE+D4xhGIZhGIa5kLAAZhiGYS5bPnvXFiGAv/nCSfzGXVswOjqKBx98EKOjo3jxxRdF8rNSqcB1XciyDNu2RTqVEr5hGKJarSIMw7ZyyyQy0+m0SKVS6WWSp1QaularCcEXRRE8zxPS2TRNABClm2VZFmWJiWRvYJKTJBlJopK8psRyGIZCgDYaDWSzWbEtx3GgqipyuRzK5TLS6bSQtSSCAbT1wKX5ZDIZkdZNJmGpN3A6nRYpZhLOVE6aErBUipoSzyS7aZ5JOZ5KpYRgpfFNTU1hZmZGrFGyf3GyBzOlb5NluUnEnpq0uRf6MAAAIABJREFUzmQyomQzzbXRaLTJ56SgT/ZG1nUdlmUhDENRXlqWZZEuTybFi8UiBgcHMTY2hr6+Ptxyyy148sknxescx8Err7yCTZs24e9fnROfgS/8zLaL88vCMAzDMMwHBjoXPPXfpz5+qXKmmxuZi0vybwhCVmR89O678L/8r7+HFYMrIEFqq6rDMAzDMAzDfLBhAcwwDMNctly/YQXWDXXhyMQC5ip1aKk80uk0vva1r+GBBx7A4OAgxsfHUa1WRVKUBCMlTkkYAk0RmkqlUK/XRZ9WAEL6UllnSpImU6mUECWpm3y9LMuo1+sihZwUmsmyxsl/J0tLB0EAwzDgOI6Qv5qmIQgCsQ9d14U0piQsJV1p3yRvabvJ/ZEIpRLOlGhOJpJJeHqe19ZP13EcIVhpvkAzIUulqalHLpVXpjHQe5IltqvVKkqlEnbv3i2OAYlkKjudTHDT9izLEvuIokgksJOiPooiIeppDem40LqTnDdNU5SppjlQijudTkPTNBiGId538OBB9Pf3w7ZtFAoFMdY4jjE1NYWRkRFEUYT+/n7s3r0bAwMDgJbGfKV5w8E1q/uwbqjr4vyyMAzDMAzzgeJUSXepS7vkOWzyHPODIq0vB2idFVXF2vXr8OCDD+Ln7v80MpkspETRZz4eDMMwDMMwlwcsgBmGYZjLms/dfR3+5G+eBADsm6qjODaGn/3Zn0WxWBQyNpVKoVKpoNFoiMdIZJK8jaIIsiwjDEPxOAnRZM9ekoO6rovEKglHeu2pUpd68lJqmPYPnH6xLCkwk2MiUVmr1RAEgUgtp1Ip8do4jpHJZOC6LhRFEVKXyhh7ngdd1+H7PvL5vJC6JJgBiLLWyfLXNN8gCEQPYQBCpFJ6l2Q1zZsEK4lxmjNJ2eRjURSJedq2jf3794uy18m+vdRjuVqtIpPJoFarAQAMwxCpZhL2SZlLx4ZkuWVZ4pjSWvm+D1VVhdwHIPr4Dg4OYnFxUZSt9n0fhmG0CW3DMOC6LnRdF+vuui7y+Txs28aOHTvgui7K5TJ27NiB/fv3YyLsB7AIoJloZxiGYRiGiaIIb731Fk6enIIkSdi6tdlS4oPAgQMHMD4+DlXVsGXLZnR3d7/fQ/rAEIM6957fe4Dmm2RZxvoNG/ClL/1z3HXP3bCsFGS5/aZPhmEYhmEY5vKBBTDDMAxzWfPAR7cIAfz3r8zgv1vfhz179iCKIriui1QqhdnZWVHiOZfLwbZtkdBN9vFNpVKwLAvValWUbJYkCa7rCgEZhiEsy0KlUhGliEnYyrIskqRUrjkpOKlkMV2EoS8AQhLTfpK9ZZPylpK2yTJvybv4q9Uq0uk04jiG53nIZDJirrSfZE9iKn1cr9dhGIZI6pKcJbEbhqFI+yYvINF2qGw2QZKUhDbtI45jUTKb1pOkqm3bCMMQb731FiYnmz1xaU0peasoCmzbFr2WSd5blgXHcdrmSSKXUtBUlpq2SVKYUspEstw2HRegKcW7u7tRLpexuNiUtrVaDbIsI5/PI45jdHd3w7IsHDlyBD09PUilUnj00UfR3d2NxcVFRFGEdevWodFowPM8PLKvJLb/+Z1bl/ORZxiGYZjLghgxEoWCIcURgFZaNJbp4SsKOscqlcp47PGnMDMzjTgG6mGIj31sJ5TWeeWlRdT6LqFatfH4E0/h+PETzfOtGNix43borfNt5ixIQL7Qgf/zK1/ByclJTE1NYXZ6Bgvz8yiXy3A9T5w7J94CVdNgplLo6u7C8MqVuPrqjRgZGYGqKsApKV9O/TIMwzAMw1x+sABmGIZhLmuuWz+A9Su7cfjEPMq1AJJVwNjYAdFvtlAooFgswvd95HI5uK4rkpqWZYlErGEYUBQFi4uLSKVSQrzWajVRIpiEse/7IumbTKYmk7+0/2QSleQnycXk48kSxEmJHIYhMpkMAIg0ra7rbUI5nU4LEasoClzXRTqdRhAEQoJTwjYpPmmMJFdJ9gIQPXVVVW1Lx9I+SU4HQdDWgziZiFVVFa7rChlL+6KUNdAUxUEQoFqtol6v4+jRozhx4sRpyWhajyiKUK/XRSpZkiQYhoEoimCapkhK0xx1XRf7DYJAyPd6vY5sNgvHcUQynEpnU/qZPhuSJGFhYQH1eh0LCwvidY1GQwjoIAhw77334s0338To6Cg8z8P09DRUVcXIyIj4vBw9ehS5XA75fB4r12+B98Y4AGDLugEu/8wwDMNcWcTNG7aaGliGIgGyfGVLKjrnaTRCxDGdG7bOEz8ApZSTVWma58HNcTPnRpZldHZ2orOzE9du2iQeP1Pv5+R5Mv07+fOp8pdhGIZhGIa5PGEBzDAMw1z2fO6uLfhyKwW8d96CZduo1+uwLAuTk5MiWUpili5OBUEg+v9SYtY0TaiqKt5DJZJJ1pIgpYsxVBqZUqrJ3r+0XWAp4UvjINGr67rog0vil7ZPfWsBiO8kbek9AGDbNgzDQBzHcBwH6XRaJFqplzGlYE3TFClaRVGENG00GmIb1BuZRLLjOJBlWSShSSaTkKW1pLWhks/0lZTFQDMJTAlex3GE0N2/fz9GR0fbSkNTuezk/JNCnvoH0/FIpVKiD3Kj0YBt20ilUm3HjGR1tVoVpaNpOyTL6flT+zCbpomenh7U63VMTEwgl8uhu7sblUoFpVIJuVwOR44cEUlfVVVRKjVTvp/4xCfQ19eHgwcPQtM0/PjYnDjeD3D5Z4ZhGOYKw3Ec/MVffg3T09MAJDzwmftx000fwhUX+01A5ynNm9kAIAbiGErr3PFSRpKaX7LUlNaSBMiKxDLyPEiK3GTFoLMd+2RVnqQU5r7LDMMwDMMwVwYsgBmGYZjLnl/59M34k68/hTiO8cKhCn52RQZzszNQFAW5XA6NRgOu6wrpSX1tAQgJSr1bSVaSgDUMQ0hjEoFxHCMIAiFvZVkWadFkueFkn9tkKeEkydLPyQQxpYc9z4NlWSLlmizLTNIaaF70MQyjTVhTmrVWq4m5+b4vRDfNO5lepoQtpX2p5DOtWbI0NAnrZElqEuokoOv1ukgMU5LYcRz4vi9EsOM4OHToEMbGxs56wSopfkkK0/pT319FUdr+TUntpCymsdB6kpDXNE2sH82BhDaNyfd9ZLNZpNNp0Wd51apVKJVKqNfr2LVrl0gMd3V1wXEcOI6DYrGI7u5uPPfcc0in0+jo6MDwqhF85SeTrf3I+KWP3/gufwsYhmEY5oOK1PyKW98Z5PN5fOQjO3Di+AlIEnDDDVvF+dqlKvbiGMhmM7hjx+0YHR2DpmnYvHkTNFVBs0z0pVi++tIiKX+T38/2unNth2EYhmEYhrm8YQHMMAzDXPYM9uTx4N1b8M3H30AMCVH3ZsQz03BdF+vWrYPrugiCAD09PTh+/DgAwLKstpLCJARJJFISVJZlkYKlcsJUbpnEJ7CUek2mhAGIJKuqqm3loIHmxZlkSWnq7XVqf1+Sp6lUCr7vi+d9329LINfrdWQyGdGr99RUsW3byGazaDQabWWSKfWbFKmyLIvtUm9gSjdTQpYSvafOrVgsivckhbvneajX63BdF67rivLL+/fvx9jYWFtqmkor0zpQOpnS0ySWTy01SGtCgpmOazJRk0qlxHyolDQJ+0qlgmw2C9d1oaqq6AXd39+PhYUFyLKM0dFR9PX1IZPJoFKpwGv1ZavVaqIvtKZpcF0XCwsLyOfz+OQnP4lCoYDh4WE8+uij2H1yKbHx4N3XYUVP7qL8bjAMwzDMpYsMIX9Z/AJYEneKomLbDTdg2w03ANQp+ZKt7EvntQAkYPOWzdi8ZXPzMQAAl4A+b853yS7JzwXDMAzDMAxzsWEBzDAMw1wR/PbP34lvPv4GAOAHb9bwa7fdiqmTk5ibmxMJWBKdvu9jeHgYtVpNiFNKfVqWBc/zoKqq6AlM4pCEKPXLpX64JCWpdDKJyqR8Tfb/bTQaiOMYpmkiDENomiakJ42DLgBSWpWksWVZIsWa7B1MSWLqpZtKpdqkMpUwrlarYi0Mw4Cu66LnreM4sCwLQRDA8zwYhiHKKJP0BdBWAlpVVVFmmiQrSdA4jlGpVISIpkQsJYBLpRJKpZJICydL19G4aTskZEl4q6oqktVUipuOhed5QhrTsSNRfGrKm6Cy0IqiiJLX9FlRFAVzc3NiPbLZLEqlElavXo1yuSwS11TumspqLywsYNWqVVAUBa+//joWFxcBAPfeuxN//KNJ0NW63/5nH7kwvwQMwzAM8wEgjhsAZMRSBCCGJMVAHCFGA3HcaqMhxYnytgoQS5AgoWlBT7djyVK4xKntOICoVae4dc4SSyAJLZ1hm6D9JfYhRpHYnyRJiKXma9v3Jbekbet8I05s9hy0i96lKjHLNcDN1zdTt5IY21IKt71McJR4D9pes7yd0TCX+hTHNEkpbvUAfpttxWg+nzjmcWudJSle+kxAEvuSSC3HzfdBilrvbR5TiX481xSSh11aOpdd6r98ar9d+opOe3vzgfZzy3cMC12GYRiGYRhmGbAAZhiGYa4ItqwbwJ3b1uKpXUcRxTLq6VWYn38DlUoFvb29mJ6eFunW3t5eFItF0e83n8+jVCpB13WRVPU8D6lUCpIkwbIslMtlke4l6SjLMrLZrEjlkgRMXigiaUjlmJNyM4oimKbZlmClVPFSAkQRYpJSuwBEj9tarSYEJ+2bevWSmKaewPR8FEXwPA8dHR0ipUtlqynVS1I6WXJ56aJYLPoG05pQiWZKNFN5ZyqdXK/X4fs+KpUK6vU6yuUybNsGcPpFVABtKWl6jSRJouQ1rQWloqn8NslnkrzJdaFkMIl2KiFN60vzpuNjGAbK5bKQ/tVqFdlstu3Y+b6PKIqwatUqnDx5UvRZ7u3txfz8vEhDz87OIggCmKaJ43YKjagGALh7+3psWtt/wX8fGIZhGObSpdViIZIhSTLimHSeAkiKEHnCpcUxJMRNoXqGaORpMjaGkHjNvrQkUBVEUYyFhQWUy2VoqoqVK4cgy8pp22xt+fR9SBIarZsHbduG67rw/QBh61xPUWRkMhl0FgrQdBnyO+zHGrdJUzqvxLK31XyJjDhuSVKgtdattY1jxDHgeR6KxaK4mS+fz6Ozs9BWzWb5Y04Od0mUns/M6fgtyXcJkiS3ti+Jxz3fR7G4KM4lM5k0uro7oakaRFT6PCWqaIcSRwjDBsrlCuxarXkDaBxDbbWNyeVyyGQyS2IdkhguJZ65BDPDMAzDMAzzXsACmGEYhrli+NcP7cBTu44CAL76+DH8yo0bYRg6Ojo68Oyzz8KyLMzMzMBxHORyOfi+j507d+KNN96AZVmo1WqYnJwUF5PCMEQqlUKtVhNyVtd1IVcVRYHneW2JWLrIqGmaKNusaRoWFhZE2WJKpeZyOZFYTT6XTBHrug5N06AoClS1+Z91St4CQCaTEQI2CIK275ZliUQviVlKIVO62TRNIXtlWYZt2+Ix13WFOKVkrCRJCIJAiGkSrsnex57niV7JjUZDiF/HcVCv11Gr1UTpZSrPDSz1Pk5+ByBSzvRvSv7SXEj8JteGUtJJYU7HlN5br9eFmKdy0JTKpsQyADFnKv9NpbL37t2L7u5uGIaBTCYjxDuN0TRNcVPBUurbwn99fgZ0ifBff2HHRfptYBiGYZhLk7/92/8Gu+agatcwP78ANPUufvDDR/DY40+ING7c8nhf/KVfwuDgCgCN1hbae8kmZdtjjz2Bl15+GYqi4Ff++cPo6uoEoECWVbz80iv40Y8eQ6VWBeIYq0dW4eFffhi6TqWoz0wcx3AcFy+//AqOHB3F1NS0ODek/SfPAQEglbKw8957cNNNN0FRzl8Guq6Lv/vmtzE5OQkA2Hnvvdi2bas4/zsXcQzMzc3hG9/4BqpVG9u3b8e9994DWW7OZ3FxEU8//SzeeOMNOG5A74IkxRgaGsIDD3wGgysGzmvMktS8kfB73/seDh46AlVV8bGf2YnrtmyGclbJLkYsboY8cWIC3/3ud+E4Dm666UPYsWMHDMMAIKFcruLJp57Crl27RAUZErEjq1bhM5+5H319PS0tu4wIsJT8UUKtZuPZ557HK6+8Att2TzvG9LNhGNA0NRHIlmAYOj5+333YuPEqcRMmwzAMwzAMw1xMWAAzDMMwVwwfu+UqbBjuwaHjcwgaMlL9V6M49jp6enqwYcMGzM3Noa+vDwsLC5ifn8c999yD/fv3Y+/evejs7ESpVEK1WkUmk4Ft29B1HaVSSaQgKFFKqViShyQFKRELQJSQrtVqQmgqigLDMERalUpPU2KVtplM/xLJ8tLJPrO0n6R4JMkZhiGq1apI5pqmKcaRLFVMF9yoxHKlUhElkGl+NH9Kx3qeJwQw9c/1fR+u68K2bZF6poRtpVKBbdtiP5qmCfFLolaU/Wu9hhLVySQvrVs6nRbpatoW9StOSnbqF0zzTD5Gc6R9Ul9j6oFM/Z8pxUy9jBVFEfJ6cXERjUYDxWIRQ0NDqFQq8H0fR44cgSRJIgl87bXXYmpqCoWRrdhzonmsrl3Th3s+tP6i/k4wDMMwzKXGm3v2IkYzO0nEcQzf91ttHNB8tvV0FDdLRb8dJGB932+1+IhRrtrI5Qt4bdcrePa55zE/t4AoUU443bqJ7ixbbH1vvtb3A7z00ktYXCwBIkmb3Hd7EtlxXPzDP/4TTpw4gU984uPIZNLntUZN6eygWq0CAMKwLs4xl4MkSWhEMWo1F9WqjWrVRtiIMD05hZdfeglv7dsPx3aS72jtV8LExEl85zvfxYMPfhZ9vb2ntc04F67ro1ZzmjfbBaEo17ycMTfP+WLU7Oa4S6UqgiDE3PwCXn7pVbyxZ4+4Qa/5HoA+K8fGxvG33/g7fPazn8bwypXLHi+loQ8ePIQfPvIoZmZmWzcf0rjbU8l0Q6DvL527yrIEXS/ANA0WvwzDMAzDMMx7BgtghmEY5orid37hTnzxj74NAPgvT5/Elz+7HW+++SZWrFiBQqGAxx57DLVaDWEY4rnnnkMURcjn83AcB7qui367JAEVRYHruqLMcrJEMJVPpouHJHo7OzsRhiEcxxEJWkqxplIpUebZdV3R05fELbCUMqA+wbIsi3F5nifGlkwMU09cksNU5jmZQKjVakilUgAgRDbQ7B/suq5IG8dxjHQ6jTAMRaqVZDEJ4WRpZirBbFkWbNsWAprEK613UqRTj2QSxbQt2i6J8GQSODnPIAiQSqXEOtEXHRfaviRJYv0pGZyU5vQe+reqqiIFTHKY0rwkpF3XFXMMggDZbBau6yKKImQyGfT29qJUKmFgYAD1eh39/f3o6urCnXfeiT/4hxlQ37jf/vk7L+yHn2EYhmE+AHR3dwMAGnGEcrkszmfS6TQsy2h7bRzHUBUVy2voipYRbPbkHR8/gR/+4FGMj4+L8wu6cU3XVXR1dZ4jnRu3vprnAflcHq7rQdVU5LJZ5PJ5ZLNZWJYlzg9nZ2cxPn4cjuMiimLseeNNbNiwAVu3XrdsEboEJZPjc+jvsyGJGVRrVTzzzDN4/vkX4DgeZFmCputYsWIAw8PDiKIIhw8fxtzcAqIoxsTESez66S7cc8/drfTt+e+7/fu5oJFSv+TWuatt49nnnsNPfvITeJ4PWW6WYe7v78Xg4CBUVcXhw4cxPT2LKIoxMzOLN998C0ODg8sqY03ngbZt48mnnsLU1DQAIJVKY8vma7Bx40Z0dnaKyjgnp6awe/cbGBsbQxg2bwq89bZbcO+9d8PQ9aUexSyBGYZhGIZhmPcAFsAMwzDMFcVDO7fit//zDzC3aGOu7EHJDWFx8VmR+kyWN65UKojjGJlMRqROSBpKkgTHcSDLMlKpVJukpC8qgwxAJE7r9boolSxJEvL5POr1OlRVFaWQSWqSpKREMW0nmYSl0s+UVs1ms23SksZwan9ix3HEuOmL5qRpGnRdh+M4MAxDlDQmoUnJZ8MwhEyl72EYtpWSpv6+9Dhd8AqCQKSESYKTIKe0LV3wTYrv5Bon14PkLIlcAKL0X7IUNI2FxDfJcMMwEASBGAPJ/GSam+R3vV4HACH+TdNEX18fZmZmEIYhdF0H0BTnlmXB932EYYgVK1ZA0zQMDg4inU5jZGQEnZ2dGB8fR2dnJxqpflS8KQDAQHcOD9593cX6NWAYhmGYS5bf+q3fRIwYtuPgL//yq5iebrZGuPfee3DzzR9CmztrOcFla8Q4br0lxmM/eqzV9kHBunXrsGXztRgeHkahUIBukKx7O7VKvXMB0zTwS1/8RSiK2ir9K53yMuqtC8zPzeNb3/o2TpyYQD0MMTp6DJs2XQu91a7ivWNpbocOHcbBAwcBRBgY6Mf27dtxzTUb0VnoEHNxHBff+e7f46239iGOgePHJ+D7/pIAToai35Z3Kj+pgy79r4RDhw7jwIEDiKMIAwMDuHHbNlx77TWt0t7NY1OpVPG97/0D3tq3H3EcY252Hp4XIJ22zr3HVs/hqekZzM8XAQArBvrxqU99EiMjI5BlKfG6GINDg9h6/fV46aWX8fgTT8B1PUycmEC1UoHR1b204WQLZ4ZhGIZhGIa5SLAAZhiGYa4oVEXGb3z+DvybP38EAPAbf/kMfvWmIUxNncTExASmp6ehKAo2btyIN998E67rolqtwvd9IVSp/DMJTcdxhAikpGcyVUDylMoWkyymPrNUBjmZuiWhGQSBEI70eLKEoOd5yOVyYp9RFAkBSUnazs5OLCwsCElMvYOT5aUpkUsSlRK5nucJQUv7pfkkSy6TYCVpmxStyXVoll2MxDhPLVdI0puEdVKi0/MkgGmelNylbbmuKwSv53kizQMspYhJ7lK5bZK/VAabxDQJ3CAIEASBEMWZTEYc7ziOMTU1BcMwxNhpfJRy1nUda9euRaPRwBtvvIFCoYDdu3dj7dq10DQN1WoNX3l2j5jnb3z+DqjK8ks5MgzDMMxlgxS38rxkyZZE62k53/OUaImtIWpJw/t/7lMYGRkGqUUhb6W320H747IsIZU6m1CM27739HTjhhu2YvLkSYRhA7OzdAPZ+QrgpfPBd+ISk2sZRREMTcftd9yKj3zkDui63nbjHQCYpomRVatw4MBBhGEDruchCMK2Ci1n3VHbvynNex4DbWvGGwup3mg0YBkGbr7lJtxxxx3IZFKi5DaRzWawbt1aHDlyFK7nwfVchGEdwLkFMM19dmZGtAFZv34tVq1a2UqHL+1Iatb5hqapuOaajXjt9d2YmJhAsViCXXPQ3UWvWf7UGYZhGIZhGObdwAKYYRiGueL4Fw/ciq9883lML1RRdho4VsthYXISMzMz6OnpwdzcHEqlEqIoQl9fH+bm5kRalERhqVQS5YNJQNq2LeQqSUZKwCZ7zibTwgCErMxkMgCWpC5tM/l6EpmU2KV901hIqtL+wzBEuVyGYRhCetIYqVQx9R0+k3Al4ZwUusnS1tSbmCRqsg8yvZ9+JqlM40vOgcZPc6FxhmEoUrinpp+TyWkaC21HURQEQYB0eqmnXhiGIqFL26T+x/V6HZqmoVarIZ/Pw/d9IcKTZaeplDVJeUpBd3R0CIlOPaKB5sVSkuq7du3C1q1b0dnZiUqlglqtBsdxsHr1ajQKG1F2ygCA/q4s/sfP3HKhP/YMwzAMwyRYv34dHnro8zBNE9R+4eKRjHzGyOUyrfOLGL4ftN3c936QzWbw4Oc+h3Xr1ohU66lQy4+259/nFKth6Pj0Zz6NTZuuhaJIZ1xHKh+uqEpTDCcqySyXIAjEuWgqnYYiyo6fGU3XYZrNZHQURaiHjbO+lmEYhmEYhmEuFhwtYRiGYa44UqaGf/8vPy7+/e1Xy+gbGILruhgdHYXjOKhWqyLB2dfX15acpQtg+Xy+rRRxJpMRgpNSqiRiaVvJNHAYhrAsS5RZppLJkiQJOUi9fSnNm9xfUgzTuBqNhtinpmnIZrNQFEX0n9M0TYwxm80KoZxKpcRrSGqTTKb9U2llWgsAQhb7vt82Z0rR0uM0VpLDQRAIIZyUtsm5hmEoykQTtH1KCFNpZhLUcRwjDENRzpvS1bT2qVRKpK2TqWES25QWzuVyQuCThNdapRnr9To8zxOp4EKhIHo703YLhQIMw0Cj0UA+n29eeFQUpNNpZLNZMd9MJoOu3gF869WSmOP/9es/C0Pne/QYhmEY5mKi61rzJjTE4ka/d9qbNdkCJIqa5yJho9H6ihA2YoSNCI3WVxwv9cBtvu/CzWv5LJUv1nUDXd1dbS0yxKvE2jSTznLrZxGUfh/72aqqho6OPBRFettjSPMCkCjJfW7oLc2y3s3j7HuBqBSTFMnJnxthiCAIxL7VZfQbZhiGYRiGYZgLDV9dZBiGYa5IPr9zK/7Tt1/AK/tOAJBwOFyNwcFRnDhxAr7vo1wuIwgCrFq1CuPj49A0DZVKpU2IJksma5oGSZJgGEab/Ez22KUewCSADcOAbduwLEuI22Qv2nq9LvrYAmiTq3QRi2Qo/UxyNo5jISw7OjpEUlbTNFiWBc/z4Hke8vk8giAQY6J9E0nxTKlaoJmmpUQxSVOS2kCz/zDNP5kUJkkNQKwZvZf2R9uXZRme57U9DkD0+aXtJktQ0+tIIAOAZVmIogjVahVhGCKdTgspTK9pNBpC2AJArVYT5ahpTWltSNbruo5GowHXdZHJZDAzM4OrrroKPT09OH78OAYGBjA6OirKaLuuiyNHjqCvrw+pVEoI76ePmwCax/nDW1bhs3dtedefb4ZhGIZhzkUMSBEgyXg3UVYSf0EQ4K239mH02Diq1WrbDWxLPYCb50LVag3hJZEKXUolL319kJrTnmc56fPdeqsPdGdnoXWeXMfR0VHMzm7BwEB/6zVL5+X0WRgdHUVxYQEAkM/lkEqlz7R5hmEYhmEYhrmosABmGIZhrlj+4rc/jW2/8BUAwKujNfzaXfeg9uiwgRfnAAAgAElEQVT34Lqu6Pt6/PhxkUSltCqJOxKQhmEIMev7PlRVFcmApFBtNBpiGySOSajStjRNE6+jhCuVSk6mf0+92ESyN5l8SIpW0zSRTqcxPz8vRDCwVBY52aOY9k8im74ACFlNstU0TTFOkuMkX0mUkvxNllSm/dM60thJBNP2kwKc5krPUYKY+gmTkKVEBq2p53niuOm6Lv5Nr2k0GkISq6qKxcVF8TOlpoGlsts0Byp53Wg0MDs7i+7ubuTzeUxPTwt539vbK147Pz+PWq2GUqmEer2OQqGA4au24kcv+a05S/i//80DF+4DzjAMwzDM29ASncJ5xu2PL3crkgTX9fCd73wHe/fuQ5TwkZL430RS9AyPvS984HvRXlz5C6CV+gVWDA6is7MTtj2B8fFx/N03v4mP3nkn1q9fD1VTIQGI4hiO7eDVV3fhpZd+gprtQJYVrBoZQUdH/n1NSjMMwzAMwzBXJiyAGYZhmCuW6zeswK/cfzO++r2XAABf/0kNn7r+ejz6yCMwTRN9fX2iTy6wJB89zxMClwRnMhVMr9d1HQCE+CR5SlJX13VoWrP8oOu6QiDTPnRdP620sqqqoqewruuI47gthUxCmh4zjKX+Y3EcI5VKiX1blgXXdUW6ldK6lMqlRDL1u6V5kaQF0CbEgSVxqygKTNNEEATwfV/MW9M0IbJVVRVfBJXIJmFMJbGT0HOU0KX0NPUCrtfrouR2ci1p+6ZpolarIZPJiBLTVG6b1kzXdSHvTdPE/Pw8TNOEruuoVCro6OgQsp9KRxuGgaNHj+ITn/gEdu3ahVKpWdZ5y5Yt8DwPd9xxB/r6+vDKK6/Asix0dnbhv+5Zmtf/8JlbcPVI77v9WDMMwzAMs0yk0/zh+Sdg41jCCy+8iP0HDiGKm+WRe3q60d/fB13TW5ts7kiWJcSQsbhYxujoUdEi431BOlWgvo9jeUdIia+LuBcJyGWz+PDNt+DR0o9QrlYwNTWLb/y3b4nzP6rcQ1V1aHwrVw5h+41bYRha+7AZhmEYhmEY5j2ABTDDMAxzRfPlX/0YvvXEGyhVXSw6ETxrJQYHB9Hb24tsNoujR4+K0sbpdBqe58E0TQAQvXpJmgKAaZpCEJ8qjqlvLyWDgaVSySQxSWjKsoxGoyH629L2ScaqqorBwUGRsgUgetyS0M3lcm1ympLAJDxpP5T8pRLPlGqlpDBJZEolk4ymBC6NMwzDNnFKQpYeAyCEM+2P5kwyl+aZlOvJ0te0f5LAVAq6Xq+f9l2WZTF2ErkA2kQxALEOmqbBdV0hoGletm2L56kPNKWISfrHcYxSqYSOjg4cOHAAmqahUCigr68Phw4dQldXFw4cOID5+XncfPPNOHbsGLz0KizUJgAA+YyJP/7Vj12sjznDMAzDMBeJWq2G3bt3o15vnvdt3rwZn/vcA9ANDVLcFJSSRP1iY0CSsXfvPoyPj72/Apg5J9TWV5Zl3LBtK2zbweM/fgJR1IAkyeKcGoghQYIkSzAMHamUiU2bNmPHjh3I57Lv6xwYhmEYhmGYKxcWwAzDMMwVTSFn4Y9+ZSf+5X/4/wAA3/ypjS/deBNMXcGLL76IXC6HyclJUZqZUqzpdBpxHIteulRG2TRN8VpgqVwz9ZdNPkc9hEnSAhA9bc9W8pm+VqxYIYQkSc90Oi2SxiQ78/m8GBslfKMoQj6fh23bsG27bT8keRuNBjo7O+H7vuhbTPsmCWsYhhDjAET/Y5LXyX68iqLAcRwhfamsMu2P9k/yOVmOmp4jSUypZ1qvZJlmXdchSZLYl+u6oldxEAQisZvNZoWgJ7FPpa8BiP2rqgrP82AYBlzXFb2bHccR+6KkNiWW9+3bh6uuugrHjh1DqVSCZVmoVquiJPXU1BT6B1fi9/5hUnwO/+xffBzZlPH/s3ffYVKVZxvA7zNn5sw507axLEtvC1IEVEBBURB7i/2LSuwmGk1RE0uKsUWTL/k0UaNRo7GbiL2gIggKgqhUKdI7S9s2O72d74/hefcMS1kEad6/XHuxzJzynjNzhXXveZ5nD76ziYiIDnzNu+bufzNqU6nUlhAw/3NNz0N6wjDc0OwcCitU82GvjRz2Rvti2pNsLF+2El988QU0TcNJJ52MDu3bqv8GyH9I0aX+G6GkpBh+vx/5H+/3v/csEREREX0/MAAmIqLvvevOPQqPvjoFC1ZsBKBhwtpitNr8Merq6qDrOgKBADRNQ2NjI0pLS5HNZpHJZJBKpWBZFkpKSlBfX6/aHQsJaKUdcy6XQzqdVq2Gs9lsQcWtrusF2zqDWWcb5FAohLKyMhXUGoYBl8sF27ZhWVZBW2YJmSUklYBY0zQEg0FVCSutrt1uN1KpFLxerwo+5dxSreusZJYKWwm2NU2DZVkFs5AlfJaZwbKd2+1WawGg5i57PB6kUqmCNnrOecfbuqdSDSzVvc6KYr/fr8JpuUapuJF7CEC173bON3bee3l93G63at8tVdAy5zedTsOyLKxZswbxeBxerxcjRozARx99pGYHh0IhTKjWkNsyJPDQbm1w9VmDvpP3NhER0YFOPghn76d5ab5rSG7Lh9U0mF5vvhpUA2C7ZKuCD/cxEDwwyAzgXC6HZcuXYdPmTSguKUHHjh3QtUvngu3ynG9S2/HF15uIiIiI9j7XzjchIiI6uGmahufvvAged776c8nGFIwORyKdTiMcDiMUCqlqT03TUFZWpkJb27YRi8VUoJjL5eD3+1FZWakqZGWWrlT5SvArAaWEoV6vF16vV83JlapXOS6Qr+jt06cPiouL4XK51POxWAyZTAY+nw9ut1s9JyG0/Cnr0HUdHo8HlmXB7XajtLQUgUBAzch13hvLsmDbtgqRDcOA1+tFKBSCz+eDaZpq7rCEtxLUSntrAKpdtbMdtVRAS6Vu0y95bTX/GCic+yv3UFova5qGQCCggliv16uuy+VyIRKJqNDY5XKp2b9SySyBtLR3lnnB4XAY8XhcVfZK4CvtpeX8EggD+SqgaDSK+vp6ZDIZRCIRTJgwAZZlIRqNYtWqVajzdsP0xRsBAB63jhfvvrjZnGMiIiJqUhie7l/kZznbtgEbsHMAoMG2nf+2SyWwC4l4Et988w2yWbZ/3t/JW862gWQi/yHPxsZGzJs3D5FIIwpD3q2D3vzrzV+7EREREdG+wgpgIiIiAIf1bIs/XX8abv77OwCAT1d6cMaRw7Fy4SzU1NSoINC2bdTU1MDr9SKdTiORSCCZTMLn8yEejyMQCMA0TTQ0NKjANRKJqEpV+eWlx+NR7Y+l4lRCQGlv7AxDXS4XOnbsiNatW8Pn86l5uMLv96tqVqlelfPIOU3TVPOHpR20s8JW13WYpqlaSksbZDm/hMDOub3S1lpaY0uFq1RIBwIBpNNppFIpxONxFdJKFbVt2yo8lbBczucMeAGo65Dq3q3nATtnLct+pmkil8uhpqYGPp9PVfgahqGqsOXeyHU7r1POLXN/pYW2VDZ7PB4kEglVgSyBeTQaRXFxMZLJJKqrq+Hz+WAYBoYefzqe/qxavW7/94sz0KdrxZ5+OxMRER3wNM0Flyv/77IGDZs3bUYuB7hczrBNwrXcLnyYSsO22y872zXvTH4NNgBNd8FjeIBo/gN79fW1yOWy+Z+dtrR9hp3/OWfT5hq8/fZ7WLJsGexc/rpgb289LbgOe3c+QLb1vi04lr3lnttafpyxc9nb3d0ZdG9dAb07ob6GXX/NdvEMW14al8uFUCgEXXcjncng00mT8fm0aWhT0QYdOrRHp06d0KZNG/j9PnjcbrjdOtxuvdl7kh/4IyIiIqK9iQEwERHRFr/84TEYM2UBxn+5BAAwfn0lftA3hxXLl0LXdfh8PgBQFbMSPgJQIWY6nUYsFkMikQCQrwgFmip4Jfz0+XwFYSgANSPW2dJZ2ix37doVnTp1QiaTQSgUUuGotC2WQFiqa5PJJEzTVIGlVAZLACrbysxiOZ6zYjiRSKjqZKmslepXCVjdbrcKTQGo4FbOIWGpnM8wDGSzWfW83DfDMApaPkuVtIS6cmwnaVct91fC30gkokLqZDIJr9er2nNLuO6cGSyBspxXWj87A24JzSVstixLzUZ23nsJimXms2VZ6rrate+IF2c1/eLv1CE9cf35Q3f3bUtERHRQcrt1hEIhrF27DoCNOXPmoFV5K7Rr1xZuPf8zQSAQRCgU3Mas4B3Zs5XEfr8PrVq1Qn19GNlcFtO++ALFxcXoXtUdHrcHNbU1WLlyJRYuXIjly1cgFo2irKwVYtEY4onEVinqrtqNWcI20LxidSc38lvll9824N4Ze6s/W7KObX2/gzNsuUeaBvTp0xuLlyzBosWLkc3lkEwksXLlSqxatQqffTZFfZAyGAwgGPSjpKQEVd2745BevWB6jZZfFhERERHRHsIAmIiIyOGluy9Gv0sewIbaCOKpHBblekLPLoLf70dNTQ3Ky8vRpk0bzJs3T4WAFRUVSKVS8Pl82Lhxo5p5K1WlXq8X0WgUAOD1emEYhgpjnZW8mUxGVZK63W6k02mEQiEcccQRaNWqFQCo47ndbsTjcRV6JpNJFQzrug6/3w8Aqm2xBKRSceycw2sYBtLptJrjK0G0zP/NZDKqylXaQAMoCEqllbLsL9ch65HtpNWzz+dTa5dZwQDUdem6jlgsBgAqbHaGzHI+CYUlLDYMA5ZlIZFIwOfzIRqNqkpeCb/lGBIIO8NdIN9O2+VyqYppuXfpdBrBYFD93TAMVVEtx8zlcmotAFTYbxgG1gcHIxnJb1tRGsALd130Xb2NiYiIDngejwd9evfCwoXfIJcD6hsa8MYbb0ICPw02+vfvj4svbtm/p/l/m52h4e6HkhoAw+3G0UcPxZo1axCPJ7FpUw1eePHlpm0cP8O4dRcOOeQQnHLKKRj96mtYs2bNbqzD3s1s1dlhpaWVtLb6366eZ9vzcXeN3exvOz+GbSPfjtv51UJSsZvL5dAYiSCZTEHTAL9lwq3nO+BkMhlkMhlks1lEolFEolGsX5/f/8svZ6BXr54468wzUFpauosfVCAiIiIi2j0MgImIiBxaFfvxn3tHYcRP/wkAmLE8jPP6n4AFU95CNptVc2E9Hg9qa2sRDAYRDoehaZqqMpXQTyprU6mUmu27dTtjCYAlPHRW/Xbv3h3du3eHYRgoLi5GPB5X83cBoL6+Xh3T2YZZvqSS1zTNgpnAtm0jkUiofSORCPx+v6polQpeTdNUNWsoFFIBbyqVUmGuzPWV4FcCX7k2qaxNJpPqOQmlLctS983ZFhpoqgDe+n5JJbIz1Ha2rJZzSagsVdA+nw/pdFrNXZZf1EWjURiGoaqm5RzyCz3nnGCv14tcLlcQ8jpnOEtbagniZW2pVApdB5+J9xak1PFfue9HKA5a3+2bmYiI6ICVD/cOO7w/Vq1eha++mrnlZwr5eSD/7caNG5HJZODxtOxXG/l20rsaYO6IC4CNHj2qMGL4cHw8YQISiSScYaqcs23bthg6dCj69u0Ft+6GZZnALlexOhXOn5WfIVvSZjif+W4VyKqAfGf72wBy2DLyuIWa2jU3D+J3ke0M81saJOdgI7fldd+1c+ZyNubNW4B3330PdbV16Ni5E04/7TS0atUKiUQC0WgU0WgUjY2NqKuvx6ZNG7F27TrU1dUhl7OxYME3KC4qwmmnnQbTZCUwEREREe09DICJiIi2cuxhXXD7ZSNw/7MTAACvzUlj1JHDMPOLySp0NE0T9fX1iMViat6rVPnKbF0JZKXNsQSP8os5qbIFoIJJ53zbXr16obi4WIWYUvkrLY4l8JRwV8LbQCCg1uh2u1U4bFmWWr8EnpqmqWrhWCyGYDCISCSCRCKBbDarKnKDwSASiYRaSzKZVNW0EnpLOJ1IJFQ1hITazvm+wuVyqfbS6XRa3ROXy4VMJoN4PL7NGcCyrQSzct/k3lmWBV3XEY/HVZhrmqa6385KZU3TUFJSgmg0qn5xKvdJXq+t5zVLeB2LxeDxeOD1egsqfqUaXLY9/MhhGL2gaf7d768ciWP6d96j71kiIqKDT340xTnnnI0eVVX44osv0dgYBpAfYVFaWoouXbrstKrS+SGyHj2q4N3S4aOidetm4yVavrSmillN0+BxuzFixHHo27c3pk6dhhUrViCdTsOtG2jTpgL9B/RF9+7d4PEY6gNyRw4ejE6dOyHo96vuKi3l8XgwcOBAVFV1hwYb7du336X9NS3funrYsKORSCbh91uwfN6d3svKykoMH34cstkcgoEgfD5rF0JnGy7dhX79+6Gysi103Y227dqipWWx8joWFRfh2GOHIZVOwfAYKCoq2tmeaF1RjmOPPQapVBolJcUwTS9aEnbbNlBbW4tPPvkUtbW18PsCGH7csejUqQNcLiAQsNCqVYk6lhRkp9IZTJ36OcaNG4dEPIllS1egrq4OlZUVLbpWIiIiIqI9QbOdv4klIiIiAEAmm8OwHz+KL+avBgAETReO9M7G6lUrCubh5nI5NDQ0oLy8HNXV1QBQUM0LNLX+ky8JF52VsvILSGfwOGLECFRWViIYDKoKU9u2EYvFkEqlUFNTg9raWliWBb/fj1AopOYTSytkCVmdlbemaQIA4vF4/peTW9ogx2IxVcUrM4wTiYQ6hlTNSmtkCYid1yW/BMxms4hEIshms0gmk8jlcojH4wDybZ6lFbYE0olEArZto7GxEZFIBHV1dZg9e7a6d84/3W63Crzlnsl9dlbiyuxjCaBlOwmzE4mE2k6u0TAMFUg7w3IJmKPRqAqDbdtGUVGRagMtob/X64XP50Mmk0GbynaY5zkajYn8uQf17oApT14Pl4s9AImI6PtHfjaSnxmks4Z8OCubzcKyLOQrWrfs5OggnP9AmQu67nJ8QCz/5PZCSOfPY1sOg6ZvWhZeNj+o43ut6Tz5n1cA285fk+7Soblc0GQH5xoc+eOurqDZL3Ecv9bZletR3Z+RL+fN77rj+6gCW8eNbGkAXLC/Q4uaT29n/53WK8vr0vSIY5+dBcA2vvlmEV555VU0RiJo164tRl1yEcrLW205rmxXeFwbwKbNtfjPf17B6pWrESwK4X8uPB89e1bt9DqJaM+QsULOD/JKlyv5b+9v9f//REREe1k4HAYAzJo1q8X7DBgwAEC+XxERERFtxa278Mp9oxDw5St0GxM5fJ3rj/btO8A0TVV5Kq2UN2/eXNDK2RkeyuPOIFP+Q1SO4yRB5ubNm1FaWgrLsmBZlmoj7fP5YJomLMtSFb7O9s7pdBo+n09Vvsp2ErxKeOn3+1W4bBiGCnZlvV6vV7VplrDXsvKVHtLiWgJeqdx1tqCWapZUKoV0Oq1+0Svnl5m9cq+kYleqd4HCVtnSbln+LvdPKnmBphnLcg8ltJZrlLnA0u45GAw2q+BNJBKIxWIqNE6n06qCWYJi27bhdrsRDodVxbS01Jb2z2VlrbDUHKLC36KAiVfv/xHDXyIiop3S1L/76n9bRl643XrBz06atuNf4jt/fsgfecvXTvbbyfKajc2VY2kamj5AprvyIWH+ZIW7ay2fvLuj02tousZdvZ6mNci+O7+Phfev5few2f7Ytevf3v4t2Q8F++zamVOpFDJbPnSo6zpcW36Obbpfsi5XwTE9bjfcugvQtC0fCMi08EqJiIiIiPYMBsBERETb0aGiGG/8+VLoev6fyw2NOaz2HwnL8iEej6O+vh6ZTEZViwJNFS3OKlVn5arM95VQ1dn2GQAMw4DL5YKu61izZg0sy0IwGITP50NZWZmq9pVWx6FQSIWm6XQaoVBIVdI65/NKyCkBtLSTdrvdME1TtaqWdUtQLMGptFV2hqIAVGWxMxS1bVsFrC6XC4ZhqCpnZztsCcWlclYqorPZLGKxWPNf2G65Tue8YGflMQA1Q1jab8scX2mDLa2rXS4XAoEADKOpdaBt2yq0lvBbjulyudTsY+dsYAn7g8EgdF1XoXpRUTEa252MTfmu4PC4dbz91yvQvvXO2hQSERER0f7C7XGr/xaIRKKIRqLbniSsUvF8EFxXV4dwYxQ2bDXKhYiIiIhob2IATEREtAPHD+yOF++6SP190fokku2GQ9M0JJNJVR0q7QudnDPRJACWub0SiEr1roSvsq2u6wiHw6iuroamaao61+fzqbm5EmR6vV4VGudyOYRCIfh8vmYzd+WXTxJiSvCaSqXU7FsJgyWcBZpaWktY7KzalapiOX4ikUA6nVb3Qs4hQa9U0lqWpSp1pbJZAl+3260CYLlPch9zuZwKfmUtzqrgbDar5h/L99lsVrUAk7U7r83r9RZURsvjUmXsrPyV0FgCc/neWSVcXl6OTMeRWLQ+qe79K/eN4txfIiIiogOKhqJQEQKBADRNQ0NDA6Z+/jk2bNi4ZSRL/ue/TCaLTCaLVCqLaDSOtevWY/JnU1BbWwMA8Pv9CASD+/haiIiIiOj7xr2vF0BERLS/u2BkP6xcX4dbHxkDAJixKoVjDj8H4YnPFszudbvdqqrXOQ9XQkxnlau0gHZWD5umiXQ6rWYAG4aBOXPmoKqqSgWRyWRStWLOZDLNWjJLKOps5SytoVOplAp44/G4ekzTNBiGgVQqBQAFrZud65ZjxuNx1fJYrk3XdaRSKdV2GYCasSvHlgBaKqCTySSy2aw6n1TsJhIJJJPJZrN/pW20hLOJRKJgNrK8DtJuWoLlZDIJTdPUjGOp6I1Go/B4POq6pZ21VD7LdnIv5DzOeyrtKGVWcjKZhLvTsZi2Iq3ePw/d/AOcNaz3d/cGJSIiIqI9TtOA8vJW6NGjCps31SCTzWD69OlYsGABiotL4PWaW35Gz2+fSWeQSCbQ0FCPaDQG29agaS50795ddZwhIiIiItpbGAATERG1wK8uOQ4rq+vw6GtTAQCTV9g46cQf4av3/13QallCQak8lXBUKmKdYaUztJR5ulJZCwDpdBorVqwomCks1bBerxfJZBLJZFK1YJZgNZ1Oq0oFCaNdLhdKSkpUwCmzfV0uF9LpNGKxmAqTpVJXgla5FglPZe6wtIuW4xiGoUJfqcCNx+OqwhhwzsfTCsJc+ZL74aym9nq9ak3O+wZAVQNL9bPzPPJ6SNAeCARUGFxaWopwOKzun/Ma5FqljbU8b5omUqmUaict7brT6TRKSkoQDofRc9iFmLiiaX23jBqO688fuiffikRERES0F9h2fjzL8OOGI9wQxoJvvkEymUQkEkUkEmu2vWZrsGHnu0AD8HoN9OnTG0OHDoV3yxgUIiIiIqK9hQEwERFRCz108w+wsS6CVz/+GgAwdrGGU044D199/IYKZ7cXQgJQrZclbASgKlXz7eMyahsJR2OxGFatWoW+ffuqx0zTRCwWg9frRSyW/+WTtI+WIDiXy6m20YlEQu3j9/sBQFXJSrtnn8+H+vp6AFBr9Pl8qrWxBMOydglBpVpZAmwJTrPZLCzLUvtLpa5cs1RLA1DhrYSzci/kHjrn9kqgLfdTyPPOcF3WKN8nEgm1fgmqndcmr0U6nVaV2PKn7CNVvrI2aR3d2NiIfsecjg9WeNSaLjn5MNx//al77g1IRERERHuNtmXSbzDgw3nnnY01a9Zi6dJlWLV6NWpr6xCJRFXXGvkgYSDgR1lpKTp2bI8uXbqgY8cOME1zH18JEREREX0fMQAmIiJqIU3T8OLdF6Om4V+YMH0pAOCDFUU4/cQLMO2j0arS1xlUSqtgCUulBfTW822dYSYAtZ1t25g5cyb69++vwkgA8Pl8aGxshGVZSCQSyGazBbNspf2zzO21bVvN/ZU5uxL02raNZDIJ0zSRSCRUdXEmkykISWU9sgZpC+0Ms2XOsVQny7U5r1+OL/cmm82qwDgajSKdbmqfvHW1tLMltLRfTqfT6hwS5Eo1srSVlu2lAjqRSBTMMjZNUwXwEshLla+8prKd8zyNjY3I5XIYMOxMfLCiqbXfiCO64d+/v3DPvgGJiIi+BxiW0f7I8lkoKSnBoYf23ddLIaIWiMfj+3oJRERE+5xr55sQERGRcOsuvPWXy9Gna4V67L2lfvQfeTHS6bSa1StVrxKWSmWvBI7OlscS7EpoLBWx0j56/vz5qKurU8eR7UOhEEzThM/ng2masCwLHo8HPp8PgUCgoEWzzAeWoFRm2jpbTkswLH9Kla5s4/V6YRiGCmGz2SzcbrcKm52VznJMaZ8s4a+sw9k2W/aRal3nXOStA2AJnOW6ZIaxhMhyDuf8Yr/fD8uy1Oxk2V/ugcwdTqVSiEajAKACa7lXyWQSiUQCjY2N6tzpdBqGYeCwE0dh3Noy9X4Y0KMt3vrL5dB1/phFREREREREREREex9/M0lERLSL/JaB8Y/8BAN6tFWPjV9uoNeIH8E0TRWgAlDhp7N9sgSPzvBUqmyd7Z+l8jSTyWDOnDkqPAXyAaXP54Nt2wgGgwBQEMRKda7M65WqVanslYDWWcUrlbW2bauZwIZhqD9TqRQAqKpiaTUt1xEIBFTlMgB1XiA/P80Z3krIbRiGCpvlsXA4XHC/nTN/nST0lZBa7rcE0+l0GqlUCnV1dYjFYojFYsjlcioolwptj8cDwzDU9xJKy/32+XwqwM7lckgkEqpddJejL8FHS5saqvSvqsTYh66B3+KcNyIiIiIiIiIiIto3GAATERF9C+Ulfkx87FoMP7ybemzSSh2lh1+A4uJieDz5WbBS1SrhrISeAAqqgKVyWIJSqUAFAK/Xi/nz5yMajcK2bfj9fni9XtXiWVoeW5al2kDLXF8AKmCVWbhyXjm3x+NBfX09UqmUmo1bWlpa0CJaZgsDTTOCZd9sNotUKoVIJKIC7mw2q+YMSwWxz+dTFcRSoSvhrYTj0o7a2TLaGWrLPZWQXapxnfvLNct8Y6nkLS4ubnbfpM21bJNIJOB2uxEIBFSY7HytZPfHaj4AACAASURBVEawaZooHnA+Ji3Pqtf/2MO6YPIT16OsyPcdvOOIiIiIiIiIiIiIWoYBMBER0bcU9Hnxwd+vwjnDm2aBzVqnwa76AXx+f0FVbTqdLpgPDDRVsDpDUqnUlTbSEmhWV1erUFXaMWuapgLJUCgEIB/ISmgKQJ1LQmCp4pVgOhqNIpFIIBQKqWBZ2iHLueVcUqUrwbKErs55w6lUSrW6dlYgA00zgqXNtbSbllm8QkJoWaecS+6fhLfJZFLdY2lnLYF1PB5X1cmy/ng8jlQqhVQqhXg8DsMwVOAuYbJhGAXV0VKt7QyYy8tbw+j7Q3y9oana+axhvTH2oWvgMz177P1FRERERERERERE9G0wACYiItoNHreO0feNwvXnD1WPLdqYQ6TDGWhdUakCSalG3brqVCpbpQIVQMEsYKk8bWxsxPTp01VILOGvVP1KZbEEq7quq3m4EjLruq4qWrPZrAqYdV2HaZoqCPVvCa8lrJVWyhKyShArbZSlAnfra5G1O9tISxAuIbGsyev1qsBZKoCdc38lEHa2fZbH5BzOWcOWZRXMEZb74Lw3ErJns1nVdlpmLGcyGViWVTA3WdM0tKlsi0S387G8TlOv97XnHoXX/3wpPO6mQJiIiIiIiIiIiIhoX2EATEREtJs0TcNDN/8A9157inpsXVjD0sAI9Ok/SLU6lhm4Us0qQXA6nVaBp4ShMkNYqmsNw8CYMWNUKCtfMotXAlVN09QsW9lXvmzbVjOKpRU0kG/pHIvFVKiazWZVJazM6JX9MpmMavEs20tFrszdTSaTBe2b5Zi6rsPv9zerHJbZulIpnMlkCu6tMxzf+r47Q19pre12u5HJZODxeGBZVkFQHIvFkEwm1XolZJdQWEJzTdPQ0NCgts3lcug/cAhWl56C9Y1NM4nv++mp+Mevz1GV1kRERERERERERET7GgNgIiKiPeT2y0bg6d9fqMLAxiTwUU0V+gw7R4WKzkBWgk/nPFupVHXOngWaWiDPnj0bpmmqls7JZFJVAW/dVtnr9cLj8ajqWgmggcI5uhKASqgsz0uLZTmm2+2Gz+dTxwWggm0JYt1uN4LBIEzTVFW2zsBVrku+l+uS88u1bytQdT4m91CuW6qZpcLaeZ3ymOzvvKdAvm12SUkJSktL0bZtW1UFLO2jPR4Php5+OSZFDkUso285v4bn7vwhbv3R8D319iEiIiIiIiIiIiLaIxgAExER7UGXnXYE3vzfy2B68xW8mqbho+UW/P1/iIo2lUgmk6rtsLMyVcJX+V7CTAlYgfws3tmzZ6sKXglKNU2DaZrw+/2qfXImk1EhsVQKS2WsnFOqkaXFsewn55cg1FmhLBWzsgZpPw3kw1aZsZtMJtVjXq8XpmkCgDq+y+WCaZpqprEEtOl0Wl2vc4ayBNbO1tmZTEZtL+G3tNqW76XNtDwvbbJzuRyi0SjS6bSagyzXL2tzu90oKi5ByaBL8cm6IhUYew033v/bVbjk5MP20ruKiIiIiIiIiIiIqOUYABMREe1hZxzTC188/XP06FiuHltc48Ji3wj0GzhUBZlS8SrhpoS/8ry0gZYgOJfLYcGCBfD5fMjlcirgFW63G6FQCNlsVs2xBQDDMJDL5VSlsFQHy3xfCYKlxbOEwdL+2Tnb11ktDACpVAoej0etQ4Jh59qlQtdZ2QzkZ/0ahqFCXjmes9JXvnfOQwagqqVlFrKEvPK4hMdbr0muQyqEJfBNpVKIxWKoqalRbbg7duuNDW3OwtK6pnvco2M5vvz3z3HCoKrdfp8QERERERERERERfRcYABMREX0H+nStwMznfokrzxykHotndXxc2wOHDDmzWTtjCV0l6JRw2NnSWWYJP/PMMwgEAirMlPm3zspaj8ejKmTlmLFYDKlUSp3L5/PBMAwkk0lVaSytqG3bVmGsnFeCZam6le2l/bLMDgagqpOlUleel5A5k8nA6/VC0zT4/X4VQgPYZtArFbnObaTSF4AKfSXslTXLPdF1HT6fT7WelgpsCYZt21bV0y6XC+0HnIzpuUGq5TMAXPODwZj53C/Rp2vFd/vmISIiIiIiIiIiItoNDICJiIi+I6bXjSd/cz5evvcS+K18MKppGj6tLoH/0AtQ0aZSVb9KBStQON9W2h9LGOx2uzF58mSEw2EYhqGqYJ3zdiX8BfIVrpFIRAWwLpcLhmGo43m9XtUaWap65ZwulwvJZFIFxBLgSiWttG6WkFeqh9PpNDweT0EVsoTUsVgM6XRatWLWdV1V3KZSKVWZ61xHOp1GLBYrCHNlO7muRCKBWCymHk+n0/D5fKqSWkJ1l8ulKqG9Xi98Ph8sy4Lf74eu6wgEi2D2+yGmbSpVYXPIb+K1P12Kf952nmrtTURERERERERERLS/YgBMRET0HbtwZD/MefEmHN6znXpsaYMXC/wn4siTfgjLsgpaMUsb6EwmUxAMS4Dr9XqxZMkSNTdXqmQlmLVtW7V4drlc8Pl8qvVyOp1GMplUYbEEus7qY2eLanneSc4r7ZNlzR6PB8lkEm63G4lEAkB+brEEtNFoVLWWlopeCWilAlmuFWhqHy2VvhJcA/mKXwm/y8rKYFkWTNNsCm1DIRVoS+gs+8r9ljbaXq8XlmWh/7FnY337C7EmYqo1HNmnI+a8eCPOPq7PHn1PEBEREREREREREX1XGAATERHtBZ0rSzD1qRtw+2UjVEiZztgYs9RCvNsFOOyo41S1q7Q/lrbEErJK8GrbNqZNmwafzwfTNFX1bjabVVW40soZAMLhMGzbhmVZyOVyKpzNZDKIx+MAUNCCWVpASwtpqfyVimSp7nXOMZaWyz6fD8lkEgAKQmdnm2up4pXwV4JuZztrCaKljbOEwc7rknsRi8XUGqQ1dDKZVCGvpmkwTbOgjXVxcTHcbjdSqRSq+h6BaOdzMWFdKTLZprnBv738eEx6/Dp0qCjeG28RIiIiIiIiIiIioj2CATAREdFe4tZduPfaUzDlX9fjsJ5t1eMbGm2M3dAZFYMvQdfuPeDxeACgoH2xVMFK1e2cOXMQiURUBbBlWWrOLQA1Y9e2bZimWTDTFyic0SvVtxK8SpDsrEqWMFb283g8Kph1Vg9HIhEVCsfjcRVIy59er1fNKJZ5wXIsqTYuLy9Xa5MKYJfLhXg8rsJx53xfaR0twbeu6yqsluBbtgfyFcGZTAadunRDxZGjMLGuBzbFmn4kOrxnO0x/9he4+ycnQ9f5oxIREREREREREREdWPhbTSIior1scO8O+PLfP8c/bzsPpSGfenzOBhe+yA1B98GnqRbO8iUBqlTVZrNZvP/++6qaVubfSggq7ZIlCAWgZvNalqVm9koVbCqVQiKRUDN5JYy1bVu1gJZA1VlZK99LpbKE1lLJC0C1mI5Go2pmsNfrBYCCucMSdBcVFW1zFrAcH4Bah1yDzCOWsLpNmzbw+Xzw+/1wu93weDzw+/0qEO9yxMmYqR+LhXVN7Z5bFfvxxO3n44t//wz9qyq/q5efiIiIiIiIiIiI6DvFAJiIiGgf0DQN1/xgMBa/eguuPfcoFdJqmgufritGbYdzMXD4mQiFQqoKFoCqhjVNE1999ZWq1vX7/apNtFS4AvmgNB6Pq0BWQmQJdaXKV9YkATOQr8yVql5pBS2Vvm63G+l0Wn1lMpmCfSWMNQxDzSeWebuGYSCVSsHr9apqZ+eaZEawswJ4W+GzhMES+spcY8MwUFtbC8MwkEwmVcCt6zoGDj8L8Z6jMK2mApom91TDT88bgkWjb8FVZw1SrwURERERERERERHRgYgBMBER0T5UHLTwj1+fgxnP/QKDendQjzemdLyzNIRo1wsxeOQ5KCktVRWy0s44Eolg7dq18Pv9qpLWMAwV0kpAKuGwPCYtnyWA9Xg8KkB1HsNZresMh6WaV6qNpS1zOp1W1bq6rqsAOZlMIpFIqEBYqny3DniTySQ0TYPP50NxcbFqLy37yRple2lBnUqlVHtpt9utzifr79atO0aecwWyvS/D+OoKxDIedZ8H9+6AWc/fiId/dTaKAk3VwEREREREREREREQHKgbARERE+4F+3Ssx9V/X4+nfX4jyEr96fG1tAq8v8GJV2ekYeOJFaFVeDgAqGH3nnXcQDAabtTiWdtDyJbNypbWzy+WCbdsq9LUsS7VKln1klq6u66oiNx6PF+wr22azWZimiVwupwJkCZdldrBpmqrSV0JbCXSd1yTX4qxMlj8l1NZ1XQXCpmmqltZyXsMw0LVbNxx39tWYb47Aa/N0rKtLqPtaURrAv39/IaY+dQP6dK347l9gIiIiIiIiIiIior3Eva8XQERERHmapuGy047ABcf3w9PvfIm//WcSlq+rBQBEEjm8t8gNzTwBQ4bEEVv5BdatXY158+Zh5cqVaN26tQpXpWpXQlwAquWybdsFIa9hGPB6vaqVtASyzhbR0lpaguNUKgXbtlVFsFTkplIpVfVrmiZ0XUcymYTf71fVvaWlpeq5rds6S3trmVNsmqYKnOW4zjbTEv6m02kVAudyObTr0AlWx8H4ZLkL9gINQNM+3dqX4Rf/cwyuPHMQLG9TJTARERERERERERHRwYIBMBER0X7GZ3pwwwVDccMFQ/HK+Dn428uTMG3eKgCADRemrPPDdg9H38E2ulib8e677+LKK69U1bZut1u1RE6lUgDyQa6zJbPM45XQNZ1OwzAMAPl5vMlkErFYTIXIEgA75wBLxa5t27AsC4lEAoZhqOrgZDIJXdcRj8cBQLWalhm/8rht2yq8lbbObrcblmUhmUzC5XIhk8mo9UvLaakALi0thc/vR9feR2BppASf13igLS+c4zvk0E648aJhOG/EoXvlNSQiIiIiIiIiIiLaVxgAExER7ccuHNkPF47sh68WrMH/Pj8Rb3wyF7lcPmCdt1HDPLSG11OBVtPW4vzj+0JHArlcDj6fT4W1UsUrYa3M03XO/pVgVap2pao2Foshk8k0q/yVEFj2l8DW2ZrZsiw0NDQAgKoeNk1TBc1SiSzVxslkEgDg9XphGAaCwSDq6+sL5hlLuC3X0X/QMUiHumPqKg0L8hk5tnSMhsul4dzhffHrUcMxsFf7vfiqEREREREREREREe07DICJiIgOAAN7tccr943CyvV1ePClSXj63S8Rjeere5NpG89OXIVnJ65C+/IgrjuzHwb3DMDtslUFsLRRlhBXgtRQKIRYLAYAqkW02+2G2+1WwW4ulwMAFfoC+Xm9Ho+nIGB2u91q/q9hGKp9cyaTgWEYCAQCKsi1bVtVHkvFsbMNtdfrhWVZalth2zZ69hkAT0UfzKnx4+NaD1BbeK8CPi+uOnMQbrr4WLRvXfTdvShERERERERERERE+yEGwERERAeQTm1K8LebzsJdPz4JL42diRfen4HP565Sz6/Z1IjfPv0ZAKBzmxDOG1aFIw+pQLHpRiIeUwGstHTWdR1erxdFRUWor68HABiGgXA4jHg8rto8J5NJeDz5mbnS/lnXdVXVK+2hpXpXWkHL9263W1USyzFkZrDMELYsC+FwGC6XS+3n9XpR2a4D2nXvj0a9FWZVuzDLZQGbmt+bY/p3xqhTj8D/nNAPIb/5Xb4MRERERERERERERPstBsBEREQHoKKAievOHYLrzh2CFdV1eOGDGXh+zHQsWVOjtlmxPoz/Gz1d/b19qwBOGdQBh3ctRZsiDzRkEA6Hoet6QVvnTCaj2j9rmqZCYAlqpSWzVArL33VdV4GuZVnIZDLIZrOqqtjv90PTNFXlC0Btk81mEY/HoWkayisq4Q5WIFmWge0bjmU5A8ukynern1yO6tsRF57QHxedNACtSwLf9W0nIiIiIiIiIiIi2u9ptrOvIhERER3QZi+uxksfzsTLY2dh7aaGHW5bFvSib6diHFHVGlXti9G2zI+g5UY8FkU0GkVjYyPC4TAymQx0XVezdwOBgApwXS5XQbto0zTVto2NjViyZAmqq6thGAZKS0thWRYCgQDS6TT8gRAa4xnURjNYsb4Bi6sjWLwxg0ha3+G6D+/ZDhee0B+XnHwY2paH9ti9IyIiou+Wc5SEdBTJ5XLqw2DZbBYlJSX7eJVERHSgq6urUx9Sls5V8oFm6Uol/01LRES0PwuHwwCAWbNmtXifAQMGAGAATEREdFCybRszFq7FmCkL8f6Ub/DF/NXYlX/y+3UpQ8dyC6U+oKLYB9MN+E0dhltDUcCCrtnQ7BxcGpDLZWEYBnw+H9weL9weAzlo2Fxbj3XVGxCOJpDOuRDL6Fi1OYn5axqwpDra4rX06VqBYwd0xdB+nXDC4CpW+hIRER2gGAATEdHewACYiIgOFgyAiYiIaIdqwzF8PncVZixci1mL1mHGwrVYWV23r5e1Tb27VOC4w7ri2MO7YuTA7igr8u3rJREREdEewACYiIj2BgbARER0sNidAJgzgImIiL4HSkM+nDb0EJw29BD1WEMkgenfrMGMhWsxc+FazFy0DotWbd6lSuFvy/J60KNjK/TsWI6encrRY8ufvTpXwGd6vvPzExERERERERERER2sGAATERF9TxUFTBw/sDuOH9i94PENtRHUhmOoaYihpiGKmoYYasMx1DfGsakuippwDHXhODY7nkumMigr8iHkN1EUyH8Ffd783/0mSkMWWpcG0bNTOXp2LEfHNsX76KqJiIiIiIiIiIiIDm4MgImIiKhARWkAFaWcs0tERERERERERER0IGIATERERERERERE38oX81cjlkihf/e2KAlZ+3o5REREREQEwLWvF0BERERERERERAeeybNXYMhVj+D+ZyYg6Pfu6+UQEREREdEWDICJiIiIiIiIiGiXZLM5/Oyvb6Jnp3L894+XwK3zV0xERERERPsLtoAmIiIiIiIiooPGiT97Eh9/tQSv/elSnH1cHwDACx/MwGV3/RetSwJY9OotCPry1apvfjIP5932HI4f2B0fPXwNAGDNxgZ0+sF92zz2U7+7AJefPlD9/ZOZy3Dnk2Mx/Zu18JsGzhzWC3+89lSUl/jVNlsfz+XS0KGiGGce0wt3Xn1SQdvka+57FU+/8yUA4LMnr8dRfTuq5xLJDMpPuROxRBpd25Vi8au3NlvfvGUb0O+SB+ByaVj77u/QuiSwzesYM+Ub3Pv0eHy9tBrlJQGcfGQP3HvtKSgr8qlt7v33ePzhibH4+YVH48EbzyrYX6576doa+E0Dtzzy3g6ve8q/rseRffLXUt8YR9lJd8Ll0pD+7E/bXJ+oOv/PWLa2FgBgeT3o170Svxp1HM4d3rdgO3l9t+Wtv1yOM47ppdYT8puoG3fXDs+7Ndu28bf/TMbjb3yO1Rvr0aWyFJedPhA3XjSsIPgOjvgdYok01r77O7QpCwIA/vX2F/jJ/a/h3OF9Mfr+HzW7N8CO3xO2bePh0VPw5JvTsGTNZpQELZw7/FDce+3JKA4WttxeUV2H3zz6PsZ9uRjpTA5D+3XCH689BQN6tN2l6yUiIiKiAx8/nklERERERERE3wsb6yL4y/MTW7Sty6VhaL9OBV8VpUH1/Nhpi3DSz57EpzOXoyRoIZZM46m3v8Sx1z6GSCy53eMN6tUBNQ0xPDJ6Ci6+46Xtnv/1CV8X/P3DaQsRS6R3uOZXxs0GAORyNl7ban913IlzcdavnsG0eavQvnUxovEUnnhzGkZe/zhS6ewOjw/s+nUDwK8fem+nx92R/lWV6FxZgi/mr8YFtz+PB16etM3tSkJWs9esNOTb5ra74qa/vYNfPfQuVq6vQ7d2ZVi5vg63/WMMfvbXN3fruC15T9zz9Hjc+ODbWLJmM444pD1yto3HXp+K0296GrZtq+2qN4cx9OpH8N9xs5GzbfhMDz6YuhDHXvsYZi1at1vrJCIiIqIDDwNgIiIiIiIiIvreeODlSVi3KbzT7QKWF5Me/2nB16lDeqrnb/jrm8hkc/jLz8/Ayrd+g/Vjfo+j+3XGolWb8H8vfbrd40351/WY+9JNsLwejJ22CKvW12/z/G98Mrfg729+Mm+nax798RxomgagKQx2yuVs/PKBt2HbNv5z7yVY8N9fYfXbv8XxA7vj66Xr8dz703d6jl29bgD4bM6KFq1/e57+3YWY+/LN+PSf18H0uvGbR99XlcFOw/p3afaaDe3X6VufFwAWrtyEh0dPQchvYs6LN2HOizdh8au3olWxH0+8OQ2LV2/+1sduyXviiTenAQA++PvVmPzET7H41VvRrrwIn89dhSlfr1Tb3fHEWGyojeDs4/pg/Zg7sPbd3+Gmi4YhGk/hxr+9/e1vABEREREdkBgAExEREREREdH3gsulIZ5M444nPtyt48xatA5L19SgojSAX1x4NIB8i+I7rj4BAPDK+Dk73L9DRTG6ty8DAKze2DwAPqxnWyxbW4vZi6sBAJlsDu9Mno/De7bb7jHnLKnGwpWbMGxAZ1R1aIVJs1agenNh0P3VN2uwdlMDurQtxQUj+wEADI+O688fisG9O2B9TeMev24JpG/7xxhksrkdHn9nhvbrhEtOPgzpTBYvfjhzt47VUm9NmgfbtnHeiL6o6tAKANCmLIhrzzkKg3t32K0A2Gl77wmp8q1vjAMAgj4vXv3Tj/DWXy5H17alAPLB/usT8x8YuPvHJ6u21HdcfSJMrxufzlyODbWRPbJOIiIiIjowMAAmIiIiIiIiou+FEwdXoWObYjzz3nR8vXT9tz7OwlWbAAC9u1RAd8yAPbRbJQBg0apNBe15t7ZyfR2WrKkBABXiOZ025BAAwBsT822cJ85YirpwvKACeWujt4Svpw3thTOP6QXbtvHqVm2gl2wJKyVoFGcf1wdTn7oBv7ti5HaPD3y76w76vLhwZD8sXr0Zj7/x+Q6P3xKH92wPAJizeO+0NV66Ov86dWvfquDxu358EqY+dQNOG3rIHjnP9t4TPz77SADAebc9jwtufx7jv1yCwb074IxjeqGyVQgAsKk+ivrGOHTdhd5dWqt9gz4vOrUpAZCvZCYiIiKi7w8GwERERERERET0veD1uHHvtafAtm3c8vCO59KGownoQ25VX13OuV891xBJAACKg1bBPqWh/N9zORuNW83DjcSTGPaTRzH06n/g0IsfQDyZxpVnDlIhnlPf7pXoUFGsqjrfnJhvn3xyCwLgM47phTOG9c4/Nq6wIlfWFPR5d3jt2/NtrhsA7vvpqfC4ddz91DiEo9ueE9xSZUX5mb614Xiz596eNL/gNbvinld261zA7t+zHWnJe+L3V56AP1x9IryGjtcnzsVJP38SR1z294JAtyGSvxchv1dVXAuZgVwfaX6/iIiIiOjg5d7XCyAiIiIiIiIi2lsuPmkA/vbyJIydtgjd2pVtdzuXS8Mx/Turv7cpDarvQ34TQFNbXlG35e8ul4aAVRgY5nI2psxpmtl6+tGH4PHbztvmuWOJFM4d3hd//+9kLFy5CW9+Og+H9WyLCscanGYuXIfFqzejS9tS9OrcGlUdWqE4aOGzOSuwdlMD2pUXAci3awaASDy13evekW9z3QDQpW0pbrhgKB58eRL+9/mJ3+rcoqYhBqApdHZqXRLAwF7t1d/7V7XdrXMBznu2e8H1trTkPeFyabjjqhNw/flD8dyY6Xj0tSmYtWgdTr3xKcx96Wb4TI96XcLRJGzbLgiB5bUpCph7fP1EREREtP9iBTARERERERERfW9omoa//Px0AMATb03b7nYBy4sJj16rvl6+9xL1XM+O5QCAecs2IOuYazt3S1vpbu3K4HIVVmKG/CayU/+Mr575BQDgszkrEUtsO4iNJdI47/hDAeRn51ZvDuO8Ef0Q3U5wO3r8bADA8nW10IfcCu8xt6uQdvT4pjbQ3be0MV62tqZg//enLsQ5tzyLh0d/tt378W2vW/z28pEoDlo7vOctMWPhGgBA325tmj13VN+OeOf/rlBfv/zhMbt1LgDotqVd9vK1tQWP/+WFT3DOLc9iwvSl6jGpEo4n0+ox+d7cEiQ77ew9saK6Dnf96yP88/XPUVbkw40XDcPcl25Gt/ZlWFldhylfrwCQD76Lgxay2RzmL9+o9o/EklhZXQcAqNqqhTURERERHdwYABMRERERERHR98rww7vhjGN6FYSYu+Kwnm1R1aEVNtZF8PDoKQCAZCqDP/77YwDA+VvC2+3te8KgKtQ3xvHP7czETaWzGHpoJ1S2CuHtSfPVMdOZ7Da3H/1xvtXzEYe0x9B+nTC0Xyf0r8rP5X1l3Gy13aDe7VFe4seSNTV4d/ICte6/vvAJ3p40Hxq2Hd7uiesuCVn47RUjv/U9B4DP567Cix/OhK67cNFJA771cXbFGcf0AgC8PnEuVq7Ph6nrNoXxlxcm4u1J81Fe7FfbSij9xif5lt3ZbA5jPvsGANCna8V2z7G994RL03D3U+Pwq4feVed26y54PfmGfvJ6uVwazh+Rv/d3PjlW3eP7n52AeDKNIYd2Qtvy5q3GiYiIiOjgxRbQRERERERERPS98+frT8P7Uxd+60DyH78+B6fd+BRu/vs7ePiVyaiPJFDfGEeXtqX49ajhO9z3lh8Nx7gvF+PBlyfhZxccDa/R/Nczmqbh3OF98Y9Xp+DQbm1Q1aEVvlqwptl2079Zg2Vra1Ea8mHqv66Hruc/6x+Np1B+yl2YNm8VVq2vR8c2xfC4dfzvDafjintewdm3PIseHVuhpiGGzfVR9OxUjivPHPSdXvcN5w/Fo69OwfJ1tTvcbmvX3Pcq0pks5i3fgFzOxh+vOwU9tlQjO02evQIjfvrPgsfu+ckpBa28I/Fks23uu+5UDDm00zbP3a97JS4/fSCeee8r9Pqfv6KqQyssXVODeDKNUaccXlCJ/NsrRmL8l0vw64fexfNjpqM+Eseq9fVoXRLAVWcO3uE1bus90bFNMa46axCeevtLHHrxAzi8XXKoGAAAIABJREFUZzus2diA5etq0bVdKY7q21Htf9ePT8J7U77B6xPnovL0e+AzDazeUA/T68YDvzxzh+cmIiIiooMPK4CJiIiIiIiI6HvnkM6tcfVZOw7ldmTkoO4Y98iPMfzwbthUH4XH7cLlpw/E5Cd+utN5qyMHdccRh7TH+ppGPPPeV9vd7vzj+wEAztvy57aMHp+v/j1t6CEq/AUAv2XghEHdAQCvjG+qAr70tCPw0j0X49BubbB8XS0srwdXnTUIEx+7Fj6zeZviPXndhkfHH687Zafn2NqMhWuxZE0NjjikPf5z7yW47dIR29yuNhzDpzOXF3xtro8WbJPL2c22kbnC2/P47efhjqtOQEVpAItXb0bHNsW499pT8ORvzi/Y7rjDuuLDh67G0f06Y0V1HerCcZw1rDc+ffw6lJf4t3P0vO29Jx675Vw8eONZ6NK2FF/MX41YIoX/OaE/xj50DfyWobZrUxbElCevV5XR9Y1xnDi4Cp88dh0G9+6ww3MTERER0cFHs23b3teLICIiIiIiIqKDm/z6IZfLwbZt5HI55HI5ZLNZ9VVSUrKPV0lERAe6uro66LquvlwuF1wuFzRNg8uV/6CMpu245T0REdH+IBwOAwBmzZrV4n0GDMh/IJAVwEREREREREREREREREREBwkGwEREREREREREREREREREBwkGwEREREREREREREREREREBwkGwEREdNC499/joQ+5VX2VnPAHHPuTx/Dy2JbPSPiupdJZDLr8IbQ9/R58s2LjHjvughUbUXnaPTjyyoeRzmSbPf/ShzOhD7kVHc+6D+s2hffYeQ9Uv3/8Q+hDbsWIn/5zXy+FiIiIiIiIiIiIaI9iAExERAcll0tDOJrAZ3NWYNQfXsY19726r5cEAGiMJTFr8TpsqI1g4apNe+y4C1duwsa6CGYsXItwNNnsnL9++D34LQPv/N8VaFse2mPnJSIiIiIiIiIiIqL9i3tfL4CIiGhP69quFItfvRWb66N4dsx03PaPMXj6nS8xbEAXXHraEftsXZlsDmVFPnz08DXYUBvBWcN677FjnzWsN1646yK0Ky9CWZGv4Ll5yzbg0lOPwMlDeqB/VeUeO+f+KJPNwa3z821ERERERERERET0/cUAmIiIDlqtiv24+eJjMX/ZBjzz3ld48OVJBQHwo69NxSOjP8PydbWobBXC1WcNxm2XjoDLpQEAJs5YijseH4vZS6rhNz0YNqAL/njdqejevgxAvp3znU+OxQsfzERNOIoeHcpx66Uj8MMT+wMAupxzP1atr8fvrxyJl8bOQjyZxvI3bsfI658AAFSUBjD88G5qu9svG4H3PvsGC1dtQq/OrfHIr87GkEM7qfU+O2Y6/vrCJ1iyZjPaty7CqFMOx+2XHQ/Do+Pj6Usw6g8vAwCyU/8MAMjlbDz4n0l48s1pWLm+Dv8dPxtXnDEIt182Am7dhblL16P/qAfh1l14/c+X4ZZH3sOK6loMqGqLf/32AvTq3Hqb9zUcTeAXD7yNNybORdDvxTU/OBL/HTcb36zYiA8fuhonDKra6f19ZPQU/OKBt3DCoCqMGNgND7/yGWKJNE45qgcev/08hPwmACCWSOP3j3+A/46bg5qGKHp1bo07rjoRZx/XZ7v3ePXbv0VdOI47nvgQr0+ci4ZIAod0LsdvLx+Jc4b33TNvLiIiIiIiIiIiIqL9FEtkiIjooHfuiEMBAHOWVGNTXRQAcOeTY/Gzv76JhSs3wfC4sbK6Dr9//EP86bkJAIDZi6tx6i+fwmdzVuCwHm0R9Hnx6sdfY+T1j6MhkgAAXHHPf/Hn5ydi7aYGuDQNc5ZU45I7XsJrE74uOP89T4/H0jU1cGnaDtd5/7MTEEuk4DM9mLVoHU6/6Wl1rifenIYr73kF85dvgO5yYdnaWtz91Dj86qF3t3u8Xz74Nm55+D0sXr0ZusuFldV1uPPJsbjpb+8UbJfJ5nDOrc9i+bpaJJIZfD531Q5bZv/k/tfw3JjpaIwlsakuirv+9VGzecY7u79iwoyl+O1jH6CuMY5wNIFXxs/B/z4/EQBg2zbOuPlp/O0/k7G+phEet47Zi6tx3m3P4bM5K7Z7j23bxuk3PY1HX5uKTDaHzpUlmLlwHc6//XlMnLF0h68BERERERERERER0YGOATARER302rcuUt+v3dSATXVR3PdsPoh87U+XomH83Xj3gSsBAPc/+zEy2RzemTwfqXQWpx99CCY+di1mvXAj+ldVwmcamLOkGvOWbcB/PpoNAPjg71ejccK9+PWo4wAAD/13csH5e3epwJgHr8IHf796h+v81SXHYeHoW7DwlVtQXuJHQySBf7/7FXI5G394YiwA4DeXH4/IxHvVev/5xudIpbPNjrV8XS3+8eoUAMBTv7sAkYn34sW7LwYA/OPVKViwVWD7xO3nITrxXjz5m/MBAFO/XolkKtPsuEvW1OCV8XMAAA/eeBbin/6x2XW15P4Kn9eD6c/+AtGJ96rq7AnT8yHtW5/OxyczlqEkZGHR6FsQ/vge3DJqOADgnqfGFZzTeY9nLFyLLxeshq67MP3ZX2DuyzdjxBHdAAAvfzhre7efiIiIiIiIiIiI6KDAFtBERHTQ27rwduKMpchmc/C4dbz32QK899kC9VwskcbydbXo2bEcADDuyyW49ZExGDmoOyY/cT18pgcA8NjrUwEAXdqW4sTB+ZbHN150LDpXliLgMwrOd/Mlx+Lko3oAQEH4ubVeXfItl8uKfDht6CF49r3p+HpJNRau2oSNdREAwI/PPhIAcOqQnvjnbechm80hkUo3O9bHX+VD1IrSAC4/fSAA4Icn9scdT3yIpWtq8OnMZTi6X2e1/RlH94KmaRg2oIt6bENtBB3bFBccd8bCtQCAkpCFG84fCk3T1PXvyv0VHSqKMaBHWwDA0H6d8dyY6Vhf0wgAGPfFYgBA0OfF/c9+DADqubnLNhSc03mPASD92Z8AANlsDpvqoqjq0AoTpi/F6o31ze4VERERERERERER0cGEATARER30Vq6vU9+3LQ9h8ux8++B0Joun3/my2fYb6yK4YGQ/zFu2Hn9+fiL++uIn+OuLnyDg8+Ken5yMn194NOob862ZS0M+tV9FaQDXnnvUHllzSdACAGyobUR9Y1w97jzfNT8YvN39N9XnA+PKVqGCxyvLgli6pgZrNjZscz/NkZbnbLvZ8xtq8wFsu/IiNSu5+Tb5c+/o/m773IXnlXOtWl/f7DjbO4Z469N5uPupcZizpBq5XNN1bOOSiIiIiIiIiIiIiA4qDICJiOig99rH+Zm8vbtUoHVJAEUBEwBgeT2oGXsnvMa2/zm885qTcPMlx+HDzxfhzU/m4uWxs3Djg2/jmP6dVUBbG46p7ePJNJauqYHHraNnp/LdWvO6TWEAQEVpUJ1Lzue38hXG85dvQC5no0fH5ueSoHjroHTd5vxxSxxB8q6oLMsHyhtrI7BtuyAwFi25vzMXrtvpueQ4I47ohnGP/LjFa5y9uBoX/OYF2LaNO646EYf3bIdn3v0Sr0+c2+JjEBERERERERERER2oOAOYiIgOWnX/z959R0dZvG0c/+5uSCCkFwIBgvTeuwRDCb03QaUXpSNCMHSld0GkVwkdQaQYRKlKEVBBAQGRXgMkIQ1Sdvf9Iy/7M0IgKEXj9Tlnj3nmmXLPk91DzJ2ZibrHlBV7WPHVTwD0a+MPQEDpPBiNBu7FJ/L+J19iNltISDQzfN5XrPv/822bDfoU98CRzPv8IC1rFGf5h2+QK5s7AOeuhtu2Sj5/LZzdPyZvtzxz3T5Ktv2IN4av+Evx7jryO4lJZs5dDWfbwTMAlCzgSwE/b7zdMwOwZMsRAA6dvEzxN6dRqt10Yu7FP9RXtTJ5gORE8sr/n/+G3cc5dzV5++XqZfL+pRjLFMyOwWAgLCKGRf+/KvfB/B9Iy/NNi+rl8gHJZwI/OHf4zt043hy+krNX7qTabt/PFzCbLeT0cWNoxxrUq1wQs0VLf0VEREREREREROS/QSuARUQk3Tl3NZxMrw0hIdFsK2tbtwxdGydvmeyX1Y2BbwYwafluZq7bx8JNh4DkFbyFX8lCyxrFaVuvDJu+Pcng2aF8dfAMd2Puc/F6BO4umahaKjc+Hk60qlmCdTt+pmav+bg6ZeRuTPK20H1b+/+luJdv+5HPdv1MQqIZi8WKh4sjnRqWw2g0MLJrLXpP3siHC7/mo1XfEh2XnPRtV69Mim2hHyjg502XxuVZtOkw7T5YTc9Jn9vavFG7FKUL+nL89xtPHWOe7B68UbsUK7/6iXfGr+fdaZu4F5/yDOK0PN+0aB1YknkbDrLv5wu8MWwF3SesJ+ZeAmazBXeXTMwKavbIdmULZQfg4vUIsjccg8Vq5XZkLADxiUlPPWcRERERERERERGRfxOtABYRkXQpIdGMs6MDlYr5sXj463w6snWK++N71WPO+80pljcrSWYLjhkz0LZuGbbN6IrBYKBF9eKsGduW0gWys+/nC1y4Hk4j/yLsnPUOPh5OAHw6ojVBbQPw9XYh7n5ycnP+4JZ0bFDuL8Xcu9WrFM+bDfsMJsoUzM6XH3XG2dEBgB7NK7NwaCsKv5KFe/GJZPV0JqhtAHMGNU+1vzmDmvPh27V5JZs79+ITyenjxrBONVky/PW/FN8Dswc1o0ODsjg5OuDukolR79Sx3ctonwF48vNNCzuTkW0zujLwrQBy+rgRey+BHFlcGdKxBlP6Nky1XcWifiwd0Zr8Ob2IuRdPiXzZ+PDt2gCcuXT7b8xcRERE5H/u3LmDv78/kydPftmhiIiIiIiIpGCwWq3aE1FEROQlyt1sPJduRLJoWKu/nDx+kS7diOTgiUu8XrMEAIs3H6bbuM8wmYxc3TzMtl21iIiIyB89+PWDxWLBarVisViwWCyYzWbby93d/W+P89prr2GxWFKUVahQgWnTpj2yvsViYcmSJeTOnZsaNWqkeZw7d+7QpEkTmjRpQlBQ0F+Od/78+SxbtixFma+vL2vXrv3LfYqI/JdFRERgMplsL6PRiNFoxGAwYDQmr4dK6x8mi4iIvExRUVEAHD16NM1tSpUqBWgLaBEREXlKPSdtIPTAad4e9xmZM9lz4050cnnzykr+ioiIyD+Cl5cXgYGBtutcuXKlWtdqtbJkyRICAgKeKgH8LDVs2JDg4OCXMrbFYrElREREREREJH3QT/giIiLyVGYPak77+mVxsLcjIvoeRXL7MKVvQ6b2S31bZhEREZEXKVu2bPTu3dv2atSoEVarldmzZ9OwYUPq1q3LqFGjiIuLo379+gDs2bOHHj16AHD48GHat29PjRo16Nq1K6dOnQLg5s2b9OzZkzp16jBr1qwUY164cIFevXpRo0YN2rVrx/79+233OnXq9JcSvPXr12f16tW0bNmShg0bsn379kfWO3ToEG+++Sa1atUiODiYyMhIAAIDA7l+/ToAcXFx+Pv7ExcXx/r16+nZsycdOnRgzJgxAHzxxRc0bdqUevXqMWHCBMxmMwDHjx+nY8eO1K5dm/79+3Pz5s2nnoeIiIiIiLxYSgCLiIi8ZOc/H4z5wMR/xfbPAH5Z3Vgy/HVuho4gbs9Yfln5Hv3fqIrJpB8rRERE5J8hISGBK1eu2F5JSUns2bOHlStXEhAQQJs2bdi+fTtLly7l/fffB6BIkSJ06dKF2NhYhgwZQlJSEr169eLixYuMHTsWgMmTJ/Pzzz9To0YNW2IVICkpiaCgIM6cOUPz5s0xm80MGTKECxcuAJAxY0bs7e3/0lzOnDnDsmXL6NevHx9//PFD9yMjIxk+fDh9+/Zl69ateHt788knnzyx3wsXLhAcHMzgwYMJCwtj1qxZzJkzh7Vr13L27FlCQ0OJjo5m0KBBtG/fni1btlC8eHGGDh2KThMTEREREfln0xbQIiIiIiIiIpKunD59mjZt2tiuV69ezb179wBwcXGhXr16lC9fHmdnZ7Jnzw6At7c35cqVIyYmhiFDhuDn50fevHnZv38/33//PfHx8Rw6dIhy5crx/vvvExYWRvPmzQH45ZdfuH79Ol27dqVjx44EBgbStWtXdu3aRadOnZgzZ85j492yZQtbtmyxXY8bN47XXnsNgPbt2+Po6Ii/vz8ffvghcXFxODo62uoeOnSIggULUqlSJQA6d+6cYvVxasqVK0fhwoUByJAhA1arlYsXL1K+fHmmT5+OwWBg37595MyZ07Y1docOHVi/fj0XLlwgd+7cTxxDREREREReDiWARURERERERCRd8fPzo1u3brZrT09PatWqxbFjx1i1ahUhISEUKlSIDz744KG2Tk5OREdHM2bMGMLCwoiJiQHg7t27WCwWfH19ATCZTLY2ERERALZ7D/77x1XCj/O4M4ANBkOK8R5szfxAZGQkXl5etmt3d3caNGiQpnH/2Gb8+PEsWbKEUaNGUaNGDXr37k1ERARZs2a11TOZTHh7e3Pz5k0lgEVERERE/sG0V6OIiIiIiIiIpCuurq5Ur17d9sqUKRMXLlygZs2abN26laFDh3LmzBkWLlz4UNvTp08zadIkChQowNy5cylfvjyQvHLYZDIRHh7+UBsfHx8Abty4AcC1a9dSlD9P3t7e3L5923YdFxfHL7/8AoCdnR0Wi+WJfURERODr68usWbNYtWoVly5d4vPPPydLliyEhYXZ6pnNZm7duoW7u/uzn4iIiIiIiDwzWgEsIiIiIiIiIunKjRs3Umy7nDNnTsLDw5k/fz4dOnTA29sbi8WCk5MTJpMJR0dHjh49ysqVKylUqBCQvHp3x44dHD9+3NZP5cqVOXDgACEhIZw+fdpWXqhQIfz8/Fi+fDlRUVF8//33mEwmAgMDAejZsydZsmR55Irjv6tcuXJMnjyZI0eOULp0aZYuXcrNmzcpXrw4OXLkYN++fdSrV481a9ak2sdvv/3GxIkTmTNnDu7u7mTOnJnExEQqVqzI1KlT2bNnD1WqVGHVqlV4eHhQoECBZz4PERERERF5dpQAFhEREREREZF05datW6xYscJ2XbZsWaZNm0ZUVBTr16/HYrEQEBBg2ya6U6dOLFmyhIMHD/LGG2/QokULQkNDiYiIoGTJkuzbt4+wsDD69+9PVFQUISEhVKtWDTu75F+rmEwmJk6cyOTJk/niiy/w8fFh7Nix5MqVC0helRsXF5dqvH8+A9jd3Z3Nmzenaa7Ozs6MHTuW6dOnc+3aNSpUqMDQoUOB5MTzuHHjWLJkCfXq1Uu1jwoVKtCqVSs6d+5MUlKS7TpTpkxMmTKFKVOmMGbMGAoUKMD48eNt21KLiIiIiMg/k8FqtVpfdhAiIiIiIiIikr49+PWDxWLBarVisViwWCyYzWbbS1sLi4jI3xUREYHJZLK9jEYjRqMRg8GA0Zh8IqL+kEVERP4NoqKiADh69Gia25QqVQrQGcAiIiIiIiIiIiIiIiIiIumGEsAiIiIiIiIiIiIiIiIiIumEEsAiIiIiIiIiIiIiIiIiIumEEsAiIiIiIiIiIiIiIiIiIumEEsAiIiIiIiIiIiIiIiIiIumEEsAiIiIiIiIiIiIiIiIiIumEEsAiIiIiIiIiIiIiIiIiIumEEsAiIiIiIiIiIiIiIiIiIumEEsAiIiIiIiIiIiIiIiIiIumE3csOQERE5FkICwujefPmj63j7+/PhAkTXkg8Fy9e5K233mLixIlUqVLlmfffsWNH8ufPz9ChQ5953/81M2bMYO/evaxfv/5lhyIiIiIiIiIiIiLytykBLCIi6YKbmxsTJ060Xe/evZvQ0FDGjh2LnV3yP3eenp7PZKzNmzczceJEQkNDcXZ2fiZ9ioiIiIiIiIiIiIg8C0oAi4hIumBvb59ipe25c+cAqFy5Mvb29i8rrP8Mq9UKgMFgeMmRPFvpdV4iIiIiIiIiIiKSfikBLCIi/zmRkZF8/PHH7N+/H4Bq1arRt29fHB0dAbh06RIzZ87k559/JkOGDFSsWJFevXrh4eFB/fr1iYqKAqBevXrUrl2bESNGpDrWxYsXWbVqFSdOnMDDw4OOHTvSqFEj232z2czSpUv58ssvCQ8PJ0+ePHTr1o1KlSrZ6kRFRTFlyhT27dtHpkyZaNq0qS0xCTBy5EiOHj3Kxo0bbYnK3bt3M2zYMBYuXEihQoUeiis+Pp65c+eyY8cO7t+/T+HChenduzf58+cHIDg4mLt37zJnzhxbm5CQEBYvXsyuXbsAaNSoEZUqVeLatWscP36chQsXkj9/fg4ePMjChQs5f/48bm5u1K9fn44dO2IymdI85z8bMWIE0dHR5M+fnx07dhAREUGFChUYNGgQHh4eQHKydt26dWzcuJHr16/j6elJw4YN6dChg+25WCwWFixYwKZNm4iPj6dKlSpkyJAhxVipzevMmTN88sknnDhxAldXV1q2bMmbb76ZaswiIiIiIiIiIiIiL4PxZQcgIiLyIiUkJNCnTx9OnDjBoEGD6NOnD9999x3jx48HICkpif79+xMdHc3IkSPp3bs3R44csZ21O2fOHLp06QLA3Llz6d69+2PHW7JkCRUrVmT48OHky5ePiRMn8uOPP9rujx8/nhUrVtCyZUtGjx5NtmzZCAoK4vvvv7fVGT16NPv376dLly4MGDCAEydO8Pvvv9vu16lThzt37nD8+HFb2b59+8iePfsjk7+QnFDdtm0bnTt35oMPPsBoNNK3b19u3br1VM8zNDSUggULMnLkSLJmzcq5c+cIDg4mb968TJgwgebNm7Ns2TIWLVr0VHN+lMOHD5OQkMDkyZMZOXIkx48fZ9SoUbb7q1atYs6cOTRq1Ihp06bx5ptvsmzZMjZs2GCrs3r1akJCQggMDGT48OG4urqybdu2J87r0qVL9OrViwwZMjBq1CgaN27M3LlzU/QtIiIiIiIiIiIi8k+gFcAiIvKfEhoayoULF1i2bBm5c+cGwM7OjtGjR3Pjxg3i4uK4efMmQUFBthWpzs7OrFu3jri4OHLlyoWXlxcAuXLlwtnZGbPZjNlsto3x4MxhgO7du9OiRQsgeaVx27ZtWb16NWXKlOHcuXNs27aNoKAgmjRpAkCVKlXo2bMnc+fOpWLFipw9e5YDBw4QHBxMw4YNAahatSqvv/66bYyKFSvi5ubG3r17KV68OFarlYMHD9KoUSOsViuJiYm2uiaTiTNnzrBv3z7Gjh1LQEAAAGXLlqVZs2bs2LGDNm3apPl51qpVi759+9qut2/fTlJSEu+99x4ODg6UL1+epKQkbt68CZCmOSckJNj6MxgMthW6uXLl4t133wUgT548JCUlMXLkSH777Tfy589PuXLlKFmyJEWLFgWgdOnSHDp0iP3799OiRQvMZjMrV66kTp069O/fH4CAgAAiIyM5ceLEY+c1depUXFxcGD9+vG278Rs3brBq1SqaN2+e5uclIiIiIiIiIiIi8rwpASwiIv8pR44c4ZVXXiF79uy2RGPx4sUBOHXqFBUrVsTDw4P58+cTFxdH+fLlqVKlSorzhf9szZo1zJ4923Y9fPhw28rbrFmz2sqNRiP+/v588803tlggOdn4gMFgoE6dOkyZMoXo6GhOnToFJCePH7Czs8PFxcV2bTKZqFGjBnv27KFXr16cPHmSiIgIAgMDOX36NF27drXVbdiwIbly5QLg1VdftZU7ODiwePHipz4v2dPTM8V14cKFMRqNjBkzhiZNmlCiRAk6dOhgu5+WOTdr1oz79+8D4Ovry9q1awHImDFjirEqV64MwNmzZ8mfPz8FChTgu+++49133+Xy5cvExMRw//59ChYsCMDNmzeJjIxM8SwfNYdHlR05csTW7sH7pkSJEmzZsoW7d+/i6uqalsclIiIiIiIiIiIi8twpASwiIv8pERERnD9/nho1ajx0LyoqikyZMjF37lwWLVrE5MmTiY2NpVy5cvTq1Yu8efM+ss+6detSpkwZ27Wvry8RERGPrOvi4kJ4eDiQfBZxpkyZbGcPP/DgTNuoqCgiIiKwt7fHycnpsfOqU6cOGzZs4OzZs+zfv5/cuXOTJ08e7t+/z8KFC2313Nzc+OKLL3Bycnro7Ns/Jqv/qiJFijB9+nRCQkIICgrCZDJRq1Ytunfvjqura5rmPHv2bCwWC8BjE9KOjo6YTCbbs96+fTtjxoyhc+fO9OjRAxcXFz766CMiIyMBbM/9wVhpZbVaiYyMZOPGjWzcuPGh+1FRUUoAi4iIiIiIiIiIyD+GEsAiIvKfkilTJgoUKMCAAQMeuufr62v77/Dhw7FYLJw8eZJPPvmEPn368Nlnnz2UuITkhOKfk4qpJYAjIyNxd3cHwNXVlXv37hEfH4+Dg4Otzp07d4DkZLGHhwcJCQkkJCQ8NhlatGhRsmfPzp49e9i3bx81a9YEklfN/vkcYGdnZ2JjY0lKSkqxXfUfGQwGrFZrquM9TpkyZShTpgzx8fEcPHiQadOmcePGDT766KM0zTl79uxpGicyMhKz2Wx7nhs3bqR69ep07NjRVuePq4YffI9iYmKeaj4Gg4GMGTMSGBhIo0aNHrrv4+PzVP2JiIiIPLB3716GDBnCgAEDaNas2csOR0RERERE0gnjyw5ARETkRSpZsiRXrlwha9asFC1a1PbKli0b7u7uhIaG0rZtW+Li4jAajRQrVowOHToQFRXFjRs3gOSEYFpdv37d9rXVamX//v0UKFAASD6jFmDXrl0p2uzYsYP8+fPj7OxM4cKFgf9tnfygn7i4uIfGqlWrFlu3buXs2bMEBgamGtMfzwl+wGw206VLF1avXg0kb4F869atFO0eJGkfZ9q0aQwdOhRI3lY6ICCAOnXqcPr06TTPOTWxsbEpktJ79+4FIH/+/ABER0en+N4kJCTw+++/2659fHxwd3dP8Swf9PskJUuW5Ny5cxQuXNhknxixAAAgAElEQVT2nilcuDDZs2d/6m2zRURE5PmyWq0sW7aM5s2bExgYSLdu3Th8+PAT2/3www8sWrQo1T/ke9YSExOZP38+zZo1eybJ36CPv8Sz9igu37z7DKL7n+mr99Ft3IZn1p9z9ZFcCUt7jN8cPoup8hAyvTacTK8NJ0ej8XQbt4Hrt6NtdYbP206GKkNtdbLWH8s74z8n9l6Crc6JczdpGhSCe+CHOFUbScXOs/hs5/FnNi8RERERkX8SrQAWEZH/lCZNmrBx40b69etHhw4d8PT0ZO/evXz55ZesXbuW0qVL25KYrVu3xmw2s2zZMry9vfHz8wP+t+Jz/fr1lC9fnqJFi6Y63vz587l37x7Zs2dn+/btXLp0iUGDBgFQoEABatSowbRp04iJiSFnzpxs376dY8eOMWXKFADy5MlDlSpVmDJlCgMHDiRr1qysW7eOa9euUbJkyRRj1alTh6VLl1KwYEFy5MiRakzFixenfPnyTJgwge7du+Pj48PGjRu5fPkyAQEBAJQvX56NGzcyffp0ypQpw/Hjx9mwYQMmk+mxz7dMmTIMGzaMjz/+GH9/f27dusW2bdsoV65cmuecmitXrjBq1CgaNGjA5cuXmT17NuXLlydfvnwAVKpUibVr15IrVy6yZs3Khg0buHjxIrlz5waSz0p+6623mDdvHr6+vpQqVYojR47w1Vdf4eXl9dixu3TpQs+ePRk8eDBNmjTBYDCwbt06YmNjmTdv3mPbioiIyIu1aNEi289EFStW5MCBAwQFBbFw4ULbzw2P8sMPP7Bs2TKqV69u22HkeTGbzWTIkIHly5c/o/4sbP7uFEFtA1i+7ScGd6j2TPp9Hn7fEISXa+anapMnuwe/fTYQi8XKuWvhjFu6i8pdZ/PDp33wdE3eoadjg7IsGNIcgBt3onlj+GpGLdrBxN71OHc1nKrvzKNH84rMGNAIF0cHth/6je4TPyf2fgId6pd53PAiIiIiIv86SgCLiMh/irOzM7Nnz+aTTz5hypQpJCUlUahQIaZOnYqbmxsAM2bMYM6cOQwdOhR7e3uKFy/O4MGDbdslly1blho1ahASEkJYWNhjE8D9+/dny5YtnDx5Eg8PDwYPHkypUqVs94cPH86CBQsICQkhOjqavHnzMmXKFCpWrGirM3ToUCZPnszw4cNxdXUlMDCQ4sWLPzRWzpw58fDwsG3//Dhjx45l9uzZzJkzh3v37lGsWDFmzZpFtmzZAHjttdfo0KEDW7ZsYdOmTZQqVYpWrVqxYcPjV39Uq1aNYcOGsWLFCjZs2ICrqyuvvfYa3bt3f6o5P0q+fPnw9vbmgw8+IC4ujgoVKtiS6ZCcpI2Li2PdunVYrVbq1KmDv78/e/bssW133bp1a6KioliwYAGQvCK5UaNGHDhw4LFjFylShI8//pi5c+cybNgwHBwcqFChAoMHD35sOxEREXmxEhISWLt2LTlz5mT+/PmYTCZOnTpF165d+fLLL+nbty9r165l1apVxMTEULZsWYKDg9m+fTvLli0DoH379nz00UcUK1aM6dOns2vXLpydnXnrrbdo3jw5wbhp0yYWL15s2zFm586dLFy4kIIFC7Js2TLWr19PYmIi/v7+vPvuu2TOnJnJkyfzxRdf0KBBA3bu3Mn06dN555136Nq1Kx07duTw4cPMnDmTK1eukCdPHgYOHEihQoXYvXs348aNY+rUqY/8GRBg28EzVCqWk3b1SlO33+IUCeAT527SbdwGLofdJY+vB0tHtCK3rzuHT16h56SNRETfI6N9BmYObEz1snm4H59El7Gfse/ni+T0caNMQV9bX9Fx8fSevImDxy+Rwc5E71aV6d48+Wc4j1qjGP1ObTbuOcHZK3f46N2GbN13iuO/3ySDnZEvP+qEk6M9eZtP5tc175Hd24UBM77ki70nsVitVCuThwVDmmNnSn2zOqPRQL4cniwe1pIavRYwY/U+Rr1T66F6WT2d6de6CqMX7wBg/Ke7qVMxP2N71LHVaR1YAovFysCPv6Rd3dIYjWnf5UdERERE5J9OCWAREUmX2rVrR7t27R55L0uWLIwaNSrVtkWKFGHmzJmp3jcajY9tD5ArVy6+++47AOrVq5dqvQwZMtCzZ0969uyZah0XFxdGjx792PEAfvnlF8LDw9OUAHZ0dGTgwIEMHDjwkfcNBgPdunWjW7duKcr79Olj+3rz5s2PbFu3bl3q1q2b6thpmfOjmEymx7bLmDEjQUFBBAUFpSjv0KGD7WuDwcDbb7/N22+/neo4qc2rRIkSzJ49+6liFhERkRfr0qVLxMXFUatWLdvOJQULFmTdunVkzJiRH374wbZTSe7cuQkJCWHx4sW0bNmSo0ePsnfvXnr27EnevHn55JNP2Lp1K/Xq1eP27dtMmzaN/Pnz4+TkxKRJk/D19SUgIIDQ0FDb+Fu2bGHBggWUKVMGX19ftmzZgsViYfjw4bY6Bw4coHz58inijo2NZciQIXh7e9OrVy/mzp3L2LFjCQkJwWQykSlTJozG1BOjn279kbebVSC7tws+Hk4cPnmF8kVyYLVaeXPEaj7oGkizakWZtHwvPSdtJHR6J3pM2kjf11+lff0yrNp+jJ6TNvLrmvdYsvUHLt+8y9n1QcTeS+DVbnN4tXguAEbO/war1cqpte8RHnWP8p0+oXJxP0rmz4bJaCT2fgJfz+zC/I2HeHPEan5e0Y98OTyp2WshW/adok2tEv97VvtOsf373zixqj8GA1TsPJvPdh5PUedxWtUswertx1K9b7ZYyGCX/B7Y89M5xvd8+OfTljWK0f7DtZy6eIsiubOkaVwRERERkX8DJYBFRET+5cLCwjh8+DAhISFUq1bNtkW1iIiIyH9NTEwMAE5OTrYyg8Fg2+XEx8eH0aNHU6JECdzd3Vm3bh1nz57Fz8+PV155hb1791KpUiXc3d3Zvn07hQoVIigoiLi4OBo2bMiePXtwcXEB4P3336ds2bI4ODiwdOlSALZv307GjBmZPHkyDg4O3Llzh507dxIcHGyLZ+bMmeTKlYsTJ07YyqxWK0OGDMHPz4+8efOyf/9+vv/+e5KSkqhatSpVq1ZNdc4RUff44dRVapTNC8BbdUsTEvoj5Yvk4NLNu1y6EUmzask71vRvU4WezSsB8O28d7D//wRptTJ56DhqHQB7fzxHs2pFsTMZcXXKSJOqRbgVGQvAF3tPsnJ0GwwGA56ujrSsXpwv9p6kZP7k59vg1YIA5M3uSW5fd/Ll8Ey+zuHB9dtRKeJuWKUQ1cvkJaND8q+mKhXLybmr4U/8Hj/g6+XM3Zj7j7x39VYU01fvo/6rhQCIjL6Pj4fTQ/Uy2Jnwcs3MnbtxaR5XREREROTfQAlgERGRf7lTp04xdepUSpcu/dDqVxEREZH/Eg8PDyB5Re0DVquVu3fvYm9vj4+PD59//jnz588nMjKS+/fvk5SU9FA/sbGx3Lt3j1OnTlGjRg1beVhYmK1+jhw5gOQE8wMRERF4eXnh4OAAgK+vL4mJiYSH/y+x+cfk9B/LoqOjGTNmDGFhYbZEtsVieeKcV319jGu3o/CsPer/5wv2GUxM7deAsPAYXJ0y2upmsDPZVsV+sfdXZn92gMQkC0lmMxarFYDwqHu4u2SytXF3yWRLAIdFxNBy8ArbNs3xCUm0Dvzfit3MmewBMJkMODpksJWbjEbMFmuKuG9HxjHok1B+vRCGAQMXrkfQq1XlJ873gau3olIkdZdu/YHl235Kjtk5E61qFmdQ29cAyOLuxNVbUQ/1kWS2cPtuLN5uT3cmsYiIiIjIP50SwCIiIv9yr732Gjt37nzZYTxXT9pyW0RERAQgW7ZsODo6cvToUcxms+0M4G7dutGqVSt8fHxYs2YNAwYMoGLFinTp0uWhPqxWK05OTjg6OuLj42NbvZuYmIinpye7d+8G4OrVq/j4+GC1/i+xmSVLFo4fP05CQgL29vZcv34dk8mEp6fnY+M+ffo0kyZNokGDBowaNYoZM2Zw8ODBNM152Zc/smt2NyoV87OVNQ0KYeu+05Qu6Et41D0sFitGo4GERDPnrobjnNmBzmM+44dPe1P4lSxcCbtL7maTgOSEb2T0/1bWhoXH2L7O6unMunFvUapAtjTF9jjD520HYN/87phMRrqN2/BU7VdtP0bTgCK2644NyrJgSPNH1q1RLg+rtx9LkawG2LD7BL5eLhTM5fWU0YuIiIiI/LOlfoCMiIiIiIiIiMi/SIYMGXj99de5cOEC3bt3Z+LEiQwePBg7Ozvq1atnW1n722+/sWbNGqKjo22rbB9s7bxgwQJ+//136tevz/nz51mzZg27du3igw8+4MaNG7btmCdMmMCsWbPYuHGjbfy6desSFxdHUFAQkydP5sCBA9SsWRM7u8f//f2DFcvXr19nx44dHD9+HEheAfzdd9/RtGlTfv3114fa/XohjMs371KxaM4U5U0CihAS+iN+Pq7kyurGstAfAZiz4SD9p28hIuoeTpnsyePrgdlsYeba/VgsVu7FJ1KpmB+f7z5BYpKZ25GxfPHtSVu/jasWZt7n32O1WklMMjNgxlZ+OHU17d+gP7hzN45ieX0wmYwc++06O4/8Tmxc/BPbXbsVxTvjP+dmeDTdm1VM01iD2gXw7bELvP9JKFdvRREdF8/nu0/Qd+omJvWpl2IVt4iIiIhIeqAVwCIiIiIiIiKSbnTq1Amz2czWrVs5d+4cefPmZejQoRQoUAAfHx9OnDjB9u3bKVmyJLlz5+bWrVsABAYGsm3bNo4cOULTpk3p0aMHRqORb775hvv371O1alUKFy6Mk5MTwcHBLFy4kJ07d5InTx5+/DE5wVqrVi1u3brFhg0bOHPmDLVr16Z///5PjLl06dK0aNGC0NBQIiIiKFmyJPv27SMsLIyEhATi4uJITEx8qN2yrT/SuGrhhxKYjfwL0XvKF4RH3WPl6DZ0G7eBwbO+ooCfF0tHtCK3rzv1Xy1IodbT8HDJxOQ+9Tl4/DK1+iziqxmd+e7YBXI1mYhfVjdaVi/O9TvRAHzQLZA+UzZRoNVUkswWGlYpRIl8Wf/S96n/G/50GLWOxZuPUKFITqb2a0DnMZ/xaslcNPIvnKLuuavhZHptOFYruGR2oP6rBfl2XnfbltNPkiOLK/sX9GDw7G2UbDuD+IQkiufNyvzBzWlctfCTOxARERER+ZcxWP+4V5GIiIiIiIiIyHPw4NcPFosFq9WKxWLBYrFgNpttL3d395ccZdpcvnyZnDmTV92OHj2ar776irVr1+Lr6/uSIxMRkYiICEwmk+1lNBoxGo0YDAaMxuQNMbXyX0RE/g2ioqIAOHr0aJrblCpVCtAKYBERERERERGRNIuLi6NHjx5Uq1YNR0dHvvnmG/Lly/dSkr8FWk3h9yvhL3zc9KZgLm9Orn7ySm0RERERkX8LJYBFRERERERERNIoY8aMNG7cmM2bNxMbG0vZsmUZOHDgS4nlzLqXM66IiIiIiPyzaQtoEREREREREXnu0tMW0CIi8s+lLaBFRCS9+DtbQBufS0QiIiIiIiIiIiIiIiIiIvLCKQEsIiIiIiIiIiIiIiIiIpJOKAEsIiIiIiIiIiIiIiIiIpJOKAEsIiIiIiIiIiIiIiIiIpJOKAEsIiIiIiIiIiIiIiIiIpJOKAEsIiIiIiIiIiIiIiIiIpJOKAEsIiIiIiIiIiIiIiIiIpJOKAEsIiIiIiIiIiIiIiIiIpJOKAEsIiIiIiIiIiIiIiIiIpJOKAEsIiIiIiIiIiIiIiIiIpJOKAEsIiIiIiIiIiIiIiIiIpJOKAEsIiIiIiIiIiIiIiIiIpJOKAEsIiIiIiIiIiIiIiIiIpJOKAEsIiIiIiIiIiIiIiIiIpJOKAEsIiIiIiIiIiIiIiIiIpJOKAEsIiIiIiIiIiIiIiIiIpJOKAEsIiIiIiIiIiIiIiIiIpJOKAEsIiIiIiIiIiIiIiIiIpJOKAEsIiIiIiIiIiIiIiIiIpJOKAEsIiIiIiIiIiIiIiIiIpJOKAEsIiIiIiIiIiIiIiIiIpJOKAEsIiIiIiIiIiIiIiIiIpJOKAEsIiIiIiIiIiIiIiIiIpJOKAEsIiIiIiIiIiIiIiIiIpJOKAEsIiIiIiIiIiIiIiIiIpJOKAEsIiIiIiIiIiIiIiIiIpJOKAEsIiIiIiIiIiIiIiIiIpJOKAEsIiIiIiIiIulSWFgY7dq1o1mzZixcuPBlhyMiIiIiIvJCKAEsIiIiIiIiIumSl5cXJUuW5NatWzRv3hwAs9mc5vbffPMN/v7+fPPNN88rRJtRo0bRvn375z6OiIiIiIikf3YvOwARERERERERkWdty5YtzJs3j4iICACaNm1KlSpVqFmzJrt27WLUqFGYTKaXHOX/uLq64u7u/lzHsFqtHDlyhM2bN5MnTx46duxou7djxw4WLlzInTt3KFSoEMHBwfj6+gKwfv16Vq5cSXx8PNWrV6dfv37Y2elXSiIiIiIi/1RaASwiIiIiIiIi6crChQuZMGGCLfkLYLFY+Pbbbxk9ejTx8fGcOHHiuYz9NCuM/6hfv37MmDHjGUeT0uDBg1m4cCE3btwgISHBVn7hwgWmTJnChx9+SGhoKH5+fkybNg2A8+fPs3jxYqZPn87q1as5deoUX3755XONU0RERERE/h4lgEVEREREREQk3Thx4gRLly61XTs6OlKvXj3btdlsxsHBgRIlSjyy/ZEjR2jTpg0NGzZk586dtvLNmzfj7+/Pvn37AJgwYQL+/v7cuXOHyZMn4+/vz/jx46lbty4JCQlMmjSJOnXq0KBBA2bOnInVagWSk609e/akVq1adOrUyZaI7tGjB3Xq1AGSV+p++umnNG7cmHr16jF27FhiY2OB5JXM77zzDiNHjqR27dr07duXmJiYND2b4OBg5s2bR9GiRVOUX7t2jRYtWlCgQAFMJhO1atXi0qVLABw8eJAqVaqQM2dOnJycaNSoEQcPHkzzeFOmTKFdu3bUrFmTmTNnsmvXLpo0aUK9evVYtWpVmvoREREREZGnowSwiIiIiIiIiKQba9asSXGdOXNmSpYsmaJsz549XL9+/aG28fHxjBw5koiICOrUqcOZM2eeauwDBw5Qvnx5li1bxqZNm2jSpAmlSpVizZo17N69m6SkJAYNGsSlS5do1qwZt2/fZujQoQ+tGt6yZQsLFizglVdeISAggNDQUNuKXEhOcmfMmJESJUrw448/sm3btjTF5+bm9sjyV199la5du9quf/75Z0qVKgXAnTt38PDwsN3z9PTk9u3baX4m586d46OPPmLevHl8/vnnbNu2jeXLlzNlyhTmz59PVFRUmvsSEREREZG00YEtIiIiIiIiIpJu/Pzzz2mq99NPP5EtW7YUZSdPnuTu3bt069aNDh06UKBAAUaPHp3msWfOnEmuXLk4fvw4+fLlo2rVqpw6dYo9e/Zw9uxZPD09uXbtGn369KF169YULVqU0NBQ7t69m6Kf7du3kzFjRiZPnoyDgwN37txh586dBAcHA5AnTx4GDx7MtWvXeP3117l8+XKaY3yS33//nfXr1zNv3jwAEhISsLe3t903mUwpto9+ktq1a+Pl5YWXlxe5c+emfv36ODs7U7RoUdzc3Lhx4wYuLi7PLH4REREREVECWERERERERETSkQdbJffq1YsqVapgMBjYtWvXQ/Xi4uIeKouMjATA19cXSE52Pg0nJycAvL29WbNmDTNnziQ6OhqApKQk28pZLy8vAAICAggICHion4iICLy8vHBwcLDFk5iYSHh4OABGY/KGbnZ2dra+n4Xbt28THBxMcHAwPj4+ANjb26dYoWyxWGzjPi2TyZSirdFoxGKx/L2gRURERETkIUoAi4iIiIiIiEi6kSVLFi5evMisWbOYNWtWqvXc3d1TLXuQaP2jPydbH5zp+yjTpk3jp59+YsKECSQmJjJgwAAgOTEM2BLBv/76K0eOHKFJkyYPzeH48eO21bfXr1/HZDLh6emZ6ph/V1xcHEFBQbRv355KlSqliOXUqVO267CwsBRbQouIiIiIyD+PEsAiIiIiIiIikm5UqFCBixcvPraOyWSibNmyD5UXKVIENzc3Vq9ejZ2dHVu2bLHdy5kzJwAhISEcO3aMr7/+OtX+Y2JiiI+P55dffuHEiRNAcsK4cOHC+Pr6snz5ciIiIvj666+5d+8erVu3TtG+bt26HDp0iKCgIHLkyMGBAweoVavWX155+yRms5kRI0bg7+9Po0aNUtyrXLkyS5Ys4fz583h7e7N161bq1q37XOIQEREREZFnw/iyAxAREREREREReVZat26No6PjE+u4ubk9VG5vb8+oUaOwt7dn8eLF5MmTx3avWLFiNGnShIsXL/L9999TvHjxVPvv3bs3fn5+rFixAh8fH4xGIzdv3sTOzo4JEyaQM2dO1q1bR+bMmZkwYUKKM3YBatWqRY8ePbhy5Qo7d+6kdu3avPfee0/5JNLu8OHDHDx4kFWrVhEYGGh7HTx4kJw5c9K9e3cGDhxImzZtKFSo0EMrlkVERERE5J/FYH3cnkUiIiIiIiIiIs/Ag18/WCwWrFYrFosFi8WC2Wy2vR61LfNfsW/fPoYPH05CQsJD9ypXrszYsWMfSrqKiEj6EBERgclksr2MRiNGoxGDwWA7Q91gMLzkKEVERJ4sKioKgKNHj6a5TalSpQBtAS0iIiIiIiIi6UyVKlVYtGgRISEhHDlyhLi4OPz8/GjcuDGNGjXCZDK97BBFRERERESeGyWARURERERERCTdyZ07NyNGjHjZYYiIiIiIiLxwOgNYRERERERERERERERERCSdUAJYRERERERERERERERERCSdUAJYRERERERERERERERERCSdUAJYRERERERERERERERERCSdsHvZAYiIiLwMcffuExt3n4TERMwWCxaLBav1ZUf1z2UwGDAajZiMRuwz2JHZMROOmRxedlgiIiIiIiIiIiIi8idKAIuIyH+GxWIlMiqamLh7ZHSwJ1NGB1ycM2MyJSc2DQbDyw7xH8tqtWK2WDCbLSQkJhITF8ediLtkdsyIm4szRqOenYiIiIiIiIiIiMg/gRLAIiLyn3A3Opa70TG4Ojvh5+vzssP51zEYDNiZTNiZTDjYZ8A5syOQ/Fyv3LiFq3NmXJ0zv+QoRURERERERERERERnAIuISLpmtVq5HnaHhMREsmf1VpLyGXN1zkz2rF4kJCRy83YEVu2jLfKvYbVauRef+LLDEBERERERERGRZ0wJYBERSbcSk5K4euMWDvYZ8PZww2TUP3vPg8loxNvTDTs7E1dv3OZefPzLDklEHuNefCJvj/8M5+rDcao2jIKtJnHw+KWXHZaIiIiIiIiIiDwj+k24iIikSxaLhZu3InBzccbDzSXVeid/Pc2wD8fxetsuNGvdnqAhH/DTsV9eYKR/34lfT/FW5+5cunwl1ToxsbHUb9aGr3fufm5xeLq5kCGDHXfCo7BYLH+rL+86H2Kq/D5Hfk19ToG952Oq/D4LNx0CIPZeAq80Hc+nX/7wt8Z+2e7HJ2Gq/D6frNsPwHfHLpC94RhOnr/5kiN7vpoGfcrb4z975L2fTl8j02tDmL76uxccVepaDQ7BVPl9pqzYk2qd0Yt3YKr8Pu0+WG0re9w8n4U/v38e9bkYt3Qny7f9xOh36rBxcgfa1S+Ll9uL3x3hcc9i1mf7ca05gm+Pnn/BUYmIiIiIiIiI/PspASwiIunSjVvhZMrkgFPmTKnW+f7wD7w/fBQGg4Ge73Smb8+3cXCwZ9iH4/jlxK/PPKZtX++kfrM2xMTGPtN+PdzdKVOqBC4uzs+037/Cx8udTJkcuHEr/Jn0t3TLkUeWX7wRwa4ffk9RltHejtoV85M/h9czGfuBs1fuYKr8Phv3nHim/aaVr5cLtSsWeCkJukdp98FqSreb/sz7rVLyFSoU9XuoPDounjeGr2Bqv0a828b/mY/7d6X2HrVarSz78uF7qc3zeXnU52LTtydpVaME/d+oSiP/IgzrVJN8OTxfWEwPpPYsjv12nTGLd/DVjK5ULZX7hcclIiIiIiIiIvJvZ/eyAxAREXnWIqNiMBqNeD5m5W9iYiIfz1lAyeJFGTU8GIPBAEBA1Sr0f38ocxYsYfb0SS8q5L8lW1YfBvTt+bLDsPF0c+HGrXAio2Jwc3H6y/14uWVm1ddHmdqvIQ72KX9k+XTrD3i6OhIRfc9WZjIZmT+4ZZr7N5stmEzP5m/hnmVff5YnuwdLhr/+XPr+JwlqG/DI8swZ7Tm2vP9D74F/Ai+3zPx6IYxDJy9ToUjOFPf2Hj3PuavhZHFP+RlIbZ7Py6M+F9dvR1G/cqEXGsejpPYsiubx4dKmIWSwM73giERERERERERE0od/3m/SRERE/gaLxcLd6FhyZPN+bL2fjv1CREQkwQP62ZK/AEajgdo1q7N0+Sqio2Nwdk5O3uz5dj9r1m/k6tVreHp60LBebZo1bmBrO2HKDO5GR+NfuSLrPt9EVFQURQsXol+vd/Dy9KB1+65ER8cA8HrbLlR/zZ+g/r0B+P3ceRYsCeH0mbM4OzvTuEFdWjZrBMDlK1d5p88ABr3Xh91793H0519wdXHh9RZNaVC3FgBHfjzKiNETmD1jMq/4JSehzl24yCdzFvD7uQt4e3vRslnjh55B5N27LFyynEM//EhiYhIlihWhW6d25Mjua6tz5MejhKxcy6XLV3B1dSGwRgBvtGqOyfT4xIy3hxtXb9zC2cnxL5+93KpGCeZsOMDGvSdoHVjSVm61Wvl06xHeqlOaj9fus5Xfj08ic7WhzHivCb1bvfpQf3M3HKTX5M+Z3LchEz7diX/J3GyY2B6AtTt+Zszib/jt8m0K+HkzoVd96lUuSKvBIWzYfRyAFsHL8HzBh0UAACAASURBVPV24fKmoan2lWS2MHbJDpZsOcLN8GiK5cnKqHfqUK9yQVsc0XHxDJu7jfW7jhMeFUeBnF6M7FqLZtWKPfI5bDtwmgbvLebY8v4Uy5uVuRsO0n/6JlaOepNh877i3NU7FPDzZvagZmTOaM/b49dz/NwN/Hzc+PDt2ime3e3IWN6bvpkt+5JXuLeoXpyP3m2Ek6MDANnqj6Zbkwrcjb3Piq9+wmgw0KpmCT56tzFnLt2iZNuPbH2ZKr/PvMEt6Nq4QprmdC8+kSGzQ1nzzTFi7ydSoUhOJvdpQKkCye+3yl0+IUcWV9aNb2drs/rrY0z4dCenL90iu7crPVpU5r03qto+d4+L1z7D808eliucg9MXb7F0y5GHEsBLtxyhZP5suGTOmKL8UfP8oyc9p6d9//zxc1Esrw81e80HYNLy3UxavpuvPu7K7cg43hqxkotfDCFHFlcAzl8LZ8CMLez64Xcc7E3Uq1yISb0b4O2evBL9zKVbDJ4dyq4ffsdisVK+SE6mvduI4nmz2sZ+Uh9/fhZp+fy87O+5iIiIiIiIiMi/gbaAFhGRdCX8bnSako7nzl8EIH/ePA/da1C3FuuWL7Ylf7fv2M3EaR9TtHBBhgUPIMD/VRZ9uoJlK9emaHfy19N89c1OOrV9g07t3uTkr6dZsGQZAFPGfUjbNq0AmDphFJ3avwHA1WvXCRr6ARkyZCA46F3q1q7B0uUr2RK6PUXfM2bNJ1/e3AS924c8r+Ri1rxFXLx0+ZFzu38/nmEfjCMqOoZe3bvyeoumfPb5phR14hMSGDT0Q47/eoruXTvSv093bt8JJ2jISMIjIgC4cOkyo8ZPJvcrfgwfPJAG9Wqzet3nLF/95PNLTSYjmTNnIuJu9BPrpsbH05ka5fI9tMXu7h/PceF6BG/UKf2X+l206RDje9bnvTdfA2DlVz/xxrAVBJbPz/oJ7SmRLxtNg5Zy7LfrTHu3EVumdQbgo/6N+Wbm24/tq+vYdUxavps+r1dh7bi25Pb1oNGAJXx18IytzZvDV7Jxzwkm9q7Plx91pka5fLQetoJjv11P8xwSEs2MWbKDIR1rMDe4BTFx8bQIXkbTQZ/SpnYpPh3RGr+sbnT4cA0XbyR/P+MTkqjRax4HT1xibnALpvZrxKZvT9Jl7LoUfU9ZuZfbkbHMH9ySzo3KM3fDQRZtPkT+nF4cW96fBlUKUcDPm2PL+9OiWvE0z6nNsBWEbPuREV1qsXLUmxgNBgL7zOfqrbuPnOOSLUd4a8RK/EvmZv2E9rSpVZL3P/mSEfNTfjZSi/dFiE9IomPDcqzafpT78Um28pi4eD7b+TOdGpUnPiHpMT087EnP6e+8f8oXzsmx5f1xdcpI50blOba8P5WL5Xqo3t2Y+wR0n8v5a+HMG9yC6f2b8N2x8zR7/1MsFisxcfEEdJ9LeFQcy0a2Ye24thgNBhq+t9j2HJ7Ux6Ok5fMDL/d7LiLPxh//+O7PLBbLC4xERETSm8f9O/K4f39ERETSG60AFhGRdMNitRIdE4dfdp8n1o2KjiZTxoxkzOjw+D4tFpaGrCKg6qv0eqcLAOXLJice12/cRNOG9XB1Td5q2jFTRkaPGILr/5/Fe/3GDXbtTV6hmjNHdjw83G1fO2VOXgG3fPU6nJ2cGDF4IBkyZKBiuTKE3brN+o2baVivti2OVs0a82brFgCUKlmMVm915vjJU+TyS7nqEGDbNzuJvHuXyeM+ILtvNgAKF8zPO30G2Ops/2YXV69dZ+7HU8iZI3tyvyWK0entPnz2+Wbe7tyeX46fJCnJTI+3O+Ngb0+ZUiUwJ5kJu337ic8XwM3ZicvXbuLh5oLxL/yPdnxCIp0alqP9h2u4EnbXtjJxyebDlC2Ug4L/x959R0dV7W0cf2YmvZEQSigh9NB7L9KkKCigoqIiRbG8ig2Ra7uIiKgoioIFC3JFpQpIl44gID10KaGXUNLrtPePMGN6Qg1Mvp+1ZiWcsmefM5Mccp757V0h7yrv3Mz9qL+qhabPh2q32zV84iL16VRP415Kr7ru1iJcm/ee0OfT1+n7t/oo1WyVJFUoHajwsJK5trX78Fn9tHibvhp+n57q1VyS1KN1Td3xzFd646vF6tqiuiTppYfbqkJIoHO/9o2q6MeFW7Rk4wHVr1amwMcx58P+qhASKCl9ntdH3v5Fn758r154sLUkqWXdMIX1fF/rdx5VWEiQpizaqr2RUdo59WXVrpz+M+LuZnSGxGEh6e/P1vUqaurIvjIYDLqvfR39sekfrdl2RM/e11J1qoSomJ+3vDzcVCdDpWd+x7R57wktWLdPs8b0c1aqdmxSRRXufV/Tl0folb5tMx2b1WrTG18u1sOd62vCsF6SpLtbpQ9ZPHbqGr3wYBtnFWle/b3RUtIsGtC9id75dpl+W71Lj1z+UML05RGyWG16tGtDTZ6/ucDtFeQ8Xcv7x9fbQ3WqhMhkNKpEMd9Mr2FGk+Zu0vmYBP09eYhCgtN/n1UuV1wtn5igHQdPq1poCU1++0E1rRWq4GI+kqRSQX5q3H+8dh46rea1K+TbRqPwcpmes6A/P1LhvuYAbjybzSbjVY4eAgCAIwAm7AUAFHX8VQUAcBkpKany9HC/6iGHc3L0+AnFxMaqfdvWmZZ3bN9WFotVe/cfcC4rWbKEM/yVpODixRUbG5dn+zt27lKzJo1kt0tpaWalpZlVu2a4zkWdV1z8v9WzVapUcn7v6+MjT09PxcTmXDl56NARVa4U5gx/JSkoKDDz80bsUuVKFZ3hryQF+PuraeOG2rlrjySperUqMhoN+mT8l9oRsVtms1kP9+mtF54dnOcxOZhMRnl4uCslJbVA22eVkmbRfe3rqpifl6Ys2ipJiktM0W+rd2vQPU2Var6yykqHMsH/vkb7jkbp9Pk49WpXRympFqWkWpRmtqp1vYravC/nCuvc2lqx5ZAkqW+XBs5lBoNBj3ZtpB3/nFZ0XPp8xW0bVNLC9fvV8okJKnP3KAXdOUKxCSmKiUvWlcg4t6wjvM0YqjkC8/Mxien923xQNSuWUpVywc5jbVW3oiRpy76Tzv0aVCuT6WZJuZLFFBWdkGdf8jumtTsiJUndW9d07uPt6a4tU17QozlUcu8+ck5R0Ql6OMO5lKTHujWS2WLV+oij19Tf6yUlzazypYqpS/Nq+nHhv5XqPy7crF531FbxAB/nBwgKoiDn6Xq9f/Ly544jalyjvDO4laSmNctrz69DVS20hPx9PNWoRjmNnrxCDR77VCW7jlS7Z7+WJOf7PL82siroz49UuK85gBvDYDA4HxbL1V3fAQCQJIvF4vy/IiEwAKAoowIYAOAyklJS5evtlf+Gknx9fZSckqLU1FR5euZeBewIcB3Vuw6OQDVjSHul7Ha7YuPitXDJMi1csizbesecwXntn5OY2FgFBQbmuM4hNjZOwVmOSUo/LkeoHV6tqt4f+bZmzJ6rEaM+kNFkUoc7WmtAv74K8PfPtm9OfL29lJSSKp8Cvi4ZpZmt8vJ00yNdGmjKwi16c0BHTV8eIbvs6tulgRKSry5YzsgRGj3631+yrStTIuCK2roQkyhfbw/5+2R+PzkCsEtxSQoK8NaQj+dq3p979OHz3dWkRnn5enuo2cDPr/II8ud4m0RFJ2hv5Dn5tn8z2zaX8gkPc3uvOeR3TNFxSSrm55VtjlZHcJ3V+Zj016VsltfAcS4vxiZdU3+vl7TL4e6ge5rp4bd+1vGzMUo1W/RXxDEt/ix9xACzpeABcEHO0814/1yKS870AQMp/eZZjYqlJKXPK9xlyLfy9HDT6GfvUrXQYJ04F6suL3xb4DayKujPT25u1msO4PrK6ca82WyWl9eV/78BAABJSktLy7aMIBgAUBQRAAMAXEZamll+gbkHBBlVCqsgSTp85Khq1QzPtG7FqrX6ZcZsjR/7vgIuzwOctZL3UnSMJCkg4MpCwowMBoM8PT3Vvm1rdb2zQ7b1JUuU0LmoqCtuNygwUKdOn85zG39/f8XEZK8gvhQdrYAMVcz16tRSvTq1lJqWpq3bdmjipB8Udf6C3hvxRoH64unpocSYvKugc+MIdAbe01Rfzt6gP3dE6scFm51VwfFJ1x4A+3mnh00ThvVSw+qZh6TNGsLlp3iAjxKT05Scapa3p7tz+ZmL6ccfXMxHqWkWTV64RV8M7an+dzd2bnM9q9Zz4+ftqYbhZTXh1d7Z1lUuV/yq2y3IMRXz81ZcYqrMFqvc3fI/r8EB6cM7n49OzLT8zMX0D1yUCPS56v5eT47M8d62tVQ8wFtTFm1VSqpZoaUDdWfTape3KXgwmd95ulnvn0A/L12IScx1/fqIo9p1+Kz2TnvVOSx61nl982sjq4L8/ABwTVlvypvNZtntdm7WAwCumN1ul9lslsn07/+luZ4AAIoqhoAGALgMq9Umk6lgl7bGjRrI399Ps+fNz7Tcbrdr8bIV8vLykp+fr8IqVFCAv7/W/bUx03Zr1/0lo9Go2lnC47w458HNkJPUqVVDR48dV/VqVVUjvJpqhFdT9WpVVaZMiDw83HNuKB/Vq1XR4chjio37tzo5KSlzhWe9OrV08PARnT33b8CcmJSkrdt2ql6d2pKkLyf9oPc+HCdJ8vTwUKsWzdSxXVsdPHykwH0xmYyyWm1XdRwOjcLLqX61Mnrr6yXauPu4Bt3T9Jray6hulRAF+Hrp6OlotahTwfmoEVZStSulz5PreN3yC/LaN6oiSZq1clem5TOW71SD6mUV6O+t+KRUWa22TDchDp28qOj46zd8b27aNKikgycuqmKZoEzHWqls8WyVmnkxGgyZzkVBjql1vYqy2+1asvHfIdOtVpuaDvhc4379M9tz1KlSWsHFfDRrZUSm5TOW75TJZFSb+pWy7VOYPNxNeqxbI01ZuEX/W7xVA7o3ltF45Tea8jtPN+v906peRW3ZfzLTsMqHTl5U6L2jtWHXMefzZbyX9vfeE1fURlYF+fkB4Fqy3pB3DAEtSamp1/4hLwBA0ZOampppWoGMCIIBAEUNFcAAAJdhsVozfdI3L54eHnru6Sf0wcfjNfqjcWrXtrXS0tK0dt0G7T/wjz4YNUKS5OZmUr9HHtTEb76Xr6+vGjesrwMHD2nazDnqc1/PAg+FLKXPESxJvy9aokb166lGeDU91rePhr0xQqPGjNVdXe+UwWDQvAWLlZSUpHEfvnflJ0FSl07tNW3mb3p/7Kca+Fhf2WXX9z9OzbRNty6dtGDxH3r73THq17eP3N3dNX32XLm5uemB3vdIkurVra33P/pUk36YouZNm+jipUtauXqtGtSrU+C+mEwmWawFHwI3N4PuaaYXx81TxTJBat+o8jW35+Dp4aZ3BnfWq58vkM1mU7eWNXQ+JlH/nbRU97evqzHP3aWQYH+5mYyatmyHPNzd1L11jRzbahheVg92qqfnP56rmIRkVQ8tqV+WbtefO45q4bhBkqQSgb5qXKO83vn2D9ntdqWkWTR26hqZLdbrMqR1Xp7u1VzfzNmoO5+fpDcHdlJIsL/mrdmjyQu36NCs4SoZ5FugdiqEBGrWqgj9snS7mtYKVbXQEvkeU6t6YbqzaTU9OXqW3n/2LlUICdSkORt18MQF3dc++/vJ3c2kd5/qqufGzlGgv7e6tgjXpj3HNfrHlRrer/0tWQ066J6mGj99nSRpQI+r+5BCfufpZr1/nu7dQhNmrlePVybr9f4dZDAY9M63f6hUkJ+a1QrV+ZhE+fl4qv/I6XquTyvti4zSp9PSg/yE5LQCtZFVQX5+ANz+DFk+RJRxeUaJiYny9PTkZj0AoMDsdrsSExMzXTtyu45wfQEAFAUEwAAAl2K8gj/k7mjdUj7e3vp1xm8a++kE+fh4q2rlSvrkg1EKr1bVuV33bp3l7u6uWXN+1/xFS1SyRAk9ObCfevW464r6Vr9uHbVt3UIzZ8/ThYuXVCO8msKrVdUH7/5Xk3/6VaM/+lSeHh5q1LC+Xnr+mStqOyNPT0+NGvGGvvjyWw1/+12FlC6l+3vdo/3/HHJu4+3lpQ/fG6HvJv+kz79Mn7ezbp1aGvbS8yoelD7faJuWzTX0xf/TrDnztWDxH/L391fL5k018PFHCtyXK3k98vJo14Z6bcJCDejR9Lr/sf7iQ23k7+OpT35Zq89nrFfp4v56rFtD/feJzpIkHy93jX62m0ZPXqndR87lGgBL0pQRD+u/k5bqgymrFB2frHpVy2jhuEHq2qK6c5vpox/Vc2Pn6NXPF6hEoK/eGthJq7cdVlKK+boeV1aB/t5a+/WzGvb5Av3fR3NktljVpGZ5Lf70iQKHv5L0zH0ttHTjP3pqzGx9+VpvVQstUaBjmv1BPw2fuEivf7lIiSlpalknTKu/ekYVy+Q8D/Az97WQp4ebxk5drQkz/1KFkECNHdJdLz7U5prPxY1Qp0qImtYKlZ+3R67HVBD5naeb8f4JLuajNV8/q6Hj5+vxkdPk7mZSzztq66Pnu8tkMiok2F9zPnxcQ8cv0OD3Z6l25dKa/cHj+s/ERc75m/NrIycF+fkB4FoyVmhlrNiy2WxKTk6Wj8+t94EfAMCtKSkpSXa7XUajMcfrCwAARY3BfiUTkwEAcAuLPHFGlULLFHY3kAWvCwAAcLDb7ZkeNpvN+bBarc6HzWZTYGCg3N2vbkoMAEDRkZaWptjYWBmNRplMJufDaDQ6Hxk/aEQgDAC4XcTFxUmSduzYUeB9GjRoIIk5gAEAAAAAwE2UW2VW1hvzMTExsl6HqSQAAK7LYrEoJiZGUvbrCJXAAICijAAYAAAAAADcdDkFvxkfdrtd0dHRstlshdxTAMCtyGazKTo6WlLu1xLHOgAAihoCYAAAAAAAcFNkvQmfUwiccbhOq9WqqKgopaamFkZ3AQC3qJSUFEVFRclms2W7duQV/hIGAwCKCrfC7gAAAAAAAChaHDfg7XZ7tvDXbrc7vzoeFy9elLe3twICAmQymQq59wCAwmK1WhUXF6fk5ORMc/w6wt+c5vtl+GcAQFFEAAwAAAAAAApFbhXAGUNgh+TkZCUlJcnf31/+/v7czAeAIsRmsykhIUHx8fHZKn7zCn8BACiqCIABAC7Dz9e7sLuAHPC6AACAjBzz++ZUBZwx/M2JzWZTfHy8YmNj5eXlJR8fH7m7u8toNMpkMnGzHwBcgN1ul9Vqlc1mk9lsVlJSklJSUjIFvY6HyWTKVgmcWxDMNQIAUJQQAAMAXEbJ4oGF3QXkgNcFAADkxXFD3mg0ymaz5Rr+Om7iO+Z7TEtLU2pqqnOYaEmZKoYBALennEaHcHzIJ2PAmzX8pfoXAIB/EQADAAAAAICbKmsVcMbleVX/Orax2WyZ5giWMoe/BMEAcPvJeE3IbYqArBXA+VX+Uv0LACiqCIABAAAAAEChynqDPqcg2HEj3xEc5xYAE/4CwO0rp+tBbgFw1u9zqwAm/AUAFEUEwAAAlxF54kxhdwEAAKBIqxRapsDbZg1zM96wd8wF7Ngu49DPjq8EwADgevIKgPMKgan6BQAgMwJgAIDLuJIbjgAAACh8OYXAGWUNgnMKfwmAAcB15BcAZw2B8xvymRAYAFBUEQADAAAAAIBCkzX8zSvgzWkdcwADgGvIbw7g3IJgwl8AALIjAAYAAAAAAIWqoJXAOYW+uVX+EgIDwO0j6+/9rAFwxu9ze2TdDwCAoowAGAAAAAAAFLrcQuDc5vvN+G/Hspy+BwDcHnKqAHZ8n1sQnHFbwl8AAP5FAAwAAAAAAG4JuVUAZ1yXMSSWCH4BwNXkNhS042tegS/hLwAA6QiAAQAAAADALcNx8z6/IDjjdhkRAgPA7Su3oaAzfk/wCwBA/giAAQAAAADALSdjlW9OgUDWdbltCwC4/RQkCM7t3wAAgAAYAAAAAADcoq4k3M1rHVXBAHDruZLgNrcRIQAAQM4IgAEAAAAAwC0t403+3MLgvEJeQgIAuL3k9nub3+cAABSMsbA7AAAAAAAAAAAAAAC4PqgABgAAAAAAt7ScqnuvZFhnhoAGgFvPlQzdn3VKgPz2BwCgqCMABgAAAAAAt6SsAUDGf+e1DgBw67vaofuvZH54AACKKgJgAAAAAABwy8kp7M341WhMn9XKceOfAAAAXEfW3/s2my3b7/mMQTDXAAAAMjPY+YgsAAAAAAC4ReQX/BoMBplMpkLpGwCg8Fit1kxhb04fACIIBgC4kri4uKvelwpgAAAAAABwS8gp8HV8NRqNBL8AUIQ5rgE2m002my3beoPBQDUwAACXGQu7AwAAAAAAADmFvna7XTabTUaj0TnkMwCgaHNcE2w2m/NaIWW/jgAAUJTx1xMAAAAAAChUuYW/kuTm5kb4CwDIxGg0ys0tfXBLQmAAALLjLygAAAAAAFBocqr4dVR1mUwmhvIEAOTIMSd8xmuHRAgMAIBEAAwAAAAAAApJbpW/hL8AgILIGAI7gmCJEBgAAAJgAAAAAABQaHIKf5nzFwBQUI5rRsbriET4CwAo2vhrCgAAAAAA3HQZb8xnvWlvMpkKq1sAgNuQ47qR9XriWAYAQFFDAAwAAAAAAG6qnKp+M1b/MvQzAOBKGAyGbFXAVAMDAIoyAmAAAAAAAFCoMt6kd3NzK+TeAABuR47rR9YKYAAAiiICYAAAAAAAcNPkVv1rs9kKuWcAAFdgs9moAgYAFHkEwAAAAAAAoNBkvEHP3L8AgGthMplynAcYAICihnGVAAAAAADATZXTHI12u525fwEA18RgMORY/etYBwBAUUEFMAAAAAAAuCmyVmNlHQ7aaOQ2BQDg6hmNxjyHfaYqGABQVPCXFQAAAAAAuOlymguY6iwAwLXIWgEsEfoCAIomAmAAAAAAAHDTZL0pzw16AMD1lNs1husMAKAoIQAGAAAAAACFJqd5GgEAuFpcVwAAIAAGAAAAAACFgMosAMCNwPUFAAACYAAAAAAAcBPcrBvwnYd8K1PL4TK1HK53v1+ebX1CUqp827/p3GbdzqOSpOfHzpV/h7f06x87bko/c1KQPgwcNUOmlsPV751pN7Fn0i9Lt8u/w1t64ZN5N/V5AeB6IxAGABQFBMAAAAAAAOCmynjz/UYO1TlzRUS2ZQvW71dKqiXb8vURR5WUYtbmvSeuez8K6lboQ2427z2hpBSz1u2MLOyuAECecrquEPoCAIoat8LuAAAAAAAAKJpu9A35vZHntDfynGpVKu1cNnPFzhy3nT76Ua3dEak+Hevd0D7l5VboQ25GPNlZtauEqF3DyoXdFQAoMIJfAEBRRQAMAAAAAABuuht9U75S2eKKPH1JM1dEaMSTnSWlD/+8ZOMB+ft4yt3NpEtxSc7tnxg9U39FHNOpqFjn9t/M2agvZqxX5JlLKl3cX/e3r6P/PtlZ/j6eOT5nUopZb3+zRNOXR+hibKJqViyl/z7RWb3a1dZ7k1doxKQ/VC20hPbPGCZJ+mPTP7rrpe9lMhl1ZuHbOfbhp8XbNPK7ZboQk6huLcNzrF4+cuqShk9YqJVbDyvNbFGb+pU0dkh31akSIkkq2XWkLsUl6fu3+uinRdu0YfcxhZYqpo+GdFfPO2o725myaKs+nrpGh05eUPlSxfRYt0Z6vX9Hebib9Mkva/X+jyt1R8NKWvXlM5LSA/Y3v1qi1duOyGg0qFmtUH34/N2qV7WMJCkxOU3vfPuHZq7cpQsxiapUtrj+74GWeva+ltf02gLAlbDb7TIYDIXdDQAAbiqGgAYAAAAAAIXGEQRf70C4R+uakqQZGYaBnr9un1JSLerVrrasNlue+3/920b930dzdPRMtNrWr6SEpFSN+/VP9RuR89y7drtdPYb+oM+mrdPZi/FydzNp58Ezuv8//9P6iKPq3a6OJOngiQs6GRUrSVqx+ZAk6Y4GlRRczCdbm39FHNOAd6cr8vQlJaWaNXNFhOav25tpm3OXEtRq8AT9tnq3EpPTZLHa9Memf9Tp+UmKiU/OtO1TY2ZrfcRRpaZZdOjkRfV7Z5ozBJ80d5MGjZqhvZHnZDIadeTUJb37/XK9+vmCHI/31PlYtX36K/3+516VDPKVj5e7/tj0j7q88K0uxCRKkp4cPVPjfv1TFqtNretV1D/Hz+v5sXP16a9/5nnuAeBa3KjrCgAAtxMCYAAAAAAAUKhuxE360sH+alyjvPYfjdLuw2clSbNWpofBD3VuoMTktDz3n71qlyRp5FNdtGT8k1owbpCqVyipgycvKDnVnG37eWv3as22IwoK8NY/M19T3MpReu2x9pKkUd8vV+3KpVW1fLAkacWW9OB3+eaDkqRel8PhrD75ZY0kqWF4WV1YOkIn57+pKpfbcPhgykqdj05U63oVdWHpCF1aNlLtGlXWhZhEffXbxkzbDujeWHErR2nf9FdlNBqUmJymLftOymaza8SkPyRJbwzoqITV72nBuEGSpK/nbFSa2Zqtb9OXRyguMUU1KpbS/unDtHfaqyrm56Xz0Yn6Y9M/stnsmrNmT/q5GdtfSz9/Up+8eI+qVyipTXuO53nuAeBaEf4CAIo6hoAGAAAAAAA3zc26KZ+UkqaHOtfX1v0nNXNFhCqWCdLiDQcUXMxH7RtVlsWadwVweIWSWrnlkMZPWyerzab2japoz69DZTTmPIzo8r/Tw1x/H0+NmbJSknT2YrwkafeRc5Kk3u3raOzUNVq5+ZB6tK6pHf+cliT1alc7hxal7ZfXP3FvMwX4einA10ut61XU4ZMXndssu/y8FqtNL382X5IUl5giSdpz5Gym9ro0D5eHu0nVK5RU6eL+OnMhTmcvxuvA8fOKik6QJD3Vq7kk6a6W4fr6P/fLarUpJS174P1K37Z6pW9bSVJqmkVJKWaFlg5UbMJZnYiKldFoUNXywdp3NEpDPp6nQfc2VZfm1fR8n1a5nHEAuLEYChoAUJQQ1VLwcwAAIABJREFUAAMAAAAAAJeTlJKmp3u30GtfLNSMFRGqUbGUUtMs6n934xwrWrMa/Ww3nbsUr99W79brExdLksLKBOn7N/uoQ+Mq2bY/dyk97D1+NkY/zN+caZ0jXO3VLj0AXrHlkLMKuGmtUJUvVSzHPpy/vF9u69OfN32bTXuOZ6usdTxvThwZiM1uzzRUdPGAf4eiHtyzWa77S9IH/1ulr3/bqBPnYjItd4T800c/psdHTsvUt9b1Kurnd/sqtHRgnm0DAAAAuHoEwAAAAAAAwOUkJqepfKlial2votZHHNXoySskSQ91rq+klLyHf5akYn5emjmmn05GxWrxhgOasnCLNuw6pgffmKpTC96Sh7sp2/aS1KFxFS2f8FSObTavHaoyJQJ05kKcJs5cLyn36l9JCgn215FTlxSbkJJnPy/FJemdwV309qBO+R5XToL8vZ3fX4pLkq+3hyRpb+Q52Wx2Va9QMts+E2f9pTe/WqJSQX76avh9Ci0dqJfGzdOhDNXJtSuX1tYpLyri0Bkt2XhAX87aoPURR/X8x3M1b+yAq+orAAAAgPwxBzAAAAAAAHA5Vlt6FeqDd9aXJO07GqUyJQJ0R4PKznW57mu1KeTudxV05widjIrV4J7NNHVkX0npAWlOgWyHJlUlSau2HtaMFelzDV+MTdIjb//iDEUNBoN63lFLkrRu51FJ0n3tc57/V5IaVi8nSZqxfKfsdrvMFqv2XB5O2qFjk/Rq5Akz12tvZPq6PUfOqc/rPykl1ZLncTpUr1BSJYN8JUmTF2yRJP2994TqPjJODfp9poTk1Gz7rN1+RJLUtUV1PdWruVrWqaA0y7+V1Rt3H1fQnSNUqfcYVSkXrNcea693BneWJB05dalA/QIAAABwdagABgAAAAAALqtPp3p6+bPfZbPZ1adj3Vzn8M3IZDLqwU71NXHWX7rrpe/Vpn5F7bkcrraqF+YMSzN66M76+ua3jVofcVR93/pZz3wwWwnJabJabQoK8NbEYb0lpQ8D/fVvGyVJNSuWyrG61mHoo3do9qpdWrh+v2o8OFbxSanOIZ8d3hp4p+at3asLMYmq+8g4FQ/w0aW4pPRjX7dXD3aql+/xGo0GjXiys54fO1cjv1umT3/9U/FJ6aFvv7saZRoW2qFxzfKatXKXflq8TX/uiFRUdIKSUtLnCk4zW9W0ZnlVKhuknQfPqM4jn6hulRD9uePo5XOQe9UzAAAAgGtHBTAAAAAAAHBZpYv7qX2j9CrZhzo3KPB+4166R+8+3VUlAn207O+Dslhseua+FprzYf8ct3czGbVk/JN69dF2Ci0d6ByC+o0BHfXxCz2c27VvVNk5XHTvPKp/Jal57Qr63zsPq2KZIJ25GK9G4eX0f/e3zLRNhZBAbfz+eT3cub6CAryVkJyq+tXK6Pu3+hQo/HV49r6W+u7NPqpZsZSSU80KCfbXsMfa6avX7stx+6F979Cwx9opJNhfsYkpeujO+urbJf38HjgWJZPJqKXjB+uJe5sqJdWi5ZsPKSTYX2Oeu0sjB3cpcL8AAAAAXDmD3W7Pe9wjAAAAAACAa+S4/WCz2WS322Wz2WSz2WS1Wp2PoKCgQu4lAOB2Fx0dLZPJ5HwYjUYZjUYZDAYZjen1UAZD/qNBAABQ2OLi4q56X4aABgBA6XOUtR48Mdf1FUICFTnn9ZvSlyUbDui1CQt1+NRFjRzcRa8+2u6mPO+NMHbqGn0xY72i45O0dPxgtaoXdtOe+9DJiwrv85GqVyipfdNfvWnPez1ZrTYt2rBf3837W20bVCrQe2HS3E0a98tanYiKUeWywRr+eHs91q2Rc/28tXv0+peLdeTUJVUuV1zvPdMt09yD+e1/re07rN52WJ2emyRJSl03Rm6mfwemOXEuRpMXbNHPS7bpwMzXnMvrPjLOObdhVlunvKgG1cvmel7yOpd2u11jf05/r8Ylpqpr8+r68rXeKhGYPrxnSqpFb3+zRFOXbFdSqlkNq5fVR0O6q1mt0AKtl6T3Jq/QV7M3KDo+WU1rltfEYb1Vp0qIJOnsxXi9+vkCLfprv+x2qWF4Wb3/7F1qUadCgdbn135+xwcAAAAAAADXwhDQAABICvD1VKt6YWpVL0x1L4cm3p7uzmVNa4bm00Lepi3bKVPL4Ro4akae2yUmp+nBN6dqz5FzqlM5pFACmoL2NT9rth/RfyYuUlR0gprWCpWPl/t16mHR8OFPqxXWa4x6DZuiBev2yWK15bvPV79t0LMf/qZzlxLUsk6YDhw/r/4jp2vllkOSpJ0Hz6jPG1MVefqSmtUKVeTpS3rozanadzSqQPtfa/sONptdr3w2P1v/9x+NUvdXflCl3h9o5HfLdPxcTKb17RpW1t2tamR6GI0GubuZFFo68KrP5dif1+j1iYtltlhVtXywZq/apZ7DfnRWqg0YNV3jfv1TXp5uqlWxlP7cEanuL/+gCzGJBVr/5ewNGjHpD5ktVtWrWkbrdh5Vj6GTZbZYJUk9h/2oX//YodLF/VW7cmmt2XZEd730vc5ciCvQ+vzaz+/4AAAAAAAA4FqoAAYAQFKtSqX15zf/J+nfauBKZYs7l90sh05eVGJymupWCdGmH4bc1Oe+3nb8c1qS9EzvFvrslXsLuTe3n+/mbVKa2aLwsJI6cOx8gfb59Nc/JUmLPh2klnXDNGbKKr319RLNXbNHHZtU1bdzN8lqtenTl3rquQda6evfNuq5sXM0YeZ6TRzWO9/9r7V9hx8WbNbOg2ey9X/L/pNasuGAWtYN04Zdx7KtnzCsV6Z/b9h1TIv+2q/72tdScDGfqzqXVqtNn/y8VgaDQWu/flbVQkuo7dNfacOuY1q7I1JVygVr5ooIBRfzUcTPr8jfx1PdXvxOy/4+qDXbj6h57Qp5rr+/Q119OesvSdLKiU+rTpUQ9X3rZ81YEaE5a/aodb0wJaWY1aFxFS0Z/6TcTEbn+pVbD6t9o8p5rn+0a8M827+/fZ08j69dw8r5vq8A3N427Tmu5ZsP5fmhD38fTz3Tu4U8PbhFAAAAAACugL/uAAC4Alv2ndTQ8fO1df8plSnhryd7NtewR9vJaDRoz5Fzevmz37Vpzwn5ernrnja19NGQ7pq8YIuGjk+vdvzfoq1avvmgTvz+Zra2F6zbp57DfpQk7Tp8VqaWw7Vi4lNqUqO8hk9cpN9W7VZCcqoahZfTpy/fq0bh5SRJ/xw/rxc+mac/d0aqeICPHu3aUO8+1VUe7iZJ0i9Lt2v0jyt17Ey0qlcooVFPd1P31jVyPL7Ppq3Lsa+nz8fpxXHztOzvg/L19lCP1jX14fN3K9DfO8d2hn2+QOMuh4VfzFyvL2aul3XDhzp08qKGjp+v1duOyN3NqC7Nqmv8Kz1VMii90nnRX/v1xpeLdeD4eVUsU1yv9++gx+9uLEk6H52oF8fN0+INB+Tt6aburWtq7JDuufbher1+xfy8FBOfrFfGz9fC9ftltljVsm6YPnmhh2pULCVJWh9xVMMnLNKOf06rbMkADe7ZXEMfuUNGo0GvT1ysj6au1hsDOmr53wcVcfiMmtQor6kj++ZZtfq/EQ+raa1QjZ68Qu9+v7xAx/dgp3qy2ezOoYErlS0uSUpITpUkbf/nlCTpjsuhX4fGVSRJuw+fLdD+19q+JMUnpertr5eqUXg57T8WpaQUs3Nd2waVdHTu6wotHShTy+H5Hu9XszdIkp64t1me2+V1Lk9fiNOFmERVLR+s6hVKSpLualVDG3Yd08bdxxUWEqTXHmuvSuWKy9/HM8txp8liteW5PjXNon1HoxQU4O0ckrl94yqasSJCew6f1YOd6mnXL69k6pPtckjj7emuciWL5bk+v/Zb1qmQ5/ERAAOub8SkP7Ts74P5btcovJzaNqh0E3oEAAAAALjRCIABACigE+di1On5SUpONatN/Yo6eOKC3vhysfy8PfR/97dU91d+0OkLcRrYvYkOn7qo737/W6lmi564t5m6t66hhev3q1al0nqoc/0c269SPliPdm2on5duV0iwvx7p0kChpQI15JN5+t+irWpSs7xqViylqUu2q+ewH3Vo1nAZjQb1GDpZh09eVJOa5XX6QpzGTl0jDzeT3n26q+au2aN+70xTMT8vtawbpk17jqvXaz9q65QXVa9qmWx9aFyjXLa+pqZZdOeQSTpw7LxqVy6t5FSzvvv9bx09E62lnz+Z47G0a1RFW/af1NrtkWpaK1Rt61eU1WpTtxe/U+TpS+p5R20lJqdp+vKdMlusmjmmnw6euKDer02RJLWsG6ZtB05p4KgZKlsyQB0aVdHdL3+vbQdOqWF4WZktNv0wf7NiE1I04/3Hbujr9+N/H9ILn8zTz0u36+5WNVQqyE8/LtyifUejdGjWcB06eUGdh3yr1DSLWtUL0/6j5/WfiYuUZrHqzQEdnc8/ZsoqtahTQQE+Xlq386hG/bBck15/INf+tqx75fMlv/dMt0z/nrp4qySpY5OqkqTYhBRJcgaVxfy8JKWHoAXZ/1rbl6QxP65UVHSCpo1+VD1e+SFTe2EhQQU9VF2MTdLMlRGqEBKoO5tWy3PbvM6lt2f60OTJqRbnsmK+6f2+FJukimWCNOa5u5zr4pNSNXfNHhkMBrVvVFlhIXmvj0tMD8cd50SSivmlf2gh43lJSjHr6Q9m6/T5OK3edlh3Nq2me9vWynd9dFxynu3nd3wAXN+Hz3fXxme+UnxSaq7b9O/emPAXAAAAAFwIATAAAAU0ae4mJSSl6s0BHfVU7xa6EJOoxv3Ha/KCzerTqZ5OnItR5XLF9fnQnkpJs+iDKatUvJiP2jaopFPn47Rw/X41qVlebw3sJEnOsFOSypcqpi9e7aUXHmqjn5duV4XSgRr7Qg9J0r1ta6ldo8q6r30d+Xl76tDJi9qw65j2Rkbp8KmLOnzyonq3r6NZY/rpfHSiyvYYpZkrd+ndp7vqk1/WSJKmjuyrelXLaMG6fXpu7Bz9b9FWDejeRG9/s9TZh64twvXMfS2y9XX2ql06cOy82jeqouUTBivNbFXj/uO1fPNBbdl3UodOXtT0ZTuc7Qx9tJ16tKmp/ceitHZ7pDo0qqIxz92l5FSz3hrUST5eHnqwUz0lpZjl3+EtZ1XS59PXyWK16bNX7tWQPq01Z/VuPfD6T5q9cpckaduBU+rYpKomv/2g7Ha7Og/5VrNX7VJ8UqoWrt+frQ8hwf7X5fWTpK0H0itbP335XlUtH6waFUvpUmyS4pNSNWHmX0pNs+i/T9ypEU921pFTl1TzobH66KfVev3xDs7nH/ZoO4157i5t2nNcrZ6cqK3709t8+5ulmSpkJ7/9YL5VzbsPn83xtcvou9//1uINB1S7cmk93LmBJMlqy3n4z5zmF85p/2tt/+iZaH02fZ163lH7mitPv5//t9LMVg3s0VRGo0FS+vzVWd8HbepXzLOdEoG+KlsyQKfOx2rasp3q3Kyapi9Pb8PNZMy2/XMfzVFUdIKe6tU8x8A66/qzF+Nzfe6M5z3NbNEvS7c7/92qXlim589tvdWW+9zQFqvtio8PgOupX62MZn3QT91f/iHH3/edm1XTN/+5vxB6BgAAAAC4UQiAAQAoIMectqN/XKnRP650Lo88Ha1SQX7q3Kyalv19UKH3jlbnZtXUs10d9elYN9f2fv9zr/N7x9CsOWlWO1SvfbFQwycs0oWYROfy2MRk7T8WJUnOIXlLBvkqZe372fp8z9DJmdqMPH1JF2ITM/Uha2DqsOtQ+lytdzarJoPBIE8PN3VuVk37jkZpy76TOncpPlM7D+UQFkrplZbhFUrqza+X6Kn3ZzkrkRxf91+em7VlnfRqzd7t6yh13RgZDQaN+3WtJGnllkMK6/l+pnYjT1/SgWNR2fqQ9Xiu5fV7rFsjvfX1EtV/bJzaNaysri3C9ebAjvLz8VTE5fPTpXl1SVLlcsVVq1JpRRw6o3+O/zvfbOnL/SldPP1rXGJ6tey6nZFauz3SuV1K2r+VmrnJ77Vbuz1Sz4+dKx8vd/3y7iPOoC+3wM9kzLw8t/2vtf3hExbKarXpw+fvzvcY82Kz2TVpziYZDAYN7NHEuTyn90FBjHq6q554b6Ye/e8vkv49juBA30zbjZmySj8v3a6aFUvp48sf0MhvfV4hq+lycC1Jgf7esm74UGcuxOmB13/Su98vV/1qZdWrXe081+cVcDvaL+jxAXBddzatpm/feEADR83ItLx+tTKaOaaf3N1MhdQzAAAAAMCNQAAMAEABmS1WSdLwfu3Vqt6/oYsjTFkwbpB+XLhFv63apTlr9mjasp3a+FAbjXvpnhzbs274sEDP+/g707V622G9PaiTurWsoZc+/V2b957IdXtThsDJbEmv9PnpnYcVcHnYV0kqXdxPTWuFFqgPHu7p/10wZgirHHOQuruZNOLJzhrxZOd824lNSFH3V36Q2WLVl6/dpxphJdVq8ETZcqkalf49t47juLtVDT3dO3Ola1hIUI59OHTyYqZ/X8vr93r/Dmpco5x+WrxNSzce0NKN/2jq4m3a9MMQeeZzfvKz6stn8t0mq/aNquT62h08cUH3/WeKLFabZrz/mHNeWEkqU8JfeyPPOcNnx5DNgf5eBdr/Wto/H52oWZeruWs8ODZTm55tXteeX4c651TOz5KNBxR5+pK6tQzPNI9yQd+LWQ3o3kQVSgdqyYYDKleqmP7ec1zTlu1UkxrlndvMWrlLb329RCWDfDX/k4Hy9fbI1EZu64OL+cjdzeQcClqSYhPSh20O9PdWYnKaTpyLUYCvl8qWDFCZEgF6pGtDbdx9XOt2Rqpzs2p5ru95R6082y/o8QFwfY/f3VjHz8VoxKQ/JEmhpQO1cNygTEPIAwAAAABcA+O+AQBQQI6g68Dx8+reuoZ6tKmplDSLGoaX0/YDp/Xsh7/Jx9Ndiz59QvumvypJmrkyQpJkuJwNpqSar+g57Xa71kcclclk1Ov9O6p57VBZrFbn+hph6YHZ33vSA+G4xBQ17PeZur343eU+l5YkRUUnqkebmureuoZOnY9V4zyCn6x9rV05vY0Vmw/KbrfLYrVp9bYjmdoviN1Hzio2IUWNwsup312NVC20hOwZst8aYelV0Jv2HJckrdl+RHUfGae3v1nqfJ5dh8+qbYNK6tGmpiqVLS5/X0/nPLP5udrXLynFrMHvz9JfEUf10zsP68Tvbyo8rKS2HTilI6cvOc/PH5vSh7I+cS5G+49GydfbQxXLFHxO2+vhUlySerzyg6LjkvXZy/dmmkNWkupePgeO12/N9vSvjcLLFWj/a2nf19tDd7eqkenhCM3vahkuvysIIL6avUGS9MS9zQq8T346Nqmqj4Z0V53KIfpt9W5VLlfcWV37994T6v/uNHl5uun3jweqUtnimfbNa73BYFDtyqUVE5/srBZfe/m8NAwvpwPHz6t230/U+YVvnUOz7jlyTlJ6ZXd+6/NrvyDHB6DoeGtgJz33QCuFBPtr0aeDVKZEQGF3CQAAAABwA1ABDABAAT33QCt9O+9vzV2zR/Ue/VSB/l76K+KYnurVXCOf6qKZKyI0fflObTtwSqfPx0mSs8IutFR6leLv6/bqrpe+1+LPnijQcxoMBoWHldTuw2d1z6uTlZCUpu0H0ocytlht6nlHLVUuV1yzV+1S68ETdfZivI6eidbQR+6QJP3n8Y566M2pGjp+vuas3qULsUnafzRKxfy89XDn+jk+Z9a+LvhkoGpXLq0Vmw+p0ePjlWq26MCx8+rQuIqa165Q4PNXuWxxubuZ9NeuY+r71s/avO+k7JcTYIvVpuf7tNY3czdp6PgFmrtmj7buP6nYhBR98Nzd6tqiuupXK6OdB8+o1sMfq07lEK2LiFRYSJD2Tnu1QM9/ta+fj5e7dh8+qx/mb9bRM9EKLuajyNOXVCLQVxVKB+rFh9vo6zkbNfK7ZVq55aD2HY2SxWrT2/3aZ6rGvhkGjZqpQycvysfLXSs2H9SKzQed6+Z81F//d38rfTHzLw2fsFBz1+zWpj3HZTAY9FSvFgXa/1ra9/Fy1/xPBmbqr3+Ht5SUYtbcsQMKPB/t0TPRWrzhgEoG+eqeNjWv5XRl8vY3SzVt2Q4dOXVJHu4mTXr9ARmNBiWnmtVr2I9KSbWoQkigxmQYPrxOlRC9MaBjnutHPd1VLzzURoNGzVDnId+qeoUS+ivimMqUCFDPtrXk5emuhuFltf3AadV++GOVDPLThl3HFODrpQc71VfZkgF5rpeUZ/v5HR+AoufzoT31+dCehd0NAAAAAMANRAUwAAAFVKlsca368ml1aFxFh09d1N7IKD3WrZFGPtVFpYL89McXg9Wwell9OXuDVmw5pH53NdK3bzwgSWpVL0yD7mkqk9GoQycvXNHzTh3ZV81qhWrDrmPy9/HU/R3S56U9cuqS3N1Mmv/xQN3ZtJq2/3Na8UmpeunhNhr1dFdJ0gMd6+qXUY+oduXS2rj7uOITU/X2oE56II+5ibP21WQyav4nA3VPm1o6dPKCTp+P08Od62vae49e0XGUKRGgqSP7KiwkSEs3/aMuzas7h/w9cuqiwsNKas6H/RUeVlJrtx9R8QAfff2f+9W9dQ25mYxaOn6wHuvWSClpFq2LiFSL2mH66Z2HC/z81/L6zfmovx66s77mrd2r737frDb1K2nJZ0/Kw92ksJAgLfp0kBrXKKcNu47LZDTqzQEd9frjHa7o/FwPh0+lD3udlGLW73/uzfSQpCrlgzVrTD9VLhes9TuPKrRUoH4d9Yia1CxfoP2vtf3rYdKcjbLb7ep/d5PrOmflgWPndSEmSXe1DNfar59Vh8ZVJEmJyWk6dylBknT8bEymY163MzLf9ZLU/+7GGvlUF7mZjNqy76Ra1QvTok8Hyc/HU24mo34fO1CPdG2o2MQU7Y08p05Nq2r5hMGqEBKY7/r82s/v+AAAAAAAAOB6DHa7PfeJ9wAAAAAAAK4Dx+0Hm80mu90um80mm80mq9XqfAQF3dzpEwAAric6Olomk8n5MBqNMhqNMhgMMhrT66EMBkbDAQDc+uLi4q56XyqAAQAAAAAAAAAAAMBFEAADAAAAAAAAAAAAgIsgAAYAAAAAAAAAAAAAF0EADAAAAAAAAAAAAAAuggAYAAAAAAAAAAAAAFwEATAAAAAAAAAAAAAAuAgCYAAAAAAAAAAAAABwEQTAAAAAAAAAAAAAAOAiCIABAAAAAAAAAAAAwEUQAAMAAAAAAAAAAACAiyAABgAAAAAAAAAAAAAXQQAMAAAAAAAAAAAAAC6CABgAAAAAAAAAAAAAXAQBMAAAAAAAAAAAAAC4CAJgAAAAAAAAAAAAAHARBMAAAAAAAAAAAAAA4CLcCrsDAAAAAAAAkhR54kxhdwEAcJsL9PMq7C4AAFDoCIABAAAAAMAtoVJomcLuAgDgNhcdHV3YXQAAoNAxBDQAAAAAAAAAAAAAuAgCYAAAAAAAAAAAAABwEQTAAAAAAAAAAAAAAOAiCIABAAAAAAAAAAAAwEUQAAMAAAAAAAAAAACAiyAABgAAAAAAAAAAAAAXQQAMAAAAAAAAAAAAAC6CABgAAAAAAAAAAAAAXAQBMAAAAAAAAAAAAAC4CAJgAAAAAAAAAAAAAHARBMAAAAAAAAAAAAAA4CIIgAEAAAAAAAAAAADARRAAAwAAAAAAAAAAAICLIAAGAAAAAAAAAAAAABdBAAwAAAAAAAAAAAAALsKtsDsAAAAAAABwM9ntdlksVqWazUpLMyvNbFFamllWm62wuwYAtz2T0SgPD3d5uLvJw8Ndnu7ucnMzyWAwFHbXAAAoMgiAAQAAAABAkREdG6+4hCQZjQZ5urvLw8NdAX4+8vBwl5vJVNjdA4DbnsVqdX64JikpRdHmeNmsNgX4+yqomH9hdw8AgCKBABgAAAAAALg8s9micxei5evjpdAypWQ0UokGADeCm8kkN2+TfLz/XWaz2RUbn6BTZ8+rVIkgubtxWxoAgBuJKy0AAAAAAHBpMXEJik9MUukSQfJwdy/s7gBAkWM0GhRUzF8+3l46G3VJAX4+KhbgV9jdAgDAZRkLuwMAAAAAAAA3yulzF2Sz2RRaphThLwAUMk8Pd4WWLSWLzaYzURcLuzsAALgsAmAAAAAAAOCSTp+7IH8/HxUPDCjsrgAAMggODJCfjxchMAAANwgBMAAAAAAAcDkxcQny8vSQv69PYXcFAJADfz9feXi4KzYuobC7AgCAyyEABgAAAAAALsVstig+MYnKXwC4xQUHBiguIUlmi6WwuwIAgEshAAYAAAAAAC7l3IVolS4RVNjdAAAUQKkSQYq6EF3Y3QAAwKUQAAMAAAAAAJcRHRsvXx8vebi7F3ZXAAAF4OnhLm9vL8XExhd2VwAAcBkEwAAAAAAAwCXY7XbFxieqmL9fYXcFAHAFAv19FZeQJLvdXthdAQDAJRAAAwAAAAAAl2CxWGUyGWU0Ggq7KwCAK2A0GmUwGGSxWgu7KwAAuAQCYAAAAAAA4BJSzWZ5MvQzANyWPDzclZZmLuxuAADgEgiAAQAAAACAS0hLM8vDgwAYAG5Hnh7uSiUABgDguiAABgAAAAAALiHNbJGHu1thdwMAcBU83N2UZrYUdjcAAHAJBMAAAAAAAMAlUAEMALcvhoAGAOD6IQAGAAAAAAAuwWqzyc1kKuxuAACugpvJJKvNVtjdAADAJRAAAwAAAAAAAAAAAICLIAAGAAAAAAAAAAAAABdBAAwAAAAAAAAAAAAALoIAGAAAAAAAAAAAAABcBAEwAAAAAAAAAAAAALgIAmAAAAAAAAAAAAAAcBEEwAAAAAAAAAAAAADgIgiAAQAAAAAAAAAAAMBFEAADAAAAAAAAAAAAgIsgAAYAAAAAAABucb/+sUNl7h6lu1/+XvFJqYXdHQAAANzCCIABAACzHORCAAAgAElEQVQAAACAW9jMFRF6fOQ0RUUnaOnGf3T3y98rgRAYAAAAuSAABgAAAAAAAG5Rc9fs0aMjfpXNZncu+yvimHoMnaykFHMh9gwAAAC3KgJgAAAAAAAA4Ba0YN0+PfTmVFmtNhkMBklyfv1zR6TufXWyklMJgQEAAJAZATAAAAAAAABwi1m84YD6vPGTLFabQksHavSz3SRJNSuW0hsDOkqSVm09rN6vTVFqmqUwuwoAAIBbDAEwAAAAAAAAcAtZvvmg7v/P/5RmtqpimSCt+foZVSkX7Fw/6umuGvFkZ0nSsr//3RYAAACQCIABAAAAAACAW8aqrYfVc9iPSk2zqEr5YK3+6hmFhQRl2+6/T9yp955JrwpevOGAHnxjqswWQmAAAAAQAAMAAAAAAAC3hPPRibr31clKSbWoeoWSWv3lMwotHZjr9q/376CPhnSXJM1ft1dvf7P0ZnUVAAAAtzC3wu4AAAAAAAAAAMnPx0MVyxSX0WjQH58PVunifvnuM/SRO+ThbtKwzxcqPKzUTeglAAAAbnUEwAAAAAAAAMAtwNvTXbt+eeWK9xvSp7Wef6CVDAbDDegVAAAAbjcMAQ0AAAAAAADc5gh/AQAA4EAADAAAAAAAAAAAAAAuggAYAAAAAAAAAAAA+H/27jxcyznxH/j7LJ12CmkR2RUjM/YhW02KiZA1ZB1LY2swyLeso7LEiIgMw2RpfnbDMF+Mfec7jaiRSmUXqbScOuf8/jDOONNCm8Pj9bqu53LOfX/u+/O+n54rXed97s8NBUIBDAAAAAAAAFAgFMAAAAAAAAAABUIBDAAAAAAAAFAgFMAAAAAAAAAABUIBDAAAAAAAAFAgFMAAAAAAAAAABUIBDAAAAAAAAFAgFMAAAAAAsAJN/XxWtjlySA47745azfHMqIn5yUGX5fd3PF2rOQAAWLEUwAAAAACwAr0+/oO8/OaU/Omvr2Zu+fxay/GXp9/MmxM/yr1Pjq61DAAArHgKYAAAAABYgaqqqr72dW3m+Oq/tRgCAIAVTgEMAAAAAN9zxcVFNf4LAACLUlrbAQAAAACAxdu+/drZdZsN88vt29V2FAAAvucUwAAAAADwPdd8lUZ56IqjajsGAAA/AJaABgAAAIAVqLjoPz+Cq6isrLUcX8399TwAABQe/9oDAAAAgBWo5WqNq79+/vVJtZbjhdFfzt2q2Uq1lgEAgBXPEtAAAAAAsAJtsOZq+dlGrfLa2PdyxAUjc8lJv8ym67VIcVHRdzL/zNnlGX7vC3n6HxOTJAd2/ul3Mi8AALVDAQwAAAAAK9iN/Q7Izsdfm3c//jw9+91aazmO2Wub/HL7trU2PwAAK54loAEAAABgBdt0vRZ5+aaTckjXzbNak4bf6dx1Skuy2QYtc91Z++aaM/b5TucGAOC75w5gAAAAAPgOrNNqlfzxnANqOwYAAAXOHcAAAAAAAAAABUIBDAAAAAAAAFAgFMAAAAAAAAAABUIBDAAAAAAAAFAgFMAAAAAAAAAABUIBDAAAAAAAAFAgFMAAAAAAAAAABUIBDAAAAAAAAFAgFMAAAAAAAAAABUIBDAAAAAAAAFAgFMAAAAAAAAAABUIBDAAAAAAAAFAgFMAAAAAAAAAABUIBDAAAAAAAAFAgFMAAAAAAAAAABUIBDAAAAAAAAFAgFMAAAAAAAAAABUIBDAAAAMACXn755Rx77LHp3LlzunfvniuvvDKzZ8/+Vsd26dIljz/++ArN99BDD+WYY45ZoXMsjTPPPDODBw9e4fNcddVV+c1vfrPI/QMGDMjQoUNXeI7vq549e+app56q7RgAALWitLYDAAAAAPD9MmbMmJx66qk54ogjcvrpp2fq1Km56qqr8u6772bQoEG1HS9Jsskmm9R2hO+1XXbZJfXr16/tGLVm//33z4YbbljbMQAAaoUCGAAAAIAa/va3v6Vdu3Y5/PDDkyTrr79+GjVqlGOPPTaTJ0/OmmuuWcsJk7XWWitrrbVWbcdYYSorK1NcvPSL92277bbLMc0Pz1577bVUx1VUVKSkpGQ5pwEA+G5ZAhoAAACAGkpKSvLpp59m3rx51ds22mijDB06NE2bNk2SvPvuu+nTp09+8Ytf5OCDD87f//73RZ7vxRdfTK9evdK5c+f07t0748ePr943bdq09O/fP7vuumu6d++eYcOGpaKiIsmXZdywYcOy5557pkuXLunfv3+mTZuWJBk5cmQOPfTQ6vPMmjUrAwcOTNeuXdOlS5cMGDAgs2bNqt7XoUOH3H///enVq1c6deqUPn36VJ8rSZ599tkcfvjh2WWXXdKzZ8/FXs+SXPvXvfPOOzn11FPTsWPHdO/ePcOHD6/e98wzz6Rz58658sor06VLl7z44ouLvf6v3p/Bgwdn1113zV577ZW//OUv1fu+vhT1/vvvnzvvvLN63/jx49OhQ4d8/PHHSZLnnnsuhx12WHbZZZcceuihee655xZ5DS+99FJ69uyZzp075/TTT0///v1z/vnnJ0mefPLJdOnSpcb4448/PjfccEP194v7LPy322+/Pd26dUu3bt1y+eWX55BDDsn999+fJDn88MMzcuTIGrk6dOhQ/f1/L0O+qHm/+mwMGTIke+21V6677rp88cUXGTRoUHbbbbd07do155xzTmbMmFF9rrfeeivHH398OnXqlAMOOCAPPvjgIq8BAKA2KIABAAAAqGGvvfbK559/nmOPPTaPPvpoysvLU1pamvbt26dRo0aZPXt2TjrppGywwQa56aabcsghh+Tcc8/NhAkTFjjXuHHj0rdv3xx88MG58cYbs9FGG+X000+vLpf79u2bTz/9NEOHDs15552XRx55JLfddluS5A9/+EMeeuih9OvXL9dee22mT5+eCy64YKGZzzvvvIwdOzaDBw/O4MGD8+abb+bSSy+tMWbEiBE55ZRTMnjw4EyaNCkjRoxIkkycODFnnnlmevTokdtvvz09evTIueeemw8//HCBeZbk2r+uoqIiffr0SYsWLXLrrbemf//+GTlyZB599NEa5549e3auuuqqtG/f/huv/5VXXknDhg1zzTXXpGvXrrn00kvz+eefLzD3LrvsUuN5uE8//XQ23XTTNGvWLG+88UbOPPPMdO3aNX/84x+z66675swzz8zEiRMXOM+MGTNy9tlnp3379rnhhhvSrVu3PP/884u97q/7ps/C17366qsZOnRojjjiiAwbNiyrrrrqQjMtr3lHjx6dCy64IPvvv38uueSSjB8/PldffXWuueaaTJ48OcOGDasee8YZZ6Rt27a55ZZbcuihh2bQoEF54403liobAMCKoAAGAAAAoIZWrVrlpptuypprrpkLLrgg3bp1y5AhQzJ79uwkyeOPP566deumd+/ead26dXbbbbdstdVWNcrMr9xxxx3p0qVLunTpktatW+eEE07IjBkzMmrUqIwbNy6jRo1K3759s/766+enP/1pevfuncmTJ6eysjJ33313fvWrX2WrrbbKOuusk9NOOy3Tp09PeXl5jTkmTZqUZ555JmeffXY23njjbLLJJunbt28eeeSRfPDBB9XjTjnllGy++ebZbLPN0rlz5/zrX/9Kkqy66qoZPnx49thjjzRv3jw9evRIWVlZxowZs8D1LMm1/7eLLrooJ554Ylq0aJEtttgim2++ef75z39W7y8pKclpp52WDTbYIPXq1fvG6994441z7LHHZr311suRRx6ZefPm5Z133llg3o4dO+a1117LzJkzk3xZAO+yyy5JvryTervttstBBx2UtdZaK4ceemi22Wab6hL+6x577LGUlZXl1FNPzVprrZWddtopO+644zde91cW91n4b/fdd1+233779OjRI2ussUZ69eqV5s2bf+u5lnTe4447LptuumlWXXXVHHbYYRkwYEDWXXfdrLPOOunSpUv1n9OsWbPy0UcfZZtttkmrVq3SrVu39O3bN/Xq1VuqbAAAK4JnAAMAAACwgJYtW+a8887LtGnT8vDDD+fmm2/O2LFjc9VVV+Wtt97KlClT8otf/KJ6/Lx587LyyisvcJ633norEydOzMMPP1y9bc6cOfnggw8ybdq0NGrUKK1atare16lTp3Tq1Cmffvpppk+fno022qh6X+vWrXP99dcvMMe4ceNSr169rL/++tXb2rZtm7p162bixIlp3759kqRx48bV++vVq1ddaDdu3Dj/+Mc/Mnjw4EyePDnz58/PrFmzFnpn6pJc+9eVlJSkbt26OffcczNmzJjMmjUrc+fOTbdu3arHFBcXVz9/dtq0ad94/Y0aNar+uqysLMXFxdXLXn/dRhttlBYtWuTZZ5/NFltskTFjxlTfSTxu3LjsvvvuNcZvttlmC13W+t13383666+fOnXqVG8rKipa7HV/3eI+C/9typQp2WGHHb71uZd23nbt2iVJjWtaddVVc/311+eFF17ItGnTMn/+/LRo0SJJ0qBBg/Ts2TN9+/bNz3/+82y33XbZZZdd0qBBg+WSFQBgeVAAAwAAAFDD6NGj06pVqzRt2jRNmjTJAQcckHbt2qV379556623kiSbbrppzjrrrBrHLaoE23///bPnnnvW2Na0adO8/PLLiywQv17IfZOvys+vq6qqSlVV1QJ3Cy/M2LFjc84556R///7ZbrvtUqdOnQVK0a9bkmv/Snl5eU455ZTsscce+Z//+Z80atQoZ5999iLHL8n1fxsdO3bM008/nTlz5qRdu3bVd9PWqVMnpaU1f0RYWVm50PI7yQLv85Ja1GfhvxUVFS3zXEszb5IMGDAgFRUVGTJkSJo3b54777yzxjOUe/funT333DNPP/107rnnnlx33XW55ppravwiAwBAbbIENAAAAAA1DBgwYIElgFdfffUkXz7Ltk2bNnnnnXfSrFmztG7dOq1bt84qq6ySVVZZZYFztWnTJhMnTqwe99XYhg0bpk2bNpkxY0bef//96vH/+Mc/MmLEiDRu3DhNmjSpLpyTZOrUqbn88ssXKHXXXnvtzJo1q8YzYseOHZvy8vKst95633i9r732WtZcc83stNNOqVOnTubPn5/58+cvdOySXPvXTZgwIVOnTs2BBx5YfefunDlzFjl+Sa7/2+jYsWOef/75PP7449XLPyfJOuusk9dff73G2FGjRi30fVtzzTXz9ttv13hvqqqqqr9u0KBB5syZk8rKyuptXy+SF/dZWNhcY8eOXeT1NGjQoMbdzov681rSeZMvn6381XLgSarvFE++fF70ddddlzXWWCMHHnhgrrvuuqy00kp55JFHFjk/AMB3TQEMAAAAQA0HH3xwRo4cmVtvvTVvvfVWRo0alUGDBqVNmzZZf/31s+uuu6a0tDTnn39+xo8fn9GjR+eYY47J448/vsC5DjrooDz33HO56aabMmXKlDzxxBPZb7/98vHHH2fttdfOVlttlQEDBlQ/D/iiiy7K3LlzkyQHHHBArr/++rz88suZOHFiBg0alPHjx6esrKzGHK1bt85OO+2UCy+8MG+++WbeeOONDBw4MDvssEPWWGONb7ze1q1bZ8KECXnooYcyatSo9O/ff5FLQC/JtX9d8+bNU6dOnfzxj3/Mm2++meuuuy4vvPDCYsvcb3v938YGG2yQVVddNS+99FJ23nnn6u09e/bME088kZEjR2bSpEm59dZb8+KLL2a//fZb4BwdO3bMnDlzcvnll2fy5Ml54okn8uSTT1bvX2eddVJUVJSbb74548ePzy233FLjOcqL+yz8tz333DNPPvlk7r777rz33nu5+eab8+GHH9a4nocffjijR4/Oq6++mmHDhi3y2pdk3uTLz8Ndd92V0aNH54EHHsif/vSn6j+nhg0b5vbbb88NN9yQ9957Ly+//HI++uijrLXWWot59wEAvluWgAYAAACght122y3169fPrbfemuHDh6dhw4bZYostcuaZZ6a0tDSlpaW57LLLcsUVV+Soo45K48aNs8cee2THHXdc4Fxt27bNBRdckOuvvz433nhj1lhjjfTp0yfNmjVLkvTr1y+XXXZZjj322NSvXz/dunXLYYcdluTLcnLGjBk555xzMmfOnGy33Xbp27fvQjOfddZZueKKK3LyySenpKQkO++8c0466aRvdb0dOnRIz549c9VVV6VOnTrp0aNH5s2bl5kzZy4wtkGDBt/62r+uSZMm6d+/f4YOHZr7778/HTp0yEEHHZSpU6cu8pgluf5vo2PHjnnhhReqn2ebJOuvv34uvPDCXHvttRk6dGjWXnvtDBo0KG3btl3g+IYNG+aiiy7KpZdemkceeSQ//elPs8kmm1TvX3XVVXPqqafmhhtuyB133JHtt9+++vnLyTd/Fr7upz/9aU444YTccMMNGT58eDp37pzVVlutev9hhx2WSZMm5eSTT07Lli2z8847Z9y4cQu97sXNu7BnJp999tkZOHBgTj755LRr1y5HHXVU7rvvvpSXl6dZs2YZNGhQhg4dmhEjRqRp06bp2bNnOnbs+O3+EAAAvgNFVV9fpwUAAABgBfjqxw+VlZWpqqpKZWVlKisrU1FRUf1a1PM4v60Jk9/POmu2XB5xgW/pd7/7XSoqKtK/f/8VPlePHj1y+OGHZ4899ljhc1E7lsff45999llKSkqqX8XFxSkuLq7xXOlFPXscAL5Ppk+fvtTHWgIaAAAAAAAAoEAogAEAAAAAAAAKhCWgAQAAgBXOEtAAfBNLQAPAf1gCGgAAAAAAAAAFMAAAAAAAAEChUAADAAAAAAAAFAgFMAAAAAAAAECBUAADAAAAAAAAFAgFMAAAAAAAAECBUAADAAAAAAAAFAgFMAAAAAAAAECBUAADAAAAwA9AZWXlcj1fRUXFcj0fAADfDwpgAAAAAFiBpk2blv79+2fXXXdN9+7dM2zYsOry9YsvvsigQYOy2267pWvXrjnnnHMyY8aMJMkzzzyTzp0758orr0yXLl3y4osvJklGjhyZbt26Zdddd83ll1+eo446Kvfcc883nm/WrFnp0KFDhgwZkr322ivXXXddLbwbAACsaApgAAAAAFiB+vbtm08//TRDhw7Neeedl0ceeSS33XZbkuSSSy7J+PHjc/XVV+eaa67J5MmTM2zYsOpjZ8+endmzZ+eqq65K+/bt89prr2XIkCE5+OCDM3To0NStWzdjx46tHv9N50uS0aNH54ILLsj+++//3bwBAAB8p0prOwAAAAAAFKpx48Zl1KhRGTlyZFq1apUk6d27d/XdvIcddlhWXnnlrLLKKkmSLl265MEHH6w+vqSkJKeddlpKSkqSJPfee286dOiQgw46KEmy/vrr59FHH60e/03nS5Ljjjsum2666Qq6YgAAapsCGAAAAABWkHfeeSeNGjWqLn+TpFOnTunUqVOSZNVVV83111+fF154IdOmTcv8+fPTokWL6rHFxcXV5W+STJkyJTvuuGONOb6+/5vOlyR16tRZrtcIAMD3iwIYAAAAAFaQ0tLSFBUVLXL/gAEDUlFRkSFDhqR58+a58847c+eddy5yfElJyXI9HwAAhcczgAEAAABgBWnTpk1mzJiR999/v3rbP/7xj4wYMSJJ8sorr2SPPfZI8+bNk3z5zN/Fad26dcaMGVNjW0VFRfXXS3o+AAAKjwIYAAAAAFaQtddeO1tttVUGDBhQ/Tzgiy66KHPnzk3yZaF71113ZfTo0XnggQfypz/9KeXl5Ys8X/fu3fPUU09l5MiRGTduXIYOHZoPP/ywev+Sng8AgMKjAAYAAACAFahfv35p3Lhxjj322PTt2ze77LJLDjvssCTJ2WefnZkzZ+bkk0/Oww8/nKOOOir169dfZGnbvn37nHjiibn55ptzyimnpLKyMs2bN69eFnpJzwcAQOEpqqqqqqrtEAAAAEBh++rHD5WVlamqqkplZWUqKytTUVFR/WratOkyzTFh8vtZZ82WyyMufK+Vl5enrKys+uuuXbvmoosuyrbbblvLyWDZLI+/xz/77LOUlJRUv4qLi1NcXJyioqIUF395P9TinqMNAN8X06dPX+pj3QEMAAAAAD8Qr776anr37p3XX389kyZNysUXX5wmTZpks802q+1oAAB8T5TWdgAAAAAA4NvZbLPNst1226Vfv36ZOXNm2rVrl0svvTT169ev7WgAAHxPKIABAAAA4AeipKQkRx55ZI488sjajgIAwPeUJaABAAAAAAAACoQCGAAAAAAAAKBAKIABAAAAAAAACoQCGAAAAAAAAKBAKIABAAAAAAAACoQCGAAAAAAAAKBAKIABAAAAAAAACoQCGAAAAAAAAKBAKIABAAAAAAAACoQCGAAAAAAAAKBAKIABAAAAAAAACoQCGAAAAAAAAKBAlNZ2AAAAAAAKU2VlZcZNmZrHXnk7j774VsZO+jjvvP9ZZs4ur+1o/Ag1ql+WNi2bpm2b1dNxq/XTacv1s94aq6S42D0yAEBhUQADAAAAsNyddfWDGXrXc5k/vzJzyuenKkmqkqKi2k7Gj9XM2eV5/e0P8/r4D3Pn4/9MvbLSlNUpSe8e2+V3x3et7XgAAMuNX28DAAAAYLl5+c3Jab7b+fn9Hc9k5qzyzCmfnyQpivKX2ldU9OVnMUnmlM/P9C/mZvBtT6bl7hfk1bHv1mo2AIDlRQEMAAAAwHLx64vvzs+PvjqfTPsic+fNr+048K2Uz6vIR5/NzDZHDMmJl95T23EAAJaZJaABAAAAWGbtDrgk4yZPTWVVVW1HgaVSWVWVa+96Pn9/dXz+eetvajsOAMBScwcwAAAAAMuk7f6X5F+TPlH+8oNXWVWVNyZ8mHYHXFrbUQAAlpoCGAAAAICl9utL7s64KZ/UdgxYrt6a/HFOvMxy0ADAD5MCGAAAAIClMnr8Bxl+74tx4y+FpqoqGXb3Cxn7zke1HQUAYIkpgAEAAABYKp1OuC7zKyprOwasEBUVlen46+tqOwYAwBJTAAMAAACwxH5zxf359PNZtR0DVqhPP5+V04c8UNsxAACWiAIYAAAAgCVSWVmZ6+5+PhWV1n6msJXPr8iwu19IlXXOAYAfEAUwAAAAAEtk3JSpqVCI8SMxf35Fxr/7aW3HAAD41hTAAAAAACyRv7/ydsrnVdR2DPhOzJ1XkUdfequ2YwAAfGsKYAAAAACWyKMvj6vtCMtFowZ1M/iUPTLpvr75/NHz88btp+XyPnumVbOVlug81521bw775RaLHbNF29aZcPdZqVe3dFkiLxc/tLzfB4+/8nZtRwAA+Nb8Cw4AAACAJTJm4ke1HWG5uLHf/vl85pxscdjv8/FnX2TN5k1y5B5bZfON1sh7H09frnONm/JJLr7l75kzd/5yPe+K8kPLu6K9USCfeQDgx0EBDAAAAMASmfj+Z7UdYZk1rF+W3X6+UVbpfE71ctaTP5yW84b/bYXM9/nMObnmrudWyLlXhB9a3hVt4nueAQwA/HBYAhoAAACAJTJzdnltR1hmRUVFKS0pTqP6dRc77tO/nZeVG9WrsW2bTdbKk8OOr7GttKQ45/5q17xzb9988vC5efjKo9N+/ZbV+9dotnLG331m9fcHd/lZhv5275x28E6ZcPdZ2XOHjRea8eg9t86oEb/JtEfPz4S7z8pZh+1SY8x1Z+2bI/fYKtf33TcfPtQ/q6zUIEmy+3Zt89wNJ2TqI+dm4j1npd+RnVJcXFR9XL2yOrm8z5557y/9Mv2xC3LnwF5pvkqjhea9qPdu6X/ULxbId0jXzTP87P2SJCs3qpdrz+yR9/7SLx8/fE4evPyo/GS9Fot9b39ICuEzDwD8eCiAAQAAAPjRmTlrbm556NU8Nez47LPzT1K/bp1lOt+A3runqqoq7Q64JKvvdl5u/ssrefjKo9OmZdNFHrNfp/ZZu1XT/KzXFbnvqTcW2N+kcb2s1bJp9jjtxjTp1D87HndN9u3YPvt23LTGuIuO3y3P/fOdrNX9onw6fVa677hJfv+b7jll8H1Zdddz8/Ojr85WG6+V7jtuUn3MZSd3y1uTPs66+wyoPu6m/gcsNOd1dz+fI7ptVaNATpJj99421971XEpLivPIlb/Kp9NnZYN9B2X1rufnD/e/mId/f3TWb73qkryNAAAsBwpgAAAAAH6Ujh14Z67687M5+4hO+eiv5+SeSw5Lp63WX+Lz1K9bmlVXbpDzhv8ts+bMS2VlVUY8/FqG/r9nc2rPHRd53MxZ5Tl58H2ZNmP2Qvd/Nn12+g97OO/8e8ntyR9OyxW3P5VfbL1hjXF/e/Ff+cP9L2Vu+ZfP673o+K458sKReWH0pCTJ+59MT/fTb8rdf3+9+pi7/v56ht75XObMnZ9pM2bnxMvuyfbt185KDWve7Zx8ueT3GxM+zC+3a1e97SfrtUjdspK8/OaU7LPzTzJj1tz0HfpQvphdnqqqqvy/x/6ZK25/Kmcd3vFbvosAACwvCmAAAAAAfpQqK6tyzV3PZYvDfp8N97s4T7w6PiN/d0iO3+fnS3Se9VqvmnufHL3A9geeeTNbb7zmIo97ecyUVFRULvbcR+25VZ6+rneeHf7rPDv817mx3/5p1qRhjTFfFb1J0rhB3azZvEme+r8JNcZUVVXV+P7p/9o/Z+78TPno8xrLQH/dsLufzzF7b1P9/XH7bJtr73o+SbL1Jmvlr8+NXeCYh54bm202WWux1wcAwPKnAAYAAADgR+/9T6bn8tueyp6n3ZQzeu1cvb2ysiqlJTV/hFavbmmN74uKilJZWbNgTZKiFGXBrf8xY9bcxWbquOX6OXH/DtnztJuy3dFXZ7ujr073029KUc2VmBc4T9F/D1iIufPmL7BtfkXlAss8f+WBZ97MJus2z1otmqRh/bJ0275dbnvk/74254LHFGXB4hkAgBVPAQwAAADAj1KjBnUX2PbeJ9NrFKgffDojG67VrMaYHTZbp8b3b0+ZmoHPxKMAACAASURBVL13/skC59pjh41r3J27pDbfaI389bmx+XT6rOpt67Za/DN1Z8yam3c++Cw7bb5uje3fphRenMrKqtx4/0s5uvs2ObjLz3L3E6Mze+68JF/egbzbdm0XOGb37drm+deX/voBAFg6CmAAAAAAfnQ2Wbd5XvzDidmvU/s0qFcnSdKmZdMMOW2v3PzgK9Xj/vzoqFx8wi/TpmXTFBcXpevPN8pRe25d41yz5szLex9Pz/nHdkmjBnVTWlKcXrtvkeP22TaDb31yqTP+8+3384utNkj9ul/ma736yjn90J2+8bizrn4oN5y9X7Zvv3aSpFWzlXLvJYcvtKReEtff+2J67bZ5Tthv+wy7+/nq7Xf//fXUKyvNoBN2z0oN66WkpDgHdt4sJx+4Qwbe/PgyzQkAwJIr/eYhAAAAAPAfjeqXZebs8tqOsUxGj/8wxw68M30O2iFXn7536tYpyQefzsxND7yUQbf8vXrcRTc9lpUa1suLfzgxdctK89jL43LswDvzP0d2qnG+M69+MG3XXj1v3n5aGjUoy0tvTMmuJ16fSR9MW+qMDz//r/xswzXywh9OzGczZmfq51+k/7BHsueOGy/2uPuffiPzKypy2cnd0nbt1fP5zDm54b4XF/qc4iXxwdQZGT3+w7Rp2TRjJn5UvX1+RWW6nnxDBp2we/7159+mTmlxXhg9ObuedH3enjJ1meb8vmi8kLvFAQC+r4qqPIgDAAAAWMG++vFDZWVlqqqqUllZmcrKylRUVFS/mjZtukxzTJj8ftZZs+XyiMs32OzgwXl9/Ie1HQO+M5tt0DKv3nxKbccoeMvj7/HPPvssJSUl1a/i4uIUFxenqKgoxcVfLoi5rEuiA8B3Yfr06Ut9rCWgAQAAAFgi7dZpXtsR4Du1ybo+8wDAD4cCGAAAAIAlsvPm69V2BPhO7fwzn3kA4IdDAQwAAADAEum01fqpW1Za2zHgO1G3Tkl22VIBDAD8cCiAAQAAAFgi662xSuqU+LESPw51y0qzdstle0Y5AMB3yb/UAQAAAFgixcXFOWrPrVNSXFTbUWCFKi4uyjF7bZPiYj9GBQB+OPzLBQAAAIAlNviUPbLKSg1qOwasUM2aNMygE35Z2zEAAJaIAhgAAACApfLwlUenqMhdwBSm4qKi/G3Ir2o7BgDAElMAAwAAALBUNtugVY7ec6vogCk0RUXJsXtvk03WbVHbUQAAlpgCGAAAAICldu2ZPdK2zeq1HQOWq03WbZGrTt+7tmMAACwVBTAAAAAAy+T1205Nu7VXT7FbgfmBKy4qyk/Wa5F//KlPbUcBAFhqCmAAAAAAltnrt52a43v8XAnMD1ZxUVF+vd92yl8A4AdPAQwAAADAcnHlqd3z3A2/ziorNfhyQ1VV7QaCb2nVlRvkhRtPzBV99qztKAAAy0wBDAAAAMBys2W7NfPxw+ekd4+fp17dOikpKUqqvuyC1cHUtqr8+/cSqqpSUlycBvXK8ut9t8tHfz0nm2+0Rm3HAwBYLoqqqvwqJgAAALBiffXjh8rKylRVVaWysjKVlZWpqKiofjVt2nSZ5pgw+f2ss2bL5RGX5aSqqirj3/00DzwzJs+OmpAx73ycie99mpmzy2s7Gj9CjeqXZe1Wq6Rtm2bZ8WfrZreft83aLZukuNg9Mt8Xy+Pv8c8++ywlJSXVr+Li4hQXF6eoqKj6z7rIUvUA/ABMnz59qY9VAAMAAAArnAIYgG+iAAaA/1iWAtivtwEAAAAFoaS4OPMrKmo7BgBLYX5FRUrcjQ0Ay4X/owIAAAAFoaysTsrL59V2DACWQnn5vJSV1antGABQEBTAAAAAQEEoq1Oa8nnzazsGAEuhfN78lNUpre0YAFAQFMAAAABAQXAHMMAP19zyeanrDmAAWC4UwAAAAEBBqFunTubOUwAD/BBZAhoAlh8FMAAAAFAQSktLUlVZlcrKqtqOAsASqKysTGVVZUpLSmo7CgAUBAUwAAAAUBCKiorSuFGDfD5jZm1HAWAJTJs+Mys3bpSioqLajgIABUEBDAAAABSMpis3zqzZczLXs4ABfhDmls/L7Dlz02SlRrUdBQAKhgIYAAAAKCirr9Y0H33yWW3HAOBb+PCTT9N8tVVqOwYAFBQFMAAAAFBQ6pSWZqVGDTJ12vTajgLAYkz97POs3LhRSks9+xcAlicFMAAAAFBwVl6pUcrL52X6zC9qOwoACzF95heZN39+Vm7csLajAEDBUQADAAAABanl6qvmi1lz3AkM8D0z9bPPM2v2nLRotmptRwGAgqQABgAAAApWy9VXTWlxcSa/91Hmls+r7TgAP2pzy+dl0nsfprS0VPkLACtQaW0HAAAAAFiRVl6pURo0qJePPvks9evXS5PGDVNc7HfiAb4rlZWVmTZ9ZmbPmZtWq6/mmb8AsIIpgAEAAICCV6e0NGu0aJZpn8/I5Pc+SnFxccrK6qRuWZ2U1SlNWVmdlJYoJACW1fyKipSXz0v5vPmZWz4v5eXzUpWqrNSoYdZo0ay24wHAj4ICGAAAAPjRaLJy46y8UqPqgmJu+bxMnzkr5eXzUlFZWdvxAH7wSv79CzZldUrTqEG9lDVpnNKSkhQVFdV2NAD40VAAAwAAAD8qRUVFqVNamjqlpWnYoH5txwEAAFiuPPAGAAAAAAAAoEAogAEAAAAAAAAKhAIYAAAAAAAAoEAogAEAAAAAAAAKhAIYAAAAAAAAoEAogAEAAAAAAAAKhAIYAAAAAAAAoEAogAEAAAAAAAAKhAIYAAAAAAAAoEAogAEAAAAAAAAKhAIYAAAAAAAAoEAogAEAAAAAAAAKhAIYAAAAAAAAoEAogAEAAAAAAAAKhAIYAAAAAAAAoEAogAEAAAAAAAAKhAIYAAAAAAAAoEAogAEAAAAAAAAKhAIYAAAAAAAAoEAogAEAAAAAAAAKhAIYAAAAAAAAoEAogAEAAAAAAAAKhAIYAAAAAAAAoEAogAEAAAAAAAAKhAIYAAAAAAAAoEAogAEAAAAAAAAKhAIYAAAAAAAAoEAogAEAAAD+rby8PEOGDEn37t2z++675/zzz8/06dNX+LyzZs1Khw4dMnr06IXuf+edd7LXXnvlk08+WeFZAACAHzYFMAAAAMC/XXPNNXnuuedywQUX5IorrsiUKVNy+eWX13asNGvWLAceeGBWXnnl2o4CAAB8zymAAQAAAP7tb3/7W4444oi0b98+G264YXr16pVnnnlmmc9bUVGxTMc3aNAgBx54YOrUqbPMWQAAgMKmAAYAAAD4t9tuuy0dO3as/r60tDTl5eULLXCrqqoyYsSI9OjRI506dUrv3r3z9ttvV+8/6qijcuGFF6ZXr17p3bt3kmTMmDE5/vjj07Fjx/Ts2TP/+7//W+Oco0aNSq9evdKpU6f06dMn06ZNS5K89dZb6dChQ6ZNm5aHHnooe+yxRyorK6uPO/vss3PxxRcnSSZNmpQ+ffqkU6dO2WuvvTJixIgaczz66KPp2bNnOnXqlGOOOWaRy04DAAA/TApgAAAAgH9r3LhxSkpKkiTTpk3LiBEj0rVr1+ptX3fffffl1ltvzdlnn50RI0ZkjTXWSL9+/WqMeeGFF3LMMcekf//+mTZtWvr06ZONNtooN910Uw477LD87ne/yz//+c/q8ffcc09OOeWUDB48OJMmTVqgvE2SHXfcMTNnzszrr7+eJJk3b15eeuml7LLLLvniiy9y0kknZZVVVsnw4cNzyimn5JZbbsn999+f5Mty+Pzzz8/hhx+eW265JW3bts3pp5+e8vLy5fYeAgAAtau0tgMAAAAAfJ98/vnn6dGjR+bMmZO11lorAwYMWOi4bbfdNltssUVat26dJNlvv/3y0EMPZcaMGWncuHGSZJ999kmHDh2SJCNHjkzDhg1z0kknpbi4OGuttVbefvvtvPXWW1lvvfWSJH369Mnmm2+eJOncuXPefPPNBeZt2LBhtt566zz99NNp3759XnnllZSWlmbzzTfPAw88kIqKipxxxhkpKyvLOuusk/fffz+33HJL9thjj0yZMiVFRUXZbrvt0qhRoxx//PFp06ZN5s6dm7KysuX+XgIAAN89dwADAAAAfE3jxo1z00035eqrr07Tpk1z7rnnLnTc6quvnieffDKHHnpounbtmhNOOCFJatxNW1r6n9+9nzRpUjbYYIMUF//nxzG9e/fOPvvsU2Pur9SrVy+zZ89e6NwdO3bMk08+mSR5+umns+OOO6akpCTjxo1L27Zta5S5m222Wd57773MmTMnW265ZTbddNMceOCBufjii/Paa69l7733rjEvAADww6YABgAAAPia4uLitG7dOptttll++9vf5vnnn8977723wLg///nPufvuu9OvX788+OCDufbaaxd73tLS0hQVFS2XjDvssEM++uijTJgwIc8880x22WWXJEmdOnUWWK76q2cFz5s3L2VlZRkyZEgGDhyYJk2a5LLLLssJJ5yQ+fPnL5dcAABA7VMAAwAAAOTLO3cPPPDAjB49unrbV3fr1qlTZ4Hxr7zySnbYYYdsuOGGKS4uXuTdul9p06ZNxo0bV13IJskDDzyQJ554YomzNmjQIFtvvXWGDx+eOXPmZIsttkiSrLvuuhkzZkyNQnfUqFFZffXV07hx4zz77LN54IEH8pOf/CTHHHNMhg8fnlGjRuWNN95Y4gwAAMD3kwIYAAAAIElZWVlatmyZq666Kv/6178yYcKEXH311dlkk03SrFmzBca3bt06TzzxRF566aU899xzGThwYJIv77RdmF133TVffPFFrrrqqkyaNCmPPvpoLr/88qVefrljx4554oknssMOO1QvNd25c+cUFRXl4osvzsSJE/Pkk0/mlltuyYEHHlidbfDgwXnsscfywQcf5LHHHktJSUlatWq1VBkAAIDvn9JvHgIAAADw43DOOedkyJAh6dOnTyorK7PlllvmwgsvXOjYww8/PB988EH69u2b5s2b55BDDsnNN9+cqVOnpkWLFguMb9iwYS655JJcccUVueuuu9K8efOcccYZ2XzzzTNr1qwlztqhQ4eUlZVVL/+cJHXr1s3gwYMzePDgHHHEEWnatGl69eqV/fffP0my00475bjjjsvQoUMzderUtG7dOhdeeGFWW221JZ4fAAD4fiqqqqqqqu0QAAAAQGH76scPlZWVqaqqSmVlZSorK1NRUVH9atq0aS2nBOCH7rPPPktJSUn1q7i4OMXFxSkqKqpe1n95PY8dAFak6dOnL/WxloAGAAAAAAAAKBAKYAAAAAAAAIACoQAGAAAAAAAAKBAKYAAAAAAAAIACoQAGAAAAAAAAKBAKYAAAAAAAAIACoQAGAAAAAAAAKBAKYAAAAAAAAIACoQAGAAAAAAAAKBAKYAAAAAAAAIACoQAGAAAAAAAAKBAKYAAAAAAAAIACoQAGAAAAAAAAKBAKYAAAAAAAAIACoQAGAAAAAAAAKBAKYAAAAAAAAIACoQAGAAAAAAAAKBAKYAAAAAAAAIACoQAGAAAAAAAAKBAKYAAAAAAAAIACoQAGAAAAAAAAKBAKYAAAAAAAAIACoQAGAAAAAAAAKBAKYAAAAAAAAIACoQAGAAAAAAAAKBAKYAAAAAAAAIACUVrbAQAAAAAAWD7OOOOMWpt7woQJGTlyZK3NDwB8yR3AAAAAAN8DN98yIutuuPEiX088+VRtR6zhjLP+JwMuvnSpxq674cZ55G//u6KiLbNxb7+dcy/4XXqfePJixx11zHG58Y83f0ep4PttwoQJefnll2s7BgAQdwADAAAAfC/s1X2PbL/dz5Mkb44Zm5P6nJo7R96WlRo3TpK0bNliqc/98cefZJvtd8xDD9ybjTbcYLnk3X23Lqlfv/5yH1ubvvhiVn51XO+88OJLadJk5bRr23ax4/fZq3vWXWed7ygdLJmzzjrrO51v8803/07nAwAWTQEMAAAA8G+VlZX5+ONPUllV+a2PadSwYRr/u6RdFiuttFJWWmmlJMn0GTOSJG3arJVVmjZd5nOvCDvtuMMKGVub5s+fl59u1j6DLrowt95+R/75+ujFjv/l7rt9R8lg+frwww9z00035ZBDDskaa6zxjePff//93HrrrenVq1eaNWv2HSQEAJaFAhgAAAAgyRtvvpkjf3VcPvro4yU+9tCDD8p55/RbAalqemfSpPQ757y88ur/pVWrlvnNKSdlty67Jkk++2xa+p93QZ588qnUrVcv3ff4Zc44/dTc/Kdbc+FFA5Mku3XrnqOPPDx9z/xtjfN+8cWsbPqzLXPWGafn9jtG5t1338vWW2+ZSwcNzGWX/z4PPPhQVlqpcU4+4dc58ID9kiTHHH9CWrZonvPO6ZeLBl6cdyZNTssWzXPX3femQcMGObXPydmvxz4LjP1vFw28OG+PH58mKzfJXx/5Wxo2bJjfntYnrVq2TL9zzssHH36ULTb/WS67eGCaNVstSfLY40/ksit+n7fHvZ01Wq+R035zSvX7kCR/uOnmXHPtdZk7d2722bt7Xn3t/3LA/vvm4IMOTJLccOMfM/wPN2bOnLnZaYcOObf//6RJk5Wz8sor57en/eZb/3kceHCvbLXlFjm1z8m5aODFGfuvt9K4UaM89cyzadCgfk7/TZ/ss3f36vFPPf1MLhp4cSZPeTebbNwu55/bv/qO7Gefez79zj0/7055N9tuu01WW23VzJ1bniFXXPat88C3ddddd2XgwIG544478pe//CUtW7Zc5NgPPvgg3bp1y/jx49OgQYMcf/zx32FSAGBpeAYwAAAAQJKrhw5bqvI3SW4ZcVveGjduOSeqadasWTmk15Fp165d/nLfXTnuV0fnlN+cXj3v+RdelI8//jh3/fn2XHn5pbn3/r/kDzf9MYcefFD+/ujDSZK7/98dOe3UPouc49HHHs/gSwZl+HXXZOy/3krnrr9MixbNc+cdt+aA/fZNv3PPzwcffrjQY//30cfSsGHDjLx9RPbZq3v69T8vn3027Vtd25NPPZMttvhZ7hx5W3bvumvO7nduLhwwKBddeH5uHD4sU6a8myuvGprky+fzHnP8r9Pr4J557H//msMOPSSn/Ob0vPf++0mSF158Kb8bMCjH/OqojLztT6lbr15eH/1G9Vw3/+nW3HTzLbnisktyx6235MOPPkr/887/Vjm/yYsvvZx9e+ydZ598PMf96uicfmbfTHznnSTJm2+OyXG/PinH/OqoPHDvndlk441z9DHHp3zevMyYMSPH//qkbP6zn+b/jbwt3X65W/7y4F+XSyZYmH333TfrrbdeJkyYkL333juffPLJQsdNnTo1e++9d8aPH5911lkn++6773ecFABYGgpgAAAAgCRTP/102Y6fumzHf5MH//pw6tarm7N+e1rWbtMmPfbZKx22/3nuf+DBJMn4CRPys59ulvXWWzfbbrN1fj/4krTdaKPUqVMn9et9+fzdevXqpaxOnUXOcWqfk7PZZu3TYfvtsme3X2a1Zqulz8knpm3bjXLSCb1TXFycMWPGLvTY9u03zemn9knbjTbMySf+OuXz5mXc229/q2vbZuut0vPAA9J2ow1z2ql9Mm/evBx/zK+yzdZbZeuttsw+e3fP66O/XI652Wqr5d67/pwD9t83rVq2TK9DeqZuWVn++c8v9996+x35RaeO+dVRR6Rt241y1m9PyxqtWlXPdf0Nf8hvT/1Nttl6q2y4wfo564zT8+BDD2fevHnfKuvibL3Vltl5px3TsGGDHNbrkGz6k01y1933JkluuOmP2av7Htm7+55Zu02bnH3Wb/P555/n5ZdfyQN/eShlZWX53QXn5SebbJx999k7v9y96zLngUVp1qxZ7rnnnqy55poZO3Zs9t5770ybVvMXNj7//PPss88+GTNmTFq3bp17773X8s8A8ANhCWgAAACA/7LTjjvkkoG/y2v/94/8+qQ+mT9/fm1HyhtvjMnEie9kk822+P/t3X1QVXUex/HPOVcwQayrGNJkgKFmaJuPPU0PmoZPyVoYlIWKlWZrWWhm1LRbapqgoynoUoq25jC1YlCuZo/ujGMKpi75DCI+NjXDDgTC1XvO/qHeFVO7AnKV3q+ZM+M9v/P7/T4X/IM53/P7Hc85l8ul6667TpL03JhnlfTKq/ph6zb16X2/Hh48SKFt2px3rIRRo7VpU54kKT5umCYlndr2uEmT/98qCgwMrPH+YdM0dU3Tpqo8fvy8Y7Y46z3ITZs2lWmaqqys9Oq7ORwOz7+bBwZKkpxnzR0QEKDKylPzXnvttcrL36I3//a29hcX6+SJk/q1okIul0uSdOBAifr1ffC845eVlenw4SN6ZUqyXk0+tR21bduyLEvHjv2ktm1v9Cqvtzrd0lElJQclSTt27lJhYZFWfZrraT9+/LgOHzmi4pISderUsUZxvomjiarlqtc8wNluvPFG5eTkaODAgSooKFBsbKyys7MVFBSk8vJyxcbGavv27QoNDVVOTo7atm3r68gAAMBLFIABAAAAAADO8dTwJxQcHKx+fR9UVNSt2rZtu68jSZJ6dO+mGdPfrnHuTMG0f3Q/3XlHL3359dda9+XXmjN3vubOnqWH+vX9zTjvzpiuqqoqSVLQWYXbq0HBjzs0fkKSZs+aqT59HpC/n5+69brL026aDpnmxTe9m50yU51u6VjjXJs2IfWe1XXihGzZns8jRzylx0+/Q/mMVq1aKX3h32UYbNSHhhceHq5Vq1Zp8ODBys/PV3x8vJYtW6aEhATl5eWpdevWys7OVkREhK+jAgCAS8BflgAAAAAAAOdYuepTVVRUKi9/ywW3PG5okZHttG9fodqEhCg8LEzhYWFqHdxawcHBcrlcmjkrVRUVFYp9ZKgWpb2n2EeGatk/PpIkGUbNsc4eo1XLlj74NrW38ftNiogIV//ofvL389OJEydqbN8cER6m/xQU1OhzZgV3ixYtFBwcrEOHDnu+f3hYmIKDg+V3ka2xvWXbVo3PBQU7FHbTTZKkyJvbqbCw8DfzBjVvrvDwMO3ctbvG9zhxsu5bUgPe6NChg7Kzs+V0OrVhwwZ17dpVGzZskNPpVHZ2tjp27Pj7gwAAgCsKBWAAAAAAAIBzrP7XGnXp2kOPPf6kqqura7SFhFyvx2IfrZeC4aWIefhhNfFropcnTdbuPXu1dds2DY2N0+o1a+Xv769vv1uvv741VfsKC7Vj505t3bZN7U6v2mvRooUMw9DX33yro8eONWju+hYRHqY9e/ZqZfanysvfovETklRRUenZAjo+bpi+WPeVFmcu065du/XOuyk6cvSop/+zTydq/oJ05X62WgcPHtL8tIUaFveEbNu+0JQehYVFen9x5gXbN36/WR//c6UOlJQodc5cFRYVKfbRoZKkpxNH6Ztv1+u9BekqPnBAa9au0/19+unYTz9p4ID+crlceuPNt/Tjjp36ZGW2Pl+9po4/KcB7UVFRWrFihQzDUHl5uQzD0IoVKxQVFeXraAAAoBYoAAMAAAAAAHipdetgfbQsUzOmv62v1q7W0D8PkXHu8trLJDAwQJkfZKi09L+KGRqrZ58br/7R/RR9eovnRenzddLt1pChwzQ8IVEdOrTXpIkvSZL8/f015pnRmp+2UEuXLW+QvJfLg316a8wzozVtxkyNn/CybuvSWb0fuE/lv5ZLknr26K7XX5ustPRFemrkaNmWpRtCQ2We3mI5cWSCRieO1NR3Zqhf/0H6bv2/lTprhle/x+0FBfpw+UeyLOu87V06R2njxk2KeeQxfbIyW6mzZuim0+9Nva1LZ82fN0c5n32uhwY8rFmz5+ivb7yuNiEhah4YqIUL5mlzfr7ihz+lL9Z9pXvvuVum2TD/twC326309HTPgxC2bSs9PV1ut9vHyQAAQG0YtjePNwIAAAAAANTBmdsPlmXJtm1ZliXLsuR2uz2H0+n0acb44QnatDlPknRDaKh69eyhVTm5nvZWLVtqxfKlirz55hr99uzdp8Snxyjl3Xd05x29GjQzzs/lcsnf31+SVF1drdt73KmFC+bp/vvurdd54ocnqFfPHnp5wguaPuNd7d6zV0sXZ9RqrLMzS9LjT47Q7X+6TZMnJdVXXPxBTJ48WZI0ZcoUr663LEvjxo1TVlaWrrnmGk2cOFEpKSmqqqpSXFyc0tPTvXpAolu3bpKkoqKi2oevB6WlpXI4HJ7DNE2ZpinDMDzvB2+oB3cAAKiLsrKyWvdlBTAAAAAAAMBZ2rWL0MdZyzU7ZaY+zPxAbUJC5HRep+UfZv6m+CtJHdpHKjS0jQ+S4nw2fr9Jw+KHa8sPW1VUtF+vvfGmWjqd6tmje73NUVVVpR+2blPR/mKFhFxf5/HKf/1V0QOHaM3adTp48JCWLF2mvPwtGjxoYD2kBS4uKSlJWVlZ8vPzU2ZmppKSkpSZmSk/Pz9lZWUpKYmHEAAAuNo08XUAAAAAAACAK0XUrZ2UuThDrVq2lCTdc/ddWrs6Rz///IvatYvwcTp4o2eP7urT+wH95YWXVFZertu6dNbi9xcpICCg3uY4eOiQhieMUpfOURoyeFCdxwtq3lwTX35Rc9+br/3FBxQRHqYF8+Yo6tZO9ZAWuLDk5GRlZmbK4XAoIyND0dHRkqTo6GhlZGRo9OjRWrJkiZo1a6Zp06b5OC0AAPAWBWAAAAAAAIDTJk+a6Cn+nhEUFKSgoCAfJcKlcjgcenH883px/POXbY72kZHasX1LjXOvvfpKncYcNHCABg0cUKcxgEsxdepUpaWlyTAMLViwQDExMTXaY2JidPz4cY0bN05paWkKCAhQcnKyj9ICAIBLwRbQAAAAAAAAOvWO38LCwkvuV1FRqSNHjqpVq5a/fzEAXAFyc3OVmpoqSUpNTVVcXNx5r4uPj1dKSookKSUlRbm5uee9DgAAXFlYAQwAxR49awAAAjlJREFUAAAAACDp+XFjlPjMWKXOmSvDMLzuV11drbjHYtU+MvIypgOA+tOsWTMFBQUpOTlZo0aNuui1iYmJcrlcmj59ugIDAxsoIQAAqAsKwAAAAAAAAJJu7dRJG9Z/o59//kWWbXndr3lgIFtEA7iq9O3bVyUlJV5fP3bsWI0dO/YyJgIAAPWJAjAAAAAAAMBppmkqJOR6X8cAAAAAgFqjAAwAAAAAAAAAjUhxcbG6devm6xgAAMBHTF8HAAAAAAAAAADUj+LiYm3evNnXMQAAgA8Ztm3bvg4BAAAAAAAatzO3HyzLkm3bsixLlmXJ7XZ7DqfT6eOUAICrXWlpqRwOh+cwTVOmacowDJnmqfVQhmH4OCUAAL+vrKys1n1ZAQwAAAAAAAAAAAAAjQQFYAAAAAAAAAAAAABoJCgAAwAAAAAAAAAAAEAj0cTXAQAAAAAAAAAAAAAAFzZixIgLti1durTGZ1YAAwAAAAAAAAAAAMAV7Nwi78XOUwAGAAAAAAAAAAAAgCvcucXeCxWFKQADAAAAAAAAAAAAwFXgTNH3QsVfSTJs27YbKhAAAAAAAPhjOnP7wbIs2bYty7JkWZbcbrfncDqdPk4JALjalZaWyuFweA7TNGWapgzDkGmeWg9lGIaPUwIA8PvKyspq3ZcVwAAAAAAAAAAAAADQSFAABgAAAAAAAAAAAIBGggIwAAAAAAAAAAAAADQSFIABAAAAAAAAAAAAoJGgAAwAAAAAAAAAAAAAjcT/AMbBJ8kJda55AAAAAElFTkSuQmCC' height='250' width='300'/> ]]>
  </system-out>
</testsuite> <!-- com.tribu.qaselenium.tests.mazaprendo.MAUploadEvidenceTests -->
