<?xml version="1.0" encoding="UTF-8"?>
<!-- Generated by org.testng.reporters.JUnitReportReporter -->
<testsuite hostname="station" failures="0" tests="1" name="com.tribu.qaselenium.tests.mazaprendo.MAUploadEvidenceTests2" time="3.202" errors="0" timestamp="2022-03-30T14:41:26 COT" skipped="0">
  <testcase classname="com.tribu.qaselenium.tests.mazaprendo.MAUploadEvidenceTests2" name="uploadEvidence2" time="3.202"/>
  <system-out>
    <![CDATA[ <img src='data:image/png;base64,iVBORw0KGgoAAAANSUhEUgAAB4AAAAOiCAYAAACRicroAAAAAXNSR0IArs4c6QAAIABJREFUeJzs3Xd4lGX69vFzMiG9UVPoRQFpygKKSxMQAaWqsEoRlv0tLqCu4ivNXdvSFGEXAUUsSFEBkaKCSlGBXUoQSEKHAAESSAKB9IRk5nn/GDNmSCaNQHD8fo5jDjNPuZ97JpNE5pzruk2GYRgCAAAAAAAAAAAAANwWUlJSynyuWznOAwAAAAAAAAAAAABQgQiAAQAAAAAAAAAAAMBFEAADAAAAAAAAAAAAgIsgAAYAAAAAAAAAAAAAF0EADAAAAAAAAAAAAAAuggAYAAAAAAAAAAAAAH4j1q9fX+R+AmAAAAAAAAAAAAAA+A3IC3+LCoEJgAEAAAAAAAAAAADgNnd96OssBCYABgAAAAAAAAAAAIDbmLOwt7DtJsMwjJs9IQAAAAAAAAAAAABAyaSkpJT5XCqAAQAAAAAAAAAAAMBFEAADAAAAAAAAAAAAgIsgAAYAAAAAAAAAAAAAF0EADAAAAAAAAAAAAAAuwr2iJwAAAAAAAAAAAAAAKOjAgQMlPvbuu++WRAUwAAAAAAAAAAAAALgMAmAAAAAAAAAAAAAAcBG0gAaAcjJ6+hf6cN1up/uf+1NHvf33vtLZfTLmD3A+kF91mV4Ol0ymmzBLAAAAAAAAAADgygiAAeBWq32P5FddSkssfH9aonRql9Sw/a2dFwAAAAAAAH6XrFarMjIylJmZqaysLGVnZ0uSPDw85O3tLW9vb3l5ecndnUgBAH4L+G0NALeaySQ1e1Da/anTQ4yI9TIRAAMAAAAAAOAmMQxDqampunr1qj3wvX5/VlaWsrKydOXKFZlMJnl4eCgoKEgBAQEy0b0OAG5brAEMABXA1Kpv0Qcc2iQZxq2ZDAAAAAAAAH5XMjIydOrUKcXHxysrK0uGYSg3N1fp6emKi4vT5cuXlZmZKavVaj/HMAxlZ2crPj5e0dHRyszMrMBHAAAoChXAAFARGtxHG2gAAAAAAADcUoZhKDExUSkpKTJ+KT5ISUnRjh07tHfvXh0/flwZGRkKCQlRdna2mjZtqt69e+uuu+5yqPg1DEPnz59XYGCgqlevTjUwANxmqAAGgIqQ1wa6CEbE+ls0GQAAAAAAALg6wzB07tw5JScnyzAMWa1WJSUlacKECZo+fbq+++47JSQkyM3NTaGhobpy5YrWrl2r0aNHa9myZQ7VwHmSk5N19uxZe5gMALg9UAEMABXE1KqvjCLWAdahTdKAabawGAAAAAAAACijvPA3/1q/0dHRmjFjhg4ePCgPDw/Vr19fTZo0UcOGDRUYGKi6devqwoULOnHihJYsWaLLly/r6aeflpeXl31MScrOzlZMTIzq1q1LJTAA3CYIgAGgotAGGgAAAAAAALdAYmKiQ/ibnJysuXPnKjIyUmazWS1atFD79u0VHBwsb29veXp6KiAgQFWqVFFoaKiOHz+ub775RlWrVtWwYcPs4+QFvteuXVNiYiLtoAHgNkELaAC/W60efbnI26nzToLZ8kIbaAC/AfNW/U/m9hPUZ/zHTo/ZfuC0zO0nqHbfqfZtb3+6Tc2eeFtWa/FtwD7Z8LPM7Sfoqx2Hy2XON9vanw7J3H6Czly4Iql0j7UkYi5eUa0+U/XdruPlMh4AAACA37eMjAwlJyfb7xuGoWPHjunw4cNyc3NT69at1b59ewUGBqpSpUry9fWVn5+fAgICFBQUJH9/f4WEhKhdu3bavXu3rlyx/Vsof9BrMpmUnJysrKysW/74AAAFUQEM4HfryOm4Ivdn5+Tc9DnQBhrAb8W3u47pwqUUhVYLKLBv8dd7C2y7q36werS7Q25uxf/+Wv7tPknSso371KfDXTc+2VusNI+1JIL8vNXj3jtUOziwXMYDAAAAcGvEx8dr1apV2rt3r5KSklS9enV16NBBjz32mPz9/StkToZh6MKFCwW2rV69WikpKfL391ejRo3k6ekpd3d3VapUSV5eXvL29pbZbJbFYlF2drbS09Pl5uamq1evKi4uTpUrVy70erGxsWrYsCFVwABQwagABoCKlNcG2pm0ROnc/ls3HwAohJenu7w83LX0l6A2v/TMa1q1NVI1Kvs5bO/VvrHmPN+32LHjElO0dW+0Hv5jE63ffljJaTf+aXGLxXrDY5RGSR9rSQX6eemjlwfprvrB5TYmAAAAgJtr27ZtGjdunGrUqKEZM2Zo1apVevXVV2UYhv785z/r8OGK6XiUlpYmq9Uqk8lkv1ksFu3evVtWq1V+fn5yd3fXsWPHtGHDBm3atEn79u3T5cuXlZWVpdTUVB08eFBbt25VRESE3NzcFBUVZR/reoZhKDU1tQIeKQAgPwJgAKhIJWkDfYA20AAqlkkmPd6tZaGVvqu2Rir7Wq4GdGnusH3S/I2q/tBrxY69/Lv98vZ014KXBspiNbRqa6TD/ve+3KWArv/QJxt+VvMn3pZP5ylqO2Ku9hw+53CMuf0Ezf5su2r0fE2PT14myRYEv/7hZtXuO1W+XabooWc/0Ilzl+znPfHycj34zCK9++VONRg4QwFd/6Hez3+o2MRkhzms2ByhOx6bKe9Ok9Vx9AJFnnT89Hz+x7oj4ozM7ScUejsYfVGSlJqRredmr1OtPlPl03mK7h46R2t+PGgf73xCssztJ+jzTRH2bZeupmv4q5+ryoOvqMqDr+j/pn2htIxsAQAAAKh4hw4d0rvvvqt3331XgwYNUkhIiDw9PVW7dm39+c9/1owZM/SPf/xDFy9evOVzy2vXnN+5c+eUlZUld3d3+fv7KzHRtgxaq1atVLVqVWVmZurSpUtKSUlRenq6DMNQ48aNdeedd8pqterEiRP2sQoLgZOSkm7eAwIAlAgBMABUMFOrYqrGIr6WjPJZVxIAyiLrWq7+3KedjsUkatfBsw77Fn+9V3063qVAX68yjb38233q1b6JatUI1AOtG2rZxsKrjJdt3KcPX35c38/9P5nNbur9/IdKvS4A/XD9Hk0f01svPNlJkjTmzTV6a9mPemlYF336+pNKSslQj2cXKSPr1xb//408o4/Wh2va33pp2t966b+RMRr/n6/t+3cfOqsh//xMjWpV0+J/Dlbfjs00a/lPTh9Pi4Yh2jL/r/bbt//5i2pU9tNd9YPVqFY1SdKT//hUa386pJnjemvDnD+ra5tGGvzyckWcuFDomNnXctV17ELtOnRW7018VG8/10frtx/WqKmrSv5EAwAAALhp5s6dq0mTJqlatWqF7m/YsKFGjRqlRYsW3dJ5WSwWXbt2rcD2K1euyGQyyWq1qmbNmqpVq5aaNm2q4OBg1a9fX15eXrJarbJarUpMTFRWVpbq168vd3d3hYaGKiMjw6EC+Pr/5uTkKDc3t9j5ffHlGjW4864iby9OmFSOzwgA/H6wBjAAVLS8NtBpiYXvz2sDXad12a8Rd0TKzNd+x9tfCmtaujGSzktXrls3OayJ5F1wPdACondLuu4ToZXDpCq1ij/3+rmXVlke63UijkYrJTVDktSicX0FBfgVc4ZNTGy8zsYlON2fnJqmQH+/Eo+5bU+k0zV0YmLjVbdmsOqE1VDdmsW3jb2akqaoY6eLPe56Hdu2cDpOWZ8bZ+cV9XjzK811nYk4Gq1vtu7Stj2/Vp8G+vupVdMGGtKve4meU1dmGIbubVZbd9Supo+/Ctd9zetIkqLPX9b2A6e1ftZIbQk/UcwoBUWevKCo6IuaNKKrJGngA8015s01OnPhiuqFOq4ntfz1J+xtpr+YPkwNB87QR1+F67nBHezHrH3zKd1R2/aGy7GYRH2wfo/m/b/++tvA9pKku+8MU8OBM/XF1kgN7/0HSZK/j6c2/nuUqgX5SpJOxV7Wp9//2np/5pIfVTckSF+9PVLuZjf7OWPfWlPoYwr081KX1g3t96e8+62upGbq2//8RV6etv/1/vufOqpOSJB9rl1aN9Tib/bq213H1OqO0AJjfrLhZx0+naCIZc+rWQPba7GSu5ueem2FYi5eUd2QwtfeAgAAAHDzJSYmKiUlRS1btizyuB49emjRokWyWCwym823ZG5ZWbYldvIHtFarVZUrV5bZbFZOTo58fHxkNpu1a9cuZWZmytfXVyEhIfL19VVoaKjS0tKUnZ2tzZs3y2KxqE6dOrp8+bIsFovDuCaTSUa+AoaMjAwFBBT9ntFjAwdIkl6aOKXQ/QMH9NOsmdNv+HkAgN8jAmAAqGh5baB3f+r0EOPAepluIAA21k6VToX/usHLX6YX1pYsgM0b4/OJjmNIMv1tidTw3qJPjN4t493hBbeHNZHphXXFX/f6uZdWg7YyjVlW9vMl9XxqglLSbAHw5DFPasrYoSU6b9naTZq2wPn3Nb86YTW0cOoL6tTO+T8Ye42cWKKxAv19NW54f40Z2s9pMBp59FSJx8sv/dAGp+O0bNJAO1fPK9E4+Z+bjR/PKPRxl2Z+LZs00ND+3TWkX/dShcFfbdmpl2YsdBrUf711p6bOX66ObVto8pghRX5/XF3WtVyN7NNW0xdv1b9f6Ctvz0pa/M1ehVYLUM/77tSG/x0p9ZjLNu6Tp4e7Hr6/iSRpYJcWGjdrrZZ/t19TfgmF8/h4VrJ/XatGoFo0ClHkdRWzoVX97V9v2XtSktS3413KyrZ98jy4sr/qh1XW3iPn7QFwneAge/grSWHVA5R4Jd1+/+ej5/XoAy3s4a8kheS7TlF2RJzRzKU/asbYXg7Bbse762vB6p1asemAzly4oqxruUpJz9LVlMxCx9kSfkJN69VQw5pV7Y/l/hb1JEl7j5wnAAYAAAAqUFxcnOrVq1fsce7u7qpcubKuXLnitFK4vGVmFvw3hslkUu3atRUUFKSEhAR5eHjIz89PtWrVUkJCgqpVq6YWLVooJydHVqtVdevWVd26deXl5aXMzEzVrFlTOTk5Onv2rLy9veXr6ytfX98CH+DOzi7ZkjXOQmDCXwC4MbSABoDbgKnZQ0UfUN5toLNSZawvxf9Eh39Z5hDW2PZJ4Tvijv5SGXx7W7pmkz38laT5S9fpakpauV/nbFyCeo2cqJ4jJtzw+Mmp6Zo6f7naPzpOEUejy2mGxYs8ekqjp8y+Zde7/tovzXhfd/UYqa+27Cz2+KspaRo9Zbb+9OwbDuFvhzYtHG55todHqdfIiZq2YPlNmf9vwbUci57q/QdlZOdo9Q9RsloNLdnws57q/QeZzW7KybWUajyr1dBnmw6oS+sGkqS0jGx5e7qrffO6hbaBvl6VAB/FJznvDpB4xfZzVKfvNPl2mWK/nYpNUlJKhtPzrheflKbgEga++aWkZ2n4a5+r8z0NNP6XltR5npm1VjOWbNXTj7bX5nl/1f6lf1fVQB+nYyVcSdPh0/EOj+OOx2ZKkpKchMYAAAAAbg0/Pz+lpZXs3/Hp6eny9PS8yTP6VV4Im1eZa7Va7V9369ZNDRs2lKenp0wmk+655x4NHjxYPXv2VGBgoAzDkMVikZubmzw9PdW5c2d169ZN1apVU1pamt566y19+umnOnDggBITE5WdnS2r1Wq/dmGtp515bOAAvTljqv0+4S8A3DgqgAGgGFPmrdOp2EtO948d3EUd7m7odH+JNLr/5reBvt7BzbYAtrgK3swUGeumle0aSeelQ1uc7ja2fSJTcdevYFPn2wK/2qE1dO5CgpJT0/XVlp0aNuDBUo3jrMo14mi0Io+c0tT5y3XuQoK2h0dp6vzlemvSaKdjdWjTQt99MrPA9qspadoeHqV5S9Zqx94oW6g8YqIOf/9xkVWxpalqLs6ytZvVoU2LUj8/RXH2eCVbm+jIo6e0bO0mRR07reTUdP3p2Tc0Zmi/Ip/Dwc+8oR17oyRJAX4+mjJ2qIb2L1g9HBMb71CtPHX+cl1JTitybFdlGIZCqvqrV/vGWvz1XtWo7KfzCcka8UibX/aXbrytP59UXGKK4hJTFNjtnwX2hx8+p7Z31XZ6/oVLqWp7l/MuBr7eHjKb3fTDgtEyuzl+5jF/xW9xQqr6Kzm19CHrM7PW6Wpqpha/O8jhk/DZ13L18Td79c74fnrqlypkSQXmmJ+ft6fuaRymeS8OKLCvQc0qpZ4bAAAAgPJTr149XbhwQenp6fL1df5vjXPnzsnT01P+/qX/gGlZZWdnyzAMezVvVlaW0tLSdPXqVXl7e6thw4ayWCzKzc2V2WyWt7e3PDw8dPXqVeXm5spiscjd3V0mk0leXl4yDEO5ubmqV6+eVq1apZMnTyomJkatW7dWgwYNVLt2bQUHB8vd3d3efrqkHhs4wF4NDAC4cQTAAFCMTbuOaP+xc073P9KxxY0HwGaPm94GutAxP59kawVdxDq+xrZPpKyyrcFrbHdS/Zvn0BZbSFyKVtSlZeo0osznfrVlp85dsFWHvjVptD1YnbZgebkFnK2aNFSrJg3Vp1t79RwxQVHHTmvBsnXq1K6l+nRrX6qxggL81Kdbe/Xp1l5T5y/TtAWfKjk1XX+dMlsr3ykYsN0sT788Ry2bNlCrJjf4c1ECndq1VKd2LTVueH99tWWn/jr5baWkZWjBsnVq2aRBod+n/zd9oT38bdG4vla880+na/zWrRmsKWOH6pFu7e2twIsa+/fgz33aauCEJcrOyVXHu+vb17EtrWUb98nPx1NfzRopN7dfA9JrObl6ZPzHWvbtPocAODk9S34+tk/KH4tJ1OHT8fq//s4/QNLx7vqyWKxKTstS719aTEu/VPRWKXmb8LZNa2nTnhOaNqaXfVtKetFvZKzaEqll3+7T8tefVO3gIId9qRnZslisDqHwyfOXdaWIkLnD3fU1bfFW1Qut7NB+Oj4pzb4uMgAAAICKYTab1b9/f33wwQd67rnnCj3GMAzNnTtXw4cXskTWTWSxWJSSkqILFy7o+PHjiouL0759+xQbG6tOnTrprrvu0uHDh+Xn56erV6/Ky8tLAQEBMgxDkZGRqly5spKSktSqVStVrlzZHh4HBgYqIyNDVqtVhw8fVkJCggIDA1W/fn21b99ed9xxh6pWrXpLHysAwBEtoAHgNnHL20BL0pVY5y2aJVs4u6lka7oWkJkiha8p9jDj+3eK3G8as0ymWcec394Il8KaFH7u4OlS8+5lmr4kzVuyVpKt+rdPt/YaN7y/JFu75qVrNpV53MIEBfhp4bQX7Pe37Ym8ofGmjB2q2qE1JEnfbN11Q2OVVIvG9e1f9xox8aa0yi5Kn27t9W2+SuEJM98vMIeY2HgtWGZbezrAz0ffLp7pNPzNr1WThgXG/r16+I9NFVzFT/+LjNHIPm3LNEZGVo7W/HRITzzYSp3uqa8OrerZb13bNNKAzs30+aYI5Vp+bR824KUl+mrHYX2xNUr9X/pEVQJ8NPKX6uPC3Nusjvp1aqZhr36u/6zYoR/3Res/K3bojsdm6tudx0o81wnDH9D+43F6bvY6RZ68oPXbD2vSgo1Oj49LTNHTM79U27tqq1aNQO2IOGO/XbycqmpBvvpDk1p6ddH3Wrhml/6zYoe6/O095eRalJZZ+BpZo/vfq6qBPuo+7n199v0B/fBztP4+e73ufPxNh/WKAQAAAFSMJ554QmfPntX8+fOVk5PjsC89PV2vvPKKduzYoYsXL97SeaWnp+vkyZPas2eP9u7dqy1btujUqVO6ePGioqOjZTab5ebmZg92U1JSlJaWJg8PDzVt2lS1atVScHCwMjMzlZSUpJSUFKWmpiouLk7SrwFzQkKC4uLiFBkZqU2bNunQoUOlagENACh/BMAAcLvIawPtTF4b6PK2aZ4t6C2E8fnEso8b/mXByuGOwyWv66rVDm6xhcVlZKybaltP+Hpt+kttB5Z53G17Iu1VolPGDpFkCxjzQtXl6zaXeWxnWjVpqAA/2zqgkUdP3fB4ndr9uoZtTGz8DY9XnD7d2mtIv26SbOsQ9xp5A6+fMmrVpKEmj3nSPodlax2/T3mhviS9OXF0ka2xCxt7zNB+9rHL+0MAvxXuZjcN7/0H+fl46vGuBdual8Tanw4qLSNbo/q2K3T/qL7tdOlqujbu/PVne8QjbfTCv7/S0Fc+k693JX0z58/y9yl67azP3nhSf+nbTm8t+0k9n/tQi9bu1r+f76ue7RuXeK5tmtbS8tef0Df/Pao//t98vbn0Rz3/REenx+85fE5XUzMVfvicOj/9rsNt7U+HJEkrpg7R3XeG6cW5X+vfn2/XyyO76fFuLZWRlVPomEH+3tr23t/UomGIxry5Rn3Gf6wDJ+K0cc4oVa9c8nbWAAAAAG4Os9msmTNnyt3dXYMHD9a//vUvzZ8/X6+88oqGDBmiRo0aqWbNmpo/f74WL158y+bl7e0tT09P1apVSx4eHgoMDJTFYpEk7d+/Xz///LPOnz+v3NxcewCckpKic+fOKSoqShEREbp48aIiIyMVHx+v5ORkxcfHa926dbp27Zp9TeHs7GxlZWUpKytL0dHROnjwoNzdaT4KABWJ38IAcLsoSRvoQ9+XextoSTJWTJLpb0sdNx7cLJ0KL/uYhbR/NnV8SkZmirT31xBOWam2tYAfeqb011g31XGsPA3ayvSnwteMLalla23hXoCfj0Mr5iljh+jpl+doe3iUtu2JLHRd3xtRt2awoo6dLpfANn9la0xsfIkqXW/U+9PGK/LoKUUdO63Io6c0espsLZz6QvEnlqOxw/rb1+ydv3StvXJbcvy+lqWF87jh/e0VxF9tLf1a0L9F4x6/X+Mev99h24yxvTVjbG+HbYsmP+Zwf/rYXpo+tpcK8+RD9+jJh+5xes2ubRrJstP2M/zel7YK9uG9WmvMo4W3RX964H16euB9BbZ7erhr5rjemjmudyFnSZ/9a0iBbS8O6awXh3R22Da4eysN7t6qwHF58j/W/p2b2efuTP2wKtowZ1SBx5DHYrVVPrubf/2sZq0agYXOFwAAAMDtwd3dXaNHj9awYcMUFRWl5ORktWvXTpMnT5anp6d69OihMWPGaOHChbJYLBo1alTxg94gf39/RUVF6ejRo4qNjVV0dLTS09NlsViUlZWl9evXq0qVKqpXr56sVqvS0tJkNpuVkJCggIAAhYWFKS0tTadPn1Z6erqsVqsyMjKUlZUlNzc3ewCcV0ns4+MjwzB05coVAmAAqGBUAAPAbaTYNtBRG8u/DbQkRe+xBb55MlNkrJtW9vHCv5SuxDlua9ZNqlKr8DV59xbfKrrQa2xfUnB7aBOZRi4o/Xj5xMTGa/m6LZJsgV/+KtE+3drbq3TnLS0kfL5BUcdOS5JaNm1ww2NF5KsiLir8PRuXoO3hUcXeSurbxTPtz9GytZtveaVsUICfOrSxVT+fjUuwb4+JjVdKWoYklXp95Tx1awbbW13vKMVzApTUjogzemflfyWpzOsrAwAAAKg4Pj4+uvfee9WjRw+1bdtWnp62zkUhISFasGCBQkJC9MEHH2jFihU3fS4BAQHau3evDhw4oJiYGKWlpdlbM3t6esrNzU2pqalKTExUdna2MjIydO3aNVWtWlXXrl3TgQMHdObMGYWGhsrDw0PZ2dlKTExUbm6uTCaTrFarPUxOTU1Venq6zGazcnJyFBx88z+EDgBwjo/hAMDtJK8NdFpi4fsvn7G1gb4ZVcDrpsnUsJ3kHWBbF/hKrOMBXn5SVsnWdDXCvyywzZTXjjmsqRTaRLqQr23zlVhboFvSls1xR2SsmFRwu5efTE/MkLwDSjaOE1PnL7N/PbS/Y4VnUICfhvZ/UAuWrdM3W3eVa2Vt/uu2anJjAXDE0Wh7QFk7tEaRc1y2dnOBVsmFST+0oUTXDgrw07efzNT9j9qqup9+eY5aNm2gVk0aluj88tCpXQt7C++8Su38VdU38j0L9Ld9ICA5lbVXUf5mLvlBOyLOaPyTndTqjtCKng4AAACAchQSEqL58+dr/Pjxio+/+Us1+fr6qlGjRjp69KiuXbsmNzc3mc1mXbt2zd7CWZLi4uLk4eEhq9UqHx8fVa9eXR07dpRhGMrMzFRGRoYSEhJ07tw5nThxQu7u7vaxDMOQYRjy8vJSdna2vL291bRpUwUE3Nh7MwCAG0MFMADcTvLaQBfBOPR9+VzrwXGO96/E2oLfpPO2dYHza9bNFtyWRNyRgq2jK4dJzbvb75o6PVXgtMJaRhcq6byMBcMK3WUas6zk83Tiakqavt5qazk7pF+3QoPC/C2F84e2N2Lpmk32tsUBfj4aO6x/MWc4t21PpJ6eMsceUOatYXwrtWrSUO/963n7/V4jJupqSsk+QADk9/TA+2TZOVN+xaz36yq+enukrmx+TW8+83BFTwUAAADATRAWFqbPPvtMzz777E2/lslkUu/eveXh4aGgoCB5eXlJkiwWi0wmk8xms72SNzExUTExMYqOjtbZs2d16dIlXblyRcnJybp8+bKOHz+uLVu2KDMzUyaTyeE6hmHIzc1Nbm5uSktLU/v27eXmRvQAABWJCmAAuNVio6QjW5zuNnn4qsgmz1EbpZ4TpOv+Z7u0TJ2ekrH3ulbNm+bJOHRdJaiXn0z9Jsv4fGKJxjW2LS64sc11lb3Nu0vrpjpWFMcdlaJ3Sw3vdT54ZoqMxWOlrNQCu0yDp99w+CvZ1ozNC06vr/7NU7dmsIb066bl67Zo+botenPiaIc20YVZvm6zvSI1v5jYeG3bE+nQqnjFO/8scryzcfGatmB5ofu+2rJTkflaPw/p163YdWqH9Ovm9LHeiGEDHtT28EgtX7dFyanp6jVyonaunlf8ieUgf/vrlr9UU7fMV1Wdf39p5VUS57W5BgAAAADgdtWlSxc1aNDAXgVstVrl5uamSpUqKTc3V7m5uQoICFBISIi9xXN6erpiY2NlMpmUnZ2ttLQ0Xb58WVlZWTKbzapUqZK9ejivEthqtcpsNuuOO+5Q165dK/hRAwAIgAHgVjsXKWPTHOf767eVPH2lbCftZcurDbR3gEx/miHlU/xOAAAgAElEQVTj3eGO2+OOOt7vOEKqUqtkYyadl/YWXBfX1HZAgWurefcCxxrbPpGpiADY+HhMwflJUsfhJW8fXYyla2wBeIc2LdSpXUunxw3t/6B9neD5S9dqytihRY5bkhbLtUNr6P1pLxR5Xcm2ru3U+YUHwPmNGdpPb00aXexxdWsGF3vNsnp/2nhFHj2lqGOnFXn0lEZPma2FU1+4KdfKL/KILeAN8POxh+lBAX6qHVpD5y4kaEd4lK6mpBUb3F8v4mi0zl2whfUdb9JzBgAAAABAeTGbzXrllVc0dOhQeXp6KicnR7m5uTIMQxaLRW5ubvLx8VFwcLDc3d2Vmppq3y9JmZmZcnNzc6j6zc3NlYeHh8NawL6+vgoLC9Nrr72mSpUqVdTDBQD8gj4MAHDbMUnNexZ5RLm1gW54r629szOVw2R66JkSD2eErym4sVm3QgNkU6cRBY89tMUWIhc29ucTCraW/mV8U78pJZ5jUZau2WQP94b2717ksZ3atVSLxvUlSfOXritTe+MAPx91aNNCY4b203v/el5HNy8ucxDbonF91Q6tYb//3r+eL1H4eyt8u3imvVp22drNWrpm00293ldbdub7PjpWNg8bYPu+Jqem66stO0s99vwlv35ooU/X9jcwSwAAAAAAbo3WrVvrySefVGBgoLy9vWU2m+Xu7i4fHx+1a9dOlStXVtWqVRUaGqrg4GBVrVpVwcHBqlatmgICAuTv76/c3FyHMfMqia1WqwzD0KVLl3TPPfeoefPmFfQoAQD5EQADwG3I1Kpv0QdEbZSMIhtFl/xa/SZLXoVXQZYqWM1MkQpZx9fkrDI3rKkU2qTA5kLXAg7/stDKYoU2kelPM0o+x2LkVdXWDq1RbNtkSfZ1eksSJm78eIbSD21wuF3Y/YW++2Sm3po0ukTXy9OhTYsCY+36cr52fTnPHrROW7D8tllzNyjAT99+MtN+/+mX5yjy6Ombcq2rKWl6acZC+/386zVLjoHwhJnvK+JodInH/mrLTnvVd0lfIwAAAAAA3A4mTZqkWrVsH9D39fWVp6enmjZtqq5du6pq1aqqWrWqatSooZCQEAUEBMjT09O+RrCXl5eys7MlyV4ZbOR7X8rd3V133HGHpk6dWmB9YABAxSAABoDbUaP7bW2gnclrA10eqtSytXm+XoO2tjbNJXVwc8G1eSuHFTmGqdNTBTeGr7GFyXmid8tYManwAWo2lbYvkb6fV/StBLbtibRXjeZViRZn2IAH7VW3ztbkvZWCAvz0/rTxkmxtokdPKaLV+C3WqklDvfev5+33v95a+urb4sTExqvXyIn29ZSH9OumujWDHY6pWzNYMyf8VZItuP/TM2+UKAT+astOjZ4y237//Wk3v401AAAAAADlxWw26+uvv1a9evXk5uYmNzc3nT9/XtWqVVNoaKj8/f3l5eWlgIAABQYGytfXVz4+PvLy8pKHh4dycnIcwt+8yl+r1aq6devqhx9+kNlsruBHCQDIQwAMALcjs8etawMt2do8X1eNW9rKWuP7dwpubFPMurzNuxesPs5KtVX85o378Rjn5+9dI+P7d4q9lURe9W+An4+9srck8sLis3EJN721cUn06dZeY4b2k2QLWcvS5vhmGTbgQfvcylNMbLymLViu9o+OU+RR29q/LRrXt4fh1xs3vL+G9LO1Pj8bl6D7H31GL814XzGx8QWOjTgardFTZutPz76h5FTbutwzJ/z1pq2ZDAAAAADAzVKpUiXt2LFDTz75pCTbWr779+9XjRo1FBQUZD/Oy8tLnp6e9q/d3Nzs6/3mhcdubm6qVKmShg0bpl27drHuLwDcZtwregIAgMKZWvWV8fNq5wdEbZR6TpDKqbWOqf9kGd/ZwlJT8+6Frtvr1MHN0pW4gmO2HfDrnbgjMsLXyFSl5q/rAnsH2ELg69o7G9uX/LpGcNbNb2MccTRaO/ZGSbIFqEEBhbfELszYYf01bcGnkqTl6zbfFm2Bp4wdYl8Hd/SU2WrZZF6BStj8lq3drO3hUSUae0i/7jf0GN+aNFqRR0/Zn++SiDp2Sj1HTCh0X0xsvL3i99c5dtObE4te//j9aeNVt2aw/Xs3f+lazV+6VoH+vmrZpIEkFXhOAvx89ObE0rXrBgAAAADgdmI2mzVr1iwNHDhQw4cPV3h4uDp06CB3d3d7+2ar1SqTySSr1SqLxSJfX1+ZTCaZzWZ5enrK3d1dXl5e+vTTT9W5c2faPgPAbYgAGABuV3ltoLPTC9+f1wa6TuvyuV7De2Uac2+ZTjW2LS64MS/klaSk8zJm26pqDUk6uVumkQskSaZOI2Rcv77vlVhbFbCz9YPL2fwlv15/ytihpTo3KMBPQ/p10/J1W7Q9PErb9kRWeHVoUICfVsz7h+5/9Bklp6Zr9JTZ+nbxTKfHn41LKBCiOtOxbYsbnt+Kd/6h+waOs7fcLk5yanqJAuoObVpo3PD+6tOtfYnGnTJ2qDq2bal5S9fqm627nF4rwM9Hfbq115SxQ4sM0gEAAAAA+C0wmUz64x//qCNHjmj16tVKS0uTp6ensrKy5O5uiwxycnJkMpnk7u4uPz8/+fn5qVKlSqpfv75efPFFDRo0yF4lDAC4/RAAA/jd6t+16OA0wNdbktS1XWPVDavq9LjaIVUkSa0b11RSl+ZOj2t1R5jti6p1im7vHHyn7b9mD+mPf5bOhDs/NvFUyQLgmk2LP6YsY3gH/Lpeb4O2Drsc1vc9uNnxvENbfv06rKnUpr+UFOtwiJEUK1Mh45a3qylpiolNUIc2LdSySYMyBXxTxg5VTKwtzNwe/msAXCcsWB3a2ALTwIAi1nQuobyx8ipUi9KqSUPNnPBXfbVlpwzDtoZt/mA0MMDXPl5p1AlzfH7yj3P9PmfyAuqXpr9vH6Mwxc0vMMBXrZo0UKC/n/p0a1+m712ndi3VqV1LxcTG66stO5WcmqZte6J+2ddCdcKCS10VDgAAAADAb4GHh4eeeOIJGYahnJwcJSQk6OrVqzp9+rTOnTun6tWry9PTU9WrV1eHDh3UsmVLVa9eXW5urCwJALc7k5G3cjsAADdL3BF7BbAkqXKYTFN+qLj5AAAAAAAAAABwG0tJsRVfHThwoMTn3H333ZIkPqoDALj5wppKHYdLlcOk0CYy9ZtS0TMCAAAAAAAAAMAlUQEMAAAAAAAAAAAAALcRKoABAAAAAAAAAAAAAATAAAAAAAAAAAAAAOAqCIABAAAAAAAAAAAAwEUQAAMAAAAAAAAAAACAiyAABgAAAAAAAAAAAAAXQQAMAAAAAAAAAAAAAC6CABgAAAAAAAAAAAAAXAQBMAAAAAAAAAAAAAC4CAJgAAAAAAAAAAAAAHARBMAAAAAAAAAAAAAA4CIIgAEAAAAAAAAAAADARRAAAwAAAAAAAAAAAICLIAAGAAAAAAAAAAAAABdBAAwAAAAAAAAAAAAALoIAGAAAAAAAAAAAAABcBAEwAAAAAAAAAAAAALgI99PnLlT0HAAAAAAAAAAAAAAAv6ga6Fvmc93r1w4tx6kAAAAAAAAAAAAAAG5ESkpKmc+lBTQAAAAAAAAAAAAAuAgCYAAAAAAAAAAAAABwEQTAAAAAAAAAAAAAAOAiCIABAAAAAAAAAAAAwEUQAAMAAAAAAAAAAACAiyAABgAAAAAAAAAAAAAXQQAMAAAAAAAAAAAAAC6CABgAAAAAAAAAAAAAXAQBMAAAAAAAAAAAAAC4CAJgAAAAAAAAAAAAAHARBMAAAAAAAAAAAAAA4CIIgAEAAAAAAAAAAADARRAAAwAAAAAAAAAAAICLIAAGAAAAAAAAAAAAABdBAAwAAAAAAAAAAAAALoIAGAAAAAAAAAAAAABcBAEwAAAAAAAAAAAAALgIAmAAAAAAAAAAAAAAcBEEwAAAAAAAAAAAAADgIgiAAQAAAAAAAAAAAMBFEAADAAAAAAAAAAAAgIsgAAYAAAAAAAAAAAAAF0EADAAAAAAAAAAAAAAuggAYAAAAAAAAAAAAAFwEATAAAAAAAAAAAAAAuAgCYAAAAAAAAAAAAABwEQTAAAAAAAAAAAAAAOAiCIABAAAAAAAAAAAAwEUQAAMAAAAAAAAAAACAiyAABgAAAAAAAAAAAAAXQQAMAAAAAAAAAAAAAC6CABgAAAAAAAAAAAAAXAQBMAAAAAAAAAAAAAC4CAJgAAAAAAAAAAAAAHARBMAAAAAAAAAAAAAA4CIIgAEAAAAAAAAAAADARRAAAwAAAAAAAAAAAICLIAAGAAAAAAAAAAAAABdBAAwAAAAAAAAAAAAALoIAGAAAAAAAAAAAAABcBAEwAAAAAAAAAAAAALgIAmAAAAAAAAAAAAAAcBEEwAAAAAAAAAAAAADgIgiAAQAAAAAAAAAAAMBFEAADAAAAAAAAAAAAgIsgAAYAAAAAAAAAAAAAF0EADAAAAAAAAAAAAAAuggAYAAAAAAAAAAAAAFwEATAAAAAAAAAAAAAAuAgCYAAAAAAAAAAAAABwEQTAAAAAAAAAAAAAAOAiCIABAAAAAAAAAAAAwEUQAAMAAAAAAAAAAACAi3Cv6AkAAAAAAADcKMMwKnoKAIByYjKZKnoKAAD8phEAAwAAAACA3wyCXgBwfc5+1xMMAwBQMgTAAAAAAADgtlZYEFCaIJjQGABuP6UJc/OOzf/7nDAYAADnCIABAAAAAMBt6frgNv/9ovYBAG5/Rf3eLircvT4MJggGAKAgAmAAAAAAAHBbyMrKqugpAEA5MCQZupzmphffTdbKn6rKmvc27PVZpSGZZJVhcpPJapWPl0XvjMvVnx4wFTgUJePl5VXRUwAAoMK5VfQEAAAAAAAAAAAAAADlgwAYAAAAAAAAAAAAAFwEATAAAAAAAKhwrOELACgP/D0BAIAAGAAAALeIxWLRiy++qAcffFCrVq0qt3FHjBihDh06aPHixeU25u1k6tSp6tChgyZOnFjRUwGAm4Y36wEA5Ym/KwCA3zv3ip4AAADlYe3atZo1a1apz/vLX/6iESNG3IQZAbheTEyMdu3aJUlas2aNHn/88QqeEcpDRkaGNm7cqP/+9786ffq0rl69Kk9PT4WGhur+++/XoEGDFBgY6PT89PR0rVu3Tlu3blVsbKwkqWbNmuratav69u0rPz+/Qs+7cOGCNmzYoN27d+vChQtKSUmRv7+/GjRooAceeEB9+vSRu3vBf+4cPHhQmzZt0r59+3Tp0iVlZWUpKChIzZo1U+/evXX//fcX+XijoqK0atUqHT16VJcuXVK1atXUuHFjPf7442rZsmWB4wcNGqS4uLgix8yzcOFCNWvWTN99953eeOONEp3Trl07zZ49u1zmWpxt27Zp8uTJBbaHhYVp5cqVkqT//Oc/hX7A45FHHnH6IQaLxaIff/xR69evV0xMjFJTUxUWFqY//OEPGjRokMLCwoqcV2nPL80cd+3apRdffLHI60vS3Llz1bp1a4dtOTk5+uabb7Rt2zZFR0crOTlZXl5eqlGjhtq0aaOBAweqVq1aBcYq6zXL+jNxO8h7k5436wEA5cEwDJlMJvt/AQD4Pbo9//UHAICLWrx4sT744APVr19fS5curejpALdUnTp11Lp1a0VERKhPnz4VPR2Ugx07dmjmzJm6cuWKw/acnBydOHFCJ06c0Jdffqk5c+aoSZMmBc4/deqUxo8fr8TERIftR48e1dGjR7Vy5UrNmjVLjRo1ctj/8ccfa8mSJcrJyXHYfvXqVe3bt0/79u3TunXrNHfuXAUEBEiyBdXTp0/XDz/8UGAeiYmJ+vHHH/Xjjz+qV69emjx5coE3Cw3D0DvvvGMPOvPExcUpLi5OP/zwgx599FE999xzcnMrW6Mlb2/vUp/j4+NTYNutmGt5SU1N1aRJk3TgwAGH7adPn9bp06e1du1aTZ48WT169Lgp5xfn0qVLZTovPj5ezz//vM6ePWvfZjKZlJaWprS0NJ06dUqrV6/Ws88+q0cfffSGr1mWn4nbBeEvAOBmIAQGAPzeEQADAFzCQw89VGjV1r///W9t27ZNLVu21Kuvvlpgv7PKMgDlz93dXXPnzuVNGBdx9uxZTZkyRRaLRdWqVVO/fv3UvHlzBQQE6PLly9q5c6fWr19vD+hWrlypSpUq2c9PSEjQmDFjlJaWJn9/fw0ePFitWrWSm5ubIiIi9Pnnn+vSpUsaM2aMlixZopCQEEnS119/rQ8//FCS1LhxY/Xu3VuNGjWSh4eHLl68qG+++Ua7du3SyZMn9dZbb9krad9++217+NuxY0c98MADqlmzpiwWi2JiYrRixQqdOXNGGzduVNOmTTVw4ECHxzt//nx7oNqmTRv169dPISEhSkhI0Lp167Rnzx6tXr1aJpNJf//73+3nvfvuu7JYLIU+h2fOnNELL7wgSRoyZIgaNGggSercubPuuecep8/9zJkztXv3bgUFBemZZ54psL+scy3Offfdpy+//NJ+f9GiRdq4caPDMaNGjdITTzxhv/+3v/1N8fHxhY5nsVg0fvx4HT58WGazWb169VKXLl3k7++v06dP67PPPlNMTIxef/11eXp6qnPnzuVyfmnmmBfG1qxZU++8847T5yYoKMjh/pQpU3T27Fl5eXlp1KhR6tq1q6pXr66MjAwdOXJES5Ys0f79+zVnzhw1bNhQd999d5mvWdafidsJITAAoDwR/gIAQAAMAHAR3t7ehVZOeXl5SZIqVaqkGjVq3OppASgEb8K4hjp16mjixInasWOHXn755QK/g++//341btxYM2bMUGJionbt2qWOHTva98+ePVtpaWkKCgrSggULVKdOHfu+Vq1aqUuXLho7dqyuXLmiWbNm2dv89+rVS8ePH1flypU1YsQIh9dT06ZN9cADD+iNN97Qd999px9//FEpKSkKCAjQs88+q6SkJA0ePFj33Xefw1xbtmyp7t276y9/+YtiYmK0fv16hwA4rxpZkh577DGH0LRp06bq3Lmz5s6dq5UrV2r16tV68MEH1axZM0lS1apVC33+UlNT9fbbb0uyBaujR4+27/Py8rL//breF198od27d8tsNmvq1KkKDg522H8jcy2Oh4eHw9/S6tWrFzjGz8/P4cNVNWrUcBqufvHFFzp8+LAk6bXXXlOXLl3s+5o1a6Zu3bpp/PjxioyM1OzZs/WHP/zBYeyynl+aOV6+fFmS7bkr6f9HHDt2TEePHpUkvfTSSw7Vx35+fmrbtq1at26tkSNH6tSpU1q/fr1DAFzaa5b1Z+J2kD/wNQyDABgAUC7y/p7k/U0kCAYA/B4RAAMA8IvExEStWbNG27dv18WLF+Xu7q6aNWuqe/fu6tOnj3x9fQuck5KSopUrV+p///ufYmNjlZWVZV9vr23bturdu7eqVq2q119/Xd9//739vNOnT6tDhw72+6NHj9awYcPKNO/z589r/fr12rlzp/0N7NDQUHXs2FGPPvqoKleu7HD8Qw89pPT0dE2ePFm9e/cudMzw8HA9//zzkqTvv//eocVo3tqJPXr00JQpU7R27Vp9//33On/+vF555RW1a9euVM/N9X7++WetW7dOR44c0eXLlxUQEKC6deuqV69e6t69e5nXL0xNTVWvXr0kSZ9//rnc3Ny0cuVK7dy5U4mJifLz81O9evXUu3dvPfjggzKbzQXGGDFihE6ePKkJEyaoQ4cOWrlypXbs2KH4+Hh9/fXX8vDwsB9blteTxWLR119/rS1btig6OlppaWny9vZWrVq1dPfdd6tnz54FWuFKtsBn9erVioiI0KVLl+zP88MPP6yuXbsW2uI1/2Pp3LmzVq1apZ9++kkXL16UJNWuXVvdu3fX448/XuRzXtrXX951C1t/+8SJE9qwYYP279+vCxcuKCsrS4GBgbrrrrv06KOPqm3btk7nUVbl8brIzMzUli1btH37dh07dkxXr15VpUqVVLNmTXXo0EGDBw+Wv7+/0zkkJiZq7dq19teK2WxW3bp11bt3bz388MMlnntWVpZWrVqlffv2KTg4WPPmzXM4viyvk+L06tXLPofC9OzZU7NmzVJubq59fV/J9rrZsWOHJOnpp592CH/z1KlTR08//bSmT5+uXbt2KSYmRnXr1pXZbLZXzTrzyCOP6LvvvpNhGLpw4YICAgIUGBioOXPmOD3H29tb3bp100cffVRgzd4VK1bIarUqLCxM48aNK/T8MWPGaMeOHYqLi9OKFSv0+uuvO72WxWLRP//5T8XGxqpOnTp69dVXS/T8//zzz/aK0Oeff16tWrUqcEx5z/VmMQxDn3/+uSTb36X84W0eb29vTZw4UcOGDdPly5e1efNm9e/fv1zOL6m8MNZZkF+Y/C3Nnf3eMpvNatmypU6dOmX/vVvWa5b1Z6Ki5a/6zX8DAOBGXf/3hGpgAMDvEQEwAACyrWP5xhtvKD093WF73jqUX375paZPn66GDRva9507d07PPPNMgbX68q+3FxERoVmzZsnHx0cBAQFKSUmxH5f/zVdnlV7FWb16tebNm1dgzb/o6GhFR0dr7dq1mjFjhpo3b16m8Yty7do1PfPMM4qMjLRvs1qtkkr33OQfb9asWdqwYYPDOZcuXdKlS5f0888/a/Xq1XrjjTfsrWDLas+ePVq4cKHD9zspKUlJSUn2dRLfeOMNVatWrdDzz507p5EjRzpdp7Esr6esrCyNHz9eERERDuekpaXZz9uwYYPWrFkjT09P+/6PPvpIH3/8scOn3C9fvqzLly8rPDxc33zzjV5//XWnAeSZM2f08ccfKyEhwWH7sWPHdOzYMf3www965513HK6Zpzxff3PmzNHq1asLbE9KStKOHTu0Y8cOjRo1SiNHjix2rLIqy+siOjpa48ePL/BayM3N1cmTJ3Xy5Elt3LhRCxYsKFCpKUnbt2/X1KlTlZaW5rD94MGDOnjwoDZt2lSioGbbtm1atGiR/XtxffB+o6+Tssr/JltgYKD9659++kmSLaDr2bOn0/N79OihOXPmKCsrSz/99JOGDx9eouvmD1PzX7ek5+V/znNzc/W///1PktSnTx+nH4hwd3fXI488ovfff1+7du3StWvXHD4Ukt/8+fMVHh4uX19fzZgxo0TLEcTFxekf//iHLBaL+vXrV2iQeTPmerMcOXLEHpQOGDDA6XF5a4eHh4frp59+sj/uGz2/pPJ+tp39PShMaGio/evjx4/r3nvvLXCMYRj2KuGwsLAbvmZxyvozcSsRAANwKcYvN5NJhkkyGVbJlPc7zkkIaRgyZNjOs518K2bqkq6vAAYA4PeIABgA8Lt3+PBh+zqW9913n0aOHKk777xTVqtVBw4c0MKFC3X8+HG99NJLWrx4sT0g+fe//61Lly4pNDRUL7zwgpo1ayZPT08lJCTo+PHjWr16tUaNGiVJevHFF/Xiiy9q8eLF+uCDD1S/fn0tXbr0hua9ceNGezVby5YtNXToUN15550yDEP79+/XBx98oLi4OL366qv67LPPHNbeLA8//vijJKl169Z67LHHVLt2bfub3qV5bvK89dZb9rUkH3nkEfXt21dhYWFKTk7Wtm3btGTJEh05ckTjx4/XokWLHKqSS2v27Nkym8168skn1aNHD1WvXl2JiYn67rvvtHLlSkVFRWnSpElasGBBoc/bp59+Kknq27evunfvrmrVqtmPK+vr6YsvvlBERIQ8PDz07LPPqkOHDgoMDFRSUpLOnj2rjRs36s4773QIYlesWKGPPvpIkjRo0CANHDhQYWFhSktL07Zt2/Tee+8pPDxc//rXvzRz5sxCn4sVK1bIzc1NgwYNUrdu3VSlShVduHBBq1at0vbt23X48GEtWrSoQCVheb/+QkJCFBQUpAEDBuiPf/yjatWqZQ9RFy5cqCNHjujDDz9U+/bt1aRJk5J8m0utLK+L0NBQGYahe++9Vw8//LB9DdzExERt2bJFn3zyieLj4/X222/rzTffdLjeoUOH9PLLL8tisSgsLEwjR47UPffco0qVKunEiRNatmyZ9u/fX6K5L1iwQD4+PnrqqafUrl07h+CoPF4nZbV//37l5uZKku6880779iNHjkiSmjdvXmSFeaVKldSiRQuFh4fr2LFjJb7unj17JNmCrtK0/887r3HjxvZt586ds38ooKh1efPvz8jI0Llz5xw+5JFnw4YNWrlypUwmk1599dVCq5+vl5GRoQkTJiglJUUtW7b8/+zdd5xU5dnG8d9zZgu79KKgiIqCIiDKikZiR8GoRJEosUsSFUs0FhKjiT1Gjfgae42JoibGEDUaMGCJHU3sURdRqVKUvrCwuzPP8/5xypyZnVlmC/365rNZduaUZ86egY977X3fUYeGbC291nUpvAdKS0vZbbfdGtx24MCB/Oc//4kC05bYv1BhNW5dXR3z58+nuLiYdu3aNRiY77zzzlRUVPDee+/x29/+lrFjx7LffvtFIez8+fN54IEHqKysJJFIcNxxxzX7nGvT1PfEupKv+jf8RTIRkc2DxeBhjcFhwAvDXcgId43DYTHOw3kGg4HGN2aRGGstnudl/GKRqoBFRGRLowBYRES2eDfffDOpVIohQ4ZwzTXXZPwH4Xe+8x0GDhzIOeecw7Rp0xg/fjznnnsuQBTMjBkzhsGDB0f79OjRgx49enDooYeuszXHZ0ceeuihXHXVVRnVPcOGDWPw4MHccsstnHrqqS0e/oaGDh3KlVdeWe8/oht7bf7zn/9E4e/YsWMzKrQ6dOjAqaeeyuDBgznrrLOYNWsW48ePz5iX2RQ33XRTxhzQ9u3b06tXLyoqKvjFL37BZ599xjPPPFPvB/Oh7HWGmno/ffDBB4DfUjd+3K5du9K1a9d6bUSXLVvGPffcA8DFF1+cMa+0Xbt2DB8+nIEDB/LjH/+YN954g6lTp9abexq64oorGDp0aPT1NttsQ4nA4rsAACAASURBVEVFRTTf9Z///Cdnn312FNSti/vv+OOP56ijjqpX7Tpo0CB23XVXTj75ZJYsWcKUKVPWWQAMjb8vysvLeeihh+q1au3RowejR4+mqKiIe++9l7feeouqqqqMCtvwXtl+++257777Mp7r3Lkz++yzD9deey0vvPBCQWu/66676N27d8ZjLXmfNNaaNWu47bbbANhrr70yAsalS5cCuWfIZgvD7CVLlhR03hkzZkStgY8//viCW1tPmjQp6mgwatSoemstZL3x55csWZIzVL355psBP/i67bbbePnllxk5cmSD9/WECROYMWMGAB999BEXXnghBx10EEcffXTGL4W09FrXpXCtnTp1ytlaPS5ca1VVFclkkqKiombvX6gwjL3//vu5//77o8fbtGnDwIEDGTZsGIcccki9/a6//nquueYapk6dymWXXZbz2K1bt+bXv/51ve99U8+ZT1PfE+tTPATWD+ZFZHPgDFjPo9gZdu5Qy+49lrKirhVzvi0naRNZxb0Gz3qUF9fSvVs17UpSdCotBVeiIuAm0r8rIiIi+n0yERHZwk2fPp3p06djjOGnP/1pzv84LCkp4ayzzgLg+eefz3gc/B/Gp1KpFltTKpXK+RGvipk8eTJr1qyhtLSUn//85zl/mNu2bVuuvvrqdfZDfc/zGrxmUPi1efrppwHYfffd87bn7NWrFz/84Q8BePbZZzOOm++a5Wsluddee+UNuQYPHsxhhx0GwHPPPZdzm549e+ZcZ3PupzAknT59er12wLlMnjyZZDJJjx49MkK9uO7du0etUbNba4d22WWXjPA3LrzeVVVVGTMq18X9V1RUlLfVcdu2bdlrr70AmDVrVkHHg8LeS3FNvS8amtN50EEHAf4PoebMmRM9Pm3aNL744gvAn+Waq/Wy53mMHTu2gVeYNnLkyHrhLzTvPnHO5b2Ga1NbW8tll13GjBkzaNeuXb0ArKqqCiDnLOxs4TbxFvr5zJ8/n7Fjx1JTU0O/fv045ZRT1roPwNSpU6MK7RNOOCFjtm64VmCtnQfirye+X7YwsJw7dy4TJ07kzDPPjAK6XFKpVMYvUnzwwQfcdttt/PjHP85oP94Sa23s+6apGnMPxF9LuF9z9y/E8uXLowr2bCtXruS1117jiiuu4JJLLqG2tjbj+W+//bbeY9mstfXa7zfnnLk09T2xPmRX/6oFtIhsdpyjdZnl/BM78NfftuH6s4roWLYqx4YWY5Lsul0VD/2qlMeua8v+FQkM+juxqfRvjIiIiCqARURkCxcGMM65qEVqLtXV1YBfJbV8+XLat2/PYYcdxtNPP83f//533nzzTQYPHkzfvn3Zdddd2WGHHdZakZTPqFGjWLhwYb3HR44cycUXXwz4MwXBb2tZyOzIdWGHHXbIG3w19tpMnz4dgAMOOKDBcx5wwAGMHz+eZcuWsWjRIrp27cr8+fM5/vjjc25/3XXX5aySGjZs2FrPM2XKFGbMmBG1D4urqKjIuV9z7qehQ4dGLZdHjhzJ/vvvT9++fenTpw+9e/euN4M3vGZz5szhxhtvzHuusO1nWD2YLR50ZevRo0f05yVLlrDddtsB6+7+W7VqFa+//jqffvopK1asyAg3wpmx4bUrRCHvpbjm3BeVlZVMnTqVBQsWsGrVqigsW716dbRNfO1fffUV4M//HjRoUN5zFnp9892TzblPJk2axG9/+9uc2z/33HN06NAh53Nr1qzh0ksv5d1336WsrIybb7653tzu8HVlz8nOJdxmbfOJ58yZw89+9jO++eYbdtxxR2666aaCKj1ff/11rrjiCurq6hgyZEhUlZ+9VvC/hw2tI/568m338ssvR8f63//+xwMPPMBnn33GnXfeSe/evaNfdogbPXo0o0ePxlrL/PnzmTJlCn/84x+ZNWsWV111FXfddVeLrbWx75umCs9ZyD0Qf++E+zV3/0K0b9+e119/PeOx1atXs2LFCiorK3nmmWd45513ePvtt7n33nu54IILAJg9ezbnnXceVVVVbLfddpx88slUVFSw1VZbsXLlSubMmcPTTz/NlClTuPXWW1m6dClnnHFGs86ZS1PfE+ta9g/gs9tBi4hsFpzBowg86FBuaFfq8WU7CwnqV/U6g0sYEkWO7m0SdGvjkUpoCnBzxP9Nya4CVlWwiIhsKTb8f/2JiIhsQPF2mfmqPbMtWbKE9u3bc8EFF1BeXs6zzz7LggULeOqpp3jqqacA6NixI0OHDuVHP/pRo37YXKiwFWrHjh1b/NiFaujcjb02hb6eTp06RX9eunQpXbt2bdLas8OobOE6UqkUK1asqBd05Qu+mnM/DRkyhOrqah555BHmzZvH5MmTmTx5MuBXDR9wwAGMHj2anj17An5r38acK762uPbt2+fdJ141F69IWxf33//+9z8uv/zytbb5XZfhQFPuC2stN954Y94K67j42sPvR4cOHVrkB1D57smWuk8KtWrVKn7+85/z0Ucf0bp1a8aNG0e/fv3qbRe+l+PVq/mE28Tf/9lmzJjBz372M5YsWULPnj257bbb8l6TuJdeeolrrrmGVCrFoYceypVXXlnvFz7i5w1/8WRta4W1vz/Ky8vZZ5996Nu3L6effjoLFy5kwoQJOQPgkOd5dO/endGjR1NeXs7tt9/Ohx9+yBdffEGvXr3W2VrXhfCcS5YsIZVKNfhLU+Fa27ZtGwWYzd2/qcrKyigrK6Nr164cdNBBXHnllbz00kv84x//4Nxzz6WoqIiHH36YqqoqttlmG/7whz9kVCl36tSJTp06sccee7DjjjvywAMP8Oijj3L00Ufnnc1byDmzNfU9sb7lmgUsItKwcI6uAQMuqJI1WVGpi6pnDcaBM7m3W5frdCaFP/3XYUwRRdbgOVMv2TU4jAVnkqQSKZxXh2eLcJ5CyqbKbgGt0FdERLZECoBFRGSLFv4AuWvXrkyYMKFR+5aUlHDuuedy5pln8vHHH1NZWcm0adOorKzk66+/5q9//SsffPABDz74YKPm7RWyjvCH/E0Ja8IfFDdUSRkPjfJp6D+gG3ttOnXqxLx589Ya/oVzESF9DbbZZpt61VJrM2vWrAZDlnAdiUQiZ1vifK+9OfcTwPDhwxk+fDjTpk3js88+Y9q0aXz++ed8/vnnvPjii0ydOpWHH36Ybt26Rec64ogj+NWvftXoczVHc+6/XFKpFFdccQVLlixh0KBBXHDBBWy//fYZocadd97ZYIvcXBr7PWjKffGPf/yDiRMnkkgk+OUvf8l+++1H27Zto3ukuro6Z2Vx+P1btmxZzirzxsq3f3PukyOPPJIjjzyy4O2rqqq46KKLqKyspG3bttx6661559ruuuuu/Pvf/+bjjz9ucCZrMpnkf//7X7RPLp9//jkXXXQRy5cvp3fv3vz+979v8BcbQpMmTeKGG27AWssRRxzBZZddlvM6brfddpSXl1NdXc17772XM9AOhfPPy8rK2H777de6BvCrdr/73e/y1FNPRZXhhRg2bBi333474FeU9+rVq0XW2pS/u5oivDdqamqorKxscK3vvfcekHkPNHf/lnLkkUfy0ksvsWbNGhYuXEj37t35+OOPAb8bRkMtqkeOHMkDDzxAMpnks88+yxsAF3LOuKa+J9an7Mqs+J9FRPJzOCyGBGDBGQwpLFm/BBRkrODwrAE8HNYPXddTEGgwGOdF63BB6uuMq1fW6zA4Y/Cch3EGZ4pYn1H15ij735gwBIaG/ztWRERkc6IZwCIiskXbZZddAFi4cGHU1raxiouLqaio4KSTTuKaa67hiSee4NprrwX8H8J+8skn0bYt9R+b4brff//9gubFxoXh3dy5c/Nu8+GHHzZ9cTGFXpvwh/Kvvvpqg8d77bXXAD/U6tKlS5PX9eyzzzb4fLiOnj17NiqYa4n7CfzrMWLECC699FL+8Ic/8Oijj9K2bVtWrVoVVQWH53rrrbcKmgPZkppz/+VSWVnJt99+C8Bll13GTjvttEHalDblvgjvycMPP5wjjjiCdu3aFfQ+D2cjr1mzhv/+9795t2vMvNJc1td9smzZMs4//3wqKyvp0KEDd9xxR97wF9KzkVevXs2UKVPybjdlypSojfaBBx5Y7/lPPvmECy64gOXLl9O3b19uv/32goKup59+muuvvx5rLSNGjODyyy/P+14vLi5m8ODBAPzzn//MO581lUrxz3/+E4B99903moVeiPAHkmVlZQXvE5/JG1brr4+1tpS+fftGf4+Hc+BzmTt3bhTgxu+B5u7fUuIzscNW/eFja/u7IB525vteFXrOUFPfExuaKoBFpDAGnB/mWmP9cNV5JGwRxhn/+eDDcx5FtghnUthEDR5JPGcxWFhvs3UNmOAjmOjb0JmNQt8Wo39XREREFACLiMgWbuedd6Zv374A3HDDDXlnCc6cOTMjyAVyzkgM7bvvvtGf45W2rVq1AvxK1ub8x+iwYcNo1aoVNTU1jBs3LiMICK1cuZLrrruOL7/8MuPxMJT517/+xYoVK+rtN3PmzAZ/mF6Ixl6bY445BvB/cB22is72xRdf8Ne//hWA73//+82qmJw+fTpTp07N+dxbb73Fiy++GJ2nMZpzPy1dupSampqc2++www5RhVd4zQ4//HBKSkpYtmwZ//d//5f3fnr99dcLquhujObcf7nEg8l42+lQKpVqdPVvUzTlvgjXnq/K74UXXsj5+C677EKvXr0A+P3vf58z6LXWcssttxT+AnJYH/fJokWLOO+88/jiiy/o3Lkzd9xxR/Ta8tl+++2jvwvuvvtu5syZU2+br7/+mnvvvReAvffeO2p/Hvrggw+46KKLWLlyJQMGDOD3v/99QS33n3jiCcaNGwfA8ccfz9ixY9ca1I0aNQpjDHPnzuWee+7Juc19990X/WJNOJfcOceVV14ZVYTmsnDhwuje6t+/PwBvvvkmt99+O2vWrMm73+OPPw74FenxsL2pa13fjDHRuZ9//vnolyniampquPHGG0mlUnTo0IGhQ4e22P6FePLJJ5k0aVLe900qleJvf/sb4Hd+6Ny5M5D+xYspU6Y02G0j/m9t7969m3VOaPp7YkPKVwksIpKPH5KGoa+HNQbr1YJJYsIPkjiTos6zpLwinC0G52EBa7z1Fv/KhqN/X0RERNQCWkREhEsvvZQxY8Ywffp0Ro8ezWmnncZee+1F+/btWbx4Ma+88gqPPvoopaWlPPTQQ3Tp0oW6ujrOPfdc2rVrx/Dhwxk4cCDdunXDOce8efP405/+BPiVOfGWk+EPeFesWMHDDz/MSSedRHV1NR9++GFUEVeItm3bcskll3D99dfzwgsvsHjxYk455RR23XVXrLV88MEH3H///cydO5ePPvqIxx9/nOLiYsAPryZNmkRVVRVnn302Y8aMoXfv3iSTSd555x3+8Ic/NOt6NuXaDBo0iCOPPJKJEydyyy238OWXX3L00Uez7bbbsnz5cl599VX++Mc/Ultby4477sipp57arDWC/30/6aSTOPzww+nSpQvffvst//rXv/jzn/8M+EH50Ucf3aTjNvZ+Aj8E/PDDDxk+fDj77rsv22+/PSUlJSxZsoSJEydSWVkJwJ577gn498DFF1/MjTfeyHPPPcfcuXM54YQT6NOnD6WlpcyZM4eJEyfyzDPPsOeee/L73/++wRmZjdGc+y+X3r17U1ZWxurVq3nooYf46U9/Gq21qqqKm266qUXWXYjG3hd77LEH77//PpMnT2bEiBHssMMO0XNvvvkmd955Z95zjR07lvPOO4/Zs2dzxhln8JOf/ISKigqKi4v5/PPPGT9+fFS52FTr+j5ZuHAh559/PvPmzQPgqquuonXr1nzzzTc5t+/UqVNU3T127FhOO+00li5dypgxYzjxxBPZc889Mcbw4Ycf8uc//5lly5ZRVlbGz3/+84zj/Oc//2Hs2LGkUim23357fvnLX7Jy5cqcFeme50Xvs4cffpgHHngA8H+R4cQTT8y71tLS0qhysl+/fhx33HE8+eSTPPHEE8ycOZMRI0bQrVs3Fi5cyDPPPMNbb70FwLHHHsuAAQMAP5h86aWXeOmll6ioqODAAw+kV69etGnThqVLl/Lhhx8yYcIEqqqqKC0t5fjjjyeVSnHHHXcwZ84c/vWvfzFs2DAqKirYaqutsNYyb948nn32Wd59913Ab+8d74jQ1LVuCCeccAIvvfQS06ZN49e//jXf//73Ofjgg2nbti1fffUVjz/+ODNmzADg4osvrhdmNnf/hixcuJB7772Xmpoaxo8fz9ChQ+nfvz8dO3akurqamTNnMmHChOiXXE499dToFwlOOeUU3njjDebPn88ZZ5zB6NGjGTRoEB07dmTNmjXMmjWLv//979Hs8CFDhrD99ts365xNfU+sb/oBvIg0l8MDZ6n1HNYkMC6B9VJ41iPsrRz+WlcCi7F+e+VawDOWhLP1WjDLlkczgUVEZEugAFhERLZ4O++8M+PGjePqq69m/vz5ecOmgQMHRj88/vLLL1mxYgULFy7k1ltvzbm953mMHTuWDh06ZBxj99135+OPP+bBBx/kwQcfBPwKrgkTJjTqB7JHHHEEq1ev5o477uD999+P5jnGde7cmWuvvTYjfBswYABnnHEGDz74ILNnz643F7S4uJgzzzwzCkkaq6nXZuzYsQBMnDiRp59+OmcV8m677cZvfvObRrVJzeWss87iL3/5C+PHj2f8+PH1nu/Xrx+/+c1vGgwt82nK/VRTU8Nnn33GokWL+NOf/hSF5Nm+//3vZ1RQDx8+nNraWu68804++OADPvjgg3r7GGMYNGhQi4W/oabef7m0adOGCy64gJtuuoknn3ySV199lV69elFdXc2nn35KMpmkoqKi2WHo2jTlvjjhhBN45ZVXmDFjBqeddhr9+vWjXbt2zJo1izlz5tCvXz9mzJiRswqwf//+XHvttVx//fV8/fXXUXv0uN13352ddtqJZ555psmva13eJ5dffnkU/gJccMEFDW7/4IMPRtWq3bp146677mLs2LEsXryY++67r972nTp14ne/+x3bbrtt9Njy5cv5xS9+EbXBnT17NieddFLec7Zq1YoXXniBN954I+PvtcmTJ0ct1XMZPHgwN998c/T1+eefj7WWCRMm8Pbbb/P222/X22fEiBFceOGF0dd77703++67L1OnTuW9997Lew+Xl5dz5ZVXRrN4Tz75ZO666y6WL1/Ok08+yZNPPplzv+985ztcdNFF9R5vylo3hEQiwa233sovf/lLPvroo5x/94fztYcMGdLi+zekU6dOHHfccTzxxBPMnj27wV+OOumkkxgxYkT0db9+/bj66qu54YYbmD17dvTeTiQSGe2bAfbff//o3+GmnrOp74kNLR4Gq1WniBTKkGJ5Lfz5v9W8/kWShIWUAWMNxjnCPsvOOTAOnMPaBO1Lahl9SBv27tlKjZa3ALn+XVHoKyIiWxoFwCIiIvhVlePHj2fSpEm89NJLzJ07l5UrV9KhQwf69u3LkUceyf777x9t36dPH5588kkmT57M22+/zRdffMHy5cspKipiq622Ys8992TUqFH1WpYaYxg3bhz3338/r7zyCsuWLWPrrbfmgAMOiNpDN8bIkSPZZ599eOaZZ5g6dWrUenmbbbbhwAMP5Ac/+EFGyBoaPXo0/fr14+9//zuffvopy5cvp2PHjuy1116ccMIJtGrVqskBcFOvTUlJCZdffjmHH344zzzzDJ9++imLFy+mXbt27Ljjjnzve99j6NChLTIbds899+Twww/niSee4I033uDbb7+ldevW0XkOP/zwZp2nsfdTaWkpjz76KK+88gqvvfYan332WdQmPNxn+PDh0WzPuJEjR/Kd73yHf/zjH7z11lssXLiQuro6unTpQkVFBccdd9xa2/E2VVPvv1y+//3v0717d/7yl7/w6aef8vbbb9OhQwf2228/TjzxRD799NN1HgA35b5o06YN9913H4899hivvPIKlZWVFBUV0b17d8455xyOP/74jGAo20EHHUSfPn146qmneOONN1iwYAGe57HDDjtw+OGHc8wxxzT5vRi3ru6T5s4o7t27N48++ijPPPMM//73v6O2xN27d+fggw9mxIgR9ao2a2pqqKura/S5mjuv2vM8LrroIoYMGcLf/vY3KisrWbx4MZ06daJPnz784Ac/YODAgRn7dOnShXHjxjFt2jQmT57Mhx9+yLx581i1ahVt2rRh6623ZvDgwYwYMYKtt9462m/48OEceuihTJkyhbfffptp06axZMkSjDF06NCBPn36cNhhh3HIIYe02Fo3lHbt2nHHHXfw4osv8txzzzFz5kxWrVpFt27d2GuvvRg1ahTbbbfdOts/n+LiYs455xxGjRrFxIkTee+995gxYwbLli2jpKSEzp07s+eeezJ8+HD69etXb/8hQ4YwcOBAnn76ad555x3mzp3LihUrKC8vp0uXLuy+++4MHTqUQYMGNfucTX1PbCwU+opIYzigNuXx7twynvqoGGzQ0tkZsOCsAwzYIAwORv5u1WoNQ/d07N1TAeCWRv/OiIjIlso4/SsoIiIiW4CqqiqOOOIIwJ85uiHbnsrGQ/eFiMj6E5/HaK3N+EilUqRSqSb9QpyIbDkcsGiV4fJnLY/9txjnElHI6382QRWwywiBO7eq4fbTLcfulVg/9b/BT1ud8b9IWXjzM8Mp19fwbVU7MvpQO4fnpdhnp8X8+Zq2dG1vwBlUrNp0a9asIZFIkEgk8Dwv4yOsAlY1sIiIbApWrFgBkLObWz7h+DhvnaxIRERERERERKQA8WBYRGRtHEGw6uG3efYAY4LPsQ/PpD+nRwTLFkD/roiIiCgAFhEREREREZENTD+kF5HCGYxngmA3DHld8Dn253gIjAvHA8sWQv+uiIjIlk4BsIiIiIiIiIisN/qhvIg0m8Gv/jUuM/wNK4LDquCwMjjhB8H622fLpn9/RERkS1K0oRcgIiIiIiIiIiIiUoiok7MXlPla/JA3zPYsQfhL+kGTta+IiIjIZk4BsIiIiGwR2rZty+uvv76hlyEbGd0XIiIiIpsOE/9D1OYZP/Ql62sPSGXuqABYREREthQKgEVERERERERERGTTYMDE2z2HYa8lnfB6Dqy/nQMwBqP0V0RERLYgCoBFRERERERERERkk+Cc82e5Gvx01/OzYBdWBFvSoTDhNg4XzABWDiwiIiJbAgXAIiIiIiIiIiIismkwxp//65ko8HXGgHXp0Nf4FcDONXQgERERkc2Xt/ZNRERERERERERERDYsv51zMP7XuKANdJDymqxBv8ZlzglW6a+IiIhsQVQBLCIiIiIiIiIiIhs1F/y/I0XC1FCCIemVkrLFuGDmL17Q5xmHcQZDkuJkLaXUkqAIKMLhlAWLiIjIZk8BsIiIiIiIiIiIiGzUDH5Rb9dSw++Obss1xzhe/aKGS/9mmbem3K8EdvhBsDEYajm4dzU3jGrDNu1KaefAOOdXDouIiIhs5hQAi4iIiIiIiIiIyEbN4XDGD4HbUUOx51GecLgi/PDX+ltFA++cIWEsHT3H1g4MdSQNgIdRDbCIiIhs5jQDWERERERERERERDZqBnBYrAGHochCwlkwdUTBr4l/GJzxgBTOJEmZIqzRMGARERHZMigAFhERERERERERkY2aAwwenksHuCljcJ5Jh7/RZwfGYtLlwBhn8ZwjnCa83hbdQqeLDuXSf3b5TpCxccYOIiIisoVQACwiIiIiIiIiIiIbNYPBOLCe9cNgB8aAMQY8E4S+BCGwX/1rPQsYnAHngbcB2j+HZ3PxL5rE4YzFYLF+Q2ySniWMxjM/AGdwJHGmDs8lMC7RnJOLiIjIJkYzgEVERERERERERGQT4DeCNhCEvP5nPMCa8Ol0yUuUh24GbZ8dGOdhnYfBUmSLMS4JzuE8m7mtsYAHrgSDI2WSOJPCkND8YxERkS2EAmARERERERERERHZNIUhcNj6GYIw2GxWvQ8NDkOKlJfAGbCswRqDMX5b7His6zA4HJ5L+LXCXi0u+DGw4l8REZEtgwJgERERERERERER2SSERb7OxR4w1m8DHT1mIeU2qrTTNbv21mAxGBxYj6QxGOeRMl690b4OD/9i2KBldhEJ62FMaqO6JiIiIrLuKAAWERERERERERGRTYPL7OoczQC2wSxcz4D1C4AJZuVuDExsPG8Tj4AhgbOOrxbU8cDTS0imEqQ8Syqr0tkFbbIT1iOVSOE5j15bJ/nR8G1pU9qcNfhHz7U2ERER2bgoABYREREREREREZGNngN/7m+QQbqw7bMhCn6jhNgDjB+bGuf8bTfQmgEwLj2T2KVfQKHLCuJtAL5e5vHgv9qz2pYFL7d+r2sHGGdwXpKEdey32yJO/J6jTWlzL4QFlwCSQCJoNk2YuIuIiMhGQgGwiIiIiIiIiIiIbPxM/LPf6BiT9bgjmglsjAkaL2+gcDI8bZgCe0DC+TOKbeOP5Zx/CA+DNcU4SgCTO9x2DnA4V4zFUZNqzZLVHq6JQa3xD0fK80jYBO3LDAnPwziLMRtHlbWIiIikKQAWERERERERERGRTUI8vnSGKOyNnvRMusLWENSnOjaGNsUuXB8EobDDrfNRxR7WwPtftOHAs1NNL9R1YEhgi2rYunQxf7qqC3vslAiOt+GvrYiIiGRSACwiIiIiIiIiIiKbhrDYNKz29YIPG5THOsD6VbEuFgwX3mx5HfLwW1aHa7FEYfU6mVZsjH8S46ihiJo1xU0/lHN41JHySimybUla/zFLAs+4jeHqioiISIwCYBEREREREREREdkk1Asaw3m/kG6r7AWB5Abs/lyPIV0tG19zal2dz+Gc8Xs3h59N0y+IM5CiOAjgDR6OIgcpYzeOcF1EREQyKAAWERERERERJfS7qAAAIABJREFUERGRTUgQOBqT9RHU0IaZZ9jvOPw66yiZtbdhjNlAmOlcLOwMS5DDYDXX9jmWbWJfGOe3hG7sPOC1cQ6MBeOB8zDW+JXHjSgxNmGL6nDNDpzn8BwYk8R6pX4gbNZVgi0iIiLNoQBYRERERERERERENgkuyl29IEDF/5yIz9YFYw3GC9PLcKccQa0zGLzgmXgb5lxpaRgWJ9LbGNdgBazx+1MH83/xg1hrsoJgE80GDlfabC4sOXY44xo5Bjmcm+yHvrEEGGscDoNxDmNSLd+2WkRERFqEAmARERERERERERHZ6IX5pYs/EgarNlZNa/zQ0+EabANt8FtFG+fHus7E48wE6T7N4fYWsDhSwXMmd2lxvvUboqDXr9I1wdxih/Ea2rORjPED8qCKF88CieCcBUS2DpxnAQ9sIjhGOhQWERGRjZ8CYBEREREREREREdnEhKW+ZIbAiVgga8C5MLjMndLaIMN1eBiMPyo3qvTNbG/swmPicCaFcR7GNWL+bdimOhZUp19E+MkEFcXND1s957B4/nltcP4C12us8at/jfXHCDsvWJ9CYBERkU2BAmARERERERERERHZ+OWbqRsGqZ7xQ2BjouLcjGw1h3Tga/12ziblf+1KiCqAw50tUYCaMA7PpXBYv4443xzgDDZoAU1mJbALQmFM4zo1r+VcDhOdr7y4mo5ta9JzkRva08LSFWWstq2CGb8NlFGLiIjIRkkBsIiIiIiIiIiIiGxCYjGpyQpfg0pg4wUhcAHHssCqZIKFKx1JV5xjm3A+r8MGZcCec7Qp9di6jaHI2LXGo8ZE/5fOUj2CEmRiGWvDK3bEWzEXEBcbi4dj954rufsXHelUtvZe0/NXOUZftYjpC7rhwkbZpuWiaREREVn3FACLiIiIiIiIiIjIRs+FAakzsTDVBUFqbMNwri5BbukMzoQhbpxfcWud4c3ZSc7760qWrCn1Q09LUJ1LENIGlboWSBkMdRzRz3Hvqe1pW5JjrTiscXjOb+lsPXAJk7lWR1T56/dZDtZkXNAGOrbS4Gn/OYuXcJTYWqzxgknGmYxxGAfWOIo9R+viJFu3t3QpX1vADDZhKC6y/kxk5xEFzcqARURENhkKgEVERJoolUqRSCQ29DJERERERES2XB6xGcDBYy79eHaQmpvDmiLWFLVhTaIVzhHMyyU9O9dmzhw2to46UwM549c8wirgcK1hthq+hvRy6gWt6UnGhl239bjnYgtJByYV1DDHtg2WnnCOlPHwnKFru9a0LWlkgtsyo4hFRERkA1AALCIi0kiVlZXceOONfPnll5xyyimMGTNmQy9JRERERERkyxDM4HW43IFq9NkERcLp6DQXkx0Sh62Yw/A3qCbGBF+Hz3vGr7JtTEVsPKgO9zMumFtcyO4WsGzVAUbtR1Dl7OHIbFvtv2JHwjkcnl8w7doAqUYsVkRERDZlCoBFRGSz8dVXX3HaaadlPNa2bVt22mknfvSjHzFo0KBmn8M5x1VXXUVZWRm/+93v2G677Zp9TBEREREREWmMIAQ2zm/tHA9Wo88OPBPmxQ1y4SE9kw58IXO2cJghhyN0rcMZsmpvGzoBsfA4+MLFwl9Dg2s1QamwowiLI2GTpDx/Pq+XvQoXFhU7DLVYHJgi0iXHIiIisrlTACwiIpudk046if79+wOwcuVKpkyZwoUXXsi1117LkCFDmnXsb775hq+//prf/OY3DB48uCWWKyIiIiIisnmKZ40mx2PkeL6gQbOxbfKFvzYIiCGoAl57EmzCY7lYGptdCRz2V/YMxhTYIzmoVDYeUXVy5ueGw9/wIA4LphbPFQEJEtbDenX1mlAbwBlLrSnCYEi4BM5Y/KJpDfEVERHZEigAFhGRzc5uu+3GgQceGH39ve99jzPOOIM//vGPOQPgxszyraqqAqBdu3Yts9hm0AxiERERERHZWPn1qhbj/DpUG/RVNrmSTuOCubvRVv7DOY8a9mJ2GIJQ1cQ2jgLc4AhhB2gcDfZrNuC8rCDWuCjszZ4vbILZwMaZdIvoei/LBKfPCqvjiW8YLptYt+q8PIwrwWFwXhLj/OtrnJdz60T4/87z12lU/SsiIrKlUAAsIiKbPc/zqKio4MknnwRg1qxZnHzyyZx++um8+OKLLF++nEmTJgHwwgsvMH78eGbPns1WW23FscceywknnIAxhnvuuYfHHnsMgAsuuACASZMm0bZtW5YtW8btt9/Om2++CcDBBx/MBRdcQHl5OQCrVq3innvu4dVXX2XNmjX06dOHc889lz59+kTrrKys5J577uGTTz6hVatWHHzwwZxzzjm0bt0agCuvvJIFCxaw44478sILL3D22WczatSo9XMRRUREREREGsE5R9J4GAxFliAxdVivfrWqZ4PHw8DU8x/LHdgaPy+NMlWXbsscVuuCH9JGVbprr3qNolETC2vJCmkzZvdC3kw12DcoRE6fwcPfwWQFwjZcZ1i9m/uY6VM7IJGxlvq89MPGNrShiIiIbIYUAIuIyBZhwYIFdOjQIeOxv/3tb5x++ul0794dgH/+85/ccMMNHHvssZx99tl89NFH3H333VRVVXHWWWfxwx/+kN12241f//rXXHbZZey22260bt2a2tpazj//fGpra/nFL37B6tWrueeee1i1ahXXXXcdADfffDPvv/8+P/3pT2ndujWPPPIIF110EY8//jgdO3ZkxowZnHvuuQwYMICrrrqKxYsXc9999zFjxgzuuOMOPM//icann35Ku3btuOyyy9hll13W70UUEREREREpkOc8nPOwXopUwvrdjq3fnTnOAinP4DmLcR4OD2vzd202WV84L9cM4PRc3cwBvDm42Lk8P5t14fZebP+g8pfYQya7YrhBJnMGcNRWOng6rGQWERERaQEKgEVEZLNTW1tLdXU14Ldsfvnll/n3v//ND3/4w4ztzjvvPI4++mjAb6d87733cthhh3HJJZcARDN+H3/8cUaNGkWnTp2isHibbbZhp512Avwq4JkzZ/LII4/Qs2dPAIqKirjuuutYsGAB3bp145133mH48OEMGzYMgF69evHb3/6WOXPm0LFjRx588EE6duzIuHHjKCry/3nu3r07F110EW+++Sb7778/AF27duWmm25S62cREREREdloORw2kSKRKiJhEyQTjoRzfsBrDBiDcw5jDMY5PGdxzlDnJcA4Eq4WPxHN/d89NjiHc0E1bXar5rDKOEFQbesa6P5sMipynRccywWpcBj62iCpjc8XDns2FxLchuFvItZOOjxmYUXKIiIiIgVTACwiIpudsOo2lEgkGDVqFGPGjMl4vHPnztGfZ8yYwdKlSznssMMytvne977H+PHj+eijjzLmCsf997//Zccdd6R79+7U1tYCsPvuuwN+W+du3bqx++67M3HiRLp27cp+++1Ht27duO2226JjvPvuuxx11FFR+Auw995707FjR959990oAO7QoYPCXxERERER2egZByuNYYkDk/JImiDQdS5d9eqM3xHZGTxSWAdtDGxFwg9YGzi+w/hBb7yqNqzSjbVqDkcBNygIe40Jw9xwh3gIHMz6DSp3/Zm6hae2fidqP4z2Q2v89UfziWPbFnxUERERkdwUAIuIyGbnjDPOoKKiAoC2bdvSvXt3SkpKGtxn6dKlAHTp0iXj8U6dOgGwYsWKBvedMWMGQ4YMqfdcuN9VV13F+PHjefzxx7n11lvZeeed+fGPf8xBBx1EKpVi5cqV9c4Nfki9fPnyBtcuIiIiIiLSVH7M6jA2KHU1QdAZb08MQf7pYl9mxZRZAWad83hyUZLffFnHylQxSZMkkSIs3/Uz1yAMtoBzhtK6JKO3h6v7t6LUpvKsl8x5uB7pyt/4AkwsxHXOD4xNrnA11ms6DGbDimIb29oz6dbS+FXHHi5oAZ2nX3XmqmMhMOmgGqLg2cW2VggsIiIizaEAWERENjs77LADAwYMaNQ+7du3B2DZsmUZjy9evDjj+VzKysrYZZddotbRcdtuuy0A5eXljBkzhjFjxjBnzhwee+wxfvWrX3H33XczYMAAysvL650bYNGiRVGYLSIiIiIi0tKMA2OLsB44U4cjQcpLYIPBuFEQaQhS2/rqTdl1UIuhJmGpLjWscMWQTPgzc2PVv2EYjPVT4FpTS01xKpgTnDsCdcZflXH+2pxnM+fqRi/KpXfAw0DOimJnDMZZiozD8xwUmWg9UQieIh0qmxQGF7WXDppA11ttRldn47BhAO2BC9cZHN85gtbYudcoIiIi0lgKgEVERICddtqJ9u3b8/LLL7PvvvtGj7/44oskEokGA+U99tiDRx55hG7dumW0lV6yZAkdO3Zk1qxZXHbZZYwdO5aKigp69OjBhRdeyHPPPcf06dMZMGAAFRUVvPrqq5x11llRi+f33nuPZcuWKQAWEREREZF1ynqWlGdxGN6vSfHcyhqqnMHZIAAOR9UGaWdYCWyCz86Z2Nxc/3PSOSprSlhNSTDON6iWdV4w+9bFZvaGgakfmcb/P5uJpa0OMMb4YWyKdAgczgAOFh+Gv9lHdMHaLQlal1oGdFnNojWWr6sSfFvTKr1RVP3rSBRBj/IaupQm2bmjJWG8vGuNDhB0fXae/+Ff9HSFsvFMumBZpb8iIiLSAhQAi4iIAEVFRZx55pmMGzeONm3asO+++/LJJ5/wyCOPcPLJJzdYAXzMMcfw9NNP87Of/YzTTz+dzp078+qrrzJx4kT++te/0qNHD0pKSrjppps488wz6dixI88//zyJRII99tgDgJ/85CeMGTOGSy+9lJEjR7J06VLuueceBgwYwHe/+931dRlERERERGQLZJyHsQAe02pTjK9txTemKD3z1u/R7IeWzqTn+IaVrNbU39YZSBmcC8toY6FsGKjGQuBwM1dwFWy4P3666sWqdsMZwOFzeY7oh86OBLDXVh6PHF3Gt7XF/Ob1JH+bZoM5w7HdHZQXpTj3u3By33KKE9A6UVe/HXa+5UYhb3jc2JoV/IqIiEgLUgAsIiISGDFiBMXFxTz22GNMmDCBrl27ct555zFq1KgG92vbti133303d955J+PGjSOZTNKnTx9uueUWOnToAMC4ceO4++67ueWWW6itraVnz57ccMMN9OrVC4DevXtz++23c/fdd/OrX/2KNm3aMGTIEM4++2w8z2vo9CIiIiIiIs1iSJHAUWccNpEilfCwxsucqxsfUBtrYWyC0DY4UGYr5iKHSfmpsHEexnjYqJw4DGZdtI8LA9s8YWh0GgepsMeywQ9/XezcXmwH44I5x7kO6jBYnDEUmwSlpYYkUFqEH0xnvVaswXgebYtTdGiVwpkExnlhX+q8V9cvAQ5eskd6lnAUWNt0BbCIiIhIC1AALCIim42ddtqJ119/fa3b7bDDDnm3O+qoozjqqKPy7tu7d++c+2699dZce+21effr0qULV155ZYPr6t+/P3fffXfe5xs6voiIiIiISFP4hbqWhEtg8QNaz3mxcJWgfzHp0NIElavO+O2g4z2Wg+pbk/Ln2jrA2AQuEWTIYZAcBKrp/tIUVkmbUc0bS54Twbnx12aMiWb0ru1ozkCCFMY5/woYF1QUezlmC4f5sj872HPOn9+7lpVGr9m4dLgcrwjOGBpc6GuvN31ZREREBFAALCIiIiIiIiIbCWvt2jdax5xzeJ6HMYawbtB/gsyAKqurrOIX2VQZDJ7zcMZiMBRhcAnS93gYqgYP+Fmw9d8jxvrVqy7ht0sOQ0zn/GMEc3OdCUpyE2EbaX8bjEm3jTZ+JbAx6TnC2WWxzl8wJp57eqTbPwehL56LnjbBu9ZBjjpgQ5gc+88ngvOGTwWtqqMdPfBSGOMFx3GkPI/snk2ZMW1wfhPk3WFQHbapNsEqw5A9GmacfVB/hS4odfacwZn431LxV+bPWzbpgcPR86o0FhER2TIoABYRERERERGRjcJJJ564Qc9v8KsFixIJSktL6dylM9tuuy0777wzu/ffnR49euAVFeWsPxTZlGX8PkMw5jdeXAvBBgn/lySiANcZoCia35vOIv2g1xgPh/HzWROkySZ2UEe6GjZs41xwQhks0rj6M4DD4LrgaTrpNs1RKBsE2RnHDiqAXXyfAkSXJZz1G6+udkG1sSFPmEvWY/41TXoWjMM4P8CvvxQLpMDY4PuUKGitIiIisnlQACwiIiIiIiIiG4V333l7g57fmKCdbfDnkHMOYwzdu3fnkEMOYchhQ+nTty+dOnUCYzK2FdnkhGW1QfyYUckL6RbICeeHlRZIebiEBRdUloYBZLSf8YNHY/wi3xL8ob3ZLZXjoa0NeiuvLbTN/g0MY2Kzf4MK43Ddhb43M0qDTWabZheV/6dn92aH44Uy+McN2fRBnBeEzcblzJWdCb47LoUhAdbDuPi+mScyeDiSpKucTbq6WkRERDZ7CoBFREREREREZKOwMQSpudYQPvb111/z6KOP8pcnnqBbt2049gcj+fFPfkLr1uVY6/A8VdjJpizq3xz8MZaKhgGrA885PM9iLHhJsNjgFycyg0sX9j12Buv5iW8ULmdX6UYdpsOq3lztmrO/Ts8ODttHp0Ngonm7fpvkJlyLeFgaBs1hpXLmE+RMbHOs3XixcD2sBrYOrCvw7z+HcSU4Y0klajG2CM8lcKRynQ1/BnICg4dn6nDOBGXIIiIisrlTACwiIiIiIiIiUigHdbW1zJk9i9tuvZXnn5/EJZdcwgEHHujPBd0IQuyN3tqyMl3CDSAWYkbhpElX6uI/5jnYoyTJEa2StLMO6xKkPOt3MHZB0W9wpJRz/GdNguerEtTaYkiYoLi1geHZsc7QBS87oyI3DKyDI3im3uYNCWPqjEpmCMJllw5tg9m78VMXvF4v+INLB9WO7Hm+OTiDw8OZGlbUJvh8PqRcCuNs5qzy4A/G+VXDzlkSztK6NEWv7iWU6PdUREREtggKgEVEREREREREGsGfFeyHP59/VsklF1/M6aedzllnn0N569YZWzYiytqsOOdYvHgRk//1PMuWLct4zmR3qw33CT72P/BA+vfrj/EUqK8f6eG9BpvZhtnDr8oNWh8nbIp+RZYzy4rYGoc1+O2Is8t1HdQYaLPS8EqVpSaspk2QrvyFoOWxBevwrAdeCuc5PGvyBqsueP/5f3b+/OEoiQ3mEtsg/DQuY4SxyVlX7L/ysOuzH9LGKopD4dcm3ANwDmfyhMAO4oOInRebrRyGy56DFNEMYM8GwXCOZZow1CVB5Xz40R01LK8pxzqLZw3O+vuZ8PuFw1lwpPBSsFfPlTz4805s1SbPhRUREZHNigJgEREREREREZFCReGPiWYDr1xRxf333Y/DcPbZ59CqvCwILre88De8JsYYvvryK+668y4WLlzgP0ess3C+/Q20aduW3XbrS5GnVrXrRXSrhr/WED4etEG2sXm4nt9WOAF4GIyzwR710kqKnce2LsU+iVqWmSTGeuCsH+Da4D4Is04LWPBcDT2LivEozhvV5lx/vI00fnhrnL/W+Gjfhg4R9Z2G9G8pZITAQWBrTFBpvLb3eNiG2Q+l/RbQpN8ExgThL4QpskmXCOc8nDOA9Ug6WFTTihXVZf5zYXActOn2Pzt/7rKxmBQsr1nj58IiIiKyRVAALCIiIiIiIiLSRP7sU6itq+XBBx+grKyMH59xBiUlJRt4ZRtOeE3mz5vHqqqqKPD1wmrePEFclL2t2+VJIcKezo56lbDOmIKK2xMmyaFtEuxbVk7KWKwBTCIKfk0Qd6aMxeEosh7GlVBuAJI4k78KOJSRxULmzROEuI3PPOMhL7HXH97ITZkpHF8X6cA6YaLQNgqHCz1MWKnsTHrucbh/cPzwW5i3SllEREQ2WwqARURERERERESaIKM9sXPUrlnDgw/cx8CKCvbeZ5+oEnZLYoyJAuCvZswglUo1/hoE121Lu3YbTqxJclhlmlGqHQSMUQVwOlQMd8t5VOcoM3WUJTysB4lUEZ51WC+zB7hxBs8ZkokU1qRIBNXBNj6Dt8Hlm3rBJ84vgK03U7jAJNRAOlwNuziHIbAxQTacp5f52o7phS8uLH82sTUWEi3HtvSCP6VMerawDV68cbhgBrJxfjtsERER2XKol46IiIiIiIiISAswwPLly3noDw+ycmXVhl7OBhGGv8lkktmzZ5FMJjfwiqRxYlXa4Szg+NxaE1S/FhJ8uhKcKyFMlesSSZJeipSxwUfK//BS1HkGaxIYl/CDZZfwWzg3ZtnZVcAmmANc+FH8ZWcf06Pe9fDnCzfywPHrGD+mcZnXucBjmfg+2WtMmFir6WB7/T6FiIjIFkUBsIiIiIiIiIhIM0VtbZ3htdde47VXXyWVWo/hpyv8I99TzT53TNWKFSxcsABrbc5dNnZ5L18jrvOmMgLaBf/LWK8h3QY5I7g0mKivsIsqgeu/VIfx6jCmDs9Ziq2hyHl4eCRs5ofnDIYUCetIBJWrNghZ8604gxes1TNZwaq/aJNntxxXIF0xHA9Vc/05KoPOf8ycT5r6HyaoqsaLVwI3IOx5HQ98o3A6Hianv3+qqBcREdnyKAAWEREREREREWmuIGBxOOpqanj00fGsWL58Q69qvfNDJsfiRd+y6Ntvo4pg2QQEXYnD7DB6LBZ+OuMHtCYWU+b+FqfTUms8rHHpILZeCBqEkybs0OxhjKP+BGA/VI1X3kbtqsOZxbHZvbny67wVttEGDoMXHI/MKujwz9HmawlUjQ228XtRW89AgnpBrYtV6RbcADoKeGNrj4e/HvUCcZfVeltEREQ2bwqARURERERERGST0tgizEYXazaxgtMf5+knLNOnT+eLL79YfwFojsrCfB/5nmoJzjmMMcyeO4eVVZtuG+y8l68R13lTCdsylhrmp8ZkVr2arOdyHCPXkQ1huGsyT5brGq01pQ02y65UDsPOeFgd/9xU2eGvIeOYhb6zTfZXnslar3+tTfb1yCv4y6nea40ds15lcP2ViIiIyOataEMvQEREREREREQkH2stRUVFfOc73+GYY46htLQUjPErBU1WetTooZy+ZDLJ4sWL+fjjD3nl5ZdZWbUSR64KxMKtWlHF/z76iIqKQSQSiRZrvxoGyuHxwq/D4LXQ88SPEw+pW2Kd1lrmzpnDqurqZh9rfcsO7OPXp5Brk+/7s3G3381cm42HiA6wsT+nyKhUzduleR0L62rTv9EQBKLhWsPPYZVs9EAejthlcEE75rCve3Ce+HFjh1rbdzZaJ2GVcnh8wLr0i2nMLZIVRkffn/CYkD6H86u0TSPC8PilEBERkU2TAmARERERERER2Sg55/A8j1QqxZtvvsnMmTM55phjOPiQIfTt35/S0lZBYWHzwjU/PPWzjjWr1/DsP/7BHx96iC+/+AI/8SlA1hKSySQfffgRtTU1lJWXN2t9uWQHuJ7xEyDnXMFhUnb4Gx63uWFlKpVi/rx51NXWNus4G4P49Sm0mttgovm4sG5C9pZnMu8bk/XnUCJ8wMVC2PWrXqFsGIRa/NbNscDan09c4Cqj7QNhqBo+mJ0hG4dxBudMg0l4xl9R0eLDEDgd0mamrqaB97H/RFhY7eLfiLASOFwv+NfEGVxjq6HD5bkN9Z0WERGR5lAALCIiIiIiIiIbLedcFErOmzePe++9lz89Mp4de/bkrLPOYtiwwykpKWlSBhyFciad87QqL+O4UcdzyCGHcMYZP+GzT/7X5LVXTpvGqlWrKCsvb3qwmiN3SSVTzJkzh5mzZjJn9hwWLVrE0iWLqV65itq6Omwq1eDhwlbViaIiOnbswM477cxeg/Zi1z59KCpqxo+KgmLGuro65s9fQF0y2fRovjEtuFsiT42dq7q6mjmz5zBz5ky+njuXbxctYsXy5VRXV1NXVwe24V8KCL/PxaWldNlqK3r37s2gvQexww474HmbwDS2MAQ1YdVq8Hg8ZCxARvDq0sfKX1nvgm+7IZwxvPY5u7GO1FEIbPwq2CZfahMc1+Di5w8D4Vhua8h6nXHxh8P3v2fS1xXSlcaNyldNeg2eCcp7Y2u06c38a2BibaBbgLJgERGRTYICYBERERERERHZKIVBWnZwurp6FZ998j8uvvBn9Np5Z44deRzHHDuCrbbeulEha/a2Jv0EXbbeinPOO5efj72ENdXVfnZV4LHD7RYvWsS3ixbRuUuXnMFfvCp0zpzZzJo5g6VLl7J48WIWL17MsqXLWLmyKgp2k8k6lixZwtw5c1m9enW01oy1N0O3bbdh6LBhfO+II+i/++60Km2VceR6r9855s37mrPOPIPPK6dl5EIFjzPNsc91V1/NtVdfvdbtO3fuzM3jbmH/gw6K9s9cnr+iuro6vvzySxbM+5qlS5eweMkSFi1axPLly1m5ciWrq6upq62jrraWb779lgXz51MbVC83p1o3uh7OUVRcTO/evfjeEUdy2NBh7LTzziQSiWjVG7Io2IWtiSEdeBoXVI7iL9ECGIwz6fG9zoCxQQCalTA6h3HgjMF6joT1cCaJwwtO5dJBc3ChnEmX2BrnsPXCYv/M8YJUh8OG84odQfjrHybMRY2L7Zertbsx/pqMCz4b8FK4RPC6w0DVBWuIVe46bM7eyibYNjynMxaH51fhei7osx0I1my8tbyXHRgcNnixngHnWTzrV/e6qOLXX7MJvod++2cbzGLOd/D6vHCmsIkuduZaFASLiIhs1BQAi4iIiIiIiMgmJSpItJbp079g3C23sM2223Lk8KNatL3uQQceRP/+/Xn3P//FuQJbQcdUVVWxZMmSjCrmbMYYrLWMf2Q8f3viL1RXV5OyNmgbm46q8rUfbrGiPudYMG8+j/zpYSZMmMCIESO46OKLadeuw1r3zdUpuLkKOVah51uyeDG/ue46PnjvvyTrklhrM7rrNnb8aqHix08lk1Sx44NsAAAgAElEQVR+Vkll5TQeGT+es8ecwwknnkhpq1brcAVNZIIwMnoBsYpT/Oxy7dmfwRmHZx1F1mGNxWHwbKyM1mWdwnkkSIFzJE0iCmUzuMxzZFTDhsIA1Gtc4Jm5fC9WZUvmHOT0b4rQpBPEd8uoql778RyQ8ixlxY7dulWxtBYWLk+wuLo0fYwgj/fDYcu2rWvpUlbHzl2SFDViuS6cVRy1DaCQb7yIiIhsJDaBvjMiIiIiIiIiIvWFgapNpbBracvb2OMaY2hVVsYRRxzZ5LbIyVSKxYsW5Q9vg9mwxhhqa2pYs2YN1tqgltJv7ZorPA7X12JccD7r139WV63k8fGP8tNzzuXzyml+NWfLnW29MUGAbq2lZk0NtbV1WGujx8Nr6OUJ5lvqGoffZ+ccWMfib77h1v8bx+9uuomFCxYUPqN2XcpVvu2FHy5dEeylq5X90bi5Q0tn/AAxmYDahKGmyGKNwRlLynPBB1gPrOcHxCljqPUMtQkHJknDaWO6B7Px8INKL2x17K/TRZ+zX2CBwsri8FqE1bDRS278MY0XHDdYW3RNvcxC4tx3niFhPYptEQO39ph0YScmX1TKyIEpjLHp159wYCw4Q6tiwzlDDa9c15q7z+lAp7LC1+zC1x9+qORXRERkk6IKYBERERERERHZ9K2DHroGGDBgd0pLS6kLWgI31tKlS/MGwLnOGG9Pa8LqxvDr7JbVLf2as4739tSpXHXlldzyf//Httt13/RC4KBy0cRnyma1Fc/XZrylRccP1lO9ahWPjn+YlSur+PWvr6Bdh/br9PwNro1oaekqz7BdcBT6mVgVrMmqBs0VAvtPLrZFfJaEas+RIlZAG1b/Or+pscVQbCHhEmxV5LFHSWqteWM0Jjpap8ms0A3D36YEl9mVv/EK4DAQb3KoHLZUdumW1YRBdf56cGugrgg8ZzHGz3mLLBRhYusJg/HgPJ6j2FiKSAXLLqwqOn1dY6/bZn/fRUREZGOmAFhEREREREREJAcHtGvXjlatSllZVdWkY6ypqWncDhsgZXX5zungvXff5dZbbuGyX/2Kzl26/D97bx4gSVnf/7+equpzzj1m2RN2We4bQUTxQFQUhSQKHiAeUQxGTTQqxuSrMZ6oxAtRIdH4EwLiQbyiIJdc8SKwHMq5u1y7y14zsztnX1XP74+q5+mnanpmp2d32QE+L9Pb3dVVz/PUU9Wkpt/1fn9mVVJxu7ha5p4bRPKs4wjz6379aw7c7wDe/La3UCyV9uDAJsEKwTSF0KRwb9P9O1ERVECI4neNBv9ve411Ko8K/eZ2kY5PvIhYWIziT4Kozl+W4VsLcxRMEd8WbU9YYFXl9JisqzYV2zwJ2mnOun6TsYIVao2Yr93tpnNO2XlUqfZMnV6jX0/WpEITROBrRag0SodoL3ZOW5FW66ZYHUbgRUm8NmgVorK1mnc4Vt0U/FM7LTqwIAiCIMx2JAJaEARBEARBEARBEARhEjwVoFSQRDK3t22sSUUpB/CkvsFZqaZotA659tpr+N9bb7GR1E9HZujX3O2MjAxz2X9dyr333t2cW81TOmDblTYJx0bta8Ysx7phFIuIKnLWmUr91GhPUQ3yVIMClXxAJZej6ueo5vJUgxzVXEA1l6Oay1Hz81SCEg0vhyKaxLmrrQZtR+BpUnHVfvxa+cYZ6zV3cJL9b85DEr2unKVuHLZSaN/EixsRfEdW5VhN1bYNt73mQ/vx82SzGR8bTeREcKMV2kQ/p9rT4Hto5RF5ifMXb/qnlCauoYxpz8RLx217nsbMwKz8YgmCIAiCIAKwIAiCIAiCIAiCIAhCK9SkUswM2trNEcM7g5rkYahUKlxzzdUMDPTvieHNnOyOtEoqngVs2LCe66+9jmqlsucE9lbCo7L/NJ2rnko5VRW6abrNbKxRcR1ZU0/ZdRKbNlvW2Y37mtSZnhmijUpPta3a0iWV+Vcl7XkmQtkZpztWd5tJyVrOrcJOKmLbCMCquT+TzWk8r+m+7bruHCTjVMrI2sqmZLdFC6FaJfWVZ4OhXhAEQRCEyREBWBAEQRAEQRAEQRAEQZgUrTV33HEHa9asIYqiHW8gtIXWmj/efjubNm3e00NpjXvzgsq8n+7mjtAJNOOVzbLE/WqXT0O9tfq0K1A6YrCaZtrx5G0b0Vel+/GYxJ08zZZVIgR7NNuO4wKaq7WrXrtjc5ZpIy7T3v0PqRrA7mv3GLnrCYIgCIIw6xABWBAEQRAEQRAEQRAEQZiAMs5NYHBwkFV33UWtVtvDo3pmYObWzO/GJzfy8MMPJx/Snlr3VKAUeF78UJmU6qniqnVc21d7ykYzN8VKHT8cEbjp+m0tAjenRcfxw1nXq2/adETWtvfVbdO0k2lvehr1xIZtXHUmWtojjlxu85hbzduNgQ6wIrVS03NSt2zYHCNz3Fyh2VcpIVgQBEEQhNmHCMCCIAiCIAiCIAiCIAjCpCil0Fpz7933iAC8mxgdGeGRtWsJo+hpUFK1XZXScblO+jCC6PRE0EkjkHFee3EEsp5xQWWdFj1TLtv2hU87ZuOidpzLsel55u567YrJOGM18zoTXEe1l3m0ci0LgiAIgjCrCPb0AARBEARBEARBEARBEJ6NaK2tuJoVU8xnoPA8j+7ubnp7e+nq6qLUUaZUKpHPF8jlAjzPn7IfBQwMDHD33XczPDxMe9VRm61s2ryJaqUKPckYk08i4nqvxpWpUKB1M0a3DeK5UM0OptADtZHUdOsoWlNP162rq61ltSls5wsFurt76O7poaurk3K5g1KxSC6fJ8gFeGpq/0QURTz55AYeuP9+RsfGZmTeDcMGA/1bqdWqlErlNrd+6jDu27g+thEsJy8uq20McbKO52xiNvear5Wa+F1wafbo9OeeY56zaRgfCdW6oO4kOM5iz7H5mj6MExiSHZvqu2T6bJ7IKuuaNeJq5K6+o3bdQGcFKiJV4NfXSXvOl2cmNXuN8zlK+jTjVvEQ7QhnUltYEARBEITdjgjAgiAIgiCkuPvhJ1m3eTvbRsbZPlJh23Dz2S5z3m8ZHAVgXk+Z7o4i3R0FejqLyesiPR1F5naX6JvbyQHL+th3yVz2XzZ/D++lIAiCIAjCnseKv8Axzz2WXD4gl8vR09PD3LlzWbhwEUuXLGPp0qXk83l3QyId2fhg01YrtNaxCVApVq9ezbnn/g2PP/rIjMY7PjZOtVZNLSt3dHLKq1/DMc85llgk0tRqNX7329/y5BPrk8FNvw+lFM855lj22/8APL+1EOZpDw2UymUWLVqcbDd5mx0dHbzqVadw1FFHUywW6e3tZd68eSxatIhly5axcOFC/MC3jTTF9x1jaiKHYch/X3UVX/jC5xnavr0tPUwpRRiGDI8MEdYbqFIbG+9BlIoSLbS1Sm99t6bWrRHirbCaPEfaESvV1PcMmFPCaJ+A9jVESftGIU4ctkqplCA/3VsfrGitvOZGGgix8c1qqrsTbK+R4/xVjqhqBOXmXHieawl2FeEdTIBx5Zp5DJN20SiP5IaPqD2R1gjgSTspzVkr5/shyq8gCIIgzFZEABYEQRCEZykjY1XuevhJ7nxwPXc/tIG7V29g1YMbZtxe//Yx+rePTXv9fZfMZb+l89lv6Tz2WzafA/bu49iDltI3p2PGYxAEQRAEQXg64TpTTzvtLzjttNMya5iIW5VaF3QiFqVdrlnR0n6mAK1ZuXIlZ5zxer72lS8Tho22x9kIG0RhOqa2p6eH9773vamxDY8M8+EPfpD169e35YaNBUPNa059DWeddTZ+4KNbSHYq42G2ruNJ6Ont5Zxzzkk2jkWz9HyaWrZpB3a8uppUENY6Pg5aa4Ig4NTXvIbbb/8j//PznxOF4TT3Om5Ho4miqOX+Pp0xacfWNZv9ENKuYLt8By5YnfnUOFWNm9aLVzBO1enPqmoKnUa0dh2uST1c02bb8qenmvHPxlmLShy6M261KQRr4vq8kW5Ovpd21E+7ScdkbPuAZgS0IAiCIAizGhGABUEQBOFZwObBEe54YD2rHlzP3Q9vYNVDG1izrn+Pjmnt+gHWrh/g2j+kl69cOo8TjljOCUcu54QjlnPw8gV7ZoCCIAiCIAi7mYmi4uSqymSO1KmcqhM+05q9ly0jX8gzPjZ9Adi2o0kJlBME53hhvLyt2N1Ub6BU4sBUE4TddiSy1PgyY52uw3eqdc1yIxJ3dHSyz957E+Ry1NoQgFVcABb9zNJ+m8coOR30hA8TcTVSaQF3QgOTY84TUK1F4BkKlVaDJmlPJ6KqTiKgzaONWxy0Wd04gP1knI4zWs9I/NVpQVknfRAbmG3keZvNaltT2KjoTbG66SwWBEEQBGG2IgKwIAiCIDwDGR2v8Zs71nDD7Q9z3R8f5v5HN09728NXLuToAxaxz15dLJnfxbzuEh2lHOVCQKkQUAh8coGHn/yY4DmuiEgrwkjTCCMq9ZB6I2K0UmdkvM7mwVEeXjfIPWs28bs/r2N0vNay/zXr+lmzrp9Lf3UHAL1dJV5w+D684IhYEH7x0St2wQwJgiAIgiA888kaKjWgPG/Xm/fcjjQo7aGYum7ujprbkdCraWEqza7sNKCnWG2XocDbHfP7NMXKo+YfU6w5Mq5aE4Ps1qzVaKXQtrBzmmyUs4JEpNTpOrrGDZsVnqfLBF1XN8VQ5Sxr42inHLXZur9GEDf1h2diBLbCN/EcJ07dNstwY0YywQFs4qpVpgawIAiCIAizEhGABUEQBOEZwlilzhXXruLya+7kllU7rus2v6fESc9ZwfMPW8rB+8xn0bwOOos5Go16HEPnRN2Z180IPN2MFCSufRb/2KUJPAg8RSHw0dpjXmeA53XAPr289MjFwKEA+EFAraEZHm+waWCU1RsG+dltD3LLqkdT49w2PM6vfvsAv/rtA3bZW055Dme98mhOft4Bu2byBEEQBEEQ9jTTNCta0WUmRsHEWbu7hBvliFbGlLhTJAOdsKsq/XLa+6NIXJJpZ7HGuDlnTuzifaYFOO8MGS+rciRb61Z1P8eKtnEc99Rtu1HNth8vPrJaJw5bJ3paq+l/v7QZDyQqqDMYK2a7K03RmtuY2ceUUNvsRnkz+FIbUoKyimOgd0YAJ3FXu/HcpiFHCN/Jr40gCIIgCLsREYAFQRAE4WnO7//0ON/5+R+58rq7GKvUJ11vv6VzeeNJh/CCQ5eyrK+DfNCMrDPP9XotVefM1DUzuMuVUkRR85cbtzadUoowDCds664XhSE+mt6SYs7SLg5c0smrj11KEOTYvL3CHQ9t4oc3/pnb7nl8wr5cdvWdXHb1nSzu6+Ytr3oO7/iL49hv6bydmEVBEARBEIQ9i6kA6l5TRWHIwMAg/f1bGR8fJwyzqln7vaxdvWZCHd+dZkKSdRQ/dqI56xxlCgFrR+JWIoZpHaUaMnNdq9Xo7+9ncHCQSqWCjlxLZjtoVNLqhvXrUtfIz2Y8NPt6ijP9iCdVjdt0wKP4TWHRiJ9AwYt4vhdxgB9ylJ+YVydRbXWiOsZOc4X27QeJeKzse1BxOzo+QpO5YSOabWoFkUcc0ayTQsImXtn+eaOSGx5SXmRnjPH6ntZovNjZjIpjld0awImYGtEqIjuDOd/NPyqK3dI+TRe0japO2k0c1WgvXn+SplviJTcAGzd1Mg86idtObhVup0VBEARBEJ5CRAAWBEEQhKchQ6MVvverO/j3n/yB+x7Z1HKd+T0l3vqqI3n5MctZvrCbwIudum4NM8/zCMOw6eCdRPTVWuP7vn3visBuO2a7KIrs+mYbSIvNLm5bURQyrzPgFUcv5uTnLMEPcmzaNs4f79vAj266n9/96Qm73YYtQ3zhspv4wmU38dxDlvGO057Lm15xJN0dxZlNrCAIgiAIwh7CTV7ZvGkTV1x+BVdddRUbN25MXSvNFPcazn9W2fa0I6rH17X3/fk+Lrv0Mm644QYGBwcnbDGTudZETeF6p8f8zMBDcwQhh+RgQCs+GIU8asRIsCq/jjTlSPPWIOL0nIevQ5T2SSTTFi2no4hTkczm2CUWdGVdwNM/5+3NB25dXVPXOtL2IGulHBF0mm0rkshrrxnVTFJT11Mo1b6gGreZDCqiGdVsBOaZnpB2bk0sdfOOjPRXRERgQRAEQZiNiAAsCIIgCE8j1m3ezteuvJWLf/L7lm7fveZ2cN6ZL+ClRy2jqxQ4Uc4arSf+mGXcCZ7nWeHXiMTZ92EYpgRc9zOzLIoiu50Rfc1nWuvU+mYdEy09mZs4bNSZ3xlwynOXccpzl6H8HLc/sJHPX/5b/vxIs7bx7fc9we33PcF5X/8l7/rL4/jgmS9mcV/3rph2QRAEQRCE3YrWmjBscNddq/ivyy7j5ptuYnRoGEhSY1XsYt0ZEVgncbTKtvrMxxW9a7Uq1193LVdeeSV33bmKyvg4kOhjE+a1PYFc62bc8c4K9c8cFEr7hBCLmkaXTWLIrTipdVKnVqM9FbtVAaVDJrPBxuWBdXZxjJfEPzs1gGcy9nSt3kx73sxila1YrEgc8hPHOZN2bWEecw9vIiqTiMozKgJsxHWPpOBvMm5PW6OxdlcWBEEQBGHWIQKwIAiCIDwNuHfNRr5w6W/44Q33TIj+6yzn+cDrj+fU569kTkfQjAxMBNVsHd9WNN230aSRz8YhHEWRXc+IwO6z6d99nXUAu+MzInW2T7O9KxJD/GPQsfvP46pP/gWVhuLqP6zli1f8lsHh+Ee8kbEqX/n+rVz4w//ljS8/ko+85UQOX7mw7TkXBEEQBEHY3bjXbT+48kr+7d8uYHhoCM/xkSpHONsZnq3CpNaawcEBPn/+5/jFL35Bo1pLXVvuCpQIYC3RWuGj0apBQ3k0vCCOY4a0ZujF+iIkUcwatIpdwBPExUwRbGWKTSsS4VMlIjDxs3XrNs2s0zpcrrPYtJdartpozNnWU4k72XHpJk0pI7o6+7fjBknqCut4Ek0dYdv2DOtbG/HXOKjNfCbt2nrFZhoEQRAEQZh1iAAsCIIgCLOY/7ntfr7y/Vu56c41Ez476xWH8TenPYcl80rWXesKuFlB1hVys8JsVtB113fFWEg7d93tXRevGxdtcAVdExndSlzOitFZITsMQ3zfR2tNMdC87oX7cvqLVrJhYJxLfr6K71//p2S9iCt+vYorfr2Kk47dj/e/8YWc+sKDd8lxEQRBEARB2FWMjY1xySWX8L3//C7joyOJnpJca7F7tBVvx6s8YxgcHOCzn/kMv/jFz9Fh2HKdnZ3nbAqx6MEx2ouIgCDyySkvPu+8ZIKyZZK1wtMhgY6jo/WUP1ka1THxASvVFFdNu46zdqZuXSvImljlKBGb4wLF024ro1mbXOr0OBOxdSanTqxHO99qMw9WwDWjaFOtdR3AKUG82bac7oIgCIIwexEBWBAEQRBmGfVGyOW/XsWXr7iFP69N1/cNfI+Pv/1FnP6i/Qm8WFRtNBpWQDW4Qq8RUY1o60Y8AykHRJj5Ucx1D5vnrJM46zA267jiLzRF4lZ1gF3h2hWelVJW7DVk46XN9ovmFPnXtz2f/3f28/nxzQ/ymUtvo5G4pW/8v9Xc+H+rOXzlQj705pdw5slHEfjPpp8+BUEQBEGYNej4n1i+ivjVr/6HS7/7n4yPjoBSKTdpSlgUpo25VhwdGebLX/wi1/zylxBG8dy2mNCdnmc5SC2J51URJpfdnlJoU+PWCKsmXthXiYgZAX4SOTxRXowdslEiSsZVgq3QaZR8+1qBF3+nYufxVOKnaoqZWsdDc8VZnexRpO36aNU0A7fYd1Ap47Am3jWiRKCNnCEphfaSNiOIPD19Z7lKXMVkReCo6VZWEVq1VxDYw5kDY1E247bC+gxVa0EQBEEQdjsiAAuCIAjCLOLnt97HB7/6Cx7ZMJBa3tNZ4PxzX8ZJRy1NfppoYoTTrKsXYmHU9/2UMGuE1ewySLuETVutRF/3vduvcQu7uIKuu/5ky824Xfdvti0XWys4cQYHnuaNJ+7Pm046iBvvWsc/XXID20eqQByl/fZP/YBPfec6Lvrwa3nl8Qe0PA6CIAiCIAi7DUeH+tO9f+Kb3/wmY6Oje3RIzyTca8Vrr72OX/7yl9RqtWdtBPaex9peY03WCookFtvsWir1fgJaNevnYsy0jghpNOQpG5mKWFTWzYLZ6V2Ji0ZPv6zuhDYSsda6lmnGNc9USc3ewWDm1+q9amZOXbu9dg9QXFvYzrl4gAVBEARhtiICsCAIgiDMAtauH+Dcz1/Fjf+3OrV8n0W9XPC3L+fIFXPROgIdgVKEYWgjm7OCqovv+xMinbPrZGvtuvHM5oeybD9ASpx1BeWsu9gVkbMx02577rZZh3Gr+sVuFLUrGDcjqyNedtQS/vitt7FqbT8f+dYNPL5xm53vV//Ddzj1hQfztQ/+JcsXzZn2sRIEQRAEQdgZdKKlVKtV/uuyS1m/bl3Lax1hZqhEYR8ZHuGnP/kJoyKu7zmMuOtGHxvh0NSUTayk2kttMimKZr1gs74yQqrRhX1ip67WSd/TC/lWyRi1iX627lma8c9Ozd62MeP0nO96prawVho9k/8WmIhqlQxOEzuN3bZmotWafc4+u02LBiwIgiAIsxIRgAVBEARhDzJWqfPZ797Al664hXqjGb+8bEEXX/m7V3LEirmJmNqsv2tcvQCNRiNVo9d1+LpkxVv3tSvGtoqFdl3BZl23H3dZVlx2+zLrmrG7QnG2FnGrz8xr3/cJw9CKvUYMd9fJ1hU+asUcfv2F0/nTY9v4u6/+mo0DI0BcY/naPzzER84+kX9620kUC3JpJAiCIAjC7kcDTzz+OHf+3x1xNLGIv7sWDbfccgsPP/gggMzvHsLMukk6jvVfncQ4EwuUXiJWJss1ERpvSj0xq7/a9syfBFHSmZckTLc16iRWOtk+FStt+jBC7kxQNB3Apg0bsaxTq7XXro5FYJ08R4lT2gjZifG4rbmw+2rE5fTy3VGfXBAEQRCEXYcUvxMEQRCEPcQPb7iHg95wAZ+/9DdW/M0FHt/80Clc/6U3cfjyOYRhmBJbXZesEV7diOdWwm82kjn7uamz6wqvrZy7jUbD9unWHM4KzqbesFvTt5WT2Hzmvs66h80YTbuu4DvZ+m4MtVvTWCnF4cvncPOFZ3HRB15JLojXqdVDPvPdGzj4TRfwk5v+NOUxEwRBEARB2FliLUZx75/+xKaNm6ZrThSmQ6JRjY+Pc+stt7B9+/Y9PSJhwsltxFXVFBhV4q51S9SqNr4UNpo5+1pZ0/F0R2pK/cbDNHHNNJ3Lyl27DZzSwXbf7cMRnGeCR+x6dh3WnjOn7Y82HqoVjzPHx8RAz3C4giAIgiA8NYgALAiCIAhPMQ88upkXnftNzvzY5azf0vxR6u2nHMnd/3kOJx25BGCCi7VVdLNx5bouWNeVa4Rbs9x16WaFZTdO2RVVa7Ua9XrdCrBmW7Oe6d/to5XonHX0ugJzdjzuGLL75X6enSODGafv+6l58zwPtOblz1nG3d85hzecdIj97PGN2zjjny7j5e/7dx58bMuOD6QgCIIgCM8CNFEUool2vGrLrUlEqHSBToVm1R130KjXZz6yKdJXdrTdM5kIzcBAP2tWP0yjMd35NUVYo9Q1avZ6dcoWdPMhxOjUqxZ3Olg3rLbJxUZvZcrvXPz3gYlTd12usbiaPMyyVLetDpDrvG0WJdZG+LQCaCzSKk+Biu3B079/w9k5+1CkBFbVtBpPPcoM1pmr44crhBshOBlrO2jXrWz68YwwHCVR1TPNwxYEQRAEYXcjOYeCIAiC8BTy5e/fyj9941c0wuYPGoetWMAl553C/K488Y+M2kYhu45ZV4CFpmAKzVq/rvAahiG+76dE0FauWddRG4ahfeRyORqNBkNDQ/T09Ngfv3K5HFEUkcvlqNVqNtLZxDPX63XbpztGV9zNxjxn6xRnHc2u49idB9cNbcRupRSNRsOOwRWlzbq+76PDkE//9Qm897XH8Ldfuob7Ho1F39/csYYjz/4KF/z9a/i715+wqw69IAiCIAhPU0ZGh6lVKzO2uxULxdR7haJeq7FmzVoiHZmF08ZcP5U7yixevJh5c+elrnsm3S6pC9o/MMDaNWtSSSnPGBItamBwgC1bt8y4trLyFD3dPSxevJienp5ptKFi4Vcp1q97gvXr16VuTnx2kgieWjWNqCbq2NpHdTNmWemm+DoNjH5KEitta9OavGaPOLY41WYrsTJeRzlqsUrGk4o8zhxOZfZjGuPUOFHUrosWmiKwBqUix4I8dZtmFWVcv56KO4nM2JPXieNaJfb46X4bzJhtrLRZGJnlSSFgnURNix9YEARBEGYdIgALgiAIwlPA4NA4Z378cq7748N2WUcpxyUfPpXnHjA/5YI1QqURS10x2JAVgo2Ia8RRE4PsOnbdGr6e51mhF5pRyY1Gg0KhwPj4OMPDwzQaDTzPY3h4mKGhIcrlMnPmzKFer+N5Hr7vU61WU3WIzWfZurxZcdddbtZ199u8z4rI2TZcB7MZQ7Y997VZ34jmC3uL/PQzr+X392/iXRf8kmqtQb0R8oEv/5xrf/8Q//XJM+npTP9wKwiCIAjCswQFDzzwAOPjlRk30d3TA7jXJZrR0VGGh4dn5hZVsGTp3vzLJz7BCS88gXw+H7fr1ilthY5Foat/9Ss++pGPMD42NoPOnx6MjIww1s7+GdEtif194YtezAc/9CEOPPAgcrnkp7OpRGBHZ/zGRRdyycUXUzHnjOhiU+O4S3WqRu30Ji7W3ZN1PeLat4bECZz+mu24XW3W82gOyDG77lRqu+tUjnAEcOcxo3aTEXlJJ0afNkL7DMapTFS10XfNOD2m/j4IgiAIgjArkAhoQRAEQdjN/P5Pj3PYWV9Kib9vfNmh3Pkf7+C4A/tSwqQrThpR09T4zdbLdV+7Nat5vD8AACAASURBVHHNMlckhVjkNeJqpVIhDMNUlLIRTtetW0elUmHdunWMj4/z+OOPc8MNN/DEE08wMDDAli1beOKJJ6jVagwPDxMEAcVikXw+Tz2JMXSF2mw0c6t6xu7YzZhMbWKz/9m6v9lo52y936yY7rYNaVE6iiKOO7CPu77zDk5/ycG2nV/99gGOePOXueOBdTtxBgiCIAiC8HTDXC9UqzWuueYaGo3GjKKTPc9j/rx5mfIYcVpJvVab0dhyuTznvvvdvPBFLyKfL6BUovIoV0Fq8VDe0yqieKYR1wC1es1e+06P5jx1dXVx9tlv4dBDDyfI5eKoX+Ux9dyqJC6XJBZXmBa2Zq1K/72jFXZCJ8GGSivQbn1aG4PsPqZsakLDyq33a+v0Jm0lEe5GAJ120/bmVXM6OeP0dFzD18RWmx2cxli1ycH2VDP+OVuvd4Zoty2fdF3hnRWsBUEQBEHY7YgDWBAEQRB2E1prvnDZTfzLv19L6EQ+f/ef/4IXHLwX6Ch1x3pWqDTipSukGtdqKyet22+2vayAnM/n0VrbiGelFPl8nkcffZRKpUJPTw+PPPIIq1atYs2aNeTzeRYsWMAhhxzC2NgYHR0d/OxnP2P+/PksWLCA4447jo6ODhqNBj09PVSrVfL5PGEY0mg0yOVyNiraiLWtxu86gt1YajMn7n5ktzU/rGafs25hM4embVcsVmg++84TOOX4lZzzhf8BYN3m7bzgnG/wufecwofOevGMzwdBEARBEJ5+/OEPf+COO+4g0tGMdI6uzk7mzp2XFiJVfF0T6WhGamy5XGblypUEwTP7J52d0ZX0hOjfaW4H9M6dx6LFi9uyTNjeVPO90AYmvbjN74NdW6mJJ8wEgXJHFnlnuyj5Gy3rAIZYaIWmuKzbOFOVEa11awdwZhhtYeoHu3HVxqlrCiy322Qyrdps76kkVrs5QNF/BUEQBGH28sz+a0EQBEEQ9hBbt43yxv93OTfducYu23fxHH70qddRzsXvsyKuu8y8dpdncbd3a+mmHSakPqvVahSLcZxxpVJhw4YNAKxdu5ZrrrmGNWvWEEURmzdvTgmovu+zevVq7rjjDpYvX86GDRuo1WqMjY3heR65XI4VK1Zw4okncswxx9DZ2cmcOXMAbIy0iaB2awZnaxwDKeG71T67Yq55zs5FVvSdrL9srWHz+oRD9uKOb7+T0z92FY9u3EYjjPjI13/JdX94iO9/+s3M6S5NGJsgCIIgCE896esF7fw77RZoZpuCzaEFhrZv5+JvXczoyOj0G82sN3fuXBYs6JtwM56erhjVAqUUXnI9leq6xbWPu81M3bQzIlFEp12DNyWyxeVNtF04nbnK7ivNoqttTrPv+Shvovrbav6ywv5TgtbOdClTPjcWFafpPtYalDZ1bzXam/n5uMuwYq22x17p1vvkfn+sUdgIqa74qWlhJE4W2mXKLM2MR6fF49SxjrdXxqlsXLjZftCxPTmZa4Ux6qtmRHOU/PcncfHO6Fuqkn+cOG2Ll26xrSOtQJsawJFqOo0jZz6y0ykIgiAIwqxBBGBBEARB2MU89PgWXva+f2fDliG77J2vOZqPvvl5RJmYYpeskOm6gI0Ya2r9QiyUGnHVtGWcIPV6PRW/PDo6SrlcplAo8Nhjj3HppZeyefNmarUaW7ZsYePGjeTzeSvQBkFAFEW2TnAQBGityeVyrFu3jpUrV7J+/fr4xzkd17G79957uf/++wmCgEKhwLJly3jrW9/KIYccQrVapaOjA4BcLmd/BDXjC8OQXC6Xiot2Y6mzy10hN0t2Ds2+mM+yInlWcDbPnQWPa774ej7zX3/gv669B4Dr/vgwz3nbV7nmq+dw4D59OzoVBEEQBEF4ilBEzFA6QesoiVGOBZsoirjlppv55je+wb333JOU1GxD3tCxxKJRHHjgwXR0dLQQQZVdr13JujI+zvp16zjqqKNauoAnu4nOPG/bvj11bbWr2RmhOdH/ePSRR6jXa8n+tZHdi9Hi2pSjnNW3bR+kv78/yRXWyaGafJ/sZzqiUhlnaGg7ejfOLzS1uFhY9Ii8+Izb8amk0SpCewqlFSEevtaJGGxDlQGc90+NtKdjqym+1qCiRCSdZIdULKiaNGJtoondewY08UR5qqmBqtZzpOx/PZr7HCmdFpUTZ23chCZSiVCduGOz//0x6/iRByoiUhAqj8jXcXs+aQcwtB8frpJz3cRIuzdSJP9p0V4Enk4MwtM/nk2x2myXLI0USmki8+eUEb8FQRAEQZh1iAAsCIIgCLuQ2+5+lNM+9F2GRisABIHHjz55Ogct7Z4g/hoxt5WLN942aBnnbN5no5EbjQb1ej1VK7dWq9FoNAiCgMcee4z/+I//4LbbbqNSqVgRNJ/PEwRBahszxmKxaB2+pVIJz/MolUoMDg6y//7789BDDzE0NEQul2N8fJxKpWLjpPv7+7nrrrtYvHgx+++/P+9617tYsWKFFXvd/XIF2WzNYLN/7rLJXNOmLVc8zrqDjaCc/SHW/dy8B/jY2cdx6gv2582f/glhGPH4xm0c/86L+NVX3sHzD9+nndNDEARBEITdyJPrN/DQ/Q+gvPbUCKUU4+MV+vv7ueeee7jm6qtZuyZOcYmvI2YyGo0fBBx2xBEUkvQV56NEXFGTClJTUalU+d53v8thhx7Kvvvu27yOctoJw5BarRYntoyO8tDDD3Prrbdw3XXXsWHDk6DD3arZWBlthvVwf/ObG3npSS/l+OOfTyFf3OExsLvurqdiEa5dMXjbtm38zy9+wUEHHsTcOXNiN3DmGDUaDarVKtVqlaGhIe69915uuvk33HbbrQxs7d/Neli8R7FwG9HwQuoENJSXOHmn3tbTHkorPKXxdISHxgNCAlDNv1eMDLynmLJn3TR4T4h6Nu7aNmv/TrgVwwqfKhXXrFUIKkrK9/poL775RGcywzUKlcx1w4+S771x0WpXxW/GKc9wupWtpUw8TtOOnaDmTrVzO4X2QKnEj+0lfvFEDFZ+SmcWBEEQBGEWIgKwIAiCIOwi/vumP3Hmxy6nkdT7PWLlXlz+8b8kUGHLurW+76dE31wuN0EIzkYUt1puRFutNYVCAYh/9BsbG2NsbIyHHnqIm2++mZ/85Cf4vk+9XqdUKlGv163b19TlNT8WmrGZ2r1BENDb20ulUqG3t5coiujr6+PJJ58kiiK2b99Oo9Gw9YlN257nsWXLFtavX8+NN97ISSedxMc+9jHGx8fp7e21++v7fkoQd/fRFYcni382uM7fVg5r04aZN7d+cDZe2q3HfOSKXlZ9+5288ZM/5f5HtzA0WuGk917CpZ94E69/2RE7d+IIgiAIgjBj3Ju8Lrjgi1xwwRdn3Eb8hpSLME5WbUOVMa47oKOzk8MPP9yWv2gSi8Px8pnIJ5p77r2b97z3bzn++OOZN29efL2kFdVqje3btzM4OMjAwABbt25hy6aNjIyMNK8ppxvLvBN4yiMIJsZUT0pmOE+u38BHP/KPHHnkUey1cNE06h1rUJojjzyKU179GvzAn5GapoAoDPnZT3/C6ocf5qijjqanpyfuQWsqlQoDgwNs2zbAwMAAW7ZsYdOmTVQrVWLJD6N870btNHbsRsTXq+P4/JKIq7Wionb8M59S0BGGnO4pTiZxc2rwCdGJeqi1wjNu19nu7lSq6VSFZuRxErHc9DTPoE1PTXQARx6eCtFKE3mN2LGsvUQYTSmvKBqEfnwjQhAGBJEZq0rX6p0hzf9uOW5lj6YQ7DnvzbDaEMSVciK0I52cC56dYxF+BUEQBGF2IwKwIAiCIOwCPvv/3ci/XPJr+/7VLziAL//tS+K7wXVTeHQFR2jW7DVuXyNcZh2rrnDsPlyhtlKpMDg4SLFY5Ne//jVXX301jz/+OIODgzbG2bh5jaPXtGlcv77vk8vl6O7uJp/PU6/XCYKAUqlEtVpFa83IyAidnZ00Gg0OOuggVq1aZbcrFotUq1WiKLIP4zbWWnPdddfx0EMP8ZKXvIQ3vOENLF26dELctTs/5jMgNS+txFt3WRAEVlDOCujGfW1wt3Vjqc1r4xguBPCzz7yO93/jRq7+3cPU6iFv+tjlPPrkIOed/ZJddi4JgiAIgtAeu0LMbFnLdYbNGsFs5X77ccCBB7SMfy4UCpTK5ckjbneA0rD24dWsfXh1c1mLG+NS2zg30O1OlFL4gU9nR+eMtwfo37qVG2+4fsp9MsQin+b0M97Aq055NaVymVw+P7P+gXq1yl133sHdq+7cce1fSLyfxsY5o27bGGASVU7sLq0rn3uUz899xViL2sWt6FVwhI54CRG5CFCKOuDpAK08VCIGa2snnV0qsLltwoq72ZhiN7rZ+T63FWjtivhGrFWg/fjhKZ8In4YXi7uaMO5UGZdtPIMekA89qiqg4keJKJs4gJ34Z2XE2zaZ4II2onLy3ojj7TZvvlN2IzcOWgOe11SJBUEQBEGYlYgALAiCIAg7QRhGvPOzP+Kyq++0y9588uF84q3PjwXQTAyx+8OcK+C6YmPWwZqNMAZSTlnzGB8fp1qtct555/HnP//ZCrv5fJ58Po/v+xMETohr8rrtFQqFlPhcr9fp6OggiiLrHp47dy6e5/H444/bMRaLRVtDuNFo2Jjq7L4/9thjXH755Xz/+9/nYx/7GCeeeCJdXV12/ib78bKV69d17GYjtOPjE6bE5KxzOhuxnXUc+75vj0sYhigV8bX3vpTucp4f3PBnAD76jV/x6JMDfP1Df4XXZuSkIAiCIAizi1ZuwRloMvhBwBmvfz29vb0te+kol1nQ14fne0ThrqkXuzO1d3c1vu/Tt6CPIJejUa+334B1YbdbXzS+hu3u7qa3t4ctmzftlHQ57Tl1V9vNl4Om2qynQRHi6QhUPvYfT0eM05o6irvDiKuikEDHAdAKqCtFFMHtSlHxc7t3R3aWRM018cRWpHVVXq+58o6OpJ7wIvkbw7zxmp9XQo//HtI8WIvwIk2DMHYCA1on3+dkLEorlI6oeVU2jnmMRPl4gO6hMmPemXPH0ymnshWXd6JN5SmbqI2JrAfrLI6NwTONyRcEQRAEYXcjArAgCIIgzJCxSp3TPvRdbrpzjV32D288nneferiNQnajhA2ukGkE02y9WuNSNZ9lBVE3nrherzM2Nsa3vvUtrr/+ekZGRgiCgEajQT6fT7lyu7q6GB4eRilFtVpFKcXo6Kh1BhtKpZKtHZzP562DuLOzk2KxiNaacrnMnDlz7D6Mj4/T398PQLlctvWHTbS0iYQ2tYoLhQKf/vSn+e53v8t73/teXvGKV6C1tv264m0rsbbVfJp5nCwiOhshDUxwHht3cLZP17X9qbe/gEXzOvnqD/8AwMX//XsefXKQq85/K8WCXF4JgiAIwtOVndFgtNZ22+cedxyvOPnlk0YXK6U4+NBDuOnmGyGMmqLTNDrf3Q7enSW+yTFg+b77USyVGa5ttyKSu5tT7oV1bU6vZmly5YdC4aGYP3cuSxYtZs1DD7c9/hnN71N8SFSiRmrlJ4nTptbxdE4gGA18fuAproqiCZ8BhMqjrrxZ6+40rtfmHutmrHJmBTMvShuBvIUUrF2tVMV1fj2N9iLATwvLoaLqKX49qrh2ONlWK7xIoyOVuPpVEhed/HdBQ6SB0EMrD/zEAaxJPtA2atnuwo5SxN2/NZWORXA3+lnHY9HTPC0moJK/hxTNgSllndDKS+ZczbQDQRAEQRB2NzO5kVUQBEEQnvVsHhzhhX/zjZT4+/l3v5xzX3NYSoTMCpDABFHRuGTDMEw5erPRz41Gwy6r1+tUKhXGxsa48MILOeWUU/jpT3/K+Pg4uVzOipjGwWrcv8PDwwC2Xm+9XieXy1EoFCgUCuTzeUqlErlcjnK5TLVaZWxsjJGREcIwZHx8nDAMKRQKdHR0cNhhhxFFEcViEcBuawTjQqFgRWMzJ+a5VqsxNjbGI488wkc/+lH+7d/+jYGBAStem/VauX3NsxHRW81xK3ewK5y7x8e4hrOifasazIZ3n3o4n3nXS+37a373ICf8zTfYMjg63dNIEARBEIRnIB2dHbzznHfS3d0zyRqxq/DYY46ho6PrGaedmOu9o48+moULF1oN8amSiTTQ09PLUUcdbUuePNNozuVMZjUW7Rq+TyWXSz+C+FH3/VhQnK1khqZMXHPqodPvZ9K0p9LtgLFeoz2fKHlozyP0fSLfI/J9IuUT+T5h8nno+WgvQPtesyavcdMaEdXLdL5D87kjZrs6rNu+N/Fm5LZQoLJ1hO3r2ZM4IAiCIAhCa0QAFgRBEIQ22TQwwkvefTF3P/ykXfbtfzyNv3z+Pva9G+EMEx2n7vKsQOn7vm3DXbdWq1GpVNBaU61WGRgY4D3veQ8/+MEP8H2fcrlMqVTC932CILDRzmNjY4yOxqKkWeZ5Hj09PXR1dZHP52k0GuRyORsBncvlrJjseR6lUol8Ps+CBQvo6+tjzpw5VqDt6uqiUqkwOjpqXcflcpmOjg7bfmdnJ/PmzaNcLlMsFsnlcgRBYGsfj4+Pc+mll/KmN72J22+/3YrI2Tq+WTHYzJMRgVt97s656xI2xyg7zxNquk3ymVKKM160kq+9/1V22V0PbeDF7/4WmwZGEARBEATh2YF7DRLkcrzpTWdy/PEn2BvwJqxPLCAdcOCBrNxvZWIubDfqeOfHursio00f++yzD887/nhy+bxd5upTuw0FfuDzileezMLFi+yYdjfZ1JnZFMn9jMONaTb/TBBAAaUx/2tbBDZuYYUVfa0L1vSR6st57yV+d+OSNUKy54rSykYpTxCFm6OYehqc1bUreps2k/E396cNFGilYwHY7l9mHkQEFgRBEIRZjQjAgiAIgtAGg0PjvPjcb/LQ41vssp+d/0ZeeOhe9gc+VzAEUg7TbC1fNyraFSbN89jYGNVqlTAMKRaL5PN5arUaw8PDfPGLX+SRRx7B93183ycMQ2q1WsrxG4YhuVyOrq4u66ytVCpUq1WGh4dt/+Vy2UZBj4+PMz4+bsVoI8Y2Gg1GRkYYHh7mscceY+vWrQwNDVGtVunr62P+/PnMnTuXYrFIoVCgWq1SqVRS27lx0MVikY6ODvL5PIVCAc/z2Lx5M+9617v45Cc/ydjY2ISaxW68s1luoqXd+TXCultH2QjJRmB3I7jdH2db/VjXKgraHMdXHrOUH37qDLvuQ49v4aXvuZjBofH2TzBBEARBEJ5WZG/ie/0b38D7/u7vKRQLk25jrjvmzJ3LqaeeSqlUfErGGmXjfnczvu/zV3/1VyxevPgp7RdiWWrlfvvxohe9+Knpr0XJkexrYReTTG2EK0pmBFBPz/CXzyR63Lapm22lRFymEIF39Llpx7h4E2cx7cmqJnE6te9OX0qBNrWM29CATd1f7c7nBGe1qf8r57kgCIIgzEZEABYEQRCENnj3F65i9bp++/5Hnz6DA5d02fcmctkVCY1w6Qq/rerUGkEy++wKymEYMjg4yK233srvfvc7K9SGYUi1WrXRySbe2RWVjdhravoagbRUKtHT04Pv++TzeSvIBkFgRWdTI3jOnDkUi0WWLFlCX18fW7du5aCDDqJQKFAqlejo6KC3t5cgCOju7raO366uLgqFQsvYa7cfU/P4Rz/6Ee95z3uo1WqTirOtflBzReLs/Boh3hXdTTsmMjvbVvZ1NnLa9HX4Pj38+DOvt+s/+NgW3vPF/576ZBIEQRAE4RlDsVjk9NPP4IMfPI+Ozi7nk8kVF8/zOP2M03nBCSfgBf5uFwvN9Ux3dzf77bcfuVxut/d58MEH8Vevey3lcjnuv111qw3clF6duIBf+9rXsv/++z+ldZPnz5/PwoULd2sfLW5X3MnWpr996zUnaUPH/0y7B+cwTbW+ezTj635ai62JS3U6fdtzxyzwkvxjE9HcSmTdochrtkmLpvZzX2fEVaefKdBJjHxq8F7GmWxqAqvmvrX9/Wsldifu39lei1wQBEEQBBGABUEQBGHa/PM3r+bHN95r31/4/ldxxPI5qRhnI6y6rlVIO0izkXBu7LO7red5trau1ppcLsfo6Cg333wzF198sRVlfd+n0WjY9sIwtLV9jTvY8zwrpuZyOebNm0c+n7e1eIeGhoC4NnC9XieKIrq7u5k7dy577703Rx55JCtWrGDevHkccMAB7L333pRKJfbee29yuRwrVqygr6+Pjo4O9t13XxYtWsTy5ctZsWIFe+21F93d3RSLRbq7u208talrbGoZG7HbxE7fd999nHHGGfz+97+362cdvm4t36y72hV8jbDsisNuneVsbWBXdM8er1bHUinFYXv38PUPNOOgf3jDPXzs4mtmfsIJgiAIgjCrSF3HaW2FlAUL9+ITn/okH//XT9Dd25PRfCdXW5SCUqnMhz58HgcdfCgob+J1BxC1eLRsNSPu2HaSJz8IeMlLT+Sib36Dz57/OXrnzIl9jm1ph+0Jjbl8gbPf8jZee8YZ5Ap5NBF68j2YOe6+27RfxUEHH8JHPvpRlixbRjhFLHM78+yeB/F2Gq2gs7OLM998Npd8+zu85W1vp1AoGR/p9MY/TZSOd1Ylg06uYlEt92CSvdIaogh0FLfXzsMOVyctemBiltMjbZaK1XGccKQ8M4mZR7xOBGidQ+nJ5835KyrRVXUSfzzxoRQo7YECLyKdmTyh1WSvkkHrlOvXadfToCLw4khz/HBi3/GBStaL7PpNMVg3Y6KTceLF++JHGgjRKppE6E/2F1BKE3oKZdtVmf412tNoL54v7dYNngZmXBPnNmnb7q6IwYIgCIIwGwn29AAEQRAE4enAd35+O1+47Cb7/iNnncArj10GNH9cc12+rgPYpZV4OVm9MPN5oVCgXq+zZs0azj//fO666y4b52wijX3fp1qtWudvEAR4nkelUkEpZZcZFy5AEAR0dHRQrVbRWtvavMbd22g06OnpYcGCBYyMxDVtG40GHR0dVrSeM2cOw8PDlMtlenp62HvvvRkYGGDRokX4vs/o6CgdHR3MnTuXer3OwMAA3d3djIyMUK1WAahUKja62sxdoVCgVqvx5JNP8oEPfICvfvWrHH/88TY+2jiHjYhrHMWT1Vd25911A5v13PhG9xhkXcTuMtO/e5xf8Zyl/OObX8gXLr8NgPO/9xv237uPt736mPZPOkEQBEEQZi1ekGPxosWc9LKX8e6//Vvmzp/XlivOXW///Q/gc+efz79+4l+49+67CZNrPJUIaO0a7ezNbUoRAr09vRx88MG885xzePGJL8HzPYa2b2N+33y2bto8dQcz0Gmz6S3d3d38wz98EN/3uOrHP2Z0ZLj9Rqffe/J/8Rg8P+AlLz2J88bHOf/8z7FxwwZ0pCccJ1e3m35X8fFesGABxx//fN7+9r/mkEMPQ/kemzZvpru7m61bKrtkr1wiZZ41dQ9CFFp76Gbh1yloCq4KnQitxk86Pbna19oKqoGOCPGTvjN/9wAaj8jT8Ro63jbQipCJceS+jsjpCIUiUhGQ3CCbbVMpPA2RitBoQhULoR5hvLaKEhVX4+u4FWWcyEYQzqKaptvIdGTET3N3gBlIpOJZ9iM8FESgVZRe131t2ppCfI7LAYf4KqLu+UQqJAijprDdHGa8H3hALN4rpVBEeJ4m0lGz/yieU9+L8FSI0ioWtZnukQaUQnsKdDIB8QGI9yWJh9bufAmCIAiCMKsQAVgQBEEQdsA1v3uQcz9/lX3/jtcczTmvPtSKiCb22a0p64qOrvhoHKiu69T9AcrzPBqNRsoRXKvVeOCBB/j4xz/O5s2b8X2fSqVCEASUSiWq1ap1/Bph1Pd9arUaYRhSKBTo6OhI1cwNggCtNcPDw5RKJXK5HIsXL2bOnDksX76cKIqYN28euVyOKIro7e2146tWq9ZVXKlU6OnpsT9+dXR00NXVZSOVR0ZGGB0dJZfL0d/fb8Xj/v5+arUa27ZtSwnnjUaDMAxTzt56vc773/9+zj33XN73vvcxMjJiY61N/LVpA0ht67qps67rIAjsOFvFRbvuYNf1azBubze+2/M83vGqg9m6bZTv/HIVAOd89kcs6evm5c/df5ecj4IgCIIgPHUkXsvknaJULvG85z2PU089jWOOPZZFi+Ob3rTaOf3jkEMO4atf+xoXX/wtrvrRj6knN8q1hXLHrFm4aBGnnfYXnPzKV3HQgQdSLJVi0QZNV1cPixct5YH7HrDbuHs6eRfTlo5SdPd08+EPn8cxxxzDhV/7GmtXr5lBK1MObNJ0W601J598MsuWLeUrX/oSt956K1rvzPGKo4H3339/Tj/jDE488USWLlsa32hJfD25dOlS5vX1sWXr5un1k3WPToGvYyenIiIfwbjy0MpL/J3TqfOsyWk4qNFgRRji6/i4R2YcOyDQEcd6ikAFoBWe0okonT43ssJtQcOxjRq6ESUCZppOHbLMi8VkpRRKR7EoO+EGhQiMgdZXLIzg5LDOVt1oipPajFVzmKfp0LlmHdxpobHxz9DU1RO1Mx/VOblQ58iCl4xFERHF+xw1ZVptXdqquXnkOPO1aV6htGZvL0eP0sk3sbWY3/RgxwJsoCMOm9Pg1Go1vhFAa9Bxe34UkfNgZaePIpe4tds5902MtLnrgOZ8eO73TRRgQRAEQZiNiAAsCIIgCFOw6sENvO6jl1rh7y9eeAD/dNZxKTHVFQddYbKVwJt1o7rLTUwzYJ2ujUaDH//4x1x44YXUajW7LAgC8vm8rQEMsfBpnL9RFBGGIeVymSiK7HpGNPZ930Y2d3Z2Mn/+fDzPY8GCBYyPjzN//ny6urrwPM+KxSbiOp/PW8ewEUHr9TrlchmAUqkEwNjYGH19fVYgnz9/PpVKhcHBQfbbbz8GBwfp6elhcHCQoaEhxsbG7FwODQ1ZV2+xWKRarXLheh1PSwAAIABJREFUhReyfft2zj33XDo6Ouy8ZUVg058b8ewK7u52Rmg38+cKutmo5+zxzMZNm3n3PI9/PPO5bOgf5urfryaKNK/9yPf47bffx+Erd289OEEQBEF4unPoYYft6SEAzRIdpVKJvRYuYt99V3LEEUdwxBFH0NXVlRJFdkb6cK9PFi9Zwic/+SlOPvlkLvvepTxw//1s3brVXh9mO2uKSvF1SGdXF/P75nPggQdxyimv4kUvejGdXV2oJHbXiDWxVqc49rjj2Lhpkw2FVS0kVG2dkbE6uWzZMvK5fNv7pzUUS2Ve/erXcPzxz+fHP/wh119/PevWrWPbtm3U6/Xpu40VlIoliqUigR/gBz65IEe+VGTxksXxdRzYsqsohe8HHHbY4Vx40UVcc/XV/OSqn7Bm9Wq2bdsWX3MmkqqZT3d+URD4Ad093ey1114ceeRRnHrqaTznmGPI5XMpgTI2emoWLlzIscceS873k6DkaeyWp1iyZAme78fj0c3+XSIUoVJ42kN74GmNT0Tss53OmajoDEPORvG2XA5fR4QqFjF3ZDePE5A1QRS7eetejlyk8XWIVhO393VsR42UT7fWvNtXvMubKMSaRORc4jTVgE89uWEhLSVrFcXu6yhHPgx5noo4slBMnMDY80gRu4R97VEI46Pq6fhYoya/kSH+ahvhM4lVNg7gROgu4HNKR8SZvTlCLyIXRWiVs/tiWoomOyJZdVzFa3pRnnxUo4FHpLw42jmzoULZPjRQ8uCs/cucuX/UbNpah2NxPh9FeJEmUrEwPO3/YJn452TOYmexiZqOay9rDZ7UAxYEQRCEWYnSkxVAEQRBEIRnOY9v3MYxb/saA0NjABx3yFIu/eirJsQBuy5ggxtH7AqGraKEzXOj0bAirhF5b731Vj784Q9Tr9dtm52dnTbu2biQjbvYCLKe59kavyZC2oi/xWKRuXPnss8++9Dd3W1F4O7u7lQbbt1cgHq9ju/7KKXo6uqiVqsRBAH1ep3R0VHGxuJ5KpfLjI2N0d/fj9baOoyHhoZoNBqMj4/T399PqVSiVqsxOjqKUoq1a9fa96aOsbvfhUKBMAy54IILeN7znke5XE45eM3cGhE2W3/ZfZ117hpMvLS7bVbkz26fbd9s63k+Z3/uf/jjfesBWDCnk//73t+zpK9nBmejIAiCIDz9cdM6zP/PNjetmYeOpieW7X4UQeDbm+s0NGOZvWYE6q7EvaaoVWts2rSJJ5/cwNq1j/DE448zNDREtVq14lQQ5OjoKLNw4UJW7LsvixYupG9+H71z5uAHzZvcWsVSazT1Wp1GrR6/b601NkXjRHhWSpEvlPD89pzA2SQWHUWMjIyydesWBge3sWXLFrZt38b4+Li9tjXbKeKbGHP5HJ0dncyZO4fOzk6KxVgADgKfXC5HsZin3NFFoVgAK5LFCnb2p6+RkRE2bdzE+vXrWPvII2xYv4HR0RHCRmjXzefz9PT2sGjRIlas2JcFC/roW7CArq4u/OScSHYou7NorW0az3TmKb6G1Hi+T75QTBywrQ+K1hEKjwiFr2HIi/iSF/Ed7THuTcfnETGn3uA8z+evFeRDY1NVLZ25md6JVEToaZQO8KI4Pto4n92zIiKOqfaj+BiGygPVSMReqyyaVtEqRCXWUo0iVBG+VnHMsl1P28hhT3tEShP6cRRyEKVt+PGaDXztoXU8L43EtepPcLIb17AiUpp+7fGRYcUPKgHaHAenjHKvjvh8b5W3dCk7DqVU8wuTYLTT9MJWP8PGdYK1cTwnYnyLUSZNJH+bqCRrWpsbGNy5isfjqUbiDffwaGAc7FOhgSdqijdcsY27t/clcdbGXa1RoaIv2M6Vb83zvPkBnnIzsmcH4+PjtlSSSa8yfyNm/04XBEEQhNnM0NAQAHfddde0tznqqKMAEYAFQRAEoSW1esixb/8af167CYADls3nF+efntQ/inHFPjcy2P0sG/ecFY7dSGgT/WzauvPOOznvvPMYHBwEsOKrcZqaH5aCILB95XI5crmc7SuKIkqlEo1Gw9bpXbJkCUuXLmXhwoWp7bq6uoCm0OtGLJsoadO+6V9rTb1et+tUq1Ur7I6NjdmYaN+Pf5gbHx9nZGQEpRSbN2/G8zwGBwdTgm9/fz/bt29nZGTEzosRsk1d4osuuoiDDz54Qr3eyUR2V+R1hffsD4wu5oeBVuu0Ot7ue/tjgvJ51Xk/4JEn42N49IGL+f13/o7A39GPa4IgCILwzGM6AnCxWNyzY2yhB8QmwPRNX8ZVmxZ3dipXeMK1yGQ3nGWX2+sOHUfOKi87CPO505dKwq0j836KcSlHs1KxyNROmG7LNif5KWqya2f3c7M8Oy/Wu6tcl2Rz8FO1tVO0EIAnjm3HaB0lxy6Z45Rl21mPCKVV7BDVUFMR6wl4Qmsaasc3UCggpz2We5olOkQToHQSDjwdQUybKdVo1SBSCi8KHMt1k0grlGrE54vOJW5X94SyTcZj0xGaEPDwdOyETmnSGvzIo+FpQq+BHyk8HcTnvpfpXwPaJ/IiIhXi6QhP+9i89qxYnJwvGk0/Hv84oriyEsRCqsnHjjTokJ5I84XuKm/p8q0A7CnjoHeDkdNCt1mqrO/eCNp+LPgbJ7COiDymKQCbQsPZvy80Suvku21E5Vio3dHtGxp4ou4IwBHx9qYWcAgLgu384M0Fjuvzd4sArLVGmxshVCzy69TtAOnxGre0OQLV8YoIwIIgCMIzgp0RgCUCWhAEQRBa8I8X/dKKv57n8aNPvRZ01DIK2BV6If3jpokYniAMJmR/CDXvR0ZG+MQnPsHWrVvxPI9SqcTw8DAdHR3WFQtQKBRsP0op8vk89Xrd/lGby+UIgoAVK1YQRREHHnggy5Yts8KucQYXCgXbv3HaGvduvV6nVqtRKBSsyOnWxzU1e4MgsD/iBkFAR0eHXdeIw8ViEd/3qVardHZ2Jm6NohWRt2zZwqJFi+ju7mbjxo2MjIyQy+UYHR2l0WhQKpXYvn07n/3sZ7nooovo6elJ9dGqlq95b2K13Xl347JzudyE2Gf3OGVrNbv9um2a4xm7W+r87HNncOQ7vo3WmlUPbuCfv3k1X/y717R5RgqCIAjCs4M9/YP8VHGt6bHp1Ge7pO8W+96qpMiky5NI1olMHKsy/3oTPpo4hgkr7LyPYKrj7H422Xqt5yUja2Xslztqa5cxyTHb8WZ+ZsEk69mjF8cL51GsIGR5O92pyArkKi5SmzCNY+sYXTV+cn5MJug7wqQVCSeu6xxxFH4s4rVqU0HoxbV2fe0lY4kmCLrN9cNkXQVJu6rluq57OFkhqXNrtVUNeAoiH+017I0GWkXJITcNO+dc60Gl+mnOX/J3C4nwOcWW9hyzmfCTnSxNqTnexTZvQjWxz+YukCgRkr1YmFeY/+aYcexKdOL01kSJM9uL4ucJw0xWV80tBUEQBEFg4u1hgiAIgvCs5/rbH+bCH/6vff+Df30dBT8tCGZr+BoR0HwGpETSrEs16wgwoqnv+2zatIn3ve99bNu2jXK5bGvgdnR02Bpw+Xxce81115ZKJcbGxmg0Glbs7OrqYr/99iOXy7FixQp6e3ut47e7O65jNnfuXEx9XzPmKIooFApA7Dzu6OiYEK1sxNRisUi5XKZUKtnYabP/uVzOxlF3dXURBIGNol60aJHto1ar2TrBS5Ysoa+vj76+Pnp7e604C7Bt2zaKxSIPPvggV1xxhRXDswJtFleMd4+REWqNeA0THSWT1XM225u5MOuZ+GzzXAjgyn99nd3mS1fcws2r1k46VkEQBEEQBEGYHGWFPaNbKpp65XQfRn6cQj6ccgjxMJIWJmmkKXGaDXbQmSK5kWGKdW1TU/ed7jL5n2m3xarN18pKsZnJcvZbp4Twlh23O6uZPnaeZmM79vxO3YTyVCx+Z8fYIl591+Hha48ocUVHeIR+A62izEPb50hptNJMrJ0sCIIgCM9ORAAWBEEQBIet20Y56+NX2Pdnn3wEhy/vBZpuUYPr3jWO26xo6EY9Z9c1gqRxv0ZRxPj4ONdccw2rV6+mWq3SaDQYHR21dYGNSFur1azT17Q3MjJiawcXCgV6e3tZtGgRIyMjlMtlyuUy8+fPt68bjQaVSsWKvWbsJnLZjUh2xewgCKxD2MRB53I58vk8WmuKxSL5fJ5isYjWOjV2U0fPxFbn83l6enooFAoEQUC5XMb3fRYsWMC8efOYP38+ixcvRilFo9Egn88zMjICwLe+9S0uueQSK96aeTC4x8C8d4+fWdbqvRvhbY6b296O2nWjLQGOXDGHN73sMPv5WR+/gsGh8VanoCAIgiAIgiAIe4iUdOiq64ngGYvCyrpwn7m4ArjOzEPy2HVqdUsiFREpj4aChvao6YAaAXVy8UPHj6rOMU6OcfJUdJ4Kud02JkEQBEF4OiER0IIgCILgcNa/XEH/9jEAlvR18/G3Pt9GP5vIX3AifjOuYPc5WwfYfGZEwUajYUVCs826deu47LLLqNfrNrY4CAK7vhFuzVgKhYKNaDafB0FAd3c35XKZKIpYvnw5K1asoLu7m0qlQhiG1Go1Ojs7qVarVkTO5XJUq1Xr0vV93zqbzefQdAQburq6GB0dxfd9uru7aTQa1plrHMO9vb0MDw/TaDRSorURg+fMmWPHZWpbLFy4kHK5TBiG7L333jzyyCO2prGp43TllVdyxBFH8NKXvtRGQGfdvqYf48g1x8aNfzbtGSHZHDvzPvuZeyxNu27/Zj3Xmfypvz6B//3TEzyxaTsb+4d5+6d/wM8uePvOnK6CIAiCIAiCIOws2glvTic0N/F0XAtXaYh0Krb6mUlS7NnTSZFw3YzDjrSjf6vdkwBNHHE9VoO3f3OI6x/IxTWYo6S/CNDxmFQUxe+jJKmKiHX/6U/VtCAIgiA8KxAHsCAIgiAkfPXK27jh9tX2/c/Of70Vf4HUsysSZmOdXeHPjU3OOkpdQdUs//rXv8727dvt+zAMbV1fE69s6u2WSiUqlYptr1AoUCgU6OnpYcGCBSxcuJC+vj722msvlFI2Phri2sFDQ0OUSiXryq1UKjYKutFoAFjHrxGbgyBAa43v+3Yf/3/23jzMjuo8931XzXvuQWq1JCSBAAkbHkBgm8HYgMF2cDjg4yHBds597o1v4tg+dnLusTOde5PjxHniIclxyGBIcpzBYwwE7BAwNjZiFpJAEpIQGlpDS61Wq9XD7j3XtO4fe3+r167ekrqFJkvfT8/WHqpq1aqq1d216633/YIgQCqVUttnWZaKfqYav77vwzRN5fwl4dRxHOVYdl0X6XQaruuq/tq2jUKhgK6uLlx00UXKARzHsXJMf+ELX0C5XJ5R75eOBTmYk3WWaZ5kNHSnWs70Xhf+9drLJGwnl9UJwwAP/fEH1ftHn9uGv3nwhdkMTYZhGIZhGIZhTjEi+SYZRW3QZ0ouPrdRbl8xvS/IAQ0gEgKhMBAKEyFO7iMSJkLYgDThizR8Iw/fyME3CvCNrtajG77oQsPoRsPsbj4bXagb3WdwpzEMwzDM2QM7gBmGYRgGwJaBQ/jdv3lMvb/vc7+InGt0jEFO1vMl4dMwDIRh2OYy1QVBaotEYRIkTdOE4zioVCrYtm0bTNOEaZqoVqtK/I2iCK7rqvallKjVaiqK2TAMZDIZWJaFxYsXY8mSJcoJ7HkewjBEqVRCoVCAZVmoVqtIpVIqVtk0zTZRVo97TqVSSgSlOGcSpGlboihSMdaZTAZTU1Nq2xqNhqpjTAIzCcHUf1peSqnqAuv9KZfLyOVyWLhwIQ4ePIhqtenSdl0XExMTWLduHd7xjneo46KLuhSbrR8zHeq/7tZNHmOaj+hUyznpENaPOx2jQkrg3t+6A5/92uMAgM//1X/g9rdeipXL5s91yDIMwzAMwzAMczIQElICRssHLIUETAOIWtbWGNMW4RgtMfRc99RQzWQBaUgoB3AcA4ZAVZr4u40RHk0FTV08bkniLeNwc/aWe7j1HpCQcfNZYNrJK9D6/iUBSNE0WQsJIxIIohgDYy5gAEIKSIP6gJYzGS1XcGvFUjQ7wzAMwzAMC8AMwzAMU2+E+NDvfRNB2HSEvve6S/CuqxcrgVav75usAwy0Rz8nRUJdWE2KxfV6XYm5cRxj586dKqIZaIqtQRAop7DuMqU2DMNQ0cvd3d1YtGgR5s+fj0KhoITTQqEA3/fR29sLz/OUY5eEXymlcgdTlLHjODAMQ4m8FJFMNYYJcjeTyBoEgeqz3haJweRUbjQabfHSpmmq2GvHcWDbNqrVKmq1GvL5PHzfR71eR29vL3zfR7FYVPHVAPDQQw/hve99rxKG9baTztykuKsfVz0+Whd+Oy2nz0P7URd8dcc3LRfHMd5zzWLccf0leHzNLjT8EL/0P76Fdf/4WTg2x5QxDMMwDMMwzFkDncsLtIRFTNfDPR+Y4YCOYYgAMRyU4hz+bUsIIZv1eUnAFbL1XSgWTVE4bomyMaZN07GEbAm96nOatxXjLGIJEceQsQkJCQMRYtH6Hmq02gPaaxIbmljPMAzDMAxHQDMMwzDMF//xSezcfwQAkEk5uPczt89wiZIYrNfr1aeRgxWYjgrW2yCHaRiGbZHBJOSapon169ejWq0q4TUMQ8RxDN/3YRgG0uk0TNNsqwGcTqfR1dWFXC6H/v5+ZLNZ9PX1wfM8lMtlzJs3D1JK2LaNbDar1h8EgRI86TPbtmFZlhJ/SdRMpVJtNXApDhpoOnBpOVpWSqnaMAxDic22bcNxHDiOA9d1VXt6FDZRqVRgGAZyuRxs20Yul8O8efMwNTWFrq4utc44jpHP57F69Wrs2LFjRj/p+CRjnpOOYF3I1ecjd7L+WadHMlpaF4P1OG3ap3/x6duQ9prbvWXgEP70n382hxHLMAzDMAzDMMypRpDYa6BZC1dIwGgZT4WytZ67qG2Hir+OhQfABCQQWiZ8y0JsCUjLgDQNxKaANJrPkSkQW0brIZoPQyA2W/MaRvO90XwtTRPSNJrLCwORZSK2DUhDANICjDjRH71/ovlsgq92MwzDMEwL/pPIMAzDnNcMH5nCn3/nGfX+G793NyCnY5UJqvVK7l/dyUuRzfR5p7hhcpHSM4mK1WoVvu9j165d+N73vtfmNtbX67ouKpWKqtOrx0dns1ksXboUixYtQn9/vxIcly1bBtd1lWBbq9WU8EzL1+t1tS0kXNL2SClVXLTuYqZtsCwLvu8jCAK1n8jBS201Gg21/SR40z4kEReAioQm4ZT6TbWEqS7wpZdeikwmg+7ubuUaBoB8Po8/+IM/UC5i2of6tulObf056eylfaM7eYFpYTe57NEiwQl9u2k/ChnhH37nbjXPl/7lKRwcnTrecGUYhmEYhmEY5lSiabqSBGBdaBSAMM598VcCatuF7rIVAEQMYUQQiABEKrpZPZQ6q9uHMfO9aP2XbB8AhIAhBcxW5HZsod2RrI6HbBeFjfZVMAzDMMz5DAvADMMwzHnN5+59FH7QFGNXrViIay7uUdM6xQZTvVgSCUnM1cXeZC1YEgT1urckENq2jSAI8Nd//dcolUpq/lqtptpMp9MqGprWSUJtKpVCoVBAoVBAJpNBoVBAb28vstmsilCmaGZy5up1e6lPJPpS7HQcx8phS3HOyVrBJGI7jqP2GUVFk9s3l8vNEJZJNCfnr+M4Sji3bVsJw57noVarwbZtuK6Lrq4umKaJxYsXY/Hixchms3AcB9VqFaZpYu/evRgaGmo7NrogS9tN+1gXd/Vjrn+mC/u6O5igfidjwZPtdRKJ33JpD65Y3gcA8IMIv//1x486ThmGYRiGYRiGOUXI6ScpBGIhNB1TdhQoY4hm6dkz0d/TRWsfSKXnipYTOm65fC3AMDXxVU4/UyQzPUyj5dCVgCmaz/S+TcCVTRevKRGbMSIr1NzX8cxjYbREYSMh1jMMwzAMw38SGYZhmPOXjTsO4ns/2aTef/2/39Em5JFwmKwJm6wBSwKgLhbqbSTrxQLTzl4hBNavX4+1a9cq1y0AFbFs27aKl6Y4YVo2n8+jp6cH8+bNw4UXXoh58+bBtm34vo8oitRr6k86nUYURUqE1Z2qYRgiiiKEYahinEk0JQGXBFQScm3bhud5SjgmgZjm8TxPuXf1fUfbSSI5OZb19dK+TKfTsG0bXV1dEEKgUCjAsiz09vZiwYIFcF0X6XQaYRgiDEM89NBDME1TxWaTQK+L8p0E4qRzNynaEvqx7OTw1uelsaR/rjup4zjG3//2nWr+bz7+CjZsP3iMEcswDMMwzJyRJ+HBMB2YMUx4TP180tIWAYExYWIdgLVSYFQXL3XB0ZSIjRi7pcALUmCXNBCeg5dXyZwLETcdvyJq7gsYTdG3zY0r2gVcEmTpIVqDXgnJrfdKXJ8Wb5vfyagDBmAYEGRD1tczI56a1gm+2s0wDMMwLfhPIsMwDHPe8skv/5t6/V/eexW602ZHMVCPfQbQFg2tC37knCXBNik2EtReGIYYHBzEl770JSXuptNpFatsWRZM00Sj0YCUEkEQwDAM+L4Pz/OQy+WQzWaRzWYRRRHK5bISGE3TRK1WQzabVa7aRqMBy7KUmKzXr9VFV3L2kguY+qFHMZOjGZgWwUlU1vcL1St2HEfFMwdB0FZnmJ6B9ijoIAhg27ZaVyaTgRACXV1dqvZxV1cX6vW6Wv8jjzyCarWqnMy6+ErHQY/j1vuvH9PkcTuaGJyMBddrRHd6TjqOCx7wX37hSvX+0199ODlMGYZhGIZ5I8yILj2BB8McC6E985j6+UNIxEIiFDFegsT/VZP41brAMzHV+k08IFA2bNzrO/jAeIw/KTVQhjzndH0JTAuvwmg9ABiREoUh4lZd3tadDYLmR2tfSQi660HEzffJxGcl5DaFYmm2HMemgCma2rA0BGBSf6A5f/X3Cac2wzAMwzAsADMMwzDnJ9/98UasfW0/AMCyDPyPX7kBQLuzk1yjJA7qImESXVBNRh0D6CgEV6tVrF27FqOjo8qZW61W1fRUKqXcsUnHcS6Xg2mamDdvHlKplBJLKUa5UqnAtm1IKVGtVpWQKoRAKpWC53ltgjbVBta3h1zEjuOoZ93Zq4vD6XRabTuJuL7vq/bIIU3zkwhtWZaKgnZdVzmLk3HT5Goml7Bt2+jv70ehUEA+n1fT4jjG6tWr1X7Xj1+nKGZ6rdfn1Y8bTdf3PY0NfbzQfOQGP5prWF83zf/7H7sBhtGc/6Wtg3jwZ5uPOs4YhmEYhmGYswN1tneuKX/nI8KAgAEpItSdGFXHQGgY0y5YvaStlJBGhIYjERoufKOZ3HSujYMYgBQhTOFDiBAwQphGAEPItocw6LnpEhZGBGGEEEYEQ0SAiKaniQhCxBAibgrJRms6IhgihCEiGAharwNEVghpNkVmIeOmENxJQTbQQXxmGIZhGMY60x1gGIZhmNNNww/xuXsfVe//6rfuAGTYvMs54Ywl4TYp7OnvdaFYd4EmheMgCABACZ6e5+GRRx5R7l+qy0uO3VqtpmKZSVSO4xj5fB6GYaCvrw+ZTAa5XE6JwDQP1dUlwZfaJyeu3i8SZ0lYpc/JLYzWfiGRmcRPEnLpmURU13URhiGEECrCmvaHlBKpVEoJ3bRvLctCo9FQ+z0MQ7iuq/YH1fmlvnmeB9u20dPTg6mpKVQqFQRBgEwmg7Vr1+KOO+4AAFXnmJhNDeBODmnaXl24TcZAU7udpiXX0zZOEOPe37wD//V/PQYA+PxfPYq73/lm2NbMmsMMwzAMw8wN/e80MPNv8vEbOMYHc22LOSeYMaZIbZrDcEiePzJnEtH6sTZaAqIEDAEpWp9ThSCj+doQAoAFCSC0WwKmMFSq8blCjyHxG2+yMRxFQCyaHmcpYcRi+rdg86OW2bf1pvUSUkJAQEoBQDadvM0iy2od05+1/Max9nMRN3d9PZZ4+BUDA6MupIgAmNoxke3HB7KtfYZhGIY532EBmGEYhjnv+PPvPINDYyUAwLL+LrzrqsWIonCGcCelhGmaKsZY/zwZn6wLeiQUHq1OLMUbb926FQMDA0qUdV23TUgm8ZfaD4JART6n02n1IHGYYqBd11Vired5bQIy1cYlUVV32ib7rbtdadsovtlxHCXO0vZ5ngff91GpVJQwTKIyxVe7rotSqdQmLtP2Oo4D3/eVYEvCeLVaVRfGqB3DMFCr1WDbNtLpNDzPQ61Wg+M4GB4eViIu0F6LN+nYTUZz07ppnxF0PI7lAk+uSxeRk65gapN49zUXYFl/F/YdmsTgoUl87XvP4fO/cvPsBjTDMAzDMMdESGBiYgKDg4OI5dxVGpXwKwQuvfRSpNNpdpgxiKIIQweGMDE+PjfzZ2vsLFq0CH19faeia8wcEZAwECI2TEQAIIQSdKUhW0Jw02kaCwARYMStyGJDIIKAFPKc+bUgABQMif9jZQaBKWBGoum+BSBkPP37r3kHNfQbY9SvWEHxz9Ri85nqLav5MR213SwF3JomBYAY1UBiw74IO8dFU+xtCfSIZXs/YiiRnmEYhmGYJiwAMwzDMOcVtUaAL39ztXr/9f/+PkgZzxAFk+5eXfzVa8eSUEriYDLmV5+f2qRI4127dim3LtX2jaIIqVQK5XIZAFTkcq1Wg2VZSizO5/PIZrOo1+tIpVJoNBoIwxCZTEa5cEnApMjmOI5h2zbCMITv+0ilUmobKD6ZYp0pqtk0Tbiuq/pC85OLmRzStG2NRgOO46Ber6v5qN0oitBoNFTMM30ehiGy2SzCMEQqlUKpVFL7zvM81Ov1NkGV2vI8D47jwHVdOI6DRqOBarWK3bt3Y2xsDPPnz+8o2OtCPKE7tmlb9HkBdDyOusCrH3tdXD6WG3jaSQ7c97lfxB2f+zYA4MvffAqf/tCNSHv2Gx3yDMMwDHN+9fw3AAAgAElEQVReI1qRrf/4jf+N++67rykaqInHX75VvRJA81zoi3/yJ/jQhz4ETaZgzlMa9Tq+/vW/xYMPPABg9smzsZSIBfA7v/07+NWPf1ydVzNnDimAGAJGbMKSErCilv5oNCc2Dao0N4QhEUPAjJqKoyHPvXtCJJrityVDmEIoXVXoI71to9s/a34HSt4aQTtKW1DK9l+02vohAEOYWNlbxWS1ChlbbfNLKi8sm07g1q97GIjBl7wZhmEYhv8aMgzDMOcZf/+DtShXGwCAFUt7ccnC7Ax3L4A2NyzQ7uhMortNSQzU3aP68gBQq9VQKpVw//33K9csiae6OGlZFoIgUG5aoFknN5fLIZPJAAAKhQKklCgWi8jlcsqRSxeSyJEchmHbxSXLsiClVOIzOXvJNUzuZ3IL+76vPtNdv1SjOAxDJVCTM5gczBRPTWIvRTuTkEsOX9pez/MQRRFqtZqqLUz7QY+irlar6OrqQr1ex+HDh9XxqVQqWL16Ne655x4l4OuQS1ev7atP08eC7uhNHkvd1asLwTSPfiyPNnb06O+L+zO4eHEPBobGMTFVwz8/th6f/MANM5ZhGIZhGGZuNIIGnnr6qeZNf2iJBLNcVhf14jDAc889h/90913qBjnm/EOd05H4hLk5PwVkSzA8xzKDf84REIgN+v7XioM2Wq5TE0A0/Zuj6YYVgIwhhDwnbweZ/upiQgpNsk0KuEddfpa3RFDU9swJMGKJrBHi/7ujgLoUsBC2IqWFZjVuX820Vl87/roZhmEY5hzn2DmGDMMwDHMOEccSf/m9Z9X7L//GbUqwA9rr/9Ln5P7Va8eS21N3+OoiMsUFJ4VCEnGDIMCRI0cwMTGhRE8SWC3LUg7eIAggpUSpVIIQAp7nAUAzdhBQDuBGo4FCoaBcvFEUKdcsiZhUo5cEWBJGKd6aIEGYXMDk1CX3cBRFiKJIuXTp4idtK7VH+8V1Xfi+r/pO7uNKpTKjBi9FS9O6Dh8+jPHxcTiOg3w+r9y+JCTTMUmlUkilUmo7LcvC448/3ibC63HT1N9Oxz0ZgZ2cpn9umuYM4V93Dutjqzn+4raxkhxfURThq5+6Xc3/599+ZkaNOYZhGIZh5oaUwJoX12DP7t3T9Snnsjy0RFEhsG7tWgwfHJ5bIwyT4NyTC08QmXicDQg0hV/SLw39WVNC6fNzGNH6hxmPk76iGQ8pYoSGRGwYyLgxer0YvY5Ajxejx4vQk4rRk4rRm47R60n0poDelESvJ9HjnS2DiWEYhmHOLCwAMwzDMOcNDz+9BXuHJwAAhayLy5d2tQmQR6vxS9PoOSneJcVfmqZDYiBFF7/22msq9pjEP4pcpuVJvLVtG67rwrZtJcrSND1O2TAM5Z7VnboTExPwfR9TU1PYv38/RkZGMDIygmKxCCEEyuWyand8fBxTU1PKkVwul9V8ExMTaDQaqNfrsG1bvQ7DUDl2aTm9/q4QAvV6Xa1jbGwMQgiMjo4iCAKYponBwUHs3LkTe/bsweDgIHbv3o2BgQFs27YN+/fvV21RjWDbttuORSaTUbHXpmli+/btqFar6vjRvtAF3E7HR29Tj3XudGz1ZTrVFu40JkiI1vtC00zTxBXLutCVbYrlew6O49+f2zaLkc0wDMMwTBI6p/P9Bv71X78Hv95MgHlD2oWUOHJ4FI89+h8Ig/Ck9JNhzjdO5AZH/Zz8tEGiLwm9AoApAUNOX001xDkvAp8phJQwYwEhTZgyhIE6pIgAYbY9JFoPaUBKE027tnm85hmGYRjmvIAjoBmGYZjzhr/4zjPq9Z9/+j1ttWsBtDk3k+IvvdbjmPW4aN3xqwt/er1Yem3bNtavXw8AqnatYRjqEQSBijw2DAOZTEY5W4MgUGLqoUOHsGTJElUXOAxDlEolGIbR5oidnJzExMQEurq6MDU1ha1bt8IwDOzcuRNXX301Fi5ciDAMcfjwYXzwgx/ECy+8gAULFuCiiy5S4vGSJUuwefNmXHzxxXBdF9lsVrl7a7UabNtu2w+0n8IwRBAEGBsbQz6fh+/7AICDBw+iVCqhXq+jXq9j48aN6O/vx/bt29HV1YWRkREcPnwYcRyjXq8rITqfz6O/vx+pVAq5XA6NRgO+76OnpwdDQ0OIokjto9HRUSxevLjtGADTTlxyNidrOnc6jsmY8ORYSY4fQheadTE4GTWtX8z6yqdux69/5VE1Zu96x5vf+OBnGIZhmPOUffv2YdMrG9qFoxMRbFqLSxnjkYcfxgc++EEsXLTwpPSRYc4vJOI4wvp16/DFL36xebOpPL4BWADIF/L41Kc/g1/4hTtOsfAqAKpfq9exlQCEocRhQZ8xp4DmMYghAViAtBADEAjQ6eCfizHcDMMwDPNGYQGYYRiGOS9Y99p+rNkyCADwHAs3XbGwmeDVwfGZdHLqJKN+6T05domkcKiLgr7v45VXXlFCMtXMJXcr9Ylq6uoxzY7joFqtIp/PY/78+Ur8FUIo0TeOYyWYHjp0CPV6HSMjI0pwrdVqME0T6XQaL7/8MgzDQD6fh+d5uP/++9HT04O9e/diaGgIhUIBYRjitddew+LFizE+Po5FixYp4TaKIhVXTdvmui6klOozoOnAHR4eRldXFw4dOoQoinDw4EGEYYiJiQmMj4/j8OHDCIIAlUoFjUYDtVoNmUwGQ0ND2Lt3r4qlzufz6O3tRX9/P7q6upDJZFAqlZDJZNBoNBBFERzHwdatW7Fo0aI2xy65bnXxPln/+WgiftINrr8md29SEE6Oh+TrTjcUvOOKfriOiYYf4dmNe7Bxx0FcvWLRbIY5wzAMwzAJ1q9bj/GJiZPSlpAAhMDQgQN4ddNG9C/sn5EqwjDM8QnDEAcOHMDugd1o1Ouzku6klKhUulGtVk9x71q9UbWetTjo1mQqW0vxyHIuhcWZWSIQCwmJEIY0W7s/gpAz3b0xDN79DMMwDNMBFoAZhmGY84Kvfutp9foLH78FovWVndBrvRJJl2fS8XksUZBERl3cIxfvli1blGhMgmUcx7AsC77vq1q7tGwYhspdm8vlUCqVMG/ePBiGoQTiXC6HMAxRq9UQRRH27NmDHTt2KEGV+k41gC3LQr1eV+Lo5OSkqrV76NAhZLNZFItF9Pf3wzRNeJ6nBPJisYhMJgPHcZRw3Wg0VPvAdEwyuYAdx0GxWEQ6ncbg4CDCMESlUsHo6CgajQZSqRQmJydRKBQwPj4OALAsSwmrpVJJbWsQBBgfH8fu3btx+eWXKyE4m81ibGwMlmUhiiK89tpruP322zuKsklBNnk86blTzDc5s/W4cH0dndpPisqEXqdYTZMSf/h/3ozf/7uftcbuanz7jz56vCHOMAzDMAw0DUYAURjgyZ88gSgMT1ioVbqPQEsQkghDH8+/8Bxuvf1dsGynWSVTagswDHMMBMIwxoH9Q/BnKf5OL3nyf8Rk67dGDNlqW0BANkuG6ys0AMQU/2zAiAFpAIinSxjzj//JQ7R+8QqY05o8zI5Cu4Dknc8wDMMwHeAawAzDMMw5z9BoEf+2egsAwDQN/KcblgNoF/lI7NWdoElxl97rtWGT8b8UK03TaF4SdH3fRzqdVnHPvu+rurWO4yCOYwRBANu2lYjqui6EEMjlcigWi8rV6rqucuBSv6amprB9+3aMjY2hVqspt6/necjlckilUspdTOul/pXLZdTrdWSzWaRSKeXwnZiYgBACAwMDAJrxzeVyGVEUYWpqSgnUJGrXajX4vo8wDFEulyGlRL1eRz6fV20Ui0VUq1U4jqP6TttnGAbCMEQ2mwXQdD1nMhnYtg3Pa9bHtSwLmUwGw8PDME0TqVQKjuO0HY/du3cjk8ko8dU0TXWMkmJvMvpZj+1O1u0l13Ankq5f/T25s5PjS3ee0+OuG5fDNJvH/4GfbcaBw8VjDXGGYRiGYZJIYOf27dj4yoZT0LTE888/j9LUFHA6a5IyzDlCo9HAvr17T29N32MiYcjW9wgAUoqm81eSAtw69zeascTSkIgNAWnFgMH+01NFYu/P/LD1EGLmxwzDMAzDsAOYYRiGOQ/4+0deUhcXPnr7FTDFtHiru3o7RQHrdHKF0nxCCCUU6g5hmk8Xl7u7u9FoNJRwS+IfRT3Tw7ZtVdtXdwc7jqMET6B5AcU0TeWoHR4exuDgoKoFTFHSnuehq6sLlUoFYRgik8kgCAI1rVwuw7Is9PX1YWJiAr29vZicnGxzNG/duhWXXnqpEmlN00StVlPx09RXEpUpCtrzPExOTiKbzWJqagqu68LzPIyNjSGdTqtt7+npUU7hOI5Rq9UQhiE8z0MmkwEA1Ot1BEGA0dFRdHd3Y926dbjtttuQy+XUvq7VapiYmGgTVsm5qx+bZLyz7rym+UjcBqCeqR2dTlHgyXn19erHXh97QgjYJvBLt74Z331yC6Ioxjf+fR3+4OO3H3+wMwzDMMx5Dp29hVGE737ve6hUKqfAmicwtP8Ann36Gdx5192wLL63nmHmQqVSweDg4JnuBoBWjHNL/F0UR/iAjDAuTUAICJn4xSEBISWkjGBIASOOcDUkDAigVaGWYRiGYRjmbIEFYIZhGOac59tPTDs/PnHXNR3dnwCUgEuQIKcLxABmPCfb0ev96qIe1ab98Y9/rOr2SimVYGrbNoBmHV2g6XzVl5dSwvM8FAoFta4gCFRd3Xq9jsHBQRw+fFiJy11dXXBdF9lsFpZloaenp3khFEA6nUa9XkepVEI+n0dPTw+mpqbgeR5SqRTS6TRc10Uul4Pv+1i6dCnGx8eRTqdRqVSUk9iyLCVCx3GsXM3U93q9Dtu2YZomDh48iJ6eHhVN3d/fj3Q6je3btyOXy8E0TWQyGaRSKdRqNQBNgbu/vx9BEKBaraJYLML3fVQqFVQqFZTLZTQaDeTz+TZBf9euXW2OW12cTR5DvSZwMtZZF/Y71felabT9JEIn2+h0gwHNq4vTtP5Pvv9afPfJpnP9ez/ZyAIwwzAMwxwPLYb58MgInnnmGcj4FDjzpEQUhnjogQdw6223o1AosO7DMHNgcnISo0dGz3Q3mrTymy0IrIolrhAuQgCGDJs/1gkRODIMCBFByhgCEkZswY2iabMwwzAMwzDMWQILwAzDMMw5zYbtB7F7qFlTNp9xsaDLnVGvFWgXcEmQ02ONCRLqkuJvsp2kuEvtFYtFPPTQQ23CrhACjuOgVqspobS3txfVahXAdHQw1dylZ3LYkhi7Zs0alMtlGIaB7u5u5PN5LFq0CIVCAcuWLYPrurBtG67rKhetlBIjIyPKZTsxMYFUKoX58+fDNE0UCgUEQYBMJgMppRJiHcdRy5Nw3Wg02vYj1S32PA+NRgOVSgW5XA6WZeHCCy9UdYcbjQZWrlyJsFWfL5/Pw7IstV8oxtmyLExNTaHRaGBkZAR79+7FxMQEDMPAoUOHMH/+fLU/yQW8adMmXHHFFTNiljvVAAbaRX09LjqJ7iqmY0njIin0Jl3GVBtaF/Y7idMLCg5Sro1aI8D2faN4ddcwrrxk4SxHPsMwDMOcx0hg44aNGDt8pBnRrIr4nhxEax3btm3DwK6duObat5y0thnmXEcIgbGxMRQnp850VwBQ0rNEjBimBGwEMKQBU0oI2ZzWNr+MIRHDikyEpgREpGoHMwzDMAzDnE2wAMwwDMOc0/zrkxvV6//2S9d3FH8BtAm9ScEOmBYJLctSInCnZUjYA9DWBr2uVCoYGRlBFEXKBey6LizLQq1WU3WByaUrhIDneaoucDabVU5Zy7KU4/aJJ56AbdvI5/MQQiCbzWLlypVYvnw5+vr6kMlk4LouKpUKLMtSdYWr1SoymYxy8M6bNw+2bav5KCY6jmNYloVUKoVGowHLspRzmKZRZDXVyNVrGcdxjEwmg+7ubgBNd7NlNU9DarWacjVXKhVkMhmk02kl5OqRzCQIk4O4u7sbu3fvxtDQEBYuXIhGo6HEVNM08frrr+Pqq69GEARqf+okBd5kHLju4tXjm0m0TUZBJ+fXx47erj4OdQFZ71MURfitD1+PP/3Ws82x/JNNLAAzDMMwzDGQLQuwAPDUUz9Fo1FvmffESU6AFpCQKFXKWLduLa666ioYptXxHHNuUIQstUPPb8DFnFw0mWir3ZB2PN749s2uT+cnLRvqjOM/l2Ov78izuSZtjEPDQ/CDRvOt3tUzNBYEBEwpIGTzOJholWvp0B8hBQRMSGE06wbLs3tvn1Qk0HaQRNsEhmEYhmHOMrhQDcMwDHNO890fTwvA77v+YvVad2gezeUJdI4K1t2bhB7526l9Ev3q9bqqnUtt+L6PiYkJxHGMKIqQzWaV45aE1CiKlIM3iiLEcQzTNOF5HqIowgUXXIBMJoOuri5cffXVuOaaa7Bs2TIsWrQIlmUhDEOUy2UAUPV2q9UqbNuGbdtKTNZr9tJy5MT1PA8A1Dqp5i5dNKzVaoiiSInbQDPOulwuo1qtKmHWMAxUKhV4ngff9xEEAWq1GiYnJ5UDOgzDNnGVxGLXdZWYPH/+fORyOfT398N1XSX+hmGoIq/XrFkzQ4Tv5Pil7UiKsHS8iaOJu8mxlBwfuhuY1qvPlxSD6eaCu94+PWb1KHOGYRiGYTrQ+tN7YHA/nn/22dZn4qSLSvR3PQojPPnkkyiVS22fnzjJjpIo+Aab1B96s2SOlnLGZ50ebfOd7D7NBXkSHmclnY7/ibRx1m4gACCKYhw8eBBRFJ7sWzNOCDUUBQBDAMKAUP86/CzQubshm79eBJpXV8/8ppx6BAAhpx9n9w8UwzAMw5z3sAOYYRiGOWd5cfM+HDhcBAAsmpdFd8aacWGOBD1dwNXjeEkA1Ov60ms9IjgZ30uvddHRNE2k02mYpqlcseSepfhnmp9E3nq9rqKkyQ1smiZSqRSCIIBhGBgfH0cYhnAcB729vejp6UF/fz9yuVxb/VnTNOH7vhKaoyhSIm+tVkM6nUaj0YAQQgmw1G9aFzBdm9j3fTiOgyiK4Pu+EpKDIIDrusrNrO+XIAjg+z5830epVFLiNonG5Ea2bVv1wbIs1Ot1JUCTQJrNZiGlxKJFi3Dw4EHlbCYnteM4GB4eVvu/kyhLx4Hed4qJPpq4q4vJnSKcdaewvk4ab+Qkp+NDy+pCeU9WYPH8HIZGS9g/Mol1r+3HW9+8ZM4/CwzDMAxzPkBi0oMPPYTx8fHWZ6dgPXQ+ISW2btmCLVu24IYb3j4jGeQEWp5+KTUp7w1shFpetjejtGAJHDp0CDt37sTY+BHUatW282XHcdDTPQ/Lly/HBRdcoEp/KNfjCfTtaH062swn+xienXJV+7E/2qRjIiUE+eBP1k7rsP/faPu1ag3Dw8OIw+ikmNyZk8Asf9+weZ9hGIZhfr5gAZhhGIY5Z/nXn2xSr3/7Izd2FAF1IS8pzAGYsYwuGHcSfzvFBevTarWaEkjDMFQiIdXmpbYqlYqKXianr+/7KuKZRNmJiQlUKhXlGl6yZAkcx1FCs+/7at2lUkk5eoGmGEt9ISFYJ45jVe83jmOEYQjbtuH7PkzTVEIwACXcBkGg2qKIZBJsSSimbWs0GsoNDUCJxrTfSRSm2G2qU0yiMUVM5/N51Go1JZJHUaTEdN/3jyrY0jbS+2QMM9FJ2KU+69unO3n15043COg3GpAbPLnOKIoAAJ/94NvwO/f9FADw/Sc3sQDMMAzDMEdBSomxsTH85MmfII5aN++dSoWida7xwPcfwKqrr0U6kz4pzQZBgCd+9Di2bt0CGUvIWUYvX7D4AvznD3wAmUym1T0BSAkJCYHm+eDo6CjWr1uHV15+BVu3bMHAwACKxSKkjDu22Tw/aa4/n89j5cqVuO666/Ce97wHl65YCdu222JyZxcT3TrvkUDg+xifmMDkxAQmi0WUSyXU6nWVmhP4PsbHxzF8cBiHDx/G+Pg4JouTqFWqqFarCMMQURR1vBkzuR1CCFiWhVwuh77+Bbho+XJcc801uOmmm3DRRRfBNK05bMPJh26w/OEPHsFrr73WOnZoWUyPj5ASlm3jgx/8MFZetnL68zewPbt3D+CB738fxWKxva9vYBcFjQbWr13b/r3sOO2p70jVKh544PtYu37dcddTyOdxz0c+imXLls2YdiqOcaeUodnODwDF4iR27tiBwf37cWR0FOVKBYHvnx5tXAKu4+Lu978fF1+8/KhjTgCIIVUd9Hq9gYGBAQzs3oVDw8PqBt/W5NPG/Pl9+PjHP97s4xn6+WUYhmGYsxEWgBmGYZhzEikl/vXJaQH4llVL26Z3qs9Lops+jRyi9EWS3MBHixLWBUQS+XQnKImWYRgqtywA5QQmUZiES8uyVL3c3t5eOI4Dx3FUnd9yuYxcLgfLsrB06VJIKTF//nwl+pLoSuvQ15XJZFSktOM4aDQa6sITxShTJLRhGKjVasqF7DgOwjBUTmQSkukCnJRSCcrUh2KxiEajgVqtprYPaMY7W5alxFDHcdR+9jwP9XpdOZepxrAunkspcckllygxmfpB9YKpLRJc9WPX6WaATs86JP7qIu/xBONk1DSNj2SkeHJcAcC7Vk0Lvt9+YgO+8plf5AsbDMMwDNMBIQS2bduGocFBSEgYEND0y5OHpPU1n1988QUMHTiAFStXHn2ZORBFIZ5+ejV++IMfIA6jWf/dv/Dii3HTO96BTCajnac0N3/Pnt2499578cRjjyHwg9Y03XV6LAG1Oa00VcTL69dh/bp1+Lv7/w7/96/9Gj75qU/BS6eOsexMBAQODg3hD//wD/D8888jbPgzXaaJ8/SjttUSufWquZ3nA6SMEQY+JifGMTkxjh3btuGJ//gPmKaJX//EJ/Drv/FJpFvi+emGttFxHExOTuC73/k2ojCcYwngpv+3q6uAyy5b2awo/IbOGSXWrn0J3/vud1AulVqreOM/TMnz5lmPGyHgt8Tj9WvXHnf+/v5+3P7u9+DCCy88ofWdKHPZHiklDh4cwn333YdHH3kElUql43g/1X2WEshmc7j22mtx8fLlR/1Bkq2ftcD38aPHf4S//NrXMLhvX+t34cybrU8HEsClKy/Dxz/+cf6OxDAMwzAJWABmGIZhzklWv7IbhyeaNW8X9uaQskVHgU2PANa/MJJomIxxpthkXdQD2oU9aksXgSmiudFoIJPJqLujdeHYtm3ldiDx1jRNNBoNFAoFFAoFGIahagGTY9hxHHR1dcF1XXiep0RoilsG2p2uFKts2zY8z0MqlYKUEo1GA4cPH1Z9JiGYHM/kqiU3cSaTUXHLeo1b6jcJtST61ut1VKtVBEGgxGGax/M8uK6LRYsWwfM8TE1NoVwuq/1t27a6IOL7vhLPybEdxzFs20Ymk8HExESbc7ter6uIb9oHnS5O6Nugz0tOXD3WkfYDCftJp3jSaZwcI/q6aX3JOGlyoufTNhb0ZDAyXsHIeBkvbN6Ht185fSGLYRiGYc5LJD21iyXPrl6NWr2mz3KcNpoKscTMUhHHFRNaKyhNTWH9+nW45JKLYVgn4zKLgJQUaC3VZ8dj/MgYRg+PYumyZTAEMHZkDD/76U/x2GOPYu1LLyFo+NMtdRBW5+JaDIMAf3f/fdi27TX8P5//HC677DJIOXsHcKPRwNDQQQSNBoQ8+rE6mvjb6Sa+2fS70/soinD/fffhpZfW4jf/22/hbdddD8M0mrG4Z0BQuu66G7Cgrx/DQweaH8yyDyTOrV+3HmNj4+id1zN7QU7qL5vLFItFbN60CbVqtW0dZwq9LMus5gcJ/9Pzl8tl/Ms//RNeeOGFk9q3JUuX4PO//Tvo6elpWz/Q6SdXAlJicP9+fPtb38IjDz+C8SNH2vraqezMqR2LzVq+Uh49c52+h61+6qf43//wD9i4cSNkFENg5s2wp/Pnhmozt62bI8UZhmEYBgALwAzDMMw5yuMvvK5e/+ovXj0jkpdIfslORgMnI5/1ZfQ2dCFZFxh1B7CUEoODgyiXyyqeOZ1OIwgCZLNZ+L6vxEZyxJI4mkqllLhLbQVBgL6+PlSrVTW/4zioVCpq3nq9rvoZxzFyuRxs20YqlUI2m1Wu2lqthmKxiFqtpuKWk+gXIdLpNOI4Vu5k27bb9pG+Hyn2Wa/5q+9L2hdSSpRKJRw5ckRtu5QS1WoV9XpdRUzrNYmjKEI6nUahUEC9Xkc2m20ThLu7u9uiqKlPusBPJMVZPdL7aDV+aTv1eZKO36RTXP+sU7sk/Opt/Or7VuFPv/WcGtssADMMwzDnPR1qh1ZKJfz0yZ8gapWimF0z9Pe/vfTHXASMMAjx9DOr8f7//H6krewcNuIoaIU4hZh9XeFKuYS9e/bgyquuxJo1a/CF//kFHNi3D0J0dvfOZhs7ztMSzuM4wlOrn8JUeQpf/bM/w5IlSzEboZokGyGb+18IgAKoT7SK8vG25XjbHkcxXlm/Dr//u7+LP/3yV/DWt71Npb6cDvT+XLT8Ilx/4/V4+MGH5uwAFgB2bt+BVzduwC233XZCQhy5qoeHDmLTxo0qIelMcmLbMXP3RWGEPQMDWPfSmpPTsRbFyXH4fmNW88ZxjMHBffitz34WWzdvoZ+GVp/bv5skPzulCAkIifbQhGZlYCkl4jDCt7/5LXz1y19CGLanCIhZ/dyfOgxM39jCMAzDMMw0J3puzTAMwzBnNc9t2qtev/OqpR0jfwm6yHc0kVePDU5GPdNrmqbXhiUBEYCKfe7q6lL1cameLomnjUZD9YXq40oplePXNE0VCQ1A1eXNZDLKEUsxyGEYolqtwvd91Go11Go1uK6LUqmEgYEBvPrqq9ixYwcOHTqEAwcOYGBgAEuXLsWyZctw4MABDA0NoVKpoFZrOmjI0ZvcZsdxlMhN8cuu68JxHERRpATtcrncVveXRNJqtYqhoSHkcjm85z3vwcKFC7FgwQL09PQoZ3IqlVJuZRKJG8ydfEkAACAASURBVI2Giq+mY+V5HoDpSOlarYbe3l6Yptk2XzLWm46V7uZNjo2kGzwp/uqfJwVkfUzQcaPpSSE46RKmxzuvmo6Bfnbjng4jnmEYhmHOb4QEfvSjH2F4eHhWjlBCth6ZXA73fOyj6jxrbk5HifXr12P37t3q7/yZIAwj/PiJH+Ezn/wkPvWJT+DAvr045VY4KfHyyy/jq1/5Cg4fPnxq13UKkS0v+f4D+/HFL/4RXn110xlzu2YyWdx22+3o6+vDXI4ffcsZGzuC559/HpVy+YT7EEURtm/fjsH9+zumKDEnhpQSmzZuxKc/9Sls2bK1+RnOrLP62DT71ag38M//8k/42tf+HGE080ZhhmEYhmHOTtgBzDAMw5xz1Bsh1r9+QL1ftiAH0fIVdHJj6uJfJ/dmMvpXvwDSqT0AbbVw6b0QAgsWLFBisBDNerokZlLEcrVaVe5W27YBNOuB2baNOI7RaDSUqOl5nqqPS3V6XdeFEAJBEKBUKkEIgXK5jKmpKcyfPx8XXXQRstksstksXNdV/RsYGIDv++ju7kYcxxgbG0Mul2uLvqZ2ASCVSqHRaMBxHHieB6sVeUjbTfHVlUoF4+PjqFaryl3sOI5a17XXXouFCxdiZGQEuVwOURQhlUrBsizs378frusilUqpbaEavxQ/TTWIc7kcUqmUcveGYYgjR46oGOykeE/7jERq+qzTRa5OrnH6XK/13CnimdongZhq/urt0E0Bujisi9HLFuTUvC9uGUQYxbBMvo+PYRiGYYQQQCxRqVTw4AMPqnOs2S0MIJYQhsBlb7oMn/rkp/Ds6qcxPDx8bEFG6C+bf/tLk0X84Ac/wIqVl6lzutONEMAzT69ue39qVpR4GUus/unPcMMNb8cv33PPaXXOniymnYzAjte349vf+iYuueQS5HL509YHFRlsCFx3/fV40+WXn5CoHkURXnzxRfzyoUO4NJc7/gLADON2vdHApo0bUatW5+yIZ9ohR62UEpPjE/jre/8Ku7bvgNBvUD6bd6+UeHn9WvzNvfeiVqm2+ns2d5hhGIZhGIKvHDIMwzDnHGu27kMUNYW0N180Hwbijm6MZE2l5DNFByenEZ1cwABU5DM5gvV6sd3d3cjn8xBCKIGXxGGqV+v7Pnzfh2mabRcQSWh0HAdCiLZnffuo7m6lUkGlUsHIyAgMw0BPT4+qw1sul1Gr1WDbNgYGBtrcyZZlIQxDpFIpTE5OolqtotFoqLhoAKhUKirOmRy9JNR6nqfcyEII5dgNw1A5iuv1OhYuXIjFixfDdV0MDg7CMAzs2rULTz/9NDZu3IgHH3wQDz/8MPbt24ctW7a0HRcAaDQaiKJIxUcDQC6Xg2ma6niMjIyo/UzLziZO7WjOoWRkuP46eeOAfgH6WHW86CYDGi+6e1yJxkJi8fzmBcgoirF26/6j9p1hGIZhzgfIuYvW3+MdO3Zg586dc29HALGUuO6GG7CgfwGuvfZa9Td4VstrNwU++eSTGB4ennMfThYSrSjl1s5R708DjUYDjzz8MIaGhs5iN+OxaO0tKYE4xjOrn8YzzzyNIPDPSE/yhTxuvvUW2K4ztwWbdlIMDg7i1U1zdzGTG3XsyBg2v7p5TssyR0dKiXq1hm9+85t44YXnz2hSwGyh7yzj42P427/9G5RKJTW+GIZhGIb5+YAdwAzDMMw5hx7//JHbrlDCmu7QBKZr2upCXCfnJtXX1edNXhg82msSHV3Xhe/7SiSdmppCJpOB7/tIpVLwfR9hGKr6r1SDNwgCFUXoui5M00S9Xlfb47ou6vW6EoFJ+PR9Xwmk3d3dGB8fx44dOzAwMKC2yXEcVVOX6vguWbIE/f39yGazKqZa31bDMOD7vuo7uYJJlLVtG/V6HZZlKect1SImofaiiy5CoVBo3gU/OYmhoSHs2rUL+/fvR6lUQjabhWmaKrr6pz/9KYIgQCqVQqFQwB133IF6vY7Dhw+ju7sbQgjloKV+1Ot1FRe9Z88erFix4pg1evUY6yiKlHNFP96dxFx9TCVvGEi6X5Jxz8n6wslxSVA7H3v3FfjKd14AADy7aQ9uvHJZp+HPMAzDMOcVEk0z2osvvohyuTS3BQFVN/X666+HYZi47vrr8dhjjyEKQySKYXZEP7c8fGgEmzZtwpIlS6gg5Wk19qkzUJF4f7T5OnAi/RUAZBRj8+bN2LDhFSxcuFCl2By/B8nenGlnoYSEwPj4OH78xBO44fob0dPbe0Z68ta3vhUXLrsQO3bsAKRsus1bu+c4FY/hN+pY88KLuOuuu2C1joXQi+IeqwEB7Nq1CwcOHDjGTO3MVRJ8I0f551J+FAK79+zBt7/9LYRBCCGhjuWskImXp+LHpMM6ojDCz576Gda+tLaZliDEbH4tJptr45T+hM+2cwzDMAxznsAOYIZhGOac43lNAL7xigtm1P8lQTgptAFoE+LIvUvLxHGsHnp91mQMMImA+rIktOq1Y33fV8voMcXJ+rSWZaFeryMIAsRxDMdxlLu0UqmoiGYiiiLU63XUajWMjY3h2WefxWOPPYYNGzYoN2+1WsXk5CQqlQqq1SqKxSJGRkawefNmrFu3Ds899xzGx8dhWRa6urrQ3d2t1hMEgYpzllIinU4rkTubzSKTyaiaxSSK2rYNy7KwbNky3HzzzZBS4umnn8bTTz+N1atXY8uWLSgWi7jiiitQKBQwPj6OIAhwww03oL+/H/l8vnUH+ji+853voFKp4MiRIwiCQAnLtB4STC3LQrFYVH0F2uvvEnot3+Td+PRed3vrtYJp++g46u5v/UFtdHIWd3IEJ5/jOMa7rrlQG+NcB5hhGIY5vxHai3qjjp88+QTiE6xNeemKy3DZijcBEFh17VuRyeYxFxWB/t4HfgPPP/s0Go3aCfXjjWKg/SJP8v2pgOJghWkg9Bt48fnnUa/PZvtjTEtEEqL1OHMIAAYgDPVu88ZNODg0dFp7INCsZw0pcMEFS3HzLe+CY7vNz1ocdS+1GpBonju+9toW7Ny5Y3q5WTg3hQSCuo9XN23EVKl44htzFnC2CMUCQBxFeGnNCyhOjAOQgNH+PeGsggYigHKpjB8+/IPmDQiGQKxNO5tQyQfEWdhHhmEYhjkTsADMMAzDnFPEscTzr04LwIvnpQFMi2x6rK4eBwxghmBHAh8Jncn5dLFQd3HqbVAUMtXuBZq1cw3DgOd5yrmbFJEpspicpFTX1/M8xHGsRFeKkqZ1Uj9KpRJWr16NZ599Fvv27YPneejp6UF/fz+WLFmCYrGIIAhw+eWX45prrkE6nUYURejq6sKqVavgui5eeuklrFmzBlNTU7jmmmuwfPlyOI4D13XbXKy0f8gprYumFFHtOA6WLl2Km2++GV//+tfx3e9+F5VKBVdeeSXK5bISuqMoQrFYRHd3t3Iw33nnnbjqqquwbNkyte6nnnoKjUYDhw4dUvV+dccyife+76vaabrIGobhDOE1KejTNoRhqNzZ+nbqtYRpef15ekzGbTcW6DcQ6ONKbyd5QUhKiaXzM+r90xtYAGYYhmEYAQAS2LBhI15/bdvcF26V3rznnnuQzWUhASy7cBmuWnU1hDH3upxSSjz/7HMYPXy45dg8OxHHeJwodE6zc8cOTE1NHWfmaaHTkAKQxhte/6lgbGwMg/sHz9j60+k03nXbu7Bw0SLgBMbjgf37sebFF1WykKo1e8x2JI6MHcGrm1+F3/ruMhuONaZO5jib67rOFmq1GjZu2qiOxZzRNmiu+3rW+0nfYS0L8KFDw9jVSpA60S6frceEYRiGYc4HWABmGIZhzik27RxGpdZ00156QQ8MtAu3uquXRLmk4zL5Wnd/AtOCHgmcupioi4IkSgohYFmWEm2vvfZaSCnhOA4qlQqAplBMgiXN7zgOPM9T9XypPm8mk2lzlZLAGkURNmzYgMceewyPPfYYyuUyLMtCNpvFggULsGzZMtx5553KDeu6LkZGRrBx40bUajUlfN5555342Mc+hhtuuAGWZeHHP/4xvvGNb6C3txd9fX3IZDLwPK9NZBVCoFaroV6vK0csXeCgWsaZTAb3338/hoaGcMEFF+DWW2/FzTffjHQ6DSEEMpkMtm3bpuKf6Zj19PRgyZIlWLlypYqqpnUvXrwYXV1dME0TQRAgm822Cai2bWPbtm0IgmCGYE7HShftoyhS+0fV322tSxf1OzmI9XGSFJGT9aI7icbJcal/ZpomTANYsaQZQViuNrBl4FCnHwGGYRiGOS+gv5eBH+DBBx5ANEf3Ly3f0zMPt77rVphWs0KWbdv42Ec/Ci/lNeeZg49QABgdHcWPfvQEwjBqO888nRzt/Faflpyn0+cnwsTEBMql8rH7BwDSAITu+Z32Kx/t3Fw/3zZN85iPTiU25koYhjg0fOiEl3+jCAhcfvkVWLVqFTBHpyidmz///IsYGz3Sulni+NsQS4k9u/fg9W3bmjdIdFhvp/Eyl7HzRsbanJaRZ4/gODk5id27dzdvLDlB1O+jU7RRncLYh4cPoVKunHibJ+F3yhzXeJrWwzAMwzA/H3ANYIZhGOacYuPOg+r1B255U1tcLzAz4jmKIiXy6ZAApwtxepS0LtJZltXmBiahmdZBz41GA7ZtY9WqVXjwwQcRhiFM01RxzhSxTIIp9TuKIuUi1uOjSWS2bRuu68J1XVx33XW44oorsHfvXhSLRRw4cEAJ1vPnz0d/fz9WrlyJcrmsnMW2bcNxHIyPj2PhwoVwXReFQgErVqxAKpXC2rVrUSwW8cQTT+Dqq69W20wiqmVZCIIAUkrllK3X621Cc3d3N0zTRCqVwoIFC/CWt7wFXV1dsCwLl112GV566SVMTEygt7cXjuMoYfv222+HEAL5fB4bN25ENptFHMdK0C4UCkqMllIin8/Dtm1MTU2hUCigWCxi7969sG0btVoNVuviru7GJZe1vv/pNc2vjyE63rpjm8Rjmi/p4E1OS8ZB02u9jrM+nqhfd920En/23RfUWL/i4v4T+TFhGIZhmJ9/hICAxMihQ1j/0lrI+MSEkZVvugwLFrT+nraWv+kd78DiC5Zg547tiAGYR116JnEc499/+O/40Ic+jO6entNcBbhJsqxETOcVrXMeYRgQhtV2rtucMUIYBick1lBbtVoN1dqxI6CFEIAh4LgevFSqqW0KAQgTlmWhr68PF198MZYvX45ly5Zh8eLF6OvrQ1d3F3LZ3HHqCzfbCnwfa9etw1e+/CW8tmXznLcHaB7LiYmJ0y7+quMHCS/l4Z233Iwnnnhc3SA52+UBYPOrr2JgYAD9C/tbbbbmSSxD2xiGIbZu3YrDh0ebtZ3lzJI5+npIcBdCIIZx1Hnb1xUj9BtzEganz68NWJYNwzr+5UzbS0GIM+97kVJiYmICo4dHISVgnEDss5QS0hCtsW+cgt8rEo7rQRimEs5jGePIkVH4QXBCLcZSQhjNm6Dnz58P13VPbpc1LrywWSpHyjnfK8EwDMMw5zQsADMMwzDnFLv2H1GvV13S33Zhiy4w6PHFegw0zUOugk6uA10M1i9wkJhMdX715QC0CXtvetObsHjxYhw5cgRSStTrdQBQjlkppXLVUnsk1upt6f3MZrNqna7rwvM8DA4OIo5jjI2Nwfd9HDx4EK+//jre+c53YsOGDW11hycnJ2HbNu655x4YhoFisYht27ahu7sb733ve7FgwQJ0d3cjDEN4nqcctWEYIggCJYoGQYAoilSEdRAEcBwHXV1dkFLine98JzzPw5EjR7Bv3z6MjIzglltuwfj4OF5//XVMTU2pi3q33norenp6MDAwgC1btkAIgXQ6jUWLFqGnpwee5yGfz8OyLJimiWq1ikKhoNzEtVoNhmHgIx/5iBKodWGWHNq0T2lsBEGgBHgSbmkaCb+035Jx4fo40qcl45x1SBAmZzJ9po87WveVF/d1HOsMwzAMc/4hISWw4ZVXMD4+1vpkjhqwAN523dtg2RY1CQBwXAdveetbsGPH9hPpFgb37cPOHTvxtuuuOyMWRP1Mw7JtLL1wGVasWIELL7wQCxcuRHdPD/K5AhzHhWFMn7eUp6awZs2LePCBB1Aszq3+q37OG4bHFowkgMWLF+Mv7/1LRGEEy7bgeg5c10M6nVE34AFQ+08XLmMcDwnLtXHjTTfif6b/J37385/Hnj1zL58hAXVum7xZ9LQhgCuvvBKXX3EF1q9bN+cY3WJxEuvWrsWNN944K/dpuVTGhg0bcCwnJZ3r2raNvr4+XHDBBbjwwouw/JJL8aY3vwm9vb3HFIKLk5P4iz/7KtauXTunGrjNmz1z+LVP/AZuf/e7jzu/aVno7+9v+x54JqAbCRp+44R/Hczrm4+PfuxjWLVqFTwvffJrB0sJwxRYfvHF0x/FMUqlctt327lgmiY+9Eu/jM985r9iwYIFLTH+5Cu0Usq2GtkMwzAMw0zDAjDDMAxzTrHrwLQotnh+UxTV7y5P1vztJMYlXcK6ONgpLk93durroXWRQ5QE03Q6jeXLl+PQoUOIogipVAq+76Ner6s76ElMJBctRULrsXZhGKLRaCCXy6n+mGbTOWFZFubNm6dcr+QUHh0dxebNm3HHHXfghz/8Icrlsqop/Cu/8isIwxAvvPACxsfHsXjxYlx99dVYunQphoaGUC6X1TaT6zeOYziOo/YVuYMbjQbS6bQSt7PZbFud3hUrVuDSSy9FPp+H7/t43/veh3e/+93YuHEjyuUyFixYgHnz5uHRRx9FuVxGFEXo6elRsdiGYaCnp0fVUyZR3PM8uK6LWq0G13Vx9913Y8WKFahWqyo6mpzY1E8S0inaOQxDFamdvIFAd2HTPtch1/CxLjIlXTn0OjkeO322dEFBvd51YOyo62AYhmGYcx7Z/Fv52OP/gXqj3jz3mmMTpungpre/Y/pvuxQg4ev662/EQ99/oHnD3GwbFgJCAPVaFWteehHXvOVamJYF4zSpwHSels7lcP0NN+L9d9+Nt990E/L5/HEFI1r2pnfeDMt2cf/99wPx7GO12252i4+txggAjuNg6bJlWgf0qW0dA9VqPsocx2TFipW46uprMDi4H1EYzmphdUMeWudrZ1JcksDChYtw6y3vwtbNW1Cr1yAhZz2mojjC+lfWYWxiDPN65x19xtY2Hxw+iF07d7TCuMVR9xfd6Dk0NIShoSGsWfMSurt78Ed//Me4/m3XAYZx1GXHjowhlc4CwpiOpT7O5tA5sWmaWLBgAS655NITurlCCMD1Ushk8zOmBWGIeq0GgeZ3t6O5peeKjCUatTqiYLrMzGwF3FhK5PJ5/O7v/b+46+67tO049b9TJIAwCCCkbDqOZbMU9WxZuHAhfvOzn0VfX990AWAp3vjPU6IPqrb1zEkMwzAMc97DAjDDMAxzTrFTc0X25FJA6ws80O7C1YW1pGirT9cdoJ0EuU4xvrQuXSyk9ZJTdfny5Xj55ZeVyEiibiaTUcIuuXxJ5CRXMNB0IwRBAM/zEMcxfN+H4ziwbbstyjidTiuROJVKIZVKYWpqClNTU3j3u9+NSqWCBQsWAAD6+vpQqVTQ1dWFTCaj1jM+Pq72QxzHSKVSSqwGoCKsyTmrC6m2bStRlF7Hcaye9+/fj4MHDyKOY8ybNw/XXXcdfN9HrVbD5OQkenp60N/fD9M0USqVEIahEmjJEe04jnL4GoaBvr4+lEolzJs3Dx/+8IcxOjqKer2u6inPmzdPxWd7ngfP89RFz0qlgvnz56PRaKjx4LquiutOCv66uA9M3zCQFHmTLvPkRRvdYa4vn3QRd2emIw93sgOYYRiGOc/Z/vrrWLPmJTTDcpuCzVwCX6+99lpcfMnFHaetWrUK8/r+f/bePEqu6j7bfc6peezq6rlbarXmGZDQhIQAY0gc2xgPMY7tu4Jtsj6vlRjHcb4MK8lnkzhedpIvTuybG8e+695gxzYXO5iAzSCEESYSoAE0D62x1d3VY3XXPA/n/lG1d59qhOhqCRDNflhFt7r22WeffU5Lp8673/fXyvDgYN3jKhsGzz7zDL/zO5+kpXqf9VahaRofv+ce/vRP/0wu0pupWKRpGpquse3mbfzsZz9jMjz2Zg512s7FN1dXbbVYrLg9HjT97Y8Cng2GBna7jfe+97089eQTHBNx1jNVugyDs2fPsn/fPn7zfb912WuhXC5z9MgRwuHxusep6xorV63i+htuwJjFYow3G3EP7vP7+V8PfJW/+F9/9Zo2e3bv5s//9E9JxOtzv8+EStmZqRShmaIB3Qu6uf29t7/1TmZD1B2uH03TWNizkKbm5koygxDUX39NgUKhUCgUijeBd+YdsEKhUCgUr8PJvqkHVXYrlxRrpwu/Qmi9lPhm/oA+vYarOYZZIARCc59m53C5XCYYDMq6vg6HQzp2RZSxebzmcYvoZbvdLsXeXC5XE1ddKpWk0CwE38bGRux2O/l8nmKxSFNTEy0tLWSzWVwuF5lMhng8zrlz5zh37hyhUIh8Ps/ixYtpa2uTNXaFe1eMS9TpFZHNxWKRfD4vBWhAbmcWSJ1Opzz2ygr+Jdjtdk6ePMno6CjRaBRN02TMs6jfK7ZtamrC4XBIgT2bzUrnsWEYNDU1YbPZcLvdfO973+Pxxx+nr6+PyclJWltbcblcjI+P4/P5KJVKjI+PE4/HiUQiACQSCVKplDyeRCJR4wKf7uwWNXqn1zEzC73ThdzpwrD5z+b6wNMXF7gcU2v3ei/W/3BOoVAoFIp3MuZ7uHK5zH/+7D9Jp5KzqodpsVq45xP34HK5qp1X36h21dbezs033zy76F/D4Mzp07xy4ADl6j3RW4mGJpNZ6hJ/qy+vxyvF4zebS90/TU/buRq8I0Ung2q0rUbPokVs3LSpcl7r6EIDIhOT7N69h2QyCYZxye01IJlIcPjQYdKp1MyHWD1HDqeTjZs2VSOXueYm3HxP7XQ68Xg8r3k5HM431VkrLuV6rmlN0/B6vXi93ksmWr0lGAazWZgRTybI5XKgiWOeXT9TwzBe81IoFAqFQnF5lACsUCgUijnDyESCfDVaqz3orTzgqD7IMgt3UPsAUXw1i78w9SBsuigs2gonq1nUE7Vcxc8LhUJNf8Kt2tLSgsPhoFAokMlk8Hg8OJ1O8vk85XKZhoYG6WoV4mOpVMLhcJDP56X71+z4FcciHLgul4vOzk56enro7u6mubmZVCrF0NAQo6OjcvxWqxWXy0U0GsXj8bB27Vo2btxIS0sLmqbVOICFyCrilIX4a66Xm0gkaiKvhdtXtBXu2mw2W3lg5HCwbNkyNmzYwIIFC+js7MRisZBKpXA4HOi6TiAQoLOzk+7ubtra2ggGg/LYrVardFEDNDc3o2kaTU1N0jE8MjLC4OAgLpeLUCiE1+ulr6+PdDpNPB6XcdCJRIJdu3axa9cuBgYGyOVypFIpOb/iWC7l8jVHgpuvleltpovC5utjej+viSwvl2j0OQFIpHNMxNIz/fVQKBQKhWJOIP5NDY+HefHFFzHKsxMCOjo72bhpE7rVcklJQtM0fueTn8RdTUWpBw2NUqnMY489RqoOMe1qoWn1iUyv18dbyesJOhXfYHnWL61iY3wrDuGqIwV8DSwWnW23bKch0PDGG06jXCrxyv79DA5U3OyXmmfDMAiFQhw/drTy2aPOKWtpaWHbzdvQdO1tTcx+PcwLHF6f2bldr+4Ypo3IMKjUzn3t4uS3Av0yUd6XwzAMTvee5rnnnsUwSlTsxOVZ/y4qsVehUCgUitmhIqAVCoVCMWcw10Tdunb+a2J1BZdyZYo/T4/oNYu74vvXayccqZdqY3aLhsNhtmzZwoMPPojT6WT79u2USiUmJyfp7+8nGo2STqdxOp0yOlm4aIVLWLhOrVarHLtw3Qph1Gaz4XK5cDgccvzC1RqNRimVShQKBdmmtbWVxsZGKSyLKGYhrJbLZSlom+O0hQNZRDy73W4Z/2y1WmXMtYiKFvHLDoejRuRtbm7G6/VSKpVoa2urqcErYrHFvsT35vkXNYYbGhqwWCxcvHiR1tZWSqUSAwMDnDhxAqfTSWNjIzabjb1799LR0UFjYyMOh4PR0VGGh4dZuXIl8XicXC4nxyAitoEa0V/sXxzndIQYbI6KNl9TZjd1JRpuKmLafF2ZXd7br1vA43t6q9d8mKaG7vp/WV6HI0eO8MQTTxAOh/nHf/zHmvfy+Tzf+973ePbZZ4nFYsyfP597772XO+64o6bdY489xsMPP8zQ0BDBYJD3v//9fPazn61xUB0+fJjvfve7nD59GofDwdatW7n//vsJBAJ1tRkdHeU73/kOBw4coFAosGbNGv7gD/6A5cuX1zXumbQplUo89NBD/PKXv2RsbIzm5mZuu+02PvOZz+B2u6988hUKhUJRFydOnCA0MICo1lqvPLB27VqCTU2v+bmIKcUwWLNmNQt6ejh29Gjd49MMgyOHjzDQP4B/zRvX4H03YxgG6XSayYkJjh87xrGjxxgMDZJIJDDK5Vmc3SlKJYPzFy5QLMy8nvG1hkElCnrVypXceOMGdj7zTN199PcPcPTIEVauWnnpfZTLnOk9zcWLF2flqF+xfAWLFi0Wqw/q3v4t5Rof3jWDRjX9SadM/TpwNpPmga98hYsX+7j11lunXMxG/V4kXdOw2e1YrVbsTof8/KpQKBQKheLyKAFYoVAoFHMGc03UdUvbAWrEtNermzTdqSlEv0vFQos2ZpfC9LqvQsybXnPYYrFQKpWIx+Pk83m+8IUv8NOf/hSv14vL5ZL1cw3DIJ/Py75cLpeMPxaxzyLSWcSYif3Y7fapKDaHQ34wFn2IY+3p6ZE1e8Xx2mw2HA4HpVKJbDYro5XNwrEQIsW8lMtl6cA1i+RiXoTol8vlZPSzEI0LhQK6rlMoFGqcxWJ7ISIDsvaw2EbMZy6XE5cFowAAIABJREFUk+dQOK/FcadSKaxWKwMDA1itVjo7O9m9ezddXV2MjIzg9Xrx+/1ks1mOHTtGU1MTq1at4sKFCyxduhSfz0ehUMDj8TA8PExTUxM+n49yuYzdbpduYDEn4hoQTuhLXW/m9wFZq9ns+hXfT685LF7rl3dIAfjMQJjNq69MAE6n0/znf/4nTz75JIPVOodr1659TbtvfOMb7Ny5E6jUXb5w4QIPPPAANpuNW2+9FYDHH3+cf/iHf5BtxsbGePDBB0mlUvzhH/4hAOfOneNLX/qSjDNPJBLs2LGDvr4+vv/972OxWGbUJpfL8cUvfpFQKCQXSLz66qvcf//9/Md//IesbT2Tcc+kzde//nWeqT5w9Xg8DA0N8ZOf/ITh4WG+9rWvXdE5UCgUCsVlELGp1VhZw6jIvTuf2UEul6lpeimBQoSO6kbtz7Zs2Vpd3KVNa82UCqzp3LhxI8ePHZOLCWci5BoYoEE0MsmB/XtZsXKFvCdSQnCtm298dJSf//xRdj33HKdPnyKVTNa8f6XzVf0U8LrRx+8UNAMag02854472bdvP7FopK65KRbz7N37Mnd/+G7szkqaTGWdw1SC0OGDr5JJpwFjZiKwUXG7O5xONm3ZgttTWRCnrvG5ga7r+Bv8lc+2s/jt0TSNWDTKt7/1T/zzt74FcrnObMdjwefz0dTSTHd3Nxs3b+Luu++mtaUVNE2uO1DXn0KhUCgUU6gIaIVCoVDMGc4NTgnAKxY014i000W013PylkolKTpOd+5Oj90yC5Xmur/mP5sfFhYKBdLpNG1tbSxYsIDGxkYaGxtlTLHL5aKhoYG2tjY8Hg92u11uJ1yymUwGu92OxWLB4XBId2qxWHE1iPhnj8eD2+3GarXicDiwWCxYrVacTiculwun04nD4ZA1sNxutxSJhdPXLOwKxFiFi1eIoFARec31foWYDRUBN51O14i+ZvFUuHp1Xa8ZmxCRRdy0cEOLsYmvwpWr67qcF5vNRiwWIxKJMDg4yOnTp0mn0xw+fBin00l3dzfnz58nnU5Lp3U6ncbv9xMMBkkmkySTSfr7+8nlctI5LY5VHHehUJDzLhDzMt1dPv16MjvGxbwJzK510YfFYmHZ/EbTNT/BlRIKhfj+97/P4OAgzuoDwUu1EQLpP/3TP/Hss8/y4Q9/GIAHH3xQtvvBD34AwL333stzzz3HV77yFQB+/vOfy7n7yU9+QqFQYP369ezYsYOHHnoIp9NJb28vL7300ozb7Ny5k1AoRCAQ4JFHHuHJJ59k6dKlpNNpHn744RmPeyZtzp49K8Xfv//7v2fHjh18+ctfBmDXrl2VmnoKhUKheNMxAE0zGB0d4fnnd1X+na0KwzMvO6rh8XjZctNNlX+DxXaX6EfTdDZvuQn7LJ1mxWKBXz37LCn170QNGpV7pT27d/PZez/Dt/73/+bVAwdIxivzNJuo3MvtS8OoRFq/Q3Uhjan7wJtvvpmlpqSTN95Yq4pjBseOHeP8hQuX/DwTjUY5duwYchFEHXM1f34362/cID9DXfNor/NS1KBpGk3NzdjstlnPkUzeQrviaS6XS0SjEc6dOcOuX/2Kv//GN3j/b/0WDz/8/10ial+dUIVCoVAoQAnACoVCoZhDjEwk5PfBap1UIWCKeN7pzkwhyAmXq9VqlT8zvyfEOLOgJxy+ZqFPvCe2MwuqQhgWP3O5XEBFTBwbG5MCqMPhqMRb2e24XC6sVquMehbbF4tFLBYLdrudYrEoBcjpscJiW4fDIUVlu92Oruv4fD4ptgrRNJlMkslkZD8itlnMgXDwptNpOV6oiKClUqlGHBbjEE5hUd/Y7G4WbmZd12V9ZDHPdrsdm82G0+mUL4/Hg9VqlRFiwrVsFkstFgsulwtd17HZbASDQXRdZ2xsjHPnztHc3Ey5XObJJ59k37597NixgwsXLpDP5zly5AjHjh3j8OHDvPDCC1y4cEGK8larlXA4TH9/P7FYTB6riKPO5/NSiBZub3PdYDF3Yk7MiPk1nz/z9WTepqVhqhah+ZqfLR6Ph/vuu48f/ehHfPKTn7xkm0OHDgHQ2dnJxo0b0XWdD33oQwCcOXOGZDIpa0sD3H333QDceeedMta78lBxqq8PfOAD2Gw25s+fz4YNGwB49dVX625z880309LSgtvt5n3vex8ABw8enPG4Z9LmwoULtLW1cd1117F161YAbrnlFjk/4+Pjdc66QqFQKGaDBmDAL3/xC8Lh8Bs1f+3GWsWde8ttt9HZ2fmGmxiGwQ033EBnV2ddYqS57eHDhzlx/ARGWeXOCjt2sVjkx//xQ/7kT/4np8/0VmqEam993eF3Iq2trWzburUmfWdGGDAyPMxLL75EoXovDlPlbs6dO0coFKp7PLrFwvXr1rF48SJVp3UO0tXZRYO//rrTbwkGxCIRHvjKV/mfX/4yw0Mh098h6lpUKBQKhQKUAKxQKBSKOUQyM/Uww+WYcq+aY5gFQrg1O3+tVqt00prjn6eLvOboZ8MwpGgMSCeniFUWfQlR0Cxo7tq1i4aGBiKRCBcuXGBsbAyLxYKu6yxcuBCfz4fD4cDr9UpHq91ul/sSAqQQeoWAba6HZK4ZLMYiXMBCTDaL5A6HQwqyYu4EQsTO5XLS/WsWucV8CWFaiNiapsnIZLNAnM/na2oYW61W3G63bC+OWYjBQE3ktKi7m8lk5JyY46wbGxuJRqO43W6amppoqtb5O3LkCEeOHCGTycjzffz4cXbv3k1vby/Hjx/nwIEDLFmyRIq6mqYRiUQwDIPR0VF0XWd4eJhsNovVaiWZTEoncrlcltHO4nqYfv0IUdws/IrxmyOizdebOCcux1QFD/M1P1s6Ozv57Gc/S09Pz+u2mZioOI2bm5vlz5pMdRPD4bBsY26naRrBYBCYEknFA/tL9SXem0mby41J7KuecV+uzZ133skjjzzCv/7rv8qfnzp1CgCn0zkjEUGhUCgUs8TkzMWAeCzOjqefxqgu7qsHwzCwOxz89sc/jr26+O11d1td0Nfc3MQdd96JpXr/ITOl30BfENtn0hkef/xx8tWyFe9aqvNVLBR49Oc/51++8x0mxsaku/Wd7NB9qxAu4K1bt9bcq8wMg0w6zd6XXiISidS8k8/nOXrkCLFYrD7ntQYer4ebt2/H5XbXOR7FO4HWtlaWr1hxzYj705O5NDRKhSI7dz7D5z//PxgKha6ZsSoUCoVCcS2gBGCFQqFQzBmS6akHa3br1D9x06OGzXWBBTKeqvpVCMZCvLNarVKUE7HMQtAUAqEQ/oTTV1AqlaSoCsiY6PHxcVwuF319fbS0tNDZ2YnL5cJutxOJRHC5XHg8HimyOp1O6Z4V4qt4L5vNSiE2n8/LCDbhFDYL1CLG2Tx+4U4Vrlmxvc1mk0KrcPCaBVch5qbTabLZrNzG4/HIuGafzyedyOl0mlKphNPplLHLYhshxgLSlWyuD2yOURZjNYv7wj1ss9mwWCw0NTWxYMECyuUyQ0NDxONxGUMtnM6Dg4MMDAwQi8UIhUKMjo4Sj8eJRqNcvHgRu93OiRMn2Lt3L36/H6gIprFYjFQqRTqdrqn5nMvlyOVypFIpOafma0oI5aIOoPgqvhfHJM6veZGC+Gq1TD2UM1/zbyZibs3XtXnsIgZbcKl24n3hxjc/XBRtzNf3G7UR/V2qjXivnnFfrs10UqkU//Iv/wLARz7ykZpFFwqFQqF4czl9upfzZ8/VpRWa2/YsWsjqNatnLHIZBnz4Ix+hoTEwK1OZpsHel15icHAQbQbC8dzFAMPg8KFDfP973ycWi73dA3rHsnjJEm655ZbXlA+5HEJfP3bsGGfPnK15b2JigldeeYV8vr77SgOY393N9Tdcr2KU5ygej4d77vn4tXmvKxfjGOiGRu+pU3z1q18hm00rEVihUCgUiipKAFYoFArFnCGVnXJDWi36a1yU0+OfhchjFuimRzmLPsw1Zs2uVyGEinbCDSwELOHoFDHQQhgcHx+noaGB0dFRyuUyy5cvx2KxyFqzra2ttLW1ARWHoXDoCvHQvH8h+BqGQSaTQdM0WaPWXGPW7HYGZF1h4aa12+0yVtlut+N0OqW4KYTOaDRKNpuVYrDFYpHx00Kk9nq9NDQ0EAwG5cMCt9sto6vFXJjnzey2FrHWmqbJmrTmcZnPS6FQqBHrhMAr6iBv376dXC7HxMQEkUikJo5biKv5fJ50Ok0qlSKbzZJIJOjv76evr48zZ87gdrtpbm4mHo/T0tJScfNkMpw8eZJ4PA6A3+8nlUphtVplneNcLifjtM1x4kCNgC6+mmOhzQsQzM5hXddx2K+uA1hRH6VSia985SsMDg6ycOFCPve5z73dQ1IoFIp3BZV/Dw1eeOEFksnUjHVUzaAqvBqAxrp16/B5fTPer6bBgu5uVixfgTEL9dYwYGxslCOHD1M2ZtPDOxt5f21U7tN++MMfMtjfPyMXdW1HzNh9Pdfx+/289847p9JLZjofhkEsGmH/vn1yQaVhGPT393P82HFmrJkJ0U3TWH/jjTSZUlQUcwtd19m2bRu33nYbZoV/+q/j2/orKT7Ll8o8/9wuHvz3f8eYVm5HoVAoFIp3K0oAVigUCsWcIZmeEsPsNsvr1v2FKcFRIERd4DV1b81OYCHoFgoFKVgK96twwubzeRKJBJlMBphyGSYSCWw2mxQZ3W43IyMj3HjjjbS0tNDR0UEgEKCtrY1AICBFWY/HUxMTLFy7wpVsdsGKiGjhvhVuY13XpWgL1Dz0EeTz+RpRXPRVKBSw2WwkEgmKxSJer1c6fMUcWywWHA6HnJ98Pi/nVIjiNpsNr9crhdbp0dwi2lmMy3zMYg4zmYyMoM7n8zWxy4B0FAsxfWJiAsMwSKVS5HI5CoWCdCoLsV3EXsfjcTln2WxWtt+zZw+Tk5OMjIxIEdnhcNDR0cH+/fs5e/Ys/f39nDt3jqGhIcbGxkilUuTzeRkNLQRe4aYuFAo1cy/2a44PN8+Pua607W1wAIt5LZniNs3fi3rNl3pPfC9ivMU1dqVtLjemmbSZPu7LtTHzzW9+k7179xIIBPjmN78pa3krFAqF4s2j8u8hxOMxdjz9FGWjvvhnoyr+AmzbejN2mw1tpnZFQ8NmdbBx42Z0q+WN27+2A/K5HLuef450Jv2udUkawIt79rB//16KpcKsHaPv0umrQdN1Nm25ieUrV71x2+oLTQNdo1DI88or+wiPjQCVBaYnjx8nHB6vowZz5R422NTMpk2bcdjsUOZdL8zPNcTnD5fbw32/9z9oa2vHMLSZLxR4s9FqX5XPlAY/ffinDM6inrVCoVAoFHMRJQArFAqFYs5Q4wDWa0Uz8TJH65q/imhkIc6J780CnjkGORqNEovFpDCZSqWAqVq2FouFZDJJIpGQYqhw8sJU/eBCoUB3dzfBYJDOzk42bNjAunXrGB8fJ5VK1QhUuVyuxnFrPgYhgpoFRrPoLSKrRWSzeE9ERBuGgcPhkGOHKRGsWCxK4VTUJPb7/TXCus1mk+OZmJhgYmKCeDwuRWDhDjYMA6/XSyKRqKkzLOoYi+MRx6nrOoVCQbqCxZjEORI1esWxiYhqr9eL1+uVwrOIZ9Z1HbfbLd25ra2tMj5biPxut5tyuczg4CAnTpxgaGiI559/npGREfr6+kilUpw4cYKdO3eSz+e5ePEiY2Nj5HI5Tp48SSgUIhQKkUqlcLlcJJNJyuUy8XicTCZDKpWSEdLZbFZemyIyWsy/ELXNQn25XMZmmbp9e6scwKLOnLnOr/l7c41lmKrTaxgGk5OTwFSNXfH1Un3V0+ZyY5pJm+njvlwbwXe/+12eeuop3G433/rWt+jq6kKhUCgUby7mBVP//cILXOjrwyhPLSB7w+0xQIOyUaa9vYP169fLn814e11jy5YtuFxuDLPoMNNjwODll1+i70Lfu9aZlstm2fPii0xOTM6ug+qcy6vhUhbE13vNQQKBANu3b6/cN9apip89c5ZXXnkVo2yQzWY5ePAg5VKxjthcDTSNpcuXccMNN6DpmlLm5zCarnH9DdfzJ3/2ZzQ0NKBpJt3VMKUsvE0YVNYfAGhojA6PsG/vvrdvQAqFQqFQXEMoAVihUCgUcwazA1jXpuKFhVBZKpVe4zqF2rqjwtUrxF7zVyE+ivq8Xq8XqLgMHQ4H0WiUsbExYrGYrDFbKpVIJBJEIhESiQTnz5+nt7dXumkXL16M0+nE5XJhsVgYHR3l17/+NRcuXJCCpYhBFkKicB+bo5ShIoqKOGghhArh1xxzLYTOfD4vj1WIwOZ4ZTEvIiY5mUwCFaeu+asQbcU8OxwOGQmt67qMqy4WizgcDvx+Pw0NDdIFLOKrzU7K6WNKp9NSHBXnUDiAhYgNyH3Z7XYaGhro6Oigq6tLisziuEulkjxnANFoVMZHx+NxnE4nHo9HzpFhGPJ87N27l8nJSRYsWEBLSwvZbJbFixejaRqTk5MMDg6SzWblvDkcDimwC9Ff9C+OUcydcAabXc3T61Kbn3cnM2+NA3jdunUADA0NceDAAQB++ctfArBkyRK8Xi+dnZ0ytvzxxx8HYNeuXSSTSSwWC2vWrKnp68knn6RQKDA0NMQrr7xS8149bV588UXC4TC5XI6dO3dess3lxj2TNgA/+9nP+PGPf4zNZuOb3/wmy5Ytu9JpVSgUCkUdZDJZHnnkESn+1lvjUdN0PnDXBwk2N8HMrY6Vf3vRWL5yBcuWL6tZXFgP0ckoO556iuK0FJB3C/F4nN7eUzX3pfUgS2JU/5vxdhizOl/vBDZu3sT8ngWVaPE6jm9ycoKXX36JZCrJ8NAQZ8+eqW/HGjicTjZt2kRLa2udo1a8E9F1nQ984AN85YEHCASDUwusq7W9ryUKhQJ7/vu/3+5hKBQKhUJxTWB94yYKhUKhULwzMDuADQyManyzcLxOr8FaNr0v4ps9Hg9Wq1WKiyIu2OVy1dTVFW5NTdOk2Cucsg0NDUSjUVwuFz6fj9HRUaLRqBRyL1y4gNVqJZPJsGjRItlXLBbj1KlTxONxXC4XVqsVv9+PxWKRtXeFQCgET7N7VIiuuVwOp9NZE6FsGIY8LpvNRqFQwGq1ythmc39iO6vVSi6Xo1QqEQ6HpTNXOIWhIko7HA7plDYLymIOxRjE98IRnMvlZIy1ucaycO0KoduMub6yEHXFvkTUdS6Xw+Vy4XK5sNvtBAIBOT+ZTEbWPhZCq9imVCrh8/nkuEW9ZqfTic/nk3WFI5EImqYxPDzM+Pg4brebRx99lKVLl7Jlyxb27dvHyZMnZYy2qIUcCASIRCIEg0EpzotzJ+ZAxA2b47DFQ9Kph6VTD1nMix7eTDo7O/mN3/gNnnnmGb70pS/hcrlkxPlnP/tZ2e4zn/kMf/d3f8cPfvADfvazn5FOpwH48Ic/TCAQAOBTn/oUv/rVr3j11Vd53/veJ8/z0qVL2bp164zb3HHHHfzwhz8kFArxsY99TF4Hbrebe+65Z8bjnkmbvr4+vv3tbwOV35GvfvWrNfPzwQ9+kM9//vNXedYVCoVCYWZ0eIQTJ05WV7HXLyB6/T4+8IEPYrVY6xIgxX2Mx+PhQ3ffzbGjRynkZvfv7/O7dvHJT32Kjq7OWW3/TiYSiTA6Olb3qTPfR2p6JY7WarWiGfqMujKMMplMWi5snAuI+8OFCxdy6223MTAwQDlfrLlvvBzlcokD+/cxHApx8sQpRkdG6jothmEQbAqy5aYtlYWj2owD1RXvVDQN3Wrhgx+6i+XLl/O3f/u3HDx4kFwmU0lFwHj7rwGjmtiAxpGjR9/u0SgUCoVCcU2gBGCFQqFQzBliyezUH6pOS+EYFd8DUmSsNDNqaukmk0n8fr90DAvx0GKxUCwWiUQiNDY2kkgkpNCZy+UqH4BzOfx+PwsWLMDlcjEwMMDu3bvp7u7m3LlzxGIx+vv78fl8BINBoOJYXbRoEel0mlQqhcPhkCJ0Q0MDra2txONx2XZiYkLW3xXRxcItKoRYl8tFuVzG4/HIsQsB3BwhDUghWHwV0dLCOSwiqKPRaI07WEQpFwoFYrGYFFi9Xq+s+SscHrlcjng8LgVfITBns1k592J+xThLpVJNVLWYayHAi69m17PYXzKZxOfz4fP50HVdRkELsVy4csX+hQhcLpeJRCK43W4cDodcGJBMJqW7+9ChQwAkEgm8Xi/RaFTWRx4fHyebzdLR0cEjjzyC3+8H4ODBg9xxxx2kUimSySQ2mw2Px1NTV1qcEyGEm+d6ughsdni8VQ5ggD//8z+nsbGRnTt3EovF6Onp4Xd/93e59dZbZZu77rqLcrnMww8/TCgUoqWlhfe973383u/9nmyzaNEi/vmf/5nvfve7nD59GrfbzU033cT9998vf0dn0sbhcPCd73yH73znO+zfv59iscgNN9zAF77wBdrb2+sa9xu1ERHvgPx7wIz5fYVCoVBcXaraAvv27SMWjdQd6Sv+7Vy6bCk9C3sqcbWz2B7g9ttv5//+/vcJDQzWL3YYBoMDA5w8cYKOzo66XMhzgUg0QiaTnvX2La2tfOZzn2X9+vWVtBlmVo+5kM/x7//v/8POnTspFouz3v+1iNvt5o477+RXO59lsL9/5tekoREaDPHiSy9ysa+PZDIBTNXJfkM0WLVqFQsXLnzXXcfvdjRNY9nK5fxf//ZdDh86xM4dz/CrZ59lbGy0Lmf+jPY1m20MMDSITbtXVygUCoXi3YoSgBUKhUIxZ7DoGsXSlONV1I2dis7VakQ2ISIKUVDUoRXCoHDMlkolzp8/Ty6XIxQK0dTUhK7rtLa2kkwmeeihh9i4cSOappFIJDh06BBjY2NMTEzQ0tLC+Pg48Xhcxij39/djt9vp6elh8eLFeDweotEopVJJRgP7fD7a29vxer3SsSCE0GKxKJ2sQiQVIqLdbpf95HI5NE3DZrPJ2sU2m02KieLYYaomsXgwJqKZhRtW1OPN5/NkMhnpkJ2cnCSdTteIwSKCulgsSnE5k8kwPj5OIBDAYrHU1L8tFovS+QrImGar1SrPnzhus2AqagALUVu0KRQKUkj3er2Ew+Ea57fD4QCQ14NwMxcKBekCFxHOhUKByclJGhoaKJfLJJNJCoUCGzZs4OTJk6TTaXkexPF0dHTQ1NTE0aNHaW5uxmq1cubMGbq6upicnCSTydDZ2SmFYHPUtbk2tDhfoga0+XwJrnbi2n333cd99913yffsdjv3338/999//2X7uPvuu7n77rsv2+b666/n3/7t3664TVtbG1//+tcv22Ym436jNqtXr2b37t2X3Y9CoVAo3jyKhRyP/9fPKRWK9ccHG6Chs/HGTTXlJupB7LOlpY3r1lzHyEBoxmKHHK8GqXSS3Xt2s/WW7TidDt4VvkkNMCCbyVDM52Z1xFabjd//whf4xO98Ut63zZRsJktjUwuaptelcV7LVK4pDU3Tuf66G7h+7fWELg7UdWzZTJZf/NdjlYSjUhm0mVWIMwCH08XGzTfh9wdghq5jxTub6efY7/Oxfft2br75Zr761w/Q399P76lexsbHyGayr9NLfeRyWR76yY8YHx275Bjk2KqvyjcaGAapVOKqjEGhUCgUinc6SgBWKBQKxZzB63YQTVSiW3XdgmGUa9y/5vq+QsRMJBLY7XbcbjfJZJJ8Pi8dojabjcHBQZqamnA6nezbt4+hoSE2bNggRbpoNEowGETXdbq7u/nxj38sRcFwOCxr+QYCARKJBNlslnw+TzabZXBwkG3btsl6tfF4nEKhgNfrJRgM0tXVRblcZmxsrEZUFcKqcMWKSGQRJSzEX4fDUePEFe5eEfssfi7cuA6HQwreIqZZiOKiXm65XCadTjM2NsaDDz7I6OgomqbR2dnJfffdRzabJZVKkU6npYhus9l49NFH6e3tpauri7vuukuKpqJvs0Ar3K9CwBaCPSCFbFH7uFQqkcvlpLAt6hQLwdZisZDJZKSILOYkl8thsVhwuVxSRIaKyJ5KpWRctNVqJRAI0NjYSDKZlA7es2fPMjIygsfjweFw0NjYyNmzZ4nH48ybN4+enh5OnDhBc3MzR44cwW634/f7OXHihBSnhbgthGoheJujxIWz1PywU9enHC9e95RwrlAoFArFXOXQwYMcOnRoxhG3NVSVgVtuvRVLneLhdCwWC1u2buHZnc9QmoWb1DAMdj33HL977730LFw4J8TImVIsFCmVym/c8BL0LFjA5k2b5P2aYgqXy8Vtt7+HZ5/dST4382SYcrnM8ePHZ7XPngU9bN60uW4xXjG3EJ/PdF1n4cKF9PT0yPeuxqKARCLOjqefZGxktO7+5prbX6FQKBSK2aLu1hQKhUIxZ/A47VIALhtTNYCFk9IcX+x0Osnn8zQ2NhIOh0mlUhQKBSkMFotFctWHKKlUing8ztDQEGvWrCEWi5FMJpk/fz5DQ0OsXr2aF198kYsXL5JMJuV2wjVbKpWIx+PY7XZZFzadThOLxchms1IAjkajBAIBfD4fzc3NAPJBl8vlkqKncISK9831Ys01ZcX+zVHKIirZZrNJ8VgIvoZh4HQ6pVgKyKjkrq4u+vr6iEQi5HI5RkdHZW1cr9eL0+nkpz/9Kbfffrus9ZrP5xkZGWHXrl2MjIzQ3NxMd3c34+PjZDIZuru7pThvtVpr6hSLsQkBWNM0KU4LAViIwcIhLc6bxWIhFovhcrlIpVI1rtlyuSxjqM01nkVEtIjLFjVgxTjC4bCsM2yz2RgbGyOfz+PxeAiHw0xMTEgH9osvvsi6detwu92EQiGCwSBnzpyRDuZEIsGjjz7K6tWr6enpkeK6EKMBMpkMbrdbLlaw2Ww4nc7Kww/T8w+vy3FVfncUCoVCobgWEfc1//XYYzKVpJ5tK2gsXbaEFStXmt6Ub82sL9Fc09i0aTP+hgZ+AAxxAAAgAElEQVQmJybq02+NymsoFOKFF15g/vxuLFaL7HdOI3K8ZxkR6/V6sTucl21jvt8T973X+rwKF7m5zvEMN6xQdVffcMM6VqxYweHDh9B442MX74mSODPdr/gscf0NN7Bo8aLXlCZ5qzAMAwNjzjvoX5v8U+d1Usc+pp/L1/uzed/mNq831isb29R+Zr7Ntf97r1AoFArFW4kSgBUKhUIxZzC7IQ0D6ZIFZKSwEBKtVqsUPR0OB4VCgUgkQiQSobm5WbpOm5qa2L9/PwcOHJBxz93d3Wzbto1f/OIXfPSjH+WRRx5hbGxMRgA3NDQwOTkpHalCdIzH41gsFrl/ISQbhiGdtsFgkEAggK7rhMNh6T4VTlvhaNV1XdbXBUin0zLW0G6318RB53I5nE7na+r8CqFV1DEW7wnB1W63k8/ncblctLa2EggEOHjwIE1NTQAsW7aMQqFAIBCQjtaBgQHpuC0UCpw9e5b29nba2tqkG/ncuXPk83mWLFkiz1ehUMBms8nobkCK2MIpK45ZCMDZbLZmu2w2SyKRwOl0ynq+QhQGZBx1PB7H6/Vis9kqsXdVZ7ioRSyc4F6vVz54FosIstksPp9P1l9OJpNomkY8HscwDOLxOFarlePHjxMIBBgYGMBms9He3s6qVavw+/3yWjl+/DgLFixgbGyMaDRKc3MzDocDv98v61CL2Gcxjso1PfVAxetSDmCFQqFQzE2EgBAOh9m/f/+sBQVN17j77g/j9Xnr1X0v0Rn09Cxg/YYbee7ZX2GUZ+hoFUJG9funnniSD33obgKNgdmO5B1EZbavpD5oOp2mWCzMuH2NKKVduwJ7MpGSIuxsMAA0g46uTu74zd/g9OleubhxJsxmXrxeL9u2bcPldM26jyuhWCwSiVbqu74bxD5N0yhVP4uIxcxX67jr+Tv19fZ5tee/RnQGitXP8jNlrl8PCoVCoVDUixKAFQqFQjFnMLshS4aBVqqInCI+WQhphmGQyWRIJBLkcjmSySQWi4UFCxZQLBY5evQouq4zPDzMyMgIvb292O12DMNgYmKCXC4nhcmHHnqIgYEBisUi6XQam81GIpGoqTUrPrCb3a1CzI3FYtKR63a7yeVy0onqcDgYHBwkEAjgcrmYnJzE5XJRLBYplUokk0npGvV6vVIgNUdCA7J2r3ke8vm8dCQLYbFcLtfURc7lctJx63K5WL16NcVikZGREUqlEu3t7cybNw+Px4PL5SISiVAsFhkaGpJ9tba24vV60TSNaDRKNBrF7/fT3NyM2+2W4zHX/RUOZLMrQRyLiG+Gijs3nU7LhyHinIio6q6uLjkP5prP4sGAcB6n02l5PsT+vF4vDocDi8UihXDhUBZx4sKt63Q66ezspLGxkcnJSYLBINFolEgkgt/vl+fyiSeeYPHixVitVtauXUtjYyP79u0jGAwSDAblXIRCIRobG4lEIjQ2NqLruqxJDGCxTd2+ed3KAaxQKBSKuc3RI0cIhUKzchtqmkZjIMAtt91aub+5Qm3AoFKP9mMf+xgv7d5DOp2uswcNDDh79iwXLpxnXeP6KxvQOwCjRnaf3QnoH+jnyJEjdHcvwGq1TXV3qf1V7/MnJyeZnJjg4MGDvPzyy9dkJOyhQwcZHx+ns7Nz9sKVpmF32Ln99tt54vHHOXXq1NUd5DR6enpYu3bNm7qPSyEEyFQqxe7/3s0H7/oQra2tc14ENjAYGRnm3LlzLF26FLgKIucl/hoV6Vd2u11Ge4u/c82LhgVv1pyb/54/c/YMY9X6vwqFQqFQKGaHEoAVCoVCMWfwuKaikVOpLB5nJb5XiIqFQqHmIYFwdlosFiKRiKyB+8ILL9DV1UVTUxPhcJi1a9cyMTFBIpGgpaWFSCTC0NCQjBdub29ncHCQ5uZmWf9WuF2FqCeiiYW7Fiqu5ImJCdLpNF6vF6DGiVoqlXC73VIQNjt7hfNVxDdns1kZEyycvsViEbvdLsdiFnkBGf8shGFRSzefz8txCCe0w+Ggs7MTt9tNNBqV8dJut1s6j82Cs6jh63a7aWtrw2q14vF4CAaDNDQ0EAgE8Hq9NcKmGJ95v1ARdsVcirEXCgUKhYKsbSxq55ZKJXw+H/Pnz6erq4tcLsfevXul8CvEYk3TZL9CkBe1iMW8FgoFfD6fFHyFs1lEUJqduYZh0NvbK13BqVRKOoibmpoYHh6Wiw02b95MIpEgGAwyNDQkxeWOjg5yuRyRSISmpib8fr+s+yzOd6FQoJSdeoCpHMAKhUKhmGtIbUIDo1TiF4//l6xt+kaig5QajWo6rgFLly2nq2seaFceGFvZXmfDxs10zZvP6d5TMxpXbQcGyUSM/fv2smbtGqw2e+3bcwzherZYLKDrGNR/nNlMln/59rfJZ7P85m++j0AggEFlYWAqlWJ0dJSBgQHOnjnD8ePH6e+/yOREhMnJSbLV+zc5lquIXEBoVGTuekWxV195hb954Kt8/vOf5/rrr5eL/DQ0sVag+qdL9WvUfFm0eAnrN2zk1KneqcTtq3XA1X1YLFbW3biB5ubWK+pO0zS06j35tF284ZDLhsFLL73I1/7mr7n33nvp7p6PPoPa0Bo6DqcLj9dd2f9b/NsmyrgYGGDUF/c9PDTM3/z1A3zta3/DwoWLqud2JttPxa4b5cpn4YmJMMNDw4wMjzAyMsxw9evExARoGn/0x3/Mhg0bZQ+FfJ7/89vf5tVXDtDU3ERX1zw6Ojvp7Oqkq7OLjs4OGgMBKqtrrtKcGgb79+/nr/7qL0nE47Pafi4vClAoFAqFoh6UAKxQKBSKOYPZAVxGkyKhubaszWaT7kzhcj169Cg9PT0cOXKEwcFBGcGby+VYtmwZ2WyWaDTKddddx7lz52Q9X7fbzeDgIBcvXpQOX03TpEtUOFWFCFwqlaS4KdpFIpGa+GYh+DU2NuL3+5mcnKRQKNQ4d4VQaa6VK+KSrVarXLUtHBAOh6PGWSvilEU0tRDHzX1Nd+MCMp7YZrPJ8YsHXy6XC5/PRyQSYWBgAJfLhaZpNDU14XQ6yWazOBwOUqmUjGgWx6DrOjabTY5VCLui5q559bkQbafPay6Xk0Kq3W7HZrORTqc5efIkvb290tVss9lkNLYQVs3HIvYj+pqYmJA1o6EimgvR2uv1SoeJiI0uFov4/X6sViujo6P4fD48Hg+JRIJQKMSiRYuIRCIcPXoUr9fLli1bKJVKzJ8/n8bGRnK5HPv372fJkiVEo1FKpRJdXV3y/JTLZfIl7ZLXvEKhUCgUcwoDLlw4z549e+py+Qndy6iKJBs3bcbjcddKE3VqA6K5MCB7vV7WrV/HmdO9M3MlT9tfqVRix46n+cjHPkpLa1t9g3mnUZ0eu90h71Fnw8WLF/nLv/gL/vIv/gKAcrX+beWyqP7BmJrq2lqls97tJZGCsq7jdDrq1lrlYtBcjl2/+hXPP/dcVaozqvNVEZQ/8tGP8o1v/h0227QFf1rNF6ByL7t9+y089l+PkU7Er+5BV8XopuZmNm3ejMPlvCKtz2LRZVLSTPsRc6YBpUKBp556kqeefKL688t3ogFWq43fvuce/uIv/7JyX/8W6oOapuFyubBareTqCDGQtZpLJfa+9BIf+chHWL16NV6Pj+kHYP57SHzOyeWypNNJEskkiXicWDxeWWwLU7H0Jset1+cllUzW9Fs2DPr7+9m/b9/UzzT5GweAx+Oho72jOq4rwzAMYvE4AwMDlMulylhnUftdlBRSKBQKheLdjhKAFQqFQjFn8JjckIViCZdVk4JpKpVC13Wi0SjhcJje3l7prD1x4gQWi4Xx8XEymQwNDQ24XC6CwSBnz55lYmKClpYWyuWydG2Gw2GcTqeMFnY4HGiaRnt7e2UFNRUnbLy6ajkajRIIBKQQLWrI5vN5zp49i9PplK5Tu93O+fPnpVAsBFIhHgvRUjhQzQ5f8TMhkprrHgt3sHAFixgvswtWjEuI41D7QEFEYYuxiPq7uVwOi8WCz+djwYIF8iGHuR+HwyGFXuGyFQ8oRJ9C4BUOXbEf8dI0jUwmUznHVXF/eoy0YRgkEgmGhoY4duyYnHeYEo1FLWXxQFlEbwuRWQi+xWJRfi+cxmantTgP2WyWUqmEx+OR+3E6nVgsFlpbWxkfH8flcmEYBoFAgHg8zuDgIMePH8fj8RAIBJg3bx6nT5/G5/PJWsIjIyOUy2V8Pp+83gx9yulurnutUCgUCsVcQDzqLxsGv/jFL0jEZuEAq3Zit9u47bbbZuQQrAdd19m8ZTOPPvKILAlRLydPnuTQoUO89713XvXxXYv4fD4cDudV608Xt6eG/N9bjsWi09AQqCw0nGUtXylUG4YpJFub1RGtXrOGDRs38sLzz131KdE1jRUrV7D2uuuu2F1pdzgINAbQNR3DqK/GqxxPpQByzfmfPq4p/2sF7bXK+VuCrusEm4I4XS5SicTsOjEMUvEE+15+GWOmDuLqAgnzZzn9Es1mGq8v2onfPTGCTDLF+bNnmZKFtStaf1AZi1b5LZhlR36/f/YDUCgUCoViDqEEYIVCoVDMGcxxuOlsgYDbSbFYJJlMEolEyOfzxGIx0uk0N9xwA1arld7eXt7znvfwve99D4vFwubNm2lvbycYDHLw4EFGRkYoFAq0t7ezatUqLBYL58+fZ3h4mGQySS6Xw+Px4HA4pLiYSqVkZK+ZRCIho4hFXHEmkyEUCrFkyRJZA7i7uxu/38/IyAinT58mXl2t7XK5SFZXZYu+hTNURBsLh61wIQsBWDiLhTAsHLEwtUrc4/HI2k+iv2KxKL8XoilALpeTcyscsS0tLXi9XsrlMrFYjHK5jN1ul3V6hUhrdtsKd7Pb7ZauY/PYhEtX7EMIzSK+W4jQ+XyeTCZTU185n8/T1tZGNBqV4xdzJoR1IZh7PB4p2opYZyEaZ7NZ6UQ2R1ALEV20F69yuUwgEMDhcJDJZBgYGGB8fJympiYmJiY4cuQIUHkQeuzYMVauXMn4+Dijo6MMDg6ydu1aSqUS4+PjnD17VtamFseaKkw9YFQR0AqFQqGYa4h7gGg0yvPPP38FcZ4a111/A0uXLbtqY5MuRA3W33gjwZZmRoeGp6tMMxiZRjFf4OknnmTr1m14vVfunLvWCQaDBAIBhkMDdcUlX7Ld5bSqt0Dc07SK8Gi1WGlvb8PldM6iHvR0l7JmOq6p8Od6aGlt4Y477+CV/XtJpVJ1j+dSlKuuZLfLxcZNm2hubr7iPh0OB50dnehWC6VC/QLw614T064LKahrtUHab0f8c2Ogkba2NibGZlfTdmqhQJ2XuPE6x1tvCoJ0YL/RhlPjnC3mMzUjpuWHGxq0dXbMfgAKhUKhUMwhLrX4S6FQKBSKdyTtTVMPzyLJHGfOnGF8fFzW1O3s7GRycpJwOMzExATFYpFUKoXdbmfx4sVs2bKFLVu2oGkaFy5ckNG7nZ2drFmzhmPHjvGjH/1I1nW1Wq14vV7sdjvJZJKJiQlGRkYApFPV7GQV4qYQXIvFIn19fTQ3N/P8888TDoc5deoUBw8e5PDhw4yOjgJT0cvCpSqEVF3XKRaL5PN5Ge0sBFDhSs1ms7JWsXC8CuFUiIpCFM7lcjIaWrh2za5i4Y6Nx+Mkk0kpuLa2trJ+/Xquv/56urq6WLp0KRs2bODmm2+W/WezWWKxGOFwWArniUQCTdPk+4VCQQrLwuksnLViHCKmWgjBojZvPp/HbrcTCASkYxcqIuv4+DgWi4XGxkYAMpkMuVxO1hXWdV3+TLh4xH5EXWOxb0COz2634/f78Xg82O12gsEgHo8HTdNkzehsNsvIyIjcB0BfXx8Oh4N4PI7P56O/v59Tp06RTCZZvny5vJY6Ozsr9eAsFhk3bbVamYhnLnnNKxQKhUIxF9CqD/NP9/Zy8UJf/dtXv1qsFj5+z8evOK72UhgGdLR3sH379tfUMp0pmgEHX32VwYGBqzu4awxN09A0jUAgwMKFPVcnmli7zOstRNd1Fi9eTNNVEEXNGNO+zhSL1cKtt97GwsWLrup40KC1tZWtW7fJWrZXgq7rrFi5EudVdIRfK9fE6xEIBFixYoVcWFs3lxC435A3Y04u1+eb8ap7fBpoGlu3bZvd8SkUCoVCMcdQArBCoVAo5gyL5009fDk9MMGrr76K1WqlVCrhcrmka3bjxo00NDQQCoXI5/McO3aMNWvW8Pu///v09/fT3d0tBb5YLIbD4ZDiYFtbG21tbVgsFlatWsXixYuZP38+HR0d0gHb0NAg6w0L56jb7QaoiTgul8uyxm9jYyO7du1idHSUM2fOMDw8TDgcJpfL4XK56OzslPV5RWyxiIa22+1SSBXu2Hw+LyORRey0WLktxiBEYbGtiFQuFAoAUigWPxOibTKZxGKxkEwmCYVCnDhxggMHDnD06FGOHTvGxYsXOX78OI899hj9/f2Ew2EmJydxOBzS5RqJREilUsRiMRk9LQTXVColxeZyuSzHlcvlasZmru1cLpcpl8s0NTXJOsXlchm/38/g4CCGYRCNRmsEdBGVLY7d7JrWdb2mXrM4X1arVUZZJxIJKYYXi0UCgYA8BzabDY/HI89FPB4nHA7LfV24cIHJyUnGxsZ4//vfTyaT4ciRI+zatQtd11m2bBnRaFSK/oODg4yNjTE6OkrvxfAlr3mFQqFQKOYClURXgx07dpBMJEHTMGaoBGjVbQ3DoLWtjY0bN11xXO0l96NVRKy77roLj9c7ix4qNr6x8XEOvnpQlsOYixiGAdW0lQ0bNuD1VOfLmPpifl29HYuXMTWON4HFi5ewYsVKdN1yRQdhUKmtKsVfbRYx0Aa0d7SxecsWQJNzfyVo1ajl1WvX0N09f2qwV4BhGCxduoRly5dOjdEwrvIFYN6h/N/bogcbgMvtZtOmTegWKzK6+kqulRm+3g2I+tnmv2u2KQFYoVAoFApACcAKhUKhmEMsnT8lhu09MUh3dzctLS3SLTo8PMyFCxdkNG+hUCAQCLBmzRqCwSDHjx8HIBwOs2LFCmKxGJ/4xCdwu92ybq2ING5vb8fr9eJ2u2loaCAYDGK322loaMBisciXx+PB7/dL9614wKdpGna7HavVyq9//Wu6urpYv349jY2N6LpOQ0MDTqeTgYEB6TI11/c1xzmb6+Oa44iF0CleqVRKiqjC/WoYBul0WjqVk8mk/LnYh67r5HI5OWeGYRAKhQiFQoyNjRGNRhkbG+P06dNcuHCB06dPc/z4cSKRCJlMhkQigc1mY2xsDKvVSi6XY2RkhFAoxOjoKMlkUu4PKq5jITjncjnpYoaK+1ZEMufzeel+hoooPDo6SiwWI5FIkEql2L17N7FYjEKhIEVlsfLeMAxsNhtWq1XGXotFAqVSiXw+L0VgXdertescNfMj4r41TWN4eJhsNiuduuVyWcZqa5qGzWbD7/djtVqZnJwklUrR1taG1WqlubmZnp4ebrnlFlpaWmT0td1uJ5/P09XVhcPhwDAMDvQOX/KaVygUCoViLmDoMD4+zs6nn6rUr5yF49AAVq1aQ1NTU1UUvtqDBAyNFctXsWDBwvq3r4p7uXyOHc88TTKZnHEdzncaWtWRp+s6t9/+XhYtXoKmvfZR1FUXgE39vilUr8mGhgbuuONOfL4rqzmqUXlAJ4N2ZXTvzC9+sc22bdsJBoNXNB4zHreLzVtuwuvzV6OUr1xGbWlt5YMfuguH01mJBK832rgeZMfG21MtunoaN2/awpKly2Y3BpMrVtMq18pMXu8KNKOyYKL69+fqVatYs2bt2zwohUKhUCiuDd419wMKhUKhmPssmdckvz90doz58+eTy+VIp9PSjbllyxbC4bCs79rX1ycFzFKpxMqVK2lqaiIej9PU1ITP52Pp0qXSGXr+/HlZJ3f16tX4/X5WrVrFxMQE+XyedDrN5OQkXq8XXddpa2vD6XRKsdftdkshT8QQnzlzhgMHDlAoFOjq6qKlpUWKsh0dHZRKJeLxuBQ+heAoHhRarVYp+IratUIU1TRNun/NtYKFGCpq/IqIY3N9XtFnLpcjlUpJJ28kEmFkZETGRAMkk0lisRjZbJZoNCr7tdls+Hw+6ch1u93Y7fZKLdtUitHRUYaGhqSLV8Q+C/dvuVyucS6LYxGCNyAdu1arlSNHjnDw4EEOHjzI7t27OXjwoBRsoSL6To/jTqfTUrD1+Xw1dZKtVitOpxNd14nH40AlVtput0tRXrSFqRjtfD4v3d+GYeBwOLBYLFIUFzWLC4UCzz//PCdOnCCZTMpY8ZGREYLBoHQwnzp1StaQ3nN08JLXvEKhUCgUcwHNgGeeeYaxaq3MKVHsjTELqNu2bcPpdsl7pqtJVf/F7/ezbt26Sgx0HVqdGKdmwKuvvkrvqZM19zxzEg265nXx2x//OP4Gv5yrNy2t19ShbrFgt9uvZu/VfWhousbN27ezYdNGNP3K45GvBKNqLF2xciVbtm2dfdzwNOZ3d3Pjjesr5VCu0olyOBzcecdvsGlzxaVfGfvcWwBhpr29nS9+8Ys0NgauqXjqdzwGaNUF1oHGAF/6oz++4gUZCoVCoVDMFZQArFAoFIo5Q3uTD7utUqd1cDxJQ0NAuihDoRADAwPouo7X6yUYDNLQ0MC6deu46aab2LRpEytWrCCVSuH3+5mYmCAQCPDwww/z9NNPk8/nMQyD7u5u5s+fTygUYnJykkQiwZ49e6TzNBQKYbPZpLg6PDxMPB6XfxYuXnOMc6FQ4IknnmD//v3E43G5vWEY+Hw+wuEw58+fJxKJSIERph4eFotFPB6PFC6LxaKMfxZOWhHnbH6Vy2XZXojL5genwn0qoqojkQiTk5OMjo5KITqfz5PNZonH40SjUQqFAi6XC7fbTXNzMz6fD4/HI2stC4HabrdjsVgoFAqMjIwQDodl/WGzSCsik4UYLKKZAbm92ZF75swZdu/ezfPPP8/g4KB8kCr6FiIzIIVkqDyEErWcRf9CDC8Wi8TjcVnTNx6PE4vF5LEYhoHdbiebzUonscvlkkJ2IBCgtbUVr9eLx+NhzZo1rFy5Eq/XSywWky7s3t5eXnrpJSwWC6lUCo/Hw7x581i5ciUdHR2sWrUKt9tDOJYGwOOy0xzwvHm/UAqFQqFQvA2kUimefvKpWblhxb/7vgY/226++U0XVHWrha1bt2J3OusarxSlNY10Ks3TTz1Fvlr2YS5jAO9///u5/b13yAWIUgzn6uhhor+yYVDCoK2jg6989QHef9ddb5q82NLSwn333cfCxYurMc5v33nUNI1gMMgdd7yXQGOAK51Vi9XK2uuuo6dnkXSuXy3a2tv53H2/R1NL81T09Rz+HbDabGy/9RY+9X98Giw65Wpak2L2mBfO2Ox2/vCP/pgNGze+zaNSKBQKheLaQQnACoVCoZhTrOxpld9HEykcDgcAXV1dRKNRhoaGOHPmDJqm4ff7mTdvHrlcjkgkwoEDB6QY2tPTw4EDB1i3bh1Op5Ndu3Zx/vx5Fi9eLKOUDx06RDgcplgs0tDQMPUAqxr3KwRHURcWkJHFuq5Ld6iu62SzWfbs2cOePXsYHBxkZGSEVCpFNBqlr6+PY8eOcfr0aRKJBBaLpaY2rhA/Rf1f+eCr2kaImGYnrKjtK2KexYdnEa1cKBRIp9MUCgXGxsYYGBggkUgQi8WkEF0ul2Xstcfjkc4KXdcJh8P09fWRSqWIx+O4XC5ZR1eM2ePx4HA4KBaLjI+Pk0gkamr8ivrF0x2/oo98Pi/nFSpCtnBVi4cpwoUsXLji+EU7IfbG43EymQylUgmbzYbNZpOOaMMwcDqdeL3eGtexQAi4Qtj2+Xyk02kZMW2OzhbjF7HeiUSCU6dOSef0Cy+8wK9//WuCwSChUIiJiQkpqqfTabBMuVdWLJi61hUKhUKhmCtc7Our3KtB3bnAhmFQ1uDmm7czf/48KVhdbUnJLCyvW7+eefPnoel1RDhXB1URPQ1efnkvY6NjV3mU1xZiZvyBBr74pT/k1vfchtVmu3oivWFAuVIt2gC65s/j05/+NA/+4Ad88tOf5rq111VE56uzt8ouhdSra9y4cSNf+vIf0d3djYE2VXb2LdQzter1ruk6GzZsZNGixVcsRnu9XrZu24bdYZN9XekhiQUQmqaxefMWHnjga3QvWCDfn2sisIaIQgen08m9n/kMn/jEJ3B53FPR73PrkN8SxIJqwzBwuz187nP38dsf/3g1kUHZqxUKhUKhALC+cROFQqFQKN45LJnXzOEzlRqpusOL0zkVz9vS0kJ7ezvt7e2yXuzKlStJp9MMDlZidd1uN0eOHGF0dJRMJoPb7aa7u5tMJoPT6SSRSEhBMhwOy+jkdDqN5f9n783D5LjPO79v3VV9Ts99AIPBzQMACUIUSUkkRIsEZEmWTIkSE0nrjS1r7WR3n8exN7bXSfZZH/La2d0kenYdW0q8tmNrrcuPYusgRVKERFIUBRgkCOI+BjPADObu6bPursof3e9vqgcAMSABEsf7eZ7WDLqrq+r3qx6xuj71fV9FgSRJWFxcFKWDNU1DtVoVCVEqyUwCkQSwoihwXRevvPIKDh48iEKhgE2bNsGyLJw+fRpjY2OIogi1Wg2+7wNoplbpSy9dREkKU8uy0Gg04LquKBNNpZkVRUGj0WgTmVSymJYBmsL67NmzCIIAjuOgUqlAVVXU63XRyzafz0PXdbEciWhFUTA9PY0wDGGaJsIwRCaTEfuWTDo3Gg1Uq1VRLpp6EgNoK2dNPYwpHew4jkgCUw9hSvvS3CR7JicvOJEUT5aYpu0piiKkMUlh6qlMqWR6nfYll8shiiKRDvZ9X8hgwzAgyzKq1SqKxSIsy0KtVsPAwADOnDkDVVWhKAr6+/vx5JNPQtM0FItF7NixAwMDAzBNs/kZCZKfdS7/zDAMw9x8vPDCC1hcLKiEvD4AACAASURBVII6oF6pFzFNE4899hgU9e253FHoLODRRx7FmTOjaPjB5d+QJAYgAZOTkzh06FBTJCdubrs5iTE0NITf/b3fw//+H/8jvvvt7zTPwehAvxVvIwFDq1bhM5/9LB7Z9SiGVq2CquoAZAytWo1UOoNatXIVxnCRTUsSPvCBR5DL5fDH/+6PcOzIkXdQZMbo6urCbbdtxj/u2/eW1jQ8PIytW7bg6tcrbv51q5qGRx59FB0defzhF34fR48cvekE8HIKhU78zu/8DjZt2oT/8L/9e9j1OsT/GbyD3KizXujsxL/9t7+LR3fthqprrWdZADMMwzAMwAKYYRiGucnYuLpb/H5upgyjV0dfXx+KxSJeeeUVPPzwwzh48CB6enqgKAr27NmDfD4v5OLU1BRUVUWhUEB3dzeOHj2KTCYDXdfhOA7iOEaxWISqqqhUKkK++r6PXC4H0zQRRRHCMES9XhcSkhKziqIglUohDENomiakK4lISu3OzMxgbm5OPAc0ZXG5XBbp4aTQJPELNEsjK4oCz/NEQpb6FpM8poQrydrlZfg0TUOtVsPExAQmJydRr9dRr9eF2JyamoLjOFBVFdlsFplMRpRRpr7EtJ+O44gUsSzL6OrqQmdnp0jUktTVdV08R5I3mWhuNBpi/cn3kLBNSmCaCzo+yb7ItC6SrgDayjlTuph6FRuGAd/3Rf9hkvaSJCGTyYjjHUWR2I5pmvB9H57nieUKhQKOHj2KUqmEYrEIz/Nw+vRp6LoOy7Lg+z4ymQzWrl2Ljo4ObN68GeVyGQcOHMCOHTuan09n6dJM8rPOMAzDMDcL3/2Hv2/mJ+Xmf8uv6DK+JGHV0DDu3LL1qqc9k8StbQHNsmq7du3GN7/xTSzMz2FFGkVK+k4Jnmvjhed/iJ3vfwjpTKa5XlmGJKmQ5QbieGVlYiVJbq1RvmKbk5RukiRBlmRIaMloaaVlaiXIsgoJEuKEzxIJyNa/4jhGX/8g/uALf4R7770fX/vqV3H82DG4rtNM8l4Buq5jYGAAt99+O37mkV14+AM/g458Xhyf5rgi9Pf1oauzC3a1vuIxNc+zASC+aFJ5+XOqquGBB96L//wnf4q/+su/xLPPPIOpqUlEiXNQel+yctClhKeM+OLzcckpopsmYsiyitWr1uDNirA4jqEqKt5177vR09sPqbXuq8fS+BVVwbvvvw9//hd/ia985St46skncW78LHzXRfxWNkoJUUjN9LLcmp34IsczjiAjhiI3E9TAlZUllyTlgqUv9V5JkmGlMvj0Z/4J3nXvffjyl76Effv2Yn5mRny/S34+Lj28lf2t0Hcs+n6mKCp0Q4euG7AsC5ZlIZvPY3jNGqxdtz6xAUCVFTz66C6k0xnMz8/DtutwHRuu68L3fYRhgCAIESda7VSr1bbS1smblZf//8xKuGCcMaCoCgYGB/Hehx7E5z//eQwPjyxb342qsxmGYRjm6iLFN/utdQzDMMwtxX/59j58/g+/CQD4tU+8C7u35WFZFvbv348oinDbbbeJRKhpmjhx4oRI8zqOg9WrV+Puu+/Gd77zHZw+fRq33XYbDh8+jKGhIUxOTqJSqSAMQ1EOmcSt4zjo7u5Gvd68qOS6rkiMklAkqalpmpCJwFLPXiJZKpjELD2fz+fxvve9T/SaNYzmF3cqdez7PjRNE71yafumaULXdZimCQAigUtSOimQKa08OzuLQ4cOYXp6Go7joF6vwzRNpNNpaJqGTCbT1j/YMAxR9rper4sEsm3bcBxHjCmXyyGbzaJUKqFWqwmxu2PHDtxxxx2wLAtRFInSyTSOZNlqx3FE6WySyGNjY3jxxRfbykLLsixkr6qqYrxUJtqyLCGNqdQyvZ/mF4C4GOO6LgzDgKIo0DQNuVwOnuchDENYloV0Oo3FxUVomiZE8MDAAFzXhW3bME0Tc3NzQiLPzc0hlUqJvsnVahWf+9zn0N/fD9M00Wg08KMf/Qh33XUXVq1ahR8creM/fetVAMBf/K+fwi98aMfV/hNiGIZhmGtG8hyHzpPov/H0KC0uAPGbK1wbx4BumOjq6hI9domrKa/a9i2OETUizM/NodEIAWlle57seSrLMlRVRVdXd7MKSRSjtFiC67pAHCFe4TqbtkxCOp1GriN/ReWV49acS2ieEy0uFFs3z8UrG1NrEUlSUOjqhGGYbQL4Yttr/YJ6rY7xsTF878nv4gfP/QBnRs8gbIQXJMDplgDLMrFlyxY8tHMnHnrwQaxavRrpdBqqqi+JdWodEjfLQodhiFJxsVXxZYVjApBOZ5DN5Zf6Nl9q+MvEViMMsVhcxP79+/Cd734HL//kZRQXiyLoKTUXFC1Derq7MTS0CquHV2PtyAg2btqEO+64A4NDq1pifwW01h0DaIQh/uov/gJ/9O/+8E199qMowsDgIH7vD76A9z/8cNvYrgVxHAOShKjRQL1Ww9iZMTy35zn84769OHXqFEqlRYRhQ5ShJh0do3l8dd1ALpdDf38f1q5bh9WrVyOdSiOdzqKrqwtDQ0NYvWa4eeOvLF8wJ3EcwXUdLC4uth/LFe6/qqro7OoR3yNWMk+0nTAMUamUcfrkSTz//PM4cvQIJicmYLduPn6DFTQPeetmV8MwkM/n0dnZiaHBQQyvWYP169ZhZGQEZqsdT/MhQ5YVKKoKRVagampbVSja/ziO2/5M6KbXMArE97JGo4E40WYoajTguC7GzpzB2Pg4zk9OYmp6GqXFEkqlRdiOg8APEITBiueJlstmMlg9PIwtW7Zg586dGB4eRjaXg6w05fvyWxSoUhQ96PuxJEmi2tW17hPPMAzDMFeDSqVZwebAgQMrfs/dd98NgBPADMMwzE3G9k1D4vfv/fQ0fv6+96JcLiObzaK/vx+u66JWqyEIAmQyGaTTaZw8eVL0up2dnYVhGJiZmUGtVsOJEyfQ0dGBYrGI2dlZISApgUqlgi3LQqlUEunVZG9d+qKpaRpUVRV9eWld9IWblqWLovTFNInjOPA8T0hISgIDaNsG3YGtKIqQmFR6Wtd1IZyTX3plWYbv+0JYd3V1oVarIYoiaJqGe++9F8PDw+jv7xdzCkAsb1mWSLy6rgvTNJt39bdkKYni3t5eTExMwLZtlEolWJaFIAgwODgoLiwAS9KVJDv1PqY5cxynbfyzs7Nif2h+k8lqGhuNndaXTBbTvNE8UnlvmoOlPlMp5HI52LYNz/OETHccB/l8HqVSCYqiQNd1zM7OQlEUdHd3Y2ZmBrquo6enB7VaDbqui7E0Gg28733vg+M4KJVKWLt2LSYmJnDfffcBAGZmZvDtl6aXPuublz7rDMMwDHOzMDC46i29fyXJuasFSTxZkdHX34cls3dlLN9nSZJQ6OxcSn9KK1xvjCtO0AqkJamm6Tr6BvqvfB3LYr8r2RNJkpDJZnDnli24c+sW/Mb/9JtwXRfFYlGcH9FyVHmms7OzTbSJmyVx4XFvJkBjKKqK7t6eK/5crDQz0bYfcQxZUdDd24PdP/sh7P7ZD6HRaKBcLqNSqbSdo9P3keXjSaYmr2xfmtrcdW0cPnKoJUivfMyKouC222/Dtm3bxH5dU1rHSVYUZPN5bL1rG7Zs29pW1SdKiMbl32GSfzsXS5nSDQ6XmgpJkmFZaVhW+uIJ4cvwVrI1mqahq6sbnZ1dePf9D7St80puOki+52L7c6ll3mj55K04kiJDU3ToknHRfUiyengED15iu1fKG81tMyHOEpdhGIZhLgULYIZhGOam4q6NA8ikDNRsDycmFpHNdSCbbd75TeKPJOr4+DhGRkZw6NAh7N69G9PT08jlcjhy5Ajy+TympqawuLiImZkZVKtVIWWXlwOmNKrjOOKCVK1WgyRJQoJKkiSeA5ZSv5RQBdAmf4GLX8Agsey6LlKplFhX8qIHjZPucvY8D6lUCqqqCgkqy7J4H/XSTaVS4uIKpU8/+9nPYmxsDL7vI5/PY2FhAalUCoqiIJfLIY5jZDIZOI4D27bR09OD7u5uTE1NIZ1Oi7LZ1DeY5OiqVatw6tQpZDIZWJaFhYUFjI6OYnBwUEh1AG0yPNkvOAgCUZqZ0kPFYrHtQhnd3b38whldYKOxkjA3DAO2bYuLE41GA7VaTfTvpflKHpdkKWp6n23bWL16NcIwRLFYxNDQkLiImUqlRPKZbjQoFAq46667MDk5KcqQd3d345VXXsGGDRvQ09MD13XR09uHsT8/CQAo5CxsXf8mLswyDMMwzE3O2yZ+r+I2L3g/RV+lJZl6BSu78ve8uTdcetsrWKMY87Lev7IsIZVKifPclW32jfddaon5NzPCKzm2QnS1/p0cmqIo6OzsRGdn54rWc6mS02+cCAUQx3A9B9/4xjfw/I9+tPIxJ3dWkqCZBu5/4D3o6uq84LheK5KievkcJFObl13PCsp1X+n73473XO7fK9lm8nvQ5d63fH5Xuo0ref3NLruS973zXZMZhmEY5vqHBTDDMAxzUyHLEh66ey2+99IxAMDEXAXdmWZ/2EajAc/zcP78eWzcuBGO4+DP//zPsWXLFhw6dAhTU1OYnZ3FwsKC6FNbLBZRqVQwPDyMM2fOoFAoYGxsDEDzyyj1biWx6LqukMSGYSAIAtHblRK/yWQqfaElwUjPLyeZaJ2amsKmTZtEUpb61FKagMo5k2Cmkse0bZLBydepdy0lmClNPD09jXK5DNu2US6XIUkSjh8/jjiOsWnTJvT19WH16tWYnp5GFEVIp9Oo1+uifHJHRwcsy0K5XEahUMD4+DiKxSJs2xZimeR5b2+vSN+S5KWxUzKXLvyYpinEMvWZqlarbcKXxDAJ5KQQN00TlmWJFDH1ENY0DQBEGTVKc1OJaxLRSaFPxyYIAiwuLkLXdVEKXJZlLCwsYGRkBIqioFKpQJZl6LoO27ZFynfdunXo6urC6dOnsWPHDpimCc/z0NfXh2effRYbN26Er2TE5+HBu9Ze9b8dhmEYhrnRuaBc8IX1g6/pNle8mTcKC0rLfl4Jb2GMF1REvsJ1vem3X+tg6dvwGbj4hnFV25B6nod9+/Zhbm7uws92i8D3MT0zhRd//CIOHDiAKAjx5gKSMYaGhnDf/fe9bZLtrX7+Lku8bJUX1IB+g/feTJbxrY7zOpqna/6ZYRiGYZibABbADMMwzE3HQ9vXCQF8YLSID71rCC+88ALWrFmDU6dOQZZljI+P47nnnsPMzAx6enqQyWSwatUqpFIpkfhdv349Vq1aBdu2MTU1hVwuJyQd9ZKl8s9hGIqSwr7vQ1EUITcNw2hL6VJpYUr+UuKW+gYDuKD0W/L3qakpjIyMiJ67JB8BCDmpqipM04TjOIiiCLquAwDS6bTo20ulmSntSuNJ9i32PA+NRgPFYrMPnGEYooz0qVOnEAQB6vU6enp6YJomgiAQqed8Pi9KKJfLZQRBgOnpaRSLRZw/f14kbHVdh2EYbWKaevuSTNc0TYjhpECn5agUM7CUGFBV9QLZTnMhyzKq1SpSqZQQ4zTHlMROpqUp6VypVCBJzZ7DVLqb9oN6DdP8KYoC0zRRKBRw/vx59PX1iX3p6OhAJpPB7Ows8vk8XnzxRfEZqFarOHDgAPL5PI4ePQrbtrFv3z6gx2/7jDMMwzAMwzDXKVdR/iIG7Fod/8+XvoyXXnrxDdadKNjb6n28UismimjHEmRFxXvf8yBGRta9belfhmEYhmEY5urDAphhGIa56Xho+1I68h9eOoXNhWa55CNHjmDjxo145ZVXcPDgQYyNjSGVSuHw4cOoVquo1+vIZDJYt24dFEXB/Pw8Tp48iXQ6LXrhvvrqq8hms0KsUtLTcZy2FG0YhtB1XYheWZaRy+VQrVYRBAHS6TQ0TYPneUJy0nvp+YsRxzFs20a9XoemaVAUBbIsi97CVMZZVVWRWvV9Xwhq+klydHkqmUQxSUzTNJHL5eD7vthuHMeoVCrQNA1nz57F/Pw85ubmYJomACCXy0FVVciyjMXFRZTLZZG8npycxMLCAmzbFpK2UChAURQhp4Fmqpn2iwQszRWllkm0x3GMmZkZAO0lzShVDUAkd2kOgWbpbOqLrGlaW2qbSnNTGW8aO9CU6CTdqYQ0rW/dunU4e/YsOjs7USqVYBgGLMtCR0cHVFXFyMgI9u7dC8MwhHRXVRXFYrHZa+222/DCCy+IY/P6669jdHQUd9xxB35wvHTRzzjDMAzDME0uUFVvg7t6U5u4Hp3aW9yn63FIAN6RHbt2m4wv2+NZbPtKxS3FKWNgzfAa7N69u1WG+22awGu9mcut/7r9AF9l3uo4r6d5up72hWEYhmGuU1gAMwzDMDcdO25bBUNX4fkh9h+fxmurF5FJp1Aul/GDH/wAR44cweLiInp7e5HNZpFKpVAsFnHy5EkEQYDjx48LGVkqlUSqM5vNQtd1kaxN9gLWdR2e5wmRmEzTEsm+vcn0KiV8SVKSqCSS6VSgKRopvQpAlD1WVRW2bQthTQlhEpQkgCkJS4lleg2AKAtNEtt1XQRBIIQyLZvL5YQU1XVdJHl1Xcf8/DyCIBAJYVmWRQqYJGomk4Esy9A0DaZpipLOJEbpQYnZWq0mehjT8Ugmd+fn58U80riiKBKSPJkEprnOZrNinPV6XcwBpbapH7DneUL4JufMcRyk02kh71VVxcmTJ9HR0YHu7m4UCgWYpolKpYK+vj4EQYCJiQnkcjlMTExA13Vks1kxX5Ik4ezZs2L+NU1DtVqFrutYt34D/mTfJAAgbenYvmnoKv/VMAzDMAzDMLcsLf+r6xre//DDuGfHjuZ3jzjmFDDDMAzDMMwNCgtghmEY5qZDVWQ8eNdaPLvvJAAg2z2EtNIsVXzo0CHouo5CoYCNGzdiZmYG09PTePDBB3H27FkAzR5b+Xwei4uLIgkKQKR6SSZSspcSqvQcSc9k6WaSiCQjqe9ssgw0pVYpGUrPA0upVaJYLKKrq0sISZKzcRyLPsSe54mSzdSLmEQx9UQmiUxjIWFM29d1XYhg0zQRRRE8zxOp4lQqhcXFRSwsLAiZ67qu6I1M46G0LCWWFUURPXWjKEImkxH9dwEIqd5oNEQJaJoDEsPUM5lKVJMgp/ml12gshmG0paNpzul1KkmtaZoo11yv14Wkp/7D9XodYRiKlDONi7ZZLBZRrVaRz+fR2dkJSZJQKpUwOzuLQqEAz/PQ39+PYrEoSnWnUimk02nMz8/jnnvuQRAEmJ+fh23bzWS5muj/e/dayDJfiGMYhmEYhmGuLuvWr8fHHvt5aLp2+YUZhmEYhmGY6xoWwAzDMMxNyUP3rBMCuBJlcfy1Z1Gv1/HAAw/gmWeeEYnObdu24emnn8Zzzz0H3/dhWRYURYGiKMjn86jVakIo2rYt0p4A2nrBJpOzJAOpvDJJQqApGek5Sr16nifkIYlGSrbS7/ST1lsul9v65JLUJCFM26RevpSeJakKQCRzM5lM25gomUsloKlMMc1Lsmy167qiPHSyfzGAttLIlMSVJAmWZYlS05lMBvl8XohQ3/fb9j8ppmkOk6WdwzBEsVgUyWKaJ13XRWKX5pL6Hvu+L9K/tm0LiU/77nkezp07J0Q1Jac1TROlvjOZjOjtTK/R/BG1Wg2NRgOmaWJ+fh6qquKuu+7C1NQUjh8/jlQqJeZiw4YNCMMQlUpFzHd3dzcWFhYwNTWFcxV56bPN/X8ZhmEYhmGYq4gkScjlcvjsL/wCNt22WfQS5lsOGYZhGIZhblzkyy/CMAzDMDceH3rgNvH7t396FpqmwbZtLC4uYvPmzQCAV199FT/84Q9h2zbm5uYwODgopGexWITruqKPLknEIAiE2A3DUJRspuQsSVhKjdLrlDwlIahpmkjKplIpISApoZtMECdLQJNcrdVqqFariKJIlKMGmgKz0WjA8zyRngUgEryUiCXhqyiKSAOT8IzjWPQ41jQNqqoim82ip6cHvb296OzsRDabFY9cLodUKiWEpmmaQiRLkiTKbHd0dCCXyyGXyyGfz4t15XI5IYRpnuj3pDin5C+lqW3bhud5OHToUNvYoygSKWwq50zzS5K90WigXq+LbTUajbbkcFLo0zzQ81RGu16vi3QyHQc6PiTigyAQn5MoirBnzx5MTU2J8s6zs7NQVRULCwsIggCZTAa2bQOASKobhoGvP3966bP9nqXPNsMwDMMwDMNcGXHi0URVVXzsscfwoQ9/GGqrOg7DMAzDMAxzY8MJYIZhGOamZPvmQazu68C5mRIOjy/ij3/3k3j6ye/i4MGDkGUZPT096Orqwvnz50UJ4mQP2Xq9Dk3TRJKU5KimafA8D1EUiV6/pmm2iV6SrNTXlUoEA82Eai6XEyJyYWEBqqqio6MDc3Nz0HVdpGxJPNJ6k2WgoyjC/Pw8crkcNE0TJYlJOpP4JGFKJaFp/wAI2ZvsDUxJXRofAFiWJdZnGAZM00Q+n8f8/LyQtNVqFXEco1qtimVo/dQbmIRqOp1GOp2GaZpQVVVIX5LotJ/JYwFAlJKmJG4URZiensbCwkKbHKcUMADRT5nGLUmSSO4ahgFd14Xop/1LlpKmktbUB5nmmMppUw/h5E0CdKMAJatt20YqlYJt24iiSKSOSXrT/tI4HceB53nwPA+lUgnrN92O5w82j8X6VV3Yur7/2v3hMAzDMAzDMLcAMYCl8+d7770Xv/TLv4xMJguAk78MwzAMwzA3AyyAGYZhmJuWz+zejj/6f/cAAL7/8gnMz83hfe97H+bn55HP5zE+Po4gCNDb2yukZ6VSQRRFsCwL9XpdlAQuFAqi9DKVcVZVFZqmiXLJlAympC2VBaZeuLquw/d9+L4Px3GEiFRVVZQnJuFL4jIMwzbxS3KS0qj1eh2ZTEZI01QqJWSz53kijQtAlHb2PA8AhGymksgkfVVVFUIz2eOYpC6Vvu7v74frumg0GsjlcrBtG9lsVuw7JZ5JtKqqCl3XRQI6mbBNjpH2PwxDeJ4HRVFE6WV6nlK8o6OjbWWzSQQbhiGOAYlf6mEcRRFM0xQpbppXkvZJWW3btuhbTMulUikheT3Pg67rQsLT+gCIEt20v/39/W29mmdmZnD33Xejp6cHnudh3bp1UFUV1WpV9HiempqC3nMbgEkAwKd33f3W/zAYhmEYhmGYW5cYaCpeCbIi470PPojf/u3fxsDA4Du8YwzDMAzDMMzVhAUwwzAMc9PyyQ9sEwL4qz8+j1//wDaMjo7iiSeewOjoKF566SWR/KxUKnAcB7Iso16vi3QqJXzDMES1WkUYhm3llklkptNpkUql0sskT6k0dK1WE4IviiK4riuks2maACBKN8uyLMoSE8newCQnSTKSRCV5TYnlMAyFAG00Gshms2Jdtm1DVVXkcjmUy2Wk02kha0kEA2jrgUvjyWQyIq2bTMJSb+B0Oi1SzCScqZw0JWCpFDUlnkl20ziTcjyVSgnBSvs3NTWFmZkZMUfJ/sXJHsyUvk2W5SYRuzxpnclkRMlmGmuj0WiTz0lBn+yNrOs6LMtCGIaivLQsyyJdnkyKF4tFDA0NYWxsDH19fXjggQfw3HPPieVs28bevXuxZcsW/N2+OfEZ+OzP7rg2fywMwzAMw9ww0Lng8n8vf/565WI3NzLXluR3CEJWZPzMIx/A//y//BsMDg1CgtRWVYdhGIZhGIa5sWEBzDAMw9y03L1pEBtWdeHUxALmKgG0VB7pdBpf/vKX8fjjj2NoaAjj4+OoVqsiKUqCkRKnJAyBpghNpVIIgkD0aQUgpC+VdaYkaTKVSglRkrrJ5WVZRhAEIoWcFJrJssbJfydLS/u+D8MwYNu2kL+apsH3fbENXdeFNKYkLCVdadskb2m9ye2RCKUSzpRoTiaSSXi6rtvWT9e2bSFYabxAMyFLpampRy6VV6Z9oPckS2xXq1WUSiUcOHBAHAMSyVR2OpngpvVZliW2EUWRSGAnRX0URULU0xzScaF5JzlvmqYoU01joBR3Op2GpmkwDEO87/jx4+jv70e9XkehUBD7GscxpqamMDIygiiK0N/fjwMHDmBgYADQ0pivNG84uGNtHzas6ro2fywMwzAMw9xQLJd017u0S57DJs8xbxRpfTNA86yoKtZv3IAnnngCP//Yx5HJZCElij7z8WAYhmEYhrk5YAHMMAzD3NR86pG78Id/+RwA4MhUgOLYGD760Y+iWCwKGZtKpVCpVNBoNMRzJDJJ3kZRBFmWEYaheJ6EaLJnL8lBXddFYpWEIy27XOpST15KDdP2gQsvliUFZnKfSFTWajX4vi9Sy6lUSiwbxzEymQwcx4GiKELqUhlj13Wh6zo8z0M+nxdSlwQzAFHWOln+msbr+77oIQxAiFRK75KspnGTYCUxTmMmKZt8LooiMc56vY6jR4+KstfJvr3UY7larSKTyaBWqwEADMMQqWYS9kmZS8eGZLllWeKY0lx5ngdVVYXcByD6+A4NDWFxcVGUrfY8D4ZhtAltwzDgOA50XRfz7jgO8vk86vU6du7cCcdxUC6XsXPnThw9ehQTYT+ARQDNRDvDMAzDMEwURTh8+DDOn5+CJEnYvr3ZUuJG4NixYxgfH4eqati2bSu6u7vf6V26YYhBnXuv7D1A802yLGPjpk34/Of/GT7w6COwrBRkuf2mT4ZhGIZhGObmgQUwwzAMc1Pz+M9sEwL47/bO4L/Z2IeDBw8iiiI4joNUKoXZ2VlR4jmXy6Fer4uEbrKPbyqVgmVZqFaromSzJElwHEcIyDAMYVkWKpWKKEVMwlaWZZEkpXLNScFJJYvpIgw9AAhJTNtJ9pZNyltK2ibLvCXv4q9Wq0in04jjGK7rIpPJiLHSdpI9ian0cRAEMAxDJHVJzpLYDcNQpH2TF5BoPVQ2myBJSkKbthHHsSiZTfNJUrVeryMMQxw+fBiTk82euDSnlLxVFAX14fVCkAAAIABJREFUel30WiZ5b1kWbNtuGyeJXEpBU1lqWidJYUopE8ly23RcgKYU7+7uRrlcxuJiU9rWajXIsox8Po84jtHd3Q3LsnDq1Cn09PQglUrhqaeeQnd3NxYXFxFFETZs2IBGowHXdfHkkZJY/6d3b1/JR55hGIZhbgpixEgUCoYURwBaadFYpqdvKegcq1Qq4+ln9mBmZhpxDARhiA9+cDeU1nnl9UXU+imhWq3jmWf34OzZc83zrRjYufNB6K3zbeYSSEC+0IH/44tfxPnJSUxNTWF2egYL8/Mol8twXFecOyfeAlXTYKZS6OruwvDq1bjtttsxMjICVVWAZSlfTv0yDMMwDMPcfLAAZhiGYW5q7to4gI2ru3Hy3DzKNR+SVcDY2DHRb7ZQKKBYLMLzPORyOTiOI5KalmWJRKxhGFAUBYuLi0ilUkK81mo1USKYhLHneSLpm0ymJpO/tP1kEpXkJ8nF5PPJEsRJiRyGITKZDACINK2u621COZ1OCxGrKAocx0E6nYbv+0KCU8I2KT5pH0mukuwFIHrqqqralo6lbZKc9n2/rQdxMhGrqiocxxEylrZFKWugKYp930e1WkUQBDh9+jTOnTt3QTKa5iOKIgRBIFLJkiTBMAxEUQTTNEVSmsao67rYru/7Qr4HQYBsNgvbtkUynEpnU/qZPhuSJGFhYQFBEGBhYUEs12g0hID2fR+7du3C66+/jtHRUbiui+npaaiqipGREfF5OX36NHK5HPL5PFZv3Ab3tXEAwLYNA1z+mWEYhrm1iJs3bDU1sAxFAmT51pZUdM7TaISIYzo3bJ0n3gCllJNVaZrnwc39Zi6PLMvo7OxEZ2cn7tyyRTx/sd7PyfNk+nfy9+Xyl2EYhmEYhrk5YQHMMAzD3PR86gPb8IVWCvjQvAWrXkcQBLAsC5OTkyJZSmKWLk75vi/6/1Ji1jRNqKoq3kMlkknWkiClizFUGplSqsnev7ReYCnhS/tBolfXddEHl8QvrZ/61gIQP0na0nsAoF6vwzAMxHEM27aRTqdFopV6GVMK1jRNkaJVFEVI00ajIdZBvZFJJNu2DVmWRRKaZDIJWZpLmhsq+UyPpCwGmklgSvDati2E7tGjRzE6OtpWGprKZSfHnxTy1D+YjkcqlRJ9kBuNBur1OlKpVNsxI1ldrVZF6WhaD8lyen15H2bTNNHT04MgCDAxMYFcLofu7m5UKhWUSiXkcjmcOnVKJH1VVUWp1Ez5fuQjH0FfXx+OHz8OTdPwgzNz4ng/zuWfGYZhmFsM27bxp3/2ZUxPTwOQ8PgnHsN9970bt1zsNwGdpzRvZgOAGIhjKK1zx+sZSWo+ZKkprSUJkBWJZeQVkBS5yYpBlzr2yao8SSnMfZcZhmEYhmFuDVgAMwzDMDc9v/Lx+/GHf7UHcRzjxycq+OhgBnOzM1AUBblcDo1GA47jCOlJfW0BCAlKvVtJVpKANQxDSGMSgXEcw/d9IW9lWRZp0WS54WSf22Qp4STJ0s/JBDGlh13XhWVZIuWaLMtM0hpoXvQxDKNNWFOatVaribF5nidEN407mV6mhC2lfankM81ZsjQ0CetkSWoS6iSggyAQiWFKEtu2Dc/zhAi2bRsnTpzA2NjYJS9YJcUvSWGaf+r7qyhK278pqZ2UxbQvNJ8k5DVNE/NHYyChTfvkeR6y2SzS6bTos7xmzRqUSiUEQYD9+/eLxHBXVxds24Zt2ygWi+ju7sYLL7yAdDqNjo4ODK8ZwRd/Mtnajoxf/PC73uJfAcMwDMPcqEjNR9z6ySCfz+P979+Jc2fPQZKAe+7ZLs7XrlexF8dANpvBQzsfxOjoGDRNw9atW6CpCpploq/H8tXXF0n5m/x5qeUutx6GYRiGYRjm5oYFMMMwDHPTM9STxxOPbMNXn3kNMSRE3VsRz0zDcRxs2LABjuPA93309PTg7NmzAADLstpKCpMQJJFISVBZlkUKlsoJU7llEp/AUuo1mRIGIJKsqqq2lYMGmhdnkiWlqbfX8v6+JE9TqRQ8zxOve57XlkAOggCZTEb06l2eKq7X68hms2g0Gm1lkin1mxSpsiyL9VJvYEo3U0KWEr3Lx1YsFsV7ksLddV0EQQDHceA4jii/fPToUYyNjbWlpqm0Ms0DpZMpPU1ieXmpQZoTEsx0XJOJmlQqJcZDpaRJ2FcqFWSzWTiOA1VVRS/o/v5+LCwsQJZljI6Ooq+vD5lMBpVKBW6rL1utVhN9oTVNg+M4WFhYQD6fx8/93M+hUChgeHgYTz31FA6cX0psPPHIXRjsyV2Tvw2GYRiGuX6RIeQvi18AS+JOUVTsuOce7LjnHoA6JV+3lX3pvBaABGzdthVbt21tPgcA4BLQV8yVTtl1+blgGIZhGIZhrjUsgBmGYZhbgt/6hYfx1WdeAwB89/Uafu1978XU+UnMzc2JBCyJTs/zMDw8jFqtJsQppT4ty4LrulBVVfQEJnFIQpT65VI/XJKSVDqZRGVSvib7/zYaDcRxDNM0EYYhNE0T0pP2gy4AUlqVpLFlWSLFmuwdTEli6qWbSqXapDKVMK5Wq2IuDMOAruui561t27AsC77vw3VdGIYhyiiT9AXQVgJaVVVRZpokK0nQOI5RqVSEiKZELCWAS6USSqWSSAsnS9fRftN6SMiS8FZVVSSrqRQ3HQvXdYU0pmNHonh5ypugstCKooiS1/RZURQFc3NzYj6y2SxKpRLWrl2LcrksEtdU7prKai8sLGDNmjVQFAWvvvoqFhcXAQC7du3GH3x/EnS17rf+yfuvzh8BwzAMw9wAxHEDgIxYigDEkKQYiCPEaCCOW200pDhR3lYBYgkSJDQt6IV2LFkKl1jejgOIWnWKW+cssQSS0NJF1gnaXmIbYi8S25MkCbHUXLZ9W3JL2rbON+LEai9Du+hdqhKzUgPcXL6ZupXEvi2lcNvLBEeJ96BtmZVtjHZzqU9xTIOU4lYP4DdYV4zm64ljHrfmWZLipc8EJLEtidRy3HwfpKj13uYxlejXyw0hedilpXPZpf7Ly/vt0iO64O3NJ9rPLd80LHQZhmEYhmGYFcACmGEYhrkl2LZhAA/vWI89+08jimUE6TWYn38NlUoFvb29mJ6eFunW3t5eFItF0e83n8+jVCpB13WRVHVdF6lUCpIkwbIslMtlke4l6SjLMrLZrEjlkgRMXigiaUjlmJNyM4oimKbZlmClVPFSAkQRYpJSuwBEj9tarSYEJ22bevWSmKaewPR6FEVwXRcdHR0ipUtlqynVS1I6WXJ56aJYLPoG05xQiWZKNFN5ZyqdHAQBPM9DpVJBEAQol8uo1+sALryICqAtJU3LSJIkSl7TXFAqmspvk3wmyZucF0oGk2inEtI0vzRuOj6GYaBcLgvpX61Wkc1m246d53mIoghr1qzB+fPnRZ/l3t5ezM/PizT07OwsfN+HaZo4W0+hEdUAAI/cuxFb1vdf9b8HhmEYhrl+abVYiGRIkow4Jp2nAJIiRJ5waXEMCXFTqF4kGnmBjI0hJF6zLy0JVAVRFGNhYQHlchmaqmL16lWQZeWCdbbWfOE2JAmN1s2D9XodjuPA83yErXM9RZGRyWTQWShA02XIb7Ifa9wmTem8EiteV3MRGXHckqRAa65bcxvHiGPAdV0Ui0VxM18+n0dnZ6Gtms3K9zm5u0ui9EpGTsdvSb5LkCS5tX5JPO96HorFRXEumcmk0dXdCU3VIKLSVyhRRTuUOEIYNlAuV1Cv1Zo3gMYx1FbbmFwuh0wmsyTWIYndpcQzl2BmGIZhGIZh3g5YADMMwzC3DP/qMzuxZ/9pAMCXnjmDX3nX7TAMHR0dHXj++edhWRZmZmZg2zZyuRw8z8Pu3bvx2muvwbIs1Go1TE5OiotJYRgilUqhVqsJOavrupCriqLAdd22RCxdZNQ0TZRt1jQNCwsLomwxpVJzuZxIrCZfS6aIdV2HpmlQFAWq2vzPOiVvASCTyQgB6/t+20/LskSil8QspZAp3WyappC9siyjXq+L5xzHEeKUkrGSJMH3fSGmSbgmex+7rit6JTcaDSF+bdtGEASo1Wqi9DKV5waWeh8nfwIQKWf6NyV/aSwkfpNzQynppDCnY0rvDYJAiHkqB02pbEosAxBjpvLfVCr70KFD6O7uhmEYyGQyQrzTPpqmKW4qWEp9W/jrF2dAlwj/1Wd3XqO/BoZhGIa5Pvmbv/mvqNdsVOs1zM8vAE29i+9+70k8/cyzIo0btzzeL/3iL2JoaBBAo7WG9l6ySdn29NPP4uWf/hSKouBX/tnn0NXVCUCBLKv46ct78f3vP41KrQrEMdaOrMHnfvlz0HUqRX1x4jiGbTv46U/34tTpUUxNTYtzQ9p+8hwQAFIpC7t3PYr77rsPinLlMtBxHPztV7+OyclJAMDuXbuwY8d2cf53OeIYmJubw1e+8hVUq3Xce++92LXrUchyczyLi4v44Q+fx2uvvQbb8eldkKQYq1atwuOPfwJDgwNXtM+S1LyR8Fvf+haOnzgFVVXxwZ/djbu2bYVyScku9ljcDHnu3AS++c1vwrZt3Hffu7Fz504YhgFAQrlcxXN79mD//v2iggyJ2JE1a/CJTzyGvr6elpZdQQRYSv4qoVar4/kXXsTevXtRrzsXHGP63TAMaJqaCGRLMAwdH/7Qh3D77ZvFTZgMwzAMwzAMcy1hAcwwDMPcMnzwgc3YNNyDE2fn4DdkpPpvQ3HsVfT09GDTpk2Ym5tDX18fFhYWMD8/j0cffRRHjx7FoUOH0NnZiVKphGq1ikwmg3q9Dl3XUSqVRAqCEqWUiiV5SFKQErEARAnpWq0mhKaiKDAMQ6RVqfQ0JVZpncn0L5EsL53sM0vbSYpHkpxhGKJarYpkrmmaYj+SpYrpghuVWK5UKqIEMo2Pxk/pWNd1hQCm/rme58FxHNTrdZF6poRtpVJBvV4X29E0TYhfErWi7F9rGUpUJ5O8NG/pdFqkq2ld1K84KdmpXzCNM/kcjZG2SX2NqQcy9X+mFDP1MlYURcjrxcVFNBoNFItFrFq1CpVKBZ7n4dSpU5AkSSSB77zzTkxNTaEwsh0HzzWP1Z3r+vDouzde078JhmEYhrneeP3gIcRoZieJOI7heV6rjQOar7ZejuJmqeg3ggSs53mtFh8xytU6cvkCXtm/F8+/8CLm5xYQJcoJp1s30V1ija2fzWU9z8fLL7+MxcUSIJK0yW23J5Ft28Hf/8O3ce7cOXzkIx9GJpO+ojlqSmcb1WoVABCGgTjHXAmSJKERxajVHFSrdVSrdYSNCNOTU/jpyy/j8JGjsOt28h2t7UqYmDiPb3zjm3jiiU+ir7f3grYZl8NxPNRqdvNmOz8U5ZpXss/Nc74YtXpzv0ulKnw/xNz8An768j68dvCguEGv+R6APitnxsbxN1/5W3zykx/H8OrVK95fSkMfP34C33vyKczMzLZuPqT9bk8l0w2Bnrd07irLEnS9ANM0WPwyDMMwDMMwbxssgBmGYZhbit/+pw/jl37/6wCA//LD8/jCJ+/F66+/jsHBQRQKBTz99NOo1WoIwxAvvPACoihCPp+HbdvQdV302yUJqCgKHMcRZZaTJYKpfDJdPCTR29nZiTAMYdu2SNBSijWVSokyz47jiJ6+JG6BpZQB9QmWZVnsl+u6Yt+SiWHqiUtymMo8JxMItVoNqVQKAITIBpr9gx3HEWnjOI6RTqcRhqFItZIsJiGcLM1MJZgty0K9XhcCmsQrzXdSpFOPZBLFtC5aL4nwZBI4OU7f95FKpcQ80YOOC61fkiQx/5QMTkpzeg/9W1VVkQImOUxpXhLSjuOIMfq+j2w2C8dxEEURMpkMent7USqVMDAwgCAI0N/fj66uLjz88MP43b+fAfWN+61fePjqfvgZhmEY5gagu7sbANCII5TLZXE+k06nYVlG27JxHENVVKysoStaRrDZk3d8/By+992nMD4+Ls4v6MY1XVfR1dV5mXRu3Ho0zwPyuTwcx4Wqqchls8jl88hms7AsS5wfzs7OYnz8LGzbQRTFOPja69i0aRO2b79rxSJ0CUomx5fR35dCEiOo1qr40Y9+hBdf/DFs24UsS9B0HYODAxgeHkYURTh58iTm5hYQRTEmJs5j/z/ux6OPPtJK3175ttt/Xg7aU+qX3Dp3rdfx/Asv4Cc/+Qlc14MsN8sw9/f3YmhoCKqq4uTJk5ienkUUxZiZmcXrrx/GqqGhFZWxpvPAer2O5/bswdTUNAAglUpj29Y7cPvtt6Ozs1NUxjk/NYUDB17D2NgYwrB5U+B73/cAdu16BIauL/UoZgnMMAzDMAzDvA2wAGYYhmFuKT6zezt+6z9/F3OLdcyVXSi5VVhcfF6kPpPljSuVCuI4RiaTEakTkoaSJMG2bciyjFQq1SYp6UFlkAGIxGkQBKJUsiRJyOfzCIIAqqqKUsgkNUlSUqKY1pNMwlLpZ0qrZrPZNmlJ+7C8P7Ft22K/6UFj0jQNuq7Dtm0YhiFKGpPQpOSzYRhCptLPMAzbSklTf196ni54+b4vUsIkwUmQU9qWLvgmxXdyjpPzQXKWRC4AUfovWQqa9oXEN8lwwzDg+77YB5L5yTQ3ye8gCABAiH/TNNHX14eZmRmEYQhd1wE0xbllWfA8D2EYYnBwEJqmYWhoCOl0GiMjI+js7MT4+Dg6OzvRSPWj4k4BAAa6c3jikbuu1Z8BwzAMw1y3/OZv/gZixKjbNv7sz76E6elma4Rdux7F/fe/G23urOUEV6wR47j1lhhPf//pVtsHBRs2bMC2rXdieHgYhUIBukGy7o3UKvXOBUzTwC/+0n8HRVFbpX+lZYtRb11gfm4eX/va13Hu3ASCMMTo6Bls2XIn9Fa7irePpbGdOHESx48dBxBhYKAf9957L+6443Z0FjrEWGzbwTe++Xc4fPgI4hg4e3YCnuctCeBkKPoNebPykzro0v9KOHHiJI4dO4Y4ijAwMIB37diBO++8o1Xau3lsKpUqvvWtv8fhI0cRxzHmZufhuj7SaevyW2z1HJ6ansH8fBEAMDjQj4997OcwMjICWZYSy8UYWjWE7XffjZdf/imeefZZOI6LiXMTqFYqMLq6l1acbOHMMAzDMAzDMNcIFsAMwzDMLYWqyPj1Tz+Ef/0nTwIAfv3PfoRfvW8VpqbOY2JiAtPT01AUBbfffjtef/11OI6DarUKz/OEUKXyzyQ0bdsWIpCSnslUAclTKltMspj6zFIZ5GTqloSm7/tCONLzyRKCrusil8uJbUZRJAQkJWk7OzuxsLAgJDH1Dk6Wl6ZELklUSuS6risELW2XxpMsuUyClaRtUrQm56FZdjES+7m8XCFJbxLWSYlOr5MApnFScpfW5TiOELyu64o0D7CUIia5S+W2Sf5SGWwS0yRwfd+H7/tCFGcyGXG84zjG1NQUDMMQ+077RylnXdexfv16NBoNvPbaaygUCjhw4ADWr18PTdNQrdbwxecPinH++qcfgqqsvJQjwzAMw9w0SHErz0uWbEm0XpDzvUKJllgbopY0fOznP4aRkWGQWhTyVnqjDbQ/L8sSUqlLCcW47WdPTzfuuWc7Js+fRxg2MDtLN5BdqQBeOh98My4xOZdRFMHQdDz40Hvx/vc/BF3X2268AwDTNDGyZg2OHTuOMGzAcV34fthWoeWSG2r7N6V5r2BH25rxxkKqNxoNWIaB+x+4Dw899BAymZQouU1ksxls2LAep06dhuO6cFwHYRgAuLwAprHPzsyINiAbN67HmjWrW+nwpQ1JzTrf0DQVd9xxO1559QAmJiZQLJZQr9no7qJlVj50hmEYhmEYhnkrsABmGIZhbjn+xePvxRe/+iKmF6oo2w2cqeWwMDmJmZkZ9PT0YG5uDqVSCVEUoa+vD3NzcyItSqKwVCqJ8sEkIOv1upCrJBkpAZvsOZtMCwMQsjKTyQBYkrq0zuTyJDIpsUvbpn0hqUrbD8MQ5XIZhmEI6Un7SKWKqe/wxYQrCeek0E2WtqbexCRRk32Q6f30O0ll2r/kGGj/aSy0n2EYihTu8vRzMjlN+0LrURQFvu8jnV7qqReGoUjo0jqp/3EQBNA0DbVaDfl8Hp7nCRGeLDtNpaxJylMKuqOjQ0h06hENNC+WklTfv38/tm/fjs7OTlQqFdRqNdi2jbVr16JRuB1luwwA6O/K4p9/4oGr/bFnGIZhGCbBxo0b8JnPfBqmaYLaL1w7kpHPGLlcpnV+EcPz/Lab+94JstkMnvjUp7BhwzqRal0Otfxoe/0dTrEaho6Pf+Lj2LLlTiiKdNF5pPLhiqo0xXCiksxK8X1fnIum0mkoouz4xdF0HabZTEZHUYQgbFxyWYZhGIZhGIa5VnC0hGEYhrnlSJka/v2//LD499f3ldE3sAqO42B0dBS2baNarYoEZ19fX1tyli6A5fP5tlLEmUxGCE5KqZKIpXUl08BhGMKyLFFmmUomS5Ik5CD19qU0b3J7STFM+9VoNMQ2NU1DNpuFoiii/5ymaWIfs9msEMqpVEosQ1KbZDJtn0or01wAELLY87y2MVOKlp6nfSU57Pu+EMJJaZscaxiGokw0QeunhDCVZiZBHccxwjAU5bwpXU1zn0qlRNo6mRomsU1p4VwuJwQ+SXitVZoxCAK4ritSwYVCQfR2pvUWCgUYhoFGo4F8Pt+88KgoSKfTyGazYryZTAZdvQP42r6SGOP/+T9+FIbO9+gxDMMwzLVE17XmTWiIxY1+b7Y3a7IFSBQ1z0XCRqP1iBA2YoSNCI3WI46XeuA233f1xrVylsoX67qBru6uthYZYikxN82ks9z6XQSl38F+tqqqoaMjD0WR3vAY0rgAJEpyXx56S7Osd/M4e64vKsUkRXLy90YYwvd9sW11Bf2GGYZhGIZhGOZqw1cXGYZhmFuST+/ejv/09R9j75FzACScDNdiaGgU586dg+d5KJfL8H0fa9aswfj4ODRNQ6VSaROiyZLJmqZBkiQYhtEmP5M9dqkHMAlgwzBQr9dhWZYQt8letEEQiD62ANrkKl3EIhlKv5OcjeNYCMuOjg6RlNU0DZZlwXVduK6LfD4P3/fFPtG2iaR4plQt0EzTUqKYpClJbaDZf5jGn0wKk6QGIOaM3kvbo/XLsgzXddueByD6/NJ6kyWoaTkSyABgWRaiKEK1WkUYhkin00IK0zKNRkMIWwCo1WqiHDXNKc0NyXpd19FoNOA4DjKZDGZmZrB582b09PTg7NmzGBgYwOjoqCij7TgOTp06hb6+PqRSKSG8f3jWBNA8zu/Ztgaf/MC2t/z5ZhiGYRjmcsSAFAGSjLcSZSXx5/s+Dh8+gtEz46hWq203sC31AG6eC1WrNYTXRSp0KZW89LiRmtNeYTnpK117qw90Z2ehdZ4c4PToKGZnt2FgoL+1zNJ5OX0WRkdHUVxYAADkczmkUumLrZ5hGIZhGIZhriksgBmGYZhblj/9rY9jxz/9IgBg32gNv/aBR1F76ltwHEf0fT179qxIolJalcQdCUjDMISY9TwPqqqKZEBSqDYaDbEOEsckVGldmqaJ5SjhSqWSk+nf5RebSPYmkw9J0WqaJtLpNObn54UIBpbKIid7FNP2SWTTA4CQ1SRbTdMU+0lynOQriVKSv8mSyrR9mkfadxLBtP6kAKex0muUIKZ+wiRkKZFBc+q6rjhuuq6Lf9MyjUZDSGJVVbG4uCh+p9Q0sFR2m8ZAJa8bjQZmZ2fR3d2NfD6P6elpIe97e3vFsvPz86jVaiiVSgiCAIVCAcObt+P7L3utMUv4v//141fvA84wDMMwzBvQEp3Cecbtz690LZIEx3HxjW98A4cOHUGU8JGS+N9EUvQiz70j3PC9aK+t/AXQSv0Cg0ND6OzsRL0+gfHxcfztV7+Kn3n4YWzcuBGqpkICEMUx7LqNffv24+WXf4Ja3YYsK1gzMoKOjvw7mpRmGIZhGIZhbk1YADMMwzC3LHdvGsSvPHY/vvStlwEAf/WTGj5299146sknYZom+vr6RJ9cYEk+uq4rBC4JzmQqmJbXdR0AhPgkeUpSV9d1aFqz/KDjOEIg0zZ0Xb+gtLKqqqKnsK7riOO4LYVMQpqeM4yl/mNxHCOVSoltW5YFx3FEupXSupTKpUQy9bulcZGkBdAmxIElcasoCkzThO/78DxPjFvTNCGyVVUVD4JKZJMwppLYSeg1SuhSepp6AQdBIEpuJ+eS1m+aJmq1GjKZjCgxTeW2ac50XRfy3jRNzM/PwzRN6LqOSqWCjo4OIfupdLRhGDh9+jQ+8pGPYP/+/SiVmmWdt23bBtd18dBDD6Gvrw979+6FZVno7OzCXx9cGtf/8IkHcNtI71v9WDMMwzAMs0KkC/zhlSdg41jCj3/8Eo4eO4EobpZH7unpRn9/H3RNb62yuSFZlhBDxuJiGaOjp0WLjHcEablAfQf35U0hJR7XcCsSkMtm8Z77H8BTpe+jXK1gamoWX/mvXxPnf1S5h6rq0P6tXr0K975rOwxDa99thmEYhmEYhnkbYAHMMAzD3NJ84Vc/iK89+xpKVQeLdgTXWo2hoSH09vYim83i9OnTorRxOp2G67owTRMARK9ekqYAYJqmEMTLxTH17aVkMLBUKpkkJglNWZbRaDREf1taP8lYVVUxNDQkUrYARI9bErq5XK5NTlMSmIQnbYeSv1TimVKtlBQmiUypZJLRlMCl/QzDsE2ckpCl5wAI4UzbozGTzKVxJuV6svQ1bZ8kMJWCDoLggp+yLIt9J5ELoE0UAxDzoGkaHMcRAprGVa/XxevUB5pSxCT94zhGqVRCR0cHjh07Bk3TUCgU0NfXhxMnTqCrqwvHjh3D/Pw87r//fpw5cwZueg0WahMAgHzGxB/86gev1cecYRiGYZhrRK1Ww4EDBxAEzfO+rVu34lOfehy6oUGKm4JSkqhfbAwTUvIAAAAgAElEQVRIMg4dOoLx8bF3VgAzl4Xa+sqyjHt2bEe9buOZHzyLKGpAkmRxTg3EkCBBkiUYho5UysSWLVuxc+dO5HPZd3QMDMMwDMMwzK0LC2CGYRjmlqaQs/D7v7Ib//I//H8AgK/+Yx2ff9d9MHUFL730EnK5HCYnJ0VpZkqxptNpxHEseulSGWXTNMWywFK5Zuovm3yNegiTpAUgetpequQzPQYHB4WQJOmZTqdF0phkZz6fF/tGCd8oipDP51Gv11Gv19u2Q5K30Wigs7MTnueJvsW0bZKwhmEIMQ5A9D8meZ3sx6soCmzbFtKXyirT9mj7JJ+T5ajpNZLElHqm+UqWadZ1HZIkiW05jiN6Ffu+LxK72WxWCHoS+1T6GoDYvqqqcF0XhmHAcRzRu9m2bbEtSmpTYvnIkSPYvHkzzpw5g1KpBMuyUK1WRUnqqakp9A+txr/5+0nxOfzjf/FhZFPGVfxkMwzDMMyNz4VVc6+/HrW+77ckYPO8ZvNtm6HrKqQ4QntCtSl7Y0R4O8oXM1eTGGdGx7F3715IkoRdu3Zj9apB8R2geZOiLL4jFAodSKfTaJ7eX3+fWYZhGIZhGObWgAUwwzAMc8vz33/8fvxf33wJR8dmAUjYM9mB7vnnsLi4CEVRkMlkIEkSqtUqOjs70Wg0EIYhfN+HZVkoFAoolUqi3DFBgpbKMUdRhCAIRKnhRqPRlrhVFKVt2aSYTZZBzuVy6OrqEqJW13XIsow4jmFZVltZZpLMJElJEEuShGw2K5KwVOpaVVX4vg/DMIT4pG1TWjeZZKaELYltSZJgWVZbL2SSz9QzmJZTVVXsCwDRd1nTNPi+31ZGL9nv+GJzSmlgSvcmE8XpdFrIaRojJW5oDgGI8t3J/sbJuafjo6qqKN9NKWjq8xsEASzLwsTEBBzHgWEYePjhh/HMM8+I3sG5XA57piRErSaBW9f345c/eu81+WwzDMMwzI0O3QgXX6e+tFk1JGrdrCbBNIxmGlQCEMu0VNvNfSwEbwyoB3AURRg9M4q5+Tl0FAoYHl6NdWtH2pZrkvyQxokHH2+GYRiGYRjm7Ue+/CIMwzAMc3MjSRL++t/+t9DUZvrz1KwPffV9CIIAlUoFuVxOpD0lSUJXV5eQtnEcw7ZtIRSjKEI6ncbAwIBIyFIvXUr5kvglQUky1DAMGIYh+uRS6pXWCzQTvXfeeSc6Ojogy7J43bZthGGIVCoFVVXFaySh6Sfth6Io0DQNlmVBVVV0dnYik8mIHrnJubEsC3EcC4ms6zoMw0Aul0MqlYJpmqLvMMlbErVU3hqAKFedLEdNCWhK6i5d5I1F/2Ogve8vzSGVXpYkCZlMRohYwzDEuGRZRq1WE9JYlmXR+5eSzCSkqbwz9QuuVCpwHEcke0n4Unlp2j4JYaCZAqrX6yiVSgjDELVaDXv27IFlWajX6zh79iwWjfXYf3IWAKCpCr7ye5++oM8xwzAMwzBLtMvT6ws6l4vjGIiBOAIACXGc/G87JYFluI6HY8eOodHg8s/XO/SRi2PAc5s3eVarVRw+fBi1WhXtkne56G0eb77sxjAMwzAMw7xTcAKYYRiGYQBs3zyIP/rnH8JvfPHbAIDnxzV85L73Y/z4ASwsLAgRGMcxFhYWYBgGgiCA67rwPA+pVAqO4yCTycA0TZTLZSFca7WaSKrSxUtN00T5Y0qckgSk8sZJGSrLMoaHh9Hb24tUKiX64RLpdFqkWSm9StuhbZqmKfoPUznoZMJWURSYpilKSlMZZNo+SeBk314qa02lsSnhSgnpTCaDIAjg+z4cxxGSllLUcRwLeUqynLaXFLwAxDgo3bu8H3Cy1zK9zzRNRFGEhYUFpFIpkfDVdV2ksGluaNzJcdK2qe8vldCmZLOmaXBdVySQSZjX63V0dHTA8zxMTU0hlUpB13W85/9n777DpCrPN45/p7ftsCy9F0EERMCAoCD2FnuiktgTE00xRWMSjUajScxPEzUx1sTYErHFrrFgAUVFigLSe2cLuzu9nN8fw/syQ12Konh/cu3FMnPKe87MFda953mew4/n/omr7Ov2fz86gf271+zpt7OIiMiXnsvlxu3O/7vswsX6devJ5cDtLgzbTLiW24kPU7nYevvlwnbNO5JfgwO4PG58fh9E8x/Ya2ioI5fL5n922tj2GSf/c8669bU888zzzF+4ECeXvy6cba2nBdfh7M4HyDbftwXHcjbec8eVH2dcuOxt7l4YdG9eAb07ob6LnX/NdvIMG18at9tNWVkZHo+XdCbDW2+/w3uTJ9O2pi2dOnWkS5cutG3blkgkjM/rxev14PV6tnhP6gN/IiIiIvJ5UgAsIiKy0Y+/OZIXJs3mtQ/mA/Da6nZ8vX+OxYsW4PF4CIfDALZi1oSPgA0x0+k0sViMRCIB5CtCYVMFrwk/w+FwURgK2BmxhS2dTZvl7t2706VLFzKZDGVlZTYcNW2LTSBsqmuTySTBYNAGlqYy2ASgZlszs9gcr7BiOJFI2OpkU1lrql9NwOr1em1oCtjg1pzDhKXmfH6/n2w2a583983v9xe1fDZV0ibUNccuZNpVm/trwt/m5mYbUieTSQKBgG3PbcL1wpnBJlA25zWtnwsDbhOam7A5FArZ2ciF994ExWbmcygUstfVoWNnHp626Rd/xw7vw6Wnj9jdt62IiMg+yev1UFZWxooVKwGHGTNm0Lq6NR06tMfryf9MUFJSSllZ6VZmBW/Pnq0kjkTCtG7dmoaGRrK5LJPff5+Kigp69uqJz+ujtq6WJUuWMGfOHBYtWkwsGqVVq9bEojHiicRmKerO2o1Zwg5sWbG6gxu5S/nlrgbcO+Js9mdL1rG177dzho33yOWC/ffvx7z585k7bx7ZXI5kIsmSJUtYunQpEydOsh+kLC0tobQ0QmVlJb169mS/vn0JBvwtvywRERERkT1EAbCIiEiBR357NgPOuYU1dc3EUznm5vrgyc4lEolQW1tLdXU1bdu2ZebMmTYErKmpIZVKEQ6HWbt2rZ15a6pKA4EA0WgUgEAggN/vt2FsYSVvJpOxlaRer5d0Ok1ZWRkHHXQQrVu3BrDH83q9xONxG3omk0kbDHs8HiKRCIBtW2wCUlNxXDiH1+/3k06n7RxfE0Sb+b+ZTMZWuZo20EBRUGpaKZv9zXWY9ZjtTKvncDhs125mBQP2ujweD7FYDMCGzYUhszmfCYVNWOz3+wmFQiQSCcLhMNFo1FbymvDbHMMEwoXhLuTbabvdblsxbe5dOp2mtLTU/t3v99uKanPMXC5n1wLYsN/v97O6dBjJ5vy2NVUlPHTdWZ/V21hERORLz+fzsX+/vsyZ8ym5HDRs2MBTTz2NCfxcOAwcOJCzz27Zv6f5f5sLQ8PdDyVdgN/r5ZBDRrB8+XLi8STr1tXy0MOPbtqm4GcYr8fNfvvtxzHHHMP4x59g+fLlu7EOZzez1cIOKy2tpHXs/3b2PFufj7tznC3+tuNjOA75dtyFXy1kKnZzuRxNzc0kkylcLoiEgng9+Q44mUyGTCZDNpulORqlORpl9er8/h988BF9+/bhpBNPoKqqaic/qCAiIiIisnsUAIuIiBRoXRHh3zeMY8z3/w7AR4saOW3gEcye9F+y2aydC+vz+airq6O0tJTGxkZcLpetMjWhn6msTaVSdrbv5u2MTQBswsPCqt+ePXvSs2dP/H4/FRUVxONxO38XoKGhwR6zsA2z+TKVvMFgsGgmsOM4JBIJu29zczORSMRWtJoKXpfLZatZy8rKbMCbSqVsmGvm+prg1wS+5tpMZW0ymbTPmVA6FArZ+1bYFho2VQBvfr9MJXJhqF3Ystqcy4TKpgo6HA6TTqft3GXzi7poNIrf77dV0+Yc5hd6hXOCA4EAuVyuKOQtnOFs2lKbIN6sLZVK0X3YiTw/O2WP/9iN36KiNPTZvplFRES+tPLh3oGDB7J02VI+/HDqxp8pzM8D+W/Xrl1LJpPB52vZrzby7aR3NsDcHjfg0Lt3L8aMHs3rb7xBIpGkMEw152zfvj0jRoygf/++eD1eQqEg7HQVa6Hi+bPmZ8iWtBnOZ76bBbI2IN/R/g6QY+PI4xba1K55yyB+JzmFYX5Lg+QcDrmNr/vOnTOXc5g5czbPPfc89XX1dO7aheOPO47WrVuTSCSIRqNEo1Gampqob2hg3bq1rFixkvr6enI5h9mzP6WivJzjjjuOYFCVwCIiIiLy+VEALCIisplDD+zGVeeO4aYH3gDgiRlpxh08iqnvv2NDx2AwSENDA7FYzM57NVW+ZrauCWRNm2MTPJpfzJkqW8AGk4Xzbfv27UtFRYUNMU3lr2lxbAJPE+6a8LakpMSu0ev12nA4FArZ9ZvA0+Vy2WrhWCxGaWkpzc3NJBIJstmsrcgtLS0lkUjYtSSTSVtNa0JvE04nEglbDWFC7cL5vobb7bbtpdPptL0nbrebTCZDPB7f6gxgs60JZs19M/cuFArh8XiIx+M2zA0Gg/Z+F1Yqu1wuKisriUaj9hen5j6Z12vzec0mvI7FYvh8PgKBQFHFr6kGN9sOPngU42dvmn939QVjGTmw6x59z4qIiOx78qMpTjnlZHr36sX7739AU1MjkB9hUVVVRbdu3XZYVVn4IbLevXsR2Njho6ZNmy3GS7R8aZsqZl0uFz6vlzFjDqN//368++5kFi9eTDqdxuvx07ZtDQMH9adnzx74fH77AbmDhw2jS9culEYitrtKS/l8PoYMGUKvXj1x4dCxY8ed2t/lyreuHjXqEBLJJJFIiFA4sMN72a5dO0aPPoxsNkdpSSnhcGgnQmcHt8fNgIEDaNeuPR6Pl/Yd2tPSsljzOpZXlHPooaNIpVP4fX7Ky8t3tCdtaqo59NCRpFJpKisrCAYDtCTsdhyoq6vjzTffoq6ujki4hNGHHUqXLp1wu6GkJETr1pX2WKYgO5XO8O677/Hqq6+SiCdZuGAx9fX1tGtX06JrFRERERHZE1xO4W9iRUREBIBMNseo7/yN92ctA6A06ObgwHSWLV1cNA83l8uxYcMGqqurWbVqFUBRNS9sav1nvky4WFgpa34BWRg8jhkzhnbt2lFaWmorTB3HIRaLkUqlqK2tpa6ujlAoRCQSoayszM4nNq2QTchaWHkbDAYBiMfj+V9ObmyDHIvFbBWvmWGcSCTsMUzVrGmNbALiwusyvwTMZrM0NzeTzWZJJpPkcjni8TiQb/NsWmGbQDqRSOA4Dk1NTTQ3N1NfX8/06dPtvSv80+v12sDb3DNznwsrcc3sYxNAm+1MmJ1IJOx25hr9fr8NpAvDchMwR6NRGwY7jkN5ebltA21C/0AgQDgcJpPJ0LZdB2b6DqEpkT/30H6dmHTPpbjd6gEoIiJfPeZnI/Mzg+msYT6clc1mCYVC5CtaN+5U0EE4/4EyNx6Pu+ADYvkntxVCFv48tvEwbPqmZeHllgct+N616Tz5n1fAcfLX5HF7cLnduMwOhWsoyB93dgVb/BKn4Nc6O3M9tvsz+XLe/K7bv482sC24kS0NgIv2L9Ci5tPb2H+H9crmddn0SME+OwqAHT79dC6PPfY4Tc3NdOjQnnHnnEV1deuNxzXbFR/XAdatr+Pf/36MZUuWUVpexjfOPJ0+fXrt8DpFZM8wY4UKP8hrulyZ//bepf//FxER+Zw1NjYCMG3atBbvM2jQICDfr0hEREQ24/W4eezGcZSE8xW6TYkcH+cG0rFjJ4LBoK08Na2U169fX9TKuTA8NI8XBpnmP0TNcQqZIHP9+vVUVVURCoUIhUK2jXQ4HCYYDBIKhWyFb2F753Q6TTgctpWvZjsTvJrwMhKJ2HDZ7/fbYNesNxAI2DbNJuwNhfKVHqbFtQl4TeVuYQtqU82SSqVIp9P2F73m/GZmr7lXpmLXVO9Ccats027Z/N3cP1PJC5tmLJt7aEJrc41mLrBp91xaWrpFBW8ikSAWi9nQOJ1O2wpmExQ7joPX66WxsdFWTJuW2qb9c6tWrVkQHG7D3/KSII/f9C2FvyIiIjvksv/u2/9tHHnh9XqKfnZyubb/S/zCnx/yR974tYP9drC8LcbmmmO5XGz6AJnHnQ8J8ycr3t3V8sm72zu9i03XuLPXs2kNZt8d38fi+9fye7jF/uzc9W9r/5bsR9E+O3fmVCpFZuOHDj0eD+6NP8duul9mXe6iY/q8XrweN7hcGz8QkGnhlYqIiIiI7BkKgEVERLahU00FT/3h23g8+X8u1zTlWBY5mFAoTDwep6GhgUwmY6tFYVNFS2GVamHlqpnva0LVwrbPAH6/H7fbjcfjYfny5YRCIUpLSwmHw7Rq1cpW+5pWx2VlZTY0TafTlJWV2Urawvm8JuQ0AbRpJ+31egkGg7ZVtVm3CYpNcGraKheGooCtLC4MRR3HsQGr2+3G7/fbKufCdtgmFDeVs6YiOpvNEovFtvyF7cbrLJwXXFh5DNgZwqb9tpnja9pgm9bVbrebkpIS/P5NrQMdx7GhtQm/zTHdbredfVw4G9iE/aWlpXg8Hhuql5dX0NThaNblu4Lj83p45k/n07HNjtoUioiIiMgXhdfntf8t0NwcJdoc3fokYZuK54Pg+vp6GpuiODh2lIuIiIiIyOdJAbCIiMh2HD6kJw9fd5b9+9zVSZIdRuNyuUgmk7Y61LQvLFQ4E80EwGZurwlETfWuCV/Nth6Ph8bGRlatWoXL5bLVueFw2M7NNUFmIBCwoXEul6OsrIxwOLzFzF3zyycTYprgNZVK2dm3Jgw24SxsamltwuLCql1TVWyOn0gkSKfT9l6Yc5ig11TShkIhW6lrKptN4Ov1em0AbO6TuY+5XM4Gv2YthVXB2WzWzj8232ezWdsCzKy98NoCgUBRZbR53FQZF1b+mtDYBObm+8Iq4erqajKdxzJ3ddLe+8duHKe5vyIiIiJfKi7Ky8opKSnB5XKxYcMG3n3vPdasWbtxJEv+579MJksmkyWVyhKNxlmxcjXvTJxEXV0tAJFIhJLS0r18LSIiIiLyVePd2wsQERH5ojtj7ACWrK7nyjteAOCjpSlGDj6FxgkPFM3u9Xq9tqq3cB6uCTELq1xNC+jC6uFgMEg6nbYzgP1+PzNmzKBXr142iEwmk7YVcyaT2aIlswlFC1s5m9bQqVTKBrzxeNw+5nK58Pv9pFIpgKLWzYXrNseMx+O25bG5No/HQyqVsm2XATtj1xzbBNCmAjqZTJLNZu35TMVuIpEgmUxuMfvXtI024WwikSiajWxeB9Nu2gTLyWQSl8tlZxybit5oNIrP57PXbdpZm8pns525F+Y8hffUtKM0s5KTySTeLocyeXHavn9u++nXOWlUv8/uDSoiIiIie5zLBdXVrenduxfr19WSyWaYMmUKs2fPpqKikkAguPFn9Pz2mXSGRDLBhg0NRKMxHMeFy+WmZ8+etuOMiIiIiMjnRQGwiIhIC/zsnMNYsqqevz3xLgDvLHY46shv8eGL/yhqtWxCQVN5asJRUxFbGFYWhpZmnq6prAVIp9MsXry4aKawqYYNBAIkk0mSyaRtwWyC1XQ6bSsVTBjtdruprKy0AaeZ7et2u0mn08RiMRsmm0pdE7SaazHhqZk7bNpFm+P4/X4b+poK3Hg8biuMoXA+nqsozDVf5n4UVlMHAgG7psL7BthqYFP9XHge83qYoL2kpMSGwVVVVTQ2Ntr7V3gN5lpNG2vzfDAYJJVK2XbSpl13Op2msrKSxsZG+ow6kwmLN63vinGjufT0EXvyrSgiIiIinwPHyY9nGX3YaBo3NDL7009JJpM0N0dpbo5tsb3LceHg5LtAA4GAn/3378eIESMIbByDIiIiIiLyeVEALCIi0kK3/fTrrK1v5vHXPwbglXkujjniND58/Skbzm4rhARs62UTNgK2UjXfPi5jtzHhaCwWY+nSpfTv398+FgwGicViBAIBYrH8L59M+2gTBOdyOds2OpFI2H0ikQiArZI17Z7D4TANDQ0Ado3hcNi2NjbBsFm7CUFNtbIJsE1wms1mCYVCdn9TqWuu2VRLAza8NeGsuRfmHhbO7TWBtrmfhnm+MFw3azTfJxIJu34TVBdem3kt0um0rcQ2f5p9TJWvWZtpHd3U1MSAkcfz0mKfXdM5Rx/ITZceu+fegCIiIiLyuXFtnPRbWhLmtNNOZvnyFSxYsJCly5ZRV1dPc3PUdq0xHyQsKYnQqqqKzp070q1bNzp37kQwGNzLVyIiIiIiX0UKgEVERFrI5XLx8G/PpnbDvbwxZQEALy0u5/gjz2Dy/8bbSt/CoNK0CjZhqWkBvfl828IwE7DbOY7D1KlTGThwoA0jAcLhME1NTYRCIRKJBNlstmiWrWn/bOb2Oo5j5/6aObsm6HUch2QySTAYJJFI2OriTCZTFJKa9Zg1mLbQhWG2mXNsqpPNtRVevzm+uTfZbNYGxtFolHR6U/vkzaulC1tCm/bL6XTansMEuaYa2bSVNtubCuhEIlE0yzgYDNoA3gTypsrXvKZmu8LzNDU1kcvlGDTqRF5avKm135iDevCPq8/cs29AERGRrwCFZfJFFAqHqKys5IAD+u/tpYhIC8Tj8b29BBERkb3OveNNRERExPB63Pz35vPYv3uNfez5BREGjj2bdDptZ/WaqlcTlprKXhM4FrY8NsGuCY1NRaxpHz1r1izq6+vtccz2ZWVlBINBwuEwwWCQUCiEz+cjHA5TUlJS1KLZzAc2QamZaVvYctoEw+ZPU6VrtgkEAvj9fhvCZrNZvF6vDZsLK53NMU37ZBP+mnUUts02+5hq3cK5yJsHwCZwNtdlZhibENmco3B+cSQSIRQK2dnJZn9zD8zc4VQqRTQaBbCBtblXyWSSRCJBU1OTPXc6ncbv93PgkeN4dUUr+34Y1Ls9/735PDwe/ZglIiIiIiIiIiIinz/9ZlJERGQnRUJ+Xrvjuwzq3d4+9toiP33HfItgMGgDVMCGn4Xtk03wWBiemirbwvbPpvI0k8kwY8YMG55CPqAMh8M4jkNpaSlAURBrqnPNvF5TtWoqe01AW1jFayprHcexM4H9fr/9M5VKAdiqYtNq2lxHSUmJrVwG7HkhPz+tMLw1Ibff77dhs3mssbGx6H4XzvwtZEJfE1Kb+22C6XQ6TSqVor6+nlgsRiwWI5fL2aDcVGj7fD78fr/93oTS5n6Hw2EbYOdyORKJhG0X3e2Qc/jfgk0NVQb2ascrt11MJKQ5byIiIiIiIiIiIrJ3KAAWERHZBdWVESbceQmjB/ewj729xEPV4DOoqKjA58vPgjVVrSacNaEnUFQFbCqHTVBqKlABAoEAs2bNIhqN4jgOkUiEQCBgWzyblsehUMi2gTZzfQEbsJpZuOa85tw+n4+GhgZSqZSdjVtVVVXUItrMFoZNM4LNvtlsllQqRXNzsw24s9msnTNsKojD4bCtIDYVuia8NeG4aUdd2DK6MNQ299SE7KYat3B/c81mvrGp5K2oqNjivpk212abRCKB1+ulpKTEhsmFr5WZERwMBqkYdDpvL8ra1//QA7vxzt2X0qo8/Bm840RERERERERERERaRgGwiIjILioNB3jpLxdyyuhNs8CmrXTh9Po64UikqKo2nU4XzQeGTRWshSGpqdQ1baRNoLlq1Sobqpp2zC6XywaSZWVlQD6QNaEpYM9lQmBTxWuC6Wg0SiKRoKyszAbLph2yObc5l6nSNcGyCV0L5w2nUinb6rqwAhk2zQg2ba5Nu2kzi9cwIbRZpzmXuX8mvE0mk/Yem3bWJrCOx+O2OtmsPx6Pk0qlSKVSxONx/H6/DdxNmOz3+4uqo021dmHAXF3dBn//b/Lxmk3VzieN6scrt11MOOjbY+8vERERERERERERkV2hAFhERGQ3+Lwext84jktPH2Efm7s2R3OnE2hT084GkqYadfOqU1PZaipQgaJZwKbytKmpiSlTptiQ2IS/purXVBabYNXj8dh5uCZk9ng8tqI1m83agNnj8RAMBm0QGtkYXpuw1rRSNiGrCWJNG2VTgbv5tZi1F7aRNkG4CYnNmgKBgA2cTQVw4dxfEwgXtn02j5lzFM4aDoVCRXOEzX0ovDcmZM9ms7bttJmxnMlkCIVCRXOTXS4Xbdu1J9HjdBbVu+zrfcmpX+PJP3wbn3dTICwiIiIiIiIiIiKytygAFhER2U0ul4vbfvp1brjkGPvYykYXC0rGsP/AobbVsZmBa6pZTRCcTqdt4GnCUDND2FTX+v1+XnjhBRvKmi8zi9cEqi6Xy86yNfuaL8dx7Ixi0woa8i2dY7GYDVWz2aythDUzes1+mUzGtng225uKXDN3N5lMFrVvNsf0eDxEIpEtKofNbF1TKZzJZIrubWE4vvl9Lwx9TWttr9dLJpPB5/MRCoWKguJYLEYymbTrNSG7CYVNaO5yudiwYYPdNpfLMXDIcJZVHcPqpk0ziW/8/rH89een2EprERERERERERERkb1NAbCIiMgectW5Y7j/6jNtGNiUhP/V9mL/UafYULEwkDXBZ+E8W1OpWjh7Fja1QJ4+fTrBYNC2dE4mk7YKePO2yoFAAJ/PZ6trTQANxXN0TQBqQmXzvGmxbI7p9XoJh8P2uIANtk0Q6/V6KS0tJRgM2irbwsDVXJf53lyXOb+59q0FqoWPmXtorttUM5sK68LrNI+Z/QvvKeTbZldWVlJVVUX79u1tFbBpH+3z+Rhx/Hm83XwAsYxn4/ld/Ovab3Llt0bvqbePiIiIiIiIiIiIyB6hAFhERGQPOve4g3j6j+cSDOQreF0uF/9bFCIy8JvUtG1HMpm0bYcLK1NN+Gq+N2GmCVghP4t3+vTptoLXBKUul4tgMEgkErHtkzOZjA2JTaWwqYw15zTVyKbFsdnPnN8EoYUVyqZi1qzBtJ+GfNhqZuwmk0n7WCAQIBgMAtjju91ugsGgnY1ZzfMAACAASURBVGlsAtp0Om2vt3CGsgmsC1tnZzIZu70Jv02rbfO9aTNtnjdtsnO5HNFolHQ6becgm+s3a/N6vZRXVFI59Nu8ubLcBsYBv5cX/3wh5xx94Of0rhIRERERERERERFpOQXAIiIie9gJI/vy/v0/pHfnavvYvFo388JjGDBkhA0yTcWrCTdN+GueN22gTRCcy+WYPXs24XCYXC5nA17D6/VSVlZGNpu1c2wB/H4/uVzOVgqb6mAz39cEwabFswmDTfvnwtm+hdXCAKlUCp/PZ9dhguHCtZsK3cLKZsjP+vX7/TbkNccrrPQ13xfOQwZstbSZhWxCXvO4CY83X5O5DlMhbALfVCpFLBajtrbWtuHu3KMfa9qexIL6Tfe4d+dqPvjHDzliaK/dfp+IiIiIiIiIiIiIfBYUAIuIiHwG9u9ew9R//ZgLThxqH4tnPbxe15v9hp+4RTtjE7qaoNOEw4Utnc0s4X/+85+UlJTYMNPMvy2srPX5fLZC1hwzFouRSqXsucLhMH6/n2QyaSuNTStqx3FsGGvOa4JlU3Vrtjftl83sYMBWJ5tKXfO8CZkzmQyBQACXy0UkErEhNLDVoNdU5BZuYyp9ARv6mrDXrNncE4/HQzgctq2nTQW2CYYdx7HV0263m46DjmZKbqht+Qxw8deHMfVfP2b/7jWf7ZtHREREREREREREZDcoABYREfmMBANe7vnl6Tx6wzlEQvlg1OVy8daqSiIHnEFN23a2+tVUsELxfFvT/tiEwV6vl3feeYfGxkb8fr+tgi2ct2vCX8hXuDY3N9sA1u124/f77fECgYBtjWyqes053W43yWTSBsQmwDWVtKZ1swl5TfVwOp3G5/MVVSGbkDoWi5FOp20rZo/HYytuU6mUrcwtXEc6nSYWixWFuWY7c12JRIJYLGYfT6fThMNhW0ltQnW3220roQOBAOFwmFAoRCQSwePxUFJaTnDAN5m8rsqGzWWRIE/8/tv8/Ren2dbeIiIiIiIiIiIiIl9UCoBFREQ+Y2eOHcCMh3/C4D4d7GMLNgSYHTmSg4/6JqFQqKgVs2kDnclkioJhE+AGAgHmz59v5+aaKlkTzDqOY1s8u91uwuGwbb2cTqdJJpM2LDaBbmH1cWGLavN8IXNe0z7ZrNnn85FMJvF6vSQSCSA/t9gEtNFo1LaWNhW9JqA1FcjmWmFT+2hT6WuCa8hX/Jrwu1WrVoRCIYLB4KbQtqzMBtomdDb7mvtt2mgHAgFCoRADDz2Z1R3PZHlz0K7h4P07M+Phyzn5sP336HtCRERERERERERE5LOiAFhERORz0LVdJe/edxlXnTvGhpTpjMMLC0LEe5zBgV87zFa7mvbHpi2xCVlN8Oo4DpMnTyYcDhMMBm31bjabtVW4ppUzQGNjI47jEAqFyOVyNpzNZDLE43GAohbMpgW0aSFtKn9NRbKp7i2cY2xaLofDYZLJJEBR6FzY5tpU8Zrw1wTdhe2sTRBt2jibMLjwusy9iMVidg2mNXQymbQhr8vlIhgMFrWxrqiowOv1kkql6NX/IKJdT+WNlVVkspvmBv/qvMN5+67v0amm4vN4i4iIiIiIiIiIiIjsEQqARUREPidej5sbLjmGSfdeyoF92tvH1zQ5vLKmKzXDzqF7z974fD6AovbFpgrWVN3OmDGD5uZmWwEcCoXsnFvAzth1HIdgMFg00xeKZ/Sa6lsTvJogubAq2YSxZj+fz2eD2cLq4ebmZhsKx+NxG0ibPwOBgJ1RbOYFm2OZauPq6mq7NlMB7Ha7icfjNhwvnO9rWkeb4Nvj8diw2gTfZnvIVwRnMhm6dOtBzcHjmFDfm3WxTT8SDe7TgSkP/IjffvdoPB79qCQiIiIiIiIiIiJfLvqtpoiIyOdsWL9OfPCPH/L3X5xGVVnYPj5jjZv3c8PpOew428LZfJkA1VTVZrNZXnzxRVtNa+bfmhDUtEs2QShgZ/OGQiE7s9dUwaZSKRKJhJ3Ja8JYx3FsC2gTqBZW1prvTaWyCa1NJS9gW0xHo1E7MzgQCAAUzR02QXd5eflWZwGb4wN2HeYazDxiE1a3bduWcDhMJBLB6/Xi8/mIRCI2EO920NFM9RzKnPpN7Z5bV0S4+6rTef8fP2Bgr3af1csvIiIiIiIiIiIi8plSACwiIrIXuFwuLv76MOY9fgWXnPo1G9K6XG7eWllBXadTGTL6RMrKymwVLGCrYYPBIB9++KGt1o1EIrZNtKlwhXxQGo/HbSBrQmQT6poqX7MmEzBDvjLXVPWaVtCm0tfr9ZJOp+1XJpMp2teEsX6/384nNvN2/X4/qVSKQCBgq50L12RmBBdWAG8tfDZhsAl9zVxjv99PXV0dfr+fZDJpA26Px8OQ0ScR7zOOybU1uFzmnrr4/mnDmTv+Ci48aah9LURERERERERERES+jBQAi4iI7EUVpSH++vNT+OhfP2Jov0728aaUh2cXlBHtfibDxp5CZVWVrZA17Yybm5tZsWIFkUjEVtL6/X4b0pqA1ITD5jHT8tkEsD6fzwaohccorNYtDIdNNa+pNjZtmdPptK3W9Xg8NkBOJpMkEgkbCJsq380D3mQyicvlIhwOU1FRYdtLm/3MGs32pgV1KpWy7aW9Xq89n1l/jx49GXvK+WT7nctrq2qIZXz2Pg/r14lpD17O7T87mfKSTdXAIiIiIiIiIiIiIl9WCoBFRES+AAb0bMe7917K/VefSXVlxD6+oi7Bk7MDLG11PEOOPIvW1dUANhh99tlnKS0t3aLFsWkHbb7MrFzT2tntduM4jg19Q6GQbZVs9jGzdD0ej63IjcfjRfuabbPZLMFgkFwuZwNkEy6b2cHBYNBW+prQ1gS6hddkrqWwMtn8aUJtj8djA+FgMGhbWpvz+v1+uvfowWEnX8Ss4BiemOlhZX3C3teaqhL+cfWZvHvfZezfveazf4FFREREREREREREPifevb0AERERyXO5XJx73EGccfgA7n/2A/7877dZtLIOgOZEjufnenEFj2D48DixJe+zcsUyZs6cyZIlS2jTpo0NV03VrglxAdty2XGcopDX7/cTCARsK2kTyBa2iDatpU1wnEqlcBzHVgSbitxUKmWrfoPBIB6Ph2QySSQSsdW9VVVV9rnN2zqb9tZmTnEwGLSBszluYZtpE/6m02kbAudyOTp06kKo8zDeXOTGme0CNu3To2MrfvSNkVxw4lBCgU2VwCIiIiIiIiIiIiL7CgXAIiIiXzDhoI/LzhjBZWeM4LHXZvDnR99m8sylADi4mbQyguMdTf9hDt1C63nuuee44IILbLWt1+u1LZFTqRSQD3ILWzKbebwmdE2n0/j9fiA/jzeZTBKLxWyIbALgwjnApmLXcRxCoRCJRAK/32+rg5PJJB6Ph3g8DmBbTZsZv+Zxx3FseGvaOnu9XkKhEMlkErfbTSaTses3LadNBXBVVRXhSITu/Q5iQXMl79X6cC0qnuM7/IAuXH7WKE4bc8Dn8hqKiIiIiIiIiIiI7C0KgEVERL7Azhw7gDPHDuDD2cv544MTeOrNT8jl8gHrzLUuZtKGgK+G1pNXcPrh/fGQIJfLEQ6HbVhrqnhNWGvm6RbO/jXBqqnaNVW1sViMTCazReWvCYHN/iawLWzNHAqF2LBhA4CtHg4GgzZoNpXIpto4mUwCEAgE8Pv9lJaW0tDQUDTP2ITb5joGDh1Juqwn7y51MTufkbOxYzRut4tTR/fn5+NGM6Rvx8/xVRMRERERERERERHZexQAi4iIfAkM6duRx24cx5LV9dz6yNvc/9wHROP56t5k2uGBCUt5YMJSOlaX8r0TBzCsTwlet2MrgE0bZRPimiC1rKyMWCwGYFtEe71evF6vDXZzuRyADX0hP6/X5/MVBcxer9fO//X7/bZ9cyaTwe/3U1JSYoNcx3Fs5bGpOC5sQx0IBAiFQnZbw3Ec+uw/CF/N/syojfB6nQ/qiu9VSTjAhScO5SdnH0rHNuWf3YsiIiIiIiIiIiIi8gWkAFhERORLpEvbSv78k5O47jtH8cgrU3noxY9475Ol9vnl65r41f0TAejatozTRvXi4P1qqAh6ScRjNoA1LZ09Hg+BQIDy8nIaGhoA8Pv9NDY2Eo/HbZvnZDKJz5efmWvaP3s8HlvVa9pDm+pd0wrafO/1em0lsTmGmRlsZgiHQiEaGxtxu912v0AgQLsOnejQcyBNntZMW+VmmjsE67a8NyMHdmXcsQfxjSMGUBYJfpYvg4iIiIiIiIiIiMgXlgJgERGRL6HykiDfO3U43zt1OItX1fPQSx/x4AtTmL+81m6zeHUj/zd+iv17x9YlHDO0E4O7V9G23IeLDI2NjXg8nqK2zplMxrZ/drlcNgQ2Qa1pyWwqhc3fPR6PDXRDoRCZTIZsNmuriiORCC6Xy1b5AnabbDZLPB7H5XJRXdMOb2kNyVYZnPBoFub8LDRVvpv95PK1/p0584iBnHXUINpUlnzWt11ERERERERERETkC8/lFPZVFBERkS+16fNW8cjLU3n0lWmsWLdhu9u2Kg3Qv0sFB/VqQ6+OFbRvFaE05CUeixKNRmlqaqKxsZFMJoPH47Gzd0tKSmyA63a7i9pFB4NBu21TUxPz589n1apV+P1+qqqqCIVClJSUkE6niZSU0RTPUBfNsHj1Buatambe2gzNac921z24TwfOPGIg5xx9IO2ry/bYvRMREZHPVuEoCdNRJJfL2Q+DZbNZKisr9/IqRUTky66+vt5+SNl0rjIfaDZdqcx/04qIiHyRNTY2AjBt2rQW7zNo0CBAAbCIiMg+yXEcPpqzghcmzeHFSZ/y/qxl7Mw/+QO6taJzdYiqMNRUhAl6IRL04Pe6KC8J4XE5uJwcbhfkcln8fj/hcBivL4DX5yeHi/V1DaxctYbGaIJ0zk0s42Hp+iSzlm9g/qpoi9eyf/caDh3UnREDunDEsF6q9BUREfmSUgAsIiKfBwXAIiKyr1AALCIiIttV1xjjvU+W8tGcFUybu5KP5qxgyar6vb2srerXrYbDDuzOoYO7M3ZIT1qVh/f2kkRERGQPUAAsIiKfBwXAIiKyr9idAFgzgEVERL4CqsrCHDdiP44bsZ99bENzgimfLuejOSuYOmcFU+euZO7S9TtVKbyrQgEfvTu3pk/navp0qab3xj/7dq0hHPR95ucXERERERERERER2VcpABYREfmKKi8JcviQnhw+pGfR42vqmqlrjFG7IUbthii1G2LUNcZoaIqzrj5KbWOM+sY46wueS6YytCoPUxYJUl6S/yoNB/J/jwSpKgvRpqqUPl2q6dO5ms5tK/bSVYuIiIiIiIiIiIjs2xQAi4iISJGaqhJqqjRnV0REREREREREROTLSAGwiIiIiIiIiIjskvdnLSOWSDGwZ3sqy0J7ezkiIiIiIgK49/YCRERERERERETky+ed6YsZfuEd3PTPNyiNBPb2ckREREREZCMFwCIiIiIiIiIislOy2Rw/+NPT9OlSzX9+dw5ej37FJCIiIiLyRaEW0CIiIiIiIiKyzzjyB/fw+ofzeeL33+bkw/YH4KGXPuLc6/5Dm8oS5j5+BaXhfLXq02/O5LRf/IvDh/Tkf7dfDMDytRvo8vUbt3rs+359BucdP8T+/c2pC7n2nleY8ukKIkE/J47qy+8uOZbqyojdZvPjud0uOtVUcOLIvlx70VFFbZMvvvFx7n/2AwAm3nMpX+vf2T6XSGaoPuZaYok03TtUMe/xK7dY38yFaxhwzi243S5WPPdr2lSWbPU6Xpj0KTfc/xofL1hFdWUJRx/cmxsuOYZW5WG7zQ3/eI3f3P0KPzzzEG69/KSi/c11L1hRSyTo54o7nt/udU+691IO3j9/LQ1NcVoddS1ut4v0xN9vdX1Gr9P/wMIVdQCEAj4G9GzHz8Ydxqmj+xdtZ17frfnvzedxwsi+dj1lkSD1r1633fNuznEc/vzvd7jrqfdYtraBbu2qOPf4IVx+1qii4Lt0zK+JJdKseO7XtG1VCsC9z7zPd296glNH92f8Td/a4t7A9t8TjuNw+/hJ3PP0ZOYvX09laYhTRx/ADZccTUVpccvtxavq+eXfXuTVD+aRzuQYMaALv7vkGAb1br9T1ysiIiIiX376eKaIiIiIiIiIfCWsrW/m5gcntGhbt9vFiAFdir5qqkrt869MnstRP7iHt6YuorI0RCyZ5r5nPuDQS+6kOZbc5vGG9u1E7YYYd4yfxNnXPLLN8z/5xsdFf3958hxiifR21/zYq9MByOUcnthsf3vcCZ9w0s/+yeSZS+nYpoJoPMXdT09m7KV3kUpnt3t82PnrBvj5bc/v8LjbM7BXO7q2q+T9Wcs446oHueXRt7e6XWVZaIvXrKosvNVtd8ZP/vwsP7vtOZasrqdHh1YsWV3PL/76Aj/409O7ddyWvCeuv/81Lr/1GeYvX89B+3Uk5zjc+eS7HP+T+3Ecx263an0jIy66g/+8Op2c4xAO+njp3TkcesmdTJu7crfWKSIiIiJfPgqARUREREREROQr45ZH32blusYdblcSCvD2Xd8v+jp2eB/7/GV/eppMNsfNPzyBJf/9JatfuJpDBnRl7tJ1/N8jb23zeJPuvZRPHvkJoYCPVybPZenqhq2e/6k3Pyn6+9Nvztzhmse/PgOXywVsCoML5XIOP77lGRzH4d83nMPs//yMZc/8isOH9OTjBav514tTdniOnb1ugIkzFrdo/dty/6/P5JNHf8pbf/8ewYCXX/7tRVsZXGjUwG5bvGYjBnTZ5fMCzFmyjtvHT6IsEmTGwz9hxsM/Yd7jV9K6IsLdT09m3rL1u3zslrwn7n56MgAv/eUi3rn7+8x7/Eo6VJfz3idLmfTxErvdNXe/wpq6Zk4+bH9Wv3ANK577NT85axTReIrL//zMrt8AEREREflSUgAsIiIiIiIiIl8JbreLeDLNNXe/vFvHmTZ3JQuW11JTVcKPzjwEyLcovuaiIwB47LUZ292/U00FPTu2AmDZ2i0D4AP7tGfhijqmz1sFQCab49l3ZjG4T4dtHnPG/FXMWbKOUYO60qtTa96etphV64uD7g8/Xc6KdRvo1r6KM8YOAMDv83Dp6SMY1q8Tq2ub9vh1m0D6F399gUw2t93j78iIAV045+gDSWeyPPzy1N06Vkv99+2ZOI7DaWP606tTawDatirlklO+xrB+nXYrAC60rfeEqfJtaIoDUBoO8Pjvv8V/bz6P7u2rgHyw/+SE/AcGfvudo21b6msuOpJgwMtbUxexpq55j6xTRERERL4cFACLiIiIiIiIyFfCkcN60bltBf98fgofL1i9y8eZs3QdAP261eApmAF7QI92AMxduq6oPe/mlqyuZ/7yWgAb4hU6bvh+ADw1Id/GecJHC6hvjBdVIG9u/Mbw9bgRfTlxZF8cx+HxzdpAz98YVpqg0Tj5sP15977L+PX5Y7d5fNi16y4NBzhz7ADmLVvPXU+9t93jt8TgPh0BmDHv82lrvGBZ/nXq0bF10ePXfeco3r3vMo4bsd8eOc+23hPfOflgAE77xYOccdWDvPbBfIb168QJI/vSrnUZAOsaojQ0xfF43PTr1sbuWxoO0KVtJZCvZBYRERGRrw4FwCIiIiIiIiLylRDwebnhkmNwHIcrbt/+XNrGaALP8CvtV7dTbrLPbWhOAFBRGirap6os//dczqFps3m4zfEko777N0Zc9FcOOPsW4sk0F5w41IZ4hfr3bEenmgpb1fn0hHz75KNbEACfMLIvJ4zql3/s1eKKXLOm0nBgu9e+Lbty3QA3fv9YfF4Pv73vVRqjW58T3FKtyvMzfesa41s898zbs4pes/Ovf2y3zgW7f8+2pyXviasvOILfXHQkAb+HJyd8wlE/vIeDzv1LUaC7oTl/L8oiAVtxbZgZyA3NW94vEREREdl3eff2AkREREREREREPi9nHzWIPz/6Nq9MnkuPDq22uZ3b7WLkwK72722rSu33ZZEgsKktr1G/8e9ut4uSUHFgmMs5TJqxaWbr8Yfsx12/OG2r544lUpw6uj9/+c87zFmyjqffmsmBfdpTU7CGQlPnrGTesvV0a19F365t6NWpNRWlISbOWMyKdRvoUF0O5Ns1AzTHU9u87u3ZlesG6Na+isvOGMGtj77NHx+csEvnNmo3xIBNoXOhNpUlDOnb0f59YK/2u3UuKLxnuxdcb01L3hNut4trLjyCS08fwb9emMLfnpjEtLkrOfby+/jkkZ8SDvrs69IYTeI4TlEIbF6b8pLgHl+/iIiIiHxxqQJYRERERERERL4yXC4XN//weADu/u/kbW5XEgrwxt8usV+P3nCOfa5P52oAZi5cQ7Zgru0nG9tK9+jQCre7uBKzLBIk++4f+PCfPwJg4owlxBJbD2JjiTSnHX4AkJ+du2p9I6eNGUB0G8Ht+NemA7BoZR2e4VcSGHmVDWnHv7apDXTPjW2MF66oLdr/xXfncMoVD3D7+InbvB+7et3Gr84bS0VpaLv3vCU+mrMcgP492m7x3Nf6d+bZ/zvffv34myN361wAPTa2y160oq7o8ZsfepNTrniAN6YssI+ZKuF4Mm0fM98HNwbJhXb0nli8qp7r7v0ff3/yPVqVh7n8rFF88shP6dGxFUtW1TPp48VAPviuKA2RzeaYtWit3b85lmTJqnoAem3WwlpERERE9m0KgEVERERERETkK2X04B6cMLJvUYi5Mw7s055enVqztr6Z28dPAiCZyvC7f7wOwOkbw9tt7XvE0F40NMX5+zZm4qbSWUYc0IV2rct45u1Z9pjpTHar249/Pd/q+aD9OjJiQBdGDOjCwF75ubyPvTrdbje0X0eqKyPMX17Lc+/Mtuv+00Nv8szbs3Cx9fB2T1x3ZVmIX50/dpfvOcB7nyzl4Zen4vG4OeuoQbt8nJ1xwsi+ADw54ROWrM6HqSvXNXLzQxN45u1ZVFdE7LYmlH7qzXzL7mw2xwsTPwVg/+412zzHtt4TbpeL3973Kj+77Tl7bq/HTcCXb+hnXi+328XpY/L3/tp7XrH3+KYH3iCeTDP8gC60r96y1biIiIiI7LvUAlpEREREREREvnL+cOlxvPjunF0OJP/681M47vL7+OlfnuX2x96hoTlBQ1Ocbu2r+Pm40dvd94pvjebVD+Zx66Nv84MzDiHg3/LXMy6Xi1NH9+evj0/igB5t6dWpNR/OXr7FdlM+Xc7CFXVUlYV5995L8Xjyn/WPxlNUH3Mdk2cuZenqBjq3rcDn9fDHy47n/Osf4+QrHqB359bUboixviFKny7VXHDi0M/0ui87fQR/e3wSi1bWbXe7zV184+OkM1lmLlpDLufwu+8dQ++N1ciF3pm+mDHf/3vRY9d/95iiVt7N8eQW29z4vWMZfkCXrZ57QM92nHf8EP75/If0/caf6NWpNQuW1xJPphl3zOCiSuRfnT+W1z6Yz89ve44HX5hCQ3OcpasbaFNZwoUnDtvuNW7tPdG5bQUXnjSU+575gAPOvoXBfTqwfO0GFq2so3uHKr7Wv7Pd/7rvHMXzkz7lyQmf0O746wkH/Sxb00Aw4OWWH5+43XOLiIiIyL5HFcAiIiIiIiIi8pWzX9c2XHTS9kO57Rk7tCev3vEdRg/uwbqGKD6vm/OOH8I7d39/h/NWxw7tyUH7dWR1bRP/fP7DbW53+uEDADht459bM/61fPXvcSP2s+EvQCTk54ihPQF47LVNVcDfPu4gHrn+bA7o0ZZFK+sIBXxceNJQJtx5CeHglm2K9+R1+30efve9Y3Z4js19NGcF85fXctB+Hfn3Defwi2+P2ep2dY0x3pq6qOhrfUO0aJtcztliGzNXeFvuuuo0rrnwCGqqSpi3bD2d21ZwwyXHcM8vTy/a7rADu/PybRdxyICuLF5VT31jnJNG9eOtu75HdWVkG0fP29Z74s4rTuXWy0+iW/sq3p+1jFgixTeOGMgrt11MJOS327VtVcqkey61ldENTXGOHNaLN+/8HsP6ddruuUVERERk3+NyHMfZ24sQERERERERkX2b+fVDLpfDcRxyuRy5XI5sNmu/Kisr9/IqRUTky66+vh6Px2O/3G43brcbl8uF253/oIzLtf2W9yIiIl8EjY2NAEybNq3F+wwalP9AoCqARURERERERERERERERET2EQqARURERERERERERERERET2EQqARURERERERERERERERET2EQqARURkn3HDP17DM/xK+1V5xG849Lt38ugrLZ+R8FlLpbMMPe822h9/PZ8uXrvHjjt78VraHXc9B19wO+lMdovnH3l5Kp7hV9L5pBtZua5xj533y+rqu17GM/xKxnz/73t7KSIiIiIiIiIiIiJ7lAJgERHZJ7ndLhqjCSbOWMy43zzKxTc+vreXBEBTLMm0eStZU9fMnKXr9thx5yxZx9r6Zj6as4LGaHKLc/789ueJhPw8+3/n0766bI+dV0RERERERERERES+WLx7ewEiIiJ7WvcOVcx7/ErWN0R54IUp/OKvL3D/sx8walA3vn3cQXttXZlsjlblYf53+8WsqWvmpFH99tixTxrVj4euO4sO1eW0Kg8XPTdz4Rq+fexBHD28NwN7tdtj5/wiymRzeD36fJuIiIiIiIiIiIh8dSkAFhGRfVbrigg/PftQZi1cwz+f/5BbH327KAD+2xPvcsf4iSxaWUe71mVcdNIwfvHtMbjdLgAmfLSAa+56henzVxEJ+hg1qBu/+96x9OzYCsi3c772nld46KWp1DZG6d2pmiu/PYZvHjkQgG6n3MTS1Q1cfcFYHnllGvFkmkVPXcXYS+8GoKaqhNGDe9jtrjp3DM9P/JQ5S9fRt2sb7vjZyQw/oItd7wMvTOFPD73J/OXr6dimnHHHDOaqcw/H7/Pw+pT5jPvNowBk3/0DALmcw63/fpt7np7Mj4IbDwAAIABJREFUktX1/Oe16Zx/wlCuOncMXo+bTxasZuC4W/F63Dz5h3O54o7nWbyqjkG92nPvr86gb9c2W72vjdEEP7rlGZ6a8AmlkQAXf/1g/vPqdD5dvJaXb7uII4b22uH9vWP8JH50y385Ymgvxgzpwe2PTSSWSHPM13pz11WnURYJAhBLpLn6rpf4z6szqN0QpW/XNlxz4ZGcfNj+27zHy575FfWNca65+2WenPAJG5oT7Ne1ml+dN5ZTRvffM28uERERERERERERkS8olciIiMg+79QxBwAwY/4q1tVHAbj2nlf4wZ+eZs6Sdfh9Xpasqufqu17m9/96A4Dp81Zx7I/vY+KMxRzYuz2l4QCPv/4xYy+9iw3NCQDOv/4//OHBCaxYtwG3y8WM+as455pHeOKNj4vOf/39r7FgeS1ul2u767zpgTeIJVKEgz6mzV3J8T+5357r7qcnc8H1jzFr0Ro8bjcLV9Tx2/te5We3PbfN4/341me44vbnmbdsPR63myWr6rn2nlf4yZ+fLdouk81xypUPsGhlHYlkhvc+WbrdltnfvekJ/vXCFJpiSdbVR7nu3v9tMc94R/fXeOOjBfzqzpeob4rTGE3w2Gsz+OODEwBwHIcTfno/f/73O6yubcLn9TB93ipO+8W/mDhj8TbvseM4HP+T+/nbE++Syebo2q6SqXNWcvpVDzLhowXbfQ1EREREREREREREvuwUAIuIyD6vY5ty+/2KdRtYVx/lxgfyQeQTv/82G177Lc/dcgEANz3wOplsjmffmUUqneX4Q/Zjwp2XMO2hyxnYqx3hoJ8Z81cxc+Ea/v2/6QC89JeLaHrjBn4+7jAAbvvPO0Xn79ethhduvZCX/nLRdtf5s3MOY874K5jz2BVUV0bY0JzgH899SC7n8Ju7XwHgl+cdTvOEG+x6//7Ue6TS2S2OtWhlHX99fBIA9/36DJon3MDDvz0bgL8+PonZmwW2d191GtEJN3DPL08H4N2Pl5BMZbY47vzltTz22gwAbr38JOJv/W6L62rJ/TXCAR9THvgR0Qk32OrsN6bkQ9r/vjWLNz9aSGVZiLnjr6Dx9eu5YtxoAK6/79Wicxbe44/mrOCD2cvweNxMeeBHfPLoTxlzUA8AHn152rZuv4iIiIiIiIiIiMg+QS2gRURkn7d54e2EjxaQzebweT08P3E2z0+cbZ+LJdIsWllHn87VALz6wXyuvOMFxg7tyTt3X0o46APgziffBaBb+yqOHJZveXz5WYfStV0VJWF/0fl+es6hHP213gBF4efm+nbLt1xuVR7muBH78cDzU/h4/irmLF3H2vpmAL5z8sEAHDu8D3//xWlkszkSqfQWx3r9w3yIWlNVwnnHDwHgm0cO5Jq7X2bB8lremrqQQwZ0tdufcEhfXC4XowZ1s4+tqWumc9uKouN+NGcFAJVlIS47fQQul8te/87cX6NTTQWDercHYMSArvzrhSmsrm0C4NX35wFQGg5w0wOvA9jnPlm4puichfcYID3x9wBksznW1Ufp1ak1b0xZwLK1DVvcKxEREREREREREZF9iQJgERHZ5y1ZXW+/b19dxjvT8+2D05ks9z/7wRbbr61v5oyxA5i5cDV/eHACf3r4Tf708JuUhANc/92j+eGZh9DQlG/NXFUWtvvVVJVwyalf2yNrriwNAbCmromGprh9vPB8F3992Db3X9eQD4zbtS4rerxdq1IWLK9l+doNW93PVZCW5xxni+fX1OUD2A7V5XZW8pbb5M+9vfu79XMXn9eca+nqhi2Os61jGP99aya/ve9VZsxfRS636Tq2ckkiIiIiIiIiIiIi+xQFwCIiss974vX8TN5+3WpoU1lCeUkQgFDAR+0r1xLwb/2fw2svPoqfnnMYL783l6ff/IRHX5nG5bc+w8iBXW1AW9cYs9vHk2kWLK/F5/XQp0v1bq155bpGAGqqSu25zPkioXyF8axFa8jlHHp33vJcJijePChduT5/3MqCIHlntGuVD5TX1jXjOE5RYGy05P5OnbNyh+cyxxlzUA9eveM7LV7j9HmrOOOXD+E4DtdceCSD+3Tgn899wJMTPmnxMURERERERERERES+rDQDWERE9ln1jXH+9PCbPPzyVAB+9M2RABx2YHfcbhfxZJor73iBbDZHKp3l6rteZvzG+banXPEAlUf8hrueeo/TDz+Ah647iy7tKgFYuKLOtkpetLKOCR/l2y3fPn4iA8fdyllXP7xL633jwwWkM1kWrqjjpffmAjCwd3t6d66mujICwD+e+xCA92ct44Czb2HQt/5Mczy5xbFGD+4O5IPkRzZe/5MTPmHhinz75TGDe+zSGgf36YDL5WJtfTP3bazKNddvtOT+tsSYIT2B/ExgM3e4dkOMs69+hPnLa7e538QZi8lmc3SqqeBX5x3OscP7kM2p9FdERERERERERES+GlQBLCIi+5yFK+oIHfpLUumsfWzcMYO56KR8y+TObSv42dmH8ceHJnD7+Inc+8z7QL6Ct2/XNpx++AGMO3Ywz7w9i6v+9iIvvzeXDc0Jlqyqp7IsxKhB3aipKuGMsQMY/9oMxl56N+UlQTY059tC//AbI3dp3Q+99BGPvzGDVDpLLudQVRbm/BOG4Ha7+M1FR3LZzU9z3b3/49ZH36Yplg99v3Xs4KK20EbvztVceNJQ7nvmA7517b/5/h+fsvucddQgDuzTnk8WrN7pNXbvUMVZRw3ikZen8t2bnuDHtzxDPFk8g7gl97clvnHEQO568j0mzljMWb9+mEt+/wTN8RTZbI7KshB//fkpW93voP06ALBkVT0dTriBnOOwviEKQDKd2elrFhEREREREREREfkyUQWwiIjsk1LpLKXhAF/r35n7rz6TB37zjaLnb7r0WO688lT692hLJpsjHPQx7pjBvPSXi3C5XJw25gD+87txHNi7AxNnLGbxqjpOHNmP1//6XWqqSgB44Jpv8PNxh9G+uoxYIh9u3n3V6Zx3/JBdWvNlZ4zggB7t8Ps8DO7TgRduvYDScACA7506nHt/dQZ9u7YhnkzTtlUpPx93GHdeceo2j3fnFady3XeOomu7SuLJNJ1qKvj1+WP5x9Vn7tL6jL9dcQrnHn8QJeEAlWUhfvvdo+1zQb8P2PH9bQmvx81Lf7mIn51zGJ1qKojGU3RsU84vzzucP/3whG3ud/D+nfnnNd+gV6fWNMeTDOjZjuu+cxQAc5eu340rFxEREdmktraWkSNHcvPNN+/tpYiIiIiIiBRxOY6jnogiIiJ7UbdTbmLp6gbu+/UZuxwef56Wrm7gvZlLOXPsAADuf/YDLr7xcTweNyue/bVtVy0iIiJSyPz6IZfL4TgOuVyOXC5HNpu1X5WVlbt9nkMP/X/27js8iupt4/h3d0Ma6YVAgIRepEU6hiYt9CqKhY5KR9RA6E2aIBZEiiAISBWMUoJI19BVujTpUhIglZC6+/6RNyuRFhSIv3h/rmsuMzNnznnO7KwJ++w5pzZmsznTsapVqzJt2rR7ljebzcyfP5/ChQtTr169LLdz48YNWrVqRatWrQgODv7b8c6ZM4eFCxdmOubr68uKFSv+dp0iIv9lUVFRmEwm62Y0GjEajRgMBozG9PFQWf1isoiISHaKjY0F4MCBA1m+JiAgANAU0CIiIvKIer+/mrBdJ3hjwtfkdrDl6o249ONtayj5KyIiIv8KXl5eNGjQwLrv7+9/37IWi4X58+dTp06dR0oAP07NmzcnJCQkW9o2m83WhIiIiIiIiOQM+gtfREREHslng9rSqWkl7GxtiIq7zTOFfZjavzkfDLj/tMwiIiIiT1O+fPno27evdWvRogUWi4XPPvuM5s2b07hxY8aOHUtCQgJNmzYFYPv27fTq1QuAffv20alTJ+rVq0ePHj04fvw4ANeuXaN3794EBQUxY8aMTG2eO3eOPn36UK9ePTp27MjOnTut57p27fq3ErxNmzZl2bJlvPDCCzRv3pyNGzfes9zevXt55ZVXaNiwISEhIURHRwPQoEEDrly5AkBCQgI1a9YkISGBVatW0bt3bzp37sx7770HwLfffkvr1q1p0qQJkyZNIi0tDYAjR47QpUsXGjVqxMCBA7l27doj90NERERERJ4uJYBFRESy2dlvhpC2a/L/xPTPAH553Zg/4kWuhY0kYft4Di95m4Ev18Jk0p8VIiIi8u+QnJzMpUuXrFtqairbt29nyZIl1KlThw4dOrBx40YWLFjA4MGDAXjmmWfo3r07t27dYujQoaSmptKnTx/Onz/P+PHjAZgyZQqHDh2iXr161sQqQGpqKsHBwZw8eZK2bduSlpbG0KFDOXfuHAD29vbY2tr+rb6cPHmShQsXMmDAAD755JO7zkdHRzNixAj69+/PunXr8Pb25tNPP31ovefOnSMkJIQhQ4YQERHBjBkzmDlzJitWrOD06dOEhYURFxfHoEGD6NSpE2vXrqVcuXIMGzYMrSYmIiIiIvLvpimgRURERERERCRHOXHiBB06dLDuL1u2jNu3bwPg4uJCkyZNqFKlCs7OzuTPnx8Ab29vKleuTHx8PEOHDsXPz4+iRYuyc+dO9uzZQ1JSEnv37qVy5coMHjyYiIgI2rZtC8Dhw4e5cuUKPXr0oEuXLjRo0IAePXqwdetWunbtysyZMx8Y79q1a1m7dq11f8KECdSuXRuATp064ejoSM2aNRkzZgwJCQk4Ojpay+7du5eSJUtSvXp1ALp165Zp9PH9VK5cmdKlSwOQK1cuLBYL58+fp0qVKnz00UcYDAbCw8MpWLCgdWrszp07s2rVKs6dO0fhwoUf2oaIiIiIiGQPJYBFREREREREJEfx8/Pj9ddft+57enrSsGFDDh48yNKlS1m0aBGlSpVi9OjRd13r5OREXFwc7733HhEREcTHxwMQExOD2WzG19cXAJPJZL0mKioKwHou4793jhJ+kAetAWwwGDK1lzE1c4bo6Gi8vLys++7u7jRr1ixL7d55zcSJE5k/fz5jx46lXr169O3bl6ioKPLmzWstZzKZ8Pb25tq1a0oAi4iIiIj8i2muRhERERERERHJUVxdXXn++eetm4ODA+fOnaN+/fqsW7eOYcOGcfLkSebOnXvXtSdOnOD999+nRIkSzJo1iypVqgDpI4dNJhM3b9686xofHx8Arl69CsDly5czHX+SvL29uX79unU/ISGBw4cPA2BjY4PZbH5oHVFRUfj6+jJjxgyWLl3KhQsX+Oabb8iTJw8RERHWcmlpaURGRuLu7v74OyIiIiIiIo+NRgCLiIiIiIiISI5y9erVTNMuFyxYkJs3bzJnzhw6d+6Mt7c3ZrMZJycnTCYTjo6OHDhwgCVLllCqVCkgffTu5s2bOXLkiLWeGjVqsGvXLhYtWsSJEyesx0uVKoWfnx+LFy8mNjaWPXv2YDKZaNCgAQC9e/cmT5489xxx/E9VrlyZKVOmsH//fp599lkWLFjAtWvXKFeuHAUKFCA8PJwmTZqwfPny+9Zx6tQpJk+ezMyZM3F3dyd37tykpKRQrVo1PvjgA7Zv305gYCBLly7Fw8ODEiVKPPZ+iIiIiIjI46MEsIiIiIiIiIjkKJGRkXz11VfW/UqVKjFt2jRiY2NZtWoVZrOZOnXqWKeJ7tq1K/Pnz2f37t28/PLLtGvXjrCwMKKioqhQoQLh4eFEREQwcOBAYmNjWbRoEXXr1sXGJv1jFZPJxOTJk5kyZQrffvstPj4+jB8/Hn9/fyB9VG5CQsJ94/3rGsDu7u6sWbMmS311dnZm/PjxfPTRR1y+fJmqVasybNgwID3xPGHCBObPn0+TJk3uW0fVqlVp37493bp1IzU11brv4ODA1KlTmTp1Ku+99x4lSpRg4sSJ1mmpRURERETk38lgsVgs2R2EiIiIiIiIiORsGR8/mM1mLBYLZrMZs9lMWlqaddPUwiIi8k9FRUVhMpmsm9FoxGg0YjAYMBrTV0TUF1lEROR/QWxsLAAHDhzI8jUBAQGA1gAWEREREREREREREREREckxlAAWEREREREREREREREREckhlAAWEREREREREREREREREckhlAAWEREREREREREREREREckhlAAWEREREREREREREREREckhlAAWEREREREREREREREREckhlAAWEREREREREREREREREckhlAAWEREREREREREREREREckhlAAWEREREREREREREREREckhbLI7ABERkcchIiKCtm3bPrBMzZo1mTRp0lOJ5/z587z66qtMnjyZwMDAx15/ly5dKF68OMOGDXvsdf/XfPzxx+zYsYNVq1ZldygiIiIiIiIiIiIi/5gSwCIikiO4ubkxefJk6/62bdsICwtj/Pjx2Nik/7rz9PR8LG2tWbOGyZMnExYWhrOz82OpU0RERERERERERETkcVACWEREcgRbW9tMI23PnDkDQI0aNbC1tc2usP4zLBYLAAaDIZsjebxyar9EREREREREREQk51ICWERE/nOio6P55JNP2LlzJwB169alf//+ODo6AnDhwgWmT5/OoUOHyJUrF9WqVaNPnz54eHjQtGlTYmNjAWjSpAmNGjVi5MiR923r/PnzLF26lKNHj+Lh4UGXLl1o0aKF9XxaWhoLFixg/fr13Lx5kyJFivD6669TvXp1a5nY2FimTp1KeHg4Dg4OtG7d2pqYBBg1ahQHDhwgNDTUmqjctm0bw4cPZ+7cuZQqVequuJKSkpg1axabN28mMTGR0qVL07dvX4oXLw5ASEgIMTExzJw503rNokWL+OKLL9i6dSsALVq0oHr16ly+fJkjR44wd+5cihcvzu7du5k7dy5nz57Fzc2Npk2b0qVLF0wmU5b7/FcjR44kLi6O4sWLs3nzZqKioqhatSqDBg3Cw8MDSE/Wrly5ktDQUK5cuYKnpyfNmzenc+fO1vtiNpv5/PPP+e6770hKSiIwMJBcuXJlaut+/Tp58iSffvopR48exdXVlRdeeIFXXnnlvjGLiIiIiIiIiIiIZAdjdgcgIiLyNCUnJ9OvXz+OHj3KoEGD6NevHz/99BMTJ04EIDU1lYEDBxIXF8eoUaPo27cv+/fvt661O3PmTLp37w7ArFmz6Nmz5wPbmz9/PtWqVWPEiBEUK1aMyZMn88svv1jPT5w4ka+++ooXXniBcePGkS9fPoKDg9mzZ4+1zLhx49i5cyfdu3fnnXfe4ejRo/z+++/W80FBQdy4cYMjR45Yj4WHh5M/f/57Jn8hPaG6YcMGunXrxujRozEajfTv35/IyMhHup9hYWGULFmSUaNGkTdvXs6cOUNISAhFixZl0qRJtG3bloULFzJv3rxH6vO97Nu3j+TkZKZMmcKoUaM4cuQIY8eOtZ5funQpM2fOpEWLFkybNo1XXnmFhQsXsnr1amuZZcuWsWjRIho0aMCIESNwdXVlw4YND+3XhQsX6NOnD7ly5WLs2LG0bNmSWbNmZapbRERERERERERE5N9AI4BFROQ/JSwsjHPnzrFw4UIKFy4MgI2NDePGjePq1askJCRw7do1goODrSNSnZ2dWblyJQkJCfj7++Pl5QWAv78/zs7OpKWlkZaWZm0jY81hgJ49e9KuXTsgfaTxa6+9xrJly6hYsSJnzpxhw4YNBAcH06pVKwACAwPp3bs3s2bNolq1apw+fZpdu3YREhJC8+bNAahVqxYvvviitY1q1arh5ubGjh07KFeuHBaLhd27d9OiRQssFgspKSnWsiaTiZMnTxIeHs748eOpU6cOAJUqVaJNmzZs3ryZDh06ZPl+NmzYkP79+1v3N27cSGpqKm+//TZ2dnZUqVKF1NRUrl27BpClPicnJ1vrMxgM1hG6/v7+vPXWWwAUKVKE1NRURo0axalTpyhevDiVK1emQoUKlClTBoBnn32WvXv3snPnTtq1a0daWhpLliwhKCiIgQMHAlCnTh2io6M5evToA/v1wQcf4OLiwsSJE63TjV+9epWlS5fStm3bLN8vERERERERERERkSdNCWAREflP2b9/P4UKFSJ//vzWRGO5cuUAOH78ONWqVcPDw4M5c+aQkJBAlSpVCAwMzLS+8F8tX76czz77zLo/YsQI68jbvHnzWo8bjUZq1qzJpk2brLFAerIxg8FgICgoiKlTpxIXF8fx48eB9ORxBhsbG1xcXKz7JpOJevXqsX37dvr06cOxY8eIioqiQYMGnDhxgh49eljLNm/eHH9/fwCee+4563E7Ozu++OKLR14v2dPTM9N+6dKlMRqNvPfee7Rq1Yry5cvTuXNn6/ms9LlNmzYkJiYC4Ovry4oVKwCwt7fP1FaNGjUAOH36NMWLF6dEiRL89NNPvPXWW1y8eJH4+HgSExMpWbIkANeuXSM6OjrTvbxXH+51bP/+/dbrMp6b8uXLs3btWmJiYnB1dc3K7RIRERERERERERF54pQAFhGR/5SoqCjOnj1LvXr17joXGxuLg4MDs2bNYt68eUyZMoVbt25RuXJl+vTpQ9GiRe9ZZ+PGjalYsaJ139fXl6ioqHuWdXFx4ebNm0D6WsQODg7WtYczZKxpGxsbS1RUFLa2tjg5OT2wX0FBQaxevZrTp0+zc+dOChcuTJEiRUhMTGTu3LnWcm5ubnz77bc4OTndtfbtncnqv+uZZ57ho48+YtGiRQQHB2MymWjYsCE9e/bE1dU1S33+7LPPMJvNAA9MSDs6OmIymaz3euPGjbz33nt069aNXr164eLiwocffkh0dDSA9b5ntJVVFouF6OhoQkNDCQ0Nvet8bGysEsAiIiIiIiIiIiLyr6EEsIiI/Kc4ODhQokQJ3nnnnbvO+fr6Wv87YsQIzGYzx44d49NPP6Vfv358/fXXdyUuIT2h+Nek4v0SwNHR0bi7uwPg6urK7du3SUpKws7Ozlrmxo0bQHqy2MPDg+TkZJKTkx+YDC1Tpgz58+dn+/bthIeHU79+fSB91Oxf1wF2dnbm1q1bpKamZpqu+k4GgwGLxXLf9h6kYsWKVKxYkaSkJHbv3s20adO4evUqH374YZb6nD9//iy1Ex0dTVpamvV+hoaG8vzzz9OlSxdrmTtHDWe8RvHx8Y/UH4PBgL29PQ0aNKBFixZ3nffx8Xmk+kREREQy7Nixg6FDh/LOO+/Qpk2b7A5HRERERERyCGN2ByAiIvI0VahQgUuXLpE3b17KlClj3fLly4e7uzthYWG89tprJCQkYDQaKVu2LJ07dyY2NparV68C6QnBrLpy5Yr1Z4vFws6dOylRogSQvkYtwNatWzNds3nzZooXL46zszOlS5cG/pw6OaOehISEu9pq2LAh69at4/Tp0zRo0OC+Md25TnCGtLQ0unfvzrJly4D0KZAjIyMzXZeRpH2QadOmMWzYMCB9Wuk6deoQFBTEiRMnstzn+7l161ampPSOHTsAKF68OABxcXGZXpvk5GR+//13676Pjw/u7u6Z7mVGvQ9ToUIFzpw5Q+nSpa3PTOnSpcmfP/8jT5stIiIiT5bFYmHhwoW0bduWBg0a8Prrr7Nv376HXvfzzz8zb968+36R73FLSUlhzpw5tGnT5h8nf9f89BvP9ZiJY52ReDYaS/O3v+TAySsPvxBwbzCGSxEx/6j9R5HR3tSvfuT1CaufWrsiIiIiIv8lGgEsIiL/Ka1atSI0NJQBAwbQuXNnPD092bFjB+vXr2fFihU8++yz1iTmSy+9RFpaGgsXLsTb2xs/Pz/gzxGfq1atokqVKpQpU+a+7c2ZM4fbt2+TP39+Nm7cyIULFxg0aBAAJUqUoF69ekybNo34+HgKFizIxo0bOXjwIFOnTgWgSJEiBAYGMnXqVN59913y5s3LypUruXz5MhUqVMjUVlBQEAsWLKBkyZIUKFDgvjGVK1eOKlWqMGnSJHr27ImPjw+hoaFcvHiROnXqAFClShVCQ0P56KOPqFixIkeOHGH16tWYTKYH3t+KFSsyfPhwPvnkE2rWrElkZCQbNmygcuXKWe7z/Vy6dImxY8fSrFkzLl68yGeffUaVKlUoVqwYANWrV2fFihX4+/uTN29eVq9ezfnz5ylcuDCQvlbyq6++yuzZs/H19SUgIID9+/fz/fff4+Xl9cC2u3fvTu/evRkyZAitWrXCYDCwcuVKbt26xezZsx94rYiIiDxd8+bNs/5NVK1aNXbt2kVwcDBz5861/t1wLz///DMLFy7k+eeft84w8qSkpaWRK1cuFi9e/I/r+nrLEV6fsIoPBzanRc3S3E5KYcG6X6jTaza75/WmdKE8jyHiR2c2WzAa7//Fyd7tqpOaZn6KEYmIiIiI/HeYRo8ePTq7gxAREXncDh06xM8//0znzp0zJS3t7OyoW7cup06dYuXKlXz//fcYjUaGDRuGv78/Tk5OVK5cmb1797J8+XLCw8Px8/NjxIgR1imE8+XLx/nz51m7di1ms5nAwMC72o+JiWH16tUMGjSILVu2sGrVKm7fvk3//v2pXbu2tVzNmjVJSEhg9erVrF+/HpPJREhICNWqVbOWqVatGqdOnWLhwoXs2LHDOirYxcUlU12urq6EhobSsmVLypUr98D7U7t2bSIjI1m5ciVhYWG4ubkxZswY/P39AfD398dsNrNx40Y2btyIra0tgYGB/Pbbb9YplpcuXUqxYsWoWrWqtd5ChQrh6+vLhg0bWLlyJYcPH6Z27doMGDDAOlI2K33+q61bt2IymShRogSff/454eHhVKlShaFDh+Lg4ABA+fLliY6OZt26dezZs4caNWoQGBjIxYsXadasGUajkTJlypCcnMySJUtYv349BoPBOir8pZdeum+/vL29qVixIjt37mTFihWEh4dTpEgRQkJCyJ079wPvtYiIiGSWMaOHxWK5a8v4vf53JScnM2zYMPLmzcv8+fOpVasWAQEBhIaGYmtrS7Vq1Vj8dOJ4AAAgAElEQVSxYgXDhw9n3rx5HDt2jMqVK/Pdd98xZ84cAL755hvKlSuHh4cHU6dOZdy4cYSGhpIrVy7r32HfffcdgwcPZsWKFRw9epQRI0bw3HPP4enpycKFCxk5ciQLFy7k/PnzVKpUCVtbW6ZMmcLgwYO5du0a48aNo1KlSrRt2xaj0UhAQAD79u1jyJAhTJ8+nR9//JESJUrg5eXFtm3beOONNwgICLjn0hOtBy1kRLf69GhVBUf7XLjktqf2s4U5fyWKjbtP8UK9crQdvJhTl27w/qIdTF60nR/2nOaFemUxGg1MXrgdDxdHuo77mkkLt2MwGKhRzg+z2cLIOT/Q+/1v+XTlLvYcvUCDKsWxs7XhRkwCLw5dwsg5P/DR8nAMBgPVyhQEwLX+6P+PaxF929dg689naDpwPp+t2k1U3G12H7lIr3bVmb/2Z5Z8f4CWtUo/ML6Ne07RdOACZn2zh9Q0My8M+Yq2z5fFzfmfPSsiknMlJiZiNBqtm8FgyLTBo83sJSIikl2SkpIArDNTZkXevHkBMFj+7gJ/IiIi8q9y+PBhevXqxapVq3LcurQjR47kjz/+YN68edkdioiIiPxNGR8/mM1mLBYLZrMZs9lMWlqadfunI29Pnz5Nly5daNWqFcHBwdZ2r169ir29PWfOnGHAgAHUrFmTwoULs2jRItq2bcsLL7zArFmz2LFjB71796Zx48bMmzePb7/9liZNmnD9+nX27dvHzJkzcXJyomPHjvj6+lKnTh3CwsKIjo5m7ty5nDp1ismTJ1OxYkV8fX1Zu3YtQUFBjBgxgilTpvDtt9/i4eFB2bJlefXVV3nzzTfp0aMH7du3p3Xr1nh7e9OuXTtmzZpF3rx5WbRoET/++CNTp05lwoQJd80880dkLH4tJxGxYTiero6Zzm39+Qwdhi/lWtgw2g/5iusxCWz8pBtGg4EKr33ChwOb07BqMdwbjKF9/XLMDmnD6Us3qPDaJxxf/jY7D19gyuLt7Jj1Jo72ueg4egUF8rgyqU9j3v1kPdFxt5k7rB3nrkTxTIcPOf31u/h6u+AVNI5uzSszuW9jzGYL/q0nM2/YCwRVL87M1XvoN/U7zoUOYtkPhzhxPpLPh7a9b3z1KhWhUJv3mTu0HUHVizNm7ibGL9jGmdXBFMjj+o+eFRHJuaKiojCZTNbtzkSw0Zi+IqISwCIi8r8gNjYWgAMHDmT5moCAAEBTQIuIiPzPi4iIYN++fSxatIi6devmuOSviIiISFbFx8cD4OTkZD1mMBjIly8fkL6Ux7hx4yhfvjzu7u6sXLmS06dP4+fnR6FChdixYwfVq1fH3d2djRs3UqpUKYKDg0lISKB58+Zs374dFxcXAAYPHkylSpWws7NjwYIFAGzcuBF7e3umTJmCnZ0dN27cYMuWLYSEhFjjmT59Ov7+/hw9etR6zGKxMHToUPz8/ChatCg7d+5kz549pKamUqtWLWrVqnXP/kbH3cZkMt6V/AXI5+nMzdgE637LWqXJZZM+M05Jf69M6/52b1kFg8FA8YJePFvCl73HLrE+/DgvNwogt0P6LC4dm1RkyGcbmNSnMZP6NCYlNQ2AQvnc8fNx49yVKHy9XTBgoO3zZTAYDJy6eJ1bt5MJql4cgK7NKtF3yrf37Mu94jt96QYJiX9e/2abaoydt+We14uIiIiIyJ+UABYREfkfd/z4cT744AOeffZZ60gXERERkf+ijCU7bt26ZT1msViIiYnB1tYWHx8fvvnmG+bMmUN0dDSJiYmkpqbeVc+tW7e4ffs2x48fp169etbjERER1vIFChQAMo8ii4qKwsvLCzs7OwB8fX1JSUnh5s2b1jJ3JqfvPBYXF8d7771HRESENZFtNj94jdw87k6kpZm5djMeH4/M9V65EYeX659LVTjntrP+bDQYSLuj7jzuf17r7uxAVNxtIqLiMyWWPVwciIxOv68HT11h1JxNREbHYzQYuRgRjfmOCeYyrrsZm5BpqmZ7Oxsc7HLdsy/3iu9GTAIeLn/GkNfT2ZokFhERERGR+1MCWERE5H9c7dq12bIlZ4+EGDt2bHaHICIiIv8D8uXLh6OjIwcOHCAtLQ2TycTx48d5/fXXad++PT4+Pixfvpx33nmHatWq0b1797vqsFgsODk54ejoiI+Pj3X0bkpKCp6enmzbtg2AP/74Ax8fH+5cWStPnjwcOXKE5ORkbG1tuXLlCiaTCU9PzwfGfeLECd5//32aNWvG2LFj+fjjj9m9e/dD++vtnpsyRXxYuvEgb3UIzHTu6y2HaVi12EPrAIiKu01h0qffjo6/jaerI3ncnawJX4DrMbesSeZXRy4n+LXadG9ZGYDiL0zNVF9GUtzdxYHouNvW4/EJydxOSslSTACuTvbExCda96/djLeOPBYRERERkfszZncAIiIiIiIiIiKPQ65cuXjxxRc5d+4cPXv2ZPLkyQwZMgQbGxuaNGliHVl76tQpli9fTlxcnHWUbcbUzp9//jm///47TZs25ezZsyxfvpytW7cyevRorl69ap2OedKkScyYMYPQ0FBr+40bNyYhIYHg4GCmTJnCrl27qF+/PjY2D/7+fcaI5StXrrB582aOHDkCpI8A/umnn2jdujW//fbbPa+d2DuIUZ//wPy1PxMdl8i1m/G8v3gHyzcdYlSPBlm6b4vDfgXg7OUoDpy8Qo2yfjSvVZplGw+SkJiC2Wxh/pqfafZcSQBuxCQQUCJ9Wu3FG34lMuoW8QnJd9VbrIAntrls2LDrJACzvtmD0Zj1dTeLFfAkzWxmx69nAZi+Yicmkz7KEhERERF5GI0AFhEREREREZEco2vXrqSlpbFu3TrOnDlD0aJFGTZsGCVKlMDHx4ejR4+yceNGKlSoQOHChYmMjASgQYMGbNiwgf3799O6dWt69eqF0Whk06ZNJCYmUqtWLUqXLo2TkxMhISHMnTuXLVu2UKRIEX755RcAGjZsSGRkJKtXr+bkyZM0atSIgQMHPjTmZ599lnbt2hEWFkZUVBQVKlQgPDyciIgIkpOTSUhIICXl3iNnmwWWYvl7rzB+wVYGTFuDjclI7YDCbJ/5BkULeDy07TSzBf98blR47WOi4xJ5v18T8nk588LzZTl8+goVO03HYrFQ+9nCDOpYB4AxbzSgzaBFuDrZ061FZfq9WIPXJ64mfE7PTHXnsjExZ0gbek8JxWJJX2vYx8OJ1LQHT22dwc7WhhnBrek0ZgVuTg70aled3Pa5Mk27LSIiIiIidzNY7pyrSERERERERETkCcj4+MFsNmOxWDCbzZjNZtLS0qybu7t7NkeZNRcvXqRgwYIAjBs3ju+//54VK1bg6+ubzZHlPBnPjcFgIC3NjH3tEcRsHo2j/b3XEhYRiYqKwmQyWTej0YjRaMRgMGA0ps8ioC+SiIjI/4LY2FgADhw4kOVrAgICAI0AFhERERERERHJsoSEBHr16kXdunVxdHRk06ZNFCtWLFuSvyXaT+X3SzefertPS9quCVTtOoPXW1fljdZVWfz9AcoU9lHyV0RERETkIZQAFhERERERERHJInt7e1q2bMmaNWu4desWlSpV4t13382WWE6uzJ52n6aP325Br/dDmbBgK3ncnZg/4oXsDklERERE5F9PU0CLiIiIiIiIyBOXk6aAFhGRfy9NAS0iIjnFP5kC2vhEIhIRERERERERERERERERkadOCWARERERERERERERERERkRxCCWARERERERERERERERERkRxCCWARERERERERERERERERkRxCCWARERERERERERERERERkRxCCWARERERERERERERERERkRxCCWARERERERERERERERERkRxCCWARERERERERERERERERkRxCCWARERERERERERERERERkRxCCWARERERERERERERERERkRxCCWARERERERERERERERERkRxCCWARERERERERERERERERkRxCCWARERERERERERERERERkRxCCWARERERERERERERERERkRxCCWARERERERERERERERERkRxCCWARERERERERERERERERkRxCCWARERERERERERERERERkRxCCWARERERERERERERERERkRxCCWARERERERERERERERERkRxCCWARERERERERERERERERkRxCCWARERERERERERERERERkRxCCWARERERERERERERERERkRxCCWARERERERERERERERERkRxCCWARERERERERERERERERkRxCCWARERERERERERERERERkRxCCWARERERERERERERERERkRxCCWARERERERERERERERERkRxCCWARERERERERyZEiIiLo2LEjbdq0Ye7cudkdjoiIiIiIyFOhBLCIiIiIiIiI5EheXl5UqFCByMhI2rZtC0BaWlqWr9+0aRM1a9Zk06ZNTypEq7Fjx9KpU6cn3o6IiIiIiOR8NtkdgIiIiIiIiIjI47Z27Vpmz55NVFQUAK1btyYwMJD69euzdetWxo4di8lkyuYo/+Tq6oq7u/sTbcNisbB//37WrFlDkSJF6NKli/Xc5s2bmTt3Ljdu3KBUqVKEhITg6+sLwKpVq1iyZAlJSUk8//zzDBgwABsbfaQkIiIiIvJvpRHAIiIiIiIiIpKjzJ07l0mTJlmTvwBms5kff/yRcePGkZSUxNGjR59I248ywvhOAwYM4OOPP37M0WQ2ZMgQ5s6dy9WrV0lOTrYeP3fuHFOnTmXMmDGEhYXh5+fHtGnTADh79ixffPEFH330EcuWLeP48eOsX7/+icYpIiIiIiL/jBLAIiIiIiIiIpJjHD16lAULFlj3HR0dadKkiXU/LS0NOzs7ypcvf8/r9+/fT4cOHWjevDlbtmyxHl+zZg01a9YkPDwcgEmTJlGzZk1u3LjBlClTqFmzJhMnTqRx48YkJyfz/vvvExQURLNmzZg+fToWiwVIT7b27t2bhg0b0rVrV2siulevXgQFBQHpI3W//PJLWrZsSZMmTRg/fjy3bt0C0kcyv/nmm4waNYpGjRrRv39/4uPjs3RvQkJCmD17NmXKlMl0/PLly7Rr144SJUpgMplo2LAhFy5cAGD37t0EBgZSsGBBnJycaNGiBbt3785ye1OnTqVjx47Ur1+f6dOns3XrVlq1akWTJk1YunRpluoREREREZFHowSwiIiIiIiIiOQYy5cvz7SfO3duKlSokOnY9u3buXLlyl3XJiUlMWrUKKKioggKCuLkyZOP1PauXbuoUqUKCxcu5LvvvqNVq1YEBASwfPlytm3bRmpqKoMGDeLChQu0adOG69evM2zYsLtGDa9du5bPP/+cQoUKUadOHcLCwqwjciE9yW1vb0/58uX55Zdf2LBhQ5bic3Nzu+fx5557jh49elj3Dx06REBAAAA3btzAw8PDes7T05Pr169n+Z6cOXOGDz/8kNmzZ/PNN9+wYcMGFi9ezNSpU5kzZw6xsbFZrktERERERLJGC7aIiIiIiIiISI5x6NChLJX79ddfyZcvX6Zjx44dIyYmhtdff53OnTtTokQJxo0bl+W2p0+fjr+/P0eOHKFYsWLUqlWL48ePs337dk6fPo2npyeXL1+mX79+vPTSS5QpU4awsDBiYmIy1bNx40bs7e2ZMmUKdnZ23Lhxgy1bthASEgJAkSJFGDJkCJcvX+bFF1/k4sWLWY7xYX7//XdWrVrF7NmzAUhOTsbW1tZ63mQyZZo++mEaNWqEl5cXXl5eFC5cmKZNm+Ls7EyZMmVwc3Pj6tWruLi4PLb4RURERERECWARERERERERyUEypkru06cPgYGBGAwGtm7dele5hISEu45FR0cD4OvrC6QnOx+Fk5MTAN7e3ixfvpzp06cTFxcHQGpqqnXkrJeXFwB16tShTp06d9UTFRWFl5cXdnZ21nhSUlK4efMmAEZj+oRuNjY21rofh+vXrxMSEkJISAg+Pj4A2NraZhqhbDabre0+KpPJlOlao9GI2Wz+Z0GLiIiIiMhdlAAWERERERERkRwjT548nD9/nhkzZjBjxoz7lnN3d7/vsYxE653+mmzNWNP3XqZNm8avv/7KpEmTSElJ4Z133gHSE8OANRH822+/sX//flq1anVXH44cOWIdfXvlyhVMJhOenp73bfOfSkhIIDg4mE6dOlG9evVMsRw/fty6HxERkWlKaBERERER+fdRAlhEREREREREcoyqVaty/vz5B5YxmUxUqlTpruPPPPMMbm5uLFu2DBsbG9auXWs9V7BgQQAWLVrEwYMH+eGHH+5bf3x8PElJSRw+fJijR48C6Qnj0qVL4+vry+LFi4mKiuKHH37g9u3bvPTSS5mub9y4MXv37iU4OJgCBQqwa9cuGjZs+LdH3j5MWloaI0eOpGbNmrRo0SLTuRo1ajB//nzOnj2Lt7c369ato3Hjxk8kDhEREREReTyM2R2AiIiIiIiIiMjj8tJLL+Ho6PjQMm5ubncdt7W1ZezYsdja2vLFF19QpEgR67myZcvSqlUrzp8/z549eyhXrtx96+/bty9+fn589dVX+Pj4YDQauXbtGjY2NkyaNImCBQuycuVKcufOzaRJkzKtsQvQsGFDevXqxaVLl9iyZQuNGjXi7bfffsQ7kXX79u1j9+7dLF26lAYNGli33bt3U7BgQXr27Mm7775Lhw4dKFWq1F0jlkVERERE5N/FYHnQnEUiIiIiIiIiIo9BxscPZrMZi8WC2WzGbDaTlpZm3e41LfPfER4ezogRI0hOTr7rXI0aNRg/fvxdSVcREckZoqKiMJlM1s1oNGI0GjEYDNY11A0GQzZHKSIi8nCxsbEAHDhwIMvXBAQEAJoCWkRERERERERymMDAQObNm8eiRYvYv38/CQkJ+Pn50bJlS1q0aIHJZMruEEVERERERJ4YJYBFREREREREJMcpXLgwI0eOzO4wREREREREnjqtASwiIiIiIiIiIiIiIiIikkMoASwiIiIiIiIiIiIiIiIikkMoASwiIiIiIiIiIiIiIiIikkMoASwiIiIiIiIiIiIiIiIikkPYZHcAIiIi2SHhdiK3EhJJTkkhzWzGbDZjsWR3VP9eBoMBo9GIyWjENpcNuR0dcHSwy+6wREREREREREREROQvlAAWEZH/DLPZQnRsHPEJt7G3s8XB3g4X59yYTOmJTYPBkN0h/mtZLBbSzGbS0swkp6QQn5DAjagYcjva4+bijNGoeyciIiIiIiIiIiLyb6AEsIiI/CfExN0iJi4eV2cn/Hx9sjuc/zkGgwEbkwkbkwk721w453YE0u/rpauRuDrnxtU5dzZHKSIiIiIiIiIiIiJaA1hERHI0i8XClYgbJKekkD+vt5KUj5mrc27y5/UiOTmFa9ejsGgebZH/GRaLhdtJKdkdhoiIiIiIiIiIPGZKAIuISI6VkprKH1cjsbPNhbeHGyajfu09CSajEW9PN2xsTPxx9Tq3k5KyOyQReYDbSSm8MfFrnJ8fgVPd4ZRs/z67j1zI7rBEREREREREROQx0SfhIiKSI5nNZq5FRuHm4oyHm8t9yx377QTDx0zgxde60+alTgQPHc2vBw8/xUj/uaO/HefVbj25cPHSfcvE37pF0zYd+GHLticWh6ebC7ly2XDjZixms/kf1eUdNAZTjcHs/+3+fWrQdw6mGoOZ+91eAG7dTqZQ64l8uf7nf9R2dktMSsVUYzCfrtwJwE8Hz5G/+XscO3stmyN7sloHf8kbE7++57lfT1zGofZQPlr201OO6v7aD1mEqcZgpn61/b5lxn2xGVONwXQcvcx67EH9fBz++vzc630xYcEWFm/4lXFvBhE6pTMdm1bCy+3pz47woHsx4+uduNYfyY8Hzj7lqERERERERERE/vcpASwiIjnS1cibODjY4ZTb4b5l9uz7mcEjxmIwGOj9Zjf6934DOztbho+ZwOGjvz32mDb8sIWmbToQf+vWY63Xw92digHlcXFxfqz1/h0+Xu44ONhxNfLmY6lvwdr99zx+/moUW3/+PdMxe1sbGlUrTvECXo+l7QynL93AVGMwoduPPtZ6s8rXy4VG1UpkS4LuXjqOXsazHT967PUGVihE1TJ+dx2PS0ji5RFf8cGAFrzVoeZjb/efut8zarFYWLj+7nP36+eTcq/3xXc/HqN9vfIMfLkWLWo+w/Cu9SlWwPOpxZThfvfi4KkrvPfFZr7/uAe1Ago/9bhERERERERERP7X2WR3ACIiIo9bdGw8RqMRzweM/E1JSeGTmZ9ToVwZxo4IwWAwAFCnViADBw9j5ufz+eyj959WyP9Ivrw+vNO/d3aHYeXp5sLVyJtEx8bj5uL0t+vxcsvN0h8O8MGA5tjZZv6T5ct1P+Pp6khU3G3rMZPJyJwhL2S5/rQ0MybT4/ku3OOs66+K5Pdg/ogXn0jd/ybBr9W55/Hc9rYcXDzwrmfg38DLLTe/nYtg77GLVH2mYKZzOw6c5cwfN8njnvk9cL9+Pin3el9cuR5L0xqlnmoc93K/e1GmiA8XvhtKLhvTU45IRERERERERCRn+Pd9kiYiIvIPmM1mYuJuUSCf9wPL/XrwMFFR0YS8M8Ca/AUwGg00qv88CxYvJS4uHmfn9OTN9h93snxVKH/8cRlPTw+aN2lEm5bNrNdOmvoxMXFx1KxRjZXffEdsbCxlSpdiQJ838fL04KVOPYiLiwfgxde683ztmgQP7AvA72fO8vn8RZw4eRpnZ2daNmvMC21aAHDx0h+82e8dBr3dj207wjlw6DCuLi682K41zRo3BGD/LwcYOW4Sn308hUJ+6UmoM+fO8+nMz/n9zDm8vb14oU3Lu+5BdEwMc+cvZu/Pv5CSkkr5ss/weteOFMjvay2z/5cDLFqyggsXL+Hq6kKDenV4uX1bTKYHJ2a8Pdz442okzk6Of3vt5fb1yjNz9S5CdxzlpQYVrMctFgtfrtvPq0HP8smKcOvxxKRUctcdxsdvt6Jv++fuqm/W6t30mfINU/o3Z9KXW6hZoTCrJ3cCYMXmQ7z3xSZOXbxOCT9vJvVpSpMaJWk/ZBGrtx0BoF3IQny9Xbj43bD71pWaZmb8/M3MX7ufazfjKFskL2PfDKJJjZLWOOISkhg+awOrth7hZmwCJQp6MapHQ9rULXvP+7Bh1wmavf0FBxcPpGzRvMxavZuBH33HkrGvMHz295z54wYl/Lz5bFAbctvb8sbEVRw5cxU/HzfGvNEo0727Hn2Ltz9aw9rw9BHu7Z4vx4dvtcDJ0Q6AfE3H8XqrqsTcSuSr73/FaDDQvn55PnyrJScvRFLhtQ+tdZlqDGb2kHb0aFk1S326nZTC0M/CWL7pILcSU6j6TEGm9GtGQIn0561G908pkMeVlRM7Wq9Z9sNBJn25hRMXIsnv7UqvdjV4++Va1vfdg+K1zfXkk4eVSxfgxPlIFqzdf1cCeMHa/VQong+X3PaZjt+rn3d62H161OfnzvdF2aI+1O8zB4D3F2/j/cXb+P6THlyPTuDVkUs4/+1QCuRxBeDs5Zu88/Fatv78O3a2JprUKMX7fZvh7Z4+Ev3khUiGfBbG1p9/x2y2UOWZgkx7qwXliua1tv2wOv56L7Ly/snu11xERERERERE5GkLCAh45Gs0BbSIiOQoN2PispR0PHP2PADFixa561yzxg1ZufgLa/J34+ZtTJ72CWVKl2R4yDvUqfkc8778ioVLVmS67thvJ/h+0xa6vvYyXTu+wrHfTvD5/IUATJ0whtc6tAfgg0lj6drpZQD+uHyF4GGjyZUrFyHBb9G4UT0WLF7C2rCNmer+eMYcihUtTPBb/ShSyJ8Zs+dx/sLFe/YtMTGJ4aMnEBsXT5+ePXixXWu+/ua7TGWSkpMZNGwMR347Ts8eXRjYryfXb9wkeOgobkZFAXDuwkXGTpxC4UJ+jBjyLs2aNGLZym9YvOzh65eaTEZy53YgKibuoWXvx8fTmXqVi901xe62X85w7koULwc9+7fqnffdXib2bsrbr9QGYMn3v/Ly8K9oUKU4qyZ1onyxfLQOXsDBU1eY9lYL1k7rBsCHA1uyafobD6yrx/iVvL94G/1eDGTFhNco7OtBi3fm8/3uk9ZrXhmxhNDtR5nctynrP+xGvcrFeGn4Vxw8dSXLfUhOSeO9+ZsZ2qUes0LaEZ+QRLuQhbQe9CUdGgXw5ciX8MvrRucxyzl/Nf31TEpOpV6f2ew+eoFZIe34YEALvvvxGN3Hr8xU99QlO7gefYs5Q16gW4sqzFq9m3lr9lK8oBcHFw+kWWApSvh5c3DxQNrVLZflPnUY/hWLNvzCyO4NWTL2FYwGAw36zeGPyJh79nH+2v28OnIJNSsUZtWkTnRoWIHBn65n5JzM7437xfs0JCWn0qV5ZZZuPEBiUqr1eHxCEl9vOUTXFlVISk59QA13e9h9+ifPT5XSBTm4eCCuTvZ0a1GFg4sHUqOs/13lYuITqdNzFmcv32T2kHZ8NLAVPx08S5vBX2I2W4hPSKJOz1ncjE1g4agOrJjwGkaDgeZvf2G9Dw+r416y8v6B7H3NReTxuPPLd39lNpufYiQiIpLTPOj3yIN+/4iIiOQ0GgEsIiI5htliIS4+Ab/8Pg8tGxsXh4O9Pfb2dg+u02xmwaKl1Kn1HH3e7A5AlUrpicdVod/RunkTXF3Tp5p2dLBn3MihuP7/WrxXrl5l6470EaoFC+THw8Pd+rNT7vQRcIuXrcTZyYmRQ94lV65cVKtckYjI66wKXUPzJo2scbRv05JXXmoHQECFsrR/tRtHjh3H3y/zqEOADZu2EB0Tw5QJo8nvmw+A0iWL82a/d6xlNm7ayh+XrzDrk6kULJA/vd7yZen6Rj++/mYNb3TrxOEjx0hNTaPXG92ws7WlYkB50lLTiLh+/aH3F8DN2YmLl6/h4eaC8W/8QzspOSr9DHoAACAASURBVIWuzSvTacxyLkXEWEcmzl+zj0qlClDS78GjvO8n9P3OFC+Yvh6qxWJh8Iz1tK9fnmlvpY+6bly9JPuOXeST5T8xb3h7klLSAPDzcaOkv/d96zry+1UWhf3CzMFteaN1NQCaB5amds+ZDJ0ZRlD1EgC81aEWfnndrNfVrViUBev2s2H3CSoUz5flfnwzuTN+ed2A9HVeXxmxhA8HtqT/i4EA1Cjnj3+rCYQfPId/Xne+XP8zx85GcHDxQMoUSX+P5LIxWpPE/nnTn8/A8oVYPOZlDAYDbeuWZeOek2z/5Qy92tagbNG8uDo5YG9rQ9k7Rno+rE/7jl1k7U+/8fXEjtaRqvUqF8Wv5QSWbzrE2y/XytS3tDQzQz8Lo0PDCnwa3BqAps+lT1k8ZfF2+r9Y0zqK9EHxPmmJyal0aVaZ0Z//wOpth3nl/7+UsHzTIVLTzLwa9Czz1+zLcn1ZuU//5PnJ7WBL2aJ5MRmNeLnmzvQa3mlO6B4io+PZO78feT3T/39WJL8HNbp/yoFTlyle0Iv5I16kyjMF8XR1BCCPuxOVOn/MwdOXqVbG76F1VCyZP1ObWX3/QPa+5iLy5JnNZox/c/YQERGRjASwkr0iIvJfp39ViYhIjpGYmISdba6/PeXwvZy7cJHomBjq1grMdLxe3VqkpqZx7PgJ6zFvby9r8hfA08ODmJjYB9Z/4OBhqlauiMUCyckpJCenUKZ0Sa5FRBIb9+fo2aJFC1t/zu3oiJ2dHdEx9x45efr0GYoU9rcmfwHc3d0yt3voMEUKF7ImfwFcnJ2pUulZDh4+CkCJ4kUxGg188PFnHDh0hJSUFDq0b0P/Xq8/sE8ZTCYjtra5SExMylL5v0pMTqVt3XK4Otnz5fqfAYi9lcjqbUfo1qIKSSmPNrIyQz7PP1+j385FcDkyltZ1ypKYlEpiUirJKWkEli/Evt/uPcL6fnVt3n8agJcb/Tkli8Fg4NWgihw4eZmo2PT1imsFFGZd+HFqdP+UfE3H4d5gFDHxiUTH3uZR3Lm2bEby9s6kWkbCPDL6Vnp8+05RulAeiub3tPb1uXKFANj/2yXrdQHF82X6sCS/tysRUfEPjOVhfdpx4CwAzQJLW69xsMvF/i/78+o9RnIfOXONiKh4OjTKPL3Na40rkpKaRvihc/8o3sclMTmFAnlcaVStOAvW/TlSfcG6fbSuXQYPF0frFwiyIiv36XE9Pw/y44EzVCpVwJq4BahSugBHl75D8YJeODvaUbFUfsbP30zAax/iHTSGOr1mAVif84fV8VdZff9A9r7mIvJkGAwG65aa+vd+v4uIiACkpqZa/1ZUElhERP7LNAJYRERyjITEJHI72D+8IJA7tyO3ExNJSkrCzu7+o4AzErgZo3czZCRU70zSPiqLxUJMbBzrNvzAug0/3HU+Y83gB11/L9ExMbi7ud3zXIaYmFg8/9InSO9XRlK7ZPFiTBgzghWrQhk1bhJGk4nnawfSpePLuDg733XtveR2sCchMQnHLL4ud0pOScPezoZXGgXw5br9DOtSj+WbDmHBwsuNAoi//fcSy3fKSBq9OnLJXefyebk8Ul3Xo2+R28EWZ8fMz1NGAuxmbALuLg70mxrKtz8eZXLfZlQuVYDcDrZU7frJ3+zBw2U8JhFR8Rw7e43cdYfdVebmQ5KH93vWMjysT1GxCbg62d+1RmtG4vqvIqPTXxffv7wGGffyRkzCP4r3cUn+/+RutxZV6TD8Ky5cjSYpJZWdh84T9lH6jAEpqVlPAGflPj2N5+dm7O1MXzCA9A/PShXKA6SvK9yo3+fY2dowvlcTihf05OK1GBr1/zzLdfxVVt8/9/O0XnMRebzu9cF8SkoK9vaP/neDiIgI8H/s3Xd4k+XbxvEzSTdtaVkto+w9ypKNsoeCggNxgAwB8SdOVBwoIiIqCqKCiCKivMoUkI3sjSzZm7JHgRa6R8b7R2nspGW0Ken3cxw5WvKsK09KH3jOXPethISEdM8RBAMA8iMCYACA00hISJS3X+YBQUrlypSWJB0/cVLVq1VJtWzl6nX6feYcjRv9qXxvzAOctpM3LPyaJMnX99ZCwpQMBoPc3d3V8v5m6tC2VbrlRYsU0aXQ0Fver7+fn86dP3/TdXx8fHTtWvoO4rDwcPmm6GIOrlldwTWrKz4hQTt2/qvxk35W6OUr+mTYe9mqxd3dTdHXbt4FnZnkQKfPww00Yc5mrf83RL8s3GbvCo6MufMA2NszKWz67q2uqls59ZC0aUO4rBTy9VJ0bIJi4xPl6e5qf/7C1aTXX7igl+ITzJqyaLu+HdxFvR6qb1/nbnatZ8bb0111q5TQd28+mm5Z+ZKFbnu/2XlNBb09FREdr0SzRa4uWZ/Xwr5JwztfDo9O9fyFq0kfuCji53Xb9d5NyZnjI/dXVyFfT01dvENx8YkKCvBT2waVbqyT/WAyq/OUWz8/ft4eunItOtPlG/ec1N7jF3Vg+pv2YdHTzuub1T7Sys7fHwDOKe1N+cTERNlsNm7WAwBumc1mU2Jiokym//4tzfUEAJBfMQQ0AMBpWCxWmUzZu7TVr1dHPj7emjN/QarnbTablvy9Uh4eHvL2LqAypUvL18dHGzZtSbXeug2bZDQaVSNNeHwz9nlwU+QkNatX1clTp1W5UkVVrVJJVatUUuVKFVW8eKDc3Fwz3lEWKleqoOMhp3Q94r/u5JiY1B2ewTWr6+jxE7p46b+AOTomRjt27lZwzRqSpAmTftYnn4+RJLm7ualp44Zq3eJ+HT1+Itu1mExGWSzW23odyepVKanalYpr6MSl2rLvtPo+3OCO9pdSrQqB8i3goZPnw9W4Zmn7o2qZoqpRLmme3OT3Lasgr2W9CpKk2av2pnp+5ordqlO5hPx8PBUZEy+LxZrqJsSxs1cVHnn3hu/NTPM65XT0zFWVLe6f6rWWK1EoXafmzRgNhlTnIjuvqVlwWdlsNi3d8t+Q6RaLVQ16f6Mxf6xPd4yaFQJUuKCXZq/ak+r5mSt2y2Qyqnntcum2cSQ3V5N6dKynqYu269clO9S7U30Zjbd+oymr85RbPz9Ng8tq+6GzqYZVPnb2qoIeGanNe0/Zj5fyXto/B87c0j7Sys7fHwDOJe0N+eQhoCUpPv7OP+QFAMh/4uPjU00rkBJBMAAgv6EDGADgNMwWS6pP+t6Mu5ubXnrheX325TiN/GKMWtzfTAkJCVq3YbMOHT6iz0YMkyS5uJjU85knNf6HySpQoIDq162tw0ePafqsuer2WJdsD4UsJc0RLEl/LV6qerWDVbVKJfV4upveem+YRowarQc7tJXBYND8hUsUExOjMZ9/cusnQVL7Ni01fdaf+nT0WPXp8bRssmnyL9NSrdOxfRstXLJcH3w8Sj2f7iZXV1fNmDNPLi4ueuLRhyVJwbVq6NMvxmrSz1PVqMF9uhoWplVr1qlOcM1s12IymWS2ZH8I3Mz0fbihXh0zX2WL+6tlvfJ3vL9k7m4u+qh/O735zUJZrVZ1bFJVl69F68NJy/R4y1oa9dKDCizsIxeTUdP//lduri7q1KxqhvuqW6WEnmwTrEFfztO1qFhVDiqq35ft0vp/T2rRmL6SpCJ+BVS/ail99ONy2Ww2xSWYNXraWiWaLXdlSOubeaFrI/0wd4vaDpqk9/u0UWBhH81fu19TFm3XsdlDVNS/QLb2UzrQT7NX79Hvy3apQfUgVQoqkuVrahpcRm0bVFK/kbP16YsPqnSgnybN3aKjZ67osZbpf55cXUz6eEAHvTR6rvx8PNWhcRVt3X9aI39ZpSE9W+bJbtC+DzfQuBkbJEm9O9/ehxSyOk+59fPzwqON9d2sjer8xhS926uVDAaDPvpxuYr5e6th9SBdvhYtby939Ro+Qy91a6qDIaEaOz0pyI+KTcjWPtLKzt8fAPc+Q5oPEaV8PqXo6Gi5u7tzsx4AkG02m03R0dGprh2ZXUe4vgAA8gMCYACAUzHewn/kHmjWRF6envpj5p8aPfY7eXl5qmL5cvrqsxGqUqmifb1OHdvJ1dVVs+f+pQWLl6pokSLq16enunZ+8JZqq12rpu5v1liz5szXlathqlqlkqpUqqjPPv5QU377QyO/GCt3NzfVq1tbrw0aeEv7Tsnd3V0jhr2nbyf8qCEffKzAgGJ6vOvDOnTkmH0dTw8Pff7JMP005Td9MyFp3s5aNavrrdcGqZB/0nyjzZs00uBX/6fZcxdo4ZLl8vHxUZNGDdTnuWeyXcutvB8382yHunr7u0Xq3bnBXf/P+qvdm8vHy11f/b5O38zcqIBCPurRsa4+fL6dJMnLw1UjX+yokVNWad+JS5kGwJI0ddhT+nDSMn02dbXCI2MVXLG4Fo3pqw6NK9vXmTHyWb00eq7e/GahivgV0NA+bbRm53HFxCXe1deVlp+Pp9ZNfFFvfbNQ//tirhLNFt1XrZSWjH0+2+GvJA18rLGWbTmiAaPmaMLbj6pSUJFsvaY5n/XUkPGL9e6ExYqOS1CTmmW05vuBKls843mABz7WWO5uLho9bY2+m7VJpQP9NPrlTnq1e/M7Phc5oWaFQDWoHiRvT7dMX1N2ZHWecuPnp3BBL62d+KIGj1ug54ZPl6uLSV0eqKEvBnWSyWRUYGEfzf38OQ0et1D9P52tGuUDNOez5/TO+MX2+Zuz2kdGsvP3B4BzSdmhlbJjy2q1KjY2Vl5eee8DPwCAvCkmJkY2m01GozHD6wsAAPmNwXYrE5MBAJCHhZy5oHJBxR1dBtLgfQEAAMlsNluqh9VqtT8sFov9YbVa5efnJ1fX25sSAwCQfyQkJOj69esyGo0ymUz2h9FotD9SftCIQBgAcK+IiIi47W2ZAxgAAAAAAOSazDqz0t6Yv3btmix3YSoJAIDzMpvNunbtmqT01xE6gQEA+RkBMAAAAAAAyHUZBb8pHzabTeHh4bJarQ6uFACQF1mtVoWHh0vK/FqSvAwAgPyGABgAAAAAAOSKtDfhMwqBUw7XabFYFBoaqvj4eEeUCwDIo+Li4hQaGiqr1Zru2nGz8JcwGACQX7g4ugAAAAAAAJC/JN+At9ls6cJfm81m/5r8uHr1qjw9PeXr6yuTyeTg6gEAjmKxWBQREaHY2NhUc/wmh78ZzffL8M8AgPyIABgAAAAAADhEZh3AKUPgZLGxsYqJiZGPj498fHy4mQ8A+YjValVUVJQiIyPTdfzeLPwFACC/IgAGADgN7wKeji4BGeB9AQAAKSXP75tRF3DK8DcjVqtVkZGRun79ujw8POTl5SVXV1cZjUaZTCZu9gOAE7DZbLJYLLJarUpMTFRMTIzi4uJSBb3JD5PJlK4TOLMgmGsEACA/MdhSfpwWAAAAAAAghyXfikg5zLPNZpPVas3wYbFYUi1Pu13K/QEA7m0ZjQ6R0TzxmYW/BMAAAGcRERFx29vSAQwAAAAAAHJV2i7glM/frPs3eZ20IbCUOvwlCAaAe0/Ka0JmUwSk7QDOKvgl/AUA5FcEwAAAAAAAwKHS3qDPKAhOvpGfHBxnFgAT/gLAvSuj60FmAXDa7zOb/5fwFwCQHxEAAwCcRsiZC44uAQAAIF8rF1Q82+umDXNT3rBPngs4eb3krt+UXwmAAcD53CwAvlkITNcvAACpMQcwAAAAAABwmMzmA047N3DKrzeb/5fbHABw78oqAE4bAme0nBAYAOAsmAMYAAAAAADck9LOB5y2uzdlsJvRMuYABgDnkNUcwJkFwZmFvoS/AID8jAAYAAAAAAA4VEbDQaeUPCR0RqFvZp2/hMAAcO9I+3s/bQCc8vvsdPwS/gIA8jsCYAAAAAAA4HCZhcCZzfeb8s/Jz2X0PQDg3pBRB3Dy95kFwSnXJfwFAOA/BMAAAAAAACBPyKwDOOWylCGxRPALAM4ms6Ggk7/eLPAl/AUAIAkBMAAAAAAAyDOSb95nFQSnXC8lQmAAuHdlNhR0yu8JfgEAyBoBMAAAAAAAyHNSdvlmFAikXZbZugCAe092guDM/gwAAAiAAQAAAABAHnUr4e7NltEVDAB5z60Et5mNCAEAADJGAAwAAAAAAPK0lDf5MwuDbxbyEhIAwL0ls9/b/D4HACB7jI4uAAAAAAAAAAAAAABwd9ABDAAAAAAA8rSMuntvZVhnhoAGgLznVobuTzslQFbbAwCQ3xEAAwAAAACAPCltAJDyzzdbBgDI+2536P5bmR8eAID8igAYAAAAAADkORmFvSm/Go1Js1ol3/gnAAAA55H2977Vak33ez5lEMw1AACA1AiAAQAAAABAnpFV8GswGOTiwu0MAHBmaT/cYzQaZbFYMuwaNhgMdAMDAJAG/2MCAAAAAAB5QkaBb/JXo9Eok8nksNoAAI6VfA2wWq2yWq3plicHwYTAAABIRkcXAAAAAAAAkFHoa7PZZLVaZTQa7UM+AwDyt+RrgtVqtV8rpPTXEQAA8jP+9wQAAAAAABwqs/BXklxcXAh/AQCpGI1G+3QAhMAAAKTH/6AAAAAAAIDDZNTxm9zVZTKZGMoTAJAhg8Egk8mU6tohEQIDACARAAMAAAAAAAfJrPOX8BcAkB0pQ+DkIFgiBAYAgAAYAAAAAAA4TEbhL3P+AgCyK/makfI6IhH+AgDyN/43BQAAAAAAcl3KG/Npb9qbTCZHlQUAuAclXzfSXk+SnwMAIL8hAAYAAAAAALkqo67flN2/DP0MALgVBoMhXRcw3cAAgPyMABgAAAAAADhUypv0Li4uDq4GAHAvSr5+pO0ABgAgPyIABgAAAAAAuSaz7l+r1ergygAAzsBqtdIFDADI9wiAAQAAAACAw6S8Qc/cvwCAO2EymTKcBxgAgPyGcZUAAAAAAECuymiORpvNxty/AIA7YjAYMuz+TV4GAEB+QQcwAAAAAADIFWm7sdIOB200cpsCAHD7jEbjTYd9pisYAJBf8D8rAAAAAACQ6zKaC5juLADAnUjbASwR+gIA8icCYAAAAAAAkGvS3pTnBj0A4G7K7BrDdQYAkJ8QAAMAAAAAAIfJaJ5GAABuF9cVAAAIgAEAAAAAgAPQmQUAyAlcXwAAIAAGAAAAAAC5ILduwLd7+UeZmgyRqckQfTx5RbrlUTHxKtDyffs6G3aflCQNGj1PPq2G6o/l/+ZKnRnJTg19RsyUqckQ9fxoei5WJv2+bJd8Wg3VK1/Nz9XjAsDdRiAMAMgPCIABAAAAAECuSnnzPSeH6py1ck+65xZuPKS4eHO65zfuOamYuERtO3DmrteRXXmhhsxsO3BGMXGJ2rA7xNGlAMBNZXRdIfQFAOQ3Lo4uAAAAAAAA5E85fUP+QMglHQi5pOrlAuzPzVq5O8N1Z4x8Vuv+DVG31sE5WtPN5IUaMjOsXzvVqBCoFnXLO7oUAMg2gl8AQH5FAAwAAAAAAHJdTt+UL1eikELOh2nWyj0a1q+dpKThn5duOSwfL3e5upgUFhFjX//5kbO0ac8pnQu9bl//h7lb9O3MjQq5EKaAQj56vGVNfdivnXy83DM8Zkxcoj74YalmrNijq9ejVa1sMX34fDt1bVFDn0xZqWGTlqtSUBEdmvmWJGn51iN68LXJMpmMurDogwxr+G3JTg3/6W9duRatjk2qZNi9fOJcmIZ8t0irdhxXQqJZzWuX0+iXO6lmhUBJUtEOwxUWEaPJQ7vpt8U7tXnfKQUVK6gvXu6kLg/UsO9n6uId+nLaWh07e0WlihVUj4719G6v1nJzNemr39fp019W6YG65bR6wkBJSQH7+98v1ZqdJ2Q0GtSwepA+H/SQgisWlyRFxyboox+Xa9aqvbpyLVrlShTS/55oohcfa3JH7y0A3AqbzSaDweDoMgAAyFUMAQ0AAAAAABwmOQi+24Fw52bVJEkzUwwDvWDDQcXFm9W1RQ1ZrNabbj/xzy363xdzdfJCuO6vXU5RMfEa88d69RyW8dy7NptNnQf/rK+nb9DFq5FydTFp99ELevydX7Vxz0k92qKmJOnomSs6G3pdkrRy2zFJ0gN1yqlwQa90+9y055R6fzxDIefDFBOfqFkr92jBhgOp1rkUFqWm/b/Tn2v2KTo2QWaLVcu3HlGbQZN0LTI21boDRs3Rxj0nFZ9g1rGzV9Xzo+n2EHzSvK3qO2KmDoRckslo1IlzYfp48gq9+c3CDF/vucvXdf8L3+uv9QdU1L+AvDxctXzrEbV/5UdduRYtSeo3cpbG/LFeZotVzYLL6sjpyxo0ep7G/rH+puceAO5ETl1XAAC4lxAAAwAAAAAAh8qJm/QBhX1Uv2opHToZqn3HL0qSZq9KCoO7t6uj6NiEm24/Z/VeSdLwAe21dFw/LRzTV5VLF9XRs1cUG5+Ybv356w5o7c4T8vf11JFZbyti1Qi93aOlJGnE5BWqUT5AFUsVliSt3J4U/K7YdlSS1PVGOJzWV7+vlSTVrVJCV5YN09kF76vCjX0k+2zqKl0Oj1az4LK6smyYwv4erhb1yuvKtWh9/+eWVOv27lRfEatG6OCMN2U0GhQdm6DtB8/KarVp2KTlkqT3erdW1JpPtHBMX0nSxLlblJBoSVfbjBV7FBEdp6pli+nQjLd0YPqbKujtocvh0Vq+9YisVpvmrt2fdG5G99Kyb/rpq1cfVuXSRbV1/+mbnnsAuFOEvwCA/I4hoAEAAAAAQK7JrZvyMXEJ6t6utnYcOqtZK/eobHF/Ldl8WIULeqllvfIyW27eAVyldFGt2n5M46ZvkMVqVct6FbT/j8EyGjMeRnTFP0lhro+Xu0ZNXSVJung1UpK078QlSdKjLWtq9LS1WrXtmDo3q6Z/j5yXJHVtUSODPUq7bix//pGG8i3gId8CHmoWXFbHz161r/P3jeOaLVa9/vUCSVJEdJwkaf+Ji6n2175RFbm5mlS5dFEFFPLRhSsRung1UodPX1ZoeJQkaUDXRpKkB5tU0cR3HpfFYlVcQvrA+42n79cbT98vSYpPMCsmLlFBAX66HnVRZ0Kvy2g0qGKpwjp4MlQvfzlffR9poPaNKmlQt6aZnHEAyFkMBQ0AyE8IgAEAAAAAgNOJiUvQC4821tvfLtLMlXtUtWwxxSeY1euh+hl2tKY18sWOuhQWqT/X7NO745dIksoU99fk97upVf0K6da/FJYU9p6+eE0/L9iWallyuNq1RVIAvHL7MXsXcIPqQSpVrGCGNVy+sV1my5OOm7TO1v2n03XWJh83I8kZiNVmSzVUdCHf/4ai7t+lYabbS9Jnv67WxD+36Myla6meTw75Z4zsoeeGT09VW7Pgsvq/j59WUIDfTfcNAAAA4PYRAAMAAAAAAKcTHZugUsUKqllwWW3cc1Ijp6yUJHVvV1sxcTcf/lmSCnp7aNaonjobel1LNh/W1EXbtXnvKT353jSdWzhUbq6mdOtLUqv6FbTiuwEZ7rNRjSAVL+KrC1ciNH7WRkmZd/9KUmBhH504F6brUXE3rTMsIkYf9W+vD/q2yfJ1ZcTfx9P+fVhEjAp4ukmSDoRcktVqU+XSRdNtM372Jr3//VIV8/fW90MeU1CAn14bM1/HUnQn1ygfoB1TX9WeYxe0dMthTZi9WRv3nNSgL+dp/ujet1UrAAAAgKwxBzAAAAAAAHA6FmtSF+qTbWtLkg6eDFXxIr56oE55+7JMt7VYFfjQx/JvO0xnQ6+rf5eGmjb8aUlJAWlGgWyr+ypKklbvOK6ZK5PmGr56PUbPfPC7PRQ1GAzq8kB1SdKG3SclSY+1zHj+X0mqW7mkJGnmit2y2WxKNFu0/8Zw0sla35fUjfzdrI06EJK0bP+JS+r27m+Kizff9HUmq1y6qIr6F5AkTVm4XZL0z4EzqvXMGNXp+bWiYuPTbbNu1wlJUofGlTWgayM1qVlaCeb/Oqu37Dst/7bDVO7RUapQsrDe7tFSH/VvJ0k6cS4sW3UBAAAAuD10AAMAAAAAAKfVrU2wXv/6L1mtNnVrXSvTOXxTMpmMerJNbY2fvUkPvjZZzWuX1f4b4WrT4DL2sDSl7m1r64c/t2jjnpN6euj/aeBncxQVmyCLxSp/X0+Nf+tRSUnDQE/8c4skqVrZYhl21yYb/OwDmrN6rxZtPKSqT45WZEy8fcjnZEP7tNX8dQd05Vq0aj0zRoV8vRQWEZP02jcc0JNtgrN8vUajQcP6tdOg0fM0/Ke/NfaP9YqMSQp9ez5YL9Ww0MnqVyul2av26rclO7X+3xCFhkcpJi5pruCERIsaVCulciX8tfvoBdV85ivVqhCo9f+evHEOMu96BgAAAHDn6AAGAAAAAABOK6CQt1rWS+qS7d6uTra3G/Paw/r4hQ4q4uelv/85KrPZqoGPNdbcz3tluL6Lyail4/rpzWdbKCjAzz4E9Xu9W+vLVzrb12tZr7x9uOhHb9L9K0mNapTWrx89pbLF/XXhaqTqVSmp/z3eJNU6pQP9tGXyID3Vrrb8fT0VFRuv2pWKa/LQbtkKf5O9+FgT/fR+N1UrW0yx8YkKLOyjt3q00PdvP5bh+oOffkBv9WihwMI+uh4dp+5ta+vp9knn9/CpUJlMRi0b11/PP9JAcfFmrdh2TIGFfTTqpQc1vH/7bNcFAAAA4NYZbDbbzcc9AgAAAAAAuEPJtx+sVqtsNpusVqusVqssFov94e/v7+AqAQD3uvDwcJlMJvvDaDTKaDTKYDDIaEzqhzIYsh4NAgAAR4uIiLjtbRkCGgAAJc1R1qz/+EyXlw70U8jcd3OllqWbD+vt7xbp+LmrGt6/vd58tkWuHDcnjJ62Vt/O3KjwyBgtG9dfTYPL5Nqxj529qirdvlDl0kV1cMabuXbcu8lisWrx5kP6af4/ur9OuWz9LEyat1Vjfl+nM6HXVL5EYQ15rqV6dKxnXz5/3X69O2GJTpwLU/mShfTJwI6p5h7Mavs72X+i2aKPJ6/Q1EU7dDUiWhVLFdGbz7ZQzwfrluKQ1QAAIABJREFUZWu5lDR/4/+++FNb9p1WIV8vDejaSB8+3zbLGzjZOZfbD57VT/O3KjwyVjNG9ki17JMpK/X9nM0Kj4xVg2qlNP6tR1WzQmCubL96x3G1HTQpXb2Th3ZT7073KT7BrI9+/Fu/L9+l8MhYBVcsrs8HPaRmwWUlSXHxZn3ww1JNW7pLMfGJqlu5hL54uZMaVg+66TkDAAAAAADAvYkhoAEAkORbwF1Ng8uoaXAZ1boRyni6u9qfa1DtzoKS6X/vlqnJEPUZMfOm60XHJujJ96dp/4lLqlk+UEX80s8vl9OyW2tW1u46oXfGL1ZoeJQaVA+Sl4frXaowf/j8tzUq03WUur41VQs3HJTZYs1ym+//3KwXP/9Tl8Ki1KRmGR0+fVm9hs/Qqu3HJEm7j15Qt/emKeR8mBpWD1LI+TB1f3+aDp4Mzdb2d7r/979fqk9/WaX4RLOaB5fTkdOX1fvjGVq86VC2lsfGJ+rB1yZr3a4Q1a5Uwh4Y/zj/nzs6lws2HFC9575Wo77f6sf5/ygiOj7V8glzNmvYpOVKNFsUXLG4Nuw+qc6DpyjRbMmV7c9fSfq0Z8VShfVA3XL2R2AhH0nSiJ9X6Itpa5Rotqhu5RLavPeUOr3+s85fTtqu94gZGvPHenm4u6h62WJa/2+IOr3+s65ci77peQMAAAAAAMC9iQAYAABJ1csFaP0P/9P6H/6nie88LkkqV6KQ/bmZn/bIYg93x7GzVxUdm6BaFQK19eeX1bvTfbly3Jzw75HzkqSBjzbWqvEvqE7lEg6u6N7y0/ytSkg0q0qZotneZuwf6yVJi8f21YrvBtjn15u3dr8k6cd5W2WxWPXlK5217ocXNfa1R2S12vTdrI3Z2v5O97/76AVVLxegTT++pGXf9NPY1x65sf2+bC1fuOGgzly6psdb1dKWyYO0buKLkqRxMzbc0bn8a90BHTp1WfWrlspw+YTZmyRJq8a/oC2TB+nJNsE6c+ma5t543Tm9fXKQ+1H/9lo9YaD90bFJFUnSgg0Hk75+1UdrJ76oR1vWVGRMvNbsPK6zodc1a+UeFS7opT3/94Y2Tx6kdg0rKSwiRmt3nbjpeQPgHLbuP62Rv6zSJ1NWZvoYN2OD4hPMji4VAAAAAHCXMAQ0AAC3YPvBsxo8boF2HDqn4kV81K9LI731bAsZjQbtP3FJr3/9l7buP6MCHq56uHl1ffFyJ01ZuF2Dxy2QJP26eIdWbDuqM3+9n27fCzccVJe3fpEk7T1+UaYmQ7Ry/ADdV7WUhoxfrD9X71NUbLzqVSmpsa8/onpVSkqSjpy+rFe+mq/1u0NUyNdLz3aoq48HdJCbq0mS9PuyXRr5yyqduhCuyqWLaMQLHdWpWdUMX9/X0zdkWOv5yxF6dcx8/f3PURXwdFPnZtX0+aCH5OfjmeF+3vpmocbcCAu/nbVR387aKMvmz3Xs7FUNHrdAa3aekKuLUe0bVta4N7qoqH9Sp/PiTYf03oQlOnz6ssoWL6R3e7XScw/VlyRdDo/Wq2Pma8nmw/J0d1GnZtU0+uVOmdZwt96/gt4euhYZqzfGLdCijYeUaLaoSa0y+uqVzqpatpgkaeOekxry3WL9e+S8ShT1Vf8ujTT4mQdkNBr07vgl+mLaGr3Xu7VW/HNUe45f0H1VS2na8KcVFOCXaa2/DntKDaoHaeSUlfp48opsvb4n2wTLarWpcc3SkpI+xCBJUbFJHaW7jpyTJD1Qt7wkqVX9CpKkfccvZmv7O93/sm/6parXemMuSE9312wtT/5Qwf11y0mSqpYtpoBC3jp86rLMFqtcTBl/tjGrczmoWzN99Wpn7Tx8Tm1eSj3UcnyCWQdPhsrf19M+ZHPL+hU0c+Ue7T9+UWoTnKPbS9KFGx3AgYV9Mnx9XjfOj8WadL4sNzqcvb3cZbZY9XaPlipXspB8vNwlpXzfEjLcHwDnMmzScv39z9Es16tXpaTur1MuFyoCAAAAAOQ0AmAAALLpzKVrajNokmLjE9W8dlkdPXNF701YIm9PN/3v8Sbq9MbPOn8lQn063afj567qp7/+UXyiWc8/0lCdmlXVoo2HVL1cgLq3q53h/iuUKqxnO9TV/y3bpcDCPnqmfR0FFfPTy1/N16+Ld+i+aqVUrWwxTVu6S13e+kXHZg+R0WhQ58FTdPzsVd1XrZTOX4nQ6Glr5eZi0scvdNC8tfvV86PpKujtoSa1ymjr/tPq+vYv2jH1VQVXLJ6uhvpVS6arNT7BrLYvT9LhU5dVo3yAYuMT9dNf/+jkhfB0gV2yFvUqaPuhs1q3K0QNqgfp/tplZbFY1fHVnxRyPkxdHqih6NgEzVixW4lmi2aN6qmjZ67o0benSpKa1CqjnYfPqc+ImSpR1Fet6lXQQ69P1s7D51S3Sgklmq36ecE2XY+Ky3Z39u2+f7982F2vfDVf/7dslx5qWlXF/L31y6LtOngyVMdmD9Gxs1fU7uUfFZ9gVtPgMjp08rLeGb9YCWaL3u/d2n78UVNXq3HN0vL18tCG3Sc14ucVmvTuE5nW26TWrc+X/MnAjqn+PG3JDklS6/sqSpKuR8VJkj0ILOjtIem/IYaz2v5O959s6MSlOhASqqVbDisowC/dfLyZLU+7/6RjeOpSWJQuXo1UqWIFMzwvWZ3L2pXS/11Iljwcc9pjpnxdObl9yvXe+HqBjp65oqAAPw3t20bPdqgrSRrWr50ee+dXPTx4iiqWKqwt+06rRb3yerBJFbm6mDTqpQft+4qMide8tftlMBjUsl75mx4XgHP4fFAnbRn4vSJj4jNdp1en+oS/AAAAAOBECIABAMimSfO2KiomXu/3bq0BjzbWlWvRqt9rnKYs3KZuN4Z0LV+ykL4Z3EVxCWZ9NnW1ChX00v11yunc5Qgt2nhI91UrpaF92kiSPeyUpFLFCurbN7vqle7N9X/Ldql0gJ9Gv9JZkvTI/dXVol55Pdayprw93XXs7FVt3ntKB0JCdfzcVR0/e1WPtqyp2aN66nJ4tEp0HqFZq/bq4xc66Kvf10qSpg1/WsEVi2vhhoN6afRc/bp4h3p3uk8f/LDMXkOHxlU08LHG6Wqds3qvDp+6rJb1KmjFd/2VkGhR/V7jtGLbUW0/eFbHzl7VjL//te9n8LMt1Ll5NR06Fap1u0LUql4FjXrpQcXGJ2po3zby8nDTk22CFROXKJ9WQ+1dSd/M2CCzxaqv33hEL3drprlr9umJd3/TnFV7JUk7D59T6/sqasoHT8pms6ndyz9qzuq9ioyJ16KNh9LVkLZb8nbfP0nacTips3Xs64+oYqnCqlq2mMKuxygyJl7fzdqk+ASzPny+rYb1a6cT58JUrftoffHbGr37XCv78d96toVGvfSgtu4/rab9xmvHoaR9fvDDMnuHrCRN+eDJLLua9x2/mOF7l9JPf/2jJZsPq0b5AD3Vro6k/zpE08pofuGMtr9b+1+08ZD2HLsgSapVIVCFfL2ytdxizXweZLPFqul/7073c9C8dtlMt8mOrI6Z09tLSeGxwWBQEb8CqliqsOat26/nPpquSkFF1LB6kMoW91dAIW+dvnjNPq9vnUol5OpiSrevl76Yq9DwKA3o2khlAv2zdXwA97balYpr9mc91en1nzP8vdOuYSX9cGP6CwAAAACAcyAABgAgm5KHnx35yyqN/GWV/fmQ8+Eq5u+tdg0r6e9/jirokZFq17CSurSoqW6ta2W6v7/WH7B/X7l05vO8NqwRpLe/XaQh3y22hzuSdD06VodOhUqSfUjeov4FFLfu03Q1Pzx4Sqp9hpwP05Xr0alqyGx42b03gri2DSvJYDDI3c1F7RpW0sGTodp+8KwuhUWm2k/3DMJCKWkY3yqli+r9iUs14NPZ9k6k5K+HTl2WJDWpmdSt+WjLmorfMEpGg0Fj/lgnSVq1/ZjKdPk01X5Dzofp8KnQdDWkfT138v716FhPQycuVe0eY9Sibnl1aFxF7/dpLW8vd3tQ2b5RZUlS+ZKFVL1cgPYcu6Ajpy/bjxNwo56AQklfI6KTulk37A7Rul0h9vXisjEHY1bv3bpdIRo0ep68PFz1+8fP2IdGzmyIZJMx9fOZbX+39r/rt9cUHZugd8Yv1oQ5mzV04lKNff2RLJdntv+kYxgy/Dm4U1kdM6e3l6Qf33tCY1572N5FPOLnlfrox+WavvxfNawepOeGz9Dpi9c0a1RPtaxXXk+8+5vGzdigZrXL6vFW//0OGjV1tf5v2S5VK1tMX974gAmA/KFtg0r68b0n1GfEzFTP165UXLNG9czwAyMAAAAAgHsXATAAANmUaLZIkob0bKmmwf91FSYHPAvH9NUvi7brz9V7NXftfk3/e7e2dG+uMa89nOH+LJs/z9Zxn/tohtbsPK4P+rZRxyZV9drYv7TtwJlM1zelCJwSzUmdPr999JR8C3jYnw8o5K0G1YOyVYOba9I/F4wpwqrkuVldXUwa1q+dhvVrl+V+rkfFqdMbPyvRbNGEtx9T1TJF1bT/eFkz6RqV/ju3ya/joaZV9cKjqTtdywT6Z1jDsbNXU/35Tt6/d3u1Uv2qJfXbkp1atuWwlm05omlLdmrrzy/LPYvzk5XVEwZmuU5aLetVyPS9O3rmih57Z6rMFqtmftrDPu+sJBUv4qMDIZfs4XPykMp+Ph7Z2v5O9m+z2XT41GW5uJhUsVRhFfB008DHmmjCnM1avzsky+WSFFjEV9J/wyonHSP2xjE8s/2zeCsKF/SSq4sp02Pm9PaSFBUTL6Phv5+vWjfO+dnQ64qMideOQ2dV1L+AHmtZU5L0VLs6WrvzhNbsOG4PgGev2quhE5eqqH8BLfiqjwp4umXr2ACcx3MP1dfpS9c0bNJySVJQgJ8Wjembaoh6AAAAAIBzyLwlAQAApJIcdB0+fVmdmlVV5+bVFJdgVt0qJbXr8Hm9+Pmf8nJ31eKxz+vgjDclSbNW7ZEkJWc3cfGJt3RMm82mjXtOymQy6t1erdWoRpDMFot9edUyxSRJ/+xPCoQjouNUt+fX6vjqTzdqDpAkhYZHq3PzaurUrKrOXb6u+lVLZXrMtLXWKJ+0j5Xbjspms8lssWrNzhOp9p8d+05c1PWoONWrUlI9H6ynSkFFZEuR/VYtk9QFvXX/aUnS2l0nVOuZMfrgh2X24+w9flH31ymnzs2rqVyJQvIp4G6fZzYrt/v+xcQlqv+ns7Vpz0n99tFTOvPX+6pSpqh2Hj6nE+fD7Odn+dakoazPXLqmQydDVcDTTWWL5+4Qu2ERMer8xs8Kj4jV168/okfur55qeXJwmPz+rd2V9LVelZLZ2v5O9m8wGNSk33hV6z5apy9ek5T0MyFJxQv7Zrk85f7X7jwuSTpy+rIuhUWpQqnCORZgGAwG1SgfoGuRsfZu73U3XlfdG+ctJ7eXpNJdPlXBNh/qzKWk87L9YNLf91LFCqqAh5s83F0UHhGrCzfmCj4YcklSUvgsSf8cOKNeH0+Xh7uL/vqyj8qVKJSt4wJwPkP7tNFLTzRVYGEfLR7bV8VvfLAGAAAAAOBc6AAGACCbXnqiqX6c/4/mrd2v4GfHys/HQ5v2nNKAro00fEB7zVq5RzNW7NbOw+d0/nJSEHPfjaA1qJifJOmvDQf04GuTteTr57N1TIPBoCplimrf8Yt6+M0piopJ0K7DSUMZmy1WdXmgusqXLKQ5q/eqWf/xung1UicvhGvwMw9Ikt55rrW6vz9Ng8ct0Nw1e3XleowOnQxVQW9PPdWudobHTFvrwq/6qEb5AK3cdkz1nhun+ESzDp+6rFb1K6hRjdLZPn/lSxSSq4tJm/ae0tND/0/bDp6V7UYCbLZYNahbM/0wb6sGj1uoeWv3a8ehs7oeFafPXnpIHRpXVu1KxbX76AVVf+pL1SwfqA17QlQm0F8Hpr+ZrePf7vvn5eGqfccv6ucF23TyQrgKF/RSyPkwFfEroNIBfnr1qeaaOHeLhv/0t1ZtP6qDJ0Nltlj1Qc+Wqbqxc0PfEbN07OxVeXm4auW2o1q57ah92dwveul/jzfVt7M2ach3izRv7T5t3X9aBoNBA7o2ztb2d7r/Xg/V17ezNuq+3uNUp3IJrf83qbO3X5eG2VreqWlVVShVWPPW7lez/uMVcj5MkvTiY01y6pRKkl7p3lx9R8xUu5d/VOXSRbRpzykVL+KrLmkC8Jza/oWujfXFtDVq2OdbVS8XoLW7TsjFZFSfhxvIaDTomfZ19fOCbbqv9zeqXLqI1u0KkauLSd3a1FZsfKK6vvWL4uLNKh3op1Ephj+vWSFQI17ocFvnBMC965vBXfTN4C6OLgMAAAAAkIPoAAYAIJvKlSik1RNeUKv6FXT83FUdCAlVj471NHxAexXz99byb/urbuUSmjBns1ZuP6aeD9bTj+89IUlqGlxGfR9uIJPRqGNnr9zScacNf1oNqwdp895T8vFytw/peuJcmFxdTFrwZR+1bVBJu46cV2RMvF57qrk91HmidS39PuIZ1SgfoC37TisyOl4f9G2jJ24yN3HaWk0moxZ81UcPN6+uY2ev6PzlCD3Vrramf/LsLb2O4kV8NW340yoT6K9lW4+ofaPKqlq22I3XclVVyhTV3M97qUqZolq364QK+Xpp4juPq1OzqnIxGbVsXH/16FhPcQlmbdgTosY1yui3j57K9vHv5P2b+0UvdW9bW/PXHdBPf21T89rltPTrfnJzNalMoL8Wj+2r+lVLavPe0zIZjXq/d2u9+1yrWzo/d8Pxc0nDXsfEJeqv9QdSPSSpQqnCmj2qp8qXLKyNu08qqJif/hjxjO6rVipb29/p/j8f9JCG9mkjby93bdpzStXKFtPvI55RlwdqZGu5yWTU/NG99UDdctp5+JxsNun93q312lPNc/S89nqovoYPaC8Xk1HbD55V0+AyWjy2r7yz2XV8p9uPGNhBw/q1k5urSZv2nlTdyiW04Ks+9o7or19/RK8/fb99/w2qB2nhmKQPbkTHJuhSWJQk6fTFa6nesw27Q252WAAAAAAAANyjDDabLfOJ9wAAAAAAAO6C5NsPVqtVNptNVqtVVqtVFovF/vD3z93pEwAAzic8PFwmk8n+MBqNMhqNMhgMMhqT+qEMyXMfAQCQh0VERNz2tnQAAwAAAAAAAAAAAICTIAAGAAAAAAAAAAAAACdBAAwAAAAAAAAAAAAAToIAGAAAAAAAAAAAAACcBAEwAAAAAAAAAAAAADgJAmAAAAAAAAAAAAAAcBIEwAAAAAAAAAAAAADgJAiAAQAAAAAAAAAAAMBJEAADAAAAAAAAAAAAgJMgAAYAAAAAAAAAAAAAJ0EADAAAAAAAAAAAAABOggAYAAAAAAAAAAAAAJwEATAAAAAAAAAAAAAAOAkCYAAAAAAAAAAAAABwEgTAAAAAAAAAAAAAAOAkCIABAAAAAAAAAAAAwEm4OLoAAAAAAAAASQo5c8HRJQAA7nF+3h6OLgEAAIcjAAYAAAAAAHlCuaDiji4BAHCPCw8Pd3QJAAA4HENAAwAAAAAAAAAAAICTIAAGAAAAAAAAAAAAACdBAAwAAAAAAAAAAAAAToIAGAAAAAAAAAAAAACcBAEwAAAAAAAAAAAAADgJAmAAAAAAAAAAAAAAcBIEwAAAAAAAAAAAAADgJAiAAQAAAAAAAAAAAMBJEAADAAAAAAAAAAAAgJMgAAYAAAAAAAAAAAAAJ0EADAAAAAAAAAAAAABOggAYAAAAAAAAAAAAAJwEATAAAAAAAAAAAAAAOAkCYAAAAAAAAAAAAABwEgTAAAAAAAAAAAAAAOAkXBxdAAAAAAAAQG6y2Wwymy2KT0xUQkKiEhLNSkhIlMVqdXRpAHDPMxmNcnNzlZuri9zcXOXu6ioXF5MMBoOjSwMAIN8gAAYAAAAAAPlG+PVIRUTFyGg0yN3VVW5urvL19pKbm6tcTCZHlwcA9zyzxWL/cE1MTJzCEyNltVjl61NA/gV9HF0eAAD5AgEwAAAAAABweomJZl26Eq4CXh4KKl5MRiOdaACQE1xMJrl4muTl+d9zVqtN1yOjdO7iZRUr4i9XF25LAwCQk7jSAgAAAAAAp3YtIkqR0TEKKOIvN1dXR5cDAPmO0WiQf0EfeXl66GJomHy9vVTQ19vRZQEA4LSMji4AAAAAAAAgp5y/dEVWq1VBxYsR/gKAg7m7uSqoRDGZrVZdCL3q6HIAAHBaBMAAAAAAAMApnb90RT7eXirk5+voUgAAKRT285W3lwchMAAAOYQAGAAAAAAAOJ1rEVHycHeTTwEvR5cCAMiAj3cBubm56npElKNLAQDA6RAAAwAAAAAAp5KYaFZkdAydvwCQxxX281VEVIwSzWZHlwIAgFMhAAYAAAAAAE7l0pVwBRTxd3QZAIBsKFbEX6FXwh1dBgAAToUAGAAAAAAAOI3w65Eq4OUhN1dXR5cCAMgGdzdXeXp66Nr1SEeXAgCA0yAABgAAAAAATsFms+l6ZLQK+ng7uhQAwC3w8ymgiKgY2Ww2R5cCAIBTIAAGAAAAAABOwWy2yGQyymg0OLoUAMAtMBqNMhgMMlssji4FAACnQAAMAAAAAACcQnxiotwZ+hkA7klubq5KSEh0dBkAADgFAmAAAAAAAOAUEhIS5eZGAAwA9yJ3N1fFEwADAHBXEAADAAAAAACnkJBolpuri6PLAADcBjdXFyUkmh1dBgAAToEAGAAAAAAAOAU6gAHg3sUQ0AAA3D0EwAAAAAAAwClYrFa5mEyOLgMAcBtcTCZZrFZHlwEAgFMgAAYAAAAAAAAAAAAAJ0EADAAAAAAAAAAAAABOggAYAAAAAAAAAAAAAJwEATAAAAAAAAAAAAAAOAkCYAAAAAAAAAAAAABwEgTAAAAAAAAAAAAAAOAkCIABAAAAAAAAAAAAwEkQAAMAAAAAAAAAAACAkyAABgAAAAAAAAAAAAAnQQAMAAAAAAAA5HF/LP9XxR8aoYden6zImHhHlwMAAIA8jAAYAAAAAAAAyMNmrdyj54ZPV2h4lJZtOaKHXp+sKEJgAAAAZIIAGAAAAAAAAMij5q3dr2eH/SGr1WZ/btOeU+o8eIpi4hIdWBkAAADyKgJgAAAAAAAAIA9auOGgur8/TRaLVQaDQZLsX9f/G6JH3pyi2HhCYAAAAKRGAAwAAAAAAADkMUs2H1a3936T2WJVUICfRr7YUZJUrWwxvde7tSRp9Y7jevTtqYpPMDuyVAAAAOQxBMAAAAAAAABAHrJi21E9/s6vSki0qGxxf62dOFAVSha2Lx/xQgcN69dOkvT3P/+tCwAAAEgEwAAAAAAAAECesXrHcXV56xfFJ5hVoVRhrfl+oMoE+qdb78Pn2+qTgUldwUs2H9aT701TopkQGAAAAATAAAAAAAAAQJ5wOTxaj7w5RXHxZlUuXVRrJgxUUIBfpuu/26uVvni5kyRpwYYD+uCHZblVKgAAAPIwF0cXAAAAAAAAAEDy9nJT2eKFZDQatPyb/goo5J3lNoOfeUBuria99c0iVSlTLBeqBAAAQF5HAAwAAAAAAADkAZ7urtr7+xu3vN3L3Zpp0BNNZTAYcqAqAAAA3GsYAhoAAAAAAAC4xxH+AgAAIBkBMAAAAAAAAAAAAAA4CQJgAAAAAAAAAAAAAHASBMAAAAAAAAAAAAAA4CQIgAEAAAAAAAAAAADASRAAAwAAAAAAAAAAAICTIAAGAAAAAAAAAAAAACdBAAwAAAAAAAAAAAAAToIAGAAAAAAAAAAAAACcBAEwAAAAAAAAAAAAADgJAmAAAAAAAAAgB129HqNGfb9Vr+EzHFrHxj0nVfPprzRuxgaH1gEAAICcRQAMAAAAAAAA5KB9Jy5q+8GzmrZ0p+ITzA6rY9GGgzp4MlTz1+13WA0AAADIeQTAAAAAAAAAQA6y2WwpvndkHclfHVgEAAAAchwBMAAAAAAAAJDHGY2GVF8BAACAzLg4ugAAAAAAAAAAN9csuKzaN6qsTs2qOboUAAAA5HEEwAAAAAAAAEAeF1DIW0u+ft7RZQAAAOAewBDQAAAAAAAAQA4yGv67BWexWh1WR/KxU9YDAAAA58O/9gAAAAAAAIAcVLyIj/37LftOO6yOrfuTjl2iqK/DagAAAEDOYwhoAAAAAAAAIAdVCiqiulVKaNfh8+ozYqZGv9JJtSoEymgw5Mrxo2IT9NP8rdqw+6Qk6al2dXLluAAAAHAMAmAAAAAAAAAgh035oLtavjhR5y5f1zMf/O6wOgZ0baROzao67PgAAADIeQwBDQAAAAAAAOSwWhUCtf2XV9SjYz0V8SuQq8d2dTGpdqXimvTuE/p+yGO5emwAAADkPjqAAQAAAAAAgFxQrkQhTR3W3dFlAAAAwMnRAQwAAAAAAAAAAAAAToIAGAAAAAAAAAAAAACcBAEwAAAAAAAAAAAAADgJAmAAAAAAAAAAAAAAcBIEwAAAAAAAAAAAAADgJAiAAQAAAAAAAAAAAMBJEAADAAAAAAAAAAAAgJMgAAYAAAAAAAAAAAAAJ0EADAAAAAAAAAAAAABOggAYAAAAAAAAAAAAAJwEATAAAAAAAAAAAAAAOAkCYAAAAAAAAAAAAABwEgTAAAAAAAAAAAAAAOAkCIABAAAAAAAAAAAAwEkQAAMAAAAAAAAAAACAkyAABgAAAAAAAAAAAAAnQQAMAAAAAAAAAAAAAE6CABgAAAAAAADpbN++XS+88P/s3Xl0zNf/x/HXzGSTBUFECLGLKlpqqQaV1Nba91JLaSmtkqK1fMVau2gtUVurFK3vj9hK6RelLbW136q1Ioh9j4Tsmfn9oeZrGltIDNPn45w5J/P53M+97zuZQ8685nNvD9WtW1dNmzbV1KlTlZiY+EDX1q9fX5s3b87W+tatW6fu3btn6xgPY+DAgQoPD8/2caZPn64PPvjgrufHjh2riIiIbK/jSdW+fXusErf3AAAgAElEQVT9+OOP9i4DAADALpzsXQAAAAAAAACeLIcOHVK/fv305ptvasCAAbp8+bKmT5+u06dPa/z48fYuT5JUrlw5e5fwRKtTp45y5Mhh7zLspk2bNipdurS9ywAAALALAmAAAAAAAADY+P7771W2bFl16dJFklSyZEl5enqqR48eOnnypAoXLmznCqUiRYqoSJEi9i4j25jNZhmND794X/Xq1bOwmqdPs2bNHuq69PR0mUymLK4GAADg8WIJaAAAAAAAANgwmUy6cuWKUlNTrcfKlCmjiIgIeXt7S5JOnz6t0NBQvfLKK+rQoYN++OGHu/a3c+dOderUSXXr1lWvXr0UHR1tPRcbG6uwsDDVq1dPTZs21axZs5Seni7pZhg3a9YsNWnSRPXr11dYWJhiY2MlSUuXLlXHjh2t/SQkJGjcuHFq0KCB6tevr7FjxyohIcF6LigoSKtXr1anTp0UEhKi0NBQa1+StG3bNnXp0kV16tRR+/bt7zmfzMz9didOnFC/fv0UHByspk2bau7cudZzP//8s+rWraupU6eqfv362rlz5z3nf+v1CQ8PV7169dSsWTN9++231nO3L0Xdpk0bLVu2zHouOjpaQUFBunjxoiRp+/bt6ty5s+rUqaOOHTtq+/btd53Drl271L59e9WtW1cDBgxQWFiYRo4cKUnaunWr6tevb9O+Z8+emjdvnvX5vd4Lf/f111+rUaNGatSokaZMmaI33nhDq1evliR16dJFS5cutakrKCjI+vzvy5Dfbdxb741p06apWbNmmj17tm7cuKHx48erYcOGatCggYYNG6b4+HhrX0eOHFHPnj0VEhKitm3bau3atXedAwAAgD0QAAMAAAAAAMBGs2bNdO3aNfXo0UMbN25USkqKnJycVKFCBXl6eioxMVHvv/++SpUqpfnz5+uNN97Q8OHDdezYsQx9RUVFafDgwerQoYO++OILlSlTRgMGDLCGy4MHD9aVK1cUERGhESNGaMOGDVqyZIkk6fPPP9e6des0dOhQffbZZ4qLi9OoUaPuWPOIESN0+PBhhYeHKzw8XAcPHtSkSZNs2ixatEh9+/ZVeHi4YmJitGjRIknS8ePHNXDgQLVs2VJff/21WrZsqeHDh+v8+fMZxsnM3G+Xnp6u0NBQFShQQIsXL1ZYWJiWLl2qjRs32vSdmJio6dOnq0KFCved/549e+Th4aGZM2eqQYMGmjRpkq5du5Zh7Dp16tjsh/vTTz+pfPny8vHx0YEDBzRw4EA1aNBAX375perVq6eBAwfq+PHjGfqJj4/XkCFDVKFCBc2bN0+NGjXSL7/8cs953+5+74Xb/frrr4qIiNCbb76pWbNmKW/evHesKavG3b9/v0aNGqU2bdpo4sSJio6O1owZMzRz5kydPHlSs2bNsrb96KOPFBgYqIULF6pjx44aP368Dhw48FC1AQAAZAcCYAAAAAAAANgoWLCg5s+fr8KFC2vUqFFq1KiRpk2bpsTEREnS5s2b5erqql69esnf318NGzZUlSpVbMLMW7755hvVr19f9evXl7+/v9577z3Fx8dr7969ioqK0t69ezV48GCVLFlSzz33nHr16qWTJ0/KbDYrMjJSb7/9tqpUqaJixYqpf//+iouLU0pKis0YMTEx+vnnnzVkyBA988wzKleunAYPHqwNGzbo3Llz1nZ9+/ZVpUqVVLFiRdWtW1d//vmnJClv3ryaO3euGjduLF9fX7Vs2VIuLi46dOhQhvlkZu5/N2bMGPXu3VsFChRQ5cqVValSJf3xxx/W8yaTSf3791epUqXk5uZ23/k/88wz6tGjh0qUKKGuXbsqNTVVJ06cyDBucHCwfvvtN12/fl3SzQC4Tp06km7eSV2jRg29/vrrKlKkiDp27Khq1apZQ/jbbdq0SS4uLurXr5+KFCmi2rVrq1atWved9y33ei/83apVq/TSSy+pZcuWKlSokDp16iRfX98HHiuz477zzjsqX7688ubNq86dO2vs2LEqXry4ihUrpvr161t/TwkJCbpw4YKqVaumggULqlGjRho8eLDc3NweqjYAAIDswB7AAAAAAAAAyMDPz08jRoxQbGys1q9frwULFujw4cOaPn26jhw5olOnTumVV16xtk9NTVWuXLky9HPkyBEdP35c69evtx5LSkrSuXPnFBsbK09PTxUsWNB6LiQkRCEhIbpy5Yri4uJUpkwZ6zl/f3/NmTMnwxhRUVFyc3NTyZIlrccCAwPl6uqq48ePq0KFCpIkLy8v63k3NzdroO3l5aXff/9d4eHhOnnypNLS0pSQkHDHO1MzM/fbmUwmubq6avjw4Tp06JASEhKUnJysRo0aWdsYjUbr/rOxsbH3nb+np6f1ZxcXFxmNRuuy17crU6aMChQooG3btqly5co6dOiQ9U7iqKgovfrqqzbtK1aseMdlrU+fPq2SJUvK2dnZesxgMNxz3re713vh706dOqWaNWs+cN8PO27ZsmUlyWZOefPm1Zw5c7Rjxw7FxsYqLS1NBQoUkCS5u7urffv2Gjx4sF588UXVqFFDderUkbu7e5bUCgAAkBUIgAEAAAAAAGBj//79KliwoLy9vZU7d261bdtWZcuWVa9evXTkyBFJUvny5TVo0CCb6+4WgrVp00ZNmjSxOebt7a3du3ffNUC8PZC7n1vh5+0sFossFkuGu4Xv5PDhwxo2bJjCwsJUo0YNOTs7ZwhFb5eZud+SkpKivn37qnHjxvrXv/4lT09PDRky5K7tMzP/BxEcHKyffvpJSUlJKlu2rPVuWmdnZzk52X5EaDab7xh+S8rwOmfW3d4Lf2cwGB55rIcZV5LGjh2r9PR0TZs2Tb6+vlq2bJnNHsq9evVSkyZN9NNPP2nFihWaPXu2Zs6cafNFBgAAAHtiCWgAAAAAAADYGDt2bIYlgPPnzy/p5l62AQEBOnHihHx8fOTv7y9/f3/lyZNHefLkydBXQECAjh8/bm13q62Hh4cCAgIUHx+vs2fPWtv//vvvWrRokby8vJQ7d25r4CxJly9f1pQpUzKEukWLFlVCQoLNHrGHDx9WSkqKSpQocd/5/vbbbypcuLBq164tZ2dnpaWlKS0t7Y5tMzP32x07dkyXL19Wu3btrHfuJiUl3bV9Zub/IIKDg/XLL79o8+bN1uWfJalYsWLat2+fTdu9e/fe8XUrXLiwjh49avPaWCwW68/u7u5KSkqS2Wy2Hrs9SL7Xe+FOYx0+fPiu83F3d7e52/luv6/Mjivd3Fv51nLgkqx3iks394uePXu2ChUqpHbt2mn27NnKmTOnNmzYcNfxAQAAHjcCYAAAAAAAANjo0KGDli5dqsWLF+vIkSPau3evxo8fr4CAAJUsWVL16tWTk5OTRo4cqejoaO3fv1/du3fX5s2bM/T1+uuva/v27Zo/f75OnTqlLVu2qHXr1rp48aKKFi2qKlWqaOzYsdb9gMeMGaPk5GRJUtu2bTVnzhzt3r1bx48f1/jx4xUdHS0XFxebMfz9/VW7dm2NHj1aBw8e1IEDBzRu3DjVrFlThQoVuu98/f39dezYMa1bt0579+5VWFjYXZeAzszcb+fr6ytnZ2d9+eWXOnjwoGbPnq0dO3bcM8x90Pk/iFKlSilv3rzatWuXXn75Zevx9u3ba8uWLVq6dKliYmK0ePFi7dy5U61bt87QR3BwsJKSkjRlyhSdPHlSW7Zs0datW63nixUrJoPBoAULFig6OloLFy602Uf5Xu+Fv2vSpIm2bt2qyMhInTlzRgsWLND58+dt5rN+/Xrt379fv/76q2bNmnXXuWdmXOnm+2H58uXav3+/1qxZo6+++sr6e/Lw8NDXX3+tefPm6cyZM9q9e7cuXLigIkWK3OPVBwAAeLxYAhoAAAAAAAA2GjZsqBw5cmjx4sWaO3euPDw8VLlyZQ0cOFBOTk5ycnLS5MmT9cknn6hbt27y8vJS48aNVatWrQx9BQYGatSoUZozZ46++OILFSpUSKGhofLx8ZEkDR06VJMnT1aPHj2UI0cONWrUSJ07d5Z0M5yMj4/XsGHDlJSUpBo1amjw4MF3rHnQoEH65JNP1KdPH5lMJr388st6//33H2i+QUFBat++vaZPny5nZ2e1bNlSqampun79eoa27u7uDzz32+XOnVthYWGKiIjQ6tWrFRQUpNdff12XL1++6zWZmf+DCA4O1o4dO6z72UpSyZIlNXr0aH322WeKiIhQ0aJFNX78eAUGBma43sPDQ2PGjNGkSZO0YcMGPffccypXrpz1fN68edWvXz/NmzdP33zzjV566SXr/svS/d8Lt3vuuef03nvvad68eZo7d67q1q2rfPnyWc937txZMTEx6tOnj/z8/PTyyy8rKirqjvO+17h32jN5yJAhGjdunPr06aOyZcuqW7duWrVqlVJSUuTj46Px48crIiJCixYtkre3t9q3b6/g4OAH+yUAAAA8BgbL7eu0AAAAAAAAZINbHz+YzWZZLBaZzWaZzWalp6dbH3fbj/NBHTt5VsUK+2VFuQAe0Mcff6z09HSFhYVl+1gtW7ZUly5d1Lhx42wfC/aRFf+OX716VSaTyfowGo0yGo02+0rfbe9xAACeJHFxcQ99LUtAAwAAAAAAAAAAAICDIAAGAAAAAAAAAAAAAAfBEtAAAAAAACDbsQQ0AOB+WAIaAID/YQloAAAAAAAAAAAAAAABMAAAAAAAAAAAAAA4CgJgAAAAAAAAAAAAAHAQBMAAAAAAAAAAAAAA4CAIgAEAAAAAAAAAAADAQRAAAwAAAAAAAAAAAICDIAAGAAAAAAAAAAAAAAdBAAwAAAAAAAAAAAAADoIAGAAAAAAAAHgKmM3mLO0vPT09S/sDAADAk4EAGAAAAAAAAMhGsbGxCgsLU7169dS0aVPNmjXLGr7euHFD48ePV8OGDdWgQQMNGzZM8fHxkqSff/5ZdevW1dSpU1W/fn3t3LlTkrR06VI1atRI9erV05QpU9StWzetWLHivv0lJCQoKChI06ZNU7NmzTR79mw7vBoAAADIbgTAAAAAAAAAQDYaPHiwrly5ooiICI0YMUIbNmzQkiVLJEkTJ05UdHS0ZsyYoZkzZ+rkyZOaNWuW9drExEQlJiZq+vTpqlChgn777TdNmzZNHTp0UEREhFxdXXX48GFr+/v1J0n79+/XqFGj1KZNm8fzAgAAAOCxcrJ3AQAAAAAAAICjioqK0t69e7V06VIVLFhQktSrVy/r3bydO3dWrly5lCdPHklS/fr1tXbtWuv1JpNJ/fv3l8lkkiStXLlSQUFBev311yVJJUuW1MaNG63t79efJL3zzjsqX758Ns0YAAAA9kYADAAAAAAAAGSTEydOyNPT0xr+SlJISIhCQkIkSXnz5tWcOXO0Y8cOxcbGKi0tTQUKFLC2NRqN1vBXkk6dOqVatWrZjHH7+fv1J0nOzs5ZOkcAAAA8WQiAAQAAAAAAgGzi5OQkg8Fw1/Njx45Venq6pk2bJl9fXy1btkzLli27a3uTyZSl/QEAAMDxsAcwAAAAAAAAkE0CAgIUHx+vs2fPWo/9/vvvWrRokSRpz549aty4sXx9fSXd3PP3Xvz9/XXo0CGbY+np6dafM9sfAAAAHA8BMAAAAAAAAJBNihYtqipVqmjs2LHW/YDHjBmj5ORkSTcD3eXLl2v//v1as2aNvvrqK6WkpNy1v6ZNm+rHH3/U0qVLFRUVpYiICJ0/f956PrP9AQAAwPEQAAMAAAAAAADZaOjQofLy8lKPHj00ePBg1alTR507d5YkDRkyRNevX1efPn20fv16devWTTly5LhraFuhQgX17t1bCxYsUN++fWU2m+Xr62tdFjqz/QEAAMDxGCwWi8XeRQAAAAAAAMd26+MHs9ksi8Uis9kss9ms9PR068Pb2/uRxjh28qyKFfbLinKBJ1pKSopcXFysPzdo0EBjxoxR9erV7VwZ8Giy4t/xq1evymQyWR9Go1FGo1EGg0FG4837oe61jzYAAE+KuLi4h76WO4ABAAAAAACAp8Svv/6qXr16ad++fYqJidGECROUO3duVaxY0d6lAQAA4AnhZO8CAAAAAAAAADyYihUrqkaNGho6dKiuX7+usmXLatKkScqRI4e9SwMAAMATggAYAAAAAAAAeEqYTCZ17dpVXbt2tXcpAAAAeEKxBDQAAAAAAAAAAAAAOAgCYAAAAAAAAAAAAABwEATAAAAAAAAAAAAAAOAgCIABAAAAAAAAAAAAwEEQAAMAAAAAAAAAAACAgyAABgAAAAAAAAAAAAAHQQAMAAAAAAAAAAAAAA6CABgAAAAAAAAAAAAAHAQBMAAAAAAAAAAAAAA4CAJgAAAAAAAAAAAAAHAQBMAAAAAAAAAAAAAA4CAIgAEAAAAAAAAAAADAQTjZuwAAAAAAAAA4JrPZrKhTl7Vpz1Ft3HlEh2Mu6sTZq7qemGLv0vAP5JnDRQF+3goMyK/gKiUV8kJJlSiUR0Yj98gAAADHQgAMAAAAAACALDdoxlpFLN+utDSzklLSZJEki2Qw2Lsy/FNdT0zRvqPntS/6vJZt/kNuLk5ycTapV8sa+rhnA3uXBwAAkGX4ehsAAAAAAACyzO6DJ+XbcKQ+/eZnXU9IUVJKmiTJIMJf2J/BcPO9KElJKWmKu5Gs8CVb5ffqKP16+LRdawMAAMgqBMAAAAAAAADIEu9OiNSLb83QpdgbSk5Ns3c5wANJSU3XhavXVe3Naeo9aYW9ywEAAHhkLAENAAAAAACAR1a27URFnbwss8Vi71KAh2K2WPTZ8l/0w6/R+mPxB/YuBwAA4KFxBzAAAAAAAAAeSWCbifoz5hLhL556ZotFB46dV9m2k+xdCgAAwEMjAAYAAAAAAMBDe3dipKJOXbJ3GUCWOnLyonpPZjloAADwdCIABgAAAAAAwEPZH31Oc1fuFDf+wtFYLNKsyB06fOKCvUsBAADINAJgAAAAAAAAPJSQ92YrLd1s7zKAbJGeblbwu7PtXQYAAECmEQADAAAAAAAg0z74ZLWuXEuwdxlAtrpyLUEDpq2xdxkAAACZQgAMAAAAAACATDGbzZod+YvSzaz9DMeWkpauWZE7ZGGdcwAA8BQhAAYAAAAAAECmRJ26rHQCMfxDpKWlK/r0FXuXAQAA8MAIgAEAAAAAAJApP+w5qpTUdHuXATwWyanp2rjriL3LAAAAeGAEwAAAAAAAAMiUjbuj7F1ClvB0d1V438aKWTVY1zaO1IGv+2tKaBMV9MmZqX5mD2qlzq9VvmebyoH+OhY5SG6uTo9ScpZ42up9Emzec9TeJQAAADww/oIDAAAAAABAphw6fsHeJWSJL4a20bXrSarc+VNdvHpDhX1zq2vjKqpUppDOXIzL0rGiTl3ShIU/KCk5LUv7zS5PW73Z7YCDvOcBAMA/AwEwAAAAAAAAMuX42av2LuGReeRwUcMXyyhP3WHW5axPno/ViLnfZ8t4164naeby7dnSd3Z42urNbsfPsAcwAAB4erAENAAAAAAAADLlemKKvUt4ZAaDQU4mozxzuN6z3ZXvRyiXp5vNsWrlimjrrJ42x5xMRg1/u55OrBysS+uHa/3Ut1ShpJ/1fCGfXIqOHGh93qH+84r4sLn6d6itY5GD1KTmM3es8a0mVbV30QeK3ThSxyIHaVDnOjZtZg9qpa6Nq2jO4FY6vy5MeXK6S5JerRGo7fPe0+UNw3V8xSAN7Roio9Fgvc7NxVlTQpvozLdDFbdplJaN6yTfPJ53rHdMr4YK6/ZKhvreaFBJc4e0liTl8nTTZwNb6sy3Q3Vx/TCtndJNz5YocM/X9mniCO95AADwz0EADAAAAAAAgH+c6wnJWrjuV/04q6davPyscrg6P1J/Y3u9KovForJtJyp/wxFa8O0erZ/6lgL8vO96TeuQCipa0FvPd/pEq348kOF8bi83FfHzVuP+Xyh3SJhqvTNTrYIrqFVweZt2Y3o21PY/TqhI0zG6EpegprXK6dMPmqpv+CrlrTdcL741Q1WeKaKmtcpZr5ncp5GOxFxU8RZjrdfND2t7xzpnR/6iNxtVsQmQJalH8+r6bPl2OZmM2jD1bV2JS1CpVuOVv8FIfb56p9Z/+pZK+ufNzMsIAACALEAADAAAAAAAgH+kHuOWafq/t2nImyG68N0wrZjYWSFVSma6nxyuTsqby10j5n6vhKRUmc0WLVr/myL+b5v6ta911+uuJ6SoT/gqxcYn3vH81bhEhc1arxN/Lbl98nysPvn6R71StbRNu+93/qnPV+9ScsrN/XrH9GygrqOXasf+GEnS2UtxajpgviJ/2Ge9ZvkP+xSxbLuSktMUG5+o3pNX6KUKRZXTw/ZuZ+nmkt8Hjp3XazXKWo89W6KAXF1M2n3wlFq8/KziE5I1OGKdbiSmyGKx6P82/aFPvv5Rg7oEP+CrCAAAgKxCAAwAAAAAAIB/JLPZopnLt6ty509VuvUEbfk1Wks/fkM9W7yYqX5K+OfVyq37Mxxf8/NBVX2m8F2v233olNLTzffsu1uTKvppdi9tm/uuts19V18MbSOf3B42bW4FvZLk5e6qwr659eN/j9m0sVgsNs9/+tv5pOQ0nbpwzWYZ6NvNivxF3ZtXsz5/p0V1fbb8F0lS1XJF9N32wxmuWbf9sKqVK3LP+QEAACDrEQADAAAAAADgH+/spThNWfKjmvSfr486vWw9bjZb5GSy/QjNzdXJ5rnBYJDZbBuwSpJBBmU8+j/xCcn3rCn4hZLq3SZITfrPV423ZqjGWzPUdMB8GWxXYs7Qj+HvDe4gOTUtw7G0dHOGZZ5vWfPzQZUr7qsiBXLLI4eLGr1UVks2/Pe2MTNeY1DG4BkAAADZjwAYAAAAAAAA/0ie7q4Zjp25FGcToJ67Eq/SRXxs2tSsWMzm+dFTl9X85Wcz9NW45jM2d+dmVqUyhfTd9sO6EpdgPVa84L331I1PSNaJc1dVu1Jxm+MPEgrfi9ls0Rerd+mtptXUof7zityyX4nJqZJu3oHcsEZghmterRGoX/Y9/PwBAADwcAiAAQAAAAAA8I9Trrivdn7eW61DKsjdzVmSFODnrWn9m2nB2j3Wdv/euFcT3ntNAX7eMhoNavBiGXVrUtWmr4SkVJ25GKeRPerL091VTiajOr1aWe+0qK7wxVsfusY/jp7VK1VKKYfrzfr88+fSgI6173vdoBnrNG9Ia71UoagkqaBPTq2c2OWOIXVmzFm5U50aVtJ7rV/SrMhfrMcjf9gnNxcnjX/vVeX0cJPJZFS7uhXVp11NjVuw+ZHGBAAAQOY53b8JAAAAAAAA8D+eOVx0PTHF3mU8kv3R59Vj3DKFvl5TMwY0l6uzSeeuXNf8Nbs0fuEP1nZj5m9STg837fy8t1xdnLRpd5R6jFumf3UNselv4Iy1CiyaXwe/7i9PdxftOnBK9XrPUcy52Ieucf0vf+r50oW04/PeuhqfqMvXbihs1gY1qfXMPa9b/dMBpaWna3KfRgosml/Xridp3qqdd9ynODPOXY7X/ujzCvDz1qHjF6zH09LNatBnnsa/96r+/PeHcnYyasf+k6r3/hwdPXX5kcZ8Unjd4W5xAACAJ5XBwkYcAAAAAAAgm936+MFsNstischsNstsNis9Pd368Pb2fqQxjp08q2KF/bKiXNxHxQ7h2hd93t5lAI9NxVJ++nVBX3uX4fCy4t/xq1evymQyWR9Go1FGo1EGg0FG480FMR91SXQAAB6HuLi4h76WJaABAAAAAACQKWWL+dq7BOCxKlec9zwAAHh6EAADAAAAAAAgU16uVMLeJQCP1cvP854HAABPDwJgAAAAAAAAZEpIlZJydXGydxnAY+HqbFKdFwiAAQDA04MAGAAAAAAAAJlSolAeOZv4WAn/DK4uTirq92h7lAMAADxO/KUOAAAAAACATDEajerWpKpMRoO9SwGyldFoUPdm1WQ08jEqAAB4evCXCwAAAAAAADItvG9j5cnpbu8ygGzlk9tD4997zd5lAAAAZAoBMAAAAAAAAB7K+qlvyWDgLmA4JqPBoO+nvW3vMgAAADKNABgAAAAAAAAPpWKpgnqrSRWRAcPRGAxSj+bVVK54AXuXAgAAkGkEwAAAAAAAAHhonw1sqcCA/PYuA8hS5YoX0PQBze1dBgAAwEMhAAYAAAAAAMAj2bekn8oWzS8jtwLjKWc0GPRsiQL6/atQe5cCAADw0AiAAQAAAAAA8Mj2Lemnni1fJATGU8toMOjd1jUIfwEAwFOPABgAAAAAAABZYmq/pto+713lyel+84DFYt+CgAeUN5e7dnzRW5+ENrF3KQAAAI+MABgAAAAAAABZ5oWyhXVx/TD1avmi3FydZTIZJMvNLJg4GPZm0V/fS7BYZDIa5e7mondb1dCF74apUplC9i4PAAAgSxgsFr6KCQAAAAAAstetjx/MZrMsFovMZrPMZrPS09OtD29v70ca49jJsypW2C8rykUWsVgsij59RWt+PqRte4/p0ImLOn7miq4npti7NPwDeeZwUdGCeRQY4KNazxdXwxcDVdQvt4xG7pF5UmTFv+NXr16VyWSyPoxGo4xGowwGg/V3bWCpegDAUyAuLu6hryUABgAAAAAA2Y4AGABwPwTAAAD8z6MEwHy9DQAAAAAAOAST0ai09HR7lwEAeAhp6ekycTc2AABZgv9RAQAAAACAQ3BxcVZKSqq9ywAAPISUlFS5uDjbuwwAABwCATAAAAAAAHAILs5OSklNs3cZAICHkJKaJhdnJ3uXAQCAQyAABgAAAAAADoE7gAHg6ZWckipX7gAGACBLEAADAAAAAACH4OrsrORUAmAAeBqxBDQAAFmHABgAAAAAADgEJyeTLGaLzGaLvUsBAGSC2WyW2WKWk8lk71IAAHAIBMAAAAAAAMAhGAwGeXm661r8dXuXAgDIhCurCUUAABxdSURBVNi468rl5SmDwWDvUgAAcAgEwAAAAAAAwGF45/JSQmKSktkLGACeCskpqUpMSlbunJ72LgUAAIdBAAwAAAAAABxK/nzeunDpqr3LAAA8gPOXrsg3Xx57lwEAgEMhAAYAAAAAAA7F2clJOT3ddTk2zt6lAADu4fLVa8rl5SknJ/b+BQAgKxEAAwAAAAAAh5Mrp6dSUlIVd/2GvUsBANxB3PUbSk1LUy4vD3uXAgCAwyEABgAAAAAADskvf17dSEjiTmAAeMJcvnpNCYlJKuCT196lAADgkAiAAQAAAACAw/LLn1dORqNOnrmg5JRUe5cDAP9oySmpijlzXk5OToS/AABkIyd7FwAAAAAAAJCdcuX0lLu7my5cuqocOdyU28tDRiPfiQeAx8VsNis27roSk5JVMH8+9vwFACCbEQADAAAAAACH5+zkpEIFfBR7LV4nz1yQ0WiUi4uzXF2c5eLsJBcXZzmZCCQA4FGlpacrJSVVKalpSk5JVUpKqiyyKKenhwoV8LF3eQAA/CMQAAMAAAAAgH+M3Lm8lCunpzWgSE5JVdz1BKWkpCrdbLZ3eQDw1DP99QUbF2cnebq7ySW3l5xMJhkMBnuXBgDAPwYBMAAAAAAA+EcxGAxydnKSs5OTPNxz2LscAAAAAMhSbHgDAAAAAAAAAAAAAA6CABgAAAAAAAAAAAAAHAQBMAAAAAAAAAAAAAA4CAJgAAAAAAAAAAAAAHAQBMAAAAAAAAAAAAAA4CAIgAEAAAAAAAAAAADAQRAAAwAAAAAAAAAAAICDIAAGAAAAAAAAAAAAAAdBAAwAAAAAAAAAAAAADoIAGAAAAAAAAAAAAAAcBAEwAAAAAAAAAAAAADgIAmAAAAAAAAAAAAAAcBAEwAAAAAAAAAAAAADgIAiAAQAAAAAAAAAAAMBBEAADAAAAAAAAAAAAgIMgAAYAAAAAAAAAAAAAB0EADAAAAAAAAAAAAAAOggAYAAAAAAAAAAAAABwEATAAAAAAAAAAAAAAOAgCYAAAAAAAAAAAAABwEATAAAAAAAAAAAAAAOAgCIABAAAAAAAAAAAAwEEQAAMAAAAAAAAAAACAgyAABgAAAAAAAAAAAAAHQQAMAAAAAAAAAAAAAA6CABgAAAAAAAAAAAAAHAQBMAAAAAAAAAAAAAA4CAJgAAAAAACA27Rs2VJBQUE2j127dmXrmAkJCQoKCtL+/fvveP7EiRNq1qyZLl26lK11AAAAAHj6Odm7AAAAAAAAgCfJ1atXNWDAABUuXNh6rFSpUnasSPLx8VG7du2UK1cuu9YBAAAA4MlHAAwAAAAAAPCX69evKyUlRdWrV5evr2+W9Zueni6TyfTQ17u7u6tdu3ZZVg8AAAAAx8US0AAAAAAAAH+5cuWKJMnb2/u+bS0WixYtWqSWLVsqJCREvXr10tGjR63nu3XrptGjR6tTp07q1auXJOnQoUPq2bOngoOD1b59e/3nP/+x6XPv3r3q1KmTQkJCFBoaqtjYWEnSkSNHFBQUpNjYWK1bt06NGzeW2Wy2XjdkyBBNmDBBkhQTE6PQ0FCFhISoWbNmWrRokc0YGzduVPv27RUSEqLu3bvfddlpAAAAAE8nAmAAAAAAAIC/XL58WSaTSb1791ZISIi6dOmi33777Y5tV61apcWLF2vIkCFatGiRChUqpKFDh9q02bFjh7p3766wsDDFxsYqNDRUZcqU0fz589W5c2d9/PHH+uOPP6ztV6xYob59+yo8PFwxMTEZwltJqlWrlq5fv659+/ZJklJTU7Vr1y7VqVNHN27c0Pvvv688efJo7ty56tu3rxYuXKjVq1dLuhkOjxw5Ul26dNHChQsVGBioAQMGKCUlJateQgAAAAB2xhLQAAAAAAAAf8mRI4fKly+vJk2aKH/+/IqMjNSAAQP0zTffKG/evDZtq1evrsqVK8vf31+S1Lp1a61bt07x8fHy8vKSJLVo0UJBQUGSpKVLl8rDw0Pvv/++jEajihQpoqNHj+rIkSMqUaKEJCk0NFSVKlWSJNWtW1cHDx7MUKOHh4eqVq2qn376SRUqVNCePXvk5OSkSpUqac2aNUpPT9dHH30kFxcXFStWTGfPntXChQvVuHFjnTp1SgaDQTVq1JCnp6d69uypgIAAJScny8XFJdteVwAAAACPDwEwAAAAAADAXwIDAzV9+nTr82effVatWrXSDz/8oJYtW9q0zZ8/v5YsWaJ169bp4sWL1iWZb7+b1snpfx+9xMTEqFSpUjIa/7cg262loRMSEiTJGhxLkpubmxITE+9YZ3BwsL744gv16tVLP/30k2rVqiWTyaSoqCgFBgbahLkVK1bUjBkzlJSUpBdeeEHly5dXu3btVKtWLQUFBal58+Y2NQEAAAB4uvHXPQAAAAAAwF04OTkpICBAly5dynDu3//+tyIjIzV06FCtXbtWn3322X37MhgMWVJXzZo1deHCBR07dkw///yz6tSpI0lydnaWyWSyaXsrmE5NTZWLi4umTZumcePGKXfu3Jo8ebLee+89paWlZUldAAAAAOyPABgAAAAAAOAvERERmjp1qvW5xWLRmTNn5OPjk6Htnj17VLNmTZUuXVpGo/Gud+veEhAQoKioKGsgK0lr1qzRli1bMl2nu7u7qlatqrlz5yopKUmVK1eWJBUvXlyHDh2yCXT37t2r/Pnzy8vLS9u2bdOaNWv07LPPqnv37po7d6727t2rAwcOZLoGAAAAAE8mAmAAAAAAAIC/VK9eXStXrtSmTZt06tQpzZo1S7Gxsapdu3aGtv7+/tqyZYt27dql7du3a9y4cZJu3ml7J/Xq1dONGzc0ffp0xcTEaOPGjZoyZYrNss+ZERwcrC1btqhmzZrWpabr1q0rg8GgCRMm6Pjx49q6dasWLlyodu3aWWsLDw/Xpk2bdO7cOW3atEkmk0kFCxZ8qBoAAAAAPHnYAxgAAAAAAOAvlSpV0oABAzR37lydP39exYoV06RJk5Q3b94Mbbt06aJz585p8ODB8vX11RtvvKEFCxbo8uXLKlCgQIb2Hh4emjhxoj755BMtX75cvr6++uijj1SpUiXrHsCZERQUJBcXF+vyz5Lk6uqq8PBwhYeH680335S3t7c6deqkNm3aSJJq166td955RxEREbp8+bL8/f01evRo5cuXL9PjAwAAAHgyGSwWi8XeRQAAAAAAAMd26+MHs9ksi8Uis9kss9ms9PR068Pb29vOVQIAnnZXr16VyWSyPoxGo4xGowwGg4zGmwtiZtV+7AAAZKe4uLiHvpYloAEAAAAAAAAAAADAQRAAAwAAAAAAAAAAAICDIAAGAAAAAAAAAAAAAAdBAAwAAAAAAAAAAAAADoIAGAAAAAAAAAAAAAAcBAEwAAAAAAAAAAAAADgIAmAAAAAAAAAAAAAAcBAEwAAAAAAAAAAAAADgIAiAAQAAAAAAAAAAAMBBEAADAAAAAAAAAAAAgIMgAAYAAAAAAAAAAAAAB0EADAAAAAAAAAAAAAAOggAYAAAAAAAAAAAAABwEATAAAAAAAAAAAAAAOAgCYAAAAAAAAAAAAABwEATAAAAAAAAAAAAAAOAgCIABAAAAAAAAAAAAwEEQAAMAAAAAAAAAAACAgyAABgAAAAAAAAAAAAAHQQAMAAAAAAAAAAAAAA6CABgAAAAAAAAAAAAAHAQBMAAAAAAAAAAAAAA4CAJgAAAAAAAAAAAAAHAQBMAAAAAAAAAAAAAA4CAIgAEAAAAAAAAAAADAQRAAAwAAAAAAAAAAAICDcLJ3AQAAAAAAAACArPHRRx/Zbexjx45p6dKldhsfAADcxB3AAAAAAAAAT4AFCxepeOln7vrYsvVHe5do46NB/9LYCZMeqm3x0s9ow/f/ya7SHlnU0aMaPupj9erd557tunV/R198ueAxVQU82Y4dO6bdu3fbuwwAACDuAAYAAAAAAHgiNGvaWC/VeFGSdPDQYb0f2k/Lli5RTi8vSZKfX4GH7vvixUuq9lItrVuzUmVKl8qSel9tWF85cuTI8rb2dONGgt5+p5d27Nyl3LlzqWxg4D3bt2jWVMWLFXtM1QGZM2jQoMc6XqVKlR7reAAA4O4IgAEAAAAAAP5iNpt18eIlmS3mB77G08NDXn+FtI8iZ86cypkzpyQpLj5ekhQQUER5vL0fue/sULtWzWxpa09paal6rmIFjR8zWou//kZ/7Nt/z/avvdrwMVUGZK3z589r/vz5euONN1SoUKH7tj979qwWL16sTp06ycfH5zFUCAAAHgUBMAAAAAAAgKQDBw+q69vv6MKFi5m+tmOH1zVi2NBsqMrWiZgYDR02Qnt+/a8KFvTTB33fV8P69SRJV6/GKmzEKG3d+qNc3dzUtPFr+mhAPy34arFGjxknSWrYqKne6tpFgwd+aNPvjRsJKv/8Cxr00QB9/c1SnT59RlWrvqBJ48dp8pRPtWbtOuXM6aU+772rdm1bS5K693xPfgV8NWLYUI0ZN0EnYk7Kr4CvlkeulLuHu/qF9lHrli0ytP27MeMm6Gh0tHLnyq3vNnwvDw8Pfdg/VAX9/DR02AidO39BlSs9r8kTxsnHJ58kadPmLZr8yac6GnVUhfwLqf8Hfa2vgyR9Pn+BZn42W8nJyWrRvKl+/e2/atumlTq83k6SNO+LLzX38y+UlJSs2jWDNDzsX8qdO5dy5cqlD/t/8MC/j3YdOqnKC5XVL7SPxoyboMN/HpGXp6d+/Hmb3N1zaMAHoWrRvKm1/Y8//awx4ybo5KnTKvdMWY0cHma9I3vb9l80dPhInT51WtWrV1O+fHmVnJyiaZ9MfuB6gAe1fPlyjRs3Tt98842+/fZb+fn53bXtuXPn1KhRI0VHR8vd3V09e/Z8jJUCAICHwR7AAAAAAAAAkmZEzHqo8FeSFi5aoiNRUVlcka2EhAS90amrypYtq29XLdc7b7+lvh8MsI47cvQYXbx4Ucv//bWmTpmklau/1efzv1THDq/rh43rJUmR//eN+vcLvesYGzdtVvjE8Zo7e6YO/3lEdRu8pgIFfLXsm8Vq27qVhg4fqXPnz9/x2v9s3CQPDw8t/XqRWjRrqqFhI3T1auwDzW3rjz+rcuXntWzpEr3aoJ6GDB2u0WPHa8zokfpi7iydOnVaU6dHSLq5P2/3nu+qU4f22vSf79S54xvq+8EAnTl7VpK0Y+cufTx2vLq/3U1Ll3wlVzc37dt/wDrWgq8Wa/6Chfpk8kR9s3ihzl+4oLARIx+ozvvZuWu3WrVsrm1bN+udt9/SgIGDdfzECUnSwYOH9M6776v72920ZuUylXvmGb3VvadSUlMVHx+vnu++r0rPP6f/W7pEjV5rqG/XfpclNQF30qpVK5UoUULHjh1T8+bNdenSpTu2u3z5spo3b67o6GgVK1ZMrVq1esyVAgCAh0EADAAAAAAAIOnylSuPdv3lR7v+ftZ+t16ubq4a9GF/FQ0IUMsWzRT00otavWatJCn62DE9/1xFlShRXNWrVdWn4RMVWKaMnJ2dlcPt5v67bm5ucnF2vusY/UL7qGLFCgp6qYaaNHpN+XzyKbRPbwUGltH77/WS0WjUoUOH73hthQrlNaBfqALLlFaf3u8qJTVVUUePPtDcqlWtovbt2iqwTGn17xeq1NRU9ez+tqpVraKqVV5Qi+ZNtW//zeWYffLl08rl/1bbNq1U0M9Pnd5oL1cXF/3xx83zi7/+Rq+EBOvtbm8qMLCMBn3YX4UKFrSONWfe5/qw3weqVrWKSpcqqUEfDdDadeuVmpr6QLXeS9UqL+jl2rXk4eGuzp3eUPlny2l55EpJ0rz5X6pZ08Zq3rSJigYEaMigD3Xt2jXt3r1Ha75dJxcXF308aoSeLfeMWrVortdebfDI9QB34+PjoxUrVqhw4cI6fPiwmjdvrthY2y9sXLt2TS1atNChQ4fk7++vlStXsvwzAABPCZaABgAAAAAA+JvatWpq4riP9dt/f9e774cqLS3N3iXpwIFDOn78hMpVrGw9lpKSoty5c0uSevborn4fDtRv//1dwXVqq3Gj1+RXoMAd++r0Zjft3LlbktSubWsN6Hdz2WMnp/99VOTh4WGz/7DRaJSbq6sSEhPv2GfO2/ZBdnV1ldFoVEJCwgPNzWQyWX/29PCQJHnfNra7u7sSEm6OmytXLu3e86uGjRilY8ePKy01Tddv3FBKSook6cSJGNV9JeSO/cfFxen06TP6cNAQDRxyczlqi8Uis9msc+fOq3Bh/weq90GVDSyjmJiTkqQDBw/p6NForVi52no+MTFRp8+c0fGYGJUtW8YmnHcyOSlZKVlaD3A7f39/rVq1Sq+++qr27dunVq1aKTIyUl5eXoqPj1erVq20d+9e+fn5adWqVSpcuLC9SwYAAA+IABgAAAAAAOBvOnZor3z58qnuKyEqV+4Z/f77XnuXJEl6oXIljRszyubYrcC0Qf26ql6tqv6zaZO+/88mTfl0uj4Nn6h6dV/J0M+EcWOUlJQkSfK6Lbh9Guzbf0C9+/ZT+MTxCg5+WS7OzqpU9UXreaPRJKPx3ovehU8ar7KBZWyOFSjgm+W1pqSmyiKL9XmXzh31+l97KN+SN29ezfxstgwGFurD41e0aFGtWLFCjRo10p49e9SuXTstWLBAnTp10u7du+Xj46PIyEgVK1bM3qUCAIBM4C9LAAAAAACAv1m+YqVu3EjQ7j2/3nXJ48etZMniioo6qgK+vioaEKCiAQHyyeejfPnyKSUlReMnTtaNGzfUqkVzzYqYplYtmmvBV4slSQaDbV+395E3Tx47zObh/bJjp4oVK6oG9evKxdlZqampNss3FysaoD/27bO55tYd3Dlz5lS+fPl06tRp6/yLBgQoX758cr7H0tgPymIx2zzft++AAooUkSSVLFFcR48ezTCul6enihYN0MFDh23mkZr26EtSAw+idOnSioyMlLe3t7Zt26bnn39e27Ztk7e3tyIjI1WmTJn7dwIAAJ4oBMAAAAAAAAB/s3bddyr//Atq8/obSk5Otjnn65tfbVq1zJLAMDOaNm4sJ2cnfTDgIx3+84j++/vvat6qrdZ+t14uLi76YctWDR85WlFHj+rAwYP67++/q/hfd+3lzJlTBoNBmzb/oLPnzj3WurNasaIB+vPPI1oeuVK79/yq3n376caNBOsS0O3attaG7zfq8/kLdOjQYY2dMElnzp61Xt/9ra6aPmOmVq9Zq5MnT2l6xGdq3ba9LBbL3Ya0Ono0WnM/n3/X87/s2KV/L1uuEzExmjzlUx2Njlarls0lSW91fVObf9iqaTNm6viJE/pu/feqHVxX586f16sNGyglJUVDh43U/gMH9X/LI/Xt2u8e8ZUCHly5cuW0ZMkSGQwGxcfHy2AwaMmSJSpXrpy9SwMAAA+BABgAAAAAAOAB+fjk0+IF8zVuzChtXL9WzZs1keHvt9dmEw8Pd82fN0dXr8aqafNW6t6ztxrUr6v6fy3xPGvmdKWlp6tJ89bq0KmrSpcupQH9QyVJLi4u6vF2N02P+ExfLlj0WOrNLiHBddTj7W76eNx49e77gSqUf1Z1Xq6l+OvxkqQqL1TWvwZ/pIiZs9SxSzdZzGYV9POT8a8llrt26aRuXbto9NhxqtvgNW3Z+qMmTxz3QL/Hvfv2aeGixTKbzXc8X/7Zcvrll51q2qKN/m95pCZPHKcif+2bWqH8s5o+dYpWrflW9Ro21sTwKRo+9F8q4OsrTw8PfTZjqnbt2aN2HTpqw/cbVfOlGjIaH897C0hPT9fM/2/v7mKrPAs4gP/Pe8bCVxMPJGN4o7DOhLHNpQOcGj9D0gyWceMsBgMBNGuKG7oykTXGG0BdWpdNoZrqKC6Labwxa2JcvDDxwuiYbHph4iZQgcwLljQpmwOSvscLRjMmH6UtHOh+v+S5OOd9nuf9X7//9zmnt3fsRYh6vZ7e3t6Mjo42OBkAMBGV+nhebwQAAACYhHOPH8qyTL1eT1mWKcsyo6OjY6NWqzU049p16/PSgZeTJB9euDArli/Lb14YHLs+f968/Or5/Wm+7bbz1r32+r+y6WsPp/vJ7+e+T6y4ppm5sDNnzuTmm29Okpw+fTr3LLsvP93zTD732c9M6X3WrlufFcuX5bFvPprdP3gy/3zt9ex/tm9Ce703c5J85asbcs/H7872xzunKi4fENu3b0+S7NixY1zzy7JMR0dHBgYGMnPmzGzbti3d3d05depU2tra0tvbO64XJFpaWpIkhw8fnnj4KTA8PJxqtTo2iqJIURSpVCpj/w9+rV7cAYDJGBkZmfBaJ4ABAAAA3mPx4kX59cDz+VH3D/Nc/y9y64IFqdU+lOef6/+/8jdJPnZ7cxYuvLUBSbmQP//lpTy0dl0OvvJqDh8+kie++73Mq9WyfNm9U3aPU6dO5ZVX/5bDR4ayYMEtk97v5FtvpXXVg/ndi7/PsWPHs2//L/PyXw/mgdWrpiAtXFpnZ2cGBgYyY8aM9Pf3p7OzM/39/ZkxY0YGBgbS2eklBAC40dzU6AAAAAAA14uldyxJ/7N9mT9vXpLk05/6ZF787Qs5ceLNLF68qMHpGI/ly+7NF7/w+Xzj0W9l5OTJ3H3XnXn25z/L7Nmzp+wex44fz7r1G3PXnUvz4AOrJ71f09y52fbY1jz945/kyNC/s+ijH8meZ57K0juWTEFauLiurq709/enWq2mr68vra2tSZLW1tb09fVl8+bN2bdvX2bNmpVdu3Y1OC0AMF4KYAAAAIB3bX9821j5e05TU1OampoalIgrVa1Ws/WRLdn6yJardo/bm5vzj78fPO+7J77z7UntuXrV/Vm96v5J7QFXYufOndm7d28qlUr27NmTNWvWnHd9zZo1eeedd9LR0ZG9e/dm9uzZ6erqalBaAOBK+AloAAAAgJz9j99Dhw5d8bq33/5v3njjP5k/f97lJwNcBwYHB9PT05Mk6enpSVtb2wXnrV27Nt3d3UmS7u7uDA4OXnAeAHB9cQIYAAAAIMmWjoez6evt6Xnq6VQqlXGvO336dNq+/KXc3tx8FdMBTJ1Zs2alqakpXV1d2bhx4yXnbtq0KWfOnMnu3bszZ86ca5QQAJgMBTAAAABAkjuWLMmf/viHnDjxZsp6Oe51c+fM8RPRwA1l5cqVOXr06Ljnt7e3p729/SomAgCmkgIYAAAA4F1FUWTBglsaHQMAAGDCFMAAAAAAANPI0NBQWlpaGh0DAGiQotEBAAAAAACYGkNDQzlw4ECjYwAADVSp1+v1RocAAAAAprdzjx/Ksky9Xk9ZlinLMqOjo2OjVqs1OCUAN7rh4eFUq9WxURRFiqJIpVJJUZw9D1WpVBqcEgAub2RkZMJrnQAGAAAAAAAAmCYUwAAAAAAAAADThAIYAAAAAAAAYJq4qdEBAAAAAAAAALi4DRs2XPTa/v37z/vsBDAAAAAAAADAdez9Je+lvlcAAwAAAAAAAFzn3l/2XqwUVgADAAAAAAAA3ADOlb4XK3+TpFKv1+vXKhAAAADwwXTu8UNZlqnX6ynLMmVZZnR0dGzUarUGpwTgRjc8PJxqtTo2iqJIURSpVCopirPnoSqVSoNTAsDljYyMTHitE8AAAAAAAAAA04QCGAAAAAAAAGCaUAADAAAAAAAATBMKYAAAAAAAAIBpQgEMAAAAAAAAME38DzuCOHXJdjClAAAAAElFTkSuQmCC' height='250' width='300'/> ]]>
  </system-out>
</testsuite> <!-- com.tribu.qaselenium.tests.mazaprendo.MAUploadEvidenceTests2 -->
