<?xml version="1.0" encoding="UTF-8"?>
<!-- Generated by org.testng.reporters.JUnitReportReporter -->
<testsuite hostname="station" failures="0" tests="1" name="com.tribu.qaselenium.tests.mazaprendo.MAPerformCourseTests" time="24.915" errors="1" timestamp="2021-12-22T12:26:12 COT" skipped="0">
  <testcase classname="com.tribu.qaselenium.tests.mazaprendo.MAPerformCourseTests" name="performCourse" time="24.915">
    <error message="Expected condition failed: waiting for visibility of element located by By.xpath: /html//div[@id=&#039;block-mazaprendotheme-content&#039;]/div[@class=&#039;content&#039;]//img[contains(@src,&#039;Test-cover-image_1&#039;)]/following::i (tried for 5 second(s) with 500 milliseconds interval)" type="org.openqa.selenium.TimeoutException">
      <![CDATA[org.openqa.selenium.TimeoutException: Expected condition failed: waiting for visibility of element located by By.xpath: /html//div[@id='block-mazaprendotheme-content']/div[@class='content']//img[contains(@src,'Test-cover-image_1')]/following::i (tried for 5 second(s) with 500 milliseconds interval)
at org.openqa.selenium.support.ui.WebDriverWait.timeoutException(WebDriverWait.java:95)
at org.openqa.selenium.support.ui.FluentWait.until(FluentWait.java:272)
at com.tribu.qaselenium.testframework.pagebase.GUtils.waitForVisibilityOf(GUtils.java:40)
at com.tribu.qaselenium.testframework.pagebase.BasePO.click(BasePO.java:37)
at com.tribu.qaselenium.tests.mazaprendo.MAPerformCourseTests.performCourse(MAPerformCourseTests.java:71)
at java.base/jdk.internal.reflect.NativeMethodAccessorImpl.invoke0(Native Method)
at java.base/jdk.internal.reflect.NativeMethodAccessorImpl.invoke(NativeMethodAccessorImpl.java:62)
at java.base/jdk.internal.reflect.DelegatingMethodAccessorImpl.invoke(DelegatingMethodAccessorImpl.java:43)
at java.base/java.lang.reflect.Method.invoke(Method.java:566)
at org.testng.internal.MethodInvocationHelper.invokeMethod(MethodInvocationHelper.java:133)
at org.testng.internal.TestInvoker.invokeMethod(TestInvoker.java:598)
at org.testng.internal.TestInvoker.invokeTestMethod(TestInvoker.java:173)
at org.testng.internal.MethodRunner.runInSequence(MethodRunner.java:46)
at org.testng.internal.TestInvoker$MethodInvocationAgent.invoke(TestInvoker.java:824)
at org.testng.internal.TestInvoker.invokeTestMethods(TestInvoker.java:146)
at org.testng.internal.TestMethodWorker.invokeTestMethods(TestMethodWorker.java:146)
at org.testng.internal.TestMethodWorker.run(TestMethodWorker.java:128)
at java.base/java.util.ArrayList.forEach(ArrayList.java:1541)
at org.testng.TestRunner.privateRun(TestRunner.java:794)
at org.testng.TestRunner.run(TestRunner.java:596)
at org.testng.SuiteRunner.runTest(SuiteRunner.java:377)
at org.testng.SuiteRunner.runSequentially(SuiteRunner.java:371)
at org.testng.SuiteRunner.privateRun(SuiteRunner.java:332)
at org.testng.SuiteRunner.run(SuiteRunner.java:276)
at org.testng.SuiteRunnerWorker.runSuite(SuiteRunnerWorker.java:53)
at org.testng.SuiteRunnerWorker.run(SuiteRunnerWorker.java:96)
at org.testng.TestNG.runSuitesSequentially(TestNG.java:1212)
at org.testng.TestNG.runSuitesLocally(TestNG.java:1134)
at org.testng.TestNG.runSuites(TestNG.java:1063)
at org.testng.TestNG.run(TestNG.java:1031)
at org.testng.remote.AbstractRemoteTestNG.run(AbstractRemoteTestNG.java:115)
at org.testng.remote.RemoteTestNG.initAndRun(RemoteTestNG.java:251)
at org.testng.remote.RemoteTestNG.main(RemoteTestNG.java:77)
Caused by: org.openqa.selenium.NoSuchElementException: no such element: Unable to locate element: {"method":"xpath","selector":"/html//div[@id='block-mazaprendotheme-content']/div[@class='content']//img[contains(@src,'Test-cover-image_1')]/following::i"}
  (Session info: chrome=96.0.4664.45)
For documentation on this error, please visit: https://www.seleniumhq.org/exceptions/no_such_element.html
Build info: version: '3.141.59', revision: 'e82be7d358', time: '2018-11-14T08:17:03'
System info: host: 'station', ip: '127.0.1.1', os.name: 'Linux', os.arch: 'amd64', os.version: '4.19.0-18-amd64', java.version: '11.0.12'
Driver info: org.openqa.selenium.chrome.ChromeDriver
Capabilities {acceptInsecureCerts: false, browserName: chrome, browserVersion: 96.0.4664.45, chrome: {chromedriverVersion: 96.0.4664.45 (76e4c1bb2ab46..., userDataDir: /tmp/.com.google.Chrome.H46RVo}, goog:chromeOptions: {debuggerAddress: localhost:46399}, javascriptEnabled: true, networkConnectionEnabled: false, pageLoadStrategy: normal, platform: LINUX, platformName: LINUX, proxy: Proxy(), setWindowRect: true, strictFileInteractability: false, timeouts: {implicit: 0, pageLoad: 300000, script: 30000}, unhandledPromptBehavior: dismiss and notify, webauthn:extension:credBlob: true, webauthn:extension:largeBlob: true, webauthn:virtualAuthenticators: true}
Session ID: c8837024ff47e7204f02bd1922c61adf
*** Element info: {Using=xpath, value=/html//div[@id='block-mazaprendotheme-content']/div[@class='content']//img[contains(@src,'Test-cover-image_1')]/following::i}
at java.base/jdk.internal.reflect.NativeConstructorAccessorImpl.newInstance0(Native Method)
at java.base/jdk.internal.reflect.NativeConstructorAccessorImpl.newInstance(NativeConstructorAccessorImpl.java:62)
at java.base/jdk.internal.reflect.DelegatingConstructorAccessorImpl.newInstance(DelegatingConstructorAccessorImpl.java:45)
at java.base/java.lang.reflect.Constructor.newInstance(Constructor.java:490)
at org.openqa.selenium.remote.http.W3CHttpResponseCodec.createException(W3CHttpResponseCodec.java:187)
at org.openqa.selenium.remote.http.W3CHttpResponseCodec.decode(W3CHttpResponseCodec.java:122)
at org.openqa.selenium.remote.http.W3CHttpResponseCodec.decode(W3CHttpResponseCodec.java:49)
at org.openqa.selenium.remote.HttpCommandExecutor.execute(HttpCommandExecutor.java:158)
at org.openqa.selenium.remote.service.DriverCommandExecutor.execute(DriverCommandExecutor.java:83)
at org.openqa.selenium.remote.RemoteWebDriver.execute(RemoteWebDriver.java:552)
at org.openqa.selenium.remote.RemoteWebDriver.findElement(RemoteWebDriver.java:323)
at org.openqa.selenium.remote.RemoteWebDriver.findElementByXPath(RemoteWebDriver.java:428)
at org.openqa.selenium.By$ByXPath.findElement(By.java:353)
at org.openqa.selenium.remote.RemoteWebDriver.findElement(RemoteWebDriver.java:315)
at org.openqa.selenium.support.ui.ExpectedConditions$7.apply(ExpectedConditions.java:205)
at org.openqa.selenium.support.ui.ExpectedConditions$7.apply(ExpectedConditions.java:201)
at org.openqa.selenium.support.ui.FluentWait.until(FluentWait.java:249)
... 31 more
]]>
    </error>
  </testcase> <!-- performCourse -->
  <system-out>
    <![CDATA[ <img src='data:image/png;base64,iVBORw0KGgoAAAANSUhEUgAAB4AAAAOiCAYAAACRicroAAAAAXNSR0IArs4c6QAAIABJREFUeJzs3Xd4lFX6xvF7MiG9UVMoIaAIShfQaMACqOAiiCIiRV0LVdxVV0RwXV1BUCyrAmJFmiCrUlRYIfgTUNAgQkIJKGAISUwCIb1n5vdHzJjJzCSTjvH7ua65ZM77vuc9MxlUuOd5jsFsNpsFAAAAAAAAAAAAALggZGZm1vhalzpcBwAAAAAAAAAAAACgEREAAwAAAAAAAAAAAEATQQAMAAAAAAAAAAAAAE0EATAAAAAAAAAAAAAANBEEwAAAAAAAAAAAAADQRBAAAwAAAAAAAAAAAMAfxKZNmyo9TgAMAAAAAAAAAAAAAH8AZeFvZSEwATAAAAAAAAAAAAAAXOAqhr6OQmACYAAAAAAAAAAAAAC4gDkKe+2NG8xms7m+FwQAAAAAAAAAAAAAcE5mZmaNr6UCGAAAAAAAAAAAAACaCAJgAAAAAAAAAAAAAGgiCIABAAAAAAAAAAAAoIkgAAYAAAAAAAAAAACAJsK1sRcAAAAAAAAAAAAAALB14MABp8/t3bu3JCqAAQAAAAAAAAAAAKDJIAAGAAAAAAAAAAAAgCaCFtAAUEcmP/9fvbvxO4fHH75zoF762y3S6f0yL77V8UQ+rWWYGyUZDPWwSgAAAAAAAAAA0JQRAANAQ2vfR/JpLWWn2j+enSqd3Ct1Dm/YdQEAAAAAAOBPyWQyKTc3V3l5ecrPz1dBQYEkyc3NTZ6envL09JSHh4dcXYkUAOCPgH9bA0BDMxiky4ZK361xeIr54CYZCIABAAAAAABQT8xms7KyspSenm4JfCsez8/PV35+vs6fPy+DwSA3NzcFBATIz89PBrrXAcAFiz2AAaARGHrdUvkJh7dJZnPDLAYAAAAAAAB/Krm5uTp58qSSk5OVn58vs9ms4uJi5eTkKDExUefOnVNeXp5MJpPlGrPZrIKCAiUnJ+vEiRPKy8trxFcAAKgMFcAA0Bg6XUkbaAAAAAAAADQos9ms1NRUZWZmyvxb8UFmZqZ2796tffv26fjx48rNzVVQUJAKCgrUrVs3DR8+XJdeeqlVxa/ZbNaZM2fk7++v1q1bUw0MABcYKoABoDGUtYGuhPngpgZaDAAAAAAAAJo6s9ms+Ph4ZWRkyGw2y2QyKS0tTbNmzdLzzz+v//3vf0pJSZGLi4uCg4N1/vx5bdiwQZMnT9aqVausqoHLZGRk6PTp05YwGQBwYaACGAAaiaHXLTJXsg+wDm+Tbp1fGhYDAAAAAAAANVQW/pbf6/fEiRNasGCBDh06JDc3N4WFhalr167q3Lmz/P39FRoaqqSkJP30009asWKFzp07pylTpsjDw8MypyQVFBQoLi5OoaGhVAIDwAWCABgAGgttoAEAAAAAANAAUlNTrcLfjIwMvfbaa4qOjpbRaFSPHj0UHh6uwMBAeXp6yt3dXX5+fmrRooWCg4N1/Phxff7552rZsqUmTpxomacs8C0sLFRqairtoAHgAkELaAB/Wr1um1vp4+QZB8FsXaENNIA/gDfWfytj+CyNePR9h+fsOnBKxvBZan/LPMvYS2t26rJxL8lkqroN2Adf/CBj+Cxt3n2kTtZc3zZ8fVjG8Fn6Jem8pOq9VmfE/Xpe7UbM0//2Hq+T+QAAAAD8ueXm5iojI8Py3Gw269ixYzpy5IhcXFzUt29fhYeHy9/fX82aNZO3t7d8fHzk5+engIAA+fr6KigoSAMGDNB3332n8+dL/yxUPug1GAzKyMhQfn5+g78+AIAtKoAB/GkdPZVY6fGCoqJ6XwNtoAH8UWzde0xJZzMV3MrP5tjyz/bZjF0aFqgbBlwsF5eq//21eut+SdKqLfs1IuLS2i+2gVXntTojwMdTN1xxsdoH+tfJfAAAAAAaRnJystavX699+/YpLS1NrVu3VkREhG6//Xb5+vo2yprMZrOSkpJsxj7++GNlZmbK19dXF110kdzd3eXq6qpmzZrJw8NDnp6eMhqNKikpUUFBgXJycuTi4qL09HQlJiaqefPmdu+XkJCgzp07UwUMAI2MCmAAaExlbaAdyU6V4n9suPUAgB0e7q7ycHPVyt+C2vJy8gq1fke02jT3sRofFn6JXvn7LVXOnZiaqR37Tujmq7tq064jysiu/bfFS0pMtZ6jOpx9rc7y9/HQe3Pv0KVhgXU2JwAAAID6tXPnTs2YMUNt2rTRggULtH79ev3rX/+S2WzWX//6Vx050jgdj7Kzs2UymWQwGCyPkpISfffddzKZTPLx8ZGrq6uOHTumL774Qtu2bdP+/ft17tw55efnKysrS4cOHdKOHTt08OBBubi4KCYmxjJXRWazWVlZWY3wSgEA5REAA0BjcqYN9AHaQANoXAYZNGZwT7uVvut3RKugsFi3Xtvdanz24i1qfeMzVc69+n8/ytPdVUseH60Sk1nrd0RbHX/zk73yu/4pffDFD+o+7iV5XTNH/e95Td8fibc6xxg+Sy9/uEttbnpGY55cJak0CH723e1qf8s8eV87RzfOfEc/xZ+1XDdu7moNfehtLf1kjzqNXiC/65/S8L+/q4TUDKs1rNt+UBffvlCeg57UwMlLFP2z9bfny7/W3Qd/kTF8lt3HoRO/SpKycgv08Msb1W7EPHldM0e9J7yiT//vkGW+MykZMobP0tptBy1jZ9NzNOlfa9Vi6NNqMfRpPTD/v8rOLRAAAACAxnf48GEtXbpUS5cu1R133KGgoCC5u7urffv2+utf/6oFCxboqaee0q+//trgaytr11xefHy88vPz5erqKl9fX6Wmlm6D1qtXL7Vs2VJ5eXk6e/asMjMzlZOTI7PZrEsuuURdunSRyWTSTz/9ZJnLXgiclpZWfy8IAOAUAmAAaGSGXlVUjR38TDLXzb6SAFAT+YXF+uuIAToWl6q9h05bHVv+2T6NGHip/L09ajT36q37NSy8q9q18dd1fTtr1Rb7VcartuzXu3PH6MvXHpDR6KLhf39XWRUC0Hc3fa/npw3XI3cNkiRNe+FTvbjq//T4xGu15tm7lJaZqxtmvq3c/N9b/H8T/Yve2xSl+VOHaf7UYfomOk6P/uczy/HvDp/W+H9+qIvatdLyf47VLQMv06LVXzt8PT06Byly8YOWx9b/3K82zX10aVigLmrXSpJ011NrtOHrw1o4Y7i+eOWvur7fRRo7d7UO/pRkd86CwmJdP32Z9h4+rTefuE0vPTxCm3Yd0X3z1jv/RgMAAACoN6+99ppmz56tVq1a2T3euXNn3XfffXr77bcbdF0lJSUqLCy0GT9//rwMBoNMJpPatm2rdu3aqVu3bgoMDFRYWJg8PDxkMplkMpmUmpqq/Px8hYWFydXVVcHBwcrNzbWqAK74z6KiIhUXF1e5vv9+8qk6dbm00sdjs2bX4TsCAH8e7AEMAI2trA10dqr942VtoDv0rfk9Eo9KeeXa73j6SiHdqjdH2hnpfIV9k0O6Sp62+4HaOPGdpArfCG0eIrVoV/W1FddeXTV5rRUcjD2hzKxcSVKPS8IU4OdTxRWl4hKSdToxxeHxjKxs+fv6OD3nzu+jHe6hE5eQrNC2geoQ0kahbatuG5uema2YY6eqPK+igf17OJynpu+No+sqe73lVee+jhyMPaHPd+zVzu9/rz719/VRr26dNH7kEKfe06bMbDbrisva6+L2rfT+5ihd2b2DJOnEmXPadeCUNi26V5FRP1Uxi63on5MUc+JXzb7neknS6Ou6a9oLn+qXpPPqGGy9n9TqZ8dZ2kz/9/mJ6jx6gd7bHKWHx0ZYztnwwt26uH3pX7gci0vVO5u+1xv/GKWpo8MlSb27hKjz6IX6745oTRp+uSTJ18tdW169T60CvCVJJxPOac2Xv7feX7ji/xQaFKDNL90rV6OL5ZrpL35q9zX5+3jo2r6dLc/nLN2q81l52vqf++XhXvq/3n+7c6A6BAVY1npt385a/vk+bd17TL0uDraZ84MvftCRUyk6uOrvuqxT6WexmauL7n5mneJ+Pa/QIPt7bwEAAACof6mpqcrMzFTPnj0rPe+GG27Q22+/rZKSEhmNxgZZW35+6RY75QNak8mk5s2by2g0qqioSF5eXjIajdq7d6/y8vLk7e2toKAgeXt7Kzg4WNnZ2SooKND27dtVUlKiDh066Ny5cyopKbGa12AwyFyugCE3N1d+fpX/ndHto2+VJD3+xBy7x0ffOlKLFj5f6/cBAP6MCIABoLGVtYH+bo3DU8wHNslQiwDYvGGedDLq9wEPXxke2eBcAFs2x9onrOeQZJi6Qup8ReUXnvhO5qWTbMdDusrwyMaq71tx7dXVqb8M01bV/HpJN909S5nZpQHwk9Pu0pzpE5y6btWGbZq/xPHPtbwOIW20bN4jGjTA8R8Yh937hFNz+ft6a8akUZo2YaTDYDQ69qTT85WXc/gLh/P07NpJez5+w6l5yr83W95fYPd1V2d9Pbt20oRRQzR+5JBqhcGbI/fo8QXLHAb1n+3Yo3mLV2tg/x56ctr4Sn8+TV1+YbHuHdFfzy/foVcfuUWe7s20/PN9Cm7lp5uu7KIvvj1a7TlXbdkvdzdX3XxVV0nS6Gt7aMaiDVr9vx8157dQuIyXezPLr9u18VePi4IUXaFiNrilr+XXkft+liTdMvBS5ReUfvM8sLmvwkKaa9/RM5YAuENggCX8laSQ1n5KPZ9jef5D7Bnddl0PS/grSUHl7lOZ3Qd/0cKV/6cF04dZBbsDe4dpycd7tG7bAf2SdF75hcXKzMlXemae3Xkio35St45t1LltS8truapHR0nSvqNnCIABAACARpSYmKiOHTtWeZ6rq6uaN2+u8+fPO6wUrmt5ebZ/xjAYDGrfvr0CAgKUkpIiNzc3+fj4qF27dkpJSVGrVq3Uo0cPFRUVyWQyKTQ0VKGhofLw8FBeXp7atm2roqIinT59Wp6envL29pa3t7fNF7gLCpzbssZRCEz4CwC1QwtoALgAGC67sfIT6roNdH6WzJuq8T/RUZ/UOIQ17/zA/oHE2N8qgy9sKz/dZgl/JWnxyo1Kz8yu8/ucTkzRsHuf0E33zKr1/BlZOZq3eLXCb5uhg7En6miFVYuOPanJc15usPtVvPfjC97SpTfcq82Re6o8Pz0zW5PnvKw7Z/7bKvyN6NfD6lFmV1SMht37hOYvWV0v6/8jKCwq0d3DL1duQZE+/ipGJpNZK774QXcPv1xGo4uKikuqNZ/JZNaH2w7o2r6dJEnZuQXydHdVePdQu22gK2rh56XkNMfdAVLPl/4+6nDLfHlfO8fyOJmQprTMXIfXVZSclq1AJwPf8jJz8jXpmbW6pk8nPfpbS+oyDy3aoAUrdmjKbeHa/saD+nHl39TS38vhXCnns3XkVLLV67j49oWSpDQHoTEAAACAhuHj46PsbOf+HJ+TkyN3d/d6XtHvykLYsspck8lk+fXgwYPVuXNnubu7y2AwqE+fPho7dqxuuukm+fv7y2w2q6SkRC4uLnJ3d9c111yjwYMHq1WrVsrOztaLL76oNWvW6MCBA0pNTVVBQYFMJpPl3vZaTzty++hb9cKCeZbnhL8AUHtUAANAFea8sVEnE846PD597LWK6N3Z4XGnXHRV/beBrujQ9tIAtqoK3rxMmTfOr9k90s5IhyMdHjbv/ECGqu7fyOYtLg382ge3UXxSijKycrQ5co8m3jq0WvM4qnI9GHtC0UdPat7i1YpPStGuqBjNW7xaL86e7HCuiH499L8PFtqMp2dma1dUjN5YsUG798WUhsr3PKEjX75faVVsdaqaq7Jqw3ZF9OtR7fenMo5er1TaJjo69qRWbdimmGOnlJGVoztn/lvTJoys9D0c+9C/tXtfjCTJz8dLc6ZP0IRRttXDcQnJVtXK8xav1vmM7ErnbqrMZrOCWvpqWPglWv7ZPrVp7qMzKRm65y/9fjtevfl2/PCzElMzlZiaKf/B/7Q5HnUkXv0vbe/w+qSzWep/qeMuBt6ebjIaXfTVkskyulh/57F8xW9Vglr6KiOr+iHrQ4s2Kj0rT8uX3mH1TfiCwmK9//k+vf7oSN39WxWyJJs1lufj6a4+l4TojcdutTnWqW2Laq8NAAAAQN3p2LGjkpKSlJOTI29vx3/WiI+Pl7u7u3x9q/8F05oqKCiQ2Wy2VPPm5+crOztb6enp8vT0VOfOnVVSUqLi4mIZjUZ5enrKzc1N6enpKi4uVklJiVxdXWUwGOTh4SGz2azi4mJ17NhR69ev188//6y4uDj17dtXnTp1Uvv27RUYGChXV1dL+2ln3T76Vks1MACg9giAAaAK2/Ye1Y/H4h0e/8vAHrUPgI1u9d4G2u6ca2eXtoKuZB9f884PpPya7cFr3uWg+rfM4cjSkLgarairyzDonhpfuzlyj+KTSqtDX5w92RKszl+yus4Czl5dO6tX184aMThcN90zSzHHTmnJqo0aNKCnRgwOr9ZcAX4+GjE4XCMGh2ve4lWav2SNMrJy9OCcl/XR67YBW32ZMvcV9ezWSb261vL3hRMGDeipQQN6asakUdocuUcPPvmSMrNztWTVRvXs2snuz+kfzy+zhL89LgnTutf/6XCP39C2gZozfYL+Mjjc0gq8srn/DP46or9Gz1qhgqJiDewdZtnHtrpWbdkvHy93bV50r1xcfg9IC4uK9ZdH39eqrfutAuCMnHz5eJV+U/5YXKqOnErWA6Mcf4FkYO8wlZSYlJGdr+G/tZiWfqvobeF8m/D+3dpp2/c/af60YZaxzJzK/yJjfWS0Vm3dr9XP3qX2gQFWx7JyC1RSYrIKhX8+c07nKwmZI3qHaf7yHeoY3Nyq/XRyWrZlX2QAAAAAjcNoNGrUqFF655139PDDD9s9x2w267XXXtOkSXa2yKpHJSUlyszMVFJSko4fP67ExETt379fCQkJGjRokC699FIdOXJEPj4+Sk9Pl4eHh/z8/GQ2mxUdHa3mzZsrLS1NvXr1UvPmzS3hsb+/v3Jzc2UymXTkyBGlpKTI399fYWFhCg8P18UXX6yWLVs26GsFAFijBTQAXCAavA20JJ1PcNyiWSoNZ7c5t6erjbxMKerTKk8zf/l6pccN01bJsOiY48e/o6SQrvavHfu81H1IjZYvSW+s2CCptPp3xOBwzZg0SlJpu+aVn26r8bz2BPj5aNn8RyzPd34fXav55kyfoPbBbSRJn+/YW6u5nNXjkjDLr4fd80S9tMquzIjB4dparlJ41sK3bNYQl5CsJatK95728/HS1uULHYa/5fXq2tlm7j+rm6/upsAWPvo2Ok73juhfozly84v06deHNW5oLw3qE6aIXh0tj+v7XaRbr7lMa7cdVHHJ7+3Dbn18hTbvPqL/7ojRqMc/UAs/L937W/WxPVdc1kEjB12mif9aq/+s263/239C/1m3WxffvlBb9xxzeq2zJl2nH48n6uGXNyr65yRt2nVEs5dscXh+Ymqmpiz8RP0vba92bfy1++Avlsev57LUKsBbl3dtp3+9/aWWfbpX/1m3W9dOfVNFxSXKzrO/R9bkUVeopb+Xhsx4Sx9+eUBf/XBCf3t5k7qMecFqv2IAAAAAjWPcuHE6ffq0Fi9erKKiIqtjOTk5evrpp7V79279+uuvDbqunJwc/fzzz/r++++1b98+RUZG6uTJk/r111914sQJGY1Gubi4WILdzMxMZWdny83NTd26dVO7du0UGBiovLw8paWlKTMzU1lZWUpMTJT0e8CckpKixMRERUdHa9u2bTp8+HC1WkADAOoeATAAXCjK2kA7UtYGuq5te6M06LXDvPaJms8b9Ylt5fDASZJHhWq1Q5GlYXENmTfOK91PuKJ+o6T+o2s8787voy1VonOmj5dUGjCWhaqrN26v8dyO9OraWX4+pfuARseerPV8gwb8vodtXEJyreeryojB4Ro/crCk0n2Ih91bi89PDfXq2llPTrvLsoZVG6x/TmWhviS98MTkSltj25t72oSRlrnr+ksAfxSuRhdNGn65fLzcNeZ627bmztjw9SFl5xbovlsG2D1+3y0DdDY9R1v2/P57+56/9NMjr27WhKc/lLdnM33+yl/l61X53lkf/vsu3X/LAL246mvd9PC7envDd3r177fopvBLnF5rv27ttPrZcfr8m1hd/cBivbDy//T3cQMdnv/9kXilZ+Up6ki8rpmy1Oqx4evDkqR188ard5cQPfbaZ3p17S7NvXewxgzuqdz8IrtzBvh6auebU9Wjc5CmvfCpRjz6vg78lKgtr9yn1s2db2cNAAAAoH4YjUYtXLhQrq6uGjt2rJ577jktXrxYTz/9tMaPH6+LLrpIbdu21eLFi7V8+fIGW5enp6fc3d3Vrl07ubm5yd/fXyUlJZKkH3/8UT/88IPOnDmj4uJiSwCcmZmp+Ph4xcTE6ODBg/r1118VHR2t5ORkZWRkKDk5WRs3blRhYaFlT+GCggLl5+crPz9fJ06c0KFDh+TqSvNRAGhM/FsYAC4UzrSBPvxlnbeBliTzutkyTF1pPXhou3QyquZz2mn/bBh4t8x5mdK+30M45WeV7gV840PVv8fGedZzlenUX4Y77e8Z66xVG0rDPT8fL6tWzHOmj9eUua9oV1SMdn4fbXdf39oIbRuomGOn6iSwLV/ZGpeQ7FSla229Nf9RRceeVMyxU4qOPanJc17WsnmPVH1hHZo+cZRlz97FKzdYKrcl659rTVo4z5g0ylJBvHlH9feC/iOaMeYqzRhzldXYgunDtWD6cKuxt5+83er589OH6fnpw2TPXTf20V039nF4z+v7XaSSPaW/h9/8pLSCfdKwvpp2m/226FNGX6kpo6+0GXd3c9XCGcO1cMZwO1dJHz433mbssfHX6LHx11iNjR3SS2OH9LI5r0z51zrqmsssa3ckLKSFvnjlPpvXUKbEVFr57Gr8/bua7dr4210vAAAAgAuDq6urJk+erIkTJyomJkYZGRkaMGCAnnzySbm7u+uGG27QtGnTtGzZMpWUlOi+++6retJa8vX1VUxMjGJjY5WQkKATJ04oJydHJSUlys/P16ZNm9SiRQt17NhRJpNJ2dnZMhqNSklJkZ+fn0JCQpSdna1Tp04pJydHJpNJubm5ys/Pl4uLiyUALqsk9vLyktls1vnz5wmAAaCRUQEMABeQKttAx2yp+zbQknTi+9LAt0xepswb59d8vqhPpPOJ1mOXDZZatLO/J+++qltF273HrhW248FdZbh3SfXnKycuIVmrN0ZKKg38yleJjhgcbqnSfWOlnfC5lmKOnZIk9ezWqdZzHSxXRVxZ+Hs6MUW7omKqfDhr6/KFlvdo1YbtDV4pG+Dno4h+pdXPpxNTLONxCcnKzM6VpGrvr1wmtG2gpdX17mq8J4Czdh/8Ra9/9I0k1Xh/ZQAAAACNx8vLS1dccYVuuOEG9e/fX+7upZ2LgoKCtGTJEgUFBemdd97RunXr6n0tfn5+2rdvnw4cOKC4uDhlZ2dbWjO7u7vLxcVFWVlZSk1NVUFBgXJzc1VYWKiWLVuqsLBQBw4c0C+//KLg4GC5ubmpoKBAqampKi4ulsFgkMlksoTJWVlZysnJkdFoVFFRkQID6/9L6AAAx/gaDgBcSMraQGen2j9+7pfSNtD1UQW8cb4MnQdInn6l+wKfT7A+wcNHynduT1dz1Cc2Y4aydswh3aTgrlJSubbN5xNKA11nWzYnHpV53WzbcQ8fGcYtkDz9nJvHgXmLV1l+PWGUdYVngJ+PJowaqiWrNurzHXvrtLK2/H17da1dAHww9oQloGwf3KbSNa7asN2mVbI9OYe/cOreAX4+2vrBQl11W2lV95S5r6hnt07q1bWzU9fXhUEDelhaeJdVapevqq7Nz8zft/QLARlZ7L2KurdwxVfaffAXPXrXIPW6OLixlwMAAACgDgUFBWnx4sV69NFHlZxc/1s1eXt766KLLlJsbKwKCwvl4uIio9GowsJCSwtnSUpMTJSbm5tMJpO8vLzUunVrDRw4UGazWXl5ecrNzVVKSori4+P1008/ydXV1TKX2WyW2WyWh4eHCgoK5OnpqW7dusnPr3Z/NwMAqB0qgAHgQlLWBroS5sNf1s29hs6wfn4+oTT4TTtTui9weZcNLg1unZF41LZ1dPMQqfsQy1PDoLttLrPXMtqutDMyL5lo95Bh2irn1+lAema2PttR2nJ2/MjBdoPC8i2Fy4e2tbHy022WtsV+Pl6aPnFUFVc4tvP7aE2Z84oloCzbw7gh9eraWW8+93fL82H3PKH0TOe+QACUN2X0lSrZs1A+Vez321Rsfulend/+jF546ObGXgoAAACAehASEqIPP/xQM2fOrPd7GQwGDR8+XG5ubgoICJCHh4ckqaSkRAaDQUaj0VLJm5qaqri4OJ04cUKnT5/W2bNndf78eWVkZOjcuXM6fvy4IiMjlZeXJ4PBYHUfs9ksFxcXubi4KDs7W+Hh4XJxIXoAgMZEBTAANLSEGOlopMPDBjdvVdrkOWaLdNMsqcL/bFeXYdDdMu+r0Kp52xsyH65QCerhI8PIJ2Ve+4RT85p3Lrcd7Fehsrf7EGnjPOuK4sRY6cR3UucrHE+elynz8ulSfpbNIcPY52sd/kqle8aWBacVq3/LhLYN1PiRg7V6Y6RWb4zUC09MtmoTbc/qjdstFanlxSUka+f30Vatite9/s9K5zudmKz5S1bbPbY5co+iy7V+Hj9ycJX71I4fOdjha62NibcO1a6oaK3eGKmMrBwNu/cJ7fn4jaovrAPl21/3/K2aume5quryx6urrJK4rM01AAAAAAAXqmuvvVadOnWyVAGbTCa5uLioWbNmKi4uVnFxsfz8/BQUFGRp8ZyTk6OEhAQZDAYVFBQoOztb586dU35+voxGo5o1a2apHi6rBDaZTDIajbr44ot1/fXXN/KrBgAQAANAQ4uPlnnbK46Ph/WX3L2lAgftZeuqDbQCLmGMAAAgAElEQVSnnwx3LpB56STr8cRY6+cD75FatHNuzrQz0j7bfXEN/W+1ube6D7E517zzAxkqCYDN70+zXZ8kDZzkfPvoKqz8tDQAj+jXQ4MG9HR43oRRQy37BC9euUFzpk+odF5nWiy3D26jt+Y/Uul9pdJ9bectth8Alzdtwki9OHtyleeFtg2s8p419db8RxUde1Ixx04pOvakJs95WcvmPVIv9yov+mhpwOvn42UJ0wP8fNQ+uI3ik1K0OypG6ZnZVQb3FR2MPaH4pNKwfmA9vWcAAAAAANQVo9Gop59+WhMmTJC7u7uKiopUXFwss9mskpISubi4yMvLS4GBgXJ1dVVWVpbluCTl5eXJxcXFquq3uLhYbm5uVnsBe3t7KyQkRM8884yaNWvWWC8XAPAb+jAAwAXHIHW/qdIz6qwNdOcrSts7O9I8RIYbH3J6OnPUp7aDlw22GyAbBt1je+7hyNIQ2d7ca2fZtpb+bX7DyDlOr7EyKz/dZgn3JowaUum5gwb0VI9LwiRJi1durFF7Yz8fL0X066FpE0bqzef+rtjty2scxPa4JEztg9tYnr/53N+dCn8bwtblCy3Vsqs2bNfKT7fV6/02R+4p93O0rmyeeGvpzzUjK0ebI/dUe+7FK37/0sKI68NrsUoAAAAAABpG3759ddddd8nf31+enp4yGo1ydXWVl5eXBgwYoObNm6tly5YKDg5WYGCgWrZsqcDAQLVq1Up+fn7y9fVVcXGx1ZxllcQmk0lms1lnz55Vnz591L1790Z6lQCA8giAAeACZOh1S+UnxGyRzJU2inb+XiOflDzsV0FWK1jNy5Ts7ONrcFSZG9JNCu5qM2x3L+CoT+xWFiu4qwx3LnB+jVUoq6ptH9ymyrbJkiz79DoTJm55f4FyDn9h9Uj67r/63wcL9eLsyU7dr0xEvx42c+39ZLH2fvKGJWidv2T1BbPnboCfj7Z+sNDyfMrcVxQde6pe7pWema3HFyyzPC+/X7NkHQjPWviWDsaecHruzZF7LFXfzn5GAAAAAAC4EMyePVvt2pV+Qd/b21vu7u7q1q2brr/+erVs2VItW7ZUmzZtFBQUJD8/P7m7u1v2CPbw8FBBQYEkWSqDzeX+XsrV1VUXX3yx5s2bZ7M/MACgcRAAA8CF6KKrSttAO1LWBroutGhX2ua5ok79S9s0O+vQdtu9eZuHVDqHYdDdtoNRn5aGyWVOfCfzutn2J2jbTdq1QvryjcofTtj5fbSlarSsSrQqE28daqm6dbQnb0MK8PPRW/MflVTaJnrynEpajTewXl07683n/m55/tmO6lffViUuIVnD7n3Csp/y+JGDFdo20Oqc0LaBWjjrQUmlwf2dD/3bqRB4c+QeTZ7zsuX5W/Prv401AAAAAAB1xWg06rPPPlPHjh3l4uIiFxcXnTlzRq1atVJwcLB8fX3l4eEhPz8/+fv7y9vbW15eXvLw8JCbm5uKioqswt+yyl+TyaTQ0FB99dVXMhqNjfwqAQBlCIAB4EJkdGu4NtBSaZvnCtW41a2sNX/5uu1gvyr25e0+xLb6OD+rtOK3bN73pzm+ft+nMn/5epUPZ5RV//r5eFkqe51RFhafTkyp99bGzhgxOFzTJoyUVBqy1qTNcX2ZeOtQy9rqUlxCsuYvWa3w22YoOrZ0798el4RZwvCKZkwapfEjS1ufn05M0VW3PaTHF7yluIRkm3MPxp7Q5Dkv686Z/1ZGVum+3AtnPVhveyYDAAAAAFBfmjVrpt27d+uuu+6SVLqX748//qg2bdooICDAcp6Hh4fc3d0tv3ZxcbHs91sWHru4uKhZs2aaOHGi9u7dy76/AHCBcW3sBQAA7DP0ukXmHz52fELMFummWVIdtdYxjHpS5v+VhqWG7kPs7tvr0KHt0vlE2zn73/r7k8SjMkd9KkOLtr/vC+zpVxoCV2jvbN614vc9gvPrv43xwdgT2r0vRlJpgBrgZ78ltj3TJ47S/CVrJEmrN26/INoCz5k+3rIP7uQ5L6tn1zdsKmHLW7Vhu3ZFxTg19/iRQ2r1Gl+cPVnRsSct77czYo6d1E33zLJ7LC4h2VLx+/saB+uFJyrf//it+Y8qtG2g5We3eOUGLV65Qf6+3urZtZMk2bwnfj5eeuGJ6rXrBgAAAADgQmI0GrVo0SKNHj1akyZNUlRUlCIiIuTq6mpp32wymWQwGGQymVRSUiJvb28ZDAYZjUa5u7vL1dVVHh4eWrNmja655hraPgPABYgAGAAuVGVtoAty7B8vawPdoW/d3K/zFTJMu6JGl5p3LrcdLAt5JSntjMwvl1bVmiXp5+9kuHeJJMkw6B6ZK+7vez6htArY0f7BdWzxit/vP2f6hGpdG+Dno/EjB2v1xkjtiorRzu+jG706NMDPR+veeEpX3faQMrJyNHnOy9q6fKHD808nptiEqI4M7N+j1utb9/pTunL0DEvL7apkZOU4FVBH9OuhGZNGacTgcKfmnTN9ggb276k3Vm7Q5zv2OryXn4+XRgwO15zpEyoN0gEAAAAA+CMwGAy6+uqrdfToUX388cfKzs6Wu7u78vPz5epaGhkUFRXJYDDI1dVVPj4+8vHxUbNmzRQWFqbHHntMd9xxh6VKGABw4SEABvCnNer6yoNTP29PSdL1Ay5RaEhLh+e1D2ohSep7SVulXdvd4Xm9Lg4p/UXLDpW3dw7sUvpPo5t09V+lX6Icn5t60rkAuG23qs+pyRyefr/v19upv9Uhq/19D223vu5w5O+/Dukm9RslpSVYnWJOS5DBzrx1LT0zW3EJKYro10M9u3aqUcA3Z/oExSWUhpm7on4PgDuEBCqiX2lg6u9XyZ7OTiqbq6xCtTK9unbWwlkPanPkHpnNpXvYlg9G/f28LfNVR4cQ6/en/DwVjzlSFlA//vxbljnsqWp9/n7e6tW1k/x9fTRicHiNfnaDBvTUoAE9FZeQrM2Re5SRla2d38f8dqyHOoQEVrsqHAAAAACAPwI3NzeNGzdOZrNZRUVFSklJUXp6uk6dOqX4+Hi1bt1a7u7uat26tSIiItSzZ0+1bt1aLi7sLAkAFzqDuWzndgAA6kviUUsFsCSpeYgMc75qvPUAAAAAAAAAAHABy8wsLb46cOCA09f07t1bksRXdQAA9S+kmzRwktQ8RAruKsPIOY29IgAAAAAAAAAAmiQqgAEAAAAAAAAAAADgAkIFMAAAAAAAAAAAAACAABgAAAAAAAAAAAAAmgoCYAAAAAAAAAAAAABoIgiAAQAAAAAAAAAAAKCJIAAGAAAAAAAAAAAAgCaCABgAAAAAAAAAAAAAmggCYAAAAAAAAAAAAABoIgiAAQAAAAAAAAAAAKCJIAAGAAAAAAAAAAAAgCaCABgAAAAAAAAAAAAAmggCYAAAAAAAAAAAAABoIgiAAQAAAAAAAAAAAKCJIAAGAAAAAAAAAAAAgCaCABgAAAAAAAAAAAAAmggCYAAAAAAAAAAAAABoIgiAAQAAAAAAAAAAAKCJcD0Vn9TYawAAAAAAAAAAAAAA/Kalv3eNr3UNax9ch0sBAAAAAAAAAAAAANRGZmZmja+lBTQAAAAAAAAAAAAANBEEwAAAAAAAAAAAAADQRBAAAwAAAAAAAAAAAEATQQAMAAAAAAAAAAAAAE0EATAAAAAAAAAAAAAANBEEwAAAAAAAAAAAAADQRBAAAwAAAAAAAAAAAEATQQAMAAAAAAAAAAAAAE0EATAAAAAAAAAAAAAANBGuVZ2Qk5PTEOsAAAAAAAAAAAAAgD8Nb2/vepmXCmAAAAAAAAAAAAAAaCIIgAEAAAAAAAAAAACgiSAABgAAAAAAAAAAAIAmggAYAAAAAAAAAAAAAJoIAmAAAAAAAAAAAAAAaCIIgAEAAAAAAAAAAACgiSAABgAAAAAAAAAAAIAmggAYAAAAAAAAAAAAAJoIAmAAAAAAAAAAAAAAaCIIgAEAAAAAAAAAAACgiSAABgAAAAAAAAAAAIAmggAYAAAAAAAAAAAAAJoIAmAAAAAAAAAAAAAAaCIIgAEAAAAAAAAAAACgiSAABgAAAAAAAAAAAIAmggAYAAAAAAAAAAAAAJoIAmAAAAAAAAAAAAAAaCIIgAEAAAAAAAAAAACgiSAABgAAAAAAAAAAAIAmggAYAAAAAAAAAAAAAJoIAmAAAAAAAAAAAAAAaCIIgAEAAAAAAAAAAACgiSAABgAAAAAAAAAAAIAmggAYAAAAAAAAAAAAAJoIAmAAAAAAAAAAAAAAaCIIgAEAAAAAAAAAAACgiSAABgAAAAAAAAAAAIAmggAYAAAAAAAAAAAAAJoI18ZeAADA2sGDBxUTE6OAgABdf/318vLyauwloYnJzs7Wjh07lJWVpV69eql79+6NvaQay83N1bJly/TNN9/Izc1NN954oyZOnCgXF77jBgAAAAAAAODPiQAYAC4gH374oZYvX255/tFHH+n111+Xv79/I64KfwSHDx/WgQMHrMbuvPNOGY1Gq7H09HRNnz5dZ8+etYw98MADuv322xtknXVtyZIl2rZtm+X5mjVr5OPjo9tuu60RVwUAAAAAAAAAjYfyGAC4QBQWFmrlypVWY8nJydq6dWsjrQh/JDExMVqxYoXVo6SkxOa8jRs3WoW/krRixQqZTKaGWmqd+u6772zG9u3b1wgrAQAAAAAAAIALAxXAACDplVdesQpa77zzTt177711MndsbKwefvhhy3N/f3999NFHNudlZ2fbDexyc3PrZB2AJGVkZNiMFRUVqbi4WG5ubo2wotrx9/dXZmam1VirVq0aaTUAAAAAAAAA0PioAAYAOz7++GMlJSXVyVxvvvmm1XOz2Wz3vBYtWqhLly5WYwaDQVdeeWWdrAOQpCuuuMJm7PLLL/9Dhr+SdM8991i1ufb19dXYsWMbcUUAAAAAAAAA0LgIgAHAjqKiIr311lu1nmfHjh06evSo0+c/9dRTuuKKK+Tl5aWQkBDNmjVL3bp1q/U6gDJXXHGFHnroIQUGBsrb21sDBw7UY4891tjLqrGIiAgtXrxY9957ryZPnqxly5apXbt2jb0sAAAAAAAAAGg0tIAGAAe+/fZb7d+/X3379q3R9QUFBXrvvfeqdU2bNm307LPP1uh+gLP+8pe/6C9/+UtjL6POhIWFKSwsrLGXAQAAAAAAAAAXBCqAAaASS5cutbsvrzPWr1+v1NRUm3FHLaABAAAAAAAAAABqiwAYACpx+vRpbd68udrXnTt3TuvXr6+HFQEAAAAAAAAAADhGC2gAqMLKlSt17bXXKiAgwOlr3n33XeXn51f7Xm+99ZY+/vhjy3MPDw9t3Lix2vNUVFhYqL179yomJkbHjh3T2bNnlZWVJUny8fFRSEiIunXrpqFDhyo0NLTa6+zdu7cWLlwos9msb775Rnv27NGRI0eUnp6uwsJC+fn5KTQ0VP369dOQIUOcei9nzJihn376yfJ80qRJGj9+vEwmk7799lvt2bNHx44dU3p6uv72t78pIiLC7jwlJSXau3evvvnmGx0/flxnz55VYWGhvL291bZtW/Xq1UvXXXedOnbsWKvXvWfPHu3du9fyunNzc+Xr66sOHTro8ssv1/Dhw+Xn51flPcozm83at2+fdu3apdjYWKWkpKioqEj+/v4KDQ1VeHi4hgwZIi8vL6fnzM3N1a233mo1dv/992vMmDFWY2PGjFFmZma11lvesmXL7L6n6enp2r17t44ePaqffvpJ6enpys7Olpubm3x9fRUaGqqePXvqhhtucOpzsnPnTs2bN8+pe5dXl58LAAAAAAAAALiQEAADQBWys7O1YsUKzZw506nzjx07psjIyHpelXNyc3O1Zs0abdmyRdnZ2XbPSUtLU1pamg4dOqT169dr0KBBmjlzpnx9fat1r7i4OC1YsEAnT550eI8ff/xRH3zwge644w6NGzdOrq7V+89QfHy8Fi1apNjYWKtxk8lk9/yjR49q0aJFOnPmjM2xzMxMZWZm6ujRo1q7dq0GDx6sGTNmVCtMlaSTJ0/qxRdftPu609PTlZ6erujoaK1bt07Tp0/XkCFDnJr32LFjevXVV+3Oe+7cOZ07d0779+/Xhx9+6PRnszElJSXp3Xff1bfffmu3rXpeXp7y8vKUkpKiqKgorVixQuPGjdO4cePk4lK3DUsa4nMBAAAAAAAAAI2FABgAnPDFF1/o5ptvVufOnas8980337R6bjQaa7yPcG2YTCbNnDlT8fHx1bpu586diouL06uvvup06JWUlKRHH33UUlVcmcLCQq1atUrR0dF6+umn5ePj49Q90tLSNGvWLJ07d86p8zds2KC33nrL6fc+MjJSsbGx+uc//+l01WdCQoIeffRR5ebmVnlubm6uXnzxReXm5uqWW26pci0vvfSSU2tPS0vTs88+qy5duji15oZiMBgsv05ISNDUqVNVUFDg9PVFRUVasWKFEhMT9Y9//KPO1tUQnwsAAAAAAAAAaEzsAQwAdgQHB6tDhw6W52azWUuXLq3yuq+++kpHjhyxPHd3d3e64rOuubi4aNCgQXaP+fn5KTg4WP7+/naPx8XFacmSJU7fKzk52Sb8bd++vXr37q0uXbrYrfSNjo7WvHnzHFbvVvTZZ585Hf5+9dVXWrp0qU3I5+Xlpcsuu0x9+/ZVaGioVUgplQaVzzzzjFOBriSlpqbanNumTRt16NBB3t7edq9588037Vb1ltm3b58WLVrkMKB0c3OT0Wi0GjOZTDZV0bV1+eWXa8CAAVU+7LVpHjBggNXvn7Zt29oNqI1Go5o3b67g4GCHXzbYvn27vvzyyzp5TQ31uQAAAAAAAACAxkQFMADY4erqqmnTpumJJ56wjMXExOjrr7/WNddcY/eagoICvffee1ZjY8eOtQk4zWZz3S/Ygdtvv11ffPGFsrOzFRERoeuuu06XXnqpVXvnc+fO6YsvvtCHH35oFYxFRkZq/PjxCg4OrtY9Bw8erAkTJigkJMQylpubq08//VSrV6+2usf+/fu1efNmjRw5slr3aNWqla699lp16tRJzZo1swoXz5w5o//85z9W5zdv3lwPPvigrrnmGqvw9OzZs1qzZo0+//xzy1hiYqJee+01q599VVxcXHTHHXdo5MiRatGihaTSUPaHH37Qa6+9ppSUFMu5JSUlWrdunWbPnm0zT05Ojl566SWbz4y/v7/GjBmj6667Tq1atVJJSYnOnDmjLVu2aNOmTfVSYe7M6z98+LBNdW5wcLAef/xxmxD1gQce0MyZM+Xv768hQ4bo6quv1sUXXyw3NzfLOb/88ovWrFmjr7/+2uraNWvWaOjQoTZzVkdjfC4AAAAAAAAAoDEQAAOAA3369FFERIR2795tGXvnnXd05ZVXyt3d3eb8//73v1ZBX5s2bTRmzBitW7euQdZrj5eXlx577DEFBQWpXbt2ds9p2bKlJk6cqKCgIC1atMgybjKZFBUVVWW74vLuuecejRs3zu46xo8fry5duuif//ynVcC5Zs0aDRs2zCoIrMzw4cM1depUh+cvX75ceXl5luctWrTQq6++qsDAQJtzW7VqpZkzZyokJERvv/22Zfyrr77SHXfcoU6dOjm1ptmzZ9tUW7u4uKh///5atGiRpk6dqpycHMuxPXv2qKSkxKaSd/PmzUpLS7MaCw0N1bx589S6dWvLmNFoVGhoqKZMmaKIiAjNnTvX6jU3hLS0ND333HNW4bOHh4eefvppu/tHX3LJJXrsscd01VVXOayO7tixo5588km5ublp27ZtlvGkpCTFxcXVqgVzY3wuAAAAAAAAAKAx0AIaACrx4IMPWgWNKSkp+uijj2zOO3funM34Aw884HSoWZ/69evnMPwtb+jQoVYhoyQdPXrU6fv07t1bd955Z6Xn9O/fX7fddpvVWHp6ur7//nun7tGvXz/NnDnT4fuanp6ub775xmpsypQpdkO+8m6//Xb16NHDaiwyMtKpNQ0aNMhhq21JCgwM1PDhw63GCgoKdOLECZtzy4eeUmm757lz59r8XMrr3r27pk+f7tRa60pxcbHmzZtnE1Y/8sgjCgsLc3jd0KFDHYa/5d111102Y9X5LFbUGJ8LAAAAAAAAAGgsBMAAUInAwECNHTvWauyjjz5ScnKy1dh7772n/Px8y/OePXtaQsHatK1taO3bt7d6fv78eaevvfXWW516rRUDYEn68ccfnbrH3XffXek9Dhw4YFVd7OXlpYiICKfmrrhX88GDB526btiwYVWe07dvX5uxivsZp6Sk6MyZM1ZjAwcOtNpL15EhQ4ZUGWbWpWXLlunQoUNWY7fddpvD9ujVFRISYrNvdHU+ixU1xucCAAAAAAAAABoLLaABoAp33HGHtm3bpl9//VWSVFhYqLfffltz586VJB0/flzbt2+3nO/i4qKpU6c6nK8h9wAuk5SUpMjISB0+fFinT59Wdna2VWDtSPm2xVWxF3La07x5c3Xo0EGnT5+2jMXFxVV5XUBAgNVev/acOnXK6nlubq5N9a2zKoaxjlS1Jkl2K3izs7Otnpd/P8qEh4c7tQaDwaArr7xSGzdudOr82oiMjNSmTZusxnr16qX77rvPqeuPHj2qr776SsePH1diYqLy8vJUWFhY5XW5ubk1Wq/UOJ8LAAAAAAAAAGgsBMAAUAU3Nzc9+OCDevbZZy1ju3bt0sGDB9WrVy+9+eabVucPHz7cao/QxqwANpvNWrlypdauXWu1V2t1rneGv79/tdpdt2zZ0irwzMzMrPIaZ9pYOzOPs/Ly8uzu01ue0WiUj49PlXN5eHjYjBUXF1s9z8rKsjmnTZs2Tqy0VENUAJ84cUKvvvqq1Vjr1q315JNPVvo+SaWB98svv2zTitlZ5St4q6uhPxcAAAAAAAAA0JhoAQ0ATrj66qt1+eWXW40tXbpUO3bs0OHDhy1jvr6+mjRpUkMvz6H3339fq1evrlH4Wx1FRUXVOr9i+OkMT0/PKs+py7DdYDDIxaXy/0w2a9aszu5nT3Wqxeu7sjwrK0vPPvusVbVus2bN9NRTTykgIKDSa0tKSvT000/XOPytrYb+XAAAAAAAAABAY6ICGACcNHXqVE2ePNkSpp46dUovvfSS1TmTJk2Sv79/pfM0VAvo+Ph4rV+/3mqsZcuWGjNmjLp3764WLVrYVDEuXLhQ+/fvr/a9cnNzlZmZKT8/P6fOT0pKsnpe1XsmORfiVZynWbNm+uCDD2pUrWkwGBq0etvee5ecnKyuXbs6dX3Ffanrkslk0oIFCyxt0MvMmDFDl1xySZXXb9u2zWbP4C5dumj06NEKCwuzGyDffffdTrUpd8Yf+XMBAAAAAAAAANVFAAwATmrfvr1Gjx5tFaqWr2QNDQ3VzTff3BhLs2vnzp1WbXNdXFy0YMECdejQweE1rq41/8/CN998o2HDhlV53smTJ3X27FmrscrWVB1hYWFWz4uKinT8+HGn99JtTKGhoTZj3377ra655poqrzWZTNqzZ099LEuStGLFCu3bt89q7Oabb9ZNN93k1PVfffWV1fO2bdvqhRdecKqquy78kT8XAAAAAAAAAFBd9DAEgGq466671KJFC7vHpk6dareisLGqBRMTE62et2vXrsqgtTZ7pa5fv165ublVnrdixQqbsb59+9b4vuX16dPH5mewYsUKp1tU11XFaU20atVK7du3txr75ptvdPLkySqv3bJli1JTU+tlXd9++60+/PBDq7Fu3bpp6tSpTs9R8bPYp0+fSsPfnJycarcVr8wf+XMBAAAAAAAAANVFAAwA1eDl5aX777/fZjwiIkJ9+vRphBU5VnF/2oyMjErPj4qKUmxsbI3vl5CQoBdeeEF5eXkOz/nggw9sKlVbtGih/v371/i+5fn6+uraa6+1Gjt58qTmz59faYhnNpu1du1azZw506kQu77ceOONVs+Lior03HPP2bTMLu/HH3/UsmXL6mU98fHxevHFF63GAgICNHfu3Grtf1zx3Kq+aLB27do63bf6j/65AAAAAAAAAIDqIAAGgGoaPHiwLrvsMstzNzc3u6FwmcaqAK5Y7ZuRkWGzJ3CZqKgozZ8/v9b33LNnjx566CFt3bpV586dk9lsVm5urqKiojRr1iytWbPG5prx48fLzc2t1vcuM2nSJHl4eFiNffvtt5oyZYo+++wzq0rZ9PR07dixQzNnztT777+vuLg4vfDCCw22T3NFN998s1q1amU1lpCQoBkzZmj16tWKj49XcXGx8vLydOzYMb3++ut68sknVVBQUOdryc3N1bPPPmsVfBqNRs2ZM8dmjVWp+Fncs2ePzZ7AklRSUqK1a9fqo48+qtmiK/FH/lwAAAAAAAAAQHWwBzAA1MC0adM0Y8YMmc1m3XbbbQoODm7sJdm4/vrr9f7776uwsNAy9s4772jv3r3q27ev/P39lZaWpv379+vo0aN1dt/4+Hi98sorkkrD78pCs379+tX5vslBQUH629/+pgULFliNJyUl6fXXX9frr79u2eu4/B7OZfbs2aOPPvpIY8eOrdN1OcPLy0uPPvqo5s6da1UBm52drRUrVthtn11fXn75ZZ0+fdpqzMfHR+vXr3f4RYLyhg4dqkGDBkkqrWwuX/ldVFSkf/zjH4qIiFCXLl3k7u6uX3/9Vbt27VJKSkrdvpDf/JE/FwAAAAAAAABQHQTAAFADF110kT7//HNJsrvvb3kVK4AbqoowICBA999/v5YsWWI1fujQof9n777jq6rSNY4/a+8khIQUIFRpQQQUKcKAUhWUrmLXQbEXxDKDo471jmV0RCxgHRXrjDqgOAgoFkQJyGQoKjAqgoiNToAkhJBy9rp/nJJzIJ1I4PD7fm7IOfusvfbam8yFjw/vu0qtvpT8lZp7h36VERsbq/T0dK1evTrieHn32qVLF915552/SYX0wIEDVapF3n8AACAASURBVFxcrEmTJpUa5pV2LOiII47QwIEDa3xNldW9e3fdcsstmjhxYpXaIHfv3l1ffPFFjaxh8+bNWrBgwT7Hs7OztXjx4krNEV4lf8IJJ6h///4Rc3qep4yMDGVkZOxzblxcnBo0aKBNmzZVY/VlO5R/LgAAAAAAAACgsmgBDQDV5LpuheFvbRs1apSuvfZa1alTp9xxruvqkksu0ZAhQ6p1Hdd19dBDD6lfv34Vjo2Li9NFF12kv/3tb0pISKjW9Spj8ODBeuqpp9SlS5dKjXccR8OHD9djjz2mxo0b/2brqoyBAwfq8ccfV9u2bSscW69ePY0fP16jRo2qsevX9D9SMMbo1ltv1bBhwyocm5KSorvvvnufttE15VD+uQAAAAAAAACAyqACGACi3BlnnKHevXvr448/1uLFi7V582bl5uaqXr16SktLU/fu3TV06FC1bNmyUq19y5KYmKi7775bK1eu1CeffKKVK1dq+/btKigoUHJystq0aaMePXpo8ODBSk1NrcE7LFt6eromTpyo1atXa8GCBfrmm2/0yy+/aNeuXYqJiVFqaqqaNm2qHj16qG/fvmrRosUBWVdldOjQQc8884yWLl2qjIwMrVq1Slu2bFFRUZFSUlLUokUL9ezZU0OGDFFqaqoyMzNre8nliouL0/jx4zV8+HB98sknWr58ubZv3678/HylpKToiCOOUK9evTRs2DAlJSVp1qxZ1b5WRVXlh/LPBQAAAAAAAABUxNgKynzy8vIO1FoAAIeI559/XtOnTw+9j4+P17vvvluLK8Lh6oMPPgjtOR30yiuvHJT7cgMAAAAAAABAuMTExDI/y8nJkSR99dVXlZ6vW7dukmgBDQAADmFr167d51hKSkotrAQAAAAAAAAADg4EwAAA4JCwcOFCZWVlhd4vX75cH3zwQcSY1q1b/6Z7SwMAAAAAAADAwY49gAEAwEGvsLBQkyZNUm5urho0aCBJ2r59+z7jBg8efKCXBgAAAAAAAAAHFQJgAABw0MvMzFRubq6k0oNfSWrVqpVOO+20A7ksAAAAAAAAADjo0AIaAAAc9ObNm1fu561bt9b999+v+Pj4A7QiAAAAAAAAADg4UQEMAAAOetdff71atGihZcuWadOmTSooKFC9evXUpk0b9e/fX8OGDVNsbGxtLxMAAAAAAAAAap2x1tryBuTl5R2otQAAAAAAAAAAAADAYSExMbHMz3JyciRJX331VaXn69atmyRaQAMAAAAAAAAAAABA1CAABgAAAAAAAAAAAIAoQQAMAAAAAAAAAAAAAFGCABgAAAAAAAAAAAAAogQBMAAAAAAAAAAAAABECQJgAAAAAAAAAAAAAIgSBMAAAAAAAAAAAAAAECUIgAEAAAAAAAAAAAAgShAAAwAAAAAAAAAAAECUIAAGAAAAAAAAAAAAgChBAAwAAAAAAAAAAAAAUYIAGAAAAAAAAAAAAACiBAEwAAAAAAAAAAAAAEQJAmAAAAAAAAAAAAAAiBIEwAAOW9c/OkvJp9xX7teK7zdp0cqfddR5j+nbH7fU9pIrZWduvp6bsUR9rn5OX3y3obaXc8g52H6///z0B+p04eTaXsZBb09BsZJPuU/PzVhS20sBAAAAAAAAgFoVU9sLAIDaMvbMXhrZp0Po/YX3TNOpfTvq94O7hI61aZaqrOx8nfy7I5WWmlgby6y0HTn5uvXpDzRjwbcqKvbJ82xtL+mQ1Kxh0iHx+30o6HDB4zqj/9GacN2wKp135d/+rW/WbdGi56/5jVYGAAAAAAAAANGLABjAYevYtk10bNsmofeOY5TerL6G924fMS45MV5/v3XUgV5elW3avku/bMnWpD+OVFpKgs69881aWYfP58l1D90GE+nN6x8Sv98AAAAAAAAAAJSGABgAKvDx4u919h1vKPOFsTomvbEkadvOPN3+7Ef64L9rJEmj+h+th64donoJdSRJR57zqC4b2V3ZeXs0bd7/5BijM088Rg9dO1Rxsa4kf1D68OsL9Mr7X2hHbr56d2qlR28crnYtGoau/dTbmXph5hJtytql9Ob1dfPo/jpnYKdS13l0m0b64PFLJUkLlv9Y6fub/+U63f/yp1q5drMa10/UhUO76U+/76vYGFcrvt+kfmOf17sPX6SB3duGzkkb/oBuv/hE/en3/TRl5lLd9MT7emDsED325kL1PraV3rj3POXk7dE9L87TzAXfKr+gWMe1b6b7rz5Fx7VvHprny9Ub9H8vfKIl3/6qunVidcaAY3TvlYOUnBhfrWcgSXOXrNWEf2Zo+fcblVS3jgb3aqcHxw5Wg+SESs1Z2u/3l6s36E9PzNGKtZvUonGK/u+ygbp24kxNuG6oLh3RXVNmLtXNT83R7IkX6/a/f6hVP23TUS0a6pEbhqtP51aSJGutnnlnsV5+b5l+3LhDTRsmacywbrr1wv4yxkiSPM/qr698qpff+0L5BUUafkL70M9LuLc//VqPvrFAa37NUvO0ZF15+u90wzknhOapzLPf2/I1m3TH3z/S0lXr1SC5rq45o5f+eH4fSdJ3P21Vzyue1Yt3nKW35q3UZ1+uU1pKom66oK+uPP13+8z13IwluuWpOZKkZ/+9WM/+e7G+fPV6HXlEA23dmac7//6xPly8RgWFxerftY0euGaw2rdK0zfrtuiEq/4emif5lPv0xE2n6tIR3ZW7u0D3vTRP7y5YpR25+Wp3RAPdfvGJOr3/0WXeEwAAAAAAAAAcjg7dEi0AqCUFhcUaefNrWrJqvSaPP1UPjh2i9xZ9p3GPzIwYN/mt/ygre7eeGH+qxgzrpikzl+rVOV+EPh8/+X1NnrZI4y/oq5fuOEs7cvM16s//1O49RZKkl2Yv013Pf6zLT+2hN+49T93bN9flD0zXvGU/1Ni9LPn2V51x2+tqnpasV+46W2PPPF6Tpn6uv778WZXnem3Ol7rnipN1/TknSJL+OOk9zVq4Sg+MHaIpt5+pPYXFOuO217V1Z54k6dsft2ro+FdkjDTl9jN15yUn6Z35X+v8u6eG2ldX9Rks+fZXnX3HGzqmTSO9/cBoTbx+mBat/Fl/nPR+aExV58zdXaAzb3tD23Pz9diNI3Tz6H568LX5yi8oihjneVbXPDxDlwzvrmduPl2FxT5d9sB0FRX7JElPvPUf/WXKXF08/Dj9+6ELdeO5vfXIGwv1wsyloTmefPs/euSNhTr7pE567s9nqEFyXb358YqI6/zjg690+QPT1fvYVnr9nvN0zsBOuvv5ufrrKyW/ZxU9+72t+WWbht30iurEuXrlrrN1yYjuuufFT/T8u5H76d7w2Cwd1765XrjtTHU+solueuJ9ffvj1n3mO3dQJ2W+MFaNUhN1/smdlfnCWLVsnOIPtW96VYv+97MmjBuqZ24ZpfVbczR0/CvalJWrI49ooMwXxmrYCUfpqJZpynxhrEb18we8lz/wjmZ//p3uv/oUvfO30TrxuHRd8tfpWrl2c6n3BAAAAAAAAACHKyqAAaCKXv9ouVb9tE2ZL4zV0W0aSZJiYxxd/dAM/bx5p1o1SZUkndCppV684ywZYzSq/9H6ZOlaLVz+k646vadW/7xNr7z/hR69cbiuOr2nJKlLu6bqfNGTmpHxjUYP6apPl/2g49o31x/O81dhnvy7I5W3p1Df/5qlQT3alr64Kprwjwwd3bqRXvu/c0LHCouL9egbn+ueKwdVaa437z0vonp53rJ1unh4N51/cmdJUucjm+jaiTP1/a9ZapSaqAdf/UyNUhM1/cHRio3xV7m2PaKBzvjzPzUnc7VG9ulQ5WfQpEE9TX9wtAb1aCvH8VfDbszapftemifPs3IcU+U5X33/S23P2a25T1wWur9eR7fQ7y5/Zp+xz916hvp1bS1JqlsnRqP/Mk1r129Xx9aNdNJxbdWncyv1PLqFJKl/1zb6dNkP+iBzta4e1VPFPk+Tpi7SBad00SM3DJfkryzPyt6tJavWS/JXjd8z5ROdM7CTHvvDCEnS0OOPkiRNmrpIY8/opUb1Eyt89nv722vzVT+prt6893zViYvR8N7t9euWbD351n909aieoXF/OK+Pbr/4REnSScelq+UZD2vhih9D/zsIapCcoAbJCYqJcdQguW6okvq5GV9ozS9ZWjxlrDq09p9zYrc26jzmSU2etkh/u3aojklvrOTEeNWJdUPnSdJ1Z5+gFo2TQ78H/bu20esfLdfHS75X5yObCAAAAAAAAADgRwAMAFX02Rc/qEOrNKU3q689BcWSpOOPaSlJ+uK7DaEAuMuRTUIteSWpeVpyqALzsy/XSZJG9ukQmqNxaj21aZaqL77boNFDuqpXp5aa9fzHuvfFeTpjwDHq0q6JXr27JKitCZ+v/FnXntkr4tjVp/fUiBPah6pwK6tpg3oR74/v1EL//PArtWicomEnHKVWTVI1a+KY0OeffblOY4Z1C4W/kjSoR1s1Sk1UxpfrNLJPhyo/g1ZNUpWTV6DLH5iuFWs3a+vOPBUUFWtPQbEKi3yKrxNT5TmXr9moTumNI8LtxvX3DVElqdtRTUOvm6clS5K27sxTx9aN1PWopnpv0Xc6/dZ/6Ptftysnr0C79xSq21HNJEm/bM5WVvZund6/Y8ScTcKe6zc/btXWnXk6Z9CxEWPOP7mzHnljoTK//kWn9etY4bPf26dfrNOZJx4jaxX6eTzh2JZ6bc6XysreHXZ/zUKvU+rFKyE+Vtt27t5nvrLM/3KdurRrEgp/JalhSoKG9DxS878sv215n86t9MLMpbr6oRn6adNOFRT5lJO3R9m5eyp9fQAAAAAAAAA4HBAAA0AVbcverVU/bVXjkQ/u89mOSoZRwVCt4wWTSpkjX5J0/dnHq17dOL04a6kefXOhmjSop2vO6KXx5/eR6+5/B/+iYp/y8guVtldFaGLduIiArrpevP1MPfrm55o8bZFufnKOOqU3Du3Z6vN5yt61R00bJu1zXpMG9bQ9p3rPYM0v2zT4Dy9rRO/2eupPp6lZwyS99en/9NeXPw2Nqeqc27J3q3H9evscr6ppn6zU1RNm6PaLT9R9V52i+kl1dctTc0IB6pYdu0L3X5Zt2f5/QNBsr+cWPCf43Mp79nuz1iore7emzFyqKWHtqIOCP481YVt23j5rD64/8+tfyz335ifnaPaiVbr/6sHq3r65EuJjddJ1U2psbQAAAAAAAAAQLQiAAaCKEuPj1PWopnr0hhH7fJbevH6l5kiIj5XrOnr/0YvlOpGhY8OUBEmSMUaXjeyuy0Z219YdeZo273+66/mPJUk3j+63n3chxca4SoiP1fbssis4gxXMtmrFwJKkegl19JcrBukvVwzS979madLURbro3rf04aRL1fvYVkpKqKOsUqpHN23P1YBubULXr8ozmDp3pZIS6mjK7WeG1t4gqe4+91SVOZs2rKf//bD/+8y+OGuZzhxwjP580YDQsYQ6saHXwRA3e1dBmXM0SPL/bOxddbtpuz88bpjiv9eKnn04Y4wS4mN17qBjNWbYcftcs0WjFP20aUdVbrXc9QeD7r3XH1x7aQoKi/WPD7/SI9cP04VDuoaOO2EV9gAAAAAAAAAAv/0vIQOAw0zvzq20dv0OtW6aql7HtAh9tWlWv9T9VUvTp3Mr+XyecvIK9pnjyCMaSJJOum6KHvvX55KkRvUTdd3Zx6tru6ZavmZjjd3L8ce01EeLv4849ubHK9T5oidUVOwLhZLrt+aEPt+6I0/FPq/ceb/7aat6XPaMMr7yt/Vt16KhHr5umCRpxff+MLV/1zaa9fkq+cLmWrD8R23buVv9AwFwVZ/Bjtx8GRMZWH/x3YaIMVWd87j2zbVy7Wb9tGln6FgwcK2K4NqCCgqL9fWPW0PvWzZOUaPURH32xQ8R5+XuLgy9Pia9kRqmJGhGxjcRY/49/xu5rqPex7aq1LPfW5/OrfT1D1v0u45HhH4Wf9fxCLVtXl/xdar/b8UcYyJ+L/p1ba0v12zUjxtLAuXsXXs0d8naUOhfcl7Jibm7C+TzeREt1deu366du2j/DAAAAAAAAAB7owIYAKro8pHd9dLsZTr15td060UD1KRBPc1euEr//Gi5lr96vRqVsT9suJ5Ht9CpfTvqqodm6LYxA9T5yCZauXaz7n/5U7129zka3Kudeh59hCb8I0MJ8bHqlN5YS75dr+Xfb9KFQ7tWOH9l3XJhf516y2u64sF39PvBXfXLlmzd8+InOn9QZ8XGuGpcP1Gd0hvr4X9mKD4uRoXFPj311n8q3B/4qJZpqhPr6sbHZ+uuSweqUWqC/jV3hVzXUd8u/grUOy45USff+JLOv/tfuvL0ntq6M09/mTJXfTq30vAT2geeU9WeweBeR+mFmUs19uF3dUrPI/VB5mq9/enXkqRd+QWKrxNT5TkvHNJVE/6RobNuf0PjL+gjSXrkjYVVftZDerXT0+/8V0e1nK9WTVM1ZeZSfffTVnUMtNt2XUd/vKCv7n3xE7Vulqp+XVrrsy9/1L/mrlCzNH/b5NgYV3decpJueuJ9pdSL1yk922nJt7/q4dcX6KYL+qphSoLqJ9Wt8Nnv7Y5LTtLQP76i3/9lqi4b2UPGSH//92Ll5BXokycvr/K9BrVskqLPvlynmQu+1YnHpevSEcdpyqylOuv2N3TnpScpLsbVY//6XHGxrv5wXp+I82Ys+EbTPlmp7h2aq12LhjqufXM9+OpnstaqoMinSVMXqajYp135ZVdMAwAAAAAAAMDhiAAYAKooNamuPnz8Ut359480fvL7Kir2qXuH5nrnwdGVCn+DXr7zLP31lc80aeoiZWXvVtvm9TVh3FAN7tVOkvTANUOUlFBHk6cu0tadeWrZOEX3XDFIV53es8bupV/X1nr7gdG676V5Ov/uf6lRaqLGntFLt1zYPzTmxTvO0h8mvafrHp2ptJREXXf2CZr4+oJy53Uco3f+Nlp3PT9Xf3ryfe0pKNbRbRrpzXvP17Ftm0iSurRrqtkTx+j/XvhEF907TSmJ8TpzwDG698qT5TimWs9g2AlHacJ1w/TkW//RjAXfaGD3tnr+tjP02Juf6+fN2UpLTazynIl14/Tvhy7U+Mnv6w+Pv6cWjZN13dkn6OYn5yg+rvJ/jN5xyUnalV+o52YskWetLji5s4b3bq9ZC79VUbFPsTGurj/7eO3MzdcDr8yXJPXv2lqXjuyuD/+7JjTPlaf/TnXiYjR52iI9N2OJWjZJ0QPXDNa4s46v9LPf2+86HqHZj4zRvS/O05j73lLdOrE6uUdbPX3zaZW+v9LceclJumbCuxr3yCx99vQVateiod5/9GLd8exHuvGx2YF7bKMXbjsjYj/oK07roblL1uqGx2br8T+MULsWDfXq3Wfrpife153PfayGKQm69cL+WrD8R+UXFO/XGgEAAAAAAAAg2hhry9/ZMS8v70CtBQCAg9LO3Hylhu0l/NkX63T6rf/QZ09fqe4dmtfiygAAAAAAAAAAh6rExLKLynJy/FszfvXVV5Wer1u3bpKoAAYAoFwbt+Wq15XPatxZx6v3sa30y5Zs/e21+erbpbWOa9+stpcHAAAAAAAAAEAEAmAAAMrRLC1JL91xlia+sUCPT/1c9ZPqamivo3TPlYNkjKnt5QEAAAAAAAAAEIEAGACACgzu1S60NzMAAAAAAAAAAAczp7YXAAAAAAAAAAAAAACoGQTAAAAAAAAAAAAAABAlCIABAAAAAAAAAAAAIEpUuAdwYmLigVgHAAAAAAAAAAAAAGA/UQEMAAAAAAAAAAAAAFGCABgAAAAAAAAAAAAAogQBMAAAAAAAAAAAAABECQJgAAAAAAAAAAAAAIgSBMAAAAAAAAAAAAAAECUIgAEAAAAAAAAAAAAgShAAAwAAAAAAAAAAAECUIAAGAAAAAAAAAAAAgChBAAwAAAAAAAAAAAAAUYIAGAAAAAAAAAAAAACiBAEwAAAAAAAAAAAAAEQJAmAAAAAAAAAAAAAAiBIEwAAAAAAAAAAAAAAQJQiAAQAAAAAAAAAAACBKEAADAAAAAAAAAAAAQJQgAAYAAAAAAAAAAACAKEEADAAAAAAAAAAAAABRggAYAAAAAAAAAAAAAKIEATAAAAAAAAAAAAAARAkCYAAAAAAAAAAAAACIEgTAAAAAAAAAAAAAABAlCIABAAAAAAAAAAAAIEoQAAMAAAAAAAAAAABAlCAABgAAAAAAAAAAAIAoQQAMAAAAAAAAAAAAAFGCABgAAAAAAAAAAAAAogQBMAAAAAAAAAAAAABECQJgAAAAAAAAAAAAAIgSBMAAAAAAAAAAAAAAECUIgAEAAAAAAAAAAAAgShAAAwAAAAAAAAAAAECUIAAGAAAAAAAAAAAAgChBAAwAAAAAAAAAAAAAUYIAGAAAAAAAAAAAAACiBAEwAAAAAAAAAAAAAEQJAmAAAAAAAAAAAAAAiBIEwAAAAAAAAAAAAAAQJQiAAeAAeuWVVzR48GDdc889stbW6Nz//e9/NXLkSF166aXauXNnjc5dkYyMDPXr108DBgw4oNcFAAAAAAAAAACRYmp7AQBwsBswYIA8zyv1M9d1lZKSovT0dPXq1UvDhw9XgwYNypxr2rRpys/P19y5c3XDDTeoYcOGNbbOmTNnKjs7W9nZ2Vq6dKlOOeWUGpsbAAAAAAAAAAAcGqgABoD94PP5tH37di1btkzPPvuszj77bL355ptlVveOGjVKrutqwIAB5QbF1TFs2DDVrVtXrVq1Uo8ePSI+W7Fihfr166d+/fod8OpgAAAAAAAAAABw4FABDACVdOWVV2rEiBERx/Ly8rR161YtXbpUH374obKysvT0009r2bJlmjBhglzXjRh/zTXX6Oqrr5YxpsbX179/f3300Ue/ydwAAAAAAAAAAODQQAUwAFRSUlKSGjduHPEVbP08btw4TZ06VaNGjZIkZWZm6sknnyx1nt8yoCX8BQAAAAAAAADg8EYFMADUkPj4eN1yyy3y+XyaPXu23n77bQ0cOFBdu3YNjZk8ebLeeust9ejRQ5MnTy51noyMDL333ntavXq1duzYodTUVHXp0kVnn322unbtqjFjxmjdunW6++67NXTo0Ijz7rjjDjmOo4yMDEnSrFmzNGHChIj5Tz311NDrXr166bHHHgu99zxPmZmZmjt3rv73v/8pKytLnuepUaNG6t69u0aPHq1WrVpV6/msWrVK06dP1/Lly7Vt2zYlJSWpbdu2OvXUUzVo0KBSw+ucnBxNnTpVn3/+udavX6/CwkIlJyfryCOPDO25XL9+/WqtBwAAAAAAAACAaEQADAA17KabbtKCBQuUnZ2tt956KyIALk9eXp7uv/9+LVy4MOL4tm3bNG/ePM2bN08XXnhhldYSFxen5ORk+Xw+5eXlSfJXMgfD1nr16oXG7tmzRzfeeKO++eabfebZsGGDNmzYoI8++kgPPfSQevXqVaV1vPTSS3r55Zcj9kbOyspSVlaWlixZotmzZ+u+++5TUlJS6POff/5ZN9xwg7KysiLm2rFjh5YuXaqlS5fqyy+/1MSJE6u0FgAAAAAAAAAAohkBMADUsLi4OA0fPlz/+te/tHjxYllrK9WaOTz8Pe2003TaaaepRYsWysvL0+LFi/Xyyy/r9ddfr9Jahg4dqqFDh2rFihUaN26cJOnNN99UamrqPmPj4+OVmpqq9PR0nXXWWerRo4caNWqkXbt2aeXKlXr22We1ceNG3X///Xr77bdVp06dSq1h2rRpeumll+S6rs4991yNGjVKzZs3144dO/T555/rhRde0JIlS3Tvvfdq4sSJoWf16KOPKisrS02aNNH48ePVuXNnxcfHa9OmTfr666/19ttv6/LLL6/S8wAAAAAAAAAAINoRAAPAb6B9+/aSpN27dysrK0tpaWnljl+4cGEo/L3llltCewlLUnJyskaNGqW+ffvqmmuu0ebNm3+zdd9xxx1KSkqS67qhY3Xr1tWgQYOUnp6uMWPGhCpw+/btW+F8O3fu1LPPPitJuu222zR8+PDQZ2lpaRo1apS6du2qa665RpmZmfr888/Vr18/SdLy5cslSddee23omCS1bt1arVu31ogRI2rkngEAAAAAAAAAiCZObS8AAKJR+L60wdbL5Zk9e7YkqWvXrhHhb7i0tDTdcMMNNbPAMqSmpkaEv+HS09PVvHlzSdJPP/1Uqfk+/vhjFRUVqV27dhHhb7g2bdqE7nnOnDmh44mJiZKklStXyufzVfoeAAAAAAAAAAA4nFEBDAC/gR07doReB4PM8nz//feSpP79+5c7rk+fPnIcR57n7d8Cy7FhwwZlZGToxx9/1O7duyPC19zcXEmVC7UlafXq1aHzbrvttjLHbdu2TZK0bt260LGhQ4dq2rRpmj59uhYtWqQ+ffqoY8eO6tChg9q0aSPH4d8wAQAAAAAAAACwNwJgAPgNrFmzRpKUkJCghg0bVjh+586dkqSUlJRyx8XFxSkxMTEUxNa06dOn64knnqiw4tZaW6n5gve1efPmSrWuDr+vcePGKSYmRtOnT9fGjRs1ffr00GdJSUkaPHiwrrrqKiUlJVVqLQAAAAAAAAAAHA4IgAGghhUWFoZaGffq1UvGmArPqV+/vjZu3BiqhC1LQUHBbxb+/vDDD5o0aZKstRo1apQuuOACNWvWTDExJX9UXHHFFfruu+8qPWewFfagQYN03333VWk9MTExGjdunK644gp9/fXXWr16tb7//nutXLlS69ev1zvvvKNvvvlGzz//PNXAAAAAAAAAAAAE8F/MAaCGTZ48OVT5es4551TqnKOOOkqSNH/+/HLHVfT5/li4cKGstWrevLluueUWtWzZMiL8rY4OHTpIkjIzM7Vr165qzVGnTh11795dF1xwge666y5NnTpVd955pyRp1apV+vbbb/drjQAAiJYMywAAIABJREFUAAAAAAAARBMCYACoIQUFBXr00Uf17rvvSpLOOussdevWrVLnjhgxQpI/0Jw2bVqpY7Zu3apnnnmmWmurU6dO6PX27dtLHVNQUCDJ37a6NOvXrw/tVVxZQ4YMUVxcnHbv3q2HH364zNbSn332WcS+yZLKbRl94oknhl7n5ORUaU0AAAAAAAAAAEQzWkADQCXl5uZqy5YtEcfy8vK0bds2LVu2TB9++KG2bt0qyd/6+cYbb6z03P369dOAAQOUkZGhJ554QmvWrNHpp5+uli1bKi8vT5mZmXr55ZdDlcVV1apVK8XGxqqoqEhTpkzRbbfdpri4OC1YsECDBg2S67o69thjJUlr167V/PnzI0LWn376SbfffnuFewPvLSkpSePHj9eECRM0b948bd68WWPGjFGnTp0UExOjn3/+WbNmzdLs2bPVtWtXPfHEE3JdV0VFRRo3bpwaNGigkSNHqmvXrmrSpImstVq/fr1effVVSVJsbKw6duxYrWcCAAAAAAAAAEA0IgAGgEqaMmWKpkyZUu6YmJgYXXnllRo9enSV96W96667dN9992nhwoWaM2dOaB/hcGPGjNFbb72lPXv2VKk9c926dXXuuefqjTfeUEZGhjIyMkKfxcbG6qSTTlLv3r1DIfSdd96pdu3aqWnTpsrKytKqVauUkJCg9PR0rVu3rkr3ddpppyk/P1/PPvusvv76a9122237jDHGqFevXnJdV5I/hM7OztbmzZvLbPHsOI7+9Kc/hfYZBgAAAAAAAAAABMAAsF9c11VycrLS09PVs2dPDR8+XGlpadWaKyEhQQ899JDmz5+v9957T6tXr9bOnTuVkpKizp0769xzz1WXLl30+uuvS5Lq1atXpfnHjh2rBg0aaObMmdqwYYOSk5PVpUsXtW3bNjTm/vvv14wZMzRnzhytW7dOP/74oxo2bKgRI0bo4osv1jPPPFPlAFiSzjvvPPXu3VuzZs1SZmamNm/erKKiIqWlpal79+4655xz1K5du9D4jh07atq0afrggw+0ZMmSUCDsuq4aN26sbt267XMOAAAAAAAAAACQjLXW1vYiAACVs3btWl1yySWSpOnTp6tJkya1vCIAAAAAAAAAAFDTcnJyJElfffVVpc/p1q2bJKlq/UkBAL+Z7777Tps2bSp3THDv2zZt2hD+AgAAAAAAAACAfdACGgAOArt379Zdd92lrKwsnXzyyerXr5/atWun5ORkFRYWas2aNXr77beVmZkpSbrssstqecUAAAAAAAAAAOBgRAAMAAcBa606deqkuXPnas6cOZozZ06ZY6+44gqdfPLJB3B1AAAAAAAAAADgUMEewABwEFm3bp0++OADrVixQr/88otyc3MVFxenRo0aqUuXLjrzzDPVoUOH2l4mAAAAAAAAAAD4De3PHsAEwAAAAAAAAAAAAABwENmfANj5TVYEAAAAAAAAAAAAADjgCIABAAAAAAAAAAAAIEoQAAMAAAAAAAAAAABAlCAABgAAAAAAAAAAAIAoQQAMAAAAAAAAAAAAAFGCABgAAAAAAAAAAAAAogQBMAAAAAAAAAAAAABECQJgAAAAAAAAAAAAAIgSBMAAAAAAAAAAAAAAECViansBABANdu/erby8PBUVFcnn88nzPFlra3tZAIAaZIyR4zhyXVexsbFKTExUQkJCbS8LAAAAAAAAiEAADADV5PP5lJ2drV27doVCANd1a3tZAFAGK2utftnu6MoJeVr4TX3ZYDMYs/dQK8n6P7BWbZsWaOpfYtSplW+foYcrn8+n/Px8bdu2TfXq1VNKSgp/BgAAAAAAAOCgQAAMAFVkrVVOTo5yc3OVkpKixo0b1/aSAAAHmOu6SkxMVGJiooqKirRx40YlJSUpOTlZxhCTAwAAAAAAoPawBzAAVIHnedq8ebM8z1NaWppiY2Nre0kAgFoWGxurtLQ0eZ6nLVu2yPO82l4SAAAAAAAADmMEwABQSYWFhVq/fr2Sk5NVt27d2l4OAOAgU7duXSUlJWn9+vUqLCys7eUAAAAAAADgMEUADACV4PP5tGXLFjVs2FCOw//rBACUznEcNWzYUFu2bJHP56vt5QAAAAAAAOAwRIoBABWw1mrLli1KTk4m/AUAVMhxHCUnJ2vLli2y1tb2cgAAAAAAAHCYIckAgApkZ2crLi5OcXFxtb0UAMAhIvjnRnZ2dm0vBQAAAAAAAIcZAmAAKIfP51NOTo4SExNreykAgENMYmKicnJyaAUNAAAAAACAA4oAGADKsWPHDtWvX7+2lwEAOESlpqZqx44dtb0MAAAAAAAAHEYIgAGgDJ7nadeuXYqNja3tpQAADlFxcXHatWuXPM+r7aUAAAAAAADgMEEADABlyM/PV0JCQm0vAwBqhpVkjayRrLFyrA0eLHW4CR23MmWOQmUkJCQoPz+/tpcBAAAAAACAwwQBMACUgQAYQHSxoVDXmsArx0qmlGjX2JIvx0gykjmQa40uBMAAAAAAAAA4kAiAAaAMhYWFiomJqe1lAECN8IzkOUbxVkpP3aN2jXeqUb38UvNfWSPHc5RaZ4/aNt6hNg1zVdd4lAFXU0xMjAoLC2t7GQAAAAAAADhMkGwAQBl8Pl9tLwEAaphVwxSre8cma9ceR+9k+PTwm4XKL47fa5wnxxRr2PH5+tNFdVSvjqNmyUUyckUpcPXwZwoAAAAAAAAOFAJgACgD/7EeQDQx1pUkOa7UNMVRUT1XqSkFMk5pLaCNPEeqFy+1qx+n+DjJ53iyIv6tLv5MAQAAAAAAwIFCAAwAAFBtgfDUBmJRI9lATLp3UGpD/ZON/zRT+rjfipWVTLGMjIysHEkxXtjawxhPkjGyxpPPKZaMJ8fGkP4CAAAAAAAAhwD2AAYAAKgmK8laK2ON/52VJE/WGlmrki/5A1hPVsYzMnLlKfj5gdlY11GgCtg6snJkAzl0aZsAh/Js/wBZ+auHyX8BAAAAAACAgx8VwAAAANUVCEg9pzhQ1OvIeK4c68oaX0RxreO5ciT5nEJJRq418seyB66xspEJrKlyobO/PtlUejwAAAAAAACA2kcADAAAUE0m2M5Zrhxr5MnIMz4ZU+CPTsNyXesYFSpG1sTJ9TwZa+VzrIwMLVkAAAAAAAAA1BgCYAAAgGry18U6knwqdCVrHck4ssbI8VwFK3uNbKCW1pPxHHnGkc9IjvX5R9BbGQAAAAAAAEANIQAGAACoJn946+nXXE+v/idXG3ZKjvXkyZFjJWOt5Pn3//V3evZkPX8c3K5hkS4Z1Fj140MzAQAAAAAAAMB+IwAGAACoJhuoAd65O0YzVyTrfxviZKyVZx0ZK1kvEPxaSZ4kayVrZKxV71a5OqefCQTAAAAAAAAAAFAzCIABAACqK2yTX89x5LmO5BnJGn/468j/XpIc6w+APf9bn4mRZCRjD/iyAQAAAAAAAEQvAmAAAID9ZcK+HOsPfR3jD3ylkipgaxTcOZiuzwAAAAAAAAB+C05tLwAAAOBQZiV/JbAJhL7GKLABcCAQVkmVr1FJ1bApKQ4GAAAAAAAAgJpCAAwAAFATHJVUAJuw9ybQCtqR/4Bjwt6H6oEBAAAAAAAAoEbQAhoAAGA/mPAXjgJtnuXf69dRaM9fOYHj1voHGxPqGg0AAAAAAAAANYUKYAAAgGoye70xob2ATVhFsML2CA5vBU3tLwAAAAAAAICaRwUwAADAfgpt7RtMhB1bUgHsCx73t4L2DyH8BQAAAAAAAPDbIAAGAADYT1aSNTaiH7RxrWyw/bMXGOQpMMaUtIQGAAAAAAAAgBpEAAwAALAfrBRo9WwkV6Gw11rjb/Mc3HDD2tC3iH2DAQAAAAAAAKAGEQADAABUU6iRswkW9gYCXy940PhHBYNeY0sqfx0BAAAAAAAAQI0jAAYAAKg26w+BracYFco1Vj7jylrX/7EjyQZCYE8yjpFjixTjFcs1hbKKlRWFwAAAAAAAAABqDgEwAABANRkruVZqm2r01Llxyi6UXlmUr+krE+UzYbGukeRIMSrQJX19Ord7rFJi66ppXUfGeiTAAAAAAAAAAGoMATAAAEA12UBwm+gadU3zlGeM5iT5ZEP7/krybKgS2JFVy1RPfVq4ivU8yRTKM47oBw0AAAAAAACgpvBfGwEAAKrNyjOePOPJtVYxPiPH+GSdYn95cKDyVyb45X9jbLEkyWdi5VH+CwAAAAAAAKAGEQADAABUm5FjXTmeP9i1Rio2xv83rIjgV5LjScaG3kqSsZ6MfxfhA6cGL2eD09mS17bkaDmDI04AAAAAAAAAUIMIgAEAAKrJWEny5HOLZSV/FbAkhUJgGxYGO7LGHxJ7RvKMJ8nIHMC/ju2dte5/9mpl5Uny5Mn6v4xX7gKsimSNJ8e6Mpa/igIAAAAAAAA1jT2AAQAAqi1Yz+uv7PWM8e//6zj+DYIdST6VlPzKBP7P+EPi8I8O1HJtDV7T+u/FyshYyfVi5DmeZD1ZZ68g2FhJrqxiZayRzxTJGisjx/88AAAAAAAAANQIAmAAAICaZgIBry9QARzMQsP7P0cBE+jh7BlXVlbWKZBnjIxx5OxV3euvFLZyvVhZefKcYlnFRNPjAAAAAAAAAA4KBMAAAAD7IVBUK2sVtuevlawnOcb/obH+ENha2YMm8TSy+51IB861kiMjz0iy/lbX+zaCdv0D5ZNnfJKNlWsdyfiiKhQHAAAAAAAAahsBMAAAwH4yCnV0Drw2ssZInvV/4Jm9Qs793323JpiSTtTVZuXIWk9rNxbrw8xd8qwjn/H8YXD4OGNlrJHjSb4YT67n6NjWjgYeV18x5uB4HgAAAAAAAEA0IAAGAACoJhv2wgbeWyPJCRwIVQCbwB64VsbYkhNrqfLVBn81gYrk4JqqWJ5sA7v3etZoxS9G//dqgvaojoynUvf19e8VbGSdYsUUexozPEf9u9XEX0g9+Tdf9snfc9tKxqngHAAAAAAAACA6EQADAABUVzDfDb61VsYEclSjQNvnwGun5AMjR0a29uuATSAnDe5TbKuYSRt/62tjJSNXPhMj68UH7qu0mQLPR458xqpY8SoKPItqLT+QuvscR46NUawplOTKsbSVBgAAAAAAwOGLABgAAGA/BLNeG34gGKiGXtvIE0L1wrWQUu7dmtmRP5wOrMkGl1bFKc3eR0rPfwObJbvyjPTOp3X1Yeaeaj8FIyOrGHluvprFb9NL9x6ho5p7MsaUWoEMAAAAAAAAHA4IgAEAAPZXRGAaCD8d6w+BZUJdiYPjrCm7RvaAC641GGN7JR/9JjXKRpI8Wccqt6iOcgvr7NdUjorlcxNlC4vk81k51sia6lcVAwAAAAAAAIc6AmAAAICaZOTf81cmEALvVelr9h5ci0FlsEI5FAIHeGWM3+/rWVlrJOOVXN/sWz9cWVZWPsUEWlc7cmUV6xn5HC8wLwAAAAAAAHD4IQAGAACopmA351LbHxtJnilpBx08oRLBZEnlrQn7tYZEbFocOGBMyfe9qpVr7rrWH/waV7KOjGdkHStT3esElmxdK9cnWadYPuPIZ2JlTfHBUV0NAAAAAAAA1AICYAAAgGqykmQC322gnNaxkmtLglavZLDxnEDW6k+IrbH7BJVWJdsHS1bGGtlQpXBpaan1X1dO4L1PMlYm9H5vRsY6wZf+/X+DKaxjwy5jAnsD12Cdso3cG9jYwKOo1OQlz8o6nqRAm2fryGf8D9vISsang6S5NgAAAAAAAFArCIABAACqaZ/sMrJwtyTwDASs1gnU9pZTBWwkxXgmLPL1AtMYWbmKDDetjDwFmyGHejrbfcqSI+YPX6xxbFiVcuBTx1a2WLmKgsGzlXV9klz/OipZBmzlSdZfQex/H0jZyXsBAAAAAACAEAJgAACA/RARApuwL6mkotYYyRdWFRwqsy0tubT+PWwl+QNSN1Qma+Qrdbw1NqxttCtjq5KIhrWsDs4R0SLa/8LsG3dXjTGStXI8K88YyTiB+4q4UCXmsTKeCVRel1XlDAAAAAAAABy+CIABAACqK5iXhtpAhwWoxu5VVes/5o9+ywtSjRzrlBQTG18g+DXyTOy+17cmtH2vkZWxwYrgiipjA02mHc8fVBvjX6+nUHBtTU1X1wabWxvJZxTr7JJVsSpzESMra+up2LiyxhdoAB2oIAYAAAAAAAAQQgAMAACwv8IzSGMCvZNNWGtlW9Kp2JQMLz329O8CbGWU73OUVxwja2MCmXL4BrolFbleoNW0az0lxEp1YxTYB7i8YNXf+tmEB8XBglqv5BIltcplB6029GvFQa6VkRyfHGs1sl+h/nxhsuIqOM1KWr/Latz9u7Q+O1UyjqytfOtoAAAAAAAA4HBCAAwAAFBNJcFncC/ayD1/ZVUSAjuSrAnUv5pAha1/WGT+aWTlqNBz9O7XRXp6YZEKit1AhXFge9/Ad1kr41lZ66/ejXeKNKZvnK7qFy83mOKGr9d6ssbIsf5VWCNZJxgA25I9ix3/fFY2cCs2UFO8V8vlUJLtb01tjeTaYvkU3t45YgGB63hyrVQ/sUgdm3uq41QU5BolZkuxsYX+6mSvvDgaAAAAAAAAOLwRAAMAAFRXKOO0EVXAxpVsMPT1VFKtG2gR7a/kLX//WmulrKJYfZMdp4LimEB2GmzTHCzNtcGC4UAAXKBtu33+VtBlzywFa4ODy3CM5Nt7vYqsELZlRa5GRo5apfl04aDdsr5YlYTiez8rf6DsOY5cn1Gfjo5cY0OXK3vFgWrm8IE12poaAAAAAAAAiB4EwAAAAPstsJ9uoNVzRPtnR5K31/HwquHKTR353QmbIvjlSMYpKUKu0tKNkVxbEgLbYHvo8Bi3lFmNZFUs1/HU40ij426Ml/FcyfirmMMFdz92rZXPuP7Y2MYHqodJcwEAAAAAAICaQgAMAACwP2xJ4hos0rXBgDb4XWHvA9sDl9vDONgaOtiO2bUl1b/BgDa8w3MgbLYm2Ky5ojX7F2OD5zqB+VxJPhuq1rUVlOYaKxkbI2uMrPHkep58jgncgm/fscFHYAtljZUUJ8JfAAAAAAAAoGYRAAMAANQkE/blhR2TpECFsCcrt8K2x4Ea4WCFruQPasODYC8Q9Tr+pNkE2zlXaodcKxPaszg4n/GHwMF5g6ltOXNY45OMJyNXkivXk3yOb58VGEnWWBUZ17/LsXVknSLJOsGG1AAAAAAAAABqAAEwAAA4LAQDSRMKN01JE+ZS0kqr4IeeTGBX3X1jSusPZ20wdDX+FsxOoMg2eEJY1W5oK11rVd7mtyYUJNuSiuLg3r/ByzkmMK8/qI2YrdQO0/7x1pjQ+kwo/FVJJbBj/HsYB69TZp5sJLkyXow/l3aK5HiuHKtAGfTefDJyZBQj48XImCL/owMAAAAAAABQYwiAAQDAYcOTZBwj13NkPCuf65NnTaBqtoRrrYykYhkZa+SFFcqWxgTKfUN5bnjlrA1cOJi2Ov45K2p9HNreN5gEB4NaWX8QHAyVSxYh6wSC6lAgHbFI/zqtCYSu/jHWsf71BiuAA9+N47+uE3Z+KTceWq1/NjfwrMraiNiRYzzJStYprvAZAAAAAAAAAKg6AmAAAHBYcKyVY6ViRyqKKZLjGVlj5FgbGaRKKjb+ml9HPrnWyBcKKssKNsMOh2e7ocpa+at0nWAVcfktmk0gkw1W55ZUFIdtIBwMlWUDbZtLxpY7d8TVA0GvE95WWoFW0/73FTWTDmXJKi/4jRhN7gsAAAAAAAD8hgiAAQDAYcEzVtZIMb44+awnOT65nvW3Kg5vBy3JkZXjWfkcV0VOjKz1KUbF8ietpaeXniQbnCXYVzrYpjkiBFagbXR50WpYUBrWCtrf6jlQpSuFWj+H5g/co60otg31w1ZJ9W/wJoJtoMOWAQAAAAAAAODQQQAMAAAOC/52yla7XJ+KrQ3kr3Gh5sXhjOfIsZ6MVyyfY1XXMYoJ7olbrkB75eCevY4JVdLKlvSRDu4vXKl81QS207WmJEQO9po2JvDehsZGtJ+uaGoT+CXUXlphbaAjlgAAAAAAAADgEEEADAAADjo2UD1r9o4e9yOJdCTlFMfokV8LNX+7o2JJVgVyfPIX69rAlT3JyMonI8dn1Nzdoxs6xKt/fVdldVcOj49LQlUTEaJGDgxUB1ciUC7ZVzh4I8GKYlNSARyWB+/zzCq+RMn3YBAcqiiu2lQAAAAAAAAAah8BMAAAOMhYGWsl69/Y1hojK1deoLLV2GAFbSBNDbZSNqbkkLRveGld7TGufvLFaZnnyGddf9DpBUpy/SXCwV7O/nDVStti8vX/7N15nGRVfTf+z/fc21093T1b96zMgLIPi0JYVH6KRI0LEjQGIsY8RPOYJ4poFhcUJCpqSMCo+cWo2USjUUSjaH7mQdAkEjYVCGAQhtWBYWAYhll676665/v745xz77nVVd1V3T3TMz2fd56erqq+de65p6qb5+Wnvt+zG+L34G0yY1GI/z+IAon1ZbsoQmAtKnNFyzsBT5oq1O1BLAIYA0kUqurmirgS2D/ZaL5nsFGF5s2oyyPnxcF+k2ErxT7DsPB3tGgD7VtjN5snERERERERERER7XsYABMREdE+xqWaVgBrLMYguG2kiser1me9LoYUX7ErvqeyhuDYU/VhpuYPYFAFj0xUYBNfPatmUrvjUgWsD0GjItvGwta/ISTOWzTH48UVwb7xdINQ2QWuBlYExkygC1VAOzCOLlgxpfOF9tKiio5sFB0ygcSkUHROvcSehPbS8R7A0f7DWl99TERERERERERERPs8BsBERES0b4lCXGMNBmyCL+2u4QdZFzIxeYWuWL+Pb6mCN/ryx7nKWTeuWEVmO6J9b9WnnOLOG47N2yz7kBT1uwTH8y3y0TyfDnv2xgG0H08FUHHna5Srum18LbpFce5RKV56cIoHdiX48H9U8chA4oLrsLewKGAVBy8ex5+/KsVxyzuwrFuQogZp2rC67mLyKmIp1j/aUpiIiIiIiIiIiIj2LwyAiYiIaB/jWjknEKgorMkw0SEYT1JY+GA2fIW2yCHwhfsuWuSveWtjqy7QzVzAqhAYNb7zc9Q7Ot9r1z1Xw164DdLQ0kOa/+N/ECXDAiABkAGuiDdEyo0iVoXAworB8opBX0VhLdCZShEu27zUGDBAmhocttzi6P4EmUyaWeOJ2+i6wnzzamjfBpoJMBERERERERER0X6HATARERHtW0RhRaGwSGyCLN+k1m9YGwpbRYoQ08JXw7pD89bK8c9Dq+hU4VJShU0txBofFIsPabU0ltvXd6oJ1+22K+IrdCU6t6uqFVMuUm46oq8S7tAqLBJA1G2JnMDNPQ5qIRARGFhk6ADUwqi4KuMG864/b2kPYEix/2+4bplqpvUjSnSf6TEREREREREREdF8YABMRLSPU98OV/yeoi44KgIXCf1p6zB6of1XUYKr4qp0jamr0I326ZWaq+AVVagRAJmrtNXEVe9miCpdFdAMaowr7RVxx1gU7aAT8SEw8j12mymizuiXMK6oVRTtpgG/n7DkcXHzqNRNyu8UDGND32u4+dmwHpLP0cDAwEKgsA2y33jbYFHjQmUBbIKiojiM61tgS/6MsClyoxWw7m+SGoi6jZDV1VfXXVn4y5X49apbMyIiIiIiIiIiIpoTDICJiKbwjW98Y17PH0KiJE3Qkabo6lqE3sW96O/rw8pVq7B82TJXUlhX6ccshfZ3AnGBrlhI3qYZDQtMNXU9nzVTSCZQm7jHk3Cs39tXAMkMFKkLKlWhxu2h68pgo98c48PQRPPC4ykm6yeC4sDQhjlU04bxotNIuKYGA6r/V/288mvPW0tLUZmbJ7smXx4VmfLvgEQ33CmkNDfAt6o2cUzbqJw49LY2/q715zbxVs7F4VAIMqj4ft2aNBuZiIiIiIiIiIiIZogBMBHRFC69+IPzen5xEZAreDQGSZIiTRN0dHSiq6uCQw89FK997WvxmteeheX9/XmVMNHC4OJMrQsmSz8OVbGZccW9SQZI6AMdjvM9ocVCTQ1Q4yqFLVzb59BW2kZjh2LX0EK61ekC5TDVSqlauem2v42uvP7Y+IMext/PNJ9rKAZumw96c2EdRIu9kZtQuHUV1ABNAU1gbNhTuf4CFCIWGkqyNUH4K0dERERERERERERzhwEwEdEUzD4QqOatYlVRq1VRq1UxNjaGwUHgmWeewc9+9jN86tOfwctf8Qqcffbr8IIXvQCVShdc2DJF71qifVmeCUblsnlbZSlaNlsAqhBRiBGYzFXaqk9ui0raMIzAWIGKddsAwxRVu8aNlQegxp/YhDLZyUFlmFI+bdGiRbXq5PA3fBN1AW+LgXBe8WtQtGkG/J7AYa5+sLyaefpgVcTtH1zsq4x832JVTP+hEl/pLDaFlQw2qcHYxO9BrHWX5weXMHHjguP60mMiIiIiIiIiIiKaFQbAREQLwMDuXfjud76NH1z3f3HSKSfjo5ddhkMPPXS+p0U0S1GIGfcsDvvy+urcLgiO7RzHOqkhrQlq4irnE+s+OOEyWYFai6oK7h6v4KmJ1LWZdp2gy62Y49uhuhatVddK/k/0Pa4u9vls871/J7N+BhJC6Hg8RdyBueElTCts1RutabitUXjejKsCrsLCoKopEhFABbZBeOwyewNogkStC+Qb7FdMREREREREREREM8cAmIhoAQitokdHRnDLzTfj9//32/De970Pr3jFr6GzUmFraLggUNVi0y9/id0DA5PSvGadblUUy5f3Yd369UjTlGs5D1yoGr1ABr51swtDV9gJvHNxgt+oJEgVyET94YLyv4odEFy0tYbv1gQZUmjxIx+q+n17VQHr9yE2bs/dvNq30Va49T2k4xbSQF5BrC4brdu+d4oy4Gh7YjVw1chxAB5XFud7EbvzNH+nFmuZt40OGxIbLebgSEJfAAAgAElEQVTtg+F8LRtMU1RgNEEVFrf9UvEX3xzAUK0Douo6cauGTYkRSp6tdfcTa/GKkxTvO3cpKgnbQBMREREREREREc0VBsBERAuBFK2iBYLHN23CB9//frz3/Rfhd/7X+UjSxAeXrbWFXUhU3fWKCAYHh3H55Zfjjjtuh7VFWGemWBIFcOZZr8VFF30Qy/v69vBsKSc+OIR14Wpc4ar+5xZ5etkJRVemSOBCe1H/Xo8CS1VBlxosmcjQa2uoageMda2YrQoktD1WQNXC1AwUGRbJGDptzxTvE8mn5cJXLRLeKKDNy4glerjpHrvif6fFd73Wcqfk+jDWCESlhd9w199Zw9+LUO0r8MG3T3yjbs1G6zdIjims3+t416jgJ4/3YmS8ywfqkrfUFgXU+on7LYClpjh03W7ogfUniYiIiIiIiIiIaI9jAExEtMBYayEiGBkdxd/8zWfR39+PV7/mTHR0duBAC39jqoodzz6LJzdvxsjgkGsN3EI1rwUwPjaeB8k0jyRKPRXF3r2+Ar7ordzktRKLXsnw7lUp3phlUFhYWBiE6lTJc+dMFIl1j3VJN47qEqjJAJX8wxZNp5nvAYxorv6DCD5sbf3d5CJdice1QH3BcSldblNpXMBVGYcZTreNuJRv5J8zCa+Nhj3Mi2mKuD2Ypx2biIiIiIiIiIiIZoQBMBHRAhNCTQGwa8cOfOTDf4rVa9bg5FNOgYgc0C2MN2/ejIGBwZbD35zggF63+SVF5Wv93rx5e+HoZ1O+TIoOZDimEzgaAkgCY90HI9SoLxgO1bwKoxa1xMJkCQwU1koUOjefrvsuodi2CIPVt5aOh2hQqdxo3vnYjUJgAWCkaOfcrtK49XsutzeOhnGCML/oGtX4g2W66yYiIiIiIiIiIqKZYO0FEdECEgLeOAQeGNiNq774DxgfH5vfyc0zVcWmxx7DyMjIjMNchsB7U5H4KqQIFkVdq+JSKCzFNrNTjagG0E5kAqhYWMkA1ADUoJpBkcGiBkUNRhWKBAqBNTWoySBuJu1Nv/QlUFNk1uWDm8uLmkWids3xd42+ph2ufOb69Qzjlm63cs3uqooKYC3GMOK/EL1+CjEMgImIiIiIiIiIiPYEBsBERAuZT5puufkW/PeddyLLsvme0byp1WrY8sQTGJ8Yn++pUMu0nJTG1aVxsBqCymlzSoUgg1GLSmaQWuOrUQ2MFl8CAysKKxYdmUGiAlXj9iJumFjWnTgOYUsBcDv1uVqM2nAsRCFwC5XJzYgU1crxeeKxWx7LPy8OffPQWsrnCo8RERERERERERHRnGMATES0QAl8NTAEoyMj+Nzn/gZDg7v33gS09a+4k2/8NRfnD1W742OjePrJLahVq7Mded40W8J21np/kcefoVNwaMMtIVhEHiSqWJ8rujdTfqn1+WLYm1YSVE2okq9rMe2fIyIwoaUxJM8uG85VFCrqi5EFGkLPBHXVr24Qg3LRbaNMWX3LZBWb7wKsxkYBK6Ig1Q+mbg/j5q+zRejJ7CqZDTRU5Ca+grh+fLT21tFJ4a4f11j/XYtgOCykIN8TmYiIiIiIiIiIiOYOA2Aiov1JmyFefOgdd9yB+zdunOsZNdewBW7jr7gAsS6Hm5upCDA8MoxtzzwD1f0oBa3TbAnbWev9hdTdceFvk1bFLV+XOzh8OKJpZa3UP2Wqk+jk38n6qt/wIrUTeE4Kr2XytcfhbxvrIGHe4U5eqSvlcdpa2zCelOdYP+9SwNxyQ20iIiIiIiIiIiJqQzrfEyAi2t+oKkQEq1evxuGHH44kSfK9R0t7xCow08/ZqCrGxkaxc8ezrm3x2LgfcAYJnisfhGYWt//0Z3jBC14EY8yc7WcbAtUwXn3A2up5Go0jIvn32c5vYGAA27dvn/E48yle07Am4fZMn9vq8+dPmFsc+krxa2Dhfr1sXJk7w9+RWZJw6jCDODg1UpprKazVKeYbXqboxxIC5fpxFW3/qdH6eyGgBcrjtrOcoYI4DpDDdcffw7iq/CgiERERERERERHRHsAAmIhoBlQVO3fuxNjYGP7oj/4IJ59yCiAmz3OKzGRmYZS1FlYtxicmsGP7dlz1xavw3e9+FxPjY62PWn+QKn5x772YmJhAV1fXjObVjhA2tltx2yhAnm0IDADbt2/H0ODgrMaYD/XrEd+f7drOxbruea5KVMW3KBYpglTAB4vuUw7qGjoX9mIeXCqWDS2gAcCqD2uLsNN9YCS+iMbjlV6tuNI3CKFq9KT2LtkPmAfLYd7q1zQMFloPTDWy+7mI+9IQVIeLCNdvjWsHDZ9/txEAy6R7rB8mIiIiIiIiIiJqhAEwEVEb4gBtfHwcd955J9761rfihBN/Ba97wxtw2mmn4bnPfS4Sk8woeKoP6Lp6urFs+TJc9vGP4SWnn44rrrgCTz7x+Izn/9imTRgaHERXV9fMw78GmYuqYnhoGAODAxgcHMTo6CjGx8ZQnajCZhmsLZVpNhlSIWLQ0dmBJYsXo3/FCqxYsQIdHR3tzzOaY4iJnt66FUPDw+2NM8W4U5qL0DHv0CuwajEyPIKBgQEMDg1idGQEY+PjqE5MILPWhWstMCJIOzuxePFirFjp1jdN0304BBaXEkrYAzcvnZ0UfNaveeMr0tJLKCouNm56/fk7M78vk0ZuEERK9HY38EknME3m23QKYR/ivAo6vnZTrFFxevFzbv6+yNtAh9bPYRwNJbxNnts0B46C5KTuuLh6O8xVEC6sPVO/VERERERERERERAQGwEREs2atxV13/TfuueduLF26FKeffjre8Y534oijjoKY2QVr4v9N0hSvPvM1mKhV8eFLP4Th4SGYdur8fBXtszt24Jnt29G/YkXD0Ctuu+wjN6gqdu/ejSeffBJPPbUVu3buwK6duzA6OopqtYodO3bg/vvvx9atT6Naq6JWrSLLLKzNoNZOW6VaCuQAiDHoSFNUKhWsP+QQnPNb5+Kss85C7+LFLqzTomSw0TWMjo7grz7zadzwg+tL5x4eHsboyEjLaxbP6T9++CPcefsdMGb6csXfOu88vOOCC2CStOErVAre1UJthoHBQWzZsgVPPvkUdu3aiV27dmF0ZBTViQls374dGzc+gO3bn8HExARq1RqyrIbM2nx926n6FGOQpikqXV14ziGH4LzzzsNrzjoL3d090Rz9sfOYC5ejWoWECmBEbYMVeQvovIhVAYiFwkwKa9X/nxUFkCK1AjUuYXUZq+bDigJW3O9AJuKLjzNA0wbjNjhPCDnjSlqjxdr6XshFxNx4sV0Brk+UE1tu0xzL/9aoH7XBe1Xz2NcfZ6ESzTUP3CVv1Tzte0BDXJxAYN3fD389GnLkUtVySMENIFN/MKSRSdsxx+O3uUc6ERERERERERHRQsUAmIioDVNVSqq12LljB/71e/+K66//Ia785Cdx5lmvbau6stmxYX/hM844A8cedxzuvP12qLVtjz08PIytW7fiqKOOQpIkjc/lE6prv3MtvvqVL2PTpscwNDQIa11waeqOa/Ua2jEOYHBwENu3b8ddd92Ff/rSl3D+W96CM888E8uW9U35XLWKXTt2YMsTT8x6HoDLlkZHRzE6OtrS8bt37sJ0nZlVFd/+l2/jS1d9EU89uQWDg4Ow6oIxiQo6Td2evcDcrO+YKoYGB7HDr+8/fPGL+N3ffQvOPPO1WLpsKeZjH92GpHxbJMr3wjqIu239T8S3jG6UXoo1MJoghfVtmIsPOrhS27rT+g8bdFp3WyWFiq0LIOvWSiUKVFFurWwBGCm2/4XkoXOjiw9xbThC86Qbde2f43bNzat3wwdKUN+euTTf+mdIPpfmxbcWEEVHYtHXk6EjUwyPJBivpVGLbj+iURgoejurqJgaFlfqk+wpSPylk340afpEREREREREREQHqDZ2XiMioumEcG58fBwDAwNt79E6naVLl+LVr3410nRmn9+pVqvYtm1bS/PavHkzHnrgQQwNDABWYQCI39N3rq+rkZDxiCoeeehhfOKjl+FPL/kQtj39dL4d6v5KADy5ZQsefGAjBgcGfJ4nfo3df5wbhb9zTVWh1uLhBx/AJy67DB+65GJsfWor9slSytCmOHQoNpoHoTopwGzyQQqjyJIJ1JIMNVNDNbFIbALR+Irj0NMgE0EtyZCZcdj68HcS8f/PBfkwUlTThtBW8ly5ZRLfiMbJvwsgJp5am78d0ThuzqFNc2u/aIlNkcLgVw9JcMN7uvFv707x4sOr/o0cf1moMVjUCXz8TYKbLqvgw7/Zi4pp/b2mUvc+2J//EBAREREREREREe0hrAAmItpT5rB/btEyWHHKKSejs7MT1YmJGY31zLZtbk/eKc5TBI8yuTXtXgtcJK/6BIBarYYbrr8e1WqGD116KQ455JD9MvxxLX2j+/4CG1X27qm9eUvj+uSzOjGBH/3wBiRJios+cBHWrVs/r+sb1kklBLxSDvys5lWwYtwzVKLK2gaTd5dqsNumGBSF9S2QiyS5qLu1kkHUIrUJIB1YbGpYCoWoTLku+emNvxf2vg0Vq6K+jbFGB7cYgArc/roZoopi+JJxnVFkL+F3zET7Kvv2z3En6WZtxhWCTNyBnR01HNyRYVFHiq4O1FU/h1bbCpNarOqxWLcMrqLatpbkltZWo682ioiJiIiIiIiIiIgOBAyAiYj2MytWrERPTw+Gh4Zm9PzBwcH2njBfIWCT89744x9j1apVeP9FF2HJ0qX7VwgcFdbmkVc7G/juSQLYLMMNP7gOi3u6cdEHPoilfcvne1aNhYrREIDmmezUiylQDEuKvxsaw9XjFjWkkMy4yl6VUqAo1mWWouPoRw0X9qd4Y28nGqWN5TNq8eJKdHhUoaxS/8TW3gD5/rdJNG40vkp7+0Hnpw4VuvF4kSmDZX89ic1gjQKqEGR1hdjFvs1qMwgyGFUYBYy6/ZpbnnVe/ezT/rCl8D5WsE5ERERERERERDSfGAATEe1HFECapOjo6HCVijMID7OsVmotHG8Dui9p1IRYVJFlNXz32u/ghBOej9f/xhuQdna4n+2hatk9Kez1O6/qJpBlNVx//fU45dRT8frffAOMScovxF6asJZuxAmfFN98Zamr4tXi8CZhoChgxOLZJMEvO7tQs0kRfIZK0lDhG06pikHNMIAaXOlt/QKEyttQpe/3II7bKAN5YClx+jvFGyD8ahd7HkdfgC/d9cGqit9b2FXYujWYvAdyMXJxgry62pjiZ1EIHNprCxr/uRFVuB2YU385igyCzBgX1KuUK4tFkKUpMlMFoKhJmnfznp4Uaxrm7a8lvAfyf6ep1CYiIiIiIiIiIlrIuAcwEdF+REqbgM5wjJCfTReYznNFXVyYGBcoAoqxsVFc842rse3prfM0uxmKQrwpOhXPu4GB3fjX730XW596KvRUnlel+tBSO2iFLyP172sXUwq0cfYpAquu57HAoNifV1wf6dAPOd5j1u/na0Tc3r3NAtsolxZRqJHym9jPOw9cNQpcGwn5pb9WURTnj/8MRPclHAjTZJpxiG6iCWt5vJDI+mmGaDmvQJ7EQEVhfEQs8HlyvAb5eQyMS9ph1LjnSOvvMSm1Ai/GFwMYowhN6/fBXysiIiIiIiIiIqK9hgEwERHtN+LQ+tFHH8U9P/95qZqZ5oa1Fv/zi3txxx13opZl8zqXpkFeCGtDINhq5CfNvupaN/vg1uXCU48t9bd9nhwHv3mragHQZuiZjy3woWoUXJc+ITHD3wWDuhC4GDe/9EYl+W5Wje/Xf1Yl/vBDOBckP20rSnsAx0G1n2vcxZsJMBERERERERERHcgYABMR0X5pcHAQd991F0ZHRud7KguOiGBg127cded/Y2RkZN8O03wIHMK/3FRZqPoANg5PmwSLakJ1r0Ttm5sO7MPNKAQ1YbzyOduLakPVq0Tz00kVwLMyRWVxu2MXIbgPkhPUrbOZ+XybzTGuON6X369ERERERERERER7AQNgIiLar4gIRASqivvuuw+DQ4PzPaUFI6wtAKgqHnzoQQwPDbmqyn0xWIuqgONC1amEa9G4PTNQDn+BIgROip81GzsuIA69oKVRiBoqbSc9ezoatcDW8lilSuMWhmo0+TykxtyFyhK1rM6DdhdcSztlv/Vzzdt+140dAvt97T1KREREREREREQ0DxgAExHRrGmbX3ND8ORTT2FoaKjhfPZ37a7pnljnHc/uwMDAvh+wt5f5aXkf2bhNsam7HwaepgV0sdZS/Nuk1bTkYXWeGLc+9Un739a1W55+gPKsSzmsTA5VjW/XPAOhYLm8D3CY8yzenfm1Y3JYLTLdS0VERERERERERHRASOd7AkREtO9Q1bwCtH9lP47acDRslqGz0olKpYKenh709izB0qVLsWLFCqxYsQLLly/H4qVL0NPbi0WLFqFSqSBNkqlDM1UMDw3jRz/6Ef7py1/G9me2YSah0MjwCIYGh/J5qypMkmDNQetx5IZjIOpa8qoqdu7YgR3btre9P6iqYvGSJVi5ag3SNIE0mKf4BEoBrFy1GuL3NkXdueL9ivv7+7HhmOOQGINKZwcqlQq6e3rQ29uLpUuXon/lCvSvWIm+5cuxZMlS9C7uxaKuReisdE67vqqK3bt346abbsJX/unLeOrJJ2dU0DkyMoTh4cF9rvC3GYFCJPNloIr6K3bVv+JCzfgjcCFI1OhAALB+3NByudGYvjJYNFSfurFtEk6Y/wBQgVr4imVpNFwD7iALW1QthxNaH6haBYwF1Ph5TFWr7MZ0Oapx1bT5XKNDxL2vTfw+k2YTDosXNg4G1GgxDxPm6A4T44+XLF+alt9joUrbr6O7HMm/aXR/v3njEhERERERERERzTEGwEREVBJCyvPOexPOOec3AQDGmPy7SIIkSeqyFYE2CkbrQso4AIVV/MHb347FS5bgissvx+jocLszRS3LMFGdKD1aqVTwrne9C+98xwXuKB8Af/lLV+Fzn/0squPV9k4jgtNPPx0f+OAl6Otb3jBcEw0BsCJNU5hk+j1Oz3vTm3DOOee4NTKSt182xrh19ueOw233UPl2aUWi9V2zZg2OOOIIQC0+/am/RK1aa++6AWRZDbWs/efNv+Zxd6k6N5TA2viAKJgNYav1gW2TDyk0PFM4h43DSHWtoaNDWv7Yg6C8d24IgUPlrlFo2+WvMvlmWCAfsparm9upVkb5QwoGbi1Cq+mZlOrGlcQGPgSGm1fUvpyIiIiIiIiIiOhAxwCYiIhycbiYpinSNC39DMCkQNLR0s/j45uNL8ZArcXJJ52Evv4+bHmi3QAYUGthbZHehXN2dHQAHR3+QTentKMDKgYq7RUGKhQmTdC1qAtd3d11192e+PqTNCnWNxQyRmvrKhknh7/x90bjh3EAIDEJjj/uePT19WPb00+3PV+d257d+4wifxR3kfFyhupgRREMC+pvNBwzFPuW9ksOQaX/rr6CtfWllfKc4/EUrrIWWlQfS/GcVmiYY7heEy7Ev49khm+BUKmrvvoXiPZXjhpPt1QFHTFSt6bqKpmh7Y1DRERERERERES0gDEAJiKikumq6FoNIacd37eCrVQqSNNkRvNsdqo8CM3vAzPf9r4YSzH5+nTSkdOMNsX6NFvbdisbQ2gsAlS6Kujs7Gz7+fnttp65H8hfMImqdKN+3fVhqK17WgtCVXf+pimFthoaMM9cNK9wW+Kq5nYbfofD43H9vCUfs11RIBuPK4CIQmawt3Devj2k4aEo2X9SQQwatmgnIiIiIiIiIiI60DAAJiKixtrNUVrIm0phqZS3R51z6vYwDZuzusJOmXn0FrfebfBw3CE3v1l/sihnLK3FdFu2zoD4BVa7QMt4Z0Hgi0bDC1Vf8QtEoa3492njFsjNXiKJM9g4BM4faP1VCe+lfMz6qlmJ9r9teUB3I68qrg+9DSC27veznWrd+gw6BMlGShXAbTPR/s3uExlFBb0w/iUiIiIiIiIiIgIYABMRURPxnr5h/1P1t8PPZhGnFufRRrsHzxXNv4tYzCoIbeOprQdxRSLcaE2naqc97QzC2DOotFyoBAqBogKLJbURjBmDEbMINqxvvCWuAkYydGc1LK5VkcJA1KfGdS9H8Q4WCAxg3N7TeThpQ6tpl9QKxI9l0ZQCFpr3aLaiUIMiPLUahbYubZW8TL34Xa0bEvD1x+FfrW8rHb6j9fexlm5ZF5YbFO2kbaisFsACVqx7JVTyPbVbfoeHNU38XP0ahBbYbdY+ExERERERERERLUgMgImIqKE4dBwbG8MjDz+CjRvvx6ZfbsLTTz+NoaEh1Gq1We2JCwAjIyN45ults53uZJOqD2c/3LTbq053nlI1ZRFOj4+P46GHHsbGjRuxadMmbN26FcPDw6hVq7ObMCx279qNZ5/ZzlAMLivsVos/6ezAWw1wqxV8sGaxU5LJLZ+N4FQorljagdU2wTJYv19to/d7g5bZJnokvHGi/YZVQkjfxscoDFwFrAXy/uf+fl4dPN37U9V9iCMuaA6Bbd0aRJslT1Hq7L9r+X4eAtu6wDzs4Zv/MtlpJl1/PoEYvy+2kaJEWSVa87rJEBERERERERERHWAYABMRUUMKC7UWd999N674i7/Aff9zLyYmJmCtC2wUOoPK1NIJoqrXmVS57v9EgFtuvhmfuvKTePjhhzE2Pg7164tSQNfmwOr+CXsWH3gr24zAAOgVYLECmxRIkbl+0EbqskjFIqtYK8BqACksTKv7SJeCWC3GNi4/FuMfb2fmofJVpAiBw8mM+hbQcY/mNsYXLe8B7FtCi3H7bLv9ett8F+Vz9fdteFAhJvSzbl/ekjr+blw19AH4J4SIiIiIiIiIiKghBsBERJRTdaGuqmLLli34wuc/h+9eey0mxschPnkJQe2sY0WZmxbS+5O4WvqRhx/CP/7jP+AH112H4aHhIs+KU6xZLY8wEKsj6ipGK1KFIkNNOlwaG1e5hv1wfYieQJEgg9EMCgtBUh5UZXLkWh8AA75aFa5dcbvzjm+E8Ddurxzy2bDPbqu/WRL2QtaisjmE1UD+mI2f0OpsRd0mwr4lNkI769Jc2+RfH0l88bSi2EjcKtT4yuYD7O8KERERERERERFRPQbAREQ0yaOPPop3XXghfvnwQ8iybL6ns+A8/tgmfOADF+Gee+4BrMLsqaSWnXBLFHChp6YwmkASF04KfGXppHXye/baxIeZrSxkVE0LuIC2OHtRbeuHb+U1ijs1F5W60Xhhv9386HardaN2zUAegof1mhEJVb5aTFyjec9kP+4wTN5SO8zPrUH4NZrBChARERERERERES0oDICJiKhUlffMM9vw8Y99DA8/+CCgRe1fyFtmt+NvYzMtCNyfhOrfhx96EB/58IfxP/f83GWBTcLfWa21lHNG8kRhYQEBUlW/Fa0UVb/x/rcIGWYVYrJmCfGk10jzoNc/UL+nrm9/rOEXahqlQ+IpRG2lYcOLLS0EylIc4otn3fXLpOeEttOucrrhIU1JPK6GB+rC8Xb3/3XTn/xSaDHUrEJrIiIiIiIiIiKiBYIBMBERAXAB5fj4GD72scvw05/cClE7aVPNAyGo3ZOyWg1fvuoq3Hn77VBrp9z3eNZrzReqIQMDBZD5fW3VCNRoEVTCB6vi2ysjiTaebRBY5gW+xSa/Ur/3bX0InH+b7kUqjrKqUKlLYOM9e0PAOkX756IWOS49RvFmqwvAIQINe0grfEvoFt9Y9W/gEFD7TyYoxFVVS9L4+c2Gjdt0x3M2Dc5JRERERERERER0gGIATEREAFy134033ogbb7wR1YnqnmtLfIAJlb/WWtxwww/xn//5n7DWTvMs2pNc5atPC+uCTzH59r+lMLFpqKoNqoAlquyOA8pQCSv5BrZTjDyZhgrikENH4XLLv671x4UxgSL8Dd99iD3jqtpSABz2GG5e9d7ymKHqOa6CVkBMCMjZBJqIiIiIiIiIiA5sDICJiCj3f//t3zA2NDy7gIZKBAKoYvfOXfjed7+LZ7dvn+8pzcq2bdvw0EMPYfv27RgeHsbIyAi6u7vR09ODlStX4ogjjsCqVavme5rNxR2aQ1AbhcCqAIwCVouiYKivmm1DowpgcWO309pbxJ3dhjtxBazxVcqzqX5tVFELd19DW2WZwfULitA3brMdddPWomi5JQoU1xoH4ZMOLJVZExERERERERERHXAYABMRERTAk1u24J677nKVdAxO5pYIHn74Ydx3771Q1f0qYM+yDHfeeSd+/OMf47bbbsOuXbumfc6yZctw2mmn4WUvexlOOOEEJEl7bX73lKIFcqO9daNHwn7A/gkainabvGzxuOGBvGq2VAGsPnRufc75mMZPwqiv0A1768aJ9gwrX+Pgt1RVXGwk3faoIaQN+/Pm1zGzKU6aa6gABvJziJnieURERERERERERAcQBsBERAQB8JPbbsOOZ3e4B9hBdU6JKh5+8EE8++yz8z2VtiRpik//1f+LHTt2tPW8Xbt24brrrsN1112HtWvX4vzzz8crXvGKfSQIjt/c4bYUFbRx2+f6YHhKko8IoFRJW4wpPshtNp/mMy4m5A9X+CpYrZt3m7+8+XWLC5eBIgQOP59NqJxJeW9hg3wf4JkMmYfn8ff4ZeTfLSIiIiIiIiIiIgbARET7F8VEdQzV6viMA9o0rZTuC9z+tHfecSdqtVrxYKsz0iIgS9MUixYtgjGtl+JlWYbR0dEFuy+uwoVdv3zsl7C21sYz3XpotAFre+troKp+fYdLr9N0OisV9K9chY7Ozjz8NcbgxBNPxIknnogjjzwS69evR29vL7q7uzEyMoKhoSE88cQTeOihh3D33Xfj7rvvhrUWTz31FK688kpcffXVeP/7349jjz22jTWYW2EpJaxF3oPYl/yKAgmAzOZVwaIhr1T3Wjb85ZDSLRdUqr/8oe8AACAASURBVC9J9ZsEh37SWTxGfRAdzVQUogmgGoWeGrVr1qiXsrr9b+tC6Ga/xvlVSxQeh82M4zBZADEa7ZlsXUvz+jUNTwn5tERBd6JRBbQUwXV8jibzrKcCqPFV0KGy2AAQgViFmhpsSK6nKtkmIiIiIiIiIiJa4BgAExHtZ3bs2IGhocEZtxLu7e2Z9Lzx8XFs2bIF1mYzmpMFcPIpJ+MjH/kIDjnkEBhjWpqfqmLz45vx7gsvxOOPPz6jc+8PFIpt27bNMOR2a/iSM16Kiy++GGvXroWIj+GmWF+1gIjB3XfdhUs/dDG2bNky/TxVsayvH0uWLctfu+7ubrz5zW/Gq171KvT19TV83uLFi7F48WKsXbsWp556Kt785jdjx44duP766/Gtb30LAwMD2Lx5M/74j/8Y5513Hn7v936vrQ8JzJ0iFJzynWkkb9c8qV30FPI41/gxEFW65nvsuhG19KwWzxC3lM7nGt2faeiZ7ymMYk9hf+EKzbfUbUseJIsP1aNrNPUxcms0DCyT1zZk4Yx8iYiIiIiIiIiIGAATEe1XrCpuueUWTExUZzzG6tWrISKlgLZWq2FkZARtFInmRAQvfMEL8anPfAZr1qxpOZQOFaldi7qBeQkD2zfT0H1ioorRsVEXXLW6yGryfV1POuVkXHrph3HYYYf7/GuaOaj/R4GuRV0QY1ooCxWsXL0G3T09bghV1CYm8P4P/ylOf+kZrc050tfXh9/+7d/G61//elx99dW45pprYK3F1Vdfjc2bN+Piiy9GpVKZfqC9KV7X0G84tIBuMWGcVBEbAtpQCSuNxmilBbT4ltTRmOFsxlfGtjRaPLDml1Xaq7jUrrnN93v89o6C5Hg/YG25rXadMM8kmqNFXhEsJp4rK4CJiIiIiIiIiOjAtX/8L+5ERAc4ay1UFbt378YNN9xQtGpuU2dnJ1atXj2p+tJai1p1ZqGyGIMXv+TFWLFiRXvPk7o9U/dx7bRQrpdlNdha1nr4G6lUKvi1X3sV1q1f31r4C+SVq0UV5jTnFcGqNWvz8Lc6MYGtW7agVp1A1yxD2u7ubrztbW/DX//1X2Pt2rUAgJtvvhkf+MAHMDExMaux9xiftIaOxf7BaZ+WVwuLuCrgOFwNQ5TaLrc4HTeb8vPi8Ut76rb7HtPi+WF/3tBmOZyjzaFVNZrX5HnPrP7Xq18DU7cHchvrSkREREREREREtFAxACYi2g+E0O/73/8+HnjggRmHkT09PVizek2D9rvaXnVqPDcAvT29SNOF2lRidhG1iMyoajgwaYrFS5YgSZKWg618y1mJ7jc7VhX9K1eia9EiAMD42Bi2PrkF1YnxNk7m3zrR9/oTbtiwAZ/97GexYcMGAMC9996LK664AqquHXL8vPDYvBIU+/7mQfAULbd9W+ew9pOC2tAWuj5UbW9CTb5CW+TShJqLXh8Jz83nW9yPh207Vw3zCvv9GhTXnrQ7WDRsvp4SnaMcAs+0wJiIiIiIiIiIiGihYABMRDSH1KdYAoWBRZyFtfJloaUv9WOqVVz7nWvxmU99CuOjY220eM0HBiywon8lVq5Y0TiUnEWF6+jY2KRQWlVLj4Uq5vhrb1LV9q7Rr50AGNw9gFptAqXkbFp+0eMNSmfAZhajo6OwWejPG02xyXq6vK14Z0115qXL+9DTuxiAC3+ffupJaFt7FRdvMHceA9EUYZ/b+GvpsmX45F/+JY46+mgAwI033oivff3rsBAIBEYVogqjGay4MTU/y94v61Rx/4hmPuDVhi+/Ruvsuiara8mcwAeUKKpVfZtiU596l7j0Pl5Bhbgx46rXEKQKoIn7u5NYA7EpRJMGc80AtRAVGIU/FpMDWn9bDaAibYfxEsLq0JK5rhpaTeYCZi1Wr70TCGBsNGeBGCAzUnTsbndMIiIiIiIiIiKiBWShlmsREc0zRa1WQ3ViAqbN6k9VwNoMo6Oj2LZtGx566GH86IYb8O///u8YHxsD0GIb4Lr5KAwOPfxwLOrpbvD8uH9qe9GJtRZ33H47fuu3fgv9/f1FZaEfywWvgAlBkgJDQ0N44okn8PDDD+P222/Hs8/uaPN6WlcEozMMEBW455578D/33ouXrViJJGnjP511RdWiLtJstY0zAIyPj+Gm//ovvPKVvg20n5Rq/D7wIZoPgoeHh/HY44/h0UcfwS033YwdO3Y2vPqOzk4sWbYMAFCtVvHM1qdm8EEAcdGvAKoWggyZMVCRIlyMVLq68LGPfxx/+K53Ydu2bfjnr34Vp734hTj00MNQc0kmUhUXTkKhyODC1QyCDuzVvV1F8uxSZZqzRj/UuO2zUcAWr1MIRqerUg1tklWKR/LA00ppz16x7oMGmQBVo1CZ8K9KecYWAMQgUUUtyTABxUTq9w+2/hwSre9Mljl+qvjAO+x9HK/BtJtSNxFXUMfrbKOfhRbUREREREREREREBygGwEREe4Cq4vI/+zN88spPth1ECASqCqsWmc1Qm6giy7IoL5lp71Tg+OOPR6XBnq4i4tpCt5//QhX4r//6MS699BJ89KMfxZrVa/LHQ4y1c+dOPPDAA7jzzjvx09tuxQMPbMTIyAiq1SpqtRpEzIwvq1UmMTNuxbxr505c/md/hlq1hpf96stRqVSmHStextBmV2ewvgBw08034TOf+TQuufgSF7IjZGgKVYtdu3bivvvvw1133YXbbrsNGzduxNjYGKrVKmwta/ghBFVF38qVMMZAVfHstqdh26r8LRgANRRvnzEIHkWKgU5pXLm7eg1+/dI/xVV/+G7UajV8/FN/jfd9/gs41FaxCIpMXIWqCwszWEiopcb+kOyJ1EWvUn97BiF2fVvpEHhmCsBAYJCqgVF1YbUaaF3FuCseNrAmg0JQqaZYVLOuUDfMK/ous8naQyvpcGLrxw5hsBS/DO22lhbxH3gwArHq9ltW3x4aM/oVIyIiIiIiIiIiWlAYABMRzaE4FJyYmMDExMScj9veE5F3IO6oVHDKqac02P8XSJIEla6uGc5OYTPFDdffgJtvugnLli2DMQkAoFatYWhoCCMjIz6UqY+k0HA+e0LPop721jGvZHQ3nnjscbz7wgvR2VlB2tGBsG1yMwrFylUr8Zm/+mscs2EDOjs73XjtvpauJBzfu/Y7uOH6H2DZ0rC+rsp8aGgII6Mjk1pq51lhvIlrZFFPDyoV95oPDuzGxHiLe/7WEwXUIvGBo4rgXgHeq+O4P+uANrve5x2P9W94A1Zeey2euP8+vP+mG3Hli1+M4zRD4ivWXXjcAaMGic1cMa1Os/DzIKptLQLvOOg1WnTKlmifYG31OqQITePw1wIwAhWFJDVYA1ijvm11AkgWPV99PXXNrao1qIrBeGpdgIpo3NB5Og+GW6fh9RH11y1FIuuyarfdeJhZuyGzABpaS1v13dX9Hzr/vhAJ7bOJiIiIiIiIiIgOTAyAiYj2FzPNvHw2cuqpp2LDMcc0PKSrUsHy5cthjCCbQRFoyInGRkaxdWTUPSZSCiXbbYU9V8SHQ8v6liFNZ/efPQEwMT6G8bHRxvsoRywUvSO9gCqSNMXSZcvyCuC2V0LVr+8Ito6MTJ5XfcVpC5YuW+7maS0Gdu5sd0Z1EwBEBYkqMihgEoxLJ4Y7pk4QH33b76HvBz9AMjqKia9/HaOnvxQjJnWFomJ9FatiFIDVcbh0smPKMfcF+b65oeI1iNsXAy64bTkEjvbWDcWzIbhVhYpgTDownIirl1YDK5M/XGEFSBSAGgx3CLK4tXX9VMxMs3adHB43u90uA+T9s6Xutg+GlS2giYiIiIiIiIjoAMcAmIhoHxYK8WItF+X5FroKYPGSJbjw3RdiUXd3w0OTJMExxxyDH//nfyCrxe2mZzZvoNh7d8bVy3MkzGP16jXoXbIUg4NDpQrEYMpZ5hWMbv9eMdNfk/hzhz2Q169fB2MS2Cyb9rmlcaQIteK1rK/4bTjfeDKRjs7OvOJ7cPfulls/b968GVdeeSXWrVuHCy+8EIsXL/bvUQMBUDNwLYjVIjMpgGTKBLG2rA9b3/AGrPv61yEbN+KSjfdjyWGHwcCFmBYuoJyA4P6ORahJ0tI89zbN/0EeSrrLlrq19xW8YU2mCH/zIlwNv8UWKmEPYT9GeA9Yg021Tpz/aBVdqhAL1GCQ+L7Z4T0I64J6sQqLGhTA4HiKIUldeBodB2g+vbhz+dS/J6Gc17jq41ClDBSVxdZf9mw+0BLGChXR4UcmBM9Mf4mIiIiIiIiI6MDGAJiIaB82m5xEo91XX/rSl+KEE56PZIp2y2eccQa+9KUvojox3tYmmvMd8LZqzdqDsPagg/DUli2lx1sKtsIP27pW8a+f+37k4UeiZ9EiDA0NtTFGNFrduadc92mm2d3Tm98eHhxoeQ533HEH7r//ftx///34+c9/jksuuQTHHX9c8T5Vt+evwMC0+CbaevbZWPf1rwMANt96Kx4//vgpjq4PVPchUVhaqqiNQ1D/WN6xuKVhxQe/1rVUNnAJqg2DuXPUrMFm2+keV3F77oZe0yHUzb/XtWY2/vjQn9qoD2qlvOTTTlggEr3uIaDNQ2XXDns2Le3z54YPYeRjYwb9pImIiIiIiIiIiBamvbPxIhER7XXi29CuW7cO//v3fx+dnV1NgxcV4KijjsIRRxxZtK5dIDlKaNXc19eHXznpJFQqfi/euq89JWRwRx51JJ572KF78EytW9TjKsHHx8dQq9Vafl5cKbxt2za85z3vwVf+6SvI4qrmNhdz7OCDMXTkkQCA/ptuKva6bfjV3tjzScJ8S1+aZ6ztvfH8hznyMbVoJ200ui8uGDXw38PxUtw3Aojx3+PjUR5HBJM6SLezra5BEVhL3f26VtjtUUgSjSkKJP52qVaZiIiIiIiIiIjowMUAmIhogQmtgVUVy/qW44q//CSOP/5501bdVRZ14eWveDnEmKnbC8+h0CI5b5W8B8/R2dmJs88+G2sPOqh0vr2Vda87eD1ecvrpeevlPb3G8fil6xVBR4cLwcf8fs0zZa3FV7/6Vbz3Pe/Ftm3bZjzOrlNPBQAseuwxmAZ7HO9PNJT2xkGnib9CCNzO6+/fpfVhcn3Qa4BJoXN+zvAVz0vrji2Po+E5pXlMc/2TLksbzwu+wrgNKoDGaxpPqShDb2tMIiIiIiIiIiKihYgBMBHRAhKHfn19fbj44g/h5JNfADNF6+f4ua95zWtw+BGHA0b2eEAZV5OmaQqzF4LnDRuOxut/4zfQ3WQv5LkUB8sKoKOjA29843k43rc43pOts+MPAagq0jR1FeGq6KxU8nNXJ8bn5Hy/+MUv8Adv/wPceOOPZ/T84aOOAgCIKnoeeWRO5rQ3hTwWUQdiySt+45C1xb7Pzc4TWirnY+rkc5i675MCYS3PIzw/rwD2FxKCapGptiqeYrJoUAGMchvncNyM1iAa389V9kZJPxERERERERER0X6AATAR0QJ0yCGH4Itf+hJe/4Y3IEmTqCZu6mTkkOc8Bx//+MexvK9vT08xD4E2HLMBH7r0Q1i1atUeP6cxCc5703k49YUvKEKoENztYSrAunUH4S1vfQuWLF2y16qsTzrpJHz0ssuwfv16AECSpPnPqhMTc3aeoaEhfOITn8CnP/UpjI+Oop1FHTm0aI3d9eSTaPdF0fwfoBy713P9l/PRWwgKtcntZsI2tBpaL5daQfvwssX630lXEsYy8ZiY3Fa5Wfhb+nmDyty8jbS7LwYtb3utkHyemlcrN7j+eP7h4toqhvYHx+OFvYoZ/BIREREREREREQFgAExEtN8qtU72G82uWr0Gv/8Hb8dVX/kKjnve85AkSb4Hrn9Ww7GKYwQnn/ICvP+iD6J36bJJ7Zl1iq/JE3RfpWpU/3iSpPiVk07Gn195Jb72jWtw5lm/jtVr18CITB8IlU6q02Z44drCGqxYuRqXfvijeMWrXgWTJlBYKOw0o8yAAuE/sy5bMxCT4mUv/zW87wMfxIpVq2CnaH3d6lqX2mj7qzEdKU594Qtx+V9cib/94lV42a+9EmsOWg+BwCTFf/rjKuyGJ5+B6667Dp+/4B0wjz3mI8Hpv2qLF+fPTwYHAc1cL2G1rX0BsCIwUFiIDyMbXIQvZVURmPB+ROKrd8tjSvi9AgDtgErmWhbL5CGjwl+I2igAtnXtlxXGCgTG5aw2RMGT38XxVYT7Gu+hG+/bCwsxFkgUYhQwmftZgsnHJ6Hit0F1bqma1gXBBgqjAkit4dvCzdNCRSCwEFFkRvw86kNmhRELlQwiClGFigVa/P0TwHUnSCW6nuJ78VoIi4CJiIiIiIiIiOiAlk5/CBER7YtEBNZaGGPQ2bUI5513Hi644J3o6++DSRLYFsLRZuOee+65WLlyBT74gYvw7DPP5FmdAK23Vw2tcH2MpUagChx22OG4+OKL8au/+quQxAAC2CzDwQcfgl/c+wtktVpLQ4egZyae85zn4PLL/xyf+MTH8G/f//9aOmfbGkxNFeisdOFNb3oTurq6cNlHP4LBgYGGV9HyMvvWziICK8Cxxx6L973vfTjttP8HadoJGMHYyAjWHXQQ7hDASBEAZ1nW8tzb8czmzaj8/T9Ar7iihcEUWU8lv9c1OITumnuFW209XMkmYEwKUUWiikw6XMhb9zsgeayaQWFhRNBhx9GFFJCkNCeBRcWOo2I6IKJI/IcstK6Ns8bvQrGoicBohkVaRU1NkUr6kL7DZAixb2b8RxhaCNvd5wkEsP7dnyfOrlRXbIZF2RjSzMCqADaDIHPZapy3Z/581p/UupwaVkvHWQVS1JDaGkaTBIs0Q6e1qJmkwUsq+VooXGjcoVV0akjCo2sQReqreN3rkULFtvSW0/x6UXyEUf26KCDGtasu9rtuYVAiIiIiIiIiIqIFiAEwEdEU9lab3lYZY9C7eClWr1mDQw45BEcccQSOP/54/MrJJ2HlypVuH13Ah7/tpx/x3pxnnHEG/vGqq3D1176Gf//hj/Ds9u0ueJ1iSeIwUtUFeJVKF4497li86EUvwkte8hKccOJJqFQqeYikcK2Zjz32ePzoh/+OWjVDqDeWJslYHv5OWYLc/PpUFcv7luPyyy/HK1/5SnznW/+Cn/3sZxgeHm66HpPmEF1nozWACGw8MQ3BtUIVOPvss3HUkUfga//8z7jh+huwe9euKLiShuPH8wk/7+7uxtEbjsWLTjsNL37xi/G85z0Pi7oXAb4Nr6oiSVM857nPhYqB1ajaUgTapArY553FFbT5q5A9//lNX796yXgRRJ/XkeKkbBwWIeCf/n3cowYbLGBhoCJI1Pq1r6/YtRAFVAxUDE6oAZ8VQVWzSVXgosBKdGCxBWpiALFIbYbJm8xaP66BaIIeyfC/kg68CApFrfgghLhX3xjgKEnQYYEQNPsjprzG/MMXRt0pDaLSY4uDzQT+bE2CIzuBTCw6rMCKyTsmA+531+ZXYPKK/FKg7FJWGFioVrBSKuizE1AjqEmCRm8EBVzFtB+kN1H84fMTvOmoamlMVwRtIUZw8jLxq2fb27Y3Pjh/kqs2ntFexURERERERERERAuQ6L6WbhAR7SM2bdqEXTt2zvc0AABJkqCnpwf9/f0uPI3kIaHZM+mHqmLnjh34l2/9C775zW9i06ZNRcWptXkoGYeVaZpiw4YNeP3rX4/Xve516FvRXzpu0jkADA0M4MktTxatojE5FAptfV0QLUiSBOsOXo/u7u4pw9pm15XPR4GtTz2Fa6+9Ftdddx0eeOAB1KapCg7Xa4xBf38/jjnmGKxYsQLd3d3o6+vDuvXrcORRR+Koo49GV1cXJKRTIfjO//Or2L1rN67++tW45pprsGXLlnxd6wPhIE1THHfccTj77LNx1llnFfsnN3gPhPbQu3ftwtNbn8att96Kr3/jagDARz/8EaxYsWLyc/w6p2mCg9avx6LuHhgVfPs738YXvvCFKdelp6cHv/4nf4y/eeXL8aDpaKkMs+exx3Hi7/wOAOA97/0T/Pqrz/QBtGkhGVSkWkUNCWrSgUQBoxmsKETqdrrwFcIWiQ+BawAyHzTHm+gqjG8DPZEkEJtCJIPRzM0pmpSFhRpFWk2hSABThSCD5hvpFmMqMggmIFqBIoUAqBnrt+Ot7y0dfQxCFP+TJXjrTmCj7fAVvCh9AOJwVPHPKxXP73RVsIlvRR1nu4ALauP7CsDWVTXnP0Di5iEWVkIc3+QF8W9P96EBAVRDxOzO6xpEQ6XmPhigHYCmEKlNnmST4R8ZN/iNrwzhkeHl7pHMuIVQhWSCtR07ce3vLcLzlhlI2Ix5H7J161Y897nPne9pEBERERERERHRfmJgYAAAcPfdd7f8nBNPPBEAK4CJiKZ09DEb5ncCeVjocqR4W9JAoRDjy+K0/JPZ5B9x4Li8rw//5+1/gLf9n9/Hrl27sP2ZZzA0NIRqtahwNMagUqlgyZIlWLlyJXp6elz1oRSVqOWLiuep6F2yGEf3Hu0emWLeKn47VX/f5qWQ7SlV00Kxeu0avOOdF+Ad77wA4+PjGB4exvj4OLIsm1R5mySJa73d2Ymenh50dnY2mqn/V+p2eRWU5ytYumwZ3vHOC/D2C96BHTt24JlnnsHIyAhqVReOqQJJ4td36dI8aM4rmovJFS1yox+ICJYtX45ly5dj+45n8zP3Llk8xXvchiej1TfSMccci0suvgTD61dj87jFZlNtKcCdeOpJPO3vLV26HBYJIL4quIWyznHpgECQaAYgQybGVbhqOX+2IqiJIEUVUAP1+/8W9fJFaWlNBCIWiSpUqlAYZP74eEyjBqgJskQBTMA1QE5h8qA1JKOAIAGwyFWBw+2pKzZpvbV6/NrG1a/hXFJz81EDG7Jz0brfjrpQPFx99PtY/KZmfvkFxro27vWKY0NtsXGtp0X8RzWiVVDAWPfaKhSQCahkAJLWOxYIfCts93cjf3AvZL3lv2Duj7FKazPnpy2JiIiIiIiIiGhvYgBMRDSFdqtK95QwjamnM7vAd/I5Jw+WJAn6+/vR39/f4iCNxtPJP8tT5Ek/ajxkHMDNQbRSf61dXV3o6uqa7ajRvygHdg3OGR5bsWJFw6rctpTy5fJ5Dj/88Pz2I488kn8ibLKkfHeKF0VE8OY3vxnnn/+7SJIE1gKXGuMCwxbek9c+8ij+0d8+7LBDocbtJFsXbzeVlPaZTYrYse7coXZXkUAEMKFtcd1rE46FhjekwjQrS/c/DzF/0Qq57tqj3F+luGOaXJ6Wwn03lhg/dtRuOeT0KgoD44NXC2kWqcp06xk9T+P9jRuPV/zc+PvutYuupHxuAeL+1dLO/1c0FGobdR8MSABkbm6aKDSBa8W9p/5sq8KKgdEEkAkIFKopGrU6d599sfnt1nY5JiIiIiIiIiIimhsMgImIiA4ga9euRU9PD4aHh3HffffhnHPOmdV4K1aswMUXX4wTTjghfywBkMACjbcXnuTBX/wCANDb24u1a9a2P4koZZ8uZivF8q0d7EZtdmx8zHRjlg5pcQ71x4qGTXd9ObzkWXMcMja61bY5zyznYFb5h2Fc0A3fBdo/CBH1Nc17pgV0ogrRcWToQCYZErXIGpzGhE20URQtExERERERERER7S31fQCJiIhogQth7e23346JiYkZj3P66afj7//+70vhb7vGx8dx++23A8AU1cgHrlDNrCjCXlfKLEVJs1FXNX0ghIx5FTBcqpqvg0bbLe+ZhsuuqjpDzQAGNaTWQMUiUVeFnqogtYLEuhdGRfw+1qb1FtdERERERERERERzgBXAREREB5gzzjgDt956K0ZGRvCTn/wEL33pS1t63rJlywAAnZ2duOCCC3D22WfPei633XYbRkdH83mRp9E3ib5CxasJlcDuOInaSi9oIfxVRdH2vgiBEYJyZHN+avUvQDUDvnbbOB7f6VtZq4StmIsO237DdlX3uhgAb3vJnE+JiIiIiIiIiIioIQbAREREB5gXvehF6OrqwtjYGL75zW+2HAC//OUvR29vLw455BCsXTuDVs0NXHPNNQCA7u5uvPCFL5yTMReCuF5U4wfDFruh7bHxewKXql4XcLWpqL9+KdphA0Amxb7aU+3XPKtz1wAFsprBl25L8ZNNXUAtcXNxG/367/71sG6eoooEFm97yc45nhAREREREREREVFjDICJiIgOMD09PTj77LPxrW99Cxs3bsRPf/rTlsJXEZnTkPaWW27BQw89BAB43eteh+7u7jkbe3+nvt7U7Wbrq11NFHCGimAb3RGNnr9AY2Af8qoJ1b5hL2RFpoqNg0AmisRX3iKqys2rqfM7k28XFbyTf65iIAqMVjOMV10pskgGNYmvyo6eFz1fVVrdDpuIiIiIiIiIiGhOMAAmIiI6AJ177rn43ve+h4mJCXz2s5/F85//fCxatGivnX9kZASf+9znAACVSgXnnnvuXjv3fqGuo7OKFvvdhiRT4VpBW6AoC17IbaB9la8J9xWiCmPHkKWd2GaX4R3fGQVqNVhJ8i7RblkEYn3FcOYLpq0bwx2nkFIlr0LD8f5LFUhqBiYDRk3F5c9IoHFrbjdNF0pD/euzIKN4IiIiIiIiIiLah5npDyEiIqKFpr+/H+effz4AYOvWrfi7v/u7vXr+L3zhC9i2bRsA4C1veUu+vzBNQ5p9haRygQthq79uFcAmCSACC4Mxswij6VKMJj0YK311YzTpxZjpxWjai7HwlSzGeLIY42YxxpL4aynGk6UYN8XXBJZgLO3BcMdiqAiMKmyixXzi7wauYlukeIyIiIiIiIiIiGgv4f8cRUREdIB64xvfiCOPPBIA8P3vfx/XXnvtXjnvt7/9bVx33XUAgA0bNuCcc87ZK+fd74lGAaOvLg0VsQIU5aoLs/1z3sJZAAkhqwgUHe5BA2SJgU2lCF/hbxsDiEKNQoy6gpg+QgAAIABJREFUHxnXH1qgEFNktSLqvxCtLYAE0A7rvqcGVpJi/RNEIbC6+yb6WogvCBERERERERER7bMYABMRER2gkiTBJZdcgsWLFwMAPv/5z+OHP/zhHj3nDTfcgL/9278FACxZsgQXX3wxkiTZo+dcCATwCaUPeUPlrwm3D4DqX6BU/VuE4RYwNYhYiFhA63bcVYGoD8tFoGKgISA2Ak0EKgI1gCYobpsQHsMHvALJDEQzAAqk1p0b0VwExV7N9RXBREREREREREREewn/5ygiIqID2MEHH4zLLrsMaZpCVXHFFVf8/+zdeXxc9X3v/9f3zEga7ZItybZsS96wTcDGG94XIASyNAvZSZo0KUl7c/tL06TZ7m3TJmnakq399d7f/bU0CUmaBAhJWAM2e8A2YLDB+4Lxvlu2bO0jzcz53j/OnNFI1jIzGi2W308eY0szc77f71lm4MH7fL5f7r333kHp65577uF73/se1lpycnL49re/zcSJEwelr8udn+e6xtDheA/rh4uJUlUSPxsDEcch4ji4jhmdk0Enhb62y/47YBys4z1wXAi4ELAQtBBwsfGpmo1z6bHD2EQ1sFe9G68MdmxSNbBNVBDbgBNP5B1wAolg+ZJpoI1VBbCIiIiIiIiIiAwLBcAiIkPJZukh0gOLF4xZwKZxPc2dO5dvfetbhEIhAH7yk5/w9a9/nbq6uqyMq66ujq997WvcfffdAOTn5/Otb32La6+9Nivtjzrx8xI2AZ51Hb4Sdvl+B5wKdAsZk8LLOuPw/RbDl5o7WNvu4o7CxNH4fxoXjItDLH4M3K5TYJvkklt/Kmi8ANfEq3aNmwh8jX8cu1UWW2OxxnpVwvE1fR28gNkYBwIWY2Kd4bG/7m/y9M/+8ypyFxERERERERGRIaQAWERkKJksPUR6498gkOb1tGTJEn7wgx9QXl4OwObNm7njjjv4+c9/TnNzc0ZDaW5u5uc//zl33HEHW7ZsAWDMmDH84Ac/YPHixZnt35XAWNxAjJgTZnuOyz3BPB4zQZqsX6VK51TDDhCwXAw4PEoOv24vYAsOUWNH3b0iLnRW/DoObiAIAeM9nJ7+drr+HK8UjpcCx6eA9n42JoAxxgt24+37D+uvIewYr8LYBhNTSFsCnefBD5pJqjJOyqFFRERERERERESGSnC4ByAiciWxtmskY8zAUgG/vYG2I5e3bF0Hs2bN4kc/+hH/9m//xvr162ltbeUXv/gFDzzwAKtXr+aGG25gzpw55Obm9tpGR0cHO3bs4A9/+AMvvPACLS0tidfWrFnD5z//ecrKygY0ztHP4Li5BDDkGq/K1DoBrAl2BvwOXpm3BSfqgHFx4+sBG2visxjbURM8Wrz/aJ2YHyYWCGDdINgYxjXgOli8bNxabwlgYwHXeyJ+mPzCYSzxMnnXYq3FWNO1dN71OvTaiD+H164LuC6ca8oh0hHADQBuPOX1w16/DQdwjW63FBERERERERGRIacAWERkCBljcF03XmmWQTITD38668y8n6y1SdVnciUyxnhhVnLil8IlkXxTgjGGsrIy/v7v/57169fz85//nMOHD9PS0sLatWtZu3YtgUCA2tpaJk2aRFFREfn5+bS1tdHc3Mzx48c5cuQIsVisSx9TpkzhU5/6FCtXrszW7o56MSdC2DGECWBdp3ONWdf6pbDeGx2LmwPxRBhLBMcZfd8HDjAjGOWRd5fSFgwScB1cY+MzLPdU62x7ny7fJiaTjv996bHyZ0jvLJI3OK7F4NIQNXzsP9vYcLQQcLv249h46Gs7w183gx0WEREREREREREZAAXAIiJDyFqLg2H71m3cf//9RCKR9NtI+vmjH/0oCxYsGDVVfpI+P8C11rJ7924e/N0DNDY2AqlfFq6Bmpoabr/9dioqKgBYtWoVK1asYP369Tz++OO8/vrruK5LLBbj4MGDHDx4sM82Hcdh/vz5vOMd72DNmjWqUk9TwHXIcw05ASexzq1xDdb44aL/zng8GfMqXXEDRLG4WKxX6zpquDgEXZeiSAdBa4iZeHRrbeL6sn5qm8z6f1mM6Twmie9Smzy3vk38aYz3g9eLjRcJGwosGOMSMO0QC4CJedvbpObi7wETXzu4600RIiIiIiIiIiIig0kBsIjIEPIyCpeHHnmQ+399bzxciOcGaSY1FigoDHHN3Dnk5uaMqqBHUpcIVi2cOXWaxx/7PefqzqbVhotl3rx5vOc9704EwOCFuGvWrGHNmjVcvHiRV155hTfeeIP9+/dz7tw5WlpaaGtrIz8/n8LCQioqKrjqqquYOXMmixcv1lTPA+CHjRD/3nDi3xPWdE4vbI1XEYxN/G4tBIzFGT2zP3eKh7cGgzVJlb9JNxf0eJ+B8f/quoi6ueSHzl+MXwKc9LyxFocYgUCQO5Y2cfM1SVNLk3QzhhtfEji+veu6OM6oOxsiIiIiIiIiIjKCKQAWERlKFs6erePZZ59NfiqdzQESVW+vvrKZhosXqayqzOIg5UpjUggLy8rKuOWWW7jllluGZEziSRSn+lNAJ4W9xAtPE++DUZj6dtXTdM2D1NElXByMNRQ4UT4wfxwWhyBR3N6+xbul0XWnTw3CQEVERERERERERC7lDPcARESuJBZY98Q6Tp08FV+3N7M2wKv8PHTwINu3bceNaZFJkaywPVV/DjM//E38HX8+QKLU1Djx9WY11fYgigEW1wYwTgTjtIOBgDHxB50PDEFrCFoSDxERERERERERkaGiCmARkSHgTw3a1NTIE2vXYWOxzql7M8xrrLVEOjq47957WbJkCUXFRVpnVSQD1no3UOzcsYM9e/aktg3eR7e0rIxlS5dRUlo6eAP0OTY+N3RiUdv4rXyG+C5gHEZ9FfBwMYn1gB0c1/WCd2uxpqd0V4mviIiIiIiIiIgMHwXAIiJD6PDhI7y5f38iEM44sLWdU6FuXL+eg4cOMnfu3GwNU+SK09HRzm9/+xt+9atfpTQlNng3YcyaPZvp/2v64AfAyTeM+PM9u/EnEtNE+8/JYHCsg8Himpi3DrEF14ldsrZw56LuSuJFRERERERERGR4aApoEZFB1HUmWcuGF56nsaEBY0zG4W/nVl7L0WiE5597lmgsisV6z460KWxFRri2tjB1Z8+mHP76BifiszjW+xB3/7x36diQWMDZIT4DNAaMwTX6Csg214GoA66xWAwGB8c1mO4Pa7CAa7o+REREREREREREhooCYBGRoWCgPRzm8cceIxaLDaQZLxBKWg/UGHjpxRdpbWlWwZlIRgyNDU3UnakbER8hiyESCBB1Al6ga018XWIXg4sxLsbEME4UY6LgxHCD4AYMbsCfkljxb7Z5kz8bHByvINvgzbmdvDZz/OEtyWy7PERERERERERERIaKAmARkUGUCGwtvPDC8xw5fHhQ+tn3xj7279+PG3NR8COSvvPnz3H+/PnhHgYABksw5uK4YGyMkNtBXjRGftSS5z9ikBcz5LmQH4sRciOE3Aj5toNc10X/iSciIiIiIiIiInLl0hrAIiJDoL29nQcffJCO9nYvn81ymWFTQyMPPfAg114zh7xQSJXAImmIxWKcPnWahoaG4R5KnMHgUmA7eB8Oc5wgEcfGZ3x24u8gsR6wMQ5YCADGyWW8sThuBK1DKyIiIiIiIiIicmVSACwiMliSCnGPHzvOrh07sdZ/MvuhzJPr1vHpP/1Tpk2fkfW2RUazaDTKyZMnaG1rHe6heCy48e+ISS5UuxbXQMDGwLiXvD2Gi4PrLf1tLI4bJOiC9acmFhERERERERERkSuK5gcUERkCr722hXPnzsV/y34iYzBcuHCBFzduTAqZRSQVHR0dHDl6lGgkOtxDAcAaiDkGg0MgZnGIYohhsDgWjDWdDxeCLuAGyImGCMRyMNZbrVZERERERERERESuTPq/gyIig8Qai8USiXSw7rHfE41EcI3BDkJFntcTbNi4gbbWZqy1WQiCu68nnIXpZG23R/eX4+NO9ZEV/YzpymTp+fyny+Fy+E+NttYWDh06gDUWLJhhvhYMEIj37zpe0Buw/hmwGNykh8WLisE6EYyxGKz3PXMlVP96Zc+djytip0VERERERERERPqmKaBFRAaJwWCtZffOXWzevBkYvCjMWosxhtdff50TJ09y1VWzstBq0mht4o8B5SvJ4Xfix+RmrbcvsVisS8hrTOcWxhgcx8FxHLDWf7GHhtMfU7+b9xEKZnpY7EA2HjTdgrRMzn+WrplL2+zFAPpoaGjg5MmTifW5R0IRven6R++7Z7r8lbzJ5S3Few+s/8XR99tERERERERERESuKAqARUQGUTQa5Te/+Q3t7e2D2o/jOFhruXjhAo8//jif+9xUcnNzs9K2tZZIR4RIR3s8rEwtZjHGEAqFcBwHk7SN9ZOdpICnqaGR3bt3s3v3bo4ePcr58+dpbW0hEu1IhMDWWhzHITcnj+LiEsaPH8/VV1/NokWLmDBhgteHMV0qg01KY7V+7udv1WXf/Xb8n92Yy/lz5zh16hRnz56lvr6epqYmWlpaCIfDxGIxXPfSdVp74jgOhUVFVFZVMm3aNK6++mpKSkq6jN8P94eDtZa2tjZaW1q9qlJvUClu7B3JUChEQWFhZ1A5gH1xrUtzYxNNTU3duxpQ+rf/jTeoP3c+rSb86yESiXDmzBlC+fn9bpOXl8fYsWN7PAbZPsf+dZPu9ZN8zSe347oukUiESCSS1XH2PhBwjCEvFCIQDPTzVq8KGrhkZoCOjo6hG3MSx3EoKCgY1s+viIiIiIiIiIhcuRQAi4gMEmstdXVneenll7CuyyWlelntLF5x7Lo88Lvf8dEP38648eNSD+v6atq6/PSnP+aHP/whbjSWcpslpSX86Md3s2DBgs4QxFowLriW9o4ODrz5Jvfeey9rH3ucxoaGS9roHpwkhzt+IJyfn8+HP/wR/vSOz1A1bhxOP2FRLztJuL2NttY2Thw/zoEDBzh27BinTp2i/vx5Ll68SFs4TEdHB2fPnqWhoSFRJmpt75Nj9xX8dNkX48WrBQUFfPSjH+XTn/4048aPx3GG51/TyaH7c88+wze+8bc9np/+OI7DDTfexD/9852MHTs20WamgVhTUyPf+96d3Hffff3VxabFdC/5TaPZAwcO8Cef/ET/fRhYsXIl/3HXjwiFQonnBzMgTD6PqfSRuMnBdWlpaWbP7l08+cQTbN68mUOHD9Pa2toZEA9BvW1xcSk//dlPmTdvfu/nJOm7pb2jg7Onz7B27eM8/8If2LNnD42NjcMynffM2bN57LHHh75jERERERERERERFACLiAyqbdu2UXf2LODlF0ORQ5w8eZJXXnmFd7/73Vlr0wKOcbBEUw7e2sPtHD92jAULFiSec12XvXt3s3btWl7csJF9e/fSEW7PKMfzqxtbW1v52c9+zrPPPseffPrT3PaB91NUVJR6O/G/f/D9H/Dr++6jvS0Mru1zTKa3n7tVIKfKwQuS21vb+NlP7ub3Dz/CbR/4IH/y6U9TVVWVdnvZYoxh3rz5zLvuOjasX9/1RoYUuDGXPbt3sXPHDlavWTPgoLPu7Fm2vb4VJ3GIs/OJGmgIe0mA3NN7/H+6XSMtLS3s2bOH1tbWjPvvybhx45gxYwaBQCDlfXNdl127dvGb++9n44b1nDh2rEs1e9cbHQa3stVaCBiT0imOdLTz+OOP8cBvH2Db1q20tbR4VcHGYIahAjd59nMREREREREREZHhoABYRCQbErMaJ/1ff2t5+ol1tLW2eL/3l0FYOqtKe3hvfyGGiW9urGX9hue55da3EcovSGn4fY/LgHXwAp/UVzGORaIcPXqMaDQKjuHsqTP8yw9/yNrHHvWe88ftpB7O9HgM4mnLsWNH+M63v8nRY4f5/F/+JSUlZdBtcudeWsUYQ0tzG9EOL+C2SWNKNzpKNWzq/j7/d2MM58+f58f/eRevbdnMd/7xn5g+8yqvynuIgqzkfiZUV7N61Q1s3fwazS0tKR8Q/8ifPXOGzZtfZenSpeTlh/rbrGsDiR8tBjhw4E1OHD9+yRgHKpO2Mu3f3y0/CD554iR/9zf/kzfffDOj9nrznve+h29/558oLCzs2m8PI7LW0h5u47777uNff/gvtLa0eBW+ZuiuuUt5swVY0/1mDJMYs7WWc2fr+Ltv/A3PPvNMZ5BvOiuUh2P8Bu+mDm895nj/CoRFRERERERERGQIpf5/8kVEpHc9zAF85PARNm7cmF4zSSHgmPiUuamyib8tW7Zsoa6uLqNq1GyJxWIcPXyYN/bt485//Cfe/7738ejDD3cJf7PNYrnvvvv46d1309rS1P8GfbY1vKy1bNmyme985x84dPDQsJ1Lx3FYvmoFE2snk8lRsa5l86ZXqDtbh18Hmy5jDNFolG1btxEOh0fdmqpmEB6pshYuXrzAv/zLv/D9732P1paWzhdGpPhNMq7lxLFjfPGLX+CZp58e5jFdanRdoSIiIiIiIiIicrlRACwikm0WcC0PPfQgFy5cAFKsQjNe6GexlI0p54t//SUK41MZpxN4OcbhxPHjbNr0MrFYdNiCQ2Pgmaef5PYPf4j/+undXKg/h7WxQeiIzrTFQritjR//+Mc894fniUYHob+hZGHjhg387//1/1Jff344uscCkyZNYunSZWmtKZ18Wg4cPMCePbszCxXjn4vz58+ze9cuYjHvnA7nzQ2XM/+c+hW0ra2t/Me//wd3/+Qn3nTs/vtGcoJpLWfPnuGzf/YZXnn55UQ19Wi7MUBERERERERERCRTCoBFRLLAD1X80Ku+vp4/PPeH9EMJAxjDzJkzeetNb+UtV1+dcnjsp23WWtxojPvuvY+GhsZhDcqam5sJt4WHbDpWb81Pby3d//rZzzhx4kQi6LrcGBPPW63lyXVP8PRTT2Kty1DXJlssoVA+K1etomr8+PR6j38wWpqbefHFlwiHw6mfi27X9P439nPwwMHE9gr7Bs6NxfjDM8/ywG9+i4mfFmNM4jHS+Oc+Go1w909+zMH9ndNmj8TxioiIiIiIiIiIDBcFwCIig2D//v0cOXIk7e38IHnR4sWUjSlnzZo1OI6TcmiWHIJs27qVvXv2Dlsw4gIxSAR5id8HUXI4uHfvXl599VVc171MwyHvajBAR3s769at48KF+uGZmdeBOdfNZeGihThOev/pYIBIJMrW11/jaJqfCf/z0NERYce2bZw7V3eZnssRJKla/szpM/z0Zz/lwsULl82Uxa4b49DhQzz04INY1yaCaxEREREREREREemkAFhEJIus8R7PPvsMrS3NaWwYfxhDKJTPmtVrCAaCLFh0PcUlpZ3vSWswlueee4ZIpANvYumh1X0t0t7WJvV33e32yHS8Bm990HBrKy9t3EBjY0M/rcV7TyRJ/mj8kQ2Xrkfsjb372L1z19CvzWrBWENZaRk33ngTJSWl3hCs7ZxOuO/NMVgOHTzIa5s3E41GO6uyU2yguamRzVs2E4lEUr4ZoqdrqrfHQI5ob9fvJX2MlIQ1vrPRaIQ//OFZdu7YjpNJ/Jt07qxN/Vin+kgea+ISMdAe7uDHP/oxF+rrvenB07ghoLfzNBis/4cCahERERERERERGQYKgEVEsiA5gmhouMiTTz4Rn643TRaunTOXWTNnY4zD9KuuonriJK/qMcWcI3n61ldf2UTDxYvpjyMLDF3/JdP99+Tn/deSH5nkZSY+b7JxvDVBt2/dyvlzdSllpgaLwcYDT3Di1bfDx8RH5e3Xhfp6tm/fTri9vb8NszoCx/jTdzssun4x06ZNj19f3vN9Htr42yzQ2trCppdform5+ZLXezvQ/kunTp5i77696Y89xcdAznNv1+8lfYyQINAfb2NTE08/9RSxaNS7PWQA0z6nc6wzOiem84fTp0/x5NonEt9z6QTrvY1zMFxyukfKDQAiIiIiIiIiInJFUAAsIpIlBsDCE+ue4PSpU+mtOxtPZYLBIO9///vJy8vDAqWlpdz01psIBIMZjenQgYPs2LGDWDR2ReYP586f59Sp032fCwtYg7EmHtL1k0oOMWO8MDsajbL/jTdobW0dtrFUVFSwctUqAoFgRoWNO3bu5MjhwxibxtG1lt17dnPx4oUMepTenDl9moOHD2XewCB/RBIfxW5d7t+/n6aW5styXW8REREREREREZGhklmiICIiXfhhRLgtzO8ffRQ3Fkurms7fvrKqisWLF+MEAwA4AYc/eve7ueeXv6D+/Hl/lmhMCsmLAdra2rj//l+zeMlSCgsLveeHeA3V9IIag+2l8jaTcbe2tFBfX4/rur2uXZuY+Nl2TicbX0k48acTCOA4DgHHwXGcRPWhMYZAIEAwmENfw7PW0t7eTjgcJhKJZLxPJ06cIBwOd1nreCj4/eTl5bFixQoefvghjqQRHvrbn6s7x6uvvMp1c69LPOcf/+574u9jW1srO7ZvJxKJ9Lq/vV1j3vTTKVTPJ22f6jH1+7TWJirP++J/Zv23DWeAaa3l1OlTNDQ0DKgN7/jS775n1D7e9MwGk6iettZy9OhRr0o/gz5tl/PsDMaw/daTrm+b0ve1iIiIiIiIiIhINikAFhHJBmPAWk4eP87+ffu8oCHFoDbZ1de8hcqqyi7PTZlSy7z583j2mWc6A600vLjhRQ4eOMCcuXOHJYhIBCFJa8aa+N/5oRAVFRWUj6mgsLCwS0jbHm7j4IE3BxRSua5LS0tLv+Oz1nLd/PnxoNiQnx8iVFBIcXEJpaWllJaWUlZWRmlpKcXFxRQWFpKfn09uXi7BQLDfIMkCjQ2NPP/88/zvf/tXDh86lFGA1dTURMcQTgF9CQMzZ89k+fLlnDh+jGg0mtYVFQ638cqmTbz3ve+lalxVSlXEJ0+eZPfuPbiumwgCezp2xhjKy8uZMmUK48aNIxDMAZPaRCd1Z0+z+dVXicViaeyN12dpaSnzFyyiqLi43/fOnDUTJ8UxDSbXdak7W0dHRweQ4Y0ExlBWXsbUqVPJDxWQ/XJgS2FRAUXFRf6vuLEY9efrvV/94D2tFqGyajzvec97mDJlCjk5OSTF2FlVWpq0drvyXxERERERERERGWIKgEVEssJLpjZt2pQILNP7//5eleKyZUsJ5ed3adZxAqxavZoX1q+no70jvphoai0boK21lfUvrOeaa68l4Ax0xdPUJartjMFxHHJzcigoLODqa65h9apVLF26jKuumkFOjh/Ume4NcPzYUb72la/y2mtbcN0M1lQ20NHR3me1pY2P8SMf/Qgf+chHvDDX2Pg2TmdD8Uo+Gz/+Nn7O/VC7n2FQXFbCu9/7bs6cOsG//PCHxKKxlE6FH3RZa4m5LtFo1GtziCu5PYbCwmJuvPEmnn7qSerq6tLa2nUtu3ftYteuXd6NDv3sQywWY9/efRw+fNDrvY/3W2upr6+nvr6eMWPGMH/hIt52y628813vJD+U7w+/R88/9yxbX3/dC4BT/Hj552T8hAl87X98nRlXXdX/RiTdANFPBbDt+kfiWA34rFvvuDY0NnrXIOmFqdZaTCDA2952M3feeSclJaXeqLJ9PVr3knDWWmhta+28gyRNRYVF/MM/foeb3/pW7wljMmrnEj3tumt7f01ERERERERERGSQKQAWEckGC+FwmIcefohoLOpND5xmA6Ul5axYsSoxxXByMDF//kLKS8s4d/Zs6slyUmD08ssv8qk//TT5BQVDuvi7tZZJNTX82Z//N+bNm8fkyZMpKipKKWyywKSaWv7H3/4tX/jLL3D86OG0+jbGdMnPen1f5wbJv/RwiE2XV9I9w/4a0VOmTqegsIjGhoupTeXtn0eTWb9ZFQ8t58yZw7XXXMtzzz0XD8RTHJeBuvN1vLJ5E8tWLCcvFOrjvYa2cJjXt71Oc1MTTh/td7+eLly4wDNPPUVJcQnveuc7vXH3FR7jYHEyOrbpbtH9/WPHjuH2j3+C+vPnuzwfc11efvllXtuyGZOVlDKJa4m2d3SZ+jplBmqnTOGLX/oyxSVlvU7hPWCm2xmP/+JGY/E1pL0nUv0+M8ZwzbXXsHzpsqGpynWyFNiLiIiIiIiIiIhkQAGwiEiWbNu6je3bt4O12Hj4mE44sWTpEmpqanp4EaZMmcL0q2Zwvq4uo7VD9+zazfFjx5gxc+agrNfZG2MME6oncOuttzJ27Ni0t8XC5EmTqampSTsAHrBBOkw5OTk4TuDyXBfUW/CVsrJSVq+5gY0bN9De3h5fAzeF7a3FjcV49ZVXaLjYwLjxoT6jzYv1F9i65TWs66Zd8RwKhVi8eDG5eXnYQShQzZYxY8fyx5/8xCX7F+mI4FqX17a8Oij9WmxGAXDACTB92jSmTp06CKPqX6ZRuDGGyspKQgX5WEPnBZHipSsiIiIiIiIiInI5Gf6F6ERELlN+EGutJRKJ8PBDD+JGoxlNzZubl8f7bruNYE5OvPH4C/GmCgoKuPXWt8fXrExfY2MDDz34IJH2jgy2HqAM1upMMOA4DsFgILtj6oW1NvFIfi75tSuat7Q1gZwcFi2+nlmzZ2Oc9Cuhjx4+ys4dO7zjaW2PAZwBDh48wPHjx9MbYvw81dTWMGfuXJy0q/GHXq+fD29+8sHsOYNNDHn5IQKBQNJTQ3WEbS8/p7CltRw5cpTGhkb/CVKbwL3vNrs/RERERERERERERgIFwCIiGfLXAAU4d+4cm1/dnHEIUD2x2gurAk6XUsVEPGEMt9xyC5VVVemHLRasa3n4oYc4W3c27bFlxWUUjPjH11pLLBYj0hGhra0t/milrbV5QI/2cBhrM1jPeARITKttYNr06SxfuYLcnNy0tgdoamzgxZde9Na0puf1cF3XZcf2HTQ3NSamz+6P305OTg7z5s+nZkotNkvLvGabMSbx6Ntgjd54s56nNIZLtvT+zmDbgTH3sl0UAAAgAElEQVTx4NmmfVSstezbt5ff//5hopF2sDGsG/PWGu4hyO334fZ844KIiIiIiIiIiMhIoCmgRUQylBxabXt9K6dPnUoEI+mGE3PnzqW0vCy+re1hemBLZWUF1y9ZzMkHH0o7ZDbGUHe2jtde3czkyZOHOLS5vMRiMY4cOcLGDRvYuWM7J0+c5OLFi4TDYVzXHdB6rBZobQvT1NTUy3m+PFggJzeHNWtu4PHfP8axo0dT2y5+3UZjMbZs3sLhQ4eYOXtWj9dj/fnz7Nq5k0hHhHQrVUtLS1m9eg2hUKjLjRoj0gge2kiUl5eHdz2kf+AiHR18787v8uzTz1A9aSK5ublYazE2/fshjTHk5eVRUVHBpNoarr32Wqqrq9NuR0REREREREREZDAoABYRSUc8c/DXkLS44Lo8+uhDtLe3JXIqQ8+RlV/R69jk5wwrV64hlBvC+JFgUjv+ezABVqxczdrH1hIOt3mvpxLkGj94s2zcuJ63v+ud8RBlKKduHbkSUzy7lov19dx1113ce889tLW1djkX2Xa5HvvkatxZs69mznXzOHr0aEpTfSe/fujgfrZt38b0q2bgBAOJa98/H4cPHWLf3t248WrpVI6XH6jX1k5l3vz5iW1G9LEewUMbaQLBAKXlZbhYAhmcU2MM4bY2Nqxfn7UxWWvBGBzHYfnKFXzpS19i9uzZ5OTkdc7kb3r7N4KIiIiIiIiIiMjg0BTQIiIZ8is497/xBi+/vCnDNqBq3DgWL1mcUj4wZ+5cxlaMzagvgM2bN3P27DBNAz1CGcC6Lmsff5xPfOIT/OynP6WttU2VmX3wA9WCggJuuPFGiouKU9ouecXV1tY2Nm3aRGtra5dL3xhDR0cHO3fsyOhaNcZh4fXXU14+Ju1tZeSbOHHicA/hUtbixmJseP4Fbv/o7XzpS19i7769DGTNYhERERERERERkYFQACwikgEDOBis6/LII4/Q3NyUdgP+KpZvS2FtX/+1iRMncs3cOThO0td3cqrWV5fGcOL4cdY//wLRSPSynX44ayzgWqKRKPf86pd84+/+hn1v7MF1o2BcjIOK9vpgjLce68KFC5l99dUA6a2BbWHH9h0cP3YM/0D72zc3N7Pltdfo6OhI9JVik5SPHcOi6xcRzNEkJ6PRzJkzyYtP3TwSdK8yb29rY91jj/PJP/5jtr7+GmS4LryIiIiIiIiIiMhAKAAWEUlH0kye1louXLjASxs3YmNuRs3lF+Tzjne+g0Ag0H/XxpCXl8u7/+jd5ITywJiUi8r8cMJauPeee7h44YJCifjBe2LdOv7j//93mhsacTAYY0b2lMEjiDGG6gkTWLVqFaFQKM2tLXVnzrDp5U24btfPz+lTp9i7Z0+ij1Q5juEt11zD1W95C8bRORyNJk6cyNKly4Z7GF0kh8DGeJOZX6iv5y/+4i94+eWXvK/qK/77VkREREREREREhpICYBGRAdj/xn4OHjiYcjWtVzncqXrSJKbPmJFyWGUtrFixgurq6kSP6cZc+/buZfeuXV3Wcr3iWG/N30MHD3LXXXd5Uw2nWEktXQWDQVavXsX48eNT38iCsdDW0sKml1+m/nx9l5f37N1LXV1d2mMJ5eezZNlSKquq0t5WLg+FhYV89rOfpaCgYLiHcin/O8RajLWcO3uWb3zjb6mvPz/cIxMRERERERERkSuMAmARkQx41VyWJ9atpbWtLTGdc/8bkggIwHDd3HmUFJekUckLxcXFLFm8xPuFTDJLlw0b1hONRa+4vDN5iuJwOMyvfvVLDry5H2wGFdy22+NKZaBmyhSuX7IEY5zUbyww4FqX3bt2smf3Lmy8CjgcDrNj2zbC4XDqY7AWrGX8+AmsXLESJ43qeLm8OI7D/AXzufGmt3pfo3R+D7pJj2E9/cabKsK6liOHDvOD732fSHw6cxERERERERERkaGgAFhEJE3WWowx1NWdZd0T6xLBVUrbEg8g4wHBzTffTG5OTsoVxH7gsXTpcnLzcjNYo9aLRV56+SUaGhu5UlMyi+XY0aOsX7+ejo52EjmSZg3OgKGouITVa26grKyMpEyuh3fGXzJ4nwEDZ86cZsvmV4h0eIHv6VOn2LN7F7FoJK1RWGO4+pq3MGXq1ESFsYwu/hTLofwCPvtnf05pWTn+zMr+7Ar+Y1g+yvEL3MYf3tTQlqeffpoDBw8Ox4hEREREREREROQKpQBYRCQNfvWotS5PPPEE5+rq0o9Q4+tBTp02jQULFnjVw2mkFRaYM2cOYysqMg4uDx86yJZXNxOLxdLbcJQwwPYdOzhz+oz3eyZr/nY/7t0rgnt7jEKO4zB//nzmL1iA46T3nxbWWl599VXOn79ALBZj7969HD50OO0xhPJDLFmyhLy8vEQIJ6OUgdlXz+b/+z//h9ra2q6vjZDPmt+9wdBwsYGXNr44rOMREREREREREZEriwJgEZEMtDS3sG7tOqwFJ16Vlg5jDO94xzsoLS/DpBmYAVRPqmbhwoU4AaezqjjFfgHaw+386he/oK2lNeVtRxNrLVu3bqW9I5zWueu8AcAmjrv/TyIQ7uOR2Mamfs4uF+PGj2flmlWECgrS3r8DBw6wZ88u2sNhtm/fxoWGC2n1bY2hpqaW6+bNIxAIJCpFZfRyHIely5by3e9/n7FVlYDBjX8eGUGfLWstbizGhvXrh3soIiIiIiIiIiJyBQkO9wBERC43Bjhy+Aj79+/37qKxSS+kqLikhFWrVxMIBDIaQyAQ5AMf+CDPPvssLU1NKW/nT19tLby2ZQtvvvkm8xbMz2gMl7PW1lZOnDhBLI3pu31+sBkIBKgaP54xY8YQMAFSuwAsTY0NHD16FDeDvkci/3gYY1iyZCk1tTXs2bU7rTvMmhob2bBhA7W1U3j9tdfAtWkVtefkBFm4cCFTpkyJB+2azXu0M46DtZb5CxfwwAMPc889v+L+X9/P+XPn8BeiHvZrwK9ENt5NDiIiIiIiIiIiIkNFAbCISBq8XMGyYcMGLl64kPY0owaDxVIzpZap06ZmVDnsB27XL76eKVOmsnPH9pSDDr8/Yy3h9jAvbtzAdfOug4CT8jrElzVjwFpaWlpoaGjAphk0+sc/lJ/Pl/76r/nYxz/mTTmcWIG0H9by/HPP8pWvfMW7fkbBIU++hidOmsSKlSvZt2cv1nVT3r1IRwevbdnM5MmTOXz4EMakfleFBUpKS1m9ZjX5+QVpj18uT/7NLMYYxldP4Etf/jKf++//nQd++zt++ctfcvrUCaKxGNZ1szYbtLGWSDSCdTtveuh3G2OwQGNDQ5ZGISIiIiIiIiIi0j8FwCIiaWppbuL3jzyEjcUymmbW4LB40RJKSkoy6t/vMycnjxUrVrB35y5cN5ZemOh4QehLL73EH3/qU5SUFGc0lstVJBIh0t6GSTMastaSk5PDn3z6U3zoIx8hL5Ru4GhwMSOhNjHLDGDJD+WzauVqnnhsHSeOHUvjmjQcPniY+351D40XG0h3hYqp06YzZ+487xfr5fwyuiV/9/o/FRQU8PFP/DEf++OPc/78ec6dO0drayvRSDQrfTY0XOA7//BtTp042ffY/DH5A7OWtraWrIxBREREREREREQkFQqARUTStGHDBt54441EBVo6LBAMBrn17W8nmJMz4LEsXbqUX/3iv2hpbkkvUoznnjt37eSNPXtZsGhhxtNRX168HY/FYsRisYxaKC4uZuGCBRQWFmVzYKOCYxzmzJ3L4iVLePjUSe/GhBS1trZy6NAhILXKykSfjsOSxUsoLy9Pe7wyuiRPR15RUUFFRUVW2z937hyhUCit735/TJl+34iIiIiIiIiIiGQivRIbEZErmLWWcHs7jz7yKK7rphVSWWsTQcCcuXOZNWtW0oukPZW0BTAwe/ZsqidOyqwS2UJLUzO/+c1vCLeFE+Mc9Yxfr5qZQCBAMNj//VPJ5zz5uPrnaqQcaX9srrW4rpsYd8rXgqXLNVxSXMzqG9ZQHK9wT6UdfyrfTMZeVVnJwkWLyMnCDRWZSPt4XcastZC0n4Ox390/N7aP/rr3nck1lOboMuon0+tbREREREREREQkUwqARURS4AcNp06dYvuO7Rm1YYwhEHB4z3vfQ6gwH2sGFgJaoKKigtVrVhNIIZDsaTwGw9NPPcWJ48fTDrUvT97krAM57u3t7TQ2NuK6bkrvTw6zItEI7e3taa2PO1Sam1tobGgcUBvWWKyB+QvmM3PmVT0G4H1JNyhzHIdrrrmGq6+ejcEMadDm71NTUxNNTU1dnhut/OPb1tbapaI1W/udXMGbynuT10TvPsZsPZLFojE6IpG09mn0f6eKiIiIiIiIiMhIpABYRCQNr2zaRN3Zuoz/p/6YsWNZdP31OCZLX7/GcNttt1FWVprZ9tbS1NjIyy+/HP91dAdYYLF+FV+GLTQ3N/PII49y6tTJeEUkfSb5jY2NbN68mZ/efTdf++pX+dd//Veampsz7H3wHD92jHXr1tI8oLF54fqYsWO54cYbyMvLy9bwelRYWMjy5csZM2bsoPbTl7N1dTz2+OO0t7cP2xiGirWWaCzGvn1vsGvXrsTzAw45u32GrOvS2tLCyZMnCYfDXfqx1nLu3DnvRooh+L7y9811XZ5/4XnOnjk76H2KiIiIiIiIiIgMlNYAFhHpQyJeMBDtaOehB39HNBpJqdLQzzQc6023bIEZM2ZSXT0xXn3b2Xa6vDpWA8Ywc9bVzJr9Fl7csD71Cjq/+th4kd1LL67ngx96P6HCQjDei6Oybi2+X8FAEBPIwZLefhpjcF2XZ59+mraWFj772c8ydepUTMDBAuFwmNOnT3PkyBH27tnL9m3bePPN/XR0dFYNDuS897hLSeuRBoNBHMdJa41S/32Rjg7+62c/o7mhgQ99+MOMGTsGG79OjTGYgEN5+RjyQ/ldB2+ApFDdYAjlhVi6bCUPPfgIb+zbh7Fu0nuzIP7BHDd+AktXrMQ4zoDadhwHjBdem6TK/L6a9I9bNBrhnl/+F4cOvsmHPvQhKisr++3PYAgEc6mdMoXS8tLOz/NQ8E4ojuPgkl7Vrf+ek8eO8Y/f+Tbf/va3qaoah3H6Xj/cv1HC2hjWusRiMaLRKG1tbZw8eZITx45z/Phxjh07xvFjxzh2/DgNFy9SXFrCj+/+KfPnL0i01drayp995jPs3rWDyspKamprmVxTQ21tLbW1tdTU1DB27FiCgRxMlm60iUQiPPXUU3z3zn8m2tGR9vT/xsavMRERERERERERkSGiAFhEJBUWtm3bxo7tOzLdHDCsWLmSwqLC7A0rHvStXLmCTS+9SDQazaidrdu2c/TYMWbOmjVKk99OBsjJzSEUCjGQ1YBfeuklXnrpJejWQvK0tKbb84PF76+oqIhAIJB4Lt0+O9rbue+++7jv17/2KqUTO2apHDeOO7/7XdasuSGltmbMmMHS5cs5dOgg0WxXx8ZD2jlz5zJx0qQBN5cXyiMUCtERbkt/YwuRjggv/OF5XvjD830e8+RgubS0nH/+7ne5+W03dz45RBzHoaiokEAggJvhd8brW17jgx/8IJWVlQQDub2+z1+313VdotEI0Ug77e0dtLe309ERvy6SPkC9fX66i0VjnD51mtOnTrNp06akDiEvL5fiohKCOb2PK2XWEg6HaWxsxGIzOk3WQF5+aOBjERERERERERERSZECYBGRvsSDiFgsxkMPPUR7W5tXIpgO4/1RWFjATTfdlPVKMGstCxYtpKioiIsXL3oBVColjEnO1dXx5Lp1TJ0yldxQflbHN5L44VJBQSGlpaUYx4CbegDc25SzDslZqe36O0OzDqgBysvLKSgszLhPfxtrbaIq1Y/IDSbxeUhFfkE+N9xwA+sef4yzZ06n/bHpiT99NxYKCgtZvHhJPMgfmJLiYoqLi2m8eCHtbf1q/sS1kXSMeqzqNZ0fS5P4fWjvuggEAoytqCCYk0Mk03DeWjrawhw/chRI8XpLnua5jxsvelrbt6f3JNrsdswj7R2cbz/X9dodANs1oc6ojdLSDKfpFxERERERERERyYDmoxMRScG5ujpeeeWVrlM3p2npsuVMrq3J6rj8qahnTJ/B1BnTMU7/wUmPXMuDv3uAs3V18eBv9DLGUFBQQE1NDYH4dMmpHjP/eHd5JEWlhm6/pzBVeDb2x++zvLycyoqK7LSZNO7keC1VFph99Szmzp074PEki08mzbRp05h73dz49M0Da7O8vJyampoBtdPzddHtPQx/+AveWKsnVFNcVDSgNoCkaz7N7bv/M4DPStfPXuczZDi2/tvvR7c1jV0DtdOmDngcIiIiIiIiIiIiqVIALCLSBxP/n/i7du7k9ImTaYWrhs4v2WBOkHf90bvIzcsblHS1uKSEt7/97eTEpzxNtwtj4Pjx42x9/fXMAuTLhLcWqcUYuO6668jLywMGWKFr+ngMsaKiImbOnAn0Xq2cCj+/sib+SHo+nVbKysu54cYbKSgsyHgs3XlTeOeyYOFCamprs3KcS0pKWbRoEU4/a9mmpbdrols4mOEM5ANWXV3N5MmTMr/2k/bDpvoYjM9KX20OxiOD8TmOw4qVKzPbPxERERERERERkQwoABYR6YMFrOvy6KOP0BYOgzFprQJprcW1lnHjJjB37nWdjWaZwfCOt7+TisoqDCbtLiyAMWzcsIH29vCoDoH9FOfaa69l0qQaEgvKxlm8KlOXLJ6qLimY1+pgHONAIMCi66+npKTMq1bsHjamq0vIl2Y1pYWgE+D6xYuZ/ZZrvKfiAfxAx1M2ZgyrVq/xAvyB7iMQyg+xdNlSJlRP8G4QsHZQPqddDUUfPfaKBcrKy7npppvxJ/vOxnEUj/cdEp9ZwEJpSQnLli0f7mGJiIiIiIiIiMgVRAGwiEhfHDh65Ajrn3/eK94zJuUqMD/gM8DVb3kLlVVVOIM4JfCECdXMmzc/4zUqrbW8+uor1NefT/w+2pjE+TPU1NSwYuVKcnJzBz/3SmRsNp4BZ7nH+Ck3xjB//gIWXX89xglkXLXYveCxa/SbWoPeYTbU1NayYvkKcnNz0x9IL+3OmD6Na+fM6TLl8oDaNIZr51zL8hXLvZs8LAxaGtp9HuihrhSP95mbl8vbbrmFmbNmZVbhmrSN/7EajALay5NNTMdvjGHp0qXMnDlruAclIiIiIiIiIiJXEAXAIiJ9sK7l0UcfpampCfC+NNMNMSxw4403EsoPZXt4XfrAwLJly8jJzc0obXGM4cSJE7zw/PNEIpFBX7t2WBnIC+Vx++23c8211+I4XePNQQurjMEJBCkrLycYDGa5ba/9qqoqPvHJTzJxUnV2289QIBBg5epVjBs/PivHNBAIcP31iyktLc1Ca53y8wt4//s/SNX4caM7qUzKtSdPruEzd3yG4qLi4RvPaOV64W9NbQ1f/vJXCYUG7/tfRERERERERESkOwXAIiJ9aGxs5Nlnnk1M5ZkOP0CtqKxgxcqVGGMGdZZVC8yfP5+S0tK0q0z9sUajUe69516aGhtHZQVwMgvUTp3C5z73OSoqK7HWdqnaHnAIHG/PAq61WMdQPnYMX/irv+LO736fMRUVWb8WbLzycNmyZXzwwx8mmJfrTUXrvTi0U/wmVefOmD6DhYsWJqYaH4iKqkoWLFxIIBjM2i7547zuuuv40l9/hdLycoDENTGaPguJa9sYgjlB3vb2W3nfB96PCQZwrcV13Yy+7yQ+5b/rJn4vKSnhf/7t3zFl2rTRfUONiIiIiIiIiIiMOAqARUT6sP+N/Rw5cqQzCEwjFLHW4hq46a03UzWuasDBVypqptRyzTXX4Dhpfr3H98sAe/buZdfOXaO6CDLZilUr+fJXv8r46gnZDWmSjumE6gl87nOf45577uWzf/7fmH31bMrKyrPXV7dunWCAj33s43zms5+lsKhoUPpJdSwWKCgqZPnyFRQXFw8oTA0EAsydex2zZs8alDLtnJwc/uhdf8QX/uqLFJeUZLfxEaqwsJDPf/7z3HHHHeSG8rzPwCgKvIeafzNBZWUV//Cdf2LV6tVaXllERERERERERIZcluefFBEZXZ55+imaGhviOVNSJWWKCgoKuPXWWwkEAoMyvoR4aBMKhXjPe9/Lpk0vE25tSzlsM3RmPjYWY+PGjSxfsZxgTk6X9w3q2qjddB+7tfFxptW/SbzbJp7pKjc3l9tuu43Kygr+6Tv/yMGDB4lFY50tmKT1nI3p8ecuPcZD5FBBPhUVFXzgQx/iYx//OOXlZWAcrHWoqKxi3LhxvLF3b9LYsndcjYHSslI+//nPU1xUxI//80dcrL+Aa23iRPvj7x56d98n0/2IWdv1ZoYUhh1wHGZcNYPq6mr27Xsj7f3xx1RQUMiyZcsYO7aiS9+WgWbB3pWFMeTk5XL77R9jSk0Nd975zxx4801irov/4R/oWTKYpFZsl+upq26xoU39Kkluq6dz3P295WPK+cIXvkBVVRV3/fu/U3++Htd1vbEmbd9fW8l99je+/tr1KpRzut7MEm82J/58LOZ2/fJKoc/k37uPN9UbQLq04187ccGcHGbMmMF3v/s93nLNtVjT+U4REREREREREZGhogBYRKQPTz/5BMFgZuGtBSZPqmXmrNk4jjP4sakxGGtZvXo1NZNrOXjgAOD2uxmQFFJ4XnvtVZqaGigfMxbwArycQC7GRlNu0y/RDDg5DCj8MBBwAgSDfhidaj2dwWJwTKDHt3eGT97Ly1es4q4f/YTHH3uM+++7j2PHjmFtrEu2lBz89BRyOY7D7NmzueGGG1i8ZClvmTOH0tJSr69EAOWSm5NDbe0UXgq+mNY+BRwHTO9BVffng8Fc/uRTf8qSJcv47W9+y9q1j3PxQn1ieuru+9Fju/GAzcEmxempMYnI3jCmbCxjxlQA6QfAvurqapYuW44x2Z7ApOsxCOYEWblmNf8xfRrPPPU0jzz8MLt27sJ1Y6R27fXUhRdTW4N3JI3pZz8sgYA3lmQmhe6NMThOMPEz9PcJdMgLFfCJT36K5StWsW7dOtY+9hgH39zf43XS64hTDGJLSkqoqqoiNzeXnJxc8kIhioqKKC4uZszYsYwdM4aKqirGVlQwdeq0Ltvn54X42te+zsmTJ7lw4QLnz5/n4sXzNDQ00NzcTFtbG21tbbixGNFIlKamJs6cOUM0Gk17rKnww/zcvFwWL1nKe297H2vWrKGsbIz3nZz0ThERERERERERkaFi7Gha2E5EJIsOHz7M+HGVibV702aJV3ymV12WaVfeD/G+/Cec9EZurcVxHK/6zxjASSSk3u/WCzxS2BVjARs/dt6io2mNxcV63SS686s0U9wnv3+/2z6CMNs15SXS3sGGDRt4fN1jbN+xg+amJlzX4lo3UXDoOAbHccjLy6O2dgorV67g5ptvZvLkGgIBBz+A9rrurCH3i6idDPbJJg6mv0s9H9NLqniNwbqWixcu8PTTT/LkU0/y5psHCIfb4mvcghNwcIwhEAhQWlrKhAkTmDy5hpqaGqZPn8ZVV11FZVUVjhPo5Sj2MI6kgR85fJivf+2rbNm8Oe3bAfx1eD/44Q/zzW99m1B+fsrVqJlKHnssGuXggYM899yzbN32OseOH49fEy6Jc5g0T0DAccjPL6C8vIyJEycybdo0xo+fQF5eiJLiEsaNG0f1xIkUFBZ4fZhL6qyx1u3Sbrq7muq10nUbm6iUjcUiHHjzTTZu3Mi+ffs4c+YMbW3hPseR/F0XDOYQCuVRVlbO2LFjqJ44kdraWq6acRXVE6txkipybbf5vHur1rXdvovwlyo2bvx9Tvy4mfjNCt77IpEIhw4d5siRw5w8eZLTp09zsaGBixcv0tbaRiTSQSQaTayN3O9xivdQUlJCTc1k5syZw6pVqxkzZow3Hgew5pLq+dOnTzNlypR+2xcREREREREREQFobGwEYOvWrSlvM2/ePEABsIhIrw4fPsz48eMH1MZQhL9w6fTG1lovfMig20vGnJit1l/UNsV2bfI2pJ1g2fiUvCnmzT00kHRUTO9TQHtvTZ7SlUTuZoFYLEZrayvt7e3EYp1TQzuOQ05ODoWFheTEp8rua5pZv1m/YtDY9K+Lfqt1e3lv922s9UKx1tZWIpEI1loCgQC5ubmEQiGCwc7q0f6mze1T/P2xWIQn1q7lW9/8Jhfq6y+dVrof1loKi4r4+29+k/e877bBn1KdznNl6Lomrn9M/EdP+lqDO/kcWNM5xXZvRyTT75CebgJIZZsuYSuXnvO+2ukttO1vuvTu7+nvukueQrr7mFKtQk5lf3rTVx99nVMFwCIiIiIiIiIiko6BBMCaAlpEZJB4lWm9rJWa5Tz4kuaMSaodTLOt7oFItwratAY1gODbJKe2GbDdKn77Gklv+2yAYDBISUlJyv32ud4qneFQJicnnbCqs+q4s3N/HWVjDLm5ueTm5mbc5yWhXA/viUWitLW3sXPnDu666y4unK/33pfqDQT+e41hxsyrmDd/vjcN9hDoeq66DtgYM+CbOkwPVb+9vS/T9geyTU/b99dmX9v0tw5xKv339N6e1g5O1WAc28G91UdERERERERERCQ1CoBFREaRjPPS3jYczjSj+5gyHEtflb9DLkv7lLYs9xOLxdi8eTOPPfYY0UjUm+y627651tLS2sLpM6d4c/9+GhsavPdkMJbcUB6rVq9m0uRJQ3fMuk2h3FkaPlDdKuv9Xy6ZA7rvzUeN7sc5+YV0bhToyVAfq+H6fIuIiIiIiIiIiHSjAFhEZJBcWpU7DH0O+oaDaIBjGom7NByDylpu6bOAazn45gF+d//9dHS0p1bJivEXPk6tG3/g1lA9rppbb3k7wWBuxpXtacv6gfMlTYveb/9XgIEe55F0nEbSWERERERERERE5IqmAFhEREQyYhjEzCu+zqrjOKxcvVF+aoQAACAASURBVNpbOzXl+aNFRERERERERERErlxDs5CeiIiISAZqamt55zvfSV4o5BWK2sGoyhUREREREREREREZPVQBLCIiIiNSYWEht73//Vw3bx7GqPJXREREREREREREJBWqABYREZERxxjDgkUL+cCHPkBOXs6grMYrIiIiIiIiIiIiMhopABYREZFhZgE3/rdn6rRp3PHZP6OysgqlvyIiIiIiIiIiIiKpUwAsIiIiw8xPeA3WWiqrqvh/Pv95li5dhjEOxhg0AbSIiIiIiIiIiIhIahQAi4iIyPCyBqzBApXjxvGFL36RW97+dhzH+88Ua1UCLCIiIiIiIiIiIpKq4HAPQERELm/WWowxl/ze/fmRKjlcvBzGO1pYazuvFSDgOEydPo2vfe3r3HDjTV7Vr86HiIiIiIiIiIiISNoUAIuIyIB1r9C8HCo2/TH2FF7L0PCPdUVVJe993/v40Ac/xNRp04d5VCIiIiIiIiIiIiKXNwXAIiIpsknrlJIID/Gmr40/fSVJDnn37t3Lrl17AMvcuXOYPn16YvrekaVrMH3w4EF27NhJR0cH02fMYO6ca8nJyRmmsV1e8vPzGVtRQUtzM5FIB5FIlFgsiusmV1R3vt9awIBxHHJycgiF8qisqOTWW2/lw7d/lOrqau8NqPJXREREREREREREZCAUAIuIpMBaizVexaJ1wZu0Np5oXWnJbzexWIzNW7ayfft2rIWGxiZqamrIy8sb7qH1wgsoOzpivPbaNl7dvAVrLWfrzjNt2jTKy0qHeXwjnAEnGOCdf/QuVqxayYX6ei5evEhTQyNNTU00NzcTDoeJxmJdPhmBQIBQfj7FpSWUlZUxfvx4Jk6cSGFhoQJfERERERERERERkSxSACwikgLXdTlz9iwdkQgGhzHlpRQVFQ73sIaVH9pZa3HdmPccFtd1L4uplC0W17qJtWi9hzvcw7osGGPIzc2lsrKSioqKHl9P1tOU4P460f7rI/16EREREREREREREblcKAAWEUlBOBzmnnvu4/Tp04Dhgx+4jSVLFnMlV//6oZ0xhkDAgXhVdE4wcBmEeQbHQMAxGOON2wlo6uF0dA9tkwPddLe/HNaMFhEREREREREREblcKAAWEUmJSfrbxNf9VVhorSUQCLBq1SqqJ1QDllmzZpKbm4t1LcYZuccoGAyyfMVyKsdVEemIUFNbQ3FxEeCiqb3754e33UPgvt7bX1siIiIiIiIiIiIiMnAKgEVEUmIABwWDnZKrN2smT6Zm8mT89XWxI/UodZ4/48CECeMZP2F80quqRE1bJodsZF4cIiIiIiIiIiIiIqOCAmARkT5YGwMcLC5eZagFXCxufL1Ygz/1cSIktgbjP29st/Z6T8u6TqEbXxvVeD+bRMWxX3XZ37i97Q1gk8NYA5hA0lq33v5gHG+4fsM26f0p6WG/Uqzq9MbqH0sn/qw/vp7a8I+3//qllaj9DtNYSBwDJ7598nnsa3sDxnauX+v3Hz+W3jhMt0Pi/W4xGOPGryevb2MdbzypHK5Evt79eNsuP3ceC29q7s6xkrhkTVKHA6rAVZgrIiIiIiIiIiIiMqIoABYR6VMAP5g0xqsANhgsDphA4l2J+M3+X/buOzyqKv/j+OfOTCbJpAdIQg8gIgoYsIECUgRFsIC6SnFdC+6irspaWGUXy1pWRV13FRHd36prWxXFCiiKFFeabBBRFKSXFEivU+79/THJkCFtQgsM79fzBDK3nPM9d/I4PnxyzrFkyAwp/PQHvtV/+wNmw7BVhXV2maap3Vm7lZubK5thqFu3ExUZGdloWLcvRLbJtCy53ZUqLCxSSUmxysrK5Xa75fX5ZLfblZAQrzat2yjaFSVbVQB9YGFgdRBrBl5a/rgzhOfgr9UKpJOqeg7Vgbv/mMfj1e7dWcrL2yufz1RCQrzatm2r6OioA6h3/7qNqnrNxm6oUbcRqNmoMY5qVlX46vV6lZOTq71796qyslIxsTFq27aN4uNi/dcZ5kEFsD7Tp6LCYu3Zs1clJSXyer0ybIaiIqOUmJigVq1aKTIyUvueZfUvLUh1BvcAAAAAAAAAgGMaATAANODFF/9PFeUVKikrVUFBoaqDwk8++VTz5s2vCv2sQJB73XXXqkP7dpKCZ5dWM2qErIsXL9WXCxfKZrPpxonXKzW1lUzTVHFxiTL/t0ZLv/6vCosKZVmW2rZOU3p6J0VFRTUY0lqWJY/Ho4ULF+mXTZuUm+sPBQMzgoNmGfvZ7Xad1qe3hg4doqSkxFAn7gb1OXfefK1YsUKGpL59z9KQIYPldDpDvF8qLCzUa6+9rtzcPerQoYOuuOIKxcW55PF4tWfPHq1c+a0yMzNVUlJeY/arpbi4OA0bdp5O65MR6C+0MNWQaUqLFy/S0q+/kcfj0cmnnKyLLxolV3R0YxVLkkzTlMfj1ezZs7Vhw0a1bp2mK664XImJSTJNU7m5uVrz3Xf69ttvlZeXF9SC0xmhoUMG65xz+ikysvo5NV73vrEbKikp1nfffa9ly5crKytnv/d1X8jrcDjkdEZUva/+ANgwpF49e2jkyAvldEY02i8AAAAAAAAA4NhBAAwADdi4YWPVgsP7wjXLsuR2u6uCWKk6AJb8oWCosyo9Ho/KysplmqYKioqVlNRCixYv1soVq1RYWCizKug1ZCg6OrqRoG5fMGgYdq1bt067d2dJgRnFNcNnK2i2rc/n08qVq7R16xaNHz9ebdqk1dlDQ9xut8rKyiX5A+imrAtcPZO2vLxSZWUVKiwqkcfjVVZ2rr5a+JV++uknlZaVVS2hvK9uyVBxcYnmzp2niAiH+vTOkM1mq7+jOng9XpWVVcjj8aiywt2k1YxtNv+s8IoKt0pKy1VcXKZKt0d79uzV4iVL9cMPP6qoqChoWW/DkCzLkNvt0ZcLv5LNZujss2uGwKEwVFBQqDlzPtD6n36Wz+erdb7mz6DX6w1cU11LdHSUXC6XHA67AAAAAAAAAADhhQAYABpwwgknyJLkM73asWOn3G63DMNQy5YtlZAQH5gtWx2sRUVFqea+tA2qutkybNqw4Rd9/tkX2rp1qyTJ4bArLiZGkZFRioyMUPsO7eVw+JeFrnuG674A2OFwqE2bNrJMyR5hV2xsrOLi4hQTE6Po6Gg5IhwyfaYKCgq0efMWZWfnyOfzKSc7V6tXr1Za2gjZmrwk8b7rD2RRYavGV1lZmZYtX67Vq79VUVGJDMNQXFyC0tJS1L59O0VGRmnHjh3asOEXVVRUqLy8Qpn/y1S3E7sqLi7uAOoO8f2qVe2+NgzDUEVlpdau/V6ZmZnKzs6RzWZXbEyMUlJaqX37dnLFxCg3N1c//7xRRUVFqqx0a/mKVTqpe3e1TksNuXefz6dly5drw8aNMk1T0dHR6npCZ/Xo0UNpaamKioqSaZoqLCzS5i1blJm5Rjk5ubIsS0lJiRo77lfqlJ4eGMJB7f8LAAAAAAAAADjqEAADQANuvPE6WZJKy0o1c+YsZWXlSJIGDuyvvmedGZwbVm2xGnKcVj0zV5aWLlkq0zTlcDjU/aRuOu30Pmqdlqa4uDhFRFTP/G0oWq3eO9cfRo8efalshk12hz044DNqFGpZKikt0ztvv6uffvpZpmlqx46dqqx0KzoqMtRRHBI1I9iCggIt/mqxTPnUIrmFzj67n7p3P0nJLZIDwbRpmlq85Gt9/vkCud0e5eTsUXFJyb4A2KrRcAOswJ9Nia1rPk+r+lGqoKBAn3++QJZlKi42Vv369dOpp/ZUixbJsturP24tfbv6f5oz50NVVLhVUFCowoLCJgTAhoqKirVly1Z5PF7Z7Tadd95gnX12PznsDvlnGftnerdokaxOnTqpe/fuev+997V12zaVlpYqa3e2OnVMr/pZUc1tlgEAAAAAAAAAYYAAGAAaYtQMJ2unZEa9L0Js3pAMy5DNZlOXLp01fPgwdWjfLjCzOHh2ZkMd7DtnGGpgSeF9yxFbkmJjYtSv31n6ZdMmud0eFRUXyePxKDq6qQHwvgD1YLNEwzAUFR2lXj17aOh5g5WQkBA4LvkDbpvNpvSOHRUdHSW32yN31RLODe2PXGdxRhPnKxvB3+xbHtzfTmSEUyef0l3Dhg1TixbJgUB+30xxqW2b1oqPj1dFRa68Xq8qKyubUIClkpJiFRYWyrKkhIQEdT2hiyICSzlX/yKAEeg3LTVFXbueoJ27dsvr9Sk/vyBwLbkvAAAAAAAAAIQfAmAAOAp06NBe48aNlcvlkiHzMPdWc8qnpfj4ONltNpmmKa/HW2PP2uYRERGh888frjPPPF12uy0o0K1ZW2SkUw7Hvpm1zckw/CH+gIEDNGBAf0VFRarm3tA1r3M4IuR0OqteV+8bHTqfzyev17+nb1RUpJyRkWoodrfZ7Ip2uWSz2QL3mqYlm40IGAAAAAAAAADCEQEwABwFHA67HA67DDUygzUENUNS0zTldnuqZqnWdbFUWen1R8JHwV6w1UFqbFys7Ha79i+pZo2GYchmGP5Z1Eb12tvNM4bqmcf+JbsdVXXXV0t13Yb8SzY3ra/qnxXJUkWFOzDzWQqeJV3NNE2VlZbK5/PJMAxFRETIZmv+9xoAAAAAAAAAcHgQAAPAUcGq2k/24DZkrQ7+PB6PMjPX6Icff1ZxcXFV+FejL1VvQWzI4/GostJ9MMUfIvtmJe/7OtaCysM9E9lSTIxL8fFx2rMnT0WFhdqw4We1bp1aY9nn4BA4OztbP//8s3w+nxwOh5KTkg5zjQAAAAAAAACA5kQADABHhepNYqu/tYKPh9qKYcjtdmvOnA/07ber5TNrnpNkGfvaNvaFwM29hLK/rmPdkXmGcXHx6tKli3bs2C23u0JffPGlcnNzdeqpGUpIiJfNZpMkud0e7dq9W0uXLNHOXbslGUpKSlS7du32zaRu5rcdAAAAAAAAAHDoEQADwFHCqBXGNX0GrGUZ+uab5cpcs1Y+0788ckpKK3Xs2EHRUdFBbdtsNskwVFxcpjVrMuXxeA5yBAfBqJ7xW+1YnAF8+Gs1DP8S0H3POlPZu7O19vt1Kq9wa/mKb7Vy1WpFRDhlt9tlWZY8Ho+8Xm+gtri4OA06d6BSU1seyZIBAAAAAAAAAEcYATAAhJGKigqtXbtWHo9XkqXOnTvr6qvHyxUTLcMyJBkyDKtqeWBLMmzatStLP/zwffMGwAhJ9da+8fEJGjBggHZnZSsvP09RUZHyeLzyer3yeDxV+yLbFBUVpagop1qnpencQYPUuXMnsf0vAAAAAAAAAIQ3AmAACJFRKzg7+maoer1elZaWBvZ/7dy5k6KjI2VYZtUescH77FoyZcmstz0cfQxDqqx0a9ny5dq7d49O6dFDQwYPksfjlsfjkWn632u73abIyEjFxcUqLi5OdrtNhmHK/zN7dP3cAgAAAAAAAAAOHQJgAGgCf4hqBWZiHm0sywoEgLIsRUVGyZBRtf+vLRD7+WcBV99EGHgssSwpLy9P27ZukyS1bNlSbdu2lc3mf/8D+/vWuaQ2AAAAAAAAACDc2Zq7AAA41lSHwEermvWZPlOSrcbM38BVkmxyV3j07bffyu12H2yvB3k/QmfI7XbL5/PJkrRx40Zt27ZVPl/1fr81908ORP7yf+TbxHsFAAAAAAAAAOGNGcAAEALDsMlus/tnWMpQbnaOfD5Ldru0L2yr/p0as8YszEZYNqnOJZibukyvKUuSzW4owulU1QRg5eXnyev1KCIiYt9Sz5bk8XqVn5+vuXM/1/c//CDL9I/LPxv4AMPtoJD5YAPyUMZfVa9l+LcztoJP1a3mTNjqv6v7Opiaq9sI9feq6qojtF4kKS42TjExMcoryNe27dv13PMzlZSYpDZtWqtt27Zq06atkpISFRUVKWdEhCIjI+SwOyQj+BcEQv45BQAAAAAAAAAcMwiAASAEjgiH4hMSpJ27JFla8913ik9IUMeO7eWIcEiWpdjYOCUlJdaxV3BDDu1M4sioSKWlpSk7O1eWZer7dd8rNTVFPXr0kMvl0t68PG3Zslk//vijtm7dprLSUrVs0VIer1eFhUX7pahNdTDLDO8f+B7JfWoPxfLIlprWTs3QOfTFOKpieiUkxqt3n97K2ZOryspKmT5TeXl52rt3r77/fp0Mw5DD4ZDLFa2YGJdiY2PVvn07ZZyaoZTUVrIR/AIAAAAAAABA2CIABoAQRDgc6tHjZK1fv16maamouFifzp2r6sDPkKWTTz5Z11zz65Da88/ArJq2ah2KANIfJzpsdg0c2F+bNm1SYWGxiotLNeeDjzTng4/819SY/Wm32dS1a1ddfvll+viTufruu7U68DDUOrhJtJZ/BJZVPZLQbrICf4Zq//1xg/tqSksH9JSqxxk4YDSpoer3r6SkRHl5eTJNU1FRTsXHxsvnM+XxeOR2u+XxeOTxeFRQ6PEH+5J++nmjvvlmuUZeOEKnn36abDZ2gQAAAAAAAACAcEQADACN8seMGRm9tGPHTi1fvkI+nyn/0s1GYLnlvXv3yuv1KiIitP+07ttH2Nrv9YHyh5lt27TRhReO0EcffaKSkpLAuUD4a5lKTUvVwAEDdfLJJyk2Nkbx8bGqeynqpgieBWtZVkhLDFuB7WotGYYlyzJrtNPY/f73wbKaEgPvm33rf+bV464O45vI8v9hyJRhWCHMADer+q7qtwmzri3LUnZ2jj788CNt+mWzHBEOjRgxQr0zMuT1+lRRXq6y8nKVlZWpsLBQuXtytX37Du3cuVNut0dlZeVatGixUlJSlJ7eseljBQAAAAAAAAAc9QiAASAklhwOhy66aKQ6d0rXihUrVVxcLEmKjIxUcnKy0tPTG2+lxt6rnTqla8iQwbIsSy1btJDdv6FwyMFpcMO2qnb9L/v0zlCXzp20bNkKbdiwQZWVlbIZDqWktFLPnifrpO7dFBkZVTUy6ZRTTlF0dLQiIyPldDqb1LVhGOrW7URFR0dJspTesWOTZpcahhQVFal+fc9SSWmpHA67UlJayjAaDoBjY2PU7+x+Ki8vlzMiUomJTVt+2zAMde7SSYZhyDQtpaamyBEREXoDliWbzaaMjF5q166tbDab2rRp08h7ZynaFa0zzjhd3bp1k+TvN7SwWzJNS5mZa7Rhw0YZsikjI0MZp/ZSdHSkDEOKi4sOaseQZFrSrt1Zeu+997Rt6zbl7c3XL79sUrt2bUP+ZQUAAAAAAAAAwLHDsA5+yhkAhKUtW7YoLS1N/tmaVQdrrCDs9XplGDbZ7bZA6GdVzwatJwSsGQBXNaN93xxA8Bt0/776rBoFW5Yln88nm80mm83mD1YtBdLi/T8EmlpBrQ+RGh8rTRnPvpL99flvrf/+wBgNI+hBhtqnZVmqKzEOeQFqq2rZ6/3uaDD+tazAuPY9JavqnsZ7rqx067XX39SPP65XVGSkLr30YvXunSGbraqFwPu/rwdLktdrasEXX+rLBV/KkqEzzzpDo0aOkMsVHdpgARy0rKyskH5RCAAAAAAAAJCkoiL/9n6ZmZkh35ORkSGJGcAAEAKjdk5oSBF1zBZtLLTcP5w0gr45wPC3jltr9mMYhmw2R/DFRtCrg1Lr/gMMsY2aDyOEJoKepVHrm6bdfwAO5P6g96WO7xrj8/nk8Xj8d9lsclTN4K3758q/zHX1stQRDocsw5AhQz6vZ98S1AAAAAAAAACAsBL6Gp0AAKBZ2e02ORz+pcI9Ho/27s2T1+erPQu7eptjw5BlGfL5fNqblydJsmQpMipKNpv9SJYOAAAAAAAAADhCmAEMAMAxwm53KDkpWYZhyOv1asWKlWrVqqXS0zso0hkpm80uw/DPWDdNQz6fV+Xl5fpx/XqtX/+TJMnhcKhFixaB2cMAAAAAAAAAgPDCv/4CAHCMsNttOvHErlq7dq2KS0qVl5en//znbSUmJsrlilFERETVctCGTJ9PHrdbxaXFKigolM9nSjKUmpqqLl26yGFnBjAAAAAAAAAAhCMCYAAAjhmGunXrpvPOG6pFi5coPz9flZVuZWfnSsr1X2EYsixLhqr+thmSZcputys5OVlDBg9WmzatD3SrZgAAAAAAAADAUY4AGACAY4QhSw6HTf36naUuXTpr8+bN2rx5i7Kyc1VUVKTy8nL5fD4ZhiGHw6GoqCglJSaqdetUdeqUrk6d0pWUlCQb4S8AAAAAAAAAhC0CYABoQFFpRXOXANTJFZegU3pl6JReGU26r6TcfZgqAgAAAAAAAAAcDWzNXQAAAAAAAAAAAAAA4NAgAAYAAAAAAAAAAACAMEEADAAAAAAAAAAAAABhggAYAAAAAAAAAAAAAMIEATAAAAAAAAAAAAAAhAkCYAAAAAAAAAAAAAAIEwTAAAAAAAAAAAAAABAmHM1dAAAczVJaJDZ3CQCAMLCluKC5SwAAAAAAAMBxghnAAAAAAAAAAAAAABAmCIABAAAAAAAAAAAAIEwQAAMAAAAAAAAAAABAmCAABgAAAAAAAAAAAIAwQQAMAAAAAAAAAAAAAGGCABgAAAAAAAAAAAAAwgQBMAAAAAAAAAAAAACECQJgAAAAAAAAAAAAAAgTBMAAAAAAAAAAAAAAECYIgAEAAAAAAAAAAAAgTBAAAwAAAAAAAAAAAECYIAAGAAAAAAAAAAAAgDBBAAwAAAAAAAAAAAAAYYIAGAAAAAAAAAAAAADCBAEwAAAAAAAAAAAAAIQJAmAAAAAAAAAAAAAACBMEwAAAAAAAAAAAAAAQJgiAAQAAAAAAAAAAACBMEAADAAAAAAAAAAAAQJggAAYAAAAAAAAAAACAMEEADAAAAAAAAAAAAABhggAYAAAAAAAAAAAAAMIEATAAAAAAAAAAAAAAhAlHcxcAAOFqw4YNuvbaa+s8FxUVpQULFhxQu+vWrdO2bds0YsSIgynviNm1a5eefvpprV27Vk6nU0OHDtUtt9wiu90uy7L08ssv66OPPlJ5eblOP/103XXXXYqPj5ckvfvuu3r77beVl5en9PR03XbbberZs6ckyefzafny5Zo3b57i4+N15513BvW7fv16zZs3T99//71eeumlwPHy8nLNmDFDixYtktvtVkZGhu688061bNlSkrRq1SrNnDlTW7duVVJSkn79619r1KhRjY5lfw3V11gNh2PcjT3rhsYtSbm5uZo1a5aWLVumfv366d577w2cy8rK0meffab58+dr+vTpat26dUg/GwAAAAAAAACAQ48ZwABwmHTt2lWLFi3SokWLNGPGDNlstsDr+fPnH3C769at07x58w5hpbVZlnXI2rrnnnvUoUMHffDBB5o5c6aWLl2q2bNnS5KWLFmiDz/8UM8884xmz54tj8ejGTNmSJIWLVqkV199VY888ojmzZunAQMGaMqUKfL5fJKkCRMm6PXXX1d2drYqKyuD+vzrX/+qBx98UDk5OcrPzw86N3PmTG3ZskUvv/yy3nvvPUnS9OnTJUk5OTm69957NW7cOM2bN0933323pk+frp9//rnRseyvofoaquFwjbuhZ93YuEtKSjRp0iTZ7XbNmDFDU6ZMCbQ7f/58TZw4Ubt27dLWrVvrfBYAAAAAAAAAgCOHABgADiO73R74quv18uXLdfXVV2v48OG64447lJubK0kqLS3VtGnTdMEFF+iiiy7SzJkzZVmW/vKXv2jWrFnKzMzUhRdeGAgFa/rll1900003aejQoRo3bpyWLl0qSfroo4904403Bq7bunWr+vfvL5/Pp5ycHPXv31+PP/64hg0bpp9++qneGiSprKxMjz76qM4//3yNHj1aM2fOlNfrrVVLcXGxXC6Xrr32WkVGRqpNmzY6++yztWnTJkn+UHL48OFq3769XC6Xxo0bp8WLF0vyz7YdP368TjjhBDkcDo0ePVpFRUXau3evJGnGjBl67rnnAjNja7rxxhv1xhtvaOTIkXXWdO211yo5OVkul0sjRowI1LN9+3YNGDBAQ4YMkd1u1+mnn64OHTpo8+bNjY5lfw3V11ANh2vcDT3rhsYtSbNnz1aHDh30xz/+Ue3btw+a8dy3b1/NmTNHt956a53PAQAAAAAAAABwZLEENAA0k23btmnq1Kl66KGH1KdPHz333HN65JFH9PTTT+vVV19VSUmJ5syZo7y8PN10003q2rWr/vznP6tbt276+uuv9cwzz9Rqs7y8XHfccYeuvPJK/e1vf9OaNWs0depUvfrqqyHVlJiYqNmzZys2NlYvvPBCnTUMHTpUjz32mIqKivT222+rsrJS9957r2w2W1DALElxcXF6/vnnA699Pp/WrFmjCRMmSPIvK3zSSScFzrdq1UpFRUWqrKzU2LFjg9pavXq1OnTooFatWkmSkpKS6h1HcnJyveemTZtWq90zzjhDknTaaafptNNOC5zLzc1VVlaWMjIyGh3L/hqqr6EaDte4G3rWDY1b8v+iQnJysiZMmKC8vDz17dtXd955p1wulxISEurtEwAAAAAAAABw5DEDGACaydy5c3XWWWepb9++cjqduvbaa7Vy5UqVlZUpMjJSpaWlysrKUps2bfSvf/1LZ511VqNtrlq1SpJ01VVXyel06owzztDkyZPldrtDqmns2LGKj4+XzWart4aSkhItXLhQN998sxISEpSSkqLf/e53mjNnTqPtz5gxQ0lJSRo6dKgkqbKyMmg2afX3+9e7c+dOPf3007rrrrtkGEZIYwnFkiVLtHjxYk2cOLHWObfbrWnTpmn8+PFKTU1tdCyHo4ZDOe5Qn3Vd487OzlZBQYGefPJJvf7669q5c6dmzZp1UPUAAAAAAAAAAA4PZgADQDPJzs7WkiVLNHjw4MAxm82mPXv2aMKECTJNU1OnTlVFRYVGjBih3/zmN7XaWL16te6++25JUnp6ui666CKlpKQEhYUjRoyQJK1Zs6ZJ9dVXw+7du2WaVM9hZwAAIABJREFUptq2bRu4tm3btioqKtJ///vfwOzW9PR0vfTSS4FrXn31Va1atUrPPfdcoD6n0xm0dHT1ktaRkZGBY7m5uZo8ebImTpyo3r17N2kMDVm9erUef/xxPfXUU0pMTAw65/V6NXXqVLVr107XXHNNrXv3H8v+70PNcR9oDYd63KE86/rGbZqmJkyYEAiEx40bp5kzZx50TQAAAAAAAACAQ48AGACaSUpKis4//3xNnTq11rlffvlFV111lW644Qbt2rVLd999t2JjY3XVVVcFXdenTx8tWLAg8HrZsmXas2dP0DXr169XSkqKHA5HnXsG12f79u111jBmzBgZhqGsrCx16tRJkn+mqsvlUr9+/YLqqTZ79mzNnz9fzz77rGJjY4OeQVZWVuB1Tk6OEhIS5HQ6JUkFBQW6/fbb9atf/UqjRo0KufbGrFu3Tvfff78effRRde3aNeicaZp68MEHFRUVpT/+8Y8hjWX/9+Fgazgc427sWTc07tatW2v37t2B13a7XTYbi4gAAAAAAAAAwNGIf70FgGYybNgwffXVV1q+fLl8Pp9++OEHPfXUU7IsS88//7yeeeYZud1uxcfHKyoqKhC4RUdHKzc3VyUlJbXarJ4pOnv2bPl8Pq1du1a33367SkpK1LFjR23evFmbNm3S3r179cYbbzRYX301OJ1OnX/++Xr++edVUlKivLw8vfjiixo5cmSdyxTPnTtX77zzjp555pla+9cOGDBAn332mbZt26aKigq99dZbGjBggCSppKREkydP1ogRI3T55Zcf0DOuy8aNGzV16lTdf//96tGjR9A5y7L0+OOPy+1267777gtaMrmxsRyqGg7XuBt61o2N+8ILL9Sbb76pnTt3qrCwUG+++abOOeecQ1YbAAAAAAAAAODQYQYwADSTLl266IEHHtDzzz+vHTt2KCUlRb/97W9lGIbuvvtuTZ8+XaNGjVJERIQGDhyoSy+9VJJ09tln66233tKYMWP04YcfKioqKtBmZGSkpk+frieffFIvvPCCWrZsqYcfflgdOnSQJI0ZM0aTJk1SdHR0o3vXNlTDH/7wBz377LMaO3asfD6fhg0bpkmTJtXZzmOPPSZJtWYvz549WwMGDNCmTZt0++23q6KiQn369NFNN90kSXr//fe1YcMGbd++XS+//HLgvksuuUS///3vm/Kogzz33HPKy8sLLNlcbdq0aUpOTtbHH38sp9OpCy64IHCuelnnhsaSkJBwSGrYunXrYRl3Q8963bp1DY575MiRysvL0y233CK3261zzz1X11133QHXAgAAAAAAAAA4fAzLsqzmLgIAjkZbtmxRenp6c5cBAAgDfKYAAAAAAACgKYqKiiRJmZmZId+TkZEhiSWgAQAAAAAAAAAAACBsEAADAAAAAAAAAAAAQJggAAYAAAAAAAAAAACAMEEADAAAAAAAAAAAAABhggAYAAAAAAAAAAAAAMIEATAAAAAAAAAAAAAAhAkCYAAAAAAAAAAAAAAIEwTAAAAAAAAAAAAAABAmCIAB4DCaNWuW+vfvr/79+2vEiBF66KGHVFBQEHTN7NmzdddddwUdq6io0BNPPKERI0Zo+PDhuvXWW7Vx48YG7xs8eHCgr5pfDz74YNB9q1at0sCBA7Vnz55a9a5cuVKXXXbZwQ4bAAAAAAAAAAA0EwJgADjMRo0apaVLl+qVV15RTEyMbr31Vnk8ngbv+cc//qGtW7fqxRdf1Jw5c3TOOefoD3/4g9xud733LFy4UEuXLtULL7ygli1baunSpVq6dKmmTZsWdN38+fPlcrm0YMGCQzI+AAAAAAAAAABw9CAABoAjJCUlRZMnT5bdbtfChQvrva6kpEQff/yx7rnnHrVr104ul0tXXnmlfvOb36ioqOigaqisrNTixYt1yy23aN68eQfVFgAAAAAAAAAAOPoQAAPAEXbaaadp7dq19Z7fsWOH4uLi1LZt26DjY8aMUcuWLQ+q7yVLlqhjx44aMWKEcnJytGnTpoNqDwAAAAAAAAAAHF0IgAHgCEtKSlJxcXG95wsLCxUfHx94ff311wf28/36668Pqu/58+dr0KBBstvt6t+/P7OAAQAAAAAAAAAIMwTAAHCE7d27V3FxcfWej42NVX5+fuD1P//5Ty1dulSdOnU6qH4LCgq0YsUKDRo0SJI0ePBgffbZZzJN86DaBQAAAAAAAAAARw9HcxcAAMcT0zS1cuVKjR8/vt5rOnXqpMrKSm3cuFEnnHDCIet7wYIF8vl8+tWvfhV0fPXq1Tr99NMPWT8AAAAAAAAAAKD5MAMYAI6Q3bt369FHH5XP59OQIUPqvc7lcmnMmDF66KGHtHHjRpWXl2vZsmXKzs5ucOZwY+bNm6fJkydr6dKlga+LL75Y8+fPP+A2AQAAAAAAAADA0YUZwABwmH388cf6+OOPFR8fr759++rZZ5+V0+ls8J5JkybplVde0Z133qmCggK1b99et912m3r16nVANWzbtk2bNm3S8OHDg46PHj1aN910k+644w5FRUVJkrKzs9W/f//ANfHx8fr0008PqF8AAAAAAAAAAHBkGZZlWc1dBAAcjbZs2aL09PTmLgMAEAb4TAEAAAAAAEBTFBUVSZIyMzNDvicjI0MSS0ADAAAAAAAAAAAAQNggAAYAAAAAAAAAAACAMEEADAAAAAAAAAAAAABhggAYAAAAAAAAAAAAAMIEATAAAAAAAAAAAAAAhAkCYAAAAAAAAAAAAAAIEwTAAAAAAAAAAAAAABAmCIABAAAAAAAAAAAAIEwQAAMAAAAAAAAAAABAmCAABgAAAAAAAAAAAIAwQQAMAAAAAAAAAAAAAGGCABgAAAAAAAAAAAAAwgQBMAAAAAAAAAAAAACECQJgAAAAAAAAAAAAAAgTBMAAAAAAAAAAAAAAECYIgAEAAAAAAAAAAAAgTBAAAwAAAAAAAAAAAECYIAAGAAAAAAAAAAAAgDBBAAwAAAAAAAAAAAAAYYIAGAAAAAAAAAAAAADCBAEwAAAAAAAAAAAAAIQJAmAAAAAAAAAAAAAACBMEwAAAAAAAAAAAAAAQJgiAAQAAAAAAAAAAACBMEAADAAAAAAAAAAAAQJggAAYAAAAAAAAAAACAMEEADAAAAAAAAAAAAABhggAYAAAAAAAAAAAAAMIEATAAAAAAAAAAAAAAhAkCYAAAAAAAAAAAAAAIEwTAAAAAAAAAAAAAABAmCIAB4DDZnl0ge78p+tPMeXWen71wrez9pujDJT8c1jrmLFone78p2rI7/7D2M++bn2TvN0Xf/5JV5+sjZfLTH6rT6EdDvr656gQAAAAAAAAA4HAgAAaAw6R9aqL6n5qud774rs7zs79cq8S4aF3Qt9sRrqxxV9//lnpf/bfmLgMAAAAAAAAAADQRATAAHEZjh/fWxh179d3G3UHHKyq9+vjrH3X54J5yRtib3K7PZx6qEtEMeP8AAAAAAAAAAIcLATAAHEZXDO0lh92md/ebBTz3m/UqLXdr7PkZgWP/+2mXht48S7GD/qSOlzyiJ15bFDi3fkuO7P2maNoL89XtiseVMuLBevv8z4I16nr5Y4oeeK8G/HZGrfC5ob6+/yVL9n5T9Mb8/+m7jbtl7zdFL324QpJUXFap2576QO0ueliuc6cqY8LTev+r75v0PPYUlOrX97+l5GH3KXnYfZr4yLsqKasMnP95W64uuuNfSjrvPqVd+KCueeA/ys4rqbc907T0p5nzlHLBA4ob/CeN+/Mbyi8ur3Xd2198p17jn1L0wHt16oSnNfebn5pU9+ZdeRoz5dVAXdf+5W3l5pdKkjJ/3iV7vylasHJD0D3RA+/VX19dKEma+d4y2ftN0VNvLlHKBQ/ointfkyQVlVbo5ifeV5uRf1Hi0Gk675ZZ+nb9jqB2vl2/Q8N+/6LiBv9JqSMe1E2Pv6+i0oom1Q8AAAAAAAAAOH4QAAPAYdQiwaXhZ52odxeuDTr+7pffqU2reA3M6CzJH3yeO+l5RTrteuuh8brhkrN07/NzNWP2N0H3/eOd/2ripWfppXsvr7O/5eu2afy0N3VCu5Z6edqVunjAKZr++qKgaxrqq2v7llrz2mSNPOckndihlda8NlmXDeopSRr35zc0Z9E6PXbLhfr06es05PQTdOWfXteaDbUD5rpUur0acvMLWrZum2b+8TI9edtF+nDJD7r+4XckSR6vT+ff9pLyi8v12gNj9cTvR2nByg26/J5X623zqTcX69FXFuqqYRl65b6r1CLBpX/PXR10zRvz/6exf3pd553RVbP/+mv1OqG1Lr3r5ZDrLiyp0Lm/m6nNu/L0wj2X6W+TL9HSNZs1esorMk0rpDaq/fPDFXr0pgv1h3EDJUmTHntPcxat0xO3jtJrD4xVeaVH59/2knLy/aH3uk3ZGvi752UY0msPjNUDE4fr7S/W6OI7X25y3wAAAAAAAACA44OjuQsAgHA3dniGrr7/La3blK1TOqeq0u3Vx1+v142XnCmbzZAkPfDS50qOd+n9x65RpNOhUf27a1tWvp58fZFuuqxfoK3Hfz9SEy85s96+Hnv1K3VMS9RHT14rh93/Oz5xrkjd/MT7gWsa66tHlzQlxEYryulQjy5pgftuv2qAOqQlqmv7lpKkQX266OVPVmnesp90atfWjT6HVz79Vj9sztGa1ybrlM6pkqQIh03XPPAfbc3KV3FppbZlFWjG3WM0op9/X+SkuGj9/e2lKimrVKwrMqg9r8/UE68t0oQL+ujvd1wiSRozqIf2FJRq2bptkiTLsjTluU91xdBeeur2iyRJF/TtppU/bNff/7NU//zTFY3WPWvOcuUWlGjFv36vtBZxkqTObZPV7/pnlblhl2yG0Wgb1eY8fk3g+UnSZ8s36PqLz9D483tLkk7t2lrXPfSONmzfo5SkWN3/4mdKSYrVJ09dpwiHf6nwLu1a6ILbXtLHX/+oiwecHHLfAAAAAAAAAIDjAzOAAeAwu2TgKXJFRejdL/3LQM9b9pNKyio1tir0k6QFKzdq5DknybL8+wNXVHp1zqnp2rI7X3sLywLXta4KIOvz7fodumTgKYHwV1IgtGxqX/sbkNFJn3y9Xv2uf1atL/yLks67T4UlFSooqr3kcl2+WLlB3dNT1KVti0C/Z/dMlySt+nGHOrVJVmpyrP78wjy9/cV3yi8q16j+3fXZ3yfWCn8laVtWgfYUlGrM4B5Bx2uO98ctOdqVW6RLz+0R6NPt8emcXula+eP2kOpekrlJp53ULqjdM7q307o37wgKc0Ox//t3dq+OevmTVXru3f9qa1a+2qcm6vN/TNQ5vfzP5YtVG3XZ4J6B8FeShp3ZVSlJsVq4amOT+gYAAAAAAAAAHB+YAQwAh1lMtFMXDzhZ7365VvfdMEzvfrlWJ3ZopT7d2kryz1LdU1Cqme8t08z3ltW6P6+o/lB2f9l5JUptICQOpa8WCa467/399Dn6YMk6PXbLSJ1+UjvFRDt15rV/D7m2nPwS/bA5WzGDptbRb7liop1aOutmPfDS55r02HsqKq3QeWd01eO/H6meNWYi7xtrsaTaAff+fUrS+Glv1DrXumV8SHXnFZUrJSk26JhhGDopPSWk+xvy+gNj9egrCzX99UW69ckP1LNLmu67YZhGD+ohn89UYUlFnXWmtYhrMKwHAAAAAAAAABy/CIAB4AgYO7y33vr8ZWX+vEsfLfkhsAes5A8TXVERGjs8Q9ddVHt55/YpidqyOy+kftJaxKmwuP4ZuaH0VZdKt1f/+mSV/nHHJbrmwtMCx+220BeSiI2OVO9ubfTsnaNrnevcNjnw9yv3XSnTtLR83Tbd9Y9PNOSmF7T5/T/WmgVcHfwWFFc02KckPXvXpep9Ytugc84Ie1231JIYG6U9BaX1njeqloC2DmBL3lhXpB6edIEennSBNmzfo8f//ZUuv+ffWvzCJJ3TK11xrkjtya/d9+69RRp8WpemdwgAAAAAAAAACHssAQ0AR8D5fU9UcrxLkx57T8VllRo7PCPo/ICMTlq7MUtnntxefXt0UN8eHXTmye11QrsWiooM/Xd1zujeTp+v2BB0rKg0OCANpS+bYciqkWgWl1XK5zMDYackbdyxV/kNhM3765/RSRu271V666RAv317dFCnNslKSYrVq59+qx5jn1RxWaVsNkP9enbUvb8ZoryiMm3ZnV+rvQ6piUpJitUXK/cfb2Xg+55d0hQfE6Utu/KD+jypYyud0ik1pLrP7pWuVet3BGYTV4+9/cUP65u1WwNB9I6cwsD53PxSeX1mg+2u35Kj7ldO18Jvf5EkdW3fUs/8wb+X8f9+2iXJv8/y+4u+l69GW1+t/kW5+aUaRAAMAAAAAAAAAKgDM4AB4AiIcNh1+ZCemjVnuU7v3q7W3rH3Txyugb99XqOnvKIbL+0rw5D+8fbXKiyp0H9fujnkfqb8erD6Xv+sbnvqA11/8Znasjtf98yY2+S+OqQl6t2F3+mN+f/TGSe3V9f2LXXaSe10/4ufybIsVbi9euK1RfJ4fSopr6yrlFp+e+lZeuH9ZTrvllmaeu1QpbWI0weL1ulfn6zSxnen6Nw+nXXL9Dm64p5/6/arBsjrM/XIy1+qbasEdevYqlZ7drtNd109SFOfn6tObZN1bu/OWrByo16bt1ptWvmXTY50OnT/xGG68+8fyzRNXdDvJOUWlGrarPm6bFBPPXrziMbrHt1Xz77ztUb94V+655rBMgxD97/4mVKSYnXmye1lt9vUs0uaHvq/BYpyOuT2+vT0G4tlmg1PCT6xQytFOR367V9n68Ebz1dKUoxem7dadrtNA3t3qnqvhunsic/pkrte1qTLzlZOfonumfGp+p+arlHndA/puQMAAAAAAAAAji/MAAaAI2Tc+b0l+ZeD3t+ZJ7fXF8/dqILicl1x77919f1vKSkuWu88OqFJfZzevZ1ef3CsPvl6vc6Z+Jwe//dXmjx2QJP7+t2YvjqlU5pufHS2vlm7VZL0n4fHK+PENrrz7x/rb28t0Z+uHaorhvZSWYUnpNoS46K1eOYk9eySppsef18X3fEvZW7YpblPX69WSTHqmJakBc/eKLfXp8vv+beuefA/apno0vy/36AIR93LNU++qr/uHH+upr3wmc793Uwt+d8m3XBJ8NLWt13ZXy/88TJ9+s1PunDyP3X3Pz7R5YN76r4bhoVUd4sElxbNnKS0FrH69QNv6bqH3lbvbm017283yG73f4y+9sBYtW4ZrxseeUf3zfpMvxl1hpLj695LuZrNZujTp6/TWad00C3T39fFd76sdZuy9f5j16jXCa0lSRknttEXz96ootJKXX7Pq7p3xlxdMaSXPnnqOtlsRoPtAwAAAAAAAACOT4ZlHciuhQAQ/rZs2aL09PTmLgMAEAb4TAEAAAAAAEBTFBUVSZIyMzNDvicjw7/9JEtAA8Bh8uA/F+iBlz5v7jIQxmbcPVq/Hd23ucsAAAAAAAAAABxFCIAB4DCZdv15mnb9ec1dBgAAAAAAAAAAOI6wBzAAAAAAAAAAAAAAhAkCYAAAAAAAAAAAAAAIEwTAAAAAAAAAAAAAABAmCIABAAAAAAAAAAAAIEwQAAMAAAAAAAAAAABAmCAABgAAAAAAAAAAAIAwQQAMAAAAAAAAAAAAAGGCABgAAAAAAAAAAAAAwgQBMAAAAAAAAAAAAACECQJgAAAAAAAAAAAAAAgTBMAAAAAAAAAAAAAAECYIgAEAAAAAAAAAAAAgTBAAAwAAAAAAAAAAAECYIAAGgAZYltXcJQAAjnF8lgAAAAAAAOBIIgAGgHrY7Xb5fL7mLgMAcIzz+Xyy2+3NXQYAAAAAAACOEwTAAFAPAmAAwKFAAAwAAAAAAIAjiQAYAOrhdDrldrubuwwAwDHO7XbL6XQ2dxkAAAAAAAA4ThAAA0A9oqOjVVZW1txlAACOcWVlZXK5XM1dBgAAAAAAAI4TBMAAUI/o6GhVVFTIsqzmLgUAcIyyLEsVFRWKjo5u7lIAAAAAAABwnCAABoB62Gw2xcTEqLi4uLlLAQAco4qKihQTEyPDMJq7FAAAAAAAABwnCIABoAGJiYkqKCiQaZrNXQoA4BhjmqYKCwuVlJTU3KUAAAAAAADgOEIADAANcDgciomJUW5ubnOXAgA4xuTk5Cg2NlZ2u725SwEAAAAAAMBxhAAYABqRlJQkr9er/Pz85i4FAHCMyMvLk2maSkxMbO5SAAAAAAAAcJwhAAaARthsNqWmpqqkpIT9gAEAjSouLlZZWZlSU1Nls/G/2wAAAAAAADiy+BcpAAiBw+FQamqq8vLymAkMAKhXfn6+8vPzlZqaytLPAAAAAAAAaBYEwAAQIqfTqXbt2qmiokK5ubny+XzNXRIA4Cjh8/mUk5OjyspKtW3bVhEREc1dEgAAAAAAAI5TjuYuAACOJXa7XWlpaSopKdHOnTsVExOjuLg4OZ3O5i4NANAM3G63ioqKVFZWpqSkJMXGxsowjOYuCwAAAAAAAMcxAmAAaCLDMBQXF6eYmBgVFBRo9+7dstlscrlccjqdioiIkNPpZN9HAAgzpmnK7XbL4/GosrJS5eXlMk1TcXFxateuHf/dBwAAAAAAwFGBABgADpDNZlNycrKSk5NVVlam0tJSFRcXy+fzyTRNWZbV3CUCAA4hwzBks9lkt9sVERGhFi1ayOVyNXdZAAAAAAAAQBACYAA4BFwuFyEAAAAAAAAAAABodqxTBwAAAAAAAAAAAABhggAYAAAAAAAAAAAAAMIEATAAAAAAAAAAAAAAhAkCYAAAAAAAAAAAAAAIEwTAAAAAAAAAAAAAABAmCIABAAAAAAAAAAAAIEwQAAMAAAAAAAAAAABAmCAABgAAAAAAAAAAAIAwQQAMAAAAAAAAAAAAAGGCABgAAAAAAAAAAAAAwgQBMAAAAAAAAAAAAACECQJgAAAAAAAAAAAAAAgTBMAAAAAAAAAAAAAAECYIgAEAAAAAAAAAAAAgTBAAAwAAAAAAAAAAAECYIAAGAAAAAAAAAAAAgDBBAAwAAAAAAAAAAAAAYYIAGAAAAAAAAAAAAADCBAEwAAAAAAAAAAAAAIQJAmAAAAAAAAAAAAAACBMEwAAAAAAAAAAAAAAQJgiAAQAAAAAAAAAAACBMEAADAAAAAAAAAAAAQJggAAYAAAAAAAAAAACAMEEADAAAAAAAAAAAAABhggAYAAAAAAAAAAAAAMIEATAAAAAAAAAAAAAAhAkCYAAAAAAAAAAAAAAIEwTAAAAAAAAAAAAAABAmCIABAAAAAAAAAAAAIEwQAAMAAAAAAAAAAABAmCAABgAAAAAAAAAAAIAwQQAMAAAAAAAAAAAAAGGCABgAAAAAAAAAAAAAwgQBMAAAAAAAAAAAAID/Z+/Ow6Ks9/+Pv1AUFQYQU2RxR3GJNEnUyi1LSw2X055baZvV+UpZP4+nXDt1TpbaYtbRXNpMcyFNE46mYuVumgFCbiiLWMrAgKgo8/uDmBiHZVAUvHs+rutch5n7c3/u932PVyIv3p8PDIIAGAAAAAAAAAAAAAAMggAYAAAAAAAAAAAAAAyCABgAAAAAAAAAAAAADIIAGAAAAAAAAAAAAAAMggAYAAAAAAAAAAAAAAyCABgAAAAAAAAAAAAADIIAGAAAAAAAAAAAAAAMggAYAAAAAAAAAAAAAAyCABgAAAAAAAAAAAAADIIAGAAAAAAAAAAAAAAMggAYAAAAAAAAAAAAAAyCABgAAAAAAAAAAAAADIIAGAAAAAAAAAAAAAAMggAYAAAAAAAAAAAAAAyCABgAAAAAAAAAAAAADIIAGAAAAAAAAAAAAAAMggAYAFDlbd++Xf3799fIkSNlNpsrZM6YmBjdfvvt6t69e4XMBwAAAAAAAABAVeBa2QUAQFXXvXt35efnF3vM3d1dfn5+6tChgwYOHKhmzZpd4+r+GlatWqXMzExlZmZq165duvPOOyu7JAAAAAAAAAAAqiQ6gAHgCuTk5OjgwYNatmyZhg8frrlz51Z2SYZ09913q3bt2mrcuLFCQ0MruxwAAAAAAAAAAKosOoABwEmjR49Wv379bK+tVqssFosOHDig5cuX69dff9WiRYtUo0YNjRw5shIrNZ5u3bopOjpaLi4ulV0KAAAAAAAAAABVGh3AAOAkk8mkBg0a2P7n6+uroKAgDRgwQPPmzVOPHj0kSYsWLdLvv/9eydUaD+EvAAAAAAAAAABlowMYACpA9erV9cILLygmJkZ5eXn68ccfFR4eLkl655139NVXX6lPnz565ZVXtGrVKkVFRSkpKUmTJk1S586d7eaKiYnRqlWrdOjQIWVmZqpevXoKCQnRkCFDdOONNxZ7/W3btunrr79WXFyczGazatasqYYNG6pdu3a64447FBYW5nDO2bNntXbtWkVFRSk5OVnnzp2Tr6+vbrvtNg0ePFh+fn4O5xS9l/HjxysyMlIbNmzQsWPHlJubqwYNGqhr164aOnSo6tevX+Lzunjxor777jutW7dOR44cUUZGhry9vdWmTRuFh4erS5cuDs9kwoQJqlatmmJiYuyO5efna9u2bVq/fr1++eUXnTp1Svn5+apfv746duyoRx55RI0bNy6xltIUdnfv27dPv//+u0wmk5o3b64BAwbojjvuKDaUzsrK0pIlS/TDDz8oJSVF58+fl6enp1q0aKGwsDDdc889qlu37mXVAwAAAAAAAABAWQiAAaCC1KtXT/7+/kpJSVFKSorD8YsXL2rcuHHasWOH7T2r1Wr7+syZM5o2bZq2bNlid15aWprS0tIUHR2tRx55RM8884xd8Pjee+9pyZIldufk5ubqyJEjOnLkiL755hvNnTtXbdq0sR0/duyYJkyYoKNHj9qdl5SUpKSkJK1cuVLjx49X7969i73XjIwMjR49WocPH5axD0jbAAAgAElEQVRU0J1rtVqVmpqq5cuXa8OGDXrnnXfUokULh3PT09M1adIk/fLLL3bv//bbb/rtt98UExOj/v37a/z48WV2/Z49e1Z///vfFRcX53AsNTVVqampio6O1r///e9iQ/DSzJ8/XwsWLLD7jE6dOqVTp05p586d+uabbzR16lSZTCbb8WPHjun555/XqVOn7ObKyMjQrl27tGvXLv3000+aPn16uWoBAAAAAAAAAMBZBMAAUIGKhoWXKuwObtGihQYPHqxGjRqpZcuWtuOvvfaatmzZIm9vb40aNUq33367fHx8lJaWplWrVmnp0qX64osv5OnpqaFDh0qSfv75Z1v4O2TIEN13331q2LChLBaLUlJSFB0draysLLvw12Kx6MUXX1RaWpqaN2+up556SjfddJPc3Nx0+PBhffLJJ4qJidHUqVNVv3593XTTTQ73snPnTknS3/72N91///0KCAhQRkaGtmzZotmzZ8tsNmvq1KlauHChXYh79uxZjRs3TkeOHJGbm5uGDRumHj16yMfHRydOnNA333yjlStXas2aNWrXrp2ti7oktWrVkre3t5o1a6YhQ4YoNDRU9evXV3Z2tvbv3685c+YoLS1N06ZN07Jly+Tm5ubEpygtXbpU8+fPV/Xq1XX//fdr4MCB8vf3V0ZGhn744QfNnTtXO3fu1JQpUzR9+nTbPb799ts6deqUfH19FRERoZCQENWqVUsnTpxQbGysli1bpscff9ypGgAAAAAAAAAAuBwEwABQQU6dOqW0tDRJUkBAgMPxvLw8denSRW+88YZq1Khhd+z7779XTEyM6tSpo/fee0/NmjWzHQsMDNSYMWMUFBSkqVOnat68eRowYIC8vb21d+9eSVLjxo31wgsv2M6pV6+e6tWrV2x4u3DhQlv4++GHH6pOnTq2Y61bt9brr7+uN998U6tWrdKsWbM0f/78Yu93+PDhevLJJ22vfXx8NHDgQLm5uem1117ToUOHFBcXp3bt2tnGfPrppzpy5Ihq1qypDz74QMHBwbZjXl5eCg4OVnBwsE6dOqX+/fsX/6AvMWHCBJlMJlWvXt32Xu3atXXHHXeoWbNmGjZsmK0D97bbbitzPrPZrDlz5kiSxo8fr3vuucd27IYbbtDAgQPVvn17PfXUU9q2bZt++OEH3X777ZKkffv2SZKeeeYZ23uS1KRJEzVp0kT9+vVz6p4AAAAAAAAAALhc1Sq7AAAwgvz8fL3zzjuyWq2qUaOGbr31VocxLi4uGjdunEP4K0lr166VJPXv398u/C2qT58+at26tS5cuKD169dLktzd3SUVhM/Hjx8vs86LFy9q3bp1kqTRo0fbhb9FjRkzRtWrV1diYqIOHTrkcLxmzZq2LuRL9e3bVzVr1pQkJSQk2N7Pz8/X6tWrJUkPPvigXfhb1IABAzRixAi7QLc03t7eJY5t1qyZ/P39JRUsb+2M//3vf8rLy1NQUJBd+FtU06ZNNXDgQEnSt99+a3u/8PPYv3+/Ll686NT1AAAAAAAAAACoSHQAA4CTLBaLTp48aXtttVqVnZ2thIQErVixQgcOHJAkDRs2TDfccIPD+Y0bN1bDhg2LnTsxMVFSwZLO48ePL7GGzMxMSbLt3du9e3fNmTNHOTk5Gjp0qDp37qyQkBC1bt1awcHB8vT0tDv/t99+s80RGRlpC56L4+bmpjNnzujo0aMOe/k2b968xPDYxcVFfn5+SkpKUlZWlt21T58+LUnq1q1bide9HKmpqYqJidHRo0d15swZu/DVYrFIknJycpyaq/CzsFgspX4Wv//+uyTpyJEjtvf69u2rpUuXavny5frxxx9166232j6Lpk2bqlo1fu8KAAAAAAAAAHB1EQADgJPmzZunefPmlXjcxcVFjz76aIl7vNarV6/Ec81ms6SCjtmiXbMlKQxW69evr3fffVfTp0/Xr7/+qh9//FE//vijbVzbtm01cuRIW0dy4XUkaceOHWVeR/ozQC2qsNO1JLVq1ZIkuyA2IyPD9rWPj49T13bG8uXL9e6775bZcVva/sxFFT6j9PR0paenlzm+6PMZM2aMXF1dtXz5cqWlpWn58uW2YyaTSXfddZeeeOIJmUwmp2oBAAAAAAAAAKC8CIAB4ArUqVNHfn5+6tChg8LDwx06ZYtycXEp8VjdunWVlpamF198UYMHDy5XDW3bttWCBQuUkpKi2NhYHTx4UImJifr5558VFxenl19+WW+88Ya6deumunXr2s777LPP1LRp03Jd60oUvfbp06dL7IYuj8OHD2vWrFmyWq0aOHCgHnroIfn5+cnV9c+/3kaNGuVUqH5pnXfccYemTp1arnpcXV01ZswYjRo1SrGxsUpMTNTBgwe1f/9+paSkaMWKFYqLi9N///tfuoEBAAAAAAAAAFcFATAAOCkiIkJ/+9vfrsrcrVq1UlpamtavX1/uALhQQECAAgIC1KdPH0kF+wJPmDBBsbGxWrlypbp166YbbrhB3t7eMpvNWr9+vUaPHl2Rt1Gq+vXry8fHR6dPn9aWLVvUtm3bK57z+++/l9Vqlb+/v1566aUKqFIKDg7W2rVrtW3bNmVnZ8vDw6Pcc7i5ualjx47q2LGj7b1vv/1W//rXv3TgwAHFx8erXbt2FVIvAAAAAAAAAABF0X4EAFVAeHi4JGnfvn12ywYXZbVa9fXXXys/P9/23sWLF2170V6qXr16CgkJkfTnktHVq1fXgAEDJElffPGF4uLiij03Oztb0dHRl3czJahWrZruvfdeSdKSJUtse+1eau3atfr000914cKFMuc8d+6cJJW4H3FKSooOHjxYrjr79OmjmjVr6syZM3rzzTdLXFp606ZNdstaSyp1yegePXrYvi66NzIAAAAAAAAAABWJDmAAqAI6d+6sPn36KDo6WjNnzlRsbKwGDx6spk2b6uLFi4qPj9cXX3yhn376Senp6XryySclSatXr9bs2bPVr18/3X777WrRooU8PDyUlZWlnTt3avXq1ZKkm266yXat4cOHKyYmRseOHdNzzz2nRx55RL1795avr68sFot2796tBQsW6MSJE/Ly8lLnzp0r7D6HDRumLVu26PDhwxozZoxGjBihHj16yMfHR+np6Vq9erWWL18uq9Uqb29vW2BckhtvvFGSdOjQIW3evNkuZE1KStI//vGPMvcGvpTJZFJERIT+85//6LvvvlN6erqGDRumdu3aydXVVceOHdPq1av1zTffqH379nr33XdVvXp15eXlacyYMfLx8VH//v3Vvn17+fr6ymq1KiUlRYsWLZIk1ahRQ61bty7nkwMAAAAAAAAAwDkEwABQRfy///f/VL16dX377beKjo4utgO3Tp06at++ve31Tz/9pNzcXC1fvrzEzuGWLVvqscces5tjxowZmjhxouLi4rRw4UItXLjQ4bzGjRurcePGFXBnf6pVq5beeustTZw4Ub/88os++ugjffTRRw7jBgwYYOtULk3Xrl3VvXt3xcTE6J///KeCgoLUsGFDnTp1SgcOHFCdOnXUrFkzHTlypFx13nvvvcrNzdWcOXMUGxur8ePHO4xxcXFRWFiYqlevLqkghM7MzFR6erri4+OLnbdatWp68cUX7fZDBgAAAAAAAACgIhEAA0AV4ebmpn/+85/q16+f1qxZo/379+u3336Tq6ur/P391bVrVz3wwAN24eHkyZM1YMAAbdiwQbGxsUpPT9fZs2fl7u6uFi1aqFevXrr33ntVs2ZNu2s1bNhQc+bM0YYNGxQdHa3Dhw/r9OnTqlOnjpo3b17ieRWhQYMGmj17tr777jutW7dOhw8fVkZGhry9vdW2bVuFh4erS5cuTs83bdo0RUZG6ttvv9WRI0d09OhR1atXT/369dPw4cP1wQcflDsAlqQHHnhAXbt21erVq7Vt2zalp6crLy9PN9xwgzp27Kj77rtPQUFBtvGtW7fW0qVLtW7dOu3cudMWCFevXl0NGjRQhw4dHM4BAAAAAAAAAKCiuVitVmtlFwEAAAAAAAAAAAAAKJCVlSVJ2rt3r9PndOjQQZJU7apUBAAAAAAAAAAAAAC45giAAQAAAAAAAAAAAMAgCIABAAAAAAAAAAAAwCAIgAEAAAAAAAAAAADAIAiAAQAAAAAAAAAAAMAgCIABAAAAAAAAAAAAwCAIgAEAAAAAAAAAAADAIAiAAQAAAAAAAAAAAMAgCIABAAAAAAAAAAAAwCAIgAEAAAAAAAAAAADAIAiAAQAAAAAAAAAAAMAgCIABAAAAAAAAAAAAwCAIgAEAAAAAAAAAAADAIAiAAQAAAAAAAAAAAMAgCIABAAAAAAAAAAAAwCAIgAEAAAAAAAAAAADAIAiAAQAAAAAAAAAAAMAgCIABAAAAAAAAAAAAwCAIgAEAAAAAAAAAAADAIAiAAQAAAAAAAAAAAMAgCIABAAAAAAAAAAAAwCAIgAEAAAAAAAAAAADAIAiAAQAAAAAAAAAAAMAgCIABAAAAAAAAAAAAwCAIgAEAAAAAAAAAAADAIAiAAQAAAAAAAAAAAMAgCIABAAAAAAAAAAAAwCAIgAEAAAAAAAAAAADAIAiAAQAAAAAAAAAAAMAgCIABAAAAAAAAAAAAwCAIgAEAAAAAAAAAAADAIAiAAQAAAAAAAAAAAMAgXKxWq7WyiwAAAAAAAAAAAAAAFMjKyrrsc+kABgAAAAAAAAAAAACDIAAGAAAAAAAAAAAAAIMgAAYAAAAAAAAAAAAAgyAABgAAAAAAAAAAAACDIAAGAAAAAAAAAAAAAIMgAAYAAAAAAAAAAAAAgyAABgAAAAAAAAAAAACDIAAGAAAAAAAAAAAAAIMgAAYAAAAAAAAAAAAAgyAABgAAAAAAAAAAAACDIAAGAAAAAAAAAAAAAIMgAAYAAAAAAAAAAAAAgyAABgAAAAAAAAAAAACDIAAGAAAAAAAAAAAAAIMgAAYAAAAAAAAAAAAAgyAABgAAAAAAAAAAAACDIAAGAAAAAAAAAAAAAIMgAAYAAAAAAAAAAAAAgyAABgAAAAAAAAAAAACDIAAGAAAAAAAAAAAAAIMgAAYAAAAAAAAAAAAAgyAABgAAAAAAAAAAAACDIAAGAAAAAAAAAAAAAIMgAAYAAAAAAAAAAAAAgyAABgAAAAAAAAAAAACDIAAGAAAAAAAAAAAAAIMgAAYAAAAAAAAAAAAAgyAABgAAAAAAAAAAAACDIAAGAAAAAAAAAAAAAIMgAAYAAAAAAAAAAAAAgyAABgAAAAAAAAAAAACDIAAGAAAAAAAAAAAAAIMgAAYAAAAAAAAAAAAAgyAABgAAAAAAAAAAAACDIAAGAAAAAAAAAAAAAIMgAAYAAAAAAAAAAAAAgyAABgAAAAAAAAAAAACDIAAGAAAAAAAAAAAAAIMgAAYAAAAAAAAAAAAAgyAABgAAAAAAAAAAAACDIAAGAAAAAAAAAAAAAIMgAAYAAAAAAAAAAAAAgyAABgAAAAAAAAAAAACDIAAGAAAAAAAAAAAAAIMgAAYAAAAAAAAAAAAAgyAABgAAAAAAAAAAAACDIAAGAAAAAAAAAAAAAIMgAAYAAAAAAAAAAAAAgyAABgAAAAAAAAAAAACDIAAGAAAAAAAAAAAAAIMgAAYAAAAAAAAAAAAAgyAABgAAAAAAAAAAAACDIAAGAAAAAAAAAAAAAIMgAAYAAAAAAAAAAAAAgyAABgAAAAAAAAAAAACDIAAGAAAAAAAAAAAAAIMgAAYAAAAAAAAAAAAAgyAABgAAAAAAAAAAAACDIAAGAAAAAAAAAAAAAIMgAAYAAAAAAAAAAAAAgyAABgAAAAAAAAAAAACDIAAGAAAAAAAAAAAAAIMgAAYAAAAAAAAAAAAAgyAABgAAAAAAAAAAAACDIAAGAAAAAAAAAAAAAIMgAAYAAAAAAAAAAAAAgyAABgAAAAAAAAAAAACDIAAGAAAAAAAAAAAAAIMgAAYAAAAAAAAAAAAAgyAABgAAAAAAAAAAAACDIAAGAAAAAAAAAAAAAIMgAAYAAAAAAAAAAAAAgyAABgAAAAAAAAAAAACDIAAGAAAAAAAAAAAAAIMgAAYAAAAAAAAAAAAAgyAABgAAAAAAAAAAAACDIAAGAAAAAAAAAAAAAINwPXI8rbJrAAAAAAAAAAAAAAD8oZ6X+2Wf62K1Wq0VWAsAAAAAAAAAAAAA4ApkZWVd9rksAQ0AAAAAAAAAAAAABkEADAAAAAAAAAAAAAAGQQAMAAAAAAAAAAAAAAZBAAwAAAAAAAAAAAAABkEADAAAAAAAAAAAAAAGQQAMAAAAAAAAAAAAAAZBAAwAAAAAAAAAAAAABkEADAAAAAAAAAAAAAAGQQAMAAAAAAAAAAAAAAZBAAwAAAAAAAAAAAAABkEADAAAAAAAAAAAAAAGQQAMAAAAAAAAAAAAAAZBAAwAAAAAAAAAAAAABkEADAAAAAAAAAAAAAAGQQAMAAAAAAAAAAAAAAZBAAwAAAAAAAAAAAAABkEADAAAAAAAAAAAAAAGQQAMAAAAAAAAAAAAAAZBAAwAAAAAAAAAAAAABkEADAAAAAAAAAAAAAAGQQAMAAAAAAAAAAAAAAZBAAwAAAAAAAAAAAAABkEADAAAAAAAAAAAAAAGQQAMAAAAAAAAAAAAAAZBAAwAAAAAAAAAAAAABkEADAAAAAAAAAAAAAAGQQAMAAAAAAAAAAAAAAZBAAwAAAAAAAAAAAAABkEADAAAAAAAAAAAAAAGQQAMAAAAAAAAAAAAAAZBAAwAAAAAAAAAAAAABuFa2QXgr+lo6mlt/umQjqad1t7EFJktuTJbcmWV5O1RW+bsXLlI8jbVlreptjq0ClCHlgFq39JfTf19Krl6AHDeufh4/f7662WOMw0eLM8hQ65BRQAuR+uu067o/AA/LwX4eRfM1bKh2rTyVe9uwfI01aqI8gBc5/LiY3UhJVnn42N1Pj5W+VlZxY6r1bmr7WvXgEZyDQyUW1jXYsdWFZnvzSjXeNeAQLkPeeAqVQMAAAAAfw0uVqvVWtlF4K9hb2KKFq3ZqY27D6qpn496dmyhDq0C1NTPp9RQ92jqaVtQvGnPIZktubo5OEAj+ndSh1YB1/AOAMB5v//rXzp34IDyUlJ0ISWl1LGmQYNU/5//VDVPz2tUHYDyutIAuCS9uwdrwtg+tnAYwF9DflamctdH68z6dTq7fausluIDX2fVaNNWrgGNVLNNO9W5s69qtGlXQZVeuWOtAss13q1TF/l+vuwqVQOgsmVn/iYPr/qVXQYAAMB1IauEXw52Bh3AuOoWrdmpmYs3q0PLAI0c0EkzIwaVOn7T7oPa/NMhTRrdV2ZLrpJOZKhnaJB6hgZp7MM9bGNmLY7R0bTTeuzeMI3o3+la3AoAOOVcfLzMn3xi956rv788hwxR7vbtyt250+6Yx113Ef4Cf1EbYhK0ISZBr78SriH921d2OQCusnPbf1TWoo+Vuz6qQufNi49TXnxcwbxWq7yKBMApvbrI+/kX5T7k/gq9JgBcDgJgAACAa4M9gHHVTJkXpQ5D35LVatXez8Zp4aSH1TM0SHsTS++Emzw3SpPnRslsydWsLzer5zOztWn3QbsxPUODtHDSw4qc/riOpJ5Sz6dna8q8iv0hCgBcruKWbbyQmqp8i0XnDhxwOHYuPv5alAWgCpvw2iq9PpPvZQCjOrf9R6UPvV/pwx6o8PC3LBdTknVqfIRSenVRzoqvrum1AQAAAACVgwAYFW7T7oPqMPQtebnX0t7PxmnkgDBJ0uS56+TS+QXdPOxt3Tz0LR1NPV3s+Zt/OiSpYMnohd/sdDi+NzFFU+ZFacq8gpB48hN3a9OHz8rLvZY6DH3LISwGgMpQu1Mn+Tz3nHyee07VPDwkSeZFi5RvsVRyZQCqqk+W7tD2PUmVXQaACnQx+bgt+D23Y2vl1kIQDAAAAAB/GQTAqDBmS64em7pYC7/ZqU1znrUt1ywVhMJT5kVr5ZuP6cjKV5RhydXYmZEOcxSGt5NG99HYmZHyNtV2OH7zsLe1ctN+rdy0XzcPe8vWUTz24R7aNOdZzfoyRhEzI2W25F7FuwWAktUICJD3yJHK3bFDuTt2qJqXV6njc7dvv0aVAajq3phFFzBgFJnvzVDKHV0rPfi9FEEwgKrm/Lmcyi4BAADAcNgDGBVib2KKxs6I1NiHu2tQjxCZLbnavOeQenRsIUnatOegmvrV1aAeIZKkkQM6acq8aId5Nu05qPYt/dXUz0f7fk3Vglcf0tgZkdq056B6hgZp1pcxatKwrvZ+Nk6S1GHoW5q1OEYLJz0sSfI21Vbk9Me18JsdGvTSfM16YZA6tAq4Ng8BAP7gGhgoScrdsaOSKwFwLQUH+crTVMvuvfjEE8rOOef0HAd+TVdKmlkBft4VXR6AayQ/K1O/jRld5YLfSxUGwdkrlsr7+Qi5db61sksC8Bdw+uRRNWzc1vb6xLE4u9dGlnM8VTkpabbX3m1aqaaX6YrnTY7aqIz4RNvrBp1D5dv1FqfOPZ9pUV6WRe6N/Is9dnL7buUkp6pu22A16BLq1JwZsQmq2y7YueL/kL51l9M1F60v+X+bdHLrLp3Psqhuu+By3XtZ9bi4uEiS3AP8in0+5ZFzPFUZ8YnKiEvQ+UyLanqZ5B7or+b33evU+SU90/OZFpn/mLdu22Cn/kxlxCYoJyVNGXEJBV8np+qeb790+l7OZ1p0ZPlqHY/aqDuXzHX6PADAtUcAjCtWGP4unPiwmvr7KHLzfj02dbHM2Wc1sn8nLZj4sJr6+ehoWob2JqaoQ6sA7U1M1cDuNzrM5e1RWyP7d1KHVgFq0rAgMC66DLTZkqueHYPszjFn/9npG7l5v5r6+WjkgDB1aBWgsTMiCYEBVArXwEA13bBBeSkpSh8/XhdSU0scm7vTcbl7ANefCRF91bljE4f3syxntWjJds3+OMapeeIT0wmAgetUXnysTo4ZpYspyZVditPO7diq9GFb5RbWlSAYwFWVnfmbfBo0tXtdUvdv4fs13dyvSW1XS87xVB2Y/4WSozcqJ9nx34QNutyi5veHOx0EFkrfuktHlq3W8eiNysty3GbIPdBfXd6a4hCG5hxPVfr23Tq5dVdBABiXIPdAf92z9kvV9DLZQtXkqI1Kjt5od24NT5Naj3pUIWOfcrje+UyLEhZ8ocNfrVJOcqo6Thyn1qMedfp+Njz0hKSC8PrOpfNKHXv4q1VKjt7kUF/h65LuvTSF9334q1U6uW2Xw/G6bYMVPOrRcn1OhXMmfPy5MuISih2ze8r0Yp9p+tZdOrl9d8H//1FP7y/n2u4pOWqjDi9b7fAMJKn5feHqOHFcsUFw+tZdtmddXoV/5g4vW2V77/BXq9T8/vDLmg9whvX0D3Kp3Uiq3biySwGuSy5Wq9Va2UXg+hW5eb9mLY5R5PTH5W2qrU27D6rXmA80c+xAmbNzNWVetDLW/0veptrq+fRs2/6+TRrWVeT0x50OZo+mnraFy4NfXqBZEYNkzs7V5LlRWvnmYxrUI0R7E1PU65nZMmef1YJXH9LIAWEyW3I16KX5ts5kAKgMB4PL/u3noITi/0EIoGpo3XVamWMWzR5ebABsO/7ldr3xjuMKKJd6dlR3PT+6R5njCmVZzurAwXRJ0oHEE8q0nLV1LIT9UU/YzSXXdaXiE0/I8keX844/9jC+Ftet6go/lwOJJ5SV7dgFHtaxiUzubmrTqmElVIerIS8+VieG3i+rJatS6/B6LkJef3/R9vpYq8BynV/RQXC5r9+pi3w/X1Yh1wZQtZw4Ficf3ya2UPe7FW/pjiHj7MacP5dj6wq+nsPf85kW7Zn6lo5Hfafm94XLt+stquFpsgWrRTuBpYLQMnTiOAX27VXqvOlbd2n/rI/k2yVUze8rCN7St+3SgY8/l7lIF3ChS8PAw1+t0rZxkxzGBT/+qPKyLDoevVHuAX6SVOx8hXN2eXuK7XVy1EbFPPmCw7iB369xunP2iyY3Syo9AE7fukt7pr6lBp1Dbc8pIy5BCR9/7vA8C+ssKQgt6vBXq7R/1ke27mH3QP8S5y0tBC8qOWqjto6bJN/OoQr+IwjPy7IUhNf/2+Qwvm7bYHV5a4qty3ft3Q86PH/3QH+FRDyt/TM/lKxWW515lmyH+dwD/dX9vzOK7Ro+8PHn2jP1Lbv3Hkn6qdT7kf78jC69zsAf1pR5LnA5rMmLJUkugQ9XciVA5crKuvx/X9IBjMu2NzHFLvyVpJ6hQRrY/Ua9s6Sgw6V9S3/bsU0fPqu9iSkyW3LVoVWA7f3New7JbMnV3l8L9vItDHulgo7gDq0CbEtJD+oRogWvPmTrCp45dqBtyenHpi5WEz8fTerfSY9N+1JN/XzUMzRIkdMf16CX5qupnw+dwACqrHPx8XJr06ayywBwFY14qLNTAXBZUtLM2hCToO17krRjz1FZigkXixPWsYkG92+v3t2CHZaqLo8sy1lFrt2n9TEJBeFvGddv3dJXQ/q316B+7Uu8bnziCQ0e4dwScisXPWEXmr43b3OZ3dXOhuoVMdeKNfu0ISZBG2Kc/8WesI5NdGf3YPXuHkz393WqqoS/FYGOYABXU2Gou/eHZWrcspPdsRPH4iTJ4f3rTUZsgtY/9ITcA/w08Ie1dgGkb9dbFBLxtBLmf64DH39uC+/OZ5b+90fO8VRtHTdJJ7ftUpe3pth1XTZvFK7m94frwMefa//MD+0CweNR3yn48UdU06sgCGx+f7jOZ1kcAsCE+Z+rhslD3efOtHWZ5hxP1YGPP1fCgi/sxhZ2gBaGwIF9e6nZ3+7VkeWr7cb9PPNDdZ0xtewHVkRxXbuF954Re0B3LplnF2r6dr1FrUc9qsNfrdLuKdPt7j19607lJKfa7v1S5zMtinnyhTLn3T/zQ1sQnJdl0XlzyZ/V+UyLto2bpMh42oYAACAASURBVOTojQoZ+5RCIp62Ox7Yt5cyYhO09cWJdgFvYTd2YQ13Lpmnr2/rZ3c/Ocmp2vbiRIfu6uLuPSc5VTFPvmDr7C6q+X3hDp//5cpJTlVy1MYyf3EBKK/8g9NlPXNM1W96r7JLAa5rBMC4LIXLPkdOf1yS9NjUxZoZMUjeptoFS0EPnKa6nrVte/UW6tAqQGZLrr6O+UU/JRSGwf7q0CpAvUNb6qLVKnUsGFvdxUUX8vP1U0KyZi7eLG+P2up1S5AG9QjRyAFhdvMOemm+jqSe1qYPn1WHVgGaPDfKtm9w4b7A7AkMoCrLv4Lf5gJw/TB5uJUZmHp6lBzODhz2XyX80e1bXjv2JGnHniSZPNz0xisDdWeP8u3NlmU5qzfeidb6zQecDp2lgn2NX58Vrf9tTtCnHwwvdt7nxi91aq5//F+fKtsxG594Qs+NX6qUtMxyn1v42ZT0jFC1GSn8LYogGEBF8/CqL6kg6D24f7Pue/rPH+zH7VqroJAe13XXr2TfYdujmPBNkmp6mRQS8bSa3xeurS9O1Pksi3rMnVlit2z61l2KefIF5WVZFDL2qRKX3G096lE16tNLW1+cqJPbd6tB51B1nzuz2ADw0qBYkkInvWQXwLo38lfo5JdUt12wQ9fw4WWr1Oy+e23ju86YqpzkVJ3cvts25sjy1bop4uly7Z9bt63996eFYXpelkUdJ44rcW/h5veHK7BPL8U8EaGT23cr8K6e6vL21BK7f4vOW7TztqR5CwP7rm9PLTHsPJ9p0YaHnlBGXIIadA51CH9t99guWP3WLdHuydOVsOALuQf4qfvcmXY11PQyqfl94Q7he+BdPR2W1i6scf2Do+1C5ZzkVO2eMt0hhL+SfadrmDwc/twcmP8FATAq1MWf/y7JSvgLVAACYJSb2ZKrkVMXa9OcZ+Vtqq29iSlauWm/Nu05qJVvFizrvHDSwxr88gJFbt5vW3rZbMnVO0ti9FNCikYO6KReoUHatOegFq3ZqYhZX5d4vQ4t/dUzNEg9OwbJKqtGTl2sm4MD9H8Pdpe3qbaOpp4uWP75liB5e9TWrMWblZlz1m6v4MJgetDL8211A0BVkrN+vWp37lzZZQC4ilLSzE4Fp2GlLCN9ueFvUZbsc3pu/FIN7t9eb7zi3J5d6zcn6B+vfV2u4PdSJg+3Yt8fP+1rp0LTO7q10oiHquZ/J1es2ac3ZkVd0fORSv/sUTXlZ2Xq9/ERhgt/iyIIhlGZzWbNnj3b9jokJETh4exleTV5eNXX+XM5+mHth2rcsiA4PH8uR3G7vlXbW+657sPf5KiNtqC02d/uLTP4dG/kX+Z+txmxCbY9W2uYPBT8eOn76hbOWdrerDW9TKrbNtgurJWkwD7Fh3gldQ3vn/WRXWDc9e2p+vr2/nZjDnz8uUInv1RqzRmxBaumuAf42QWJRUPaGiaPMvcUrull0p1L55XZkZpzPNVu3rL2sC0M7EsKdAsVDWDLGitJoZMLAvcGXW4pNpT17XqLYwBcwn3V9DKpx9yZWnvPg3YB7ZHlqxU66aUrCn2LCol4Wie37rJbxvrktl1K37qrXHsuw1isp3+UJLm4ekqeN17+RBcydXH3CElWVe9cclYAwHkEwCi3x6Yt1qw/un037S7ost372TgNenm+ej0zWxvnPKtBPUK08s3HbCHsojU7tXHXQd3Xu70kKWJmpI6mZTh1vb2/pmrvr6ma9WWMmvrV1cgBYQpt3Ugjpy5Wr9Ag/d9D3bX3s3EaOXWxmg1+TZI0ol8n9QwtuPbCb3boaNppTX7ibs2KGKTHpi3WyjcfvwpPBgAcZa1Y4dQ48yefyDRkCMtAAwb2j9dWlTnGv6HXNetwXblmn0zubpoQ0bfUca/PjNInS3dc8fWKu69FX27Xd1uK31+uKP+GXvr3qwOvuIarIT7xRIWEv7g+Zbw+WXnxcZVdxjVRNAi+4d8zVD2wUWWXBFyR999/X6+//i9JUqNGjbV9+/ZKruiv4fs1c5Sd9ZuCQgq2UziWuEsdbruvkqu6cuczLdpapEu2UQV1RG59caLta98SgsLilBVqXhoA1zB5lDp361GPOuyJe3LbLrsx7o38FTL2Ke2f9ZHtvcPLVysk4ulS586IKwiALw2gt744UXlZlmKPlaasbtSi8/p2qZjQcv/MD23hr3uAn9NhaGm11vB0fGbugSX/UoF7I3+1HvWo3fOXpOTojWX+eShL+taCz9q3yy1q1KeX0rftsguaEz7+nAD4ryL3mPLT18mavlbW3ONS7vFih7n43CoX336q5nOrc6HwhUxd2DZYklWuXSIrtmbgL4wAGOUya/Fmtf+jI3fhNzv02LQvteDVhzRyQJg2zXlWTQdO06zFMVo46WHb3rwjpyxWz9AWujk4QMMmfSZz9ll5WvP0zwvHFO/ioRWuvqVes/NFsyQXpVSrqaNp0uS5UfL2qKXJT9wtq9WqQS/N18KJD9v2GJb+XGo6YmakFq4p2C+4Z8eggj2BN/+ihd/scFhGGgAqQu727cpasUI1GjVS7vbtyt1RfGhSzcND+dn2SycdHzRItcPCVM3TU56DB8v9zjuvRckArqKUNLN2/JSk9+dtdqrLdcSD17bD9ZOlO9S7R2t1LqHzdMWafRUS/hYnPvGE3v94s1NjZ//ngSvat/hqGj9tVYWFv21aVs3lrVG83P+tU86KrypsPrdOXVTnrr6q2aadarRpp2qeXg5j8rMylRcfK0k6u32rLqQc1/n4OOUduHYh9LkdW5VyR1e5D7lf3s+9QBCM61JSUpIt/PX09NTSpUvl7c0e7Ffbwf2bdfzgbrl73iCfBk2VnflnEHy92z/zQ1uoKEkNKiBYPPzVKrslfUtapvhyXBrIXrr0cnGCRz3q0AWcczzVrtM5+PFH7fY2zsuyKGH+56V2xBaGi5fua1v03j3KsYx0aZKjNtoF3xXxTM9nWnRg/p+duhXx2ZekZjGhcFHN7wt3CIBzklMr5No1TB625xUS8bTdn4Xk/21y+LMAY7Ge/kH5v063dfuWPf5HWU//qHwVhMHVmj4lF997ih+c9Ysu7BkhuXoWhL+ujt8DA7g8BMBwmtmSq4Vrdtr29R05IEybdh/SY9O+1OY9hzSifye5uEgdWhX8ZX809bQmz43SC4/00P/NWKlNew5Jkjytefqy1hG19aimaiZphuWgZqTX0Luuf/7gMdCaq2nNXdUmK02twvuqZquWOjlpimad8dHC6v4yZ0tjZ0aqZ8cWmvrUPQ77++5NTNFjUxdr76+pGtGvkzq08tfIqYt19OtXNfmJvur5zGwN6hHCUtAAKlzhMs7mRYscwl9Xf3/VDgtTveeflySdeu895axfbxcEX8zKkveIEYS/wHVoxLOfXNH5l7vEcXCQr0M4mmU56/Ry0bM/3qzOHR33nd2+J0kTnOhadlaA358/WM+ynNU/XnMuOH12VPcqve+vM885OMhXnTs2kemPz8liOav4X9MVn3hC2Tl/PgNTFQ254ahg6ecXrngeFw+TPEeOlmnk6GID30tV8/SyLcF86VLM57b/qDP/i5LrNQpkc1Z8pZwVXxEE47r00ksFP9fw9PRUVFS02rdvX8kVGd/5czna+V3B90ptbykIAQr3BDaCw8vsv2eqiCV3k6M2XvEcFam4kPjSwK+ml8mhC/XA/C8U/PijJT6Tk9t2qUHnULu5rta9H/7K/nOqiLA2OXqjXfh/6R65FamswLq4ALYi7vHktl123dKtRz3qEKb/PPNDh/2GYQC5x3Tx5787HfwWx3r6R108/aNkulGuN71r3xGc9YsubB8kySrXjosIf4EKRgAMp42dEalZEYPs3ls46WF1aOWviFlfa+GanRrRr5PGPtxDexNTNHZGpKY9dY96PP2+zNlnJf0Z/t7o56XzCYmqZrIo35Kt/3dLqJonJmviWV9ludRQZLNczU+TPszxlOe8LWpjXadAax0lu9TSyIupinPx0Prq9bRpzyGFvzhPq94aXVDfHyHw2BmROpp2WgtefUiPTftSk594xbYXsbeptmZFDNLYGZFaOOnha/4cARhDflaWzJ98oqwVK+TWpo1qh4XJo3dvuQYGqnbnzrYgOPePpeTc2rRRNU9Puzl8//MfSdKF5GTlpaQ4jLGsXKlT770nSfK4807VDgsjGAYM6o5urZxe4ti/oZfu7B5caueuVBCyvj4rSpFrfy51vh17kpSSZrYLaKWCpZ+d5eHupjt7BOvO7q1tIWZKmlkHEk9ofUyCUk9k2s3/+qwoHfi17OC0081N9PzoqtsZtD4mocwx7//7Ad3Zo+Qf1sUnntDKNfu0Ys0+BfrxA4/rRca/Jl3xvr9ez0U4Hfw6w63zrZWyPy9BMK43SUlJMpszdfvt3TR9+nTC32vk4P7NOn/ujOrWb6y2t/Sr7HIqVPpW++VwG3QOrZB5i+6zKhUEqenbdqtu22C7MPXSZYzTt+1SRmyCmt93b5nLIZfHpd2ngXf1LHZcebqAM2ITlJOS5nDs0ns/vGy1MuIS7QLQum2DHWrKTk7Vya271KBLaLHLHqdfsmx1Rbg0rE6O3qhv73nI7tm7B/rLo8jyzeezLMqIS1DO8VRZrdYKC07PZ1rsXtcweTjV3V2WjNgEh/A5dNJL+rbfQ7bXR5av1k0RT9MFbCDW9LW6+PPfpQuXfM/rapKLz21yqXebXP4Ic118bis4lntM1tzjsp76Qfnp30qW2D/PsxSEvdVavqxqTZ+UNXmxLsa/Kskq185fX9n+wQCKRQAMpxxNPa2jaadtSz9HzIzUoB4hWjDxYY19uId6hgbJbMm1/f/kuVGa9tQ9Ch83zxb+dr5o1n8uJCr4ti7K2bhZ1Uwe8rizty78fkrV63orPCFBbhcy9UyNdspxcVUfj1y5Zp9VG2u27so/re0uXgp0KZjr1QuH5GXN03LXhjJnn1X4OPsQeOHEh9Vh6FsyW3K18YMxaurvI6mgi7mwzslzo3Q09bTtGAA46/T778u8cKHyLQX/uLqQkqKc9ev1++uvq3ZYmF0Hb2EQXBrXwEC5BgZKsg+WL6Sk2MaYFy2SedEiVTOZ5DlkiLyHD7edA+D65d/QSxPG9i01ICzq9VfCNaS/cz+o9jTV0r9fHagAP2/N/jim1LHrNyfYdR+vWLPP6Q7iQf1u0oSxfYtZormJ1L+9JkT01Yo1++Tp4Wa7VlmhtFQQKs/+zwNO1VBVmTzcyvxs27RqqDatGuq50T2q7DLXsHcx+bhyVi677PNdPExq+Pky1WjTrgKrKlm9f8+Q+d23dTE1pezBV8AIQXBSUpKOHTtm+7pJkyby9PQkICynmJgYubi42J6hJIWEhFSZJZabNGmi6Ojoyi7jL6emm7tq1KytO4aMu6J5Tp88qppu7lWqe/jSvXCvlrwsi05u2+Vwvf1Fvq5h8pBvl1sUEvF0uZY3diYkTI62DzqDiyzZXFR5uoAPf7VKNUwednv8XhpiSgXLGOckpzrUUMg9wE912wYrsG8vdZw4rthu45zjqQ7duR6l7KnrrPNZjvVmxCXY9jYuSeBdPdX8/vAKDekvfT6tR5XceV0e6dt2yffWTjq5bbfd+4F9etld8/CyVaUu943rR/7R/yo//hX7N2sFqnrLl+TSsF/Jnbq1G8uldmO5+Nymai1flrJ+0cVf35T15LqC4xeylB//ivKTv5Qsv0iuJsJf4CoiAIZTJs+N0uQn+tr21R3RP0wLv9mhEf07qalfQYDaMzRIkjRy6mK9+EhPu/BXkp5vcF6BqeeUu2u3qpk8VM1kUt7xZOWlpupCappc/f10lyVNd138Xfce9tJdF8/IU9X1XrXGeqaG/Q9HWrhXV1iAn5YftkqSLQT+fOowjZ0Rqcjpjyty+uO20NpsydU7S2I0a/FmdWgVoI1zntXkJ/pq8twouoABOK2wI7doMHup3B07lLtjh1wDAlTv+edlGjzYqbkLg9+iwXKx4ywWWxhcOyxMPs8951TIDKDqCevYRCMe7Kze3Z3/4Zyz4W9RIx7sXGYAnFXkezZJWrlmn1NzD38gTBMi+pY5rrDulDSz/vHa107NPfvNB6t8IGqxnC39ePY5fbJku4Y7sbdzVb9X/Mn83tuXfW6N1m3l+9lXFdb16wz3IQ/IfcgDylmxtFKC4KouKSlJn332mT799FMdO5ZU7BgvLy8NHTpU06cX7HfYp08fff/9Fqfmv/32bnZhY506pW9D1LhxE7Vvf5PuvTdcQ4cOtb2/atUqPfTQg3bjDhw4UOb1P/30Uz311JO2188++6ymT39LMTExuvvusv/7XWjduih179691Ot89tln2rKl5L9vunXrriVLlsjb21uvvfaabQ9eZ5w5k2v7uqzn7+XlpZtuaq/u3btr6NChthC6qEs/h6LzF8dsNqtNm9bKzMy0vefsZ/BXdnD/Ztsev0EhPa54v9/z53K074flqunmrk69h6mmm3tFlFnhii6Le7lyjjvu2+rdppVCJ71U4jk1PU2XvadtWSFhRmyC3T63Xd6aIt+uJS8t7GwX8OFlqxTYp5fd9YurpbR79wj0d6rrNLuYvXCzk6/OvrW9v5xb6vHSnl1Japg8Sj1+PtNiF7o3+9u9FRLGZsQmKM+Srd1Tppc5tqzlvnF9sCYvdgh/qwWNU7VmT5V/iWbPG1U99BNZT/+gi7uHSxf++HmX5RdJUvWb3iP8Ba4iAmCUyWzJtQWpY2dEypx9VjcHB2jTHh/1GvOBJGnBqw/Zll4ePbCL/v72CrvwV5LG/F5Xr1RroLt1ToGPPijz518od9duufr7yb1XD9vXnukXlOVSQ8tdC/Z6u+vi73rYLUfdQ4PUslUjucmqzC9+0vyEc1KNFn/WmX1W/5yzRuOG9tLkuVGa9cIgmS25mjIvSrMWb5Y5+6xG9OukyU8U/CO3sAvYbMllL2AApXIm+L3UhZQUpY8fr4yFC1V/woQSQ1png9/i5O7YoZThw1U7LEw3TJggtzZtynU+gMq1Y0+SduxJksnDTSMe6qLhD4RdUQiYZTmrAwfTZbVKLi6Syd1NbVo1lKepljrd3EQ7fyo+2Cispeg8pY0t1OnmJk6Fv0WNeXmpU/v+Dn8grNTlrasKZ/bsfX1WtFas2ach/dur081Nqux+xnDOlXT/Vkb4W1RlBcFVmbMhZGZmpvbtK3vlgopw7FiSjh1L0urVq/Xaa69pyZIlat++vcLDw+Xp6amsrCzbuH379pXZnbx6tf1+l0OHDqvQevft26cHH3ywxPC8qC1bYq5JF3BmZqa2bInRli0xev/99/4/e2ce1sTVf/EDCoiQsLiALOLbKhAs0gqCtogbFatCEbVYUdEqal+w7lape63WUrcK/blVZXNXFK0VhKrQVkDxVahA1FqBBAQtS8IioPL7IyZkMpNksrBo5/M8eWomd+69s0DDnHvOF999F4Hp0zU77vPnzxPEX0B0DRITE+HnR46ZZRCh36Urfr+4hyDWVpQ/grFJD5XF26zUaORnX5K8f/DnNbz9jhfcR81odyHYiMJFWlusmbCoxyYLaPpsllrCoaZU3uUiZUoImgRC6LGM4bpuOWW8sjR0XMC8pCtoEtYo7QvQzrFTuX2bKNy72qA1rpMil3ZjtRCpU0JQ+0rkdpg1Fa7r5S8WUAWxw1ccba7PZsHIxkricK7M49KK+24NdkWegY6OjuS998iBcOK0/t8Qh6KTIKypk7yfOd0HbHbXVh9XEXn5hci8UYDMrHwIhC1zs7HuAQ93R3w40pXWHJsrfseL3IUtGzqz0GnAbuhYaBbdr2P+ATqPuIXnGf6EWOiXZZfQiWbf0tdb1Wste68E+HvCxppekkRefiHOnP0NeQWF4PGfwsa6u+S8TvQfqnDfUwnpKCl5SnuesnwRSs9UIp5nyq+3JO81+Xng8Z/gzNnfAAAsVldM9B9K+x6X3leMKschRiCow+Vfs5GZVQAe/wkEgjrJHAa7c2gfn+x8WKyumDVDtecYYjriz74yGAGYQSmHL2Rh5vhBAIBFU7xQJazHzI1HYWrcBevmjMbwgX0x3LUvHpVUoEpYj5Sse7h9n7yqjo3nuKzbDYLaany4Jxp93d7BC6EQnVgs6JqZobOlJV7W1mJHXx243+fCprkBnOYasPEC+r3s0XjlFzQLXfG8l+ih2Zzxbjh8qQQ8nRbx9vb9EtzIK8aj0grcvseHqbEh1u9PwrD33sbhtZ+S4p5njh+Es9dyMXO8eyueQQYGhteV+sxMlK1apZLwK0tjQQH4M2bAyNsbPVatIkU9qyP8kuaZlYVif3+wJkxAj/BwUq1hBgaGjo2wpgGRB64h5VoBtqz2oyUQCoTPcPbiHeTfL0PWrUfgl1YrbM96Fb9Mh3watXkBkbNYFTbvSKIVK+3Q10JlYbm9cB/YR6m7GgAK7pdh806RA5BlbAD3gX3gMdAOo7wcSLWXGTo2dSmXlDeiQMeYhe5bd7Sb+CtNWwvBHZWQkBDEx8eRttva9iY4RsVOUyoXaWtTVFSIwMBAicvU19ePMOe4uFiFAnBVVRUuXLggeW9r21urcday7mJpPD1bHogWFhaiuLhIa+OqQnV1NebNmwsvLy+NrmFk5G7K7XFxsYwArIDe/Qbh9m+ncHTXHMm2t9/xgufYz1Xuy31UMIru30StQPQg3bavq1r9tAZUAnBZxk28Zav+vaFvwoKRdS/U8ksl28ozs9FYLWwzd2VtcQkKDh4B92A8jKx7wXnRPLw1yY/2+MpcwA9PJsLIuhelWGrKsUdV/j3Je20cO5UgX5x0ReMIZiMbK0DG9c3TQr90eXgyEdkbvweam/Gfib5ar8P78GQiBq5dBkc5kd+N1UKc+2Cs5Do/PHW+zQTgH6LOEt43Nze3ugCckZWPTd/Gk8ZdGBbQquMqnM+WeOQXUP9/NhMFOJ2QDmA/Jk4Yii9C/eULn/VFeJEd3PJe2/HMnU3QefBZggjczD+GZosxtARm6et9MDoJaSnbaYtvsveK+yBHpQKwQFCHTd/Gvzp/LfD5TyXndVdkAlavDMJob+ra76cT0pF1Q/20EFWE0+Wr9qGAWyx5fyohHWkp29Ua93LKLeyKTGh5n5qNI9HhtPbl8Z8S9gVUOw4e/wl+iDqL5JRsCKUWM0iTmVWAXZEJ4Dj2xupVQRjsLt8QczohnXT91RGAk1OyST/7LOOumBXcsZ9d6Lb3BBg6PtE/34D/MGcAQB8rcxxe9yn+TlgNl37W2HAgWeKe3XksDbP9PLDrOPVDMJ6OIS536o5Nem8jX8cIL4RCvBQK0cDl4mVlJV7W1oLt54vnJSWYOd4dH80LhG3QJzB0c0UjV/Slr/5mNl7W1MB8/lw8T0yExwvyw85dx9OwdOpwLN5xFn2szBE8dhB0dEBZ69d/mDN2HVP+0I6BgeHfRX1mJvjTp4M/Y4ZG4q80tSkpKPL3R1V0NMpWrsTDQYNQsXu3xuKvNMKEBPCmT0dDfr7W+mRgYKCP/9gBCJ3tRXoNes8OxkbKBdiC+2UIW3kCAgWxwvzSKoR+eQLuoyOweWcyEn6+o1T8BUDLdSsm69YjWu3cVXDoZt4qRMyJLKXtjI0M8ON3r0/dX4+BdnDoa6HSPsKaBqSmcbF5ZzJGBezGjNAYZN5S7pxj6BjUJKjnaO35fz+1Wc1fuhgFfALrq5no9u12dLKybu/ptCnLly8jib+enkNx6VISuFwukpOTJa+6unocO3Ycvr6+cvu7dCkJdXX1lC9ltWbF7UpKSnHpUhLGjx9P+Fzs9AVAmsP58xegiPPnzxPeK3LBenoOlXsMdXX1pPjnO3fukMRfNpuNrVu/Q0lJKeEccrlc5OcXIDz8K7njh4d/pXB8RUif/+vXMyjHkSfg0uHOnTvIzW2pssqWWmx54cIFFBYyv8MVMWbqWgwaOR0uH0yE78wtGom20hHS5hZ9tDE9AjXVT9Taz2KIGymelysVl6yI2uISPDx1nlRbFQB6DiYLow9PJZK2yYOXdAW5O/dS1tSVpfIuF7k79iB3516khSzBLx9NwTnPceAejIfDrKn4+I+LKteTFbuApSk4eASN1UI0VgvBu3xVrvuXajv3YDxFS2p4SVeQsXQdKu8S6/D+ZyLx9+jfp89Txm1TUfBTPMozskntbSmE3gKa1x8Q3QMZS9eh7LriWtKV+fck1yh3516kBIbgpLMXMpatgz6bhY9/v4gh2zdqVfwtu34TtfxSvDVJ/mIGfRMWoYZzLa8ED0/Sv09fNw5FJ5G3xbR9XXmBoA7zw3YiKHiLXPFXltMJ6Rg/YQ1OJVCXUXiR8wXwXCB53yq1eV+JwOhiIzOu8r9ppREK6zA1eLN25yaFQCDqX1b8lYXPf4rPF+zCD1EJCtu1NhlZ+QTxFxDNTd61VoZAWEt4LxJcz6g9P7rsijyDYd5LcTohXa74K01+QRGCgrdgRbji2H1tcCiG4mc/lryto8EIwAwKeVRSAZd+1oSI5CphPfpYmePqnlD8L3Yp3rW3xtXsBzBldcG2I1dp9TvY1R7m8+fCaMRwdLYifzFp4N5DxZ59qI4/igYu8cta7ZVrqIo/Ch4MJDHRsvyUmAk7S3NczX6AnUv8YWfZIv5ezX6AKqHoD0hTliHsepnjUUkFrXkzMDC82UgLv/VZyoUKVXkpFOLp5s0QJrTeF8PGggLwGRGYgaFdmDDuXSyYM4z0iv1xBn5N+AKhs+XXThTDL63G5p3Uf0REH8uE/4x9SE3jUn7ellhZmtCOqxYInyHsy+O02n675uN2dcTm33us8j7frvGjJfDLI+tWIYJDY7BqU6JC8Z+h/XnBK0ZTfp7K+xkMGgwDj/dbYUbaQVoI1jF+82v2FRYWIioqirAtKGgakpOT5da49fPza3WXp6mpKby8vHDixEnY2vYmfJaWliaZh7T4KC0OUyEb/6xp6I5NAQAAIABJREFUDLI0y5cTo0XZbDaSkpKxYMECyphnOzs7rF69mrRd27i4uGD16tUIDQ0lbNckwjsyMpLwPixsAeF9YuKbK3SoQ2MD8aGxvoERnNzG4t0PJsG8p2airb5BV3y68AA+XXgA+gbajVxsbKjFlYRtaovAsgJZZR6XlghWnHwFGUvXIiVwDo7YvYfs9S11VgdQuCjpCroAkL0hArk79uCXsVOUtm0UCGEzegQenjgHXvIVSbwvAHAPHUHG0nW0xpTF4bMggjgudgGLY4XlCYtvTfIjieoFB4+QBF155OzYg4enEvHL2CkEwZZKWM7e+L3S/mqLS3Br4/dICZyDc57jcHFMS012G58RMOXYE9qXZ9xUKuiKKfgpHg9PJSJ1SojC42sSCOHwWRAq/yxA7o49KM+4KYmwruWVIHVKCO17gy65O/bA5sPhSoV/2fMqHf39JsHjPyFE7IoRCuvUFtrUQSxOXk4lz0UZQmEd+Hzy77nmit/RXPGH5L1u32WtV5u3swk6uUgtzHouwIs81b8j5BcU4evN5DQXbTAvbCdtYR0AdkUmUN4DPIpz3RpQLUwAgMMUoqW6iF25rcXyVftITl263M2jt4hdXfLyCymd3Hz+01Y9J9qAEYAZFHL11gMMdxXV2Z254SiuZj/A8M+jMOLzKFQJ6/GuvWil+OELN+DtZo9zaX8q7fOL54UwvpkBQcJZPMvLh6GbK4xGDIf5/LloKilBZysrGLoORPflS2Do5oq7Nc3w6/wuPu/MQfflS6DvYI/nJaWwQQM8XlRRjhF98Qbm+Hng8IUbMGUZ4vC6T3H7Hh9mo8Ix4r8/4j/+X+PwBZG4M3zg27h664GWzhgDA8PrStXhw6jYvRsNeao/2FUVw0GDYDhoUKv1/1IoRMVu9V0ODAwM2ofN6oIFc4ZhxifKy05QCbxnfr6DLbuSVXLytiaqiLRsVhdkRH+KGwsskdrtPJKb9sh92S8dibJ5k1B74YRW5yukKayqc3459paI/XEGrCw1i/ZN+PkOwlZq97gZtIu68c/mqzdoeSaq8YJXrLwRxEJwBkzCFr/RQvCmTZsI752dnRERESGndfvg4jKA8F669qyvL/Ehe1xcLGUfsvHPzs7OWouxTktLk0Rji0lKStZqvLSmyJ4nTZAW0j09hyIsLIzwueyCgn87j4vy1BZRleHkNhb6BkYSUVkbFN2/gUtHN+L8oVWoKC/E+cMr8fvFPagoV+1hsvPi+STBMnvj90oFS17SFcJ7aceska0VnBfNI3zeJBDSEvoenkyUxEcbWfdSOn8AMOvvgI9+OU5yyQIi57E6IrA8F/DDk4no6eEq162qb8IixQg3CYTIWLZO6bGXXb8piY/+z0RfwhgWQ9wktWzF8JKvoOAnxe5iWee1rODpuo5cbzdt7hKl17+xWoiHp0VpDUbWvWDWX36dX0B0XrwO7MDg7zeQ7rfKPK5SEVkVeElXUJ6ZTSvK2mKIG+E+q+WVkO7tNwHZWFtp2tIB+umMbyjFSZaxIQL8PbF6ZRDio1fhi1B/BPh7gmXcYuwK8PekjKt+eV/qu1AXG+j2W9EqcxejY/4BdKxbFlI0848D9aqXizgcm6x18Z1K7HN0sMW1lG34Kz8G/8vcg62bQwjnFQA2bYknCb4LwwLwRag/4TVz+mjSmN4jB5LafRHqT2u+8hYmACKRPCNLewaRFeH7W0XUXr5qH6lusBjxuYmPXoX/270QX4T6w9HBVvK5o4MtjsbIT5nRBlTuXzGHO7gLmBGAGRRyNfsvDB/YF4cvZOHsNVHk0Z37JagU1mPRduKKjFNXlK+o3WTwGGuDR8JyewSMvUeh6cEDVMcfRcX/7cVLoRB6VlYwnz8XL2tqULTnJ2z93xP46g9EXicWVj9/iPqb2fibWwijEcNgMnUK9hkWIb4xB1ubyF9uTl3Jwe37fInb13/5QQwb2BdXfvwv1s3xwaLtZ1ElrMdw1764mv2XFs4WAwPD64zpzJmwjovDW9nZ6MvlwjomBt1XrWoVodY6Lg7WcXHoy+XC9uxZdF+1CvqOjlodoz4zU6v9MTAwaIfgKcrr5gprGgiRwJm3ChG+iZ67yMrSBIPesyO9NHGoUlHymHoRnjw6WdmCNTUE1heyYLHnJPT6Oclt25B9Hf+sXwy+r4fWhGC6dY35paodlxiOvSXOxsxF6GwvjYTgrFuFiD7G/P7uqDzLvK7yPoajRrd79DN/5BBU796OlwLl0Xq6bBOYfLH0jRaCZV2xYWHUjtX2RDZSWNqZTDcGWjb+edo07bl/Y2OJovP48eM7lPgLkK+zrKhOl9jYWAgELXGY06dPh6mpKSGqu6ioUOLSZhDV/c1KjSY4gRsbalFW3DETinr3G4S+7wxDjUD0QLuxoQ56BoYqu5X1TVgYsm0jYVuTQIgUBYJcbXEJyqVqxzrMmkoSRJ0XzycJsmKhT150cWO1UOLA1GMZU4qTCo9j+0YM/p68eEksAqvqMqVyAZdnZsuNfxbjODtI7rHLO6eN1SKRGJB/7F77d5Acu7c2fq/QsS39mZF1L5KobTHEjXTOxNdfkRM4e0OExMWrynV6a7IfvI8fIB1HZR5X4T1Hl8ZqIa6/Oo/S8c6KkG2nSgz264BAUKfQccvnP9Wq0CaPrzfHkaJ+AeCLUH+kpe5AxJa5mBXsg8HuHCwMC0DElrlIS90hER4jtswldyr4k+D+7dSP/r2oCbLjvCz7Ra1+Nm2JR16+9soxXE4lOjqtrLrhaMxXkprBbHZXTJowFGmpOyRCJMvYEKtXBZHqCk+aMBQLwwIIrzXh00hjzgr2IbWjW1da0cIEQL47WB2EwjrMD9ultf4AUW1dKvHXe+RAXEvZhr1Ri7AwLACD3TkY7e2KhWEB+PnsN4iPXgXvkQOxN2oR7VrQ6sDjP5ErTgOieGxt3n/ahhGAGRRy5z4ffazM8ai0AjPHu6NPL1FN3Z2L/fGoVBSbfDX7Ad61t8K5tFyFfY0ybMA8Pze8ePoUt9d9i4UbYrC8rhf4MMDz0sd4GrEdFXv2IXvxV/jm5xx4NnDwQ+eWFcqHO1nh8ZXfcFm3Gx5f+Q3/ZN/GE3Z3DLW3gEnzc9J459JyMXPcIFy99QCPSipQ+LgSh9d+iuGufbHo02Gorn2G2/f4eNfeGnfua6fGJwMDw5uDoYdHiyh84wbMw8IoI+s1xYDDgenMmeh97hxsz57VmuDMDqD3RZGBgaFtUSfeOPLANaVt/McOQOqZBfg14QvE/jiD9OLYU5fNoIJtrDzamV9arXZcsYHb++h19DJMQpYobPeilId/1i9G2bxJeFFCz8GoCfzSKpQ8Vq32lDRil/evCV8gIToEMz5xV7k+MADEnGAE4I5KY4HqKSFdPxzTCjNRnerd28EfwQjBd+7cIYh5gHZikXNycpCenk75qqpSbWHJpk2bCPVmbW17EwRgPz8/QkS0vBhoWQFUWYS1QFAt9xhk+5cVO7UhLhcVFckdX9Uau2lpaYiLI0ZCysY200VW7BYL8LIOY9l2/3ac3MYi8dBKJB39GucPr8Sp/1sAYVV5e09LLtK1hQGo7S628Rmhkgh4felayb8dZk2F63pq0WXI9o1wmDWVsK0yj4uLY6cgd+deghDcWC1E2twlqOWVQI9lDO/jB5S6Sql4a7IfPrp4jOQeFkcV062bC4hEZaqoZzMn5fMasn0jBq5dRthWmcfFL2OnIHsD0WFdW1wiOXZTjj28jx+gjC7WN2FRiqcZy9ZRRhfzkq5I3NSmHHt89At1aZO3JvvBa992ktidOiUEaSFLCPdAY7UQ2Ru+x9+v3L+Dv99Ay2krjVl/B3gfPwCbD4cTtovvObp1qKnIWLoWTQIhTDn2tOs+ywr6qsRgvw4cirlEqElqZdUNAf6ehDat7QLm8Z/gcCy53vDWzSFYGBYgVwRjs7vKFR4B4GXZxZY3XWygY/OpVuarFMPe0OnZ8l25WXoeKiAU1mFF+H4IBMprxqqDk6Md5blls7siYstcifg+acLQVhlfEQJBHUmclHUOp/x6S6uu3fyCIq3V3BUI6ij7CvD3xN6oRSRBXZrB7hylbbSBbB1o90GOcB9ENPEocgi3N53bewIMHRuTV1EGpsaGiP75BvyHvYPD6z7FzA1HJXWBz177E6M9HPCotJKyD3ZzE756Wx8Tu+mjjP8Es9PLkNnJSXL3ne5sCZZONT42K0CT3gtU6nZG5xc8eHSqwP8eW6Pnc0N4N1eA01wDAODrGGB+ZycI/+qEvE498ICfjrxOvUnjPiqthH3vnkjO5MJ/mDNMjLpg1/E0rJvjg51HRQ9S+/QyJxwnAwMDAxW6bDbMFyyAaXAwqqKjUSFTB0xbGHA4sI6LQ9mXX0J4Vr26FwCg7+gI8wXqPeRiYGBoXeiKpiInqh0Ewme48T/FD779xw7At2s+ptEfPRxpisXRxzOxYM4w5Q3lYDJvKTpb2eCfDYqF4Ibs6yiZOhqWe09Cz0G9OlQ3/lcIgfCZwrrFZ36WX0dTVTj2lhLRXSB8hpQ0LhJ+vqP0WgIicT3/3mOVRHuGtuEFn6fyPobePq0wE/VoFgpQvXs7BIcPgD1zDljBs6HLVuxYFwvBrJlzIDx8AILDB9Bco936gm2JdJQyIIrz1QYrVsh3yly6lCS3tjAA+Pi03CPp6URh1da2N06cICch+Pn5EmKH4+JiSQ5cVeOfc3Jy4ONDjiQEROcpObnlgXNxMTGiURvu37i4WLlx1uHhXymsH7xixXKYmIgWWBUWFqKoiPi7du/efWrFXxcWFhKirsePHy9xi0+fPh3Lly+TLCiIj49DREREh3OTtxeWvZ0wMmApHuReg34XI/R9ZxiMTVr3Aa0m1FQ/gW1fVzi5jcXj4jxUlD9Se75vTfaDmZMDsjdESNy9YhHQZvQI2PiMgD6bhYKf4lGemY2eHq5wXjwfFkPcFPbrun45bHxGiGq/SvWbu2MPcnfsgR6bBWMbK0ntXudF8+DwWRBt8Y4KcSR07o494B5qERMr87g45zkOb03yw1uT/dBzsKuCXkQ4zg4i9CHunw6Os4NgMdgNuTv2gHf5qmQ792A8uAeJ0c16LGNaxy4WgbkH41HwUzyahKJnjrk79uDhyUTYjB4BW58RKMu4iYKf4qHHMobj7CCl/dr4jMDHgy+Szhkv+Yqk7rE0PT1c4bpuuVoivfg4vA7sQMFP8bglVcu4SSBE9oYIPDyZCIfZQTDj2MsdQ1bklz7Psk5nRZj1d4Apx14Svw0A3J/ild7brwuyMcOfzRgDD3dHgviWmVUAHv9JqwlSVE7P1SuDNBYemyt+l/xb1/IjjfpSFV2Lj/Ci/NKreaietiNGJEruw57IRdqaWkvfXPnR1E4cOzhxtFNiQx0OxRBL1FhZdcPCsABkZBUQYqwPRSfJXQCgDqcT0uE+yFHjey85NZuwsAIQOX8pnertgEBQh0MxxEUXs2aIvrtLn98zZ3/DwrAJrS5GqwMjADPI5VFJhUQgnTneHYd/voER//0RAGBi1AVX94QCAG7f40vqBMvy4YuniHQ2RI8hLkj89Q6+eFgDQaeWP4gm9f4dE/oXgK0rgF5noKkJsOwJPC4H9PQAA33gcU1vNPxthrIca8ztzMGNTmYARMJybLdydG62hHmnHgDFQpbG589x+57I3btziT9mfX0M6/eLVmQcWjMFfaxEx2fKMhQd76v3DAwMDFSIhWAjb2/wp03Dy5qaVhnHYutW1KakqNW/6YwZ6P5V69a+YGBgUJ8EmiKj2ClMJ7o4OFBxrHTmrUKVnK0eA0WR0TW1iuvhxhzPRHCgh0JRVRlGvoFo5N6F8NhPCts11whQGuSDXvFJJBGYjmMZEJ17eRHc+fceI+Z46zhv2awuCBjngoBxLjjz8x1acd6CDlLrmaGFhsw/lDeSwWDQYKUCa3vwbxaCO2JMr6zoC4iE37CwMEncsCzTpk0nCMDnz19ARETLg//ExERS+9ZEW7WF1SUnh7ocVWhoKMLCFqg9v8jI3YT3sq5fX18/xMe3OI1jY2Ox4F+6CLOi/BEpMtm8Zx+4j1ItRrm90O/SFSMDRC5Ty97yy1TQxay/A7xPHEDlXS54yVdQeZeLRoEQjdUCPDxxDvpsFmxGD4fr2mUqCX8WQ9xgMaSlX1l3pZGNqGZwz8FuSoXfnoPd4LxI9F9jGyuFtXhd1y+H4+wg5OzYg8o8Lqry70GPZYyaYj5qivm0XKLiesY1xSUwtrWCkY1q6Vpm/R3gdWAHaotLUPzqnNbyWlzIZk4Oovq+NI5d+ticF8+Hw2dBIoE26QoaBUJU5nHBPRiPyrsF0Gez4Lp2GSwGu8k9R1T9uq5fDufF8yXXXyzMA4A+mwWz/g54a5Kfwj6NX11PMycHmDk5KGzrODsItqNHoOCneJRltNRAbqwWoOyPG7CQqXvc08MVZk4OJHd25V0uyq7fRE8PV9j4jFAa0y3LkG0bkb2hpZas6L4XarQQoSNwKiEdJSX/SN6zjA0xccJQsNld4T7IkSAE7YpMaDXx6nIKMZrY0cEWs4I1X2woLbzqmH+gcX+qoGM5FshdKDWX32nPQfbcX069hUPRSRqfEw93DhDVYsrg859i/ITV2BO5sMMJfLILE8SC7MKwCQgK3iLZfvrsbwpd4nSQPd+btsTDybG3RgK47D0NAGvC6S88aW1kBWorq24Y7e0q+bf074XTCem0Y7vbEkYAZpDLo9IK9LESia2mLEPcjluGq9kPUFVTj+ED+0ocwO/aW0tEVnZzE7Y+vwd28wt07qQLq/FjYKb7DA3Qhe1TPm41tsT3ZTo+h5nLXxBUCVEDwNAAqH8GZN5/F7263saLF4CwBnjZVISutpV4uw44er8ceJX2XDPiQzR36YnqujoE/HYN0140AQDqOulhSc8hSKloxu17fFTViGoAzxzvjuED+4qOq5c5Qex9197q1fEyAjADA4NyxE7dYn9/5Y01GKP+xg3a7Q0HDYL5ggUw9FBeX5SBgaF9SLnGReRPyuOcAcCml0iMoePcVSbA0omQlsV9oB1+Tb+nsI2wpgEzQmMQtfUTtaKtxZgt24i6q5fw4rHykhyP500mOYHpOpYjf7oG94F2JGdt/r3HWLUpEcI2EF0DxrnQdgIzvP7ostntPQWF/JuF4I5OcXERcnNz5bpJXVxcYGvbW+LEFcdAi524svV/lcU/v6mkp6fjq6/kO4eVIR3rzGazSXHhvr6+BAE4KirqXysANz6rw4Pca6Qo5dcFfQOjVunXrL+D2s5OOv06L1a/D5GYTN+ZaWRrhSHbNypvqADnxfM12l88D1VcqXTQN2Hhrcl+KouddPvFZPX2N7K1UumcGdlayY0Rl8X7xAHK7eLFC+qi6f4dlUPRRJflh96uEiFt4oShJCfgmlXTtF6TNC+/EMJXz7jFzArWQqkRwZ+Etzrd2lYARmcTgNUfEN4Vva8rAmgKwAvDJmBXZAJRlPw2Hh7ujhqJkoPdOSSxM7+gCMO8l2LihKEI8PfEYHeO2v1rC9mFCQAwa4bonhjsziEIlEJhHU4npGskju+NXIRxE74i9LkifD+ORIerfb9nytTNdh/k2KFE9l2RZwjvP5sxhvDvTd+2pFAciknGrBljWrUesTowNYAZVGK4a1/4D3OWiL+AyAFc9SrOMGfRCHy6ZCbenT4Jb08cj64vG1H8XBclvHJU/acviv/jiMdWffDYqg90nfqAM/4YevT1gY0NG7bWAJsFNFXfRhcDwNYaMO/GQi9HX3hOP4aX79nisVUf1PR1wDMHDl6w2GCbsWHj+B9Yz5mJnhvWotvSJei9eAF2fdJSQ9NUKt65j5U5hrv2ZYReBgYGjTHgtN6Xvec8Hm3xl+XvD+uYGFjHxTHiLwNDO8O9/xhZ/yskvDJvFSLypzT4z9iHsJUnaImMVpYmEkGVjrs15RpX7mcrvz6nltgYPGUwrXYF98vgP2MfEi7eURhvnX/vMaKPyXfYms5bSmu85hoBypfNxkthi6NZLJYrQ1jTgAnB+xH65QlE/pQmuS4TgvejgIbTWh4rvz6H1DT510CW/HuP1R6L4fVCn9O/vadAC7EQrG6NYKMJk9pgltpBNoq5qEh+pJ8qXLqUhLq6esqXovhn8b5bt36HoCBiLF9cXKzCurJ+fr6k9mKk6//SiX8GRDHP8o5BOv6ZCm04q8PDv5I7vqL4ZwDYuvU77N27D6GhoWBLLbzIycnB8uX0xBBZYmNjCfWiZd2/AHU95o7oMm8LLHs7Ie/mRVSUP5Jsqyh/hL/+TCNsa21qqrVX45CB4XWk8i4XuTv3InvD9+AlX0VjNbNIS1MysvJRwC0mbFsYNkHy70kThsLKqhvhc9lYXm2QV0D+zuLkSC6JqCrNz2W+93Vu+/QaHb2W/3c31xcraElmb+Qi0vmfGrxF43rAa1YFkfoFRC7PoOAt8PJegtNn01ut7jAdZBcmBPh7EsRHWTfqoVjN6tSy2V2xVyZiWxy9rS6yixoGuzvKadn2JKdkUzr/xUycMBQsKd1JKKxDcirZ0dzeMA5gBq0gdgDPif0dO8qvw/BFEwxk2th274Umgy6Ajg4AoKEhH48LLmDIp8cAAIV3TmGguTH+8+QxGp89wz+Vz1DxvAqTZu9E5rl10MEDmLHdUSV89Ysh+xaa+X9DtvKwEJ0Q1NkZ6MTC1ey/WvGoGRgYGLRPbUoKylaupN2+/sYNGDg5wYDD6fBOIwaGN53NO8kPyAe9Z6eyADthXEstRRaNeOUtu5IhrG3AhLEDJMJxyjUuYk5kIuuWek5Tj4F2tOcurGnAqq9FYoP7QDu4D2yJe8y69Qj59x5DWNOAQe/ZyY1gNvINRNXebbRcwC9Keajctg7d1u8EIIrLtrI0oR1znZrGVUmwVcbZizk4e1EUPzrKywEce0u4DxSJLe7vtYgumbcKEXM8U2m0NiA6/wwdi+dq1P993ZB2BJt/tQFGAcotS7psE3TbuhOmC5aiavc21CacaoOZqo+JCfGhZlFRIQoLC9s1wtjLy0siEtvZ2WHz5m8kn0VFRZJcp2LkxUAnJiYShMvWiH+Wdh8DIgFYmdDdmri4uLwafzp8ff0wZkyLuyU+Pg6rV69W+RpLi+jifqTdvvKIjY1t13PRnniO+xy/ntkGlklP1FQ/QY3gCd5+xwu2/ZTXh9UGjQ21SDr6NSbO/6FNxmNg6GhU3uXil7FTJO+5B+Ohx2aJahfPmvraxzC3F4eiiaIZlUNx0oSh+EEqMlgct6tN+HzyApf2rD1LQPAnXpb/At2+6i260kR0FouSvgFrJNuEwjrMX7ATR6LD1e7XiWOHnxO+wddb4gh1nsXw+U+xYtV+sFjx+G5ziCQWuK2gWpggrk0rZvQoV2wyjpOIrHz+U5xKSNeobq8Txw6rVwYRnK/qRm+3p3hOh0MxxJ99aec/ILr3PvR2JdwfP0QlaFwXWdswDmAGrZJS0YxAnf7I1yHH55g/LYUF/2/Jy9HmLxgJ/w9ZB+1x79KnqK+4C/6jv/C86Tme1dfjZT0f+s+ycC2qD8xrNqKPeQEaCm8S+pBFLP7mdWK+1DAwMLw+NOTnoyIyEo9GjkRpaCheCumv0n3O5+Pp5s14NHIkKiIj8VLqgR8DA8Prh7GRAQKkBGBxPV5lRB64hlEBu+E45Gs4DvkaYStPqC3+ivl2jR+tsaXJulWIyAPXJK+sW4US17OwRr5DGKDvAgaA2gsn8aKk5Q9eadFcU6ws6T+AkHU9p6ZxEXngGmb8NwYz/hsjuR6OQ75GcGgMLeF55FB7lefM0Prosv49i6yahQL8s3Ix+CMGo/bMSVr7dLKxRbetO2H96/UO7Qh2cXEhOEQBYNOmTe00GzJhYWGE9zk5Obhzh7p2vDgGWow4Brot4p/J7uM4VFUpL1nQFnh5ecHTk/jgTZGTmorCwkJcuHBBrfHj4zvOuWhrzHv2wZhP18KiNwdvO3th4rwf4Dn281aLVxZTU/0ExfdvIuno16gRPMGVhG346880NDbUtuq4VNQWl6A8Ixu5O/ciLWQJ7f0aq4XgJV9F9obvUXlX/UVqjdVClGdkozyj4zmQxOeGapu6cxbvz0u+Snufsus3UZ6RjYenzqO2uET5DhSIzzMv+SrKM7K16rKtvMuVnA9V7wWz/g6YWvg/yeuji8fgvGgeii/9il/GTkH2hu/BPXgED08majznsus3kb3he+UNX3N4/CdI+fUWYZusyCbaRoxiFgtt/waaeUfx/PeReHk/AqhXM1lFyoWsqgMYaBElpcnMKiDF96oKm90VEVvmIj56FQL8PSnbCIV1+HzBLswP29mmgibVwgTZBQFigVKaM2c1vy9nBfuQzsemb+ORl6/a84eOFpUsTV5+ISECHCA6/+Vt4/OfIpmirnF7wgjADFrhXXtryb/zOrEQpOdMKQKLeWDTgE46z9GrJ2Ck9wTWXS7hBW8n7F6sRtOD5Xi700aY1h/A+w7XYW5YCLNXz+FybHTk9kkl/g53fVvzg2NgYGDQMhWRkShbuRL86dPxwMEBxf7+qNi9G8/5yp1v8ngpFKJi9248GjkStSkpWpwtAwNDWxL1XSCpnq73MM1rxzn0tVB5H+tepoj9cYbKIrA8lMUsG/kGQq+fE+3+Kravk/w7ONBDK/Oc8Ym7SvWM8zWIjpYH3fhthrbl35iy8YLPeyOFYFlHbXx8XIeJ7TU1NSVFQUdGRsptL3ss58+fVyv+WVVk45CLigqxYsUKrY+jLrLnJSpK/jmkQlXBWNv7vy5QCazGJj3w7geT8O4Hk2Bs0jY1/IxNeuB+7lVUlIsePBfdvwlhdXmrC8+ynHxnKM55jkNK4Bzk7tgDXvIVpfs0VgtxcUwgTg3wQlrIYnAPxqNRQF+Yqy0uAffgEaQEhuCI3Xs4NcALKYFzkBI4B0fs3sPUtAVfAAAgAElEQVQvH4lEPzpC58OTiTj3wTiUXb9Je3wxuTv24NwH4/DwZMvvn8ZqIbLXRyAlMAQnnb0k56byLhfcg0dw7oNxkm3Sc04JDMHDU+cVCpQpn4jaivdPC6FXDDnlkzlInRKClMA5yFi6FjU84nkRzy0tZAlOOnvhiN17hGOqLS5BxtJ1hHFTAue8un5L1BaUeUlXkBayRHTNxk6RnI9fxk7BuQ/GIXfnXrnng5d0BSedvZCxdB2pjVl/BzjODsLYS8fhtW879NnG0GMZw2b0CIkb+Ijde8hYuo6qaxKN1ULJtUudEgLuwXi17pfXiV2RCYT3VlbdKJ2ebHZXkiB2OEazuF1ZOI7k/5+rKrhpm2beUbzIXQgA0O0TAhhqHkmtY2ir1n5UouQPUWe1IsYNducgYstcXEvZhpnTRxNif8VcTr1FcMW2JlQLEybKcZ3KCpSZWQXIkKm7qw5rVk2DowPxWmkjerujuIJl3b/yahPbWPeA+yBibPVhDaO2tQ0jADNoBVOZeEKBjp5CEbjKrhe6v/8z+M980ATqhykGr57hCYXA0xcjYOp6DKbvD6Jsy4eBXOdvlUyWPAMDA0N7U7F7N4QJCajPytJ63y+FQpSGhoI/fTrjBmZgeI0wNjJA5LefUEb/hi/y0UjcdOhrgQVzhilsU/KY2q3EsbfEt2s+1poIrAzzpRtot62/moSGm38AANisLvh2zccaje3Q1wJhSs5TaxM624uJf36DaMy/295T0ApvmhD81VerSS7gwMBPFAqtbQmVQC3PUSrbdvPmb1o9/hkQuWzHjx9P2BYXF4u5c+d2CPerr68v4RpXV1erJMrKts3PL5Bbn7iurh7h4V8R2ktHc7/J3P6t40S+O7mNlXn/UZvPoUlYo/I++iYs2PqMUHm/2uISpASKhMziS78Czc2U7SrzuOAejMc5z3HIWLpOrkBZdv0mMpatQy2vBKlTQgiiJ+058UqQsaxFSNQ3YcHI1grlGTfRJCVqi5yoEajlUc+lPOMmMpauxS9jp8gVF50Xz1d5fnTI3hCB7A0R4CVfkcw5e+P3ovOzdB1SAuegppgPI+tepH15yVdwcewU8JKUC/9iyq7flAjnPQe7YuDaZXCYNRV6LGNJm1peiUhg9xQJwbLXMHtDBJoEQjw8lYjUKSFyhWKz/g5wXjwfb032I0VBPzyVSOuanxrgRbp2uTv30j7e1w2BoA6XU4ki22cyTl9pZAW4/IIirQhtYmysu5O2ZWYVULRUDZLgKviT1n7S4q+OdSB0Od8o2UNBX/XaKbVCJUquCN8PHkV8tjrYWPfAmvBpSEvdgS9C/UlC8OmE9DZxf1ItTJAXO0wlUJ7Wgjtd7I6WrYE7f8FOlfqRvV6ZNzS/pzWFx39Civ2mcv6Lkf3Zz8wqaPfFGdIwNYAZ5NKnlzkelchW2KVG2gEsRiwCxzflgtNMXBlagRp0NbVFn0mX8M/jRxDyUtBV70+UNlah6vlt6D3vi+fduiPtoQD9PafDwfUjPCnKRfPz46Rx8nWMEKTnDIGOHuW86NQBvn2vBDPHudM6VgYGBgZN6ZOairqsLNSmpKA2NbVVxqjPygJv+nRYfPstDDicVhmDgYFBO/iPHYAFc4bJdZ6yWV0Q++MMTP9vDK36sdJYWZrgx+8+UdqOXyq/fq73MAecs5+LlV8nqlzPWFUM3N4Ha8psCI/9RKt91f7tsHB7H4BonptX+yF8k+oPLR36WiD2xxlg06i53FqEzvZSKtQztB+6bNVrkz0vebPqBouF4Krd22C6YCmtGsFiIbgj1Qg2NTXFvn37MWVKoGRbdXU1VqxYjsjISPj5+WLoUC+YmpqiqqoKOTk5yMm5g8rKKiQnk2u9A6II5PR06odpvXv3llvHlwovLy9Sjd3Y2FgsWLCA1NbOzg7Ozs7Izc2l7EuV+OeioiJ88438h7dDhw4l1Lbdt28/fHxGE8aOi4vF+fOJ8PX1g5eXl8R9XFhYiJycO0hMPI+CAuoHe+np6QrHnzZtGm03s6mpKXx9/Qg1e+Pi4mhdh8TERMK59/QcqnTc6dOnE2o3i+O4XVy0V56gI1JT/QSPi/Jg2Zt+ekdr0dhQC47rGJj37IMHf15D47O6NncAq4vDZ0G0RbTGaiG4h44gd8ce/GeiL7yP7yd8XnmXi4cnE/HwVCJJkH54KhHFyVfgfWw/zPoT02XKM4hCq1jIfWuyZhHyjrODwP0pHrX8UsJ2mw+Ho+cQNxjbWKEyj4ua4hKR6Co1Z7EYPfj7DaR5WAxxg5F1L1K/muK1fwd++SiQ0G+TQIjUKSH4z0RffPzHRcl2UQRyBKry7xHaXl+2Dt42VqRzLE1jtRAZy9aBl3yF8vicF89H7o494B46Qug7d8ce6LGM4Ti7JepWeq6VeVykTgnBqGP7Va73K0+QV0Z5xk2UXb8JiyFuau3fkTkUcwlCIdGNmHkjH8IaaocilXPxUHQSBrtr53mME8cOLGNDST1XADgUq3rdVRIyrt1mQS502O8o3EVW/O00YLf649cXAVKxzzrdPlC7K7EoOXXGZsl5EgrrMDV4i/rzkzPOwrAAzJoxBl6jFhOuyemE9FatB0y1MEEorMcPUQly9gDpPj5z9jcsDJtA6WhVBSeOHb7bMhefL9gl2ZaZVYAV/P0K9iIy2tuVUMtYvHBCWz836kAlkJ85m44CLnXEOdVCj0MxSYjYMlfrc1MHRgBmkEsfK3M8Kq1Q2u5de2vod6a+leSJwPrPefjrZ0+U9ngfL4080f0/w+DkNoew758ZF9G5/Ap4d3/Gs79/QMWjS2gUmgN4S9JGkfgLAM8anlOK07JUCevRx8pcaTsGBgYGbdDZxgZsGxuwAwLwUiCA4MwZCBIS0CjngZi6NBYUoDQ0FL3Pnv1XRlcyMHRkBr1nB28vB3gPc6AVOcyxt8S52Ln4ZkcSfk2/p7S9eIyorZ/QFjXz7z0Gx96S8jNxHHTKNS6ij2e2qhBsMm8pnmVfR9P9PKVtG7Kv45/1i9Ft/Q4AQMA4F7CNu2DzziSUPJYvaosxNjJA8BQPBAd6qCX+8ks1d7qNHGqP4CmDGedvB0eP01/lfZry8/CCV4xONupF2XVUNBWCn365GA03MtpgpvLx8/PDsWPHMXduCMExW1RUiMjISEo3sGxdWWni4uS7Sz09h6okAANkQTEqKopSAAZELt8vvyTHL9MRLqUpKirEN9/Ir4ccHv4VQQA2NTVFUlIySQSurq5GXFyswnNCRXp6GtLT5UdxDx2q2vGEhYURBOD09DQUFhYq7UN23nSunZ2dHcaPH0+oGxwZGYn9++k/AH0dcXIbi98u/h/8Zn0LfQMjNDbUoqwoH4+L8/BP2SO4j5oB85592mQulr2d0LufKDGur/Owdqn/qy76JizosYyVOogbq0VCZGUeFz09XDFk+0ZSG7P+DnDtvxzOi+cje0ME/j5NrAneJBAiZUoIxl48BiNbK4XjaUsEthk9giBkOi+aR3Dw2rxyQIviheNJYnjGsnUwc3IgCapGNlZaF4D1TVhwXjyf4GQGACPrXqTzbTHEDd7HD5DOc5NAJO5+9MsxyjGkr6PDrKmU51ffhAXX9cth4zMCGUvXopZfCiPrXvDav0OhsAxoJgKry8OTiW+kAExVw/dy6i2S+KaIlF9vgcd/orHQJuZDb1eCM5HPf4pD0ZqLwDrmQ9BccR0A8LLsF3Sy+VRuW62Kv6/GI8xFifisDCpRks9/qlZfpxLSMXqUq9xatWx2V0ycMBSHY1sWCPJL1BuLLlQLE4TCOpIrWGk/0UlYEz5NeUMljPZ2xczpo4nnQIXz/eEoV/wQdZawbdOWeFxIkP+dtDURCOpwKIa84FPVn31tiezagBGAGTRmuOvbuFdUDjtLMxQ+JjuGqURglmEX6EEA6y6X8OjRJejUAhfPGMPMog/qGzrD3AQoKXyAgfY1ePwEsDYHmoyAJ1JppsrEXztLMxQUltGqA8zERDMwMLQXumw2TGfOhOnMmajPzITgzBkIz55VviNNnvP5ePLNN7DYulVrfTIw/BsJne2lvBEF1r1MERzoAdYrcdGml4lKNWZl+/rxu0DwS6sQfSwT+ffLSEKslaUJHPtZUAqKyo6BjgDqPUwkWuffe4ysW4XIvPUIWbcKKZ3JxkYG4NhbgtPPAu4D+8CdpsCpyzKBxb5TKJs7iZYIXHvhBPTtncCaGkKYY8o1LlLSCpB/rwzcBy21esXnyGNgH0wY50I67gnjXBTO1X1gy8PsgHEuCBjngsxbhci69Qj59x5DWNOA/HuP5bq1B71nB5axAbyHOcJjoJ3a9wND26Pn6ISmAuX3pDTPsq7D6A0TgMWoKwRbxJ9CQ+YfqPphe7sKwX5+Ipfq8uXLcf58IkEIbm+oHKVpaWkEAVaMn58fpQCsquisDqampsjMzMLu3bsRGRlJcM7Ko62csS4uLiR39KZNmxSKsoWFhQQRl81mw9fXl9Z4vr5+hH0vXDiPqqoqmJq+ub/jLXs7wbynHa6c2Y7GhlpJDV6zHr3hOe7zNhN/AZDcvq+L+1eMmZMDyjPlx4ZKi4aA8ghkfRMWhmzfCIshbiQxU+JSPa58gYI2RGBZEdLhsyC57ZwXz0fPwW5InRJC+CxlSgg+/u1nQl/ic6FtLAaThUyb0dQx3fomLLiuW47KPC7BCVyZx6V0xcpeR2knL+Vchrjho1+Og3swHg6fBdEWdFtTBHaYNRWVeVzC/fr36fMYsHi+0kUFrxOnEtJRUvKPVvraFZmgNSfgwrAJuJySTXCcbvo2Hix2V7kRwHTQsRgrEYCbyy8Bz6uBzuT0G22LvwDQLCUA65gPoRxXVahESVXIyMrHD1EJyMwqAD/0CRaGBdDel8fTTty0PKgWJqjD6bO/YWFYgFxxWxXWhE9DRlY+wclLFyeOHbxHDiTUNM4vKMLU4M3Ys3uRVuanCsmp2SSBXV1OJ6SrdO+0FowAzKCQPr3McfseX6GLdvjAvhixPwr+w5yx6zj1il2xCLz6+UMEvCxH586dCJ936QL0NKuBgc6fyCsA2Bygp5loOxXKxF8A8B/mjHPX/sSiKYqj9G7f4+PdfspdwgwMDAytjaGHBww9PNBtwQI82bxZa/HQwrNnGQGYgUFDOlI0r3UvU4QvVn2VtzaPgWNvCY69JYKneBC2K3IRq4KqInDl9vVovJcHs6XrocsSPTQQC8GqEjBOdWHCY6Ad4+D9F6DPUV0ArjlzEkYBymPYX2ekheDu326Hgcf7Svcx8HgfFvHvt7sQbGpqiv3796OqKgJpaWnIyclBWhrxb1o7OzvY2dkRhMDp06dTirFUyDpOZevFyttn7959KCxsWeQjr7aunZ0dtm79DtXVxNQDZcKlnZ0drbmIUXS8CxYswIIFC3Dnzh2kpYmcvFVVLfMxNTXBgAEuGDBggOR80D1/0vMVI3v+5bl6IyK+J1xPE5OWh8pUx15VVUXYbmdnR1vAnT59OuF6ASI39JssAAOA57jPkZUag+bqZtj2dUXvfoPQ11m97xtZqdFwHxWs5Rm+HiiL300JnCMRGE059rTdlm9N9kOjQIhbG78nbC/PuInKu1ylblJAe05gMcoESYshbhi4dhlhzk0CIXjJVwhzUKfmMtVYslCJmIrmLBaBZUVrXtIVUv/ZGyIk4m9PD1dagqlYGFcVbYvA4nrMFkPc4Dg7COc8xxE+z9mxh9KV/rpyKPoS4T3L2BAcDr3v+vn5hQSB9nLqLQgEdVoRsmyse2BhWAA2fRtP2P5l+H5k3SjA6pVBlOPw+E9wOCYZpxLScSHha5IrUdfiI7zMXyN5//LvvdDtR1xc1irib8XvaK74o2Ue1lM07lPMmvBpyCsoQpaKNWUzsvIRJBUZ/UPUWVhb96AU2AWCOlz+legKpXufqIM2FyYIhXU4nZCueYT4K47GfEWKw6bLmvAgZGblE/bNzCrA+IDVWLNqGj4cNZC0j0BQh8OxSTgYnYTVq4I0WgAhza7IM1rpBwAOxSRj1owxbS5iy8IIwAwKGe76Nq5mP1AoAJuyDOHSzxqTRgyQKwADIhF4hZ4D0ARYNVCv1Lv18F28NSwYDwrvoK/hYco2dMRfABjt4YAqYT1MWYYK213NfkDLJczAwMDQVnS2sUGvH39EfWYmSv/7X7ys0fyP24b8fKYWMAMDQ6ujDfFXjC7LBL2OXkb13m0QHN2P5hqhwva1F07gWfYfMJ23FEbj32zBjaF96OLxvso1bBuyrqMh8w9aoujrzgs+D2XTP4GB+xCYLlj82gnBfn5+tGvmauKuXb16tdbHkBcPrQg7Ozvac6GLi4sLXFxcaM3Hy8tLZRFYDN1zo2gMqmMXz19dtH0+OxqNDbWUTlvPsZ+r3WdN9RPUCp7iQe41PPjzGnR0dMBx/Qj6Xbq+di5eTVAUZZy7Yw/BXWrrQ+1GlYfj7CA8PJlI6AMAeMlXSAKww6ypqOWVgHf5KmF7xrJ1KM/IxuBtG1QaW10cZweBl3SF4DLlJV2RK0LrsYxbdT49KVzB0lgMcSPFeMs6lMuu3yRERWszMlmPZQzXdcuRu2MPqSbwL2OnwGvfdlpiPx16DnYTidKL5hHiuv8+fR6u65a3Wey0PE6f/Q2ZSgS/D0e6KhS9qJyMe6IW0a5JyuM/wTDvpZL3QmEdDsVc0poTcFawD/IKCglR0IDIbXg6IR0fjhoIJ44drK27g89/irz8QkJ07fywXTgSHU4UpQx7Q8c6EM384wCAl4/2QddmiqQ+cGuIvwDw8n5Ey5suNtBRED2tDnsjF6ksSg5258DRwZZwD4gF9g9HueLDUQPB4z9B5o0CHIpOIsUdjx7VevV/ZRcmuA9yxNGYcNr7L1+1j3DfaKWG9CvY7K7YE7WIIJ7Txca6B1aHT8OX4cRkCj7/KeaH7YS1dXdCFHdefiEysgokTt0vw/eDzeqqce3l5JRsksAeH72K9s9+Xn4hfANaFlIIhXVITs3WmjitLrrtOjpDh2f4wL64eusvpe1mjh+EA4mZ+NhLeU7/Cj0H3K0xgIEB+TOWYRWamwHh49uSbSZSZSuf1BrSEn+Dxw7CiZTbmDl+kNL5XL31F4YP7Ku0HQMDA0NbY+jhgT5XrkDf0VGjfnSNjRnxl4GB4bXFZN5SWB25DKPxk6FjrPih0otSHv5Zvxh8Xw9U79uOJu6fbTRLhn8DXdyHqLVf1e4dWp5Jx6Yh6zrKpn+CsmmT0ZD5h/IdIBaCT8Ei9gS6eKh3nhkYGFqXB7nXUFOt3WhL/S5dkZlyGA/+vAYAyLv5C27/rtpCmzedhycTCe/NnFQX8gZQOEjFjk5pbHxGwOvADgz+niz0PjyViIyl60jbZaktVuxmpous2FsmJQZX3iWKq+qcE20jOwcjG6K7V/Y66rG1J5SaOTngrcl++OiX4zDl2BM+q+WVIGVKCOmcqUp5xk2YcuwlAq/z4vkwsu5FaMM9GE+1a5vC5z9FZlaBwldyqvy4dUBUG1UaRwdb2gIQIBKzAvw9CdtOy4i1mhKxZS7cB1E/J7qcegu7IhOwYtV+7IpMINUtzS8owvwFO0n7deq3vOXNcwFe5HwBoDXF3+8I7l/C+FqCze6KIyoIpGIitswFy5hoKDudkI75YTvxNmcGhnkvxYpV+5FfQCx9YWXVTWuCqixUCxMmqigsLgybQHjP5z/VWqQ0IBLPvwj1V2vfSROGYuvmEMrP+PynOBSThF2RCZJ7WjameUX4fvD4mn1HORSj2c++E8eO9HP5Q5RqtZlbA0YAZlBIHytzPCqtQJVQ8UqZ4a598ai0AnP96f2xXtW5D4qryGKxl8sj1OcvxkfuLQJw9atSTI2dHdBgoFz8BYBPvN/Fo9IKDHdVLOxWCevxqLQCfazMac2bgYGBoa3RZbNhFRUFXWP1VzV3/4p+vB8DAwNDR6STlS26rd8J6/OZ6LZuOwwGDlbY/kUpD9X7tqE0yAfFwzkomzcJldvWof7qJYX7MTAoopONLfQcnVTeryHrOoSHlddafNNQVwg2+WKp8ob/UkTxyumIjIxEXFwc0tPTSbHDz549Q3V1teTV1NREq+87d+4gPT1d0m96errc2GmGfy+/X9yj1f70DYwwZupawjb3UTPeGPdvSmAIrZc8MbCxWkhyB6sjHNr4jCCJdYp4a7Kf2iJwjZI4a7rI1uJtErQkwTQKFKfCtAeyc5J1+PKSrxDeV+XdQ+7OvSjPyJa8qETa2uISPDx1HrykK6TPZNE3YcH7+AGSCNwkEGosAtcUl5CuyeBtxMjngoNH0Fjd8a6NKvD4Twi1SAFgVvAYlfuRFea0LbQBwNGYcKxeqbiONBUsY0ME+FMIh4a9odunRYBrrvgDz38b2Srib3PZRbx8IBVNz+qvdfevGCeOncrnyYljh9Xh00gisCJYxobYG7lI1enRRnZhgpVVN5WdpTbWPUgC5Zmz2r0vF4YFwHskObKZDpMmDEV89CpYWXVTed+J/p6kaHNVyMsvJMWFa+tnPzlF8aKT1oYRgBmUsmiKF85ey1XabucSf+w/dx0LA5XHOJ3INYPH1PN4wt6BZ/ofoFKqXFGvni21fyurgZpOnijX/xLvfZqBp7XKxd91c0YjIu5X7FyifMXJ2Wu5mDlOuUuYgYGBoT3pbGOjtoPXdMYMsAO0EzXEwMDA0N7oskxg5BsIi32nYXMlDz2+/wkmIUtgMHAwOllSlyzRt3eCfj8ndHEdAsPhqv8Rx8AgDXvmHLX2q9q9A035d7U8m9cDdYTg1mT06NHo2tWQ8Nq0aZPc9mlpabTbytuna1dDhIRQuxqUkZiYiMDAT9C1qyHGjPGBj89orFixHHPnhsDHZzQ4HEc4OjpKat2uW7cWvXpZSl6xsbFy+y4sLMTcuXPRq5clhgwZDB+f0ZJ+fXxGw8qqF3x8fJCYmCi3D4D6nCoaV51zGhsbSxpj+fJlSvcDQNqPQT169xuEx8V5KLp/g7C9ovwR/vozDXk3L6rVb+OzOtj2dQXHdQyM2N21MVVi/w21eJB7Tev90qE84yatV5McQVPednWQdaQqQxMRWBvQqY/bVihzGNcWlxAitk059iQHs2zN4oenEpG7Yw9SAudIXr+MnYIjdu9JXiffGYqcHXugzzKGDc3o79YSgcszbpJEbYshbnCYNZUwxsNTiv9/oW1UEejEsFny63HuiiS69VjGhmrFtw5255CEtsMy7kJtMCvYB9dStmHm9NFKzwXL2BBfhPojLXWH3GPS5XwDsPq3bBCK0pS0Kv7yjkrcxQCAzix01lLf8pgV7ENyZStj0oShOBITLtdpLU2AvyfSUnfAqZXq/1ItTFA3VnjWDKJDOTOrABlZ+aR21hqIqRFb5sLRwVatfQe7c/Bzwjf4ItSflhAc4O+J+OhVWBM+TW4bNkv5ojJZ9y/L2FCtOO9JE4aS5n04Vvs/+6rA1ABmUIr/MGdMWHEQM8e7K2z3rr017CzNYd+7B1z6WeHOffmr/v5p7olrCeswdNwycLwW4fA3U9HvnQGoseyOzl1q8EQfMHAyhrmDN/pZ9sFTXi5yUrbiyP+6KJyDSz8r9Olljqp+zxTWLRYT/fMNHFrTOiuMGBgY3mzqMzPbdLwXQtX++Nc1NobF1q0w8vZupRkxMDAwtC+6LBMYDh8Dw+FjYALGMcjQNhh6+0DHmKW0JrUszUIBHk+bDOsr16HLNmml2QEvBdVoyLwOww873mIHkRB8XaUawW1FVFQkwsLCYGpqqpX+qMTPCxfOo6qqivYYhYWFCAz8BDk5OUrbFhUVKm1DNcd58+YqbZeenob09DQMHeqF48eP057/N998o1GtZFmozmlcXBwiIr6naM3QGhib9MDb73jh94t7oDNWRyQG37uJGsETmPXoTXLyqtLvyACRmO8+Khg11U+06gDOSo1BWVE+etu7tbmzuKcHvYfH0rVupaESQSvzuGrVj7UY4iZ3HHm8NdkP+mwWri9dSxAwxSIfnZrAmkYPaxPZurx0UVbXNntDSx1TPZYxhsg4Y6kw5djLredsZGMFi8FuaovgYhE4e0MEoe6wWAT2PrZfpZrAtcUlqOWXIm3uEqVtuQePwHG26q5UdTkSEw6BTBSsMmys5S80mTXDh+DgU9RWGXsjFyGvoOX/z4qEZ02wse6BNeHTsCZ8GjKy8sHjPwVfKgqXzTKCh7sjbXGy84DdeP77SJmtOsDzaqCzZt9hXz7ah5f5qwnbdPutANjKS0oConqs0jg50hdcI7bMxawZPpL7hc6+Thw7HI0Jf1VHORsZWUSH6GB3R0ycMFQt56kqx8JmGZHaqxJNLM1ob1daY48e5Qqb6Jb7X5X7l83uiqMxXxHuf1Vgs7tiYVgAFoYFIC+/EJlZBRAIa8F7VW/Zxro7rK17EOoCK2LihKHgcHq39E9xLFQ/+3T6puJoTLhkrvLGa0sYAZhBKaYsQ9hZmuNq9gOlkco7l/hj+PworAoehXlbTqK69pnctgnX76F7oyeKeg0HGiugAxc8FbLg5j0H929fxQvBXyjL3YtHaXlo/OcqrhawUdgwWW5/JkZdsPnzcfgu9lecjfhM6XFdzX4AO0tzJv6ZgYFBJeozMyFISIAwQf06Dg8cHGDo7g5DDw8YurvDwNERumy23PZPN29GY0GB3M+l0TU2hunMmTANDlbYJwMDAwMDA4Pq6LJNwJ45B9WRqtf1bRYKUPqxD3r++BP0OP2V76AiLwXVKJs+GV1H+XRIAViMWAg29PaBefh6dLJRzyGgTaqrqxEZGYnVq1crb6yEqqoqxMfHUY5x/vx5WqLonTt3MGaMD6qrq0mfOTs7w8SkRYT97TfVo/uWL1+GqKgohX3n5NyBQCCQfJaenoYxY3xw6VISLRG4qKgQsbGxWhGBCwsLKY+zurpaa2Mw0MN91AzUVD/BrwnbAI2ewcQAACAASURBVAB6+oZw+WAinNw+0pq4amyivutImoryR/j1zDbUCkQPYU/v+eLVXMdqpX86eJ84QKvdEbv35H7W08OVINyWX7+pFYGNbt1cG58R8LY5gJTAOWqJwK0R11yrZsy0rAtXG1xfsha8y1cBiETdIds20hJX9dksOFPUZlYH2ZhwQCQCD9kuEqI1FYGLX8VXy1vQIH1/1vJK8PBkIskB3Vpo23Gpzf7Y7K5qi3Tqoo3xmgXkFNBm/jE8r/gdnThfQ8dC9d+hzRW/4+X9CELNXwDo5LxLpehnTY9P3evrxLGDE8cOCzUanYgqx6Lte4lOX5qOqa05i8+9JtCZizZ/9m2se2gUR61tGAGYgRbrQ3ww6+ujSgVgADi89lP4rziI89vmwHfpAbki8EnuewgecBNmNYnwdgYq//kNvToBt/ZOQW9roLQc6NkTKK0BmgGkP5L/kMTEqAvOb5uD6evjcTbiM5iylEeAbDiQxLh/GRgYFPJSIEBDQQEa8vPRkJ+P+qwsPOfztdJ3fVYW6rOyJO91WSzKmGfpNoowGjUK7IAAxvHLwMDAwMDQyrDUFIAB4AWfh8fTJqP7t9u1KtI25d/F42mT0SwUAKN8lO+ggE5WoiSlFyXa+c4jj/qUJPBTkmAUMBmmYUvaXQjWlgtY1qnKZrMlQmpUVKRSsbKqqgqBgYEk8Tc0NBRhYQtgZ2dHan/+/HmYmNBz5aSlpZHEX2dnZ+zbtx8uLi6EfmNjY/Hllysk23JycjBv3lwcP36C1ljacgEripOOi4tjBOBWoqL8Ecx79iFs0zcwwphP1XP6tjXmPfugdz835GdfAgDoGXRtU/FXW8g6d3mXr6K2uERld6isE5cqUlhe5LRZfwd4H5cvAuuxjFWaCx1ka8lKRxqrIwCXXb+p8ZykeXgyEbk796Kx+v/bu/O4qOr1D+AfkMUBZhgQUVnNawIWqKCh94egv4viNTD01nUlKDXtigmm5UJumdo1t5+YlGSgUKaGJFTCtVSg6woJpANm5rCZOuIwIzOyCL8/hnOYMwszLIra8369fOXMfM853zkYJZ95nkcGl3Fj4BIyts3Q09q5HyeovavWMrqz2rofhkJgY5R+loqRH63V+/7uXirF9xOnsY+Lt3/yyAJg0rWaK75kZ/6ip4uq6rex5d9FZTkeFEQB/OfR45k3YOI8Tf+JAKCxBs03v0fTze/RfPN7rZfbG/4SQjqGAmBilP5O9hjyrLNRVcD9neyRtGo6Yram44v3IzDjvf06Q+A69MS+i0Ox9H8v4I/b2uepq1P9Uy4Hzlzh4/s/Ruq8nq11T3yy/BW898n3SN/8ulGtn6n6lxCirjo+HgBQJxKhSSbDA5nM6IrbrtIklxsd9vJGjICpQKCqHvbyAs/f/yHvjhBCCCEMU4EtbKNjOxwCN8tluL1gTpcEn02yGsiTP0PNzq0dPocmM2dX9Ek9jNq0g5D+35aHHgTXph1CbdqhbguCmYC2q6qA41v+vxIAXF3dEBgYyFYEFxUVobCwkBO0alq6dKlWS+dPPvlUb8gpFArbFYBqziL29vZGVla2VvAtFAqxcOFCCIVCTqvojIwM5OTkIDAw0OC1ysrE2LlzJxYuXGj0/nRRD4C9vb3h7u6OzMxMAKrKZLFYrBWMk877MW0LJr226ZG3Te5Kfd0G42rxKVj0tO6yyuJHbcDLk1C8/RPOcyWfpcJvzdJ2neeeWkjo6O+ns4303culemfNGgqBu5pmu2Z97ZIB4yp7b53peACcv2YzLIQC1NfIcfdyKXsucwEfL/30ncEW0QDgOHK4VgjbnkrZu5dKcVd0BQNeDmv3/tsKgQ25efoCaitvwGW8/vtv95wHnvlHGHv+2ooq3DytPTOYPN444S//OZiNTAcAPMh/Fc3Vp1sXyn9RzfAtegsm9n+FSa//AQCY8FzRrCxXnevOT1rVvqyeLugxZCdM7P/nob0XQkgrCoCJ0dbMDcGYN3fhYsoSg2uHDnLG9sXhCF+6Fxlb5+C9hO9x6ufftNal/+qDoGcs4PGMGW5XFAGQwtQUuFsDyJVWqLg3DGW1ljh920TndYKG/QVLZo1F9OavjQ5/ASBmWzpO7l5g1FpCyNOPN2IE55+PIwp5CSGEkMcHP2oO7qUd7FQ4ygSftgsXw2byK+0KPh9UlOPekUOQJSWqqn4fAusp/4T1lH8+8iDYNjoWtm89urne0dELsWHDBwA6XwWck5OD8vIy9nFERAR8fHw4LaHj4+OxZ4/uqitd7aNXrFjZZRWuhYWFnP0BwMGDh9p8vxEREcjIOMoGrgAQH7+zzQB45sxZ7PvYsEFVBdzRe3r06FHOnqOjVWGy5n5oFnDXs7C0wk/fJWDs5Ef372NXs7C0xoyYvQCAsl/Pd/NuOsba1Qker81A6edfsM+Vfv4F+owarjes1XT3UimkLRWnxs6o1YUJgXPmxupsO9yVrh3iBssDXm4NSjXbV9+9XGowcCzPOtHhvfitWYribQko3ZvKeb5BJsc3AS8a1U7ZJ3Y+J4AFVJWyLuPHGhUg56/djFtn81G8dTde+u937X4Po7aug4WAz/lzpK/im7PHbQlwGTfG4B5dQ8Zy3l/x9k8oAH6C6Ax/W+b99vD/RvW6KK61Gpg5rvq/+oNeHUwHLoHpM/M6PUuYEGI8CoCJ0YR8HmKmBWLNnmNYM9dwu7Khg5xxMWUJwpfuxdjhAxEe9DzW7MniVAPLYYuES8OwxMkEdxQWcPWYDfOe1rAf4A1p8QlcKcnB4UtyfC1245zb1ronti8Oh/iPu/go5QQupiwxqu0zAKzZcwxRL44wej0h5OlH4SohhBBC2sNUYAuHD7fhZsQ/O32ump1bUbNzK3o4u8AqeAKsxqlaOJt7DoapQPUDsrpzqsqLetEl3Es7iAbR5U5f11iPOgi+f/Y0HuWPBaOjoxEfv7NLqoA1WxVHRETA3d2d0wY6MzMDUqlUZyCakcENBwQCQZfMJdZ3/tDQUKMqZ2fNiuAErrm5bc8djouLYwPgzt7TlBTuPQ0LU1W/zZunviaFAuCHYKB3EM7/uB9lv56H27O6Pyhbfes6GuqU6OP6aOdcGquv22D29/rew5PAO3Y+rh0+yql0Pb1kNfxkcqMqSPPXbgagCn+Dv0psd/todXbPeeDv33+F41PnsKFyexjTvvrm6QucMPGZf4RxjnEcORzmfBvO/ch5YzEmfndA57lvnr6gc693L5UaPQfXO3Y+HEcOR87cWM51jZ2pqyvIr62oQsG6jwzOUb55+gLbBlzf7Ob6GrnBkNZvzVLYPeeBM0tWt7lO87ojP2p7f4Cqpbh6m+tbZy5QFfAToq3wl2HiMh1mfSeiqeIAmn7/BLhfYfwFzPgwdZkG0/7zAJ6b4fWEkC5l2t0bIE+WqNAXcPFKFU7mX21zXczWdKSfKoaQz8PJhAWwte6JpG/P4+N3XsbqOePh3teOXXuh0gLTksyx4IQ3Xn0/DWt3JCNwyly8EFeMqSl2+Ppq638c3PvaYfWc8fj4nZex/UAObK174mTCAgj5PFy8UomLV9r+YcTJ/Ku4eKUKMdODOncjCCGEEELaSSwWQywWG15IHoq6oktQ5p1Bk7TG8OJOUigUKHnEowTIo2fp/1fwX53dZed7UFkBeXIibs56BTdnvYKK4c+hbJALyga5sM/d/WDNIw1/1VlP+SecT55Fr01b2TnBTwOhUMhWlQKqKuCOfK/WrN5lWhUDQFhYa0BTU1OjFcQycnJyOI/Vj+sKmuf38dHfilrdpEncfdTU1KCwsFDvend3dyxY0Npxa9eueEil0nbsVEUsFnOC59DQUAiFQgiFQsycOYuzn7bmBJOOGTx8Iux6u+Gn7xJQX1cLQBX4Fv70NbK+fB9f7piNjKTluHPz927e6dPPwlbValh9Dm6DTI4zS1Yjf+1HqC3XPwP22qGjuHU2H47+fnjpp+/aDCk15+62tZ/grxI5+zFW/rq2P6xRkXUCOW8sZh9bO/eD32puu2sLWz68Y+dznmuQyfHdxGm4dpj7/bW2vApnlqyGo7+f1qxizdbahvQZNRwv/fQdHP39tK59fNpcraplTd6x87Xu2bXDR3Hm7bYD2eJtCezvPWbP1LlGs2W2PgNemaQz0NU1I5n54ECfkcaFuJptog3dD9L9jAl/WWa2MO0/D2ZjC2A25gJMvd6HifNUmNiPAvjPsctM7EfBxH4UTAcuQQ//IzAb9xtMvT6g8JeQbkIBMGm3pFXTEbMtHderqnW+HrX2S+z4KgdJma3tdWKmB+Hk7gW4Un4L6ad+Qez0IKSsnYlFUwMx5NnWT+eJFC74+robLj/wZp8b8qwTFk0NRMramYidHoT0U7/gSvktnNy9ADHTgyCVKzH2zV0YFrEFwyK2YOybuyCVK7X2JZUrEbXuSyStogHzhBBCCDGeSCRCZGQkIiMjtV6LjIzEkSNHjDrPqlWrsGnTJp2vSSQSREZGYsOGDZ3a65Os8u//xFW+O+fXjelzUVd0qdPnbpLWoHLiNFR/sBWmwodfW5iVlYWNGzciKyvroV+LdC+7uLUw9xxseOFT5GkMgqOjoyEQCACowsT169e3+xyaoe6sWa1tm6Ojozmv7doVD100g2dj5ux2RnvOHxAwmvO4pqbtD9OsXBnHuafqs5GNdfQoNzxQD8SZSmBGSgq3dTbpGgEvvonm5mZ8uWMOkv89HRlJy3Hxp8P4o/wyzC2tMHbyYgwePrG7t/mnwISuLuPGcJ4v3ZuKbwJexJm3V+Pa4QzcOpOP+ho5bp6+gOLtn6B4WwICP92K4IOJBitEjQ0R1ffT3hC4IvsEcuYuxq0z+bh7qRS15VW4dSYfpXu/wPGpc5HzxmK2NbHQaxCCv9K9b8/ZM/HMP7jfBxpkcpx5exUOeQfi+NS5Lb/mwOP1GQg+mIjAPdu09vLN/7xoMKhUD0ctbPkIPpgI75h5nDVMIN9WqMzcM80A+drho/j+79N0hrBMgA8AIz9a2yUVtfpCYHXF2xIgFV2B0GuQ0RXjmtXov3+d0eaHE0j3alf4q4nnBtP+89DDZyd6+H8Ds4ATMPv7LZj9/RZ6+H+DHv7fwPTZd2jOLyGPAWoBTdpNyOchadV0RK37EumbX+e0Ut7+5Skkf3ceQ551QnjQ87h4pRKx29KxLTYcQwc5Y83cCYiZFoT0U8U49EMhxDeqMXmMN2KnB6GnhTn+uCNDH3s+blbL0beXAPfrG3DxSmVL5W4lokJH4OTuBdxrHjiF36uq8fuROFy/UY3wpXux/cApTptqqVyJ8KV7tfZLCCGEEGKIl1fXtDUMDw+HlZWVztccHBy65BpPMkvvwVDmnQV/xj9gExoCZe5pSHd/jtrMbPT/JQ9m7sbPR9V0LzMbvAB/9EnY0oU71s/X1xcSiQR+fn6GF5MnXp+UQ7g56xU0lHRPZW53UW8NXb1+NZrvGVc59jhiqoCZWcCpqSmIi4szqj0yIz5+J+exetXskCFD4Orqxs6yLSoqQmFhIYYMabsCtz3XN0ZeXtutm7uS5j3tyHxl9dBYIBBwQt9JkyZxWmvn5uZALBZ3+T37s7N37I+AF9/EuR/2AQBsbHvDxrY3+roOhtug4bCwtO7mHT6ezPk2WlWrXcHClo/AxG2oLa9C0bYETpvka4eP4trh1iBT6DUInrNndmhebHv2E/xVIqcdtI0LNyysrahi98Osqcg+gYrstmfyOvr7IXDPtjZD61Fb18HuOQ8Ub0vQast868wFOPr7cVpe9xk1HL6rlqCgpQrZ0d8P3rHz2wxVzfk2Ol/3jp0Pl/FjcfrtVZz20sXbEnDt0FF4x86HndcgrYprJkAu+SyVs++7l0vxw7S5sHZxgt1gD1i7OOHWmQu4e7kUjv5+8Fu91Oh21cZgwlqmHbR6eHvt0FE2yPbUU3Gsi91zHpw20ABQtC0Bo7Z2bOY0eXg6Ff4SQp4oFACTDhk6yBnbF4dzQtWkzHOI3f4NPn9vGmK2pkMqV2LM/F2oqb2Pi1cqMXSQM6RyJYR8HqJCX0BU6AsAwIa70nuqqt0jJ4sxxu8vuCtXQGjDw0uBz2NbbDh77etV1Sj8tQpBvn9pOf43hAd5o7+TPfo72WOM30CczP8NmKtaz1QIMyE0IeTP7ca//oXaH37Qet7M2Rm9V6yAdXCwwWP67doF6+BgNMlkKHvpJTRWqf5Syw8PR58PP2TXNclkqIiIQH1JCYSvvgqHlSuhPHsWla++yq6x/tvf0O/jjznXqxOJUB4eDk2mfD54/v7ovXw5zFxcdO7NNT0dlmphlTQpCZKNG9nHzD4IIV1PLBZDqVTC09MT+fn5KC8vh4eHBxsge3p6wsTEROuY0lL91RbMedzc3ODp6ckJkEUiEUpLS2FlZQVfX1+dIbJIJIKVlRWsra1RUFAABwcHrfNIJBKUlJRAoVDAw8OD/eG5QqFAWVkZe968vDwEBARwrnPkyBGYmJggvOV7lkQigUQigYODAxwcHAzeE3VMZa65uyusw0JgHRaChrIK1H77H8hSD8N+RSyapDVQ5p1FXfFlmLu5wPrFcTAV2qJJWoO6X0Qwd1X9v57si69hEzoO9zKyARMT2C+PgWDWK2gUl6PuFxEsn/fSqgTOysqCUqlEeHg48vPzcefOHfa+MnvXfP/qX4OAgADOfR09erTO+yyRSODp6QlPT0+dXydd95k83kwFtnD8+DNUTRr/RIegHWU95Z/gBYdAnpQIWVLiE3sP1GcBA8D69euxZ88eo44tLCxEcXEx+1jXbN1Jk8Kwa9cu9nF8fLzR5+8q3t7enH0+bJ2Zr5yTk8MG5oCq+lczPA4Lm8Rpu71///4unZlMVNyeHfFEz899lMz5NvCcPRMer880WG2rj74Zr+qsXZ0waus6+K1eyoaEDMeRw2E32KNd17d2cYKjv59R84Q1WdjyMfHYV8hfsxnWrk5a1aKOI4ezAWB9jVwVVB86qnd+sNBrEHxi58MlZKzO1zV5zp6JAS9PwrXDR3Hr9AXUy+SwG+wBl5CxOoNbz9kzYePiBHMBX2/w6x0zD3aDPdpcA6gCz4nHvsK1Q0dRkXUCN89cQIP8Hqyd++Hmf8+jj7/+DwJ6zp4Jz9kztY6trahCbUUVhF6DYDfYA94x89q8F47+frB2cepQZfCAVybBbrAHKrJPsF/7+ho5KrJOwNHfD3aDPdr9Z8Jv9VKUfJbKPmY+AEAeHxT+EvLnQgEw6TBVRW8IGwL372ePz9+bBiGfBxMTIOnb8xg6yBnXb1SzYW9S5jmsTcxCeJA3Fk0LxNBBzhjjNxBj/Aa2nniu/msmZZ7Da+8fAAAc+fdrquC3nz2Svz2HqNAR6N/PHoW/ViLyRdVfTpjK30XTArnXIIT8aQkjI9nA1MzJCYIpUyBNSkJjZSVuLFgA5337wPP35xxjyuf+5VmWlgbr4GCYCgSwX7gQt5YvBwCtYNlUIIClp6cqAG5pHWva0gqPUfvDD2isqGADXQCcABdQBct1JSWoLylB7fHjqBOJ0P/HHwEAgilT2OvyRozQOlbzerIjR2C/cKHW84SQzktNTUVpaSkcHBwgkUjY59etWwd3d3e2/XNycjIAYMOGDWz4y+NxO5QoFAps3LgRZWWtP/x2cHDAW2+9BXd3d6SmpiI7Oxuurq6QSCRIS0vD1q1btSqMN23aBCsrKygUCs553n//fVhZWSE3NxeJiYmcYwICAjB3rup/yDZu3AhXV1fcuXMHCoUC48eP56xlAlAmAM7NzUV6ejrCw8MxefJkg/fEEFPb1u9VjeJyVE1/A43iclj6DEZ13llYeA+Gy3eq/zes/PtUWDzvhcbySjTVyCB88zVUb9wOALBfHgMAkKUeRvXG7XD+7gB4o0dxrpWfn4/S0lLk5+ez9z03V1Utp/54yxZVFTHz9fPw8EBZWRmOHDmCZcuWwd3dHQUFBUhPT8eyZcvg5eWF/Px8JCYmcr4Onp6eWN7y349NmzbB1dUVSqUSEokEw4YNowD4CdPDxRV9Uw9D8m7sn64SGFCF4LZvvQ1+1JwnNggWCoVYuTIO7777DoDWKmBjaLY31jW7Nzp6IScAzszMgFQqbbMiNicnp0vbQNvacq/VnlnHRUX6Z/7qo68K2BiaM301Wz4DQEREBCcATkkx/mtGjHe/tgYy6U00PWhknzPtYQZzc0uYWfSEmbklzMwtYW7x5+625h0zr8PBr9BrEPqMHI4Br0xq1/EWtny4hIw1OizVZ8ArkzoU/qrzW6O74lm9+tPCls8Gn7XlVbh7uZQNrx1HDoeNi3aAbAz18xrD0P3SnC9sSGfuX2fvffDBRMOL2mD3nAenspipMu+orvjzSB6uB6L3AKhm9fbw20fhLyFPOZoBTDpljN9AthKYqey9XlWNIc86I2nVdJz6+TesmRvCrk/69jyGPOuM5mYg/ZTqk8dr9hzD2kTVfLSkzHPs89erqjH2zV24eKWSPT5mazoWTQ1E89mtCA9SzQnevjgc7v3sMSxiC+yCV8K9rz1ipgXh4pVKVTvoxeFsAE0IIerMnZ1hv3Ahp+pXee4cZ02TTIbaH36AmVPrX0SZ0BYAbIKDYWpjo1orl0OWlqZ1LG/ECDbglSYlAQB7DABIW8IgfQRTpsBF7YdgjZWVUJ49qzoPv+0fEMhb9sPsv0kux73jx9s8hhDSOePHj0dycjIblhYUFGitycrKQmlpKYYNG4bk5GQkJCRwXk9NTUVZWRlmzJiB5ORkLFu2DBKJBF988QWA1h/ax8TEICEhAcuXL9fbXlqhUGDLli1ITk5GQEAAJBIJcnNzIZFIkJiYiF69emH37t1ITk7GsGHDkJeXh/z8fPZ85eXl8PX1xZYtW/ReoyvuCaOhrALKvDOQvLsW8i++BgAIZr6MOxu2ob74MvokbIHz9wfhsGkV6osvQ5Z6mK3mrf9FBMGMf6D/L3kdnvUbEBCA5ORkuLq6oqysDOPHj8fu3bvZsJ25f0zwvWLFCixatAgKhULvPOg9e/agubkZ69atY78OJSUlnBnB5eXl8PT0NDocJ48fc6/n0Cfl0J9uJrA6Jgh2PnkGttGxMLHpWAVcd1m4cCFcXd3Yx8bMApZKpcjM5M7/nTfvDVhZ8Ti/vLw8OWtqamq05gZr/ruved7OGjLEh/M4JyfHqOPEYjFbGc0wNpjWnK9szCxgqVTKCXYBYNq0qVr3dMKEEM6asjKx1txgYjzlvbu4cb0Yl85lIu+73fh2/3tI3RaFr3bNx/epq5F14H321/epq3E0aRnSPo3BwV1v4ovtryP539NxYOcb+Oazpcj+aj1yjv4fzv2QjEvnM3FD/Avq79d291t8qLxj53e46nfisa/gt6ZrW/w+7qxdneASMhbesfPZNswdCX8JIe1jYv9XmA5cgh7+31D4S8ifAFUAk04bOsiZnQkcFToCMdODEDM9CFFrv4R7Xzs2fGVaN/fvZ4fJY1QVwAAQHuSNYRFb0NzcjLWJ2fj8vWkAgP5O9jhZ8BvbPvrilUrU1N7HGL+/cK4v5PNwMWUJTuZfhZDPU+0n8xySMs9j+2Jq+0wI0e+BXI7a48e5FcGTJ3PW3Dt+HE1yOeyjo1F7/DiU588DUIW2DitXwlQggHVwMOTp6QAA+ZEjEEyZwjmW3/JYPUzuvXIlbixYAKD9VbmmNjZaVcq6NFZUQHn+PHgjRoDn74/qlh+4VcfHs3skhHQ9NzdVeODr64vs7Gyda0QiEQAgJCRE5+tMwMu87uXlhV69eqGkpIR9XFpairfffhu+vr5albmamGrSgIAA5OXlQSQSsfv08/Njg93Ro0fj559/RllZGWd+LVMR3FHG3BOGPPUw5KmHAQDWL46D/YpYmLm7orFM9cEb6e69kO7eiwdSVRhRm5kF4YLZAABTAR8O/17TJXtl7omDgwOsrKzYx7dv32a/DgUFBezvAXAqfBlMG2z19trqXwf1PwMzZ87scMhOHg+mAlv0STmEmv/bCvm+z7p7O93mSa4IjouLw7x5bwBQVQEbCjozMjJQU1PToWulpKQgIiKCfRwWFsYJPouKirq0CtjHhztz2JgqZEC7Gtfb29voa+qqAvbx8WnzGM3rtUdKyn7O/GXSNvGVc7hafAq3KkpRX1cLSx4ftvZO6GktgL2jG5ye8YGVjR34tr1h2sMcAND0oAENDXVobKjDg4Y6NLT8s+5+Le4ranBfIcN9hQw1d6qguHeXc72eVraw6+2KXn2egdDBBcKW3xNCCHk0evjt6+4tEEIeIQqASZfo72SPkwkLELM1HZPf2YvP35uO7YvDOdW72w/kwNa6J1bPCcHFK60zIIYOcsaiqYFYm5iNRVMDtap1r9+oZte597XD2j1ZENrwUPhrFdz72bGVwGP8BkIqV2LyO3tha81jZxMTQog+9SUlbAgLADbjxmmFsEx1rmDKFJgKBGwArB7aCqOi2ABYee4c29JZnpYGUxsbrUBYGBkJ6+BgmDk5obGqiq3K1RfKKs+fx+0NGwCo2jwbO8OX2Tt/yhTYBAezATBTQWxMiEwI0U9X2PcwrsEEgurXmzx5Mjw9PZGVlYWCggIUFBSw7YYNnQ8ArK2ttZ7T/D3Dw8NwNYr6PjvLfnkM7FfE6n2dP+NlmLu3ts1XbxNt6fNoKi+ZQN3X15czy7e990D969CR48njyVRgC7u4tejpPwqSd2OfmODzYXgSg+CIiAisX7+enT/7wQcftLk+Pn5nh6+Vm5sDsVjMfjgkMDAQAoGAU237zjtLcexYlsGQ1hhhYWFYurT1/MbM5ZVKpdi1i1u1Gx29sF3X1ZwFzITB+hhTJaxPZmYm554SbVJJBW5WlOBmeQkseTZwHjAEz78QCmFvV1j2tDF8gnaqlUkgvVMJ6e1y3JWUo+ZOJUQFx/CgsYFdY9fbDcJezrDv0x/2ju7o1XcA/5we6QAADPlJREFULHlPVgcBQgghhJDHDbWAJl1q++JwLJoaiPCle5H87XnO3F2mgvebnF8QFTqCfV4qV+JUwVUAwNBB3HYvQcP+gutVrZ8YTd/8On6vqsbYf32M1Z8e46zdcSAHY97chUVTA5G0ejqFv4QQg3gjRmBgaSkcWmYwSpOTUaFWhVEnEqG+pARmzs6Q7tuHxqrWD6+ot1K29PKChVoAIE1OZqtv1UNdJpBtqKxEdXw8J2xuqw209PPPUd9SYWbp5aU151cfph11Y1UVpPv2wcy5tSOCobbThBAuJgTds2cPSkpKIBKJsGfPHgCqELC9mOra9PR0zmxcBhPkpqamQqFQICsrC0qlEgEBAQDAtmiOiYnBnDlzAIAzL1gXhUKB9JYPq/j6+sLd3R08Hg8FBQUQiUSQSCRsda56qNkWJrDMzs6GSCQyuIfOYGb2KvPOwNzNBbzRo2BqK4Clz3N6jzFzVX3fq83MhjL3NJR5Z7pkL8z9KSgogJWVFby8vGBlZaUzcHB3d0evXr1QWloKkUgEhULB3ueO/NkhTw7euAlwPnkG/Fdnd/dWut2T1hpaPRAtK9M/J7ewsBDFxcXsY1dXNygUyjZ/BQSM5pxDPUAWCoXYvPkjzutFRUWYMCHE6HbNbWGqcdVt2PCB3opbsViMCRNCOBXOrq5unKplY6+r/r6Kior0ri0sLGTDd+Z6hu6pZkVyZyqI/wyEDi7wGBqMwLBo+AdHwXPYePRx9dIKf6tvXe+S61kLHOD8zBA890IoAia+iRcj1mPW4n34x7wd+NvL78AvaDrsertBdvcP5J/6Ev85tAkHdr6BQ7sX4Me0j3Dxp8Oo+K0ACvmdLtmPMRob6h7ZtQghhBBCHhaqACZdbozfQJz0G4ikzHMYM38Xxg4fiEVTA3EyYQEuXqlEUuZ5zvqodV+iGcDn701D7LZ0hAd5c8JbpgIYUFUBS3/cgJP5V9mK3x0HcvB55jmEBz2PiylLHtXbJIQ8RYRRUarQtqoK9SUlqBOJYOnl1Tqvl8+H8owqNLDw9GTDWPVWysLISNxqCZJlajMghZGRANTCZCcnNFZUoLGiAj3U5vfWl5Torcq1X7gQko0bAQDSfftgHRxssHpXlpaGpnv3YObkxO7d3MkJjZWqzgzMHGNmNjEhpG0zZ87Ejh07kJeXh7y8PAAAj8dDeHh4h6qMRo8ejbKyMmRnZ+Ptt9/Wen3y5Mm4ffs253qurq6Y3NKmPjc3Fz///DO7nsfjcVo2a4ps+V4EADNmzGDXLlq0CDt27MCmTZs4rxuqJGaEhISgpKSEnX07bNgwAKpge7JGS/3Osl8RiwZxOadFNAAMKC/SO+/XfkUsbr25BDemq1pY8wJU3zsrJ07DQLn+UMcQLy8vhIeHIysrC6tWrWKff+utt3R+HXTd5/Hjx7f5NSNPB6YaWBA1B9KdW1B75LDhgzp9TeNGSnQH9Yrgux+sfiT3oyM0q4D10axUNSYYjYiIQF5eLvs4JSWFE45GREQgJydHqxX0hAkhCAsLg4/PEPj4+EAoFKKwsBBlZWLk5OTg3//ebFSr6Li4OGRkHOUE1/PmvYGUFFW768DAQIjFqnNmZBzVam998OBBg9fQ9747ck+jo6MNnjs6eiHbthtQ3dO2qprbquoePXp0l7XcfpJdLT6F+rpa2Dv2f2jXsLF1hI2tI1wGDOM8f/eWGJI/fsOdP37H7apfUX41n33NkseHvaM7+MI+4Nv1ga29E2xse0Ng1xc9zCw6tA+59Bbk0puQVd9ADzMLWAt6wb63G8zMLTv1/gghhBBCuptJc3Nzc3dvgjzdmHm8zzjZIzzIGy8FPc++dvFKJdJPFSM8yBtDBzljzPxdiAodwbaBPpl/FddvVGu1hf7m1C9IP1WMn69UImZaoFZoTAgh+ijPnkXlq68CUFUAO6ekoEkmw7URrZ0JBpaWokkmw/X//V+Y8vnof+IE+5rmWud9+8Dz91etHzsWTffusa8x5weAm+++C3l6Ohw3buRUBTPPAwA/PBx9PvwQAHBVreWq8759UJ47x7ZwNuXz0f/HH1UtqXW8HwConDULyvPn4ZqezqkYLnvpJTbAFr76qtHtpAkhKmKxmG2T7O7uzmnZy7zGPK9QKCAWi9G7d284ODiwc3/Vw1VmDUMzeGXOqau6VH0v+gJbJvhdtmyZzj0zmL1pvi4SifRWtjIkEglu377Nvk/msZeXl8F7oq5RXI6GsgqYu7nAzN1V7/WYdQA4a5W5p3VWBDPrLb0Hw1Roi7qiSwCgtU5zr4YeA9yvn/p9OnLkCNLT07XacjP3WfP96/qzQZ5ODyrKIUtKhOL4MTyoqjR8gJFMbPiwGhcCQdRcmHtx/2yXDWrfh70sR4xEn9RHE8w+qCjXCsYf9vXHjx/PCWAVCqXOdfv37+eEiowVK1YiLi4OUqkUXl6enIBUJCox+KEgqVQKT08PTpvnTz75VCs8Xrp0CXbt2mXUewKAY8eyEBgYiHfffQc7d7ZWFcfH78Lrr7+utYeQkPGcENgQgUCAgwcP6QxHH4d76uTUj/PcgQNfsbOArayM/1kBs5c/s+pb15H37W5Meu3D7t4KAOBBYwNqqitRc6cSNXeqIGX+KSnnrONZ26qCYWEfCOz6QmDfDz2tVB8Qa6hXok55D3X35bhfK0NNdRXqlHKYW/Bg28sZvZ2fhVN/b1hYWuvaAiGEEEJIt1H/e0N7UQUweeiiQl9AVOgLbPXvti9PwU7AUwW+vgMR9eIL6O9kDwA4mbCAc+wYv4G4XlWNUwW/4eKVSpwsuIrfq6oxxncgFk0LxNBBzrouSQghejXJW+fO1ZWUoDIiAg2VrT+AdWQqbZOT0SSXQ6BRwWYqEIA3YgQ7C7g6Ph7O/v4wFQhgHRzMhrmAavYuoAqNa3/4AQC05vzajBvHHiNPT4cwKkpni2dhZCRkaWnszOAbCxbAef9+zt4ftLw35dmzUJ4/DwtPT61z2QQHo7olAFafY0wIMU5bP4TWfI1pDczQFe5prunM9dpiKFjU97oxgaSDgwMnzFR/bOieqDNzd20z+DW0jmkRbWi9vpbRmns19BjQfj9isZit2ubxeFrHdOY+k6dDDxdX2MWthV3cWij/cwz3z57G/XOn0VByuf3ncnKGVfAE9PQfBd64CQ9htw9fDxdX9PpwO4QL335kFdLGioiIQHz8Tr0haUZGBieoDA0NNer7slAoRFjYJE6Fb0pKilYAvHnzRwgLm4T169dzwlV9cnJyjK5cFQqFOHv2HNavX8/O5m1LaGgoNm/+qNNzdQ1VAXfmns6cOUvjnu5nA2DSPhfzDiPgxTe7exusHmbmsHfsr7MaWVZ9QxUMV1fhvkKOhnolGuqVuH3jKm6IL6EZqpoXy542sOLbwcbWEf36e2PwiIngWXd+rjYhhBBCyOOMAmDyyAwd5Izti1WBrVSuxMmCqziR/ysuXqmCVK76hHDNPSWEfB6kciWaAQhteBDyeRg6yAn9+9ljW0w4GxYTQkhHKM+eBU+tghfNzTB3coLN3/7GtlZuksnYdQ9kMjTJZGxI2lhRwYbAzPGytDQIpkyBMCqKDXNNbWzYsLd6505YtsyLZNpL69tP9c6dEL72Gue52uPHwfP3R7+PP0b1zp1oksmA5mYoz55FvUjEWVsnEkGWlsY+p9nmuUkm07oeVQET8vTyUOsmQB4+Zp6yh4cHJk+erLPamhAGb9wETnBbd/a/aKysQGOFqqqtsbKc/e+4mbPqQwxmLq4wc3aBpf9fjb6ObXRsu/Zl5mL4gxhdTT0IVhw/9lCvFRERYXRQ+umne5CRkcF5jjnW1tYWK1as1HreGNHR0UYFm4GBgcjOzmZbMufk5HC6RgiFtmxL6CFDhgAAQkImwM7Ojl3TVqv5uLg4REdHIycnB7m5OSgsbJ3N6+7uDh8fH0yaNMngXttzT/fs2aM1z1j9WPV7GhYWZtQ5gbbvqfo5DaH2z0Bft8EPtfVzVxLY94PAvh8e/XctQgghhJDHH7WAJoQQQgghhBBCCCGEEEIIIYSQx0hnWkCbduE+CCGEEEIIIYQQQgghhBBCCCGEdCNqAU0IIYQQQgghhBBCCCGEEEIIIY+xyMhIva8lJydzHlMFMCGEEEIIIYQQQgghhBBCCCGEPMY0Q962nqcAmBBCCCGEEEIIIYQQQgghhBBCHnOaYa++UJgCYEIIIYQQQgghhBBCCCGEEEIIeQIwoa++8BcATJqbm5sf1YYIIYQQQgghhBBCCCGEEEIIIYS0TSaTdfhYqgAmhBBCCCGEEEIIIYQQQgghhJCnBAXAhBBCCCGEEEIIIYQQQgghhBDylKAAmBBCCCGEEEIIIYQQQgghhBBCnhIUABNCCCGEEEIIIYQQQgghhBBCyFOCAmBCCCGEEEIIIYQQQgghhBBCCHlK/D+AJLacowQ7GQAAAABJRU5ErkJggg==' height='250' width='300'/> ]]>
  </system-out>
</testsuite> <!-- com.tribu.qaselenium.tests.mazaprendo.MAPerformCourseTests -->
