<?xml version="1.0" encoding="UTF-8"?>
<!-- Generated by org.testng.reporters.JUnitReportReporter -->
<testsuite hostname="station" failures="0" tests="1" name="com.tribu.qaselenium.tests.apimazaprendo.MACreateF2FLessonTests" time="31.529" errors="0" timestamp="2022-04-15T23:37:02 COT" skipped="0">
  <testcase classname="com.tribu.qaselenium.tests.apimazaprendo.MACreateF2FLessonTests" name="createF2FLesson" time="31.529"/>
  <system-out>
    <![CDATA[ <img src='data:image/png;base64,iVBORw0KGgoAAAANSUhEUgAAB4AAAAOiCAYAAACRicroAAAAAXNSR0IArs4c6QAAIABJREFUeJzs3XlcVGX7P/DPsOMoiwoiLjVomoLLIykumCFqpaKZkpRSueGTiWSLYqm551KmoKYgZeKWmJpIpYKWC4oJoQaoJT4pMizqsA/IMr8/+M35MjAMAwwM4uf9es1L5pwz97lnzpzFuc513aIxY8YoQE+d8+fP67sLRERERERERERERERERKTG3bt36/xaAx32g4iIiIiIiIiIiIiIiIiI9IgBYCIiIiIiIiIiIiIiIiKiZoIBYCIiIiIiIiIiIiIiIiKiZoIBYCIiIiIiIiIiIiIiIiKiZoIBYCIiIiIiIiIiIiIiIiKiZoIBYCIiIiIiIiIiIiIiIiKiJ8SxY8c0zmcAmIiIiIiIiIiIiIiIiIjoCaAM/moKAhspFIrG6g8REREREREREREREREREdVB5aDvsWPHMG7cuCrLMQBMRERERERERERERERERNSEVZfxqy4IrFUAeOrUqZgyZYpOOrd3717s2bNHJ22R/q1atQoKhQJLlizRd1eaPYlEgsmTJ8PFxQUAEBMTgx9++AF37tzRc8+IiIiIiIiIiIiIiIioIanL9K2OgUKhQE0PXQV/AWDKlCk1ro+Phn/ogkQigaOjI5ycnCCRSHTSJqnn5OSEjRs3CsFfAHBxccHGjRvh5OSkx54RERERERERERERERHph0QigZeXF8Risb670qQYaLNQfn6+zlaoy7ZIvzw8PNT+Tbrn6+tbp3lERERERERERERERETNkUQiwcqVKzF58mSsXLmSQeAKtCoBvWHDBrz++us6WeHhw4d1loFK+iMWi+Hm5iY8d3NzQ0hICAP8DUAikcDW1rba+ba2tpBIJCwFTURERERERERERERETw1/f38h6KsMBi9ZsoSxKmgZAI6OjkZ0dHQjdIeeFBWDvxWnHT9+XA+9ad60uWOFd7UQEREREREREREREdHTwNbWFhkZGVi7dq1K5q9EIsHYsWPxww8/6LmH+qfVGMD6euzcuRMnT57EmjVralzW29sbJ0+ehLOzc63XM2zYMJw8eRITJkzQavmQkBAcOXJEq2Wfe+45vPrqq3r/LHU9BrC6ks+6KgMdExODrKwsHD58uMq8tm3bwt/fHyYmJjW2M378eGRlZT3xJZKfffbZGpexsbGpU9vDhg3DtWvXkJWVhTFjxqjM8/LyQnx8PNLT03H69GmVsYb79euH06dPIy0tDVevXsXEiROFeW3atMH+/ftx//59JCcnY9myZRCJRAAAAwMDrFy5Ev/88w/S0tKwZ88eWFlZNeg6a3qfRERERERERERERET0ZHBzc8OOHTvg5uaGO3fuVMn4TUhIqLGNzp07IysrS+3j1q1b1b4uKysLkZGRAICJEyciKysL7733HoDaxa9qKz4+XuuHkpHOe6EjXbt2RefOnRETE4MXXngBrVu3xqNHjxpkXdevX8fnn3+udQndwMBAGBsba7Xs1KlT0aZNG/z888/16aJAJBI1WgltW1vbaoOn6koS29raYuXKlWqXDwwMREZGRo3r7Nu3L7p3746TJ0/C3d0ddnZ2SEtLE+a/8cYb8Pf3R2BgIB4/fqyxrZiYGEyZMgVJSUk1rrcp+9///lfjMpmZmbVud86cOVixYgWSk5OrzHNycsI333yDmJgYBAUF4aOPPsLevXvh7OwMIyMj7Nu3DwqFAsuXL8fkyZMRFBSEa9eu4e+//8bmzZsxcuRIrF+/Ht27d8cHH3yA27dvIzQ0FD4+PvD19cW+ffuQkpKCTz75BPn5+Zg9e3aDrVPT+yQiIiIiIiIiIiIioieDm5sb5s2bBwDCv2fOnMGSJUuwcuVKhISE4K+//tK6vTt37iAoKEhlWkFBgVavjY6OxpQpU5CYmAigdvGrxqBVCeh27dph1KhROlnhyZMnkZ6eXuNyI0eOREFBAQICAhAaGgo3NzccOnRImN+5c2d88skncHBwQGJiIu7evQsAUCgUaNu2Lfbv34+ff/4ZBgYGcHNzg1QqxYoVK/DWW29h6NChuHPnDpYtW4YHDx6gV69e+Oyzz7Bt2zYcPnwYe/bsQXFxMfbt24eZM2fCxMQEP/30E3bt2gUA8PX1RevWrTF+/HgYGhpi5syZcHNzg4WFBdLS0rBv3z5ERkbiu+++Q6dOnQAAp06dgqenJwIDA1FcXIwzZ85g8uTJeOedd5Cfnw9fX18MHDgQxsbGuHbtGr7++ms8ePAAI0aMgL+/P4KDg/HKK6/g+vXr2Lhxo062RU3EYrFKBqY2qlte2xLFXl5eyM3Nxccff4z4+HhMnDgRW7duBQB8/fXXmDZtGgDg/v37mDFjBk6cOIEvv/wSo0aNgomJCaKjo+Hn5wepVAoXFxd8//33WLJkCQIDA9GqVSssWbIEo0ePhpWVFW7cuIE1a9bg9OnTAAAXFxesWLECvXr1QnFxMX777Td8+OGHePjwYa0+A13TplZ9XerZP378GMOHD4e7uzs+//xzlXkTJ06ESCTCp59+iri4OLRu3Roff/wx+vfvjxYtWsDOzg5Lly7FN998g6SkJBw9ehQTJkxAYGAgXnnlFZw+fRrr16+HmZkZxo0bB09PT4SGhmLixInIzc2Fr68vSktL8eKLL2L8+PHw9fVtsHVqep9ERERERERERERERNT0VQz+KlUMAs+ePbvWsZLU1FR88803aueJRCL4+/tj+vTpAIDVq1erJGgOHjwYISEhWLRoEbp161YlfvXjjz/Wqi+6plUA+KuvvoKdnZ1OVvjyyy9jypQpGpcxNDSEm5sbzp8/j7S0NFy7dg0jRoxAWFiYsIy/vz+6dOmCwMBAFBQUqGSqFhcXAygv+xocHIz8/HxMnDgRGzduRGhoKB48eAAvLy+88cYb2Lp1q8oGUygUKC4uhq2tLfr164cNGzZgzpw5mDp1Ks6ePYvbt2+rLDty5Eh4enrim2++wfXr1/HGG2/gvffeQ1xcHFauXImtW7dCKpVi/fr1yM7ORnFxMdq2bYsePXpg69atyM3NxX//+1+MGjUKAQEByM3NxWeffYbZs2dj1apVKCkpAVAekPvxxx+RlJTUaBnAd+7cQUBAQJUdqrYCAgK0yq42MjLCxIkTERERgbt37yI6OhpeXl5CAHjTpk1wcnJC//794eHhgYSEBKxYsQJeXl745JNPIJPJsHPnTqxevVrYISvaunUrxo0bh5UrVyIhIQGff/45Dh48iKFDhyIpKQnfffcdHj16hNdffx2tW7fGN998g/nz52Px4sX1ev/1defOHWRkZKjNugaAjIwMrbPXK9q5cycAwN3dvcq8rl27AgD+/fdfoQ8A0K1bN5iZmamd99xzz0EikcDIyEiYV1hYiPT0dHTr1k1o9/79+ygtLQVQnt08cOBAdOrUqcHWqel9EhERERERERERERFR06Yu+Ks0Y8YMXL58uU6JcqampujcubPKtOzsbGRnZ+OVV17BwoULER0dja+++gpTpkxRGXqyInXxK33TagxgXQV/AcDOzq7G9fXr1w/W1tb4888/0bZtW8TGxqJr16545plnoFAo0Lp1a3Tr1g0JCQk4duwYIiMjcfbs2SrrunfvHo4dO4YDBw4AAB4+fIgjR45g//79AIBOnTqpjIlb8W8TExMEBATg8uXLQvnmZ599tkqw2NTUFADQo0cPWFtb4+uvv8aECRPw4MED/PPPP1AoFJDL5UhMTBSCuebm5li3bh2OHz8OuVyOkJAQTJo0CUePHkVUVBQKCgrQpUsXlf5cuHAB+/fvR3x8fKOOAaxMna/LjpOfn48lS5bgzJkzWi0/fPhw2NjY4Ny5c7C3t8dvv/2GXr164fnnnwdQHvzLyckBAMTFxeHRo0dYtWoVunfvjp07d+LQoUPIzc1Vm4Xcpk0bjBs3DjExMfjqq6/w66+/Ys2aNTAyMoKXlxeA8u1iZ2eHPn364O7du5BIJHoP/ipdvny5TvPqSpmxXVRUBABCuYIWLVpUmaf8VywWo2XLlirLK+e3aNFCWEa5fMXXqmtXV+skIiIiIiIiIiIiIqInk6bgrzIOVZcYFgC88MILuHbtmspDmXD6yiuvAADWrl2LqKgofPrpp9W2oy5+pW9aZQBfvXoVffr00ckKr169WmMAUllueuHChSrTR44ciaCgIFhZWQEoD+gq21KOL1sxwKmcn5eXp/Jc+UUwMTGp0hfl84KCAuF1ubm5AABjY+MqAeDw8HB07twZL7/8Ml566SWUlpYiKioKX375pZCJXLFdAJDL5Splhfv06YN3330X9vb2EIlEMDExgZGRkcprUlJSGi3zt7K//vpLqJ+ubSln5U5Xm8zUyZMnA4CQ8avk5eWFZcuWqX2Nq6srFi1aBIlEApFIBFNTUzx48KDKch07dgRQflOAUmpqKgDA3t4eADBlyhRs3LgR69atE5b18/MTSkTrU3h4OMaOHVvtPF1T7iNmZmbIy8sTbnTIz89HWVmZMK/iv3l5ecI+o1xeOV/ZXn5+vsq8iu021DqJiIiIiIiIiIiIiOjJo03wty4VUpVu3LiBlStXqkz7559/AAA2NjYAIAxrm5aWJsQqngRaBYD9/PzQt29fnawwPj5e43xzc3MMHjwYcXFxOHjwoDB91qxZGD58OHbs2IGsrCwA5Vmdyv63a9cOgGoAWF3Gq6b56p5XVnn+48ePsWnTJgQEBKBLly547bXXMHr0aFy6dEklcFjxNWVlZSqZxp999hkePXqESZMmQS6X4/jx41XWVVpaqrcAMFBeclfbIHBddrqWLVtizJgxOHv2LLZt2yZMX7JkCTw9PbF8+fIq79/MzAzBwcHIyMhAjx49kJeXpxLgrSglJQXA/wWCAQjjMytfEx0djUGDBsHGxgZDhgzBunXrsG7dOvTv31/r99FQMjIykJCQAEdHR5XpCQkJws0PunTz5k14eHjAwcEBDx48QJcuXQCUHwyVmbUODg4AoDLvzp07KC4uFuaJxWK0a9dOyNC/efMmevfuDWNjYxQXF6NLly4oKCjA3bt3G2ydRERERERERERERET0ZGno4C9QnjgaERFR7TygPP548+ZNdOjQAQYGBvVaX2PSKgAMAH/++WcDd6XcsGHDYGZmhpMnT+LixYvC9O7du2PatGno27cv/vzzT9y+fRtOTk4YN24c5HI5XF1dAUBtwLciTQHhystXDgSrW/a9996Dh4cHVq1ahYyMDCH7tKCgQAgQd+jQAUOGDEFsbGyVtg0MDGBsbAxjY2N07NgRw4cPR0lJCSwtLYUS1dW9l8am7Y4kFotrvdONHz8eZmZmOHjwIH799Vdhet++feHv7w9XV1ecO3cOhYWFAICpU6fi999/h4mJCYyNjdG1a1dMnDgRRUVFaNOmDbp3767S/sOHD3Hs2DF4eHhg7ty5+Pvvv7Fo0SIUFhZi7969sLOzQ3R0NE6fPo0tW7YgPT0dBQUFzTqLdMCAAWjfvj169OghPDcyMkJcXBwOHTqE+fPnY9WqVTh+/DimTZuGv//+G1euXIGRkRFSUlLg4+ODx48fw8vLC48fP8aPP/4IuVyO8PBwjB8/Hv7+/nB0dISRkZFQdv3gwYMYOHAgAgMDkZaWhv79++P7779HSUlJg61T0/us7oYBIiIiIiIiIiIiIiLSj8YI/gJAhw4dhJLPFe3ZswcnT56Et7c3Fi1aBCMjI3h7e2uM01WMX/388896jz9oNQZwYz6U5Z9jYmJUpiuDwSNHjoRCocDq1atx+/ZtzJkzB+7u7jh69CgAVCmdrE1GsLpl1S2vbv7evXtx6dIl+Pv7Y/v27XB3d8f27dsRHR0NhUKBQ4cOwcjICL6+vkLp6optFRQU4JtvvoGxsTHWrVuHnJwcBAQEwNDQEH5+fmr7ootHXUgkEq1LQEskklq1rRyHNzIyUmX6yZMnAfxfeejdu3fj0aNHWLBgAXr27ImlS5fC1NQUBw8exKNHj+Dv7w8TExOhjHNF77//PkJCQoR/ZTIZXnvtNdy+fRtpaWlYtGgRnJyc8Ouvv2L//v34559/MGvWrFq9j4YiFovx7LPPVpn+7LPPar1NKvvggw/w/fff44033gBQnun//fffY+jQobhx4wZmz54NOzs7LF68GDdu3MCUKVNQVlaGx48f46233oJUKsXSpUthbm6Od955B//++y8A4KOPPsIvv/yCDz74AIMGDcKaNWsQFhYGAPjuu++wadMmvPzyy/Dx8UFYWJhQN7+h1qnpfRIRERERERERERERUdMhFosxY8YMtfN0GfwFymMsK1eurPKwsbFBREQEAgMD8fzzz2Pbtm04efKkyvCVlVWMXzWFyrIiV1dX/aaVkl5cv3691q8ZO3ZstTtdZSEhIUIpa3157bXXsGvXLixZsgSBgYF67Ut9uLm5wcvLC7a2tmrnZ2Rk4MCBAzhz5kwj94yIiIiIiIiIiIiIiEi3JBJJlSFJdR38fRLcvXsXQM3D61akHNJXqxLQ06dPx/Tp0+vWu0q+/fZbfPvttzppixpXr169qky7fPkygPKyupWX1WcA2MHBAaNHjwYAyGQyvfWjrmxtbTF58mS4uLjUmOFra2uLefPmYcaMGYiJicEPP/zQIOMCExERERERERERERERNbQ7d+5gyZIlQhD4aQz+1pfWAWBdmT59OkJCQnTWHjUeR0dH4e/8/HyEhIQIWadubm6YMWOGEKysuKw+jBo1ChMmTEBMTAyOHTum177UVuXPUltisRjDhw+Hi4uLyrYhIiIiIiIiIiIiIiJq6iQSCcaOHYvAwEAhCOzv74+1a9cy+FtLBtoslJeXp7MV6rItajy2trZCQDIhIQEffvihSoDxzJkz+PDDD5GQkACgPBhZXcnixrB9+3bY2Njg5ZdfRk5Ojt76UVvKbN66jusLlH/28+bN0+vnT0REREREREREREREVBvDhw/H8OHD4evrC6A8E3j27NkM/taBVhnAq1atwuTJk3Wywh9++AHarJOalvz8fFy+fBnXr1+vtrRzRkYGFi9ejLFjx6JXr17Iz89v5F42D8ogOhERERERERERERER0dNCLBbj+PHjOH36tL678sQTDRw4kNHYp1BSUpK+u0BEREREREREREREREREaty9excAEB8fr/Vr+vbtC0DLDGAiIiIiIiIiIiIiIiIiImr6tBoDmIiIiIiIiIiIiIiIiIiImj5mABMRERERERERERERERERNRMMABMRERERERERERERERERNRMMABMRERERERERERERERERNRMMABMRERERERERERERERERNRNGZWVlwhORSKTHrhARERERERERERERERERPV10nbCrkgHMbOCnB7c1ERERERERERERERERUfPDEtBPKW53IiIiIiIiIiIiIiIioqanvlWbjeLj43XUFdKH5ORkODg46LsbVE/cjs0Ht2XTwO1A1eF3o+njNmr6uI0aBz9nIiIiIiIiooZ1+fJlODk56bsb1SopKanzaw102A8iIiIiIiIiIiIiIiIiItIjBoCJiIiIiIiIiIiIiIiIiJoJBoCJiIiIiIiIiIiIiIiIiJoJBoCJiIiIiIiIiIiIiIiIiJoJBoCJiIiIiIiIiIiIiIiIiJoJBoCJiIiIiIiIiIiIiIiIiJoJBoCJiIiIiIiIiIiIiIiIiJoJBoCJiIiIiIiIiIiIiIiIiJoJBoCJiIiIiIiIiIiIiIiIiJoJI313gIjqJzw8HHFxcZg3bx6sra313R2qA5lMhvXr11eZbm1tjQULFuihR0+v3bt3IykpCWZmZnB0dMTgwYNhb2+v726RnsnlckRERCA5OVn4bri7u+u7W6RBbGwsDh06pDJt0qRJcHZ21lOPiIiIiIiIiIiIGk+tA8AymazKD2oSiQQjRoxAcnIyHBwcdNY5ajypqamIjo4GAAY8niCxsbHCdgsNDcW8efP03COqC5lMVqvp1HA8PT0RFBSEtLQ0xMbGIjY2lkEjwvHjxxEXFyc8l0qlUCgUGDFihB57RZqoO37ymNo0yOVyJCUlITU1FVKpFADQvn172Nvbo0ePHjA3N9dzD4mIiIiIiIiInnx1CgAnJyerTFMoFACA4OBg/lD+BJLJZAgODkZhYSEAICEhgdmkT4DK2U1SqRSHDh3CpEmT9NgrqgsHBwfY2dkhLS1NZfrgwYP11KOnl7m5OXx8fIQgMAAcOnQI1tbWvMHpKSWTyVSCv0pxcXEMABPVUmRkJC5cuCBccyop/29hZmYGV1dXZtgTERERERERUZOTkpICkUgEAGjRokWTj6HpfAzgQ4cOITY2VtfNUgOKjY1V+SGusLAQCQkJeuwR1URdaUsAePToEfe/J5Sfnx8kEonw3N3dHR4eHnrs0dNBLpdXmWZubl7lsz9+/HhjdYmaGGboE9WfXC5HcHAwoqKiVK45raysYGVlJTwvLCxEZGQkgoOD1R6fiYiIiIiIiIj05f79+0hJSUFKSkqVZK6mqEHGAFYGppgJ/GRQd5cCy+81XdUFfydNmoSePXsiKChIKKVITxYzMzO1f1PDCQoKgqenZ5X9JTU1VeW5VCqFTCZr8nd1UePp16+fvrtA9XD+/HkUFRUJz83MzDBkyBA99qh5Cw0NxZ07d4TnEokEnp6ewjFVJpMhLCxMWCY5ORl79uzBrFmz9NJfIiIiIiIiIqInXYMEgIH6BYFLS0tx7NgxnD17FhkZGTA3N0e3bt3g6empkiFXF9nZ2bhx4wZcXFzq1c5vv/2G06dPY8WKFVXmxcfH49tvv0VAQEC91tFYnJ2dkZycLJS47NevX72D9++++26V8n4AYGdnh02bNml87d9//w0jI6N6b+vKoqOj0bt3b7Rs2VKn7TYmTcFf5Tbz8fFBQEAAfHx8dBKsys/Px/z589GxY0csXbq03u2pk5mZiblz52Lfvn0wNDTUefua9ld9WbZsmUrwobKIiAhERESoTOvRowfefvvteq133759OHnyJBYuXIgePXrUqy11Kn7W27ZtQ+vWreHl5aXz9ehKWloagoODMWvWLJUgcOWhDgDoLAAcExOD8PBw/PvvvzAwMECnTp0wZswYDBo0qN5tHz58GD/99BNGjRqF7OzsJvP5q9vHFQoFduzYAWNjY7z99tswNjbWcy/VU3czhjJ4BUA4f8rlcjg6OtYpMBwWFoa///4bn376qcr0S5cuYdeuXdi+fXvdOl9LDX0sbkoqH18BaAwAFxYW4p133sHGjRvRoUMHjW3LZDIsX74c+fn5WLduHVq3bl3v/j7JIiMjVYK/VlZW8Pb2VrnZ0NraGt7e3ggICEBWVhaA8n0rMjKy1qXWG/q65Um7ziciIiIiIiKixldaWoqcnBy9JhQ1WAAYqHsQePPmzfjf//6HWbNmoVu3bigqKsKJEyewdOlSfPHFF+jYsWOd+3Tt2jXEx8fXOwA8ePBgvPDCC/VqoylxdnYWAsC6ytz29/dH3759a/2606dPo2vXrlUCwMqxppU11mvrwIEDcHBwqFUAuKysDAYGOq+UXifaBH+B8uxtb29vhIWFYcSIEfUet/S3337DsGHDEBsbC6lUivbt29ervcrKysrQpk0b7Nixo8ECDk1xf9UU/K2OupsqaqOkpATnz5/H1KlTcerUqQYJAFf07rvv1nr/aex9ztTUFIWFhQgODoanpydkMhkSExPVBoB1kZV94sQJ7Nu3D++88w769+8PExMT/PHHH9ixYwcKCwvh5uZWr/YvXLiAmTNnYujQoSgoKNDpZ1mfY7C6ffzu3bsYNmxYg38P68ve3h5WVlZCUAoAxo4dCwBISEjAnj17hOmJiYm4f//+E1m+vTGOxU+LmzdvoqysDEFBQbXaX5rSNYeuyOVyXLhwQWXakCFDhOBvWFgYRCIRJk2aBHNzczg7OyMqKkpY9sKFCyrLa6Ohr1uIiIiIiIiIiDQpLS1FYmIirK2tm08AeMyYMVUCFLUdvyspKQl//PEHvvzySyHDwtTUFJ6enrCzsxMyhDIzM/Htt98iNTUVIpEITk5O8Pb2hqmpKXx9fTFmzBjExsYiNzcXxsbG+PDDD5Gamopdu3ahtLQUS5cuxYoVKyCTyRASEoKUlBQYGBigf//+eOONN2BoaIjt27ejZcuWyMzMxKNHj5CbmwsfHx/07NkT0dHRQpZbTk4Otm7dinv37sHKyqpKoOnEiRM4ceIEysrKYGZmhqlTp8LJyaken/STLzs7G9u2bYNUKkVZWRk6duyI9957D7/99hvOnTuH2NhY3L9/H6+88go++ugjvPHGGzhy5Ai+/PJL+Pv7w8/PD46OjgCAXbt2oaysDNOnT0dxcTFCQ0Nx5coVlJaWYsiQIfD29sbXX3+N9PR0rF69Gm+++SYuX76MDh06CBlcf/zxBw4cOICvvvoKZ86cwaVLl2BsbIzMzEysW7cO8fHx2Lt3LwoKCmBoaIgJEybUO1BTW+Hh4VWmVQ7+Ktnb28Pa2lrIbKxPEDgqKgrz589Hq1atEBUVhalTpwIA0tPT8eGHH2Lq1Kn4448/IJPJ0KtXLyHol56ejh07diA9PR1lZWUYMGAA3n33XYhEImzduhUWFha4evUqevbsCQ8PD5WsszNnzuD48eMoLS2FhYUFpk2bBolEgocPH8LPzw8zZ87EuXPnIJPJIJFIMHfuXIhEIjx8+BDBwcG4c+cOTExMMGnSJAwbNkxlfwWAY8eO4dSpU0L7M2bMwHPPPVfnz+hJcfnyZTz33HMYNmwYwsLCkJeXJ9wQsX37dpibm+PBgweQSqUwMTHBtGnTcOTIEWRkZMDKygqffPIJTE1NsWXLFojFYmRmZiIrKwslJSWYPXs2unTporK+Xbt2CRmoxcXFCA4ORkJCAsrKyvDMM8/gvffeg6Wlpdp9rrE4OjoiLi4OhYWFCA0NbdB1FRUVYf/+/Xj77bcxfPhwYbqrqyusrKxgZFR+Sn78+DH27NkDnfxiAAAgAElEQVSDa9euQaFQoF27dpg5cyZsbW1x9uxZnDt3Dp07d8bt27fx6NEjvPrqq3j11Vfx5ZdfQiqVYt++fbh37x6ysrKEz195zL137x7atGkDV1dXhIeHY8uWLTh16hQuXLiAZcuWASjPnps+fTp27twJuVxe5RhcXFxc7b5d3TH44cOHKvt4defFmvZxfRkyZIiQMWpqaipki0dGRlZZNjo6GiNGjND5UArVnTctLS3h4+Oj8byo7b738ccfq2ynxMREhIaGCjcTjBw5EqNHjwZQfrPWsWPHhKClh4cH3N3ddfqem7LqrhFLS0uxa9cu5OXlYf78+Vi6dClKS0urvWatfD7s2rUrzp49iw4dOuD27dvIysrC7NmzceHCBaSkpKCgoADz589Hp06dUFxcjP379ws38D3zzDOYOXMmWrVqpfH70pgSExOr/N8gLS0NUVFRkMlkKtVnHBwc4ODgoBIALiwsRGJiYq1uTlR33ZKfn4/Zs2dj1apVePbZZwGUj9uzYMECBAUFYf78+dXuQzVd5z+t1xREREREREREVJUy+FtQUABAfTKNhYUFWrVq1eB90UmaQVZWFu7cuYMOHTqgS5cuKo+ayuRVdv369WpfN3ToULRr1w4AEBgYiE6dOmHz5s3YsGED7t+/jyNHjgAADA0Nce3aNfj7+2Pt2rUwNzfHqVOn4OjoiJEjR8LZ2VkIBAUGBqJt27b4+uuv8cUXXyAhIUH44cnQ0BDR0dGYMWMGVq5cCTc3N/zwww9V+nXw4EEYGRlh69atWLZsGa5evaryfg4dOoTPPvsMmzZtwptvvokvv/wSubm5tfpcdEkmk+HOnTsqD6lUKsyXSqVV5lceD7O+fv75Z7Rq1QoBAQEIDAxE9+7dER8fj/Hjx8PBwQGTJ08WSoI+fvwYRUVFCAkJqbGM4tGjR5GamorNmzdj06ZNuH79Ok6ePAk/Pz8AwGeffYbBgwdrbMPExARJSUkYPnw41q1bh+LiYmHbbd26Fe+99x6CgoKQk5Ojs89DG2+//TasrKyE59UFf4HybGHlj6q1vQmjosTERIjFYnTq1AnDhg3D+fPnUVJSAgAwMDBASUkJHj9+LGTnx8XFISYmBgCwc+dOODg4YOvWrVi/fj2io6Pxxx9/AACMjY1x8eJF+Pv7Y/r06SrrTEpKQmhoKBYsWIBNmzZhzJgxWL9+PUpKSmBoaIji4mJkZ2djyZIlWL16Na5evYqEhAQAwJYtW+Dg4IDt27fD398fO3fuxL1791Tav3XrFg4fPiyUKH7hhRcQFBRU589IX8LDw7Fo0SK1WeHVOXXqFNzd3WFsbIyBAwfi999/F+YZGhrizz//xJw5c7BhwwYoFAoEBwfDz88PGzZsQFZWFq5cuQKgfNvHxMRgzpw5WLNmDYYPH46tW7dqXPfx48chlUqxefNmbNmyBaWlpcIxu/I+15hqM+ZncHBwvY6F//zzD+RyOYYOHVplnpOTE55//nkAwJEjR5CSkoINGzZg8+bNkEgk2LJlC4Dy7ZSQkID+/ftj2bJl8PX1RWhoKIqLi/Hxxx/D1tYWM2fOxFtvvaXSflhYGAwNDbF161b4+/vjzJkzWmUaqjsGa9q3qzsGV6TpvFjTPq4vyqAQAJVS4WlpaWqXr3hO1ZXqzps1qeu+l5eXh/Xr18PLywubN2/G4sWLcfjwYVy/fh1FRUUICgrCokWLEBAQgCVLluDKlSsoLi7W+ftuqqq7RuzVqxe8vb3RsWNHbNq0Ca1bt9Z4zVr5fGhoaIikpCS4u7tj1apVcHFxwYYNGzB+/HisWrUKTk5O+OWXXwAAP/30E27duoW1a9di06ZNsLKyQkhICIC6f190Td0xMzY2FpGRkYiNjQXwf8Hf6pavzXG3uusWsViMAQMG4MyZM8Ky0dHReOGFFyAWizW2qek6v7lcUxARERERERFR/VUO/hYUFCAlJUXtozHoJANYJpNp/LGjNhmI+fn5NaZE5+Tk4ObNm5g/fz6A8h/PXnrpJURERAhjHQ4ePFgoYSiRSJCZmVmlndzcXCQkJAiZRaampnB3d8fvv/+OUaNGAQD69u0LCwsLAMCzzz6LEydOVGnn+vXr8PLygkgkgomJCV566SXhh73Lly+jf//+aNOmDQCgT58+aNmyJW7cuIH+/ftr9Znoilwux549e9SWNq3o+PHjaqe3b98es2bN0jqraf369VXubvDy8oKHhwfatGmDmJgYxMXFwdHRERMmTFDbhvL1Q4cO1Sr769KlS3j99ddhbGwMY2NjLF++XMiqqw2xWCyM42hsbIxt27YJ77tHjx4wNDRERkaG8N1oDA4ODpg3bx6OHz+OrKws9OzZU+1yFUtFW1lZqQQuaisyMlLIVLS0tETXrl1x+fJllSC6MphlZmaGPn36ICEhAYMGDcInn3wibLNWrVrBwcFBCIqIRCL07NkTbdu2rbLOixcvwsXFRbjZw8XFBd9//z1u3rwp3Bjy4osvAigvd21nZ4fMzEzk5uYiMTERfn5+EIlE6NChA7Zt24YWLVrg9u3bQvvPPfecMB0o38ePHj1a58+oMUmlUiQmJiI2NhaJiYkAyre3lZVVjWMkSqVSZGZmolevXgAAd3d3IcCu1Lt3b+F73qFDB1haWsLU1BRAedDr4cOHwrL/+c9/hOzhgQMH4rvvvkN2dna16x83bhxeffVVYX90cnIS3gOgus81Jnt7e0yaNEmrQLqyVHTl8YK1lZeXB7FYDBMTE43LxcTECMcxABg5ciSOHj2K/Px8AICNjY0QLJZIJCgtLYVMJoOtrW21bV6/fh1vvfUWRCIRxGIxhgwZglOnTtXYZ3XHYE37dnXH4IrfDU3nRWXWnLp9XJ9kMple1w9A6/NmZXXd965fvw5LS0v06dNHWL+zszNiY2Ph5OQES0tLREZGws3NDfb29li4cKEO3uWTRZtrxJquWdWdD+3s7NC5c2cA5cdie3t7oYxxhw4d8OeffwIo39/Gjx8vlKcfPXo0/Pz8UFpaWufvi67VdDNEv379hGoscrkc0dHRtW6jIk3XLS+99BI2bdqEqVOnwtjYGNHR0UJVE000Xec/ydcURERERERERKQ7lYO/TUGDjgFcFxYWFrh165bGZZQ/JFcMvllYWKiMz1cxSCkSiVBWVlalHeXyS5YsEaYpy7epa8fAwEBtO7m5uSrjylZM3c7Ozq4SKKjc18Zy4cKFGoO/mkilUkRGRmo9tuGCBQuqHQN41KhREIlECA8Px6ZNm9C7d29MmzZNCAhUpm2gNSsrS+XzV/4gV1paqtXrlSqXSDxz5gwuXrwojIFZUlIi/N2YzM3N4enpiYSEBAQFBcHDw0Pl5orK4wTXFBTUJDc3F5cvX0ZcXBy+//57AOXjExYUFKgEgCt/3spATUJCAo4fPw65XA6RSASpVKoy1md12zQrKwvXrl3DtWvXhGlFRUXIysoSAsDq9kvlPlWxP+rKKBQWFuLAgQP4559/AJSX29XHtqyL6soUa7Nfnzp1CllZWZg2bZpKe0lJScJ2qTjGrYGBQZXnFY9/6vazvLy8ateflpaGgwcPIjMzEyKRSGV7AlX3ucbk7OwMa2trhIeHV5vRqVSfILClpSXy8/NRWFiocTzh7Oxslf1D+Vkrz32Vz28A1J6bKqp8ntIULFanYn807dvVHYMr0ua8qM25t7FUrAwCQKWfpqamasfzru140dVdpygrHwC1P28q1XXfq/w9BMq/iw8fPoRIJMKyZcsQHh6OVatWwcDAABMmTHiqSkAD2n1Ptblmrfw5a3sszsrKQmhoKA4cOKDy2qysrDp/XxqTqampMJ628ibF+txsUdN1S69evWBmZoYrV66gffv2yMvLq/Y6tXK71V3nP8nXFERERERERESkW5WHwdK3JhcA7tOnDw4ePIjk5OQqWcNHjx6FRCIRpmdlZQk/ZOXk5NR6MGVlOeG1a9fWq952y5YtVQIfFX+8srKyqhLsrUtfdUEZJLKzs6sSxE1NTRXGNxwzZkyVH+eVgRFdlrUcOXIkRo4cCblcjpCQEOzevVvIkKmsYvZv5bKlcrlcyFK0tLRUyTTLzs5GaWlplR+4DQwMVH6g03RXRmxsLA4fPowvvvgCtra2UCgU8Pb21v6NNgBHR0c4ODggNDQU9vb2GDt2bJXgL1C/8s9nzpzBoEGD8P777wvTysrKMHv2bEilUiGbLDs7W8hcys3NhYWFBXJzc7FhwwZ8+OGHwlh5q1evVmm/uozu1q1b48UXX6xSGhqAxhsnlNu44nEhPT1d5UdboLwU7t27d7F06VKYmZnh1q1bWL58ucbPorEoj29yuRzJyck1BiO1VVxcjN9//x1fffWVkFkNlJcIjYyMVAnMa6vifqYsaa/pRo3AwEA4Ojrigw8+gEgkwpEjR5CUlFTr9TYUBwcH+Pn5QSaTQSaTCQGXoKCgKgG+ugaBu3TpghYtWiAqKkol8xoA4uLicP/+fXh4eMDKykrl81WWm7e2tsadO3fq9P7EYrHKca5iRq26Y2plyv21pn27umNwRU3pvKjJ+fPnER0dXSUgJZPJIJfLYW5uDgcHhyrf44pjBGurTZs2SE1NhUKhUDk23r17VyVYX915U9N5sa77XuXvIaC6ndq3bw8fHx8AwI0bN7BmzRp0794dHTt2rNV7r49ly5ap7J9mZmb4/PPPG2392lAO3aDpmrWu41tbW1tj0qRJcHFxUTu/NtdZDaV9+/bVHrfs7e2FIHpYWFi1NzMps59rUtN1S/v27TFs2DBcuHAB9vb2cHV1FW6w0LQPabrOb8rXFERERERERETUeAwNDeHo6IiEhAS9JrNUpJMxgHWpa9euGDp0KNavX48//vgD+fn5kMlk2L9/P8LDw2FnZ4dWrVqhR48eQqm94uJinD59GgMGDKixfSMjI6GMplgshpOTE8LDwwEACoUCR48exdmzZ2vV5549e+LcuXNQKBSQy+Uq42q6uLjgypUrQunUuLg4FBQU1CngoivKH60rPir+WG1vb19lvrZln7W1fft2IaPK3NxcCKwCqttInTZt2gjjumZnZ6uMxTZgwACcOnUKRUVFKCoqwrp16xATEwMDAwOIRCKh3bZt2wp11ktLS9WWHFTKycmBpaUlbGxsoFAocPjwYYhEIr3fzWFubg4fHx9YWVlh8+bNakvYRkRE1GqMWCWFQoHIyMgq4yUbGBigf//+Ktlwp0+fBlAeGIqPj4eTkxMKCgpQWlqKLl26ACgPov/7779afWYDBw7EpUuXhABVRkYGNm7cqDbLriILCwt0794dERERUCgUSE9Px8KFC/HgwQOV5XJycmBvbw8zMzPI5XL88ssvKC0t1fvYlbNmzYKPjw9GjBgBDw8P+Pn5qc2ms7OzqzKtpmzDixcvol27dirBXwAYNGgQLl++rDFztzpXr14Vjmtnz55F586dNd5Ik5OTAwcHByFj9OLFi3rfh9SxtrYWjon29vbw8fERggAVKYPAtRmb0tjYGN7e3ti/fz8iIiKEQOLvv/+OwMBAIdDn4uKCqKgo4Tt54sQJODk51es43L17d0RHR0OhUKCgoAAXL14U5rVp0wZpaWnC+jSdA2vat6s7BlfUFM+LlYWHhwvbSB1lCWVXV9cq89RNq8mAAQNQUlKC0NBQ5ObmoqioCJcuXcKvv/4q3Cyg6byp6bxY132vV69ewnEdKL9pIC4uDv3798e///6L5cuXC8eODh06wMjIqNEzH9XdnNHU1OeatSYDBw7EiRMnhM/hzz//xO7duwFo/r40Jk03Q2RlZSEqKgpRUVEab3jS5oYKba9bXnrpJcTHx+Ps2bNCqXlA8z6k6Tq/qV5TEBEREREREVHja9GiBRwdHYUbzU1MTNChQ4cqD3W/8TeEJpcBDADvv/8+IiIicODAAaSnp8PMzAy9e/fGmjVrhADG3LlzsXPnTmG8z379+mHcuHE1tv2f//wHv/zyC+bMmYMtW7Zg7ty5CAkJga+vL8rKytClSxe4ubnVqr+TJ0/Gli1bMHv2bFhZWWHYsGH45ZdfAJRnanp6emL16tUoKyuDWCzGwoULIRaLa//BPGHWrl2rdvq2bdswZswYhISE4Mcff4SBgQHs7e0xa9YsAOU/aIaGhiI5ORnvvvtuldd7eXnh22+/xaVLl2BtbY2BAweipKQEADBhwgTk5eXhgw8+QFlZGVxcXPDyyy9DJBJhyJAhWLlyJTw9PTFq1Ch8/fXXWLx4McRiMXr37o3IyEi1/R04cCAuXLgAX19ftGjRAhMnTsSLL76IrVu3YsmSJSqlNPXB1dVVCEZYWVkJ5RT37NkDoDxAAwCTJk3Sus2//voLeXl56N27d5V5gwYNwubNm4XgpLW1NT7++GPk5eVh0KBB6N+/P0QiEUaPHo1FixZBLBZjwIABmDp1Kr799lt06tRJ47qff/55vPnmm/jiiy9QUlICIyMjjB8/HqampjVmNPv6+iI4OBizZ8+GiYkJvL298cwzz6hkH3l4eCAgIAAffPABLCwsMH36dKSkpODTTz/Fhg0btP6MdKliZYOKRowYoRJst7Ozg5+fH1JTU1UyU2sq9R0ZGYlBgwZVmW5tbQ2JRKLyY7a2+vXrhx07dkAqlcLc3Bxz5szRuPybb76JvXv34scff0SnTp0wa9YsrFu3Dt999x26detW6/U3FmUQWFeZwMOHD4elpSWOHTuGgwcPQiQSwcHBAR9++KEwPvNrr72GvLw8fPLJJ1AoFOjYsWONn29NlOep999/H+3bt4erq6twnurduzeef/55LFq0CNbW1kIAU92dau3atdO4b1d3DK44frSm86I+hkdQR3ncrE5cXBycnZ3h4OBQJaO5uvHZNRGLxVi+fDlCQ0Ph6+uLkpISYbsrM601nTc1nRfruu+JxWIsWLAAu3fvxq5du2BgYIA333wTPXr0gEKhgKOjI/z9/QGU37g1adKkGo/vT6u6XrPWZNy4cSgoKMCCBQtQVlYGS0tLocy/pu9LY+rZs2e1pdJNTU2FoLS6G22U07XZp7S5bvHy8kK7du3QtWtX5OXlQSKRCMto2oc0Xec3xWsKIiIiIiIiItIfZRA4ISEBNjY2jVotrzKRopbpAMnJyQgODq7VSmbNmqU2uEH1p65UtjqpqakIDg4Wxp6sHLAICwtDXFwcgPLxMCsGC2t6LdWfttuxOnK5HFKpVON4wJW3a31lZmZi7ty52L9/f5XSiU8zbbflokWLhL+tra2xYMGCKsvIZDKsX79eeC6RSISSqzKZDLGxscL4tY1p27ZtaNOmDSZPntyo662N+u5TlVUOuldkZmaGBQsW6LxSgq6VlZUJ++qFCxcQERGBNWvW6LlXjU+b78bu3burzSZ1cHDAkCFDhO29bt06lQDwggULmlw56ydNXY6jSl988QWA8htfKt5AAwDu7u7CDTOaXks1q80xVt22AFS3hzbL6EpAQAC6dOlSpRR/U6TrcxkRERERERERqbp8+TKcnJy0WrZipUMLCwuNFQ0LCgqQn58PGxubevVPeYO6skqfNvr27QugCZaApoYRGhoq/JhdWFgoZIcC5YFCZfBX+bxi9pOm11LToCzrXZGzs7PKj5uxsbEIDg6u17jA6uijpGRzI5PJcOjQIZVtk5qaitDQ0GpfY21tjREjRugt0PS0bfeaykEfP35cD73S3tGjR7FixQoUFxejpKQEv/32W50yVZ8Wb7/9Nnx8fNQ+RowYIQR/z58/XyVrOSoqSufHWaIn2YgRI1SybbUlkUh0HvxNSkrCX3/9VetqP0REREREREREtdGiRYt6B3/rq0mWgCbdq/wDdUFBgfC3ujEOK/54rem11LS5urpCKpUKAf7k5GRERkbCw8NDzz2jymJjY2FnZyeU342MjIRUKtVzr6giTeWgqxsrtql45ZVXcPfuXfj6+sLAwAA9e/bExIkT9d2tJ5JMJkNUVBQSEhLUZgnHxsYiISEBjo6OcHd3ZzYwEQBvb2+EhoaqDMmQmJgIkUgk/F2RRCKBt7e3TvuwatUqpKSk4P3330eLFi102jYRERERERERUVNT6wBw+/bthbE/a/Ma0q/BgwcjOjpaeO7s7Kzy9/nz54WAhqmpKRwdHbV6LTV9np6eACAEgXUVqLKxscEPP/ygk7aeRmPGjKkSPKq4b40YMaJKqfWmciyt73i0T7LqgsBDhgzRY69qZmZmhnnz5um7G0+8ikMiaFJYWChU05g6darKOZV0p/Jx1MzMTPhbXYZ7xWmaXku6Z25uDh8fH0RGRgrXnFKptMqNTqampnB1ddV55i8ALF68WOdtEhEREREREdHTo0OHDsLfYrFYjz3RTq0DwObm5g3yoww1LA8PD5ibmwtjiVXchtbW1vDx8cGFCxcAlAcyKmYsVX5tUw90UFVjx46FmZkZZDKZEBAm/VJm+lbH3t6eY203Ufb29li4cCEiIyMhk8ng7OzMAN9T4sKFCzUGfyuLiIjg96OBaDqO1nQMrekYTA1jxIgRGDJkCBITE5GamioEgNu3bw97e3v07NmzyY+nTkRERERERERPp44dO+q7C7XCEtBPEU2Be3t7e42BQQb9n2zm5uYs+0ykQ9ynnk51GdtX3bjRRE8zc3NzODs7s6IMEREREREREVEDYgCYiIiISAtvv/22vrtAREREREREREREVCMDfXeAiIiIiIiIiIiIiIiIiIh0gwFgIiIiIiIiIiIiIiIiIqJmggFgIiIiIiIiIiIiIiIiIqJmggFgIiIiIiIiIiIiIiIiIqJmggFgIiIiIiIiIiIiIiIiIqJmggFgIiIiIiIiIiIiIiIiIqJmggFgIiIiIiIiIiIiIiIiIqJmggFgIiIiIiIiIiIiIiIiIqJmQnTw4EGFvjtBRERERERERERERERERETlXn75ZQBAfHy81q/p27cvAMDIwsKiQTpFREREREREREREREREREQ1MzIygpmZGSwtLWFtbV2/tlq3bq2jbhERERERERERERERERERUW0ZGhrCxMQEYrEYpqam9WrLyMbGRkfdIiIiIiIiIiIiIiIiIiKi2jIwMIChoSFMTU1hZmaGsrKyOrfFDGAiIiIiIiIiIiIiIiIiIj0SiUQQiUQwNDSEkZER5HJ5ndsyatGihQ67RkREREREREREREREREREtaUMAotEonq1Y2RkZKSjLhERERERERERERERERERkT4Z6LsDRERERERERERERERERESkGwwAExERERERERERERERERE1EwwAExERERERERERERERERE1EwwAExERERERERERERERERE1EwwAExERERERERERERERERE1EwwAExERERERERERERERERE1EwwAExERERERERERERERERE1EwwAExERERERERERERERERE1EwwAExERERERERERERERERE1EwwAExERERERERERERERERE1EwwAExERERERERERERERERE1EwwAExERERERERERERERERE1E0b67gARUXMx+4tDCPkpptr5fl5D8dUH44C7cVBsnVB9Qy1tIFr8ByASNUAviYiIiIiIiIiIiIioOWMAmIiosXX6D9DSBsjLVD8/LxNIvgR0GdS4/SIiIiIiIiIioqdSWVkZCgoKIJfLUVhYiKKiIgCAiYkJzM3NYW5uDjMzMxgZMaRARPQk4NGaiKixiUSA40ggZl+1iyiuHoOIAWAiIiIiIiIiImogCoUCubm5yMrKEgK+lecXFhaisLAQMpkMIpEIJiYmsLKygoWFBUSsXkdE1GRxDGAiIj0Q9RmneYGEU4BC0TidISIiIiIiIiKip0pBQQGSk5ORnp6OwsJCKBQKlJSUID8/H6mpqXj48CHkcjnKysqE1ygUChQVFSE9PR23b9+GXC7X4zsgIiJNmAFMRKQPDgNZBpqIiIiIiIiIiBqVQqFAZmYmcnJyoPj/yQc5OTk4f/48rly5glu3bqGgoAB2dnYoKipCjx49MHr0aPTs2VMl41ehUCAlJQWWlpawsbFhNjARURPDDGAiIn1QloHWQHH1WCN1hoiIiIiIiIiImjuFQoF79+4hOzsbCoUCZWVlePToERYuXIgvvvgCJ06cQEZGBgwMDNC+fXvIZDIcPXoUs2fPxp49e1SygZWys7Nx9+5dIZhMRERNAzOAiYj0RNRnHBQaxgFGwilgwpryYDEREREREREREVEdKYO/Fcf6vX37NtauXYu//voLJiYmkEgkeP7559GlSxdYWlrimWeegVQqxd9//43du3fj4cOH+O9//wszMzOhTQAoKirCv//+i2eeeYaZwERETQQDwERE+sIy0ERERERERERE1AgyMzNVgr/Z2dkICAjAtWvXYGhoiF69emHQoEFo164dzM3NYWpqCgsLC7Ru3Rrt27fHrVu3EBERgTZt2sDb21toRxnwffz4MTIzM1kOmoioiWAJaCJ6avWZuFjjIzmlmsCsrrAMNBE9AbaERcNw0EJ4fPRdtcuci78Dw0EL0WncamHaV/vOwvHNr1BWVnMZsO9/joXhoIUIP5+okz43tKO/J8Bw0EL8TyoDULv3qo1/02To6LEaJy7d0kl7RERERET0dCsoKEB2drbwXKFQ4ObNm0hMTISBgQH69euHQYMGwdLSEsbGxhCLxWjZsiUsLCxgZWWFVq1awc7ODgMGDEBMTAxksvL/C1UM9IpEImRnZ6OwsLDR3x8REVXFDGAiemol3UnVOL+ouLjB+8Ay0ET0pPj10k1IH+SgfVuLKvN2Hb9SZVpPSTuMGvAcDAxqPn7t/TUOALDnlzh4uPasf2cbWW3eqzasWppjlMtz6NTOUiftERERERFR40hPT0dYWBiuXLmCR48ewcbGBq6urpg0aRJatWqllz4pFApIpdIq03788Ufk5OSgVatW6Nq1K0xNTWFkZARjYzMPPMsAACAASURBVGOYmZnB3NwchoaGKC0tRVFREfLz82FgYICsrCykpqbC2tpa7fru37+PLl26MAuYiEjPmAFMRKRPyjLQ1cnLBO792Xj9ISJSw8zUCGYmRgj9/4HaivLljxF2+hpsrVuqTH91UHd8PX9cjW2nZubg9JXbGDPkeRw7l4jsvPrfLV5aWlbvNmpD2/eqLcuWZvh28RvoKWmnszaJiIiIiKhhnT17FnPnzoWtrS3Wrl2LsLAwLFu2DAqFAtOnT0dion4qHuXl5aGsrAwikUh4lJaWIiYmBmVlZWjZsiWMjIxw8+ZN/Pzzzzh16hTi4uLw8OFDFBYWIjc3F3/99RdOnz6Nq1evwsDAANevXxfaqkyhUCA3N1cP75SIiCpiAJiISJ+0KQMdzzLQRKRfIojg6d5bbaZv2OlrKHpcggkvOalMX7T1F9i8vLzGtvee+BPmpkbYtuB1lJYpEHb6msr87YcvwWL4Enz/cyyc3vwKLYZ9hv7vBuBy4j2VZQwHLcTG/edg+8pyeH66B0B5IHhFSCQ6jVsN8Uuf4eV5O/H3vQfC695cvBcjfYPxzeGLcHh9LSyGL8Ho+SG4n5mt0ocfIq/iuUnrYP7ipxg6exuu/aN693zF93r+6v9gOGih2sdft9MAALkFRfDb+BM6eqxGi2Gfoe/Ur3Hkt7+E9lIysmH4/9i787CoyrcP4N9Z2IZ9kR1FFsUUcS/NLdFMU3HJ3E1tMdfetHLLzAwTNdvUXPrlXlnmnmaKVpqaoLK4gIoKCigoy8ywz8x5/5gYGWeAAUGJvp/rmivmnOfc5znnUFd6n/t+Os7CD4djddvu5eRh7Ic/wKnXAjj1WoDXF++AMr8IRERERET05F28eBFff/01vv76a7z88stwd3eHhYUFfHx8MGHCBCxZsgTz58/HnTt3HvvcSts1l3Xr1i0UFhZCKpXC1tYWmZnaZdBCQkLg7OyMgoIC3Lt3D3K5HHl5eRAEAU2bNkWTJk2g0Whw9epVXSxjSeCsrKzauyAiIjIJW0ATET1hlbaBjt0P9F/ANtBE9MQUFqswoX8HbPrlLE5fSMEzLRrq9m3cH43+XZ6CvbVltWJv+/Uc+nQMgrerPZ5r44+tB8/htQEd9MbkFRRj68Fz+N/7Q1Gi0uCdL/ej79v/w41dc2Ars9CN+9/eM/hkcl80baTtrDB56S5899t5LJ7cBw3dHPDxt5F4fvp6XPz+HcgszQAAf8XdRI6iAIsn9cG9nDzMW/MrZn6xHz98PAoA8PfFFIz64Hv06hCIj998ASl3crDo2yPlXk+wvzsiV72h+16i0mDshz/AxcEaAd4uAICR879D3LV0REztC68Gdtj75yUMe38bojZMR0igh0HMomIVekxZi8JiFdbMHoK8gmLMXnUA8rxCbA8fXa37TkRERERUnwydswU7y7xUWVbs1rfRwt8dDXovhK+HI07/byokkgd1UYPe24TezzTFm4Ofqfb5v/zyS8yZMwcuLi5G9/v7++PVV1/F+vXrMX/+/Gqfp6rUajWKi4sNtmdnZ+sqgb28vODt7Q1nZ2eYm5tDJBIhJycHGo0GGo0GmZmZKCwshJ+fH9LT0+Hh4YG8vDxd4lcQBIhEIr1/lpSUQKVSQSqtOP2wY+cuvDd7XoVjBg8Kw/KIT6p/E4iI/qOYACYietJK20ArM43vL20D3bBN9c+RdhkoKNN+x8oW8GxWtRhZt4Hsh9ZN9gwCrAzXAzWQ9DeAhxLYjp6Ak3flxz4896qqzrU+JDYhCXJFPgAguGljONjZVHKEVnLqXaSkZZS7P1ehhL2tjckx/zwTV+4aOsmpd9HIyw0NPV3RyKvytrE5ciXiE29UOu5hXdoHlxunuvemvOMqut6yqnLe8sQmJOGXo6fx55kH1af2tjYIaeaHUWE9Tbqn9ZkgCHi6uQ8CfVywYV+ULgGcdPs+jsfcwN7l4xEZdbWSKIbirqUjPukO5ozrAQAY/FwLTF66CzfTs+Hrob+e1LaPRujaTO/4ZAz8By/Bt/ui8Nawzroxu5e+gkAf7V+4JCZn4pu9Z7Dy3YGYNLgjAKBVE0/4D47AjqNxGNu3LQDAVmaBg5+/ChcHawDA9dT7+O63B633Izb/jkbuDtj36XhI//lLIluZBaYs22X0muxtLNG9jb/u+7yvf0W2ogC/fvEaLC20/+v9f8O7oKG7g26u3dv4Y+Mv0fj1dKLRBPCmA2dx6UYGYre+jeZ+2t9FM6kYryzcjuQ72WjkbnztLSIiIiKi/5IZI7pg2fR+FY7Jkufj8+0nMHNk1xo7b2ZmJuRyOVq2bFnhuOeffx7r16+HWq2GRCKpsfNXpLBQu8RO6Z+tRSIRNBoNHB0dIZFIUFJSAplMBolEgtOnT6OgoADW1tZwd3eHtbU1PDw8oFQqUVRUhCNHjkCtVqNhw4a4f/8+1Gq1XtzS5G+p/Px82NlV/HdGLw0eBADlJoGZ/CUiqj4mgImInrTSNtAVVAELMXsheoQEsLA7HLge9WCDpS1EM3abloAtjfHDbP0YAESTNgP+T1d8YNLfEL4ea7jdMwiiGXsqP+/Dc68qv/YQTd5a/eMBvPDKLMiV2gTw3MkjMW+KaRV3W3cfxuLVFVR3l9HQ0xVrw2ega4fy/8DYZ/xsk2LZ21pj6tiBmDw6rNzEaFzCdZPjlZV38UC5cVoG+eHUzytNilP23hzcsMTodVdlfi2D/DB6YE+MCutZpWTwvshTeG/J2nIT9fuPnkL4qm3o0j4YcyePqvD51HeFxSqM798en2w8is9nDICVhRk2/hINDxc7vPBMExw4ebnKMbcePAcLcyle7BQEABjcPRhTl+/GtkPnMe+fpHApmYWZ7mdvV3sEB7gj7qp+K2YPZ1vdz5HR1wAAA7o8hcIiFQDAzdEWjT0dEX35ti4B3NDNQZf8BQDPBnbIzM7TfT+bcBtDngvWJX8BwL3MeSpyIvYmIrb8jiVT+ugldru0aozVP5/C9sMxuJmejcJiFeR5hciRFxiNExl1Fc18XeHv5ay7lk7BvgCA6Mu3mQAmIiIiIjJRxNQX8cYnOzDkuWCDl06rKy0tDb6+vpWOk0qlcHR0RHZ2drmVwjWtoMDwzxgikQg+Pj5wcHBARkYGzM3NYWNjA29vb2RkZMDFxQXBwcEoKSmBRqNBo0aN0KhRI1haWqKgoABeXl4oKSlBSkoKrKysYG1tDWtra4MXuIuKTFuyprwkMJO/RESPhmsAExHVAaLmvSseELsfKPMW5SMrVEDYW4X/iY7aWe0krPDnJuM70hL+qQyu27bsOqxL/gLAqi17kCNX1vh5UtIy0Gf8bLwwbtYjx89V5CF81TZ0HDIVsQlJNTTDysUlXMfEeSse2/kePvd7S9bhqefHY1/kqUrH58iVmDhvBYZPX6SX/O3cLljvU+p4VDz6jJ+Nxau31cr8/w2KS9R4pW9b5BeV4Odj8dBoBGw+cBav9G0LiUSMEpW6SvE0GgHfH45B9zZ+AABlfhGsLKTo2KIRth48V+nxTnYy3M0qvztAZrb236OGAxbDuvs83ed6ahay5PnlHvewu1lKuJmY8C1LnleIsQt/QLfWfgbVBdOW78aSzUfx5pCOOLLyDZzf8n9wtpeVGysjW4lLN+7qXUfgSxEAgKxyksZERERERGSoma8rJg3uWG5Hn+qwsbGBUmnan+Pz8vJgYWFR+cAaUpqELa3M1Wg0up9DQ0Ph7+8PCwsLiEQitG7dGsOGDcMLL7wAe3t7CIIAtVoNsVgMCwsLdOvWDaGhoXBxcYFSqcSyZcvw3XffISYmBpmZmSgqKoJGo9Gd21jr6fK8NHgQli4J131n8peI6NGxApiIqBLzVu7B9dR75e6fMqw7OrfyL3e/SQI61X4b6IddOKJNwFZWwVsgh7BncfXOkXUbuBhZ7m7hz00QVXb+Jyx8lTbh5+PhilvpGchV5GFf5CmMGdSrSnHKq3KNTUhC3OXrCF+1DbfSM3A8Kh7hq7Zh2ZyJ5cbq3C4YhzZFGGzPkStxPCoeKzfvxonoeG1SedxsXPptQ4VVsVWpaq7M1t1H0LldcJXvT0XKu15A2yY6LuE6tu4+jPjEG8hV5GH49EWYPDqswns4bNoinIiOBwDY2cgwb8pojB5oWD2cnHpXr1o5fNU2ZOcqK4xdXwmCAHdnW/Tp2BQb90fD1dEGtzNyMa5fu3/2Vy3e0bPXkJYpR1qmHPahHxjsj7p0C+2f8in3+PR7CrR/qvwuBtZW5pBIxDi2eiIkYv13HstW/FbG3dkWuYqqJ1mnLd+DHEUBNn79st6b8EXFKmz4JRpfzQzDK/9UIQMwmGNZNlYWaN3UEyvfGWSwz8/LqcpzIyIiIiKqjz7ffgIrd5zU29Y2yBsn1k3WfRcEAe9PCEXLUSvw/W8xGPF8q0c+r6+vL9LT05GXlwdr6/L/rHHr1i1YWFjA1rbqL5hWV1FRkW5NXo1Gg8LCQiiVSuTk5MDKygr+/v5Qq9VQqVSQSCSwsrKCubk5cnJyoFKpoFarIZVKIRKJYGlpCUEQoFKp4Ovri59++gnXrl1DcnIy2rRpAz8/P/j4+MDNzQ1SqVTXftpULw0epKsGJiKiR8cEMBFRJQ6fvozzibfK3d+vS/CjJ4Al5rXeBtpozB/maFtBV7COr/DnJqCwemvwCsfLqf4tdTFSmySuQivqqhJ1HVftY/dFnsKtdG116LI5E3WJ1cWrt9VYgjMkyB8hQf7oH9oRL4ybhfjEG1i9dQ+6dmiJ/qEdqxTLwc4G/UM7on9oR4Sv2orFq79DriIPb8xbgR+/Mkyw1ZY33/8MLZv5ISToEf+9MEHXDi3RtUNLTB07EPsiT+GNuZ9CrszH6q170DLIz+hzeveTtbrkb3DTxtj+1QflrvHbyMsN86aMRr/QjrpW4BXF/i+Y0L89Bs/ajKISFbq0aqxbx7aqth48BxuZBfYtHw+x+EGCtLhEhX4zN2Drr+f0EsC5eYWwkWnflE9MzsSlG3fx+sDyXyDp0qox1GoNcpWF6PtPi2ngn4peJ9PbhLdv5o3DZ65i8eQ+um3yvIr/IuOnyDhs/fUctn00Ej5uDnr7FPlFUKs1eknha7fvI7uCJHPnVo2xeONR+Ho46rWfvpul1K2LTERERET0X/d/wzpXugYwAFhZmOHrWYMxesH36P1Mk0c+r0QiwcCBA/HNN9/grbfeMjpGEAR8+eWXGDvWyBJZtUitVkMulyM9PR1XrlxBWloazp07h9TUVHTt2hVPPfUULl26BBsbG+Tk5MDS0hJ2dnYQBAFxcXFwdHREVlYWQkJC4OjoqEse29vbIz8/HxqNBpcuXUJGRgbs7e3RuHFjdOzYEYGBgXB2dn6s10pERPrYApqIqI547G2gASA7tfwWzYA2OXvYtDVdDRTIgajKWyoJv31V4X7R5K0QLU8s/7MoCvAMMn7ssE+AFj2rNX0AWLl5NwBt9W//0I6YOnYgAG275i27Dlc7rjEOdjZYu3iG7vufZ+IeKd68KaPh4+EKAPjl6OlHimWq4KaNdT/3GTe7VlplV6R/aEf8WqZSeFbEOoM5JKfexeqt2rWn7Wxk+HVjRLnJ37JCgvwNYv9XvfhsM7g52eBkXDLG929frRj5hSXY9cdFjOgVgq6tG6NziK/u06NdAAZ1a44fDsdCpX7QPmzQe5ux78Ql7Dgaj4HvbYKTnQzj/6k+Nubp5g0R1rU5xnz4A77YfgK/n0vCF9tPIPClCPx6KtHkuc4a+xzOX0nDWyv2IO5aOvYev4Q5qw+WOz4tU443I3ai/VM+8Ha1x4nYm7rPnfsKuDhYo22QNz5c/xvW7jqNL7afQPdJa1CiUkNZYHyNrIkDn4azvQw9p67D97/F4NjZJPzfir1oMnSp3nrFRERERERkmp7tA/F8hyZ498tfYCaVPHK8ESNGICUlBatWrUJJSYnevry8PCxYsAAnTpzAnTt3HvlcVZGXl4dr167hzJkziI6ORmRkJK5fv447d+4gKSkJEokEYrFYl9iVy+VQKpUwNzdHs2bN4O3tDTc3NxQUFCArKwtyuRwKhQJpaWkAHiSYMzIykJaWhri4OBw+fBgXL16sUgtoIiKqeUwAExHVFaVtoMtT2ga6ph1eqU30GiH8MLv6caN2GlYOdxkLWD5UrXYhUpssriZhT7h2PeGHtRsItB9c7bh/nonTVYnOmzIKgDbBWJpU3bbnSLVjlyckyB92Ntp1QOMSrj9yvK4dHqxhm5x695HjVaZ/aEeMCgsFoF2HuM/4R/j9qaaQIH/MnTxSN4etu/WfU2lSHwCWzp5YYWtsY7Enjw7Txa7plwD+LaQSMcb2bQsbmQWG9jBsa26K3X9cgDK/CK8O6GB0/6sDOuBeTh4Onnrw7/a4fu0w4/N9GL3ge1hbmeGXzybAVlbx2lnfLxqJ1wZ0wLKtf+CFt/6H9bv/xudvD8ALHZuaPNd2zbyx7aMR+OWvBDz7+ios3fI73h7RpdzxZy7dQo6iAFGXbqHbm1/rfXb/cREAsD18FFo18cQ7X+7H5z8cx/vjQzE0tCXyC0uMxnSwtcKfayYh2N8dk5fuQv+ZGxBzNQ0HP3sVDRxNb2dNREREREQPfPpWf+w9fgmxV9MeOZZEIkFERASkUimGDRuGjz/+GKtWrcKCBQswatQoBAQEwMvLC6tWrcLGjRtrYPamsbKygoWFBby9vWFubg57e3uo1WoAwPnz53H27Fncvn0bKpVKlwCWy+W4desW4uPjERsbizt37iAuLg53795Fbm4u7t69iz179qC4uFi3pnBRUREKCwtRWFiIpKQkXLhwAVIpm48SET1J/K8wEVFdYUob6Iu/1XgbaAAQts+BaNIW/Y0XjgDXo6of00j7Z1GXVyAUyIHoB0k4FCq0awH3nlb1c+wJ149Vyq89RMONrxlrqq27tck9OxuZXivmeVNG4c33P8PxqHj8eSbO6Lq+j6KRlxviE2/USMK2bGVrcupdkypdH9W6xTMRl3Ad8Yk3EJdwHRPnrcDa8BmVH1iDpowZqFuzd9WW3brKbUD/uVanhfPUsQN1FcT7jlZ9Leh/o6lDO2Hq0E5625ZM6YslU/rqbVs/9yW9759M6YNPpvSBMSN7t8bI3q3LPWePdgFQn9L+O7xmp7aCfWyfNpg8xHhb9DcHP4M3Bz9jsN3CXIqIqX0RMbWvkaOA7z8eZbDtnVHd8M6obnrbhvUMwbCeIQbjSpW91oHdmuvmXp7Gnk448NmrBtdQSq3RVj5LJQ/e1fR2tTc6XyIiIiIi0lrx/XF8vv2EwfZP3+qP6S8/a7C9gaM1lk57Ea+F/1Qj55dKpZg4cSLGjBmD+Ph45ObmokOHDpg7dy4sLCzw/PPPY/LkyVi7di3UajVeffXVyoM+IltbW8THxyMhIQGpqalISkpCXl4e1Go1CgsLsXfvXjg5OcHX1xcajQZKpRISiQQZGRmws7ODp6cnlEolbty4gby8PGg0GuTn56OwsBBisViXAC6tJJbJZBAEAdnZ2UwAExE9YfyvMBFRHSJq3htCBQlgxB8EXpgFlFk7skYkndEmfEvbJRfIIexZXP14UTuB7IfeoG0eCjh5Q9R1HISHk7bRu4CqJoCjdgLHNxtu9wiCaPzqqsV6SHLqXWzbEwlAm/ArWyXaP7Qj3luyFnJlPlZu2V3jCeD4xBsAgJbN/B45VmyZKuKKkr8paRk4HhVfabwu7YMrHQMAv26MQLNe4yBX5mPr7iPo3C74sSZKHexs0LldME5ExyMlLUO3PTn1LuTKfACo8vrKpRp5uSG4aWPEJ97ACRPuGVFVnYi9id1/XACAaq+vTERERET0X/PTJ2MqHZN5aIHBtvH92lW4tEx1yGQyPP300wbb3d3dsXr1akyaNAnffPMNbGxsMGzYsBo998Ps7OwQHR2Na9euIT8/H0qlUtei2sLCAhqNBgqFApmZmbCyskJ+fj6srKzg7OyM7OxsxMTEQCqVwsPDA+bm5sjNzUVmZiZUKhWkUik0Go0umaxSqSCTyWBra4uSkhK4udX+S+hERFQ+JoCJiOqS0jbQykzj++/f1LaBro0q4D2LIfLvAFjZadcFzk7VH2BpAxSatqarELXTYJuotB2zZzPAIwhIL9O2OTtVm9A1tWVz2mUI2+cYbre0gWjEEsDKzrQ45QhftVX38+iB+olLBzsbjB7YC6u37sEvR0/XaGVt2fOGBD1aAjg2IUmXoPTxcK1wjlt3HzFolWxM3sUDJp3bwc4Gv26KQKch2qT+m+9/hpbN/BAS5G/S8TWha4dgXQvv0krtslXVj/LM7G21LwTkKrj2KtW8iM3HcCL2JmaO7IqQQI8nPR0iIiIiIqpB7u7uWLVqFWbOnIm7d2t/qSZra2sEBAQgISEBxcXFEIvFkEgkKC4u1rVwBoC0tDSYm5tDo9FAJpOhQYMG6NKlCwRBQEFBAfLz85GRkYFbt27h6tWrkEqluliCIEAQBFhaWqKoqAhWVlZo1qwZ7Owe7e9miIjo0XANYCKiuqS0DXQFhIu/1cy5ek3V/56dqk38Zt3WrgtcVvNQbeLWFGmXDVtHO3o+qC4GIOr6isFhxlpGG5V1G8Jq42/2iiZvNX2e5ciRK7H/qLbl7KiwUKOJwrIthcsmbR/Fll2HdW2L7WxkmDJmYCVHlO/PM3F4c95nugRl6RrGj1NIkD/WfPy27nufcbORIzftBQKist4c/AzUpyJgU8l6v/XFvk/HI/vIQiyd9uKTngoREREREdUCT09PfP/995g+fXqtn0skEqFv374wNzeHg4MDLC0tAQBqtRoikQgSiQQikQgajQaZmZlITk5GUlISUlJScO/ePWRnZyM3Nxf379/HlStXEBkZiYKCAoge6kwnCALEYjHEYjGUSiU6duwIsZipByKiJ4kVwEREj1tqPHA5stzdInNrCBUdX0NtoEVdX4EQ/VCr5sMrIVx8qBLU0gaisLkQfphtUlzhz42GG9s9VNnboiewJ1y/ojgtAUj6G/A3bJOkUyCHsHEKUKgw2CUa9skjJ38B7ZqxpYnTh6t/SzXycsOosFBs2xOJbXsisXT2RL020cZs23NEV5FaVnLqXfx5Jk6vVfH2rz6oMF5K2l0sXr3N6L59kacQV6b186iw0ErbL48KCy33Wh/FmEG9cDwqDtv2RCJXkYc+42fj1M8rKz+wBpRtf93yn2rqlmWqqsvur6rSSmI7G1m1YxARERERERE9Dt27d4efn5+uClij0UAsFsPMzAwqlQoqlQp2dnZwd3dHUVERMjMzkZeXh9TUVIhEIhQVFUGpVOL+/fsoLCyERCKBmZmZrnq4tBJYo9FAIpEgMDAQPXr0eMJXTURETAATET1ut+IgHP6s/P2N2wMW1kBROe1la6oNtJUdRMOXQPh6rP72tAT9713GAU7epsXMug08vL4vAFH7QQbnRoueBmOFPzdBVEECWNgw2XB+ANBlrOntoyuxZZc2Ad65XXCF6/uOHthLt07wqi27MW/K6ArjmtJi2cfDFesWz6h0XeGUtAyErzKeAC5r8ugwLJszsdJxjbzcanwt41LrFs9EXMJ1xCfeQFzCdUyctwJrw2fUyrnKirusTfDa2ch0yXQHOxv4eLjiVnoGTkTFI0eurDRx/7DYhCTcStcm67vU0j0jIiIiIiIiqikSiQQLFizA6NGjYWFhgZKSEqhUKgiCALVaDbFYDJlMBjc3N0ilUigUCt1+ACgoKIBYLNar+lWpVDA3N4dKpdJVEFtbW8PT0xMLFy6EmZnZk7pcIiL6B/swEBHVOSKgxQsVjqixNtD+T2vbO5fH0ROi3tNMDidE7TLc2DzUaAJZ1HWc4diLkdoksrHYP8wybC39T3xR2DyT51iRLbsO65J7owf2rHBs1w4tEdy0MQBg1ZY91WpvbGcjQ+d2wZg8OgxrPn4bCUc2VjsRG9y0MXw8XHXf13z8tknJ38fh140RumrZrbuPYMuuw7V6vn2Rp8o8R/3K5jGDtM81V5GHfZGnqhx71eYHLy3079HxEWZJRERERERE9Hi0adMGI0eOhL29PaysrCCRSCCVSiGTydChQwc4OjrC2dkZHh4ecHNzg7OzM9zc3ODi4gI7OzvY2tpCpVLpxSytJNZoNBAEAffu3UPr1q3RokWLJ3SVRERUFhPARER1kChkQMUD4g8CQoWNok0/V9hcwNJ4FWSVEqsFcsDIOr6i8ipzPZsBHkEGm42uBRy102hlMTyCIBq+xPQ5VqK0qtbHw7XStskAdOv0mpJMPLhhCfIuHtD7pP+9A4c2RWDZnIkmna9U53bBBrFO71yF0ztX6hKti1dvqzNr7jrY2eDXTRG672++/xniEm7Uyrly5Eq8t2St7nvZ9ZoB/YTwrIh1iE1IMjn2vshTuqpvU39HiIiIiIiIiOqCOXPmwNtb+4K+tbU1LCws0KxZM/To0QPOzs5wdnaGq6sr3N3dYWdnBwsLC90awZaWligqKgIAXWWwUObvpaRSKQIDAxEeHm6wPjARET0ZTAATEdVFAZ20baDLU9oGuiY4eWvbPD/Mr722TbOpLhwxXJvX0bPCGKKurxhujNqlTSaXSvobwvY5xgN4NQOObwZ+W1nxxwR/nonTVY2WVolWZsygXrqq2/LW5H2cHOxssG7xTADaNtET51XQavwxCwnyx5qP39Z933+06tW3lUlOvYs+42fr1lMeFRaKRl5uemMaebkhYtYbALSJ++HTFpmUBN4XeQoT563QfV+3uPbbWBMRERERERHVFIlEgv3798PX1xdisRhisRi3b9+Gi4sLPDw8YGtrC0tLS9jZ2cHe3h7W1taQyWSwtLSEubk5SkpK9JK/pZW/Go0GjRo1wrFjxyCRSJ7wVRIRUSkmgImI6iKJ+eNrAw1o2zw/VI1b1cpa4bevDDe2q2Rd3hY9DauPCxXa8tbYmwAAIABJREFUit/SuBsml3989C4Iv31V6ccUpdW/djYyXWWvKUqTxSlpGbXe2tgU/UM7YvLoMADaJGt12hzXljGDeunmVpOSU+9i8ept6DhkKuIStGv/BjdtrEuGP2zq2IEYFaZtfZ6SloFOQ6bhvSXrkJx612BsbEISJs5bgeHTFyFXoV2XO2LWG7W2ZjIRERERERFRbTEzM8OJEycwcuRIANq1fM+fPw9XV1c4ODjoxllaWsLCwkL3s1gs1q33W5o8FovFMDMzw5gxY3D69Gmu+0tEVMdIn/QEiIjIOFHIAAhnfy5/QPxB4IVZQA211hENnAvhkDZZKmrR0+i6veW6cATITjOM2X7Qgy9plyFE7YLIyevBusBWdtok8EPtnYXjmx+sEVxY+22MYxOScCI6HoA2gepgZ7wltjFTxgzE4tXfAQC27TlSJ9oCz5sySrcO7sR5K9AyaKVBJWxZW3cfwfGoeJNijwrr+UjXuGzORMQlXNfdb1PEJ17HC+NmGd2XnHpXV/H7YI6hWDq74vWP1y2eiUZebrpnt2rLbqzashv2ttZoGeQHAAb3xM5GhqWzq9aum4iIiIiIiKgukUgkWL58OQYPHoyxY8ciKioKnTt3hlQq1bVv1mg0EIlE0Gg0UKvVsLa2hkgkgkQigYWFBaRSKSwtLfHdd9+hW7dubPtMRFQHMQFMRFRXlbaBLsozvr+0DXTDNjVzPv+nIZr8dLUOFf7caLixNMkLAFm3IazQVtUKAHDtb4jGrwYAiLqOg/Dw+r7Zqdoq4PLWD65hqzY/OP+8KaOrdKyDnQ1GhYVi255IHI+Kx59n4p54daiDnQ22r5yPTkOmIVeRh4nzVuDXjRHljk9JyzBIopanS/vgR57f9q/m45nBU3UttyuTq8gzKUHduV0wpo4diP6hHU2KO2/KaHRp3xIrt+zGL0dPl3suOxsZ+od2xLwpoytMpBMRERERERH9G4hEIjz77LO4fPkyfv75ZyiVSlhYWKCwsBBSqTZlUFJSApFIBKlUChsbG9jY2MDMzAyNGzfGO++8g5dffllXJUxERHUPE8BE9J81sEfFiVM7aysAQI8OTdHI07nccT7uTgCANk29kNW9RbnjQgI9tT84N6y4vbNbE+0/JebAsxOAm1Hlj828bloC2KtZ5WOqE8PK7sF6vX7t9Xbpre974Yj+cRcjH/zs2QxoNxDIStUbImSlQmQkbk3LkSuRnJqBzu2C0TLIr1oJvnlTRiM5VZvMPB71IAHc0NMNndtpE6b2dhWs6Wyi0lilFaoVCQnyR8SsN7Av8hQEQbuGbdnEqL2dtS5eVTT01L8/ZeM8vK88pQnq9z5Zp4thTGXzs7ezRkiQH+xtbdA/tGO1nl3XDi3RtUNLJKfexb7IU8hVKPHnmfh/9gWjoadblavCiYiIiIiIiP4NzM3NMWLECAiCgJKSEmRkZCAnJwc3btzArVu30KBBA1hYWKBBgwbo3LkzWrZsiQYNGkAs5sqSRER1nUgoXbmdiIiotqRd1lUAAwAcPSGad+zJzYeIiIiIiIiIiIiIqA6Ty7XFVzExMSYf06pVKwAAX9UhIqLa59kM6DIWcPQEPIIgCpv3pGdERERERERERERERFQvsQKYiIiIiIiIiIiIiIiIiKgOYQUwERERERERERERERERERExAUxEREREREREREREREREVF8wAUxEREREREREREREREREVE8wAUxEREREREREREREREREVE8wAUxEREREREREREREREREVE8wAUxEREREREREREREREREVE8wAUxEREREREREREREREREVE8wAUxEREREREREREREREREVE8wAUxEREREREREREREREREVE8wAUxEREREREREREREREREVE8wAUxEREREREREREREREREVE8wAUxEREREREREREREREREVE8wAUxEREREREREREREREREVE8wAUxEREREREREREREREREVE8wAUxEREREREREREREREREVE8wAUxEREREREREREREREREVE9Ib9xKf9JzICIiIiIiIiIiIiIiIiKifzjbW1f7WGljH49qHZieno60tDQoFAqoVKpqT6AmSKVS2NrawtPTEx4epl9Peno67t69C7lcjuLi4lqcYdWYm5vDzs4Obm5uVb6ejIwM5Obm1qnrqSnm5uawt7eHq6sr70sdUN3nQURERERERERERERERBWTy+XVPlYkCIJQlQNUKhViY2MBAH5+frC1tYVUKq32BGqCSqWCQqHA9evXAQDNmzeHpaVlueMLCwtx8eJFqFQqeHh4wMrKChKJ5HFNt1JqtRoFBQVIT0+HVCpFQEAA7O3tyx1fej1qtRpeXl4wNzevU9dTU9RqNYqLi5GamgqJRML78oSVPo+0tDSIxeJKnwcRERERERERERERERGZpjQBHBMTY/IxrVq1AlCNNYBjY2Ph6OiItm3bwtHR8YknfwFtBXDpnADg4sWLFY6Pi4uDpaUlAgMDYWNjU+eSghKJBDY2NggMDIRKpcKVK1cqHB8fHw+ZTIaAgIA6l8yuSRKJBFZWVggICIBareZ9ecJKn4e/v79Jz4OIiIiIiIiIiIiIiIhqX5USwGlpaQC0lb91VWkSuHSuD0tLS4MgCP+alrWBgYHQaDQVXo9Go4Gbm9tjntmTFRAQwPtSh1T2PIiIiIiIiIiIiIiIiOjxqHICuC4nf0v5+fmVm4i6c+fOvyb5W8rDwwN37twxuu/OnTv/2SSnm5sb70sdUtHzICIiIiIiIiIiIiIiosejSglgpVIJW1vb2ppLjbG1tYVSqTS6T6FQwMrK6jHP6NFYWVlBoVAY3adQKCCTyR7zjOoGmUzG+1KHVPQ8iIiIiIiIiIiIiIiI6PGoUgJYpVLViTV/KyOVSqFSqYzuKykp+detBSuRSFBSUmJ0X0lJyb/imdQGqVTK+1KHVPQ8iIiIiIiIiIiIiIiI6PGoUgKYiIiIiIiIiIiIiIiIiIjqLiaAiYiIiIiIiIiIiIiIiIjqCSaAa8mhQ4fg7Oysa0Xt7OyMQ4cOPeFZ1ayIiAh069btSU/jX+XEiRNwdnYud43qsiIiIhAaGvoYZkVERERERERERERERET1Ra0kgP/66y+IRCKcPHnS6P7du3dDLBYjKSmpNk5fYwoLC+Hs7FzuZ+jQoeUe+/D6s8eOHUOnTp0AACkpKdi5c2etzr08kZGRetfg6emJNm3aYOrUqbh8+XKVYpmZmVVpPeUTJ04gOjq6qlN+LB6+L87OznB1dUXr1q0xd+5cyOXyGjlPq1atcOzYMVhZWVU6dvz48Vi7dm2NnJeIiIiIiIiIiIiIiIj+G6SVD6m6Z599FiEhIVi7dq0u6VnWunXr0Lt3b/j7+1cprkqlMkisPg6fffYZBg4caLC9KnNp06YN1Go1BEHAwYMH8ddff2Hw4ME1OU2TlCZso6Ki4O7ujtzcXCQmJuKLL75Ajx498M033+DFF1+slXOvW7cOnTt3Rrt27Wol/qN4+L4AQHFxMc6fP4+3334bycnJ2LZt2yOfx9bWFm3atNFVhlfE3d0dHh4eUKvVj3xeIiIiIiIiIiIiIiIi+m+otRbQU6ZMwY8//ojs7Gy97SkpKTh06BCmTJkCAPj+++/RvHlzWFlZISAgAHPnzkVRUREAbdWsVCrFzp074ezsjM8//7y2plshW1tbODg4GHysra11Y/bu3YtnnnkGPj4+CAsLQ0pKil4Me3t7/Prrr1i6dCkWLFiAQ4cOoXHjxkhOTn7clwMAkMlksLGxgbe3N3r16oXIyEhMmDAB06dP11W7qtVqLF68GC1atEDDhg3RpUsXbN++vdyYsbGxCAsLg4+PD5o3b47XX38dd+7cAQAMHjwYBw4cwMKFC3UvBdy7dw8TJ06Ev78//P39MWDAAJw7d672L74CpffFxsYGTk5O6N27N8LDw3Ho0CFd2+aK5r1o0SJ06NBBL6ZarUZQUBDWrFmD48ePw97eXhdr+/bt6NSpE7y9vdGkSRNMmjRJd/8/+eQTdO/eXRcnPj4egwYNQkBAAJo3b44JEyYgPT1dt9/V1RU7duzA8OHD0b59ezRv3hxr1qzRm0dFzzMzMxMTJkxAkyZN4O3tjS5dumDfvn01fIeJiIiIiIiIiIiIiIioNtVaAnjUqFGwtLTE5s2b9bavX78eDRs2RN++fXHy5Em8+uqrWLZsGRQKBQ4cOIDdu3djwYIFAAALCwuo1Wrs2LED586dw6RJk2pruhUSBAEajcbgIwgCAG1S+7XXXsOkSZOQlZWF5cuXG23dK5VKsWDBAowcORIvvvgicnJy0Lhx48d9OQAeXJNarUZJSQnkcjnmzJmD3NxcREZGAgC+/PJL7Nu3D4cOHUJubi4+++wzzJw5U7e/LIVCgaFDh6JXr164d+8eLly4AJFIhFdeeQUAcPjwYTRs2BCffPIJLl68CACYNGkSiouLkZiYiPT0dPTv3x+DBw/GvXv3Ht+NeMjDz7q4uFj3rEsrcSua95gxY5CUlIT4+HhdzOPHjyMrKwsjRozQa5l98+ZNTJkyBUuXLoVCoUBMTAzu3LmD5cuXA9BvsZ2dnY2wsDA8/fTTuHnzJuLi4qBSqTBkyBBoNBoA2t+vL7/8El9//TWuXr2KTz/9FPPnz0daWhqAyp/nwoULoVQqkZCQgNzcXMybNw+TJk16os+DiIiIiIiIiIiIiIiIqqbWEsAymQyvvPKKXiJUrVZjw4YNmDRpEsRiMb744gsMGzYMffv2hVQqRZMmTTB79mysX79eOzmxdnoTJkxAo0aN9CpuH6fJkyfD09PT4HPkyBEA2upfZ2dnvP7668jLy0NQUBBGjx5tNFZBQYEuoZidna1L3tUFtra2cHNz01Uvr1u3DnPmzEHDhg2Rm5uLjh07Yvjw4di6davBsTt27ICtrS3effddFBQUQCwWY8mSJYiOjsalS5egUCgAaNsq5+bm4sqVKzh69CiWL18OMzMz5OfnY9q0aXBxccGuXbse63VXJDExEUuXLkWPHj3g4OBQ6bz9/f0REhKiVzm7e/du9O7dGw4ODnqxs7KyIAgCLC0tkZubCxsbGxw+fFiXAC5rx44dEIvFmD9/vq4V+qJFi5CYmIizZ8/qxo0aNQrOzs7IyclBz549odFodGttV/Y879+/DzMzM6jVaigUCgwYMABKpRINGjSojVtLREREREREREREREREtaBWF9SdPHkyvvzySxw/flzXTvbevXuYMGECAG1yLTY2Fhs3bjQ4NicnR/dzYGBgbU6zUuHh4ejfv7/B9tKEXnp6Onx9fVFcXAxAm+j28/N7rHOsCYIgoLCwEDKZDHK5HBkZGRg/fjzGjx+vNy4kJMTg2OvXr+PmzZuQyWQG+1JSUvDUU08ZjAeAJk2aGIy/ffv2o1zGI+nQoQNEIhEA7ZrTgiCgf//++OqrryAIQqXzVqvVGDlyJNavX4+5c+eiuLgY+/btw8qVK3UV46Xat2+PadOmoW/fvmjZsiW6d++OgQMHokWLFgaxb926BX9/f5SUlADQPisvLy8A2vvbvn17AICHh4fBSwVFRUUmPc/w8HAMGTIETz31FLp164aePXsiLCwMVlZWVb6PRERERERERERERERE9GTUWgUwoE2S9ezZU1cFvG7dOgwbNgwuLi7ak4vFmDFjBgRBMPiUrZa0sLCozWlWysnJCe7u7gYfc3NzANqq1oeTe6XJ4H+TpKQk5OTkICgoSJcE3bt3r8GzKVtxWkoikaBNmzZGn6Wx5Hlpa2O5XG4wftmyZbV7oRU4dOgQYmJiEBMTg3nz5sHe3h4rVqyApaWlyfMePHgwrl+/jvj4eERGRkKj0eD55583OJdarcbSpUuRnJyMN954A9evX0doaCi++eYbg7Glz6MslUoF4EGlfHlEIpFJzzMwMBBXr17FTz/9hICAACxduhTdu3fXrUlMREREREREREREREREdV+tJoABYMqUKfj5559x9epVHDp0CFOmTNHtCwwMxPnz5/XG379/H7m5ubU9rSopbw3gUt7e3khJSdFLAickJDyJqT6SJUuWwMfHB127doWdnR1cXV1x+vRpZGVl6T7x8fFG14QNCAjAlStXcOvWLd3YjIwMxMfH66pWy/L39wcA/PHHH3rxz507h/z8/Fq/1vI4OzvDxcUFLi4umDFjBoKCgjBu3Djd8zZl3i4uLujevTsOHDiAvXv34qWXXtJb+7eUSqVCSkoKrK2tMWbMGPz444+YP38+NmzYYDDW398f165d03ux4Nq1a3pzqogpzzMjIwPZ2dlo164dPvroI8TFxSEjIwPHjh2r4l0kIiIiIiIiIiIiIiKiJ6XWE8D9+vWDq6srxo0bhzZt2qBDhw66fdOnT8fvv/+OdevWoaioCLdv38aQIUP0ksR1wf3795GSkmL0AwB9+vRBRkYG1q5dC6VSiZMnT2Lnzp3lxrOyskJycjKys7NRWFj4uC5DT0ZGBtLS0pCcnIxjx45h+PDhOHToEDZt2qSrDJ0+fTrWrl2LkydPQq1W49y5c3j++efxww8/GMQbOnQoLCwsMHfuXOTm5kKhUOCDDz5Av379dAlgmUyGpKQkZGVlITAwEL169cIHH3yA5ORkqFQq/Pjjj+jYsSOuXLnyuG+HTtkEf1FREf73v/8hKioKK1euBACT5q3RaHT387fffsPw4cONnmv79u3o3r07oqOjkZ+fj+TkZJw9exZNmzY1GDt06FCIRCJERESgoKAA9+7dQ3h4OFq1aoXWrVtXel2VPU+NRoOePXvio48+wv379yGXyxEZGYmCggKj7a6JiIiIiIiIiIiIiIiobqr1BLBEIsGbb76JkydPYvLkyXr7nn32WWzZsgVffPEF7O3t0bZtWzRt2hRr1qyp7WlVyezZs9G6dWujH5VKhWbNmmHTpk349ttv0bRpUyxbtgwffvghABitfh0xYgTS09PRrl07xMfHP+7LAQD06NEDwcHBaNeuHaZNmwZXV1dER0ejbdu2ujHTp0/HxIkTMXHiRPj4+OD111/HjBkz8NprrxnEs7S0xMGDB5GSkoIWLVqgZcuWuHnzJg4dOgQzMzMAwMSJE7Ft2zZ06dIFxcXF2LBhA5o2bYrnnnsOjRs3xrp167Br1y4EBQU9tvtQmQYNGuCzzz5DeHg4zp8/D7VabdK8+/Xrh8TERNjZ2em99FDW+PHj8cYbb+C1116Dj48POnXqBCsrK3z11VcGY2UyGfbv349Tp06hSZMm6N69Oxo0aIADBw5ArVabdC0VPU+xWIw9e/bg8uXLaNWqFXx9fTF//nx8++23RtckJiIiIiIiIiIiIiIiorpJJDy8eG0Fjhw5gp49e9bmfGpMeXM9cuQI2rRpY3IcJyenCvdnZWUBAMzNzSGTySAWi6FSqVBYWAgbGxvdficnJygUCpSUlEAqlcLW1hYAoFAodGu5VuTcuXM1cj1mZma6c5fSaDRQqVTIz8/Xa20NaKuVLSwsIBaLodFoUFhYqKtatrKygrm5ua5lt0QigbW1NaRSKQRBgEqlQl5eni6mpaUlZDIZBEFAdnY2RCIRrK2tYWZmBpFIBLVajfz8fKNJ88d1X3JycgzugYWFBaytrZGbmwu1Wm3SvEUiERwdHaHRaJCTk6PbLpVKYWdnp/u9KHt/BUFASUkJ8vLyIAiCwf2VSqWQyWSQSqW6Z1Y6FtD+jimVSr020WV/7x4+38PPUyKR6OKXXldBQUGV1rMu73kQERERERERERERERGR6eRyOQAgJibG5GNatWoFAJDWyozqkdJEXWWKi4sNEmVljy37s0qlQnZ2ds1MsIpKSkpMviYAKCgoQEFBgUn71Gq17pfRmLLJRkDbllipVJo8l9pU0X0pKipCUVGR7rsp8xYEwWg8lUqlt70q91elUlV4f42d7+FtFZ1PrVZDoVCUG5+IiIiIiIiIiIiIiIjqvlpvAU1ERERERERERERERERERI8HE8BERERERERERERERERERPUEE8BERERERERERERERERERPUEE8BERERERERERERERERERPWEtLIBR44c0f3s4eFRq5OpSR4eHnpzrw/q2/XUFN6XuoXPg4iIiIiIiIiIiIiIqHI9e/aslbgiQRCEWolMRERERERERERERERERERVJpfLAQAxMTEmH9OqVSsAbAFNRERERERERERERERERFRvMAFMRERERERERERERERERFRPMAFMRERERERERERERERERFRPMAFMRERERERERERERERERFRPMAFMRERERERERERERERERFRPMAFMRERERERERERERERERFRPMAFMRERERERERERERERERFRPMAFMRERERERERERERERERFRPMAFMRERERERERERERERERFRPMAFMRERERERERERERERERFRPMAFMRERERERERERERERERFRPMAFMRERERERERERERERERFRPPNEEsFKpxKTJU3H//v1qHb/is89x+PCRGp4VPWk/bP8RmzZvqfbxHy0Kx6lTp2twRtW3cdNmHD16rM7FIiIiIiIiIiIiIiIiovpJWtmAU6dOY/OWrUb3+fr6YtZ771T75FZWVnj7/96CnZ1dtWPUVfmFJXj7s/34Zm8ULn7/NoJ8G+j2pdzJwZsRu/DH+Ruwk1nizcEdsOC1nrr9v5+7jv9bsR8JyZnw9XDE4sm9Mbh7cwBAUbEKb3++H9uPxKFEpUH/zkFY/d5A2NtYmhR75U+nsGzrn8jIVqJtkBfWzRmMpxq7mhS7onlVds014ZdfDiD67Fks+GC+wb7k5BQsiViKjxZ+iLFjR8PJ0bFGzllcXIwff9qBv/46iQUfzIe7u5tu3+w585Cbm6s3/sW+fdCv34u671evXkNoaA8AwO+//4HfDh+GQqFEw4Y+GD1qJDw8PAzOeezY7/jxpx34aOECNGjQwGiso0eP4eix3yGXy+Hh4Y7BgwehaZMmAACVSoUff9qBs2fPQq1WIzg4GCNHDIeVlRUAICEhATt37cGdO3dgb2+H0B490L17N915KopdVUVFxdi5cxfOx8SgpKQEAQH+GD7sZTg7OwMAbty4iZ937sStW7dhaWmBli1bYuhLQ2Bubm4QKzc3Fz/99DMuJyRAo9HA398fw15+SXePqhKLiIiIiIiIiIiIiIiovqo0AQwA1tbWmDP7PcODpSYdXi6JRIImTQIfKcaTptFoIBbrF1JnZufhucnr0TmkkdFjhs37Hl6udji/eTpSM+UY/v738HFzwIT+7ZCRrUTYu5vx7uhuGP1CKxw+cw2jF2zH+c3T0LRRAyxYfwRHo6/j188nQGZphjcjdmP6p/uwacHQSmMfPJWI2at+xeYPX0arQA+s+O44BryzCZe3z4CZVFJh7MrmVdk114SOHZ/BLwcO4ubNm/D19dXbd/rvvxEYGIAGDVzQAC41cj6FUokVKz5HQIC/0f35+fmYOmUSPD29dNusrCx1P9+/fx+FhQXw9vLCxYsXsXPXbowf/wp8vL1x+EgkVn+9Bh8u+AASiUR3jFwux29GqtrLxvr7zBns/+UAxo9/BV6envjjz+NYs2Ydwj9eBJnMCvv27Udi4hVMmzYV5ubm+G7b99i+/SeMGzcWGRkZWP31WoQN6I/WrVvh+o0b2LBhEzw8PdC0SZNKY1fVjz/9hFsptzB1yiRYWFhi+48/YuOmLZg54/9QUFCAr1auQo/numPC+HHIycnFho0bsf+XAxg8aKBBrG+/3QhLK0u8+85MiETAjp934n/fbsDsWe9VORYREREREREREREREVF9ZVILaLFYDGdnZ4OPvb09ACAmJhYfhy/GiRN/YeFHi/Dee7OxcdNmCIKAn3fuwhdfrtSLd/LUKcyZ+z4UCoVeC2i5XIGv16zFjJnvYsbMd7Fu/TfIy8vTHRcZeRSz58zDzHfew959+/ViCoKAI5FH8cGChfi/t2ciYulyJF2/bvR6oqPPYtGicPx2+Ag+XPgRZs2egx07foZGo6k0luKfttVnzkRhxsx3ERMTaxA/N68QH7/5PJZPf9FgX3zSHZxNTMU3c4egSUMXPNfWD3Ne6Y5v9kQBALYfiUPThg3w/vjn4OvhiNfD2qP304HY9Ms5CIKAb/dF49O3+qL9U95o7ueGr2YOwA+HY6HIL6o09v/2RmPykGcwuHtz+Hk54fMZ/SHPK8LR6OuVxq5oXpVdszGXLl3Goo8XY/pbb2PhR4tw+vTflR7j5OSEpk2b4tRDY9VqNaKjz+LZTp0A6LeALi4uxpat2zBj5rt4591ZWLtuPeRyuUlzLCwoQFhYf7w0ZLDBPrVajZKSEri5ucHR0UH3sbR8kABOvHIFAQEBEIlEOPHXSXTr1hWtW7WCi4sLhr08FAUFhUhMvKIXd8fPO9G587MG5ysbKz8vH4MGDURwixZwcnJC2ID+KCoqQvqddAiCgL9OnsJLLw2Gb6NG8PTwwLDhLyMqOhqFhYXIyspG52efRWhoDzg5OaFd27bw9/fD9es3AKDC2NUhEokwbPjLaNiwIdzcXPFC7964ceMGBEFAUVERXnyxL/r1exFOTk7w82uMNq1bI/V2KgDgypWrmDR5KvLzCyAIAlqGtMSIEcPh7u4GNzc3dO/WFampaQBQaSwiIiIiIiIiIiIiIqL/ihpZA1gikSAz8x6ysrOx4IP5+OCD9xEbG4cLFy6iTevWuHLlCgoKCnTjY2Ji0bZtG4hEIr04P/74EzQaDRZ99CEWLlwAuVyO/b8cAKBt8btz126Me2UMlnwSDnNzM9y8maw7NioqGr8d+g2vThiP5csi0KF9O3zxxVdGk31isRgZmZkoKS7Ghws+wJzZs3DmTBROnT5daSyzf6qeY2JiMXfOLLRo0dwgfoC3MwZ2e8rovTqXmIZAH2c42D5IFHZ4yhsxV7XJu/MAbmAsAAAgAElEQVSJaWj/lLfeMe2f8sG5xFSk3M3F/dx8vf0hge4QiUS4kHS30tjnElPRrsyxUokYrZt4mhS7onlVds0Py8nNxbr132BA/374/LNP8crYMdj+40+4lpRU6bHPduqI6OizUKlUum0XLlyESqVC69atDMbv3r0XOdk5WLhwAcI//ggymQzfbtho0jwbNGiAViEhRvfl//P7fPhIJD5Y8CE+XLgI+/f/onuJANAmMJsEaivcb6Xcgm+jB9XRYrEYPj4+SLmVotuWeOUKbty4ied7PWjZbSzWc891R5cySeLcXDkEQYCLszOys7ORl5endy5vLy+IRCKkpaUjKKgpXn75Jd0+QRCQk5OLBg1cKo1dHaNHjYS/n5/ue3ZONlxcXCASieDg4IDQHs/p5pGeno6Y2DgEtwwGoE3493mhN8zMpBCJRAjt8Rwc/nnpRKFQ4MRfJxEc3AIAKo1FRERERERERERERET0X2FSAlihUOCt/5th8DlzJko3pqSkBH1e6A0AsLGxgbeXF+7evYvGjX1hb2+PixcvAdBW6l2+nIC2bdoYnGf06JF4dcJ4WFtbw9bGBq1CQnAr5RYAIDY2Fv7+fggKCoKZmRme79ULFhYWumNPnjqFjp06olGjhpBKpejevRusZTLEx18wek1qtRo9e2oTbQ4ODmjZsiUuXrhUaazSpHWHDu3h4uJS5fVF7+XkwdlOprfNyU6GomIVFPnFuJeTb2S/FTJz8nAvR1sNXXa/SCSCo+2D/dWJfc+k2OXPq6pOnTqNgIAAhIS0hFgshq+vL9q3b4e//z5T6bGtWoUAEPSe6+m//0b7dm0NnoUgCDh+4gT6D+gHWxsbWFhYIGzAACQmXjFYu7eqiv6fvfuMjqr6+jj+TQ+kQ0ghAQKI0nuA0IugIB1EpEgH6aIUFRtY6CoEEKX3qFTpTYr03rtSEyCkV0LKPC9iRsaEZFB80Px/n7VYi7n33H32OXfgzZ5zzoMknJycyJMnD3379KF165bs+WUvG37/wQKkn9mbscV5XHwcDg4OJjEcHPISFxsHpH8fg4K+p+Nrr2JjY5Opv0djPSo1NZVFixdTv15dXFxciIuL+z32H31ZWFiQN29e471HbdiwETs7WypXqpRj7L8rKjqa1avX0rJFc5Pr169fZ9DgoXz2+TiqV/Onfr26ALi756dlyxaZ5mPY28MZOeo9DAYDPbp3MyuWiIiIiIiIiIiIiIjI/wqzzwAeNXJ4putOTk7Gvzs6OJgUaqysrXiYnAxApUoVOXX6NFWrVuHsuXO4ODtTtKhfpoLU/bAw1q5dx927dzEYDDx48AB39/SVh5FRUeR/ZBWipaWlyarE8PBw/P2rGj9bWFiQ3z0/YWHhWY7JyckJO7s/Coauri6E3Lljdix396dzzuyj/rQg+k/3srmZw7P/ZOycns1K2P0wzp07R/8Bg0yulypVMsdnra2tqebvz4GDB6lUqSLx8fGcOXOW4e8My9Q2KiqKlJQUJkyYlOleeHjE3ypqurvnZ+KEccbPvr4+xMXG8dO69bRo0Zzw8HASExPx9fXNJgrGyd2+fQfeXt6UKZN5RfnjYj148IDvZs/BxtqGdllsU52TtWvXcfTYMYa9NSTTOdbmxN6//wBLli4DwM7Ojq++nPzYvu7du0fg9JnUq1uHypVNi80+Pj6Mfv9dQu7cYdWqNVjb2GS5CjrDqJEjiIyMZNPmzXw3ew4DB/T/y7FERERERERERERERERyG7MKwJaWlhQoUCD7RtkUAitXqsT0GTNJTU3l5IlTVK6SefVvWloaM2d8Q1X/qrzZrw/W1tbs3LmLg4fSz3tNSUnBysrK5JnUR7bbNRjAgj/lYHh8WoZHngVIMxiwsbE2O5a1tVlTl4mHmyNh0Qkm1+5HxWNvZ41jHls83BwIi47PdN/DzQEPN0cAwqIT8MyX/vfU1DQiYhLwcHMkKvbBX4pd8YWCOcbOLq8nZWFhQTX/qvTo0f2JnwWoWasm48dPJDY2luPHT+Dh4YGfn1+W/QCMHfNxzt/fp8DLy5PY2FjS0tJ+P7O3uDEHJycn4uJNf/AQFxtHoUKFiIiI4OedO3l31Kgs4/45FkBcXBxTpwVSpHAROnXqaCzgZvwoIy4uHmfn9L+npaURHx9vvGcwGFi4aDH37t5j5Ih3TH7IkV3sP6tYsQJ+fulbTT+uDaSvyp05cxatWrc0ntP8KBsbGwoWLEjBggWxwIJly5dnW7T18vLEy8sTHx8fRr37HsHBwfj4+PylWCIiIiIiIiIiIiIiIrnNUzkDOCfFihXF3s6OS5cvc/bcOapmUQCOiIgkKjqaxi82MhZXb926Zbzv6uJCZGSk8XNqaiphYWHGzwUKuHMvNNT42WAwcD8sDPcCWa/UjYuPNzmXOCI8AldX178U60lULeXDlVthRMb80fe+0zeoWtIXCwsLqpTy5fD52ybP7D99A/9Svvh6OOPh5sjh83/My5ELt7GysqRcca8cY1ct5cuRR2InPUzh2MVgs2Jnl9eTKlDAneCQEJNrUVFRJufnZqeQry8+BQty4sRJjh49Rq2aAVm2c3FxwcbGhuDgP/pKS0sjMjLqiXP+s5s3b7JixUqTa3fu3iNfvnxYWlqmn9n7/PPGe0UKFzE5szolJYUbN2/iV6QIJ0+eIi4uns+/GMfwEaMYPiK9EDx+wkR27tyVKVZKSgqB02dSulQpunTpZFJ8dXV1xcnJievXrxuv3bhxA0tLS3x8CgLww48riIyIZNiwoZmKv9nF/rO8efMai61eXl5ZtgkNDWXmN9/SpUvnTMXfU6dOZ1qdbWmVdX9R0dF88OHHJqvwrR5p+ySxREREREREREREREREcjOzKiRpaWmEh4dn+cdgMOT4vIWFBRUrVmDTxs04OjpQuHDhTG0cHR2wsrLiypWrGAwG9u3bT3BICLGxcaSlpVG6dGmuXv2V8xcukJiYyPr1G036rhkQwIEDBwkODiYlJYUdP+8kOTmZCuXLZ5mTtbU1GzZsJDk5meDgYE6dPv37+bJPHuvP4hIecjs0mpCwGADuRcZxOzSauISHlPLzoFb5IvT6fCWXb4ax9dAVJi7eTf92NQB47cVyXAuJYOzcn7l+J5LAH/ez5+Q1erSoioWFBW+2rcbwqRs5cv42Z369y6DJP9GtWWXy2tvkGLtfm+rMWnWIlTvP8ltwBP0nrsGngAv1KhXNMXZ2eeU05j+rXqM69+6FsmvXblJSUrhz5w4TJ03hxImTZs0vQM2aAezdt5/rN25QrXq1LNtYWFhQu1Yt1m/YQHh4OCkpKaxfv4FpgdON352ff97J0WPHsnw+KSmJyMgooqLSzwuOjY0hMjKKpKQknJyc+WXvPtav30BUVBSXLl9m44aN1K1bB/j9zN4Szxlj1albmz17fuHEiZOEhYWxbNlyXF1dKVHiOWrVqslnn45l9PvvGf8A9O//JgEBNTLF2rZ9B6mpKdSvX4/IyCjjn6SkJCwsLKhbpzYrVq7i+o0bBAeHsDzoBwJqVMfW1pZff/uN/fsP0K5dG+LjE4zPxsfH5xj7rwj6/gfKly9HoUKFTOKlpqbi51eEu/fusWr1GsLDw7l+4wYbN26ibNmyQPrW1+vXbyA5ORlXFxccHR1Ytnw5IXfuEBoayvc//Ii7e348PT1zjCUiIiIiIiIiIiIiIvK/wqx9jOPj4/ngw4+zvPf1V1PM6qhy5crs2r2Hl5o0zvK+vb09HTq0J+j7H1ge9D3V/P3p26c3kyd/yZQvv2LE8Hdo3vwVFi5cTHJyMvXr1+O554qT9nshr2rVKoSGhjItcDoPHybj6+PDsGFDcXDIeotiZycn8ufPzwcffkRqahp169ahYoUKOcYypxA2a/UhRk3fZPzccMBsACYMasrwznVYNrYj/cavpmLXabg62vNut/p0bJxeXM7nnJd1k7sxaPJPfLFgJ8V88rFiXGf8vN0AGN2jIZExD3hp6DxS09Jo16AsU4a+Yuwru9gNqhTjq2HNefvrDYRGxhFQrjBrJnU1rqTMLnZOeeU05ke5urjwZr8+rFq9lpWrVuPk5Ej9evWoksXK8MepVs2flatWU7ZsGZwcHR/brlWrlvzww498/sV40tJS8fPzo/+bfY3bKZ8+cwZvLy+qVqmS6dk9e35h1eo1xs9ffjUVgLZtWtO48YsM6P8mq9esYeu27bi4OFO3Xl0av9iIiIgIEhISKFSokPHZF55/ng6vtufHFSuIjY2jWNGiDOjfD0tLS+zs7LCzs8vUv4uzMwkJCZliHT9+nODgEN4f/aFJ+/bt29GoYQOaNWtKQkIi06ZNJy0tjcqVKtK+fbvfnz3Bw4cPGTd+osmz5cuXo/+b/XKM/SQSExO5cOEiAPv27Te59/7771LI15dBAwewes0a9uzZg52dHWXLlKVduzZA+jnNGzZuomHDhtjY2NCvb19WrFzJl19+TWpqKkWL+jGg/5tYW1vj4uKSbSwREREREREREREREZH/FRYGc5bw5jLHj59g5arVfP7Z2Gedijxj165d4/Tps7Rq1eJZpyIiIiIiIiIiIiIiIiICQExM+q67J0+av4NuxYoVATNXAIv5RgZuYsqyX551Gv8qMT9/gkMe22edRpZOnjxF2bJlnnUaIiIiIiIiIiIiIiIiIk+FCsBP2cTBTZk4uOmzTkPM1KZN62edgoiIiIiIiIiIiIiIiMhT8z9ZAK5cuRKVK1d61mmIiIiIiIiIiIiIiIiIiDxVls86AREREREREREREREREREReTpUABYRERERERERERERERERySVUABYRERERERERERERERERySVUABYRERERERERERERERERySVUABYRERERERERERERERERySVUABYRERERERERERERERERySVUABYRERERERERERERERERySVUABYRERERERERERERERERySVUABYRERERERERERERERERySVUABYRERERERERERERERERySVUABYRERERERERERERERERySVyRQE4LS0Ng8HwrNP4x/2vjFNERERERERERERERERE/hrrZ53A33Hv3j0mTJjAiRMncHR0ZN26dc86pX/E/8o4RUREREREREREREREROTvybYAHB4eTqtWrXIM8umnn9KgQYOnlpS5Jk6cyLlz5xg5ciTe3t7/7/3/f/k3jnPEiBEEBwezbNmyZ53KPyY4OJjNmzezZcsWvvnmG/Lnz/+sUxIRERERERERERERERHJVrYFYCcnJyZMmGD8fOfOHb7++mvatGlDjRo1jNdLliz51BL65ptvWLp0Kbt378bKyuqx7dLS0jh+/DitW7emadOmT63/v+vhw4c0bNiQN954g759+/7teP/WceZmhw4dYsGCBZw5cwYrKytSU1OfdUoiIiIiIiIiIiIiIiIiZsm2AGxra0utWrWMn69cuQJA8eLFTa4/CwkJCSQnJ+Pi4vJM8/in/a+M89/k5MmT+Pj40LNnTy5fvsw333zzrFMSERERERERERERERERMctTPQP49OnTfPfdd1y4cIE8efLQqFEjBgwYgJ2dHQCpqaksXLiQzZs3ExYWhpeXFy1atOC1117j+vXrvPHGG8ZY9erVIyAggEmTJmXqZ+7cucyfPx+AOXPmMGfOHIYPH07r1q1JSUlhyZIlbNmyhTt37uDm5katWrXo168fTk5Oxhi//vor3377LadPn8bCwoJy5crRv39/ihYtamwTGhrKjBkzOHz4MKmpqVSuXJkhQ4ZQsGDBLMc/evRodu/eDcCiRYtYtGgRc+bMoWTJkiQlJTF37ly2b99OREQEBQsWpG3btrRv3/6x8/lvHefjmBNnx44dLFmyhJs3b+Ls7Ezt2rXp27evSc7mtDl+/Djz58/n4sWLWFlZUaVKFfr374+vry8AUVFRNG/enIEDB3Lnzh127NhBSkoKlSpVYvjw4bi7uz92HP369TP+PeNHDyIiIiIiIiIiIiIiIiL/BRYGg8FgbuMrV67Qo0cPYxHyUcePH2fYsGH4+/vTsmVLQkJCmDNnDtWrV+fzzz8HYPr06axcuZI+ffpQrFgxjh07xvLly+nZsyddu3YlJCSEoKAg1q1bx+LFi3FwcMDDwyNTHlFRUdy5c4c+ffrw6quv0rp1a/Lly4eTkxPjxo1jx44d9O3blxIlSnD37l1mzpxJ+fLljXncunWLnj17UqhQITp27IiNjQ1Lly4lJCSE+fPn4+npSVRUFN27dydPnjz06NEDSC/CpqamsnjxYvLmzZspr7CwMONzrVu35tVXX8Xb2xsrKyuGDBnCpUuX6N69O35+fhw8eJA1a9bw+uuvM3DgwCzn+986Tsh8BrA5cfbt28eoUaNo1aoVderU4datW8yePZsXXniBwMBAALPaHDx4kJEjR1KlShVatmxJfHw8CxcuJD4+nnnz5uHl5WUsANva2lK/fn3q1avHrVu3mDt3LgEBAXzxxReP+5qbWLZsGTNnzmTt2rU6A1hERERERERERERERET+X8TExADpO9eaq2LFisBTXAE8bdo0ChUqxIQJE4xn91paWjJt2jRu3rxJ4cKF2b9/P1WqVKFTp04A1KhRg9TUVO7fv4+NjQ1FihTB2dkZgMKFC2NlZYXBYCA5OdmkL1dXV2MfLi4uFClSxHjv5Zdfpm3btrzwwgvGa7du3WL58uWkpKRgbW3N/PnzsbKyIjAwEAcHBwCqVq1Kq1at2LRpE927d2fBggVER0fzzTff4O3tDUDRokXp0aMH27Zto2XLlpnycnd3N+bv7OxszGvr1q2cOnWKsWPH0rBhQwBq166NlZUVQUFBtGnTBk9PT5OzZi0tLf8V42zevHmmvKytM39tcorTqlUrDhw4gK2tLSNGjDC+f0dHR7Zs2UJCQgJ58+Y1q83UqVPx8/Nj8uTJxvmpVq0aHTt2ZO7cuYwePdqYV0BAAB999JHx840bN9izZw+QviLdnLGJiIiIiIiIiIiIiIiI/Fc8lWpXaGgoV69epWfPngDGolrVqlUBOHfuHIULF6ZChQps2rSJOXPmULt2bZ5//nmGDBmSbeyrV68aV5RCepF1zZo1j21foUIFtm/fzowZMwgJCSEuLo6HDx+SnJxMYmIiTk5OHD9+HH9/f2NRFMDJyYklS5YYt6vev38/5cqVw8PDwzieYsWK4erqyrlz5yhdurTZeR0+fJi8efPSoEEDk+stWrRg5cqVHDlyhKSkJKZNm2a816RJE5PC5bMap7l55RSnVatWlC9fnjVr1jB27FiaNm1K+fLladq0KU2bNjXGyalNSEgIt27dYsCAAcbiL4CHhwc1atTg8OHDJnmVLFnS5HOBAgWIj4/n4cOHrFmz5onmXEREREREREREREREROTf7qkUgCMiIgCYN28e8+bNy3Q/Y4nyO++8Q5EiRdi0aRMLFizAycmJJk2a0Lt3b5PzXR9VuHBh5syZ80fCOazQDAwMZPXq1fTq1Qt/f3+cnZ1ZtWoVQUFBxjZRUVHky5cv07OPnlUbERFBSEgI9erVy3I8T5JXZGQk7u7uWFhYmFzPOIc2KiqKli1bUr58eeO9jJXEz3qcjRs3NiuvnOJAeoHV3t6eFStWGFf4BgQE0K9fP/z8/MxqExkZCZDl1uDu7u5ERUVlmV9WzB2biIiIiIiIiIiIiIiIyH/FUykAZ5wT26VLF+rXr5/pfkaxztramo4dO9KxY0eioqLYu3cvgYGB3Lx5k6+++irL2HZ2dplWcT7Ow4cPWb16Na1bt6Zr167G646OjibtnJycjIXE7MZUrlw5+vXrl+meo6PjE+Xl4uLC+fPnM10PCwsDwM3NzfjHHP+f4zQ3r5ziZKhbty5169blwYMHnDhxgpkzZzJgwABWrFhh/B5l18bFxQX440cHj7p//77Zcwg80ZyLiIiIiIiIiIiIiIiI/BdYPo0gvr6+uLu7c+nSJUqWLGnyx93dnXz58nHv3j06derEunXrgPRzfJs3b07dunW5ePHiHwlZpqdkMBieOI+0tDRSU1NNVtoaDAbOnTtn0q5SpUocPXqUhIQE47WHDx/SuXNnFi5caGxz9epVfHx8Mo3H19f3sTlk9P1o/v7+/sTGxrJv3z6Ttps2bQLSz6/9r43zz8yJM3jwYCZMmACAvb09AQEBdOrUiZiYGEJCQsxq4+vri7e3N1u3bjWZ44iICA4fPkz16tWfZCpFREREREREREREREREcpWnsgLY0tKSQYMG8cknn/D+++/TrFkz7Ozs2L59Ozt27CAoKAhPT0/c3d2ZMWMGDx8+pFixYty4cYM9e/ZQo0YNYyxvb28AgoKCKFu2LBUrVjQ7D3t7e/z9/Vm7di1ubm54eHiwefNmjh49CkBCQgJOTk706NGD/fv3M2zYMDp16oSNjQ1BQUGEhYXRqFEjAHr16sXBgwcZNGgQnTt3pkCBApw5c4YFCxYwZswY6tSpk2UONjY2uLu7c+DAAUqVKkW5cuVo3Lix8Vzb3r174+fnx+HDh/n+++/p1KkTXl5eTzTf/4Zx/pk5cSpVqsS8efNwcnKiRo0aREdHs2zZMjw9PY1bQJvTZujQobz33nuMGjWKVq1akZiYyPz587GzszOeQy0iIiIiIiIiIiIiIiLyv8jqk08++cTcxhEREaxdu5aaNWtm2v64WLFilCpVioMHD7JixQp27dqFg4MDo0ePNhbu6tSpQ3R0NOvWrWPNmjVcuXKFJk2aMHjwYGxsbAAoUqQIly9fZuPGjcTGxtKwYcMsc3n48CFLly6lcuXKJkXi6tWrc+/ePTZt2mQswnbo0IHbt29Tvnx5vLy8cHNzo0aNGpw+fZoff/yRXbt2UahQIcaMGUORIkWA9G2b69aty+XLl1m5ciWbNm0iMjKSvn37Gounj+Pl5cXOnTv5+eefqVWrFl5eXjRq1IjY2Fh++ukn1q9fT3R0ND179uSNN97INta/dZzbtm0jNjaWdu3amR2nYsWKODo6sn37dlasWMGxY8coXbo0H3zwAa6urma3KVy4MOXKlTN+1w4fPkzp0qUZO3as8QcEDx48YNmyZVStWpUKFSoY8z527BinTp2iW7duWFlZZTv3AGfOnOHIkSO8/vrrxi2qRURERERERERERERERP5JSUlJANy9e9fsZzIWnVoY/speyyIiIiIiIiIiIiIiIiIi8o+IiYkB4OTJk2Y/k7GY9KmcASwiIiIiIiIiIiIiIiIiIs+eCsAiIiIiIiIiIiIiIiIiIrmECsAiIiIiIiIiIiIiIiIiIrmECsAiIiIiIiIiIiIiIiIiIrmECsAiIiIiIiIiIiIiIiIiIrmECsAiIiIiIiIiIiIiIiIiIrmECsAiIiIiIiIiIiIiIiIiIrmECsAiIiIiIiIiIiIiIiIiIrmECsAiIiIiIiIiIiIiIiIiIrmECsAiIiIiIiIiIiIiIiIiIrmECsAiIiIiIiIiIiIiIiIiIrmECsAiIiIiIiIiIiIiIiIiIrmECsAiIiIiIiIiIiIiIiIiIrmECsAiIiIiIiIiIiIiIiIiIrmECsAiIiIiIiIiIiIiIiIiIrmECsAiIiIiIiIiIiIiIiIiIrmECsAiIiIiIiIiIiIiIiIiIrmECsAiIiIiIiIiIiIiIiIiIrmECsAiIiIiIiIiIiIiIiIiIrmECsAiIiIiIiIiIiIiIiIiIrmECsAiIiIiIiIiIiIiIiIiIrmECsAiIiIiIiIiIiIiIiIiIrmEtTmNEhISWLRoEbt27eLu3bvkyZOHkiVL0qVLF6pUqfJP55itO3fu8Oqrr2JtbY2FhQUGgwEnJycqV67MoEGDKFCgwBPHTE1NpV69esyfP58SJUr8A1mLiIiIiIiIiIiIiIiIiDx9Oa4ATkpKYvDgwRw8eJCRI0eyYcMGli1bhr+/PyNGjGD37t1P3GlqaupfSjY7CxcuZOfOnezatYv58+eTmJjIBx988NT7+SdyFxERERERERERERERERF5GnJcAbx27VpCQkJYvnw5rq6uADg4ONCpUyd8fHzIly8fAOPHj8fKyooRI0YA6auGmzRpwtKlS3FxcaF58+a8/fbbzJs3jxEjRuDj48OUKVOIiIggJSUFPz8/Ro0ahYeHBykpKcydO5fdu3djMBjIkycPffr0ISAgwKxBubu706tXL3r16kVUVBSurq6cOnWKwMBAYmJiSE1NpUaNGrz99ttYWVkRFxfHhAkTOHPmDC4uLrRt29YkXpcuXWjSpAnr16+nTp06DB48mN27dzN//nwePnyIjY0NHTt2pGnTpk80+SIiIiIiIiIiIiIiIiIiT1OOBeBDhw5Rq1YtY/H3UfXq1TOrE1tbWwCuXr3K2rVrsbKyYsiQIdSoUYNu3bqRlpbG4sWL2bdvH23atCEoKIhffvmFWbNm4ezszPHjx3nnnXdYvnw5Xl5eZvWZsVLX2tqa1NRURo8eTa9evWjTpg1RUVF07dqVUqVK0bx5cxYtWkRoaCg//PADtra2zJgxI1P+e/bsYc6cOTg7O3P58mXGjBlDYGAgZcqUITg4mN69e+Pr60u5cuXMyk9ERERERERERERERERE5GnLcQvo6Ojov3SOblYaN26MlZUVAJ6enhw6dIgTJ06QkpJCt27daNOmDQC7du2iWbNmODs7A1C5cmV8fX05ePCgWf2EhoYyZ84c/P39cXR0xMrKih9//JGWLVsC4OrqSunSpbl58yYAhw8fplGjRsZCdfv27U3iWVhYULNmTWM+27dvp0qVKpQpUwYAHx8fGjRowJYtW/7O9IiIiIiIiIiIiIiIiIiI/C05rgDOnz8/d+/efSqdubm5Gf8+YsQIvv/+e2bOnMmNGzfw9/dnyJAheHp6Eh4ebtI249mIiIjHxu7WrRsWFhYAuLi44O/vz8CBA433t27dypYtW0hOTsbCwoJbt/8yCjIAACAASURBVG5RqFAhAKKioozF3Yzns8s9LCyMkydP0q5dO+O15ORkKlSoYO5UiIiIiIiIiIiIiIiIiIg8dTkWgAMCApg+fTr37t3D09PT5N7WrVuJj4+nTZs2WFpakpaWZrwXHx+fKVZGgRbSt1Xu2rUrXbt2JS4uji+//JJJkyYxefJk8ufPT2RkpMmzERER2a5EXrhwIUWKFMny3tGjR/n666+ZPXs2zz33HADDhw833nd2diYmJsb4+f79+9nm7uHhQbVq1fj8888fm4+IiIiIiIiIiIiIiIiIyP+3HLeAfuWVVyhevDhDhw7l4MGDxMXFERUVRVBQEJMnT8bHxwcAb29vfv31V2MReMOGDY+NmZqaSu/evTl+/DgAjo6OeHt7G8/tbdiwIZs2bSI2NhaAgwcPcu/ePQICAv7SICMjI3FycqJw4cIA/PLLL1y+fJmEhAQAqlSpwvbt23nw4AFpaWn88MMP2cZr1KgRR44c4cqVKwAkJiYyceJETpw48ZfyExERERERERERERERERF5GnJcAWxjY0NgYCCLFy9m2rRp3L17lzx58lCuXDmmTZtGyZIlAWjRogVHjhyhZ8+e5MuXjyZNmmBra2ss6j7KysqKXr16ERgYSExMDJaWlvj6+vL2228D0KFDB2JjY+nXrx8GgwEnJycmTJiAu7v7Xxpk3bp12bFjBx07dsTBwYH69eszdOhQxo8fT6FChejevTvjxo2jffv2ODk50bVrVzZu3Jhl7gAlSpRg9OjRfP755yQkJGAwGKhTp47xTGARERERERERERERERERkWfBwmAwGJ51EiIiIiIiIiIiIiIiIiIiki7j+NqTJ0+a/UzFihUBM7aAFhERERERERERERERERGR/wYVgEVEREREREREREREREREcgkVgEVEREREREREREREREREcgkVgEVEREREREREREREREREcgkVgEVEREREREREREREREREcgkVgEVEREREREREREREREREcgkVgEVEREREREREREREREREcgkVgEVEREREREREREREREREcgkVgEVEREREREREREREREREcgkVgEVEREREREREREREREREcgkVgEVEREREREREREREREREcgkVgEVEREREREREREREREREcgnr7G7eDo2mSKsJOQYZ0qEmXw1r/tSSktynRPvJVC3pw/LPXjf7maBtp+n8URDnlg+jpF+BfzC77F29Hc4Lr05h7gft6P5KlX+sn1v3ovl49ja2H75KREwiRQu60buVP4NfrYmlpYWx3cqdZxm3cBfnr4XimMeWV2qVZNLgpri7OjxxrCWbTzA1aB+XbobhmMeWgHKF+ezNJpTy8zC2CY9O4N0Zm1m39wLRcQ8oWaQA73VvQIdG5R47lnembuDroH0s/PhVurxcyeTe/ch4+nyxinV7L7ByfBda1yttcr/PF6uYt+5olnF/XTUCP2+3bOfx4NmbfDJ7O8cuhpCalkbpoh6M7tGApgEvmOTw6bwdrN93kbvhcXjnd6J57ZJ82LOhyTyevnqXT2Zv58CZm8QlJuHn7UaPFlUZ2qEmVlZ//H7GnHk0J1ZamoHAH/czZ+0RroVE4uJoT0C5wozp8yJlinkaY5n7fp/WOxERERERERERERERkf+ObAvABVwd2DKtp/FzfOJD2o5aQqeXKtDtkUJYYU/Xp5JMdNwD8jf5lLAtH+LqZP9UYsq/w9i+jSng5pBzw/9RUbEPaDhwNmlpBsYNfBlfDxfW/3KBt7/eQMKDZN7rVh+AdXsv0OH9ZfRvW51pb7fgXkQcI6dvotmwBRycOwBLSwuzYwX+uJ+3vlxP/7bVmTi4Gfej4vno2228OGgup5cOJb9LXtLSDDQbNp/QyHgC32mJr4cLP+44w+sfLMfOxopWdTMXCveeus7MlQezHOf6vRfp/cVKfAo4P3YuYuIfULqoB4HDW2a655XPKdt5PHL+Ng0HziGgbGEWfvwq1laWTP1+Hy3eWcSub/pQu4IfySmpvPzWPO5HxjOmb2NKFMrPyct3+GDWVo5fCuGXb/sB6YX/+v2/o3RRD2a92xoXR3s27b/EiGkbiYxJ4NN+TcyeR3NjffTdNiYt2cP0Ea1oVLU4YdHxvDtjMzX7fMPZZcMo5Oli9vt9mu9ERERERERERERERET+O7ItANvZWvOi/3PGz1GxDwDw83Yzuf60HDx7C4PB8NTjmis1NQ3AZGXfv8W/OTdzvN6kwrNO4R+T9DAFO9ts/ynl6Pvtp/ktOIJD8wZStZQPAPUqFeX01bss3HDcWNT7+LvtNKxanOkjWhmfLVjAmZq9v2HNnvO0rV/GrFgGg4HxC3fTrOYLJrF8CzhTp9+3bD10hdebVGDd3gscvRDM7ll9qV3BD4CAcoW5eCOUj77blqkAnPAgmZ6fraBv62pM//FApnG+N3Mz73dvQN2KRanSLTDLuYiJT6KguzP1Kxd74nn8avlenPLasf7LbuSxswGgTkU/vJt9wZJNJ6hdwY/D529z6UYYK8d34aUaJQCoXcGPmPgkPvx2K7fuRVPI04VVu85hMBjY8GV3XBzTf5BSv3IxTl6+w/Ktp/i0XxOz59GcWAALNhyjbf0y9GnlD0Axn3xMfbsFFbtMY82ecwx+tabZ35Wn+U5EREREREREREREROS/4+9VrR4xe+0RAn/Yz5VbYeS1t6FxtRJMHNSUwl7pq4MNBgPjFu5m0cbj3AqNwt7WmqolffnszSb4l/bls/k7+fi7bQDkbzKWhlWLsy2w12P7u3wzjJGBm9h1/DcAqpXxZdyAl6lSMr0g0vWT79l76gbXVo80ea7AS5/RvmFZvhnVmpD7MRRqOZ75H7YnaNspdhz5lWMLB1OmmEe2uWaM56ugfcxZe4TfgiPIY2f9+7avL1H5hYLZzlWvz1Zy4OxNJg9pxnszN3PlVjiujvZ0a1aZz/u/hKWlxWNzK1vckxt3o3hvxma2Hb5KbEISz/nmZ8hrNenbupqxj9NX7zL6my0cPn+bmPgH+BRwpvNLFfmoVyNjEdmcOGVf/5r6lYtS6QUfJizeRfD9GHwKOPNBj4a80ayy2e/jz1tAJyYl88GsrazZfZ6QsBhcHfNQp6IfEwY1pWjB7Lf4/bPibSfxUo0SFPF245uVB7kbHkcRL1c+6t2Izi9VNLbbceRXPl/wM6ev3iUxKZmi3vkY9GoAb7atbmwTE5/EkCk/sXbPeVJS06hXqRjDXq9t0t+yLafo+sn37J7Vl37jVxMWlcC9TaMB2HPiGh/P3s7RC7cxGKBKSR8+7deYupWKZjuGjo3LU6t8EcoW9zS57uftxsFzNwG4FxHHqSt3mPFIoRGgeplCeLs7sWn/JdrWL2NWLIBfvu1nLJI+2gbgTngsAFsOXsbDzdFY/M3Qpn5Z3hy/mtuh0fh6uBivvzdzM7bW1rzfvUGWxcb1X3aniJcrJy/feexcRMc9oOBfXI365VuvEJf40GRceexs8MznaBxTrfJFiNs1JtOzee3Tn8nYQnlkl7qM7FI3y3ZWln/8EMOceTQ3FoCNtZXJZzub9P+m7W3T+zD3/WZ4Gu9ERERERERERERERET+O57KctLJS3/hzfGraV23NCcWDWH1hK5cunGf+gO+Iz7xIQCzVh9m7NwdfNirIaeXvMW2wN7kc85D48FziY57wIjOdRjTtzEAv60eyZqJXR/bX1hUPPXe/I6ImARWTejC5qk9sLG2otHAOVwLiTQ7b1ub9ELLV8v3ElCuCHu/e5NiPvlyzBXSt2odNX0T3V6pzMnFQ9j4VQ/iE5Op3/+7HHOwsbbk1r0opgbtY93kbkRt/5jP3mzCxCV7mLR0T7a5RcYkUqfvLE5cDiHos9c5vXQonV+uSP8Ja5ixIn2L17Q0A03fmo/BAJu+7sHZZcP47M2XmL7iAJ/O+xnArDgZuW7Yf4lD525yYM4AIrZ+RNOAF+j9xSrjOP/K+xg06Sfm/HSECYOacmrJUH4c14lrIRG0HrnI7Pf3R45WrPj5LMGh0Zxe+hb3No2mYdXivPHJDxw8m14Q+y04gqbD5uPh5sjWab04umAQPVtWZeCktazcedYYa8DENaz4+SxT327BicVD6PxyRd76ap1JfxnvZvQ3WxndvSGbv+4BwIEzN3lx8FxcHOzZPasf++f0p6C7E02GzOPEpZBsx+DiaJ+poJeYlMy2I1eMK2Ev3rgPwPOF3TM9/3xhdy5cDzU7loWFBcV88uHtbrql8k+/XAAw6fNx/QFcuH7feG33iWvMWnWIBR+9aixa/lkRr5y3i4+JT8Ipr12O7bLild+J53zzm1w7fy2UX4MjqJfFiuKHyamERcWzatc5vliwkx7Nq2S5FfKDpBRuh0YzackeNuy/xHvd01fZmjuP5sQC6N+uBqt2nWProSukpRmIjElk7NwdeLg50q5BGcC895vhab0TERERERERERERERH57/jbK4AfJqfyxYKdtKhdirH90gu4Jf0KsGTMa5TvPJUlm0/Sr001jl24jWc+Rzo1qYCFRfoKu7kftOfohdvYWFthZ2uN/e/b6Lo42OOQx/axfc756Shh0fGcXjrUeK7soo870OeLVVy6cd/sFaTWVumFPA83Rz7s2dB4PadcE5OS+TpoH6+9WJ5RXesZn1v8SQeKtZ3ErFUHmTCo6WP7tbCwIOFBMuMGvmxcId2zRVUWbjjOwg3HGdW13mNzm77iAMH3Yzi6YBCVfl9p/F63+py4FMK4hTsZ0K46wfdjuBseS5v6ZYyrkYv75qNMMQ/jHM/+6UiOcTLGnvQwhenDWxkLn2+2rc70Hw9w7GIwRQu6/aX38XHvRrzbrR4lCqUXEp8v7M7gDjXp8ekK4xa85rKwAIMBJg95xZjjlKGvsHDjcRZtPE6NsoXxzOfI8YWDKeLtaiwulvLzYMaPB9i0/xLtGpQlJj6JH3acoW8rf+Pq5ud883MrNJr3Zmw29mf9+wrql2o8T6eX/tja+rP5P+Pukpfln3U0rghd8NGr7G0/mUlL9rDs045mjyktzUDfcasIi0pg/MCXAYiKTQQwbiH8KOe89ly9HW52rKycuBTCiMCN9GxR1fi9iYp9YLLC94/+7Exyik98SK/PVjCya12qlvIxbhf/V0THP+DWvSheeXsBh87dwgILKr3gzdi+jalRtvATxYqMSaTD+8soXdSD/o+s9M7QaNAc9p++ga2NFSM612VM3xcztUlJTcOh/kdA+r/HZWM70r5h2cf2mdU8mhtrdPcGJCWl0PSt+VhZWZKamsZzvvnZPr0X+ZzzZtnf497v03wnIiIiIiIiIiIiIiLy3/G3C8Dnr4USHfeAlwKeN7leppgnXvmd+OXkNfq1qUareqVZtOkE9fvPpvPLFWlQpRglCrlnuzVuamoasQkPjZ8tLNKLX4fO3qRYwXzGYiNAfpe8rJrQ5S+NIaCcaVEpp1yPnL9NwoNk6lcxXW1X2MuVQp4uHLsYDKQXYJJT0oz389hZG8+KtbWxotLz3ibPlyvuyazVh43n/WaV24HTNyjg5mAs2mZ4sdpzrNx5lqu3wynuk58aZQvz9tT1XLpxn0b+z1Gnoh/lins9UZyM4mz557yMhVUAN6c8AIRHJwD8pfeR196Gr5bvZdfx37gfFU9qqoGk5BRj3KwKwNFxD3j0iGinvLbG7ayrlCxokmNeexuKFcxnXKHqkMeWq7fDGRG4kcs3w0hMSsZggPCYBOM4LlwPJTU1jaq/b/OdoVb5IlmO4c/vZv/pG7xU43mT7YDtbK2pW9GP3SeuAenF9MSkFON9G2vLTD92SExKpsvH37Pt8FXWTnqDUn4eAMaCfFYed+txsf5s66ErdHh/GU2qlzDZYvpxcf+cy6jpm3DMY8eHPRs9NkdzWVpYcC0kkrder8X73RtwLyKOCYt2UffN79ge2Iu6lYqaNY/X70TyytsLSEszsHlqr0zbNAN8+24bgu/HcOT8baYs28PlW2Es/7SjyfisrSzZN/tN7kfFs+XAZTp/FERIWDOGdKiZKd7j5tHcWF8H7ePL5XuZMvQVGlQpRkRMIpOW7OaVtxewe1a/TKt1s3u/T/OdiIiIiIiIiIiIiIjIf8ffLgBHxaWvAHzry3W8/fV6k3sPk1O5+/sZmC1ql2LXzD4E/rCf92ZuJir2Ac8XdmfcgJdpXa90lrEPnL1JvTe/M352drAjcvvHRMU9MJ7X+TS4/l7QzJBTrtHx6SvpslqRl885DzHxSQC0HrmYn4/+arw3ZegrvNWxFgCOeewyFdHy2ttiMBhMClt/zi0q7gH3I+PJU/dDk+tpaemV0bvhcZQo5M62wF5M/X4fK34+w5Rlv2Bna83rjSswaUhT8jnnNTsOkGXhDNLPQc7I6Uneh8FgoO2oJVy4fp8ZI1tRrbQv9rbWrN93kX7jVj/2OfeXPjXmB3Bs4WAq/l5Ez2rL4Lz2NsQlpL+LrYeu0O7dJbzepAKrJnShgKsDlpYWNBgw29g+4725OJiusHX70zvI6rrBYCAmPomVO89mmtOURwr6k5b+YjzrGqBlnVKsfmS787vhsbQasYi74XHsmdXPOL5H+8tqJWdkbCL5nE3zzC7Wo75dfZjBU35iYLsaTBn6ivEM3Iw+M1b5/rk/SP838PPRX5m77igH5gwwKcL/VTfWjsp0rWGV4hRtM4Gvlu+lbqWiOc7jwbM3aT1yMaX8PFg5vvNjV8+WLupB6aIeNK72HGWLe9Jm5GJee7E8beqXMWmXsfK4Re1S2NlaM2LaRjo2Lo+Hm6OxTXbzaE4saytL3pu5mVFd6xn/n0hvXwif5uOYsGgXM0e2Nl7P7v0+7XciIiIiIiIiIiIiIiL/HX+7AJxRlBrbrzGt6mQu5D5aGKxZvgg1yxchLc3AsYvBjF+0i/bvLeXYwkFUKJG5OFWuuBc7ZvT+I9nfV3u6ODx+u9sMFmRdfElMSs55UDnk6uqYPuaImIRMz4VHJxgLp5OHNDMWygCTs0mj4hJJSzOYFIliE5KwsrIkr72NsRj5Z25OefAp4MzWab2yvJ+xpXReexve61af97rVJzw6gdW7zzEycBMx8Q/4cVxns+OYw5z38agrt8LZd/oGs95tQ4dG5YzXHyanZvvc9um9jUVnMJ3P8CzeRWxCEgXd089zXbjhGAULOLP4kw4mhfdH34/D79/VjAJ/hrCo+BzHZGFhgYujPQ2rFuezfk0e265r00rUrvDHimJ3lz9WTYdFxdNo0Bzsba05NG8AXvlNz5Ut5VcAgEs379PIv7jJvQvX79P2kaJlTrEyzFhxkLe+Wse0d1pmuUVy6aIefL/9TKbrGecNly7qwcezt/EwORX/HtMztes+dgU9Pl3Bgz2fGldr/xWuTvb4ebtx5/cflGQ3j4fO3aLJkHm0rV+G2e+3xcbatAB6+updDpy5SZ9W/ib//qqXKQTAuWuhtKlfhm2HrxKbkGQyrwDVyhQiJWgfl2+GGQvAOc2jObGsrSx5mJxKmWKm5/vmsbOhsKeryXnLOb3foG2n/vF3IiIiIiIiIiIiIiIi/05/uwBcuqgHzg523LgTScnfC1QZLl6/j0+B9ALcxv2X8PVwofxzXlhaWuBf2pfZ77dlze7POHYx2KQAnFHkc3G0p35l022WAfzL+LJu7wUu3bjPC0XS+0x4kEyjgXPo09qfni2qks85L9FxpoW8C9dDzSoA55RrpyYVcchjy57j1+jd0t/43PU7kdwOjaFr00oAWRa1M6SlGThw9qbJ9sLHLgZT2s/jsSsHIX3b4fX7LuLkYGecW4B7EXFYWVqQ196Gm3ej2HvqhvF82vwueend0p8zV++yZvd5s+OYy5z38aiMVeP5Xf5YlZmWZmDhhmMAJkXeR9XLZrvwE5dCSHiQbMw7KvYBvwZH8FL153/v8wH5nPOYFH/X7b3A/ch447bSJf0KYGFhwdHzt+n+ShVjux1Hrpo1DzXLFeHi9fs8X9jd5B3+FhyBt3t6ga6Il2umbXwzvPr+MmysrNgxvQ+uTpnP+XV3daB6mUKs+PkMA9rVeCS/XwmLiqdl3VJmx8p4bsiUn5gzuh09mlfJss0rtUoxY8VBdp+4ZjL/QVtP4V/aF293Jz7p/SJDOtQyeS42IYnafWfx2ZtNaF6rpNmFxpt3oxg5fRM9mlflpRoljNdDI+O4civcWEB93Dzej4yn+dsLadegLPM+aJflttmnrtxhwMQ1FPPJR+NqzxmvH71wGwBfj/R/D99vO8WPP5+hfuWiJiuIj10I/r1d+jbl5syjObEycj1/7R7wxw8jEpOSuX4nkjLF/tjeOaf3+zTfiYiIiIiIiIiIiIiI/Lf87QKwjbUV73arz4ffbqOYT35a1ilFSmoaizYeZ/LSX9g9qy+1yhfh29WHOPfbPaa+3YJSfh4kPEhmztoj2NpYUbNcehE0Ywvbn/ZeoMoLPpQt7plln71b+vP18n28/mEQ4wa8jKuTPZOW7OHC9VDqVUovGFcrU4jAH/ezZPMJOr9UkWshkbwzdQNuzllv5/uonHK1t7NmeOe6fDb/ZyqX9KFlnVLci4hjROBGXJ3s6d+2Ro59OOa1ZWTgJr4Y8BKFPFxYsvkkxy4G89Ww5tk+16tlVab9sJ/27y5lwqCXKeLtxvlr9xj21Qb8vF3ZPLUn9yLieGPMDxy/FMwbzSrjmMeWSzfvs2b3eRr8fm6xOXHMZc77eFQpv/QfDXy76hBVSvoQHfeAsXN3ULWUL0cvBHPo3C3jKmpzOea1o9uYH/igZ0NsrK34YNZW0tIMdHulMpC+7e6YOTtYtescAWULs+PoVWatOkTdSkW5dPM+wfdj8CngTPNaJVmw4ThVSvniX8qXA2dvsmbPebNyeK97fRoMmE3vL1YypEMtnB3s2HH0V96ZusG4Gvtxlmw+wZ4T1wgc3pKTV0Iy3a9WuhB57W34tF8TXho6j/4T1vBGs8rcDo3mnakbqF+5GE0DXjA7lo21JYOn/ETVUj4ULejGruO/mbTxcHOkdFEPXqpRgnqVi/LGJz8weUgzfD1cWLjhGAfO3mTL79+RggWcKfjIjwjgj22qfT2cjf+OYxOSjOdjZ6wYP/vbPWMBs2pJXwp5uvDr7XC6fPw9n/dvQoUS3twOjeaLBTsxYOCdznWyfQfvf7OFpOQUOjauYDx3OYOttRU1yxehbf0yTFy8m25jfuCTPi9SuqgHF2/c5+PvtuPr4UK7BmUBeKtjbX7YcYaXh85n1Bv1cHd1YPfxa0z9fh+t6pbGz9uN5JRUs+bRnFgAreqWZsqyvRTydKVepWJExz9g/MJdJCQlM7B9gNnv92m+E8e8pmcri4iIiIiIiIiIiIjIv9vfLgADjOpaDxcHe2auPMgHs7aSx86ais8XZNPXPYwrXBd/8hrvzdzMoMk/cTc8Fsc8dpR/zov1U7obVw63qVeG2WuO0H/CGvxL+bJ7Vt8s+/PM58juWX0ZNX0THUYvxQILqpbyYVtgL4r75gOgY+PyHL8UzKjpm+k3fjVlinoyZegrDJ78k8mZrFkxJ9ePejVML2KuPsSo6ZtwyGNL/crFmP1+20yFl6w42Nvyef8mDJ+6gbO/3cPNKQ8f9mzI4FcDsn0un3Ne9szqx/szN9Pu3aXEJiTh7e5E2/plGNOnMQD+pX1ZPbELkxbvYd66oyQmJeNTwJnXXizPx70bmR3HXOa8j0c55bVj+aevM3zaRkp2mEJhT1eGd6lLz+ZVuHwzjBGBG0lISjZu32yOOhX8qF3Rj7ajlnA7NJqiBfMR9NnrVHqhIABvv16b34Ij6DtuFSkpaTSsWpzvP+/EsYvB9Pj0R2r0msmvK0cw94N2DJy0lqFfrsNgMFCnoh+LPu5A5TcCSU7J/ntTq3wRtk7ryZg5O6jTbxZpBgPP+ebni/4vMbB99j8K2HLwMgCDJ/+U5f1zy4dR0q8AjfyLs2ZiVz6Zs50FG47h4mhPuwZlGTfg5SeKZW1tyaUb6VsKNxo4J1ObDo3Ksfyz1wFYNb4r787YxMBJa4lNSKJccS9+mvwGDasWz/Rcdi7dCMvU16Pn+Gac6bxlWk/GzvmZ8Yt2cScsFs98jtQoW5ilYzpm2mXgzzYfvEx84kOaDZuf6Z6HmyN3Nr6PQx5btgX24rN5PzNh0W7uhMfild+RZjVf4JM+LxrPky5b3JNd3/Tl07k7GDJlHVFxifh5u/Fhr0a806k2ADfuRpk1j+bEAlg69jW+DtrHl8v2MmTKOpzy2lHpBW/2zOprPDvY3O+KOcx9JyIiIiIiIiIiIiIi8t9hYXjcfrvyj+k/YQ1rdp/nzsb3n3UquUKp176kYglvY8FSRERERERERERERERE5L8sJiYGgJMnT5r9TMWKFYEcVgCPnbuDMXN2/I3U5M9SD3yR6ZpVgArBf4XmUuSfF7r5A5PzukVERERERERERERE5N8t2wLwR70a8VGvRv9fufzPyqqQKX+N5lJERERERERERERERET+l2kLaBERERERERERERERERGRf5G/swW05T+SkYiIiIiIiIiIiIiIiIiI/L9TAVhEREREREREREREREREJJdQAVhEREREREREREREREREJJdQAVhEREREREREREREREREJJdQAVhEREREREREREREREREJJdQAVhEREREREREREREREREJJdQAVhEREREREREREREREREJJdQAVhERERERERERERE/o+9e4//ej78/39/d3gXnU8qUrJsMiOHEqIxMwxDodicyXyM8fn4bMJ8hGF8smF9JVKTMVlK32wOOe4rxSpNk82KlCSdz+n9fv/+8On9816ldwebPT/X6+XS5fJ+vV6P5+P5eD79efN4PgGAghCAAQAAAAAAAApCAAYAAAAAAAAoCAEYAAAAAAAAoCAEYAAAAAAAAICCEIABAAAAAAAACkIABgAAAAAAACgIH/5m6wAAIABJREFUARgAAAAAAACgIARgAAAAAAAAgIIQgAEAAAAAAAAKQgAGAAAAAAAAKAgBGAAAAAAAAKAgBGAAAAAAAACAghCAAQAAAAAAAApCAAYAAAAAAAAoCAEYAAAAAAAAoCAEYAAAAAAAAICCEIABAAAAAAAACkIABgAAAAAAACgIARgAAAAAAACgIARgAAAAAAAAgIIQgAEAAAAAAAAKQgAGAAAAAAAAKIgtCsBTp05Nt27d0q1bt0ybNm1br2mLffDBB+nRo0dOOumkzJ49+5+9HAAAAAAAAIB/qELtAH7//fczd+7cfPjhh3nvvff+2csBAAAAAAAA+Ieq9c9ewNq1a1Or1rZZxr777pubbrop5eXl6dq16zaZEwAAAAAAAOBfRbXK64QJEzJgwIDMnDkz7dq1y+GHH77emB49emTu3Lk5/fTT8/3vfz9JMmTIkNx7772pV69ennzyyTz33HO55pprUlJSkksvvTRDhgxJ69atM2jQoHz44Ye57777Mm7cuCxbtiw77rhjjj/++PTs2TM1anyyUbmioiKPPvpoRo0aldmzZ6dp06Y54IADcsEFF6Rx48aZNm1arrzyyiTJgAEDstdeeyVJ5s+fn0GDBmXcuHFZvHhxWrdunWOOOSannXZaatasmTlz5uTkk09OkvTr1y+jR4/O66+/nkaNGuW4447LOeecs/V3GgAAAAAAAOBztskA/M477+SKK65IWVlZkmTGjBkZOHDgVp20oqIiP//5z5MkO+20U5YuXZo+ffpk3rx5adSoUdq2bZu33347d9xxR5YvX56zzz47SXLnnXfmkUceSZKUlpZm7ty5efzxxzNx4sQMHTp0g+datGhRzj333Hz00UdJktq1a+e9997LwIED89e//jX9+vWrMv66665LSUlJysvLM2/evAwePDi77bZbDjnkkK26ZgAAAAAAAIDP2ybfATxs2LCUlZWlQYMGGTZsWJ5++un06tVrq098xBFH5O677861116b5557LvPnz0+tWrXyq1/9KkOGDMnRRx+dJBkzZkyS5IMPPsjw4cOTJOeee27Gjh2bwYMHp7S0NLNmzcqLL764wfPcf//9+eijj1KvXr0MGTIkY8eOzUUXXZQkefbZZzNp0qQq44877rg89dRTefzxx9OkSZMkn+yABgAAAAAAAPii22QAnjZtWpKke/fu2WWXXVK7du0cdthhW33iH/zgB9lzzz0rH/X84osv5vnnn0/jxo2zaNGitGnTJskn4TdJJk2alIqKiiTJySefnJKSknz5y1/O1Vdfnf/4j//ILrvsssHzrIu3hx12WDp06JAaNWqkV69eadSoUZJk/PjxVcYfeOCBKS0tTePGjdO+ffsknzxCGgAAAAAAAOCLbpOPgF64cGGSpGXLlp/bIioqKjJixIg89thjmTlzZsrLy9cbs3Tp0iRJzZo1U79+/crvP/0+4nWx+tM2tP4aNWqkadOmWbx4cRYtWrTRdZWUlCTJBtcDAAAAAAAA8EWzyQDcrFmzLF68uDLAbsy6WLpul+7mGDlyZG6//fbUrFkz5557bjp06JBXXnkljz32WOWYBg0aJEnKysqyfPny1KtXL0kye/bsrF69Ok2bNt3g3A0bNsyyZcuq7OItLy+v/LxuJzAAAAAAAADAv7pNPgK6Y8eOSZKXXnopy5cvT7LhnbbNmjVLkrz55puVkfbv36+7Ma+//nqSpF27djnjjDNy8MEHp0aNqkvbZ599KiPziBEjkiTvv/9+zj777JxxxhkbfU9vly5dkiRjx47NzJkzkySPPfZYlixZkiTp3LlztdYIAAAAAAAA8EW3yR3Ap59+ep588snMmTMnp556apo0aZIZM2asN+6ggw7K1KlTM2nSpBx55JFZs2ZNtXcD77333nnmmWcyffr0HH/88SkpKcmCBQsqf1+9enVatWqVHj165NFHH83AgQMzbNiwrFy5MuXl5WnTpk26d+++wXWdeeaZeeGFF7Jw4cKcdtpp2X777bNixYokn7zXeP/998+cOXOqtU4AAAAAAACAL7JN7gBu27Ztbr311nTo0KEynF555ZXrjevdu3d69uyZpk2bplatWtlvv/1yyimnVGsRJ554Yi688MK0bt06K1euTJs2bXLFFVdU/r4u7F566aW55JJL0rZt26xatSoNGzbM0Ucfnbvuuit16tTZ4NwtWrTIoEGDcuSRR6Zx48ZZvXp1dtppp5x33nnp169ftdYHAAAAAAAA8K+gpGJLXtoLAAAAAAAAwOdi3etsJ0+eXO1jOnXqlKQaO4ABAAAAAAAA+NcgAAMAAAAAAAAUhAAMAAAAAAAAUBACMAAAAAAAAEBBCMAAAAAAAAAABSEAAwAAAAAAABSEAAwAAAAAAABQEAIwAAAAAAAAQEEIwAAAAAAAAAAFIQADAAAAAAAAFIQADAAAAAAAAFAQAjAAAAAAAABAQQjAAAAAAAAAAAVRqzqDPvjgg9xzzz15/fXXs3jx4rRp0yannnpqjj766CrjXnzxxQwePDjvvvtu6tatm86dO+fiiy/ODjvs8LksHgAAAAAAAID/3yYD8Ny5c3P22WenSZMmOe+889KkSZP87ne/y4033pi1a9fmuOOOS5JMmjQpV111VQ488MCcd955WbhwYQYOHJjLL788Q4YMSa1a1WrNAAAAAAAAAGyhTVbZ3/72t1mxYkWGDBmSli1bJkm6dOmS6dOnZ9SoUZUB+De/+U2aNm2am266KTVr1kySNGrUKH379s0rr7ySbt26fY6XAQAAAAAAAMAm3wHcrFmz9OjRozL+JkmNGjXSvn37LFmypPK7N954I/vvv39l/E2Srl27JkmmTp26LdcMAAAAAAAAwAZscgfwqaeeut53a9asyZQpU3LQQQclScrLy7No0aI0a9asyrjS0tLUr18/CxYs2EbLBQAAAAAAAGBjNrkDeEMGDBiQ5cuX53vf+16SZO3atUmywff81q5dOx9//PFWLBEAAAAAAACA6tjsADxixIg8+uijueKKK9K6devPY00AAAAAAAAAbIHNCsDPPPNMbr/99vTp0ydHHnlk5ffrdv6uWbNmvWPWrl2b0tLSrVwmAAAAAAAAAJtS7QD8yiuv5Prrr893v/vdykc/V05So0aaNGmS+fPnV/l+zZo1Wbp06XrvBgYAAAAAAABg26tWAP7Tn/6Uq666KieccEL69OmzwTF77bVXJkyYUOV9v6+88kqS5Gtf+9o2WCoAAAAAAAAAn6XWpgZMnz49//mf/5n27dvn8MMPz5QpU6r83rJly7Rs2TK9e/fOSy+9lB/96Efp2bNnFi9enAEDBmTXXXdN586dP7cLAAAAAAAAAOATJRUVFRWfNWDIkCG59957N/r7eeedl7POOitJ8vLLL+fee+/NjBkzUqdOnXTp0iU/+MEP0qJFi227agAAAAAAAICCWrJkSZJk8uTJ1T6mU6dOSaoRgAEAAAAAAAD4x9maAFytdwADAAAAAAAA8MUnAAMAAAAAAAAUhAAMAAAAAAAAUBACMAAAAAAAAEBBCMAAAAAAAAAABSEAAwAAAAAAABSEAAwAAAAAAABQEAIwAAAAAAAAQEEIwAAAAAAAAAAFIQADAAAAAAAAFIQADAAAAAAAAFAQAjAAAAAAAABAQVQ7AM+YMSPXX399TjzxxBx++OE55ZRTctddd2XhwoVbfPKpU6emW7du6datW6ZNm7bF82yNBx54IN26dcsRRxzxTzn/52VLr+uKK65It27dcumll35OKwMAAAAAAAA+L9UKwOPHj895552XJ598MvPmzcuaNWvy/vvv5+GHH84555yTmTNnft7r/Jd12mmnpVu3bunfv/8/eykAAAAAAABAwW0yAC9dujTXX399Vq9enZ133jkDBgzIE088kRtvvDENGjTIvHnzcuONN270+PLy8pSVlW3TRRfR2rVr/9lL+EJwHwAAAAAAAGDL1drUgLFjx2bRokVJkp/85Cfp2LFjkqR79+5ZuHBhbrvttkydOjVvvvlmOnbsmO9973uZMWNGjj/++Lz33nuZMmVKbrnllnTt2jUTJkzIgAEDMnPmzLRr1y6HH374Bs/54osv5sEHH8zf/va31KxZM/vss0/69OmT9u3bJ0l69OiRuXPn5rzzzssHH3yQF154IUnStWvX/Pu//3vq16+/0et5+OGHM3z48CxZsiR77713WrVqtd6YsrKyPPzwwxkzZkzmzJmThg0b5pBDDkmfPn3SoEGDzJkzJyeffHKSpF+/fhk9enRef/31NGrUKMcdd1zOOeecTJ8+PWeccUblnCNGjMiIESMyfPjwPPTQQxkxYkT22muvtG3bNk899VR69uyZiy66KPPnz8+gQYMybty4LF68OK1bt84xxxyT0047LTVr1tyq66rOva2OioqKPProoxk1alRmz56dpk2b5oADDsgFF1yQxo0bV7k/t912W7p27ZokufTSS/PHP/4x3bp1y80335z+/ftv9D785S9/yaBBg/Lmm29mzZo12XnnnXPiiSfm2GOPrVzHlt4rAAAAAAAAKKpNBuBJkyYlSZo3b14Zf9c59NBDc9tttyVJJk6cWOX3xx9/vPLvGjVq5J133skVV1xRuRt4xowZGThw4HrnGzVqVG699dYkSWlpaVavXp0//OEPmTx5coYMGVIlbN5///0pKytL7dq18/HHH+fpp59OkyZNcskll2zwWkaPHp277rorSVKzZs2MHz8+FRUV64274YYb8vTTTydJ6tSpk/nz52fkyJF58803c88991QZe91116WkpCTl5eWZN29eBg8enN122y277bZbunTpkilTpmTVqlVp2bJl2rVrlzp16lQeO2XKlEyZMqVyPYsWLcq5556bjz76KElSu3btvPfeexk4cGD++te/pl+/flt1XZtzbz/LnXfemUceeaRynrlz5+bxxx/PxIkTM3To0GrN8Wl/fx9mzZqViy++OCtWrMiuu+6a+vXrZ8qUKbn55pszf/78nHnmmVt8rwAAAAAAAKDINvkI6Pnz5yf5JAD/vSZNmlTutFwX4tapV69err322jzwwAPZc889M2zYsJSVlaVBgwYZNmxYnn766fTq1avKMatWraoMmb17987TTz+dMWPGZNddd82yZcsqo+M6u+22W8aMGZOnn346Xbp0SZJMmDBho9cyZMiQJMkee+yRMWPG5Iknnshee+1VZczkyZMr4+/NN9+csWPHZujQoSktLc1bb72Vl19+ucr44447Lk899VQef/zxNGnSpHINrVq1Sv/+/bPDDjskSQ4++OD0798/TZs2rXL8+eefn/vvvz89e/bM/fffn48++ij16tXLkCFDMnbs2Fx00UVJkmeffbYyxm/JdW3uvd2YDz74IMOHD0+SnHvuuRk7dmwGDx6c0tLSzJo1Ky+++GK15vl7n74P48aNy4oVK9KsWbMMGTIkAwYMSK9evbLjjjtm8uTJSbLF9woAAAAAAACKbJM7gDe0k/TTSkpKNjjuiCOOyDe/+c3Kz9OmTUvyyaOjd9lllyTJYYcdlocffrhyzOTJk7Ny5cokybx589K/f/8qc6+bY51OnTqlUaNGSZKvfe1rmTBhQmWw/nuLFi3K3LlzkyQ9e/asfEz0gQceWLn7NEnGjRuXJKlbt27GjRtX+blOnTpZs2ZNpk2blg4dOlSOP/DAA1NaWprS0tK0b98+Cxcu3Oga/l7btm1z5plnVn5eF68PO+ywynP06tUrDz74YBYvXpzx48dnn3322aLr2tx7uzGTJk2qPObkk09OSUlJvvzlL+fqq6/OkiVLKv/bbo6/vw/t2rVL8sn/fHDDDTfkoIMOysknn5yLL764csyW3CsAAAAAAAAouk0G4HU7f+fNm7feb4sWLcratWuTJM2aNfvMeRYuXJgkadmy5UbHLFiwoPLvZ555Zr3fV6xYsdFj14Xo8vLyzzx/kspduZ+1hlWrVmXUqFHr/b4uom7JGjZlQ/eoRo0aadq0aRYvXlz5LuYNHZNU77qSzb+3n7Z06dIknzyq+dPvWv70+5znzJlTrbk2pkuXLrnssssyaNCgPPXUU3nqqaeSJPvvv3+uuuqqtGjRYovuFQAAAAAAABTdJgPwPvvsk7Fjx2b+/PmZOnVqvvrVr1b+9unH/e67776fOU+zZs2yePHiyoC4IZ8Oivfff3922223TS2v2j4dqJctW7bJNTRs2DCjR4+ufMT1p21t4NyYhg0bZtmyZVV2EJeXl1d+Xrfb+dM297qSrbu3DRo0SJKUlZVl+fLlqVevXpJk9uzZWb16dZo2bVoZwrdGjx49cvzxx2fKlCl57bXXMnLkyLz22mu55ZZbctttt23RvQIAAAAAAICi2+Q7gL/xjW+kcePGSZLrr78+b7zxRlasWJGXX34599xzT5Jk9913zx577PGZ83Ts2DFJ8tJLL2X58uVJ1n/s8N57753S0tIkyR133JHFixdXjvvxj3+cVatWbc61VdGwYcPsuOOOSZLf//73lY8xfuutt6qMO+CAA5IkS5YsyS9/+cuUlZWlvLw8Tz31VG6//fbNPm+tWp809k/v1N2Yde8xHjt2bGbOnJkkeeyxx7JkyZIkSefOnbf4urbVvd1nn30qA++IESOSJO+//37OPvvsnHHGGZkwYUKVCPynP/0pSfLee+/l3XffrdY5rr322nzrW9/KzTffnP322y99+vRJjx49kiTTp09PsmX3CgAAAAAAAIpukzuAGzRokJ/85Cfp27dvZs2alQsvvLDK782bN88111yzyV2fp59+ep588snMmTMnp556apo0aZIZM2ZUGdOoUaNcdNFF+fnPf55JkybluOOOS/369Suj3jPPPJNjjz12c6+x0tlnn50bb7wxzz//fHr16pW1a9dWvj93na5du6Z79+554YUX8sgjj2TkyJGpVatWVqxYkZo1a6ZHjx6pXbt2tc/ZoUOHTJ8+Pc8991wOP/zwDBgwYKNjzzzzzLzwwgtZuHBhTjvttGy//faVj2bu3r179t9//y2+rm11b1u1apUePXrk0UcfzcCBAzNs2LCsXLky5eXladOmTbp3757S0tLst99+ee211zJ06NAMHz682o+YTpJjjz02zz33XJ588sm8++67adSoUSZOnJgkOeSQQ7bqXgEAAAAAAECRbXIHcPLJbstBgwblqKOOSvPmzVO7du3suOOOOeWUU3LfffelXbt2m5yjbdu2ufXWW9OhQ4fKUHfllVeuN65nz5655ZZbKnesrlq1Krvvvnv69u27VfE3SY4++uhccskladmyZebPn5/WrVvn/PPPX29cv379cvHFF6d9+/YpLy9PSUlJDjjggNx5551p27btZp2zT58+2W+//VKnTp00atQodevW3ejYFi1aZNCgQTnyyCPTuHHjrF69OjvttFPOO++89OvXb6uva1vd20svvTSXXHJJ2rZtm1WrVqVhw4Y5+uijc9ddd6VOnTpJPvlve/DBB6devXqpW7dujj766Bx44IHVmr9z587p379/9t1338ycOTOvv/562rZtm0suuSSXXHLJVt0rAAAAAAAAKLKSinXPDAYAAAAAAADgn27dU3wnT55c7WM6deqUpJo7gAEAAAAAAAD44hOAAQAAAAAAAApCAAYAAAAAAAAoCAEYAAAAAAAAoCAEYAAAAAAAAICCEIABAAAAAAAACkIABgAAAAAAACgIARgAAAAAAACgIARgAAAAAAAAgIIQgAEAAAAAAAAKQgAGAAAAAAAAKAgBGAAAAAAAAKAgBGAAAAAAAACAgqhV3YEff/xxXn755fz+979Py5Yt88Mf/vDzXBcAAAAAAAAAm2mTAXjNmjW54447Mnbs2CxbtiwVFRX5zne+849YGwAAAAAAAACbYZOPgF65cmXeeOONnHHGGXnsscdSt27df8S6AAAAAAAAANhMm9wB3KhRowwZMuQfsRYAAAAAAAAAtsImdwADAAAAAAAA8K9BAAYAAAAAAAAoCAEYAAAAAAAAoCAEYAAAAAAAAICCEIABAAAAAAAACkIABgAAAAAAACgIARgAAAAAAACgIARgAAAAAAAAgIKotbkHPPPMM5/HOgAAAAAAAADYSnYAAwAAAAAAABSEAAwAAAAAAABQEAIwAAAAAAAAQEEIwAAAAAAAAAAFIQADAAAAAAAAFIQADAAAAAAAAFAQAjAAAAAAAABAQQjAAAAAAAAAAAUhAAMAAAAAAAAUhAAMAAAAAAAAUBACMAAAAAAAAEBBCMAAAAAAAAAABbHJALxs2bI88cQT2+Rk/fv3z4033rhN5gIAAAAAAACgqlqbGjBlypQ88cQTOeaYY7b6ZBdeeGHKy8u3eh4AAAAAAAAA1veZAXjy5Mm5+eabs3z58nzve9/LgAEDsmbNmvziF7/IW2+9lRo1aqRVq1a57LLL0rZt23z00Uc54YQTcvnll+f555/P4sWL07hx4/Tt2zctW7bM3XffnZUrV+aqq67K2rVrc99992Xs2LFZs2ZNdtttt/zoRz9K8+bN/1HXDgAAAAAAAFAon/kI6E6dOqVXr17p2LFjHnjggTRo0CA//elPU6tWrfz617/OQw89lD333DN9+/ZNWVlZatX6pCfPmDEjd9xxR4YOHZrGjRvnjjvuWG/uRx55JOPHj8/gwYMzYsSING/e3OOhAQAAAAAAALbCJt8B/GkrV67M+PHjc8opp6RmzZpJkp49e+add97JrFmzKscdddRRlX9/85vfzMSJE9eb69lnn81RRx2V+vXrp0aNGrnssssEYAAAAAAAAICtsFkBeMGCBUmSJk2aVH7XqFGjlJSUVP627rt1GjRokKVLl6737t/58+enYcOGlZ9LS0uz/fbbb97qAQAAAAAAAKi0WQG4WbNmSVIl9i5atCgVFRVp0aJF5Xd//3ujRo1So0bVUzVr1izz58+v/Lxy5crMmDFj81YPAAAAAAAAQKVNBuDatWtn2bJlKS8vT926ddO1a9cMHz68ckfvQw89lK985SvZaaedKo8ZOXJkysrKUlZWlieeeCIHHHDAevMefvjhGTNmTBYsWJCysrLcfffduf3227fhpQEAAAAAAAD877LJANylS5csWrQoJ5xwQqZPn56+ffumrKwsp512Wnr16pV33303N9xwQ0pKSiqP6dixY84999z07Nkza9asyUUXXbTevKecckoOPfTQnH/++TnhhBMye/bsXH311dv26gAAAAAAAAD+FympqKio2FaTLVq0KMcee2weffTRtGrValtNCwAAAAAAAPC/xpIlS5IkkydPrvYxnTp1SrKZ7wCurm3YlAEAAAAAAACops8lAAMAAAAAAADwj1drW07WuHHj/OEPf9iWUwIAAAAAAABQTXYAAwAAAAAAABSEAAwAAAAAAABQEAIwAAAAAAAAQEEIwAAAAAAAAAAFIQADAAAAAAAAFIQADAAAAAAAAFAQAjAAAAAAAABAQQjAAAAAAAAAAAVRa3MGV1RUZPdT+uftWfMz7LpT0/vIvT+vdW3Q27Pm5ysn/3fuu7pHzvr2fp/7+c7/6Yj83z9My5wn+m7VPB/MX5qdjr2pynf1titNu1aNc/j+X8rFJx+Y3XZuXuX3jqf2z19mflTlu/rbl+ZLOzXLOcftnz4ndkntWjWr/P63WQvS/6GX8vSEv2bWh0tSp3bN7NK6SU46bM9c3PPANGm43VZdBwAAAAAAAPDFtlkB+Lk/Ts/bs+an05db595Rr/7DA/A/2neP3ieHdNplm813xjH75sxv75skWbpidV7/6wcZPPrVDBr1agb1PSmnf6tTlfF7dWiV2y87tvLzgiUr88yEv+bS/qMzYep7+dV/nVL525j/Ny2nXvVQWjSplz4nHpCv7rpDysoq8sobM9P/1y9l8OjXMqb/Wdmj/Q7b7HoAAAAAAACAL5bNCsD3jJyQ/TvulP84/dD0uvqhvD1rfjq0afZ5re2frvs+7ZN92m+z+XZp3Thf33fXys/HdeuYy3t3S48fD8s51z+aPXbZIft8ZcfK3xs32K7K+CQ56etfzdqy8tz3+Gu58fvfys4tG+W9uYvT+5qHs1eHVnnyjnPSYPs6leNP6L5HzvtO5xxywcD0uvqh/HHoxevtHAYAAAAAAACKodrvAJ63cHlGvvDnnHXs/jn+kI5p2nD73Dfq1Q2O7f/QH/KVk/87dQ+5Jrue9LNcd+8zWVtWXvn72Ff/lsP/bVCaf+v61Pv6T7Jn75/n7hHjq8yxZPnqnNVveJoccV0aHHZtjr18aN6ds2i9c737waKcds3DafGtG1L3kGuyZ++f556RE6qM2bP3z3PxraNyxyMvp913bsl2h16TLmf/Mm++82FGPD81X+19e+p9/SfZ+7u/yIuTZlQed/5PR6T1MT+tMteA376STt+9Iw0P/680OeK6HNpnYJ6fOL26t3E929etnaHXnpxatWrk1mEvVuuYrnu2TZK8M2dhkuSXj47L8pVrcs+VJ1WJv+t0aNMsN/3btzJ1+tz8btxftnitAAAAAAAAwBdbtQPw/WP+mFo1a+T0b3VKndJaOeOYfTJkzMR8vLasyrjrBz+bvgOezIUnHZD/N+jCXHPON/KzYS/m338xJkkyffaCHH3Z/dmhSf08dce5eW3IxTnn+P3zb7eOym+fe6Nynot+NjKPPvtGfnH5cZn0wCU5/ahO+eHto6uca+GSlTnkgrsz6S/v5+EbemfKg5fm9KM65fu3jMwvH32lclztWjUy+g/TMn/R8rz5m8vzp1//MDPnLkrPKx/MQ09Ozgv/54LMevzKNKxXN2ddP3yj9+BXT0zMD257PKccsVfGD74oz/+fC9J+x6Y57t+HZuYH68fp6tqhSf0c2ql9nv3j36o1/u335idJdmzeMEky9tW38+W2zbPnl1pu9Jgeh+2ZkpKS/H4xS5hyAAAgAElEQVTcW1u8TgAAAAAAAOCLrVoBuKKiIveOmpBTj9grDet9ssP0/O90yYcLl2X0H6ZVjlu9Zm3++8GX0ufELrmsd7fst/tOOfvY/XLzvx2V5SvXpKKiIi2b1s/EoT/IoL4nZd+v7JiOu+yQy3t3yy6tm+R3L38SJ5csX51Hxv4pZ31735xxzL7p0KZZeh+5d753zL5V1jXo8Vcze96S/Lpfr3yj85fy5bbNc+WZX0+Pw/bMTUOfS0VFRZXx1553RLavWzsd2jTLEZ07ZNo783L7ZcemeeN6adJwu5xyxNfy7pxFWbBkxQbvwzEHfSUTf/WD9D3r6+m4yw7Ze7fWub7PN7Ni1cd54VM7h7dE+x2bZN7C5VV2SldUVGRtWXnlv48WLc+DT07OncNfzjc6fylfatM0STJ73pK037HJZ87fYPs6adG4XmZ9uGSr1gkAAAAAAAB8cVXrHcBjX/tb/jZrQQZf3bMyUHbYuVkO3qtd7h01ISd9/atJkjffmZelK1bngK+2rXL8D04+qPLvetuV5u1Z83PFnU/kLzM/ysrVH6eiIpm/ZEXmL17xP/N8mLKy8uy/R5sq8xy8V7sqn8dNeTctmtSr8t7cJDmiS4f89rk38vas+dlt5+ZJkj3a75AaNUoqxzRpsF0a1quTNjs0qvJdkixcsipNG26/3n1o3GC7DH1iYi762ajM+nBx1nxclop8EpnXrX1LrVy9NrVr1UzNT63xpcnvpE63q6uMq1GjJGd9e7/87OKjK7+rXatm/q51b1BFKlKjpGTTAwEAAAAAAIB/SdUKwIP+55263S+8Z73fSkpK8u4Hi9KuVeMsWrYyySfvtd2Yp8b/NT1+PCy9j9w7I275blo0rpcaNUpy2EWDKscsWb46SdKoXt0qx64LtOssWrYq8xYuz3aHXlPl+/LyT2roB/OXVQbguqXrX2rd0g2vc13U/XvX3vN0fjbsxfS74JvpcdieaVivThYsWZmvnfbzjV5vdb317rzs3LJRSj4VaPf5yo65+0cnVn6uv11pdt2paUpr16xy7M4tG+Wv7330mfMvXbE6Hy1akbatGn3mOAAAAAAAAOBf1yYD8IcLl2XkC3/Oj8/onhO/vmeV38rKy3PkJffl/tGv5b/OP6Iy2H60ePlG5xs65o/ZsUXDPPBfp1SJnQuXrqz8u97/BOTFy1dVOfajRVXnbdJgu+zUomGeuuPcDZ6rbavGm7q8zTJkzMScesReufLMr1d+t2DJys84onr+MvOjjJ/6Xi7v3a3K9w22r5P9O+60yeOPOvArufaepzPhz++lyx47b3DMiOenpqKiIt8+uONWrxcAAAAAAAD4YtrkO4AHj/5jyisq8oNTDsr+HXeq8u+Ar+6cE7t/NYNHv5aysvLs0X6H1NuuNM+99rcqc9w1fFwO7TMwa8vKs2jZqjRtuF2V+Dv6D29m3sLllY8x3n2XFikpKclrf55VZZ6xr75d5fOBX2ubDxYsS4N6dbL7Li0q/zVpuF2aN97+M3cib4lFy1amWaOqj4YePPq1JFnvfcPVtXjZqpzVb3gabF8nF59y0KYP2IDzv9M5zRptnwt++lgWbiBIz3h/Ya785e/TeY82OaLzl7boHAAAAAAAAMAX32fuAK6oqMh9j7+ab+z/pbRq1mCDY077Vqc88LtJ+f0rf8m3D949Pzz14Px06PPp2L5ljj7wy3nznQ9z9d1P5btHdUqtmjXSdc+2ue7esRnx/NQcuGfbjH3t7dw9YnwO3ad93po5L7PnLclOLRrm2IN3z5AxE7Nfxzbp3LFNxr0xMyNf/HOVc597/P6545GX0/PHD+aWi49Ku9ZN8ucZc3PZ7WOyS+vG+f0vztl2dyrJgXu2zWPPT82Z394vTRtulyH/949ZuGRltqtTO5P/MicLlqzY4LuD13lnzqI8P3F6kmT5yjWZ8vYHuWfkhMxfvCK/7tcr7bZwx3LLpvXz0PW90/PKYdnru7/I90/qmr06tMrHa8syYep7ufux8WnVrEEeur53atbcZPMHAAAAAAAA/kV9ZgB+5tW/ZfrsBfnJud/Y6Jh1cXjQyFfz7YN3z3UXHJF625fm3lGv5obBz2bHFg1y6akH5epzDk+SXN67W6bPXpALbhqRtWvLc/j+X8pvbjwtf5w2O2dfPzxdzx2Qv/32itx3dY/8262jcmn/0amoqMghnXbJr649JfuecWc+XlueJGnacPu8eHef9B3w+/T48YNZumJ1WjdvkJO+/tVcd/43t+Ft+sTdPz4xfW56LN0vHJj629XJ6Ud1yoD//E5aN2+Qnz/8/7J81Zo8etPpGz3+V09MzK+emJgkqV2rZnZu2SjHHPSV/LDXwZXvKt5S3+j8pUx64JLc8ZuX88DvJua9uYtTWrtmdt2paX585tfzbz0OTP3tS7fqHAAAAAAAAMAXW0nFlj67GAAAAAAAAIBtbsmSJUmSyZMnV/uYTp06JdnEDuB+943NdfeO3Yql8UX0o+91z08v+tY/exkAAAAAAADANmYHMAAAAAAAAMAXyNbsAK7xuawIAAAAAAAAgH84ARgAAAAAAACgIARgAAAAAAAAgIIQgAEAAAAAAAAKQgAGAAAAAAAAKAgBGAAAAAAAAKAgBGAAAAAAAACAghCAAQAAAAAAAApCAAYAAAAAAAAoCAEYAAAAAAAAoCAEYAAAAAAAAICCEIABAAAAAAAACkIABgAAAAAAACgIARgAAAAAAACgIARgAAAAAAAAgIIQgAEAAAAAAAAKQgAGAAAAAAAAKAgBGAAAAAAAAKAgBGAAAAAAAACAghCAAQAAAAAAAApCAAYAAAAAAAAoCAEYAAAAAAAAoCAEYAAAAAAAAICCEIABAAAAAAAACkIABgAAAAAAACgIARgAAAAAAACgIARgAAAAAAAAgIIQgAEAAAAAAAAKQgAGAAAAAAAAKAgBGAAAAAAAAKAgBGAAAAAAAACAghCAAQAAAAAAAApCAAYAAAAAAAAoCAEYAAAAAAAAoCAEYAAAAAAAAICCEIABAAAAAAAACkIABgAAAAAAACgIARgAAAAAAACgIARgAAAAAAAAgIIQgAEAAAAAAAAKQgAGAAAAAAAAKAgBGAAAAAAAAKAgBGAAAAAAAACAghCAAQAAAAAAAApCAAYAAAAAAAAoCAEYAAAAAAAAoCAEYAAAAAAAAICCEIABAAAAAAAACkIABgAAAAAAACgIARgAAAAAAACgIARgAAAAAAAAgIIQgAEAAAAAAAAKQgAGAAAAAAAAKAgBGAAAAAAAAKAgBGAAAAAAAACAghCAAQAAAAAAAApCAAYAAAAAAAAoCAEYAAAAAAAAoCAEYAAAAAAAAICCEIABAAAAAAAACkIABgAAAAAAACgIARgAAAAAAACgIARgAAAAAAAAgIIQgAEAAAAAAAAKQgAGAAAAAAAAKAgBGAAAAAAAAKAgBGAAAAAAAACAghCAAQAAAAAAAApCAAYAAAAAAAAoCAEYAAAAAAAAoCAEYAAAAAAAAICCEIABAAAAAAAACkIABgAAAAAAACgIARgAAAAAAACgIARgAAAAAAAAgIIQgAEAAAAAAAAKQgAGAAAAAAAAKAgBGAAAAAAAAKAgBGAAAAAAAACAghCAAQAAAAAAAApCAAYAAAAAAAAoCAEYAAAAAAAAoCAEYAAAAAAAAICCEIABAAAAAAAACkIABgAAAAAAACgIARgAAAAAAACgIARgAAAAAAAAgIIQgAEAAAAAAAAKQgAGAAAAAAAAKAgBGAAAAAAAAKAgBGAAAAAAAACAghCAAQAAAAAAAApCAAYAAAAAAAAoCAEYAAAAAAAAoCAEYAAAAAAAAICCEIABAAAAAAAACkIABgAAAAAAACgIARgAAAAAAACgIARgAAAAAAAAgIIQgAEAAAAAAAAKQgAGAAAAAAAAKAgBGAAAAAAAAKAgBGAAAAAAAACAghCAAQAAAAAAAApCAAYAAAAAAAAoCAEYAAAAAAAAoCAEYAAAAAAAAICCEIABAAAAAAAACkIABgAAAAAAACgIARgAAAAAAACgIARgAAAAAAAAgIIQgAEAAAAAAAAKQgAGAAAAAAAAKAgBGAAAAAAAAKAgBGAAAAAAAACAghCAAQAAAAAAAApCAAYAAAAAAAAoCAEYAAAAAAAAoCAEYAAAAAAAAICCEIABAAAAAAAACkIABgAAAAAAACgIARgAAAAAAACgIARgAAAAAAAAgIIQgAEAAAAAAAAKQgAGAAAAAAAAKAgBGAAAAAAAAKAgBGD4/9i79zgry3rh/99BDrKZGQ7tRJhRyRBEIxEUtHaCeSo1RB8t3WrgqSytDR76WTsF0WyXJvSYO/fGA/rLMC1EDQvDODxPIQiEkcAgIsrMIOyCYRbTcJ7nj3GWLGZgBhk5XL3f/8Ba6173uta95qXDfOa6LgAAAAAAAEiEAAwAAAAAAACQCAEYAAAAAAAAIBECMAAAAAAAAEAiBGAAAAAAAACARAjAAAAAAAAAAIkQgAEAAAAAAAASIQADAAAAAAAAJEIABgAAAAAAAEiEAAwAAAAAAACQCAEYAAAAAAAAIBECMAAAAAAAAEAiBGAAAAAAAACARAjAAAAAAAAAAIkQgAEAAAAAAAASIQADAAAAAAAAJEIABgAAAAAAAEiEAAwAAAAAAACQCAEYAAAAAAAAIBECMAAAAAAAAEAiBGAAAAAAAACARAjAAAAAAAAAAIkQgAEAAAAAAAASIQADAAAAAAAAJEIABgAAAAAAAEiEAAwAAAAAAACQCAEYAAAAAAAAIBECMAAAAAAAAEAiBGAAAAAAAACARAjAAAAAAAAAAIkQgAEAAAAAAAASIQADAAAAAAAAJEIABgAAAAAAAEiEAAwAAAAAAACQCAEYAAAAAAAAIBECMAAAAAAAAEAiBGAAAAAAAACARAjAAAAAAAAAAIkQgAEAAAAAAAASIQADAAAAAAAAJEIABgAAAAAAAEiEAAwAAAAAAACQCAEYAAAAAAAAIBECMAAAAAAAAEAiBGAAAAAAAACARAjAAAAAAAAAAIkQgAEAAAAAAAASIQADAAAAAAAAJEIABgAAAAAAAEiEAAwAAAAAAACQCAEYAAAAAAAAIBECMAAAAAAAAEAiBGAAAAAAAACARAjAAAAAAAAAAIkQgAEAAAAAAAASIQADAAAAAAAAJEIABgAAAAAAAEiEAAwAAAAAAACQCAEYAAAAAAAAIBECMAAAAAAAAEAiBGAAAAAAAACARAjAAAAAAAAAAIkQgAEAAAAAAAASIQADAAAAAAAAJEIABgAAAAAAAEiEAAwAAAAAAACQCAEYAAAAAAAAIBECMAAAAAAAAEAiBGAAAAAAAACARAjAAAAAAAAAAIkQgAEAAAAAAAASIQADAAAAAAAAJEIABgAAAAAAAEiEAAwAAAAAAACQCAEYAAAAAAAAIBECMAAAAAAAAEAiBGAAAAAAAACARAjAAAAAAAAAAIkQgAEAAAAAAAASIQADAAAAAAAAJEIABgAAAAAAAEiEAAwAAAAAAACQCAEYAAAAAAAAIBECMAAAAAAAAEAiBGAAAAAAAACARAjAAAAAAAAAAIkQgAEAAAAAAAASIQADAAAAAAAAJEIABgAAAAAAAEiEAAwAAAAAAACQCAEYAAAAAAAAIBECMAAAAAAAAEAiBGAAAAAAAACARAjAAAAAAAAAAIkQgAEAAAAAAAASIQADAAAAAAAAJEIABgAAAAAAAEiEAAwAAAAAAACQCAEYAAAAAAAAIBECMAAAAAAAAEAiBGAAAAAAAACARAjAAAAAAAAAAIkQgAEAAAAAAAASIQADAAAAAAAAJEIABgAAAAAAAEiEAAwAAAAAAACQCAEYAAAAAAAAIBECMAAAAAAAAEAiBGAAAAAAAACARAjAAAAAAAAAAIkQgAEAAAAAAAASIQADAAAAAAAAJEIABgAAAAAAAEiEAAwAAAAAAACQCAEYAAAAAAAAIBECMAAAAAAAAEAiBGAAAAAAAACARAjAAAAAAAAAAIkQgAEAAAAAAAASIQADAAAAAAAAJEIABgAAAAAAAEiEAAwAAAAAAACQCAEYAAAAAAAAIBECMAAAAAAAAEAiBGAAAAAAAACARAjAAAAAAAAAAIkQgAEAAAAAAAASIQADAAAAAAAAJEIABgAAAAAAAEiEAAwAAAAAAACQCAEYAAAAAAAAIBECMAAAAAAAAEAiBGAAAAAAAACARAjAAAAAAAAAAIkQgAEAAAAAAAASkVdTU1OzvwcBAAAAAAAAQK3KysoP/FwzgAEAAAAAAAASIQADAAAAAAAAJEIABgAAAAAAAEiEAAwAAAAAAACQCAEYAAAAAAAAIBECMAAAAAAAAEAiBGAAAAAAAACARAjAAAAAAAAAAIkQgAEAAAAAAAASIQADAAAAAAAAJEIABgAAAAAAAEiEAAwAAAAAAACQCAEYAAAAAAAAIBECMAAAAAAAAEAiBGAAAAAAAACARAjAAAAAAAAAAIkQgAEAAAAAAAASIQADAAAAAAAAJEIABgAAAAAAAEiEAAwAAAAAAACQCAEYAAAAAAAAIBECMAAAAAAAAEAiBGAAAAAAAACARAjAAAAAAAAAAIkQgAEAAAAAAAASIQADAAAAAAAAJEIABgAAAAAAAEiEAAwAAAAAAACQCAEYAAAAAAAAIBECMAAAAAAAAEAiBGAAAAAAAACARAjAAAAAAAAAAIkQgAEAAAAAAAASIQADAAAAAAAAJEIABgAAAAAAAEiEAAwAAAAAAACQCAEYAAAAAAAAIBECMAAAAAAAAEAiBGAAAAAAAACARAjAAAAAAAAAAIkQgAEAAAAAAAASIQADAAAAAAAAJEIABgAAAAAAAEiEAAwAAAAAAACQCAEYAAAAAAAAIBECMAAAAAAAAEAiBGAAAAAAAACARAjAAAAAAAAAAIkQgAEAAAAAAAASIQADAAAAAAAAJEIABgAAAAAAAEiEAAwAAAAAAACQCAEYAAAAAAAAIBECMAAAAAAAAEAiBGAAAAAAAACARAjAAAAAAAAAAIkQgAEAAAAAAAASIQADAAAAAAAAJEIABgAAAAAAAEiEAAwAAAAAAACQCAEYAAAAAAAAIBECMAAAAAAAAEAiBGAAAAAAAACARAjAAAAAAAAAAIkQgAEAAAAAAAASIQADAAAAAAAAJEIABgAAAAAAAEiEAAwAAAAAAACQCAEYAAAAAAAAIBECMAAAAAAAAEAiBGAAAAAAAACARAjAAAAAAAAAAIkQgAEAAAAAAAASIQADAAAAAAAAJEIABgAAAAAAAEiEAAwAAAAAAACQCAEYAAAAAAAAIBECMAAAAAAAAEAiBGAAAAAAAACARAjAAAAAAAAAAIkQgAEAAAAAAAASIQADAAAAAAAAJEIABgAAAAAAAEiEAAwAAAAAAACQCAEYAAAAAAAAIBECMAAAAAAAAEAiBGAAAAAAAACARAjAAAAAAAAAAIkQgAEAAAAAAAASIQADAAAAAAAAJEIABgAAAAAAAEiEAAwAAAAAAACQCAEYAAAAAAAAIBECMAAAAAAAAEAiBGAAAAAAAACARAjAAAAAAAAAAIkQgAEAAAAAAAASIQADAAAAAAAAJEIABgAAAAAAAEiEAAwAAAAAAACQCAEYAAAAAAAAIBECMAAAAAAAAEAiBGAAAAAAAACARAjAAAAAAAAAAIkQgAEAAAAAAAASIQADAAAAAAAAJEIABgAAAAAAAEiEAAwAAAAAAACQCAEYAAAAAAAAIBECMAAAAAAAAEAiBGAAAAAAAACARAjAAAAAAAAAAIkQgAEAAAAAAAASIQADAAAAAAAAJEIABgAAAAAAAEiEAAwAAAAAAACQCAEYAAAAAAAAIBECMAAAAAAAAEAiBGAAAAAAAACARAjAAAAAAAAAAIkQgAEAAAAAAAASIQADAAAAAAAAJEIABgAAAAAAAEiEAAwAAAAAAACQCAEYAAAAAAAAIBECMAAAAAAAAEAiBGAAAAAAAACARAjAAAAAAAAAAIkQgAEAAAAAAAASIQADAAAAAAAAJEIABgAAAAAAAEiEAAwAAAAAAACQCAEYAAAAAAAAIBECMAAAAAAAAEAiBGAAAAAAAACARAjAAAAAAAAAAIkQgAEAAAAAAAASIQADAAAAAAAAJEIABgAAAAAAAEiEAAwAAAAAAACQCAEYAAAAAAAAIBECMAAAAAAAAEAiBGAAAAAAAACARAjAAAAAAAAAAIkQgAEAAAAAAAASIQADAAAAAAAAJEIABgAAAAAAAEiEAAwAAAAAAACQCAEYAAAAAAAAIBEt31q5an+PAQAAAAAAAID3fKR9uw/83LyampqaZhwLAAAAAAAAAHuhsrLyAz/XEtAAAAAAAAAAiRCAAQAAAAAAABIhAAMAAAAAAAAkQgAGAAAAAAAASIQADAAAAAAAAJAIARgAAAAAAAAgEQIwAAAAAAAAQCIEYAAAAAAAAIBECMAAAAAAAAAAiRCAAQAAAAAAABIhAAMAAAAAAAAkQgAGAAAAAAAASIQADAAAAAAAAJAIARgAAAAAAAAgEQIwAAAAAAAAQCIEYAAAAAAAAIBECMAAAAAAAAAAiRCAAQAAAAAAABIhAAMAAAAAAAAkQgAGAAAAAAAASIQADAAAAAAAAJAIARgAAAAAAAAgEQIwAAAAAAAAQCIEYAAAAAAAAIBECMAAAAAAAAAAiRCAAQAAAAAAABIhAAMAAAAAAAAkQgAGAAAAAAAASIQADAAAAAAAAJAIARgAAAAAAAAgEQIwAAAAAAAAQCJa7u8B8I9pRfnamPGnN2PFqrWxYGlZVGSqoyJTHTUR0SG/bVRsqI68iOhQ0DY6FLSNPj2Kos8xRXHCMV2jW9dO+3n0AE23afHi+Os99zR6XMGFF0bhRRftgxEBH8Sxp961V88v6tI+irp0qD3XMYdHrx6d44zP9IzCgkObY3hAAjbNmRVbS0tja9nK2Lz49dheWVnvmBaFhdG61/HZ2617HR8ti4qj1Q73HWi2la6MDc8+s0fPObT/KdFmwKc+pBEBAACkL6+mpqZmfw+CfwwLlpbF45NfjWnzlkW3Lp1iUN+PR58eRdGtS6fdRt0V5WuzoXj6/DejIlMdJ/YsiqHnnRx9ehTtw3cA0HR//d73YtOSJbGlrCy2lpXt9tiCIUPio//+79GisHAfjQ7YU3sbgHfljNN6xneGn52Nw8A/jm2lK+PvL0+JjbNnxcbZs6ImUz/47olWvY6LlkVHROtex8c/nXnOAROFN83+Y6y+8ot79Jz2N46I9t+8+UMaEbA/bVj/P5Hf/qP7exgAAAeFygZ+MbipzADmQ/f45FdjzIQZ0eeYohh2/skxZsSQ3R4/fd6ymPGnN2PktedERaY63n53XQzq1z0G9esewy8bmD1m7ISZsWLV2rjqC/1j6Hkn74u3AtAkmxYvjoonnsi5r2XXrlF40UVRPXt2VL/6as5j+WedJf7CP6iXZ5bEyzNL4p7vDo6Lzjthfw8H2Aeqp06JDROfjuqpU5r1vFsWL4otixfVnremJtrvEIBXX3FJdPjGCLNqgf1OAAYA2DfsAcyH5s6Hp0SfK+6LmpqaWPCzW2L8yMtiUL/usWDp7mfCjRo3JUaNmxIVmeoY+9SMGPS1B2P6vGU5xwzq1z3Gj7wsJt17dbxV/rcYdP2DcefDzfsDFIAPqqElG7eWl8f2TCY2LVlS77FNixfvi2EBB7Dv3P183DPG9zKQsqqJz0TZ6afE/3z9mmaPv43ZNGdWrL7yi7H6ikti0+w/7tPXBgAAYN8TgGl20+ctiz5X3Bft2x0aC352Sww7v39ERIwa99vIG3BTnHjlj+LEK+6LFeVrG3z+jD+9GRG1S0aP//Wr9R5fsLQs7nx4Stz5cG0kHnXd52L6QzdE+3aHRp8r7qsXiwH2h7YnnxydbrwxOt14Y7TIz4+IiIrHH4/tmcx+HhlwoHri6Tkxe/7b+3sYQDPbsvj1WH3FJfG320bEtrLS/ToWIRgAAOAfgwBMs6nIVMdVoyfE+F+/GtN/ekN2ueaI2ih858MvxbM/vCreeva7sS5THcPHTKp3jrp4O/Las2P4mEnRoaBtvcdPvPJH8ez0hfHs9IVx4pX3ZWcUD79sYEz/6Q0x9qmZMWLMpKjIVH+I7xZg11oVFUWHYcOies6cqJ4zJ1q0b7/b46tnz95HIwMOdN8faxYwpGTd90bFqgvOiU1zZu3voeQQgoEDyeZNVft7CAAAybEHMM1iwdKyGH7/pBh+2WkxZGDvqMhUx4z5b8bAvh+PiIjp85dFty4dY8jA3hERMez8k+POh1+qd57p85fFCcd0jW5dOsVrb5THY7dfGsPvnxTT5y+LQf26x9inZsZRh3eMBT+7JSIi+lxxX4ydMDPGj7wsIiI6FLSNSfdeHeN/PSeG3PpojL1pSPTpUbRvLgLAe1oWF0dERPWcOft5JMC+1LN75ygsODTnvsVL340NVZuafI4lb6yOslUVUdSlQ3MPD9iHtpWujDU3XBNbFi/a30PZrdoQPCva9D81/vk/7o9Dio/Y30MCErd2zYo4/MjjsrfffWdRzu2UVa0sj6qyVdnbHXr1iNbtC/b6vKVTpsW6xUuztw8b0C86n3pSk567eX0mtlRmot0RXRt8bM3seVFVWh4dj+sZh53Sr0nnXPd6SXQ8vmfTBv+e1bPmNnnMO46v9HfTY82subG5MhMdj++5R++9sfHk5eVFRES7oi4NXp89UbWyPNYtXhrrFpXE5vWZaN2+INoVd42jL/5Ck56/q2u6eX0mKt47b8fjejbpa2rd6yVRVbYq1i0qqf17aXl8/jdPNfm9bF6fibd+9UKsnDItzvzFuCY/D4B9TwBmr9XF3/F3XBbdunaKSTMWxlWjJ0TFho0x7LyT47E7LotuXTrFilXrYsHSsujToygWLC2PC077RL1zdXgFhtMAACAASURBVMhvG8POOzn69CiKow6vDcY7LgNdkamOQX275zynYsP7M30nzVgY3bp0imHn948+PYpi+P2TRGBgv2hZXBzdXn45tpSVxerbbout5eW7PLb61frL3QMHn++MOCcG9D2q3v2VmY3x+C9mx4OPzGzSeRYvXS0Aw0Fsy+LX490rLomaTOX+HkqTbZozK8o+e2q0u+iS6HDjTUIw8KHYsP5/otNh3XJu72r2b939rdu02ydj+7BUrSyPJY/+PEpfmhZVpfX/TXjYKSfF0ZcMbnIIrLN61tx465cvxMqXpsWWyvrbDLUr7hqn3HdnvRhatbI8Vs+eF2tmza0NgItKol1x1/j8i09F6/YF2ahaOmValL40Lee5rQoL4thrLo/ew79a7/U2r89EyWM/j+XPPB9VpeXR945b4thrLm/y+3n50usiojZen/n0w7s9dvkzz0fpS9Prja/u9q7e++7Uve/lzzwfa16ZW+/xjsf1jJ7XXL5Hn1PdOUseeTLWLSpp8Jh5d97b4DVdPWturJk9r/bP98ZzxlPjsu+pdMq0WP7LF+pdg4iIoy8eHH3vuKXBELx61tzstd5TdV9zy3/5fPa+5c88H0dfMvgDnQ+aombtHyKv7RERbY/c30OBg1JeTU1Nzf4eBAevSTMWxtgJM2PSvVdHh4K2MX3esjj96/8ZY4ZfEBUbquPOh1+KdVO/Fx0K2sag6x/M7u971OEdY9K9Vzc5zK4oX5uNyxd+67EYO2JIVGyojlHjpsSzP7wqhgzsHQuWlsXpX3swKjZsjMduvzSGnd8/KjLVMeTWR7MzkwH2h2U9G//t5+4lDf+DEDgwHHvqXY0e8/iDX24wAGcff2p2fP/H9VdA2dkN15wW37h2YKPH1anMbIwly1ZHRMSSpe/G+szG7IyF/u+Np/+Jux7X3lq89N3IvDfLec57exjvi9c90NV9LkuWvhuVG+rPAu/f96goaNcmevU4fD+Mjg/Lptl/jDVfv3a/x9/2N46I9t+8OXv7nR7Fe/T85gzBm2b/MVZf+cU9es7O4wfS8O47i6JT56OyUff3E++Lz150S84xmzdVZWcFH8zxd/P6TMwffV+snPL7OPriwdH51JOiVWFBNqzuOBM4ojZa9rvjlig+5/Tdnnf1rLmxcOx/RedT+sXRF9eGt9WvzI0ljzwZFTvMAq6zcwxc/szz8cotI+sd1/Pqy2NLZSZWvjQt2hV1iYho8Hx15zzlR3dmb5dOmRYzv3JTveMu+L+Tmzxz9udHnRgRuw/Aq2fNjfmj74vDBvTLXqd1i0qi5JEn613PunHuKoTuaPkzz8fCsf+VnT3crrjrLs+7uwi+o9Ip02LWLSOj84B+0fO9EL6lMlMbr383vd7xHY/rGafcd2d2lu+Ln/tSvevfrrhr9B5xfSwc81BETU12nFsyG+qdr11x1zjtv+9vcNbwkkeejPmj78u571/f/tNu30/E+5/Rzq9zwR8mN/pc+CBqSidERERe8WX7eSSwf1VWfvB/W5oBzAe2YGlZTvyNiBjUr3tccNon4se/qJ3hcsIxXbOPTX/ohliwtCwqMtXRp0dR9v4Z89+Mikx1LHijdi/futgbUTsjuE+PouxS0kMG9o7Hbr80Oyt4zPALsktOXzV6QhzVpVOMPO/kuOqup6Jbl04xqF/3mHTv1THk1kejW5dOZgIDB6xNixdHm1699vcwgA/R0EsHNCkAN6ZsVUW8PLMkZs9/O+bMXxGZBuJiQ/r3PSouPO+EOOMzPestVb0nKjMbY9KLr8XUmSW18beR1z/2mM5x0XknxJBzT9jl6y5e+m5cOLRpS8g9+/h1OdH0gYdnNDq7uqlRvTnONXHya/HyzJJ4eWbTf7Gnf9+j4szTesYZp/U0+/sgtmXx6wdE/G0OVROfiaqJz5gRDDS7uqi74A+/jCOPOTnnsXffqV02f+f7DzbrXi+JqZdeF+2KusQFf3gxJ0B2PvWk6D3i+ih59MlY8siT2Xi3ef3u/99RtbI8Zt0yMta8MjdOue/OnFmXRx8xOI6+ZHAseeTJWDjmoZwguHLK76Pn1f8ardvXhsCjLxkcmysz9QJgyaNPRquC/Dht3JjsLNOqleWx5JEno+Sxn+ccWzcDtC4CF59zenzsf30h3vrVCznH/XnMQ3Hq/aMbv2A7aGjWbt17X/f6kjjzFw/nRM3Op54Ux15zeSx/5vmYd+e9Oe999axXo6q0PPved7Z5fSZmfuWmRs+7cMxD2RC8pTITmyt2/VltXp+JV24ZGaUvTYvew78avUdcn/N48Tmnx7rXS2LWzXfkBN662dh1YzjzFw/Hc58+N+f9VJWWxys331FvdnVD772qtDxmfuWm7MzuHR198eB6n/8HVVVaHqVTpjX6iwuwp7Yvuzdq/v5OHPLJB/b3UOCgJgDzgdQt+zzp3qsjIuKq0RNizIgh0aGgbe1S0BfcFR0L22b36q3Tp0dRVGSq47mZf4k/ldTF4K7Rp0dRnNHvmNhWUxPRt/bYQ/LyYuv27fGnktIYM2FGdMhvG6ef1D2GDOwdw87vn3PeIbc+Gm+Vr43pD90QfXoUxahxU7L7BtftC2xPYOBAtn0vfpsLOHgU5LdpNJgW5u86zl5w5X9HyXuzfffUnPlvx5z5b0dBfpv4/ncviDMH7tnebJWZjfH9H78UU2csaXJ0jqjd1/iesS/F72aUxP//n19u8Lw33vZ0k8717X87+4CdMbt46btx421PR9mq9Xv83LrPZlfXiAPfwbjsc1MIwUBzym//0YioDb3LFs6Ii69//wf7i+a+GN17DzyoZ/1G5M6wHdhAfIuIaN2+IHqPuD6OvnhwzLr5jthcmYmB48bscrbs6llzY+ZXbootlZnoPfyru1xy99hrLo8jzj49Zt18R6yZPS8OG9AvThs3psEAuHMojojoN/LWnADb7oiu0W/UrdHx+J71Zg0v/+Xz8bGLv5A9/tT7R0dVaXmsmT0ve8xbv3ohPjni+j3aP7fjcbnfn9bF9C2Vmeh7xy273Fv46EsGR/HZp8fM60bEmtnzovisQXHKj0bvcvbvjufdcebtrs5bF+xP/dHoXcbOzesz8fKl18W6RSVx2IB+9eJv9j0e3zPO/e0vYt6oe6PksZ9Hu6Iucdq4MTljaN2+II6+eHC9+F581qB6S2vXjXHql67NicpVpeUx785760X4vdl3ulVBfr2vmyWP/lwApllt+/M3I6JG/IVmIACzxyoy1TFs9ISY/tMbokNB21iwtCyenb4wps9fFs/+sHZZ5/EjL4sLv/VYTJqxMLv0ckWmOn78i5nxp5KyGHb+yXF6v+4xff6yeHzyqzFi7HO7fL0+x3SNQf26x6C+3aMmamLY6AlxYs+i+LcvnRYdCtrGivK1tcs/n9Q9OuS3jbETZsT6qo05ewXXhekh33o0O26AA0nV1KnRdsCA/T0M4ENUtqqiSeG0/26Wkf6g8XdHmQ2b4sbbno4Lzzshvv/dpu3ZNXVGSXz77uf2KPzurCC/TYP333bXc02Kpp/9TI8YeumB+d/JiZNfi++PnbJX1ydi9589B67tletjzdevSS7+7kgIJlV33313dtuEwsLC+MY3vrGfR5S2/PYfjc2bquIPLz4URx5TGw43b6qKRXN/E8ed9PmDPv6WTpmWDaUf+19faDR8tjuia6P73a57vSS7Z2urgvzoefXu99WtO+fu9mZt3b4gOh7XMyfWRkQUn91wxNvVrOGFY/8rJxif+qPR8dy/nJdzzJJHnox+o27d7ZjXvV67akq7oi45IXHHSNuqIL/RPYVbty+IM59+uNEZqVUry3PO29getnXBfldBt86OAbaxYyMi+o2qDe6HnXJSg1G286kn1Q/Au3hfrdsXxMBxY+LFz38pJ9C+9asXot/IW/cq+u6o94jrY82suTnLWK95ZW6snjV3j/ZcJi01a/8YERF5LQsjCj/xwU+0dX1smzc0ImrikAG7bgVA0wnA7LGr7poQY9+b7Tt9Xu0s2wU/uyWGfOvROP1rD8a0n94QQwb2jmd/eFU2wj4++dWYNndZXHzGCRERMWLMpFixal2TXm/BG+Wx4I3yGPvUzOjWpWMMO79/9Dv2iBg2ekKc3q97/Nulp8WCn90Sw0ZPiI9deHdERAw99+QY1K/2tcf/ek6sWLU2Rl33uRg7YkhcddeEePaHV38IVwagvsqJE5t0XMUTT0TBRRdZBhoS9u27n2/0mK6Ht99nM1yfnfxaFLRrE98Zcc5uj7tnzJR44uk5e/16Db2vx5+aHb//Pw3vL7ejroe3j/+4/YK9HsOHYfHSd5sl/nLw+tttN8W2stL9PYx9omriM/H3302JwmHXRsHQa6JFYfv9PST4wB544IG4557vRURt/J0yZe+3aaBx/3fyT2ND5f9E99612ym8s3Ru9Pn0xft5VHtv8/pMzNphluwRzTQjctbNd2T/3nkXobAhjUXNnQNwq4L83Z772Gsur7cn7ppX5uYc0+6IrtF7+Fdj4dj/yt63/FcvRO8R1+/23OsW1QbgnQP0rJvviC2VmQYf253GZqPueN7OpzRPtFw45qFs/G1X1KXJMXR3Y21VWP+atSve9S8VtDuiaxx7zeU51z8iovSlaY1+PTRm9azaz7rzKSfFEWefHqtfmZsTmkseeVIA/kdR/U5sX/3bqFn9YtRUr4yoXtngYXmdPhV5nc+NFp0+1bQovHV9bH3lwoioiZanTGreMcM/MAGYPTJ2wow44b0ZueN/PSeuuuupeOz2S2PY+f1j+k9viG4X3BVjJ8yM8SMvy+7NO+zOCTGo38fjxJ5FceXIn0XFho1RWLMl/n3rO7E4Lz8mtuy829ccsK0iIvKirEXrWLEqYtS4KdEh/9AYdd3noqamJobc+miMv+Oy7B7DEe8vNT1izKQYP7l2v+BBfbvX7gk84y8x/tdz6i0jDdAcqmfPjsqJE6PVEUdE9ezZUT2n4WjSIj8/tm/IXTpp5ZAh0bZ//2hRWBiFF14Y7c48c18MGfgQla2qiDl/ejt+8vCMJs1yHfqlfTvD9Ymn58QZA4+NAbuYeTpx8mvNEn8bsnjpu/GTR2Y06dgHf/DFvdq3+MN0213PN1v87XXMgbm8NbuWGT8uqqdOabbztT3j7Pinsz4XLYuKo1Wv4xsMrNsr18eWxa9HRMTG2bNi8+LXY2tZaWxZsqjZxrE7NZnKWP/A/VE5/mEhmINWRUVFvfh7wgkn7OdRpW/Zwhmxctm8aFf4z9HpsG6xYf37Ifhgt3DMQ9moGBFxWDOExeXPPJ+zpO+ulin+IHYOsjsvvdyQntdcXm8WcNXK8pyZzj2vvjxnb+MtlZkoefTJ3c6IrYuLO+9ru+N7z9+DZaR3p3TKtJzw3RzXdPP6TCx59P2Zus3x2e9K6wai8I6OvnhwvQBcVVreLK/dqiA/e716j7g+52uh9HfT630tkJaatX+I7W/cm53t2/jxf4yatX+M7VEbg1t0+2rkdf58wwdX/iW2zh8a0bKwNv629H0lNBcBmCaryFTH+MmvZvf1HXZ+/5g+78246q6nYsb8N2PoeSdHXl5Enx61/7NfUb42Ro2bEjf968D4t/ufjenz34yIiMKaLfHUoW/FcfktokVBxP2ZZXH/6lbxv1u+/4PH4prquOvoltGrclX0GHxOtO5xTKwZeWeM/XunGH9I16jYEDF8zKQY1PfjMfqrn6+3v++CpWVx1egJseCN8hh67snRp0fXGDZ6Qqx47vYYdd05MehrD8aQgb0tBQ00u7plnCsef7xe/G3ZtWu07d8/PvLe0nJ/e+CBqJo6NScEb6usjA5Dh4q/cBAaesMTe/X8D7rEcc/unevF0crMxiYvF/3gIzNiQN/6+87Onv92fKcJs5abqqhLh5zxffvupoXTG6457YDe97cp17ln984xoO9RUfDe55TJbIzFb6yOxUvfjQ1V71+DggM0ctOwbaUro+KBMXt9nkO6FkWHb94cbc88p0khtUVh+2gz4FMREdk/I2rD8KbZs2Lj7FnRch8s0SwEczD7yU9+EuvXrxd/96HNm6ri1d/Xfq903Em1EaBuT+AULP9l7vdMzbHkbumUaXt9jubUUCTeOfi1bl9Qbxbqkkd/Hj2vvnyX12TNK3PjsAH9cs71Yb335c/kfk7NEWtLX5qWE/933iO3OTUWrBsKsM3xHte8MjdntvSx11xeL6b/ecxD9fYbJgHV78S2P3+zyeG3ITVr/xjb1v4xouAT0fKT/zt3RnDlX2Lr7CERURMt+z4u/kIzE4BpsuH3T4qxI4bk3Dd+5GXRp0fXGDH2uRg/+dUYeu7JMfyygbFgaVkMv39S3PXVz8fA638SFRs2RsT78fcTXdrH5pKl0aIgE9szG+L/O6lfHL20NO7Y2Dkq81rFpI9Vx6OrIh6qKozCh/9P9Kr5bRTX/FOU5h0aw7aVx6K8/Jh6yEdi+vw3Y/DND8fz911bO773IvDw+yfFilVr47HbL42r7noqRl333exexB0K2sbYEUNi+P2TYvzIy/b5dQTSsL2yMiqeeCIqJ06MNr16Rdv+/SP/jDOiZXFxtB0wIBuCq2fPjoiINr16RYvCwpxzdP7BDyIiYmtpaWwpK6t3TObZZ+NvDzwQERH5Z54Zbfv3F4YhUZ/9TI8mL3Hc9fD2ceZpPXc7czeiNrLeM3ZKTHrxz7s935z5b0fZqoqcQBtRu/RzU+W3axNnDuwZZ552bDZilq2qiCVL342pM0ui/N31Oee/Z+yUWPJG4+H05BOPim9ce+DODJo6s6TRY37yH1+MMwfu+od1i5e+G89Ofi0mTn4tirv4gcfBZO09o/Zq39+8/ILacDrs2mYJpy0K20fbsz4Xbc/63F6fa08IwRxsKioqYubMmfEv//KZuPLKK8XffWTZwhmxedPfo+NHj4zjTjp3fw+nWa2elbsc7mED+jXLeXfcZzWiNqSufmVedDyuZ05M3XkZ49WvzI11r5fE0Rd/odHlkPfEzrNPi88a1OBxezILeN3rJVFVtqreYzu/9+W/fCHWLVqaE0A7Htez3pg2lJbHmllz47BT+jW47PHqnZatbg47x+rSl6bFbz5/ac61b1fcNfJ3WL55c2Um1i0qiaqV5VFTU9Ns4XTz+kzO7VYF+U2a3d2Yda+X1IvP/UbeGr8599Ls7bd+9UJ8csT1ZgEnpGb1i7Htz9+M2LrT97stCyKv06cj7yOfjrz3Ym5ep0/XPlb9TtRUr4yav/0htq/+TUTm9fefl6mNvS2O+Va06PaVqCmdENsW3x4RNdFywHN7t38w0CABmCZZUb42Vqxam136ecSYSTFkYO947I7LYvhlA2NQv+5RkanO/jlq3JS466ufj8G3PJyNvwO2VcQPti6Nnp8+JaqmzYgWBfmRf+YZsfWvf4tDOnaIwSUl0Wbr+vhaq+OjKq9lnJ1fHS03bIxeNRvirO1rY3Ze+yjOqz3X7VvfjPY1W+JXLQ+Pig0bY/AtuRF4/B2XRZ8r7ouKTHVM+8+vR7eunSKidhZz3ThHjZsSK8rXZh8DaKq1P/lJVIwfH9sztf+42lpWFlVTp8Zf77kn2vbvnzODty4E707L4uJoWVwcEblheWtZWfaYiscfj4rHH48WBQVReNFF0eHLX84+Bzh4dT28fXxn+Dm7DYQ7uue7g+Oi85r2g+rCgkPjP26/IIq6dIgHH5m522OnzijJmX08cfJrTZ5BPOTcT8Z3hp/TwBLNR0Wcd0J8Z8Q5MXHya1GY3yb7Wo1F6YjaqPzgD77YpDEcqAry2zT62fbqcXj06nF43HjtwAN2mWvq27L49b1a+rnVscfFP/9gTLTqdXwzjmrX2t84IirHPxw1GzKNH/wBpRKCZ86cGXl5efH222/HUUfV/pLNkUcemf07jXvttdeisrIyKioqIiKiQ4cOB9Q17NChQ7z0kv1+97XWbdpFq9Zt47MX3bJX51m7ZkW0btPugJo9vPNeuB+WLZWZWPPK3Hqvt3CHv7cqyI/Op5wUvUdcv0fLGzclEpa+lBs6e+6wZPOO9mQW8PJnno9WBfk5e/zuHDEjapcxriotrzeGOu2KukTH43pG8TmnR987bmlwtnHVyvJ6s3Pzd7OnblNtrqw/3nWLSrJ7G+9K8VmD4uhLBjdrpN/5+hx7za5nXu+J1a/Mjc6fOjnWvDIv5/7is0/Pec3lv3x+t8t9c/DYvuK/Y/vi7+beeWhxHHLMrZF3+Lm7nqnb9sjIa3tk5HX6dLQ45lsRlX+JbW/8MGrW/Lb28a2VsX3xd2N76VMRmb9EtCwQf+FDJADTJKPGTYlR152T3Vd36Hn9Y/yv58TQ806Obl1qA+qgft0jImLY6Alx878Oyom/ERHfOGxzFJdviuq586JFQX60KCiILStLY0t5eWwtXxUtu3aJszKr4qxtf40vLG8fZ237exTGIfFAiyPja61yfzDy8XaHRP+iLvGr5TUREdkI/OToK2P4/ZNi0r1Xx6R7r85G64pMdfz4FzNj7IQZ0adHUUz76Q0x6rpzYtS4KWYBA01WNyN3xzC7s+o5c6J6zpxoWVQUH/nGN6LgwgubdO668LtjWG7wuEwmG4Pb9u8fnW68sUmRGTjw9O97VAz90oA447Sm/3CuqfF3R0O/NKDRAFy5w/dsERHPTn6tSef+8hf7x3dGnNPocXXjLltVEd+++7kmnfvBH37pgA+imczG3T++YdP/a+/Mw5q49jf+IpsICYutIItYS9lapJXVXxVFqVpbKaKtCxW0ri3gbqtI3erVerWiV2zRugBK1bqAuFQQi0K9AhoqUIGol4okIGohybAIiPz+iAmZrJOQCLbzeZ48MpOZM+ecGWKYd973i+Rj+QinUNu5p4+Vhowg8UeN9zX28cerP+x/oeKo+cJlYMycAyJx3wsVgq1Wr4eBnZ3OjqUtcnJysHt3PM6cOaNwm8GDB2PPnr3w9PRETk4Oxo1T/dkn4sKFDAQEBAAANm7cKK49q4jhwwPg6TkYkZFRJNHUxcUFVVX3xctHjx5DcLCsw00SHo8HW9v+4mUHhwFgs4WiRJ8+1EsiDRs2XKloKprDnJwc8Pnya973hDkUIT32pqZmlX2Qnn9zc3PU1Dyg0v1/LHdLrohr/Dp5jOhyvd/WlkYUXT0JI2NT+IyeASNjU210U+tIxuJqSmOVbN1WCzdneK1doXAfIyZD45q2qkTC+ltsUp1b/23rYT1UcbQwVRdwxYl02I8JJB1fXl+Ujd3M3paS67RBTi3cBo5u6taOPqr8e4KyuVOEIcNM6futfIIkur82aYJWxNj6W2y0EQ1grd+qcltVcd80LwcdnCMy4m8vp+Xo9dp89SOamW9B3ysZHXVX0c4KB54+/w5K/AEA0B+8ixZ/aWjUJCIiQuF7SUlJpGVaAKZRCY9oFgupi7engdfwBO+42OFyoRUCv/geAHDw66ni6OU5H/lj4XenSOIvAHzx2BKxvfphHFpgHzYFvJSf0HyDBQPb/jANHCH+mVn7FAI9Q5w0ENZ6e6/9MaYZNyLAywlvODvAGB3g//Q7DrBbAMPXO/vZ8ASrfziH5Z8GYt2PGdixNAQ8ohnr92Vgx5Er4DU8QcR4H6ybK/wjU+QC5hHNdC1gGhoapVARfqV5yuWiduVK1Ccm4tWYGIUiLVXhVx7NBQXghofDxNcXr8TEwNjNTa39aWhoupeCwkoUFFaCYWaMiKn+CP/Et0sioIB4gvK7tejoAPT0AIapMdycbcBk9IbPO464/nul0r5ItqNsWxE+7zhSEn8l+eLLnynV/Q3/xFdpvHVPgUrN3k07MnHqXBFCP/CEzzuOPbaeMQ112jlVaEw9odG+hq7uL1z8FdGLaf7CheC/Vi6BHoOpeuNuorKyElOmfILiYtWpBMXFxQqFTW2Tm5uD3NwcxMfHY8+evZgxYwYAIDh4Anbv3i3e7syZMyoFYGlROzh4glb7yuPxMGXKFOTmKn/QCOi+Odyy5d+Ijo7uUnvp6ekk8RcA+Hw+Dh06JD4/NLIY9e6Dq+cTSGJt3cN7MDN/VW3xtuBSEspYF8TLd/+4gtffCoDv6PBuF4JN5bhIG6u6JiwaMmUFNCMmQyPhsKvU32Ija+pctAkIGDLM4LV2hdx4ZUmouIA5GdloIxpUtgVoZ+zy3L5tcty72kAX50mZS7uVT+DS1LlofC5yu8yaDq91ih8WUAeRw1cUbW7EZMDU3lbscK4vZVOK+9YFO+NPQU9PT7wcNGoI3N10/zfEwaQMEA1N4uWZM8aCyeyj8+Mqo7SsEvnXy5FfUAYB0dk3e7tX4efrivdGeVHqY0fdVbSXLOpcYcCA/uBd0LPuWnS/ntW7MAgsxNO8EFIs9LPaC9Cn2Lbk+Vb3XEtfK6Ehw2BvRy1JorSsEqfSfkNpeSU43Mewt3tFPK+TQoYr3fdEai6qqx9T7qc0CyOpmUpE/cz6tVC83JXfBw73EU6l/QYAYDD6YFLIcMrXuOS+ItQZhwiBoAkXf2Uhv6AcHO4jCARN4j74+7pRHp90fxiMPpgVrt59DBE95Xc/KSlJrggsLf4CtABMQ4HEswWY+aEPAGDx1ADwiGbM3HAEFma9sXbOGIwc4oSRXk64V10HHtGMrILbuHlH9qk6Jp7iYq++EDTy8V5CEpy830I7QUCfwUAvS0sY2NjgWWMj4pz04HuHDfuOFrh1NICJdhj1d0Zr9i/oILzwtL/wptmcD72ReKEaHL1O8fbmnWpcL63CvZo63LzNhYWZCdb9mIER77yOxDXTZOKeZ37og7QrJZj5oa8OZ5CGhuZlpTk/H7WrVqkl/ErTWl4Obng4TIOC8OqqVTJRz5oIvzL9LChAVUgIGBMn4tWYGJlawzQ0ND0boqEF8fuuIOtKOTbHBlMSCAXEE6SdL0LZnVoUFN4Dt0b5DXXG8/hlKpRRqM0LgLiXAQAAGxpJREFUCJ3F6rApLoNSrLSLk7XawnJ34TtkoEp3NQCU36nFph1C5xzDzBi+QwbCb4gjRge4yNRepun5NJz6WaP99MwYsD58vNtjkbtDCO6JFBUVYdy4sXIFSQ8PD5ibC383+XweSkqEAavm5i/+3M2fPw+Ojo4ICAjAp5/OIAnAZ88qdiyLOHMmnbT86afaEys1mcPu4KuvvoSnp6fYQawJhw8fUrD+MC0AK2HAGz64+dsJHNk5R7zu9bcCMGz852q35Ts6Avfv3ECjQHgj3cHJS6N2dIE8Abg27wYGOagWNhVhZM6AqV1/NHJrxOse5rPQyidemLuysaoa5Qd+AvtACkzt+sNj8XwMmhxM+fiqXMAVx9Nhatdfrlhq4eYMXtlt8bI2xi5PkK/KyO5yBLOpvS0g5frmaKFdqlQcTwdrwzagowOvTZqg9Tq8FcfTMWTNcrgqiPxu5RM4/e548XmuOHHmhQnA/9mdRlru6OjQuQCcV1CGjd+myBx3UVSoTo+rtD+bU1BWfl/u+/kox8nUXAA/YtLE4VgYGaJY+Gy+j3aWhKik7XhmA3MY+KeRROAO7lF0WI+jJDBLnu8DSRnIydpOWXyTvlZ8fVxVCsACQRM2fpvyfP464XIfi+d1Z3wqYleGYUyQ/NrvJ1NzUXC9nFIf5aGOcLpi1V6Us6vEyydSc5GTtV2j417MKsTO+NTO5Uss/JQUQ2lfDvcxaV9AvXFwuI/wn91pyMxigZB4mEGS/IJy7IxPhZvrAMSuCoO/r2JDzMnUXJnzr4kAnJnFkvndZ5j1wayI7rl3IS0CyxN/AaDXi+oQzctL0rnrCBnhAQAYaGuFxLXT8GdqLDzfsMP6fZli9+yOozmYHeyHncfk3wTj6Jngov4r2Gj4Osr0TNFOEHhGEGhhs/Gsvh7PGhvBDJ6Ap9XVmPmhL96fPwUOYZ/AxNsLrWzhl77mGyw8a2iA1YJ5eJqeDr922T80dx7LwbLpI7EkLg0Dba0QMd4HenqQW+s3ZIQHdh5VfdOOhobmn0Vzfj64M2aAGx7eJfFXksasLNwPCQEvKQm1K1eiwscHdbt2dVn8lYRITQVnxgy0lJVprU0aGhrqhIwfjMjZATIvn3ccYWaqWoAtv1OLqJU/Q6AkVphbw0PkVz/Dd8xWbNqRidRzRSrFXwCUXLciCgrvUdrOVw2Hbn5hJZJ/LlC5nZmpMb7/98tT99dviCNcnKzV2odoaMGlHDY27cjE6NBdCI9MRn6hasc1Tc+hIfW4RvvZpJzodvFXEpEQbHc5D+ZRS6Bn9s+JaxS5VqWFy5iY1aiurkF+fgEyMzORmZmJ/PwClJWVIyZmNTw95cfwDxs2HE1NzQpfyoTHCxcyxNtdu5aHmJjVYEo9zBcfvwsA4OnpCQeHAeL1fD4f6elkgVd6nGfPnhUvOzgMUDgGAErHIB3/zOPxMH/+PJk5jIyMRFlZucwcVlfXYMuWfyusA9yVOYyJWU15DjWhsrKSNI+S5ObmoLKS/gxXxrjpa+AzagY8352ECTM3d0m0lYyQtrIeqI3ukWjgP9JoP+uh3jLxvGyJuGRlNFZVo+LEGZnaqgDQz19WGK04ofh3XhpORjZKduyRW1NXmvpbbJTEJaBkxx7kzF2KX96fitPDPgD7QApcZk3HR/89r3Y9WZELWJLyAz+hlU+glU+Ac/GyQvevvPXsAylytpQPJyMbecvWov4WuQ7va5PIKQh/njwjN25bHuX7U/AwjyWzvYMcobec4vkHhNdA3rK1qL2mvJZ0fdlt8Tkq2bEHWVPm4rhHAPKWr4URk4GPrp7H0O0btCr+1l67gUZuDQZNVvwwg5E5g1TDuZFTjYrj1K/Tl42DSRmy65JffF15gaAJC6J2ICxis0LxV5qTqbn4cOLXOCElaIpoL14IPO18cE8ntXmfi8DobS91XPUSQgiiCdMjNmm3bxIIBML2pcVfabjcx/g8eif+sztV6Xa6Jq+gjCT+AsK+KTrXqhAQjaRloeB6SuP+UWVn/CmMCFqGk6m5CsVfScrK7yMsYjO+jNG8PA9VDibL+d0/JLvuRSISfRWJvwAtANOo4F51HTzfsCNFJPOIZgy0tcLlhEj8fmgZ3na2w2XWXVgweuO7ny5TatffyxlWC+bBNHAkDGxlv5i0sG+jLmEv+ClH0MImf1lrzL4CXsoRcGAsjomWZn96PhxtrHCZdRc7lobA0aZT/L3MugseIazvY8EwgWN/K9yrrqPUbxoamr83ksJvc4FqoUJdnhEEHm/aBCJVd18MW8vLwaVFYBqabmHiB28jes4Imdeh78Pxa+pCRM5W7Tzi1vCxaYf8PyKSjuYjJHwvLuWw5b7/IrG1MaccVy0gniDqq2OUtv3264+61RFbdlv9Wo7ffh1MSeBXREFhJSIik7FqY7pS8Z+mZ9BWdgvtXI7a+5lOnAxDtzd10KOu808UglesWIH79ztFOyaTiQsXMhAbGwsLC9nPIEdHR8TGxsqs1zaenp6IjY3F1q3bSOt5vM6botIRzsrqFufkkB921mb8c3x8vEx09p49e7F16za5Iq+FhQWio6MVCsDaQtEcFhdr7kA+dIjs/o2JWU1a7oq4/HektYV809jI2BTu3uPx9ruTYdWva6KtkXEfTFu0D9MW7YORsXYjF1tbGpGd+p3GIrC0QFZfyqYkglVlZiNv2RpkTZmDnxzfAWtdZ53VwXJclFQFXQBgrd+KkrgE/DJ+qsptWwUE7McEouLn0+BkZovjfQGAffAn5C1bS+mY0rh8FkYSx0UuYFGssCJhcdDkYBlRvfzATzKCriKK4xJQcSIdv4yfShJs5QnLrA3bZNZJ01hVjcIN25A1ZQ5OD/sA58dNEb9nPzYQFm7OpO0f5t1QKeiKKN+fgooT6bg0da7S8bUJCLh8Fob6P8pREpeAh3k3xBHWjZxqXJo6l/K1QZWSuATYvzdSpfAvPa+S0d9/JzjcR6SIXREE0aSx0KYJInHy4iXZvqiCIJrA5cp+znXUXUVH3X/Fy72cluuuNq+BOfQ9Jf7vfCpAe6n637PKyu/jm02HtdixTuZH7aAsrAPAzvhUudcAR85c6wJ5DyYAQKIc0VJTRK5cXbFi1V4Zpy5VbpVSe4hdU0rLKuU6ubncxzqdEyooE38BWgCmUcHlwrsY6SWssztz/RFcZt3FyM93I/Dz3eARzXjb2Q4AkHj2OoK8nXE65w+VbS58WgmzG3kQpKbhSWkZTLy9YBo4ElYL5qGtuhoGtrYw8RqCV1YshYm3F241dCDY4G18buCGV1YshZGLM55W18AeLfBr58k9RtL565gT7IfEs9dhwTBB4tppuHmbC8vRMQj84nu8FvINEs8KxZ2RQ17H5cK7WpoxGhqalxVeYiLqdu1CS2mpzo9l4uMDEx8fnbX/jCBQt4u+EUVD05NgMnojes4IhH+iuuyEPIH31LkibN6ZqZaTV5eoI9IyGb2RlzQN16NtcKnvGWS2JSh8OS8bhdr5k9F4VrOIXUUQFIVVTebXzdkGh74Ph61N15ydqeeKELVSu+Om0T5P8v+reiM5WEQv03JP1OOZQLWrQiQE26ZnwnTi5BfQq+6hsrISKSnkm4WrV8d2KR5Y20iLpJIOU+kIZ2Ux0NLisLbin3k8Hnbvjieti4lZ3aOikKXnkMer17gtSQHYwWEAYmNjSQ7jw4d1c/P5ZeXB/VKNRVRVuHuPh5GxqVhU1gb371zHhSMbcObgKtQ9rMSZxJW4ej4BdQ/Vu5nssWSBjGDJ2rBNpWDJycgmLUs6Zk0dbOGxeD7p/TYBQUnoqzieLo6PNrXrr7L/AGD5pgve/+WYjEsWEDqPNRGBFbmAK46no5+fl0K3qpE5QyZGuE1AIG/5WpVjr712Qxwf/dqkCaRjWA/1FteyFcHJzEb5fuXuYmnntbTg6bVWtt5uzrylKs9/K59AxUnhZ7WpXX9Yvqm4zi8gnJeAfXHw37Ze5nqrL2WrFJHVgZORjYf5LEpR1tZDvUnXWSOnWuba/jsgHWsryYt0gE4L/5dccZJhZoLQkGGIXRmGlKRVWBgZgtCQYWCYdRq7QkOGyY2rfnan8+ET9LZHrze+1EnfRehZvQs9u84HKTq4x4Bm6oKriMRDmVoX3+WJfa4uDriS9R3+V5aM3/MTsGXTXNK8AsDGzSkygu+iqFAsjAwhvWbOGCNzzKBRQ2S2WxgZQqm/ih5MAIQieV6B9gwiX8b8qBNRe8WqvTJ1g0WI5iYlaRV+2LUICyND4OriIH7f1cUBR5JXy91XW8hz/4pI7GYXsCpoAZhGKZdZ/8PIIU5IPFuAtCvCJ2aL7lSjnmjG4u3kJzJOZBfLa4LERuMHWBMxCjbbt8IsaDTa7t4FP+UI6n7Yg2cEAUNbW1gtmIdnDQ24n7AfW35/hAlGQ1Cqz0Ds0wo032DhT3YlTANHwHz6VOw1uY+U1mJsaZP9cnMiuxg373DFbt+QFQcwYogTsr//AmvnjMXi7WngEc0Y6eWEy6z/aWG2aGhoXmYsZs6E3eHDGMRiwYnNhl1yMl5ZtUonQq3d4cOwO3wYTmw2HNLS8MqqVTByddXqMZrz87XaHg0NjXaImKq6bi7R0EKKBM4vrETMRmoxarY25vB5x1Hm1RWHqjyqH8h/CE8R+rYOYEyfC7uzBbBOOA7DN9wVbtvCuoa/1i0Bd4Kf1oRgqnWNuTXqjUuEm7MN0pLnIXJ2QJeE4ILCSiQdpT+/ezJP8q+pvY/pxMnQt3dQvaEO4QYOBX/XdkpCsL69A/pu2QG7X6/9LYVgaVesg8MAREdHd1Nv5CMdKSwpZsqLgZYekwjJ+r+q4p/VIScnhxT9zGQyERUVpZW2tQWPR/48HzxYs7Hn5OSgqqrzhrRonBMmdIo/fD5fxiX8T2bAGz4ouJREcgK3tjSitqpnJhQNeMMHTm+NQINAeEO7taUJhsYmaruVjcwZGPrdBtK6NgGBLCWCXGNVNR5K1I51mTVdRhD1WLJARpAVCX2Kootb+YTYgWnIMJMrTiodx/YN8N+2XuY9kQisrstUngv4YT5LYfyzCNfZYQrHrmhOW/lCkRhQPPaAH+NkHLuFG7YpdWxLvmdq119G1LYe6i0zZ6Lzr8wJzFq/VeziVec8Dfo4GEHH9smMo76UrfSao0orn8C15/MoGe+sDOnt1InBfhkQCJqUOm653MdaFdoU8c2mwzJRvwCwMDIEOZfisHXzPMyKGAt/XzcsigrF1s3zkHMpTiw8bt08T7ZRwR8k96/+G9Svxa4gfZxntb9o1M7GzSkoLdNeOYaLl8iOTlvbvjiSvFpcM5jJ7IPJE4cj51KcWIhkmJkgdlWYTF3hyROHY1FUKOn1dcynMsecFTFWZjuqdaWVPZgAKHYHawJBNGFB1E6ttQcIa+vKE3+DRg3BlazvsGf3YiyKCoW/rxvGBHlhUVQozqX9CylJqxA0agj27F5MuRa0JnC4jxSK04AwHlub15+2oQVgGqUU3eFioK0V7tXUYeaHvhjYX1hTd8eSENyrEcYmX2bdxdvOtjidozxSabRJC+YHe6P98WPcXPstFq1Pxoqm/uDCGE9rHuDx1u2oS9gL1pLV+Ne5YgxrccN/DDr/0E3Ut8WD7N9wsVdfPMj+DX+xbuIR8xUMd7aGecdTmeOdzinBzA98cLnwLu5V16HyQT0S10zDSC8nLJ42AvzGJ7h5m4u3ne1QdEc7NT5paGj+Ppj4+XWKwtevwyoqSm5kfVcxdnODxcyZGHD6NBzS0rQmODNDqX1RpKGhebFoEm8cv++Kym1Cxg/GpVPR+DV1IQ59Hy7zcnOWXzZDHkwz1dHO3Bq+xnHFxt7/h/5HLsJ87lKl27XXcPDXuiWonT8Z7dWyNzm0DbeGh+oH6tWekkTk8v41dSFSk+Yi/BNftesDA0Dyz7QA3JN5UpCn9j59gsbpoCfq0UEIwN+1HTUfjUXjKWo1jP+uQrAuYpEFAj5yc3PlvoqKitTu35dfkm+ISsdPy8ZAy4oW6enpEAg66/hRGaeiMeTm5kptR57DCROC5UZnq4M257CoqAibNv2LtE7TCG9pYTc4WChYTZhAnk/aBUzG3Xs80g+uRMaRb3AmcSVO/BANgvewu7ulEMnawgA0dhfbjw1USwS8tmyN+GeXWdPhtU6+6DJ0+wa4zJpOWldfysb58VNRsmMPSQhu5RPImbcUjZxqGDLMEHRsn0pXqTwGfRyM988flXEPi6KKqdbNBYSisryoZ0t31f0aun0DhqxZTlpXX8rGL+OngrWe7LBurKoWj93CzRlBx/bJjS42MmfIFU/zlq+VG13MycgWu6kt3Jzx/i/yS5sM+jgYAXu3y4jdl6bORc7cpaRroJVPgLV+G/587v7137aektNWEss3XRB0bB/s3xtJWi+65qjWoZZH3rI1aBMQsHBzplz3WVrQVycG+2XgYPIFUk1SW9u+CA0ZRtpG1y5gDvcREg/J1hvesmkuFkWFKhTBmMw+CoVHAHhWe75zobc99OynaaW/KjEZAL1+nd+TOyT7oQYE0YQvY36EQKC6ZqwmuLs6yp1bJrMPtm6eJxbfJ08crpPjK0MgaJIRJ6Wdw1m/FmrVtVtWfl9rNXcFgia5bYWGDMOe3YtlBHVJ/H3dVG6jDaTrQPv6uMLXh2ziUeYQ7m4MursDND0b8+dRBhZmJkg6dx0hI95C4tppmLn+iLgucNqVPzDGzwX3auRHKjE72rD6dSNM6muEWu4jzM6tRb6+u/jqO2lgA4YeHx9ZlqPNsB31vQxg0M6Bn34dfn9gh35PTRDUUQe3jgYAAFfPGAsM3EH8Tx+l+q/iLjcXpfoDZI57r6YezgP6ITOfjZARHjA37Y2dx3Kwds5Y7DgivJE6sL8VaZw0NDQ08ujFZMIqOhoWERHgJSWhLj5e9U4aYOzmBrvDh1H71Vcg0jSrewEARq6usOphThYaGhohVEVToRPVEQLiCa7/rvxp0pDxg/Ht1x9RaI8arhTF4qRj+YieM0L1hgown78MBrb2+Gu9ciG4hXUN1dPHwGbPcRi6aFaH6vrvlRAQT5TWLT51Tj2BQRluzjZi0V1APEFWDhup54pUnktAKK6X3X6glmhP82J4JuCjgxCo3lACPTMGTN7rfgFYRDuXg79WLgFv13ewiF4G09CPVe4jEoItopeBt+s7NKaeeAE91R3S7trhw7se/VxcXIyxY2Xj/ABg2LDhyMyUvVkr4ssvV8Dc3ELcN8naxIAwWlk6njoqKhq7d+8WL585c1am5q10/HNUlOrvhorGAABNTc3in4uKyOlfgwcPVtm2Kroyh4cPHxaL1FTnkAo8Ho8UF+7h4SF2YwcHB8PBYYDYHZybm4PKykqd1zh+WbAZ4I5Roctwt+QKjHqbwumtETAz1+0N2q7QwH8EBycvuHuPx4OqUtQ9vKdxfwd9HAxLdxew1m8Vu3tFIqD9mEDYjw2EEZOB8v0peJjPQj8/L3gsWQDrod5K2/VatwL2YwOFtV8l2i2JS0BJXAIMmQyY2duKa/d6LJ4Pl8/CKIt38hBFQpfEJYB9sFNMrC9l4/SwDzBocjAGfRyMfv5eSloR4jo7jNSGqH0quM4Og7W/N0riEsC5eFm8nn0gBewD5OhmQ4YZpbGLRGD2gRSU709BGyG851gSl4CK4+mwHxMIh7GBqM27gfL9KTBkmMF1dpjKdu3HBuIj//Myc8bJzBbXPZakn58XvNau0EikF40jYF8cyvenoFCilnGbgABr/VZUHE+Hy+wwWLo5KzyGtMgvOc/STmdlWL7pAgs3Z3H8NgCw96eovLZfFqRjhj8LHwc/X1eS+JZfUA4O95HOBCl5Ts/YlWFdFh476q6Kf+5l836X2lKXXtbvo/3hhef9UD9pR4RQlNyLhPjF2upaZ9tsxdHU7m6OcHfrvv/7DyZfIC3b2vbFoqhQ5BWUk2KsDyZlKHwAQBNOpubC18e1y9de5iUW6cEKQOj8letU7wYEgiYcTCZ/B50VPhYASPN7Ku03LIqaqHMxWhNoAZhGIfeq68QC6cwPfZF47joCv/geAGBu2huXEyIBADdvc8V1gqV5r/0x4j1M8OpQT6T/WoSFFQ0Q6Hc+GTx5wFVMfLMczF4CGBoAbW2ATT/gwUPA0BAwNgIeNAxAy5+WqC22wzwDN1zXtwQgFJYP9X0Igw4bWOm/Csh5kKX16VPcvC109+5YGoJZ3xzFuh+FT2Qc/HoqBtoKx2fBMBGO9/kyDQ0NjTxEQrBpUBC4n36KZw0NOjmO9ZYtaMzK0qh9i/BwvLJat7UvaGhoNCeVosgocgpTiS6OmKI8Vjq/sFItZ6vfEGFkdEOj8nq4ycfyETHFT6moqgrTCVPQyr4F4uh+pdt1NAhQEzYW/VMyZERgKo5lQDj3iiK4y24/QPIx3ThvmYzeCP3AE6EfeOLUuSJKcd6CHlLrmYZMW9kttffp7TdUBz3pOrQQ3ElXnatdpbhYfimlyMhITJgQLFe4dHR0hIeHB0pKhClc9+9XoqioiBTxLOkKlhQudYG2oqU15f59WdEXUD6HVJB2/0rXUA4OnkAS4g8dOqSx0/hlp+7hPZnIZKt+A+E7Wr0Y5e7CqHcfjAoVukxtBiguU0EVyzddEPTzPtTfYoOTmY36W2y0Cgi08gWo+Pk0jJgM2I8ZCa81y9US/qyHesN6aGe70u5KU3thzeB+/t4qhd9+/t7wWCz818zeVmktXq91K+A6OwzFcQmoL2WDV3YbhgwzNFRx0VDFpeQSFdUzbqiqhpmDLUzt1UvXsnzTBQH74tBYVY2q53PayOl0IVu6uwjr+1IYu+TYPJYsgMtnYUKBNiMbrQIC9aVssA+koP5WOYyYDHitWQ5rf2+FcySvXa91K+CxZIH4/IuEeQAwYjJg+aYLBk0OVtqm2fPzaenuAkt3F6Xbus4Og8OYQJTvT0FtXmcN5Fa+ALX/vQ5rqbrH/fy8YOnuIuPOrr/FRu21G+jn5wX7sYEqY7qlGfrdBrDWd9aSFV73RJceROgJnEjNRXX1X+JlhpkJJk0cDiazD3x9XElC0M74VJ2JVxezyNHEri4OmBUxtsvtSgqvelbvdrk9ddCzGQ+ULJLoy1XKfZCe+4uXCnEwKaPLc+Ln6wbs7jRlcLmP8eHEWCTEL+pxAp/0gwkiQXZR1ESERWwWrz+Z9ptSlzgVpOd74+YUuLsO6JIALn1NA8DXMdQfPNE10gK1rW1fjAnyEv8s+blwMjWXcmz3i+T/AbbE5KERD0s2AAAAAElFTkSuQmCC' height='250' width='300'/> ]]>
  </system-out>
</testsuite> <!-- com.tribu.qaselenium.tests.apimazaprendo.MACreateF2FLessonTests -->
