<?xml version="1.0" encoding="UTF-8"?>
<!-- Generated by org.testng.reporters.JUnitReportReporter -->
<testsuite hostname="station" failures="0" tests="1" name="com.tribu.qaselenium.tests.mazaprendo.MACreateCourseTests" time="514.241" errors="0" timestamp="2021-12-22T13:31:27 COT" skipped="0">
  <testcase classname="com.tribu.qaselenium.tests.mazaprendo.MACreateCourseTests" name="createCourse" time="514.241"/>
  <system-out>
    <![CDATA[ <img src='data:image/png;base64,iVBORw0KGgoAAAANSUhEUgAAB4AAAAOiCAYAAACRicroAAAAAXNSR0IArs4c6QAAIABJREFUeJzs3XlYVGXjPvB72BFlERFEzQbMEnB5NXfMENRS0UwMLelNUzRzyRbFNyVFza1cEC1BzMS0xMxEKgPXBEUFcQHSEnJjRJJhH5Blfn/wnfNjYBgGGBjE+3Ndc8mcc+Y5z8yZszj3eZ5HNGbMGDnoqXP27FldV4GIiIiIiIiIiIiIiIiIVLhz5069X6unxXoQEREREREREREREREREZEOMQAmIiIiIiIiIiIiIiIiImohGAATEREREREREREREREREbUQDICJiIiIiIiIiIiIiIiIiFoIBsBERERERERERERERERERC0EA2AiIiIiIiIiIiIiIiIioifEkSNH1M5nAExERERERERERERERERE9ARQhL/qQmADuVzeVPUhIiIiIiIiIiIiIiIiIqJ6qBr6HjlyBOPGjau2HANgIiIiIiIiIiIiIiIiIqJmrKYWv6pCYI0C4KlTp+Ktt97SSuW+++477N27Vytlke6tXLkScrkc/v7+uq5KiycWi/HGG29g4MCBAIDz58/jwIEDSEtL03HNiIiIiIiIiIiIiIiIqDGpaulbEz25XI7aHtoKfwHgrbfeqnV9fDT+QxvEYjFcXFzQo0cPiMVirZRJqrm4uGDjxo1C+AsAAwcOxMaNG+Hi4qLDmhEREREREREREREREWmHWCyGt7c3zMzMdF2VJ5pGAXBBQYHWVlhQUKDz8JMP7QTAY8eOVfk3ad/cuXPrNY+IiIiIiIiIiIiIiOhJIBaLERAQgMmTJyMgIIAhcANo1AX0hg0b8Prrr2tlhYcOHdJaAEm6Y2ZmhuHDhwvPhw8fjl27dmn1ZgGqIBaLYWtrW+N8W1tbiMVidgVNRERERERERERERERPrMWLF6N169YAAAcHBwQEBMDf35/ZUz1oFADHxMQgJiamCapDTwo3NzeV044ePaqD2rRsmtzhwrtgiIiIiIiIiIiIiIjoSdS+fXs8fPgQ69atQ0BAgFIIPHbsWPzwww86ruGTR6MuoHX12LlzJ6KiorBmzZpal/Xx8UFUVBRefPHFOq9n2LBhiIqKwoQJEzRafteuXTh8+LBGy3br1g2jR4/W+Wep7S6gVXX5rK1uoOPi4pCdnY1Dhw5Vm2dtbQ0/Pz8YGhrWWs748eORnZ2NefPmaaVeuvLss8/WuoyNjU29yh42bBiuXLmC7OxsjBkzRmne5MmTkZiYiIyMDJw4cUJprOH//Oc/OHHiBB48eIDExESlHgLatm2Lffv24d69e0hNTcXy5cuFeSKRCAEBAfj7778hkUgQFhYGS0vLRl1nbe+TiIiIiIiIiIiIiIh0w83NDTt27ICbmxvS0tLg7++P/Px8YX5SUlKtZbz55pvIzs5W+di1a5fK17i6uiI7O1vIEzZt2oTs7Gz06NEDQEUm8c4772jhHTZcYmKixg8FAx3WV63nnnsOXbp0QVxcHPr164e2bdsiKyurUdZ17do1fPbZZ0hNTdVo+cDAQBgZGWm07FtvvYV27dohMjKyIVUUiESiJutCu3379jWOL6uqS2JbW1sEBASoXD4oKAgPHz6sdZ29e/fG888/j99//x3u7u6wtbVFRkaGMN/b2xt+fn7YunUrSkpK1JYVFxeHt956C8nJybWutzn7559/al0mMzOzzuXOmTMHAQEBKr/3Li4u+OqrrxAXF4fg4GB89NFH2Lt3L/r27QsDAwPs378f5eXlWLFiBby9vRESEoKrV6/i77//xpYtWzBy5EisW7cOL7zwAj744APcunULYWFh8PX1xfz58/Hdd9/h/v37+OSTT1BYWIhZs2Y12jrVvU8iIiIiIiIiIiIiItINNzc3zJ8/HwCEf0+ePAl/f38EBARg165duH79usblHT9+HNHR0UrT/vrrL41eGxoaiujoaNy+fRsA8Mknn8De3h67d+/WeP3NiUZdQNva2mLUqFFaWeGxY8eUAr2aeHh4oKCgAFu2bMHevXvh5uaGgwcPCvOfeeYZfPLJJ3B0dERycjLu3LkDAJDL5bCxscH+/fvxyy+/QE9PD25ubpBIJFixYgXeeustDB06FGlpafjss8/w77//okePHli6dCm2b9+OH3/8EXv37kVpaSn27duHGTNmwMjICD///DO++eYbABVfwrZt22LcuHHQ09ODr68v3NzcYGFhAYlEgn379iEqKgq7d+9G586dAQDR0dHw8vLC1q1bUVpaipMnT2Ly5Mnw8fFBQUEB5s+fj4EDB8LAwADXrl3Dxo0b8e+//2LEiBHw8/NDSEgIXnnlFVy7dg1ffvmlVrZFbczMzIQ7HTRV0/KadlHs7e2N3NxcfPzxx0hMTISXlxe2bdsGoOLui2nTpgEA7t+/j+nTp+P333/Hhg0bMGrUKBgaGuLcuXNYsGABJBIJBgwYgG+//RbLli3D1q1b0aZNGyxbtgyvvvoqLC0tcePGDaxevRonT54EAPTv3x8rV66Ei4sLSkpKcOrUKXz44YeNduOBpjTp274+/d8XFxdj+PDhGD58eLUWsxMnToRIJMKSJUtw+fJltG3bFh9//DH69+8PU1NT2NnZwd/fH1999RVSUlJw+PBhTJgwAUFBQXj11Vdx4sQJbNiwASYmJhg3bhy8vLwQFhYGLy8v5ObmYt68eSgvL8dLL72EcePGYe7cuY22TnXvk4iIiIiIiIiIiIiIml7l8Fehcgg8e/bsOmcfFy9exFdffaVyXps2bRAYGAgPDw88ePAA3333ndL8d999F9OmTcPQoUOxa9cuPPfccwCA7OxsdOvWDYWFhTXmUUFBQZg6dSrmzp2LVatWYdGiRThw4ECd6q5tGgXAmzZtUtnisz5GjRqFN998U+0yenp6GD58OGJiYvDgwQNcvXoVI0aMQHh4uLDMkiVL0LVrVwQGBgoBKlARAD9+/BhARbevISEhKCgowMSJE7Fp0ybs2bMH//77LyZPngxvb28EBQUJLWoV3SOXlpaiffv26NOnD9avX4/3338fU6dOxenTp3Hr1i2hDnK5HCNHjsSkSZPw1Vdf4dq1a3jjjTfw3nvvIT4+HgEBAdi+fTskEgnWrVuHnJwclJaWol27dnByckJQUBDy8vIwe/ZsjBw5Elu2bEFeXh6WLl2K2bNnY+XKlUIr14kTJ+LHH39EcnJyk7UATktLQ2BgYLUdsK4CAwORlpZW63L6+vrw8vJCZGQk7ty5g5iYGHh7ewsB8ObNm+Hi4oJ+/frB09MT169fR0BAAKZMmYKPP/4YUqkUoaGhWL16NaZPn16t/KCgIIwfPx4BAQFISkrCZ599hvDwcAwdOhQpKSn45ptvkJWVhddffx3W1tbYvn07Fi5ciGXLljXo/TdUWloaMjIyatwHMzIyNPp8qwoNDQUADB8+vNo8R0dHABDudFGU361bNxgbG9c4TywWw8DAQJhXVFSEBw8eoFu3bgCArl274v79+ygvLxdeO3DgQHTu3LnR1qnufRIRERERERERERERUdNSFf4qTJ8+HRcuXKhXwzcLCws888wzStMyMjJQXFwMPz8/TJgwATt37sRvv/2mtsHYtGnTcOLECfzzzz+YM2cOsrKysH79+hrzKEWW5+vri4CAACQkJNS57tqmcQtgbbGzs6s1wHzxxRdhZWWFy5cvo127doiPj8e7776LLl264J9//oG1tTW6deuGq1ev4ueffwYA9OrVq9oYtHfv3sXPP/8Ma2trTJw4EY8ePcJPP/2ENm3aYPLkyejcuXO1uiieGxkZITAwEPn5+RCLxZg9ezbEYjH+/vtvpWUVwVT37t1x9+5dbNy4EXl5eQCAf//9F0BFIFW5G2JTU1OsWbNGaFkaGhqKb7/9Vni+cOFCODo6KtUtJiYG+/bt0/BT1p6TJ08iMzMTixcvFgbd1lR+fj7WrVuncfP84cOHw8bGBmfPnoW9vT1OnTqFZcuW4YUXXsCff/6J27dvIzc3FwCQkJCAgoICrFy5EmvXrhW6l960aZPSuLEKbdu2xfjx4xEXF4eNGzcCqNjGYWFh8Pb2xvLly9GqVSsYGxujV69eiI2NhVgsbrKwvTYXLlyAp6dnjfO0TbGtFTdTFBcXAwBatWoFExMTpWmV5ylaeiumKcowNzcHUNESvPI8xd9mZmaNtk4iIiIiIiIiIiIiImoe1IW/+fn58Pf3r1f4CwDvvfce3nvvPaVpr732Gk6dOoVXXnkFJSUl+PTTT1FcXAxLS0vs3LlTZTnXr1+HXC5HYWEhLl26BAAa5VGbN2/GoUOH6lV3bdMoAE5MTETv3r21ssLExMRaQ7URI0YAABYvXlxtenBwMCwtLQEAjx49EspSfOCKVrxARQArl8uFL4piecVzQ0NDpeUVfyuWUQS5in8rL694REREoEuXLhg5ciRefvlllJWV4fjx49iwYQNKSkqUllWsQyaT4dGjR8L76tWrF6ZNmwZ7e3uIRCIYGRkhOztb6XV3797VWRh5/fp1ob91TUNgxU5al5apkydPBgChxW/l6TXdiTF06FD4+flBLBZDT08PxsbGSp+tgqIr7rt37wrT7t+/DwDo2LEjgIrxmr/88kusX78eAHDnzh0sWLBA6CJal44ePVpjAHz06FGtr08xwLqxsTHy8/OFALagoABlZWUAIEyrPE+xbymmKcpQTC8oKFCap/g7Pz+/0dZJRERERERERERERES6p0n4W58eTxUOHTqEH3/8UWnatWvXAADt2rVDdna20JgsPT29TmVrkkelpqbWu+7aZqDJQh988IFWA2B1TE1N4erqioSEBKUun2fMmAEPDw8EBwcjJycHAGBtbS3Mt7Oz00r96qqkpASbN29GYGAgHB0d8dprr2H06NE4f/48Tpw4ofI1ijALqGiFunTpUmRlZcHLywuFhYX45Zdfqr1G0WWurqSlpWkcAtdnJ23dujVGjx6N06dPY/v27cL0ZcuWwcvLS2UAbGxsjJCQEGRkZKB79+7Iz89XCngrU0xXhL0AhG4AFPNiY2MxaNAg2NjYYMiQIVi/fj3Wr1+Pfv36afw+GsvDhw9x/fr1aneTXL9+Xbj5QZtu3rwJAHBwcMCjR4+E7plTUlKEFrdisVhYRjEvLS0NJSUlwjQzMzPY2dnhzJkzAIAbN26gR48eMDAwQGlpKRwdHVFQUIA7d+402jqJiIiIiIiIiIiIiEi3Gjv8BSqyjcjISJXzsrKy0LFjRxgbG6O4uFhoOKgJTfOoyvmfrmnUAhgALl++3MhVqTBs2DAYGxsjKioKsbGxwvRu3bph2rRp6N27Ny5fvoxbt27BxcUF48aNg0wmg6urKwDlFsB1fa5qXtV/q86fPXs2PD098fnnnyMjI0Po9rmwsFAYj7hjx44YMmQI4uPjq5Wtp6cHQ0NDGBoaolOnTnB3d0dJSYnQT3lN69YFTXe81q1b13knHT9+PExNTREeHo5jx44J03v37o0lS5Zg6NCh+OOPPyCTyQBUtNY9ffo0jIyMYGRkhK5du2LixIkoLi5G27ZthfFfFbKysvDzzz9j3LhxmDt3Lm7evIklS5agqKgIe/fuhZ2dHWJjY3HixAkEBQXh4cOHKCwsbNGtSPv16wd7e3s4OTkJzw0MDJCQkICDBw9i4cKFWL16NY4ePYpp06bhr7/+wqVLl2BgYIC7d+9i1qxZKCkpgbe3Nx4/foxDhw5BJpMhIiIC48ePh5+fH5ycnGBgYCB0X/7DDz9g4MCBCAoKwoMHD9CvXz/s3r0bZWVljbZOde+zphsGiIiIiIiIiIiIiIhIO5oi/AWAAQMGYN68eUrTCgoKsGvXLvz++++YNWsWPv/8c/z222/VlqtKJpPh2WefxZgxY3Dp0iWN86jmQq9ql8a6fowcORIAcP78eaXp586dA1DRDbRcLseqVatw69YtvP/++/Dw8MDhw4cB/P9umhU0CYArU7esqvn79u1DXFwcFi9ejK+//hru7u746quvEBsbC7lcjoMHD8LAwADz58+HhYVFtbILCwvx1VdfwdDQEOvWrUNOTg4CAwNhaGhYbWfQ5udcH2KxWOMuoBUtNTXl7e0NAIiKilKa/vvvvwMA3njjDQDAnj17kJWVhcWLF8PJyQn+/v4wNjZGeHg4srKysGTJEhgZGQndOFc2d+5chIaGYs6cOQgNDUVWVhZee+01pKam4sGDB/Dz84OzszN+++037Nu3D3///TdmzJhRp/fRWMzMzPDss89Wm/7ss88KrWPr6oMPPsC3334rfLaK50OHDsWff/4JX19f2NraYunSpfjzzz/x5ptvQi6Xo6SkBG+99RYkEgn8/f3RqlUr/Pe//8Xt27cBAB9++CF++eUXLFiwAIMHD8bq1atx8OBBAMA333yDzZs3Y9SoUZg5cybCw8Px6aefAkCjrVPd+yQiIiIiIiIiIiIiosZjZmaG6dOnq5ynzfAXqAiaV65cqfTw8/MDAKxZswa//vorpkyZghUrViA4OBhARU+9quzYsQNGRkZYu3YtTE1N65RHNQciV1dX3TYrJZ1Q9HleF2PHjsW7776r0bKhoaGNMjZtXbz22mvYvXs3li1bhq1bt+q0Lg3h5uYGb29v2NraqpyfkZGBH374oVmMVUxERERERERERERERFSZWCyuNsSotsPflujOnTsAah9etzLFkL4adQE9ffr0GtP5utq1axd27dqllbKoaVUdfxYA4uLiAFQ0q6+6rC4DYLFYjNGjRwMApFKpzupRX+3bt8cbb7yBAQMG1Nrq2tbWFvPnz8f06dMRFxeHAwcONMq4wERERERERERERERERHWVlpYGf39/IQRm+Nv4NA6AtWX69OkIDQ3VWnnUdJydnYW/8/PzsWvXLqHVqZubG6ZPny6ElZWX1YWRI0diwoQJiIuLw5EjR3Ral7qq+llqqnXr1nB3d8eAAQOUtg0REREREREREREREVFTE4vFGDNmDIKCgoQQePHixVi3bh3D30amp8lC+fn5WluhNsuiptO+fXshkLx+/To++ugjpYDx5MmT+Oijj3D9+nUAFWFk+/btdVJXoKJvdhsbG4waNQq5ubk6q0ddtW/fHvPnz69z+FtZ69atMX/+fJ1+/kRERERERERERERE9HRzc3ODu7s75s6dC6CiJfDs2bMZ/jYBjVoAr1q1Ct7e3lpZ4Q8//ABN1knNS0FBAeLi4nD9+vUau3Z++PAhli1bhrFjx8LFxQUFBQVNXMuWQRGiExERERERERERERERPanMzMwQERHBHkt1QDRw4ECmsU+hlJQUXVeBiIiIiIiIiIiIiIiIiFS4c+cOACAxMVHj1/Tu3RuAhi2AiYiIiIiIiIiIiIiIiIio+WMATERERERERERERERERETUQjAAJiIiIiIiIiIiIiIiIiJqIRgAExERERERERERERERERG1EAyAiYiIiIiIiIiIiIiIiIhaCAbAREREREREREREREREREQthEF5ebnwRCQS6bAqRERERERERERERERERERPF2032DVozMKp+eK2JiIiIiIiIiIiIiIiImp52AX0U4rbnYiIiIiIiIiIiIiIiKj5aWivzQaJiYlaqgrpQmpqKhwcHHRdDWogbseWg9uyeeB2oJrwu9H8cRs1f9xGTYOfMxEREREREVHjunDhAlxcXHRdjRqVlpbW+7V6WqwHERERERERERERERERERHpEANgIiIiIiIiIiIiIiIiIqIWggEwEREREREREREREREREVELwQCYiIiIiIiIiIiIiIiIiKiFYABMRERERERERERERERERNRCMAAmIiIiIiIiIiIiIiIiImohGAATEREREREREREREREREbUQDICJiIiIiIiIiIiIiIiIiFoIBsBERERERERERERERERERC2Ega4rQEQNExERgYSEBMyfPx9WVla6rg7Vg1Qqxfr166tNt7KywqJFi3RQo6fXnj17kJKSAhMTEzg7O2Pw4MGwt7fXdbVIx2QyGSIjI5Gamip8N9zd3XVdLVIjPj4eBw8eVJrm5eWFvn376qhGRERERERERERETafOAbBUKq32g5pYLIaHhwdSU1Ph4OCgtcpR00lPT0dsbCwAMPB4gsTHxwvbLSwsDPPnz9dxjag+pFJpnaZT45k0aRKCg4Px4MEDxMfHIz4+nqER4ejRo0hISBCeSyQSyOVyeHh46LBWpI6q4yePqc2DTCZDSkoK0tPTIZFIAAAdOnSAvb09unfvDlNTUx3XkIiIiIiIiIjoyVevADg1NVVpmlwuBwCEhITwh/InkFQqRUhICIqKigAASUlJbE36BKjaukkikeDgwYPw8vLSYa2oPhwcHGBnZ4cHDx4oTR88eLCOavT0MjU1ha+vrxACA8DBgwdhZWXFG5yeUlKpVCn8VUhISGAATFRH0dHRiImJEa45FRT/tzAxMYGrqytb2BMRERERERFRs3Pv3j2IRCIAQKtWrZp9hqb1MYAPHjyI+Ph4bRdLjSg+Pl7ph7iioiIkJSXpsEZUG1VdWwJAVlYW978n1IIFCyAWi4Xn7u7u8PT01GGNng4ymazaNFNT02qf/dGjR5uqStTMsIU+UcPJZDKEhITg+PHjSteclpaWsLS0FJ4XFRUhOjoaISEhKo/PRERERERERES6cv/+fdy7dw/37t2r1pirOWqUMYAVwRRbAj8ZVN2lwO73mq+awl8vLy84OTkhODhY6EqRniwmJiYq/6bGExwcjEmTJlXbX9LT05WeSyQSSKXSZn9XFzWdPn366LoK1ABnz55FcXGx8NzExARDhgzRYY1atrCwMKSlpQnPxWIxJk2aJBxTpVIpwsPDhWVSU1Oxd+9ezJw5Uyf1JSIiIiIiIiJ60jVKAAw0LAQuKyvDkSNHcObMGTx8+BCmpqbo1q0bJk2apNRCrj5ycnLw559/YsCAAQ0q59SpUzhx4gQCAgKqzUtMTMSuXbsQGBjYoHU0lb59+yI1NVXo4rJPnz4NDu/feeedat37AYCdnR02b96s9rV//fUXDAwMGrytq4qNjUXPnj3RunVrrZbblNSFv4pt5uvri8DAQPj6+molrCooKMDChQvRqVMn+Pv7N7g8VTIzMzF37lzs27cP+vr6Wi9f3f6qK8uXL1cKH6qKjIxEZGSk0rTu3bvj7bffbtB69+3bh99//x2LFy9G9+7dG1SWKpU/6+3bt6Nt27aYPHmy1tejLQ8ePEBISAhmzpypFAJXHeoAgNYC4Li4OEREROD27dvQ09ND586dMWbMGAwaNKjBZR86dAg///wzRo4ciZycnGbz+avax+VyOXbs2AFDQ0O8/fbbMDQ01HEtVVN1M4YivAIgnD9lMhmcnZ3rFQyHh4fjr7/+wv/+9z+l6efPn8fu3bvx9ddf16/yddTYx+LmpOrxFYDaALioqAj//e9/sXHjRnTs2FFt2VKpFCtWrEBBQQHWrVuHtm3bNri+T7Lo6Gil8NfS0hI+Pj5KNxtaWVnBx8cHgYGByM7OBlCxb0VHR9e5q/XGvm550q7ziYiIiIiIiKjplZaWIi8vT6cNihotAAbqHwJv2bIF//zzD2bOnIlu3bqhuLgYx44dg7+/P9asWYNOnTrVu05Xr15FYmJigwPgwYMH48UXX2xQGc1J3759hQBYWy23/fz80Lt37zq/7sSJE+jatWu1AFgx1rSij/W6+v777+Hg4FCnALi8vBx6elrvKb1eNAl/gYrW2z4+PggPD4eHh0eDxy09deoUhg0bhvj4eEgkEnTo0KFB5VVVXl4Oa2tr7Nixo9ECh+a4v6oLf2ui6qaKuigtLcXZs2cxdepUREVFNUoAXNk777xT5/2nqfc5Y2NjFBUVISQkBJMmTYJUKkVycrLKAFgbrbKPHTuGffv24b///S/69esHIyMjXLx4ETt27EBRURHc3NwaVH5MTAxmzJiBoUOHorCwUKufZUOOwar28Tt37mDYsGGN/j1sKHt7e1haWgqhFACMHTsWAJCUlIS9e/cK05OTk3H//v0nsvv2pjgWPy1u3LiB8vJyBAcH12l/aU7XHNoik8kQExOjNG3IkCFC+BseHg6RSAQvLy+Ympqib9++OH78uLBsTEyM0vKaaOzrFiIiIiIiIiIidUpLS5GSkgIrK6uWEwCPGTOmWkBR1/G7UlJScPHiRXzxxRdCCwtjY2NMmjQJdnZ2QguhzMxM7Nq1C+np6RCJRHBxcYGPjw+MjY0xb948jBkzBvHx8cjLy4OhoSE+/PBDpKenY/fu3SgrK4O/vz8CAgIglUoRGhqKe/fuQU9PD/369cMbb7wBfX19fP3112jdujUyMzORlZWFvLw8+Pr6wsnJCbGxsUIrt9zcXGzbtg13796FpaVltaDp2LFjOHbsGMrLy2FiYoKpU6fCxcWlAZ/0ky8nJwfbt2+HRCJBeXk5OnXqhPfeew+nTp3CH3/8gfj4eNy/fx+vvPIKPvroI7zxxhv46aef8MUXX8DPzw8LFiyAs7MzAGD37t0oLy/H9OnTUVJSgrCwMFy6dAllZWUYMmQIfHx8sGnTJmRkZGD16tWYMmUKLly4gI4dOwotuC5evIjvv/8eX375JU6ePInz58/D0NAQmZmZWLduHRITE/Hdd9+hsLAQ+vr6mDBhQoODmrqKiIioNq1q+Ktgb28PKysroWVjQ0Lg48ePY+HChWjTpg2OHz+OqVOnAgAyMjLw4YcfYurUqbh48SKkUil69OghhH4ZGRnYsWMHMjIyUF5ejv79++Odd96BSCTCtm3bYG5ujitXrsDJyQmenp5Krc5OnjyJo0ePoqysDObm5pg2bRrEYjEePXqEBQsWYMaMGfjjjz8glUohFosxd+5ciEQiPHr0CCEhIUhLS4ORkRG8vLwwbNgwpf0VAI4cOYKoqCih/HfffRfPPfdcvT+jJ8WFCxfw3HPPYdiwYQgPD0d+fr5wQ8TXX38NU1NT/Pvvv5BIJDAyMsK0adPw008/4eFsBhATAAAgAElEQVTDh7C0tMQnn3wCY2NjBAUFwczMDJmZmcjOzkZpaSlmzZoFR0dHpfXt3r1baIFaUlKCkJAQJCUloby8HF26dMF7770HCwsLlftcU3F2dkZCQgKKiooQFhbWqOsqLi7G/v378fbbb2P48OHCdFdXV1haWsLAoOKU/PjxY+zduxdXr16FXC6Hra0tZsyYgfbt2+PMmTP4448/8Mwzz+DWrVvIysrCq6++ildffRVffPEFJBIJ9u3bh7t37yI7O1v4/BXH3Lt378La2hqurq6IiIhAUFAQoqKiEBMTg+XLlwOoaD03ffp07Ny5EzKZrNoxuKSkpMZ9u6Zj8KNHj5T28ZrOi7Xt47oyZMgQocWosbGx0Fo8Ojq62rKxsbHw8PDQ+lAKNZ03LSws4Ovrq/a8qOm+9/HHHyttp+TkZISFhQk3E4wYMQKjR48GUHGz1pEjR4TQ0tPTE+7u7lp9z81ZTdeIZWVl2L17N/Lz87Fw4UL4+/ujrKysxmvWqufDrl274syZM+jYsSNu3bqF7OxszJo1CzExMbh37x4KCwuxcOFCdO7cGSUlJdi/f79wA1+XLl0wY8YMtGnTRu33pSklJydX+7/BgwcPcPz4cUilUqXeZxwcHODg4KAUABcVFSE5OblONyequm4pKCjArFmzsGrVKjz77LMAKsbtWbRoEYKDg7Fw4cIa96HarvOf1msKIiIiIiIiIqpOEf4WFhYCUN2Ypk2bNjA3N2/0umilmUF2djbS0tLQsWNHODo6Kj1q6yavqmvXrtX4uqFDh8LW1hYAsHXrVnTu3BlbtmzBhg0bcP/+ffz0008AAH19fVy9ehV+fn5Yu3YtTE1NERUVBWdnZ4wYMQJ9+/YVgqCtW7eiXbt22LRpE9asWYOkpCThhyd9fX3Exsbi3XffxcqVK+Hm5oYffvihWr0OHDgAAwMDbNu2DcuXL8eVK1eU3s/Bgwfx6aefYvPmzZgyZQq++OIL5OXl1elz0SapVIq0tDSlh0QiEeZLJJJq86uOh9lQv/zyC9q0aYPAwEBs3boVzz//PBITEzF+/Hg4ODjA29tb6BL08ePHKC4uRmhoaK3dKB4+fBjp6enYsmULNm/ejGvXruH333/HggULAACffvopBg8erLYMIyMjpKSkYPjw4Vi3bh1KSkqEbbdt2za89957CA4ORm5urtY+D028/fbbsLS0FJ7XFP4CFa2FFT+q1vUmjMqSk5NhZmaGzp07Y9iwYTh79ixKS0sBAHp6eigtLcXjx4+F1vkJCQmIi4sDAOzcuRMODg7Ytm0b1q9fj9jYWFy8eBEAYGhoiHPnzsHPzw/Tp09XWmdKSgrCwsKwaNEibN68GWPGjMH69etRWloKfX19lJSUICcnB8uWLcPq1atx5coVJCUlAQCCgoLg4OCAr7/+Gn5+fti5cyfu3r2rVP7Nmzdx6NAhoYviF198EcHBwfX+jHQlIiICS5YsUdkqvCZRUVFwd3eHoaEhBg4ciNOnTwvz9PX1cfnyZcyZMwcbNmyAXC5HSEgIFixYgA0bNiA7OxuXLl0CULHt4+LiMGfOHHz++ecYPnw4tm3bpnbdR48ehUQiwZYtWxAUFISysjLhmF11n2tKdRnzMyQkpEHHwr///hsymQxDhw6tNs/FxQUvvPACAOCnn37CvXv3sGHDBmzZsgVisRhBQUEAKrZTUlIS+vXrh+XLl2PevHkICwtDSUkJPv74Y7Rv3x4zZszAm2++qVR+eHg49PX1sW3bNvj5+eHkyZMatTRUdQxWt2/XdAyuTN15sbZ9XFcUoRAApa7CHzx4oHL5yudUbanpvFmb+u57+fn5WL9+PSZPnowtW7Zg6dKlOHToEK5du4bi4mIEBwdjyZIlCAwMxLJly3Dp0iWUlJRo/X03VzVdI/bo0QM+Pj7o1KkTNm/ejLZt26q9Zq16PtTX10dKSgrc3d2xatUqDBgwABs2bMD48eOxatUquLi44NdffwUA/Pzzz7h58ybWrl2LzZs3w9LSEqGhoQDq/33RNlXHzPj4eERHRyM+Ph7A/w9/a1q+Lsfdmq5bzMzM0L9/f5w8eVJYNjY2Fi+++CLMzMzUlqnuOr+lXFMQERERERERUcNVDX8LCwtx7969ao/79+83SX200gJYKpWq/bGjLi0QCwoKam0SnZubixs3bmDhwoUAKn48e/nllxEZGSmMdTh48GChC0OxWIzMzMxq5eTl5SEpKUloWWRsbAx3d3ecPn0aI0eOBAD07t1bSOKfffZZHDt2rFo5165dw+TJkyESiWBkZISXX35Z+GHvwoUL6NevH6ytrQEAvXr1QuvWrfHnn3+iX79+Gn0m2iKTybB3716VXZtWdvToUZXTO3TogJkzZ2rcqmn9+vXV7m6YPHkyPD09YW1tjbi4OCQkJMDZ2RkTJkxQWYbi9UOHDtWo9df58+fx+uuvw9DQEIaGhlixYoXQqq4uzMzMhHEcDQ0NsX37duF9d+/eHfr6+nj48GGT3KWh4ODggPnz5+Po0aPIzs6Gk5OTyuUqdxVtaWmpFFzUVXR0tNBS0cLCAl27dsWFCxeUQnRFmGViYoJevXohKSkJgwYNwieffCJsszZt2sDBwUEIRUQiEZycnNCuXbtq6zx37hwGDBgg3OwxYMAAfPvtt7hx44ZwY8hLL70EoKK7azs7O2RmZiIvLw/JyclYsGABRCIROnbsiO3bt6NVq1a4deuWUP5zzz0nTAcq9vHDhw/X+zNqShKJBMnJyYiPj0dycjKAiu1taWlZ6xiJEokEmZmZ6NGjBwDA3d1dCNgVevbsKXzPO3bsCAsLCxgbGwOoCL0ePXokLPuf//xHaD08cOBAfPPNN8jJyalx/ePGjcOrr74q7I8uLi7CewCU97mmZG9vDy8vL42CdEVX0VXHC9ZUfn4+zMzMYGRkpHa5uLg44TgGACNGjMDhw4dRUFAAALCxsRHCYrFYjLKyMkilUrRv377GMq9du4Y333wTIpEIZmZmGDJkCKKiomqts6pjsLp9u6ZjcOXvhrrzoqLVnKp9XJekUqlO1w9A4/NmVfXd965duwYLCwv06tVLWH/fvn0RHx8PFxcXWFhYIDo6Gm5ubrC3t8fixYu18C6fLJpcI9Z2zarqfGhnZ4dnnnkGQMWx2N7eXujGuGPHjrh8+TKAiv1t/PjxQvf0o0ePxoIFC1BWVlbv74u21XYzRJ8+fYTeWGQyGWJjY+tcRmXqrltefvllbN68GVOnToWhoSFiY2OFXk3UUXed/yRfUxARERERERGR9lQNf5uDRh0DuD7Mzc1x8+ZNtcsofkiuHL6Zm5srjc9XOaQUiUQoLy+vVo5i+WXLlgnTFN23qSpHT09PZTl5eXlK48q2adNGqa5Vg4KqdW0qMTExtYa/6kgkEkRHR2s8tuGiRYtqHAN45MiREIlEiIiIwObNm9GzZ09MmzZNCASq0jRozc7OVvr8FT/IlZWVafR6hapdJJ48eRLnzp0TxsAsLS0V/m5KpqammDRpEpKSkhAcHAxPT0+lmyuqjhNcWyioTl5eHi5cuICEhAR8++23ACrGJywsLFQKgKt+3oqgJikpCUePHoVMJoNIJIJEIlEa67OmbZqdnY2rV6/i6tWrwrTi4mJkZ2cLAbCq/VKxT1WuT+W/FYqKivD999/j77//BlDR3a4utmV91NRNsSb7dVRUFLKzszFt2jSl8lJSUoTtUnmMWz09vWrPKx//VO1n+fn5Na7/wYMHOHDgADIzMyESiZS2J1B9n2tKffv2hZWVFSIiImps0anQkBDYwsICBQUFKCoqUjuecE5OjtL+ofisFee+quc3ACrPTZVVPU+pC4tVqVwfdft2TcfgyjQ5L2py7m0qlXsGAaBUT2NjY5Xjedd1vOiarlMUPR8AdT9vKtR336v6PQQqvouPHj2CSCTC8uXLERERgVWrVkFPTw8TJkx4qrqABjT7nmpyzVr1c9b0WJydnY2wsDB8//33Sq/Nzs6u9/elKRkbGwvjaStuUmzIzRa1Xbf06NEDJiYmuHTpEjp06ID8/Pwar1OrllvTdf6TfE1BRERERERERNql6ndCXWp2AXCvXr1w4MABpKamVms1fPjwYYjFYmF6dna28ENWbm5unQdTVnQnvHbtWpVBkaZat26tFHxU/vHK0tKyWthbn7pqgyIksrOzqxbipqenC+MbjhkzptqP84pgRJvdWo4YMQIjRoyATCZDaGgo9uzZI7SQqapy69+q3ZbKZDKhlaKFhYVSS7OcnByUlZVV+4FbT09P6Qc6dXdlxMfH49ChQ1izZg3at28PuVwOHx8fzd9oI3B2doaDgwPCwsJgb2+PsWPHVgt/gYZ1/3zy5EkMGjQI77//vjCtvLwcs2bNgkQiEVqT5eTkCC2X8vLyYG5ujry8PGzYsAEffvihMFbe6tWrlcqvqUV327Zt8dJLL1XrGhqA2hsnFNu48nEhIyND6UdboKIr3Dt37sDf3x8mJia4efMmVqxYofazaCqK45tMJkNqamqtYaSmSkpKcPr0aXz55ZdCy2qgoovQ6OhopWBeU5X3M0WX9upu1Ni6dSucnZ3xwQcfQCQS4aeffkJKSkqd19tYHBwcsGDBAkilUkilUiFwCQ4Ornbirm8I7OjoiFatWuH48eNKLa8BICEhAffv34enpycsLS2VPl9Fd/NWVlZIS0ur1/szMzNTOs5VblGr6phalWJ/rW3frukYXFlzOi+qc/bsWcTGxlYLpKRSKWQyGUxNTeHg4FDte1x5jGBNWVtbIz09HXK5XOnYeOfOHaWwvqbzprrzYn33varfQ0B5O3Xo0AG+vr4AgD///BOff/45nn/+eXTq1KlO770hli9frrR/mpiY4LPPPmuy9WtCMXSDumvW+o5vbWVlBS8vLwwYMEDl/LpcZzWWDh061Hjcsre3F0L08PDwGm9mUrR+rk1t1y0dOnTAsGHDEBMTA3t7e7i6ugo3WKjbh9Rd5zfnawoiIiIiIiIiajoGBgZwcnJCcnJynRskNhatjAGsTV27dsXQoUOxfv16XLx4EQUFBZBKpdi/fz8iIiJgZ2eHNm3aoHv37kJXeyUlJThx4gT69+9fa/kGBgZCN5pmZmZwcXFBREQEAEAul+Pw4cM4c+ZMners5OSEP/74A3K5HDKZTGlczQEDBuDSpUtC16kJCQkoLCysV+CiLYofrSs/Kv9YbW9vX22+pt0+a+rrr78WWlSZmpoKwSqgvI1Usba2FsZ1zcnJURqLrX///oiKikJxcTGKi4uxbt06xMXFQU9PDyKRSCi3Xbt2uHfvHoCK1sGquhxUyM3NhYWFBWxsbCCXy3Ho0CGIRCIUFRU17ENoIFNTU/j6+sLS0hJbtmxR2YVtZGRkncaIVZDL5YiOjq42XrKenh769eun1BruxIkTACqCocTERLi4uKCwsBBlZWVwdHQEUBGi3759W6PPbODAgTh//rwQUD18+BAbN26s9e4Zc3NzPP/884iMjIRcLkdGRgYWL16Mf//9V2m53Nxc2Nvbw8TEBDKZDL/++ivKysp0PnblzJkz4evrCw8PD3h6emLBggUqW9PZ2dlVm1Zba8Nz587B1tZWKfwFgEGDBuHChQtqW+7W5MqVK8Jx7cyZM3jmmWfU3kiTm5sLBwcHocXouXPndL4PqWJlZSUcE+3t7eHr6yuEAJUpQuC6jE1paGgIHx8f7N+/H5GRkUKQePr0aWzdulUI+gYMGIDjx48L38ljx47BxcWlQcfh559/HrGxsZDL5SgsLMS5c+eEedbW1njw4IGwPnXnwNr27ZqOwZU1x/NiVREREcI2UkXRhbKrq2u1eaqm1aZ///4oLS1FWFgY8vLyUFxcjPPnz+O3334TbhZQd95Ud16s777Xo0cP4bgOVNw0kJCQgH79+uH27dtYsWKFcOzo2LEjDAwMmrzlo6qbM5qbhlyz1mbgwIE4duyY8DlcvnwZe/bsAaD++9KU1N0MkZ2djePHj+P48eNqb3jS5IYKTa9bXn75ZSQmJuLMmTNCV/OA+n1I3XV+c72mICIiIiIiIqKm16pVKzg5OQk3nBsZGaFjx47VHqp+428Mza4FMAC8//77iIyMxPfff4+MjAyYmJigZ8+e+Pzzz4UAY+7cudi5c6cw3mefPn0wbty4Wsv+z3/+g19//RVz5sxBUFAQ5s6di9DQUMybNw/l5eVwdHSEm5tbnerr7e2NoKAgzJo1C5aWlhg2bBh+/fVXABUtNSdNmoTVq1ejvLwcZmZmWLx4MczMzOr+wTxh1q5dq3L69u3bMWbMGISGhuLHH3+Enp4e7O3tMXPmTAAVP2iGhYUhNTUV77zzTrXXT548Gbt27cL58+dhZWWFgQMHorS0FAAwYcIE5Ofn44MPPkB5eTkGDBiAUaNGQSQSYciQIVi5ciUmTZqEkSNHYtOmTVi6dCnMzMzQs2dPREdHq6zvwIEDERMTg3nz5qFVq1aYOHEiXnrpJWzbtg3Lli1T6kpTF1xdXYUwwtLSUuhOce/evQAqAhoA8PLy0rjM69evIz8/Hz179qw2b9CgQdiyZYsQTlpZWeHjjz9Gfn4+Bg0ahH79+kEkEmH06NFYsmQJzMzM0L9/f0ydOhW7du1C586d1a77hRdewJQpU7BmzRqUlpbCwMAA48ePh7Gxca0tmufNm4eQkBDMmjULRkZG8PHxQZcuXZRaH3l6eiIwMBAffPABzM3NMX36dNy7dw//+9//sGHDBo0/I22q3LNBZR4eHkphu52dHRYsWID09HSllqm1dfUdHR2NQYMGVZtuZWUFsVis9GO2pvr06YMdO3ZAIpHA1NQUc+bMUbv8lClT8N133+HHH39E586dMXPmTKxbtw7ffPMNunXrVuf1NxVFCKytlsDDhw+HhYUFjhw5ggMHDkAkEsHBwQEffvihMD7za6+9hvz8fHzyySeQy+Xo1KlTrZ9vbRTnqffffx8dOnSAq6urcJ7q2bMnXnjhBSxZsgRWVlZCgKmqO1tbW1u1+3ZNx+DK40erOy/qYngEVRTHzZokJCSgb9++cHBwqNaiuabx2dUxMzPDihUrEBYWhnnz5qG0tFTY7oqW1urOm+rOi/Xd98zMzLBo0SLs2bMHu3fvhp6eHqZMmYLu3btDLpfD2dkZfn5+ACpu3PLy8qr1+P60qu81a23GjRuHwsJCLFq0COXl5bCwsBC6+Vf3fWlKTk5ONXaVbmxsLITSqm60UUzXZJ/S5Lpl8uTJsLW1RdeuXZGfnw+xWCwso24fUned3xyvKYiIiIiIiIhIdxQhcHJyMmxsbJq0t7yqRPI6NgdITU1FSEhInVYyc+ZMleEGNZyqrrJVSU9PR0hIiDD2ZNXAIjw8HAkJCQAqxsOsHBbW9lpqOE23Y01kMhkkEona8YCrbteGyszMxNy5c7F///5qXSc+zTTdlkuWLBH+trKywqJFi6otI5VKsX79euG5WCwWulyVSqWIj48Xxq9tStu3b4e1tTW8vb2bdL110dB9qqqqoXtlJiYmWLRokdZ7StC28vJyYV+NiYlBZGQkPv/8cx3Xqulp8t3Ys2dPja1JHRwcMGTIEGF7r1u3TikAXrRoUbPrzvpJU5/jqMKaNWsAVNz4UvkGGgBwd3cXbphR91qqXV2Osaq2BaC8PTRZRlsCAwPh6OhYrSv+5kjb5zIiIiIiIiIiUnbhwgW4uLhotGzlng7Nzc3V9mhYWFiIgoIC2NjYNKh+ihvUFb30aaJ3794AmmEX0NQ4wsLChB+zi4qKhNahQEVQqAh/Fc8rt35S91pqHhTdelfWt29fpR834+PjERIS0qBxgVXRRZeSLY1UKsXBgweVtk16ejrCwsJqfI2VlRU8PDx0FjQ9bdu9tu6gjx49qoNaae7w4cMICAhASUkJSktLcerUqXq1VH1avP322/D19VX58PDwEMLfs2fPVmu1fPz4ca0fZ4meZB4eHkqtbTUlFou1Hv6mpKTg+vXrde7th4iIiIiIiIioLlq1atXg8LehmmUX0KR9VX+gLiwsFP5WNcZh5R+v1b2WmjdXV1dIJBIh4E9NTUV0dDQ8PT11XDOqKj4+HnZ2dkL3u9HR0ZBIJDquFVWmrjvomsaKbS5eeeUV3LlzB/PmzYOenh6cnJwwceJEXVfriSSVSnH8+HEkJSWpbCUcHx+PpKQkODs7w93dna2BiQD4+PggLCxMaUiG5ORkiEQi4e/KxGIxfHx8tFqHVatW4d69e3j//ffRqlUrrZZNRERERERERNTc1DkA7tChgzD2Z11eQ7o1ePBgxMbGCs/79u2r9PfZs2eFQMPY2BjOzs4avZaav0mTJgGAEAJrK6iysbHBDz/8oJWynkZjxoypFh5V3rc8PDyqdbXeXI6lDR2P9klWUwg8ZMgQHdaqdiYmJpg/f76uq/HEqzwkgjpFRUVCbxpTp05VOqeS9lQ9jpqYmAh/q2rhXnmauteS9pmamsLX1xfR0dHCNadEIql2o5OxsTFcXV213vIXAJYuXar1MomIiIiIiIjo6dGxY0fhbzMzMx3WRDN1DoBNTU0b5UcZalyenp4wNTUVxhKrvA2trKzg6+uLmJgYABVBRuUWS1Vf29yDDqpu7NixMDExgVQqFQJh0i1FS9+a2Nvbc6ztZsre3h6LFy9GdHQ0pFIp+vbty4DvKRETE1Nr+FtVZGQkvx+NRN1xtLZjaG3HYGocHh4eGDJkCJKTk5Geni4EwB06dIC9vT2cnJya/XjqRERERERERPR06tSpk66rUCfsAvopoi64t7e3VxsMMvR/spmamrLbZyIt4j71dKrP2L6qxo0mepqZmpqib9++7FGGiIiIiIiIiKgRMQAmIiIi0sDbb7+t6yoQERERERERERER1UpP1xUgIiIiIiIiIiIiIiIiIiLtYABMRERERERERERERERERNRCMAAmIiIiIiIiIiIiIiIiImohGAATEREREREREREREREREbUQDICJiIiIiIiIiIiIiIiIiFoIBsBERERERERERERERERERC0EA2AiIiIiIiIiIiIiIiIiohaCATARERERERERERERERERUQshOnDggFzXlSAiIiIiIiIiIiIiIiIiogqjRo0CACQmJmr8mt69ewMADMzNzRulUkREREREREREREREREREVDsDAwOYmJjAwsICVlZWDSurbdu2WqoWERERERERERERERERERHVlb6+PoyMjGBmZgZjY+MGlWVgY2OjpWoREREREREREREREREREVFd6enpQV9fH8bGxjAxMUF5eXm9y2ILYCIiIiIiIiIiIiIiIiIiHRKJRBCJRNDX14eBgQFkMlm9yzJo1aqVFqtGRERERERERERERERERER1pQiBRSJRg8oxMDAw0FKViIiIiIiIiIiIiIiIiIhIl/R0XQEiIiIiIiIiIiIiIiIiItIOBsBERERERERERERERERERC0EA2AiIiIiIiIiIiIiIiIiohaCATARERERERERERERERERUQvBAJiIiIiIiIiIiIiIiIiIqIVgAExERERERERERERERERE1EIwACYiIiIiIiIiIiIiIiIiaiEYABMRERERERERERERERERtRAMgImIiIiIiIiIiIiIiIiIWggGwERERERERERERERERERELQQDYCIiIiIiIiIiIiIiIiKiFoIBMBERERERERERERERERFRC2Gg6woQEbUUs9YcROjPcTXOXzB5KL78YBxwJwHybRNqLqi1DURLLwIiUSPUkoiIiIiIiIiIiIiIWjIGwERETa3zf4DWNkB+pur5+ZlA6nnAcVDT1ouIiIiIiIiIiJ5K5eXlKCwshEwmQ1FREYqLiwEARkZGMDU1hampKUxMTGBgwEiBiOhJwKM1EVFTE4kA5xFA3L4aF5FfOQIRA2AiIiIiIiIiImokcrkceXl5yM7OFgLfqvOLiopQVFQEqVQKkUgEIyMjWFpawtzcHCL2XkdE1GxxDGAiIh0Q9RqnfoGkKEAub5rKEBERERERERHRU6WwsBCpqanIyMhAUVER5HI5SktLUVBQgPT0dDx69AgymQzl5eXCa+RyOYqLi5GRkYFbt25BJpPp8B0QEZE6bAFMRKQLDgPZDTQRERERERERETUpuVyOzMxM5ObmQv5/jQ9yc3Nx9uxZXLp0CTdv3kRhYSHs7OxQXFyM7t27Y/To0XByclJq8SuXy3Hv3j1YWFjAxsaGrYGJiJoZtgAmItIFRTfQasivHGmiyhARERERERERUUsnl8tx9+5d5OTkQC6Xo7y8HFlZWVi8eDHWrFmDY8eO4eHDh9DT00OHDh0glUpx+PBhzJo1C3v37lVqDayQk5ODO3fuCGEyERE1D2wBTESkI6Je4yBXMw4wkqKACZ9XhMVERERERERERET1pAh/K4/1e+vWLaxduxbXr1+HkZERxGIxXnjhBTg6OsLCwgJdunSBRCLBX3/9hT179uDRo0eYPXs2TExMhDIBoLi4GLdv30aXLl3YEpiIqJlgAExEpCvsBpqIiIiIiIiIiJpAZmamUvibk5ODwMBAXL16Ffr6+ujRowcGDRoEW1tbmJqawtjYGObm5mjbti06dOiAmzdvIjIyEtbW1vDx8RHKUQS+jx8/RmZmJruDJiJqJtgFNBE9tXpNXKr2kXqvhmBWW9gNNBE9AYLCY6E/aDE8P/qmxmX+SEyD/qDF6DxutTDty31n4DzlS5SX194N2Le/xEN/0GJEnE3WSp0b2+HTSdAftBj/SKQA6vZeNXH7gRSdPFfj2PmbWimPiIiIiIieboWFhcjJyRGey+Vy3LhxA8nJydDT00OfPn0waNAgWFhYwNDQEGZmZmjdujXMzc1haWmJNm3awM7ODv3790dcXByk0or/C1UOekUiEXJyclBUVNTk74+IiKpjC2AiemqlpKWrnV9cUtLodWA30K7PWPUAACAASURBVET0pPjt/A1I/s1Fh3bm1ebtPnqp2jQnsS1G9n8Oenq1H7+++y0BALD31wR4ujo1vLJNrC7vVROWrU0xcsBz6GxroZXyiIiIiIioaWRkZCA8PByXLl1CVlYWbGxs4OrqCi8vL7Rp00YndZLL5ZBIJNWm/fjjj8jNzUWbNm3QtWtXGBsbw8DAAIaGhjAxMYGpqSn09fVRVlaG4uJiFBQUQE9PD9nZ2UhPT4eVlZXK9d2/fx+Ojo5sBUxEpGNsAUxEpEuKbqBrkp8J3L3cdPUhIlLBxNgAJkYGCPu/oLayAtljhJ+4ivZWrZWmvzroeWxaOK7WstMzc3Hi0i2MGfICjvyRjJz8ht8tXlZW3uAy6kLT96opi9Ym2LX0DTiJbbVWJhERERERNa4zZ85g7ty5aN++PdauXYvw8HAsX74ccrkc06dPR3Kybno8ys/PR3l5OUQikfAoKytDXFwcysvL0bp1axgYGODGjRv45ZdfEBUVhYSEBDx69AhFRUXIy8vD9evXceLECVy5cgV6enq4du2aUFZVcrkceXl5OninRERUGQNgIiJd0qQb6ER2A01EuiWCCJPce6ps6Rt+4iqKH5diwssuStOXbPsVNqNW1Fr2d8cuw9TYANsXvY6ycjnCT1xVmv/1ofMwH74M3/4SD5cpX6LVsE//H3t3H19z/f9x/Hl2dn3NtNlcjCHkMoaIrpDyTaQLFaH0TaEr+ob0/apviPKrr4pKVwpFfRPxTYRkikyyjVKabGPYGru+Puf8/jjttOOcbWezmdbjfrudWzufi/fnfT67yPY8r9dbvca/pD0/pNgdY+w7XS98EKPQ657WrU+skGQNgv/91ha1uHGu/K6apSEPvanDKb/ZzrvjyZUa/OAbenXNLkWNnK/Aa/6poY++pePpWXZzWL0lTu1uWSCfK57QgIlLFP+L/bvny7/WnXFHZew73enjQOJJSVJOfpEefmGdmg+bK98rZ6n7mBf1yfYDtvGOpWXJ2He6Vn0RZ9v2W2aexj61So0Hz1bjwbP193n/VW5+kQAAAADUv4MHD+rVV1/Vq6++qttuu01NmzaVl5eXWrRooXvuuUfz58/XP//5T508efK8z62sXXN5KSkpKiwslLu7uwICApSebl0GrVu3bgoJCVFBQYF+++03ZWdnKy8vTxaLRe3bt9fFF18ss9msw4cP28ZyFgKfPn267l4QAMAlBMAAUM8M3aqoGovbIFlqZ11JAKiJwuJS3TOst35KStfuA8l2+5Zt2KthAy5RkJ93jcZe+fk+Xd+3g5qHBunqHm20YqPzKuMVG/fprSdv1eaX/i6j0U1DH31LOWcFoG99ukfPThqqqXdeIUma9Nwnen7Fdj1+11V6/9936nR2vq596A3lF/7R4v/r+KN6+9NYzXvges174Hp9HZ+kaYs22PZ/ezBZo//1gdo2b6Jl/xqlGwd00sKVX1X4erq0aaqti++zPT5fdK9CG/nrktZhatu8iSTpzn++r7VfHdSCKUP12Yv36Jrothr15ErFHT7hdMyi4lJdM/l17T6YrNdm3Kz/e3iYPo35QRPmfuT6jQYAAABQZ1566SXNnDlTTZo0cbq/TZs2mjBhgt54443zOi+TyaTi4mKH7WfOnJHBYJDZbFazZs3UvHlzdezYUWFhYWrdurW8vb1lNptlNpuVnp6uwsJCtW7dWu7u7goPD1d+fr5dBfDZ/y0pKVFpaWmV8/vvmk8UdfEllT4emz6zFu8IAPx1sAYwANS3sjbQuenO95e1gW7Zo+bXSP1RKijXfscnQIroWL0xTh+Tzpy1bnJEB8nHcT1QB4nfSjrrHaGNIqTGzas+9+y5V1dNXutZ4g4lKjsnX5LUpX1rBQf6V3GGVdLxU0pOTatwf1ZOroIC/F0ec8ee+ArX0Ek6fkqRzcLUMiJUkc2qbhubmZ2rhJ9+rfK4sw3o1aXCcWp6byo6r7LXW151rluRuEOJ+t+23dqx54/q06AAf3XrGKXRwwe5dE8bMovFoj6dWqhdiyZ6Z32sLuvcUpKUeCxDMft/1acL79bW2MNVjOIo/pcTSkg8qZnjr5Ekjby6syY994mOnjijVuH260mt/PcdtjbT/332LrUZOV9vr4/Vw6P6245Z+9w4tWth/YPLT0npevPTPXrlHyP0wMi+kqTuF0eozcgF+u+2eI0d2lOSFODrpY3/maAmwX6SpCPHM/T+5j9a7y94b7simwZr/f/dLXejm+2cyc9/4vQ1Bfl766oebWzPZ736uc7kFOjzRffK28v6T+9Hbh+glk2DbXO9qkcbLfvfXn2++yd1axfuMOa7n32nH35NU9yKR9Upyvq16OHupnFPr1bSyTOKbOp87S0AAAAAdS89PV3Z2dnq2rVrpcdde+21euONN2QymWQ0Gs/L3AoLrUvslA9ozWazGjVqJKPRqJKSEvn6+spoNGr37t0qKCiQn5+fmjZtKj8/P4WHhys3N1dFRUXasmWLTCaTWrZsqYyMDJlMJrtxDQaDLOUKGPLz8xUYWPnfjG4ZeZMk6fEZs5zuH3nTcC1c8Ow53wcA+CsiAAaA+lbWBvrb9ys8xLL/UxnOIQC2rJ0rHYn9Y4N3gAxT17oWwJaNsWqG/RiSDA+8J7XpU/mJid/K8upYx+0RHWSYuq7q65499+qK6iXDpBU1P1/SdeOmKzvXGgA/MelOzZo8xqXzVqz9QvOWVPx5La9lRKhenztVV/Su+BfG6++e4dJYQQF+mjJ2hCaNGV5hMBp/6IjL45WXd/CzCsfp2iFKuz5+xaVxyt+bje/Md/q6qzO/rh2iNGbEII0ePqhaYfD6rbv0+PzXKwzqN2zbpbmLV2pAry56YtLoSj8/DV1hcanuHtZLzy7bpv9MvVE+Xh5a9r+9Cm8SqOsuu1ifffNjtcdcsXGfvDzd9bd+HSRJI6/qoikL12rlpu816/dQuIyvl4ft4+ahQerStqniz6qYDQ8JsH28de8vkqQbB1yiwiLrO8/DGgWodUQj7f3xmC0AbhkWbAt/JSniokCln8mzPf/u0DHdfHUXW/grSU3LXacyO+OOasHy7Zo/+Xq7YHdA99Za8vEurf5iv46eOKPC4lJl5xUqM7vA6ThbYw+rY6tQtWkWYnst/bq0kiTt/fEYATAAAABQj1JTU9WqVasqj3N3d1ejRo105syZCiuFa1tBgePvGAaDQS1atFBwcLDS0tLk6ekpf39/NW/eXGlpaWrSpIm6dOmikpISmc1mRUZGKjIyUt7e3iooKFCzZs1UUlKi5ORk+fj4yM/PT35+fg5v4C4qcm3JmopCYMJfADg3tIAGgAuAodOQyg+o7TbQhTmyfFqNf0THrqlxCGvZ8a7zHamHfq8MvrAt/+QLW/grSYuXr1Nmdm6tXyc5NU3X3z1D142ffs7jZ+Xkae7ilep78xTFHUqspRlWLf7QEU2c9cJ5u97Z1358/lJdcu3dWr91V5XHZ2bnauKsF3T7Q8/Yhb/9o7vYPcrExCbo+rtnaN6SlXUy/z+D4hKTxg3tqfyiEn38ZYLMZove++w7jRvaU0ajm0pKTdUaz2y26IMv9uuqHlGSpNz8Ivl4uatv50inbaDP1jjQV6dOV9wdIP2M9fuo5Y3z5HfVLNvjyPHTOp2dX+F5Zzt1OldhLga+5WXnFWrs06t05aVRmvZ7S+oyDy5cq/nvbdP9N/fVllfu0/fLH1FIkG+FY6WdydUPv56yex3tblkgSTpdQWgMAAAA4Pzw9/dXbq5rv8fn5eXJy8urjmf0h7IQtqwy12w22z4eOHCg2rRpIy8vLxkMBl166aUaNWqUrrvuOgUFBclischkMsnNzU1eXl668sorNXDgQDVp0kS5ubl6/vnn9f7772v//v1KT09XUVGRzGaz7drOWk9X5JaRN+m5+XNtzwl/AeDcUQEMAFWY9co6HTn+W4X7J4+6Sv27t6lwv0va9qv7NtBnO7DFGsBWVcFbkC3Lunk1u8bpY9LBrRXutux4V4aqrl/P5i62Bn4twkOVciJNWTl5Wr91l+66aXC1xqmoyjXuUKLifzyiuYtXKuVEmmJiEzR38Uo9P3NihWP1j+6iTe8ucNiemZ2rmNgEvfLeWu3cm2ANlcfP0A+b36m0KrY6Vc1VWbF2i/pHd6n2/alMRa9XsraJjj90RCvWfqGEn35VVk6ebn/oGU0aM7zSezjqwWe0c2+CJCnQ31ezJo/RmBGO1cNJx0/ZVSvPXbxSZ7JyKx27obJYLGoaEqDr+7bXsg17FdrIX8fSsjT+hujf91dvvG3f/aLU9GylpmcraOC/HPbH/pCiXpe0qPD8E7/lqNclFXcx8PPxlNHopi+XTJTRzf49j+UrfqvSNCRAWTnVD1kfXLhOmTkFWvbqbXbvhC8qLtU7/9url6cN17jfq5AlOcyxPH8fL13aPkKvPHaTw76oZo2rPTcAAAAAtadVq1Y6ceKE8vLy5OdX8e8aKSkp8vLyUkBA9d9gWlNFRUWyWCy2at7CwkLl5uYqMzNTPj4+atOmjUwmk0pLS2U0GuXj4yNPT09lZmaqtLRUJpNJ7u7uMhgM8vb2lsViUWlpqVq1aqWPPvpIv/zyi5KSktSjRw9FRUWpRYsWCgsLk7u7u639tKtuGXmTrRoYAHDuCIABoApf7P5R3/+UUuH+GwZ0OfcA2OhZ522gnY65aqa1FXQl6/hadrwrFdZsDV5LTAXVv2UObrWGxNVoRV1dhivG1/jc9Vt3KeWEtTr0+ZkTbcHqvCUray3g7Nahjbp1aKNhA/vquvHTlfDTr1qyYp2u6N1Vwwb2rdZYwYH+Gjawr4YN7Ku5i1do3pL3lZWTp/tmvaAPX3YM2OrK/U++qK4do9Stwzl+X7jgit5ddUXvrpoydoTWb92l+574P2Xn5mvJinXq2iHK6efpH8++bgt/u7RvrdUv/6vCNX4jm4Vp1uQxumFgX1sr8MrG/iu4Z1gvjZz+nopKSjWge2vbOrbVtWLjPvn7emn9wrvl5vZHQFpcUqobpr2jFZ/vswuAs/IK5e9rfaf8T0np+uHXU/r7iIrfQDKge2uZTGZl5RZq6O8tpqXfK3obu94mvFfH5vpiz2HNm3S9bVt2XuV/yPhoa7xWfL5PK/99p1qEBdvty8kvkslktguFfzmWoTOVhMz9u7fWvGXb1Cq8kV376VOnc23rIgMAAACoH0ajUSNGjNCbb76phx9+2OkxFotFL730ksaOdbJEVh0ymUzKzs7WiRMn9PPPPys1NVX79u3T8ePHdcUVV+iSSy7RDz/8IH9/f2VmZsrb21uBgYGyWCyKj49Xo0aNdPr0aXXr1k2NGjWyhcdBQUHKz8+X2WzWDz/8oLS0NAUFBal169bq27ev2rVrp5CQkPP6WgEA9mgBDQAXiPPeBlqSzhyvuEWzZA1nv3BtTVcHBdlS7CdVHmbZ/HKl+w2TVsiw8KeKH8/EShEdnJ876lmp86AaTV+SXnlvrSRr9e+wgX01ZewISdZ2zcs/+aLG4zoTHOiv1+dNtT3fsSf+nMabNXmMWoSHSpL+t233OY3lqi7tW9s+vn78jDpplV2ZYQP76vNylcLTFyx1mEPS8VNassK69nSgv68+X7agwvC3vG4d2jiM/Vf1t8s7Kqyxv76JT9Ldw3rVaIz8whJ98tVB3TG4m664tLX6d2tle1wT3VY3XdlJq76IU6npj/ZhNz3+ntbv/EH/3ZagEY+/q8aBvrr79+pjZ/p0aqnhV3TSXU+t0qLVO7V9X6IWrd6pdrcs0Oe7fnJ5rtPHXq3vf07Vwy+sU/wvJ/RpzA+auWRjhcenpmfr/gVr1OuSFmoeGqSdcUdtj5MZOWoS7KeeHZrrqTc26/VPdmvR6p266oHXVFJqUm6B8zWyJo7oo5AgXw2aslQfbN6vL79L1CMvfKqLb33Obr1iAAAAAPXjjjvuUHJyshYvXqySkhK7fXl5eZo9e7Z27typkydPntd55eXl6ZdfftGePXu0d+9ebd26VUeOHNHJkyeVmJgoo9EoNzc3W7CbnZ2t3NxceXp6qmPHjmrevLnCwsJUUFCg06dPKzs7Wzk5OUpNTZX0R8Cclpam1NRUxcfH64svvtDBgwer1QIaAFD7CIAB4EJR1ga6ImVtoGvbF69Yg14nLKtm1Hzc2DWOlcMDxkreZ1WrHdhqDYtryLJurnU94bNFj5B6jazxuDv2xNuqRGdNHi3JGjCWhaor122p8dgV6dahjQL9reuAxh86cs7jXdH7jzVsk46fOufxqjJsYF+NHj5QknUd4uvvPoevnxrq1qGNnph0p20OK9baf57KQn1Jem7GxEpbYzsbe9KY4baxa/tNAH8W7kY3jR3aU/6+Xrr1Gse25q5Y+9UB5eYXacKNvZ3un3Bjb/2WmaeNu/743h5/Q7Sm/me9xsz+QH4+Hvrfi/cowLfytbM+eOZO3Xtjbz2/4itd9/BbemPtt/rPozfqur7tXZ5rdMfmWvnvO/S/rw/p8r8v1nPLt+vROwZUePyeH1KUmVOg2B9SdOX9r9o91n51UJK0eu5odb84Qo+9tEH/WRWjJ+8eqFsHdlV+YYnTMYMDfLTjtQfUpU1TTXruEw2b9o72H07Vxhcn6KJGrrezBgAAAFA3jEajFixYIHd3d40aNUpz5szR4sWLNXv2bI0ePVpt27ZVs2bNtHjxYi1btuy8zcvHx0deXl5q3ry5PD09FRQUJJPJJEn6/vvv9d133+nYsWMqLS21BcDZ2dlKSUlRQkKC4uLidPLkScXHx+vUqVPKysrSqVOntG7dOhUXF9vWFC4qKlJhYaEKCwuVmJioAwcOyN2d5qMAUJ/4KQwAFwpX2kAf3FzrbaAlybJ6pgwPLLffeGCLdCS25mM6af9sGDBOloJsae8fIZwKc6xrAQ95sPrXWDfXfqwyUb1kuN35mrGuWrHWGu4F+vvatWKeNXm07n/yRcXEJmjHnnin6/qei8hmYUr46ddaCWzLV7YmHT/lUqXruVo6b5riDx1Rwk+/Kv7QEU2c9YJenzu16hNr0eS7RtjW7F28fK2tcluy/7zWpIXzlLEjbBXE67dVfy3oP6Mpt/bTlFv72W2bP3mo5k8earftjSdusXv+7OTr9ezk6+XMnUMu1Z1DLq3wmtdEt5Vpl/V7+LU11gr2sdf30KSbnbdFv3/kZbp/5GUO27083bVgylAtmDLUyVnSB3NGO2x7bPSVemz0lXbbRg3qplGDujkcV6b8ax1xZSfb3CvSOqKxPntxgsNrKGMyWyuf3Y1/vFezeWiQ0/kCAAAAuDC4u7tr4sSJuuuuu5SQkKCsrCz17t1bTzzxhLy8vHTttddq0qRJev3112UymTRhwoSqBz1HAQEBSkhI0KFDh3T8+HElJiYqLy9PJpNJhYWF+vTTT9W4cWO1atVKZrNZubm5MhqNSktLU2BgoCIiIpSbm6tff/1VeXl5MpvNys/PV2Fhodzc3GwBcFklsa+vrywWi86cOUMADAD1jApgALiAVNkGOmFj7beBlqTEPdbAt0xBtizr5tV8vNg10plU+22dBkqNmztfk3dv1a2inV4j5j3H7eEdZLh7SfXHKyfp+CmtXLdVkjXwK18lOmxgX1uV7ivLnYTP5yjhp18lSV07Rp3zWHHlqogrC3+TU9MUE5tQ5cNVny9bYLtHK9ZuOe+VssGB/uofba1+Tk5Ns21POn5K2bn5klTt9ZXLRDYLs7W63lmNewK4amfcUb384deSVOP1lQEAAADUH19fX/Xp00fXXnutevXqJS8va+eipk2basmSJWratKnefPNNrV69us7nEhgYqL1792r//v1KSkpSbm6urTWzl5eX3NzclJOTo/T0dBUVFSk/P1/FxcUKCQlRcXGx9u/fr6NHjyo8PFyenp4qKipSenq6SktLZTAYZDabbWFyTk6O8vLyZDQaVVJSorCwun8TOgCgYrwNBwAuJGVtoHPTne/POGptA10XVcDr5snQprfkE2hdF/jMcfsDvP2lQtfWdLXErnHYZihrxxzRUQrvIJ0o17b5zHFroOtqy+bUH2VZPdNxu7e/DHfMl3wCXRunAnMXr7B9PGaEfYVncKC/xowYrCUr1ul/23bXamVt+et263BuAXDcoURbQNkiPLTSOa5Yu8WhVbIzeQc/c+nawYH++vzdBep3s7Wq+/4nX1TXjlHq1qGNS+fXhit6d7G18C6r1C5fVX0un7OgAOsbArJyWHsVtW/Be19qZ9xRTbvzCnVrF17f0wEAAABQi5o2barFixdr2rRpOnWq7pdq8vPzU9u2bXXo0CEVFxfLzc1NRqNRxcXFthbOkpSamipPT0+ZzWb5+vrqoosu0oABA2SxWFRQUKD8/HylpaUpJSVFhw8flru7u20si8Uii8Uib29vFRUVycfHRx07dlRg4Ln9bQYAcG6oAAaAC0lZG+hKWA5urp1rDZ5i//zMcWvwe/qYdV3g8joNtAa3rkj90bF1dKMIqfMg21PDFeMcTnPWMtqp08dkWXKX012GSStcn2cFMrNztWGbteXs6OEDnQaF5VsKlw9tz8XyT76wtS0O9PfV5LtGVHFGxXbsidf9s160BZRlaxifT906tNFrcx61Pb9+/AxlZrv2BgKgvPtHXibTrgXyr2K934Zi/f/drTNbntZzD/6tvqcCAAAAoA5ERETogw8+0EMPPVTn1zIYDBo6dKg8PT0VHBwsb29vSZLJZJLBYJDRaLRV8qanpyspKUmJiYlKTk7Wb7/9pjNnzigrK0sZGRn6+eeftXXrVhUUFMhgMNhdx2KxyM3NTW5ubsrNzVXfvn3l5kb0AAD1iQpgADjfjidIP26tcLfB00+VNnlO2ChdN1066x/b1WW4Ypwse89q1fzFK7IcPKsS1NtfhuFPyLJqhkvjWnYsc9wYfVZlb+dB0rq59hXFqYekxG+lNn0qHrwgW5Zlk6XCHIddhlHPnnP4K1nXjC0LTs+u/i0T2SxMo4cP1Mp1W7Vy3VY9N2OiXZtoZ1au22KrSC0v6fgp7dgTb9eqePXL/6p0vOTUU5q3ZKXTfeu37lJ8udbPo4cPrHKd2tHDB1b4Ws/FXTcNVkxsvFau26qsnDxdf/cM7fr4lapPrAXl2193/b2aumu5qury+6urrJK4rM01AAAAAAAXqquuukpRUVG2KmCz2Sw3Nzd5eHiotLRUpaWlCgwMVNOmTW0tnvPy8nT8+HEZDAYVFRUpNzdXGRkZKiwslNFolIeHh616uKwS2Gw2y2g0ql27drrmmmvq+VUDAAiAAeB8S4mX5YsXK97fupfk5ScVVdBetrbaQPsEynD7fFleHWu/PfWQ/fMB46XGzV0b8/Qxaa/juriGXjc5XFudBzkca9nxrgyVBMCWdyY5zk+SBox1vX10FZZ/Yg3A+0d30RW9u1Z43JgRg23rBC9evlazJo+pdFxXWiy3CA/V0nlTK72uZF3Xdu5i5wFweZPGDNfzMydWeVxks7Aqr1lTS+dNU/yhI0r46VfFHzqiibNe0Otzp9bJtcqL/9Ea8Ab6+9rC9OBAf7UID1XKiTTtjE1QZnZulcH92eIOJSrlhDWsH1BH9wwAAAAAgNpiNBo1e/ZsjRkzRl5eXiopKVFpaaksFotMJpPc3Nzk6+ursLAwubu7Kycnx7ZfkgoKCuTm5mZX9VtaWipPT0+7tYD9/PwUERGhp59+Wh4eHvX1cgEAv6MPAwBccAxS5+sqPaLW2kC36WNt71yRRhEyDHnQ5eEssZ84buw00GmAbLhivOOxB7daQ2RnY6+a7tha+vfxDcNnuTzHyiz/5AtbuDdmxKBKj72id1d1ad9akrR4+boatTcO9PdV/+gumjRmuF6b86gObVlW4yC2S/vWahEeanv+2pxHXQp/z4fPly2wVcuuWLtFyz/5ok6vt37rrnKfR/vK5rtusn5es3LytH7rrmqPvfi9P960MOyavucwSwAAAAAAzo8ePXrozjvvVFBQkHx8fGQ0GuXu7i5fX1/17t1bjRo1UkhIiMLDwxUWFqaQkBCFhYWpSZMmCgwMVEBAgEpLS+3GLKskNpvNslgs+u2333TppZeqc+fO9fQqAQDlEQADwAXI0O3Gyg9I2ChZKm0U7fq1hj8heTuvgqxWsFqQLTlZx9dQUWVuREcpvIPDZqdrAceucVpZrPAOMtw+3/U5VqGsqrZFeGiVbZMl2dbpdSVM3PjOfOUd/MzuceLb/2rTuwv0/MyJLl2vTP/oLg5j7V6zWLvXvGILWuctWXnBrLkbHOivz99dYHt+/5MvKv7Qr3VyrczsXD0+/3Xb8/LrNUv2gfD0BUsVdyjR5bHXb91lq/p29WsEAAAAAIALwcyZM9W8ufUN+n5+fvLy8lLHjh11zTXXKCQkRCEhIQoNDVXTpk0VGBgoLy8v2xrB3t7eKioqkiRbZbCl3N+l3N3d1a5dO82dO9dhfWAAQP0gAAaAC1HbftY20BUpawNdGxo3t7Z5PltUL2ubZlcd2OK4Nm+jiErHMFwxznFj7CfWMLlM4reyrJ7pfIBmHaWY96TNr1T+cMGOPfG2qtGyKtGq3HXTYFvVbUVr8p5PwYH+WjpvmiRrm+iJsyppNX6edevQRq/NedT2fMO26lffViXp+Cldf/cM23rKo4cPVGSzMLtjIpuFacH0+yRZg/vbH3zGpRB4/dZdmjjrBdvzpfPqvo01AAAAAAC1xWg0asOGDWrVqpXc3Nzk5uamY8eOqUmTJgoPD1dAQIC8vb0VGBiooKAg+fn5ydfXV97e3vL09FRJSYld+FtW+Ws2mxUZGakvv/xSRqOxnl8lAKAMATAAXIiMnuevDbRkbfN8VjVudStrLZtfdtwYXcW6vJ0HOVYfF+ZYK37Lxn1nUsXn7/1Els0vV/lwRVn1b6C/r62y1xVlYXFyalqdtzZ2xbCBfTVpy6+VUgAAIABJREFUzHBJ1pC1Jm2O68pdNw22za02JR0/pXlLVqrvzVMUf8i69m+X9q1tYfjZpowdodHDra3Pk1PT1O/mB/X4/KVKOn7K4di4Q4maOOsF3f7QM8rKsa7LvWD6fXW2ZjIAAAAAAHXFw8NDO3fu1J133inJupbv999/r9DQUAUHB9uO8/b2lpeXl+1jNzc323q/ZeGxm5ubPDw8dNddd2n37t2s+wsAFxj3+p4AAMA5Q7cbZfnu44oPSNgoXTddqqXWOoYRT8iyyRqWGjoPcrpub4UObJHOpDqO2eumP56k/ihL7CcyNG72x7rAPoHWEPis9s6WmPf+WCO4sO7bGMcdStTOvQmSrAFqcKDzltjOTL5rhOYteV+StHLdlguiLfCsyaNt6+BOnPWCunZ4xaEStrwVa7coJjbBpbFHDx90Tq/x+ZkTFX/oiO1+uyLhpyO6bvx0p/uSjp+yVfz+MceBem5G5esfL503TZHNwmyfu8XL12rx8rUKCvBT1w5RkuRwTwL9ffXcjOq16wYAAAAA4EJiNBq1cOFCjRw5UmPHjlVsbKz69+8vd3d3W/tms9ksg8Egs9ksk8kkPz8/GQwGGY1GeXl5yd3dXd7e3nr//fd15ZVX0vYZAC5ABMAAcKEqawNdlOd8f1kb6JY9aud6bfrIMKlPjU617FjmuLEs5JWk08dkecFaVWuRpF++leHuJZIkwxXjZTl7fd8zx61VwBWtH1zLFr/3x/VnTR5TrXODA/01evhArVy3VTGxCdqxJ77eq0ODA/21+pV/qt/NDyorJ08TZ72gz5ctqPD45NQ0hxC1IgN6dTnn+a1++Z+6bOQUW8vtqmTl5LkUUPeP7qIpY0do2MC+Lo07a/IYDejVVa8sX6v/bdtd4bUC/X01bGBfzZo8ptIgHQAAAACAPwODwaDLL79cP/74oz7++GPl5ubKy8tLhYWFcne3RgYlJSUyGAxyd3eXv7+//P395eHhodatW+uxxx7TbbfdZqsSBgBceAiAAfxljbim8uA00M9HknRN7/aKjAip8LgWTRtLknq0b6bTV3Wu8Lhu7SKsH4S0rLy9c9jF1v8aPaXL75GOxlZ8bPoR1wLgZh2rPqYmY/gE/rFeb1Qvu1126/se2GJ/3sGtf3wc0VGKHiGdPm53iOX0cRmcjFvbMrNzlXQ8Tf2ju6hrh6gaBXyzJo9R0nFrmBkT+0cA3DIiTP2jrYFpUGAlazq7qGyssgrVynTr0EYLpt+n9Vt3yWKxrmFbPhgNCvSzjVcdLSPs70/5cc7eV5GygPrxZ5faxnCmqvkFBfqpW4coBQX4a9jAvjX63F3Ru6uu6N1VScdPaf3WXcrKydWOPQm/7+uilhFh1a4KBwAAAADgz8DT01N33HGHLBaLSkpKlJaWpszMTP36669KSUnRRRddJC8vL1100UXq37+/unbtqosuukhubqwsCQAXOoOlbOV2AADqSuqPtgpgSVKjCBlmfVl/8wEAAAAAAAAA4AKWnW0tvtq/f7/L53Tv3l2SxFt1AAB1L6KjNGCs1ChCCu8gw/BZ9T0jAAAAAAAAAAAaJCqAAQAAAAAAAAAAAOACQgUwAAAAAAAAAAAAAIAAGAAAAAAAAAAAAAAaCgJgAAAAAAAAAAAAAGggCIABAAAAAAAAAAAAoIEgAAYAAAAAAAAAAACABoIAGAAAAAAAAAAAAAAaCAJgAAAAAAAAAAAAAGggCIABAAAAAAAAAAAAoIEgAAYAAAAAAAAAAACABoIAGAAAAAAAAAAAAAAaCAJgAAAAAAAAAAAAAGggCIABAAAAAAAAAAAAoIEgAAYAAAAAAAAAAACABoIAGAAAAAAAAAAAAAAaCAJgAAAAAAAAAAAAAGggCIABAAAAAAAAAAAAoIFw/zXlRH3PAQAAAAAAAAAAAADwu5Agvxqf6966RXiNTjxx4oRSU1OVk5Oj0tLSGk+gNri7uysgIEAREREKD3f99Zw4cUJpaWnKyspScXFxHc7w/PD09FRQUJBCQ0P/0vehpmp6/wAAAAAAAAAAAIDalJ2dXeNzDRaLxVKdE0pLSxUXFydJioqKUkBAgNzd3Ws8gdpQWlqqnJwcHTlyRJLUqVMneXt7V3h8YWGhDh48KJPJpGbNmsnT01NGo/F8TbfOmEwmFRcX6/jx4zIajWrbtq2CgoIqPL6h3oeaqu79AwAAAAAAAAAAAOpCWQC8f/9+l8/p3r27pBqsARwXF6dGjRqpZ8+eatSoUb2Hv5K1ArhsTpJ08ODBSo9PSEiQr6+v2rZtKx8fnwYTehqNRvn4+Kht27YymUz6+eefKz2+od6Hmqru/QMAAAAAAAAAAAAuNNUKgFNTUyVZK38vVGUhcNlcz5aamiqz2aywsLDzOa3zrm3btjKbzX/5+1BTVd0/AAAAAAAAAAAA4EJU7QD4Qg5/y0RFRVUY3J08efIvE3qGhYXp5MmTTvf9le5DTVV2/wAAAAAAAAAAAIALUbUC4NzcXAUEBNTVXGpNQECAcnNzne7LycmRr6/veZ5R/fD19VVOTo7TfX+l+1BTld0/AAAAAAAAAAAA4EJUrQC4tLT0gljztyru7u4qLS11uq+kpORP8Rpqg7u7u0pKSpzu+yvdh5qq7P4BAAAAAAAAAAAAF6JqBcAAAAAAAAAAAAAAgAsXATAAAAAAAAAAAAAANBAEwHVk06ZNCgkJsbWiDgkJ0aZNm+p5VnVrwYIFuvLKKyVJO3fuVEhISIVrMbsy1sCBA2tzegAAAAAAAAAAAECDVycB8Ndffy2DwaBvvvnG6f61a9fKzc1NiYmJdXH5WlNYWKiQkJAKH7feemuF5569vu6XX36pfv36SZKSk5O1Zs2aOp17bXL1Pnh4eMhoNEqSunfvri+//FI+Pj41uubdd9+t119/vdZeAwAAAAAAAAAAAPBX4F71IdV3+eWXq1u3bnr99ddtoWd5S5cu1ZAhQ9SmTZtqjVtaWuoQrJ4PL774okaMGOGwvTpz6dGjh0wmkywWizZu3Kivv/5aI0eOrNF8/gz3ISAgQD169LBVQFdX06ZNFR4eLpPJVKPzK1NSUiIPD49aHxcAAAAAAAAAAACob3XWAnry5Mn68MMPdebMGbvtycnJ2rRpkyZPnixJ+uCDD9SpUyf5+Piobdu2euKJJ1RUVCTJWjXr7u6uNWvWKCQkRP/5z3/qarqVCggIUHBwsMPDz8/Pdsynn36qyy67TC1atNDw4cOVnJxsN0ZQUJA+//xzPffcc5o9e7Y2bdqk1q1bKykpSZL00ksvKTo6WhEREeratavmzZsni8UiSYqJiVFoaKg2bNigtm3b6rXXXjt/L74cV+5DmZiYGAUFBdlaQN9000165plnNGnSJPXs2VMdO3bUe++9py1btmjQoEHq0KGDbrnlFmVmZkqSnn32WV111VWSpF27dqlJkyb65ptvNHjwYHXv3l2XXXaZduzYYbve4cOHddtttykqKkqRkZEaNmyYEhISbPuHDRumOXPmaOTIkbr44ovr8jYBAAAAAAAAAAAA9abOAuDRo0fL29tb7733nt32N954Qy1bttTQoUP1zTffaMKECXr++eeVk5Ojzz77TGvXrtXs2bMlSV5eXjKZTPrvf/+rffv26YEHHqir6VbKYrHIbDY7PMoC2uTkZN1777164IEHdPr0aS1cuNBp+2J3d3fNnj1bd955p/72t78pMzNTrVu31oYNGzRv3jy9/fbbysrK0kcffaTXXntNH374oSTJ19dXJpNJGzZsuKDvQ3llraDLeHt7a/ny5Zo6daoSExM1bdo0PfHEE/r000+1e/duJSYm6siRI3r33Xcl2beT9vb2lsVi0bJly7R9+3YdPXpUV199tf7xj3/Yxp8wYYKCg4OVmJioY8eOqV27dho/frxtv6+vrz788EPde++9+uWXX+ri9gAAAAAAAAAAAAD1rs4CYF9fX40bN84uCDWZTHrnnXf0wAMPyM3NTYsWLdKoUaM0dOhQubu76+KLL9aMGTP0xhtvWCfnZp3ePffco8jISKeVpufDpEmTFBER4fDYsmWLJGv1b0hIiP7+978rLy9PHTp00JgxY5yOVVBQYAtNz5w5I7PZrBtuuEEpKSnq0aOH8vLy1KlTJ/Xq1Uv79++X9Md9uPvuuxUcHOwQrp4vVd2HqvTv31/t27dXZmam+vXrp4KCAk2cOFG5ubkqKSlRdHS0jhw5UuH5jzzyiEpKSpSZmamhQ4fqyJEjKikpkSRt27ZNb7zxhtzc3GQ2mzV69GgdPXpUGRkZkqz3sFWrVhoxYkS9tM8GAAAAAAAAAAAAzoc6TcImTZqkl156STExMRowYIDWr1+v3377Tffcc48k6aefflJcXJyWLVvmcG5ZK2BJateuXV1Os0pz587VsGHDHLYHBwdLkk6cOKFWrVqpuLhYkjXojoqKcnn83NxcLVy4UFu3blV2drYMBoPS09PVqlUru+Natmwps9l8Dq/k3FR1H6pSfk3fshA7JCTEtt/T09PW/tuZ0NBQ28cGg0Fms1lFRUXy8PDQrl279J///EdHjx5VaWmpLRguP17btm1tnyMAAAAAAAAAAACgIaqzCmBJuvjiizVo0CBbFfDSpUs1atQoNWnSxHpxNzdNnTpVFovF4VE+VPTy8qrLaVapcePGatq0qcPD09NTklRcXOzQBrk6QePTTz+t9evX64MPPlBSUpKOHj2qAQMGOBxX35WrVd2HmnDWProiFYXfKSkpuv3223X55Zfrhx9+UFJSkj7++GNJ1qC4jIeHR43nCQAAAAAAAAAAAPwZ1GkALEmTJ0/Wxx9/rMOHD2vTpk2aPHmybV+7du30/fff2x2fkZGhrKysup5WtVS09m2Z5s2bKzk52S7MPHTokMvj7969W7fddpsiIyOVmZmpkydPKj4+3uk86lNV96G+7N+/X0VFRZo6daoKCgqUmZmpmJiY+p4WAAAAAAAAAAAAcN7VeQB8ww03KDQ0VOPHj1ePHj3Uu3dv276HHnpI27dv19KlS1VUVKRjx47p5ptvtguJLwQZGRlKTk52+pCk66+/XmlpaXr99deVm5urb775RmvWrKlwPB8fHyUlJenMmTMqLCxUy5YtFRsbq7y8PGVkZOj+++9XRESETpw4cb5eokuqug/1JTIyUhaLRV999ZUsFos2btyojRs3SpJOnjxZr3MDAAAAAAAAAAAAzqc6D4CNRqPuv/9+ffPNN5o0aZLdvssvv1zLly/XokWLFBQUpJ49e6p9+/Z67bXX6npa1TJjxgxdeumlTh+lpaXq2LGj3n33Xb399ttq3769nn/+eT311FOSZFuLtrw77rhDJ06cUHR0tBISEvTss88qKytLF198sYYNG6Zx48Zp9uzZ+uabbzRhwoTz/XIrVNV9qC89evTQzJkzNWHCBLVr104bNmzQxx9/rCuvvFK33HKLvvvuu3qbGwAAAAAAAAAAAHA+GSzV6Cu8ZcsWDRo0qC7nU2sqmuuWLVvUo0cPl8dp3LhxpftPnz4tSfL09JSvr6/c3NxUWlqqwsJC+fv72/Y3btxYOTk5Kikpkbu7uwICAiRJOTk5slgs8vf3l9FolMlkUn5+viTJ399fJSUlKiwsVGBgoM6cOVPtNtD79u07b/fBx8dHnp6eysrKkru7uwIDA22vPyAgwO61GY1GBQUFKTMz09ZG2t/fX5KUm5vrdKzyr9/Dw0MBAQG28X18fOTt7S3JGrrn5eUpICBARqNROTk58vHxkdlsVl5ensuvWar4/gEAAAAAAAAAAAB1JTs7W5J1KVRXde/eXZLkXiczakDKAsaqFBcXq7i4uMJzy39cWlqqM2fO2B3rbN3j8se4Oo+64sr1CwoKVFBQIMn6Gsufk5OTY3esyWRyGDM3N9elsSRryFt+W/njy5R9Yzi7PgAAAAAAAAAAANAQ1XkLaAAAAAAAAAAAAADA+UEADAAAAAAAAAAAAAANBAEwAAAAAAAAAAAAADQQBMAAAAAAAAAAAAAA0EC4V3XAli1bbB+Hh4fX6WRqU3h4uN3c/8q4D+eG+wcAAAAAAAAAAIDaNmjQoDoZ12CxWCx1MjIAAAAAAAAAAAAAoNqys7MlSfv373f5nO7du0uiBTQAAAAAAAAAAAAANBgEwAAAAAAAAAAAAADQQBAAAwAAAAAAAAAAAEADQQAMAAAAAAAAAAAAAA0EATAAAAAAAAAAAAAANBAEwAAAAAAAAAAAAADQQBAAAwAAAAAAAAAAAEADQQAMAAAAAAAAAAAAAA0EATAAAAAAAAAAAAAANBDuVR2Ql5d3PuYBAAAAAAAAAAAAAH8Zfn5+dTIuFcAAAAAAAAAAAAAA0EAQAAMAAAAAAAAAAABAA0EADAAAAAAAAAAAAAANBAEwAAAAAAAAAAAAADQQBMAAAAAAAAAAAAAA0EAQAAMAAAAAAAAAAABAA0EADAAAAAAAAAAAAAANBAEwAAAAAAAAAAAAADQQBMAAAAAAAAAAAAAA0EAQAAMAAAAAAAAAAABAA0EADAAAAAAAAAAAAAANBAEwAAAAAAAAAAAAADQQBMAAAAAAAAAAAAAA0EAQAAMAAAAAAAAAAABAA0EADAAAAAAAAAAAAAANBAEwAAAAAAAAAAAAADQQ7vU9AQAAAAAAAADAn9O8d7dryZpv1bVtU0lSZNNgRTZtJEnq3y1S/btG1uf0AAD4SyIABgAAAAAAAADUWHZekXbGJUmS7b9lAv28NKx/B/Xv1ko39GuvIH/v+pgiAAB/KQTAAAAAAAAAAIA6kZ1XpJWb4rRyU5wekLUqePSQ7hp9bbf6nhoAAA0WawADAAAAAAAAAM6LnXFJeuC5dRo67V3FxB2t7+kAANAgUQEMAMAFJiUlRbt27ZLBYFD//v0VHh5e31MCAAAAAKBW7YxL0t+mvaf+3SI1/4EhtjWEAQDAuTNYLBZLZQfk5eWdr7kAABqw77//Xj/88IPtuYeHh2677bZ6nNGFKS4uTk8++aSKi4slSZ6ennr22WfVuXPnep4ZAAAAAADOZeUWKj7xpCQp+VSWkk6cUfKpLK3feUg5+UUujTFpZB/NnzSkLqcJAMAFx8/Pr8J92dnZkqT9+/e7PF737t0lEQADAM6TpUuX6uOPP7Y99/b21rp16+pxRhemadOm6cCBA3bboqOjNXfu3HqaEQAAAAAANRcTd1Qbdh7Shm9+UsqprEqP7dImTJ/93zgF+Xufp9kBAFC/6ioApgU0gL+s8ePH68SJE7U65m233aYJEybU6pj4a8nKcvxlOD8/vx5mcmFZuXKl3nvvvXMao2/fvnrqqadqaUZWycnJ2rlzpw4cOKCUlBRlZWWptLRUvr6+aty4sdq3b68+ffqob9++MhqN1R4/Li5O27dv18GDB5Wenq6ioiL5+/urRYsW6tatmwYNGqSIiAiXx7NYLIqPj9e3336rQ4cOKTU1Vbm5ubJYLPL391d4eLjat2+vq666Sh07dnQ6xqpVq/TOO+9Uea2bb75Z9913n+35E088oe+++67K855++mlddtllFe7PzMxUTEyM4uLidPToUWVkZKiwsFDe3t4KCgpSmzZt1L17d1199dXy9/ev8np1NWZdf2048+OPP+qRRx6p8rh27drplVdesdtW199jxcXF2rVrl/bt26dffvlFp06dUn5+vtzd3eXv76/IyEh16tRJgwYNUtOm1Wv9l5+fr7179yo2NlaHDx9WVlaWsrOz5ePjo8DAQIWFhalHjx7q3bu3IiMjXRpz1KhRyszMrNY8JOsvbWvWrKn2eWXi4+M1ffp0mc1m27bOnTvrueeec/nr5NSpU9qxY4f27Nmj9PR0ZWRkyN3dXUFBQQoPD1fPnj3Vr1+/av3skKTS0lLt27dPO3bsUGJiojIyMpSXl6fAwEAFBwfrkksuUXR0tHr16iV39+r/mpmenq5vv/1W3333nY4dO6asrCzl5ubK399fwcHBatmypaKjo9WnTx81atSo2uMDAID6M6BbKw3o1koLJl+nmLijmvfudn0dn+z02ITEU7r8/qV6/6nbaAkNAMA5IAAGgL+oVatWqaSkxPa8Q4cO6tWrVz3OCJLUp08fpaSk2G3r169fPc0GFfn555/19ttv6/vvv3e6PycnRzk5OUpKStLmzZsVGhqqhx56yOXvsaNHj2rRokV2bdPLZGVlKSsrSwcOHNAHH3ygIUOG6O9//3ul7xaUpK+++krLly93+Poqk5mZqczMTP34449au3atOnfurEceeUQtWrRwac51LSMjQ8uXL9fmzZtlMpkc9ufn5ys/P18nTpzQzp079eabb2rcuHEaMWKE3NzcztuYdf218WdTXFysNWvW6L///a9ycnIc9ptMJhUVFSkjI0P79u3TihUrbF/TVYXtJpNJ69ev1/vvv+/0zTNl9/r48ePat2+f3nzzTQ0YMED33HNPpeGn2Wy2vcP2fMrMzNT8+fPtwt+AgABNnz7dpfA3Pz9fb731ljZs2OCwr7i42Pa1vG/fPr311lsaMmSIxo0b51KY+v3332vRokVO3zh3+vRpnT59WkeOHNGGDRsUERGhe+65RwMGDKhyXMn6M23lypXasGGD0+/Dsp95SUlJiomJkaenp2666SaNGjWqyp97AADgwjOgWyttfGG8Vm6O07x3tzutCE4+mamh097Va4+P0A2Xt6+HWQIA8Ofn/C9XAIAG78MPP9SKFStsj71799b3lCBp3LhxuvHGGxUUFKTg4GCNGjVKI0eOrO9poZxVq1bpkUceqTDgcyYtLU1PPvmkPv300yqP/eabb/TQQw85DX/PZjabtXHjRj344IM6deqU02MKCws1Z84czZs3r8Lw15kDBw64PI+6Fhsbq/vvv18bN250GhA5U1hYqNdff13z5893ek5djFnXXxt/NqmpqZoyZYreeecdp+GvMxaLRZ9//rmmTp1aaQVuaWmp5s6dq1dffdVp+FuRmJgYPfjggzp06FCFx2RmZtqFsOeDxWLRwoULlZGRYbf90UcfVWhoaJXnZ2RkaNKkSU7DX2fKfnY89NBDSk52Xn1TZtWqVZoxY4bLXVNSU1M1Z84cvfnmm6pitSFlZGRo6tSpWrduncvfh8XFxVq9erUee+yxGlVpAwCAC8Poa7vp4MqH9ewDztf8zc4r0p2zV2vl5rjzPDMAABoGAmAAAC4gnp6emjx5sj788EOtXr1a99xzT621h/2rK1v/4ly8+eabeuedd1wOKs62ePFixcVV/AeMuLg4zZ07V0VFRdUa9/jx45o+fbpDyFZcXKxZs2YpJiamRvPNz8/XU089Va2Arbbt2rVLs2fPrnFF5ldffaX333+/zses66+NP4Py32MnTpzQo48+qqSkpBqNlZSUpHnz5lW4f9GiRfr666+d7gsKClJUVJTCwsKc/vzMzc3VzJkzKww06yNU/OijjxQbG2u3bdiwYbr88surPDc/P19PPvmk09fj7e2tVq1aKSoqSkFBQQ7709LSNG3aNKWnpzsde8uWLRW2fA8NDVW7du3UokULp/f5o48+0ttvv13hvIuLizVjxgwdO3bMYZ+bm5tCQkIUFRWlxo0by2AwOBxz5MgRzZo1q8bfcwAA4MIw+eY+2vnafQrw9XK6/4Hn1mnD1z+d51kBAPDnRwtoAH9ZS5YsqfSPhh9++KE+/PBDu20vvvhipe1Qvbyc/8IC4NzcfvvtuvXWW1069pNPPnEIHQYPHqwRI0ac0xzK1hk9W5MmTdS/f3917txZjRo1ktFoVFpammJjY7Vt2zaHnzNvvvmmXn75ZYdxcnJytGDBApWWltpt9/Pz0/XXX6/u3bvL399faWlp2rlzp3bs2GF33IkTJ/TSSy9p1qxZtm0pKSlOA7g2bdqof//+at26tYKDg2UymXTs2DFt27bNIYTMysrSRx99pHvvvVeSdOuttzpUpaempmrixInObpvNv//9b4eqys2bNzu9F+Xt2rXL4R76+vrqsssuU8+ePXXRRRfJ29tbmZmZOnjwoD777DOHIHz16tUaPny4AgMD62TMuv7acFWHDh20fv16h+3jx493qCw9W21/jyUkJDgE7AaDQT179lSfPn0UERFhu3eHDx/Wpk2bHCrU4+LitGfPHvXu3dtu+6+//qrNmzc7jD1ixAjddNNNCgsLs20vKSnR9u3btXLlSruAND8/X8uXL9fjjz/u8PpOnz7tsG316tXy9fWt6Jackx9//FHLli2z29a6dWu7NbQr8/777+vIkSN228LCwnTfffc5rDF99OhRrVixwu5NIdnZ2Vq4cKHmz59vF7RmZmZq8eLFDte74YYbNGrUKLvK5MLCQm3fvl1vv/223RtGPvroI0VHR6tbt24O42zcuNGh+jggIECjR4/WkCFD7O53VlaWNm7cqFWrVqmgoMC2/ZdfftEXX3yh6667rtJ7BAAALmxd2zbVD+8/rOunvqsDRxw7G93/3Fp99n/jWBMYAIBqIAAG8JdV1R9yPT09nZ4TEBBQV1MCUAGj0ehSJfTevXsdgpROnTrp4YcfPuc5+Pr6atGiRVq0aJG2bt0qSRo9erRuv/12h58XHTt21JVXXqlrr71WM2fOtAt1f/75Z6WlpTm0dV29erVDSNeyZUvNmTPHLtAqG3vIkCF6+umnVVxcbNu3Y8cODR8+XJ07d5ZkDXoXL16sOXPm6Oeff5a/v7+mTJmiq6++2uH1de7cWdddd51WrVrlUPEXExNjC4CdfS48PDwqv3mS3N0d/9npyud06tSpat26td544w2ZTCb169dPU6ZMUUhIiMOxffr00fDhwzVt2jS7sK+kpETffvutBg8eXCdj1vXXhqsMBoPT/3e5ora/x6699lqFhoZq3rx5ysrKUmRkpB577DFdfPHFDmN2795dI0aM0Jw5c7R79267fTExMQ4BsLPK33uiTGrpAAAgAElEQVTvvVe33HKLw3YPDw8NHjxYvXr10sSJE+2qe3ft2iWz2eywnvOZM2fsnnt5eSk4ONhh7NqQk5OjefPm2b0ZwMvLSzNnznTpc1lcXKyNGzfabbvooou0aNEip2v7tmrVSk8++aQWL15s13Z8//792rVrl92a85s2bVJ+fr7d+ePHj9cdd9zhMK63t7euu+46denSRQ8//LDtDRMWi0WvvfaaXn31VYdznH0e586dq/btHdf5CwoK0u23365LLrlE//jHPxzGIQAGAODPL8jfWxtfGKfpSzbp/bPaPmfnFenOpz7U16/dpyB/73qaIQAAfy4EwABQx/Lz87Vt2zbFxsbqyJEjtrUFg4KCFBkZqejoaA0cONDlPy6bTCZ99913+vrrr3X48GGlp6crLy9PHh4e8vPzU7NmzdSqVSv16NFDl156qby9rb8cpaena8yYMRWOu3btWq1du9ZuW8+ePSttwXk+1Pb9K+/kyZPavn279u/fr+TkZGVnZ8tisZzT5+bbb7/Vrl27bEFOYWGhvL29FRoaagt+Lr300grH2L17t2bPnm237eWXX3YampwtJSVF27dvV1xcnJKTk5Wbmyuj0ahGjRopKipK0dHRuuqqq+Tv71/lWFOmTNHhw4dtz8eOHavRo0ersLBQW7du1XfffafExERlZWXJZDIpKChI7dq1U9++fXXNNdc4DfvqWnJysubNm2dXZRoaGqp//etfLgWUrvDy8tLjjz+uSy65RAaDQX/7298qPb5r164aPHiwQ0CTkpJiF/Ll5+c7rN3p7e2tZ555xi78LS86OloPPfSQFi5caLd99erV/8/enYdVVa7/H//ARkQQQXHAAVFUnBAcch4zNTPHMvWkqamV2vCtNMHZnK2OWqbm1GRp6WlSO5rmUGKWmgpWKk6AluAICAjolt8f/NzHzdpMCgj4fl3Xua72s9d61rMWa4Nn3+u+b0sAWErLBPz3v/+tFStWqFOnTjaDK3fq37+/tm3bZlWWNSoqSikpKXcdXLxXffr0Ua1atbR792698MILhoDdnTw8PDR48GDNmzfPajx9mdncnjOv7o2CJKefsYYNG2rJkiX6+OOP9dxzz9ksQXxbsWLF9NJLLxkCwLb6VkdFRRnGsrre7u7u6tChg9XfucTERMXGxhoCpekzgG0FUnPLggULdOHCBaux0aNHy9vbO1v7nzhxQvHx8VZjAwYMyHLNzz33nHbs2GG178aNG60CwIcPH7bax8PDQ/369ct03sqVK6tv375WD5GcPn1af/31l+rVq2e1bfqS1b6+vln+fvL395ePj49VxnN2exMDAICCz62kkz4Y10uSDEHgyKgYdRvzifYsy7zyEAAASEMAGADy0JYtW7Ry5UpD6VBJunz5si5fvqyDBw/q448/1qBBg9SvXz+bfe5u++OPP/Tuu+8aSiZKacHHpKQkXb58WaGhodqwYYOcnZ3Vp08fDR48OFfPK7/k9vW7LSYmRqtWrdKPP/5oKElra+4BAwZowIABmWbH7dmzR8uXL7cZmEhMTFR4eLjCw8O1efNm1a5dW6+99pqqV6+e5Vqz48qVK1q2bJl++uknpaamWr1nNpsVHR2t6Oho7d27V6tWrVK/fv301FNP5ThI+/PPP2vx4sU2+2NevHhRFy9e1C+//KI1a9Zo4sSJqlWr1j2dV07ExcVp6tSpSkhIsIyVKFFCb775Zp5k7nXv3j3b29auXdsQ5LtznZIUHBxsVdZUSgtQenpmXuKsc+fO+u6776yC9QcOHNCVK1dUpkwZy9jt3tLZYWdnJ19fX0PANDEx8b4FgKW0DOU7A9uZsRVESn/N82rO3L43Coq7/YyVLVtWY8eOzdYxypUrJw8PD6tM+PQZqJKx3YLJZMpWCwZblT9s7Zc+AzivAsDffvutIQu2Xbt2OcpmjY42lkisU6dOlvs5OjqqRo0aViXfDx48qJiYGMvPM/3fM19f32xliacP9ErSzp07DeO3H1C7rUSJElnOLRl/junnAQAAhd+80Y8q9GSUoRz0kVPRCly8RfNepPoHAABZyTjVAQBw11JSUvTOO+9owYIFNoOXtrb/8MMPNXnyZJtfdktpmaGBgYE2g78ZuZ3dVNjkxfW77eTJkxo9erS2bt1qM/hra+5PP/1U06ZNM/RmlaRbt25p8eLFmj59us3gry3Hjx/Xq6++qoMHD2Zr+8wcPXpUI0eO1K5duwzBX1sSExP18ccfKzAwMEf3xq5duzRr1iybwd/0zp8/r9dff13Hjx/P9vz3wmw2a+bMmfrnn38sY3Z2dgoMDJSPj0++rCEzSUlJhrE7g7OS9Pvvvxu2eeSRR7I1f6dOnaxe37p1y5C5l1Ppg9EmkynT7M2CxtY1v9cgXn7Nmf7eKAjy8zOW/prYusZeXl6G9dn6DN3p1q1b2rdvn9VY2bJlbQaF0weA8+IhkhMnTmjFihVWY56enjkuV5++j7SUVp48O5KTkw1jd/7eTv838l7mPXbsmGEs/c/x+PHjWf6NuXLlisLCwjKdBwAAFH63y0G7Ohsf1lv6zT5FRhe+7zkAAMhvBIABIA8sWbJE27ZtM4x7eHgoICBAAQEBNkt87t+/XwsWLDCMx8bG6p133jEEIE0mk7y8vOTn56fatWsb5jSZTOrfv7+ktGyfZs2aWf6XPovH09PT6v1mzZplK4soL+T29bvt7NmzCgoKMvRZvc3R0THDrNh9+/Zp2bJlNtd6Zx/F9DLqNZ2UlKSZM2feU+nKiIgITZw4McNArpOTU4bZWn/88YemTJli84t6W9I/eODg4KCKFSuqSpUqNku/pqSkaObMmVb9afPKkiVLrLLYpLQ+lS1btszzY2fHn3/+aRirXLmy1ev0wZHy5ctnO6jRsGFDw9hff/2VgxVaM5vNhuB9lSpVspVdX1DYuub3GiTKrznT3xsFQX59xsLDww0Z0LaucYcOHQy/d+bPn5/hgw8xMTGaP3++Tp48aTX+2GOP2dw+fQDY2dlZMTExio2NVWJiYrYetslMYmKiZs+ebfU33WQyKSgoKFsl+u9UtmxZw1h2Hi66cOGCVeWA2+4Mrqaf+6+//sryIStJ+uWXXwxjp06dMgSQb/fkvi0pKUnTp0/X33//bXPe8PBwTZ061fB3JaOfIwAAKNxuB4FtGfnWtzbHAQDA/1ACGgBy2a5duwwlPX19ffXCCy8YSo2ePHlSH3zwgY4cOWIZ+/nnn9WoUSN169bNMvbTTz8ZMmH79OmjAQMGGDKTYmJi9Ouvv2rjxo2qVauWJVDq5uamGTNmWLZ74oknrL5ob9GihUaNGnWXZ5178uL6SWlBrTlz5hiuo5ubmwYMGKC2bduqXLlySk1N1blz57R161Z9/fXXVl/Q79q1S4MHD5arq6uktLK9GzduNJxD8+bN9eSTT6p+/fpycHDQ9evX9fvvv+uLL76w+sI9ISFBO3bs0MCBA3N4laSbN29qzpw5hmCJh4eHnn76abVp08Zyb0RERGjLli367rvvrLLFjh07po8++kgjR47M9nHd3Nw0bNgwtW/f3lKuMykpSVu3btWKFSusvpi/cOGCtm3blmVvznuxYcMGQ+/cihUryt/f/772rL3t4sWL+u2336zG/Pz8rLIab9y4YegBWrVq1Wwfo0qVKjKZTFY/24wCKNmxZ88eQw/UNm3a3PV8+e3WrVv673//azXm6Oiopk2bFqg5s3NvFAT5+RlLfxzJ9r3n7u6u5557TkuWLLGMXblyxZKR7Ovrq7JlyyohIUHR0dE6cOCAIWhYq1Yt9e3b1+Y60geAt2/fru3bt1te29nZydXVVdWqVVPNmjXVrl071a1bN9vnuXDhQqtsakkaMmSI1RxxcXGGB2/q1q1reKindu3aKlasmFVw9T//+Y+aNWuWYRn+xMREzZs3z2b28J0PSPn5+emPP/6w2u/999/X2LFjM+yZvXv3bm3ZssUwbjabFRcXJw8PD8tYixYt1LZtW+3evdsy9ueff2r48OFq2LChvLy8VKpUKcXExCgyMlKhoaGGebt37y5/f3+bawEAAIWff01PzRn1qMYv/cFqPDgkQrtDwtU2oNp9WhkAAAUfAWAAyEU3btzQ8uXLrcYCAgI0c+ZMm1+S16xZU/PmzdPMmTOtMmZWr16tzp07WzKcTp06ZbWfj49PhkE7d3d3de3aVV27drVZXrQgy6vrJ0k//vij4TpWrVpVc+bMscpysrOzk5eXl4YPH642bdooKChI169f12OPPaYhQ4ZYgr9ms1krV640rOmFF17QE088YTVWokQJtWnTRi1atNCCBQv0448/qmLFinrhhRfuOoNu27ZtOnPmjNVYjRo1NHv2bMNDAd7e3nrhhRfUokULTZ482Srrd8OGDerVq5cqVqyY5TFdXV01f/58ValSxWrcyclJPXv2lIeHh6ZPn271XnBwcJ4GgHft2mUYO3/+vF577TU5OzurXbt2GjhwoM2M8bxmNps1f/58Q+Ap/cMJMTExhlKrOSkD7ODgoFKlSlkFrdIHcLPr6tWrWrp0qWH+9Jl6BdmaNWsMn42OHTtmu79ofsyZ3XujIMivz1hISIi+//57q7EqVaqoQYMGNrfv1auXUlNTtXLlSqvg5+nTp3X69OlMj9W0aVONHTs2w96x6QPA6aWmpiouLk6hoaEKDQ3V119/rVq1aumVV16Rr69vpvt+//33+umnn6zGGjVqpH79+lmNHTlyxPD79MsvvzT8fnd2dlaHDh2sqmYkJibq9ddfV+/evdWuXTt5eXnJwcFBly5d0oEDB7Ru3TqbvYMlKT4+3vLfXbp00fr1660Cxdu3b9e5c+fUt29f1a9fX+7u7kpKStKpU6e0detWm9U7brt27ZpVANjOzk5vvPGGSpQooa1bt1rGU1NTdejQIR06dCjDuezs7NS3b189++yzGW4DAACKhhefbK4lX/+qs+nKPs/59Ce1/TcBYAAAMkIAGABy0W+//WaVPePg4KA33ngj0wwpk8mk119/XYcPH7aUVrxy5YoOHjyo5s2bSzL207tx44ZSU1OzLMma0ZfbBVVeXT9JhkxdR0dHTZ8+3Wb5zNtq166tyZMny9XV1ZBJtX//fkP55scee8wQ/L2Tg4ODXn31VdWtW1ddunS5p8y59OdTvHhxTZ06NdNelQEBARo9erRVmWyz2awtW7Zk60v0oUOHGoK/d2rdurVq165tVT742LFj2bpX80JiYqK2bNminTt3aty4cfmexfr+++8bSrH6+/urY8eOVmO2HtTI6WfX2dnZKmh1Nw9/JCQkaMqUKYbgcf/+/bP1gEBBsGPHDq1evdpqzM3NTUOHDi1Qc2b33ijocuszFh4erhkzZhgehHjppZcyLGMvpT3E4+7urosXL+boeDVq1MgweH/z5s1s9Z5P78SJE3r11Vc1YcKEDK9DeHi4PvjgA6sxNzc3jRs37p5+Rw4fPlwhISFWlQRSUlK0bt06rVu3Lkdz3dn/u3LlyhoyZIg+/PBDq22OHz+uWbNm5Xid6XuLS1KxYsVUs2ZN7dq1K0ctA1xcXOTt7Z3p/QEAAIqOCUM6aNRb31mNBYdE6POtIRrYJeA+rQoAgIKNHsAAkIvSf6HfuHFjlStXLsv9XF1d1aJFC6uxO/stVqpUyeq9s2fPavLkydq/f3+2e7gWBnl1/WJiYgy9Djt16pStoFbjxo1tltHcv3+/YWzQoEFZzlesWDF17979noK/V69eNWQzd+7cWRUqVMhy3y5dusjT09NqLH0ZWltMJpM6deqU5XaNGze2ep2YmJitnpF5KTk5WbNmzcqwP2huS01N1aJFiwwlgz08PBQUFJStQE9Og0Hpe5LmdP/4+HhNnDjRqv+nlPbzvJsS5ffDjh079Pbbb1uNmUwmjR8//q7LKuf2nLlxbxRE9/IZO3PmjMaNG2cIuj7zzDNq1KhRhvt98sknGj9+fI6Dv5L0xRdfaPTo0TYz5bPK/s2M2WzW7NmzFRERYXgvKSlJs2bNMgQ533jjjRxl/NtSunRpzZw5M9MHgGzp1auXYSx9b+X+/furZ8+eOZrXw8PDZhA8/d+9lJQUTZw4UUuWLMlxv/j4+Hi98847mjFjhs1S1gAAoGgZ2CVArf2NbXI+25JxxRAAAB50ZAADQC5KXyJ03759evTRR+9qrnPnzln+u3379lq7dq1VdtT+/fu1f/9+mUwmVatWTTVq1FDNmjXl6+srX1/fPMmK+eabbwwlOm0ZOnToXWWC5dX1s1UO9F56d0rGtfr4+GSaTZyb0h9bkpo0aZKtfe3t7dWkSROrn2NkZKTMZnOm94y3t3e2slJtBezj4+Pl4uJieW02m/XCCy9kOVeZMmX01ltvZbpNUFCQkpKSlJqaquTkZJ0/f16hoaHatm2b1cMRt27d0vz58/Xhhx/KwcEh19dx53EWLFhgVc5UkkqVKqVZs2ZZlT+9zdZ1tZUpl5n02xcvXjzb+8bGxmrChAk6efKk1bivr68mTZpUKDLstmzZooULF1oFwu3s7DR27NhMg4j5Oefd3BtS3v/ezcq9fMayEhYWpgkTJhiCv48//nimD9R8//33WrNmjdWYnZ2dOnXqpI4dO8rHx0eurq5KTk5WVFSUDh48qG+++UaXLl2ybH/u3DlNmDBB7733nlVgsly5cvrhB+sec7fduHFDSUlJunTpkk6fPq3du3dr7969VtuYzWYtW7ZMs2fPthp///33DT19+/bte89/i27z9vbWihUrtHz5cm3fvt2QTX2ncuXKaciQIWrWrJm++846k8bZ2dmw/YsvvqjGjRtryZIlhn7l6XXo0EEjRoywmXmcfu533nnH8OCXs7OzevfurRYtWqhKlSpycnJSYmKiIiIitGfPHm3atMkqWBwcHKxFixbp1VdfzXRdAAA8CGLjkxSbkKyqFdzu91LyxIQhHfT4mE+txvaERio2PkluJQtX9TMAAPIDAWAAyEVxcXG5NldCQoLlv729vTV69GgtXrzYkOlnNpt16tQpS/896X89Afv165erpVtjY2N19uzZLLe724zPvLp+sbGxhvfvtV9l+jmzk32bW2ydT06On/7czWazrl27lmn2WHYzy2wFM2/evGkYy859lJ3s9vTn4uvrq/bt26tv374KCgpSVFSU5b3o6Gj9+uuvVkGy3FqHlHYd33rrLUPPVDc3N82dO1fVq1e3uZ+7u7vs7OysPts56eF78+ZNw2cnuxmFV69eVWBgoCFjsXbt2po1a5ZV4L6g2rBhgxYvXmw1Zm9vrzFjxtx1SeXcnvNu7w0p73/vZuVeP2MZ+fPPPzV58mSr39VSWvD35ZdfznC/xMREQ/91R0dHzZgxQw0bNrQad3Z2lo+Pj3x8fNStWzdNmzbNqjrEmTNntGHDBvXt2zfL9Upp2bHFihWTq6urqlevrkceeUR79+7V9OnTrQKuBw8eVExMjOX35o8//mjojevr65vr/WtLlSqlsWPHasSIEQoODtaJEyd05coVXb9+XaVKlVKFChXUuHFjBQQEyNHR0VAZQ1KG/2Zo2bKlWrRooT///FO//faboqOjdfXqVTk4OMjd3V116tRRs2bNLPunDxSbTCarB4RCQ0MNvZArVaqkefPmGe45V1dX+fn5yc/PT926dVNgYKBVu4jNmzerW7duWfZfBgCgqNv0y3GNeus7NahRQaOfbKHurWoXqcBo24Bq8qrgZugFvOmX45SBBgDABgLAAJCLcrN8Z/qsux49eqhy5cpatWqVIVMvvcTERP33v//VTz/9pEmTJhnK8hZUeXX9bM2bPpCeU+nnvNf57uXYOT2+rcywrK59djP6CoqKFStq9OjRmjJlitV4SEhInmRJ3rhxQ7Nnz9Yvv/xiNV66dGnNnTtX1apVy3DfYsWKqUKFClaBtPSZgpk5d+6coQRq5cqVs9zv4sWLCgoKssqWlyQ/Pz9Nnz69UAR/169fbwgGmkwmBQUFqV27dgViznu5Nwqye/mMhYSEaMqUKYZe1b1799aoUaMy3Xf//v2GYHffvn0Nwd/0nJ2dNWHCBA0aNEg3btywjO/cuTPbAWBbWrZsqS5dumjLli2WsdTUVJ04cUJNmzZVVFSU3n//fcN+YWFhevzxx3N0rP79+1u9fvLJJ/X8888btnN3d1f37t2znO/YsWOGsapVjaUVb7Ozs7MEYnM6d+XKla3+jqQP/krSK6+8kuXDWV5eXnrppZf05ptvWo3v3LmTADAA4IG3+3C4JOnIqWiNeus7jZK0dFyvIhUc7d6qtpZ+s89qbPfh8CJ1jgAA5JbC9W0uABRwbm5uVplafn5+mjx58l3Nlb4Pn5TWj7Nx48YKDw/X4cOHFRYWptOnT+vs2bM2sywTEhI0Y8YMffjhh3fdAzM/5dX1c3MzlsCKjo622ds3u9KvNTo6+q7nuptjpxcVFaWaNWtma39bmVklS5bMlbUVJLbK9N6ZNZZbUlJSNH36dENf6LJly2revHmqUqVKlnPUqVPHKgB84cIFnTt3Llv72uq7Wq9evUz3iYqKUmBgoNUxJSkgIEBvvvmmSpQokeVx77fVq1frs88+sxpzcHDQxIkT1apVqwIxZ27cGwXZ3XzG9u/fr+nTpxt6vvbr10/Dhw/P8pjh4eGGsWbNmmW5n5QWGK1du7b++OMPy5itkvo55e/vbxUAlv7XS/js2bM5LumeX37++WfDWEDAvX95GhISopiYGKux9AH69D9HR0fHLIP4tzVr1kz29vZWDzPZui8AAHjQBIdGGMaKWjno7m3qGALAm/Yck9Tr/iwIAIACjAAwAOSi6tWrW32xHBYWJin75XOzq1q1alZZY2azWREREfrjjz+0efNmq563iYmJ+vnnn9Wr173/H6KhQ4dq6NCh9zxPRvLq+tkqr7p///57ygRNv9YzZ87owoUL91xaOrvHTu/AgQPZOh+z2azff//daszb2ztf+7yaTKYMe2zmJlsPReT2Oq5fv66pU6dalZWVJE9PT82dOzfbJdibNGliKA+8fft2DRkyJMt9t2/fbvXa3t4+00DKuXPnFBgYaNUPVUrriz1lyhSrfqgF1apVqww9Rh0dHTVlypS77qma23Pm1r2R179370VWn7H09uzZo9mzZxv2GzRokJ555plszXFn9u5tOalQkP7hKrPZnGUP9Kykz8DP6Zruh6NHjyo0NNRqrEGDBrny7xVb/X/T/31K/wCAg4NDtquAmEwmQwDY1n0BAMCDJDI6VpFRMYbxtgG5U23mp0NnNHn5j/or/IJKuRTXE+3ra+bzneVUPO3fPH+euaBRb32nsLOX1NrfW8vG9VJZ99yvKNQ2oJpcnYvrWuL/2vTEJSRrd0h4rp0rAABFhf39XgAAFCXps5BSUlK0evXqbO1rNpsNX4hml8lkko+Pj3r27Kl3333XkO2bvsSrZPxyOrt9TvNSXl2/2/0J77R9+3ab1yW9vXv3WgV6b2vevLlhLDtrTU5O1vr16+8pI8zd3d1Q6nL79u06f/58lvtu3rzZkAHcokWLu15LfklNTdV//vOfHH1Gfv31V8NYbgboExISNHHiREOAr0qVKnrnnXdy1H+7TZs2hqzbb775xvCzSm/Hjh2WByVue+ihhzLsARwREaGxY8cagr+tWrXS1KlTC3zwNzU1VYsXLzYEmJycnDRz5sy7CtTmxZy5eW/kl7z+jO3atUuzZs0yBH+HDx+e7eCvJJvVLI4ePZqtfVNSUgwtFNzd3a2Cv5GRkQoODs72eiTb16FSpUo5miM/Xbt2TW+//bZhvGfPnvc894YNG3TgwAGrMW9vb0NmcfrfUYmJiYZe5BkJCwsz3EeFocoJAAB5aWOwsbVDa/+MWzvkxOm/r6jvxLUqV9pFn07pq7FPt9WnWw5p/AdbLdu89u73eqJDfYV/9YbKuJbQW5/ttrz37rpfdCkmIVfWIkk92tQxjN0ufw0AAP6nYD+aDgCFTJMmTVSxYkWrQNymTZtUrlw5DRgwIMP9rl+/rrfffltOTk4aN26czW02btyohg0bysvLK9M1ODo6yt7e+vkeW+WkS5YsqdjYWMvrU6dOZTpvfsjL69e9e3ernoQ3btzQtGnTNHv27AwDFqGhoZozZ46Sk5PVsWNHjRgxQh4eHpLSynFXqlRJ//zzj2X7rVu3qmrVqnrqqadszpeSkqK3335bu3fv1jfffKPnnntODz/8cMYXJBOPP/64VeAvJSVFU6dO1Zw5cyxrTO/333/XsmXLrMZMJpO6du16V2vITzt27NCKFSu0ZcsWPf3002rXrl2mGXZhYWH64IMPDOO2Stbejbi4OE2cONEQfPX29tbcuXMzDMBmxNnZWT169LAKQl6/fl0TJ07UrFmzbN6jBw8e1IIFCwzj6fuE3nby5ElNmDDB6nMvSe3atVNQUFC+ZoHfjVu3bum9997T5s2brcadnZ01Y8aMbPUlzY85c/veyC95+RnbunWr5s+fb+hVPmrUKPXu3TtH66xfv75hbO3atWrZsqXKlSuX6b4rVqzQtWvXrMYaNGhg9frDDz/U3r171aZNGz311FOGh4fS++qrr7Rnzx6rMTc3N0uLgUaNGunLL7/MdA5bNm3aZHioaOXKlXJ1dbW8dnJysnr/6tWrWQZCIyMjNWPGDP39999W43Xq1FHbtm1t7mM2m5WQkKBSpUplOK/ZbNa6dev08ccfG94bMWKEYax+/fqGwPnSpUs1Y8YMm/9mue369etaunSpYTz9zxEAgAdNbLzxAePcyohdveWwihdz0OdT+1kyfpNv3NTsT37SzOc7yaWEo06eu6xHm9eUU3EHdW5WU2u2pj0IufPgaX354xG99GTuPXRc1MpaAwCQVwgAA0AuMplMGjZsmGbNmmU1/tFHH+nAgQPq06eP/P395erqqlu3bik6Olq//vqr1m5u+woAACAASURBVK9fb+mb6OPjo759+1rtf/78ecsXnk2bNlXHjh3l5+dnCPRdvnxZa9asMfRg9PHxMay1evXqVl8Ah4WFaf369erbt6/s7OyUkJCg7du350pGUHbl1fWTpI4dO+q7777TiRMnLGNnz57V6NGj1bdvX7Vp00YVK1aU2WxWZGSkfvjhB23atMlSYnLHjh3at2+fPvnkE5UsWVImk0kjRozQ9OnTrY6zcuVKHTx4UE888YTq1asnFxcXxcTE6MCBA1q3bp0lw+ny5cuaO3euzp07l6Pst9s6d+6s7777zqrcd0REhEaNGqUBAwaoVatWKl++vMxms86cOaMffvhB//3vf61KZkpS7969VaFChRwfPz+lpKRYggpnz57VvHnztGzZMjVu3Fh+fn4qX768SpUqpRs3buj8+fPat2+fgoODDedaqVIlPfTQQ/e8npiYGAUFBRl6h1aqVEmTJk2Svb29of+lLS4uLlaBjv79+2v79u1Wn9/IyEiNHDlS3bp1U8OGDeXi4qKLFy9qz549hpLRUlow11bQ8ujRo5o0aZLi4+Otxlu2bKnRo0cbgmIZcXNzy3aZ1txkNpv1zjvvaMeOHVbjxYsX14QJE1SlSpVsXfPixYtbMq3zYs68ujfyWl5+xjZu3Kj333/fcMxnn31WHTp0yNb1MJlMlsBnnTp1VLNmTatM3itXruiVV17R4MGD1a5dO7m4/K/cYGpqqo4ePaq1a9dq3759hrl79Ohh+e8///xTe/fulSQFBwcrODhY1atXV8OGDVWnTh2VLl1aJUqUUGJiok6fPq0dO3ZY/U25c87bD1Q4ODjcVVnl4sWLG8ZcXV0znMtsNuu1116Th4eHHn74YdWpU0dly5aVyWRSbGyszpw5o71792rXrl2GktVOTk569dVXM/xsb9++XcuWLVOnTp300EMPqWrVqnJ2dlZKSoouXryokJAQ/fDDD4agsiR16tTJZo/mTp066bPPPrOqPnLo0CG9/vrrGjx4sBo3bmz1UEpKSorlb3BkZKTVXCVLlrzrh6kAACgqdocYM2DbNsydAPDvx/9WSz8vS/BXkto3rK6pK7brzzMX1KxeFdWuWk4//HZSPpXKaOfB06rl5aHklJsa895mLRnbUyZT7hWh9K5ofOAtMjrWxpYAADzYCAADQC5r166dDh8+rO+//95q/MiRIzpy5IiktCzdmzdvGr48l9L6UNatW9cqy2nt2rWWL2x//fVXS9aMm5ub3N3d5eDgoGvXrtksF+vh4aHWrVsbxlu3bm0oc7ly5UqtWbNGJUuW1MWLF5Wamqr69eurRo0aObwKdy8vrp+UFkAIDAzU66+/rri4OMv4tWvX9NFHH+mjjz7Kcm2PP/64SpYsaXndunVr9ezZUxs2bLDa7uDBgzp48KAkyc7OzpD1dpubm5see+yxLI9ry+3zGTNmjFVQLzY2VsuWLdOyZcsyPbaUFkgpqL1F77Rx40bDvR0TE6MdO3YYgncZsbOz08svv3zPWa6xsbF64403DAEISfrnn3/03HPPZXuu8ePHq0OHDpbXJUuWVFBQkMaPH29V3jQhIUHr16/X+vXrM52vYsWKeuWVVwzjR48e1YQJE5SYmGh4b+/evZaAV3asXbv2vmSwzpkzR7t37zaMJycna9KkSdme5/HHH7dco9yeMy/vjbyWV5+xDRs2aPHixTa3z+7vXUny8vLSypUrLa9feeUVjRkzxqrv65UrV7Rw4UK9++678vT0lKurq5KTk3Xx4kWb974kPfroo1aliT/88EPDNmfOnDEE9DOTWRWIvPTTTz/p/PnzOn/+vM22BRlxcHBQUFCQzd7yUlqW/Lp16xQfH69vv/1W3377bbbn9vf31//93//ZfK9MmTIaNmyYIZs3LCxMkyZNkqOjozw9PeXk5KTr16/rn3/+sdlrWUrLJL8zMxoAAOSuC1cT1KS2dXuLsu7OkqRLsWmlnee/0k0vvrNBb3++W60aVNWM5zpp/hd71NLPSy38Mq9illO2MoAjoq7m6jEAACgK6AEMAHngxRdfVPfu3TN8PyUlxWbwUkrrLXu7dKSU9iX89u3bbW4bGxuriIgInTp1ymbw18nJSYGBgYbeopLUvn171axZ0zCemJioCxcuWAKHW7ZsyfA88kpuXr87eXl5ae7cuRmWSM5Mu3btNGTIEMP4qFGjMs2SzigA6+LioilTpqhs2bI5Xstt1apV06xZs+TmZrsEVmbBXz8/P82YMaPA93yV0kqD161b9673N5lMGjNmjBo3bnzPazl79qzNAF9u8ff316RJk2xm/2WmcuXKmjdvns0gyMGDBzMMgBUW6UvsFsQ58/reyEt59RnLi5+bJNWuXVuTJk0ylECW0n7vnT9/XmFhYYqIiMjw3m/fvr1efvllq7Hu3btn+Ps0O6pUqaJZs2bZXFdeSk1N1RdffJHj/dzd3TVz5ky1bNkyw22Cg4N19uzZHM/dsWNHzZo1K9O/Mb1799bAgQNtvpeSkqLIyEiFhYXp7NmzNoO/dnZ2GjlypDp16pTj9QEAgOy7cfOWijlYP0hr+v9tp5JT0v5G161WTjveH66/NwRq/ax/KSY+SR99f1Bvjngk39cLAADSEAAGgDxgMpn08ssva8qUKapYsWK29nFxcdHw4cM1efJkqy9M3d3dNX/+fDVp0iRHpVdr166t+fPnW2U3pV/jtGnTbJaHvtOhQ4eyfczckpvXL70aNWpo6dKl6tq1a7ayQZ2cnDR8+HCNHz/e5vb29vZ68cUXNXXq1GyvtV69elq4cOFd9RdNr06dOvrggw/Uvn37bG3v7OysoUOHat68eZn2cyxIqlWrpvnz5yswMDDHQaq6detq4cKF6ty5cx6tLve1bNlS7733XrbO1d7eXl27dtWiRYsKfClvFFyF8TPWokULLV26NNPgpS2enp564403NGHCBEOZ7YcfflgrVqzQoEGDcvSgkMlkUvfu3fXee+9l2FM+L8XHx2fZ//hOjo6O6t69u5YvX55lX/SbN2/mKChevXp1TZs2TYGBgdl6wGjw4MGaO3dulv8WSa9+/fpasGCB+vTpk6P9AAAoqvaEGh9EzK0ewJnJ6CuKMe9tVtAz7bTpl+OqPWCBGgx6Txt2H82VY/rX8DSMHTkVnStzAwBQlFACGgDyUOvWrdWyZUvt27dPv/32m44fP67o6GglJiaqRIkScnd3V/Xq1fXQQw+pVatWGX7JWrt2bc2ePVuXL1/W3r17dezYMZ08eVJXr15VfHy87Ozs5OzsrEqVKqlWrVpq27atGjRokGXAuFy5cnrvvff0448/6ueff9apU6cUHx+v4sWLq3LlymrevLlVf8T8llvXLz03Nze99tprevrpp7Vz504dPnxYERERltLQbm5u8vb2VrNmzdSxY8dszduqVSs1b95c+/bt0y+//KLjx4/r4sWLSkpKkpOTk8qXL6/69eurffv2GQbl71aZMmU0YcIEPfPMM9q5c6dCQ0MVGRmp+Ph4mUwmubu7y8fHRw899JA6dOhQKEtl2tvbq2PHjurYsaPCw8N1+PBh/fHHH4qMjFRsbKyuXbsme3t7lSxZUpUrV1bdunXVunXre8pqvJ+qVaumhQsXKiQkRDt37tRff/2lCxcuKCUlRS4uLvLy8lJAQIA6deqkypUr3+/loggojJ+xSpUqadq0aYqOjtb+/ft16NAhnT17VnFxcYqLi5OTk5Pc3NxUpkwZNWjQQE2aNFG9evUyffjHzc1NzzzzjJ5++mmFhobqyJEj+uuvvxQdHa1r164pISFBxYoVU5kyZSyfw4cffviuKkvkFldXV82aNUvh4eEKDg7W0aNHFRkZqbi4OKWkpMjJyUkeHh6qVq2aGjVqpNatW2e7L3HHjh3VqlUr7du3T/v27dPp06d18eJFJSQkWO6HKlWqyNfXVy1btpSfn1+O+4Q3atRIS5cu1cmTJ3XgwAEdPnxYly5dUmxsrBISElSyZEm5ubmpQoUKatSokZo0aaJq1fL+C20AAJDG0cFeSSk3rcZSbqRl/hYvZvxqef2OP3QtMVlt/L3V6f8+0vb3ntXl2OvqO3Gt2gZUU+lSxgplOeFW0lhtJS4h+Z7mBACgKLJLzaw+pNL6zgEAAAAAAAAACp5SnaYbxuJ+nJIrc/cO/Ez29nb6es7/Wjfs/SNSj776sXa+P1xN6vzvgdTY+CQ1G7FU62b8S8ciL+rLH0Mt+zUdvlQL/6+bWvt739N6YuOT5NX7LcN4bp0vAAD5zcXFJcP3bicsHT58ONvzNWzYUBIloAEAAAAAAACg0PLzMbaD2R0SnitzN6tXRb8ciVTC9RTL2K6DZ1SieDHVq27d/mL6hzvUo3UdBdTylJ1kVRkkNTVVtzLPQ8qW0FNRhrHW/lXveV4AAIoaAsAAAAAAAAAAUEi5lSyeZ3M/07WRUlOlf039Ult+PaFl3+7Xgi/3aGi3RipRvJhlu9TUVCXfMGvysw9Lkhr5VtT+o3/rxNlL2n/0nM5fuqb66QLGAAAg79ADGAAAAAAAAACKkNj43OmL61XBTV/PeVoTl23TwGnrVMqluJ7t1lgznu9stZ2dnZ3eH9PD8rqWV1lNfraDur72iYo5mPT+mB4qU8r5ntcTGR17z3MAAPAgIAAMAAAAAAAAAIWUt2dp7QmNtBoLPXle3VvXzpX5W/t7a9fiETne77meTfVcz6a5sobbIs5fNYx5e5bO1WMAAFAUUAIaAAAAAAAAAAqpBjU8DWNFNVM29KSxB7Ct8wcA4EFHABgAAAAAAAAACqm2Ad6GsU17jt2HleS94NAIw5it8wcA4EFHABgAAAAAAAAACin/msYM2LiEZO0OCb8Pq8k7u0PCFZdg3dvY1bm4zfMHAOBBRwAYAAAAAAAAAAqx1v5VDWObgotWFrCt8/GvWeE+rAQAgIKPADAAAAAAAAAAFGJtA6oZxr7fG3YfVpJ3bJ2PrfMGAAAEgAEAAAAAAACgUBvUtZFhLDIqpsiUgd4dEq7IqBjDuK3zBgAABIABAAAAAAAAoFCrWsFN3Vr6GsbnfPrTfVhN7rN1Ht1a+qpqBbf7sBoAAAo+AsAAAAAAAAAAUMi92LeFYSw4JEKfbw25D6vJPZ9vDVFwSIRh3Nb5AgCANASAAQAAAAAAAKCQaxtQTV42MmILexawrfV7VXCj/y8AAJkgAAwAAAAAAAAARcCEIR0MY5FRMVr81W/3YTX3bvFXv9ns/WvrPAEAwP8QAAYAAAAAAACAImBglwD5+VQwjM/5dJdCT0bdhxXdvdCTURq/9AfDuJ9PBQ3sEnAfVgQAQOFBABgAAAAAAAAAiogPxvUyjMUlJKvbmE8UG590H1aUc5HRseo25hOb79k6PwAAYI0AMAAAAAAAAAAUEf41PRX0TDvDeGEJAsfGJ+lfU75QXEKy4b2gZ9rJv6bnfVgVAACFCwFgAAAAAAAAAChCXnyyhc1S0EdORSvIRlnlgiRo6Q86ciraMO7nU0EvPtniPqwIAIDChwAwAAAAAAAAABQhbiWd9MG4XnJ1Lm547/MfQjTq7e8KXCZwbHySRr39nT7/IcTwnqtzcX0wrpfcSjrdh5UBAFD4EAAGAAAAAAAAgCLGv6anlgX2tvne5z+EFKhy0Ld7/toK/krSssDelH4GACAHCAADAAAAAAAAQBHUvXVtLR3Xy+Z7R05Fq/7AdxV6MiqfV2Ut9GSUWj3/gc2yz5K0dFwvdW9dO59XBQBA4UYAGAAAAAAAAACKqIFdAjIMAsclJKvbmE+05Ovf8nlVaZZ8/ZvajFyuuIRkm+8vHddLA7sE5POqAAAo/OxSU1NTM9sgISEhv9YCAAAAAAAAAMgDm/Yc1wvzvtW1RNvB1qqe7ho/uH2+BFw/3xqiOZ/+pMioGJvvuzoX17LA3mT+AgCKPBcXlwzfi4uLkyQdPnw42/M1bNhQEgFgAAAAAAAAAHgghJ6M0r+mfqmz0bEZbtMmwFvjB7dX24BquX783SHhmvPpTwoOichwG68Kblr7Zn96/gIAHggEgAEAAAAAAAAA9yQ2PkmPvf6J/jhtu+fubVU93dW9VW11b1NHbfy97/p4waER2hR8TJt+OZ5hxu9tfj4VtHn+ELmVdLrr4wEAUJgQAAYAAAAAAAAA5IrAxVu09Jt92dq2lEtx9WhTR96epeVVwU3enu6SpAY+FeRW0kmx8Uk68v8DyhFRMTobHauIqKvaGHwsw/6+6Y3q00zzXux6dycDAEAhRQAYAB5ggYu36POtoTr33bhcnXfbvpN6csIa/bpipOpVL294/731e7V6y2H9tmKk7O3tsjXngMlfqlxpZy16vUe2tr+bYwAAAAAAgHsXejJKgUu2aE9o5H1bQ2v/qloW2EdVK7jdtzUAAHC/5FUA2P7elgUASO+H306oybNL7vcyckUd73Lq2Lh6jgKzLfy81KRO5Tw9BgAAAAAAuHf+NT21ef5Qff/vwWrtXzVfj93av6q+//dgbZ4/lOAvAAC5zOF+LwAAipKt+07qubnfavWUvvl6XLP5lkym3H+mp0uzmurSrGaO9nm1f6s8PwYAAAAAAMg9bQOqafP8ofp8a4g+23IoTzOCW/tX1aCujTSwS0CeHQMAgAcdAWAAyCVb953UiDnfaPWUvmrfqHqeHmvojP8oMjpWdbzL6T+7/tDUYY/oxSebG7Y7cfaSpq3aoZ8Ph+vWrVQ1rl1Jc0c/qvo2yj3bMnXFdn2y+ZDCvx5rOe7luOvq2baO3l23V5djE9XSz0vvj+mhSmVLSZI6vrRKlcuV0uqpT0mSriff0LSV2/XVrj+VmHxTTWpX0qwXOsu/pqfNY0jSobB/NGXFdu0/ek4lihdT73b19OaIjirl4nRP1w0AAAAAAGRsYJcADewSoNj4JG365bh2Hw7XxuBjupaYvT6+trg6p/UPbtuwmrq3qi23kvx/ewAA8hoBYADIBdvyMfh724Fjf6tMqRJaPKan/GtUMLwfn5isrq99otreZbU8sLcci5n03rq96jthjQ59/JKcit/dn4Bf/zyr2PgkTRv+iC7HJurND3do/NKt+mSy7aznoTO/0q9/ntXkoQ+rSnk3Lf36N/UYt1p7l79gCRrf6Wj4RT362sdqUd9LK8f3UdTleM34eKeORVzU9+8MplQ0AAAAAAB5zK2kkyUY/MG4XtodEq7dh8MlSZHRsYqIuipJCj0ZrWuJyXJ1Li7/mmnfTXh7lraUdG7bsJraBlS7PycBAMADjAAwAOSC0e9sUMy16+rxxups71OziocOfvziXR+zSnk3fTljQIaln1MlfTCulxrXriQPN2dJUjl3F7UZuVxHTkepad0qd3XckiUc9fWcp1XWPa05/Zl/rmjdjiM2t/392N/avDdMn019Sj3b1pUktW9UTXX/9a6+2vWXXu7bwrDP7E92qZy7i76a/bSKOZgkST6Vy6h34Gfa/GuYHm9V+67WDQAAAAAA7k7bAAK5AAAUJgSAASAXLBnbUyPmfqPVU55Su4b583+Iyro5Z9r319W5uBr6VtTbn+/WT4fO6PzleKXcNEuSYq4l3fVxvcq7WYK/klSxrKsuxSTa3HbPkbSeQV1b+FrGShQvpp+XjpCTYzGb++w6dEbPdG1oCf5KUscmPirn7qKfD50hAAwAAAAAAAAAQCYIAANALujcrKZWBPXRoDfX67Op+RcEzkxS8k31fGO1ijs6aOrwR1Sjcmn9ffGaeo7LfpbyvYq5dl1uJZ3kWMxkNV61grvN7c3mW4qNT5Knh6vhvQplSupK3PU8WScAAAAAAAAAAEVFxqljAIAc6dKsplYE9dagN9fr5//fF+d++vXPs/rzzAUtD+ytri1qqZZXWVX0KJmvayjl4qS4hGTd+P+Zx1kxmezl6lxcl21kFEdduWYpZQ0AAAAAAAAAAGwjAAwAuejR5rW0PLC3Xnv3v/d7Kbp6LS1b1s7uf2O/H/8nX9fQor6XUlNTtW3/ScuY2XxL7Uat0KL//Gpzn7YB1bRxzzGZzbcsY7tDwnUpJlFtC0BmNQAAAAAAAAAABRkloAEgl3VtUUtdW9S638tQqwZVVdK5uF6Y952e791UxyMu6f2v0oKu8ddT8mUNLfy89HBjH734zkZNG54orwpu+mjT7zr19xX1bFPH5j4ThrTXI698qP6Tv9CInk11MSZBU1f+qFYNquqxO3oJAwAAAAAAAAAAIwLAAFBEVShTUmvf7KfxS7fqpX9vVN1q5fT5tH6asuJHXYpNyLd1fD7tKU1ZuV3TVm1XQlKKmtWtos3zh8jb03YfYP+antr09jOasmK7Br25Tm4uTurTrp7eHPGI7O3tbO4DAAAAAEBRcvHiRQ0aNCjTbVq2bKlp06bleO4ZM2YoODjY8tpkMsnT01PNmzfXoEGD5OLikuM5AQBAwWKXmpqamtkGCQn5FyQAAAAAAAAAgAddSkqKDh48aHkdHBysbdu2afLkyXJwSMvpKVOmjHx9c14pa8aMGQoLC9PIkSMlSbdu3VJERIS++uoreXp6atGiRZZjAACAvJXZg1dxcXGSpMOHD2d7voYNG0oiAxgAAAAAAAAAChRHR0e1aNHC8jo8PFyS1KxZMzk6Ot7z/CVKlFDr1q0tr9u2bSsfHx+9+eab2rt3r9q2bWu1/e0cIju7vKnMZTabZTKZ8mRuAAAeRASAAQAAAAAAAKAQmjZtmuLi4jR//nzL2BdffKHPPvtMmzZtytFctzOGzp07J0nq37+/mjZtqqioKP31119atGiRatSoobCwMK1atUrHjh1T8eLF1bZtWw0bNswqgyksLEyLFy/WqVOnVK5cOQ0dOlT//ve/NWrUKD322GPatGmTFi1apOeff15ffvml6tevr6lTp8psNmvNmjXavHmzrl27Jj8/P7344ouqUqWKZe6vv/5aGzZs0JUrV1SxYkX961//UocOHSzvx8TEaPny5dq3b59u3Lghf39/Pf/88/Ly8rqrawwAQGFEABgAAAAAAAAAHnAXL16UJJUqVcoytm3bNvXp00c9e/ZU+fLlFRERoTFjxqh+/foKDAzUlStX9PHHHysiIkJvvfWW7O3tlZiYqIkTJ6pkyZJ66aWXZG9vr9WrVys5OdlwzC1btmjYsGGWAO+iRYu0c+dODRs2TOXKldOaNWs0fvx4rVixQk5OTvr++++1YsUKDRs2TD4+Ptq1a5fmzJmjUqVKqXHjxkpOTtbYsWOVkpKiUaNGqVixYlq7dq3GjBmjpUuXysPDI38uJgAA9xkBYAAAAAAAAAB4gKSmpioxMVFSWvnlc+fOacmSJXJycrIqPf3www9begVL0sKFC+Xu7q6ZM2da+gRXqlRJ48eP12+//aaWLVtqy5YtiouL04IFCyyB3bp162rEiBGGdUydOtWyzdmzZ7V582a99NJL6tGjhySpRo0aGjJkiHbv3q3OnTvr4MGDqlWrlp566ilJUpMmTZSUlKRz586pcePG+uGHH3Tu3DktX75cVatWlSQFBARo6NChWr9+vdW5AABQlBEABgAAAAAAAIAHSGRkpPr06WM15u3trZkzZ1plyZYpU8Zqm8OHD6tLly6W4K8kNW7cWO7u7jp8+LBatmypEydOqHr16lZlm93d3W2u4875Dx06JElq2bKlUlJSJEmlS5eWp6enwsLC1LlzZ9WrV08rV67URx99pLZt26pGjRqaOHGi1Rw1atSwBH8lyc3NTQ899JBCQkKyfX0AACjsCAADAAAAAAAAwAPE09NTb7zxhiTJZDKpfPnyWZZHNpvNio+Pt7ldmTJlFBcXJ0mKjY1V6dKlc7ym2NhYSdLAgQMN7127dk2S9MQTT6hEiRLatGmTvvjiC5UpU0a9evXSU089JZPJpNjY2AzX99dff+V4TQAAFFYEgAEAAAAAAACgELKzs1NqamqO9ytevLj8/PxytI/JZJKzs7MlUHuny5cvKyAgQFJasPXMmTM5XpOTk5NMJpPeeustmUwmq/du9yW2s7NTt27d1K1bN8XExGjnzp1asWKFJGnAgAEqVaqUrl69apj7ypUrVr2NAQAo6uzv9wIAAAAAAAAAADlXpkwZXbp0yWrsypUreXa8gIAA/fLLLzKbzZaxkJAQxcbGWgLAvr6+On36tKKionK0Jj8/P5nNZiUmJqpu3bqW/3l6eqpy5cqSpJdffllffvmlpLSy0n369FGNGjV04sQJSZK/v79OnDih8+fPW+aNj4/XgQMHLOsDAOBBQAYwAAAAAAAAABRCjRo10qZNm7RkyRIFBATo6NGj2rhxoyGDNrc888wzevXVVzV16lT16NFDMTExWrVqlfz8/NS8eXNJUufOnfX5559r0qRJ6tevnyRp7dq1Wc5dt25dtWrVSm+99ZYGDhwoHx8fnT59Wp988okmTpyopk2bqk6dOvr888/l5OSkatWq6dixYzp16pS6dOkiSeratas2btyoSZMmafDgwXJwcNCXX36pYsWK6amnnsqTawIAQEFEABgAAAAAAAAACqHWrVvr6aef1pYtW7R582Y1aNBAvXv31saNG/PkeDVq1NC8efO0atUqzZgxQy4uLmrXrp2GDRsme/u0YpMlSpTQ7NmztWjRIr377rsqV66cnnjiCS1evFiOjo6Zzj9+/Hh9+umnWr9+vWJjY1WpUiWNHDlSTZs2lSQ9//zzcnZ21vr16xUTE6Py5cvr2WefVY8ePSRJzs7Oevvtt7Vs2TItXLhQUlrW8rhx47LscQwAQFFil5pFk4iEhIT8WgsAAAAAAAAAoJC7du2aXF1dLa8PHTqkoKAgLVq0SL6+vvdxZQAAFCwuLi4ZvhcXFydJOnz4cLbna9iwoSQygAEAAAAAAAAAueTy5ct6/vnn1bt3b/n5+enChQv67LPP1KBBA9WqVet+Lw8AgAcCAWAAAAAAAAAAQK7w8PBQGKMlNAAAIABJREFUUFCQ1q5dq3Xr1snV1VXNmjXTsGHDZGdnd7+XBwDAA4EAMAAAAAAAAAAg1zRt2tTStxcAAOQ/+/u9AAAAAAAAAAAAAABA7iAADAAAAAAAAAAAAABFBAFgAAAAAAAAAAAAACgiCAADAAAAAAAAAAAAQBFBABgAAAAAAAAAAAAAiggCwAAAAAAAAAAAAABQRBAABgAAAAAAAAAAAIAiggAwAAAAAAAAAAAAABQRBIABAAAAAAAAAAAAoIggAAwAAAAAAAAAAAAARQQBYAAAAAAAAAAAAAAoIggAAwAAAAAAAAAAAEARQQAYAAAAAAAAAAAAAIoIAsAAAAAAAAAAAAAAUEQQAAYAAAAAAAAAAACAIoIAMAAAAAAAAAAAAAAUEQSAAQAAAAAAAAAAAKCIIAAMAAAAAAAAAAAAAEUEAWAAAAAAAAAAAAAAKCIcstrAxcUlP9YBAAAAAAAAAAAAALhHZAADAAAAAAAAAAAAQBFBABgAAAAAAAAAAAAAiggCwAAAAAAAAAAAAABQRBAABgAAAAAAAAAAAIAiggAwAAAAAAAAAAAAABQRBIABAAAAAAAAAAAAoIggAAwAAAAAAAAAAAAARQQBYAAAAAAAAAAAAAAoIggAAwAAAAAAAAAAAEARQQAYAAAAAAAAAAAAAIoIAsAAAAAAAAAAAAAAUEQQAAYAAAAAAAAAAACAIoIAMAAAAAAAAAAAAAAUEQSAAQAAAAAAAAAAAKCIIAAMAAAAAAAAAAAAAEUEAWAAAAAAAAAAAAAAKCIIAAMAAAAAAAAAAABAEUEAGAAAAAAAAAAAAACKCALAAAAAAAAAAAAAAFBEEAAGAAAAAAAAAAAAgCKCADAAAAAAAAAAAAAAFBEEgAEAAAAAAAAAAACgiCAADAAAAAAAAAAAAABFBAFgAAAAAAAAAAAAACgiCAADAAAAAAAAAAAAQBFBABgAAAAAAAAAAAAAiggCwAAAAAAAAAAAAABQRDjc7wUAAAAAAAAAyBs3b97Ms7kdHPhqEQAAoCDiX2kAAAAAAABAERUfH59nc7u7u+fZ3AAAALh7lIAGAAAAAAAAAAAAgCKCADAAAAAAAAAAAAAAFBEEgAEAAAAAAAAAAACgiCAADAAAAAAAAAAAAABFBAFgAAAAAAAAAAAAACgiCAADAAAAAAAAAAAAQBFBABgAAAAAAAAAAAAAiggCwAAAAAAAAAAAAABQRBAABgAAAAAAAAAAAIAiwuF+LwAAAAAAAABA/goOjbA57lHKWb5eHjKZyBsBAAAorAgAAwAAAAAAAA+YkW9vtDl+9dp1VfMsrTXT+srb0z2fVwUAAIDcYJeampp6vxcBAAAAAAAAIPfFxMTkaHuz+ZZmffKz/gy/oC+n98t0W3d3AsQAAAB5JS4uTpJ0+P+xd+dhVtb1/8dfswDKICCCihuampSAmAuuiYq57xu55Zpllqlfc8vUzCwzTc0tLc01tdwoXDJcMpdQIRR3k1BRWQRGhn1mfn+g84vUJASOfObxuC6ua845n3Pf73MuzlxzzXPu+x4+fJ6f07dv3ySuAQwAAAAAvK+mpjrH7LPRx54iGgCAzz4BGAAAAABoMblhRjp3WLLSYwAAMJ9cAxgAAAAAWplnXn3nI++fUD815934t+y2ec9FPBEAAAuKAAwAAAAArczuJ9/0kfcv06l9tuu3Rk46cPNFPBEAAAuKAAwAAAAArcwrt3y30iMAALCQCMAAAAAA0MpMmTrjE9d0aN9uEUwCAMCCJgADAAAAQCvTY8/zP3HNhLtPXgSTfFhDQ0NF9gt8NtXV1VV6BIDFjgAMAAAAAK3MS7875kP3jZ88NadfNSRDX3gzpx+6ZQWmAgBgQRCAAQAAAKCVWaZT+5avm5ub89u7h+esax7Mthuukb9feeRcjwMAsHgRgAEAAACglRr52tgcf/E9mTRleq49bc9s2nuVSo8EAMCnJAADAAAAQCszZeqMnHvDI7nm7uH5zt4b5Tt7bZS2bWoqPRYAAAuAAAwAAAAArcwm37gqb46rz0Zrr5TXxkzMsRfd/aE1lxy/UwUmAwDg0xKAAQAAAKCV2XfrXpUeAQCAhUQABgAAAIBW5uAd1s2K3Tp+7OMvjR6/CKcBAGBBqq70AAAAAADAotXnoEvmun3K5X+e6/bGR165KMcBAGABEoABAAAAoJW74s4nKz0CAAALiAAMAAAAAAAAUAgBGAAAAAAAAKAQtZUeAAAAAABY9NY79LL/ehsAgMWTAAwAAAAArcwffjyw0iMAALCQCMAAAAAA0Mr0X3e1So8AAMBCIgADAAAAQCuz+8k3feKa28/56iKYBACABU0ABgAAAIBW5vlR4zKhfmq26Ltqdt6sZ5ZoW5uZsxrTnOZKjwYAwKckAAMAAABAK/Ps9Ufn/idfzY33jcjpVw3Jtv3WyAHbrpPN+qySqqqqSo8HAMCnIAADAAAAQCtTW1Od7fqtme36rZnxk6bm1gdG5pTL/5yG6bOy/7br5KsDemWFrh0rPSYAAPOhqrm52XldAAAAAKBAkyZN+p/W3zLk2Rx/8T2ZPnN2xv3ppP+6tnPnzp9mtI/V0NCwULYLLJ7q6uoqPQJARdTX1ydJhg8fPs/P6du3bxJHAAMAAABAq1bfMD23PfR8bvrzM3l97OQcsfP62e8rvSs9FgAA80kABgAAAIBWprm5OY+MGJ0b7v1H7nnilWzWZ5UcO3DjbLP+6qmpqa70eAAAfAoCMAAAAAC0MuseclneHFefL6+zas46Yut0rGuX96bOzB8eeq5lzT5b9arghAAAzC8BGAAAAABamRW6LpUVui6VaTNn5ab7R3zkGgEYAGDxJAADAAAAQCsz+LwDKz0CAAALiQt6AAAAAAAAABRCAAYAAAAAAAAohAAMAAAAAAAAUAgBGAAAAAAAAKAQtZUeAAAAAAD4bJg+Y3batqlJdXVVpUehgm687x+5/Pa/58XR49OubW36r7taTj9sq6y+YpdKjzbPBp52c7ot3T4XH7fzx6458ZJ78sdHX8zIG45ZhJMBwMLnCGAAAAAAIEky6NEXc/hP7khjY1OlR6FCzrjqL/nmz+7K+j1XzJUn7ZbTD90yz/7znWz73aszflLDAt/fWgMvyImX3LPAt7tRr5WzXs8VF/h2AWBxIAADAAAAAEmSvbdcOyt265hvX/CnNDc3V3ocFrERr7ydC25+NKcdsmXOP2aH7LL5F3LYzuvnT+cdlKkzZufc6/9a6RHn2Xf33SQH7/ClSo8BABUhAAMAAAAALX54+Faprq7K//3y3kqPwiJ2y1+eSd2SbfPN3Tec6/7uXZfK9hutmWEvv9Vy37hJDfn6T+5Ijz1+luV3Oid7n3pTXho9vuXxF/81Lh0H/DC3Dnk2+3z/piy744/zxf0uzFV3PZkkueKOoek44Id5a/x7uez2v6fjgB/m1TffTZI0NjblnGsfyloDL8iyO/44u37v+rzyxoSWbR981u+z8wnX5cq7hqbXARel+84/yR4n35Ax4+tb1mx19K9z4Jm3ttxuamrOD38zJKvteV6W3+mcHPKjP2TSlOkfeg9+/8DIbHzE5em6/dnpc+DFuejWx/wxBACLHdcABgAAAIBW5M1x9TnqvD+mqfnjT/M8a3ZTnnpxTI7es19WW2HpRTgdlTTi1bez5krLpG7Jth967Nen7NHy9bQZs7L9cb/N9Jmz89Ojtk3bNrU574a/Zttjr8ljvzoyyy+zVMvab58/KMfss0n237ZvbrzvHznuosHZtE+P7L3V2tl8nR7Z+YTrstV6n8uxAzfNyst2SpIce+Hg3DLkmZxx+NZZqVvHnHv9X7Priddn6K+PSvsl2iRJHh/5eiZPmZ4zDts6EyZPzZm/GZKTL7svvz1tr498bRf//rGcd+Mj+fquG2Tzvqvm4WGv5cq7nszKy3VqWXPdPcPzrfPuyuE7r58zDt86T4x8Paf96v5MnjI9px2y5QJ5jwFgURCAAQAAAKAVWbFbx9z50/0+9vHGxqZ887xBOXiHdcXfVubd+mlZsVvHT1x37d3D8/LrE/L3q76RtXp0S5Js0XfV9D7w4lx4y6M555vbtqw9Zp9NcvJBWyRJ+q+7Wlbe7dw8MmJUjthlg3Tp2D61tdXp0nHJfHG1ZZMkL40en2sGP52ff2f7HLHLBkmSPmssn94HXJw7Hn4u+31lnSRJhyXb5rZz9kvXznVJktfGvJtbhjzzkfPObmzKL25+NAMH9Ml5394+SbLr5l/IhMlTM/SFN5PM+X9/xlV/yV5brp3zj9khSbJtvzWTJL+4+dF8Y7cN023puv/h3QSAynEKaAAAAAAgyZwI9o2fDcrGvVbOwAG9Kz0On1EPDXstfdZYriX+JskyndrnKxusnoeGjZprbd81u7d83anDEmm/RJuMnzT1Y7f94LDXkiQ7brJWps+YnekzZmfZzh2yavfOefrFMS3rVl62U0v8Teacpvrjtvv6O5MzYfLU7LJ5z7nuX65Lh5avnxs1LuMmNWSvrXrNtWbfrXtn1uzGPD7y9Y+dGQA+axwBDAAAAAAkSe585IWs/4UVc8iOX6r0KFRAx7p2GTux4RPXjZ/ckO7/dprnDyzXpUMeH/nGp5phwuQ5EbfnwF986LGJ702br22OnTglydzB9z+Nnzzndf/n6/rgOe/Wz9++AaASBGAAAAAAIEmyxxZfrPQIVFCv1ZbLDff9I1Onz2q51u4HjrtwcF4fOzm3nv3VdFmqfUtU/Xdvvzsly3Ra8lPN0H6JNqmpqc7gnx+Umuq5T2C5TKf287XNDyLu5CkzPnZNl6XmbPs/jyJ++90p7+/7070uAFiUnAIaAAAAAIDsM6B33ps6I9cMfnqu+8dNbMitDzybz71/TejN1umRYS+/lVFvTWxZM3nK9Nw/9NV8ue+q/9M+q6uq0tz8/29v0nuVNDY2pb5hRjb84kot/1btvnRWX7HLfL2ulZftlG6d6/Lg0/+c6/73ps5s+fqLq3XLMp3a546Hn5trze0PPZeamups3GuV+do3AFSCI4ABAAAAAMj6PVfMEbusn+9f8ee8Nf699Ft7pbzz7pT86s6hWbJdm5yw/+ZJkoN3WDdXDXoye5x8Y049uH/a1tbk/N/9LW3b1OSYfTb5n/a58nKd8uCw13LXX5/PFuuulg2+sFJ22rRnjvjJHTnpwC+n9+rL5ZlX38lZVz+Qa0/bK9tsuMb//Lpqaqrz3YGb5sxf/yU9unfOZn165MFho/K7+0eke9c5p3xuU1uTU7/WP8ddNDidOiyRARuskaHPv5Fzb/hrjhu46XwffQwAlSAAAwAAAACQJPnZ0dtn9ZWWya8HPZVLb3si3bsulS+vs2q+f0j/dO1clyTp0L5dBv/8oJxy2X35zvl/TJJsvs6qufKk3bL8R1wb+L859Wv9c+RP78xR5w3Kg5cclk4dlsjVp+6RH13zYH5x86OZMHlqPrfC0vnpUdvOV/z9wNF79suk96bl7Gseen/eHjl4xy/l3idebllz+C7rp13b2lx4y6O54o6hWXm5Tjn7yG1y1B795nu/AFAJVc3N/36CDQAAAACgFJMmTVpo2+7cufNC2W5DQ8NC2S6weKqrq6v0CAAVUV9fnyQZPnz4PD+nb9++SVwDGAAAAAAAAKAYAjAAAAAAAABAIQRgAAAAAAAAgEIIwAAAAAAAAACFEIABAAAAAAAACiEAAwAAAAAAABRCAAYAAAAAAAAoRG2lBwAAAAAAFo7aWr/+AwBobfwECAAAAACF6tChQ6VHAABgEXMKaAAAAAAAAIBCCMAAAAAAAAAAhRCAAQAAAAAAAAohAAMAAAAAAAAUQgAGAAAAAAAAKERtpQcAAAAAAFhQOg74YaVHAP5N/f0/qPQIAK2OAAwAAAAAFENsAgBaO6eABgAAAAAAACiEAAwAAAAAAABQCAEYAAAAAAAAoBACMAAAAAAAAEAhBGAAAAAAAACAQgjAAAAAAAAAAIUQgAEAAAAAAAAKIQADAAAAAAAAFEIABgAAAAAAACiEAAwAAAAAAABQCAEYAAAAAAAAoBACMAAAAAAAAEAhBGAAAAAAAACAQgjAAAAAAAAAAIUQgAEAAAAAAAAKUVvpAQAAAAAAFpaamprU1NSkuro61dXVqaqqqvRIUJTm5uY0NTWlqakpjY2NaWxsrPRIAK2eAAwAAAAAFKlNmzZp27ZtpceAolVVVbX8oUWbNm0yc+bMzJo1q9JjAbRqAjAAAAAAUJTq6uq0a9cu1dWugAeLWtu2bVNbW5sZM2akqamp0uMAtEp+AgIAAAAAilJbWyv+QgVVV1enttbxZwCV4qcgAAAAAKAYH5yGFqisNm3a+EMMgArx3RcAAAAAKIajDuGzwx9jAFSGAAwAAAAAFMMRh/DZ4fMIUBm++wIAAAAAxRCc4LOjqqqq0iMAtEp+GgIAAAAAABY4ARigMgRgAAAAAAAAgEIIwAAAAAAAAACFEIABAAAAAAAACiEAAwAAAAAAABRCAAYAAAAAAAAohAAMAAAAAAAAUAgBGAAAAAAAAKAQAjAAAAAAAABAIQRgAAAAAAAAgEIIwAAAAAAAAACFEIABAAAAAAAACiEAAwAAAAD8mzX3+mlqNj4xw18as8j2+faE97LSzmdn1xOuWWT7BADKJAADAAAAAFRYw7SZGTdxSka9NbHSowAAi7naSg8AAAAAANDarb7SMhl916npsGTbSo9C4W75y4i8NHrcf12z5spds++AdRbRRAAsaAIwAAAAAMD/4Mnn38jxFw7KUy+8me5dl8rhu/bLCftvkerqqkyZOiPH/mJQbnvw2STJ1uuvkQuP2yXdu3ZMkgx+9IWccundeXH0uKzavUtO/tqWOWiH9fLKGxOy1t7n5vOrdMvzN/9fkuRvI0blxF8OzvCXxmSFbh1zxK79cvx+X051dVU2PuyX+ftzr+ei43fN+Tc+nPGTp2b3LdbOlafslTa1NUmSG+8dlrOvGZJ/vTUxn1+la846crvsuGnPJMmdD4/M6b+6Ly+/MT7dl+mYI3ffKCccsEUF3k0WpcbGphx61i2ZNmPWf13Xtk1N9tyyd2prnEQUYHHkuzcAAAAAwDx6/Z1J2froX+WxZ0dnw7VXzvSZs3PKpXfnstseS5J8++d35jeDhmbppZbMSst2yh8eeCb7nnpDkuTl18dn9+/9Ns+PGpt+a6+SN8dNziFn3ZL7h778of28NHpctvn2lXnsmX9l3bVWyMT6aTnpksE559oH5lp38qV3Z5XlO2fW7MZcd/fTueUvI5Ikdzw0Mgee8bu8Nb4+G/fukVfemJDdvndNRrzyVl4YNTZ7n3J93nl3Sr6+a7/UVFflpEsG5+o/PrmQ3z0qraamOhf/326fuO7S7+0h/gIsxnwHBwAAAACYR7+644lMmTojJx3YP9eePjCDzjskSXL1H4dm7MQpue7up9O9a8eMvOn4DL/uu+mzRvf8bcSovD3hvVx08yOZ3diU847ZKQ9e9o389gf7Jkn+MOSZD+3nl7c+mhkzZ+cHhw3IX684Kk/85tupranOudc9mKam5pZ1t5x9QB649Bs5/fBtkiRPv/BGkuTnNz6UJLn+zK/m6tP2yblH75impuZcO/ipjHj17TQ2NmWbDdfMBcfukt/96IB874D+6VjXbqG+d3w2HLLT+i3/Xz7K6Ydvk0N2Wn8RTgTAguYU0AAAAAAA82j4S2OSJGdfMyRnXzOk5f7XxkzMS6PHp7m5Oet+foW0azvnV69P/faYNDU3p7amOi/8a851Vzfu1SNJsnv/XpnxyDmprqrKP8e8O9d+RrzyVpLkK/0+nyT53Ipd8sXVlsuIV96a6/qtyy+zVJJkuS4dkiT1DTPmmnPn46+ea7uvjXk3Jx64ZVbo1jE33Dssj48cna9s+Pnsv9262bh3j0/79rCY+MFhAzL67YkfOur70J03yA8OG1ChqQBYUARgAAAAAIB5NGt2Y5LkxAP7Z5M+q7bc/3Gny62urkp1qj52ex/3vHZtalue/4Gm5jlH/n5wjd//PmdTkuS6MwamY90SLfcv16VDui1dl+HXHZvLbnssf3rk+Vx222O57LbH8vtzDszu/Xt94rYpw+Un7Zkx4+tz7+MvJUm223itXHbiHhWeCoAFwSmgAQAAAADmUa/Vl0+SvDh6XHbctGd22uwLmT5zdtZda8V8fpWuqaqqyvCXx2TmrDmheOD3b0jv/c7PmHH16dmjW5LkiZGjkyQPDftneu93fk674t4P7Wftzy2XJLnviTnXB379nUl5YdTY1C3ZNqt2X3oe5pzz/LETG7LTZl/Ijpv2zJvjJme9nivld3/+R066ZHC233itPPbro3P1afskSW578NlP89awmKmtqc4tZx+QjXqtko16rZKbf7S/6/4CFMIRwAAAAAAAH+GIH/8+Hdq3bbm9z4B18q29NsmVd/49dzw0Mn32vyCdl1oij474V76+W79cduIe2X/bdXP9PU+nz/7np2PdEnnqhTeyXs+VskK3jjl6701zxR1P5PgL/5g7HhqZp154I5OnTM9PvrXDh/Z9zMDNcvntj+fMq/6cIU++nOdHjc3sxqacdmD/1MxDpDvpoK2y76nX5/gLB+X2B5/J+MlT88KosenUYcl07rBEfjNoaB58+tUM3KZvhjz5SpJkvZ4rLbg3j8VCh/bt8rcrv1XpMQBYwPw5DwAAAADAR3j6xTfz8LDXWv79840JWW2FLnng0iOz5Xqr59U3J+S518bmgO2+lDO//pUkyS9P2C2H7LR+xk6ckudHvZNdv7x2bj/3oCTJWj265faffi1r9eiWh4f9M106ts/lJ+2ZHTft+aF991h+6Qy+4NCs13PFPPbM6NRUV+fUg7fKyQdtOU+z77VV79x41n5Z+3PL5fFnR+e9hhk57dCts9dWvbPdxmvl6tP2Sds2tfnZ9Q9lzPj6/OCwAfnOPpsuuDcPAKiYqubm9y8cAQAAAABQYQ0NDZ/q+XV1dQtoEmBB8JkGmD/19fVJkuHDh8/zc/r27ZvEEcAAAAAAAAAAxRCAAQAAAAAAAAohAAMAAAAAAAAUQgAGAAAAAAAAKIQADAAAAAAAAFAIARgAAAAAAACgEAIwAAAAAAAAQCEEYAAAAAAAAIBCCMAAAAAAAAAAhRCAAQAAAAAAAAohAAMAAAAAAAAUQgAGAAAAAAAAKIQADAAAAAAAAFAIARgAAAAAKEZzc3OlRwDe5/MIUBkCMAAAAABQjKampkqPALzP5xGgMgRgAAAAAKAYghN8dvg8AlSGAAwAAAAAFGP27NmVHgHInNM/+zwCVIYADAAAAAAUo6mpKTNnzqz0GNDqzZo1yxHAABUiAAMAAAAARRGeoLKampoya9asSo8B0GoJwAAAAABAcaZNm+ZIYKiAmTNnZtq0aZUeA6BVq630AAAAAAAAC8MHRwLX1NSkuro61dXVqaqqqvRYUJTm5uY0NTWlqakpjY2NaWxsrPRIAK2eAAwAAAAAFEuQAgBaG6eABgAAAAAAACiEAAwAAAAAAABQCAEYAAAAAAAAoBACMAAAAAAAAEAhBGAAAAAAAACAQgjAAAAAAAAAAIUQgAEAAAAAAAAKIQADAAAAAAAAFEIABgAAAAAAACiEAAwAAAAAAABQCAEYAAAAAAAAoBACMAAAAAAAAEAhBGAAAAAAAACAQgjAAAAAAAAAAIUQgAEAAAAAAAAKIQADAAAAAAAAFEIABgAAAAAAACiEAAwAAAAAAABQCAEYAAAAAAAAoBACMAAAAAAAAEAhBGAAAAAAAACAQgjAAAAAAAAAAIUQgAEAAAAAAAAKIQADAAAAAAAAFEIABgAAAAAAACiEAAwAAAAAAABQCAEYAAAAAAAAoBACMAAAAAAAAEAhBGAAAAAAAACAQgjAAAAAAAAAAIUQgAEAAAAAAAAKIQADAAAAAAAAFEIABgAAAAAAACiEAAwAAAAAAABQCAEYAAAAAAAAoBACMAAAAAAAAEAhBGAAAAAAAACAQgjAAAAAAAAAAIUQgAEAAAAAAAAKIQADAAAAAAAAFEIABgAAAAAAACiEAAwAAAAAAABQCAEYAAAAAAAAoBACMAAAAAAAAEAhBGAAAAAAAACAQgjAAAAAAAAAAIUQgAEAAAAAAAAKIQADAAAAAAAAFEIABgAAAAAAACiEAAwAAAAAAABQCAEYAAAAAAAAoBACMAAAAAAAAEAhBGAAAAAAAACAQgjAAAAAAAAAAIUQgAEAAAAAAAAKIQADAAAAAAAAFEIABgAAAAAAACiEAAwAAAAAAABQCAEYAAAAAAAAoBACMAAAAAAAAEAhBGAAAAAAAACAQgjAAAAAAAAAAIUQgAEAAAAAAAAKIQADAAAAAAAAFEIABgAAAAAAACiEAAwAAAAAAABQCAEYAAAAAAAAoBACMAAAAAAAAEAhBGAAAAAAAACAQgjAAAAAAAAAAIUQgAEAAAAAAAAKIQADAAAAAAAAFEIABgAAAAAAACiEAAwAAAAAAABQCAEYAAAAAAAAoBACMAAAAAAAAEAhBGAAAAAAAACAQgjAAAAAAAAAAIUQgAEAAAAAAAAKIQADAAAAAAAAFEIABgAAAAAAACiEAAwAAAAAAABQCAEYAAAAAAAAoBACMAAAAAAAAEAhBGAAAAAAAACAQgjAAAAAAAAAAIUQgAEAAAAAAAAKIQADAAAAAAAAFEIABgAAAAAAACiEAAwAAAAAAABQCAEYAAAAAAAAoBACMAAAAAAAAEAhBGAAAAAAAACAQgjAAAAAAAAAAIUQgAEAAAAAAAAKIQADAAAAAAAAFEIABgAAAAAAACiEAAwAAAAAAABQiKrm5ubmSg8BAAAAAJAkDQ0NlR4B+Aypq6ur9AgAFVFfXz/fz3UEMAAAAAAAAEAhBGAAAAAAAACAQgjAAAAAAAAAAIUQgAEAAAAAAACVlzRdAAANpklEQVQKIQADAAAAAAAAFEIABgAAAAAAACiEAAwAAAAAAABQCAEYAAAAAAAAoBACMAAAAAAAAEAhBGAAAAAAAACAQgjAAAAAAAAAAIUQgAEAAAAAAAAKIQADAAAAAAAAFEIABgAAAAAAACiEAAwAAAAAAABQCAEYAAAAAAAAoBACMAAAAAAAAEAhBGAAAAAAAACAQgjAAAAAAAAAAIUQgAEAAAAAAAAKIQADAAAAAAAAFEIABgAAAAAAACiEAAwAAAAAAABQCAEYAAAAAAAAoBACMAAAAAAAAEAhBGAAAAAAAACAQgjAAAAAAAAAAIUQgAEAAAAAAAAKIQADAAAAAAAAFEIABgAAAAAAACiEAAwAAAAAAABQCAEYAAAAAAAAoBACMAAAAAAAAEAhBGAAAAAAAACAQgjAAAAAAAAAAIUQgAEAAAAAAAAKIQADAAAAAAAAFEIABgAAAAAAACiEAAwAAAAAAABQCAEYAAAAAAAAoBACMAAAAAAAAEAhBGAAAAAAAACAQgjAAAAAAAAAAIUQgAEAAAAAAAAKIQADAAAAAAAAFEIABgAAAAAAACiEAAwAAAAAAABQCAEYAAAAAAAAoBACMAAAAAAAAEAhBGAAAAAAAACAQgjAAAAAAAAAAIUQgAEAAAAAAAAKIQADAAAAAAAAFEIABgAAAAAAACiEAAwAAAAAAABQCAEYAAAAAAAAoBACMAAAAAAAAEAhBGAAAAAAAACAQgjAAAAAAAAAAIUQgAEAAAAAAAAKIQADAAAAAAAAFEIABgAAAAAAACiEAAwAAAAAAABQCAEYAAAAAAAAoBACMAAAAAAAAEAhBGAAAAAAAACAQgjAAAAAAAAAAIUQgAEAAAAAAAAKIQADAAAAAAAAFEIABgAAAAAAACiEAAwAAAAAAABQCAEYAAAAAAAAoBACMAAAAAAAAEAhBGAAAAAAAACAQgjAAAAAAAAAAIUQgAEAAAAAAAAKIQADAAAAAAAAFEIABgAAAAAAACiEAAwAAAAAAABQCAEYAAAAAAAAoBACMAAAAAAAAEAhBGAAAAAAAACAQgjAAAAAAAAAAIUQgAEAAAAAAAAKIQADAAAAAAAAFEIABgAAAAAAACiEAAwAAAAAAABQCAEYAAAAAAAAoBACMAAAAAAAAEAhBGAAAAAAAACAQgjAAAAAAAAAAIUQgAEAAAAAAAAKIQADAAAAAAAAFEIABgAAAAAAACiEAAwAAAAAAABQCAEYAAAAAAAAoBACMAAAAAAAAEAhBGAAAAAAAACAQgjAAAAAAAAAAIUQgAEAAAAAAAAKIQADAAAAAAAAFEIABgAAAAAAACiEAAwAAAAAAABQCAEYAAAAAAAAoBACMAAAAAAAAEAhBGAAAAAAAACAQgjAAAAAAAAAAIUQgAEAAAAAAAAKIQADAAAAAAAAFEIABgAAAAAAACiEAAwAAAAAAABQCAEYAAAAAAAAoBACMAAAAAAAAEAhBGAAAAAAAACAQgjAAAAAAAAAAIUQgAEAAAAAAAAKIQADAAAAAAAAFEIABgAAAAAAACiEAAwAAAAAAABQCAEYAAAAAAAAoBACMAAAAAAAAEAhBGAAAAAAAACAQgjAAAAAAAAAAIUQgAEAAAAAAAAKIQADAAAAAAAAFEIABgAAAAAAACiEAAwAAAAAAABQCAEYAAAAAAAAoBACMAAAAAAAAEAhBGAAAAAAAACAQgjAAAAAAAAAAIUQgAEAAAAAAAAKIQADAAAAAAAAFEIABgAAAAAAACiEAAwAAAAAAABQCAEYAAAAAAAAoBACMAAAAAAAAEAhBGAAAAAAAACAQgjAAAAAAAAAAIUQgAEAAAAAAAAKIQADAAAAAAAAFEIABgAAAAAAACiEAAwAAAAAAABQCAEYAAAAAAAAoBACMAAAAAAAAEAhBGAAAAAAAACAQgjAAAAAAAAAAIUQgAEAAAAAAAAKIQADAAAAAAAAFEIABgAAAAAAACiEAAwAAAAAAABQCAEYAAAAAAAAoBACMAAAAAAAAEAhBGAAAAAAAACAQgjAAAAAAAAAAIUQgAEAAAAAAAAKIQADAAAAAAAAFEIABgAAAAAAACiEAAwAAAAAAABQCAEYAAAAAAAAoBACMAAAAAAAAEAhBGAAAAAAAACAQgjAAAAAAAAAAIUQgAEAAAAAAAAKIQADAAAAAAAAFEIABgAAAAAAACiEAAwAAAAAAABQCAEYAAAAAAAAoBACMAAAAAAAAEAhBGAAAAAAAACAQgjAAAAAAAAAAIUQgAEAAAAAAAAKIQADAAAAAAAAFEIABgAAAAAAACiEAAwAAAAAAABQCAEYAAAAAAAAoBACMAAAAAAAAEAhBGAAAAAAAACAQgjAAAAAAAAAwP9r345RGASCAIoaSOchPZtXFKxNlSKCFimi+bzX7S4L03+GCAEYAAAAAAAAIEIABgAAAAAAAIgQgAEAAAAAAAAiBGAAAAAAAACACAEYAAAAAAAAIEIABgAAAAAAAIgQgAEAAAAAAAAiBGAAAAAAAACACAEYAAAAAAAAIEIABgAAAAAAAIgQgAEAAAAAAAAiBGAAAAAAAACACAEYAAAAAAAAIEIABgAAAAAAAIgQgAEAAAAAAAAiBGAAAAAAAACACAEYAAAAAAAAIEIABgAAAAAAAIgQgAEAAAAAAAAiBGAAAAAAAACACAEYAAAAAAAAIEIABgAAAAAAAIgQgAEAAAAAAAAiBGAAAAAAAACACAEYAAAAAAAAIEIABgAAAAAAAIgQgAEAAAAAAAAiBGAAAAAAAACACAEYAAAAAAAAIEIABgAAAAAAAIgQgAEAAAAAAAAiBGAAAAAAAACACAEYAAAAAAAAIEIABgAAAAAAAIgQgAEAAAAAAAAiBGAAAAAAAACACAEYAAAAAAAAIEIABgAAAAAAAIgQgAEAAAAAAAAiBGAAAAAAAACACAEYAAAAAAAAIEIABgAAAAAAAIgQgAEAAAAAAAAiBGAAAAAAAACACAEYAAAAAAAAIEIABgAAAAAAAIgQgAEAAAAAAAAiBGAAAAAAAACACAEYAAAAAAAAIEIABgAAAAAAAIgQgAEAAAAAAAAiBGAAAAAAAACACAEYAAAAAAAAIEIABgAAAAAAAIgQgAEAAAAAAAAiBGAAAAAAAACACAEYAAAAAAAAIEIABgAAAAAAAIgQgAEAAAAAAAAiBGAAAAAAAACACAEYAAAAAAAAIEIABgAAAAAAAIgQgAEAAAAAAAAiBGAAAAAAAACACAEYAAAAAAAAIEIABgAAAAAAAIgQgAEAAAAAAAAiBGAAAAAAAACACAEYAAAAAAAAIEIABgAAAAAAAIgQgAEAAAAAAAAiBGAAAAAAAACACAEYAAAAAAAAIEIABgAAAAAAAIgQgAEAAAAAAAAiBGAAAAAAAACACAEYAAAAAAAAIEIABgAAAAAAAIgQgAEAAAAAAAAiBGAAAAAAAACACAEYAAAAAAAAIEIABgAAAAAAAIgQgAEAAAAAAAAiBGAAAAAAAACACAEYAAAAAAAAIEIABgAAAAAAAIgQgAEAAAAAAAAiBGAAAAAAAACACAEYAAAAAAAAIEIABgAAAAAAAIgQgAEAAAAAAAAiBGAAAAAAAACACAEYAAAAAAAAIEIABgAAAAAAAIgQgAEAAAAAAAAiBGAAAAAAAACACAEYAAAAAAAAIEIABgAAAAAAAIgQgAEAAAAAAAAiBGAAAAAAAACACAEYAAAAAAAAIEIABgAAAAAAAIgQgAEAAAAAAAAiBGAAAAAAAACACAEYAAAAAAAAIEIABgAAAAAAAIgQgAEAAAAAAAAiBGAAAAAAAACACAEYAAAAAAAAIEIABgAAAAAAAIgQgAEAAAAAAAAiBGAAAAAAAACACAEYAAAAAAAAIEIABgAAAAAAAIgQgAEAAAAAAAAiBGAAAAAAAACACAEYAAAAAAAAIEIABgAAAAAAAIgQgAEAAAAAAAAiBGAAAAAAAACACAEYAAAAAAAAIEIABgAAAAAAAIgQgAEAAAAAAAAiBGAAAAAAAACACAEYAAAAAAAAIEIABgAAAAAAAIgQgAEAAAAAAAAiBGAAAAAAAACACAEYAAAAAAAAIEIABgAAAAAAAIgQgAEAAAAAAAAiBGAAAAAAAACACAEYAAAAAAAAIEIABgAAAAAAAIgQgAEAAAAAAAAiBGAAAAAAAACACAEYAAAAAAAAIEIABgAAAAAAAIgQgAEAAAAAAAAiBGAAAAAAAACACAEYAAAAAAAAIEIABgAAAAAAAIgQgAEAAAAAAAAiBGAAAAAAAACACAEYAAAAAAAAIEIABgAAAAAAAIgQgAEAAAAAAAAiBGAAAAAAAACACAEYAAAAAAAAIEIABgAAAAAAAIgQgAEAAAAAAAAiBGAAAAAAAACACAEYAAAAAAAAIEIABgAAAAAAAIgQgAEAAAAAAAAiBGAAAAAAAACACAEYAAAAAAAAIOJ59QAAAAAAAAAAHJum6fBtnuePsw1gAAAAAAAAgBvbR96zewEYAAAAAAAA4Ob2sfcoCgvAAAAAAAAAAH/gHX2P4u8wDMNj27btVwMBAAAAAJxZ1/XqEYAbGcfx6hEALrEsy9d/bQADAAAAAAAARAjAAAAAAAAAABECMAAAAAAAAECEAAwAAAAAAAAQIQADAAAAAAAARLwADg32DeZXNmwAAAAASUVORK5CYII=' height='250' width='300'/> ]]>
  </system-out>
</testsuite> <!-- com.tribu.qaselenium.tests.mazaprendo.MACreateCourseTests -->
