<?xml version="1.0" encoding="UTF-8"?>
<!-- Generated by org.testng.reporters.JUnitReportReporter -->
<testsuite hostname="station" failures="0" tests="1" name="com.tribu.qaselenium.tests.mazaprendo.MACheckCourseEvidenceTests" time="22.897" errors="0" timestamp="2022-04-15T23:37:02 COT" skipped="0">
  <testcase classname="com.tribu.qaselenium.tests.mazaprendo.MACheckCourseEvidenceTests" name="CheckCourseEvidence" time="22.897"/>
  <system-out>
    <![CDATA[ <img src='data:image/png;base64,iVBORw0KGgoAAAANSUhEUgAAB4AAAAOiCAYAAACRicroAAAAAXNSR0IArs4c6QAAIABJREFUeJzs3Xd41FXaxvF7MpNeqSGhE5BQAoiARAEVUAGlWlApiq7iAuoqviKiq66CYBcB+4oUlUWlqaAUFVB6S6hC6EkgAZJMOknm9/4xZEhImxRIjN/PdeVi5lfOOTMBhdzzPMdkGIYhAAAAAAAAAAAAAECVYLVay3yvSwWuAwAAAAAAAAAAAABQiQiAAQAAAAAAAAAAAKCaIAAGAAAAAAAAAAAAgGqCABgAAAAAAAAAAAAAqgkCYAAAAAAAAAAAAACoJgiAAQAAAAAAAAAAAOAvYunSpcWeJwAGAAAAAAAAAAAAgL+A3PC3uBCYABgAAAAAAAAAAAAAqrhLQ9+iQmACYAAAAAAAAAAAAACowooKews7bjIMw7jcCwIAAAAAAAAAAAAAOMdqtZb5XiqAAQAAAAAAAAAAAKCaIAAGAAAAAAAAAAAAgGqCABgAAAAAAAAAAAAAqgkCYAAAAAAAAAAAAACoJiyVvQAAAAAAAAAAAAAAQEE7d+50+toOHTpIogIYAAAAAAAAAAAAAKoNAmAAAAAAAAAAAAAAqCZoAQ0AFWT0a9/osyWbijz/xD3d9da/BkjHt8uYObjogXzqyPT8FslkugyrBAAAAAAAAAAA1RkBMABcaQ2vlnzqSCnxhZ9PiZcOb5RCwq/sugAAAAAAAPC3ZLPZlJaWpvT0dGVkZCgzM1OS5ObmJk9PT3l6esrDw0MWC5ECAPwV8F9rALjSTCapzc3Spi+LvMTYtVQmAmAAAAAAAABcJoZhKDk5WYmJiY7A99LzGRkZysjIUEJCgkwmk9zc3BQQECA/Pz+Z6F4HAFUWewADQCUwtR9Q/AV7VkqGcWUWAwAAAAAAgL+VtLQ0HT58WKdPn1ZGRoYMw1B2drZSU1MVExOjs2fPKj09XTabzXGPYRjKzMzU6dOnFRUVpfT09Ep8BQCA4lABDACVoVlX2kADAAAAAADgijIMQ/Hx8bJarTIuFB9YrVatX79eW7du1Z9//qm0tDTVq1dPmZmZatWqlfr166fWrVvnq/g1DEMnT56Uv7+/6tSpQzUwAFQxVAADQGXIbQNdDGPX0iu0GAAAAAAAAFR3hmHoxIkTSkpKkmEYstlsOnfunCZMmKDXXntNP/30k+Li4uTi4qKgoCAlJCRo8eLFGj16tObNm5evGjhXUlKSjh8/7giTAQBVAxXAAFBJTO0HyChmH2DtWSkNnmIPiwEAAAAAAIAyyg1/8+71GxUVpalTp2r37t1yc3NT06ZNFRoaqpCQEPn7+6tx48aKjY3VwYMHNWfOHJ09e1aPPvqoPDw8HGNKUmZmpo4dO6bGjRtTCQwAVQQBMABUFtpAAwAAAAAA4AqIj4/PF/4mJSVp+vTpioiIkNlsVlhYmMLDwxUYGChPT0+5u7vLz89PNWvWVFBQkP7880/98MMPqlWrlkaMGOEYJzfwPX/+vOLj42kHDQBVBC2gAfxttb/j+WK/Dp8sIpitKLSBBvAXMGPhHzKHT1D/8Z8Xec26nUdkDp+ghgMmO4699eVatbn3LdlsJbcB++LHbTKHT9Cy9XsrZM2X2+Lf9sgcPkFHYxMkle61OuPYqQQ16D9ZP238s0LGAwAAAPD3lpaWpqSkJMdzwzB04MAB7d27Vy4uLurYsaPCw8Pl7+8vV1dXeXt7y8fHR35+fgoICJCvr6/q1aunLl26aNOmTUpIsP9bKG/QazKZlJSUpIyMjCv++gAABVEBDOBva9+RmGLPZ2ZlXfY10AYawF/Fio0HFHvGqqDafgXOzf5+a4FjrZsG6pYuLeTiUvJ/v+av2C5Jmrd8u/p3a13+xV5hpXmtzgjw8dQt17ZQw0D/ChkPAAAAwJVx+vRpLVy4UFu3btW5c+dUp04ddevWTXfeead8fX0rZU2GYSg2NrbAsW+//VZWq1W+vr5q3ry53N3dZbFY5OrqKg8PD3l6espsNisnJ0eZmZlKTU2Vi4uLEhMTFRMToxo1ahQ6X3R0tEJCQqgCBoBKRgUwAFSm3DbQRUmJl07suHLrAYBCeLhb5OFm0dwLQW1eqenntXBNhOrW8Ml3vG94S73z5IASx46Jt2rN1ijddn2olq7bq6SU8n9aPCfHVu4xSsPZ1+osfx8P/ff5u9W6aWCFjQkAAADg8lq7dq3GjRununXraurUqVq4cKFeeuklGYahBx98UHv3Vk7Ho5SUFNlsNplMJsdXTk6ONm3aJJvNJh8fH1ksFh04cEA//vijVq5cqe3bt+vs2bPKyMhQcnKydu/erTVr1mjXrl1ycXFRZGSkY6xLGYah5OTkSnilAIC8CIABoDI50wZ6J22gAVQuk0y6q1e7Qit9F66JUOb5bA2+sW2+4xNnLledW18ucez5P+2Qp7tFs54ZohyboYVrIvKd//C7jfLr+YK++HGb2t77lrxumKTOD0zX5r0n8l1jDp+gt79ap7p9XtZdz82TZA+C//PZKjUcMFneN07SrY9/qoMnzjjuu/f5+br5sU/0wXcb1GzIVPn1fEH9nvxM0fFJ+dawYNUutbhzmjx7PKfuo2cp4lD+T8/nfa3rdx2VOXxCoV+7o05JkpLTMvXE20vUoP9ked0wSR2Gv6NFv+52jHcyLknm8An6euUux7Eziaka+dLXqnnzi6p584t6eMo3SknLFAAAAIDKt2fPHn3wwQf64IMPdPfdd6tevXpyd3dXw4YN9eCDD2rq1Kl64YUXdOrUqSu+ttx2zXmdOHFCGRkZslgs8vX1VXy8fRu09u3bq1atWkpPT9eZM2dktVqVmpoqwzDUsmVLXXXVVbLZbDp48KBjrMJC4HPnzl2+FwQAcAotoAGgkpXYBnrX91L/F2kDDaDSZJzP1oP9u+iLH7Zp4+7j6tq2kePc7O+3qn/31vL39ijT2PNXbFff8FA1qOuvmzqGaN7y7frHgC75rklNP695y7frs+fvUla2TU9P/179nvxMRxZNlK+Xu+O6z5Zu1mtj+qllY3tnhTGvL9KXP+/QlDF91SgwQK/+d7VuefwT7fnqaXl5uEqSfo84qsTkdE35Z1+dSUzVpA9XaPx73+vrV4dJkjbtOa5h//5KN3dpoVcf7aPjpxL1yn9XFfl6wkLqafXMRxzPs7JtGvnS16od4K3mDWpLku574UtFHIrVtHH9VL+On5au3auhz8/Xls8fV/sWQQXGzDyfrZ5jP1LG+Wx9+OwdSk0/r2dn/ihraoYWTB5epvcdAAAAqE7umjhX3+X5UGVeu+Y9qbYh9VTn1pfVJKiGNn42Tmbzxbqowc98oVu7ttSjQ7qWef7p06dr4sSJql27dqHnQ0JC9NBDD+mTTz7RCy+8UOZ5SisnJ0fnz58vcDwhIcFRCVy/fn01aNBAtWrVkpubm0wmkxITE2Wz2WSz2RQfH6+MjAw1a9ZMsbGxCgoKUmpqqiP4NQxDJpMp369ZWVnKzs6WxVJ8/PDNd4v0zLOTir1myOCBenPaa2V/EwDgb4oAGAAqW24b6JT4ws/ntoFu1LHsc8Tsk9LztN/x9JWCW5VujHMnpYRL9k0ODpU8C+4HWkDUJkmXBNg1gqWaDUq+99K1l1ZZXusldu2PkjU5TZIU1rKpAvx8SrjD7lj0aR2PiSvyfFJyivx9fZwec+3miCL30DkWfVqN6weqUXBdNa5fctvYRGuKIg8cKfG6S3XvHFbkOGV9b4q6r7jXm1dp5i3Krv1R+mHNRq3dfLH61N/XR+1bNdOwgb2dek+rM8MwdG2bhmrRsLY+X7bFEQBHnTyrdTuPaOmbo7R6y8ESRiko4lCsIqNOaeIDPSVJQ25qqzGvL9LR2AQ1Ccq/n9T8/9zraDP9zWsjFDJkqv67bIueGNrNcc3i1+9Xi4b2H7gcOBavT5du1oz/G6R/DgmXJHW4KlghQ6bpmzURGtnvGkmSr5e7lr/7kGoHeEuSDkef1Zc/X2y9P23Or2pcL0DL3holy4UfEvl6uWvsG4sKfU3+Ph66sWOI4/mkD1YoITldK977hzzc7X/1/tc93dWoXoBjrTd2DNHsH7ZqxcYDhQbAX/y4TXuPxGnXvCfVppn996KrxUX3v7xAx04lqHG9wvfeAgAAAP5Onrq3u954/PZirzlnTdO7C9Zr/H09Kmze+Ph4Wa1WtWvXrtjrbrnlFn3yySfKycmR2WyusPmLk5Fh32In99/WJpNJNptNNWrUkNlsVlZWlry8vGQ2m7Vx40alp6fL29tb9erVk7e3t4KCgpSSkqLMzEytWrVKOTk5atSokc6ePaucnJx84+aGv7nS0tLk51f8z4zuHDJYkooMgQl/AaDsCIABoLLltoEupgrY2LlUpnIEwMbiydLhLRcPePjK9NRi5wLY3DG+fjb/GJJM/5wjhVxb/I1Rm2R8MLLg8eBQmZ5aUvK8l669tJp1lmnMvLLfL6nP/RNkTbEHwM+NuU+TxjpXcTdv8UpNmVVMdXcejYLr6qPJT6lHl6L/wdh31LNOjeXv661xIwdpzPCBRQajEfsPOz1eXql7fixynHahzbTh2xlOjZP3vVn++dRCX3dp1tcutJmGD+qtYQN7lyoMXrZ6g56Z+lGRQf33azZo8sz56t45TM+NGVbs96e6yzifrVH9O+u12Wv07lMD5Onuqtk/bFVQbT/16XqVfvxjX6nHnLd8u9zdLLrtulBJ0pAbwzTuzcWa/9MOTboQCufycnd1PG5Q119hzesp4mD+VsxBtXwdj1dvPSRJGtC9tTIysyVJgTV81TS4hrbuO+kIgBsFBjjCX0kKruOn+IRUx/Nt+0/qjpvCHOGvJNXLM09x1u86qmlzf9XUsX3zBbvdOzTVrG83aMHKnToam6CM89mypmYo0Zpe6DirtxxUqyZ1FVK/luO1XBfWRJK0dd9JAmAAAADASdPG3aZHXvtGd9wUVuBDp2UVExOjJk2alHidxWJRjRo1lJCQUGSlcEVLTy/4bwyTyaSGDRsqICBAcXFxcnNzk4+Pjxo0aKC4uDjVrl1bYWFhysrKks1mU+PGjdW4cWN5eHgoPT1d9evXV1ZWlo4fPy5PT095e3vL29u7wAe4MzOd27KmqBCY8BcAyoc9gAGgCjC1ubX4C3Z9L+X5FGW5ZSTLWFqKv0Rv+a7MIayx9ovCT8Tsv1AZXLXNXbTSEf5K0sy5S5RoTanweY7HxKnvqGfV54EJ5R4/KTlVk2fOV/gd47Rrf1QFrbBkEfsPa/Skt6/YfJfO/czUj9X6llFatnpDidcnWlM0etLbuufxV/KFv906heX7yrVuS6T6jnpWU2bNvyzr/ys4n5Wj+/tdo7TMLH37S6RsNkNzftym+/tdI7PZRVnZOaUaz2Yz9NXKnbqxYzNJUkpapjzdLQpv21jzlm8v8f6afl46fa7o7gDxCfY/R40GTJH3jZMcX4ejz+mcNa3I+y51+lyKAp0MfPOypmZo5Mtf64armxWoLnjszcWaOmeNHr0jXKtmPKIdc/+lWv5eRY4Vl5CivUdO53sdLe6cJkk6V0RoDAAAAKCgVk3q6p9Dwovs6FMWPj4+Sklx7t/xqampcnd3L/nCCpIbwuZW5tpsNsfjXr16KSQkRO7u7jKZTLr66qs1dOhQ9enTR/7+/jIMQzk5OXJxcZG7u7tuuOEG9erVS7Vr11ZKSoreeOMNffnll9q5c6fi4+OVmZkpm83mmLuw1tNFuXPIYL0+dbLjOeEvAJQfFcAAUIJJM5bocPSZIs+PHXqjunUIKfK8U5pfd/nbQF9q9yp7AFtSBW+6VcaSKWWb49xJac/qIk8ba7+QqaT5K9nkmfbAr2FQXZ2IjVNScqqWrd6gEYNvLtU4RVW57tofpYh9hzV55nydiI3Tui2Rmjxzvt6YOLrIsbp1CtNPX0wrcDzRmqJ1WyI1Y85ird8aaQ+VH3hWe3/+vNiq2NJUNZdk3uJV6tYprNTvT3GKer2SvU10xP7Dmrd4pSIPHFFScqruefwVjRk+sNj3cOhjr2j91khJkp+PlyaNHa7hgwpWDx+LPp2vWnnyzPlKSEopduzqyjAM1avlq77hLTX7+62qW8NHJ+OS9MDtnS6cL914a7YdUky8VTHxVvn3+neB81v2nlDn1g2LvD/2TLI6ty66i4G3p5vMZhf9Mmu0zC75P/OYt+K3JPVq+SopufQh62NvLlFicrpmf3B3vk/CZ57P1uc/bNX74wfq/gtVyJIKrDEvH093Xd0yWDOeHlzgXLP6NUu9NgAAAKA6enfBes345o98x64JbaD1H49xPDcMQ88/2Evthr2tr37eqXtv6VDueZs0aaLY2FilpqbK27vof2ucOHFC7u7u8vUt/QdMyyozM9OxJ6/NZlNGRoZSUlKUmJgoT09PhYSEKCcnR9nZ2TKbzfL09JSbm5sSExOVnZ2tnJwcWSwWmUwmeXh4yDAMZWdnq0mTJlq4cKEOHTqkY8eOqWPHjmrWrJkaNmyowMBAWSwWR/tpZ905ZLCjGhgAUH4EwABQgpUb92nHgRNFnr+9e1j5A2Cz22VvA13omF9PtLeCLmYfX2PtF1JG2fbgNdYVUf2ba89qe0hcilbUpWXq8UCZ7122eoNOxNqrQ9+YONoRrE6ZNb/CAs72oSFqHxqi/r3C1eeBCYo8cESz5i1Rjy7t1L9XeKnGCvDzUf9e4erfK1yTZ87TlFlfKik5VY9Melv/e79gwHa5PPr8O2rXqpnah5bzz4UTenRppx5d2mncyEFatnqDHnnuLVlT0jRr3hK1C21W6Pfp/177yBH+hrVsqgXv/7vIPX4b1w/UpLHDdXuvcEcr8OLG/jt4sH9nDZkwR5lZ2ereoaljH9vSmrd8u3y83LXszVFycbkYkJ7Pytbt4z/XvBXb8wXASakZ8vGyf1L+wLF47T1yWg8PKvoDJN07NFVOjk1JKRnqd6HFtHShorem823CO7dqoJWbD2rKmL6OY9bU4n+QsXB1hOat2K75/7lPDQMD8p1LTstUTo4tXyh86ORZJRQTMnfr0FRTZq9Rk6Aa+dpPnz6X4tgXGQAAAPi7+9fQbiXuASxJnu6u+mDCEA1/8Svd2vWqcs9rNps1aNAgffrpp3riiScKvcYwDE2fPl0jRxayRdZllJOTI6vVqtjYWP3555+KiYnR9u3bFR0drR49eqh169bau3evfHx8lJiYKA8PD/n5+ckwDEVERKhGjRo6d+6c2rdvrxo1ajjCY39/f6Wlpclms2nv3r2Ki4uTv7+/mjZtqvDwcLVo0UK1atW6oq8VAJAfLaABoIq44m2gJSkhuugWzZI9nF3p3J6uBaRbpS0lt1Qyfn6/2POmMfNkevNA0V+vbJGCQwu/d+hrUtveZVq+JM2Ys1iSvfq3f69wjRs5SJK9XfPcRSvLPG5hAvx89NGUpxzP126OKNd4k8YOV8OgupKkH9ZsLNdYzgpr2dTxuO8Dz16WVtnF6d8rXCvyVApPmPZxgTUciz6tWfPse0/7+XhpxexpRYa/ebUPDSkw9t/Vbde3UmBNH/0RcUyj+ncu0xhpGVla9Nse3Xtze/W4uqm6tW/i+OrZqbkG39BGX6/cpeyci+3DBj8zR8vW79U3ayI16JkvVNPPS6MuVB8X5to2jTSwRxuNeOlrvbdgvX7dHqX3FqxXizunacWGA06vdcLIm7Tjzxg98fYSRRyK1dJ1ezVx1vIir4+Jt+rRad+pc+uGalDXX+t3HXV8nTqbrNoB3romtIFe+uRnfbRoo95bsF43/vNDZWXnKCW98D2yRg+6VrX8vdR73Mf66ued+mVblP719lJdddfr+fYrBgAAAOCc3p1b6JYuV+n/pv8gV4u53OPde++9On78uGbOnKmsrKx851JTU/Xiiy9q/fr1OnXqVLnnKo3U1FQdOnRImzdv1tatW7V69WodPnxYp06dUlRUlMxms1xcXBzBrtVqVUpKitzc3NSqVSs1aNBAgYGBSk9P17lz52S1WpWcnKyYmBhJFwPmuLg4xcTEKCIiQitXrtSePXtK1QIaAFDxCIABoKrIbQNdlNw20BVt5Qx70FsI4+tnyz7ulu8KVg53Hyl5XFKttnu1PSwuI2PJZPt+wpfqNEjqPKTM467dHOGoEp00dpgke8CYG6rOX7KqzGMXpX1oiPx87PuARuw/XO7xenS5uIftsejT5R6vJP17hWvYwF6S7PsQ9x1Vjt8/ZdQ+NETPjbnPsYZ5i/N/n3JDfUl6/dnRxbbGLmzsMcMHOsau6A8B/FVYzC4a2e8a+Xi5666eBduaO2Pxb7uVkpaphwZ0KfT8QwO66ExiqpZvuPhn+4HbO+mpd5dp+ItfydvTVT+886B8vYrfO+urV+7TPwZ00RvzflOfJz7TJ4s36d0nB6hPeEun19qpVQPN/8+9+uH3/br+4Zl6fe6vevLe7kVev3nvCSUmp2vL3hO64dEP8n0t/m2PJGnB5GHqcFWwnp7+vd79ep2eH9VLd/Vqp7SMrELHDPD11NoP/6mwkHoa8/oi9R//uXYejNHydx5SnRrOt7MGAAAAcNFbT/TX0nV7tetgTLnHMpvNmjZtmiwWi4YOHapXX31VM2fO1Isvvqhhw4apefPmql+/vmbOnKnZs2dXwOqd4+npKXd3dzVo0EBubm7y9/dXTk6OJGnHjh3atm2bTp48qezsbEcAbLVadeLECUVGRmrXrl06deqUIiIidPr0aSUlJen06dNasmSJzp8/79hTODMzUxkZGcrIyFBUVJR2794ti4XmowBQmfivMABUFc60gd7zc4W3gZYkY8FEmf45N//B3aukw1vKPmYh7Z9N3e+XkW6Vtl4M4ZSRbN8L+NbHSj/Hksn5x8rVrLNM9xS+Z6yz5i22h3t+Pl75WjFPGjtMjz7/jtZtidTazRGF7utbHo3rByrywJEKCWzzVrYeiz7tVKVreX08Zbwi9h9W5IEjith/WKMnva2PJj9V8o0VaOyIQY49e2fOXeyo3Jbyf1/L0sJ53MhBjgriZWtKvxf0X9G4u67TuLuuy3ds6th+mjq2X75jnzx3Z77nr43tq9fG9lVh7rv1at1369VFztmzU3PlbLD/Gf7wO3sF+8i+HTXmjsLboj86pKseHdK1wHF3N4umjeunaeP6FXKX9NWrwwoce3rYDXp62A35jg3t3V5De7cvcF2uvK910A1tHGsvStPgmvrxnYcKvIZcOTZ75bPFfPGzmg3q+he6XgAAAAB2b3+1Tu8uWF/g+FtP9Nfjd19f4HidGt56/bHb9I/JCytkfovFotGjR2vEiBGKjIxUUlKSunTpoueee07u7u665ZZbNGbMGH300UfKycnRQw89VPKg5eTr66vIyEjt379f0dHRioqKUmpqqnJycpSRkaGlS5eqZs2aatKkiWw2m1JSUmQ2mxUXFyc/Pz8FBwcrJSVFR44cUWpqqmw2m9LS0pSRkSEXFxdHAJxbSezl5SXDMJSQkEAADACVjP8KA0AVYmpzq4xiAmBFLpf6TJDy7B1ZIaI22wPf3HbJ6VYZS6aUfbwt30kJl3yCtk0vqWYDmXo8IOPS0HbrIqm0AfCW76R1cwoeDwqVadSs0o11iWPRpzV/yWpJ9sAvb5Vo/17hembqR7KmpGnG3MUVHgBHHjgiSWrXqlm5x9qVp4q4uPD3eEyc1m2JLHG87p3DSrxGklbMnqZWNz8ga0qa5i1epW6dwq5oUBrg56NuncK0fmukjsfEOY4fiz4ta0qaJJV6f+VcjesHKqxlU0UeOKL1TrxnQGmt33VUi3/bLUll3l8ZAAAA+LtZ+NqIEq+J/+nFAsdG3d6p2K1lysLLy0vXXnttgeP16tXTrFmz9M9//lOffvqpfHx8NHTo0Aqd+1J+fn7aunWrDh06pLS0NKWkpDhaVLu7u8tmsyk5OVnx8fHy9PRUWlqaPD09VatWLSUkJGjnzp2yWCwKCgqSm5ubkpKSFB8fr+zsbFksFtlsNkeYnJ2dLS8vL/n6+iorK0uBgZf/Q+gAgKIRAANAVZLbBjolvvDzZ4/a20BfjirgJVNkCukiefrZ9wVOiM5/gYePlOHcnq7Glu8KHDPltmMObiUFhUqxedo2J0TbA11nWzbH7JOxYGLB4x4+Mt07VfL0c26cIkyeOc/xePig/MFlgJ+Phg+6WbPmLdEPazZWaGVt3nnbh5YvAN61P8oRUDYMqlvsGuctXlWgVXJhUvf86NTcAX4+WvHFNF13hz3Uf/T5d9SuVTO1Dw1x6v6K0KNLmKOFd26ldt6q6vJ8z/x97R8ISEpm71VUvGlzftH6XUc1/r4eat8iqLKXAwAAAKAC1atXTzNnztT48eN1+vTl36rJ29tbzZs31/79+3X+/Hm5uLjIbDbr/PnzjhbOkhQTEyM3NzfZbDZ5eXmpTp066t69uwzDUHp6utLS0hQXF6cTJ07o4MGDslgsjrEMw5BhGPLw8FBmZqY8PT3VqlUr+fmV72czAIDyYQ9gAKhKcttAF8PY83PFzHXzuPzPE6Ltwe+5k/Z9gfNq08se3DojZl/B1tE1gi9WF0sy9bi/wG2FtYwu1LmTMmYV/sle05h5zq+zCInWFH2/xt5ydtjAXoUGhXlbCucNbctj7qKVjrbFfj5eGjtiUAl3FG3t5gg9OukdR0CZu4fxldQ+NEQfvvqk43nfB55VotW5DxAAeT06pKtyNkyTTwn7/VYXy94apYRVL+v1x26r7KUAAAAAuAyCg4P11Vdf6fHHH7/sc5lMJvXr109ubm4KCAiQh4eHJCknJ0cmk0lms1kmk0k2m03x8fE6duyYoqKidPz4cZ05c0YJCQlKSkrS2bNn9eeff2r16tVKT0+X6ZLOdIZhyMXFRS4uLkpJSVF4eLhcXIgeAKAyUQEMAFdadKS0b3WRp01u3jKKu7+C2kCbetwvY+slrZpXzpCx55JKUA8fmQY+J+PrZ50a11g7u+DBTpdU9rbtLS2ZnL+iOGZ99cNZAAAgAElEQVS/FLVJCinYJskh3Spj9lgpI7nAKdPQ18od/kr2PWNzg9NLq39zNa4fqGEDe2n+ktWav2S1Xn92dL420YWZv2SVoyI1r2PRp7V2c0S+VsUL3v93seMdjzmtKbPmF3pu2eoNisjT+nnYwF4ltl8eNrBXka+1PEYMvlnrtkRo/pLVSkpOVd9Rz2rDtzNKvrEC5G1/3e5CNXW7PFXVec+XVm4lsZ+PV5nHAAAAAADgSrjxxhvVrFkzRxWwzWaTi4uLXF1dlZ2drezsbPn5+alevXrKzMxUfHy8UlNTFR0dLZPJpMzMTKWkpOjs2bPKyMiQ2WyWq6uro3o4txLYZrPJbDarRYsW6tmzZyW/agAAATAAXGknImSsfKfo8007S+7eUmYR7WUrqg20p59M90yV8cHI/Mdj9ud/3v0BqWYD58Y8d1K6dH9fSabOgwvMrba9C1xrrP1CpmICYOPzMQXXJ0ndRzrfProEcxfZA/BuncKK3d93+KCbHfsEz5y7WJPGDi92XGdaLDcMqquPpzxV4r7Cx2PiNHlm4QFwXmOGD9QbE0eXeF3j+oEVvpdxro+njFfE/sOKPHBEEfsPa/Skt/XR5Kcuy1x5ReyzB7x+Pl6OMD3Az0cNg+rqRGyc1m+JVKI1pcTg/lK79kfpRKw9rO9+md4zAAAAAAAqitls1osvvqjhw4fL3d1dWVlZys7OlmEYysnJkYuLi7y8vBQYGCiLxaLk5GTHeUlKT0+Xi4tLvqrf7Oxsubm5KTs721FB7O3treDgYL388stydXWtrJcLALiAPgwAUOWYpLZ9ir2iwtpAh1xrb+9clBrBMt36mNPDGVsWFTzYplehAbKpxwMFr92z2h4iFzb21xMKtpa+ML5p4CSn11icuYtWOsK94YN6F3ttjy7tFNayqSRp5twlZWpv7OfjpW6dwjRm+EB9+OqT2r9qdpmD2LCWTdUwqK7j+YevPulU+HslrJg9zVEtO2/xKs1dtPKyzrds9YY838f8lc0jBtu/r0nJqVq2ekOpx5455+KHFvr3DC/HKgEAAAAAuDI6duyo++67T/7+/vL09JTZbJbFYpGXl5e6dOmiGjVqqFatWgoKClJgYKBq1aqlwMBA1a5dW35+fvL19VV2dna+MXMriW02mwzD0JkzZ3T11Verbdu2lfQqAQB5EQADQBVkaj+g+Asil0tGsY2inZ9r4HOSR+FVkKUKVtOtUiH7+JqKqswNbiUFhRY4XOhewFu+K7SyWEGhMt0z1fk1liC3qrZhUN0S2yZLcuzT60yYuPzzqUrd82O+r9hN3+inL6bpjYmjnZovV7dOYQXG2vjdTG38boYjaJ0ya36V2XM3wM9HK76Y5nj+6PPvKGL/kcsyV6I1Rc9M/cjxPO9+zVL+QHjCtI+1a3+U02MvW73BUfXt7O8RAAAAAACqgokTJ6pBA/sH9L29veXu7q5WrVqpZ8+eqlWrlmrVqqW6deuqXr168vPzk7u7u2OPYA8PD2VmZkqSozLYyPNzKYvFohYtWmjy5MkF9gcGAFQOAmAAqIqaX2dvA12U3DbQFaFmA3ub50s162xv0+ys3asK7s1bI7jYMUw97i94cMsie5icK2qTjAUTCx+gfitp3Rzp5xnFfzlh7eYIR9VobpVoSUYMvtlRdVvUnrxXUoCfjz6eMl6SvU306EnFtBq/wtqHhujDV590PP9+Temrb0tyLPq0+o561rGf8rCBvdS4fmC+axrXD9S0CY9Isgf39zz2ilMh8LLVGzR60tuO5x9PufxtrAEAAAAAqChms1nff/+9mjRpIhcXF7m4uOjkyZOqXbu2goKC5OvrKw8PD/n5+cnf31/e3t7y8vKSh4eH3NzclJWVlS/8za38tdlsaty4sX755ReZzeZKfpUAgFwEwABQFZndrlwbaMne5vmSatzSVtYaP79f8GCnEvblbdu7YPVxRrK94jd33M/HFH3/1kUyfn6/xC9n5Fb/+vl4OSp7nZEbFh+PibvsrY2d0b9XuMYMHyjJHrKWpc3x5TJi8M2OtVWkY9GnNWXWfIXfMU4R++17/4a1bOoIwy81buQgDRtob31+PCZO193xmJ6Z+rGORZ8ucO2u/VEaPelt3fP4K0pKtu/LPW3CI5dtz2QAAAAAAC4XV1dXrV+/Xvfdd58k+16+O3bsUN26dRUQEOC4zsPDQ+7u7o7HLi4ujv1+c8NjFxcXubq6asSIEdq4cSP7/gJAFWOp7AUAAApnaj9AxrZvi74gcrnUZ4JUQa11TIOek/GTPSw1te1d6L69Rdq9SkqIKThm58EXn8Tsk7FlkUw161/cF9jTzx4CX9Le2Vg35+IewRmXv43xrv1RWr81UpI9QA3wK7wldmHGjhikKbO+lCTNX7KqSrQFnjR2mGMf3NGT3la70BkFKmHzmrd4ldZtiXRq7GEDe5frNb4xcbQi9h92vN/OiDxwWH0emFDouWPRpx0VvxfX2EuvP1v8/scfTxmvxvUDHd+7mXMXa+bcxfL39Va70GaSVOA98fPx0uvPlq5dNwAAAAAAVYnZbNabb76pIUOGaOTIkdqyZYu6desmi8XiaN9ss9lkMplks9mUk5Mjb29vmUwmmc1mubu7y2KxyMPDQ19++aVuuOEG2j4DQBVEAAwAVVVuG+jM1MLP57aBbtSxYuYLuVamMdeW6VZj7eyCB3NDXkk6d1LG2/aqWkOSDm2SadQsSZKpxwMyLt3fNyHaXgVc1P7BFWzmnIvzTxo7vFT3Bvj5aNjAXpq/ZLXWbYnU2s0RlV4dGuDnowUzXtB1dzympORUjZ70tlbMnlbk9cdj4gqEqEXp3jms3Otb8P4L6jpknKPldkmSklOdCqi7dQrTuJGD1L9XuFPjTho7XN07t9OMuYv1w5qNRc7l5+Ol/r3CNWns8GKDdAAAAAAA/gpMJpOuv/567du3T99++61SUlLk7u6ujIwMWSz2yCArK0smk0kWi0U+Pj7y8fGRq6urmjZtqqefflp33323o0oYAFD1EAAD+Nsa1LP44NTP21OS1LNLSzUOrlXkdQ3r1ZQkdWxZX+dubFvkde1bBNsf1GpUfHvnwKvsv5rdpOsflI5uKfra+MPOBcD1W5V8TVnG8PS7uF9vs875TuXb33f3qvz37Vl98XFwK6nTIOlcdL5LjHPRMhUybkVLtKboWHScunUKU7vQZmUK+CaNHa5j0fYwc92WiwFwo+BAdetkD0z9/YrZ09lJuWPlVqgWp31oiKZNeETLVm+QYdj3sM0bjPr7eTvGK41Gwfnfn7zjXHquKLkB9TOvfewYozAlrc/fz1vtQ5vJ39dH/XuFl+l716NLO/Xo0k7Hok9r2eoNSkpO0drNkRfOhalRcGCpq8IBAAAAAPgrcHNz07333ivDMJSVlaW4uDglJibqyJEjOnHihOrUqSN3d3fVqVNH3bp1U7t27VSnTh25uLCzJABUdSYjd+d2AAAul5h9jgpgSVKNYJkm/VJ56wEAAAAAAAAAoAqzWu3FVzt37nT6ng4dOkiS+KgOAODyC24ldR8p1QiWgkJlGjipslcEAAAAAAAAAEC1RAUwAAAAAAAAAAAAAFQhVAADAAAAAAAAAAAAAAiAAQAAAAAAAAAAAKC6IAAGAAAAAAAAAAAAgGqCABgAAAAAAAAAAAAAqgkCYAAAAAAAAAAAAACoJgiAAQAAAAAAAAAAAKCaIAAGAAAAAAAAAAAAgGqCABgAAAAAAAAAAAAAqgkCYAAAAAAAAAAAAACoJgiAAQAAAAAAAAAAAKCaIAAGAAAAAAAAAAAAgGqCABgAAAAAAAAAAAAAqgkCYAAAAAAAAAAAAACoJgiAAQAAAAAAAAAAAKCaIAAGAAAAAAAAAAAAgGqCABgAAAAAAAAAAAAAqgnLkROxlb0GAAAAAAAAAAAAAMAFtfy9y3yvpWnDoApcCgAAAAAAAAAAAACgPKxWa5nvpQU0AAAAAAAAAAAAAFQTBMAAAAAAAAAAAAAAUE0QAAMAAAAAAAAAAABANUEADAAAAAAAAAAAAADVBAEwAAAAAAAAAAAAAFQTBMAAAAAAAAAAAAAAUE0QAAMAAAAAAAAAAABANUEADAAAAAAAAAAAAADVBAEwAAAAAAAAAAAAAFQTlpIuSE1NvRLrAAAAAAAAAAAAAIC/DW9v78syLhXAAAAAAAAAAAAAAFBNEAADAAAAAAAAAAAAQDVBAAwAAAAAAAAAAAAA1QQBMAAAAAAAAAAAAABUEwTAAAAAAAAAAAAAAFBNEAADAAAAAAAAAAAAQDVBAAwAAAAAAAAAAAAA1QQBMAAAAAAAAAAAAABUEwTAAAAAAAAAAAAAAFBNEAADAAAAAAAAAAAAQDVBAAwAAAAAAAAAAAAA1QQBMAAAAAAAAAAAAABUEwTAAAAAAAAAAAAAAFBNEAADAAAAAAAAAAAAQDVBAAwAAAAAAAAAAAAA1QQBMAAAAAAAAAAAAABUEwTAAAAAAAAAAAAAAFBNEAADAAAAAAAAAAAAQDVBAAwAAAAAAAAAAAAA1QQBMAAAAAAAAAAAAABUEwTAAAAAAAAAAAAAAFBNEAADAAAAAAAAAAAAQDVBAAwAAAAAAAAAAAAA1QQBMAAAAAAAAAAAAABUEwTAAAAAAAAAAAAAAFBNEAADAAAAAAAAAAAAQDVBAAwAAAAAAAAAAAAA1QQBMAAAAAAAAAAAAABUEwTAAAAAAAAAAAAAAFBNEAADAAAAAAAAAAAAQDVBAAwAf1Mzv90kv97/0derIip7KQAAAAAAAAAAoIIQAAMAAAAAAAAAAABANWGp7AUAwF/JuLeWac7yHVrxzgO6LqxRucZqMuRNmV1MivpmfAWtrnppP/J9HYlJUIcWQVr7wcNlHqff+C+0ftcxtWhYW9s+H+PUPRGHTmnFpoP6dfthxZ5J1llrulLSMuXv46G6NbzVsWWwurZppP7dWqqmn1eJ47W85x3Fnkku82uQpOlP3a4H+nUs1/h+3h4K8PVQaKPauia0vobc0FotG9cp17qcFXPGqu9/P6D1u45q79F4nT6XopT08/Jws6imn6daNa6jTq0aqH+3ULVpWrdC5z508qyuGTVLhmGodoCX9s7/lzzcS/9XoN92HFH//5urts0C9cfHoyt0jQAAAAAAAABQUQiAAQC4YN/ReD353g/6I/J4oefPJqXpbFKa9h2N1/yfdump6T/q9utb6vkHblSLhrWv8GpLz5qaIWtqho6fStTPmw/ptTm/6aaOzfTW433VvEGtyzLn3iNxmjr3Ny1dv182m1HgfGr6eaWmn9eJ00n6efMhTfniV3Vt21DPDOuh3p1DKmQN7y/cIMOwz30mMU3zftqpfwzoVOpxXC3mfL8CAAAAAAAAQFVEAAwAgKRfth/WPS8sUHpmliQpqLavbgtvqbDm9VQnwEturhYlJqfrSGyCtu6L1tqdR5WemaVFv+3Vqi1Rilo4vsSq0paNaus/D/cu0/rCQgJLvKa48W2GoZT08zp1Nlk7/4zVz5sPKTktU79sP6zrRn+kT58drAHdW5VpbYXJybFpypzf9PbXvysnx+Y43im0vjqF1lezBjXl4+mm9MwsxZ5J1vYDMVq365iysnO0cfcJDZk4X4NvaK3pT94ufx+PMq8jLiFVX66073Pt4W5RRma2Zny7UQ/efo1cXEylGsvV4pLvVwAAAAAAAACoigiAAQB/e+esaRr5n2+UnpklFxeTXv5HL429o6ss5qKDvuS0TC36ba/emL9OPa9p5lRL4Rp+nuobflVFLr3M46dnZmnWd5s0de5aZWRma9Tk77Rk2nB1a9+43OtIz8zSfS/+T6u3RkmyV8w+PKCTxt7RVQ0D/Yu8LyklQ//9YZveXfCHEqzpWvTbXu05EqdFrw0r9r7ifLhokzLPZ8vT3VUfPjNQ97/yjQ5Hn9OSdfs0+IbWpRrLzWJxvB4AAAAAAAAAqKooYQEA/O19vGSrklIyJElvjOujJ+6+rtjwV5J8vdw1su/V2vb5WP37wZ5XYpkVytPdVePv7aYFr9wjV4tZWdk5+td7PygrO6dc4+bk2DTi5YWO8LdVkzr6/aNHNHXMrSWGuP4+Hnpy6PXa+tkY3XptC0nSn8fPaNCz83U2Ka3Ua0lJy9Sny7ZJkobf2l6Db2itDi2CJEnv/e+PUo+XW/lb0u8NAAAAAAAAAKhM/AQTAPC39/Omg5Kk4Np+euj20u0N6+ZqVi1/r8uxrCui5zXNNGbItZLsYevKLYfKNd4bX67Xz5vtY3Rp3UCrpj+o0MZ1SjVGnRreWvDKPbrvlvaSpIMnzuiJd38o9Vpm/7hDicnpcnExadyd4ZKkx+++TpIutJw+WqrxcgNgN1cqgAEAAAAAAABUXbSABgBJr89fp3e+/l3Db22vN8b1rezlFOlkXJLm/bRLv2w7rD9PnFFiSoY83V3VKNBf4W0b6a6ebXVdWKMKnzc+IVWL1+3VbzuOavfh04pPSFXG+WzV8PVQWEg99el6lYbf2l7enm4VPveVcPRUgiR7tWpp94WtDh68/RpHRezPmw6pX3jLMo1zNDZBr89bK8m+h/KCV+6Rr5d7mcZycTFpxvj+ioo+p017Tmjpun36ccMBp9eWnWPTrO82SZIGdAtV0+AakqTBPVrppc8CdPxUot5d8Ie6t2/i9JpyWz+7mgmAAQAAAAAAAFRdVAADgKTPlm1Vavp5fbJ0q2w2o7KXU4DNZmjKF7+q/cgZmvLFr/rzxBl1aBGkO25soxuvbqrzWTn6bNlW9XlytgZNmKe4hNQKmdeamqFnZqxQm+Hvafz05fpl22E1qOOnPl1b6M6b2qhlozr6I/K4/m/Gcl0zapY27z1ZIfNeaWYX+/8OY88mV/JKKkfT4BqOKubDMefKPM7bX/2u7Byb/fHj/cpdGW0xu2jW0/1lvtByeeqctU7fu3DNbp2MS5J0sepXksxmF0fF88rNh7TnSJzTY+ZW/uZWAgMAAAAAAABAVUQFMABIGjPkWr3z9R8a0adDlasATUrJ0PCXF+q3HUfUqkkdvfyP3rqlS/MC69x3NE6vzflNi9fu0/WjP9KXL9+tzq0alHneY6cSNeCZuToSk6Bu7RvrqXu66YarmziqIHNZUzP01pe/650Fv2vIxC/168yH1LxBrTLPWxnaNa+nlZsPad/ReG3YfVzhbSu+irqqC/Dx0NmkNJ2zppfp/ozMbH376x5J9vfztuvKVkV8qRYNa+vOG9towepI7TwYq71H4tS6ad0S75t+oaL5+naN1Sm0fr5zI/t00NS5a5WYnK73Fvyhj58d5NRacn/vswcwAAAAAAAAgKqMn2ACgKQn7r5OR797Wq880ruyl1LAuLeW6bcdR3THjW30y4x/qE/XFoWG1K2a1NWcf9+ltx7vqzNJabr33wvKVQlcr6aP/L099MnEwfrxrfvVu3NIgfBXkvy8PfTyw730/KibZE3N0EufrSnznJVl1G0dJUmGYWjYS//Tmm2HK3lFV15iSoYkyaeMbbw37jmh5LRMSdLQ3u0qbF2SdM/NF8f7afPBEq//OU9l72N3dS1w3sfLXQ/dfo0k6ZtfLlYKl8RyoVK8sD8HAAAAAAAAAFBVEAADQBX2ydItWrJun65v11ifThwsLw/XEu95eEBnPf/AjYpLSNUjUxeVeW53N4t+nfkPDe0V5tT1Tw69TkG1ffX97/tlTc0o87yV4fbrQ/X4XeGSpDOJaRo0YZ76jf9Cc1fsVHxixbTTrsqOxCTobFKaJJW5envnwVjH4+sreB/qrm0aymSyf+hh15+xJVwtvbvgd0nSVY1qq2/Xqwq95tHBXeTmalZ2jk0zv93o1DpyW0Dn/goAAAAAAAAAVREtoAGgDN76ar3mLPcu1xgp6Zny9/Yo8nzm+WxNnbNWrhazPp042LEPqjOeuud6/fD7Aa3Zdljrdh1V9/ZNyrTG0rTDdrWYdUuX5vrixx3afiBWN3ZsWqY5K8uro29Ws/o19fJ/1yjBmq71u45p/a5jkqTWTevqhg5N1OPqpurevrH8ivm+FWfj7hPy6/2fUt3ToUWQ1n7wcJnmc9bnP2xzPO7ZKaRMY8SesToeNwuuUe415eXt6aZ6tXwUeyZZsWdTir12+4EYx/dt3J1dHcHxpQJr+mhorzDNXbFTs3/coQnDeyjA17PYsXMrf6kABgAAAAAAAFCVEQADQBms3Hzoss+xZtthxSemalCPVqpfx69U95pMJj08sLO27o/W1ysjyhwAl1az+jUl6S9bNfvg7dfojhvbaM6Knfru1z3atj9akrT3SJz2HonTB4s2y2x2UXjbhhrUo7Xu7tm2xNCwqvttxxHN/HaTJKlBXX/dXsa9e1MzshyPfb3cK2Rtefl4uktKVkp6ZrHX5Vb/1gnw1r0ltKJ+7K5wzV2xU6np5/Xpsm16+r5uxV6fW/lrMVetfcIBAAAAAAAAIC8CYACQ9OfxM+r04Cz9/O4odW3bsMTrV7zzgK4rZ5vbJkPeLPb8ht3HJUmDbmhTpvEH9WilR19fot8jj5fp/rLw9bQHf2l5wsC/Gn8fDz12Z1c9dmdXxSWkavXWKK3deUTrdh3T8VOJysmxOaqDX/n8Fz1x93V66p7rnaqWbtWkjqaOubVU67kcYapkrzD/eOlWvfL5GmVl58hkMum9f91W5vbGnu4X/0qRkn5e/j5lq5IuSmr6+QvzFN0G/XD0OS1dv1+SNHpwF7m7Ff/XnNDGdXTrtS3006aD+nDRJj12Z9cS7zGbXagABgAAAAAAAFClEQADgKSsHNuFX3MqeSUXHY5JkCQ1qRdQpvs93V1Vt4a3jsQkyGYzStXOuShZ2TmypmYqMytbhlHwfNKFvX8NFXKylNxc7f+LOp9dvu/J+Sz7/a6W0m97X7eGt+69uZ3uvdleSXo0NkE/bz6kb3/Zow27jyspJUP/+e8abT8Qo9nP31FieOrv46GbOjYr/YtwUlJKhn7ZfrjQc4YhJadl6tTZFO08GKMfN/ypBGu6JMlidtH0p27XzV2al3nuwJq+jsdHYhPUoUVQmce6VFpGlk6dS5YkBdf2LfK6Gd9ulM1myMvDVf/of41TYz9+d7h+2nRQcQmp+nJlhEbd1rHY690sZrmaCYABAAAAAAAAVF0EwAAge7Bp/9VWySu5KLfisXaAV5nHqFvDW6fPpSgt47x8ylhJuvdInD5ZulW/bj+swzEJMgpLfi8Df2/7eq2pxbf8LUliij2UrulX/lbNTYJq6JGBnfXIwM76I/K4Hpm2WMdPJer73/dr6tzf9O8He5Z7jvLYdzReA5+ZV6p7urZtqGljbtXVVwWXa+72zes5Hm/YfaJCA+DNe0/KZrP/vgsLqVfoNfEJqZr3005J0og+HVTTz7k/N93bN1HHlsHafiBG7y/coPv7Xl3shyVcLeYyV0kDAAAAAAAAwJVAAAwAulglmlXOatOK5O3pJkk6k5imRoFlqwKOS7Dvxevl4Vam+z9ZukXPzPxJ7q5m9b8+VI8OvlZ1AryKbMO7cvMhfbpsa5nmulQtf3uAd/pcijLPZ5fYmrcwNpuh6HirfTwnA0FnXRfWSCvevl9dH/5I1tQMfbJ0q55/4KYKqbS+XLw93eRiMik5zR6qv/9Uf93f7+oKGfu6sEbydHdVemaW/rc6Uv8c3KVCxpWk/62OdDwuqkr54yVblJGZLUn6aPEWfbR4S6nnOXTyrL7/fb8GdG9V5DWuFheZzaWvJgcAAAAAAACAK4UAGACUtwK46gTAzYJrSLK3He7YsvTVmemZWYpLSFWz+jXLFEpu2nNC46cvV8tGtbV42nDVr+NX4j25YWtF6NAiSMs3/Kms7BztOnRKXVo3KPUY+47FOyqp2zUvvHK0PBrU9dedN7XRf7/fpqSUDB2JTVBI/ZoVPo+zurZtqJ/fHVXsNafOJqvrwx/pnDVN0xdu0F0928rLo+h9dZ3l7emm/t1C9b/Vkdq2P1qrtkSpd+eQco97NDZBX6+KkCSFhQQWWlmclpGlT5ZWzAcP3vvfhmID4P7Xh6p1kzoVMhcAAAAAAAAAXA4EwACgi62fcyuBq4Lwto307oI/tHTdPg25sU2p71+6fr8Mw9D1YY3KNP8H322SJM18eoBT4W9Fu75dY8fjb9bsLlMA/M2a3Y7H15XxfShJg7r+jsfpmVmXZY6KVK+Wr95/6nYNe+l/OnjijJ6d9ZOmP3V7hYw9/t7rtXDNbhmGoX+994P++OgR+Xl7lHk8m83QuLeWKfvCHt1P39e90Ou+WL5D/8/efcdVVf9xHH/fywaZinvvvffO3Nu0LE0ts7JsakPt1zCzbVlWlqNsOHNrmqvce+E2B7gRRPbm3vP7A7iKgKKiIL6ePUw453y/53PPvReE9/l+v1ciYiRJMz54TBVL5L/lcy1Yf1if/LZeO4+c0+b9p9O8/q6VXdcKAAAAAAAAAO4W5jAEAEkJKSN/U4Om3KBNvbLy9XLTsi3HFBgSeUttDcPQtJSpmB9vV/O2zn/IP0guTg63FLzGJSTd1rky0qxGSZVJGQU9Y5WfzgWF31L7oNBo/fLXHklSuWI+alI98wA4dUrk23HiXIjt46IF3G+7n3upW/PKeqpzXUnS9OV7tHTT0Wzpt0rpgnqpdyNJ0pnAMD3x3tzbDsUNw9Ab363Qhn0BkqSH65dTr1ZV0x1nsVj1/fxtkqQGVYqrW/PKqlTK95b/DOvdSO4p62R/M3fLbdUMAAAAAAAAALkBATAA6JopoHNRAOzkaK+RA1sqIdGiIZ8slNVqZLntxHnbtO3gWbWpV1YtapW+rfM72NspyWKVJYvXJDY+UT8u2nFb58qInZ1Zrz7WVFJyQPv0uAVZDmpj4hL1zMcLbKNCX3+8WabTYCckWtR86GR9NXuzDCPr11iSjp0O1oL1hyQlh48+2bzO8N306YsdVKFEAeZF7mwAACAASURBVEnSy18t08XLt3aTQWbeG9xGjaqVkCRt9AtQp+G/KuBi6C31ER4Vp0Fj52lqyrTOJQp5avLInhkeO3/dIZ0JDJMkDUsJn2+Hh5uzBnaqLUn6e9txHQkIuu2+AAAAAAAAACAnEQADgK5O/ZybpoCWpGe7N1D3FlW0YV+Ahn6+OEujKX9dvlcfTF2rgt5umjyy122fu1G1EkpMsuivLcdueqzVaujt71fe8kjlm3m6S111blJJUvKaxA+//LM2+gXcsM3Wg2fU/rVftH6vvySpS9NKGtipTqbHz1l7QP4XQvXB1LVqNORHzVzll6XXwbo9/ur21h+Ki08e9fzOU62z+rByBVdnB00d1VP2dmZdiYjR858vuuUAPCNOjvaaM7avbd3qPccuqNGQH/XRL/8qOCz6hm1j4xM1efFO1R/8gxZtOCJJKlnYS0s/HyBfL7cM26SO1i1RyFM9brB2b1YM7dXIdqPAt39uvaO+AAAAAAAAACCnsAYwAOjq1M+pI4Fzk+9HdFN4VJxmr9mvAycD9daTLdWteWXZ26W9h2fPsQv6Zu4WLVx/WIV88mnmmMdU0Dvj0CwrXn2siWav2a9XJ/wlX2+3TKdQDg6NTl7v9cAZjR7UWh9MXXvb57yeyWTS5JE9NGDMPP2755SOng5WlxG/qXIpX7WqU1olC3vL3dVRkTEJOhsYpo1+ATrkf3XkZpt6ZfXT2z1ueI4+D1XThr3+mrP2gI6eDtbQzxdr+LfL1axmKTWuVkJFCrjL18tNVquhsKg4/XfmstbsOiG/44G2Pj4Y8rDa1Ct708cTGhGrFVv/u61r4ehgp4frl7uttpmpU7Go3nmqtcZM+0fr9vhr4rxteuXRJnfcr4+Hq1Z8NUjDv12uGSv9FBufqM9nbNT42ZvVpHoJNaxSXKWLesvd1Umx8Yk6Hxwhv+OB+mf3ScXEXb3JoW2DcvrprZ7yzeR1vHbXSR04eUmS9HzPhrKzu7P72koV9lK3ZpW1eOMRzV17UO8+/ZCKFri6/vVGv+QbMSqVLKCZH/SVsxP/jAIAAAAAAACQ+/CbSwBQ7lwDOJVnPmct/uxJffr7en05c5MGjZ0nHw9XVSpZQEXy51NoZJwCAkPlfyF5mt2H6pbVlFG97ij8laTSRbw1/+N+GjR2njq8Nl0tapVWi9qlVbygh+zMZgWHRWvXkXNauf2EKpTIr+XjB6UJX7OLh5uzFnzST+Nnb9bEP7cqPCpOR08H6+jp4EzbeOZz1kt9GuuNJ5rfNBR0cXLQlFG91L9DbX0xY6M2+gUoJi5Rq3ec0OodJ27YtmwxH30ytL06NamYpcdy7Mxl9X13dpaOvZ6Ph6sCFrxxW21v5PW+zbR210lt8jutMdP+Ues6ZVSzfOE77tfFyUGT3uyhR9vU0Ee//KtdR8/LYrFqk99pbfI7fcO2lUv5auTAVnokgzV/rzVhTvLo33yuThp0g1Het2JY78ZavPGIEpMs+mH+dn30fDvbvl+X79XZS+E6eylcO4+eu+3p1QEAAAAAAADgbiIABgDl3imgU5nNJo0e1FoDO9XR73/v07o9/jp6JljbD5+Vi5ODShby1OCu9fRom+pqVrNUtp23aY2S2v3Li/pjpZ9WbP1PUxbvVGhkrFycHFTIJ59qliukySN7qkvTSrK3M9+VAFhKXg/4rf4tNLRnA81fd1gb9vrL70SgQiJiFBEdLw83J+X3cFXNcoXUqm5ZPdKqqjzzOd/SOVrXLaPWdcvozKUwrdvjr437kkcTXw6PUUh4jJwc7ZXfw0WFfPKpSfWSatugnJrXLHXHo05zmtls0pSRvdTkuZ8UFhmrZz5ZqA0/DJGLk0O29N+mXlm1qVdWe/+7oGWbj2nH4XM6duayQiNjFZ+QZDuubDEf9WpZVZ2aVFTDqsVv2q/f8UDbNN8DOtS65ec7M42rl1D9ysW06+h5/fLXHr3Zv4Wt774P19DqnSdUsUQB1a1YNFvOBwAAAAAAAADZzWTcZMG/6Ogbr9cHAHnB5MU79cbEFXr36Yf0Zv8WOV0O8ECYscpPL3y+WFLyqO2Fn/ZX/crFbthm9Y4TalOv7H0fvAMAAAAAAACAm1vmM3lGRERIkvbt25fl/mrXri1J4renACApMSl56ufcOAU0kFf1b19L37/RXWazSeFRcer+1h+atXp/psdPXrxTfd6ZpdE/rrqHVQIAAAAAAADA/YUpoAFAUmLKGsCpfwO4NwZ0rK38ni4a8skiRcXE6/nPFum3FXs1uGs9VS9bUIYh7T8ZqOl/7dGWA2ckKdumewYAAAAAAACAvIgAGAAkJdgCYEYAA/da5yaVtP77Z/TS+GXaevCMNu8/rc37T6c7ztXZQR8MeVhDezbMgSoBAAAAAAAA4P5AAAwAkpJSAuCExKQcrgR4MFUoUUArJzyl1TtOaPaa/dp26KwuXo6Um4ujShX2UucmFTWgYx2VKOSZ06UCAAAAAAAAQK5mMgzDuNEB0dHR96oWAMgxl8OiFRIeI28PVxX0znzRdQAAAAAAAAAAgOzg5pZ5HhERESFJ2rdvX5b7q127tiRGAAOAJKmAl5sKeBH8AgAAAAAAAACA+5s5pwsAAAAAAAAAAAAAAGQPAmAAAAAAAAAAAAAAyCMIgAEAAAAAAAAAAAAgjyAABgAAAAAAAAAAAIA8ggAYAAAAAAAAAAAAAPIIAmAAAAAAAAAAAAAAyCMIgAEAAAAAAAAAAAAgjyAABgAAAAAAAAAAAIA8ggAYAAAAAAAAAAAAAPIIAmAAAAAAAAAAAAAAyCMIgAEAAAAAAAAAAAAgjyAABgAAAAAAAAAAAIA8ggAYAAAAAAAAAAAAAPIIAmAAeABZrUZOl3BDp85fydJxl8OiFR4Vd5erAQAAAAAAAADg/kEADAAPCKvV0KhJK1W8x+fy7fyxomMTcrqkDG30C1Drl6YpNCL2psfuOnpBD700TZfDou9BZQAAAAAAAAAA5H72OV0AAOSkAWP+1OKNRzLc9/4zbTTiieb3uKK7Z87aA/p+/na9+/RDqle5mNxcHHO6pHQuXYnSwA/n6YuXOsrbw+Wmx3dsXEF/bTmqZz5eqMWfP3nL52v63E+qWb6wfnyrx+2Ua+N/IVS//71XizYc0Z7pw+6oL9x7cfFJKtjlY33xUic937NBTpcDAAAAAAAAAHeEABjAA694QU+Nf7lTuu2VShbIgWrunk1+AapS2ldv9m+R06Vkauwv/6pq6YLq+3CNLLf5cEhbVXvyWy3acFg9W1a9i9Wl53c8UP+bvFrr9/rLbDbJ2ZFvq9ml0uNfq2eLKvpsWMdbajfkk4U67B+kLZOfv0uVAQAAAAAAAEDuxm+qATzw8rk4qlOTilk61jCS1841mUx3s6QsudVaQiPjlN/T9W6WlCUWi1V2dulXIAgOi9aMVX6aN+6JW+rP28NF/dvX1Nezt9zzAHjv8Qvy8XDRgk/6a/uhs5o4b+s9PX+qzK4pAAAAAAAAAODBQwAMADdRrs94tW9UXgEXw7Tt0Fmt/36IapYvLL/jgRr94yrtOnpePh4uer5nQ73Wt6mt3fGzlzX6x9XaevCsHB3Malu/vD56vp0Kertlep6+bWvoXFCENvoFyGoY6t++lsY+29YW7mVWy97/Lui9KWu188g5uTg5qGfLqhozpI083Jxt09um8mj7oV7o1VCfDesoi8Wqz2ds1PTlexQaGasm1Upq/CudVL54ftvx383bpilLdiowJEplinrrjX4t1Oeharb9wWHReufH1Vq547jiE5LUolZpjXu+nSqmjKA+djpYDZ6ZpLf6t9D8dYcUEhGrMwvfTPf4F6w7LGdHe7WoVTrN9jU7T+qzPzbI78RFubs4qV3D8vp4aDv5eFwNs7u3qKKfFu3Uf2cu2857vSsRMXr9m+X6e9txubk46Jmu9W0heqqsXI9rPdW5rp7qXFeStPPIuQyPycjkxTv148IdOhccrnJFffTWky3Vq1VyeP39/O0aNWmlrqz8n+xTnvcdh8+p7Ss/a823g9WwanE9NXaezlwKV+VSvpq37qDeH/ywhvVulKXX3Lx/D2n8zI06fi5ERQt4aEj3+nq5T2PbjQQR0XH6YNo/WrLxiGLjk1SnYhGNfa6t6lQsmunjudF7IfX5nzb6Ef35zwGt2+uvAp5uGv54Mw3pXj9dXz8t2qk3v1shSZq0cIcmLdyhvb++pHLFfJRkseqLGRv1+9/7FBQapaqlC+p/Tz+k9g3L67B/kBo/+6OtH4+2H+rb4V31VOe6ioyJ14c//6PFG48qNDJW5Yv5aNTAVureokqWnzMAAAAAAAAAuF8wXAjAA8+QFBUTn+ZPbHximmNmrPRTrfKFNW30IypR0FPHz15Wx+HT5eRop+n/661Bnevqg2lrNXnxTklSYpJFPUfOUFhUnKaO6qVxz7fXv3tO6ckxc29Yy5Qlu9SqTmktHz9II55orkkLd2j87M03rOVIQLA6vD5dJpM0dVQvvTOotRasP6S+786R1WrIydFO26YMVcvapVWnYlFtmzJUw1PWNn79m+X6Zu4Wvf54M/08+hGFRsaqx9t/KCYu+fH/vGy3/jd5tQZ3raeZYx5T3YpFNXjcfP2z+5QkKTY+UZ2G/6otB8/osxc76Ic3e+h8cIQ6vD5dgSGRaer+cdFOPdWlrr4b3jXDx77lwGk1rFJcjg52tm07j5xT79EzVbW0r+aN66cvXuqoLQfO6LUJy9O0bVC5uMxmk7YePJvptX3+s8Vauf24Rg1spfEvd9aOw+d0yD8ozTE3ux7Z4ds/t+rN7/5Wz5ZVNOP9x9SydmkNGjtPq3acuKV+dh09r6DQKH0/orva1i+bpdfc73/v0+Bx89WkeknN+OAx9Xmomt6dvEYfTV9nO+a1CX9p6aajGje0vaaO6qW4hCT1HDlDwWHRGdZxs/dCqpe/Wqo6FYtqysheqlGukIZ/u1xHAoLT9fdom2raNmWofL3c1PfhGto2ZahKFPSUJA37com+nrNZQ3s11G/v9VHpIt569J1ZWrPzpMoV89G2KUPVsXEFVShRQNumDFWP5skB7+BxC7Rs8zGNfa6tFnzST63qlNGgj+brwMlLt3TNAQAAAAAAAOB+wAhgAA+8Y6eDVbT7Z2m2Na9VSsvHD7J9/mib6vr0xQ62z0dMXC5vdxfNGtNXTo726tSkos4FhWvin1v1XI8GOn42RGcvhevrV7uofcPykiSvfM6atHC7omLilc/VKcNaBnSsrWe6JY+KrFLaV/4XQvXD/O0a8Xgz2yjg62t55etl8vVy0/yP+8nBPjk8LVvMRz3f/kMrtv2nLk0rqWqZgnJ3dZLVMFS1TEFJ0n9nLmv68j0a/0onPdu9gSSpZvnCqvHkRC3acFj92tfSv7tPqU7Fonr1seTRnA/XL6fouASdOBeiNvXK6rcV+3T8bIh2TB2qSqV8JUmtapdWjQET9c3cLfrkhat1jn2urZ7uUjfT5+Gwf5AaVSuRZlshn3ya/3E/talXVmZz8gjViyFR+vDnf2S1GrZtzk72KlHQU4f9Mw70Dpy8pJXbj+u7Ed00sFMdSVLXZpVUc8BE2zFZuR53KjHJoi9mbNTzPRrovcFtJEntGpbXifNXNG3pLttrJSuKF/TUnLGP214Xh/2Dbviac3Fy0AdT16rPQ9X01audJUkdGlWQJE2Ys0VDezaUr7eb/tntr4GdatvWYa5RrpBe+GKJTpwLka9X+tHrn/y2/obvhVSvPtZUowa2kiS1rlNGJXp+rk37k9elvpaPh6t8PFxlb2+Wj4eL7fV62D9Is1bv14TXumhw13qSpE6NK6rD69P1wbS12vTjc6papqA83Jzl5GBnaydJw3o3VvGCHraR3C1qldaMVX5avfOEapQrlOVrDgAAAAAAAAD3AwJgAA+8UoW99NPbPdNs88znnObzwj750nz+7x5/9WpVVYYhxcUnSZIaVy+h31bsVUh4jEoV9lJBbzeN/eUfRcUm6KE6ZdSpScWbrjXs4pj2y3K7huU0bekuXbgcqRKFPDOsZd1efw3oWNsW/kpSm3pl5evlpg17/dWlaaUMz7Vur78kqUvTSrbHUNArn0oX8dKeYxfUr30tNaxWQksnr9aYaf+oZ8uqqlm+kH59t4+tj/V7/VWzfCFb+CtJ+T1d1b5BOa3fG3DDa3i9kIiYdMeULOSliOh4DR43X/tPXlJwWLTiE5MUF5+khESLnJ2uXi8vd2ddiYjNsO+9/12QJPW4ZspfB3s7ebu73NL1uFMHT11SeFScOl73OvjxzR6Kjku4pb4KeLqmWff3Zq+5AynXr0+b6mn66ftwDX05c5O2HTqrbs0rq1G14vpj5T4VL+ipjo0rqGQhLy39YkCmddzsvZCqdoUito898znL1dlBl8Ni0vWXmdTn59Fr6jeZTHqsTQ0N/3a5QiNi5e3hkmHbpjVKasqSXXru00U6HRim+ESLIqLjFB4Zl+XzAwAAAAAAAMD9ggAYwAPPxclBTWuUzPLxhmEoJDxGU5fs0tQlu9LtD42MVfni+bX6m8H65Lf1em3CX4qIjtNDdcvqo+fbqdo1IxNvJjWgDAqNsgXA17JYrAqPilPh/O7p9hXyyZdpICrJFs5VfnxCho9Bkl7q3Uj5XBw1bekujZ+1SYV88un5ng31et+msrMz63J4tIpkcu5th7K+Jq4kJVmMNIGmlDy9cLtXf1HnJhX13YhuKpLfXX/+e1Af/fJvuvaO9vaKT0zKsO+g0Gg5OdqnC/avlZXrcadCUwLH60fS+nq7yVcZrw2dVW4ujjd8zV0OT57C+frnq1BK6J76Wpk2qpfGz9qsb+Zu0RsTV6hamYKZrpeblfdCdgkJj5Gbi6Pcrxs9n1p/aGTmAfAbE1do2ZajGvtcO9WtWFSuzg5qPWxqttUGAAAAAAAAALkJATAA3CKTySRXZwc92qa6BnSsk25/cd/koLZMUW9NHtlTVquhnUfO6X+T16jLiN908I+XM50C+nqBIVGSkgPCjNjZmeXu6qSQDEZSBl6JVMvapTPt29XZQXZ2Zi0fP1B25rTBa35PV9tjfbpLXT3dpa6CQ6M195+D+t/k1ZKkN/o1l4+7q4JCozI4d5Tye2YcxmXG3dUx3Vq7c9YckLurk6aO6iWTKXm6Zx/3jPsNiYjJNFwv5JNP8QlJik9IkpNjxt/6snI97pSnW/Lzfu3I2OulPEwZhnHL/d/oNefjnvwYrh91G3gl+flLfb7yuTrp/Wfa6P1n2ujEuRBNmLNFT475UysnPKUm1dPeKJGV98LpwNBbfhwZ8XZ3UXRsgmLjE+Xi5HBN/clrTftkEv7GJyTp95X79OVLHdX/mlHc5tQLDQAAAAAAAAB5jPnmhwAArte0RkkdOhWk+pWLqWHV4mpYtbjqVy6mskW95exkr5mr/NRg8A+KjImX2WxSo2ol9Ea/5roSEaMzl8Iz7TciJj7N58s2H1V+T1cVK+CRaZsWtUpr6eajslistm0b/QJ0OSxGLW4QADetUVIWi1UR0fG2x9CwanGVLuKtcsV8JEmth03VV7M3S0oOoYf1bqRa5QvL7/hFSclrJe89flEBF6+GfOFRcVqz8+QNw+eMlCrspXNBaa9NaGSsTCbp2ix0z7ELGbYPDo1WycJeGe6rV6mopOTpilMZhqGo2KvTLmfletypamUKKZ+rk1btOJ5m+/Bvl2vgh/MkXR3Rej44wrY/MCTypn3f7DVXtYyv8nu6atGGw2naLVx/WHZ2ZjWpXlLHTger3tM/aMO+5Om7yxfPr8+HdZQk7T+R8frKN3sv3C6zyZTmeW9RK/n1tGjDkXT11yxfWF4pNwYkt7vaMDImXhaL1XYDgSSdPH9FYVFM/wwAAAAAAAAgb2IEMIAHXnRcglbvOJFue6nCXqpYskCGbUYPaq0Or03XE+/P0dNd6slkkn5cuEMR0fFaO3GwmtcqpRETV2jAmD81rHdjJVms+nLmJhUt4KEKJfJnWssfK/1UzNdTTaqX0JqdJ/XnPwf13uA26aZGTltLKz38ys/q++5sDeneQMFh0Xp/6ho1rVFSnRpnvuZwgyrF1bVZZT376SKNHNBSNcoV0oGTlzT2l3/127t91K5heTWoUkyf/b5Brs4OqlamoHYeOS+/E4Hq3yF5JOVTneto6tJdemTUTL3zVGs52tvpq9mb5ehgp1cfa5rpuTNSr1Ix/b09bTDarmEFTVmyS0M/X6y2Dcrp723/ad6/hyRJUbHxtoDx+NnLioyJV/3KxTLsu2qZgurUpKJe/+YvSV1UspCnfly4QwEXQ23Tf2fletwpZyd7vda3qT75bb3cXZ3UpHpJbfIL0LSlu/Xbe8lrKzetXlJOjvZ6bcJferprPZ0LitAXMzbetO+bveYc7O30zqDWGv7tcnnmc1bbBuW188g5fT5jo4Y/3kz5PV3l7e4iJwc7vfL1Mv3vqYfk6+Wq2Wv2y87OrGY1M54m/WbvhdtVopCn1u3115KNR9SqThnVqlBYj7SqqhETVyg8Ok7li+XX3LUHtHn/Gc3/uF+ados2HtbctQdUt1JRlS+eX3UqFtXHv66TYRiKT7RowpwtSkyyKCo2/gYVAAAAAAAAAMD9iQAYwAPv7KVw9R49M932l/s01rih7TNsU79yMS37coDGTPtHAz78Uy5ODnq4Xll9/0Y3SVLJQl5a+sUAvTdljZ4c86ecHO3VuFpxff9GNznY22Vay6MPVdehU5c0Yc5mOTrY66U+jfV63xsHqTXLF9ayLwbovSlr9eSYufJ0c1avllU1ZsjDMptvPM3tL+88oo+mr9OEOVsUEh6jskW99dmLHWxh57jn28vd1UnfzNmi4LBolSjoqQ+eaaNnuzeQlDxd8PLxAzV60iq98tUySckjNaeM7JnhusQ30qVpJX0zd4vOB0eomG/yiOeOjSvos2EdNfHPrVq08bAeqltWk0f21FezNuvMpXAVSFlLd/3eAHl7uGQaUkrSpDe767UJf2nQ2Hny8XBRn4eqq3H1Erd0PbLDW/1byNXJQZMX79SXMzepQon8+uV/vdUjZY3dIgXcNWVkT42Z9o8Gj1ugSiUL6M3+LTRq0sob9puV19yQ7vXl5Givb+Zu0U+LdqpEIU+Ne76dXnykkSTJbDZpwSf99L/JazRi4nLFxSepSmlfzRrTV9XLFsrwvDd7L9yudwa11vOfLdaLXy7Vuu+fkWc+Z00e2UsfTf9X42duUlhUnKqXLaT5H/dT2wblbO2e6VZPa3ae1MtfLdPXr3ZW+eL59eu7vTX82+V656fVyu/pqrf6t9BGvwDFxme8ZjQAAAAAAAAA3M9Mxk0WGYyOjr5XtQDAA61cn/F6vG2NTEPnB0HjZ39UjxZVNGpgq1tq1/H16apbqag+foCvHQAAAAAAAADg/uLm5pbpvoiI5GUC9+3bl+X+ateuLYk1gAEAuchHz7XT9/O3Kyg06zcf/bP7lA75B2nEE83vYmUAAAAAAAAAANwfCIABALlG2wbl1K9dTQ0aO0/xCTefntf/Qqhe+GKxJr3ZXfk9Xe9BhQAAAAAAAAAA5G6sAQwAucTJeSNyuoRc4ZMX2uuT39brxgsUJAu8EqlPXuigrs0q3/3CAAAAAAAAAAC4D7AGMAAAAAAAAAAAAADcY6wBDAAAAAAAAAAAAAC4IQJgAAAAAAAAAAAAAMgjbroG8I2GHgMAAAAAAAAAAAAAcg9GAAMAAAAAAAAAAABAHkEADAAAAAAAAAAAAAB5BAEwAAAAAAAAAAAAAOQRBMAAAAAAAAAAAAAAkEcQAAMAAAAAAAAAAABAHkEADAAAAAAAAAAAAAB5BAEwAAAAAAAAAAAAAOQRBMAAAAAAAAAAAAAAkEcQAAMAAAAAAAAAAABAHkEADAAAAAAAAAAAAAB5BAEwAAAAAAAAAAAAAOQRBMAAAAAAAAAAAAAAkEcQAAMAAAAAAAAAAABAHkEADAAAAAAAAAAAAAB5BAEwAAAAAAAAAAAAAOQRBMAAAAAAAAAAAAAAkEcQAAMAAAAAAAAAAABAHkEADAAAAAAAAAAAAAB5BAEwAAAAAAAAAAAAAOQRBMAAAAAAAAAAAAAAkEcQAAMAAAAAAAAAAABAHkEADAAAAAAAAAAAAAB5BAEwAAAAAAAAAAAAAOQRBMAAAAAAAAAAAAAAkEcQAAMAAAAAAAAAAABAHkEADAAAAAAAAAAAAAB5BAEwAAAAAAAAAAAAAOQRBMAAAAAAAAAAAAAAkEcQAAMAAAAAAAAAAABAHkEADAAAAAAAAAAAAAB5BAEwAAAAAAAAAAAAAOQRBMAAAAAAAAAAAAAAkEcQAAMAAAAAAAAAAABAHmGf0wUAwP3OYrHIYrHIMAwZhiGr1SrDMHK6LAD3GZPJJLPZLJPJJJPJJDs7O9nZ2eV0WdkqJjZO8QmJSkhMSv7aabXKYuFrJgAAAAA8yJJ/BjbLzmyWnZ2dHB3s5eToIFcX55wuDQDuWwTAAHCLDMNQUlKSLfgFgOxgGEaarymJiYmSZAuC7e3tZTKZcqq82xYZHaOY2HjFxMYpn6uLXF0c5eRoL/N9+FiA+4mzM78sAwAAwP3BmnJzcPJNwsk3C0dExejS5VC5ujjL1dlJ7vlcc7pMALivEAADwC1ISEiwhTIAcC+k3mySkJAgBwcHOTg43BdBcERktK6ER8ozn6vc3Zzlmc8lp0sCAAAAAORCZrNZZrNZDtds88jnJsMwFBMbp+iYOIWERcjHy10e+dxyrE4AuJ8QAANAFhD8AsgNEhMTlZiYKAcHBzk6OuZ0ORmKionVlbAIeeRzVeECXjldDgAAAADgPmUymeTm6iI3VxdZrVZdCYvU2QtB8vZyVz5XbjIGgBshAAaAGzAMQ7GxsaxPCSBXSUxMVFJSklxcXHLVaOBLl6/Iwc5OBX08c7oUAAAAAEAeYjablCDpSwAAIABJREFUVcDHU4lJSQoNi1RMTJwKFvDO6bIAINcy53QBAJBbWSwWxcTEEP4CyJUMw1BMTIysVmtOlyKr1aqzF4Lk7uYiVxennC4HAAAAAJBHOdjbq2ABb7m5OuvsxSBZ+b0dAGSIABgAMpCUlKS4uLicLgMAbio2NlZJSUk5dv7ExCSdvRgk3/yeMuei0cgAAAAAgLzLzdVFhQv46My5QCXm4M/EAJBbEQADwHWSkpIUHx+f02UAQJbFx8fnSAicmJikK2ERKlzAW+KuawAAAADAPeTgYK/SJYro8pVwQmAAuA4BMABcw2q1Ev4CuC/Fx8ff0+mgrVarLgRdlpeHG1PlAwAAAAByTJGC+XX+YjDTQQPANQiAASCFYRiKjY3N6TIA4LbFxsbeszD2fOBlFSrgTfgLAAAAAMhxxQr76nxgcE6XAQC5BgEwAKRgzV8AecG9+Fp26XKo8nt7MO0zAAAAACBXcHCwl4+nu4Iuh+Z0KQCQKxAAA4CkhISEezp1KgDcLVarVQkJCXet/6iYWNmbzTKb7topAAAAAAC4ZW6uLjIkRccwwx8AEAADeOAZhqHExMScLgMAss3d/Jp2JSxCbq7Od61/AAAAAABul4+Xu66EReZ0GQCQ4wiAATzwCH8B5EV3YxRwRGS03N1cJTH1MwAAAAAg93Gwt5eLs6MiomJyuhQAyFEEwAAeaIz+BZBXJSYmysjmNXqvhEfKxckhW/sEAAAAACA7eXt5KDQsIqfLAIAcRQAM4IFmsVhyugQAuGuy82tcZHSMvNzdsq0/AAAAAADuBjuzWS4uToqKZi1gAA8uAmAAD7SkpKScLgEA7prs/BoXExsvR0f7bOsPAAAAAIC7xdXFWTGxcTldBgDkGAJgAA80RgADyMuy82tcTGyczCZTtvUHAAAAAMDdQgAM4EFHAAzggcXoXwAPguwIgWNi45TP1SUbqgHuN0byn5S/rm41lNEK24btv5RmRubHAgAAALh7zCaTnJwcFRsXn9OlAECOIAAG8MCyWq05XQIA3HXZEQDHJSTK1cUpG6oB7i/J4a1VZsNOJkOSYZYMq6wmqwzDJF37RyYZMinJbJUhs0yGnSSzrErNj4mBAQAAgHvJzdVZcfEJOV0GAOQIFnID8MAyDH4RCyDvy46vdYmJSXJh/V88iFKCXYspUTJZJMMss6yyt9gnh7qm9DeTOSbZySSLDFOSTLKT2TDJNnm6yZDEVOoAAADAvWA2mxUXRwAM4MHEb/IAPLAYAQzgQZAdX+ssFotMrP+LB1BqdGuYTCmjf+1kMVtlkmQyrDLpuveXYZLVZKcksyHJTnbW5DHAVlNqbybiXwAAAOAesTObZeH3fwAeUATAAB5YjAAG8CDIjq91/MCMB5ZJktUkO0kmJclQkgyrWVZzogyTvdL9OGUyZFKi7I3kKaBNVosMk0lWk5m1dwAAAIB7zN7OTknZsCwSANyPCIABPLAIgAE8CLIlALYQAOPBZBiSTCYlWJJ0PtaqyHiT7K1Sktksk2GV2UiSUtb2TR3ZazKM5LDYsJPVJDnbGyrqbZadyWAkPQAAAHAP2dmZ+XkWwAOLABgAAAA3xA0zeHAZMhlJCk8wa9q6OK07ZsjeYlaSOUmG7GSyKjklTnmLGIYhGSaZZJHVai87w6qqBcL1/sCiKuRG+AsAAADcS2azmZ9nATywCIABII+Kjk1QQGCYwiJjFROXKJPJpGK+7ipZyEtuLo6ZtjlzKUzngyNlGIZcnR3k5e6iMkW85erscI8fAQAAOc8wmWQxzDoV6qxdFx0li1mSIcMwy2RIhjUlADZMV8NgQ5JVMssiI9FQYkobAAAAAACAe4EAGADyiEP+QVq3x1/bDp7RrqPndT44IsPj7O3MeqheWQ3oWFs9W1aVJC1cf1h/rNynf3efUlImU+MU8/VQ/crF1Lh6SbWuW0bVyhS8a48FAIBcwTZls0mG2STDJMnOlBz2Wk0yZEjm5I9lUkrwa6S0MySZZE3tgwHAAAAAAADgHiEABoD72JlLYfrzn4Oau/aAjgQEp9tvNpvk4eYsR3uz4hMtCo+KU5LFqtU7Tmj1jhNq26CcDENau+tkmnae+Zzl5GCnhCSrIqLjZLUaOh8cofPBEVq88YgkqUppXz32cA092qa6ShbyuiePFwCAHGG69u/kYFdmXR31m7pZSg6EjdRjTclhMOEvAAAAAAC4hwiAAeA+9cIXizVjpV+abZVKFlC7huXVsGpxVS9bSKWLeMvezmzbHxYZq60Hz+r3v/dp2eajWrPzavDbtVllDehYW02ql5CXu4tte5LFqoCLoTp46pJ2HD6n1TtO6NiZyzoSEKwx0/7RmGn/qH+HWpr0Zo+7/6ABAMgpZtPVcNcqSalr/6aEwddPoJE6CtiUvMuWCQMAAAAAANxlBMAAcJ+auWq/JKmQTz4N7FRHT7SrqfLF89+wjZe7izo1qahOTSpq9pr9eu7TRZKkKaN6qe/DNTJsY29nVvni+VW+eH71bFlVHw9trxPnQjRr9X79tmKvLl2J0sxV+3N9AGyxWNXvg7nasC9A7w1uoxd6NczpkgAA9xmTSTJkksxG8rTPZiVP+SxdEwKnTvmcsp3UF8BdsnLbfxrwwSwVL+ipld88K19vtzvuc9H6Q+o98jeZzSYlbv40G6rMXQIuhqrcI8mPa/evr6p2xaI5XBEAAABwdxAAA8B9ykiZcnLSmz3UtkG5W27frkF528dt699a+/LF8+vdpx9Sk+ol9cioGbZassNnf2zQuOnr1KhaCa2a8JRMpqz/5jwh0aKGQybp1PkrmvRWD/VvX8u279iZy1qx9T9J0tQluwiAAQC3xqSUaZ9T/shIDnxTRwXbguGU41O3m+/PKaCLdB6roNCoW2qTVwMjILeauni7QsJjFBIeo7W7TujxdrVu3gi53o7DZzXz7736Z/cJnQ+OUFRMvHy986lBleIa0qORujSrfMP2q3cc16T5W7X1wGmFRMTIx8NFTaqX0ot9mqpdwwoZtjEMQ4vWH9KCdQe17eBpBYZEymoYKubrqVZ1yuqVvs1Vo1zhdO2iYxP024rdWrrxsA6duqSg0Cg5OtirXDEfdW5aWa/2bXHDGxOOnQ7W17M2aPWO4zoXFC4XJwfVqlBEAzrX01Nd6qeZzSorDp26pEaDJyo2PlGfDOukt55sbdv3+tdL9O3czenaDO7WQFNG90mzbcXWY+o6/Oebnm/t98+pdd1b+1n6Vp/fP/7eo0Fj5mSp7/aNKmrFhGckSRX6fKZT569kqd3mKcPUuHrJ267x2Y/n6eelO7N0rnEvdNTIgQ+l2754wyHNWrVP2w+dUVBolEwyqZBPPjWtWVr9O9RRxyaVMuzvTt8v13vqwzn6fcUeFfP11N7fX1N+T1dJV2+OuV7ZYj46Pu/tWzoHAAD3CgEwACBX2n7orGavOaAn2tXMcpvvF2yz/ZB7fShdoUR+taxdWlsOnNGgznWytVYAQN5nsv0v5QOTkgPf1CmhDePqdqV8bk6Z+tm4LzPg+4JDs5GyWg3NGfek+rTJeDYTIK96slNdrdz+n4oX9FSbW7yhE7lPdGyCnvtknmav9ku37+LlCC3ZeFhLNh7WoC71NHX0ozKb035nsVoNDZ+wVBP/TBtyBodG29q+/GgzffVatzRt/zsTrCffn63dR8+lO+/JcyE6eS5Evy7frYkjeuj5Xo1t+/7afFTPfTJPgSGRadokJFrkd/yi/I5f1ORF27Xsq8FqWLVEur5nrdqnp8fOVWKSxbYtMiZem/wCtMkvQL8v361Fnz8lbw+XdG0zEhUTr0dH/67Y+ER1blpZb/ZvlaV2Gbl4OeK222bmTp/frHB3dbqt2vK5OOZYjTFxieoz6jet3PZfumMDLoYq4GKoZq7cq0daV9eMD/vJ0cHurtU6dckO/b5ij+zszJr9UX9b+AsAwP2KABgAkGu9N2WNujWrpHxZ+EE2KDRaX8zYlOl+B3s7LftyoAzDuKVRxQCAB1fKKr7JzMl/zNZrZno2pSzwmzo62GqkbSzJpOybJeNe2vPbq7JY09YecDFUrYZOkiTN+2SAGlz3C32+vQL3Vo+W1RS+9kP+bZtHDPtioS3M6tmqmh55qIbKFcsvi9WqIwFB+mb2Jh32v6Rf/9qt2hWL6ZXHmqVp/+bEZbbwt1OTShrSo5FKFPLU2UvhmrJ4u/7eekwT/9wsOzuTxr/aTZKUmGRR1xG/6OS5EDk72Wtw1wZq37iiihbwUFhknLYfOqMJszcqJDxGw75YpIZVS6pOpaL670ywHnn7VyVZrCpSwEPP9WykZjVLy9vDRYEhkVq++aimLtmhkPAY9Rn5u47OfVOuzg62WhetP6Qn358lSapSuqCG92upmuWLKCI6TgvXHdSPC7dpk1+AOr42VVumDJNdFkYCP//pfB07HaziBT316/t9070vPni2vUZcEwr3Hvmbdh1JH3pL0oWUALhpzVKaNbZ/puf09cr6tOu3+/w+0rrGDUcZv/rVYi1af0gFvNz05Stdbds3/vSikizWDNscPR2kbiN+UUKiRW892VrVU0Z3326Nn7/URe8PaZfhuWLiEtT59Z/lf+GKmtUsred6Nkqz/+3v/rKFv8P6NNULvZuoXLH8sloNHTsTrB/mbdHUJTu0YN1BfThttT4a2vGOas2M3/GLemX8YknSxy90VNOapdLs79i4kk4vHm37/Ms/1qe72QIAgNyGABgAkGtduhKlz2ds1IfPtr3psR9MXauomHjb55nNSs0vyAAAt8V03d+p00GbdHV48DUjgk3ma467DxUp4JFuW1xCku1jX+98Kl7Q816WBCAD/Ns27xj/ajcFhkTqtcdbpJvutlnN0nqiXW01GjxRRwKCNG3JjjSB1q4j5/TNnOQw6q0nW+uTYZ1s++pVLq6erarprYl/afzMDfpmzmY90b6O6lcpLgd7O83+qL+GT1iqn//3mMoW80lz3ocblFfPVtXU4OlvFRefpOl/7VSdSj1UsaSvpozuo6UbD2v6e33lljKCNFXnppVVr0pxDRn3p84Hh+vvbcf0SOvqkpJH+b48fpEkqWWdMlrx9RA5O1399WSb+uXVrlFFPfJ2ckD77dzNev2JFje8dj/M36rZq/1kb2fWnHFPyscj/chNz3zO8sznbPs8dSRpRgIvJ49qLlXYO9u+193u8+vq7CBX54xr+GH+Vi1af0j2dmb9+fEAlSzsZdtXOL97hm3CImP10heLlJBoUYfGFTXuhY53XKO3h0umI7Wf+N8M+V+4ouIFPTXv0wFysL963Q3D0PS/dkmShj7SWN+O6JGmba0KRfTTqN5ycrTX9/O2aNqSnbYA+E7eL9eLiI7To6N/V3xCkro2r6IR/VqmO8bZyT7Na8Hd7fZGWwMAcC8RAAMAciVHBzslJFr0/fztGtCxtiqUKJDpsXv/u6AZq5J/4DeZTGmmEbtW0+d+0sFTl/TOU6319pNpf6hbveOEfvlrj3YeOaeQ8Bg5OdqrREFPNaxaXL1aVdXDtzit3ia/0/p1+R7tPHpeFy5HyM3ZUZVL+arPQ9U0qHPdNOtZ7T8RqOZDJ0uSDvzxikpd84P7tcb+8q++mLFRtSsU0YZJz2b42L4d3lU9W1TRxHnbtGzzUZ0NipD/vBFyckz+ln8kIEg/LNiuDfsCdOFypAzDUOH87qpToYg6NqmoPq2r2Y5NlZhk0bx/D2nWaj8dPX1ZoZGxKuyTT/UqFdXTXeupVZ0yGdZ7JSJGP8zfrhXb/tOpC6GKT0iSt7uLqpUtqDb1yql/h1q3dNc8AOQUI/X/ZqWM+DVkspplpG4zKXn0b+pAmzRTRSdPC23owZoGOiYuUdP/2qUZf+/R8bOXFRufqJKFvdW1WRW90LuJShfxzrDd31uPafKi7dp+6Iwuh0XLydFepQp7q3H1knr04Zpq36iiTpwLUaVHP0/Tru87f9g+dnSwU+yGj2+r7tCIWE3/a5f+XLtfJ8+HKCo2XkULeKhdw4p6sXcT2yipVL3e+lVLNh7WwM719Mu7j2XYZ5LFKqfmoyRJi794Sl2bV7HtS11TsKivh84ueUcrt/2nHxds1Y7DZzW4WwONfb6DrY9pS3Zo1qp9OnAyUBHRcXJ3dVKlkr5qVbesnuxYN11tUvL6mj8t3KaV2//T2UthcnSwU9mi+dXn4Rp6plvDO5ress6ACdp/4qJ+GtVbvVvX0PiZ67V4w2H5X7giJ0d7lS3qo0fb1tSz3RtlGAykrsfZr0Md/fpeX01etF0zVu7R0YBg/THmCXVoXDHN8YvWH9LUxdu1/0SgLodHq0h+dzWtWVov9m6iJjVKpetfytrr6Xrng8P144JtWrzhkAIuhsrRwU7lixdQ37a1NKRHwwynWL32sUwd3Uc/LtymuWv8dPR0sKJjE1S8oKc6N62stwe2VjHfzMOkJItVf67dr99X7Latp+rrlU8NqiavZdnpupAj9fWT0frb0bEJmrlqn5ZtOqw9x84rODQ65fn3UfcWVfX6Ey2zPLXurbj2Wvzy7mOasni7Zq7cq0OnLikh0aKShb3UoVFFvdC7iSqW9M2wj73HLujXv3Zp/d5TCrgYqpi4BOX3dFWjaiVvuI6tdHUt25+X7pTf8YsKDotSQe98atuggt4a0Drdv3OvldX347XH3+pr8kbye7rq72+GZLrfzcVRj7WtpTFTV+vU+ZA0+ybM3ijDMFSldEF9NLRDhu0/frGTlm46ov/OBGvC7I36Y8wTkqS6lYpp3aShmZ63aplCalStpNbvOZVmTdmBnetpYOd6mbZ7smMdvfj5AiUkWtLUO3u1ny4ER8jB3k7T3+ubJvxN1b1FVT3VpZ5+WbZLX83aoNceb57pzQ67j57TiG+WSpI+HdY5zVq2t+tiSPII4MxC1NtxJ89vRjbs9dfrXy+RJH39ene1zORnsmtZrYb6vz9Lx89eVvni+TXzw35ppkbO7ho/nv6P5q7dL2cney34bKAKeudLsz8yJl4xcYmSpFY3GOXcrFZpfT9vi4JCo2SxWGVnZ87WWoeMm6eT50JUsrCXpr+bfvQ4AAD3KwJgAECuVLaoj8oW9dHyrcc0ctIqzf+4X6bHvv3DShmGoaG9Gmnmqv26EhGTbg3gGxn94yp9N29bmm1JsQk6ejpYR08H67cVe/Xvd8+oXuViN+0rPiFJb3y3Qr8u35tme1x8kjbvP63N+0/r97/3ad64J1TgLoSfFy9HqslzP+l88NV1q1IvxaINhzV43IJ0U4GdCQzTmcAwLd54RJfDovXqY02v7rsUpkFj52v30fNp2pwODNPpwDAtWH9Y/TvU0tevdEnzy5v/zlxWlzd+06UrUWnaBYdFa90ef63b46/N+0/rz3FPZNdDB4C7KzXITRn5m/y36eq0z2al7DAkmWVYjft2+uc7dex0sHqP/E1HAoLSbD8aEKSjAUGatGCrpozuo75ta6XZ/8a3y/T1rI1ptiXFJuiw/yUd9r+kn5fu1LZpL6mAl5ttdNeViBhJUj5XJzmmjCrKKEzIio37/NXvvZm6EJx27cdT56/op4Xb9PPSnZr4Rk8926PhbfV/M2N/XqsPpqyyfZ6UlPz9OjY+UR1emarN+wPSHB8eFacdh89qx+GzmrZkp84ueSfNY/9mzia9/d3yNDfGRcdKuyPOaffRc5owa6Nmju13w6lFs+JoQJCqPfGl7Xu+i5ODwqPitOfYee05dl4T527WnI+eTDedZiqLxaouw3/Wqu1X13+89t9xkTHxGjRmjhZvOJSm3bVrQ77Rv5U+HdYpzS/ts/p6unYq86WbDmvQmDkKj4qzbYuOlXYePqudh8/qh/lbNP/TgapZvkiGjyXoSpQaDp6ogycDJSWPzjUMQ/4Xruj7eVs0Z42f1nz3nGpkENafvRSmJ96dqa0HTqfZfj44XOfXh2vR+kN6umt9TRnd56bhxIGTger02rR065gmJll04GSgDpwM1O9/79HGn168ayP5o2Li9dCLP2rL/uTH42BvJ8MwdOx0sI6dDtaPC7dpwuvd06wpKyVPZ/vdn1vS9XfpSpRtTc8Pnm2vdwc/nO6YsMhYDRwzW39tPppm+7mg8OQbUlbuzTQcvV5m70fp9l+T2SH1JlIv96vhfWKSRcu3JD/mp7s1yHS6ZHs7swZ3a6CR3y/XX5uPKiHRcsNRsNdysLNLd96bsTNfrePadovXH5QktW9UQaUKZ3wzkCQ936uxflm2SxeCI7TzyLkM1xEOi4zVY6P/UEKiJeXGhhuPFM6q1O8DhXyyLwDOioye34ycDgzVo6N/V5LFqme6N9CLvZtkqf9RP6zQ31uPyd3VSYu+eOqWns9brXHZpiN6b3Lye2jyqD6qV7l4umM83JxVOL+7AkMitX7PST32cM0M+1qd8v2hYknfLE0Hfiu1fjNnk+b/e8A2evxu3BgDAEBOIQAGAORan7zQXmt3n9TqHSe0Yut/6tQk/SiNuWsPaNvBs/L1ctPIAS01c9X+WzrHlgNnbOHvs93ra2ivhipR0Evh0XE6deGK/vznoELCY7IU/krS8G+X6/e/90mSBnSsrUGd66psUW+FR8dr2eaj+uyPjdpz7ILe/mGlpo1+5JZqzYrxszYpIdGizk0q6ZHWVVWkgLscHewUHZugYV8uVZLFqpa1S+u9wW1UpbSvrFZDpwPDtHL7cS3eeETPdL16F39UTLx6j56lY6eD5ersoBFPNFf35pWV39NVpwPD9Pvf+/Tzst2asTJ57aVJb16dsmvExBW6dCVKJQp56ouXOqpR1RJydXbQmcAw7Tx6Xj8t2qGRA9JPrQUAuYkhyZDp6jTPptStqX+bJPM1IbApZdVgs3H17pv7dAro2xUWGavOr09TwMVQVS9XWOOGdlSzmqXl4uSgQ/6B+nj6P1q0/pAGfDBbxQt6qlnN0pKkTX4BtrDuxd5N9PJjzVSykLfComJ18nyIZq7cq5DwGFtYF7zyfUmSQ7ORsloNTXvnUfVpU+O26z4SEKQuw39WdGyCShXx1v+eflht6peXm7Oj9p+4qM9/X6c1O4/rxc8XqHmt0qpSuuAdXqm0gq5E6YMpq+Tr7aaXHm2mBlVK2GY/GT9zgzbvD5Cjg52+eLmrHmldXfk9XXUxJFKHTl3S5EXb1KpuuTTh789Ld2r4hOQRca3qltVbT7ZW7YpFFZ+YpA17/fXhtNU6df6Kuo34Rdt/fllVyxS67dpTn7cXHmmiEf1bqkxRHyUkJgdSb3y7TP4XrqjriJ+1+9dXVaaoT7r2C9cfVEKiRTXKFdbQR5qoYskCql2xqG3/Ux8mB20FvNz0wbPt1L1FVRXycVfAxVBNXbxdE2Zv0pcz1svH01VvD2gt6dZfT1JyyPvoqD+UmGRRt+ZVNfrpNqpRrrDiE5K05cBpvTPp/+zdd3wT9RvA8c8l3RTKKoWyZJa99x6VVWQqQ1CWA0VBEPgpICCCLEG2LJWNoOy9RXZL2XvTAqUU6ICWlja53x9JrkmbTnCgz/v1CrS57919L7m7pPfc83y3c+ZaCK0H/czJpZ/ZzZ7eHXAVMI1j2b9zPYrlz8mD8Gg2/HGeoTO38DAimndGreTk0s9sAoMxsfH4DfqJ8zdCcXV25IsejenQqBxeObNy+344P20M4Ie1R/h583Fqliuc5k0IRfLlQFVVmtcqSa/W1aldvjA5s7kR8jCKdfvP8fXCXQTdj+CTyetZP7lHet/qDNl44AJgKuc77qMWVDMHf45fusOIudvZE3CNjyetwzOHu1YaGKBQ3hzkzp6FjzvWxq9uaUoUzI3BaOTc9VBGL9zJ/hM3GL1gJ351S1HFJ/H7uaqqvDP6Fy0Q2tOvGh+0r0mx/LkIi4jmt71nmbhkH/+btTXNvqd2PELm9smXZfPBiwDauRPgavBD7aYF6+ftsUyPio7lclCY3ZsRkgqPesbBMzcBUryRw56dx67wPN6QrF8B5nF366TR1yo++XFxdiA2LoFj54PsBoB7jlnNrZBwCufLkWIVhswIeWQqAa3X67gVEo6jg46sbs5ky+KSxpwvxt77m1RMbDzthy7mYUQ0tcsXZtbg9ula9oodJ/lu+X4Aln7dJdOfY+np46VbD+g+aiWqqvL52w3o1rxyim1H9vHl40nrmLv2KAoK77erSbH8OTGqKleDHzJ37VF+3mwqE/31B81eal+PnQ9i6MwtAEz61M/uPiaEEEK8yiQALIQQ4h+riHcOPutUh4nL/uDLuTtpUrWoTdm2mNh4Ri7YA8DX7zclWxYXLNfS0psAfMiclVCiYG6m9G+lPe/i7I5XTndqZ6CE2O8nbmrB3yn9W/J+m+ratNzZszCgUx0aVS7KvPX+jHk/edbCy/A83mC3xPXZ66E8MY+R/OOwDnjlTCy/VaF4XioUz8uQbrZ3zE9ZeYjLt8NwcXZg+/c9qVQiMdsld/YsVC2Vn/LFvBg4fSvLd5ymi28FrRz04bNBAHz9ni+trMoV+hT2xKewJ92bV3q5Gy6EEH8K1VTmGQUdoFNUDDoFVCMYzJFd1SoIrFO1EtF6oxEFBVUHRvMYwaopnPyvNvbnPVrw99D8j3G3KpdbtVQB1kx4l74T1rBggz8Dpm7g+KIBAPxx8gZgyu6ZObidNk9e56zkzZU1zaDGi/pw/Bqinz2nZCFPDi/oZ5MB1LR6cZpUK8bA7zfRsErRlx78BVPp3wJ5PDiy8BO8PW3HXz5w0hR46elXjU/eSqzS8Vq+HLyWLwd+dUvZtA+Pekb/KRsA6PJ6RZaO7mpT4vOdljloU78Mtd+bxeXbYXw0cS375370Qv0f368lQ7snBrqcHPW0a1iWBpWLULXHdILuRzB4xmbWTHg32bzP4w20rO3D2ok9kmUjbjp4gfX7z+Pu5sze2R9StmhioLp4gVxM6NeKCsXz8c7oXxg1fyd93qhO7uxZMrXEVacCAAAgAElEQVQ/fTRpLfEJBnr6VePHEW9pz7s6O9KqTikaVi5Kg74/cOrKPb5dtIcpA96w+1oM69nEplSwV053PmhXE1dnR3qOWcXZ6/fxvxBMzbKJ3zEnLN7L+RuhODs58Me8j2wCm7k83KgyJD+VffJz//ETerWuZne91tzdnAlcPCBZ+dpiBXIxuFtD3F2d6Td5HZsPXSTyaazNuKgvk1/dUqyf1NNm/6tRpiDbp71Hh/8tYdPBC3w8aS1v1CutjQvav1NderWulmwM1waVi7B5Sm/Kvz2FWyHhrNxx0uZ1Wrf/vBb8nTaoDZ++lTjeZ+7sWfiqd1Na1vah/odztKBkSlI7HjO7T74MCzf6c+y86Tt23w6JmdPWFXdSKq9vb3ro4yfpCgAPmLqB2LgEsmd1pYtv+r7DP42JY9D0xJtQLOdNg8HIo8gYc1+S3xBiTa/XUcDTg2t3HvEgSVUhgMnL9rPp4AUcHfSsGtvNJsuzZu+ZREXHMX1QG7ul3tNy3xwAHjJjM0NmbNaez57VlZplC9LDrxqdmlZ4qRneKb2/Sc367RCnr4YAcO3OQ9oNXUS7huXo6Vct1Yzu98f/BoBOpzBy3k52Hr3Ch+1r2R0+4EX7+PmMzdrfnuv2n+NuWCTdWlShVZ1Sydp+2L4Wzk4OfDJ5PT+sPcIPa48ka5MtiwsLhr2ZoRu90urr46gYOg9fToLBSPtG5RjQuZ42bcnWQMYv3kfJQrnZMLlnutcphBBC/NP8x+5HF0II8aoZ1LUuBfJ4cOPuY2YmKdP8/S+HuPcwimql8tOtWcUUlpA6ywWv0MdPuXYn7XGMUvOT+c7kGmUK2AR/rVUskZc5Q9r8KeWfAYrmz8nQbslLn1lf2DtkDs6mxmAwsnjbCQD6dahlE/y11ueNalQvbcro+HHTce35bFlMF/yPnQ/CkKTktBBCvCoUFXSoOOgTeC37E6rkeUzZnNFkUYygZQar5v9NKcKKouCkT6BE7mdUyRdBOc8nZFGMKOq/P/hrMBhZsjUQgK/fb2YT/LU28RM/HPQ6Tl6+x1lzqVzL59T9R0+4GvzwpfXJaFRJMBiTPaw/my7cDNXKK08f1MZu+UdFUZg2qA3trTIVX7axfVskCzZB4mtz+moIUdGxyaYntXzHSZ7FxePi7MDsIe1tgm/Wy/z+szaAKVv2ws1QbZrBzuuVYDBiNNq/u66Id06GdGtod1rObG6M+cAUDN100DTURFKKojB7aHu7gYtF5u9WvVtXswm0WXu7eWWqlS5AfIKBlbtOadsH6d+fzlwL4eTle+h0CpM+9bPbJourkxbYXbL1hN3hRpydHFLM+OzeorKWpW09tIbRqLJwoz8AA7vUtwlqWuvTpjrDezbRSpqmJbWxSy03DaiqypWgsHQtT1XtH0tJhxaxNuPzdnb3P51OYfrnpv0vLDzapmSzo4M+WfDXws3FkcZVTSXLk5aYX7LFdO6pVrqATfDXWmrTkkrpeMzsPgkZP7asbT18iX6T1gHw6Vt1bUq3hz95pv3s6uyY6nKyuDppPz+OepZKS5MRc7ezfIdpaJsFw95MV3nc2LgE2g1dzOXbYWTP6sqCL9/UpkVGx2rHjms6yvVb+msp929x6Mwths/dDsB3/VvbZPODaTiaK0FhREXHpbmOpB5FxtiUzrcW8eQZO45e4e2vVuA36CeexcVr09LzeZOS1N7fpKxLd4eFR7Pj6BU+mriW6r1mJBvCwJrRqOKg12E0qpy5FsKcNUeo9M40pq86mGb/MtrHhASjdlPHjbuP+WXXad74/Ge6jFie7JwRHBrB0q0ntNdSURTy5c6GZ47Ev5ejomNZvOU4YeHJP0My01dVVXl39C8Eh0ZQxDsnPw5/y2b646hnXAkKsxnzWgghhHgVSQawEEKIfzRXZ0fGffg6Pb75je9WHODtZhXwzp2N4NBIpv96GEVR+O7T5ONrqekcd7F1XR9GLthNVHQs1fv8wOvVi1GzbEEql/SmUom8KV6AsufUVdNFbL+6Pmm0/PM0qVrU7p3oPoVyU6lEPk5dDaHnN78x69f8NKpShEol8lG5pDcFvWzHf7v38AkPI0wXWtLaHr+6PgRcvMPpa/e15zo3Lc+ctceYtz6A7Uev0rxmCar4eFOpRD5KFfa0ezFQCCH+iRSjjtx6PSOaZmfw60ZuRKp8sDiac488TPm85jGBtVtrVQNebhFM7uZBrUKuOJAFF6MRVWvw7z3/3QmL1DK75q07yuItx1Ns6+LsyNOYOC7cDKV8sby0a1iWL2ZvJSo6lrJdp9CiVknqVHiNqqUKULVU/gx9HlvrM+5XLShtrUwRL86uGAQkBuPcXBzxrV4iU+t5GZrXsp+l1q1FZdbsO8ux80EUbjueNvXLUKNsQaqWKkClEt7Jxjw+edm0PY2qFEt13MPXa5TA1dmRZ3HxnLh8VysDXfzNiQTdj0jW/uOOtW2yaS1a1SmVahacJePLYDBy4eYDGpirhVj4FPZMcRzQk1fuAaYgdfuhi1NchyWwfPGmKSiY0f3Jsh4XJwfeG/driut5bg4KPY6K4UF4tE1FFYByRfOmeOODoii8li8nl249sAlm3Q2L1DI42zYsm+K6M+PouSB2HrvCzXuPiX72XAu8GawCjukNkC3eGkifsfZfm9BtI5Pd3Fi2qFeq2aiF8+agbFEvzt8I5cy1ENpZbXvEk2es/f0cJy/fTRaMs9w0krTfZ66bMiLTukmjfaNyTFnxR6ptIOXjMbP7JGT82LLYeOACnYcvI8FgpFPTCkwZ0Npmeg6r4/xZXHyqGd0xsc+1n3OmEcwdNmcbE5f+DsD0QW1tSnWnvPx42g5ZxL7A67i7ObN5Si+KFcilTffI4qKNjf0sLiFdyzP1NfGYDQuPpsuI5RgMRjo2Lm9TGeFlyOXhhuHIRJvn4p4n8CD8Kaeu3mPu2qNsP3KZHUev8OXsbUwbZLqZIT2fN/ak9f4mNaJXU0b0aorRqHLj3mN+2XWKcT/v4dz1+3QbtYJ9c/rane/ZH98CpmDq0XNBfL1wF0fPBTFo2ibKF8tLk2rFX1ofd8x4DzC9bmev32f2b4dZsjWQX/ecoVRhT0a/byrlHBMbT9NP5nP9ziMK5c3OmA+a06lpBa3qV0xsPEu3BTJ6wS62Hr5Es/4L8P/5Uy24nNm+jl+8j21HLuPkqGfVuG5/WhUEIYQQ4u8mAWAhhBD/eO0bluGnzUXYf/ImX83fzY/DOjB83k5i4xJ4t2Vlqvh4p72QFHjnzsbm797ls2lbOHPtPtuPXmX70ava9Gql8jO0ewNa1Er7gvCDcNPFuzw53NNo+efxTCGzWKdT+O3bt/ls2hY2H7rE8Ut3OW6VffJavhy837Y6/TrURKdTCLPK0MmTI/VsZcvFT+vyc9984IuTo5556wO4fT+C+RsCtGk5srnyZqOyfNWrcaoXpoUQ4u+mKqAqBvSqERcSUHHGUVFQ9KBaAr+mlqb/FAXQoeCAE+BuUNChw6gDVTGVkv73hn+xyczZeexKuuYJN2eg5ff0YM/sD/lo4lpOXbnHlkOXbLICa5QpyIjevsnKHb8MoY9NpT49c7j/bTcoKYqS4md42wZl+emrTgz/YTshD6NYtv0Ey7abqnQ4OznQvGZJxn3UQgvgWr6PJA1OJqXTKeTJ6c7tkHCt3GlmpFXVJGc2Vy3gY+mbtbw5U85UDTO3P3H5Licu302xnUW4ObCa0f3Jsp6Y2Hht7Nr0rCvpa5xWEMHNnJ1pnRFo/f0prfcsvQwGI72+Wa1lbqYmvTdNZpRn9rS3xbLvhFntFwdP36LD/xZrN5OkJGm/LSWCvXMnz9q1Zi+rN6nUjsfM7pOZtXrPGbqPWonBYKR7iyr8NOIt9EmywK33m9v3w1PN/r4VEm41n/12qqoyaNomZqw+BMDsIe1TLfdrERUdS+tBP3PozC083F3YNq2PTalzMJV1zuXhxsOIaG7fD09hSSZGo0rwA1PAPI95G41Gle6jVnIvLIq8ubIytm9zu+cvy80OEU+fadPdXZ1SvEEjLc5ODhT0yk5Br+y8Ua8MXUcsZ/WeM/y0OYCJn7SyGaYoI9Lz/qZEp1MoXiAXI3o1pUAeD/qM/ZU/Tt7k9NUQKqZQvQlM5ZSb1SxJw8pFqdj9e64GP2TWr4dTDAC/SB+dnRyoVrqANj7zkq2BzPrtMCP7vI5Op7Boy3Gu33mEk6OevbM/TDZOvJuLIx+2r0W9ikWo2P17zlwLYcXOU/RoVTXTff39xHVGLdgJwBfvNia/p0eyfchSvjrBYLSZltqxJYQQQvwTSQBYCCHEK2HyJy2o88E8ft17jtKv5WH9HxfxcHdhVO8mdtundwxgMAV5D879gBt3HxNw6S7nrody+loIR84Fc/zSXTqNWMmKrzvROo2LznlyuHMrJNzuxc3UWJfys74rP6nIp2mXfUztwnWeHFlY8XUnHkZEc+zCHc5cu8+5G6EcPhvErZBwhs/dScjDKL7t28zmolfo46cU8sqe4nItFy6tLz45OugZ874vX77bkICLdzl97T7nrt/n2IU73Lj7mAUbj3P80j32zeoj2cBCiH8wU4jBiCM6VUGvquiNgPIcdAYwJvlzSjECppLQqmLEqItHUcGg6EAxovw5cZZ/DOsboM6t/DzDY+XWKFOQwMUDuH7nEUfPB3Hmaggnr9zl4Olb+F8Ips3gn1k78V3aNkh/luTPX3XSLjynxBIECQt/itGoZuhzyfIZ/qKf34pCqlm0PVpV5Z0WVTh19R4BF4I5cy2EwEt3CbgQzMYDF9gXeJ1zKz+nQB4P7X1IK6hrNKpa0Mz6ovbNdV+m2V9rIQ9TLjlqmv5EC8bYu0ku9e8upu9Ws4a046MOtTPUr4zsT5Z+eebIwv2tIzO0nhdl/f0p9PHTFLOhM2Le+mMs33ESvV7HlAGteatJBfJY3eDwNCYOj6YZ286eftXo6Zf2+MMW99LYLwDuPogETDdfAMQnGOj61XIeRcZQv1IRJn3qR9kiXjZli4fM2MzUlQeSLctyM0OYnTLj1uyVIU8qtePxRfbJjB5bi7cG8t64XzEaVd5rU4Mf/tfB7vFSomBuPNxdiHway+Ezt5MFXa0dPnsbMAUBfQp5JptuNKp8NHEtCzf6oygKP454K8Vgm7XwqGe0+Gwhxy/eIZeHGzumv0/lFG7SrV66ANuOXObImdupLvPklbvEmrOELdu06eAFdgeYbta9/+gJpTt/l+oyPhy/Rvs56fjcL6Jn6+qs3nOG6GfPCQqNoETB3On6vLGW3vc3Pd5qUkHL0D9/436qAWALZycH2tQvw5QVf3D+xn27bV5mH99sUoElWwMJjzIF5b09s3H8YjAAtcoVShb8tVa2qBeVSubj5OV7+J8PsrtPprevg6Zt0squj/lxN2N+3J3ieq8EhZG/9Vjt97iD49Ndhl8IIYT4J5BPLSGEEK+EUoU96du+BgBjftoLwLAejWzGBnpRRfPnpHPT8nzzgS8bJ73DuWX9rca3TV7OK6lKJfICsOXQ5Qyt17ps2+37kSm2C7x8L0PLTUnu7Fnwq+PDl+82ZPnoTlxc8Rl93jBd0Fu46TiqqpLfM5sWBN58MPXt2XzQlFFjb5xgV2dHGlR6jU/frMW8/7Xj1OJP+GFoW8BUQs86C1kIIf55FHTo0aGiKqCoKkYUVJ15/F8d5vF/MUUMdIBOBUUHamKGms5oGgP43y6/Z+KYfausxr3MqGIFctGteWUmftKKnTPe58baL7SL/3PXHn0pfbVWtZRpzNWY2HgtsJBelrKkN++lnMnmfyE4852zotMpVPHJz4ftazF7SHuO/vgJxxcNIHtWV57ExGlZwVXM27P/5A0tw9qenceuaGMupjTubHpsPnQx1XFg1/x+FjBl/pUpkrGbAiz9WrXrdKb7l579ybKesPBo9gVez/S6MiO/p4cWBN6w//xLWaZlOe+2rMKnb9Ulb66sf/kNd1eCwpKN02vt3PX7XLvzCEALVgVcuKONYbp0dBdqlCloE/xNTYVipmVsO3wp1XZbD2fse3pSL2OfTI+5a4/S+5vVGI0qn7xVh7lfpBx4c3TQa6XWf9oUkOKYswkGIz9tMlXl8atbKtm42waDkZ5jVrFwoz96vY5lX3dNV/A3LDyaJv3mcfziHbxyurNvTt8Ug78AbRuaSklvP3rZbklsi3nrTMent2c27W+y9JSN/itYlyXP4pK+fdRaRt7f9Ii2ugkpI1nOlvnszfPn9tH0munMN1rEpuN9tbz3Ojs3Z2Skr/+UfUgIIYT4K0gAWAghxCvji3caaOWISxX25P02ybMQLH8Pqum80J60rJM1r5zu1CprutgQ/iTlC6gWvVub+uN/4Q4LN9of9/DcjVD6T91sk32QL3dWLfNm+Q77F8z3nbihjVGYWcGh9oPLLs4ONKthKvkVG5fAs7gEdDqFd1tWBmDOumPaeGdJLdgYoAVxe7dOvEB050HKgew29RIzqdPzugohxN9FUUFRjRgUA6plFF/FFOM1pYhh+kVnaaygKjqMiqoFho06AygKCrp/eQFoU4Cvd+vqAExevj/FwGfk01hWJClNm2AwpphJmjdXVupWKAxgM3YqgJv5wvuLlDAuU8SLuhVeA2DA1I1EpPDZNGTGZtYnCdBVNQclTly+y5lrIcnmMRpVJi7Zl+m+gSm4ktLF8co+3hQ1Z01Zgr3dmlfG1dmR2LgEPp60Vst0shbx5BkDp20CoF7F17Ty0ZlxLyyK4T9stzvtxt3HfL1wFwBv1CudZrnopN5rWxOAA6duMuvXw3bbqKrK/PXHbLYzo/tTuWJ5taDwx5PWpZglevb6fQ6evpWhbUiLTqfwXhvTTY7TVh3gZAo3/C3acpwJS/bZBJ5SYgnsZ8tivyT1upcUaE5L3wlr7O67z+Li+XCCKTPTM0cWLXhp6TfY73uCwcimgxftrutdP9P30H2B11n3+zm7bW6FhPP9yrTH/01NZvfJjPh+5QH6TV4HwNDujZg+qG2qFQIAPutSH0VRuHAzVCtvm9RXc3dw6dYDFEXhsy71baaZsq9XsHzHSRwd9Kwe150ur1dMs6/3wqJo9PFczlwLIb+nB7//0JeyRVM/n3R5vSLentmITzDQe+xq4p4n30e2HLrET5tMf08N6tpA2/4ur1fEcGRimg+LVeO6a8+lN/t3xupDLNkamOLfkwaDkdm/md77Ank8yJc7Y2WBM/r+bjl0iUHTNmnjIdsz1TyutV6vo2qp/KiqStcRyzmcSpb1nQeRrN59BjBl4L5IH79euIufNgWk+Jo9jzcwy1xSvNRrebTj2/IZGnDxDgGp3Cy1J+Aal8w3lFQrU/CF+npx1eA095+RfXwB0/cD6+cl+1cIIcSrRkpACyGEeGVky+LC2A9fZ/DM7Uz+pMVL+QNs8dYTjJi/m27NKuJX14eyRbzI5uZMxNNn7A28weJtpoBsrbIF01gSNKpShHdaVGLp9lMMmrGVs9fv06NVFYp65yAyOo7Nhy4zfsl+oqJjiYmLZ+GX7bV5e/lVYfyS/Ww4cJEhs7bxWee65PfMxpOYOH7bd57h83a90HZeuh1G7Q/m4VfHh46NylK1lDee2bMQExvPmev3Gf3jHgDKF/PCzcU0Pt3gt+ux+dAlLgc9pOWgxQzpVp92DcqQK5srt+5HsGjLCX7abMqM7t68Eg0rFwFMf+A3H7iIPDnc6d68InXKF6JgHg+MqsrNexFMXmEq2+fkqH+h8ZuFEOLPZ47iKiqoCiqKaexfnWJ6qIBRSWxqmUunmue0zM+/PPSb6MueTVj/x3ku3w6j8cdzGdKtIZ18K1LQKzsRT56x5/g1vvlxN7fvR5DLIwvNa5UE4MeN/gyZuYWeftVo06AM5YvlwyOLC+FPYtjlf5WFG01Za5ZArUXF4vk4dOYWs349xOs1SlCsQC4Onr5J4bw5Ui0nmdS8LztSs/dMrgSFUa3nDEa99zqNqxYji4sTZ66HMGnp72w/cpnpqw9xetlArbx1Z9+KfDF7K5FPY+nwvyXMHtKeBpWL4OrsyJlrIXw5ZxsHTt18odd0wNQNHD57m/fa1qBZzZKUKJAbZycHQh5GsWRroDYOaR1zUDN7VldmDm7He+N+ZfWeM4SGP+XLHk2oXNKb5/EG9p24zugFO7lx9zFuLo788L8OL9Q/gO+W7+fmvcd81qU+pV/LQ2R0LFsOXWT0gl2ERz0jWxYXJn/aOsPLbV6rJG83r8yKHScZMHUD/ueD6NuhNmWK5CE+wUjAxWC+W76f/SduEBwaoQV4MrM/zf2iA3Xem82VoDCqvDudr/r40rxmSXJkc+Xug0h+23eWycv24+rswInFn6VrLNn0+qJHEzYcuMC56/dp0HcOw3s1pUOjcnjlzEpQaAQ/bvBn1m+HUVWV3NmzaAHjlNQuX5hDZ26xYudJPupYmxIFc2vTNh+8yCffrX9pfU/NwdO3qPfhbL7q7Uvt8oVRVTh85hZfL9zF2eumkrOzh7TH0cGUiVrFJz9OjnqexxsY+9NuJn7ip2XxPY6K4YPxa7ga/NDuuto3LEvL2j5sO3KZrl+tYMyHzfigbU2yZ3UlPsHAhj8uMGDqhnSVZE9NZvfJ9Bq3aC8j5+0A4L02Nej3Vp0Ub6x0dXYkl4epCkG10gXo36ku01cdZPzifZy7Hsp7bWtQKG92gkMjmb/+KJvNwfMBnetSzRx4A4h7nsBbw5ay5dAlFEVh1pB2VCtdIMX1Znd3wd3NmaD7ETT9ZB437j4ml4cby8d0xc3FKcX5vHK64+igJ6ubMzM/b0fHL5awL/A6NXrPZHC3hpQvlpeo6DjW7z+n7e9VS5m2668SHBrBsDnbeBYXz6Slv9OlWSVqli2EV053nsTEcfHWA2b/eli74ed/7zZOMzhvLaPvr4e7C59P38TV4Ics236C7i2q0LBKUQp6ZSfBYOTmvcf8vCmAXf6m6hU9/aqS39ODJVsDWb3nDKv3nKFJteK0bVCWiiXy4eHuQujjpxw5e5tZvx7icVQMrs6ODOhcL9N9DH/yjPGLTTenTFnxB11er0StcqbXLPJpLOdvhDLz10NaAHdYz8QhnHq0qsaExfu48yCS5gMW8nm3hrzdrBIFvbJjNKrcvh/Okq2BTPvF9Pdj8QK56Pp6pUz31XK8CCGEEP8VEgAWQgjxSuniW4EuvhXSbJfeDOCDp28T/ew58zcEMH9DgN02FYrn5Yt3GqRreVP7t0Kv07Fo6wl+3mJ6JFWtVH4mfmx7MejzrvU4ci6I30/cZN76AOatD8DZyUG7Iz6rm7MWXM6MA6dvYTAY2XjgIhsP2M+cyJnNjdmD22i/Z3F1Yu34brz7zW8EXrrL1z/u5esf9yabr1vzikzt30r7/fzNUB5FxhAcGpli1rJOpzC1fyubsYaFEOKVopiDuzoVjJiygM1VN1VLWej/oKxuzmyb1ocuw5fjfyGYb37awzc/7UnWrmQhT3wKJ44/uf/EDaKfPWf2b4e1zKqkKpX01rJyLL7o0Zg3Pv+Zq8EPKdMlcSzIfm/WYcbnbdPd79Kv5WHr933o+tVybt57TM8xq5K1cXTQM3tIe5uxjT3cXVj2dVfeGraUm/ce02rgjyiKgoNep2Vqdmpagf0nbxBqHm83I57FxXPsfBDBoRGMmr+TUfPtZ/b19KtmMzZyr9bVeBITx9CZW9h/4gb7T9xINo9XTndWju32Qtm/AB91qM2+E9dZs+8sa/adTTY9b66s/DK2G0Xzpz8gb23+lx1xdNCxeEsgy3ecZHmS7HEw7Xf1KhbRfs/M/lSheD42TelF91EruRsWSd8Ja+zO16RqMXJkc7U7LbPcXBzZMrU3XUYs58jZ2wz/YbvdrOo+barT543qaS5v6DuNWLf/HNfvPKJc1ynULl+Y7O6uXA4K40pQGOWL5eVmSDhPY+Je6nZYa1C5CHlyuPPb3rN0+N+SZNMdHfRM/ewNOjYurz2XI5srE/q1YtC0TUxdeYDf9p2lQvF8PImJw/98MM/i4qldvjBHzibPalQUhaWju9Jt1Ap2HL3Cl7O38eXsbeTM5kZkdKxWFnls3xaMmGs/Yz29MrNPpsfmgxe1YBbAwo3+LNzon2L7VnVKsWlKL+337/q3Jj7BwJw1R9h08AKbDl5INs/HHWsnuxljxNztbDlkKp2tqqrNuLn2TPykFYO7NaTjF0u4cfcxAI8iY2j00dxU5zv206da4Lldw7IsHtWZPmN/5dz1+3bPuXUqFGbj5F7o/8KsS6+cWfn0rbp8/8sBLt56kOI5F2Bg1/p83DH940Bn9v0d3L0hQ2Zs4VFkDNNXHWT6qoN227epX4aZn7cDwLd6CV6vUYJd/lfZe/wae49fsztP9qyuLPu6KyXN40Fnpo+/jX+HjzrUYvaaI1y69YDRKWSg63QKo99vRrfmlbXn3Fwc2TXzfVp//jPX7zxi5LwdjJy3A0VRkv09X6aIF5un9tJKl7/o8SKEEEL8F0gAWAghxL9KRstr/jS8A++2qsza389z7Pwd7oRFERP7HA93F8oWyUO7BmXo0bIyzk7p+8h0dnJgxqDWdGpansVbT+B/8Q73Hj7B3dUJn0K5eatJOXq0qpIse9nJUc+68d34ecsJVu05y4WbD4h9nsBr+XLQrEZxBnWty07/a5kOAL/fpjr1KrzGyl2nOXQmiGt3HxH5NBZXZ0eKeuegWY0SfNyxZrKAbEEvD3ZO68mve8/xy+4zXLwVRviTZ+TNlZVqPt70al1Vy/y1qFzSmzNL+7Ny12n2Bd7g3I1QHkc9Q6/XUcAzG3UrFKZv+xqUS6M8nBBC/NNolyIVxfSbYsQUBMYcBDYHg5V//3i/qSmcNwcH5n/M6t2nWbHjJGev3yf08VOyujlTrpgXHRtX4P22NWw+W5eP6UrvNtVZvfs0R84GERQaoX0ely+Wl5BrNUAAACAASURBVDebVOC9NjWSfR63qlOKjd/1YvzivZy8chdnRwfKF8uLX93SGe53vYqvcWbZIH7ecpxfd5/m+t1HPH32nPye2fCtXoJ+b9ahXLG8yeZrVacUgYsG8N3y/ewOuMb9R0/I4upE5ZLe9GlTg67NKlGwzbiMv5CYMpbOrfyc3/aeZdOBCwReusP9x09ISDDimcOd6qUL0OuN6rSpXybZvP071aV5zZLMXXuEnf5XCbofjpOjA0W9c/JmU9Pr+TKyofLmzsrxRf2Zvuogq3ef5mrwQxwd9BTxzknHxuX5oF3NDJd+tubq7MhPIzrRw68aP28K4PDZ29wNi8RBr6eod0786paif+d65Mnhrs2T2f2pcdVinF0xiEVbAlmz9wzX7z4i4kksubNnoWbZgvTwq2b3tX4ZCuQxlc/9dc8Zlm4L5Nz1UB6EP8UzRxZqlCnIe21r0rK2T7qWlcvDjWM/fsqEJftYv/8cR88F4aDXUTR/Tob3bMLg7g0p1mFi2gt6AQ56PavGdWflzlMs3ODPySt3eR5voKBXdl6vUYKPOta2uZnCYkDnepQs5Mn0Xw7gfyGYbUcukzObK02rF+ezLvU5fyPUbgAYTAHkLVN789vesyzacpzTV0N4GBFNnhzuNKhUhM+61qdCsXwvHADOzD6ZHhFPX2xoFJ1OYebgdnTyrcjM1YcIvHSHkEdPyJsrK1V98vNpp3o0qJw8KB2RyazoF+1v9xZVqF2uMNNXHWTv8WvcCgknWxZnSr/mRe821ensW/EvL7nr5KhnfL+WDOhSj8VbA9l3/BrnboTyMCIaZycH8uXKSsPKRenZuhq1yxfO0LIz+3q916YGXXwrsnzHSXYeu8KJy3d5EP4UBYU8Od2pWaYgb7eozBv1Es9N3p7Z2D79PY5fvMPKnSc5cOoWN+89JjI6luzuLhTxzolf3dJ80K6mNhRRZvvo7OTA9wPb8Hm3hizacpzfA69z8dYDHkWasou9PbPRpGox+rSpQaWSyas/lSzkybkVn7N4ayCbDpw3HbeRpjL8ntndqVoqP20alKV788o2NwO86P4nhBBC/BcoanpTpIQQ4l8mOtr+2F6vimy+YwBYO74bvtWLZXj+R5ExFOloypS5uWZwpi4A7g64TocvlwMQtXtkhucXQvw1smR5sUzrm8Eh5PPM8ZJ6I8QrxDyUr1FRQQWjonDpqUKfX55wOjyHKdVXJfF/I2A0UsAtnIVd3KifX0HBCOj/8oRgFxf7Y38K8bJUfmcaZ66F8PUHzRjRq+nf3R3xDzHw+43MWH2IJtWKs2vm+393d4QQQghuBodQpGC+v7sbQgiRKVFRUQCcOpX+pKBKlUxDJkgGsBBCCCGEEEKkIOndsiqmBGBFMY0JnNjCVA5asTuXEEIIIYQQQgghxF9HAsBCCCGEEEIIYYcluVex+h1A1YGqU8GYdLBfU2PFPI+iKtrTQgghhBBCCCGEEH8VCQALIcS/UFh4NJeCwrh5L5yIp7FEP3uOi7MDubK5UbF4PsoVTT7elsFg5NyNB5y+FsKjqBhi4xLI4upkHiMoB6UKeeKZ48XKyAohhBCvFCX5z5bgLgqJY/+COTUYcwBY0WZSUCQfWAghhBBCCCGEEH8pCQALIcS/QFR0LDv9r7Pn+DX+OHWL4NDIVNvn8nCjU5Ny2u+Tlv3B6r3neBQZk+p8Bb08aFDpNZpWK06zGhkfd1gIIYR41VhyfNWkT5Iku1cHGM2DBmtRYgn9CiGEEEIIIYQQ4q+nqKoqVyWEEP9J0dHRf3cXXkg23zEAVCiel8tBD4l7nmC3nZOjnqxuzigKPIxIPcBrkTu7G6oKT2LieB5vsNvG2ckBn0K5OXPtPgBRu0dmYiuEEH+FLFleLHv/ZnAI+TxzvKTeCPHq0Eb3Nf/JlKAoXH6q8N6aJ5yKyGEqAW2pE60qoKqgGinoHMGCt9yo7w06VEzR4b+Wi4vLX75OIYQQQggh/mluBodQpGC+v7sbQgiRKVFRUQCcOnUq3fNUqlQJkAxgIYR45VkCsC7ODjSvUYJa5QpRvXR+8ntmI7eHG85Oiaf6uOcJXLj1gFW7z/Lj5kAtaOzs5ECf1lXp7FueMq/lSTbPw8gY7oZFEXDxLkfPBbEn8AZPY+K0dQshhBD/KYp5oF+dYsr6xZz5a8SqFLTlB7CTQyyEEEIIIYQQQgjxp5EAsBBCvKJKFMzN1eCHVC7pzTstKvFWk3J4uKee7ePs5EDlkt5ULulNZ9/y9Pl2HQA/DmtP5ZLeKc6T3zMb+T2zUaNMAfp1rElsXALbj11hwYbjHDh9i5KFcr/07RNCCCH+bpYqzpbwrfWQwOjMT6LYBH4Vnflh29ou1epfy9LTnksIIYQQQgghhBAidRIAFkKIV9SeGb0Ii4imRMHMBV8rl/TmxKJ+mZrXxdmBdg3K0K5BGa7deURuD7dMLUcIIYT4J1OT/K+FZ3Vq4jjAlp8N5slGBa3ks2oKHauKmkJgV8WIasoWVhVz0FinTbPbI1U1t9OTmHZstB2XWAghhBBCCCGEEP9pEgAWQohXVPasrmTP6vp3d4PiBXL93V0QQggh/hQK5hgumMf6xVz+2Ry0taT9qpgCwUbzTFrl59QDsoqqoFcdzMnEpuWpilFbnX2qua2lh2gpymmsTgghhBBCCCGEEP8REgAWQgghhBBCiBRYx38Tn1Ssoq2qeSxgczawUbUKAqc17q8KSrw59KtgFVLGNpJs2xdTENiY+Kyqk9xfIYQQQgghhBBCaCQALIQQQgghhBDpptqJzZqDwNpvlhzd1APAqpIY+FXMJZ0VVTUn9BqTzW/6TQeK0VRpWlVRFPMYxEm7JIQQQgghhBBCiP8sCQALIYQQQgghhD1JKi1r4VgFU7avijn4aq7BrCpYhvG1Dt2mFJhVVNBpxZ+NoBjRKQYUjBhVR1Tzn2uWytNairDqYIpBK6AYDegwaoFkqQMthBBCCCGEEEIICQALIYQQQgghRGqSJfKaU4AVBXRoGbhadrDO9LOajpxcFSNGdMQkKDyNd8CAg2mI4WTlnxUSRwo290FVcUTB3UWHsx4UJT1rFEIIIYQQQgghxL+dBICFEEIIIYQQwg5LGWdLkWYtuVZnfliisdZBYMUSHlZQzIFjVdEm2Vm+HgM69t0wMOdgLDHxjoCKaqoPjaqaMoVVFVPJZ9VcXtpgWpoLTxn6Rg6alNCjJEaihRBCCCGEEEII8R8mAWAhhBBCCCGEsEeL2KqJUVxzhFdRzBm+ltLMlhrNltrMgGKbHpwCFUWFB3EOHH/gRnS8kznYq9iWmDZiigJbgs4G07yuGAiPBSVd+cZCCCGEEEIIIYT4L5AAsBBCCCGEEEKkyFzuGdsxgFVLOrAW4zVP1ZnLQis2c6RKtTS3mc8qbdhOlrElEKykbxVCCCGEEEIIIYT4D5EAsBBCCCGEEEKkRMvuNf+qmEswW6fbWspBmwPBijlmrJK87LM1RTEVmDal/JrHFLZKNMZoWbaafGHJFiyRYCGEEEIIIYQQQphIAFgIIYQQQggh0klRQLEeA9i6wrOSwv8ZWHbi2MLmctLWC1GsfjViVX5awr9CCCGEEEIIIYRIpPu7OyCEEEIIIYQQL0S1eth7LunDplFGVmPK/lUtgdikD525JrNiyRROtsKUWS1HUczZwDolyfLRlm8pF61Yxh7+hzpy5Agffvghvr6+vPnmm0yePJnIyMi/u1sZ8uTJE/z8/GjdujX37t17Kcs0GAy0bt2aGTNmvJTlpSQkJIR69epx586dP2X5b7/9NgcOHMjwfJMnT6ZevXrUq1ePpk2b8sEHH7B//36bNrt379baWLcLDAy0aRcREcG3336Ln58fLVq04Msvv+Tu3bsvtF3in23ChAk2+4bl0bFjxxda7tGjR6lXrx5ffPHFC/fxzJkz1KtXj549e6ar/bFjx2jWrBkrVqx4qW1T8m84NwvxMi3bfhJ97WHao2CbCfSbvIGw8Oi/u2t/m+hnz/l8+hYKtZlA1sajqNR9BvPX+2M0pu97546jV/FoOprJy/74k3sqhBAiJRIAFkIIIYQQQryStPCqakSnqigqqKpiqqisKvYfmNoYQQvQphymNQdbVdOfTQqmUsyW+KwWiLWM3aszB20xlXZWMhD/TdrlxMCvmjzQjOXnxI5kZF1/lf379zN06FDOnz9Pnjx5iI2NZcOGDfTv35/4+Pg057cEAMeNG/cX9DZl8+fPJzo6mm+//RZvb++XsswTJ04QGRnJnj17MBqNac/wD9WpUydKliyZqXkrVKjA8uXLmTdvHr6+vowdO5a1a9fatHFwcGDJkiUsWbKE2bNnU6lSJQYOHMiVK1cAeP78Of379ycoKIjhw4fzzTffYDQa+eijjwgPD3/h7RP/bPny5aN8+fLao3Tp0n93lzLt8ePHxMTEEBoa+lLb2vOi52Yh/s1yZHOlVrlCxMQ+Z+7aY9R+bw4PI/57QWCjUaXlZz8z7ZdDRDyNpUTB3Fy6HcZHE9czKZ0B3dDHT3ga85w7D+TmEiGE+LtICWghhBBCCCHEK8sIoNNjVBUcjKBTDBgVFaOCuVZzIkVV0RtVVEUhQdGBUWcKuJLWnbGKVdxVSQz+KgpYsiAspZsVQKczz6GgYEg7LmsT4FUSn9PSjS3MwWCDqrWzimv/oxiNRqZNm4aqqowZM4YmTZoQHx/P4MGDCQwMZPv27bzxxht/dzdTZTAY0Ov1+Pr60qFDB4oUKfLSlr1r1y78/PzYt28fp06dokqVKi9t2X+ldu3aZXpeFxcXChcuDEDx4sXx8PBg0qRJNGnShOzZswOmDPeiRYtq85QqVYrLly+zevVqRowYwaZNmwgLC2PNmjW4ubkBUKVKFd555x2WLVvGp59++gJbJ/7p3nrrLTp16vR3d+OlaNmyJZUrV8bT0/Oltk3qzzg3W86VQvwb1K/4GusmvUN8goFuI1exZt85vpyzgwXDOvzdXQNAVU3fKhXl5X35MxiM6PW234RX7jrNoTO3KZo/J4cW9CVPDncCL92lVp85jP1pL5+/XQ9Hh9SP+3dbVaFhlaIU8Mz20voqhBAiYyQDWAghhBBCCPFK0qngaFTRYcSoSyDBIQGDTsVozohVjEabh4rKc72CERW9Go+DakBRjSioKGo60mfNQVpV+1lNzP7VsnXNZZvTU/7ZXDHaEjhWdKptcFlRkixfsco0Nq1PSwL+h7l06RJhYWF4e3vTpEkTABwdHenYsSNlypTh0aNHAPj7+/Pee+/RpEkT2rdvz7x58zAajaxevZrRo0cDsG3bNi3QaDAYmD9/Pm3btqV58+YMHDiQ27dv26y3V69eNG3alIEDBzJ06FDq1avHmTNnAHj48CHDhw+nWbNmtG3blokTJ/LkyRMAFi1aRL169Zg0aRJvv/02I0eOJCIign79+jFw4EBtHatWraJz5840btyYbt26sXv3bm3auHHjaN26NcHBwSm+NvHx8fzxxx/4+vpSt25ddu3aZTPdYDAwb9482rRpQ/PmzbV+WBw+fJiePXvSuHFj3n77bX7//XebZU+YMAFfX186derEzp07k61/1apVtGvXjpYtW/L1118TFRUFwKxZsxgyZAjffPMNvr6+tGnThq1btxIYGEjXrl3x9fVl4MCB2nsH0Lx5c/bt2wdAdHQ0EydOpGXLlrRo0YJRo0Zpr216+Pr64urqysGDB1Nt5+Pjo5W03r9/P6+//roW/AXQ6/X4+fllqjS1+HdI6zxx5MgRevTooR1D27Zts5k/Li6OsWPH0rx5c9555x3Onz+vTUvt+E+Npbz0yJEjGTlyJE2aNKFLly6cOHECgE2bNvHmm28ydepUbZ4VK1bQoUMHmjZtSt++fbV+2Gu7efNmunbtStOmTenduzeHDx+224/0nJvtlcLu2LEj9erV48GDB3bPlQAHDhygR48eNGnShE6dOtmUqI6Pj2f27NnaeW3QoEHae/L8+XO6detGnz59MBgM6Xo9hfizOTromTLAD4Bfdp3mWZwpO/74xbs07Dsf90ajKPHmd0xcul8riXz+RijN+v+IR9PRePt9y4fj1xH5NFZb5uRlf1C47UTcG42i3gdzOXY+8bvC9ysPUvKt73Bt8BVlu37PL7vOJPal7nDythrHgKmbyNp4NGevh/IwIpp2Q5aSpdFIKnSbTv8pG9HXHsbYn02fydfuPKLtkCV4NB1N7ubf8PZXv2jlrMf+vA997WH0nbCO0p2n0nnEymTbv/GPCwD07VCTPDncAahaKj9DuzegfaMyhDx8wvYjV9DXHkb7oUu1+Yq0n4S+9jDuPIhk4cYAirafxCffbQTgacxz+k3eQL5W35K18Sga9p3PicsvZ2gNIYQQ9kkAWAghhBBCCPEKUjEqKvE6UIwOOBocQdWZYrKqiqLqUNDbPlQdeqOKXlUxqg4kKE4Y0JuDv6kHa1VMWReqVgNaTQz0WgdpdapNWejUl2pV09k6eKxTQTGaHpZlWY//azUOsJrmOv4elgBd/vz5bZ5v0KAB8+fPp2fPngQHBzNkyBBu3bpF06ZNyZIlC0uXLmXdunX4+PhQp04dAIoUKaIFgGfNmsWSJUtwdHSkWLFiHD9+nEGDBhEXF0d8fDxffvklV69excvLi9DQUJsgiKVc8P79+/Hy8sLZ2ZlNmzZpwQuLjRs3cu/ePVxcXJJt19atW5k5cyYJCQm0bNmSx48fM2bMGK5duwZAUFAQERERqZYfPnr0KIqiULlyZRo1asTvv/9OQkKCNv2nn35i27ZtfPXVV8ydO5eoqCi++eYbAG7dusUXX3xBx44d+eWXX+jYsSOjR4/WSsEuX76cP/74g6+++ooxY8Zw+vRpm3WvWbOGX3/9lVGjRjFnzhwePnzIlClTtOn+/v6UL1+eefPm0bhxYyZNmsTMmTMZOnQoU6ZMISQkhJ9//tnudk2ePJkbN24we/ZsfvjhB4KDg5k3b16Kr0NSer2eggULEhQUlGq7sLAwcuXKBZj2s0KFCiVrU6BAAUJCQiSY9B+V2nkiODiYL774glu3blGmTBnCwsIYN24cAQEB2vwBAQFcuXKFXLlycfPmTSZMmACkffynx969e7l58yZ58+blzp07TJw40W67rVu3MmfOHJ49e4aPjw/nzp1j8ODBNjeDWGzbto0JEybw8OFDfHx8uHHjBkOHDk12/EP6zs3pZX2uvH37NiNGjODx48e0bdsWnU7HnDlz2LJlC2A6P6xcuRKdTkfBggXx9/fnk08+ITIykri4OEJCQggODrY5Fwrxdyvo5UGeHO7ExMZz/c5jgkMjafrJAo6cC6JG2QLEPk9g2Jwd/LD2GKqq4jdoEb+fuEkX34qUKZKHhRsDGDB1EwCLtgTyxeztRMc+p4qPN0fOBuE3aBFh4dEs2hLI4BlbeR5voEerKoQ+fso7o1dx+mqI1pew8Ghm/XoEB70OB72OfpM3sOngRbK5ueDu6sTs345qbQ0GIy0G/MTmg5doWq04VX3ys2r3GT6etN5m+xZsCODmvXCyuDgl2/brdx8DUKqwbaWBcR81Z+nozhTKmz3Dr+enUzYyd+0xCuX1oGPjchw6c5u2Q5YQ91yOeyGE+LNICWghhBBCCCHEK0cbvVdRMegMoKioGFBUPQqO5hLQdmZCQVESAAMJOgWdTgGDURvnN1VWpZpVHaCqpmxclcT/japWedq0OiVZN1JcuKKi6szpwMbErdSWbXnKEgQ2mv5XLcHjf5CYmBgAm8zMpPR6Pf/73//w9vamUqVKHDt2jM8//5yAgAA6duxIWFgYhw8fplSpUvTs2ZOYmBjWr19PtmzZ+P7773F2dmb+/Pls376dgIAAEhISCAsLo1SpUsybNw9FUejVqxfXr18HTJmzQUFBVKlShenTpxMfH0/v3r0JCAjg0qVLWr9q1arFt99+i5OTU7JgS6FChRg2bBjlypWjYMGCeHh4sHTpUgIDAylevDhTpkzh0aNHWmlje3bt2kX9+vXR6/XUqlWLhIQE/P39qVOnDkajkXXr1tGvXz+qV68OwODBg/n66695/vw5uXLlYuHChdq4ux07dmTevHlcunQJLy8v1q9fz7vvvkvDhg0BGDhwIF27dtXWvXLlSvr27UvlypUB6NevHx988AFfffUVAJUqVdKC7R9++CFr1qyhe/fuWvuWLVummKHbo0cPPDw8yJkzJ2DKDt66dWuKr4M9Hh4eWkZyUgaDgSNHjrBv3z6GDx8OmPazrFmzJmubNWtWVFXl2bNnuLu7Z6gP4tUxY8YMZsyYof0+bNgwGjVqlOp5wt/fH4PBwGeffcabb77J/v37GT58OL///jv169cHoHz58vzwww88f/6c1q1bc/PmTWJiYtI8/tOjbNmyzJ07l4SEBPz8/Lh79y7R0cnHF1250pSRN2vWLIoVK8a0adP47bffOH78eLK2lkzbiRMnUqVKFXbs2ME333zDsmXLqFixok3b9Jyb08v6XLl3714MBgPVq1dnwIABtGzZkj179pAlSxYiIiLYtm0b7u7uLF26lKxZszJhwgQ2b97Mli1bePvtt1m5ciV6vR5nZ+cX7pcQL1MuDzcehD/lcVQMq3af5mnMc4b3bMwH7WvwMCKGqj1m8vPm47zVtBzBoZEUzZ+TGZ+/QezzBCYs/p2cHqZjbcpyU1WKfXPep3yxvHw2dTMzfz3MnuPX8SnkyY8jOlKnfGFKFMxFLg83JizZz97j16lYIp/Wl71z3qdh5SKEhUezZt95XJwdOLHkU/Llzsqn321kzhpTEPh5goERvZvg5uJEp6bliYmNJ2vjUezyt71ZpWVtH34b3w0X5+ThgahoU+ayh7vpZrj56/0JuHBHmz7o7XoZfi3b1C9NwypF6NCoHO6uTly784gjZ4O4cPMBlX28M7w8IYQQaZMAsBBCCCGEEOJPoZqjloq9QWpfMF5picUajAqXnusIeGLEYHQkTm8a61cx2ubFquZyy4qqYFR0OBgV3BQj1Tx0+LjozbWY07dWRWcae03VxgC2DNhr2S6raK2aweCsgtU8VsvFXPZZVROrSyum7UlviPmvZLmI/+zZsxTbeHt7c/r0aaZMmcKdO3eIjzeVV3z69Knd9kFBQcTHxxMfH28T1AQICQkhNtZ0sbJWrVraeJTWwUFLll716tVRFAUnJyeqV6/OrVu3bALA5cqVw8kpeTYMmMagPXjwID/++CNhYWEYjUabPru7u6cacHz27BmHDh3SMnqdnJyoXbs2u3fvpk6dOkRERBAVFYWPj482T4ECBViwYIHW/vTp00ydOlXLlouJiSE+Pp7Y2FgePnxImTJltHkdHBL/5H/y5An379/n22+/1TIaVVXFaDTy4MEDAJtxPC0BIg8PD+05V1dX7XVOKleuXCxYsIBjx44RERFBQkICefPmTfG1sCc8PJwCBQpov8fHx9O4cWPAFAB2cnKiZ8+evP7661p/7JWZtrwfrq6uGVq/eLV4e3uTJ08e7fecOXOmeZ6wlB0uV64cAA0bNmT//v0oioK/vz+QuM87OTmRNWtWYmJiePr0aZrHf3rkyJEDRVFwdHTUlp00AGw0GgkODsbFxYVixYoBMGDAAD799FN0Oh2bN2/W2hoMBm7duoWjo6M2lrileoL1ec0iPefm9LI+V1apUoXcuXOzc+dOzp8/T40aNWjevDnlypXjxIkTqKpK6dKltXNynTp12Lx5s9ZHLy+vF+6PEH+GR5GmmyZyZnPj1BVTRu64RfsYt2if1ubmvcfkyeHO6zWKs8v/GgXbTOD1GsVp27AsbzUph9GocjX4EW4ujpQvZvpc/H6gH98NaIVep5BgMLLpwEVGL9jN3bAoraS0JQgLoNMpNKxcBDCVd1ZVlWqlCpAvt+mYyp098aYOV2dHfAp5MnzuDj74di1PYuIAtP8tapUvZDf4C5DVzXSuiHhi6sO+49dZveesNr3z6xUy9DoC1ChbkKEzt/K/Wdt5GJF43ouMtv+9QgghxIuTALAQQgghhBDiT2BVVlk1hShVxVSiWbUEW1WrtoopGGWhKHZqGyeLcyrEqToORal8e8tAhNERA5jG9TUo5virYhs0VVWMgN6gUkAfx7AyzhR1U3BMMf5rCmOrComBVlOdafOTinVTqz4mhmWtQrh2lq0COi3eqygqqjkb2DaN2fKamTOCMQWfHQwGdKpq9VL9M4LBliDevXu2Y7sdPXqU9evXU61aNYoVK8a4ceMoXLgw48eP5+HDh1pg0h5LaVAvLy8GDRpkM61IkSLs2bMHsA1iWrMEKhSr98wSwLEOlKZm6dKlLFu2jPr16zNy5Eh27drF+vXr057R7MCBA8TFxTFs2DCtH0ajEScnJ+Li4nB0dEx1/suXLzNq1ChGjhxJnTp1cHR0pFWrVjbbldYyRo4cmSxb0TqIllnjx4/HYDAwc+ZMvLy8WLNmDWvWrEn3/AaDgeDgYG17wPS+LFq0CAAXFxc8PT3R6RKz9QsUKGB3vOW7d++SN2/eFPcF8e/w5ptv0qlTJ5vnzp07B6R8nrCXwZ7e/eRFj/8XoSiK3X4qioKDg4PNec3yWWrvvJaec7P1TRjplT17dhYvXsy6des4fPgw69atY926dYwbN06rCmB97KbWRyH+Ke48iORB+FNcnB0omj8n8QmmYQX+905D6lRIrPThoDft25un9mTRlkDW7jvHuv0X+GXXGY52rst3/VslW7aiKDjoTcft+MX7mbh0P20blGHp6M78sus0c9ceS7FflsPdst6kIp/G4jdoEfEJBuYMbUepwp7Uef8HLbCcHiUK5ubUlRDOXr9P63qlWDm2KyvHdqV2nx/wv5D8czc93h29mt9P3OCr3k1oUbskn32/2SarWAghxMsnYwCL/7N334FRVWkfx7/nzqSTEEjokFClVxtSRJBVscEqSFGwt1YFgwAAIABJREFUrq6+oisioihWFBVXVhARcS2wKBaKIhZARBCkFwFRgdAhdBJSZ+ae949bMpMeiqA8n/edJTP33nPPvTMo8pvnOUIIIYQQQpwWShsYgTC08uA3AgSUjxyvIstrkOmxHllegyyvhyyPh2yv131keTz26wZZ9r6ZhkGW/cg2PGQpD9mGh1yPIteryAlX+FUYfsLJ9YSR6wnD5/Xi84bj8ziPMAJGGD7DS47HizZKrp/Vbu5rh8pKW68FP6wd7J+Ve2Bxo2tlLeTr0X4M/CiPRnsMcP6O313zN+ggwwClMcxclDLxG15Mj4FGnVVrATdu3Jj4+Hh27drFjz/+CFhr8E6ZMoVFixahlGLdunUAdO7cmbZt2xIfH7qenBNo5ORYFStJSUl4PB53Ddj27dvTqlUr0tPTqV69ursW7LJlyzBNE9M0Qyrz6tSxKmdWrFiB1ppAIMDq1atDtpXEWVOzZ8+etGzZskClcEZGRrFr2M6bN48uXbrw/vvv895777kPpRQ//vgjsbGxxMfH8/vvv7vHHDp0iNdee43c3FxWr15NrVq16NSpE2FhYfj9fjcYj4iIoFKlSm7Lawj9UkVsbCwVK1Zk79691KxZ031UrFjxlIQwK1eu5LrrrnMr+cpaYThr1iyys7PdNrxgfQaSk5NJTk6mSpUqIQESQMeOHZkzZ47b1hasQH327Nkh44hzR0n/nHDas2/YsAGA1atX079/fyZMmFDi2CX9/j9VnHVys7OzSUlJAaw2z/3792fhwoUF9k1OTiY3N9edn7Oecd26dQuMXZp/NjvV/0479uzs7CIr/x1z587lzTffpG3btkyYMMFt075gwQKSkpIwDIONGze6/0zOP8f9+/dz6NChMt4pIU4fnz/A4NetZQx6dm5OdGQYzezq3V93HOCa9g25tkMjsnP9tG5YndW/7uHel2YQHRHO7Ndu55ep1hdQPvnuZwxD0aBWApnZPjZsTQVg1P8W0rzfaGb+sJFFa63f5/f3uoSOrWoTGV78v5Pr10xAKcWKTbvcSlqnUhlg/dZUjh3Ppk3DGvTv1poGtRLRZfxD4g2drS4Jb372Ezv2WcthBAImmTm57j7losNDzp2Z7SMjK5fCaK35cd12PB6Dx269jIub1sIfMMs2KSGEEGUmX7UTQgghhBBCnCYa0wgQMKy/ddrtN5h+JIPfAwpTG1anY4K6Lzultmi7ZXPe31bpoG151bwmPq35PTeCTMKswTzaXp9XWRW0pt372V2j185TDRVSMVVc5ayyK3vdSl5DoQyV95dpJnZ7Zvt8hnMxoccXfocUpvJQKUbTrmoWx/0Bdh6DHcejrEpgh2GPrTXKAzVi/dSOyyFaZ1ElymvveXZU/4JV1fV///d/jBgxgqFDh1KrVi3S0tI4evQoSUlJXHPNNSxdalW3TJ8+nZ07d7rPAwGrwsapSl20aBGDBg3i3//+N927d2fatGncf//9NG/enC1btnD06FHatGlDu3btqFy5Mj///DO33XYbWms3PAGr5WidOnVYsWIFt99+O7m5ue6awE2bNnUDieIkJyezYsUKRo8eTY0aNdwAxZnzww8/zPr16xk/frzbYtaRnp7O0qVLefHFFwusEdy+fXvmzp1Lly5d6N27N2+//TaVKlUiMTGRcePGkZWVRXh4ODVr1iQlJYWvvvqKGjVq8NFHH7ktoAG6d+/OBx98QJMmTahUqRLvvvtuyHn69evHu+++S6VKlWjSpAlz5sxh3rx5vP/++6V7Y4tRs2ZNpk2bRsWKFUlJSWHy5MnFtsPOzs5m165dZGdns3TpUt555x3uvfdet1qwNHr06MHnn3/O4MGDueOOO9Ba8+mnn3LkyBFuueWWk74m8ecTFxdX7D8nevbsycyZMxkzZgw//PADv/76K8ePH+fee+8tceySfv+fSr1792bkyJHcf//91KtXjzVr1hAZGUmTJk1YvHhxyL79+/fnqaee4pFHHqFRo0ZuFfSAAQMKjFuafzbn5uYSHh7OunXruO+++0hNTeXYsWPFzrdcuXLMmjWLVatW0bVrV1auXAlYbfPLly/P9ddf765RXqVKFX7++Wf3vUpPT6dv376EhYXx+eefn7ZgXYjSWLR2O53+OYFN2w9w8GgGSVXjeXlgNwD+r+clvD1zGTMWbKTFzf8hPjaKxeu2c3ePi3jm7q58Mu9nps5dx6pfd7PngPUFigsa1QDgob4d+McL0+h839u0qF+VBatTiI4M4+KmtfhuxRbmLd/Cg//+gno1Epj1o9UavaiANDE+hl5dmvHxvJ9pPWAMdapV4Md1293tdatXJMzrYfHP2+n7xIcs/2WX+4Ww0oauvbo04+0L6vHdii007vNvmtapwp6Daew9mE54mIdqCbFUS4wlMsLLj+use7Yj9WhIEB1MKUXD5ETWb0nlusHvczwzl9W/7inTnIQQQpSdVAALIYQQQgghTj0NoKw1ak2FMr0cDhjMyfHyP180kwNRTPZHMtkXxSRfJJNyrMcHOZFMynYeUUzKiuKDzGgmZUYzKSOSScejrEd6FJPSY5iaHsPKrHBytRe0h5CSWavANi9ltjfp4NdLcR0q+EnwWr9K5Z3DPY8zbsmDKw0erQlD07G6hzeuimDc1RF0a2CglOksWpw3f/s8CpOrzvPxzo1RjL8hnguqezBC4+KzQrdu3XjmmWeoV68ee/fuJSIigmuvvZY33niDyMhIOnXqRP/+/QFYs2YN/fr1A6x1OgGaN2/Otddei8fjYdcuq0Xggw8+yG233UZsbCyrV6+mfPnyPPnkk1SuXJmwsDBefPFFGjRo4LYArl27NmBVyXk8Hl555RU6dOjArl27OHjwIF27duXZZ58t9TXddddddOrUidTUVHbv3k3v3r2BvHaqNWrUoHz58sTFxRU49vvvvyciIoILLrigwLYuXbqwZMkSjh8/Tr9+/ejatStPPfUUd955JxEREe6awR06dKBfv36MHTuW4cOH07hxYy655BK3qu7mm2+mTZs23H333dx2223UqFEj5Dw33XQTffr0YcyYMdx888389NNPPPnkk/m+DHFihg0bxvHjx3nwwQf55ptvuPPOO4mKiiI3t/BqoHXr1tGnTx/uueceFixYwPDhw+nVq1eZzhkeHs6YMWOoVq0aw4cP54knngBg3LhxJCQknPQ1iT+n4v45kZSUxIsvvkhSUhJr1qwhLi6OIUOGuOvmFqek3/+n0rXXXss///lPN4g977zzGDVqVKGf68svv5xBgwYRHx/P2rVrqVq1Kk8//TQtW7YsdOyS/tkcFxfH0KFDqVy5Mlu2bKF58+YFvrSSX9u2bRk2bBhhYWFMmTKFgwcPcvvtt9OzZ08AHnjgAW688UZycnLYtGkTLVq0YPTo0cTGxhIeHk6VKlWkbbs4KxxOy2TR2m2EeQ3+0f1CfnrnPqpUtL7MVKd6BeaPu5vO59dly+7DbExJ5ZarWvPM3V2pXKEc3465g9bnVWfcZz8xb8UW+ndrzduP3wDAHdddwAv3XUlkuJdFa7fTpmF1vvz3bVRNiOWZf/yNGy5ryo7Uo2zZfYiH+rQHYOvuw0XOc+wj3bmuQ2MOp2WSnpnDNe0bAeAxFNUSY5n8TG+Sq8bzzdLfueLiBjSqXanEMYMppfhi1K082r8TVSqWY93mfZimptflzVn89r00rVuFinHRTHjsBmpWLs+6zXtp1zzJPU9hJj/Tm4ua1GLJzzuIjY7gRrvKuLRzEkIIUXZK67I2gRBCiL+GjIyMMz0FIYT4Q8TExJzU8Sk791KtUoVTNBtxzrCzUoXCVBoTzRpTM+xwgIVEY6KsylkTtzI3r7LXfo71q7Jf08H7mfbavoAyQZnWOZRpoALKWj63wPq/eWMrralu5PB0Q4M+lTRek0IyW/tYPECAgFL8kq24+4fjrMmsYK0vnG/eyjRJ9hznzcvDubSiwqOdNX0Lu0caQ5sElIFfefBgkhXw8tIyH68uC8PEY1f9OtdiHaM0/OvCozzXOQrD9BAwNB7rjroXERkZeRJv3p/Xb7/9RuXKlYmPjyczM5OePXuSlpbGtGnTTsk6t0IIIYQQZ9qhY5mk7DnCBY2tL3pd9eB/mbNsMx88fRM3X9nqDM/u7JOycy91alU709MQQogT4izLsWbNmlIf06qV9e8CaQEthBBCCCGEOPWURiuNiYmhFeDBr0CroFJZpx+RtgNSN+C1v6OqAcNp/2w/lL2PG/CCNrQV6pqgDROUQmnDandnqrxjnOpdw3qu3DV7KaFgN/g7s8qq/HVaPjubtXbnpQwVkjcXJ6AgoAzCtB9QKAWmYRcz21XUbhiOts5tFwNrrGMVPpRznWdbGfAfSGvNU089RVpaGs2bN2fz5s2kpaXRvn17CX+FEEIIUaipc9fR78mPzvQ0Si2w5AUeG/c1k75aTafWdTiclsXKTbupXimO6zs2xnPJ42d6imXi8RjkLnr+TE9DCCH+kiQAFkIIIYQQQpwGThJpNSfWysBjajzBrYqd9snBlbnYuaqyw05MMK3KXvdIJyxWuOmwVhrscFkHn8CwK2iN4CCV0LDUCXDztcHVQbs6J9QEHecGyPZgTptmrMpnZU80dJyC90nZE9OARwcwtIlS9nFOSG5izc8EZWiUUnbX6QBKm+61n8uUUgwcOJD//ve/LF26lHLlytGjR49Sre0phBBCiHNT764t6N21xZmeRpkM6tuRfYeOM3/lFjyGwTXtGzHqgauJjY4gsOSFMz09IYQQZwkJgIUQQgghhBCnhcJuW6w0ChPDDmfdgNYJZJW2q4A12qPBMCGgIWDYrZ7tUNcJfJ2AWGNX+tpVsRrMvB/IS0/dCVk0YGhrCd+SMtOgY1RwwBocQud/Ld890EWeQ9l7+NF5yXHepIKrk+2qZWvSVgCMNlBotHLGEe3atSvVWp5CCCGEEH9WjWpX4vNRA870NIQQQpzlJAAWQgghhBBCnDZOJuq2Qw7OZJ1Q0w5/XaYHpbUVCBv2KO4AThJsLb6rDdM+3g5aTTsGDan4DXpNYw1kgjaKWJu3iCvRTjgb3AI6uKrYyXDLMK4b2waH00oFzTXoWgwNpiZ06WGJfYUQQgghhBBCCBFKAmAhhBBCCCHE6eEGttpqA439PDizNABT51X3mtqu+LVDYdO0K2LzVfM6AampUSYoTEyP3cbZNNz1g/PW/rWjaOf1/PMo7hqU/YPWoRk0BFUbOyGzuzQxBcqBSzxH0MAq3w7BgXCB7RICCyGEEEIIIYQQIo8EwEIIIYQQQojTLF/rZLfaNy80dUpaFQqDAIbSqIDC8ENAmVY4rLW15G8QrQDtAQwUpltMrAu0aNZ557JfVziVw9rtLF3orPPnuG5OGzRmyPrCdvWyE3rnbxVdJCdgVqHjB/eWzn9uIYQQQgghhBBCiHwkABZCCCGEEGef0mRbUvT4J2GFlyr4qQouobUZViCbqP10jvbTwAjgDShMFAGlMbSdG2ud1zZZm/g1rMoJ4/vjBjlmGKBQBmgn0TXJ+9U6CKf6N69StwxXo7DW3w3uRI3KC5ZNwBNaXVzaj6pVrBwc9Kq8MR1OIXTQOshCCCGEEEIIIYQQwSQAFkIIIYQQZ4RpmqRs3cLvm3/HNENTLFVINWYwDVSuUpmmzZoRERFpHaMkET77uAv3Atp6j4ygN1djr6Nrvaa0SWX83BDt4QqvgVc7S/pqlLbW4M17lxVoTaZSTEqHZRkBcrAqgU0PeWsLOy2aVd66wco0UMq01xcGpZXboLqoq8hrIa3RwR9QtxpX5f2iQo6wfy6uDFhZc7BDZZ3/HhV6mCpQDS2EEEIIIYQQQggBEgALIc5h+w+nnekpCCHEH6JOTMyZnoJL24mVUgqfz8esWbN47713CQQCIfuVJgDu3KULTzz5pBsAi7OQm4Bq+/88oevnYm1zWygbCq0VXq0JNzUe+0hVWNBpr8cbbhrE+P3E5eaQY5gQ8AKm3TE6r4JWOb2YTTACBlrlEk0uEWYMhlbFBq1WfJsX52q3HNmwAmanStcAZVccq+CwutALKHgOpZ19dUir6qIOUVjBtS59j2khhBBCCCGEEEKcAyQAFkKcsypXjDvTUxBCiHNaVlYWu3bsJDP9OKZp9bgtbRWvCWRnZ6PNEncVZ51C0n23tFc7/x/UNLqI8NTeP0z5uaycokqtMHLQoH1oTKtNtA4KRnVeUbDX9GAqRRSRNIsBVABTWasIF3My90eFAsMe35meXWmsFShDBc3/BLjrE1NMAJxvHWUhhDiHzJw5k6lTp7J//37q1KnDwIEDadGihbv9u+++46233iI1NZXatWszaNAgd3tOTg5vvfUW8+fPJysri1atWvHQQw9RpUqVUm3PLz09nVdeeYXFixcTFhbG3/72Nx588EE8Hk+BfR944AE2b97M7Nmzi72+FStWMH36dBo3bswtt9wSsk1rzfTp05k5cyY7d+5k1qxZREdHl+n+CSGEEEKIvz4JgIUQQgghxB9Oa01GRgb79+/HNM0Tat+slN0yF2n//OfgBJrKDi+V+7Kb+jqtmosLPvPxEqCOx6BOOS8BpVHa446p0XaVrH0KBRoTj1aYykCZXjwEMLVCl+UzFDw/p3rZ+RmNDj4h2L+WUNaOfYxT1+sEvE4lcNBawNZUlf2y9IEWQpxb5s2bx9ixYxkyZAjnnXceH3/8MUOGDOGjjz4iPj6eHTt28Mwzz3D33XfTrl07pk+fztChQ/n000+Jjo5mzJgxrFq1iuHDh1OuXDlGjRrFU089xfjx4wFK3J7f6NGj2bZtG6+//joZGRk899xzJCYmMmDAgJD95syZw6pVq4iLK/qLyL/++ivPPPMM+/btw+Px0KBBgwL7jB07ltmzZ3PXXXfRunVroqKiTuJuCiGEEEKIvyrjTE9ACCGEEEKcO5ygVilFWloahw4dPOHwVoPdalfC37NXaJJrvWd2EJp/Hd38D4qs/c0bXQPawFQmpuED5UcRIDwQIMz049UBPNqPoQMYBPCaASL9hlWsawTQnmy0kYMigKKM5eTBczUICq6VO3et8h9Q8qBOm3RrzMIe2v3sl9xaWggh/npmzZrFddddx9/+9jeSk5N56KGH8Pl8rF27FrCqf+vXr8/NN9/sVgebpslPP/2EaZrMnj2b++67j9atW9OgQQPuv/9+1q9fT3p6eonb8/P5fMyfP5977rmHJk2acOGFF9K7d2++/fbbkP0yMzMZO3YsV1xxRbHXlp2dzQ033MDMmTOpU6dOge1bt27l448/5rnnnuPGG2+kbt268ucgIYQQQghRKAmAhRBCCCHEH8YJt0zT5PDhwxxLk/XYzwnBOaUTmBoEhcHBD2VV6pbq77MNlA7D0OF4Ah48AS9+jybXY+I3IKCchyagNH5Dk+M18RkKb8CLYXrQOgx0OOgy/KdREcGstU2feDCbPxDPHwIbgEfl3bvgY4QQ4hzRu3dv/v73v7vPPR4PYWFheL1Wk7uUlBTq16/vbg8LCyM5OZlt27bh9/t5/PHHadWqlbs9MjISAMMwStye3969e8nNzQ05X4MGDdixYweBQMB9beLEiTRt2pSLL7642Gtr2bIlPXv2JDY2ttDtc+bMoXnz5lxwwQXFjiOEEEIIIYS0gBZCCCGEEKdXIUuVGgr2p+4jIyPjjEzpdCo2+itNF+D8/sQBX/72xCr4J6diNpjdQtnKUHVe22YVWjDsjG69GMC56x5tgKlQVq/nUCrvOK1MuwpY26+YoW2pC1yFtaKvttsuh1T7mkEnMrASZ5XXdrp4ThPn4PWOlXXfgsPgkEO02wI675A/8YdECCHKqG3btiHPf/zxR5RSnH/++QBkZGRQqVKlkH1iY2M5fvw44eHhdO3aNWTbV199xYUXXkhMTAxAiduDOX+OCQ5sY2NjMU2T7OxsYmJi2Lx5M7NmzWLSpEmsWbPmBK/a8uuvv5KYmMjgwYPZtGkTSUlJDB48mLp1657UuEIIIYQQ4q9HKoCFEEIIIcQfJq9NoWbfnj3kZGWd0fmIP4jK93NRrZ/BWvs2fzZcaJAaPIiBxsAMPq6QsZ3QVuGEytZ6u1aeW0SImr+iN3/Vr1JBDzuLVSqkQDc4ry0oqAoajcKwxjV0vmpp8p5j/17SzqylFbQQ4tx09OhRRo0axV133eVW6ppmwZb+SgW12A+ydu1aZsyYwX333Vfo+CVtL+pczjatNa+++iq33HILVapUKfV1FeXw4cMsWrSIdu3a8fLLL5OYmMjDDz9Mbm7uSY8thBBCCCH+WiQAFkIIIYQQfxjtVC8qRUpKSqF/cfpnV2h3YOdR7MYiHn9i+S9BKWX9xXhhwaYdqDrfESi6erjgGawQ10lf849ZyETcfUpxk3UhhztzN4JKk+2HNuxu0ifx3unCWkAHt8z22BNzL0QIIc49fr+fJ554gkaNGnHDDTe4rxuGUeDPF1prPB5PyGupqak88cQT3HPPPTRo0KDA+IVtf+ihh+jcuTOdO3fmtddec8Pe4HDZ+dnj8TB79myOHj1K3759C70GZ6zOnTvz3XfflXjNPp+Pvn37csMNN9CkSROGDh1KWloaK1asKPFYIYQQQghxbpEW0EIIIYQQokRWcHvqgiafz8eOnTv/UgFw/sqi/NVGpbl/he1f1jHOLqGlv+6VBH8N1QCcj0FwgFvEKGeEzvtFBwfKWlshsGk/N4O2KTsctnpGlzx+oVXSTitoe6NBaO6rkOJfIcQ5a/To0aSlpfHyyy+H/PuxXLlypKenh+ybnp5OuXLl3OfZ2dk89thjtG3blt69excYu6jtjz/+ODk5Oe550tLS3PGdFtFpaWl4PB4iIyOZNGkSe/fupVu3bgAEAgF8Ph9du3bl+eefZ9KkSe7YFStWLPGaExIS3EpngOjoaKpUqcKBAwdKPFYIIYQQQpxbJAAWQgghhBAlcsLMUxVAHjl8mEMHD/5lsqvC2krmf62wfco67qkO4v84eY2KQ6pjnctzQmBDQ8AJiotsyvyHK6x4OHhNYQxlhcF2KKuc9tClrNIN3eq0lSYvGHbCZWfnoMBYFzKCEEL81X322Wd8//33TJw4kejo6JBt9erVY86cOe5zn8/H9u3b6devn/vaCy+8QGRkJEOGDCl0/KK2F7a2cGRkJL/++itVq1YFYPPmzdSuXRvDMHjttdcIBALu/gsXLuSDDz7g7bffJjExMSTMLY369euzfv1693lubi4HDx48Je2lhRBCCCHEX4sEwEIIIYQQokSnJHjUTtGkJjU1lSNHDluh2UlProz7n8qszF3nVaHRBAIB9+H3+wkEApgBE1ObdvpZhslqDYaBMhRhYWGEh4cTHh6OYVjls3+eIDgoHHUY9uvofMGmKvT9KfpK8zWK1vaYqqT4WOcLTssQOQeFvNqt+tXWk6AQuMyfbJ13nHJOYCgw7Spiw74+bd8wpdyrMDSYf5aPgxBCnKRVq1YxduxYnn76acLCwjh06BBgtVyOj4/n8ssvZ+LEiUyaNIlOnToxbdo0vF4vF110EQDvvfceq1ev5j//+Y9bwQsQGRlJTExMiduDeTweunbtyoQJE6hcuTJZWVl8/PHH3HTTTQBUq1YtZP+KFSuilKJmzZondO29evXi5ptv5sMPP6Rt27ZMnTqV8uXL06ZNmxMaTwghhBBC/HVJACyEEEIIIUqUkrKV5ORkPB6PFTrp0LSp0DBSa/bt28v0adPx+3whgVhKyhYyMjJPeD4KSNmyhXfefpuo6JgS9weoUKECV13djcRKld0xCk7ZDgLdhWg1Wpvk+nwcP36ctGPHyMzMJCs7m5ycHPw+HwF/gKysLA4eOsiB/fs5fPgIR44ccffNzs4mNzcXv9/vtrwubVZneDxERkURHx9P1apVqVu3Di1btqJ5i+bEV6johsH2VO25l3LwP0D+dXzzWhoH/ey0NbZ/Vqa7HHDIKAXDWW3/X16XZUMbKK2tMFQ7Qap2zpb3JQT7NdM+TukAiqIW7lWhHZqdrNd5wQhKew13F1TQ7xFnBoUHzEEhtLYG0YYf5by1Bd5QVciR+XtICyHEX9e0adPw+XwMGzYs5PWkpCSmTJlC9erVefbZZ3nzzTeZOHEiderU4cUXXyQqKgqATz75hGPHjjFgwICQ47t3784jjzxS4vb8Bg4cyMsvv8zAgQPxer1ceeWV9OnT5xRftaVatWq88MILvP7667zzzjs0btyYUaNGER4eflrOJ4QQQggh/ryUPpFedEII8ReQkZFxpqcghBB/iPzVKmWVsnMv/fvcQNe//Y17772X8uXLo3VoS+iiAuA1a1Zx6y39ycrKCokCT0MRbonq1qnD6NfH0Khp0yLn4PzROCcnhyWLF7Pg+/ls35bCwUOHyMrOxu/3u5W9gUDArs7U+P1+cnJy8Pl8BUPkU3Ft9pher5fy5cvToGFDburTl8svv5yoqCi7RTf2eU/6tKdMcADsR7FGKYb7A/wQHoGJkVf9awKmwjBNGgd8PB0J3bTGqxWm4beDWyP04rSVxBraAyhMIwCmAcqPaWhUvuVztfs/oA2NMg2Uth9oTMMs9ENhBcwKQ5v4lWKDz+DenzNZkxuHdkp2tf2rqVGmSRJZjG/j5dJyTuFuMRXG7vrCJgpFJl5e+MXHaxvDMLXXujeavF/RGBoGNUrnqQsi8Gis1BwjZPSythUVQgghhBDiryhl517q1KpW8o5CCHEWcjrSrFmzptTHtGrVCpAKYCGEEEIIUQrbt6YwccLbfPH557w4ciRt215CeJhVbVLaAPZ05ZKnY9yc7By+m/cdH3/8IaY/UPIBp0n+pXL9fj+HDh3i4OLFrFi5gr/3uIE777yL2nXqYHiMfEedpRR5Qa679q/9RQJNSGvjvAS3kE+ZUmil8ePHMMFjmgQMhYnCMD15xwUPhdO22UARwMCPVuA3PHnTendtAAAgAElEQVSBcTC3YtiduBX6hswt/7XZ4f9JvA0KI7Sy2Mp3nTTa3sdZHFgIIYQQQgghhBAilFHyLkIIIYQQ4lynlNUgd//efTz+6FCmTvkIX67vTE/rlFPKrtHUdsynQ7cF/1rca6d6fd784xko/Dm5zJj2GS+MeJ6VK1dYFclno8K+IeC0fnZ+RYPS6KAuzDrk0IL3Uwf9FDAg1+Mh1wMBw1oP1zQ0AUPjN6ztpqHsX01MBX5DkeMx8Bka7ZYil4LSBOXBQQ8ddE1Omhx6FWWj8sZ2xg1Zf9gZWxo6CSGEEEIIIYQQIpRUAAshhBBCiFJTSrE/NZX//Oc/BEyT/gMG4PF4zvS0Tp1C8rTSBL75Xzsd8tYltp+j8Pl8LP7xR7Kysnl06FCat2iB8pw9VaH5K5i1stNLN9jUeRXATpWrsvdzD1T5RnM4b5bimOllWwCyDJXXKZm8hXqtLNb62VQKj9YYpsKDhyphkGyUrpY27zrIq8jNzwjaWznrZRdRxVyU/GsjQ2gFsOmcQdb+FUIIIYQQQgghREESAAshhBBCiBLpfE+OHT3CyyNHkpSURKfLLrNC4D97DpU/+LUfztq6Z831Bc9Dg9/vY/mypUyc8BYPD36E5Lp1TnsYfcooFdQGGgjgFr5a8WbR1+G8N7lKscAfYMThTLYbXlQgDLRVBUxwkayprMpuE0xtYmgfCTrAnRUNHqwYRbgOFPkeq7zFmO0AW+VV4ZpBAbXzYTGUkzcHjVm698Rt7Oy2ytYFgl8nZNbB1/gnecuFEEIIIYQQQghx+kkLaCGEEEIIUaLQZrPW//p8uXzw3rvs3bPbelVrtC5DleNZThMU/p71NEsWL+bbb78hIyMj+OUz2iXYPXW+dXhDnrktjrXdOjlf7KsLHhk8goGJaSgywiM4Hh5DekQE6RERZIQHPcIi3Z+Ph0WSGR7J8bBo0sJjyDW8KPzBKW+BK8j7DoBdVey0eFbKOs5ZQNgADIVS2p2d9SEq/A0otM21toNlp6108JrJ+dpA5/3HnPFn+rAKIYQQQgghhBDiNJMAWAghhBBClMgIelis6GrNmtUs+fFHzLN1/dmyCF7PlaDcMei1s1n68XTmz59HytYtZ1cYWDC7DHoheKMdpBomyi1p1Si0tVth74FSaAx3LOWkooY9trJ7StvBrJWaavdYQ4FHGei8btFFXkNIka2zv7Pub8g5nfV5nZ1KeC+cimel0EpZ03MC8eAb564DrNCGta91Gutcf4KPqBBCCCGEEEIIIf4gEgALIYQQQogyCW4vnJGRwVdff4Xf7z+DMxIAgUCA33/fzLJlywgEAmdVNXax4aQbAjvhaWmjzLzw2F1m11lf2NnsVNCGVBsr8FB0qFwkd2XhoGrffOe1n6uQc5eRsuNcQ+WF1s45nHN68m5b3oUJIYQQQgghhBBCWCQAFkIIIYQQJ8QJgtetXceWLVvOqsDxXKSUIj09nXVr1rJ//wH7xTM7p1JTTnWussLP/CFwCW2s3e7Nwa2YQypngyp17X20QUhr59LcKqcZtBseuw8n7NV556aQ9s6lFTy2EdRiOji0ds4nhBBCCCGEEEIIkY/3TE9ACCHEmfPqh4t45p3vitze74qWjB/S/Q+ckTjdrnn4A7btO8KiN++mQlxUsfve9eJ0Pp73M/8ddiM9Ozf9Q+bXcsAYUvYc4ZcP/0WNSnF/yDnFiQmuAj6Wdoyflv7EeY0ahrwuTr/g+621xgwE2Lp1K3t276Zqtar2TmdocmWl7FLeoPA0pO1yEbS2Y9Dg0FcDZtBORtCAhr3NyDeGLpg7F3o+dOh5nJ9NO/w1gyt/TyKgVUGptzMuQec9udGFEEIIIYQQQgjxFyYVwEIIcQ6rWbk8bZvVom2zWtSqUh6AKhXLua/Vq1HxpMY///ZxxHV9lu37jp6K6YpTYEfqUVIPHyc7V9r1ilNDKYXWmuXLlmOaZskH/MXoU/w4FQ7sP8C+vXsJmOafMyA8kS8R2H2ZtdMmuUCFLqFVtO56vXab5VIMr/LVCatCK42dcYPe0RO9HPKNaaiC5xJCCCGEEEIIIYQohFQACyHEOaz35c3pfXlzIK8a+PoOjXj1gavP8MxOXCBg4vGc2e83nQ1zKMriCfeQneOnUoWYMz2VMjub7+u5TqHYvWc3OTk5eL3WHy+ddtAaa01X7ZZyavcYnJbRJxD46eBjSzFM0OqtKO1UcRY8IH8ba40i7yWn/a8Venu9XqKiY4gpF0NMdAyRUVFERkYQHh6O1+vF4/FiGMUtNJtXxpmZlcm2bdvYn7of0wwEzbbscnKyOXL0CAG/H4/Hc4KjnDkq5OfiI+y8T5kTjgb97FT6BpfMuq+R1xY6aKTCx7d+CAnplbLWHQarRbMZtMawCvmhdGXM+eag7XO4YwZfo3au035NFz1/IYQQQgghhBBCnJskABZCCFEsf8DkxQ8W8MFXq8nK8XNBo+q8dN+VNEyuBMCsHzcx4r3v2bLnMFUrxnLHtefzr97tqNn9ZdIysgFofsvrvD7oWm67uk2h5ziemcPQN7/l80WbALisdR1e/r8rqZoQS5f732HFpt0sGn83LepXZfI3a7jvlc8Z0K01Yx++jusemcSC1SkM6tOeD75ezSM3X0rfrs15bPy3fP3T7/gDJhc1qckL9/zNnfOS9TsY/vY81m3eR7XEWG67ug0P9LrEDmoKWvzzDq566D06tEwGYMWm3ZxXK5Fxg6+nRf2q7vYu59fF1Jqft6SS8tlgDhzJYMgbXzNn+RYiwz1c1fY8nr+7K/GxURxNzyp2jqt+3cPj479l9W97qZpQjluvbsO/bmpHri9A5WteoG6NivS+vDnjZyzDYygG9enA/T3bAvD7zoM8MvZrFq/fQYXYKHpf3pwnbutMeJiHC+4Yx96D6fz+8SCqVCzHvBVbeO7d+WxI2U9CXDT9rmjBE7d1LvJe5PfS5B8Y8d733HR5c9b8vpft+45y+fn1ePOR66kQF8XxzByGT5zHzB9+ISM7l1YNqjHyvitp1aAaAAvXbuOh/8xmz8F0enRsTE5uoMB9L8t9FWdOZkYm2dnZxMSEfrkgNrY87dp3IDc7BwCtrPRtf2oqm3/9Ha1PvGo4ITGRevXPIyI8PLTi0mVXbNrhXZWqVYmJKWdvKSg4/PV4vTRo0IDLLuuMYRhERkQQHR1FbGwc8fHlqVChIgkJCcTEliMqOpqoqCgiIiKICA8nLCwcj9eDx+NBqeJWl7VWlNVak52dzebNm3l7wgSW/rQEn893wgGwz5fL8YzjBAKBP3WRqJWjmlZb6CICe2tHO4w1gtbhdUYwyOsRrVVQv+igcxS7uHBQ3mrva6DQhvvU4rSYNpUbQitF0Htf6hQYrUwrTzaC+jw7La0NZf2qTCsP1gYKE60kABZCCCGEEEIIIUQeCYCFEEIUa9j4b3lz+jKSqsZTr0ZF5q9K4e+PTWHlu/exY99R+j/7KRVjo7j96jZ8u2wzw9+eS0L5aP7Z40Le/mIFR9KyuO3qNjSrW6XIcwwe+zVTvl1L7WoViI4MY8YPG0k9fJxvRt9W6nn++6MfiY4MI9xr8MjYr5k672euvLgBleJjmPzNGn7dcZB1Hwxky+5DXD9kMjm5fto2q8VvOw4x/O255PoDDLm5Y7HnWLR2O1dcVJ+2TWvx/aoUbnv+M1b89z53+3crtwJQu1oFAgGTGx+fwprf99KyQVV8fpMPvlpNWkYOHwzvWewc9xxM49pHJpGV4+OSZrXYsvswT0+cR7mocAZc1RqArbsP8+6XqzivViJLN+zkiQlzuL5jI6olxNLriY/YuvswbRpWZ++hdEZPXUy418MTt3cOuZ7Nuw7Ra9iHhId56Nm5KSt+2c2oKYuoUjGWe3pcWOp7DzBz4S/06NgYBcxe8ivDJ85lzKDr3Pe2TcPqNExK5KO5P9P7yY9Y98FA/AGTW575hCNpWTSrW4XvVm5lz8G0AmOX5b6KP54Tmub6fPj9BVuL16tXjzfHjw+qwdRobTJjxgyGDxtGTk7uiYWUClq3bs1zzz9PYqXKOGFqwd0KRnwaXehaxU5lL0C5cuUYcOutDBgwwNlohYG69EFb8HiFnS94rLi4OCpXrkxUZARPHTrApo2/lPo8+ZmmScDvK9Ncz27FVVHn288JYoMPNSGvXBcrRHUCVR383hR+v/KfWWNn0U6VcSB4bJ1XiFxm+dpL55+WU2lsWCfQqtjoWgghhBBCCCGEEOcwCYCFEEIU6XhmDu/MWknFuGhmjLyZqIgwnv3vd3w4Zx3zV20lOzdAIGDS5fy6vPR/V9Hvin1M+34DsdHhPHF7Z6b/8AtH0rJ4uF8HkqvG8+n8DXw2f707/sBel9CgVgIfzllH1YRYlr9zL+FhHtrfM4El63eQevh4qef6xO2dGdy3A4ahGD9jOQAj77uSejUqcl5SIkfSskjPzOGtGcvJyfXz2IBOPDagEyl7jnD+7W8weupiBvftwIj3v2djyn533Dcfud79+cLGNfn0hX5orel479us27yPnzbsdLdXT4xj/tg7qZYYy/xVW1nz+146ta7D+CHd0Vpz/ZDJzPhhI+mZOazZvK/IOb775SqOZ+Yw5OaO3H7t+Rw6lkmHf05g0ter3QA4MsLL0rf/SYW4KG547H/MXb6Fn7eksnLTHrbuPsz1HRsz+aleHDiSQYPe/2b6D78UCIC9HoPXB11L7aoV6NAymbnLt3DDY/9j/sqthQbAfYdPDbrW2JBW4fff2Jan7uzCgaMZNOozmg/nrGP0g9dw9SXn0aFlMtd3aES5qAi27jnC0g072bT9IJt2HOBIWhYdW9Zm1qj+HM/KpfktYziclhly3rLc19FTFxd4/6Qy+I+gME0zJHAMDjy1Dg5nVVBr2xNv6e20lnbWcS0q68z/staFh78Fjys6uHVez3+9hYW9xZ3L2RY8TlKtJJKSkvht06/ok1hT+VwLBt2ldwnNet3CW0OHVtJCwbC4hPGd4VD2OZwgObitdND5rYD2JN4J57PjjK+xQ2BC1zYWQgghhBBCCCGEyEcCYCGEEEX6bechcn0BDvsyaXPbGyHbtu87Rs/LmlItMZap835m+abddGlTl95dm3Nx01qFjvf7zoN8ufhX9/mNnZsBVvjRsn5VIsKtfy0tGn83ptZ4y7Dea4cWyW7b4t6XN+fZ/37HJXePp0OLZLpeWJ9Hbu5AuegINtjhYJfz6wJQp3oFGiVXYv3WVH7feZAl63ewaO12d9wcX15L4ujIMMAKbc5vWJ11m/exfd9RkqvGA9CgVgLVEmMBWGcHvAtWp9C47+h89+5osXN0jn35fwt5+X8LQ+65I9zrpUKcFWxWrmC1tE3PzGH7vqMAXNi4BgCVKsRw6Kthhd6z2tUqsPjnHTw8ZjZbdh8m177WtMzsQvcPfu8a1EoM2RYZYb13leJjSK4az+Zdh9h7KJ0LGtfgibfm8OSEuRw6lhfspmVms3X3YQAua1MHpRSx0RGULxdRIAAuy30t7v0Tp4cTYhaXQ7lBp/PcKmE82TO7PznrpRZWqZl/75LC37Jsz79vaYLlosZ0QmCP10tUZJT12gmME/L8hGbzJ1TYG+1uKOQuBK8NrPJC3bKw7nXQGrz51xY+FYLHccJq55Lc8Nd5UdZHF0KcO0aOHMmsWbMKvF6lShU+++yzEx73p59+YvDgwXTo0IGRI0eezBT55ptveO655wrd9sknnzB79mymTp3KK6+8QsuWLU/qXM8++yzffvstTz/9NF27duWBBx5g9+7dvPfee8TGxp7U2EU5dOgQd955Jw0bNuSll1465eNrrfn444+ZMWMGqampVK9enauvvprevXvj8XhO+fmEEEIIIf6KJAAWQghRJJ/fCs9qVi7PqwO7hWxrlFyJShViWPzWPUz8YgXf/PQ7E79YwcQvVjD5qV5c37FxgfGcqttgi3/eUWA/w1AYJxFdDO7XgdbnVePDOeuYt2ILc5dv4aM56/j+jbsI93rcczhMO3gJ83qY/eqtBcbbYgeVwXz+4ivznO1XXtyAO649P2Rbrcrli52jc98H9WkfEqaXJRAP5iniuIVrt/HPl2fSMLkSU57pzd6D6Qz89xdFjpM2d3ipzufMH+AfL85g4dptDO1/KV0vrM+j475h5abdQN57EB5W+r/EKem+Fvb+ibOAnbApJ7DSCqWtBOtkQsrCVv0NVmDsgksEF71dFfnSaaFUwfVpRdlYxeDKqrp18lltt012djDtT41SwQdR2vbP7mv2+r5utbEGPAoC2s6EtV39e4KfGqekOT+t3GBYPipCiHNdtWrVSEzM+1JiQkLCGZxN4WJjY6ldu3bIa+Hh4aSmppKZmcnRo0dP+Tn37t3L4cOHycnJOW0BcHZ2NkeOHGHv3r2nZfzXX3+dTz75hLCwMGrWrMnevXsZN24cu3fv5pFHHjkt5xRCCCGE+KuRAFgIIUSRGtRKwOMx2HMwjaoJ5Wh9XnXSMrL5cvFv1KlegU/nb+D7VVu587rzefSWS5ny7Vr++fJMPl+0ies7Nnb/7jo7x1fsOZRSrNuyj1xfgPAwD7c+9ym/bDvAzJduISYqHIDDaVkAHDiaUeycM7N9DHnja6onxjLxsb+Tk+un/T8nsOb3vaTsPULj2pWYv2or81Zs5cLGNdm1/xi/7ThITFS4W8lblINHMzBNTcA0WbLeCq7rVKvgBsjBmtSpBMCGlP20a55E+XKR/LLtAAePZRDm9XD/q18UOccmdSrz3cqt/L7rEE/d2QWlFNMXbKR9i+Ri5wdwnl2Zu3LTHgDSMrK56qH3qVwhhhkv3RKy75L1VvvqHh0bc8VF9UMqfMtqv92uO2XPEbbvO0pkhJeqFcvx04adeDwGD/ftQHiYB38gLxyuV8P6S7o1v1l/ceQPmGRmF/1ZgeLva/lykSc8f/FH0EEFmRqFPumaxQLFnsXteAJpWUjM5iZ9BVPjktpFl+pMbnm0xHqlZ32OrK8SGHgxCdM+/EoRwJv3vrshrXaKfsEwCfObhJl++5Zr69fCMle7b7S1yXCrb+3D7OpfO8A37C82mMr+ekMpKrmdgewvSmj7NG7SHDyC0wLa/UKFPRFlfQ5P7isVQgjx59KrVy9uuummMz2NYrVs2bLQauJHH32UO++8kypVqpzyc77//vvk5uYSH1/8f9ucjBo1ajB9+nSiok79Uis7duzg008/JSYmhokTJ1KrVi0OHTrErbfeysyZM+nTpw+1ahXecaoogUBAKoeFEEIIcc6RAFgIIUSRKsZFc8c1bXj78xV0G/Q+FzepxYaUVA4ey+TSVrUpHxPBB1+tZuHabfTs3IwFq1MAaH1edQBqJMbx246D3PLMJwy55VJ6dWlW4ByV4mPofXlzPpq7jrb/GE9sdASrf9tD6/OqUy0xltbnVWPB6hT+MXI69WsmsDRozd3CREeGsTFlPx98tZrt+45SMS6KbXuPkFA+mlqVy3PfjRfzzqyVvPjBAn5Yk8Km7QfwB0we7d2uyEpZx4aU/bT9x3i01mzZfZhGyZW4uGlNN0gNdsVFDWherwo/b0nlgjvG0aR2ZZZs2EFSlXhW/Pe+Yud4d/cLeW/2ar5YtImL7xpPfGwkP63fyR3Xns/Ie68sdo7Xtm9IneoVmPHDRro+8F9SDx9n+76jPNDrkgL7NkyywuKJX6xg865DzF2xBbCC2LJ6+/MV/Lw11W3rfMsVrfB6PTSolcDGlP30euJDMrJ8rP19n3uOa9qdR0L5aD77fgNaa/YcSi9x3eeS7qs4S+XPpBR20HnyYafbCbek3Ks0uVjQQFrn/32g3UA4MzOT1NRUUlNTycjIIODzn0ytp31u634cP36cPXt2U+SixiKEBjxoWijFv8K9pHpgsQnfBzQ+VIH1ecH6D6BmRoBrIxUVTYNWHo1R0u22q3qdUNdqyaxBG3khsFZB6/M6CwXnLdRb3OfDdK/GQCuFVtru6hxUwezs465dnH+xYyGEEGCFfe+88w5ffvkl2dnZNGnShH/9618kJ1tfplyyZAnjx49nx44dVKtWjf79+9OtW163o5ycHJ5//nkWLlxI5cqVGTp0KE2bNgVg6tSpTJs2jf3791O9enVuv/12unbtWuY5jhgxwm3bfOmll9KlSxdq1KjBFVdcwaefforH46F///707t0bgGXLljFhwgS2bt1K+fLlueqqq/jHP/6BYRT875d+/fpx8OBBZs6cyeLFiwtt0XzzzTdz7733ljjulClT+PTTTzl27BgNGjRg4MCBNG3alF27dtGnTx+SkpKYMmUKALNmzeJ///sf+/fvJzk5mbvuuot27doBcPfdd7Nx40YeeughPvroI44dO8all17K0KFD8XpD/2py4cKFaK257LLL3KA3ISGBHj16sGzZMnbt2sXu3bsLtOu+8cYbSU1NZdq0acyePZuJEydy/fXXs2bNGurUqcOIESNYuHAhEydOZOfOnSQmJtKjRw/69esHgM/nY8KECXzzzTfk5OTQtGlTHnzwQZKTk8nNzeX2228nMjKSCRMmSJgshBBCiD8FCYCFEEIU66X/u4qE8tF88NUaFq3bTv2aFXnx3iupUSmOGpXiGD+kO69NXczoqYupmlCOxwZ04t6/XwTAsNsuY3vqUXbuP8bxrNwiz/HqA90I8xp8vmgTew6mcW37RowaeBUA/+rdjk3bD7Bw7XZSDx/ntmvaMPHzFcXO+cNnezN03Dd8ufg3TK25pFkSz9/9N8LDPCRViWfai/14csJclm7YRcW4KIbc3JHBfTuUeC9a1K9KtYRYflizjVYNqvHWoz2KrPjzegxmjLyFYW/N4eulv7Nkww4ubFST5+/pWuIca1erwOxXB/DEW3NYunEXUYfD6NO1BcNuu6zEOYZ5PXz8XB+GvPENi9fvoFxUOP9348U8eXvnAvt279iYwf068O6Xq1i0bjsP9LqE596dz7a9ZW9Fd33HxmzdfZi0zByu79iYp+/qAsA7j9/AwFe/YNnGXVzcpBY9Lm3CjB82krLnCJ3b1GXyU714cPSXfLNsM10vqMf5jWq4LaJP5L4KcfLyqnm1G8JqsjKz+GnJT3z00UcsW7aM9PT0QvY78SpgbTe0Do0MRWl40NTHT20PZGpFGIoflcanvHbLZHtHuwW0R2uaBvzcHeOlgmliYAW52r7/BQWV/Dqtwd0x8wW0SoNhVRMrpU88ljXsB3Zlcd5FUCDsVarw14UQ4hw1duxYPvnkE6pWrUqNGjVYsWIFgwYNYsqUKezfv5+hQ4cC0KxZM3777TdGjBgR0kp6+fLl1K1bl4SEBFJSUhg5ciSTJk1i9uzZjBkzhipVqtCtWzfmz5/Ps88+S+3atalfv/5Jz3v37t188cUXJCcns379et544w06deqEz+fjkUceISwsjMsvv5xffvmFSZMmkZiYyI033ljsmFWqVOGSS6wvgubk5LBq1SoAGjZsyM6dO4sdd/bs2YwbN47Y2FgaNmzIunXrGDx4MB9++GGB83z11VeMHDmSqKgoGjZsyMaNGxkyZAhvvPFGyBrH48ePp2HDhhw6dIivv/6aiy66iCuuuCJkrF27dgFQs2bNkNfvuusu7rrrLsBar7k0Pv/8c7xeL40bN2b79u088cQTxMXF0b17d5YsWcK4ceMoX74811xzDa+88gqzZ88mMTGRWrVqsWzZMu6//34mT56MYRjs3bsXr9eL3++XAFgIIYQQfwoSAAshhADg4b4deLiQENTrMXj81st4/NbCw8d+V7Sk3xUtC912UZOarHn//hLPHRsdwRuDr+eNwdcX2FYxLpqPn+8b8tq/H7ja/fmLV/oXOKZKxXK8+0TRfxnSsWVtvn/jrhLnlV+F2Cg+GdG3wOvtmicVuj5upQoxTBjao9CxSppjqwbVmDVqQKHb8p9r/JDujB/S3X3eMLkSM1++Jf9hAPz60UMhz4ff0YXhd3Rxnz9yc0f354mP/Z2Jj/29yDkGa16vCpOf6lXg9aZ1KvPd2DuLPK59i+QiK3drVIor830V4mQFh7lam+zZs5u5c+Yw/bNp/LppEwG7jbmBE/bqMvSiLvqceRmlRL+lp1AaNAamClqP12mP7K7za79st4A2FGAoTKUwlYHCj2Gaha+56zRVzrc8c8iebttuldcO2si/04my20oX1phBPipCiHPc66+/zuuvv+4+f/zxx7nsssuYMWMGcXFxvPbaa0RERDBhwgS+/vprli9fzrJlywgEAvzrX/+iZ8+eLFiwgGHDhvH999/TsaP15+DmzZvz5ptvkpuby7XXXktKSgqZmZkkJSXx+OOP06xZM2rVqkX58uWZNGkSK1euLDIAXrRoER065P03Vrdu3Rg2bFih+4aHhzNp0iRiY2N5+OGHWbp0KZs3b6Zu3bo8+uijVK9enVatWrF06VIefvhhli9fXmIAfNFFF3HRRdaXc1977TVWrVpF586d6dKlC3v27Cl2XCfoHTt2LPXq1WP06NF8+umnrFixgkaNGoWcx6kCfumll2jTpg3ffPMNzz33HJMnTw4JgJ977jnatm3L5MmTGT9+PJs2bSoQAGdmZgIQHR1d7LWVRtu2bXnhhRcIDw/nu+++IxAIcOGFF/Lggw/SrVs35s2bR0xMDEePHuWrr76iXLly7nswcuRIZs2axZdffkm/fv348MMP8Xg8REREnPS8hBBCCCH+CBIACyGEEEIIQWj46/f5+OmnxUyYMIHVq1eTk5WFFSye+tRN1m09GQZKgwcTgwBZSuFXXjCN0KJZ51cnyDVNex1qE0ObaEOhdCGprfuRCK6w1Vboqwhq1Z2vCjioZXhej+iSqeCf3FbPdgis81cbh0xQPkVCiHNO9erVqVy5svu8YsWK7NixA5/Ph8/no2/f0C9u7t27l+3btwNW9S9Ap06dWLBgAUopli1bBkD58uUBK7vqOBYAACAASURBVJCNjY0lMzOT48eP06hRIxYtWsQ777zDgQMHME3r2znHjxe9hElcXBx169Z1nyclJRW5b1hYGLGxse61AGRkZFC9enXWrl3Lq6++yq5du/D5fCWeN7/ly5fz2WefkZCQwODBgwGKHdc0TXbu3ElkZCT16tUD4MEHH2TgwIEYhsHu3XkdewKBANu2bSMsLIw2bdoAuK2fN23aFDKPhISEkOtzwt5gTsBa2LayatasGeHh4QC0adOGxMREvv32WzZs2MBFF13ElVdeSbNmzVi1ahVaaxo3buy+B+3atWPWrFnuNZyO9ZqFEEIIIU4nCYCFEEIIIYQgtJ3zvHlzGDlyJLt27nQLPE93ca6bJ0qSV2raDmKV6cFjGhhKoT2AEbQMr3NP7ffRqrc2MLQHwy781egS3uCgxtwh1cXOur9OQGtvt0rE7XHzzl3Sexu8m3LW+zWxQmVtn0OpfIXm8qERQpybevbsyU033RTy2vr16wErrBs0aFDItjp16rBo0aIC45S2ne+kSZOYPHkyHTt2ZPjw4cyZM4cZM2YUe0yLFi3cNWpP1OrVqxkxYgTJycm8+OKLHDx4sExjpqenM2LECAAee+wxN+Au67hKqULvlVIKr9cb8iU5589T+df3LQ2n9fOePXtCXp8yZQrr1q0r8J6XVnx8PO+//z7Tp09n8eLFTJ8+nenTpzNixAg3kA5eU/lkrkEIIYQQ4mxQuq+iCyGEEOcwp8VzYe2mz3WP3nIpaXOH8+gtl57pqQhxUrTWaK0J+P3MmzuHUa+MYveuXXbWV3jlr8bK5k76ofLqRN2BRSlpTEwCHj8Bw49Sfgxt303nLQv+Lx5l5adKaVA5YOQCAbTOH6o6ozsPpwezae3mhrzO+DrvXPbavdo5YSnfz5D33wmZ7XbV7sUYQW3HlTO+hL9CCOFISkrC4/Fw4MABEhISaN++Pa1atSI9PZ3q1auTnJwMwIYNGwArBO3fvz8TJkwocey1a9cCVvDcsmVLt7L0dFu3bh0AnTt3pm3btsTHx5fp+FGjRnHw4EF69OhB27ZtSzWuYRjUqlWL7OxsUlJSACuA7d+/PwsXLgwZ3zAMkpOTyc3Nde/R8uXLAUKqn0vLqR5esGAB+/btA+DgwYP873//Y9GiRcTHx7vtodPS0gDIzs4mOzu72HHnzp3Lm2++Sdu2bZkwYYLbinvBggUkJSVhGAYbN250K6vzX8P+/fs5dOhQma9HCCGEEOJMka+xCSGEEEIIgRUC/7JxA2+MGcPO7dvB1MW2fA6K5U6eZHgnzMBAa7saGMO6lYZTHWy4bZqVtiu8FaA8WOGpFewqzLxANZj71ATt9GS2vxAQvKuzSeMGt9bnw/mUlFSlG/xp0phaW6ezn1stoK1puFXBQb2t5eMjhBCWuLg4unfvzrRp07j//vtp3rw5W7Zs4ejRo7Rp04aePXsyc+ZMxowZww8//MD/s3fn8VHU9x/HX9/Z3RyEQAj3DQqKIiDgLQoKitJKPaFqq2K1iq36o60W73pbj3qhFsSjoNYTPPFEBbFeyKkIyH3FRI6QEEKSnfn+/pjdzW7OTTiF97OPkN2dme98Z3Z5tOW9n8930aJFbNmyhZEjR9Y6dseOHZk5cyYPPfQQbdu25fPPPwf8Fsg7U6dOnQCYPHkyq1ev5quvvkr6vNOmTWPq1KkArFmzhtGjRwN+O+Taxh0+fDj33HMPf/7zn9l///2ZM2cOaWlpHHzwwRQXFyec5/e//z233HIL11xzDd26dYtVYl9wwQV1vt4uXbowZMgQpkyZwnnnnUe7du1Yu3YtJSUlDB48mP3224+CggJSUlKYN28eV1xxBbm5uWzevLnGcRs2bMjbb7/NrFmzGDRoEN9++y0A3bp1o3HjxgwdOpTXX3+dCy64gJYtWzJ//vzY56mwsJBzzz2XUCjEm2++ucvCfxEREZHtoQpgEREREdlnRSt/rbVs2bKFN998k4U//IDneTtlvV/ZmUz5n8bEVeaaxPbOkYc2bv3eat/phNLsuJfjK3QrfhMgvkV0ncu5/f1j+W78+sXxP47Z6S3JRUR+qa6++mouuugiMjMzmT17No0bN+amm26iRYsWdOjQgbvvvpsOHTowZ84cGjVqxLXXXhurOq3JJZdcQv/+/cnNzWXt2rUMHz4cqNyqeEfr378/v/+934lozpw5nHfeeYC/pnFtlixZEns8c+ZMZsyYwYwZM1i4cGGt4/7617/m8ssvjwWtBxxwAPfff39sHd94AwcO5C9/+QtZWVnMnTuXVq1a8Y9//INevXrV65r//ve/M2LECJo0acKaNWto2bIll112WSzAbtSoEaNHj6ZFixYsXbqUHj16xKq7q3PUUUdxww03EAqFeOGFF1i/fj0jRozg7LPPBuCqq67irLPOoqSkhIULF9KzZ08eeughMjMzSUlJoWXLlrRq1SrpluEiIiIiu5ux5f/yISKyTykqKtrdUxAR2SUyMjK26/jlq3Pof2SfGvdp1aYdL73yMq1atUoiOLW8Puk1br7xplrb9VXHAwaddBJ33HEHzZq3qNcYkangrwpr+PKLL7jl5ptYtmxpLBz8JYbAwWCQK678MxdffAkNtvO931422gjZQtgY5jgON7su01JT8ZzK30V1PI+Dw2H+AQz2LAHCGBvptVzFW2Gx5S2QDWzB8G/H8E9jKAoE/Q9KtHI2siBwums5K1zG3emGpq6NxL9u1RXANvIRMX4FsGss3xPkT+u2Mdtp6Ae10fEjj41n2a9sG492CHBcCALWxQ+ZK1+DjR6D3wrcWEMxcNtay6PrQngE4vpQR67VszjW8tfWRdzUJYVQtKq5QpVxWlpabW+PiIiIiMheb/nqHDq3b727pyEiUi/RJS/mzJmT9DGHHnoooApgEREREdnnGTzPY/r06bG15qpb91f2LImNkyN/muhCvxYc6/+OX7PXxPbEGq/yoDWcI8qaaItpUz52hQPq9y1bS2w54uhcE6p/bdx11OsEIiIiIiIiIrIP0BrAIiIiIrJPM8DGTZuYPWtWvSuSZQ8VH856FcLUivvVadxoNW9czBv/vELX6WTFmlI7BhObd4Ud4q7J1DNmFhEREREREZG9mwJgEREREdmHWayFZUuXkpOTg+e5dTo29qiGHC7ZSuL4MVR8nJxoLa/BRNpNG/9GmkjKa4gLTSP9nB0wTnx4aqnYPrnyicq3lVcax+8QWXPYGvA8HKeqD0RV5yhfh7j84+RPOqEKOOEc0ZDZxOZi49c/FhEREREREZF9ngJgERHZKbaVhLn9mY958aP5FJeG6dWlFbf/cRCHdWsb2+efz01n/Jszyd+yjb4HtuFfVw3h4M4tkjp+e8ePd9d/PuWeidM56pD2fPDQiIRtsxat4z9TZrGpsJgJN58Te336nBX8+m8TKo31+DVD+d3gQ6u9LzPmruTWpz9m7pIcmmdlMHxgD0b/vj8poQAAL340j3/993OWrdtI66aZDBvYg2vPP47UFP+/sr9duJabnvyImQvX0qhBKv17d+b2Pw6iTbNGAKzJ28zoJz7gk2+XkRIKMKB3Z+4eeTKtmmYmdfy69QVc98QHTJu9Aovl+F6duHvkybRr0Tip8eMN+et/mDF3Jdecfxw3jTgh9rrrerz/9Y/8Z8psjunRgauHHVPt/RLZ2Sx+Vvjj0h8p2rqlniNERUI4Y0hPTyctLQ2ninVuqxwlEjB6nkdxcRElJSX1mMu+przaFmsrhJ9xoWm0jXJ0wV5THvga68TFrdXFp/4eCZ2Y4x94kfGM8c9h4tY+jo0bTaKrGt6CDWCwmGhL6mj7aoiEviSuNRybqyJfEREREREREalMAbCIiOwUl937OpOnLaB9y8Z0bJXF5/NWcvb1/2Xm0yNplpXBuDe+4c5nP6Vp4wYcsl9L/jd/FWff8F/mTvgzoWCg1uO3d/yotT8X8PDLX1Sa/5QvFnHns58yf2kuAAMP2z9he86GQgD2b5tN62bl4WfLJg2rvSfzl+bym78/R9j16NezI98tz+X+F2YQDDhcf+EA3v1iMX+853VSQgGO6dGB75blct/zn1Fa5nL7Hwfx04ZChl77HIVbSziye3s2FhTzysffsXTtRj597BKKiksZ8tcJrMjZRK+urSjcWsprn37PTxu38O6/Lqz1eIALb3+Nr75fzYEdmmGM4Y3PfmDlT/lMf+LSWseP9/r0BcyYu7LSPfjXi5/z78lf81Pk/h1xcLsaP0ciu4LFsnbNGkpKSrDW1nPtX/+Y5i1bcPnIkQwePJiMjIzyLbWMaT0wxiE/P5/77/0n7733Lq5bl2rkfVV5cFvrsrgVMtNYHFtL8W/FMawFnLhq3PhFiCu0mN6uBs0mbpDoOSJhcPnSxWoBLSIiIiIiIiKVKQAWEZEdbu3PBUyetoCmjRvw5ZOXk9kgldP//hwff7uMGfNWcvrxB/PkG98A8M79F3Bw5xZcdPurTJq2gLc+X8SRB7er8fjDD6p5e23jn9n/4Nhcbxk/leKSskrXMOV/i1m8egO9D2jD7MXrKm3PWe8HmNdfOIBzTjwkqfsy7o2vKQu73HzxifztvH589f1qTrr6Gd747Aeuv3AA3/ywhm4dm3Pt747n7BO6s2jlzxz+hyd46/OF3P7HQXzzw1raNm/EoMP3567LT6Ys7NLjd48ya9E61q0v4LO5K1mRs4mBh+3P5HvOZ+u2Mrqd+xCfz1vJhs1baz0+LSXIV9+vpkmjdD4fexnGQLffPsScH3PIWV/I9Lkrahy/aeMGAJSWudz85NQq78F/psyiLOxyQIdmLF61Pqn7JlKb+oe2vnDYZcvWrXieV7dxbHzkaGnVpjV/Hz2ak08+lVAoFFkHNonxbOwPSktLCISCca+jIs/tFf8exFpCx99U47+XSbxXfiGuja3xaw2RCuBIu2nPxlpMV5hEUlO1FqzxBzfxHy+PuFbQYB2b8FwfERERERERERGJpwBYRER2uLDrMWr4sXRsnUVmg1QAOrVuAkDRtjJKSsMsWrWeJo3SYy2Zjzu0E5OmLeCH5Xn0PbBNjcdv7/hEAuCZC9fy8tT5HNuzI5/PS6xWvez0I7jr8pOYu+QnfvXXyq2eoxWsLbOrr/itqG+3tmRnNuCsAd0rzRng5otP5OaLT4zt70XWeUyLtH8+rV83TuvXLWFMz1ocxxAKBGiV3ZBRw49lQN/OADRIC9E8K4P8wmKKtpXWenwoGCAYcPwAwvqBhsXfnppS+/jRAPixSV+yImdTlfd13N9Pp2+3ttz3/GfcPWFa0vdOpDbbEwJ7nkc4XAbW1nucQCBAr16H0rt3X0IpISD5tX9jVaX+QXU+tyTJRNbZNTZ+Sd/oxloPt/ifs+javLExHJMYAkfeTBtbv9fWqVA3lvvGVyxH20BHZ5IQYtelhFlERERERERE9gUKgEVEZIfr2CqLWy8dGHteuLWEt2YsxBjDcb06UlDkr23ZMD0ltk/jhumA31q5tuM7tNy+8aNGP/4+TRqlc835x1UKKnvs37LGa4yOM/rx91m6diPtWjTm2t8dx/CBPao95qIhfRKe//fDeQAM6N054fUXP5rHe18sZsa8laSlBrn90kEJ22cvXseYV79k/tJcftpQyHUX9Kd5kwz6N+lM/7ixZi5cy4+r17Nf22w6tMyq9XiAa84/jrsnTOPoP47FcQzr87dyzfnHkd2oAf171z7+z5uKuP/5GRzXqxMnH9ml0n09snv7Gu+ryG4T++JD/TiBAM2atSCjYcM6Z3HlK9LCDmkdLNUz0ftsY/e9Lm+Yja8gjg/rHfwQ2OAHwvXMY/0hbfX9rCPnNo7VZ0REREREREREqqUAWEREdrq/PDyFn/OLuPjXfenQMovcjVuq3TfsepVeq3j8jhj/lY+/4+sFa7jnisFkNUyr8zVlNkjFGEPTxg3Yv202b32+kEvvnsz+bbM5rFtbbn/mExYsz4vt/8Q1Q8nKTI89/25ZLndPmEZaapC/ndcvYezZi9YxadoCAA7o0IwOLRsnbF+TV8ArH38Xm0fPLq0qza9wawkj73sTgBsvOiHp47t3bkFqSpAlazYAkBIK0H2/ymF4dePf8ewnbCku5a7LT+bT2cuqvHciUB621qniNj7xMpZwuCyyTm5dKyDjWueauPVjjcFsRyWltV5ciGwqbKsc18Vfd/nDXRjrRd+D6BwwkQJZP+W0xtapItnir01rYu+Hh3Wg0r3Y7olvn2jnbv+XxYvGwLbq67VxEb3BlFf2xqpyI8dEn1vwHMrbTUdG8b9lUEU4HCsltuXPTVwIbC14ieewgHEsBouxDtaa8oWBVQwsIiIiIiIiss+rtDqViIjIjnT/CzN4aep8DuzQjDsvOwmAgFP9v05X3FbV8ds7/raSMLeMn8r+bbO5dOhh9bksxvz1NNa8cS1v3fd7Jt5yDqN/3x+AVyPB6hffreKd/y2K/ZSUubFj8zYVMfymFykuKeOBK4fEWkFH/fNPp7DhvRt48rozWLxqPSPunJSw/bR+3dj84U3M+PcfCQYdLrz9VfI2FcW2u67HiDteY9HKnzn3pJ6cfUL3pI7/eVMRl9wzmYbpKcx8+gq+feYKGmWkcundk2NrHtc0/vfL8/jPu7M57+Se9OpaOZQWgUgLXVv+uL6MhZx169hcsBlrK39xJImZADYxsK3rdEz5j+u6/Lz+Z7YWFYF1yrM8a2u8Tuv3XPfbT3suWwoL2bq1KK4n9M5n8TPHaE2pMSYS3BLLLWv+sX6MajxwLJ4xeMbxw3Tr4Fhw4g4wCWfe9cpnYTB4yQWmkYJfYw1OLD2OhMBOXOWvEzmD43+VwIl1gK76Wg3RLx24kRzYAg6esZF1filvAR0JlaOV4m6kihnr4BkPiwcJPyIie6833niD8847j0GDBnHppZcyb968hO0ff/wxw4cPZ8CAAVx00UUJ20tKSnjkkUc444wzOOWUUxg9ejS5ublJb6+osLCQm2++mUGDBnHqqafyr3/9K/IFtcquuuoqhgwZUuv1zZw5kxtuuIHnnnuu0raJEydy1llnMXjwYG688UY2bdpU63giIiIisu9RACwiIjvN5GkLuO3pj2mW1YBX7jyXjEhL5qaNGxAKBijcWhrbd/OWYgAax1XjVnf89o4/5YtFrMnbzNK1G2l6yp0M+NN4AL78bjX7n/1AUte2ZWsJTlylWPfIWsPrIkHplAcupOCjm2M/0bWCi0vKGH7Ti6zO3czVw47h96ccGhtjVW4+i1b+TGmZSygYYPjAHjRt3IDvluVSuLWEnzcVsWjlz+QXFmOMoWeXVvQ/tDOlZS4zF66JjfP3x9/ng6+XcPQhHXhk1K9jr9d2/DcL17CtJMzxh3bigA7N6Nq+GQN6d6Ys7PLl96trHf+pN2fieZbn359Lo0G3cdO4jwC47/nPuOj2V5O6r7Iv2f4yxaVLl/H65Mls3bo1FqImF1hSKXssf7l+oaTrecyZPYdvv51FWVmJXwVry5eAjcaN0bjPWMCzWNdj1cpVTHrtNUaNGsWFF1zIZ9M/w/N2RYBnyoNQCwHrYQgTNmW4BlxjcB2S+okWrXrG4Dp+9bA11u+MTAiXwC64np0r/pNh48L/SPl4+UZT/xbQ5WMQF/rGjedYbMCFgOtvstGw2I2tbVzFx1tEZK8ydepUxowZw4gRI3jqqac44IADuPbaa8nPzwdg1apV3HrrrQwdOpRnnnmGnj17Mnr0aP9/LwCPPvooX375JTfffDOPPvoomzZt4pZbbomNX9v2ih566CFWrFjBI488wm233cann37K888/X2m/Dz/8kFmzZtV4bYsWLeK8887j2muv5euvvyYcDids/+CDD5gwYQJXX301Y8aM4aeffuKuu+5K+t6JiIiIyL5DLaBFRGSnmLlwLZfd+zppqUFevuPchCpXYwwHdWrOvCU/8d2yXA7Zr2VsrdheXVvXevz2jt++ZWMGH9k1tn9BUQlffLeKrMx0Tuy7X1LXd9B5D1NQVML3z19FuxaNmb14HQBtmmVWe4y1lsv++TrfLlzL6ccfxG1x6xgDXDPmPd79YjHjrzuDYQN7sPbnAjZv2UZGegoN01N4dspsbvj3B1w0pA+P/OXXhF2PRat+BqBVtn/esa9/w7g3vqFLu6b897ZhpKaU/1f9i1Pn13h8aaRKefGq9XieHx8sXu23gm7auEGt4/fs2irhvq74yQ+092ubTa8DWid1X2XfEQwF/ZbLdWgxnBCqWXDLynhq/Hg2bdrEab8eStOmzXCc5L7faPEIhUK0btMWxzj+cdsR2hlrycvL5Z677+KnnHX063ccDRo0KD+ftZSVlbFlSyHrctaxdOkSFixYwPfff09ubi7Ws1hseeffHREi1srGuhR7kbJSi2GrcZhjHVYFHNwk3x8DOB60sy6H4pFpwTUBP1jGxRoX1/g1qtbEtzreKRe2QyV0co6k+dElgGOvO5EvH3jEKnW365zxfzecuHE9g7EBHGtxrJ8SO7j+tDyDNfp+r4js/d5++21OO+00TjrJ7/4zatQo3nvvPebOnUv//v35+OOP6dKlC+effz4AV155JR988AFffvklAwYMYMqUKdx222307t0bgD//+c+MHDmSwsJCMjIyatyemZn4v/XLysr45JNPuP322zn44IMBGD58OO+++y4XXHBBbL+tW7cyZswYTj75ZL788stqr23btm2ceeaZDB48mL/+9a+Vts+YMYOBAwdy/PHHA3D55Zfzl7/8hdLSUlJSUirtLyIiIiL7LgXAIiKywxWXlPHbm15kW0mY9i0b88ALM2LbDu7cgptGnMDIM49k5L1vcNo1E+navilffreaVk0z+dXRB9R6/N/O67dd4zdskMord54bO2bWonUM+NN4unVsxpPXnZHUNV78q748+NLn9L9iPN06NmfGvJUEAw6/P7V3tcc89tpXvD79BwAKt5Zy3i0vx7bdNOIEzj+5F+9+sZiR973Jc+/P4btluYRdj8uG9MYYw2+O68bdE6bx7JRZLFiRx6bCbfy4ej19DmxDzy6tmLVoHX9//D0AGqan8Kf734qNf9YJh9R6vOdZDuzYnO+X53H0H/+NMYYFy/PYr202hx/UttbxLxrSh4uG9Im99vDL/+OmcR9x1oDujBp+bFL3VfYdWY2z6hb+VhA91roer778CpNfnUQoJaV8Td8ax/bD1tZt2vLQww/TpUtX0lJTMTW0j09qTtaSl/sT9993L2P//W/S08vX/XZdl+LiYoqLt1ZZ3RurEN6VgWik5bBjLZ4NYDFYY1iD4QkT5iMbJFyHhkEhz+UUz2V0wOFA4xKIZaIOWL8ltIPB8VwcC56p69rNu080BI5V15pokF1h/tGw1pTvV+FBzeLWFE5YGjhWARxt2R0Gx8Uz/o+1lRYdFhHZaw0fPpy2bdvGngcCAUKhEMGg/09cy5cvp0uXLrHtoVCIjh07smLFCsLhMNdffz2HHlrehSctze9A5DhOrdsrysnJobS0NOF8Xbt2ZezYsbiuSyDgd8AYP3483bt358gjj6wxAO7Vqxe9evWqdntJSQlZWVmx5+np6XieR1lZmQJgEREREUmgAFhERHa4ouLS2Jq0q3M3szp3c2zb5qJtAJx/ci/W5G1m/JszmbVoHUcd0p5/XTWEhg1SWZ9fVOPx2zv+jnDTxSeQlhpkwruz+WrBanp1acUtfzgx1gq6KsvXbYw9njpzacK2K846kqHHHcST153Bgy9+zlffr6FV04ZcOvRw/npuPwA6tMzizXt/xy1PTmXOjzk0SAtx3sm9uPWSgQQDDit/yo9V7s75MYc5P+bExu/ZpRVnn9C9xuMJwKt3nssNYz9kxtyVWCxDjj6Quy4/ifTUUK3jiyTDD2YtzZs3IzUtjeLi4u0fE/A8l23FW7HW1lpZHG31vG3bNqxnCQQCNGvenGAoBdi++RjAeh4Fm/Mp2Jxf9T67NOVNQqR9c8BawoBxDGWEKA4awnWYq2sClIQN2xyHrRYcDJ6JpKH+aruUWg/rhPGT0hC/lAC4Igv+JdgqQuBoGTd1y34rDFL+ZYC4UNmvBPbHDxOi2Emh2AkT9EwkwC8/UXrlQUVE9gpHHXVUwvPPP/8cYwx9+/YFoKioiObNmyfsk5mZyZYtW0hJSWHQoEEJ2959910OP/xwMjIyAGrdHq+oqCg2fvy5PM9j27ZtZGRksGTJEt5++20mTpzInDlz6nnVvgEDBvDYY49x1lln0bJlS1544QWOPPLIKucmIiIiIvs2BcAiIrLDNcvKoOCjm2vd7++/O56//+74eh2/PeNX1OfANtWOd1yvTlVuCwYcrrugP9dd0L/W8aMeuGoID1w1pMZ9hg/swfCBPardfli3trzzwAVVbjuj/8Gc0b/m+1LT8QAdW2Xx3C3n1Hv8eFcPO4arhx1T5ba63jvZe1jrB1TNW7QgOzubzfn5sdcqZmS1RoPRA2y0LW9yLaVje1iLjfx07NSR9LRUthQkeSEVx4xWJEeuJX4e0dcqvl6+Q3UT3LkiM8VG1iUOOxbHelhrcZ0QECDpkmRrcY3HPAf+VVpMEw8cayKxL4SNwTOQbxx+DKURNr+c/xti4x9EboeJrc1rIKGg21S+ZzWFvzbul40Gxh6xhaOJntP4n/NIGOx6QZ4rgGkLizGu3/45jEMgMpC1MPPwUH0uV0TkFyU/P5/777+fSy65JFapW2WnDWMS/vs4au7cubz++uuMHTu2yvFr217duaLbrLU88MAD/O53v6Nly5ZJX1d1Tj31VKZNm8b555+PMYZGjRrx7LPPbve4IiIiIrL3+eX8y4uIiIiI7DWaZDej0/5dWLF8Bda6sdej/zSbVOwYC8jqk5ia8rbLFg7scgDZTbJZn/dzPcaKG7WKudQaSu/mIlgTnYJ1IhmnwYk1O05ycgbcgMMKY1gdCFR7NhCCtgAAIABJREFUlAVcJ9Ku+JdW/Guin5rE12IVulFO+b7GmqQKgG3CyB4Yi3Xi1kp2Ir89wPFHzLNBfi4JlC/ibP01pK01tZ9QRGQvEA6HufHGG+nWrRtnnnlm7HXHcSoFs9baWDvmqNzcXG688UYuu+wyunbtWmn8qraPGjUqVsU7dOhQBg8eHBs//lzgt6aeMmUK+fn5nHvuuVTlhBNOiD2+6aabOPHEE2u85kmTJrF48WLuvfdesrOzeeaZZ7j11lt59NFH97wOIyIiIiKyWykAFhEREZFdJn6N3iOOOIL/fTadbZE20PFLnu4qfsWloU27dnTt2pUVy5dTWlq6C2ewhzGxP+pzINYxhHfkfPZQ0eLf2Ge1vKw89rx+7Z9teQvpqiqJoy2eHcAzWCcSCgcAa7Ae5e2iRUT2cg899BAFBQXce++9CeFnw4YNKSwsTNi3sLCQhg0bxp5v27aN6667jqOOOorhw4dXGru67ddffz0lJSWx8xQUFMTGj7ZhLigoIBAIkJaWxsSJE8nJyeHUU08FwHVdysrKGDRoEHfccQcTJ06MjZ2dnV3rNT/33HOMGDGCY47xu+zccsstnHLKKcybN6/GtYNFREREZN+jAFhEREREdpn4CpkjDj+cDh06snjRwoTWybs0u4qUv6akhDhh4EC++vpr1uflVdnKeWeqeL5dfX6ph2jpdKXun9EA12KxmHqsAWyMKQ97owc7prwKmPJ20AkVyE7kd+WOpCIie5XXXnuNTz/9lPHjx9OgQYOEbfvvvz8ffvhh7HlZWRkrV67kvPPOi7121113kZaWxrXXXlvl+NVtr2pt4bS0NBYtWkSrVq0AWLJkCZ06dcJxHB588EFct7zTyWeffcaECRN48sknadasWaxtdbJKS0tJSUmJPQ+FQhhj9u0vr4mIiIhIlRQAi4iIiMhu0Xm//Tju+ONYuuRHwuHdVzdqrcUaQ+8+venZoweffPxxlesE7szzV/U4+lwh8B7C+vkr4Aet0bA1fq1eS3koWy/RVNlWqCqOS5GjgW98h+6Kr9X7/CIie75Zs2YxZswY/vGPfxAKhdiwYQPgt1zOyspi4MCBjB8/nokTJ9K/f38mTZpEMBjkiCOOAODZZ59l9uzZPPzww7EKXoC0tDQyMjJq3R4vEAgwaNAgxo0bR4sWLSguLubll19m2LBhALRu3Tph/+zsbIwxtGvXrl7XftxxxzFhwgTatGlDVlYWzz//PFlZWRx88MH1Gk9ERERE9l4KgEVERERkt0hPT+fsc87mgw/eZ/XKVbv03LF1byHWard169YM+dUQ5syezcaNG3fpfOIFg0Ecx1E1zx4ivjV5NIs3BowDWJu4Pm+0hTM28p/tOG+sdLiKLwDErz0crUKuuBaxiMheatKkSZSVlXHDDTckvN6hQwdeeOEF2rRpw2233cYTTzzB+PHj6dy5M3fffTfp6ekAvPLKK2zevJkLLrgg4fjf/OY3XHPNNbVur+jKK6/k3nvv5corryQYDDJ48GB++9vf7uCrLj/X2LFjufHGGykuLqZbt2488MADlYJpEREREREFwCIiIiKyA9Q96jLGsP/+Xbjp5pu58YYbyPspF7BEi2B3WuWrrfzYGr+KZ+DAQcyaNYvJkyaztagoYa41DVOdikclVPhWGDMlJZUuXbsw/Le/Ze6cubzx+uSEtpG1qutbYKN/mMQiU1PFDarX+asJL5MYxkYmYyPHm0iYmtgg3CRcg7VgjY3c18h+1VRyWwPWxFXbVrNYb/SV8m7MFmP8eVlMYuVtZF1ef5aRRYKxtdxCG70S/xrip+PEXaOXuH/0vMZE7kz03AqBRWQfcMcdd9S6T//+/enfv3+V2955550aj61te0UZGRnceuutSe07ePBgBg8enNS+48aNq/RagwYNGDVqFKNGjarTHEVERERk36MAWERERETqJz7YSnKd0/gg1Vo/SOs/4ET+du3fGfPoI6xcvpz6Bod158QqgR0MmAAZmY248upROIEgkydPonBzgX9pO6AVc+W20n6omZqWRs+evfjVkF9x4kmDyG7alC1bttKgQUO2FBZUNVQtJ0put9hbZiIBKtFQFIy1kVeSvOZoaG8jda8mWpaaUGud1EDWgGfBwYsEwA7gVhonPjr1IkvmGizWGoxx/PC3quLZSJGuYw3YINYJ++ewVaw/HRnXwRLGH9/Di1xWJGk1prwK2FgcC44XAPAfW3AdD2wVfZnjuj1Hg2/H2khAHbefQ3kQHPks2oCHNQGMZ/3gm0D5e7/rOpiLiIiIiIiIyB5IAbCIiIiI1F2FgMlUnbUl7dRTT6VJVha33HIz69as3mUBVnzIZiPVpNnZ2Yy84goaZGQw4T/PsnVLUZXXtl1xsDEEQ0EOPfRQfnvuuRx++BG0aN6SQCgEBtq1b0ejRo3qFwAnm9lGi2Sj1bbGL2MNG4ewiVS4JjVYNJn0MNYQtB4OgVjVrDXJv5mO9Uhxy3CcEFhLEIuLgzWB2EwT+fP08AhESl8DuIS8MKkEq5i/JdWWEfLKCJoUMJZA5IsI1QXGNlKFaxwPF3ANhKxLqufiEgmabeQ2WIuDxXHKgBAYi0vdPs5+Ra8pD33LN0TCZr/ddNC6pLhlBFxD2DgYz43MJVp1nF6Hs4qIiIiIiIjI3kQBsIiIiIjUqlL1aqxyMa7lbR3FV9SmpKQyYMAAXn31Ve6/7z4+/eRT8jdtwvO8SueuqRI3uq8xpvrHkVStYigXX8TcrFlzrr7qKvbffz+eGj+eFcuXU7qtpIoq3sTxq5pfdJvjOKSkpZGZ2ZjDDjuMc889l759+5KSkhJrB20jLYM7dOxIk6bZrF23pto2xtWJdgCOHRXrY1xh3tZ/36J3I2T9Y4PWEMSvwE3+XTUEPIcuYZfjPZdsr4yA9WJVxcleQcBaWhjD/lhspAY4YC2eidZLl8/IJFwtuMYhxcJRYY8rrUsZZZUiY2MhhOVg45DqWVz8QNXx3Mj7Vjkwxnj+Fxw8g+NAWw9+ZxwGuKWRDtQ29nfBYnE8yA5aOltwrBMJ2iMJcTJV5Cby9yo6neglBvBLo63F4DI0dRvDG6cSsB6e8Qh64BkbCd53RQW9iIiIiIiIiOypFACLiIiISK2G/ub02GMb6VkbC5osNMnOJi09bbvO4Vk/eP3Hbbczb+5cPv34E77//ntWrlxJXl4epaWl/vlrTBNNbB9jHNLS0sjKakx6egOCwSChUIi0tDQyMhvSoUNHGjduDKa82XE0eLPWEgylcPrpZ9C3b18+mfoxX/zvC3744Qfy8vIIh8ti87AVArfYGsZAIBggO7spHTp0oGvXLhzauw+HHXY4bdu1IxgMQDToK7+5ALRt04bBp5zKfvvtV4cA2I9InYBD1wMOIBAMRFbRrToMjDRrxjUOji1vo+xYi+eAh1NlzW11AtZykPX4QyBAl4Djj2PAWCfpPNKxfuBrrF+N7EX+dDzPb09dxTgBazE4uMYhhOVIx9LHCUW2Vg6AjbU4QACLtX7bZMe6kaC28gk8P4bG2CABz6Odcfl9SoiwMeV5blzabo2LwSHF86uT/b8n4fL22jVcf+wzGL9j/DrDkZDaGMN+wQAnNwhiHP+cQS+uabdaQIuIiIiIiIjs0xQAi4iIiEitbr/zztjjhILSWOJkSE1PZ3sqD621GMchNTWNI444it59+rJp4yY2btpIQUEB69evp7CwkOLiYjwvUp1q/ADaYnGMIRAIEAqlkJ6eRqPGjcnMzKRBejqhUApOwCEYCBIKBUlNTSE1LZ30BukVplxxMWND+/YdOP/3F/Drob8hLy+Pn3JyWLV6NTk5OWwp3EK4rAzP88s0jTGkpKTQqHEjmrdoQfv27WnZogXZ2U1p0qQJaWmpkSrk6Pq7Vd+LxllZXDTiIlzXTfqORlfytVhCoRDBUEqtxxgsQevh4WCs8dshB1xSPY8MawmbKtatrZJHiuuS5kKKY0hz/YpUazwwHn7kWvsVWGMJOy6WAI4XCaNNJMauIiu3BsIOBDwvUinsYIxHqudhrIOpcF7/ywuu/5kxTmR1YUNZwODYintHBQgbg4OHZyyuA5gwqV5kHeGKZ7AujgVjA7HrDjsmspZwHVUMgWMvGzCGAGWEwgEw+CsmR/4+iIiIiIiIiMi+TQGwiIiIiNQqvUGDhOfR8DK6vKuJrRlbv/TJGBNrpRz9HQqFaNa8Gc1bNK/xOKiiRXV0TtVWz/pxqVdNhWziuH6wnJ2dTdOmTTnooIMqnbPmc1U+c20cxyE1NTWp8RLGtn60bJxo/+Aa4uNoVmgtGIu1hlJjaWXhr14Kv8PDNW5S5zVAwAZoETC0tS7WGMoCAYx1/dAzmdbHkWrZlHAAYw3WhPEcF2sDODay1q4Tvzdg/eplTBhwcWwIvGD5DpXWHzaAg8HieC6uEyZogxgvEFl7N3FvxzMEbYDSgEvYKcOxDiE3iGMNnnErJ7oWHC8V63iUBTwMrt922g2UB/4mYfdKx0f3Sczeo2sCW7AuHsYP1wEIYK0Bx/Mbepvo1wvq/vkRERERERERkb2DAmARERERqVXFdW1NpQeQ/EqvtZ8n+ttxkquZrG5d4OrXC/ZfDyReABUjuZrWG650T5IKOWsRN0Z9xqvymGqGqdyQ2BLAkGnhUONV2xK5+pMDeAT8VBlw4w5P8rNhopW9kSTUBiOV3lUfb2KvO/6PscRKZWu5FdY4see2mvGtAde4BMBvFw1gPLwabot1wmD81tTRhDhWKFzpOJN4j2ykbbRDhTWAI+sHewYIgON/UcLYIBgPTMUvMmgNYBEREREREZF9mQJgEREREZF9UvlasybxKZG+2ts37nYfXt3qxVXtXjHIT+Ygk3DdNc+lirV5k92/hmMqNxz3WYhU/FZ4MTqFSLW5jRsg7qsDNUxQRERERERERPYFCoBFRERERET2KCauAtiWP/ciwa9DtVXRIiIiIiIiIiIKgEVERERERHYHW/mprbh8s2Pi2kD7LxlDxUWCRURERERERERi9K8GIiIiIiIiu0nFvLfKDU5cn+fY/4NTBbCIiIiIiIiIVE0VwCIiIiIiIruFjS3tmxAAOzZS5ou/xVK+JrDFrwo2EB8C24pjiIiIiIiIiMg+SwGwiIiIiIjI7hBJbG2ku7MxYPH89s5OJNK1cZW+Fr8dtAVjnMgAqgQWERERERERkURqAS0iIiIiIrKHSIhzY22g42qEI8+tgl8RERERERERqYYqgEVERERERPYE8X2c4/tCm0iJsBfZzbH+a7Ge0CIiIiIiIiIi5VQBLCIiIiIisocwCQFwJPiNdnuO/DYGTIX2z1r/V0RERERERESiVAEsIiIiIiKypzE2Lg2O4wAeagEtIiIiIiIiItVSACwiIiIiIrI72PLKXReHsGModSyeY8CJlPq6xLWCNuD5B7mOodQJgLU4FhysqoBFREREREREBFAALCIiIiKyy8VqN6NdfG09Wvgq7dsrGAslJsBs4/BhaRmbHYcvLXjRxXoc4j4wFhwL1uPLcIDbt3o0Dpfyq/Q0DgmAUVWwiIiIiIiIiKAAWERERERk94nmdQpz90kW8BwPi8s8k8K/CVLgOXjGK98jvg20BYzBDRi+IoWZxZbs0jCd0j0OIrJs8C6/ChERERERERHZ0ygAFhERERHZxRTSCRAJd0MEcHGMhxuwlDkp4AUwNvIp8eL2t2A8wFhs0MUlgFuaijXgWM+vAN5BH67lq3N2zEAiIiIiIjtR5/atd/cURET2SAqARURERER2EWsTW/Sa+LSujsFd/FjGKFL+RYqs3esRxFr8z4Dj1/HaSGvw8vV/I78sYANgA3gO2GApBsffsAM7QOsf0kRERERERER+uRQAi4iIiIjsAvGBred5bNywgcKCwvpldsYfLysriyZNmhAIBHbYPGXXMZEFoF3HJewE8SJNnE1kbWhrbGQNYONXAhuLFwQ8E6kE9sDx8IyDh8ExVtXlIiIiIiIiIqIAWERERERkVzDGxELgrVu38uiYMbzy0suUlZX520muCNha668da+CPf/wjl112GU2aNNlp85adx+/ybHG8ACEcAgCOh7UeBgeDg/WIqwSOfEIczz/YOlhCWAwmEh+LiIiIiIiIiCgAFhERERHZRaKtmo2N/ODhJCzymswYgLU4NlpBKr9sBozFdSItnB0DnsEaJ7a5vArYgvXjXusYsBbruARQBbiIiIiIiIiIlFMALCIiIiLyC5RsxbD8clgTeVejb67FT/wN4BJ73cZ/Z8BEFwsWEREREREREfEpABYRERERkb1bxXx0T07OTdxvQ6Tq10SqgAFrE9tBGxOpLFcILCIiIiIiIiI+BcAiIiIiIrJX8dda9hfOzcvLZe3qNYRdt25jYMnMzGS//fYnLS1tp8yzapGK3wCRTNeCR3lFsGcwJhr3+uGvol8RERERERERiacAWERERERE9kIWN1zGe+9O4emnn6a4uNjvlpzksWDo2asnN99yK+07dNiJ86yBsX7lLxBbKtox2Oh1GL84eE8uaBYRERERERGRXU8BsIiIiIiI7JXKwmHWrl3Lz7l5lJWVJRWUWmv9qlprKdhcgOd6tR+0o8TaP8f1gbaR1x38ENiCcfx1gI0tLwwWEREREREREYlyat9FRERERETkl8ahZFspP+fmEU4y/AVi4a8xBrOTa2uNBWMtHtb/P2bWYLD+Or/RWDe6FrCx4Pg/0Q7RGCLr//qVwAqCRURERERERARUASwiIiIiInupoi1F5OXmxQLdPY0f2vpxro2s/WttdJ6WWM/q+N7V1uIFDXgB/3HAxZgAWglYRERERERERKIUAIuIiIiIyF4lWsW7ubCA3Nzc3T2davm5rkPYOAS9MFluKTYQwq8DrhBYR6qFjefhYcEGMbhkl24jJaUhnjEE2IXtqkVERERERERkj6UAWERERERE9irWWlzX5efcPDZv3ry7p1Mjx3pk4HIahj6hdEqMwTEuxjpQRQjsv+YRsH5I7AQb0tqBoBsm0hN6l1+DiIiIiIiIiOxZFACLiIiIiMhep6ysjJyfcijaWrS7p1Ija8A10NRCtusRNgGC1gJupfwXDB4WSxlBL0DYccEJEPACOFbhr4iIiIiIiIj4FACLiIiIiMhexRhDSUkJq1atpqy0bHdPp1rWgAsEcHA8F+t4GAMGF2wg0go6/gAIWIvrODhuCiHr4TouxhoMaBVgEREREREREQEUAIuIiIhIEqytOVoyO7LysKpTqbAxCZbym+fEvV7faNDEHftLixYt24qLWLpkETaymq6xcVexx3yeDAEAC9bx37Og9TA4kTlWWgkYjCFgA9hAGAAH49cF+8mx7AM2bdrE8uXLadiwIQcccMDuno6IiIiIiIjsgZzadxERERGRfZ2xkR/ifuKexzLCHZETmip+6sPu4J9fhKpu2PZM/hdz4QmsZ9mypYhVq1dH7ojZI68k9hGP/mEMpqYPfWSTifu7YeIHkn3CbbfdxqhRoygoKNjdUxEREREREZE9lCqARURERKRWb7z5euSRJRAIkJ7WgKZNm9GhQweaNGmC48QFbNEH9QykKgZ1tQ5TS7K3vbnYnhgcVq3Cldb5RlY8Nm6AHR0u1nZTt/N8ruexceMG1v+8vny8X84bKVKtTz75hG+++Ya//e1vHHbYYbt7OiIiIiIiIrKHUgAsIiIiIrX661/+EvfMYq2f0AUCAdq1bcex/Y7lpEEncXD37mRnZ+M4TuX8Mek20RaLBQzGWsrCLqWlpZSVlVJWVkZZWRmu6+J5Hp5n/d+uy+b8fJYuW8aK5ctZl5ND7k+55Ofnk5+/ia1biykrLaUsXJZcQB3ZJxgM0jAzkzZtWtOla1eOOPIIevbsRZs2bcjMbIjjOLGBdmgb7HqKtuouLi7m++++Iz9/E8SaINeNsZCamkrXAw6kZauWCde3vddaFi5j5fIVfPfdfCp1Fzfbn9V6rsvCHxZQkJ+fMG4yovfQWsuGjRv44MMPaNqsWVLHNmiQzqGH9qZVq1ZYa7HWYozBGBN7vLNEx6+tXfuukpeXx5lnnhl7npmZSa9evfjDH/5A165dE/a95557ePvtt6sc54MPPqBBgwYArFq1inHjxvHtt99SUlJCly5duOCCC+jXr1/CMdZaXn75ZV5//XVyc3Np06YNQ4YMYfjw4QQCgdh+w4YNY926dbHnTZo04ZBDDuHyyy+nY8eOsdefffZZxo8fzznnnMPVV19d5fUBZGVlccwxx3D55ZeTnZ2dsG3Lli2MGzeOadOmUVxcTKdOnaqc+/HHH4/nebz77rtkZmbGXi8pKeGpp57io48+IjU1lbfeeousrCwGDBiQcPz777/P7bffTpMmTXjppZdi92769Olcf/319O3bl4cffrjKex3vtddeY9KkSeTk5NCsWTP69+/PiBEjYuPFn6sq//znPzn22GMT7tPYsWPp3r07AIWFhZx66qk4jsP06dNjx1V8T6IOPPBAnnrqKaDy5yUjI4NOnToxYsQIjjrqqGqv58EHH2S//fZjwoQJlbZHr6Vfv37cc889td0eERERERGRPZ4CYBERERGpVfy6IdYSa6hr3TCrV63gpf+u5I3Jkzj00D4M+fWvGXzyyWRlZ29H+2bLrG9nMnfOHH7++WfyN25ic8FmCgsKKSoqonhbMSXbSigL+2FwybYSthRtwXO98nNGcrD4KSQ+rn5yNnKwGy5l86YNbM7fwIIF3/H2m2/QvHlz+vTpw+BTTuHYfv3IymoS6cm7e8UHfyUlJbz66su89dZblJWU+NvrOJ4BGmRkcPkVf+Kii0aQlpa2o2bK5s35PPfcBJ57bmLc+XbkPfQX/I0GrvUNX1csX86999yd9P6t27Th9jvupFWrVgCRLwjU//x1taeEv/Ecx6F79+7k5uYyY8YMvvnmGx588EF69uxZad/WrVvTrELYHg1s8/PzueKKK8jPz6dNmza0bduWBQsWMHr0aO6///6E4O+RRx7hlVdeIRQK0a5dO3Jycnj88cdZu3Yt11xzTaXzdunShfT0dNatW8dnn33GggULmDhxIo0aNUrq+rp16wbA6tWrmTJlCgsWLODpp58mJSUFANd1+b//+z8WLlxIw4YNadmyJQsXLmT06NH84x//YNCgQTWew/M8rrnmGmbNmkVKSgrNmjVj0aJF3HjjjVx77bUMHTq00jGbNm3i+eef59JLL631GioaO3YsEydOJBAI0LFjR/Ly8vjvf//LsmXLeOCBByrtn5mZSadOnRJeq+rePfbYYzz++ONJzSH6nkTFB/JR0c/L5s2b+f7777nmmmt47LHHqvxsTZ06FYBly5axYsWKSvMVERERERHZ2ygAFhEREZHtZq2luLiYL7/8gm+//ZYPP/iAG2++iU6dO9d5rEg9LW+88QaTJk2itLjYD/Ms2FoytNh6xBVfjwsC68NgwFqs9cjLzeX9995jxmef0e/4/lx19dV06dp1l4V8yWjYsCFHHXUU0z+dxvqSPP/+1SNg3VZczKxvv+X035xOq9atd8jcrIW8n3JZ8N33mIS3Y8eGl9sThia8l3UZx9qEbxlE57Bp0yZmzJjB+vXr6z2nmhhj6N69O4cddlis4nhPkZ6ezhNPPAHASy+9xKOPPspdd93Ff//730rzPOeccxg2bFiV40yfPp38/Hz69OnDww8/jDGGl19+mUceeYQXX3wxFgCvWrWKV199lYyMDMaPH0/79u3ZsGEDF154IW+88Qa//e1vad++fcLYN9xwA127dqWsrIzLL7+cRYsW8fnnn3PqqacmdX3jxo0D/Crfiy++mBUrVjBjxgxOPPFEAN555x0WLlxIt27dePTRR0lPT2fmzJn83//9H2PGjKk1AP7www+ZNWsWbdu25YknniA7O5sZM2YwevRoxowZw8CBA8nIyKh03IsvvsgZZ5xRKVSvyU8//cQLL7xAIBDg8ccfp3v37hQWFnLxxRfz1VdfMX/+fHr06JFwTK9evZKqmp03bx7Tp0/n+OOPr3Xf6HtSk/jPy4MPPshrr73G22+/XSkAXr9+PfPnz49VyE+dOpU//OEPtc5BRERERETkl0wBsIiIiIjUSbXhkgWspayshM+mf8oN1xdxx5130qlzZxwnUPUxVZ8BYwxe2GJdzw8uDXj+r+2qE002GKtqv4qvFW0p4v13p7B29Sr+fv319O7Tl1AoVKfz7Ejx5wwGgxxySE8O6nYQMz6LWwc3SdHI03qW5UuXsuTHH2ndunWtAXy1A1FeVW09j+UrlrEuZ12lee9I9R13ewLUisdFA6f1P//Ms089xfz58+o1bjLnvejiEfTu3Tv2GdwTDRs2jMmTJ7NmzRrmzZtHr169kj42GqZv27aNsrIyUlJSOPXUU2nbtm1CW+LPPvsMay0DBgyIBb1Nmzbl9NNP5+uvv2bNmjWVAuCoUChEjx49WLRoEXl5eXW+voYNG9K3b1/WrVvHmjVrYq9HWxyfffbZsarWww47jKOPPprNmzezYcMGmjZtWu24n3zyCeDfv2hr6X79+tGjRw/mz5/PV199FQuboxzHoaSkhCeffJLrrrsu6Wv43//+h+u6HHPMMbF2zZmZmfzhD3/g66+/ZuvWrUmPFS/6d+GJJ57g2GOPrdcYNenTpw+vvfZale/bJ598grWW0047jbfeeouPP/5YAbCIiIiIiOz1nNp3ERERERGpG4vl66+/ZvTo0SxevBjr7XmtabeXxYK1zJ8/n/vvv49vvvmacDi8u6cF+GFLm7ZtOeLoo0hvkM72VNduWL+eb2fOpKS0FL+OePuC1bLSMn5Y8AMFBQV7VKXqzmZ28s8OLqDeKYwxHHDAAQAsWbKkTsf279+fxo0bs2DBAs4991wmTpyI67oce+yx9O7dO7ZfNHht165dwvGXXHIJ48aN4+ijj672HKWlpcybN6+GLs84AAAgAElEQVTK45NRWlrKDz/8ABBrA17TnO677z7GjRtXY/gLflUz+G2R4+2///4ArFy5stIxhx9+OC1btmTKlCksXbo06WtYu3YtULnl8imnnMLNN9/MkUcemfRY8Ro0aMCJJ57I6tWref311+s1Rk2+/fZboOr37eOPPwZg6NChHHjggaxcubJO90REREREROSXSAGwiIiIiOx41v+ZNWsWY8eOJX9z/u6e0U4RzdzmzZ3LhP88y+rVq3brfOKlp6dzxBFHsl8kJKqL+Erroq1bmTt3LuvWratbO+RqbNq0icWLF1OybRvgV3buiWvXys7RuHFjAAoKCipte+SRR+jXr1/sZ8qUKbFtWVlZjBkzhm7dupGbm8vYsWM544wz+M9//pPw+YlWqMZXBdfmzjvvZOTIkZxzzjksXryYzp07c9xxxyV1bHFxMSNHjmTkyJGcddZZLFmyhFatWtGvX7/tmlO8oqIiwK8wjpeZmQlAYWFhpWNCoRCXXXYZ1loee+yxOp8r2lJ69uzZ3HPPPbGfaDVzvBkzZiS8b3feeWeVY19++eUEg0GeeeaZWiuJR4wYkTBmTk5OpX1eeeUVRo4cyXnnncekSZNIT0/n7LPPTtgnLy+P+fPnk52dTbdu3WLVx9FQWEREREREZG+lFtAiIiIismPEFXMa46+Zi2eZ/smnfH7iIIb86lexis+9ofIz/hK8sMuMz2ZwULfJXHzJJWRmNo5s3/XX6WfvFuMYunU7gKOOPoqlS5dQXLyt7rOxgPVYvGgRc2bPpkP79jiBQPLvX4X1cK21LF+xnOXLluF53h63Xq3sfJs3bwagUaNGlbZ16tSJ1nFrTbdo0SJhe+fOnRk/fjyzZ8/mzTffZOrUqTz55JNkZmZy5plnApCamgpQp1bF8dXI2dnZPPHEE6SkpCR1rOd5zJ8/H4BmzZoxaNAgLrvssoSwNzqn4uLipOcULyMjgw0bNrBly5aE16PBb8VgOOqkk07ipZde4uuvv6Zt27ZJnSs67+i5Vq5cydtvvx3bnp2dXWkN3yZNmtCtW7fY8+rW7m3Tpg1nnXUWL730Es8991yN8+jZs2fCusZpaWmV9snJyUkIhh9++GE6deqUsE+0ffbRRx+NMYZjjz2Wp59+mqlTp3LppZfWOAcREREREZFfMgXAIiIiIrJTFRYU8NZbbzHghBMS/kF/7+BXHhoMpdu28dZbb3Pk0Udz+OFHEAgE2Z3ZpgXSMzI4+phj+OijqaxcvrzuA0Rs2LiB2d/Oot9xx9GsWbN6zQUDpdtKWbRwEXm5dV9fVX75rLX8+OOPgB/mVjR06FCGDRtW5bFTpkwhJyeHQYMG0bt3b3r37k3fvn255557+PDDD2MBcLQF8Lp16xKOf+GFF5g3bx7Dhg2jT58+CdueeeYZOnbsyFlnncXGjRtZvnw5PXr0SOqaMjIyeP/992vcp127duTk5LB27drYuroAd9xxB1u2bGH06NFkZWVVe3yHDh1YtWoVS5YsSVg3edmyZQDVrmlsjOFPf/oTV111FW+++WZS1xMdK9oi+fTTT+f000/niSee4Pnnn6/ymO7du3PPPfckNf5FF13ElClTap3PqFGjqg2So6666iqGDRvG6NGjmTFjBjNnzuTggw9O2Cda6fvOO+/wzjvvxF5fs2YNP/74Y63nEBERERER+aVSC2gRERER2eGiLVmNBetZvvrqKxYv8tcC3jsrPv3rXb16FTM+m0FRUfLVhzuTBQ7u3p2DDupGMFj3735G6rXxwi5z585l1cpV27XW7MaNG5k3dy7FxVv30s+B1OTVV19l9erVtG7dOiHITMa8efN45plnePXVV2OvpaenA4kdBY455hgApk2bxk8//QTA+vXref7555kxY0a1QWtKSgrnnHMOABMmTKjT3GoTndPkyZMpLS0F4JtvvuG9995j/vz5sbbY1TnxxBMBv+Vxfr7fTv+rr75i3rx5pKWlcdRRR1V7bJ8+fTj22GNxXTepuR577LEEAgFmzpzJzJkzY69HW0Nvr8zMTC688MKk55OM888/H4CXX36ZkpKS2Ou5ubl8//33hEIhevToEfuJVplPnTp1h81BRERERERkT6MKYBERERHZ4WKBjPFDxP9n787j5KjKvv9/TlV19+x79o3sMWQjkD0RkwABFAWUgCyij7hwCw9ye6MiKouyCT7iAoKI8kNkR0FEERCEm50EQiAhKwkJTPbZp2emu7rO74/u6qnu6XWWZJJcb19jb1WnTlX3hLzy7es6rU2NPPv0Uxw5ZTIBs2srz0SxBYSVk/jYHfAAtFVOrXMuOjY/HXFY8cYbfOHzX0jZ4nZ/zaozpFWUl1cyZ+58Xn3ldRrq61Bag1I4nW9R6iuqYldeu+H2h7y/9j0mHzk5oR2rSuj9nWZOGhxHU1v7EatXr+r8gkCOIbD3E5Cr3vik5Htc3V8+mv1IW1sbF110Ebt376a2tha/38/ll1+OaZpdtn3kkUe6rDH7s5/9jKKiIs466yyee+45/vrXv7Jy5UoqKipYu3YtACeccEJ8+3HjxnHyySfzj3/8g7PPPpvhw4fz8ccf09HRwbJlyxgzZkzauZ522mnce++9vPrqq2zatIlx48b1yjX43Oc+x+OPP867777L5z73OWpqati6dSsAF154Ydbfg+OPP54nn3ySlStXcvrppzN48GC2bdsW399dCzid//qv/+K1117LKXQdOHAgX/7yl7nrrru49NJLGT16NLZtx4/nbdHtWr16NRdddFHCc1//+teZNm1aymN8/vOf5y9/+UuXKm2vG264IR7wQ7SK+vvf/37KbadOncq0adNYvXo1TzzxRHwdYLf6d968eVx33XXx7VeuXMkll1zCc889xze/+c2s5/Lzn/883sZbCCGEEEIIIQ4WEgALIYQQQoj94tVXX+VrwVb8/kDOwZ/SxFM1Q/Wg9HQ/qq2tpba2lpFHHJEy5NoflFLxkNU0TaZMncqYsWN5e2V9t8dsCwZZ9fbbHHfCssT1OHMMPTva29mwYWPCmp25OlCxf77HPUg+ovuV4zisWrWK0tJS5s+fz1e/+lUmTpyYclv3d8fLDS2POOII7rzzTu666y5WrlzJrl274m2bP/vZzybs873vfY9Bgwbxj3/8g48++ojBgwdz0kkncdZZZ2Wca2lpKZ/97Gd54IEH+NOf/sTVV1/dgzPv5Pf7+fWvf81tt93Gyy+/zM6dO5k0aRLnnHMOn/rUp7Lur5Tipptu4g9/+APPPPMMO3fuZPz48Zxzzjkcd9xxWfcfNWoUp5xyCo899lhO8/3KV77CgAEDeOSRR9i2bRt+v5+ZM2dy+umnp5xvU1MTq1atSnjOrVROxefz8Y1vfIMrr7wy7Tbr169PeJy8/nGyc845h9WrV3P//fdz6qmnYllWPAB2K7BdM2bMoLS0lNraWtatW5ewfnGqc+nNamUhhBBCCCGE2F+Udv9lSAghDjO91cpOCCH6u56uu7tl+w6OnTMz+4ZpuH/drKyq4v6HHmT06LEYRoaVSLRGAVf84HIe+8tfCYdCsTVkvVXA/Y97nmVlZXz/B1dw6umn4/P5Um7b0tTMTTfdxMMPPYAdDnf7WF/7xjf42je+SWVlZdptAJqbmvnDXXdx5x13EAp1oBS49dXZQk5vte74CRP44Y+uZN68ebEdc3wvtGbXzl3c/POb+Oujj8aPd6i1gR4ydCjXXHstxx77KbTW8SB+44YNXP7d7/Luu6v75LhKKc7/yle47Hvfj3/mEkJ6IYQQQgghDlNbtu9g9IiuXUyEEOJg0NTUBNDli6qZzJgxA5AKYCGEEEIIkYN8W/am0tTYSFNTc/ZjxY+pOlsQK9CaeOBoKAPLMrF8PizTxLIsTNNEGQamYaKUwjQNLJ8va1ysNYTCIVqaW2hpaU6o9urO+YbCYerq9uE4Tq9ct+7yHrO0rJTZc2bzr389xaaNG7o9zq5du3jrrbeYM2cOhmmA1mjP68ln6Z6/1pqdu3ayccNGlEpqG51i+3Q0sX1zeVMznEfmXXXCfaVUzkF352dXJ9wKIYQQQgghhBBC7E8SAAshhBBCiKy8LYW7u2/EcQgGgzlvP27CeBYs+iQ6YuPz+/D5/QQKCiksLKKsrIyqqkqqqqqoqqqioryC0rIyiouLKSosxB8IYFnRIDjjIq6xXK+jo4O33nqLe+6+mxf+8zzhcLjboa0TidDaGsRxnOwb7wfu+sSfmPwJjj7mGD7cuiV6ft0Yq6WlhVWrVrF7924GDxmc+xy0ZvOmzezcuTP+GNKHskopSkpKGDRoENXV1fh8PhyMhNczcRyH+rq9rF+3rkchbEVFBePGT6TAsxZpJlXVVVRUVvbo90UIIYQQQgghhBCipyQAFkIIIYQQWRUVFXW7dX5nEKYJhTpyqvJEKb5wxhmccsopGMrAsBSmaWJZPnw+f9e1dZVnX8842vNaOgrwFQSYPXcOfr+PLR9s5oMPPsjx7GLHSjon27Zx+tO6kQrKyytYMH8B//vCf6itre1WAByxI2zauJE1a9YwaPCgnEPyUEeI999/n5aWzBXgbnCqtSYUCtHQ0IBhGIwePYZPTJnCjKOOYuyYMZimlfF9DYdCvPzii1xxxQ/i43bHqFGj+N73v8/wkSNy2t4wDEpKS7t1LCGEEEIIIYQQQojeIgGwEEIIIYTI6v9c8HV++9vbiIRDee/rhm8acCLZqyLdqK60tJRSb5iWKc2NtYnubqNlBaBMxo2bwNjxE/nww23Ydji3dsN0DRi1Z679Yp1bHZ3HzJlHMWniJ9i9azd2JBxrqZy+JXMXCnbu2sGbK95g1pxZlJWWZdk+Ou6efXvYsGEdoY6OrNfUvV6hUIh9+/axb98+NmzYyCuvvsoFF3yNubNmY1oWGOkHCYVClJSVozFQOMRPNJdTjIXQSil8Pj9VVVUMGDAgt53TsCyL6uoaBg0e2uU1R2saGxtpDwZRKnpch+xrMwshhBBCCCGEEEKkIwGwEEIIcRAK2w62jlYXWqqzEtJnGel2EaJH5s+fzyOPPMLO2o8O3CQUZO7n3HM+y6KwsBBlHFq/S1qB0lBVVcXs2bNZseJNmpoaoy/mkzLGKnPfeWcV27dvZ/LkI3PYRbP1gy1s+/BDtON0KxBXSjFs6DAWLlyIYZnR88l7lP3L2wZ65KhR/PyWWxLWl3Z1dHRww/XX88TfHt/fUxRCCCGEEEIIIcQhSgJgIYQQ4iCyt6WZFa1B9nV0rcL0e0KVUr8PADNkA3BERXn8tUql4+1zLdPCiu1nKVMCZJFWaWkpRUW5rYN6sFNK5VcV299pt8JZYVk+ZsycyYiRI1nz3rudmXoep2oAH2z+gHXvr2P8+An4/P6M27e3tbF27Vr27tnb7VPw+X1M+sQnmDBxYjRY7fZI+4+3LbhpmpSUlqQMv9vb2gkEArHP28FwZkIIIYQQQgghhOjvJAAWQgghDgL1bUGe3VvHx21tAFhZqhN3dXTg87RH/WDP7rTbFqIoMAys2PYFvmh4XGCYmLHnigyTAs8xC6zoXyEqVTSsME0Ty0z8a4WVpsrPW7HskuC5/1NKHZBWxt4QzVtRmeq53piejh605wP1Iwnvm6EYPWY0s+bM5v331+BEnG6N2dzUxDurVrF48RIqqyq9B0vcUGv27d3Hu6tX097ennek7r63JSUlzJ03j4LCgthh+n84n/sco2sea/Sh8pUDIYQQQgghhBBCHGASAAshhBD93N6WZv5V10B9KL+1V8NONDjxZVgnE6ANTZsTodCJBsHt4TCmUoSx49s0eLY3U4QaplJEPKGZEaswLjA6w95yy6TFiYZNRZ7nC5LCbDdcdnlDZiAeNHsrl0FC5EOdG/Q6EYempkbq6upoaWmho6ODSCRCb9WEtrd3sHv3bhzn0AqBoXMJ5bKKCubMmcO/n36a7du35zWG+z7YYZu1a9/no48/SgyAkziOw/bt21jz3pq836POYF8xbPhwpkyd0jlCbI1eIYQQQgghhBBCCNGVBMBCCCFEP9YcCvHM3n0YRINcO49iPTf4DTs6awgMnUEwDpQZBgHDSBn2puINf02lIBb0djidE95th+P3gxnGslRikLs1h+P7lSKkO4PicisaCjux6mZIX7VsKSXtrw8CwWCQfz/7LM8//xxbNn9Ac3MT7e3thMNhtKN7pfoXIKKhLdiGHbEBfei0gY7RgGkaTJs+nZnHHMOOHTuwbTvrfvH9Y79nWmu2b9/G2yvfYuqUqaBSV7y2t7Wx7v117Nq5k+6u2muaJlOnTmXwkCEpq8APCpmmfBCejhBCCCGEEEIIIfo3CYCFEEKIfipsO6xrbok/LgHChoHt5JYC51oB7GUpha01TY6DpTV+ZWChMVEEzGhA6oa96cLhiNY5B8eJxzawtYOtnS4hcDYhbwDtOLSEOq9Rcthcm2GcEr8Pv2EyvMBPZWFRXnMQvSce8GlNsDXIv595hlt++Us+3r4dRzu9FvZm4q6ZeyiJr/cLDBgwkLnzF/DSSy+zd8/unKNZb8jb3NTA22+v5NTTTqW0vByNxoiN5L6HTY2NvLt6Fbbd2cEgp1Bdd25XXl7JtGkzKCku6TKHg0amKR+EpyOEEEIIIYQQQoj+TQJgIYQQop9qd2z2hDrijw3DoAxNE2A7TtZ1gPOtAAawY6GN2145pB2isY2mPezgM1RCGJxJvkGwrZ3YsY3442xBsFv5672Nzrvrc7loCYWBMNvb2xgQbGdKWSmFsTWRxf6jAEdr1r3/Pnf+7k6ee/ZZgsFgdG1eCct6xFtBe/TRRzNu/Hjq9+3NuarW3UoB4bDN+nXrWbd+PbNmz054a5RSOI5DbW0tmzZt6smMGTV6NFOmTsG0uq4fLoQQQgghhBBCCCG6kl6HQgghRD+1syNEY0dHwnM+Q1FmGFnDX+h+BXDa8RQEtaZZO+y1bertCM22TchxElpAQ8+rgN372biVv97AF4iHvvmEv17FKIKhEGubmmgLh7PvIHqHjv44EYdXXn6Z7373Mv75j78TDLYCDsqQ/Lc3DRo0iGOOPpqCwkK01vGfnGmora1l5YoVdLS1dz7tGWvjxo3s2b07/lo+1bsaKCgsYNr06YwYOfLgbP0shBBCCCGEEEIIcQBIACyEEEL0U1sbGlM+74bAuXKDYPc2EzuPgCWkHYJa02JHaAzbNNs2QTsSD4STQ+FcuOFv8m063oA3OQQO9UJY1BIKSwi8v8SKe7XjsHr1an52/fVseP99nEgE5V1fVhLgHlNKoZSioKCAOXPmMHTI0G6OpAm2tvLWypXs2Lmjy1q27W1trFm7luaWlvgxc59ktAP3wEGD+OSxn6SwsLCbcxRCCCGEEEIIIYQ4/EgALIQQQvRTL2/akPY1n6GoNFTG6l73teTb3uJLCnvCjqYDaHU0TRGHejtCQzhMWySSUxjsVvwmt4DOFAJ7Wzxnagft3T5fLaEwm1pa895P5CtaMdrQ0MBvb7uNjRs3HugJHfIMpRgzdgxHH3M0Rh5fKgHiYa8CNq7fwIb1G7AjkYRNdu3ezeZNmwiH8v8ChQZMy2LCxAlMmTo1eiAJ/4UQQgghhBBCCCFyIgGwEEII0Q+9X7uDjlAo4zY+w6TSMCkzjC7hrnf9X+9trnKpBA7nEMbYKFodTb0dYW/Ypjls0xaJVgknt45OrvpNDoTTSdUGOlU76OT7+dgTCtGc5f0QPaQhEonw//3xj7z26qtEbDveElr0nerqaubNncuAAQPy3lfF3p+6ujpWv/MOwdbOL0pordm0aRPbtm3vduvm4qIiZs2eTXl5ebf2F0IIIYQQQgghhDhcSQAshBBC9EP7GnOvOC0wDMpiP76kquDuVP9mWgfYy60ATg6CQxkqdr0VwsFIdA1hNxROrhS2tZN3K+hMFcA9aQkdiUTY2SEBcG9LXnP2g82befjhBwkGW9BuT+h8M/tYKOmGkxIgZ6AUls/PtJlHM3X6USjDQKEyXrP4W6IAQ4EB4XAH765exZ49u+PvZzAYZN3a96mv20te37vQgNYoYOCgwRw18+jo8eS9FEIIIYQQQgghhMiZBMBCCCHEIcBEUWJFK4JL8tw3OfB1q3+zVQG7wa9Pd97XjoM/S8Vu/Dio6I9h0I6iHUWTo6mPONRHnHilcIcTic3HSQiFvVKFu8kVwMnrBWcT0pqQ1jTYYZq1Q7tt53ReIn/a0di2zQsvvkh9fUPPBnM/iz2f1mFjyJAhzJs3l8qKys7gPQ+O47Bt2zbWvPcu7pXfs3s3q1evItTRkedsovsrw2DipEkMHz48HuhLB2ghhBBCCCGEEEKI3FgHegJCCCGE6L4ImgEtuxlQsCfrtnvaBzCgYA972ru2eq3zF9PsKwJya//s8iuDEImBbEjnHgJn0u5WIurO0j9LKSztABHMWKCbfGvrzrbRmYLeUIr20wARraM/7pqosds6O/91TEVulKFoaGhg1dtvEw6HUEp1u21wdMDYrU66zXf/w4RlWcyZO5enn/4Xb77+ereufV3dPt544w2OO34Zfr+fLVu28v7atUC00lvlXAasAE1JSQlHHT2TsrIyvEXJh9lbI4QQQgghhBBCCNEtEgALIYQQB6kIGt/OD5mw7zGsgYOxCosxAsVptx8W2A06dpvCx5GBrGIimGbOcwhpJ14BrAwD7UQfo6LVwMrILQiOOA5mDtvaWmMnlXjG/zKTEFpFEvaztJP7eSlFfj1rRW/Yu3cvWz/cGg8Kcw8ME7lhozfEzHWs+D6ej1J353GwGTlqFDNmzmTVqlV0tLUB+Z17e3s77733Hts+3MLw4SPZsH4de/ak/rMmIwUaxdBhw5g6ZSo+n++weQ+EEEIIIYQQQggheosEwEIIIcRBKtgRYmLrqoTnnI6uawdnCoW9hund7OkYwIfF0QphW+us6wF7K4BD2sHneS2swJ/DcSNO5vV9k1lKxeeWa7WyrQxwYlXEhsJ2dMJtLiKONBXuM1qzd+9eGhq61/45Oew1TIPS8nICgQCGMqPrAec8VoSGhgba29u7NZeDife6BQJ+Zs+exd+f+Bsfbd+O0vlW7sLH27ex4s0VBPwFrF69Gu3o/Jdw1hqf38+UqVMYM3ZMvPpXImAhhBBCCCGEEEKI3EkALIQQQhyEHMch7GlJHAm2pN+4LRoKW4XF2G2tWIVdA2E3JC71FeY1j1CsdbJfGfH7rlzbQJuGEQ+Bc6kEznWN4mSWdqJBMMRD31zDX4B2J5J9I9Ft9fX13Q5dvRW/lZWVfGH5cmbPmU1RURGGMoDcW5J3tAW5667f8+qrr2IfRus+K2Uwdtw4pk+fwcfbPyJah5sHDc3NzaxYuYLikmI++GAT3WrcrKC6ppp58+dTWlqa375CCCGEEEIIIYQQApAAWAghhOiXqsuzV+36LB/vRUYxqmQvkCUE9rzu3c4sKonecYNhHxQpRdjRebVBdltBJz+XSwjsrQDOpQ10dyqAo4Ob8Srg7lQAt4dlDeBe5/mMBYOt2OFQD4aKjnXhRRdx1hfPpqCgIP9BNLS2tlL1+N9QyjjkF57trO6Nrrs7cMAgFi38JC+/+BJNjflVYyulcCKa1W+vItjcwt7de6LXMA8aUIbJEWPGMXfu/Nh7kF8VshBCCCGEEEIIIYSQAFgIIYQ4aBX4LBg1mdfrKwEYnNQOOpVR1l4+tGsYZSWGxmZRCTsKRrPPKaHINIkYnUFphOi6u9pxCKfJYdx1gL0hcK4VwAAWGk33KoBzaVUN0XOJH68bFcCYJmHbwWflF2qJbDRaQzgcwol0r8rarf4dN24cxx77Sfz+XJqPi2Q+n4/pM2Ywddo0XnnpfxNaRGfjbltbW8uuXbu6XT1dVFTE0TNnUlNT0639hRBCCCGEEEIIIYQEwEIIIcRBrcBn0TFwBAAfMiLhNZ/d1mX72qRbL8tfGr2jE4NSC0UAwDCBaJDaAQktn5ODYe04qByqeSFa9Ws7Dia5VQAnzDmPKmC34tcrnwpgAFtH8OXRTlhk0/l+aEeTZ1fvLgYPHkxZaZlUjHaXhpEjRzJv3lzeXb2KxsZGVI7lz24bbsdxcGJV/fm+Dwqoqa5h1qzZ8h4KIYQQQgghhBBC9IAEwEIIIcRByEgKSs1UIY2/JKex3ADUVIpIigTOTApiTDMWCGMQ0TqxSjhpHWDI3gra2wI6lwpgr1yrf4Eu4S8kVgAXAl0j867HE70v2oBY4w2Eu8MwDcgh0PdWtnrXD1YolOoMLjX9s/uzd/4RJ4LWTpdzym0gz/3YLoGAnznz5vHUv57ivdWrO69NDmN6r2W+dKzV89ixYxk7dmyPxuotWmsc7eDErq+E0kIIIYQQQgghhDhYSAmLEEIIcZBLGf6mYRmqy48rVfib9dhKETANikyTMtOgxDIpsUx8sXG1k30dYG/gm0/46wa/+VQAp6v2HaVMxvp8mE7XANvLjnSvra1IRwEKHb/fMzt37qSluSWv4NBbrWpHbJqamgi2tkYDvx7PqO/t2rmb1tZgj8fRgFYarWD06NHMmDEDn8/X+XqO11QpFf/JV0FhIdOnT6eivDxhrP3Ne64NDQ00NDTEA+kDHUoLIYQQQgghhBBC5EICYCGEEOIQEsmhgtKthE1VEZtyzBwCD1MpTKXwGwZ+w6DUsqi0TKr8PooNhZVhXskVwLlyg99cKoDd4Df5nAuB2abB6AIflQoiWQLoSDfXqBXp6Fjlbyz+7WHYt2XLVp566inagsFoUJdDUXFrayvvvvsuDz34INddey3f/e53ee2117Dtg+O9fvvtt1ixYgUdHR29MFo0jC8qLmLe/HlU11T3wpi5GzJkCDNmzCBQENivx81k586d/O1vfyMY7HnIfri54YYbWLhwYcafjRs37rf5nHLKKfzmN7/pk7FffPFFFi5cyI4dO/pk/MOJXEshhBBCCP2PgB4AACAASURBVCGE6B3SAloIIYToxxzH6dLuOZNs1cDeNW+9oWg+6+Dmyw2FIRomJ7eNduXb/tld/zfXNtDuedqOJoBmuOnjiIAVrzA0DAO/1oQyjFWvFTU5z1Dkwr3apuUDZXZvjFh1ZigU4ne3305rSzNnn/VFBg8eAqYCrbDtMPX19Xz88cds3bqV99e+z3vvvsumTZtoa2vDtm1s2+4Mjunb9s9KKUwzer75thf2tkfeUVvLr2/5Bfv27Oa0U0+lqroKbRidc1cqFrKr2Hq+qY7jaR8NmKbFxEmTmThxMjtqd/ZtJXTs0KZlMWHiJxg/YWKvVf2665B7W3k7kPYqdNlfKdra2njowQf48MMtfOn88xk7Zkz8fcvOwDQtqmqqMS0zdtyDoa68d3zhC19g0aJF8cc/+MEPWLRoESeddFL8uaFDh/bKsU499VQWL17MJZdc0ivjCSGEEEIIIYQQBzsJgIUQQoh+qj0UZo8dwTI0haaBT4OJ7hIIu1W/ubSCdgNQ721fhr9ebpUwQMTwrGGqNR0RBzuP8BfyqwB2K3/bIw5lhmKCP0CNlRjiyPqeB4CnOtfv9+cRrKWmgKbGRn5762389tbboodQ4GiNEX9/oysOoztDQO97r+L/1/sS1uk1DAKBQLzquTshMETbrG/fto0br7+eG2+4AXc1Zff/NDB9xgxuuPFnTJgwIWmQVHcVKBgwYAALFi7kjddfp621xT1ozvPL/USiUy0vr2DOnDlU1VT3ytrLSin8AT/+QIBQe1teAya8D1rT0dHOC/95gRf+85/Ya7kNZqAYNnwEd9x5J+Mnju+/i0r3kXHjxjFu3Lj4Y8MwGDZsGAsWLDiAszp8RCKRHv+Z2h8dquclhBBCCCGEEL1NWkALIYQQ/ZztODSHbepsmz12hH12hCbHIag1YSf64zgOYSeStQV0cvjrPpdNtjbQmV6Ph76ebdww2G0bXeqzqDQNygxFARorh1bQua4B7FYJAwzz+ZhXWNAl/E2eazrttqwB3FfKysoIBPzd2jfTuqxKR78coTSxHx29zXH/vmKaBmVlpXlVvWeilIJY9bLS0b/kKxSdtcD5nWNBQQFHH300EydNAkP1TfgbYyjFqFEjmTN3Tl4dDzJRSlFaUkJJcXHPx4pdTyP+OdLxn+jznT/erxnEJhL98sFhFv7mIxKJ8Ic//IFTTz2VJUuWcOmll7J9+/aEbR588EGWL1/O0qVL+dKXvsSzzz4LwKOPPsrChQvZu3cvDz/8MAsXLuSjjz5Ke6xgMMhPf/pTTjjhBE466SR++ctfdmnt/+yzz3L++eezePFili9fzv3339/lz4h///vfLF++nMWLF3PhhReyefPm+GuPPfYYCxcu5MMPP4w/19DQwKJFi7j//vvTzm3lypV84xvfYOnSpZxxxhncfffd2LH/5jz00EMsXLgwYa5r1qxh4cKFrFmzJuG4DzzwAJ/+9Kf54Q9/CMC2bdu47LLLWLZsGZ/5zGf4yU9+Ql1dXd7n7PXYY49x/PHH889//pNzzz2XJUuW8NWvfpW1a9cmbPf666/zzW9+kyVLlnDKKadw7bXX0tTUlPO1BPjxj3/M17/+da677jqWLFnCo48+Gr+m11xzDSeeeCInnngiN9xwg7RqF0IIIYQQQggPCYCFEEKIg4ztOLTZkXgo3OQ41DuaekfH7kdo1g7tTvQn7ESS9u8MgYE+rwCOaJ1Q/ZuJqRSFpkmpz6LMUJQZimJFykA4lwpgd5syQzEj4GeK38pYZWkp+avR/uS+FwqoGVBDcS+EdV2OQWLz41T1mwei+tsyLaqraygsKurRHJRSXfZV8f91nn93xh07fhzzFyygsLAovlZzb9FoHDRaawKBAFOnTWP0mDG9Nr5pmlRVVVFd07Om7amub/w16FxnOvYT/6JBbBuDzuj9cGr/nI+bb76Z++67j3PPPZerr76apqYmvv3tb9Pe3g7A448/zq233sqpp57K9ddfz6RJk7jqqqt48803Of7447nnnnuorKzkhBNO4J577mHQoEFpj/XEE08QCAS44oorOPnkk3n44Ye5++67468/+eSTXHXVVUybNo3rrruOpUuXctttt3HnnXfGt1mzZg1XXXUVw4cP54c//CGLFi3ivvvui7++dOlSLMvihRdeiD/36quvorVmyZIlKee1Zs0a/vu//5sBAwZwzTXXcMYZZ3DvvfcmHDdXTzzxBBdeeCFf/OIXsW2bSy+9lObmZq688kouuugiVqxYwRVXXJHXOafS1tbGU089xeWXX84tt9yCYRh85zvfiYewa9as4X/+538YM2YMN998M5deeinvvPMOP/vZz3K+lq61a9dSV1fH5Zdfzpw5cwiFQlx88cWsWbOG7373u1x88cW89NJLXH/99XlfLyGEEEIIIYQ4VEkLaCGEEOIgZ8fCUcswCMdC3TCaNu9Gjo3PUFhK4dPgQ2GiulT/djcMziXc7e6YbpUwQMhx6EBlDH+TK4KH+XxMDfh6ZU7tOVQmi/y4lasDagYwZMgQtn+4NfG1XMfIvlWGR/tHfJ46GlAOGzaUyvIK6vfty7sFdLbx3d8CN5vM94w1UFhUyJw5c/j3M0+zfv26Hs2tq9jaxEpRWVnJ3LlzO9u69sKfJ0opyisqmDZtKhs3rCffCuhU4+W8bQ/3P5xs27aNJ554gu985zucdtppAIwfP54zzjiD559/npNOOok33niDiRMncvbZZwMwe/Zs2tvb2b59O7NmzaKsrAzTNCkvL2dM7EsEoVAofgylFD5f9L8Bxx57LJdddln8fltbG4888gjnn38+Siluv/12jjvuOL7zne8AMG/ePADuu+8+li9fTkVFBffeey+DBw/mpptuin9mi4qKuPnmmwEoLS1l3rx5vPjii3zpS18C4OWXX2bq1KkMGjQo5dz++Mc/Mnr0aH7605/GXwuHw9xzzz1885vfzOua3nDDDYwYMQKADz74gF27dnHZZZcxd+7c+PwefvhhgsEggUAg6zmXlpYmVB5bVuc/IVx11VVUVlYCcO2113LGGWfw97//neXLl1NdXc3NN9/MrFmz4pX9e/fu5Y477sBxHAzDyHotXYMGDeLGG2+Mb/P444+zdetW7rnnHkaPHh2f109+8hN27tzJ4MGD87pmQgghhBBCCHEokjIXIYQQ4hBg5dA2Nexo2iIOTY4TrxROrhbucBxsR+fUFnp/s5RBkWlRaZrxdtHewNrb6hmiVb/HFASY4s/9+27+LCFNMKmaWvSM1jreZrSqqorx4ydgxP6B/3AIzEaMGMnoMWN67Vzjhaix0t/4/W6PBhMmTWDq9GlYvt75EoV3fEX0fR55xBFMmDgxOud4WW0PR9eakpIS5s6dR1Fh4f5v8+1dYzr2WHS1YsUKABYuXEgoFCIUClFVVcWQIUNYty76pYOpU6eyfv167rjjDjZs2IDWmmuuuYbTTz897bgnn3wyS5YsYcmSJZxzzjnx55ODwUWLFtHc3Mzu3bvZsmUL9fX1HHfccQnbnHjiidi2zerVqwFYv349ixYtSliHtqqqKmGfE044gXXr1rFr1y5s2+aNN96Ij5tqbu+88048eHWdfvrp/O53v8PJ84tH1dXV8ftDhgyhqqqK3/3udzz33HM0NzezYMECbrnlFoqKinI65wcffDA+3yVLlvDMM8/EtwsEAvH7AwcOZOzYsWzatAmIXuvq6mquuuoqvvjFL3LiiSdy++2309HREW9tncu1BKioqEjYZsWKFRxxxBEMGzYs/rmZOnUqQPxzI4QQQgghhBCHO6kAFkIIIQ4CdiSCZaZetxaiVcCWYcRv0/EZKl4lHN9Xa9yVbdscT2VthGi1sKEIGEa8lXO+elodbCkDWztdnrMUBADbcIhoTTBWGRxxHEYGAky2jIR/MO4NkX4YjB/8FKApKipizuzZPPaXR2ltbU1YM7WzijV1C+ce0967ie9xXwbRgwcPZubMo3nzjTdpbmpMPMmeipcAd/OKxS56WWkZs+fO5dlnnqW+bl/n9Hp6XWIBqeWzmDJtGjU1AxJC0964Bn6/n2nTpzFm/Fjee2d1rEVztOp4/5WA93bz7ENLfX09QLz618tdK/bMM8+kqKiIv/71r/zpT3+iurqaL3zhC5x99tlp/4y/7bbb4sGp359+bfGysjIA6urqaGuL9s2oSWob7gaS7nzq6upShpReCxYsoLi4mBdffJHRo0fT3t7O4sWLU87Ntm3a2trilbSuwsJCRo0alfE42RQWFnL77bdz1113cdNNN9Ha2soxxxzDt771LcaOHRu//pnO+cQTT2TmzJnx14YOHcpzzz2X8nhlZWXx9YW3bdvGhRdeyMKFC7n88supqanhmWeeSWgtncu1TKW+vp4tW7akbKmdvMawEEIIIYQQQhyuJAAWQgghDgKZwl/orADOVgkcbxHt6HgY7EvR9tmtpLWJhcKO09k+2oi2j7aM3Nb17SlbO1nX5jWVolSBpUxGWSbVptGt4K5Ew77uTlTkrfM9UihDMW/+fCZNPpK331qBE4nE10x1t+qzIM0NmvdXlWjseH6/nyVLl/Kf//yHt1auwOlhhXnXT7y7DnC61Y+zjKXA8vk4cvKRjBs3jjff6P3fjgEDapg+fTqFRUW9HrYrpRg6bBif+tRiPti0mWBra+zrBp5vF/QV5R5Hxx+LrgoLCzFNk1//+tddwtzy8nIg+j5+9rOf5bOf/SwNDQ08/fTT3HrrrQCcd955KcedMGFCTsdvaGgAoLKyMh4Uu8+59u3blzCf6upqWlpaMo7r9/tZvHgxL7zwAjt27OCoo46KB52p5lZQUEBjY2PW+Xbnz6ihQ4fyox/9CMdxWLt2Lb/5zW+4+OKLeeSRR+LnlOmcq6qqcg5p9+3bx6RJkwD417/+RXFxMT/+8Y/jv9vu8Vy5XMtUCgsLmTBhQrxttdfQoUPzHk8IIYQQQgghDkXSAloIIYQ4CNiRzMGQ7Tjxn2y8gW+q8DftMbSmDU1Qa5q1Q4sdoSni0KohqCES+4dpU6mEn57KFP66lcERrRmoTD5hQI1l9lnVZrsTIWzLOsB9Q1NRUcGll17KkKHDUEmfzT6p/E2mFBoIFBRSUlYaX7eyjw4GSjFmzBhO//znGdQP16x0o6YhQ4ey8JOLCBQEevU9MAyDiRMnMnny5D671gUFBZxwwjKOmnkUSqketMQWfWH69OlEIhFaW1s58sgj4z9Dhgxh+PDhAFxwwQXce++9QLQV8PLlyxk/fnxCq1/DMHIKR3fs2JHw+JVXXqG0tJRBgwYxZswYysvLef755xO2+fe//41pmkybNg2ASZMm8eabbyZs09ra2uVYJ5xwAqtXr+a5557r0mI52dSpU3nttdcSnnvqqac444wzsG073tZ59+7d8df37t2b5Wzhn//8J+eeey7BYBDDMJgyZQrnn38+TU1N7Ny5M+dzTsd73tu2bWPLli3xgLu5uRlIDK3Xrl2bsH+u1zLZ9OnT+eijjxg8eHCXz01yJbUQQgghhBBCHK4kABZCCCH6MTf4zVYBDNHq31zXAnaD3+R20BnHTwpVwwpC2qEtYtMRiYbB9XaEZkcTynPNwtTHM+Lhb3ILaFs72NqJh84T/H5GF/goytDqMxelVvbrZ2tZB7ivaDSzZs3ivPPOo7i4JPqcZ53g3g6B3XG11jhotIIxY8dx489u4swzv0hhcVEft+/VGKbB0qVLOWHZMqyAPzqP/tA02PP7XlxczOw5sxk9ejSd70TPFZeUcNTMmQweMiShzXdvGztuHF/5PxdQWVMdD4D3+5rAIqUjjzySRYsWcc011/DQQw/x1ltv8dBDD3HmmWfGA9EjjzySP/7xjzzyyCO8/fbb3HvvvWzcuJFjjjkmPs6gQYNYuXIlL7zwQsaK0pdeeokbb7yRF154gVtvvZXHH3+cM888E8uysCyLr33tazz55JP8+te/5s033+Tuu+/mnnvu4ZxzzolXr5533nls2LCBX/ziF2zatImXXnqJ22+/vcuxjjrqKGpqaqivr+fYY4/NeB3OP/98Nm7cyNVXX83rr7/O3/72N375y1+yYMECLMti+vTp+P1+brrpJl544QUeeughbrzxxqzX96ijjmLXrl1cccUVvPbaa7z88svcfffdDBgwgJEjR+Z8zulcfvnlvPTSSzz//PN8//vfp6ysjE9/+tMAzJ07l71793Lttdfy9NNPc9VVV/GPf/wDgGAwmNe1TPa5z32OsrIyLrnkEp555hneeustbrnlFs4666wu1cxCCCGEEEIIcbiSFtBCCCHEQSKXdYC9UoXBbttnNwTOtwI4Fb8ymOwPMMjQ7HIUH9ohWlG0RqLzsZQigO5WRbDb/jldEDzEsBhkaApN+U7bwU4DKIUyFad9/nRqd3zMA3++j1Ao1PsV3VpH14NVCq01VsDPwIEDWbZsGWefcy4jR0bX3Xz88cdobclejdatKXjizsrqKs459xxqd3zM888/T6gjBIDqzTWBu0HFKqIBxo0dzzHHzGLzps2Ew+F4e+6ejD1s+HDmL1iAz+dDo1GoXmvO7P3M+H0+5s6dxzXX/JTrrv0pO2o/Bt0ZAvflOs8iu6uvvprf//733HfffTQ0NDB8+HAuueQS5s6dC8BFF11EUVER9913H/X19QwaNIhvfOMbCesGX3DBBfz0pz/luuuu4/e//z0lJSUpj3XeeedRW1vLtddei2maLF++PKGN9KmnnorP5+PPf/4zjz76KIMGDeJb3/oWy5cvj28zadIkrrrqKu644w6efPJJxo0bx5lnnsltt92WcCylFFOnTiUYDMbXGk5nxowZ3HTTTfzud7/je9/7HpWVlZxxxhmcf/75QHSN3h//+MfcfvvtXHnllRxxxBF8+ctf5le/+lXGcQcPHswvf/lLfvvb33LFFVfg9/uZOnUql19+OZZl5XzO6Zx88sn86le/Yvfu3YwZM4abb76ZoqIiAObPn88ll1zCAw88wPPPP8+sWbP40Y9+xL333svOnTupqKjI+VomKy0t5bbbbuM3v/kNN998M7ZtM2nSJH7+859TUVGRdd5CCCGEEEIIcThQWr7+LoQ4TOXSYk6I/SVsO7S3RStLg20OWz9s44GdLzFs3Licqn9dlmFgO05OlcCZ1gBOObZS2FonVAL7lcGcokIqVbQFp+M4dEQibNaKj8PhlOMUmAZ+rbOGwd7Wz97gNxLbd6zP1+21ftPZa0d4L828AQoMg0XV1ZT2sNJ4fysuLu7R/lu276B5324uueT/snnjhm6Po4Hbf3cnn1q8uMt6n94wTmuHfXv3cPfdd/PIQw9TF1uPkt4KRN125T4fkydPZtEnP8nxJxzP+PET8PkLAMXbb63gB5dfzuZNG/M+nM/n40tf/j9cdPHFFBWnXts2+a/gWjts3bqFu//4R/75j3/SWF/fs/PVnbtPm3EU1994Q87roiYNA2gcJ8JfHn6YX/y//8ee3Xt6/HsXCAQ4+TOf5sdXXUVRcXEs/u0cs3d+qz2rR2tNOBzm2Wee4Q93/Z53Vq1Ca93n4e+IESO4/c67GD9hfNpt2tvauPLHV/LoIw+jiM7JIb+Kd6UU53/lK1z2ve/j8/mAaPtrceC0tbVx+umn8+1vf5tly5Yd6On0qscee4ybb76Zp59+Oh74CiGEEEL0V1u272D0iCEHehpCCNEtTU1NAKxatSrnfWbMmAFIBbAQQgiRE++6r25QmyzY1rlNc0s0Ntm3r522tuhzTY3RYLG1NfpaS1ATbI3Q0hwiktQxuaMjBLMTn8tWAQxdq4BTcYNf9z6QUxDsVgC7t2WGwdGe8Beit4WGwRRgiGmwORymPunk2iMO7QDotGGwpYwu1b5u8FtqWky2jC4BYm8ocrK3d7YjNnBwBcC9RUVztOgtOs+UTkX3jcV8OuGVzmrcaDCqqK4ZwP+95FLmzJ7HLbf8gndXr0ZrBzfZdLeHrvchfYtfpRTFJSUsPe44Pn/GmUycOIGysjJMy0IpNxt2GFAzgIE1A/hg02ZwnFiFcm7fm4weO3Mr58Q5AxgcccQY/uey73HUjKO59dbfsHXLVkCjks4zl0DZe5UVTnQMrRNaO2fvudw5hqFMRo08guqqGvbszr72aDpaa5SG8vIK5s5dQFFRiWe+vU0n3PP5/Ry/bBlHTjmSBx64nwfuv5/mpubokR3drfWBve8jRM/PULHoVoEDoJzYZ1eleO80Co2BE59vwnh5zEWT+TMi9o9QKMSLL77IP//5TwoKCli8ePGBnpIQQgghhBBCiMOQBMBCCCEOG8lVtpAY1ALxsBY6A1voDG1dLcHOx8HWztCwpTmEMgx0miA2OehNxbaT1ruNBb+5rgOcLQR2w1839M2nCtjdd6jfx2y/j4An/HUcJ34foNo0qFQ+6jUpg2DoDIMtBZah4mFwcsUvQMAwGWWZVCr6JPwFKPT5INLRJ2Mf7AoKC5gwaRKF8WqvfNd5VmhUrBVq6s+bN7TSGvx+Pws/uYjp06fzxBNP8LfHH+ejj7bT3NRIe0e7m3jhaB2PKuPhl4pGij6/n8LCQsrLyhg7biyf+tRili5dyoDBg1GeKvPOIC/6eSstK+PoWbNoa2vDiT+fWxzn81kMHjok/jlNF8glh9VKKUpLSzn1tNOYO28uf3n0Lzz372ep/fgjWlpa6OjoiM5Aa/fUifdMVgrTMLB8Fj6fn4Dfj9/vJxAIMHLECPyBFF9ayPRrn1B9rFBaU1BYhN/v73l5rqEYOWokk6ccmXDd+zK0dMc2TZMRI0dx2Xe/z8knn8Jf//IXXn3lFRobGggGW2jv6CBi257PUnwEoPO9MpTCMKJfRPH5o9fb5/ejlMIwTHyWD8vnY8SoURQWFkf3TxncA0oxfNRIps2YnjjnPNJfpRRDhw6Lf9akydOBEwwGue666xg+fDjXX3999HdGCCGEEEIIIYTYz6QFtBDisCUtoA9uzc3hhBA3udI2uco21JG9stOVrYg24qT+T2dvhr6RiE1w9oZ4C2g3BM6lChhSr//r1d3g13Ychvr9zC/wE0iah5HhmI7jsC3ssN5O317ZZSlFkSJeFRxyHCosH1P8Vp9XtWmteaE9fQBcYBjMLi2hpqS0T+fR23qjBfTgARWxQMpTv5vr2+Fmp0rFq2K968umGiahojf2+WtuamLDpo1s3ryJ2tpaGhoaaGtvxw6HOwMvpbAsi0AgQHl5OQMHDmTYsGGMGTOGYUOHRkO62FHjx3eDWE/Nrkp1inmcb/KfEpk+u+n+Oq4dTV19HRvWr2PLli3s2rWLhoYG2js60LEvXPh8PgIFBRQVFlJSUkJpWRllZWWUl5dTWVFBZVUV1VVVBAoKYnPI73coPjOtefGF57nu2mv5YPMH3etKHTtPy7I47/zz+dbFF1NeXrFf1+LV3k+d1jiOQ2NDY+wz9TH76uoIBoOEw+Hon+nK/bS4+0f/rDMNA38gQFFhIWXl5VRWVlJeVoZpWvj9fgoLiygtLaG4pCReXZ6qztn7pQNXt66Djq6i7FVYWJj/OEIIIYQQQhxipAW0EOJgJi2ghRBC9BuNTdFgPdgarahtbOgM2uv2Ncfv76uL/serqTEIQEtzG8FgBw0NLdFt66Lb7tvbyLR5J1NdPjQhyDWN3ILVXHU39IWuwW+2eSWHvdl4Q998qoAzhcDe8DddEBz2nLPtOJgRmwlmAbOKE0MFd+3f5Arg5G2OCBgMMjSbtWKXbcdbSSeztaY+4mAaBpWmwXDTx0ird9f6TSfbMdozrA986FOe7DDP90IBbstonV/AFa/C1LGq3KOPYebRR6Nja7pGIhGcpN9BpVS0MtPni38mvdW2ycGvd6LRQyW24M37s6eIrzOc+jhJm6ep2DRMg5qaGmpqFjJv/gIcx4mfc3ybWBWqZWX+gkRidXVepaWApqW1mRUrVrBjxw46y467p6yygulHzaC4uKTL3Ppe9EsIbiBrGAZV1VVUVs0CZiVsmamNuPd+l/bbSZXdOnas9GMlty3P/3rIN3qFEEIIIYQQQgjhJQGwEEKIlBqbWgm2tscD3Lp9zQmhrTew9Ya1XnWx7eNjNnaGwc3NbURyTHBLq/ZijqtJeK6n4W8OS+XGjpP5n9W94W+mOeUb+gKYkc6gNZ8K4FzWAYbO4DdT+OuOZUZsplVUMtnqDHiTg9/kEC6VQp+PyY7DENPPh3aE+kikSxAciY1TaRpMNQ0Kffv3ryt+rQklBVK2o7Fi16leK2pS7XiI60lEFy0cjlVSesOzTMdLDgWV9250LdVAIJD3XDKGpJ7xe9rmON9Qs7MKuZM3DnRD7d5of54qDE41W8fRhMMdNDQ28OTfn+ChBx+irTVIhjyzq8STAAXjxo1j8ic+kdMXWnpbNG5Vnnl1/VzGt83xPUy3nft8rpeqJ0G4rPkrhBBCCCGEEEIILwmAhRDiMNPY1MqOj/excePHbNpQywcf7IgHt3V1TTQ2ttLQ0IrWiS2Tldr//1Dvqiwvyr5RL8un4je6ffRWaQcdW1c039A3ErHTvtadCuB8hZPO2Rv+zi+vZKSVWN3rBr7e8Nf7XDqGYVANVCqot0w2hEI0xY4dcRwsNBP8BYz0GQnj7K82sWaK8a0cW2Uf0rpfnNgXw/SNVL/2B2qink7bvclxHLZs2cJLL71ES3P0yzup1prVWtPR0cHefXtYv2E969atI9TWHt2229dEU1pWzvwFCxg6bNiBubbxc034RgG9f7FV0pBp2qZnO2y//EURQgghhBBCCCFEfycBsBBCHCYam1p58T+refqplax4cx319U0Ztz+QgW8ybVT16niZstHutnp2g1+tjHjw6zMhnGXp4Uyhr5cda/maSxVwtvbP0LkGcHLo6+7vHrPSMJhRXslIX9fK31QVwLlWArvjVAMzLJNdjmJzxKbSZzHWuu7HAwAAIABJREFU56PaTD//aEvg/Z+K2I6WvziJ/acvevpqwNFs2riRu+68k507atPmi1ontsLGXWE2r/Jf9zQ0aIVSJmOOGMvSxcfh9xf0sJF0T/V102RpyiyEEEIIIYQQQogDR/4dUwghDgONTa1ceMEtvP32pi6Vvan0p/DXNA0sq/fm043CWCC38FdpJx74Zgt/vcGvaVopg+CI2ZZy31yqgN0QOF0Y7Aa/bhDs3Qei4W+JE2FZZTkBs2v4C5krgDOtB5ys0OdjpOMw0ufPaXvo22pgSxmg03xQTJN2O7fQ/pDTg0t90BQx9oOJ7o8pqFgQjNYZY0qV/Kg7k3PLi7WmtLSE+fPnM27C+Fj4ewAu+P5dbrh3thFCCCGEEEIIIYTIkwTAQghxiHvib69y3U/+nLXi19Wfwl8Aw8g9FEylp2v9Zmv37Epu95wc/maq9E31mm1HEtYATngtSwWwG/zmUgmcvNZvezgMwEgzwvzKKgJJx/FW93orgL2P86kC9o6Vj76sAPar5Nat0epf760QIkdu52OlGDtuHEuPP96zjvGBrQEWQgghhBBCCCGEOFTl96+tQgghDir5hr/9UVGBSVFB31Zcdjf8ddf6zafNs2lm/u6VbUew7cwDZqsAdsPcbOFv8vZum+nJZoD5ZV3D32TJ6/2mqgLONwjur5LXAA7nub6zEIe7gsJCjl+2jPHjx3c+Kd+nEEIIIYQQQgghhOgTUgEshBCHqFdeWsNl//3bAz2NHvNZvm7t19uVv5EU4yVX/SZsn6biN121bz7cCuB0lcC5VgDbnnP0hr+zKoszHj/VGsCpnu9OJXCu3BbQrr5eE9hb+dt+iITaQuwPSimUUhx11FEsXbqUwuJCDlDzZyGEEEIIIYQQQojDhgTAQghxCFr3/jauueqenLdXysxpbeADwTTza1aRTzaXLvztul3nfbftcy7r+6Zb2xeioa9lmd0Kf13pKoGzVQCnCn4DaOaXVzLSl/16p1sDOFUFcPJ2va0vgt8SDft6fVQhDk9KKY4YM5pzzzuPUUeMPNDTEUIIIYQQQgghhDgsSAtoIYQ4BN3/5+fZunXHgZ5GrzD9matRvXor/E3V+hkS2z6nHdcT+GZa97c74S8khr7eMDgVO+k83Krg5P0DaJZVV+cU/nolt352H6e7PViUWpnnG3T655clhDiwNODEfjr/fK2qquaM5WfyyWM/hWHId0+FEEIIIYQQQggh9gf5VxghhDjErHt/Gw89+J+0r/t9BiMGBQDYU9dOU1CjdQSlTKrKS5k2fSCDh1SzfuPHvPfuPsLhdgC0jjB2eCEjx44AoLGlndXv7CCSqjdyL3OcgjTPR28No+ctnyHzmr9e6ap/IxG7T6p+E8bI0v7Z5W0DnWoMV6VhsKiygspuFNLmUwHcVyFwcito6J2qYL/WhGLj2DlWigshABSg0FpTUFDA5079HKef/nn8gUCft2oXQgghhBBCCCGEEFESAAshxCHmmiv/lLadc1mR4oJlirnTTCqqAqx4F264LxoCDxtcwyUXL2H6zNFgWTSHHX5zw0P878tbsO0wY4cXMvWIMMOOLHNHY3dtBx/v3Nun5xMoKMPIsw30gZIp/IVo1a/31t3Hl5TjGqYBOkh9mnGyVf5C1+pfr0CsOm+sWcC0sgIC3cxkvMFvuvV/+3Id4L5kZgiqcm0dLsRhRUM8/FVQUlbGZ075DOedfz6VlZXRTWJf2JAgWAghhBBCCCGEEKJvSQAshBCHkHXvb+Ott9anebWdC5YVM3daIZUjqzGLSpi7FKa8sZGV77ex6NgxHDl5MFgWRkEx5QVwzDGjePmVLQR8EQZVRSgbMThhxIFDA3y8s+/PKx23qLQ3qn8BVGxA0+gMJxL+Q6mjzwd8JoZp4ObSlqdlcMAMY8T2d4NrM/64a+jhRHSKuTk4ESttAJyp8jcdyzAojESwTANbmwxRvmj4242x4rP0XPhs6//25TrAybTWPQ6YLGVkDNptHcEnK2n0GW9lt4SF/ZfWusvvm1JQXVPDWWd/kXPP/RJV1VWAQimVsmJfCCGEEEIIIYQQQvQ+CYCFEOIQsnLFxjSvtBPw+aip9lNRFUi5RVVVGMNM9Z+FCB3hMAPLovs11++ktDIaBDfu2tMLs05P6wilpWVYKYJT6L3g11VSZFJcbFIU6IiHuK5obqk8x9U4TvTHrbiOhpy+zvlFEo/rRHTWuTgRNzBNv50bTOYSBBdaJgVObE3OWCA9rqyMsUr3KPxNlq0COLlNdF8HwT0Ngf1KYRkqZfvndlkDuE94q0Pd984NGN3nRf/jfV8Mn8Xo0aP5r/+6iBOWLcPv96NQKbcVQgghhBBCCCGEEH1HAmAhhDiEbFj/UYpno2v4doTDCc9Ggi3Ub9vHrjqTjnCYujpPcNneCrbNihUfEgpHA7vdTQZu8+fm+mjZ7859vX4KCZTqGlB61/3tLaahGDnUwefXgI12vEFv53HdUDYa+rrPd02hk4NfyC2EdnpxPWXLMCiLXSQN2LGxZ5SWMdLq/fA1nwrg/dUSujcqgcX+pbWmoaGBlpZWtNaUlBRTXl6+XyrHDyfac9ud35D4n2YKFIqysjImTJzI/EUL+cxnTmHEiJHyngkhhBBCCCGEEEIcQBIACyHEIaKxqZW6uuaM27yxLsy4YR1UxB6/trqNj3aFoq+9tIqpk4YydvwI2toivPnWq7z22oe4AfIrq5sAGFjmsLvJ4N0PfATbQ311OolU1yChtzJEn6UYPtghEDCJRLwtjb3H0gn303UxTQ5+c6n2NUwj7+DXMs2M7YkLLZPCWKyjnQh2xKHAZzGpoIiRvr4NZXKtAO7rSuDeCH4LgVS/US22VAD3Hk1nnGjQ1tbOXx/7Gztqd+Joh6qqSs4680yqqioyDSLyoAyDqdOncen/fIeNGzawbds2dtbWsnPnThoaGujoCNH5nii8v0rRL1UYFBYXMWzoUCZOnMiMGTOYNn06w4cPp6q6CtPTSUK+gCGEEEIIIYQQQghxYEgALIQQh4hgazv79jYmPdue8Oixl1rY3WQwsKyd3U0G721y4pXBmz+q54af/YVxnxjB7toOdu+tIxQOAwV4Q2C/r4iwrYH9E4L5Cirj93u7cDRa+avx+XIPf716Usna3fAXOltA25FIQhhsmSalWmM5Tjy+ccPfWSUlVO6HLCbXCuC+rgTuSdvgIidCtrpIW9Yy7ROhUIhdu3bT0NgYf9zW3obW5RIm9obYJRwyZAinnnZa4tMabNumpaWFYDBIOBzusmZvIBCgpKSEopLiLl/ekPdHCCGEEEIIIYQQov+QAFgIIQ4hdXVNSc90hreuaCVvQdI2UU1BzVsrt6GUGV/X1ruNUiZhuzdnnLtuZ4XaITnM07HBqqoD+HyRtOFvyuFyqP7NeZ3fFOFvprV/vdzg11sJXGko3HN1Wz6XqjDzi0oJ7OdsJtcKYPe1vuK2ge5OO2hLGaT6ooOtNXbEBvy9M0mRJFoVrLWEin3Be03dgFcDKDB9FuWVFVRUVSbskxwEJ48nazULIYQQQgghhBBC9C8SAAshxCGksbE1xbMFKZ7LLDH8jUq1Hm+/px0iOn0YUVIYwtHpzyvX6t/uhL/JxzEMlXCMbOMkt4CujIWobvAbtsNU+eBI5cNpb6Ut42hRRkExTnsrRkFxDltHBczU1+9AVwD3tUiGFtyiO6Kthg1DYRoGoKOPTYVhSKDY2zIFut0Zyw2BhRBCCCGEEEIIIUT/IAGwEEIcIhobUoW/7XRWAecfBLsOZPhbXFKBYXSvAjhV+OtW/1qmIhAw8easuVb/pgsuM4W2mYLf5PA3X4FYw2dv+BsKhcHno8XpoKUjul2JEcg8ULg58bYXlfoMmsMOpSnWIE4XOHvD5Z5UCcerHJMCqnwqFZNbPtdrRU23ZyS6igaIpaUlnHjyiWz7cDuO4zB8xFBqaqpRyl0rWMLg3pBvlW4u20vlrxBCCCGEEEIIIUT/IQGwEEIcQurrU7WA9t6m5ga8Wkf6VaWvaXYz9NNu2Jq69XPEgbKSNqAk/lwyN5DNFsx6q39Tvx5d6zeVdMFvturfZEVG9D2LB79Ac3sbO3bv4qm9+2is35uwfXEg8fNgFZVQ6DOpcrr29x5W1TWcrSmr7PKcq6KkkIaWNipKChOe39GReAtQ6ott05FLfXJX2QLt5LA5n8pmsb90ti1XSoGCKVOOZMqUI+N5r0Kn770ueqYnl1XyXiGEEEKI/5+9+45zoz7zB/6Z78yob7V3vW7YxjbYBhtjY0LAdAJ3hBZCyiX5kXaX3giXerlLudzlklxCkku7NEhCcpAACYQWCBBKwDTTMWDcu3dXW9U1M78/RiONRjPSSKv1enc/79fLSBpN+a5WXht/9DwPERER0WGLATAR0RQR729+1ebholnVvxbJ0BEJlf8ROB7diKvN+jWvWZ6+aLoBWUiQhVQzBDYyWUjBQLH1cy6fKz43kk5hdHgYB/r6kU+OVgS+TkMDfRgCsN/luRf7+iu2JVIvIxoOI5FKIRoOuxxVqdYavCxocQ9t/QTT9hC6RQ3XDJqtQLkv1opsIXBUDB1pl6QrnZ+gYdgTrDRL2arItSqrJUiSqH/WsvU2lwoPrHbCxW32nXycp3Bcqdpbsj1pzagFAFEKlY3iRvO+sGYQWxXHEiT7e8DPl+e5nvJ1mJvtr5lUtk/FV+74ucaqWyIiIiIiIiIicsMAmIhoiuiPO6t//bFX/B5O1b8AICSgoy1S30GFub+yZJSFwPbq37wGyEJCI12X3do/11ux61VVbAW/so+Zp1Iw4P1cRkc6m0NYlYG2tprnakH5Pqmc+3zbfHIUSiSGaHAUQO1QN5FJIxoMIZFJI5FJV983ZYazA8Pl7+OXqx5Vn47WVkTD4eK6W9raEAhH0dXSgVmzuzAnEkVEyMXwl8rZQ0zDltBKkqjYr7Fg0gxeJYji+SVhPvZXqloKT63rG4ZVYVw4t2Tbz1qjZPt67HlxcRcDMApraODLsl43SZKg67ptbd4BbumlNgphuFS8vDVvtynhL/NjIiIiIiIiIqIpiQEwEdEUMTyUrPuYwy3wbSa38NdOyN7Jx1jm8QLeFb/Wucc689cShAFFFshrOlRFLasCDgVUhALtpX0DAWSy2YpbN622++lsDqGAat7OnIF0Nge0troeZ8mmzHnUVrDsDJjtrLC5rVC8290+6jssrpdVrVw8/xCg5DSEAipa9E6kNHMtilS79Xh6PErGD3O5XA79/XH09fVj9+7diA8MIpNJIxQMobu7CwsWHIF58+YhFGqs2tswzLB0584dSKUzMAwgFApg7tw5UBUF/vJOoxi4apqOPXv3IZVKAYaOuXPnIBqNQggJhgHk8zoGBwfR19eHffv2obe3F+l0GkIWaG/vwKJFR2D+/PloicUgSeb3W7L9t6qygmEz+B0dTaC3vw+9vX3o7+vH8PAw0ukMdF2HLAQCwQBaW1sxc8ZMxFpikIUZOhtWFbIExKJRdHfPhKqqzQuBiYiIiIiIiIhoymEATEQ0RRw8MFjX/pMl/DVEZ93HOKt/XfeRRTEYtmd5XsGsYVRW/9aa/+vFKwS2KontFcVWq+eK9WSyiITdgzYjKBALVoa0bZEYknoeaiGgsx5XE4NZURxrFWW3dlnDESTHqs/atQfPzlWms61oKQTIgHs1cpv3CGIAZqWyG2vWsSUQjiIUUBFrbUVEyJAdYVre8A55k7p7lfRUdsMNN2LXrt2Ixweg64ZZpWprBx0OR7BmzWq87pyzEYtF6w4oJUkgm83h7rv/gq3bdkDXdfT09OA9734n1BYVtYNXx+8nTcNdd92F7du2Q9c1vOUtb8Kxxx4LSRLYv/8gHnvscby6ZQvi8TgymUzF2TZsCGD5smU477zXYeZM6+eQ/6/HCqJ13cCmTS9hw6OPYs+evUgkkoXf+6X1lqqCzddMCAFh6wRgGObPrGOPWYHzz/87qKrqex1ERERERERERDT9MAAmIpoiBgfdQy+7yRL6WmQhoCh1rLkQ2NUKfwFAUWpXeVoBrVtHYCv8tYe11Sp/rfNZwa/X/F+/7aRDQRWK7P41tITC0LI5yIHKkKgFatXH7hfzuC2qDHyt62vZXMVzqNLVO6nnkUub58tks2gFqlYrA+VVygBKlcrOLyOgIhgww/SAFIARFGgJhREIqAippb8SVQt+i19fEyq4J5unnn6mGFAaMADJrFA1w0sJ6XQajz32BObNnYO1a9c03KpY13RoeR2arkHTdF/Nn+3s83Q1TUc2l4dhGEgk00hncnjiiQ24//4HMDLinJtutWc2f19lszk88+xz6OxsxxlnnIFIxN+8a9tKAABbt23Dbbffgb6+fscs4NJ6y9trG9B1HbpuhcjmaxiNtqCzswOBwnuY1b9EREREREREROSFATAR0RQRjzvDjHKTLfwFAM1QEAo0948qqRDuidr5r6dGKn+twNetwtit8reWiHD/fgYCKrLZHMKxOmcnN5sVPruE0NWEAaSEUlapDKDsvlPMceu8b9cSMkO8QGFdqmKGv6pLBXA16WlYARwIhNDVNRNz5vRg1qwehMMhJBIJvPjiJuzcuRuapiOXy+H551/A8cevhizLDYSUksd9v6zK2sKxhlQIWHVs374dL774IrZs2Yp8Pg9VDWBGZyd6emZhVs8stLa2Ip1OYdvW7dj86hZkMlkABp597gWsWrUKodBsCJ8/OKxAN53O4vHHH8fAwAAMw0AwGMLSpYuxfNlRmD17NqLRGBRFgablMTqawL79+/Hyyy9jy5ZtSCaTEELg6GVLccklF6Kzo7NYNMzwl4iIiIiIiIiIqmEATEQ0RfT3DU30EsaFrNb3R5Wf6l/AbKeq1ZjVOx7cWj/XU/lrcav+teYA28PNXD5XdjspxCLIu7R+HqugoSMaMYNx6/VThIAqZCiivkBtyKVl8FR3ySUX4shFi9DZ2QlIRjGMXLp0KX7/uxuwZ+9eABIOHOxFOp1BNGr7EIL19vbxMhsu9+pTaKcs2dssCzz37PPQ9TwMA5jd04MTTliLo446CjNndkKx/d44btUq3HjjH/DKK5uh6cDQ0BAGBobQ0zPLdwBshs5Ab28v9u07gHxehxDA8atX4qyzzkJHR5tjXwMdHe2YN38eli9bhr/efz8eeeRRc+5yXxwD8UF0tndCkgodCep4PYmIiIiIiIiIaPphAExENEXE48MTvYSmi4RkyH6DOUP3Hf4CZgWwptWe/2t1ZnXO/3Wq1f652jXqDX+DjmBMkQXyhes7Q17rca3w16ud9HgL6xmkRNCxliBywmzhnIFU8fVarOe8btOZHELB0tet6npZq2d78Fut+ldz+d7LQkYur0P10Up8qjhh7RoAhbG/kADJrHTtmjkTc+bMxr79+6HrBjKZLNLpdLFlctVq1YqnDHNbw4XDksd2A5qmIRwK4dTTTsUpp5xcXJ/ZphrF+21trVi0aCG279iJVCqFXC6PdDrl2r65OgN9fQeRTCYgSUAsFsPKlSvQ3t5Seg2tZVrtsmEgFovi6KOOxgsvvIj+/jgSiSQGB4aLr2Nx7DIREREREREREZEHBsBERFPE0FCi5j6GoU2qVtChYLD2TjayZNQVAo+Vn+B2PCqJJTWAehKg8Qh3FSGQ1/WyWwBl9/3IibDrX0YiQkZS1zzDX6AUhHvd2sNfwAzBhRCQC8GbPfytp/2zJW9oUDF9AmA7exgqyzJCoRAMQ0ex+vYwDCi7urtxycUX4cgjF0EIyXMeL2CGtXLh940kmR8AqedrsreA1jQNhgEEgyGEI1FIkkC1hFuSBMLhUHHWr67ryOfz0HVzRjHbPxMRERERERERUS0MgImIpojBwVIA7BXyTqbwFwDkQNTfjoZ79a3hUbWr1vkyuFX/TlT4CwBhTQMcoW4zQl5JyJDrCZaFKLt13gcAIQR0XYcqZOR0rexWK1xLdgnD8rIOSfb3jQprGlKyXHGrCgk53YBaCHoVXYcMybPq1/lYq5L4abqO/OGYco4Tr+DR3A4IWcbh3o+4ra0V3d1dhWDX/N5ZlbdOQgjH12vvu1ybdawsC0gwS3Z1TYeW18uu5/aaGoYBTdehaVpxHyEaKYsmIiIiIiKa3qwP0hIRTUfTs2yFiGiK2bevH4bR/JmpEy0YavW3o+TvjzOrTbOQBWp0dD5sZFO1K7sbIQm57JciRF3hL2CGZM5fqpDLHsuQoAozyLXfajAgQ3INf631WcKFIMx+qwqpeGuFvnlVgSqk4q2SyxdvrXO6hb+NVP9ON7LjAwblgbAZcUpSKRC2njq8/kfbgFEIcu3r916j7Wus+8swYBg6otEI1ID5ecuR0VH09/cXZ4/br2sPhXVdx+DAABIJ8/e+oigIhkI4rF5KIiIiIiKiSUDT9Ir/nyUimi5YAUxENAUM+aj+HYvXrpRx0mINu9aegxf7+hF88CCe2rin6ddxamnxGQD7ZEgCkqFDkc0kxWv+r5/KXVlIxSpgv/N/69VyoA25thEEMllIwUBdx9oDVCe5zmpGUaOlswypGOhat7V47aMICXndgIxS5W5eKFAdtwCQL8zzVYVU3Kbk8sirChRJAgKq+Rcd67bwJVuBr58QOD9OVdyTjVxHW+/D06H9Plp5bnd3N1paWjAwMIxcNotHH30Ura0tOOKI+QgEgsXQ3DzGQDabxf79B/Dkk08ilUpBkiS0tbVh5oyZh3T9REREREREU0Fe06D47C5GRDTVMAAmIpoC4v0jTT9nKKDgvHUa3nZ2CO2d5izeX0TmYOWsOcAxQEfvQQzc+NwhCYJrKrSArmf+r1euZw9/3Tr86pq5sVoLaL+tn6udQxYSwoaKRFJFThqB2t5SDIEbbfdcT4VvrdDXPF/l6+0n/LWzAl+rMtfalvORqVthLwAokoS8YRTD37xhmCGwT1a753qqgUNi+vw1SpZl6IYBwTJUXyTJ/PnR2dmJFcuXo/dgP5KpJLbv2IUbbrgJs3p60NHRjmgkAllRoWl5JJMpDA4OYt/efRgaGoKuGwgEAli8+Eh0dnYcZtXUREREREREhz9N16fAB5qJiBozff7lkohoCuuPDwNoXvVvJBTAlVecjfWzHvHcp6urG0s+eTGO/tMTuO76x5pyXSc11FF9B8fsX1kyiiGw1/xfAAgGUzD0SPFxtcDWbf5vs9iriJ003UBYCyIBM9zPphIIADUrgatV/jaTFfTWauXsxh762sNf+32tMDe1Gmf4aw98vcJfWZKqhryaYfgKgbvCIajK9PmfyICqmG2KJ20IeejXLUlm6+x169bh4IE+PPPss8hrecQHBhEfGKyYq+z2s+aoo5Zg3QlrEAo5ft9P1m8DERERERHRIaTrOlSVEQgRTU/T518uiYimsOGhZNPOFQoo+NCH1uOkE5fW3He+kcS733Umjl8z1/X5anNW/Mxgicbaq+/gmP1rrwCWHJ/wtLdpbnT8i1X9e6jIEhDd1YJMwoCU0ZEbHIGRyXru7xX+yjCaWv3rDH81H+e2gl1n6Gs9tu9T9TyFwMztNu9Ssq1opdnYfl8DzTCKFcFuhK7hNa0tvs41VQQDKpKpzEQvY9IwjFIHgVgshuOPPx4zu2ZCCIFYLGbOBlYViMLMZCEkBAIqopEIOjs7sPjIhbj44gvxxjdeiu7ublb/EhERERERNSCRTCNU50gtIqKpgh9/ISKaAg4eGGxK9a9haDjppMU4+eTjIXJ7fR93wXmrsOn5A0hn867Py7KAVmNOrqoYyOUbDzmc7Z+dFcDW/N9mqNa6uV7VqoABIJYLAruAxPwRBKMScoMjiGcykAMqAgEVqqIWW0IbunbIKoAB+J75aw957bdeFcB53UDKJay1V/raw15rm1vVb94260dv4LXRYMAorFkSAoauY1VHJ2JqqO5zTWaRcAgH+gbQEg1P9FImFUkCRkcTeOqpjejv7cPMmTNx1llnIBwKIZ1OI5fLwTAMSJIEVVUQDofQ0tKKzs4ORCLhQsG19V5nCExEREREROSXrhvIZLMIh4ITvRQiognBAJiIaAoYHBxt2rkuvvAURKMKdMdY4Z2hhRX7tsfMMGjZknloa21Fui8OoLy616vS1wqEreDXLfztaItUbBurnAYEZAm1OjtXKQAto9cItpvBHgKbssj0+avGDEYrX9dwuPTpVzmgFu8HbPdVxbxvhcuKEMXKYKvi12r9XCsEtlf42kNea5ulWgWwPfR1VvpawW+tub9KHVXQXha0xLCspXVatX+2RMIhzgH2yZoBbBhAb+9B7NixA3ktj+7ubixZvBRtbS22fa125873p2H7xdeciIiIiIioHsl0GpHQ9PrwNhGRHQNgIqIpIB4fqb1TDYahYfG8MFYcO7vuYztbRhENlkJoTdOLVb9WAOwMgjVNL6v6te7bt8mBLt9r8Dv/FwAUtXYlqBXgHAq1qoABMwQObwkiFcggHhxBsNvcnshVD4L79rpXZTdDOOL+14ioWvnpWmcQ7RVCWzKSd8AaNPTi86Fg+bFWg+xIodo3ryoVobDfOb/2NtCDQ0NYPrMLJ3fMmJbhLwBEwkFkMjmEnfNox9WhbbveLKW3joTEaBK5XB4GgHh/P+LxfsRiYdvPRPt70T77WgKDXyIiIiIiosYkkilEwgyAiWj6YgBMRDQF9PcNNeU8J65fbd5RFETUV5Cu49hZnRq27infVmvOrz3wtUJfeyVwJFwjaGpSS+eJpOkGZCH5CoFlqRAEZ4PACJAKZBCFv1m0KSlXuS1Q+zs8Ekx4nzNZGS6HIwr6hhJlj1PJPNCct6j7Oox+X/uFVRmBcBQAECqEzsFAAAGp9D4LO95zBwfj2LNzBy487nic2NY+bcNfAGiJRrB9935EwkEYzk9HGIWw0q2QtSrDcVttn7GqN1Ct+4txvWIwGIRcaEW+/+BB3HZ6qqeWAAAgAElEQVT77VhwxBGYMXMGOjs60N7ejra2doRCQUii8BoWrl1crSQVX3POAyYiIiIiIqpO03SkM1nMmtk50UshIpowDICJiCa5oeEE4vHhMZ3DMDQAaaxcNsfckM8jn/IO/mqpFfxa7Z9lWSCXL28FXboVUJTmzLPVNR2wVZTKVVoNWw5l9W/dxxQOieXKK201w3xOc1l7GC4zbzIx8zgdkIV569SDmb7XlQ1lAOdbcbg8fD6YSLkeOxyMozXTieFg3Pf1SsxQNxCq/p5NpzWMDNWebZ3ImMF4ImWu9QsXvBHrly9pYF1TT2d7C5LpLMLByqrt8upVl6c8HYrfbPWEv2771RceF7s6w0BXdxdmds3E4PAQNF3D9p27sHPnLsiyDEWRoSgqAoEAWltbMHt2D2bPno05c+agZ1Y3gsGA54qIiIiIiIjIXXxoGJ1trRO9DCKiCcUAmIiIitRAfa1dW9Rw8f6BuAxA838txUAur3tWAFvBRzMIWZTN6hXy4RWn1FMFXHacUQqD7ffrZeX11XJ7P6OOA2mXkBlAwBY+H9jqfpEWRKEZGlqk+WXbdaP2e8rQBpEYHcTStctx8Vt6itv7h6oHwvtGBqo+P7ulAyvnzkZba7TmGqaL1lgUu/YerAyApUZDXOtNO94hsJ9KYyerqtkoVDjXcTXDPF6SJLS0tGDlqlXYf+AAhoeHYRg6DJgzq/P5PGBkIElAPB7Htu07Cq+IgUgkjKOPPhrr1q3DgiPml83oJiIiIiIiIne5XB7pTBZdne0TvRQiognFAJiIaJJLJupp1FzdyOgIoJh/NGjJ0ar72tvmbt2ZR/+witIE1tqcga+zAjgUaGxOi9v8X3v4W238r15H+NpMjVQBA97hr1cV8FhY4bCfINhLIlH9YCGVvjm6oZU99mv5HNsM6zl1H04+dLS3IJHKIBq2gn2j0J5YLxS9GjCMeloVu+3XSGBbeXT5ltrnsir/jYq5vPWxvvZ8XsMLL2zCU09uRCqZRDQawYrlyxEMhDAyMoLh4WEMDQ1hdHQUuXzOtkIJyWQaTz39DLZt246zzzoTa9Ycj0CdH9IhIiIiIiKabuJDI+hs8zcui4hoKmMATEQ0yQ0N1t+qWZZFsQ2z3eat/Vh/WuVcVwB4XlsAeFSIbtvbj2ShXW6t9s8WZ+DrDIQD4fr+sq7VUaEnxPjOcRVCqjtMdlYB11MN7Fb56wyHmxUINyMIrsUKf91uq+lsaxu/RVFRLBJGIpmCbhgQhaDTynoNQytFt4bRUAhsGDrGGgCXzmUG02aka/iMcq199cJaAEmyr8kfXdfx3HPP4c9/vgvx+CBUVcaZZ56BdSecgEAgAE3ToWl5aJqGbDaLoeFh7N9/ALt27cL27dvQ3x+HYQCDA4N4+OFH0NPTg4ULF9T3AhAREREREU0jo8kUJAmIRsK1dyYimuIYABMRTQFDNVrd2lULaG+7ZQPe/KZTEY0qMEarVwDb/fa6zcjldd/hr332r1cFMAAIAbgU9E4a9QTB9irgRkLgmudvclWw18zgZnALff20gqZDZ9bMTuzadxBdHW2QJAlLliyBoqoAJAQDQUQiEUiSVFcIbBgGZEXGmjVrsHDhkQAktLREzXbwdRThGoUyXlkIrFmzBkceuQgGDMzo7PTRWt48dvbsWVh/6npkszkABubMmQNZlgvP+5sh3t8fxxNPPIn+/jgkCBx77Eoct2oVwuEQhJCgKALmX8UNAFHMmNGBxYsWwDjpRCRSKfz1r/djw4YNSKcy6Ovrx549ezF37hy2giYiIiIiInKRzeUwODSKebO7JnopRESHBQbARESTXLx/BECpqtcKYa0KX69Q1l4FLEkyDCOE4WQKDz/8FM45e63vvOXqa+7D3r27Glq7Ffa6BcLBUOu4hb++ixLHQDTY1rnRecBexnPccT3VwD4/G1DW+tlv5S9NjLk9Xdi1Zz9mzezA0UcfhaOXHW0+YUjw23LZSRYy1q1bh/KQVYfUQBtmRZFx4okn2Nbi/yxz587BnLlzC+swj69zCjD6+uPojw8AkBAIBnDEEfMRi0UhhFnlXArGC0E5ig8RjYSxatVKbN68GXt370Mul8fg4BCyuRwDYCIiIiIiIhd79vdh4byeiV4GEdFhY3x7YBIR0SFlD3tlWdSsyHV7/qbrH8KWTdtrXitrZHHnrx/Cddc/5utabtfWDbl4nHPt9ZIlA7JUO3ASdZxb95FA13M+PxqdB+zr3Icg+Pbit1rYOfeX4e/hS0gS5vR0YWg0CUkyw1UJgCQZkCRzDq7/FtCl/c3zGLZf9b1xS+eRim2fJZ9nKa3Zvo7SI7+lyIZhIJ1OI5fLwwAgKzKCoRBkWRTmIwvb+STb+YtnQDgURkBVgcJrmcmmoWv8/UBEREREROS072A/5s/uruv/QYmIpjoGwEREk1x/fHhMx1thqyTJAELYsnsAn/3X67F1R9rzmEw2i1d+fA9uvPGJhq7pNn/YWossCwhJQ0tLa33nNKS65gAfzqzK3/EKg5sdBMui/NdYWIGvkOSKMJgOP6qioLO9FQf6zEpXMkmSBCFE8R8fNE1HMpkq/uyr+KiKmZgDtmA4mUwgk80X6o8NqIoy7vPLiYiIiIiIJpNsLodtu/ahq7MdisJ/QyAismMLaCKiSW54KInEaGpM57DaQdtbQX/g2ylcsj6GE5eZ7Ub3LExgbyKJPfFd6P/Ndowm0g1V/lrXq0Y3Gv9LuyQEjCqVu4pstXStTQjhqwq4+jn8zwG2OOcBA2jqLODxZs0HrndO8FhbPs/oCDZ0HI2NqiiYP7cHe/b3YkZ7CwQ/cQ0AiITDxZnDmUwGmzdvxuIlR6JnVjeEZM4JtpjzkkuvWzKVwgsvbsLAQByA+TOzpbUVisK/uhMREREREQHAaCKJweEEFs7rYeUvEZEL/isSEdEUkMvrDQWxbqwQGAD++NAo7nhURVBVANyFdE5CNmcGxc26nhc11NHQcdXCX4t9Pm+1cHas4e/hzBkEa03Il+2hr/3Weq4Wq+LXq/LXPh+4bLvcjmis4WVTEwhJwvzZ3TjYNwAhBGKR6R7GS+js7ERnZwcOHuyFYRjYvHkzRkaGccwxx2DBgiPQ1taOULEttIFcNoeR4VHsP7Afm17ahC1btiKdzgAAYrEYurq6oKqc/0tERERERNNbLpdHfGgEEoB5s7smejlERIctBsBERJPc6EiqKWGsdQ6rEtgURTYPZPOlfQ5FSx0hFdoA276s8cpi/Vbo6h4Jqe4j2bQC53orge1kITWtCtj1/LZAuNEw2HobOm+d9+sRCMjIZjUEAjIA9/deOsO5qIeL7pkdSCRT6I0PIxYNIVyogJ2O2tvbsGrlKhzYfxADA4PI5zXs3r0bu3fvgSSZoa+dhEJZsGQUehSYraAVRcWKFcfgiPnz2QKaiIiIiIimLU3TER8aRjqTRWdbC6KR8EQviYjosMYAmIhokksmM009nzNM1rTmVRf7pRsyorH2ho6t1QK6Hn5aQAtZ+AqBzfOVguCxtoY+FGFwM6qCLc6XyAx0YQt3vVV73mqxm8409n6h5otGwohGwhgeTeJA3yBaYhGEguq0aw0thMDq1augKDI2bNiAnbt2I5/LmTN9beGv2f7ZfGzADIIlmEFwe1sbVq1ahdee/Fq0tMQwzV5CIiIiIiKa5nTdQDKdRjKVRiqdQWdbK7o6+f//RER+MAAmIprkBgdHx/X8hzr8BQDhJ+QwyhNFWTKgGf7SEeHrAo5jZMmzCngiNHs2sOs1mhgEW28jZ/BbK/y1BIMBZDLZYuDrFAoGMGNGdOwLpaZpjUXQGotgNJHCaML8H/ZIJIRIKAghJEiShKmaZ0qFGl5FkbFq1bFYtGgB9u07gK1bt2LP3n2IxweQSCSQyWSg6zokSYKqqgiHw2htbUXPrC4sXLgQ8+fPQ2dnB4LBIMNfIiIiIiKasnRdh6bpyGsaNF2HoesYTaaRyWYRCYUQCQfRPaOxUWFERNMVA2AiokkuHh+Z6CU0neynzakkKkJgoPYM4GAwBSDS4Mrc1VMFXHFsA5XAgBn8ykIa99bQQOW84GbwE/w6w17rcWUbcjMcpsNTLBpGLGq25kqlM0hnssjl8tD0wv/ca3pFO+SpqH1mN9bM7MaaOo8bGEkBI6lxWRMREREREdHhQJIkc+yYLEMWAoGAgvbWGMKh4EQvjYho0mIATEQ0yfX3DU30EppOCIGOtsZCWj8toIVwnynsDGNrtX8eC3sb6LG2g7ZC4EMRBvtdk19eFb1ObrOnZdn+15jpO2t2MgmHgvwfeCIiIiIiIiIionHGAJiIiA4LQtKK91U1PG7X0fUogNohqST5mwHcCHsL6kYrgJ2s8NUthHULhe2hcTPUaqstZAFA8xX4uoW9gDPwtfYVsP46Ex6/tw0RERERERERERHRpMEAmIhokovHh8flvEIEoOtZz9vxohuyvxbQLu2f/VCVBJrdAhoYextoAMUguFmhsMUr5K03/PUKee1fu6gyM1pRogCSLtu920E7Q19VBgypdA1ZALCFwERERERERERERETTHf+1lIhokhsaSjT1fFbAa4W8Xrf1BsFCArwyTfM5GULSzF+i9nxYN7JkQDO8Q01DElXn2TYzdG2EFfxO5DrsYXS1ql5n0OsW/LoFzNXCXqBala/JgBn6SrYPCSg+Pi9ARERERERERERENF0wACYimuTSyUxTz+cMeIUotOw1stANczuMbNl+MLKAVNjfIzPUDXg+B5S3gJZlAUN0NuXrsZMMvWrVq9/KW69Zu1YI2mglsLUGP+zVwmNlVfDaQ9x6M3i311U40nZnSOwW9gIeVb4oD32ta1rznPP1LZeIiIiIiIiIiIhoymIATEQ0iQ0NJ5AbQ9hoVxH4FrYVSYFSgGu/X3gMwzv8rZcciKI1Vh6wWkHfWDUjMAXcQ2BniDqexvp1+KngdeMVoDvDXsCcoVx+rL/Q16ryBSpDX2sN9s1ClFcJExEREREREREREU1nDICJiCaxfXv6GzrOrR2zM/ytm1SqFLYCYec1q7NKTjXPPcpCYEl4zgGWhIDhkRbXCjr9VgFXqwCudR0rKLbf1jLewbIVaNcT8BafEwK6rlcEvgAgSe5htbPKt1roa63JeXpZAIakQNfykIWEGTNCnmskIiIiIiIiIiIimi4YABMRTWLx/pGGjtMNIBYJY8mK0zGz+ygEg6Xg121Ga7W5rIlECs9tvA27d20xn3AJf8eFR/hrPlX+nD1krdYCGiifAyxV2dV+HmcY7BXWWoGv9bzz9lByex2KQWu1QckFzrDX/tgr9AVK7xvrFatV6Wue27ndvDUkpbBeBWwCTURERERERERERGRiAExENIn1x4erPu+s9LUeCwlYsuJ0LF+xDoFAncNeYQZwiiKgqgKzeiIYHDiuFAA3zKr8LaxHinjvWiX8HStnBbBV3QqYwaiulYe9VvjrNRe47Ny2oNetXXSzW0jXCrtL6/K5n0eFb+l5x8xf15DZcbzPal/7sVbwq8rm9yWniUIITERERERERERERET811Iiokls726zBbSVs7nlj/bnrOd1A4jG2hEOyQgG/QXA9mBUCAlK4U+QVDJXuXNDVcCldQRDrVCqhZJV2j/X4j6r1hn6ereBdobAzuDX2UrZum+/Nc9TmXAKWfgObesxloDXzqrs1XXDNdx131a6rygCkqh8Xf1W+lpHWsEvAEiKDBUachpnABMREREREREREREBDICJiCa1vXvLZwC7zfYFnFXAGrI5Ha9uehBHzJ8LRWkrPifLErRCuGm/b9E0A7JsBoDZrPn4QG8Cu7Y9U3FNWQhoHnN4/fCqhLVCQt1jVLAsGYAsIa9VtmXWNR1ynRW2ZuhZqgI2z1UZAttvXddVY8ZuM/gNesuOqRL6WtW91Sp7a4W+bq2dLfVU+0pGvtg+unjuQrtySZEBrfbcZiIiIiIiIiIiIqLpgAEwEdEkFo+PwJm/eeWLQjIT02xOB5DGnj0v4fprv4Gu7iMQDLU2dP1Mehi9vb2uz2mGAlnkGwqBW1oaW4+d4hICA6XAshgk66XtXlXAkgTIsoCmlYfAACpaQgPlQbDXfb8aCXXLjvcR8Jb29b5WraC3eE7bRrfT1ar2BczQt7La1zZj2GVONQC0xMYvXCciIiIiIiIiIiKaLBgAExFNYv19QzX3MWf+muGvhByAUsvmbC6JPXteKjwKIahqyORqt4SWJHMfVRFmu+cqxloJ7MWq6K37uIpqVn8hsPc6KucCV3ve7XGzOUNfZ9Bb2s+7nbP1vPc1bOd3XK/iQwnC/T5QORPYOd+3eA2P0NcSCDL8JSIiIiIiIiIiIgIYABMRTWrx+PCYzxFUVWRyOV/hrxX8Ftso1wh/NcP8Y0YW+dI2H2GwGuqo+ryu6Z4tou3cqoBrjLmtPv+3cLDu+BrsIa6uGRWhbq3Hjaqnurd0TH3tnMv3dVyjRrVvefArQZbt1dCl56zQF6gMfoHq4a8iGcgbDH+JiIiIiIiIiIiILAyAiYgmsQP74jX3cQZzQVUte2yGvjIyOTPgVZXy8FM3KsM3IcEz/FVlHTmtPCksBsFS3ndFsCwArwJfK/y1bqtVAjtDYFkW0A3AsM/0rdIO2gpFdd0ohqrOdtDlaxu/ls2Ad7Drfq76WjqXnnO5bo2w1+1Yt2s4Z/sCjYW+pXUB8JgHTURERERERERERDQdMQAmIpqkhoYTPlsru6djBswgOFDIg62gt0bHYwjhHvwGA0Ami4rw1wqEZalUBSwXUkL39WuIxtoL+3mHwGVrqtEO2q0SWBKiLASuOKct+LUe2yuDZVnAMCqrgd3PJaDres1wt7i2BjLk2tW79VX3ArVbO3sd57yWJACj8DK5Bb85TbiGwG4qwl+wCpiIiIiIiIiIiIjIjgEwEdEklUyk69pfFiqECNZsnSwLGZquQRaybVuh4ta+zeU80XDpfi6Xw0gyZwv3REVY6l4NXHsGsRs/1cBCFmZgqZtBtxVwWkGwsxLY3OZeDQyYQa31OhiO4NwZ4rq9XvWoFeD63c8rg/Zb4et2DrfAt3SuwmsmzFnDbkGvKuuQFBlGXnOt/LWHvs7zFx9rQCQ8tteYiIiIiIiIiIiIaCpgAExENEkNDSZq7hMMBnDBBatw3jknoK0jXHVfPVJ9nm8jsv06Nj71OP7vt89iYHC4WAlr5xYCd7RFbM+Xn9Mr3/UzF1ixtWe2Mku3imchvENg6zGAsm2NVO1W06zA19zHfbufCl+v492u6wxmhSS53q84rhD61gp/necHAEmWYWjsAU1ERERERERERERkYQBMRDRJxftHau6z9OgZeMulJyHSGgaUwo/8fKEVs9LEPwLy+fLH1rl7BE465zV44okdeOLJ0eLTbm2T/c4G9mKfC+xVBayqlQmikADdUQkM1A6BvbZ5rs+lpXQj/AfDlducgS/gf55vteu7VfxWnEDX3QPcemb9Oo+V5dKtn17hRERERERERERERNMAA2AiokmqPz5c5VmzIrItFkI4FiwPe5sZ/Po8Z8/sGdC1XZ4VulaLaeu2pbXD81z2U3hlfm4hsCJLUBQBwKgMd61q4Botoe3hZ6NB7lhn9ZbvW/7YLeAt27/OsNdrPdUqfVHWSroU4Fovd7XA11Ir+AVK4a8lEGD7ZyIiIiIiIiIiIiKAATAR0RRTaoUrIYenntqPvz30PE5+7XIIVT3kq9HzGl5+4lU8eP/WQ35ttxA4rCYARNwPsJGEqKgGBmpXBPtaV4OVv/Z1OFULft0uZwXg9YS+pWvZz10Z/ArJ32viZ96v3/DXEgo3Nj+aiIiIiIiIiIiIaCphAExENEkNDyUdW8rDXwAYHD6Ir3/zZgTV27Bk+Xzf526LhZqxRGx+ZQijiRRyOXM9Xq2ZnRQlOqbres0Dtm9zVgED1ecCu6kVAo8l7DWP936u3tDXz7kbCn4LJ6sZ/Aqz+rp4vgbDXyK7V3b24o8PvAAhSbj0jJU4cm7nRC+JiIiIiIiIiIhowjEAJiKapA4eGHTdLiGHTCFwBYBMzny88clXEDwEVcBBVUEml4cBFbJQoaj1/VGjqIrrrF43Xu2g7fOAgVLwLDsCTrfKXqAQoMoCulE5F9ji1ha6HjW6NReNpa1ztes0HPbaTlwKfd3DX/v3R9fMxzmtfB/FERxXC369Kn8tqsLUeDq578kteP0nf4FM1pxB/sWf3oW7vvdPOGXVwgle2fj5xZ8ex96+Uvv/pfNn4i3nHDeBKyIiIiIiIiIiosMRA2AioklqcHDU9kjz3M9yKMJfAGXhrxCVbZhrCQXqqz7WdDNYlIX3TGCLoroHiG7VwBbJMRfYfgzgfZzbNerhFfw2Wt1bem4MwW9Zm2fvil+PUc9lnMGv8/oVz9UIf2n6+eJP7iqGvwCQzuTxH1ffg9uveu8Ermp8/ejGR7Dx5T3Fx+efvIwBMBERERERERERVWAATEQ0Jciwh8CHKuy1M1C6piwav34g3FLX/vaw0bpfEQRLAjB0yLJUDECdrZurtYS2Tq65JMyNzOX1vEatfX2GyH5D3sq11Kr2bSz0FbJUfHvWG/zKAtAlhr+Hk2vv3Ih3fvn64uPXrlyAh37yoaaceySZwVGXfQMHB0ofcHn2N5/EMUfOqti3dzBRsW04kWnKOoiIiIiIiIiIiCYzBsBERJPQ0HAC8fhIzf0yORlBVYMBFRJyZSFtM4VUA+lcefAr6i15LQiGWhteh1c1sBBmC+Ja7ZprVfXKhbbQQGVFsHVcsAswIoASGdv830YoaOw1D8UFkgmXKvIawa+fSl8hN/461BP+CqN2FTyNj0ee24Hf/vkpvO2848d8rv+8+t6y8BcADMP9/Xfh+uX41m97y7ZdfNoxY14DERERERERERHRZMcAmIhoirGHvAEVMCDGFP7KQoWm55xbUao4lpHTRFkY2Gj4O1b2CmC3ltD22cJelcDmcyg8V3kNIQG64d4aOjl3FKM9CjpyMvTAGL6QOskRAS2pI1ulFbi1j/1xUMgISBJiswy0QmD/E+bzpdDWu+LXYr3WTm7BrxnmmmusVvUL+AuX7d/jcMshfMGpwmd+cDsuPu0YRMONfx+27Y3jO9c/6Hv/r7zvPGRyeVx39zMQkoR3X3ACPvkPpzZ8fSIiIiIiIiIioqmCATAR0STV3zfke9/y8LdUUSn7DGrdWzo3HvLaA2K9EKAKIaDrOlpaShXAiiKQz9c3QxgoBYPOltBCFLtB29ZSOwg2n7dtd7SGth/akTv07Yrtwa7ffbSkjiR0IKYCML+gYEggl6se+jqDWefjahW/wtBg+Ax2vSp/3a5f55hpGgd7e4fxX7+6D//+/vMaPsen/+c2ZHP+K7lDQQXf/eTF+O4nL274mkRERERERERERFPRxJRoERHRmCQTaQDOAFd23Hf/5Qx9Na9+xw2qt/pXCFE8RggBNdRRfK6R8NfiNg9YVqqEkz7bQ7s+J5m/2mYEzesEVKjQoFapyD1cJEdzODCaQhwG5CrhrdVa24uQpTG1e7auIcmy7/CXDi/f+u0D2LY33tCxDz69DTf99XnX52rXoRMREREREREREZEdK4CJiKYUMzizQl5N112rfO3b/FYB+9Gs1s9ulb/WNkUxr+E3HLYqRIUtPXS2HzaKFcKlALNWRXBpv9J9NReCHM0CtuB3IkPgdFZHKCDK7ttvLRqAdDwJoasI2qrFawWuYw18/V7H7z40sTLZPP75e7fixv+6vK7jdN3AFd+5ZZxWRURERERERERENP0wACYimoSGBhOIx4cBlIe99sfO++Ol2fN+o7F2ACgLeu3hb6NVwdUCRGdbaKB6a+jy/WwPdgKZmTKUiIycmm5onc1mD3qt+/ZtQ/0ZAEBHNoZg1gx/mxm2yj7nCXtV/dLk8sf7X8A9j7+Ks9ct8X3MNbc9gade3lv3tW59aBMu/tQ1Zdse/cVHccLyea77a5qOPz/6Cv7w1+ex8eU92Ll/EMOJNAKqjPaWMJbMm4FVS2bj7HVLcc66pYiEGpubbndwYBQ33fc8Njy/Axtf3oODA6MYGE4hGFDQ2RrBsUfOwmlrjsS7Xn8CujtiY76e5TvXPYQrv/unsm39d30J7S3hqsc9/cperH3nd8u23fhfl+OS04+p2Hfdu76HjS/vKT7+8vvOxRfefTaGE2n88vYncfvfXsILWw+gd3AUkVAAc2a24vTjj8Rbz12N9cctrDjfI8/twE33PYf7Nm7BnoPDiA8n0d4SxuK5M3Dua5bi/W84CbNntlYc53ddyXQO1965EX/e8DKefmUvegcTyGs6utqjWLtsHi46bQXeft7xUJX6fxY98NQ23HDvs3jkuR3YsqcfI8kMIqEA5ne3Ye2yebj49GNw0akroNTxw3Xjy3tw3V1P49EXduKVnX0YSqRhGAbaYiEcMasDKxf3YP3qRTj/5GWY1dm89w4RERERERERTQ0MgImIpohDEfY6NTv81XUdHW2Rsm1WEOzc5gyE/YbDQioEu0Z5IOkWAgNmEFwrBLZoeQPSfgFDAApCFZXG9dIiza8eNiKAlCw97oAKNaX4rub1u58sS9C02q+blYcIQxtT6+eOVpYIHy4+cdUteOrXn/AVdo0mM/jCj++suo9hjL0J9N+e3Y73f+1GbNp+sOK5vKYjmc5hb+8wHnhqG77/+4cRiwRxxVvX40v/dG5D19u2N47P/uB2/PH+F5B3GVKdT2WRSGWx68Ag7njkZXzxJ3fhX959Nj7/zrNqtqM/nP3q9idx5XdvRXw4WbY9m0thcCSFF7cdwI9uegRvOec4/PDTb0B7Sxiv7u7Hx799M+585OWK8/UNJtA3mMCjL+zEN39zP77xkdfjw5edXPe6fnfPs/j4t27GwYHRiud2HxzC7oNDuPmBF/DVX9yD3/3nO7Dm6Lm+zvvkS7vx4YL23CoAACAASURBVG/+EY+/uKviudFkBpu2H8Sm7Qdx7Z0bsWB2B771sQvwhjOOrXrO3QeH8MGv34TbH37J9fnegQR6BxJ48qXduOa2JyBJEt589ir86DOXoi0W8rVuIiIiIiIiIpr6GAATEU1SQ0OJcT2/EAJ6oaq42UFvtWva2Vs+22/dqoKrhb+yMI+zwl/APQi2B7b2MNgtkKkWClvPCZSqiK0g2SvccQuL5aRcXKumVZ/Ra1c1pM06riEAVCl0HEubZ+d6hZCg6UZZoOs39DU0DZLMKuHJwAr5PvqmU2ru+7Vf3ocD8VIoJ8sCmktgOha3PrQJl33u18jl/X+gYjSZwcGBxn7Gvrq7H6vfcRVSmZzvY7I5DV/8yV14dVcfrvm3tzR03Yl27R0bsXlXn699r//LMzgQH8VXP3AeLvrnayoCYzfpTB4f+9bNSKSz+PQ7zvC9ruvueto1+HezbW8cp77/h/jrDz+AdSvmV933Z7c8hg994w++36879g3gss/9Gh++7GR854qLXP8s2LonjjM++GPs6R3ydU7A/IDEs6/uQ2s06PsYIiIiIiIiIpr6WC5DRDQJxftHkE5mmnpOIUTZr4nS0tpRvO9W/Wttd5sRXO0Yr/DUHgrbScI9lC0eJ6SKf8C3tjmfs+7bt1nnr3YdIUnF9dUKf4UsFX/5IYvmz/i11ui1Vt1n+GtnaGZox/D38HbB+uVlj7/007vRP1Q91Nu+bwBXXfdg2bYPXnpSU9fVP5TEu/79+orwV5YFjjqiC6esWoh1K+Zj/qz2sucVWeCzl5/Z0DWXzJvh2oZalgVmdcawaE4nWiLuYd2v79iIa257oqHrTjRn+BuLBHH0gi7M6XJv2/zXjVuw/n0/rAh/O1sjWLawGzMc3SAs//KjO/H0K/5bhjvDX1WRceTcTiydPxMBtfLnSjqTx5s+fy0y2bznOa+9cyPe/7UbPcPfWCQIyePPlh/c8LDnzOv3fPV3ruHvET3tOHHFfJy8agGOOqKr4s+eL7znHM/rEREREREREdH0xApgIqJpyG/A63s/WUBvQtWe8Dkf0V4Z7PVcPbOCvdpCA+7hbK3qYK/j6lmL5/P1hrINrKPR4Nd5vxHO9VrBLyuAD2//8YG/w0PPbMfgSAoAMDiSwr/+75/xw0+/wfOYT//PbWUh25lrF+PSM1fi+79/uGy/sXSA/r+7nsbAcKps2yfeuh6fufzMipm7fYMJ3PzAi/jRTQ9j7dHzcERPeShcj29+9PU46b3fx4y2CN55/lq84YyVWLtsLoKB0l+9n9+yH/95zb24/i/PlB37H1ffg3eev3bSBnqL5nTiu5+8GH930lGQC7+hN20/iA9+/SY8+PQ2z+PWLpuHq664ECevXFD82h96Zjv+8T9+XxYu67qBb/32Afz6S2+ta10z2iL42ofOx1tfdxyi4QAAIJnO4epbH8enHO/FXQcG8cvbn8T7LnlNxXm27onjg1+/qWL7Ccvn4V/efXZxfnRe0/HIczvwrd88gD899GLZvt///cM4e91SXHTqiuK257fsr3h9zl63BN/95MVYvrC7bHsqk8NfHt+Mq//0BF7e2Ys3n72qrteCiIiIiIiIiKY+BsBERJNQf3zY977jWc1rBb/1hr/2wNge+gaUKr2Ibazw1wp73WYCW/tZj2VFAlA9SXKGr26BMNB4uOvnms0iC6DeTL6R4NfPnF+LVfFbbd6vxQp8rVshpKrfvVCITU0m0sz2KL78T+fi49++ubjtpzc/ive/4SQct3R2xf4PPbMdN973XPGxEBK+c8VF6PfRCrgez2wurxRdtWQ2vvXxC133ndkexXsvWof3XrQOybT/9s1u1q2Yj6v/9c245PRj0Bp1n8t67OIe/Pbf34ZQUMEvb3uyuH3rnjhe2HoAxy7uGdMaJsLcrjY8/LMPV4Tryxd2487v/CPWvuu7eMmlHfMJy+fhvh9+AJFQ+Z8B649biHt+8D4c+w/fxnAiXdz+pwdfrNpS36m9JYy//fTDWDp/Ztn2SEjFhy87GXO72vDGz/6q7Lkb733ONQD+4k/vqnh/XH7+Wvz085eVzb1WZIFTVy/CqasX4b9/cz8+8/3by4759P/chtefvKwYkj+9ubKq+fqvvgMdreGK7eGgigvXr8CF61cgkcpO6rnRRERERERERDQ++K+lREST0N7d/b72OxStnN2qdq1tQhbFX/bHzvsWVfUXAFuhrjMItj/vDINVqf55nuMRzlrntLd3rrp/IZStp72zxU/1b72to4vnrtHuudp6/LR+tqp9ixXAzUzdaVx88NKTsNIWWuq6gU9cdXPFfoZh4IqrylvgfuANJ41L4Omcw5vO5mH4KCl2BpGNuPz8tZ7hr92/vOvsim0bXtg55utPhK9/5PyK8NcSCir41DtOd33uR5+51PM1n9vVhvdceELZtpFkxvdcX8CsUHeGv3aXnH5MxczfDS/srHivxIeTFRXbxy2djZ987o1l4a/TP7/9dLzj79aUbdu8qw/3PPFq8XEqU9ly2s8caauamYiIiIiIiIjIjv+aSkQ0CSWTGc9w91DN8bVX/9qDXnvA69y/FjkQhaJEa+7nbP9sD3utimDnfrIoBan1sIJa+y+v/fweWy34tQey9vC3Gmuer/1X1a+pwdAXMAPfets813or+l03Hd5kWeB7V15Stu2Bp7bh9/c8W7btmtuexMaX9xQfd7SG8eX3nQsAkNDcD10smTej7PErO3tx4ZVX485HXvYVrh0Ki+fNgKqUfyjiQHx0glbTuGBAwRvPXFl1n7NPWFKx7ZgjZ2HN0XOrHnfG2sUV2/b1++uEocgCl5+/tuZ+rztxadnj0WQGI8lM2ba7H9tcMff3s+88q+L75+ZL//S6im23/+2l4n3nexUAXvexn+LXd2xE32D9H2AiIiIiIiIioumNLaCJiCahwUEzHDgUFb52bqFuM2b/NoOzGthZFewMVPU6Whc71ZzT20Dl8KGe7atrRl3XtIe+mmY0NOu31lvF2faZJp/Tjl+Et5xzXFmV5Kf+5zZcsH45wkEVo8kMvvDjO8uO+cr7zkNna8TznH4qdr285XWr8R/X3AtdL53jjkdexh2PvAxFFjh2cQ9WL52D1UfPwbrl83HC8nlVKznrteH5nbjurqfx+KZd2LKnH8OJTNmsWS/Do+ma+xxujj2yBwG1+u/buV1tFdvWLptX89zzuirnMQ/5fI2OOXKWr4ru+bMqrzEwkiqr4n5+y/6Kfc51BMdeFs3pxFFHdOGVnb3Fbc9u2Ve8v/64hZg/qx27DgwWt720/SDe9ZXrAZgB8eqj5mD1UXOx5ui5OGXVAsQiQV/XJiIiIiIiIqLphwEwEdEkFI+PHLJr1arc9VPZ61cw1Drmczirf60w2BmWO8PQZvAb/FoBdEMVuHW+3F7XqFlVXJjv6xb8+g1/q30+we3rcLZ9rkckwvLhw8U3P/Z6/OmhF4tzUncdGMQ3r70f//bec/Bfv7oP+/tLP7+OXdyD99vmrDa76/ryhd343pUX46P/fXNFkJzXdDz9yl48/cpe4DZzW0skiLe+7jh85vIzsWhOZ8PXHRpN4z1f/R3+eP8LDR2v64fHB2vqMaPNO8S3CCEhoMrI5rTitpk+jgsHK/+XJZf39xp1tbu3pHZyC4md1+gdKK/Mbo2G0N5SOaPXy4Ke9rIAuHegVNmrKjKu++rbccGVv8DAcKri2Fd39+PV3f244V5zdrYiC5z7mqPwmcvPxPrjFvpeAxERERERERFND/zXUiKiSai/b2iilzBuVNXWtrmBObMWqyV03kdIUG/L5UY1co16Wjt7XauRgNse/mqF4+sJfv0WpxuaVnYrGZMv+KJyc7va8HnHXNuv//o+PPDUNnz7/x4s2/6dKy6CPM69vz946Wtx53ffi+OPnlNz35FkBj+9+TGsufy7uPuxzQ1dT9N0XHjl1Q2HvxNpLG2xG62cVsa52r9WVXI9JMcnFOqtTtcd+zs/8HDSsUdgw88/iotPO6bmufKajtsffgmnf+BH+Pqv/1rXOoiIiIiIiIho6mMFMBHRJBSP+5t92IhmVvTWQxaV/0hvBY/2AFLzGWY6K4D9amb42+i5ZGG2Sx7rt8KqMq67vbRj/3oCeK/gV9c0yEJUtIF2Vv0aEj+bNhVc+bbTcM2tj+PV3f0AgHQmj3M/9lPk8qXKz0vPOBZnOma7OgM2ABhDB+iic9YtxRPXfBzPb9mPe5/cgic37cYzm/fipR29ZWuyDCfSuOxzv8Yrv/80ZnX6qyC1XHPbk/jbs9vLtq1dNg9X/MOpWLm4B92dsYpuAYve8LVixXQzqErl76PRVLZmterevvH7s2Uq6Govn1E/ksxgYDiFjlZ/VcA79g2UPe7uqHxvLZk3Azd9/XLs6R3CPY+/ig3P78Qzm/fi+a0HMOqYSWz5/A/vwKols/H3rz3a51dCRERERERERFMdA2AiokloaChRe6cqrJBX1/QJC3ydNF1DS4vZAtpeeWpvRdxIEGwZTQfRLWrPobWMVxWwG7dvQb3VvvVsd13DOH+9VmGv/etyzvyVDJ0B8BQRUGVcdcVFuPDKq4vb7EFrMKDgmx+74JCv69jFPTh2cU/xcV7T8eK2A3jgqW34+S2P4dlXSzNZR5MZ/O6eZ/DRN51S1zWuu/vpssdL5s3AfT98P6LhwNgWXwe3oHfzrj7M666cwWv30NPbxmtJU8KqpZVV5Hc88hLedt7xNY/dvKuv+IGI4vmWzPbcf25XGy4/fy0uP39tcdu2vXE88twOXP+XZ3DrQ5vK9v/5LY8xACYiIiIiIiKiIv4rKxHRJDM0nEA+V1mx5pc98D1cwl87RXFvAV2tJbGf8DKZyCOXM8ZcVdtM9bZ1tnO2rW7o+o7Xr95QvR6jidI6i+2eWf07pZ1/8jK8/pRlrs996u2nY+HsjortzZ4BXIsiC6xaMhsfedPJ2PDzj1RU+27e2Vf3OTfvKj/mdSceVTX8HU6ky2biNoNb0HvLA9VbUseHk/jVHRubuo6p5px1SypaXf/Xr+5DJpuveewXf3JXxbbXn7K8rusvmtOJt513PG7+5rtwyenlbaLts4WJiIiIiIiIiPgvrUREk0wykYbus4xVyKLs16Hi1s7Zz/5qqDIQKu5jCyudgW+tGbVWqLz3QOEcwn227ni+RF7XrEezQl/7a2h/zeqtArZm/dp/udF1IJktNR0pBr6O+b9jEYuN7xxRasxVn7ioYgbr3K42fObyM32fw8DYPpjwo5sewcs7aodjwYAC4XgTBxuYH+s8pq9Gx4avXXMf8n5bE/i0bvn8iqDyx3/YgCc27XbdP5nO4W3/+lsMjqSauo6ppr0ljLe+bnXZthe2HsB7vvq7qiH+V6++B9f/5ZmybUcv6KpogX77wy/hzxte8bWWUKC8kVNQZWMnIiIiIiIiIiphAExENMkMDfpr/+wW+DYSAlvhrCzk4i/7Y7f9Nd1foGcdX21/5xxgt7DXrYLVLcwcGcljeMT9WvYQ2P4yed2vxet8E8Et7B3Pal+n/v7SbNNi9a+hQwipeEtT0+J5M3Dl204r2/b1j5yPSEh13V9Cc98LW/fE8fFv34KVb/82Lv7UNbj+L89gb2/lnNt9fcP40Df+gH2OGbhuLX9rWb5wVtnjmx94oWImMABomo6v/fI+fOPav9Z9jVoiIRXnn1xefZ3NaTjrw/+Lr/z8L3j6lb3Y1zeMTdsP4n//sAGr/99VuPuxzU1fx1T05fedW/H+ve7uZ3Diu7+H6+5+Bv1DSQBmC/E/b3gF533sZ67Vv9/4yOvLfvZpmo4rrroF51/xc7zmPf+D7//+Yby8oxeGYwh2IpXFD298BDfc+1zZ9uOWereTJiIiIiIiIqLphx8VJyKaZOL9I1Wfb1alrz3cdQa9XhW+jQTCFed2BLfO8NI5H9iratUZcCqKQD6vY+9+CYCG1pbqlX1yYV6wppfuO59ze9xoYOzUzBnE9tei1uvmh1elr5vRhIGhEQVWrmdV/9qx9fPU9rl3noVf3b4Re3qHcMqqhfiHc1fXPqhJ/vOae6AVfnPe+tCm4tzUro4outpjCKgy+oeS2HVgsOLY2TNbcekZx9Z9zfdctA5/eujF4uNsTsMZH/wxLjtzJdYsm4dISMX2vXHccN9z2Lm/8rrN8rl3nYVb/7YJul76/Z9IZfHln92NL//s7nG77lS3cHYHfvzZN+LyL11Xtv25Lfvx9n/7LQBAkqSK4NbuY28+BResL2///Nu7ni7OCH5i0+5itXYsEsTsGS1oiQQxOJrC7oNDFdXGQkj4wKWvHfPXRkRERERERERTBwNgIqJJpj9uVqiNNejtbq/VcrT8+cHRIDTd/ZhaAbHfltDRWHvNfbwCzGqBphWAWiHwzt1A94wM2trVYntot5fTGeZaYbDb/mPN3ZsV+DrnJbs934h6Ql9LJq3jYK+AIUkwNA2SLEMyzPcQQ9/pIxoOYPsfPwfdMCDXqPZ2mwFcLUirpm8wgWvvfMr1ud6BBHoHvLspREIqfvOVf6g6u9fLheuX441nrsSN95UqNHXdwO/ueRa/u+fZiv1DQQU9nS3Yvm+g7mtVc+KK+fjPD/49PvuD230fc/KqBXjshV1Nb0k91bz9vOORyuTwoW/8ofgBA7tq79kPX3YyvvXxCyu2f+e6B133H01msDmZqbqer33o73HC8nk1Vk1ERERERERE0wkDYCKiSWa40F5yLFYemcPl56jobPEOY+Ij5f+AHR/O4NbHNLy4PVS2vd55v15knwljraDXHoDaw2J7CAwAB/uB+BAQDpe2BVV/rasDgcp/8LfnWuY83NIGSQDCkWxZga8VHOuF9TUaBNu/xrFU97qpN/zVdWB0NI++uALNMNs8S0ICDIZK05UQEkST2zvXMrM9igf/94P4t5/chbsf2+w7SF63Yj5+/JlLsfqo+ts/A2b156+++Fa0xUL4xZ8er7rvjLYIrvm3t+BHNz7S9AAYAD71jtMxsz2KT1x1C0ZrhIiXn78WP/jUGzDj3C8CYx/LPeX940UnYvXSOfjwN//gOVvZbsHsDvz3xy7wrCq/5b/fhS//7G78311PI5nOue7jNKerFd/++IV409mr6lo7EREREREREU19DICJiCaZgwcGx1T9KwsZF5yo48gFoar7tXeW7kuxGBYDWDK3H5/7eQ79w+7zO8dCCBkdbZExncOrXbTzvqYZxdA3ldJhVTtXb65t10iQ5QyfvMMoa61WiCzZ5ggLIZWFy87Q2h5OCwlQlNI5RKH9spCM0vlcXqtGqn0towkDB3slZDW1eA1DEsXK3/ESjrCieCqQ3EqAx2Ddivm44zvvxb6+Ydz8wIt47MWd2PjSHhyIj2JgJAVJAtpiISyeOwMnLJ+HN565CqeuXjjmdYSCCn76+cvwT5e8BtfesRH3PbkFe/uGkUhlMbM9iqXzZ+D8k5fjHy86ER2tYfzoxkea9BVXevcFJ+CS047Bz255DHc/9gpe2HoA/UNJhIMq5s9qwznrluL//f1aHH90Y4H3dHbC8nl49Bcfxf1PbcUN9zyLh5/bga174hhNZRAKKDiipwMnLJuHi05bgYtPOwZKlT+753a14SefuwxXfeIi3PbwS/jbM9vwxKbd2HlgEAPDKWTzGloiQczvbsPqo+bg9acsx4XrVyAU5P/OEREREREREVElyWi0rx4R0SSXSHi3/zycffELv8Ttt25o+HhZyPj0m3NY99ruuo8d2NmPz/1cG5cAWFVUnHLmZZh/xKKmn3u82FstV2u7PJnYQ2egvLW1PXgWLq1883kz5LXP+XUGv+PR+lnTgbPPasWSI6t/qGE6i0ajE70EIiIiIiIiIiIiqsPwsDkO8umnn/Z9zOrVqwGwApiIaNKJx/3XqdrphTmFkp7EYy/JOGHlaNX9pVis7LExOooNz6bQP2wGSbIQnjOBJzu3MNdtm1eF8Vi4Bau1SKKyu3IzclZnsZquG673i9skuewY+7zf8a4AJiIiIiIiIiIiIiITA2Aiokmmv2+o7mOs8FeW0gCAezdquHdjHMcuUdHdWh7MHdllBXuDZdu39kr467OlKsJmh7/yGNpaN5tbmDuRAS9QO9D1G/g242XWJdn1XIqhFztbG5KoqPYdj+pfIiIiIiIiIiIiIirHAJiIaIpzhr+ZXB5B1fzx//yruYr97/U4j1Bayh6PRwVwS2uHeS0hQdeNYljqVm06GTVa3TsWsjBbJFv3x0qSZVgNng3t/7N33/FNlH8cwD+57O5SSqHsWZApyC4CLVOGyBJcoKCACIqIgswfyFBQXODACYiToSIIDhRQAUEURUQRkSGjpTPNTu73R3rXzCZdlJbP+/XKK8nl7rnnMi7QT77P44BCqSy4LqSzDH+JiIiIiIiIiIiIrgwGwEREFUh2Th4ctpKFoVL4KwXB7oFwIKIQJt+Wgl+H01kqIbBScAWDKpVnQBhsvlng6g6GvUPsoiiLrLSk4a8gKHxCXEFQuMaedpvz12R2wmiwIS9DCwCITnBAo1VAryvbADgyouLPv0xERERERERERERUGhgAExFVIMY8c5G3EZSCXAXsTgp9Qwl/lYLSb/Bb3PBXCn29hYcLRQpMvdf1VzUsBbHu25RFcOyv36EeS1kHviUJf92PwX1OX+na4QQgAoZcBy6dUsJiVAIoCIRzLue/z8JEVKvnQESkslQqkYmIiIiIiIiIiIjIPwbAREQVSHZWHrJzc4u8nTT8MwDYHBqolVa/6zlEHQBXaCxvK7jCPO/gV7odrAo4UNjrTRT0cDrDg69YiEBVw4UFscUJhN1D5qJW+CoEV9Hs1Vjl6006NlEhyOEv4AqCpfDXanXi7HEBFmPh/6SwGBU4e0yFyCoi4us4S60i2M9vG4iIiIiIiIiIiIiuaQyAiYgqICmU9cfhdPgsE4UwuQpYEAqCXsAz7PWO5Nz34x74uvbjlK9DDXmD8R4Guqx4h7bFGaY52HaFBbylFf6WVSWt93G5h78AYBcFQHQPf0N7/kQRyLmsgMUkoEHL0um/+xzHREREREREREREROT7t34iIrqKZVwOXv0rhbbeIbGgFPxeArXhHf66X0u3pUtpUasrx9dSWVT3SpRCwaW0CYIi5DDcaXMg7XTo4a87i1GBcydKJ7iV2gjTV473DhEREREREREREVFJ8a+lREQVTF6O/+GbSypQcHylaHVR5bLf0iKFvhVhaOeSEh0OnP9XiZzLxaucBlyVwIZc32p1IiIiIiIiIiIiIioZDgFNRFSBXM7IgdPPEM/elIISDqfDbf5eR0jBrr+q3yslMjKqyOGp+8jE7tv6m2NXLGK1qTRXr3fbwbYpDmkY48KC3tIMgUsyh7FdFGC12GAxlfyHAtkXlYiILPmxiQ4GyURERERERERERESSq6ymiIiISot3+CvNDexvjmDP7a78V4NQwqrjUIJXhVC0S6jtloT7UM7lUeVbnPBXdDhgMjthNRW/+ldiMbnmESYiIiIiIiIiIiKi0sMKYCKiCiQn2wiHs2iBmffQzoEqgZWCILd9JUJgQVDC6XTI12pdbMB13St63W/7q/r1V/1bEiVtS6rulW5fKUUNdwMR858AhxMQRAfsTiAvQwtRLHnbFqMCVosIva5k7dgcpXOsRERERERERERERJUBK4CJiCoQQ66pxG14h7vSfYfTWWbBr1Th634tDWUthcDhETFe/fI/BLNC8H3cfXlZV+2Gwr2y19/9ikbh9kQ7naWQ/BIRERERERERERFRmanAf44mIrr2GI2WErfhHvRKVb9KQSjT8Nc77JWWSxf//XSFue5Br3uI6nACKpXrMWkd71A4GPd1izpHsHeg6z6U85Wu+BUEhc+lNIhuabogOuBwAg4HA2AiIiIiIiIiIiKiqxkDYCKiCiQry1Ck9d2DXuna37KS8hfquge7wcJeAIiNDsvvD+RrKUxVeU1Y4P6Ywuvafd1g8+u6ryvd9q7c9SYtcw95pb5cifl8yyrslYgKQb5483dcCoXr4n3ffbn3daiUCrHQa0lsFXXRGiYiIiIiIiIiIiKqxDgHMBFRJec+t29Z8B7e2d9jRSEFqe4Bq/uyUB5zX8e9Te/2vddxvw5UyeveVrD2SzsILu2wVyIqBHmYZ4Xo9Bv+SpRKBaAzQKGILPY8wAoFIIqANkyERut7TEqFCIeogEN0PSZdS7zvExEREREREREREVVWbdq0KfI2DICJiCqhQPP8loT7UM7S/dIUGRXrE6J68w5WCwtZ/YWwgcJif4KFuoHaKM0q4LIKfIGC0FcKe6Vrhej0mPPXXxis1Qiw6EVYTQX9C1TdW1gVsFYPaDQF7UvBr3QbcIW97svd11MqRDjAMJiIiIrOaDIjz2iG1WaDw+mE0+ks9g+brnUKhQJC/igzGrUK4WF6hOm15d0tIiIiIiKiaxoDYCKiCiQmJsLjvvscvlKVb1nM5VtYlW9pCQ93CwILqewN5XZhy7zbBwqvIpbakbZz76P3ssrCO/QVFQIEwQmnU4QgKKDRKKHVA1ZT8fehUADRCQ4o899TgYZ3dg9/A10TERGFwukUkZWTC4PRBJ1WA71Oi6jIcCiVrvBSUdS5CggAIIoiHE4nHA4nrDYbDEYjLmdmIzxMh5ioyDL9QRsRERERERH5xwCYiKgCqZYQ4zOkc2nO5evOu+K3rCjzE1S1OspzueB7HSj4BQLPwVtYsBuwT2U0hHNRXIk/lroHvVI1cGHDPwOuuZa1GgGmCCM0pjCPKuCQ95s//HNEZPAfFEiVvv7uMwAmIqJQZefmITvXgOjICNRJTCjv7lQqCoUCKqUSKqUSWo0akeFhAFzP+dkLaYiODEd0ZHg595KIiIiIiOjawgCYiKgCqV+/OvR6LUwmS6m2G6iytzQqfqWA1+Fwyre9qVQClKrgYZ6/4ujjngAAIABJREFUCtxA9yX+guFA2xbWflm6UpUx0n6cTtFniGXX2My+Y1+6h6yu7UWo1QL0OiXssQYAEUUOgbVhIhq0dHveFYHH3PQOf/3dJiIiCkQURVxIy4BKpUTN6vFlMlIK+RcdGY6IcD0yMnNwMT0T1eJiWGVNRERERER0hfB/v0REFUj9htURVzW6VNssi2GdlUpBvrgvC0QU9GUWuFbGIZqvJH/hrEoFhOmVCNcroY01QKMPfdJEjV5EtXqOYr0uSoXo0x/RUfZV6kREVDHZ7Hacu5AGrUaN+CoxDH/LgVIQEB8XA5VKiXMX0mGylO6PGImIiIiIiMg//g+YiKgCqVEjDk2b1y5xO4KglC8l5R72eoe+odLqooKvdJUprGrX/TFBUPhcvJdfSdI8vpLCqm/d15GGhpa2VaoUiIhQIzxMHXIIHFlFRK0kJyIilXKYG8r+A/VJqRAh5o+GrtOX3fzURERU8TidTlxMy0RMVCSqxFS8f2dUNnExUVCrVbickQOn21QmREREREREVDYYABMRVTCjb+8JvV5b7O1LO/QFXMM7X2uczsKDy8LC3SsZ+roHziXZt1LhCo5FhQBBULjmX1YpEBGuREyUGlEJRkQm5iKyigiN3vMSWUVE9UZmxNdxQq8TSrUq2y4qYDLaS69BIiKqFC6kZUCv1yIiXF/eXaF8CVVjoddrcSEto7y7QkREREREVOlxDmAiogqmabM6GHBzJ3z03rdF3rak4a97da/7nL7Fqfp1Fxl59VTmCIJCrpJ1vw62DeBbXVuevPtRWn1TKkQ4xYL5gJUaBZQqFbRaJRwOEXa7Bbb8PFalVkGtdEKpVECl1UKlcEJEaFXHobJaRFStwt+zERFRgawcAwRBQBwrf686cTFRuJCWgawcA2KiIsq7O0RERERERJUW/2JKRFQBjbq9B+o2SAi6nvtQz8UJf/0N7SxV+5Y09JWoVIHbCRZYBqpu9Xcd6u1g4W+gIZ1D6W9ZCzSsdGkPNe19/GqVAhqNAhqtgLBwFaKjXZfwMECvF6DLr/oVFUKphr9OpwiLxYbw8KsjdCciovLndDqRnZuH+LiY8u4KBRBfJQY5uXlwcChoIiIiIiKiMsMAmIioAqpRIw4PTB3idyjo0prf1zvwLe3gV2K3O6HWxXosCzZ8cqCQ01946x7i+rvtvo73dt77K6+AN5Tnojz6Js0LLPVFrfK9KJRKOfgtzfAXAMxmJ+x2J6Ki1VAX8kMCIiK6dmRk5yIyIgxKgd8LVyulUkB4uB6Z2bnl3RUiIiIiIqJKi/8rJiKqoLokN8e6D2bKIXBJQ19/1b7ScvfrklCpBL8XIHj1qvtjUojrHtR6h7bSdaB1pNuBqoHd93M18BdIlzdpXuDCLmUR/EoMBhssFitq1dKVSftERFSxOEURuQYjoiPDy7srFERMZAQMBiOc4tXzby0iIiIiIqLKhAEwEVEFVqNGHF58dQradmhS7Db8De8sXV8p4RGhD9PoHfT6q+51D2691/FuozBXMmQtLEQtj/5c7ex2J3IMFmjDBCTEl6zanYiIKgez2QKtRs3q3wpAqRSg0ahhNlvKuytERERERESVEv9nTERUwTVtVgdPLLsbTz4zHm1uaBjSNv4qfaXl7telwbvS15vd7kRsdJh831+I637fO+j1F5D6qyIu7H5xlLSN8h6+uaLLzbUjM9OAvr2qIjJSXd7dISKiq4DRbEG4nqNCVBTheh2MDICJiIiIiIjKhKq8O0BERCUXHRWOLsnN0SW5Oc6fv4yDP/6JE3/+h6wsAzIyXPOrXU7PhsMWfJi9y+nZPsvs9qJXBAcKfIOtF0qIG2idsuIeOku8q4oDLStsORWP0yni9NkMxMUL6Ng+9OpxIiKq3KxWGyJi9OXdDQqRVqtBXlZOeXeDiIiIiIioUmIATERUydSoEYdBgzsHfDw7Jw8AYMwzu+5n5cmPZVzOlW9fznD9QS4n2wgAMOSaXNsZXZUaWVkG1zYZBdtcOp9VsL2fIPlKUQtG2JxhwVcMgb/wN1CQW9TlVHROp4gLFzJgMl7C8Hvrl3d3iIjoKuJwOEt1FBMqW0qlcMWnHSEiIiIiIrpWMAAmIrrGREeFe1zXqBFXpvvLzsmDMc+M7Kw8OWC+nJGDnGwjDLkmGI0WNExqAqXS9ZWUmeP6Q6Alz+Y3fA1FYeGv+zzA7vfVggkWu07eJ+fevTrl5mbh2LGjSGqagORmjcq7O0REdBWxOxxQKjkvfEWhVCphdzjKuxtERERERESVEgNgIiIqU9FR4YiOCi9W0GyzO2E2uf4waDQVVIjkGlzhrclYsMxgKPgDotFtecalbCiVAqQc2ZE/nLXDWfAVaLEpYXPqIQie8wpLt70DYbryHKICJkMGjv1xBklNEzB1arvy7hIREV2FBAW/rysKvlZERERERERlhwEwERFdtdQqAepI11COkZEFyxOqBd/Wlh/0ZqdlI/18mrxcVKrl22aT/69Bg9FzuckSDpvNCacoQnQCdrsIpwhYra6+WWwlqzbSqh0lbqOyMxkysP/Ar0hqmoDx45rLFexERERERERERERE5IkBMBERVUpqlSucVam10GjcH7HJtzSRnvPOKfOrfKMirfJtF5PvDhSecww6HA5Y7a5l7sGy/zBZhFMU4bCLcDoBpwhoNK6+SKFyIBab8poKjKU5f6Vhn6dObcfwl4iIiIiIiIiIiKgQDICJiKhSE8Mjg68UKkXgcFapVEKfn8nqtQXDUcfGeM9tZ5FvObzmvZMCZCD06mR5uSkc9vwhs8OiIqHTCTCbCwJuaW5lm8ke8BhC4R0+l2UYbcjNxLlzlxEe6cDE2ddzzl8iIiIiIiIiIiKiEDAAJiKiSi1CrUOmn+WioiC0VHrN7yvddzhFKJVKOBwOn3W8ORwOKJW+Qaj3cvf73utrUBAIayKtfvcT5bZcIbrWt1qB+JhcAMB/Z86j+Q2pqFJF7Xd7idnkkOdV9p5TWZpP2Wh0yiGyFCBbvIqhyyL8tVidOHXyJMIjHRg4NhEdGzeQK7qJiIiIiIiIiIiIqHAMgImIqFJTqwToIiJgNhj8Pl5YsKsUFIDodAW1Yn41rej0Wwkshbnega/3cn9hsFQJ7L2uFDw7nKLP/qTwF4A8xLXVCuh1Otgs6VCragY8LgBQRwryvMqhzKnszpZfaQzAJ0QGfINkwBUmS9wrk93l5Nig0dpQq1Y4ug9qgGaJNYrWMSIiIiIiIiIiIiJiAExERJWfRqv1CYAVogOCMsSvQbEgsHRVBQde1V8VcKDl/iqBvUNhf+EvUFDB7B4ES9IupqFW7cID4JJQqwSoI10heHFCZJvdfwDsWeUbU8ze0dXs2ff2Yvpzn8r3tRoV6idWwa29WuOR27sjTFd45Xp56jzuRdSqFo0Pl96JPJMVzUc/jf/d1wdjbmpX3l0rM09v2I03Pv0Rv77zMASvH8vk5JnRbsxzuL5JTbyzcDTUqmtjXnK6Nix+6hl898MBv4+NvWM0Rg67udDtzWYLJkx5GHfeNhK9enb3u44hLw8j7xiHaVMmondKjxL3OVSbPt6KHV/uwkvPrfD5XBNVViNmrcOmb37z+9jiSf0w866eJd7HrFXb8donB5C2Y36J2yIiIiIiKg0MgImIqNJTqbUBH3M67KEFwflVv4EC3pLyrhCW9yM6A4bACtEBUaGUQ2CNBtDqdWXSv9LE4Zxp3YJRiArXwWKz48ffz2Dp21/jh1//xfZnx4XcRu3BizG8Z0usnDa4DHvqn06jQp+OjdG4VtUrvm9/XvvkACYs3YjLOxcgJlJfau1eVz8BfTo09hsSTVy2CZ1a1MVbc0dCqeRnmiqf+KpxuH+C7zmpTq3gP7DSaNRo26Y1EmtcfSNZ1KldC23btGL4S9ec2gkxePGRIT7Lm9Ur4lA4REREREQVBANgIiKq9MTwyICPhVwFXMa8g2WPuYIDDAPtPo+xu8ysjNLvIFEp6tOxCarGhAMAhvVsidioMDy+ejt++/sCWjSsXir7cDicZRZMKpUCXp01vEzavpr075yE/p2T/D72xpyR0GqUUCgYIlHlpNfr0fGGtsXaVhAEPDj5vlLuUem4oW0b3NC2TXl3g+iKiwzTYmBys/LuRomU5b9tiIiIiKjyuTr+6k1ERFSGdCq1zzzAUvAbUgWwnzl/y4p3JbBryGklgMDzAbtTanUQrcYr0FOi0pPcuh4A4J/zGXIA/MFXR/DEG1/irzPpaFInHssm34T+nZPw4off48FnPgYAPP/Bd3j+g+9w/MNHYbc70Hz005g9NgXvf/kL0rONuLxzAQDgvS9+wbK3v8bx02moGR+NScM64+HR3eTwUhRFPPf+d3h1yz78818GalSNwj2D2mP22BS/AafZYkd4j9l47uGb8cCILvjj1CU0H/00Xpk1DBt2HMa+306janQ4Hh+bglt7tcb4JR9i5/4/ER2hx5ib2uGJiX3ldh0OJxa/9TXWfLwfGTlGJLeqjxdnDEHj2q7q4tFz3kF6thFDe7bA8vXfIj0rD8mt62HN48NRMz4a8X3/h4wc12c+rs8C3Nb3eqxbMCrkY1q98Qc8//5enLmUhca1qmLOPb0wPKUlAP/DWR764yxmrtqOfb/9izCdBsN6tsSyyf0RFa4Lqb9ElcHLr72F7/cdwNtrVsmfp1Onz+D+B2dg4dyZaNWiOYbceicm3Xs3Bt3UFwBw8tS/ePGlNfj75CnEx1fF8Ft8Ry/IzsnFq2+8jQMHfwIAdO3cERPGjYFe5/p83TZ2Avr1SUFenhG7du+FoBDQrWsn3DduDNSqgn/LbN2+Ex9v3Y609HQk1qiB20YORXKXTgCAN9duwOdffo33174GwHX++3jrdmzb8SUuXryE2Cqx6NurJ0YNv0U+tnP/ncerb6zF0WN/QK1Wo12b1hg39g7ExvAzTZXDQ898gk3f/IZ/P54lv+9/+/sCWt+xEp89cw/6dU7Cjn1/YtEbX+Lwn+cQFaZDv85JePrBgagSFea3zdhe8/HAiC5YNKGvvKz/Q68DgDziSa7Rgjkvf46Nu35DRo4RTWpXxfzxvXFLjxYAIP/7wt+/bYiIiIiIguFPB4mI6JrkdNgBFFIBrBAKLgEo8odPVAgKn9v+lvm77c27ElipVAKiE0q3dZVe27lXAmvVChgzbAHn2SW6Gv11Jh0AkFg1CgCwYcdhjJ7zDnq1b4yNy+5Cq0Y1MGTGW/jlr/O4rW8b/LJ+GqrFRuD2vtfjl/XTUCehYM7oFz78HvcO6YjXHndV6L659SBun7cBya3rY+OyuzCqd2s89uI2zHt1p7zN0xt2Y9bqbRg3uAM+f248Hrm9O5a89TVWb/yhSMcx+6XPMbRHS6ydPwpJdeMxeflmdBr3AupWj8Xb80dhaI8WWLZ2F97/8oi8zf1Pbcby9d/g0Tt7YMPC25CRY0SfqWtgNNvkdb47cgpvfPIjlkzqjyWT+uO7I/9i+nNbAQB7XpmE+eN7AwD2vno/lt7fP+RjenrDbkx9+mMMT2mJjUvvQs92DXHr7PXY/sNxv8d39ORF3DjxJSgUwPr/jcb/7u2DD776BYMfeQtOtx+nFNZfoopCFEWYzGaPi8VqBQB079YF6Zcz8NeJk/L6+w8cREREONq0aunTltlswZwFS5CTa8DkieMxctgQfLT5E491bDYbZs5diD+O/4Upk+7FvXffhf0HDmLlCy97rLdxy1bk5ObiwfsnoE+vHvjs8y+w88td8uObPt6Kl9a8ieTOHTHnselo3bI5lix/Fgd/+tnvcW76eCveXLsB/Xqn4IkFj2P4kEF478PN2LrddY602x2YvWAxDIY8PDptCsaPvQOHj/yKxU8+XbwnlqicOEURBqPF42KyuL5rb+3dGufSsnHw2Fl5/U/2/I7YKD1S2zfC/qOnMeDhN9CiQQK2Pn0Pnp9+M/b8/A8mLttUoj7dNncDtnx7FE8+cBO2rbwHKTc0wq1z3sEvf533WM/73zZERERERKFgBTAREVV6KoUSGq3WowK4NIhOEQpBIV8Xttx9GQCPx70f8yGF0G5BcGHVwOFaEXbRATV/50VXqTyzFTqjChabA98dOYXHV29Hh+tqo13TWhBFEY+t2oYRqa3wzEODAAD9OiXhx9/P4Pn39+L1OSNQJSoMKpWAuOgwnyGjn5oyAPfe3AGAq7r28dXbMap3a7w4wzXv301dmgIAlq//FlNHJiM+NhypNzRGtzb10bF5HQBA9+sb4Iv9f+Kz745h8vAuIR/X8ikDcNdN7QAA3drUR+KARWjRsLp8HEN7tMDn+45j18ETGNW7NY7/m4bXPjmAF2cMwaShnQEAbZokouHQJ/HR10fktiLDtNj+7Dh52OyT5y5jw87DAICm9aohMd4VnDerV02eAzjYMdnsDix+8ys8MLwLnpjYz/U8d07Cn2fS8fKmH/wO/bxgzU5Ui43AZ8/cA7XK9cOThrXi0O/B17D1u2MY3O26oP0lqijOnD2HYaPHeixr2bwZnnxiPpo2aYz4qnH4fv8BNGncEADww4GD6NKpA1QqJaxWzx9hff7l18jKzsbyJQtQM9E1L3CzpMaYMGW6vM6Xu3bj9JmzWP3sU6hbpzYAQKVSYsWzq3ApLQ3V4uMBANc1S8Kj06ZAoVCga+cO+OnnIzjy21EM6NcbdrsD7364CYNu6osxd4wC4Bry+dx/5/HZ9p1+h35u06oFml/XDE2bNMo/xuvw089HcODgTxh0U1+c/e8/XEpLxwMTx8vbR0RE4ONPt8FkNsvVyURXuz9OXUJ06jyPZTdeXx+7Vk9EpxZ1UDshBlu+PYr217k+f5/s+R23dG8BtUqJ6nGR+OyZe9C7Q2N5/uxzaTmY8/LncDrFYs+p/dCobqhTPUYe9aNH24Z467OD+HzfcbRuXDCHuPu/bYiIiIiIQsUAmIiIKj21SoBKrQ19gwBVv94Brvty72vRKUJQKSE6nT6PKQQBTrtDftx7u4BhsEIAxII/KkthsMMpQlQooRAd0Ghcj12+cAm1atcM/ZiJrqAGtyzzuN+3UxO8OfdWAMCxU5fwX1oOhnRvAbPFLq/TtVU9/HjsTNC2a8QVzPn928mLuJRpwKg+nqHHHf3aYunbu/DdkVMY0r05rk9KxCd7fkefqWvw5+l0ZBvMMJqtaJtUtM9QtdgI+XZClQho1Epc79VGzfgopGXlAQC+OngCADC423XysSbERqJ+YiwOHjsrB8B1EmLkMBUAEuOjkJaZV2hfgh3TkRPnkW0wY4DXfIhvzb0VBpPFb5tfHTyBewa1l8NfAOjdoTGqxUZg18ETcgBcnP4SXW0SqsXjkYcmeywLD3MN9apQKNCta2d8v+9HjL1jNDIyM/HnX3/jrttu9dvWiRMn0aB+XTn8BYDY2BiPdQ7/8itq16qJGtWrw2p1VSU2S2oCAPjzxEk5AG5Yv67HMO5xVaogKzsHAPDPv/8iL8+IDl5zF0+fej9MZrPfvjVsUB/7DhzE4/OfwLn/ziPPaITFYkWjBvUBANWrVUNsTDTefud9GE0mtG3dCh1vaFvs+ZGJyku9Gq7RONxFR7h+wKBQKDAytRU2f/sbFk/qh/PpOfjx9zNYeF8fAEDd6rHINphx+7wNOPznf7iUaYDFZofZYofV5oBOW7w/rXVrUx+rN/6A97/4GafOZ8JstSMnz4ysHJPHeu7/tiEiIiIiChUDYCIiohAEGrbZu/rXtY4AwOkW/go+t10hr+8wzd778QmC3aqBA9HrdEi7mMYAmK5an6y4G9EROmQbzBj62Nvo3rYhEqq4wtNLma5K/dvnbfDZrkb+ENGhSstytZXotV31/D+kXs52zZ27YcdhjFn4PuaP741lk29ClagwTH16S5mFlqLo+lyn5R9rncFLfNaR5vUtrmDHlJH/x2X30BoA4mPDER8b7tOew+FEtsHs9zWoHhcpP5dElYVWq0XzZk0DPt49uQs2fbwVp8+ew29HjyEqMhKtWzb3u25WdjZiY2L8PibJzs7G6TNnMeTWO30eM+QGGcEk/5ySm79ejNfcvNHRUYiO9n/+3LV7L55+bhVuHzUC99x1OyIjI/DSmjeRnR8q63RarFi6EO+89xFefOk1GE1GtGnVEuPH3oF6desU3i+iq0iYToPk1vUCPj6yV2s8vWE3jp26hN2HTyIuOgwpN7gq4/88nYbk+1ZjcLfr8NrsEUisGoV3v/gZ817ZUaI+TVmxBR/vOYonHxiAG5rWQrhegw53P1+iNomIiIiIJAyAiYjomiCGh/DLeT+Vv/7m6Q30uBTueoe97kGv+21/wbC/9gMODe1FqgLW6jkcI13dOjavLVeI3jOoPZav/wYTb+mE6AgdIvSuav0XZwzB9U08f8SgUSt92ipMXJRrH95B7vnLuQCAqjGuar6XN+3DiJRWmHN3qrxOuE6DNJRt1Wq4XgOlUsCu1ROgFDzPP+4VtMUR7Jhi8que0rNCO0alUkBkmBbpfkLx85dz0LNdwxL1l6iiadyoAWpUT8AP+w7g6LHj6NK5A5RK/+eo2JgYnPvvv0Lb0+l0aNigPibfd4/PY9WrVwupTxHhrvNGTk5uSOsDwGeff4HkLp0xesTQgr5otch2W6dG9QQ88tBkOJ0ijv/1F157cz0em7sQb736IoeApkrjhma10KBmFWz+5jd8d+QUhvZoAZXS9d28fvtPiArXYd2CUXIFflxUWKHtKRQFP/jyx2K1483PDuKF6TdjTP6IHwB8/j1ARERERFRc/JclERFdE3Qqtcd9QRn8N1DBwl9v/gJcz/aE/Opg90pgwee2v35IF7eF8kUpKOThoEWF64/PmVkZReo7UXmZc08qjGYbVrzzLQCgZcPqiArX4dR/mejUoo58aVo3Hs3rJ8jbCQoFCvm7KgCgRcMExEWH4aOvj3gs/+DLX6BUCkhu7RriNDPXBLcRVWGx2nHk7wulc4CF6NamvlxZ636s9ROroFGtuJDbEfI77/58BDumlg1rICJMi+0//OHR1uTlmzHy8fV+99OjbUNs/vY3OBwF57pvfvobaZl56MEAmK5B3bp2wq7d3+GXI7/hxq6dA67XpHFD/P3Pv8h2C2aNRs8hXltc1xT//XceCdXi0TSpsXxJSKiGmOho7yb9qle3DvQ6HX485Dnn9qpXXseSp1b63cZgyPM4V9hsNvzz72n5/le7dmPilOkwmkwQBAWaJTXBqBG3IDfXgIuX0kLqF1FFMTK1Nd7d+TO+PngCI1Jby8ul71T379kffy98WorqcZE4eynbY9mFywXngFyjBQ6H02NI9xNnLyMz1/PcQERERERUXKwAJiKia4JKoYQuIgJmQ4BhFN2qf4sS/LqHt+7VvADk5f62cb/2bsd7G8+q4eAVwWERemRlmGGzO6FW8bdedHWrGR+Nibd0wnPv78WUkV1RLTYCC+7tjUee3wqn04l+nZsiLSsP817dgWE9WmLp5P4AgDrVY/DVwRPY/M1v8hCN3tQqJRbe1xeTl29GTKQefTslYf/R01j81td47M4eiIt2Ve/075yEZ9/fi6S6X6JujVi8tPEH/HHqEq5zC5zLQsfmdXDzjc1x54L3MG9cL7RuXAO//HUec1/ZgQ8W34F+nZNCaqdOddfQsi9+9D16d2iMTi3qBD0mnVaFR+/sgf+99gWiwnXo2qoevv3pb7yyeT8+WHKH3/0suLc3uty7CjfPeAuThnXBpUwDZq3ehuTW9TCwazO/2xBVVGazGQd/+tlnefWEaqhVMxEAcGNyF3yw8WNER0ehVYvrArbVJ7UH3vtwE5YsX4m77xgNESJef8vzhxb9+/bCZzu+xKx5izBq5FDExsTgh/0/4ouvvsEbLz8fcAhndxqNGiOG3oz1732IsDA9mjdriiO/HcW2HV/i8RnT/G5zQ9s22PLpNtSuWRPVqlXF1u07cebsOdSpXQsA0LJFM6x61RUgDxl0ExxOJ97/cBOqxlVBrcTEoH0iuloYTBZ8/sNxn+X1E6sgqa5rju2RvVpj2dpdiI8NR4+2DeR1+nVuitUbf8Ddiz5A305N8Nl3x/DeF7/I7fqbA7h3h8Z47ZMDaNu0FhKrRmHDjsM4cuK8PA1F1ZhwtGtaCwvW7IQoijBb7Vi+/lvY7A4YTJayeAqIiIiI6BrDAJiIiK4JapUAjVYLs8HgW/2rkALZogW/wZYHC4KDtekdCBcEzAq3dUS5/0rBCYdThEbjesxsckAdyQCYrn4zx/TEmo/3Y+lbX2PltMF48NZkRIZp8fSG3Xj+g++QUCUSd/S7HvPG9Za3+d+9fTB24Qe454kPceDNKQHbnji0E7QaFZav/wYvfvg96lSPwfIpA/DgrcnyOgvu7YNcowUvfPAdnKKIO/u1xaBu12HzN7/CZndArSra0NNF8e6i2zDv1Z1Yvv5bpGfloVGtODw7bXDI4S8ApLRrhBGprfDk2l04dykLnVrUCemYZo9NQZhWjVUffY8lb32NpLrx2LDoNgzt0cLvfto0ScRXL96Hx17chuGz1iImQo8RKa2w9P7+EIo4YgLR1e5SWjrmLVrms3zozQMwfqxrnt4G9eqiVs1EtGpxHYRCvue1Wi0WzX8cL6xeg8fmLkT1hGoYNmQQ/vjzhLxORHg4VixZgNfeXI8XX34NDrsDjRs1wKL5j4cU/kpGjbgFWq0Gn27bgfc/2oxaiYl4bPpUdO3cwe/6d44eAZPJhI8/2w7RKSKlRzd0an8Dvtt3AHa7A9Xi47F04Vy8sXYDFj/5DNRqNa5rloSHpkyCqgzPjUSl7fSFLAx4+A2f5Q+P7oblUwcCAFo3roGkuvHo0bYhlMqCz/SArk2xctpgPLNhNz7adQS92jfG2/NvxZNrv8Gp85l+p21YML4PLmYYMP/VnRAEBUaktET/zklwuP2Q8/3Ft2Py8s145PmtqBoTjjl3p+LH+8VvAAAgAElEQVSbn/6G0Wwrg2eAiIiIiK41CrGwSUmIiCqxvLyynduRrj5Z6ReRceE/nwBYEWDOPm+FhbjeIW+ooW9xt/WcV1iUbgAAHE4Rp85fQpfu3aFXq/1tTteY8PCSzSdLRFQR/HPmPOrXrlHe3aAi4GtGREREREQUWE5OTrG3ZVkQERFdM+y6ML/Lgw2pDBQe/vp7PNTwt7jbes4nrJAWAoA8H3BOZuFzEhMRERERERERERFR5cMhoImI6JqSmydCq7bL96XhkkWFqwpY6T2MqUKAQlDAaXeUyhDRRaJSAXZ7oasU7MdZMBy06ER0RARslnQANUveDyIiIiIiIiIiIiKqMBgAExHRNSE314Yj+38E8szyMr1OJ9/W6nUe6yu1rvtatWfoq9EUhMWAW2Cs8J6/15G/2H9oHFJALIW/IQfBBSGwYGX1LxEREREREREREdG1iAEwERFVarm5Npw4fhR//noMDlEJnUYLAFBrNAAKwmCT2eyxnV6ng8ls9giJvYUaGgOAWus5z7DSz7zDAcPiIOFvwfYCFALgtDvkvhARERERERERERHRtYUBMBERVTo2uxMXz59H2sU0/PnrMRjMdui1Ws91rFbkQYNwrf/5f6Xwt7AQ2GIye28EADDm39XqdbCYzK6g2OC7vXtI6y80FpVqaFSelbzewbGg8h8k+2uPiIiIiIiIiIiIiCo/BsBERFSpnD1zDof3/wJjbjYMZlflrHv4a7Za5CpgKQSWeIfBUlVwKGEw4BX4Ah63/XFYCgJko8X3caVWhMli9qrmtXuEu6JSDQDQqJwe4bDFJiIi4J6JiIiIiIiIiIiIqLJiAExERBVebq4N2VmXcHj/L7iUdtnjMe/KXyn8ldis1vzhoIE8iytYDdeKsIp6aBQm+dpgVQOCGoANBqsaERobAMACPbQwuW6bzFBoI2Ex5UKhjYRWH7zvwYZqDovw34gU/EqsdgGwuwJsq9mK8+ezEZeYELwDRERERERERERERFSpMAAmIqIKS5rf9+yp/4IGv4Bv+AtADn/duYJgM6Bxha9WUQ847PlBcCQAuAJhABEaEyxwC2ktdui0kTBb7IBW7d10Qf/0SphMDujhqgQOFARbbP6HqIbN6ndxZpYFudlZCKuiRlz1agH3T0RERERERERERESVEwNgIiKqcKTg99iRP+Vl/ip93Yd79uYv+HUt9x/EKpUqOBDps9wCPWxWO9Sagq9Us8XucQ0AOq3nV67J5HC7VgP590si7VI6bFZXMKyAFiqF7/zARERERERERERERFS5MQAmIqIKwWZ34uL580i7mIZ//vgXQOCKXmlY50Ahr+f6Otis5oDBrzuHwxXoKpUFX582q93j2rNtlRwO5+aaPZZ5P14SZpMZRkOOHHjHVI9Ek6QkqFVCidolIiIiIiIiIiIiooqHATAREVUIBpsZF86dgSFbRJX4arBZ7R6BrHQbCFzFK63rzuGwQ6ePgMNhl9vxXifQtsH4C4f93ZaOpbD23Y/PXUZGGkwWi1wBXb9pXTRt3Rx6deDhp4mIiIiIiIiIiIio8mIATEREFYLD4UCVCC2qVS2Yb1d0OiE6RTgcDljtAhQOG4CCeXNNfoZVNlvs0GlV8vDM6vyvQu/rYKTKXX/XRTuuguA3UMjrf/9mXLqcLt9XKhxo0rIZrr+hTZH2T0RERERERERERESVCwNgIiKqsBSCAIUACCol1FpA+loLy388Nv9adDrzr13BsMPhAOCqmLXaC4ZJVjhscnjszjtINlvsiIzUwWwpGL7Z+7ow7iGxFP66V/8WFgTbrGbYrFZk5ubIy6rFx+H6jq1Rq3bNoPsmIiIiIiIiIiIiosqNATAREVUIWo0WUXFxsFossFldlb4KIbQ5bqX1FPmrCyql/JjaYxphlRweS6ExAMTEFrQjVR0DkCuPJVazVb7tr/oY8AyPA5GqkL2riR0OO3INuTBZLPKytu1bsuqXiIiIiIiIiIiIiGQMgImIqEKI1GgQWaOOfN9md8IuOmAXRdgd9vyqXkBlNgIA7DaLx/ZWi+d9ALCazFAoXWGwvzBZCnwl0m2FoHDtS1BB5TbVbpi+YO5hKTSWhqiW92l3DWEdDc/AGPANjXVa19e02WKH2WSW5/sFWPVLRERERERERERERP4xACYiogpJrRKghhTaagoeiIj0WM9md4W2drEgXLWLBcM8FxYeu0JjpRwUSyGxeygcjEJQQCUUfN0GCoxFp4jo6ILHpD5Z7QI02TnIzTYDAPRaLZq1aoJGSc0RGenWGBERERERERERERERGAATEVElp1a5QtuCsNhb4PDYnb+KY/+BsS+zwQAhf45fqeLYm1RVLCkIje2wanUAslG9TlU0SUpi1S8RERERERERERERBcQAmIiIKAR+K479BMbuFcdSpbHercoYKKg0BjyHqnYPkK1mqxwK20QrajWogaatm0OvZtUvEREREREREREREQXGAJiIiKgU+a841niuVEhw7M4uOqBSKFHHrV0iIiIiIiIiIiIiosIwACYiIroK+At4Aw9bTURERERERERERETkH/+yTERERERERERERERERERUSTAAJiIiIiIiIiIiIiIiIiKqJBgAExERERERERERERERERFVEpwDmIiIiIgK9c+Z8+XdBSKioCLD9eXdBSqiyHA9v2OIiIiozNWvXaO8u0BEdMUpRFEUy7sTRETlIS8vr7y7QER0RYSHh5d3F4iIiIiIiIiIiKgIcnJyir0th4AmIiIiIiIiIiIiIiIiIqokGAATEREREREREREREREREVUSDICJiIiIiIiIiIiIiIiIiCoJBsBERERERERERERERERERJUEA2AiIiIiIiIiIiIiIiIiokqCATARERERERERERERERERUSXBAJiIiIiIiIiIiIiIiIiIqJJgAExEREREREREREREREREVEkwACYiIiIiIiIiIiIiIiIiqiQYABMRERERERERERERERERVRIMgImIiIiIiIiIiIiIiIiIKgkGwERERERERERERERERERElQQDYCIiIiIiIiIiIiIiIiKiSoIBMBERERERERERERERERFRJcEAmIiIiIiIiIiIiIiIiIiokmAATERERERERERERERERERUSTAAJiIiIiIiIiIiIiIiIiKqJBgAExERERERERERERERERFVEgyAiYiIiIiIiIiIiIiIiIgqCQbARERERERERERERERERESVBANgIiIiIiqS7du3Izk5GXv37i3T/fz2229ISUnBli1bynQ/xTF27FgsXry4vLtRZDNnzsSyZcuu+H7vu+8+zJ49+4rvtyhCeW6ee+45DBs27Ar1yOXIkSO4+eab8c8//1zR/ebm5iI5ORnbtm0r1vZWqxXJycnYuHFjKffsyijKZyWU16ikz6dk9+7dSE5Oxvnz50vUDpUu9+8Ek8mEYcOGYfv27eXcKyIiIiIiupYxACYiIiKiItmxY4fHdVnIzc3FU089hTlz5mDIkCFltp9rTatWrdC8efPy7sZV6Wp9bqpWrYoOHTogJiamvLtSaS1cuBBjx471WFaU9wNfI3Kn0WjQvn171KpVq1Tb/fTTT5GcnIzc3NxSbfdqcPbsWSQnJ2P37t3l3RUiIiIiokpDVd4dICIiIqKKIz09HYcOHUKXLl2wd+9eGAwGRERElPp+IiMjsXbt2lJvt6JyOBxQKpUlbue2224rhd4EVlr9LA9l/dwUV2Ji4lVfPV0ZFeX9wNcoOH/nhop8viiMUqnEzJkzy7sbVEoq6/uUiIiIiCo/VgATERERUch27twJrVaLRx55BE6nE7t27fJZJzMzE7Nnz0ZqaioGDBiAVatW4YEHHpCHx/zrr7+QnJyMH3/80WO7nj17Yt26dQCAffv2ITk5GSdPnvTbjy1btqB3797Yvn077rjjDqSkpGDcuHH4/fff5XU++OADJCcnw+FwyMuOHj2K5ORkHD16VF72559/YurUqUhNTcXQoUOxYcMGj33l5ORg3rx5SE1NxcCBA/Haa69BFEWPdRwOB9544w0MGTIEKSkpmDZtGs6cOeOxzvvvv4+RI0ciNTUVd911F7788suAz/OWLVuQnJyM9957DwMGDMCcOXOC7ufbb79FcnIyzp49K7fjdDoxcOBAvPTSSwB8h2I+ffo0ZsyYgb59+2LgwIFYtGgRMjIy5MeNRiNWrlwp72/MmDH49ttv5cf//fdfJCcnY82aNRg1ahQGDhwY8JjcBWs3lL758/XXX+POO+9Ez549cdddd2Hfvn3Ffm6cTideeeUVDBgwAL169cL8+fP9Vt4F2ifgeh1vvPFG/Pzzz7jnnnuQkpKCsWPH4siRIx5tHDp0CBMmTEBqaipGjBiBt956C3a7HYD/z8L+/fsxceJEpKSkYNCgQVi8eDFycnI82izK+w0ATpw4gQkTJqBnz54YNWoUvvnmG591srKysHDhQvTr1w/9+vXDsmXLYDQaC23X3enTp/H444+jX79+6NOnDx588EH8/fffHuvs27cP48ePR2pqKoYNG4bXX3/d4zNcnDYDPb8nT55EcnIydu7ciRMnTiA5ORmffvopAM/3w5gxY7Bw4UKPNjdu3IgePXrAYDD4fY1CeT5DeR2/+uorjBw5Ej179sSkSZN8jg0Ifg4rzmdp06ZNGD16tPz59D7X//HHH3jwwQfRq1cvDBw4ECtWrEBeXp78uL9zWGHni8I+R0Dh7wup3U2bNmHSpEno3bs3hg8f7jPctsPhwOuvv45hw4ahZ8+eGDdunM9+Bg0ahDVr1mDlypXo378/BgwYgBUrVsBms8nrBPtO8Df8ebDviHnz5uHBBx/E5s2bMXz4cPTu3RvTp09HWloaAOCmm27Ck08+CQDo37+/x/uxtF//UM7P3oKdG/Ly8rBixQoMHjwYffr0wdSpU/HHH38AAGbPno1Ro0YBAB5//HGPUT+Kc84p7L07c+ZMTJo0yWP9devWoWfPnvL9efPm4b777sOSJUuQkpIiv47Bzk2hvL+IiIiIiK4kBsBEREREFLIdO3agU6dOqFatGtq2bYvPP//cZ50FCxbgxx9/xP3334+5c+fiv//+w88//1zqfTGZTPj8888xa9YsPPvssxAEAdOnTy9yIDV58mSo1WosXLgQgwcPxssvv4xNmzbJ6yxatAjff/89xo0bh+nTp+Po0aM+IcyKFSuwYcMG3HHHHfjf//6HnJwcPPTQQzCbzQCAjz/+GKtWrcKQIUOwdOlSNG3aVH6eCvPpp59i0qRJGD16dND9dO7cGWFhYR5DaB49ehRZWVlISUnxadtut2PatGnIzc3F/Pnz8cADD+DgwYMeIej8+fOxZ88e3H///VixYgXatWuHefPm4cSJEx5tffTRRxg8eHDIVW/B2g2lb9527tyJefPmoX379liyZAkaNWqExx57DCdOnCjycwMA7733HtatW4devXph7ty5iI6O9nm/F7ZPidPpxKJFizB48GDMmjULVqsV8+bNkwPeo0eP4uGHH0Z8fDwWLlyIESNGYP369VizZo3ffh09ehSPPPIIGjRogBUrVmDatGn45Zdf8NRTT8nrFPX9ZjKZMG3aNGRnZ+ORRx7BnXfeiXfeecdjHavViilTpuDo0aN49NFHMWXKFOzduxdLly4N+Jq4MxqNmDx5MnJycjB37lw88cQTEAQBM2bMgNVqBQCcPHkSM2fORMOGDbFs2TIMHToUa9euxeuvv17sNgt7fmvVqoW1a9eiS5cuqFOnDtauXYsePXr47KdXr174/vvv5dcMAPbu3YuOHTv6HQEhlOczlNfx6NGjWLBgAWrVqoU5c+agW7dufsO9ws5hxfksvfvuu1i5ciV69OiBJUuWoG3btpg7d64cZv3zzz+4//77oVAoMH/+fIwfPx5fffUVHn30UTidTo+2vM9hgO/5ItjnKNT3xTvvvIMxY8Zg1apVaNeuHZYsWeLxY4ulS5finXfewfDhw7Fo0SLUqFEDM2bMwP79+32OPzs7GzNnzsSAAQOwZcsWbN26VX48lO8Eb8G+IwDg119/xdatWzFx4kRMnDgRv/76K1544QUAwEsvvYRx48YBAF5++WVMnDgRQNm8/qGe9yWhnBuWL1+OPXv24IEHHsD8+fNhsVgwbdo0ZGZmYurUqVixYgUA4MEHH8Tzzz8fcrvegr13Q/X7778jIyMDs2bNQseOHUN6D4b6/iIiIiIiulI4BDQRERERheTEiRP4+++/cddddwEAunfvjhUrVuD8+fOoUaMGAOD48eM4dOgQZs+ejf79+wMAOnTogJEjR5ZJnxYsWIDY2FgAwOLFizFixAhs3bo15P298cYbiIqKwtKlS6HRaNC1a1dcuHAB7777LoYOHYoTJ07ghx9+wMyZM+VqtW7dunm0f/r0aXz66aeYPn06brnlFgBA48aNMWLECOzatQv9+/fHgQMHkJSUJA8r26FDB5jNZpw5cwbt27cP2L9ly5ahdu3aIe+nW7du+Pbbb+X97NmzB4mJiUhKSvJp+/Tp07h48SJmzJiBTp06AXANvf3hhx/CaDQiLCwMt956KxISEuQ+tG3bFtu2bcO+ffvQqFEjua3Jkydj8ODBIT3nAIK2G0rf3ImiiNWrVyMlJQVTp04FAHTs2BHHjh3DBx98gMcff7xIz43D4cCGDRvQt29fTJs2DYDr/Z6VlSVXj4eyT8ncuXPRpk0bAIBOp8OsWbNw9uxZ1KtXD2+++Sbq16+PJ554Ql7fZrNh7dq1csjjLi4uDitWrED79u0hCK7f86anp+OVV16B0+mEIAhFfr99+umnyMzMxOrVq+XXpEWLFrj99tvldbZv345Tp05h7dq1qF+/PgBApVJh0aJFuHDhAqpXr+7TrrfZs2ejWbNmiI6OBgDExsbi7rvvxl9//YXmzZvj8OHDsNvtePjhh6HVatG+fXvY7XZcvHix2G0Ge34bNGiAiIgIaDQaNGjQwO8+UlNT8corr+Cnn35Chw4dYDAY8NNPP3m8xkV9PkN5HdevX4/q1atj+fLl8hC0YWFhclgGBD+HFfWzZLfb8fbbb2PYsGGYMGECAKBTp044c+YMNm/ejE6dOuG1115DbGwsVqxYAZXK9SeFmjVrYtq0afj++++RnJwst+d+Dvv3338BeJ4vQvkchfq+mDx5snyMM2fOxNGjR/Huu++iVatWOHnyJD7//HPMmDEDN998MwCga9euuP/++/Hyyy+jY8eOcjstW7bE/PnzoVAo0L17dxw4cACHDx/GLbfcEtJ3grdQzt3Sa/v000/Lc0mfO3cOO3fuBADUrVsXVatWlW9HRkaWyesPBD8/ewvl3HDgwAEMHDgQffr0AQA0atQIS5YswZkzZ9CqVSu5wjohIQF16tQJuV13obx3Q5WQkIAnn3xS/txt3Lix0PdgUd5fRERERERXCgNgIiIiIgrJjh07oNFo0LlzZwBAjx498Mwzz2Dnzp0YM2YMANfwzgBw4403ytsJggC9Xl8mfdJqtfLtatWqoWHDhgGrlPw5ePCgXPEnVQy2atUKW7duRXZ2tjxEpXtVoEqlQlRUlEcbAJCcnCy3UaVKFdSoUQN//PEH+vfvj5YtW2L16tV45ZVX0LNnTzRu3NhnSFl/4uLiirSf1NRUPProo0hPT0fVqlWxd+9epKam+m27Ro0aqFKlCl599VUYjUa0b98eXbt2RdeuXeV1Wrdujc2bN2PRokU4f/48rFYr8vLyfIZCdu9nKIK1G0rf3J06dQrp6em48cYb5ecGcAU5x44dA4AiPTcXL15EVlaWTzWo+3GGsk9JkyZN5Nvx8fEAXEOl16tXD7/88guGDx/usf7QoUORnJzsU00JANWrV4fBYMCCBQvw119/ITMzE1arFVarFXa7HRqNpsjvt+PHj6NRo0Zy4AO43lvuDh48iHr16qFmzZry8bZs2RKAazjgYAFwWFgYkpKS8Pbbb+PQoUNIS0uTK2ql171Zs2YQBAFPPPEEbr75ZrRq1Uo+txS3zWDPbyhzeyYmJqJp06bYvXs3OnTogH379kEQBI+g010oz2cor+Px48fRo0cPjz76e10KO4cV9bN04sQJGAwGn8fnzJkjj65w6NAhDBgwQA5/AaB9+/aIjY3FoUOHPJ4Xf+eGon6OQn1fuH8fKBQKdOzYUa76l86fvXv39linb9++WLFiBXJzc+VQtXHjxlAoFPJ68fHxyMzMBICQvhO8hXLuBlyhoxT+AkDVqlWRlZUVsF2p7dJ8/YHQz/vufQh2bmjZsiW2bduGhIQEdO3aFdWrV8dzzz0X9NiKcs4J5b0bqpiYGI/PXbD3YFHeX0REREREVwoDYCIiIiIKyul04osvvsD1118PwDX0qkajQYsWLbBjxw75D6GZmZnQaDQIDw8vl35GRUUFndtSIooisrKysGXLFmzZssXn8ZycHPl4/A3zKpGCAamyy7sNwFVRFRYWhs2bN2PdunWIi4vD8OHDcdttt4UUQIW6nw4dOiAyMhJ79uxBu3btcPr06YAhp16vx8svv4zXX38dy5cvR15eHm644QZMnjwZDRs2BAA888wz2LNnDyZPnoymTZtCp9Nh/PjxIfW3MMHaDaVv/p6bBQsW+DwmVc0V5bmR3kPeYVtR91kYURRht9thMpnkKnaJXq9H3bp1/W53+vRpTJo0CcnJyZg1axaqVq2KL774wmPI6KK+3zIyMoKG+JmZmfjnn3/8DpntPW+tP1arFQ899BDUajUmTJiAWrVq4dKlS3jooYfkda677jo8++yzWLduHWbMmAGlUonevXtj4sSJcoVvUdoszvMbSEpKCt577z1Mnz4de/bsQadOnQKe50J5PkN5HTMyMgp9D4ZyDqtdu3aRPktSyOf9nMXExCAmJgYOhwMGg8HvezwuLg7Z2dmFHre3UD5HRX1fSNy/D7KysqDX630qXqXnNycnp9CATprjN5TvhEDHWNi5uzjK4vUHin7eD+XcMH/+fKxbtw4bNmzAypUr0bBhQ9xzzz3o3r17idp1F+y9WxLB3oMlfX8REREREZUFBsBEREREFNShQ4eQnp6O9PR0eQhHd8eOHUOzZs0QGxsLq9UKs9kMnU7nty33yqrSdvnyZTRt2tRjmfSHe3/90Ol06NWrFwYNGuTzeEJCAqpUqSJX5Wk0Gr/t6PV6KJVKvPDCCz7hmhROKBQKDB48GIMHD0ZWVhZ27tyJVatWAQDuvPPOkI4tlP2oVCrceOON2L17N4xGI2rXru13yE5JYmIi5s6dC6fTid9//x0vvvgipkyZgo8++ggqlQrbtm3DtGnT5Ao1APJwtcVltVpDarewvnn/kV26P336dI9qWwBylWJRnhvpj/YGgyHgcYSyz2BUKhV0Ol2RQrMdO3YgPDwc8+bNkz9L3iFYUd9vcXFxOHPmTKH71ev1aNKkCaZPn+7zWGJiYtB+HzlyBH///Tc2bNggD/Hq77PZtm1btG3bFhaLBfv27cMzzzyDCxcuYOXKlUVuszjPbyCpqalYvXo1Dh8+jH379uGRRx4JuG4oz2cor2NcXFyh78FQzmFA0T5LUrAZqPJUqVQiLCzM7+Pp6elo27ZtIUftK9TPUVHeF5LLly/LYWB0dDRMJhMsFotHpfDly5cBoNAKXnehfCd4C+XcXRxl8fqHen72Pr5g54awsDBMmDABEyZMwJkzZ/DOO+9g9uzZWL16NVq1alXsdt0Fe+8Crucs0L8Jgvk/e/cdJ1V973/8fcqUbXQERIoUpSgoohRRjD2xEGIsiTexR+M1+ktMYox6TSxJvDEmMcYSY73JzQUUQRSByIIoIBZUBAFBBEHpLOwyW+a03x+zc5jZwi5l2fZ6Ph7nwe45Z845Mzs7zHff8/l89/YcPFjPLwAAAOBgOrC/3gAAAKBVmDlzpnJzc/XII4/o0UcfDZc///nPikajmjFjhiSF4eubb74Z3tb3fZWVlYXfp8O1LVu2hOt27twpz/P2+boSiUT49RdffKHPP/88DBHSFXiZ59m2bVvW7YcOHao1a9Zo4MCBGjx4sAYPHqyBAweqe/fuikajGjhwoKQ97R2lVMCU2U5y6NCh8jxPiUQiPMbgwYPVrVs3HXHEEZKka6+9Vv/4xz8kpaqRLrnkEvXv3z9sJ1of9TmPlAqqFi9erJkzZ9ZYOZX22muv6T/+4z9UWloq0zR1zDHH6IorrlBxcbE2bdqk0tJSeZ6XFdhv2LCh1jag9VWf49Z1bVX16dNHeXl52rhxY9Zj07Nnz3DuyH15bLp06aL27dtn/dyl7Odbfc9Zl2OPPVZvv/121roZM2bo4osvDtsZZ0o/TpkhxieffJK1z74+3wYOHKhVq1ZlBSdVW6YOHTpUGzZsUNeuXas9/6pW3NWkpudN1et+6KGHdMcdd0hKtfMdO3aszjnnHK1cuXK/j1mfx7c+oVCXLl00ePBgPfLII3IcZ68tdOvzeNbn5zhgwAC9++67Wesyn4NS3a9h+/q71LdvX+Xm5mrhwoVZ6x988EHdeeedklJB2Lx587JesxcvXqydO3fucwBcn9+j+j4vMh8bz/M0f/788P+DdPeKOXPmZN1m9uzZ6t+/f72rM+vzf0JV9X3trktNH5462D///Xndr+u1Yd26dfrud7+rxYsXS5J69OgRVumnp41IB8yZvw/7+ppTn+dux44dtXXr1qzt6ZB2b+p6Dh6s5xcAAABwMFEBDAAAgL0qLy/XvHnzdOaZZ+q4446rtv3UU0/V7NmzdfPNN6tfv34aMWKE/vCHP6i0tFTdu3fXyy+/nPWH5g4dOqhv37569tlnFY1G5bqu/u///q/G+U7rcvvtt+vKK6+U4zh68skn1aZNG5133nmSUn88jkaj+v3vf69vfvOb2rx5s5599tms219zzTW68cYbdfvtt2vcuHEyDEOTJk1SIpHQE/0niRIAACAASURBVE88oT59+ujkk0/Wgw8+qJ/+9Kfq2rWrJk2apK+++kpDhw6VJA0ePFinnHKK7rnnHl111VXq16+fVq9erSeffFL33nuvRo4cqcGDB+uZZ55RPB5X3759tWzZMq1atSq81vqoz3kk6YQTTlB+fr7WrFmju+++u9bjHX/88eEftS+99FJ5nqfnn39enTt3Vs+ePWXbtgYMGKCnnnpKQRAomUzqf//3f8O2uvurXbt2dR63rmurKhqN6pprrtEjjzwi3/c1cuRI7dy5U08++aROO+00/fCHP9ynx8ayLF1++eV64okndPjhh+u4447Te++9p5kzZ4Ztaet7zrpcccUVuvnmm/XrX/9a5557rjZv3qzHHntM55xzTo2VxCNHjtTkyZN1//33a8SIEVqwYIFef/11SXtas+/r8+28887Tc889p7vuuks33HCDgiAIK4bTxo0bpylTpuiWW27RFVdcoY4dO2revHmaPn26Jk6cWGeL1SFDhig3N1f33XefLrroIq1du1YTJkyQpPDnPmzYMN155516+OGHNWbMGG3dulUzZszQ8OHD9/uY9Xl8u3Tpojlz5mjWrFkaOHBg1ty9mc444ww9/PDDGjt2bLXKyX19POvzc/ze976n6667Tn/84x91wQUXaNOmTXr88cezjlPXa9j+/C5dfvnlevrpp5WXl6chQ4bogw8+0NSpU3XfffeF57z++ut122236Vvf+paKior02GOPaciQIRo9enStj0tN6vN7VN/nxcMPPyzXddWhQwdNnjxZmzdvDn/PjzrqKJ1++ul66KGHtHv3bvXo0UOzZs3SRx99pAcffLDe11uf/xOqqu9rd13SFb0vvviiTjzxRA0ePPig//zr8/pcVV2vDT169FA0GtUDDzyg6667Tu3bt9eMGTNkWVb4mHXo0EGWZen1119XJBLR6NGj9/k1pz7P3RNPPFFTpkzRn/70Jw0bNkxLly7V5MmT65yKoa7nYH2fX3//+9+VTCZ144031utnDgAAABwI61c1TbYDAK2A4ziNfQkAcEjUt01lbQoLC/X666/rpz/9qTp37lxte0FBgaZMmaIBAwaoZ8+eGjFihD7//HO9+OKLeu+99zR8+HDt2LFDhx12mE499VRJqXA2/YfZ5cuXa/z48Vq+fLmOPfbYsOpn1qxZGj9+fI2VPitWrNCCBQv0/e9/X0899ZSmT5+uzp0761e/+lVWy8levXpp7ty5euWVV7R161ZdfPHFWrRokS644AIddthh6ty5s4YNG6YFCxZo4sSJmj9/vvr06aNf/OIX4fyeI0aM0KpVq/T8889r3rx5YQVYmzZtwvtz6qmnKpFIaMqUKZo6dao2btyoa6+9NqwyHT58uJLJZLj9q6++0uWXX65LLrmkxsc8ff++973vKRKJhOvrOo+UqqT66quvVFZWpuuuuy7ruNOmTVNeXp7OOOMM5efna/jw4XrnnXc0YcIEzZ8/Xz179tRdd90VVmkPHz5cK1eu1LRp07R69WpdccUVYWvvU045Rbt27dLkyZN11lln1Rgm1HTe+hy3PtdW1eDBg9W5c2e99tpreuGFF7R06VKdeeaZuuaaa8I/7tf3sUkfLx1+TJ8+XYZhhM/NSy+9tF7nrOnnuG3bNr388sv6+te/rm7duqlr164aNGiQCgsLNXHiRK1YsULjx4/XD37wA5mmWe13oUePHiooKNDrr7+u119/XYcddpiuvPJKrV+/XsOGDVOnTp32+flm27ZOPPFEzZs3T//85z/14Ycf6qKLLtLChQs1ZswY9e/fX7FYTKeddppWrVqlSZMmaebMmTJNU3fccUeN8+l6nqfnnntOo0aN0qBBg5Sbm6tBgwZp4cKFevXVV5VIJPTzn/9cq1ev1pFHHqmBAweqd+/eOvzwwzVjxgxNmjRJH3/8sU499VTdcsstNb6O1eeYdT2+ktSzZ08tXrxYr7zyivr166f+/ftXez5IqQBuwoQJuuqqq9SnT59wfdWfUX0ez/r8HDt16qRevXppypQpmjRpkjZs2KDzzjtP7777ri655BIVFBTU+Rq2P79Lxx13nHJzczVt2jS99NJL2rVrl3784x/ra1/7mqRUFeUJJ5ygBQsWaMKECVqyZIlOP/10/fKXvwx/TjU992t7vajr96iu50X6uJdddpkKCws1YcIElZeX65ZbbtGYMWPC84wZM0alpaWaPHmypk+fLsuy9Itf/EIjRowI9/nXv/6lfv366aSTTgrX/fvf/5bruvrGN74hqe7/E6o+96W6X7vnzJmjkpISjRs3Ljzvxx9/rHfffVdXX321JKlbt25at26dXnnlFfm+r5NPPrlBfv51vT5XVddrg2EYGjNmjNatW6eJEyeGHUN+9rOfhQGwbduKxWKaPn26li1bposuumifX3Pq89zt1auXfN/XrFmzNGvWLEWjUZ188slavny5rrzyylp/FvV5barP8+ull17S9u3bddZZZ9V4/QAAAEBVFRUV+31bI9jfCVAAoJmr2kIPAFqqdJDZmL73ve9pwIABYQvFAzVlyhQ9+OCDmjVr1l4r8QAALdu6det0+eWX64EHHthra24AAAAAaG6Ki4v3+7bMAQwAAAAAAAAAAAAALQQBMAAAAAAAAAAAAAC0ELSABtBq0QIaQGvRFFpAAwAAAAAAAKg/WkADAAAAAAAAAAAAAAiAAQAAAAAAAAAAAKClIAAGAAAAAAAAAAAAgBaCABgAAAAAAAAAAAAAWggCYAAAAAAAAAAAAABoIQiAAQAAAAAAAAAAAKCFIAAGAAAAAAAAAAAAgBaCABgAAAAAAAAAAAAAWggCYAAAAAAAAAAAAABoIezGvgAAAAA0b0EQNPYlAAAAAABaKcMwGvsSAKDJIQAGAABAvRH2AgAAAACakprGqYTCAFo7AmAAAADUqeqAur5BMIExAAAAAOBA1TfQTe+XHosSBANorQiAAQAAUKvMALe2r2v6HgAAAACAg6W2MefeAl7DMAiCAbRaBMAAAACopq7g1zCMcAEAAAAAoDEFQRAuUvXwlyAYQGtDAAwAAIAsNQW+6YG0aZoyTbOxLg0AAAAAgGoyP6Ds+7583w/XBUGQ1RqaEBhAa8Bf7wAAABCqGv4GQSDf9yVJlmUR/gIAAAAAmjTTNGVZlqRUGJxZGSwxhRGA1oEKYAAAAFST2T4r/QlpPiUNAAAAAGgOMit+a1oPAC0dJRwAAACQVL3dc2b4m/70NAAAAAAAzUF6HFt1jJteBwAtGQEwAAAAQjWFwHxCGgAAAADQHJmmSfgLoFUiAAYAAECN8yERAAMAAAAAmjPDMGoNfwmCAbRkBMAAAACQVHP1r+/7Mk3eMgIAAAAAmh/DMOT7PlXAAFod/poHAADQyu2t+pdBMQAAAACgucqsAKYKGEBrQgAMAACAUObAmAAYAAAAANDcMc4F0BoRAAMAAKDap6EzW0ADAAAAANBc1dQCWqL6F0DLRgAMAACAGvHJaAAAAABAc1fT2JaxLoCWjgAYAAAAIdpiAQAAAABaGsa6AFobAmAAAIBWrLaBb2Y7aAAAAAAAmqu6xreMewG0RATAAAAAkFR9UMwnowEAAAAAzR0toAG0RgTAAAAAAAAAAACgxSP4BdBa2I19AQAAAGg6GuJT0Ru+3CjDMCRJhmE02IDbN2peb8rPXhHU9RnIqtv9GvcKDxcE4f2TpO6Hd63j+AAAAACAQ6WmcW7mGA4AWiIqgAEAAFBNQ7R/bqkD7JZ6vwAAAACgpWCKIwCtDRXAAAAAaNCB8KEKSM3a7sIhzGcJgwEAAACgeaASGEBLRgUwAAAADqnMAXZLGGwbhhEuAAAAAAAAQGOjAhgAAACH3KEIgfcc1cpaH9RxOt/ILiU267oBAAAAAAAA0IRQAQwAAAAAAAAAAAAALQQVwAAAAGhwB1Tla/jZ3wc1f4aROl0AAAAAAACACmAAAAAAAAAAAAAAaDEIgAEAANCggiCoe6d63N6QJaNyPt8gCGRZlgzD2FNdbBiSYcjzfXm+H35vGIYsy1IgpdZX8n2/6qkkSWaQWgAAAAAAAIDmiAAYAAAATVokElEQBPI8T47jyDRTb2GDIJDjOGGQ67quPM9TNBpVJBKR53nhOtd15fu+bNuW7/sKgkCmaR5Ya2oAAAAAAACgCWIOYAAAADRpruPLkCU/8BSPx+V5njzPUxAEisVi8rxUua4dSwXFZUknq0LYNg0lk0lFIhG5rpuqBq7cXlFRIduu+S0xVcAAAAAAAABojgiAAQAA0KS5rqtoNCrbtpVIJJSXlxe2hXYcR5aVCnalQLZtKx6Py7ZtmaYpz/NUniiVYewJgdPhcRAEikajtbaCBgAAAAAAAJojAmAAAAA0adFIRIakZDKpnJwcJZNJ+b6vaDQuyZenQPlt22jXzmKtW7tGu0qKVV5eLs/zFItF1a5tWx1++OHq1KmTEomEZJkyJBlBOkBOzSu8pxl0diAcMGsKAAAAAAAAmhECYAAAADRp6Wrd9Py9lmXJsiw5jqPc3FxtK9qhd999VyXFu1XQto1M05RlWYpEInIcRzt37tT69esVBIEGDRqkXr16KJlMKnC9cD7hxjTn/c/067//W4tXfqn8nKguPGWQ7v/h19WxbW61fS++/X80ee5S3XTxaP35J+NqPeYFtz6j6QtW6J/3fFeXnTVUkrR6w3YdffF/q0ObXG2debck6dMvturOx2eq8P3VKqtwNKRvN/3yqtN1wZhBkqTrfvOCnp72bo3n2DX7Hh3//T9pzZc7wnWHtc/XqGN76Tc/PFcDeh+21/u9o7hU/b/939pZUqaZD1+rM0/sv/cHCgAAAAAAAPXS+H/xAgAAAPbCMAz5vi/PC2QYliRTjuOpQ+dOWvzRh3r/vcWyTFv5bQqUTCYlSb4hlVU4sm1bnuepoKBA7dq105o1a1RYWBhW/Ta2WYs+1Tm3/F1vfvi5OrTJVaLc0ZNT39GpNzym0nIna99EWVKvLVwpSXqh8GP5/oFNUrxtZ0KnXP+YXpzzsdrl52jwkV31zifr9c2fPReeJ613t/YaPaRX1mJZe4YSQ/t30+ghvWSahqbOW6YzbvqbdhSX7vX8v3ry39pZUnZA9wEAAAAAAADVEQADAACgSfN9X6ZlhUGw67pq076dpk2bpkQiofz8fHmeJ9u2lZeXJ0+pYDQWiykIAll2RJZlqaKiQjk5OYpG43rttddkGKljVn9LfGjeIgdBoJsenCLP8/XHH1+otVNu18ZX79KoY3tpxdoteuhf87L2n/bWcpVVODIMQ5u2l2jeh2sO6PwvvbFM23YmdNqwvlr1ws/1zjM/0h9uuUCS9Mcq5/7RJWP05hM3Zi05sUi4/ek7L9GbT9yoz1+6XcOO7q5N20v0ylvLaz33irVb9PhLbx/Q9QMAAAAAAKBmBMAAAABo0gKlwlJJMmxLuQX5WrRokQyZMi1bXuBL5p5w2AwkM5Dku5JSAbIfSIZpyfV8Gaaldu07as4b82TH4goMU44fyA8MGaapQJIfGApkyg+MWq/rQH3w6Vf6bMN2Hd65jW769mhJUm48ojuvOkOSNGn2kqz9J83+SJJ07YUn1rh9X6Uf09LypJKOJ0m68rwTNPX3V+qOymvYV9GIpZOH9JYkrd+yq9b9bn34FcUilo4/+vD9Og8AAAAAAABqRwAMAACAJs22bTmOIysakeu6WrdunYqKipSTlyvf9+u8vWEY4RzCQRDI8zxZlq1YLKb331useDwuy7TDamDHccK5gRtyjuDla7dIkgYf2UWmuSdoPrZfV0nSynVbw3W7Syv02sKVapMX173XnyvLMvXinI/leXXf/9qMH3uMOrbN1TufrNeAS3+v3z0/R47r6/wxAzX2+D77dcyKpKu3lnwuSep3RMca95m16FPNWLhSP/uP09StY5v9vn4AAAAAAADUjAAYAAAATZrjOIrH4yorK1NOTo6WL1+ueDwux9kzR24qvK2ZYRjyPC/82jAMOY6jWCymoqIibd68OQyHpVTomz5eel1D2LW7XJLUriAna32HNrmSJMf1wnmAX37zE1UkXZ0z8ih1bp+nMUN7a2tRQnMX738b6M7t8zTn0Rs0fOAR+mLTTt3x2Az1HHe/7n+2sNr9vvXP02SNui1cnn31vaztV983Uadc/6j6fOt3+mDlVxrcp4vGnTK42jk9z9etf35Fh3duo59ePna/rx0AAAAAAAC1IwAGAABAk+d5nnJzc7VmzRrF4/Fwzl/f9/ca/mZKVwvbti3P82QYhvLz8/Xpp58qEonI930FQaBoNBru25ABcJu8mCSpqLgsa336e8sylRtPzbM78fVUu+fzTh4oSTp/zKDK9R8d0DUM7tNFi57+kQofvV7fOfs4uZ6v/3piph6bnD0/78Deh+kboweES4/D2mVt/2jVRi1Ysk6btpeoS4d8vfnEjYrH7Grne2LKIn3y+Wbdd8O54X0DAAAAAADAwVX9rzIAAABAE2JZVhjOrl+/XpFIREEQKAgCWZZVr5DWsixJqSDZNE1Fo1F5nqcgCJRIJFReXi7TNMPz+L4v0zRlmmaDhcBH9+wsSVq6ZpM8z5dlmeH3mduLE+WauWilJOnKeyboynsmhMeYPHep/vrz8bKt7M91FuSmwuWyij1V0umv08Hss6++p3Ubi3TpmUM19vg+Gnt8H33thH76wW9f0L9mfaAbLxoV3vbacSP0/y4bU+t9ef+5WzSg12E6cvxvtXnHbi1bs1mjh/Sqtt+jLyyQJF1970Rdfe/EcP05N/9df/3ZeN3wrZG1P2AAAAAAAACoFyqAAQAA0KSlQ9iKioqw7XO6lXN9wtl0y2fDMGRZVlbr6CAIFI/H9eWXX8q2bZmmGYbE6e0NZfjAI9Snewdt2l6iv0xKBaPlFa5+82yhJOnbpx8rSZo67xMlHU+d2+dp9JBe4dK+TY52FJdq9rurqx17cN/UPMLT3vxEvp+6Dy+/+Ykk6Zg+qW3zP1qre556XY9UnluS8nOjkiRD9auqzhSP2frRJSdLkn77XGGN+5x5Yv+sSuLO7fMkSScN6qFe3drv8zkBAAAAAABQHRXAAAAAaNLSgWzRzl2Kx+PyfT/VxtlPVQHXpwV0umI4HRy7rquoHZFlWXJdV1u3blWf3r3CltLp0DkzDD7YDMPQX382Xhfc+oxu/fM0PTJpvnYUl2rX7nL179FJP/7OKZKkSbNTbZ5/eeUZurkyYJWku/82S/c9M1uTZn+kc0YelXXsG8aP1MMT3tLUecvU79sPqE1uTB9/tkmGYei2758mSfrJd0/VpNlL9NjkhSp8f7U6t8vTomXrJUmXn3t81vH++sJ8TZ23NGvdtAevqnafbrxolB74n7mavmCFlqzeqCH9umVt/9NPLsz6/oJbn9H0BSt07w3n6MwT+9f7sQMAAAAAAEDtqAAGAABAk2dZlkpKSsJA1nXdes/963meYrFUS2THcRSJRMLW0clkMmz7bBhGePz0v/U9x/46e8RRmvWX6zR2WB9t3lGi0vJUdXKPLu0UBNKu3eWatWiVJOn8yvl/0y48NTUP8EtvLJPjelnbOrbN1fwn/1PjTztG5RWOVn6xVScN6qFXH7papw3rKyk1r+/bT92ki88Yom07E3p/xZca0KuzHv/FRbp+fHYr5jVf7tC8Dz7PWlzPr3Z/2hXk6AfjTpIk/e65OQfhEQIAAAAAAMC+MoKG7GsHAE1YIpFo7EsAgEMiLy+v1m3pt4KZc9/6vi/P88KlffsDa8274cuNB1RF67qucnJytPzTVdqyZYui0VSbYj9QvSqAgyDIaumcvo0pI9xWVlams888Q4lEQkGwJ/zdn7fKh3frsu93slJJaYUuu/OfmrFwpc4ddbRefejq/T4WAAAAAEAqKiqSZVnhYppmOOZLjxUb+sO/ALA/iouL9/u2tIAGAABAk2bbdhjapit3Jckw6h8qZwa56YF9el0ymVQ0GpXv++H5XNdVJBLZp0rjg6EgN6aXf3+l7n+2UFedP/yQnRcAAAAADpWJs5fo0y+27nWf/j066dIzhx6iKwKAlocAGAAAAE1aujVzNBoNK3iDIJBp1S8AzqzkzQxzM0Nh27bD+X/Tx0/vc6g/CW5Zpv7rmjMP6TkBAAAA4FDwPF9X3ztRZRXOXveLRixd9LVjZddz3AcAyMarJwAAAJo83/fVpk0bJZPJrAre+rRoNgwjXNIyA2HbtpWTkxMGwK7ryrIsua57QK2rAQAAAADZLMvUX376zTr3e/Tn3yL8BYADwCsoAAAAmrR0WNuuXbs98/eaZr2rc6uGxJnhr2EYKi8vV5cuXcIW0JZlhZXAlmUd5HsDAAAAAK3bVecP193XnlXr9ruvPYspcQDgABEAAwAAoElLB7aRSEQFBQVyXbfGls513T7z68wqYsdx1LlzZ3meJ8/zwjmHq94WAAAAAHBw/Nc1Z9YY8l59wYlMiQMABwEBMAAAAJoFx3HUo0cP+b6fFdDua0ibrvz1fV/JZFLdu3fPmvs3fXzTNMOqYAAAAADAwfX4Ly7SOSOPCr8/d9TReuy2bzXiFQFAy0EADAAAgCbPMAz5jqsjjjgibAFtGXveyu4tBE7vX7Va2Pd9VVRUaODAgSovTciyLFmWJcdxUse3LCqAAQAAAKCB2Japiff/h0Ye01Mjj+mpCfddzry/AHCQ2I19AQAAAMDemIYhr7IqN1lWqpEnDlfhG3NVUNC2spo3tZ8fpKp1jcpgOLPNs+u6YeWvZZjyPE/yPR0zaKCMwFc0YikIPJmGIcOyFPi+PHkyLUMBRcAAAAAA0CDyc2Oa/+R/NvZlAECLw8dpAAAA0KQZhiEFgeLxeDhH7+gRI1VUVCTTNLPm9U0v6fWe54XHSbd0Trd+zs/PV+/evRX4btj+mYpfAAAAAAAANHcEwAAAAGjS/CBQIKm8vFzRaFSlpaVq27atRo4cqR07dmQFwOnQNx38mqYpx3EUjUYVBIFs21Z5RZnatC3QySefrN27d8vzffmZcwpLqeUQBMLvLd+gG373oi694x/Vtt33zGx1P/8+5Y69Q2NveExLP9t0ULdPnbdMgy57UPFTfqlBlz2oyXOXHtLtaXMXfyZr1G2yRt0m16PcGgAAAAAA4EARAAMAAKDJMwxD0WhUyWRS8XhcjuOobdu2Gjt2rCoqKpRMJuV5nizLkm3bYRgsSbFYTI7jqKKiQsXFxRowYIBOOukkbdu2LTx25pKpoQLgaW99omHf/5NGXP0XPTn1HRUnKrK2P/riQt39t1lyXE9D+nXTWx+t1fm3PiPH9Q7K9o9WbdTFv/yHPv9qh04a1EOff7VDl97xDy1fu+WQbE/z/UA/+dO0BnmMAQAAAAAAWisCYAAAADRp6fC3rKxMhmHIdX15XiDf92VZls4++2z16dNHnudr585dKi0tled5cl1X5eXlKikp1u7dJTriiO46/fSvqWPHjiotLVUsFpNlWWHIm678leHLMIMaA+GD5eV5n2jFuq06YcARNW5/9IUFkqTCv16vt5+6SZecMUTrN+/US28sOyjbn5yySJ7n68Gbz9e8J36oP/6/C+X7gR6ZNP+QbE97+pV39dGqjQftcQUAAAAAAAABMAAAAJo413XlOI4sy1I0GpVlWTIMQ77vKxqNKpFIqEePHjr77LN1/vnn68QTT9SRRx6pfv366fjjj9fpp5+ucePGqX///jJNM6wOdl03PEfmHMCZLaUbyk0Xn6xN0+/Sf//oG9W2VSRdLV+7Re3b5OiYvl0lSaed0FeStOyzTQe8XZI++PRLSdKpx/eRJH2tcvvSQ7RdkkpKK3TX4zM17Ojuyo1H6v/gAQAAAAAAYK/sxr4AAAAAtGy+ISkjSzX3tauyZUumKcs2VFqRlGmaysnNkWEYKikp0e5EQrt371ZJyW4lk0kFQXb1ru97KigokGmaysvLU+dOnRSPx+X7qflmfdcPr8v3fSkwJRlK5cANEwIP7d+t1m3pdtAFubFwXdv8HEnSV9uKD3i7JO3aXZ61T9v8+CHdLkm/fbZQW4p26//uv1zn/+TpWh8PAAAAAAAA7BsCYAAAADRpmdW+kUhEmzZt0ooVK7Rt2zYFQSDTsmRZlkzTCvc3TVNBkGoTbZqGtmzZEobCK5Yvl+/76t69u/Ly8tSzZ6oNs+FnVwBLCsPkQ8mrDKZr4nr+AW9PnaPmFP5QbV+7sUh/mvCWxp06WGMrq4QBAAAAAABwcBAAAwAAoEGZQSpcrS1IDYJAkUhEruvLdV3F43E5jhMGtgUF+dqyZYtWrlyp7du3K/ClWCym3Lx8eZ4n06x5VhPDMGRZlqTU8dNyc3MVBIF27typoqIirVq1Sp06dVLv3j3VtWtX7dq1S6ZhyAwUBslS6mvXdWWaZvi1bdthJfHBYlu1z9JimcYBb9/bOazKx7Kht9/2yKvyPF8P3FS9BTYAAAAAAAAODHMAAwAAoFEFQaBkMinDMBSNRlVRUSGrsqrXN6TCwkJ98MEH2r59u6LRqPLz82Xbqc8xpv/dV+kw2jAM5efna+fOnVqyZIkKCwvDauPMuYCDIFBFRYVisZiCIJDjOLUGzweqY9tcRWwrbOUsSbt2l0mS2hXkHPB2SerWqUCSVJwor9xeXrk93uDbtxYl9ELhx3I9XwMu+b2sUbeptNyRJMXG3K4Va7fs82MGAAAAAACAPQiAAQAA0GiCIJAdiyswLbmBL0+BrGhE0Zy4lq1YrsLCQgW+FInGFIvnSIappOvI8Vy5rivHceo8R5UpiCXDUFD5b3rJLyiQZUUkmVq4cJEWL/5Q0ZxcJT1fvu/LsixFo1GVlZXJNE1Fo1EZhiHXdQ/6Y2IYhgb36aKdJWVasnqjJGneB2skSccf3f2At0vSsX27SpLmLk6tf6Ny+7BDsD0vJ6pvjB6QtZiVlclfH3W0W6BinwAAIABJREFU8jPmLgYAAAAAAMC+M4LMSc4AoBVJJBKNfQkAcEjk5eXVui39VtD3/XDOXN/35XleuLRv3/6Azr/hy41hO+eazp/0fOXk5Ki8vFy2bcswDM2dO1exWEw5OTmqSDqyLEtBEIQtn23blmma4bXuTWXcq9re9Hqel5pDuPL60o9FaWmpRo0apTZ5uWHwa9t22J46Go2qvLy8ss30Hod361Lvx2bu4s90xn/+TWePOEqv/emacP1z09/X1fdOVKd2eTqqZyctWLJO3Tq10YoJP1V+buyAt3+2YbsGXvagLNPQqGN7adGyL1SR9PT2Uzdp+MAjGnx7VQVfu1Ol5Y4q3vrtXltYAwAAAMC+KioqCrtMWZYVTutjGEbY2am2KYsAoDEVFxfv92356woAAAAalFFlqfr5Q9u25bqucnNTQeubb72lvPx8mZalssqA1fM8+b6vSCQiy7Lkuq7Ky8vrVQGswJACQ0blUvWKYrG4fD+QDFOBUvuahqXcnDwtWLBAX331Vdj6OXNxHGe/W1DX5YpvnKBf/+Bs2Zap95Zv0OghvTT9j1eH1bEHur3vER31wm+/pz7dO2r+R2vV47B2+te93w3D2YbeDgAAAAAAgIZDBTCAVosKYACtRWNXAH9ZpQLYD4Lw6yAIZNgRJZNJua6r+fPnKzcvTzk5OUomk4pGo3Ld7ArfzLl501XAe2NUebcbVPlgt+u6isVichxHnucpN54Tzvfr+a4qSst01FH91KNHD5WUlCgSici2bZWVlSkWi1U7/75UAAMAAAAAGhYVwACaKyqAAQAA0Gw5jqNYLKaFb7+tDh07yrJslZWVKxqNyXFcua4vw7BkmrZ8PxUApwfsdbV/ro9UyOwqCALF43G5rivDMFRRURG2nP7444+1efNm5eXlha2oI5HIQTk/AAAAAAAAcDARAAMAAOCQySzGTVfy5ufn64033lBubq5c1w3n2k2HstFoVL7vh9sy5wM+GJ/Szmwv7XmeXNeVZVmKRCIyDUvRnLjy27bRhx8vleM4WVXTfEocAAAAAAAATQ0BMAAAABqU5/sKJBmmGVbXyjJVlnQUz8vXe++9p4KCApmmpfTkJKl2XJYMw5LvuzKMQKnOXH5WC+j6qJwCOFyqSofK6VbOVsSWr0Be4CswpKTjyrQiisVz9P6HHyknv0COHygSiaWuUdmzCgMAAAAAAACNiQAYAAAADcq27XCuXtM05QapELegoECJREK7du1SeXm5JMmyLBmGEc5HfCgqbNOBctV16cWKRlThuopEItqdKNX27duzrhEAAAAAAABoSgiAAQAA0KB83w/DVNu2ZRiGXNeVJK1evVqGYYRz+kp7wlfTlEwzVel7KBep+jnTAbZlWVqzZo3i8biSyWRWeBwou8U1AAAAAAAA0Bjsxr4AAAAAtA6ZVb3pSt+ioiLF4/HUtsrgN3P/zH8bQxAE8pOOrIgtN+koHo9r+/btWWG2Aq/Rrg8AAAAAAACoigpgAAAAHBLpeXZtw5RtmCopKVFpaWlYISw/kKnsamDP82QoaLzFSM0RbAaSbZnyXEeWDG3+aqNs2w4rmQEAAAAAAICmggpgAAAANKh0Ba9pmnJdV0EQyPM8FRcXy7ZtlZeXp1otV342MTBSt0m1Yw7U2PW1nuvLsEyZldMRx+Nx7dq1S926dasMqmn8DAAAAAAAgKaDABgAAAANKl3Nmw5/fd+XaZoqKMjT0Uf3l2mmWimn5/7NDIwNw5A8X5LfKNfuG5Jp2lnXFbieYrGYXDcpwwiIfwEAAAAAANCkEAADAACgQfm+L8uyJEmRSCRcH4/HFYvFZNtR+f6egDcdGKfDYquxI1bLluM4isVi8jxPZpC6T5nXDAAAAAAAADQVBMAAAABoUKlWzqlgN11FK6my4bOhwHVkZKzxguymz5m3aQy+58k0TTmOU3lBjXo5AAAAAAAAwF6ZjX0BAAAAAAAAAAAAAICDgwpgAAAANBGplspmE6uwNQNaPQMAAAAAAKD5oAIYAAAAAAAAAAAAAFoIKoABAADQoI7o3q2xLwEAAAAAAABoNagABgAAAAAAAAAAAIAWggAYAAAAAAAAAAAAAFoIAmAAAAAAAAAAAAAAaCEIgAEAAAAAAAAAAACghSAABgAAAAAAAAAAAIAWggAYAAAAAAAAAAAAAFoIAmAAAAAAAAAAAAAAaCEIgAEAACDDMGrdFgTBIbwSAAAAAAAOjr2NZ/c2DgaA5o4AGAAAANUYhhEurus29uUAAAAAALDPXNfNGt8CQGtBAAwAAIBQTQNiAmAAAAAAQHNU03iWIBhAa0AADAAAgCxVB8MVFRW0gQYAAAAANCtBEKiioiJrHeEvgNaCABgAAACSsgfCmS2yfN9XaWlpI14ZAAAAAAD7JpFIyPf9GltAEwQDaOkIgAEAAFqxuga96UFyWVmZHMc5RFcFAAAAAMD+c11X5eXl9Zr7lzAYQEtEAAwAAIBQ5iejqy47d+7U7t27G/sSAQAAAACo1e7du1VUVLTX8S0AtHR2Y18AAAAAmgbDMLLm+q1pkJxIJFRRUaF4PC7bthWJRGSafKYQAAAAANA4fN+X4zhh1a/rurIsa6+hLyEwgJaOABgAAABh+Fvbp6NN01QQBDJNU67rqri4WL7vKwiCrAUAAAAAgEOhpnFrekl/v7cKYEJgAC0ZATAAAACy1DSIllQt4DUMIysETiMIBgAAAAA0lMzgNnPcWjUEzgyDaf8MoLUhAAYAAGjlMls/760SOLPVczr8Te+fvj3hLwAAAACgoWVW8dYWAten8pdAGEBLRQAMAAAASdnhb/r7mub3rSn8JQAGAAAAABwqNQXAe6sEpv0zgNaGABgAAADVqoCr/psOgmsKf9NtoCUCYAAAAABAw6s6Xq0tBK6tCjjzGADQEhEAAwAAIFRTEGyaZrjO932Zpinf98N9Mm8jEQIDAAAAABpOTXMA11QJXFPlb9XbA0BLRQAMAAAASdVbQGdKr88Mg9MVwHsLgAmDAQAAAAAHqrYAt2or6MzQN3M9LaABtDYEwAAAAAhVDYEzg9901W96v8w20Hs7HgAAAAAAB0ttFcBVv0+HwZnrq94eAFoqAmAAAABUk9kGuqa5gSORSLUBNQAAAAAAh1oQBPJ9X0EQyPM8STVXCdfW8QoAWiICYAAAAFRTta1zmmVZsm3eQgIAAAAAmgbDMGRZliTJtm25rpvVwSpzPwBoLfjrHQAAAEJVQ9/MeX5t22bADAAAAABo0mzbDquBq3a0kqgEBtA6mI19AQAAAGh6qs7tmzlfEgAAAAAATVnVMWzVMS4AtHQEwAAAAJC0p/o3PTDOrP5Nt9MCAAAAAKA5SI9jq45x0+sAoCUjAAYAAECophCYyl8AAAAAQHNkmibhL4BWiQAYAAAAWQPgqiEwATAAAAAAoDkyDKPW8JcgGEBLRgAMAAAASTVX//q+L9PkLSMAAAAAoPkxDEO+71MFDKDV4a95AAAArdzeqn8ZFAMAAAAAmqvMCmCqgAG0JgTAAAAACGUOjAmAAQAAAADNHeNcAK0RATAAAACqfRo6swU0AAAAAADNVU0toCWqfwG0bATAAAAAqBGfjAYAAAAANHc1jW0Z6wJo6QiAAQAAEKItFgAAAACgpWGsC6C1IQAGAABoxWob+Ga2gwYAAAAAoLmqa3zLuBdAS0QADAAAAEnVB8V8MhoAAAAA0NzRAhpAa0QADAAAAAAAAAAAWjyCXwCthd3YFwAAAICmoyE+Fb3hy40yDEOSZBhGgw24faPm9ab87BVBXZ+BrLrdr3Gv8HBBEN4/Sep+eNc6jg8AAAAAOFRqGudmjuEAoCWiAhgAAADVNET755Y6wG6p9wsAAAAAWgqmOALQ2lABDAAAgAYdCB+qgNSs7S4cwnyWMBgAAAAAmgcqgQG0ZFQAAwAA4JDKHGC3hMG2YRjhAgAAAAAAADQ2KoABAABwyB2KEHjPUa2s9UEdp/ON7FJis64bAAAAAAAAAE0IFcAAAAAAAAAAAAAA0EJQAQwAAIAGd0BVvoaf/X1Q82cYqdMFAAAAAAAAqAAGAAAAAAAAAAAAgBaDABgAAAANKgiCuneqx+0NWTIq5/MNgkCWZckwjD3VxYYhGYY835fn++H3hmHIsiwFUmp9Jd/3q55KkmQGqQUAAAAAAABojgiAAQAA0KRFIhEFQSDP8+Q4jkwz9RY2CAI5jhMGua7ryvM8RaNRRSIReZ4XrnNdV77vy7Zt+b6vIAhkmuaBtaYGAAAAAAAAmiDmAAYAAECT5jq+DFnyA0/xeFye58nzPAVBoFgsJs9LlevasVRQXJZ0siqEbdNQMplUJBKR67qpauDK7RUVFbLtmt8SUwUMAAAAAACA5ogAGAAAAE2a67qKRqOybVuJREJ5eXlhW2jHcWRZqWBXCmTbtuLxuGzblmma8jxP5YlSGcaeEDgdHgdBoGg0WmsraAAAAAAAAKA5IgAGAABAkxaNRGRISiaTysnJUTKZlO/7ikbjknx5CpTfto127SzWurVrtKukWOXl5fI8T7FYVO3attXhhx+uTp06KZFISJYpQ5IRpAPk1LzCe5pBZwfCAbOmAAAAAAAAoBkhAAYAAECTlq7WTc/fa1mWLMuS4zjKzc3VtqIdevfdd1VSvFsFbdvINE1ZlqVIJCLHcbRz506tX79eQRBo0KBB6tWrh5LJpALXC+cTbkxz3v9Mv/77v7V45ZfKz4nqwlMG6f4ffl0d2+ZW2/fi2/9Hk+cu1U0Xj9affzKu1mNecOszmr5ghf55z3d12VlDJUmrN2zX0Rf/tzq0ydXWmXdLkj79YqvufHymCt9frbIKR0P6dtMvrzpdF4wZJEm67jcv6Olp79Z4jl2z79Hx3/+T1ny5I1x3WPt8jTq2l37zw3M1oPdhNd7uHzMW64Hn52r1hm06vFMbffec43XnVWcoFmVoAgAAAAAAcDA0/l+8AAAAgL0wDEO+78vzAhmGJcmU43jq0LmTFn/0od5/b7Es01Z+mwIlk0lJkm9IZRWObNuW53kqKChQu3bttGbNGhUWFoZVv41t1qJPdc4tf9ebH36uDm1ylSh39OTUd3TqDY+ptNzJ2jdRltRrC1dKkl4o/Fi+f2CTFG/bmdAp1z+mF+d8rHb5ORp8ZFe988l6ffNnz4XnSevdrb1GD+mVtVjWnqHE0P7dNHpIL5mmoanzlumMm/6mHcWl1c75ylvLdcWvJ2j1hm065bgjlShP6jfPFuq//jbrgO4LAAAAAAAA9iAABgAAQJPm+75MywqDYNd11aZ9O02bNk2JREL5+fnyPE+2bSsvL0+eUsFoLBZTEASy7Igsy1JFRYVycnIUjcb12muvyTBSx6z+lvjQvEUOgkA3PThFnufrjz++UGun3K6Nr96lUcf20oq1W/TQv+Zl7T/treUqq3BkGIY2bS/RvA/XHND5X3pjmbbtTOi0YX216oWf651nfqQ/3HKBJOmPVc79o0vG6M0nbsxacmKRcPvTd16iN5+4UZ+/dLuGHd1dm7aX6JW3llc759tL12nQkV30zF2XatbD12nuozdUXsvSA7ovAAAAAAAA2IMAGAAAAE1aoFRYKkmGbSm3IF+LFi2SIVOmZcsLfMncEw6bgWQGknxXUipA9gPJMC25ni/DtNSufUfNeWOe7FhcgWHK8QP5gSHDNBVI8gNDgUz5gVHrdR2oDz79Sp9t2K7DO7fRTd8eLUnKjUd051VnSJImzV6Stf+k2R9Jkq698MQat++r9GNaWp5U0vEkSVeed4Km/v5K3VF5DfsqGrF08pDekqT1W3ZV237fDefq4//9SdiW2q+8hswwGQAAAAAAAAeGABgAAABNmm3bchxHVjQi13W1bt06FRUVKScvV77v13l7wzDCOYSDIJDnebIsW7FYTO+/t1jxeFyWaYfVwI7jhHMDN+QcwcvXbpEkDT6yi0xzT9B8bL+ukqSV67aG63aXVui1hSvVJi+ue68/V5Zl6sU5H8vz6r7/tRk/9hh1bJurdz5ZrwGX/l6/e36OHNfX+WMGauzxffbrmBVJV28t+VyS1O+IjrXu948Zi/WdO/+pM2/6m+IxWw/85zf263wAAAAAAACojgAYAAAATZrjOIrH4yorK1NOTo6WL1+ueDwux9kzR24qvK2ZYRjyPC/82jAMOY6jWCymoqIibd68OQyHpVTomz5eel1D2LW7XJLUriAna32HNrmSJMf1wnmAX37zE1UkXZ0z8ih1bp+nMUN7a2tRQnMX738b6M7t8zTn0Rs0fOAR+mLTTt3x2Az1HHe/7n+2sNr9vvXP02SNui1cnn31vaztV983Uadc/6j6fOt3+mDlVxrcp4vGnTK41nO/v3yDJs5eos07dqtX1/bq3a39ft8PAAAAAAAAZCMABgAAQJPneZ5yc3O1Zs0axePxcM5f3/f3Gv5mSlcL27Ytz/NkGIby8/P16aefKhKJyPd9BUGgaDQa7tuQAXCbvJgkqai4LGt9+nvLMpUbT7VGnvh6qt3zeScPlCSdP2ZQ5fqPDugaBvfpokVP/0iFj16v75x9nFzP1389MVOPTX47a7+BvQ/TN0YPCJceh7XL2v7Rqo1asGSdNm0vUZcO+XrziRsVj9m1nvePP75Q5W/+Rs//6jKtXLdV37nrfw/ofgAAAAAAAGAPAmAAAAA0aZZlKQgCBUGg9evXy7btcJ1lWfU+hmmaWSGv53nyfV+JRELl5eXh9vR6qWFbQB/ds7MkaemaTVmtnJeu2ZS1vThRrpmLVkqSrrxngqxRt+lnD78iSZo8d6ncGtpAF+SmwuWyij1V0umv08Hss6++p1///d9asXaLxh7fR//49Xf0+G0XSZL+NeuDrONdO26Epv3hqnA548R+Wdvff+4WJeber8Pa52vzjt1atmZzjfd53aYirVi7RUnHU8S2dPk5x6tj21wtWb1RJaUVdT5mAAAAAAAAqBsBMAAAAJo00zQVBIEqKirCts/pVs71qdBNt3w2DEOWZWW1jg6CQPF4XF9++aVs25ZpmvI8Lwx+G7ICePjAI9Snewdt2l6iv0xaIEkqr3D1m2cLJUnfPv1YSdLUeZ8o6Xjq3D5Po4f0Cpf2bXK0o7hUs99dXe3Yg/um5hGe9uYn8v3UfXj5zU8kScf0SW2b/9Fa3fPU63qk8tySlJ8blSQZql9VdaZ4zNaPLjlZkvTb5wpr3OfmP0zV4O/8QS8UpiqaN2zZpV27y5WXE1V+TnSfzwkAAAAAAIDqau/LBgAAADQB6UC2aOcuxeNx+b6fauPsp6qC69MCOl1BnA6OXddV1I7Isiy5rqutW7eqT+9eYUvpdOicGQYfbIZh6K8/G68Lbn1Gt/55mh6ZNF87iku1a3e5+vfopB9/5xRJ0qTZqTbPv7zyDN1cGbBK0t1/m6X7npmtSbM/0jkjj8o69g3jR+rhCW9p6rxl6vftB9QmN6aPP9skwzB02/dPkyT95LunatLsJXps8kIVvr9andvladGy9ZKky889Put4f31hvqbOW5q1btqDV1W7TzdeNEoP/M9cTV+wQktWb9SQft2ytl953nC98tZyXX3fJD376ntasnqjXM/XTeNOqncrbwAAAAAAAOwdFcAAAABo8izLUklJSRjIuq5b78DQ8zzFYqmWyI7jKBKJhC2kk8lk2BbaMIzw+Ol/GzqUPHvEUZr1l+s0dlgfbd5RotLyVHVyjy7tFATSrt3lmrVolSTp/Mr5f9MuPDU1D/BLbyyT43pZ2zq2zdX8J/9T4087RuUVjlZ+sVUnDeqhVx+6WqcN6yspNa/v20/dpIvPGKJtOxN6f8WXGtCrsx7/xUW6fvzIrOOt+XKH5n3wedZSU+vpdgU5+sG4kyRJv3tuTrXt4087Rs//6jId3auzFixZp4LcmO6+9iz99v+3d/dBkpz1fcC/3T0z+3Z7OqFTpJN0QpaQQLwYzEtAkNjG2CriokjZqQQqdkIwJDEvSXAKu5IqkmBi/4ENxoUj4mAwJilc5RcwhgByjFVIjpAEQkLiRSf0wpuExMFl723vdmd6uvPH7oxuT7rT6d52Nfp8rrp2r5/u6Wf6r+n9zu/3vPFnj+f2AQAAAPAIivZU9rUD2MAWFxfXewoAp8Xc3NwRx0YfBUchaNM043VwR9uZZ555Qte/7/4HTqiKtq7rzMzM5I5v3JWdO3em11tpFdy0OaYK4LZt17R0Hp1TphiPHTx4MFf+9MuyuLiYtn0o/D2ej8rnbTvnsb/JVfsOLOfVb/tIrr7hzrz8iqfmU7/zS8f9WgAAACQLCwupqmq8lWU5fuYbPSvqSARsRHv37j3uc7WABgBgQ+t0OuPQdlS5myRFceyh8qFB7ujBfrSv3++n1+ulaZrx9eq6TrfbfUyVxifD/OxUPvHb/yK/+UfX5LWveP5puy4AAAAAk0MADADAhjZqzdzr9cYVvG3bpqyOLQA+tJL30DD30FC40+mM1/8dvf7omNP9TfCqKvOfX/fTp/WaAAAAAEwOawADALDhNU2TzZs3p9/vr6ngPZYWzUVRjLeRQwPhTqeTmZmZcQBc13Wqqkpd1yfUuhoAAICj239gOX/vX70vL/mXV2X/geX1ng7AxPAXLQAANrRRWLtly5aH1u8ty2Ouzj08JD40/C2KIktLSznnnHPGLaCrqhpXAldVdZLfDQAAAElSD5u86m0fyQ1f+XZu/Op38qq3fST1sFnvaQFMBAEwAAAb2iiw7Xa7mZ+fT13Xj9jS+dHOP/T3Q6uIB4NBzj777AyHwwyHw/Gaw4efCwAAwMnzhnd+LFffcOf4/1ffcGfe8M6PreOMACaHABgAgMeFwWCQ7du3p2maNQHtYw1pR5W/TdOk3+/n/PPPX7P27+j1y7IcVwUDAABw8rzjg5/NH37yiw/b/4ef/GLe8cHPrsOMACaLABgAgA2vKIo0gzoXXHDBuAV0VTz0UfZoIfDo+MOrhZumyfLyci6//PIsHVhMVVWpqiqDwWDl9atKBTAAAMBJ9qH/fXN+/QN/fcTxX//AX+ePPnXzaZwRwOQRAAMAsKGVq9W6TVOnf/BAXvSC52fv3t1p2mGKtCmLpCyStm3Stg9V7I4qfZOkrus0TZOiKFIVZdphkzTDPPPpl6dom/S6VdIOUxZtOlWVtmkybAYpLQEMAABw0vQHw7zxtx69zfMbf+svMqiHp2FGAJOps94TAACAoymKImnbTE9PZ3l5Od1uNy9+4Yty3fWfz9atWzMcDteEvYe2eG6aJmW58p3HsixXj036/X7OmN+Uiy66KEsHF4+rlTQAAACPTa9b5UP/6VW5+74fHvW4p154drod38gFOF4CYAAANrSmbdMmWVpaytTUVBYXF3PGGWfkRS96Ub7whS9k8+bNh4W+DwXCZVlmMBhkZmYmdV2n0+nk4IGV819yxYuze/fuFMVK8FtktZV0UaRNknEgXDzyxE6Cm++4Lx/4y5uysO9g/uQ3f3HN2G986G/y3z96Qxb2HcwLLr8gV/3qz+WZl5x70sb/8rqv5T++7zO59/7/l4vPf1J+45dfnp//yWeelvFBPcw7PvjZfPhTX8quvYt5ygVb89Zf+In8s3/w3JN3cwEAgA3p1T/z7PWeAsDEK1qlDsAT1OLi4npPAeC0mJubO+LY6KNg0zRp23ZcNTscDsfbmWeeeULXv+/+B8ZVuMeraZp0u90MBoNU1cq3wNuySr/fz4033riyfm+nk06nk6QYv59RCDwcDtPv9zMYDPKsZz4j27dvz96F3el0OhlNbRTzthkFwc3q/sf2rfPztp3zqMd88v9+Pf/l/f8nt931QJLkyhdels/87uvG4+/76A35N+/6eM46YzYXn39Wvvj172b7OVty15//Wrqd6oTHb7vrgbzgte9NVRZ5weXb88U7vpt62OT2j/z7XH7R3znl47/2e5/Ku//4umzdMpfnXHpervvyvekPhvnku1+bn33x0x7T/QYAADiahYWFlWfG1a0sy5RlOX5eTDLuKAWwkezdu/e4z7UGMAAAG1pRFOn1ejl48GCKokhdNxkOV8Lqqqpy5ZVX5uKLL85w2GT37j05cOBAhsNh6rrO0tJS9u3bm/379+WCC87PT/3US3PWWWflwIEDmZqaSlVV4xC8Xd1SNCnKdk1b6ZPtE9d9PTu+/YM872kXPOL4+/7880mSa67617nxg2/OP3nZj+a739+dv7j2aydl/A8+flOGwybv+revyHX/4w15z1temaZp89/+7PrTMn7bXQ/k6T9yTj7/B2/KX7339XnPW16ZJPn4tV89uTcaAAAA4AlIC2gAADa0uq7HYW+v18tgMEzbthk2zbgl9Pbt2/OUSy/LcDjMwsJC9uzZk6IoMjs7m82b5zM3N5elpaWVyuDVKud6OFytGM5h6/8+FP6eqmY5b/7HL8m7/90rcsud9+dlb3r/mrHlfp07vrUzZ26eGbds/snnXZI//Zvb87V7Hszy33/6CY3nZT+aW79xf5Lkx3/s4iTJS593SZLkq/c8mCSnfPyv3vv6Ne+5Wb3PM1Pdx3orAQAAADiMABgAgFOqKbJmGd3ysWaqVScpy1SdIgeW+ynLMjOzMymKIvv27cv+xcXs378/+/btT7/fH7d+HlXvNs0w8/PzKcsyc3NzOXvr1kxPT6dpVlo8N3UznlfTNElbJilWlwA+NRXAz7502xHH9i4uJ0nmZ6fG+87YNJMk+d4P957weJLs2b+05pgzNk2f1vGRt/3+1fn6N3fm6hvvzPZztuStv/ATR7wvAAAAABwbATAAABtaUays6dvr9dLtdvPggw9mx44d+eEPf5i2bVOO13GqxseXZTle07gsi+zcuXMcCu+44440TZPzzz8/c3NzufDClTbMRdOmbds1Vb+jMPl0Gq4G04+kHjYnPL5yjUdO4U/X+Minrt+R2+9eWQdBEqTsAAAL7UlEQVT5WZecmydtnj3i3AEAAAA4NgJgAABOqbJdCVePFKS2bZtut5u6blLXdaanpzMYDMaB7fz8puzcuTN33nlndu3albZJpqamMju3KcPhMGVZPuLrFkWRqqqSrLz+yOzsbNq2ze7du7OwsJC77rorW7duzUUXXZhzzz03e/bsSVkUKduMg+Rk5fe6rlOW5fj3TqczriQ+WTrVI7+fJKnK4oTHj3aNavVenurxkVv/11uyeLCf/3DVp/O+j96Qt/3+1XnPr7zyiPMHAAAA4NEd+a9DAABwGrRtm36/n6Io0uv1sry8nGq1qrcpkmuuuSa33nprdu3alV6vl02bNo3X7h39fKxGYXRRFNm0aVN2796d22+/Pddcc8242ngU/I7WAl5eXs7U1FTats1gMDhi8HyizjpjNt1ONW7lnCR79h9MkmyZnznh8STZtnU+SbJ3cWl1fGl1fPqUj7dtmx3f2pm779uVJJmb6eWXf/6KJMnf3vbNx3azAAAAAHgYATAAAOumbdt0pqbTllXqtskwbapeN72Z6Xxtxx255ppr0jZJtzeVqemZpCjTrwcZDOvUdZ3BYPCo1zhsCeKkKNKu/hxtm+bnU1XdJGVuuOGm3HLLl9ObmU1/2KRpmlRVlV6vl4MHD6Ysy/R6vRRFkbquT/o9KYoiz7j4nOzed3DcHvm6W+9NkvzYU88/4fFkpd1yknzulpX9166OP/c0jBdFkStef1Uuf9Vv5zsP7k6SfPXeB5Mk287afPw3DgAAAIAkSdEeusgZwBPI4uLiek8B4LSYm5s74tjoo2DTNOM1c5umyXA4HG9nnnnmCV3/vvsfGLdzfqTr94dNZmZmsrS0lE6nk6Io8rnPfS5TU1OZmZnJcn+QqqrStu245XOn00lZluO5Hs1q3JsjfegdDocrawivzm90Lw4cOJArrrgim+dmx8Fvp9MZt6fu9XpZWlpabTP9kPO2nXPM9+Zzt9yTl73p/bnyhZflM7/7uvH+D3/6S/ml//qn2bplLpdduDWfv/3b2bZ1c3b8yVuzaXbqhMfvuW9XLn/1u1KVRa541pNz09e+k+X+MDd+8M15/uUXnPLxt/zOJ/J7f3Z9zjpjNs+57Lz87Ze/mf5gmI+985/nH/74M475/gEAADyahYWFcZepqqrGy/oURTHu7HSkJYsA1tPevXuP+9zq7W9/+9tP4lwAHjeOpWoMYBL0er1HPWYUBLdt+7BtZmbmhK6/b9/+cQBcrF7j0IfrYjXcnZ6ezv79+3PjTTdldnY2KYoMBoN0Ot0Mh8PxWsFlWWY4HGYwGKRpmkd9UC/alRrg0b8Uo5rgla3X66WuhymraiUkbpKyKNPpdHPvvfdkdmY6W7ZsGYfPo8C5bduHhb9JMj+/6ZjvzbceWMj//PSXcskFZ+UXX/7c8f7nXHpeqqrMLTvuzz3378oLn3lh/vgd/zTbz9lyUsaftHk2z770vNxy5/257Rvfy5PPPTNX/erP5Wf+7qWnZfylz7skRVFkx7d/kB3f+kGe9uSz855feWX+0Uufdcz3DgAA4FgsLS2NQ99R8HvolgiAgY1peXn50Q86AhXAwBOWCmDgiWK9K4DvP6wCuDkkAG7bNkWnm36/n7quc/3112d2bi4zMzPp9/vjcPaR5jz6tnbTNEe9fnHYp932sOf6uq4zNTWVwWCQ4XCY2emZ8Xq/w6bO8oGDueyyp2T79u3Zt29fut1uOp1ODh48mKmpqYdd/7FUAAMAAHBqqQAGHq9OpALYGsAAAKyrwWCQqamp3HDjjXnSWWelqjo5eHApvd5UBoM6dd2kKKqUZSdNsxIAjx7YH63987FYCZnrcRVyXdcpiiLLy8vjqt+vfOUr+f73v5+5ublxK+put3tSrg8AAAAAJ5MAGACA0+bQYtxRJe+mTZty7bXXZnZ2NnVdj9faHYWyvV4vTdOMxw5dD/hkfEt7OBymaZpxoFvXdaqqWmk3XVTpzUxn0xmb8+WvfDWDwWBN1bRviQMAAACw0QiAAQA4pYZNkzZJUZbj6tpUZQ72B5me25Sbb7458/PzKcsqo8VJVtpxVSmKKk1TpyjarHTmata0gD4WbbF2O9woVB61cq66nTRpM2ybtEXSH9Qpq26mpmfypS/flplN8xk0bbrdqZU5Jms2AAAAAFhPAmAAAE6pTqczXqu3LMvU7UqIOz8/n8XFxezZsydLS0tJkqqqUhTFeD3i01FhOwqUD9832qpeN8t1nW63m/2LB7Jr1641cwQAAACAjUQADADAKdU0zThM7XQ6KYoidV0nSe6+++4URTFe0zd5KHwty6QsVyp9T+eWPPyaowC7qqrce++9mZ6eTr/fXxMet1nb4hoAAAAA1kNnvScAAMATw6FVvaNK34WFhUxPT6+MrQa/hx5/6M/10LZtmv4gVbeTuj/I9PR0du3atSbMTjtct/kBAAAAwOFUAAMAcFqM1tntFGU6RZl9+/blwIED4wrhNG3KrK0GHg6HKdKu31asrBFctkmnKjOsB6lS5PvfeyCdTmdcyQwAAAAAG4UKYAAATqlRBW9ZlqnrOm3bZjgcZu/evel0OllaWlpptbz63cS2WDlnpR1zm/Wurx3WTYqqTLm6HPH09HT27NmTbdu2rQbVGj8DAAAAsHEIgAEAOKVG1byj8LdpmpRlmfn5uTz1qZemLFdaKY/W/j00MC6KIhk2SZp1mXtTJGXZWTOvth5mamoqdd1PUbTiXwAAAAA2FAEwAACnVNM0qaoqSdLtdsf7p6enMzU1lU6nl6Z5KOAdBcajsLha74i16mQwGGRqairD4TBlu/KeDp0zAAAAAGwUAmAAAE6plVbOK8HuqIo2yWrD5yJtPUhxyJ5hu7bp86HnrIdmOExZlhkMBqsTWtfpAAAAAMBRles9AQAAAAAAAABODhXAAABsECstlcsNVmFbtlo9AwAAAPD4oQIYAAAAAAAAYEKoAAYA4JS64Pxt6z0FAAAAAHjCUAEMAAAAAAAAMCEEwAAAAAAAAAATQgAMAAAAAAAAMCEEwAAAAAAAAAATQgAMAAAAAAAAMCEEwAAAAAAAAAATQgAMAAAAAAAAMCEEwAAAAAAAAAATQgAMAAAAAAAAMCEEwAAAAAAAAAATQgAMAAAAAAAAMCEEwAAAAAAAAAATQgAMAAAAAAAAMCEEwAAAAAAAAAATQgAMAAAAAAAAMCE66z0BAAA2tm9+94H1ngIAAAAcly2bptd7CgCnnQAYAICj+pHt29Z7CgAAAHBcFhYW1nsKAKedFtAAAAAAAAAAE0IADAAAAAAAADAhBMAAAAAAAAAAE0IADAAAAAAAADAhBMAAAAAAAAAAE0IADAAAAAAAADAhBMAAAAAAAAAAE0IADAAAAAAAADAhBMAAAAAAAAAAE0IADAAAAAAAADAhBMAAAAAAAAAAE0IADAAAAAAAADAhBMAAAAAAAAAAE0IADAAAAAAAADAhBMAAAAAAAAAAE0IADAAAAAAAADAhBMAAAAAAAAAAE0IADAAAAAAAADAhBMAAAAAAAAAAE0IADAAAAAAAADAhBMAAAAAAAAAAE0IADAAAAAAAADAhBMAAAAAAAAAAE0IADAAAAAAAADAhBMAAAAAAAAAAE0IADAAAAAAAADAhBMAAAAAAAAAAE0IADAAAAAAAADAhBMAAAAAAAAAAE0IADAAAAAAAADAhBMAAAAAAAAAAE0IADAAAAAAAADAhBMAAAAAAAAAAE0IADAAAAAAAADAhBMAAAAAAAAAAE0IADAAAAAAAADAhBMAAAAAAAAAAE0IADAAAAAAAADAhBMAAAAAAAAAAE0IADAAAAAAAADAhBMAAAAAAAAAAE0IADAAAAAAAADAhBMAAAAAAAAAAE6Kz3hMAAAAAAAAA4Mhe85rXHHHswx/+8Jr/qwAGAAAAAAAA2MAOD3mPtl8ADAAAAAAAALDBHR72HikUFgADAAAAAAAAPA6MQt8jhb+JABgAAAAAAADgceNo4W8iAAYAAAAAAACYGAJgAAAAAAAAgAkhAAYAAAAAAACYEAJgAAAAAAAAgAkhAAYAAAAAAACYEP8fj7tIzOO6HkQAAAAASUVORK5CYII=' height='250' width='300'/> ]]>
  </system-out>
</testsuite> <!-- com.tribu.qaselenium.tests.mazaprendo.MACheckCourseEvidenceTests -->
