<?xml version="1.0" encoding="UTF-8"?>
<!-- Generated by org.testng.reporters.JUnitReportReporter -->
<testsuite hostname="station" failures="0" tests="1" name="com.tribu.qaselenium.tests.apimazaprendo.MACreateF2FLessonTests" time="34.823" errors="0" timestamp="2022-04-07T13:25:23 COT" skipped="0">
  <testcase classname="com.tribu.qaselenium.tests.apimazaprendo.MACreateF2FLessonTests" name="createF2FLesson" time="34.823"/>
  <system-out>
    <![CDATA[ <img src='data:image/png;base64,iVBORw0KGgoAAAANSUhEUgAABLAAAARMCAYAAACJcWqtAAAAAXNSR0IArs4c6QAAIABJREFUeJzs3XlYVGX7B/DvsCPIoiKLW4M74Iq4k6mor3smpuVS+iqWqWSZYqUpam6ViksJaSam5q5IpYCmCYoKbixqiaUIIuqwDwjM/P7gN+dlYBgGGJgxv5/rmgvmLM95Zs6c7T738xzR8OHD5aCXzvnz53VdBSIiIiIiIiJ6idy/f7/a8xposR5ERERERERERERaxwAWERERERERERHpNQawiIiIiIiIiIhIrzGARUREREREREREeo0BLCIiIiIiIiIi0msMYBERERERERERkU4dP35c7XgGsIiIiIiIiIiISGcUwSt1QSwjuVxeV/UhIiIiIiIiIiISlA1aHT9+HKNGjSo3HQNYRERERERERERU5yrKuFIVxNIogDVx4kRMmjRJK5XbvXs3fvrpJ62URbq3fPlyyOVyLFmyRNdV+dcTi8V488030bNnTwDAxYsXsX//fty7d0/HNSMiIiIiIiKqOlWZVhUxkMvlqOylreAVAEyaNKnS5fFV+y9tEIvFcHNzQ4cOHSAWi7VSJqnm5uaGb775RgheAUDPnj3xzTffwM3NTYc1IyIiIiIiIm0Si8UYP348LCwsdF0VvaJRACsnJ0drC8zJydF58IYv7QSwRowYofJ/0r7Zs2dXaxwRERERERG9OMRiMfz9/TFhwgT4+/sziFWKRk0Iv/rqK4wZM0YrCzxy5IjWAiikOxYWFhgwYIDwfsCAAdixYwdyc3N1WKt/J7FYDHt7+wrH29vbQywWsykhERERERHRC27hwoWwtLQEADg7O8Pf3x9LlizhtTY0DGBFRkYiMjKyDqpDL4r+/furHHbixAkd1ObfTZOIO6PyREREREREL67GjRvj8ePHWLNmDfz9/ZWCWCNGjMDPP/+s4xrqnkZNCHX1+v777xEWFoZVq1ZVOu3kyZMRFhaGbt26VXk5/fr1Q1hYGMaMGaPR9Nu3bxcyySp7tWnTBsOGDdP5d6ntJoSqmgxqqxlhdHQ0MjIycPjw4XLjGjZsCD8/PxgbG1dazujRo5GRkYE5c+ZopV668sorr1Q6jZ2dXbXK7tevH65fv46MjAwMHz5cadyECRNw7do1pKWl4fTp00p9bXXp0gWnT5/Go0ePcO3aNbzxxhvCuAYNGmDPnj1ITk5GUlISli5dKowTiUTw9/fHX3/9hdTUVAQHB8PGxqZWl1nZ5yQiIiIiItKl/v37Y9u2bejfvz/u3buHJUuWKHXlFB8fX2kZzZs3R0ZGhsrXnTt3KpwvIyMD4eHhAIA33ngDGRkZeP/99wFU7fq7qq5evarxS8FI67XQktatW6NFixaIjo5Gt27d0KBBAzx79qxWlhUXF4cvvvhC4yZYmzZtgomJiUbTTpw4EY0aNUJoaGhNqigQiUR11gSzcePGFfavpKpJm729Pfz9/VVOv3nzZjx+/LjSZXbu3Blt27bFqVOnMHDgQNjb2yMtLU0YP378ePj5+WHTpk0oLCxUW1Z0dDQmTpyIhISESperz/7+++9Kp0lPT69yubNmzYK/vz+SkpLKjXNzc8O3336L6OhoBAYG4uOPP8bu3bvh7u4OIyMj7N27FzKZDMuWLcP48eMRFBSEGzdu4K+//sLGjRsxePBgrFmzBu3atcOHH36Iu3fvIjg4GD4+Ppg7dy5++uknPHz4EJ988gny8vIwc+bMWlumus9JRERERESkS/3798fcuXMBQPh75swZLFmyBP7+/tixYwfi4uI0Lu/evXsIDAxUGpaXl6fRvBcuXMDEiROFgFlVrr/rgkZNCB0cHDBo0CCtLDAsLAyPHj2qdLpBgwYhNzcXAQEBCA4ORv/+/XHw4EFhfPPmzfHJJ5+gZcuWSEhIwD///AMAkMvlsLOzw969exEaGgpDQ0P0798fqampWLZsGSZOnAhPT0/cu3cPX3zxBZ48eQI3Nzd8/vnn2LJlCw4fPozdu3ejsLAQe/fuxfTp02FsbIxjx45h586dAIA5c+agQYMGGD16NAwNDTFjxgz0798fVlZWSE1Nxd69exEWFoYffvgBzZs3BwCEh4fD29tbWPFnzpzBhAkTMGXKFOTl5WHOnDno0aMHjI2NcfPmTXzzzTd48uQJBg0aBD8/PwQFBWHIkCHCuLpgYWGBDh06VGmeiqbXtInb+PHjkZWVhfnz5+PatWvw9vbGli1bAADr16/H1KlTAQAPHz7EtGnTcOrUKaxbtw5DhgyBsbExLly4AF9fX6SmpqJHjx748ccfsXjxYmzatAn169fH4sWLMXToUNjY2OD27dtYuXIlzpw5AwDo3r07li9fDjc3NxQWFuL333/HRx99VGuBU01p0ta5Ou2hCwoKMGDAAAwYMKBcxtLYsWMhEomwaNEiXL16FQ0aNMD8+fPRvXt3mJubw8HBAUuWLMG3336LxMREHD16FGPGjMHmzZsxdOhQnD59GuvWrYOZmRlGjRoFb29vBAcHw9vbG1lZWZgzZw5kMhleffVVjBo1CrNnz661Zar7nERERERERLpSOnilUDqI9d5771X5Wu/hw4f49ttvKxy/aNEiTJs2DQCwcuVKpQSZXr16YceOHVi0aBHatGlT7vpbVSupuqRRAOvrr7+Gg4ODVhY4ZMgQTJw4Ue00iqBTZGQkUlNTcePGDQwaNAgHDhwQplm0aBFatmyJTZs2ITc3V2gmJpfL8fz5cwAlzYa+//575ObmYuzYsVi/fj127dqFJ0+eYMKECRg/fjw2b96stMLkcjkKCwthb2+Prl27Yu3atZg1axYmT56Mc+fO4e7du0rTDh48GOPGjcPWrVsRFxeHN998E++99x5iYmKwfPlybN26FSkpKVi3bh0yMzNRWFiIRo0awcXFBVu2bEFOTg5mzpyJwYMHY+PGjcjOzsbnn3+O9957D8uXLxeinGPHjsWhQ4eQkJBQZxlY9+7dQ0BAQLkNqqoCAgI0ym4zNDSEt7c3QkNDcf/+fURGRmL8+PFCAGvDhg1wc3ODh4cHRo4cibi4OPj7++Ott97C/PnzIZFIsH37dqxcuVLYIEvbvHkzRo8eDX9/f8THx+OLL77AgQMH4OnpicTERPzwww949uwZ3njjDTRs2BBbt27FvHnzsHjx4hp9/pq6d+8e0tLSKuzIPS0trVoduG/fvh0AlDrjV2jZsiUACIFhRflt2rSBqalphePEYjGMjIyEcfn5+Xj06BHatGkDAGjVqhUePnwImUwmzNuzZ080a9as1pap7nMSERERERHpgqrglcK0adNw6dKlaiUqmJmZCYk0CpmZmcjMzMTQoUOxcOFCREZG4uuvv8akSZMgEolUlqPq+lvXNOoDS1vBKwBwdHSsdHnu7u6wtbXF1atX0ahRI8TExKBVq1Zo0aIF5HI5GjRogDZt2iAuLg7Hjh1DeHg4zp07V25ZycnJOHbsGPbu3QsAePr0KY4cOSK8b9asmVKfUKX/NzExQUBAAC5duoRffvkFQElfRGWDXYqmhC4uLrC1tcX69esxZswYPHnyBH/99Rfkcjny8/MRHx+PoqIiAEC9evWwevVqhISEIC8vDzt27MDYsWNx9OhRREREIDc3F87Ozkr1OX/+PPbs2YNr167VaR9YZ86cweLFi5Xa32oqJycHixcvFjKcKjNgwADY2dnh/PnzcHJywu+//46OHTuiXbt2AEqCF1lZWQCA2NhYSCQSLF++HG3atMH333+PQ4cOISsrS6nfJAVFxlx0dDS++eYbnDx5EqtWrYKRkRHGjx8PoGS9ODo6olOnTrh//z7EYrHOg1cKly5dqta46lJ0GKgIBhcUFAAo+Y4U2XSKYerGKcqoV68egJJMvNLjFP9bWFjU2jKJiIiIiIj0ibrgVU5OTo2eOtitWzfcuHFD6aVI+BkyZAgAYM2aNTh9+jQ+/fTTCstRdf2taxplYF27dg2dO3fWygIVARh1Bg8eDKDk8ZGlDRo0CIGBgUKnz8+ePRPKUvQBVDpA8+TJE8jlcmHFP336FHK5XAjGGBsbl6uL4n1ubi6ys7MBQJjexMSkXAArJCQEzZs3x5AhQ/Daa6+huLgYERERWLdunVIb0dLz5eXl4enTp8L7Tp064d1334WTkxNEIhFMTEyQkZGhNE9ycnKdZV6VFRcXJ7S/VQQZKqPY6KqSGTRhwgQAEDKuSg+vqOmXp6cn/Pz8IBaLYWBgAFNTU6XvVqFZs2YAgAcPHgjDHj58CABo0qQJgJL+yr7++musXbsWAHD//n34+vpqHICrTSdOnMDIkSMrHKdtit+8qakpcnJyYGZmBqBkuyguLgYAYVjpcYptTTFMUYZieG5urtI4xf85OTm1tkwiIiIiIiJ9oUnwqjotbBQSExOxYsUKpWF//vkngP89/EvRrdOjR4+E1jEvAo06cf/www+1GsBSx9zcHL1790ZsbCz2798vDJ8xYwYGDhyIwMBAZGRkACjJqlFo3LgxAOUAVtm/ChW9r2j6skqPLywsxIYNGxAQEICWLVvi9ddfx/Dhw3HhwgWVgQ+5XK70AzE2NsZnn32GZ8+ewdvbG3l5eUodviuWpbiA1xXFkxA0CWJVZ6OztLTEsGHDcPbsWWzdulUYvnjxYnh7e6sMYJmamiIoKAhpaWlo3749cnJylAJUpSmGK4JVAIS0SsW4qKgo9OrVC3Z2dujTpw/Wrl2LtWvXwsPDQ+PPUVseP36MuLi4ctllcXFxGnWOX1WKp1Q4Ozvj6dOnQvO+xMREIeNJLBYL0yjG3bt3D4WFhcIwCwsLODg4CBmSt2/fRocOHWBkZISioiK0bNkSubm5uH//fq0tk4iIiIiISB/UdvAKKEncqeghcopkDwcHB9y5cwdNmjSBgYFBjZZXlzTKwAKg9OjC2tSvXz+YmZnh1KlTuHDhgjC8bdu2mDp1Kjp37oyrV6/i7t276NChA0aNGoW8vDz07dsXAMo1kavO+7L/q2piqHj/3nvvYeTIkVi5ciXS0tLw5MkTAIBUKoVcLkdBQQGcnJzQp08fxMTElCvb0NAQxsbGMDY2RtOmTTFgwAAUFhbC2tpaaOKoqm66oOmGZGlpWeWNbvTo0TA3N8eBAwdw8uRJYXjnzp2xaNEieHp64o8//oBUKgVQki119uxZmJiYwMTEBK1atcLYsWNRUFAgNDEt7dmzZzh27JjQYfidO3ewaNEi5OfnY/fu3XBwcEBUVBROnz4tPDExLy/vX53F4+HhAScnJ7i4uAjvjYyMEBsbi4MHD2LevHlYuXIlTpw4galTp+LPP//ElStXYGRkhAcPHmDmzJkoLCzE+PHj8fz5cxw+fBhSqRQhISEYPXo0/Pz84OLiAiMjI+zZswcA8PPPP6Nnz57YvHkzHj16BA8PD+zcuRPFxcW1tkx1n7OigCcREREREZE21UXwCgCaNm0qNBksLTg4GGFhYZgyZQr8/PxgaGiIKVOmqI0zlL7+/vXXX3V+/aRRH1h1+VI0H7x48aLS8KioKACAl5cX5HI5VqxYgbt372LWrFnw8vLC0aNHAZRkNJWmqo8rdQErVe/VBbD27NmD6OhoLFy4ENu2bcPAgQPx7bffIioqCnK5HIcOHYKxsTHmzJkDa2vrcmXn5eVh69atMDIywurVq5GVlYWAgAAYGRnB19dXZV3qsg+s0sRiscZNCBWZMppS9EMVFhamNPzUqVMAgDfffBMAsGvXLjx79gwLFy6Ei4sLlixZAlNTUxw4cADPnj3DokWLYGJiIjQDLG327NnYvn07Zs2ahe3bt+PZs2d4/fXXkZSUhEePHsHPzw+urq747bffsGfPHvz111+YPn16lT5HbbGwsMArr7xSbvgrr7yi8RMey/rwww/x448/Ct+t4r2npydu3boFHx8f2Nvb4/PPP8etW7fw9ttvQy4vecjBxIkTkZqaiiVLlqBevXp45513hE7UP/roI/zyyy/w9fVF7969sXLlSuEJoj/88AM2bNiAIUOGYMaMGThw4AA+++wzAKi1Zar7nERERERERLXNwsJC5YPGAO0Gr4CSa8Tly5eXe9nZ2eHEiRMICAhA+/btsXXrVpw6dQrZ2dlC395llb7+7tatm1bqVxOivn376jath3Ti5s2bVZ5nxIgR+O9//6vRtNu3b6+Vvpmq4vXXX8fOnTuxePFibNq0Sad1qYn+/ftj/Pjxap9C+PPPP+tFX11ERERERERUnlgsLtclj7aDVy+C+/fvA6haK78uXboA0LAJ4bRp0yqMFlbVjh07sGPHDq2URXVL1dP9oqOjAQA9evQoN60uA1hisRjDhg0DAL14WkJVNW7cGG+++SZ69OhRadabvb095s6di2nTpiE6Ohr79++vlX6xiIiIiIiIqHrK9iv9MgavakrjAJa2TJs2Ddu3b9daeVR3XF1dhf9zcnKwY8cOIeunf//+mDZtmhBsKT2tLgwePBhjxoxBdHQ0jh8/rtO6VFXZ71JTlpaWGDhwIHr06KG0boiIiIiIiEg3xGIxhg8fjs2bNwtBrIULF2LNmjUMXlWRRt3NZ2dna22B2iyL6k7jxo2FgEpcXBw+/vhjpQDJmTNn8PHHHyMuLg5ASTBF8WRIXdi2bRvs7OwwZMgQZGVl6aweVdW4cWPMnTu3ysGr0iwtLTF37lydfv9ERERERERUkqAwcOBAzJ49G0BJJtZ7773H4FU1aJSBtWLFCkyYMEErC9y3b5/On6ZHVZebm4vo6GjExcVV2DTw8ePHWLx4MUaMGAE3N7d/9RP8apMiCEhEREREREQvNgsLC4SEhLCFjBaIevbsyWjSSygxMVHXVSAiIiIiIiKil0itd+JORERERERERESkKwxgERERERERERGRXmMAi4iIiIiIiIiI9BoDWEREREREREREpNcYwCIiIiIiIiIiIr3GABYREREREREREek1I5lMJrwRiUQ6rAoREREREREREf0baDthyqg2Cyf9xXVNRERERERERC8KNiF8SXG9ExEREREREVFdqWmrP6Nr165pqSqkC0lJSXB2dtZ1NaiGuB7/Pbgu9QPXA1WEvw39x3Wk/7iO6ga/ZyKqjkuXLsHNzU3X1ahQUVFRtec10GI9iIiIiIiIiIiItI4BLCIiIiIiIiIi0msMYBERERERERERkV5jAIuIiIiIiIiIiPQaA1hERERERERERKTXGMAiIiIiIiIiIiK9xgAWERERERERERHpNQawiIiIiIiIiIhIrzGARUREREREREREes1I1xUgopoJCQlBbGws5s6dC1tbW11Xh6pBIpFg7dq15Ybb2tpiwYIFOqjRy2vXrl1ITEyEmZkZXF1d0bt3bzg5Oem6WqRjUqkUoaGhSEpKEn4bAwcO1HW1SI2YmBgcPHhQaZi3tzfc3d11VCMiIiKqqSoHsCQSSbkTArFYDC8vLyQlJcHZ2VlrlaO6k5KSgqioKADgBdsLJCYmRlhvwcHBmDt3ro5rRNUhkUiqNJxqz7hx4xAYGIhHjx4hJiYGMTExvOglnDhxArGxscL71NRUyOVyeHl56bBWpI6q/Sf3qfpBKpUiMTERKSkpSE1NBQA4OjrCyckJ7du3h7m5uY5rSERE+qpaAaykpCSlYXK5HAAQFBTEE/0XkEQiQVBQEPLz8wEA8fHxzOZ5AZS9u5yamoqDBw/C29tbh7Wi6nB2doaDgwMePXqkNLx37946qtHLy9zcHD4+PkIQCwAOHjwIW1tb3qB5SUkkEqXglUJsbCwDWERVFB4ejsjISOGcU0FxbWFmZoa+ffsyw5GIqI4kJydDJBIBAOrVq6f3MQCt94F18OBBxMTEaLtYqkUxMTFKJxL5+fmIj4/XYY2oMqqaRgDAs2fPuP29oHx9fSEWi4X3AwcOxMiRI3VYo5eDVCotN8zc3Lzcd3/ixIm6qhLpGWZIEtWcVCpFUFAQIiIilM45bWxsYGNjI7zPz89HeHg4goKCVO6fiYhIux4+fIjk5GQkJyeXu5muj2qlDyzFhTUzsV4MqqKsTN/WXxUFr7y9veHi4oLAwEAhFZ9eLGZmZir/p9oTGBiIcePGldteUlJSlN6npqZCIpHo/V0pqjtdu3bVdRWoBs6fP4+CggLhvZmZGfr06aPDGv27BQcH4969e8J7sViMcePGCftUiUSCAwcOCNMkJSVh9+7dmDFjhk7qS0RE+qnWOnGvSRCruLgYx48fx7lz5/D48WOYm5ujTZs2GDdunFKGQnVkZmbi1q1b6NGjR43K+f3333H69Gn4+/uXG3ft2jXs2LEDAQEBNVpGXXF3d0dSUpLQRKJr1641Dj6+++675dLDAcDBwQEbNmxQO++ff/4JIyOjGq/rsqKiotCxY0dYWlpqtdy6pC54pVhnPj4+CAgIgI+Pj1YutnNzczFv3jw0bdoUS5YsqXF5qqSnp2P27NnYs2cPDA0NtV6+uu1VV5YuXap08VRWaGgoQkNDlYa1b98eU6ZMqdFy9+zZg1OnTmHhwoVo3759jcpSpfR3vXXrVjRo0AATJkzQ+nK05dGjRwgKCsKMGTOUglhlm8oD0FoAKzo6GiEhIfjnn39gYGCAZs2aYfjw4ejVq1eNyz58+DCOHTuGwYMHIzMzU2++f1XbuFwux7Zt22BsbIwpU6bA2NhYx7VUTVUwWXHxDUA4fkqlUri6ulYrsHXgwAH8+eef+PTTT5WGX7x4ETt37sR3331XvcpXUW3vi/VJ2f0rALUBrPz8fLzzzjv45ptv0KRJE7VlSyQSLFu2DLm5uVizZg0aNGhQ4/q+yMLDw5WCVzY2Npg8ebLSzVJbW1tMnjwZAQEByMjIAFCybYWHh1e5qW5tn7e8aOf5RETaUlRUhOzsbJ3e0K3VpxBWN4i1ceNG/P3335gxYwbatGmDgoICnDx5EkuWLMGqVavQtGnTatfpxo0buHbtWo0DWL1790a3bt1qVIY+cXd3FwJY2sqc8/PzQ+fOnas83+nTp9GqVatyASxFX2uKNrpVtW/fPjg7O1cpgCWTyWBgoPWWttWiSfAKKMmemzx5Mg4cOAAvL68a99vz+++/o1+/foiJiUFqaiocHR1rVF5ZMpkMDRs2xLZt22rtgkkft1d1wauKqAoKV0VRURHOnz+PSZMmISwsrFYCWKW9++67Vd5+6nqbMzU1RX5+PoKCgjBu3DhIJBIkJCSoDGBpIyvu5MmT2LNnD9555x14eHjAxMQEly9fxrZt25Cfn4/+/fvXqPzIyEhMnz4dnp6eyMvL0+p3WZN9sKpt/P79++jXr1+t/w5rysnJCTY2NsJFNQCMGDECQEmfkbt37xaGJyQk4OHDhy9k89+62Be/LG7fvg2ZTIbAwMAqbS/6dM6hLVKpFJGRkUrD+vTpIwSvDhw4AJFIBG9vb5ibm8Pd3R0RERHCtJGRkUrTa6K2z1uIiF5GRUVFSExMhK2t7b8ngDV8+PByF1hVbb+emJiIy5cv46uvvhLucJmammLcuHFwcHAQ7tCmp6djx44dSElJgUgkgpubGyZPngxTU1PMmTMHw4cPR0xMDLKzs2FsbIyPPvoIKSkp2LlzJ4qLi7FkyRL4+/tDIpFg+/btSE5OhoGBATw8PPDmm2/C0NAQ3333HSwtLZGeno5nz54hOzsbPj4+cHFxQVRUlJBlkJWVhS1btuDBgwewsbEpd6F88uRJnDx5EjKZDGZmZpg0aRLc3Nxq8E2/+DIzM7F161akpqZCJpOhadOmeP/99/H777/jjz/+QExMDB4+fIj//Oc/+Pjjj/Hmm2/iyJEj+Oqrr+Dn5wdfX1+4uroCAHbu3AmZTIZp06ahsLAQwcHBuHLlCoqLi9GnTx9MnjwZ69evR1paGlauXIm33noLly5dQpMmTYQ76JcvX8a+ffvw9ddf48yZM7h48SKMjY2Rnp6ONWvW4Nq1a/jpp5+Ql5cHQ0NDjBkzpsYXmlUVEhJSblhFD01wcnKCra2tkFlSkyBWREQE5s2bh/r16yMiIgKTJk0CAKSlpeGjjz7CpEmTcPnyZUgkEnTo0EEIWqSlpWHbtm1IS0uDTCZD9+7d8e6770IkEmHLli2wsrLC9evX4eLigpEjRyrd9T9z5gxOnDiB4uJiWFlZYerUqRCLxXj69Cl8fX0xffp0/PHHH5BIJBCLxZg9ezZEIhGePn2KoKAg3Lt3DyYmJvD29ka/fv2UtlcAOH78OMLCwoTy//vf/6J169bV/o5eFJcuXULr1q3Rr18/HDhwADk5OUJA97vvvoO5uTmePHmC1NRUmJiYYOrUqThy5AgeP34MGxsbfPLJJzA1NcXmzZthYWGB9PR0ZGRkoKioCDNnzkTLli2Vlrdz504hA6iwsBBBQUGIj4+HTCZDixYt8P7778Pa2lrlNldXXF1dERsbi/z8fAQHB9fqsgoKCrB3715MmTIFAwYMEIb37dsXNjY2MDIqOSQ/f/4cu3fvxo0bNyCXy2Fvb4/p06ejcePGOHfuHP744w80b94cd+/exbNnzzB06FAMHToUX331FVJTU7Fnzx48ePAAGRkZwvev2Oc+ePAADRs2RN++fRESEoLNmzcjLCwMkZGRWLp0KYCS7IVp06bh+++/h1QqLbcPLiwsrHDbrmgf/PTpU6VtvKLjYmXbuK706dNHyNgxNTUVsvXCw8PLTRsVFQUvLy+tN8Wv6LhpbW0NHx8ftcdFTbe9+fPnK62nhIQEBAcHC8HQQYMGYdiwYQBKbjYdP35cCLqMHDnypep4u6JzxOLiYuzcuRM5OTmYN28elixZguLi4grPWcseD1u1aoVz586hSZMmuHv3LjIyMjBz5kxERkYiOTkZeXl5mDdvHpo1a4bCwkLs3btXuAHZokULTJ8+HfXr11f7e6lLCQkJ5a4NHj16hIiICKUHJHTt2hXOzs5wdnZWCmDl5+cjISGhSjdXVZ235ObmYubMmVixYgVeeeUVACX9vixYsACBgYGYN29ehdtQZef5L+s5BRGwXag4AAAgAElEQVS9PBTBq7y8PACqb2bWr18fVlZWtV4XrdzmycjIwL1799CkSRO0bNlS6VVZmnVZN2/erHA+T09P2NvbAwA2bdqEZs2aYePGjVi3bh0ePnyII0eOAAAMDQ1x48YN+Pn5YfXq1TA3N0dYWBhcXV0xaNAguLu7CxeymzZtQqNGjbB+/XqsWrUK8fHxwoHT0NAQUVFR+O9//4vly5ejf//++Pnnn8vVa//+/TAyMsKWLVuwdOlSXL9+XenzHDx4EJ999hk2bNiAt956C1999RWys7Or9L1ok0Qiwb1795ReiscYAyV9vZQdX7Y/mJr65ZdfUL9+fQQEBGDTpk1o27Ytrl27htGjR8PZ2Rnjx48XmpQ8f/4cBQUF2L59e6Vp+EePHkVKSgo2btyIDRs24ObNmzh16hR8fX0BAJ999lmlT3YzMTFBYmIiBgwYgDVr1qCwsFBYd1u2bMH777+PwMBAZGVlae370MSUKVOUOjpV98TPmJgY4aSwJp2gJiQkwMLCAs2aNUO/fv1w/vx5FBUVAQAMDAxQVFSE58+fC9mRsbGxiI6OBgB8//33cHZ2xpYtW7B27VpERUXh8uXLAABjY2NcuHABfn5+mDZtmtIyExMTERwcjAULFmDDhg0YPnw41q5di6KiIhgaGqKwsBCZmZlYvHgxVq5cievXrwsPHdi8eTOcnZ3x3Xffwc/PD99//z0ePHigVP6dO3dw+PBhoYlbt27dEBgYWO3vSFdCQkKwaNEilVl5FQkLC8PAgQNhbGyMnj174uzZs8I4Q0NDXL16FbNmzcK6desgl8sRFBQEX19frFu3DhkZGbhy5QqAknUfHR2NWbNm4csvv8SAAQOwZcsWtcs+ceIEUlNTsXHjRmzevBnFxcXCPrvsNleXqtLnTVBQUI32hX/99RekUik8PT3LjXNzc0O7du0AAEeOHEFycjLWrVuHjRs3QiwWY/PmzQBK1lN8fDw8PDywdOlSzJkzB8HBwSgsLMT8+fPRuHFjTJ8+HW+//bZS+QcOHIChoSG2bNkCPz8/nDlzRqNMD1X7YHXbdkX74NLUHRcr28Z1RXFRC0CpqWlFnZ2WPqZqS0XHzcpUd9vLycnB2rVrMWHCBGzcuBGff/45Dh8+jJs3b6KgoACBgYFYtGgRAgICsHjxYly5cgWFhYVa/9z6qqJzxA4dOmDy5Mlo2rQpNmzYgAYNGqg9Zy17PDQ0NERiYiIGDhyIFStWoEePHli3bh1Gjx6NFStWwM3NDb/++isA4NixY7hz5w5Wr16NDRs2wMbGBtu3bwdQ/d+LtqnaZ8bExCA8PFx46IwieFXR9FXZ71Z03mJhYYHu3bvjzJkzwrRRUVHo1q0bLCws1Jap7jz/33JOQURUkbLBq7y8PKHT99Kvhw8f1kl9tJKBJZFI1O6sq5IBkpubW2lKWlZWFm7fvo158+YBKDn4v/baawgNDRX6+ujdu7eQAi8Wi5Genl6unOzsbMTHxwt3dk1NTTFw4ECcPXsWgwcPBgB07txZiCS+8sorOHnyZLlybt68iQkTJkAkEsHExASvvfaacGJy6dIleHh4oGHDhgCATp06wdLSErdu3YKHh4dG34m2SKVS7N69W2XTmNIqetqWo6MjZsyYofFd5bVr15aLzk6YMAEjR45Ew4YNER0djdjYWLi6umLMmDEqy1DM7+npqdHd94sXL+KNN96AsbExjI2NsWzZMiGroSosLCyEfkyMjY2xdetW4XO3b98ehoaGePz4cZ1EmRWcnZ0xd+5cnDhxAhkZGXBxcVE5XemmhjY2NkoXXlUVHh4uZIpYW1ujVatWuHTpklIQUHExbmZmhk6dOiE+Ph69evXCJ598Iqyz+vXrw9nZWbioE4lEcHFxQaNGjcot88KFC+jRo4cQrO7Rowd+/PFH3L59Wwhsv/rqqwBKmks6ODggPT0d2dnZSEhIgK+vL0QiEZo0aYKtW7eiXr16uHv3rlB+69atheFAyTZ+9OjRan9HdSk1NRUJCQmIiYlBQkICgJL1bWNjU2kfIampqUhPT0eHDh0AlDzlUBEgVOjYsaPwO2/SpAmsra1hamoKoOSi/enTp8K0Xbp0EbK3evbsiR9++AGZmZkVLn/UqFEYOnSosD26ubkJnwFQ3ubqkpOTE7y9vTUKBCqaGpbtL0tTOTk5sLCwgImJidrpoqOjhf0YAAwaNAhHjx5Fbm4uAMDOzk4IdonFYhQXF0MikaBx48YVlnnz5k28/fbbEIlEsLCwQJ8+fRAWFlZpnVXtg9Vt2xXtg0v/NtQdFxVZC6q2cV3ShycOanrcLKu6297NmzdhbW2NTp06Cct3d3dHTEwM3NzcYG1tjfDwcPTv3x9OTk5YuHChFj7li0WTc8TKzllVHQ8dHBzQvHlzACX7YicnJ6EZXJMmTXD16lUAJdvb6NGjhebNw4YNg6+vL4qLi6v9e9G2yoK5Xbt2FbLhpVIpoqKiqlxGaerOW1577TVs2LABkyZNgrGxMaKiooSscnXUnee/yOcURESVKRu80ge12gdWdVhZWeHOnTtqp1GcCJcOHlhZWSn1T1E6yCISiSCTycqVo5h+8eLFwjBF+q+qcgwMDFSWk52drdSvUv369ZXqWvZCp2xd60pkZGSlwSt1UlNTER4ernHfHgsWLKiwD6zBgwdDJBIhJCQEGzZsQMeOHTF16lThgqYsTQNFGRkZSt+/4oSiuLhYo/kVyqbYnzlzBhcuXBD6gCkqKhL+r0vm5uYYN24c4uPjERgYiJEjRyoFh8v2k1XVjk9Ly87OxqVLlxAbG4sff/wRQEn/HHl5eUoBrLLft+JCMz4+HidOnIBUKoVIJEJqaqpSXzcVrdOMjAzcuHEDN27cEIYVFBQgIyNDCGCp2i4V21Tp+pT+XyE/Px/79u3DX3/9BaCkuZYu1mV1VNTMTZPtOiwsDBkZGZg6dapSeYmJicJ6Kd3Hk4GBQbn3pfd/qraznJycCpf/6NEj7N+/H+np6RCJRErrEyi/zdUld3d32NraIiQkpNLHB9ckiGVtbY3c3Fzk5+er7U8rMzNTaftQfNeKY1/Z4xsAlcem0soep9QFu1QpXR9123ZF++DSNDkuanLsrSulM7MBKNXT1NRUZX92Ve0vraLzFEXmKVD146ZCdbe9sr9DoOS3+PTpU4hEIixduhQhISFYsWIFDAwMMGbMmJeqCSGg2e9Uk3PWst+zpvvijIwMBAcHY9++fUrzZmRkVPv3UpdMTU2F/uQUN1lrEiyu7LylQ4cOMDMzw5UrV+Do6IicnByN+mpVd57/Ip9TEBFpojr99tYmvQtgderUCfv370dSUlK5rK2jR49CLBYLwzMyMoQDcVZWVpU7E1M0R1u9erXKC11NWVpaKl24lT74lu34tbp11QbFRa6Dg0O5IFRKSorQv8fw4cPLXVwoLuy02Sxi0KBBGDRoEKRSKbZv345du3YJdyjLKp19VbbZi1QqFbJErK2tle70Z2Zmori4uNwJuoGBgdIJhrqockxMDA4fPoxVq1ahcePGkMvlmDx5suYftBa4urrC2dkZwcHBcHJywogRI1R28l6T5oNnzpxBr1698MEHHwjDZDIZZs6cidTUVOFufmZmpnDnODs7G1ZWVsjOzsa6devw0UcfCX1FrFy5Uqn8ijLqGjRogFdffbVc00IAagO/inVcer+QlpZWrtP+AwcO4P79+1iyZAnMzMxw584dLFu2TO13UVcU+zepVIqkpKRKgymaKiwsxNmzZ/H1118LmW1ASROT8PDwanWiXXo7UzSJVhdo3rRpE1xdXfHhhx9CJBLhyJEjSExMrPJya4uzszN8fX0hkUggkUiEC8bAwMByB+7qBrFatmyJevXqISIiQinzDQBiY2OFzr9tbGyUvl9Fc2VbW1ulJ3lVhYWFhdJ+rnRGk6p9almK7bWybbuifXBp+nRcVOf8+fOIiooqd0EtkUgglUphbm4OZ2fncr/j0n1kaaphw4ZISUmBXC5X2jfev39fKdhY0XFT3XGxutte2d8hoLyeHB0d4ePjAwC4desWvvzyS7Rt27ZGD9qpqrJPczUzM8MXX3xRZ8vXhKLpv7pz1ur272Zrawtvb+8KH0xUlfOs2uLo6FjhfsvJyUmpM/eKbsZo2gl7Zectjo6O6NevHyIjI+Hk5IS+ffsKAWJ125C683x9PqcgIqopIyMjuLi4ICEhocoJIbVF7x510qpVK3h6emLt2rW4fPkycnNzIZFIsHfvXoSEhMDBwQH169dH+/bthVTtwsJCnD59Gt27d6+0fCMjI6EZhoWFBdzc3ITOseVyOY4ePYpz585Vqc4uLi74448/IJfLIZVKlfqV6dGjB65cuSI0vYmNjUVeXp5On7qkOOku/Sp9su3k5FRuvLY7o/3uu++EO9rm5uZCYAhQXkeqNGzYUOjXKDMzU6kvgu7duyMsLAwFBQUoKCjAmjVrEB0dDQMDA4hEIqHcRo0aITk5GUBJdpaqlHWFrKwsWFtbw87ODnK5HIcPH4ZIJKrxE+FqytzcHD4+PrCxscHGjRtVNoEKDQ2tUh9JCnK5HOHh4eX6C1M86KB0NsLp06cBlFzYXrt2DW5ubsjLy0NxcbHQqXdMTAz++ecfjb6znj174uLFi8IF9uPHj/HNN99UGv23srJC27ZtERoaCrlcjrS0NCxcuBBPnjxRmi4rKwtOTk4wMzODVCrFr7/+iuLiYp333TJjxgz4+PjAy8sLI0eOhK+vr8psBgcHh3LDKsv2uHDhAuzt7ZWCVwDQq1cvXLp0SW3mVEWuX78u7NfOnTuH5s2bq70RkJWVBWdnZyFj58KFCzrfhlSxtbUV9olOTk7w8fERLmJKUwSxqtI3i7GxMSZPnoy9e/ciNDRUCIScPXsWmzZtEgIVPXr0QEREhPCbPHnyJNzc3Gq0H27bti2ioqIgl8uRl5eHCxcuCOMaNmyIR48eCctTdwysbNuuaB9cmj4eF8sKCQkR1pEqiiZ4ffv2LTdO1bDKdO/eHUVFRQgODkZ2djYKCgpw8eJF/Pbbb0KwU91xU91xsbrbXocOHYT9OlAS9IyNjYWHhwf++ecfLFu2TNh3NGnSBEZGRnWeeaIquKxvanLOWpmePXvi5MmTwvdw9epV7Nq1C4D630tdUhfMzcjIQEREBCIiItTesNEkIKzpectrr72Ga9eu4dy5c0JTZUD9NqTuPF9fzymIiLSlXr16cHFxEQL+JiYmaNKkSbmXqmuU2qB3GVgA8MEHHyA0NBT79u1DWloazMzM0LFjR3z55ZfCBdjs2bPx/fffC/3ddO3aFaNGjaq07C5duuDXX3/FrFmzsHnzZsyePRvbt2/HnDlzIJPJ0LJlyyo/XW78+PHYvHkzZs6cCRsbG/Tr10/oYNPV1RXjxo3DypUrIZPJYGFhgYULF1baYeS/werVq1UO37p1K4YPH47t27fj0KFDMDAwgJOTE2bMmAGg5IQsODgYSUlJePfdd8vNP2HCBOzYsQMXL16Era0tevbsKXQsPmbMGOTk5ODDDz+ETCZDjx49MGTIEIhEIvTp0wfLly/HuHHjMHjwYKxfvx6ff/45LCws0LFjR5VPk1LUJzIyEnPmzEG9evUwduxYvPrqq9iyZQsWL15c5QcVaFvfvn2FiykbGxshHV/xaHdFJ6ne3t4alxkXF4ecnBx07Nix3LhevXph48aNQnDF1tYW8+fPR05ODnr16gUPDw+IRCIMGzYMixYtEjpOnTRpEnbs2IFmzZqpXXa7du3w1ltvYdWqVSgqKoKRkRFGjx4NU1PTSjPK5syZg6CgIMycORMmJiaYPHkyWrRooXT3d+TIkQgICMCHH34IKysrTJs2DcnJyfj000+xbt06jb8jbSqdWVqal5eXUrDQwcEBvr6+SElJUcoMqqypaHh4OHr16lVuuK2tLcRisdLJuKa6du2Kbdu2ITU1Febm5pg1a5ba6d966y389NNPOHToEJo1a4YZM2ZgzZo1+OGHH9CmTZsqL7+uKIJY2srEGjBgAKytrXH8+HHs378fIpEIzs7O+Oijj4T+yV5//XXk5OTgk08+gVwuR9OmTSv9fiujOE598MEHcHR0RN++fYXjVMeOHdGuXTssWrQItra2QgBGVXMoe3t7tdt2Rfvg0v2nqTsu6qJ5vSqK/WZFYmNj4e7uDmdn53IZZRX1T6iOhYUFli1bhuDgYMyZMwdFRUXCeldkuqk7bqo7LlZ327OwsMCCBQuwa9cu7Ny5EwYGBnjrrbfQvn17yOVyuLq6ws/PD0DJjSdvb+9K9+8vq+qes1Zm1KhRyMvLw4IFCyCTyWBtbS00E1f3e6lLLi4uFTa1NTU1FYJqqm4UKIZrsk1pct4yYcIE2Nvbo1WrVsjJyYFYLBamUbcNqTvP18dzCiIibVMEsRISEmBnZ1en2dZlieRVvB2TlJSEoKCgKi2kKp24U9WoamqpSkpKCoKCgoS+V8pecB04cEB4ap27u7tSsKOyeanmNF2PFZFKpUhNTVXbH1bZ9VpT6enpmD17Nvbu3avR08xeFpquy0WLFgn/29raYsGCBeWmkUgkWLt2rfBeLBYLTXYkEgliYmKE/pvq0tatW9GwYUOMHz++TpdbFTXdpsoqGzQszczMDAsWLNB6pqq2yWQyYVuNjIxEaGgovvzySx3Xqu5p8tvYtWtXhdk8zs7O6NOnj7C+16xZoxTAWrBggd41h3zRVGc/qrBq1SoAJYH70jcAgJKHVygC/urmpcpVZR+ral0AyutDk2m0JSAgAC1btizXlFsfaftYRkQvh0uXLsHNzU2jaUtnyltZWanNiM/Ly0Nubi7s7OxqVD/FDQLFQ0k00aVLFwB62ISQakdwcLBwMp6fny9k5wAlgQ5F8ErxvvTdZ3Xzkn5QNAstzd3dXenkLCYmBkFBQTXqF0sVdlZacxKJBAcPHlRaNykpKSo7bFewtbWFl5eXzi6UX7b1Xllzwoqe3qovjh49Cn9/fxQWFqKoqAi///57tTKFXhZTpkyBj4+PypeXl5cQvDp//ny5rLGIiAit72eJXmReXl5K2U6aEovFWg9eJSYmIi4ursqtLYiIqCQTq6bBq5rSyyaEpH1lT7BLd+arqo+P0iff6uYl/da3b1+kpqYKAcqkpKQqPUmS6k5MTAwcHByE5lvh4eFafWgC1Zy65oQ1eXJWXfjPf/6D+/fvY86cOTAwMICLiwvGjh2r62q9kCQSCSIiIhAfH68ySysmJgbx8fFwdXXFwIEDmY1FBGDy5MkIDg5WatKfkJAgdGCv6ApBQSwWa/2BOStWrEBycjI++OADlU9IJSIi/VflAJajo2OVH5Os6dNDqPb07t1bqaNyd3d3pf/Pnz8vXJCZmprC1dVVo3lJ/40bNw4AhCCWti607ezs8PPPP2ulrJfR8OHDy138lt62vLy8yjXV1Zd9aU37Y3qRVRTE6tOnjw5rVTkzMzPMnTtX19V44ZVuUq9Ofn6+kM08adIkpWMqaU/Z/WjpB1qoyjAsPUzdvKR9igfPhIeHC+ecqamp5W7UmJqaom/fvlrPvAKAzz//XOtlEhG96Er35/wi9NNd5QCWubl5rRxUqHaNHDkS5ubmQlv60uvQ1tYWPj4+iIyMBFByIVb6jnHZefX9Qo3KGzFiBMzMzCCRSISAFulWZU8qUzwFj/SPk5MTFi5ciPDwcEgkEri7uzNA8ZKIjIys8pPuQkND+fuoJer2o5XtQ6vztEiqOS8vL/Tp0wcJCQlISUkRAliOjo5wcnKCi4uL3vcnSET0b6LLDtmrg00IXyLqAo9OTk5qAxsMWr7YzM3N2WyQSIu4Tb2cqtO3VUVPVyN6WZmbm8Pd3Z0Z/UREVGUMYBERERFpYMqUKbquAhEREdFLi08hJCIiIiIiIiIivcYAFhERERERERER6TUGsIiIiIiIiIiISK8xgEVERERERERERHqNASwiIiIiIiIiItJrDGAREREREREREZFeYwCLiIiIiIiIiIj0GgNYRERERERERESk10T79++X67oSRERERERERET07zZkyBAAwNWrVzWep0uXLgAAIysrq1qpFBERERERERERvbyMjIxgZmYGa2tr2Nra1qysBg0aaKlaREREREREREREJQwNDWFiYgILCwuYmprWqCwjOzs7LVWLiIiIiIiIiIiohIGBAQwNDWFqagozMzPIZLJql8UMLCIiIiIiIiIi0jqRSASRSARDQ0MYGRlBKpVWuyyjevXqabFqREREREREREREJRRBLJFIVKNyjIyMjLRUJSIiIiIiIiIiIu0z0HUFiIiIiIiIiIiI1GEAi4iIiIiIiIiI9BoDWEREREREREREpNcYwCIiIiIiIiIiIr3GABYREREREREREek1BrCIiIiIiIiIiEivMYBFRERERERERER6jQEsIiIiIiIiIiLSawxgERERERERERGRXmMAi4iIiIiIiIiI9BoDWEREREREREREpNcYwCIiIiIiIiIiIr1mpOsKaMvMVQex/Vh0heN9J3ji6w9HAfdjId8ypuKCLO0g+vwyIBLVQi2JiIiIiIiIiKiq/jUBLI016wJY2gE56arH56QDSReBlr3qtl5ERERERERE9K8hk8mQl5cHqVSK/Px8FBQUAABMTExgbm4Oc3NzmJmZwcjo5QvNVMfL9y2JRIDrICB6T4WTyK8fh4gBLCIiIiIiIiKqArlcjuzsbGRkZAgBq7Lj8/PzkZ+fD4lEApFIBBMTE9jY2MDKygoitgar0EvZB5ao0yj1E8SHAXJ53VSGiIiIiIiIiF54eXl5SEpKQlpaGvLz8yGXy1FUVITc3FykpKTg6dOnkEqlkMlkwjxyuRwFBQVIS0vD3bt3IZVKdfgJ9NvLl4EFAM492YyQiIiIiIiIiGpMLpcjPT0dWVlZkP9/MkxWVhbOnz+PK1eu4M6dO8jLy4ODgwMKCgrQvn17DBs2DC4uLkoZV3K5HMnJybC2toadnR2zscp4KTOwhGaEasivH6+jyhARERERERHRi0gul+PBgwfIzMyEXC6HTCbDs2fPsHDhQqxatQonT57E48ePYWBgAEdHR0gkEhw9ehQzZ87E7t27lbKxFDIzM3H//n0hGEYlXs4MLJQ0I5Sr6QcL8WHAmC/5NEIiIiIiIiIiKkcRvCrd19Xdu3exevVqxMXFwcTEBGKxGO3atUPLli1hbW2NFi1aIDU1FX/++Sd27dqFp0+f4r333oOZmZlQJgAUFBTgn3/+QYsWLZiJ9f9e2gAWmxESERERERERUXWlp6crBa8yMzMREBCAGzduwNDQEB06dECvXr1gb28Pc3NzmJqawsrKCg0aNICjoyPu3LmD0NBQNGzYEJMnTxbKUQSsnj9/jvT0dDYn/H86a0LYaeznal9JyRUElrSFzQiJ6AUwblEwDHstxFc/na1wmuU7ImDYayEmL90nDAs8Go39ETc0Wsa0Ffth2ncRnmbm1bi+tW3e+uMQj1klvK/K59TUmuDfEXbpT62WSURERET/Lnl5ecjMzBTey+Vy3L59GwkJCTAwMEDXrl3Rq1cvWFtbw9jYGBYWFrC0tISVlRVsbGxQv359ODg4oHv37oiOjoZEIgEApUCVSCRCZmYm8vPz6/zz6SOdZWAl3ktRO76gsLDW68BmhET0oth54grmT+xXbrhcLseuX66UG37ifALsbCzx5sCOasuVFhTi8Jk4FBXL8HP4dcwa+2JlnWr6Oatif/h15OYVYFD31lork4iIiIiqJz8/HydOnMDp06eRnJwMS0tLdOnSBd7e3hCLxTqpk1wuR2pqarlhhw4dQlZWFurXr49WrVrB1NQURkZGMDY2hpmZGczNzWFoaIji4mIUFBQgNzcXBgYGyMjIQEpKCmxtbVUu7+HDh2jZsuVLn4X18jYhBDRrRvjgKtC8a93Wi4iolEY2Fkj8+zEuJTxAd5dmSuPOXbuHpIfP0NjWUmn48a+malT2sXMJkBYU4o3X3LD719gXLoCl6eesipgffbVeJhERERFVXXJyMhYuXIjOnTvD19cXLVq0QG5uLi5duoRPP/0U3t7eGDt2bJ3XKycnBzKZTCmgVFxcjOjoaMhkMlhaWsLIyAi3b99GWloaGjZsiNatW6Ndu3YwNjZGdnY24uLicP36dRgbG8PU1BQ3b96Em5sbAJTrvF0ulyM7OxtWVlZ1+jn1zcsdwFI0I1SThSW/dhwiBrCISIe6tW+K2/+kY+eJK+UCWDtPXEGn1o6wsjBTGt7rv5vRtLE1DqyaDHV2/xqD/u4tMXWkB0Z+/AP+fPAErZs1EsY7DluOaSM9cPfhU4RGJsLUxAjvDu+GNR8Mg6GhgTCN94AO+Cv5Kc5dS8KlHXPh6myPn8OvY+UPEUKZqz8YhmG92wnz+LzeA5k5+dh9MhYGIhHGDeyI9R+OgomxIQBAJpNjSeBJBB6NhrSgECP6tIeJsfJhq/TnPH/9b/R771uVn/P67nlwa+kAuVyOb/b+gW8PXUDq0yy0aWaHZT6DMcrTRZi2tfcaeHm0xrcL3xCGqfssRERERKR9ubm5mD9/Pj744AN4enoKw83MzDB06FB4enrC19cXDRo0QP/+/eu0bormfqU9ePAA+fn5MDIyQv369ZGeng4TExN06tQJUqkUUqkUT548gYWFBXJzcyGXy9G2bVsYGRnh3r17+PPP/3VhIRKJygWxnj179tIHsHTWB5a+EHUapX6C6ycAPrqSiHSo4HkR3h3RDXtPXUN+QZEwPCevAAdP38DUkR4oeF6kpgTV0iW5OHXpT7zezw1eHq1Rv54pfvotttx0X/10Fm2b2+Hgqil4d3g3rN/7B1btOqM0zXdHLsK2vjlWzRoGO1sLBP8ai7cX78EoTxf8tnE6ero1x+sLfsTV2/9rPv7VnrMoKCzCHv+3MefNvvju8EVsD1yJoL0AACAASURBVLkkjP9m7zms+vEMpo/qjkOrp0Ds1AA/nbxa4efp3NoR0TvmCK8/ts1CY1tLdGjpgDbN7QAA/tvDsSTwJPze6Y/wTT5wETfGuEXBiLv7qMJyNfksRERERP82dkOWwbDXwnIvuyHLAABxdx/BsNdCzFtfvu9oW68vcOvvxzVa/v79++Hh4aEUvCrN0tIS/v7+2LJlC4qLi2u0rKooLi7G8+fPyw2XSCQQiUSQyWRo0qQJmjZtivbt28Pe3h5isRhmZmaQyWSQyWRIT09Hfn4+xGIxjIyM4OjoiLy8PIhEIiGrq+zfwsJCFBVVfs5/8PAROLdxUfuav3CRFr+RuvNyZ2ABddOMMCURkGb/7715fcCpfdXKeJYMSMpcLDm1A8w1iMDejQZQpq2srRPQoGnl85ate1VV57OWcf3WXWRll3Qu3aGtGDZWlpXMUeKfh2m4n1LxTjMzOwfW9S01LvPcpRsVtjn+52EaWjSxR3OnxmjRxL7SsjKycnDz9r1KpyvL06NDheVU97upaD51n7e0qiy3Itdv3UXo6Ys4d+l/nXFb17dEp/bOmDjaS6Pv9N8s/3kR3h3eDUuDwnD495t4e0gXAMDP4TdQVCzDxCFd8EPI5SqXuzfsGoqLZRj9qgtMjA0xvE877P7tKpbOGKw03eShXbHMp2TYkJ5tkC7JxcZ957FoSn8hC2uUpwv2LH8bQEmK86Ktv2LCoE5Y8d5/AACencT449rf2HTgPHZ8/mZJWT3aCllOg3u0wfFz8Tgbm4T33+iFomIZ1u0+i2kjPfDlrKHCNMmPM/HHddXbjmU9U3Rr/7/92oJNocjIkeLUphlCVtevF27j47dexfRR3QEAnVo74cDpm/j1wm24tXQoV6amn4WIiIjo3+jYuncxom/F13M29c0R/Fss3h7SBR5lWgrUVEREBJYsWaJ2miZNmqBFixa4desWXF1dtbr8iig6VC8dYJLJZLC1tYWhoSEKCwtRr149GBoa4uLFi5BKpbCwsICDgwMsLCzg6OiInJwcFBQUIDw8HMXFxWjevDmePn2K4uJipXLLZmLl5eVVmoXl/cYYAMACv89Ujn9jzGh8tWaVynH6jgGsOmhGKD+6EkgqdXFpVh+ij45qFkBSlLHPT7kMAKL3dwEte6if8W405N9OKT/cqR1EHx2rfLll615Vzh4Qzdpd/fkB/OedhcjKKQlgfTrrbXz2wSSN5tt9NAxfblXTSX8pzZ0aY9vKj/Bq94o7gh461U+jsqzrW2D2lNcxa9LoCgM7N24laVxeabnxv1RYTsd2zrhwaLNG5ZT+bn79YbXKz12V+nVs54xJr3th4mivKgWzQiIuYMHqbRUGGk+cvoCVW36Cp0cHfDprotr182+W/7wQTRtbY3CP1tgZekUIYO0MvYzXX3VFA6t6KCis+l2n3b/GoleHFnBsVHIQHPNaB+wLu47IG3+jT8dXhOls65srzTfmNTfs/i0WD9Oz0NzBBgDg7NRAGJ/492OkPsnCG/3/F3A1MBDBs/MruHDzvjCsZZP/zQMADg3r47EkBwBw/1EGnmTkYtSrLkrTNLSup9FnO3f1Hr7Z+wdWfzAUHUoFpi5un600XT0zYzS0qodnFTyBUdPPQkRERPQyMjU2xBfTB8Fn1SFc3jkXRobaa+T18OFDtGjRotLpxGIx7t+/X2cBLKlUWm6YSCRCs2bNYGNjg8ePH8PExASWlpZo2rQpHj9+jEaNGqFDhw4oLCyETCZDixYt0KJFC5iZmUEqlaLJ/7F352FRlW0YwO9hhn0XBEFcQcVdEDXNhUTTTFwrzSXTLzWXrGxxS61Mc6msXHKp3Msl9y1TtDSXBEXBBVRUQEDZl2GfmfP9Mc2RYYZhQJCp7t91zfUxZ3nOe87Br3x63uetWxfFxcWIi4uDtbU1bG1tYWtrq1NQUFhYaNQYy0pi/ZOTVwCnEAIAJC37GD6gqqcRFuRAOFCBX5rQPZVOIgmnN+nfkRj1d2WWaduy97iYvAKAVVv2IzNbXuXXiUtMxgtjZ6Lv6zOeOH5WTi4WrtqGzkOn4mpUTBWNsHwRUXcxcc5XT+16pa/94eJ1aPH8WBwMOV/u8ZnZckyc8xWGT1uglbzqGtBa66NxJjQSL4ydiUWrt1XL+E1d0d/JqXHBHXEyLAZxDzNxOz4V5yJiMTa4AwCgWFGxBFZ0bAouRT3AoB6P/0H/QudmsLKUYetR3WmEJdV2tgUAPEzXX52pSUK9MnurVrn5DwdCkZGj+w/8kjT/helhmjq2ey17426ohOzcAry+YAe6tWuI6a9219qXkpGLaV/uh/eQxbDqNhvSzjPE8Vb1vRARERH92ymUKkwY1Al2Nhb48qfTVRrb3t4eubm55R4nl8thZWVV7nFVRZNE0vx7q0qlEn8OCgqCt7c3LC0tIZFI4Ofnh2HDhqFv375wdHSEIAhQKpUwMzODpaUlevTogaCgILi6ukIul2PZsmX46aefcOXKFaSkpKCwsBAqlUq8tr6pi2V5achgLF28UPz+T09eAf+ACqw5K/fjbkJqmfunDAtE13beT3YRny5PfzXCayfUCaTyKqjysyHsX1S5a6Q/AK6HlLlbOL0JkvKuX8MWrlInLOp5uCE+KRlZObk4GHIeowf3rlCcsqqMrkbFIOLmXSxctQ3xSck4ExqJhau2YdmsiWXG6hrQGsc2LdHZnpktx5nQSKzcvA9/hkWqk2Kvz8SN3zYYrEqqSFVZebbuO4GuAa0r/HwMKet+AfU0w4iou9i67zgio+8hKycXw6ctwORRAw0+w2FvLcCfYZEAAAc7G8yZMgqjBulWb8UmPNKqFlu4ahsysuQGY/8bafLnA7q1QC0Ha2w6cgkFhcWo5+6EXh2a/H1MxZLsW//udTVj5RHMWKld2bczJAJfvzsAlhb6/xGRnK5O6rjX0v97bW9jCQBYN+sltPetq7XPXCY1anwerurEVVoZlVGGvLP8ADKy8/H76jdhZqb9X62C398AmdQMPy0Ygab1asPa0hyNBpf9D/KquBciIiKif6qhMzfr/PvUu8O7iS0eBEFdfbRmxlB0nbAaLz3XGt5eLlVybX9/f4SGhqJPn7ILTpRKJS5evIjx48dXyTWNUVhYCEEQxGqqgoICyOVyZGZmwtraGt7e3lAqlVAoFJBKpbC2toaFhQUyMzOhUCigVCohk8kgkUhgZWUFQRCgUCjQsGFD7Nq1C3fu3EFsbCz8/f3RuHFj1KtXD+7u7pDJZOL0RWO9NGSwWI31b2DyCazjF24iPDq+zP39u7V+8gSW1KJGViMUts9STyU00MdKOL0JKKhcDyrhTBnVVxrXQ9RJrgpMZawoSffXK33uwZDziE9SV+csmzVRTAwtWr2tyhI0bX290dbXG8FBndH39RmIjL6H1Vv3o3vHNggO6lyhWE4OdggO6ozgoM5YuGorFq3+CVk5uZgw5yvsXGF47nZVevOj5WjTvDHa+j7hnwsjdO/YBt07tsHU1wbhYMh5TJj9JbLleVi9dT/a+DbW+54++HytmLxq3awRdqyYV2aPqwZ13TFnyij0D+osTiU1FPvfzsJcilF9/bHpcBgKixX4X3AHnX+hMIYgCNh2LBzPtmko/suHxtXbiZj25X4cPheFIYHqZXxz8rRLlQ/+eQOuTrbwqu2oN36rxnXgYGuFW3Ep+N+ADuL2hJQsMSFUnvruTnBztsOB09fxQudm4nZD1VIAsPf3a9h0+BI2zhsmTm/USM3MReiNeGz5eDg6tawPACgoVKDAQAP8qrgXIiIion+q3YtfM9gDS6NlY3dMfbkLJi3dg9++rZpk0quvvoqPP/4Y3bp1g42N/jYSO3fuhL+/P1xcqiZpZgylUons7GwkJSXh1q1bSExMxOXLl5GQkIDu3bujRYsWuHHjBuzs7JCZmQkrKys4ODhAEARERETA2dkZ6enpaNu2LZydncXkl6OjI/Ly8qBSqXDjxg0kJyfD0dERjRo1QufOndGkSZOnep+miFMI//bUpxECQEZC2VP8AHVy6bhxPY105GcDoXvLPUz4bYXB/ZLJWyH5Irrsz4JQdTN5fecO+xxo1atSwweAlZv3AVBXXwUHdcbU1wYBUE/327L3eKXj6uPkYIe1i6aL30s2E6+MOVNGoZ6HGwDg8MkLTxTLWK2bNRJ/fuH1mdUy1dKQ4KDO+LVEpdaMJet0xhCb8Airt6p7rznY2eDXjUuMatDe1tdbJ/Z/1bjgDriXmI7ElGy83r9D+Sfo8efV+4hNysCkoZ3RtW1Drc+kIZ1Rt7aj1jTCDYfCsGzrHzgXEYuP1/+GzUcu453h3cQG7qVZWsjw8fje+Orn05jz3a/48+p97AyJwLPjV+OzH8uuCi1JKjXDB6MDsX7/RXy05lf89tctzFx1BDtOlP1nMzlDjomLd6NDi3po7V0HV24lip+0rDzUcrCBh6sDlmz5HbtCIrDtWDh6TlmL7NwC5BcWV9u9EBEREf0XzHk9CLFJGdh85BLMZU+eamjWrBkGDBiAd955B48ePdLap1KpsH37dqxatQrp6ekVmlr3pHJzc3Hnzh1cvHgRYWFhCAkJwd27d/Hw4UPExMRAKpXCzMxMTExlZ2dDLpfDwsICzZs3h5eXF9zd3ZGfn4/09HRkZ2cjJycHiYnqRds0CbLk5GQkJiYiIiICx48fx/Xr15/qfZoiJrA0NNMIy6KZRljVjq9UJ6r0ELZXvMm3KHSPbuVWt9cAq1JTfq6FqJNdlSTsX6jup1VawCCgw5BKxz19MUKs0pkzZSQAdYJEkxTatv9EpWOXpa2vNxzs1Jn9iKi7Txyve8fHPZxiEx4ZOLJqBAd1xsiBQQDUfbgq0yT+SbX19cbsySPEMWzdp/2eNElJAFg6c2KFGr639fXG5FEDxdhVncT8p2jlXQcdWtTDc+290dDDuVIxth69DCd7a7HCqiQzMwnG9g/AkXNR4vS9kX39EHEnCYNnbMKKXefwzvCu+HBUD4PXeHtYV6ydORT7Tl9H0JS1eP+bQxjV1w8LJpbzHwtKeHd4V8wa8xzW7v0LQ2duxr3EdLw97Nkyjz8XEYu0rDyE3ohH+zHfaH12hUTAzEyCQ1+OhZOdFcYu2Ik53/2KUS/4w6+ZJ24aWOa5Ku6FiIiI6N/OylKG72YMwfvfHoJSVTXFH6+++iqGDRuGqVOn4oMPPsCqVauwZMkSDBs2DPfv30fXrl1x/vx5zJw586kld6ytrWFpaQkvLy9YWFjA0dERSqW6H214eDguXbqEBw8eQKFQiAms7OxsxMfHIzIyElevXsXDhw8RERGBR48eISsrC48ePcL+/ftRVFQk9tQqLCxEQUEBCgoKEBMTg2vXrkEmM/lJdNXqv333JRkzjfD6b1U+jRAAhB2zIJm0RXvjtRNPtPqfvumDkm5jIORnA2GPkwgoyFH3wurzVsWvsX+hdiyNxh0gGa6/Z5Kxtu5TJycc7Gy0pvLNmTISb360HGdCI3H6YkSVr0rXoK47IqPvVUnCqWRlUWzCI6MqjZ7UukXvISLqLiKj74lN3dcunF7+iVVoyuhBYs+qVVv2iZVzgPZ7rcwUwKmvDRIruA6erHgvtH+iXZ+P1tlWeiU9ALj9ywyt7+f1HKOxdtZQrJ01tMz9n0x4Hp9MeF787uJgg2XT+pd5fNKRuXq3jwvugHHB+qvE9J1z8MuxWt8lEgkWTOyjkyj68u1g8eeS9zmoR0sozxv+/552TT3xx5pJWtsmD9WeLqxSCTor6Bi6FyIiIqJ/q0EfboJET8eKsI1vQ6qnlUXPAB/06+KLLeUsClQRQUFBCAwMRHR0NOLj42FtbY0333wTjo6OUCgUmD17Ns6cOYMPP/wQS5YsgaVl9bZ5sLe3R2RkJKKiopCQkICYmBjk5uZCqVSioKAABw4cQK1atdCwYUOoVCrI5XJIpVIkJyfDwcEBnp6ekMvluHfvHnJzc6FSqZCXl4eCggKYmZmJCSxNJZeNjQ0EQUBGRgYTWDU9AFMiadkHgoEEFiKPAn1nQO+f4CcRc1GdsNJMt3uSxu2AuvoqI1F7W8sgoJYXJN1fh1A66RS2F6hoAit0D3Bms+52D19Ixq6uWKxSYhMeYdt+9dScqa8N0qrSCQ7qjA8Xr0W2PA8rt+yr8gRWZPQ9AECb5o2fONbVElVchpJXcYnq5vHl6dahdbnHAMCvG5egee/XkS3Pq5am7uVxcrBD14DWYiN7jdiER+KKkhXtL6bRoK47WjdrhMjoe/jTiGdGVBExD9IQFvUA8clZ8KnnWtPDISIiIqpRKcfmV+qYjfOGYeO8YVU6FqlUihYtWqBFixZa22UyGRYuXIiZM2fi3LlzmDdvHpYsebJiivI4ODggLCwMd+7cQV5eHuRyOYqL1e0oLC0toVKpkJOTg5SUFFhbWyMvLw/W1tZwcXFBRkYGrly5AplMBg8PD1hYWCArKwspKSlQKBSQyWRQqVRiMkyhUMDGxgb29vYoLi6Gu3v1F0WYMiawSipvNcK0+1W/GuHfhP2LIPHuCFg7qPtiZSRoH2BlBxQY19NICN2js02imc7n2Rzw8AWSSkz7y0hQJ6SMnfKXeBPCjlm6263sIHl1scGm9MZYuGqr+POoQdqJFycHO4wa1Burt+7H4ZMXqrSyqeR12/o+WQLralSMmGCp5+FmcIxb953QmWqnT+71I+UeA6if0a+blqDLUHVS8mk2ddfo3rG1OAVUUylXsqrtSd6Zo706oZmVU/6SukQVsfv3SHz6/Qn07tiE1VZERERE/xDm5ub4/PPPMX/+fJ1eWdXB1tYWPj4+iIqKQlFREczMzCCVSlFUVCROAQSAxMREWFhYQKVSwcbGBrVr10a3bt0gCALy8/ORl5eH5ORkxMfH4/bt25DJZGIsQRAgCAKsrKxQWFgIa2trNG/eHE5OTuWM7t+NPbBK0kwjNEC4/lvVXKt3qek9mobu+hq3twxSJ56MkXhTd+qhs6dWM3VJ9zE6p5W7YqFG+gMIq3WnNAHqhu9Gj7MMmdlyHPq76fnIgUF6Ex0lp6SVTDo9iS17j4vT3hzsbDBl9KByzijb6YsReHPOcjHBounh9TS19fXGms/eFb/XRFN3+ndIOjLX4PTBf5MPRwVC/vtnOPzVOK4wSERERPQPYmFhgc8//xw//vhjtV9LIpGgX79+sLCwgJOTE6ysrACom69LJBJIpVJIJBKoVCqkpKQgNjYWMTExiIuLQ2pqKjIyMpCVlYW0tDTcunULISEhyM/Ph6TUTC9BEGBmZiY2hO/cuXKzWP5N/nsVWAmRwM2yV46SWNjCYLu5KppGKOk+BkJYqal+x1dCuF6qEsfKDpKBs41u6C6c3qi7MaBUZVWrXsD+hdoVXYlRQMxfgHensoPnZ0PYOEW3OTz+XnHwCZNXgLpnkibxU7r6SqNBXXeMHBiEbftDsG1/iFHNwLftPyFWBJUUm/AIpy9GaE1127FinsF4cYmPsGj1Nr37Doac12oAP3JgULnT90YODCrzXp/E6MG9cSY0Atv2h4hN3c/vruSqlhVUcvpkm7+r2dqUqGq7+gRN8jWVXJqG+0RERERERE9TYGAgGjduLFZhqVQqmJmZwdzcHAqFAgqFAg4ODqhTpw4KCwuRkpKC3NxcJCQkQCKRoLCwEHK5HGlpaSgoKIBUKoW5ublYvaWpxFKpVJBKpWjSpAl69uxZw3dd8/57Caz4CAjHl5e9v1EHwNIWKCxjelJVTSO0doBk+GII372mvb30in7dXgdqeRkXM/2B3qbqkg6Dda6NVr10jhVOb4LEQAJL2DBZ/4qD3V57ohUHS9qyV53A6xrQ2mB/q1GDeot9slZt2Yc5U0YZjGvMFL16Hm5Yt2h6uX214hKTsXCV/gRWSZNHDcSyWRPLPa5BXfcq7+WlUVNN3SNuqhNUDnY2YjLQycEO9TzcEJ+UjD9DI5GZLa/QKoSAempmfJI62ditmp4ZERERERGRIVKpFPPnz8eoUaNgaWmJ4uJiKBQKCIIApVIpNl93d3eHTCZDTk6OuB8A8vPzYWZmplV1pVAoYGFhAYVCIVZw2drawtPTE5988gnMzc1r6nZNBqcQ6pAArfoaPKLKphF6d1JPDyyLs2eFVgcUQvfqbvy7eXtpku6v6x57PUSdBNMXe/sM/asitgyCZOAco8doyJa9x8XkxKhBvQwe271jG7Ru1ggAsGrL/kpNj3Ows0HXgNaYPGog1nz2LqJObKx0Iql1s0ao5+Emfl/z2btGJa+ehl83LhGrlbbuO4Ete49X6/UOhpwv8R61K8tGD1a/16ycXBwMOV/h2Ks2P066BvdkCS0REREREdUMf39/jBgxAo6OjrC2toZUKoVMJoONjQ06duwIZ2dnuLi4wMPDA+7u7nBxcYG7uztcXV3h4OAAe3t7KBQKrZiaSi7NSoSpqanw8/NDq1atauguTQsTWHpI2g4wfEDkUUAwONHQ+GsNnK1u0K53XwUSQ/nZgJ4+VpKyKqM0zdxL0dsLK3SP3souePhCMnyx8WMsh6aqqZ6Hm1Gr5mn6VBmTDDm6YTFyrx/R+iT99QuObVqCZbMmVmiVvq4BrXViXdizChf2rBQTRYtWbzOZnlOapu4ab360HBFR96rlWpnZcny4eK34vWS/MkA7oTVjyTpcjYoxOvbBkPNi1Z2xvyNERERERETVZdasWfDyUheM2NrawtLSEs2bN0fPnj3h4uICFxcXuLm5oU6dOnBwcIClpaXYI0vToB2AWJkllMgzyGQyNGnSBAsXLtTpj/VfxQSWPj5d1NMIy6KZRlgVanmppwmW1riDVuP1cl07odubqlTz9tL0NXNH6F51Mkwj5i/9Kw4CQN3mwJnNwG8rDX+McPpihFi1o6nSKc/owb3FqqeyelI9TU4Odli36D0A6mmGE+cYmKr6lJVu6n7oZMWrn8oTm/AIL4ydKfYT09eEv0FddyyZMQGAOvE4/K0FRiWxDoacx8Q5X4nf1y2q/mmQREREREREhkilUhw6dAgNGzYUG64/ePAArq6u8PDwgL29PaysrODg4ABHR0fY2trCxsYGVlZWsLCwQHFxsVbySlN5pVKp0KBBA5w6dQpSqbSG79J0MIGlj9Ti6U0jBNTTBEtVQ1W0skn4bYXuxtLN20tr1Uu3+qsgR11xpYm7YXLZ54fthfDbinI/xtBUX1V0BUBNsisuMbnap8YZIzioMyaPGghAnSSqzDS56jJ6cG9xbFUpNkHd1L7z0KliA/vWzRqJybzSpr42CCMHqqfOxiUmo8vQt/Dh4nVic/aSrkbFYOKcrzB82gKxuf+SGROqrWcYERERERFRRZibm+PPP//EiBEjAKh7WYWHh8PNzQ1OTk7icVZWVrC0tBR/NjMzE/tdaZJfmkbwo0ePxoULF9j3qpT/XhN3I0naDoBwaXfZB1TRaoTi9QbNhnBMneyRtOplfON2QF19VXI1Q03Mks3bE29CCN0LSa26j/tildXM/czmxz2yCqp/GtzVqBhxhcDgoM4Vauw9ZfQgLFr9EwD1SoOmMK1szpSRYh+oiXO+QhvflTqVSCVt3XcCZ0J1V0jUZ+TAXk90j8tmTURE1F29KzKWJTL6Lvq+PkPvvtiER1orOKrHGISlMw33/1q36D00qOsuvrtVW/Zh1ZZ9cLS3FVcrLP1MHOxssHRmxaZ7EhERERERVTepVIovvvgCQ4YMwWuvvYbQ0FB07doVMplMnP6nUqnE5uxKpRK2traQSCSQSqWwtLSETCaDlZUVfvrpJ/To0YPTBvVgAqssmmmE1b0aoYZ3J0gml70CoCHC6Y26G0s2b09/AOErdVWTAAB3/oJk7GoA6mbuQun+VhkJ6iqsKlpZsDwlG3OXt5pgaU4Odhg5MAjb9ofgTGgkTl+MqPHqHCcHO+xYORddhr6FrJxcTJzzFX7duKTM4+MSk3WSQGXp1qH1E49vx4q5eGbIVHHKZnmycnKNSrB1DWiNqa8NQnCQcc3V50wZhW4d2mDlln04fPJCmddysLNBcFBnzJkyymAikIiIiIiIqKZIJBI8++yzuHnzJnbv3g25XA5LS0sUFBRAJlOnXoqLiyGRSCCTyWBnZwc7OzuYm5ujUaNGeP/99/HKK6+IVVqkq8YSWIN6Gk78ONhaAwB6dmyGBp4uZR5Xr04tAIB/s7pIDyy7M3/bJp7qH1zqG54e6N5U/b9SC+DZccB9PSvvaaTcNS6BVbd5+cdUJoa1w+N+VY07aO3S6m917YT2eddDHv/s2RwIGASkJ2gdIqQnQKInblXLzJYjNiEZXQNao41v40olKOZMGYXYBHUy5kzo4wRWfU93dA1QJ3wcHQz0NDOSJpamQsiQtr7eWDJjAg6GnIcgqHs4lUzsODrYivEqor6n9vMpGaf0vrJoEmwffr5OjKFPeeNzdLBFW9/GcLS3Q3BQ50q9u+4d26B7xzaITXiEgyHnkZUjx+mLkX/va436nu4VrsojIiIiIiKqKRYWFnj11VchCAKKi4uRnJyMzMxM3Lt3D/Hx8ahduzYsLS1Ru3ZtdO3aFW3atEHt2rVhZsYOT+WRCEIVLadHpivxpliBBQBw9oRkzqmaGw8RERERERER/edkZ6uLcMLDjV8Yz8/PDwCbuP83eDYHur2mXpXQwxeSgXNqekREREREREREREZjBRYREREREREREVU7VmAREREREREREdG/FhNYRERERERERERk0pjAIiIiIiIiIiIik8YEFhERERERERERmTQmsIiIiIiIiIiIyKQxgUVERERERERERCaNCSwiIiIiIiIiIjJpTGAREREREREREZFJYwKLiIiIiIiIiIhMGhNYRERERERERERk0pjAIiIiIiIiIiIik8YEFhERERERERERmTQmsIiIiIiIiIiIyKQxgUVERERERERERCaNCSwiIiIiAp/2qQAAIABJREFUIiIiIjJpTGAREREREREREZFJk92LT6rpMRARERERERER0b+ci6Ntpc+VNarnUakTk5KSkJiYiJycHCgUikoPoCrIZDLY29vD09MTHh7G309SUhIePXqE7OxsFBUVVeMIK8bCwgIODg5wd3ev8P0kJycjKyvLpO6nqlhYWMDR0RFubm58Liagsu+DiIiIiIiI/puys7Mrfa5EEAShIicoFApcvXoVANC4cWPY29tDJpNVegBVQaFQICcnB3fv3gUAtGzZElZWVmUeX1BQgOvXr0OhUMDDwwPW1taQSqVPa7jlUiqVyM/PR1JSEmQyGXx8fODo6Fjm8Zr7USqVqFu3LiwsLEzqfqqKUqlEUVEREhISIJVK+VxqmOZ9JCYmwszMrNz3QURERERERP9tmgRWeHi40ef4+fkBqEQPrKtXr8LZ2Rnt27eHs7NzjSevAHUFlmZMAHD9+nWDx0dERMDKygpNmjSBnZ2dySU1pFIp7Ozs0KRJEygUCty6dcvg8ZGRkbCxsYGPj4/JJeOqklQqhbW1NXx8fKBUKvlcapjmfXh7exv1PoiIiIiIiIgqq0IJrMTERADqyitTpUliacZaWmJiIgRB+MdMeWrSpAlUKpXB+1GpVHB3d3/KI6tZPj4+fC4mpLz3QURERERERPQkKpzAMuXklUbjxo3L/Iv0w4cP/zHJKw0PDw88fPhQ776HDx/+Z5M07u7ufC4mxND7ICIiIiIiInoSFUpgyeVy2NvbV9dYqoy9vT3kcrnefTk5ObC2tn7KI3oy1tbWyMnJ0bsvJycHNjY2T3lEpsHGxobPxYQYeh9ERERERERET6JCCSyFQmESPa/KI5PJylwZsbi4+B/XC0kqlaK4uFjvvuLi4n/EO6kOMpmMz8WEGHofRERERERERE+iwk3ciYiIiIiIiIiIniYmsIiIiIiIiIiIyKQxgVVNjh07BhcXF3Eqo4uLC44dO1bDo6paS5YsQY8ePWp6GP8of/75J1xcXMrs0VbSkiVLEBQU9BRGRURERERERGTaqiWBdfbsWUgkEpw7d07v/n379sHMzAwxMTHVcfkqU1BQABcXlzI/L7/8cpnnlu6/dOrUKXTp0gUAEBcXhz179lTr2MsSEhKidQ+enp7w9/fH1KlTcfPmzQrFMjc3r1A/sT///BNhYWEVHfJTUfq5uLi4wM3NDX5+fpg9ezays7Or5Drt2rXDqVOnjFpIYOzYsVi7dm2VXJeIiIiIiIjon6xaulw/++yzaNu2LdauXSsmbUpat24d+vTpA29v7wrFrakm8suXL8egQYN0tldkLP7+/lAqlRAEAUePHsXZs2cxZMiQqhymUTQJp9DQUNSpUwdZWVmIjo7GN998g549e+L777/Hiy++WC3XXrduHbp27YqAgIBqif8kSj8XACgqKkJ4eDjeffddxMbGYtu2bU98HXt7e/j7+5e5yEBJderUgYeHB5RK5RNfl4iIiIiIiOifrNqmEE6ZMgU7d+5ERkaG1va4uDgcO3YMU6ZMAQD8/PPPaNmyJaytreHj44PZs2ejsLAQgLpqSSaTYc+ePXBxccHXX39dXcM1yN7eHk5OTjofW1tb8ZgDBw7gmWeeQb169TBw4EDExcVpxXB0dMSvv/6KpUuXYv78+Th27BgaNWqE2NjYp307AAAbGxvY2dnBy8sLvXv3RkhICMaNG4dp06aJ1UZKpRKLFi1Cq1atUL9+fXTr1g07duwoM+bVq1cxcOBA1KtXDy1btsT48ePx8OFDAMCQIUNw5MgRfPLJJ2JSMzU1FRMnToS3tze8vb0xYMAAXL58ufpv3gDNc7Gzs0OtWrXQp08fLFy4EMeOHROn/Rka94IFC9CxY0etmEqlEr6+vlizZg3OnDkDR0dHMdaOHTvQpUsXeHl5oWnTppg0aZL4/D///HMEBgaKcSIjIzF48GD4+PigZcuWGDduHJKSksT9bm5u+OWXXzB8+HB06NABLVu2xJo1a7TGYeh9pqSkYNy4cWjatCm8vLzQrVs3HDx4sIqfMBEREREREVHFVVsCa+TIkbCyssLmzZu1tq9fvx7169dHv379cO7cOfzvf//DsmXLkJOTgyNHjmDfvn2YP38+AMDS0hJKpRK//PILLl++jEmTJlXXcA0SBAEqlUrnIwgCAHVS7o033sCkSZOQnp6OL774Qu/UL5lMhvnz52PEiBF48cUXkZmZiUaNGj3t2wHw+J6USiWKi4uRnZ2NWbNmISsrCyEhIQCAb7/9FgcPHsSxY8eQlZWF5cuX47333hP3l5STk4OXX34ZvXv3RmpqKq5duwaJRIIxY8YAAI4fP4769evj888/x/Xr1wEAkyZNQlFREaKjo5GUlITg4GAMGTIEqampT+9BlFL6XRcVFYnvWlMJZWjco0ePRkxMDCIjI8WYZ86cQXp6Ol599VWtKZf379/HlClTsHTpUuTk5ODKlSt4+PAhvvjiCwDaUzQzMjIwcOBAdOrUCffv30dERAQUCgWGDh0KlUoFQP379e233+K7777D7du38eWXX2Lu3LlITEwEUP77/OSTTyCXyxEVFYWsrCzMmTMHkyZNqtH3QURERERERARUYwLLxsYGY8aM0UrkKJVKbNiwAZMmTYKZmRm++eYbDBs2DP369YNMJkPTpk0xc+ZMrF+/Xj04M/Xwxo0bhwYNGmhVPD1NkydPhqenp87nxIkTANTVVy4uLhg/fjxyc3Ph6+uLUaNG6Y2Vn58vJkQyMjLE5IMpsLe3h7u7u1g9tm7dOsyaNQv169dHVlYWOnfujOHDh2Pr1q065/7yyy+wt7fHBx98gPz8fJiZmWHx4sUICwvDjRs3kJOTA0A9LS8rKwu3bt3CyZMn8cUXX8Dc3Bx5eXl466234Orqir179z7V+zYkOjoaS5cuRc+ePeHk5FTuuL29vdG2bVutyqV9+/ahT58+cHJy0oqdnp4OQRBgZWWFrKws2NnZ4fjx42ICq6RffvkFZmZmmDt3rjiVdsGCBYiOjsalS5fE40aOHAkXFxdkZmaiV69eUKlUYq+58t5nWloazM3NoVQqkZOTgwEDBkAul6N27drV8WiJiIiIiIiIjFatDaUmT56Mb7/9FmfOnBGnI6WmpmLcuHEA1MmBq1evYuPGjTrnZmZmij83adKkOodZroULFyI4OFhnuyYhkZSUhIYNG6KoqAiAOlHXuHHjpzrGqiAIAgoKCmBjY4Ps7GwkJydj7NixGDt2rNZxbdu21Tn37t27uH//PmxsbHT2xcXFoUWLFjrHA0DTpk11jn/w4MGT3MYT6dixIyQSCQB1zzVBEBAcHIwVK1ZAEIRyx61UKjFixAisX78es2fPRlFREQ4ePIiVK1eKFXsaHTp0wFtvvYV+/fqhTZs2CAwMxKBBg9CqVSud2PHx8fD29kZxcTEA9buqW7cuAPXz7dChAwDAw8NDJylaWFho1PtcuHAhhg4dihYtWqBHjx7o1asXBg4caFTDeSIiIiIiIqLqVG0VWID6L/m9evUSq7DWrVuHYcOGwdXVVX1xMzNMnz4dgiDofEpWq1haWlbnMMtVq1Yt1KlTR+djYWEBQF1VVDo5oUlm/ZPExMQgMzMTvr6+YhLnwIEDOu+mZMWPhlQqhb+/v953qS/5p5kal52drXP8smXLqvdGDTh27BiuXLmCK1euYM6cOXB0dMRXX30FKysro8c9ZMgQ3L17F5GRkQgJCYFKpcLzzz+vcy2lUomlS5ciNjYWEyZMwN27dxEUFITvv/9e51jN+yhJ0wheU6lYFolEYtT7bNKkCW7fvo1du3bBx8cHS5cuRWBgYJWtwEhERERERERUWdWawALUzdx3796N27dvazVvB9R/YQ4PD9c6Pi0tDVlZWdU9rAopqweWhpeXF+Li4rSSWFFRUTUx1CeyePFi1KtXD927d4eDgwPc3Nxw4cIFpKeni5/IyEi9PZF8fHxw69YtxMfHi8cmJycjMjJSrBoqSbMC5R9//KEV//Lly8jLy6v2ey2Li4sLXF1d4erqiunTp8PX1xevv/66+L6NGberqysCAwNx5MgRHDhwAC+99JJW7ysNhUKBuLg42NraYvTo0di5cyfmzp2LDRs26Bzr7e2NO3fuaCVG79y5ozUmQ4x5n8nJycjIyEBAQAA+/fRTREREIDk5GadOnargUyQiIiIiIiKqWtWewOrfvz/c3Nzw+uuvw9/fX2uFtmnTpuH333/HunXrUFhYiAcPHmDo0KFaSS5TkJaWhri4OL0fAHjhhReQnJyMtWvXQi6X49y5c9izZ0+Z8aytrREbG4uMjAwUFBQ8rdvQkpycjMTERMTGxuLUqVMYPnw4jh07hk2bNomVOdOmTcPatWtx7tw5KJVKXL58Gc8//zy2b9+uE+/ll1+GpaUlZs+ejaysLOTk5GDevHno37+/mMCysbFBTEwM0tPT0aRJE/Tu3Rvz5s1DbGwsFAoFdu7cic6dO+PWrVtP+3GISiYoCwsL8cMPPyA0NBQrV64EAKPGrVKpxOf522+/Yfjw4XqvtWPHDgQGBiIsLAx5eXmIjY3FpUuX0KxZM51jX375ZUgkEixZsgT5+flITU3FwoUL0a5dO/j5+ZV7X+W9T5VKhV69euHTTz9FWloasrOzERISgvz8fL3TJYmIiIiIiIiepmpPYEmlUrz55ps4d+4cJk+erLXv2WefxZYtW/DNN9/A0dER7du3R7NmzbBmzZrqHlaFzJw5E35+fno/CoUCzZs3x6ZNm/Djjz+iWbNmWLZsGT7++GMA0Ft99OqrryIpKQkBAQFaq9U9TT179kTr1q0REBCAt956C25ubggLC0P79u3FY6ZNm4aJEydi4sSJqFevHsaPH4/p06fjjTfe0IlnZWWFo0ePIi4uDq1atUKbNm1w//59HDt2DObm5gCAiRMnYtu2bejWrRuKioqwYcMGNGvWDM899xwaNWqEdevWYe/evfD19X1qz6E8tWvXxvLly7Fw4UKEh4eLCxGUN+7+/fsjOjoaDg4OWknbksaOHYsJEybgjTfeQL169dClSxdYW1tjxYoVOsfa2Njg0KFDOH/+PJo2bYrAwEDUrl0bR44cEVdHLI+h92lmZob9+/fj5s2baNeuHRo2bIi5c+fixx9/1NuTi4iIiIiIiOhpkgilmzcZcOLECfTq1as6x1NlyhrriRMn4O/vb3ScWrVqGdyfnp4OALCwsICNjQ3MzMygUChQUFAAOzs7cX+tWrWQk5OD4uJiyGQy2NvbAwBycnLEXkaGXL58uUrux9zcXLy2hkqlgkKhQF5enk4DcGtra1haWsLMzAwqlQoFBQVi1Zi1tTUsLCzEKZ9SqRS2traQyWQQBAEKhQK5ubliTCsrK9jY2IgrMEokEtja2sLc3BwSiQRKpRJ5eXl6k35P67lkZmbqPANLS0vY2toiKysLSqXSqHFLJBI4OztDpVJpLUggk8ng4OAg/l6UfL6CIKC4uBi5ubkQBEHn+cpkMtjY2EAmk4nvTHMsoP4dk8vlWtMMS/7elb5e6fcplUrF+Jr7ys/Pr1A/t7LeBxEREREREZGmx3LpdlKGaGYdVesqhP8GmkRDeYqKinT+ol/y3JI/KxQKZGRkVM0AK6i4uNjoewKA/Px85OfnG7VPqVQabPhdMlkCqKe1yeVyo8dSnQw9l8LCQhQWForfjRm3IAh64ykUCq3tFXm+CoXC4PPVd73S2wxdT6lUIicnp8z4RERERERERDWl2qcQEhERERERERERPQkmsIiIiIiIiIiIyKQxgUVERERERERERCaNCSwiIiIiIiIiIjJp5TZxP3HihPizh4dHtQ6mKnl4eGiN/d/g33Y/VYXPxbTwfRAREREREf13VdfK9BJBEIRqiUxERERERERERPS37OxsAEB4eLjR5/j5+QHgFEIiIiIiIiIiIjJxTGAREREREREREZFJYwKLiIiIiIiIiIhMGhNYRERERERERERk0pjAIiIiIiIiIiIik8YEFhERERERERERmTQmsIiIiIiIiIiIyKQxgUVERERERERERCaNCSwiIiIiIiIiIjJpTGAREREREREREZFJYwKLiIiIiIiIiIhMGhNYRERERERERERk0mo0gSWXyzFp8lSkpaVV6vyvln+N48dPVPGoqKZt37ETmzZvqelhVKm0tDS89/4HEATBpGIRERERERER/RPIyjvg/PkL2Lxlq959DRs2xIwP36/0xa2trfHuO2/DwcGh0jFMVV5BMd5dfgjfHwjF9Z/fhW/D2uK+uIeZeHPJXvwRfg8ONlZ4c0hHzH+jl7j/98t38c5XhxAVm4KGHs5YNLkPhgS2BAAUFinw7teHsONEBIoVKgR39cXqDwfB0c7KqNgrd53Hsq2nkZwhR3vfulg3awhaNHIzKrahcZV3z1Vt0uSp4s/Lli6GnZ1dtV0LANLT07Htp59x+/YdWFlZoXu3rujf/0UAwO7de3Ai5KTOOW3atMakNycCAKJv3YKPjw8kEonBWCUVFhbhk08/RRMfH4wd+7q4vWSswsIi7NmzF+FXrqC4uBg+Pt4YPuwVuLi4AABu3bqNnbt24eHDR3BxccGgQQPg166dGOvkyVM4eep3ZGdnw8OjDoYMGYxmTZsCAFJSUrFj5y7ExMTAwsIc7dq2w0svDYG5uXmln+Pvf5zG7t178PLLQ9G9Wzdxu0qlwv4DB3Hxr4vIzcuDh0cdDBw4AC2aN9cbJyoqCnv27sfDhw/h6OiAoJ49ERjYQ+e4+Ph4fL54KUaOeBXPPtul0uMmIiIiIiKimlVuAgsAbG1tMWvmh7ony4w6vUxSqRRNmzZ5ohg1TaVSwcxMu5AtJSMXz01ej65tG+g9Z9icn1HXzQHhm6chISUbwz/6GfXcnTAuOADJGXIM/GAzPhjVA6P6tsPxi3cwav4OhG9+C80a1Mb89SdwMuwufv16HGyszPHmkn2Y9uVBbJr/crmxj56PxsxVv2Lzx6+gXRMPfPXTGQx4fxNu7pgOc5nUYOzyxlXePVe1zxZ8gqSkh1i1+runcr313/8IJydHzJk9C5lZmfj++x9Rq1YtdOnSGf36vYCePXtqHb9u3Xo0L5F8uXXrNpr+nRgyFKukw0eOIC8vX2csJWPt3LUL8XHxmDplEiwtrbBj505s3LQF701/Bzk5OVj93Ro8/3xvdOrYATdvRuHHHzfiozmz4O7ujr8uXsShw0cwduwY1PX0xB+nz2DNmnVY+NkCWFtbYeWq1WjYoD5mz5qJnJwc/PDjBtjZ2yFYT7LNGOvWf4+8vDw4Ozvp7Dt69FdcvXoVb4z/H5ydnPDn2XNYs2YdFi1coJOcTE5Oxurv1mLggGD4+bXD3Xv3sGHDJnh4eojJNwAQBAE/b98BCwuLSo2XiIiIiIiITIdRGSgzMzOxokOfK1eu4tDhwwjs0QMhJ08iV56LFi1bYMxro7Fn7z48eJCAt6c9rpg5d/48Dh48jNmzZuDDGbPw2YJP4OLiguzsHGz76Sfcvn0HAODr2wwjR7wKW1tbAEBIyEkcPxGC4uJi9OjRXWsMgiAg5OQpnD595u9qEg+89NIQeDdurDPesLBLOHr0V3R6phPOnTuH/Px8dAgIwJAhg2FmZmYwVo5cjg8/nImxr4/B9h07MWrkCPj7+2nFz8otwGdvPo9eHXywfn+o1r7ImIe4FJ2Ao1+PhZO9FZrWd8WsMYH4fn8oxgUHYMeJCDSrXxsfjX0OADB+YAccORuFTYcvY+Gk5/HjwTBsmPsSOrTwAgCseG8AOo1bhZUfDMD9pAyDsX84EIbJQ58Rq6a+nh4MzxcX4WTYXTzfycdgbEPjWjS5j8F71ufGjZvYvWcvUlJS4OJSC32efx7PPNOp3PM0XFxckJevndyZO+9jDBwQjICA9gCA69dvYMPGTfhi2ZInumZCQiLi4uLw1tQlsLGxhru7G/r27YM/z55Fly6dYW1tDWtra/H4sLBLKFYo0KP74wqj27fvIKjnc+XG0khKSsJff/2FLp07IzdXrjUeTSwAkEgkGDb8FdSvXx8A0LdPH3y7YiUEQUDYpUtwd3dHvxf6AgC6dn0Wkdeu4fz5Cxg0aCDycvMwePAgtG7VCgAwcEAwjh8/gaSHSXBxcUFdT0+8+upwWFlZoXZtV3R+phNi7t4z7gXp0bhxYwT1fA6LlyzV2efp6Ykxr41Go0aNAAAv9O2Do0d/RUpKCuzs7PDV8q/h5eWFV15+CenpGej67LMIClInDWvVqoXTp8/g7t17Wgmss2fPwdzcHPXr16v0mImIiIiIiMg0VEkPLKlUipSUVKRnZGD+vLmYN+8jXL0agWvXrsPfzw+3bt1Cfolkw5UrV9G+vT8kEolWnJ07d0GlUmHBpx/jk0/mIzs7G4cOHwEAxMbGYc/efXh9zGgs/nwhLCzMcf9+rHhuaGgYfjv2G/43biy+WLYEHTsE4JtvViA7O1v3ps3MkJySguKiInw8fx5mzZyBixdDcf7ChXJjmf9ddXblylXMnjUDrVq11Inv4+WCQT1a6H1Wl6MT0aSeC5zsrcRtHVt44crtJAiCgPDoRDGBpNGhRT1cjk5A3KMspGXlae1v26QOJBIJrsU8Kjf25egEBJQ4VyY1g19TT6NiGxpXefdcWmZWFtat/x4Dgvvj6+VfYsxro7Fj5y7ciYkx6vzKeJJrxsfHw82tNmxsHiepGjZsgPj4Bzp9qBQKBfbu24+Xhg4Rf7/T0tKQn58PLy8vo2Nt374Twf37ax1XOhYAjBo5QitJm5GZAVdXV0gkEsTHxaNhA+2KuIYNGyIuPh4A8NxzgejW9VlxX1ZWNgRBgKuLC5wcHTFhwhuwsrIqETsTtWu7lvu8ytIrqKfOn3kNP792YvKqqKgIJ06EoFatWqhbty4AoFOnjuJ0Ql/fZnjllZfEcwVBQGZmltbYcnNzcfDQIQwf9kqlx0tERERERESmw6gEVk5ODt5+Z7rO5+LFx5U2xcXFeKFvHwCAnZ0dvOrWxaNHj9CoUUM4Ojri+vUbAIDCwkLcvBmF9v7+OtcZNWoE/jduLGxtbWFvZ4d2bdsiPk79l+2rV6/C27sxfH19YW5ujud794alpaV47rnz59G5S2c0aFAfMpkMgYE9YGtjg8jIa3rvSalUolcvdW8oJycntGnTBtev3Sg3luYv4B07doCrq2uFpyelZubCxcFGa1stBxsUFimQk1eE1Mw8PfutkZKZi9TMXADQ2i+RSOBs/3h/ZWKnGhW77HFV1PnzF+Dj44O2bdvAzMwMDRs2RIcOAfjrr4sVjvU0rimXy8UqQA1bG1soFAoUFhZqbT979hxq1aoFX99m4rboW7fQpIm6Z5Uxsf766yKKFQq9PZtKxiotMysLe/fux4Dg/n+POxe2dqWuZWsDeY5c51ylUonNW7YgsEd3ODo66uyPiorC5cvh6PN8b519VWn1d2vw9jvTEXbpMqa9NVX88/Vsly56k8UAcPjwEVhaWsDf73El5J49+/DMM8/Aw8OjWsdLRERERERET4fRPbD0NWu3t7cXf7aztdVq7iyVSVFUXAxAXV1xNSICAQHtce36dTg6OKBRo4aQy7X/Ip2Smor9+w/i4cOHEAQBBQUFcHVVT13MyMzUmsZoZmYG1xLf09LS0KFDgPhdIpHAxdUFqan6Vzi0t7eHpeXj5JOTkyMSk5KMjuXqWvlKlLKUUZwijqGy51Zn7PLO1Sc1JRXXr1/XasQOAM2b+1Y4lqld8+Sp3zFgQH+tbbdu3UaTJsb1esvPz8e+ffsxecokvc+2rFiPHj3CipWr0aN7N50prTpKxS0oKMC69d/DXGaOoUOH6Bx+9WoEtmzdhgnj3yhzKvGcj+YhIyMDADBkyGD0Cuqp97jyvDp8OF7om4Hz5y/gm29XYM7smToJv5L27z+IsEuX8O4708RedHfv3kNUdDTmz/uoUmMgIiIiIiIi02N0D6zatctZUc5AIsPfzw8rV62GUqnElfCr8G+vW32lUqmwetV3COgQgDcnjodMJsOpU7/jwl9/AVBPzZJKpVrnKFUq8WdBACQoNQah7GEJJc4FAJUgwNxcZnSsyjawd3O2Q2pWnta2lMxcWFnKYGdtATdnW6Rm5ersd3O2hZuzupl1alYe3Gupf1YqVUjPzoObsx0ycwoqFbtdM89yYxsaV0VJJBJ07BCgtbLekyg7iSZoHVPZa9rb20Mu1753uTwH5ubmWlWA8fHxyMjIQNs2bbSOvX37Dno+95xRsXbs3IX27f1Rz0t7uqa+WBr379/H6tVrMHDQADzb5XHVlvpa2klieY4c9vaPm6LL5XJ88+0KNKjfACNGDNdZkODMmT9x6PARTJ06WWc6YknT3poCpVIJAHoruIzl7OwEZ2cnNGrUCJ98ugAXL4biuecCdY4TBAGbNm/Bo4eP8OEH74nJdJVKhZ+3b8ewV15m83YiIiIiIqJ/kSrpgVWexo0bwcrSEtG3buHa9esI0JPASk/PQGZWFnr3ChKTQ/F/9+oBACdHR7HCA1BPeUpNTRW/167tikfJyeJ3QRCQkpoK1zJ69shzc7X6cqWnpcPJyalSsSoioHld3I5PRUb242ufjYhFgK8XJBIJ2jf3wsUbD7TOORcRiw7NveDl5gA3ZztcvPH4uYTefACp1AytveuUGzuguRdCS8QuLFLgUlSCUbENjauiatd2RUJiota2zMxMqEolFUu7du06NmzcJH7PlefCzMxMbKBuYW4OhUIh7k/PyHziawJAgwb1kZycjLy8x8nBmJi7aFC/vlby7MaNm/Dx8dZKbqalpSEvLw/16nkZFevixVCcPXce738wA+9/MAO/HT+By+FXMGvWHJ1YwOMV+UaNGqmVvNJcq2SfOM21NIkohUKBFStXo0Xz5hg1aoRO8ury5XAcOfor3n/vXYPJKwBwd3eHp6cXrUSdAAAgAElEQVQnPD09DVZMlWX5199oTUkGADMzaRlHAzt3/YKM9Ay8++7bWpWgiYlJePAgAZu3bBWfYUzMXez65Rd8//2PFR4XERERERERmQajElgqlQppaWl6P6WbWOsjkUjQrl1bHD3yK+zsbMUV00qys7OFVCrF7dt3IAgCzp49h4TEROTkyKFSqdCiRQvcuRODGzdvIj8/H4cOHdG6dpfOnXH+/AUkJCRAoVAg5OQpFBcX61TDaMhkMhw+fATFxcVISEjA1YgItGvXtlKxSpPnFeFBchYSU9UN5B9lyPEgOQvyvCI0b+iGZ9s0wP8W7satuFT89tdtLN3yByYNfQYAMKxXa9xLTMenP5zE/aQMrNh1Dqev3MPY4ABIJBK8OaQj3v/mCEJvPEBkzENM/eIAxvTzh42VebmxJw7uhDV7/sLuU9dwNyEdk5buQ93ajujh16jc2IbGVd49l9bpmU549CgZv//+BxQKBZKSkrB02ZcID79i8LnWcqmF0NAwnDx5CgkJCfj112No3txXTLy4ubvhZlQUACAvLw9/XfjL6GumpKTip59+RmGh7njr1KkDb29vbN6yFY8eJePGzZs49ttxnZUw4+Lj4Vmq51L0rVto4vO4Z1V5sebN+wjz5n6EObNnYc7sWejerStatWyJGTM+0IkFANt37ESbNq1Rr149ZGRkih+lUon27f2RlpaKw0eOIi0tDad+/x2379wRVzs8fiIESqUCgYE9tM4tLCxEfn4+ft6+A8HBL0ImMxf3ZWZlGXxHZVEqlVpjy8/LR0ZGJnJz1dVoDRo0wIEDB3H79m2kp6fjxIkQPHz4UJzief78BbGPXszduzh37jyGDh2M3Nw8MW5ubi48POpg0cLPxOc3Z/YsNGhQH/369cPw4WzoTkRERERE9E9l1Dy43NxcfDR3vt59Xy//0qgL+fv74/c/TpfZBNrKygqvvPIStu/YiZ+370DHDh0wYfwb+OKLr/DlV8vxwfvvoX//F7Fp0xYUFxcjMLAHfHy8ofo7iRUQ0B7Jycn4dsVKFBUVw6tuXbz77ttlVoM42NvDxcUFH82dB6VShe7du6Fd27blxirdtFufNXv/woyVR8XvPSevBwAsmfoC3h/ZDT99OhwTF+9Fu9HfwsnOCjPHBGJ4b3VyrJaDDQ5+MQZTvziARRtPoXHdWvjl85Fo6OEMAJgzticysgvQ5+0foVSpMPS5Vvjy7RfFaxmK/Vz7xlj+bn9M//owkjPk6Ny6PvYtGw2p1Kzc2OWNq7x7LsnJ0RFvThyPPXv3Y/eevbC3t0Ngjx5or6cyryRPDw+MGTMaBw8exoGDB+Hj44NRI0eI+/u/+CI2bNyEOR/Ng7OzE7p174rt23cadc2s7Cyc+fMsBg4coNUbTeN//xuLbdt+wmcLF8HGxhp9+zyPgID2WsdkZWWJqwNq3L59B02bavesMhTLqdT0OysrK1hYmMPJyUknVn5+Pm7eVCfszp49p3Xe7NkzUc/LC5MnT8L27Ttw9OivcHV1xcQJj/tYXb58GQkJiZg9Z67WuS+9NBSuLi6Qy+XYsmWbzniWf/WFzvMpz4MHCVi8ZKn4PSHhAPbtP4BWrVpiyuRJGBDcH4Ig4McNm5Cbmwt3dzdMnDAederUAQCcv3ABXl5eaNmyBS5fDkdRURE+X7xU6xpt2rTGpDcnwtnZSWu7TCaDrY0N7OzsQERERERERP9MEsGYEqp/mcuXw7F7z14s/OzTmh4KmZCVq1bjzYkTKt3fjIiIiIiIiIjKlp2tnrUVHh5u9Dl+f684z7+pV7EPVxzFlz+dqelhmJTskx/D1tq0G2rn5uZCIpEweUVERERERERkgvi39Sq29K0XsPStF2p6GFRBtra2mDJ5Uk0Pg4iIiIiIiIj0+E8msPz9/eDv71fTwyAiIiIiIiIiIiMYtQohERERERERERFRTWECi4iIiIiIiIiITBoTWEREREREREREZNKYwCIiIiIiIiIiIpPGBBYREREREREREZk0JrCIiIiIiIiIiMikMYFFREREREREREQmjQksIiIiIiIiIiIyaUxgERERERERERGRSWMCi4iIiIiIiIiITBoTWEREREREREREZNKYwCIiIiIiIiIiIpP2j09gpaSkYNasWejbty9Gjx5d08OpVqZ4rx988IHJjIWIiIiIiIiI/p1k5R2wbNky7N+/3+Ax7dq1w8qVK6tsUBWxePFiREZGYvz48fD09KyRMTwt/6V7NSVFRUU4cuQIduzYgR9++AE2NjY1PSQiIiIiIiKi/5RyE1iDBw9Gp06dxO8bNmxASkoKPvzwQ3Gbk5NTlQ3o7NmzmDFjBr799lv4+/sbPFapVCIsLAyvvPIKXn755Sobw5OqyD0Yy1Tv9d8sMzMTe/fuxe7du5GZmVnTwyEiIiIiIiL6zyo3geXj4wMfHx/x+759+5CdnY3u3btX68CMIZfLoVQq4ezsXNNDqXb/pXs1FevXr8cff/yBfv36ISsrC4cPH67pIRERERERERH9J0kEQRAqcsL06dMRGxuL3bt36+y7fPkyvv/+e0RHR8POzg59+vTBhAkTIJOp82QKhQIbN27EsWPHkJaWBk9PTwwdOhSDBw8GAPTr1w/Z2dliPAcHBxw5ckTvOH744Qds2LBBa9vs2bPRr18/AMCxY8fw888/Iy4uDs7OzggMDMT48eNhZWUlHv/HH39gy5YtuHfvHpycnPDcc89h3LhxWlPEyrun0sq7h0uXLuHHH39EdHQ0zM3N0bFjR0yePBnu7u76H7gJ3yug7oH18OFDbNmyxeg45f0eGHuMsc9zxIgRaNGiBZo0aYJdu3YhIyMDPj4+mD59Opo1a1bmvcXGxsLT0xPm5ubiO/jtt984hZCIiIiIiIioEjT5kvDwcKPP8fPz+z979x0dVbW3cfwbUiC9hx6aKB0CRFqUDoIoHVFEEBCkY4moqCjoNYBcmhQp0ltogtRQg3SQSC+idBJIID0QUub9I+aYmECGpuN7n89arEVO2ee390xYax723gOA9eeff/75gzxs06ZNxMbG8sorr2Q7fvDgQd577z1KlSpFr169KFKkCIsWLSIqKop69eoBMGnSJJYvX07Xrl1p3bo1ycnJzJkzB1dXVypUqECdOnUoUaIE+/btY+jQoXTv3v2eM45KlChB3bp12bBhA506deL999+nQoUK5M+fnx9++IGgoCCaNGlC9+7d8fDwYMGCBcTGxhq1hISEMHz4cKpUqUL37t0pWbIkwcHBnD59mqZNm5rdp7+6Xx/27NlDYGAgvr6+9OjRg0qVKrFp0ybWrl1Ls2bNsLe3/1f1FWDz5s0kJCTQrl27x/Y+MPcac8dzxYoVHD9+nJiYGLp27Ur16tXZtWsXP/30E+3bt8fKyirXvrm5uWFtbQ1k/HL98ssvdO3aFVtb23uOh4iIiIiIiIjkLjk5GYCIiAiz7ylcuDBgxhJCc40fP56SJUsyatQo8uXL+HLD9PR0Zs+eTa9evfDw8GDPnj3UqlWLzp07AxAQEEBiYiJnz54FoHTp0oSHhwNQtGhRSpcufc/neXp6GuGCl5cXZcuWNc6FhobSpEkTBg0aBMCzzz7Lr7/+yvbt2wkMDMRkMjF16lT8/f0ZMWKEcZ+bmxsjR47k4sWLlChRwqw+/dX9+jB+/HiefvppvvnmG6O9GjVq0LVrV+bPn8/gwYP/VX3NzeN4HwBmXfMg4+np6cm4ceNwdHQEMvYUGzduHNevXzd+GURERERERETEMuV7HI2Eh4dz8eJFmjRpYgQJALVr1yY9PZ2TJ08CGdO+9uzZw8SJE/n555+5e/cuI0aM4KOPPrpv+x9++CEBAQHGn02bNt33+nHjxvHXiWXFihUzpqpdvnyZyMhIGjRokO2a+vXrM3HiRNzc3Mzq04PUdfnyZa5du0azZs2ytefr60vVqlU5cODAv76vj/N9kNc15o5nphIlShjhFYC3tzcAt27deuAxFxEREREREZG/12OZgXXr1i0AvvvuO7777rsc5zPDlPfeew9fX182bdpEcHAw+fPnp0WLFvTp0wdnZ+d7tt+7d286depk/FyyZMn71hMfH8+SJUvYsWMHN27c4Pbt27nW89dZRQUKFDC+NfDKlSt59ulB6oqOjgbAx8cnxzkvLy9+++034N/d18f5PsjrGnPH0xwPOuYiIiIiIiIi8vd6LAFW5qbWnTt3platWjnOlypVCgBbW1tee+01XnvtNWJiYti5cycTJ04kKiqKoKCge7Z/v6WEuRk6dCjXr1+nf//+lC1bFgcHB+bNm2dsPO/i4gL8GSo9bJ+8vLzMrsnV1RWAmzdv5jgXGRlp7JP1b+7r43wf5HWNueNpjgcdcxERERERERH5ez2WJYQlSpTAw8ODy5cv4+/vb/ypWbMmnp6eeHl5ce3aNZo3b87y5cuBjD2YXn75ZWrXrp1ttkzmcrAH/HJEQ2JiIkePHqVFixY0atSI4sWL4+npaWwUBhlL7Dw8PNi5c2e2e3fv3k1AQAAnTpwwq0/3klsffH19KViwICEhIdmOX7t2jaNHj+Ya+Pwb+prV43ofmHPNkxhPEREREREREbFMj2UGVr58+ejfvz8jR47k448/plmzZlhbW7N27VqOHDnC0qVLKVKkCBUqVGD69OmkpqZSqlQpzp8/z969e3nxxReNtgoVKgTAmjVriI6OpkmTJg9Ui6OjI76+vqxcuRIHBwdcXFzYv38/27dvB+DOnTsUKFCA3r17ExQUxIgRI2jYsCFRUVHMmjULf39/KlasCJBnnzJnAf1Vbn2wsrJiwIABfPrppwQGBtKqVSsSEhKYPXs27u7udO3a9YHH3RL6mtXjeh+Yc82TGE8RERERERERsUyP7VsImzdvjqOjI/Pnz2fEiBHY2NhQtWpVJk+ebIQfX331FTNnzmTp0qXExMTg7e1N586d6d69u9FOqVKleOWVV/jxxx85efLkAwdYAKNHj2bixInMnTsXKysr6tevz1tvvcWMGTO4cOEC5cqVo1WrVuTPn5+FCxeybds2XF1deeGFF+jZs+cD9Sk39+pDw4YNGTNmDLNnz+aLL77AwcGBWrVq8fbbb+Pm5vbA/bSEvv7V43ofmHPNkxhPEREREREREbE8VqaHXasnIiIiIiIiIiJipswvdwsLCzP7Hj8/P+Ax7YElIiIiIiIiIiLypCjAEhERERERERERi6YAS0RERERERERELJoCLBERERERERERsWgKsERERERERERExKIpwBIREREREREREYumAEtERERERERERCyaAiwREREREREREbFoCrBERERERERERMSiKcASERERERERERGLpgBLREREREREREQsmgIsERERERERERGxaAqwRERERERERETEoinAEhERERERERERi6YAS0RERERERERELJoCLBERERERERERsWgKsERERERERERExKIpwBIREREREREREYumAEtERERERERERCyaAiwREREREREREbFoCrBERERERERERMSiKcASERERERERERGLZmPORUlJScybN48dO3YQERGBvb095cqV4/XXX6dGjRpPusb7Cg8Pp2PHjtjY2GBlZYXJZMLZ2Znq1aszYMAAvL29H7jNtLQ06tevz+zZsylbtuwTqFpERERERERERMyV5wys5ORkBg4cyL59+/jggw9Yt24dixYtwt/fn8DAQEJDQx/4oWlpaQ9V7P3MnTuX7du3s2PHDmbPns3t27f55JNPHvtznkTtIiIiIiIiIiJyb3nOwFq9ejXXrl1j8eLFuLm5AeDo6Mhrr71G0aJF8fDwACAoKAhra2sCAwOBjFlbzZo1Y+HChbi6utKqVSveffddvv/+ewIDAylatChjx47l1q1bpKamUrJkSYYOHYqPjw+pqanMmjWL0NBQTCYT9vb2vPXWW9SpU8esTnl5edGzZ0969uxJTEwMbm5uHDlyhEmTJhEXF0daWhq1a9fm3XffxdramoSEBEaNGsWxY8dwdXWlXbt22dp7/fXXadasGWvXruW5555j4MCBhIaGMnv2bO7evYutrS2dO3emRYsWDzT4IiIiIiIiIiKStzwDrP3791OvXj0jvMqqfv36Zj3Ezs4OgHPnzrF69Wqsra0ZNGgQtWvXplu3bqSnpzN//nx2795N27ZtWbJkCT/99BPTpk3DxcWFw4cP895777F48WIKFSpk1jMzZ0rZ2NiQlpbGsGHD6NmzJ23btiUmJoauXbtSvnx5WrVqxbx587hx4wbBwcHY2dkxefLkHPXv3LmTmTNn4uLiwtmzZ/niiy+YNGkSFStW5OrVq/Tq1YtixYpRuXJls+oTERERERERERHz5LmEMDY29qH2kcpN06ZNsba2BqBgwYLs37+fsLAwUlNT6datG23btgVgx44dtGzZEhcXFwCqV69OsWLF2Ldvn1nPuXHjBjNnzsTf3x8nJyesra1ZtmwZL7/8MgBubm5UqFCBS5cuAXDgwAEaN25sBG0dOnTI1p6VlRV169Y16tmyZQs1atSgYsWKABQtWpSGDRuyadOmRxkeERERERERERHJRZ4zsDw9PYmIiHgsD3N3dzf+HhgYyNKlS5kyZQoXL17E39+fQYMGUbBgQW7evJnt2sx7b926dc+2u3XrhpWVFQCurq74+/vTv39/43xISAibNm0iJSUFKysrLl++TPHixQGIiYkxwqnM++9Xe1RUFL/88gvt27c3jqWkpFC1alVzh0JERERERERERMyUZ4BVp04dvv32W65fv07BggWznQsJCSExMZG2bduSL18+0tPTjXOJiYk52soMmCBjWV7Xrl3p2rUrCQkJ/Pe//2XMmDF88803eHp6Eh0dne3eW7du3Xcm2Ny5cylRokSu5w4dOsT48eOZMWMGTz31FADvv/++cd7FxYW4uDjj58jIyPvW7uPjw7PPPstXX311z3pEREREREREROTxyHMJ4YsvvkiZMmUYPHgw+/btIyEhgZiYGJYsWcI333xD0aJFAShcuDC//fabEWKtW7funm2mpaXRq1cvDh8+DICTkxOFCxc29q1q1KgRGzZsID4+HoB9+/Zx/fp1szdx/6vo6GicnZ3x9fUF4KeffuLs2bMkJSUBUKNGDbZs2cKdO3dIT08nODj4vu01btyYgwcP8uuvvwJw+/ZtRo8eTVhY2EPVJyIiIiIiIiIi95bnDCxbW1smTZrE/PnzmThxIhEREdjb21O5cmUmTpxIuXLlAHjppZc4ePAgPXr0wMPDg2bNmmFnZ2eEUllZW1vTs2dP41sB8+XLR7FixXj33XcB6NSpE/Hx8fTp0weTyYSzszOjRo3Cy8vroTr5/PPPs3XrVjp37oyjoyMNGjRg8ODBBAUFUbx4cbp3787XX39Nhw4dcHZ2pmvXrqxfvz7X2gHKli3LsGHD+Oqrr0hKSsJkMvHcc88Ze2KJiIiIiIiIiMjjY2UymUz/dBEiIiIiIiIiIvL/W+b2TQ+ygs3Pzw8wYwmhiIiIiIiIiIjIP0kBloiIiIiIiIiIWDQFWCIiIiIiIiIiYtEUYImIiIiIiIiIiEVTgCUiIiIiIiIiIhZNAZaIiIiIiIiIiFg0BVgiIiIiIiIiImLRFGCJiIiIiIiIiIhFU4AlIiIiIiIiIiIWTQGWiIiIiIiIiIhYNAVYIiIiIiIiIiJi0RRgiYiIiIiIiIiIRbO538krN2Ip0XpUno0M6lSXce+0emxFyf8/ZTt8Q81yRVn85atm37Nk81G6fLaEE4vfoVxJ7ydY3f2du3KTZzqOZdYn7en+Yo0n9pzL12MZPmMzWw6c41bcbUoVcadXa38GdqxLvnxWxnUrth/n67k7OHn+Bk72drxYrxxjBrbAy83xgdtasDGMCUt2c+ZSFE72dtSp7MuXbzejfEkf45qbsUl8OHkjP+46RWzCHcqV8Oaj7g3p1LjyPfvy3oR1jF+ym7nDO/L6C35mt3UhPJoy7cbcs91OjSub9R4KO3ONrp8Hc+rCDW6GfIabc4Fs5yOjExn5/VbW7j5NxM0ECns60yqgHJ/2aPTA45iWls74pbuZ/ePPnA+/hZuTPbUrFeeLt5pSqUzBB2orPd3EpGV7mLn6IOevRePqVIA6lX354q0mVCz9Z1tHz0Xw+Ywt7D12iYTbyZQs7M6bL9VkcKe6WFv/+f8S1yLjeH/iejbuO0taejo1yhXlP32bU7uSr3HNyfM3GD59M7uPXiQuMZnSRT3o8VJNBnask60tERERERGRf9J9AyxvN0c2Texh/Jx4+y7thi7gteZV6Zblg7xvQbfHUkxswh08m40katOnOT5wyr/biN5N8XZ3zPvC/1Ex8Xdo1H8G6ekmvu7/AsV8XFn70yneHb+OpDspfNStAQA/7jpFp48X0bddLSa++xLXbyXwwbcbaPnOHPbN6ke+fFZmtzVp2R6G/HctfdvVYvTAlkTGJPLZd5tpMmAWRxcOxtPVgfR0Ey3fmc2N6EQmvfcyxXxcWbb1GK9+spj8tta0fr5Cjr7sOnKBKSv25ThuTluFPJzZOrlXjntjE+7w6qdLqFmh2H3HMT3dxOgFOxkxaytPF/fK9ZqU1DReGPI9kdGJfNG7KWWLe/LL2XA+mRbC4TPX+Om7Pg/0mgwZt5YZqw8yvFdjAqqWJPxmPJ/P2EKj/jM4unAwhTydzW7rs+mbGbNgJ98GtqZxzTJExSby4eSN1H1rKscXvUPxgq6cu3KTBn2nU6GUD9M+bIOrUwE27DlD4MT1RMclMbJPMwASku7SsN8MPF0dWDSiMwXy2zBqXihNB87idPB7FPV24VpkHA36TqdymUL8MKYrni6ObPv5N/qPWc3F8Gj9x4SIiIiIiFiM+wZY+e1saOL/lPFzTPwdAEoWds92/HHZd/wyJpPpsbdrrrS0dACLnHVgybWZ49VmVf/pEp6Y5Lup5Le7769SnpZuOcrvV2+x//v+1CxfFID6fqU4ei6CuesOGwHH8OlbaFSzDN8GtjbuLeLtQt1eU/lh50naNahoVlsmk4mguaG0rPtMtraKebvwXJ/vCNn/K682q8qPu05x6NRVQqf1JqBqSQDqVPbl9MUbfDZ9c44AK+lOCj2+XE7vNs/y7bK92c6Z01aB/DY0qF46x/i8HbSKssU9GfxKvfuO47WoOL5dtod1/+3OkV/DeW/CuhzXHDh5hTMXo1gR9DrNa5cFIKBqSeISk/n0uxAuX4+leEFXs8bxTnIqy7Yd473XAozXKOs4bj5wjq4t/Mx+fees+5l2DSryVmt/AEoX9WDCuy9R7fWJ/LDzBAM71mXljhOYTCbW/bc7rk4ZQX+D6qX55Ww4i0OOGAHWpGV7iLgVz/7v+xv/IVCtbBEWbvrF+Pdk3Z4z3IxNYnJga2OWY5liHmzad5b5G8MUYImIiIiIiMV4tE/dWcxYfZBJwXv49XIUDgVsafpsWUYPaIFvoYzZWSaTia/nhjJv/WEu34ihgJ0NNcsV48u3m+FfoRhfzt7O8OmbAfBsNoJGNcuweVLPez7v7KUoPpi0gR2Hfwfg2YrF+LrfC9Qol/HhsOvnS9l15CLnV32Q7T7v5l/SoVElpg5tw7XIOIq/HMTsTzuwZPMRth78jZ/nDqRiaZ/71prZn3FLdjNz9UF+v3oL+/w2fyy/ak71Z4rcd6x6frmCvccv8c2glnw0ZSO/Xr6Jm1MBurWszld9m5Mvn9U9a6tUpiAXI2L4aPJGNh84R3xSMk8V82TQK3Xp3eZZ4xlHz0UwbOomDpy8QlziHYp6u9CleTU+69nYCMHMaafSq+NpUL0Ufs8UZdT8HVyNjKOotwufvNmIN1pWN/v1+OsSwtvJKXwyLYQfQk9yLSoONyd7nqtWklEDWlCqiPt9x++vyrQbQ/PaZSlR2J2pK/YRcTOBEoXc+KxXY7o0r2Zct/Xgb3w1ZxtHz0VwOzmFUoU9GNCxDm+3q2VcE5eYzKCxa1i98ySpaenU9yvNO68GZHveok1H6Pr5UkKn9aZP0CqiYpK4vmEYADvDzjN8xhYOnbqCyQQ1yhVlZJ+mPO9X6r596Ny0CvWqlMi25AwywuJ9Jy4BcP1WAkd+DWdylsAJoFbF4hT2cmbDnjO0a1DRrLYAfvquD/b5bXNcAxB+Mx6ATfvO4uPuZAROmdo2qMTbQau4ciOWYj6uxvGPpmzEzsaGj7s3zBFgPWhbmQ6evMLMNYfYOrkXNnkEuB4uDvwyfxBebo4c+TU812vqVSlBwo4vchx3KJAxFpnL+cwZxwL5bYhYPyyXtuwAsM6Xz+y2MtnaWGf7Ob9txj/TBewy6vvg9ef54PXnc60/83kAy7cdo0PDytlms7o5F6B/h9o57s35TGsKPGIoKyIiIiIi8jg9luk83yz8ibeDVtHm+QqEzRvEqlFdOXMxkgb9ppN4+y4A01YdYMSsrXzasxFHFwxh86ReeLjY03TgLGIT7hDY5Tm+6N0UgN9XfcAPo7ve83lRMYnUf3s6t+KSWDnqdTZOeBNbG2sa95/J+WvRZtdtZ5vxoW3c4l3UqVyCXdPfpnRRjzxrhYylPkO/3UC3F6vzy/xBrB/3Jom3U2jQd3qeNdja5OPy9RgmLNnNj990I2bLcL58uxmjF+xkzMKd960tOu42z/WeRtjZayz58lWOLhxMlxeq0XfUD0xenrFsKz3dRIshszGZYMP4Nzm+6B2+fLs53y7fy8jvtwGY1U5mrev2nGH/iUvsndmPWyGf0aLOM/T6z0qjnw/zegwYs4aZaw4yakALjiwYzLKvX+P8tVu0+WCe2a/fnzVas3zbca7eiOXowiFc3zCMRjXL8Mbnwew7nhEO/H71Fi3emY2PuxMhE3tyaM4Aerxck/5jVrNi+3GjrX6jf2D5tuNMePclwuYPossL1Rgy7sdsz8t8bYZNDWFY90ZsHP8mAHuPXVAjq/0AACAASURBVKLJwFm4OhYgdFof9szsSxEvZ5oN+p6wM9fu2wdXpwI5wo3bySlsPvirMSPp9MVIAJ72zbk07mlfL05duGF2W1ZWVpQu6kFhL+ds16356RRAtmfe63kApy5EGsdCw84zbeV+5nzW0QhdsnqQtrJ6d8I6Wj9fnvp5hICQEeJk3cMqL3dT0oiKSWTljhP8Z8523mxVg6LeLoB545hValo6sQl32HP0In2CVlKxdEHa1K/wQG31bV+blTtOELL/V9LTTUTH3WbErK34uDvRvmHFHM+8k5zKlRuxjFmwk3V7zvBR9wZGLcd/u06ZYp4Mn76Z0u1G497kCxr3n8n+E5eN+9s3rIiPuxMfT91IVEwi6ekmdhz+nTU/naJf+zpmj6OIiIiIiMiT9sj/xX43JY3/zNnOSwHlGdEnI4AqV9KbBV+8QpUuE1iw8Rf6tH2Wn09doaCHE681q4qVVcYMh1mfdODQqSvY2liT387G+B9/V8cCONrb3fOZM9ccIio2kaMLBxv7Ks0b3om3/rOSMxcjzZ7BY2OdEUT4uDvxaY9GxvG8ar2dnML4Jbt5pUkVhnatb9w3//NOlG43hmkr9zFqQIt7PtfKyoqkOyl83f8FY4Zaj5dqMnfdYeauO8zQrvXvWdu3y/dyNTKOQ3MG4PfHTK+PujUg7Mw1vp67nX7ta3E1Mo6Im/G0bVDRmA1WppgHFUv7GGM8Y83BPNvJ7Hvy3VS+fb+1Edy83a4W3y7by8+nr1KqiPtDvR7DezXmw271KfvHPkVP+3oxsFNd3hy53FjCZS4rKzCZ4JtBLxo1jh38InPXH2be+sPUruRLQQ8nDs8dSInCbjg75AegfEkfJi/by4Y9Z2jfsBJxickEbz1G79b+xuyyp4p5cvlGLB9N3mg8L3MWUPPaT/Na8z+XRn45exterg4s/rKzMbNpzmcd2dXhG8Ys2MmikZ3N7lN6uoneX68kKiaJoP4vABATfxvAWDaWlYtDAc5duWl2W7kJO3ONwEnr6fFSTeN9ExN/J9dZUS5/jGFmTYm379Lzy+V80PV5apYvaiw3zsrctrLatO9X9hy9yC8LBt2z7kfReMBM9hy9iJ2tNYFdnueL3k3ueW1e4/jFzC38Z84OANo3rMR3H7Y1ZnWZ29aw7g1JTk6lxZDZWFvnIy0tnaeKebLl2554uDhkayM1LR3HBp8BGf9OLBrRmQ6NKgEZm+WnpqUzdeU+Xgoox6IRnYlNSGb4jM0Ze2AtfZci3i54uDiwfcpbtA6cR8EWXxnPHNq1Ph93b4CIiIiIiIileOQA6+T5G8Qm3KF5naezHa9YuiCFPJ356Zfz9Gn7LK3rV2DehjAa9J1Blxeq0bBGacoW97rv0qq0tHTik+4aP1tZZXx433/8EqWLeGTbFNzT1YGVo15/qD7Uqeyb7ee8aj148gpJd1JoUCP7LAzfQm4UL+jKz6evAhkf6lNS043z9vltjL2S7Gyt8Xu6cLb7K5cpyLRVB4z9aXKrbe/Ri3i7OxqhU6Ymzz7Fiu3HOXflJmWKelK7ki/vTljLmYuRNPZ/iueqlaRymUIP1E5muFTlqUJGMATg7mwPZHxIBh7q9XAoYMu4xbvYcfh3ImMSSUszkZySarSbW4AVm3CHrFukOTvYGcsha5Qrkq1GhwK2lC7iYczqcbS349yVmwROWs/ZS1HcTk7BZIKbcUlGP05duEFaWnqOjcLrVSmRax/++trsOXqR5rWfzrYsL7+dDc9XK0lo2HkgIwy8nZxqnLe1yZcjrL2dnMLrw5ey+cA5Vo95w/hGwMxAMTf3OnWvtv4qZP+vdPp4Ec1qlc22RPFe7f61lqHfbsDJPj+f9mj8wDXer19jF+3keb9S2d67YN44muO7D9tyNTKOgyevMHbRTs5ejmLxyM45ajJnHPu0rUWTZ8ty9lIU/130E/X7TmfLtz3xcXcyu63xS3bz38W7GDv4RRrWKM2tuNuMWRDKi+/OIXRaH0oU+vMLM2ys87F7xttExiSyae9Zuny2hGtRLRnUqS4pqWkAlC7iwZQP2hj3VHmqEKXbjWZi8B6C+r/AjegE2nwwn6I+Lkwd2gZPVwd2H73Ih5M3Ymdrzedv3TvQExERERER+Ts9coAVk5Axa2LIf3/k3fFrs527m5JGxB976bwUUJ4dU95iUvAePpqykZj4Ozzt68XX/V4wltn81d7jl6j/9nTjZxfH/ERvGU5Mwp17zmx4GG5/BDKZ8qo1NjFjdslfZ0RkHLMnLjEZgDYfzGfbod+Mc2MHv8iQzhmbUDvZ58/xIdmhgB0mkynbB/O/1haTcIfI6ETsn/802/H09IxkJ+JmAmWLe7F5Uk8mLN3N8m3HGLvoJ/Lb2fBq06qMGdQCDxcHs9sBcuyTlClzw/0HfT1MJhPthi7g1IVIJn/QmmcrFKOAnQ1rd5+mz9er7nmfV/ORRn0AP88dSLU/QsDMWVVZORSwJSEp47UI2f8r7T9cwKvNqrJy1Ot4uzmSL58VDfvNMK7PfN1cHbPPcHL/y2uQ23GTyURcYjIrth/PMaapWQLJMQt/MvZ6A3j5ufKsyrJcNuJmPK0D5xFxM4Gd0/oY/cv6vNxmN0XH38bDJXud92srq+9WHWDg2DX0b1+bsYNfNPaAynxmbjOjov845uHiwLZDvzHrx0PsndkvW4j4V+a0ldXVyDi2HvyNmcPa57gnr3E0V4VSPlQo5UPTZ5+iUpmCtP1gPq80qULbBn8u1zN3HIv5uFLMx5X6fqV4+bnylGo7mv/M3sH4d1uZ1datuCQ+mrKRoV3rG/9OANSuVJyirb5m1Lwd2cKojHMZIepLAeXJb2dD4MT1dG5aBZc/3sP+fwljC3s5U7a4Fyd+vw7ANwt+4lpUHAdm98fFMeN3qGrZwsQm3OGz6Zvp3eZZivyxpFJEREREROSf9MgBVuaH6hF9mtL6uZxBVNZgo26VEtStUoL0dBM/n75K0LwddPhoIT/PHUDVsjk/FFYuU4itk3v9Wewfs21cHe+9XCqTFbnP6ridnJJ3p/Ko1c0po8+34pJy3HczNskIfr4Z1NL4cA4Zy9EyxSTcJj3dlC0siE9Kxto6Hw4FbI0w5a/cne0p6u1CyMTcN7jPXJLoUMCWj7o14KNuDbgZm8Sq0BN8MGkDcYl3WPZ1F7PbMYc5r0dWv16+ye6jF5n2YVs6Na5sHL+bknbf+7Z82yvbt1RmHc+bubwW8UnJFPHK+PA9d93PFPF2Yf7nnbIFh1lfH8c/3quZAWWmqJjEPPtkZWWFq1MBGtUsw5d/fAtcbrq28COg6p8zurxc/5y1FhWTSOMBMylgZ8P+7/tRyDP7/lTl//iWuDOXImnsXybbuVMXImmXJXTJq61Mk5fvY8i4H5n43sv0zbKZfaYKpXxYuuVYjuOZ+21VKOXD8BmbuZuShv+b3+a4rvuI5bw5cjl3do40q62sNuw9A0DLus/kuOd+45iXo+ci2HvsEm+19s/2+1erYnEATpy/YQRYeY1jxM14Nuw9S+OaZbL9zhT0cKJkYXdOnL9uHMurrbOXoribkkbF0tn3yrLPb4tvQTdjNmHmly5kfb0Bnq1YnNQluzl7KYqAqiUp5OlMZHTO925qWjpp6Rmh6rHfIvAt6GaEV5nKlfAmPd3E2ctRCrBERERERMQiPPIm7hVK+eDimJ+L4dGUK+md7Q9gbIi8fs8Zjp6LyHhoPiv8KxRjxsftMJlMxpK7TJkhhatTARpUL238yfz2Mv+KxbgWGceZi39u+px0J4U6Pafy/Y+HgIzZHJkbrmc6deGGWQFWXrVWKl0QR3s7dh4+n+2+C+HRXLkRR+1KGR+Eq5YtnK3+rPv/pKeb2Hs8+7eP/Xz6KhVK+mT7UP1XdSr7EnErAWfH/NnG2t3FHi83BxwK2HIpIoZFm44Y93i6OtDrZX+6tvDjwMkrZrdjLnNej6wyZ+15uv454yY93cTcdT8DZAupsqrvVyrbeDo5/LlkLOzMNZLu/PnaxsTf4bert4ylZzEJd/Bwsc8WXv246xSR0YnGssRyJb2xsrLi0B9jlGnrwXNmjUPdyiU4fSFjo/KsY2pna02JwhnhRolCbtn6kHVj744fL8LW2pqt376Va+Dk5eZIrYrFWb4tewi09eBvRMUk8vLz5c1uK/O+QWPXMP2jdrmGVwAv1itPVEyisQQy05KQI/hXKEZhL2c+79WEIwsGEzZvkPFn57Q+AHz5djPC5g3C2jqfWW1ltXn/r5Qo7EZBj+xL8OD+45iXI7+G02/0D2zNMjsS4NCpjNe9mM+fgU1e45iSmk6vr1Yw/YcD2Y5HxSRyITw62+98Xm0V/iNsPZkl9IKM0P1CeDRF/hifpZuP8ObIZTkC9J9PXf2j/oxnvhRQjrW7TxGf9GcYfiE8mnNXbhrfDlrYy5lL12NIyLJUG+DkH6FiZgAsIiIiIiLyT3vkGVi2NtZ82K0Bn363mdJFPXn5ufKkpqUzb/1hvln4E6HTelOvSgm+W7WfE79fZ8K7L1G+pA9Jd1KYufogdrbW1K2cMZMicwnUml2nqPFM0Xt+KO31sj/jF+/m1U+X8HW/F3BzLsCYBTs5deEG9f0y9qV6tmJxJi3bw4KNYXRpXo3z16J5b8I63F1yXw6WVV61Fshvw/tdnufL2duoXq4oLz9Xnuu3EgictB435wL0bZfza+r/ysnBjg8mbeA//ZpT3MeVBRt/4efTVxn3Tqv73tfz5ZpMDN5Dhw8XMmrAC5Qo7M7J89d5Z9w6ShZ2Y+OEHly/lcAbXwRz+MxV3mhZHSd7O85ciuSH0JM0/GPfLnPaMZc5r0dW5UtmhJ7frdxPjXJFiU24w4hZW6lZvhiHTl1l/4nLxiw2czk55KfbF8F80qMRtjbWfDIthPR0E91ezNiMvXYlX76YuZWVO05Qp5IvWw+dY9rK/TzvV4ozlyK5GhlHUW8XWtUrx5x1h6lRvhj+5Yux9/glfth50qwaPuregIb9ZtDrPysY1KkeLo752XroN96bsM6YDXcvCzaGsTPsPJPef5lffs35jYXPViiOQwFbRvZpRvPB39N31A+80bI6V27E8t6EdTSoXpoWdZ4xuy1bm3wMHLuGmuWLUqqIOzsO/57tGh93JyqU8qF57bLUr16KNz4P5ptBLSnm48rcdT+z9/glNv3xHini7ZJjlk7mMsdiPi7G77E5bWV17spNypXwvt+Q53D5eiy/Xc2YDfjbH7MCdx25gJODHTbW+QioWpJ2DSoyen4o3b4I5vO3mlChlA+nL0YyfPoWivm40r5hJbPHsXhBV95oWZ0xC3Zia5OPBjXKcCs2iVHzQ0lLS6df+9pmt1WikButn6/A2EW7KF7Qjfp+pYlNvEPQ3B0kJafQv0PGtwIO6RxA8NZjvDB4NkPfqI+XmyOhh88zYeluWj9fgZKFM7404aPuDQneeoyW78zhs56NSUlNY9jUTbg45jf+jerbrjaLNh3h1U8X82nPRni5OrLv+GXGLvyJFnWeyfVbI0VERERERP4JjxxgAQztWh9XxwJMWbGPT6aFYJ/fhmpPF2HD+DeNDbDnf/4KH03ZyIBv1hBxMx4n+/xUeaoQa8d2N2Zrta1fkRk/HKTvqB/wL1+M0Gm9c31eQQ8nQqf1Zui3G+g0bCFWWFGzfFE2T+pJmWIeAHRuWoXDZ64y9NuN9AlaRcVSBRk7+EUGfrMm255EuTGn1s96NsoIYVbtZ+i3G3C0t6NB9dLM+LidWUtuHAvY8VXfZrw/YR3Hf7+Ou7M9n/ZoxMCO9//qeg8XB3ZO68PHUzbS/sOFxCclU9jLmXYNKvLFWxnfAulfoRirRr/OmPk7+f7HQ9xOTqGotwuvNKnC8F6NzW7HXOa8Hlk5O+Rn8chXeX/iesp1GotvQTfef/15erSqwdlLUQROWk9ScsoDzf54rmpJAqqVpN3QBVy5EUupIh4s+fJVY5P6d18N4Pert+j99UpSU9NpVLMMS796jZ9PX+XNkcuo3XMKv60IZNYn7ek/ZjWD//sjJpOJ56qVZN7wTlR/Y1K2DflzU69KCUIm9uCLmVt5rs800k0mnirmyX/6Nqd/h/uHmpv2nQVg4Ddrcj1/YvE7lCvpTWP/Mvwwuiufz9zCnHU/4+pUgPYNK/F1vxceqC0bm3zGjLnG/WfmuKZT48os/vJVAFYGdeXDyRvoP2Y18UnJVC5TiDXfvEGjmmVy3JeXB2krPCqeZ3wfLMBauuUoQ7/dkO1Y68B5wJ976Dna27F5Uk++/H4bo+aFEn4znkKeTrSs+wyfv9XE2E/N3Ndk2tA2lC/lw/z1hxmz4CdcHPPj90wRdk1/29iDyty2Fo54JWMj90W7GDT2R5wd8uP3TGF2Tutt7HdVqUxBdkztzchZWxk09kdiEm5TsrA7n/ZszHuvBRhtlijkRui03gROXE+7ofMBeK5aSeZ//orxb5R/hWLsmv42I2ZtpU3gfGIT71CysDtDOgfwfpfnHmjsRUREREREniQr073Wa8kT03fUD/wQepLw9R//06X8v1D+lf9SrWxhI3AREREREREREcsTFxcHQFhYmNn3+Pn5AXnMwBoxaytfzNz6CKXJX6Xt/U+OY9Z1FGQ9DI2lyJN3Y+Mn2farExERERER+SfcN8D6rGdjPuvZ+O+q5X9WbkGMPByNpYiIiIiIiMj/P1pCKCIiIiIiIiIiT9yjLCHM90QqEhEREREREREReUwUYImIiIiIiIiIiEVTgCUiIiIiIiIiIhZNAZaIiIiIiIiIiFg0BVgiIiIiIiIiImLRFGCJiIiIiIiIiIhFU4AlIiIiIiIiIiIWTQGWiIiIiIiIiIhYNAVYIiIiIiIiIiJi0RRgiYiIiIiIiIiIRVOAJSIiIiIiIiIiFk0BloiIiIiIiIiIWDQFWCIiIiIiIiIiYtEUYImIiIiIiIiIiEVTgCUiIiIiIiIiIhZNAZaIiIiIiIiIiFg0BVgiIiIiIiIiImLRFGCJiIiIiIiIiIhFU4AlIiIiIiIiIiIWTQGWiIiIiIiIiIhYNAVYIiIiIiIiIiJi0RRgiYiIiIiIiIiIRVOAJSIiIiIiIiIiFk0BloiIiIiIiIiIWDQFWCIiIiIiIiIiYtEUYImIiIiIiIiIiEVTgCUiIiIiIiIiIhZNAZaIiIiIiIiIiFg0BVgiIiIiIiIiImLRHjrA6tu3LwEBAYwYMeJx1vNY/PLLL6xYsYKkpKR/uhQREREREREREXlENv90AY/bnTt3GDx4MGlpady6dYu33nrrny5JREREREREREQewf+7JYT58+enatWqODg4UKlSpX+6HBEREREREREReUT/72ZgWVlZMXHixH+6DBEREREREREReUzMCrCSkpKYOHEioaGh2NjY0LRpU1JSUrJdc+XKFTp37gzAuHHj8Pf3B6B3796cPHmSFi1aMGzYMGJiYmjVqhUA77//PsuWLSMyMpKQkBDOnDnDvHnzOHr0KPHx8Xh5efH888/To0cPnJycADCZTAQHB7N69WrCw8Px9PSkXr169OrVC2dnZwCaNGnCnTt36NevH6+99ppR46ZNmwgODubChQvY2dlRvXp1evfuTYkSJQAIDw+nY8eOAHz44YesXbuWM2fO4OHhQfv27bO1JSIiIiIiIiIifw+zAqxRo0axdetWIGOGU3Bw8GN5+Lhx40hLS8Pa2pqoqCj69etHcnIyBQsWpHTp0ly4cIHg4GAuX77MmDFjAJgwYQLLly8HwNramoiICFasWMGRI0eYNWsW1tbWuT5rzpw5zJw507gvOTmZ0NBQDh06xPTp040QK1NQUBBWVlaYTCauX7/OlClTKF++PH5+fo+l7yIiIiIiIiIiYp4898C6cuWKEV517NiRbdu2MWPGDGNG1KNwdXWlT58+fPzxx3h5ebF161Z27drFihUr+P77741vONy7dy9xcXGEh4ezYsUKAHr16sX27duZPHky1tbWnDt3joMHD+b6nOjoaGbPng1AmzZt2LJlC4sXL8bb25vExESmTZuW4542bdoQEhLC8uXLcXBwAODAgQOP3GcREREREREREXkwec7AOnv2rPH3bt26YWtrS/ny5SlVqhTHjh17pIcPGDCAZs2aGT9HREQwf/58Dh48SGRkZLZlijdu3ODs2bOYTCYAOnXqRL58+ahatSrDhw8nMTGRwoUL5/qcgwcPkpaWBkDPnj2xtbWlePHitG3blunTp3PgwAGj3Uz169fH3t4ee3t7fH19OX36NDdv3nyk/oqIiIiIiIiIyIPLM8CKjo4GMpbdubm5PdaH29raGn+Pj4+nT58+3Lx5k7Jly9K2bVuio6NZtGgRkLH3VXx8PAB2dnbGrCiARo0a3fc5MTExRh/c3d2N497e3gAkJydz+/bte96fL18+owYREREREREREfl75bmE0NPTE4C0tDQjQMqNlZXVIxWyd+9eY4bTuHHjePXVV6lfv362a1xcXAC4e/cuSUlJxvFr165x8eLFe9bn6upq9CE2NtY4fuPGDSAjELO3t3+k+kVERERERERE5MnIM8B6+umnjXBqwYIFpKWlcfbsWS5cuJDtusygCyAsLAyAM2fOcOXKFbMKyVziBxjhVGhoaLZrqlWrZtSybNky0tPTOXfuHK+//jpdunTh6NGjubbt5+dnbO4+a9YsUlJSuHbtGmvWrAGgZs2ajxzAiYiIiIiIiIjIk5HnEsIiRYrQtGlTQkJCWLhwIUuWLMkWNmUqUKAAfn5+hIWFMW/ePBYuXJjrdffi7++Po6MjiYmJdOvWDUdHR6Kioozzt2/fNpYWrly5khkzZjB79mxSU1MBKFu2LLVr1861bR8fH7p06cK8efNYuXIlq1evNmqzt7fn7bffNrtOERERERERERH5e+U5AwsgMDCQl156CScnJ5ycnGjRokWu+0598skn1KlTBwcHBxwdHenQoQP16tUzqxAvLy/Gjh1LxYoVMZlMODk58cknnxj7ZGVuJj9kyBD69euHr68vJpMJd3d3Wrduzfjx441ZVrnp3bs3H3zwAaVLl8bKygonJycCAgL47rvvKF26tFk1ioiIiIiIiIjI38/KpJ3JRURERERERETkCYuLiwP+3HrKHH5+foCZM7BERERERERERET+KQqwRERERERERETEoinAEhERERERERERi6YAS0RERERERERELJoCLBERERERERERsWgKsERERERERERExKIpwBIREREREREREYumAEtERERERERERCyaAiwREREREREREbFoCrBERERERERERMSiKcASERERERERERGLpgBLREREREREREQsmgIsERERERERERGxaDbmXGQymVixYgWrVq3i6tWreHh44O/vT+/evfH09Mx27Y4dO5gzZw4XL17E3t6e2rVrM3DgQNzd3Z9IB0RERERERERE5P83swKs6dOns2DBAtq0aUOfPn0IDw/n+++/5/Tp08yYMQM7OzsADh06xCeffEKtWrV44403iIqKYtasWVy+fJnp06djZWX1RDsjIiIiIiIiIiL//+QZYCUkJLBo0SJefPFF3nvvPeO4o6MjQUFBnDhxAj8/PwCWLl2Kt7c3o0ePxtraGgAvLy8+++wzjhw5QrVq1Z5QN0RERERERERE5P+rPPfAunXrFtWqVaNx48bZjpcpUwaA+Ph449jx48epVauWEV4B1KpVC4ATJ048loJFREREREREROR/S54zsHx9fZkwYUKO4z///DN2dnZUqVIFgNTUVOLj4/Hy8sp2naOjI3Z2dty6desxlSwiIiIiIiIiIv9LHupbCC9dusS8efPo3Lkzbm5uANy9excAG5ucmVi+fPlISUl5hDJFREREREREROR/1QMHWNHR0QQGBvLUU0/x5ptvmn2fNnAXEREREREREZGH8UABVmJiIu+++y42NjZ8/fXX2NraGucyv4kwOTk52z0mk4mUlJRs14qIiIiIiIiIiJgrzz2wMt29e5ehQ4eSkJDAlClTcHV1zd6QjQ0uLi459rqKiYkhLS0NT0/Px1OxiIiIiIiIiIj8TzErwEpLS+Ozzz7j8uXLTJ06FW9v71yvq1KlCvv27SM1NdXYC2vv3r0AVK5c+TGVLCIiIiIiIiIi/0vMCrCCgoLYvXs3Q4YMISIigoiIiD8bsLExvonwlVdeYdCgQXzwwQe0bt2aqKgopk+fTqVKlahYseKT6YGIiIiIiIiIiPy/ZmUymUx5XRQQEHDPcy4uLqxfv974eefOnXz//fdcuHABe3t76taty8CBA41vKxQRERERERERkf89cXFxAISFhZl9j5+fH2BmgCUiIiIiIiIiIvIoHiXAeqBvIRQREREREREREfm7KcASERERERERERGLpgBLREREREREREQsmgIsERERERERERGxaAqwRERERERERETEoinAEhERERERERERi6YAS0RERERERERELJoCLBERERERERERsWgKsERERERERERExKIpwBIREREREREREYumAEtERERERERERCzaPx5g9e3bl4CAAEaMGPE/XcOT8rB9a9KkCQEBASxatOgJVSYiIiIiIiIiYh4bcy9MS0tj1apVrF+/nsuXL2NnZ8czzzzDK6+8Qq1atZ5kjSIiIiIiIiIi8j/MrAArNTWVwMBADh48aBy7ffs2Bw4c4MCBA/Tt25cuXbo8sSL/7YKCgli7di3PPPMMs2bN+qfLERERERERERH5VzFrCeHChQuN8Kpr164sWbKEWbNm4e/vD8C0adM4derUk6tSRERERERERET+Z+U5Ays9PZ1Vq1YBEBAQQJ8+fYxzX331Fe3atSMhIYGVK1cybNgwYmJiaNWqFQDvv/8+y5YtIzIykpCQEJKSkpg4cSKhoaHY2NjQtGlTUlJScn3utm3bWLx4Mb///jvOzs5UrlyZPn36UKxYMcLDw+nYCceOHQAAIABJREFUsSMAH374IWvXruXMmTN4eHjQvn17XnvttXv25++uoWXLlsTFxQFw5swZAgICGDlyJH5+fvccJ4BNmzYRHBzMhQsXsLOzo3r16vTu3ZsSJUo88b6Zy2QyERwczOrVqwkPD8fT05N69erRq1cvnJ2duXLlCp07dwZg3LhxRuDZu3dvTp48SYsWLfJ8z9y8eZMZM2awf/9+YmNjKViwIM2aNePVV1+lQIECRi0PM14iIiIiIiIi8u+QZ4B15coVoqKiAKhfv362cw4ODtSqVYutW7cSFhaW495x48aRlpaGtbU1AKNGjWLr1q0AWFlZERwcnOszly9fzvjx4wGwtbXl5s2bbN++nQMHDjB79mysrKyMa4OCgrCyssJkMnH9+nWmTJlC+fLl8fPzy7Xtv7uGihUrcvr0aaKjo7G3t+epp57C1dX1vuM0Z84cZs6cCYC1tTXJycmEhoZy6NAhpk+ffs9Q5nH1rUiRIrne91cTJkxg+fLlRp0RERGsWLGCI0eOPPRSyaxjkZaWxpAhQzh//jxeXl5UqlSJY8eOMWvWLM6cOUNQUBDw8OMlIiIiIiIiIv8OeS4hzAyvALy9vXOc9/HxAeDmzZs5zrm6utKnTx8+/vhjrly5YoQrHTt2ZNu2bcyYMQMnJ6ds9yQlJTF16lQAAgMD2bZtGxs3bqR8+fIkJiYagUmmNm3aEBISwvLly3FwcADgwIEDufbln6hhzJgx1KtXDwBfX1+mTp1K9erV7zlO0dHRzJ4922h3y5YtLF68GG9vbxITE5k2bdrf2rd7CQ8PZ8WKFQD06tWL7du3M3nyZKytrTl37ly2/dIeRNaxOH/+POfPnwdg0qRJTJw4kWHDhvHMM88QFRVFcnLyQ4+XiIiIiIiIiPx75DkDy2QymdVQbtcNGDCAZs2aARlL1jJ169YNW1tbypcvT6lSpTh27JhxLiwsjOTkZCAj/BkzZky2NjMDjUz169fH3t4ee3t7fH19OX36dK5hGsDZs2f/8Rpyk3WcQkJCSEtLA6Bnz57Y2tpSvHhx2rZty/Tp0zlw4AAmkynbDLAn2bd7CQsLM17zTp06kS9fPqpWrcrw4cNJTEykcOHCZvc/q6xjERsbS/78+UlOTubTTz+lcePGVKpUienTpxuz1UJDQx9qvERERERERETk3yPPAMvT09P4e2RkZI7zN27cyHFdJltbW+Pv0dHRQMYSLzc3t3s+79atW8bfGzZsmK0N4L7LwfLly5hQdq/QzRJqyE3W9mNiYowa3d3djeOZs9+Sk5O5ffu2MdMr09/Rt6zi4+MBsLOzy1ZLo0aNjL9fuXLFrLayylqPq6srQUFBjB49mnPnznHu3DkgY9bfxx9/TM2aNR96vERERERERETk3yPPAKt48eK4u7sTHR1NaGgoLVq0MM7duXPHWCpXtWrV+7aTGXClpaURHx+Ps7NzrtdlXfLWtm3bbMvtMu8LDw/Pq2yLrSEvmftjpaWlERsba/ycGRTa2dlhb2+f477H2TdzuLi4AHD37l2SkpKMgOjatWukpKTg4eHxWGY9+fv7ExwczKlTpzh06BBr167l2rVrDB8+nDVr1jz0eImIiIiIiIjIv0eee2BZW1vTtm1bAHbt2sV3331HeHg4v/32G59++qkxE6dNmzb3befpp582Ao0FCxaQlpbG2bNnuXDhQrbr/Pz8sLOzAzL2PYqIiCA9PZ2NGzfSrVu3bHtyPah/qgYbm4ycMDY2lpSUlPvOzvLz8zOWx82aNYuUlBSuXbvGmjVrAKhZs2auwdDf3bdq1aoZz1u2bBnp6emcO3eO119/nS5dunD06NFss/IyN/k/c+aM2TOzVq5cScuWLenRowdly5bljTfeYNCgQUDGWMbFxT30eImIiIiIiIjIv0eeM7AA3njjDY4dO8bBgweZP38+8+fPz3a+V69eVKlS5b5tFClShKZNmxISEsLChQtZsmSJsXdRVm5ubvTp04dJkybx66+/0qFDB2xsbEhNTcXKyopz58499LfK/VM1lClTBoCIiAgaNWrEkCFDaNy4ca7X+vj40OX/2LvzsC/LOu/jH3bZQZBFFPcFJQNzt8StNKXCJZS0YnJEx2xS52kyo1GzbNd0nhwTJUWNRg0xhZbJ1LIMULDFfVfIFbi5ZREC7ucP8366BxdEiG/2eh0HB/yu67zO67x+f76P63dyzDGZMGFCJk2alBtuuKF5jR07dsyJJ564zp+td+/eb/hM/fv3z2GHHZZJkyZl3Lhx+d73vpfly5cnSbbZZpvsscceadOmTYYOHZpZs2ZlwoQJufrqq191Ta9l2LBhGT9+fB566KEcffTRGThwYO67774kL7/x98pPBtfk+wIAAAD+fqxWwGrbtm2++c1vZtKkSZk6dWqeeuqptGvXLttvv32OOuqo7LHHHqt1s8985jPp0KFDbrnllrRp0yZ77bVXli5d2mKD9yQ56qijsvHGG2fixIl54IEH0rp16+y0004ZPXp0dt5557f08731sYbhw4fn3nvvza9+9au0bt36dfeoSpIxY8akX79+ue666/Lkk0+mS5cuGTJkSMaMGZMtt9xynT/b6jrllFPSr1+/3HTTTZkzZ0569uyZffbZJ2PGjGl+K2rs2LH55je/md/97ndp27Zt3ve+9+Xpp5/Or3/96zecv1evXrnkkkty6aWXZvr06bn77rvTp0+fHHbYYTn22GPf8vcFAAAA/H1o1fRmdhsHAAAAgDXQ2NiY5P9vM7Q6hg4dmmQ19sACAAAAgPVJwAIAAACgNAELAAAAgNIELAAAAABKE7AAAAAAKE3AAgAAAKA0AQsAAACA0gQsAAAAAEoTsAAAAAAoTcACAAAAoDQBCwAAAIDSBCwAAAAAShOwAAAAACjtTQWsZcuWZfLkyRk1alQWL168rtYEAAAAAM3ars6ghoaGXH/99fnhD3+YhoaGdb0mAAAAAGi2WgFr3Lhxue2223LIIYdkwYIFmTJlyrpeFwAAAAAkWc2fEI4cOTLXX399TjrppPTp02ddrwkAAAAAmq3WG1ibbbbZul4HAAAAALwq/wshAAAAAKUJWAAAAACUJmABAAAAUJqABQAAAEBpAhYAAAAApQlYAAAAAJQmYAEAAABQWqumpqam9b0IAAAAAN7eGhsbkySzZs1a7WuGDh2axBtYAAAAABQnYAEAAABQmoAFAAAAQGkCFgAAAAClCVgAAAAAlCZgAQAAAFCagAUAAABAaQIWAAAAAKUJWAAAAACUJmABAAAAUJqABQAAAEBpAhYAAAAApb1hwFq4cGGmTp26Vm523nnn5ctf/vJamQsAAACAfwxt32jA73//+0ydOjWHHHLIW77ZiSeemJUrV77leQAAAAD4x/G6Aevuu+/OV7/61SxatCgf/ehHc9FFF2XZsmW54IIL8sADD6R169bp169fTj311AwcODAvvPBCRowYkdNOOy233nprFixYkB49euSMM85I3759c/HFF2fJkiX5/Oc/n+XLl+eyyy7LzTffnGXLlmWbbbbJZz/72fTu3ftv9ewAAAAA/B143Z8QDhkyJEcffXQGDRqUK6+8Ml27ds25556btm3b5vvf/34mTpyYwYMH54wzzsiKFSvStu3LPeyxxx7LhRdemCuuuCI9evTIhRdeuMrc11xzTaZNm5bx48dn0qRJ6d27t58XAgAAALCKN7WJ+5IlSzJt2rSMHDkybdq0SZIceeSRefzxxzN79uzmcQcffHDzv9/73vdm5syZq8z1i1/8IgcffHC6dOmS1q1b59RTTxWwAAAAAFjFmwpY8+bNS5L07Nmz+Vj37t3TqlWr5nOvHHtF165d8+KLL66y99XcuXPTrVu35s/t27dPp06d3tzqAQAAAHjbe1MBq1evXknSIlY1NDSkqakpG220UfOx/32+e/fuad265a169eqVuXPnNn9esmRJHnvssTe3egAAAADe9t4wYLVr1y4LFy7MypUrs8EGG2SPPfbItdde2/xG1cSJE7PddttlwIABzddMnjw5K1asyIoVKzJ16tTsvvvuq8y7//77Z8qUKZk3b15WrFiRiy++OOeff/5afDQAAAAA3g7eMGDttttuaWhoyIgRI/Loo482b9j+kY98JEcffXSeeOKJfOlLX0qrVq2arxk0aFCOO+64HHnkkVm2bFlOOumkVeYdOXJk9tlnnxx//PEZMWJE5syZk7Fjx67dpwMAAADg716rpqamprU1WUNDQ4YPH57rrrsu/fr1W1vTAgAAAPB3rrGxMUkya9as1b5m6NChSd7kHliray02MQAAAAD+wa2TgAUAAAAAa0vbtTlZjx49cvvtt6/NKQEAAAD4B+cNLAAAAABKE7AAAAAAKE3AAgAAAKA0AQsAAACA0gQsAAAAAEoTsAAAAAAoTcACAAAAoDQBCwAAAIDS2r6ZwU1NTdl+5Hl5ePbcXHX2URn1vneuq3W9qodnz812H/5WLht7REYf+q51fr/jz52Um26/P09PPeMtzfPM3BczYPhXWhzr3LF9NuvXI/vvslVO/vCe2WbT3i3ODzrqvDz45AstjnXp1D5bDeiVT3xgl5xw2G5p17ZNi/OPzJ6X8yb+Kv8z/aHMfq4xHdq1yeb9e+bw/Qbn5CP3TM9uHd/ScwAAAACsD28qYN1y16N5ePbcDNm2fy69YcbfPGD9rR37/qF5z5DN19p8Hztk53z80J2TJC8uXprfPfRMxt84I+NumJFxZxyeYw4a0mL8Tlv3y/mnDm/+PK9xSX4+/aF8+rwbM/2epzLhrJHN56b8+v4c9fmJ2ahn55xw2O7Zccs+WbGiKb/945M57/u/yvgb78yU80Znhy36rLXnAQAAAPhbeFMB65LJ07PLoAH5P8fsk6PHTszDs+dm6016rau1rXfDhm6RDN1irc23ef8e2XfnLZs/f+Ddg3LaqHfniNOvyifOuS47bN4nQ7fbuPl8j64dW4xPksP33THLV6zMZT+6M1/+l4Oyad/ueerZBRn1hR9kp6375acXfiJdO3VoHj9i2A755w/tmveM+W6OHjsxd11x8ipvbgEAAABUttp7YD0/f1Em33ZvRg/fJR98z6Bs2K1TLrthxquOPW/i7dnuw9/KBu/5QrY8/Os5+9KfZ/mKlc3nb57xSPb/5Lj0PuicdN73PzJ41Ldz8aRpLeZoXLQ0o794bXoeeHa67ndmhp92RZ54umGVez3xTEM+8oUfZKODvpQN3vOFDB717VwyeXqLMYNHfTsnf+OGXHjNb7LZh76Wjvt8Ibv903dy3+PPZdKt92THUeen877/kXcee0F+Oeux5uuOP3dS+h9ybou5LvrhbzPk2AvTbf+z0vPAs7PPCd/NrTMfXd2vcRWdNmiXK878cNq2bZ1vXPXL1bpmj8EDkySPPz0/SfKd6+7IoiXLcsnnDm8Rr16x9Sa98pVPHpR7Hn02P77jwTVeKwAAAMD6sNoB63tT7krbNq1zzEFD0qF923zskKG5fMrM/Hn5ihbjzhn/i5xx0U9z4uG759fjTswXPnFAvn7VL/NvF0xJkjw6Z17ef+r30qdnl/zswuNy5+Un5xMf3CWf/MYN+eEtf2ye56SvT851v/hjLjjtA5l15b/mmIOH5JTzb2xxr/mNS/KeMRdn1oN/yg++NCq/v/rTOebgIfmXr03Od677bfO4dm1b58bb78/chkW5779Pyx++f0qefLYhR37u6kz86d257b/GZPaPPpdunTfI6HOufc3vYMLUmfnUN3+UkQfulGnjT8qt/zUmW2y8YT7wb1fkyWdWjWurq0/PLtlnyBb5xV2PrNb4h5+amyTZuHe3JMnNMx7OtgN7Z/BWfV/zmiP2G5xWrVrlJ3c8sMbrBAAAAFgfVitgNTU15dIbpueoA3dKt84vv+Fz/Id2y3PzF+bG2+9vHrd02fJ86+pf5YTDdsupo96dd20/IP80/F356icPzqIly9LU1JS+G3bJzCs+lXFnHJ6dt9s4gzbvk9NGvTub9++ZH//m5bjSuGhprrn5Dxl96M752CE7Z+tNemXU+96Zjx6yc4t1jfvRjMx5vjHf/+LROWDXrbLtwN753Mf3zRH7Dc5XrrglTU1NLcaf+c8HptMG7bL1Jr1y4K5b5/7Hn8/5pw5P7x6d07Nbx4w88B154umGzGtc/KrfwyF7bZeZEz6VM0bvm0Gb98k7t+mfc054bxa/9Ofc9ldvbq2JLTbumefnL2rxplpTU1OWr1jZ/OeFhkW5+qd35z+v/U0O2HWrbLXJhkmSOc83ZouNe77u/F07dchGPTpn9nONb2mdAAAAAH9rq7UH1s13PpJHZs/L+LFHNgeWrTftlb132iyX3jA9h++7Y5Lkvsefz4uLl2b3HQe2uP5TH96r+d+dO7bPw7Pn5jP/OTUPPvlCliz9c5qakrmNizN3weK/zPNcVqxYmV122KTFPHvvtFmLz3f8/ols1LNzi32jkuTA3bbOD2/5Yx6ePbf5f/fbYYs+ad26VfOYnl07plvnDtmkT/cWx5JkfuNL2bBbp1W+hx5dO+aKqTNz0tdvyOznFmTZn1ekKS9HslfWvqaWLF2edm3bpM1frfFXdz+eDu8e22Jc69atMvrQd+XrJ7+/+Vi7tm3yv1rdq2pKU1q3avXGAwEAAAAKWa2ANe4ve0oNO/GSVc61atUqTzzTkM369UjDwiVJXt7X6bX8bNpDOeL0qzLqfe/MpK8dm416dE7r1q2y30njmsc0LlqaJOneeYMW174SmF7RsPClPD9/UTru84UWx1eufLnmPDN3YXPA2qD9qo+6QftXX+crUep/O/OS/8nXr/plvjjmvTliv8Hp1rlD5jUuyTs+8u3XfN7V9cATz2fTvt3T6q8C09DtNs7Fnz2s+XOXju2z5YAN075dy03YN+3bPQ899cLrzv/i4qV5oWFxBvbr/rrjAAAAAKp5w4D13PyFmXzbvTn9Y8Ny2L6DW5xbsXJl3vevl+V7N96Zs44/sDk4vbBg0WvOd8WUu7LxRt1y5VkjW8Sa+S8uaf53578EsAWLXmpx7QsNLeft2bVjBmzULT+78LhXvdfAfj3e6PHelMunzMxRB+6Uz3183+Zj8xqXvM4Vq+fBJ1/ItHueymmj3t3ieNdOHbLLoAFveP3Be26XMy/5n0y/96nstsOmrzpm0q33pKmpKYfuPegtrxcAAADgb+kN98Aaf+NdWdnUlE+N3Cu7DBrQ4s/uO26aw4btmPE33pkVK1Zmhy36pHPH9rnlzpabkf/fa+/IPid8N8tXrEzDwpeyYbeOLeLVjbffl+fnL2r+Gdz2m2+UVq1a5c57Z7eY5+YZD7f4vOc7BuaZeQvTtXOHbL/5Rs1/enbrmN49Or3um2BromHhkvTq3vKnheNvvDNJVtlva3UtWPhSRn/x2nTt1CEnj9zrjS94Fcd/aNf06t4pY869PvNfJag99qf5+dx3fpJdd9gkB+661RrdAwAAAGB9ed03sJqamnLZj2bkgF22Sr9eXV91zEcOGpIrfzwrP/ntgzl07+1zylF759wrbs2gLfrm/Xtum/sefy5jL/5Zjj14SNq2aZ09Bg/M2ZfenEm33pM9Bw/MzXc+nIsnTcs+Q7fIA08+nznPN2bARt0yfO/tc/mUmXnXoE2y66BNcscfn8zkX97b4t7HfXCXXHjNb3Lk6VfnaycfnM3698y9jz2bU8+fks3798hPLvjE2vumkuw5eGCuv/WefPzQd2XDbh1z+U13ZX7jknTs0C53P/h05jUuftW9s17x+NMNuXXmo0mSRUuW5fcPP5NLJk/P3AWL8/0vHp3N1vCNsb4bdsnEc0blyM9dlZ2OvSD/cvge2Wnrfvnz8hWZfs9Tufj6aenXq2smnjMqbdqs9n88CQAAAFDC6wasn894JI/OmZf/OO6A1xzzStwaN3lGDt17+5w95sB07tQ+l94wI18a/4tsvFHXfPqovTL2E/snSU4b9e48OmdexnxlUpYvX5n9d9kq//3lj+Su++fkn865Nnscd1Ee+eFnctnYI/LJb9yQT593Y5qamvKeIZtnwpkjs/PH/jN/Xv7yRvIbduuUX158Qs646Cc54vSr8+Lipenfu2sO33fHnH38e9fi1/Syi08/LCd85foMO/G76dKxQ445eEgu+vcPpX/vrvn2D36dRS8ty3VfOeY1r58wdWYmTJ2Z5OWN1zft2z2H7LVdTjl67+a9utbUAbtulVlX/msu/O/f5Mofz8xTzy5I+3ZtsuWADXP6x/fNJ4/YM106tX9L9wAAAABYH1o1relv3wAAAABgNTU2NiZJZs2atdrXDB06NMkbvIH1xctuztmX3vwWlkZFn/3osJx70kHrexkAAAAAq8UbWAAAAACsc2/lDSw7egMAAABQmoAFAAAAQGkCFgAAAAClCVgAAAAAlCZgAQAAAFCagAUAAABAaQIWAAAAAKUJWAAAAACUJmABAAAAUJqABQAAAEBpAhYAAAAApQlYAAAAAJQmYAEAAABQmoAFAAAAQGkCFgAAAAClCVgAAAAAlCZgAQAAAFCagAUAAABAaQIWAAAAAKUJWAAAAACUJmABAAAAUJqABQAAAEBpAhYAAAAApQlYAAAAAJQmYAEAAABQmoAFAAAAQGkCFgAAAAClCVgAAAAAlCZgAQAAAFCagAUAAABAaQIWAAAAAKUJWAAAAACUJmABAAAAUJqABQAAAEBpAhYAAAAApQlYAAAAAJQmYAEAAABQmoAFAAAAQGkCFgAAAAClCVgAAAAAlCZgAQAAAFCagAUAAABAaQIWAAAAAKUJWAAAAACUJmABAAAAUJqABQAAAEBpAhYAAAAApQlYAAAAAJQmYAEAAABQmoAFAAAAQGkCFgAAAAClCVgAAAAAlCZgAQAAAFCagAUAAABAaQIWAAAAAKUJWAAAAACUJmABAAAAUJqABQAAAEBpAhYAAAAApQlYAAAAAJQmYAEAAABQmoAFAAAAQGkCFgAAAAClCVgAAAAAlCZgAQAAAFCagAUAAABAaQIWAAAAAKUJWAAAAACUJmABAAAAUJqABQAAAEBpAhYAAAAApQlYAAAAAJQmYAEAAABQmoAFAAAAQGkCFgAAAAClCVgAAAAAlCZgAQAAAFCagAUAAABAaQIWAAAAAKUJWAAAAACUJmABAAAAUJqABQAAAEBpAhYAAAAApQlYAAAAAJQmYAEAAABQmoAFAAAAQGkCFgAAAAClCVgAAAAAlCZgAQAAAFCagAUAAABAaQIWAAAAAKUJWAAAAACUJmABAAAAUJqABQAAAEBpAhYAAAAApQlYAAAAAJQmYAEAAABQmoAFAAAAQGkCFgAAAAClCVgAAAAAlCZgAQAAAFCagAUAAABAaQIWAAAAAKUJWAAAAACUJmABAAAAUJqABQAAAEBpAhYAAAAApQlYAAAAAJQmYAEAAABQmoAFAAAAQGkCFgAAAAClCVgAAAAAlCZgAQAAAFCagAUAAABAaQIWAAAAAKUJWAAAAACUJmABAAAAUJqABQAAAEBpAhYAAAAApQlYAAAAAJQmYAEAAABQmoAFAAAAQGkCFgAAAAClCVgAAAAAlCZgAQAAAFCagAUAAABAaQIWAAAAAKUJWAAAAACUJmABAAAAUJqABQAAAEBpAhYAAAAApQlYAAAAAJQmYAEAAABQmoAFAAAAQGkCFgAAAAClCVgAAAAAlCZgAQAAAFCagAUAAABAaQIWAAAAAKUJWAAAAACUJmABAAAAUJqABQAAAEBpAhYAAAAApQlYAAAAAJQmYAEAAABQmoAFAAAAQGkCFgAAAAClCVgAAAAAlCZgAQAAAFCagAUAAABAaQIWAAAAAKUJWAAAAACUJmABAAAAUJqABQAAAEBpAhYAAAAApQlYAAAAAJQmYAEAAABQmoAFAAAAQGkCFgAAAAClCVgAAAAAlCZgAQAAAFCagAUAAABAaQIWAAAAAKUJWAAAAACUJmABAAAAUJqABQAAAEBpAhYAAAAApQlYAAAAAJQmYAEAAABQmoAFAAAAQGkCFgAAAAClCVgAAAAAlCZgAQAAAFCagAUAAABAaQIWAAAAAKUJWAAAAACUJmABAAAAUJqABQAAAEBpAhYAAAAApQlYAAAAAJQmYAEAAABQmoAFAAAAQGkCFgAAAAClCVgAAAAAlCZgAQAAAFCagAUAAABAaQIWAAAAAKUJWAAAAACUJmABAAAAUJqABQAAAEBpAhYAAAAApQlYAAAAAJQmYAEAAABQmoAFAAAAQGkCFgAAAAClCVgAAAAAlCZgAQAAAFCagAUAAABAaQIWAAAAAKUJWAAAAACUJmABAAAAUJqABQAAAEBpAhYAAAAApQlYAAAAAJQmYAEAAABQmoAFAAAAQGkCFgAAAAClCVgAAAAAlCZgAQAAAFCagAUAAABAaQIWAAAAAKUJWAAAAACUJmABAAAAUJqABQAAAEBpAhYAAAAApQlYAAAAAJQmYAEAAABQmoAFAAAAQGkCFgAAAAClCVgAAAAAlCZgAQAAAFCagAUAAABAaQIWAAAAAKUJWAAAAACUJmABAAAAUJqABQAAAEBpAhYAAAAApQlYAAAAAJQmYAEAAABQmoAFAAAAQGkCFgAAAAClCVgAAAAAlCZgAQAAAFCagAUAAABAaQIWAAAAAKUJWAAAAACUJmABAAAAUJqABQAAAEBpAhYAAAAApQlYAAAAAJQmYAEAAABQmoAFAAAAQGkCFgAAAAClCVgAAAAAlCZgAQAAAFCagAUAAABAaQIWAAAAAKUJWAAAAACUJmABAAAAUJqABQAAAEBpAhYAAAAApQlYAAAAAJQmYAEAAABQmoAFAAAAQGkCFgAAAAClCVgAAAAAlCZgAQAAAFCagAUAAABAaQIWAAAAAKUJWAAAAACUJmABAAAAUJqABQAAAEBpAhYAAAAApQnbUMfzAAAgAElEQVRYAAAAAJQmYAEAAABQmoAFAAAAQGkCFgAAAAClCVgAAAAAlCZgAQAAAFCagAUAAABAaQIWAAAAAKUJWAAAAACUJmABAAAAUJqABQAAAEBpAhYAAAAApQlYAAAAAJQmYAEAAABQmoAFAAAAQGkCFgAAAAClCVgAAAAAlCZgAQAAAFCagAUAAABAaQIWAAAAAKUJWAAAAACUJmABAAAAUJqABQAAAEBpAhYAAAAApQlYAAAAAJQmYAEAAABQmoAFAAAAQGkCFgAAAAClCVgAAAAAlCZgAQAAAFCagAUAAABAaQIWAAAAAKUJWAAAAACUJmABAAAAUJqABQAAAEBpAhYAAAAApQlYAAAAAJQmYAEAAABQmoAFAAAAQGkCFgAAAAClCVgAAAAAlCZgAQAAAFCagAUAAABAaQIWAAAAAKUJWAAAAACUJmABAAAAUJqABQAAAEBpAhYAAAAApQlYAAAAAJQmYAEAAABQmoAFAAAAQGkCFgAAAAClCVgAAAAAlCZgAQAAAFCagAUAAABAaQIWAAAAAKUJWAAAAACUJmABAAAAUJqABQAAAEBpAhYAAAAApQlYAAAAAJQmYAEAAABQmoAFAAAAQGkCFgAAAAClCVgAAAAAlCZgAQAAAFCagAUAAABAaQIWAAAAAKUJWAAAAACUJmABAAAAUJqABQAAAEBpAhYAAAAApQlYAAAAAJQmYAEAAABQmoAFAAAAQGkCFgAAAAClCVgAAAAAlCZgAQAAAFCagAUAAABAaQIWAAAAAKUJWAAAAACUJmABAAAAUJqABQAAAEBpAhYAAAAApQlYAAAAAJQmYAEAAABQmoAFAAAAQGkCFgAAAAClCVgAAAAAlCZgAQAAAFCagAUAAABAaQIWAAAAAKUJWAAAAACUJmABAAAAUJqABQAAAEBpAhYAAAAApQlYAAAAAJQmYAEAAABQmoAFAAAAQGkCFgAAAAClCVgAAAAAlCZgAQAAAFCagAUAAABAaQIWAAAAAKUJWAAAAACUJmABAAAAUJqABQAAAEBpAhYAAAAApQlYAAAAAJQmYAEAAABQmoAFAAAAQGkCFgAAAAClCVgAAAAAlCZgAQAAAFCagAUAAABAaQIWAAAAAKUJWAAAAACUJmABAAAAUJqABQAAAEBpAhYAAAAApQlYAAAAAJQmYAEAAABQmoAFAAAAQGkCFgAAAAClCVgAAAAAlCZgAQAAAFCagAUAAABAaQIWAAAAAKUJWAAAAACUJmABAAAAUJqABQAAAEBpAhYAAAAApQlYAAAAAJQmYAEAAABQmoAFAAAAQGkCFgAAAAClCVgAAAAAlCZgAQAAAFCagAUAAABAaQIWAAAAAKUJWAAAAACUJmABAAAAUJqABQAAAEBpAhYAAAAApQlYAAAAAJQmYAEAAABQmoAFAAAAQGkCFgAAAAClCVgAAAAAlCZgAQAAAFCagAUAAABAaQIWAAAAAKUJWAAAAACUJmABAAAAUJqABQAAAEBpAhYAAAAApQlYAAAAAJQmYAEAAABQmoAFAAAAQGkCFgAAAAClCVgAAAAAlCZgAQAAAFCagAUAAABAaQIWAAAAAKUJWAAAAACUJmABAAAAUJqABQAAAEBpAhYAAAAApQlYAAAAAJQmYAEAAABQmoAFAAAAQGkCFgAAAAClCVgAAAAAlCZgAQAAAFCagAUAAABAaQIWAAAAAKUJWAAAAACUJmABAAAAUJqABQAAAEBpAhYAAAAApQlYAAAAAJQmYAEAAABQmoAFAAAAQGkCFgAAAAClCVgAAAAAlCZgAQAAAFCagAUAAABAaQIWAAAAAKUJWAAAAACUJmABAAAAUJqABQAAAEBpAhYAAAAApQlYAAAAAJQmYAEAAABQmoAFAAAAQGkCFgAAAAClCVgAAAAAlCZgAQAAAFCagAUAAABAaQIWAAAAAKUJWAAAAACUJmABAAAAUJqABQAAAEBpAhYAAAAApQlYAAAAAJQmYAEAAABQmoAFAAAAQGkCFgAAAACltWpqampa34sAAAAA4O2tsbFxja/1BhYAAAAApQlYAAAAAJQmYAEAAABQmoAFAAAAQGkCFgAAAAClCVgAAAAAlCZgAQAAAFCagAUAAABAaQIWAAAAAKUJWAAAAACUJmABAAAAUJqABQAAAEBpAhYAAAAApQlYAAAAAJQmYAEAAABQmoAFAAAAQGkCFgAAAAClCVgAAAAAlCZgAQAAAFCagAUAAABAaQIWAAAAAKUJWAAAAACUJmABAAAAUJqABQAAAEBpAhYAAAAApQlYAAAAAJQmYAEAAABQmoAFAAAAQGkCFgAAAAClCVgAAAAAlCZgAQAAAFCagAUAAABAaQIWAAAAAKUJWAAAAACUJmABAAAAUJqABQAAAEBpAhYAAAAApQlYAAAAAJQmYAEAAABQmoAFAAAAQGkCFgAAAAClCVgAAAAAlCZgAQAAAFCagAUAAABAaQIWAAAAAKUJWAAAAACUJmABAAAAUJqABQAAAEBpAhYAAAAApQlYAAAAAJQmYAEAAABQmoAFAAAAQGkCFgAAAAClCVgAAAAAlCZgAQAAAFCagAUAAABAaQIWAAAAAKUJWAAAAACUJmABAAAAUJqABQAAAEBpAhYAAAAApbV97Kmn1/caAAAAAHib69W98xpf26qpqalpLa4FAAAAAFbR2Ni4xtf6CSEAAAAApQlYAAAAAJQmYAEAAABQmoAFAAAAQGkCFgAAAAClCVgAAAAAlCZgAQAAAFCagAUAAABAaQIWAAAAAKUJWAAAAACUJmABAAAAUJqABQAAAEBpAhYAAAAApQlYAAAAAJQmYAEAAABQmoAFAAAAQGkCFgAAAAClCVgAAAAAlCZgAQAAAFCagAUAAABAaQIWAAAAAKUJWAAAAACUJmABAAAAUJqABQAAAEBpAhYAAAAApQlYAAAAAJQmYAEAAABQmoAFAAAAQGkCFgAAAAClCVgAAAAAlCZgAQAAAFBa2/W9AFq6+8E5uW3mI5n/4uIkyeb9N8zjT89Ljy4d07BwSZKkZ9dOGbbzVhmy7YD1uVRYp1Y2Nmbp/ffn2dNPz/I5c1qc63zAAel/0UXraWW8XXz0pAmZMeuJ1Rq7/TZ9M6B/jxw4bLscdsg71/HK4LWtbFyQJT//WZbPeSovTbvj5WMvLkjrrt2bx7TdZJO0HbBpNth9z7TdeJO02WTTtb6O+V86M8vuv/c1z/e96tq1fk8A4B9bq6ampqb1vYh/dA0vLsnlN01Pw8IlGbLtgIwY9o4W52+96+H06NoxPbp0fPnvrh0z+bY/5O4H56RHl44ZPXy39OjacT2tHtaNp086KYtuvjlJ0nXEiCyZPj3L//SnJMmACRPScffd1+fyeBt4MwHrr22/Td98ZewHM2jbfutgVfDqFk26No1XjMuf73vtaPRa+l55TTrsvlcWXPitbLD7numw+15veT3PHnNkls747WueH/jg7Ld8D3gj8557PBv22Xx9LwOAN6GxsXGNr/UTwvXs2xNvy+U3Tc/o4btlyLYDcsWUGZl82x9ajDlr3E8z+bY/ZMS/j8+tMx9OkgzZZkD2e9c2GT18t1x+0/Rc8INfro/lwzrVcddd07pLl7w4eXJzvIL17f6Hns3Jp1+TxhdfWt9L4R/AoknXZs5+e2Tu6aeuUbz6ay9NuyPPfnRknj32w1k67TdraYWw/ix7afH6XgIAf0MC1nry+J/m5axxP8mIYe/IKaOGpUfXjjlr3E9z/ikjcta4n+bxP837f+ydeViU9fqHb1BxgZlBMpFNzFTAQgsU9ReiJkm5IKKmuZehnaPmbmVumUtliZ6wo+GuuCsIWEKYCpaIQinJoh2TVVEDZoZFQeH3xzAvM8zCoOKSc1/XXMy873d9h4GZzzzP51FrH3byD15pb8fvl3I4kfgnfvM2E3oimSXBUcx4pxeDvV5mSfBRjX5GjDytWE2bBoCpRKJxrjQh4VEvx4gRNXKuSQk9cv5xL8PIP5gKmZS8McP5++OZ3Mt5uNFMdxKMQpaRfx5F0puPewkPTN7pc497CRoUZ+VyIz7xkcxTcDH9oY5ZJpXXuvYyqZwyqfyhzmvEiJH6w+iB9Rg4kfgnJ5L+ZMIAD2YEhlEoL+XE+ikAZFwvQFpUKqQEXs3NZ8Y7XpxI/B9+vV7m90s5/H4phwkDujJhoAd+czcD8PvlHGaM7MWaPSfx6+Vq9Mcy8tTT2MUFq2nTuLlixeNeipFnjLTTC4X7Z5Iy2LYnnp/jLmm0i4lNZ/xIYyqrkYdPeepFbvx74kMXrmqiELJO09ijB5bTZj6U1EIjRh4H1zNTsLJ2FB4XSW9iIXn+ka8j7/Q5/joQQV78OYqzczG3t8W+Xx+c3xuFuYOtzj434s+RtimEcnkRAPb9+uC+aI7Q58r+cG7EJ1KQko7rjMm07N6Fvw5GcGV/OAUp6TQSi3CeOBqnd0dhJhEJfa4ciMDC3pbu33ymde7kwPVkR5+g+9ef0fwlJ7VzV/aHk755FwUpClGpkVhE22G+uM6YLMxRkyv7w8mOPkFe/DnKZXLs+/XB3qcPbYcN0tq+OCuXtM27yI4+TnF2rjCP6l6U17QgJR2n90Zh36+P2t7N7W1pO9xXbe9lUjk/vjWC4pxrAIzK+E1j7oKL6aRv3sWVA+G8MHQQPVYv1bpGI48Q2R/QzAEaan55bcSIEqMH1iMm7GQyhfJSJgz0IOxkMlsjz3L1Wj6/75wjCFu93drR270dJxL/xMTERK1/L7cXKZSXMmN1GFev5bMkwAdLUVMmLN2NpUVTwla9R9jJZCxFTTW8tIwYeRrJGTOG0rNn1Y4ZTdyNPAx0eWCpClhKXh/yH3KvS9WOdX3VkR3fjdNoG3MynbQ/80hIugpAdm4h9raWADi3b0VfLye6uTlq9NNGzMl0En7LIO3ydbXjzu1bMaR/Jw0fLuXcNXFuZ413L8WHk0NHzmvsxbaVBP8Bmub0Z5IytF6jqRO91B7nXCvkWGw6MbHppF66jrzoDs7trRGLmmBnY4mHmyMerzpiZ2Np0L6fZcpTL3J9zHAq5ffvD1ETpQdWbb5V5v7DsZw6yyDTd6MHlpEngfwbV7GQPM+fySfp2KU/ZXeKyc/LwMraEbPG5o9sHWVSOfFzFtOyuzvOE0cDCjEnOXA9xTnXaCSyoP+Pe9VErIKL6SQHrqftcF/sffpQJpWTvjmE5DUbADC3s8F770bMHWxJ2xRC0tKvAYXAY25nQ6eZH1AmkwtzALTs3gXvvcEaAk7fPcFY9+iise7kwPUkr9nA4FNHhLVlRx3nyv5w3BfPxdzBluKsXBI/W0X2TycUc3Rzx3vfRrVxCi6mc3r2ItwXz8W6RxeKs3K5ELievw5G6OyTHLierKjjeO/diJlERHFWLqdnL+LGGUXElFJUurI/nPg5i4W9N3fpgPPE0ZTJ5KRtCqEwVfEFU/OOTvTdEyyIWKrXTJuApdy7EtVrYOTRU5n/C5RLMbHu/7iXYuQR8CAeWMYIrEfI75dyKJSX0sbGineX7mbLoncIO/EHEwZ0BaC3ezuh3bnULO6U3eVWYTGW4qYUykppYWnO2ZRMGjYwZcLArvR2b0ehvJQX/D7ntx1zWBIcpYjOqvLF+v1SjjESy8g/kvIaVQmNGKlvRBZNAKneNqmXrjNkfLDWc0rBKCEpg+17z+Dh5sgn0/vpNII/dOQ86zadJOea9jmV42xbN04Qw1IvXeeTZYeRF91Ra2th3pjDOyYJj0OPnNcQpbq+6qhVwEpIusq6TZoei6oC1rY9Z1i5NlqjTdplpZCWQeiR8zoFPyPV3MvOeujiVV0oPrSf4kP76yRkGTHyOLFq2Yaju5fyuv9siqQ3KbtTTKvWHR/pGsqkco6NDMCySlhR0na4L/b9+nDlQDgO/fqoiSNX9oeTuPRrXGdMxt6nDwBmEhGuMz/Avl8f0jaF4DxxtNDHeeJo0jeFUJxzjXKZnF4/7BHO2ffrQ8yI9ylMvcSN+HNc2R9O2+G+eAUH8mP/kQAkr9mgVcAChVCmHEuboGXuYIvXxkCu7A8n7/Q53BfPVeufd/ocx0YGqIlk5g629Fi9lE4zP+DKgXBcZ36g1uf0rEX8dTCCYRdiBcHJ3MEW730bSdsUQsHFdGGetsN9BaGqXCbHffFcIVqs7XBfYt+fSfZPJyhISSd9c4gwV/OO6hFlNSnKysXSpYMggKVtCsF9yVy9fYzUD5XZuwEwsX/nMa/EyNOAUcB6RBTKSxVG7L1caWNjxdbIs7y7dDdrZvlxIulPwdvq7t17hEQl8ftl3YbVr7S35d69Ck4k/YlfL1cCZ/rR+1/reKWDHb3d27FmtyKNcOuRBNrYWBkrFBp5armTmkq5FvP2srQ0ZIcOIfb3fwyrMvKscejIedK1RDUNqSH4yGoIR/pISMpg3JTtHDv0IWJRE7VzH39+mLAfLhg0jr2NIsxeJr/NJ8vCNcQrgC8WDq63yCdd4pWRulMhk3JjysQ6i1eNnDtiKhIDcDcni3u5Dy7wG4Wsp4vCwkJcXJyprKwkKiqazp01xeh/KinnfsCscTPh8eOoSBgbMJOClHTcFs3ROGcmEamJWqBIm0tc+jXlMjlth/lq9Gn+kpPWdDZze1shokpVDDOTiOgVHMhhzwEAgoDV/CUnXGdMJnnNBm7EnyPv9DkNEavgYjpOVevLO32O5DUbsHTpoDUSqe1wX9oOV19vcVYusZNm0UhkoVUgM3ew1RCvsqOO89fBCF4YOkhrKmLN6wVgJq5uVzPVsfs3SznQyUvYg+tMje5aKc7OpVdwICcDZlKYeokrByNwnfmBzvRII7VQmklF3lEq83+hsiQL5H+A6GVMGokxee41TFu+BeKXNbpVXP6KytIsGnT69jEs2sjTiFHAekSs2XOSGSN7EXYymQlLd7N10Tv4zd0siEvHEy+z/cg5rlzKYGmTPGwb3yHcpCU7byv+iPZteod/v9oKG1Fjgo8kMOdyLr3dXkRi0YTmomZcPbyQQnkpQ+ZtpkBWStjJPwhb9R5r9pxkScCbj3PrRozUmTupqdxavlwtdVDk50cDsRjZoUNUFBVx45NPKD1zhuc//RRTsfgxrtbIP42gqogjmay0Kn1PU7xyametNWKpZhuxqAky+W2tApi86A4r1kTxxcLBwrEVgVEGi1eAIEytWBOldZ3j3vYQUgcfNjL5bYI2ndQ4bmHeWIgsU927h4Fpk88q8q0bDa4yaD5kGBb+b+v0rKqQSSlPvcjtM6cpS72Iqfj+/ESMQtbTQVBQ0DMpXhVJb3L25x34jFyIWWPzR5oyqKTgYrqQ8lZbxI+StE0hlMsUpuH3I5aY29loHnOwpWU3d2EtSpzeGy14a2mLwsqLr46oSvxsVZ32AdV7adnN3eA+ynksHlK6nplEJOxd6aNlKOYOtvT4Zik/9h9JuUyuFsFlxEDuSrmXspDKnD2a5+R/UAlU5v9KxeVVmFj9Hw1clglC1r0LioJNRvHKSF0wCliPgKu5+bSxseLqtXx6u7WjjY0VM1aHsXXRO4SdTOZWQRFLN0ZTIZfz5fNF+Mhu0rBVKzyKrtOlUsqi29bMbnWXTbGpeFRKcQb+W36Rb8/KWXoph1XTBhF2MhmAykp4pYMda2b5ASjmzc2nja3VY7wCRozo5252NjdXruROaipNPTwQDxmC3c6dWtu2+PRT4X6FTEbh9u0Ubt1KQzs7xP7+WPTtS0N7+0e1dCP/QII2aooyqnR91ZF1X76t9Zxf/06MH9FNIzVQJr/NijWa4tSx2OqKS6mXrrN9n/YKm11fdWTIgM6CYJVzrVBYZ8zJdK2il1M7a+bP9NG7lwch9XKeRsSXbSsJYdsnqUWVyeS3iYl9uJWl/mncy85CGhRYa7vGXbvT4svAWoUkU7GExt3+T0Pgamhvz52zOjrpQSlkica/j2TazPsWxIzUDxKJhO+/D36mxCuAP/84iUM790eeMqhKdvRx4b6hYpTSFB3gx7dG0qgquqh5RyfMJCJFRbzKSp3RQOb22oWfsipRTFWkUkaAaYvCyjt9DuvuXYRoK2Uq3Y0zicSMCADAwt5WON9IZIGZWKQWhZUXf05YuyGUSeVCFFnymg3kVVUIVM5TJpVTnJVDyx5dtEZiWbp00Lt3+359DF6HMqpLNVItbfMuo4BVF2R/cPeMH9xVRA6b2I3A1PotTMQvQ9PWcFdKpewPKv/+hYrsPVTm/8rdM36Ytp+n8LxqKDaKV0bqjFHAegRsPZJAb7d2LAmOolBeymeT3iRs1Xv8fimHv3L/ZunGaAqLbrPgbiZv5ORialP1wcfEhIGyvzjfAHZfEyPmLttMbZGZNsTjnoy3WzVgyc3bzP02gkXv9+PVDvb0dnuRGe/0YmtkAlsjz3Ji/RRmrA4TBC0jRp4k7mZn83dQEPLQUOGYPDQUeWgoZs7OPD9/Pk27aVZ5UxWuKuSKNy1laWncWrGCWytWYO7tjeW4cVr7GjHyIPT1cmL+jH4aaX8A3dwcdZqzi0VN+GLhYGJOplNUXC36yIvucCYpg25ujmzbe0ZrX7/+ndSitBQoPKtyrhXyybLDGn0szBvzxULN1JT6Jve6lNTLeWrXQSxqUmu02rNO4bff1NrGfMgwnvtyzQPN89yXa7Dwf5vC/6zWa8CuC/m2jRQd2od4wvtU1LNPV2xsLOvWBREbG4tUqvCCa93aka+++gpfX1/69eunUehGSVRUFOfPn2fevHka5xwdHRkzZgxeXl7ExsayfPlyAPbu3YulpXqqbUZGBpMmKfzjvv/+e2JjY9mp48uVMWPGMHbsWLW+O3fuJCIinAsXFAKzRCLBy8uLvXv3sWPHDp1jffXVV3Tu3Jm5c+dw4UKyxvlBgwYxdepU4XFmZgaRkZFIpVK1NYAivXDEiBEAWFpK2Lt3n9Y5nyYyL5+ldfuudOzylkHtr2emcP6Xg7ziOQxzcYvHUp1QF/b9eqs9btnNXU00MpTsqOMUpl7C0qUDTu+pCz+qUVhX9ocLAtaV/eGC/5YqjUQWuM6YDCBUUtS1JqXoZWjkk6p4Z25ng/N7o2gkFlGcnYuZWKQwaa8S8rShmkqobe+Gik834s+R/dMJdjm+qna8XCYXUjCN1IKKeGXS8k0adFymEK1UaSjBxOo1TKxew7T9PCqubqAidSEVqQugiT0Nex7XPrYRI3owClj1zNXcfF7pYMfVa/lcvZaPCYp0wc7tbTmdfJWvdvxMYdFtAA6ZtqSJhTlvtxJhlneNJq4vc7uykuHFJWwsakS3ymJmW5fTsuofT8RPiUAbCotus3RjNPPGvs6/hr7GK2O+xq/Xy4Steg+AVzrYGqOwjDxRaBOualKWlkbOuHE09fCgxfz5NHZx0SpcaaM4JobimBiaenhgvXKlMSLLyEPjWGw6x2LTGTeiG/Nn9NPaJudaIQm/ZZBzTUpC0lUqK8HERFE5UCJuoiZgqRJzUjNKybaVhPkzdEdR/XvePq2+V/Nn+ug0iH9YKP23ajJ+ynbsbCT09XKmm5sjXV911Cr4GVFQIZNSHHpAb5uHIV4padzt/7AO+T/unPn1voSsSrkM6berH8padBEQEEBISLW44+DQGktLCcnJyVy4cAFfX19OnYrTO4ZUKiUuTrMAQVwc7Ny5gz179uLl5SW0iYiI0BB/wsPDiYuLxcGhNY6OjmRkZGgdE6Bnz57C/fPnz/Pmmz6C8Abg6dmTU6fiiIhQVGXTN5ay3/nzF7TuMy4uloiICKKiotTaqa5ByY4dO9TmiY2NxcvLS6Pd04TSuN2m9UtUUskrrw3T2z7l3A9cz0rh4tkjvO6v6VP1sMiOOq5VEKqJqghj36+PhqdTXUkOXM+V/eG4zpisVcBRjcL662AEnWZ+gLmDLTfiz2n12irOuabT8L0mytS9giohqzbUo8PEBl0vfaRtCiF9UwiuMybj9N5og6PgsqKO0/3rz9Si2a7sD+evgxEkr9lQbwLWiy6KQiber7uxYd2M+xojO+cmA4csRC4v4cMpfkyf+nD8YKNjEjkUFsdPx5KEY3Z2LRg2pCcTxvogFld7zXFXWi1e2Y0wOIrKtM1kTJo6cC9pAtzOplL2ByZWr2m0mzxlDTE/J7Hg49G8O177e6B3xq0g4WyazmuZkprB1h3RHAyt/hs6dEhPFnw8Wm0vyrn04dHVmd3b52s9t2VbFMu+CEEkasaubZ/Q0UW/XcIrXSeDiQkLPhnNsCGaf7OVbeRFpXp/T2SyErbuiOJAaBw5ObeE42/0dWPCOB+6e7hoXSdAxKHP9a5zbdAh/rMuzKC2jwPTx72AfzphJ5Pp7daOCQM9OPHfKQzu9TK93dqxNTIBaVGpIF4BpDQQseBOK241VPhi3b1xE7O2L+D6og3/HdCBMW4ONMnNRnYwjHv5BbST3RD6FhbdRlpUytbIBPx6vcwrHewEfy2/Xq5CiqERI4+TCpmM/KAgMv389IpXqpQmJJDl50fexx9z9fXXyf/2W73iVc2+mX5+3ElNfZBlG3nG2LZunHD7ZHo/ur6q+Y97+94zrAiMUjuWeuk646Zsp6//t3zyeThBG0+SkJTB2d8yhKqBuqoKAlqFLef21jrFn283ntTqrfV6zw6PJOLJzsaS13tqT+fIuSZl+94zTPloH339/8OKNdHI5Le1tn3WKY2J0nu+ga0dzT/97KHPqxCyDvD8uo00sH1yKhYvW7ZMEK8GDhxIbu410tPTOXMmgdzcawwaNEit/fz5n1JSUqp2q8nRo1GUlJSyZ89exFWeiUFBQVhaWjJw4EAAIiLCNfrt3LkDAF9f9Tk9PXtqzLlgwQJAIUwpxSuxWCzMHR0dTUlJKUePRtU6Vk2BSbnH1NQ0Ro8eAyhErPPnz9d6PYOCggCFCAgKQetpx0LyPJ79/4W1g0ut4hVAq9YdefFlrzqnGpbdKaHaSScAACAASURBVKZIelNvG9WUtSsHIrS2ubI/nOQ1G8iOUkSbtFQRcdI2hegc+/SsRRRc1Pxio0wmJ3HJKmJGBLDL8VXSNu/CKzhQb/SR03ujaSSyAOBC4Hqyo47Tsru6SOX07iigOgpJG8VZucSMCCDvtCJ1UClIFWfnCsdqkrhkFclrNgh7UfplFaSk6+yTd/oc8bMXU5ylHtlVkHpJ2Pt+Vy+S12wQ9m6oeFWclUtBSjpth/ti3aOLcFN6gRVn5+rc/8NCJi+5775btkUhr+q/ZXs0Mtn9jwUKIeSDqWv417S1auIVQE7OLdYGheLlPUttnnspC6ojr+qYAmhi3R9Tl88V4ySOh7ua74uU12fZFyHEJ+h/D6/tWqakZjBq/Eo18QrgYGgcXt6zSEmtrsT8IM8FwObtRwGQy0vYsl3//3MAeVEpcnkJH80PVltHzTb61hYdk4iX9yzWBoWqiVcAPx1LYvT4lawNOqR2XCYvVrmvf88HVK6bIXt61BgFrHrGUtSUq9fy2RqZwLuf72bGyF70dm9H6Z1yvtyhGTY5tomM1uVFNHmlE826eYBpA0wbNMBUJKIwN49/NXTBtE8f7qSlI+Iu4spyoe+G0NNcz5ezJOBN2thY8YLf5/T517pHuV0jRnRyNzubvI8/puinnwwWoGr2b+zsTEPbuoXVV8jl5NT4Vt2IEX0oUwG7uTkyfmQ3dnw3TqtQs31fAjnXCoFq8SohSfubkftFXxRVN+fn2D/6OSJfOENE2+rbgvy9SL9fTYVct1hmKPJaRKcvFg7WKWIJYxTdYfveM0z9+OlPXaoPSn46qve85YezH5rn1L3sLI1jTd94E7sTZ3jui9VPhJAVFKT4MOTp2ZN9+/arpfVZWlo+kM+Tr68vgwYpIiukUsVrV/k4MjKSwsJCoW1GRgbJyYov/8aMMfx/SFDQt0IEVVRUtIYY9SDRT46OjmpRYqoRXtqIjY0lKysTsVjMqlUK4+zIyAi1fT5NlN0pJv/GVUAhYhkqSHXs0h/P/v+iY5f+Bs91PTOFiC2fELX7czIv6zaOa/6SkyDIZEcf1yp8pG0KITlwvZA+5zxxtODl9NfBCK19lNFASo8pVczEItyXzKV51RjlMjkxIwO0il1CH5VqiH8djCBt8y4NjynXmR8IIlfi0q+1jnchcD0FF9OwqIpcUhXGYifNUvh3qVBwMZ30LbtIDlwvRJ6pCm3xcxZr9AFFVFlW1M8aaYvlMrmw93KZXNh7XQSnC4HrtUZYmUlE2L+hSOnUJUY+bmSyEg6GnRIey+UlGiJNXXln3HJBuBJZNMXfz5MPp/jx4RQ/PLo6AzB9ypDqqKXSTCpz9kJDEQ06359/lWmbyZhY9YC7Miqv/6C37QdT15Kdo19IrsnaoFBB5Fvw8WhCtn3Ch1P8EFk0RS4v4fOV1cLx0CE9hf36+3kKx1Wvw1AdkVIHQuPIzf1beHwo7FSd1vrBtLV1FiDjE1L517S1wv5sbZ/jwyl+LPh4NBPG9kNk0RSRRVPeHXd/Rdy07elBRdKHjVHAqmeuXstnSXAUbWyskJg3Zc2ek4SdTKb87j2Ntn2b3uHr19tQ1PoFth/9jfz131P2v/8hlxfz+Z5f6HHLnhwac/pEEsnX5dj5vsWFFhm8ezcbUERhNWvciLCTySwJjuK3HXOYPtKLNXtOUlik+Y2kESOPkob29th89x2tDx+mXXo6NuvWYd63r8H9m3brht3OnbQ5fpw2x45hNXUqphYWhnWurKRCVr9+LUb+2Ywf2V3r8eyqiKqPPw/XSOVzamfNigW+ahFdTu2s6zRv6qXrOs95eL6M69R/88LX/0Vs3pjG6b/ROP037v5+Bun335AzqDvy3RvrNF9NztQiyIlFTfjuqxGEbgvAr38nbFvpFloSkjLYtke7z9ezzO0E3Sl8JhYizP21Fwy4H259NJO8McO5c+ZXjXPm/m8/diErNjYWWdXfalWPp4dFYWEhcXGKD3udOimEMNWILmV6HyjSB0ERuVQX0Sw8XDHGwIED68VUXRlBJRaL6dSpk0FtBw3yxdfXF7FYjFQqVdvn04RZY3PBz+rsz9v1CksPipW1I0WymxTJbtYqlHkFBwqCVPycxWpiSt7pc1q9qbz3blTrk7xmgyDkFFxMJ3Hp17wwdJBWI3Ml7kvm0v3rz2gksjBIyFGdv+BimkbqoplEhPfejWrjpW/eJawrbVMIfx2MwH3xXEFYMpOIhMilcpmcYyMD1KKmlBFmbovmCH2se3QR1l2cncthzwFqglHaphBunEkUxtW1d6/vVwtrjZ+zmPTNu3S2V5IddZy/DkbgoMPsXZnSqDS8f9I4GBonCBfOTopiHlt23H+EzNqgQ6SlZwnjRYYtY9XKSUyf6s/0qf7s3j6fiEOfq6XxVVzdAChEKBre/5crpu0VHoX3/vxabzu5vIQPpq6t09jKlEB/P0/eHa9Ip5s+1Z/162bg7+fJhqDqtLxhQ3oK+1UVqoaqHNeV6rdlm+ILKFvb54RjdREUc3JuMW/+9wa3V0TLVV+LBR+PJu5YINOn+vPueB8Wzh/D72c3EBm2TD3lsw4o96T8/QLYsl3/F22PGqOAVY9czVVUHXylgy2HY/9AWlxKGxsrCuWlJKXnCO3EleUsblHMt91aMOr4NZyj/maNRXMWd2rEt+2y2NA8CTOvTIa1/5WptjeR04BlDdrS/ugtjl67Q6ao2owyKT2nynfLls82RrHtyFle6WCn8OHKzX8cl8GIEa2Ye3tj8913OISFYebsXKe+De3tsZo2TWelQlVMLSyw/vJLTKvSRowYuR+UkVbaSL10XSOVz8K8MTu+G4f/gM5qEV36xtEm/pz9LUNvH4AGtg5Yf38Q84HD1Y5XFsko+GYxfy+Zqbe/cp6aKX451wq1pihqw6VDK75YOJifQz/k2KFpjHvbQ2u71Mu6BblnlUo9ZujN3nj4VSTvJJwmb+zbT6SQFRtb7dVkaKTSihXLadasqXBbtmyZRpt58+bSvXs3bG1tyMzMYPToMUJEkq40QqVvVM30QYBTp+LU5mzWrKlwLisrE6gWyGpD31hKdu7ciY+PD82aNSUkZCcODq01otNqUlhYKKRiKkU6ZbTZunVBBq3tSaRjl/5YO7jw4stetG7ftd7mMWtsTtfXx9JnyKza21YJP64zJmNuZ0P8nMX8+NZI4mcvJn1TCN2//oz+R/eqpbiZSUT0P7oXt0VzsHTpQHLgeg508mKX46skfrYK90VzNPypzMQiWnZzV/ONajvcl/4/7sX+jd6CkPPjWyM1Uu+Uc74wVPG70HaYdo+n5i85MfiXH4S9JH62igOdvNj/ck8KLqYz+NQRjeiltsN9GXzqCC8MHURRVg6HPQcQGzCL2IBZlMvk9N0TrCHEKdft9O4ozEQWxM9exC7HV3XOo9y7Ms0RFGKTcu8AiZ+t4vBrAzSEJ+X54qxcTs9ZjP0bvXWa5Nv36yNElCWv2aC1zeNEma7m0dWZhfMV6cQ5ObfUUr7qgrKfyKIpu7d/ir2dZoGDmv5HFX8r/m+YWhse0agNE6vXoIk9lGZpTSNUrgsgNS2Tz1fU/p5fiVJQOnM2TS16qLuHC6tWTrpvcUeV+IRUQfybPtVfiN7asj3aoP7Kvf10LIkt2wwTIaOPJQoC5odT/HT6g2l7Hg2h5p68X3cDDN/To8Jo4l6PXL2mEIyWBLzJ1sgEBnu9TG/3diwJPsrVa/nMfO42nvl/IbO2xdm5DccTLvKe9BbvAbdfz0JscomS22DnKKGsVIppS8iVyfDKtER07x7lzZ+nXVtX2qRfZmbjCuKbtSJOXkphUanGnCcS/+TqNaORu5Enj8YuLtjv2EHm4MHczTWsio1q34Z2dtzNydF6XuTnx3PTphlN3I08EGeSMli5RvebC5kWE3WXDq00vKu27Tmj08AdwNvLie37EtSOyYvuMOWjfWxfN65WI/Tmsz+j5MRRKovU0zGKIxWpe88tCQRAZNFYa/+Va6NZuUDxgeFMUgbztVQ3NAQ7G0vmz/Qh9XIeZ39Tj+DS5wH2LFKeelHv+YZ2DnrPPwgKIes0jT16YDltJo27/Z/aeXP/tzH3f5viQ/so/M833MvV/ne2vtAnzqiiNFhXonpfibIKICgqGU6dOlVt/EGDfImMjFRLI4yMjAS0pw8qop8eTnSVIWNlZmaQmVn9Who82LdWgU8ZZeXg0BpfX8XretCgQYSE7OTChQucP3++XiLE6ouUcz8IKYB19bK6X+qScmgmEeE68wODq+ApcZ44Wm+UlSpeGwO1Hjd3sMVrYyBlUjkFKel6Ddh7rF6q1bhdlfvZi7mDrTBumVROcXZureb05g62uC+Zi/sS3ZFWSmrbOyii3VQrGFr36MKojN/U2g5P1l44QYmZRMTwPx4sJa++UE3terfKpNvW9jlyc//mUFiczighXaSkZgjjDR3S03BRR171f0v8cp3m04ZJMwcq9Zi5u7g4Ym/XgkNhp9i6IxoXF0eD9jlsSE/+sy6MnJxbeHnP4r3xPvj7ed63sKMNpegksmjKsCE96e7hzKGwU8jlJRwIrf35cHFxRCxqRszPSSz7IgQXl9Yaxus1OaPiB6YrrfFBUO7J1vY5+nm7IxYr1mfonh4VRgGrnmljoxCMJgxU/zb6/OVc/u1uTSuTW1g1LKf07j08XewBe34vu8Br/acCd2khkXIt+zpNmzbh2s2GvNamG/9rcADXfMWb2mzTJjS1kiC6cxsHR3tOJv6P3u4vaszZxsZKENSMGHnSMBWLaWRnV2cBq3DbNp3ildW0aViOG2eMvDJSZ8ZN2Q5AZSXkXi/UKbrYtpLQzc1Ra5rd2d8Upu3jRnRDJr9N2A/nWblW/zdY40d249CR8xoiV9rlPPr6/4chA17BpYMiBTHnmpSYk2l8MsOHbm6KD+ymIgmWk2ZTsHqJxtjFkfto4t4d80Ej6ObWhp/jNCtGhR45T+iR2k2hVeni/RVv9HbG28sJ21YSwbPrTFIGudc1I8d0iWfPKhUy/YKemctL9b4GVSHL6tMlNKoxp7n/2zT19kG+dSOyrRs1BNKHiar4ZGi1vLFjxwoG6ro4ejSKTp064ePTj+TkZObNmydU8AOFsDN5suK+anqdrvTBTp06Ex2t/fUsFouRyWRkZBjmh6dvLCXz53/KggULWLZsGStWLCcoKIjRo8foFaCUXmIymRQfH81v6YOCgggODjZojU8CFpLnSTi2DRMTE+7cLsaj7zjMGpvf93iZl8/WawTX48BMIjK4emB9r8NM8mCVFetCwcV0YicpIuXaDvdVRHUZaOj+NKFMTVOKCwDvjXuTZV+EcCYhjfiE1FoFEFVUjby71aEfoPCvqoXK/F+0ilLq47xGZf5pKNf9v3DhJ2NISc0gLT2LZStD6OjcutaqeNOn+ldV6YtGLi9hbVAoa4NCBb+rBxWysnNuCmmKSiHJ3u55PLo6k3A2jf+sCzVI7Fm1chLvjFtOWnoWH0xdS2zMar1CYraKYfvDFOMUY1fv6b0q/yxVkdTQPT0KjALWY2RyopSvyovxr/gLrlQrqo1cizDN/BBzy9b8de1V2rR35urlNCpu/Y5J+TdIC9vy4q9XAFBa5x4ybcm8W7pf/EYPLCP/BEoTEqiQyShNSKAoJkaneAWQ/+23FG7diuWECVjVg5eKkX8uhhqxT32/F6Awfbcwb6whPK1YE82KNYaHXSsjl+Yv0/QwURqh14ZoVACyXcHcu6752ij8fjVNe7+Jdy+nWsU0JU7trPWmERYV36mT8OU/4BWD2hl59NxJOM21wT6Y+w/HcuosGthXR3+ZiiVIPpyNaML79SpkqQpWy5cvfyDD85pYWloydeo0Jk+eJFTwUwpAyjTCyMhItTRCbemDteHl5UVkZCQhITtZsGCB1oiw+2XBggUEBX2LTCbTK0CdP39eMKCXSqVCOqQqkZFPlw9W6/ZdsZA8T9ntkgeKwCq7U8ypI/8l689EXnzZ64GFsDKpnPQtuyjOyqVld3et5uDZUcfJi0+keccOWs8ryTt9jhtnEoHqlDltUUyGRDgVZ+VSJpMLbQouplOQeoni7FxcZ0wmO+o4BamXhLm0pdWprsd1xmStc1w5GEGZVI774jlqx/POJNLcpYMw/5X94RSkXMJMotiXIUJbzTW+MHSQmjCleh0G/3KEMqmc7OjjJH62CgsHW+z79cFMLKIoO1fnfMVZuaRt3oV1d/XUzCeN+IRUEs6mAdXiAijEk7VBh5AXlXIwNK5OAtaDUFmu/+//vQvTqPz7Fxr2SdLbTqCRbi8tsbgZG9bNYKDfAuTyEubND2bXtvm1Drlw/hjeHe/D2qBQfopJFK5RdEwiu7Z9UqsIpg/VlD/VNL6hQ3qScDaNnJxbBgmKYnEzVq2cxKhxKxReX9PWGLS3+mBtkKI6vMiiqVp01/Sp/nw0P9jgPT0KjB5Y9YyuqKderyqipOY1cuKQaUu1cy3+z4uK5kO5klkBfx8m/+KXtDI9jNjiHmY2Q2nu4afW/pBpS+Y1clIbtyaFcqOAZeTpRnboEDljx3JtyhS9kVeqVMjl5H/7LZmDB3MnVX8ZXiNG6sKUiV74D6iOfhg/slutfSzMG2v1hlL1uPIf0JkpEx/sQ7vl5Nlaj9+7lo1810bsbCwNmsPCvDFfLNT9YaumZ1ZtvN6zA969Ht238k8DtVUXLKslxbA+KD60n5zXe/D3xzM1qhYqhSy7E/FIps7ExOLhRjk4OjoyerTC1yUuLpZJkyZpVMx7kAp6Y8eORVwVlRsUpO4DpVqNUF/6YG18+ml1NJiPj4+arxc82PoBoQqhvmqCyr25urpy9GiU2m3DBoVhsFQqFUzen2RUjdqtWrZ54PRBs8bmWEgUkQut23d5IPEKoCAlneTA9Vw5EE5xtvYo8iv7w0nfHKL1fJlUTvKaDcS8/T7JgetJ27iT5MD1JH62ih/7j+TwawPIjlKvWh4/exE/9h+p17C9KDuXH/uPFCoJJgeuJ372IpID17Pf1YvYSbNIDlwvzHXYcwCJn32tVhFQubfkwPU650gOXE/65uqKbmmbQjjsOYD42YsUc6zZQOz7M8mOOk76ZkU1xmMjA4ifvVjn2tM2hZC4ZBUFKekUZeYIazzQyYv42YsFfy/ldVCOZSYR0Xa4Lz1WL8V15gc0f8mJouxcjumo0Khca/rmEBKX6jcSf9yoGoOrigticTPeqIrGqmsFPLGoOtJHNTXNIOR/aD9+V8rdU69TmfcDDd231zpMZf4vBk1nb/c8X62cBCj8sJZ9EVJLj+p+q1ZOIvZYIB9OUXx+VghFdTOFV0W1EqT3625qkVDDhvQU/Lf+sy7UoPE6ujiyoMrP7ExCml6vL3u7FsL9lNSHV/VaJisRKlG+UZU6qKRfX3fBr8vQPdU3RgGrHlGmD2o7bimqNumc18iJ5Q1eEB5nZMQhtumBY5/dSHocx7R9MBmN/oPM4t9UWvQgP/NHoa2qeAVgKWqKpYWmAai+9Rgx8jQg9ven7dmztFy5kqZd6xb2X5aWRs7YsUYRy8gDYdtKgl//Thw7NI1pVdFXSqa934spE72wMNeeIufUzpod343DuSrFTpWaJu3T3u/FtnXj6Ppq7d8OajN4Nx80gsZu2qsmynZvpDz9D2G9urBtJWHHd+OElEBD59aGhXljpkz04ruvRhjU/lmiZrpeTe7mZOk9X588LiFr1apVeHoqPqDt3LkDW1sbnJ2d8fHxwcamlYbwVNPEXZsJuiq6BCBVcQv0Vx/UZryuNI/v3LmzIBJlZmbw5puKdfv4+AhG8oaOpQ2lqKarmmBhYaEQXTVmzFi8vLzUbmPHjsXV1RVQmMM/6WRePkfZnWIArmemkHLuB+Hx/dLOtRfvTN8oCFn1ja6oq4KL6fzYfySNRBZ479uI976NDP8jjr57goUKhcXZucROmqUmYpXJFCJTzYqH2lC2dVLx2Wo7dBDDLsQy7EIsXt+vFuZK3xwipOIBNO9Y9y8cnCeOVlt7UWYOXhsD8doYyOBTR4RzVw6EawhjZVI5MSMUVQzdl8zFdeYH9Fi9lMGnjtCym0KkaSSyECLFlHu7ciBcryAGkBevWVGwXFYt1hVn59Z6LR8X2Tk3OVQlmAC82u0DXnQZJ9xUzxlqBg4K4UQpthwMO6Vmdq4XUdX/LVkNEeuulLvxQ6A0g4bdDhvkkVVZNYaJAW37ebsLItTB0DghIk0XqmKeWNyM6VP9hf7KaKL7QbUSZMzPSWrPxYsu4wRfsTMJaQYLisOG9BRM4Lfu0B0h/0Zfd+H+wxSTtmw/KuzpUNgptf282u0D5FWZXHXZU31iTCGsR9rYWrH1SAK93dupH7exws3JjsOx1S/8LQ3tkdGQL+9dplFFLo1y5tAIKLwBN4tewKTsL1yd4WoiNGv4PGCuIV4BuDkpKg7W5ETSnywJeFPjuBEjTxOmYjFif3/E/v7czc7m72+/RR4WZlDfCrmca1Om0Obnn+t5lUaeFubP6KfVgF0bSp8pfUx7vxfjR3Qj9Mh5ZEW3SUjKwMPNETsbSyFay87GErt149T62dtoRuF0c3Ok23fjSL10ndTLeeRcKyT1kqKCn0uHVogtmuDh5qhTYHr+m83kTRpG+eUUteOVRTKuTx5Oqw37mfZ+L/wHdOZMknqlQw+3Nmr73VZjvUpcOrQiIXouqZfzSEi6KhxPvXRdWJdL+1Z4uDnWakD/LGNiIdKZjlcSE81zWs88OooP7af40P5aUwul/1mNfPumB57P0tKS6OhoduzYQUREOJGRkYKJuVgsfuCUvDFjxrJu3TohAmnatGnCuUGDfIXKffeTPqhk7FiFcLRs2TJiY2PJysoU0viU4tH90rlzZ1xdXUlOTmb58uWCIKckIiICqVQqrEMbY8aM5aOP5hEXF0tGRsZDTXN82Lzy2jCO7lpKwc1MHNq549F3vN6oqSLpzVqFKauWbap+Plj0laE0EmsKvAUX04kZGYCZyELDxN26Rxf6H93L6VmL+OugQow8PWcxg7t30fB2ip+jEG70pSaCuhilappu79MHe58+wlw34s9xZX94rePpw8GnD4VVqX+q45g72NIrOJDDngMAuHIgQs0oPmbE+xSmXsLr+9Vq45k72OK9byN5p8/pTAW8ckAhPnX/5jOt51XFKiV5p8/htmgOyYHrKZcXceVAxAPtu76oiyh1MOwU06f6G2zIrkwPk8tLGDV+BeuDpmt4K6WkZqil25lav0WF/CL3rm6gQSeF1959iVfZu+GuXCGINdQfjay63viENL3iVXbOTebNDyYlNVMjVVAsevDXvLISpCGsDQplVVXkWG2sWjlJ8PrSRT9vd5ydHEhLz+KnY0nMmx/MVysC1NrIZCWkpGXUKdWvLlUs67Kn+sIoYNUz2qKeeru342i85gvvYEPFG/5+t9XDXMusJtL4enVIulkjE63ilcS8CSV3yjUEMyNG/ok0tLfH+ssvsZwwgbyPP6YsTf83MYBBaYdGnh30RRfdL2JRE73phGJRE4PEMCUuHVrd1zpNRRJsdv+EdMM3SIPVPwwoRSzxqABs3pmolgqpDX3rVe6nLnsyok6zN3woDj2g9VylXEbxoX2Y+7/9iFeliaqQ1Xz+ErX0R1OxhOYLPkM84X0Kv/1G537qwtixY3UKMAAlJfqtEby8vLS26dy5s86+wcHBeo3NFyxYUKthvBJHR8cHHkuXufuZMwl62+m7bgDTpk1TE+6eNFRFKAvJ8/i++6VBff73RyyZl8/yWv8PBJHqSSU2YCblMjlth+oWSt0Xz+VG/DmKc65RLpNzI/6c4NPk9O4orhwIp1xeRPycxRSkXFLzoapJQYpmCp2uubKjjj80IadmFJe5gy32b/Qm+6cTaimVV/aHU5h6iZbd3HUasGsTr14YOoiClHQKUy/VKmJpo+0wX8plijTOG/Hn9IpkD5PUtExGjV+hdkwsasaCT0arCUiq6WoeXZ3ZvV27P9KWbVEs+yIEubyEg6Fxar5M+hg2pCdnElI5FHaK1LRMennPZuiQnkKqWnRMIqlpmQwd0lMQSkztR1Lx59dU5uyFNpOhmUOdxSuAe5dXAdCgTd3EkA1BM/DqO1OICtJGSkoG8qJSRo1fyfSpQ+jo4kh2zk3Wrqv2ebofLyfVSpAfTvHTaX6/ZVsUMT8ncSjsFAs/GWOwoCh4fenZm+CZpeLpNayqimR2zi2iYxKRy0uIOPS5QT5fhu5pbVAoCWfT6ryn+sAoYNUzhfJSCuWlaimDAK2sRHw0tg9f7lDPaz/YsBXdLF7m9u3TNGkCzcWQcWUjL7etbnO95EUN8QrgA/8etLLS/KNfKC/VmVZoxMjTTmMXF+x37CB77NhaRay6ph4aMfK0I5k8G4tBb1MUsY+iiL2CuXtlkQzp998g/f4bmvb2wazDy5h1eImmvQ1702vk4dGk2//pFXzyly+hqbdPrX5Zj4riQ/sp+SkK8YT3EY2fqLauBvYOPPflGiynafdhexKJjY3FxMQEgJ49FamL5eXl3L17lwYNGmBmZqbRp7CwUDBJb9269RMdwfS08vsvB3jltWEGtzdr0ozLyScolt2iSHrzsQhYefGJsGaDxnGlZ5OSgovpFOdcA9BrxG4mEeE0cTRJVf5MBSnpgoDlvmQubYf7EjPifcrlRaRvDqFcJq+TeFNzrpbdu/DXwQiyfzpxX2PoGrcm5vaKFEBzu+p0WmWKZLm8iBvxCuN4S5cOav3zTp+jeUcntWNth/vSvKOTEL1VFxGrTCbHTCLCdeYHZEUdpzD1EslrNjwSAUsuL+FMguZ71gnjfNQErOhjiUJq1/SpQ3SO9+54HzZvP0pu7t9s2RFlsIAFiip/YlEzIXXtoJZonNNnUsjOualYW9PWmLYJoOJqMHcvfKhoUEfxqiL1U7idkolcfQAAHzpJREFUDaKXMLF/x+C1giIdcNf2+QzyX6j1vL3d8yyYP0aILFu2UtMv66v7jCBSXhuRRVPeHfemThFHLGomVPTbsv0o06f6GzS+0uvrX3o8ujq6OLJr+3wmT11Dbu7fyOUlbNmuGaX307FEgwSsLdsUEWUii6b61zkVRo9fqehThz3VB0YBq57x6+VK2MlkJgxUN+6dMNCD/x78BYl5E6TF6ka4xY1caeT2FWm/rsWycRatbO7SqLkdpY06YOv9HmnHNN/oSsybgImJxjwAYSeT8ev1YCHrRow8yZiKxVh4e5OvR8Bq2rUrNt999whXZcTIk0EDWwckk2cjmTybe7lZ3E78lbu52VTIpVQUyWho40BDGzsau2v3zTJSvzT11v9Bo1Iu4+a/38d65/77nqNCJn2oAlilXIb029XItm7UKWTdL6oeVqmpaWriUL9+/Th1Ko758z/VGr3UqpU1MplMa19Vzp8/z7p169i5U93EXCKRcPRoFN9/v4EtW7bg6dlTLbrp/PnzzJs3T6OqX8+eXnz66adqVROXLVvGihXLhfNRUeofMJT7PHo0SqPa4o4dO5g8WfEBa/ToMVojuWq7Fk8zFpLnyc+7SpH0JmV3ism6nIi5uAXtXHvp7GPW2ByPvuMou11SZ2P2zMtnadW64wMbut+IP8cNLV5LNSmr4b2kD+vummJKQUo6BRfTaf6SE/1/3MvJgJn3HYGkikWNKoS17aW2tesiO1ohVqmmDyo9qoqycjg9a6Eg8Fm6dMDC3paWPbrg0K+PVkHMTCLCe+/GOolYBRfTMTExIblKcLRwsKMw9ZIiCi0rV6Mi48PCo6uz3vOqJt0AqakZeHR1RixqVmvE0MJPxghCRs20P32Ixc1YOH8MQ4f0ZMv2KLJzbgkpeh5dnenX152hVRE+Skzbz6Pi718FM/cG3ULrJF5VXFX8TWuoTEGsQUfn1mo/Nc67OPLligAOhsZpbTOsKopMGQmlxPt1NyEiSxtiUTPhOVI1uYdqTy3lNdEXgdTRxRF/P0+yc26Rkpqpds77dTdk8hK6e2j/Xejn7a53b8rxj4QuJ/pYopofmLOTAx1dHHl3nI/GHl2cHTX2lp1zE7HYXNiTPrp7uAhrr7mnR41RwKpn2thacfWIZiVCS1FTeri2YdaoXqzedVJNxPru+F162/6b5jZdqRSN4aWOrshlRZjcjOHa6cmsiWwPVIdkScybMGtUL7xefVEj0gvgROL/tApbRow8CRTHxCALDaX07Fm97Qq3baM8J4fGLi40dnGhqUf17/Sd1FSKYmK09mtoa4vVtGmI/R/fNwVGjDwpNLB1wNzWaKb+JGEqliAaN1Gvf9SdhNP8/fFMjdQ9Q/j745lYDBlO427/96BL1aA2IetBWbZsmd40PFV27NghiFfKx9qEnfDwcCZPniT4RHl69sTR0ZGMjAwuXDiv07g9NjaWESPeVutnaSkhNjaWuLhY3nwzlg0bvteavhcXF0tsbKyGUKWLoKDqD3UhITtZtWoVlpaWBvX9p/CK5zBO/fBfAFq17qhXvFLSun3do6xTzv3A2Z93YCF+Hp93Fj6QsXvLbu5479uocTzv9DmOjaz2qVGN8CnK0i8CKaOVoDodr1xeJIhg5g62WsWbF4bdv4ebamSUPrRV9tNHmVRO0tKvKZPJcZ0xWXuaookJg3/9weAxC1LSse7RRRCxYgNmcuNMIlcOhFOUnYvze6O09suOPk5lZSV5v1a/92wksqBcXsSFwPX0WL20TnszFF0pgLpYWFWdzhD6ebvTz1u/CKGPji6OdfQ2MhHu3bvwIQ3az8XEbqTu5rI/uJe6gMr8XwFo4LpWp+hlyL6HDenJMJWKjDXp7uFS5zTBji6OOp8je7vn6/T86bqWG9bNqLVvbXsDhfBoSDsl2n4/6ronQ9b+KDAKWI+ACQM82BqZoCEi9XZvR2FRKUsCfFgSHCWIWDfvSIj4/R4TGm2meRlk/QRV0e0kX3mexJvV39ZKzJuwJMCHNrZWWr2vtkYmsCTAmBJi5PFSIZNxJy2NO6mpVMjllGdnczcnh9KEhNo7K8eQy5GHhiIP1V91o6GtrSBymXt709il7jnuRowYMfIokXw4i6JD+3SauYMida8s9SItvgistXohwL3sLG59PIs7CaexGDLcoHU898VqCv/zDfdy6+YXqCpkWX44C9H49+vUXxchITtZsGCBQSl6O3YooqmUBuc7d+7UELAKCwsF8crBoTX79u1TE6xUqxLWJCAgAKlUilgsJioqWuhXWFiIj08/kpOTmTdvLoMGDdIqNi1fvtwgAev8+fMkJycjFouRSCzJysrUMJv/p5J5+awgQlm1bMOb7yyq9zlbt+/K2Z93YC5pUe9VCfNOn8N1puK+0gfqr4MRdJr5gc6IH6V3VSORBS21RGOB9gik2jyvtKEU0wytPmjIHDfiEynKzqXgYjpXDoTjOmMybovmaERS2ffrw18HIyiXyfX6UCkjz5SomrObSUR479uoZkivzbwdFM9F/6N7NY4dGxlQ63PyzKNi2N7AbSsVVzdQmX+aexc+hMurMLUfiYnVa0LzyvxfqLj+oxCtRUMRDTp9i4l1/8e0ASNPO0YB6xGgjMLS5oXl18uVrZEJLA7ox+GTFzn52/8AOPJXD7q+4IBVmSlNze5h49iWpKQ/2Zdc3b/Xqy8yuNdLWIqaak0RLJSXcvVaPm1sNY3kjRh5lJiKxTT18FCLmjJixIgRIwpMxRLEE95HGhSot115agrXBvtg7j+cZt5vak0/LI2JoiTmKMWH6p5yaO7/Nub+b1N8aN99C1kFy5cg27oRu+PxdZ5fFU/Pnpw6FWdQFFZGRganTim8Sb7/PpgePbqTmZlBeHg4vr7VUR47duwQIqiCg4M1oq10RTmFh4eTlaVImVi16mu1fpaWluzbtx8XF2etlQ09PXuSkZFhcBSWMq1x0CBfOnXqxEcfzWPdunXPiIClSCO7n0iq+8WsSTPGz9tNkfTRloZ3nfmB4DUVO2kWffcEa02Pu7JfEVHV45ulwvlGIguNdjVFrLoKWGVSOTfOKLynnKqqIqpGf6VtClGrllgmlVNQVWlQH+Z2Npxb8pVQlfCvAxFYd++CmURdJGs73FeouKjLh0opMHX/+jO9JvPK6Km/DkZovQ5X9oer7U2JdY8umNvZUJxzjbRNIWrVGo1UoaXaYAPr/lRm71aYspdmUXF5FbBKs29DEab2IzFtP8/gqoNGjGjD9HEv4FlhxshebI3UjDZZEnyU3m7t6OPent7uL/LR2D50bm9LeoGYdw52ZNtpM/Zl9mDBbjkjDrjyY3Y7Ore35aOxfejt/qKin1s7Tib9T2PsNXtOMmNk7SHXRowYMfIskpGRwa1bt4THqampWtuVlJRonKvZ90mholBK6al4Sk/Fc+fCxTr1LY07TUWh9L7nflKvydOC5MPZNHLuaFDb4kP7ufnviWR2sCfLvSN5Y4aT5d6RzA723Pz3xPsSr1Qx938buxNneO6L1TSwtatz/3s52Q80P8DUqVNxcGhNSMhOYmNj9bZVptx5evakc+fODBw4EEDD4yoiIkJoZ2g6H8CFCxeE+9pSBB0dHfH07Kk2hyrKSLDly5fXOpcykmzQoEGC+JaZmVHrNfgn8Mprwzh15L9cz0zhf3/E8ssP64nY+jF/Jp+stzmVvlf1HX1Vk+YvOdH9a4VHU0FKOsdGBpB3Wt1zquBiOjfiz/HWD3sE83ZQREhp859Silgv6KlsCAoxSpXirFyOjQygODsX+zd6C+JR2+G+WLp0ACBp6dckfvY1xVm5Qipg86pzgOAlVRNzB1v6H92L07ujhL3GjAzQSD+07tEF1xmTAYX3VvzsxZRJ1aOnkgPX00hkgX2/PtRGj9VLtV6HMqmi4qCDj/YxlGNfORihMb8RuHd+mlbDdhP7d2jYJ4mGr/2Mabs5mFj1EG6m7ebQwHUtDd/4H6Yuy43ilZEHxihgPSIsRU3p7d5OTcRas/skn22MprColPOXc1kS8CZv9nBhwoCuLHz3DT6f/BaNXnyb5+y608ShP59PfovpI3oyYUBX3uzhwpKANymUlzJh6W4Cd59kxuowYeytkQn49XLV6ollxIgRI0YgJCSEuLjqajtffPGF1napqamk1SgQULPvk8Kd5BRy3hpBcfhRro0MIO8Dw6rBFUdEIdu5H1PL+39jmZSUREZGxn33NwLWO/fXWTCqlMu4k3CaSrms9sZ1xNz/bWzCo5FMnYmJhfbS9vWFpaWlwcJPeLhCNFKKS4MGKYSfyMhItbRAqVRxv65VA5W/166uugviWOp57YwdOxYHh9ZCFJYulD5eYrEYX19fHB0dhTmVwtY/GQvJ83j0HU/Uns/57dR+7twuouvr4wzyv3oSUI1Q0oaZWP011Ha4r0KceqO3IGIdfm0AMSMCOD1rEXnx53jrx71aKxXqMlA3k4h0ijdKkpZ+TcyIAOF22HMABSnpvDB0EF4b1aNAewUHCiJW+uYQDnsOIDZgJk7vjcJ730bs3+gNQN6vZzVEKdVIMfclc/H6frXCZ0om58f+I0les0Gtj+vMD3BbNIdGIguuHAjnx/4jSfzsa9I37yI2YBYA3ns3ao1U04bqdVBGXMXPXkSZVKYmCKqifA7LZXLSN2tWr3uWuXdhGpX5v+ivNih+GdP282jQ7bBwM20/r86VBo0Y0YcxhfAR8koHO65ey2drZAKvdLDj90u5dG5vy4Slu7G0aMr4AV0pLCrFr5crbWytOJH4J56dX+DqtXx6uyn8rXq7t6NQXsravbG0sbHi90s5TBjYFb9ervjN3QwoxCtLUVNe6VD3b02NGHmYZA4eTFlaGqYWFmBiQov58wUz9bvZ2Vzt2xcAu+3baeziwtU+fagoKqLt2bOYisWUnjlDzrhxtD17lvxvv6Vw+3Ya2tnR5uefAYW31pWuilSDmnMo57ZZtw5zb2+19Yj8/LD+8svHcEWMPA2EhoZibm5OYmIio0aNolmzZrRooagMFBcXR1JSEllZWbi4uFBSUkJoaCi3bt3C09MTd3d3EhMTiY6Oxt3dnX79+gGKKK6oqChMTEy4efMmQ4YMoUWLFsTFxXHq1CmhbWJiIiUlJSQlJTF9+nRAIZa1bt2anj17EhoaypAhQ4SxUlNTcXNzo2dPdRPPFl8twXyQDzn9R2K9/hsK122i9FQ84lHDMB/kQ/6KQBq7dqQ8M5vSuNNYzZ/Jc/NnItu5H/EYhV9SRkYGYWFhuLi4kJGRgZubG6dOnaJfv364uLgQFRVFWlqasO8WLVrQrFkzSkpKOHXqFKmpqbi7u+Pp6UlcXBzNmjUjMzOTIUN0lwJ/1jEVS2j5381cHz1Mrx/Wo8RULEHy4WxEE95HvnUjsq0bH9naxo4dy7Jly/QKP6rpfYMGDRL6zZ07B5lMptU/SilkGYpSnMrM1F15qbCW6MUFCxYwefIkvV5Y1dFX1elRY8aM5aOP5j0zZu7tXHs9NYKVkheGDqrVM6mRyEJr2lvzl5zw2hioSMmrSnczE4u0ilZK2g73rdWnqsfqpVj36CJEUzXv6MSwC7GYSURc2R9OdtRxirJzMROLeGHoINoO99WatqeMoMo7raiwaN+vj9raun+zlOLsXLVjbYf50rJ7F43x7H36MLj7D2RHH1cIcJWVGqKe88TRtB3mK7Qpk8opk8pwem+UxniGXgfniaNp/pITxVmKdapWP9S2X7dFcyiXyWkkfrSi/ZPMvQvTqMz7Qb94ZcTII8IoYD1i/Hq58vulHMJOJrNmlh9LgqO4ei2fGSO9KJSXMmN1GL3d2rFmlh+/X8qht3s7LIsU0Vtrdp+kt3s7ZqwOo41tcwAmDPSg97/WsTXybNV4ipREbYbuRow8ahqIFP/8bb77jpxx47i1fLkgYJUkJNDQ1pa7ubkUbtuGzXffYe7tjTwsjKKYGMT+/pTn5CDy88NULOZOaqqifU4OskOHEPv7YyoWC3O1OX6cK127UrhtG2J/f2Fu06qfFTKZIKYVHztGhUym1t+IESVhYWF8+OGHtGjRgujoaFq0aEFqaiotWrQgNDSU6dOnC548ISEhFBcX07NnT4KDg3F0dCQ4OJjRo0cLohdAs2bNhHGLi4vZuXMn7u7uhIaGEhAQQEhICJWVlZSUlBAXF0dAQHXFqoyMDJo1ayasbciQISQmJuLi4kLr1q2Ji4vTELDyV67hzoWLmL3sgmznfoojo2jx5WJy3hqBnaM9+SvXIBo1lOfmz6Q4MooKqYwKqQx5SLWA5ejoSFJSEp6ensTGxtKiRQvhGty6dUtY58qVKwUxzsXFhbS0NDIyMvDx8SE4OBgHBwfi4uIoKSlR25cR7TRyeQnb8Ghu/Hsi5Wkpj3s5Ao9LyFIVfrShTBOUSCSMGFFdYdOkqvqNqn+URKIQfy5cSK7TGlq3VkRsSaVSCgsLtYpIyigtXdFdtYlxqj5ecXFx+Pj4VM1ZLbZFRERoTWF8msm/cZW8zFSKZDfJz1NcwyLpTYpkCk8qC/Hzaul9VtaOmDU2x6qlI+aSFli1bPNY1q1EVSTS12b4H/ojds0kolrHUaLP/0lXO9WopbbDfQ0eQ4mufZpJRBp+VuYOtjrFPDOJqNa5DWkDhl8Hpbhm7mCrV7xSUlsk3bOISSPx/7d3/7FN13kcx18bAywtbW+2oO5H94dCqw68VUHjOjVHmFFAgp6RHzqSC0hEjHfnjyB48Q+HMZwG+XFnQvwxIFHvdNvp4sEcemx6Cqjn2GkXMJe1bCDb2JVu3QTmdn+Ufmm3oYDIvh7PR7Js+/76fL7NQtoX78/7qxGEVzAJlhAOg2smZGnh7VNO9Kgq0jUTLjOWF+ZdmqnZN18t51hLvBrr0ZeVd2m8Cfua10++4XHaLGo62CHnWIu+2PKIXv3DXFXuaNDsm/IJr2A6h5YvlyQ5Fy40tnWWlytz2TJlXHaZYtu3q7e52dgfKSszvtvnzFFvc7OOBoNyr1gRP3eIJxFGKyqUbrPJWVIy5Byi5eUaO3u27HPmqK+zU9Hy8nN6j/j5cbvd6u7uNn63WE4uuU5UFLW1nWzs29jYKJfLJY/HYwRKbW1tCgQC8vv9ys3NVVtbmxYtWqSKigpVVp5c1p183YKCAoXDYbW3t8vv98vn88nv9xtzCQQC8p3G0zO9Xq+8Xu/QO/v7ZZ93l7L//oZ6w836LhJVrKpazqW/0QhHPLi1L/i1Mjw5PziO3+/XmDFj5PV6VVBQIElGr6vPP/9cxcXFslqtxvHBYFAej0c+n08ul8tYfllcXHzGS7cuVCOyczR+y19l+dX04Z7KIIkgK+sfn5yXpYXJy+8aGvak7AuFQqqqqpIUD5fq6mqNr0Sz9uT+UYkKrXA4pHXr1p32HJIbwa9fv37Q/traWqMK7Pt6a61eHW9sPFQYl7xEMBwOGfeR3H9rw4bBY/8cdR1p09cNO/TFR28qvO9TWR0u5Vx+rW68bYmK5z6pO5esVcljr6nksdd055K1Kp77pG68bYkm33inci6/Vv3q1+HWJu3avklvvrhMb734kD6oeE71H72lQ/uD570hO/D/Lt1XSngF06ACa5jkXZappxbdqjWv7ZDTZlGks8fYd80V8aV/X+w9oLxLM40AK2HN72br4ecrFenq0TUTsvRq1S5Funr01KJbz+s9AKdr/DPPKFJWpo7162WdNk0jxo5Vz+7dUlpa/EvxsMq1YoVGeb061tioWE2N+qJRWaZOVXtpqZSWZgRbPbt2qbe5WRnZ2cYYHWvXSmlpGnOKJx1GysqktDSjIiuyaVNKoIYLT0FBgTZu3Cir1apQKDSoimmgQCCguro6VVZW6vDhw5Ikn8+nyspKNTY2KhwOy+12a9u2bSoqKjIqlZIrsaqrq42KKa/XqxdeeEFWq1XV1dV66KGHBvXakuIB0ocffmgEXKfTZyrzid8aP1sC1yuy4aX437/DPii0SnfYFflTfAn68XCL+iJHfrAXVkFBgbGMUVLKPRYXF6uiokJpaWkKh8NavHixPvvss5Rj8MPS7Q65//yyju78pyJrn9fR3T/uqX7nWnJF1pG1z6tz00s/2ViJKqxEKJWQCH3sdru++ebQoPMuuWS8sYywqKhI9957r7Zs2ayGhgY9/vhj2r8/rPnzFxhPFXz77beHDKA8Ho9mzJihqqoqrVpVKqfTqZkzZ8rhcKiurk6LF8crC/Pz87+3QmrWrFkqLAyorm5wBVbiXpYuXarVq/84aN/99y/Wnj17VF9fn/IUxHA4PKgfX35+vqmXGtoc7iGXCXa0Nkkaupm6zXGyEuuS3BMPO7jx5P5vwl+p60ibQnt3qaM1pP+2hpQ5Lk+Z4z3KHJcnm8OtX4zLNZq2n45jR2M69m23Rl005ozOAwD8dNL6+/v7h3sSF7pIZ48RQv1yQrbuuOlqfbG3RU0HO4xjZt+Ur1erdmnhjPiH87/t+Lf+tbdZTptFC2dMoVk7TKllwQL17N6trE2bFCkrU2z7duVUVqqzvFzfRaMa/+yz6otG1XTLLVJamvLef19dNTVqPVGx5Vq+XM6FC/Ufv19ZW7ZotM+naHm5WpcvN/pYfT0xXhp+6YYNOrh0qSxTpihr8+aUsfs6O9VWWqq8Dz6QJB184AHFtm9X1qZNskydOmyvD4ZfKBRSOByWy+Uyqp6CwaB8Pp/a29sVi8VktVoVi8Xk8XjU3t5uLOlzu91yuVzGNRKVSonfc3NzUyqOSkpKNG/ePHm9XmN7e3u7MZ7L5TIqmwaGPcFg0Kj6SszH7Y5/mGtrazOu1xc5oqMNX8kSuCHl/N7QfnXXfaKRnmxZAjeop+5jjc6/UulOh3HOyNxsHQ83G9uTX4tQKDRovMTcE6/dqlWrFAgEFAgEjCcSejwe4zVyu93GPeDMxcr/ou73turbnR+f9tK90dddL9udd8s6525J0qH5d31vEJa79+yfHvhd835F1j2nWMWbP+paY8bE389s3botJUyaOHGiUeX0xBMrtHLlSmPbUKGPJD366CPasGGDJOnAgYNyOp2qr6/X4sWL1NAw9DLCrVu36Y03Xtcrr7yiwsKAqqurJUmRSETFxdNPeV5+fr62bas2gqOnn35aq1aVplxDildr3Xprccp4kUhE99wTX/4YDDYOWamYCOPmz1+gjRs3avr06caSw6Hu4UyesmgGX336rnKvuO6cPg2wo7VJHYdC8e+tIXUcatLxYz26JOdKjbpozJDLD/sV/1hks7uN8AsAcG5Fo2f/4BkqsEzAOdaih+fG/yeq6UCH1ry2Q5GueEWW02bRkdi3ajrQEa+y2rhVTlu8J9YdN1HKCXPLyMqSRVLHiaUa4555RiOzsnS8pcXohZVut8s6bZp6W1rUVVMj27Rpai8tVV9Xl+xz5ihWU6PRPp9GZsUrE0dmZcly3XXqbWlRb3OzLCeauFumTJHzvvt0NBhUtLzcGFuSenbulO1EI/fEsX3RqGI1NQRYFziPxzPow2IiyEr0fEr8PHDbqa4x1DWl+AfwRF+bBJfLlVL5daoqpYFLCpOPSx4r3ekYFF5JUoYnR/akyqvkY5LPGVidlRh34P0NnPvKlSvlcrnk9/uNY4Y6B2fPOudkENXz3lYdC34Z7+0X/DLluIum3qCM7BxZphUr3Z5aSTfKd9VPNr8R2Tm6+Nk1ci77vSLrnjvr6xQWxv+mHI7Uua9evdpYvufxeFRfX2/8nT344LJB15HiDdDr6+NL8GprazVr1ixNnjxZO3fu0ubNm1VbW5tS0Zi43qRJk3X77bfrqqtOvs9yOp3Gee+887bRtN3pdGjmzFmDKq88Ho8KCwOaPHlSyvaioiLNn7/AGNfhcKi2tlaFhYFT/tshSQ8+uEy1tbVGT6yB10028LX7ORg12npOwytJ8QqscXmSUqu9OlqbdOzb7kHHG5VdAADTogILAAAAAAAAP7kfU4FFE3cAAAAAAACYGgEWAAAAAAAATI0ACwAAAAAAAKZGgAUAAAAAAABTI8ACAAAAAACAqRFgAQAAAAAAwNQIsAAAAAAAAGBqBFgAAAAAAAAwNQIsAAAAAAAAmBoBFgAAAAAAAEyNAAsAAAAAAACmRoAFAAAAAAAAUyPAAgAAAAAAgKkRYAEAAAAAAMDUCLAAAAAAAABgagRYAAAAAAAAMDUCLAAAAAAAAJgaARYAAAAAAABMjQALAAAAAAAApkaABQAAAAAAAFMjwAIAAAAAAICpEWABAAAAAADA1AiwAAAAAAAAYGoEWAAAAAAAADA1AiwAAAAAAACYGgEWAAAAAAAATI0ACwAAAAAAAKZGgAUAAAAAAABTyxjuCQAAAAAAAODCU1JScsp9ZWVlKb9TgQUAAAAAAIDzbmBI9X3bCbAAAAAAAAAwLAaGVacKtQiwAAAAAAAAMGwSodWpwitJSuvv7+8/XxMCAAAAAADAhSkajZ71uVRgAQAAAAAAwNQIsAAAAAAAAGBqBFgAAAAAAAAwtYzhngAAAAAAAMCZ6Oncp56ur9XduU99vd062tMiScoYlamRoy/WyFGZsoy9QjbnJKWPsAzzbHEu0MQdAAAAAACYXt93PeqK7NHhA+8qfYRFNuckdUX26NiJ8CqZc9zNOn7ssHo698nmnCz7xVNlGXvFMMwayX5ME/f/AZ4SumytGcOjAAAAAElFTkSuQmCC' height='250' width='300'/> ]]>
  </system-out>
</testsuite> <!-- com.tribu.qaselenium.tests.apimazaprendo.MACreateF2FLessonTests -->
