<?xml version="1.0" encoding="UTF-8"?>
<!-- Generated by org.testng.reporters.JUnitReportReporter -->
<testsuite hostname="station" failures="1" tests="1" name="com.tribu.qaselenium.tests.b22.B22TargetsTests" time="74.629" errors="0" timestamp="2022-07-05T17:41:41 COT" skipped="0">
  <testcase classname="com.tribu.qaselenium.tests.b22.B22TargetsTests" name="loadTargets" time="74.629">
    <failure message="
	Traget value is diferent: H&amp;S VIC file: 12 table: 0 expected [true] but found [false],
	Traget value is diferent: H&amp;S Non People file: 1 table: 0 expected [true] but found [false],
	Traget value is diferent: H&amp;S Others file: 6 table: 0 expected [true] but found [false],
	Traget value is diferent: CAC VLC file: 11 table: 0 expected [true] but found [false],
	Traget value is diferent: CAC People file: 1 table: 0 expected [true] but found [false],
	Traget value is diferent: CAC Non People file: 2 table: 0 expected [true] but found [false],
	Traget value is diferent: CAC Others file: 7 table: 0 expected [true] but found [false]" type="java.lang.AssertionError">
      <![CDATA[java.lang.AssertionError: 
Traget value is diferent: H&S VIC file: 12 table: 0 expected [true] but found [false],
Traget value is diferent: H&S Non People file: 1 table: 0 expected [true] but found [false],
Traget value is diferent: H&S Others file: 6 table: 0 expected [true] but found [false],
Traget value is diferent: CAC VLC file: 11 table: 0 expected [true] but found [false],
Traget value is diferent: CAC People file: 1 table: 0 expected [true] but found [false],
Traget value is diferent: CAC Non People file: 2 table: 0 expected [true] but found [false],
Traget value is diferent: CAC Others file: 7 table: 0 expected [true] but found [false]
at org.testng.asserts.SoftAssert.assertAll(SoftAssert.java:47)
at com.tribu.qaselenium.testframework.pagebase.BasePO.assertAll(BasePO.java:367)
at com.tribu.qaselenium.tests.b22.B22TargetsTests.loadTargets(B22TargetsTests.java:43)
at java.base/jdk.internal.reflect.NativeMethodAccessorImpl.invoke0(Native Method)
at java.base/jdk.internal.reflect.NativeMethodAccessorImpl.invoke(NativeMethodAccessorImpl.java:62)
at java.base/jdk.internal.reflect.DelegatingMethodAccessorImpl.invoke(DelegatingMethodAccessorImpl.java:43)
at java.base/java.lang.reflect.Method.invoke(Method.java:566)
at org.testng.internal.MethodInvocationHelper.invokeMethod(MethodInvocationHelper.java:133)
at org.testng.internal.TestInvoker.invokeMethod(TestInvoker.java:598)
at org.testng.internal.TestInvoker.invokeTestMethod(TestInvoker.java:173)
at org.testng.internal.MethodRunner.runInSequence(MethodRunner.java:46)
at org.testng.internal.TestInvoker$MethodInvocationAgent.invoke(TestInvoker.java:824)
at org.testng.internal.TestInvoker.invokeTestMethods(TestInvoker.java:146)
at org.testng.internal.TestMethodWorker.invokeTestMethods(TestMethodWorker.java:146)
at org.testng.internal.TestMethodWorker.run(TestMethodWorker.java:128)
at java.base/java.util.ArrayList.forEach(ArrayList.java:1541)
at org.testng.TestRunner.privateRun(TestRunner.java:794)
at org.testng.TestRunner.run(TestRunner.java:596)
at org.testng.SuiteRunner.runTest(SuiteRunner.java:377)
at org.testng.SuiteRunner.runSequentially(SuiteRunner.java:371)
at org.testng.SuiteRunner.privateRun(SuiteRunner.java:332)
at org.testng.SuiteRunner.run(SuiteRunner.java:276)
at org.testng.SuiteRunnerWorker.runSuite(SuiteRunnerWorker.java:53)
at org.testng.SuiteRunnerWorker.run(SuiteRunnerWorker.java:96)
at org.testng.TestNG.runSuitesSequentially(TestNG.java:1212)
at org.testng.TestNG.runSuitesLocally(TestNG.java:1134)
at org.testng.TestNG.runSuites(TestNG.java:1063)
at org.testng.TestNG.run(TestNG.java:1031)
at org.testng.remote.AbstractRemoteTestNG.run(AbstractRemoteTestNG.java:115)
at org.testng.remote.RemoteTestNG.initAndRun(RemoteTestNG.java:251)
at org.testng.remote.RemoteTestNG.main(RemoteTestNG.java:77)
]]>
    </failure>
  </testcase> <!-- loadTargets -->
  <system-out>
    <![CDATA[ <img src='data:image/png;base64,iVBORw0KGgoAAAANSUhEUgAAB4AAAAOiCAYAAACRicroAAAAAXNSR0IArs4c6QAAIABJREFUeJzs3Xd4VFX+x/HPpJGEFFqoIfQWpAhCooYuRRJARZFiWazg7sq6LoprW0UFwbKsvwVcFnBViiIWBKX3EqQYWgKEFggEQs2kkDrz+yNmzKROkkkb3q/n4TEz99xzz00mY+Z+7vkeg2+LHmYBAAAAAAAAAAAAAKqEsxHrS72vkx3HAQAAAAAAAAAAAACoRATAAAAAAAAAAAAAAOAgCIABAAAAAAAAAAAAwEEQAAMAAAAAAAAAAACAgyAABgAAAAAAAAAAAAAHQQAMAAAAAAAAAAAAANXEihUritxOAAwAAAAAAAAAAAAA1UBO+FtUCEwADAAAAAAAAAAAAABVXN7Qt7AQ2KUiBgMAAAAAAAAAAKqvu3p01d1B3dW1U3u1adlMDevXk7dXTUlSYlKyLsZfUfSpGEUcOqrtu/dp156ISh4xADiWwsLeFStWaPjw4VbPGXxb9DBXxKAAAAAAAAAAAED10bJZUz0++j49NGKwGjesX6J9L1yM17If1uh/S7/TqZjYchohADiusxHrS70vATAAAAAAAAAAALCoX6+uXp70lJ4cN9LyXPSpGEUcPqqMjAw1blhfrVs0U6MG9SRJcZeu6MTpGF24GC9XV1d1vS17lnCO+YuW6/1Z/1X8lasVfi4AUF0RAAMAAAAAAAAAgDJ7dNRwvfvqX+Tj7SVJ+nHNJhkMBvUO7qaoyEhLOx8fHxmNxnxfS1KHwEBtDd8vs9msYYP7SZKMiUl69d1/6ouvCy5hCgCwRgAMAAAAAAAAAADK5MOpL1tm/a7bvFOuri5qUNtLRqNRPj4+6hAYaFM/uYPiS9eTlJGRqYF975KUPRv4xdfft//gAcDBlCUAdrLjOAAAAAAAAAAAQDW06NOZlvD3y2Ur1KF1gDKSb6iJv7+CgoNtDn+l7BnAHQID1cTfXxnJN9ShdYC+XJY98/fJcSO16NOZ5XIOAIBszAAGAAAAAAAAAOAWtujTmQod2EcXL13W3gNH5Ofjrib+/vL395eUPaO3JAFwXrGxsTofG6vLxlTd0aWjGjbw06p1WzTu2cn2OgUAcDg5M4AjIiJs3qdr166SJJdyGREAAAAAAAAAAKjyPpz6siX8PXritGooXR0Cu8nHx8fSJjY21lIGOu9av7nbFcbf3z973/BwHT1xWpIUOrCPPpz6MuWgAaAcEAADAAAAAAAAAHALenTUcEvZ570HjqiG0jVw0CDL9tjYWEVFRsrHx0dBwcH59o+KjFRUrkC4qHWCfXx8NHDQIK1bu1Z7DxxR2KC+enLcSEUcitIXX6+w85kBwK2NEtAAAAAAAAAAgCohwL+RJOlsbFwlj8Tx1a9XV3s3LJOPt5e+XLZCDXzdFRQcnG9G7+7wcBmNRqtguDBGo1FRkZGSZFVCuqA20efi9chDw2VMTNIdAx5S/JWr9jkxAHAQlIAGABTIq6anQoK6qWH9emrdspm8anpatp04fVYnTsVo++79SkpOKfOxWrcIUEhQN3l51VTrFgGW55OSUyzHOXH6bJmPAwAAAAAAHIOvj7eGDuytsIF9FTqoT4FtVq3dopXrNuundVuVYEys4BHagXdLKeW8lJVW2SPJ5+VJT8nH20vrNu9U3zu7SVK+8NdoNCoyMlLjn3jCpj5zzxTeHR5eYADs4+OjJv7+auLvr3Wbd2pg37v08qSnKAUNAHbEDGAAKKMOYYHqEFZwaZviZKRk6EbsDWWkZCjuwHldOHBBGSkZZR5TgH8jTXn+aYUO6iNfH+9i2y/+ZqVeeefjUn2QGjMyVM+NH6NOgW2LbXs2Nk7TZv1HS5avKvFxAAAAAACAY/D18dbE8aM1cfxom65bSFKCMVFzFi7VnIVLq00QbG4xSubb/ioZj8tpy2OVPRwrLZv5a/+mbyVJm3f8oozkG0XO8N0dHl7ojN7CxMbGFtl+3dq1cq1ZS33v7ilJ6tZvpE7FnLO5fwBwdGWZAUwADABlNOzjEXL1cLVLXxkpGTq47IBidp0pdR9jHwzTtNdesPkDVI4EY6JeeedjLf5mpU3tfX28NXvGG4XeoVuU7eH7NG7CS9XmAxsAAAAAALCP0EF9NHvGGyW+bpEjwZiocRNe0vbwfXYemR2515O5aZjMzUdK7n6SJMPZFdL5NTJcqRrjfuvlP2vSs4/qxzWb1LppAzXx9883+zev3eHhioyMVGAha/zmsHXGsNFo1PnYWJ04d0nDBvfTrE+/0Jvvf1Ki8wAAR1aWANipXEYEALcIz7o17Rb+SpKrp6u6P36HOj/UpVT7T3vthVJ/iPL18da0116waSZvp8C2Wrl4TqnCX0kKCe6uRXNnlGpfAAAAAABQPU18YowWzZ1pdd1iyfJVMiYmWR5PnzVP02fNszxOMCZaVRLz9fHWysVzNGH86IoZdAmZW42VacB3MrefYAl/JckcMFzmO/8tc/AsqUbtShxhtodGDJYkGQwGGY3GYsPfHIGBgQoKDi7yX05AvDs8vMi+fHx8ZDQaZTAYrMYEACg7AmAAKAO/tn7FNyqF1gPaqPOokoXAE58Yo4lPjCnTcX19vLVo7sxi28ye8YZNQXFRQoK7a8qkp8vUBwAAAAAAqB4mPjFG0157wfJ4x+796tx7hBYtXykfby9JkjExyVLmOScU9vXx1qLlK9W59wjt2L3fsv/01/9a5usg9mZuP1HmwOclp8InC5j9gmS6a47k5luBI7N2Z4+uatywvqJPxah3cDebw9/y4OPjo97B3RR9KkaNG9bXXT26VtpYAMCREAADQBn4Ni2/P9Zb928jz7o1bWrbKbCtpjz/lF2OG+DfSGMfDCt0+yuTni5z+JtjYhW9WxcAAAAAANhP6KA+VuHvkuWrFDpmgs7Gxum5XNcGpkz9SAnGRCUYEzVl6keW58eNDNPZ2DiFjplgNRt42msvKCS4e8WcRDHMfsEyt3nctsZezWXu9FL5DqgIIUHZ37OIw0cVFRmpDsWUdM5RWFBsNBpLPZYOgYGKioxUxOGjkqS7g6rGzxMAqjsCYAAog1r+tcq1/9YDWtvUrixr5xRk3MiCA+CQ4O52LbHk6+Ot2zt1sFt/AAAAAACgasmpJJZjyfJVmjj5Lcu2oQOzl5cyJiZp1dotlnar1m6xzAIeMzLUct1j4uS3rELgRXNn2PWaSGmZ2z9bsvaNB0g+9rnBvqS6dmovScrIyLApvI2KjNTu8HCdjz2vjIwMq227w8PzBcMZGRnaHR4uJyfnYstA594n99gAAGVDAAwAZVCvnEpA52gW3LzYNqGD+tg0I/dwVLR27N5vta5OYW7r0KbA522ZZWxMTNKO3futyjIVpWmThja1AwAAAAAA1c/E8aMtAe2O3fst4a+UfU0jx6q1W5RgTLQ8TjAmWgXCudtOnPyWDkdFS8oOkSu9wphHA6lWyW9wNzfqWw6DKV6bls0kSY0b1rep/LPRaFRQcLDuGTRQaalpxbZPTU1VUHCwevTsYfOYGjesbzU2AEDZuFT2AACguiqv9X9zc/V0lW/TWko4d6PQNhP/UPSHnMNR0QodM8HyIcrXx1vTX/+rxowMLXSfgu6c7RTYttiySq+887HmLFhitc+qJXMta/kAAAAAAIBbR95w1sfbSysXz7E8DvBvbPn6tg5trLbl3T7l+ac19oHfr2WYzWbL1xPHj9achUutAuSKZPYq/gb+AnlVTtjZsH49SVLrFs10/uzpEu3rZcM1Hm/vks/Ibt2imdXYAABlQwAMAKXk27R8yz/ncPNwLXRbcaHsufNxVuGvlH0H7cTJbxUZABfkufFjitw+fdY8q/BXkg5FHtfsBUs0ZdLTJTpWVfLr5m/VqL6fTCaTJMlkNivu0mWtWL1R/56/WNeuJ9jtWDPfmqyzsXH6ZN6XRbYLX7NUE//2ln49FGW3Y9tDp8C2mvfx2woeXPXXdm7SqIHGPDBUH/x7YYHb35j8nD7490KlpNys4JFVDSFB3dTAr56Wr1ybb1uTRg00Mmyg/lXM6/RWdVfP21Wntq9Wrtlc2UPRS39+Uu7uNSRJTk5OcjIYlJmVZdk+7/Nlirt0ubKGV235eHvppT8/qfTfStQZZFBaerpOnD6r9Vt26kZC5Vx0BAAAqIpCB/Wxusm8qApmxVU3C/BvpAD/RgVu8/XxVuigPlr8zcrSDbSsXEtZgtq1+Nm35cHbq6YkqVGDejYFwE38/YtcK7iwbbGxsTbNMM4ZS+6xAQDKhgAYAErJt5zX/82RfDWl0G3FfTiaNmteqe5+LahMdGFloaXsoHnOwqUFbjt7Pq7Ex69q7n34GUvY6uTkpNYtAjThD6O1ZcXnuv+xP+vE6bOVPEIAyG/GJ/MtX/fs1kktAvz11fc/V+KICjZl0tP69LOvdD2h+LXHqor0jAy9PXO25XFNTw/17NZJzz7+sGYvWKLEpORKHJ01v7q19fjo+wq94QUAAKA8hQ3sU3wjOx6r0gJgl9KFlmbXmjLYeSjlwf+3AHh3eLiSk6yvGQUFB+drn5qapqjISEkqNDQGAJQvAmAAKCW/duVfAjrlWopSrhZ+Eblzh8IDYGNiUqEffIor5bw9fF++54oKm/Ou05Nbr6Cij3XsxJkit1c1JpNJx0+e0V9fn64J40frs/+bpt7DHrXMEAYA3HqSU25q0/ZfVLd2LQXf0UXrNu+s7CEBAABUCUNzBcBhYydabesU2FbTXntBUvbawNNmzSuwj1cmPa27g7plf/3OxzoUedxqe07Z6Jw2lcK9bun2q1HHvuOwUWJSsny8vRR36YrN++QEuevW5q8UlZe7e40SB79xl67Iv3GDKnUzJQBUZwTAAFBK+z7bU+Y+POvWVOOujdWoS+MCt18+VnRpzuJC2YL4+nhbPmAVZuU6632LC4wXLS84aO4U2LbIUtPGxCQdO1GytWaqkrkLl+qxUcPVv1eQ1m/ZpZqennr+mUc0+v6hqlunli5fvaY5C5bqP59/bdln9AND9eJz41W3di0lp6Tol/2H9MrUjxR/5ZokycXZWa/+dYIeeXCYatfyUcSRo3rpHx/o4JFjVsf28vLUx+9MUeigvnJzddXu/Qf1+nuzdPzk74F684AmeueVSbqzZ1dJ0u69B/TG9E8sM5abNmmkv//lGd3T9y65ubroVEys3pz+ibbu2mvpI3zNUr381oea8IeHdXvnQLUPHipJatuquab+fZKCunVWekaGflq3Jd/Mwu5dOurd1/6idq1aKC09XUejT+ndj+Zqz6+H7fhTKH9eNT0VNqivWjTzlyTdSDAqfO8By6zwGjXcNKR/iNq3aSknJyfFXYzXmk07LKV1O7Zvo9vat9apmHMKCe6u3fsOaucvv+r2Th3U564e8vT0UHp6us6ev6if1m1RUnLhs/6rIk9PDz3/9CP64usVGjKgl5o0rK+09HTtO3BEG7eGy/Tbulw534fjJ8+oz9095OvtrfgrV/XT+q26eOmKhgzopQ5tW8rNzVUnz5zTip83Wj74u7m5qldwd3W9rYM8Pd2VnHxTO/f8qvC9ByzjCBvcV/GXr6mGm6t6du8sD/caunLthjZt2231PvP804/o21XrdUfXjmrfpqWcnZ11NvaCVm/YpstXr1va+dWro3sH9FKTRg1kMpkUfSpGqzdutyoL3q51C/XrFaS6tWspNS1Nu/cesJxvdWCQ1LVTh+yy1bV8lZaeoajjJ7V64zZlZGRKKvz1a5B0Z8/b1eP2TnJ2clJqWrq2796nxg3ry5iYpJ2//Cqp6N+Ppk0aacwDQ+VV01Mv/nG8jIlJWr9ll/YfjJR/4wa6957e8qtbR1lZWYq/fFXrt+7SufMXK+8bZoMTp8+q623tLY+Le3/I+f2Zv2i5Qu/prca/vd4ij53Umk3blZaWbumrVfMADegdLL96dZSZmakjR09o3eadSkvPblPQz8ogg+69p5ek7JLgkrRg8be6cvW6w7wHAQCA6uFwVHSBN5vn2Ba+r9Dt24K6WcLdQ5HH87U7dz5OTZs0sio1XeE8m5RuP/f6kpObZEovvq0dXYy/Ih9vL504HSMP55LtO3DQIC1ZtFhjxo0tcPvPP/2ku0NCSjymE6dj5N+4gS7G2x5KAwAKRwAMAKUQ4N9IY+8NK3M/ByOP66c5W+Tq6arGXZqo86gucs215m/Uysgi9582a55CCrnDdXEBoayvj7cWzZ1RZHBsTEzK92HqUOTxfHfq5t2eV6fAtpa7cAtTWEhdnfy8YZvu6nm71m/ZpbatminBmKR7Hhivy1evq13r5vp6/j91Kuac1m/ZpU6BbfXG355T2JiJOhVzTjU9PfXg8EFKMP5ePunvf31W78+apx4DH5LJbNbTjz6oZQv+qS597lNqapql3fxZ7+q9jz/Vy299KLPZrHEPDdPKJXPVb8TjOh93SY0a+mn11/M085P5euL5V2U2mzX6gaFatfRTDbh/vGIvXNRdPbrqp/VbNfkfM5WcclOD+t6lz/5vmoIGjbIKwv753it6ZerHeuy5KZKyg+OfvvpU0z7+jx6d8JKl7wWz3lVCYvZMcBdnZy3970d6bvJbWrd5p1xdXNS/V5DVuVYXw+/tr/jLV/X1D6tlNpnUsIGfvGp6SsouCf6HMffrWPRpfTT7M2VmZqpNq+Ya92CYFi7+Tlev35AktWoRIBmy11xNSk5RowZ+uqfPXVqwaLmuXr8hNzdXdQ5sZ/Uzrk5qenoodFAfrVyzWXGXLqt+vTp6+L57lXIz1RIEStk3DpjMZv33i2+Umpqmrp3a69FRwxV/+ZqOHD2hD/+9UC4uzhp6Tx89NHywFiz+VpLkV7eObqamae7/vlJycor86tXRY6NG6Oq1G4o+FWPpv19IT0UdP6U5C5bo5s1UtWzeVCOHDdKK1Rt1NPr3EHj0/fdq6659+vG3dXq7d+moJx95UHMWLlWCMVG+Pt56fPR9+mndFn3x1Q9ydnFWULcuGj/mfs397CtlZWWpQ9uWGja4v5b/uEanzpyTu3sN9e8VrM4d2+lQVP73xKrIrYab/OrV0dLvftK16wnycK+hkcMGqV9IkNZu2mFpl/f1K0mD+oeoUQM/zf/yGyUlp8jDvYbCBvVVs6aNtXNPhKTifz/OnY/TjE/m5ysB7eTkpEceGq5vV67T8ZNn5OzkpNYtm1WL3w+zWZIhu4ifre8Pnh4eGjViiFZv2Jb9WvJw16C+d+kPo+/XvC+WyWQyqU3LZro/9B4t/3GtTp05pxruNTSgV7D+MOb3NlLBP6vjJ0/nKwHtaO9BAACgasq9Xm9plqey1dnY7ABYyr7uUZ7HKozZt13pdjQ4ST6tpBtR9h1QMaJPxahtq+a6cDFeft5uJd7/0MGD+uG77zQ0LFSDh9wrs8zasmmTNm/cpEZNmujeoUNL3OeFi/GWsQEAyo4AGABKYezIME2Z9LRd+kowJmrV2i2a89lSbXhnve6ceJd8/X11YmN0keWfpexSzUXdQZubr4+3Vi6eU+y6wbMXLNHZWOt1exOMiTYfR/o9/C3q7ltjYpKmzfqPzX1WVZevXlfHdq0lSb8eirLMCpWyy1svWLzcMkO4WdPGOnXmnE7FnJMkJaek6H9Lv7fqb9uufVYX6Wd9+oXuDx2oXsHdLSVF27dpqbWbd+izJd9Z2n225DsF+DfS8888qpff+kCTnnlMy39cq/mLllvafPH1CrVo5q9Jzz6qyW/OzDdjd82mHdp34IjuuL2Tfl6/1fL8l1//qNUbtlkeP//MI/rqu5/z9R06sI+GDMieaebtXVNenh7avnu/JCkjM1NrcgVK1UmdWr7atSfCErDkzNyTpA5tWyol5aY27/jF8tzxk2e0Zece3dXzdv24ZpMkyWAw6LuV65WekSFJql3LR9eu37AEQOnpGdobUb1mRudmMBi0au0Wywf2S5evas2mHeoX0tMqAM4ymfTtynXKysqSJO2NOKIut3WQQdKOX35/rfy4ZpNe/euz8vRwV8rNVJ2Pu6TzcZcs/Vy+ck2/7D+o1i2bWS4OODs5ydurpn5cvVE5c3BPnjmn71at1+D+IZYAuL5fXR05dkK/7D9o6e+X/QdVy9dbIUHdtGrdFvUK7q7wPRGKPHZSkpSZmaUdv+xXk0b11aFtSx2OitbAPndpxeoNOnkm+/f5ZmqaVq3bojt7dJWzk5P9v8nlIC0t3SroTbmZqk3bd2v4kAFWz+d9/XrV9NQdXW/Th7MXWgLDm6lp+nblOr015c+W/Wz9/cirRg031XBz0+mzsZKyXzfVpVpEm1bNFHshe5ayrefv5GTQ2k07fn8t3UzVip836pnHH1b7Ni0UeeykBvcP0YrVGy1tUn97vT3z2Ch1aNtKR45GS8r/syqMo70HAQAAVCpnD8m7Ral3N9cKlKGCA+CIQ0cVOrCPXF1d5ePjU+L9R9x/n77/7nt99MGHevsfb1lte/Sxx0o1JldXV8vYAABlRwAMAKXQq5iSyCXh6+OtsQ+GKXRQH73yzsda/M5KdQgL1ImN0XY9hi3h77nzcZqzcGmZjjX2wTBNe+2FYksvFRQ0V0f169XR5avZ5ZtdXVz04h/Ha3D/EEvAdUfX2yxB6+btv+ivE/+gtd/M1+oN2/TLr4cUvidCmb+1laSdv4VguR0/eUYN/OpZPVfQ+s5rNmzXe69nl/fu2a2T3nz/kwLbzPjH3yxjf/OlP6pj+zbKzMy0jHfF6o1W+/zy60Grx927dCyw7y+/+dESAF+/YdTS735S+Oql+m7Vev3y6yFt3bmnypQWzcrKksFQeEjn5OQkU1Z24Ls9fJ/GPBCqI0ejFXPugk7FxMqYmD2T2b9xQ7Vr3UJPPvKg1f41PdytZlFfir9iFcicPH1Ove/qoWceH6Vj0ad19nycYs5dqDJrSWeZTDI4GQrc5uRkUFaecWZlmXQhV0ArSVeuXpe3V02r5+Iuxlt+N35vd03XbhitnkvPyFBiUrK8anoq5WaqnJ2c1OfunmrXurmlxHLTxg0Vcfj3CwM+3l66FH9FeQswnzgVo3EPDZOrq4ulrPGBw8eU19HoUxp6T29JUqvmTeXj46V2bVpataldy0fnLlyUq6uL/OrV0fGT+e9Mvxh/Rd7eXvmer6o6d2ynoG6d5ezsJLOkurVrySnPzz7v67dxw/q6eOlyvtmieV8Xtv5+5HXzZqoiDkfp+acf1aGo4zp3Pk6nzsRaSh1XRd5eNdWzWye1bNZU/16wWFLJzj+nNH8Os7Jfk00bN1L0yRjVr1e3wNfbsROnFdCkoSUAzvuzKkxVfw8CAACOIfdnfp9y/Bu5omYaF8Zcp4tkKGEd5dzqdpPOLC++nR3t2J19k3/X29qrQb3aioqMLPGavdPen67BQwbrfws/07atW4vfoRA5x65TP/tv5O27bZ+AAAAoHAEwAJRCcUFqafj6eGv2jDfUqX0bvfLOx3bt15bw15iYpLHPTi7Th6WxD4Zp9ow3im23Y/d+TZ81r9THqUqG9A/RG9Ozw9A/PTVOge1a6d5RTyv1t3UbH3t4hGUN5aTkFN3zwBMKCeqmO3t01ct/fkrNmjbW/Y/9yTKrKy09/4X7rMysfIFMVlb+i/QGg3Ubg/IHeAaDwRKQzfngH9q84xf98aWplu3/+fjtfP0kJeUPbQvq22Syjt5eeG26Atu1Vp+7e2jUiCGaPeMNPffS2/ppXeWX/k5KTpFXTQ85OznlC608PT1kNpmVlpYdbkUcPqqTZ86pbavmah7QRIP7h+jXQ1GWGZKrN24vdoZ83uAqLT1dn372lVo081cz/8bqFxKk2rV89NmS73T12g07nmnpJCWnyLeQCzQ+3t6WtXlzZJmy8gWvJpMp32spM0/4m72vKV8onL2/2bL/3UHd1MCvruZ9sUyZmTk3V3RUiwB/q32cipp5a87drqBw+/fn0jIytGDRt1azjnNzdXXJs0euw1SjNYCbNmmkAb2C9d8vv7H8TOvWrqUnHxlp1a6g4NXJ2bZZzrb8fhTkh583qkH9emrVvKm6dGyvB8IG6duVaxV1/FSJ+yoPbq6ueu3FCZbH7jVq6IYxUXM/W6rkXDe6lPb8JUslacmQ/XWBr1qD1Uvb5pC8qr8HAQAAx9MpsK1lHd8ct3VoY/k6JNc6v3nlXvrqtg5t8v3NnVP+OedG3QrXqHeZdjf7BcngXEPKqrjlOHbuidCFi/Fq07KZVq7dLD8f92L3MZvN2nv1hA7dOCPz9WsKUrD69uunvv366ejRo9qwbr0uXozTVZc0zY9eq9tqN9cddVvLuYibryUpNjZWJ2PjFTaory5cjNeu35aUAQCUDQEwAJRQgH+jcr1zdeITY3T2wkXNWbCkzH3ZGv5K0pSpHxW4lq+tbA1/D0dFa+yzk0t9nKpkwvjRMpnM2rhttySpW5dAfbtynSX8laQWzawDKpPJpK279mrrrr16X//VO3+fpMcevq/AGbVFGXXfkHzlU4cM6KU9+w9JknbvPaCh9/TW1l1787XJKX3brXOgJrz4ptX2FgH+xYYVeyMOF9j3qBFD8rWNPHZCkcdOaM6CJRrSP0ST//xklQmAr11PUPu2LXXk6AmrbZ06tNXps7FWoUpiUrL2HTiifQeOyMO9hqZMelqbtu/W2dgLurtnt3zfMyeDwTJTtTBmszm7JPiZc9q0fbeGDOilO7rcpjWbttvrNEvtzNnzeiB0oLy9auYLezsFttGpmNgKHU+Txg10KPK4JfyVpDq1a1m1MSYmqV3rFjLIOhBr3bKZrly9rozfZrlL2bPYD0dZV1lo36aFzp3PLt179twFtW/TMl8AnPNzzcjIVPyVa2rbuoWijp+0atOogZ+lBHBV16RRfZ08c9bqZ1yntm+x+52Pu6RGDfzyvT7c3Fyt2tn6+5E77M/tUvwVXYq/op36Ve1at7Cs8VwVpGdk6J0P51oe161dS0+Me0Auzr/P/CjJ+0Obls10/OQZy2O/LH1rAAAgAElEQVSDpHatW2pb+F5lZGTqYvyVAl9v7Vq3LHaGhMlc8Pe3Kr8HAQAAx/HTui0aOrCPJGnVkrmFtgsJ7q5VNlRbm/76XwvdVtob78rE1UfmJvk/C5esDy+Zm4bKcOZb+4zJRst+WKNJzz4qs9ksHx8fxcbGyt/fP1+7U4kXtfnSIW25eEiZ5uwbqEe4WV9nat++vdq3by9JmrroX9p48aA2XjwoJ4NBfRp0Ut+GndTau1G+vo1Go/z9/XXi3CXLmAAA9lE9FigDgCokxI7lnwsz5fmnytxHp8C2Orj1e5vC3+deervAksK2Kkn4GzpmQqWUZLIXF2dntW/TUh9NnaI/PTlWf/jTK5aSmQcOH9W99/SW828z49q3aaknx/0+ky50UB89/8yjatTQT1J20NKlY3vLOpe2Ohp9Sp0D2+nJcSPlXsNN7jXc9OS4kRr7YJj+Ne9LSdKseV/qvqED9Mxjo+T+23qa48c+oDEjQ/XPuZ9nj/fIUYUN7mfpd+SwQepx+23FHv9f//lSD44YnK/vToFtdTQ6O5xp2qSRZr41WW1bNZezs5NquLnp7qBuJT7X8rRm0w6NuHeAbu/UQZ6eHvKq6amg7p01oHew1m/ZJSk7qBlxb381a9pYLi7OMig71E9OuanMjEwdiz4ts9ms+4YOsJQ7bli/np5+fFSRZdA7tG2lkODulptJPD3c1bhhfV27UTVm3iUmJWv3/oMaP/YBtWjmLzc3V9Wp7auwQX3VuGF97fn1UIWOJ+5ivDq0aSmn30Ks+n511bNbJ6s2WSaTUm6matiQ/vL09JDBYFCr5gG6P/Qey/rZkhR/+aoa1q+nnt06y8XFWS4uzurZrbO6dQ60rFm9LXyfunUOVPAdXeTm6iqDwWAp5ZsTo63bvEPDh/RT6xYBMhgM8vT00LDB/XQjwZhvVnlVFXfpslo2ayr3GjUkSe7uNdQvJKjomdSSklNuKnzvAT0yarga+NWVlL1W9tgHQq0CYVt/P65dv6FWLZpKyr5xqZavt8IG95Vf3dpyMhjk4uysFgFNdO16gl3P356uXr+hNZt2aNT998r5txC4JO8PA/rcqVbNc72WhvSXJMva1Ws2btewwblebx7uGja4n8xmc7GhuNGYJA93d9WvV0dOTk7yqulZ5d+DAACA41hZgTcAV+SxcpgD/yTJIGXeLNM/c+vHJHe/Ch37/5Z+L0kaNrifLl1PUlRkpNX2aOMFfRz5vV6P+FIb4g5Ywl9J2pFxRvsP5Z+pu3jFN4p0vmJ5bDKbteniQb0ZsUgfHvlOx4znrdqvW7tWl64nadhv1yb+t/Q7u50fANzqmAEMACXUuYP9yz/n5evjrdBBfbRqbek+vHQKbKuVi+cUuw5vTtnnstwlO+21FzTxiTHFtqvO4e+ab/5rKTFlyjIpNu6SflyzSb2HPWoVSHwyb5Hef/NF7fhpsa7fMOr8xUua+sEc9fgtqIo6dkrDBvfT5h8+l1dND12/YdSib1bq869+KPGYnnj+VT0++j698sIzcnN1Vfi+Awod/awuXIyXJF28dFlDHn5GU195Xn9/4VlJ2aW37x31jKXNn6e8q39N+7vGj7lfySk3tXPPr5YPgEWJvXBRQx9+VlP/Pkmv/vVZZWZladXaLXri+Vf16Yf/kCTdSDAqOfmmlv73QzX0q6eU1FRt2Bqul/7xQYnPtbwcjT6lZT+sVr+QIA2/t7/MZrPOxcbp869+sHyPzGaz4i5d1tB7esuvXh1lZZkUdzFeX3y9Qubftn/+9Q/q3ytYE/4wWh7uNXQ9wahtu/YW+VqPv3xVHdu10t3jR6uGm5tSUlP168FI7Y04UkFnX7w1G7bJmJik4UP6q04tX6WmpSn65BnN+3yZ0tIqdi3W7eH7FTqor/701DilpKbKaEzSus27FNCkoVW7rbv2ymw2a+L40fL0cNeVq9f1w88bdezEaat2y35YrU6B7TT5T0/K2dlJZ2PjNP/Lbyw/s8SkZM374msN7h+i/r2C5ezspAtx8fpp/VbL7OKj0adlNm/QPX3v0ti6dZSSmqrd+w5q8449atjAes3uqirm3AXt3n9Qzzz2kG6mpSk9PUObd/yi+4YOKHbfdZt2KCk5RWMfDJN3zZq6nmDUpu271a5VC8tayyYbfz9+3rBNI4cN0j197tLhqGit3bxD6ekZemTUcHl71VRGRqaiT8Vo5drN5fa9sIeDR46pZTN/De4fop/WbbH5/NMzMrTs+9UKHdhHY0YOVWZmliKPndRnS7+z3GB04vRZLf9xjQb0vlNjRoYqPT1Dh6OirdoUJiMzUyvXbtb4sQ9IktZu2qGzsXFV/j0IAAA4hlVrt8j4epLlxrPDUdFWfwsF+DeylHA+dz7Oat3g4rb7+nhbykgbE5NKfQ2lLAwH3pPhwHsVflx7OBVzTvMXLdeT40YqIyNTHQIDFRsbq7qN/LT09Datjyu8FPOVmuma/esKBV89KZ8sV6VlZehMUryOu1yTUxOfAvfZf+2k9l87qX4NO2t08166cemqAgMDFRuffRPi/EXLK7zaFAA4MoNvix7VZ6EyAKgCVi2ZW+i6NDmKWt82bFBfq3VuCjN34VJNmfpRicdXkvA3dMyEMpV9nj3jDY19MKzYdkuWr9KUqR9Vy/AXQPUQNrivbtwwWmbxFub5px/R8pXrCl3fF2Xz3BNjtXrDVi7c2MjT00N/++N4vT1zdmUPBQAAoNxMmfS0pkx6WlJ2meawsRMt23JXFFuyfJUmTn7Lat85M9/UmJGhkvJXL9u+apHl+sr0WfOKvBZT4QxOMvX+QnKynn9lOPGFDOdKX4HN3urXq6u9G5bJx9tLXy5bIc9aTtrgfU43Mn6v7JMSc0Wezcp2k2valUTVqPf7dSpvFw8NSG6qtOvSIw8NlzExSXcMeEjxV66W6TgA4GjORqyXJEVE2L4+eteuXSUxAxgASqy48HfH7v1FfuiYPmueFn8607IGTmFsKd1c0D62hL/Z6/D+Ld+dtSVRkvA37wc4AED1Nrh/iBKTknXk6AkZjYly93DX3T1vl4uLs86cPV98BwAAALhlzFm4VM89MUY+3l4KCe6u2TPe0HMvvS0pe4awZmS3Gzqwt3x9vC03j/v6eGvowN6WfnLP8J0z802r2b9zFi6toLOxkdkkw804mRuE/P6cKVOGG5GF71MJ4q9c1avv/lOfTH9Njzw0XCvXblb3ZD9tcPs9AM5MSSvzcdIuG60C4O4p9eVh8tFDD/WVJL367j8JfwHAzlgDGABKwJb1f22ZUTtx8tv2GI6VsQ+G2Rz+ho6ZUCHh7yvvfEz4CwAOaO+vh9Wwfj0989hDemPyH/XHJ8bI26um5i9aLpOZAkMAAAD4XYIx0eraQO5ZvwnGRP3029q9Octh5Qgd1MdyjWPJ8lWWYDj3rGBJGvvs5CpZccxw4D0ZLm6RMlOkpBgZ9v1dSjxV2cPK54uvV2j+ouWSpDu6dFRL9wD1T29ebscLSvBTG/dmuqNLR0nZpZ+/+HpFuR0PAG5VzAAGgBKwZVbuwajiA2B7fzDJ/eGpKGUtxezr463ZM96w+kBWmLylmQCgPK1cY9v6sP+a92U5j+TWcPX6DX27cl1lD6PaS0m5SflnAABwS1i1doteeedjTXvtBUnZ1zEC/BvpuZfe1uyFSy1V0qa99oJlpm9OW0latHylAvwbadHcmVbXZl5552NtD99XgWdSAmnXZNjzsgyVPQ4bvPj6+2pYv55Cf/s5JB1I0bA0V0X4XNMR2afCT2O32uqWWFfebrXUvnULNWzgp1XrtujF19+3S/8AAGvMAAaAEujcofgA2JYZwMXN0pVsD4lLEv5OnPxWmcLflYvnFBv+GhOT1CvsEcJfAAAAAABgMWfBEr3yzseWxyHB3XVw6w8a+0CoVdnnieNH65VJT1uunSQYEzX2gVAd3PpDvvB3zoIlFXsSDmzcs5O1at0WNWzgp7BBfZV53aA/NR6obrVayXwzo9T9OsmgjjX9NanJYGVdd1LYoL6W8Hfcs5PteAYAgNwMvi16UKMNAGx0aNsPatqkUaHbjYlJCujSv9h+pkx6WlMmPV1kG1tm0Noa/pb1Q1FO+FvcDGhjYpJCx0ywKQQHAAAAAAC3ntBBfTRn5pvy8fYq1f7GxCSNfXZy1Z35W819OPVlPTlupCRp3eadcnV1kU8tN+1IiNavpvNKM2fa1I+rwVkd0+upX/3blJSQoYyMTA3se5ek7LLPzPwFgOKdjVgvSYqIiLB5n65du0qiBDQA2MzXx7vI8FeybfZvp8C2mjh+dLHtivsgY0uILJW9FLOt4W/O2sJVcd0dAAAAAABQNaxau0Wdwkdo4vjReu6JMTYHwcbEJM1esERzFi7l2kM5evH19xVxKErvvvoXS2D745pNamHw0+PBg7XlyC86dTNeSTWylGhOU5qyA+EacpG3oYa80pzVwqO++nbsqa3h+xV3/oaGDe4nKftn+Oq7/2TNXwCoAMwABgAbhQR318rFc4psM33WPE2fNa/AbTlljGwJbX9at0VjiyiDM3vGGxr7YFix/SQYE22ejTv9X//NFzp3Cmyr2TPesGnt40ORx236AJZgTNK4CZT4AQAAAADgVufr463QQX0UNrCPQoK75wuDjYlJ2h6+TyvXbdGqtVsIfitQ/Xp19fKkpyyzgSUp+lSMIg4fVUZGhho3rK/WLZqpUYN6kqS4S1d04nSMLlyMl6urq7re1l5tWjaz7Dt/0XK9P+u/ir9ytcLPBQCqq7LMACYABgAb2Trj1h56hT1SaHBra/hbUnnLRHcKbKuVi+fYtF5xSdVq2dPufQIAAAAAgOovwD+7+trZ2LhKHgkkqWUzfz0++n49NGKwGjesX6J9L1yM17If1uh/S7/XqZhz5TRCAHBclIAGgArQ2YZZsPYwd+HSCg9/Jevy1QH+jcot/D0cFW33PgEAAAAAgGMg+K1aTsXE6s33P9Gb73+iO3t0VUhQd3XtlD27t2H9evL2qilJSkxK1sX4K9mzhA8d1Y7d+7Rzj+2BBQDAvgiAAcBGIcHdy/0YP63boilTPypwW4B/o3ILfyXrNYefGz+mXMJfybZ1kgEAAAAAAFC17NoToV2EugBQLThV9gAAoDqoW6dWvnVo7O1wVLQmTn670O3lGUDnnZVry5q/pXUwigAYAAAAAAAAAIDyQgAMADYIaNKoXPufu3CpQsdMUIIxsdA2nTuUXyibe/avJN0d1K3CjgUAAAAAAAAAAOyHEtAAYIO2rVuUS7+Ho6I1bdZ/tGrtlmLbVtSs3PIudU0JaAAAAAAAAAAAyg8BMADY4HRMrP639Hu79JWYnKITp2K0PXyfTpw+a/N+y1asKVH7koxnxc8bLY9PnIqx27nmtY3ZvwAAAAAAAAAAlCuDb4se5soeBAAAAAAAAAAAAAAg29mI9ZKkiIgIm/fp2rWrJNYABgAAAAAAAAAAAACHQQAMAAAAAAAAAAAAAA6CABgAAAAAAAAAAAAAHAQBMAAAAAAAAAAAAAA4CAJgAAAAAAAAAAAAAHAQBMAAAAAAAAAAAAAA4CBcKnsAAACUl9D/jarsIaAcrHr868oeAgAAAAAAAABUWcwABgAAAAAAAAAAAAAHQQAMAAAAAAAAAAAAAA6CABgAAAAAAAAAAAAAHITh/Pnz5soeBAAAAAAAAAAAAAAgm5eXlyQpIiLC5n26du0qiRnAAAAAAAAAAAAAAOAwXDw8PJSVlaXMzExlZWVZ/TOZTMrKypIkmUymSh4qAAAAAAAAAAAAADgeJ6fsebvOzs5ycnKyzAAuDReDwSCDwWDpNO+BnJycZDabZTZnV4rO+S8AAAAAAAAAAAAAoPQMBoPlvzmZbc5zpeWS01HuYDfnAGaz2TLzlwAYAAAAAAAAAAAAAOwndwAsyT4BcEEzf3M6N5lMltm/BL8AAAAAAAAAAAAAYH85E3QLq9xcEi55O8k9IzhnFjAAAAAAAAAAAAAAoHzZLQCWfp9OnBP6ms1mS+e5Q2ACYQAAAAAAAAAAAAAou9zlnvOWgy4tl7yhb+6vpfyBLwEwAAAAAAAAAAAAAJRd3rC3rOGvlGsGcO5OCwt/C3sOAAAAAAAAAAAAAFAyBQW+BoNBJpOp1H265J1WnDMLWCLsBQAAAAAAAAAAAICKVOYAOHdHBXWegzAYAAAAAAAAAAAAAOzPHqWfc7jkLvlcVOf2PCgAAAAAAAAAAAAAwP5cJGb6AgAAAAAAAAAAAIAjcMn7BDN9AQAAAAAAAAAAAKB6cqrsAQAAAAAAAAAAAAAA7IMAGAAAAAAAAAAAAAAcBAEwAAAAAAAAAAAAADgIAmAAAAAAAAAAAAAAcBAEwAAAAAAAAAAAAADgIAiAAQAAAAAAAAAAAMBBEAADAAAAAAAAAAAAgIMgAAYAAAAAAAAAAAAAB0EADAAAAAAAAAAAAAAOggAYAAAAAAAAAAAAABwEATAAAAAAAAAAAAAAOAgCYAAAAAAAAAAAAABwEATAAAAAAAAAAAAAAOAgCIABAAAAAAAAAAAAwEEQAAMAAAAAAAAAAACAgyAABgAAAAAAAAAAAAAHQQAMAAAAAAAAAAAAAA6CABgAAAAAAAAAAAAAHAQBMAAAAAAAAAAAAAA4CAJgAAAAAAAAAAAAAHAQBMAAAAAAAAAAAAAA4CAIgAEAAAAAAAAAAADAQRAAAwAAAAAAAAAAAICDIAAGAAAAAAAAAAAAAAdBAAwAAAAAAAAAAAAADoIAGAAAAAAAAAAAAAAcBAEwAAAAAAAAAAAAADgIAmAAAAAAAAAAAAAAcBAEwAAAAAAAAAAAAADgIAiAAQAAAAAAAAAAAMBBEAADAAAAAAAAAAAAgIMgAAYAAAAAAAAAAAAAB0EADAAAAAAAAAAAAAAOggAYAAAAAAAAAAAAABwEATAAAAAAAAAAAAAAOAgCYAAAAAAAAAAAAABwEATAAAAAAAAAAAAAAOAgCIABAAAAAAAAAAAAwEEQAAMAAAAAAAAAAACAgyAABgAAAAAAAAAAAAAHQQAMAAAAAAAAAAAAAA6CABgAAAAAAAAAAAAAHAQBMAAAAAAAAAAAAAA4CAJgAAAAAAAAAAAAAHAQBMAAAAAAAAAAAAAA4CAIgAEAAAAAAAAAAADAQRAAAwAAAAAAAAAAAICDIAAGAAAAAAAAAAAAAAdBAAwAAAAAAAAAAAAADoIAGAAAAAAAAAAAAAAcBAEwAAAAAAAAAAAAADgIAmAAAAAAAAAAAAAAcBAEwAAAAAAAAAAAAADgIAiAAQAAAAAAAAAAAMBBuFT2AAAAAAAAAICKZjabK3sIAAA7MhgMlT0EAKgyCIABAAAAAABwSyD0BQDHlfs9njAYwK2OABgAAAAAAAAOLXcoUNjXAIDqK3fgazAYLO/vBMEAblUEwAAAAAAAAHBIecPenMd5/wsAqN5ygt6c8NdgMBAEA7ilEQADAAAAAADA4eQOeXN/ffPqVd28fl0mGeTsVVNOHh6VOUwAgB04OzvL2dlZrq6ucnHJjj3yBsGEwABuJQTAAAAAAAAAcCh5w9+cf8cWfKYLGzdZtR32/fLKGCIAwE7MZrOysrJ08+ZNJScny8XFRe7u7gWWhSYEBnCrIAAGAAAAAACAw8kd/JpMJh2Y8YGuHzpc2cMCANiZwWCQi4uLvL295eXlpRs3bigxMVFeXl5ycnKyagcAtwqn4psAAAAAAAAA1UPe2b8mk0nHFnxG+AsAtwCDwaDatWvL3d1daWlpMplMBa4BDwCOjgAYAAAAAAAADiX3hf4bx6MVt2lzJY8IAFCRatWqpczMTGVmZhL+ArglEQADAAAAAADAIRQ0+/fS9h2VPCoAQEUzGAyqWbOmMjMzmQUM4JZEAAwAAAAAAACHkTcEvhEZVckjAgBUBg8PD2VlZRH+ArglEQADAAAAAADAoeRc7DebzUq9cqWyhwMAqATOzs5Ws38JfwHcSgiAAQAAAAAAUO3lvbBvueCflVVJIwIAVCaDwSBJBYa/hMEAHB0BMAAAAAAAABwGs7wAAAXh/w8AbiUEwAAAAAAAAHA4XOgHAEj8/wDArYkAGAAAAAAAAAAAAAAcBAEwAAAAAAAAAAAAADgIAmAAAAAAAAAAAAAAcBAEwAAAAAAAAAAAAADgIAiAAQAAAAAAAAAAAMBBEAADAAAAAAAAAAAAgIMgAAaAamr+gs8U0meAQvreo88+/6KyhwMAAAAAAAAAAKoAAmAAqIZ27grXBx/P0tVr13T16lW9P/Mj7d23v7KHBQAAAAAAAAAAKplLZQ8AAKqytLR0db0jyPL4qSfG68UXnrfrMRZ89rlmfvix5fG+3Tvk6elZ5D5HIqPyPXf8eLTu6N7NrmMriWnvz9TnXy6WJDk7OenwgX127X/RkqV65733LY8j9u5WjRpuJe4nMTFRmzZv1d79+3Xy5CmdP39BiUlJSktNlYenh2r51lLdunUUGNhBXTt3Vs8e3dWwYcMSH+fhcY/p4MFDJd7PFgvmzdWdwUFFtinN8d3c3OTh4aH6fn4KaOqvzp07KbhnD3Xu3Kkswy0XR48e087w3Tp46JBiYs7q4qVLSkm5qaysLHl6eKhO3ToKaOqvjoGB6nFHdwX17CFnZ+cKHeOYRx5XxIGDlsffL/9a7dq2sUvf//zX/+nTefMtjyf9+Y+a8MxTdukbAAAAlSMzM1OZmZnKyMiQyWSSyWSS2WyWJBkMBjk5OcnJyUmurq5ycXGRiwuX9QAAAFAw/lIEgGqo2+1drB4bDAZ17dq5kkZTPcTFXdT/zZ6rVT+vVlpaWoFtkpKSlZSUrNjz53Xg4CEtWfq1DAaDeva4Q/cNH6bQoUPk6upawSOvOOnp6UpPT1dCQoKiT5zQhk2bJUkBTf31yLixGj3qwUo9/6SkZC1b/q2+WvaNYmLOFtouMSlJiUlJiok5q23bd2ruf/6rWrV8NSx0qB57dJz8mzQp97FGHDhoFf5K0sL/fa7p7061S/81atSweuzmVvKbIQAAAFD5srKylJaWpvT0dJlMpkLbmc1mZWVlKSsrSxkZGZIkJycnubm5qUaNGhV+syMAAACqNkpAA0A11L1bN735+qsKaOqvgICmmvqPNxTYoUNlD6vK+vb7HxQ64gF9+/0PhYa/hTGbzdr9yx698tobCrtvpCUUvZWcPRer96bPUNiIB3SgnGY1F8VkMmnxkq808N5QzfjgoyLD38LcuJGgLxYt0ZDQEZr63nQlJCSUw0h/t+Czz/M9t+qn1YqPv2yX/t3yBPGlmQ0PAACAymM2m5WcnKyEhASlpqYWGf4WxmQyKTU1VQkJCUpOTrbMFi6JY8eP67Yu3S3/2nTopPa3dbU87nlXL0nSm2+9o3nzF5a4/+L8vHqtnnxmot37rQq6dA/S9evXK3sYhXpv+kwF391HffoP0rHjx23a5/r167qtS/dyHpk1e34fbX0dDw4drkOHD9vlmPYUGXVUg0OHV/YwAADVBDOAAaCaGj3qQY0e9WBlD6PKm7/gM33w8Syr57y8ampA/37qcUd3tWjeXH5+9eTm5qbk5BTduHFDZ2JidOjQYe3Zl10mOsfZs+f0j7ffUZ9eISUqt9a+fTvN+nCm3c6pfoP6JWpfq5avvlr0RbHtUlJSlJiUpAsX4nT4yBHt3BWuU6fPWLafPRercY+N1wczpmnIoIElHndpXIqP199eeqXANa5r1fJVUM8e6tSxo/yb+svH21vOzs5KTk5WXNxFHY8+od2/7NGZmBjLPllZWVq85Cut37BR77/3joKDetp9zGfPxWrDxk35ns/MzNQXi5bYpYy8a54Zv26uBMAAAADVRVpamlJSUkoV2BbVZ3p6ujw9PfNViylKu7ZtrZbvef4vLyooqKfGjXnYbmOrSM//5UX17h2iBx+4v7KHUmKLlnyliIgDmvn+e+V+rN2/7NG27Tu0af0amUxZBVYUqs7fSwAAQAAMAHBgu8J368N//svy2NnZWc889YSeHP+4atasWeh+3W7vqgfuGyEpe63ZH35cpaVfL1NqaqpGj3qoxGttubm5KSCgaelOwg4CAgJKfPwRw8Mk/T979x3X1NXGAfyXhL0RUJw4UFFRERFUVMSFu+69Z7XWt1q3te66q61aW/feey+G4N7gVsCFCAKiskeS9w/kSkyAAEEUf9/Ph8/LuTn3nCc36SvJc89zgBs3b2Lh4qUIuJN297NUKsW48ZNQxNwcznWcNB5rRo8eP8HwEaMQ/uaNwnH7alUxYvgwuDVqoFapu4ePHmPNuvU4eeqMsLLizZsIDBk+EtN/m4KuXTppNO6Nm7cI81QoXw7t27XF0r+WAwB27dmLEcOHZLvPd3Y+/4ImJ1/yEREREVHBiYuLy3FVInWlrypOTU3N8vMOUfDTp6jlUBP6+noFHQoRERHlE5aAJiKiQkkul+OPBYuEu+olEgn+Wb4Mo0eNzNGXIXZ2lTFx/FicOnYYXbt0+u5WXdd2dMT2rZswsH9f4ZhUJsP4SVOQkJCQb/MGBT/FwCHDFJK/RYtaYcXfS7Fn5zY0cXdTe58zu8qVsGThfBzctwu1HWsJx6VSKX6fORt79u7XWNzv37/HgYOHhXb/vn3Qo1sX6OvrAwBiYmKwd//BPM+jo6NYAlqHJaCJiIiIvnoxMTH5lvzNKCkpCTExMRofV5qaij+X/Y36Dd1RtYYjuvbog3v3Hyj0iY2NxW+/z4CLayM41W2A/oOG4v6Dh2rP8epVKMZPnII69RrAwckFP3TqhkuXr3yKQSrFgkVLUL+hO2o710fzlm0xf+FiyOVy1G/ojqPHT2DCpKmo39AdU6fNUDnHrj17MX7iFKXjCxf/ib+WrxTa02fOwbbtO/HfmnVo5N4cNWu7oEPnbvD2OadwXkxMDKbNmAXn+g3hWKceBgwehuCnTxX6xMfHY9nfK0POstwAACAASURBVODWpAWq16qDxs08sHnrNuHxn0aPwbTpM7HvwEHUb+iOVm07CI8FBgVj0NAf4VS3AVxcG2HC5KnZlkTesm07mnm0Qc3aLmjaojXWb9wsfDb+afQYTJ02Azt371GaK1121/LO3bvo2ac/7B2c4OLaCH8u+xtSqVShj5e3D9p36oraLq5wa9ICK/75V6mPpq8jkLYFVDOPNqjtXB8N3Zvhf2PGITIySnhcnfcxAMTGxuG332fAuX5D1KpTF4OHjUBQcLBCnxcvX2LET6NR28UVtV1cMXzkKDx99qmKljrxTp85Bxs3b8WcP+bDxbWRcPN1UHAwBg8bgVp16sK5fkNMnTYDcXFxmV6/gUOG4cLFSwrHfP3Oo1adusK+4emmzZiFI0ePaeR6ZhSfkIA5f8xHvQaNUatOXXTu1hM+vn4KfTzatMe16zfwv7Hj4VinHqrXqoP/jRn3VZdLJyL6VjEBTEREhdLNW7cQGBgktHv36oFGDRvkeryiRa0wa/o0WFhYaCK8b4pELMaEcWPRueOnLwbevInApi3bsjgr9z58+IDhI0YhOvqdcKyWQ03s3bkdTd0b53rcira22LhutVISf8bsubh85Wqux81o+87dSExMBACYm5uhXbs2MDExQYcf2gl9Nm/ZBmku9njL6PMVwCwBTURERPR1i4mJUUrC5KeUlBSNJ4H//Gs5dHV1cebkUVy/cgHNmrpj0NDhwt+/UqkU/QYOgbW1Nc55nsa1S34Y2L8vho8chefPX6g1x7XrN9CsqTt8zp7CrWuX8cvonzBq9BhERb0FAGzeuh0PHj7CyWOHcePqRWzZtA6VKlWESCTCRT9vtG3dCgvnz8VFP2/Mna06AZwTy1euQkhICA4d2IPb1y9jwrixmDpthrDlS2pqKvoNHAK5TIbTJ47i5rVLGDF8KMb8OlHh+gcFB8PE2Bj79+zEnVvXsPa/VVi3fhPO+Z4HAKz8eylmz5yOzh074KKfN04cTbtpNDT0NQYMHoru3brg2iU/+HqdQeVKFdGn/6BM30+LlizD4SPHsPa/f+B/4wo2rPsPZz29MG/BYoW5unTqqDBXRlldy/iEBMyc/QemTp6IgJtXsWXDOpw6c1bh8+FZT28sWLQEC+fNwY0rF3Bg704EP32K6TNnq4xZU9fx/oOHWPznX1i3ehVuXL2IU8cOo149F5iYGAtjZPc+Tve/seNQrVpVXDjnhWuXzqNZU3f07NMfr1+HAQDCwsPRrUcfNHCtj8vnfXDlwjk0dXdHj979EBr6Wq140y1fuQpWVlbwPnMSNarb49WrUHTv1Q9NGrvh6kU/XPT1Rs0a1fG/MeNUXj8A6NC+PQ4fPaZw7ODhI5DJ5PA59ykJK5VK4et7Hs2aNtXI9cw47sDBw5CYmIgTxw7h1rXLmDj+V/z2+wyc9VTcImns+Ilo5dEc1y6fh8/ZU5DKpJg0dVqmz42IiHKHCWAiIiqULl+5ptDOuIKVcmfi+LEwNzcT2vs0sJJVld+mz8Kr0FCh7eJcB5vWr4GVlWWex9bS0sL0aVPx47AhwjGZTIZxE6fgw4cPeRo7OTkZ23bsEto9unWF3sfSzP369IJIJAIAvAoNxenTZ/I0l65SCWgmgImIiIi+VnFxcV80+ZsuJSUlyxWDOVWvrgt+GjEchoaGMNDXx/Chg1GsWDFcvpr22evMWU+Ym5tj1MgfoaenB5FIhMZujTDyx2FYt3GTWnN0+KEdPFo0h6GhIUQiEdwbu6Fmjeq4ddsfAPDy5UvUcqgpJKCsixUTtu/RNKk0FW8iIjBrxu8wNzODSCRC/Xp1MW/ubCxZ+vfH5+wFqUyG2TOnw8zUFEDa55dxY/+nMFZ1e3sMGtgfFhZFAAC2FcqjV8/u8LtwIcsYVq9dj/59+8CjeTOIRCLo6upi8MABsLW1xZmzXkr9o6LeYvPWbfh35XKULWsDAChTujT+WfEXdu/dizcREULfvOxB/ftvU2BfrSrEYjEqVaqIiePG4kiG5OPipcuweOE82FWuDAAoUqQIFs3/A75+FxAREak0nqau48uQEJS1KQMbmzIAAAMDA/To1lXhBtrs3scA8ORJIOyrVUPP7t2gra0NLS0t9OzeDV07d8bqtesAAKvXrEO7tm3Qu1cPoU+3rp3RpVMn/LdmnVrxpqtWtQqGDx0sbBW0eu16dPyhvdLY1apVxZMngSpfk+bNm8LP7wKSk5MBAAkJibh56zaWLJyPQ0eOCP18/c7DyckR+vp6Grme6c56eSMhMVHhNXSu44R5c2Zh0Z9LFfr27tEdLT1aQCKRwMKiCObNmQVvH1/Ex8erfG5ERJQ73AOYiOgb1W/gEFy7fgMA0KqlB/5cNL+AI/q6vAwJEX43NzeDdbFiBRhN4WBsbIwO7dthw6YtAICQV68QGBgEW9sKGpvD55wvzpz1FNplypTGX38ugra2dhZn5dzoUSMR/PQpTp9JmysqKgpL/1qO6dOm5nrMI0ePIyoqrRSWtrY2enbvJjxW1sYGbo0awuecLwBgw6YtaNXSI9dzcQ9gIiIiom9DUlLSFyn7nNX8WlpaGvl70bmOk9KxCuXLIeJNWlLxtn8AvH3OoWef/gp93kZHo0L58mrNERkZhYVL/sTDR4+h9XHLl9v+AWjp0QIA0K1rZ/QfNBQPHz1G/XouqONUW0gyatrrsHBUrlRJuJEzXaOGaaV+ExIS4R8QgCaN3ZT6NHCtr9BOTU3FylX/wcv7HCQSsfC8MlYKUuXipUt4HRYOL28fheMvQ0LgULOGUv87d++iWtUqQkIvnZmpKWpUr447d+6iaRP3rJ94NrS0tFDdvprCsQrlywvJ5YSERDx+/AR/zF+kdG5CYgJehYYq3dyrqevYoH49rPp3Nbp074WmTRqjloMD6jjVVtg+KLv3cbounToq9Wvq7obZf6R993Lz1m1MHP+ryj4zZs9VK950jrUclK6HqrG7dO4orD7/nIG+Plxc6sDH1w8tmjXF6TNn0ayJO9wbN8LMOXMRFxcHQ0NDHDpyDJ06tFcrPnWuZ7pbt25n+ho+f/5CmB8A6tSprdDH2NgYlhYWiIyKQpmPSXAiIso7JoCJiKhQSk1NFX43NlYuT0S506hhAyEBDAD3Hz7UWAJYLpdj2d8rhLZIJMKfixbA9OPdw5okEokwf+5s3LrtL9yBvmffAQwdPAglShTP8XhyuRwbNn+6Lq1beSh9qdG/b28hAXzn7j1cv3ETTrUdcxW/cglozSbIiYiIiCjv5HJ5rla0Rd+9h6hr1xH77LnCcaOyNrB0rgOzalVzNF58fDx0dHSUEjM5pWrVn5ZECzL5p+1NJk0Yh2FDBuV6jnETJ8O1fj0snDdXODZm3ATIkbZa1a5yZficPQ2fc764ddsfW7ftQNGiRbHm35XQ09NTaw6xSIxUaarS8aSkJKVEuVRFv3Tpl1OdlbRr123Ao8dPsHvHFmGOXXv2ZrsVjYGBAbZt3oAa1e2znSNdZvHI5fI8vweAtM8en48j0ZJALvs0r4G+PnZsVW/Vd8b4spPddTQ0NMT+PTtx5eo1XLt+A8tXrsLLlyHYvGGtsCJanfcxACEhqhAjso9RDrnw5lD3dU9PjGZHLMq6mOcP7dth7779aNGsKQ4ePoxfx/wCiUSC5k2b4OTpM2jV0gO3/f2xZOE8teJT53oqPHc133uqXoPP30NERJR3LAFNRESFkpnpp1LFYWHhSCzAu+4Lk1KlSiq0P79LOi8uXrqMR4+fCO22rVuhWtUqGhv/c/r6+vhpxHChLZVKsWXbjlyN5et3HkFBwUJ7QN8+Sn3qujjDrnIlob1+4+ZczQUAOjqKCV8drgAmIiIi+urEx8fnqMxu5NVruDxiFPxnzELIseN4d++ewk/IseO4PX0mLo8Yhcir17If8KPcJqJzqrajo9JKVSDt72x1BQTcUSrp/OLFS4W2vr4eWrVsgSmTxuPE0UOIiYkRyveKJdknkaysLBEc/EzpeHqFrXTFrYshMChY6TX09buA8uXKQU9PDw41a8DL2wcymUypT0b+d+6iTauWCgnm5589L4lErJSEdKrtqHLFZ2bXtEZ1e9x/8BCRkVEKx6PfvUPAnbuobq9+Ilmda6mKvr4eypa1waXLV5QeyyxuTV5HsViMenVdMHrUSGzbvAEtPVpg1569OX4eBw8fVTrm6eUjrNZ1qu2Is57KZbg9vXzg6OCgdryqONSsqXLsjKWcVWnoWh/+AXfw4sVLhIdHwP7jzSIdO7TH4SPHcPasJ5q6NxZW8Gryeqb/96/qNSxXrqxQ3pqIiL4cJoCJiKhQqmL3qQxYcnIyDh7K+oMSqSdjYh0A4jT4RdKhDB+wJWIx/jf6J42NnZkunTqidKlSQvvo8eOQfvaBVR0ZV0W7ONeBnZ3qMnT9MySGfc754ukz5S+e1KGtzT2AiYiIiL5mUqk0R6WfHy7/B3cXLkbixzK6RjZlYe3mBtsB/WE7oD+s3dxgZFMWAJAYEYG7Cxfj4cpVao+flJSUo0RsbjRxd4NYLMaU36YL5YAfPnqErj164/XrMLXGqFatKk6dOSu0jxw7Luz/CwD//Lsax46fxPv3HwAAwU+f4XVYGEp/vFG1rE0ZXLx8GXK5PNM5nZ3rIPR1KNZt2IiEhETExsZiydK/8OLl5wlZLZibmeH3GbMQHR0NmUyGCxcvYfLUacLetM2bNYWOjg6mTJuOt2/fQiaT4dLlK1iydJlCUs2+WlWc9fISXoMnTwKxbftOhflsypTB7dsBiIuLQ/S7d0hISMSwoYOxZ98BbNqyDfEJCZDJZPDy9kHPPv1V3lxQpEgRDOzfF8NG/ITAjzeoPn32DD+O/Bm9enRTqlKUFXWuZWYmTRiHcRMnw8fXD1KpFAkJiVi7fgNmzvlDZX9NXcfTZz2xeu16hIWHA0hLfN+7fx9lypTOUfwVK9ri/v0H2LZ9p1DGfdv2ndi7/wCGDh4IABg6ZBCOnziFzVu3ISkpCcnJydi+czf2HTiIH4cNVivezAwbMgiHjhxTGvv+g4eoWNE20/MkEgmaNXHHqF/Gon27NsLx6vb2CH/zBms3bFIoP63J69nE3Q1GRkbCayiXy3Hp8hVMmfY7Jo4bm+1zJiIizWMCmIiICiV3dzeFD4qLlizFxUuXCzCiwiE2NkahrW6ZtezI5XL4Xfh0d3e9enVRskQJjYydFYlEovABODIyCg8ePMzRGA8ePMSVDCsw+vftnWnfNq1bwtLSAkDac964aWsOI06jVAJaRQktIiIiIio4OUn+Xv91IsLOnQMAmFatirqrVsBpyQLY/TwSpdq2Rqm2rWH380g4LVmAuqtWwLRq2qq+MG8fXB83IV9iyg2JRIJ1q/+FiYkxOnTuDnsHJ/zy6wT069MbxYtbqzXG/LmzcfLUabTr0Bnde/XFo0eP0aNbV+Fxh5o1sGfffjRq0hw1HJ3x8//G4vepU4Q9hvv364OIiEg4ubhi1P/GqHzOBvr62LhuDU6dPgunuvXRzKMNtLS0MHjgAKW+w4cNgY1NGfzQqRtq1nbBwsVLMXf2DDRxbyw8503r10BbSwsebdrDwaku/l29FkuXLIS52aebZ4cOHggDfQO0bt8R3Xv1xYpV/wlJ5HT16rrA1bUeGjVpgU5de+D5i+coamWFPTu24vqNG2jo1hQ1a7tg7fqN+G3KpEzLOY/9ZTQ6dmiPH0f+DHsHJwwZNhKtWnpgQg6TcOpcy8w0cK2PJQvn49//1sDRuT5cG7nj3v0H+HnkCJX9NXUdK1esiEePH+OHTl1h7+CEdh06o45TbXTv2iVHzx0A/l62BHfv3YerW1M4128ET28f7Ny2GdbWae/lYkWLYteOLbh0+SrqNnCDi2sj+Pr6Yff2rUIfdV53VUqUKI5d2zfjnO95uLg2Qr2G7rhz5y7+Xrok23M7/NAed+/eQ4f2bRWOt2/bBo8fP1FYBa7J6ymRSLBuzb8wMjRE63YdUcPRGUuW/oX5c2fDvbFbtnETEZHmiRITE1lcn4goE0lJyXBwchHaQwYNxK9jRmt0jvUbN2PRkqVC+8aVC2qVxuk3cIhQoqpVSw/8uWi+RuPKqXkLFmHz1u0A0lZv3vW/kc0ZObNtx07M+WOB0L59/Uq2qx5X/bcGf6/4R2hLxGL079cHgwb0g4WFhUbj+1z33v0QEHAHAFCjRnXs2pb7cr9f0/y3bvujV99PX4zMmTUdnTt2yPO4QUHBaNuhs9CeMmkC+vbumedx1XHn7j106/lpZe7kCePQL4sk7ufGTZyMY8dPAgBsbMrg+OEDEIszv8cu4/tSV1cXXmdOoIi5eY5iDn76DG3adxTaft5nhcQyERER0fcqfUWkTCaDTCaDVCqFVCrFhUFDszyv3cF9Go/l3bt3SqVQVXm4/B+EnTsHLQNDlO3WBaXatlZr/JCjx/Fs916kxsfB2r0x7H5SnVjLSCwWw8zMLNt+lGb6zDkoVaqksOKTiL5NoaGh0NPTg0QigUQigVgsFj6za2JfbCKi/JR+A9bt27fVPsfh41YEXAFMRESF1ojhQ9G+3ae7XqUyGdZv3IymHm3wv7HjcPT4Cbx//74AI/z2XLh4SaFdJZNSxzkV/PSpQrtmdfX3psqrqlXsoKWllSEW9csyh4WF4eSpM0K7X+9eWSZ/AaBHt67C6vSkpCRs37ErhxErl3xmCWgiIiKir0dqaqpayd/Iq9eElb85Sf4CQKm2rVG2W9oqvDBvH7X2BJbJZEhNTVV7DiIiIiL6dmll34WIiNKtXb8Ba9dvKOgwKAfmzZkJ2wrlsXzlKqSkpABIS7qdPuOJ02c8IRaLUcWuMurVrYt6dZ3h6FgLehlKR2tCQMAdVKleK8/jHDt8AOXLldVARLmTnJyssE+vpaUFKlfWTAI4LPyNQrtU6VKZ9NQ8iUSC4tbWeBkS8jGWcLXP3bRlu7BfkomJCTp2aJ/tOebmZmjfrg327N0PANixczeGDB6Yo/edzmd7AGuzBDQRERHRV0PdJGvghk0A0so+5yT5G+btAyAtCRxx9Rre37+PwA2bYOlcR63YMt78SERERESFE1cAExFRoSYWizF08EAcPrAHXbt0UtgXGEi7C/7e/QdYu34DBg8bAZf6jTBg8DCsXb8BL16GFFDUX6c16zYg5NUrod2hfXtIslntqq74+HiFtomxsUbGVZeRsZHwe1xcnFrnxMbGYe/+/UK7W5fO0NfXV+vc/n16C6Wm3kZH49DhIzmIFtDR0VZo6zIBTERERPTVSL/xNCvRd+8hMSICAFDl55Fqjx3m7YOHK1fh4cpVSIyIEM5NjIhA7LPnGomN0syc/hvLPxMREdE3iwlgIiL6LpS1scGs6dPg530G8+fORtMm7jBWkWRMTk7GlavXsGTp3/Bo3Q7de/XFiVOnIVWjhFthtnffAaxc9Z/QNjY2xuCB/TU2fvp+bd+S3Xv3ITY2LVkskUjQu1d3tc+tUKE8XOvXE9obN23N0TXQyZDw1dbW5r5FRERERF8Rdco/R127ASBt9a+elZVa46YnfwHA2s0NelZW0LOygpFN2Y+Pn9NIbERERET07WPNFyKiHGji7oafR47Q6Jhbtu3A/oOHNDomZc7Y2Bg/tG+LH9q3hUwmw/0HD3Hl6jVcvXoN127cREJCgkL/gDt3MXbcRFS0tcW8ubNQrWqVHM9ZoXw5bFy3Js+xmxcxz/MYOfXmTQQW/7kMR44dVzg+d9Z0mJmZamweQ0NDhfaHmBgUMf9yzzc2JjbTWFSRSqXYsm2H0G7p0RzWxYrlaM7+fXvj/IWLAIBnz5/Dy+ccmro3VuvcjAlgHa7+JSIiIvqqqJNkjXn6FACg/zH5G/vsOfStrCAxNFDZ//Pkr12GVcNGZW0Q+/yZMGZeYyMiIiKibx8TwEREOVC+XHnY2Wlmz9N0FSqU1+h4BUUikQi/y+RyyGQyiDVUHhhQLlWmpSXJpKf6xGIx7KtVhX21qhg8sD9SU1Nx2z8A3j7ncPzkaYSFhQl9nwQGonuvvlg4by5at/LI0TyGRkawtLTIc7z5LSEhATExsXgdFoa79+7hwsXL8PX1U1j9LBKJMGXSBDRv1lSjc1sXK6rQfvky5IslgKVSKUJfv84QS/aJ3OMnTym8P/r37ZPjeRu41oetbQUEBgYBADZs3KJ2AlgikUAiFkMqk7H8MxEREdFXJieVXYzKlUXss+e4NX0m9K0sUWvmDKUkcFbJ3/QxcC771b85jY2IiIiIvl1MABMRkUZkLKcsl8sRFxenssRybsVkWKFpYGCgkHDWFC0tLTjVdoRTbUeMG/sLPL28sXLVf3j46DGAtEThpKnTULSoFZxqO2p8/vwSEHAHVarXyvM45uZmmDNzBpq4u2kgKkXly5VTaPsH3EHNGtU1Po8q9+7dh1QqFdrlytlke86GTVuE32s71kJ1+2q5mrt/n96YNmMWAODGzZsIuHMXNarbq3Wuto4OpImJ0PlsX2siIiIi+vaI5PiYCJ6hkATOLvlLRERERKQK9wAmIiKNMDNVLAf8ISZGo+PHxn5KAJuammh0bFVEIhGaNW2CPTu3oWuXTsLxlJQUzJg9N9/n/5qYmJhg6OCBOHn0UL4kfwGgfPlyMM3wHjrn65cv86jie/6CQtuxVtbJ8stXruLBg4dCu3/f3rmeu13bNgornTds3Kz2uemln3V0tHM9PxERERFpnkgkUrtv7NNnMCprA4dZ06FlYCgkgaVx8Wonf2OfPsuX2IiIiIjo28UVwEREpBGf7wf7/PkLlCxRQmPjP3v2XPjd1FRze89mR0tLC7OmT0NUVBS8vNPKqgUFBePuvfuwr1b1i8VRkPbs3IYypUvl6xwikQgNXevj6PETANKSrC9ehuT7vKmpqTh46IjQtrCwQNVs9nn+PEk7esw4jcVz5qwnXoWGqvXfTnriV1eHK4CJiIiIviZisVihwowqxuXK4f39+4h9npa8TU8C3/59JmKfPce1cROQGBEBIPuVv7EfPysZf1ZVJ7PYiIiIiKjw4199RESkEZ/vjRxw565Gx79z757we1U7O42OrY6hgwcptO/eu//FY8itEiWKw8/7bJY/533O4sqFcwi4eRWnjh2Gvr6+cP6MWXO+yF5h7du1FX6XyWRY9veKfJ9z9559eBUaKrTbtmkFSRZfigUFBcPvwsV8i0cqk2HT5q1q9eUKYCIiIqKvkzpJVos6tQGkJW/TE70ZVwKrm/xNjIgQksjWalTrYQKYiIiI6PvAv/qIiEgjypUtq1DK9vKVqxob+9HjJ4iOfie0HWs5aGxsdVWtoph0jo6O/uIx5JalpSUsLS2y/LGwsICJiQm0tbVRpkxpTBw/Vjj/0uUr2LJtR77H2cC1Hira2grtk6dOIyDgTr7NFxcXh3/+WyO0JRIJ+vTqkeU56zduVkqG6+vr5/kno30HDuHDhw/Zxn/s0H7cuHIBWzdvyMGzJiIiIqL8pq2d/Q165vbVoGdlBQB4uGKVcDxjElidPX8fLP8HAKBnZQWjsjYaiY2IiIiIvn0sAU1ERBrj5OSI02c8AQBXr13H02fPUK5s2TyPu3PXbsV5ajvmecycSklJUWhraRXuf0K7d+0CL+9z8PU7DwD4c9nfcK1fDxXKZ19WLrdEIhF+GT0KP43+BQAgl8sxdvwk7Nm5DebmZhqdSyaTYcLkqYiKihKOdenUEaVKlsz0nMjIKKFENQAM6NdXIVGeF48eP0GHzt0AAPHx8di1Zx+GDh6Y5Tl6enoamZuIiIiINEvdzwq2A/vj7sLFeHfvHkKOHkeptq0BpCWBnZYsEBLEmQk5ehzv798XxsptbO/ev8fKf/7DqdNnEP7mDSwsLPBDuzYY+8tohYTxvfsPMH/hYty67Q9TUxN069IZo0b+CIlEAgB4EhiE5Sv+wcXLVxATE4OyNmUwdPAgdOncMUfzqPL27VvMW7AYXt4+kMvlcHd3w5SJE2BhUQQA0KJVWwQGBcPgs5sr4xMS0LN7N8ydPSPXYwNAh87dEHDnrsL41apVxa7tW7KMuyD9OmESSpYogbG/jM7zWDVru8Dn7EmYZ7jpO6PGzTywfNkSVLe3V/n4pKnTcODgYWireP+tXP4X3Bo1UHmeOq9NVjxat8OrV6GIT0jAkEEDMWXSeEilUmzeuh179+1H8NNn0NPTRUNXV0ydMhHFihZVa1wiIqJvAVcAExGRxnTr0ln4XS6X49//1uZ5zFehoTh05JjQdnGuAxubMtmeJ5XJ8jx3Ro8eP1Folyqpuf2Nv1ZzZ80Q9nZOSkrChElTkZqamq9zNnF3Q9Mm7kL7VWgo/jd2HJKTkzU6z9K/Vgh7OgOARZEiGPO/UVmes3X7DiEOiViMPr2zXi2cE5UrVURdF2eFuT6/6YCIiIiIvg1aWlpqlVq2dK4Da7e0ss1P9+xFyLHjwmPqJH8DN24CkFYm2tK5TrbzicVilQngX8aOhxxybNuyAXduXcO61atw4dJlLP1rudAnKDgYAwYPxQ/t2uLqRV9s27QB/v4BmDz1dwBp1XUGDR0OFxdnnD5+GLeuX8bkSRPwx/yF8PH1U3seVZKTk9G73yCYmpni9Imj8Dx9HMWKFkXPPv2QmJiYdr309bF7x1bc9b+h8GNXuTLcG2deGludsYG0mzS9z5xUGPtrTv4CQIf27dDEvXFBhyEYN/YXpdfnrv+NTJO/6r42WTl1/Aju+t/A/37+STi2eu06+JzzxYJ5c+F/4wqOHz4IHR0djPgp74lyIiKirwkTwEREpDGu9evBrnIloX346DGFFZM5JZVKMW7CZCQkJAjHBg3op9a527bvxLQZs5CUpJnE4aYtn/ZllUgkcK7jpJFxv2aWlhaY8ftvQvv+gwdYvnJVFmdoxtxZ01G8uLXQvnb9BvoNHIKIiMg8j52amorpM+dg7fpPZZPFYjEWZ7m7aAAAIABJREFUL5wHU1PTTM9LTEzEzt17hXazZk1QsoRmbwLo37e38PubNxF5+m+HiIiIiAqWjo6OWv3sfh4JI5uykMbFIXDDJtyePkvY/1eVxIgI3J4+S0j+GtmUzbZMdHYx/bN8GX6bPBGlS5WCjo4OqthVxpSJ43H8xCmhz+Ily/DjsCHo0rkjDAwMULasDVat/BsXLl2Cf8AdGBoa4tSxw+jdszuKFCkCA319NG7UEP379cGJk6fUnkeV7Tt3o1Spkvht8kRYWBSBubk5Jowbi4oVK2Lz1u2Znnfj5k18iPkA98aN8jx2ZGSU2qtOvxYNG7jCoWaNgg4j13L6uj96/Djb9xIADBk0EOtWr4J9tarQ0dFB8eLWmDd3Fu4/eIjXr8Py46kQEREVCCaAiYi+EzExMbh85Wq+f6AZ/+sYhbvdp/w2HYcOH83xODGxsfjxp9G47R8gHKvr4oyGDVyzPTcxMRFr1q3H3n0H0Klrd1y8dDnH82d08NARobQ1ALRo1hQWFhZ5GvNb4dG8Gdq3bSO0163fiFu3/fN1TlNTU6z+Z4VCQtY/4A46d+8Jb59zWZyZtcDAIPQfNBS79+5TOD592hSF1beq7DtwEO/fvxfa/fv2yXUcmXFr1BBlbT7t27Zx09YseqfJ7xXZRERERJQ7urq6avd1WrJAWAn87t49XB4xCtfHTcDDlasQcuw4Qo4dx8OVq3B93ARcHjEK7+7dA5C28tdpyYI8x2RgYKDyWPpq4cTERPieP4+unTsr9NHV1UWH9u1x/MTJTMfR19cXyv5mN09mTpw8hR7duigd79GtC44dT5t7367tqO1YS+Hxrdt3omf3bkKJ6tyOLZVKkZCYCCMjoyzjzCmPNu1x++Mq6jr1GqBWnboYPGwEgoKDFfoFBgVj0NAf4VS3AVxcG2HC5KmIjo7O8BxOY/Qvv2LHrt1wb94S6zek3RwwfeYcrFn36cbX+IQEzPljPuo1aIxadeqic7eewursdDExMZg2Yxac6zeEY516GDB4GIKfPtXo81aXOq9NRs9fvMTFS5eyHVdbW1vpPaelpSX8EBERFRZMABMRfQfu3L2HFq3bYeCQ4Wjeqi0OZyiprGn169XFyB+HCe2UlBRMmjoNv06YhOCnz7I9XyqT4dDho+jUpQfOX7goHLcuVgxLFs2HSCTKdowLFy8hMjJtb9fgp88weNgI9Ok/GKfOnM1RKeHo6HeYO28BpkybLhwzNDTEmF9+VnuMwuC3qZNgbZ22Ilcqk2Hi5N8QHx+fr3Pa2lbAxrX/wcrKUjgWERGJkT//gu69+sLX77zaZb4DA4MwcfJv+KFzN9y8dVs4rquriz/mzFQoXa6KTCbD5i3bhHaN6vao5VAzh88oeyKRCP369BLaj588UfhvIKP0PYNrODqjY5fuCAoumC9liIiIiEg1iUSSoySw3c8jYT9hnFD6OfbZc4R5+yBwwyYEbtiEMG8fxD57DiCtPLT9hHFqr/wF0v72zSoR+rlDh4+gaZO08sEvXryElaUVTEyMlfpVrWKHJ08CVY4hk8lw5OgxhS1esponM4GBQahapYqKuavgSWDa3Nra2gqfFd++fYszZ73QvatyAjGnY0dGRWW6921e/fzLWNhXq4qLvt64etEPTRq7oUfvfsKN26GhrzFg8FB079YF1y75wdfrDCpXqog+/QcpbBlz4eIlXLx0Gbu3b8UgFftBS6VSDBw8DImJiThx7BBuXbuMieN/xW+/z8BZT28AaTeX9hs4BHKZDKdPHMXNa5cwYvhQjPl1ImJiYvLl+WdFnddGU854eqFC+fIKnz+JiIi+dbytiYjoO7Bk6V949y5t9aJUKsWcP+ajbZtWau1LlRsjfxyGiIhI7NrzqWTu8ROncPLUGdhXq4q6Ls4oX64czM3NoKuri/fvPyAqKgq3bvvj0pUrQvI2XdGiVvhn+TIUUfNDd9Mm7hg39hcs+3uFsELyxs2buHHzJoyMDFG/Xl041nJAhfLlUbx4cRgapt2JnpiYiDdvIhAUFIwr167h3Dk/JCYlCeNqa2tj8YI/ULpUqRxdj+TkZLx48TJH52RJJEKZ0jmLIS+MjYwwb85MDBr6I+RyOV6GhOCPBYswZ+b07E/OAzu7yti9fQvGTZyKGzdvCscD7tzF8JE/o4i5OVxcnGFfrSpKlSwJExNjSCQSxMfHI/R1GJ48eYKr128gKChYaewSJYrj76VLUK2q8hcKnzvj6YUXL0OE9oB+ml/9m65jh/b4a8U/wmrj9Rs3o4FrfaV+EyZNxeMnaftSP3z0GL/PmIVtmzco9SMiIiKigmNgYIDk5GTI5XK1+ls614Glc52Pyd9ziPls5aVxuXKwdneDUVmbTEZQTSQSqVx9mxmfc744efoMjh5Mq5wTExsjfGb6nJGRET5kkhxcvPQvWFhYoLGb6hLMn8+TmQ8xMTA0NFQxtyESExORkpICbW1thcd279mHJo3dYGmZdeUmdcaOinqLsLAw2Nk7QCIRw9LCEvXr1cXPP41AiRLFsxw/K0+eBMKjRXP07tVDONa7Vw+8Cg3FmnXr8ftvU7B67Xr079sHHs2bAUhL5A8eOAABd+7hzFkvtG7lAQCQyqRYMG8uDPT1Vc511ssbCYmJmD1zupAod67jhHlzZmHOvAVo1tQdZ856QSqTKfRxca6DcWP/h/6Dhub6eaabt2ARVvzzr8Kx5k2bYPHCeSr7q/u612+YdoNBWHg4AMDLO61q1N/LlsCptmO2cYW8eoWZs+di6eKFOXo+REREXzsmgImIvgOvX79WaMfExiIq6m2+3d0qEokw4/epqFKlMubOWyjcmSyTyRBw5y4C7txVe6xaDjXx99Il2X5w/9zggf3hWq8u5i9agitXrwnHY2PjcPqMp0JJZ3VYFyuGRQv+UOsD5OcePnwEjzbtc3xeZiRiMe7639DYeOqo6+KMvn16CSth9+0/iCaNG6OJu1u+zmttbY3NG9Zg+87dWPHPvwplmN9GR+PEyVPCnmLq0NPVRY/u3fDjsMFZ7vmb0YaNmxXiafHxy5f8oKenh25dOgml2i5dvoJHj5+gcqWKQh+pTIagoCCF854EKraJiIiIqOClJ17j4uJydJ5RWRvYDuynsTgMDAzUqqQEANdv3MSkKdOwfu1/wqpXYyNjxMWprgAUGxsLE2PllcFr12+Aj48vdm3frHJuVfMcOHgYM2bPFfrMmDYVHTu0h4mxMeLi4pRWIMfGxkFPT08p+SuTybBj1x4sWvCHcGzqtBk4evyE0D56aB9Klyql1thVq9gh+PF9AGk3VIeEvMKW7TvQrVcfeJ46rrTSO7O5VOnQvq3SsWZN3DH7j/kAgIuXLuF1WDi8vH0U+rwMCVHY39eucuVMk78AcOvWbTRp7Kb0WjRwrY/nz18gLi4O/gEBmfbRhMkTx2Po4IFq91f3db/ol7aC+fRZT/j6+mHOrBlqzxEZGYV+A4fgl59HwbmOk9rnERERfQuYACYi+g44OtZSWMGora0NMzP1kl950b1rF7g1bIDV6zZg3/6DOSq/XKliRfw4bDA8WjTP9UplO7vK2LhuNW7cvIVdu/em3fWckJCjMczMTNGrR3cM7N8PRkbKdx9/T8b+bzQuXLwkrKj9fcYs1Ky5BxZFiuTrvGKxGH169cAP7dtiz9792LVnb45XVBsbG6PjD+0wdPCgHN1McPPWbfgH3BHafXr1yFHpvNzo3asHNmzaIqxeX79xMxb8MVt4XCIWw8HBQWFVdH6UpCYiIiKivNPV1UVqaiqSMlQW+tLzq1uK+t79Bxg1egxW/L0UVavYCcdLly6NiMgIfPgQo5SMu//gIWxtbRWO7d6zDzt27sGu7VtgrCI5nNk8HTu0R8cOyjfO2tpWwP0HD1C8uPVncz+ArW0Fpf7nfP2gp6+nkNCbO3sG5s5WTgzmdGyJRAIbmzL4bfJEXLx4Gddv3IRr/XoKfTKbS5XUVKnSMTk+rRg3MDDAts0bUKO6fZbjqFopqzRuJivR5XK5kPRVd7X6l5DT1yanPnyIQb+BQ9C7Z3d07dIpz+MRERF9bbgHMBHRd2DCr2NR2/HTytXajrWU7pLOL9bW1vh96mT4ep3G0iUL0bN7V9Sobo9SJUvCyMgQWlpasLCwQIUK5dGogSt+HTMau3dsxcF9u9CqpYdGylTXdqyFhfPn4pKfD/5btQI/DhuCRg1cUa5sWRgbGUEikUAikcDQ0BClS5VCXRdnDOzfF6tW/AVfrzP4+acR333yFwB0dXWwcN4caGml3T8W9fYtpk2f9cXmNzYywqAB/XDq2GHs370D438dA48WzVC5UkWYmJioPGdAv75YvWolLpzzxOSJ43O8knzDpi3C7/r6+uj2Bb4YKFa0KFq2aC60j584ifA3bxT6LJg3G3VdnGFgYIC6Ls6YOf23fI+LiIiIiHLH0NDwi33+ykhbW1utxCAABD99iqE//oSF8+cqVT3S19dDQ1dX7N67V+F4UlISDh4+LJQhBoATJ09jxT//YsvGdSr/9s5qnsy09GiBHbv2KB3fuXsvWrf0UDq+dftO9MlQVjmvY0ulyklaIK3scl5vDt2zb7/SMU8vH+EGT6fajvD08laeO5OYMlPb0RFe3j6QyWQKx339LqBcubIwMDCAQ80amfYpCDl93e0qVUKb1q3UGjs+IQGDhg5Hi+ZNMXjggDzHSkRE9DUSJSYmfj23dhERUb7x9PbBqNFjAABTJ09U+wMx0bciLCwMPfsMEPZ+AoDmzZriz0XzhaS1OgIDgzRyRzkRERERfVnpqxdlMhlkMhmkUimkUikuZLN/abts9qDVlJiYGGF7nPymra2tcvWtKqGhr9Gjdz9MnjgerVq2UNknKDgY3Xv1w6Txv6J1Kw9ERERi5uy5sLCwEEot+52/gIlTpmHrpnUoX65cruZRJTk5GT906gZX13oYMWwoxGIR1qzbgLOeXji0fy/09fWEviGvXqF1u4646OsFIyMjjYw99MefYF+tKtq3a4NSJUsi6u1brN+wGafPnsXZk8dy9FkjI4827fH+3Xv8/NMIdOncEQCwd98B/LViJQ7t24Pixa3xJiICHTp3x/Chg9G1Syfo6erC55wv/l29Fru2b4FIJMKJk6exd/8BrFu9SmH86TPnoFSpkhg6eCCkUin69B8EG5symPDrGJibm+PylasYN3Ey5sycDvfGbpBKpejWsw8qVrTFhF/HwMzMDFeuXsO8BYvwJDAIF329hHLdn2vczAPLly1BdXvVK5UnTZ2GCuXL56gEdE5e9+z8tXwl4uLiMWXSeKSkpGDI8JGwrVAe06ZOVnsM+naFhoZCT09PuPlfLBYLiw3ULY9PRFRQ0qvI3L59W+1zHBwcAHAFMBHRd+PWrU//SDR2a1iAkRDlD2tra6xb86/CSoMzZz3xy9jxapf+9vTyRocu3XHO1y+/wiQiIiKi75SxsbHa5ZjzQldXV+3kLwDMW7gIIa9eYcy4CbCzd1D4OXDwMACgQvny2LR+DQ4ePgLn+o3Qs+8A1KhRHfMzbFXyy9jxCAsLQ+t2HZXGefUqVK15VNHR0cG2zevx/t17NG/ZBk1btEZYeDh2bN2slATcvnM32rdtrVbyV92x586egXfv3mHg4OGoVrM22rTriNDXodi6aX2uk7/pli5ZiPsPHsLVrSmc6zeCp7cPdmzdJJQ9LmplhT07tuL6jRto6NYUNWu7YO36jfhtyqQcJa4kEgnWrfkXRoaGaN2uI2o4OmPJ0r8wf+5suDd2E/psWr8G2lpa8GjTHg5OdfHv6rVYumQhzM3Msp2jS/feSq9r63YdhccXLv5T6XE7ewf8tXylyvFy8rrnxO49++B3/gK2bt+pFMvkqb/nelwiIqKvDVcAExF9J3r1HYBbt/1ha1sBRw7szf4Eom9UUPBTDBg8FJGRUcKxShUrYtGCuahUsaLKc+RyOTZs2oJlf69ASkoKzMxMcXj/XlhZWX6psImIiIgoj772FcDpkpKSEB8fr/H9VkUiEQwMDL5IkpnyzqNNeyxe8Eemq2aJSDO4ApiIvmV5WQGct9vUiIjom5CcnIx79x8AANzdGhVwNET5q0L5cti1bQuG//QzAgODAACPnzxBpy490LZta7Rv2wZVq1SBnp4uXoeF4crV69i1Zy8ePnwkjFHHyQlFiqgub0ZERERElBe6urrQ0dFBfHy88KWeJsY0MDBgMoOIiIiIADABTET0Xbhz9x6Sk5MBAI2ZAKbvQIkSxbFz6ybMmjMPh48eAwBIZTIcOnwUhw4fzfJcjxbNsGj+H5BIJF8iVCIiIiL6DolEIhgaGkJPTw9JSUlITk6GTCbL0RhisRg6OjrQ1dXl365EREREpIAJYCKi78CtjyUizM3N4FCzRgFHQ/RlGBoaYsG8OWjTuiX+XPY3Hj1+kmV/iyJFMGniOLRt3eoLRUhERERE3zuJRAIDAwMYGBggNTUVqampSElJEcpYp5eJFolEQtlSbW1taGlp5Xn/WSpYp45lvu8xERERUV7xL0Uiou/AzVv+AICGDRoI+5wQfS8aNWyARg0b4MbNWzjr6Y179+8jIiIScshR1MoKpUuVQrOm7mjYwJVfohERERFRgUlP6urp6RV0KERERET0jeO3nERE34F/li8r6BCIClxtx1qo7ViroMMgIiIiIiIiIiIiyldcBkZEREREREREREREREREVEgwAUxEREREREREREREREREVEgwAUxEREREREREREREREREVEgwAUxEREREREREREREREREVEgwAUxEREREREREREREREREVEgwAUxEREREREREREREREREVEgwAUxEREREREREREREREREVEgwAUxEREREREREREREREREVEgwAUxEREREREREREREREREVEgwAUxERERERERERIWWSCIp6BCIiKgAyOXygg6BiKjAMAFMRERERERERESFlq6lZUGHQEREBUAqlUIsZgqEiL5P/H8/IiIiIiIiIiIqdEQiEUQiEUztKhd0KEREVAASEhIgFouFfw+IiL4nTAATEREREREREVGh8fkX/Vb16xVgNEREVBDkcjni4uIU/j1gIpiIvidMABMRERERERER0Tfv8y/107/oN7GtgGJujQooKiIiKgjv3r2DWCzOdAUwE8FEVNgxAUxERERERERERIVK+pf96T/l+/aGabWqBR0WERHlM7lcjujoaCQmJiokf7n6l4i+N0wAExERERERERFRoZH+BX/6l/3pCYAqv4xG0UYNCzg6IiLSNLlcjtTUVMTExCA8PBwpKSnQ0tJS+Dcg478NRETfA1FiYqK8oIMgIiIiIiIiIiLSBLlcLvzIZDJIpVLIZDLhJyk6GskfPkAk0YK2iTHE+voFHTIREeVReqI3/feMPxKJRGk1MBHRtyApKQkAcPv2bbXPcXBwAABo5UtEREREREREREREBUQkEkEulwurvzLSK1IEuubmkMvT1kSk/y8REX2bPq/8kP7//Rn3AM7Yj4joe8AEMBERERERERERFRoZk78AFBLAIpEIMplMWCGcjklgIqJvU8ak7uel/zMmgJkEJqLvDRPARERERERERERU6GT8kj89ASCTyYQEMVcAExEVDpmtAM7YZuKXiL43TAATEREREREREVGh8vkq4PRjGZO/TAATERUOqhLAnx/L2I+I6HvABDARERERERERERU6GZPA6b9nPA4w+UtEVFh8nuT9fNUvk79E9L1hApiIiIiIiIiIiAql9C/8P08EZzxORETfvsySvUz8EtH3iglgIiJSaccLX5wJ88f8Gv1QVM+0oMP56lyIfIB1wWcx0rYVnIrYFnQ4RERERESUhc8TwZ8fJyKiwoX//05E3zsmgImIPvJ5cxebn3nn+LwZ9j1QxsAqHyIidR1/fQN7X17M9PGeZRqiubXDF4xIc46EXsOBkMtZ9qloVByTq3bJ9Rzhie/gF3Ef9z68QFRSDBKlKTDU0oWNYVG4WlZBnWwS3Pfev4TXmwAExrxGnDQJJtr6qGxcEi2sHVDOsJjKc+KlSfB9cw8B75/jdUI04lIToSfRhrWeOWoXqYAmRWtAWyzReKxERERE9H3LmBDg6l8iosKFSV8iok+YACYi+qikfhE0KVZD6fjT2HA8jQuHg1k5FNE1VnrcWEv/S4RHWbAxKKrytYtM+oCAd88KICLNiU6OBQC4WFSCoZaeyj5FdXO3QlsO4EDIJZx4fRNSuQwl9S1Q2aQktEQSvE2Kwb33LxDw7hmumlfACNtWEKv4ILXn5QWceH0TWiIJbI2tYaZtiKikGFyNeoKrUY/R06YRmhWrqXDO9beB2PTMG3GpiTDXMUI5o6LQF+vgfUo8nse/wa4Xr3HuzV1MrNIZptoGGouViIiIiCgjJgqIiIiIqLBiApiI6KOKxiVQ0biE0vFDr67gaVw43ItVR3VTmwKIjLJTzbQ0qpmWVjp+Mzr4m08Av0uJg7ZYguEVPDQ+9r33L3As9DqqmpZBrzINUVy/iMLjkUkfsCrwJG5EB8Ez3F9pFfWhV1dw4vVNVDEphUHlm8FC59MNEmGJ0fgv6BS2P/eFnlgHDayqAAA+pCRg41MvGGnrYXgFD9ibllEYM1GajB0v/OAXcR+bn3nj54ptNBIrERERERERERER0fdCXNABEBERUebeJ8fDXNsoX8a2Ny2DCVU6YUyl9koJVQCw1DXBCNuWAIALkQ8VHgtLfIdjoTdQxsAK/6vUTiH5CwDWeuYYV7kjiugYYdfL84hJTQAAmGjrY1KVzphatatS8hcA9CQ66F/WHUX1THE7OhgJ0uQ8x0pERERERERERET0PeEKYCIiDVnwYD+exb3BKqcfs+w34vq/KGtYFBOrdFL5+M3oIPi8uYuX8VFIkCbBQtcEDmZl0axYTZjrqE4EXn8bCL+I+3ge/wZxqUnQFWujuL45qpmWQUOrqkrJOQB4FvcGnuEBeBwTincpsTDU0kN5w2JoWqwmqpiUyvI5RCZ9wLmIe7j3/gXeJL5HkiwFJtoGqGRcAq2L10ZpA0uh78MPIVj48ADalaiDjqXqZjmuV3gAtj4/h3F2HVDVRHlFryZp6vVKlyBNxq+3N6C0gSUmV+mcZd9XCW8x7c42tC1RB52yuSbvUuJgpWuSZZ+8qGxcMsvHLXVNYK5jJJSiTucVHoBUuRTdyrhCR6z6zwlDLV10LFUX64LP4kLEA7Qs7ggAKGVgkeWcYpEYFQyt8SbxPaKTY6H/MeGb21iJiIiIiIiIiIiIvidMABMRfSWSZalYG3wG198GwkrXFLXMy0FfooPXCdE4FXYbvhH3MMK2lVJidNvzc/AMD4C5jhFqmpWDibYBEqTJeBobjsOvruLG2yDMrt5L4ZyjoddwIOQKRCIR7E3LoJZ5OSRKU/AwJgSLHh5A2xJOmcZ5Juw2dr28AEAOW6PiqGtZGWKIEJrwFlejHuPG2yCMqtgaNczKAgDsTEqhtIElfN7cRdsSdaAtlmQ6tmd4AEroF8n35G9+0JfooIFlFZwN98fzuAjYGFpl2tcz3B9ikRjuRe2zHFMOOd6nxKOSitLkX1KSNAUWn+1/ffvdU5hoG6BKNq+Vk7ktNoq8cDM6WEgAqzWnLAUAYKZjmOdYiYiIiIiIiIiIiL4nTAATEX0ltjzzwY23gehepgFaWDtABJHwWFjiOyx/fBTLnxzDbPtesPy4IvRlfCQ8wwNQw6wsRldsA7FIsbJ/aMJbxKYmKhzzjbiH/SGXYWNohZ9sWwtjAYAcgO+bu9j23Bd6Em2VcYpEItQ0K4seZRrAStdU4bGHH0Kw5NEhbHzmhYU1+0NLlJbsbV7MAeufnsXlqEdoaFVV5bj33r/E68Ro9Cvrrt4F+wo1s64Jz/AAnAm/jSHlm6vsEy9NwqXIR6hTxDbTFd3pYlISIJPLYKadsySoJgXGvka8NAkuRpWEY7GpiYhM+gCnIrYZ3qWq6Uq0YWNYFM/i3qg9Z5IsBY9iXqG4fhEYSHTzFCsRERERERERERHR94YJYCKir0Bg7GtciEwrkethXUvpcWs9M/xSuR1+v7MDu16ex0+2rQFASKo1tKqqlPwFgBKf7ZWaLEvFrhfnYaptiF8r/wAjLX2Fx0UA3IraI0UuxfbnvipjbVK0BpoVq6nyMTuTUnArag+v8AAEx4YLK1frWlbC3pALOBvun2kC2DPcH4Zauqhvaafy8W9BUV1T1DQvi6tRT9C1tCtMtQ2U+vhF3EeSLCXTa5jRu5Q4AMCpsFs4FXYLAKAlksBYWx8l9IuguqkN3IpWg65YdbI+r1LlUmx7fg7aYglaFv/0vvyQEg8AKp+fKqbaBkiVSxGXmgRDrewTunteXEBcahJ62zTOc6xERERERERERERE3xvlbAEREX1xFyIeQCwSo6V15iVyrXRNUdeyMvyjnyEuNQkAYKydlsB9+CFErXluRgchQZoMD2sHpeRvRk2K1sj0MbEo6zWf5Q2LAUjbJzidlkiCxkWr42V8pMpYI5M+wP/dMzSyqpbpfrLfihbFHJAql8L7zR2lx+SQwyv8DsoZFkMFI+tsx9IRa6O5dU3hp2mxGnC2qIhiemYIjHmNnS/8MMl/M4JiwzT+PGRyOf4LPIXncRHoY9NYYbV3vDTt/aev5upcfYnOx/MSs+mZVmLc680d1LOojLoW6q3kzSpWIiIiIiIiIiIiou/Nt/0tOxFRIfEyIQpWuiYw0tKFTC7LtJ+dcUmce3MXL+MjYWdSEvamZVBS3wKe4QF4FvcGjuYVYGtcHDYGVioTqSHxUQCAaqZlsownuyRvRqlyKaSyTzFLPq5ETpalKvRrUrQ6jofewJlwf9iZlFJ4zDM8ACJR1onnb8WnPY/voG0JJ6EMNgD4v3uGiKT36FDKRa2xrPXM0LNMI5WPpcjSksy7X17AssdHsKBmvxxjfRQVAAAgAElEQVSVS86KTC7Df0GncCM6CJ1K1VVatZ0+T8LHRHB2EqTJH8/Ty7LfmTB/7Hjhh+qmNhhYvqlGYiUiIiIiIiIiIiL63jABTET0FYhNScCbpPcYcm2lWv3TSwNriSSYXLUzjofewKWoR9jz8gKAtARuOcNicLGopLCqNiY1AcCnlcNZMdcxQnRyrNJxOYBLkQ/hG3EPz+MikCRLUStmE20DOFtUxKXIR4hIei+s0kyWpcIv4j5qmZWHha6xWmN97dL3PL4S9RiullWE457hATDVNkCdIrZ5nkNbLEELawckyVJwIOQyLkc9RpOi1fM8rlQuw6rAk/g/e/cdpldVrw34md7SQyqQEELogRCq0pEOoh6kKyCWTzyI51iPXcGu2MWD7YiIIEiRjoDSpAkh9BKSkF5JmUwymf79ETImZELaJEPe3Pd1cTHz7rXX+u137zDM+2StNWb++LxnmwNy4uB9V2nT4/Wlnxe+vhT0mixsWpKSouI3Xf75jhljcs2Uf2aPXtvlghHHrxScb0itAAAAAABbGgEwQCcpKSpOa1Y/ezdZNlu2o8C0e1lV5jQszJd3O22txtqqokf719UlFXnvtm/Pydu+PXMbFmbykrkZXzczzyyYlD9Nuj//nPtCvrjrKcv2jn192efapiXpVVbzpmN0FP4myXVTHsptM57IHr22y7nDjkiv8poU598zhp9a8Gpum/FEh+cePXBUHpr7Yu6e9XTOGHJwkuShuS9mSUtDjhy45j1x113b6/9edUbzhtyvNVm+5/FdM59qD4BnLJ2f5xdOzklb779W4ebaGt17+9ww9ZFMf31294ZobmvJL8bdlqcWvJqTt3lbThi8T4ftupVWZquKHnl50fS0paN3998aWpoyafHsbFfTf7Vtbpn+eK6f+nBG9RqWj404bq3en7WtFQAAAABgSyMABugk3cuq0tTakrrmpelW2vFSt1OWzO3w9SHV/TK+bmaqSsozoLLXeo1flGX7BPer6Jm9ew/PKdsemCsn3Ze/z3o6T86fmH377JBtq7dKkjy7cHKGVPdbbV+rW4a6vqUxf5s5NsO7DcwndjwxRR1Ef0taGpPVBMBDqvtlx+5b58E5z+c9W++fypLy3DPr6WxbvVV26r71ul/0GtQ2LZvxXFlStsqxDblfa7J8z+Obpj2WlxdNz47dB+eeWU+npKgkh/fffb36XJ3l96D49aW311dTa0t+Pu7WPLNwUk7Z9sAcN2j1+1Enyahew3L3rKfyQu2U7Npj29W2e3z+K2lpa83o3sM7PH7TtMdy47RHM7r39jl/h+PalxDvzFoBAAAAALYkG/ZpMQDtlgeqT86fsNo298x6usPXl+9bunwJ59V5s/2B36goyR49hyZJFr6+ZPRevbdPdUlF/jZzbGrfZPneu2Y91eHrC5sWp7mtJTt0G9Rh+JskL9ZOfdO6jh64Z+pbGvPg3BfyYu3UTKt/LUcOWP/Zv68unp3XGhat9liybC/dN9qQ+7U2jug/MqVFJfnbzLGpb2nMP+e+kP36jmhfPnltvLxo+hrbjJk/PkkytGb1gf6aNLY256fjbskzCyfltCEHrVWgeviAZdd3zeR/pqm1pcM2i5sbcsPUR1JTWrHSUtjL3TD1kdw47dHs3Xv4Woe/61MrAAAAAMCWRAAM0EkO6LtjyotLc+2Uf7YHj8u1trXl5un/yhPzx3cYnG5X0z/vGLBHxsyfkMvG35nFzQ2rtHlp0bR84Zk/ZtwKoeAjr72UKyfdt5q9etvywNznkyRDXw87y4tLc+bQQ1LbtCSXvPTXzF66cJVz/j7r6fxlykMZWNl7lT77lHdPZUl5nqud3GHoN3HxrNw588mO3p52e/XePv0qeubuWU/lb7PGpltpVQ7ou9Mq7Z5ZOClXTrrvTYPqtrTll6/ckR++9NfMWDp/pWPj62bmobkvpmdZTbbvNnCVczfkfq2N5Xsej10wITdOezQNLU3rFHSPWzQ933nhuvzildsytYOZyG1Ztnz2TdP+ld7l3bJvnxHtx+6a+VRunPZoWtvaVjnvjRpam/Ljl2/Ocwsn54whh+SYgXutVX2DKnvn+MF7Z/KSOfnxyzfltcaVQ/iZSxfkBy/dkHmNdTl124PS4w37Tv9lykO5efq/sm+fETl/h2PXKvxd31oBAAAAALYkloAG6CS9y7vl3GFH5DcT7s7Fz12TnXoMzoCKXlnS0phxddNT17Q0Hxl+dP485cEOzz99yMFpaWvNvbOfzZj547NLj22zVUWPNLU259XFszNlydwMrOyV3uXd2s+ZuHhW7pn1dP4x+9lsXzMg21ZvlaqS8ixpaciLtVMzc+mCHLjVLhnRfXD7OW/faucsbFqS66Y+lC88c0V27r5NBlb2ytLWpry0aFpea1iUEwbvk/Li0tww9ZGVaiwvLs17t317/vjqvfnm89fmsP67p29F9yxpbsgLtVPz2LxxeceAPd505mxRivKOAXvk6skPZPbShTlx8D4pK151z9f/m3hPFjQuTnVJRd6zzQGr7eu0IQfmV+P/li8/c2V26bFt+lX0yNyG2jxfOzVJW96/3aEdhosber/WxvI9j++aOTY7dBv0pvvgvtGwbgPyjgF75B+zn8kT88Znq4oe2aaqb2pKK7O0pTETF8/KvMa69CyrzsdHnJDy4mU/0mctXZCrJt+fJNmx++A3XZ65ta01P3rppry8aHqKi4ozt3Fh+7kdGVTZJ4etsIT1u7beP02tzbl9xph8/qkrskP3gelVVpPXGusyvm5G2tracubQQ9pnuC933dSH2/eJ7lFW9abvcUlRSU7d9sANrhUAAAAAYEshAAboRAf03SkDK3vnzplP5uVF0/PKopnpXlaVnbtvnWMHjc6Q6n6rDbtKiopz9naHZ78+O+b+Oc9mfN2svFA7JeXFpRlc2SdnDDkkhw/YPaVF/w5LzxhySA7ou1P+OeeFvFw3PY+89lIaW5tTU1qZodX98u5tDlhpZuhyxw0and16bpt7Zj2dF2unZVzd9FSXVGb7bgNy3rAjs0uPbXLz9H91WOcR/UdmQEWv3DVrbK6f+kiWtjSme1lVRnQblM/s/O40t7ascenkg/vtmqsnP5AkObz/yA7bjOw5NA/MeX6NSyaP7j08X9v99Nw548k8u3ByXqydmqqSiuzRc2iOG7x3RnQbtNpzN+R+rY0V91k+auC6LXNdWlSSs4YemqMHjsqDc17IC7VTM75uZpa0NKSqpCL9Knrk0P6754j+I1Ozwh7GK/4FgZ5reO+Wtja1LzPd2taau2Z2vPT3crv3HLJSqFqU5JRtD8yuPYbkntlP5ZVFM/Nyy4x0L63Mvn1G5OiBozKsZsAq/Ty94NX2r9f0rJS+HgBvaK0AAAAAAFuKoqVLl655fUgA6ER1zUtz4ZhfZ78+I/LRHY7tsM3ExbNy8XPX5Lt7np1+FT03cYWd50vPXJn6lsZ8f89zUrwWyxx3hjtmjMk9s57O90edu0nGAwAAAACgczU0LNsqcuzYsWt9zqhRo5LYAxiALrB81udRA0etts24RTMyqKrPZh3+vrRoWqbXz8s7BuyxycLfJHm5bnr26LXdJhsPAAAAAIC3DgEwABvVlCVz09DS1P79zKXzc8fMMdm1x7YZ3m3gas8bt2h69tyMQsyFTYszu2Fh+/eNrc25atIDqSmtXO0y1xvLK4tmblbvHQAAAAAAnccewABsNG1pyy/G3ZaWtGbfPiPS3NqSh197KaWv73f8ZnbusU127bHNJqp0w/1lysN5fP4reVvfnVJdUpEn50/IzKXz89EdjktVSfkmq6OhpSnvGDAyO29G7x0AAAAAAJ3HHsAAbFRPL3g1t0x/PJOXzElRUVF26r51Tt32wAyu6tPVpXWqGfXzct3UR/LSoqlpaGnONtV9866t9zcTFwAAAACAdbYhewALgAEAAAAAAADeQjYkALYHMAAAAAAAAECBEAADAAAAAAAAFAgBMAAAAAAAAECBEAADAAAAAAAAFAgBMAAAAAAAAECBEAADAAAAAAAAFAgBMAAAAAAAAECBEAADAAAAAAAAFAgBMAAAAAAAAECBEAADAAAAAAAAFAgBMAAAAAAAAECBEAADAAAAAAAAFAgBMAAAAAAAAECBEAADAAAAAAAAFAgBMAAAAAAAAECBEAADAAAAAAAAFAgBMAAAAAAAAECBEAADAAAAAAAAFAgBMAAAAAAAAECBEAADAAAAAAAAFAgBMAAAAAAAAECBEAADAAAAAAAAFAgBMAAAAAAAAECBEAADAAAAAAAAFAgBMAAAAAAAAECBEAADAAAAAAAAFAgBMAAAAAAAAECBEAADAAAAAAAAFAgBMAAAAAAAAECBEAADAAAAAAAAFIjSri4AAAAAAICN74kZ4/LYjJfz3JxJmbhgVmYvWZDFTUvT1tbW1aWxGSsqKkpNWWX6V/fKsF4Dslu/odlv0I7Ze9CIri4NYIslAAYAAAAAKFCTa2fnmhceyC3jHsusxfO7uhwKUFtbW+oa61PXWJ8JC2bknlfHJkkG1PTOiSP2y6m7HJwhPfp3cZUAW5aipUuX+utdAAAAAAAFZG59bS59/OZc9fx9XV0K5IxdD83H9nlntqrq0dWlAGw2GhoakiRjx45d63NGjRqVRAAMAAAAAFBQrnvxwXzn4WtT11jf1aVAu27lVfmft52Sk3c+qKtLAdgsbEgAbAloAAAAAIACcdEDV5r1y1tSXWN9vnTfH/LcnEn5ysFndXU5AAWtuKsLAAAAAABgw11w56XCX97yrnr+vlxw56VdXQZAQRMAAwAAAABs5i6489Lc8+raLxEJXemeV8cKgQE2IgEwAAAAAMBm7KIHrhT+stm559WxueiBK7u6DICCJAAGAAAAANhMXffig5Z9ZrN11fP35boXH+zqMgAKjgAYAAAAAGAzNLe+Nt95+NquLgM2yHcevjZz62u7ugyAgiIABgAAAADYDF36+M2pa6zv6jJgg9Q11ufSx2/u6jIACooAGAAAAABgMzO5dralnykYVz1/XybXzu7qMgAKhgAYAAAAAGAzc80LD3R1CdCpPNMAnUcADAAAAACwmbll3GNdXQJ0Ks80QOcRAAMAAAAAbEaemDEusxbPX+/zv3HEuZlw4eW5YN+TOjx+51nfyoQLL89eA4ev9xgdufXMizPhwsszvPegTu23M/WoqM6ECy/PYx/6aaf3fdmJn8iECy/P0cP37tS2bwWdcW9nLZ6fJ2aM68SqALZcAmAAAAAAgM3IYzNe7uoSNqkd+26TCRdenjvP+lZXl8JGtqU92wAbiwAYAAAAAGAz8tycSV1dAmwUnm2AzlHa1QUAAAAAALD2Ji6YtUnH27XfkNxyxsW5f9IzuWP84zlv1DEZ0rN/5ixZkFvHPZafPnpjljQ1tLevLqvIhfu/OyeM2C9bVffMpAWzctkTt63Sb3VZZc4bdXSO2WGfbN97UJpbWzJ+3vT8esztuf2VfyVJvn7Y+/P+PY5Mkozou3UmXHh5kuSQ338qU2vnJkneu8vBOXvPIzO8z+AsaVqaf7z6VC556C+ZtXjBm17XkJ7986m3nZwDt90tlaXleXrWxPzvE7d00K5fPjz6+By07W4Z3L1vFjQsznOzX80PH7k+z85+tb3dkdvvlY+MPj679huSJJm26LU8OvXF/OiR6zN/aV17uwE1vfOjYz6aQ4aOTGVpeZ6ZNTHfe+iajJnxyipj96vumR8f89Ecut0eKS0qydOzJ+bnj92Uh6c+v1K7kf2H5YL9Tso+g3dMZWl5Xpk3LX98+u+59vn71/k6LjvxEzlq+9E5/9af5bgd9snBQ3bPx277eR6d9uJa39v1tamfbYBCZQYwAAAAAMBmZPaSNw82N5ZDho7Mt474QHpV1uTl16amX3WvfGT08bnq5M+nvGTZXKOKkrJcffIX8pHRx6dfda+Me21a+lb3yCVHfyS7bDVkpf4OHToyn3zbydm+96CMnzc9s+rmZ9TA4fnF8RfklF0PSZI8M/vVjHttWvs5t7z8aG55+dH2wPmLB5+R7x31oQzrNTCPTnsxs+oW5L27HJy/nv71DKjptdprGdZrYG46/et5544HpLioOOPnT88eA4bl9+/69CptP7jXsTlr5BHpUVmTZ+dMSktraw7bbs9ce8qXMqLP1kmSw4bukctO/ERGDRyeZ2a/mrEzJ6R3Zbccs8M+K4XjybJQ+8Qd98+CpXVpa2vNflvvlCve87ls12vAKmNffPg5OXHHAzKt9rUsbFict22zS654z2dz/Ij9Vnof/3LKl3LU9qOzpGlpJs6fmd36bZfvHvnBXHz4Oet0HSv65Qkfz0k7vS1NrS1paGlap3u7vrrq2QYoNGYAAwAAAABsRhY3Le2ysX//1F355v1/SktbawZ2650r3vO5jOw/LGfveVR+M+b2fGDU0dm9/3YZN29azr7he5m1eEFKikvy1UPOyvv2eMdKfd3xyuO56L4/5s/P3Zf65sYkyQdGHZ0vH3JWztnzqFz7/P35y/MP5OlZE3PHWd/MuNem5cI7Lm0/f/f+2+WDex2byQvn5L3XXpy5SxYmST40+rh84aDT89kDT82n/varDq/jK4e+Lz0qqnPLy4/m03f9Ko0tzelVWZOrT/5Cduy7zUptf/n4rXlq1oTc8MJDaUtbSopL8tNjz89xO+yb03Y/NN+4/085bsS+KUpRvnrvH3LVs/cmSUqKSzK0Z/80tDSt1F9jS3OOu/KLmbhgZrqVV+Xyd38mew0cntN3PyzfefDPq9R63J++2B6Cf3CvY/PFg8/IxYefk7snjElrW1u+d9SHU1ZSmq/ee0WuePruJMtmS1/9H5/PWSOPyG3jHsvDU19Yq+t4Y52nX/etjJ05Pkny0b1PWOt7u7668tkGKCRmAAMAAAAAbEba2to65fzioo4/Hi4qKlrWroNj33rgqrS0tSZJZtbNzw8e+kuS5JjheydZtgxyknz/oWvbl2BuaW3JxQ/8aZW+2tKW3z91VxpamtKrsib9qnvmgcnPJkmG9uy/xutYPuat4x5NUZYtl9yvumdufunhtLa15Zjh+3R4XkVJWQ4esntaWlvylXsvT2NLc5JkwdLF+Z97frdK+5l183L9C/9MSXFx+lR1T5/KbnloyvMr1fla/aIkydl7HpUzdj8sI/sPS0lRUSbMn7FKfz98+LpMXDAzSVLXWJ8/PHVXkmT7XoNWaXvXhDErzYD+7ZN35KXXpqZ3ZbfsO3in7Dt4p/Sr7plnZ7/aHv4mybjXpuXXT96RJO2zhdfmOlb0v0/c0h7+Jut2b9fXhj7bACxjBjAAAAAAwBZk+SzLfjU9Ozze//Wlk+sa61c51tzastL3ExYsCzj7VS/ra6vqZedOmD9zpXZNr4esK+pWXpWvH/b+HDN8n1SXVax0rKxkzR9dLx/z/H1OzPn7nLjK8eqyivSsqMnChsUrvd6nunuKi4oyp74uC5aufGz8vOmr9DOiz9b52mHvz35b75SSN4TmZcXL6rz0XzdnRJ/BOWLYqHzziA8kSZY0NeSqZ/+R7zz45/bQPEkmLZy9Uh9zl9S21/tGT82asMprE+bPyE59t1np/i0PlFf06uuvLb+fa3MdK1oxeE7W7d4C0LUEwAAAAAAAm5GioqINmin5ymvLQs59B++YohSlbYW5vjtvtW16VFSnsaU5k98QVCZJaXHJSiHw8lmrc15ffnnukoUZ0rNftu89cKXZrx0Fup99+yl5z84H5u8Tx+ba5x/I0uaGVJSW539PuHCtrmP5LNR/TX8pl/7r5g7b1HWwpPC8JYvS2taWPpXd0quyZqUQePveq87C/fnx/5kRfbbOr8bcln9NeznNrc05eMjInLfXMf8ep7E+H775xxlQ0yujBg7PyP7D8h+7HJQP7nVsptbOzeWvz/JNstL7vSYdzQpeXuOcxQvT+vpzMKzXwFXabff6a7Pq5q/1dayo6Q1h/7rc2/W1fPY5ABumtKJi1b9VBAAAAADAW1O3ssos6mB27tq6Z+KTqW9uzI59t8mXDjkzP3rk+tQ11md470H53pEfSpLc8cq/2pdGXtEXDj5jpT2AP/329yZJ7ho/Jkly98QnM3rQDvnM20/JM7Mmtu8T++WDz1ylr5232jZJcunjt2TMjHFJklEDh6/SbsHSuiTJVjU9U1ZSmqaW5hSlKHe88ngu2O+k7Nh3myxYurh9tmy/6p45Zod98sen7+nw+htamvLg5GdzyNCRueiwc1baA/jLh5y1UtuS4pKM6LN1Glua871/XtMeuO4zeMeV2m3Xa0AGdeuTh6e+kDvHP5E7xz+Rusb6fPbAUzOgW+8O61gb/7HLgblszK0r7QG80+vX+/j0l9PS1ppZixdk9/7b5f17HLnSHsAf2uvYJMkt4x5d6+t4M+tyb9dXt7LKyCwAlmloaFjvc80ABgAAAADYjPTv1juL5q1/ADx/aV2+eu8f8t0jP5gPjDo65446KvVNDakuq0ySzFg0L9968OoOzz13z6Ny0o4HZGbd/IzoMzhlJaV5bs6k9hmuvx/7t5wwYr/s1m9o7jv3krwyb3oGduudPlXdV+nrsWkvZZ/BO+biw8/O9S/8M70ru+WM3Q9bpd3sxQvyyrzp2aHP4Nx+5jeypKkhv33yjvz1pYfz88duysf3e1duOO2rGT9/RlpaW7Jdr4EpLynNpAWz2vcUfqOL778y15/21Zy44/45eOjumVb7Wob1HrjK0sgtrS0ZM2NcRg8akV+ecGEemfpCduiz9Sp1fupt780JI/bLzLp5mbhgZkqKSjJ60A5paW3JXeOfWPNNeRO3n/nNvDJvWnpUVGdgtz5pbWvLV+69PA0tTUmSz939m/z6xP/K1w97fz669wlZ1LgkO/TZOsVFRfnj0/fksWkvJclaXcebWZd7u776b0BYDsC/Fa+5CQAAAAAAbxXbd7Dc77r6y/MP5H3Xfy/3TXomixrqU15SlmmL5uYPT92dd/35a5n9+vLKK3ph7uR86m+/ymtLarNDn8GZs2RhfvfknTn9um+1h5FLmxtz2l++lV+PuT1zlizIDn0G57X62nzu7t/moSnPr9TfTx67Mb8Zc3v6VvXI5w48NceP2C8/fOT6zH99xu+K/vP2n+fhqS9kYLfe6V/TK+UlZUmSHz1yfT5228/y2LSX0r+mV4b07J+XXpuST9/1q9WGv0kyfv6MvPOqr+Tmlx9Ja2trhvUemGdnT8yZ139npf16k+SC23+R21/5Vw7YZpd89sBTs2u/IfnKvX9Yqc3lT92VW15+NElR9hu8U3bpNySPTXspZ9/4/Tw5c/xa3ZOO/OdtP8+d4x/PwG590r28Oo9MfTFn3/i918da5v5Jz+S9134jd094MlVlFdm2Z/88P2dSPnf3b1eqc22u482sy71dX53xbAOQFLVtyGYRAAAAAABsUj9/7Kb88JHrNtl4u/YbklvOuDgvzJ2cE/705U02LlueTx5wci7Y76SuLgPgLaG2tjZJMnbs2LU+Z9SoUUnMAAYAAAAA2Kzsv81OXV0CbBSebYDOIQAGAAAAANiM7Dt4pwy0VyoFZmC33tl3sAAYoDOUdnUBAAAAAACsm3ft9LZc9sRtm2Ss5+dMzvY/PWeTjMWW6107va2rSwAoGGYAAwAAAABsZk7f/bCuLgE6lWcaoPMIgAEAAAAANjNDew7I+0Ye0dVlQKd438gjMrTngK4uA6BgCIABAAAAADZDF+7/7nQvr+rqMmCDdC+vyoX7v7urywAoKAJgAAAAAIDN0FbVPfPFg8/s6jJgg3zx4DOzVXXPri4DoKAIgAEAAAAANlOn7naIpaDZbL1v5BE5dbdDuroMgIIjAAYAAAAA2IxddPg5OWr70V1dBqyTo7YfnYsOP6erywAoSAJgAAAAAIDN3GUnfkIIzGbjqO1H57ITP9HVZQAULAEwAAAAAEABuOzET1gOmre89408QvgLsJGVdnUBAAAAAAB0josOPye79x+Wbz7wpyxqrO/qcqBd9/KqfPHgM+35C7AJCIABAAAAAArIqbsdkiOG7ZmfPnpj/vjM37u6HMj7Rh6RC/d/d7aq7tnVpQBsEYra2trauroIAAAAAAA636SFs3L1s/fmry89nJl187u6HLYgA7v1zrt2eltO3/2wDO05oKvLAdjs1NbWJknGjh271ueMGjUqiQAYAAAAAGCL8K/pL+XRqS/lmdkTM2HBzMyum5+6pqXxETEboqioKN3KKtO/W+9s32tgRvYflv232Sn7Dt6pq0sD2KxtSABsCWgAAAAAgC3AvoOFcgCwJSju6gIAAAAAAAAA6BwCYAAAAAAAAIACIQAGAAAAAAAAKBACYAAAAAAAAIACIQAGAAAAAAAAKBACYAAAAAAAAIACIQAGAAAAAAAAKBACYAAAAAAAAIACIQAGAAAAAAAAKBACYAAAAAAAAIACIQAGAAAAAAAAKBACYAAAAAAAAIACIQAGAAAAAAAAKBACYAAAAAAAAIACIQAGAAAAAAAAKBACYAAAAAAAAIACIQAGAAAAAAAAKBACYAAAAAAAAIACIQAGAAAAAAAAKBACYAAAAAAAAIACIQAGAAAAAAAAKBACYAAAAAAAAIACIQAGAAAAAAAAKBACYAAAAAAAAIACIQAGAAAAAAAAKBACYAAAAAAAAIACIQAGAAAAAAAAKBACYAAAAAAAAIACIQAGAAAAAAAAKBACYAAAAAAAAIACIQAGAAAAAAAAKBACYAAAAAAAAIACIQAGAAAAAAAAKBACYAAAAAAAAIACIQAGAAAAAAAAKBACYAAAAAAAAIACIQAGAAAAAAAAKBACYAAAAAAAAIACIQAGAAAAAAAAKBACYAAAAAAAAIACIQAGAAAAAAAAKBACYAAAAAAAAIACIQAGAAAAAAAAKBACYAAAAAAAAIACIQAGADJZhQUAACAASURBVAAAAAAAKBACYAAAAAAAAIACIQAGAAAAAAAAKBACYAAAAAAAAIACIQAGWEttbW1dXQIAAAAAbNZ8xgaw8ZV2dQEAb2UNDQ2pr69PY2Njmpubu7ocAAAAANjslZaWpry8PFVVVamoqOjqcgAKjgAYoANtbW1ZuHBhGhoaUlNTk+7du6ekpKSrywIAAACAzV5LS0uWLl2aBQsWpKKiIj179kxRUVFXlwVQMCwBDfAGbW1tmTdvXoqKijJgwIB069ZN+AsAAAAAnaSkpCQ1NTUZMGBAioqKMm/ePEtDA3QiATDAGyxcuDClpaXp2bNnV5cCAAAAAAWtZ8+eKS0tzcKFC7u6FICCIQAGWEFDQ0MaGhqEvwAAAACwifTs2bP9czkANpwAGGAF9fX1qamp6eoyAAAAAGCLUlNTk/r6+q4uA6AgCIABVtDY2JiqqqquLgMAAAAAtihVVVVpbGzs6jIACoIAGOB1bW1taW5uTklJSVeXAgAAAABblJKSkjQ3N3d1GQAFQQAM8LqioqKuLgEAAAAAAGCDCIABAAAAAAAACoQAGAAAAAAAAKBACIABAAAAAAAACoQAGAAAAAAAAKBACIABAAAAAAAACoQAGAAAAAAAAKBACIABAAAAAAAACkRpVxcAwDJNTU1pbm5Oc3NzWltb09ramra2tiRJUVFRiouLU1xcnNLS0pSWlqasrKyLKwYAAAAAAN5qBMAAXai5uTkNDQ1pbGxsD3s70tbWlpaWlrS0tKSpqSnJslC4vLw8FRUVKS31n3MAAAAAAEAADNAlmpubU19f3x7mro+2trY0NDSkoaEhZWVlqaqqEgQDAAAAAMAWTlIAsIktWbIkS5cu7dQ+m5qa0tTUlMrKylRXV3dq3wAAAAAAwOZDAAywibS0tGTx4sVpbm7eaGMsXbo0zc3NqampSUlJyUYbBwAAAAAAeGsq7uoCALYETU1Nqa2t3ajh73LNzc2pra3doOWlAQAAAACAzZMAGGAja2pqyqJFi9LW1rbJxmxra8uiRYuEwAAAAAAAsIURAANsRC0tLamrq+uy8evq6tLS0tJl4wMAAAAAAJuWABhgI1q8ePEmnfn7Rm1tbVm8eHGXjQ8AAAAAAGxaAmCAjWTJkiWbZM/fNWlubs6SJUu6ugwAAAAAAGATEAADbATNzc1ZunRpV5fRbunSpW+JMBoAAAAAANi4BMAAG0F9fX1Xl7CKt2JNAAAAAABA5yrt6gIACk1zc3OamprWqu3Tiybl9tlPZurSees9Xp+ybjl50P7Zo/vQN23X1NSU5ubmlJb6Tz8AAAAAABQqM4ABOllDQ8Nat71uxqMbFP4mybymutw++8m1arsutQEAAAAAAJsf08AAOlljY+Nat53XVJck+dlu5633eB9/7ndrHSI3NjampqZmvccqVP/9pUvy6BPP5H2nnJCPnXdKp/d/6EkfSlNTc3548adywD4jO2zz3Ivj8+H/vjhJcu9ff53y8rJOrwMAAAAAgMInAAboRE1NTWlra+vqMlarra0tTU1NKSvbsHDx+Zcm5Oob7szYZ1/KgoWL0q26OrvvMjynvOuo7LvXbp1U7VvLFdfcmsbGphx1+AEZsvXAri4HAAAAAAA6JAAG6ETNzc1dXcIaNTc3b1AAfM2Nf8tPf3VVWlcIuhfULsqDj47Ng4+OzcfOOzXvO+X4zij1LeWKa25J3eL67DxiOwEwAAAAAABvWQJggE60vgHwx5/7XSdXsnobElKPffal/ORXV6WtrS2jRu6Uj5z9H9lh2JAsXrwkt9/zz9x9/2M54uB929svqlucyy6/Pvc//EQW1tZl64H9885jDsmp7z4qJSUl7csed6upyoUfOTNX/uW2TJ85J9sM6p8PnPmuHHno/uvV18fOOzVX33Bn9hu9e05799G56ro7MubpFzNz9tz07Nk9++y5Sz5yzsnp17f3Gq956vRZOfWDn2v//jNf+3GS5Jc/+EJ233l47r7v0dx0x/2ZNHV6li5tzJBtBua09xyTYw5/2yp9PfnMi/nVH67PhElT07d3zxx/1EE557R3prS0ZLXjP/DwmFxx7W15ZcLklJeXZa+RO+fD739Ptt9um7W6ZwAAAAAAbFkEwACdqLW1tatLWKMNqfGq6+5IW1tbttt2cH78jU+371PbraYq555xUs45/Z0pKipKkixeUp+PfPIbmTRlRrrVVGf4dttm4qRp+dlvrs7LEybnq5/5SHu/dYvr860f/bb9+4mTp+er3/3f9O/XJ3vsOmKd+/rezy5Pkuw3evc8/fy4XH/r39OzR7f036pPps+ak1vvejAvvTIpv/3pV1NW+uY/CisqyrPXyJ3z5DMvtr+218id062mOm1tyf9ddVOmz5yTAf36pq0teXHcq/n69y5LSUlxjjxk/5X6uuKaW1NWVprqqsrMmDU3v/3jjZk0eUYu+vz5HY7919vvzXd/+vsUFRVluyGD09DQmPseeiKPjXk2l/3wS9lh2LZrc9sAAAAAANiCCIABOtH6hqs/2+289q+XzwZe8bU3O7aus4c3JAB+cdyrSZLDDty7PfxdrnbR4tQuqktNdVV69+qRa/96VyZNmZEB/fvmf7//hdTUVGXajDn5wMe/mjv//lDOPu3Elc4/6rAD8t8fPSuLl9TnPz/7ncyeOy9/+/vD2WPXEevc16Fv3zuf+8S56dWje9ra2rLDsG0zfNi2qa9fmlcmTsn5n/5WXpk4JS+8PDF77DriTa+5X9/e+cX3/idHv/f81C2uz/e/9l85cP9R7ccvueiT6dWze8pKS7O0oTEXX/Lr/PPRsbn5jvtXCYCT5OYrf5Ie3Wty1XV35Ge/uTp33/9o3nfqqktm1y9tyC9+++ckyYUfOSMnHHXQsvF+cUXu/MfDufzqm3Px5z/2prUDAAAAALDlEQADdKK2FfbFfavaWDVe+9e78tsrb8zxRx6UL33qQxnz9LIZs7Nmv5b3nPOpVdqPf3VKBvXfqv37Cz50Wnr17J5ePbvnwP33zA23/iNzXpufJOvc139+8NT06tE9STJtxuz84rfXZMzTL6S5uWWl86bNmL3GAHhN7n9oTK6+4c72Wlfs+43ef+oJ6dG9JklyxsnH5tqb7srM2a/l2RfHZ6fhQ1dq+/L4SalbXJ8k+cllf8pPLvvTSsdfmThlg+oGAAAAAKAwCYABWGs7j9guc16bn3/88/Gce8ZJq8wCXtHyoPlt++yRs05ZdYbr9kO3Xikk7dm9W/vXlZUVSZKW12crr2tf/bfq0/71xZf8Os88/0oOO2ifvPu4w1NaWpJPfvmSNDY2palp/fdDTpLHxjyXn/3m6lRVVuTLn/5wBvTrm3vufzQ33PqPDvte03LTK1khp//ptz+b4uLilQ5Xvf4eAQAAAADAiorX3ASAtbV8/9u3sg2p8bR3H50kmTRlRv77S5fkmedfSd3i+kybMTvX/PWuldruvecuSZIJk6amX9/eGb3Hztllx2EZ89QL2X3n4enVs/taj7shfU2cNC1J8h8nHJH9Ru+WnXYYmsbGpnW67uTfofT8hYuSJC0tLZk4eVnfOw4fmuPecWBG77FzSktKVtvHlX+5PYvqFqetrS3X/nXZ7N8k2X3n4au03XGHoelWU5UkeeKpFzJq5E4ZvcfOaW5uSd3iJdllx2HrfA0AAAAAABQ+M4ABOlFxcXFaWlrW3LALvXEm6boYvecu+c8PnpZLf3dNnnzmxfy/T31jlTZTp89KkpzyrqNy172PZOLk6TntQ5/LgH59Mm9+bZqam7No8ZL890fPWutxN6Sv3XfZIY88/kwu/d01ecch++ee+x9b9wtPMnKXEfnHg//Kd37yf/ntlTfmnNNObA9un3nhlVz6u2vS0tqaa2+6e7V9NDQ25vjTL0xVZUXqFi9Jkhxx8L7ZcfjQPPfi+JXaVlVW5OMfPiPf/vHvcvnVN+eav96V6sqKvDZ/YaoqK/KnX307A/r16WgYAAAAAAC2YGYAA3SiDQlXN5UNrfGs9x6Xyy75Yo44eN/07d0zJSUl6dWjew7YZ2S+/rmP5pc/+EKSpKa6Kr/60Zdz5snHZfDAfpk3vzY1NVU59h1vz5n/cew6jbkhfX3xvz+Yg/YflVcnT8/vr7opQ7cdlD1323Gdr/uT55+VQ9++d6qrKrN48ZIsWLgou+08PP/ziQ9kYP+++fMNf8tDjz2Vc09/52r7OP8Dp2TY0MFpaGzMgP59c+4ZJ+Wrn/1/q23/zmMOyY+/+ensM2rXlBQXZdHiJdlx+NB88vz3CX8BAAAAAOhQUdvyjRUByPTp0zN48OD1Pr++vj719fVr3f7jz/0uSfKz3c5709fWt31HqqqqUlVVtdY1AgAAAMCmsKGfzQEUktra2iTJ2LFj1/qcUaNGJTEDGKBTlZa+9VfW3xxqBAAAAAAA1o8AGKATlZWVpaioqKvLWK2ioqKUlZV1dRkAAAAAAMBGYhoYQCcrLy9PQ0PDWrXtU9Yt85rq2pdxXlFHr63u2NaVa7cfbHl5+Vq1AwAAAAAANk9mAAN0soqKirVue/Kg/dc6vF2dPmXdcnz/vdaq7brUBgAAAAAAbH7MAAboZKWlpSkrK0tTU9Ma2+7RfWj26D50E1S1bHlq+/8CAAAAAEBhMwMYYCOoqqrq6hJW8VasCQAAAAAA6FwCYICNoLS0NJWVlV1dRrvKykqzfwEAAAAAYAsgAAbYSKqrq98SoWtpaWmqq6u7ugwAAAAAAGATEAADbEQ1NTUpKirqsvGLiopSU1PTZeMDAAAAAACblgAYYCMqKSlJt27dumz8bt26paSkpMvGBwAAAAAANi0BMMBGVlZWlu7du2/SmcBFRUXp3r17ysrKNtmYAAAAAABA1xMAA2wCZWVl6dGjxybZE7i0tDQ9evQQ/gIAAAAAwBZIAAywiZSUlKRHjx6prKzcaGNUVlamR48eln0GAAAAAIAt1MafigbASqqrq1NeXp76+vo0NTV1Sp9lZWWpqqraJDOMAQAAAACAty5JAUAXKC0tTffu3dPc3JyGhoY0Njamra1tnfooKipKeXl5KioqBL8AAAAAAEASATBAlyotLU1paWlqamrS1NSU5ubmNDc3p7W1Na2tre2hcFFRUYqLi1NcXNx+jj1+AQAAAACANxIAA7xFlJWVCXUBAAAAAIANUtzVBQAAAAAAAADQOQTAAAAAAAAAAAVCAAwAAAAAAABQIATAAAAAAAAAAAVCAAwAAAAAAABQIATAAAAAAAAAAAVCAAwAAAAAAABQIATAAAAAAAAAAAVCAAwAAAAAAABQIATAAAAAAAAAAAVCAAwAAAAAAABQIATAAAAAAAAAAAVCAAwAAAAAAABQIATAAAAAAAAAAAWitKsLAHgrKS8vz/Tp07u6DAAAAADY4pSXl3d1CQAFwQxggBU0NjZ2dQkAAAAAsEXy2RxA5xAAAwAAAAAAABQIATAAAAAAAABAgRAAAwAAAAAAABQIATAAAAAAAABAgRAAAwAAAAAAABQIATAAAAAAAABAgRAAAwAAAAAAABQIATAAAAAAAABAgRAAAwAAAAAAABQIATAAAAAAAABAgRAAAwAAAAAAABQIATAAAAAAAABAgRAAAwAAAAAAABQIATAAAAAAAABAgRAAAwAAAAAAABQIATAAAAAAAABAgRAAAwAAAAAAABQIATAAAAAAAABAgRAAAwAAAAAAABQIATAAAAAAAABAgRAAAwAAAADARjB//oJ1Pmfe/PkboRIAtiQCYAAAAAAA6EStrW256Jvfzs8v/d91PvfTn/18Lr/iyo1QFQBbitKuLgBgczNv3ryc9B+nrvb41Vdenm223noTVrSy2bPn5LyPfDT777tvvvzF/+myOjZ3f772uvzsF7/MAfvvlx9891urHD/z/R/I5ClT8u1vXpQ+vXvn/33s4xm15x75+U9+2N5m8eIl+cMfr8zf770vc+fOTe9evXPQQW/Ph887N927d9+Ul8NaWJd73tDQkK9d9M0cfdQ78pUvfn61fU6dOi2//f3leWLM2CxaVJutBw/Oiccfl1NPOTnFxf4eXlebN39+/u/yK/LYY49n9pw52apv3xx26CE59+z3paamur3dnLlz86Of/DxjnhybqsrKvOukE3Pu2e9bqa+7//6PfO2ibyZJPvvpT+akE49fZbybbr4137vkR0mSi7/+lRx+6CEb8eq2LB39bC4tLc2gQQNz4nHH5ozTT93kf+ZuvOnm/OCHP8l5556d8849e5OO/Vb1/R/+OH+96ZYcfNCB+fY3vr7SsV/+6je58k9X58ILzs+p7z15o9Ww4p/V5SoqKrLD8O1z1hmn5ZCDD9poY6/OVy/6Ru75+7352Y8vyV6j9tzk479V3XHnXfnL9Tfk1UmTU11dnX33Hp3zPnB2th48+E3Pe+jhR/LZz38p7zrpxHzmk/+1iaplS3Pzrbflu9//4Zu2Oe7Yo/PF//nsRhnfzxg2huW/7yxXXV2drQcPyjtPOD7vOunElJSUJEk+cv4FqV20KH/43a9TXl6+xn5//dv/y+VXXJkv/M9ncvyxx2y0+t+Kfvt/v8/9DzyYn/7oB0mSf9x7Xy79319n0aJFOfTQg/OZT/5XSks7/nj+7PeflS995esZPGhQjjryiE1ZNgAFwiePAOupoqIihx168Cr/VFdVbbIa6uvrc9BhR+a0M//9S39jU2OWLKnPwtraTVZHITri8ENTVFSUJ8Y8mfr6+pWOTZ4yJZOnTElNTXUO2G/fDs+vr6/Pxy78r1x51Z/T3NSc0XvtlZLSklx/w1/ziU99Nk1NzZviMlgHG3rP3+iV8ePz4fMvyF13/z29evbI6FGjMm/+/Pz8l5flJz+7dGNcAutg4cKF+eCHz88NN96UyqrKHPj2A1JcXJyr/nxNPv7fn0pTU1N7269d9M3c/8CD2WvUnunTp09+87vf59bb71ht33+76+6OX7/7nk6/Dla24s/mffYenfnz5ueXv/pNvvmd73d1aazggQf/mUf/9XiX1jBgQP/2Z2XXXXbOCy++lC98+Wu59bbV/9lm0/nFL3+Vb3z7u3l10qTstusu6dmjR+686+585KMXZMLEV9vbPfTwIznosCPzne9f0oXVsiUaPGjQSr8DVlZWJEkOfPvb2l/bZaed1thPR7/PQVfbf799c9ihB2fkbrtm6rTp+eFPfpYf/PAn7ccXLqxNXV1dWltbu6zGn//yshx02JG5czX/393Z562PSZOn5Mqr/pyzzjg9u+6yS2prF+Xib303R77j8HztK1/Mffc9kFtuuz3J/2fvvsOiuNo+jn+XIoiCgtiwYRd7rxh7j0aN3RiNvcTYe9eYxLQn3ZrYjca019i7sZfYQFHsHUFBQVQEd98/kFUUFREEdn+f68r1PO5OOefcc4bZuWfOgTvh4cz+eS5RUY/vE9R8qzp169Tmm+9/JDQ0LMnLKyIilkdvAIuIJJCLszMfT5qQ3MV4Rs4cOVi94q94PYkrz5fZ3Z0SxYtx1MeXPfv2x3pTb/v2nQBU966Gvb19nOvPnb+QM2fOUrNGdSaOG4OdnR1Go5Hxk6awddt2/vq//0vSN5zk1b1uzJ827YuvCQsLo3+/PrRtHR3rsLAwuvbswx9//c3bTRpRsED+xK+IxMuatesJunGDunVqM3HcaACMRiNDho9i/4H/2LR5Kw0b1ONOeDhHjvpQtkxpPv14Evfv36d+46YcPHiYJo0aPrNdGxsDR476EBgYRJYsmc2fBwYGceSoDzY2BoxG0xurp7V5+m9zYGAQXbr3ZN36DbzXoS15PT2TsXTypG+++4EFv8zB3j55fpKWKlki1ggOu/bsZfjIMcyYPYdGDRtgY2NIlnIJ+B47ztLflpPZ3Z0ZP35H1qxZAFi6bDk/TJ/JF199w/Qfvnnj5TIajRq9Q8zKlS1DubJlzP9u1bYjAfevM3rEUDJkyJCMJRN5fYMGfGge1ezipUt06daLlavX0LN7V1xdM7J4wS+YTKZ4/y6yVr8u+w07O1tat2oJwJWrV3nw4AHNmzUla9YseHkV4czZcwDMnP0z164FPPM2cLs2rdi4aTP/rFxFxw7t3ngdREQkddOvFxGRJNClWy+8a9bl9u3b5s+GDBuJd826nDp9BoBuPfviXbMue/cfoHPXHtRp0ITuvfpy0t/fvI7RaGLBoiW0bvcetes3pnPXHmzYuBmA337/g3qNmgLRPyS8a9Zl4+YtXLh4iboNm/DRoCHm7URGRjJ91hxatm5PrXqN+KB7L7b9u8P8fcyT5/0+GsRvv/9By9btqd+4GaPGjOfWrcd1sDZ1atcEYMeOXbE+/3dHdDKwbu1aca5nMplYu34jNjYG+vftY/4RZ2NjQ6uWLQDYt/+/pCq2vIaExvxp5y9cxO/ESXLmzEGbRz/4AZydnWnUoD4A+5L57TdrFzNKgmee3ObPbGxs6NSxPS1bvEO69OkAMBmNGAwGwsPvAnDq9BmMRhPZsmWNc7vFixXDZDKx4am3fddv3ITJZKJkiRJJUR15jixZMlO5UkUATpyI/vsaGRnFzNk/06JVO2rVa0Tvfh/he+x4rPUCA4OYMPljGjdrQd2GTRgybCRnzpw1fz991hy8a9Zl7vyF9OzzIXUbNqF9py5s3xn73PG0+OzbGmTIkIFLly6zbPnvL1zuZXGIeYtn5ao1DBk2ktr1G9OmQ6cEvdVTtXIlMru7ExJyi8CgQABu3gxm4pRPaNS0BfUbN2PshEncuHEz1npHfXz5cMBg6jZ8mybNWvLp51/GekunZ5/+VK9Vj7/+XkG79zpTu35j+n00iPMXLr6wPPHZt6X6Z9VqTCYTHTu0Myd/Adq0boWHR3Z8fH25eOkSo8aMZ/iosQCsXLUG75p1CQ4ONi8fERHB519+TYMmzWjWsg3TZ87GZHr8AM6L2vjBgwd416xL5249+d+3P9CwyTusWLkKAP9Tpxk0dAQNmjSjaYtWTJj8MdevB76JppFU6EXniOf9ngM4cdKfIcNH0aBJMxo2eYdBQ0fEOv+JvCm5c+XCq0hhTCYTly5fBjDfV4hhNBqZO38hrdu/R50GTejUpTsrV6157jbPX7hIgybNqNOgCX4nTsa5zIvOtQ2bvMPSZcsBmDL1Mzp0+gCAqKgofpm3gLYd3qdWvUa0bv8e8xcuNj98+bz14nP/5lXrGBkZxZat2yhTujTp00X/rsjs7o7BEP2waEjILS5cuEiWzJnxO3GSNWvXM3hA/2e2U6RwIbJny8aa9Rueuy8REZHnUQJYRCSZjZswmRw5cpDXMw8nTvoz+eNPzd/9NGMms+b8AgaoWaM6wSEhTPr4E7Zs3UbxYsXMc1C6uDjTo9sHFMiXL859jB43kcVLluLsnJ7q3lW5eu0aY8ZPZNfuPbGW8z12nEVLllGiRDFcnJ3ZvnMXs3+Zm3SVT+Fq1ayBjY2B3Xv38vDhQyB6nsnjfidwcXGmfLmyca4XdOMGwcHBuLu7x7pxCVC6VEm2bVrH559+nOTll1eX0Jg/LeZBjmJFi2IwxH6L7IPOndi2aR3t2z5/LnFJepUeDeW9ZOlvrFi5moiICADKlinN4AH9qV6tKhCdtPeuVpWT/v5M++JrBg0dQZ7cuWjftnWc2y1TuhQZM2Z4Zrjn9Rs24ubqSonixZKwVhKX+/ejY2ufJvotlclTP2Xh4l/JmDEDb1Wvxkn/UwwcMpzgkBAAQkPD6N3vIzZt3kqhggUpW6YM+w78R7+PBj2TgFuwaDH58+WjcaOGBAQEMHb8pFhz5z3tZfu2Fh3atsbFxZl5CxYRdONGnMu8Shy++Poboh4+pFzZMly7FsCn07585YScyWTiwYMHAKSxt+fevXv06T+AjZs2U9SrCMWKerF123ZGjhlnXsfH9xgfDRqK34mTVKlUEQ+P7KxavZahI0bHetPfZDIxb+EivKtWoVLFChw56sOwkaPNf2eeFp99WzJf32MAz/zNtbExULZM6ehljh2nfr06NKhXF4DChQrRo9sHODk9nr993fqNHPM7QcXy5bl79y6Lf13Glq3/AvFv4zNnzrJy9Rry5MmNa0ZXgkNCGDhkGMf9/Hi7cSMqVqjAps1bGTR0RKxhO0Xg5eeI5/2eu349kA8HDMLH9xjVvatRr25tfHyPMXj4SO6EhydzrcQa3blzB4B0jxKZT5vzyzx+njufbFmz0qZVSx48eMBnX3zFujiSlrdDQxkxaizh4XcZPWIYXkWeHSr9Zefazu93pETx4gDUqvEWbVpHP3D73Y/T+WXeAlxcnGnZvBnumTIx++e5/LrsN4Dnrhcfr1JHiJ4OKDz8LqVLlTR/5u6eiS7vv8fHn35G0xatyJgxA83ebswXX3/Dex3a4eGRPc5tFS9elPPnLxAScive5RUREQENAS0ikmChYWFMmBw7iVevTm28HyUN4mvKpPFUqlAek8lE+05duHDxEsHBwRgMNvz+59+4ubkxb84s0qVz4srVq7R/rzO///k3P373P/J65mHegkU4p3emc6eOQPQ8M0/67+Ahdu/ZS4nixfnh26+wtbXlpL8/3Xv149vvf6JqlcrmZdM6OjLv55m4uboSGBREy9btOXToSAJbKPVzc3WldKlSHDx0mKM+vpQpXYodO3djMpmoUb36M8Mzxbh9O/rNwkxubnF+b2trm2RllteT0Jg/Lebp8Uxurs98ZzAYdAykAKVLlaR/vz5Mnzmbz7/8mh9+mkGtGm/xbot3KFSoYKxlu3ftwvYdO/ln1WrKlinN1MkTSJ8+fZzbjXr4kDq1avHHX39z5uw58ufLy5kzZzl77jxtWr1LpBIEb0xERAS7du9h567d2NnZUapkCY77nWDL1m14FSnMjB+/w9bWlrXrNvDxp9NY/vuf9OrRjWXLfycwKIiOHdrRp2d3AJb+9js//DSDOXPnMXLYBwx49wAAIABJREFU4xE2un3QhfceDceXK2dOvv3+R5b/8RdDBn70THnis29r4ZLBhR5dP+Crb77jh59mMGn82GeWeZU4tG/bmt6Plpn2xdf8s2o1PseOPfMQ1vOEhoaxeOkyboeG4pknN25ubiz+dRlXr16jbet36d+vDwCfTvuSVWvWsm//ASpWKM/0mbOJiopi2idTqFSxAiaTidFjJ7B95y42bNpkTk4CfDJlEsWKegHRD+b9u30H/27fQa2aNZ4pz59/r3jpvi1Z8KMb3Fkyuz/znXumTACEhNyicfu2ODg4sG7DRgoWzG++Fo5RqmQJvvvfl9jY2LBu/QamfDKNg4cOU7tWjZe2ccwNewcHB+b/Mss8FOq2f3cQGhrGex3amY85F+f0HDt+goDr183LiQDxOkfE9Xvu+vVAhg0ZZH7z0mg04eDoyNJlyznq40vVypWSuWZiLcLD7/L3in84c/YcHh7ZnzuVxs5duzEYDHw57RMcHByoW6c20774mrPnL8RaLirqIWPHT+LK1at07fK+efSlp/n4HHvhubZ92zbcDA7Bx9cXb++q5r+3lStWoFhRL2rXrIG9vT3h4Xdp0KQZW7Zuo2P7ts9dLz7iW8cYZx8N7fz0tUi3DzrT+t2W3Llzh2zZsvHHn39x9+5dOrZv+9x9x/xtOXf+PK6upeNdZhEREb0BLCKSQBEREWzavDXWfy8bzi8uBfNHv7VrMBjIlTMnEP3E63E/P6KioqhapRLp0kW/zZDDw4NvvvqC7l27xHv7+w9EDzXcuFF9c9KpcKFCFPUqwpWrV2MNlefm5oaba3TCKkvmzDg6OljdW0lPq1Mr+kfp9kdDApuHAq7z/KGATUZj9P+aNM9napSQmD8t5s0vHQIpW9vW7/Lrwnl0aNeGdE5OrFqzlm69+jL758cjHwQGBjFm/ERsbGywsTFwLSAA46PAjp80hWXL/4i1zQcRETSoH30zKeYt4Jj/bVi/rvlNY0kaQTdu4F2zLt4161KnQRPGTZyCwWCgX59eZHZ3Nw+9XrFCeQKDgrgWEEC+vNE3M/39TwFw4L+DADRt8nhowxbvNMVgMHD0qG+s/bk98ZBHjbe8gcc3/J4Wn31bk3eaNaVQwQJs2ryVQ4effdjsVeJQ4In51HPlir6WCgl+8fXL+g2bzMdK42YtWLxkKRlcXBg+dDDwOF7lypXlWkAA1wICKFK4EBA9LGVERAQ+vsfI7O5uHlHAYDDQvHkzIHrY1yfFdaycecmx8rx9W7qY66fX/RuaJ09u85y9uXNHD/d/89F1b3zb2DVjxlhJ3Ty5c2FjY8PK1WtYsvQ3zp+/wID+/Zg1/XslfyWWVz1HPClr1ix45snN3HkLaNqiFW/Vrmcetjb4ZvBz1xNJLO06dsa7Zl0aNGnG9JmzcXN1ZdL4sdjYGOJcPm/evJhMJiZOnsqOnbvwyJ6NWdO/Nz/AFWPRkl85dPgIVStXomuX95+7/4SeayuUL09gYBCdu/akdv3GNGgS3d+CX3JNEB/xrWOMmOlm4noo3MXFGQ+P7AQHBzNn7jz69urB1M++oH7jZnTt2eeZ6wNn5+gHT2+q/4uIyCvSG8AiIgmU2d2dv35fmqjbjPk5ZTI9HmYpY4YMsZaJGfouvmLeRo15YyKG26MfIgHXrz/3SV4wWH0Gq2aN6nz97fds37mTHt268N/BQ7i6ZqRM6VLPXSeja0YAQm5piKbUKCExf5qr+Riw7gcoUoPs2bPRt3dPevfswc7du5n2xVfMX7iYkiVLUKlCeSZOmcrly1cYP2YUgUFBzJg1hwkTpzByxFA2b9lGZvfYb6hFRERQ1KsIuXPlYsPGTfTq3pUNmzbj6ZmHQoUKEvHn38lUU+vg4OCAd7UqADg6OpLDw4NaNd4yJwVjHmqav3Ax8xcujrVuYFD0UMSP/24+jq2DgwPp0qUj4Pr15+7bxdk51j6eFp99WxMbGwODBvSnb/+B/O/b76n4KEESI6FxiBl138SLr1+yZc1KsWLRb+S6ODuTO3duGjWoZ367P+Zm8fCRY55ZNzAoiNCwMEwmE+7usa+vYkZ+CAh4fhmdX3asvGTfli6Tmyt37tzhxs2b5ocgY9y4GT38d8wDi/Flno7h0XVtQtvY0zMPn0yZyI8zZvHTo/9y5shB3949eKu69yuVSSzb65wjAq5fZ8CgYdja2dGnZ3fy5fNk5ao1rFi5+qXnNpHEULVyJdI6pcX/1GkuXbpMz+5d4xyqOcbQwQNwSJOG9Rs3sX3nLuzs7KhTuxaDPuoXa9Scq1evAXD6zFnCw+8+c46PkdBz7U8zZ7H89z+pXasGQwZ9RLp06ejeq2+iPJgd3zrGiM+0AN9+/yOVKlbgzNlzHDx0mE+mTGT5H3/x8SefMXfOTPNyadKkifc2RUREnqQEsIhIEoh5MvZ1fmfE3BwMffTkaIzIyEgA7O3t47UdF5fo7dy6dTvW5zFPj2Z4KsEssWXIkIFyZcuwb/8Bliz9jcjISGrWeMv8Rklc3DO54+bqSlDQDW7cuBnrxs/hI0f5aNBQKlWswBefTX0TVZBXlJCYP61QwQIA+PmdeOa7eQsW8cu8BfTq0e2FQ31J0vr08y8JCQ5h1IhhuLpmxMbGQPVqVbl48RLTZ87m4MFDlCpRgqM+vmTK5Eb9enUAOH36DBs3b2HQ0BEAzwwXHRUVPadn/Xp1mPPLPOYtWERgYJB5+Lqoh7pxk5RcnJ3jHE44hlPatED0m6RPD6MbM3eoi4szXIFbt2+RzTErEJ3YDw8Pfybh/6SYxJRrxowJ3re1KVG8GA3q12Xtug3PPDSV0DjEV8mSxRk/ZtRzv3dyio7XkIEfPZPAyZ49G87p02MwGJ57ffX0A3yxl3nJsfKSfVu6YkWLcuHiJQ789x95cucyf24ymTh8+Gj0Mo+S9wn1Om3sXa0q3tWqcv7CRfbs2cv8RUsYO2Eyvy6aRw4Pj9cql1iO1zlH7Ni5mzvh4fTr05O3H42CsGfv/qQrrMhTPurfl5w5cnDcz4+effqzYPESGjao99zpcNKnS8eoEUMZ+FE/Dh05yt//9w/r1m/A1saG0SOHmZfLl9eTYkWL8s+q1fzw0wxGDBv83DIk5Fy7bv0G0qdLx4Sxo19pyp343L+Jbx2fXB4gLCwszu3t3befvfsPsGTBXD79/EuqValM+XJlMRqNDB42kvv3I3B0dACip6qAx28Ci4iIxJeGgBYRSQIxN/QuX7kCQGRkFNcDA19pG15FimBra8vuPfu4f/8+ED3fWf3Gzejeux/weC7ZFyUUYt4YXrNuPcZHQxOfPXeeEydPkC1rVt2oioeYIYEXLfkVgLq1XzwUsI2Ngfr162I0Gpk552fzcMBGo5Hf//wLo9FIubJlkrbQ8lpeNeZPy+vpSeFChbhw8RIrV60xfx4WFsaqNWsxGo2UL6djIDnduXOHXXv28s+q1bE+v/BoKH8nJyfSpLHH0dGB8PC75lEZRg4fSv78+bh06TLu7pmoXTP23GUxb+Y0qFcXg8HAvAWLMBgM1K9b5w3USl4m5k3+c+cvULVKZap7V6O6dzWioqLM87OWefR3c9Xqteb1Vq9Zh8lkotxT/fbJN7jWrtsAQMECBRK8b2vUt3dP0qVzIiQkdgL4VeKQFEo/ildgUJA5VpUrVSTiwQMK5M+Po6MjXkWKcC0ggIOHDpvXW/movM87VoxGE+s3RA8LX7Bg3MfKy/Zt6Zo0bgjAkqW/EXTj8dvxf/29gstXrlC8WFFy54pODNs+Ska86ltRCW3jGbPm0KxFa3bv2Ytnnty0a9uaOrVqYjQauXLl6iuVQSxbfM8Rcf2eCw8PB+DBg+gHf6OioszD4ou8SUW9vKherSpXr17jnyd+0zzpdmgozVq2YcDgYaRNm5aqlSsxcvgQAC5euhRr2XZtWzOgfz9yeHjwz6rV5umqnhafc61dTN95dP43Gk3cu3cfo8lk/mzvvmcfnHh6PXj5/ZtXqWOMbNmiH167dTv0me8iIiL46pvv6PZBZ/NDSIZnRtd+nI2+fTv6QZLs2bPHuS8REbEOpUuXjvd/MfQGsIhIEqhQvhx79x9g7IRJlC1TGr8TJ7l06fIrbcPVNSMtW7zD8t//pEv3XpQsXpz/Dh0iMjKSDm1bA9FDAWXJnJnr1wMZPnIMrVu1JEuWLLG2U7FCecqWKc3BQ4fp3rsfnnlys2fvPoxGE31790y0Oluyt6pX48v/fUNkZBSZ3d0pWaL4S9f54P1O7N69hzVr13P0qC+ennk4d/48V69eo1DBArzbovkbKLkkVHxjfvSoLxMmfxzrsxweHvTs3pXhQwfSf+BQpn35NX+v+AdXV1eOHT9OaGgYLVu8Q+FChd5EVeQ5enbvxuHDR5k15xe2/buDXDlzcOnyFU76++Ps7EyjBvWxsbGhZfN3WLL0N/oPHEKd2rW4FhDAxYvRN3pCQ8M4c/ased7IJ2XPno0SxYtx1MeXsmVKkyVL5jddRYlDxQrlKV+uLAf+O0inLt0pXqwo586fx+/ESfr16Un7tm1o2/pd1qxZx9z5Czlx0h97e3t27NyFk5MTXd5/L9b25i1YyOkzZzEZjezYtRs7Oztat2qR4H1bIzdXV7p26cz3P06P9fmrxCEptG39LmvXrWfh4l/x8T1G1qxZOerjQ0DAdTyyZ6eoVxF69ejKoKEjGD5qLN7VqnL9eiA+vr4UyJ+fenViP/Qxcsw4qntX4+LFyxz38yOHhwdveVdL8L4tWamSJWjXphVLf/udDp0+oETxYty6dQv/U6dxcXFm2JBB5mVz5oh+kHHrtu1E3I9g4EcfxmsfL2vjAvnzxblejbeqs/S335n62ec0bFCfh1FRrF2/AVfXjC8cHlWsU3zOEXH9nqtSuRI/z53P/IWLuXjpMufOnTPPTR35KCks8qb06N6Vnbt3M2/BQho1qG9+KzVGBhcXihX1YvuOnQwdMZrChQpy8NARAKpUrvTM9hwdHRgxbDADBg9j2hdfs2Du7GdGQonPuTZmLuC58xZy7Lgfw4cMokrlSvy7fQd9+g/EM09utv27A4AHkY/7TVzrvez+zavWEaDIo3KeOHmSZm83jvXdzZvBFPXyovW70deMxYp6sWLlKg4dPsI/K1eTP38+HB0dzcv7nThJ2rRpyeuZJ859iYiIPI/eABYRSQLvtmxO82ZNiYyMYsfO3RQvVjRB84L179uHHt0+ICoyig2bNuGU1olxo0fQoH498zKDBvYnS+bMHPHx4c6jp8WfZDAYmPbJFFq1bM6NoBts3badbNmyMXXyRGrXqvFa9bQWzs7OVChXDoBaNWs8nkfuBdKlc2L6D9/RqmVzIqMi2btvP1FRUbRq2Zxvv/4Ce3s9g5WSxTfmAdevs2nz1lj/7d13AIDChQox48fvqO5djWvXAjjw339kcstE/359GNi/3xuri8QtT+5czP15Js2aNiHkVgjbtm/n9u3bNGxQjzkzfzQnbHv37MHgAf15+PAhc+cvZNeuPXhXq8rwIYMwGo2MHjuB4ODgOPfR8NG5ukG9um+sXvJiMX8TO7Rrw/3791m/cRNhd+7wYZ9etG0d/XCVm6srP/3wDdW9q3HkqA8H/jtIhfLlmP79N8+MmtGmdStu377N/v/+I1fOnEydPMF8YzEh+7ZWrVo2J19ez1ifvUockoKbqyszf/qeOrVrcubsObZs3YZrRlemfTLFnIAtV7YMX33+Kfny5mXbv9u5dPkSbzdpxHf/+/KZv/MfvN+JEydOcvrMGUqXKskX06Y+d2qB+Ozb0n3YtzdjRg4nT+5cHPXx4caNm9SrW5tZP/1A/nx5zcvl8PCgy/vvYWdnx+GjR3n48GG8tp/QNvYqUpivPv+UXDlz8ff/rWD9hk2ULVOab7/+0jx9i0iM+J4jnv49V6hgASaOG0O2rFnZvmMnbm5u5qkkLlyM+21DkaSSL68n9erU4ebNYH7/8684l5kwdhRtW7/LmTNnWbL0N27dvkWfXj14/70OcS5ftkxpmjVtQsD16/w0Y/Yz38fnXFuvbm2qV6vKrdu3OH36LAAjhg6ibu1aXL16DR/fY/Tp1YPcuXIRGhpqfos2rvXic//mVevo5upKUa8iHDly9JnvPDyyM3HcaPN1QPu2rSlZojjDR43l8pUrjB01wrzs/fsR+J04gXe1Kq80JZGIiAiAwWR6nRkqRUQsy9WrGrpNREREXmz6rDksXrKU0SOH0bhhg+QujqRgPfv057ifH8uXLiJ7Nsufv1dERESirVqzlk+nfcn333xlngokodv44duvKV2qZCKXMGXz0HRlIiIAhIY+O51AfOnRIRERERERERERERGRRNKoQX0K5M/PrDlz4z1CxZPu3r3LvPmLeKu6t9Ulf0VEJHEoASwiIiIiIiIiIiIikkhsbGyYNGEs586fZ/qsOa+8/pRPpmFra8uIYYOToHQiImINNAS0iMgTNAS0iIiIiIiIiIgkhrPnznPmzFnq1a39Sust/+MvatesQaZMbklUspRNQ0CLiER7nSGglQAWEXmCEsAiIiIiIiIiIiLJRwlgEZFomgNYRERERERERERERERERESUABYRERERERERERERERERsRRKAIuIiIiIiIiIiIiIiIiIWAglgEVERERERERERERERERELIQSwCIiIiIiIiIiIiIiIiIiFkIJYBERERERERERERERERERC6EEsIiIiIiIiIiIiIiIiIiIhVACWERERERERERERERERETEQigBLCIiIiIiIiIiIiIiIiJiIZQAFhERERERERERERERERGxEEoAi4iIiIiIiIiIiIiIiIhYCCWARUREREREREREREREREQshBLAIiIiIiIiIiIiIiIiIiIWQglgERERERERERERERERERELoQSwiIiIiIiIiIiIiIiIiIiFUAJYRERERERERERERERERMRCKAEsIiIiIiIiIiIiIiIiImIhlAAWEREREREREREREREREbEQSgCLiIiIiIiIiIiIiIiIiFgIu+QugIhISmJjY4OtrW1yFyNVevjwIYDaz0op/tZJcbc+irn1UKytg+JsuRRbkdenfiSSPGL6noiIvB4lgEVEnmA0GjEajcldjFRN7WfdFH/rpLhbH8XceijW1kFxtlyKrcjrUz8SERGR1EhDQIuIiIiIiIiIiIiIiIiIWAglgEVERERERERERERERERELIQSwCIiIiIiIiIiIiIiIiIiFkIJYBERERERERERERERERERC6EEsIiIiIiIiIiIiIiIiIiIhVACWERERERERERERERERETEQigBLCIiIiIiIiIiIiIiIiJiIZQAFhERERERERERERERERGxEEoAi4iIiIiIiIiIiIiIiIhYCCWARUREREREREREREREREQshBLAIiIiIiIiIiIiIiIiIiIWQglgERERERERERERERERERELoQSwiIiIiIiIiIiIiIiIiIiFUAJYRERERERERERERERERMRCKAEsIiIiIiIiIiIiIiIiImIhlAAWEREREREREREREREREbEQSgCLiIiIiIiIiIiIiIiIiFgIJYBFRERERERERERERERERCyEEsAiIiIiIiIiIiIiIiIiIhZCCWAREREREREREREREREREQuhBLCIiIiIiIiIiIiIiIiIiIVQAlhERERERERERERERERExELYJXcBREQENm7ewsTJU83/trGxwd09E8WLFaVr5/fx9MwDwOyf5zJ/4WL69elJ+7ZtYm3jrdr1Afh38/o3V/Ak0KHTB1y8dMn8bycnJ3J4ZKdpk8a80+xtbG1tE21fEyZ/zKbNW/n+m68oU7pUom33RSZP/ZT1Gza9cJnRI4fRuGGDN1KelMSSY9+iVTuCbtx44TLLly4ie7ZsSV6WlCQ4OJhmLWOfyzJmzIBnnjy8/14HKlYon6j7a9aiNcEhIezYujFRtxuXy1eu0K5j5xcuky1rVn5ftjjJy5JSWGq81b9jU5wtP87PXrcayJw5M0W9vOjRrQu5c+VKtH39veIfvvz6W7p2eZ+uXd5PtO0+SbF9PkvtzzH0t/rZ/gzg4OBAgfz56Ni+LW9V906mkomIiIjI61ICWEQkBcmaNQteRQpjNJq4eOkSm7dsY+++/SyePxd390zJXbw3qlLFCqRN68i9u/c46nuMr7/9nlOnzzBi2ODkLtpr8SpShAcPHgBw/34Ee/buI106JyqUL2deJrlvMP4wfSZLly1n3JiRNKhX943v3xJjX6VKJUJDQwEICLjOiZP+5PDwoGDB/OZl0jqmTa7iAckbdwcHB6pUrghAcHAIR476MHjYSMaPGUX9enXeaFkSi1PatNSsUd387xMn/Am4fp1iRb3InNkdANeMGZOreGbdevblpL8/fy7/lSyZM7+RfVpavFND/1acX19qiPObPo/HXLeaTCYuXrzMlq3b2LN3Hz/P+ilRk8BJTbF9OUvrzzH0t/qxmP4McPt2KEeO+jB63ERGDR9Kk8YNk2SfIiIiIpK0lAAWEUlBSpUswfgxo8z/HjlmPDt27mL7jp20aN4sGUv25g0a8CE5c+QA4OKlS3Tp1ouVq9fQs3tXXF2T/0ZMQrV+twWt320BwLWAAFq3e48smbPw8aQJr7Vdo9GIjY1lzOxgibEfPmSQ+f+vXruOTz77gkqVKjB4QP8Eb9NoNGEwgMFgSIwiJisXZ+dYfWDtug18/Ok0FixekmpvLLu5ucWq09TPPmfN2vW0a9uaWjXeSvB2LSHulhZv9e+4Kc4vl9rj/OR1q8lk4rMvvmLV6rUs/+Mvhgz8KJlLF3+K7ctZWn+Oob/Vjz39O3TXnr0MHzmGGbPn0KhhA2xsYtclqetoSb9tEkvU+k1E/fUPD4/7AWBb1Au7Fk2xq596+2BSsAtbh13on9jePwbAQ8diRLm0JMrZ+kbYepGNAXtYcXkrx2+fBaBohnw0y1mTutkqJ3PJREQkMSkBLCKSguXL68mOnbu4H3E/uYuSrHLnyoVXkcIcOerDpcuXzUnAtes2sPjXZVy+coWsWbPQqUP7WE+onzjpz+yf5+J77BgGDHh5FeHDPr3Inz9fclUlXqKioliwaAnr1m8kMCgId/dMvN24EZ06dsDGxsCDBw+oXb8x+fPno3TJkqxbv4HevbrTvFlTDh85yrff/8j5CxfImSMnLZs346tvvuOdZm8zbPBAAG7eDOb7n2awd99+Hj58SMUK5RjY/0Pc3TPRsMk73AkPB2DK1M+Yv2AxSxbOTba2SGjsN27ewq9Ll3Pu/HnSp09PlUoV6dunJxlcXJKrKi/1srjv3befIcNH0aBeXW7dusXBw4eZ9/Ns8uTOxZ9//R+Lly4jODiE0qVKUrhQQRYtWcrE8WOoW7sWAMeO+zF95mxOnDyJU1on6tevS+8e3bCzs0txca9bpxafTPuCixcfDwkeGRnFL/Pms3bdBm7dvk3hQgX5sG9vihcrCry8/VKq4OBgZs75hd279xJ+9y65cuaka5dO5iEXnxd3j+zZ+O7H6WzctAWj8SF1atUkJOQW23fuYsWfv+Hm5gY8P+7nzl/gg+69zOVo2bp9rPPEm2QN8U5onF+3f6f2OEPqOp9b83ncYDBQv24dVq1ey6UnYvyiaw54ed9IKZI6tqnp2gysoz8/yRrP4VUrVyKzuztBN24QGBTIhQsXn1vHoz6+zJrzCydO+uOQJg3e3lXp17sXLi7O5u29rB169unPcT8/Puzbm9+W/0GJEsWYNH5svI6rLVu3sWDREi5dvkzGDBmpU6cWXTt3wsHBAQD/U6eZPnM2x/38SJMmDWXLlKZvr55kzZolydsxsTz4fgaRS36L9dnDw0d5ePgoxpOnSNO/dzKVLGVJc+Nb7G/FHrLd9t4hbO8dwibiBA/cByRTyVKWn/yXsezCulifHQnx50iIP/6hF+hbqG0ylUxERBKbHqcTEUmBjEYT/qdOs37DJuzs7KhSqVJyFynZ3blzB4B06dIB8NffK/j402ncuXOHmjWqc/fuPT79/Et27d4DwPXrgXw4YBA+vseo7l2NenVr4+N7jMHDR5pvoqVU3/04nV/mLcDFxZmWzZvhnikTs3+ey6/LYv/oP3PmLCtXryFPnty4ZnQlMCiIIcNHcer0GYoVLUrGjBn433ffx1rn3r179Ok/gI2bNlPUqwjFinqxddt2Ro4ZB0Dn9ztSonhxAGrVeIs2rVu+mUq/wKvGfsu2f5k4eSq3b9+mSeOGlC5VglVr1jJl6mfJVof4iG/c123YyMlTpyhcqBBp0tiz9d/tfP3t94SE3KJihfIEBwezaMnSWOv4+5/iwwGD8TtxkmpVq+DqmpGly5YzY/bPQMqL+9279zAajaRPn8782eSpn7Jw8a9kzJiBt6pX46T/KQYOGU5wSAgQ//ZLSUwmEwOHDGf1mnUULepFi3eaEh4eztgJk/A9djzWsk/H/YefZvLX3yuwt7OjbJky7Nqzl+07d8Va50Vxz5TJjR7dPjAnYTq0a0P1alXfWN2fZOnxfp04v27/Tu1xTm3nc2s/j9+5E319le5RjF92zfEqfSO5JWVsU+O1mTX05xjWeg43mUzmaWvS2Ns/t44+vsf4aNBQ/E6cpEqlinh4ZGfV6rUMHTEao9EEEK92iPHj9JlkzJjBPBrQy46rffsPMH7Sx9y7d582rd4lW7asLF6ylK+/jf4NFBwSwsAhwzju58fbjRtRsUIFNm3eyqChI4iKikqy9ktMUes3PZP8fVLkkt+IWr/pDZYoZbILW/dM8vdJ9rcWYxe27rnfW4uNAXueSf4+admFdWwM2PMGSyQiIklJbwCLiKQg6zdsYv2Gxz/ebGxsmDRhLJ6eeZKxVMkrPPwuf6/4hzNnz+HhkZ28np5ERkYyc84vODo6MnvGj7i7Z+LK1at06PQBCxYtoWqV6GGLhg0ZZH5E/f4YAAAgAElEQVSD1Gg04eDoyNJlyznq40vVyik3qV65YgWKFfWids0a2NvbEx5+lwZNmrFl6zY6tn/8NK6DgwPzf5llvkHyw/SZRERE0L5tG/r16QnAoiVLmTFrjnmdP/9ewdWr12jb+l369+sDwKfTvmTVmrXs23+A9m3bcDM4BB9fX7y9qybLPHMxEhr7bFmzMm7MSEqXLEnWrFkwGo1cvXqNvfv2c+/ePdKmTd55/J4nvnEvkD8/M378DkfH6Lcaxo6fDMDHkydQtXIlTCYTw0aOYc/efeZ1Zv08l8jISD6bOhnvalWJiori/Q968NffK+jSqWOKivuNGzf57sefAKhWtQoAx/1OsGXrNryKFGbGj99ha2trHn5y+e9/0qtHt3i3X0oSFRVFxw7tcE6fnqpVKmMymShTuhQjRo9j2787Yr3d8mTcb4eGsmLlKtKlc2LunJlkyuRGaGgYnT7oxs2bweZ1Xhb3zp068u/2ndy4cZNW77Z4Y3PDPska4p3QOEPi9O/UHOfUdj631vO40Wji3Llz/Dx3HvA4xi+75ihTulS8+0ZyS8rYpqZrM7Ce/hzDGs/hoaFhLF66jNuhoXjmyf1oVJEzcdZxytTPiIqKYtonU6hUsQImk4nRYyewfecuNmzaRIN6dVm46NeXtkOMcaNHmocVj89xtWv3HkwmE4MG9qdShfJERUUxeNhIAgODAPDxOUZoaBjvdWhH757dAXBxTs+x4ycIuH7d/DsqJYv66594LWPtQ0Hbhf4Zr2WsfSjoFZe3xmsZDQUtImIZlAAWEUlBPPPkpvKjxGRIyC02b9nK/779gcIFC+LhkT2ZS/dmtevYOda/3VxdmTR+LDY2Bnx8T3Dnzh3KlytLZFQk1wICsLGxIXv2bPifOo3JZCJr1ix45snNz7/Mx+/kSUJCbpm3FfxEgiQlqlC+PEt/W07nrj0JuH7d/PR9cHBIrOVcM2aMddPC3/8UAE3fbmT+LF9ez1jr7Nt/AIBy5cpyLSAAgCKFC7FqzVr8T52mYoXyiV+hV/S6sfcqUpiAgADGTZzMhYsXCQ+/a95WcEgIOVLoDcb4xr1gwfzmm25Go4kzZ8/i5uZmfqjBYDDg6ZnHfFPNaDRx4L+DODk5kT9fPnPcvbyKcPHSJS5cvESxol5vqppxCrpxA++asW9oFylciP59o2+Exxy3FSuUJzAo+oZezLEdc9zHt/1SEnt7eyqUK8vP8xbw1TffERR0A6PRCEQPN/mkJ+N+7tx5IiMjqVHdm0yZood6dnFxxj2TuzkBnJLjbm3xTmicU3v/Tow4p7bzubWdx59+cBHg7SaNaNSgPhC/a4749o3kllSxhdRxbWaN/TmGtZzD4+rPGVxcGD50cKzPnqxjREQEPr7HyOzuTqWKFYDoOjZv3oztO3dx1MeXenXqxKsfxChRopj5/8fnuMqXNy8A02fM5ubNm1QsX57v/veleRt5cufCxsaGlavX4OLiQtXKlRjQv18CWyl5xMz5+7rLWLqYOX9fdxlLFzPn7+suIyIiqYMSwCIiKUihQgX5sM/jeZ5KFi/GF19/w6Ilvz7z4zsuBkPKm/cwoapWrkRap7T4nzrNpUuX6dm9K15FCgOYh/w68N9BWrd775l1Q0NDuXf/PgMGDcPWzo4+PbuTL58nK1etYcXK1ZgwvdG6vKqfZs5i+e9/UrtWDYYM+oh06dLRvVdfTKYXlzsmyZ3JLdNzl4m5UTl85Jhnvou5sZLcXjf2R318GTdxCgUL5GfsqBFkzpyZz7/6H/7+p17ahskpIXEPCwslKioK90dJwBctExUVRev2z7ZZYFAQxUjeBLCDgwPe1aLfItq77wDh4eFMHDfGPHdcTNznL1zM/IWxh3YLDLoBJLzfJCej0ciwkWPxP3WKDzp3ony5spw7d54vvv7mheepkFuP+noqjbu1xTuhcU7t/Tsx4rx9x85UdT63tvN4tqxZKVbMi8jIKP7dvoNsWbMyfMgg8/Xoy645Eto3kkNSxRZSx7WZNfbnGNZyDo/pzwAuzs7kzp2bRg3qkT59+ueuExoWhslkMg9RHSOTmysAAQHX490P4hKf46rp2425HRrK0mXL+eSzLwAoVbIEQwcPIK+nJ56eefhkykR+nDGLnx79lzNHDvr27pHi5hoXERERSWxKAIuIpGD58kU/0Xzx0mUAnB49GX/rdmis5cLCwjAajTg7O7/ZAiahj/r3JWeOHBz386Nnn/4sWLyEhg3qYWdnh5OTExD9475dm1bPrOvk5MSGTVu4Ex5Ovz49ebtJ9Buxe/buf6N1SKh16zeQPl06Jowdja2tbbzXy5TJjXPnz3Pr9i3SpXOKcxknp+hjaMjAj565WZM9e7aEFzoRvW7s167fAMCIYUMoUrhQ9Ocp9K2SJyUk7i4uLtjb23Hr1u3nLuPo6IjBYCB9+vSMHjH0me+LPEquJycXZ2cmjR8LwOIlS5k+aw5zFyxi3OgRwOP4tXin6TNvQsUcEwntN8np3PkLnPT3p2rlSnTt8j4ADx8+fOl67pmi+25qjbu1xTuhcU7t/Tsx4pzazufWdh4vWbI448eMAmDI8FHs3befNWvX06RxQ+Dl1xwJ7RvJIaliC6nj2swa+3MMazmHP9mf48s5fXoMBsMzdYwZjSRjhgzx7gdxic9xZTAY6NSxPR3ateG43wm2bvuX337/k+GjxrL810UAeFerine1qpy/cJE9e/Yyf9ESxk6YzK+L5pHDw+OVy/Wm2Rb14uHhoy9dxto9dCyG7b1DL13G2hXNkI8jIf4vXUZERCyDTXIXQEREni9m2KvMmd0BKPZojqnNW7Zy584d83IrVq4GoEQKmistsRT18qJ6tapcvXqNf1atif6sSGHSpEnD+QsX8SpShOre1ajuXY0MGTKQN6/no7nZwgF48CASiJ6/68B/B5OtHvFlNJq4d+8+RpOJqKgoAPbui1/iuvCjm2mr16wzf3bm7LlYy5QuXQqIfqMgpt0qV6pIxIMHFMifHwC7Rzc2Y/afXBIe++ghBSMjo2MfGBjEufMXkq0e8ZHQuBsMBgoWKEhgUJD5+DYaTZx/or4ODg54FSlCWFgYDg4O5jYrXLgQadOmJbN79PklpcS91bstyJTJjQ0bN3L23HkAyjw6bs+dv0DVKpXNdYiKiqJYUa/X6jfJ6e7d6GP1waNjFWBPPMrtmSc3Dg4O7Nqz13xDNTQ0jBs3b5iXiXfc7aLj/jAqeZIu1hDvhMY5Uft3KowzkKrO59Z+Hu/VoxsGg4Gf5803x+tl1xwJ7RtvWlLGFlLXtRlYR39+ks7hz+fo6IhXkSJcCwjg4KHD5s9Xrl4LQLlyZeLdD+ISn+PqwwGDad6qLeHhdylRvBj9+/Uhd66cXH80VPuMWXNo1qI1u/fsxTNPbtq1bU2dWjUxGo1cuXI1sZskSdi1aJooy1i6KJeWibKMpWuWs2aiLCMiIqmD3gAWEUlBjh71ZcLkj4HoIbOOHffD1taWls3fAaB0qZJUqVyJ3Xv20r5TF4oXK0ZwcDDHjvvh6OhIj+5dk7P4SaZH967s3L2beQsW0qhBfZydnencqSOzf55L5649qFy5ErdCQjhw8BCVKpTn88+mUqVyJX6eO5/5Cxdz8dJlzp07h/+p0wBEPoh8yR6Tj42NgSqVK/Hv9h306T8Qzzy52fbvDiD2jae4tHm3JX/8+RfzFy7muN8JTEYjBw8fjrVM29bvsnbdehYu/hUf32NkzZqVoz4+BARcxyN7dop6FTHPKzx33kKOHfdj+JBBSVPZeEhI7KtVrcKB/w4yfuIUKlYoz979+7l9OzpJFvmSNkwurxP3999rz8gx4xk5ZhyVKlbgypVrnD5zJtYyvXt2Y9DQEQwfNZZqVStjY7DhwMFD2NnZsvzXRTg6OqaYuDs4ONCl03t89c13zJ7zC59OnUzFCuUpX64sB/47SKcu3SlerCjnzp/H78RJ+vXpSfu2bRLcfsmpYIECZHZ358B/Bxk+aiwmk4nde/YCLz5POTs707zZ2yxb/gdduvekRLFiHDvuZ37jJkZ8437suB/jJ02hft06tG71Zm+MWUO8ExpnSNz+nRrjnJrO59Z+Hi9UsAA1a7zFlq3b+Ov/VtCm1bsvveZ4nb7xJiV1bFPbtZk19Ocn6Rz+Yr16dDWX37taVa5fD8TH15cC+fNTr04dIH7tEJf4HFc1qnvz7Q8/8eGAQVT3rsaVq9e4cPES5cuVJU2aNNR4qzpLf/udqZ99TsMG9XkYFcXa9Rtwdc1onmImpbOrXwfjyVNELvktzu/tO7TBrn6dN1yqlCfKuQE2ESewv7U4zu8jM3YkyrnBGy5VylM3W2X8Qy+w7MK6OL9vm6cBdbNVfsOlEhGRpKI3gEVEUpCA69fZtHkrmzZv5eq1a1SsUJ4fvv2aEsUfD1X0yZSJdO3yPumc0rF7z14uXLxE9WpVmfnT9xQskD8ZS5908uX1pF6dOty8Gczvf/4FQOdOHRk+dDBubm5s3rKFU2fO0qxpE8aPjR66rFDBAkwcN4ZsWbOyfcdO3Nzc6N2zOwAXLl5KtrrEx4ihg6hbuxZXr17Dx/cYfXr1IHeuXISGhppvlMUlUyY3vvr8MwoWyM9RH1/C796lQ7u2ANjZRj/z5ebqysyfvqdO7ZqcOXuOLVu34ZrRlWmfTKGoVxEA6tWtTfVqVbl1+xanT59N+gq/QEJi/26Ld+jcqSNGk5Gdu3dTvVpVGtSvB6Ts2Cc07t7VqjJ08AAyZMjAgf8Okj1bVmrXqgGAnV103MuWKc23X39B8WJF2bN3P/sOHKBkieJ8/83XODo6Aikr7k3fboyHR3a279zFseN+GAwGpn0yhQ7t2nD//n3Wb9xE2J07fNinF21btwYS3n7JydHRgc8/m0rJEsU5eOgwN2/eZMLY0QBcuHjxhev27tmDd1s05/79CI4c9aFWzbfwzJMbANtXiHuX99+jUMECnDt/nuuBgUlY2+ez9Hi/TpwTq3+n1jintvO5tZ/He3Trgo2NDQsWLeHu3bsvveZ4nb7xpiVlbFPbtRlYR3+OoXP4i5UrW4avPv+UfHnzsu3f7Vy6fIm3mzTiu/99ib19dB3j0w5xic9x1bpVS4YM/Aij0ciSpb9x5MhRmjdryuQJ4wDwKlKYrz7/lFw5c/H3/61g/YZNj9r8y1Q1fVKa/r1xmDQG29IlIY09pLHHtnRJHCaNIU3/3sldvBTjgfsAIrJO4WHaMmBIA4Y0PExbhoisU3jgPiC5i5di9C3UlnElelLKtRD2NnbY29hRyrUQ40r0pG+htsldPBERSUQGk8lkSu5CiIikFFevpo5hoESe5/CRo5QsUQIbGwMA3/7wE8t//5OBH31Iq5bNk7l0khQePnyIj+8xSpcqCYDRaKRH7w856e/P/F9mk//RXOJiWYKDgwkNu2NO+t68GUzbjp1wcHBk5d+/YzAYkrmEkhjUv62D4my5FFvrpvhHUzuISEJ4pII5ukVE3oTQ0NAEr6shoEVERCzE+fMX6D9wCLlz5aRoUS+uXw/k4KHDZHZ3p2H9usldPEkiK1au5qv/fUupkiXImTMHx4+f4Nz581SpXEk31CzYN9//yI6duylfriwZMriwZ+8+7t+PoGuXzkr+WhD1b+ugOFsuxda6Kf7R1A4iIiIiycN24sSJE5O7ECIiKUVYWFhyF0EkwTJmzEiB/Pk46X+K/w4e5kHEA7y9qzFpwlhcM2ZM7uJJEilUsABp06blqI8vR318cXJKS8vmzRg8oD+2trbJXTxJImXLlOZOeDgHDx3C/9RpPDyy07d3T1q80zS5iyaJSP3bOijOlkuxtW6KfzS1g4gkRGoapl1EJClFREQkeF0NAS0i8gQNAS0iIiIiIiIiIpJ8NAS0iEi01xkC2iYRyyEiIiIiIiIiIiIiIiIiIslICWAREREREREREREREREREQuhBLCIiIiIiIiIiIiIiIiIiIVQAlhERERERERERERERERExEIoASwiIiIiIiIiIiIiIiIiYiGUABYRERERERERERERERERsRBKAIuIiIiIiIiIiIiIiIiIWAglgEVERERERERERERERERELIQSwCIiIiIiIiIiIiIiIiIiFkIJYBERERERERERERERERERC6EEsIiIiIiIiIiIiIiIiIiIhVACWERERERERERERERERETEQigBLCIiIiIiIiIiIiIiIiJiIZQAFhERERERERERERERERGxEEoAi4iIiIiIiIiIiIiIiIhYCCWARUREREREREREREREREQshBLAIiIiIiIiIiIiIiIiIiIWQglgERERERERERERERERERELoQSwiIiIiIiIiIiIiIiIiIiFUAJYRERERERERERERERERMRC2CV3AUREUhIbGxtsbW2Tuxip0sOHDwGstv1Uf+urvzXW+WnW2AbWWOcnWUv9raWeL2INbWANdXwZS20DS63Xq7DmNrDmuoPqn5jUlvGjdooftVP8xbSViIi8HiWARUSeYDQaMRqNyV2MVM3a20/1t776W2Odn2aNbWCNdX6StdTfWur5ItbQBtZQx5ex1Daw1Hq9CmtuA2uuO6j+iUltGT9qp/hRO4mIyJuiBLCIyFOcnZ2TuwipUlhYGGC97af6W1/9rbHOT7PGNrDGOj/JWupvLfV8EWtoA2uo48tYahtYar1ehTW3gTXXHVT/xKS2jB+1U/yoneIvpq1EROT1aA5gERERERERERERERERERELoQSwiIiIiIiIiIiIiIiIiIiFUAJYRERERERERERERERERMRCKAEsIiIiIiIiIiIiIiIiImIh7JK7ACIiIiIiIiIiIiLWIOr8BSIPHSXS7wQPL1/BeDsUIqOSZmf2dthkcME2Zw7svYpgX6Ykdp55kmZfie3+eUx3D8HdYxBxGVPUbSAyiXZmj8EuAzjkBKdiGJzKgKNnEu0r8V24c5UjN0/iF3KWq3eDuP0gjEhj4h9T9jZ2ZEjjjIdTZrxc81EqU2HypPdI9P2IiEjiUAJYREREREREREREJAlF7NjD/TVrMQbfwjZfXmzzeuJQsTwG5/Rgl0S3aKOiMIXdISroBpGnz3J//SZs3DLi2KghDt6Vk2afr8kUugNCVkJUCCbH/OCQF0P6ShhsncGQRO1kioKHYZgiA+HeKQhZC3au4Po2BhfvpNlnIth9/TBrLu0g5EEo+dLnxNM5BxWzFCe9vRO2BttE399D00PuRN4l8F4IZ25fYsOV3bimcaFRLm+qZC2d6PsTEZHXowSwiIiIiIiIiIiISBKIOn+Bu/MXYQy/h32ZUtgXKvDmdm5nh8E1I/auGaP3W/stIv1Pc2/FSiI2bcKp83sp543g++cxBf0CD+9iSlcGQ9rCGN7Uvg12YOeKwc4V0haGDLUx3TuJIfhvTLfXY/h/9u47LIrjDeD49+7ooAhiwwJir6io2HsBxd4TW4w1xhpLTDSJscTeW6Imv8QeSxSx16ix994FUVRAkXpwlPv9QSA5D+QwdN7P8/Ak7s7uzDt7W2dntsCALNUj2CfMj3UPdhMeo6aabXnKWJfIkHxVChXWJnmwNslDGesSNKYmD4Kf4vn0OEf8ztGnTDvpESyEEFmIfANYCCGEEEIIIYQQQggh0ljUsRMET5iCyt4eix5dMrbxNxnGZUtj0aMLKnt7gidMIerYicwuEtrgo8T5jAOTomDXE4V5ucwuUnwZ7HqCSVHifMahDT6a2UUC4MSLi3x1fjH2FgXoVrJVhjX+JqeMdQm6lWyFvUUBvjq/mBMvLmZqeYQQQvxDegALIYQQQgghhBBCCCFEGorcsx+1134s+vRCZV84s4ujx7hGNZSFCxPx+w60ERGYtXXLlHJog7zgzW4UBfqCSRbsPWrpgsK4CARuQRsXgcLGI9OKss/3JHt9T/JR6bYUsbDLtHIkpVr+8hQyt2Prk4OEx6hxL94ws4skhBC5nvQAFkIIIYQQQgghhBBCiDQSdexEfONvlw5ZsvE3gcq+MBZdOqD22p8pPYG1wUfhzW7I3zVrNv4mMLGPL+Ob3ZnWE/jEi4vs9T1JZ8fmWa7xN0ERCzs6OzZnr+9J6QkshBBZgDQACyGEEEIIIYQQQgghRBqI8fYhbOUazNq0RmGTL7OLkyKFTT7M2rQmbOUaYrx9Mi7jSG+0L1eATVswssm4fD+UkQ3YtI0vc6R3hmbtE+bHj3e24lasAdYmeTI079SyNsmDW7EG/HhnKz5hfpldHCGEyNWkAVgIIYQQQgghhBBCCCHSQMSv6zFr2TRL9/x9l8q+MGYtmxLx6/oMy1Mb8DOKfC2zds/fd5nYo8jXEm3Azxma7boHu2le1DXL9vx9VxELO5oXdWXdg92ZXRQhhMjVpAFYCCGEEEIIIYQQQggh/qOoU2eJC1djXKNaZhcl1YxrVCMuXE3UqbPpnpc25BTERoClS7rnleYsXSA2Ij6GDHDm1VXCY9RUy18+Q/JLK9Xylyc8Rs2ZV1czuyhCCJFrSQOwEEKksf0HDuHs4oqziyvb/9iZZJptO3Ympjl0OP77MXPnL8TZxZXhI8fopA0ICMS1fmOq1azDjZu30r38meHZ8+csXb6S9p27JTn/8JFjfNSnP3UbNsHNowMLFi1BrVYnu74Fi5bg7OLKiZP/3JBt2rIVZxdXPh81NtnlLl+5irOLKy3dPT48mA+Q2+NP4LVnX+J+8e+/ZStWJaa5d/8Bwz4fReNmrWjSwo1xEyfx4sXLxPkPHz3C2cWVRk1botFokswnMjKSeg2b4uziylPfZ+keV2qd/Os0zi6uzF+4RGd6SvWTXWM3ZLs/8fZm6PCR1GnQhKYt3Vi8dDmxsbGJ83Ny7CdOnqL7R32oVbch7Tp1ZbfXXp11ZId9+12hoaFs2rKV7r16c+v2HZ15Ld09kqwTZxdXPur7CZA9t/f7Yk4QEaFm+cqf6NS1B7XrNsTP70XivJwYs5/fC0aM/oI6DZpQt2ETRo0dl+OO55u2bKVjlx7UrteIjl16sGXrNp35X0z4EmcXV35dtyHZdfy0Zi3OLq58Nfnb9C7uf5Ibzs8JYmJiWPPz/+jQuTuu9RvTqVtPvWv+7LptDYktwcVLlxkx+gsaN2/Nt1On6cyLiopi2YpVtGnfCdf6jena4yO981dWrCND42/bvnOS56l/X5sk0Gq19O43AGcXVyIi/rl+b9ysFc4ursmeEwAGDR2Os4srO3buSpsA09h/Pc6/K6l7mAcPH9Grdz/qNGjC8JFjePv2bbrEkpYi9+3HuLqzwelPXbvGZwvm0W7iBHpPm8pPnruI1ETppDl04QKD587GY+J4+kz/nl/27EETHZM4/8mLF4nr+Gr1j4SEhX9w+Y2rOxO5b/8HL2+wIC+0ltUNTj570WYatxmr93fp6oMk069cu5vGbcZy5vztxGmPvV8yeNRC3Lp8ycRvVxMc/OH1pLWsDkFeH7x8auzzPUU1W8Maf/28n/HjtKV83W8cUz4Zz//mrSbI/7VOGp/7T1j+zUIm9R7DN59OZN2inwl+88++FRkRydrZPzLxo1HMGTsd30dPP7js1WzLs883YxrKhRBC6DPK7AIIIUROtnffAbp06pjEdP0bqqGDB7Jn3wFO/XWaM+fOU9e1NgDLVqwkMjISj7buVKlcKd3LnJHu3rvHgkVLOX/hIgqFAlNTU700Bw4eYsKkyfTq2Z3Phg7m8ZMnLFvxI2+Cgpg+Vf9h0MNHj1i/cXOyef51+gyBgYHY2ekPnbTLM2OHJ8rt8b/LPyCAvHnzMGbUCJ3p5cuVA+D5cz/6fjKQ6tWc+e6byagj1SxZtoKhw0fy++b1mJqYJC4THBLC8RMnadWiuV4+hw4fJTwiIn2D+UBRUVHMmj0vyXkp1U+C7BZ7SnGFhoYycPBnFChgx/ffTeHpU19WrPoJgFEjhussk9Niv3rtGqPGjqdVy+YMHTyQY8f+ZPK3U7GxyUeD+vV0lsnK+3aCkJBQZs2dz+HDR4iOiSEuLk4vzaJ5c9BER+tM02q1jBk3kXp1XHWmZ4ftbUjMEP87HzBoKM+f+9GjezfKlytD/vy2eulySsyxsbEMHzmamJgYpn7zNXFxWpatWMXwUWPYtnkDSuU/7ylnh5iTsnXbDmbNmceA/v2oVbMGp8+eY+asuZgYm9CpY3udtDs9d9Ovz8d669BqtXju3qs3PavJDefnf5s1dz579+5nyOCBlCldiuN/nuT76T+gUhnRsb3uizbZbdsaGtvOXbv5btoMXGpUZ+jggdSortvTcdrMWfx54iTDhw3FoURxzpw9x+Rvp2JpaUGzpk100malOjI0/oDAQNp7tKX6O418/z52Jdi+Y+d7X+Ld5elFpYoV9Ka/ePGSCxcv/Ydo0k9aH+ch+XuY6TNn07pVS3r17M7UaTP5cfXPTBwf/9Lbr+s20KFdW/Llyzrf2I3x9iHuzVuMy5Y2KP3xK1eY/tv/6NSwEf3d2/L01Ut+2buHt2FhTPgofr84cP4c8zZvomezFlQrU4ZnAf6s9fIiQhPF8E6dAVi89XeaVKtOx4aNWbBlE+sOHUict/XYMVrXqk1eK0uDymRctjSaE38R4+2DkaPDB9SCASK9ISYIhXm5lNP+LfB1CJXKO9K2VW2d6Y7FC+qlfeL9kq07T+hNX7BsK00bOtOlfUPmLvmd3zYfZMSQTgBs3nEM9+a1sbY2rJ4U5uUg5ER8LGaOBseRWj5hfgRpQihjXSLFtG/8A1k0aS5OFUrRa3gfoqI07Nmwi1XTljB+/mSMTIx56evHsm8XUr5aJfqM+ZQodST7t+xmzcwVjJ0zCYVSwdGdBwGY8b95nD92hk3Lf2PCgskAXD19mfyF7CheKuXyAJSxLsGpV5fxCfPDwSobDfUthBA5hDQACyFEOlEqlVy6fIWXr15RuFChxOkvX73i8pWrKJVKnUXyEJgAACAASURBVJvlPHny8PmwIUybOYsFCxezZeM6Hj56jKfXXszNzRk94vPMCCNd3b5zF2tra1YsXcSVq9dZt2GjXpo1P/+P5s2a8uX4LwBoUL8ewcEh/O+39Xw7+SuMjY110s/4YQ5VKlfi6rXreusyNTVFqVSye88+PunXR2eeWq3m4OEj5LfVf+CeXnJ7/O8KCAikeLFidO7YIcn56zduJk+ePCxeOC/xYbKNjQ1DPxvB9es3qFXzn+HDbGxs2OXpleQD5p2eu8lva8vrN2/SJ5D/YPXaXzAyMiKftbXevJTqJ0F2iz2luHZ6ehEaGsqWTeuwy58fgKgoDes3buSTfn3JmzdPYtqcFvsvv66jTJnSzJ45HYBmTRrz3M+P1Wt/0WkAzur7doKAgABevHjB5K+/xMbGhs/fGfECoFKlinrTTv51mtDQULp16awzPTtsb0NiBli6fBX+/gFs/30TRYok/73AnBLz+QsXefzEm3X/W0vVKpUBKF68KB/3HcCFi5dwrV0rMW12iDkpe/cfoG4dV0aN+AyAenXrcO/effbuP6DTAGxjY8Pjx0+4eesWlSvpvuh36fIVfJ89yxL77/vkhvNzguCQELZt/4OJ48bSq2d34O9te/8+nru9dBoJs9u2NTS2Fy9fMnP2XPr2/oixo0fqrSciQs2evfuZOP4LenbvCkDdOq5cvHyFvfsP6DQAZ6U6MjT+kJBQoqKiaNWyOQ0b1H/vOoOCgli8bDnVnKsmeW1uY2PDvgMHGDd2FCb/elECYNduL6ytrQkJCUmjCNNOWh/nIfl7mKe+T2nUoD6mJiY0qF8Xz917ADh77jx79u6jz8e90inKDxN95Toqp5IGp994+CANqjozvHMXAGpXqEBoeASbjx1hbI+eGKlU7P7rFI2cnfnUI/436FKuHP5BQew/fy6xkfd5YAB1KlXGxNiI2hUrcvD8eQAu37/P4UsX6NK4SdIFSIbKqSTRV66nWwOwNuIKWrNSKFKxzOs3IdSqUY62bnVSTLtwxXYqlC3OzTveOtOf+QVSr3YlTEyMca1ZgQOHLwBw6eoDDh29RPeOjVMTBlqzUhBxBUU6NgBfe30PJ6tiBqX90+so5pbmDPxyGEYm8c8JrPJasXLqYrzvP6F05bJcOHYOcwtzPhk3CKUq/kUMU3MzfpqxjFfPX1C4uD0BL/wp51weIxNjKtdyZvvaLQCEBYey85ffGTVjfKpicLIqxrXX96QBWAghMoEMAS2EEOnEuWoVtFote/cd0Jm+d99+tFot1avpDwvVuVMHypUtw/0HD/HcvYcFCxcTFxfHwAH9KVBAv1dXdte5YwfmzppBvbp1UCqTvv2rWLGCXm+Kko6OxMTEoFZH6kzftduLBw8f6fUKTKBQKGjVojm7PPWHajp4+AgaTTTNmqXu5vi/yO3xvyswMJBCf78s8e8h8hIULlyI3h/11OlJVPLvhxKhoaE6aVu3bM7pM2cJCAjUmf78uR+XLl+hdauWaV38/8zbx4df123gy4njUKlUevNTqp8E2S32lOK6eesW5cqVTWz8BWjX1p2ICDW37ugON5jjYr95m/p16+pMa9vGjWvXbxD9r16yWX3fTlCqlBO/rPmR9h5tMTczM3i5DRs20bRJIwoV0u3hkR22tyExq9Vqdu324rNhgylSpHCyvYQh58R889ZtLCzMExsFACpXqoSFhTm3bt/WSZsdYk5KVFQUeaysdKbls7YmMlL33F2pYgWKFS3KziT2312eXpQrVxbH9OqBlUZy+vn530JDQ2nj1poGDXRHYXB0dNCLNbttW0Nj27lrN/nyWTNi+DC0Wq3eeszMTDm034sunXRfbjI3M9O7ds1KdWRo/IGB8b/dQoUKER0dneyQ5gALFi3FqaQTbdu4JTm/VYvmhIaGcez4nzrTtVotnl57aOve+r3nhMyS1sf5993DlHR05MSpv9BoNJw9ex5HRwc0Gg0zZ8/lqy8nJNnrOjNF37mLqpjhjVxli5XArbbuCCfFCxUiNjaWyKj4YaBnDBrC+F4f6aQxNTYhSqOBv/fB4gULcvbWTaJjYrh07x7FCxYkOiaGpdu3Maprt2TvNZOjKmZP9J27qVomVSJugUnRVC3yJiiUgnb50Gq1RKqT3+/2H7rAY+8XDPlE/9MnJYoV5PT5W0RHx3Dxyn2KFytIdHQMi1ZsZ+zwrqn/PZkUjY8lHd0Jeoy9pX4v56Tky29DY49miY2/AIWKFQEgIjx+uOuWXd35cvG3iY2/ACam8edvTWR8vRYsWoj71+8So4nmzuVbFLKPfzlx16/baejeFJuC/9yXGcLesiB3gh6nahkhhBBpI2tdKQkhRA5S06UGNjY2esM979l7gPy2tlRzrqq3jFKpZMK4+CGtZs+bz5lz5yla1J6+vT/SS5tbTP1mMo0aNtCZduXqVcqWKa3T8y8kJJSFi5cxYvhQbGySHgZMo9HQqWN7nnh7c/3GTZ15uzy9aNyood7D2syWm+L3Dwjk/v0HNG7emroNm9CspbvO9+L69fmY/n176yxz5co1jIyMcH5nf2rcqCHm5ubs3rNHZ/qu3V7Y2thQx1W310FWMHPWXJo0apg4/Pu7UqqfBNkt9pTiioqK0usVk9BD8uU735HLabFHRkVhYqLby9++SBG0Wi0vX71KnJbV9+3/4vHjJ5w5d55ePbrrzctu2zs5N27eIjIyksDA17i17UD1WnXp2KUH585f0EubU2J+/eYNtjb6vfry5cvHmyDd7ztm15g7dmjH8RMnOf7nScLDwzl6/E+O/XlCr8e/RqOhQ3sP9u0/GP8w/28REWoOHTlKp/bt3tvAlBXk9PPzvxUrWpSZ06dSvNg/vbHi4uK4du0GNV1cdNJmt21raGznL1zEydGRcRMnUatuQ2rXa8R302YkxqhUKrHLnx9jY2M0Gg1v375l4+YtXL5yNbFHcIKsVEeGxu8fEADAd9NmULteI1zrN+bzUWMJCgrSWd/lK1fZs28/X0+agCKZfo52drbUrlVTrwH84qXLPH/uRxv31mkVXoYz9Dif0j3M119O4PCRozRp4caboCCGDvqUtb/8SvVqzkneT2e22GfPMUrFi9vjevWizju93288eYSTvT1WFhYAWFtZYWZiSmxsHBGRkVy4c5edp07QsWEjUMT/tkZ16c6J69fpOmUyb8PC6NPKjU2HD1PJsSQVHQ3vkZzAqIAdsc+ep3o5g0U9Q2FsWKMmQGxsHG+Dw9h76BytOk2kdZcvGTB8Hnfv636bNjQsglW/eDGwnzv5rPWvfccO78KJ0zfo0Osb3r4NpV+vVmz4/QiVKzpSqULqe/EqjAtCVPp+s94vIoCC5jYGpW3aoSXNOrbSmfb49kNUKhUly8cPS25mYYaFlQXaOC3RURqeP/HF87cdOJZzokTp+Dpo2r4lSoWCKQMmcHLfMXqN6MfDm/fxfeRDk/YtUh1DQXMb/CICUr2cEEKI/04agIUQIp3Exsbi1qoFDx4+4sHDRwDcf/CQh48e4e7WiujomCSXq+lSg5YtmiX2Bvti9Ei9xo/c7OatW/yxazeDB36qM33x0mUULlRQb4jQf4uLi6NK5Uo4OJRg565/vonp++wZl69cpVOHrPUgLik5OX5jYyMsLMwZP3Y0c36YTrFiRZny3ffcTubt85CQUBYvW07Xzh31hgdUKJW4tWqp80AtoTeFR1t34uL0e6xkpn37D3Lj5k3GjR2dbBpD6ye7xZ5SXMWLFef+gwdE/d0LAuCVvz+AXk+6nBZ7ieLF9L4b+OpVQuz/1EdW37f/iw2bNlO6VClqutTQm5fdtndynvrGPzjcvmMngwcNYNniBeTLZ82oseMJfP1aJ21OiTk6OhojI/2vEamUKqLf+a1m15i7d+2CRxt3Ro0dR71GzRjzxQQ6d+yg9/1fjUZDh3YeREREcOToscTpBw4eIjY2ljZt3PS+i53V5aTzsyE2bNzMi5cv9V7YzAnbNqnYnvo+48y585ibm7N08QI+GzoYrz37WLZ8ld7yjZq1onHz1syeu4Cxo0boDZmc1esoqfhjY2OxtLSklksNFs6bw9DBAzl77jzffj8jMU1MTAzTf5hNrx7dKFsm+W/BRkVp6NihHWfPnU88vwP8sWs3lSpWwNEh6/QQTy1Dj/Mp3cOUKuXE+l9/5vSJoyxbvICQkFC2/7GLMSOz5ueR4oJDUOT58Jfu7vr4sP/cOXq30m/8/+bnNbSfNJFJP62kspMTn7b9p4erQ5HCLBs9hl0/zGLGoMGEqiPYe/Y0g9u111uPIRR5rIgLTr/hx7UxwaDKk3LCv4WFqclnbYV9YTumTOjNuJHdCQ4J56upP+v0Bv7plz0UsMtHhzb1klyPo0NhVi4Yxd5tM5k1dRCh4RHs3n+WoZ+0+7BAVHniY0lHwZpQrIwtPmjZiLAIvDbspF6rRuSx1q3v47sPM77XSOZ+MQN1eAQDvxxGwrsqZhZm9B8/mB/WL2Tc/K+xdyjKttWb6DKwJyoj/ZGqUmJlbEGwJjTlhEIIIdKcNAALIUQ6iYyMwqOtO0BiL+CE/3q0baPTmPGusLDwf/4/PDzZdLlNYGAgY8d/SeuWLWjZolni9Bs3b7FjpydfT5qY4rBNURoNHdu3Y//BQ4nbYJenF3Z2dtSvVxeNJus+iMvp8a/5cQW/b1qPR1t3WrdqyarlS7Gxycf6jZv10sbGxjLxq8mYmZoxMonh4jRRUXTq2B4fn6dcvXYNgHPnL/DixUs6dmhPdHTWaQwLDw9n3oJFDBk0UG+I238ztH6yU+yQclwebdwICwtnxg9zCAgI5OatW4waE//dKQtL3YchOS32dh5tOH3mLJu2bCUoKIgjR48xd8EiACwtdGPPyvv2hwoOCWH3nn306tEtyfnZbXsnJ/zv8/zSxQvo3LEDDRvUZ9GCuUB8o/C/5ZSY30eh0O0pl11j3rN3H1579zFi+DDW/rSSYUMGsWPnLg4eOqyTLioqikKFClK3jqvOMO47Pb1o2qQx1nnz6jWKZ2U56fxsiAsXL7FwyTLGfzFG7/vd2X3bJhdbeHg4jRo2YNaMadR1rU3/vr3p83Evtvy+VefzBABrf1zBqhVL6dm9KwsWL+XPEyd15mflOkou/vr16vLXn0cYM2oETRo3ZMigT/n8s6H8eeIkvs/iX+hZt2ETwW+D+Wzo4PfmEaXR0LxZU6ysLPH0iu8VHx4ezpGjx+jUoX22PHcbIuE4n5p7mAQzZ8U3uh89/ict3T1o074TR48dT8/ipk50DCTR8G2IoJAQpv7vZ5pUq0Yj52p684d16MiCz0cwuF17rty7zxqv3UmsJd6SbVvp29qNUzeu03Pqt/SZ/j2nrut/hzpZRkbxsaSbaFAYXk/W1pbs3DiVaZP706heVdq51WHGlE94HRTCkRNXALh9z4c9B88xZnhnvWuJ5CxcsZ3+H7fm1JkbdO37PT0HzODE6VTUk8IoPpZ0FB0Xg0qR+kbXuNg41i1ci7GJER59OurNr9nIldE/TODjEf2Ji9OyZvYqtMm8hHV050GKOhbD1MyEOaOnMeWT8ezd5GlwWVQKFdFx6fl7EkIIkRxpABZCiHQSFRVF5UqVcHRwYO++A8TFxbFv/0GcnEpSoXw5vZ5rCY7/eZIzZ89haxs/zM+SpSsIj4jIyKJnSWq1ms9HjaWAXQG+++brxOlxcXFMmzmL9u3aUrFCeWJjY4mLjft7nlbvu1nR0dG0b9eWyMhIDh85SlxcHLu99tLeow1KpZKYmKx5Y5Jb4v/3zbqFhTk1XVzw9vbWSzdz9lxu3brN4gVz9RrCAKKjY6hSuRKlSjkl9jLa5emFc9UqOJV0JDoLbeely1eSJ08eevXoRmxsLLGxsQBo0Sb+fwJD6ic7xZ7gfXGVK1eWSRPHsf/gIVq4teWTgUNp59EGgCKFdR+257TYe3bvRof2HsyeO58mLdz4Yc58unftjEql0vsufFbftz/Etu1/YGJikuy3E7Pj9k6OUqmkQvlyif/OZ21NubJlefT4iU66nBKzibEJURr9F+Gio6MxNjZ5Z1r2izkuLo55CxfTrUsnBg7oT02XGgwdPJAunTowZ/4inbQJI8J06tCe8xcu8uLlS54+9eXqtWt06hDfIyk77b856fycksdPvBkzbiLdu3ama2f9h+vZedumFFvFCuV1/u1auxZRGg3PnusOGVupUkXqutZm0sTx1K3jyqqf1ujMz6p1lFL87zYuJXyuxdvbh5evXvHj6rWMHvk5ZmZm8dfm2oRr81ida/OY6GhMTUxo49Yaz93x+8P+g4fQarW4u7XKsr8PQ6R0nE/tPQzEj5gTFh5OTZfqLFy8lDWrVjBz2lSmfDeNkJAs0rvQ2Ag+YLtFaqL4as1P5LfOxxc9kv78U7GCBalaqjTdmzWnd+tWbPvzOGFJPCc4dvky4VFRVC1VmtVenswbNpxJvfswd/PGJNMnKSYmPpZ0Ywza//b7Ll+2BDb58vD0mT9xcXEsWLad1s1rUq50cWJj4xJ/Q1pt0r+nI39eJiIiimqVS7HqFy8WzhzGlPEfM2vBZkLDDKwnbUx8LOnIWGlErDY25YTv2LZ6E08fevPpl8MwNTPVm5/HJi+O5Zyo1bQO/cYOwPvuI+5cuamX7o1/ICf2HqNDv678b/5aWnZzZ8KCKVw6cZ571+4YVJZYbSzGyvT8PQkhhEiONAALIUQ6Sbhhb9umdeKDgJevXtHu717BSd3QazQa5v3du2vypIm0aN6UwNev+Wn12owreBYUFxfHhEmTCQsLZ9ni+Zia/nMD89fpM9y7d5+du3ZTo3Y9atSuR+fuvQAYNXYcbdp30l2ZVotd/vw0qF+PnZ5enDt/gZevXtGxffxDJi1Zb+jB3BD/mzdB7D9wKMkXI97tEfDz/35j9+49LFk0HweHEkmuT6uNj6NT+3YcPHiYgIBAjhw7Tse/HyaizRrbOTw8nC1bt/PE25va9RolbsPXb96wbv1GatSuh5/fi1TVT3aJHQzf7t27duHYoX38vnEdRw/upXQpJ4yMjHQazCDnxa5UKpn6zWQO7/fi903r2bf7D7RaLeXLl8PY+J2HTVl03/5QsbGxbNm6jY7tPTA3N08yTXba3u9jZ5efuLi4xO9K/kOL8TsPX3NSzEFBbxPjgfjYXr95Q/78ukMGZ8eY374N5s2bICpWqKAzvXKlSgQEBBAc8s+wmgn7ZpPGDcmbNy+7vfaw03M3RQoXxrV2/Pdws2CIScpJ5+eUvH7zhuEjR1PLpQYTxo1NMk123bYpxVbALr/Od+iBxDOMsbExr9+8YcfOXXrfxC1bpnQSy2W9Okop/vMXLnLz1q0klow/b2/ctAW1Ws3kb6cmXtfNnBU/qkP9xs35dur0xPQJ+0PHDu156hv/2YZdnl60aNYUKysrnWNkdpPScT619zBhYWEsWLyEyV9N5NbtO1SpXBkHhxJUc65KwQJ2PHz0KEPjS47SOi/a0LBULRMXp2XGb78RHqFmxsBBmLxz7j9w/hyP/fx0ppUsUpTY2FjehOo2fEeoI/lx9y5Gd+3OPd+nVHBwoFjBglR0LIldXmuevHhhUJm0oWEorfOmKo7UUBhZQ6zhjfZPvF9y5vztJOeplErOX7rHg0fP2HvwPM3ajaNZu3H0GzYHgElT19Lr05k6y4RHRLJyrRdjh3fl7oOnlC9bguLFClCpgiMF7Kx54v3SsILFhsbHko6sTfIQFp26DgFH/jjAhT/PMeir4RS0L6Qz787lW9y9qluX9g7x3z4PCtQ9bgNs+2kzLbu4o0VLaHAI1evXJI9NXipUr4TP/Sd66ZMSFh2BtYnhQ34LIYRIO/L6jRBCpJOEm9227u6sWLWan9b8jEKhoI170j2ZANZv3ITvs2dUr+ZM82ZNKVOmDMf/PMmGTVvo0qkjJUoUz6jiZymz587nxs1b/PbLGmxsbHTmOVetysZ1/9OZ9uLFS76Y8CXjvxiT+PDoXZ06tGfMuAloNNG41Kiepes2N8SvRcvEryYzb/YPicNbx8TEcO36derWcU1Md/DQYZatWMW82TOp5lw1xfV6tHVn0dLlTJj0NUqlktatWqZbDB/CzMyM9b/+rDf9s89HUb9+PT7u1YMCBewICQ01qH7+LavHDoZvdwBLS0vKlStLVFQUq35aQ7OmTciTJ+kHCTktdjs7O+zs7PB99oztf+xkxPBhya43q+3bH+rgoSP4+wfQvVvXFNNmh+39PrVcXFAqlezbf5BP+vUB4oe/vnf/AU2bNE5ymewec9UqlYmMjOTS5SuJ33e+dPkK0dHRVKlcKcllslPMNjb5MDc359HjxzrTHz56hJWVFdZ59R+qGxsb49HGjV2ee9BEa+jUob3BQ6JmBTnt/Pw+kZGRjBj9BQULFGDWzGkpbqfstG0Nic3VtTaHDh9FrVYnvqBz/vxFLC0tsS9ShNev3zB12kwUKHS+ef3g4SNKFE/6xYCsUkeGxH/w8BGuXr3G1s0bEnsCX7x0CYVCgZNTSZycSur9no8cPcbaX37llzU/UrhQIb11VihfjnLlyrJ0+UquXb/x3vN8dpHScb5M6dKpuodZunwlzZs2oXy5cjx+4q3TC1urJckenplBVawoMQGBGNvkM3iZFTu3c+epD0tGjsbaSv/7wZsOH6Z8iRJ82btP4rQnL/xQKZUUts2vk/bnfV40qFKF0sWK8tT/JejUk9bgFwJjAgJRFStqcAypZloMbbQ/CiOblNMCT56+YPrcDWxf9y02+eKv/32eviLobSiODoWoVMGBnxaP0VnmlX8QU2b8j8+HdMTFuazOvNW/7qVB3cqUKVUUH99XKJX/1FOcVkucgS9faKP9UZgWMyjth7K3KIC/OsjgBtSrpy+xd6Mn/cYNxLGck978G+evcvfqHSYv/x6lKv4Y5+cTP3pDgSIF31nXZUKCgmno3oTQt7rfhNZCskNGv8tfHYS9RQGD0gohhEhb0gAshBDprGhRe6o5V+XK1WvUqumS5E0/xH/fdfXaX1AoFIwbOwqAEsWL0b1rFzZu3sKc+QtZtnhBRhY9S1i3YRObf9/GuDGjeP36Na9fv06cZ2OTD0cHBypV1O1hY2ER/zCqRPFilCldKsn1NmpYn/y2tly9do1pU79JvwD+o9wSf35bW9q6uzFrzjwi1BEUsLPj923bCQx8Tf++vQG4dv0Gk7+ZirtbK2xsbLhy9Vri8sbGRlSupN9oYGNjQ5PGDTl85Bgd2nkkORxlZlKpVHrbL2F6flvbxHmG1M+7snrsYHhcGo2Gv06fxdvHhy1bt4EW5s+Zlex6c1Lsga9fc/HiZe7eu8fm37dRzbkqXTt3Sna9WW3f/lAbNm2mfr26lCie8kO17LC936dgwQL07N6N5St/RKvV4lCiOL+u24CpqWmSQ49C9o/ZpUZ1ypUtw5TvvmfMyM9BoWDxkuWUL1eO6tWck1wmO8WsUCj4uFcP1m3YhLW1NRUrlOfmrdts3Pw7Awf0T3a5Th3bs37jZhQKRWLv/ewgJ56fk6PVapn09Td4e/sw4/vvuH3nrs784sWLYZc/v95y2WHbGhrbgH592bvvAJ+NGE3vj3ryxNuH39ZvYNiQQSiVSgoUsKNVi+YsXLyUmJgYSpQozukzZzn112mWLJyXbP6ZXUeGxt+ze1d2eXox5bvv8Wjjjq/vMxYvXUEbd7fET1O8+4mK27fjh0ktX65c4nX6uzp1aM+sOfMoWtQ+scE0O0vpOK9UKg2+h9FqtURpNIwbE3+PXKlCBX6YPRcfn6eEhIbiHxBAmTKlMy649zCuUJ7oh48xLmtYebb/eZydJ08ytENH3oSE8OZfI0Tks7KiWMGCdGnUmKU7tlHIxpbqZcvi8+olGw8donOjxrq9hbVaNJoYhnaIv3YoW6w4S7dv45m/P2FqNa9DQnAsXMSgcsU+88P4naHe05RFJVA/APNyKacF6rlWpkjh/Eya+jN9e7YgJiaWtev2UbRIfpo1qo6RkYpyZXTPI+Z/D3tcrIgdTo7/7JNarRaNJprhgzoAUK50cRav3IHvswBCwyN4/TpEJ/17aZ7Hx5KOKtg48SjYlzLWSb9A82/e9x6zYemv1GhYC6u8eXh852HiPCMjI0qUcaR+60acO3KaX+evpm6rhkRGqNm3yZMSpR0pU1l3ewQFvKbr4F4olAry2lhjmceSK39dpEzlcty9cotuQ5IervxdfuH+VLDRb4wWQgiR/qQBWAghMoBH2zZcuXoNjzbuyaZZuGQZERFq3Fq31HlQNmTwp+zes5eTp/7i1F+naVC/XkYUOcvYu28/APMWLtab17pVS+b8MF1vuiFUKhXtPNrw+9bttGrR/D+VMT3lpvinfP0lK39czcpVqwl8/ZoypUuxfMlCSjo6AnD4yDGiNBq89uzDa88+nWXz29py9NC+pFZLpw7tOXzk2D/DS2ZTKdVPUrJD7IbEFRT0lvFffkXhQoVo3rQJn37SP/E76cnJKbGfO3+B76f/gKODA8OHDqZnj27v7RWVFfft1Lp+4yY3bt5i2ZKFBi+THbb3+4z/YjQWFuas37CJ0LAwqlapzE8rl2GVRE+gBNk5ZqVSyZJF85k1Zx7fTJ2OQhH/DdFJE8a/9/ednWL+bOhgrK3zsuMPT1as+gn7IkUYNWI4H/XsnuwypUuVonKlSlhYmGNvb9hD+qwgN52f1epIjh7/E4DRX4zXmz950kS6de2sNz07bFtDY7O3L8KaH1cwe+4CJn41BWtraz79pB8D+vdNTPv9d1P4ac3P/PLbOt68CaKkowML582mcaOGyeaf2XVkaPylS5Vi1fIlLFm2ktFfTMDU1BR3t1Z8MXrkf8q/rbsbCxctoWN7D71vDGdHH3qcT4pCoeC7KV8n/tvBoQQjhg/jk4FDMDI2Yuo3k5McWSEzGFevSuTBI9Cs3aji3wAAIABJREFUkUHpj1y6CMCqXTv15jWtXoOv+/ajXYMGGBkb8ceJP9l+4jh21vno1aIF3Zo0011AoWBsz56J/yxWsCAD2ngwZtkSjFQqvujZk7yWlgaVK/bxEyy6Jf0SWlpQWFSHoP1g3SzlxICZqTHzZwxh5RovZi/aQpRGQ7XKpRgxtBNGRqrU5a1QMGFUj8R/Fy9WgIF92zBi4jKMVSomjO5B3jyG1ZMi8hGK/Mmf19OCc/5yHHp+hsbUTDHttbOXiY7ScOH4WS4cP6szL0++vEz7eQ5FSxZn+Pdj2LvRk1/nrcbU3JTy1SvRrncnFErdY0/TDv8azUABfcd8ypaV69n640bqtW5E+WoVDYrhcdgzOju1MCitEEKItKXQZuePigghRBrz8/NLdkhR8X6hf39/KLfWn8Sf++LPjTG/KzfWQW6M+d9yS/y5Jc73yQ11kBtiTElOrYOcGldq5OY6yM2xg8Sflj6kLoO//g6jypUM7gWc1UTff0jMzVtYz/jO4GU+pJ60Pl+itaiCwsBewFmNVn0PRcQNFA7Jj0r0rg/dN7+5uIxKNqUN6gWc1TwIfsqtoId8X/PzVC0XGhqKvb19OpVKCCGyl5CQkJQTJSNrfnhGCCGEEEIIIYQQQgghshEzdzeir1xLOWEWFX3lGmbubumfkY0HivAr6Z9POlGEXwEbjwzJy714A66+uZtywizo6pu7uBdvkNnFEEKIXEsagIUQQgghhBBCCCGEEOI/Mm1QB6WlOdGXr2Z2UVIt+vJVlJbmmDaok+55KfI2AJUFhF9K97zSXPglUFnEx5AB6haqhqWROVdfZ69G4Kuv72JpZE7dQtUyuyhCCJFrSQOwEEIIIYQQQgghhBBCpAGLfr2JPHSMWL+XmV0Ug8X6vSTy0DEs+vXOsDwVBQagfXsINH4Zlud/pvFD+/YQigIDMjTbPmXaceT5OV5EBGZovh/qRUQgR56fo0+ZdpldFCGEyNWkAVgIIYQQQgghhBBCCCHSgJGjA1bDBhK59wDaoLeZXZwUaYPeErn3AFbDBmLk6JBxGZs5oij8GQTtgZigjMv3Q8UEQdCe+DKbOWZo1g5W9gyp0I39z04RrAnN0LxTK1gTyv5npxhSoRsOVvIdXyGEyExGmV0AIYQQQgghhBBCCCGEyClMmzZCGxFBxPZdmLVpjcq+cGYXKUmxfi+J3HsAcw83TJs2yvD8FdbN0MZFwOttYNMWTLJog6HGL76h2rYdCutmmVKERkVqEh6jZof3EdyKNaCIhV2mlON9XkQEsv/ZKdoUb0ijIjUzuzhCCJHrSQOwEEIIIYQQQgghhBBCpCGztm4oLCwIW7kGs5ZNMa6Rtb6FGn35KpGHjmE1bGCmNP4mUNh4oFVaoH25AkW+lmDpkmllSVL4pfhhnwt/lmmNvwncizfE0sicH+9spXlRV6rlL5+p5fm3q6/vcuT5OYZU6CaNv0IIkUVIA7AQQgghhBBCCCGEEEKkMdOmjVCVdCDi1/VEP3iEcXVnjMuWztQyRd9/SPSVaygtzbGeMy1jh31OhsK6GQpTJ7QBP4P6AVrL6ijMy2VqmbTqeyjCr4DKAqXDvAwf9jk5jYrUxCGPPese7OZByFOq2ZanjHWJTCvPg+CnXH1zF0sjc2bWHiXDPgshRBYiDcBCCCGEEEIIIYQQQgiRDowcHcj77ddEnTpL5L79aE78hcqpJKpi9hgVsEORxwqM0ukRbUwM2tAwYgICiX3mR+zjJyht82He3gPTBnXSJ88PZeaIovj3aENOoQjygpATaM1KgUlRFMYFQZUHFOlUT9oYiA1FG+0PmucoIh+hMLIB244o8jZInzz/AwcreyZXH8KZV1fZ53uKU68u42RVDHvLghQ0t8HK2AKVQpXm+cZqYwmLjsBfHYRfuD+Pw55hY5KX9iWaULdQ1urhLoQQQhqAhRBCCCGEEEIIIYQQIl2ZNqiDaYM6xHj7EH3lOtF37qI5+RdxwSEQHZM+mRobobTOi6pYUYwrlMeiW8cs0eP3fRR5G0DeBhDpDRFXIOIWhJxEGxMMRKdTrsYojKxRmBYDi0oo8nfPMj1+36duoWrULVQNnzA/rr2+x52gx5x+dZVgTSjRcWn/mzJWGmFtkgd7iwJUsHGis1ML6fErhBBZmDQACyGEEEIIIYQQQgghRAYwcnTAyNEB807tMrsoWZuZIwozR7DtBIAik4uTlTlY2eNgZU97h6aZXRQhhBBZiDKzCyCEEEIIIYQQQgghhBBCCCGEECJtSAOwEEIIIYQQQgghhBBCCCGEEELkENIALIQQQgghhBBCCCGEEEIIIYQQOYQ0AAshhBBCCCGEEEIIIYQQQgghRA6h0Gq12swuhBBCZBV+fn6ZXQQhhBBCCCGEEEIIIXIte3v7zC6CEEJkCSEhIR+8rPQAFkIIIYQQQgghhBBCCCGEEEKIHMIoswsghBBZjbxl+GESek/n1vqT+HNf/Lkx5nflxjrIjTH/W26JP7fE+T65oQ5yQ4wpyal1kFPjSo3cXAe5OXaQ+NOS1KVhpJ4MI/VkOBmdTwgh0ob0ABZCCCGEEEIIIYQQQgghhBBCiBxCGoCFEEIIIYQQQgghhBBCCCGEECKHkAZgIYQQQgghhBBCCCGEEEIIIYTIIaQBWAghhBBCCCGEEEIIIYQQQgghcgijzC6AEEIIIYQQQgghhBBC5AZxERGoz10k6tp1oh49JtY/kDi1GuLi0jYjpRKluTmqgnaYlnLC1Lkq5q41UVpYpG0+6UQbG0FM8FliQ68SF/EQbXQA2tgI0GrTNiOFAoXKAoVxAZQWpVHlqYaRdR0UquxRTwAR0ZFc8L/BtcB7PA72JVAdRERMJNo0rCuFQoGFkRl25jY4WRfH2a4ctQpWwcLYLM3yEEIIkbakAVgIIYQQQgghhBBCCCHSkcb7KWE7PQk7+idmFcpj5FAcq6ZNUNnmAzMzFMq0HahRGxcHkZHEvnlL9MuXhO8/xOuFS7Fq1hirju0xcSyRpvmllTi1Nxr/HcS8OYLSshIqsxIY5W+BwigfKM1RKNK4nrRxEKdGG/MWbaQf0YH7ifKZj5Ftc0wKdkZp7pim+aUlnxA/dj05yvFn5ylv40SJPEVoWswVG9M8mKlMUSgUaZaXVqslMjaKoKhQXoQHcMDnLxZfXUeTYrXpULIZDnnt0ywvIYQQaUMagIUQQgghhBBCCCGEECKdvF3zK2EHDmJexxW7sSNQZEAvXIVSCRYWGFlYYFTMHmrWwCqiJepLV/EfPwmr1q3IN7BfupcjNTTPVxMduA+VdV1MHb5AobJM9zwVCiWoLOPzMi2KyroW2lg3YkMuob4/FmM7d0yKDkr3cqTWL7d3cNDnNK6FqzK6Wh/MjdK3J65CocDcyAxzIzPsLQvgUrAi6pj6XPa/w5d/LaCVQz0+qdg5XcsghBAideQbwEIIIYQQQgghhBBCCJHGNN5PeTFiLNG+vtgOH4JFw3oZ0vibHIWFBRYN62E7fAjRvr68GDEWjffTTCtPgji1NxF3PiNW/RST4p9jZNMoQxp/k6NQWWJk0wiT4p8Tq35KxJ3PiFN7Z1p5/s0nxI/RJ37AN+wlw6r2oL599XRv/E2OuZEZ9e2rM6xqD3zDXjL6xA/4hPhlSlmEEELokwZgIYQQQgghhBBCCCGESEOa23fwnzgZ0wrlsWrrlqkNv+9SWFhg1dYN0wrl8Z84Gc3tO5lWlrjwW6gfjEdlWRHjAh6Z2vD7LoXKEuMCHqgsK6J+MJ648FuZWp47bx7z9ZlFlLdxwt2hYaY1/L7L3MgMd4eGlLdx4uszi7jz5nFmF0kIIQTSACyEEEIIIYQQQgghhBBpRuP9FP+pP2DVugXmNWtkdnGSZV6zBlatW+A/9YdM6Qkcp/ZG/eg7jPO7obKuleH5G0plXQvj/G6oH32XaT2BfUL8mHFhFS2L18WlYMVMKUNKXApWpGXxusy4sEp6AgshRBYgDcBCCCGEEEIIIYQQQgiRRl7PX4RF4waYVs6aDXX/Zlq5IhaNG/B6/qIMzzvSew5G+RqjtKqc4XmnltKqMkb5GhPpPSdT8l949Vca2LtQMX/pTMnfUBXzl6aBvQsLr/6a2UURQohcTxqAhRBCCCGEEEIIIYQQIg28XfMrRra2Wbrn77vMa9bAyNaWt2syrtFO83w1CuP8Wbrn77tU1rVQGOdH83x1hub7y+0d2JpZZ9mev+9yKVgRWzNrfrm9I7OLIoQQuZo0AAshhBBCCCGEEEIIIcR/pPF+StiBg1g2bZTZRUk1y6aNCDtwMEOGgo5TexMduA8j26bpnldaM7JtSnTgvgwbCtonxI+DPqdpUjT7NJQDNClai4M+p2UoaCGEyETSACyEEOnkr9Nn+LjvJzi7uFLJuQbdevbmyNFjeukiIyNZvHQ5TVu6UaFKdZo0b82c+QuJiIjIhFJnvpcvXzL6iwnUrtcQZxdXPurTnytXr+mkefHiJU5lK+r9devZOzGNS+16OJWtyI2bN5PN6+O+n+BUtiJbtm5Lt3hSK7fHHxISym/rN9C2facky/7o8WP6DRhEZWcXatVtwJx5C4iNjU2cf//+A5zKVqRGrbpoNJok81CrI6lSvRZOZSvi45Px37lKTkqx+/g8ZehnI3CpXQ+X2vUYNnwkT319E+dn59jf9dv6DbR086Bi1Rq0dPNg/YZNOvM/GzEap7IVWb32l2TXsXT5SpzKVmTMuAnpXdw0MWbchCT364Q/tToSyL77dnIiIyOZv3AxjZu1opJzDdw9OrJj5y6dNDlte8fExLBi1U+0aN2WSs41aN2mHZt/36qTJqfFDNCkeeskf9sJx3CJOWlZMWZDfsMJLl+5yoRJXzNy9Bd687Jr/LntuJXStRfAs+fPGTjkMyo7u1C5Wk0GDxvO8+f/PPDPrtco9Ro2Tfa83LFL98R0OTX+lKR07Xrn7j36fzoYl9r1qFmnAcNHjtGpF4Cjx47j0aEz5StXo1krd7196d79+7Tv3I3Kzi4MGDiEoKCgdI0pLYTt9MS8jisKCwuDl/ELDGD1rl18/N23H5Tm8XM/Bs6aSavRoxi/fCnBYWEfVHaFhQXmdVwJ2+n5QcunhsZ/ByrruihUlgal33vwHL0HzaBJmzF07v0NK9d6oomK1kv33C+QlWs96d5/qt68R0/86D9sNk09xjB20nLeBn9gPaksUVnXReOfMb1bdz05imvhqpgbmaWY9tyR0wxr+4nen+dv/5Q1wM+fVdOXMq7XCMb1GsGPM5YR+DIgcb46XM2q6UsZ3WUo0z//hqcPPqyh29zIDNfCVdn15OgHLS+EEOK/M8rsAgghRE60bccffPnVFJRKJc5Vq2BsbMzFS5cZNHQ4K5Yuwq11KwCio6Pp038gly5fpkABO2q61ODRo8es+nE1J0+e4vdNGzA3T/kiP6dQqyPp038gKiMV307+GktLC35bv5G+nwxkv9cuiha1B+CVvz8A478Yja2tbeLyBezs9Na5dfsfVKms/z2h58/9OHvufDpF8mFyc/zBwSFMnT6DffsPEhMTo/dgEeIfMn3Upz+FChZkzqyZePv4sHDxUgAmjBurk/ZtcDCHjxyjjXtrvfXsO3CA8PDw9AnkAxgSu1odSb8BgzA1NWH6998RFxfH/EWL6f/pYPbt3ompqWli2uwUe1I2bNrCd9/PYOiQQdSpXYuTp07zzdRpmJiY0L1bF52027bvYNCnn+itQ6vVsv2PnRlV5DQx8vPP+LhXT73pi5cuJzIySu9ckF327ZRM/mYqR44dY+zokTg6OHDqr9OMmzAJS0tLWrdsoZM2p2zvqdNmsNPTi5Gff0a5smU4fPQYX03+FiOVEV27dNJJm1NiBvAPCKBLp47UfGc4TKVS951kifkfWTVmQ37DXnv3sXTZCh48fIRKpaJRwwbJri+7xZ+bjluGXHvFxsYyYOAQomNimPXDdLRxccxfuIQBg4ey1/MPVCpV4vqy2zXKqhVL9RpstVotQ4ePpGGD+kDOjj85hly7+j57Rtcevajp4sKsmdNRqyOYu2AR/QYMYo/nDkxNTbl0+TKDh31OW3c3Ro4YzqFDRxg3YRK2trY0adQQgMnffI9HG3f69fmYSZO/YenylXwz+SsAVq/9ha6dO2JjY5Oh8b9PXEQEYUf/xG7sCIPSP/D1ZfmO7Vy+fw+FQoGpkfEHpZm3aQPNXWrSpUlTZm9Yx//27WVUt/iXFDYdPkSbOnWxtrIyqEzmLtUIXLCUfIMHoExFI3ZqaGMjiHlzBFMH/ZeDkuK1/wwz5m2gT8+WuFQri+8zf1as3YU6Moqxw7sBcP+hL0t//IOLV+7H15Op/iPv2Qs30aJJDbp3bMLMBRv5ef2+xOU3/H6Ytq3rkM/asHpS5XUhymc+2mJDUajSp54AIqIjOf7sPKOr9TEofXDQWyysLOg8oIfO9OJOJQCIjtKwZMp8jE2M+Gh4X7Ra8PxtO0unzGfysmkYmxpzaPs+AOZuXMrZw6f4bfHPTF72PQCXT13ArlABSpRxNKg8NQpWYNHVdQys2BUL49zzbEsIIbIKaQAWQog0Fhj4mu++n4GxsTEbfv2ZGjWqA3D9xk269viIr6d8R8sWzVGpVKz5+RcuXb5Mwwb1+XHFUszMzIiOjmbkmHEcOHiIFat+5IsxozI5ooxz7vx5Hj1+zIE9npQpUxqAWjVdcHZx5ejx4/T5+CPgnwbQfn37YGFunuz6bG1t2e21h8mTJmJiYqIzb9uOP8iXLx8hISHpFE3q5eb4/f39ef7cj+nff0t+W1sGDBqql2bb9h2EhITitXMHBQrEN3ZHRUWx9pdfGTJoINbWeRPT2trasm37jiQfsG3b/gd2dvkJDHydfgGlgiGxX712jae+vmzbspEa1asBULBgAXp81IfrN25Sq6ZLYtrsFHtSPHd70bBBfSZ8MQaARg0bcPvOHXbt9tJpALa1teXBw0dcu34D56pVdNZx/sJFnj71xc4uf4aW/b8o6ehISUfdBylBb99y6fIVZv8wXWd6dtq33yciIoKdnrv5dspXice3hg3qc+78BTx379FpSMkp2/ttcDAbN//ON5O/ol+fj4H43/idO3fZtuMPnQbgnBIzxDcWREZG0sa9NU2bNE42ncSc9WM29Dd89uw56tery+KF85g6bWay68tu8ee245Yh116nz5zl4aPHbP99E9WrOQNQokQJOnXtwbnzF6hXt07i+rLbNUrVKvovWh3/8wQhISF83Cu+cSUnx58cQ65df/nfb+TNk5efVi5LfFHR1taWvp8M5PKVq9St48qPq9dSvlxZFi+cB0CrFs3xffaM5StWJTYAe/t407RJY0xNTWnSqCHb/4jvIfzX6TPs3OXJgP59Myhqw6jPXcSsQnmDe//e9fHB2tKSeZ+N4Prjh/x+5MgHpXkW4E/dKlUwMTamTqXK7D97FoCLd+9y8Pw5ejRrbnAMCgsLzCqUR33uYroNYx0TfBalZSWDe//u8DxJ04bV+WxgBwBca1bgpX8QXvvPJDbg3r33lLx5LVn4w2dcv/mYTdv168n3eQD161TBxNSYerUrsufgOQAuXL7H/sPn6dWlmcExKFSWKC0rERN8FmNbw5dLrQv+Nyhv42RQ71+A4NdvsStSkPqtk952j+8+IvClPxPmfU3JCvHPHPLaWrNgwg94P3xCmUpl8fd7RYXqlTA2NaZqneps+WkDAKHBoWz9aRPj535lcPnNjcwob+PEBf8bNM5mQ1gLIUROIENACyFEGjtw8BARERF0aO+R2PgL8Q8QarrUIOjtW27eug3Alq3bAZg0cRxmZvEX9MbGxkyaOA6lUsm27X+g1WozPohMUse1Nuf+OpHY+AlgYmKCSqUiIkKdOC3APwBr67xYmJujVkcm+dY5QBv31oSEhHLwsO7Nn1arZccfu+jY3iPZZTNDbo6/TJnSbNm4ji6dOibuC++6dv0GFSuUT3wACdCpQ3siIiL0hp1r6+7Gyb9OJzaWJ/B99oxz5y/g0cY97YP4QIbEHhkZP/xvnjx5Eqfly5cPALVarZM2O8WelMjIKPLk0X3z3sYmX2IdJKhauRIlihdn23b9ode2bf+DihXK41SyZLqWNb1t2vw7efPkwf3vUSMSZKd9+31MTU05c/I4Pbt305lubm6O+p3PIOSU7R0SEkL7dm1p2lj3oZyTU0lCQkJ1puWUmCG+JyxAkSKFiY6OTnYIVIlZV1aM2dDf8PTvv+ObyV9Rvly5964vu8Wf245bhlx7Xb9xEwsLi8TGTwDnqlWwsLDg+vUbOuvL7tcoAD//7zdatmhO4cKFgdwXPxh27VqkSBE+6d9XZ5SaUk5OwP/Zu+/wKIo3gOPfu9QLCekhlBR6CRB6kd57701/IiICSlFApCiCSJMivYk0KUoPvYqI9CqIoEgNLb3eJbns749I4LhALpB+7+d58vCwO7Mz72z2srezMwMRkUmfFRcvXabufx29T7Vv14Zz5y8QHx+fnOfwkV+Ii4vj2G+/U6SwL3FxcYz/ciITvxxvMMI6O9BdvISlj5fJ6dvUrs2Efu9Tza8MFqqUH9GaksY7nye/X75MfEICZ/68hle+fMQnJDBr/To+6d7TaOaJ1Fj6eKG7eClNedJCH3kBC1tvk9N/O/lDxo3sbbDN1sYKrTYu+XlJ21a1+Hrce9SoWga1WpXicXy98/HbicvExSVw8uw1fLw8iItLYPp36xk5pDtqi7S1k4WtN/rIC2nKk1YXg/7C2yG/yenDQsJwcU96uUin1Rntj49LurZs8zzrfLf/7ztm/H/p83l5cu3CVeJ18Vw5c5l8BZPK37RsPfVbN8Iln/HMY6/i7ZCfi0F/pSmPEEKI9CEdwEIIkc4uX7kCQOWKFY32rVn5PTf+vEz5cmUJCgrmzp27uLq6GD0c8/byolChgjx6/Jj7gYFGx8mtbG1tcXd3Q1EUdDod9+8H8vnYL8hjZ0e7tq2T0z16/Bi9PpEmzVvj51+J8pWqMumbqUYdHu5ubtSsUZ2fN20x2H7i5Cnu3rtH2zatyU7MPf7UaHVao9GOT6fFDgx8YLC9UcP6aDQatmwxXEds0+atuLq6UOutmhlb2XRWs0Z1ChUsyLQZM3n46BEPHz5kyrQZeHt7UaN6NYO0OT32rp07cuDgYQ4cPExUVBT7Dhxk/4FDdOvS2SCdLi6Ozp06sD1gFzrds4cbMTEx7N6zly6dO720wyUn0Ov1rFm7jh7du2JpaThpT265ti0sLHB3d8PKyoq4uDhCQ0P5YdUazpw9R5/ePQ3S5pbz7e3lxawZ0/D2fvZwODExkXPnLlCjuuGoiNwSMySNFgP47PNxlC5XkTLlK/Fe/w8JCQkxSCcxZ/+Y0/I7bIqcFr+5fW6Zcu8VFBSEm6vxSGYXZ2eCQwzXa83p9yg3/v6HY78dTx79DuYVf1q8/9679O/X12DbmbNnsbS0TP6erNXqsHnx96tAARRF4cGDhwBM/HI8e/buo0qN2gSHhPDx4IEsXLyUKlUqGbxsnV3o/rmJ1X8vB2SmT7r34Mj587QZOYLQqEjebdmKNXv2ULZoUcr+1/GeFlaenuj+uZkBNU2SGPM3KtsCJqd3dnJAo7FBr9cTHa3lxOmrbNz6C1071EelSrmzNyUjhnTn8K8XaNFpFKFhkfTt05JV6/bi71eUcn5pbyeVbQESY/5Oc760uBl+l/x53E1OHx4Sxr2bdxnR42OGdhrAqF5DOHHwt+T9JcuXxsXDja0rNhIWHEpoUCibv1+Pe34PSpQvBUDj9s1Rq1SM6j2EIwEHeGfYe1y/dI07f9+iccfmaY4hfx53bobfTXM+IYQQb046gIUQIp2FhiZ90X/+Tfmn1Go1FhYWqFQqgoKDAMj/ki+I+Tw8AAgODklxf272x5UrlC5XkToNGrNz9x6WLJqPZ758yfstLCzQaGzp0b0rixbMpWXz5ny/YiU/rFptcBydTkfXzh059ttxHj58mLz9p02bKVe2LEUKm7ZuTWYz9/hfxsfbh2t//WUwEvTBf3HFvjA6VK1W07plC356roPs6Xp7Hdq1JTExZ42st7W15ftlizlx8hRv1WnAW3UbcubsOX5YtsTowWxOj71Xz+50aNeW/h8OonylagwY+BHdunY2Wv83Li6Ozh3bEx0dzd59+5O3B+zcTYJeT7u2rbP9g/VX2bV7D0HBwfTs3s1oX267tgEqVa1J5eq1+GrSZD4b+YnRlLm5+XyvWLmKwAeBvPfu/wy256aYExL02NvbU6N6NRbNn8vHgwdy7LfjjPp8nEE6iTlnxvyy32FT5OT4zeFzy5R7r/j4eKMXlQDUFmqj+HL6PcoPK1dTokRxqld79rKDOcX/JsLDI5j27Sx6dOuaPPW5j483Fy5eNEj38OEjAGK1STPcFC9ejM0/refSuVMsX7KQ8PAI1m/4ic9GmLZ2bGbTPw7CwsUp08stXKAAi0eOYs/MWUwbOIiImBi2//YrAzt0fK3jWbg4oX8clM61fEaJf4LKMu3tNGLcYhq1/YShn82nQtmiDOjXNk35i/jmZ/m8ERzc8S0zJw8kMiqGrTt/Y1D/9mmuC4DK0gkl/slr5TVVUGwozjYOqSf8j4WlBTYaGzr36857oz7ELb8Hq2Yt586NWwBY2VgxeMJwrl++xui3h/P5O8P558oNBk8YjqVV0vrSmjwa3v98EDN/WsDncydQsLAX6xeuptuA3lhYpn3UvbONA0GxoaknFEIIke6kA1gIIdLZ0y/uqU3d/HS3OU3xbKqiRYuyaeM6Fi+YR6WKFfhw8Mfcu38/ef/Qjwdz4tgv9P3f2zRt3IjpUydTv15dlq9YZXAcnS6OZk2b4OBgn7xeVFRUFHv37adrl07E/Tf9UXZj7vG/TPt2bYiMjGL8lxN59PgxFy9dpv+HgwHIk8dwnS2dTkfXLp2bbo0/AAAgAElEQVT499Ytzp47BySt0Xb/fmCOGHHzopjYWIYO/5RiRYuwfMlCliycj7dXIYYMH2E0NXJOj33rth1s2badT4cP5cfVPzDko0Fs2PgzO3ftMUin0+nw9PSkTu23DB6k/rRpC00bN8LJ0THbx/oqK1aupkWzpim+TJTbrm2AH9esZNWKZfTp1ZMp077l4KHDBvtz6/n+/cRJpkz7lrGff5Y8qu6p3BRzvbq1uXj2JJ+N/JTGjRrw8eCBfDJsCAcPHebOnWcjQiTmnBfzq36HTZGT4zeHz6203Hul5MWReTn5HiUsPJwt27bzdu9eqSf+T26K/03o9XqGDP8UWxtbRn46LHl7x/btOPrrb6xas5aQkBD27tvPpG+mApAnT8prw46fMJGPPxrIvgMHeatOA+o1bMre/QcyJQ5TJMbGwkumxc5Ms9avo2+r1hy9cIGOn39Gt3FjOXrhvOkHsLVNiiWDKPoYUGvSnG/oh51YMHMog/u35/T5ayxYui31TK8wfc4G+r3TiqPHLtK22xg69h7PkWNpmNJZrUmKJQPFJGixtbBJPeF/hn0zijFzJ1C90VtUqVuNjyd9in1eBw5uS3oRKU6rY8X0RXh6FWDQl8MYOH4Ibp7uLJ++iHhdyt8h9m3aRaHCXtjY2jBx4DhG9hzCjtVbUkybElsLG2IStKknFEIIke6kA1gIIdKZq6sLkPrIXXe3pIf6L64B9dTT7SlNKZbb2Wk0VKzgT5PGDVm6aAGJ+kRWrf7RIM2LD1QaNajPw4cPiXnui2p8fDw2Nja0bd2anzcnfUEJ2LUbRYG2rVsSn5A9O0nMPf6XKVO6FBPGjyVg125q1q5Pt5596Ni+HZA0Xdzz4uPjqeBfnuLFiyU/dP1p0xYqVaxAsaJFSEhIyPT6v4lNm7dw4+9/WLZ4IQ3q16NxowYsX7qIP69dY8u27QZpc3LsiYmJfD1lKr16dGPggP7UqF6NIR8NonvXLkyaPMUgbdx/a8N17dyZ30+cJDDwAbdu3ebsuXN06Zw02iE+G8f6KufOX+DCxUu83adnivtz27UNUL5cWWrXeosJX4yldq2azJm3wGB/bjzff/9zkw8Hf0yvHt3p0a2r0f7cFvOLf7caNqgPwD83n00xKTHnrJhT+x02RU6O3xw+t0y597K2tkYXl8I6k/HxRrOU5OR7lHXrN2BtbUX7dm0MtptL/G/iiwkTuXTpMksWzTPo2O3TqwedO3VgwsTJVKlRmy+/+ppePbphYWGRPBvW83YE7CQqKorq1aoyZdoM1q5ewawZUxn52RjCwyMyM6Rs7cCZ00RrtVQoXoKFWzczZ8gwxr3bl8mrVxEZnbGdlRnN2ysflfyL07tbE97t3YJ1Px8kIjL6tY6179AZomO0VCpfjHlLtzJvxsdMGP0/Jk5d/drHzC6ev/+wsbWhRPlSPLyXtLTY8QPHCLxzn4FfDqVs1fKUq16BwROGc+/mHU4ePm50rOBHTziy/QCd3uvO0ikLadG9DWPnfcXJw7/z5/krmRaTEEKI1yMdwEIIkc78ypQG4OKlS0b7er/Tl+Kly3Hh4iXc3FwpVLAgQUHBXL9+wyDdvfv3uXfvPh7u7hQokD9T6p0dXP3zWnJnxlMajS3e3l48eJi0zpiiKATs2m0wIvYplUqF+rkvO09HV3fp3JHbt+9w+sxZft60hWZNG+Pg4PBsGHY2Ye7xm6JXz+6cOn6UgG2bOXX8V0qUKI6lpSV+ZcoYpHsaWtfOHdm5aw+PHj9m3/4DyQ9cc9rI++s3/ia/p2fyCyYAHu7u5Pf0NPr8yMmxh4aGERwcQlk/P4Pt/v7lePT4MWHh4cnbnsbRuFEDHB0d2bRlKz9t2kKBAvmT19DLzrG+yoqVq/ArU5rKlSqluD+3XNtBQcFs+OlnozVRS5UsyYMHhut657bzHRQUTN9+H1CjWjXGjx2dYprcFPPvJ05y8dLlFPep1c+mEpSYc07MpvwOmyKnxW+On1up3Xu5u7sREhJiEIuiKAQFBSdP9ftse9K/Oe0eRa/Xs3rtejp36oidxnDUojnE/yYWLVnGpi3bWLZ4AYV9DZeosLCwYOrkSfx+7Ag7t2/h6OH9KIqCX5nSWP03Fe1TkZGRfDN1BhMnfMHly1eo4F+ewr6+VKpUkXwe7ly/YXg/nFXUGg1os26kY3RsLAs2b+LTHj358/Ztyvj64pUvH2WLFMHd0YmbD4y/Q6ZIq02KJYOoLOwg0fQRxgF7fufvm4Z1L1a4IHp9IsEhkWkuPzpay7zFWxg1tDtX/7pNmVK+eHvlo5xfETzcnLj574PUDwKQGJsUSways7RFqzd+ySQlkeGRnPnlFPE649kE1KqkLoAHtwNxdnPFwfHZtNJ5XRxxdnMl8PY9o3zrFqyhedfWKChEhkVQpW418ro44le5HLeumbZOtFavw84y60fGCyGEOZIOYCGESGctmjVDo7Fl6/YArv55LXn7pct/cOr0GRzs7SlXNqlz4+mallOmzUie8kuv1zN9xiwSExPp1LGD0eiR3Ozvv/9m5GdjDKZG1Gq13L59B18fHyCpk3POd/NZumyFQd4Tp07hVagQtilMuVXWrwxlSpdixszZnDt/ga6dOxmlyQ7MPX5T2dvbU6Z0Kaytrfhu7nyaNW1M3rwpr4vUoV1bdDodHw/9BLVKReuWLTK5tumjUMGCPHr8mIiIZw84wsLDefT4MV6FCqWYJyfG7uLijJ1Gw42//zbYfv36DRwcHHBydDTKY2VlRYd2bdi0eStbtm6jc8cOqNU59xb34cOH7Nm736QpJnP6ta1P1DN6zHgOHDScNvWvv67j65PyOsa54XzHxmrp98GH5MvnweyZ01Otf26IedfuPXz2+TiDzo2TJ0+hUqkoXqyoUXqJOXvHnNbfYVPklPjN9XPrVfdeFfz9iY3Vcur0meT0J0+dTh7tmpKcdo+ya/ceHj16RJ+ePYz2mUP8r2vnrj18O2sOs2dOp1Klii9N5+HuTulSJXnw4CHrN/5El07G69bOmDmHpk0a41emNCoVqHj+pdekWWSyAwsPN/QhYVlW/pLt26jjX4HiXl5J7fTcs4RERTH5JQN9SBgWHsbLkKQXlZU7SoLp7bTyx32s2WA41ffNW4Go1WoKeqZ9xrSFy7dRt3Z5ShTzQq1SoX7ukUsiCokmtpOSEIbKyj3N5aeFm8aZUJ2JndyKwvJpC7l8+tna2on6RG7++TcFfAomHc/TjfCQMGKjn3XAR0dGEx4Shms+w1jOHTtNREgY9Vs3Nrjmko9t4nUXqovETeNsWgxCCCHSlWVWV0AIIXIbNzdXxoz+jLHjv6Rzt55UrOAPwOkzZ0lISODriROwsEga+dG/X1+O/HKUI0d/pV7DppQuVZIb//zD/fuBlCldikEDP8jKUDJd40YN8fby4oOBH/Hx4IHY2dmxas1aEvR6evXolpyu33v/Y+z4CeTL50EF//IcO/47u3bv5ZtJX7302F27dOLLr77Gq1AhalSvlhnhpJm5x2+KuLg4fjl6jJv//suaH9ehKAoL5s5+aXoXFxcaN2rInr376Nyxw0vXE8vuOrZvx+Ily+j/4SD69+uLoigsXrocBwd7o6kIn8qJsatUKv73Th++/2EVTk5OlCvrx8VLl/lh1RoGDuj/0nxdO3fi+x9WoVKp6NypQybWOP2tXL0WB3t72rRuaVL6nHxt5/PwoGWLZkyZNoP4hAQK+/pw9NdjHDn6K0sXzX9pvpx8vhVFYdgnI7j57y2+nTaFP65cNdjv4+2d4rrPOTlmgD69evLTpi2MGPU5Hdq35dbtO0z7dhbt2rZ+6UwnEnP2jPl1f4dNkRPiN8fPrdTuvapXq0rpUiUZMepzRo34BJVKxbQZM/ErU5oqlVOeySKn3aOsWLmaenVq4+PjbbTPHOJ/HefOX+DTUaNp26YVri4unDl7LnmflZUV/uXLAfDkSRAnTp3i6tU/Wb3mRypXrkT3bl0MjqUoCro4HWM+GwlAuXJl+eKrSfx76xbh4RE8evyYkiVLZF5wr2BTtAjxDx9iWSjta6K/KUVRiIuPZ3CnzgCU8vZh1ob13H30iKjYGILDwymSv6BJx4p/+BCbokUyrK5qu2Io2kCwMa0+3Ts14Nu5G8nn4UzVSiW5dfshK9bsoXunBljbWKV+gOcktVMCQwYkvThZqoQ3M+Zu5M7dR0RGxRIUFE6xwqadP0UbiNquWJrKT6sijl48iH5CgTypdzQ7OOWlWoOabFi8Fp1Wh6OzI7/sOkJ4aBhNOiW9aFK9wVvs/WknC7+aTZNOLUFR2PfzbjR2Gqo1qGlwvOBHQfQY2AeVhYq8Lo7Y57XnzNFTlPQvzZWzl+k5qI9JMTyIfkIRR6+0By+EEOKNSQewEEJkgJ7du5LPw51FS5YnTf+nKFSqWIH+/fomr/8GSWtGrVn5PYuWLGPbjgB+P3kKdzc3+vfry0eDPjSaYiy3s7OzY+2qFUyd/i1ffDWR+Ph4/MuX56f1a/D09ExO161LZxRF4fsVK/lu3gLyeXgw5rORySOqU9KuTRu+mTqDzp2y76hqc4/fFCEhIQweMoz8+T1p1qQxH37Q32Ba5JR07dKJPXv3JU+vlxO5u7uxYd0apkybwYhRnwNQqVJFNvy4GheXl8efE2MfNuQjnJwc2bBxE7O/m0fBAgUY+elw3unz8hGxJUoUx798Oezs7ChU0LQHSdlRbKyWDRt/pmuXTimO5k9JTr+2p02ZzLz5C1mydDnBwcEUKVqEhfO/o1HDBi/Nk5PPd2xsLPsOHATgg4GDjfZPnPCFwQs/T+XkmCGp/qtWLGP6t7P54MPB2Nja0rZ1S0b/9zD/ZXkk5uzndX+HTZET4gfz+9xK7d5LrVazbPFCvpw4iVGjx4BKRa23ajBh/NhXjnTOKfco5y9c5MLFS3y/dFGK+3N7/K9rz9796HQ6tmzdzpat2w32ubm5cur4rwAc//0En48bT5HChRk29CPe7t0r+WXpp1QqFVO+npj8/8K+vnw6bCjdevbB0tKKqZMnpThLTFaw8S9P9J79UCXlzv+MpFKpGNX7WYecV7589G/bnsGzvsXSwoJRvfuQ1960lw0Sbt8lT/MmGVVVLBwqEB+0BwvHqial79SuLlZWlmzYfJgNmw7j7ubEOz2a0qtb4zSXrVKp+PyTZ98rvL3yMaBvWwYMm42lpQVjPu1F3rymtZNeewcrt+ZprkNa+LuVZO/t36jsUSb1xECvwe8QsHYbAWu3EB4STsHCXgz+chieXkkvn+V1ceSTaWPY/P16Vs5aBkDRUsX4ZPpog2mhgeROY0hqt74jB7B27grWzV9JnZYNKFO5nEl1uhP5gGY+tUxKK4QQIn2plNy4yIgQQrymwMBAChTI/Ld1c4PAwEAAs20/id/84jfHmF9kjm1gjjE/z1ziN5c4X8Uc2sAcYkxNbm2D3BpXWphzG5hz7CDxp6e0tmViTAz3ur+D2/CPUNll7NqwGUWJiSFo5lwKrV+J2sQY0tpOij6G6EtdsPH5BJVFzhwBr+ij0d3+ljzlfzJ5HeDXuTZj4rX03jeSoRX6oMmB6+jGJmiZfWE1a5pOw87K9PrLszkhhHgmIiLitfPmrIVnhBBCCCGEEEIIIYQQIptR29lh37AesWcvZHVVXlvs2QvYN6xncufv61BZ2GHp0gh9xNkMKyOj6SPOYunSyOTO39dlZ2VL/ULVOPf4zwwtJ6Oce/wn9QtVS1PnrxBCiPQjHcBCCCGEEEIIIYQQQgjxhuzbtyX2xEmUmJisrkqaKTExxJ44iX37thlelrVHR/Thv6PoozO8rPSm6KPRh/+OtUfmTOHernBDTj68RGyCNlPKSy+xCVpOPrxEu8INs7oqQghhtqQDWAghhBBCCCGEEEIIId6Qta839s2aEn34aFZXJc2iDx/FvllTrH29M7wstcYXK7cWJIQczvCy0ltCyGGs3Fqg1vhmSnk+eQvQ1Octjtw/nSnlpZcj90/T1OctfPLKVM5CCJFVpANYCCGEEEIIIYQQQggh0oFTv3dICAkh9sy5rK6KyWLPnCMhJASnfu9kWpnWBd9HiQ9GH55zOjb14adR4oOxLvh+ppb7bpmOhGjDOfv4aqaW+7rOPr5KiDacd8tkzihpIYQQKZMOYCGEEEIIIYQQQgghhEgnrp8MJeaXY+j+yP4ddro/rhLzyzFcPxma6WXb+o4kIewXEqP+yPSy0yox6g8Swn7B1ndklpQ/rMI7HAs8y9Xgv7OkfFNdDf6bY4FnGVYh814mEEIIkTLpABZCCCGEEEIIIYQQQoh0Yu3rjccXo4naeyBbjwSOPXOOqL0H8PhidKZM/fwitcYXTdEviQ/ek61HAuvDTxMfvAdN0S8zbernF/nkLcCYqgPYf/f3bDsS+Ozjq+y/+ztjqg6QqZ+FECIbkA5gIYQQQgghhBBCCCGESEfWZUrjMXUSuj+vEbVzD0pMTFZXKZkSE0PUzj3o/ryGx9RJWJcpnWV1UefxQ1N8Ovroq8Q/CUDRR2dZXV6k6KOJfxKAPvoqmuLTUefxy9L6lHYpwtc1h3It9Ca7b/9KbII2S+vzVGyClt23f+Va6E2+rjmU0i5FsrpKQgghkA5gIYQQQgghhBBCCCGESHfWvt7knzsTKy8vQuYvJubX41naEazExBDz63FC5i/GysuL/HNnZsnI3xepNb7YlV6AhcabuLvzSAg9mqUdwYo+moTQo8TdnYeFxhu70guybOTvi3zyFmB23dF42Xuy8NIGfgs8n2UdwbEJWn4LPM/CSxvwsvdkdt3RMvJXCCGyEcusroAQQgghhBBCCCGEEELkVk793sGucQOitm4naOZcbEuXwtLHCytPTyxcnMDWFpU6fcfpKImJoNWiDwkj/uFDEm7fRfvnNewb1sNj+jfZouP3RdYF38fSpQlxjzeju/0t6jx+WNh6o7ItgMrSCdQaVKp0biclERJjURLCULSB6LV3SIy+gqVLIzQlZmabjt8XvVumIw0L1WDbv4eYfWE1pZyL4O2Qn/x53HG2ccDWwgaVSpVu5SmKglavI1QXyYPoJ9yJfMC10JvUL1SNKbWGS8evEEJkQ9IBLIQQQgghhBBCCCGEEBnI2tcbl6GDcerfl9iTZ9BdvETU4SPoHweRGBsLiYnpW6BajVqjwcLDDZuiRcjTvAluX4xGbWeXvuWkM7XGF1uf4SiFBpAQfgJ95AX0wQdQ4p+g6GNAUdK3QJUKlYUdKit31HbFsHJrjmXRL1FZZO92gqTRwB/796Zfmc6cfnyZi0F/cfjeSYJiQ4lJ0KKkY1upVCrsLG1x0zhTxNGLZj61GFt1AHZWtulWhhBCiPQlHcBCCCGEEEIIIYQQQgiRCdR2duRpUJc8DepmdVWyNZWFHVYuDbFyaZjVVcn27KxsqVewKvUKVs3qqgghhMhGZA1gIYQQQgghhBBCCCGEEEIIIYTIJaQDWAghhBBCCCGEEEIIIYQQQgghcgnpABZCCCGEEEIIIYQQQgghhBBCiFxCOoCFEEIIIYQQQgghhBBCCCGEECKXUCmKomR1JYQQIrsIDAzM6ioIIYQQQgghhBBCCGG2ChQokNVVEEKIbCEiIuK188oIYCGEEEIIIYQQQgghhBBCCCGEyCUss7oCQgiR3Tg4OGR1FXKkyMhIwHzbT+I3v/jNMeYXmWMbmGPMzzOX+M0lzlcxhzYwhxhTk1vbILfGlRbm3AbmHDtI/OlJ2tI00k6mkXYy3dO2EkII8WZkBLAQQgghhBBCCCGEEEIIIYQQQuQS0gEshBBCCCGEEEIIIYQQQgghhBC5hHQACyGEEEIIIYQQQgghhBBCCCFELiEdwEIIIYQQQgghhBBCCCGEEEIIkUtYZnUFhBBCCCGEEEIIIYQQwhwosbHEnTlH/OUrJPx7m8SgYJTYWEhU0rcgtQqVRoPazRXLwj5YlfPDukolVBpN+paTUfQxKFFnUGIug+4mqvggFCUWlMT0LUelRqXSoFi5gU0RVHblUNlXAQu79C0nA8Um6DgXfJU/Qm5wKzKQYF0YsQk6EtOxrdQqNRpLG1xtnPB1KEBZl+JUci2DxtIm3coQQgiRvqQDWAghhBBCCCGEEEIIITJQwp27aAN2ozv6G1YlS2DhVRDburVROTuisrEFtSp9C0xUUHRalNBw9I8eoTtwhKj5S7CpWwvb1i2w9PZK3/LSiaK7gxKyAyJ/AdtSqGwKQd56YOEEaltUqvSd0FJREiFRi0ofBvEPUcIPoDyaBw71ULm0QWXjna7lpae7UQ/YdfdXjj08T3FHHwrlyUdtz0o42Thgq7ZGpUq/3ylFUdAmxhGmi+RRbDAH759k0dWN1PasSEuvOnjZ50+3soQQQqQP6QAWQgghhBBCCCGEEEKIDBKzah3ag4ewqlIZ+8EfZM4o3P9GAKs0GtQFPLGq6I9NbAPizl8iYtxX2DZqiN3bPTK+HmmgPFkJYftR2VeDfIONRuGmcxd50jFV6qRyLOzAugCqPJVA3xhiLsCdz1GcmqByfycDSn4za28EcCjwFFXcyzCgTFc0Fhk7ElelUqGxsEFjZ0N+OzcquJYkVq/jUvBffHl2IQ0LVKNX8dYZWgchhBBpI2sACyGEEEIIIYQQQgghRDpLuHOXsBFj0N+/R57338XmrepZOgWzSqPB5q3q5Hn/XfT37xE2YgwJd+5mWX2eUnR3SLz1CWjvgkd/cHgra6dgtrBLqoNHf9DeJfHWJyi6O1lXn+fcjXrA6FOzuR/zmL6lOlDdo3yGd/6+jMbChuoe5elbqgP3Yx4z+tRs7kY9yJK6CCGEMCYdwEIIIYQQQgghhBBCCJGOEq5dJ+KLr7EqWRybpo2z1dq7Ko0Gm6aNsSpZnIgvvibh2vWsq0zsn3BnHCpNSXBunr3W3rWwA+fmSXW7My6prlnoevgtJp5fTHFHHxoXrJFlHb8v0ljY0LhgDYo7+jDx/GKuh9/K6ioJIYRAOoCFEEIIIYQQQgghhBAi3STcuUvE1JnYNqyHVUX/rK7OS1lV9Me2YT0ips7MkpHAiu4Oyr0p4NgI8lTK9PJNlqcSODZCuTcly0YC3416wIxLP1A/f1UquJbMkjqkpoJrSernr8qMSz/ISGAhhMgGpANYCCGEEEIIIYQQQggh0knU3EXY1KqBZZlSWV2VVFmWKYVNrRpEzV2U6WUrD+ZA3lpgVybTy04zuzKQt1ZSnbPAgqsbqOHhTymnwllSvqlKORWmhoc/C65uyOqqCCGE2ZMOYCGEEEIIIYQQQgghhEgHMavWYeHilK1H/r7IqqI/Fi5OxKxal2llKk9WorJwzt4jf1+UpxIqC2eUJysztdi1NwJwtsmbbUf+vqiCa0mcbfKy9kZAVldFCCHMmnQACyGEEEIIIYQQQgghxBtKuHMX7cFDWNepldVVSTPrOrXQHjyUKVNBK7o7ELYf8tbN8LLSXd66ELY/06aCvhv1gEOBp6jlWTFTyksvtTwrcijwlEwFLYQQWUg6gIUQIp3t2bsf/8rVDX6qvVWXPv97j0OHjySnCwoONkr3/M/RX49lYRRZKyEhgQMHDzPwo6GsXmv8BnJ0TAzTZsykWcu21KxTn7ff7cfpM2cN0tRr2BT/ytW5cvXPl5bz/oBB+Feuzuat29I9hjdhzvFHRkaybsNPdO3RO8W6B+zcneL1Mm9B0nRlf//zD/6Vq1O3QRPi4uJSLEOr1fJWnQb4V67Onbv3MjSetDDn2J/avHXbKz8Xf/3tOACfjPwM/8rVWbl67UuPtWTZcvwrV+fzsV9kVvXf2MNHj1KM+52+/ZPT5NRrOyXmeL7NMWYAnU7HvAWLaNm2A9Vr1aNzt57sCNhlkEZiTllOijkmJpb5C5fQoXM3qtWsQ2Dgswe+ueFvVEoURaH3O33xr1ydmJjY5O256dymdv/xVG49/6bE/9f1G3w4eAj1GjalfuPmfDpqNA8ePEzen5Pjf5XU7l0DAx/w0dBPqFG7PjXr1GfI8E8N2gXg6K/H6NqzD1Vr1qFNh85Gn5M3/v6HHr3foUbt+gz6eBhhYWEZGlN60AbsxqpKZVQajUnp958+Tf/pU2k9agR9Jn3Fip07iYtPeGn6Jdu30XjYEE5cuZK87d8HDxg4cwZtRo3k86WLiYiKfq26qzQarKpURhuw+7Xyp4USsgPsq4GFnUnp9xw8Td9BM2jW4TO69/2apSt3ERcXb5Bm6uz11Gs53Ojn7IUbANy89ZD+Q2bRvNNnjPpiKeHhr9dOWNiBfbWkGDLBrru/UsW9DBoLm1TT3r7+L/PHz2J072GMf28Uq2d/T3iI8XUTGx3Lr7uPMP2Tr7n7j2FHtjZGy/KpixnVcwjThk8y2m8qjYUNVdzLsOvur6+VXwghxJuzzOoKCCFEbpXf0xM/v9IAhIWFc+78BYZ9OooJ48fSvl2b5HQ2NjbUqf2WUX43N7dMq2t2Mn/hEn7evJmwsHASExOpXq2qUZoJEyfz2/HfGfLRQPLnz8+69RsZ+NFQNqxdRZEihuvhbNsegF+Z0kbHePDgoVGnaXZgrvFHREQyZfq3HDhwkPiEBBITE1NM9/jJE/LmdWDYkI8MtpcqaTgVVnhEBEeO/krTxo2MjrH/wCGiY2LSr/JvyJxjf1G9unX4YfkSo+1HfjnKhp82UaF8OYPtW7fv4J0+vYzSK4rC9h27jLZnd0+eBAHw8eCBODs7JW93c3U1SptTru1XMcfzbY4xA0ycPIVfjv7KoA8H4OPtxe8nTjL2iwnkyWNHwwb1DdJKzM/kpJgjIyPp+/4A7t8PpFvXLpQqWRxXVxejdDn5b1RKNm3eyuU/rrx0f244t6bcf+Tm859a/PfvB/L2u/2oWMGfL8ePJVYby3fzFjBg0MdsXL8GG2vr5Dw5Mf6UmHLvqtfrGfTxUBISEpgwfgyJiQrzFuW+JusAACAASURBVCxi0JBh/Lx+LWq1mgsXLzJk+AiaNmnEgP79OHz4F8Z+MQFnZydq10r6fjxp8lSaNW1Cj+5dmTBxMouXfs+oEcMBWLl6Le3atMLJycmo/KyixMaiO/ob9oM/MCn93lMnmbF+Hd0bNqZC8eLce/KY5QEBxMTpGNSho1H6Ww8esOnoL0bb5/y0kfoVKtK+Tj1mbljH6v17k/P/dPgwzapWI699HpPqZF2xPFHzFpPn3T4md2KnmT4GIn+BfINNSr57/ymmzt5Azy4NqVi+GPfuB7FkZQBarY6PPuiQnC4oOAK/Ur60alrNIL+vlwcAM+f9RIM6/nRqW4fp321k1fp9yfnXbz5Mi0bVcHQ0rZ2wqwCP5oHHuyZ3Yr+O2AQdxx6eZ0CZrqmmfXg3kHlfzKJUBT/6DHsPXayWPRt2sGzyAoZPG41KrSImKobNyzdw8cR59AkJJOqNr99DW/cB8PUPMzh1+HfWzV/FyJljAbhw/Byu+dzwKuptUv3Lu5Zk0dWNvF28HRrL1DuwhRBCpC/pABZCiAxSqWIFJk+akPz/X4/9xuAhw5kzbz5t27RK3u7omJdvp03JiipmSydPnaJPrx60bd2KRs1aGe2Pj4/nwMFDDPrwA7p27gRAtSqVqd+4GQcOHaJ/kfeS0zo7O7N7714+HT4E6+cevgBs2xGAo6MjERERGRtQGplr/E+ePOHBgweMHfMZzs7ODP542EvSBeFVqBAd27d75fGcnZ3Ztj0gxQdsW7fvwNXFheCQkHSp+5sy59hf5OrigquL8QPjGTPn0KplcxwcHJK3OTs7c/Pmv/xx5Qpl/fwM0p89d5679+6leKzs7MmTJwD07N4VzSseuOWka/tVzPF8m2PMMTGx7Ny1h1EjPqF7184A1KxRnTPnzrNrz16DzlCJOefGPHf+Ih4/fsKmjevIn9/zpely8t+oF4WGhjJn3nwq+JfnwsVLRvtzy7k15f4jN5//1OJf8+N6HBwcmDNrRnJnr7OzMwMGfsSlS5epWqVyctqcGH9KTLl3PXX6DDf/vcXqH5ZTvlxZALy8CtLr7b6cPnOW6tWqsmLlaooXL8bUyZMAaFi/HvcDA1m6fEVyB/Cdu3eoW7sWNtbW1K5Vk+07dgJw4uQpdu7aTZ9ePTIpatPEnTmHVckSJnec7vjtGHX9/XmvdWsAKpcsyePQUPacOpliB/B3m36ilJc3V279a7D9ftATaviVxdrKkmplyrDv1CkAzl2/zoGzp+lUr77RsV5GpdFgVbIEcWfOYZNB01grUWfAtpTJHadbdx6nXi1/+v8v6ftx1UolefQklN37Txl0AAeHRFC1UklaNa+R4nHuBQbxVjU/rK2tqF6lNHsPnAbg7IUb7D90lq7t65kehIUd2JZCiTqDyjHjprE+F3yV4o4+Jo3+PX34JBo7De9++j5qi6RJP200tiz5eh6P7j/A06sAEaFhhD4JoWv/nuTJa8+Sr+cZHefJg8eU9C+FpbUVZav6s2n5BgCiwiPZumIjQ74eYXL9NRY2FHf04VzwVWrly1lTWAshRG4gU0ALIUQmqVO7Fh4e7oSEhPLo0eOsrk62tWrFMvr+752XjoCOi48nMTER++feYLaxscHGxpbYWJ1B2qaNGxEZGcXhI4ZvSSuKwvaAnbRq0eyloy2zirnGX7RoEVYsW0zb1q3Q2Nq+NF1QUBD58uUDMJhq8UXNmjTi+O8nkkdUPnX/fiBnz52nWdMm6VPxdGDOsZviwsVL/HHlCj26dTHY7lemNIUKFmTr9gCjPNu2B1CyZAl8fX0yq5rp4klQEHnzOqDRaNBqtS+9PnPStZ1W5nS+n8rtMdva2rB/TwCdOhh2nmhsbYmN1Rpsk5gN5ZSYY2Nj2bYjgIEf9id/fs9Xfv7kpr9RM2fPpUjhIrRq2TzF/bnh3ELq9x+5/fynFr+nZz569+xuMNK38H/nNTIy0iBtTow/Jabcu/5x5Sp2dprkzl+Asn5+2NlpuHL1alKaP65Sq2ZNg3ytWjbn4qXLxMcnTe1b2NeXo8d+Iy4ujhMnTuHr60NcXByTp07n889GolZnr8ea8ZevYOFV0OT0X7//ASN69DTYZmNljS4uDhTFYPveUye5+eAB/Vq34UVeHh6cuPIH8QkJnP3rL7w8PIhPSGDupp8Z0rkLarUqTXFYeBUk/vLLZzd4U0rMZVQ2hUxOP3VCP0YP626wzdbGCq02DuW5dgoJjcTDzQlFUdDGGk+37l3Ig+OnrhAfn8CZ89fxKuRBfHwCsxdsYvigzmn+fVLZFEKJuZymPGn1R8gNCuXJZ1LaJp1b8NmcL5I7fwGsbZI+m+K0Se3h6VWAjyZ9QtUGNZL3vcijYD6uX7pGQlw8f567Qr4CSS/2bFu5iTotGuDsYTw70asUypOPP0JupCmPEEKI9JG97pSEECIXUxSFOF3STbeVtVUW1ybnymNnR5PGjVizdh1/Xb9BREQk8xcuISY6mlYtmxmkdXNzoVrVKkYP3s6cPcf9+4G0bGGYPicw9/gfPwni+vUb1GvUjJp16tOwSQujtcIgaZpVjUbDjp07DbZv2xGAi7MzNaobT62d3Zlr7Gt/XE+VypUoVrSowfa4uDjatW3N7j37kh6S/ScmJpb9Bw/RoW2bl66zl109eRKEXp9I+07dqF6rHjXrNGDGzNlGD9Nz47X9lDmd76dye8xqtRo3V1esrKyIi4sjLCyMH9dv4Nz5C8mjY5+SmHNmzJf/uIJWqyUoKJjmrdpRsWpN2nfqxslTp43S5pa/UefOX2Dn7j2MGT0SFSl3rOSGcwup33/k9vOfWvzv9OnF/97ubZDn/PmLWFpa4u9f3mB7Toz/dQWHhODibDzC3cnJiZDQpPVItTod1i98Ly6QPz+KovDw0SMAxnw2kgMHD1G/cXNCQkMZ8P57LF+xkooV/KnwQvtmBwn/3sYin2mddQCO9vbYWtug1ycSo9Vy+s9rbD12lPZ16oLq2WdLVEwMSwN28F6LVjg52BsdZ0inrhy9dInO48YSFhVFn6bNWXfgAH6+hSnjW9gofWos8uUj4d/bac5nMt1NsHr5bAEvcnK0x1ZjjV6fSHSMllNnr7Fp+zE6ta2D6r920usTCQuPYtf+kzTtMIpmnT6j76AZXLv+bP3a4YM6cfT4Zdr1GE9YWCTv9GjK2o0HKVvGF7/SvmmPw8ozKZYMdCsykHwa0zpcbe1ssbO3Q0lUiNfFcf/fu2xftRnfkkXwLmZ6fA3aNkGtUjGu70h+3X2YHh+9w99/XOfuP7ep37ZxmmPIp3HlVmRgmvMJIYR4c9IBLIQQmSA8IoLv5i0gLDycIoV9DdZzfPz4Cf6Vqxv8TJsxMwtrm/1N/HIctra2dO3RmzoNGrNk2XImTfzS6OG5ThdH+3ZtOHHylMGo6y3bduBXpjS+Ptl/1EVKzDl+KytL7Ow0jBg+lGnfTKJQoYKM+/Irrv55zSCdSq2medMmBh1kT0dHtm7VgsRE5cVDZ3vmGPvDR484ePgIPboZr3kVFxdHuzatiYmJ4eChw8nb9+7bj16vp2XL5sT9N3okp1Cr1WhsbencqQOzvp1G08aNWL12HWt/XG+QLjde22B+5xvML+a6DZtSr1Ezpk6fyfAhH1GntuHUkhJzzoz5zt17QNJ6uP3f78u8OTNxcnJkyPARBAUHG6TNDX+jEhISmPTNVHp060KJ4sVemi43nFtI/f4jt59/U++/noqIiGTOvPl07tjeaIrvnBj/64qPj8fS0njVOQu1BfH/vfjg7VXIaA3tp/c1Wm3SzEZFixZhzcrvOX70EPPmzCQiIpJNW7Yx7GPT1o7NbIlBwaicHdOcb/z3y2g7ehSjlyykbJEivNeqtcH+pTt34O7kROtaKU/J7JPfk3lDh7Htmyl8/X5/ImNj2HXiOP3btH2tOFTOjiQGBaee8DWp4oPAIu1rN4/5ajktO3/OiHFLKF+2MO//r2XyvqioWJwc7Sng6ca4kb359OOuhEdE8/mE75NHA/v6eLJw5hB2/TyZKRPeJzI6hh17TjDgXeNR1SaxcEqKJQMF68JwsnFIPeFzjuw4wIgeHzP9k6+JjY6h32cf8pJ3lVJka2fL/0b055s1s/j02zEU8CnIz0vX0alfdywsLdIYATjZOBCsC0tzPiGEEG9OOoCFECKD7Ny9J7lDt26DJnz/wyqcHB0ZP/Zzg3S2tra0bd3K4KdsWb+XHFUATJ0+k5CQUCZN+IIlC+fRonlTJn09hVu3Dd9S1sXF0ahhA+zt87A9IOlN++joaA4eOkyHdm2Ji8v+D91SYs7xL1u8gI3r1tC6VQuaNW3CovlzcXZ2Ys0LHWRxOh0d2rfl9u07XLh4EYCTp07z4MFD2rdrS3x89h9x8yJzjH39hp9wc3OlQX3jdbV0Oh358nlQs0Z1tj33IHXr9gAa1K+HY968yQ8Yc4qBA/pzYO9OevfsTsP69Zg4YTx1ar3F6h/XGaTLjdc2mN/5BvOLefniBSxaMJfuXTszc85cfjn6q8F+iTlnxhwdHQ3A3Dkz6di+HXVq12L2zOlAUqfg83LD36jVa9cRHhbOwAH9X5kuN5xbSP3+I7eff1PvvwD0ej2jPh+LrY0tH380yGh/Tow/IzwdsdmmdUuO/36CdRt+IjQ0lIOHDjN95mwgadajlEyeMo0B/ftx6MgvNGnRmpZtO3Do8JFMq3tqlNhYVDYvX9LlZT5s156Zgz+if5u2nP/rOssCdiTvu3b7NntOnGBIpy7JbZea737+ibebNefY5Ut0n/AFfSZ9xbFLxmuVv4zKxhYl9uVLzrwpRYlFUae9nQa93545UwcxoG9rzl64zuIVz0bTOzrmYeuPE5g49n/Ufas8bZrX4Otx7xIcGsHBo+dTPN6sBZv4X69mHPv9Mp3f/orufb/m6HHT20lR26IoGddOALEJOmzVKU/V/DJV6lZn6Dcj6fXR/0hMVFg2dRHKG7xgcmjrPgr6FsLG1pppQycy7t0R7Fq33eT8tmprYhN0qScUQgiR7qQDWAghMkj+/J40a9qEZk2b0LVzJ0aNGE7Atk1UrOBvkC5vXgcmThhv8NOyec6dvjOj/fPPTTZv3caYz0fRpnVLqleryuSJE/DwcGfRkmUGaRPi47GxtqZl82Zs35H04G3Pvv0oikKL5k1JSEjIihDeiLnHDxg8+LCz01ClcmVu3bplkCY+PoFyZf0oWrRI8iiLbdsD8C9fjiKFfYmX2LM9rVbLpi1b6dKpIxYWxm+ax8cnxdGhXVtOnT7Dg4cPuXPnLhcuXqRDu6S3+HPi7/iLD/bq1q3No0ePiX3uIVxuvLbN8XybY8x+fmWoWb0ao0eNoGaN6kZ/tyTmnBuzWq2mdKmSyf93cnSkZIkS/HPzX4N0Of1v1MNHj1i8dDlDPx6Mra0ter2eRCVpmv7ERL3BlP255dxC6vcfuf38m3L/BTB56nSuXLnKnJnTU+zAzKnxvw5rK2t0ccYdPvHx8VhZJXVmde/ahXZtWzN1+rfUb9ycb6Z9S9fOSX8T3d3djPLu3rOPqOhoqlSuyKw5c1m2aAGTJ05g3JcTiYiINEqfkxTy8KB80WJ0bdiI3s2a8vMvR4iKiSExUWH2zxtpUqUaxQt5odcnkqhP6shTFCXFUeOHz50jWqejfNFiLA3YzowPBzG6dx+mr/+RqJiYzA4tXXkVcqdCuaL06NyQt7s3ZeOWX4iMenlMpUp44+zkwJ17j432HfzlHDExOiqULcqiFQHMmvwh40b0YsrM9a88Zk7g4JwX35JFqNqgBu8M78uta//w5/k/XutYIY+DOLrrMO3e6cwP3y6nSZcWjJw5jrNHT/HXxT/TueZCCCHSm3QACyFEBqlUoQLTvpnEtG8mMWb0SHp274aDQ9qm7hHG/rmZtMZOmdKlkrep1Wr8ypTm77//MUirKElfiNu3a8udu/c4d/4C27YH0LhhA+zt7ZP35yTmHH9ISCh79u5Hq9Ua7VOrDW9pnsbWoW0b9u07wJMnQRw8fIT2/z1wRWLP9rYH7ESr1dGpQ/sU9yskxVG/Xh3y5s3LjoCdbN2+g/yenlSvlrSGXg4JFUg6b3v37Scw8IHRPpVKZXCec9u1DeZ3vsF8Yg4OCWHz1m2EhoYabC9RvFjyGo9PScw5M2Y3N1cSExN5/OTJC3sUrKwMp4DN6X+jfly3gdjYWMZ+MYFK1d6iUrW3mDwlabRrrXqN+GLCpOS0ueHcmnL/kZvPf1ruv77/YRU7duzku9nf4uPjneLxclr8b8LNzZXQ0DCDexJFUQgOCcHVNWlqbLVazYTxYzmwJ4CN69awe8cWFEWhVKmSWFkZrg0cFRXFzDnfMfbzUVy5+iflypbFx8ebCv7l8XB34+9/DL8HZRWVRoOiM/59eZm9p05yM9BwbdTC+Qui1+sJiYzkzLWr/H3vHntOnaDZp8No9ukw3pv2DQDjli/l7a+/MsgbE6tl8Y5tDO3clb/u3qG0jw+FPDwo41sYt7yO/PvA+D4zJYpOi0qjMTmOtFKpNKgSTW+n3ftP8c8tw7oXLVwgqZ1Ckzr//731kN9PXU0xv8UL12t0jJaFywMYPqgz127coVQJb7wKueNX2hd3N0f+vfXQtDgStahUGddOABpLG7SJps0O8Oe5K1y7YNgGBXwKARAaFJpSllT9vGQ9TTq1QEEhMjyCirWq4OCcl9IV/bh9/d/UDwBoE+PQWNq8VvlCCCHejHQACyGEyFEKFMgPJI2Efd6Nf25SsGCBFPOULlWSkiVLMHf+Qi5eukyH9q+3FlJ2YM7xKyiM+nwsvx47nrwtISGBi5cuUbRokRTztG7VAl1cHCNHj0GtVtOsaZPMqm66MrfYFUXhx3UbadqkES4uzq9Ma2VlReuWzdm2fSc7du6ibZtWRg9lcwKVSsXCxctYuXqNwfbTZ85RsEABbGyMH5rkmmvbDM+3OcWcqE9kwsTJHPnFcOrjG3//g7dXyp0kEnPOirlq5cqo1Wp279mXvC08IoK/rt+geLGU18jNqX+jenTvyo+rfzD4ee/ddwBYsWwxH37wvlGenHxuTbn/yM3n39T7r337DzBvwSKmTJ5IBf/yqR43p8T/JsqXK4tWq+XsuWdT7549d574+HjKvbDckZubGyVLFOfho0ds2rKV9m1bv3g45s5fSKMG9SlVsiQqlcpgVLaiYDD6Piup3VxRQsNNTr/uwAE2HjposO3fB4FYqNV4urhSxrcwC4d/avDz5f/6AjCwfUcm9jOciv773QHULleOYoUKJrWRQTspyS+mpEYJDUft5mpyHGmlWLmB3vQ1YddsPMj6nw8ZbLt5KxALCzX58yW9UPDvnQeMmfg9oWHPRoPfvvOI0LBIfH3yGeRdunIXtWuWpXjRgv+9aPmsnRIVhURTX8bQhyXFkoFcbZwI05k2wv3yqQtsXPQjifpn10Pg7fsAuOf3SHPZF46fIyI0nDot6qN6YRFhBUyeVjpMF4mrTdrXfBZCCPHmLFNPIoQQIiOFh0cwcvRYo+29enTDv3y5LKhR9lamdGkqVvBn4tdTGDxwAG5uruzdd4CrV/9k2eIFL83XoV1bpkybQcGCBahSuVIm1jh9mXP8ri4utGrRnCnTZhATG4O7mxsbf95EUFAw/3u7d4p5nJ2dqV+vDgcOHqZdm9YvXU8suzO32H87/jv/3rrFpK/Gm5S+Q/u2rPlxPSqVivZt22Rw7TLO2316MmnyVNzd3SlX1o8TJ0+z/8BBvnhh7fjn5YZr2xzPtznF7O7uRtPGjZg1Zy4JCQl4e3tx/PcTHPvtON/NmvHSfBJzzonZw8Od7l27MH/hYhRFwcfbi5Wr12JjY0PnjimPcM+pf6Pye3qS39PTYNvVq0lTYJYqWRI7u5RHguXUc2vK/UduPv+mxH/x0mXGjp9Ai+ZNcXZ25vyFi8n5rawsKevnZ3TcnBL/m6hcqSIlSxRn3JdfMezjwaBSMee7+ZQqWdJgSaSg4GDOnDnHtb/+Yv3Gn6ngX57OHTsYHEtRFHRxcXw6bAgAfqVL883U6dy+fYeIyEgeP3lC8eIpv2yQ2SwL+6B/9Ah1Ac/UEwOd6tZj7uafyefsQsUSJbj96CE/7t9Px7r1sLayxNrKkuIv/H7Y2iRNoV3AzY3C+fM/26EoxMUlMKBd0nVXopAXczf9zL3Hj4mKjSU4IgJfz/yYQv/oEZaFfUxK+1psikD8Q7BO+QXmF3VpX5c5Czbj4e5M5QrFuX3nMavXH6Bzu7pYWyeNFn+relnye7oyesL3vN29MQkJepav3k3B/K40rFsx+ViKohAXF8+g99sBULKYF3MWbubuvSdERscQHBxBEV/Tzh/xD5NiyUC+DgV4FBtMfrvUO5prNavLyYPHWfntUmo2rYM2Jpbd67bjXcyX4mVLppr/RaFPguncvwcqtYq8zo7kccjD+d/OULxsSa6dv0KXD3qadJxHscH4Oph2roUQQqQv6QAWQogsptPp2Ltvv9H2hvXrSQdwCtRqNXNmzWDu/IXMnb+QiMgIihYpwvzvZr2y86NVi+bMmv0d7du2NlpjMycx9/jHjfmMhYuXsnDRUoKCgylerCjzv5tFYV/fl+bp0K4tBw4efja9Xg5lTrGvXbcBP78yKT40TUmxokUp6+eHnZ0meZR8TtSxfTsURWHN2nUsXrocd3c3Phk25JUje3PDtW2O59vcYv7qy3EsWfY9K1atJiQklMK+PsyaMZV6deu8NI/EnLNiHvHJUOzsNKxZu47IqCjKlyvLkoXzsLe3f2menPo36nXk5HNryv1Hbj7/qcV/4OBhdHFxBOzcTcDO3QZ5XV1cOLR/d0qHzTHxvy61Ws13s79lyrQZjJ8wCZUKqleryuiRIwxGwJ88dZqvJn2Dr48Pgwb0p3u3LkYj5FUqFV+OG5P8fx8fbz4a9CHv9vsASytLJowfi2PevJkW26tYlfNDd+AIVhX9U08MtKldG0srS7Yc/YVNR4/g5uhEj8aN6VK/YdoLV6kY3r178n8LeXjQt2Vrhs37DksLCz7p3p28efKYdCj93fvYNK6f9jqYSGVXDiX8AKo8pr282L5VLawsLfl521F+3noUNzdHenVtRPdODZLT2NpY8e3XH7BwWQBTZ29AFxdHhbJF+WhABywtLZ6VrVIxcki35P97FXKn39st+WjUPKwsLBg5tBt5HUxrJ0V3D5VjYxOjfj1lXYpz8P5JKrim3oFbsLAXg74axq4ft7NyxlJsNDaUquhHm94dUKnT/j2hQbvnZidQwdvD3mPDwjX8tPhH3mpWl1IVyph0nHvRj2hUsHqayxdCCPHmVEpOXCRMCCEySGBgoKzT+5oiI5OmJTLX9pP4zS9+c4z5RebYBuYY8/PMJX5zifNVzKENzCHG1OTWNsitcaWFObeBOccOEn96SmtbKrGxhLw7APvBH2ToGroZSYmNJWre4v+zd99xTZx/HMA/SQiBIEOmIlChAgoqCijuveveq1qtba277l1nrXVvqz+1rjoRB3XvVQe4tU5UlgqCDBkhJPn9QaWGIUEJAfN5v16+Xu3luXu+37vAHfe95zlYblitcQ75/s4pkqF88g0EdkMAUTEdAa9IhurVcgi//EPjHD7mZzMlXYbvz03DQI+uMBYVv/fopihkWH1vJ9bUnZav9wAnJibC3p6jhomIACAhIeGj1y0eL54hIiIiIiIiIiIiKqIExsaQ1KuNtOu3dB3KR0u7fguSerW1W8AWSQHT+kDyDe31oW3JNzJy0HIB29hAgjqlquJWzAOt9qMtt2IeoE6pqvkq/hIRUcFhAZiIiIiIiIiIiIjoExm1bgl5UDBUKSm6DiXfVCkpkAcFw6h1S633JbBsA7y9AiiStd5XgVMkA2+vZORQCFo51kVQ9D2kKGSF0l9BSVHIEBR9D60cc3/9BRERaRcLwERERERERERERESfyMDJEUaNGyHt3AVdh5JvaecuwKhxIxg4OWq9L4HECbBoCiSc1XpfBS7hLGDRNCOHQuBYojQa2VfHhZfXC6W/gnLh5XU0sq8OxxKldR0KEZHeYgGYiIiIiIiIiIiIqABI+/SAIjYO8us3dR2KxuTXb0IRGwdpnx6F1qfApi9UijdA0rVC6/OTJV2DSvEGApu+hdptL9fWeCNLwI1iMhX0jZgHeCNLQC/X1roOhYhIr7EATERERERERERERFRASgwdCNmFS0i/d1/XoeQp/d59yC5cQomhAwu9b0Hp4UDCBSD5XqH3nW/J94CECxkx68Agj264FHUT9+Oe6qR/Td2Pe4pLUTcxyKObrkMhItJ7LAATERERERERERERFRADJ0eYjRuJ1JNnivRIYPn1m0g9eQZm40YWytTPWQkkThA4jAfiTxTtkcBJ14D4ExA4jC+0qZ+zcixRGqMrf4PTL64W2ZHAN2Ie4PSLqxhd+RtO/UxEVASwAExERERERERERERUgAzKu8Fs+iTIHzyC7OhxqFJSdB1SJlVKCmRHj0P+4BHMpk+CQXk33QVjXAFwmglVygPgzWFAkay7WLJSJANvDmfE5jQzI1YdcjMviylVf8Cj+Oc4HnEJKQqZTuN5J0Uhw/GIS3gU/xxTqv4AN/Oyug6JiIjAAjARERERERERERFRgTNwcoTFvNkQlXFA0toNkF28rNNCsColBbKLl5G0dgNEZRxgMW+2Tkb+ZiWQOEFYdgFg5AhErQESL+q2EKxIzoghag1g5Ahh2QU6G/mblWOJ0phTfQTKSG2x/n4ALkfd0lkhOEUhw+WoW1h/PwBlpLaYU30ER/4SERUhBroOgIiIiIiIiIiIiOhzJe3TA4YN6iA18BDeLv8dYnc3iBzLQGRnB0FJcwgkRoBQULCdKlVQyVKhehMPxatXUIRFQP7gIST1asNs5tQiUfjNSmDTFyqzhlDFHgBeLQeMykMgcQDEwZSejgAAIABJREFUpQCRBVRCIwgEBTueSaVSQqBMBRRxgPwlVLJwIPU+YFofAqdfikzhN6terq1Rr7QPDoadw+p7O+Fq/gUcTOxgZ2wFC4kpjISGEAgK7julUqmQqkxDnCwRr1JiEJ70Co/in6NOqaqY5vMjC79EREWQQKVSqXQdBBFRUREZGQlTU1Ndh1EsJSYmAoDe7j/mr3/562POWenjPtDHnN+nL/nrS54fog/7QB9yzMvnug8+17zyQ5/3gT7nDjD/gqStfalKSUFa0DXIb99F+tPnUL6OyRgVrCzgW7RCAQTGxhBaW8HA+QuIK3nC0NcbAmPjAu1Ga985RTJUb4OgSr4NyEIgkL+GSpUCqJQF249ACIHAGCqxNSBxgUBaCYISvoBIWqDdaPNnMyVdhmsx93An9hGeJUYiRhaHlHQZlAW4r4QCIYwNJLCSWKCsqT0qWrrC28oDxgaSAuvjncTERNjb2xf4domIiqOEhISPXpcjgImIiIiIiIiIiIgKgcDYGJK6tSGpW1vXoRRtIikE5vUgMK+XuaiAx0ir0ea2tc3YQILadlVR266qrkMhIqIihO8AJiIiIiIiIiIiIiIiIiL6TLAATERERERERERERERERET0mWABmIiIiIiIiIiIiIiIiIjoM8ECMBERERERERERERERERHRZ0KgUqlUug6CiKioiIyM1HUIREREREREREREesve3l7XIRARFQkJCQkfvS5HABMRERERERERERERERERfSYMdB0AEVFRw6cMP8670dP6uv+Yv/7lr485Z6WP+0Afc36fvuSvL3l+iD7sA33IMS+f6z74XPPKD33eB/qcO8D8CxL3pWa4nzTD/aQ5zs5HRFQwOAKYiIiIiIiIiIiIiIiIiOgzwQIwEREREREREREREREREdFnggVgIiIiIiIiIiIiIiIiIqLPBAvARERERERERERERERERESfCQNdB0BERERERERERESkr9JCniI16DpS79xFelg4FHHxUMnl+dqGQCyGyMIcBo4OMKroCSPfqjB0cdZSxNqnTA5BemIQFIm3oUoNhVL+BlCla6czgQGE4pIQGDlBZFoJBqa+EEpdtNOXFjxNCMe1qHu4G/MY4W9fIk6WCLmy4PeVWGgAC4kpHEqUgqdVOXjbesDZzKHA+yEiooLBAjARERERERERERFRIUs+cx6J+wKhiI2FuFw5GJb7Eia1akBgZgqBQf5u26rS06FKSIQ8Khqyh4/x9uBhiCwtYdquNaT162gpg4Injz0NefReQB4LgdQVQumXEFrUgsDADBBo6Va2Kh2q9AQo015BkfQA6dGBgNgSYpv2EFs20E6fBeBcZDAOhJxCrCwe5cyc4GLugBqlvWAqNoGBUFTg/aUrFUiUJyEqOQaP3jzHoefnYCkxRxuXhqhr71Pg/RER0adhAZiIiIiIiIiIiIiokKSFPEXc2g1QJiXByNcHkvJun7xNgYEBBJYlIbEsmbG9Zo0gu/8QCf4BeHv4KCy+61ekRwQrk0Mgi1gNlSIJIrNqEJlUKLzOBQYQiC0hEltm9GvVDIqkfyCP2oX0mIOQlBlYpEYEP00Ix7q7e5AkT4aPrQfcSxbOcTUQilBSYoaSEjO4l3RGY9TAgzdPsefxMRx5fgHfenbkiGAioiKE7wAmIiIiIiIiIiIiKgRJx07i5bDRMHAoA/PePQqk+JsbSXk3mPfuAQOHMng5bDSSjp3UWl+fQh5zFMn3h0AocYRh6T6FW/zNhcikAgxL94FQ4ojk+0Mgjzmq65AAACfDLmHk2blwMLFFT/evCq34mxv3ks7o6f4VHExsMfLsXJwMu6TTeIiI6D8cAUxERERERERERESkZYl7DyBx7wFY9O8LsYN9ofVrXM0HBqVLI37rdiiTkmDavk2h9Z2XtKgApEcFwNBhAISSMroOJxuReXUIjMpA/mILVIokGNp20Fks+0NOYv/TU/jGowPsTWx0FkdOfOw8UbqELf58+BfeypPR1qWRrkMiItJ7HAFMREREREREREREpEVJx04ice8BmHfvUqjF33fEDvYw794FiXsPFJmRwPKYo0iPCoC4VI8iWfx9RygpA3GpHkiPCtDZSOCTYZew/+kpdHVtUeSKv+/Ym9igq2sL7H96iiOBiYiKABaAiYiIiIiIiIiIiLQkLeQpYpasQIm2rSG0LKmzOISWJVGibWvELFmBtJCnOosD+Pedv88Xw8C2PQRiS53GogmB2BIGtu0he74YyuSQQu37aUI4lt3cijbODVFSYlaofedXSYkZ2jg3xLKbW/E0IVzX4RAR6TUWgImIiIiIiIiIiIi0JG7tBpRo2UwnI3+zEjvYo0TLZohbu0GnccgiVkNs3bJIj/zNSigpA7F1S8giVhdqv+vu7kFzp9pFduRvVvYmNmjuVBvr7u7RdShERHqNBWAiIiIiIiIiIiIiLUg+cx7KpCQYV/PRdSiZjKv5QJmUhOQz53XSvzz2NFSKJIjMq+uk/08hMq8OlSIJ8tjThdLfuchgJMmT4WPnWSj9FRQfO08kyZNxLjJY16EQEektFoCJiArYgb8OwsXNI9d/ycnJmW0vXPwbvfr0g5ePHzy9vNGle2+cOHlKh9EXXWHh4Rg3cTJq1WuEhk1bqH22actWuLh54Nvvf8x1/atBwXBx80Ctug21HapW6Ev+CQmJ2LRlK75q2wG379zJ9vk/9x/gm2+/h0/1WvCtUQeDh/2EiIjIzM8fPnwEFzcPeFeribS0tBz7SElJRaWq1eDi5oHnz0O1lkt+6XPuWTVo3DzH358KhQIAMGjoCLi4eWDtutxHLSxbsQoubh74afTYwgr7k718+RIjRo1F9Vp14eXjh55ff4PrN26qtfGpXgsubh45fkfe6dWnH1zcPLBj125th6yxpKQkzJw9B7XrN0LFKr7o3K0n/r50OVubCZOmwqd6LVSs4oshw3/C69cxam1evHiZ43ejS/feAIDnz0Ph4uaBk6cK54ZcXvL6LgPAxs1b0aBxc7h7eqFBk+bYvPXPbNv5UJuikvOOXbs/eP1z+sxZjdq879r1Gxg7YRKGjRiVrb9adRvil1/nFVZ6H1QYxxkoWjlnFbB3f477YMGiJQA+r3MUoF/nqes3bqJXn36o7F0dfrXrYcSosXj56pVam/CICAz4YRAqevmgYhVffP/j4M/mGiWv669adRvm+jutfaeuAIp3/h+S17WrJm0OHzmKdh27omIVX9Rt2ARz5s5DckpK5ucPHj5E245dUNHLB/0H/IA3b95oLR9tStwXCCPf/Bd/Y+MT0GLkTxjw6y9qy3/fuxdfjRmFjhPH4/Clj3/PqpGvDxL3BX70+p9CHr0XIrNqGrc/ePQyen83Gw1a/YSOvadi1br9SJPJ1dpcuHQHfX74FfVaDkeXPtNx8Kj6teaTp5H45se5aNj6J4ycsAJx8W8/On6RWTXIo/d+9Pr5cSDkFHxsPTRqe/nERfz4Vb9s//Zv+m8kbnRkFFbPWobRPYZidI+h+H32crx+GZ35eUpSClbPWoYRnQZi1pCpCH307KNj97H1wIEQ3uMiItIVA10HQET0ubK3L43KlSplWy4SiQAAu/cEYPzEKRAKhfCqXAlisRhBwdfw3cDBWLlsMVo0b1bYIRdZd+/9g159voGFuQX6ft0LHhXK59ju7LnziIqOhq1N9mmRdvkX36mH9CH/+PgETJ81G4cOH0V6erraTfN3wsLD0blbD/j6+ODXX2YhJSUZ8xYuRt/+3+Gv/XsgkUgy28bFx+P4iVNo1bJ5tu0cOnIESUlJWs0nP/Q599xERUejU4f28PX1VlsuFKo/u7jbfw+++7ZftvVVKhX8AwrnhkxBSUlJxdffDIDIQISfJ0+CiYkUm7b8iT79BuBw4D6UKaM+XeAu/wBUqlgx23YiIiJx6fKVwgpbYxMmTcWZc+cxdtRPKFPGHhs3b0G/AT/gwF5/uJb7EgAweNhPuH37DsaM/glisRhz5y3AD4OGwH/ntsztvIqKAgCMGTUClpb/vSvOxtq6cBPSUF7f5X37AzF95mz079cXdWrVxNlz5/Hz9FkoWbIkWrdqqXGboqBxw4bYuW1LtuXHT5zElq3b4F21KtLS0vJsAwCBBw9h2fKVePT4CUQiEerVraP1+D+FPh3n3LyKioK5uRnGjx2tttyzQgW1//8czlGA/pynHj16jF59+qFendpYumg+Et++xZKlK/D9wMEI2L0DIpEICoUC/Qf8AHl6On6dMwsqpRILFi1F/+8H4uD+gMy/fYDid/w1uf5avXJZtqKuSqXCwMHDULdObbXlxS3/3Ghy7apJm8CDhzBsxCj0/boXfhoxFI8fP8bCxcsQExOL+b/NAQBMnjoDrVu1RN+ve2HC5KlYtmIVpk6eCABYu24DOndsj5Ildfc+XU2khTyFIjYWkvJu+V536e6dSEpNUVsWdP8+jgddxebJPyMmIR6DF8yHn6cnSpqa4mlkJB6GhaG5n59G25eUd0PyydNIC3kKQxfnfMf3sZTJIYA8FiKTCnk3BhB4+G/Mnr8VX3dvCp8qbggLj8LKdfuQkirDyMFdAAC37j7BmMmr0biBN77t0xJnzt/EjLmbYGFeArX8MkbOzl20DU0aeKNr+wb4ZeGfWL/lUOb6W3cex1fNa8DCvIRGMYlMKkARexLK5BAIpS4fsRc08zQhHLGyeLiX1Oz4xL+Jg7SEFB37d1Nb7ujiBACQy9KwdMoCiA0N0HNwH6hUwP5N/lg2ZQEmL58JsUSMY/6HAADz/lyGS8fPY9OS9Zi8fAYA4Nr5q7C2s4GTa1mN4nEv6YzTEVfxNCEczmYOmqZNREQFhAVgIiItqebrg0Xzf8vxs9evYzBtxmyIxWJs3bge3t4ZNzxv3b6Dzt16YtKUaWjapLHaDRN9pVKpMGrseLi7uWHj+rUwMjLKsZ2RkRGEAgEC9u7HD999q/ZZckoKDh46Amtrq8IIuUDpS/5RUVGIiIjErBk/w8rSEv2/G5itzYY/NsHM1AxrVi3PLHhaWlqiT78BuHb9BmrW+O9Gh6WlJXb778nxBttu/wBYW1tlG1moK/qce07i4xOQmpqKVi2bo2GD+rm2s7S0xKPHT3Dz1m14VVZ/2ObK1SCEhoYV6e98VpevXMGTkBAc+Ws/XF3LAcg4j3j5+OHk6dP4ulfPzLaWlpY4EPgXJk8YB0NDQ7Xt7N4TAAsLCyQkJBRq/B8il8tx6MhRjBwxFL16dgcA1PCrDt8adXD4yFG4lvsRd+/9g7PnzmP1ymVo1qQxAMC+dGn06tMP5y9cRJ3atQD8VwDu2+drSI2NdZOQhjT5Lm/e+ifq1a2DyRPGAQAa1K+HZ8+eY9PmrZlFP03aFAXW1lY5/szNnjMX7du1gZmZaWa7vNpcunQZtWvVxJJF8zF95i/Z2hcl+naccxMVFQUnRyd069L5g+2K+zkK0K/zlH/AXpialsCKZYsz/y4xLVEC/b8biJCQp3B1LYeLf1/C4ych8N+5DVWreAEAnJyc0KFzN1y+chW1atbI3F5xO/6aXH9VrpT9YazTZ84iISEBvXqoF2CKW/650eTaVZM2K1etQfNmTfHzlEkAgAb16iIuLh5r/rcec2bPgFgsxrPnz9CwQX1IJBI0qFcX/gH7AGTMpLV33370/6aPdpMtAKlB1yEuVy7f6wXfv49zN2/A3clJbXl4VBQqlP0CluZmsDQ3g7WFOSKio2FRogTmb/sTnRs2ylc/4nLlkBp0vVALwOmJQRBIXTVuv2f/OTSsWxWDBrQDAPj5VsDLqDcIPPx3ZgF38/ZjKPelA2ZO7g8AqF/bCy9exmDDlsOZBeCwiGjUrlEJhhIxalX3wF//jhC+eu0BDh+/gh6d8rfvBFJXpCcGwVCLBeBrUfdQzswp74b/io+Jg3VpW9RuXi/Hz0PuP8Hrl1EYO38SnCtkfC/NLM2xcOwcPHv8FK6eboiKfIUKVT0hlohRuUZV7FizFQCQGJ+IXWu2Ycy8ifnKoZyZE65F3WMBmIhIBzgFNBGRDhw5egzJyclo17Z1ZvEXACpXqghfH2+8iYvDnbv3dBhh0XH5ylU8fPgIs2ZMg5GREZRKZY7tBAKgVcsW2O0fkO2zg4cOIy0tDc2bNtF2uAVOX/J3dS2HHX9uRqcO7XMtcpcuXRr9vumjNtr1S5eMP7YTEhPV2n7VsgXOXbiYWSx6Jyw8HJevXC1SN9P1OfecREVnTD9WunQpyOXyXKdKrFzRE06Ojtidw+j23f4B8KhQHi7OhXcj61PV8KuOyxfOZhZ/AcDQ0BAikQjJyeojP1q1bI6EhEQcPX5CbblKpcKegH1o37Z1jiNtdCUtLQ1KpRKmJUwzlxkZGcHIyAgpqakAgJu3bkMgEKD+eyM9a9bwg52trdqI5uioaJibm0FqbIyUlNQ881QoFPjm2+/hV7sewiMiCjizD8vru6xUKnHn7j3UrlVTbXnNmjVw5+49qFQqjdpkpcucs7p27Tpu3rqNPr175avNrBnTMHXyRJR3d9e4r6XLV8K1QiWcOn3mk2LOL10dZ0B3OeckKjoa9qVLAYDa606yKu7nKEC/zlODf/wBRw4eUHso9d21yrtpem/dvgOpVJpZ/AUAr8qVIJVKcevWbbXtFbfjn5/rr/et/2MTmjZpjFKlSqktL27550aTa1dN2lSq5IkunTqoLfvSxQXp6emZ1z5furjg1OkzSEtLw/kLf8PFuSzS0tIwddpMzJw2tVg8MJ165y7ETvkrfMnTFVi4fRu6N24KBxtbtc++KFUK/zx7jtj4BDyNiMTruHiUsbbGoUt/w0hiiIbe3rlsNWdiJwek3rmbr3U+lSLxNoRGjhq3X/DLj5gytrfaMiOJGKmpaZnnyHv3n6NGNfURxS2aVMedf55Cnp5xvVjWyQ4XLt1GWlo6LgffxxeOtkhLS8e8pdsxdnh3CEX5u00uNHKEIvF23g0/wd2Yx3AwtdO4fVxsHCxtMh4ukqXKsn0uT8uYNtvIxCRzWQnTjGt0+b/t7RxL4f6Ne5DL5LgbdBt2ZUoDAPz/tx0NWjeGpV3+Zt5xMLXD3ZjH+VqHiIgKBgvAREQ6cPtuxh9YPlWrZvtsy8b1ePTP7RyfJtdHf1+6DGtrK+zc5Q8vHz+4e3qhV59+2W5qy2Rp6NqlE56EhGR7Z+Zu/wA0btQQpqamKG70Pf/3ffdtP3w/oL/asqDgYBgYGGT7WWrcqAGMjY0R8O8ogXf89+yFlZVltpvsRZ0+5R71703R8ROnoEKlqvCo7I1vv/8RsbGxau1kaWno3KkD9gcehEz2382N5ORkHDp8BF06d8r1pnxRZGRkBBsba6hUKshkMkRERGLi5J9hIpWiXdvWam1trK1Rs4Zftgc+Ll2+grDwcLRto95e10xMTNCqZXOs+2Mj/rn/APHxCVi0ZBmSkpLQ/t9YU1NTIRQKYWCgPkFRmTL2iHzxIvP/X0VFQaFQommL1vD08kZl72qYNWduroXgCZOnIigoGOt+XwWHMmW0l2QO8vouJyQmIi0tDdZW6iMALS1LIjU1FcnJyRq1yUqXOWe1fuMm1PCrDje33Ef5aNImL7v3BGDx0uWY/vOUD47I1AZdHWdd5pyTV6+i8c/9B/Dxq42KVXxRvVZd7Nm7L1u74n6OAvTrPGVqagoLc3MoFAqkpKTi3j/38etv81G1ilfm3yqvX7/O9t0FAMuSJRETq/6+1uJ2/PNz/fXOo8dPcP7CRfT9OvuDL8Utf22b+8ssNGrYQG1ZUPA1lHd3h7m5GQBg5rSpOHzkKHxr1EFMbCyGDRmEVb+vha+vt9qD1EVZelg4xLbZX9HzIX8eO4K0dDm+bpn9oYCqbm5o7ueHb36ZiTGrlmNk9x4QCUX434H9GNmte77jE9vaID0sPN/rfQpVaiiEhpoXNUtamMLYWAKFQoGkpFRcunoPO/eeQdcODSAQCAAAqalpMBSrX0eWsrOESqVCVFTG76Ixw7vj1LkbaNlpHN7EJaL/162wadsReHl+iUqe+R/FKzS0gypVu+/sDn/7ErZSzWeLiI+NQ3hIGMb0GIYRnQZiXK/huHTiQubn7pUrwNLWGns37ERczBu8ef0Ge9Zvh01pW7hVznjVVJP2LSAUCDCu93CcDjyOvj99i4e37iP08TM06dgi3znYSq0Q/vZlvtcjIqJPxwIwEZGW7NsfCBc3D7V/70ZrvXmT8QeIjU32JyeFQiFEIlHmHzL67tnzULx+HYPLV69i3txfsHDerwgJeYrBQ39SGxGjVCpRxasynMuWxa7d/420CA0Nw9WgYHTt3LHI32TLib7n/yHx8Qn4bcEi9OjWNdsUikKhEK1btcSu9wpk796316FdWyiVOY+mKi4+59zT0xUoUaIEavhVx+oVyzBsyCCcv3AR4yZOUWuXlpaGzh3bIykpCUeOHstcHvjXIaQrFGjXtnWx/M7fuXsXFSpVRd2GTfDXocNYs3oFStmp3yCTyWTo2rkjzl+4iJcv/7uZsst/DypVrAgXZ83eyVWYfpvzC4yNjPFV2w6oWq0Glq1YhQW//ZpZ9Cv7hRMUCgVuvzcCRaFQ4PXrGKSkpGYuE4lEMDY2Qo/uXbF65TK0atEC6zdsxB+bNmfrc9GSZQjYux/LlixExYqe2k8yi7y+y+9GYBhkuVkpEmaMZkpLS9Oozft0nfP7Xrx4iSNHj6NP756f1CYv585fwIRJUzHwh+/Qs3vXj97Ox9LFcdZ1zjkxNBRDKpVi8oRxWLp4AZwcHTFm3ETcyTKqrLifowD9PE+t/2MTPL280bpdR8QnJGDNqhWZf6vI5fJsD+8AgFAkzJZfcT/+H7r+euePjZvh5uYKv+rVsn1W3PPXtpu3bmPnbn8MHfxj5jJX13LYs2s7bl27gnVrViE+PgHbd+zC+DGjdBhp/iji4iEw0/xB3MjX0dh0+BCGd+kGoyyv+nhnQJu22D93HnbP+gUtatTAigB/tK5VG2WyjBbWhMDMFIq4+Hyv9ymU8jcQGJjle70xU35H47ajMGL8ClSp+CUGDmib+Zmjgy3u/PNMrX3U6zgAQKos43eRS9nSWLd8DE4cWICFvwxC4ttk7P3rAgZ/3/6j8hAYmEEpf5N3w08QJ0uEqdgk74b/EhmIIDGWoPOA7vh23I+wLm2LTYvWIfRRxr4RS8QYMn0kHt6+jwl9RmJi35F4cvcRhkwfCQOxGABgbGKM7yYOxsJdKzFx2XSUcXbE9lWb0W1gb4gM8j/q3lRsgjhZ7rMmEBGR9vAdwEREWuLk6Ihqvj5qy+xLZ0yd8+6P+9ym9KP/vH37FrY2Nti+ZSOkUikAwMzMHP0GfI+rQcGoXs03s61MJkOXzh2xcvUaTJ08AUZGRtjlvwe2NjaoV7cOThaBKRLzS9/zz41CocDwkaNhJDHC2NE/ZftcJpOha5dO2L5zF4KvXYOPtzcu/n0JERGR6NK5Ex48eKiDqAvG5557/Xp1cDP4cuaN5SaNG8LIyAi//jYfoaFhcHLKmC5OJpOhVKlSqFunFnb5B2SOet3lH4BmTRrDwty82NxYf9+XX34J/53b8Pp1DDZu3oIfhwxDwO4daiM5ZbI0NG/WFKYzZsE/YB8G//gD3r59iyNHj2Hi+HFI+7eYVJTMmPULYmJjMP+3OShlZ4cdu/wxeeo0lC/vBhdnZ9SqWQN2traYOm0GFs7/DRKJIX79bQFCw8LUzqUjhg3B8KGDM78fzZo0RkxsLNZt2IRv+32T2S7w4CHs3XcAkyaM1dnoyLy+y8Z5vcNYkwfB3mtTFHJ+36YtW2FjY4Om/77T+WPbfMjTZ8+wfecuNGxQD2NGjvjYUD9JYR/nopBzTrZu2gCVSpW5Hxo1qI/6jZth/cZNWDhvbma74n6OAvTzPNWubWv4VK2CZ6GhWLpsJQYOHortWzflOf1u1gdai/Pxz+v6CwDi4uMRsG8/Jk8cn+PnxTl/bYuKjsaPQ4bjq1Yt0bJFs1zbTZ0+E8OGDsLR4yewZOkKiMViTJwwtki/6kYll0OQw0MSuVm8cwd83N1Rx8sr78YAbj1+jBuPHmHJ8BEYtXwp/nn2DL7ly2NC7z4wzmX67fcJDAygkhfytaMqHRDk/5b0iB87oXe3prh3/xnWbT6IlWv3Yci/xdtWTf2waOVu7N57Bo0beOPm7SdYvGI3AEAqleS4vXlLdmBA369w9vxN/G/TQRiIRRg2sCMa1KmiWUACg4xctEiuTIeBUPOi609zxqmdjytV98KU/mNxYt8x9Bv9HdJSZdgwbzVKOdrjq57toFIqcWBLANbNW43RcydCLBFn2+ZR/4NwcHaExEiCmYOmIDEuAXVbNkCbrztka5sTA6EIcqV29xMREeWMI4CJiLSkalUvzJv7i9q/ip4eAAArK0sAQExM7Ic2Qf9ydi6bWfwEgFo1/SAUCvHo8RO1dmlyOTp1aI+UlBQcPnIMSqUSe/buQ8cO7SESiZAuL55/dOh7/jn5efpM3Lp1G2tWL4eJSfYnouVyOap4VYara7nMURa7/APgXbUKyn2Z8W6x4kofcs96w/jd9IBPQkIyl6X9e6Oqa+fO+PvSZURGvsCzZ88RfO0aunTuCACQF4Ncs5IaG6NqFS80bdIIa1evhFKhxKbNf6q1kcvlkEgkaNu6NXbvyTjGgQcPQaUC2rZuBXl60SoAP3r0GDt27cbM6T+jY/t2qFWzBhbNnws7OzssWbYSQMYU2CuWLUZ09Gs0a9ka9Rs1g2VJC3zp4gJ7+9Jq28v6/WjcsAFevnyZ+T5KANi7L+OdlVevBms/wQ/40HfZ8N9RPe9PDQtkHF8AkBgaatTmnaKSMwCkpKRi+85d6NWjW64FIk3a5OXEyVNISUnBP/cfICkp6VNC/iSFeZyLSs45eX8/SKVS1PCrjidPnqq1+RzOUYD+nadsbWzg7V2TQ+3lAAAgAElEQVQVHdu3w+KF8xB87TrOnD0HION99bK0HN4zKZdnfrffX1Zcj39e118AsG37DhgaitG+XZscPy/O+WtTckoKBnz/I+xsbfDr7Bm5tjsQ+Bfevn0Lv+rV8Otv87F18wYsmj8XY8dPQnx8QiFGnD8CsRgqDY/tmevXEHz/PoZ26gKFQgmFQpn50Pj7//2OQqHEgu1/YkTXblgXeAAONrbwnz0HCoUSW44c0ahPVXo6BOLsRT+t+sjCqZOjHby9XNG7W1P0690S23afQEJixrmwc7t6aN28BhYs34WWncZj/rKd6NS2HkQiIaytLLJt6+jJICQlp8K7cjksX7sXy+cPw/QJ32Dm3M2Z28zTRxay80MsNEC6MudXneTm/XOUxEgCt8rl8TI8EgBw8fh5RIZGYNC0EahYrTIq+VXBkOkjER4SisunLmbbVsyraJzefxydvu2Otb+uQsvubTB5+QxcPvU3/rmu2buj05UKiIUcg0ZEpAssABMR6YCnRwUAwM1bt7J91rtvf7hWqIQbN7N/po9sbWzw4kXO74sxzPqHqkoFGxtrNKhfD7v89+DCxb/x4sVLdOmU8WSqCsVvxLW+55+T1Wv+B/+Affjf7yvhXDbnqW7f3Rvp2rkj/jp4GK+ionD02PHMG67FdfS9PuT+96XLuHnrdo6fCd97+v1dHk0aN4S5uTn8A/Zil38A7O1LZ75Dr6jn+r57/9zPLOa+Y2xsBCcnR7x4+UJt+bu8unTuiOfPQ3E1KBi7/QPQvFmTjHd9F7G8Hz56DACo5PnflMRCoRCVKnni4cNHmcu8q1bB2VPHcDhwHy6eO4Wxo0fieWgoqlbJGAGjUqkQePBQtnegAxk3uoTv3ezq3LEDFs6fi6PHT2DnLn9tpfZBeX2XTU1LQCKR4PXrGLXPoqKjITU2hlQq1ajNO0Uh53f2BOxFSkoqunft8klt8lLe3R0Bu3fgzZs4TJ0+86O38ykK+zgXhZyziomJxYG/DqpN1/6OSKR+y6G4n6MA/TpPnT57DmfPnVdbVt7dDQAyr09tbKwRGxurlotKpcLr1zHZpkkursdfk+svhUKBzVu3o3OnjpDmMvK/uOavTQqFAsNGjEJCYiLWrVkFo1xGrCYmJmLO3PmYOf1n3L59N/PVN97eVWFna4OHjx7luF5RILIwhypBs+lvNx85jLT0dPSc/jMaDB2EBkMH4eS1YDwIDUWDoYNw+PLfau23nzgGB1s71KxYEbdDQtDCzw/GEgma+FbDnachufSiTpWQCJGFeb7z+hRCcUmo0jUv2gce/huPQ9Sv/8o5l4FCoURMbMa+FYqEmDSmNwJ3zMbmNRMR8OdMKFUquJdzhDjLtMVJSalY/nsAxo3ojnsPnsOjfFk4OdqhkqcLbK0tEPJU/do7N6r0BAjFJTXO42NYSEyRKNesIJ0Yn4igM1cgl2WfXUIoyDgfv3geiZLWVjA1/29acjNLc5S0tkLk8+zvgt62cgtadG0NFVRIjEuAb73qMLM0h6dPJTy7r9l3LFGeBAuJ5tOgExFRwWEBmIhIB1o2bw5jYyPs3R+Ie//cz1x+6/YdXLkaBNMSJVBJx+/uKypq166J0LAwtYL435cuQ6lUwv3fG1BZde3cCZcuX8HS5atQvZovypb9orDCLXD6nn9Wfx08jAWLlmDxwnnw9q6aZ/sO7dpCJpNh2IhREAoEaN2qZSFEqR36kvvBQ4cxfuIUtZugly9fgUAggGu5L7O1F4vF6NCuDfz37EXA3n3o3LEDhMLid4n7+PFjjB0/CaGhYZnLUlNT8fx5KMp+kfPPcEVPD3hUKI/5Cxfj2vUb6Nq5U2GFmy8ODhnTV78rBL/z8OEjODqWUVsmFovh5uaKUnZ2WLRkGaytrVGndi0AGUXeJUtXYO3/Nqitc+nKFTg6OKjdNG7RvCnafNUKHdu3w4zZc9T2a2HJ67ssFArhVblStuLK+QsX4eVVGQA0avNOUcgZyChg/LFpC75q1SJzxpOPaaOJOrVroaKnB6ZNmYS9+w7gr4OHP3pbH6uwj3NRyDkrlUqF4T+NxukzZzOXpaenI/jaDbi6lstxneJ6jgL06zx19OhxTJ46HQrFf6PPHvz74M6768sqXl5ISUnFlatBmW0uX7maOdo1J8Xp+Gt6/XXw0GG8evUKX/fskec2i1P+2jZj1hzcuHkLG9ethaVl7ueD+QuXoFnTJvD0qACBABDgv4e+VCpAqVQWRrgfxcDRAfKoaI3aTurzDf43bqLav+oVPFC2VGn8b9xE1K7437TQr2Jjsf3EcQzrnPEglfC9iQmUKhWg4cO/8qhoGDg6aJxPQRAYOUGZ9krj9hv/PIotO46rLQt5FgmhUIgypdQfNLGyMofrl2UQFfUG+w9eQOsWNbNtb9W6fahXpzLcyjlCKBCo7zuo/t1/eVOmvYLAyEnjPD6GQ4lSiEqOybshAKhUWPfbKty+ejNzkVKhRMg/j2H/RcY1t3Upa8THxiEl6b+Zc5ISkxAfGwcrOxu1zV07fxUJsXFo0LqJ2s9c5rY1/LmLSo6BQ4lSmuVAREQFivMvEBFpSVDwNQwbMSrb8tkzp8Ha2gqTJozH5KnT0Llbz8zRTVeDgpGeno7ZM6d/9HSIn5uWzZuhoqcHBg0ZjtGjRkCpVGL+gsWoU7sWKleqmOM6jRrWh7W1FYKvXcO8ub8UcsQFS9/zf9+16zcwetwEtG3zFawsLREUfC3zM7FYDK/KlbKtY2lpiSaNG+HwkaPo3LFDrlP2FXX6lPvXvXpil38AxoybiA7t2+LZ81D8tmAR2rVtnW0q4He6du6E9X9sgkAgQOdOmr2Lqqhp0rgRnBwd8cOgoRg2ZBCkUik2bdmKdIUCvXp0y3W9rl06YdqM2XB0cEANv+qFGLHmKlX0hK+PNyZN/RmjRgyHra0NAv86hNt37mLrpizF3MtX8PjxE+w78Bdu37mD//2+EgbvvTdvwLffYPLU6bCzs0UVr8o4f/FvHDx0BHNm5Txl5PSfJyPo2jWMHDMOO/7cXKjnVk2+y9/06Y1BQ0dg2ozZaNyoAc6cPYfLV65i1YqlmdvRpM37dJkzAJw5dx5PQkIw/7c5n9QmPzp36oDTZ89i8s/T4ONTFaXs7Apku5rQ1XHWZc5ZWVtboV3b1pg2cxaSkpNga2ODrdu2Izo6Gt8P6J/jOsX1HAXo13mqd68e2L0nAEOGj0SPbl2QmPgWi5YsQ+VKFTPPOX7Vq6FCeXeMGTcR48aMgkAgwG/zF8LTowJ8fbxz3G5xOf75uf7asHEz6tetgy++yLsYVFzy17b1GzZi89Y/MWnCWES/fo3o168zP7O0LAkXZ2cAGQ+ZyNJkmDR+LACgUqWK+HnGLDx99gzx8Ql4FRWV64OxRYFRRU/IHj6GpHzeMTrb22dbZiqVIj7pLdyzfLcioqPRv1Vr2P1bOK9QtiwOX74MZ/syOHktGB5lXTSKTx4aDqNCfvhcZFoJiqQHEJlU0Kh9904NsWDZTtjZlkQ1b3c8e/4SG7YcRvdODWH43jtrY2Ljce3mYzx4FAb//WdQ2fNLtP+qttq2VCoV0uTpGD4w48HJ8m5OmL9sJ0LDXiHxbQpev45HOefsxyEnytQwiEyz/x1WkDytyuHRm+dwL+mcZ1tTCzNUb1gTO37fClmqDOYlzXHm4GnEv4lD004ZD5r4NayFI7v+wqoZi9G0UytApcLR3YdgLDVG9YbqxfKYV6/RY9DXEIgEMLM0RwmzEgg6ewXuXhVwN/g2eg7+WqMcwhNfwdMq5wfCiIhIu1gAJiLSkoiISERERGZbPmXSBJiamqJn966ws7XB6jXrMqaRU6ngXbUKvh/QP/M9YgSIRCJs+N8azJj1C6ZOmwmhUIjGjRpg6uSJH1ynY/t22PLndrRq0aIQoy14+p7/+w4fOQaZTIaAvfsRsHe/2mfW1la4cvFcjut17dIJh48czZxerzjSp9zd3FyxacP/MG/BYvzw4xBIjIzQtnUrTPj3pl9u63hVrgSpVAqHMmVybVeUSaVSbN20AXPnLcDPM2ZCLpfDq3Jl7Nq+BaVK5f7EfLs2bTBn7nx07tQh2zspiwqhUIg1q1dgwcLFmL9oMeLjE+DmWg7r1/6erWg9eep0JL5NhF+1apgxbQoqlHdX+7xbl85QqVRYv2Ejli5fCTtbW0waPxZdu+Q8+tnExASLF8xDl+69sGLV7xg2ZJDW8sxKk+9yi+bNMGvGNKxZuw5/bt8Be/vSmDVjGpo3bZKvNu/TZc4A8MfGzahcqWKOD6bkp01+zZ4xHa3atsfosROw+Y91hfbzoKvjDOgu5xxjmTkdS5Yux+KlyxEd/Rru7m5Yv3Y1vnTJvQBRHM9RgH6dpzwqlMefm//AgkVLMGT4SJQwMUG9enUwbvTIzIdLhEIh/vf7KkybOQvjJkwCBALUrlUD06dO/uBI5+Jw/DW9/rp+4yZu3LyF9WtXa7zt4pC/tu09EAgAmD3nt2yftW7VEksXLwCQMQPIr7P/m/LeuWxZjP5pBLr1/BoGBmLM/WUWLMwLdwrj/DDyrYq3Bw8DzRoV6Ha93d3h7f7fddKP7Tth5h/r0XbsGPiUL4/ezZtrtB3548cw7/nxr2P4GAamvkiPDgSsmmnUvlO7ehCLDbBjzyns8D8FG2sL9O3RDL26qZ8jr157gF8XboOTox2+69saXTo0gDDLqwgEAgEmjuqV+f9OjnYY2L8tBv60GAYGIkwa3QtmZpo9lKFKfgSDUr3ybvgJvG09cOj5OTRGDY3a9xrSF4Fb9yFwawDiY+NRxtkRQ6b9hFKOGQ8omVmaY9Rvk7Bn/XZsXPQ/AMCX5cth1LwJatNCA8gsGgMZ+63/2IHYumwDtq3YiLqtGsLDR7PruMcJoejmrr8zHRAR6ZJApY8vGSEiykVkZCTsc3jqlvIWGZlR7NbX/cf89S9/fcw5K33cB/qY8/v0JX99yfND9GEf6EOOeflc98Hnmld+6PM+0OfcAeZfkApqX74aOR6SKpU1GgVcmGT3H0J24xbsFv76Sdv5mP2U/GAERKZVNB4FXNQokv6BIvEGpO6LNV7nY79PY8/PR2VrN41GARc1D948xa3XD/FbndH5Wo/35oiI/pOQkPDR6xaPF88QERERERERERERFTOm7VojNShY12FkkxoUDNN2rXXSt9imPRQJV3XSd0FQJFyF2KZ9ofTVxqUhgqPuFUpfBS046h7auDTUdRhERHqLBWAiIiIiIiIiIiIiLZDWrwOhiQlSrhadInDK1WAITUwgrV9HJ/2LLRtAIDKBIv6KTvr/FIr4KxCITCC2LJxXd9W194GJWIrgV3cLpb+CEvzqLkzEUtS199F1KEREeosFYCIiIiIiIiIiIiItsfiuH94eOgp5eKSuQ4E8PBJvDx2FxXf9dBqHpMxAyF8fglIWodM48kMpi4D89SFIygws1H6/9eyII6EXEJkUXaj9fqzIpGgcCb2Abz319z3nRERFAQvARERERERERERERFpi6OIMq+GD8XZ/IJSxb3QWhzL2Dd7uD4TV8MEwdNHtO2WFUhdIvhiB9Ki9UMljdRqLJlTyWKRH7YXkixEQSl0KtW9nMwcM9eqFA09P4Y3s498FWRjeyBJw4OkpDPXqBWczB12HQ0Sk11gAJiIiIiIiIiIiItIik6aNYNq+DeK379LJSGB5eCTit++Cafs2MGnaqND7z4nYqhkMbDtA/nJbkR4JrJRFQP5yGwxsO0Bs1UwnMTRyrIG2zg2x89HhIjsSODIpGjsfHUZb54Zo5FhD1+EQEek9A10HQERERERERERERPS5M23fBkITE8QsWYESLZvBuFrhvB815Wow3h46Cqvhg4tM8fcdQ9sOEIhMIHu+GGLrlhCZV9d1SGoU8Vcypn3+YoTOir/vtHVphBJiKZbd3IrmTrXhY+ep03jeF/zqLo6EXsBQr14s/hIRFREsABMREREREREREREVApOmjSD+0hlxazcg/sFDGPn6QFLeTSt9ye4/RGpQMIQmJii1dL7Op33OjdiqGUTG5SCLWA3Fi/sQmVWDyKSCTmNSJP0DRcJVCEQmkJZfXujTPuemkWMNOJs7YN3dPXjw4Bl8bD3gXlJ3x/XBm6cIjroHE7EUC+uN47TPRERFCAvARERERERERERERIXE0MUZtnNmIPnMeSTuC0TyydMQlysHsZMDxLY2EJiZQmCQv9u2qvR0qBISIY+Khjw0HPLHjyGytIRZpw6Q1q+jpUwKjlDqAmPX3yCPPQ159F4oYk9CIHWF0MgRQkM7CAzMAIGWbmWr0qFKT4Ay7RWUqWFQJT8CxJYQ23aB2LKBdvr8BM5mDphVcxjORQbjQMgpnI64inJmTnAwtYOt1AqmYhMYCEUF3m+6UoFEeRKikmMQnvgKjxNCYSkxR8dyTVHXvnBGsxMRkeZYACYiIiIiIiIiIiIqZNL6dSCtXwdpIU+RGnQdqXfuIvnUGSji4qGSy/O1LYFYDJGFOQwcHWBU0RPmPbsU2RG/HyK2bACxZQMok0OQnhgEReJtKGJPQSl/A6jStdOpwABCcUkIjJwgMq0Eg1K9isyI3w+pa++DuvY+eJoQjmtR93A35jHORgQhTpYIubLg95VYaAALiSkcSpSCp1U5dHNvyRG/RERFGAvARERERERERERERDpi6OIMQxdnmHXtqOtQigyh1AWGUhfArquuQynynM0c4GzmgE7ldPuOYiIiKlqEug6AiIiIiIiIiIiIiIiIiIgKBgvARERERERERERERERERESfCRaAiYiIiIiIiIiIiIiIiIg+EywAExERERERERERERERERF9JgQqlUql6yCIiIqKyMhIXYdARERERERERESkt+zt7XUdAhFRkZCQkPDR63IEMBERERERERERERERERHRZ8JA1wEQERU1pqamug6hWEpMTASgv/uP+etf/vqYc1b6uA/0Mef36Uv++pLnh+jDPtCHHPPyue6DzzWv/NDnfaDPuQPMvyBxX2qG+0kz3E+ae7eviIjo03AEMBERERERERERERERERHRZ4IFYCIiIiIiIiIiIiIiIiKizwQLwEREREREREREREREREREnwkWgImIiIiIiIiIiIiIiIiIPhMGug6AiIiIiIiIiIiISB+oUlKQFnQN8tt3kf70OZSvY6BKSQGUqoLtSCiAwNgYQmsrGDh/AXElTxj6ekNgbFyw/WiLIhmqt0FQJd8GZCEQyF9DpUoBVMqC7UcghEBgDJXYGpC4QCCtBEEJX0AkLdh+tCglXYZrMfdwJ/YRniVGIkYWh5R0GZQFuK+EAiGMDSSwkligrKk9Klq6wtvKA8YGkgLrg4iIChYLwERERERERERERERalB4ahtTAQ5CdvQCxuxtEjmVgVK8OBCXNIZAYAUJBwXaoVEElS4XqTTwUr15Bdvw03q5YA0m92jBq3RIGTo4F218BUclCoYo9ACSeAYzKQyBxAMzqAyILQGgEgaBgJ7RUqZSAMhUCRRwgfwlV/HGoXi0HTOtDYNkGAolTgfZXkMLevsDBsHM4//I6XM2/gIOJHeqU8oaFxBRGQkMIBAX3nVKpVEhVpiFOlohXKTE4EXEZq+/tRJ1SVdHKsS4cS5QusL6IiKhgsABMREREREREREREpCXJm7Yh9cRJiH19UGLID4UzCvffEcACY2MI7UtBXNULkpSGSLt+CwlTZsCocSNI+/TQfhz5oIreCMQdg6BEdcBuSLZRuAVcIs/YpkCY0Y9IChjaQ2DiDSiaAMk3gNCJUFk0hcCmrxZ6/jRbHwXiZOQV+Np4YKBHVxiLtDsSVyAQwFgkgbFUgtJSa1SxckeKQoZbMQ8wLXgVGtlXRy/X1lqNgYiI8ofvACYiIiIiIiIiIiIqYOmhYYgbMwmKiHCYfNcPklp+Op2CWWBsDEktP5h81w+KiHDEjZmE9NAwncXzjkoWCuWzUUBqGGD7PWBaS7dTMIukGTHYfg+khkH5bBRUslDdxfOesLcvMOHKYkQkR6F/+Q7ws62s9eJvboxFEvjZVkb/8h0QkRyFCVcWI+ztC53EQkRE2bEATERERERERERERFSA0u8/RMLPsyF2d4WkWZMi9e5dgbExJM2aQOzuioSfZyP9/kPdBZPyDxA6BQJjd6Bki6L17l2RFCjZIiO20CkZserQw/hnmHn9d7iaf4EmZWrorPCblbFIgiZlasDV/AvMvP47HsY/03VIREQEFoCJiIiIiIiIiIiICkx6aBgS5i6EUaP6EFf10nU4uRJX9YJRo/pImLtQJyOBVbJQqMJ/BcwbAybehd6/xky8AfPGUIX/qrORwGFvX2D+rT/QoHQ1VLFy10kMeali5Y4Gpath/q0/OBKYiKgIYAGYiIiIiIiIiIiIqIC8XbYakto1YOBRXteh5MnAozwktWvg7bLVhd636sUSwKw2IPUo9L7zTeoBmNXOiFkHVt7bgRq2Xihv4ayT/jVV3sIZNWy9sPLeDl2HQkSk91gAJiIiIiIiIiIiIioAyZu2QWRpUaRH/mYlruoFkaUFkjdtK7Q+VdEbIRCVLNojf7My8YZAVBKq6I2F2u3WR4EoKTErsiN/s6pi5Y6SEjNsfRSo61CIiPQaC8BEREREREREREREnyg9NAypJ07CsG5tXYeSb4Z1ayP1xMlCmQpaJQsF4o4BZvW03leBM6sHxB0rtKmgw96+wMnIK6hdqmqh9FdQapeqipORVzgVNBGRDrEATERUwA4fOQYvHz9MnPxzts8uXPwbXj5+GDFqjNryvfsOoE2HzqhRpwG+/f5HhIQ8zXHbJ0+dRt/+36NuwyaoVbchBvwwCH9fuqyVPHQpPT0dx0+cwqChI7B564efQH79+jVq1WuEHr37qi2v36gZvHz8cPfeP7mu+93AwfDy8cOevfsKJG5duHI1CD1690W1mnXRsGkL/PrbfMjS0nQd1kdLTEzEth270LVH7xyP3YOHj/DjkOGo36gZGjRpgdHjJuDFi5eZnz9+8gRePn6o17Ap0nLZD6mpqahVtyG8fPwQGhautVw+hUqlwh+btqBF63aoXrMu+vQbgLt376m1GTV2PLx8/LBx89Zct7Pmf+ty/X1UFO3Zuw9ePn65/jt34SKAzzP3rPTpd9tXbTvmeLwVCgWAz+94y2QyLF+5Gq3adoBf7fro3K0nDgQeVGvzueWcnp6O/63/A+06doVf7fro0KU7/AP2qrX53HLOy7btO/FV247wrVEHrdt1wvadu3Ud0idLTk7BilVr0KFzN1SvWReRkf/d8P1czs+a+ByP7TvnLlyEl48fFixaqrY88K9DOf4eX74yYzrZ4n7887o+BfTv+5/XNXnTlq1zvZ7r2adfZruz586ja8+vUa1mXbTp0Dnb+fDR4yfo0bsvatRpgMHDfkJcXFyh5fixUgMPQezrA4GxsUbtz9+8iUEL56PNuLHoPXM61uzfh9Q0WbZ2L2JeY8Nff6HfnF+yffb0xYvMbUxc+zsS3iZ9VOwCY2OIfX2QGnjoo9bPD1XsAaBEdUAk1aj92Qu38MPwRWjRaTy69ZuFVesOIDVF/ecp+MYjDBq5FC06jUeXvjOwfM0+tTYhz17i+3+3Me7ntYiP/7j9BJEUKFE9I4dCcDDsHHxtPGAskuTZNuj0ZYzoODDbv4N/7s9sE/ksHL/PXIZJfUdjSr8x+GP+WryJisn8PDU5Fevm/o5xPYfjt5GzEPbk4wrdxiIJfG08cDDs3EetT0REn85A1wEQEem7K1eD8POMWShdqhQaN2qAY8dOYMiIkQjc6w+h8L/ndNb/sRFLlq2EsbExqlfzhVwux5WrQRg4eBjm/TobzZo20WEWBWfFqjXYvWcP4uLioVQq4Ve92gfbz1u4GElJuf/htm9/IDw9KmRb/uLFS1wNCv7keHUpLDwcQ4b9hGrVfDH/+wEIj4jEkmUrkK5QYPKEcboOL18SEhLx67wFOH78BOTp6VAqldnaREREok+/AahaxQvTpk5GSmoKli5fiYGDh2Hn9i2QGBpmto1PSMDps+fQrEnjbNs5dvwkkpKTtZrPp9qwcROWrViN777tBzdXV2zashXf/TgEgXv9YWlZUq3t3v0H0PfrXtm2ofo/e/cdFcXVBnD4twvL0rtgAey9966osSNiL4maZmJijCW2JOpnSYwtGqNGY2LvBSv23nsvscTeUVA6uwvs9weBuC7oYkBgeZ9zPEdm7szcd+7s7Oy8c+/o9WzYuNloelZWv15d5s+ZbTR97779rFgVSIVyZQ2mm1Psr8pJ57anz57h79eSiq8Mk/jydyCYT3uPGTuOffsP0PuLXuT38ebI0WMM+98o7OxsadjA16CsucQ8buLPbN68lc8/+5SiRQqzd98BRv/wExYWlgT4+xmUNZeYX2fTlq2Mm/gz3d7vQvXq1Th8+Cg/jZ+Ii7MTTZs0zuzqvZWIiAg+7tmLBw8e0qljB0oUL4qbm6tRuez+/fwm5ti2STQaDePGT0pxXvDTpzg6OtC/bx+D6SWKGw5Vmt3a35TrU8h5x78p1+S/TJqAVqczWE6v19N/4BBq1agOwNlz5+g7YBBNGjei12efsmfPPob9bxQuLs7UqV0LgB/Gjqdpk8Z06dyRUWPG8vsfcxkyaAAACxYtoXWrljg7O7/bHfAa+pgYNPsPYf/V5yaV33vmDD8snE+buvX4sHlL7j55zLzNm3gRGcngronfhX/ff8Dsjes4c/06SoUCK0uV0XqmrlqJb4WKBNStz+QVy1i0Yxu927QFYNWePTStWg1HezuT6mRVsRyR03/H7qNuJiex0yw+GiL2gedXJhXfvf8Mo8Ytop1/XT7u1pw7dx/z56ItvHgRybffdAHgxu1HDBkxm+pVSzKq64c8ePiM2QuCCAuP5PuBifty8vRVNKhbnnb+dZn460oWLt9On8/bAMQjulEAACAASURBVLB8zR6aN6qGk5Np+wnbCvBkOnh8ZHIS+23ExGk4+PgMvUp1NKl82PMX2Nrb4t+9ncH0fAW9AQgNfsYv306kUMnCdOndDY1Gy6Yl65k15lcG/TwMSysVu9dtB+DH+ZM4vucIy2YsZPDkYQCcPXwaN093vAv7mFSfcm7FmXV5Jd2LtsbG8s0JbCGEEOlLEsBCCJHJ9u1PfBryxzEjqVypIh65cjF3/kIePHyIt5cXAAkJCfw5dwEKhYLlSxZQIH9+AE6dPsPHPXvxy7QZZpMAPnb8ON3e74K/X0saNW35hrIn2L1nH6VKlkhxvouLC1u2bWPggL5YvZQcBFi/MQgnJyfCw8PTre7v2tp1G1BZWTF50vjk5KdWq2XmrNl80+9rbDLqB3sGePr0KY8ePWLY90NxcXHhq6/7G5VZvHQ5Dg4OTJ0yKTleFxcXen3Zh/PnL1C1SuXksi4uLqzfEJTiDbZ1Gzbi5upKSGhoxgX0HyQkJLBg4RK6dOrAl70+A6B6tSo0beHPkmXL6dP7i+SyLi4u3Lx5i4uXLlGmdGmD9Zw6fYZ79+/j5mp8AzKrcnN1TbG+kyZPpWWLZjg4OCRPM7fYX5aTzm3h4RFoNBqaNG5E3TqpD5VoLu0dHR3Dps1bGTLoGzp3bA9AzRrVOXn6DJu3bjNIAJtLzGHh4awOXMuQgQPo0jnx5mWtmjW4eu0aGzYGGSSAzSXmN1mxcjW1atZg4IB+ANStXYu79+6xbMWqbJsknDZjFsHBTwlcuYw8eXKnWi47fz+bwhzbNskfc+ZhaWmJs5OT0bynT5/h7eVF24DWr11Hdmt/U65PIecd/6Zck5cuXcpouQOHDhMREUGHdomJyXkLFlG0aBHGj/0BgIa+9Xnw8CF/zJmXnAC+e+8u9erURm1lRZ3aNdmwcRMAR48dZ9PmLXR7v8u7CNlk2pOnURUvZnLidOnO7dQpV57ebROTddVKliQiKprle3YxoFNnLC0suHbvLo62dvzUsxcXb98kcO9eo/U8ePaUGqXLYKWypFqpUmw/fhyA09eusfPUCdrV9zVaJjUKGxtUxYuhPXkadQYNY62PPAnWJUxOnC5esYt6tcvxda/EZG31KiUIi4hm2eo9DOrbEUtLC/YeOIeVlYqRQ7ujUiXe7o6MimHRih0M7d8FCwsl9x8+o1a10lhZqahepSTbdp4AEnsO79h9io4B9U0PwsIWrEugjzyJwinjhrE+HXKZok75Ter9CxD+PAy33Lmo8V7KbbcvaDc2djZ8OvQLLK0SHyawd7Rn5qip3L52iyJlivH0UTDFy5fA0kpFmarlCZyzAoDIsAjWzVtJ3x8HpbjulNhYqCnqlJ/TIZep7Zm9hrAWQghzIENACyFEFhEVFUVCQgJXrl5DrVbj5uqWPC8uLo6oqCisrKzIlzdv8vTKlSrSo9v71KtTm7i4uMyodrpbOO9PPv6wB+7u7q8tp9Pp+HHcBLp/0BVvb+8UyzR5rxEREZHs2bvPYLper2dD0CZaNm+a6pP82cGly39RsUJ5g56v1apWQaPVcv3vG5lYs7QrXLgQ8/78HX+/lthYW6dYJnduTz7o2tkg3oIFEh+GiIiIMCjbtHEjDh85ytOnzwymP3jwkFOnz2Tpm7B3793jRVhY8o0vAAcHB+rXq8vJU6cNypYuVRKvfPlYtyHIaD3rNwRRvHgxCvyzj7Krs+fOc/HSJbp06mAw3Vxjz2nntmfPEj+jnp6e6HS6VIfGNJf2trZWs2NrEO3aGCZJbKytiYmJNZhmLjFHRETQollT6tSpZTC9QIH8Ruduc4n5dRISEvjrylVqVK9mML1a1Spc/usKer0+k2r29mJiYli/MYgvv/iMPHlyv/b8k52/n9/EHNs2ye07d1iwaAlDhwzEwsLCaP6zZ8/w9PQEEh90SU12a39Trk9z4vGflmvyly1ZsowGvvXw9PQA4OLFy9SuWdOgTMsWzTh3/gK6f3oPFyxQgP0HD6HVajl69DgFCuRHq9UydvxEvhs62Gi0kMymu3AJC+98Jpcv5uVDs2rVDaZ5e3oSHx9PrCZxGOgWNWsyrMeHVClZAqUi5Xi9PTw4eukiurg4Tl29ireHB7q4OKYFrqZv+w4olYo0xWHhnQ/dhUtpWiYt9NEXUKi9TC5fvKgXLRobnlvze3sQHx9PTGziftJqdVhZqZKTvwCOjrbodPHE/fNaER8vDw4fv4ROF8fJM9fw9vJAp4vjl98CGdC7fZqPJ4XaC330hTQtk1YXQ6/jZedpcvmw0DBc3BMfltPEGg8l7uzmQn2/hsnJXwBPrzwARP8z+pBHPk+unb9CnFbHX6cv4Zk38cGW9QsCqdu8AS4ebkbrfR0vO08uhl5P0zJCCCHSR9a6UhJCiByolV8LFAoFv0ybwRdf9eXI0WMMGtAPW9t/nxq2srJKTOxpNPT/ZjA3btxMnjeg39cMHTwQS8ucNajDvAUL0Wq19Pzko1TLuLu7Uq1qFaMbySdPnebBg4e0aN40o6uZoUJCQoyGl3N1SRwe+Pnz55lRpQzVo9v7fNj9A4NpZ86cw9LSkvLlyxlMr1+vLjY2NmzctMlg+vqNQbi6uFCj+uuHFs9MST/UX+3ZmSdPbh49fmwwTavV0trfjy1btxu8+zk6OoYdu3bTxr9Vqgm17GLJ0uVUqVyJIoULG0w319hz2rkt+OlTAEaO+ZFqtepRvXZ9vuo7wOgcZi7trVQqcXdzQ6VSodVqefHiBUuXr+D0mbPJPYKTmEvMXvnyMfaHUcmjmkBiouzcuQtUqVzZoKy5xPw6EZGRaLVao57MLi7OaDQaomNST55lVRcuXiI2NpZnz0Jo1rI1FavWJKBdJ44dP2FUNjt/P7+JObZtkrHjJuJbry41X0luJwl++oxr165Tv1FTatb1pWHj5kbvcgXzbP+cePyn5Zo8yc2btzhy7DhdOv07jG2sRoOVleFwxnnz5EGv1/P4yRMAvh86mJ27duP7XjNCnz+nV89PmDNvARUrlKdCKtvKTHG37mDhaXqybmCXLtR4ZcSLC7duUChvXuxtTR9WuG+7juw/f572w4fxIjKSbk2asWznTkoXKEipAgVNXk8SC09P4m7dSfNyJtPcBFXqveVfNaRfZ2pWM+xVfuHSLQoXzIuDfeJ+es+3ElHRMcxfso3IyBiu3bjPyjV7adygEup/jrMBvdux//AFWncZwYsXEfTo0oQlK3dRplQBSpcskPY4VLkTY8lAtyMe4mljesI1PDSMB7fuM+zDQQzp2pfhHw/mxJ6jyfMbtG5Mw4AmBsvcvPw3FhYWFCxRJLGMf2OUCgXDPx7MgS176NKnB39fvMa9G3fw9U/7yHOeNm7cjniY5uWEEEL8d5IAFkKIDLJpy1bKV65u8O/LPv2MypUoXpyGDXy5ceMmx0+cZOK4sXRo39ao3A+j/kfx4sU4cOgwbTt2ofP73Vm2fKXBDdKc4v6DB/w5dwFDBn6DdSpP4wNoNFoCWrfi6LHjPHkSnDx97fqNlC5VMnko7exKp4szSvwnPbWs1epSWsSshIdHMHX6DNq3DTC62apQKmnWpLFBgiypd6Rfy+YkJGTdXjj58uVFqVRy/sJFg+lPgoOJfaWHoFarpXUrP6Kjo9m1e0/y9G3bdxAfH0+LFs2M3r+WnTx+8oRde/Ya3CxMYo6x58RzW3x8PHZ2dlStXIkpkybQ67NPOXrsOP8b/aNBOXNs73oNm1C/UVPGT5zMgL59jIbANseYkyxZupxHjx/T/YOuBtPNOeYkSb3aXv3+tvjn+1uXDa/r7t67D0DgmnV81vNjpk+djLOzE30HDOJZSIhB2ez8/fwm5ti2AFu2bufCxYvJw1qnRKWyxNbWhkED+jHhpx/w8srH8JGjufzXFYNy5tj+cvy//po8yZJlyylSuDBVKldKnubj7cWFi4a9TJOua2L/eSCycOFCLF4wl8P7dzN96mTCwyMIXLue/l+b9u7Ydy3hWQgKF+Nh0k115c4dth47xgdN0vYwX/48uZnerz/rfxrHjz0/IyImms1HD/NZK/+3qofCxYmEZyFvLviWFLpnYPH2727+6+odNm0/Tvcu//aaL1o4H4P7dmLekm207Pg9PftMxt7eloFf//s7okD+3Myc3JfNq8cyblRPIqKi2bj1KL0+avV2FbFwTowlA4VoXuCsdnhzwX9YWFqgtlET8GF7enzzKW65c7F0+gLu3bibYvnoyGiClqyjVpN6ODglbsfa1poPB33GT4unMPDn78mbPx+r/1hGu087Y2FpPArEmzirHQjRvEjzckIIIf47SQALIUQGyZMnN02bNDb49/IP3iRz5y9g9569qFQqEhISkp923rlrD98MHkpwcGLvKE9PD5YvXsD4sT/88+6864yb+DNt23fmzp2UL+bN1bjxk6hWpTINfF//rh2NVkujhg2wt7djQ1Dik/ZRUVHs2r2HNq39zTpJqlCkbZiv7CY+Pp4h3w3DWm3N1316G83XajS0CfDnzp27nD13Dkh8r+qjR48JaO2PTpd1b8La29vjW78e8xcs4six4zx//pw/5sxj0+at2NoZ9gTQaDR4enpQs0Z11r90M3HdhiAa+NbHydEx295wBli+YhXu7m4pftbNMfaceG6rXasmh/bton/fPvjWr8vnPT/hqy97sW//Ae7dv59czhzbe87vvzHrt2l07tieyVOnsW//AYP55hgzwImTp5jy63QGfdPf6F2Z5hpzmmTD7++of4aMnDZ1Mm0DWlO3Tm1+mTwRSEyKvSw7fz//Z9m0bSdN/oXPe36aPGxvSv78/TdWLluMX8vmNG3SmFkzpuHi4szipcsNyplj++f04/9N1+SQ+C74jZu2GL3Oo5VfCw4fOcqyFat4/vw5u3bvYeLkXwCwS6X369hxiQ+L7d67j8bN/Wjh34bde4zfiZtZ9DExKNSpP8T3Os/Dwxk1fy6+FSpQr3yF/1SPX1evonvTZhy8cJ7Oo/5Htx9Gc/D8eZOXV6it0WfgqAV6fQx65dvtp9DQcEb8uIAGdSvgW6d88vQ7d58wZUYgzd6rypSfvmBw304EP33BzDkbU13XlN8C+fD9phw8coH23UfT+eMf2X/Y9P2kV1qj12fs6A4xcRqslVZvLviP3qP7M/jnYVTxrU7F2lX4YsTX2Dvasy9ol1HZhPgEFk2Zg8rKEr9uAamuc/e67eQr4IXa2ooJ/cYw/KNBbF62weQ6WSutiIkzHo5aCCFExpMEsBBCZJBKFSow4acfDP59/GF3gzLHjp9g6rTfKFasKOsCV5And24m//IrR48d59DhI+zctQe7lxI+SqWSZk0bM3P6VHZs2Yhfy+bcf/CAYf8b9a7DyzQ7d+3h2ImTDPymH/Hx8cTHxye/U+3l/wPE6XSoraxo0awpGzYm3kjeun0Her2e5s2aZPv3JltZqdBqDG8U6eJ0yfPM2djxE7l06TJTJ09M8QaRThdH2TKlKVy4UHIvi/UbgihfriyFChZAl8Xbfth3Q/Dx8abXl33wfa8ZBw8doUnj98iT2zBZotMlxtGmtT/HT5zk0ePH3L17j7PnztGmdeKT7Nn1OI+NjSVw7To6tGub4vsGzS32nHxue/WBlXp16wBw+/a/Qw+aW3sDlC5diprVq/HtkEHUrFGdWbP/NJhvjjHfvHWb/gOH0LF9W9q3Nb7RaI4xv8pKlXgTV6M1vBGaFHvS/OxGqVRSskTx5L+dnZwoXqwYN27eMiiX3b+fX8cc23bajJk4ODjQpVOH5O8mAD365P8neflcbmtrQ5XKlbl9+7ZBGXNt/5x8/L/pmhxgdeBarKysaNmimcH0zh070Nrfj/ETf8b3vWb8NOFnOrZPvO7LlcvdaD1btm4nMiqKKpUrMmXqNP6c9Rtjx4xi+MgxhIen/u7h7CBWq+G7P2fj5uTMN526vnmB19hz+jRRGg3lChfhj6ANTPqiN99+0I2Jy5cSGR2dTjXOHLExWoaMnIObmxOD+xmOEDR38Tby5nFnaP/OVCpflJZNq9Pvy7as3XiQe/efGq1r177TREdrqFCmMLPmBTFl7BcMH/Q+4yYvJyIye+8nXrq0VlurKVKmOE8ePDYqtvqPZdz9+zafDP0CtbU6xVWFBj9j/+Y9tO7Rnvk/z6Fxh+YMnjycU/uPc/XcXxkVgRBCiHQiCWAhhMhEh48kvoulY/t2eOXLx5SfJ6BSqRg89Ht2792Ht5cXdnZ2HDt+gq/6DjB4it7d3Z0xI0dga2vD+QsXiY2NTW0zZmXu/AWJQ0S27UilarWoVK0W23fs5PJfV6hUrVZybzggOWES0Nqfu/fuc/rMWdZvCOK9hg2wt7c3SKhkR25uboSEhhpMe/YscQiq1IZfMwdz5y9k48ZN/PrLz+TP75NimaS2bePfiu3bd/L06TN27dlLwD8JBLJ427u5urJ4wVw2rl3NusAVLJg7mwcPHlKubBmDcnoS4/CtXxdHR0c2Bm1i3YaN5Mmdm+rVEt8jl8VDTdWGoE3Exmpo1yblp9HNLfacem47fuIkFy9dSnFe0pD2YD7tHRIaypp1643ecVysaJHkEUCSmEvMSUJCQ+n9dT+qVq7E4IEDUixjbjGnxN7eDrWVFSEhht/fT589w8bGBltbm0yq2dtzd3cjISEh+Z3e/9KjUhkOh5zdv59fx9zaNioqihWrArl1+zbVatVL/m4KCQ1l0eKlVKpWi4cPHxEa+pyt23ak+Fvk5fM4mGf75+Tj35Rr8vj4eFasWk2Avx82NoafAaVSyagRw9i5NYiVyxazZeNa9Ho9JUoUR6UyfJg1MjKSyVN/Zdh3Q7h0+S/KlilD/vw+VChfDo9c7vx940aGxZkWChsb9Jq0/S5PSNDz48KFREXH8OOnPbF65bhJi+iYWH7fuJ5+7Tty9d5dSubPj5eHB6UKFMTd0Ylbjx6ZtB69JhaFTcadsxQKGxQJad1PCYwcv5CoqGjGjfwk+b2+SW7ffUTRwnkNHkYpVSzxuLx1xzDuqOhYZs4JYkDv9ly5fpcSxXzw9spF6ZIFyOXuxK3bxsnSFONIiEWhyNhzu42lmtgE00YHiAyL4MzBk+g0xuWVCsPz8a612zix7xg9v+uNR97U31u9evZyGrdrjh49EWHhVKxdBQcXR0pWLM2da7dSXe5lsQlabCxTTjALIYTIWJIAFkKITOTk5AjAo39+iJUsUZz/Df+OsPBwXrx4wQfvdwHAxcWFAwcPsWDRYoObxg8fPSI2VoPaysroR7K5GjNyBEsXzTf4V7NGdQoVLMDSRfOpX6+u0TIlSxSnePFiTJsxk3PnL9Am4O3ehZTVlCtbhtNnzhLz0vBcR44ex9ramiJFCmdizTLO9h07mf7bLMaNHUOF8uXeWN6vZXM0Wi2Dv/0epVJJ0yaN37hMVuLj403BAgXYtXsPl//6i1Z+LVIsp1Kp8GvRjPUbNrFx02b8W7U0uumanej1epYuW0mTxo1wdXV5bVlziT2nntu279zFyNE/GiStT546hUKhoFChgkbls3t7J8QnMGrMWPbuMxzu+frfN/DxTvnmeXaPGRJ79Pfp9w0euXIxbuyYN9bfHGJOjVKppEyZ0hw6fMRg+tFjxylTulQm1eq/qVq5Mkqlki1btydPCwsP5+q16xQtUiTFZbL793NKzK1tra2tWbxgrtF3k7OTEy1bNGfpovnkyuWOHj1DvhvGgYOHk5eNi4vj3PnzFC5cKMV1m1P759Tj39Rr8u07dhEc/JSOHdqnWsbd3Z3ixYry+MkTAteuI8Dfz6jMtBkzadTAlxLFi6NQKAySfHp9YnIwK1C6u6F/HpamZX5bF8hfd+8wrtcXONnb/6ftz90SRJ2yZSnilS9xHxnsJ33yg1Zvon8ehtLd7T/V5bXrV7lDfNreCfvr7+u4cu0eE3/4HGcn4/2U29OV23cNH6a7eScxkZsnt2EsfyzYTJ2aZShaOHE/KZX/7qcEvZ4EUx/GiH+RGEsGclM780JjWg93PbBg8p9cOnUxeVpCfAK3rt4gt3ee5GlnD59i89INdOv3EQWKp3yeTix3mvDnYdRt7osCwxF79IDexPeWv9BE4KZ++3c+CyGEeHtv/1iZEEKI/8yvRQvmLVjE/IWLiYyMxN3dnZ279iTPP3nqFJ07tqdY0SJ06tCeFatW4xfQniqVK6JUWnDs+AkSEhLo1LFDikOkmqOUbiQ5OjoSFhZG6VIlU12uTWt/xk2YRL58eVN8F3N21CbAnwWLltDvm8F80LUz9x88ZN6CRbRvG4BabX5P2J47f4FhI0bRvFkTXFxcOHP2XPI8lcqSMqVLGy3j4uKCb/267Ny1h9at/FIdmi4runHjJhcuXeb4iZNs3rKVL3v1pEjh1BP7bQL8Wbx0OQqFggD/Vu+wpunv0OEj3Lp9mx9GjzCpvDnEnlPPbZ07tmf9hiCGjxyNX4vm3Lt3n6nTfqNF82ZGQ54nyc7tnSuXO03ea8SUqdOIi4vDx8ebw0eOcvDQYX6dMinV5bJzzHq9nm+/H8Ht23f4cfRILv91xWC+t7cX7m7GN5mzc8xv0rVzJ74ZPJRxEyZRv15dDh46zMlTp5kyaXxmV+2teHjkonPHDsyY+Tt6vZ78Pt4sWLQEtVqd4lDfkL2/n1/HnNrWwsIixe8fCwsL3Fxdk+e5ubrSsnkzxk2YRHRMNLnc3Vm5OpBnz0L4sPsHKa7bnNo/Jx7/abkmX7JsObVr1cTH2yvFdT0LCeHkydNcuXqV5StXU6F8Odq3bWNQRq/Xo9FqGdi/LwClS5bkp/ETuXPnLuEREQQ/fUrRoikn2981y4L5iX/yBGXelK9hXhW4by/rDhygV+sAQsPDCQ0PT57nbG+Pl0fq7942otej1cbRq3XicVfMy5tpgau5HxxMZEwMIeHhFMid5w0rSRT/5AmWBfObvu20UhcC3WOwymtS8VVr97F240F6f+pPaGg4oaEv7ScnB7y9ctG+dT0GDvudn6etwrduBZ6GvGDOwi1UrlCMIoX+3Y5er0er1dG7Z2sAihfxZurMNdy7/5SIqGhCQsIpVMC09kP3ODGWDFTAIS9PYkLIY/vmRLODkwNV6ldnzZwVaDUaHF2cOLR1PxHPw2kY0BSA21dvsmTaAirVrYq9owM3//o7eXlLS0t8ihZI/vv50xDaf9YFhVKBo4sTdg52nDl0kqJlinPlzCU6fG7acOVPYkIo4GBaWwshhEhfkgAWQohM5OGRiyUL5jF1+gx27NxNdEwMPt5efNP/a44fP8mOnbuZ/edcPvv0Y74bOojy5cqwcvVajp84iVJpQX4fbzp1aI9/q5aZHUqW17J5M6b88isB/n5G75vMrvLkzs3M6VOZNGUq/QcOwd7envZtA+jft09mVy1D7Ny1B41WS9CmLQRt2mIwz83Vld07tqS4XJvW/uzcteff4fWyicVLl7Nj125KlSzB5Enjaehb/7XlixQuTJnSpbG1tSFvXtNu7mRVS5atoHTpUikm9VNiTrGnVXY/txUpXJhZM37l1+kz6ffNYNRqNc2bNeGbfl+/dpns3N6jRw5n9p9zmbdwEaGhzylYID9TJo1PsZd3kuwcc0xMLLv37gOg3zeDjOYP+3YIHdq3NZqenWN+k/caNWD4d0OZt2ARqwLXkid3boZ/N5SGDXwzu2pvbdA3/bC1tWHxkmVEREZSrmwZZs+cjv1rerNl1+/n1zHHtjXF8O+HMvP3P5g56w+ehYRQtEhhZvw6hYIFCqS6jDm1f047/k29Jj9/4SIXLl5i+q9TUl3XseMnGP3DTxTIn5/evT6jc6cORiM+KBQKRg7/Pvnv/Pl96NP7Cz769HMsVZaMGjEMJ0fHdIzw7anKlkazcy+qiuVNKr/r1EkAZq1fZzSvQcVKfN+9h+kbVygY0Llz8p9eHh583MKP/tN/xdLCgm86d8bRzs6kVcXfe4D6vYw7bylsy6IP24nCzrSHF3fsPQ3AjD83GM1rVL8iI4Z0o2ql4owb+SkLlu1gx95TODrYUbtGGT7t1tzgGlmhUDC4b6fkv729cvFp9xb0GTIdlYUFg/t1wtHBtP2k19xH4fSeSWXfVhnXoux6cIwKbsXfXBjo+HlXtq7cxJblGwl/HkbeAl589n1vPL0Sh3k+d/Q0Oo2WE3uPcmLvUYNlHZwdGTN3QvLfDVq/NDqBArr3/4QVMxez6vel1GpajxIVTBvd4n7UExrlq25SWSGEEOlLoc9OLwkTQogM9vDhQxwcHDK7GtlSRETisEQ5df9J/Dkv/pwY86ty4j7IiTG/LKfEn1PifJ2csA9yQoxvYq77wFzjSoucvA9ycuwg8aentO5LfUwMoR/1wv6rzzP0HboZSR8TQ+T033GdN8vkGNJ8zMVHk3DjQxSeX4FF9uoBnyw+Gv2T6SgLzzc5hrf5bMbEafjswEh6leqIjUX2G+UrJl7DrMsrmV13ZJreAxwREUHevNJrWAghAMJfGiEkrczjRUpCCCGEEEIIIYQQQgiRSRQ2Nqjr1UZ75nxmV+Wtac+cR12vdsYmsC1swaE+RJ/NuG1ktOiziTFkcALbxlJNndwVOR9yNUO3k1HOh1ylTu6KaUr+CiGESD+SABZCCCGEEEIIIYQQQoj/yNqvObqTp9DHxGR2VdJMHxOD7uQprP2aZ/i2FK6tIPI4xEdn+LbSXXw0RB5PjOEdaOFdl5NPLxMTr3kn20svMfEaTj69TAvv1F9zIoQQImNJAlgIIYQQQgghhBBCCCH+I0sfb6wbNUR74FBmVyXNtAcOYd2oIZY+3hm+LYXaB5wbQ/j+DN9WugvfD86NE2N4B7zt89AwbzUOPT7zTraXXg49PkPDvNXwts+T2VURQogcSxLAQgghhBBCCCGEEEIIkQ5su3chPvQFujPnMrsqJtOdOUd86Atsu3d5Z9tU5OqBPv45/vx4DwAAIABJREFURJ1+Z9v8z6JOo49/jiJXj3e62feL+vFcE87ZbDIU9NmQqzzXhPN+Ub/MrooQQuRokgAWQgghhBBCCCGEEEKIdGLfpxeaQ0eJu3wls6vyRnGXr6A5dBT7Pr3e+bYVefpC+CGIvvzOt51m0Zch/FBinTPBl6U6cTT4HFde3MqU7ZvqyotbHA0+x5elOmV2VYQQIseTBLAQQgghhBBCCCGEEEKkE0sfbxyHDCB2974s3RNYd+Ycsbv34ThkwDsZ+vlVCrUPCq+hELYra/cEjjoNYbtQeA19Z0M/v8rbPg8Dy33I3kcnsmxP4LMhV9n76AQDy30oQz8LIUQWIAlgIYQQQgghhBBCCCGESEeWJYrhOOp7dFevo9m+E31MTGZXKZk+JgbN9p3orl7HcdT3WJYolnmVsSkJPmPQx1yF51shPjrz6vKq+Gh4vjWxbj5jEuuaiYo5FWB4xc+5HnaHnQ+OEhOvydT6JImJ17DzwVGuh91heMXPKeZUILOrJIQQAkkACyGEEEIIIYQQQgghRLqz9PHGeeKPWOTzIuqPeWgOH8vURLA+JgbN4WNE/TEPi3xeOE/8MVN6/r5KofZBWeBnsPaG4NkQcThzE8Hx0Yl1CJ4N1t4oC/ycaT1/X+Vtn4efqvUjn60Hc6+s5Vjw+UxLBMfEazgWfJ65V9aSz9aDn6r1k56/QgiRhVhmdgWEEEIIIYQQQgghhBDCXNl274KVbx1ig7YQOf13VMWLYeGdDwtPTxQuTijU1qBUpO9GE/ToNbHon4cR/+QJ8fceoLt6DXW92jiOGZElEr+vUuTqgd6xAfrQjfBkOliXQKH2AlVusHBGr7RGoUjf/kx6fQKKhFiIfwG6x+g19yH2CjjUR+EzNsskfl/1flE/6uWpzOZ7B5h1eSVFnfLjZeeJp40bzmoHrJVWKBTpd0zp9XpiE7S80ETwJCaE+1FPuB52hzq5KzKy8heS+BVCiCxIodfr9ZldCSGEyCoePnyIg4NDZlcjW4qIiADIsftP4s958efEmF+VE/dBToz5ZTkl/pwS5+vkhH2QE2J8E3PdB+YaV1rk5H2Qk2MHiT89ZdS+1MfEoD15Gt2FS8TdukPCs5DEXsEJ6XyLVqlAYWOD0t0Ny4L5UZUtjVWVSihsbNJ1Mxl2zMVHo488iT76AmhuotA9Q6+PAX1C+m5HoUShsEGvcgd1IRS2ZVHYVwEL23TdTEZ+NmPiNJwOuczF0OvcjnhIiOYFMXEaEtJxXykVSmws1bipnSngkJcyrkWp5FYKG0t1um0jSUREBHnz5k339QohRHYUHh7+1stKD2AhhBBCCCGEEEIIIYR4BxQ2Nqjr1kZdt3ZmVyVrs7BF4VQPhVO95Enp3EfaQEauO6PZWKqp7VmR2p4VM7sqQgghshB5B7AQQgghhBBCCCGEEEIIIYQQQpgJSQALIYQQQgghhBBCCCGEEEIIIYSZkASwEEIIIYQQQgghhBBCCCGEEEKYCUkACyGEEEIIIYQQQgghhBBCCCGEmVDo9Xp9ZldCCCGyiocPH2Z2FYQQQgghhBBCCCGEyLHy5s2b2VUQQogsITw8/K2XlR7AQgghhBBCCCGEEEIIIYQQQghhJiwzuwJCCJHVyFOGbyep93RO3X8Sf86LPyfG/KqcuA9yYswvyynx55Q4Xycn7IOcEOObmOs+MNe40iIn74OcHDtI/OlJ9qVpZD+ZRvaT6WR0PiGESB/SA1gIIYQQQgghhBBCCCGEEEIIIcyEJICFEEIIIYQQQgghhBBCCCGEEMJMSAJYCCGEEEIIIYQQQgghhBBCCCHMhCSAhRBCCCGEEEIIIYQQQgghhBDCTFhmdgWEEEIIIYQQQgghhBAiJ9DevEXsyTPEXrxE3L37xL8IQ6/TZci2FCoVFs5OWHp7YV2mNNZVKmJVqGCGbCu9JUTfJC7iJPERF9DH3iVB9xz0cRmzMYUlSpULCmsfLBzKYulQBaVtoYzZVga4FX6f08GXuRTyN/cjH/NCE4EuIf33lUppibPaAS/73JR2K0Ilj1IUdPRK9+0IIYRIH5IAFkIIIYQQQgghhBBCiAwUve8gEeuDiA8NRVWkCFZFCmNXqwYKRwcUlhlzi1YfF4c+PAJd8FM01/4mcvNWLFxdcWjth239Ohmyzf9KF7oX3dN1oAtFYVsUpW1hlM61UFg6giKDbmXr49DHhZOgfUJ81FXingaByhVVrgBUrr4Zs810cODhKTbe3EOoJowijj4UcvKiRp7yOKjssFRapPv24hLiidBFERwdwvXnd9hy5wCuaidaFWpA3byV0317Qggh/htJAAshhBBCCCGEEEIIIUQG0N68xYs/5pEQFYV1lcqoSxR7Z9tWWFqicHVB7eqSuN0mDdFcuUZ44Foit27HuedHWaZHcEL0TTQPZqGPj8LCsSoWdiXf3cYVlihUrlioXBO369aE+Ki/0AWvIi5kM+p8vbJUj+Bb4feZc2kNUbpoKnuUorjLu2lDS6UFLmpHXNSOFHcpSCNqcPX5Ldb8vYNtdw7xSem20iNYCCGyEHkHsBBCCCGEEEIIIYQQQqSzqB27efz1QCy98uH0QZd3mvxNjbpEMZw+6IKlVz4efz2QqB27M7tK6EK2E33lK5Rqb6zydH+3yd9UWNiVxCpPd5Rqb6KvfIUuZHtmVwmA3feOMmD/eLzsPOhavOU7S/6mprhLQboWb4mXnQcD9o9n972jmVofIYQQ/5IewEIIIYQQQgghhBBCCJGOItZtJGLdRpw/7oHKK29mV8eITdXKWObJQ9iS5SREReEQ0CpT6qENXktc8FqsvD5Fqc6XKXV4HQunaiis86F7tBh9fBRWHm0yrS4bbu5mw609fFiqDXntcmVaPVJS2bM0eew9WHptE5G6aPwLNczsKgkhRI4nPYCFEEIIIYQQQgghhBAinUTt2E3Euo04de6QJZO/SVReeXHq3IGIdRszpSewLmQ7ccFrUeXukiWTv0mU6nyocnchLnhtpvUE3n3vKBtu7aFj0WZZLvmbJK9dLjoWbcaGW3ukJ7AQQmQBkgAWQgghhBBCCCGEEEKIdKC9eYuQqTOw9/dD6eqS2dV5I6WrC/b+foRMnYH25q13tt2E6Jto7vyCpUcACpXrO9vu21KoXLH0CEBz5xcSom++023fCr/PtHNLaFWwAS5qx3e67bRyUTvSqmADpp1bwq3w+5ldHSGEyNEkASyEEEIIIYQQQgghhBDp4MUf87Bv3iRL9/x9lcorL/bNm/Dij3nvbJuaB7NQuTfP0j1/X6VU50Pl3hzNg1nvdLtzLq2hqU/tLNvz91V57XLR1Kc2cy6tyeyqCCFEjiYJYCGEEEIIIYQQQgghhPiPovcdJCEqCpuqlTO7KmlmU7UyCVFRRO87mOHb0oXuRR8fhYVTtQzfVnqzcKqGPj4KXejed7K9Aw9PEaWLprJn6XeyvfRS2bM0UbpoDjw8ldlVEUKIHEsSwEIIkUEOHT7C+90/onzl6pQuX4kOnT9g1+49qZZ/v/tHFCpWiuUrV6XbOrOj0NBQhnw3jNr1G1K2YlU6dvmAEydPpblM5Wq1KFSsFBcuXkx1W0n7fMWq1RkSy9uKi4tj67btfPTpZ8ydtyDFMnq9nlWr19C+U1fKVapG4Np1BvOza/zh4REsXLyElv5tUqz7nTt36fVlHypXq0XlarX4ovfX3L13L3n+tWvXKVSsFJWq1kSr1aa4jZiYWMpWrEqhYqW4c+duhsWSkRYsWoJvo6YUL10e3/easmjJ0syu0n/yunavVbcBhYqVSvFfQLuOQPZu9zcd8wB3791j0uRfaNSkhdG8hYuXUKhYKT757ItUt3Hi5CkKFStFrboN0q3e6SU2Npafp0ylfsMmlC5fieZ+AaxZt96gzJd9+lGoWCn+mJN6j5RpM2ZSqFgp+g8cnNFVznDm9vkGaeeUmFM7m/t5Oq3MqW2TREdHM2XqNJo096Nk2Yrcf/DAYP6Nmzfp8XFPypSvTNWadZgwaTLx8fHJ87Nz+/915SoffvIZlavVokqNOvT+uj8PHjxMnp9Tj/837ReAtes2pLhffp4yNcV1/jR+IoWKlWL3nn+TalevXcO/bQfKlK/Mx59+zvPnzzM0rvQQsT4I6yppS/4+fPaUP9av5/2R/0tx/tajR/nwxzE07vc1nYYP44/169HqdMnzbz54yKfjxtKkX18GzZhGWGTkW9ffukplItYHvfXyptI9XYeFY9U0LfPwUQg/TlyMf+dhtO820mj+jxMXU6NRb6N/J05fBeDGrYd8+MV4Gvj1Z8C3M3gR9vb7ycKxKrqn695cMB1svLmHyh6lTCp7/+Y9pg2fzMAufRjctS9//PQboU+eGZQJffKM30b9Qt92vejXrhczR081KBMTFcOsH6bRr10vfvhqBHev337rulf2KMXGm+Z1z0oIIbITy8yugBBCmKPVa9Yy9LvhKJVKypcri0ql4uSp0/Ts1Zvfpv1Cs6ZNDMo/fvKEY8dPALBu/UY6d+zwn9eZHcXFxfFBj0+IiY1hYP9+ODk5MmfeArp/9Ckb1wVSpHAhk8q8bFXgWsqWKWO0rQcPHnL02PF3FZrJpkydxtLlK3jxIoz4+Hhq1ayZYrnBQ79n7foNtGntT6cO7aldK+Vy2SX+sLBwRv3wI1u2bicuLs7gpmGSmJhYenzcE7Xaih9GjyQhIYGff5nKh598xpaN61Cr1cllX4SFsXPXHlo0b2q0ni3bthEVFZWh8WSk9RuCGDXmRz7+qAd1atVk/4GD/G/UD7i4uODXonlmVy9NTGn3Wb9NM7pZqtfr6dX7a+rWqW0wPTu1uymxX7r8Fz+Nn8iRo8dQKpWoraxSXd/+AwcJfvoUj1zGw8KtCsy6Q68NGzGKXXv2MKDf1xTIn5+Dhw4zcPC32NnZ0bTxewZlVweuoecnHxmtQ6/XGz0Ek12Z0+f7ZdLOhsytnc31PP02zK1tIfFBpc7vd+fe/ft0+6ArpUqWwN3NzWB+124f4unhwYRxY7l95w5Tpk4DYPDAAQbrym7tf+/+fdp36kKVypUZN/YHYmKimTj5F3p83JNNG9agVqtz5PFvyn4BeBIcjJOTI0MHDzRYvnTJkkbrvHbtOnPnLzSaPmzEaPxaNKdHt/f5dtgIps2YyYhh3wHwx5x5tG8bgItL1nnHrvbmLeJDQ1GXKGZS+ev37jFjTSCnr11FoVCgtlQZldl85DDjFi/i/cZNqVS8GPeeBPP7+nVEazX07ZD4kMGkZUtoVLkK7XwbMH7JIuZv2Zw8b9nOHbSoURMne3uT6qQuUYzo3XvR3ryFVaGCJkaeNgnRN0EXioWd8bGQmmt/36P3N7/i6GhLxzb1KVrYy6jM05AwypQqiH8zw9/GBfPnBmD8lGW851uJjgG+jJ28lLmLtzCgd+K9lyUrd9KyaQ2cnUzbTxZ2JYkP3U1C9E2UtoXevMBbuhV+n1BNGMVd3twWIU+eMnHgDxQpXYzufT9GE6th3YJAfh3+M99PG41KrSIhPoHpI6cQHxdHt74fo9fr2bBwDTNG/sKw6WNQWCjYEbgFgIlLp3F050EWTp3LsOmjATh98ATunrnwKVrApPoXdynI3gcnuBV+n4KOxm0mhBAiY0kCWAgh0tmzZyGMHP0jKpWKJQvmUqlSRQDOX7hI+05d+X74SBq/1wgLC4vkZdZvCCIhIQF3dzdOnDzFw4ePyJs3z39aZ3a0a89erly9ypagdRQvlvijuWqVylSvXZ+gTZvp9/VXJpVJ4urqysagTQz7dghWryROVq9Zi7OzM+Hh4e8uQBMcOnyETz7sQdu2AdSoXT/FMpu3bCNw7Tr+mDWDRg1T79GXneIPDg7mwYOH/DD6f7i5uvJxz15GZc6eO8fde/dYvWIplSpWAMDDIxedunbj/IWLVH3pSXtXV1dWB65J8Qbb6sC1uLu78exZSMYFlIEWLVlKvbp1GPbtEAB869fj9u07LFy0JNvdXDal3cuVNX6AYe++/YSHh/N+l04G07NTu5sS+8VLl3BxcWben79z6vQZ5sydn+K6rK2tUSoUrF23gc97fmIwLzomhs1btuHu7pbispkpOjqadRs28r/h39Ht/a4A1K1Tm2PHT7Bh4yaDxKCrqyvX/77BufMXKF+urMF6jp84yd2797JkjGllTp/vJNLOxsytnc31PP02zK1tASZN+YUnT56wNWg9+fIZv890deAawsMjCFq3hly53AHQaDTMmbeAz3t+ipOTY3LZ7Nb+8+YvxNHBkdkzpycnNV1dXen+0aecPnOWmjWq58jj35T9AonXOj7ePnTq0P6N6xw+cjQVypfj1OkzBtNv37lNA9/6qNVqfOvVJXBt4ugRhw4fYd36DXz8Yfd0ju6/iT15BlWRIiaXv3LnDk52dkz6sg/nb/7Nyl27jMqs278P34oV+TwgAICqJUvx5Hkom44cTk7y3n8aTM2yZbFSqahRugxbjx4F4OSVK2w/foxODRulKQ5VkSLEnjyTYQnguIiTKGyLmlxer9czctxCChfKy9RxX6FWGyfKAZ6FvKB6lVL4t6yd4vx7D55Su0ZZrNQqalUrxabtxwA4cfoqW3cep0u7hmmKQ2FblLiIk1hlYAL4dPBlijj6mFR297od2NjZ0mvY16j+2Uf2Tg78OmwSt67eoFi5Elw9d5lHdx8y+OdhFCxRGIBcuT0YP2A0Vy/8RYkKpQh++ISSFUujUqsoV6MiK2YvASAiLIJVs5cxaOJ3aYqhiKMPp4MvSwJYCCEygQwBLYQQ6Wzb9h1ER0fT2t8vOVELiTfHqlSuxPMXL7h46bLBMus3BGFnZ8d3QwYnPoG5Meg/rzM7slKpaN+uTXJiF8DBwQGPXLmSE5WmlEnSonlTwsMj2L7T8Ie0Xq9nzdr1BPj7pdjrLjOtXrGUXp/3TLEXX5JFS5bSonlTGjVsQEJCQqrlslP8RYsWYcXSRbRrE4C1tXWKZWJjY4HE9k7i7OwMQExMjEHZls2bceDQYZ4EBxtMv3f/PseOn8i2N2ETEhK4eOmyUY/vmjVrcPHSZfR6fSbV7O2Y0u4pmTt/IY3fa0Tu3LkNpmendjcl9k4d2jPtl8nUq1sHpTL1y3aFAlo0b8bqwLVG8zZv2YpWqzXqZZkVqNVqjhzYazTqhY2NDTHR0QbTypUpjY+3N6tT6M28OnAtpUqWoFDBjLlJ+a6Y2+c7ibSzIXNt51eZw3k6rcyxbaNjYghcs5b+ffuQL1/eFK87z52/QKmSJZKTvwBtWvsTHR1t9GqD7Nb+efLk4aMPuxuMMlO4UGKiJzwiItXlzP34N3W/BD99St48ifsg+pXz/ctWr1nL1WvXjHqMJ613z959aLVaDh46QqGCBdBqtYwYOYYxI0dkuQegYy9eQuVjepKrVZ06jPq0J9VKl8JCkfK13oQvv+Lbbj0MplmrrNBotcnnFR/P3By5cAFdXBwn/7qCt6cnurg4pixfxjedu772OjIlKh8vYi9eStMyaREfcQGltbfJ5c+cu87NWw8Z0q8LarWKhFTOpyGhEXjmciFBrycmRmM0v4CPJ4eOXkCrjePYqSvk9/ZAq41j4q/LGdy3M0qLtO0npbU38REX0rRMWl0K+RsvB0+Tyjq7u9AooEly8hcgt3figztRkYkjDNy+fgu1tTo5+QtQoHhB1NZq7ly7BYCnd26unL2MTqPj0skLeOZL7JwQ+OdyfP0a4er57/neFF4OnlwK+TtNywghhEgfkgAWQoh0duFS4g+lyhUrGs1bvGAu1/+6YPCk+LVr17ly9SqN32tIs6aNsbW1Ze2Gjf9pndlVA9/6TPjpR4Npjx8/5sHDh1SvXs3kMklyubtTs0Z1o6TI0WPHuXf/Pv6t/DIgioyl0+k4dfoMjg6O+LftQNGSZalSo06KQ6aZW/w1a1THK18+JkyazOMnT3j8+DHjJkzCx8ebGq+0faOGvtjY2LB2reE7JgPXrMPNzTXVIbOzuvCICLRarcHQiwCuri7Exsa+9uaaubj+9w0OHjpMj27vG80z13Z/E41GS8cO7bhx8yZnzp4zmLc6cC2NGjYweHAiq7CwsCBXLndUKhVarZbnz58zf+FiTp46TbcPuhqU1Wi1tG/Xhg1Bm9Fo/r2hFx0dzZat2+jQvl2q71XMLsz18y3tbMhc2/llOfU8bY5te+7ceWJiYgl++pQ6vo0oUqIMjZv5cfjI0eQysZpYo5FmknoKP3z4yGB6dmv/np98xGeffmww7eSpU1haWqb4uwxyxvFv6n558uQpf125SuXqtSlToQrVatU1ev97WFg44yb8zMD+/XB1NR7KeczIEWzdtp0qNeoQEhrK1199yczf/6BKlUoGD0ZnFXH37qPySP1B3rfh7OCAjVpNfHwCUbExHLt0mdX79tDOtwEKhQKAbzp3Ye+ZM7QaPIjnkRF81KIli7dupUzhwpQplPbeqSqPXMTdu5+ucbxMH3sXpZVpSU2Ak2eu4eriyMYth2nU6hvqNPmarwZO5dGTf3vMx8fH8yIsko1bD+Pboh8N/AbwQc8fuXz1TnKZQX07s+fAWZq3G8LzFxF83K0FC5dto3zpwpQtnfb9pLTyRB+bse/svh/5GA9b00Y/adyuOY3bGT5I8velaygtlBQpldjjOuJFOA7OTkbL2jk6EBme+ADHewHNUCoUDPmgL3uDdtKj/ydcO3+Fu3/f5r22zdIcg4etG/cjH6d5OSGEEP+dJICFECKdPX/+HMDgKfgkSqUSCwuL5B9qAGvXbwCgVcsWWFtb06iBL9ev/81fV66+9TrNyf9G/0CxokV47zVDHadWRqPR0LF9Ww4eOszjx//+4FgVuIayZcpQqKBp763JSu4/eEBcXByrAtfQqIEvC+b+QeNGDflh7Dh279lrUNbc4re2tmbun79z9NhxatVtQK16DTl56jTz/5xtdONRqVTi16I5q15Kfie9P7JNa38SErJfLxwAnVYHgKXK8C0eFsrE3g/ZPTFiivkLFlGsWFGqV6tqNM9c2/1NEhISqFC+HAULFGDV6n97Tt69e48TJ0/RsX3bLH9sVKpak8rVazP6h7EMHfwNDXwNh8DXarW0bxtAVFQU27bvSJ4etGkLcfHxtPb3y/IxvklO+HxLO+eMds6p52lzbNvbdxITJ8tXrqJP7y+YM3smLi7OfNarN0+fPgMgv09+rly9mjxSC8Cjf647Y16aBtm//cPCwpnw8xS6dOqY6nD0OfH4T22/WFmpsLW1Zdi3Q/j1l5/x8fZm0JDvuPhSz9IJkyaTN09uur4yXHaSokWLsGbVcs6fPs6c2TMJCwtn+YpVDB30TYbH9TbiX4ShcMyYh+6+/X0mzQb0Z+CMXylXuAiftw5Inlcwb15+HzyErZOnMOHL3oRHR7Ph0AG+bNP2rbalcHQg/kVYelXdSILuOQpLxzcX/Mf9h08JfR7O6XPXGTG0OyO/7cHtu0/4buSfyb2gIyJjcHayJ1+eXIz+/iOGDujKi7AoBg2bldwbuFCBPMyZPohdG39m8tgviYiMZt2mQ/T+LOB1m0+VwtKRBN3zt1rWVC80ETio7N5q2ejIaNbNX0295g1wcE7c33G6OCxS6OlsYaEkThcHgI2dDT2/683kVb/x3bRR5CvozfKZi+jU6wMsLNPe695BZccLTeqjJgghhMg4kgAWQoh0lvTD3ZRh3vR6PRuCNuHk5EjdOonvqWnZMvGJzXX/JIbTuk5zMv23WRw8dJhJE8alOrzX68poNFqaNmmMg4N98vuiIiMj2bZ9Bx07tEP7z4267CQyMhKAIYMG0LdPb+rUrsVPPya+M2vOvAUGZc0t/uiYGPoNGEiRwoWYM3sms2fOwMfbi74DBhncdIR/kt8d2nHr9m1OnT4NwOEjR3nw4KFZ9CBLlZk+CJLkRVgYa9dvoPsHxr1qIAe3O4mxd2jflqDNW5I/D6sC1+CRKxf16tZBk8VjX7p4AQvn/Um397sybsLP7Nq9x2C+RqMhd+7c1K1Ty+DG+arAtTR5rxHOTk5m3b6AWXy+pZ1NkM3bWc7Tr5EN2zbynyFD58yeSacO7WngW5/fZ04HYNmKlQAEtG5FREQkI0aO4UlwMOfOX+CzL74CwM7O1mB92bn94+Pj6TtgINZqawYP7J9imZx4/L9uvyxZOI9NG9bQJsAfvxbNWTjvT1xdXZi7IHHkorPnzrNydSCjR44weYjiEaPG8HWfL9m+cxe16jagfsMmbNuxM93jelt6nQ6FpeWbC76FPu3aM63/AL5s05ZTV64wa53xqz+STFm+jI9b+rH/7FnafjeUTsOHsf/smVTLv0phaYlel4G/FfVxoDB9P0VGxeDm6sjMyf2oX7s8TRpWYdigD/jr2l3OXrgBgLOTPVsCxzFuVE9861QgoGVtJoz5nJDQcHbsOZXieidOXcGnPVqy/+A5/Dt9T9sPRrD34FnT41BYJsaSgXQJcVgq0550TYhPYM74WVipVbT+8M3v4X6d7YGb8SrojdpazZgvhzO4a182Lkr9+HuVpdICXULG7ichhBApkwSwEEKkMzc3VwBCQkLfWPbY8RM8evQYS0tLvu4/kC/79GPlqkAANgZtTn7PVlrWaS42Bm3il1+nM3HcT5QsUfytyuh0OtRqNf5+fqxek/gDJWjzFvR68PdrgS4ueyVAX1amdGmDv2vXqsn1vw3fq2Nu8QeuWcv1v2/w5+8zaeBbn/caNWDOH7P468qV5J70SXQ6HRXKl6No0SLJSYRVgWupVLECRQoXIi4ue/4ATerp/PLQqJAYL4D6lZ7Q5mbZ8hVYWakIaN0qxfnm2u6m0Op0tGsTQExMDFu37SAhIYE169bTtk0AFhYWyU/0Z1XlypahTu1ajPrfMOrUrsnU6b8ZzNf+c4x3bN+eI0eP8fDhI27fvsOp06fp0D6xd4sum7e5+LqmAAAgAElEQVRvTvh8Szubfzvn5PO0ubatUqmkdKlSyX+7ODtTsmRJ/v47MelSqmQJRo0YRtDmLdSs40unrt1oG9AagHx58xqsKzu3//9GjeH8+QvMnjUdO7uUe+PlxOP/Tfvl5VGqbG1tqVG9Gjdu3CI+Pp5hI0bStk1rypYpTXx8PAnxib99ExL0xMfHG61rY9AmIiMjqV6tKuMmTGLJonlMmTSewUO/JywsPOOCTAOFSoU+g9rR29OTCkX/z959R0dRtQEc/u1uNpveQyAk9BAgQIDQpPcmvQli5VNEESkioIiiWFARQaogAorSlQ4iTRCU3pEiHQIhhRRIstnszvdHJLAkMQsk2WT3fc7JOTBzZ+Z97+xsmTv33or0bd2G5zt0YMmWzSTdyTq0/Ob9+7iTmkqNkIrMXPkzU4YMY+yL/fnkh++zLZ8dJT0dlVabe8FH9QgNp6WDAnB2vjfvdETNUNQqFRcuXs9xmyqhpfH2cufSlags6zZt3c+d5FRqVa/AtDkrmTbxDT54+wXGf/YDiUl3LAvqIRuyH4VW7UC6Kev1kJvFM3/g0tnzDBz7Bk7OTvf2p9ViyOZ3QbohHQfHrLnERkWzffVmevyvD3MmzKR9n068O+1D9mz7k78PWTZPdLrJiFadv/UkhBAie9IALIQQeSysSmUAjhw9mmXdM8/3J6RyNQ4fyVi38t+5fmNj49j46yY2/ropcxjfG1FR7Nm776H3aQv27T/AW6PH8M6ot+jQvu0jl7nbY7pXz+5cunSZffsPsHzFL7Rt0ypjPswi2KPa3z9jTqnr183n0FEUBe0DP9JtLf8zZ/+hRPHimQ9EABTz96dE8eKcOXPWrOzd1Hr37M669RuJunmTTb9tzmxAKKq96d3d3dDpdMTExJotvxkdjYuzMy4uLjlsWfQZjUZ++HExPXt0x8XZOdsytnreLaIo+Pv70axpE5at+Jldu//k+vUb9OrRLWM1hS/3mJhYlixbTlyc+cNNlUJDuX7d/Gbe3XPXqmVzPD09WfHLSpat+IXAwBKZcyYW9fNrq9e3nGdztnqeQd6nbfHcFvP3x2QyERV184E1ClrHe987+z3dh727d7B21c/s3b2TihVDcHBwMGs4hqJ7/mfN/pYVv6zi229mULZM9lOo2OPr/7/qJTY2jjXr1pOSkpplO41GzY6df3Dy71MsW/4zIZWrEVK5Gm2f7AzAgFcH0ayV+e+7pKQkPv1sIuM/eJ9jx05kTn1Rq1ZNAor5c+bs2SzHsQaNlydKYt4Odbv+z92cu3rNbFn5wCCMJhOxSebDNN9JSWHGzysY0fdp/r50iSplyhAcEEDVcuXw9/Ti/HXz/eRESUxCk808sXlFrfVGSbe80d7P15OomOyHWtb+22h5/kIku/46nm0ZzQM9zO/cSWXaN78wamgfTp6+RJVKZSgVHEC1sHIU8/Pi/IWcG5Xvp6QnotZmnbs6L3np3EkyWNgg/a9Ny9fz15bdvPb+UAJKFjdb5+Htye2ERLP3G0VRSIxPwCObc75oxkLa9e6IgkJSfCK1m9TFw8eTsIhqXDx13qJ4kgx38NLlz9DoQggh/ps0AAshRB5r37Ytzs5OrFy9lpN/n8pcfvTYcfbu24+7mxvVqoaRlpbGxl834erqyukTRzh/5mTm38zpXwP35ge2dJ+24MLFi7zy6us8068v/V98/pHL3K9qWBWqVK7ExEmTOXjoML179sjrsAtM8YAAypcrx5q168yW//nXHkIrVsx2G1vJP6hkSaJu3iTxvpsq8QkJRN28SXBQULbbdOvSGb1ezxtD30StUtGxQ/uCCjdfqNVqwqtXY8fOP8yW/7FrN+Hh1a0UVcFYv2EjUVFRPPt031zL2tp5fxi9e/bgrz17+XraTOrWqU2ZMqWtHVKOjCYjb495j81bzIcBPn36DGVKZ3+DXavV0q1LJ1b8vJJfVq6iZ/duFg8bWdjZ6vUt59mcrZ5nkPdpWzy39erVQaPRsPq+753xCQn8/fepLN873dzcqFK5Eo6OWr6eOp22bVrhkcNcqEXp/K9bv5Evv5rC5ElfUKtWzRzL2dvrP7d6URSFIcNGsP33HZnL0tPTOXDwMCEhFahVsyarfl5q9jdj6mQA3n1nNN9+Yz5CxMRJU2jTuhVhVSqjUoEK1X3HInPkLGtzCA7CcDM6T/e58NeN/LT5V7Nl569fQ61WE+jrZ7Z89upVNA6vQUhwcEY93dcD26QoFj9kYLgZjUNw9r+v8oLKqRSmtKy9cnNSp1YlrkXGcOLvi5nLDhw6jUlRKF82Y6SBcxev89bYb4i7da9h+cKlG9yKT6JsGfNG0JlzV9GkUXUqVghGrVKhvm+EfhMKJgvryZQWhcqplMV5PIogt+LcTI7NveC/Duzcx6rvV/DiWwMoV7lClvVlK5UnTZ/GP8fPZC47e+w0xnQjZULLm5U9+Mc+EuPiadaxldk1d5el193N5FiC3IrnXlAIIUSek/EXhBAij/n5+TLm7dG8+944ej71NDVrhAMZPVbT09P5ePwHaDQaftu8hcTEJJ7s0C5Lz83GjRqi0+nY+OtvjB/3nsX7LOpu3brFiy+9QkBAAG1bt2L/gYNm66uGVSElJSXXMk5OTjyod68ejPvwY4KDgqhfr26+5pHfRgwfwquvD2H0mLG0bN6c3zZvyZhDa9EPOW5jC/l379qFb2Z/y4BXBzHgpf4oisI3c+bi7u6W41B7Pj4+tGrZgo2/bqJn9245DtlXlLzw3DO8Nngo4z78mJYtmvH7jp3s2bsv88ERWzVvwQ80bdyI0qVzv8lii+fdUi2aN8XPz5cDBw/yxWefWDuc/xRQrBgd2rdlwucTMaSnU7ZMaXbs/IPtO3YyZ9b0HLfr3bMH383/HpVKRc9/ezjbClu8vuU8Z2WL5xnkfRps79wWDwjg2X59mTT5axRFoWyZ0syZOw+dkxN9n+qVWS4tLY3fd/zB+QsXWPjTIhRFyWzMy05ROf8HDx1mxKi36dzpSXx9fMx+d2i1WsKrV8v8vz29/i2pFz8/X7p07si48R9xJ/kOxfz9+XHRYqKjoxnwUn88PT2o5lnVbL93e8mXKV3K7AEDRVHQp+kZM3okANWqVeX9Dz/iwsWLJCQkEnXzJqGh2T8IW9CcqoahP/MPukp5F0+v5i2ZvHQxxb19iahUiYvXr/P9hg30bt4Cx/vuIyiKQprBwOs9MuZ7rVSqNF8tWcyVqChupyQTm5BAuRIlLTqm4fJVnPLxAXONezWMd06jca1sUfkWTWqwMKQUb4+bw8D/dc54j/l2FXUjKlElNONhx8YNqlGyhB8j3v2GF/u1w2g08s28NZQM9KNV89qZ+8qop3SGDMx4KLpSxVJMnLqUy1eiSLqdQkxMAhXKBmYbx4NMqVfQuFfLveBjCPOtwNlblwj1Lptr2Qt//8OCSd9Sp2l93D09+OfEvZ7xDg4OlAktS0i1UILKlWL+pG/p3r83KhX8Mm85weVKUSEsxGx/sVEx9H3tWVQaFR4+nrh5uLF/x15Cwytz4sAxnh70rEU5XE2KIsw3a2O0EEKI/CcNwEIIkQ+e7tObgGL+zJo9lyNHj4GiUKtmDQa81J8WzZsBsGr1WgBatWiRZXsXZ2caNniCrdu2s3nLNp7s0M6ifRZ1hw4f4fLlKwA89XTWHxO/bVzLpUuXcy1Tvly5LMu7dOrEp59NpGePbmZPQhdFbdu0ZvKXnzNl6gx+/mUVZUqXYurkSUTUqpXjNraQv7+/H0sWLWTC5xN5a9Q7ANSqVZMlP/2Aj49Pjtv17tWDjb9uyhxer6hr17YNH304jtlz5vLT4iUEBpbgow/H0bZ1K2uHlm8OHT7C4SNH+W7OLIu3sbXzbimNRkP3rl1Y+NNiOrRrZ+1wcvX5hE+YNn0ms+fMJTY2lnLlyzFz+te0bNE8x20qVgwhvHo1XFxcCCpp2Y3MosJWr285z+Zs8TzL+3QGWzy3Y94ehYuLC9/NX0BiYhI1a4SzcMF3GdOJ/CsuLo7XhwyjRInitG3dildfGWA2ZUd2isL53/jrb+j1en5ZuZpfVq42W+fn58ve3TsB+3v9W1ovH4//gClfT2Py19OIjo4hNLQi382Zle1vtf+iUqmY8PH4zP+XLVOGEcOG8tTTz+LgoOWzTz7CyzP/hit+GE61a3J7/UZok/U3/qPq1rQpWq0Dy7ZuYem2Lfh7efFM27b0bdXGrJxKpWLUM/d+HwcHBDCgc1de/+pLHDQaRj3zLB5ulj1sYPjnHzyf7pV7wUfk4F6b9Oi14Nsm98JkfL+dPOE1Jk1bxhdfL0atUtO4QXWGD+qZWcZJ58jXX7zO1Fkr+XjiQvRpadSsHsLwQb3QOtx7WF6lUvHOm/0y/18qOICB/TszcNhkHBw0jBnRDw8Py+pJST6LQ/F+uRd8DLWKVWHDpZ20pH6uZQ/u3o8hLY09W3ezZ+tus3UeXh589uMUVCoVr70/lMUzF/L95LmogNAaYfR59Zks9wla97g3OoFKpaL/yIH8OHUei6YvoHGH5lSJsKzx+5/EyzwVWvRGOhBCCFugUoraJCNCCJGPIiMjCQy07GlPYS4yMhLAbutP8re//O0x5wfZYx3YY873s5f87SXP/2IPdWAPOebGVuvAVvN6GPZcB/acO0j+eelR6jJq+Gh0NarnaS/ggqQ/dQb94aMETJpg8TaPUk/Jp4eica9hcS/gwsZ452+MSYdxCc15tIMHPeq1OfKPiVT3q2hRL+DC5vStCxyNOcPnjUY81HZyb04IIe5JTEzMvVAObGMiJSGEEEIIIYQQQgghhLAi9y4dSd1/wNphPLLU/Qdw79Ix34+j9e+KMXFfvh8nvxgT96H171ogx+pUrjkHbp4skGPltQM3T9KpXM4jvgghhMhf0gAshBBCCCGEEEIIIYQQj8mlaSPUrq6k7Ct6jcAp+w6gdnXFpWmjfD+W1qcZKo0rxoS9+X6svGZM2ItK44rWp2Cm4mocGIGr1oUDUScK5Hh55UDUCVy1LjQOjLB2KEIIYbekAVgIIYQQQgghhBBCCCHygNfLL3J7wyYMVyOtHYrFDFcjub1hE14vv1hgx9SVHIghZgMm/bUCO+bjMumvYYjZgK7kwAI97v/CuvPr5V1E3oku0OM+qsg70fx6eRf/Cyt685wLIYQtkQZgIYQQQgghhBBCCCGEyAOO5criO2QQt1evxRR3y9rh5MoUd4vbq9fiO2QQjuUKbp5ZtUs5dKWHkn5zJYohrsCO+6gUQxzpN1eiKz0UtUu5Aj12WY8gBof3Y82FbdzSP/pckAXhlj6RNRe2MTi8H2U9gqwdjhBC2DVpABZCCCGEEEIIIYQQQog84tq6Be5dO5GweFmh7glsuBpJwuJluHfthGvrFgV+fK1vGxyKdcNwY1Gh7gls0l/DcGMRDsW6ofVtY5UYWgTXp3PZ5iw9u7HQ9gSOvBPN0rMb6Vy2OS2C61s7HCGEsHsO1g5ACCGEEEIIIYQQQgghbIl7106oXV2JnTIdt/ZtcK5TuOZCTdl3gNsbNuE7ZJBVGn/vcizWDZXGFf2lyWj92qPxrGu1WLJjTNibMexz6aFWa/y9q3O5FrhpXZh65EfalmpIRECYVeO534GoE/x6eReDw/tJ468QQhQS0gAshBBCCCGEEEIIIYQQecy1dQu05csSP2ceCafP4FQ7Al2lilaNSX/qDKn7D6B2daX41xMLdNjnnGh926BxroD+2iyM10+h8aiDxrWyVWMy3vkbY+I+VBpXXCpNK/Bhn3PSIrg+ZT2DmHviZ06fvkhEsSqEelvvHJ6+dYEDN0/iqnVhUpNRMuyzEEIUItIALIQQQgghhBBCCCGEEPnAsVxZin36Icm//0HSqrUkb92OtkIFtKWC0BbzR+Xhjsohf27RKunpKIlJGG5GY7h8FcM//6Dx8cGjRzdcmjbKl2M+KrVLOZxDPscQtx1D9EqMcVtRuYSgdgpG7RiAysEDVPl0K1tJR0lPxJQWhSn1CkryWdD6oC3WC61Ps/w55mMo6xHER0+8wc7IA6w5v43t1/ZRwaMUQe4BFHPxxV3rioNak+fHTTcZSTLc4WZyLFeTovgn8TI+Ok+6V2hN48DC1cNdCCGENAALIYQQQgghhBBCCCFEvnJp2giXpo1IO3+B1P2HSD1+guRtv2OMT0AxGPLlmCqtFo2XJw7BQThVDcPz6V6Fosfvf9H6NEPr0wxT8nnSk/ZjTDqGMW4bJsMtUNLz56AqB9Rab1ROpdC4V8OheL9C0+P3vzQOjKBxYAQXEq9y8OZJTsT+w45r+4nXJ2Ew5X1dadUOeOncCXIrTphvBZ4KbS89foUQohCTBmAhhBBCCCGEEEIIIYQoAI7lyuJYriwevbtbO5RCTe1SDkeXchDQ29qhFHplPYIo6xFEjwrWnaNYCCFE4aK2dgBCCCGEEEIIIYQQQgghhBBCCCHyhjQACyGEEEIIIYQQQgghhBBCCCGEjZAGYCGEEEIIIYQQQgghhBBCCCGEsBHSACyEEEIIIYQQQgghhBBCCCGEEDZCpSiKYu0ghBCisIiMjLR2CEIIIYQQQgghhBBC2K3AwEBrhyCEEIVCYmLiI28rPYCFEEIIIYQQQgghhBBCCCGEEMJGOFg7ACGEKGzc3d2tHUKRlJSUBNhv/Un+9pe/Peb8IHusA3vM+X72kr+95Plf7KEO7CHH3NhqHdhqXg/DnuvAnnMHyT8vSV1aRurJMlJPlrtbV0IIIR6P9AAWQgghhBBCCCGEEEIIIYQQQggbIQ3AQgghhBBCCCGEEEIIIYQQQghhI6QBWAghhBBCCCGEEEIIIYQQQgghbIQ0AAshhBBCCCGEEEIIIYQQQgghhI1wsHYAQgghhBBCCCGEEEIIYa+UlBTS9h/EcOwE6RcuYYqJRUlJAZNi2Q7UKlTOzqj9fHEoWxpttTAca9dC5eycv4HnJ2Myyu39KMnHQH8elSEGRUkBxZS3x1GpUamcUbR+oCuHyqUaKrfaoHHJ2+Pko5R0PQdjT3I87iwXkyKJ1ceTkq7HlId1pVapcXbQ4avzoox7IFV9QqjlWwVnB12eHUMIIUTekgZgIYQQQgghhBBCCCGEKGDpl6+QunYD+h270IZWRBNcEqcmjVB5e6LSOYFaZdmOTAqKPhXlVgLGqCj0m7dze/psdE0a4tSxPQ6lgvM3kTyk6C+jxK2BpN/BqRIqXRB4NAWNF6idUKnydkBLRTGBKRWVMR4MN1ASNqNETQP3pqh8OqHSlcrT4+WlK7evs/7KTv64cYgQz9IEuQbQqHgtvHTuOKkdUaksfP1YQFEUUk1pxOuTiEqJZcu1Pcw6uZRGxWvSIbgxwW4l8uxYQggh8oY0AAshhBBCCCGEEEIIIUQBSv5+EalbtqKtHYHb6688Xm/df3sAq5ydUQcWR1szHF1Kc9IOHSVx7Ic4tWyBy3N98y74fKJEL4D431C51YWA17P0ws275sz79qlSZxxH4wKOgahca4GxFSQfhsvvoHi1RuX/fD4c+fH8eHYtWyP3Utu/CgOr9MZZk789cVUqFc4aHc4uOkq4+FHDN5QUo56jsacZd2AmLQLr0i+kY77GIIQQ4uHIHMBCCCGEEEIIIYQQQghRANIvXyH+rTEYr13F9eUX0TWoly9DNaucndE1qIfryy9ivHaV+LfGkH75Sp4fJy8o+suYLr4JqVeg2ABwb2DdIZg1LhkxFBsAqVcwXXwTRX/ZevHc58rt67y9dzLXkm/Sv1I36hWrnu+Nvzlx1uioV6w6/St141ryTd7eO5krt69bJRYhhBBZSQOwEEIIIYQQQgghhBBC5LP0U2dIfP9jtKEh6Nq0KpA5elXOzujatEIbGkLi+x+TfupMvh/zoaT8DZfHonIOBe92hWvuXY0LeLfLiO3y2IxYrehMwkXGH/qGEM/StCpZ32oNvw9y1uhoVbI+IZ6lGX/oG84kXLR2SEIIIZAGYCGEEEIIIYQQQgghhMhX6ZevkPjZJJxaNEVbM7zAj6+tGY5Ti6Ykfjap0PQEVvSXUa5OAM+W4FrL2uHkzLUWeLZEuTrBaj2Br9y+zsSj82lWog41fEOtEkNuaviG0qxEHSYenS89gYUQohCQBmAhhBBCCCGEEEIIIYTIR7enzkLXsD4OVSpZLQaHKpXQNazP7amzrBbD/ZTrU8CjIbhUsXYouXOpAh4NM2K2ghknl1C/WDiVvMpa5fiWquRVlvrFwplxcom1QxFCCLsnDcBCCCGEEEIIIYQQQgiRT5K/X4TGx8sqPX8fpK0ZjsbHi+TvF1k1DiV6ASqNd+Hu+fsg11qoNN4o0QsK9LA/nl2Lt86j0Pb8fVAN31C8dR78eHattUMRQgi7Jg3AQgghhBBCCCGEEEIIkQ/SL18hdctWHBs3tHYomRwbNyR1y1arDQWt6C9D/G/g0cQqx38sHk0g/rcCGwr6yu3rbI3cS8PiNQvkeHmlYfGabI3cK0NBCyGEFUkDsBBC5LHuvfsSHlEvx79ly38GYPwnEwiPqMfPK1dl2ceUqdMJj6jHwp8Wmy3ft/8Ar7w2mEbNWtGkeWtefX0Ihw4fKZC8rGnN2vX06tOPeg2b0qFzN6ZOn4k+LS1z/aIlywiPqMfrQ4bnuI+Dhw4THlGP1u07FkTIecpe809PT+fb7+bTpXtv6jVsSrdefVjxy0qzMm+OHE14RD0W/PBjjvuZ/e1cwiPq8c677+d3yHnGnnPPzaLFS3myc3dq129Exy49WLx0ubVDKhB6vZ5PJnxBs1btqPNEY55+9gX2Hzho7bAe2ukzZ3n19SE0bdGGZq3aMWLU21y/fsOsTGTkdQYPfZP6jZrxRONmDBk+wqzMP+fOER5RjybNW5N233vh/VJTU2nQuDnhEfW4fOVqvub0MH5eueo/vyPs3LUbsK3rW3K2j5wvX7nKsDdH0rRFG5q2aMOwEaO4eu1a5vqifN1mZ9GSZXTt8RR1GzSha4+nWLLM/LPIls7t/Xbu2k14RD2+/Oprs+W2/L5tyecWQHJyCtNnzqZbz6eo+0RjIiPvNXgU5fz/S1JSEouWLKN332c4cfLvLOvXrtuQ7XvgtBn3hh7eu28/fZ95njpPNKZ563ZM+Hyi2e+cs/+co+8zz1O/UTMGvTGM+Pj4Asktr6Wu3YC2dgQqZ+dcy8bEx/Ppwu/p9d67dHlnNCOmT+PUpYtmZeauXUv3d9+hzwfv89u+fY8Uk8rZGW3tCFLXbnik7R+XErcG3OqCxuWht505dw1NOwznz70nzZZv3LKP/oMm0rbbaPr0/5g5C9aTlmbIXH/+4g0GDPmKdj1GM+r9OSQk3Hm04DUu4FY3I4cCsP7KTmr7V8FZo8u17P7texjafWCWv/U/rc62/MkDxxnafSCrFtz7HEtNTmXuZ98w6ukhfD78I66ce7SGbmeNjtr+VVh/ZecjbS+EEOLxOVg7ACGEsDUN6tejbJnSZsvS0gzs2PkHAGUeWGep9Rt/ZczYcQBUr1YVk8nEX3v2smfvPj7/9GNatWz+eIEXUitXr2Xchx/x4vPPUbdOBBcvXWbqtBkkJ6cw6i3zBs9du/8kJiYGPz+/LPtZtbpgfpzlNXvOf8IXX7J+/UZeGfASIRXKs/33nXz40adoNA507WzekL1y9Rqef7Zfln0oisLqNesLKuQ8Y8+5/5d1GzYy4YsvebZfX+rVq8vu3X/x6Wdf4O3lSds2ra0dXr6a8PmXrN/4K0MHD6JEiRIsXrqM1wYP5ZdliylZMtDa4Vnk2rVInnvxJWrWCGfce++SkprC19NmMHDQGyxdvBCdoyNGo5FBbwwlPT2dD94bg8mkMG3GLAYNGcbyxT+iVt97fjUhMZHtO3bSplXLLMf6bfNW7iQnF2R6FmnapDHz587Osnz77ztYsmwFNapXM1tuC9e35HyPreacmprKq4PewFHnyLvvjEZRTEydMYtXXx/C8iU/oXN0zCxbFK/bBy1b/jMTPp9I/xeep07tWuz+aw+fTPgCR60j3bp2Nitb1M/t/fR6PRM+m5hluS2/b1vyuQUZDaH9Xx7ItWuRPNW7F5VCQ/D19cmyv6KWf04SE5OY8MWXbN68BUN6OiaTKdtyN6Oj8fBwZ9iQwWbLK4VmDGF75epVXn9jGHXq1GbigJe4ei2SKVOnk2408u7bowD46JPPaNumNX379OaD8Z/wzZzvMn8DLfjhR7p0ehIvL698zPbxKSkp6Hfswu31V3Itq08zMHLmDDQOGl7v3gNnRx2rdu1k5MyZzBk5mgAfbw6eOcO2QweZO3I0cYlJDJ06hTqVK+Pl5sal6zc4e+0qrWrXtig2x5rVuT3tG1xffNaixuk8Y0yGpN8h4PWH3vTCxRssW7kjy/INv+3ls8lLeLpXC2pWr8DVazHMXrCW1FQ9g1/pBsCkacto3jicHp0b88XXS/l+8abMdYt/3kb7lnXx9HS1LBCXGhA1DYq9+EiN2JZKSdfzx41DDKzS26LyCbficXFzofNzPcyWlywbnKVsepqBFd9mnad368pNAHw8fyJ7t/3JounfM3LSuwAc3n0Q3wA/gsuXsiie6r6hzDq5lOdCuuDskHsDthBCiLwlDcBCCJHHRgwfmmXZlKkz2LHzDzp17ECd2hEPvc/4+Hg+/vRzNBoNc2ZNp2aNjHmD7vYIHv/JBJ6oXxdXVwt/rBQhS5evoFXL5gwZ/BoAT9Svx40bN1i5eq1ZA6hOp0OtVrNm3QZefP5Zs32kpKSwafMWfH2y3ogp7Ow1/4TERJav+IVRI4bTt0/Gj90GT9Tn9JkzrF6z1qwR1Nvbm/PnL3D8xAmqhoWZ7efAwUNcuXpVcrcRS5Yup8ET9TPfZxs3bMDlK1dYtGSZTTcA30lOZs269bw28OXM18QTT9SjddsnWbl6DYNezf2GYmGw8KfFuLu7M+WridZtWT8AACAASURBVJk3zb29vRn42mCOHj1GndoR7N23n/MXLvLD/LlUr1YVgODgkvR7rj/79h+gXt06mfvz9vZm1eq12d5IX7l6Db4+PsTGxRVMchby9fHJ9pqcOGkKT3Zoh7u7e+YyW7m+Jed7bDXno8eOc/XaNb6f9y3h/zZu+/n58eJLr3DixElq1ayRWbYoXrcPWr/xV56oXy/zu1mDJ+pz+vQZ1m/81awB2BbO7f3mzJ2Hg4MDXp6eZstt+X3bks8tgKnTZ3HzZjQrli6iRIniOe6vqOWfk+joaK5fv867Y0bj7e3N628My6FcDMFBQXTv2iXb9b+sXI3W0ZFJEz/LrN+0tDRmzprNm0PfwNnZmctXLtOkUUN0jo40avgEq9esA+CvPXtZt34Dz/brmz9J5qG0/QfRhla0qIH1yD9nuXwzirkj36b0v6+lauXL0+XtUfx18jhdGjXmWnQ0oaWC8fbwwNvDA19PTyJjovFydWXy8qV0a2L5kMoqZ2e0oRVJ238QXQEOT63c3g9OlR6p4fSrGSuoXDGY43+b94peuW43TRuGM+CFJwGoUyuUqOhbbPhtb2Yj79XIGBrUDcPRUUu92pX5dXNG7+kDh8/y29YD9O7a1PJANC7gVAnl9n5Unvk3jPXB2JOEeJa2qPcvQOKtBHyL+1O/Ve7nc9PyDTg4qHF1dzNbHn39JqHhlXBw1FK1Tjgr5mY0Et9OSGLlvKUM+fgti+N31ugI8SzNwdiTNAwoWkNYCyGELZAhoIUQIp/9feo0C35YiK+PD2+9mf2P49xs2ryF27dv065t68zGX4A6tSNo2bwZ8fHxbNue9SlYWzB9yiQ+fP89s2VOTk6kpqaiKErmMpVKRZtWLVm1em2WfWzavIW0NAMtWjTL93jzmr3mn5SURId2bWnUqIHZ8jJlSpOUlGS2LKxKZYJKlmRlNrmvWr2W0NCKj9zz3hrsOff/YjKZ+PvUaerXq2u2vG6d2pz8+5TZ9WBrzp49i8FgoF7de7nrHB2pXr0ax0+c/I8tC5fixQN45uk+Zr0B746Ycfe1ffzESVxcnDMbEQCqhoXh4uLMiZPmubZt3ZLdf/5FdHSM2fJr1yI5cPBQkXko4PCRoxw/cYK+T/UyW27L17fkfI8t5KzX6wFwd7t3A/luI2FqaqpZWVu4bvV6vVmukJHvg7nawrm96+KlSyz44UdGjxqBRqMxW2fL79uWfG6lpKSwas1aXnt1ACVKFM+xNywUvfxzUr58OeZ9+w2dOz6Js5NTjuViYmIICAgAMobIftCJk39Ts0a4Wf3WrVMbfVoaZ/85B0DZMmXY8ccu0tLS+OuvvZQpU5q0tDQ++ewL3hk90qyHeWFlOHYCTXBJi8rWCKnIsg/GZzb+AmgdHNCo1aT+OzR2qYAATl++wq3ERC5ev05sQgIlfP34dd9enHSONAmvkdPus6UJLonh2ImH2uZxKcnHUOmCHnq7jb/t4/zF67zyYtZpjT774CXeHtbHbJmTTktqalrm74RSQcXYvfcEBkM6+w+dITioGAZDOpNnrGD4oJ4P/XpS6YJQko89dB4P43jcWYJcAywunxCXgLdfxsNF+lR9juVuRkaxddVvdH+pD2qNed7FSgZw5ugp0tMM/H3wBAGBGa/HVQtW0Lh9c7yL+T5UDkGuARyPO/tQ2wghhMgbhf+bkhBCFGHp6em8N+5DjEYj74weiaeHxyPt5/CRjB8V9evWzbKubp2M4Z2OHM3fHx7W4u3tjYuLM+np6dy5c4ddu/9k8ZJlPN2nNyqVKrNcWloa3bp25sLFixw9dtxsH6tWr6Vpk8ZZbtYVBfaaf1DJknzy0QcEB927MWAymThy5Bi1I8x70aelpdGlc0c2bNxkNmdYcnIKv23ZSrfOnXKcb60wsufc/0vS7dukpaVl6S3l7e2FXq8nOSXrjUVbERub0RvoweEkfby9uXXrljVCeiTPP9uPF557xmzZoUNHcHBwIDy8OgCxcXH4eGftEefl5UXcLfN5/5o2aYyzszNr1q0zW75qzVp8vL2pX68ORcGPPy2mdkQtKpQvb7bclq9vyfkeW8i5bp3aBAaWYPLU6dy8GU1U1E0mTZlKcFAQtSNqmZW1heu2a5dObN+xk+2/7+TOnTts3f47237fkaWXoy2c27s+mfAFzZo05ol6WX+L2PL7tiWfW8eOnyA1NZWYmFjaPdmFmnWeoGuPp9izN+u8rEUt/8d1MzqGM2fO0rRlW55o3IwWrduzZu29oc9jY2Oz/W4DZH6/GTN6JJu3bKVZq3bE3brFwJf/x9x5C6hZI5wa/56Dwi79wiU0AZY14DlqHfD28ABFIc2QTlTcLb5ashhnJydaRmT87g+vUIFWtWszYOLnjJnzDW/07IVGrWbehvUM7t7zoePTBASQfuHSQ2/3WPTnQZtzb/nsJN1OZta8tbz0fHu8PLP+rvXydMPJ2RGj0cSd5FT2HjjFitV/0KNz48zfzcMH9WDH7mN06fse8fFJPN+3DT8u3ULVKmUIq1zm4fPQFs/IJR9dTIokwNnyBtfEuASuXbjKuy+8xainhzC2/0j2bfsrS7nlsxdTtU51QsMrZ1nXvHNr1CoVY/uPZOeGbfQd/Dz/HD/DlXOXaNa51UPnEODsy8WkyIfeTgghxOOTBmAhhMhH3343nzNn/6FVy+Y5ztH7wfhPCI+oZ/b33fzvzcrExcYCEBBQLMv2/v7+AMT8W8ZWDX1zJA2atOC1wUOpWTOcwYNeNVtvMpmoVjWM0qVLsXLVvflur1y9ysFDh+nWpejcZMuOvecPGTfPr9+4wXPPPG22PC0tjS6dOpKcnMyWrdsyl/+66TeMRiMdOrQjzWAo6HDzlD3nfpfh3zwcHMxnMNH8+6S+oYi/vv+LwZAOZM1drVEX6fObmJjElGnT6dm9a2bDvsFgyJIngEatyXKOVWo17dq0NutdpygKq9euo+OT7TGZCn+v8BtRUWzZtp2+T2Wd181Wr2/J2Zwt5KzT6Zj+9WT27z9A6/YdadOhE4cOH2HG1Mk43tezD2zjuu3dswcdO7RnyPARNGjSgmFvjqR71y5Z5v+1hXMLsGHjJo4dP57tNDdgX+/b2X1uXb5yFYAVP69kwMv9mTZlEl5engwZ/laW32dFPf+HpdU64OLizFvDh/L5px8RFFSSseM+5OTfp4CM7zdZvtv8+70uLS3j2ihfvhwLF3zH7h1bmTZlEomJSaz4ZRXD3nj4uWOtxRQTi8rbM/eC9zl79SodRr5Jv/Hj2H74EB/2fwm/+4Zff6F9B5Z9+BE/vjeO1nXqMHv1ajrUrU+gn99Dx6fy9sQUU7D3ElSGGNA83NzNs+etw9/Piy4dGvxnuTEfzqVDz3d4a+xsqlcty8svdMhcV6Z0cWZOGsL65Z8w4YOXSbqTzJqNfzHwxU6PlAcar4xc8lGsPh4vnXvuBf+lcdCgc9bR9YWePP/mS/gW9+enaQu4cu5yZpmDO/dz6cx5ur7YK9t9OLk48cJbA/h04VeM+HIMgaVLsnzOInq81AeNgybbbf6Ll86dWH187gWFEELkOWkAFkKIfPLPuXN8+918PD08eGf0yBzLhYVVoW2b1mZ/5cqaP31691aALQ9xmpsRw4cwd/ZMhg0ZzJ69+/h62owsZfRpaXTt3ImNm37LHI5w1eq1+Pn50bDBE5k3Eooie89/3/4DfPX1NN56c1iWudX0ej0BAcV4on49syGwV65eS/NmTfH08CjSjYP2nPtDua9HvD1RUTTzNhqNjHrnXZx0TrwxeJBF26geOMdpej3dunbm0qXLHD5yBIA9e/dx/foNunbpjMFQ+F/7i5csw8/Pl+bNss4dZ6vXt+RszhZyTklJYfSYsZQtW5ZpUyYxZdJEgkqWZPSYsZnfR+6yhet23foNrF2/gcGDXmXu7Jm8+srL/LxyFZt+22xWzhbO7Z07d5g4aTKvvPxStg+i5saW3rdz+ty6c+cOAFOnTKJ71y40btSQyZO+ADIahe9XlPN/FN9+M4OlixbS8cn2tG3TmlnTp+Lt7cXCnxbnuu2Dr527PpnwOQMHvMTW7b/Tun1HOnTuxtZt2/M69DylpKSg0uU8VHZ2ggOKMW3oMMb/7yXCypblg/nfEZXD/NDHz5/n6Ll/aFuvHm/PnkW3MW8zfsE8UvQ5D/97P5XOCaWAR9JRlBQUteV1cvL0JdZt2sOwQd1zfG3cNejlrkz5bBAD+3fkwOEzfDNvXY5lv5qxghf6teWPP4/R87kP6dP/Y3bsPmp5HmonFCV/6y4lXY+T2jH3gv8a9OEwRn75LrWb1aNmw9q8+t4buHm48fvaLQCkJqeycv4y2vZ+Ei9fyxrht67cRMkyQeicHPl86HjGvvgW6xettjgmJ7UjKemWvR6FEELkLWkAFkKIfGAymXhv3HgMBgNvvTksy5Cl9+vZvSuff/qR2V+zpuY3CH19M4b8iY6OzrL93WU+3g/3BG1RU6Z0aWpH1OKF557h5f/15/uFP5GYaD4fqsFgoHOnJ0lNTWXzlq2YTCbWrF1P544dUKvVpKenWyn6x2fP+Z+/cJFhI0bRu2d3enbvmmX93d6R3bp0Zu++/Vy/cYPLl69w+MgRunXJeJpbci/6HLUZNz70aeY3D+7Wwd31tsjRUQtAmt78xrDBYMhcV9R88tkXnDhxkimTvsDVxSVzuaPWMcs5hoxctQ+cY4MhnWpVwyhfvlxmb6pVq9cSXr0a5cqWwVDIX/upqams+GUlvXp0zzKnJtjm9S0522bOq9as4/z5C0yd/CWNGzWkWdPGTP96EqfPnGXNug1mZYv6dWsymZj41RR69ejGS/1foHZELQYOeIke3brw+ZeTzcrawrmdOn0m7u7u9H2qF0ajEaPRCICCkvlve3nfzulzCzJ6rVauFJr5fy9PT0IrVuTc+Qtm5Ypy/o/q/sY6FxdnakdEcPHiRSDj+02W7zbphsx1D9qwcRO379yhdkRNvpoylW9nzeCT8R8wdtz4LL+LijonRx2VSpfhiarVGP+/ARhNJlbu3JGlnNFoYsqKZbzevQcLNm6gpJ8fi94fh9FoYvHmzdnsuegxmUxMmraCti1rE1ohGKPRlDnXtqIoWebdDg7yp0a18vTt2YLn+rRh6S+/k3Q7Oct+t/x+kORkPTWqlmfWvLV89cmrjH2rHxMmLc62fJFyXxu5zklHhaqhRF27AcC6H1fh7OpMkw7NMRlNmIz/1p/CvX/fJ+5mDDvWb6PL8z2Z/+VcWvdqz8hJYzmwYy+nj/xdENkIIYR4DNIALIQQ+WD+9ws5cfJvGjZ4gk4dO+S+QS6qV6sKwO6/9mRZt3f/AQCqVa362McpjFauXsuZs/+YLasYUgGj0Zh12GtFwc/Xl0YNG7By9Vr27N3HjagounbOuMmmUPR6UNt7/rFxcQx6Yyh1ImoxcsTwbMvczatZ08Z4eHiwZu06Vq5eQ4nixalXN2MutaLYed6ec8+Om5srOkfHzPlw74qOicHZ2RkXF2crRZb/7j4EFPtAz4+YmNj/fMCosPpu/vesWbOOryd/SenSpczW+fn5cutWvNmIF4qiEBsXl2WewLtlunXuxKZNm4mOjmHLtu10/bdhpbC/+FevXUdqqp4e3bI+3AG2eX1LzlnZQs7nzp0noFgxfHy8M5f5+fkREFCMf86dMytb1K/b+PgE4uJuUaWy+ZyJVcPCiI6OJiExMXNZUT+3d+7cYcmyFVy4eJG6DZpQq24DatVtQGxcHD8s/IladRsQGXndLt63c/vcMplM3MzyoK6CVms+vHFRzf9RxMXdYuOvv5Gamppl3d1hnn19fbP5bpMxnO6D329u377NpClf8+47ozhx8m+qVa1K6dKlqBFenWL+flneawoTlbMzij5rPWTn3NVr/LrX/De/zlFLoJ8/0fFZh9Bd/vtWSvr5U7dKFU5cuECriDo4OepoXqsWJy9dtOiYij4VlXPBfo9WqZxRmSyrk70HTnP23FXWb9pLi04jaNFpBM+/+jkAb38wl77/+wSADb/t5dzF62bbli8biNFoJO6W+QMCd5JTmTl3LcMH9eTU2ctUqliK4CB/wiqXwd/PkwsXb1iWhykVlSp/687ZQUeqybLRAW4nJHHoj/0Y9FnLq1VqUpNT2bXpd6Ku3mBEn8EM7/Uaw3u9RlJ8IttWb2Z4r9e4ddP8HsPy2Ytp3aM9CgpJCYnUbFgbd28PKtcM49KZC1mOk51UUxrODjqLygohhMhb0gAshBB57NKly8z6Zg6uLi6MHTM6T/bZplVLXF1d+XXTZg4fuTck0aHDR9iydRseHu40b940T45V2MydN5/53y80W3b2n3Oo1WpKlgzMdptuXTqzb/8BZs2eS0StmpQqFVwQoeYLe84/NTWVwUPfpJi/PxM+GZ95sygnWq2Wjh3asWr1OtasW0/nTk/muk1hZc+550StVlO1ahi7dv9ptvyvPXupGlbFSlEVjNCKIeh0OrPcU1JSOHL0GNWqFa2Hfzb9tplpM2Yx4ZPx1AivnmV99WpVSU1N5cDBQ5nLDhw8hMFgoFrVsGz32fHJ9ujT0hj59hjUajVt27TOt/jziqIo/LRoKW1atzRrNMuOrVzfkrPt5hwYWILo6GiSku7dYE9ITCQ6OoaSgdl/VymK1y2At7cXzs7OnDt/3mz5P+fO4ebmhqeHR5Ztiuq5dXJyYuGC7/jph/lmf16enjzZoT0//TAff38/m3/fzu1zq05EBGq1mg0bN2UuS0hM5PSZs4RUqJDtPotS/o9KQWHUO++y84/dmcvS09M5cvQo5cuXAzI+8w8eOkzKfcMP//nXXpycnKhQobzZ/qZOn0nL5s2oFBqKSqUy61msKGTpBVqYqP18UW4lWFT20s0bfLHoJ67H3ptXNs2QTmRMNCX9/c3K3rx1i2Xbt/Na124AWerE0umjlFsJqP18LSqbVxStHxgtmxM2rHJpZk8ZZvY3fswLALz+Slc+ff8lABYu3cLi5VvNtj1/MRKNRk2JAPMHCuYsWE+jJ6oSUr4kKpUKtfpe3ZkUBZOlD2MY4zNyyUe+Oi/i9Zb1cFeABZO+5cSB45nLTEYTF06fo3hwCRx1jgybMJo3v3jH7M/V3Y3aTevx5hfv4OFzb2S5w7sPkngrgcbtm2WZdkYBFAvnLY/XJ+Grs+0R64QQorByyL2IEEKIh/HJZ1+gT0vD18+Xr6ZMy7L+iXp16da180Pt08fHmzGj3+Ld9z+k/8sDqRFeHUVRMhuDx74zOtsbTrbgmaf7MOHzLylRPIB6detw7vwF5sydR7+n+6BzzH7I1yaNG+Lr48PhI0cY/8F7BRxx3rLX/BVF4e0x73Hx4iU+/nAcJ/8+ZbY+ODgIP9+sNyq6de3Mwp8Wo1KpMns+FzX2nHtunu7zFG+OHM2EzyfStElj/ti1m/0HDvLVxM+sHVq+cnJyonvXznw3bwEeHu4EBwfz06IlAEXqXB85eox33/uA9u3a4O3tzaHDRzLXabUOVA0LI6JWTUIrhjB23IcMe+N1UKmY8vV0KoWGUrNGeLb79fb2plnTxmzeso0unTpmGZqzMNq1+08uXLzIRx9a9h5tC9e35Jy7oppzp44dmDf/e4YMf4sXnnsGRVGYt+AH3Nxc6dihXbbbFMXrFjIaWPr1fYofflyEp6cnVSpX4viJk/y0eCkv9X8hx+2K4rnVaDSEVamc7XJfH5/Mdbb8vm3J51axYv706d2L6TO/QVEUSpcKZsEPP6LT6bKdvgOKTv6Pw9fHhyfbt2PC5xNJTknG38+PpctXEBMTywvPPQNkXBcLfviRoW+O5Jmn+3D1WiTzFvxAz+5d0enu9RZUFAV9Whojhg0BIKxyZT797AsuXbpMYlISN6OjCQnJvrG9MHAoWxpjVBTqwOK5lm1QtSqBvn68/91cnmnTFmdHJ1b+sQOj0USnBg3NykbGxPB8m3YU8854wKhSqVJsPrCPsiUC2X74EJVLl7EoPmNUFA5lSz98Yo9DVw4MN8Ax+4eE7ufu5kJoiPk14uyU8foIKuFHuTIZ9dqraxOmzPiZYv7eRNQI4dLlm/yweDM9uzQxG1JcURTS0gwMerkLAKEVgpky82euXI0m6U4ysbGJmfvMleFGRi75qIx7IFEpsZRwyb2h2d3TndpN6/Hz3CWk6fV4eHuya+MOkm4l0qJrW9QaNcHlS2XZTq1R4+7lnmXdrehYeg7oi0qtwsPbE1d3Vw7t2k9I1VBOHTpBr1eetiiHqJRYyrjnfq6FEELkPWkAFkKIPHbp8mUAIiOvExl5Pct6d3e3h24ABniyQ3v8/f2ZO28BJ07+TXp6Ooqi4OTkhJOT02PHXVg91asnjlpHfly0mIU/LaZYMX/+9+LzPP9svxy30Wg0dOrYgaXLVtCmVcsCjDbv2Wv+KSmpbN3+OwBD33wry/p33x5Fr57dsyyvUL48VcPCcHFxJjCwRL7HmR/sOffctGrZnLHvjGbegh9YtuIXShQvzth3RtOieTNrh5bvhg99A5VKzexv53H79m0qVgxhxtTJBAQUs3ZoFtu8ZRv6tDTWrtvA2gfmBfX18WHrbxtQq9V8PflLJnw+kfc++AiVCurVrcPbI9/6zx5z3bp0ZvOWbfeG0Szkfly0hLCwKlQNy7533INs4fqWnHNXVHP28/Vl/tzZTJoylbHvfwhAeHh15n37Dd7eOfd8LmrX7V2vDRyAp6cHP/+ymhmzZhNYogRDBg/i6T69c9ymqJ5bS9jy+7Yln1sAb705FBcXZxb+uIik27epXq0qs2dOw83NLcd9F4X8H9fYMaOZ+c0cZs6aQ0xsLCEVyjP9668oWyajYbJE8eLMnDaFiV9NYdiIUbi5udGze1eGDRlsth+VSsW4sWMy/1+6dCkGD3qVF196BQetAx+8926hfhhaWy0M/ebtaGtm/0DE/ZwcdXzx2ut8u3Y1U1csJ91opFLp0kx+Ywh+XuY9KGuEhFAjJCTz/y936sKEH3+g59gx1AytSN+WrSyKz3jlGrpWBftdWuVSDSVhMyrXWnm2z65PNkTr4MDyVTtYvnIHfn6e9Ovdkj49mpsfW6Vi5JCnMv8fHOTPS891YPCoaWg1GkYOfQoPd1eLjqnor6LytKyeH1VVnxC2XNtDDd/Q3AsDvV95mo1L17Fh8RoSbyUQWCaIAWMGERAU8NDHbt7lvtEJVPDcsP+xZOZCln3zEw3aNqFSDctGYbp6J4qWJes99PGFEEI8PpVi6ZggQghhByIjI3F3d7d2GBbbvGUb777/AXq9ng/fH5sn8w0/qrvD/hWl+stLkr/95W+POT/IHuvAHnO+n73kby95/hd7qAN7yDE3tloHtprXw7DnOrDn3EHyz0t5UZdKSgpxLw7E7fVXCnyu3dwoKSncnvYNPvNmPVZsD11PxmRM515AFfA6aIpoD3hjMkrUNNTl51ucw6O8nlLS9QzYOY6BVXrjrCl68+imGPXMOrmU2Y3HPdQ8wElJSQTmMI2EEELYm8TExEfetvBPPCOEECJHrVo2Z8Hc2bRo3pSmTRpbOxwhhBBCCCGEEEL8S+XsjK5JQ9IOHbV2KFmkHTqKrknDgm+Y1riAe1NIPlywx81LyYczcsjnBmxnBx2NitfkaOzpfD1Ofjkae5pGxWs+VOOvEEKIvCMNwEIIUcSFhlbky88n4OEhT3gLIYQQQgghhBCFiVPH9hj2H0BJSbF2KJmUlBQM+w/g1LG9VY6v8ukEt/eCMdkqx38sxmS4vTcjhwLQIbgx+6NPkmLUF8jx8kqKUc/+6JN0CJbOCkIIYS3SACyEEEIIIYQQQgghhBD5wKFUME4tW5C2c5e1Q8mUtnMXTi1b4FAq2CrHV+lKgVdrSNxhleM/lsQd4NU6I4cCEOxWghaBddl141CBHC+v7LpxiBaBdQl2K2HtUIQQwm5JA7AQQgghhBBCCCGEEELkE5fn+mKMi8dw6Ii1Q8Fw6AjGuHhcnutr1ThU/s+jGG/BnYNWjeOh3DmIYryFyv/5Aj1sv5CO3NIncriIDAV9OPY0t/SJ9AvpaO1QhBDCrkkDsBBCCCGEEEIIIYQQQuQjt8ED0e/6i/STp6wWQ/rJU+h3/YXb4IFWi+F+qhJDIHEXJJ+0dii5Sz4JibsyYraC16o8xV83j3Aq/oJVjm+pU/EX+OvmEV6r8pS1QxFCCLsnDcBCCCGEEEIIIYQQQgiRjxxKBeMxajipW3+3Sk9gw6EjpG79HY9Rw6029PODVLpSqIJGQ8KWwt0T+M5BSNiCKmh0gQ39/KBgtxKMqP4C26/vK7Q9gQ/Hnmb79X2MqP6CDP0shBCFgDQACyGEEEIIIYQQQgghRD5zqFQRjw/GYDh9Fv2mzSgpKfl+TCUlBf2mzRhOn8XjgzE4VKqY78d8KM6VodR4lJTTcGsjGJOtHdE9xmS4tTEjtlLjM2K1ooqeZRhb8xXOJlxi87W/SDHqrRrPXSlGPZuv/cXZhEuMrfkKFT3LWDskIYQQSAOwEEIIIYQQQgghhBBCFAiHUsF4ffExmpJB3JkzD/3uPfnSEKykpKDfvYc7c+ahKRmE1xcfF5qevw9S6UqhLvMlOAXDzdmQtNu6DcHG5IwYbs4Gp2DUZb60Ws/fBwW7leDTukMp6VKM7079wp6bR63WEJxi1LPn5lG+O/ULJV2K8WndodLzVwghChEHawcghBBCCCGEEEIIIYQQ9sTlub44NmtE6toN3J72DdrQimiCS6IJCEDl7YlK5wRqlWU7Myko+lSUWwkYo6IwXrmG4fQZdE0a4jH+vULb8Psglf/zKB7NUeLWQNQ0cKqEShcE2uKg8UJRO6FS5W1/JkUxoTKlgjEeDDdQ9Fch9RS4N0VV6pNC0/D7oH4hHWlSIoL1V3Yy6+RSQjxLE+QaQICzL146d5zUjqhUFr5+LKAoCqmmNOL1JDRwhgAAIABJREFUSUSlxHL1ThRnEy7RqHhNxkW8Kg2/QghRCKkURVGsHYQQQhQWkZGRuLu7WzuMIikpKQnAbutP8re//O0x5wfZYx3YY873s5f87SXP/2IPdWAPOebGVuvAVvN6GPZcB/acO0j+eakg61JJSSFt/0EMx06QfuESppjYjF7BJgtv26pVqJydUfv54lC2NNpqYTjWroXK2Tl/Aycf68mYjHJ7P0ryMdCfR2WIQVFSQDHl7XFUalQqZxStH+jKoXKphsqtNmhc8vQw+fl6SknXczD2JMfjznIxKZJYfTwp6XpMeVhXapUaZwcdvjovyrgHUtUnhFq+VXB20OXZMe5KSkoiMDAwz/crhBBFUWJi4iNvKz2AhRBCCCGEEEIIIYQQwkpUzs7oGjdE17ihtUMpPDQuqDyboPJskrko7/qzZpWf+85vzg46GgbUpGFATWuHIoQQohCROYCFEEIIIYQQQgghhBBCCCGEEMJGSAOwEEIIIYQQQgghhBBCCCGEEELYCGkAFkIIIYQQQgghhBBCCCGEEEIIGyENwEIIIYQQQgghhBBCCCGEEEIIYSMcrB2AEEIUJu7u7ri7u1s7jCLN3utP8re//O0x5wfZYx3YY873s5f87SXP/2IPdWAPOebGVuvAVvN6GPZcB/acO0j+eUnq0jJST5aRehJCCFFQpAFYCCHu07b3YGuHIIQQQgghhBBCCCGE3dq9Yb61QxBCiCJPhoAWQgghhBBCCCGEEEIIIYQQQggbIQ3AQgghhBBCCCGEEEIIIYQQQghhI6QBWAghhBBCCCGEEEIIIYQQQgghbIQ0AAshhBBCCCGEEEIIIYQQQgghhI1wsHYAQgghhBBCCCGEEEIIYQ90JiOhyUmUS7lNibQUPA0GnBQTKkXJ0+MoKhWpKjUJWi3XHZ057+zGaRd39GpNnh4nvzhpjVQNjic0MIEg3zv4uKXhpDWiUuXtcRQFUg0a4m47cjXWldORnhy/4kWqoWjUE4CiUTAEpGHwMWD0SMfkZAIHhbx8RakA0lWoU9VoEh3Qxmn5f3v3HR5Vlf9x/D0tM+kJKUDonVClSpdeRRTEBvaKdUX9uerqrrqWtSy6qLh21q4gAkpv0nvvJUAIIQTS66TM/P4IiUwSyAQTMomfl4/Po/eee+/5zq2533vOsZz2wpBfwTtEREQqjMHprOCnCxGRaqzXiDuqugoiIiIiIiIiUsOE52TTK+UsV6QnE23zId5iJclsJc1sxm4wUhmZTavTgX9eHsF5dsJz7TTMzmS7XxBrA0OJ97JV7PYqSERwFgPanqJ787NExfsTl+TNmTQrqZmWSkvK2iz5BPjkEuZvp05wFk3D09h4OJTle+oSm+RdKdusCPl+eWQ3ziY3wo4p2Ywp3Ywx04jRbsSQB+fSthXEidMMDqsDh4+DfL888oPysMRasR2zYUqv2HZma+d/UaHrExGprlJTUy95WSWARUTOowSwiIiIiIiIiFSk4QlxdElLYJ9PAIersBWu1ZFP88w0IjNT2eIfwoKQOlVSjwu5rns0vVvGsyM6mH0xgVXWCtdmySeyfgodGyax5mA4szY2rJJ6XExWqwzs9e1Y4i1YznphyLv8LXGdZie5oTnkhudijbHifcC3wtatBLCISAElgEVEKogSwCIiIiIiIiJSEcJzshl35gTpJgs7/II8pvtlqyOfjunJ+OXnMjOsQZW3Bo4IzuLWfodJzfRi05EQj+l+2WbJp1uzBAJ8cvhyZXOPaA2c75dHRod0jHYjXrHWKkn8Fuc0O8mJsOOwOvDd6VchrYGVABYRKfBHEsDGCqyHiIiIiIiIiIiIyJ9eo+wM7oqN4oTVh40BIR6T/AWwG01sDAjhhNWHu2KjaJSdUWV1aVY7jcdG7uVYvD+r9od7TPIXCsYGXrU/nGPx/jw2ci/NaqdVaX3ygvNI656KOdmCNdrmEclfAEOeAWu0DXOyhbTuqeQF51V1lUREBCWARURERERERERERCpMeE42N8cdZ6t/MId8Aqq6Ohd0yCeArf7B3Bx3nPCc7Mu+/YjgLO4bfJB1B8PZExN42bfvrj0xgaw7GM59gw8SEZxVJXXI98sjvVMq1hgrljOWKqlDWSxnLFhjrKR3SiXfT0lgEZGqpgSwiIiIiIiIiIiISAUZd+YEu/0COe7tV9VVKdNxbz92+wUy7syJy77tW/sdZmtUCIfjPP93Ohznx9aoEG7td7hKtp/RIR2vOCvmJM9M/hYyJ1nwirOS0SG9qqsiIvKnpwSwiIiIiIiIiIiISAUYnhBHusni0S1/izvkE0C6ycLwhLjLts3rukeTmunl0S1/i9sTE0hqphfXdY++rNvNapWB0W702Ja/xVnOWDDajWS1qrquxUVERAlgERERERERERERkT8sPCebLmkJ7PALquqqlNsOvyC6pCVclq6gI4Kz6N0ynk1HQip9WxVt05EQereMv2xdQef75WGvb8cr1npZtldRvGKt2Ovb1RW0iEgVMld1BUREapKmjevz1bR/kpqWwegJj5GbW/JB12b14pdv/4OPt40b7n6amNjTLvPrhIcw84u3+G7WQqZ+/J3LvLatm/HxlOcvuP21G3fw5N+nVEwwl0n/Pl257YZRNKpfl5S0DJat2sinX/1MVra9Qstcf81gJk+aeNHfqGO7lkx781nOJCQxZuLjlRt4OWLr0jGSh+6+kWaN65OekcnSlRt579PvycnJdXs9nhp/u8jmjBl+FVabFy+8Ns1lntlsYsL1IxkxqDfhYbU4dfos389ayJwFvxWVMRgM3DJuOONGD6ZWUAAHjxxnyodfs+/g0aIyrz73MP37dOW9T77nm5nzS63Hnbdcw723jmXh8nW8+MZ/KyfYYi4WO8D4awZz43XDCAsNJv5MIt/NWsjMuUvLtZ6aGrs7x4anxn6++hG1efieG+nYtiUA23cfYOrH3xEbd6aoTO8rr+C+28bSuEEEcfEJfPHtHOYvXVM031PP7QsZPqgXLzx5X4npX3w3l4+mz3SrTEXcay+ntq2bMemO62nVojHZ9hy2bN/H+59+z5mEpKIyf8aY69YOZfKkiXTuGAlOJ5t37GPKtK+Ii08AKuaZ6nJq3rQBD911A61bNMHpdLJt136mfvxdUTzF9ezWgbdfmsy3Mxcw9ZOC573qFPOMz98kok5Yiel9r76b/Pz8GnOdBvf2bU06nsvat+48exWqjs8ohQwGAx9N+RttWzVj0NgHyMrK5prhV/HXx+684DJPvPBv1m3aCZT9LDP/+/cIDPDjrkdfZP+hkr8dwNTXn6ZLx0hef/dzl3PHU/j5+jB8UC+uGXYVr77zWYk43L0uRtQJ446bR9O9cztycnK54e6ni+Y1a1yf5ybfQ6MGddm++wAvv/kxyalplyW+S9Ur5Sz7fAKwG01uLxMUVouOfXrQqmsHPnru9RLzm3WIpN91IwipW5vUhGTW/rqY3Ws3F80Pq1eXkXfdREidcE4cOsKvn3xLZnr5W17ajSb2+QTQK+UsP4fVL/fy5TGg7Sl2RAeTnev+71SoX/9r6dptAD//9DFRR3YXTR82/Gbatu9RovzMHz/g+LEDhIZFMGzEBGqFhHPyxGHm//oVWVnl/52yc03siA5mQNtTfL26abmXL/f2GmdjibdgyDOUWbZ5vQbcMHAoTSLqY8/NYe/RI3y7ZAFJaalFZfq0v4L7r72hxLKzVy9nxvLFeFtt3D/meto1aU58ciKfzPmJqFMx5a63Ic+AJd5CduNsfHd7fhffIiI1kRLAIiKVIMDfl749OrFs1aYS8wb06YaPt+2Cyw4f2AuDwcDQAT15/9MfcDgcRfOOnzjFU/94p8Qy7SObc9uNV7Njz8GKCeAyGdzvSl56ZhI/zlnCx/+bReNGEdx321iCgwJ4+a2PK7RMoR5d2xNSK4iExOQS9bl6SN/KD/o87tS7Xt1w3n5pMlt27uO5V94jom44k+68HpPJxJvvTXd7PYU8Jf7B/a7kzgljaNIwAofDwfrNu0qUefyBiQwb2JPPvp7NkWMx9O1xBX997E7yHQ5+XbQKgInjR3L/7eP44ru5HD56glvGDuc/r/0fN9z9NEnJqS7rGzW0b6kvGA0GAyMH96mUOEvjTuzDBvTk8UkT+W7WQjZt20OPLu154sFbSUlJZ8nKDW6vp1BNi/1xN46NQp4Se3E2qxfvvPIk9pxc3pg6HaPRwH23jWPKP5/k1gf/Rk5OLh3atOBff3+MZSsLPujo16szzz95L8kpaazbvNNlfZ5ybpcltFYwaekZvP/pDy7TDx45Xq4y8MfutZdLk0b1eO9fT7Nhy25eeH0avj7e3DPxOt74x1+4+7EXi+7xf7aYTSYTb788GbPJxGtTPsNgNHD/7eN4+6XJ3Prg8y7PPtUh5og6YXz07+fZuecgr77zGd42Lx64YzzvvPIUtz30vMsHWwBWLy+eePDWC66vOsQcUiuQeUtWs3PPIZfphfvu8RpwnQb39m1NO57L2rfuPHtVx2eU4saM6E/bVs1cpq3esI1JT54qUbZPj06MvXogu/YWjAvqzrNMoauH9ik1AVwnPITOHVpXYEQVx9/Pl8mTJjCgTzfMZhNGY8nOBd29LrZs1oj3/vU0qWkZzJizhINHXLvVfeqR21m6cgM/zlnCM4/dyZ23XMOUD78G4JZxI5i3eLVHJYStjnyuSE/mJzeTp7Ub1mPA+NE0imyO0+Ekr5SPQ+o3b8z1j9zNvk3bWT1nES07tWPUXTeTmZpO1O79AAy7dRz7N21jy9LVDL/9BnqNHsKSb38GoPuw/uxes8nthPBhH3/GnolhfkjdciWxy8Nmyad787N8ubL8ydPQ0Ai6dL2q1Hm+foGcOnWM3TvXu0xPOFvQrfXgITdwYN8Wtm9dxZDhN9Gj1zCWL/0JgK7dB7Jn1wa3E8L7YgK5tV8UMzc0uqQktrucJie5EXZ8dpWdQK0XFs4zt93DriOHeH/md9isVsZdNYjJN93G3z/5AIez4DoeFBBAZnYW3y5Z4LL88bhYAEb1Kvjb4cG3/0nfjp2555qxPPvf/wDQLbIdCcnJbieELWe9yGyfjnOfL4b8shPYIiJSsZQAFhGpBMkpaYwa2rfUlzujhvYlMSmVWsGljwc0bGAv1m7cQa/uHenWqS0btvz+wiQ9I5M1G7a7lPfysvDIvTdx8Mhxvpm5oPjqPNptN13NijVbmDLtKwDWbd5JgJ8vE64fyevvfE5uXl6FlQGw5+TgcDgZMagXX/04z6Uu3jYrA/t2IzHJNWlY1fGPHtaPnNw8nnl5atGLEi+LmXsmXsd7n3xHVra9WsbfuWNrNm/bw99fn8bjkyaUmB/g78u1I/vzzodf8+OcJQBs2LKLFk0bMWpIH35dtAqj0cgt40YwY84SPvlyFgCbt+3l5y//zQ1jhvDfc60JoeCcbNIwgjatmrL3QJTLtq5o14p6dcM9JnaAcaMHsWHLLv7z0bcArNu0k/r1ajPumkFFLw7dWQ/UvNjdOTYKeVLsxbVt3YyIOmHcN/mf7N5X8ML4bGIy0958lsiWTdix+yATxo/kyNETvPB6Qaupleu2nmslc41LAtiTzu2yhIUEcfJU/EVbMrlTBv7YvfZyGTm4D+kZWTz3yvvk5+cDkJGZxdsvTaZRg7ocPX4S+PPF3KVjJI0bRHDv4y+zZ/8RAE6eiueTd16gc4fWbN6+t2h91SHmG68dSnp6Jv/34rtF9+rklDTeeeUp2kU2Z+uOfS7lb795NHl5+aSkppe6Pk+P2d/PF6uXF8tWbWLtxh0l5teU6zS4t29r0vFc1r5199mrOj6jnC8o0J9Jd17Prr2Had+medH0xKTUUuvzyL03sXDZWtIzMgH3nuOgIP4h/Xvw7kfflmgVPmpIX1LS0gnw862MEP+Q0JAg6oSH8sbU6SSlpPL2S5NLlHHn3DEYDLzw5L0cORrDX557C3tOTon1NIiozdqNO8jJyWXd5p1FHwV069SW4QN78d2shZUbbDm1ykwj2ubjduK0TqP6ZGVk8MOUj6nfvAndhpZMbF45YiDxMbHM+ajgb71D23YTGBpCr9FDihLAwbXDOLJzH3m5eUTt2k/7Xl0BaNymJW17dmHTYvdbkNuNJqJtPrTKTGNnJXVj3a5BMlHx/peUOB00dDynYo8TUa9JiXl+foEcO3aAXTvXlbpsUHAYR6P2kZefy7Gje2nTtjsAjRq3IrJNV7ZsWuF2PbJzTUTF+9OuQTKboyqvG+vc2jmYks1utf7t27ELWfZsps74hvxzH+1k2+08cfPt1A0N5eSZeACC/QM4nZTAim0l70UAdWuFsjvqEDl5eWw9uJ+Jw64GwN/Hl1uHXc1Ln3/odv0NeQZMyWZya+dUuy6sRURqAo0BLCJSCZau3MiVndsRGuL6B1NEnTA6tW/F0mJffheKbNmERg3q8tWP8zh45DjDB/Uqc1v3TLyOenXCeOXfnxa9aK0u9h86yq+LXVuBHI85hdlswmazVmgZAKcTlq3axKhSWsMN7NsNi8XCb2u3VEhs7nCn3pEtm7Bzz0GX1kObt+/Dy8tC08b13V4PeFb8b0ydzpQPv+bw0ROlzvfz9WHRivWs3eTayvF4TCx+vj4A1I8IJzDAj3WbXT+SWL1+O507RLost+/QUWLjzpQa+6ihfTgUFU30yZItOipDWbEbDQZaNW/Mpm17XaZv2b6P1i0aYzAY3FpPoZoWuzvHRiFPir04q9ULgIxzL4sBUs8lg2zWgvO2TaumJVpNLVi6lnaRzbCYf/+O05PO7bKE1Ari9JlEALwv0NLNnTJw6ffay2n6d3OYcP+zLvdnu73gBbf3edfnP1vMbVo2ISsruyhZBrD3QBRZWdlEtnR9oVsdYj59JpHvf17ocq8+fqLg2uJf7LrUsH4dJowbwb+nfUl+voPSeHrMobUCAYg/k4jFbMZicf2uvKZcp8G9fVuTjuey9q27z17V8RnlfA/fcyNHo2NZuGxtmWXbt2lOm1ZNmXGue2d3n+MAlq3aiJ+vD1f17OJS1mAwMGJwbxYtW1dq69qqdvT4SSY99Srzlqwuur4X586506l9K5o2rs8bU7/AnpOD0VAywXU85hS9unfEYjHTrVM7jsfEYbGYeeKhW3nz/ekuLew9QdOsdOIt7ie5dqzawOwPv+TongM4nc5Sy9Rt0pCo3Qdcpu1dv4V6zRphMhckUBNOxdOsQyQms5kmbVqScDoek9nM0AljWfTVTJyO0td9IfEWK02zSv9IqSK0ikghLsm73Mu1bXclYaF1WLVybqnzff0CSEtLAoMRSyn7ISnxNE2aRmIyWWjYqDVJifGYTBYGDb6epYt/xOks3/EUl+RNq4iUcsdRHrm1cjGlu9d+a/aq5Tw97d2i5C+APbfgHLR5/f57BPn5k5BS8DGL1curxHpOJsTTtkkLvMxmOjZrSVzCWQAmDB3Jkk3rOZtSssehizGlm8mtlVt2QRERqXCe9yQpIlIDrN6wnaxsOyMG9XaZPnJIH5KS09i0bU+pyw0f2IvEpFR27jnI8tWbuapXl4u+CG7dogm3jBvOlz/O41BU9AXLeapXp3xWokVzx7YtOXz0BGnnuqiqqDJQ0Fr6l4UradSgLm1bu3bpNmpoX1Zv2E5GZiaXizv1rhUcSGKy6x+Vyef+WAsO9Hd7PeB58V9MbNwZXnzjv5w8FV80zWgw0D6yBdt2FnzpXvjHam6u6x+TcfFnqR1ey2Wal8XCL4tWMaR/D7y8LEXTvb1tDOjTjV8WrizxkrOq+Pn5YLGYS9nvaVi9vFySRu6oabG7c2wU8uTYt2zfx6nTZ5l01w2EhQQTHlqLh+6+kZOn4tm6s6C1oNXLi5wSx3cCBoOB8LDfj/HqdG6HhgTRomlD5n0/laU/fcgv3/ynxL3SnTJw6ffayyk9I4vUtAyMRiM2qxctmjbkobtvZM/+Iy7jZf7ZYg4ODiQppWSXncmp6QSdu7cVqg4xfzNzPl/PcO3CtkPbluTl5bNrn2s3uk8+dBur1m9j49YL19vTYw4NCQbgmb/cxfI5H7N89se89eLjRfuuplynwb19W5OO57L2bXmevdzhifu/Y7uWDBvQk7fe+x9Oyk6a3XjtMLbu3E/UsYLuUMvzHJeQlMKWHfsYNdS1q+tOHVoTUSeMRStcu7GtTtw5d7p0bENiUipXD+vHohnTWPnLp0x9/Wnq1g4tWubN9/5H/z5dmffdVIID/fn869ncduPV7NxzsKjLbU9SNyeLJHPFtnI0WyzkF2shnpKQBBgIqFXwMcmir2bSsktHHp3yEt4Bfqyds5ieIwdx4tBRTh4+Vu5tJpmt1M3Jqojql6p+SAZn0sr3O1ltPvTrfw2rVs0jK7NkctpoMuPt7Uu79lfy2OQ3eeQvb3DbHU9Tp07DojJLFv9Iy1ZXMOnhf+Lt48u6tQu4ssdgTsZEEXuy9LG4L+ZMmpX6IeUfQ7g88gPyMGa69/o+y55NRlYmRoMRq8VCozp1uWnwcA6fPEFU7O8f5AT7BdCwdh2mPfk3Pnn6H7w/+Vn6dOhUNH/+utWAg/cmP8uQ7j35eM5PRDZqSpOIesxbv6qULV+cMdNIfkDJ7s1FRKTyKQEsIlIJnE4HS1duZNTQ379mLxzHasGyNRhK+ZLbZDIx+Kor+W3tFhxOJ8tXbcJm9aJ/ry4lygKYzSaem3w3x2Pi+Pyb2ZUWy+XUplVTrh7al8+/mVMpZYwGA3sOHCH6ZByjh/Urml6vbjgd27bkl0UrsVgsxVd32ZRWb4vZTF6ea8tux7kvuC9U1+oaf1luvG4YtcND+Pangq7OT50+g8PhoE2x8dnCQ2sVtaAs5GWxMG/xanx8bPTv/fs5Nbhfd8wmEwuXr8PLQ2IvbNlZfL8Xfsld3nr+GWIvfmwU8uTY7Tk5PPH8v+ncoTWzv5rCz1/+mw5tWzL5+beLuoGMiT1dYvzB8NCCl/M26+9f61enczsvN4/MrGz+89G3vPDaNGLj4vnbE/fQukXjcpWBS7vXVpWbrhvGsp8/Yvr7L+Hv58P/vfiuS0ufP1vMFrOpxHkOBWOMFj8nq1PMhfz9fJl053hmz1/h0l3skP49aNuqaVG3sBfi6TGbTEYyMrPYunM/z7z0Hz776me6dW7Ls4/ffcFlquN1ujSl7duadDyXtW/L8+zlDk/b/2azif97+HZmzF1aZutlgNphtbiqV2dmzF1SNK08zzIFCfCVdOvcjvDQ3xPoo4f2Zf+ho0THVF3r94pW2rlTPyKcWsEBdGrfmn++/TEvvvkRjerX5ZXnHipqKX30+Enu/cvLDBk3iSf/PgV/fx/GDO/PB5/+WJXhXFBgbi5p5or9aCEp/iwRTRu6TPMPLmitb7YUPA+ejY3jy1feZcojzzLj3U+w+nrTsd+V/Dbjl0vaZprZTGBu5bXYrOWXQ2pm+c7tfv1Gk5aazI7ta0qdb/WykpmZQUpyIr/Onc6SRd9j8/bl2rH3FbUGTjh7im+++jfvvfs0P8/8CJvNh3YderLytwu/W7iY1EwLtfxKbwVfURw2B0Z7+e4Nw3v04pO/vsg/730EP29vpnz/P85vYJ6Xn4c9N4evF/7C+z99R3xyIvePuZ4mdesBkGW38+6P33DfGy/x3EdTiY4/xR2jrmH6/LnkXUKvc0a7EYfNs1rri4j8WXjeX8siIjWAl8XC3AW/0bBeHTq0aQFA1yvaUCc8hF8WrsKrlC/Zr+zSjuCgAFas2QxA9Mk4oo7FXLAb6NtvHE2TRvV4dcqnJcaMqo5CagXx6t8eZunKTSxfXfpYNBVRxsti4ZeFqxjUr3tRK4ZRQ/uSkJjC+s27qqyViTuxFVdaq4TqGn9ZOneM5MG7xvPuf78hLj4BKGhltmr9NiaOH0n3zm0JCvTnjptGM2xgTzKzsl2W9/KyEH82kY1bdrt0MzhqaF9+W7eF1LQMj429OHdao5yvpsde2rFRyJNj97ZZefGvD3AsOpYn/z6Fp198l9i4eF58+oGic3P+0jVc2aUd118zmKBAf/r37sKj990CUPIYrybn9sN//Re3P/QCC5auZcnKDTz23Fskp6Rx47VDy1UGLu1eW1UWLl/H/U/8k5ff+hij0cjrzz/q0q3nnzHmCyneBWZ1ihkKPuh76a8PYLfnMO3z3xMUvj7ePHrfzXz2zWzizyZedB2eHvP6zbsYev2DvP/p96xav43PvpnNR9Nn0ufKK6hXN7xE+ep6nS7uQvv2Yqrb8VzWvi3Ps5c7PG3/33TdMAIC/IrGNy7LuNGDSUhKYdW6bW5v4/xnGS8vCyvWbCEjI5ORgwtahfv6eHNV767MXeg5H2/9URe7LiYkJvPQ06+zct1WFq9Yz6vvfErrFk3o2LZlqet64sHb+PTrn+nXqzOzv5rCjM/f5KoLfDBdFWxOB3ZDxb5q3bN2M03ataLLwD74+PnSqnN7Bt44BoAce+nn3dAJ41gzZxEtOrXjobde4IHXn6Nlp3Zub9NuMGIrZ3fI5WGz5Jdr/N86dRvTrkMPliz+ES5Qr6ysDD58/znm/PwJhw/uZOeOtcyZ9Qk+vv60at251GUGDhnP+rULaN6iA/dPeom773+B5i07uF2v7FwTNkslD8NldmIo5+uetbt28NIXH/Lf2T8CBv5yw60YzzsuX/3yU5776D+s3rWd9Xt28vpXn5GakcGwK0v2PgMwqlc/jsedIicnh9ceeIwPnniO6/sPcbs+hryCOERE5PJTAlhEpBKYLWb2HIji6PGTRV/4jxrSl937DnPsRCxmU8k/doYP7EV6Rib7Dh7F29uGt7eN1Ru20+WKNoSd646tUNPG9bntpqv54edFLuONVVfeNitvvfg4ZxOSee2dzyq1jMViZv6S1QWtq/t0xWgwMGJQb+YtWY3D4Sh131S2i9U7JzfXpUs8KGidAJRI/FfObar9AAAXR0lEQVTX+MvSuEEErz//CLN+Xc7s+Stc5r353nROxMbxzitPMe+7qfTo1oGlqzZyutgLZsu532zuwpV0uaINtcNDaFCvNh3atOCXhQXdWHlK7Dnn9qu12H4vjCGnnB981OTYL3ZsnL+cJ8Y+ckgfGjeM4Kl/vMPajTtYtX4bT7wwheZNGhZ9+DNz7lJ+XbyKxx+YwLzvpjJ50q38PG8Z+fn5nE1wHXurOp3b5ydEsrKy2bpzP40a1C13mUu511aVhMRkdu09zPyla/j769No36Y5Pbu5vmD8M8Wcm5tX4t4GYDabS9zbqlPMAE88OJHIlk15+sV3XRJi998+jvT0TGbMWYrJZMJUWG8Dv//3OdUh5uKJzTUbdgCUOGar83W6uAvt25p2PJe1b9199nKHJ+3/2mG1uPOWMXzw6Q9k23MwmUwYziVMTEZDifFpbVYvxoy4ip9/Xe4y5nl5nmUsZjM5ObksWr6ekUMKuoEe1K87BgMsXrHeI46HinChcwcKPnrOOm/alu37cDidNGkUUWI9Q/r3wNfXxrZd+3no7ht45Ol/8eKb/+W5yffg7+db6XFUlS3LV7Nz9SYG33Itj7zzEoNvuY7tK9bidDhIT04tUb7NlZ3w8rYRffAI/ceP5ts3P2DuJ18z8q6bsfmUf9zdqmYwGBky9Ab27t5I/OkTGI2mot4SDAZD0Xlamri4aDIz06kVUrvEvNaRXbB62Thx4gj9+o/hh+/eY/4vXzJs+C1YbT6lrK36SE5P49CJaFbv3Ma0Wd/Ton5DOrZw/aji/Eu9PSeH/cePEhEaSnHhQcEM7daTbxfP56FxNzN71XKe+fBderW/gnZNm1d2KCIi8gd5xqe0IiI1jIGCFwS/LFrF3ROv5eMvf+Kq3p2ZMu3rcwVcXyD4eNvo27MTVi8vFs34oMT6hg7oUTSGktFo5LnH7yb+TCIfTZ9ZuYFcBkajkZf+Ogk/X2/uffxl7Dklu1CqqDJQsG8SklJYt3kXVw/tS1JyKrXDavHr4oKXTIZi+6aylVXvxKQUagUFukwLPTfWU2JSitvrKeRp8ZelVnAAb788ma079/POh1+XmJ+YlMq9f3mZBvVqYzQaOX7iFJ+88wLbdh1wKVcY1+r120hNS2fk4N5Yvbw4HZ/A5nPj7XlK7BkZmeTk5BJcyn7Pyra7vCRzR02NvaxjAzw79iaN6nHmbBJJ5724S0hMJv5sIk0b1wcKug99dcpn/Hf6TwQH+XM8+hT33jaWg0eiyc1zTSpUh3M7OCiALh0jWb1+G9l212tUYdeY7pQpVN57bVXo2bUDDqeTDVt2FU07fLRgnMja57r7/DPGnJCUQlCgPwaDoSjZZDAYqBUcUGLczOoQc6GJ40cxcnAfHnnmX0SfjCua7uvjzdirB2I0Glk++yOXZW4eO5ybxw5n3B1PFk3z9Ji7dIwkK9vO3gNRJeY5zjtmq/t1+nwX2rdQs45nd/atu89e7vCk/T9+zBC8bVaef/Jenn/yXpd5i2ZMY96S1fzz7U+Kpo0c3Aeb1crsBb+5lC3Ps0xhbL8sWsm40YPo2K4lVw/ty4o1W0jPyMLHu/ol64q72LlzNjGZrle0KXW54h9P+Pl68/A9N/LU398hskUT9uyPKljfSTibmETTxvXYsftgpcXhrmyDEavTgd1Qccl7p8PJ/C++Z9Ws+fj4+5EQd5q+147gdHQM+cW6Grd62xgwfjQz/vMpdRo34FTUcRJPn4XTZ8lITiG0Xh1iDpU91q3V6SC7glsyn6+w5aw7rYCbNI0kLLweYeH1aNu+h8u8MdfdQ1pqEh//9x+EhkYQEFiLqCO7S6zDWazVsNXqzVX9xzDrp4+oXacBp2KPkZQUT1ISZKSnEhpal5MxZX9oX96WzJckz4DTjFutgDs2b4nD6WTXkUNF06JPF3QlXyug4JoU4OtLm8bN2HZwH/Zi3XwXDjV1vttHjmH26hVFy67fsxOAnUcO0rxeQ3ZHlT0Wt9NcEIeIiFx+agEsIlKJ5i9dg5fFwst/fRCHw8mS3zaUWm5A325Yvbx4ZcqnTHryVZd/Dxw+zvBBv3fFc8u44bRu0ZjX3vmsxIvi6ujxBybQtnUzHv/b2ySnpFVqmfPNXbiSzh1ac9eEMWzffYATJ0//oTguVVn13r3/CB3btcTb9vu4at06tyXbnkPUsZNur6c4T4n/YmxWL978R0GL5r+//iEO54W7jTpx8jTHT5yif+8utG7ZhPlLSx8bKjcvj4XL1jFqSF9GDO7Nr0tWX3S9VcHhdLL3YBQ9urZ3md6tc1v2lfJC1l01KfbyHBvgmbHHnT5LaK0g/Hx/b2EQ4O9LWEgwp+LOuJRNSEzmcNQJwsNqMWbEVfy6aNUF1+vJ57bBAC/9dRI9u3UsmmY2m2jfpjlHj590u0xx7t5rq8JVvbvwf4/c7tLCs1mTggT/idiCffNnjHn3/iPYrF5c0a5VUZlO7VthMZvZs7/065wnxwwFrfbuv30sf//Xh+za6/oyNNuewz1/eZm7Hn3R5d+U1HQWLlvLXY++WKJVP3huzAP7dueZv9zlkpjr3KE1TqeTo9GxQM24The62L6FmnU8u7NvC7n77OUOT9j/P85ZUuIc/d/3BeOnTnrqVT796ueisgaDgfFjhrB05UaXD7ng0p7jDhw+zqGoaB64/XraRTZn7sKVFRxd1Sjr3Nm8bS8RdcJo26pp0bTOHSMxGgwcORbjUvb+26/ntzVbOHjkOM5z/xQyYHDp3rYqpVgs+OdVzvBM6SmpxMfEElAriI79erCzlOF+rho7koNbd3E6+iQ4XbscdxoMbg3FAOCfl0dKJXZBnpjuRYCPe2MMnzx5lK+/fNvl37mzC3q7WrF8FrN+KviwKiS0NmOuuxtfX/+iZUNC6uLj40fCWdfxtHv3HcXBQzuIPx2DASecP8yMwf0PTwJ8cklM93Kr7KUyZhtxWN3rjrtL67bcNepaTOft5wa1C3pvOJ1wFiiI7aGxN9Gh+e/3LJPJRPMGDYk54/p3Q7fIdgT5+bNk0/qSGzOU7BnhQhxWB8ZszzhHRUT+bNQCWESkEiWnpLF6/Tb69+nKr4tXX3BsrOEDexEdE1fqS/2f5y3n6UfvoHnTBmRl2bln4nXs2X8ELy9LiRcL+fkONp37Wr46uOm6YYwbPYipH39HSHAgIcG/fymflJJKdExchZUpbu3GHSQmp9KhTQuXr/kvJ3fqPXfhSm4ZN4LXX3iU739eRESdMCaOH8nseSuKWvlW1/gvxmAw8I+nH6Bh/Tq89NbHtG7R2GV+TOxpEs61gG7SqB5tWjWla8dIhg7oySdfzSKq2Euj881duJIbrx2K0+m8aCKtKv0wezGvPvcwkydNZPWG7fTs1oFO7VvzzMtT/9B6a0Ls5Tk2zudpsc9fsoaJ40fxxj8e4+sZ8zEAE8aPJD0jkwXL1haVCwkOpFOH1rRs1ohxowexa+8hfi6lG9VCnnxuJyalsnD5OiY/OBEfbytnE1MYO2oAIcGBRb1cuFOmOHfvtVVh5tyljBzch5efeZDZ81cU9NJw61j2HTzKlh37gD9nzNt37udw1An+9sQ9fPDZDzidTh686wYOHjnOzj2lt+Dy5JjbRTbn+SfuZfGKDSSnpLmMXZmbl8feA1HsL6XFVX6+g8Sk1FLngefGPPOXpVw9tC9/e+IeFixdS/2IcB64czyLlq/jdHxCjblOg3v7tiYdz2Xt20LlffZyR1Xv/9PxCSW6sY5sWXDsHjwS7dJyt0eX9jRqUJeX3/641HVdynPc3IUrmTxpIrFxZ9i2c38FRFS13Dl3lq/ZzIHDx3n1+Uf48PMZGI0GHrjjejZu3cO+g79fFw0GA15eFqZ+/C0A+w8e44kHb6VhvTr4+/kQGhLEkWMnLnuMpTnl5U1wnp2zXtayC5eDb4A/DVs3p3bDenQe0JuTh4+yfeU6lzIGwGQ2s+yHOQDEHYtmyISx1Kodis3XB//AQOJPxJay9pKC8+yc8qq8FugxCb6E+duJT7GVWdaencnpuGiXabk5dgCSk85y9kxBTEeO7CE5OYEx193H+nULMZlM9O4zkpSUBPbvP2+cboMBs9nCb8sLPuqIO3WCgYPHExwcjtXmg59fYNE6yxLmbycmoXK7HzelmnH4ODBllN3SeOnm9fTr2JmHx93Msq0b8bHauL7/YKJiY9h7rOCcSklPZ+3u7dw+YjTeXl4kpacxqGsPgvz8+XWt67U3LCiIL+bNxuF0kJyeSnpmBj3admDvsSN0aNqCz+f9XFo1SnD4ODClKgUhIlIVdPUVEalkcxeupH+frvyyqPQvucNCgunUoTXTPvuh1PmLV6zn0ftuZsSg3uzeV5D4bRfZnH+//ESJslnZdgZdd3+F1r8yDR3QE4BH7r2pxLwlKzfwwmvTKqxMcfn5+cxfsoaxVw9k2aqNfyiOS+VOvU/HJ/D4397i0Xtv5rXnHyEjI4vZ81bw/qc/lGs9xXlC/Bdjs1np17MzAP964dES8998bzqzfl0OwI3XDmVg327sP3SMZ16eysp1Wy+67qhjMew9EEVWtp1Tp89WfOUrwIrVm3lj6nQmjh/JtSMHcPpMAm9Mnc5va7f8ofXWhNjLc2ycz9NiT0hKYdKTr/DQ3Tfyt8n3ALBr32EmPfWqSyv+rle04enH7iQ65hSffDmLGXOWuHSxWpynn9tv/OcL7p54LfdMvI5atQI5cjSGJ16YwvETp8pVpriy7rVV5VBUNI/89V/cd/tY/vnsg2RmZbN+8y6mffajy378s8XscDp56h9TmDxpIs8+fjc4nWzevpe3P/jqoq3+PDXmAb274uVlYfigXkVjeBdKTErl6ltKXqvc5YkxRx2L4bFn3+SBO6/n9RcexZ6Tw+IV63nvk++AmnOdBvf2bU06nsvat4XK++zl7rY9bf9fyA3XDmHfwaOldpUNl/Yct3DZOh6++0Z+XbyqxDjM1ZE7505+fj6Tn3+bxx+YwJMP3YrD6WT1hu0luox3Op289s5nRf8ffTKO/34xkw/efJa8/DxenfIZqWkZlyWuskR5+9E1LZFDZRctl0ZtWjDitvEkxp1h1ewFbF22Gmex7nqdwPzpv/+NmHj6LCt/mseEpx8mPz+feV98R3ZmllvbC8+1s9m/VkWG4OJAbCC9W8ezJyaw7MJuysvNYcYPH9B/wLUMH3kLJrOFE9GHWLFsFo7881plO50sWvBt0f8mJcWzeuUv3HjLozjy81m44FuyszPd2mad4CzW7A+vsBhKY0m0YK+fjeVM2S2yj8ed4tUvP2H8gKE8ev0tZNnt7DxykO+XLsBxXjfYn/0yi7FXDWZs/8EE+voRc+Y0b337BacSXHshmrduddF/O53w/qzvuefqsdw5cgxLt2506Wr6YvL98rDGlJ3sFxGRimdw1oQnSxGRCtJrxB1VXQURERERERERqWasjnyeOb6Pn8LqYzdW8tiwlcTqyGfsmRheaxRZaTHYLPn8a8IWvlzZtPLH0K0kNks+t/aL4umvu1RqDE6Tk5RBifjs8sNQDcfRdZqdZLZPJ3BpLQz55av/2vlfVFKtRESql9TU1LILXYA64BcRERERERERERH5A+xGE9v9gmiemVZ2YQ/VPDON7X5BlZrAzs41sfFwKJH1Sw4HUF1E1k9h4+HQSk9gG/INWGKt5IbmVOp2KktuaA6WWGu5k78iIlIxlAAWERERERERERER+YPWBoYSmZmK1ZFf1VUpN6sjn8jMVNYGhlb6tpbvqUvHhknYLNXvd7JZ8unYMInle+penu0ds5EbnovTXL068XSaneSG52I7pu6fRUSqihLAIiIiIiIiIiIiIn9QvJeNLf4hdExPruqqlFvH9GS2+IcQ71X5CbvYJG/WHAynW7OESt9WRevWLIE1B8OJTfK+LNszpZuxxljJibBflu1VlJwIO9YYK6Z0c1VXRUTkT0sJYBEREREREREREZEKsCCkDn75ubTIvPQx+y63Fpmp+OXnsiCkzmXb5qyNDQnwyaFtNeoKum39FAJ8cpi1seFl3a73AV8cVge5YbmXdbuXKjcsF4fVgfcB36quiojIn5oSwCIiIiIiIiIiIiIVZGZYA9qlp9AoK72qq1KmRlnptEtPYWZYg8u+7S9XNqdz0wSa1/H836l5nXQ6N03gy5XNq2T7vjv9yKljJy/Ys5PAecG55NSx47vTr6qrIiLyp6cEsIiIiIiIiIiIiEgFifey8W2dRnROS/LolsAtMlPpnJbEt3UaXZaun4uLTfLmoyUt6dky3qNbAretn0LPlvF8tKTlZev6uThTuhm/bQHY69s9tiVwblgu9vp2/LYFqOtnEREPoASwiIiIiIiIiIiISAU6bvPls4imNLBn0j01Aasjv6qrVMTqyKd7agIN7Jl8FtGU47aq66r3yGl/3p3XhsbhafRtHY/N4jm/k82ST9/W8TQOT+PdeW04ctq/SutjTjLjvzGAvKBc7A2zcZqdVVqfQk6zE3vDbPKCcvHfGIA5SclfERFPYHA6nZ5xpxAR8QC9RtxR1VUQERERERERkRpkeEIcXdIS2OcTwGEff+xGU5XUw+rIp3lmGpGZqWzxD7msY/6647ru0fRuGc+O6GD2xQSSnVs1v5PNkk9k/RQ6NkxizcHwyz7mrzuyWmVgr2/HEm/BctYLQ57hstfBaXaSG5pDbngu1hhrhY75u3b+FxW2LhGR6iw19dJ7ElECWETkPEoAi4iIiIiIiEhFC8/JplfKWa5ITyba5kO8xUqS2Uqa2YzdYARDBSfwnE6sTgf+eXkE59kJz7XTMDuT7X5BrA0MrZIun90REZzFgLan6N78LFHx/sQleXMmzUpqpqXSEsI2Sz4BPrmE+dupE5xF0/A0Nh4OZfmeulXW5bM78v3yyG6cTW6EHVOyGVO6GWOmEaPdiCEPoCKPKSdOMzisDhw+DvL98sgPysMSa8V2zFbhXT4rASwiUkAJYBGRCqIEsIiIiIiIiIhUFqsjn1aZaTTNSqduThaBubnYnA4MFfyK1mkwkG0wkmKxcMrLmyhvPw5UYevj8rJZ8mnXIJlWESnUD8mgll8ONkt+ZeTJyc41kZjuRUyCLwdiA9l9IqjKWh9fCqfJSW7tHHJr5ZIfkIfD5gCzk4o8ogwAeQaM2UZMqWYsiRYsp70w5FdOy2MlgEVECvyRBLA65BcRERERERERERG5DOxGEzv9gtjpF1TVVfFo2bkmNkeFsDkqpKqr4vEM+Qa8Yq14xVqruioiIuJBjFVdARERERERERERERERERERqRhKAIuIiIiIiIiIiIiIiIiI1BBKAIuIiIiIiIiIiIiIiIiI1BBKAIuIiIiIiIiIiIiIiIiI1BAGp9PprOpKiIiIiIiIiIiIiIiIiIhIgdTU1EteVi2ARURERERERERERERERERqCCWARURERERERERERERERERqCCWARURERERERERERERERERqCCWARURERERERERERERERERqCCWARURERERERERERERERERqCCWARURERERERERERERERERqCCWARURERERERERERERERERqCCWARURERERERERERERERERqCCWARURERERERERERERERERqCCWARURERERERERERERERERqCHNVV0BERERERERERERERERERC7s9ttvv+C86dOnu/y/WgCLiIiIiIiIiIiIiIiIiHiw4knei01XAlhERERERERERERERERExMMVT/ZeKCmsBLCIiIiIiIiIiIiIiIiISDVQmPS9UPIXwOB0Op2Xq0IiIiIiIiIiIiIiIiIiInJxqampl7ysWgCLiIiIiIiIiIiIiIiIiNQQSgCLiIiIiIiIiIiIiIiIiNQQSgCLiIiIiIiIiIiIiIiIiNQQSgCLiIiIiIiIiIiIiIiIiNQQSgCLiIiIiIiIiIiIiIiIiNQQ/w/Fo45DKNUyZAAAAABJRU5ErkJggg==' height='250' width='300'/> ]]>
  </system-out>
</testsuite> <!-- com.tribu.qaselenium.tests.b22.B22TargetsTests -->
