<?xml version="1.0" encoding="UTF-8"?>
<!-- Generated by org.testng.reporters.JUnitReportReporter -->
<testsuite hostname="station" failures="0" tests="4" name="com.tribu.qaselenium.tests.mazaprendo.MACreateCourseTests" time="453.578" errors="0" timestamp="2022-01-24T10:37:49 COT" skipped="0">
  <testcase classname="com.tribu.qaselenium.tests.mazaprendo.MACreateCourseTests" name="createLeccion" time="130.706"/>
  <system-out>
    <![CDATA[ <img src='data:image/png;base64,iVBORw0KGgoAAAANSUhEUgAABLAAAARMCAYAAACJcWqtAAAAAXNSR0IArs4c6QAAIABJREFUeJzs3XlcFPX/B/DXwnLJrSKHV4An4ImIF5mKmpqaiUd5lOZRppJmHpWWV56VF5YSZmJqal5IZYDmAYoKonKoJZYiiCjLvSCw+/uD386XhWVZYIE1X8/HYx+wM7Of+czOzvWe9+czomHDhslBL5wLFy7UdxWIiIiIiIiI6AVy//79an9WT4v1ICIiIiIiIiIi0joGsIiIiIiIiIiISKcxgEVERERERERERDqNASwiIiIiIiIiItJpDGAREREREREREZFOYwCLiIiIiIiIiIjq1YkTJ9SOZwCLiIiIiIiIiIjqjSJ4pS6IJZbL5XVVHyIiIiIiIiIiIkHZoNWJEycwYsSIctMxgEVERERERERERHWuoowrVUEsjQJYEyZMwMSJE7VSub179+Knn37SSllU/1auXAm5XI5ly5bVd1X+8xwdHTF27Fj06NEDAHDp0iUcPHgQ9+7dq+eaEREREREREVWdqkyrimgUwNJW8EpR1t69e7VWHtUfR0dHuLm5Cf8zkFJ73NzcsHLlSqVhPXr0QI8ePbB06VLExsbWU82IiIiIiIiIap+eXC5HZa+cnBytzTAnJ6fS+fFV+y9teO2111T+T9o3e/bsao0jIiIiIiIi+i/QKANr48aNGDVqlFZmePToUa0FUKj+mJqaon///sL7/v37Y9euXcjNza3HWv03OTo6wtbWtsLxtra2zIAjIiIiIiKi/zSNAljh4eEIDw+vg+rQ86Jfv34qh508ebIeavPfZmpqqpVpiIiIiIiIiJ5XGjUhrK/X999/j5CQEKxZs6bSaSdNmoSQkBB069atyvPp27cvQkJCMGrUKI2mDwgIEDLJKnu1adMGQ4cOrffvUttNCFU1GdRWM8LIyEhkZGTgyJEj5cY1atQIixcvhoGBQaXljBw5EhkZGZgzZ45W6lVfXnrppUqnsbGxqVbZffv2xfXr15GRkYFhw4YpjRs/fjxiYmKQmpqK06dPC/2dAUCXLl1w+vRpPHr0CDExMXjjjTeEcQ0bNsS+ffuQlJSExMREfPHFF8I4kUiEFStW4O+//0ZKSgoCAwNhZWVVq/OsbDmJiIiIiIiobl27dk3jl4K4HuurVuvWrdGyZUtERkaiW7duaNiwIdLT02tlXrGxsfj88881boK1detWGBoaajTthAkT0LhxYwQHB9ekigKRSFRnTTCbNGlSYf9Kqpq02draYsWKFSqn37ZtGx4/flzpPDt37oy2bdvijz/+wIABA2Bra4vU1FRh/Lhx47B48WJs3boVhYWFasuKjIzEhAkTEB8fX+l8ddk///xT6TRpaWlVLnfWrFlYsWIFEhMTy41zc3PDt99+i8jISOzcuRMfffQR9u7dC3d3d4jFYuzfvx8ymQzLly/HuHHj4O/vjxs3buDvv//G5s2bMWjQIKxbtw7t2rXDhx9+iLt37yIwMBAzZszA3Llz8dNPP+Hhw4f4+OOPkZeXh5kzZ9baPNUtJxERERERET0fNGpCaGdnh4EDB2plhiEhIXj06FGl0w0cOBC5ubnYsmULAgMD0a9fPxw+fFgY36JFC3z88cdwdnZGfHw8/v33XwCAXC6HjY0N9u/fj+DgYOjr66Nfv35ISUnB8uXLMWHCBHh5eeHevXv4/PPP8eTJE7i5ueGzzz6Dn58fjhw5gr1796KwsBD79+/HtGnTYGBggOPHj2P37t0AgDlz5qBhw4YYOXIk9PX1MX36dPTr1w8WFhZISUnB/v37ERISgh9++AEtWrQAAISGhsLHx0cIvJw5cwbjx4/H5MmTkZeXhzlz5sDT0xMGBga4efMmvv76azx58gQDBw7E4sWL4e/vj8GDBwvj6oKpqSk6dOhQpc9UNL2mTdzGjRuHrKwsLFiwADExMfDx8YGfnx8A4JtvvsGUKVMAAA8fPsTUqVPxxx9/YMOGDRg8eDAMDAxw8eJF+Pr6IiUlBZ6envjxxx+xdOlSbN26Febm5li6dCmGDBkCKysr3L59G6tXr8aZM2cAAN27d8fKlSvh5uaGwsJC/Pnnn5g/f36tBU41pUm/YtXpe6ygoAD9+/dH//79y2UsjR49GiKRCEuWLMG1a9fQsGFDLFiwAN27d4eJiQns7OywbNkyfPvtt0hISMCxY8cwatQobNu2DUOGDMHp06exYcMGGBsbY8SIEfDx8UFgYCB8fHyQlZWFOXPmQCaT4eWXX8aIESMwe/bsWpunuuUkIiIiIiKi54NGAayvvvoKdnZ2Wpnh4MGDMWHCBLXTKIJO4eHhSElJwY0bNzBw4EAcOnRImGbJkiVwdnbG1q1bkZubKzQTk8vlePbsGYCSZkPff/89cnNzMXr0aHzzzTfYs2cPnjx5gvHjx2PcuHHYtm2bUkaTXC5HYWEhbG1t0bVrV6xfvx6zZs3CpEmTcO7cOdy9e1dp2kGDBmHMmDHYvn07YmNjMXbsWLz33nuIiorCypUrsX37diQnJ2PDhg3IzMxEYWEhGjduDBcXF/j5+SEnJwczZ87EoEGDsHnzZmRnZ+Ozzz7De++9h5UrVwpZRqNHj8Yvv/yC+Pj4OsvAunfvHrZs2YK5c+fWqJwtW7ZolN2mr68PHx8fBAcH4/79+wgPD8e4ceOEANamTZvg5uYGDw8PDB8+HLGxsVixYgXefPNNLFiwABKJBAEBAVi9ejWmTp1arvxt27Zh5MiRWLFiBeLi4vD555/j0KFD8PLyQkJCAn744Qekp6fjjTfeQKNGjbB9+3bMmzcPS5curdHy19S9e/eQmppaYUfuqamp1erAPSAgAACUOuNXcHZ2BgAhMKwov02bNjAyMqpwnKOjI8RisTAuPz8fjx49Qps2bQAArVq1wsOHDyGTyYTP9ujRA82bN6+1eapbTiIiIiIiIno+aNQHlraCVwBgb29f6fzc3d1hbW2Na9euoXHjxoiKikKrVq3QsmVLyOVyNGzYEG3atEFsbCyOHz+O0NBQnDt3rty8kpKScPz4cezfvx8A8PTpUxw9elR437x5c6U+oUr/b2hoiC1btuDy5cv49ddfAZT0RVQ22KVoSuji4gJra2t88803GDVqFJ48eYK///4bcrkc+fn5iIuLQ1FREQCgQYMGWLt2LYKCgpCXl4ddu3Zh9OjROHbsGMLCwpCbmwsnJyel+ly4cAH79u1DTExMnfaBdebMGSxduhQ5OTlVWs8AkJOTg6VLlwoZTpXp378/bGxscOHCBTg4OODPP/9Ex44d0a5dOwAlwYusrCwAQHR0NCQSCVauXIk2bdrg+++/xy+//IKsrCylfpMUFBlzkZGR+Prrr3Hq1CmsWbMGYrEY48aNA1CyXuzt7dGpUyfcv38fjo6O9R68Urh8+XK1xlWXmZkZAAjB4IKCAgAl35Eim04xTN04RRkNGjQAUJKJV3qc4n9TU9NamycRERERERE9/zQKYMXExGhthpoEYAYNGgQAWLRoEQ4ePIh3330XQEmzQrlcLnT6nJ6eLnxG0QdQ6QDNkydPIJfLheZVT58+hVwuF4IxBgYG5YI5ive5ubnIzs5Wmt7Q0LBcACsoKAjHjh2Dp6cnVq9ejSNHjmDJkiUQi8XlplW8z8vLE+oil8vRqVMnbNy4Eb///jtOnToFU1PTcp9PSkqqt07cY2NjsWzZsioFsXJycrBs2TLExsZq/Jnx48cDAPz8/BAfHy8EjxTDVfHy8sKxY8eQkpKC1NRUWFhYqOzgvXnz5gCABw8eCMMePnwIAGjatCmAkv7K0tLSsH79ely4cAHXr19X+bTF+qDu6Y618eRHxbpWZD4ZGxsDKNkuFNuTYpi6cYoyFMNzc3OVxin+z8nJqbV5EhERERER0fNPo07cP/zwQ3Tu3FkrM6wsGGZiYoJevXohOjoaBw8eFIZPnz4dAwYMwM6dO5GRkQGgJKtGoUmTJgCUA0Vl/ypU9L6i6csqPb6wsBCbNm3Cli1b4OzsjNdffx3Dhg3DxYsXVWYeyeVyofkUUBJE+/TTT5Geng4fHx/k5eUpdfiumFdxcbHaOtW2e/fuYdmyZVixYoWQKVMRRfCqKs3azMzMMHToUJw9exbbt28Xhi9duhQ+Pj4q+y4yMjKCv78/UlNT0b59e+Tk5CgFqEpTDFcEqwAI/ZMpxkVERKBnz56wsbFB7969sX79eqxfvx4eHh4aL0dtefz4MWJjY8tll8XGxmrUOX5V3blzBwDg5OSEp0+fCs37EhIShIwnR0dHYRrFuHv37qGwsFAYZmpqCjs7OyFD8vbt2+jQoQPEYjGKiorg7OyM3Nxc3L9/v9bmSURERERERM8/jfrAAqD06MLa1LdvXxgbG+OPP/7AxYsXheFt27bFlClT0LlzZ1y7dg13795Fhw4dMGLECOTl5aFPnz4AUC7DqDrvy/6vqomh4v17772H4cOHY/Xq1UhNTcWTJ08AAFKpFHK5HAUFBXBwcEDv3r0RFRVVrmx9fX0YGBjAwMAAzZo1Q//+/VFYWAhLS0uhiaOqutUHTQNSZmZmVe6TaeTIkTAxMcGhQ4dw6tQpYXjnzp2xZMkSeHl54fz585BKpQBKsqXOnj0LQ0NDGBoaolWrVhg9ejQKCgqEJqalpaen4/jx40KH4Xfu3MGSJUuQn5+PvXv3ws7ODhERETh9+rTwxMS8vLz/dBaPh4cHHBwc4OLiIrwXi8WIjo7G4cOHMW/ePKxevRonT57ElClT8Ndff+Hq1asQi8V48OABZs6cicLCQowbNw7Pnj3DkSNHIJVKERQUhJEjR2Lx4sVwcXGBWCzGvn37AAA///wzevTogW3btuHRo0fw8PDA7t27UVxcXGvzVLecFQU8iYiIiIiISLdo1ISwLl+K5oOXLl1SGh4REQEA8Pb2hlwux6pVq3D37l3MmjUL3t7eOHbsGACUaz5WNiOrsoCVqvfqAlj79u1DZGQkFi1ahB07dmDAgAH49ttvERERAblcjl9++QUGBgaYM2cOLC0ty5Wdl5eH7du3QywWY+3atcjKysKWLVsgFovh6+ursi513YRQwdHRsdLsq9LTVoWiH6qQkBCl4X/88QcAYOzYsQCAPXv2ID09HYsWLYKLiwuWLVsGIyMjHDp0COnp6ViyZAkMDQ2xfv36cvOYPXs2AgICMGvWLAQEBCA9PR2vv/46EhMT8ejRIyxevBiurq74/fffsW/fPvz999+YNm1alZajtpiamuKll14qN/yll17S+AmPZX344Yf48ccfhe9W8d7Lywu3bt3CjBkzYGtri88++wy3bt3CW2+9Bbm85CEHEyZMQEpKCpYtW4YGDRrg7bffFjpRnz9/Pn799Vf4+vqiV69eWL16tfAE0R9++AGbNm3C4MGDMX36dBw6dAiffvopANTaPNUtJxERERERET0fRH369KnftB6qFzdv3qzyZ1577TWhP7LKBAQE1ErfTFXx+uuvY/fu3Vi6dCm2bt1ar3WpiX79+mHcuHFqn0L4888/a9xZPhEREREREVF9uH//PoCqtfLr0qULAA2bEE6dOhVTp06tXu3K2LVrF3bt2qWVsqhuqXq6X2RkJADA09Oz3LT1GcBydHTE0KFDAQASiaTe6lFdTZo0wdixY+Hp6Vlp1putrS3mzp2LqVOnIjIyEgcPHqyVfrGIiIiIiIiI6ovGASxtmTp1KgICArRWHtUdV1dX4f+cnBzs2rVLyPrp168fpk6dKgRbSk9bHwYNGoRRo0YhMjISJ06cqNe6VFXZ71JTZmZmGDBgADw9PZXWDREREREREdHzTk+TibKzs7U2Q22WRXWnSZMmQkAlNjYWH330kVKA5MyZM/joo48QGxsLoCSYongyZH3YsWMHbGxsMHjwYGRlZdVbPaqqSZMmmDt3bpWDV6WZmZlh7ty59fr9ExEREREREWmTRhlYq1atwvjx47UywwMHDtT70/So6nJzcxEZGYnY2NgKmwY+fvwYS5cuxWuvvQY3N7f/9BP8apMiCEhEREREREREJUQ9evRgNOkFlJCQUN9VICIiIiIiIqIXSK134k5ERERERERERFRfGMAiIiIiIiIiIiKdxgAWERERERERERHpNAawiIiIiIiIiIhIpzGARUREREREREREOo0BLCIiIiIiIiIi0mlimUwmvBGJRPVYFSIiIiIiIiIi+i/QdsKUuDYLJ93FdU1EREREREREzws2IXxBcb0TERERERERUV2paas/cUxMjJaqQvUhMTERTk5O9V0NqiGux/8OrkvdwPVAFeFvQ/dxHek+rqO6we+ZiKrj8uXLcHNzq+9qVKioqKjan9XTYj2IiIiIiIiIiIi0jgEsIiIiIiIiIiLSaQxgERERERERERGRTmMAi4iIiIiIiIiIdBoDWEREREREREREpNMYwCIiIiIiIiIiIp3GABYREREREREREek0BrCIiIiIiIiIiEinMYBFREREREREREQ6TVzfFSCimgkKCkJ0dDTmzp0La2vr+q4OVYNEIsH69evLDbe2tsbChQvroUYvrj179iAhIQHGxsZwdXVFr1694ODgUN/VonomlUoRHByMxMRE4bcxYMCA+q4WqREVFYXDhw8rDfPx8YG7u3s91YiIiIhqqsoBLIlEUu6EwNHREd7e3khMTISTk5PWKkd1Jzk5GREREQDAC7bnSFRUlLDeAgMDMXfu3HquEVWHRCKp0nCqPWPGjMHOnTvx6NEjREVFISoqihe9hJMnTyI6Olp4n5KSArlcDm9v73qsFamjav/JfapukEqlSEhIQHJyMlJSUgAA9vb2cHBwQPv27WFiYlLPNSQiIl1VrQBWYmKi0jC5XA4A8Pf354n+c0gikcDf3x/5+fkAgLi4OGbzPAfK3l1OSUnB4cOH4ePjU4+1oupwcnKCnZ0dHj16pDS8V69e9VSjF5eJiQlmzJghBLEA4PDhw7C2tuYNmheURCJRCl4pREdHM4BFVEWhoaEIDw8XzjkVFNcWxsbG6NOnDzMciYjqSFJSEkQiEQCgQYMGOh8D0HofWIcPH0ZUVJS2i6VaFBUVpXQikZ+fj7i4uHqsEVVGVdMIAEhPT+f295zy9fWFo6Oj8H7AgAEYPnx4PdboxSCVSssNMzExKffdnzx5sq6qRDqGGZJENSeVSuHv74+wsDClc04rKytYWVkJ7/Pz8xEaGgp/f3+V+2ciItKuhw8fIikpCUlJSeVupuuiWukDS3FhzUys54OqKCvTt3VXRcErHx8fuLi4YOfOnUIqPj1fjI2NVf5PtWfnzp0YM2ZMue0lOTlZ6X1KSgokEonO35WiutO1a9f6rgLVwIULF1BQUCC8NzY2Ru/eveuxRv9tgYGBuHfvnvDe0dERY8aMEfapEokEhw4dEqZJTEzE3r17MX369HqpLxER6aZa68S9JkGs4uJinDhxAufOncPjx49hYmKCNm3aYMyYMUoZCtWRmZmJW7duwdPTs0bl/Pnnnzh9+jRWrFhRblxMTAx27dqFLVu21GgedcXd3R2JiYlCE4muXbvWOPj4zjvvlEsPBwA7Ozts2rRJ7Wf/+usviMXiGq/rsiIiItCxY0eYmZlptdy6pC54pVhnM2bMwJYtWzBjxgytXGzn5uZi3rx5aNasGZYtW1bj8lRJS0vD7NmzsW/fPujr62u9fHXba3354osvlC6eygoODkZwcLDSsPbt22Py5Mk1mu++ffvwxx9/YNGiRWjfvn2NylKl9He9fft2NGzYEOPHj9f6fLTl0aNH8Pf3x/Tp05WCWGWbygPQWgArMjISQUFB+Pfff6Gnp4fmzZtj2LBh6NmzZ43LPnLkCI4fP45BgwYhMzNTZ75/Vdu4XC7Hjh07YGBggMmTJ8PAwKCea6maqmCy4uIbgHD8lEqlcHV1rVZg69ChQ/jrr7/wySefKA2/dOkSdu/eje+++656la+i2t4X65Ky+1cAagNY+fn5ePvtt/H111+jadOmasuWSCRYvnw5cnNzsW7dOjRs2LDG9X2ehYaGKgWvrKysMGnSJKWbpdbW1pg0aRK2bNmCjIwMACXbVmhoaJWb6tb2ecvzdp5PRKQtRUVFyM7OrtcburX6FMLqBrE2b96Mf/75B9OnT0ebNm1QUFCAU6dOYdmyZVizZg2aNWtW7TrduHEDMTExNQ5g9erVC926datRGbrE3d1dCGBpK3Nu8eLF6Ny5c5U/d/r0abRq1apcAEvR15qijW5VHThwAE5OTlUKYMlkMujpab2lbbVoErwCSrLnJk2ahEOHDsHb27vG/fb8+eef6Nu3L6KiopCSkgJ7e/salVeWTCZDo0aNsGPHjlq7YNLF7VVd8KoiqoLCVVFUVIQLFy5g4sSJCAkJqZUAVmnvvPNOlbefut7mjIyMkJ+fD39/f4wZMwYSiQTx8fEqA1jayIo7deoU9u3bh7fffhseHh4wNDTElStXsGPHDuTn56Nfv341Kj88PBzTpk2Dl5cX8vLytPpd1mQfrGobv3//Pvr27Vvrv8OacnBwgJWVlXBRDQCvvfYagJI+I/fu3SsMj4+Px8OHD5/L5r91sS9+Udy+fRsymQw7d+6s0vaiS+cc2iKVShEeHq40rHfv3kLw6tChQxCJRPDx8YGJiQnc3d0RFhYmTBseHq40vSZq+7yFiOhFVFRUhISEBFhbW/93AljDhg0rd4FV1fbrCQkJuHLlCjZu3Cjc4TIyMsKYMWNgZ2cn3KFNS0vDrl27kJycDJFIBDc3N0yaNAlGRkaYM2cOhg0bhqioKGRnZ8PAwADz589HcnIydu/ejeLiYixbtgwrVqyARCJBQEAAkpKSoKenBw8PD4wdOxb6+vr47rvvYGZmhrS0NKSnpyM7OxszZsyAi4sLIiIihCyDrKws+Pn54cGDB7Cysip3oXzq1CmcOnUKMpkMxsbGmDhxItzc3GrwTT//MjMzsX37dqSkpEAmk6FZs2Z4//338eeff+L8+fOIiorCw4cP8eqrr+Kjjz7C2LFjcfToUWzcuBGLFy+Gr68vXF1dAQC7d++GTCbD1KlTUVhYiMDAQFy9ehXFxcXo3bs3Jk2ahG+++QapqalYvXo13nzzTVy+fBlNmzYV7qBfuXIFBw4cwFdffYUzZ87g0qVLMDAwQFpaGtatW4eYmBj89NNPyMvLg76+PkaNGlXjC82qCgoKKjesoocmODg4wNraWsgsqUkQKywsDPPmzYO5uTnCwsIwceJEAEBqairmz5+PiRMn4sqVK5BIJOjQoYMQtEhNTcWOHTuQmpoKmUyG7t2745133oFIJIKfnx8sLCxw/fp1uLi4YPjw4Up3/c+cOYOTJ0+iuLgYFhYWmDJlChwdHfH06VP4+vpi2rRpOH/+PCQSCRwdHTF79myIRCI8ffoU/v7+uHfvHgwNDeHj44O+ffsqba8AcOLECYSEhAjlv/vuu2jdunW1v6PnxeXLl9G6dWv07dsXhw4dQk5OjhDQ/e6772BiYoInT54gJSUFhoaGmDJlCo4ePYrHjx/DysoKH3/8MYyMjLBt2zaYmpoiLS0NGRkZKCoqwsyZM+Hs7Kw0v927dwsZQIWFhfD390dcXBxkMhlatmyJ999/H5aWliq3ubri6uqK6Oho5OfnIzAwsFbnVVBQgP3792Py5Mno37+/MLxPnz6wsrKCWFxySH727Bn27t2LGzduQC6Xw9bWFtOmTUOTJk1w7tw5nD9/Hi1atMDdu3eRnp6OIUOGYMiQIdi4cSNSUlKwb98+PHjwABkZGcL3r9jnPnjwAI0aNUKfPn0QFBSEbdu2ISQkBOHh4fjiiy8AlGQvTJ06Fd9//z2kUmm5fXBhYWGF23ZF++CnT58qbeMVHRcr28brS+/evYWMHSMjIyFbLzQ0tNy0ERER8Pb21npT/IqOm5aWlpgxY4ba46Km296CBQuU1lN8fDwCAwOFYOjAgQMxdOhQACU3m06cOCEEXYYPH/5Cdbxd0TlicXExdu/ejZycHMybNw/Lli1DcXFxheesZY+HrVq1wrlz59C0aVPcvXsXGRkZmDlzJsLDw5GUlIS8vDzMmzcPzZs3R2FhIfbv3y/cgGzZsiWmTZsGc3Nztb+XuhQfH1/u2uDRo0cICwtTekBC165d4eTkBCcnJ6UAVn5+PuLj46t0c1XVeUtubi5mzpyJVatW4aWXXgJQ0u/LwoULsXPnTsybN6/Cbaiy8/wX9ZyCiF4ciuBVXl4eANU3M83NzWFhYVHrddHKbZ6MjAzcu3cPTZs2hbOzs9KrsjTrsm7evFnh57y8vGBrawsA2Lp1K5o3b47Nmzdjw4YNePjwIY4ePQoA0NfXx40bN7B48WKsXbsWJiYmCAkJgaurKwYOHAh3d3fhQnbr1q1o3LgxvvnmG6xZswZxcXHCgVNfXx8RERF49913sXLlSvTr1w8///xzuXodPHgQYrEYfn5++OKLL3D9+nWl5Tl8+DA+/fRTbNq0CW+++SY2btyI7OzsKn0v2iSRSHDv3j2ll+IxxkBJXy9lx5ftD6amfv31V5ibm2PLli3YunUr2rZti5iYGIwcORJOTk4YN26c0KTk2bNnKCgoQEBAQKVp+MeOHUNycjI2b96MTZs24ebNm/jjjz/g6+sLAPj0008rfbKboaEhEhIS0L9/f6xbtw6FhYXCuvPz88P777+PnTt3IisrS2vfhyYmT56s1NGpuid+RkVFCSeFNekENT4+HqampmjevDn69u2LCxcuoKioCACgp6eHoqIiPHv2TMiOjI6ORmRkJADg+++/h5OTE/z8/LB+/XpERETgypUrAAADAwNcvHgRixcvxtSpU5XmmZCQgMDAQCxcuBCbNm3CsGHDsH79ehQVFUFfXx+FhYXIzMzE0qVLsXr1aly/fl146MC2bdvg5OSE7777DosXL8b333+PBw8eKJV/584dHDlyRGji1q1bN+zcubPa31F9CQoKwpIlS1Rm5VUkJCQEAwYMgIGBAXr06IGzZ8/j1FHvAAAgAElEQVQK4/T19XHt2jXMmjULGzZsgFwuh7+/P3x9fbFhwwZkZGTg6tWrAErWfWRkJGbNmoUvv/wS/fv3h5+fn9p5nzx5EikpKdi8eTO2bduG4uJiYZ9ddpurS1Xp88bf379G+8K///4bUqkUXl5e5ca5ubmhXbt2AICjR48iKSkJGzZswObNm+Ho6Iht27YBKFlPcXFx8PDwwBdffIE5c+YgMDAQhYWFWLBgAZo0aYJp06bhrbfeUir/0KFD0NfXh5+fHxYvXowzZ85olOmhah+sbtuuaB9cmrrjYmXbeH1RXNQCUGpqWlFnp6WPqdpS0XGzMtXd9nJycrB+/XqMHz8emzdvxmeffYYjR47g5s2bKCgowM6dO7FkyRJs2bIFS5cuxdWrV1FYWKj15dZVFZ0jdujQAZMmTUKzZs2wadMmNGzYUO05a9njob6+PhISEjBgwACsWrUKnp6e2LBhA0aOHIlVq1bBzc0Nv/32GwDg+PHjuHPnDtauXYtNmzbBysoKAQEBAKr/e9E2VfvMqKgohIaGCg+dUQSvKpq+Kvvdis5bTE1N0b17d5w5c0aYNiIiAt26dYOpqanaMtWd5/9XzimIiCpSNniVl5cndPpe+vXw4cM6qY9WMrAkEonanXVVMkByc3MrTUnLysrC7du3MW/ePAAlB/9XXnkFwcHBQl8fvXr1ElLgHR0dkZaWVq6c7OxsxMXFCXd2jYyMMGDAAJw9exaDBg0CAHTu3FmIJL700ks4depUuXJu3ryJ8ePHQyQSwdDQEK+88opwYnL58mV4eHigUaNGAIBOnTrBzMwMt27dgoeHh0bfibZIpVLs3btXZdOY0ip62pa9vT2mT5+u8V3l9evXl4vOjh8/HsOHD0ejRo0QGRmJ6OhouLq6YtSoUSrLUHzey8tLo7vvly5dwhtvvAEDAwMYGBhg+fLlQlZDVZiamgr9mBgYGGD79u3Ccrdv3x76+vp4/PhxnUSZFZycnDB37lycPHkSGRkZcHFxUTld6aaGVlZWShdeVRUaGipkilhaWqJVq1a4fPmyUhBQcTFubGyMTp06IS4uDj179sTHH38srDNzc3M4OTkJF3UikQguLi5o3LhxuXlevHgRnp6eQrDa09MTP/74I27fvi0Etl9++WUAJc0l7ezskJaWhuzsbMTHx8PX1xcikQhNmzbF9u3b0aBBA9y9e1cov3Xr1sJwoGQbP3bsWLW/o7qUkpKC+Ph4REVFIT4+HkDJ+raysqq0j5CUlBSkpaWhQ4cOAEqecqgIECp07NhR+J03bdoUlpaWMDIyAlBy0f706VNh2i5dugjZWz169MAPP/yAzMzMCuc/YsQIDBkyRNge3dzchGUAlLe5uuTg4AAfHx+NAoGKpoZl+8vSVE5ODkxNTWFoaKh2usjISGE/BgADBw7EsWPHkJubCwCwsbERgl2Ojo4oLi6GRCJBkyZNKizz5s2beOuttyASiWBqaorevXsjJCSk0jqr2ger27Yr2geX/m2oOy4qshZUbeP1SReeOKjpcbOs6m57N2/ehKWlJTp16iTM393dHVFRUXBzc4OlpSVCQ0PRr18/ODg4YNGiRVpYyueLJueIlZ2zqjoe2tnZoUWLFgBK9sUODg5CM7imTZvi2rVrAEq2t5EjRwrNm4cOHQpfX18UFxdX+/eibZUFc7t27Spkw0ulUkRERFS5jNLUnbe88sor2LRpEyZOnAgDAwNEREQIWeXqqDvPf57PKYiIKlM2eKULarUPrOqwsLDAnTt31E6jOBEuHTywsLBQ6p+idJBFJBJBJpOVK0cx/dKlS4VhivRfVeXo6empLCc7O1upXyVzc3Olupa90Clb17oSHh5eafBKnZSUFISGhmrct8fChQsr7ANr0KBBEIlECAoKwqZNm9CxY0dMmTJFuKApS9NAUUZGhtL3rzihKC4u1ujzCmVT7M+cOYOLFy8KfcAUFRUJ/9clExMTjBkzBnFxcdi5cyeGDx+uFBwu209WVTs+LS07OxuXL19GdHQ0fvzxRwAl/XPk5eUpBbDKft+KC824uDicPHkSUqkUIpEIKSkpSn3dVLROMzIycOPGDdy4cUMYVlBQgIyMDCGApWq7VGxTpetT+n+F/Px8HDhwAH///TeAkuZa9bEuq6OiZm6abNchISHIyMjAlClTlMpLSEgQ1kvpPp709PTKvS+9/1O1neXk5FQ4/0ePHuHgwYNIS0uDSCRSWp9A+W2uLrm7u8Pa2hpBQUGVPj64JkEsS0tL5ObmIj8/X21/WpmZmUrbh+K7Vhz7yh7fAKg8NpVW9jilLtilSun6qNu2K9oHl6bJcVGTY29dKZ2ZDUCpnkZGRir7s6tqf2kVnacoMk+Bqh83Faq77ZX9HQIlv8WnT59CJBLhiy++QFBQEFatWgU9PT2MGjXqhWpCCGj2O9XknLXs96zpvjgjIwOBgYE4cOCA0mczMjKq/XupS0ZGRkJ/coqbrDUJFld23tKhQwcYGxvj6tWrsLe3R05OjkZ9tao7z3+ezymIiDRRnX57a5POBbA6deqEgwcPIjExsVzW1rFjx+Do6CgMz8jIEA7EWVlZVe5MTNEcbe3atSovdDVlZmamdOFW+uBbtuPX6tZVGxQXuXZ2duWCUMnJyUL/HsOGDSt3caG4sNNms4iBAwdi4MCBkEqlCAgIwJ49e4Q7lGWVzr4q2+xFKpUKWSKWlpZKd/ozMzNRXFxc7gRdT09P6QRDXVQ5KioKR44cwZo1a9CkSRPI5XJMmjRJ8wWtBa6urnByckJgYCAcHBzw2muvqezkvSbNB8+cOYOePXvigw8+EIbJZDLMnDkTKSkpwt38zMxM4c5xdnY2LCwskJ2djQ0bNmD+/PlCXxGrV69WKr+ijLqGDRvi5ZdfLte0EIDawK9iHZfeL6SmppbrtP/QoUO4f/8+li1bBmNjY9y5cwfLly9X+13UFcX+TSqVIjExsdJgiqYKCwtx9uxZfPXVV0JmG1DSxCQ0NLRanWiX3s4UTaLVBZq3bt0KV1dXfPjhhxCJRDh69CgSEhKqPN/a4uTkBF9fX0gkEkgkEuGCcefOneUO3NUNYjk7O6NBgwYICwtTynwDgOjoaKHzbysrK6XvV9Fc2draWulJXlVhamqqtJ8rndGkap9almJ7rWzbrmgfXJouHRfVuXDhAiIiIspdUEskEkilUpiYmMDJyanc77h0H1maatSoEZKTkyGXy5X2jffv31cKNlZ03FR3XKzutlf2dwgoryd7e3vMmDEDAHDr1i18+eWXaNu2bY0etFNVZZ/mamxsjM8//7zO5q8JRdN/dees1e3fzdraGj4+PhU+mKgq51m1xd7evsL9loODg1Jn7hXdjNG0E/bKzlvs7e3Rt29fhIeHw8HBAX369BECxOq2IXXn+bp8TkFEVFNisRguLi6Ij4+vckJIbdG5R520atUKXl5eWL9+Pa5cuYLc3FxIJBLs378fQUFBsLOzg7m5Odq3by+kahcWFuL06dPo3r17peWLxWKhGYapqSnc3NyEzrHlcjmOHTuGc+fOVanOLi4uOH/+PORyOaRSqVK/Mp6enrh69arQ9CY6Ohp5eXn1+tQlxUl36Vfpk20HB4dy47XdGe13330n3NE2MTERAkOA8jpSpVGjRkK/RpmZmUp9EXTv3h0hISEoKChAQUEB1q1bh8jISOjp6UEkEgnlNm7cGElJSQBKsrNUpawrZGVlwdLSEjY2NpDL5Thy5AhEIlGNnwhXUyYmJpgxYwasrKywefNmlU2ggoODq9RHkoJcLkdoaGi5/sIUDzoonY1w+vRpACUXtjExMXBzc0NeXh6Ki4uFTr2joqLw77//avSd9ejRA5cuXRIusB8/foyvv/660ui/hYUF2rZti+DgYMjlcqSmpmLRokV48uSJ0nRZWVlwcHCAsbExpFIpfvvtNxQXF9d73y3Tp0/HjBkz4O3tjeHDh8PX11dlNoOdnV25YZVle1y8eBG2trZKwSsA6NmzJy5fvqw2c6oi169fF/Zr586dQ4sWLdTeCMjKyoKTk5OQsXPx4sV634ZUsba2FvaJDg4OmDFjhnARU5oiiFWVvlkMDAwwadIk7N+/H8HBwUIg5OzZs9i6dasQqPD09ERYWJjwmzx16hTc3NxqtB9u27YtIiIiIJfLkZeXh4sXLwrjGjVqhEePHgnzU3cMrGzbrmgfXJouHhfLCgoKEtaRKoomeH369Ck3TtWwynTv3h1FRUUIDAxEdnY2CgoKcOnSJfz+++9CsFPdcVPdcbG6216HDh2E/TpQEvSMjo6Gh4cH/v33XyxfvlzYdzRt2hRisbjOM09UBZd1TU3OWSvTo0cPnDp1Svgerl27hj179gBQ/3upS+qCuRkZGQgLC0NYWJjaGzaaBIQ1PW955ZVXEBMTg3PnzglNlQH125C683xdPacgItKWBg0awMXFRQj4GxoaomnTpuVeqq5RaoPOZWABwAcffIDg4GAcOHAAqampMDY2RseOHfHll18KF2CzZ8/G999/L/R307VrV4wYMaLSsrt06YLffvsNs2bNwrZt2zB79mwEBARgzpw5kMlkcHZ2rvLT5caNG4dt27Zh5syZsLKyQt++fYUONl1dXTFmzBisXr0aMpkMpqamWLRoUaUdRv4XrF27VuXw7du3Y9iwYQgICMAvv/wCPT09ODg4YPr06QBKTsgCAwORmJiId955p9znx48fj127duHSpUuwtrZGjx49hI7FR40ahZycHHz44YeQyWTw9PTE4MGDIRKJ0Lt3b6xcuRJjxozBoEGD8M033+Czzz6DqakpOnbsqPJpUor6hIeHY86cOWjQoAFGjx6Nl19+GX5+fli6dGmVH1SgbX369BEupqysrIR0fMWj3RWdpPr4+GhcZmxsLHJyctCxY8dy43r27InNmzcLwRVra2ssWLAAOTk56NmzJzw8PCASiTB06FAsWbJE6Dh14sSJ2LVrF5o3b6523u3atcObb76JNWvWoKioCGKxGCNHjoSRkVGlGWVz5syBv78/Zs6cCUNDQ0yaNAktW7ZUuvs7fPhwbNmyBR9++CEsLCwwdepUJCUl4ZNPPsGGDRs0/o60qXRmaWne3t5KwUI7Ozv4+voiOTlZKTOosqaioaGh6NmzZ7nh1tbWcHR0VDoZ11TXrl2xY8cOpKSkwMTEBLNmzVI7/ZtvvomffvoJv/zyC5o3b47p06dj3bp1+OGHH9CmTZsqz7+uKIJY2srE6t+/PywtLXHixAkcPHgQIpEITk5OmD9/vtA/2euvv46cnBx8/PHHkMvlaNasWaXfb2UUx6kPPvgA9vb26NOnj3Cc6tixI9q1a4clS5bA2tpaCMCoag5la2urdtuuaB9cuv80dcfF+mher4piv1mR6OhouLu7w8nJqVxGWUX9E6pjamqK5cuXIzAwEHPmzEFRUZGw3hWZbuqOm+qOi9Xd9kxNTbFw4ULs2bMHu3fvhp6eHt588020b98ecrkcrq6uWLx4MYCSG08+Pj6V7t9fVNU9Z63MiBEjkJeXh4ULF0Imk8HS0lJoJq7u91KXXFxcKmxqa2RkJATVVN0oUAzXZJvS5Lxl/PjxsLW1RatWrZCTkwNHR0dhGnXbkLrzfF08pyAi0jZFECs+Ph42NjZ1mm1dlkhexdsxiYmJ8Pf3r9JMqtKJO1WNqqaWqiQnJ8Pf31/oe6XsBdehQ4eEp9a5u7srBTsq+yzVnKbrsSJSqRQpKSlq+8Mqu15rKi0tDbNnz8b+/fs1eprZi0LTdblkyRLhf2trayxcuLDcNBKJBOvXrxfeOzo6Ck12JBIJoqKihP6b6tL27dvRqFEjjBs3rk7nWxU13abKKhs0LM3Y2BgLFy7UeqaqtslkMmFbDQ8PR3BwML788st6rlXd0+S3sWfPngqzeZycnNC7d29hfa9bt04pgLVw4UKdaw75vKnOflRhzZo1AEoC96VvAAAlD69QBPzVfZYqV5V9rKp1ASivD02m0ZYtW7bA2dm5XFNuXaTtYxkRvRguX74MNzc3jaYtnSlvYWGhNiM+Ly8Pubm5sLGxqVH9FDcIFA8l0USXLl0A6GATQqodgYGBwsl4fn6+kJ0DlAQ6FMErxfvSd5/VfZZ0g6JZaGnu7u5KJ2dRUVHw9/evUb9YqrCz0pqTSCQ4fPiw0rpJTk5W2WG7grW1Nby9vevtQvlFW++VNSes6OmtuuLYsWNYsWIFCgsLUVRUhD///LNamUIvismTJ2PGjBkqX97e3kLw6sKFC+WyxsLCwrS+nyV6nnl7eytlO2nK0dFR68GrhIQExMbGVrm1BRERlWRi1TR4VVM62YSQtK/sCXbpznxV9fFR+uRb3WdJt/Xp0wcpKSlCgDIxMbFKT5KkuhMVFQU7Ozuh+VZoaKhWH5pANaeuOWFNnpxVF1599VXcv38fc+bMgZ6eHlxcXDB69Oj6rtZzSSKRICwsDHFxcSqztKKiohAXFwdXV1cMGDCA2VhEACZNmoTAwEClJv3x8fFCB/aKrhAUHB0dtf7AnFWrViEpKQkffPCByiekEhGR7qtyAMve3r7Kj0nW9OkhVHt69eql1FG5u7u70v8XLlwQLsiMjIzg6uqq0WdJ940ZMwYAhCCWti60bWxs8PPPP2ulrBfRsGHDyl38lt62vL29yzXV1ZV9aU37Y3qeVRTE6t27dz3WqnLGxsaYO3dufVfjuVe6Sb06+fn5QjbzxIkTlY6ppD1l96OlH2ihKsOw9DB1nyXtUzx4JjQ0VDjnTElJKXejxsjICH369NF65hUAfPbZZ1ovk4joeVe6P+fnoZ/uKgewTExMauWgQrVr+PDhMDExEdrSl16H1tbWmDFjBsLDwwGUXIiVvmNc9rO6fqFG5b322mswNjaGRCIRAlpUvyp7UpniKXikexwcHLBo0SKEhoZCIpHA3d2dAYoXRHh4eJWfdBccHMzfRy1Rtx+tbB9anadFUs15e3ujd+/eiI+PR3JyshDAsre3h4ODA1xcXHS+P0Eiov+S+uyQvTrYhPAFoi7w6ODgoDawwaDl883ExITNBom0iNvUi6k6fVtV9HQ1oheViYkJ3N3dmdFPRERVxgAWERERkQYmT55c31UgIiIiemHxKYRERERERERERKTTGMAiIiIiIiIiIiKdxgAWERERERERERHpNAawiIiIiIiIiIhIpzGARUREREREREREOo0BLCIiIiIiIiIi0mkMYBERERERERERkU5jAIuIiIiIiIiIiHSa6ODBg/L6rgQREREREREREf23DR48GABw7do1jT/TpUsXAIDYwsKiVipFREREREREREQvLrFYDGNjY1haWsLa2rpmZTVs2FBL1SIiIiIiIiIiIiqhr68PQ0NDmJqawsjIqEZliW1sbLRULSIiIiIiIiIiohJ6enrQ19eHkZERjI2NIZPJql0WM7CIiIiIiIiIiEjrRCIRRCIR9PX1IRaLIZVKq12WuEGDBlqsGhERERERERERUQlFEEskEtWoHLFYLNZSlYiIiIiIiIiIiLRPr74rQEREREREREREpA4DWEREREREREREpNMYwCIiIiIiIiIiIp3GABYREREREREREek0BrCIiIiIiIiIiEinMYBFREREREREREQ6jQEsIiIiIiIiIiLSaQxgERERERERERGRTmMAi4iIiIiIiIiIdBoDWEREREREREREpNMYwCIiIiIiIiIiIp3GABYREREREREREek0cX1XQFtmrjmMgOORFY73He+Frz4cAdyPhtxvVMUFmdlA9NkVQCSqhVoSEREREREREVFV/WcCWBpr3gUwswFy0lSPz0kDEi8Bzj3rtl5ERERERERE9J8hk8mQl5cHqVSK/Px8FBQUAAAMDQ1hYmICExMTGBsbQyx+8UIz1fHifUsiEeA6EIjcV+Ek8usnIGIAi4iIiIiIiIiqQC6XIzs7GxkZGULAquz4/Px85OfnQyKRQCQSwdDQEFZWVrCwsICIrcEq9EL2gSXqNEL9BHEhgFxeN5UhIiIiIiIioudeXl4eEhMTkZqaivz8fMjlchQVFSE3NxfJycl4+vQppFIpZDKZ8Bm5XI6CggKkpqbi7t27kEql9bgEuu3Fy8ACAKcebEZIRERERERERDUml8uRlpaGrKwsyP8/GSYrKwsXLlzA1atXcefOHeTl5cHOzg4FBQVo3749hg4dChcXF6WMK7lcjqSkJFhaWsLGxobZWGW8kBlYQjNCNeTXT9RRZYiIiIiIiIjoeSSXy/HgwQNkZmZCLpdDJpMhPT0dixYtwpo1a3Dq1Ck8fvwYenp6sLe3h0QiwbFjxzBz5kzs3btXKRtLITMzE/fv3xeCYVTixczAQkkzQrmafrAQFwKM+pJPIyQiIiIiIiKichTBq9J9Xd29exdr165FbGwsDA0N4ejoiHbt2sHZ2RmWlpZo2bIlUlJS8Ndff2HPnj14+vQp3nvvPRgbGwtlAkBBQQH+/fdftGzZkplY/++FDWCxGSERERERERERVVdaWppS8CozMxNbtmzBjRs3oK+vjw4dOqBnz56wtbWFiYkJjIyMYGFhgYYNG8Le3h537txBcHAwGjVqhEmTJgnlKAJWz549Q1paGpsT/r96a0LYafRnal+JSRUElrSFzQiJ6DkwZkkg9HsuwsafzlY4zcpdYdDvuQiTvjggDNt5LBIHw25oNI+pqw7CqM8SPM3Mq3F9a9u8b07AcdQa4X1VllNT6wL/RMjlv7RaJhERERH9t+Tl5SEzM1N4L5fLcfv2bcTHx0NPTw9du3ZFz549YWlpCQMDA5iamsLMzAwWFhawsrKCubk57Ozs0L17d0RGRkIikQCAUqBKJBIhMzMT+fn5db58uqjeMrAS7iWrHV9QWFjrdWAzQiJ6Xuw+eRULJvQtN1wul2PPr1fLDT95IR42VmYYO6Cj2nKlBYU4ciYWRcUy/Bx6HbNGP19Zp5ouZ1UcDL2O3LwCDOzeWmtlEhEREVH15Ofn4+TJkzh9+jSSkpJgZmaGLl26wMfHB46OjvVSJ7lcjpSUlHLDfvnlF2RlZcHc3BytWrWCkZERxGIxDAwMYGxsDBMTE+jr66O4uBgFBQXIzc2Fnp4eMjIykJycDGtra5Xze/jwIZydnV/4LKwXtwkhoFkzwgfXgBZd67ZeRESlNLYyRcI/j3E5/gG6uzRXGncu5h4SH6ajibWZ0vATG6doVPbxc/GQFhTijVfcsPe36OcugKXpclZF1I++Wi+TiIiIiKouKSkJixYtQufOneHr64uWLVsiNzcXly9fxieffAIfHx+MHj26zuuVk5MDmUymFFAqLi5GZGQkZDIZzMzMIBaLcfv2baSmpqJRo0Zo3bo12rVrBwMDA2RnZyM2NhbXr1+HgYEBjIyMcPPmTbi5uQFAuc7b5XI5srOzYWFhUafLqWte7ACWohmhmiwsecwJiBjAIqJ61K19M9z+Nw27T14tF8DaffIqOrW2h4WpsdLwnu9uQ7Mmlji0ZhLU2ftbFPq5O2PKcA8M/+gH/PXgCVo3byyMtx+6ElOHe+Duw6cIDk+AkaEY7wzrhnUfDIW+vp4wjU//Dvg76SnOxSTi8q65cHWyxc+h17H6hzChzLUfDMXQXu2Ez8x43ROZOfnYeyoaeiIRxgzoiG8+HAFDA30AgEwmx7Kdp7DzWCSkBYV4rXd7GBooH7ZKL+eF6/+g73vfqlzO63vnwc3ZDnK5HF/vP49vf7mIlKdZaNPcBstnDMIILxdh2tY+6+Dt0RrfLnpDGKZuWYiIiIhI+3Jzc7FgwQJ88MEH8PLyEoYbGxtjyJAh8PLygq+vLxo2bIh+/frVad0Uzf1Ke/DgAfLz8yEWi2Fubo60tDQYGhqiU6dOkEqlkEqlePLkCUxNTZGbmwu5XI62bdtCLBbj3r17+Ouv/3VhIRKJygWx0tPTX/gAVr31gaUrRJ1GqJ/g+kmAj64konpU8KwI77zWDfv/iEF+QZEwPCevAIdP38CU4R4oeFakpgTV0iS5+OPyX3i9rxu8PVrDvIERfvo9utx0G386i7YtbHB4zWS8M6wbvtl/Hmv2nFGa5rujl2BtboI1s4bCxtoUgb9F462l+zDCywW/b56GHm4t8PrCH3Ht9v+aj2/cdxYFhUXYt+ItzBnbB98duYSAoMvC+K/3n8OaH89g2oju+GXtZDg6NMRPp65VuDydW9sjctcc4XV+xyw0sTZDB2c7tGlhAwBYERCKZTtPYfHb/RC6dQZcHJtgzJJAxN59VGG5miwLEREREWnXwYMH4eHhoRS8Ks3MzAwrVqyAn58fiouL66xexcXFePbsWbnhEokEIpEIMpkMTZs2RbNmzdC+fXvY2trC0dERxsbGkMlkkMlkSEtLQ35+PhwdHSEWi2Fvb4+8vDyIRCIhq6vs38LCQhQVVX7Of/jIUTi1cVH7WrBoiRa/kbrzYmdgAXXTjDA5AZBm/++9iTng0L5qZaQnAZIyF0sO7QATDSKwdyMBlGkra+0ANGxW+WfL1r2qqrOsZVy/dRdZ2SWdS3do6wgrC7NKPlHi34epuJ/8uMLxmdk5sDQ307jMc5dvVNjm+N+HqWjZ1BYtHJqgZVPbSsvKyMrBzdv3Kp2uLC+PDhWWU93vpqLPqVve0qoy34pcv3UXwacv4dzl/3XGbWluhk7tnTBhpLdG3+l/Wf6zIrwzrBu+8A/BkT9v4q3BXQAAP4feQFGxDBMGd8EPQVeqXO7+kBgUF8sw8mUXGBroY1jvdtj7+zV8MX2Q0nSThnTF8hklwwb3aIM0SS42H7iAJZP7CVlYI7xcsG/lWwBKUpyXbP8N4wd2wqr3XgUAeHVyxPmYf7D10AXs+mxsSVmebYUsp0GebXDiXBzORifi/Td6oqhYhg17z2LqcA98OWuIME3S40ycv6562zFrYIRu7f+3X1u4NRgZOVL8sUvBs4cAACAASURBVHW6kNX128Xb+OjNlzFtRHcAQKfWDjh0+iZ+u3gbbs525crUdFmIiIiISLvCwsKwbNkytdM0bdoULVu2xK1bt+Dq6lon9VJ0qF46wCSTyWBtbQ19fX0UFhaiQYMG0NfXx6VLlyCVSmFqago7OzuYmprC3t4eOTk5KCgoQGhoKIqLi9GiRQs8ffoUxcXFSuWWzcTKy8urNAvL541RAICFiz9VOf6NUSOxcd0aleN0HQNYddCMUH5sNZBY6uLS2Byi+cc0CyApyjiwWLkMAKL39wDOnuo/eDcS8m8nlx/u0A6i+ccrn2/ZuleVkwdEs/ZW//MAXn17EbJySgJYn8x6C59+MFGjz+09FoIvt6vppL+UFg5NsGP1fLzcveKOoIdMWaxRWZbmppg9+XXMmjiywsDOjVuJGpdXWm7crxWW07GdEy7+sk2jckp/N7/9sFblclelfh3bOWHi696YMNK7SsGsoLCLWLh2R4WBxpOnL2K130/w8uiAT2ZNULt+/svynxWiWRNLDPJsjd3BV4UA1u7gK3j9ZVc0tGiAgsKq33Xa+1s0enZoCfvGJQfBUa90wIGQ6wi/8Q96d3xJmM7a3ETpc6NeccPe36PxMC0LLeysAABODg2F8Qn/PEbKkyy80e9/AVc9PRG8Or+EizfvC8Ocm/7vMwBg18gcjyU5AID7jzLwJCMXI152UZqmkWUDjZbt3LV7+Hr/eaz9YAg6lApMXQqYrTRdA2MDNLJogPQKnsCo6bIQERERkXY9fPgQLVu2rHQ6R0dH3L9/v84CWFKptNwwkUiE5s2bw8rKCo8fP4ahoSHMzMzQrFkzPH78GI0bN0aHDh1QWFgImUyGli1bomXLljA2NoZUKkXTpk1RWFiI+/fvw8TEBKampjA1NS2XUFBQUKBRHSsKYj3PwSuATQgBACLXweon0HYzwvxsyE9U4Udz5Ui1g0jycz+qHpF86/8zs3Rb4NEQIXgFAH6Bx5GRlaP1+dxPfowhUxbj1XcW1bj8zOxcrPb7CT1Hz8b1W3e1VMPK3biViJmffl1n8ys774Vrd8Jl0BQEhV2sdPqMrBzM/PRrjJ+7Uil41adbB6WXwvkrNzFkymJ8uf2nWqm/rnv2/8GpqcO74/TVu7j/KAN/PXiCiBv/YspwDwBAYVHVAli3/01D1K0kvN73fwf6IT3bwthIjL2/lW9GWJqNtSkA4FG66uxMRRBq7Cd7od9zkfAKOHEFkuzyB/zSFHeYHj0tKdu2oblmC1RKVm4+3ln5M7w6v4T5b76sNC5Nkou5Xx2H8xtrYez1CfR7LhLqq+1lISIiIqLqMzc3R25ubqXT5eTkwNjYuNLptEURRFKct8pkMuH/AQMGwNnZGUZGRhCJROjSpQvGjRuHV199FZaWlpDL5SguLoaenh6MjIzQt29fDBgwAI0bN0ZOTg42bNiAffv2ISYmBmlpaSgoKIBMJhPmrarpYkV83hiF9WtXC++f9+AV8BxkYH267TgSHz6pcPwH415Bn87ONZtJq151/zTC2NCSAFJlGVTSLMiPf1m9eaQnAXFhFY6Wn/sRosrmX89W+5UELJrbN8GDlMfIzM5FUNhFTBo1sErlVJRldP3WXdxISMRqv5/wIOUxzl+5idV+P2HDkpkVltWnWwec+nFdueEZWTk4f+Umtu05hgtXb5YExd5Z/H/s3XlcVNX7B/DPMMM2rIqC4I7ikguJSqFirll+VUwzyy2tzAVLy9yttHJLTcvMpH5fl9SvlrvmkmK5m7gBKoiiAgKKiuzrDPP7Y5qJy52BGZyBAT/v14tXcubOueceLhPzzHOeg+t/rCs1K8mYrLKybNp9FF06tDF6fkqj73oB9TLDiOjb2LT7CCJv3EF6Zjbe/PBLTBwRVOocDv3gS5y6EAkAcHaUY07wCIwYKM7eikt8IMgWW7B6M56kZ5Xad3WkiZ8PCHwONZ3tseHAReTlF6K+hyt6dfT55xjjguyb/ql1NeP7A5jxvTCz79fQCKz8aABsbXT/LyIlVR3U8aip+752ktsCAEJmvY72LeoKHrOWSQ0an2ctdeDqsZ7MqNJMWbEXTzJy8dcP42FlJfzUqv8n6yCTWmHLl8PQrH5t2Ntao/Fr+v9HboprISIiIiLj+fn5ISwsDH366E84USqVOH/+PMaOHVth48rPz4dKpdJmU+Xl5SErKwtpaWmwt7dHkyZNoFQqoVAoIJVKYW9vDxsbG6SlpUGhUECpVEImk0EikcDOzg4qlQoKhQKNGjXCb7/9hlu3biEuLg5+fn7w9vZG/fr14eHhAZlMpl2+aKjXB72mzcaqDiw+gHXkXBQu30jQ+3i/wDZPH8CS2lTKboSqrbPUSwlLqWOlOrEByCtfDSrVST3ZVxrXQtVBLiOWMhpL0nV0uZ+7L/QsEpLV2TlLZ43TBoYW/rDZZAEa3xZN4NuiCfr3DMAro2cg8sYd/LBpD7r6t0X/ngFG9eXq7Ij+PQPQv2cAFqzehIU/bEF6Zjben/MNfl1V+tptUxo/dwXatvSGb4un/L0wQFf/tujq3xaTRg3EvtCzeH/2cmRk5eCHTXvQtoW3zp/TtEVrtcGrNs0bY9uqz/TWuGpY1wNzgkegX88A7VLS0vqu7myspRjxih82/H4B+YUKvNu/oyhAYwiVSoXNhy+jc9tG2vpSGuE3k/Dh8j34/Uw0BnVTb+ObmSNMVd536jpquTqgXm0Xnf239q4DZwc7xMQ/xLsDOmrbEx+mawNCZWng4Qr3Go7Ye+IaXg1orm0vLVsKAHb9dRUbfr+I9Z8N1S5v1HiUlo2w6wn4Zd6beKFVAwBAXr4CeaUUwDfFtRARERGR8d566y3MmzcPgYGBkMt1l5H49ddf4efnBzc3twobl1KpREZGBpKTkxETE4OkpCRcunQJiYmJ6Nq1K5577jlcv34djo6OSEtLg52dHZydnaFSqRAREYEaNWogNTUVvr6+qFGjhjb45eLigpycHBQVFeH69etISUmBi4sLGjdujICAAPj4+FTodVoiLiH8R4UvIwSAJ4n6l/gB6uDSEcNqGonkZgBhu8o8TPXHqlIfl0zcBMmyG/q/vgxTF5PX9dyhi4DWvco1fAD4fuNuAOrsq/49AzBp1EAA6uV+v+w6Uu5+dXF1dsTahR9rvy9eTLw85gSPQH1PdwDA78fOPVVfhmrTvLH236+OnmmWpZal6d8zAIeKZWrNWBIiGkNc4gP8sElde83ZUY5D65cYVKDdt0UTUd/Pqnf6d8SdpFQkPczA6H4dy36CDqfC7yIu+QkmDA5AF99Ggq8JgwJQt7aLYBnhuv0XsHTTcZyJiMO8n/7AxgOXMOXNQG0B95JsbWSYN7Y3vvnfCcxZcwinwu/i19AIdB77A776r/6s0OKkUitMG9kNP+05j7k/HsIff8dg5uoD2HZU/+9mypMsjFu8Ax2fq482TergSkyS9utxeg5qOsvhWcsZS375C7+FRmDz4cvoEbwWGdl5yM0vNNu1EBEREZHxmjdvjgEDBmDKlCl48OCB4LGioiJs3boVq1evRmpqqlFL655WdnY2bt26hfPnz+PChQsIDQ3F7du3cf/+fcTGxkIqlcLKykobmMrIyEBWVhZsbGzQsmVL1KtXDx4eHsjNzUVqaioyMjKQmZmJpCT1pm2aAFlKSgqSkpIQERGBI0eO4Nq1axV6nZaIASwNzTJCfTTLCE3tyPfqQJUOqq3GF/nWCtspztwKHAXYlVjyczVUHewqJ9WeBep6WiV1GAh0HFTufk+cj9Bm6cwJHg5AHSDRBIU27zla7r718W3RBM6O6sh+RPTtp+6vq/+/NZziEh+UcqRp9O8ZgOFBPQGo63CVp0j80/Jt0QSzJw7TjmHTbuHPSROUBICvZ44zquC7b4smmDgiSNu3qYOYVUXrJnXQ8bn66N6+CRp51ihXH5sOXoKrk702w6o4KysJxvTrgANnorXL94a/0g4Rt5Lx2owNWPXbGUx5swumj3ip1HNMHtoFa2cOxu4T19AzeC0++XY/RrzSDl+OK+PDgmI+erMLZr3dHWt3/Y3BMzfiTlIqJg/trPf4MxFxeJyeg7DrCWj/9reCr99CI2BlJcH+5WPg6miHMV/+ijlrDmHEq35o19wLUXf171hqimshIiIiIuO99dZbGDp0KCZNmoRp06Zh9erVWLJkCYYOHYq7d++iS5cuOHv2LGbOnFlhwR17e3vY2tqiXr16sLGxgYuLC5RKdT3ay5cv4+LFi7h37x4UCoU2gJWRkYGEhARERkYiPDwc9+/fR0REBB48eID09HQ8ePAAe/bsQUFBgbamVn5+PvLy8pCXl4fY2FhcvXoVMpnFL6Izq2f76oszZBnhtT9MvowQAFTbZkEy4Rdh49WjT7X7n67lg5LAt6HKzQAu/BtEQF6muhZWnw+MP8eeBcK+NLw7QvKm7ppJhtq0Wx2ccHaUC5byzQkejvFzV+BkWCROnI8w+a50Det6IPLGHZMEnIpnFsUlPjAo0+hphSyciojo24i8cUdb1H3tgo/LfqIJBY8cqK1ZtfqX3drMOUD4cy3PEsBJowZqM7j2HTO+FlpV9NuikaK2kjvpAcDN7TME35/VcYzG2lmDsXbWYL2Pz3//Zcx//2Xt927Ociz9sJ/e45MPfKqz/Z3+HfFOf91ZYrqes2/5GMH3EokEX47rIwoULZ/cX/vv4tc58KVWUJ4t/bXn+WZeOP7jBEHbxMHC5cJFRSrISmSXlXYtRERERGQ+PXv2RLdu3XDjxg0kJCTA3t4e48ePh4uLCxQKBWbPno2TJ09i+vTpWLJkCWxtzVvmwcnJCZGRkYiOjkZiYiJiY2ORnZ0NpVKJvLw87N27FzVr1kSjRo1QVFSErKwsSKVSpKSkwNnZGV5eXsjKysKdO3eQnZ2NoqIi5OTkIC8vD1ZWVtoAliaTSy6XQ6VS4cmTJ898AIsZWMWUuYww8qDplxECQOx5dcBK42kKtwPq7KsnScK2Vj2BmvV016S6UPZSQ53nOLlR3O7ZApIxPxjfXzFxiQ+weY96ac6kUQMFWTr9ewZos6S+/0VH8OwpRd64AwBo29L7qfsKL5bFVVrwKj5JXTy+rC9DHVq/RDtHm3YfrfBMJVdnR+0OgsV3GIxLfKDdUdLY+mIaDet6aJdKnjJiTogMEXvvMbYdDUdCSjqa1q9V2cMhIiIion9IpVI899xz6NOnD7p27QoXF3UtVplMhgULFqBTp074+++/8dln5q897OzsjAsXLuDKlSuIi4tDVlaWNvvL1tYWVlZWyMzM1O4imJOTg4KCAri5uaGgoABXrlzB3bt34enpCRsbG+Tn5+Phw4dQKBSQSCQoKirSBsMyMzORnZ0NqVSKwsJCeHiYPynCkj3b4buSytqN8PFd0+9G+A/VnoWQNPEH7J3VdbGeJAoPsHME8gyraaQK2ylqk2iW83m1BDxbAMnFlv09SVQHpAxd8pcUBdW2WeJ2O0dI3lpcalF6QyxYvUn77xEDhRk2rs6OGDGwN37YtAe/Hztn0sym4uf1bfF0Aazw6FhtgKW+p3upY9y0+6hoqZ0u2dcOlHkMoJ6jQxuWoNNgdVZdRRZ11+jq30a7BFSTKVc8q+1pfmYuTuqAZnpm2VvqEhljx1+R+OLno+jt78NsKyIiIqIqwtraGosWLcLnn38uqpVlDg4ODmjatCmio6NRUFAAKysrSKVSFBQUaJcAAkBSUhJsbGxQVFQEuVyO2rVrIzAwECqVCrm5ucjJyUFKSgoSEhJw8+ZNyGQybV8qlQoqlQp2dnbIz8+Hvb09WrZsCVdX1zJGV70xA6s4zTLCUqiu/WGac/UusbxHU9BdV+H2Vj3VgSdDJEWJlx7W8BIUU5d0fVv0tDJ3LNRIvQfVD+IlTYC64LvB49QjLSML+/8pej48qKfOQEfxJWnFg05P45ddR7TL3pwd5QgeObCMZ+h34nwExs9ZoQ2waGp4VSTfFk3w41cfab+vjKLuVD0kH/i01OWD1cn0Ed2Q9ddX+P2bd7jDIBEREVEVYmNjg0WLFuG///2v2c8lkUjQt29f2NjYwNXVFXZ2dgDUxdclEgmkUqk2k+rhw4eIi4tDbGws4uPj8ejRIzx58gTp6el4/PgxYmJiEBoaitzcXEgkwt3FVSoVrKystAXhAwLKt4qlOnn2MrASI4Eo/TtHSWwcUOoiwciDwCszAInxW9cLztP1bagulFjqd+R7qK6VyMSxc4QkaLbBBd1VJ9aLGzuUyKxq3QvYs0CY0ZUUDcT+DTR5QX/nuRlQrQ8WF4fHPzsOPmXwClDXTNIEfkpmX2k0rOuB4UE9sXlPKDbvCTWoGPjmPUe1GUHFxSU+wInzEYKlbttWfVZqf/FJD7Dwh806H9sXelZQAH54UM8y6zQND+qp91qfxsjXeuNkWAQ27wnVFnU/u6Ocu1oaqfjyybb/ZLO1LZbVFv4URfI1mVyaZZJEREREREQVqVu3bvD29tZmYRUVFcHKygrW1tZQKBRQKBRwdnZGnTp1tEsEs7OzkZiYCIlEgvz8fGRlZeHx48fIy8uDVCqFtbW1NntLk4lVVFQEqVQKHx8f9OjRo5KvuvI9ewGshAiojqzQ/3jjjoCtA5CvZ3mSqZYR2jtD8uZiqNaMEraX3NEvcDRQs55hfabe01lUXdLxNdG50bqX6FjViQ2QlBLAUq2bqHvHwcBRT7XjYHG/7FIH8Lp0aFNqgfYRA3tr62St/mU35gSPKLVfQ5bo1fd0R8jCj8ssDB+flIIFq3UHsIqbOCIIS2eNK/O4hnU9TF6MXqOyirpHRKkDVM6Ocm0w0NXZEfU93ZGQnIJTYZFIy8gyahdCQL00MyFZHWwMNNOcERERERERlUYqleLzzz/HiBEjYGtri8LCQigUCqhUKiiVSm3xdQ8PD8hkMmRmZmofB4Dc3FxYWVkJsq4UCgVsbGwEtbAcHBzg5eWF+fPnw9raurIu12JwCaGIBGj9SqlHmGwZYZMX1MsD9anhZdTugKowHcXY/yneXpLOYu7XQtVBMF19b52he1fEVj0hCZpj8BhL88uuI9rgxIiBvUo9tqt/W20x79W/7CnX8jhnRzm6dGiDiSOC8ONXHyH66PpyB5LaNG+M+p7u2u9//Oojg4JXFaGii7rvCz1b7OcozCwb+Zr655qemY19oWeN7nv1xn+Drv17MIWWiIiIiIgqh5+fH4YNGwYXFxfY29tDKpVCJpNBLpfD398fNWrUgJubGzw9PeHh4QE3Nzd4eHigVq1acHZ2hpOTExQKhaBPTSaXZifCR48eoV27dmjdunUlXaVlYQBLB4nvgNIPMOFuhJKg2eoC7TofMyIwlJsB6KhjJdGXGaUp5l6CzlpYYTt1ZnbBswUkby42fIxl0GQ11fd0L3PZHQBtnSpDgiEH1y1G9rUDgq/kv7fj8IYlWDprnEHn0+jSoY2or3M7V+Pczu+1gaKFP2y2mJpTmqLuGuPnrkBE9B2znCstIwvTF6/Vfl+8XhkgDGjNWBKC8OhYg/veF3pWm3Vn6D1CRERERERkLrNmzUK9euqEEQcHB9ja2qJly5bo0aMH3Nzc4ObmBnd3d9SpUwfOzs6wtbXV1sjSFGgHoM3MUhWLM8hkMvj4+GDBggWi+ljPKgawdGnaSb2MUB/NMkJTqFlPvUywJO+OgsLrZbp6VFybqkTx9pJ0FXNH2C51MEwj9m/dOw4CQN2WwMmNwB/fl/5lgBPnI7RZO5osnbKMfK23NutJX02qiuTq7IiQhVMBqJcZjptTylLVClayqPv+Y8ZnP5UlLvEBXh0zU1tPTFcR/oZ1PbBkxvsA1IHHNz/40qAg1r7Qsxg35xvt9yELzb8MkoiIiIiIqDRSqRT79+9Ho0aNtAXX7927h1q1asHT0xNOTk6ws7ODs7MzXFxc4ODgALlcDjs7O9jY2KCwsFAQvNJkXhUVFaFhw4b4888/IZVKK/kqLQcDWLpIbSpuGSGgXiZYIhvK2Mwm1R+rxI0li7eX1LqXOPsrL1OdcaXpd91E/c+/sAuqP1aV+WUITfaVsTsAaoJd8UkpZl8aZ4j+PQMwcUQQAHWQqDzL5Mxl5Gu9tWMzpbhEdVH7gMGTtAXs2zRvrA3mlTRp1EAMD1IvnY1PSkGnwR9g+uIQbXH24sKjYzFuzjd488MvtcX9l8x432w1w4iIiIiIiIxhbW2NU6dOYdiwYQDUtawuX74Md3d3uLq6ao+zs7ODra2t9t9WVlbaelea4JemEPzIkSNx7tw51r0q4dkr4m4gie8AqC7u0H+AiXYj1J5v4GyoDquDPZLWvQwv3A6os6+K72ao6bN48fakKKjCdkFSs+6/dbH0FXM/ufHfGll55l8GFx4dq90hsH/PAKMKewePHIiFP2wBoN5p0BKWlc0JHq6tAzVuzjdo2+J7USZScZt2H8XJMPEOiboMD+r1VNe4dNY4RETf1rkjoz6RN27jldEzdD4Wl/hAsIOjeow98fXM0ut/hSycioZ1PbQ/u9W/7MbqX3bDxclBu1thyTlxdpTj65nGLfckIiIiIiIyN6lUimXLlmHQoEEYNWoUwsLC0KVLF8hkMu3yv6KiIm1xdqVSCQcHB0gkEkilUtja2kImk8HOzg5btmzBSy+9xGWDOjCApY9mGaG5dyPUaPICJBP17wBYGtWJ9eLG4sXbU+9B9Y06q0kFALf+hmTMDwDUxdxVJetbPUlUZ2GZaGfBshQvzF3WboIluTo7YnhQT2zeE4qTYZE4cT6i0rNzXJ0dse37T9Fp8AdIz8zGuDnf4ND6JXqPj09KEQWB9Ans2Oapx7dt1ad4cdAk7ZLNsqRnZhsUYOvSoQ0mjRqI/j0NK64+J3gEAju2xfe/7Mbvx87pPZezoxz9ewZgTvCIUgOBRERERERElUUikaBz586IiorCjh07kJWVBVtbW+Tl5UEmU4deCgsLIZFIIJPJ4OjoCEdHR1hbW6Nx48b45JNP8MYbb2iztEis0gJYA3uUHvhxdrAHAPTwb46GXm56j6tfpyYAwK95XaR201+Z39fHS/0PtwalLw/0aKb+r9QG6PwOcFfHznsaD28bFsCq27LsY8rTh73zv/WqvDsKHhLUt7p6VPi8a6H//turJdBhIJCaKDhElZoIiY5+TS0tIwtxiSno0qEN2rbwLleAYk7wCMQlqoMxJ8P+DWA18PJAlw7qgI+Lcyk1zQyk6UuTIVQa3xZNsGTG+9gXehYqlbqGU/HAjouzg7Y/YzTwEs5P8X5KPqaPJsA2fVGItg9dyhqfi7MDfFt4w8XJEf17BpTrZ9fVvy26+rdFXOID7As9i/TMLJw4H/nPY23QwMvD6Kw8IiIiIiKiymJjY4O33noLKpUKhYWFSElJQVpaGu7cuYOEhATUrl0btra2qF27Nrp06YK2bduidu3asLJihaeySFQqE22nR5YrKUqbgQUAqOEFyZw/K288RERERERERPTMychQJ+Fcvmz4xnjt2rUDwCLuzwavlkDgKPWuhJ4tIAmaU9kjIiIiIiIiIiIyGDOwiIiIiIiIiIjI7JiBRURERERERERE1RYDWEREREREREREZNEYwCIiIiIiIiIiIovGABYREREREREREVk0BrCIiIiIiIiIiMiiMYBFREREREREREQWjQEsIiIiIiIiIiKyaAxgERERERERERGRRWMAi4iIiIiIiIiILBoDWEREREREREREZNEYwCIiIiIiIiIiIovGABYREREREREREVk0BrCIiIiIiIiIiMiiMYBFREREREREREQWjQEsIiIiIiIiIiKyaAxgERERERERERGRRZPdSUiu7DEQEREREREREVE15+biUO7nyhrX9yzXE5OTk5GUlITMzEwoFIpyD8AUZDIZnJyc4OXlBU9Pw68nOTkZDx48QEZGBgoKCsw4QuPY2NjA2dkZHh4eRl9PSkoK0tPTLep6TMXGxgYuLi5wd3c3al6IiIiIiIiIqPJlZGSU+7kSlUqlMuYJCoUC4eHhAABvb284OTlBJpOVewCmoFAokJmZidu3bwMAWrVqBTs7O73H5+Xl4dq1a1AoFPD09IS9vT2kUmlFDbdMSqUSubm5SE5OhkwmQ9OmTeHi4qL3eM31KJVK1K1bFzY2NhZ1PaaiVCpRUFCAxMRESKXSMueFiIiIiIiIiCyHJoB1+fJlg5/Trl07AOWogRUeHo4aNWqgffv2qFGjRqUHrwB1BpZmTABw7dq1Uo+PiIiAnZ0dfHx84OjoaHHBHqlUCkdHR/j4+EChUCAmJqbU4yMjIyGXy9G0aVOLC8aZklQqhb29PZo2bQqlUlnmvBARERERERFR9WBUACspKQmAOvPKUmmCWJqxlpSUlASVSlVllqD5+PigqKio1OspKiqCh4dHBY+scjVt2rTUeSEiIiIiIiKi6sPoAJYlB680vL299QY27t+/X2WCVxqenp64f/++zsfu37//zAWvNDw8PPTOCxERERERERFVH0YFsLKysuDk5GSusZiMk5MTsrKydD6WmZkJe3v7Ch7R07G3t0dmZqbOxzIzMyGXyyt4RJZBLpfrnRciIiIiIiIiqj6MCmApFAqLqHlVFplMpndnxMLCwipXI0oqlaKwsFDnY4WFhVXiZ2IOMplM77wQERERERERUfVhdBF3IiIiIiIiIiKiisQAFhERERERERERWTQGsMzk8OHDcHNz0y5ldHNzw+HDhyt5VKa1ZMkSvPTSS5U9DCIiIiIiIiKq5swSwDp9+jQkEgnOnDmj8/Hdu3fDysoKsbGx5ji9yeTl5cHNzU3v15AhQ/Q+t2Rdqj///BOdOnUCAMTHx2Pnzp1mHbs+oaGhgmvw8vKCn58fJk2ahKioKKP6sra2Nqqe2KlTp3DhwgVjh0xEREREREREzzizBLA6d+4MX19frF27VufjISEh6NOnNYbOeQAAIABJREFUD5o0aWJUv/oKs5vbihUrcOfOHdHXhg0bDO7Dz88Pzs7OAICDBw9i9+7d5hpuqTQBp7CwMCQkJODixYv45ptvkJiYiB49euD3338327lDQkJw6dIls/VPRERERERERNWT2ZYQBgcH49dff8WTJ08E7fHx8Th8+DCCg4MBAP/73//QqlUr2Nvbo2nTppg9ezby8/MBqLOWZDIZdu7cCTc3N6xcudJcwy2Vk5MTXF1dRV8ODg7aY/bu3YsXX3wR9evXR1BQEOLj4wV9uLi44NChQ/j666/x+eef4/Dhw2jcuDHi4uIq+nIAAHK5HI6OjqhXrx569+6N0NBQvPPOO/jwww+RkZEBAFAqlVi4cCFat26NBg0aIDAwENu2bdPbZ3h4OIKCglC/fn20atUKY8eOxf379wEAgwYNwoEDBzB//nxtJtqjR48wbtw4NGnSBE2aNMGAAQMY4CIiIiIiIiIiEbMFsIYPHw47Ozts3LhR0P7TTz+hQYMG6Nu3L86cOYN3330XS5cuRWZmJg4cOIDdu3fj888/BwDY2tpCqVRi+/btuHTpEiZMmGCu4ZZKpVKhqKhI9KVSqQCog3LvvfceJkyYgNTUVCxbtkxn9plMJsPnn3+OYcOG4T//+Q/S0tLQuHHjir4cAP9ek1KpRGFhITIyMjBr1iykp6cjNDQUAPDdd99h3759OHz4MNLT07FixQpMnTpV+3hxmZmZGDJkCHr37o1Hjx7h6tWrkEgkePvttwEAR44cQYMGDbBo0SJcu3YNADBhwgQUFBTgxo0bSE5ORv/+/TFo0CA8evSo4iaCiIiIiIiIiCye2QJYcrkcb7/9tiCQo1QqsW7dOkyYMAFWVlb49ttvMXToUPTt2xcymQzNmjXDzJkz8dNPP6kHZ6Ue3jvvvIOGDRsKMp4q0sSJE+Hl5SX6Onr0KAB19pWbmxvGjh2L7OxstGjRAiNGjNDZV25urjb49eTJExQVFVXkpZTKyckJHh4e2uyxkJAQzJo1Cw0aNEB6ejoCAgLw5ptvYtOmTaLnbt++HU5OTpg2bRpyc3NhZWWFxYsX48KFC7h+/ToyMzMBAAUFBUhPT0dMTAyOHTuGZcuWwdraGjk5Ofjggw9Qq1Yt7Nq1q0Kvm4iIiIiIiIgsm6zsQ8pv4sSJ+O6773Dy5EkEBgZi3759ePToEd555x0AwI0bNxAeHo7169eLnpuWlqb9t4+PjzmHWaYFCxagf//+onZXV1cAQHJyMho1aoSCggIA6kCdt7d3hY7RFFQqFfLy8iCXy5GRkYGUlBSMGTMGY8aMERzn6+sreu7t27dx9+5dyOVy0WPx8fF47rnnRMcDQLNmzUTH37t372kug4iIiIiIiIiqGbMGsJo1a4ZevXph7dq1CAwMREhICIYOHYpatWoBUGdYffzxx1i+fHmp/dja2ppzmGWqWbMm6tSpI2rXZE8VFBRolxNqaIJZVUlsbCzS0tLQokULSCQSAOrsspLBO6VSifT0dEGbVCqFn58fLl68KOo3MzMThYWFouMBICMjA05OToLH8vLykJOT89TXQ0RERERERETVg9mWEGoEBwdjx44duHnzpqB4O6DOrLp8+bLg+MePH4uCI5VNXw0sjXr16iE+Pl4QxIqOjq6MoT6VxYsXo379+ujatSucnZ3h7u6Oc+fOITU1VfsVGRmps0ZV06ZNERMTg4SEBO2xKSkpiIyMFAWvAGh3oDx+/Lig/0uXLjF4RUREREREREQCZg9g9evXD+7u7hg9ejT8/Pzg7++vfezDDz/EX3/9hZCQEOTn5+PevXsYPHiwIMhlCR4/foz4+HidXwDw6quvIiUlBWvXrkVWVhbOnDmDnTt36u3P3t4ecXFxePLkCfLy8irqMgRSUlKQlJSEuLg4/Pnnn3jzzTdx+PBhbNiwASqVCiqVCh9++CHWrl2LM2fOQKlU4tKlS3j55ZexdetWUX9DhgyBra0tZs+ejfT0dGRmZuKzzz5Dv379tAEsuVyO2NhYpKamwsfHB71798Znn32GuLg4KBQK/PrrrwgICEBMTExFTwcRERERERERWTCzB7CkUinGjx+PM2fOYOLEiYLHOnfujF9++QXffvstXFxc0L59ezRv3hw//vijuYdllJkzZ6Jdu3Y6vxQKBVq2bIkNGzbgv//9L5o3b46lS5di3rx5AKAz++itt95CcnIyOnTogMjIyIq+HABAjx490KZNG3To0AEffPAB3N3dceHCBbRv3157zIcffohx48Zh3LhxqF+/PsaOHYuPP/4Y7733nqg/Ozs7HDx4EPHx8WjdujXatm2Lu3fv4vDhw7C2tgYAjBs3Dps3b0ZgYCAKCgqwbt06NG/eHN27d0fjxo0REhKCXbt2oUWLFhU2D0RERERERERk+SSqksWbSnH06FH06tXLnOMxGX1jPXr0KPz8/Azup2bNmqU+npqaCgCwsbGBXC6HlZUVFAoF8vLy4OjoqH28Zs2a2lpQMplMW/cpMzMTCoWizHFcunTJJNdjbW0tqjlVVFQEhUKBnJwc0a6I9vb2sLW1hZWVFYqKipCXl6fNGrO3t4eNjY12yadUKoWDgwNkMhlUKhUUCgWys7O1fdrZ2UEul2t3YJRIJHBwcIC1tTUkEgmUSiVycnJ0Bv2MnRciIiIiIiIisiwZGRkAIConVZp27doBMHMR9+pAE4AqS0FBgahwe/HnFv+3QqHAkydPTDNAIxUWFhp8TQCQm5uL3Nxcgx5TKpXam1GX4sEvQF1bLCsry+CxEBEREREREdGzyexLCImIiIiIiIiIiJ4GA1hERERERERERGTRGMAiIiIiIiIiIiKLxgAWERERERERERFZtDKLuB89elT7b09PT7MOxpQ8PT0FY68Oqtv1mArnhYiIiIiIiMgy9OrVyyz9SlQqlcosPRMREREREREREf0jIyMDAHD58mWDn9OuXTsAXEJIREREREREREQWjgEsIiIiIiIiIiKyaAxgERERERERERGRRWMAi4iIiIiIiIiILBoDWEREREREREREZNEYwCIiIiIiIiIiIovGABYREREREREREVk0BrCIiIiIiIiIiMiiMYBFREREREREREQWTVbWAdnZ2RUxDiIiIiIiIiIiquIcHBzM0i8zsIiIiIiIiIiIyKIxgEVERERERERERBaNASwiIiIiIiIiIrJoDGAREREREREREZFFYwCLiIiIiIiIiIgsGgNYRERERERERERk0RjAIiIiIiIiIiIii8YAFhERERERERERWTQGsIiIiIiIiIiIyKIxgEVERERERERERBaNASwiIiIiIiIiIrJoDGAREREREREREZFFYwCLiIiIiIiIiIgsGgNYRERERERERERk0RjAIiIiIiIiIiIii8YAFhERERERERERWTRZZQ+AiIiIiIiIiExv4Ya/8MPOv9G2aR0AQMM6rmhYpwYAoItvQ3Rp27Ayh0dkFAawiIiIiIiIiKqpjOx8nAqPAwDtfzWcHWzRv0sLdPFthH6dmsPF0a4yhkhkEAawiIiIiIiIiJ5BGdn52Hw4HJsPh2MC1FlZw/s8j+Ev+1b20IhEWAOLiIiIiIiIiHAqPA4Tvt6DvlM34GT43coeDpEAA1hEJRw5cgSjR4/GoEGDsGDBAqSlpVX2kIiIiIiIiCrMqfA4/GfqRvSdugERt+5X9nCIAAASlUqlKu2A7OzsihoLUaULDw/H9OnTBW0vvPACvvjii0oaERERERERUfmlZ+UhIlYdhIp/kI645CeIf5COfaeikZmTb1AfEwe9gMUT+5hzmFSNODg46H0sIyMDAHD58mWD+2vXrh0A1sB6ZuTk5OC1114TtL333nsYMmRIJY3IMp04cULUFhYWhoKCAtjY2FTCiIiIiIiIiMrPxdEOgb6NRO0/Tg/CyfC72H8qGvvP3EDCg3S9ffyw82+cDL+LA8vfZqF3qjSVFsAaPXo0kpOTTdrnG2+8gXfffdekfRJZWVlBKpVW9jAqzezZs3Hx4sUyj5s/fz5efPFFk547Ly8PZ8+exaVLl3Dr1i08fPgQOTk5kMlkcHR0RMOGDdGqVSv06tULderUMbr/goICnD59GqdPn8atW7eQmpqKoqIiODs7w9vbG/7+/ujevTucnJwqdcxVYR5MdZ+Y+1pLUqlUmD17Ni5duiRoX7BgATp06PDU/QPm+R2qKveuRlZWFsLCwnDx4kXcunUL6enpyMjIgJ2dHVxcXODu7o527drhhRdeQKNG4j+wzTneGTNm4MqVK0ZdT0njx48XfUhkqKe9B6viaw4REVmOQN9GCPRthCXBr+Bk+F0s3PAXTkfE6zw2MvYBOo8PwZZ5b6BtU77+U8VjBlYliYqKwoULFwRtQ4cOZZZPJevatSv2798vaAsMDHymA1iVIScnB7/++iv27NmDnJwc0eNKpRL5+fl4/PgxLl26hE2bNqFPnz4YO3YsHB0dDTrHqVOnsHbtWqSkpIgee/z4MR4/foywsDCsX78ew4YNw+DBgyGRSCp0zFVxHsqrIq5Vl23btokCB4MHDzZZ8MocqsK9q1FYWIjdu3dj27ZtyMzMFD2elZWFrKwsJCYm4vLly/jvf/+LgIAAjBkzBg0bNqzw8VaG8t6DVfU1h4iILFegbyMc/GY0Nv8RjoUb/tKZkRV/Pw19p27Aj9MHol/n5pUwSnqWMYBVSaKjo7Fp0yZB28CBAxnAqmS+vr745JNPsHnzZmRmZsLf3x8TJ06s7GE9U27evIkvv/wSDx48MPg5KpUKhw4dQlRUFL7++mu4urqWevy6deuwdetWg/rOzs7GTz/9hMjISMyZM0fn76g5xlwV56G8KuJadbl+/To2btwoaPPx8cGYMWOM7quiVIV7VyM/Px/z5883KPusuLNnzyI8PBzz5s2Dr69wC+/KulfMpbz3YFV9zSEioqph+Mu+GP6yL1bv+Buz1hwWPZ6RnY9hn2/DmulBGP6yr44eiMyj0nYhdHJygrOzs94vXX9oOzo6lvocOzuuxaWn17t3b6xfvx47duzAjBkzjFqCUx05ODiIftfs7e3Ncq6YmBhMmzat1DdQDg4OejPi4uLisGjRolLPsXXrVr0BAKlUqjcwc+7cOSxevLhCxlwV56G890lFXKsumZmZWLRoEZRKpbbN3t4eM2fOhLW1tdH9lcZUv0NV4d4tbunSpaUGr+zt7fVmhuXk5GDu3LmIi4sz+3jL+tui+JdcLhc939bWVhRoM0R578Gq+ppDRERVT/DgF3Dqx/fhJLfV+fiEr/dg/+kbFTwqepZVWgbWqlWrSn38l19+EWUoLV++3ODaGERkGnPmzBG1HTx4ECtXrjT5uVJTU0VvaF1cXBAUFITOnTujbt26sLa2hlKpxJ07d7B3714cPiz8VOjKlSsICwtDx44dRf1HRUVhw4YNovaXXnoJQ4YMQZMmTWBlZYXk5GQcPHgQ27dvF7y5PH36NPbt24f+/fubdcxVcR7Ke5+Y+1r1WbFihWgJXnBwMOrVq2dwH4Yyxe9QVbl3NaKjo3Hy5EnReHv16oW+ffvC29sb9vb2UCqVePToEU6cOIFdu3bh8ePH2mMLCgqwceNGfPrpp2Ydr6b/siiVSsycORMRERGC9qlTp8Lb29ugPoor7z1YFV9ziIio6mrbtA6ub5mMVz/egKu3xR90jP96Nw4sf5s1sahCSOfNmzevtAMKCwsraiwCERERoj8S+/fvX23S06Ojo0U1sN544w3Y2uqObj+twsJCbNu2TdDm5+eHVq1ameV8VL3dunUL586dE7R17979qd/816tXDwEBAbh8+TIyMjLQoUMHLF68GP7+/nB1ddV++m9lZYWaNWsiICAACoUCV69eFfRjY2ODgIAAUf9fffUVHj58KGgbM2YMJkyYADc3N+0bOCcnJ7Rr1w4tWrTAX3/9BZVKpT0+KioKffv21Wa7mGPMVXEedDHkPjH3teqyd+9e7NixQ9DWo0cPjBo1yqDnm4Kxv0NV5d7V2L9/v+i4sWPHYuzYsXB3d9dmGFlZWcHR0RGtWrVCjx49cOzYMeTm5mqfc//+fQwdOhRWVlaVcq8Ut2bNGtFOtW+99RYGDhxodF9Pcw9WxdccIiKq2uxsZHi9e2s8SM1CZKwwiJVfqMTRC7EY/rIv7GxYoYjUSnuPkJ+fD0D9d56hPD09ATwDNbCUSiXOnTuH06dPIyYmBo8ePUJBQQEcHBxQt25d+Pr6onv37gZndimVSpw/fx5nz57FzZs38ejRI2RnZ8Pa2hoODg6oV68evL290bFjR/j6+kIm+3eKV6xYgUOHDunt+/XXXxe1rVy5Ei1btjT+wk3E1PNXXFRUFE6ePInr168jMTER2dnZkMlkcHNzQ9OmTdGlSxd07txZMIfm7jMnJ0e0k9R7772HIUOGlHnuiIgInDx5ElFRUUhOTkZOTg7s7OxQq1Yt+Pj4oFOnTggICCizILyuMSxfvhytW7dGWloajhw5gosXL+LevXtIT0+HTCZDjRo10KpVK3Tv3h1+fn5ljtWSNWzYEN999x1+/fVXDB8+vMxaS2+88QZ+++03QbZJfLx455Tw8HBER0cL2jp27Ig333xTb9/t27fH8OHDBTVqMjMzcfDgQcE9YY4xV8V5KC9zXasut27dQkhIiKDN09MTH3zwgfEDryBV7d4FIMoskkgkGDBgQKl916hRA927dxcEdgoKCpCWlgY3Nzezjrcshw4dwt69ewVtAQEBePvtt43uyxT3YFV6zSEiourBxdEOP04PAgBs+SNc8JimsPvpteMqY2j0DKnWAayoqCgsW7YM9+7dEz2WkZGBjIwMREVFYevWrejRowcmTZoEBwcHvf2Fh4fju+++09mfUqlEXl4eHj9+jPDwcOzatQsuLi546623yr21dmUz9fxp3LlzB6tXr0ZkZKToMaVSiaSkJCQlJeHEiRPw8PDA5MmT0b59+wrv01AxMTH4/vvvceOGeP13Tk4O4uPjER8fj9DQUHh4eOD9999Hly5djD7Pjh07sGnTJtHOUAUFBcjJyUFiYiL++OMP+Pn5YcaMGVU6W9HBwcHgQtoODg6oUaMGHj16pG3Lzs4WHXfkyBFRmyFvPgcNGoSdO3ciKytL0FfJwI05xlwV56G8zHGtJeXk5GDhwoWCzGKpVIpZs2bprG1kKarivVveHel01cQqWYewIu6V4qKiokRlDxo2bIjp06cbvSOnKe/BqvKaQ0RE1cuSiX0Qceu+aDlhZOwDzFh9CEuCX6mkkdGzoNKKuJvb7t27MXXqVJ3BF12OHTuG4OBg3L17V+fjJ0+exKxZswzuDwDS09MRExNj8PGWxNTzp3H06FFMmjRJZ6BJlwcPHmDOnDnYv39/hfZpqIMHD2LKlCk6g1f6zv3ll19i9erVKCoqMvg869atQ0hIiM5tzUu6dOkSPvroI51b1ldXxd+gA9AZvCu5Tb2Xlxd8fHzK7Nve3h7+/v6Ctri4OMGbtvIwZMzm6NPS5qG8yjN/q1atQmJioqBt9OjRaN7csreAtrSfmSFz36RJE8H3KpUKe/bsKbXfJ0+e4NixY4K2Bg0aPPWOl0/zu/b48WN88cUXUCgU2jYnJyfMmzevXEHPyrwHK+s1h4iIqhcXRzsc/OZtnYXd1+w6j/gH6ZUwKnpWVMsA1p9//ok1a9YI0to1pFKp3j86k5OTMW/ePNEfZGlpafjmm2909gcAcrlc745BxZd42Nvbl7pjoq6dGctabmYOpp4/jRMnTmDp0qWCNwLF6duVS6VSYfXq1QgPDxc9Zo4+DRUaGoqVK1eWel/o+3R+7969WLNmjcHnKllnBFBfm777IykpCd99953B/VdlUVFRyMvLE7TVrVtX8H1KSoqgODQAtG3b1uBztGnTRtR2/fp1I0YpZMiYzdGnpc1DeZVn/g4fPiwKjvj5+Zksg8xcLO1nZujcd+3aVZQ59fPPP2PJkiW4evWqts6VUqlESkoKtm/fjuDgYKSmpgqeExQUVO6xGjNeXQoKCvDFF18IxiSVSjF37lx4eXkZPZbKvAcr6zWHiIiqJ00QS5fxX++u4NHQs6TaLSG8d+8evv32W0GbTCZDUFAQ+vTpgwYNGkAikSA3NxcRERH49ddfBcGB5ORkrFy5EnPnztW2/fnnn6LMl44dO2LIkCFo2bKl9tPhzMxMxMbG4syZMzh27Bh8fX3RsGFD7XPGjx+P8ePHAwB27dqFH3/8UdDnunXrRH/wVzRzzB+gzjxasWKF6HwNGzbE8OHD0b59ezg6OqKwsBDR0dHYvn27oMBxUVER1q9fL+jDHH0aKjk5WWeAqFmzZhg2bBjatWsHOzs7KJVKXL9+HTt27MDZs2cFx+7duxd+fn5GFbx1d3fHyJEjERAQACcnJ6hUKsTGxmLLli04ffq04NgTJ05g5MiRaNCggdHXV5WUrEsDAJ06dRJ8XzLjAYBRBed1zWFSUpLBzy/JkDGbo09Lm4fyMnb+4uLisHr1akGbi4sLpk2bJggyJyQkoKCgQHBMrVq1TDDi8rO0n5mhc29vb4/Zs2dj7ty5giD/sWPHtEEce3t75OXlCQrNF9e1a1f85z//KfdYjRmvLt99952o9tiLL76IOnWM32Wpsu/BynrNISKi6qtt0zpYNKEPZq0R7kp7KjwOJ8PvItDX+BrJRGWpdgGs9evXC3YwcnBwwIIFC0SF0O3t7fHCCy/A398fa9asESxtOHnyJG7evKldonH79m3Bc+vWrYv58+eLsl+cnJzw/PPP4/nnn8fo0aMNWu5lacwxfwCwceNG0XwEBgZi+vTpguUh1tbWaNOmDdq0aYP//e9/WL9+PSQSCV555RWMHj1a8Hxz9GmojRs3ij557t27Nz766CPBfSGVSrXn/u233/Dzzz8LnvPzzz/D39/foEy7Bg0aYOnSpYIlGhKJBE2bNsVnn32Gr7/+GqGhoYLnnD59uloHsE6fPi3KaHB3dxcVsi+Z1QGoC0YbysXFRdRWMivGUIaO2Rx9WtI8lJex81dQUICFCxdqdzvRmDZtGmrWrCloW7hwoeD1vn///pg0aZKJRl4+lvQzM3bu/fz8sGzZMixatEhU1B2A4P81Jb399tsYOnSo0TWmnma8xSmVSp21x06fPo3Tp0+jfv366NOnD4KCgspc4ljZ92BlvuYQEVH1Fjz4Bfyw8xwSSiwbXLTxOAKXM4BFpletlhCmpaWJslDGjRtX6i5+EokE48ePR7NmzQTtxQMBJZenlbZ0S0Mul1f6J/fGMtf8ZWZm4s8//xQ8rimAW9of/m+99RZGjBiB77//HlOmTBEEbszRp6EyMjJw/PhxQZu3tzemTJlS6n0xZMgQ9OjRQ9B27949XLlyxaDzTps2rdTxjh07VnT+qKgog/quim7cuIGlS5eK2sePHy+aB11vlHUt49VH17LZkgFMQxgzZnP0aSnzUF7lmb8ff/xRVJtv0KBB6Nixo1nGaGqW8jMrz9wXFhbi4sWLOoNwZbl06ZLO7DNDmeN3rbiEhAT8/PPPmDhxYpnjrMx7sLJfc4iIqPqb/XY3Udup8Dhs/qP8pVqI9KlWAawrV64ICmPL5XL06tWrzOdZWVmhb9++grbitZFKLte4desWVq9ebVRB96rAXPN3+fJlUZ2oN99806DCvCNHjkTTpk1F7ebo01C6zj106FDIZGUnNI4aNUrU9vfff5f5vGbNmomChCXVqFFDVNi5sgpsm1tMTAzmzJkjenMfFBSEzp07V8gYjM0MMceYq+I8lFd5rvX48eP4/fffBW1NmzbFO++8Y7ZxVgUVce8qlUp89dVX2LRpk94ahaWJjIzE5MmTcfPmTaOfW5G/FwkJCZg+fTrS0tJ0Pl6Z92B1fc0hIiLLMvxlX3RuK17xsenQ5UoYDVV31WoJ4Z07dwTf5+TkiAIrhipeI6R79+7YsmWL4I/wvXv3Yu/evXB3d0fz5s3RpEkTeHt7w8fHR7QkwFSUSqWgKLw+tWvXxg8//GB0/+aav5JLMAE89SfP5ujTUCXnCQDat29v0HM9PT1Rr149QfBTV38llZYFV5yHh4egZouugvrmvo/Mfa7o6GjMmTNHdG1dunTBuHHjdD5HVzF/Y7JQdC0HtrUV77yiT3nGbI4+K3seyqs815qcnCyq52dvb49Zs2bp3XTDUBX5O1TZP7Py3rvr1q0T1BwE1Euqe/fujW7duqFx48ZwcnJCfn4+Hjx4gCtXrmDnzp2CpYY5OTmYM2cOQkJCDM6WNdXvmpWVFb766isA6nqJ2dnZSEhIwOnTpxEXFyc49tGjR/j555/xySefCNrNeQ+WxVJec4iISC09Kw/p2flo4CFe2l8dzH67G/4zdaOg7XREPNKz8uDiaHjmOFFZqlUAKyMjw2R95eXlQalUQiqVwsvLC1OnTsXy5ctFnySnpKQgJSUFJ0+e1LY1aNAAPXv2RL9+/eDo6GiyMQGGXaMxy0uM7dtQxecvPV24Jloulz91sXpz9FlR53Z3dxcEsEr2p4uhNW9KvtnVl/lgzvvInOeKiorC7NmzRW/KAwICMGvWLL3LV3TN35MnTww6J6D7Z2RooLq8YzZHn5U5D+VVnmtVKBRYuHAhsrOzBe3BwcFGFUAvTUX9DlXFe/fJkyfYuXOnoM3Ozg4LFixA69atBe1yuRyNGzdG48aN8eqrr+LLL7/EhQsXBOPfuXOnQRlLpvxdk0gkOj8UGTVqFPbs2SPaRTY0NBRjx47V1hyriHtQH0t6zSEiIrX9Z25gwtd70KaJByYOfhH9OjWvVoGdQN9GqO/hIqqFtf/MDQx/2beSRkXVUbUKYJlyKYuVlRWsrP5dYdmjRw/Uq1cPGzZsEPxxrUt8fDzWrVuH33//HfPnz4e3t7fJxmVO5po/cywxqqhlS5ZybkOWJ1Z3V69exaeffqqzcP/MmTN02JapAAAgAElEQVRLnSNdbxiNWQIcHx8vavPy8irzeU8zZnP0WVnzUF7lvdb169cjJiZG1B4SEoKQkBC95yuZWXL48GFRvbuNGzcatFTZVKrivRsWFiZaZv3GG2+Iglcl2dnZYcaMGRg+fLhgJ74zZ86UGcAyx++aLhKJBAMHDsStW7cERd6LiooQGRmJLl26ADD/PagrMw+wvNccIiJSO3lFXQsxMvYBJny9BxMArJkeVK2CO/06NceaXecFbSev3K1W10iVr1r91VFytyUbGxvs2LHDZG82mjVrhgULFiAtLQ3h4eG4efMm7t69izt37uisNZSSkoJZs2bh//7v/0yeiWUO5pq/kv3m5OQgMzPzqTKmzNFnRZ275G5c5Skk/6yJiIjAZ599Jqq70r17d0ybNq3MT//d3d1Rs2ZNQTHpiIgIg88fGRkpanvuuefMOmZz9FkZ81BeT3OtusYJGJ9lWlBQIAikAIBKpTKqj6dVFe9dXUXNO3ToYMBoAWdnZ7Ro0UJwjYmJiVCpVHo/PDDH71pZOnXqJNqlsPjujpVxD1riaw4REamdiogTtVW35YT9urQQBbD2n44GEFQ5A6JqqVoFsBo1Em7VWVBQgPPnz2s/ETUVV1dXvPTSS3jppZe0bWlpaYiIiMCBAwdw+fJlQfvx48fxn//856nPK5VKcfjw4afuRx9zzV/jxo1FbRcuXED37t0tqk9DlZwnALh48SK6dRPvwFFScnKyKHuiojP0zH0fmfpc4eHh+Oyzz0R1f3r37o2PP/5YkClZGj8/Pxw9elT7fVJSEm7dulVmQf+8vDycPy/8n3GDBg1Qu3Zts4/ZHH1W5DyUlznmz5Qq8ncIqHr3bsnsK8C4zNWSx6pUKr0BrMq6V3TVESu+CUpFs+TXHCKiZ138g3TE3xdv9hHoK35PUR4/7j6PH3b8jcSHGajn7oxJr7+IsQP+XQa/869r+PSno8jIzsfwl32xeGIfk5y3pEDfRnCS2yIzJ1/blpGdj5Phd012rUTV6q8PPz8/0aeBGzduFH16qY+u7coN5erqiq5du2LhwoVwd3cXPFZy+2wAOj+1rMjt6HUx1/z5+fmJlhhs3boVhYWFZfZ57Ngxnbs7maNPQ+map23bthm009bGjRtFbf7+/uUeS3V36dIlzJ07V/S70bdvX0ydOtWoN1C9e/cWtW3YsKHM5+3YsUO0rOfll1/We7wpx2yOPitqHsrLHPNX1VW1e7dWrVqituI705YmJydHtPSuZs2aOs9tqvHm5uYiNjbWoGM1rl+/Lmrz8PAwqg9TsfTXHCKiZ92+U9GiNl279pXHttBITP/+EIb0aI09S0bgta7PYep3B7Hzr2sAgKycfExYuhchMwbi4rpghF68/U9WFJD0KAODZ28xyTg0+ndpIWrTLJ8kMoVqlYHl5OSEbt26ITQ0VNsWFxeHhQsXYubMmXoL6qpUKmzduhV//vknVq5cCblcLjpmy5YtaNOmDdq0aVPqGFQqlegPPl3BKl1LCm/cuGGWbAZDmWv+HB0d0b17d8Fyi7t372LZsmX45JNP9O7GdOjQIaxYsQIODg4YMWIEBgwYoA1amaNPQ+map9u3b2PlypX46KOP9C6p2L59O44dOyZoq1+/Pp5//nmjzv+suHDhAubPny8KoA4YMAATJ040uhbZ888/j2bNmgneHJ8/fx5bt27Vu6PcpUuXsHnzZkGbk5MTXnnllQoZszn6rIh5KC9TXWvJnd8MFRQUJHj97t+/PyZNmlSuvkypqt27bdu2FbVt3boVHTp00Jk9q6FUKrFixQrRhyG+vuLaGaYc786dO7FlyxYMGzYMAwcOhIODQ6nH3759W1SkXiqVCmp8VdQ9WBVec4iInnXpWeIP+U2VkfTTnjC87N8Un45Rr0Lp4tsQUXEPEbInDIO6tcK9hxmQ21mjc9uGAICAVvURHfcI/ToDc9cegf9zpt1YpLotiyTLU+0+Qhs1apQo0HL27FmMHz8eBw4cENSoyMzMxPHjxzF58mSsX78ecXFxWLZsmai+REJCAjZu3IhPPvkEEydOxLZt23D16lVBQVOFQoFr167h888/F9W40PUHe8OGDUVtP//8M6Kjo6FSqVBQUIBTp04Z/Km1qZhj/jT9lgxs/fXXX/jwww9x4sQJ7VwqFApERUVh8eLFWLFiBQAgOzsba9euxaeffmr2Pg2la56OHDmCjz76CGfPnkV+vjp1VqlU4urVq5g3bx5++uknUT/vvfceP8nW4fz585g3b57oDdTrr7+O4ODgcr+BGj9+vGi+161bh4ULF+LWrVvaJUD379/HunXrMHfuXNFyqFGjRumsd2aOMVfFeSgvc11rdVGV7l1vb2+0atVK0JaVlYXJkydj3bp1uH37tmBsT548QWhoKIKDg3HixAlRfwMGDDDbeNPS0rB9+3YoFAps3LgRI0aMwKpVq3Dq1CmkpqZq57WoqAhxcXHYuHEjPvroI1FB827dusHZ2dng85pCVXrNISJ6lp0MF2cgBT7/9AGsoiIVrtxMRtd2wveands2xKWYJKhUKtR3d0FufiFOR8Th4ZNsnLuWgKb1auJ0RBwuRCdh8pBOTz2O4hp6indPjn9Q9o7rRIaqVhlYAFCnTh1MmTIFixcvFrQnJydrPxG1sbGBRCLRBhmKO336NHbs2IHXX39d27ZlyxZtUCY2Nlaw1MDa2hrW1taiP2Y1XFxcdNaQaty4MerUqYP79+8Lxjh58mTY2Nho/3j09/fX+emzuZhj/gB1IeIpU6Zg0aJFggDX7du3sWDBAgDq7dRzc3P1Fqgt+SbGHH0aqk6dOpg8eTKWLFkiaL9x4wbmzZunPXdeXp7euigDBw7Eiy++WK7zV2fnzp3Dl19+qXNJ5h9//IE//vjDoH7q1q2LlStXCtpatWqFkSNHipZfHT9+HMePH4dUKoVUKtW7bLZTp0467xlzjLkqzkN5mfNaq4uqdO8CwAcffIApU6YIsony8/OxdetWbN26FVZWVpDL5TqLlBcXFBSEli1bmm28mzZtEvz/OycnB/v378f+/fsBqOtxOTg4IDc3V2dtL0D9//l3333XoPOaSlV7zSEiItNLy8pFQaEStV2FmcNuLnLk5SuQlVsAJ7ktfvhkAN5fshvpWfkY2rM1+nVugZcm/oQF43rDzta04QBdGVhx95+Y9Bz0bKt2ASxAvTuOQqHAypUrdf4hVtofyx4eHujcubP2+7S0NJ2fCGsUFhbqrbtkY2ODmTNn6lyOYGVlhTFjxmDRokWlju/ChQtITU1FzZo19Y7B1Ew5f8W99NJLUCqV+Oabb3TOmb4gIACMGzcOAQEBFdKnoXr06IH8/HysWrVK5xub0s49YMAAjBs3rtznrs527dqlt56YMTt4ldwtUmPYsGHaN9IlKZVKvW9SX3jhBcyaNUvnY+YYc1Wch/Iy97VWF1Xl3gXUH9LMmzcPX3zxhc7XwqKiIlF9rpJefvll0eukqcdbs2ZNwYdGJalUqlLH6erqigULFsDNzc3gc5tCVXzNISIi0ypUqD8kt5YJy5dIrdTZsvkFCjjJbTGoWysM6vZvZnTInjDUcnHQWa+KyNJV27VLvXv3xvfff6+zFocuEokEvXv3xrfffgtPT09tu6urK1atWoWAgACjtotu1qwZli9fDj8/P73HdOvWDe+++26pKflFRUV6t+M2J1PNX0k9evQwqt/atWtj/vz5GDRoUIX2aahXX30VK1euRLNmzQw63sPDA59++imCg4O5dLASjRkzBp9++qlowwVd5HI53nvvPcyfPx82NjYVMLqKw3moeqrSz6xdu3ZYu3YtAgMDjVp65uXlhdmzZ2Pq1KlG/X+3PIYNG4aQkBD069dPZ23K0nTv3h1r1qwpczdIIiJ6tp2OiBe1VcSufLr+3/s4PQdLfjmBJcHm2YmwbZM6orbI2AdmORc9m6plBpZG48aNsXTpUsTExODkyZO4fv06EhISkJWVBZlMBhcXF3h6esLPzw+dOnVCgwa6d4Pw9vbGvHnzkJaWhrNnzyIqKgo3b95EamoqsrKyIJFIIJfL4eXlBR8fH3Tp0gVt27Y16A/2N954A/7+/ti3bx/Cw8Px8OFDFBYWokaNGmjRogVeffVVdOjQwdRTYxBTzV9JjRo1wtKlSxEdHY0TJ07g2rVrSExMRE5ODqRSKdzc3NC0aVN06tQJgYGBeguym7tPQzVr1gyrVq1CeHi4dp7u37+P3Nxc2NjYwN3dHT4+PggICECnTp3M/oaMDNOlSxf4+/vj1KlTOHPmDGJiYvDkyRMUFRXB2dkZ3t7eeOGFFyqltk1F4jxUPVXpZ+bu7o65c+fi4cOHCAsLw8WLF3Hv3j2kp6cjIyMD9vb2cHFxQc2aNdG2bVu0b98eLVu2rNAAv6enJz744AOMGzcOFy9eRFRUFP6fvfuP93uu/z9+3zlnm/08m5kNmc2PxNgsv7LZUAsxMoSQCEn6qR9KCSFK8pFISCmTn6EQQsNM6cfa5Ffm14y2ZuyHsR/OOd8/9rHv5zhnM5xz3s+dXa+Xyy6Xzuv1er9ej9epcy6d2+X147HHHst///vfzJ8/P6+++mo6duyYXr16Zf3118+WW26ZnXfeOf37N/0/6QDQVjr975VXCxc3vgtl8ZKlV2R37tj0b47Tfzk+B47eMuuvXZvDvntt/vjXJ7P+2rU578t7Zoct3v2bEWu7N33p17wFTR87A+9Uh4blPRzofy1YsKCtZgEAAIB2o+fo7zZZNu/O77zr/dbXN6TfmDNz4id3ypcP/P+PcDl73H055zcTMuPmxo8PmDJ1Rvb/1m/yt8uOzc9u/Gse+Ne0/PLb++Wm+x7L2ePuy5Rff/5dzzT3lYVZf58fNFneEufLqmVFb3V+49EEkyZNWun9DRs2LEk7voUQAAAAKmmLDfs1WdbcmwnfrqqqDtnmfevl7r891Wj5PZOeztabrtdk+6/95LacdMQu6dltjUydPju7bL1RenZbI3sOf2+e+c/LWfJ688/SfDumPDmjybIRQ979lV3wBgELAAAAWkFt986ttu9j9tk290x6OiddfGcmTH42p1x6V+795zM5Zp9tG203beac9OzWOYfutvTt9hu/p0/+9PcnM2/Bwvzhz09kg/69mjwMHkrUrp+BBQAAACWZ+0rLPBdqn1Gb59wv7pHzrnkgF1z/56zfrzbnfnGP7D1ys0bbDejXK9ee8fFlXx87drs89OTMvPfAc7P+2rW5+Bv7tMg802bObZH9wPIIWAAAANAKNujfu8mbCKdM/U/GjNi0RfZ/5F7b5Mi93t5Lv7p37ZxffWf/Fjn+//Xsf15usmyD/r1b/DisvtxCCAAAAK1gy42avrW2vV6pNGVq02dgNXf+8E4JWAAAANAKRg7doMmym+9/rAKTtL4JU55tsqy584d3SsACAACAVjBk46ZXIM1bsKhF3kRYkvsmP5N5Cxo/26tH187Nnj+8UwIWAAAAtJIRQwY0WXbzhPZ1FVZz5zNk434VmIT2TMACAACAVjJy6MAmy2554N8VmKT1NHc+zZ03vBsCFgAAALSSQ3cf1mTZtBlz2s1thPdNfibTZsxpsry584Z3Q8ACAACAVjKgX2322OG9TZaf+at7KjBNy2vuPPbY4b0Z0K+2AtPQnglYAAAA0IqO2/8DTZZNmPxsxt0xuQLTtJxxd0zOhMlN3z7Y3PnCuyVgAQAAQCsaOXRg1m/miqRV/Sqs5uZfv1+t51/RKgQsAAAAaGUnfnLnJsumzZiTC67/SwWmefcuuP4vzT77qrnzhJYgYAEAAEArO2TXodliw35Nlp/5q/GZMnVGBSZ656ZMnZFv/vT2Jsu32LBfDtl1aAUmYnUgYAEAAEAbuOjrH22ybN6CRdnjK5dn7isLKzDR2zdt5tzs8ZXLm13X3PlBSxGwAAAAoA0M2bh/vvGJUU2WryoRa+4rC/Px71yVeQsWNVn3jU+MypCN+1dgKlYXAhYAAAC0keP2+0CztxI+9OTMfKOZ2/JK8o2f3p6HnpzZZPkWG/bLcft58yCtS8ACAACANlLbfY1c9PWPpkfXzk3Wjbt9co49+6birsSa+8rCHHv2TRl3++Qm63p07ZyLvv7R1HZfowKTsToRsAAAAKANDdm4f352wj7Nrht3++Sibid845lXzcWrJPnZCfu4dZA2IWABAABAGxszYtP8dDkPPX/oyZkZ8ZmLK/52wilTZ2T4py9q9rbBJPnp1z+aMSM2beOpWF0JWAAAAFABh+w6dLkRa9qMOdnjK5fnrF/f28ZTLXXhb/+SHT9zcbMPbE+WxqtDdh3axlOxOuvQ0NDQsKINFixY0FazAAAAwGpn3B2T8/Wf3Jb5rzYfiwb075Wffm3vjBw6sE1mOfNX92TajDnNru/RtXN+dsI+rrxiubp167bcdfPmzUuSTJo0aaX3N2zYsCQCFgAAAFTclKkz8pHjL19uxEqSHYdukOP2+0D2HN7y8ei+yc/kzF/dkwmTn13uNuv3q81vTj3QM69YIQELAAAA2rG5ryzMR46/PP96qvlnTr1hQP9eGTN80xy869B3FZMmTHk2N094LDdPfHy5V1y9YYsN++UPP/qktw3ylgQsAAAAaOfmvrIw37t8fH56w4Mrtf2A/r0yoF9tRm01KOv3q82WG/ZrFLXmvrIwD/1vEHt2xpw8N3Nunp3xcn4/4bHlPt/qzY4du12+f9zub/9kWC0JWBV0wgW3ZdwdUzL9pq+36H4/+LmfZ72+PfPrkz/W7PrLbv57evXokn132nyl9/l2P/NOjgEAAEDrmjZzbo75/g25f8q0is0wYsiA/OyEsRnQr7ZiM7Dqaa2A1e7eQnj7X57I1kdcWOkxWsRtf/537nxwaqt+5p0cAwAAgNY1oF9t/vCjw3PlqQdm/TYOSCOGDMgt5xyWP/zocPGKYtRUeoCWdMeDU3P0WTfm19/Zv9KjtIhrTv94q3/mnRwDAACAtjFmxKYZM2LTjLtjcn5/36O59YF/t9qxRgwZkEN3H5ZDdh3aaseAd6rdBKw7Hpyao868Ib/+zv7ZadigVj3WRvufk31GbZanXng59z/0bO654OhsNrBvo20aGhpy/nV/zqW/+1tmvDQ/G6/XJ986fOe39baIN99iuNH+5+RTY7bO3FcW5uq7H0pVhw4Zu9PmOevY3dKpY3Wzn0mSi2/6ay664cFMnzU3G667Zr52yMjst/Pg5W5/3Z8ezjlX3pcnps/Oumv1zFF7b5PP7/+BdOjQ4R1/zwAAAHjnDtl1aA7ZdWjmvrIwN098PFfcNuld317Yo2vn7LXj+zJyq4EZM3xTD2inaO0iYP2xDePVG35+898zdtTmOfWo0VmrV9cm68/69b059+r784Pjds9mG/TNz258MJ849dpMuOjT2XzQ2u/4uOddOzEHf3hoLjtx3/z10efzvcvHZ7OBfXP03ts2v/01E3Pqz+/OiZ/cOcO3HJA//f2pHHH69encsTpjRryvyfa/vu2fOe6Hv8sXDxieH3xu9/zl4ek5+dK7MveVhTnpiF3e8dwAAAC8e7Xd11gWs5LkvsnPZNrMuXn2Py9nytQZmTZzbqO3GPbo2jlDNu6XJNmgf+9ltwSO3GpgRg4d2PYnAO9QuwhYn/3h7zJn/mvZ62u/XunPbPyePvnHL497x8fcc/im+cW391vu+jsenJov7L9DDt/j/UmSLTfqnxvufTR3PDj1XQWs0dtsnP/50p5Jkg9ts1Funfh4Jkx+ttmAtXhJXc4eNyHHjt0uXz14xyTJ8C0H5JFn/ptf3PKPJgGrrq4+p1x6Vw4aPSSnfXp0kmTk0IFZ8npdfnjlhHxmn+3St/fyH8YGAABA2xKhWF20i4B14Vf3zlFn3ZBff+djGbVV2/zwDuzfa4Xr//STIxt93XWNjlmzR5e8PO+1d3XcQes0Pm6/Nbtn1pzm3xT58NMzM2/BwozebuNGy3/+zX2zpK6uyfaPPDMrs+YsyNg3vZFw/10G58xf3ZM/P/xc9tqx6VVbAAAAAK2pXQSsD2+3cS75xtgceuq1ueLktotYKzLr5QX5/hX35va/PJEXXpyfJa83DUat7eX5C5Mka9U2vmpqjc41WaOZ/+pfnLs0hPXv073R8rV7L/36pXcZ3wAAAADeiapKD9BSdt1u41zyjX1y6KnX5t5/PlPpcXLASVdl8tQZuexb+2bqNcfnv7ecmL692vb2u9punZMks+e+ulLbr9lj6bO8XpzTePsZs+cnSfrUdmnB6QAAAABWTrsJWEmy2/ab5OIT9smXz7u1onO8OGdB/v7Y8zl6722y7WbvSe+eS8PPoiVtexXW4EH90r1r59z1tycbLf/OJXfmmO/f2GT7zQf1TZ/arrnpvkcbLf/tPY+kuroqO2wxoFXnBQAAAGhOu7iF8P/a/QObZPcPbFLRGdbs2TX9+/TIj666PzXVVVlSV5+Lb/xr5i1YmNcWLWmzOdboXJMvHTg8Z/3qnvTu2SU7bLF+Jkx+Nj++9oH8/MR9m2zfsaY63z5853z5vFuzVm3XjN524/z1sek5e9x9Of6gEelT2/RtiwAAAACtrd0FrBJUVXXIdWd8PF+/4LYce/bv0qe2a7504PAsfv31PD7txTad5euHjEzXzh1z8U1/zRm/HJ9N1u+TS7+5b/bbeXCz2x+51zbp1LEm510zMedf9+es3682px/z4Xx23+3bdG4AAIBSnXvuubnttttWuM2FF16YjTba6G3v+7TTTsuECROWfV1dXZ3+/ftn++23z6GHHppu3bwZntVTh4aGhoYVbbBgQfNvuAMAAIDV0fPPP5+XX3552dcnnHBCRo0alT333HPZso022ihdurz95wifdtppmTp1ar72ta8lSerq6vLUU09l3Lhx6du3b84///zU1LgWhXKtKLLOmzcvSTJp0qSV3t+wYcOSuAILAAAA3pb11lsv66233rKvO3TokLXWWitbbLFFi+y/c+fOjfY1dOjQrLPOOjn55JPzwAMPZOTIkS1yHFiVCFgAAADQCvbdd9/svffeOfzww5ctO/HEE5Mk3/ve997WvoYOHZpk6dVfSXLggQdm5MiReeGFF/LQQw/lJz/5STbYYIOMHz8+V111VaZPn5611lorY8aMyX777ZcOHTokWXpF1y9/+cvcfvvtWbRoUbbddtuss846ueuuu3LllVeucN/33HNPxo0blxdeeCHrrrtujjrqqGy33XZJlt69ddlll+X+++/PokWLsskmm+TII4/Mpptuuuwc3mo2WJF29RZCAAAAaI9mzpyZJOnRo8eyZbfccku6d++eI488MrW1tbn99ttz5plnZptttskZZ5yR3XffPZdddlkuv/zyZZ+55pprcs0112TXXXfNSSedlHXXXTfXXXddk+O9ed933nlnvve972WHHXbIGWeckc022yynnHJKpk6dmiT58Y9/nAcffDBf+MIXcsopp6Sqqirf/OY3M3v27CRZqdlgRVyBBQAAAIWqq6vLc889l/PPPz9rrLFGPvCBDyxbt8MOOyy7oquuri6XXXZZPvShD+Woo45KsvSqrSVLluSqq67KPvvsk+7du+f666/Phz/84WXbbLPNNpk1a1YmT57c6Lj/d98NDQ257LLLsvPOO+eII45Ikmy55ZZ5+OGHc+ONN+arX/1q/vGPf2S33XbL8OHDkyQDBgzIxRdfnNmzZ6dXr15vOVuvXr1a8btIeyBgAQAAQEGeffbZ7Lbbbo2WbbDBBjn99NPTp0+fZcv69+/f6DNz5szJqFGjGn1u5513zhVXXJGHH344gwYNyvz58xtFsCTp2bNnkxnevO/Zs2dnxx13XLasqqoqgwcPzqOPPpokGTx4cO6444707ds322+/ffr3758TTjghSfLUU0+95WwjRoxYqe8Nqy8BCwAAAArSv3//ZW8hrK6uztprr90oXDVnzpw5SZI111yz0fLevXsnSebPn5+5c+c2Wray3vjc6aef3mTdG3OdcMIJueqqq3LttdfmwgsvzKBBg3LooYdmxx13XKnZ4K0IWAAAANAK3unDyd/8FsKV8cZVVG/Epje89NJLy9a/EZDmzZv3tvbdpUuXJMmXv/zlbLLJJo3W1dTULNvmiCOOyBFHHJFnn3021157bU477bScc845KzUbvBUPcQcAAIBW0Lt377z44ouNlr054rSUgQMHpra2NhMmTGi0/J577kl1dXUGDx6ctdZaK717986DDz7YaJs3rpBa0b67deuW6dOnZ6ONNlr2r7a2NmuttVamT5+e448/Po888kiSpbc7fu5zn0uy9PbBlZkN3oorsAAAAKAVDBs2LHfccUe22GKL9OnTJ3fffXemTp2arbfeusWPVVNTk8MOOyznn39+amtrs8022+Sxxx7Lb37zmxxwwAGpra1Nkuy///655JJL0rNnzwwZMiSTJk3K+PHjV3iLYqdOnfKJT3wiF198caqrq7PtttvmpZdeyiWXXJJRo0blU5/6VObPn59zzz03n/rUp9KzZ8/cddddqa6uzpZbbrnSs8GKCFgAAADQCg477LDMmTMnF198caqqqjJy5Mhsu+22qa+vb5XjjRkzJh07dsy1116b66+/PmuvvXaOPvrojB07dtk2++67b+bPn59bb701N9xwQ7bbbrvsvPPOefzxx1e477Fjx6ZLly65/vrrc+2116Z3794ZPXp0DjnkkFRXV+fMM8/MpZdemnPOOSdLlizJwIEDc+qpp2bQoEErPRusSIeGhoaGFW2wYMGCtpoFAAAAaEWLFy9OTU1Nqqr+/xOFvva1r6Vz587NPqQd3q5u3botd90bz1+bNGnSSu9v2LBhSVyBBQAAAKuNSy+9NNOmTcu+++6brl27ZsKECZkyZUrOPPPMSo8GK+QKLAAAAFhNzJkzJ5dffnkeeOCBvPrqq7Y2H3IAACAASURBVBkwYEAOPvjgDB8+vNKj0U601hVYAhYAAAAALaK1AlbVW2wHAAAAABUlYAEAAABQNAELAAAAgKIJWAAAAAAUTcACAAAAoGgCFgAAAABFE7AAAAAAKJqABQAAAEDRBCwAAAAAiiZgAQAAAFA0AQsAAACAoglYAAAAABRNwAIAAACgaAIWAAAAAEUTsAAAAAAomoAFAAAAQNEELAAAAACKJmABAAAAUDQBCwAAAICi1bzVBt26dWuLOQAAAACgWa7AAgAAAKBoAhYAAAAARROwAAAAACiagAUAAABA0QQsAAAAAIomYAEAAABQNAELAAAAgKIJWAAAAAAUTcACAAAAoGgCFgAAAABFE7AAAAAAKJqABQAAAEDRBCwAAAAAiiZgAQAAAFA0AQsAAACAoglYAAAAABRNwAIAAACgaAIWAAAAAEUTsAAAAAAomoAFAAAAQNEELAAAAACKJmABAAAAUDQBCwAAAICiCVgAAAAAFE3AAgAAAKBoAhYAAAAARROwAAAAAChaTaUHAAAAoHl1dXVpaGholX3X1PhzEFh1+I0FAABQqAULFqS+vr5V9t2zZ89UVbkpB1g1+G0FAAAAQNEELAAAAACKJmABAAAAUDQBCwAAAICiCVgAAAAAFE3AAgAAAKBoAhYAAAAARROwAAAAACiagAUAAABA0QQsAAAAAIpWU+kBAAAAePv6fOTM5pfXds3eO74vpx65S7p16dTGUwG0DgELAABgFfTXn3+m2eUvzlmQH4ybkFMv+1N+cNxubTwVQOvo0NDQ0FDpIQAAAGhq3rx5qa+vf9ufe37WvHzwC7/I47/54nK36dmzZ6qqPFUGaDvz5s1LkkyaNGmlPzNs2LAknoEFAADQ7nTv0imLl9RVegyAFiNgAQAAtCMLF72es359X3YcskGlRwFoMZ6BBQAAsAoauN+Pml2+YOHiDNmof375rbFtPBFA6xGwAAAAVkG3/vDQZpf3qe2afmt2b+NpAFqXgAUAALAK2nzQ2pUeAaDNCFgAAACroO9cctdbbvPdoz/UBpM0tWDBgoocF1g53bp1q/QIb5uABQAAsApauPj1Zpc/Mf2l3PvPZzJo3d4VC1gALU3AAgAAWAX94LjdGn392qIl+dFVE/OPf/8nX/34iHz5wOEVmgyg5QlYAAAAq7g7//pkvn7hHVl/7drc+T+fzCbr96n0SAAtSsACAABYRf3nxfn51sV35v6HpuXUIz+Yg0ZvWemRAFqFgAUAALAK+tlNf8uZv7o3W2+6bq497aD06rFGps2c22ibAf1qKzQdQMsSsAAAAFZBJ170xyTJ+ElPZ/znn252m9l/+GZbjgTQagQsAACAVdDMm0+o9AgAbaaq0gMAAADw9v32nkdSU1213H+/+sM/Kz0iQIsRsAAAAFZBx579+0Zfj/rszxt9/bULbm/LcQBalYAFAADQDjz89H8rPQJAqxGwAAAAACiah7gDAACsop6fNW+FXwO0FwIWAADAKmrIYRes8GuA9kLAAgAAWAXNvPmESo8A0GYELAAAgFXQ/1zzwFtu89WPj2iDSQBan4AFAACwCjrzV/emqqpDdtpqYAat0zuLlryexUvq0lDpwQBagYAFAACwCrrvwiPzmzsfyjV3/yvzX12cQ3YbkrGjNkuPrp0rPRpAi+vQ0NAg0AMAABRo3rx5qa+vX+E2r9fV544Hp+bKO6bk/oemZczwTXPIbkPygcHrr/BzPXv2TFVVVUuOu8yCBQtaZb9Ay+jWrVtFjjtv3tI3pU6aNGmlPzNs2LAkrsACAABYpdVUV2WPHd6bPXZ4b2bNWZAr/zglH/v21Vl3rZ75yyWfrvR4AC1CwAIAAGgHnnhudn7zxym5+u6Hs9kGfXPwrkMqPRJAixGwAAAAVlHzX12UG+99LL+5c0qefP6lHPDBLXL9GQfmfRv0rfRoAC1KwAIAAFgFHXfOzbll4r+z9abr5hO7b5Vdhg1MfUNDGhqS52ctfc7Men17VnhKgJYhYAEAAKyCrrrzoSTJ+ElPZ/ykp5vdZvYfvtmWIwG0GgELAABgFTTz5hMqPQJAmxGwAAAAVkE11VWVHgGgzfiNBwAAAEDRBCwAAAAAiiZgAQAAAFA0z8ACAABoJxYuej2dOlanqqpDpUehhSxc9Hp+dNWEXHP3vzL9v3PTp7Zr9t7xffn24buktvsalR5vpVx289/Tq0eX7LvT5svd5oQLbsvNEx/Pw+O+2IaTsSpxBRYAAEA78fuJj+eos25MXV19pUehBbxeV599vnFFLvnd3/KZsdvl2jM+nuMP2jG/Hf9IDjzpqtTXN7To8X556z/Sc/R3M2f+ay2639v+/O/c+eDUFt0nqx9XYAEAALQTH9tlcKZMnZHPn3tLLvjKmHTo4EqsVdklv/tbJj40LfdceFSGvXfdJMku798wmw/qmz2/8qv89p5Hsv8ugys85Vu75vSPV3oE2gEBCwAAoB357lEfzOfPvSVf/cntOefzu1d6HN6Fq/44JTu/f9CyePWGkUMHZsehG+SZ/7y8bNl1f3o451x5X56YPjvrrtUzR+29TT6//weWRcyN9j8nnxqzdea+sjBX3/1Qqjp0yNidNs9Zx+6WTh2rM3DfH+alea8mSQaMPTsHfGjLXPrNsUmS68c/nB9ccW+efP6lbLTemvnu0aOz2/abrNR+k+SDn/t51uvbM78++WNJkvr6hpz+yz/lF7f8I68tWpLdt98knTo2zRNvdU6sXgQsAACAVcjzs+blsz+8OfUNy79NcMnr9fn74y/kc/ttn0Hr9m7D6WhJ/3pqZo4du12z624955PL/vOvb/tnjvvh7/LFA4bnB5/bPX95eHpOvvSuzH1lYU46Ypdl25137cQc/OGhuezEffPXR5/P9y4fn80G9s3Re2+bCRcdnWvu/ldOufSuTLz4mPRfs3uS5Dd/nJJjvn9jvnrwjtll6w1zzV0P5aDvXJ3xPzkqQzfp/5b7bc751z2QH145IccfNCIjtxqY+/75TM69emLes3bPt31OrD4ELAAAgFXIen175qbvH7zc9XV19Tn2h7/P4XsME69WYfMWLMyS1+vSr0+PFW5XV1efUy69KweNHpLTPj06ydIrtJa8XpcfXjkhn9lnu/Tt3S1JMnqbjfM/X9ozSfKhbTbKrRMfz4TJz+bovbfNe9auzZo9uyRJ3tO3Z3r16JKGhoacfOld2X+XwfnOpz6YJBmx5QaZ+NBzuejGv+SnX/voW+73zV6vq8//XD0xh31kWE456kPLPvP8rHmZ+K9pb/ucWH14iDsAAEA7UVdXn8+c/fvssMX6OWj0lpUehzbwyDOzMmvOgox90xv+9t9lcJa8Xpc/P/zcsmWD1unVaJt+a3bPrDkLlrvvx56dlRmz52fvkZstW1ZV1SHDt1w/f3/shXe03+dmzs3sua9mj+HvbbT8jXj2ds+J1YcrsAAAANqJmyY8lm02Wy9H7Pn+So/Cu9S9S+dUVXXIrJdfWeF2L85dGor69+neaPnavZd+/dK8d/5GwRfnLn0m1mHfva7Juv5vcWXY8sx8aen5vDFf88dtvXNi1SVgAQAAtBP7vumKFVZdVVUdstkGfTNl6oxm1x/w7d9k5FaDMmrowCTJi3NebbR+xuz5SZI+tV2afHZlde/SKUly/vF7Zdh712m0rmNN9Tva5xtRakURas0eXZO0zjmx6nILIQAAABTogNFb5u6/P5WHn/5vo+UTH5qW2/78RNZbq0c2H9Q3fWq75qb7Hm20zW/veSTV1VXZYYsBK328qv99u19Dw9KvNx+4dnp2WyNTp8/OkI37L/u3Vq+uWa/vO7sCa/21a9O3V7fcOvHxRsv/7y2HLXlOtB+uwAIAAIACfXbs9rlh/CMZ+41x+eZhO2XgOr3y+LQXc86VEzJqq4HZZ9TmqarqkG8fvnO+fN6tWau2a0Zvu3H++tj0nD3uvhx/0Ij0qe260scb0G/ps6yuuGNydtpqYIZs3D8nfnKnnHjRHamprsqHt9s4M156Jd/+2R+z706b5/RjPvy2z6m6uipfOmhEvv2zP2bNnl0yYsgGuWfS07l+/CPL3kLYsaa6xc6J9kPAAgAAgAJ17lST35/9iZzxy/H53uXjM+eVhRm4Tu98aszW+eIBw1NVtfSKqSP32iadOtbkvGsm5vzr/pz1+9Xm9GM+nM/uu/3bOt6orQZm7E6b5/Rf/ClTR2+Z8748Jp/dd/t079Ip51/355x3zcSs3bt7Dt51SE44dNQ7Pq/P7bd95sx/LT///d9z4W//kl232zif3Xe7/G7CY8u2aalzov3o0NDwxsWBAAAAlGTevHmpr69vlX337NkzVVWt81SZBQuW/2Y7oPK6detWkePOmzcvSTJp0qSV/sywYcOSeAYWAAAAAIUTsAAAAAAomoAFAAAAQNEELAAAAACKJmABAAAAUDQBCwAAAICiCVgAAAAAFK2m0gMAAADQvJqamtTX11d6DICKE7AAAAAK1bVr10qPAFAEtxACAAAAUDQBCwAAAICiCVgAAAAAFE3AAgAAAKBoAhYAAAAARfMWQgAAAIrSc/R3Kz0CFG3end+p9AhtTsACAACgKKvjH+fAirmFEAAAAICiCVgAAAAAFE3AAgAAAKBoAhYAAAAARROwAAAAACiagAUAAABA0QQsAAAAAIomYAEAAABQNAELAAAAgKIJWAAAAAAUTcACAAAAoGgCFgAAAABFE7AAAAAAKJqABQAAAEDRBCwAAAAAilZT6QEAAABgRaqrq1NdXZ2qqqpUVVWlQ4cOlR4JWlVDQ0Pq6+tTX1+furq61NXVVXqkihOwAAAAKFbHjh3TqVOnSo8BbapDhw7Lwm3Hjh2zePHiLFmypNJjVZSABQAAQHGqqqrSuXPnVFV58g106tQpNTU1WbRoUerr6ys9TkX4TQAAAEBxampqxCv4P6qqqlJTs/peh+S3AQAAAEV547YpoLGOHTuutmF39TxrAAAAirU6X2UCb2V1jbsCFgAAAEVZXa8wgZWxuv58rJ5nDQAAQLFW1z/QYWV06NCh0iNUhN8KAAAAAKsIAQsAAAAACiRgAQAAAFA0AQsAAACAoglYAAAAABRNwAIAAACgaAIWAAAAAEUTsAAAAAAomoAFAAAAQNEELAAAAACKJmABAAAAUDQBCwAAAFpIXV19pUeAdknAAgAAgBbw3Mw56bv7qdn52IsqPQq0OwIWAAAA7cr0/85N9Q4npPfok9v0uNVVVVmjU026rtGxTY8Lq4OaSg8AAAAA7cG6fXvmhVtOqvQYVMBN9z6ch56cscJtNujfO5/4yPvbaKL2R8ACAABgtTPr5QX54o9uyh8eeDxdOtdkrx03z9lf2DM9u62RJPn3tFn5wjk35b7JT2fNnl1zyG7D8t1P75ZOHauXu27azDnZ9GM/yHsH9M2jV381SfLCrHn54o9uyh8ffCLdunTKmBGb5fuf2yO9enTJbQ88nj2PvywfHTU4HWuqcsdfnsjavbvlom/sl1223mil5rzp3odz8sV35InpL2adPj1z1Ee3yzcO26Uy39TV2GfO+m3++/IrK9ymqqpD9tlpcHp07dxGU7UvbiEEAABgtVJXV589vvzzXH3n5AwfskEGb9g/l/7uwRxz5vVJkiWv12XMV36RPz74RHbd7r3p1b1Lzr7inpx+2Z0rXPdmixa/ntGfvzi/Hf+vbD94QAau0zuX/u7BHPitcY22u+neh/PinFczZOP+mTp9do456/qVmvPxZ2flYydekbkLFubbR4xObfc18q2f3pZLbnqwlb+DvNl5X/noW25z7pf2Fq/eBQELAACA1cqf/vFk/vH489lrx81zy48+lT+ef3QGb9gv19w1Ja+8uig33ftInpw+OwfvNiw3/OCTufeiY1NdXZVr735oheve7Ob7H83jz87K7jtsmtt/fFTu+9lnM2zTdXPnX5/I3x6dvmy7UcMG5a4LPp27LzgmvXp0yZPTZ2fegoVvOefkqf9JXV19Rg4dlG9+cpf86uSDcuqnd806fXq05beTJAd8aEh+8Pk9l7v+q4fslM99bHgbTtT+uIUQAACA1co///1CkuT3Ex5J9Q4nNFr31Asv5dFn/pskGbrJOkmS3j275LV7zkiSfO/yPy133dP/ebnRvh6a+p8kycitBiVZegvZqK02zKTHX8jfHp2egev0TpL06t4lSVJdXZWe3TpnzvzXMm/Borecc+f3b5j+fXpk3O2T8uAjz2WP4e/LoR95f96/6Xrv6vvDO/OVg0fluRlzcv619zdafuDooTnruI9UaKr2Q8ACAABgtbLk9fokya7bvzef3HObRuvWX7tXOnRo+pnq6qU3MK1o3Zt16rj0T+6qqv//obr6pcfuWFP9rufs3bNLJl/x5Vxw3cT8fsIjOe/qCfnxNffnxh98MmN23Owt90/L+9GX9sr0WXNzw/h/JVl6dd0vTjogHZr7Hw5vi1sIAQAAWK1ssVG/JMmTz8/OPqMG56APD81Wm6yTXt3XSO+eXfK+DdZOkkx5YukVVK8uXJJtD/9x9jz+shWue7PBGy49zoR/Pp0kaWhoyP1Tnmm07t3Mec1dU3LSz27PR0cNzt9++cVc/M3909DQkKvvnPyOvze8O1VVHXLFKR/PLltvlGGbrpsbvv/JdO7k2qGW4LsIAABAu/TqwsX5xClXNVr2lYNH5SM7vC9DN1knk5/4T7Y+/Lxsvel6ufn+R9O/T4/svsOm+eiozbPhemtm3O2T8sprizNt5suZ9PgL+crBo1a47s3GjNgsgzfsl1vufyy7feHSvLpocSY9/kJ2ev+G+cAWA3LbA4+vcP63mrN7l065+Ma/5P4pz+RTe22XP0x8LEncQlhha3SuyZ0/+XSlx2h3XIEFAABAu/R6XX2uvH1So3/T/zs3NdVVuf28o3Po7u/PjNnzl70l8PqzDkuy9Pa+3//wiIzedpPc9ufHM23GnHzpoB1z2jG7rXDdm1VXV+X35xyRvXbcPBMfeiYPTZ2RA0cPzdWnH7pS87/VnHsMf18uO+mA1NU35BsX3Jp/Pzcr3zlydL544I4t902EQnRoaGhoqPQQAAAAtB8LFix4V5/v1q1bC00C7dOq+jM2b968JMmkSZNW+jPDhg1L4gosAAAAAAonYAEAAABQNAELAAAAgKIJWAAAAAAUTcACAAAAoGgCFgAAAABFE7AAAAAAKJqABQAAAEDRBCwAAAAAiiZgAQAAAFA0AQsAAACAoglYAAAAABRNwAIAAACgaAIWAAAARWloaKj0CFCs1fXnQ8ACAACgKPX19ZUeAYq1uv58CFgAAAAUZXX9Ax1Wxur68yFgAQAAUJTXX3+90iNAkRoaGlbbnw8BCwAAgKLU19dn8eLFlR4DirNkyRJXYAEAAEApVuc/1KE59fX1WbJkSaXHqBgBCwAAgCK99tprrsSCJIsXL85rr71W6TEqqqbSAwAAAMDyvHElVnV1daqqqlJVVZUOHTpUeixoVQ0NDamvr099fX3q6upSV1dX6ZEqTsACAACgaP6AB9xCCAAAAEDRBCwAAAAAiiZgAQAAAFA0AQsAAACAoglYAAAAABRNwAIAAACgaAIWAAAAAEUTsAAAAAAomoAFAAAAQNEELAAAAACKJmABAAAAUDQBCwAAAICiCVgAAAAAFE3AAgAAAKBoAhYAAAAARROwAAAAACiagAUAAABA0QQsAAAAAIomYAEAAABQNAELAAAAgKIJWAAAAAAUTcACAAAAoGgCFgAAAABFE7AAAAAAKJqABQAAAEDRBCwAAAAAiiZgAQAAAFA0AQsAAACAoglYAAAAABRNwAIAAACgaAIWAAAAAEUTsAAAAAAomoAFAAAAQNEELAAAAACKJmABAAAAUDQBCwAAAICiCVgAAAAAFE3AAgAAAKBoAhYAAAAARROwAAAAACiagAUAAABA0QQsAAAAAIomYAEAAABQNAELAAAAgKIJWAAAAAAUTcACAAAAoGgCFgAAAABFE7AAAAAAKJqABQAAAEDRBCwAAAAAiiZgAQAAAFA0AQsAAACAoglYAAAAABRNwAIAAACgaAIWAAAAAEUTsAAAAAAomoAFAAAAQNEELAAAAACKJmABAAAAUDQBCwAAAICiCVgAAAAAFE3AAgAAAKBoAhYAAAAARROwAAAAACiagAUAAABA0QQsAAAAAIomYAEAAABQNAELAAAAgKIJWAAAAAAUTcACAAAAoGgCFgAAAABFE7AAAAAAKJqABQAAAEDRBCwAAAAAiiZgAQAAAFA0AQsAAACAoglYAAAAABRNwAIAAACgaAIWAAAAAEUTsAAAAAAomoAFAAAAQNEELAAAAACKJmABAAAAUDQBCwAAAICiCVgAAAAAFE3AAgAAAKBoAhYAAAAARROwAAAAACiagAUAAABA0QQsAAAAAIomYAEAAABQNAELAAAAgKIJWAAAAAAUTcACAAAAoGgCFgAAAABFE7AAAAAAKJqABQAAAEDRBCwAAAAAiiZgAQAAAFA0AQsAAACAoglYAAAAABRNwAIAAACgaAIWAAAAAEUTsAAAAAAomoAFAAAAQNEELAAAAACKJmABAAAAUDQBCwAAAICiCVgAAAAAFE3AAgAAAKBoAhYAAAAARROwAAAAACiagAUAAABA0QQsAAAAAIomYAEAAABQNAELAAAAgKIJWAAAAAAUTcACAAAAoGgCFgAAAABFE7AAAAAAKJqABQAAAEDRBCwAAAAAiiZgAQAAAFA0AQsAAACAoglYAAAAABRNwAIAAACgaAIWAAAAAEUTsAAAAAAomoAFAAAAQNEELAAAAACKJmABAAAAUDQBCwAAAICiCVgAAAAAFE3AAgAAAKBoAhYAAAAARROwAAAAACiagAUAAABA0QQsAAAAAIomYAEAAABQNAELAAAAgKIJWAAAAAAUTcACAAAAoGgCFgAAAABFE7AAAAAAKJqABQAAAEDRBCwAAAAAiiZgAQAAAFA0AQsAAACAoglYAAAAABRNwAIAAACgaAIWAAAAAEUTsAAAAAAomoAFAAAAQNEELAAAAACKJmABAAAAUDQBCwAAAICiCVgAAAAAFE3AAgAAAKBoAhYAAAAARROwAAAAACiagAUAAABA0QQsAAAAAIomYAEAAABQNAELAAAAgKIJWAAAAAAUTcACAAAAoGgCFgAAAABFE7AAAAAAKJqABQAAAEDRBCwAAAAAiiZgAQAAAFA0AQsAAACAoglYAAAAABRNwAIAAACgaAIWAAAAAEUTsAAAAAAomoAFAAAAQNEELAAAAACKJmABAAAAUDQBCwAAAICiCVgAAAAAFE3AAgAAAKBoAhYAAAAARROwAAAAACiagAUAAABA0QQsAAAAAIomYAEAAABQNAELAAAAgKIJWAAAAAAUTcACAAAAoGgCFgAAAABFE7AAAAAAKJqABQAAAEDRBCwAAAAAiiZgAQAAAFA0AQsAAACAoglYAAAAABRNwAIAAACgaAIWAAAAAEUTsAAAAAAomoAFAAAAQNEELAAAAACKJmABAAAAUDQBCwAAAICiCVgAAAAAFE3AAgAAAKBoAhYAAAAARROwAAAAACiagAUAAABA0QQsAAAAAIomYAEAAABQNAELAAAAgKIJWAAAAAAUTcACAAAAoGgCFgAAAABFE7AAAAAAKJqABQAAAEDRBCwAAAAAiiZgAQAAAFA0AQsAAACAoglYAAAAABRNwAIAAACgaAIWAAAAAEUTsAAAAAAomoAFAAAAQNEELAAAAACKJmABAAAAUDQBCwAAAICiCVgAAAAAFE3AAgAAAKBoAhYAAAAARROwAAAAACiagAUAAABA0QQsAAAAAIomYAEAAABQNAELAAAAgKIJWAAAAAAUTcACAAAAoGgCFgAAAABFE7AAAAAAKJqABQAAAEDRBCwAAADg/7V394Fezwf/x1+nc3TjoKIoy10iZBaTm2TKTehSDWnsjuFiM2qbXMZE03IRM2y4ausit7ORm9ns14ahjQ1pNzZykZFyWzmVqM45vz/OOpzuiLbzZo/HP/p+v5+b9+fQH+fp/X5/oWgCFgAAAABFE7AAAAAAKJqABQAAAEDRBCwAAAAAiiZgAQAAAFA0AQsAAACAoglYAAAAABRNwAIAAACgaAIWAAAAAEUTsAAAAAAomoAFAAAAQNEELAAAAACKJmABAAAAUDQBCwAAAICiCVgAAAAAFE3AAgAAAKBoAhYAAAAARROwAAAAACiagAUAAABA0QQsAAAAAIomYAEAAABQNAELAAAAgKIJWAAAAAAUTcACAAAAoGgCFgAAAABFE7AAAAAAKJqABQAAAEDRBCwAAAAAiiZgAQAAAFA0AQsAAACAoglYAAAAABRNwAIAAACgaAIWAAAAAEUTsAAAAAAomoAFAAAAQNEELAAAAACKJmABAAAAUDQBCwAAAICiCVgAAAAAFE3AAgAAAKBoAhYAAAAARROwAAAAACiagAUAAABA0QQsAAAAAIomYAEAAABQNAELAAAAgKIJWAAAAAAUTcACAAAAoGgCFgAAAABFE7AAAAAAKJqABQAAAEDRBCwAAAAAiiZgAQAAAFA0AQsAAACAoglYAAAAABRNwAIAAACgaAIWAAAAAEUTsAAAAAAomoAFAAAAQNEELAAAAACKJmABAAAAUDQBCwAAAICiCVgAAAAAFE3AAgAAAKBoAhYAAAAARROwAAAAACiagAUAAABA0QQsAAAAAIomYAEAAABQNAELAAAAgKIJWAAAAAAUTcACAAAAoGgCFgAAAABFE7AAAAAAKJqABQAAAEDRBCwAAAAAiiZgAQAAAFA0AQsAAACAoglYAAAAABRNwAIAAACgaAIWAAAAAEUTsAAAAAAomoAFAAAAQNEELAAAAACKJmABAAAAUDQBCwAAAICiCVgAAAAAFE3AAgAAAKBoAhYAAAAA79SFqwAAHKVJREFURROwAAAAACiagAUAAABA0QQsAAAAAIomYAEAAABQNAELAAAAgKIJWAAAAAAUTcACAAAAoGgCFgAAAABFE7AAAAAAKJqABQAAAEDRBCwAAAAAiiZgAQAAAFA0AQsAAACAoglYAAAAABRNwAIAAACgaAIWAAAAAEUTsAAAAAAomoAFAAAAQNEELAAAAACKJmABAAAAUDQBCwAAAICiCVgAAAAAFE3AAgAAAKBoAhYAAAAARROwAAAAACiagAUAAABA0QQsAAAAAIomYAEAAABQNAELAAAAgKIJWAAAAAAUTcACAAAAoGgCFgAAAABFE7AAAAAAKJqABQAAAEDRBCwAAAAAiiZgAQAAAFA0AQsAAACAoglYAAAAABRNwAIAAACgaAIWAAAAAEUTsAAAAAAomoAFAAAAQNEELAAAAACKJmABAAAAUDQBCwAAAICiCVgAAAAAFE3AAgAAAKBoFfX19fXNPQgAAAA+OhYuXNjcQwBWo7q6ulnuW1NT877PNQMLAAAAgKIJWAAAAAAUTcACAAAAoGgCFgAAAABFE7AAAAAAKJqABQAAAEDRBCwAAAAAiiZgAQAAAFA0AQsAAACAoglYAAAAABRNwAIAAACgaAIWAAAAAEUTsAAAAAAomoAFAAAAQNEELAAAAACKJmABAAAAUDQBCwAAAICiCVgAAAAAFE3AAgAAAKBoAhYAAAAARROwAAAAACiagAUAAABA0QQsAAAAAIomYAEAAABQNAELAAAAgKIJWAAAAAAUTcACAAAAoGgCFgAAAABFE7AAAAAAKFpVcw8APmpmzpyZO+64I1OnTs1LL72UysrKdOnSJbvvvnsGDRqUtm3bNvcQAQAA4EOlor6+vr65BwEfBfX19Zk4cWKuu+669OvXL3369MnHPvaxLF26NM8//3wmT56cP//5zzn99NPTr1+/5h4uAAD80yxcuLC5hwCsRnV1dbPct6am5n2fawYWrAX19fU555xzMnPmzFx33XXp1KlTk8+32267HHDAAXn88cdz1llnZebMmfnCF77QTKMFAACAD5dm3wNr7ty5+d73vpfDDz88ffv2zWGHHZaLLroo8+bNa+6hrRU1NTU57rjj0qdPn1x22WVZmxPe6uvrM/EXU9P3K+Oz4QHnprrv2dlu6MU57bJfZPar89f4ekeccX0OOGXCWhvf2nDzPX9J5Z5n5tV5Df8Hp8QxJsmNN96Yl156KVdeeWVjvFq8eHEuvfTSJsf16NEjP/zhD3PLLbfkkUceedfrzp07N1deeWVGjRq10s9vvvnmDB06NH379s3QoUNz6623fvCHAQAAgMI06wys1157LV/+8pcze/bsJEnLli3z8ssv57bbbstDDz2UH/7wh2nfvv17utY3v/nNTJkyJYcddli+8Y1v/DOHvUYmT56cefPm5fjjj88xxxyz1q5bX1+fo0b+ODff85d87sCe+crhe2S9Ni3z+IyX84Of/C7X/79p+eWlx2anbp3e/WIfIiccunveWry0uYfRxAsvvJBrr702EyZMSKtWrRrfX7BgQe6+++4MHz68yfEdOnTIt771rZx33nm56aabss4666xwzVdeeSU33HBDbr/99ixevDh77rnnCsdMnjw5l1xySb74xS9mt912y0MPPZTvfve7adu2bfbdd9+1/6AAAADQTJo1YF1xxRWZPXt2Nt1001xwwQXZaqut8uyzz+brX/96XnzxxVx99dX5+te/3pxD/MCGDBmSIUOGrPXrXn7zQ/np3X/OxHOOyOcP2rnx/f/Ya7sce8gns9d//k8+f85NmXrNKamqbPaJdqu1tLYulS0qUlFR8a7HHrBbt3/BiNbMpEmTsv/++2fTTTd9z+f06tUrm2yySe699970799/hc8vueSSzJw5M8OHD8/Pf/7zlV7jlltuyR577JETTjghSdKzZ8/MmDEjN998s4AFAADAR0qzlY1Fixbl3nvvTZIce+yx2WqrrZIkW265ZQYPHpwkmTJlSpJk/vz5ufjiizN48ODst99++dKXvtR4bpIMGDCg8dhJkyalT58+qa2tbXz92c9+Nv369cvQoUNz8803NxnHwoULM2bMmPTv3z8DBw7MxRdfnKFDh6ZPnz55+OGHkyR1dXW58cYbc9RRR6Vfv34ZMmRIrr766sZ7zJ49O3369EmfPn1y11135ZBDDsn555+fJNl///3Tp0+f3H///e/pWd6rS348JfvuunWTeLVMh3bVuXDYgDz+zEu5++GnkyRXTvp9Njl4TKY+OSt7HHdFqvuena6Hjc1Vdz7a5NwWFRX53589kq6HjU2bT43Mbl+6PFOfnNXkmAl3PJIeR30vrfcemY4HfiefP+emvDRnQePntbV1OXvcr9Lt8AvT5lMjs9mg83Pyhbdn4aLFjcds1P/cXPaT32XgqROz7j5n5/UFb2VpbV1OueiObHjAuWm736h87uwf5/UFbza59zuXEP7t2ZdTueeZuf+xGTnijOuzwb6j0mnAmAy/+Gepq3t7qeaUPz6bXb74/bT51MjseNQl+eWD07P3iePy5fPXznK7Bx98MAcddNAan3fwwQfnt7/97Uo/GzZsWCZOnJjBgwenZcuWK3xeV1eX6dOn55Of/GST93v27JknnnhirS5VBQAAgObWbAHr6aefzuLFDUFjxx13bPLZ0Ucfnfvuuy8/+clPUl9fnxEjRmTSpEmpqqpK9+7d89RTT2XkyJGNewjts88+6dChQ5KkS5cu2XfffVNRUZHx48fn4osvznPPPZf27dtn9uzZueSSS3LnnXc23uuCCy7IXXfdlTfeeCMVFRWZNGlSZs1qGmwuvfTSXH755Xn++efTrl27vPjii/nRj36Uyy67bIXnOv/88zNv3rwsWbJkhc/ey7Mkyemnn56DDz44jz322Ep/di+8UpMZs+Zm0Ke2X+XP96A9tk3LdSpzzyP/lyRZp6pFaha+mZHjJmfi2Udk3q/PyecP3DlfPv/WvPDK298C8LdnX871v5yWq0YekV9eemzeWrI0nz7tmixe0hDrrr3rsZzw35NyVP+e+eN1w3LTmKPyyN9eyMBTJzZGk+/eOCUX3fBAzv/qwfnjdcNz1cghufO3T+Ss/5nceJ+WVVWZcMfD6blt59x35QlZb92WOf+a+zL+tj/kwlMG5JGrT85en9gy37nqnlU+4zpVlUmSr19yZ048bPe8Nnlkrh55RH7w0wdzy71/SZLMm/9mBo24Ju3Xb5MHf3RSxp9xaM4e/6s888KcxvM/iCVLluT5559vDLBromvXrnnmmWdW+tkmm2yy2nMXLFiQJUuWrLDEtl27dlm8eHEWLVq0xuMBAACAUjVbwJo7d27jn9u1a9fks4qKilRWVqaysjJPPvlkHn/88STJuHHjcsUVV6RXr15Jkl//+tdJGoLPdtttlyTZbbfdcu6556ampibXX399kuS0007LpEmTMnLkyCTJhAkTUl9fn5kzZ+aeexoCyRlnnJE77rgj48ePbzKWWbNm5ZZbbkmSjBkzJrfeemvGjh2bpGEJ17PPPtvk+F133TVjx45d6TfMvZdnqa+vz7Rp0zJ//vxMnz59pT+7ZRu0b9Fp1fuDtVynMp07rJ9Zr74dpxYvqc03v9g33bfomHWqKnPCobtlaW1d/vjU7MZjXpyzIDeMPjL77LxV9tl5q1x26qC88EpN7ntsRpLkezdOyf69uuWsL/VL9y06Zt9dt85Fwwbk0SdeyIN/fi5JcuKnd8sTN30jQ/bdMdtu3iH79+qWI/b9eCb/4anG+1RVtUjrllUZfWL/7PnxzVNV2SLX/mJqBu29fY4btGu22axDTjp8j+yz87uHoU/v0yP79+qWdaoqc9Ce26brxzbMI3+bmSS587d/y+sL3swV/zU4PbftnN47bZHvjxiUF19b803uV2bhwoVp3bp11l133TU+t0OHDlmwYMG7H7gSywJpVVXTVcAtWjT8lV4WhwEAAOCjoNkC1juXOC37pXtltttuu0yZMiVTpkxpnGXVtWvXJA0bXa/K1KlTU1tbm5YtW+aQQw5JkvTt27fxvDlz5jQGog022CADBgxIkuywww4rXCdpiA377LNPkqR3797p0qVLkmTatGlNjj/11FPTu3fvbLnllu/rWSoqKhq/de6www5b6bOtU9Xw83rnMrmVqaurT+VyP9ue23Zu/HO79dokSebOf3u2TvfNO2STDddrfL3ztg37Oj3x95ezZGlt/vR/L2avTzR9tt16/ONn8Y8QVl+fjP7fe7Lpf5yXqt7fSuWeZ+biG6dkzutNZwX12r5L458XL6nN/818LT27N91HavcdN1/tMy7/TA3P1brxmZ549pWs23qddN+i49vX7LFZNtxgzYPTyrRp0yaLFi1aaTCqrKzMggULGpePLm/evHlp06bNWhnH8t7LfmIAAADwYdFsm7hvsMEGjX+eP3/+amew/OlPf8o111yT6dOnZ+7cuY3xa3X7/Cyb4bV48eLG8PROL730UubMmZOkIU6t6hf+ZdfZcMMNm7y/4YYbZubMmXn55ZebvP9u4eC9PEvXrl0bw9bKfKxjw8/u6RdeW+Uxi5fUZvar89Nl47ZN3m/TasVvvHvnvTdq2/TfQ3XrhuMXLlqShYuWpL6+Pu03aN3kmPbrN0SYmoVvJUlOvuj2/GbqM7lh9JHZc8fN06plVUaOm5wf3f5I0/M2eDveLNsfq21102sv/3plVv5MDf9c8MbitFt/xUjUod3aCVitWrVKx44d88ILL6ywjLBt27YZPXp0Lr300tx222352te+ls03fzvIzZw5s8nrNbFsX6zlw9mymVkr+2ZDAAAA+LBqtoDVrVu3tGjRInV1dXniiSea7Plz7bXXZuLEienUqVO+853v5Gtf+1qWLFmSo446Kt27d8/kyZNXufn1MtXV1UkafpE//PDDV/i8ffv22WijjZI0zIRZlWWh7Z1LHpM0xq93hrh38+yzz76vZ1leh3bV+cQ2nXPbfX/NqZ/de6XH/PKh6VlaW5eD9tx2ja69/Kbp8/7xer02LVPdZp20aFGRuTVNj5lT0zDbqe16rVNfX5/b7/9rvvWlfdN3l7cj3IuvrX6p3Lr/CGWvL2x67ddqFq7R+JfXplVV5v8jrDW57utvfKDrvlOvXr1y99135/jjj1/hs7322iu9evXKTTfdlBNPPDFjx47Nxz/+8SQNy0aXLSFdU9XV1WnZsuVK/7t8v0saAQAAoFTNtoRwvfXWy957N8SXcePGZebMhj2LZsyYkVtuuSVvvvlmdtpppzz22GNZvHhxOnfunJNOOin77bdfWrVqtcL1ls04Wban0M4775wWLVpkyZIl2XrrrXPyySfn5JNPzk477ZRBgwalc+fO6d69eyoqKjJnzpzGvbCefPLJJtfdZZddkjQs8XvggQeSJL///e8bx7v8t8Ctznt9lhkzZuSee+5p/JbDlRl+5F753Z/+nh/e/vAKn732+hs5/Qd3Zfcem2WvnbZ4z+NLkiefezXz5r8dkaZNb1gWuMNWG2edqsp8YpvOefDPf29yzu/+1PC61/ZdsrS2LoveWpr11337uV5f8GZuv/+vqc+qZ8y1almVLTq3y7TlvvHwvqkz1mj8y+u2WYfMf+OtPDv77dDzyN9eWKsB69Of/nTuvPPOVe5n1bJly3zhC1/IjTfemO7duydpiJl//OMf079///d1zxYtWmT77bfPH/7whybvP/LIIyssgwUAAIAPu2abgZUkw4YNy1/+8pc899xzOfLII9OyZcvGJVEdOnTIscce2/iNgLNmzcqRRx6Zurq6xvfeeuvtmTVdu3bNvffem8mTJ2fatGkZP358Pve5z+Xaa6/NmDFjMm7cuLz11luZP39+unXrlquuuiqbbrppDjjggEyePDlnn312fvCDH6ywr9Zmm22WQYMG5Y477sgZZ5yRjTfeuPGY/v37Z5tttsns2bPzXmy99dbv+iz19fX5yle+kgULFmTYsGEZOnToSq919IBdcv/UGfny+bfmvqnPZODe22e9Ni3z+IyXc/lPH0yLFhW5ZtTQNdoLqT4N+0cdf94tGXX8/llaW5czrvhltujcLnv3bNj36tTP7p0vjPpJLrzu/gzZ9+OZMWtOTvv+L/KpnbfKrtt/LEnyye02zcSfP5qD9tg28xYsyn99/64cuk+PXPXzR/PEs6+k22YbrfT+Rx3wiVx0/QMZd+sf0nunzfOL3z2ZadNnrfTY9+qQPtuldauqDPvuz3L+Vw/KgkVvZcSlv0injdb/QNd9px122CF9+vTJhRdemG9/+9urPG7ZlxUsXrw4o0aNykknnZT113//4zjiiCNy1lln5Yorrkjv3r3z0EMPZerUqRkzZsz7viYAAACUqNlmYCXJJptskvHjx+fggw9O+/btU1tbm44dO2bw4MGZMGFCOnTokJ122ilnnnlmunTpkldffTWdOnXKcccdl6RhplJdXV2Shl/me/fundatG5axVVZW5sQTT8zpp5+erl27Ni4T7NevX0aPHt0YdkaMGJGDDz446667burq6posA1s2O+rUU0/NCSeckM6dO+e1117LxhtvnGOOOSZnnnnmGj3ve3mWioqK7Ljjjqmurm4MXqsy4azDc+2oz2TWqzU55aI7MvRbN+TqOx/N5w/qmYev+mq6dVl5KFqVJUtr03unLXLAbtvkkFOvzh7HXZHKFi1y29gvZp2qyiTJUf0/kfFnHJqr7nw02w39bo4a+ePsu+vWufWCt7918UffOjwVFcnHP3dJjv72TzP8yL1y9vH7ZYtO7fKpL4/LzJdfX+n9zz5uvxz9H7vk9B/clb3+838y7clZGXvKgH+MrW6NnmWZTTZcLz8Z89k8+fdXsssXv5+Txt6e8796UNqu1zqtW669fnvKKafkueeey7nnnrvabwCcO3duhg8fnq222ioDBw78QPfs27dvRowYkd/85jcZPnx47rnnnowYMWKle74BAADAh1lF/ep2Qv83MGfOnDz11FPZfffdkzTsSzRq1Ki0aNEit99+e9q3b9/MI+SDmlPzRtZt1TKtWzUEq7cWL02HA0fn/K8enK8O2WOt3eeNN97I6NGj8/TTT+czn/lM9tprr3Ts2LFxpt2vfvWr3HbbbTnkkENywgknrPbbNwEA4MNs4cIPtpct8M+1bN/wf7Wampr3fW6zLiEswdixYzNlypR06tQpbdq0yYwZDXsuHXroocXGq8o912zm17+r2gfPS83Ct9Lt8Iuy365bZ+Rx+6WiIvnu9Q+kRYuKHN6vx1q937rrrpvzzjsv9913X2677bZcfvnlqa2tTV1dXdq0aZPdd989F1xwQXr0WLv3BQAAgI+6f/sZWDNmzMiECRPy6KOP5s0330yXLl1yyCGHZMiQIamsrGzu4bEW/OGvz+ebl/8yjz7xQqoqW6TnNpvmv796YHbbYbN/6n1ra2szd+7cVFZWpl27dmu0HxkAAHyYmYEFZfswzsD6tw9YAAAArF0CFpTtwxiwbMIDAAAAQNEELAAAAACKJmABAAAAUDQBCwAAAICiCVgAAAAAFE3AAgAAAKBoAhYAAAAARROwAAAAACiagAUAAABA0QQsAAAAAIomYAEAAABQtKrmHgCwooEDB2bAgAF59dVX88ADD6SioiL9+/fPsGHDMmHChPzsZz9LbW1tevXqlREjRqRt27bNPWQAAAD4p6mor6+vb+5BAE0NHDgwCxYsyNFHH50ePXrk4Ycfzg033JDNNtssW265ZQYPHpwXX3wxl19+efr375/TTjutuYcMAACNFi5c2NxDAFajurq6We5bU1Pzvs81AwsKdeCBB+aYY45JkvTq1SsPPvhg5s+fn9GjR6eqquGv7vTp0/Poo4825zABAADgn07AgkItvyywY8eO2XDDDRvjVZJstNFGmTdv3r96aAAAAPAvZRN3+JCzChgAAICPOgELAAAAgKIJWAAAAAAUTcACAAAAoGgCFgAAAABFq6i3AzQAAABr0cKFC5t7CMBqVFdXN8t9a2pq3ve5ZmABAAAAUDQBCwAAAICiCVgAAAAAFE3AAgAAAKBoAhYAAAAARROwAAAAACiagAUAAABA0QQsAAAAAIomYAEAAABQNAELAAAAgKIJWAAAAAAUTcACAAAAoGgCFgAAAABFE7AAAAAAKJqABQAAAEDRBCwAAAAAiiZgAQAAAFA0AQsAAACAoglYAAAAABRNwAIAAACgaAIWAAAAAEWrau4BAAAA8NFSXV3d3EMAPmLMwAIAAACgaAIWAAAAAEUTsAAAAAAomoAFAAAAQNEELAAAAACKJmABAAAAUDQBCwAAAICiCVgAAAAAFE3AAgAAAKBoAhYAAAAARROwAAAAACiagAUAAABA0QQsAAAAAIomYAEAAABQNAELAAAAgKIJWAAAAAAUTcACAAAAoGgCFgAAAABFE7AAAAAAKJqABQAAAEDRBCwAAAAAiiZgAQAAAFA0AQsAAACAoglYAAAAABRNwAIAAACgaAIWAAAAAEUTsAAAAAAomoAFAAAAQNEELAAAAACKJmABAAAAUDQBCwAAAICiCVgAAAAAFE3AAgAAAKBoAhYAAAAARROwAAAAACiagAUAAABA0QQsAAAAAIomYAEAAABQNAELAAAAgKIJWAAAAAAUTcACAAAAoGgCFgAAAABFE7AAAAAAKJqABQAAAEDRBCwAAAAAiiZgAQAAAFA0AQsAAACAoglYAAAAABRNwAIAAACgaAIWAAAAAEUTsAAAAAAomoAFAAAAQNEELAAAAACKJmABAAAAUDQBCwAAAICiCVgAAAAAFE3AAgAAAKBoAhYAAAAARROwAAAAACiagAUAAABA0QQsAAAAAIomYAEAAABQNAELAAAAgKIJWAAAAAAUTcACAAAAoGgCFgAAAABFE7AAAAAAKJqABQAAAEDRBCwAAAAAiiZgAQAAAFA0AQsAAACAoglYAAAAABRNwAIAAACgaAIWAAAAAEUTsAAAAAAomoAFAAAAQNEELAAAAACKJmABAAAAUDQBCwAAAICiCVgAAAAAFE3AAgAAAKBoAhYAAAAARROwAAAAACiagAUAAABA0QQsAAAAAIomYAEAAABQNAELAAAAgKIJWAAAAAAUTcACAAAAoGgCFgAAAABFE7AAAAAAKJqABQAAAEDRBCwAAAAAiiZgAQAAAFA0AQsAAACAoglYAAAAABRNwAIAAACgaAIWAAAAAEUTsAAAAAAomoAFAAAAQNEELAAAAACKJmABAAAAUDQBCwAAAICiCVgAAAAAFE3AAgAAAKBoAhYAAAAARROwAAAAACiagAUAAABA0QQsAAAAAIomYAEAAABQNAELAAAAgKIJWAAAAAAUTcACAAAAoGgCFgAAAABFE7AAAAAAKJqABQAAAEDRBCwAAAAAiiZgAQAAAFA0AQsAAACAoglYAAAAABRNwAIAAACgaAIWAAAAAEUTsAAAAAAomoAFAAAAQNEELAAAAACKJmABAAAAUDQBCwAAAICiCVgAAAAAFE3AAgAAAKBoAhYAAAAARROwAAAAACiagAUAAABA0QQsAAAAAIomYAEAAABQNAELAAAAgKJVNfcAAAAAAPj3c/TRR6/ys4kTJzZ5bQYWAAAAAP9yy0eq1b0vYAEAAADQLJaPVauKWgIWAAAAAM1mWbRaVbxKkopnnptV/68aEAAAAAD/njZqW/2+z62or68XsAAAAAD4p6qpqXnf51pCCAAAAEDRBCwAAAAAiiZgAQAAAFA0AQsAAACAov1/XPIrgll8MzUAAAAASUVORK5CYII=' height='250' width='300'/> ]]>
  </system-out>
  <testcase classname="com.tribu.qaselenium.tests.mazaprendo.MACreateCourseTests" name="createLeccion" time="133.662"/>
  <system-out>
    <![CDATA[ <img src='data:image/png;base64,iVBORw0KGgoAAAANSUhEUgAABLAAAARMCAYAAACJcWqtAAAAAXNSR0IArs4c6QAAIABJREFUeJzs3XlcFPX/B/DXwnLJrSKHV4An4ImIF5mKmpqaiUd5lOZRppJmHpWWV56VF5YSZmJqal5IZYDmAYoKonKoJZYiiCjLvSCw+/uD386XhWVZYIE1X8/HYx+wM7Of+czOzvWe9+czomHDhslBL5wLFy7UdxWIiIiIiIiI6AVy//79an9WT4v1ICIiIiIiIiIi0joGsIiIiIiIiIiISKcxgEVERERERERERDqNASwiIiIiIiIiItJpDGAREREREREREZFOYwCLiIiIiIiIiIjq1YkTJ9SOZwCLiIiIiIiIiIjqjSJ4pS6IJZbL5XVVHyIiIiIiIiIiIkHZoNWJEycwYsSIctMxgEVERERERERERHWuoowrVUEsjQJYEyZMwMSJE7VSub179+Knn37SSllU/1auXAm5XI5ly5bVd1X+8xwdHTF27Fj06NEDAHDp0iUcPHgQ9+7dq+eaEREREREREVWdqkyrimgUwNJW8EpR1t69e7VWHtUfR0dHuLm5Cf8zkFJ73NzcsHLlSqVhPXr0QI8ePbB06VLExsbWU82IiIiIiIiIap+eXC5HZa+cnBytzTAnJ6fS+fFV+y9teO2111T+T9o3e/bsao0jIiIiIiIi+i/QKANr48aNGDVqlFZmePToUa0FUKj+mJqaon///sL7/v37Y9euXcjNza3HWv03OTo6wtbWtsLxtra2zIAjIiIiIiKi/zSNAljh4eEIDw+vg+rQ86Jfv34qh508ebIeavPfZmpqqpVpiIiIiIiIiJ5XGjUhrK/X999/j5CQEKxZs6bSaSdNmoSQkBB069atyvPp27cvQkJCMGrUKI2mDwgIEDLJKnu1adMGQ4cOrffvUttNCFU1GdRWM8LIyEhkZGTgyJEj5cY1atQIixcvhoGBQaXljBw5EhkZGZgzZ45W6lVfXnrppUqnsbGxqVbZffv2xfXr15GRkYFhw4YpjRs/fjxiYmKQmpqK06dPC/2dAUCXLl1w+vRpPHr0CDExMXjjjTeEcQ0bNsS+ffuQlJSExMREfPHFF8I4kUiEFStW4O+//0ZKSgoCAwNhZWVVq/OsbDmJiIiIiIiobl27dk3jl4K4HuurVuvWrdGyZUtERkaiW7duaNiwIdLT02tlXrGxsfj88881boK1detWGBoaajTthAkT0LhxYwQHB9ekigKRSFRnTTCbNGlSYf9Kqpq02draYsWKFSqn37ZtGx4/flzpPDt37oy2bdvijz/+wIABA2Bra4vU1FRh/Lhx47B48WJs3boVhYWFasuKjIzEhAkTEB8fX+l8ddk///xT6TRpaWlVLnfWrFlYsWIFEhMTy41zc3PDt99+i8jISOzcuRMfffQR9u7dC3d3d4jFYuzfvx8ymQzLly/HuHHj4O/vjxs3buDvv//G5s2bMWjQIKxbtw7t2rXDhx9+iLt37yIwMBAzZszA3Llz8dNPP+Hhw4f4+OOPkZeXh5kzZ9baPNUtJxERERERET0fNGpCaGdnh4EDB2plhiEhIXj06FGl0w0cOBC5ubnYsmULAgMD0a9fPxw+fFgY36JFC3z88cdwdnZGfHw8/v33XwCAXC6HjY0N9u/fj+DgYOjr66Nfv35ISUnB8uXLMWHCBHh5eeHevXv4/PPP8eTJE7i5ueGzzz6Dn58fjhw5gr1796KwsBD79+/HtGnTYGBggOPHj2P37t0AgDlz5qBhw4YYOXIk9PX1MX36dPTr1w8WFhZISUnB/v37ERISgh9++AEtWrQAAISGhsLHx0cIvJw5cwbjx4/H5MmTkZeXhzlz5sDT0xMGBga4efMmvv76azx58gQDBw7E4sWL4e/vj8GDBwvj6oKpqSk6dOhQpc9UNL2mTdzGjRuHrKwsLFiwADExMfDx8YGfnx8A4JtvvsGUKVMAAA8fPsTUqVPxxx9/YMOGDRg8eDAMDAxw8eJF+Pr6IiUlBZ6envjxxx+xdOlSbN26Febm5li6dCmGDBkCKysr3L59G6tXr8aZM2cAAN27d8fKlSvh5uaGwsJC/Pnnn5g/f36tBU41pUm/YtXpe6ygoAD9+/dH//79y2UsjR49GiKRCEuWLMG1a9fQsGFDLFiwAN27d4eJiQns7OywbNkyfPvtt0hISMCxY8cwatQobNu2DUOGDMHp06exYcMGGBsbY8SIEfDx8UFgYCB8fHyQlZWFOXPmQCaT4eWXX8aIESMwe/bsWpunuuUkIiIiIiKi54NGAayvvvoKdnZ2Wpnh4MGDMWHCBLXTKIJO4eHhSElJwY0bNzBw4EAcOnRImGbJkiVwdnbG1q1bkZubKzQTk8vlePbsGYCSZkPff/89cnNzMXr0aHzzzTfYs2cPnjx5gvHjx2PcuHHYtm2bUkaTXC5HYWEhbG1t0bVrV6xfvx6zZs3CpEmTcO7cOdy9e1dp2kGDBmHMmDHYvn07YmNjMXbsWLz33nuIiorCypUrsX37diQnJ2PDhg3IzMxEYWEhGjduDBcXF/j5+SEnJwczZ87EoEGDsHnzZmRnZ+Ozzz7De++9h5UrVwpZRqNHj8Yvv/yC+Pj4OsvAunfvHrZs2YK5c+fWqJwtW7ZolN2mr68PHx8fBAcH4/79+wgPD8e4ceOEANamTZvg5uYGDw8PDB8+HLGxsVixYgXefPNNLFiwABKJBAEBAVi9ejWmTp1arvxt27Zh5MiRWLFiBeLi4vD555/j0KFD8PLyQkJCAn744Qekp6fjjTfeQKNGjbB9+3bMmzcPS5curdHy19S9e/eQmppaYUfuqamp1erAPSAgAACUOuNXcHZ2BgAhMKwov02bNjAyMqpwnKOjI8RisTAuPz8fjx49Qps2bQAArVq1wsOHDyGTyYTP9ujRA82bN6+1eapbTiIiIiIiIno+aNQHlraCVwBgb29f6fzc3d1hbW2Na9euoXHjxoiKikKrVq3QsmVLyOVyNGzYEG3atEFsbCyOHz+O0NBQnDt3rty8kpKScPz4cezfvx8A8PTpUxw9elR437x5c6U+oUr/b2hoiC1btuDy5cv49ddfAZT0RVQ22KVoSuji4gJra2t88803GDVqFJ48eYK///4bcrkc+fn5iIuLQ1FREQCgQYMGWLt2LYKCgpCXl4ddu3Zh9OjROHbsGMLCwpCbmwsnJyel+ly4cAH79u1DTExMnfaBdebMGSxduhQ5OTlVWs8AkJOTg6VLlwoZTpXp378/bGxscOHCBTg4OODPP/9Ex44d0a5dOwAlwYusrCwAQHR0NCQSCVauXIk2bdrg+++/xy+//IKsrCylfpMUFBlzkZGR+Prrr3Hq1CmsWbMGYrEY48aNA1CyXuzt7dGpUyfcv38fjo6O9R68Urh8+XK1xlWXmZkZAAjB4IKCAgAl35Eim04xTN04RRkNGjQAUJKJV3qc4n9TU9NamycRERERERE9/zQKYMXExGhthpoEYAYNGgQAWLRoEQ4ePIh3330XQEmzQrlcLnT6nJ6eLnxG0QdQ6QDNkydPIJfLheZVT58+hVwuF4IxBgYG5YI5ive5ubnIzs5Wmt7Q0LBcACsoKAjHjh2Dp6cnVq9ejSNHjmDJkiUQi8XlplW8z8vLE+oil8vRqVMnbNy4Eb///jtOnToFU1PTcp9PSkqqt07cY2NjsWzZsioFsXJycrBs2TLExsZq/Jnx48cDAPz8/BAfHy8EjxTDVfHy8sKxY8eQkpKC1NRUWFhYqOzgvXnz5gCABw8eCMMePnwIAGjatCmAkv7K0tLSsH79ely4cAHXr19X+bTF+qDu6Y618eRHxbpWZD4ZGxsDKNkuFNuTYpi6cYoyFMNzc3OVxin+z8nJqbV5EhERERER0fNPo07cP/zwQ3Tu3FkrM6wsGGZiYoJevXohOjoaBw8eFIZPnz4dAwYMwM6dO5GRkQGgJKtGoUmTJgCUA0Vl/ypU9L6i6csqPb6wsBCbNm3Cli1b4OzsjNdffx3Dhg3DxYsXVWYeyeVyofkUUBJE+/TTT5Geng4fHx/k5eUpdfiumFdxcbHaOtW2e/fuYdmyZVixYoWQKVMRRfCqKs3azMzMMHToUJw9exbbt28Xhi9duhQ+Pj4q+y4yMjKCv78/UlNT0b59e+Tk5CgFqEpTDFcEqwAI/ZMpxkVERKBnz56wsbFB7969sX79eqxfvx4eHh4aL0dtefz4MWJjY8tll8XGxmrUOX5V3blzBwDg5OSEp0+fCs37EhIShIwnR0dHYRrFuHv37qGwsFAYZmpqCjs7OyFD8vbt2+jQoQPEYjGKiorg7OyM3Nxc3L9/v9bmSURERERERM8/jfrAAqD06MLa1LdvXxgbG+OPP/7AxYsXheFt27bFlClT0LlzZ1y7dg13795Fhw4dMGLECOTl5aFPnz4AUC7DqDrvy/6vqomh4v17772H4cOHY/Xq1UhNTcWTJ08AAFKpFHK5HAUFBXBwcEDv3r0RFRVVrmx9fX0YGBjAwMAAzZo1Q//+/VFYWAhLS0uhiaOqutUHTQNSZmZmVe6TaeTIkTAxMcGhQ4dw6tQpYXjnzp2xZMkSeHl54fz585BKpQBKsqXOnj0LQ0NDGBoaolWrVhg9ejQKCgqEJqalpaen4/jx40KH4Xfu3MGSJUuQn5+PvXv3ws7ODhERETh9+rTwxMS8vLz/dBaPh4cHHBwc4OLiIrwXi8WIjo7G4cOHMW/ePKxevRonT57ElClT8Ndff+Hq1asQi8V48OABZs6cicLCQowbNw7Pnj3DkSNHIJVKERQUhJEjR2Lx4sVwcXGBWCzGvn37AAA///wzevTogW3btuHRo0fw8PDA7t27UVxcXGvzVLecFQU8iYiIiIiISLdo1ISwLl+K5oOXLl1SGh4REQEA8Pb2hlwux6pVq3D37l3MmjUL3t7eOHbsGACUaz5WNiOrsoCVqvfqAlj79u1DZGQkFi1ahB07dmDAgAH49ttvERERAblcjl9++QUGBgaYM2cOLC0ty5Wdl5eH7du3QywWY+3atcjKysKWLVsgFovh6+ursi513YRQwdHRsdLsq9LTVoWiH6qQkBCl4X/88QcAYOzYsQCAPXv2ID09HYsWLYKLiwuWLVsGIyMjHDp0COnp6ViyZAkMDQ2xfv36cvOYPXs2AgICMGvWLAQEBCA9PR2vv/46EhMT8ejRIyxevBiurq74/fffsW/fPvz999+YNm1alZajtpiamuKll14qN/yll17S+AmPZX344Yf48ccfhe9W8d7Lywu3bt3CjBkzYGtri88++wy3bt3CW2+9Bbm85CEHEyZMQEpKCpYtW4YGDRrg7bffFjpRnz9/Pn799Vf4+vqiV69eWL16tfAE0R9++AGbNm3C4MGDMX36dBw6dAiffvopANTaPNUtJxERERERET0fRH369KnftB6qFzdv3qzyZ1577TWhP7LKBAQE1ErfTFXx+uuvY/fu3Vi6dCm2bt1ar3WpiX79+mHcuHFqn0L4888/a9xZPhEREREREVF9uH//PoCqtfLr0qULAA2bEE6dOhVTp06tXu3K2LVrF3bt2qWVsqhuqXq6X2RkJADA09Oz3LT1GcBydHTE0KFDAQASiaTe6lFdTZo0wdixY+Hp6Vlp1putrS3mzp2LqVOnIjIyEgcPHqyVfrGIiIiIiIiI6ovGASxtmTp1KgICArRWHtUdV1dX4f+cnBzs2rVLyPrp168fpk6dKgRbSk9bHwYNGoRRo0YhMjISJ06cqNe6VFXZ71JTZmZmGDBgADw9PZXWDREREREREdHzTk+TibKzs7U2Q22WRXWnSZMmQkAlNjYWH330kVKA5MyZM/joo48QGxsLoCSYongyZH3YsWMHbGxsMHjwYGRlZdVbPaqqSZMmmDt3bpWDV6WZmZlh7ty59fr9ExEREREREWmTRhlYq1atwvjx47UywwMHDtT70/So6nJzcxEZGYnY2NgKmwY+fvwYS5cuxWuvvQY3N7f/9BP8apMiCEhEREREREREJUQ9evRgNOkFlJCQUN9VICIiIiIiIqIXSK134k5ERERERERERFRfGMAiIiIiIiIiIiKdxgAWERERERERERHpNAawiIiIiIiIiIhIpzGARUREREREREREOo0BLCIiIiIiIiIi0mlimUwmvBGJRPVYFSIiIiIiIiIi+i/QdsKUuDYLJ93FdU1EREREREREzws2IXxBcb0TERERERERUV2paas/cUxMjJaqQvUhMTERTk5O9V0NqiGux/8OrkvdwPVAFeFvQ/dxHek+rqO6we+ZiKrj8uXLcHNzq+9qVKioqKjan9XTYj2IiIiIiIiIiIi0jgEsIiIiIiIiIiLSaQxgERERERERERGRTmMAi4iIiIiIiIiIdBoDWEREREREREREpNMYwCIiIiIiIiIiIp3GABYREREREREREek0BrCIiIiIiIiIiEinMYBFREREREREREQ6TVzfFSCimgkKCkJ0dDTmzp0La2vr+q4OVYNEIsH69evLDbe2tsbChQvroUYvrj179iAhIQHGxsZwdXVFr1694ODgUN/VonomlUoRHByMxMRE4bcxYMCA+q4WqREVFYXDhw8rDfPx8YG7u3s91YiIiIhqqsoBLIlEUu6EwNHREd7e3khMTISTk5PWKkd1Jzk5GREREQDAC7bnSFRUlLDeAgMDMXfu3HquEVWHRCKp0nCqPWPGjMHOnTvx6NEjREVFISoqihe9hJMnTyI6Olp4n5KSArlcDm9v73qsFamjav/JfapukEqlSEhIQHJyMlJSUgAA9vb2cHBwQPv27WFiYlLPNSQiIl1VrQBWYmKi0jC5XA4A8Pf354n+c0gikcDf3x/5+fkAgLi4OGbzPAfK3l1OSUnB4cOH4ePjU4+1oupwcnKCnZ0dHj16pDS8V69e9VSjF5eJiQlmzJghBLEA4PDhw7C2tuYNmheURCJRCl4pREdHM4BFVEWhoaEIDw8XzjkVFNcWxsbG6NOnDzMciYjqSFJSEkQiEQCgQYMGOh8D0HofWIcPH0ZUVJS2i6VaFBUVpXQikZ+fj7i4uHqsEVVGVdMIAEhPT+f295zy9fWFo6Oj8H7AgAEYPnx4PdboxSCVSssNMzExKffdnzx5sq6qRDqGGZJENSeVSuHv74+wsDClc04rKytYWVkJ7/Pz8xEaGgp/f3+V+2ciItKuhw8fIikpCUlJSeVupuuiWukDS3FhzUys54OqKCvTt3VXRcErHx8fuLi4YOfOnUIqPj1fjI2NVf5PtWfnzp0YM2ZMue0lOTlZ6X1KSgokEonO35WiutO1a9f6rgLVwIULF1BQUCC8NzY2Ru/eveuxRv9tgYGBuHfvnvDe0dERY8aMEfapEokEhw4dEqZJTEzE3r17MX369HqpLxER6aZa68S9JkGs4uJinDhxAufOncPjx49hYmKCNm3aYMyYMUoZCtWRmZmJW7duwdPTs0bl/Pnnnzh9+jRWrFhRblxMTAx27dqFLVu21GgedcXd3R2JiYlCE4muXbvWOPj4zjvvlEsPBwA7Ozts2rRJ7Wf/+usviMXiGq/rsiIiItCxY0eYmZlptdy6pC54pVhnM2bMwJYtWzBjxgytXGzn5uZi3rx5aNasGZYtW1bj8lRJS0vD7NmzsW/fPujr62u9fHXba3354osvlC6eygoODkZwcLDSsPbt22Py5Mk1mu++ffvwxx9/YNGiRWjfvn2NylKl9He9fft2NGzYEOPHj9f6fLTl0aNH8Pf3x/Tp05WCWGWbygPQWgArMjISQUFB+Pfff6Gnp4fmzZtj2LBh6NmzZ43LPnLkCI4fP45BgwYhMzNTZ75/Vdu4XC7Hjh07YGBggMmTJ8PAwKCea6maqmCy4uIbgHD8lEqlcHV1rVZg69ChQ/jrr7/wySefKA2/dOkSdu/eje+++656la+i2t4X65Ky+1cAagNY+fn5ePvtt/H111+jadOmasuWSCRYvnw5cnNzsW7dOjRs2LDG9X2ehYaGKgWvrKysMGnSJKWbpdbW1pg0aRK2bNmCjIwMACXbVmhoaJWb6tb2ecvzdp5PRKQtRUVFyM7OrtcburX6FMLqBrE2b96Mf/75B9OnT0ebNm1QUFCAU6dOYdmyZVizZg2aNWtW7TrduHEDMTExNQ5g9erVC926datRGbrE3d1dCGBpK3Nu8eLF6Ny5c5U/d/r0abRq1apcAEvR15qijW5VHThwAE5OTlUKYMlkMujpab2lbbVoErwCSrLnJk2ahEOHDsHb27vG/fb8+eef6Nu3L6KiopCSkgJ7e/salVeWTCZDo0aNsGPHjlq7YNLF7VVd8KoiqoLCVVFUVIQLFy5g4sSJCAkJqZUAVmnvvPNOlbefut7mjIyMkJ+fD39/f4wZMwYSiQTx8fEqA1jayIo7deoU9u3bh7fffhseHh4wNDTElStXsGPHDuTn56Nfv341Kj88PBzTpk2Dl5cX8vLytPpd1mQfrGobv3//Pvr27Vvrv8OacnBwgJWVlXBRDQCvvfYagJI+I/fu3SsMj4+Px8OHD5/L5r91sS9+Udy+fRsymQw7d+6s0vaiS+cc2iKVShEeHq40rHfv3kLw6tChQxCJRPDx8YGJiQnc3d0RFhYmTBseHq40vSZq+7yFiOhFVFRUhISEBFhbW/93AljDhg0rd4FV1fbrCQkJuHLlCjZu3Cjc4TIyMsKYMWNgZ2cn3KFNS0vDrl27kJycDJFIBDc3N0yaNAlGRkaYM2cOhg0bhqioKGRnZ8PAwADz589HcnIydu/ejeLiYixbtgwrVqyARCJBQEAAkpKSoKenBw8PD4wdOxb6+vr47rvvYGZmhrS0NKSnpyM7OxszZsyAi4sLIiIihCyDrKws+Pn54cGDB7Cysip3oXzq1CmcOnUKMpkMxsbGmDhxItzc3GrwTT//MjMzsX37dqSkpEAmk6FZs2Z4//338eeff+L8+fOIiorCw4cP8eqrr+Kjjz7C2LFjcfToUWzcuBGLFy+Gr68vXF1dAQC7d++GTCbD1KlTUVhYiMDAQFy9ehXFxcXo3bs3Jk2ahG+++QapqalYvXo13nzzTVy+fBlNmzYV7qBfuXIFBw4cwFdffYUzZ87g0qVLMDAwQFpaGtatW4eYmBj89NNPyMvLg76+PkaNGlXjC82qCgoKKjesoocmODg4wNraWsgsqUkQKywsDPPmzYO5uTnCwsIwceJEAEBqairmz5+PiRMn4sqVK5BIJOjQoYMQtEhNTcWOHTuQmpoKmUyG7t2745133oFIJIKfnx8sLCxw/fp1uLi4YPjw4Up3/c+cOYOTJ0+iuLgYFhYWmDJlChwdHfH06VP4+vpi2rRpOH/+PCQSCRwdHTF79myIRCI8ffoU/v7+uHfvHgwNDeHj44O+ffsqba8AcOLECYSEhAjlv/vuu2jdunW1v6PnxeXLl9G6dWv07dsXhw4dQk5OjhDQ/e6772BiYoInT54gJSUFhoaGmDJlCo4ePYrHjx/DysoKH3/8MYyMjLBt2zaYmpoiLS0NGRkZKCoqwsyZM+Hs7Kw0v927dwsZQIWFhfD390dcXBxkMhlatmyJ999/H5aWliq3ubri6uqK6Oho5OfnIzAwsFbnVVBQgP3792Py5Mno37+/MLxPnz6wsrKCWFxySH727Bn27t2LGzduQC6Xw9bWFtOmTUOTJk1w7tw5nD9/Hi1atMDdu3eRnp6OIUOGYMiQIdi4cSNSUlKwb98+PHjwABkZGcL3r9jnPnjwAI0aNUKfPn0QFBSEbdu2ISQkBOHh4fjiiy8AlGQvTJ06Fd9//z2kUmm5fXBhYWGF23ZF++CnT58qbeMVHRcr28brS+/evYWMHSMjIyFbLzQ0tNy0ERER8Pb21npT/IqOm5aWlpgxY4ba46Km296CBQuU1lN8fDwCAwOFYOjAgQMxdOhQACU3m06cOCEEXYYPH/5Cdbxd0TlicXExdu/ejZycHMybNw/Lli1DcXFxheesZY+HrVq1wrlz59C0aVPcvXsXGRkZmDlzJsLDw5GUlIS8vDzMmzcPzZs3R2FhIfbv3y/cgGzZsiWmTZsGc3Nztb+XuhQfH1/u2uDRo0cICwtTekBC165d4eTkBCcnJ6UAVn5+PuLj46t0c1XVeUtubi5mzpyJVatW4aWXXgJQ0u/LwoULsXPnTsybN6/Cbaiy8/wX9ZyCiF4ciuBVXl4eANU3M83NzWFhYVHrddHKbZ6MjAzcu3cPTZs2hbOzs9KrsjTrsm7evFnh57y8vGBrawsA2Lp1K5o3b47Nmzdjw4YNePjwIY4ePQoA0NfXx40bN7B48WKsXbsWJiYmCAkJgaurKwYOHAh3d3fhQnbr1q1o3LgxvvnmG6xZswZxcXHCgVNfXx8RERF49913sXLlSvTr1w8///xzuXodPHgQYrEYfn5++OKLL3D9+nWl5Tl8+DA+/fRTbNq0CW+++SY2btyI7OzsKn0v2iSRSHDv3j2ll+IxxkBJXy9lx5ftD6amfv31V5ibm2PLli3YunUr2rZti5iYGIwcORJOTk4YN26c0KTk2bNnKCgoQEBAQKVp+MeOHUNycjI2b96MTZs24ebNm/jjjz/g6+sLAPj0008rfbKboaEhEhIS0L9/f6xbtw6FhYXCuvPz88P777+PnTt3IisrS2vfhyYmT56s1NGpuid+RkVFCSeFNekENT4+HqampmjevDn69u2LCxcuoKioCACgp6eHoqIiPHv2TMiOjI6ORmRkJADg+++/h5OTE/z8/LB+/XpERETgypUrAAADAwNcvHgRixcvxtSpU5XmmZCQgMDAQCxcuBCbNm3CsGHDsH79ehQVFUFfXx+FhYXIzMzE0qVLsXr1aly/fl146MC2bdvg5OSE7777DosXL8b333+PBw8eKJV/584dHDlyRGji1q1bN+zcubPa31F9CQoKwpIlS1Rm5VUkJCQEAwYMgIGBAXr06IGzZ8/j1FHvAAAgAElEQVQK4/T19XHt2jXMmjULGzZsgFwuh7+/P3x9fbFhwwZkZGTg6tWrAErWfWRkJGbNmoUvv/wS/fv3h5+fn9p5nzx5EikpKdi8eTO2bduG4uJiYZ9ddpurS1Xp88bf379G+8K///4bUqkUXl5e5ca5ubmhXbt2AICjR48iKSkJGzZswObNm+Ho6Iht27YBKFlPcXFx8PDwwBdffIE5c+YgMDAQhYWFWLBgAZo0aYJp06bhrbfeUir/0KFD0NfXh5+fHxYvXowzZ85olOmhah+sbtuuaB9cmrrjYmXbeH1RXNQCUGpqWlFnp6WPqdpS0XGzMtXd9nJycrB+/XqMHz8emzdvxmeffYYjR47g5s2bKCgowM6dO7FkyRJs2bIFS5cuxdWrV1FYWKj15dZVFZ0jdujQAZMmTUKzZs2wadMmNGzYUO05a9njob6+PhISEjBgwACsWrUKnp6e2LBhA0aOHIlVq1bBzc0Nv/32GwDg+PHjuHPnDtauXYtNmzbBysoKAQEBAKr/e9E2VfvMqKgohIaGCg+dUQSvKpq+Kvvdis5bTE1N0b17d5w5c0aYNiIiAt26dYOpqanaMtWd5/9XzimIiCpSNniVl5cndPpe+vXw4cM6qY9WMrAkEonanXVVMkByc3MrTUnLysrC7du3MW/ePAAlB/9XXnkFwcHBQl8fvXr1ElLgHR0dkZaWVq6c7OxsxMXFCXd2jYyMMGDAAJw9exaDBg0CAHTu3FmIJL700ks4depUuXJu3ryJ8ePHQyQSwdDQEK+88opwYnL58mV4eHigUaNGAIBOnTrBzMwMt27dgoeHh0bfibZIpVLs3btXZdOY0ip62pa9vT2mT5+u8V3l9evXl4vOjh8/HsOHD0ejRo0QGRmJ6OhouLq6YtSoUSrLUHzey8tLo7vvly5dwhtvvAEDAwMYGBhg+fLlQlZDVZiamgr9mBgYGGD79u3Ccrdv3x76+vp4/PhxnUSZFZycnDB37lycPHkSGRkZcHFxUTld6aaGVlZWShdeVRUaGipkilhaWqJVq1a4fPmyUhBQcTFubGyMTp06IS4uDj179sTHH38srDNzc3M4OTkJF3UikQguLi5o3LhxuXlevHgRnp6eQrDa09MTP/74I27fvi0Etl9++WUAJc0l7ezskJaWhuzsbMTHx8PX1xcikQhNmzbF9u3b0aBBA9y9e1cov3Xr1sJwoGQbP3bsWLW/o7qUkpKC+Ph4REVFIT4+HkDJ+raysqq0j5CUlBSkpaWhQ4cOAEqecqgIECp07NhR+J03bdoUlpaWMDIyAlBy0f706VNh2i5dugjZWz169MAPP/yAzMzMCuc/YsQIDBkyRNge3dzchGUAlLe5uuTg4AAfHx+NAoGKpoZl+8vSVE5ODkxNTWFoaKh2usjISGE/BgADBw7EsWPHkJubCwCwsbERgl2Ojo4oLi6GRCJBkyZNKizz5s2beOuttyASiWBqaorevXsjJCSk0jqr2ger27Yr2geX/m2oOy4qshZUbeP1SReeOKjpcbOs6m57N2/ehKWlJTp16iTM393dHVFRUXBzc4OlpSVCQ0PRr18/ODg4YNGiRVpYyueLJueIlZ2zqjoe2tnZoUWLFgBK9sUODg5CM7imTZvi2rVrAEq2t5EjRwrNm4cOHQpfX18UFxdX+/eibZUFc7t27Spkw0ulUkRERFS5jNLUnbe88sor2LRpEyZOnAgDAwNEREQIWeXqqDvPf57PKYiIKlM2eKULarUPrOqwsLDAnTt31E6jOBEuHTywsLBQ6p+idJBFJBJBJpOVK0cx/dKlS4VhivRfVeXo6empLCc7O1upXyVzc3Olupa90Clb17oSHh5eafBKnZSUFISGhmrct8fChQsr7ANr0KBBEIlECAoKwqZNm9CxY0dMmTJFuKApS9NAUUZGhtL3rzihKC4u1ujzCmVT7M+cOYOLFy8KfcAUFRUJ/9clExMTjBkzBnFxcdi5cyeGDx+uFBwu209WVTs+LS07OxuXL19GdHQ0fvzxRwAl/XPk5eUpBbDKft+KC824uDicPHkSUqkUIpEIKSkpSn3dVLROMzIycOPGDdy4cUMYVlBQgIyMDCGApWq7VGxTpetT+n+F/Px8HDhwAH///TeAkuZa9bEuq6OiZm6abNchISHIyMjAlClTlMpLSEgQ1kvpPp709PTKvS+9/1O1neXk5FQ4/0ePHuHgwYNIS0uDSCRSWp9A+W2uLrm7u8Pa2hpBQUGVPj64JkEsS0tL5ObmIj8/X21/WpmZmUrbh+K7Vhz7yh7fAKg8NpVW9jilLtilSun6qNu2K9oHl6bJcVGTY29dKZ2ZDUCpnkZGRir7s6tqf2kVnacoMk+Bqh83Faq77ZX9HQIlv8WnT59CJBLhiy++QFBQEFatWgU9PT2MGjXqhWpCCGj2O9XknLXs96zpvjgjIwOBgYE4cOCA0mczMjKq/XupS0ZGRkJ/coqbrDUJFld23tKhQwcYGxvj6tWrsLe3R05OjkZ9tao7z3+ezymIiDRRnX57a5POBbA6deqEgwcPIjExsVzW1rFjx+Do6CgMz8jIEA7EWVlZVe5MTNEcbe3atSovdDVlZmamdOFW+uBbtuPX6tZVGxQXuXZ2duWCUMnJyUL/HsOGDSt3caG4sNNms4iBAwdi4MCBkEqlCAgIwJ49e4Q7lGWVzr4q2+xFKpUKWSKWlpZKd/ozMzNRXFxc7gRdT09P6QRDXVQ5KioKR44cwZo1a9CkSRPI5XJMmjRJ8wWtBa6urnByckJgYCAcHBzw2muvqezkvSbNB8+cOYOePXvigw8+EIbJZDLMnDkTKSkpwt38zMxM4c5xdnY2LCwskJ2djQ0bNmD+/PlCXxGrV69WKr+ijLqGDRvi5ZdfLte0EIDawK9iHZfeL6SmppbrtP/QoUO4f/8+li1bBmNjY9y5cwfLly9X+13UFcX+TSqVIjExsdJgiqYKCwtx9uxZfPXVV0JmG1DSxCQ0NLRanWiX3s4UTaLVBZq3bt0KV1dXfPjhhxCJRDh69CgSEhKqPN/a4uTkBF9fX0gkEkgkEuGCcefOneUO3NUNYjk7O6NBgwYICwtTynwDgOjoaKHzbysrK6XvV9Fc2draWulJXlVhamqqtJ8rndGkap9almJ7rWzbrmgfXJouHRfVuXDhAiIiIspdUEskEkilUpiYmMDJyanc77h0H1maatSoEZKTkyGXy5X2jffv31cKNlZ03FR3XKzutlf2dwgoryd7e3vMmDEDAHDr1i18+eWXaNu2bY0etFNVZZ/mamxsjM8//7zO5q8JRdN/dees1e3fzdraGj4+PhU+mKgq51m1xd7evsL9loODg1Jn7hXdjNG0E/bKzlvs7e3Rt29fhIeHw8HBAX369BECxOq2IXXn+bp8TkFEVFNisRguLi6Ij4+vckJIbdG5R520atUKXl5eWL9+Pa5cuYLc3FxIJBLs378fQUFBsLOzg7m5Odq3by+kahcWFuL06dPo3r17peWLxWKhGYapqSnc3NyEzrHlcjmOHTuGc+fOVanOLi4uOH/+PORyOaRSqVK/Mp6enrh69arQ9CY6Ohp5eXn1+tQlxUl36Vfpk20HB4dy47XdGe13330n3NE2MTERAkOA8jpSpVGjRkK/RpmZmUp9EXTv3h0hISEoKChAQUEB1q1bh8jISOjp6UEkEgnlNm7cGElJSQBKsrNUpawrZGVlwdLSEjY2NpDL5Thy5AhEIlGNnwhXUyYmJpgxYwasrKywefNmlU2ggoODq9RHkoJcLkdoaGi5/sIUDzoonY1w+vRpACUXtjExMXBzc0NeXh6Ki4uFTr2joqLw77//avSd9ejRA5cuXRIusB8/foyvv/660ui/hYUF2rZti+DgYMjlcqSmpmLRokV48uSJ0nRZWVlwcHCAsbExpFIpfvvtNxQXF9d73y3Tp0/HjBkz4O3tjeHDh8PX11dlNoOdnV25YZVle1y8eBG2trZKwSsA6NmzJy5fvqw2c6oi169fF/Zr586dQ4sWLdTeCMjKyoKTk5OQsXPx4sV634ZUsba2FvaJDg4OmDFjhnARU5oiiFWVvlkMDAwwadIk7N+/H8HBwUIg5OzZs9i6dasQqPD09ERYWJjwmzx16hTc3NxqtB9u27YtIiIiIJfLkZeXh4sXLwrjGjVqhEePHgnzU3cMrGzbrmgfXJouHhfLCgoKEtaRKoomeH369Ck3TtWwynTv3h1FRUUIDAxEdnY2CgoKcOnSJfz+++9CsFPdcVPdcbG6216HDh2E/TpQEvSMjo6Gh4cH/v33XyxfvlzYdzRt2hRisbjOM09UBZd1TU3OWSvTo0cPnDp1Svgerl27hj179gBQ/3upS+qCuRkZGQgLC0NYWJjaGzaaBIQ1PW955ZVXEBMTg3PnzglNlQH125C683xdPacgItKWBg0awMXFRQj4GxoaomnTpuVeqq5RaoPOZWABwAcffIDg4GAcOHAAqampMDY2RseOHfHll18KF2CzZ8/G999/L/R307VrV4wYMaLSsrt06YLffvsNs2bNwrZt2zB79mwEBARgzpw5kMlkcHZ2rvLT5caNG4dt27Zh5syZsLKyQt++fYUONl1dXTFmzBisXr0aMpkMpqamWLRoUaUdRv4XrF27VuXw7du3Y9iwYQgICMAvv/wCPT09ODg4YPr06QBKTsgCAwORmJiId955p9znx48fj127duHSpUuwtrZGjx49hI7FR40ahZycHHz44YeQyWTw9PTE4MGDIRKJ0Lt3b6xcuRJjxozBoEGD8M033+Czzz6DqakpOnbsqPJpUor6hIeHY86cOWjQoAFGjx6Nl19+GX5+fli6dGmVH1SgbX369BEupqysrIR0fMWj3RWdpPr4+GhcZmxsLHJyctCxY8dy43r27InNmzcLwRVra2ssWLAAOTk56NmzJzw8PCASiTB06FAsWbJE6Dh14sSJ2LVrF5o3b6523u3atcObb76JNWvWoKioCGKxGCNHjoSRkVGlGWVz5syBv78/Zs6cCUNDQ0yaNAktW7ZUuvs7fPhwbNmyBR9++CEsLCwwdepUJCUl4ZNPPsGGDRs0/o60qXRmaWne3t5KwUI7Ozv4+voiOTlZKTOosqaioaGh6NmzZ7nh1tbWcHR0VDoZ11TXrl2xY8cOpKSkwMTEBLNmzVI7/ZtvvomffvoJv/zyC5o3b47p06dj3bp1+OGHH9CmTZsqz7+uKIJY2srE6t+/PywtLXHixAkcPHgQIpEITk5OmD9/vtA/2euvv46cnBx8/PHHkMvlaNasWaXfb2UUx6kPPvgA9vb26NOnj3Cc6tixI9q1a4clS5bA2tpaCMCoag5la2urdtuuaB9cuv80dcfF+mher4piv1mR6OhouLu7w8nJqVxGWUX9E6pjamqK5cuXIzAwEHPmzEFRUZGw3hWZbuqOm+qOi9Xd9kxNTbFw4ULs2bMHu3fvhp6eHt588020b98ecrkcrq6uWLx4MYCSG08+Pj6V7t9fVNU9Z63MiBEjkJeXh4ULF0Imk8HS0lJoJq7u91KXXFxcKmxqa2RkJATVVN0oUAzXZJvS5Lxl/PjxsLW1RatWrZCTkwNHR0dhGnXbkLrzfF08pyAi0jZFECs+Ph42NjZ1mm1dlkhexdsxiYmJ8Pf3r9JMqtKJO1WNqqaWqiQnJ8Pf31/oe6XsBdehQ4eEp9a5u7srBTsq+yzVnKbrsSJSqRQpKSlq+8Mqu15rKi0tDbNnz8b+/fs1eprZi0LTdblkyRLhf2trayxcuLDcNBKJBOvXrxfeOzo6Ck12JBIJoqKihP6b6tL27dvRqFEjjBs3rk7nWxU13abKKhs0LM3Y2BgLFy7UeqaqtslkMmFbDQ8PR3BwML788st6rlXd0+S3sWfPngqzeZycnNC7d29hfa9bt04pgLVw4UKdaw75vKnOflRhzZo1AEoC96VvAAAlD69QBPzVfZYqV5V9rKp1ASivD02m0ZYtW7bA2dm5XFNuXaTtYxkRvRguX74MNzc3jaYtnSlvYWGhNiM+Ly8Pubm5sLGxqVH9FDcIFA8l0USXLl0A6GATQqodgYGBwsl4fn6+kJ0DlAQ6FMErxfvSd5/VfZZ0g6JZaGnu7u5KJ2dRUVHw9/evUb9YqrCz0pqTSCQ4fPiw0rpJTk5W2WG7grW1Nby9vevtQvlFW++VNSes6OmtuuLYsWNYsWIFCgsLUVRUhD///LNamUIvismTJ2PGjBkqX97e3kLw6sKFC+WyxsLCwrS+nyV6nnl7eytlO2nK0dFR68GrhIQExMbGVrm1BRERlWRi1TR4VVM62YSQtK/sCXbpznxV9fFR+uRb3WdJt/Xp0wcpKSlCgDIxMbFKT5KkuhMVFQU7Ozuh+VZoaKhWH5pANaeuOWFNnpxVF1599VXcv38fc+bMgZ6eHlxcXDB69Oj6rtZzSSKRICwsDHFxcSqztKKiohAXFwdXV1cMGDCA2VhEACZNmoTAwEClJv3x8fFCB/aKrhAUHB0dtf7AnFWrViEpKQkffPCByiekEhGR7qtyAMve3r7Kj0nW9OkhVHt69eql1FG5u7u70v8XLlwQLsiMjIzg6uqq0WdJ940ZMwYAhCCWti60bWxs8PPPP2ulrBfRsGHDyl38lt62vL29yzXV1ZV9aU37Y3qeVRTE6t27dz3WqnLGxsaYO3dufVfjuVe6Sb06+fn5QjbzxIkTlY6ppD1l96OlH2ihKsOw9DB1nyXtUzx4JjQ0VDjnTElJKXejxsjICH369NF65hUAfPbZZ1ovk4joeVe6P+fnoZ/uKgewTExMauWgQrVr+PDhMDExEdrSl16H1tbWmDFjBsLDwwGUXIiVvmNc9rO6fqFG5b322mswNjaGRCIRAlpUvyp7UpniKXikexwcHLBo0SKEhoZCIpHA3d2dAYoXRHh4eJWfdBccHMzfRy1Rtx+tbB9anadFUs15e3ujd+/eiI+PR3JyshDAsre3h4ODA1xcXHS+P0Eiov+S+uyQvTrYhPAFoi7w6ODgoDawwaDl883ExITNBom0iNvUi6k6fVtV9HQ1oheViYkJ3N3dmdFPRERVxgAWERERkQYmT55c31UgIiIiemHxKYRERERERERERKTTGMAiIiIiIiIiIiKdxgAWERERERERERHpNAawiIiIiIiIiIhIpzGARUREREREREREOo0BLCIiIiIiIiIi0mkMYBERERERERERkU5jAIuIiIiIiIiIiHSa6ODBg/L6rgQREREREREREf23DR48GABw7do1jT/TpUsXAIDYwsKiVipFREREREREREQvLrFYDGNjY1haWsLa2rpmZTVs2FBL1SIiIiIiIiIiIiqhr68PQ0NDmJqawsjIqEZliW1sbLRULSIiIiIiIiIiohJ6enrQ19eHkZERjI2NIZPJql0WM7CIiIiIiIiIiEjrRCIRRCIR9PX1IRaLIZVKq12WuEGDBlqsGhERERERERERUQlFEEskEtWoHLFYLNZSlYiIiIiIiIiIiLRPr74rQEREREREREREpA4DWEREREREREREpNMYwCIiIiIiIiIiIp3GABYREREREREREek0BrCIiIiIiIiIiEinMYBFREREREREREQ6jQEsIiIiIiIiIiLSaQxgERERERERERGRTmMAi4iIiIiIiIiIdBoDWEREREREREREpNMYwCIiIiIiIiIiIp3GABYREREREREREek0cX1XQFtmrjmMgOORFY73He+Frz4cAdyPhtxvVMUFmdlA9NkVQCSqhVoSEREREREREVFV/WcCWBpr3gUwswFy0lSPz0kDEi8Bzj3rtl5ERERERERE9J8hk8mQl5cHqVSK/Px8FBQUAAAMDQ1hYmICExMTGBsbQyx+8UIz1fHifUsiEeA6EIjcV+Ek8usnIGIAi4iIiIiIiIiqQC6XIzs7GxkZGULAquz4/Px85OfnQyKRQCQSwdDQEFZWVrCwsICIrcEq9EL2gSXqNEL9BHEhgFxeN5UhIiIiIiIioudeXl4eEhMTkZqaivz8fMjlchQVFSE3NxfJycl4+vQppFIpZDKZ8Bm5XI6CggKkpqbi7t27kEql9bgEuu3Fy8ACAKcebEZIRERERERERDUml8uRlpaGrKwsyP8/GSYrKwsXLlzA1atXcefOHeTl5cHOzg4FBQVo3749hg4dChcXF6WMK7lcjqSkJFhaWsLGxobZWGW8kBlYQjNCNeTXT9RRZYiIiIiIiIjoeSSXy/HgwQNkZmZCLpdDJpMhPT0dixYtwpo1a3Dq1Ck8fvwYenp6sLe3h0QiwbFjxzBz5kzs3btXKRtLITMzE/fv3xeCYVTixczAQkkzQrmafrAQFwKM+pJPIyQiIiIiIiKichTBq9J9Xd29exdr165FbGwsDA0N4ejoiHbt2sHZ2RmWlpZo2bIlUlJS8Ndff2HPnj14+vQp3nvvPRgbGwtlAkBBQQH+/fdftGzZkplY/++FDWCxGSERERERERERVVdaWppS8CozMxNbtmzBjRs3oK+vjw4dOqBnz56wtbWFiYkJjIyMYGFhgYYNG8Le3h537txBcHAwGjVqhEmTJgnlKAJWz549Q1paGpsT/r96a0LYafRnal+JSRUElrSFzQiJ6DkwZkkg9HsuwsafzlY4zcpdYdDvuQiTvjggDNt5LBIHw25oNI+pqw7CqM8SPM3Mq3F9a9u8b07AcdQa4X1VllNT6wL/RMjlv7RaJhERERH9t+Tl5SEzM1N4L5fLcfv2bcTHx0NPTw9du3ZFz549YWlpCQMDA5iamsLMzAwWFhawsrKCubk57Ozs0L17d0RGRkIikQCAUqBKJBIhMzMT+fn5db58uqjeMrAS7iWrHV9QWFjrdWAzQiJ6Xuw+eRULJvQtN1wul2PPr1fLDT95IR42VmYYO6Cj2nKlBYU4ciYWRcUy/Bx6HbNGP19Zp5ouZ1UcDL2O3LwCDOzeWmtlEhEREVH15Ofn4+TJkzh9+jSSkpJgZmaGLl26wMfHB46OjvVSJ7lcjpSUlHLDfvnlF2RlZcHc3BytWrWCkZERxGIxDAwMYGxsDBMTE+jr66O4uBgFBQXIzc2Fnp4eMjIykJycDGtra5Xze/jwIZydnV/4LKwXtwkhoFkzwgfXgBZd67ZeRESlNLYyRcI/j3E5/gG6uzRXGncu5h4SH6ajibWZ0vATG6doVPbxc/GQFhTijVfcsPe36OcugKXpclZF1I++Wi+TiIiIiKouKSkJixYtQufOneHr64uWLVsiNzcXly9fxieffAIfHx+MHj26zuuVk5MDmUymFFAqLi5GZGQkZDIZzMzMIBaLcfv2baSmpqJRo0Zo3bo12rVrBwMDA2RnZyM2NhbXr1+HgYEBjIyMcPPmTbi5uQFAuc7b5XI5srOzYWFhUafLqWte7ACWohmhmiwsecwJiBjAIqJ61K19M9z+Nw27T14tF8DaffIqOrW2h4WpsdLwnu9uQ7Mmlji0ZhLU2ftbFPq5O2PKcA8M/+gH/PXgCVo3byyMtx+6ElOHe+Duw6cIDk+AkaEY7wzrhnUfDIW+vp4wjU//Dvg76SnOxSTi8q65cHWyxc+h17H6hzChzLUfDMXQXu2Ez8x43ROZOfnYeyoaeiIRxgzoiG8+HAFDA30AgEwmx7Kdp7DzWCSkBYV4rXd7GBooH7ZKL+eF6/+g73vfqlzO63vnwc3ZDnK5HF/vP49vf7mIlKdZaNPcBstnDMIILxdh2tY+6+Dt0RrfLnpDGKZuWYiIiIhI+3Jzc7FgwQJ88MEH8PLyEoYbGxtjyJAh8PLygq+vLxo2bIh+/frVad0Uzf1Ke/DgAfLz8yEWi2Fubo60tDQYGhqiU6dOkEqlkEqlePLkCUxNTZGbmwu5XI62bdtCLBbj3r17+Ouv/3VhIRKJygWx0tPTX/gAVr31gaUrRJ1GqJ/g+kmAj64konpU8KwI77zWDfv/iEF+QZEwPCevAIdP38CU4R4oeFakpgTV0iS5+OPyX3i9rxu8PVrDvIERfvo9utx0G386i7YtbHB4zWS8M6wbvtl/Hmv2nFGa5rujl2BtboI1s4bCxtoUgb9F462l+zDCywW/b56GHm4t8PrCH3Ht9v+aj2/cdxYFhUXYt+ItzBnbB98duYSAoMvC+K/3n8OaH89g2oju+GXtZDg6NMRPp65VuDydW9sjctcc4XV+xyw0sTZDB2c7tGlhAwBYERCKZTtPYfHb/RC6dQZcHJtgzJJAxN59VGG5miwLEREREWnXwYMH4eHhoRS8Ks3MzAwrVqyAn58fiouL66xexcXFePbsWbnhEokEIpEIMpkMTZs2RbNmzdC+fXvY2trC0dERxsbGkMlkkMlkSEtLQ35+PhwdHSEWi2Fvb4+8vDyIRCIhq6vs38LCQhQVVX7Of/jIUTi1cVH7WrBoiRa/kbrzYmdgAXXTjDA5AZBm/++9iTng0L5qZaQnAZIyF0sO7QATDSKwdyMBlGkra+0ANGxW+WfL1r2qqrOsZVy/dRdZ2SWdS3do6wgrC7NKPlHi34epuJ/8uMLxmdk5sDQ307jMc5dvVNjm+N+HqWjZ1BYtHJqgZVPbSsvKyMrBzdv3Kp2uLC+PDhWWU93vpqLPqVve0qoy34pcv3UXwacv4dzl/3XGbWluhk7tnTBhpLdG3+l/Wf6zIrwzrBu+8A/BkT9v4q3BXQAAP4feQFGxDBMGd8EPQVeqXO7+kBgUF8sw8mUXGBroY1jvdtj7+zV8MX2Q0nSThnTF8hklwwb3aIM0SS42H7iAJZP7CVlYI7xcsG/lWwBKUpyXbP8N4wd2wqr3XgUAeHVyxPmYf7D10AXs+mxsSVmebYUsp0GebXDiXBzORifi/Td6oqhYhg17z2LqcA98OWuIME3S40ycv6562zFrYIRu7f+3X1u4NRgZOVL8sUvBs4cAACAASURBVHW6kNX128Xb+OjNlzFtRHcAQKfWDjh0+iZ+u3gbbs525crUdFmIiIiISLvCwsKwbNkytdM0bdoULVu2xK1bt+Dq6lon9VJ0qF46wCSTyWBtbQ19fX0UFhaiQYMG0NfXx6VLlyCVSmFqago7OzuYmprC3t4eOTk5KCgoQGhoKIqLi9GiRQs8ffoUxcXFSuWWzcTKy8urNAvL541RAICFiz9VOf6NUSOxcd0aleN0HQNYddCMUH5sNZBY6uLS2Byi+cc0CyApyjiwWLkMAKL39wDOnuo/eDcS8m8nlx/u0A6i+ccrn2/ZuleVkwdEs/ZW//MAXn17EbJySgJYn8x6C59+MFGjz+09FoIvt6vppL+UFg5NsGP1fLzcveKOoIdMWaxRWZbmppg9+XXMmjiywsDOjVuJGpdXWm7crxWW07GdEy7+sk2jckp/N7/9sFblclelfh3bOWHi696YMNK7SsGsoLCLWLh2R4WBxpOnL2K130/w8uiAT2ZNULt+/svynxWiWRNLDPJsjd3BV4UA1u7gK3j9ZVc0tGiAgsKq33Xa+1s0enZoCfvGJQfBUa90wIGQ6wi/8Q96d3xJmM7a3ETpc6NeccPe36PxMC0LLeysAABODg2F8Qn/PEbKkyy80e9/AVc9PRG8Or+EizfvC8Ocm/7vMwBg18gcjyU5AID7jzLwJCMXI152UZqmkWUDjZbt3LV7+Hr/eaz9YAg6lApMXQqYrTRdA2MDNLJogPQKnsCo6bIQERERkXY9fPgQLVu2rHQ6R0dH3L9/v84CWFKptNwwkUiE5s2bw8rKCo8fP4ahoSHMzMzQrFkzPH78GI0bN0aHDh1QWFgImUyGli1bomXLljA2NoZUKkXTpk1RWFiI+/fvw8TEBKampjA1NS2XUFBQUKBRHSsKYj3PwSuATQgBACLXweon0HYzwvxsyE9U4Udz5Ui1g0jycz+qHpF86/8zs3Rb4NEQIXgFAH6Bx5GRlaP1+dxPfowhUxbj1XcW1bj8zOxcrPb7CT1Hz8b1W3e1VMPK3biViJmffl1n8ys774Vrd8Jl0BQEhV2sdPqMrBzM/PRrjJ+7Uil41adbB6WXwvkrNzFkymJ8uf2nWqm/rnv2/8GpqcO74/TVu7j/KAN/PXiCiBv/YspwDwBAYVHVAli3/01D1K0kvN73fwf6IT3bwthIjL2/lW9GWJqNtSkA4FG66uxMRRBq7Cd7od9zkfAKOHEFkuzyB/zSFHeYHj0tKdu2oblmC1RKVm4+3ln5M7w6v4T5b76sNC5Nkou5Xx2H8xtrYez1CfR7LhLqq+1lISIiIqLqMzc3R25ubqXT5eTkwNjYuNLptEURRFKct8pkMuH/AQMGwNnZGUZGRhCJROjSpQvGjRuHV199FZaWlpDL5SguLoaenh6MjIzQt29fDBgwAI0bN0ZOTg42bNiAffv2ISYmBmlpaSgoKIBMJhPmrarpYkV83hiF9WtXC++f9+AV8BxkYH267TgSHz6pcPwH415Bn87ONZtJq151/zTC2NCSAFJlGVTSLMiPf1m9eaQnAXFhFY6Wn/sRosrmX89W+5UELJrbN8GDlMfIzM5FUNhFTBo1sErlVJRldP3WXdxISMRqv5/wIOUxzl+5idV+P2HDkpkVltWnWwec+nFdueEZWTk4f+Umtu05hgtXb5YExd5Z/H/s3XlcVNX7B/DPMMM2rIqCuMviriQuiYK72aJimplrWhlulWXulVqpmZV+M02pXy6pmblrLimaC2riBqS4oQICSi7AsDPD/P6YZmK4M8MMzMCAn/frxSs598655565KTzznOfg6h9rDWYlmZJVVpqNu44guEMbk+fHEH33C6iWGcZcu42Nuw4j9vodZMiy8dq7n2HSqFCDczjsnc9w6nwsAMDVWYq5k0dh1CBh9lZC8gOtbLGFKzfhSUaWwb6rI3X8fGBIS9R0dcT6/ReQl1+IBl7u6NPR/99zTAuyb/y31tXM7/Zj5nfamX1bI2Kw/P2BsLfT/U9E2mNVUMerpu7n2kVqDwAIn/0K2jevp3XMViI2anzetVSBq0d6MqMMmbpsD55k5uLPVRNgY6P9qdWAD9dCIrbB5s9GoGmD2nC0t0WTl/X/Q26OeyEiIiIi0wUGBiIqKgr9+ulPOFEoFDh37hzGjx9fYePKz8+HUqnUZFPl5eUhKysL6enpcHR0hK+vLxQKBeRyOcRiMRwdHWFnZ4f09HTI5XIoFApIJBKIRCI4ODhAqVRCLpejcePG+O2333Dr1i0kJCQgMDAQPj4+aNCgAby8vCCRSDTLF431yuCXNdlY1YHVB7AOn43DpetJeo/3D2lT/gCW2K5SdiNUbpmtWkpooI6V8sR6IK9sNaiUJ/VkX6ldiVAFuUxYymgqUbexZX7t3ogzSEpVZecsnR2mCQwtWrXJbAGagOa+CGjuiwG9g/D82JmIvX4HqzbuRrdObTGgd5BJfbm7OmNA7yAM6B2EhSs3YtGqzciQZePtud9g6wrDa7fNacJHy9C2hQ8Cmpfz/wsjdOvUFt06tcWUMYOwN+IM3p7zNTKzcrBq4260be6j832avniNJnjVplkT/LriE701rhrV88LcyaPQv3eQZimpob6rOztbMUY9H4j1v59HfqEcbw7oKAjQGEOpVGLToUvo2raxpr6UWvTNFLz79W78fvoaBvdQbeMry9FOVd576ipquTuhfm03nf239qkDVycH3Ej8B28O7KhpT/4nQxMQKk1DL3d41nDGnhNX8EJQM027oWwpANj5599Y//sFrPtkmGZ5o9rD9GxEXU3Cz/Nfw7OtGgIA8vLlyDNQAN8c90JEREREphs+fDjmz5+PkJAQSKW6y0hs3boVgYGB8PDwqLBxKRQKZGZmIjU1FTdu3EBKSgouXryI5ORkdOvWDS1btsTVq1fh7OyM9PR0ODg4wNXVFUqlEjExMahRowYeP36MgIAA1KhRQxP8cnNzQ05ODoqKinD16lWkpaXBzc0NTZo0QVBQEPz9/Sv0Pq0RlxD+q8KXEQLAk2T9S/wAVXDpsHE1jQRyM4GonaWepvxjhcHjokkbIfrquv6vz6JUxeR1vXbYYqB1nzINHwC+27ALgCr7akDvIEwZMwiAarnfzzsPl7lfXdxdnbFm0Qea74sXEy+LuZNHoYG3JwDg96Nny9WXsdo0a6L58wtjZ1lkqaUhA3oH4WCxTK2ZS8IFY0hIfoBVG1W111ydpTi4bolRBdoDmvsK+n5avTGgI+6kPEbKP5kY279j6S/Q4VT0XSSkPsHEIUEIDmis9TVxcBDq1XbTWka4dt95LN14HKdjEjD/hz+wYf9FTH0tRFPAvSR7Ownmj++Lb345gbnfH8Sp6LvYGhGDruNX4fOf9GeFFicW22D66B74Yfc5fLT6IP746wZmrdyPX4/o/38z7UkWwr7Yjo4tG6CNbx1cvpGi+XqUkYOarlJ413LFkp//xG8RMdh06BJ6TV6DzOw85OYXWuxeiIiIiMh0zZo1w8CBAzF16lQ8ePBA61hRURG2bNmClStX4vHjxyYtrSuv7Oxs3Lp1C+fOncP58+cRERGB27dv4/79+4iPj4dYLIaNjY0mMJWZmYmsrCzY2dmhRYsWqF+/Pry8vJCbm4vHjx8jMzMTMpkMKSmqTdvUAbK0tDSkpKQgJiYGhw8fxpUrVyr0Pq0RA1hq6mWE+qiXEZrb4e9UgSodlFtML/KtEbVDmLkVMgZwKLHk5+8IVbCrjJS7F6rqaZXUYRDQcXCZ+z1xLkaTpTN38kgAqgCJOii0afeRMvetT0BzX7g6qyL7Mddul7u/bp3+q+GUkPzAwJnmMaB3EEaG9gagqsNVliLx5RXQ3BdzJo3QjGHjLu33SR2UBIAvZ4WZVPA9oLkvJo0K1fRt7iBmVdHatw46tmyAnu190di7Rpn62HjgItxdHDUZVsXZ2Igwrn8H7D99TbN8b+Tz7RBzKxUvz1yPFb+dxtTXgjFjVHeD13hvWDDWzBqCXSeuoPfkNfjwf/sw6vl2+CyslA8Linn/tWDMfr0n1uz8C0NmbcCdlMd4b1hXveefjknAo4wcRF1NQvvX/6f19VtEDGxsRNj39Ti4Oztg3GdbMff7gxj1QiDaNauLuLv6dyw1x70QERERkemGDx+OYcOGYcqUKZg+fTpWrlyJJUuWYNiwYbh79y6Cg4Nx5swZzJo1q8KCO46OjrC3t0f9+vVhZ2cHNzc3KBSqerSXLl3ChQsXcO/ePcjlck0AKzMzE0lJSYiNjUV0dDTu37+PmJgYPHjwABkZGXjw4AF2796NgoICTU2t/Px85OXlIS8vD/Hx8fj7778hkVj9IjqLerrvvjhjlhFe+cPsywgBQPnrbIgm/qzd+PeRcu3+p2v5oCjkdShzM4Hz/wURkCdT1cLq947p19i9ULsvNZ+OEL2mu2aSsTbuUgUnXJ2lWkv55k4eiQkfLcPJqFicOBdj9l3pGtXzQuz1O2YJOBXPLEpIfmBUplF5hS+ahphrtxF7/Y6mqPuahR+U/kIzmjx6kKZm1cqfd2ky5wDt97UsSwCnjBmkyeDae9T0WmhV0W+LRwvaSu6kBwA3t83U+v6MjnPU1swegjWzh+g9vuDt57Dg7ec033u4SrH03f56z0/d/7HO9jcGdMQbA3Rniel6zd6vx2l9LxKJ8FlYP0Gg6Ov3Bmj+XPw+B3VvBcUZw3/3PNO0Lo6vnqjVNmmI9nLhoiIlJCWyywzdCxERERFZTu/evdGjRw9cv34dSUlJcHR0xIQJE+Dm5ga5XI45c+bg5MmTmDFjBpYsWQJ7e8uWeXBxcUFsbCyuXbuG5ORkxMfHIzs7GwqFAnl5edizZw9q1qyJxo0bo6ioCFlZWRCLxUhLS4Orqyvq1q2LrKws3LlzB9nZ2SgqKkJOTg7y8vJgY2OjCWCpM7mkUimUSiWePHny1AewmIFVTKnLCGMPmH8ZIQDEn1MFrNTKU7gdUGVfPUnRbmvVG6hZX3dNqvOlLzXUeY2TG4Tt3s0hGrfK9P6KSUh+gE27VUtzpowZpJWlM6B3kCZL6rufdQTPyin2+h0AQNsWPuXuK7pYFpeh4FViiqp4fGlfxjq4bolmjjbuOlLhmUrurs6aHQSL7zCYkPxAs6OkqfXF1BrV89IslTxlwpwQGSP+3iP8eiQaSWkZ8GtQq7KHQ0RERET/EovFaNmyJfr164du3brBzU1Vi1UikWDhwoXo0qUL/vrrL3zyieVrD7u6uuL8+fO4fPkyEhISkJWVpcn+sre3h42NDWQymWYXwZycHBQUFMDDwwMFBQW4fPky7t69C29vb9jZ2SE/Px///PMP5HI5RCIRioqKNMEwmUyG7OxsiMViFBYWwsvL8kkR1uzpDt+VVNpuhI/umn83wn8pdy+CyLcT4Oiqqov1JFn7BAdnIM+4mkbKqB2CNpF6OV/dFoB3cyC12LK/J8mqgJSxS/5S4qD8dbaw3cEZouFfGCxKb4yFKzdq/jxqkHaGjburM0YN6otVG3fj96NnzZrZVPy6Ac3LF8CKvhavCbA08PY0OMaNu44Iltrpkn1lf6nnAKo5Orh+CboMUWXVVWRRd7VundpoloCqM+WKZ7WV5z1zc1EFNDNkpW+pS2SK7X/G4tMfj6BvJ39mWxERERFVEba2tli8eDHmzZsnqJVlCU5OTvDz88O1a9dQUFAAGxsbiMViFBQUaJYAAkBKSgrs7OxQVFQEqVSK2rVrIyQkBEqlErm5ucjJyUFaWhqSkpJw8+ZNSCQSTV9KpRJKpRIODg7Iz8+Ho6MjWrRoAXd391JGV70xA6s49TJCA5RX/jDPtfqWWN6jLuiuq3B7q96qwJMxUuKESw9r1NUqpi7q9rrgZaXuWKj2+B6Uq4RLmgBVwXejx6lHemYW9v1b9HxkaG+dgY7iS9KKB53K4+edhzXL3lydpZg8elApr9DvxLkYTJi7TBNgUdfwqkgBzX2x+vP3Nd9XRlF3qh5S939scPlgdTJjVA9k/fk5fv/mDe4wSERERFSF2NnZYfHixfjpp58sfi2RSIQXX3wRdnZ2cHd3h4ODAwBV8XWRSASxWKzJpPrnn3+QkJCA+Ph4JCYm4uHDh3jy5AkyMjLw6NEj3LhxAxEREcjNzYVIpL27uFKphI2NjaYgfFBQ2VaxVCdPXwZWciwQp3/nKJGdEwwuEow9ADw/ExCZvnW91nW6vQ7l+RJL/Q5/B+WVEpk4Ds4Qhc4xuqC78sQ6YWOHEplVrfsAuxdqZ3SlXAPi/wJ8n9XfeW4mlOsmC4vD498dB8sZvAJUNZPUgZ+S2Vdqjep5YWRob2zaHYFNuyOMKga+afcRTUZQcQnJD3DiXIzWUrdfV3xisL/ElAdYtGqTzmN7I85oFYAfGdq71DpNI0N7673X8hj9cl+cjIrBpt0RmqLuZ7aXcVdLExVfPtn232y2tsWy2qLLUSRfncmlXiZJRERERERUkXr06AEfHx9NFlZRURFsbGxga2sLuVwOuVwOV1dX1KlTR7NEMDs7G8nJyRCJRMjPz0dWVhYePXqEvLw8iMVi2NraarK31JlYRUVFEIvF8Pf3R69evSr5rivf0xfASoqB8vAy/cebdATsnYB8PcuTzLWM0NEVote+gPL7MdrtJXf0CxkL1KxvXJ+P7+ksqi7q+LLg2mjdR3Cu8sR6iAwEsJRrJ+necTBkTLl2HCzu552qAF5whzYGC7SPGtRXUydr5c+7MHfyKIP9GrNEr4G3J8IXfVBqYfjElDQsXKk7gFXcpFGhWDo7rNTzGtXzMnsxerXKKuoeE6cKULk6SzXBQHdXZzTw9kRSahpORcUiPTPLpF0IAdXSzKRUVbAxxEJzRkREREREZIhYLMa8efMwatQo2Nvbo7CwEHK5HEqlEgqFQlN83cvLCxKJBDKZTHMcAHJzc2FjY6OVdSWXy2FnZ6dVC8vJyQl169bFggULYGtrW1m3azW4hFBABLR+3uAZZltG6PusanmgPjXqmrQ7oDJKRzH2f4u3l6SzmPuVCFUQTFffW2bq3hWxVW+IQucaPUZDft55WBOcGDWoj8Fzu3VqqynmvfLn3WVaHufqLEVwhzaYNCoUqz9/H9eOrCtzIKlNsyZo4O2p+X715+8bFbyqCBVd1H1vxJli76N2Ztnol1Xva4YsG3sjzpjc98oN/wVdB/RiCi0REREREVWOwMBAjBgxAm5ubnB0dIRYLIZEIoFUKkWnTp1Qo0YNeHh4wNvbG15eXvDw8ICXlxdq1aoFV1dXuLi4QC6Xa/WpzuRS70T48OFDtGvXDq1bt66ku7QuDGDpIAoYaPgEM+5GKAqdoyrQrvOYCYGh3ExARx0rkb7MKHUx9xJ01sKK2qEzswvezSF67Qvjx1gKdVZTA2/PUpfdAdDUqTImGHJg7RfIvrJf6yv1r204tH4Jls4OM+p6asEd2gj6OrtjJc7u+E4TKFq0apPV1JxSF3VXm/DRMsRcu2ORa6VnZmHGF2s03xevVwZoB7RmLglH9LV4o/veG3FGk3Vn7DNCRERERERkKbNnz0b9+qqEEScnJ9jb26NFixbo1asXPDw84OHhAU9PT9SpUweurq6wt7fX1MhSF2gHoMnMUhaLM0gkEvj7+2PhwoWC+lhPKwawdPHrolpGqI96GaE51KyvWiZYkk9HrcLrpfr7iLA2VYni7SXpKuaOqJ2qYJha/F+6dxwEgHotgJMbgD++M/xlhBPnYjRZO+osndKMfrmvJutJX02qiuTu6ozwRdMAqJYZhs01sFS1gpUs6r7vqOnZT6VJSH6AF8bN0tQT01WEv1E9LyyZ+TYAVeDxtXc+MyqItTfiDMLmfqP5PnyR5ZdBEhERERERGSIWi7Fv3z40btxYU3D93r17qFWrFry9veHi4gIHBwe4urrCzc0NTk5OkEqlcHBwgJ2dHQoLC7WCV+rMq6KiIjRq1AjHjh2DWCyu5Lu0Hgxg6SK2q7hlhIBqmWCJbChTM5uUf6wQNpYs3l5S6z7C7K88mSrjSt3v2kn6X39+J5R/rCj1yxjq7CtTdwBUB7sSU9IsvjTOGAN6B2HSqFAAqiBRWZbJWcrol/tqxmZOCcmqovZBQ6ZoCti3adZEE8wracqYQRgZqlo6m5iShi5D3sGML8I1xdmLi74Wj7C53+C1dz/TFPdfMvNti9UMIyIiIiIiMoWtrS1OnTqFESNGAFDVsrp06RI8PT3h7u6uOc/BwQH29vaaP9vY2GjqXamDX+pC8KNHj8bZs2dZ96qEp6+Iu5FEAQOhvLBd/wlm2o1Qc71Bc6A8pAr2iFr3Mb5wO6DKviq+m6G6z+LF21PioIzaCVHNev/VxdJXzP3khv9qZOVZfhlc9LV4zQ6BA3oHmVTYe/LoQVi0ajMA1U6D1rCsbO7kkZo6UGFzv0Hb5t8JMpGK27jrCE5GCXdI1GVkaJ9y3ePS2WGIuXZb546M+sRev43nx87UeSwh+YHWDo6qMfbGl7MM1/8KXzQNjep5ad67lT/vwsqfd8HNxUmzW2HJOXF1luLLWaYt9yQiIiIiIrI0sViMr776CoMHD8aYMWMQFRWF4OBgSCQSzfK/oqIiTXF2hUIBJycniEQiiMVi2NvbQyKRwMHBAZs3b0b37t25bFAHBrD0US8jtPRuhGq+z0I0Sf8OgIYoT6wTNhYv3v74HpTfqLKalABw6y+Ixq0CoCrmrixZ3+pJsioLy0w7C5ameGHu0nYTLMnd1RkjQ3tj0+4InIyKxYlzMZWenePu6oxfv/sYXYa8gwxZNsLmfoOD65boPT8xJU0QBNInpGObco/v1xUfo/PgKZolm6XJkGUbFWAL7tAGU8YMwoDexhVXnzt5FEI6tsV3P+/C70fP6r2Wq7MUA3oHYe7kUQYDgURERERERJVFJBKha9euiIuLw/bt25GVlQV7e3vk5eVBIlGFXgoLCyESiSCRSODs7AxnZ2fY2tqiSZMm+PDDD/Hqq69qsrRIqNICWIN6GQ78uDo5AgB6dWqGRnU99J7XoE5NAEBgs3p43EN/Zf4A/7qqP3g0NLw80Kup6r9iO6DrG8BdHTvvqf1z27gAVr0WpZ9Tlj4cXf+rV+XTUeuQVn2rv49ov+5KxH9/rtsC6DAIeJysdYrycTJEOvo1t/TMLCQkpyG4Qxu0be5TpgDF3MmjkJCsCsacjPovgNWwrheCO6gCPm6uBmqaGUndlzpDyJCA5r5YMvNt7I04A6VSVcOpeGDHzdVJ058pGtbVnp/i/ZQ8po86wDZjcbimD11KG5+bqxMCmvvAzcUZA3oHlem969apLbp1aouE5AfYG3EGGbIsnDgX+++xNmhY18vkrDwiIiIiIqLKYmdnh+HDh0OpVKKwsBBpaWlIT0/HnTt3kJSUhNq1a8Pe3h61a9dGcHAw2rZti9q1a8PGhhWeSiNSKs20nR5Zr5Q4TQYWAKBGXYjmHqu88RARERERERHRUyczU5WEc+mS8RvjtWvXDgCLuD8d6rYAQsaodiX0bg5R6NzKHhERERERERERkdGYgUVERERERERERBbHDCwiIiIiIiIiIqq2GMAiIiIiIiIiIiKrxgAWERERERERERFZNQawiIiIiIiIiIjIqjGARUREREREREREVo0BLCIiIiIiIiIismoMYBERERERERERkVVjAIuIiIiIiIiIiKwaA1hERERERERERGTVGMAiIiIiIiIiIiKrxgAWERERERERERFZNQawiIiIiIiIiIjIqjGARUREREREREREVo0BLCIiIiIiIiIismoMYBERERERERERkVVjAIuIiIiIiIiIiKya5E5SamWPgYiIiIiIiIiIqjkPN6cyv1bSpIF3mV6YmpqKlJQUyGQyyOXyMg/AHCQSCVxcXFC3bl14ext/P6mpqXjw4AEyMzNRUFBgwRGaxs7ODq6urvDy8jL5ftLS0pCRkWFV92MudnZ2cHNzg6enp0nzQkRERERERESVLzMzs8yvFSmVSqUpL5DL5YiOjgYA+Pj4wMXFBRKJpMwDMAe5XA6ZTIbbt28DAFq1agUHBwe95+fl5eHKlSuQy+Xw9vaGo6MjxGJxRQ23VAqFArm5uUhNTYVEIoGfnx/c3Nz0nq++H4VCgXr16sHOzs6q7sdcFAoFCgoKkJycDLFYXOq8EBEREREREZH1UAewLl26ZPRr2rVrB6AMNbCio6NRo0YNtG/fHjVq1Kj04BWgysBSjwkArly5YvD8mJgYODg4wN/fH87OzlYX7BGLxXB2doa/vz/kcjlu3Lhh8PzY2FhIpVL4+flZXTDOnMRiMRwdHeHn5weFQlHqvBARERERERFR9WBSACslJQWAKvPKWqmDWOqxlpSSkgKlUllllqD5+/ujqKjI4P0UFRXBy8urgkdWufz8/AzOCxERERERERFVHyYHsKw5eKXm4+OjN7Bx//79KhO8UvP29sb9+/d1Hrt///5TF7xS8/Ly0jsvRERERERERFR9mBTAysrKgouLi6XGYjYuLi7IysrSeUwmk8HR0bGCR1Q+jo6OkMlkOo/JZDJIpdIKHpF1kEqleueFiIiIiIiIiKoPkwJYcrncKmpelUYikejdGbGwsLDK1YgSi8UoLCzUeaywsLBKvCeWIJFI9M4LEREREREREVUfJhdxJyIiIiIiIiIiqkgMYBERERERERERkVVjAMtCDh06BA8PD81SRg8PDxw6dKiSR2VeS5YsQffu3St7GERERERERERUzVkkgBUZGQmRSITTp0/rPL5r1y7Y2NggPj7eEpc3m7y8PHh4eOj9Gjp0qN7XlqxLdezYMXTp0gUAkJiYiB07dlh07PpERERo3UPdunURGBiIKVOmIC4uzqS+bG1tTaondurUKZw/f97UIRMRERERERHRU84iAayuXbsiICAAa9as0Xk8PDwc/fr1g6+vr0n96ivMeuUWCgAAIABJREFUbmnLli3DnTt3BF/r1683uo/AwEC4uroCAA4cOIBdu3ZZargGqQNOUVFRSEpKwoULF/DNN98gOTkZvXr1wu+//26xa4eHh+PixYsW65+IiIiIiIiIqieLLSGcPHkytm7diidPnmi1JyYm4tChQ5g8eTIA4JdffkGrVq3g6OgIPz8/zJkzB/n5+QBUWUsSiQQ7duyAh4cHli9fbqnhGuTi4gJ3d3fBl5OTk+acPXv2oHPnzmjQoAFCQ0ORmJio1YebmxsOHjyIL7/8EvPmzcOhQ4fQpEkTJCQkVPTtAACkUimcnZ1Rv3599O3bFxEREXjjjTfw7rvvIjMzEwCgUCiwaNEitG7dGg0bNkRISAh+/fVXvX1GR0cjNDQUDRo0QKtWrTB+/Hjcv38fADB48GDs378fCxYs0GSiPXz4EGFhYfD19YWvry8GDhzIABcRERERERERCVgsgDVy5Eg4ODhgw4YNWu0//PADGjZsiBdffBGnT5/Gm2++iaVLl0Imk2H//v3YtWsX5s2bBwCwt7eHQqHAtm3bcPHiRUycONFSwzVIqVSiqKhI8KVUKgGognJvvfUWJk6ciMePH+Orr77SmX0mkUgwb948jBgxAi+99BLS09PRpEmTir4dAP/dk0KhQGFhITIzMzF79mxkZGQgIiICAPDtt99i7969OHToEDIyMrBs2TJMmzZNc7w4mUyGoUOHom/fvnj48CH+/vtviEQivP766wCAw4cPo2HDhli8eDGuXLkCAJg4cSIKCgpw/fp1pKamYsCAARg8eDAePnxYcRNBRERERERERFbPYgEsqVSK119/XSuQo1AosHbtWkycOBE2Njb43//+h2HDhuHFF1+ERCJB06ZNMWvWLPzwww+qwdmohvfGG2+gUaNGWhlPFWnSpEmoW7eu4OvIkSMAVNlXHh4eGD9+PLKzs9G8eXOMGjVKZ1+5ubma4NeTJ09QVFRUkbdikIuLC7y8vDTZY+Hh4Zg9ezYaNmyIjIwMBAUF4bXXXsPGjRsFr922bRtcXFwwffp05ObmwsbGBl988QXOnz+Pq1evQiaTAQAKCgqQkZGBGzdu4OjRo/jqq69ga2uLnJwcvPPOO6hVqxZ27txZofdNRERERERERNZNUvopZTdp0iR8++23OHnyJEJCQrB37148fPgQb7zxBgDg+vXriI6Oxrp16wSvTU9P1/zZ39/fksMs1cKFCzFgwABBu7u7OwAgNTUVjRs3RkFBAQBVoM7Hx6dCx2gOSqUSeXl5kEqlyMzMRFpaGsaNG4dx48ZpnRcQECB47e3bt3H37l1IpVLBscTERLRs2VJwPgA0bdpUcP69e/fKcxtEREREREREVM1YNIDVtGlT9OnTB2vWrEFISAjCw8MxbNgw1KpVC4Aqw+qDDz7A119/bbAfe3t7Sw6zVDVr1kSdOnUE7ersqYKCAs1yQjV1MKsqiY+PR3p6Opo3bw6RSARAlV1WMninUCiQkZGh1SYWixEYGIgLFy4I+pXJZCgsLBScDwCZmZlwcXHROpaXl4ecnJxy3w8RERERERERVQ8WW0KoNnnyZGzfvh03b97UKt4OqDKrLl26pHX+o0ePBMGRyqavBpZa/fr1kZiYqBXEunbtWmUMtVy++OILNGjQAN26dYOrqys8PT1x9uxZPH78WPMVGxurs0aVn58fbty4gaSkJM25aWlpiI2NFQSvAGh2oDx+/LhW/xcvXmTwioiIiIiIiIi0WDyA1b9/f3h6emLs2LEIDAxEp06dNMfeffdd/PnnnwgPD0d+fj7u3buHIUOGaAW5rMGjR4+QmJio8wsAXnjhBaSlpWHNmjXIysrC6dOnsWPHDr39OTo6IiEhAU+ePEFeXl5F3YaWtLQ0pKSkICEhAceOHcNrr72GQ4cOYf369VAqlVAqlXj33XexZs0anD59GgqFAhcvXsRzzz2HLVu2CPobOnQo7O3tMWfOHGRkZEAmk+GTTz5B//79NQEsqVSK+Ph4PH78GP7+/ujbty8++eQTJCQkQC6XY+vWrQgKCsKNGzcqejqIiIiIiIiIyIpZPIAlFosxYcIEnD59GpMmTdI61rVrV/z888/43//+Bzc3N7Rv3x7NmjXD6tWrLT0sk8yaNQvt2rXT+SWXy9GiRQusX78eP/30E5o1a4alS5di/vz5AKAz+2j48OFITU1Fhw4dEBsbW9G3AwDo1asX2rRpgw4dOuCdd96Bp6cnzp8/j/bt22vOeffddxEWFoawsDA0aNAA48ePxwcffIC33npL0J+DgwMOHDiAxMREtG7dGm3btsXdu3dx6NAh2NraAgDCwsKwadMmhISEoKCgAGvXrkWzZs3Qs2dPNGnSBOHh4di5cyeaN29eYfNARERERERERNZPpCxZvMmAI0eOoE+fPpYcj9noG+uRI0cQGBhodD81a9Y0ePzx48cAADs7O0ilUtjY2EAulyMvLw/Ozs6a4zVr1tTUgpJIJJq6TzKZDHK5vNRxXLx40Sz3Y2trK6g5VVRUBLlcjpycHMGuiI6OjrC3t4eNjQ2KioqQl5enyRpzdHSEnZ2dZsmnWCyGk5MTJBIJlEol5HI5srOzNX06ODhAKpVqdmAUiURwcnKCra0tRCIRFAoFcnJydAb9TJ0XIiIiIiIiIrIumZmZACAoJ2VIu3btAFi4iHt1oA5AlaagoEBQuL34a4v/WS6X48mTJ+YZoIkKCwuNvicAyM3NRW5urlHHFAqF5mHUpXjwC1DVFsvKyjJ6LERERERERET0dLL4EkIiIiIiIiIiIqLyYACLiIiIiIiIiIisGgNYRERERERERERk1RjAIiIiIiIiIiIiq1ZqEfcjR45o/uzt7W3RwZiTt7e31tirg+p2P+bCeSEiIiIiIiKyDn369LFIvyKlUqm0SM9ERERERERERET/yszMBABcunTJ6Ne0a9cOAJcQEhERERERERGRlWMAi4iIiIiIiIiIrBoDWEREREREREREZNUYwCIiIiIiIiIiIqvGABYREREREREREVk1BrCIiIiIiIiIiMiqMYBFRERERERERERWjQEsIiIiIiIiIiKyagxgERERERERERGRVZOUdkJ2dnZFjIOIiIiIiIiIiKo4Jycni/TLDCwiIiIiIiIiIrJqDGAREREREREREZFVYwCLiIiIiIiIiIisGgNYRERERERERERk1RjAIiIiIiIiIiIiq8YAFhERERERERERWTUGsIiIiIiIiIiIyKoxgEVERERERERERFaNASwiIiIiIiIiIrJqDGAREREREREREZFVYwCLiIiIiIiIiIisGgNYRERERERERERk1RjAIiIiIiIiIiIiq8YAFhERERERERERWTUGsIiIiIiIiIiIyKoxgEVERERERERERFZNUtkDICIiIiIiIiLzW7T+T6za8Rfa+tUBADSq445GdWoAAIIDGiG4baPKHB6RSRjAIiIiIiIiIqqmMrPzcSo6AQA0/1VzdbLHgODmCA5ojP5dmsHN2aEyhkhkFAawiIiIiIiIiJ5Cmdn52HQoGpsORWMiVFlZI/s9g5HPBVT20IgEWAOLiIiIiIiIiHAqOgETv9yNF6etx8nou5U9HCItDGARlXD48GGMHTsWgwcPxsKFC5Genl7ZQyIiIiIiIqowp6IT8NK0DXhx2nrE3Lpf2cMhAgCIlEql0tAJ2dnZFTUWokoXHR2NGTNmaLU9++yz+PTTTytpRERERERERGWXkZWHmHhVECrxQQYSUp8g8UEG9p66BllOvlF9TBr8LL6Y1M+Sw6RqxMnJSe+xzMxMAMClS5eM7q9du3YAWAPrqZGTk4OXX35Zq+2tt97C0KFDK2lE1unEiROCtqioKBQUFMDOzq4SRkRERERERFR2bs4OCAloLGhfPSMUJ6PvYt+pa9h3+jqSHmTo7WPVjr9wMvou9n/9Ogu9U6WptADW2LFjkZqaatY+X331Vbz55ptm7ZPIxsYGYrG4sodhNfLy8nDmzBlcvHgRt27dwj///IOcnBxIJBI4OzujUaNGaNWqFfr06YM6depU2XEUFBQgMjISkZGRuHXrFh4/foyioiK4urrCx8cHnTp1Qs+ePeHi4lKpY64K8zBnzhxcuHCh1GstWLAAnTt3rrR7LUmpVGLOnDm4ePGiVvvChQvRoUOHcvcPmG9uijPXsztz5kxcvnzZqGvqM2HCBMGHJ9VlzLqU55nZt28fVqxYUabrljZmmUyGY8eOISoqCnfv3tUsjXd3d4eHhwcCAgLw7LPPomXLlqVeq7LnmIiIzCskoDFCAhpjyeTncTL6Lhat/xORMYk6z42Nf4CuE8Kxef6raOtnuZ/zifRhBlYliYuLw/nz57Xahg0bxiyfStatWzfs27dPqy0kJIQBLKiy+LZu3Yrdu3cjJydHcFyhUCA/Px+PHj3CxYsXsXHjRvTr1w/jx4+Hs7NzlRrHqVOnsGbNGqSlpQmOPXr0CI8ePUJUVBTWrVuHESNGYMiQIRCJRBU65qo4D2VVWc/er7/+KghEDBkyxGzBK0uwlvfMFFVxzPqU55l58uSJ2cejVCrx+++/4//+7/90/r+TlpaGtLQ0xMXFYcuWLQgICEBYWBh8fX3NPhYiIrJ+IQGNceCbsdj0RzQWrf9TZ0ZW4v10vDhtPVbPGIT+XZtVwijpacYAViW5du0aNm7cqNU2aNAgBrAqWUBAAD788ENs2rQJMpkMnTp1wqRJkyp7WJXu5s2b+Oyzz/DgwQOjX6NUKnHw4EHExcXhyy+/hLu7e5UYx9q1a7Flyxaj+s7OzsYPP/yA2NhYzJ07V+f/v5YYc1Wch7KqrGfv6tWr2LBhg1abv78/xo0bZ3JfFcVa3jNTVMUx61PeZ8bcASyFQoGFCxciMjLS6NdER0dj6tSpmDlzJoKDg806HiIiqjpGPheAkc8FYOX2vzD7+0OC45nZ+Rgx71d8PyMUI58LqIQR0tOq0nYhdHFxgaurq94vXT+YOjs7G3yNgwPX4lL59e3bF+vWrcP27dsxc+ZMk5aIVUc3btzA9OnTDQYQnJyc9GapJSQkYPHixVViHFu2bNH7y7RYLNb7C/PZs2fxxRdfVMiYq+I8ODk5Cf6+dnR0NDgGoPKePZlMhsWLF0OhUGjaHB0dMWvWLNja2prcnyFlnZuSzP2eAaX/m1v8SyqVCl5vb2+PgAD9P9RWxTHrY45n5vHjx1rf29nZGX0vuq6xatUqvcErsVgMqVSqM5OtoKAAn3/+Of766y+dr62sOSYiooo3ecizOLX6bbhI7XUen/jlbuyLvF7Bo6KnWaVlYJVW5+Hnn38WZCh9/fXXaNxYWHyOiCzn8ePHgl9y3NzcEBoaiq5du6JevXqwtbWFQqHAnTt3sGfPHhw6pP1JzeXLlxEVFYWOHTta7Tji4uKwfv16QXv37t0xdOhQ+Pr6wsbGBqmpqThw4AC2bdum9ctqZGQk9u7diwEDBlh0zFVxHubOnSvo78CBA1i+fLmgvbjKevaWLVsmWM42efJk1K9f3+g+jFXWuSnOEu8ZAHz88cdGXV+hUGDWrFmIiYnRap82bRp8fHyqzZgNMcczUzIDKzQ0FG+99ZbJYwFUu/qUXA4vEonQv39/vPTSS2jcuDFEIhEKCwtx48YN7N69G8ePH9ecq1Qq8c0332DNmjWCDMbKmmMiIqocbf3q4Orm9/DCB+vx923hh4oTvtyF/V+/zppYVCEqLQOLiKqGzp07Y/ny5ZpfxDp06IDw8HCMHDkSjRs31nzyLxaL4efnhw8++ACvvfaaoJ9Tp05Z9ThWr16NoqIirbZx48Zhzpw58Pf3h42N6q9Lb29vvPHGG/jss88EmT/r169HVlaWRcdcFeehrCrj2duzZ48ga6VXr17o27dvOe7Esir7PVu9erUgSDF8+HB07969Wo1ZH3M9MyUzsNzc3Ewei9quXbsEbXPnzsWUKVPQpEkTTWDY1tYWrVq1wpw5cwTL5dPT041e3qmLOeeYiIgql5uzAw588zpG6FgumJmdjxHztyIjK68SRkZPm2pfA0uhUODs2bOIjIzEjRs38PDhQxQUFMDJyQn16tVDQEAAevbsaXRml0KhwLlz53DmzBncvHkTDx8+RHZ2NmxtbeHk5IT69evDx8cHHTt2REBAACSS/6Z42bJlOHjwoN6+X3nlFUHb8uXL0aJFC9Nv3EzMPX/FxcXF4eTJk7h69SqSk5ORnZ0NiUQCDw8P+Pn5ITg4GF27dtWaQ0v3mZOTI9gZ6a233sLQoUNLvXZMTAxOnjyJuLg4pKamIicnBw4ODqhVqxb8/f3RpUsXBAUFlVoQXtcYvv76a7Ru3Rrp6ek4fPgwLly4gHv37iEjIwMSiQQ1atRAq1at0LNnTwQGBpY6VlM1atQI3377LbZu3YqRI0eWWnvm1VdfxW+//aaVMZGYqHs3E2sYR3R0NK5du6bV1rFjR53BELX27dtj5MiRWjVvZDIZDhw4oPW8WGLMVXEeyqoin71bt24hPDxcq83b2xvvvPOO6QOvIJX9nh08eBB79uzRagsKCsLrr79ercasjzmfGfXOgGplrRtYVFQk2CWwc+fOCAkJMfi60NBQHD9+HFeuXNG0HT58GGPHjjW5RIM555iIiKyDm7MDVs8IBQBs/iNa65i6sHvkmrDKGBo9Rap1ACsuLg5fffUV7t27JziWmZmJzMxMzc47vXr1wpQpU+Dk5KS3v+joaHz77bc6+1MoFMjLy8OjR48QHR2NnTt3ws3NDcOHD6+yW0Wbe/7U7ty5g5UrVyI2NlZwTKFQICUlBSkpKThx4gS8vLzw3nvvoX379hXep7Fu3LiB7777DtevC9d/5+TkIDExEYmJiYiIiICXlxfefvvtMhXH3b59OzZu3CjYSaqgoAA5OTlITk7GH3/8gcDAQMycOdMsRdOLc3JyMroYsZOTE2rUqIGHDx9q2rKzs612HIcPHxa0GfOL1uDBg7Fjxw6tLJDDhw8LfqG2xJir4jyUVUU8ezk5OVi0aBEKCws1bWKxGLNnz9ZZx8daVOZ7FhcXJygH0KhRI8yYMcPgLoFVccy6mPOZycrKQkFBgVZbjRo1TOpD7cmTJ8jL0/4UvE2bNka9tl27dloBrKysLERFRZUa/CrOnHNMRETWZ8mkfoi5dV+wnDA2/gFmrjyIJZOfr6SR0dOg2i4h3LVrF6ZNm6Yz+KLL0aNHMXnyZNy9e1fn8ZMnT2L27NlG9wcAGRkZuHHjhtHnWxNzz5/akSNHMGXKFJ2BJl0ePHiAuXPnCmp5WLpPYx04cABTp07VGbzSd+3PPvsMK1euFCyfMWTt2rUIDw/XuQ16SRcvXsT7778PmUxmdP+WUHJpj7kDauYcR8lt7+vWrQt/f/9S+3Z0dESnTp202hISErSCJ2VhibmrivNQVmWZvxUrViA5OVmrbezYsWjWzLq3h66s9+zRo0f49NNPIZfLNW0uLi6YP39+qcGbqjhmXcz5zOjagbCs/98Xzz5UUyqVRr22+NyolcyWM8Tcc0xERNZHvZxQV2H373eeQ+KDjEoYFT0tqmUA69ixY/j+++91/hCn3nlHl9TUVMyfP1/wy096ejq++eYbnf0BgFQq1bvLUPElEY6OjgZ3TNS1M2Npy80swdzzp3bixAksXbpU5w/IAPTuvKVUKrFy5UpER0cLjlmiT2NFRERg+fLlBp8LfZ8279mzB99//73R1/r7778FbY6Ojnqfj5SUFHz77bdG929ucXFxggyAevXqWeU40tLS8OjRI622tm3bGn0NXZkNV69eNWGU2iwxd1VxHsqqLPN36NAhHD16VKstMDDQbBlkllJZ71lBQQE+/fRTrZpNYrEYH330EerWrWvwtVVxzLqY+5kpWf8KKHsAy83NTfBvz6VLl0p9XVFRkc6dB439IM7cc0xERNZLHcTSZcKXwjqMROZS7ZYQ3rt3D//73/+02iQSCUJDQ9GvXz80bNgQIpEIubm5iImJwdatW7WCA6mpqVi+fDk++ugjTduxY8cEmS8dO3bE0KFD0aJFC01NFplMhvj4eJw+fRpHjx5FQEAAGjVqpHnNhAkTMGHCBADAzp07sXr1aq0+165dCxcXF/NMRBlZYv4AVebRsmXLBNdr1KgRRo4cifbt28PZ2RmFhYW4du0atm3bhrNnz2rOKyoqwrp167T6sESfxkpNTdUZIGratClGjBiBdu3awcHBAQqFAlevXsX27dtx5swZrXP37NmDwMBABAUFGX1dT09PjB49GkFBQXBxcYFSqUR8fDw2b94sKCJ84sQJjB49Gg0bNjT5/sqrZO0TAOjSpYtVjqNkBgUAk3YO0zW/KSkpRr++JEvMXVWch7Iydf4SEhKwcuVKrTY3NzdMnz5dKwiQlJSktcTLzc0NtWrVMsOIy66y3rNvv/1WkJXTuXNn1KlT+u5DVXHMJVnimSlZ/woARo4cCUC1e6CjoyMcHR1Rp04dNGnSBAEBAejcubPOmnD29vbw9fXFrVu3NG0XLlzAkSNH0KdPH53XVyqV+Omnn3Dnzh3BsZIBR33MOcdERGT92vrVweKJ/TD7e+0doE9FJ+Bk9F2EBJheI5moNNUugLVu3Trk5uZqvndycsLChQsFhdAdHR3x7LPPolOnTvj++++xe/duzbGTJ0/i5s2bmiUNt2/f1nptvXr1sGDBAkH2i4uLC5555hk888wzGDt2rFHLvayNJeYPADZs2CCYj5CQEMyYMUPrB3BbW1u0adMGbdq0wS+//IJ169ZBJBLh+eefx9ixY7Veb4k+jbVhwwZBlkffvn3x/vvvaz0XYrFYc+3ffvsNP/74o9ZrfvzxR3Tq1MmoTLuGDRti6dKlWp/Ki0Qi+Pn54ZNPPsGXX36JiIgIrddERkZWeAArMjJSkJng6elpkeLy5hiHrswHU2rP6NopzNhf+EqyxNxVxXkoK1Pnr6CgAIsWLUJ+fr5W+/Tp01GzZk2ttkWLFmn9WzBgwABMmTLFTCMvm8p4zxQKhc4aVpGRkYiMjESDBg3Qr18/hIaG6gyuVMUxF2epZ0bXvKgplUrk5OQgJycHjx49wpUrV7Bv3z64uLhg5MiRCA0N1ezaqNavXz+tABYALF26FBcuXMDzzz8PHx8fSKVSyGQyXLlyBbt27RLsGKhmzE6P5pxjIiKqOiYPeRardpxFUollg4s3HEfI1wxgkflVqwBWenq6IAslLCzM4C5+IpEIEyZMQFxcnFaafEREhCYAU3J5mqGlW2pSqbTK1Xuw1PzJZDIcO3ZM63Xqgq6GfpAdPnw45HI5goKC4Ofnp3XMEn0aKzMzE8ePH9dq8/HxwdSpUw0+F0OHDsXt27e1fsG+d+8eLl++bFRB+enTpxtcUjJ+/Hj8+eefWksa4+LiSu3XnK5fv46lS5cK2idMmFChy2FNGUfxgK2aKTtu6fr/vGRw0xiWmLuqOA9lVZb5W716taBu3+DBg9GxY0eLjNHcrPE9S0pKwo8//ohDhw5hwYIFguWbVXHMxVnqmdFVA6s0MpkMq1evxoULFzBv3jytUgYvvPACIiIiBBlRR48eFQR5S6PrPTOVKXNMRERVy5zXe2Dil7u12k5FJ2DTH9EY+VxAJY2KqqtqVQPr8uXLWoWxpVKp3nT54mxsbPDiiy9qtRWvjVRyecOtW7ewcuVKkwq6VwWWmr9Lly4J6kS99tprRn0KO3r0aJ2BJkv0aSxd1x42bBgkktLjwWPGjBG06ao5UlLTpk3RtGlTg+fUqFFDUAi5Ioto37hxA3PnzhX8shMaGoquXbs+VeMwdactS4y5Ks5DWZXlXo8fP47ff/9dq83Pzw9vvPGGxcZZFZjrPUtKSsKMGTN0Lo0zt4oasyWfmby8PEENTFdXV7i4uJT671pUVBS+++47rTZbW1ssWLAA3t7eJo3Dz89Pq/SBui9zqcjngoiIKsbI5wLQta1wxcfGg6XXXyQyVbXKwCpZuyEnJ0cQWDFW8ZoaPXv2xObNm7Uysfbs2YM9e/bA09MTzZo1g6+vL3x8fODv7y9YRmAuCoVCqyi8PrVr18aqVatM7t9S81dyCSaAcn9abYk+jaWrRogxGVQA4O3tjfr162sFP3X1V5KhLLjivLy8tD5x17X0wxLP0bVr1zB37lzB9YKDgxEWFqbzNdYyDl2F/k3J6NC1VNjeXrgriz5lGbMl+qzseSirstxramqqoNafo6MjZs+eXe5f1i3993RxlfGe2djY4PPPPwegqiOYnZ2NpKQkREZGIiEhQevchw8f4scff8SHH35YpccMWPaZAYBJkyZh0qRJeo/n5eUhJSUFly5dwp49e3D//n2t4wcPHsRLL72k9UGHu7s7Vq1ahf/7v/8rddddkUiEPn36YMKECZg2bZrWMWOyyc0xx0RE1VlGVh4ysvPR0Eu4FL46mPN6D7w0bYNWW2RMIjKy8uDmbHymNVFpqlUAKzMz02x95eXlQaFQQCwWo27dupg2bRq+/vprwXLCtLQ0pKWl4eTJk5q2hg0bonfv3ujfvz+cnZ3NNibAuHs0ZTmGqX0bq/j8ZWRor4mWSqXlLlZviT4r6tqenp5aAayS/elibI2Ykr8c6tud0ZzPUVxcHObMmSP4xTIoKAizZ882uPzNGsaha25NWc6j6/0zNohdnrkzd5+VOQ9lVZZ7lcvlWLRoEbKzs7XaJ0+ebFIxcUMs+fd0cZXxnolEIp0fFowZMwa7d+8W7K4aERGB8ePHa2pXVcUxV8QzUxoHBwf4+PjAx8cHL730EubNm4fLly9rnXP06FFBpq5UKsU777yDYcOG4cSJE7h8+TIePnyIjIwMODk5oWbNmggICEBwcLAm86pkTTFjsrjKO8dERNXdvtPXMfHL3Wjj64VJQzqjf5dm1SqwExLQGA283AS1sPadvs5lhGRW1SqAZc7lKjY2NlpFUXv16oXg+nNRAAAgAElEQVT69etj/fr1OH/+vMHXJiYmYu3atfj999+xYMEC+Pj4mG1clmSp+bPEMqKKWppkLdc2ZnliZfj777/x8ccf6yymP2vWrAobd3nGoesXUFOWBycmJgrajNky3hJzVxXnoazKeq/r1q3TqtenFh4ejvDwcL3XK5nhdejQIUEtvA0bNlRogWpres9EIhEGDRqEW7duaRXzLioqQmxsLIKDgwFUzTFb+pnRlZVmiIODA95//328/rr29uWGah56enrilVdewSuvvGKw7+TkZMhkMq228mwEYuwcExFVdycvq+onxsY/wMQvd2MigO9nhFar4E7/Ls3w/c5zWm0nL9+tVvdIlc86fysuo5Kf5NnZ2WH79u1m+4WiadOmWLhwIdLT0xEdHY2bN2/i7t27uHPnjs5aQ2lpaZg9ezb+7//+z+yZWJZgqfkr2W9OTg5kMlm5MqYs0WdFXTstLU3re0OF2a1ZTEwMPvnkE0HdoZ49e2L69OkVVrS9vOPw9PREzZo1tXYB07cbly6xsbGCtpYtW1p0zJboszLmoazKc6+6xgmYnoFaUFCAgoICrTalUmlSH+Vlje9Zly5dBLvRFc/oqYpjtsZnpk6dOqhTp47WUsKyFIIv6fTp04K2du3albvf0uaYiKi6OxWTIGirbssJ+wc3FwSw9kVeAxBaOQOiaqlaBbAaN9beqrOgoADnzp0z+yd87u7u6N69O7p3765pS09PR0xMDPbv349Lly5ptR8/fhwvvfRSua8rFotx6NChcvejj6Xmr0mTJoK28+fPo2fPnlbVp7FKzhMAXLhwAT169Cj1tampqYJsg4rO0DPHcxQdHY1PPvlEULumb9+++OCDDwRbulvzOAAgMDAQR44c0XyfkpKCW7dulVrsPy8vD+fOaf9D3bBhQ9SuXdviY7ZEnxU5D2VlifkzJ0v/PV2Stb1nuupRFd8cBKiaY7ZGJbOBy/vsFxQUYO/evVptjo6OCAwMLFe/QNWdYyIic0h8kIHE+8LNK0IChL9TlMXqXeewavtfSP4nE/U9XTHllc4YP/C/Zd07/ryCj384gszsfIx8LgBfTOpnluuWFBLQGC5Se8hy8jVtmdn5OBl912z3SlStdiEMDAwUfPK+YcMGwSee+pRnq2h3d3d069YNixYtgqenp9axkltuA9CZIVCRW87rYqn5CwwMFCzn2bJlCwoLC0vt8+jRozp3K7JEn8bSNU+//vqr3npTxW3YsEHQ1qlTpzKPpTJcvHgRH330keB5ffHFFzFt2rQKCyCYcxx9+/YVtK1fv77U123fvl2wTOi5557Te74l5q4qzkNZWcuzZ00s+Z7l5uYiPj7epPFcvXpV0Obl5aX1fVUcs6VdvnxZsLutIWlpaUhNTdVqK++S3fDwcDx48ECrrU+fPoIi7lV1jomIKsveU9cEbbp27SuLXyNiMeO7gxjaqzV2LxmFl7u1xLRvD2DHn1cAAFk5+Zi4dA/CZw7ChbWTEXHh9r9ZUUDKw0wMmbPZLONQGxDcXNCmXj5JZA7VKgPLxcUFPXr0QEREhKYtISEBixYtwqxZs/QWzVUqldiyZQuOHTuG5cuX69xxZ/PmzWjTpg3atGljcAxKpVLwy5WuYJWuJYXXr1+3SMaCsSw1f87OzujZs6fW8oG7d+/iq6++wocffqh3B6eDBw9i2bJlcHJywqhRozBw4EBN0MoSfRpL1zzdvn0by5cvx/vvv693+dK2bdtw9OhRrbYGDRrgmWeeMen6len8+fNYsGCBIKg5cOBATJo0qcLqg5l7HM888wyaNm2qVefm3Llz2LJli94d5S5evIhNmzZptbm4uOD555+vkDFbos+KmIeyMte9ltxJzlihoaFaf7cPGDAAU6ZMKVNf5mTJ92zHjh3YvHkzRowYgUGDBsHJycngWG7fvo0dO3ZotYnFYrRu3bpKj9nSz0xaWho++ugj+Pr6YsKECaXuOltYWKhzTB06dBC0FRQUlFoGQC6XIzw8XJB9JZVKMWLECMH5lnouiIiqq4ws4Yf85spI+mF3FJ7r5IePx6lWoQQHNEJcwj8I3x2FwT1a4d4/mZA62KJrW9VGHUGtGuBawkP07wp8tOYwOrU072Yk1W1ZJFmfahXAAlQ73kRGRmr90HjmzBlMmDABr776Kp599ll4eHgAAGQyGS5evIjt27fj+vXrAICvvvoKH3/8sdYvQ0lJSdiwYQOUSiV8fX3RvXt3tGrVCj4+PppgjVwux/Xr1/HLL78I6mLoWu6m3u2nuB9//BG1atVCs2bNUFhYiHPnzsHFxQUBARVX+M4S81e83+IFl//8808kJiZi+PDh6NChA6RSKeRyOW7evIndu3fj2LFjAIDs7GysWbMGUVFRWLx4sUX7LM88HT58WHPtwMBA2NvbQ6FQIC4uDtu2bcOZM2cE/bz11ltVJmvk3Llz+PTTTwVZbq+88grGjx9f5ccxYcIEfPjhh1rLWtauXYvbt2/j1VdfhY+PD2xsbHD//n0cOHAAv/32myBjYsyYMTproVlizFVxHsrKWp49a2WJ9yw9PR3btm2DXC7Hhg0bsG3bNvTq1Qvt2rVDy5Yt4e7uDhsbGxQVFSEpKQnHjx/H9u3bBR/g9OjRA66urtVizJayYcMGFBYW4tq1a5g6dSpatWqF4OBgPPPMM6hXr55m+V16ejouX76MX375RZDZLZVK0adPH0HfP/zwA+7evYsXXngBrVu31mSIFxUV4f79+zh//jx27NghyOYCgLCwMMEOj1V1jomIKtPJaGEGUsgz5Q9gFRUpcflmKj55o5dWe9e2jfD5umNQKpVo4OmG3PxCRMYkoGmDWjh7JQm9OvggMiYB56+lYNWH5q1P1chbuNtw4oPSd1wnMla1C2DVqVMHU6dOxRdffKHVnpqaqvnE0s7ODiKRCPn5+YLXR0ZGYvv27Vo79WzevFlTaDU+Pl4rdd7W1ha2traCnbDU3NzcdNaQatKkiaAAa2pqKt577z3Y2dlpsgw6depUoQEsS8wfoCrcO3XqVCxevFiraO3t27excOFCAKofwHNzc/UWtR04cKDF+zRWnTp18N5772HJkiVa7devX8f8+fM1187Ly9Nb52PQoEHo3Llzma5f0c6ePYvPPvtM5zLJP/74A3/88YdR/dSrVw/Lly+3ynG0atUKo0ePFixlOn78OI4fPw6xWAyxWKx3SW2XLl10Pk+WGHNVnIeyspZnz5pZ4j3buHGj1r9rOTk52LdvH/bt2wdAVX/JyckJubm5epe+ubm54c0336w2Y7aEu3fvamXzAsCVK1dw5coVzfeOjo4oKirS+W+uWlhYmCAg9OTJExw8eBAFBQWaQvkSiQQODg7Izs42WEB+6NChOrMoq+IcExFVV+lZuSgoVKC2u3YmrIebFHn5cmTlFsBFao9VHw7E20t2ISMrH8N6t0b/rs3RfdIPWBjWFw725g0H6MrASrhf/k1GiNSqXQALUO1EJZfLsXz5cp2/9Biq6eTl5YWuXbtqvk9PT8eJEyf0nl9YWKi37pKdnR1mzZqlM73exsYG48aN05n9U3x858+fx+PHjwWfglqSOeevuO7du0OhUOCbb77ROWf6goCA6ofzoKCgCunTWL169UJ+fj5WrFih8wd1Q9ceOHAgwsLCynztirZz5069Nb5M2Ymr5A6O1jaOESNGID8/H1u2bBEcUygUen8he/bZZzF79mydxywx5qo4D2VlLc+etTP3e1azZk2tD1NKUiqVgnpUxbm7u2PhwoWajN3qMmZzUygUaNCgARIShLtTqZVWn3PMmDE6g03btm0TzIVcLjc4B2KxGOPGjcPQoUN1Hq+Kc0xEVF0VylUfkttKtMuXiG1UK2HyC+RwkdpjcI9WGNyjleZ4+O4o1HJz0lmvisjaVcsAFqAqEuvn54dVq1YZtUW3SCRCnz598Oabb6JGjf9SH93d3bFixQps2LAB586dM7rIatOmTfHOO++gadOmes/p0aMH0tLS8NNPP+n9JLSoqAixsbFaOx5WBHPNX0m9evWCj48PVq5caVS/tWvXxpQpUwxmKlmiT2O98MIL8PX1xYoVK7Tquejj5eWFt99+2+w7Y5L5jBs3Dv7+/lizZg3S0tIMnquuEfPKK69UWP2visJ5qHrM+Z6NGDECPXv2xLZt2/Dnn38aDEqU1LNnT7z99ttGffBSFcdsTr6+vvj+++9x4MAB7N+/36Ti6A0aNEBYWBg6duyo83h2djZEIpHBTKvi2rdvj7feesvgzrhVcY6JiCpbZEyioK0iduXT9W/lo4wcLPn5BH7/eoxFrtnWt46gLTb+gY4zicqm2gawANUyvaVLl+LGjRs4efIkrl69iqSkJGRlZUEikcDNzQ3e3t4IDAxEly5d0LCh7t0gfHx8MH/+fKSnp+PMmTOIi4vDzZs38fjxY2RlZUEkEkEqlaJu3brw9/dHcHAw2rZta9Qvcq+++io6deqEvXv3Ivr/2bvzML8Gu//D78xMEtlmEpEFFYmdkEgRZEObooQKiqJ2VdVVq5bWVpRS9ahSRdUWtRYtiqJBRKvVNEkRFVuEJo2QTIQsZub3Rx75PWMmEczM92Ry39eV6+qcc77nfM7oROfVs0ycmFmzZmXx4sXp1q1bNtlkk3z+859v9MGsLaGpvn8f1Ldv31xwwQWZMmVKHn300Tz99NN57bXX8s4776S8vDzdu3fPBhtskCFDhmT48OHLfCB7c+9zRW200Ua55JJLMnHixKXfpxkzZuTdd99Nu3bt0rNnz2y44YbZfvvtM2TIkGU+5J3iGDZsWAYPHpxx48Zl/Pjx+fe//5233nortbW1qayszHrrrZdtt9221T/Hxfdh5dOU/8zWXHPNfOMb38gxxxyTp556Ks8++2ymTJmS//73v5k3b17eeeedtG3bNl27ds0666yTLbbYIjvuuGN69274P15b28xNqby8PKNGjcqoUaPy0ksv5Z///GemTJmSl156KdXV1Xn77bdTW1ubTp06pXfv3tloo42y3XbbZauttlruMxS//e1v50tf+lIef/zxTJ48OdOmTcubb76ZBQsWpF27dqmsrEyfPn2WPnNrRf8dvjJ+jwFao3b/e+XVgkX170JZtHjJBRft2zb8nePsa8Zm/5FbZJ2eVTnkR7fmT397Iev0rMrF39k922/+yd+MWNW54Uu/qucv+xZ4+Kja1H3I/zU3f/78lpoFAAAAWo3KkT9qsKz6wdM+8X5ra+vSa9S5OeXQHfKd/f//I1wuGPNYLvztuMy4u/7t9pOmzsi+P/ht/n71sfnVnX/LE/+almt+uE/uemxKLhjzWCZd/41PPNPctxdknb3Ob7C8Kc6Xlcvy3lL8/mNAJkyYsML7GzRoUJJk5Xj9GQAAAKxkNl+vV4Nljb2Z8KMqK2uTrTdZOw///cV6yx+Z8FK22njtBtuf8Iv7curhO6Wy02qZOn12dtpq/VR2Wi27D9koL//nrSx+b8UelbM8k16Y0WDZ0AGf/MoueJ+ABQAAAM2gqnP7Ztv3MXttk0cmvJRTr3gw4ya+kjOueiiP/vPlHLNX/ecjTps5J5Wd2ufgXZa83X6DT3XPn596IdXzF+SPf3k+6/bu2uBh8FBErfoZWAAAAFAkc99umudC7TVis1z0rd1y8S1P5NLb/5J1elXlom/tlj2Hb1pvuz69uubWc7609OtjRw/O5BdmZqP9L8o6PatyxUl7Nck802bObZL9wLIIWAAAANAM1u3drcGbCCdN/U9GDd24SfZ/5B5b58g9PtpLvzp3bJ/rTtu3SY7/f73yn7caLFu397LfUA8flVsIAQAAoBlssX7Dt7C21iuVJk1t+Aysxs4fPi4BCwAAAJrB8IHrNlh29+NTSjBJ8xs36ZUGyxo7f/i4BCwAAABoBgM2aHgFUvX8hU3yJsIieWziy6meX//ZXl06tm/0/OHjErAAAACgmQwd0KfBsrvHta6rsBo7nwEb9CrBJLRmAhYAAAA0k+ED+zZYds8T/y7BJM2nsfNp7LzhkxCwAAAAoJkcvOugBsumzZjTam4jfGziy5k2Y06D5Y2dN3wSAhYAAAA0kz69qrLb9hs1WH7udY+UYJqm19h57Lb9RunTq6oE09CaCVgAAADQjI7bd7sGy8ZNfCVjHphYgmmazpgHJmbcxIZvH2zsfOGTErAAAACgGQ0f2DfrNHJF0sp+FVZj86/Tq8rzr2gWAhYAAAA0s1MO3bHBsmkz5uTS2/9agmk+uUtv/2ujz75q7DyhKQhYAAAA0MwO2nlgNl+vV4Pl5143NpOmzijBRB/fpKkzcvIv72+wfPP1euWgnQeWYCJWBQIWAAAAtIDLv/+FBsuq5y/Mbt+9NnPfXlCCiT66aTPnZrfvXtvousbOD5qKgAUAAAAtYMAGvXPSl0c0WL6yRKy5by/Il067KdXzFzZYd9KXR2TABr1LMBWrCgELAAAAWshx+2zX6K2Ek1+YmZMauS2vSE765f2Z/MLMBss3X69XjtvHmwdpXgIWAAAAtJCqzqvl8u9/IV06tm+wbsz9E3PsBXcV7kqsuW8vyLEX3JUx909ssK5Lx/a5/PtfSFXn1UowGasSAQsAAABa0IANeudXJ+7V6Lox908s1O2E7z/zqrF4lSS/OnEvtw7SIgQsAAAAaGGjhm6cXy7joeeTX5iZoV+9ouRvJ5w0dUaGfOXyRm8bTJJffv8LGTV04xaeilWVgAUAAAAlcNDOA5cZsabNmJPdvnttzrv+0RaeaonLfvfXDPvqFY0+sD1ZEq8O2nlgC0/FqqxNXV1d3fI2mD9/fkvNAgAAAKucMQ9MzPd/cV/mvdN4LOrTu2t+ecKeGT6wb4vMcu51j2TajDmNru/SsX1+deJerrximTp16rTMddXV1UmSCRMmrPD+Bg0alETAAgAAgJKbNHVGPn/8tcuMWEkybOC6OW6f7bL7kKaPR49NfDnnXvdIxk18ZZnbrNOrKr89c3/PvGK5BCwAAABoxea+vSCfP/7a/OvFxp859b4+vbtm1JCNc+DOAz9RTBo36ZXcPW5K7h7/3DKvuHrf5uv1yh9/dqi3DfKhBCwAAABo5ea+vSA/vnZsfnnHkyu0fZ/eXdOnV1VGbNkv6/Sqyhbr9aoXtea+vSCT/zeIvTJjTl6dOTevzHgrfxg3ZZnPt/qgY0cPzk+O2/WjnwyrJAGrhE689L6MeWBSpt/1/Sbd72e+/uus3aMy15/+xUbXX333U+napUP23mGzFd7nR/3MxzkGAAAAzWvazLk55id35PFJ00o2w9ABffKrE0enT6+qks3Ayqe5Alarewvh/X99Plsdflmpx2gS9/3l33nwyanN+pmPcwwAAACaV59eVfnjzw7LjWfun3VaOCANHdAn91x4SP74s8PEKwqjotQDNKUHnpyao8+7M9eftm+pR2kSt5z9pWb/zMc5BgAAAC1j1NCNM2roxhnzwMT84bFnc+8T/262Yw0d0CcH7zooB+08sNmOAR9XqwlYDzw5NUede0euP23f7DCoX7Mea/19L8xeIzbNi6+/lccnv5JHLj06m/btUW+burq6XHLbX3LV7/+eGW/OywZrd88PDtvxI70t4oO3GK6/74U5YtRWmfv2gtz88OSUtWmT0TtslvOO3SXt2pY3+pkkueKuv+XyO57M9Flzs95aq+eEg4Znnx37L3P72/78dC688bE8P3121lqjMkftuXW+se92adOmzcf+ngEAAPDxHbTzwBy088DMfXtB7h7/XG64b8Invr2wS8f22WPYJhm+Zd+MGrKxB7RTaK0iYP2pBePV+35991MZPWKznHnUyKzRtWOD9edd/2guuvnxnH/crtl03R751Z1P5stn3ppxl38lm/Xr+bGPe/Gt43Pg5wbm6lP2zt+efS0/vnZsNu3bI0fvuU3j298yPmf++uGccuiOGbJFn/z5qRdz+Nm3p33b8owaukmD7a+/75857qe/z7f2G5Lzv75r/vr09Jx+1UOZ+/aCnHr4Th97bgAAAD65qs6rLY1ZSfLYxJczbebcvPKftzJp6oxMmzm33lsMu3RsnwEb9EqSrNu729JbAodv2TfDB/Zt+ROAj6lVBKyv/fT3mTPv3exxwvUr/JkNPtU9/7jmuI99zN2HbJzf/HCfZa5/4Mmp+ea+2+ew3T6dJNli/d6549Fn88CTUz9RwBq59Qb5n2/vniT57Nbr597xz2XcxFcaDViLFtfkgjHjcuzowfnegcOSJEO26JNnXv5vfnPPPxoErJqa2pxx1UM5YOSAnPWVkUmS4QP7ZvF7NfnpjePy1b0Gp0e3ZT+MDQAAgJYlQrGqaBUB67Lv7Zmjzrsj15/2xYzYsmV+ePv27rrc9X/+xZH1vu64Wtus3qVD3qp+9xMdt9+a9Y/ba/XOmTWn8TdFPv3SzFTPX5CRgzeot/zXJ++dxTU1DbZ/5uVZmTVnfkZ/4I2E++7UP+de90j+8vSr2WNYw6u2AAAAAJpTqwhYnxu8Qa48aXQOPvPW3HB6y0Ws5Zn11vz85IZHc/9fn8/rb8zL4vcaBqPm9ta8BUmSNarqXzW1WvuKrNbIP/o35i4JYb27d663vGe3JV+/+QnjGwAAAMDHUVbqAZrKzoM3yJUn7ZWDz7w1j/7z5VKPk/1OvSkTp87I1T/YO1NvOT7/veeU9OjasrffVXVqnySZPfedFdp+9S5LnuX1xpz628+YPS9J0r2qQxNOBwAAALBiWk3ASpJdtt0wV5y4V75z8b0lneONOfPz1JTXcvSeW2ebTT+VbpVLws/CxS17FVb/fr3SuWP7PPT3F+otP+3KB3PMT+5ssP1m/Xqke1XH3PXYs/WW/+6RZ1JeXpbtN+/TrPMCAAAANKZV3EL4f+263YbZdbsNSzrD6pUd07t7l/zspsdTUV6WxTW1ueLOv6V6/oK8u3Bxi82xWvuKfHv/ITnvukfSrbJDtt98nYyb+Ep+fusT+fUpezfYvm1FeX542I75zsX3Zo2qjhm5zQb525TpuWDMYzn+gKHpXtXwbYsAAAAAza3VBawiKCtrk9vO+VK+f+l9OfaC36d7Vcd8e/8hWfTee3lu2hstOsv3Dxqeju3b5oq7/pZzrhmbDdfpnqtO3jv77Ni/0e2P3GPrtGtbkYtvGZ9LbvtL1ulVlbOP+Vy+tve2LTo3AABAUV100UW57777lrvNZZddlvXXX/8j7/uss87KuHHjln5dXl6e3r17Z9ttt83BBx+cTp28GZ5VU5u6urq65W0wf37jb7gDAACAVdFrr72Wt956a+nXJ554YkaMGJHdd9996bL1118/HTp89OcIn3XWWZk6dWpOOOGEJElNTU1efPHFjBkzJj169Mgll1ySigrXolBcy4us1dXVSZIJEyas8P4GDRqUxBVYAAAA8JGsvfbaWXvttZd+3aZNm6yxxhrZfPPNm2T/7du3r7evgQMHZs0118zpp5+eJ554IsOHD2+S48DKRMACAACAZrD33ntnzz33zGGHHbZ02SmnnJIk+fGPf/yR9jVw4MAkS67+SpL9998/w4cPz+uvv57JkyfnF7/4RdZdd92MHTs2N910U6ZPn5411lgjo0aNyj777JM2bdokWXJF1zXXXJP7778/CxcuzDbbbJM111wzDz30UG688cbl7vuRRx7JmDFj8vrrr2ettdbKUUcdlcGDBydZcvfW1VdfnccffzwLFy7MhhtumCOPPDIbb7zx0nP4sNlgeVrVWwgBAACgNZo5c2aSpEuXLkuX3XPPPencuXOOPPLIVFVV5f7778+5556brbfeOuecc0523XXXXH311bn22muXfuaWW27JLbfckp133jmnnnpq1lprrdx2220NjvfBfT/44IP58Y9/nO233z7nnHNONt1005xxxhmZOnVqkuTnP/95nnzyyXzzm9/MGWeckbKyspx88smZPXt2kqzQbLA8rsACAACAgqqpqcmrr76aSy65JKuttlq22267peu23377pVd01dTU5Oqrr85nP/vZHHXUUUmWXLW1ePHi3HTTTdlrr73SuXPn3H777fnc5z63dJutt946s2bNysSJE+sd9//uu66uLldffXV23HHHHH744UmSLbbYIk8//XTuvPPOfO9738s//vGP7LLLLhkyZEiSpE+fPrniiisye/bsdO3a9UNn69q1azN+F2kNBCwAAAAokFdeeSW77LJLvWXrrrtuzj777HTv3n3pst69e9f7zJw5czJixIh6n9txxx1zww035Omnn06/fv0yb968ehEsSSorKxvM8MF9z549O8OGDVu6rKysLP3798+zzz6bJOnfv38eeOCB9OjRI9tuu2169+6dE088MUny4osvfuhsQ4cOXaHvDasuAQsAAAAKpHfv3kvfQlheXp6ePXvWC1eNmTNnTpJk9dVXr7e8W7duSZJ58+Zl7ty59ZatqPc/d/bZZzdY9/5cJ554Ym666abceuutueyyy9KvX78cfPDBGTZs2ArNBh9GwAIAAIBm8HEfTv7BtxCuiPevono/Nr3vzTffXLr+/YBUXV39kfbdoUOHJMl3vvOdbLjhhvXWVVRULN3m8MMPz+GHH55XXnklt956a84666xceOGFKzQbfBgPcQcAAIBm0K1bt7zxxhv1ln0w4jSVvn37pqqqKuPGjau3/JFHHkl5eXn69++fNdZYI926dcuTTz5Zb5v3r5Ba3r47deqU6dOnZ/3111/6p6qqKmussUamT5+e448/Ps8880ySJbc7fv3rX0+y5PbBFZkNPowrsAAAAKAZDBo0KA888EA233zzdO/ePQ8//HCmTp2arbbaqsmPVVFRkUMOOSSXXHJJqqqqsvXWW2fKlCn57W9/m/322y9VVVVJkn333TdXXnllKisrM2DAgEyYMCFjx45d7i2K7dq1y5e//OVcccUVKS8vzzbbbCmzqcEAACAASURBVJM333wzV155ZUaMGJEjjjgi8+bNy0UXXZQjjjgilZWVeeihh1JeXp4ttthihWeD5RGwAAAAoBkccsghmTNnTq644oqUlZVl+PDh2WabbVJbW9ssxxs1alTatm2bW2+9Nbfffnt69uyZo48+OqNHj166zd5775158+bl3nvvzR133JHBgwdnxx13zHPPPbfcfY8ePTodOnTI7bffnltvvTXdunXLyJEjc9BBB6W8vDznnnturrrqqlx44YVZvHhx+vbtmzPPPDP9+vVb4dlgedrU1dXVLW+D+fPnt9QsAAAAQDNatGhRKioqUlb2/58odMIJJ6R9+/aNPqQdPqpOnTotc937z1+bMGHCCu9v0KBBSVyBBQAAAKuMq666KtOmTcvee++djh07Zty4cZk0aVLOPffcUo8Gy+UKLAAAAFhFzJkzJ9dee22eeOKJvPPOO+nTp08OPPDADBkypNSj0Uo01xVYAhYAAAAATaK5AlbZh2wHAAAAACUlYAEAAABQaAIWAAAAAIUmYAEAAABQaAIWAAAAAIUmYAEAAABQaAIWAAAAAIUmYAEAAABQaAIWAAAAAIUmYAEAAABQaAIWAAAAAIUmYAEAAABQaAIWAAAAAIUmYAEAAABQaAIWAAAAAIUmYAEAAABQaAIWAAAAAIUmYAEAAABQaAIWAAAAAIVW8WEbdOrUqSXmAAAAAIBGuQILAAAAgEITsAAAAAAoNAELAAAAgEITsAAAAAAoNAELAAAAgEITsAAAAAAoNAELAAAAgEITsAAAAAAoNAELAAAAgEITsAAAAAAoNAELAAAAgEITsAAAAAAoNAELAAAAgEITsAAAAAAoNAELAAAAgEITsAAAAAAoNAELAAAAgEITsAAAAAAoNAELAAAAgEITsAAAAAAoNAELAAAAgEITsAAAAAAoNAELAAAAgEITsAAAAAAoNAELAAAAgEITsAAAAAAoNAELAAAAgEKrKPUAAAAANK6mpiZ1dXXNsu+KCr8OAisPf2MBAAAU1Pz581NbW9ss+66srExZmZtygJWDv60AAAAAKDQBCwAAAIBCE7AAAAAAKDQBCwAAAIBCE7AAAAAAKDQBCwAAAIBCE7AAAAAAKDQBCwAAAIBCE7AAAAAAKDQBCwAAAIBCqyj1AAAAAHx03T9/buPLqzpmz2Gb5Mwjd0qnDu1aeCqA5iFgAQAArIT+9uuvNrr8jTnzc/6YcTnz6j/n/ON2aeGpAJpHm7q6urpSDwEAAEBD1dXVqa2t/cife21WdT7zzd/kud9+a5nbVFZWpqzMU2WAllNdXZ0kmTBhwgp/ZtCgQUk8AwsAAKDV6dyhXRYtrin1GABNRsACAABoRRYsfC/nXf9Yhg1Yt9SjADQZz8ACAABYCfXd52eNLp+/YFEGrN871/xgdAtPBNB8BCwAAICV0L0/PbjR5d2rOqbX6p1beBqA5iVgAQAArIQ269ez1CMAtBgBCwAAYCV02pUPfeg2Pzr6sy0wSUPz588vyXGBFdOpU6dSj/CRCVgAAAAroQWL3mt0+fPT38yj/3w5/dbqVrKABdDUBCwAAICV0PnH7VLv63cXLs7Pbhqff/z7P/nel4bmO/sPKdFkAE1PwAIAAFjJPfi3F/L9yx7IOj2r8uD/HJoN1+le6pEAmpSABQAAsJL6zxvz8oMrHszjk6flzCM/kwNGblHqkQCahYAFAACwEvrVXX/Pudc9mq02Xiu3nnVAunZZLdNmzq23TZ9eVSWaDqBpCVgAAAAroVMu/1OSZOyElzL2Gy81us3sP57ckiMBNBsBCwAAYCU08+4TSz0CQIspK/UAAAAAfHS/e+SZVJSXLfPPdX/8Z6lHBGgyAhYAAMBK6NgL/lDv6xFf+3W9r0+49P6WHAegWQlYAAAArcDTL/231CMANBsBCwAAAIBC8xB3AACAldRrs6qX+zVAayFgAQAArKQGHHLpcr8GaC0ELAAAgJXQzLtPLPUIAC1GwAIAAFgJ/c8tT3zoNt/70tAWmASg+QlYAAAAK6Fzr3s0ZWVtssOWfdNvzW5ZuPi9LFpck7pSDwbQDAQsAACAldBjlx2Z3z44Obc8/K/Me2dRDtplQEaP2DRdOrYv9WgATa5NXV2dQA8AAFBA1dXVqa2tXe4279XU5oEnp+bGBybl8cnTMmrIxjlolwHZrv86y/1cZWVlysrKmnLcpebPn98s+wWaRqdOnUpy3OrqJW9KnTBhwgp/ZtCgQUlcgQUAALBSqygvy27bb5Tdtt8os+bMz41/mpQv/vDmrLVGZf565VdKPR5AkxCwAAAAWoHnX52d3/5pUm5++Olsum6PHLjzgFKPBNBkBCwAAICV1Lx3FubOR6fktw9OyguvvZn9PrN5bj9n/2yybo9SjwbQpAQsAACAldBxF96de8b/O1ttvFa+vOuW2WlQ39TW1aWuLnlt1pLnzKzdo7LEUwI0DQELAABgJXTTg5OTJGMnvJSxE15qdJvZfzy5JUcCaDYCFgAAwEpo5t0nlnoEgBYjYAEAAKyEKsrLSj0CQIvxNx4AAAAAhSZgAQAAAFBoAhYAAAAAheYZWAAAAK3EgoXvpV3b8pSVtSn1KDSRBQvfy89uGpdbHv5Xpv93brpXdcyewzbJDw/bKVWdVyv1eCvk6rufStcuHbL3Dpstc5sTL70vd49/Lk+P+VYLTsbKxBVYAAAArcQfxj+Xo867MzU1taUehSbwXk1t9jrphlz5+7/nq6MH59ZzvpTjDxiW3419JvufelNqa+ua9HjX3PuPVI78UebMe7dJ93vfX/6dB5+c2qT7ZNXjCiwAAIBW4os79c+kqTPyjYvuyaXfHZU2bVyJtTK78vd/z/jJ0/LIZUdl0EZrJUl2+vR62axfj+z+3evyu0eeyb479S/xlB/ulrO/VOoRaAUELAAAgFbkR0d9Jt+46J587xf358Jv7FrqcfgEbvrTpOz46X5L49X7hg/sm2ED183L/3lr6bLb/vx0LrzxsTw/fXbWWqMyR+25db6x73ZLI+b6+16YI0ZtlblvL8jND09OWZs2Gb3DZjnv2F3Srm15+u7907xZ/U6SpM/oC7LfZ7fIVSePTpLcPvbpnH/Do3nhtTez/tqr50dHj8wu2264QvtNks98/ddZu0dlrj/9i0mS2tq6nH3Nn/Obe/6Rdxcuzq7bbph2bRvmiQ87J1YtAhYAAMBK5LVZ1fnaT+9Obd2ybxNc/F5tnnru9Xx9n23Tb61uLTgdTelfL87MsaMHN7ru3gsPXfqfr7/vnznup7/Pt/YbkvO/vmv++vT0nH7VQ5n79oKcevhOS7e7+NbxOfBzA3P1KXvnb8++lh9fOzab9u2Ro/fcJuMuPzq3PPyvnHHVQxl/xTHpvXrnJMlv/zQpx/zkznzvwGHZaav1cstDk3PAaTdn7C+OysANe3/ofhtzyW1P5Kc3jsvxBwzN8C375rF/vpyLbh6fT/Ws/MjnxKpDwAIAAFiJrN2jMnf95MBlrq+pqc2xP/1DDtttkHi1EquevyCL36tJr+5dlrtdTU1tzrjqoRwwckDO+srIJEuu0Fr8Xk1+euO4fHWvwenRrVOSZOTWG+R/vr17kuSzW6+fe8c/l3ETX8nRe26TT/WsyuqVHZIkn+pRma5dOqSuri6nX/VQ9t2pf0474jNJkqFbrJvxk1/N5Xf+Nb884Qsfut8Peq+mNv9z8/gc8vlBOeOozy79zGuzqjP+X9M+8jmx6vAQdwAAgFaipqY2X73gD9l+83VywMgtSj0OLeCZl2dl1pz5Gf2BN/ztu1P/LH6vJn95+tWly/qt2bXeNr1W75xZc+Yvc99TXpmVGbPnZc/hmy5dVlbWJkO2WCdPTXn9Y+331ZlzM3vuO9ltyEb1lr8fzz7qObHqcAUWAABAK3HXuCnZetO1c/juny71KHxCnTu0T1lZm8x66+3lbvfG3CWhqHf3zvWW9+y25Os3qz/+GwXfmLvkmViH/Oi2But6f8iVYcsy880l5/P+fI0ft/nOiZWXgAUAANBK7P2BK1ZYeZWVtcmm6/bIpKkzGl2/3w9/m+Fb9suIgX2TJG/Meafe+hmz5yVJuld1aPDZFdW5Q7skySXH75FBG61Zb13bivKPtc/3o9TyItTqXTomaZ5zYuXlFkIAAAAooP1GbpGHn3oxT7/033rLx0+elvv+8nzWXqNLNuvXI92rOuaux56tt83vHnkm5eVl2X7zPit8vLL/fbtfXd2Srzfr2zOVnVbL1OmzM2CD3kv/rNG1Y9bu8fGuwFqnZ1V6dO2Ue8c/V2/5/73lsCnPidbDFVgAAABQQF8bvW3uGPtMRp80JicfskP6rtk1z017IxfeOC4jtuybvUZslrKyNvnhYTvmOxffmzWqOmbkNhvkb1Om54Ixj+X4A4ame1XHFT5en15LnmV1wwMTs8OWfTNgg9455dAdcsrlD6SivCyfG7xBZrz5dn74qz9l7x02y9nHfO4jn1N5eVm+fcDQ/PBXf8rqlR0ydMC6eWTCS7l97DNL30LYtqK8yc6J1kPAAgAAgAJq364if7jgyznnmrH58bVjM+ftBem7ZrccMWqrfGu/ISkrW3LF1JF7bJ12bSty8S3jc8ltf8k6vapy9jGfy9f23vYjHW/Eln0zeofNcvZv/pypI7fIxd8Zla/tvW06d2iXS277Sy6+ZXx6duucA3cekBMPHvGxz+vr+2ybOfPeza//8FQu+91fs/PgDfK1vQfn9+OmLN2mqc6J1qNNXd37FwcCAABQJNXV1amtrW2WfVdWVqasrHmeKjN//rLfbAeUXqdOnUpy3Orq6iTJhAkTVvgzgwYNSuIZWAAAAAAUnIAFAAAAQKEJWAAAAAAUmoAFAAAAQKEJWAAAAAAUmoAFAAAAQKEJWAAAAAAUWkWpBwAAAKBxFRUVqa2tLfUYACUnYAEAABRUx44dSz0CQCG4hRAAAACAQhOwAAAAACg0AQsAAACAQhOwAAAAACg0AQsAAACAQvMWQgAAAAqlcuSPSj0CFFr1g6eVeoQWJ2ABAABQKKviL+fA8rmFEAAAAIBCE7AAAAAAKDQBCwAAAIBCE7AAAAAAKDQBCwAAAIBCE7AAAAAAKDQBCwAAAIBCE7AAAAAAKDQBCwAAAIBCE7AAAAAAKDQBCwAAAIBCE7AAAAAAKDQBCwAAAIBCE7AAAAAAKDQBCwAAAIBCqyj1AAAAALA85eXlKS8vT1lZWcrKytKmTZtSjwTNqq6uLrW1tamtrU1NTU1qampKPVLJCVgAAAAUVtu2bdOuXbtSjwEtqk2bNkvDbdu2bbNo0aIsXry41GOVlIAFAABA4ZSVlaV9+/YpK/PkG2jXrl0qKiqycOHC1NbWlnqckvA3AQAAAIVTUVEhXsH/UVZWloqKVfc6JH8bAAAAUCjv3zYF1Ne2bdtVNuyummcNAABAYa3KV5nAh1lV466ABQAAQKGsqleYwIpYVX8+Vs2zBgAAoLBW1V/QYUW0adOm1COUhL8VAAAAAFYSAhYAAAAAFJCABQAAAEChCVgAAAAAFJqABQAAAEChCVgAAAAAFJqABQAAAEChCVgAAAAAFJqABQAAAEChCVgAAAAAFJqABQAAAEChCVgAAADQRGpqaks9ArRKAhYAAAA0gVdnzkmPXc/MjsdeXupRoNURsAAAAGhVpv93bsq3PzHdRp7eosctLyvLau0q0nG1ti16XFgVVJR6AAAAAGgN1upRmdfvObXUY1ACdz36dCa/MGO526zbu1u+/PlPt9BErY+ABQAAwCpn1lvz862f3ZU/PvFcOrSvyB7DNssF39w9lZ1WS5L8e9qsfPPCu/LYxJeyemXHHLTLoPzoK7ukXdvyZa6bNnNONv7i+dmoT488e/P3kiSvz6rOt352V/705PPp1KFdRg3dND/5+m7p2qVD7nviuex+/NX5woj+aVtRlgf++nx6duuUy0/aJztttf4KzXnXo0/n9CseyPPT38ia3Stz1BcG56RDdirNN3UV9tXzfpf/vvX2crcpK2uTvXbony4d27fQVK2LWwgBAABYpdTU1Ga37/w6Nz84MUMGrJv+6/XOVb9/Msece3uSZPF7NRn13d/kT08+n50Hb5SunTvkghseydlXP7jcdR+0cNF7GfmNK/K7sf/Ktv37pO+a3XLV75/M/j8YU2+7ux59Om/MeScDNuidqdNn55jzbl+hOZ97ZVa+eMoNmTt/QX54+MhUdV4tP/jlfbnyrieb+TvIB1383S986DYXfXtP8eoTELAAAABYpfz5Hy/kH8+9lj2GbZZ7fnZE/nTJ0em/Xq/c8tCkvP3Owtz16DN5YfrsHLjLoNxx/qF59PJjU15ellsfnrzcdR909+PP5rlXZmXX7TfO/T8/Ko/96msZtPFaefBvz+fvz05fut2IQf3y0KVfycOXHpOuXTrkhemzUz1/wYfOOXHqf1JTU5vhA/vl5EN3ynWnH5Azv7Jz1uzepSW/nSTZ77MDcv43dl/m+u8dtEO+/sUhLThR6+MWQgAAAFYp//z360mSP4x7JuXbn1hv3Yuvv5lnX/5vkmTghmsmSbpVdsi7j5yTJPnxtX9e5rqX/vNWvX1NnvqfJMnwLfslWXIL2Ygt18uE517P35+dnr5rdkuSdO3cIUlSXl6Wyk7tM2feu6mev/BD59zx0+uld/cuGXP/hDz5zKvZbcgmOfjzn86nN177E31/+Hi+e+CIvDpjTi659fF6y/cfOTDnHff5Ek3VeghYAAAArFIWv1ebJNl5241y6O5b11u3Ts+uadOm4WfKy5fcwLS8dR/Uru2SX7nLyv7/h2pqlxy7bUX5J56zW2WHTLzhO7n0tvH5w7hncvHN4/LzWx7PnecfmlHDNv3Q/dP0fvbtPTJ91tzcMfZfSZZcXfebU/dLm8b+i8NH4hZCAAAAVimbr98rSfLCa7Oz14j+OeBzA7Plhmuma+fV0q2yQzZZt2eSZNLzS66gemfB4mxz2M+z+/FXL3fdB/Vfb8lxxv3zpSRJXV1dHp/0cr11n2TOWx6alFN/dX++MKJ//n7Nt3LFyfumrq4uNz848WN/b/hkysra5IYzvpSdtlo/gzZeK3f85NC0b+faoabguwgAAECr9M6CRfnyGTfVW/bdA0fk89tvkoEbrpmJz/8nWx12cbbaeO3c/fiz6d29S3bdfuN8YcRmWW/t1TPm/gl5+91FmTbzrUx47vV898ARy133QaOGbpr+6/XKPY9PyS7fvCrvLFyUCc+9nh0+vV6227xP7nviueXO/2Fzdu7QLlfc+dc8PunlHLHH4Pxx/JQkcQthia3WviIP/uIrpR6j1XEFFgAAAK3SezW1ufH+CfX+TP/v3FSUl+X+i4/Owbt+OjNmz1v6lsDbzzskyZLb+/7w08MzcpsNc99fnsu0GXPy7QOG5axjdlnuug8qLy/LHy48PHsM2yzjJ7+cyVNnZP+RA3Pz2Qev0PwfNuduQzbJ1aful5raupx06b3596uzctqRI/Ot/Yc13TcRCqJNXV1dXamHAAAAoPWYP3/+J/p8p06dmmgSaJ1W1p+x6urqJMmECRNW+DODBg1K4gosAAAAAApOwAIAAACg0AQsAAAAAApNwAIAAACg0AQsAAAAAApNwAIAAACg0AQsAAAAAApNwAIAAACg0AQsAAAAAApNwAIAAACg0AQsAAAAAApNwAIAAACg0AQsAAAAAApNwAIAAKBQ6urqSj0CFNaq+vMhYAEAAFAotbW1pR4BCmtV/fkQsAAAACiUVfUXdFgRq+rPh4AFAABAobz33nulHgEKqa6ubpX9+RCwAAAAKJTa2tosWrSo1GNA4SxevNgVWAAAAFAUq/Iv6tCY2traLF68uNRjlIyABQAAQCG9++67rsSCJIsWLcq7775b6jFKqqLUAwAAAMCyvH8lVnl5ecrKylJWVpY2bdqUeixoVnV1damtrU1tbW1qampSU1NT6pFKTsACAACg0PwCD7iFEAAAAIBCE7AAAAAAKDQBCwAAAIBCE7AAAAAAKDQBCwAAAIBCE7AAAAAAKDQBCwAAAIBCE7AAAAAAKDQBCwAAAIBCE7AAAAAAKDQBCwAAAIBCE7AAAAAAKDQBCwAAAIBCE7AAAAAAKDQBCwAAAIBCE7AAAAAAKDQBCwAAAIBCE7AAAAAAKDQBCwAAAIBCE7AAAAAAKDQBCwAAAIBCE7AAAAAAKDQBCwAAAIBCE7AAAAAAKDQBCwAAAIBCE7AAAAAAKDQBCwAAAIBCE7AAAAAAKDQBCwAAAIBCE7AAAAAAKDQBCwAAAIBCE7AAAAAAKDQBCwAAAIBCE7AAAAAAKDQBCwAAAIBCE7AAAAAAKDQBCwAAAIBCE7AAAAAAKDQBCwAAAIBCE7AAAAAAKDQBCwAAAIBCE7AAAAAAKDQBCwAAAIBCE7AAAAAAKDQBCwAAAIBCE7AAAAAAKDQBCwAAAIBCE7AAAAAAKDQBCwAAAIBCE7AAAAAAKDQBCwAAAIBCE7AAAAAAKDQBCwAAAIBCE7AAAAAAKDQBCwAAAIBCE7AAAAAAKDQBCwAAAIBCE7AAAAAAKDQBCwAAAIBCE7AAAAAAKDQBCwAAAIBCE7AAAAAAKDQBCwAAAIBCE7AAAAAAKDQBCwAAAIBCE7AAAAAAKDQBCwAAAIBCE7AAAAAAKDQBCwAAAIBCE7AAAAAAKDQBCwAAAIBCE7AAAAAAKDQBCwAAAIBCE7AAAAAAKDQBCwAAAIBCE7AAAAAAKDQBCwAAAIBCE7AAAAAAKDQBCwAAAIBCE7AAAAAAKDQBCwAAAIBCE7AAAAAAKDQBCwAAAIBCE7AAAAAAKDQBCwAAAIBCE7AAAAAAKDQBCwAAAIBCE7AAAAAAKDQBCwAAAIBCE7AAAAAAKDQBCwAAAIBCE7AAAAAAKDQBCwAAAIBCE7AAAAAAKDQBCwAAAIBCE7AAAAAAKDQBCwAAAIBCE7AAAAAAKDQBCwAAAIBCE7AAAAAAKDQBCwAAAIBCE7AAAAAAKDQBCwAAAIBCE7AAAAAAKDQBCwAAAIBCE7AAAAAAKDQBCwAAAIBCE7AAAAAAKDQBCwAAAIBCE7AAAAAAKDQBCwAAAIBCE7AAAAAAKDQBCwAAAIBCE7AAAAAAKDQBCwAAAIBCE7AAAAAAKDQBCwAAAIBCE7AAAAAAKDQBCwAAAIBCE7AAAAAAKDQBCwAAAIBCE7AAAAAAKDQBCwAAAIBCE7AAAAAAKDQBCwAAAIBCE7AAAAAAKDQBCwAAAIBCE7AAAAAAKDQBCwAAAIBCE7AAAAAAKDQBCwAAAIBCE7AAAAAAKDQBCwAAAIBCE7AAAAAAKDQBCwAAAIBCE7AAAAAAKDQBCwAAAIBCE7AAAAAAKDQBCwAAAIBCE7AAAAAAKDQBCwAAAIBCE7AAAAAAKDQBCwAAAIBCE7AAAAAAKDQBCwAAAIBCE7AAAAAAKDQBCwAAAIBCE7AAAAAAKDQBCwAAAIBCE7AAAAAAKDQBCwAAAIBCE7AAAAAAKDQBCwAAAIBCE7AAAAAAKDQBCwAAAIBCE7AAAAAAKDQBCwAAAIBCE7AAAAAAKDQBCwAAAIBCE7AAAAAAKDQBCwAAAIBCE7AAAAAAKDQBCwAAAIBCE7AAAAAAKDQBCwAAAIBCE7AAAAAAKDQBCwAAAIBCE7AAAAAAKDQBCwAAAIBCE7AAAAAAKDQBCwAAAIBCE7AAAAAAKDQBCwAAAIBCE7AAAAAAKDQBCwAAAIBCE7AAAAAAKDQBCwAAAIBCE7AAAAAAKDQBCwAAAIBCE7AAAAAAKDQBCwAAAIBCE7AAAAAAKDQBCwAAAIBCE7AAAAAAKDQBCwAAAIBCE7AAAAAAKDQBCwAAAIBCE7AAAAAAKDQBCwAAAIBCE7AAAAAAKDQBCwAAAIBCE7AAAAAAKDQBCwAAAIBCE7AAAAAAKDQBCwAAAIBCE7AAAAAAKDQBCwAAAIBCE7AAAAAAKDQBCwAAAIBCE7AAAAAAKDQBCwAAAIBCE7AAAAAAKDQBCwAAAIBCE7AAAAAAKDQBCwAAAIBCE7AAAAAAKDQBCwAAAIBCE7AAAAAAKDQBCwAAAIBCE7AAAAAAKDQBCwAAAIBCE7AAAAAAKDQBCwAAAIBCE7AAAAAAKDQBCwAAAIBCE7AAAAAAKDQBCwAAAIBCE7AAAAAAKDQBCwAAAIBCE7AAAAAAKDQBCwAAAIBCE7AAAAAAKDQBCwAAAIBCE7AAAAAAKDQBCwAAAIBCE7AAAAAAKDQBCwAAAID/197dB3o9H/wff53O0Y2DiqIsd4mQWUxukik3oUs1pLE7hovNqG1yGRNNy0XMsOGqrYvczkZuZrNfG4Y2NqTd2MhFRspt5VSiOuf8/jjrcLoj2s6bPR7/6Pv9fm7en0N/nKf3+/0tmoAFAAAAQNEELAAAAACKJmABAAAAUDQBCwAAAICiCVgAAAAAFE3AAgAAAKBoAhYAAAAARROwAAAAACiagAUAAABA0QQsAAAAAIomYAEAAABQNAELAAAAgKIJWAAAAAAUTcACAAAAoGgCFgAAAABFE7AAAAAAKJqABQAAAEDRBCwAAAAAiiZgAQAAAFA0AQsAAACAoglYAAAAABRNwAIAAACgaAIWAAAAAEUTsAAAAAAomoAFAAAAQNEELAAAAACKJmABAAAAUDQBCwAAAICiCVgAAAAAFE3AAgAAAKBoAhYAAAAARROwAAAAACiagAUAAABA0QQsAAAAAIomYAEAAABQNAELAAAAgKIJWAAAAAAUTcACAAAAoGgCFgAAAABFE7AAAAAAKJqABQAAAEDRBCwAAAAAiiZgAQAAAFA0AQsAAACAoglYAAAAABRNwAIAAACgaAIWAAAAAEUTsAAAAAAomoAFAAAAQNEELAAAAACKJmABAAAAUDQBCwAAAICiCVgAAAAAFE3AAgAAAKBoAhYAAAAARROwGrtTCwAAHgxJREFUAAAAACiagAUAAABA0QQsAAAAAIomYAEAAABQNAELAAAAgKIJWAAAAAAUTcACAAAAoGgCFgAAAABFE7AAAAAAKJqABQAAAEDRBCwAAAAAiiZgAQAAAFA0AQsAAACAoglYAAAAABRNwAIAAACgaAIWAAAAAEUTsAAAAAAomoAFAAAAQNEELAAAAACKJmABAAAAUDQBCwAAAICiCVgAAAAAFE3AAgAAAKBoAhYAAAAARROwAAAAACiagAUAAABA0QQsAAAAAIomYAEAAABQNAELAAAAgKIJWAAAAAAUTcACAAAAoGgCFgAAAABFE7AAAAAAKJqABQAAAEDRBCwAAAAAiiZgAQAAAFA0AQsAAACAoglYAAAAABRNwAIAAACgaAIWAAAAAEUTsAAAAAAomoAFAAAAQNEELAAAAACKJmABAAAAUDQBCwAAAICiCVgAAAAAFE3AAgAAAKBoAhYAAAAARROwAAAAACiagAUAAABA0QQsAAAAAIomYAEAAABQNAELAAAAgKIJWAAAAAAUTcACAAAAoGgCFgAAAABFE7AAAAAAKJqABQAAAEDRBCwAAAAAiiZgAQAAAFA0AQsAAACAoglYAAAAABRNwAIAAACgaAIWAAAAAEUTsAAAAAAomoAFAAAAQNEELAAAAACKJmABAAAAUDQBCwAAAICiCVgAAAAAFE3AAgAAAKBoAhYAAAAARROwAAAAACiagAUAAABA0QQsAAAAAIomYAEAAABQNAELAAAAgKIJWAAAAAAUTcACAAAAoGgCFgAAAABFE7AAAAAAKJqABQAAAEDRBCwAAAAAiiZgAQAAAFA0AQsAAACAoglYAAAAABRNwAIAAACgaAIWAAAAAEUTsAAAAAAomoAFAAAAQNEELAAAAACKJmABAAAAUDQBCwAAAICiCVgAAAAAFE3AAgAAAKBoAhYAAAAARauor6+vb+5BAAAA8NGxcOHC5h4CsBrV1dXNct+ampr3fa4ZWAAAAAAUTcACAAAAoGgCFgAAAABFE7AAAAAAKJqABQAAAEDRBCwAAAAAiiZgAQAAAFA0AQsAAACAoglYAAAAABRNwAIAAACgaAIWAAAAAEUTsAAAAAAomoAFAAAAQNEELAAAAACKJmABAAAAUDQBCwAAAICiCVgAAAAAFE3AAgAAAKBoAhYAAAAARROwAAAAACiagAUAAABA0QQsAAAAAIomYAEAAABQNAELAAAAgKIJWAAAAAAUTcACAAAAoGgCFgAAAABFE7AAAAAAKJqABQAAAEDRqpp7APBRM3PmzNxxxx2ZOnVqXnrppVRWVqZLly7ZfffdM2jQoLRt27a5hwgAAAAfKhX19fX1zT0I+Cior6/PxIkTc91116Vfv37p06dPPvaxj2Xp0qV5/vnnM3ny5Pz5z3/O6aefnn79+jX3cAEA4J9m4cKFzT0EYDWqq6ub5b41NTXv+1wzsGAtqK+vzznnnJOZM2fmuuuuS6dOnZp8vt122+WAAw7I448/nrPOOiszZ87MF77whWYaLQAAAHy4NPseWHPnzs33vve9HH744enbt28OO+ywXHTRRZk3b15zD22tqKmpyXHHHZc+ffrksssuy9qc8FZfX5+Jv5iavl8Znw0PODfVfc/OdkMvzmmX/SKzX52/xtc74ozrc8ApE9ba+NaGm+/5Syr3PDOvzmv4PzgljjFJbrzxxrz00ku58sorG+PV4sWLc+mllzY5rkePHvnhD3+YW265JY888si7Xnfu3Lm58sorM2rUqJV+fvPNN2fo0KHp27dvhg4dmltvvfWDPwwAAAAUpllnYL322mv58pe/nNmzZydJWrZsmZdffjm33XZbHnroofzwhz9M+/bt39O1vvnNb2bKlCk57LDD8o1vfOOfOew1Mnny5MybNy/HH398jjnmmLV23fr6+hw18se5+Z6/5HMH9sxXDt8j67VpmcdnvJwf/OR3uf7/TcsvLz02O3Xr9O4X+xA54dDd89bipc09jCZeeOGFXHvttZkwYUJatWrV+P6CBQty9913Z/jw4U2O79ChQ771rW/lvPPOy0033ZR11llnhWu+8sorueGGG3L77bdn8eLF2XPPPVc4ZvLkybnkkkvyxS9+MbvttlseeuihfPe7303btm2z7777rv0HBQAAgGbSrAHriiuuyOzZs7PpppvmggsuyFZbbZVnn302X//61/Piiy/m6quvzte//vXmHOIHNmTIkAwZMmStX/fymx/KT+/+cyaec0Q+f9DOje//x17b5dhDPpm9/vN/8vlzbsrUa05JVWWzT7RbraW1dalsUZGKiop3PfaA3br9C0a0ZiZNmpT9998/m2666Xs+p1evXtlkk01y7733pn///it8fskll2TmzJkZPnx4fv7zn6/0Grfcckv22GOPnHDCCUmSnj17ZsaMGbn55psFLAAAAD5Smq1sLFq0KPfee2+S5Nhjj81WW22VJNlyyy0zePDgJMmUKVOSJPPnz8/FF1+cwYMHZ7/99suXvvSlxnOTZMCAAY3HTpo0KX369EltbW3j689+9rPp169fhg4dmptvvrnJOBYuXJgxY8akf//+GThwYC6++OIMHTo0ffr0ycMPP5wkqaury4033pijjjoq/fr1y5AhQ3L11Vc33mP27Nnp06dP+vTpk7vuuiuHHHJIzj///CTJ/vvvnz59+uT+++9/T8/yXl3y4ynZd9etm8SrZTq0q86Fwwbk8Wdeyt0PP50kuXLS77PJwWMy9clZ2eO4K1Ld9+x0PWxsrrrz0SbntqioyP/+7JF0PWxs2nxqZHb70uWZ+uSsJsdMuOOR9Djqe2m998h0PPA7+fw5N+WlOQsaP6+trcvZ436VbodfmDafGpnNBp2fky+8PQsXLW48ZqP+5+ayn/wuA0+dmHX3OTuvL3grS2vrcspFd2TDA85N2/1G5XNn/zivL3izyb3fuYTwb8++nMo9z8z9j83IEWdcnw32HZVOA8Zk+MU/S13d20s1p/zx2ezyxe+nzadGZsejLskvH5yevU8cly+fv3aW2z344IM56KCD1vi8gw8+OL/97W9X+tmwYcMyceLEDB48OC1btlzh87q6ukyfPj2f/OQnm7zfs2fPPPHEE2t1qSoAAAA0t2YLWE8//XQWL24IGjvuuGOTz44++ujcd999+clPfpL6+vqMGDEikyZNSlVVVbp3756nnnoqI0eObNxDaJ999kmHDh2SJF26dMm+++6bioqKjB8/PhdffHGee+65tG/fPrNnz84ll1ySO++8s/FeF1xwQe6666688cYbqaioyKRJkzJrVtNgc+mll+byyy/P888/n3bt2uXFF1/Mj370o1x22WUrPNf555+fefPmZcmSJSt89l6eJUlOP/30HHzwwXnsscdW+rN74ZWazJg1N4M+tf0qf74H7bFtWq5TmXse+b8kyTpVLVKz8M2MHDc5E88+IvN+fU4+f+DO+fL5t+aFV97+FoC/Pftyrv/ltFw18oj88tJj89aSpfn0addk8ZKGWHftXY/lhP+elKP698wfrxuWm8YclUf+9kIGnjqxMZp898YpueiGB3L+Vw/OH68bnqtGDsmdv30iZ/3P5Mb7tKyqyoQ7Hk7PbTvnvitPyHrrtsz519yX8bf9IReeMiCPXH1y9vrElvnOVfes8hnXqapMknz9kjtz4mG757XJI3P1yCPyg58+mFvu/UuSZN78NzNoxDVpv36bPPijkzL+jENz9vhf5ZkX5jSe/0EsWbIkzz//fGOAXRNdu3bNM888s9LPNtlkk9Weu2DBgixZsmSFJbbt2rXL4sWLs2jRojUeDwAAAJSq2QLW3LlzG//crl27Jp9VVFSksrIylZWVefLJJ/P4448nScaNG5crrrgivXr1SpL8+te/TtIQfLbbbrskyW677ZZzzz03NTU1uf7665Mkp512WiZNmpSRI0cmSSZMmJD6+vrMnDkz99zTEEjOOOOM3HHHHRk/fnyTscyaNSu33HJLkmTMmDG59dZbM3bs2CQNS7ieffbZJsfvuuuuGTt27Eq/Ye69PEt9fX2mTZuW+fPnZ/r06Sv92S3boH2LTqveH6zlOpXp3GH9zHr17Ti1eEltvvnFvum+RcesU1WZEw7dLUtr6/LHp2Y3HvPinAW5YfSR2WfnrbLPzlvlslMH5YVXanLfYzOSJN+7cUr279UtZ32pX7pv0TH77rp1Lho2II8+8UIe/PNzSZITP71bnrjpGxmy747ZdvMO2b9Xtxyx78cz+Q9PNd6nqqpFWresyugT+2fPj2+eqsoWufYXUzNo7+1z3KBds81mHXLS4Xtkn53fPQx9ep8e2b9Xt6xTVZmD9tw2XT+2YR7528wkyZ2//VteX/Bmrvivwem5bef03mmLfH/EoLz42ppvcr8yCxcuTOvWrbPuuuuu8bkdOnTIggUL3v3AlVgWSKuqmq4CbtGi4a/0sjgMAAAAHwXNFrDeucRp2S/dK7PddttlypQpmTJlSuMsq65duyZp2Oh6VaZOnZra2tq0bNkyhxxySJKkb9++jefNmTOnMRBtsMEGGTBgQJJkhx12WOE6SUNs2GeffZIkvXv3TpcuXZIk06ZNa3L8qaeemt69e2fLLbd8X89SUVHR+K1zhx122EqfbZ2qhp/XO5fJrUxdXX0ql/vZ9ty2c+Of263XJkkyd/7bs3W6b94hm2y4XuPrnbdt2Nfpib+/nCVLa/On/3sxe32i6bPt1uMfP4t/hLD6+mT0/96TTf/jvFT1/lYq9zwzF984JXNebzorqNf2XRr/vHhJbf5v5mvp2b3pPlK777j5ap9x+WdqeK7Wjc/0xLOvZN3W66T7Fh3fvmaPzbLhBmsenFamTZs2WbRo0UqDUWVlZRYsWNC4fHR58+bNS5s2bdbKOJb3XvYTAwAAgA+LZtvEfYMNNmj88/z581c7g+VPf/pTrrnmmkyfPj1z585tjF+r2+dn2QyvxYsXN4and3rppZcyZ86cJA1xalW/8C+7zoYbbtjk/Q033DAzZ87Myy+/3OT9dwsH7+VZunbt2hi2VuZjHRt+dk+/8Noqj1m8pDazX52fLhu3bfJ+m1YrfuPdO++9Udum/x6qWzccv3DRkixctCT19fVpv0HrJse0X78hwtQsfCtJcvJFt+c3U5/JDaOPzJ47bp5WLasyctzk/Oj2R5qet8Hb8WbZ/lhtq5tee/nXK7PyZ2r454I3Fqfd+itGog7t1k7AatWqVTp27JgXXnhhhWWEbdu2zejRo3PppZfmtttuy9e+9rVsvvnbQW7mzJlNXq+JZftiLR/Ols3MWtk3GwIAAMCHVbMFrG7duqVFixapq6vLE0880WTPn2uvvTYTJ05Mp06d8p3vfCdf+9rXsmTJkhx11FHp3r17Jk+evMrNr5eprq5O0vCL/OGHH77C5+3bt89GG22UpGEmzKosC23vXPKYpDF+vTPEvZtnn332fT3L8jq0q84ntumc2+77a0797N4rPeaXD03P0tq6HLTntmt07eU3TZ/3j9frtWmZ6jbrpEWLisytaXrMnJqG2U5t12ud+vr63H7/X/OtL+2bvru8HeFefG31S+XW/Ucoe31h02u/VrNwjca/vDatqjL/H2GtyXVff+MDXfedevXqlbvvvjvHH3/8Cp/ttdde6dWrV2666aaceOKJGTt2bD7+8Y8naVg2umwJ6Zqqrq5Oy5YtV/rf5ftd0ggAAAClarYlhOutt1723rshvowbNy4zZzbsWTRjxozccsstefPNN7PTTjvlsccey+LFi9O5c+ecdNJJ2W+//dKqVasVrrdsxsmyPYV23nnntGjRIkuWLMnWW2+dk08+OSeffHJ22mmnDBo0KJ07d0737t1TUVGROXPmNO6F9eSTTza57i677JKkYYnfAw88kCT5/e9/3zje5b8FbnXe67PMmDEj99xzT+O3HK7M8CP3yu/+9Pf88PaHV/jstdffyOk/uCu799gse+20xXseX5I8+dyrmTf/7Yg0bXrDssAdtto461RV5hPbdM6Df/57k3N+96eG172275KltXVZ9NbSrL/u28/1+oI3c/v9f019Vj1jrlXLqmzRuV2mLfeNh/dNnbFG419et806ZP4bb+XZ2W+Hnkf+9sJaDVif/vSnc+edd65yP6uWLVvmC1/4Qm688cZ07949SUPM/OMf/5j+/fu/r3u2aNEi22+/ff7whz80ef+RRx5ZYRksAAAAfNg12wysJBk2bFj+8pe/5LnnnsuRRx6Zli1bNi6J6tChQ4499tjGbwScNWtWjjzyyNTV1TW+99Zbb8+s6dq1a+69995Mnjw506ZNy/jx4/O5z30u1157bcaMGZNx48blrbfeyvz589OtW7dcddVV2XTTTXPAAQdk8uTJOfvss/ODH/xghX21NttsswwaNCh33HFHzjjjjGy88caNx/Tv3z/bbLNNZs+enfdi6623ftdnqa+vz1e+8pUsWLAgw4YNy9ChQ1d6raMH7JL7p87Il8+/NfdNfSYD994+67VpmcdnvJzLf/pgWrSoyDWjhq7RXkj1adg/6vjzbsmo4/fP0tq6nHHFL7NF53bZu2fDvlenfnbvfGHUT3LhdfdnyL4fz4xZc3La93+RT+28VXbd/mNJkk9ut2km/vzRHLTHtpm3YFH+6/t35dB9euSqnz+aJ559Jd0222il9z/qgE/kousfyLhb/5DeO22eX/zuyUybPmulx75Xh/TZLq1bVWXYd3+W8796UBYseisjLv1FOm20/ge67jvtsMMO6dOnTy688MJ8+9vfXuVxy76sYPHixRk1alROOumkrL/++x/HEUcckbPOOitXXHFFevfunYceeihTp07NmDFj3vc1AQAAoETNNgMrSTbZZJOMHz8+Bx98cNq3b5/a2tp07NgxgwcPzoQJE9KhQ4fstNNOOfPMM9OlS5e8+uqr6dSpU4477rgkDTOV6urqkjT8Mt+7d++0bt2wjK2ysjInnnhiTj/99HTt2rVxmWC/fv0yevToxrAzYsSIHHzwwVl33XVTV1fXZBnYstlRp556ak444YR07tw5r732WjbeeOMcc8wxOfPMM9foed/Ls1RUVGTHHXdMdXV1Y/BalQlnHZ5rR30ms16tySkX3ZGh37ohV9/5aD5/UM88fNVX063LykPRqixZWpveO22RA3bbJoecenX2OO6KVLZokdvGfjHrVFUmSY7q/4mMP+PQXHXno9lu6Hdz1MgfZ99dt86tF7z9rYs/+tbhqahIPv65S3L0t3+a4UfulbOP3y9bdGqXT315XGa+/PpK73/2cfvl6P/YJaf/4K7s9Z//k2lPzsrYUwb8Y2x1a/Qsy2yy4Xr5yZjP5sm/v5Jdvvj9nDT29pz/1YPSdr3Wad1y7fXbU045Jc8991zOPffc1X4D4Ny5czN8+PBstdVWGThw4Ae6Z9++fTNixIj85je/yfDhw3PPPfdkxIgRK93zDQAAAD7MKupXtxP6v4E5c+bkqaeeyu67756kYV+iUaNGpUWLFrn99tvTvn37Zh4hH9ScmjeybquWad2qIVi9tXhpOhw4Oud/9eB8dcgea+0+b7zxRkaPHp2nn346n/nMZ7LXXnulY8eOjTPtfvWrX+W2227LIYcckhNOOGG1374JAAAfZgsXfrC9bIF/rmX7hv+r1dTUvO9zm3UJYQnGjh2bKVOmpFOnTmnTpk1mzGjYc+nQQw8tNl5V7rlmM7/+XdU+eF5qFr6VbodflP123Tojj9svFRXJd69/IC1aVOTwfj3W6v3WXXfdnHfeebnvvvty22235fLLL09tbW3q6urSpk2b7L777rngggvSo8favS8AAAB81P3bz8CaMWNGJkyYkEcffTRvvvlmunTpkkMOOSRDhgxJZWVlcw+PteAPf30+37z8l3n0iRdSVdkiPbfZNP/91QOz2w6b/VPvW1tbm7lz56aysjLt2rVbo/3IAADgw8wMLCjbh3EG1r99wAIAAGDtErCgbB/GgGUTHgAAAACKJmABAAAAUDQBCwAAAICiCVgAAAAAFE3AAgAAAKBoAhYAAAAARROwAAAAACiagAUAAABA0QQsAAAAAIomYAEAAABQNAELAAAAgKJVNfcAgBUNHDgwAwYMyKuvvpoHHnggFRUV6d+/f4YNG5YJEybkZz/7WWpra9OrV6+MGDEibdu2be4hAwAAwD9NRX19fX1zDwJoauDAgVmwYEGOPvro9OjRIw8//HBuuOGGbLbZZtlyyy0zePDgvPjii7n88svTv3//nHbaac09ZAAAaLRw4cLmHgKwGtXV1c1y35qamvd9rhlYUKgDDzwwxxxzTJKkV69eefDBBzN//vyMHj06VVUNf3WnT5+eRx99tDmHCQAAAP90AhYUavllgR07dsyGG27YGK+SZKONNsq8efP+1UMDAACAfymbuMOHnFXAAAAAfNQJWAAAAAAUTcACAAAAoGgCFgAAAABFE7AAAAAAKFpFvR2gAQAAWIsWLlzY3EMAVqO6urpZ7ltTU/O+zzUDCwAAAICiCVgAAAAAFE3AAgAAAKBoAhYAAAAARROwAAAAACiagAUAAABA0QQsAAAAAIomYAEAAABQNAELAAAAgKIJWAAAAAAUTcACAAAAoGgCFgAAAABFE7AAAAAAKJqABQAAAEDRBCwAAAAAiiZgAQAAAFA0AQsAAACAoglYAAAAABRNwAIAAACgaAIWAAAAAEUTsAAAAAAoWlVzDwAAAICPlurq6uYeAvARYwYWAAAAAEUTsAAAAAAomoAFAAAAQNEELAAAAACKJmABAAAAUDQBCwAAAICiCVgAAAAAFE3AAgAAAKBoAhYAAAAARROwAAAAACiagAUAAABA0QQsAAAAAIomYAEAAABQNAELAAAAgKIJWAAAAAAUTcACAAAAoGgCFgAAAABFE7AAAAAAKJqABQAAAEDRBCwAAAAAiiZgAQAAAFA0AQsAAACAoglYAAAAABRNwAIAAACgaAIWAAAAAEUTsAAAAAAomoAFAAAAQNEELAAAAACKJmABAAAAUDQBCwAAAICiCVgAAAAAFE3AAgAAAKBoAhYAAAAARROwAAAAACiagAUAAABA0QQsAAAAAIomYAEAAABQNAELAAAAgKIJWAAAAAAUTcACAAAAoGgCFgAAAABFE7AAAAAAKJqABQAAAEDRBCwAAAAAiiZgAQAAAFA0AQsAAACAoglYAAAAABRNwAIAAACgaAIWAAAAAEUTsAAAAAAomoAFAAAAQNEELAAAAACKJmABAAAAUDQBCwAAAICiCVgAAAAAFE3AAgAAAKBoAhYAAAAARROwAAAAACiagAUAAABA0QQsAAAAAIomYAEAAABQNAELAAAAgKIJWAAAAAAUTcACAAAAoGgCFgAAAABFE7AAAAAAKJqABQAAAEDRBCwAAAAAiiZgAQAAAFA0AQsAAACAoglYAAAAABRNwAIAAACgaAIWAAAAAEUTsAAAAAAomoAFAAAAQNEELAAAAACKJmABAAAAUDQBCwAAAICiCVgAAAAAFE3AAgAAAKBoAhYAAAAARROwAAAAACiagAUAAABA0QQsAAAAAIomYAEAAABQNAELAAAAgKIJWAAAAAAUTcACAAAAoGgCFgAAAABFE7AAAAAAKJqABQAAAEDRBCwAAAAAiiZgAQAAAFA0AQsAAACAoglYAAAAABRNwAIAAACgaAIWAAAAAEUTsAAAAAAomoAFAAAAQNEELAAAAACKJmABAAAAUDQBCwAAAICiCVgAAAAAFE3AAgAAAKBoAhYAAAAARROwAAAAACiagAUAAABA0QQsAAAAAIomYAEAAABQNAELAAAAgKIJWAAAAAAUTcACAAAAoGgCFgAAAABFE7AAAAAAKJqABQAAAEDRBCwAAAAAiiZgAQAAAFA0AQsAAACAoglYAAAAABRNwAIAAACgaAIWAAAAAEUTsAAAAAAomoAFAAAAQNEELAAAAACKJmABAAAAUDQBCwAAAICiCVgAAAAAFE3AAgAAAKBoAhYAAAAARROwAAAAACiagAUAAABA0QQsAAAAAIomYAEAAABQNAELAAAAgKIJWAAAAAAUraq5BwAAAADAv5+jjz56lZ9NnDixyWszsAAAAAD4l1s+Uq3ufQELAAAAgGaxfKxaVdQSsAAAAABoNsui1ariVZJUPPPcrPp/1YAAAAAA+Pe0Udvq931uRX19vYAFAAAAwD9VTU3N+z7XEkIAAAAAiiZgAQAAAFA0AQsAAACAoglYAAAAABTt/wP1A+CpdfsEDAAAAABJRU5ErkJggg==' height='250' width='300'/> ]]>
  </system-out>
  <testcase classname="com.tribu.qaselenium.tests.mazaprendo.MACreateCourseTests" name="createLeccion" time="125.875"/>
  <system-out>
    <![CDATA[ <img src='data:image/png;base64,iVBORw0KGgoAAAANSUhEUgAABLAAAARMCAYAAACJcWqtAAAAAXNSR0IArs4c6QAAIABJREFUeJzs3XlcVOX+B/DPsOMgi4psLg3ugCviTqaiXvdMTMul9LqUqWSZYqUlam4tiksJaSampuaG1FVA0wRFBTcWtcSbIoiowz4gMPP7g9+cy8AwDDAwY37er9e8YM7ynGfmzNm+5/s8RzRixAgF6IVz7tw5fVeBiIiIiIiIiF4g9+7dq/G8RjqsBxERERERERERkc4xgEVERERERERERAaNASwiIiIiIiIiIjJoDGAREREREREREZFBYwCLiIiIiIiIiIgMGgNYRERERERERESkV8eOHdM4ngEsIiIiIiIiIiLSG2XwSlMQy0ShUNRXfYiIiIiIiIiIiATlg1bHjh3D6NGjK0zHABYREREREREREdW7yjKu1AWxtApgTZo0CZMnT9ZJ5Xbv3o2ffvpJJ2WR/q1YsQIKhQLLli3Td1X+8SQSCV5//XX06tULAHDhwgXs378fd+/e1XPNiIiIiIiIiKpPXaZVZYwUCgWqeukqeAUAkydPrnJ5fNX9SxckEgk8PDzQsWNHSCQSnZRJ6nl4eODrr78WglcA0KtXL3z99dfw8PDQY82IiIiIiIhIlyQSCSZMmACxWKzvqhgUrQJYubm5Oltgbm6u3oM3fOkmgDVy5Ei1/5PuzZ07t0bjiIiIiIiI6PkhkUgQEBCAiRMnIiAggEGsMrRqQvjll19i7NixOlng4cOHdRZAIf0Ri8UYOHCg8H7gwIHYsWMH8vLy9FirfyaJRAIHB4dKxzs4OEAikbApIRERERER0XNu8eLFsLKyAgC4uroiICAAy5Yt47U2tAxgRUVFISoqqh6qQ8+LAQMGqB12/PhxPdTmn02biDuj8kRERERERM+vpk2b4tGjR1i7di0CAgJUglgjR47Ezz//rOca6p9WTQj19fr+++8RHh6O1atXVzntlClTEB4eju7du1d7Of3790d4eDjGjh2r1fTbt28XMsmqerVt2xbDhw/X+3ep6yaE6poM6qoZYUxMDDIzM3Ho0KEK4xo3bgx/f3+YmppWWc6YMWOQmZmJefPm6aRe+vLSSy9VOY29vX2Nyu7fvz+uXbuGzMxMjBgxQmXcxIkTcfXqVaSnp+PUqVMqfW117doVp06dwsOHD3H16lW89tprwrhGjRphz549SElJQXJyMj7//HNhnEgkQkBAAP766y+kpaUhJCQEtra2dbrMqj4nERERERGRPg0YMADbtm3DgAEDcPfuXSxbtkylK6eEhIQqy2jRogUyMzPVvm7fvl3pfJmZmYiIiAAAvPbaa8jMzMS7774LoHrX39V15coVrV9KJjqvhY60adMGLVu2RExMDLp3745GjRrh6dOndbKs+Ph4fPbZZ1o3wdq0aRPMzMy0mnbSpElo0qQJwsLCalNFgUgkqrcmmE2bNq20fyV1TdocHBwQEBCgdvrNmzfj0aNHVS6zS5cuaNeuHU6ePIlBgwbBwcEB6enpwvgJEybA398fmzZtQlFRkcayYmJiMGnSJCQmJla5XEP23//+t8ppMjIyql3unDlzEBAQgOTk5ArjPDw88O233yImJgZBQUH48MMPsXv3bnh6esLExAR79+6FXC7H8uXLMWHCBAQHB+P69ev466+/sHHjRgwZMgRr165F+/bt8f777+POnTsICQnBrFmzMH/+fPz000948OABPvroI+Tn52P27Nl1tkxNn5OIiIiIiEifBgwYgPnz5wOA8Pf06dNYtmwZAgICsGPHDsTHx2td3t27dxEUFKQyLD8/X6t5z58/j0mTJgkBs+pcf9cHrZoQOjo6YvDgwTpZYHh4OB4+fFjldIMHD0ZeXh4CAwMREhKCAQMG4ODBg8L4Fi1a4KOPPkKrVq2QmJiIv//+GwCgUChgb2+PvXv3IiwsDMbGxhgwYADS0tKwfPlyTJo0Cd7e3rh79y4+++wzPH78GB4eHvj000+xZcsWHDp0CLt370ZRURH27t2LGTNmwNTUFEePHsXOnTsBAPPmzUOjRo0wZswYGBsbY+bMmRgwYACsra2RlpaGvXv3Ijw8HD/88ANatGgBAIiIiICvr6+w4k+fPo2JEydi6tSpyM/Px7x589CzZ0+Ymprixo0b+Prrr/H48WMMHjwY/v7+CA4OxtChQ4Vx9UEsFqNjx47Vmqey6bVt4jZhwgRkZ2dj4cKFuHr1Knx9fbFlyxYAwDfffINp06YBAB48eIDp06fj5MmTWL9+PYYOHQpTU1OcP38efn5+SEtLQ8+ePfHjjz9i6dKl2LRpExo2bIilS5di2LBhsLW1xa1bt7Bq1SqcPn0aANCjRw+sWLECHh4eKCoqwu+//44PPvigzgKn2tKmrXNN2kMXFhZi4MCBGDhwYIWMpXHjxkEkEmHJkiW4cuUKGjVqhIULF6JHjx6wtLSEo6Mjli1bhm+//RZJSUk4cuQIxo4di82bN2PYsGE4deoU1q9fDwsLC4wePRq+vr4ICQmBr68vsrOzMW/ePMjlcrz88ssYPXo05s6dW2fL1PQ5iYiIiIiI9KVs8EqpbBDrnXfeqfa13oMHD/Dtt99WOn7JkiWYPn06AGDVqlUqCTK9e/fGjh07sGTJErRt27bC9be6VlL1SasA1ldffQVHR0edLHDo0KGYNGmSxmmUQaeoqCikpaXh+vXrGDx4MA4cOCBMs2TJErRq1QqbNm1CXl6e0ExMoVDg2bNnAEqbDX3//ffIy8vDuHHj8M0332DXrl14/PgxJk6ciAkTJmDz5s0qK0yhUKCoqAgODg7o1q0b1q1bhzlz5mDKlCk4e/Ys7ty5ozLtkCFDMH78eGzduhXx8fF4/fXX8c477yA2NhYrVqzA1q1bkZqaivXr1yMrKwtFRUVo0qQJ3NzcsGXLFuTm5mL27NkYMmQINm7ciJycHHz66ad45513sGLFCiHKOW7cOPzyyy9ITEystwysu3fvIjAwsMIGVV2BgYFaZbcZGxvD19cXYWFhuHfvHqKiojBhwgQhgLVhwwZ4eHjAy8sLo0aNQnx8PAICAvDGG29g4cKFkEql2L59O1atWiVskGVt3rwZY8aMQUBAABISEvDZZ5/hwIED8Pb2RlJSEn744Qc8ffoUr732Gho3boytW7diwYIFWLp0aa0+f23dvXsX6enplXbknp6eXqMO3Ldv3w4AKp3xK7Vq1QoAhMCwsvy2bdvC3Ny80nESiQQmJibCuIKCAjx8+BBt27YFALRu3RoPHjyAXC4X5u3VqxeaN29eZ8vU9DmJiIiIiIj0QV3wSmn69Om4ePFijRIVLCwshEQapaysLGRlZWHYsGFYvHgxoqKi8NVXX2Hy5MkQiURqy1F3/a1vWvWBpavgFQA4OTlVuTxPT0/Y2dnhypUraNKkCWJjY9G6dWu0bNkSCoUCjRo1Qtu2bREfH4+jR48iIiICZ8+erbCslJQUHD16FHv37gUAPHnyBIcPHxbeN2/eXKVPqLL/m5mZITAwEBcvXsSvv/4KoLQvovLBLmVTQjc3N9jZ2eGbb77B2LFj8fjxY/z1119QKBQoKChAQkICiouLAQANGjTAmjVrEBoaivz8fOzYsQPjxo3DkSNHEBkZiby8PLi6uqrU59y5c9izZw+uXr1ar31gnT59GkuXLlVpf6ut3NxcLF26VMhwqsrAgQNhb2+Pc+fOwdnZGb///js6deqE9u3bAygNXmRnZwMA4uLiIJVKsWLFCrRt2xbff/89fvnlF2RnZ6v0m6SkzJiLiYnB119/jRMnTmD16tUwMTHBhAkTAJSuFycnJ3Tu3Bn37t2DRCLRe/BK6eLFizUaV1PKDgOVweDCwkIApd+RMptOOUzTOGUZDRo0AFCaiVd2nPJ/sVhcZ8skIiIiIiIyJJqCV7m5ubV66mD37t1x/fp1lZcy4Wfo0KEAgLVr1+LUqVP4+OOPKy1H3fW3vmmVgXX16lV06dJFJwtUBmA0GTJkCIDSx0eWNXjwYAQFBQmdPj99+lQoS9kHUNkAzePHj6FQKIQV/+TJEygUCiEYY2pqWqEuyvd5eXnIyckBAGF6MzOzCgGs0NBQtGjRAkOHDsUrr7yCkpISREZGYv369SptRMvOl5+fjydPngjvO3fujLfffhvOzs4QiUQwMzNDZmamyjwpKSn1lnlVXnx8vND+VhlkqIpyo6tOZtDEiRMBQMi4Kju8sqZf3t7e8Pf3h0QigZGREczNzVW+W6XmzZsDAO7fvy8Me/DgAQDAxcUFQGl/ZV999RXWrVsHALh37x78/Py0DsDVpePHj2PUqFGVjtM15W/e3Nwcubm5sLCwAFC6XZSUlACAMKzsOOW2phymLEM5PC8vT2Wc8v/c3Nw6WyYREREREZGh0CZ4VZMWNkpJSUlYuXKlyrA///wTwP8e/qXs1unhw4dC65jngVaduL///vs6DWBpYmlpiT59+iAuLg779+8Xhs+cORODBg1CUFAQMjMzAZRm1Sg1bdoUgGoAq/xfpcreVzZ9eWXHFxUVYcOGDQgMDESrVq3w6quvYsSIETh//rzawIdCoVD5gZiamuKTTz7B06dP4evri/z8fJUO35XLUl7A64vySQjaBLFqstFZWVlh+PDhOHPmDLZu3SoMX7p0KXx9fdUGsMzNzREcHIz09HR06NABubm5KgGqspTDlcEqAEJapXJcdHQ0evfuDXt7e/Tt2xfr1q3DunXr4OXlpfXnqCuPHj1CfHx8heyy+Ph4rTrHry7lUypcXV3x5MkToXlfUlKSkPEkkUiEaZTj7t69i6KiImGYWCyGo6OjkCF569YtdOzYESYmJiguLkarVq2Ql5eHe/fu1dkyiYiIiIiIDEFdB6+A0sSdyh4ip0z2cHR0xO3bt+Hi4gIjI6NaLa8+aZWBBUDl0YV1qX///rCwsMDJkydx/vx5YXi7du0wbdo0dOnSBVeuXMGdO3fQsWNHjB49Gvn5+ejXrx8AVGgiV5P35f9X18RQ+f6dd97BqFGjsGrVKqSnp+Px48cAAJlMBoVCgcLCQjg7O6Nv376IjY2tULaxsTFMTU1hamqKZs2aYeDAgSgqKoKNjY3QxFFd3fRB2w3Jysqq2hvdmDFjYGlpiQMHDuDEiRPC8C5dumDJkiXw9vbGH3/8AZlMBqA0W+rMmTMwMzODmZkZWrdujXHjxqGwsFBoYlrW06dPcfToUaHD8Nu3b2PJkiUoKCjA7t274ejoiOjoaJw6dUp4YmJ+fv4/OovHy8sLzs7OcHNzE96bmJggLi4OBw8exIIFC7Bq1SocP34c06ZNw59//onLly/DxMQE9+/fx+zZs1FUVIQJEybg2bNnOHToEGQyGUJDQzFmzBj4+/vDzc0NJiYm2LNnDwDg559/Rq9evbB582Y8fPgQXl5e2LlzJ0pKSupsmZo+Z2UBTyIiIiIiIl2qj+AVADRr1kxoMlhWSEgIwsPDMXXqVPj7+8PY2BhTp07VGGcoe/3922+/6f36Sas+sOrzpWw+eOHCBZXh0dHRAAAfHx8oFAqsXLkSd+7cwZw5c+Dj44MjR44AKM1oKktdH1eaAlbq3msKYO3ZswcxMTFYvHgxtm3bhkGDBuHbb79FdHQ0FAoFfvnlF5iammLevHmwsbGpUHZ+fj62bt0KExMTrFmzBtnZ2QgMDISJiQn8/PzU1qU++8AqSyKRaN2EUJkpoy1lP1Th4eEqw0+ePAkAeP311wEAu3btwtOnT7F48WK4ublh2bJlMDc3x4EDB/D06VMsWbIEZmZmQjPAsubOnYvt27djzpw52L59O54+fYpXX30VycnJePjwIfz9/eHu7o7//Oc/2LNnD/766y/MmDGjWp+jrojFYrz00ksVhr/00ktaP+GxvPfffx8//vij8N0q33t7e+PmzZuYNWsWHBwc8Omnn+LmzZt48803oVCUPuRg0qRJSEtLw7Jly9CgQQO89dZbQifqH3zwAX799Vf4+fmhT58+WLVqlfAE0R9++AEbNmzA0KFDMXPmTBw4cACffPIJANTZMjV9TiIiIiIioromFovVPmgM0G3wCii9RlyxYkWFl729PY4fP47AwEB06NABW7duxcmTJ5GTkyP07V1e2evv7t2766R+tSHq16+fftN6SC9u3LhR7XlGjhyJf//731pNu3379jrpm6k6Xn31VezcuRNLly7Fpk2b9FqX2hgwYAAmTJig8SmEP//8s0H01UVEREREREQVSSSSCl3y6Dp49Ty4d+8egOq18uvatSsALZsQTp8+vdJoYXXt2LEDO3bs0ElZVL/UPd0vJiYGANCzZ88K0+ozgCWRSDB8+HAAMIinJVRX06ZN8frrr6Nnz55VZr05ODhg/vz5mD59OmJiYrB///466ReLiIiIiIiIaqZ8v9IvYvCqtrQOYOnK9OnTsX37dp2VR/XH3d1d+D83Nxc7duwQsn4GDBiA6dOnC8GWstPqw5AhQzB27FjExMTg2LFjeq1LdZX/LrVlZWWFQYMGoWfPnirrhoiIiIiIiPRDIpFgxIgR2Lx5sxDEWrx4MdauXcvgVTVp1d18Tk6Ozhaoy7Ko/jRt2lQIqMTHx+PDDz9UCZCcPn0aH374IeLj4wGUBlOUT4bUh23btsHe3h5Dhw5Fdna23upRXU2bNsX8+fOrHbwqy8rKCvPnz9fr909ERERERESlCQqDBg3C3LlzAZRmYr3zzjsMXtWAVhlYK1euxMSJE3WywH379un9aXpUfXl5eYiJiUF8fHylTQMfPXqEpUuXYuTIkfDw8PhHP8GvLimDgERERERERPR8E4vFCA0NZQsZHRD16tWL0aQXUFJSkr6rQEREREREREQvkDrvxJ2IiIiIiIiIiEhfGMAiIiIiIiIiIiKDxgAWEREREREREREZNAawiIiIiIiIiIjIoDGARUREREREREREBo0BLCIiIiIiIiIiMmgmcrlceCMSifRYFSIiIiIiIiIi+ifQdcKUSV0WToaL65qIiIiIiIiInhdsQviC4nonIiIiIiIiovpS21Z/JlevXtVRVUgfkpOT4erqqu9qUC1xPf5zcF0aBq4Hqgx/G4aP68jwcR3VD37PRFQTFy9ehIeHh76rUani4uIaz2ukw3oQERERERERERHpHANYRERERERERERk0BjAIiIiIiIiIiIig8YAFhERERERERERGTQGsIiIiIiIiIiIyKAxgEVERERERERERAaNASwiIiIiIiIiIjJoDGAREREREREREZFBYwCLiIiIiIiIiIgMmom+K0BEtRMaGoq4uDjMnz8fdnZ2+q4O1YBUKsW6desqDLezs8OiRYv0UKMX165du5CUlAQLCwu4u7ujT58+cHZ21ne1SM9kMhnCwsKQnJws/DYGDRqk72qRBrGxsTh48KDKMF9fX3h6euqpRkRERFRb1Q5gSaXSCicEEokEPj4+SE5Ohqurq84qR/UnNTUV0dHRAMALtudIbGyssN5CQkIwf/58PdeIakIqlVZrONWd8ePHIygoCA8fPkRsbCxiY2N50Us4fvw44uLihPdpaWlQKBTw8fHRY61IE3X7T+5TDYNMJkNSUhJSU1ORlpYGAHBycoKzszM6dOgAS0tLPdeQiIgMVY0CWMnJySrDFAoFACA4OJgn+s8hqVSK4OBgFBQUAAASEhKYzfMcKH93OS0tDQcPHoSvr68ea0U14erqCkdHRzx8+FBleJ8+ffRUoxeXpaUlZs2aJQSxAODgwYOws7PjDZoXlFQqVQleKcXFxTGARVRNERERiIqKEs45lZTXFhYWFujXrx8zHImI6klKSgpEIhEAoEGDBgYfA9B5H1gHDx5EbGysroulOhQbG6tyIlFQUICEhAQ91oiqoq5pBAA8ffqU299zys/PDxKJRHg/aNAgjBo1So81ejHIZLIKwywtLSt898ePH6+vKpGBYYYkUe3JZDIEBwcjMjJS5ZzT1tYWtra2wvuCggJEREQgODhY7f6ZiIh068GDB0hJSUFKSkqFm+mGqE76wFJeWDMT6/mgLsrK9G3DVVnwytfXF25ubggKChJS8en5YmFhofZ/qjtBQUEYP358he0lNTVV5X1aWhqkUqnB35Wi+tOtWzd9V4Fq4dy5cygsLBTeW1hYoG/fvnqs0T9bSEgI7t69K7yXSCQYP368sE+VSqU4cOCAME1ycjJ2796NmTNn6qW+RERkmOqsE/faBLFKSkpw7NgxnD17Fo8ePYKlpSXatm2L8ePHq2Qo1ERWVhZu3ryJnj171qqc33//HadOnUJAQECFcVevXsWOHTsQGBhYq2XUF09PTyQnJwtNJLp161br4OPbb79dIT0cABwdHbFhwwaN8/75558wMTGp9bouLzo6Gp06dYKVlZVOy61PmoJXynU2a9YsBAYGYtasWTq52M7Ly8OCBQvQrFkzLFu2rNblqZORkYG5c+diz549MDY21nn5mrZXffn8889VLp7KCwsLQ1hYmMqwDh06YOrUqbVa7p49e3Dy5EksXrwYHTp0qFVZ6pT9rrdu3YpGjRph4sSJOl+Orjx8+BDBwcGYOXOmShCrfFN5ADoLYMXExCA0NBR///03jIyM0Lx5c4wYMQK9e/euddmHDh3C0aNHMWTIEGRlZRnM969uG1coFNi2bRtMTU0xdepUmJqa6rmW6qkLJisvvgEIx0+ZTAZ3d/caBbYOHDiAP//8Ex9//LHK8AsXLmDnzp347rvvalb5aqrrfbEhKb9/BaAxgFVQUIC33noLX3/9NVxcXDSWLZVKsXz5cuTl5WHt2rVo1KhRrev7PIuIiFAJXtna2mLKlCkqN0vt7OwwZcoUBAYGIjMzE0DpthUREVHtprp1fd7yvJ3nExHpSnFxMXJycvR6Q7dOn0JY0yDWxo0b8d///hczZ85E27ZtUVhYiBMnTmDZsmVYvXo1mjVrVuM6Xb9+HVevXq11AKtPnz7o3r17rcowJJ6enkIAS1eZc/7+/ujSpUu15zt16hRat25dIYCl7GtN2Ua3uvbt2wdXV9dqBbDkcjmMjHTe0rZGtAleAaXZc1OmTMGBAwfg4+NT6357fv/9d/Tv3x+xsbFIS0uDk5NTrcorTy6Xo3Hjxti2bVudXTAZ4vaqKXhVGXVB4eooLi7GuXPnMHnyZISHh9dJAKust99+u9rbT31vc+bm5igoKEBwcDDGjx8PqVSKxMREtQEsXWTFnThxAnv27MFbb70FLy8vmJmZ4dKlS9i2bRsKCgowYMCAWpUfFRWFGTNmwNvbG/n5+Tr9LmuzD1a3jd+7dw/9+/ev899hbTk7O8PW1la4qAaAkSNHAijtM3L37t3C8MTERDx48OC5bP5bH/viF8WtW7cgl8sRFBRUre3FkM45dEUmkyEqKkplWN++fYXg1YEDByASieDr6wtLS0t4enoiMjJSmDYqKkplem3U9XkLEdGLqLi4GElJSbCzs/vnBLBGjBhR4QKruu3Xk5KScOnSJXz55ZfCHS5zc3OMHz8ejo6Owh3ajIwM7NixA6mpqRCJRPDw8MCUKVNgbm6OefPmYcSIEYiNjUVOTg5MTU3xwQcfIDU1FTt37kRJSQmWLVuGgIAASKVSbN++HSkpKTAyMoKXlxdef/11GBsb47vvvoOVlRUyMjLw9OlT5OTkYNasWXBzc0N0dLSQZZCdnY0tW7bg/v37sLW1rXChfOLECZw4cQJyuRwWFhaYPHkyPDw8avFNP/+ysrKwdetWpKWlQS6Xo1mzZnj33Xfx+++/448//kBsbCwePHiAf/3rX/jwww/x+uuv4/Dhw/jyyy/h7+8PPz8/uLu7AwB27twJuVyO6dOno6ioCCEhIbh8+TJKSkrQt29fTJkyBd988w3S09OxatUqvPHGG7h48SJcXFyEO+iXLl3Cvn378NVXX+H06dO4cOECTE1NkZGRgbVr1+Lq1av46aefkJ+fD2NjY4wdO7bWF5rVFRoaWmFYZQ9NcHZ2hp2dnZBZUpsgVmRkJBYsWICGDRsiMjISkydPBgCkp6fjgw8+wOTJk3Hp0iVIpVJ07NhRCFqkp6dj27ZtSE9Ph1wuR48ePfD2229DJBJhy5YtsLa2xrVr1+Dm5oZRo0ap3PU/ffo0jh8/jpKSElhbW2PatGmQSCR48uQJ/Pz8MGPGDPzxxx+QSqWQSCSYO3cuRCIRnjx5guDgYNy9exdmZmbw9fVF//79VbZXADh27BjCw8OF8v/973+jTZs2Nf6OnhcXL15EmzZt0L9/fxw4cAC5ublCQPe7776DpaUlHj9+jLS0NJiZmWHatGk4fPgwHj16BFtbW3z00UcwNzfH5s2bIRaLkZGRgczMTBQXF2P27Nlo1aqVyvJ27twpZAAVFRUhODgYCQkJkMvlaNmyJd59913Y2Nio3ebqi7u7O+Li4lBQUICQkJA6XVZhYSH27t2LqVOnYuDAgcLwfv36wdbWFiYmpYfkZ8+eYffu3bh+/ToUCgUcHBwwY8YMNG3aFGfPnsUff/yBFi1a4M6dO3j69CmGDRuGYcOG4csvv0RaWhr27NmD+/fvIzMzU/j+lfvc+/fvo3HjxujXrx9CQ0OxefNmhIeHIyoqCp9//jmA0uyF6dOn4/vvv4dMJquwDy4qKqp0265sH/zkyROVbbyy42JV27i+9O3bV8jYMTc3F7L1IiIiKkwbHR0NHx8fnTfFr+y4aWNjg1mzZmk8Lmq77S1cuFBlPSUmJiIkJEQIhg4ePBjDhw8HUHqz6dixY0LQZdSoUS9Ux9uVnSOWlJRg586dyM3NxYIFC7Bs2TKUlJRUes5a/njYunVrnD17Fi4uLrhz5w4yMzMxe/ZsREVFISUlBfn5+ViwYAGaN2+OoqIi7N27V7gB2bJlS8yYMQMNGzbU+HupT4mJiRWuDR4+fIjIyEiVByR069YNrq6ucHV1VQlgFRQUIDExsVo3V9Wdt+Tl5WH27NlYuXIlXnrpJQCl/b4sWrQIQUFBWLBgQaXbUFXn+S+w3KcyAAAgAElEQVTqOQURvTiUwav8/HwA6m9mNmzYENbW1nVeF53c5snMzMTdu3fh4uKCVq1aqbyqSrMu78aNG5XO5+3tDQcHBwDApk2b0Lx5c2zcuBHr16/HgwcPcPjwYQCAsbExrl+/Dn9/f6xZswaWlpYIDw+Hu7s7Bg8eDE9PT+FCdtOmTWjSpAm++eYbrF69GgkJCcKB09jYGNHR0fj3v/+NFStWYMCAAfj5558r1Gv//v0wMTHBli1b8Pnnn+PatWsqn+fgwYP45JNPsGHDBrzxxhv48ssvkZOTU63vRZekUinu3r2r8lI+xhgo7eul/Pjy/cHU1q+//oqGDRsiMDAQmzZtQrt27XD16lWMGTMGrq6umDBhgtCk5NmzZygsLMT27durTMM/cuQIUlNTsXHjRmzYsAE3btzAyZMn4efnBwD45JNPqnyym5mZGZKSkjBw4ECsXbsWRUVFwrrbsmUL3n33XQQFBSE7O1tn34c2pk6dqtLRqaYnfsbGxgonhbXpBDUxMRFisRjNmzdH//79ce7cORQXFwMAjIyMUFxcjGfPngnZkXFxcYiJiQEAfP/993B1dcWWLVuwbt06REdH49KlSwAAU1NTnD9/Hv7+/pg+fbrKMpOSkhASEoJFixZhw4YNGDFiBNatW4fi4mIYGxujqKgIWVlZWLp0KVatWoVr164JDx3YvHkzXF1d8d1338Hf3x/ff/897t+/r1L+7du3cejQIaGJW/fu3REUFFTj70hfQkNDsWTJErVZeZUJDw/HoEGDYGpqil69euHMmTPCOGNjY1y5cgVz5szB+vXroVAoEBwcDD8/P6xfvx6ZmZm4fPkygNJ1HxMTgzlz5uCLL77AwIEDsWXLFo3LPn78ONLS0rBx40Zs3rwZJSUlwj67/DZXn6rT501wcHCt9oV//fUXZDIZvL29K4zz8PBA+/btAQCHDx9GSkoK1q9fj40bN0IikWDz5s0AStdTQkICvLy88Pnnn2PevHkICQlBUVERFi5ciKZNm2LGjBl48803Vco/cOAAjI2NsWXLFvj7++P06dNaZXqo2wdr2rYr2weXpem4WNU2ri/Ki1oAKk1NK+vstOwxVVcqO25WpabbXm5uLtatW4eJEydi48aN+PTTT3Ho0CHcuHEDhYWFCAoKwpIlSxAYGIilS5fi8uXLKCoq0vnnNlSVnSN27NgRU6ZMQbNmzbBhwwY0atRI4zlr+eOhsbExkpKSMGjQIKxcuRI9e/bE+vXrMWbMGKxcuRIeHh747bffAABHjx7F7du3sWbNGmzYsAG2trbYvn07gJr/XnRN3T4zNjYWERERwkNnlMGryqavzn63svMWsViMHj164PTp08K00dHR6N69O8RiscYyNZ3n/1POKYiIKlM+eJWfny90+l729eDBg3qpj04ysKRSqcaddXUyQPLy8qpMScvOzsatW7ewYMECAKUH/1deeQVhYWFCXx99+vQRUuAlEgkyMjIqlJOTk4OEhAThzq65uTkGDRqEM2fOYMiQIQCALl26CJHEl156CSdOnKhQzo0bNzBx4kSIRCKYmZnhlVdeEU5MLl68CC8vLzRu3BgA0LlzZ1hZWeHmzZvw8vLS6jvRFZlMht27d6ttGlNWZU/bcnJywsyZM7W+q7xu3boK0dmJEydi1KhRaNy4MWJiYhAXFwd3d3eMHTtWbRnK+b29vbW6+37hwgW89tprMDU1hampKZYvXy5kNVSHWCwW+jExNTXF1q1bhc/doUMHGBsb49GjR/USZVZydXXF/Pnzcfz4cWRmZsLNzU3tdGWbGtra2qpceFVXRESEkCliY2OD1q1b4+LFiypBQOXFuIWFBTp37oyEhAT07t0bH330kbDOGjZsCFdXV+GiTiQSwc3NDU2aNKmwzPPnz6Nnz55CsLpnz5748ccfcevWLSGw/fLLLwMobS7p6OiIjIwM5OTkIDExEX5+fhCJRHBxccHWrVvRoEED3LlzRyi/TZs2wnCgdBs/cuRIjb+j+pSWlobExETExsYiMTERQOn6trW1rbKPkLS0NGRkZKBjx44ASp9yqAwQKnXq1En4nbu4uMDGxgbm5uYASi/anzx5IkzbtWtXIXurV69e+OGHH5CVlVXp8kePHo1hw4YJ26OHh4fwGQDVba4+OTs7w9fXV6tAoLKpYfn+srSVm5sLsVgMMzMzjdPFxMQI+zEAGDx4MI4cOYK8vDwAgL29vRDskkgkKCkpgVQqRdOmTSst88aNG3jzzTchEokgFovRt29fhIeHV1lndftgTdt2Zfvgsr8NTcdFZdaCum1cnwzhiYPaHjfLq+m2d+PGDdjY2KBz587C8j09PREbGwsPDw/Y2NggIiICAwYMgLOzMxYvXqyDT/l80eYcsapzVnXHQ0dHR7Ro0QJA6b7Y2dlZaAbn4uKCK1euACjd3saMGSM0bx4+fDj8/PxQUlJS49+LrlUVzO3WrZuQDS+TyRAdHV3tMsrSdN7yyiuvYMOGDZg8eTJMTU0RHR0tZJVrouk8/3k+pyAiqkr54JUhqNM+sGrC2toat2/f1jiN8kS4bPDA2tpapX+KskEWkUgEuVxeoRzl9EuXLhWGKdN/1ZVjZGSktpycnByVfpUaNmyoUtfyFzrl61pfoqKiqgxeaZKWloaIiAit+/ZYtGhRpX1gDRkyBCKRCKGhodiwYQM6deqEadOmCRc05WkbKMrMzFT5/pUnFCUlJVrNr1Q+xf706dM4f/680AdMcXGx8H99srS0xPjx45GQkICgoCCMGjVKJThcvp+s6nZ8WlZOTg4uXryIuLg4/PjjjwBK++fIz89XCWCV/76VF5oJCQk4fvw4ZDIZRCIR0tLSVPq6qWydZmZm4vr167h+/bowrLCwEJmZmUIAS912qdymytan7P9KBQUF2LdvH/766y8Apc219LEua6KyZm7abNfh4eHIzMzEtGnTVMpLSkoS1kvZPp6MjIwqvC+7/1O3neXm5la6/IcPH2L//v3IyMiASCRSWZ9AxW2uPnl6esLOzg6hoaFVPj64NkEsGxsb5OXloaCgQGN/WllZWSrbh/K7Vh77yh/fAKg9NpVV/jilKdilTtn6aNq2K9sHl6XNcVGbY299KZuZDUClnubm5mr7s6tuf2mVnacoM0+B6h83lWq67ZX/HQKlv8UnT55AJBLh888/R2hoKFauXAkjIyOMHTv2hWpCCGj3O9XmnLX896ztvjgzMxMhISHYt2+fyryZmZk1/r3UJ3Nzc6E/OeVN1toEi6s6b+nYsSMsLCxw+fJlODk5ITc3V6u+WjWd5z/P5xRERNqoSb+9dcngAlidO3fG/v37kZycXCFr68iRI5BIJMLwzMxM4UCcnZ1d7c7ElM3R1qxZo/ZCV1tWVlYqF25lD77lO36taV11QXmR6+joWCEIlZqaKvTvMWLEiAoXF8oLO102ixg8eDAGDx4MmUyG7du3Y9euXcIdyvLKZl+Vb/Yik8mELBEbGxuVO/1ZWVkoKSmpcIJuZGSkcoKhKaocGxuLQ4cOYfXq1WjatCkUCgWmTJmi/QetA+7u7nB1dUVISAicnZ0xcuRItZ2816b54OnTp9G7d2+89957wjC5XI7Zs2cjLS1NuJuflZUl3DnOycmBtbU1cnJysH79enzwwQdCXxGrVq1SKb+yjLpGjRrh5ZdfrtC0EIDGwK9yHZfdL6Snp1fotP/AgQO4d+8eli1bBgsLC9y+fRvLly/X+F3UF+X+TSaTITk5ucpgiraKiopw5swZfPXVV0JmG1DaxCQiIqJGnWiX3c6UTaI1BZo3bdoEd3d3vP/++xCJRDh8+DCSkpKqvdy64urqCj8/P0ilUkilUuGCMSgoqMKBu6ZBrFatWqFBgwaIjIxUyXwDgLi4OKHzb1tbW5XvV9lc2c7OTuVJXtUhFotV9nNlM5rU7VPLU26vVW3ble2DyzKk46Im586dQ3R0dIULaqlUCplMBktLS7i6ulb4HZftI0tbjRs3RmpqKhQKhcq+8d69eyrBxsqOm5qOizXd9sr/DgHV9eTk5IRZs2YBAG7evIkvvvgC7dq1q9WDdqqr/NNcLSws8Nlnn9Xb8rWhbPqv6Zy1pv272dnZwdfXt9IHE1XnPKuuODk5VbrfcnZ2VunMvbKbMdp2wl7VeYuTkxP69++PqKgoODs7o1+/fkKAWNM2pOk835DPKYiIasvExARubm5ITEysdkJIXTG4R520bt0a3t7eWLduHS5duoS8vDxIpVLs3bsXoaGhcHR0RMOGDdGhQwchVbuoqAinTp1Cjx49qizfxMREaIYhFovh4eEhdI6tUChw5MgRnD17tlp1dnNzwx9//AGFQgGZTKbSr0zPnj1x+fJloelNXFwc8vPz9frUJeVJd9lX2ZNtZ2fnCuN13Rntd999J9zRtrS0FAJDgOo6Uqdx48ZCv0ZZWVkqfRH06NED4eHhKCwsRGFhIdauXYuYmBgYGRlBJBIJ5TZp0gQpKSkASrOz1KWsK2VnZ8PGxgb29vZQKBQ4dOgQRCJRrZ8IV1uWlpaYNWsWbG1tsXHjRrVNoMLCwqrVR5KSQqFAREREhf7ClA86KJuNcOrUKQClF7ZXr16Fh4cH8vPzUVJSInTqHRsbi7///lur76xXr164cOGCcIH96NEjfP3111VG/62trdGuXTuEhYVBoVAgPT0dixcvxuPHj1Wmy87OhrOzMywsLCCTyfDbb7+hpKRE7323zJw5E7NmzYKPjw9GjRoFPz8/tdkMjo6OFYZVle1x/vx5ODg4qASvAKB37964ePGixsypyly7dk3Yr509exYtWrTQeCMgOzsbrq6uQsbO+fPn9b4NqWNnZyfsE52dnTFr1izhIqYsZRCrOn2zmJqaYsqUKdi7dy/CwsKEQMiZM2ewadMmIVDRs2dPREZGCr/JEydOwMPDo1b74Xbt2iE6OhoKhQL5+fk4f/68MK5x48Z4+PChsDxNx8Cqtu3K9sFlGeJxsbzQ0FBhHamjbILXr1+/CuPUDatKjx49UFxcjJCQEOTk5KCwsBAXLlzAf/7zHyHYqem4qem4WNNtr2PHjsJ+HSgNesbFxcHLywt///03li9fLuw7XFxcYGJiUu+ZJ+qCy4amNuesVenVqxdOnDghfA9XrlzBrl27AGj+vdQnTcHczMxMREZGIjIyUuMNG20Cwtqet7zyyiu4evUqzp49KzRVBjRvQ5rO8w31nIKISFcaNGgANzc3IeBvZmYGFxeXCi911yh1weAysADgvffeQ1hYGPbt24f09HRYWFigU6dO+OKLL4QLsLlz5+L7778X+rvp1q0bRo8eXWXZXbt2xW+//YY5c+Zg8+bNmDt3LrZv34558+ZBLpejVatW1X663IQJE7B582bMnj0btra26N+/v9DBpru7O8aPH49Vq1ZBLpdDLBZj8eLFVXYY+U+wZs0atcO3bt2KESNGYPv27fjll19gZGQEZ2dnzJw5E0DpCVlISAiSk5Px9ttvV5h/4sSJ2LFjBy5cuAA7Ozv06tVL6Fh87NixyM3Nxfvvvw+5XI6ePXti6NChEIlE6Nu3L1asWIHx48djyJAh+Oabb/Dpp59CLBajU6dOap8mpaxPVFQU5s2bhwYNGmDcuHF4+eWXsWXLFixdurTaDyrQtX79+gkXU7a2tkI6vvLR7spOUn19fbUuMz4+Hrm5uejUqVOFcb1798bGjRuF4IqdnR0WLlyI3Nxc9O7dG15eXhCJRBg+fDiWLFkidJw6efJk7NixA82bN9e47Pbt2+ONN97A6tWrUVxcDBMTE4wZMwbm5uZVZpTNmzcPwcHBmD17NszMzDBlyhS0bNlS5e7vqFGjEBgYiPfffx/W1taYPn06UlJS8PHHH2P9+vVaf0e6VDaztCwfHx+VYKGjoyP8/PyQmpqqkhlUVVPRiIgI9O7du8JwOzs7SCQSlZNxbXXr1g3btm1DWloaLC0tMWfOHI3Tv/HGG/jpp5/wyy+/oHnz5pg5cybWrl2LH374AW3btq328uuLMoilq0ysgQMHwsbGBseOHcP+/fshEong6uqKDz74QOif7NVXX0Vubi4++ugjKBQKNGvWrMrvtyrK49R7770HJycn9OvXTzhOderUCe3bt8eSJUtgZ2cnBGDUNYdycHDQuG1Xtg8u23+apuOiPprXq6Pcb1YmLi4Onp6ecHV1rZBRVln/hJqIxWIsX74cISEhmDdvHoqLi4X1rsx003Tc1HRcrOm2JxaLsWjRIuzatQs7d+6EkZER3njjDXTo0AEKhQLu7u7w9/cHUHrjydfXt8r9+4uqpuesVRk9ejTy8/OxaNEiyOVy2NjYCM3ENf1e6pObm1ulTW3Nzc2FoJq6GwXK4dpsU9qct0ycOBEODg5o3bo1cnNzIZFIhGk0bUOazvMN8ZyCiEjXlEGsxMRE2Nvb12u2dXkiRTVvxyQnJyM4OLhaC6lOJ+5UPeqaWqqTmpqK4OBgoe+V8hdcBw4cEJ5a5+npqRLsqGpeqj1t12NlZDIZ0tLSNPaHVX691lZGRgbmzp2LvXv3avU0sxeFtutyyZIlwv92dnZYtGhRhWmkUinWrVsnvJdIJEKTHalUitjYWKH/pvq0detWNG7cGBMmTKjX5VZHbbep8soHDcuysLDAokWLdJ6pqmtyuVzYVqOiohAWFoYvvvhCz7Wqf9r8Nnbt2lVpNo+rqyv69u0rrO+1a9eqBLAWLVpkcM0hnzc12Y8qrV69GkBp4L7sDQCg9OEVyoC/pnmpatXZx6pbF4Dq+tBmGl0JDAxEq1atKjTlNkS6PpYR0Yvh4sWL8PDw0Graspny1tbWGjPi8/PzkZeXB3t7+1rVT3mDQPlQEm107doVgAE2IaS6ERISIpyMFxQUCNk5QGmgQxm8Ur4ve/dZ07xkGJTNQsvy9PRUOTmLjY1FcHBwrfrFUoedldaeVCrFwYMHVdZNamqq2g7blezs7ODj46O3C+UXbb1X1Zywsqe3GoojR44gICAARUVFKC4uxu+//16jTKEXxdSpUzFr1iy1Lx8fHyF4de7cuQpZY5GRkTrfzxI9z3x8fFSynbQlkUh0HrxKSkpCfHx8tVtbEBFRaSZWbYNXtWWQTQhJ98qfYJftzFddHx9lT741zUuGrV+/fkhLSxMClMnJydV6kiTVn9jYWDg6OgrNtyIiInT60ASqPU3NCWvz5Kz68K9//Qv37t3DvHnzYGRkBDc3N4wbN07f1XouSaVSREZGIiEhQW2WVmxsLBISEuDu7o5BgwYxG4sIwJQpUxASEqLSpD8xMVHowF7ZFYKSRCLR+QNzVq5ciZSUFLz33ntqn5BKRESGr9oBLCcnp2o/Jlnbp4dQ3enTp49KR+Wenp4q/587d064IDM3N4e7u7tW85LhGz9+PAAIQSxdXWjb29vj559/1klZL6IRI0ZUuPgtu235+PhUaKprKPvS2vbH9DyrLIjVt29fPdaqahYWFpg/f76+q/HcK9ukXpOCggIhm3ny5Mkqx1TSnfL70bIPtFCXYVh2mKZ5SfeUD56JiIgQzjnT0tIq3KgxNzdHv379dJ55BQCffvqpzsskInrele3P+Xnop7vaASxLS8s6OahQ3Ro1ahQsLS2FtvRl16GdnR1mzZqFqKgoAKUXYmXvGJef19Av1KiikSNHwsLCAlKpVAhokX5V9aQy5VPwyPA4Oztj8eLFiIiIgFQqhaenJwMUL4ioqKhqP+kuLCyMv486omk/WtU+tCZPi6Ta8/HxQd++fZGYmIjU1FQhgOXk5ARnZ2e4ubkZfH+CRET/JPrskL0m2ITwBaIp8Ojs7KwxsMGg5fPN0tKSzQaJdIjb1IupJn1bVfZ0NaIXlaWlJTw9PZnRT0RE1cYAFhEREZEWpk6dqu8qEBEREb2w+BRCIiIiIiIiIiIyaAxgERERERERERGRQWMAi4iIiIiIiIiIDBoDWEREREREREREZNAYwCIiIiIiIiIiIoPGABYRERERERERERk0BrCIiIiIiIiIiMigMYBFREREREREREQGTbR//36FvitBRERERERERET/bEOHDgUAXLlyRet5unbtCgAwsba2rpNKERERERERERHRi8vExAQWFhawsbGBnZ1d7cpq1KiRjqpFRERERERERERUytjYGGZmZhCLxTA3N69VWSb29vY6qhYREREREREREVEpIyMjGBsbw9zcHBYWFpDL5TUuixlYRERERERERESkcyKRCCKRCMbGxjAxMYFMJqtxWSYNGjTQYdWIiIiIiIiIiIhKKYNYIpGoVuWYmJiY6KhKREREREREREREumek7woQERERERERERFpwgAWEREREREREREZNAawiIiIiIiIiIjIoDGARUREREREREREBo0BLCIiIiIiIiIiMmgMYBERERERERERkUFjAIuIiIiIiIiIiAwaA1hERERERERERGTQGMAiIiIiIiIiIiKDxgAWEREREREREREZNAawiIiIiIiIiIjIoDGARUREREREREREBs1E3xXQldmrD2L70ZhKx/tN9MZX748G7sVBsWVs5QVZ2UP06SVAJKqDWhIRERERERERUXX9YwJYWmveFbCyB3Iz1I/PzQCSLwCtetdvvYiIiIiIiIjoH0MulyM/Px8ymQwFBQUoLCwEAJiZmcHS0hKWlpawsLCAicmLF5qpiRfvWxKJAPfBQMyeSidRXDsGEQNYRERERERERFQNCoUCOTk5yMzMFAJW5ccXFBSgoKAAUqkUIpEIZmZmsLW1hbW1NURsDVapF7IPLFHn0ZonSAgHFIr6qQwRERERERERPffy8/ORnJyM9PR0FBQUQKFQoLi4GHl5eUhNTcWTJ08gk8kgl8uFeRQKBQoLC5Geno47d+5AJpPp8RMYthcvAwsAXHuxGSERERERERER1ZpCoUBGRgays7Oh+P9kmOzsbJw7dw6XL1/G7du3kZ+fD0dHRxQWFqJDhw4YPnw43NzcVDKuFAoFUlJSYGNjA3t7e2ZjlfNCZmAJzQg1UFw7Vk+VISIiIiIiIqLnkUKhwP3795GVlQWFQgG5XI6nT59i8eLFWL16NU6cOIFHjx7ByMgITk5OkEqlOHLkCGbPno3du3erZGMpZWVl4d69e0IwjEq9mBlYKG1GqNDQDxYSwoGxX/BphERERERERERUgTJ4Vbavqzt37mDNmjWIj4+HmZkZJBIJ2rdvj1atWsHGxgYtW7ZEWloa/vzzT+zatQtPnjzBO++8AwsLC6FMACgsLMTff/+Nli1bMhPr/72wASw2IyQiIiIiIiKimsrIyFAJXmVlZSEwMBDXr1+HsbExOnbsiN69e8PBwQGWlpYwNzeHtbU1GjVqBCcnJ9y+fRthYWFo3LgxpkyZIpSjDFg9e/YMGRkZbE74//TWhLDzuE81vpJTKgks6QqbERLRc2D8khAY916ML386U+k0K3ZEwrj3Ykz5fJ8wLOhIDPZHXtdqGdNX7od5vyV4kpVf6/rWtQXfHINk7GrhfXU+p7bWhvyO8It/6rRMIiIiIvpnyc/PR1ZWlvBeoVDg1q1bSExMhJGREbp164bevXvDxsYGpqamEIvFsLKygrW1NWxtbdGwYUM4OjqiR48eiImJgVQqBQCVQJVIJEJWVhYKCgrq/fMZIr1lYCXdTdU4vrCoqM7rwGaERPS82Hn8MhZO6l9huEKhwK5fL1cYfvxcIuxtrfD6oE4ay5UVFuHQ6XgUl8jxc8Q1zBn3fGWdavs5q2N/xDXk5RdicI82OiuTiIiIiGqmoKAAx48fx6lTp5CSkgIrKyt07doVvr6+kEgkeqmTQqFAWlpahWG//PILsrOz0bBhQ7Ru3Rrm5uYwMTGBqakpLCwsYGlpCWNjY5SUlKCwsBB5eXkwMjJCZmYmUlNTYWdnp3Z5Dx48QKtWrV74LKwXtwkhoF0zwvtXgBbd6rdeRERlNLEVI+m/j3Ax8T56uDVXGXf26l0kP3iKpnZWKsOPfTlNq7KPnk2ErLAIr73igd2/xT13ASxtP2d1xP7op/MyiYiIiKj6UlJSsHjxYnTp0gV+fn5o2bIl8vLycPHiRXz88cfw9fXFuHHj6r1eubm5kMvlKgGlkpISxMTEQC6Xw8rKCiYmJrh16xbS09PRuHFjtGnTBu3bt4epqSlycnIQHx+Pa9euwdTUFObm5rhx4wY8PDwAoELn7QqFAjk5ObC2tq7Xz2loXuwAlrIZoYYsLMXVYxAxgEVEetS9QzPc+jsDO49frhDA2nn8Mjq3cYK12EJleO9/b0azpjY4sHoKNNn9WywGeLbCtFFeGPXhD/jz/mO0ad5EGO80fAWmj/LCnQdPEBaVBHMzE7w9ojvWvjccxsZGwjS+Azvir5QnOHs1GRd3zIe7qwN+jriGVT9ECmWueW84hvdpL8wz69WeyMotwO4TcTASiTB+UCd88/5omJkaAwDkcgWWBZ1A0JEYyAqLMLJvB5iZqh62yn7Oc9f+i/7vfKv2c17bvQAerRyhUCjw9d4/8O0v55H2JBttm9tj+awhGO3tJkzbxnctfLza4NvFrwnDNH0WIiIiItK9vLw8LFy4EO+99x68vb2F4RYWFhg2bBi8vb3h5+eHRo0aYcCAAfVaN2Vzv7Lu37+PgoICmJiYoGHDhsjIyICZmRk6d+4MmUwGmUyGx48fQywWIy8vDwqFAu3atYOJiQnu3r2LP//8XxcWIpGoQhDr6dOnL3wAS299YBkKUefRmie4dhzgoyuJSI8KnxXj7ZHdsffkVRQUFgvDc/MLcfDUdUwb5YXCZ8UaSlAvQ5qHkxf/xKv9PeDj1QYNG5jjp//EVZjuy5/OoF0LexxcPRVvj+iOb/b+gdW7TqtM893hC7BraInVc4bD3k6MkN/i8ObSPRjt7Yb/bJyBXh4t8OqiH3Hl1v+aj3+55wwKi4qxJ+BNzHu9H747dOQZ/80AACAASURBVAHbQy8K47/eexarfzyNGaN74Jc1UyFxboSfTlyp9PN0aeOEmB3zhNcf2+agqZ0VOrZyRNsW9gCAgO0RWBZ0Av5vDUDEpllwkzTF+CUhiL/zsNJytfksRERERKRb+/fvh5eXl0rwqiwrKysEBARgy5YtKCkpqbd6lZSU4NmzZxWGS6VSiEQiyOVyuLi4oFmzZujQoQMcHBwgkUhgYWEBuVwOuVyOjIwMFBQUQCKRwMTEBE5OTsjPz4dIJBKyusr/LSoqQnFx1ef8Bw8dhmtbN42vhYuX6PAbqT8vdgYWUD/NCFOTAFnO/95bNgScO1SvjKcpgLTcxZJze8BSiwjsnRgA5drK2jkDjZpVPW/5uldXTT5rOddu3kF2Tmnn0h3bSWBrbVXFHKX+fpCOe6mPKh2flZMLm4ZWWpd59uL1Stsc//0gHS1dHNDCuSlaujhUWVZmdi5u3Lpb5XTleXt1rLScmn43lc2n6fOWVZ3lVubazTsIO3UBZy/+rzNum4ZW6NzBFZPG+Gj1nf6TFTwrxtsjuuPz4HAc+v0G3hzaFQDwc8R1FJfIMWloV/wQeqna5e4Nv4qSEjnGvOwGM1NjjOjbHrv/cwWfzxyiMt2UYd2wfFbpsKG92iJDmoeN+85hydQBQhbWaG837FnxJoDSFOclW3/DxMGdsfKdfwEAvDtL8MfV/2LTgXPY8enrpWX1bCdkOQ3p2RbHzibgTFwy3n2tN4pL5Fi/+wymj/LCF3OGCdOkPMrCH9fUbztWDczRvcP/9muLNoUhM1eGk5tmClldv52/hQ/feBkzRvcAAHRu44wDp27gt/O34NHKsUKZ2n4WIiIiItKtyMhILFu2TOM0Li4uaNmyJW7evAl3d/d6qZeyQ/WyASa5XA47OzsYGxujqKgIDRo0gLGxMS5cuACZTAaxWAxHR0eIxWI4OTkhNzcXhYWFiIiIQElJCVq0aIEnT56gpKREpdzymVj5+flVZmH5vjYWALDI/xO1418bOwZfrl2tdpyhYwCrHpoRKo6sApLLXFxaNITogyPaBZCUZezzVy0DgOjdXUCrnppnvBMDxbdTKw53bg/RB0erXm75uleXqxdEc3bXfH4A/3prMbJzSwNYH895E5+8N1mr+XYfCccXWzV00l9GC+em2LbqA7zco/KOoIdN89eqLJuGYsyd+irmTB5TaWDn+s1krcsrKy/h10rL6dTeFed/2axVOWW/m99+WKP2c1enfp3au2Lyqz6YNManWsGs0MjzWLRmW6WBxuOnzmPVlp/g7dURH8+ZpHH9/JMVPCtCs6Y2GNKzDXaGXRYCWDvDLuHVl93RyLoBCouqf9dp929x6N2xJZyalB4Ex77SEfvCryHq+n/Rt9NLwnR2DS1V5hv7igd2/ycODzKy0cLRFgDg6txIGJ/030dIe5yN1wb8L+BqZCSCd5eXcP7GPWFYK5f/zQMAjo0b4pE0FwBw72EmHmfmYfTLbirTNLZpoNVnO3vlLr7e+wfWvDcMHcsEpi5sn6syXQMLUzS2boCnlTyBUdvPQkRERES69eDBA7Rs2bLK6SQSCe7du1dvASyZTFZhmEgkQvPmzWFra4tHjx7BzMwMVlZWaNasGR49eoQmTZqgY8eOKCoqglwuR8uWLdGyZUtYWFhAJpPBxcUFRUVFuHfvHiwtLSEWiyEWiyskFBQWFmpVx8qCWM9z8ApgE0IAgMh9qOYJdN2MsCAHimPV+NFcOlTjIJLi7I/qR6Te/P/MLMMWcjhcCF4BwJaQo8jMzv0/9u48LqqqjQP4b5hhXxUFUXEB3BcSl0LF3dRSMc3cS3sz3CrL3Fs0c8tSWzSl3tclNTM31HJFc0FNFAVS3FABASUXYNiZYd4/ppkY7swwAzMw4O/7+fBJzr1z7rnnMuY8POc5Jr9OYkoaBkyYg/7jZ5e7/wxpNhav2YrAYdMQfT3eRCMsXcz1OwiZv7LCrlfy2rOWhaLlixOwP/xcqeenZ2YhZP5KjHx3kUbwqmuHNhpfKqcjYzFgwhwsWbvVLOO3dAX/BKfeHNQJxy/GI/FBOm4lPcLZmARMGNQRAFAoMy6AdSPhb1y6fh9Duv/7P/oBgc1gZyvBloPCZYTF1a7hCAB48ER7dqYqCPXavC0QB85Wf/13XySeSoX/wy9O9RumB4+VfXvWdDbshorJzM7D+EW/IOi5RvhgVDeNY38/zca7X4XBd+gy2AXNgzhwtnq8pr4XIiIiIio7Z2dnZGdnl3peVlYW7OzsSj3PVFRBJNW/W4uKitR/7t27N3x9fWFrawuRSIR27dphxIgR6N+/P1xdXaFQKCCXy2FlZQVbW1t0794dvXv3Rq1atZCVlYUVK1Zg27ZtuHLlCv7++2/k5+ejqKhIfW1tSxd1eXXoK/hi2WL191U9eAVUgQys+d+F4U7yI53Hp47oga7P+ZbvIn6dK343wr+OKQNIpWVQ5WZCEbakbNd4ch+4Gq7zsOLUJohKu34lW7xGGbDw9vJAUmoaMqTZ2B9+DuNe6WtUP7qyjKKvxyMm7g4Wr9mKpNQ0nI6MxeI1W7FibojOvrp2aIPDm5YL2tMzs3A6Mhbfbd6LMxdjlUGx8XNw7cgGvVlJxmSVlWbL3mPo2qGN0fOjj677BZTLDGOu38GWvUcRe+MuMqTZGPnuIkwZG6x3Dke8swhnLsYCAFycHDB/6liMHSLM3kpIfqiRLbZ4zVY8zcjS23d1pIqfDw5qiZou9tj0+yXk5RfC29MNfTo2+ecc44LsW/6pdTX7u98x+zvNzL4d4TFY/f5g2Npo/19E2hNlUMezpvafa2cHWwBA6NxX0b55PY1j1hKxQePzqqUMXD3WkRmlz/RV+/A0Mxd/rJ0EKyvN31oN+nADJGIrbFs0Gk29a8Pe1hqNX9H9P3JT3AsRERERGS8gIACRkZHo1093wolcLseFCxcwceLEChtXfn4+FAqFOpsqLy8PWVlZSE9Ph729PXx9fSGXyyGTySAWi2Fvbw8bGxukp6dDJpNBLpdDIpFAJBLBzs4OCoUCMpkMjRo1wq+//orbt28jISEBAQEB8PHxgbe3Nzw9PSGRSNTLFw316tBX1NlY1YHFB7COno/D5RtJOo8PDGpT/gCW2KZSdiNUbJ+rXEqop46V4tQmIK9sNagUp3VkX6lcDVcGuYxYymgsUbfxZX7t/vBzSEpVZuesmBuiDgwtWbvVZAEa/+a+8G/ui0G9A9F//GzE3riLtVvC0K1TWwzqHWhUX24uThjUOxCDegdi8ZotWLJ2GzKk2Xh7/krs+Fb/2m1TmvTRKrRt4QP/5uV8XxigW6e26NapLaa9PgT7w8/h7XlfITMrB2u3hKFtcx+tz2nm0vXq4FWbZo3xy7ef6Kxx1bCeJ+ZPHYuBvQPVS0n19V3d2ViLMbZ/ADb9dhH5hTL8Z1BHQYDGEAqFAlsPX0aXto3U9aVUom+l4N2vwvDb2esY2kO5ja80RzNVef+Za6jl5oj6tV219t/apw5cHO1wM/Fv/GdwR3V78t8Z6oBQaRp4usGjhhP2nbqKAYHN1O36sqUAYM8ff2HTb5ew8ZMR6uWNKo/SsxF5LQk/LRiJ51s1AADk5cuQp6cAvinuhYiIiIiMN2rUKCxYsABBQUFwcNBeRmLHjh0ICAiAu7t7hY1LLpcjMzMTqampuHnzJlJSUhAVFYXk5GR069YNLVu2xLVr1+Dk5IT09HTY2dnBxcUFCoUCMTExqFGjBp48eQJ/f3/UqFFDHfxydXVFTk4OioqKcO3aNaSlpcHV1RWNGzdGYGAgmjRpUqH3aYm4hPAfFb6MEACeJute4gcog0tHDatpJJCbCUTuKfU0xZFv9R4XTdkC0Zc3dH8tilQWk9f22hFLgdZ9yjR8APhu814AyuyrQb0DMe31IQCUy/1+2nO0zP1q4+bihPVLPlB/X7yYeFnMnzoW3l4eAIDfjp8vV1+GatOssfrPA8bPMctSS30G9Q7EoWKZWrOXhwrGkJD8EGu3KGuvuTg54NDG5QYVaPdv7ivo+1n15qCOuJvyBCl/Z2L8wI6lv0CLM9H3kJD6FJOHBaKrfyONr8lDA1GvtqvGMsINBy5ixZaTOBuTgAU/HMHm36MwfWSQuoB7SbY2EiyY2Bcrfz6F+d8fwpnoe9gRHoMuE9fi8//pzgotTiy2wsxxPfBD2AV8tO4Qjvx5E3PW/I5fjul+b6Y9zULIsl3o2NIbbXzr4MrNFPXX44wc1HRxgFctFyz/6Q/8Gh6DrYcvo9fU9cjMzkNufqHZ7oWIiIiIjNesWTMMHjwY06dPx8OHDzWOFRUVYfv27VizZg2ePHli1NK68srOzsbt27dx4cIFXLx4EeHh4bhz5w4ePHiA+Ph4iMViWFlZqQNTmZmZyMrKgo2NDVq0aIH69evD09MTubm5ePLkCTIzMyGVSpGSoty0TRUgS0tLQ0pKCmJiYnD06FFcvXq1Qu/TEjGApaJaRqiLahmhqR39Thmo0kKx3fgi32qRu4WZW0GvA3Yllvz8Fa4MdpWRImyxsp5WSR2GAB2HlrnfUxdi1Fk686eOAaAMkKiCQlvDjpW5b138m/vCxUkZ2Y+5fqfc/XXr9G8Np4Tkh3rONI1BvQMxJrg3AGUdrrIUiS8v/+a+mDdltHoMW/ZqPidVUBIAvpgTYlTBd//mvpgyNljdt6mDmFVFa9866NjSGz3b+6KRV40y9bHlYBTcnO3VGVbFWVmJMGFgB/x+9rp6+d6Y/u0QczsVr8zehG9/PYvpI7ti1tjueq/x3oiuWD9nGPaeuoreU9fjw68PYGz/dlgUUsovC4p5f2RXzH2jJ9bv+RPD5mzG3ZQneG9EF53nn41JwOOMHEReS0L7N77W+Po1PAZWViIc+GoC3JzsMGHRDsz//hDGDghAu2Z1EXdP946lprgXIiIiIjLeqFGjMGLECEybNg0zZ87EmjVrsHz5cowYMQL37t1D165dce7cOcyZM6fCgjv29vawtbVF/fr1YWNjA1dXV8jlynq0ly9fxqVLl3D//n3IZDJ1ACszMxNJSUmIjY1FdHQ0Hjx4gJiYGDx8+BAZGRl4+PAhwsLCUFBQoK6plZ+fj7y8POTl5SE+Ph5//fUXJBKLX0RnVs/23RdnyDLCq0dMvowQABS/zIVo8k+ajX8dK9fuf9qWD4qC3oAiNxO4+G8QAXlSZS2sfu8Yf42wxZp9qfh0hGik9ppJhtqyVxmccHFy0FjKN3/qGEz6aBVOR8bi1IUYk+9K17CeJ2Jv3DVJwKl4ZlFC8kODMo3KK3TJDMRcv4PYG3fVRd3XL/6g9Bea0NRxQ9Q1q9b8tFedOQdoPteyLAGc9voQdQbX/uPG10Krin5dOk7QVnInPQC4tXO2xvfntJyjsn7uMKyfO0zn8YVvv4iFb7+o/t7dxQEr3h2o8/zU3z/W2v7moI54c5D2LDFtr9n/1QSN70UiERaF9BMEir56b5D6z8Xvc0j3VpCf0/93z3NN6+LkuskabVOGaS4XLipSQFIiu0zfvRARERGR+fTu3Rs9evTAjRs3kJSUBHt7e0yaNAmurq6QyWSYN28eTp8+jVmzZmH58uWwtTVvmQdnZ2fExsbi+vXrSE5ORnx8PLKzsyGXy5GXl4d9+/ahZs2aaNSoEYqKipCVlQWxWIy0tDS4uLigbt26yMrKwt27d5GdnY2ioiLk5OQgLy8PVlZW6gCWKpPLwcEBCoUCT58+feYDWMzAKqbUZYSxB02/jBAA4i8oA1Yq5SncDiizr56maLa16g3UrK+9JtXF0pcaar3G6c3Cdq/mEE1Ya3x/xSQkP8TWMOXSnGmvD9HI0hnUO1CdJfXdT1qCZ+UUe+MuAKBtC59y9xVdLItLX/AqMUVZPL60L0Md2rhcPUdb9h6r8EwlNxcn9Q6CxXcYTEh+qN5R0tj6YioN63mql0qeMWJOiAwRf/8xfjkWjaS0DPh516rs4RARERHRP8RiMVq2bIl+/fqhW7ducHVV1mKVSCRYvHgxOnfujD///BOffGL+2sMuLi64ePEirly5goSEBGRlZamzv2xtbWFlZQWpVKreRTAnJwcFBQVwd3dHQUEBrly5gnv37sHLyws2NjbIz8/H33//DZlMBpFIhKKiInUwTCqVIjs7G2KxGIWFhfD0NH9ShCV7tsN3JZW2G+Hje6bfjfAfirAlEPl2AuxdlHWxniZrnmDnBOQZVtNIEblb0CZSLeer2wLwag6kFlv29zRZGZAydMlfShwUv8wVtts5QTRqmd6i9IZYvGaL+s9jh2hm2Li5OGHskL5YuyUMvx0/b9LMpuLX9W9evgBW9PV4dYDF28tD7xi37D0mWGqnTfbV30s9B1DO0aFNy9F5mDKrriKLuqt069RGvQRUlSlXPKutPM/M1VkZ0MyQlr6lLpExdv0Ri89+PIa+nZow24qIiIioirC2tsbSpUvx6aefCmplmYOjoyP8/Pxw/fp1FBQUwMrKCmKxGAUFBeolgACQkpICGxsbFBUVwcHBAbVr10ZQUBAUCgVyc3ORk5ODtLQ0JCUl4datW5BIJOq+FAoFFAoF7OzskJ+fD3t7e7Ro0QJubm6ljK56YwZWcaplhHoorh4xzbX6lljeoyrorq1we6veysCTIVLihEsPa9TVKKYu6vaG4GWl7lio8uQ+FGuFS5oAZcF3g8epQ3pmFg78U/R8THBvrYGO4kvSigedyuOnPUfVy95cnBwwddyQUl6h26kLMZg0f5U6wKKq4VWR/Jv7Yt3n76u/r4yi7lQ9pP7+sd7lg9XJrLE9kPXH5/ht5ZvcYZCIiIioCrGxscHSpUvxv//9z+zXEolEeOmll2BjYwM3NzfY2dkBUBZfF4lEEIvF6kyqv//+GwkJCYiPj0diYiIePXqEp0+fIiMjA48fP8bNmzcRHh6O3NxciESau4srFApYWVmpC8IHBpZtFUt18uxlYCXHAnG6d44S2ThC7yLB2INA/9mAyPit6zWu0+0NKC6WWOp39DsorpbIxLFzgih4nsEF3RWnNgobO5TIrGrdBwhbrJnRlXIdiP8T8H1ed+e5mVBsnCosDo9/dhwsZ/AKUNZMUgV+SmZfqTSs54kxwb2xNSwcW8PCDSoGvjXsmDojqLiE5Ic4dSFGY6nbL99+ore/xJSHWLJ2q9Zj+8PPaRSAHxPcu9Q6TWOCe+u81/IY90pfnI6MwdawcHVR93O7yrirpZGKL59s+082W9tiWW3R5SiSr8rkUi2TJCIiIiIiqkg9evSAj4+POgurqKgIVlZWsLa2hkwmg0wmg4uLC+rUqaNeIpidnY3k5GSIRCLk5+cjKysLjx8/Rl5eHsRiMaytrdXZW6pMrKKiIojFYjRp0gS9evWq5LuufM9eACspBoqjq3Qfb9wRsHUE8nUsTzLVMkJ7F4hGLoPi+9c120vu6Bc0HqhZ37A+n9zXWlRd1PEVwbXRuo/gXMWpTRDpCWApNkzRvuNg0Ovl2nGwuJ/2KAN4XTu00VugfeyQvuo6WWt+2ov5U8fq7deQJXreXh4IXfJBqYXhE1PSsHiN9gBWcVPGBmPF3JBSz2tYz9PkxehVKquoe0ycMkDl4uSgDga6uTjB28sDSalpOBMZi/TMLKN2IQSUSzOTUpXBxiAzzRkREREREZE+YrEYn376KcaOHQtbW1sUFhZCJpNBoVBALperi697enpCIpFAKpWqjwNAbm4urKysNLKuZDIZbGxsNGphOTo6om7duli4cCGsra0r63YtBpcQCoiA1v31nmGyZYS+zyuXB+pSo65RuwMqIrUUY/+neHtJWou5Xw1XBsG09b19tvZdEVv1hih4vsFj1OenPUfVwYmxQ/roPbdbp7bqYt5rfgor0/I4FycHdO3QBlPGBmPd5+/j+rGNZQ4ktWnWGN5eHurv133+vkHBq4pQ0UXd94efK/YcNTPLxr2ifK4Z0mzsDz9ndN9rNv8bdB3Uiym0RERERERUOQICAjB69Gi4urrC3t4eYrEYEokEDg4O6NSpE2rUqAF3d3d4eXnB09MT7u7u8PT0RK1ateDi4gJnZ2fIZDKNPlWZXKqdCB89eoR27dqhdevWlXSXloUBLC1E/oP1n2DC3QhFwfOUBdq1HjMiMJSbCWipYyXSlRmlKuZegtZaWJG7tWZ2was5RCOXGT7GUqiymry9PEpddgdAXafKkGDIwQ3LkH31d42v1D934vCm5VgxN8Sg66l07dBG0Nf53Wtwfvd36kDRkrVbLabmlKqou8qkj1Yh5vpds1wrPTMLs5atV39fvF4ZoBnQmr08FNHX4w3ue3/4OXXWnaE/I0REREREROYyd+5c1K+vTBhxdHSEra0tWrRogV69esHd3R3u7u7w8PBAnTp14OLiAltbW3WNLFWBdgDqzCxFsTiDRCJBkyZNsHjxYkF9rGcVA1ja+HVWLiPURbWM0BRq1lcuEyzJp6NG4fVS/XVMWJuqRPH2krQVc0fkHmUwTCX+T+07DgJAvRbA6c3Ake/0fxng1IUYddaOKkunNONe6avOetJVk6oiubk4IXTJDADKZYYh8/UsVa1gJYu6HzhufPZTaRKSH2LAhDnqemLaivA3rOeJ5bPfBqAMPI58Z5FBQaz94ecQMn+l+vvQJeZfBklERERERKSPWCzGgQMH0KhRI3XB9fv376NWrVrw8vKCs7Mz7Ozs4OLiAldXVzg6OsLBwQF2dnawsbFBYWGhRvBKlXlVVFSEhg0b4sSJExCLxZV8l5aDASxtxDYVt4wQUC4TLJENZWxmk+LIt8LGksXbS2rdR5j9lSdVZlyp+t0wRffrL+6B4si3pX4ZQpV9ZewOgKpgV2JKmtmXxhliUO9ATBkbDEAZJCrLMjlzGfdKX/XYTCkhWVnUPnDYNHUB+zbNGquDeSVNe30IxgQrl84mpqSh87B3MGtZqLo4e3HR1+MRMn8lRr67SF3cf/nst81WM4yIiIiIiMgY1tbWOHPmDEaPHg1AWcvq8uXL8PDwgJubm/o8Ozs72Nraqv9sZWWlrnelCn6pCsGPGzcO58+fZ92rEp69Iu4GEvkPhuLSLt0nmGg3QvX1hsyD4rAy2CNq3cfwwu2AMvuq+G6Gqj6LF29PiYMicg9ENev9WxdLVzH305v/rZGVZ/5lcNHX49U7BA7qHWhUYe+p44ZgydptAJQ7DVrCsrL5U8eo60CFzF+Jts2/E2QiFbdl7zGcjhTukKjNmOA+5brHFXNDEHP9jtYdGXWJvXEH/cfP1nosIfmhxg6OyjH2xhdz9Nf/Cl0yAw3reaqf3Zqf9mLNT3vh6uyo3q2w5Jy4ODngiznGLfckIiIiIiIyN7FYjC+//BJDhw7F66+/jsjISHTt2hUSiUS9/K+oqEhdnF0ul8PR0REikQhisRi2traQSCSws7PDtm3b0L17dy4b1IIBLF1UywjNvRuhiu/zEE3RvQOgPopTG4WNxYu3P7kPxUplVpMCAG7/CdGEtQCUxdwVJetbPU1WZmGZaGfB0hQvzF3aboIlubk4YUxwb2wNC8fpyFicuhBT6dk5bi5O+OW7j9F52DvIkGYjZP5KHNq4XOf5iSlpgiCQLkEd25R7fL98+zFeGDpNvWSzNBnSbIMCbF07tMG014dgUG/DiqvPnzoWQR3b4ruf9uK34+d1XsvFyQGDegdi/tSxegOBRERERERElUUkEqFLly6Ii4vDrl27kJWVBVtbW+Tl5UEiUYZeCgsLIRKJIJFI4OTkBCcnJ1hbW6Nx48b48MMP8dprr6mztEio0gJYQ3rpD/y4ONoDAHp1aoaGdd11nuddpyYAIKBZPTzpobsyv3+Tuso/uDfQvzzQs6nyv2IboMubwD0tO++p/H3HsABWvRaln1OWPuxd/q1X5dNR45BGfau/jmm+7mr4v3+u2wLoMAR4kqxxiuJJMkRa+jW19MwsJCSnoWuHNmjb3KdMAYr5U8ciIVkZjDkd+W8Aq0FdT3TtoAz4uLroqWlmIFVfqgwhffyb+2L57LexP/wcFAplDafigR1XF0d1f8ZoUFdzfor3U/KYLqoA26yloeo+tCltfK4ujvBv7gNXZycM6h1YpmfXrVNbdOvUFgnJD7E//BwypFk4dSH2n2Nt0KCup9FZeURERERERJXFxsYGo0aNgkKhQGFhIdLS0pCeno67d+8iKSkJtWvXhq2tLWrXro2uXbuibdu2qF27NqysWOGpNCKFwkTb6ZHlSolTZ2ABAGrUhWj+icobDxERERERERE9czIzlUk4ly8bvjFeu3btALCI+7Ohbgsg6HXlroRezSEKnl/ZIyIiIiIiIiIiMhgzsIiIiIiIiIiIyOyYgUVERERERERERNUWA1hERERERERERGTRGMAiIiIiIiIiIiKLxgAWERERERERERFZNAawiIiIiIiIiIjIojGARUREREREREREFo0BLCIiIiIiIiIismgMYBERERERERERkUVjAIuIiIiIiIiIiCwaA1hERERERERERGTRGMAiIiIiIiIiIiKLxgAWERERERERERFZNAawiIiIiIiIiIjIojGARUREREREREREFo0BLCIiIiIiIiIismgMYBERERERERERkUWT3E1KrewxEBERERERERFRNefu6ljm10oae3uV6YWpqalISUmBVCqFTCYr8wBMQSKRwNnZGXXr1oWXl+H3k5qaiocPHyIzMxMFBQVmHKFxbGxs4OLiAk9PT6PvJy0tDRkZGRZ1P6ZiY2MDV1dXeHh4GDUvRERERERERFT5MjMzy/xakUKhUBjzAplMhujoaACAj48PnJ2dIZFIyjwAU5DJZJBKpbhz5w4AoFWrVrCzs9N5fl5eHq5evQqZTAYvLy/Y29tDLBZX1HBLJZfLkZubi9TUVEgkEvj5+cHV1VXn+ar7kcvlqFevHmxsbCzqfkxFLpejoKAAycnJEIvFGYqbrAAAIABJREFUpc4LEREREREREVkOVQDr8uXLBr+mXbt2AMpQAys6Oho1atRA+/btUaNGjUoPXgHKDCzVmADg6tWres+PiYmBnZ0dmjRpAicnJ4sL9ojFYjg5OaFJkyaQyWS4efOm3vNjY2Ph4OAAPz8/iwvGmZJYLIa9vT38/Pwgl8tLnRciIiIiIiIiqh6MCmClpKQAUGZeWSpVEEs11pJSUlKgUCiqzBK0Jk2aoKioSO/9FBUVwdPTs4JHVrn8/Pz0zgsRERERERERVR9GB7AsOXil4uPjozOw8eDBgyoTvFLx8vLCgwcPtB578ODBMxe8UvH09NQ5L0RERERERERUfRgVwMrKyoKzs7O5xmIyzs7OyMrK0npMKpXC3t6+gkdUPvb29pBKpVqPSaVSODg4VPCILIODg4POeSEiIiIiIiKi6sOoAJZMJrOImlelkUgkOndGLCwsrHI1osRiMQoLC7UeKywsrBLPxBwkEonOeSEiIiIiIiKi6sPoIu5EREREREREREQViQEsIiIiIiIiIiKyaAxgmcnhw4fh7u6uXsro7u6Ow4cPV/KoTGv58uXo3r17ZQ+DiIiIiIiIiKo5swSwIiIiIBKJcPbsWa3H9+7dCysrK8THx5vj8iaTl5cHd3d3nV/Dhw/X+dqSdalOnDiBzp07AwASExOxe/dus45dl/DwcI17qFu3LgICAjBt2jTExcUZ1Ze1tbVR9cTOnDmDixcvGjtkIiIiIiIiInrGmSWA1aVLF/j7+2P9+vVaj4eGhqJfv37w9fU1ql9dhdnNbdWqVbh7967ga9OmTQb3ERAQABcXFwDAwYMHsXfvXnMNVy9VwCkyMhJJSUm4dOkSVq5cieTkZPTq1Qu//fab2a4dGhqKqKgos/VPRERERERERNWT2ZYQTp06FTt27MDTp0812hMTE3H48GFMnToVAPDzzz+jVatWsLe3h5+fH+bNm4f8/HwAyqwliUSC3bt3w93dHatXrzbXcPVydnaGm5ub4MvR0VF9zr59+/DCCy/A29sbwcHBSExM1OjD1dUVhw4dwhdffIFPP/0Uhw8fRuPGjZGQkFDRtwMAcHBwgJOTE+rXr4++ffsiPDwcb775Jt59911kZmYCAORyOZYsWYLWrVujQYMGCAoKwi+//KKzz+joaAQHB8Pb2xutWrXCxIkT8eDBAwDA0KFD8fvvv2PhwoXqTLRHjx4hJCQEvr6+8PX1xeDBgxngIiIiIiIiIiIBswWwxowZAzs7O2zevFmj/YcffkCDBg3w0ksv4ezZs/jPf/6DFStWQCqV4vfff8fevXvx6aefAgBsbW0hl8uxc+dOREVFYfLkyeYarl4KhQJFRUWCL4VCAUAZlHvrrbcwefJkPHnyBF9++aXW7DOJRIJPP/0Uo0ePxssvv4z09HQ0bty4om8HwL/3JJfLUVhYiMzMTMydOxcZGRkIDw8HAHzzzTfYv38/Dh8+jIyMDKxatQozZsxQHy9OKpVi+PDh6Nu3Lx49eoS//voLIpEIb7zxBgDg6NGjaNCgAZYuXYqrV68CACZPnoyCggLcuHEDqampGDRoEIYOHYpHjx5V3EQQERERERERkcUzWwDLwcEBb7zxhkYgRy6XY8OGDZg8eTKsrKzw9ddfY8SIEXjppZcgkUjQtGlTzJkzBz/88INycFbK4b355pto2LChRsZTRZoyZQrq1q0r+Dp27BgAZfaVu7s7Jk6ciOzsbDRv3hxjx47V2ldubq46+PX06VMUFRVV5K3o5ezsDE9PT3X2WGhoKObOnYsGDRogIyMDgYGBGDlyJLZs2SJ47c6dO+Hs7IyZM2ciNzcXVlZWWLZsGS5evIhr165BKpUCAAoKCpCRkYGbN2/i+PHj+PLLL2FtbY2cnBy88847qFWrFvbs2VOh901ERERERERElk1S+illN2XKFHzzzTc4ffo0goKCsH//fjx69AhvvvkmAODGjRuIjo7Gxo0bBa9NT09X/7lJkybmHGapFi9ejEGDBgna3dzcAACpqalo1KgRCgoKACgDdT4+PhU6RlNQKBTIy8uDg4MDMjMzkZaWhgkTJmDChAka5/n7+wtee+fOHdy7dw8ODg6CY4mJiWjZsqXgfABo2rSp4Pz79++X5zaIiIiIiIiIqJoxawCradOm6NOnD9avX4+goCCEhoZixIgRqFWrFgBlhtUHH3yAr776Sm8/tra25hxmqWrWrIk6deoI2lXZUwUFBerlhCqqYFZVEh8fj/T0dDRv3hwikQiAMrusZPBOLpcjIyNDo00sFiMgIACXLl0S9CuVSlFYWCg4HwAyMzPh7OyscSwvLw85OTnlvh8iIiIiIiIiqh7MtoRQZerUqdi1axdu3bqlUbwdUGZWXb58WeP8x48fC4IjlU1XDSyV+vXrIzExUSOIdf369coYarksW7YM3t7e6NatG1xcXODh4YHz58/jyZMn6q/Y2FitNar8/Pxw8+ZNJCUlqc9NS0tDbGysIHgFQL0D5cmTJzX6j4qKYvCKiIiIiIiIiDSYPYA1cOBAeHh4YPz48QgICECnTp3Ux95991388ccfCA0NRX5+Pu7fv49hw4ZpBLkswePHj5GYmKj1CwAGDBiAtLQ0rF+/HllZWTh79ix2796tsz97e3skJCTg6dOnyMvLq6jb0JCWloaUlBQkJCTgxIkTGDlyJA4fPoxNmzZBoVBAoVDg3Xffxfr163H27FnI5XJERUXhxRdfxPbt2wX9DR8+HLa2tpg3bx4yMjIglUrxySefYODAgeoAloODA+Lj4/HkyRM0adIEffv2xSeffIKEhATIZDLs2LEDgYGBuHnzZkVPBxERERERERFZMLMHsMRiMSZNmoSzZ89iypQpGse6dOmCn376CV9//TVcXV3Rvn17NGvWDOvWrTP3sIwyZ84ctGvXTuuXTCZDixYtsGnTJvzvf/9Ds2bNsGLFCixYsAAAtGYfjRo1CqmpqejQoQNiY2Mr+nYAAL169UKbNm3QoUMHvPPOO/Dw8MDFixfRvn179TnvvvsuQkJCEBISAm9vb0ycOBEffPAB3nrrLUF/dnZ2OHjwIBITE9G6dWu0bdsW9+7dw+HDh2FtbQ0ACAkJwdatWxEUFISCggJs2LABzZo1Q8+ePdG4cWOEhoZiz549aN68eYXNAxERERERERFZPpGiZPEmPY4dO4Y+ffqYczwmo2usx44dQ0BAgMH91KxZU+/xJ0+eAABsbGzg4OAAKysryGQy5OXlwcnJSX28Zs2a6lpQEolEXfdJKpVCJpOVOo6oqCiT3I+1tbWg5lRRURFkMhlycnIEuyLa29vD1tYWVlZWKCoqQl5enjprzN7eHjY2Nuoln2KxGI6OjpBIJFAoFJDJZMjOzlb3aWdnBwcHB/UOjCKRCI6OjrC2toZIJIJcLkdOTo7WoJ+x80JEREREREREliUzMxMABOWk9GnXrh0AMxdxrw5UAajSFBQUCAq3F39t8T/LZDI8ffrUNAM0UmFhocH3BAC5ubnIzc016JhcLlf/MGpTPPgFKGuLZWVlGTwWIiIiIiIiIno2mX0JIRERERERERERUXkwgEVERERERERERBaNASwiIiIiIiIiIrJoDGAREREREREREZFFK7WI+7Fjx9R/9vLyMutgTMnLy0tj7NVBdbsfU+G8EBEREREREVmGPn36mKVfkUKhUJilZyIiIiIiIiIion9kZmYCAC5fvmzwa9q1aweASwiJiIiIiIiIiMjCMYBFREREREREREQWjQEsIiIiIiIiIiKyaAxgERERERERERGRRWMAi4iIiIiIiIiILBoDWEREREREREREZNEYwCIiIiIiIiIiIovGABYREREREREREVk0BrCIiIiIiIiIiMiiSUo7ITs7uyLGQUREREREREREVZyjo6NZ+mUGFhERERERERERWTQGsIiIiIiIiIiIyKIxgEVERERERERERBaNASwiIiIiIiIiIrJoDGAREREREREREZFFYwCLiIiIiIiIiIgsGgNYRERERERERERk0RjAIiIiIiIiIiIii8YAFhERERERERERWTQGsIiIiIiIiIiIyKIxgEVERERERERERBaNASwiIiIiIiIiIrJoDGAREREREREREZFFYwCLiIiIiIiIiIgsGgNYRERERERERERk0RjAIiIiIiIiIiIiiyap7AEQERERERERkekt2fQH1u7+E2396gAAGtZxQ8M6NQAAXf0bomvbhpU5PCKjMIBFREREREREVE1lZufjTHQCAKj/q+LiaItBXZujq38jDOzcDK5OdpUxRCKDMIBFRERERERE9AzKzM7H1sPR2Ho4GpOhzMoa0+85jHnRv7KHRiTAGlhEREREREREhDPRCZj8RRhemrEJp6PvVfZwiDQwgEVUwtGjRzF+/HgMHToUixcvRnp6emUPiYiIiIiIqMKciU7AyzM246UZmxBz+0FlD4cIACBSKBQKfSdkZ2dX1FiIKl10dDRmzZql0fb888/js88+q6QRERERERERlV1GVh5i4pVBqMSHGUhIfYrEhxnYf+Y6pDn5BvUxZejzWDalnzmHSdWIo6OjzmOZmZkAgMuXLxvcX7t27QCwBtYzIycnB6+88opG21tvvYXhw4dX0ogs06lTpwRtkZGRKCgogI2NTSWMiIiIiIiIqOxcnewQ5N9I0L5uVjBOR9/DgTPXceDsDSQ9zNDZx9rdf+J09D38/tUbLPROlabSAljjx49HamqqSft87bXX8J///MekfRJZWVlBLBZX9jAq1ezZs3HlypVy9TFp0iRBELU88vLycO7cOURFReH27dv4+++/kZOTA4lEAicnJzRs2BCtWrVCnz59UKdOHaP7LygoQEREBCIiInD79m08efIERUVFcHFxgY+PDzp16oSePXvC2dm5UsdcFeZh3rx5uHTpUqnXWrhwIV544YVKu9eSFAoF5s2bh6ioKI32xYsXo0OHDuXuHzDd3BRnqp9dc7/vq+LzlEqlOHHiBCIjI3Hv3j31EnM3Nze4u7vD398fzz//PFq2bFlqXwMGDEBRUZHxN6LFyy+/jHfffdes/ZZkyrkgIqLKE+TfCEH+jbB8an+cjr6HJZv+QERMotZzY+MfosukUGxb8Bra+pX//81ExmIGViWJi4vDxYsXNdpGjBjBLJ9K1q1bNxw4cECjLSgo6JkPYFmSnJwc7NixA2FhYcjJyREcl8vlyM/Px+PHjxEVFYUtW7agX79+mDhxIpycnAy6xpkzZ7B+/XqkpaUJjj1+/BiPHz9GZGQkNm7ciNGjR2PYsGEQiUQVOuaqOA9lVRH3qs0vv/wiCHYMGzbMZMErc7CUZ6ZPVXyeCoUCv/32G/773/9qHXNaWhrS0tIQFxeH7du3w9/fHyEhIfD19S3zeC0V54KIqPoK8m+EgyvHY+uRaCzZ9IfWjKzEB+l4acYmrJs1BAO7NKuEUdKzjEXcK8n169exZcsWja/8fMPWH5P5+Pv748MPP4SXlxecnJzQq1cvTJ06tbKHRf+4desWJk2ahJ9//lnrBydtFAoFDh06hA8++MCggvwbNmzAokWLtAYASsrOzsYPP/yABQsWoKCgoMLGXBXnoawq4l61uXbtGjZv3qzR1qRJE0yYMKFM/VUES3lm+lTF5ymXy7Fo0SJ8++23Bo85Ojoa06dPx5kzZ8o0XkvFuSAiejaMedEfV7e+h6WTtde8yszOx+hPf8HWI9EVPDJ61lVaAMvZ2RkuLi46v7RlIjk5Oel9jZ0d1+JS+fXt2xcbN27Erl27MHv2bKOWiFVXpb33in85ODgIXm9rawt/f/9yjeHmzZuYOXMmHj58qPMcR0dHndlyCQkJWLp0qd5rbN++Hdu3b9d6TCwW68yQPH/+PJYtW1YhY66K8+Do6Cj4ObG3t9c7BqBi7lUbqVSKpUuXQi6Xq9vs7e0xZ84cWFtbG92fPmWdm5JM/cwA07/vq+rzXLt2LSIiIrQeE4vFcHBw0JrFVlBQgM8//xx//vmnQeO0t7c3aK61zU+DBg0qpN+KmgsiIrIMU4c9jzPr3oazg63W45O/CMOBiBsVPCp6llXaEsJvv/1W7/GffvoJW7Zs0Wj76quv0KiRsPgcEZnXxx9/bNB5crkcc+bMQUxMjEb7jBkz4OPjU64xPHnyRPDByNXVFcHBwejSpQvq1asHa2tryOVy3L17F/v27cPhw4c1zr9y5QoiIyPRsWNHQf9xcXHYtGmToL179+4YPnw4fH19YWVlhdTUVBw8eBA7d+7U+EAcERGB/fv3Y9CgQWYdc1Wch/nz5wv6O3jwIFavXi1oL87c96rLqlWrBFlMU6dORf369Q3uw1BlnZvizPHMANO/76vi87x8+bJgWblIJMLAgQPx8ssvo1GjRhCJRCgsLMTNmzcRFhaGkydPqs9VKBRYuXIl1q9fDzc3N73Xeuedd9C7d2+95+Tm5mLs2LHIyspStzk4OKBv375m77ci54KIiCxHW786uLbtPQz4YBP+uiP8JdSkL/bi96/eYE0sqhBcQkhEJrNu3TrBh9hRo0ahe/fu5e77hRdewOrVq9UfOjt06IDQ0FCMGTMGjRo1UmdSiMVi+Pn54YMPPsDIkSMF/ehaxrJu3TpB4eMJEyZg3rx5aNKkCayslH9denl54c0338SiRYsEGQubNm3S+ABojjFXxXkoK3Pfqzb79u0TZJj06tVLb4CgslX2MzP0fV8Vn+fevXsFbfPnz8e0adPQuHFjdUDO2toarVq1wrx58zBlyhSN89PT03Vmxxnr6NGjgufUp08fvVtVm6pfS5sLIiKqOK5Odji48g2MflG4oiIzOx+jF+xARlZeJYyMnjXVvoi7XC7H+fPnERERgZs3b+LRo0coKCiAo6Mj6tWrB39/f/Ts2dPgzC65XI4LFy7g3LlzuHXrFh49eoTs7GxYW1vD0dER9evXh4+PDzp27Ah/f39IJP9O8apVq3Do0CGdfb/66quCttWrV6NFixbG37iJmHr+iouLi8Pp06dx7do1JCcnIzs7GxKJBO7u7vDz80PXrl3RpUsXjTk0d585OTmCHbPeeustDB8+vNRrx8TE4PTp04iLi0NqaipycnJgZ2eHWrVqoUmTJujcuTMCAwNLLQivbQxfffUVWrdujfT0dBw9ehSXLl3C/fv3kZGRAYlEgho1aqBVq1bo2bMnAgICSh2rORw6dAj79u3TaAsMDMQbb7xhsms0bNgQ33zzDXbs2IExY8aUuunBa6+9hl9//VUj2yQxUbirSnR0NK5fv67R1rFjR60fnlXat2+PMWPGaNTVkUqlOHjwoMbPiznGXBXnoazMda/a3L59G6GhoRptXl5eeOedd4wfeAWp7Gdm7Pu+Kj3PoqIiwS6ML7zwAoKCgvS+Ljg4GCdPnsTVq1fVbUePHsX48ePLXepg//79grbBgweXq09D+rXEuSAioorl6mSHdbOCAQDbStS+UhV2j1gfUhlDo2dItQ5gxcXF4csvv8T9+/cFxzIzM5GZmaneJadXr16YNm2a3t9iRkdH45tvvtHan1wuR15eHh4/fozo6Gjs2bMHrq6uGDVqlM4txC2dqedP5e7du1izZg1iY2MFx+RyOVJSUpCSkoJTp07B09MT7733Htq3b1/hfRrq5s2b+O6773DjhnD9d05ODhITE5GYmIjw8HB4enri7bffRteuXY2+zq5du7BlyxZB4dyCggLk5OQgOTkZR44cQUBAAGbPnl2hSzTi4uIEy4IbNmyIWbNmmXyHM0dHR4MLaTs6OqJGjRp49OiRui07O1tw3tGjRwVthgTehg4dit27d2tkLhw9elQQBDDHmKviPJSVOe61pJycHCxZsgSFhYXqNrFYjLlz52qt72QpKvOZlfV9X1We59OnT5GXp/nb5DZt2hj02nbt2mkEbbKyshAZGVlqwEefqKgoQfCuffv28Pb2LnOfhvZraXNBRESVZ/mUfoi5/UCwnDA2/iFmrzmE5VP7V9LI6FlQbZcQ7t27FzNmzNAafNHm+PHjmDp1Ku7du6f1+OnTpzF37lyD+wOAjIwM3Lx50+DzLYmp50/l2LFjmDZtmtZAkzYPHz7E/PnzBXU3zN2noQ4ePIjp06drDV7puvaiRYuwZs0awZIffTZs2IDQ0FCDdn2KiorC+++/D6lUanD/5fH48WN89tlnkMlk6jZnZ2csWLDAIj74l1wWoy2wFxUVpfF93bp10aRJk1L7tre3R6dOnTTaEhISND5sl4UhYzZHn5Y2D2VVlvn79ttvkZycrNE2fvx4NGtm2dtDV9Yzq8j3fWU9z+JZXyoKhcKg1xafF5WSmXLvvfcepk+frv4qLdta2xK+IUOGCNrM0a+554KIiKoO1XJCbYXdv99zAYkPMyphVPSsqJYBrBMnTuD777/X+g8u1S452qSmpmLBggWCfyynp6dj5cqVWvsDlIVOde1kVHwZR/GdgLSlzmvbmbG05WbmYOr5Uzl16hRWrFih9R+zAHTuvKVQKLBmzRpERwu3aTVHn4YKDw/H6tWr9f5c6MpC2LdvH77//nuDr/XXX38J2uzt7XX+fKSkpOCbb74xuP+yKigowGeffYYnT56o28RiMT766CPUrVvX7NcvTVxcnCBroF69ehrfp6Wl4fHjxxptbdu2Nfga2rIQrl27ZsQoNRkyZnP0aWnzUFZlmb/Dhw/j+PHjGm0BAQEmyyAzl8p6ZhX5vq/M5+nq6ir4O/zy5culvq6oqEjrbnslf6HVv39/DBgwQP2lb+5SU1Nx4cIFjba6detqLWZvjn7NPRdERFS1qIJY2kz6QviLESJTqXZLCO/fv4+vv/5ao00ikSA4OBj9+vVDgwYNIBKJkJubi5iYGOzYsUMjOJCamorVq1fjo48+UredOHFCkPnSsWNHDB8+HC1atFDX8JBKpYiPj8fZs2dx/Phx+Pv7o2HDhurXTJo0CZMmTQIA7NmzB+vWrdPoc8OGDXB2djbNRJSROeYPUGYerVq1SnC9hg0bYsyYMWjfvj2cnJxQWFiI69evY+fOnTh//rz6vKKiImzcuFGjD3P0aajU1FStAaKmTZti9OjRaNeuHezs7CCXy3Ht2jXs2rUL586d0zh33759CAgIQGBgoMHX9fDwwLhx4xAYGAhnZ2coFArEx8dj27ZtgkLFp06dwrhx4/Rur15e33zzjeA36S+88ALq1LGMXUhK1uYBgM6dO2t8XzJLA4BRu81pm9+UlBSDX1+SIWM2R5+WNg9lZez8JSQkYM2aNRptrq6umDlzpsYH9qSkJBQUFGicU6tWLROMuOwq65lV5Pu+Mp+nra0tfH19cfv2bXXbpUuXcOzYMfTp00fr9RUKBf73v//h7t27gmMlg43GCAsLE2Q8DR48uNxLtA3t15LmgoiILENbvzpYOrkf5n6vuWPwmegEnI6+hyB/42skE5Wm2gWwNm7ciNzcXPX3jo6OWLx4sSCF3t7eHs8//zw6deqE77//HmFhYepjp0+fxq1bt9TLMO7cuaPx2nr16mHhwoWC7BdnZ2c899xzeO655zB+/HiDlntZGnPMHwBs3rxZMB9BQUGYNWuWRhFfa2trtGnTBm3atMHPP/+MjRs3QiQSoX///hg/frzG683Rp6E2b94syAro27cv3n//fY2fC7FYrL72r7/+ih9//FHjNT/++CM6depkUKZdgwYNsGLFCo3lMyKRCH5+fvjkk0/wxRdfIDw8XOM1ERERZgtgyeVyrfV3IiIiEBERAW9vb/Tr1w/BwcGlFmo2h4iICEEWhoeHh6DIffEsEpUaNWoYfB1XV1dBW1k/nBk6ZnP0aUnzUFbGzl9BQQGWLFmC/Px8jfaZM2eiZs2aGm1LlizR+H/BoEGDMG3aNBONvGwq45lV5PveEp5nv379NII2ALBixQpcunQJ/fv3h4+PDxwcHCCVSnH16lXs3btXsCOjSll3eczNzcWRI0c02uzt7fHiiy+Wqb+y9msJc0FERJZl6rDnsXb3eSSVWDa4dPNJBH3FABaZXrUKYKWnpwuyUEJCQvTWfxCJRJg0aRLi4uI0UtrDw8PVAZiSy9P0Ld1ScXBwsIj6P8Yw1/xJpVKcOHFC43WqQr/6PuCMGjUKMpkMgYGB8PPz0zhmjj4NlZmZiZMnT2q0+fj4YPr06Xp/LoYPH447d+5ofCC7f/8+rly5YlBB+ZkzZ+qt/TJx4kT88ccfGksa4+LiSu3XXJKSkvDjjz/i8OHDWLhwYbmXwRnjxo0bWLFihaB90qRJgmdUPGCrYszuWNre5yWDm4YwZszm6NNS5qGsyjJ/69atE9TtGzp0qNZlWZbIEp+Zqd73lvI8BwwYgPDwcEHG2fHjxwXBtdJoe16GOHr0qKBwfd++fQ3aNMWU/VrCXBARkeWZ90YPTP4iTKPtTHQCth6JxpgX/StpVFRdVasaWFeuXNEojO3g4KAztb04KysrvPTSSxptxWsjlVyScfv2baxZs8aogu5Vgbnm7/Lly4I6USNHjjTot/Pjxo3TGmgyR5+G0nbtESNGQCIpPR78+uuvC9q01QcpqWnTpmjatKnec2rUqCEo3lxZRbSLS0pKwqxZs5Cenl4h17t58ybmz58v+IAUHByMLl26VMgYjF3WY44xV8V5KKuy3OvJkyfx22+/abT5+fnhzTffNNs4qwJTPbPyvO8t6XlaW1tj4cKF8PLyMup1fn5+GiUEVH2Vxf79+wVtgwcPLlNf5enXEuaCiIgsz5gX/dGlrXDFx5ZDpddKJDJWtcrAKllnIScnRxBYMVTxOiA9e/bEtm3bNDKx9u3bh3379sHDwwPNmjWDr68vfHx80KRJE8FSBVORy+UaReF1qV27NtauXWt0/+aav5JLMAGUO8PBHH0aSls9D0MyqADAy8sL9evX1wh+auuvpNJ2kVLx9PTU+O24tmUapvo5srLfINsIAAAgAElEQVSywueffw5AWU8sOzsbSUlJiIiIQEJCgsa5jx49wo8//ogPP/zQ5OMo7vr165g/f77gvrt27YqQkBCtr9FW6N+YLBRtS4VtbYW7suhSljGbo8/KnoeyKsu9pqamCmr92dvbY+7cueX+YG3uv6eLq4xnVt73fWks7XkCyl0P165di//+97+l7l4rEonQp08fTJo0CTNmzNA4Vpas7EuXLiExMVGjrX379vD29ja6L1P0W5lzQURUlWVk5SEjOx8NPIXL96uDeW/0wMszNmu0RcQkIiMrD65OhmeHE5WmWgWwMjMzTdZXXl4e5HI5xGIx6tatixkzZuCrr74SLCdMS0tDWloaTp8+rW5r0KABevfujYEDB8LJyclkYwIMu0djlpAY27ehis9fRobmmmgHB4dyF6s3R58VdW0PDw+NAFbJ/rQxtK5NyQ+0unZnNMXPkUgk0ho0fP311xEWFibYZTE8PBwTJ07UqLtjyp/nuLg4zJs3T/ChPDAwEHPnztW57Ejb3D59+tSgawLan5+hQeyyjtkcfVbmPJRVWe5VJpNhyZIlgqVTU6dONaoAuj7m/Hu6uMp4ZqZ43+tiqc8TUP49/84772DEiBE4deoUrly5gkePHiEjIwOOjo6oWbMm/P390bVrV3W2Ucl6YsZmLgHA3r3CnZyCg4PLdhMm6rey5oKIqCo7cPYGJn8Rhja+npgy7AUM7NysWgV2gvwbwdvTVVAL68DZG1xGSCZVrQJYplyuYmVlBSurf1dY9urVC/Xr18emTZtw8eJFva9NTEzEhg0b8Ntvv2HhwoXw8fEx2bjMyVzzZ45lRBW1NMlSrm3I8kRLIRKJMGTIENy+fVuj2HNRURFiY2PRtWtXk1/zr7/+wscff6y1qP+cOXP0zp+2D7nGLA8umcUAQO+29SrlGbM5+qyseSirst7rxo0bNer1qYSGhiI0NFTn9UpmBB0+fFhQC2/z5s0VumGBJT2z8r7vLfV5lvylgIeHB1599VW8+uqreu8nOTkZUqlUo83YDTVSUlIQGRmp0Va3bl106tTJqH7M1W9FzgURUVV3+oqyRmNs/ENM/iIMkwF8Pyu4WgV3BnZuhu/3XNBoO33lXrW6R6p8VedTsQFK/obXxsYGu3btMtkHiqZNm2Lx4sVIT09HdHQ0bt26hXv37uHu3btaaw2lpaVh7ty5+O9//2vyTCxzMNf8lew3JycHUqm0XBlT5uizoq6dlpam8b2+wuxVWefOnQW7lZljV7qYmBh88skngno5PXv2xMyZM0vNYvLw8EDNmjU1dnTTtXOWNrGxsYK2li1bmnXM5uizMuahrMpzr9rGCRifgVpQUICCggKNNoVCYVQf5WWJz6ws7/vq+DzPnj0raGvXrp1Rfezbt08whsGDB5f7lyjm6lcXU8wFEVFVdyYmQdBW3ZYTDuzaXBDAOhBxHUD5M4eJVKpVAKtRI82tOgsKCnDhwgWTZ3y4ubmhe/fu6N69u7otPT0dMTEx+P3333H58mWN9pMnT+Lll18u93XFYjEOHz5c7n50Mdf8NW7cWNB28eJF9OzZ06L6NFTJeQKU9UR69OhR6mtTU1MFGRIVnaFn7p8jFW21dIpvEmCKcURHR+OTTz4R1P3p27cvPvjgA40sSn0CAgJw7Ngx9fcpKSm4fft2qcX+8/LycOGC5v+oGzRogNq1a5t9zObosyLnoazMMX+mVFHvLxVLe2alve9LsvTnWRYFBQWCAun29vYICAgwuI+cnBwcOXJE0MeLL75YrrGZq19dTDEXRERVXeLDDCQ+EG5qEuQv/ExRFuv2XsDaXX8i+e9M1PdwwbRXX8DEwf8u99/9x1V8/MMxZGbnY8yL/lg2pZ9JrltSkH8jODvYQpqTr27LzM7H6eh7JrtXoqr3L0M9AgICBL+p3bx5s+C3qrqUZ1tnNzc3dOvWDUuWLIGHh4fGsZLbegPQ+hvlitxyXhtzzV9AQIBg+cf27dtRWFhYap/Hjx/XuouVOfo0lLZ5+uWXX3TWmypu8+bNgrbyLgepCLm5uYiPjzfqNdeuXRO0eXp6mmpIiIqKwkcffSR437z00kuYMWOGUR98+/btK2jbtGlTqa/btWuXYCmSvg+CphyzOfqsqHkoK3PMX1Vnzmdm7vd9dX2eoaGhePjwoUZbnz59jCpcfuzYMUFdrz59+sDR0bFcYzNXv7qYYi6IiKq6/WeuC9q07dpXFr+Ex2LWd4cwvFdrhC0fi1e6tcSMbw5i9x9XAQBZOfmYvGIfQmcPwaUNUxF+6c4/WVFAyqNMDJu3zSTjUBnUtbmgTbV8ksgUqlUGlrOzM3r06IHw8HB1W0JCApYsWYI5c+boLJqrUCiwfft2nDhxAqtXr9b6D6tt27ahTZs2aNOmjd4xKBQKwT/GtQWrtC0pvHHjhlkyFgxlrvlzcnJCz549NZaV3Lt3D19++SU+/PBDnbtEHTp0CKtWrYKjoyPGjh2LwYMHq4NW5ujTUNrm6c6dO1i9ejXef/99nctddu7ciePHj2u0eXt747nnnjPq+pVh9+7d2LZtG0aPHo0hQ4aU+mHnzp072L17t0abWCxG69atTTKeixcvYuHChYLg6uDBgzFlyhSjl8I899xzaNq0qUYtnQsXLmD79u06d5SLiorC1q1bNdqcnZ3Rv3//ChmzOfqsiHkoK1Pda8nd6gwVHBys8Xf7oEGDMG3atDL1ZUrmfGbmfN9XtedZUFBQ6nJ6mUyG0NBQQcaRg4MDRo8ebfDYFAoF9u3bp3XM5WGqfityLoiIqoOMLOEv+U2VkfRDWCRe7OSHjycoV6F09W+IuIS/ERoWiaE9WuH+35lwsLNGl7bKTTUCW3njesIjDOwCfLT+KDq1NN2GJ0D1WxZJlqdaBbAA5U5IERERGv8wPXfuHCZNmoTXXnsNzz//PNzd3QEAUqkUUVFR2LVrF27cuAEA+PLLL/Hxxx9r/OM5KSkJmzdvhkKhgK+vL7p3745WrVrBx8dHHayRyWS4ceMGfv75Z0HtDW3L3VQ78xT3448/olatWmjWrBkKCwtx4cIFODs7w9+/4grfmWP+ivdbvEDvH3/8gcTERIwaNQodOnSAg4MDZDIZbt26hbCwMJw4cQIAkJ2djfXr1yMyMhJLly41a5/lmaejR4+qrx0QEABbW1vI5XLExcVh586dOHfunKCft956y+KzDNLT07Fz507IZDJs3rwZO3fuRK9evdCuXTu0bNkSbm5usLKyQlFREZKSknDy5Ens2rVLEMjt0aMHXFxcyj2eCxcu4LPPPhNk27366quYOHFimfudNGkSPvzwQ43lThs2bMCdO3fw2muvwcfHB1ZWVnjw4AEOHjyIX3/9FXK5XKOP119/XWstNHOMuSrOQ1mZ616rC3M8M3O+76vi8/zhhx9w7949DBgwAK1bt1ZnWhcVFeHBgwe4ePEidu/ejdTUVMFrQ0JCjNqRMyoqCklJSRptAQEB8Pb2Ltc9mKrfipwLIqLq4HS0MAMp6LnyB7CKihS4cisVn7zZS6O9S9uG+HzjCSgUCnh7uCI3vxARMQlo6l0L568moVcHH0TEJODi9RSs/dC09akaegl3SE58WPqO60SGqnYBrDp16mD69OlYtmyZRntqaqr6N7U2NjYQiUTIz88XvD4iIgK7du3S2FVn27Zt6oKn8fHxGksqrK2tYW1tLdg5ScXV1VVrDanGjRujTp06ePDggcYY33vvPdjY2Kh/K92pU6cKDWCZY/4AZbHh6dOnY+nSpRrFY+/cuYPFixcDUP5mNjc3V2fh3MGDB5u9T0PVqVMH7733HpYvX67RfuPGDSxYsEB97by8PJ31X4YMGYIXXnihTNevSFu2bNH4+c7JycGBAwdw4MABAMrdxxwdHZGbmyv4UKzi6uqK//znP+Uey/nz57Fo0SKtyzWPHDkiqO2iS7169bB69WqNtlatWmHcuHGC5VcnT57EyZMnIRaLIRaLdS6p7dy5s9afJ3OMuSrOQ1mZ816rC3M8M3O976vi83z69CkOHTqEgoICdZF8iUQCOzs7ZGdn6y32Pnz4cKOzEffu3StoGzJkiHGDNlO/FT0XRESkW3pWLgoK5ajtppkh7e7qgLx8GbJyC+DsYIu1Hw7G28v3IiMrHyN6t8bALs3RfcoPWBzSF3a2pg0HaMvASnjw1KTXoGdbtQtgAcqdi2QyGVavXq31H8n6ajp5enqiS5cu6u/T09Nx6tQpnecXFhbqrLtkY2ODOXPmaF12YWVlhQkTJmjN/ik+vosXL+LJkycV+htLU85fcd27d4dcLsfKlSu1zpmuICCg/K1tYGBghfRpqF69eiE/Px/ffvut1g9w+q49ePBghISElPnaFalmzZoaQdWSFAqFoJZOcW5ubli8eLE6c6889uzZo7PWmDG7jpXcSVJl9OjRyM/Px/bt2wXH5HK5zg/qzz//PObOnav1mDnGXBXnoazMfa/Vhamfmbne91Xxee7cuVMwDzKZTO/9i8ViTJgwAcOHDzfqWikpKYiMjNRo8/LyKnetRFP1W5FzQURE+hXKlL8kt5Zoli8RWylXwuQXyODsYIuhPVphaI9W6uOhYZGo5eqotV4VkaWrlgEsQFnY1s/PD2vXrjVoW3GRSIQ+ffrg/+zdeZhWBd3/8c8sgGwzICKoj8gibiiICyYCYpH7rqmpmeaWqS22WJalqWmZ+RhpblGuuabmkpoaKmJZRkDuuCEaiCiLKIoz8/uDnzyNMyzizNyH4fW6Lq6rOefc53zvm2Z03p7lyCOPTNeu/3fqY5cuXTJ69OhceeWVeeyxx5b4S8BHbbDBBjnxxBOzwQYbLHGbkSNH5vXXX8+YMWOW+F8ta2trM3ny5HpPPGwJTfX5fdSnP/3p9O3bNxdeeOFy7bd79+454YQTlnqmUnPsc3ntsssu6devX0aPHl3vHjRL0qNHjxxzzDFN/mTM5nTwwQdnhx12yE033ZSxY8cu9ReVj9phhx1yzDHHrFSXjBxxxBHp379/Lrnkkrz++utL3fbD+7nsv//+zfYI+lLxOax8mvLvbFX7vl+a+fPnp6ysbKlnF/23LbfcMkcdddQKPWH2tttua3Ccvfba6xN/XzXVflvyswBoLR6ZNLXBspZ4Kl9jP+NnzXknP73qodx53mHNcsyB/Xo2WDb5+RmNbAkrptUGrGTRZXrnnntunn322Tz88MN58skn88orr+Ttt99OZWVlqqurs9Zaa2WLLbbI0KFD06tX40+D6Nu3b0477bTMnj07jz76aJ566qk899xzefPNN/P222+nrKwsHTp0yNprr53+/ftn2LBhGThw4HL9i+EBBxyQIUOG5Pbbb8/EiRMzc+bMLFy4MF27ds1GG22UXXbZJVtttVVTfzTLpak+v4/q3bt3zj333Dz99NN56KGH8sQTT+TVV1/NO++8k4qKinTr1i3rr79+hg4dmuHDhy/xhuzNvc/ltcEGG2T06NGZOHHi4s9p+vTpeffdd9O2bdusueaa6d+/f7bddtsMHTp0iTd5L7K11lorJ554Yo499tg8/vjjeeqpp/L000/n9ddfz7x58/LOO++kTZs26dKlS9Zdd91sttlmGTlyZHr2bPgPsZXBsGHDMmTIkIwbNy7jx4/Ps88+m7feeiu1tbWpqqpK3759s8022zTZfb2Kyuew8mnKv7NV7ft+Sb7+9a/n85//fB555JFMnjw5U6dOzZtvvpkFCxakbdu2qaqqSq9evTJgwIAMGzZsuf9Z+FHvvPNOvQeTJEn79u0bfdJkqfbbUp8FAMvW9v+febXg/fpXoby/cNEJF+3aNPyd48zfjc2BozbLumtW57Af35g///35rLtmdS74xm7ZdtNP/jO7ulPDh37Nnd/wtjOwosrqlvGf0T76uGUAAABg2apG/bjBsrn3/fAT77e2ti49dj87p3xx+3zjwP+7hcu51zyc834/LtPvqH+LgElTpmf/7/8+/xhzXC659e959N9T87sf7JfbHn46517zcCZddeInnmnO2wuy7t4/a7C8Kd4vK5elPb36w9tGTJgwYbn3N3jw4CRJsR9/BgAAACupTfv2aLCssScTflzl5WXZaqN18sA/Xqi3/MEJL2bLDddpsP23f3V3Tj1ih1R1XC1Tps3KDlv2S1XH1bLb0A3y0n/eysIPlu9WOUsz6fnpDZZtN9DZuDQdAQsAAACaQXWnds2272P33joPTngxp156X8ZNfDmnXX5/HvrXSzl2763rbTd1xuxUdWyXQ3da9HT79f+nW/7y+POZO39B/vTX57Jezy4NbgYPRdSq74EFAAAARTLn7aa5L9TeIzbJ+V/bNRfc8GguvPmvWbdHdc7/2q7Zc/jG9bbr1aNLbjzr84u/Pm6fIZn8/IxscOD5WXfN6lz63b2bZJ6pM+Y0yX5gSQQsAAAAaAbr9eza4EmEk6b8J7tvt2GT7P/IPbbKkXt8vId+derQLlf+cP8mOf5/e/k/bzVYtl7PJT+hHj4ulxACAABAM9isX8On87bWM5UmTWl4D6zG3j+sKAELAAAAmsHwQes1WHbHI0+XYJLmN27Syw2WNfb+YUUJWAAAANAMBq7f8AykufPfa5InERbJwxNfytz59e/t1blDu0bfP6woAQsAAACayXYDezVYdse41nUWVmPvZ+D6PUowCa2ZgAUAAADNZPig3g2W3fnosyWYpPk09n4ae9/wSQhYAAAA0EwO3Xlwg2VTp89uNZcRPjzxpUydPrvB8sbeN3wSAhYAAAA0k149qrPrths0WH72lQ+WYJqm19j72HXbDdKrR3UJpqE1E7AAAACgGR2//6caLBs38eVcc+/EEkzTdK65d2LGTWz49MHG3i98UgIWAAAANKPhg3pn3UbOSFrZz8JqbP51e1S7/xXNQsACAACAZnbKF0c2WDZ1+uxcePPfSjDNJ3fhzX9r9N5Xjb1PaAoCFgAAADSzQ3YclE379miw/Owrx2bSlOklmGjFTZoyPd/79T0Nlm/at0cO2XFQCSZiVSBgAQAAQAu4+Dt7NVg2d/572fWbV2TO2wtKMNHHN3XGnOz6zSsaXdfY+4OmImABAABACxi4fs989wsjGixfWSLWnLcX5PM/vC5z57/XYN13vzAiA9fvWYKpWFUIWAAAANBCjt/vU41eSjj5+Rn5biOX5RXJd399TyY/P6PB8k379sjx+3nyIM1LwAIAAIAWUt1ptVz8nb3SuUO7BuuuuWdijjv3tsKdiTXn7QU57tzbcs09Exus69yhXS7+zl6p7rRaCSZjVSJgAQAAQAsauH7PXHLy3o2uu+aeiYW6nPDDe141Fq+S5JKT93bpIC1CwAIAAIAWtvt2G+bXS7jp+eTnZ2S7L19a8qcTTpoyPUOPubjRywaT5Nff2Su7b7dhC0/FqkrAAgAAgBI4ZMdBS4xYU6fPzq7fvCLnXPVQC0+1yEV/+FuGffnSRm/YniyKV4fsOKiFp2JVVlZXV1e3tA3mz5/fUrMAAADAKueaeyfmO7+6O/PeaTwW9erZJb/+9p4ZPqh3i8xy9pUPZur02Y2u79yhXS45eW9nXrFEHTt2XOK6uXPnJkkmTJiw3PsbPHhwEgELAAAASm7SlOnZ5aQrlhixkmTYoPVy/H6fym5Dmz4ePTzxpZx95YMZN/HlJW6zbo/q/P70A93ziqUSsAAAAKAVm/P2guxy0hX59wuN33PqQ716dsnuQzfMwTsO+kQxadykl3PHuKdzx/hnlnjG1Yc27dsjf/rFFz1tkGUSsAAAAKCVm/P2gvzkirH59S2PLdf2vXp2Sa8e1RmxeZ+s26M6m/XtUS9qzXl7QSb//yD28vTZeWXGnLw8/a3cPu7pJd7f6qOO22dIfnr8zh//zbBKErBK6OQL7841907KtNu+06T7/fQJv8k63aty1Y8+1+j6MXc8ni6d22ff7TdZ7n1+3NesyDEAAABoXlNnzMmxP70lj0yaWrIZthvYK5ecvE969agu2QysfJorYLW6pxDe87fnsuURF5V6jCZx91+fzX2PTWnW16zIMQAAAGhevXpU50+/ODzXnn5g1m3hgLTdwF6587zD8qdfHC5eURiVpR6gKd372JQcfc6tueqH+5d6lCZxw5mfb/bXrMgxAAAAaBm7b7dhdt9uw1xz78Tc/vBTuevRZ5vtWNsN7JVDdx6cQ3Yc1GzHgBXVagLWvY9NyVFn35Krfrh/th/cp1mP1W//87L3iI3zwmtv5ZHJL+fBC4/Oxr2719umrq4uo2/6ay7/4z8y/c15WX+dbvn+4SM/1tMiPnqJYb/9z8uXdt8yc95ekOsfmJzysrLss/0mOee4ndK2TUWjr0mSS2/7ey6+5bFMmzknfddePd8+ZHj2Gzlgidvf9Jcnct61D+e5abOy9hpVOWrPrXLi/p9KWVnZCn9mAAAArLhDdhyUQ3YclDlvL8gd45/J1XdP+MSXF3bu0C57DNsowzfvnd2HbugG7RRaqwhYf27BePWh39zxePYZsUlOP2pU1ujSocH6c656KOdf/0h+dvzO2Xi97rnk1sfyhdNvzLiLj8kmfdZc4eNecOP4HPzZQRlzyr75+1Ov5idXjM3Gvbvn6D23bnz7G8bn9N88kFO+ODJDN+uVvzz+Qo448+a0a1OR3bfbqMH2V939rxz/8z/mawcMzc9O2Dl/e2JafnT5/Znz9oKcesQOKzw3AAAAn1x1p9UWx6wkeXjiS5k6Y05e/s9bmTRleqbOmFPvKYadO7TLwPV7JEnW69l18SWBwzfvneGDerf8G4AV1CoC1ld+/sfMnvdu9vj2Vcv9mvX/p1v++bvjV/iYuw3dML/9wX5LXH/vY1Py1f23zeG7bpEk2axfz9zy0FO597Epnyhgjdpq/fzv13dLknxmq365a/wzGTfx5UYD1vsLa3LuNeNy3D5D8q2DhyVJhm7WK0++9Hp+e+c/GwSsmpranHb5/Tlo1MCcccyoJMnwQb2z8IOa/Pzacfny3kPSveuSb8YGAABAyxKhWFW0ioB10bf2zFHn3JKrfvi5jNi8Zb55e/fsstT1f/nVkfW+7rBam6zeuX3emvvuJzpun7XqH7fH6p0yc3bjT4p84sUZmTt/QUYNWb/e8t98b98srKlpsP2TL83MzNnzs89Hnki4/w4DcvaVD+avT7ySPYY1PGsLAAAAoDm1ioD12SHr57Lv7pNDT78xV/+o5SLW0sx8a35+evVDuedvz+W1N+Zl4QcNg1Fze2vegiTJGtX1z5parV1lVmvkr/6NOYtCWM9uneotX7Proq/f/ITxDQAAAGBFlJd6gKay45D1c9l3986hp9+Yh/71UqnHyQGnXpeJU6ZnzPf3zZQbTsrrd56S7l1a9vK76o7tkiSz5ryzXNuv3nnRvbzemF1/++mz5iVJulW3b8LpAAAAAJZPqwlYSbLTNv1z6cl75xsX3FXSOd6YPT+PP/1qjt5zq2y98f+ka9Wi8PPewpY9C2tAnx7p1KFd7v/H8/WW//Cy+3LsT29tsP0mfbqnW3WH3PbwU/WW/+HBJ1NRUZ5tN+3VrPMCAAAANKZVXEL433b+VP/s/Kn+JZ1h9aoO6dmtc35x3SOprCjPwpraXHrr3zN3/oK8+97CFptjtXaV+fqBQ3POlQ+ma1X7bLvpuhk38eX88sZH85tT9m2wfZvKivzg8JH5xgV3ZY3qDhm19fr5+9PTcu41D+ekg7ZLt+qGT1sEAAAAaG6tLmAVQXl5WW466/P5zoV357hz/5hu1R3y9QOH5v0PPsgzU99o0Vm+c8jwdGjXJpfe9vec9bux6b9ut1z+vX2z38gBjW5/5B5bpW2bylxww/iMvumvWbdHdc489rP5yr7btOjcAAAARXX++efn7rvvXuo2F110Ufr16/ex933GGWdk3Lhxi7+uqKhIz549s8022+TQQw9Nx46eDM+qqayurq5uaRvMn9/4E+4AAABgVfTqq6/mrbfeWvz1ySefnBEjRmS33XZbvKxfv35p3/7j30f4jDPOyJQpU/Ltb387SVJTU5MXXngh11xzTbp3757Ro0enstK5KBTX0iLr3LlzkyQTJkxY7v0NHjw4iTOwAAAA4GNZZ511ss466yz+uqysLGussUY23XTTJtl/u3bt6u1r0KBBWWuttfKjH/0ojz76aIYPH94kx4GViYAFAAAAzWDffffNnnvumcMPP3zxslNOOSVJ8pOf/ORj7WvQoEFJFp39lSQHHnhghg8fntdeey2TJ0/Or371q6y33noZO3ZsrrvuukybNi1rrLFGdt999+y3334pKytLsuiMrt/97ne555578t5772XrrbfOWmutlfvvvz/XXnvtUvf94IMP5pprrslrr72WtddeO0cddVSGDBmSZNHVW2PGjMkjjzyS9957L/3798+RRx6ZDTfccPF7WNZssDSt6imEAAAA0BrNmDEjSdK5c+fFy+6888506tQpRx55ZKqrq3PPPffk7LPPzlZbbZWzzjorO++8c8aMGZMrrrhi8WtuuOGG3HDDDdlxxx1z6qmnZu21185NN93U4Hgf3fd9992Xn/zkJ9l2221z1llnZeONN85pp52WKVOmJEl++ctf5rHHHstXv/rVnHbaaSkvL8/3vve9zJo1K0mWazZYGmdgAQAAQEHV1NTklVdeyejRo7PaaqvlU5/61OJ122677eIzumpqajJmzJh85jOfyVFHHZVk0VlbCxcuzHXXXZe99947nTp1ys0335zPfvazi7fZaqutMnPmzEycOLHecf9733V1dRkzZkxGjhyZI444Ikmy2Wab5Yknnsitt96ab33rW/nnP/+ZnXbaKUOHDk2S9OrVK5deemlmzZqVLl26LHO2Ll26NOOnSGsgYAEAAECBvPzyy9lpp53qLVtvvfVy5plnplu3bouX9ezZs95rZs+enREjRtR73aoWC7sAACAASURBVMiRI3P11VfniSeeSJ8+fTJv3rx6ESxJqqqqGszw0X3PmjUrw4YNW7ysvLw8AwYMyFNPPZUkGTBgQO699950794922yzTXr27JmTTz45SfLCCy8sc7bttttuuT4bVl0CFgAAABRIz549Fz+FsKKiImuuuWa9cNWY2bNnJ0lWX331esu7du2aJJk3b17mzJlTb9ny+vB1Z555ZoN1H8518skn57rrrsuNN96Yiy66KH369Mmhhx6aYcOGLddssCwCFgAAADSDFb05+UefQrg8PjyL6sPY9KE333xz8foPA9LcuXM/1r7bt2+fJPnGN76R/v3711tXWVm5eJsjjjgiRxxxRF5++eXceOONOeOMM3Leeect12ywLG7iDgAAAM2ga9eueeONN+ot+2jEaSq9e/dOdXV1xo0bV2/5gw8+mIqKigwYMCBrrLFGunbtmscee6zeNh+eIbW0fXfs2DHTpk1Lv379Fv+prq7OGmuskWnTpuWkk07Kk08+mWTR5Y4nnHBCkkWXDy7PbLAszsACAACAZjB48ODce++92XTTTdOtW7c88MADmTJlSrbccssmP1ZlZWUOO+ywjB49OtXV1dlqq63y9NNP5/e//30OOOCAVFdXJ0n233//XHbZZamqqsrAgQMzYcKEjB07dqmXKLZt2zZf+MIXcumll6aioiJbb7113nzzzVx22WUZMWJEvvSlL2XevHk5//zz86UvfSlVVVW5//77U1FRkc0222y5Z4OlEbAAAACgGRx22GGZPXt2Lr300pSXl2f48OHZeuutU1tb2yzH23333dOmTZvceOONufnmm7Pmmmvm6KOPzj777LN4m3333Tfz5s3LXXfdlVtuuSVDhgzJyJEj88wzzyx13/vss0/at2+fm2++OTfeeGO6du2aUaNG5ZBDDklFRUXOPvvsXH755TnvvPOycOHC9O7dO6effnr69Omz3LPB0pTV1dXVLW2D+fPnt9QsAAAAQDN6//33U1lZmfLy/7uj0Le//e20a9eu0Zu0w8fVsWPHJa778P5rEyZMWO79DR48OIkzsAAAAGCVcfnll2fq1KnZd99906FDh4wbNy6TJk3K2WefXerRYKmcgQUAAACriNmzZ+eKK67Io48+mnfeeSe9evXKwQcfnKFDh5Z6NFqJ5joDS8ACAAAAoEk0V8AqX8Z2AAAAAFBSAhYAAAAAhSZgAQAAAFBoAhYAAAAAhSZgAQAAAFBoAhYAAAAAhSZgAQAAAFBoAhYAAAAAhSZgAQAAAFBoAhYAAAAAhSZgAQAAAFBoAhYAAAAAhSZgAQAAAFBoAhYAAAAAhSZgAQAAAFBoAhYAAAAAhSZgAQAAAFBoAhYAAAAAhSZgAQAAAFBolcvaoGPHji0xBwAAAAA0yhlYAAAAABSagAUAAABAoQlYAAAAABSagAUAAABAoQlYAAAAABSagAUAAABAoQlYAAAAABSagAUAAABAoQlYAAAAABSagAUAAABAoQlYAAAAABSagAUAAABAoQlYAAAAABSagAUAAABAoQlYAAAAABSagAUAAABAoQlYAAAAABSagAUAAABAoQlYAAAAABSagAUAAABAoQlYAAAAABSagAUAAABAoQlYAAAAABSagAUAAABAoQlYAAAAABSagAUAAABAoQlYAAAAABRaZakHAAAAoHE1NTWpq6trln1XVvp1EFh5+IkFAABQUPPnz09tbW2z7Luqqirl5S7KAVYOfloBAAAAUGgCFgAAAACFJmABAAAAUGgCFgAAAACFJmABAAAAUGgCFgAAAACFJmABAAAAUGgCFgAAAACFJmABAAAAUGgCFgAAAACFVlnqAQAAAPj4uu1yduPLqztkz2Eb5fQjd0jH9m1beCqA5iFgAQAArIT+/psvN7r8jdnz87NrxuX0MX/Jz47fqYWnAmgeZXV1dXWlHgIAAICG5s6dm9ra2o/9uldnzs2nv/rbPPP7ry1xm6qqqpSXu6sM0HLmzp2bJJkwYcJyv2bw4MFJ3AMLAACg1enUvm3eX1hT6jEAmoyABQAA0IoseO+DnHPVwxk2cL1SjwLQZNwDCwAAYCXUe79fNLp8/oL3M7Bfz/zu+/u08EQAzUfAAgAAWAnd9fNDG13erbpDeqzeqYWnAWheAhYAAMBKaJM+a5Z6BIAWI2ABAACshH542f3L3ObHR3+mBSZpaP78+SU5LrB8OnbsWOoRPjYBCwAAYCW04P0PGl3+3LQ389C/XkqftbuWLGABNDUBCwAAYCX0s+N3qvf1u+8tzC+uG59/PvuffOvz2+UbBw4t0WQATU/AAgAAWMnd9/fn852L7s26a1bnvv/9Yvqv263UIwE0KQELAABgJfWfN+bl+5fel0cmT83pR346B43arNQjATQLAQsAAGAldMlt/8jZVz6ULTdcOzeecVC6dF4tU2fMqbdNrx7VJZoOoGkJWAAAACuhUy7+c5Jk7IQXM/bEFxvdZtafvteSIwE0GwELAABgJTTjjpNLPQJAiykv9QAAAAB8fH948MlUVpQv8c+Vf/pXqUcEaDICFgAAwErouHNvr/f1iK/8pt7X377wnpYcB6BZCVgAAACtwBMvvl7qEQCajYAFAAAAQKG5iTsAAMBK6tWZc5f6NUBrIWABAACspAYeduFSvwZoLQQsAACAldCMO04u9QgALUbAAgAAWAn97w2PLnObb31+uxaYBKD5CVgAAAArobOvfCjl5WXZfvPe6bNW17y38IO8v7AmdaUeDKAZCFgAAAAroYcvOjK/v29ybnjg35n3zvs5ZKeB2WfExuncoV2pRwNocmV1dXUCPQAAQAHNnTs3tbW1S93mg5ra3PvYlFx776Q8Mnlqdh+6YQ7ZaWA+NWDdpb6uqqoq5eXlTTnuYvPnz2+W/QJNo2PHjiU57ty5i56UOmHChOV+zeDBg5M4AwsAAGClVllRnl233SC7brtBZs6en2v/PCmf+8H1WXuNqvztsmNKPR5AkxCwAAAAWoHnXpmV3/95Uq5/4IlsvF73HLzjwFKPBNBkBCwAAICV1Lx33sutDz2d3983Kc+/+mYO+PSmufmsA7PRet1LPRpAkxKwAAAAVkLHn3dH7hz/bLbccO18YefNs8Pg3qmtq0tdXfLqzEX3mVmne1WJpwRoGgIWAADASui6+yYnScZOeDFjJ7zY6Daz/vS9lhwJoNkIWAAAACuhGXecXOoRAFqMgAUAALASqqwoL/UIAC3GTzwAAAAACk3AAgAAAKDQBCwAAAAACs09sAAAAFqJBe99kLZtKlJeXlbqUWgiC977IL+4blxueODfmfb6nHSr7pA9h22UHxy+Q6o7rVbq8ZbLmDseT5fO7bPv9psscZuTL7w7d4x/Jk9c87UWnIyViTOwAAAAWonbxz+To865NTU1taUehSbwQU1t9v7u1bnsj//Il/cZkhvP+nxOOmhY/jD2yRx46nWpra1r0uP97q5/pmrUjzN73rtNut+7//ps7ntsSpPuk1WPM7AAAABaic/tMCCTpkzPieffmQu/uXvKypyJtTK77I//yPjJU/PgRUdl8AZrJ0l22KJvNunTPbt988r84cEns/8OA0o85bLdcObnSz0CrYCABQAA0Ir8+KhP58Tz78y3fnVPzjtx51KPwydw3Z8nZeQWfRbHqw8NH9Q7wwatl5f+89biZTf95Ymcd+3DeW7arKy9RlWO2nOrnLj/pxZHzH77n5cv7b5l5ry9INc/MDnlZWXZZ/tNcs5xO6Vtm4r03vfneXPuO0mSXvucmwM+s1ku/94+SZKbxz6Rn139UJ5/9c30W2f1/PjoUdlpm/7Ltd8k+fQJv8k63aty1Y8+lySpra3Lmb/7S3575z/z7nsLs/M2/dO2TcM8saz3xKpFwAIAAFiJvDpzbr7y8ztSW7fkywQXflCbx595LSfst036rN21BaejKf37hRk5bp8hja6767wvLv7fV939rxz/8z/mawcMzc9O2Dl/e2JafnT5/Znz9oKcesQOi7e74MbxOfizgzLmlH3z96dezU+uGJuNe3fP0XtunXEXH50bHvh3Trv8/oy/9Nj0XL1TkuT3f56UY396a7518LDssGXf3HD/5Bz0w+sz9ldHZVD/nsvcb2NG3/Rofn7tuJx00HYZvnnvPPyvl3L+9ePzP2tWfez3xKpDwAIAAFiJrNO9Krf99OAlrq+pqc1xP789h+86WLxaic2dvyALP6hJj26dl7pdTU1tTrv8/hw0amDOOGZUkkVnaC38oCY/v3Zcvrz3kHTv2jFJMmqr9fO/X98tSfKZrfrlrvHPZNzEl3P0nlvnf9aszupV7ZMk/9O9Kl06t09dXV1+dPn92X+HAfnhlz6dJNlus/UyfvIrufjWv+XX395rmfv9qA9qavO/14/PYbsMzmlHfWbxa16dOTfj/z31Y78nVh1u4g4AANBK1NTU5svn3p5tN103B43arNTj0AKefGlmZs6en30+8oS//XcYkIUf1OSvT7yyeFmftbrU26bH6p0yc/b8Je776ZdnZvqsedlz+MaLl5WXl2XoZuvm8adfW6H9vjJjTmbNeSe7Dt2g3vIP49nHfU+sOpyBBQAA0ErcNu7pbLXxOjlity1KPQqfUKf27VJeXpaZb7291O3emLMoFPXs1qne8jW7Lvr6zbkr/kTBN+YsuifWYT++qcG6nss4M2xJZry56P18OF/jx22+98TKS8ACAABoJfb9yBkrrLzKy8uy8XrdM2nK9EbXH/CD32f45n0yYlDvJMkbs9+pt376rHlJkm7V7Ru8dnl1at82STL6pD0yeIO16q1rU1mxQvv8MEotLUKt3rlDkuZ5T6y8XEIIAAAABXTAqM3ywOMv5IkXX6+3fPzkqbn7r89lnTU6Z5M+3dOtukNue/ipetv84cEnU1FRnm037bXcxyv//0/3q6tb9PUmvddMVcfVMmXarAxcv+fiP2t06ZB1uq/YGVjrrlmd7l065q7xz9Rb/t+XHDble6L1cAYWAAAAFNBX9tkmt4x9Mvt895p877Dt03utLnlm6hs579pxGbF57+w9YpOUl5flB4ePzDcuuCtrVHfIqK3Xz9+fnpZzr3k4Jx20XbpVd1ju4/XqseheVlffOzHbb947A9fvmVO+uH1OufjeVFaU57ND1s/0N9/ODy75c/bdfpOceexnP/Z7qqgoz9cP2i4/uOTPWb2qfbYbuF4enPBibh775OKnELaprGiy90TrIWABAABAAbVrW5nbz/1Czvrd2PzkirGZ/faC9F6ra760+5b52gFDU16+6IypI/fYKm3bVOaCG8Zn9E1/zbo9qnPmsZ/NV/bd5mMdb8TmvbPP9pvkzN/+JVNGbZYLvrF7vrLvNunUvm1G3/TXXHDD+KzZtVMO3nFgTj50xAq/rxP22yaz572b39z+eC76w9+y45D185V9h+SP455evE1TvSdaj7K6ug9PDgQAAKBI5s6dm9ra2mbZd1VVVcrLm+euMvPnL/nJdkDpdezYsSTHnTt3bpJkwoQJy/2awYMHJ3EPLAAAAAAKTsACAAAAoNAELAAAAAAKTcACAAAAoNAELAAAAAAKTcACAAAAoNAELAAAAAAKrbLUAwAAANC4ysrK1NbWlnoMgJITsAAAAAqqQ4cOpR4BoBBcQggAAABAoQlYAAAAABSagAUAAABAoQlYAAAAABSagAUAAABAoXkKIQAAAIVSNerHpR4BCm3ufT8s9QgtTsACAACgUFbFX86BpXMJIQAAAACFJmABAAAAUGgCFgAAAACFJmABAAAAUGgCFgAAAACFJmABAAAAUGgCFgAAAACFJmABAAAAUGgCFgAAAACFJmABAAAAUGgCFgAAAACFJmABAAAAUGgCFgAAAACFJmABAAAAUGgCFgAAAACFVlnqAQAAAGBpKioqUlFRkfLy8pSXl6esrKzUI0GzqqurS21tbWpra1NTU5OamppSj1RyAhYAAACF1aZNm7Rt27bUY0CLKisrWxxu27Rpk/fffz8LFy4s9VglJWABAABQOOXl5WnXrl3Ky935Btq2bZvKysq89957qa2tLfU4JeEnAQAAAIVTWVkpXsF/KS8vT2Xlqnsekp8GAAAAFMqHl00B9bVp02aVDbur5rsGAACgsFbls0xgWVbVuCtgAQAAUCir6hkmsDxW1e+PVfNdAwAAUFir6i/osDzKyspKPUJJ+KkAAAAAsJIQsAAAAACggAQsAAAAAApNwAIAAACg0AQsAAAAAApNwAIAAACg0AQsAAAAAApNwAIAAACg0AQsAAAAAApNwAIAAACg0AQsAAAAAApNwAIAAIAmUlNTW+oRoFUSsAAAAKAJvDJjdrrvfHpGHndxqUeBVkfAAgAAoFWZ9vqcVGx7crqO+lGLHreivDyrta1Mh9XatOhxYVVQWeoBAAAAoDVYu3tVXrvz1FKPQQnc9tATmfz89KVus17PrvnCLlu00EStj4AFAADAKmfmW/PztV/clj89+kzat6vMHsM2yblf3S1VHVdLkjw7dWa+et5teXjii1m9qkMO2WlwfnzMTmnbpmKJ66bOmJ0NP/ezbNCre566/ltJktdmzs3XfnFb/vzYc+nYvm12327j/PSEXdOlc/vc/egz2e2kMdlrxIC0qSzPvX97Lmt27ZiLv7tfdtiy33LNedtDT+RHl96b56a9kbW6VeWovYbku4ftUJoPdRX25XP+kNffenup25SXl2Xv7Qekc4d2LTRV6+ISQgAAAFYpNTW12fUbv8n1903M0IHrZUDfnrn8j4/l2LNvTpIs/KAmu3/zt/nzY89lxyEbpEun9jn36gdz5pj7lrruo957/4OMOvHS/GHsv7PNgF7pvVbXXP7Hx3Lg96+pt91tDz2RN2a/k4Hr98yUabNy7Dk3L9ecz7w8M5875erMmb8gPzhiVKo7rZbv//ruXHbbY838CfJRF3xzr2Vuc/7X9xSvPgEBCwAAgFXKX/75fP75zKvZY9gmufMXX8qfRx+dAX175Ib7J+Xtd97LbQ89meenzcrBOw3OLT/7Yh66+LhUVJTnxgcmL3XdR93xyFN55uWZ2XnbDXPPL4/Kw5d8JYM3XDv3/f25/OOpaYu3GzG4T+6/8Jg8cOGx6dK5fZ6fNitz5y9Y5pwTp/wnNTW1GT6oT773xR1y5Y8OyunH7Ji1unVuyY+TJAd8ZmB+duJuS1z/rUO2zwmfG9qCE7U+LiEEAABglfKvZ19Lktw+7slUbHtyvXUvvPZmnnrp9STJoP5rJUm6VrXPuw+elST5yRV/WeK6F//zVr19TZ7ynyTJ8M37JFl0CdmIzftmwjOv5R9PTUvvtbomSbp0ap8kqagoT1XHdpk9793Mnf/eMuccuUXf9OzWOdfcMyGPPflKdh26UQ7dZYtsseE6n+jzYcV88+AReWX67Iy+8ZF6yw8cNSjnHL9LiaZqPQQsAAAAVikLP6hNkuy4zQb54m5b1Vu37ppdUlbW8DUVFYsuYFrauo9q22bRr9zl5f/3opraRcduU1nxiefsWtU+E6/+Ri68aXxuH/dkLrh+XH55wyO59WdfzO7DNl7m/ml6v/j6Hpk2c05uGfvvJIvOrvvtqQekrLH/4/CxuIQQAACAVcqm/XokSZ5/dVb2HjEgB312UDbvv1a6dFotXavaZ6P11kySTHpu0RlU7yxYmK0P/2V2O2nMUtd91IC+i44z7l8vJknq6uryyKSX6q37JHPecP+knHrJPdlrxID843dfy6Xf2z91dXW5/r6JK/zZ8MmUl5fl6tM+nx227JfBG66dW376xbRr69yhpuBTBAAAoFV6Z8H7+cJp19Vb9s2DR2SXbTfKoP5rZeJz/8mWh1+QLTdcJ3c88lR6duucnbfdMHuN2CR911k919wzIW+/+36mzngrE555Ld88eMRS133U7tttnAF9e+TOR57OTl+9PO+8934mPPNatt+ibz61aa/c/egzS51/WXN2at82l976tzwy6aV8aY8h+dP4p5PEJYQltlq7ytz3q2NKPUar4wwsAAAAWqUPampz7T0T6v2Z9vqcVFaU554Ljs6hO2+R6bPmLX5K4M3nHJZk0eV9t//8iIzaun/u/uszmTp9dr5+0LCccexOS133URUV5bn9vCOyx7BNMn7yS5k8ZXoOHDUo15956HLNv6w5dx26UcacekBqauvy3QvvyrOvzMwPjxyVrx04rOk+RCiIsrq6urpSDwEAAEDrMX/+/E/0+o4dOzbRJNA6razfY3Pnzk2STJgwYblfM3jw4CTOwAIAAACg4AQsAAAAAApNwAIAAACg0AQsAAAAAApNwAIAAACg0AQsAAAAAApNwAIAAACg0AQsAAAAAApNwAIAAACg0AQsAAAAAApNwAIAAACg0AQsAAAAAApNwAIAAACg0AQsAAAACqWurq7UI0BhrarfHwIWAAAAhVJbW1vqEaCwVtXvDwELAACAQllVf0GH5bGqfn8IWAAAABTKBx98UOoRoJDq6upW2e8PAQsAAIBCqa2tzfvvv1/qMaBwFi5c6AwsAAAAKIpV+Rd1aExtbW0WLlxY6jFKRsACAACgkN59911nYkGS999/P++++26pxyipylIPAAAAAEvy4ZlYFRUVKS8vT3l5ecrKyko9FjSrurq61NbWpra2NjU1NampqSn1SCUnYAEAAFBofoEHXEIIAAAAQKEJWAAAAAAUmoAFAAAAQKEJWAAAAAAUmoAFAAAAQKEJWAAAAAAUmoAFAAAAQKEJWAAAAAAUmoAFAAAAQKEJWAAAAAAUmoAFAAAAQKEJWAAAAAAUmoAFAAAAQKEJWAAAAAAUmoAFAAAAQKEJWAAAAAAUmoAFAAAAQKEJWAAAAAAUmoAFAAAAQKEJWAAAAAAUmoAFAAAAQKEJWAAAAAAUmoAFAAAAQKEJWAAAAAAUmoAFAAAAQKEJWAAAAAAUmoAFAAAAQKEJWAAAAAAUmoAFAAAAQKEJWAAAAAAUmoAFAAAAQKEJWAAAAAAUmoAFAAAAQKEJWAAAAAAUmoAFAAAAQKEJWAAAAAAUmoAFAAAAQKEJWAAAAAAUmoAFAAAAQKEJWAAAAAAUmoAFAAAAQKEJWAAAAAAUmoAFAAAAQKEJWAAAAAAUmoAFAAAAQKEJWAAAAAAUmoAFAAAAQKEJWAAAAAAUmoAFAAAAQKEJWAAAAAAUmoAFAAAAQKEJWAAAAAAUmoAFAAAAQKEJWAAAAAAUmoAFAAAAQKEJWAAAAAAUmoAFAAAAQKEJWAAAAAAUmoAFAAAAQKEJWAAAAAAUmoAFAAAAQKEJWAAAAAAUmoAFAAAAQKEJWAAAAAAUmoAFAAAAQKEJWAAAAAAUmoAFAAAAQKEJWAAAAAAUmoAFAAAAQKEJWAAAAAAUmoAFAAAAQKEJWAAAAAAUmoAFAAAAQKEJWAAAAAAUmoAFAAAAQKEJWAAAAAAUmoAFAAAAQKEJWAAAAAAUmoAFAAAAQKEJWAAAAAAUmoAFAAAAQKEJWAAAAAAUmoAFAAAAQKEJWAAAAAAUmoAFAAAAQKEJWAAAAAAUmoAFAAAAQKEJWAAAAAAUmoAFAAAAQKEJWAAAAAAUmoAFAAAAQKEJWAAAAAAUmoAFAAAAQKEJWAAAAAAUmoAFAAAAQKEJWAAAAAAUmoAFAAAAQKEJWAAAAAAUmoAFAAAAQKEJWAAAAAAUmoAFAAAAQKEJWAAAAAAUmoAFAAAAQKEJWAAAAAAUmoAFAAAAQKEJWAAAAAAUmoAFAAAAQKEJWAAAAAAUmoAFAAAAQKEJWAAAAAAUmoAFAAAAQKEJWAAAAAAUmoAFAAAAQKEJWAAAAAAUmoAFAAAAQKEJWAAAAAAUmoAFAAAAQKEJWAAAAAAUmoAFAAAAQKEJWAAAAAAUmoAFAAAAQKEJWAAAAAAUmoAFAAAAQKEJWAAAAAAUmoAFAAAAQKEJWAAAAAAUmoAFAAAAQKEJWAAAAAAUmoAFAAAAQKEJWAAAAAAUmoAFAAAAQKEJWAAAAAAUmoAFAAAAQKEJWAAAAAAUmoAFAAAAQKEJWAAAAAAUmoAFAAAAQKEJWAAAAAAUmoAFAAAAQKEJWAAAAAAUmoAFAAAAQKEJWAAAAAAUmoAFAAAAQKEJWAAAAAAUmoAFAAAAQKEJWAAAAAAUmoAFAAAAQKEJWAAAAAAUmoAFAAAAQKEJWAAAAAAUmoAFAAAAQKEJWAAAAAAUmoAFAAAAQKEJWAAAAAAUmoAFAAAAQKEJWAAAAAAUmoAFAAAAQKEJWAAAAAAUmoAFAAAAQKEJWAAAAAAUmoAFAAAAQKEJWAAAAAAUmoAFAAAAQKEJWAAAAAAUmoAFAAAAQKEJWAAAAAAUmoAFAAAAQKEJWAAAAAAUmoAFAAAAQKEJWAAAAAAUmoAFAAAAQKEJWAAAAAAUmoAFAAAAQKEJWAAAAAAUmoAFAAAAQKEJWAAAAAAUmoAFAAAAQKEJWAAAAAAUmoAFAAAAQKEJWAAAAAAUmoAFAAAAQKEJWAAAAAAUmoAFAAAAQKEJWAAAAAAUmoAFAAAAQKEJWAAAAAAUmoAFAAAAQKEJWAAAAAAUmoAFAAAAQKEJWAAAAAAUmoAFAAAAQKEJWAAAAAAUmoAFAAAAQKEJWAAAAAAUmoAFAAAAQKEJWAAAAAAUmoAFAAAAQKEJWAAAAAAUmoAFAAAAQKEJWAAAAAAUmoAFAAAAQKEJWAAAAAAUmoAFAAAAQKEJWAAAAAAUmoAFAAAAQKEJWAAAAAAUmoAFAAAAQKEJWAAAAAAUmoAFAAAAQKEJWAAAAAAUmoAFAAAAQKEJWPy/9u4+0Ov54P/463SObhxUFGW5S4TMYnKTTLkJXaohjd0xXGxGbZPLmGhaLmKGDVdtXeR2NnIzm/3aMLSxIe3GRi4yUm4rpxLVOef3x1mH0x3Rdt7s8fhH3+/3c/P+HPrjPL3f7y8AAABA0QQsBnAsOwAAIABJREFUAAAAAIomYAEAAABQNAELAAAAgKIJWAAAAAAUTcACAAAAoGgCFgAAAABFE7AAAAAAKJqABQAAAEDRBCwAAAAAiiZgAQAAAFA0AQsAAACAoglYAAAAABRNwAIAAACgaAIWAAAAAEUTsAAAAAAomoAFAAAAQNEELAAAAACKJmABAAAAUDQBCwAAAICiCVgAAAAAFE3AAgAAAKBoAhYAAAAARROwAAAAACiagAUAAABA0QQsAAAAAIomYAEAAABQNAELAAAAgKIJWAAAAAAUTcACAAAAoGgCFgAAAABFE7AAAAAAKJqABQAAAEDRBCwAAAAAiiZgAQAAAFA0AQsAAACAoglYAAAAABRNwAIAAACgaAIWAAAAAEUTsAAAAAAomoAFAAAAQNEELAAAAACKJmABAAAAUDQBCwAAAICiCVgAAAAAFE3AAgAAAKBoAhYAAAAARROwAAAAACiagAUAAABA0QQsAAAAAIomYAEAAABQNAELAAAAgKIJWAAAAAAUTcACAAAAoGgCFgAAAABFE7AAAAAAKJqABQAAAEDRBCwAAAAAiiZgAQAAAFA0AQsAAACAoglYAAAAABRNwAIAAACgaAIWAAAAAEUTsAAAAAAomoAFAAAAQNEELAAAAACKJmABAAAAUDQBCwAAAICiCVgAAAAAFE3AAgAAAKBoAhYAAAAARROwAAAAACiagAUAAABA0QQsAAAAAIomYAEAAABQNAELAAAAgKIJWAAAAAAUTcACAAAAoGgCFgAAAABFE7AAAAAAKJqABQAAAEDRBCwAAAAAiiZgAQAAAFA0AQsAAACAoglYAAAAABRNwAIAAACgaAIWAAAAAEUTsAAAAAAomoAFAAAAQNEELAAAAACKJmABAAAAUDQBCwAAAICiCVgAAAAAFE3AAgAAAKBoAhYAAAAARROwAAAAACiagAUAAABA0QQsAAAAAIomYAEAAABQNAELAAAAgKIJWAAAAAAUTcACAAAAoGgCFgAAAABFE7AAAAAAKJqABQAAAEDRBCwAAAAAiiZgAQAAAFA0AQsAAACAoglYAAAAABRNwAIAAACgaAIWAAAAAEUTsAAAAAAomoAFAAAAQNEELAAAAACKJmABAAAAUDQBCwAAAICiCVgAAAAAFE3AAgAAAKBoAhYAAAAARROwAAAAACiagAUAAABA0QQsAAAAAIomYAEAAABQNAELAAAAgKIJWAAAAAAUTcACAAAAoGgCFgAAAABFE7AAAAAAKJqABQAAAEDRBCwAAAAAiiZgAQAAAFA0AQsAAACAoglYAAAAABRNwAIAAACgaAIWAAAAAEUTsAAAAAAomoAFAAAAQNEELAAAAACKJmABAAAAUDQBCwAAAICiCVgAAAAAFE3AAgAAAKBoAhYAAAAARROwAAAAACiagAUAAABA0QQsAAAAAIomYAEAAABQNAELAAAAgKIJWAAAAAAUTcACAAAAoGgCFgAAAABFE7AAAAAAKJqABQAAAEDRBCwAAAAAiiZgAQAAAFA0AQsAAACAoglYAAAAABRNwAIAAACgaAIWAAAAAEUTsAAAAAAomoAFAAAAQNEELAAAAACKJmABAAAAUDQBCwAAAICiCVgAAAAAFE3AAgAAAKBoAhYAAAAARauor6+vb+5BAAAA8NGxcOHC5h4CsBrV1dXNct+ampr3fa4ZWAAAAAAUTcACAAAAoGgCFgAAAABFE7AAAAAAKJqABQAAAEDRBCwAAAAAiiZgAQAAAFA0AQsAAACAoglYAAAAABRNwAIAAACgaAIWAAAAAEUTsAAAAAAomoAFAAAAQNEELAAAAACKJmABAAAAUDQBCwAAAICiCVgAAAAAFE3AAgAAAKBoAhYAAAAARROwAAAAACiagAUAAABA0QQsAAAAAIomYAEAAABQNAELAAAAgKIJWAAAAAAUTcACAAAAoGgCFgAAAABFE7AAAAAAKJqABQAAAEDRqpp7APBRM3PmzNxxxx2ZOnVqXnrppVRWVqZLly7ZfffdM2jQoLRt27a5hwgAAAAfKhX19fX1zT0I+Cior6/PxIkTc91116Vfv37p06dPPvaxj2Xp0qV5/vnnM3ny5Pz5z3/O6aefnn79+jX3cAEA4J9m4cKFzT0EYDWqq6ub5b41NTXv+1wzsGAtqK+vzznnnJOZM2fmuuuuS6dOnZp8vt122+WAAw7I448/nrPOOiszZ87MF77whWYaLQAAAHy4NPseWHPnzs33vve9HH744enbt28OO+ywXHTRRZk3b15zD22tqKmpyXHHHZc+ffrksssuy9qc8FZfX5+Jv5iavl8Znw0PODfVfc/OdkMvzmmX/SKzX52/xtc74ozrc8ApE9ba+NaGm+/5Syr3PDOvzmv4PzgljjFJbrzxxrz00ku58sorG+PV4sWLc+mllzY5rkePHvnhD3+YW265JY888si7Xnfu3Lm58sorM2rUqJV+fvPNN2fo0KHp27dvhg4dmltvvfWDPwwAAAAUpllnYL322mv58pe/nNmzZydJWrZsmZdffjm33XZbHnroofzwhz9M+/bt39O1vvnNb2bKlCk57LDD8o1vfOOfOew1Mnny5MybNy/HH398jjnmmLV23fr6+hw18se5+Z6/5HMH9sxXDt8j67VpmcdnvJwf/OR3uf7/TcsvLz02O3Xr9O4X+xA54dDd89bipc09jCZeeOGFXHvttZkwYUJatWrV+P6CBQty9913Z/jw4U2O79ChQ771rW/lvPPOy0033ZR11llnhWu+8sorueGGG3L77bdn8eLF2XPPPVc4ZvLkybnkkkvyxS9+MbvttlseeuihfPe7303btm2z7777rv0HBQAAgGbSrAHriiuuyOzZs7PpppvmggsuyFZbbZVnn302X//61/Piiy/m6quvzte//vXmHOIHNmTIkAwZMmStX/fymx/KT+/+cyaec0Q+f9DOje//x17b5dhDPpm9/vN/8vlzbsrUa05JVWWzT7RbraW1dalsUZGKiop3PfaA3br9C0a0ZiZNmpT9998/m2666Xs+p1evXtlkk01y7733pn///it8fskll2TmzJkZPnx4fv7zn6/0Grfcckv22GOPnHDCCUmSnj17ZsaMGbn55psFLAAAAD5Smq1sLFq0KPfee2+S5Nhjj81WW22VJNlyyy0zePDgJMmUKVOSJPPnz8/FF1+cwYMHZ7/99suXvvSlxnOTZMCAAY3HTpo0KX369EltbW3j689+9rPp169fhg4dmptvvrnJOBYuXJgxY8akf//+GThwYC6++OIMHTo0ffr0ycMPP5wkqaury4033pijjjoq/fr1y5AhQ3L11Vc33mP27Nnp06dP+vTpk7vuuiuHHHJIzj///CTJ/vvvnz59+uT+++9/T8/yXl3y4ynZd9etm8SrZTq0q86Fwwbk8Wdeyt0PP50kuXLS77PJwWMy9clZ2eO4K1Ld9+x0PWxsrrrz0SbntqioyP/+7JF0PWxs2nxqZHb70uWZ+uSsJsdMuOOR9Djqe2m998h0PPA7+fw5N+WlOQsaP6+trcvZ436VbodfmDafGpnNBp2fky+8PQsXLW48ZqP+5+ayn/wuA0+dmHX3OTuvL3grS2vrcspFd2TDA85N2/1G5XNn/zivL3izyb3fuYTwb8++nMo9z8z9j83IEWdcnw32HZVOA8Zk+MU/S13d20s1p/zx2ezyxe+nzadGZsejLskvH5yevU8cly+fv3aW2z344IM56KCD1vi8gw8+OL/97W9X+tmwYcMyceLEDB48OC1btlzh87q6ukyfPj2f/OQnm7zfs2fPPPHEE2t1qSoAAAA0t2YLWE8//XQWL24IGjvuuGOTz44++ujcd999+clPfpL6+vqMGDEikyZNSlVVVbp3756nnnoqI0eObNxDaJ999kmHDh2SJF26dMm+++6bioqKjB8/PhdffHGee+65tG/fPrNnz84ll1ySO++8s/FeF1xwQe6666688cYbqaioyKRJkzJrVtNgc+mll+byyy/P888/n3bt2uXFF1/Mj370o1x22WUrPNf555+fefPmZcmSJSt89l6eJUlOP/30HHzwwXnsscdW+rN74ZWazJg1N4M+tf0qf74H7bFtWq5TmXse+b8kyTpVLVKz8M2MHDc5E88+IvN+fU4+f+DO+fL5t+aFV97+FoC/Pftyrv/ltFw18oj88tJj89aSpfn0addk8ZKGWHftXY/lhP+elKP698wfrxuWm8YclUf+9kIGnjqxMZp898YpueiGB3L+Vw/OH68bnqtGDsmdv30iZ/3P5Mb7tKyqyoQ7Hk7PbTvnvitPyHrrtsz519yX8bf9IReeMiCPXH1y9vrElvnOVfes8hnXqapMknz9kjtz4mG757XJI3P1yCPyg58+mFvu/UuSZN78NzNoxDVpv36bPPijkzL+jENz9vhf5ZkX5jSe/0EsWbIkzz//fGOAXRNdu3bNM888s9LPNtlkk9Weu2DBgixZsmSFJbbt2rXL4sWLs2jRojUeDwAAAJSq2QLW3LlzG//crl27Jp9VVFSksrIylZWVefLJJ/P4448nScaNG5crrrgivXr1SpL8+te/TtIQfLbbbrskyW677ZZzzz03NTU1uf7665Mkp512WiZNmpSRI0cmSSZMmJD6+vrMnDkz99zTEEjOOOOM3HHHHRk/fnyTscyaNSu33HJLkmTMmDG59dZbM3bs2CQNS7ieffbZJsfvuuuuGTt27Eq/Ye69PEt9fX2mTZuW+fPnZ/r06Sv92S3boH2LTqveH6zlOpXp3GH9zHr17Ti1eEltvvnFvum+RcesU1WZEw7dLUtr6/LHp2Y3HvPinAW5YfSR2WfnrbLPzlvlslMH5YVXanLfYzOSJN+7cUr279UtZ32pX7pv0TH77rp1Lho2II8+8UIe/PNzSZITP71bnrjpGxmy747ZdvMO2b9Xtxyx78cz+Q9PNd6nqqpFWresyugT+2fPj2+eqsoWufYXUzNo7+1z3KBds81mHXLS4Xtkn53fPQx9ep8e2b9Xt6xTVZmD9tw2XT+2YR7528wkyZ2//VteX/Bmrvivwem5bef03mmLfH/EoLz42ppvcr8yCxcuTOvWrbPuuuuu8bkdOnTIggUL3v3AlVgWSKuqmq4CbtGi4a/0sjgMAAAAHwXNFrDeucRp2S/dK7PddttlypQpmTJlSuMsq65duyZp2Oh6VaZOnZra2tq0bNkyhxxySJKkb9++jefNmTOnMRBtsMEGGTBgQJJkhx12WOE6SUNs2GeffZIkvXv3TpcuXZIk06ZNa3L8qaeemt69e2fLLbd8X89SUVHR+K1zhx122EqfbZ2qhp/XO5fJrUxdXX0ql/vZ9ty2c+Of263XJkkyd/7bs3W6b94hm2y4XuPrnbdt2Nfpib+/nCVLa/On/3sxe32i6bPt1uMfP4t/hLD6+mT0/96TTf/jvFT1/lYq9zwzF984JXNebzorqNf2XRr/vHhJbf5v5mvp2b3pPlK777j5ap9x+WdqeK7Wjc/0xLOvZN3W66T7Fh3fvmaPzbLhBmsenFamTZs2WbRo0UqDUWVlZRYsWNC4fHR58+bNS5s2bdbKOJb3XvYTAwAAgA+LZtvEfYMNNmj88/z581c7g+VPf/pTrrnmmkyfPj1z585tjF+r2+dn2QyvxYsXN4and3rppZcyZ86cJA1xalW/8C+7zoYbbtjk/Q033DAzZ87Myy+/3OT9dwsH7+VZunbt2hi2VuZjHRt+dk+/8Noqj1m8pDazX52fLhu3bfJ+m1YrfuPdO++9Udum/x6qWzccv3DRkixctCT19fVpv0HrJse0X78hwtQsfCtJcvJFt+c3U5/JDaOPzJ47bp5WLasyctzk/Oj2R5qet8Hb8WbZ/lhtq5tee/nXK7PyZ2r454I3Fqfd+itGog7t1k7AatWqVTp27JgXXnhhhWWEbdu2zejRo3PppZfmtttuy9e+9rVsvvnbQW7mzJlNXq+JZftiLR/Ols3MWtk3GwIAAMCHVbMFrG7duqVFixapq6vLE0880WTPn2uvvTYTJ05Mp06d8p3vfCdf+9rXsmTJkhx11FHp3r17Jk+evMrNr5eprq5O0vCL/OGHH77C5+3bt89GG22UpGEmzKosC23vXPKYpDF+vTPEvZtnn332fT3L8jq0q84ntumc2+77a0797N4rPeaXD03P0tq6HLTntmt07eU3TZ/3j9frtWmZ6jbrpEWLisytaXrMnJqG2U5t12ud+vr63H7/X/OtL+2bvru8HeFefG31S+XW/Ucoe31h02u/VrNwjca/vDatqjL/H2GtyXVff+MDXfedevXqlbvvvjvHH3/8Cp/ttdde6dWrV2666aaceOKJGTt2bD7+8Y8naVg2umwJ6Zqqrq5Oy5YtV/rf5ftd0ggAAAClarYlhOutt1723rshvowbNy4zZzbsWTRjxozccsstefPNN7PTTjvlsccey+LFi9O5c+ecdNJJ2W+//dKqVasVrrdsxsmyPYV23nnntGjRIkuWLMnWW2+dk08+OSeffHJ22mmnDBo0KJ07d0737t1TUVGROXPmNO6F9eSTTza57i677JKkYYnfAw88kCT5/e9/3zje5b8FbnXe67PMmDEj99xzT+O3HK7M8CP3yu/+9Pf88PaHV/jstdffyOk/uCu799gse+20xXseX5I8+dyrmTf/7Yg0bXrDssAdtto461RV5hPbdM6Df/57k3N+96eG172275KltXVZ9NbSrL/u28/1+oI3c/v9f019Vj1jrlXLqmzRuV2mLfeNh/dNnbFG419et806ZP4bb+XZ2W+Hnkf+9sJaDVif/vSnc+edd65yP6uWLVvmC1/4Qm688cZ07949SUPM/OMf/5j+/fu/r3u2aNEi22+/ff7whz80ef+RRx5ZYRksAAAAfNg12wysJBk2bFj+8pe/5LnnnsuRRx6Zli1bNi6J6tChQ4499tjGbwScNWtWjjzyyNTV1TW+99Zbb8+s6dq1a+69995Mnjw506ZNy/jx4/O5z30u1157bcaMGZNx48blrbfeyvz589OtW7dcddVV2XTTTXPAAQdk8uTJOfvss/ODH/xghX21NttsswwaNCh33HFHzjjjjGy88caNx/Tv3z/bbLNNZs+enfdi6623ftdnqa+vz1e+8pUsWLAgw4YNy9ChQ1d6raMH7JL7p87Il8+/NfdNfSYD994+67VpmcdnvJzLf/pgWrSoyDWjhq7RXkj1adg/6vjzbsmo4/fP0tq6nHHFL7NF53bZu2fDvlenfnbvfGHUT3LhdfdnyL4fz4xZc3La93+RT+28VXbd/mNJkk9ut2km/vzRHLTHtpm3YFH+6/t35dB9euSqnz+aJ559Jd0222il9z/qgE/kousfyLhb/5DeO22eX/zuyUybPmulx75Xh/TZLq1bVWXYd3+W8796UBYseisjLv1FOm20/ge67jvtsMMO6dOnTy688MJ8+9vfXuVxy76sYPHixRk1alROOumkrL/++x/HEUcckbPOOitXXHFFevfunYceeihTp07NmDFj3vc1AQAAoETNNgMrSTbZZJOMHz8+Bx98cNq3b5/a2tp07NgxgwcPzoQJE9KhQ4fstNNOOfPMM9OlS5e8+uqr6dSpU4477rgkDTOV6urqkjT8Mt+7d++0bt2wjK2ysjInnnhiTj/99HTt2rVxmWC/fv0yevToxrAzYsSIHHzwwVl33XVTV1fXZBnYstlRp556ak444YR07tw5r732WjbeeOMcc8wxOfPMM9foed/Ls1RUVGTHHXdMdXV1Y/BalQlnHZ5rR30ms16tySkX3ZGh37ohV9/5aD5/UM88fNVX063LykPRqixZWpveO22RA3bbJoecenX2OO6KVLZokdvGfjHrVFUmSY7q/4mMP+PQXHXno9lu6Hdz1MgfZ99dt86tF7z9rYs/+tbhqahIPv65S3L0t3+a4UfulbOP3y9bdGqXT315XGa+/PpK73/2cfvl6P/YJaf/4K7s9Z//k2lPzsrYUwb8Y2x1a/Qsy2yy4Xr5yZjP5sm/v5Jdvvj9nDT29pz/1YPSdr3Wad1y7fXbU045Jc8991zOPffc1X4D4Ny5czN8+PBstdVWGThw4Ae6Z9++fTNixIj85je/yfDhw3PPPfdkxIgRK93zDQAAAD7MKupXtxP6v4E5c+bkqaeeyu67756kYV+iUaNGpUWLFrn99tvTvn37Zh4hH9ScmjeybquWad2qIVi9tXhpOhw4Oud/9eB8dcgea+0+b7zxRkaPHp2nn346n/nMZ7LXXnulY8eOjTPtfvWrX+W2227LIYcckhNOOGG1374JAAAfZgsXfrC9bIF/rmX7hv+r1dTUvO9zm3UJYQnGjh2bKVOmpFOnTmnTpk1mzGjYc+nQQw8tNl5V7rlmM7/+XdU+eF5qFr6VbodflP123Tojj9svFRXJd69/IC1aVOTwfj3W6v3WXXfdnHfeebnvvvty22235fLLL09tbW3q6urSpk2b7L777rngggvSo8favS8AAAB81P3bz8CaMWNGJkyYkEcffTRvvvlmunTpkkMOOSRDhgxJZWVlcw+PteAPf30+37z8l3n0iRdSVdkiPbfZNP/91QOz2w6b/VPvW1tbm7lz56aysjLt2rVbo/3IAADgw8wMLCjbh3EG1r99wAIAAGDtErCgbB/GgGUTHgAAAACKJmABAAAAUDQBCwAAAICiCVgAAAAAFE3AAgAAAKBoAhYAAAAARROwAAAAACiagAUAAABA0QQsAAAAAIomYAEAAABQNAELAAAAgKJVNfcAgBUNHDgwAwYMyKuvvpoHHnggFRUV6d+/f4YNG5YJEybkZz/7WWpra9OrV6+MGDEibdu2be4hAwAAwD9NRX19fX1zDwJoauDAgVmwYEGOPvro9OjRIw8//HBuuOGGbLbZZtlyyy0zePDgvPjii7n88svTv3//nHbaac09ZAAAaLRw4cLmHgKwGtXV1c1y35qamvd9rhlYUKgDDzwwxxxzTJKkV69eefDBBzN//vyMHj06VVUNf3WnT5+eRx99tDmHCQAAAP90AhYUavllgR07dsyGG27YGK+SZKONNsq8efP+1UMDAACAfymbuMOHnFXAAAAAfNQJWAAAAAAUTcACAAAAoGgCFgAAAABFE7AAAAAAKFpFvR2gAQAAWIsWLlzY3EMAVqO6urpZ7ltTU/O+zzUDCwAAAICiCVgAAAAAFE3AAgAAAKBoAhYAAAAARROwAAAAACiagAUAAABA0QQsAAAAAIomYAEAAABQNAELAAAAgKIJWAAAAAAUTcACAAAAoGgCFgAAAABFE7AAAAAAKJqABQAAAEDRBCwAAAAAiiZgAQAAAFA0AQsAAACAoglYAAAAABRNwAIAAACgaAIWAAAAAEUTsAAAAAAoWlVzDwAAAICPlurq6uYeAvARYwYWAAAAAEUTsAAAAAAomoAFAAAAQNEELAAAAACKJmABAAAAUDQBCwAAAICiCVgAAAAAFE3AAgAAAKBoAhYAAAAARROwAAAAACiagAUAAABA0QQsAAAAAIomYAEAAABQNAELAAAAgKIJWAAAAAAUTcACAAAAoGgCFgAAAABFE7AAAAAAKJqABQAAAEDRBCwAAAAAiiZgAQAAAFA0AQsAAACAoglYAAAAABRNwAIAAACgaAIWAAAAAEUTsAAAAAAomoAFAAAAQNEELAAAAACKJmABAAAAUDQBCwAAAICiCVgAAAAAFE3AAgAAAKBoAhYAAAAARROwAAAAACiagAUAAABA0QQsAAAAAIomYAEAAABQNAELAAAAgKIJWAAAAAAUTcACAAAAoGgCFgAAAABFE7AAAAAAKJqABQAAAEDRBCwAAAAAiiZgAQAAAFA0AQsAAACAoglYAAAAABRNwAIAAACgaAIWAAAAAEUTsAAAAAAomoAFAAAAQNEELAAAAACKJmABAAAAUDQBCwAAAICiCVgAAAAAFE3AAgAAAKBoAhYAAAAARROwAAAAACiagAUAAABA0QQsAAAAAIomYAEAAABQNAELAAAAgKIJWAAAAAAUTcACAAAAoGgCFgAAAABFE7AAAAAAKJqABQAAAEDRBCwAAAAAiiZgAQAAAFA0AQsAAACAoglYAAAAABRNwAIAAACgaAIWAAAAAEUTsAAAAAAomoAFAAAAQNEELAAAAACKJmABAAAAUDQBCwAAAICiCVgAAAAAFE3AAgAAAKBoAhYAAAAARROwAAAAACiagAUAAABA0QQsAAAAAIomYAEAAABQNAELAAAAgKIJWAAAAAAUTcACAAAAoGgCFgAAAABFE7AAAAAAKJqABQAAAEDRBCwAAAAAiiZgAQAAAFA0AQsAAACAoglYAAAAABRNwAIAAACgaAIWAAAAAEUTsAAAAAAomoAFAAAAQNEELAAAAACKJmABAAAAUDQBCwAAAICiCVgAAAAAFE3AAgAAAKBoAhYAAAAARROwAAAAACiagAUAAABA0QQsAAAAAIomYAEAAABQNAELAAAAgKIJWAAAAAAUTcACAAAAoGgCFgAAAABFE7AAAAAAKJqABQAAAEDRBCwAAAAAiiZgAQAAAFA0AQsAAACAoglYAAAAABRNwAIAAACgaAIWAAAAAEUTsAAAAAAomoAFAAAAQNEELAAAAACKJmABAAAAUDQBCwAAAICiCVgAAAAAFE3AAgAAAKBoAhYAAAAARROwAAAAACiagAUAAABA0QQsAAAAAIomYAEAAABQNAELAAAAgKIJWAAAAAAUraq5BwAAAADAv5+jjz56lZ9NnDixyWszsAAAAAD4l1s+Uq3ufQELAAAAgGaxfKxaVdQSsAAAAABoNsui1ariVZJUPPPcrPp/1YAAAAAA+Pe0Udvq931uRX19vYAFAAAAwD9VTU3N+z7XEkIAAAAAiiZgAQAAAFA0AQsAAAC8iHLPAAAAEElEQVSAoglYAAAAABTt/wMY3n+LPELSvwAAAABJRU5ErkJggg==' height='250' width='300'/> ]]>
  </system-out>
  <testcase classname="com.tribu.qaselenium.tests.mazaprendo.MACreateCourseTests" name="createCourse" time="63.335"/>
  <system-out>
    <![CDATA[ <img src='data:image/png;base64,iVBORw0KGgoAAAANSUhEUgAABLAAAARMCAYAAACJcWqtAAAAAXNSR0IArs4c6QAAIABJREFUeJzs3XlcFPX/B/DXwnLJrSKHV4An4ImIF5mKmpqaiUd5lOZRppJmHpWWV56VF5YSZmJqal5IZYDmAYoKonKoJZYiiCjLvSCw+/uD386XhWVZYIE1X8/HYx+wM7Of+czOzvWe9+czomHDhslBL5wLFy7UdxWIiIiIiIiI6AVy//79an9WT4v1ICIiIiIiIiIi0joGsIiIiIiIiIiISKcxgEVERERERERERDqNASwiIiIiIiIiItJpDGAREREREREREZFOYwCLiIiIiIiIiIjq1YkTJ9SOZwCLiIiIiIiIiIjqjSJ4pS6IJZbL5XVVHyIiIiIiIiIiIkHZoNWJEycwYsSIctMxgEVERERERERERHWuoowrVUEsjQJYEyZMwMSJE7VSub179+Knn37SSllU/1auXAm5XI5ly5bVd1X+8xwdHTF27Fj06NEDAHDp0iUcPHgQ9+7dq+eaEREREREREVWdqkyrimgUwNJW8EpR1t69e7VWHtUfR0dHuLm5Cf8zkFJ73NzcsHLlSqVhPXr0QI8ePbB06VLExsbWU82IiIiIiIiIap+eXC5HZa+cnBytzTAnJ6fS+fFV+y9teO2111T+T9o3e/bsao0jIiIiIiIi+i/QKANr48aNGDVqlFZmePToUa0FUKj+mJqaon///sL7/v37Y9euXcjNza3HWv03OTo6wtbWtsLxtra2zIAjIiIiIiKi/zSNAljh4eEIDw+vg+rQ86Jfv34qh508ebIeavPfZmpqqpVpiIiIiIiIiJ5XGjUhrK/X999/j5CQEKxZs6bSaSdNmoSQkBB069atyvPp27cvQkJCMGrUKI2mDwgIEDLJKnu1adMGQ4cOrffvUttNCFU1GdRWM8LIyEhkZGTgyJEj5cY1atQIixcvhoGBQaXljBw5EhkZGZgzZ45W6lVfXnrppUqnsbGxqVbZffv2xfXr15GRkYFhw4YpjRs/fjxiYmKQmpqK06dPC/2dAUCXLl1w+vRpPHr0CDExMXjjjTeEcQ0bNsS+ffuQlJSExMREfPHFF8I4kUiEFStW4O+//0ZKSgoCAwNhZWVVq/OsbDmJiIiIiIiobl27dk3jl4K4HuurVuvWrdGyZUtERkaiW7duaNiwIdLT02tlXrGxsfj88881boK1detWGBoaajTthAkT0LhxYwQHB9ekigKRSFRnTTCbNGlSYf9Kqpq02draYsWKFSqn37ZtGx4/flzpPDt37oy2bdvijz/+wIABA2Bra4vU1FRh/Lhx47B48WJs3boVhYWFasuKjIzEhAkTEB8fX+l8ddk///xT6TRpaWlVLnfWrFlYsWIFEhMTy41zc3PDt99+i8jISOzcuRMfffQR9u7dC3d3d4jFYuzfvx8ymQzLly/HuHHj4O/vjxs3buDvv//G5s2bMWjQIKxbtw7t2rXDhx9+iLt37yIwMBAzZszA3Llz8dNPP+Hhw4f4+OOPkZeXh5kzZ9baPNUtJxERERERET0fNGpCaGdnh4EDB2plhiEhIXj06FGl0w0cOBC5ubnYsmULAgMD0a9fPxw+fFgY36JFC3z88cdwdnZGfHw8/v33XwCAXC6HjY0N9u/fj+DgYOjr66Nfv35ISUnB8uXLMWHCBHh5eeHevXv4/PPP8eTJE7i5ueGzzz6Dn58fjhw5gr1796KwsBD79+/HtGnTYGBggOPHj2P37t0AgDlz5qBhw4YYOXIk9PX1MX36dPTr1w8WFhZISUnB/v37ERISgh9++AEtWrQAAISGhsLHx0cIvJw5cwbjx4/H5MmTkZeXhzlz5sDT0xMGBga4efMmvv76azx58gQDBw7E4sWL4e/vj8GDBwvj6oKpqSk6dOhQpc9UNL2mTdzGjRuHrKwsLFiwADExMfDx8YGfnx8A4JtvvsGUKVMAAA8fPsTUqVPxxx9/YMOGDRg8eDAMDAxw8eJF+Pr6IiUlBZ6envjxxx+xdOlSbN26Febm5li6dCmGDBkCKysr3L59G6tXr8aZM2cAAN27d8fKlSvh5uaGwsJC/Pnnn5g/f36tBU41pUm/YtXpe6ygoAD9+/dH//79y2UsjR49GiKRCEuWLMG1a9fQsGFDLFiwAN27d4eJiQns7OywbNkyfPvtt0hISMCxY8cwatQobNu2DUOGDMHp06exYcMGGBsbY8SIEfDx8UFgYCB8fHyQlZWFOXPmQCaT4eWXX8aIESMwe/bsWpunuuUkIiIiIiKi54NGAayvvvoKdnZ2Wpnh4MGDMWHCBLXTKIJO4eHhSElJwY0bNzBw4EAcOnRImGbJkiVwdnbG1q1bkZubKzQTk8vlePbsGYCSZkPff/89cnNzMXr0aHzzzTfYs2cPnjx5gvHjx2PcuHHYtm2bUkaTXC5HYWEhbG1t0bVrV6xfvx6zZs3CpEmTcO7cOdy9e1dp2kGDBmHMmDHYvn07YmNjMXbsWLz33nuIiorCypUrsX37diQnJ2PDhg3IzMxEYWEhGjduDBcXF/j5+SEnJwczZ87EoEGDsHnzZmRnZ+Ozzz7De++9h5UrVwpZRqNHj8Yvv/yC+Pj4OsvAunfvHrZs2YK5c+fWqJwtW7ZolN2mr68PHx8fBAcH4/79+wgPD8e4ceOEANamTZvg5uYGDw8PDB8+HLGxsVixYgXefPNNLFiwABKJBAEBAVi9ejWmTp1arvxt27Zh5MiRWLFiBeLi4vD555/j0KFD8PLyQkJCAn744Qekp6fjjTfeQKNGjbB9+3bMmzcPS5curdHy19S9e/eQmppaYUfuqamp1erAPSAgAACUOuNXcHZ2BgAhMKwov02bNjAyMqpwnKOjI8RisTAuPz8fjx49Qps2bQAArVq1wsOHDyGTyYTP9ujRA82bN6+1eapbTiIiIiIiIno+aNQHlraCVwBgb29f6fzc3d1hbW2Na9euoXHjxoiKikKrVq3QsmVLyOVyNGzYEG3atEFsbCyOHz+O0NBQnDt3rty8kpKScPz4cezfvx8A8PTpUxw9elR437x5c6U+oUr/b2hoiC1btuDy5cv49ddfAZT0RVQ22KVoSuji4gJra2t88803GDVqFJ48eYK///4bcrkc+fn5iIuLQ1FREQCgQYMGWLt2LYKCgpCXl4ddu3Zh9OjROHbsGMLCwpCbmwsnJyel+ly4cAH79u1DTExMnfaBdebMGSxduhQ5OTlVWs8AkJOTg6VLlwoZTpXp378/bGxscOHCBTg4OODPP/9Ex44d0a5dOwAlwYusrCwAQHR0NCQSCVauXIk2bdrg+++/xy+//IKsrCylfpMUFBlzkZGR+Prrr3Hq1CmsWbMGYrEY48aNA1CyXuzt7dGpUyfcv38fjo6O9R68Urh8+XK1xlWXmZkZAAjB4IKCAgAl35Eim04xTN04RRkNGjQAUJKJV3qc4n9TU9NamycRERERERE9/zQKYMXExGhthpoEYAYNGgQAWLRoEQ4ePIh3330XQEmzQrlcLnT6nJ6eLnxG0QdQ6QDNkydPIJfLheZVT58+hVwuF4IxBgYG5YI5ive5ubnIzs5Wmt7Q0LBcACsoKAjHjh2Dp6cnVq9ejSNHjmDJkiUQi8XlplW8z8vLE+oil8vRqVMnbNy4Eb///jtOnToFU1PTcp9PSkqqt07cY2NjsWzZsioFsXJycrBs2TLExsZq/Jnx48cDAPz8/BAfHy8EjxTDVfHy8sKxY8eQkpKC1NRUWFhYqOzgvXnz5gCABw8eCMMePnwIAGjatCmAkv7K0tLSsH79ely4cAHXr19X+bTF+qDu6Y618eRHxbpWZD4ZGxsDKNkuFNuTYpi6cYoyFMNzc3OVxin+z8nJqbV5EhERERER0fNPo07cP/zwQ3Tu3FkrM6wsGGZiYoJevXohOjoaBw8eFIZPnz4dAwYMwM6dO5GRkQGgJKtGoUmTJgCUA0Vl/ypU9L6i6csqPb6wsBCbNm3Cli1b4OzsjNdffx3Dhg3DxYsXVWYeyeVyofkUUBJE+/TTT5Geng4fHx/k5eUpdfiumFdxcbHaOtW2e/fuYdmyZVixYoWQKVMRRfCqKs3azMzMMHToUJw9exbbt28Xhi9duhQ+Pj4q+y4yMjKCv78/UlNT0b59e+Tk5CgFqEpTDFcEqwAI/ZMpxkVERKBnz56wsbFB7969sX79eqxfvx4eHh4aL0dtefz4MWJjY8tll8XGxmrUOX5V3blzBwDg5OSEp0+fCs37EhIShIwnR0dHYRrFuHv37qGwsFAYZmpqCjs7OyFD8vbt2+jQoQPEYjGKiorg7OyM3Nxc3L9/v9bmSURERERERM8/jfrAAqD06MLa1LdvXxgbG+OPP/7AxYsXheFt27bFlClT0LlzZ1y7dg13795Fhw4dMGLECOTl5aFPnz4AUC7DqDrvy/6vqomh4v17772H4cOHY/Xq1UhNTcWTJ08AAFKpFHK5HAUFBXBwcEDv3r0RFRVVrmx9fX0YGBjAwMAAzZo1Q//+/VFYWAhLS0uhiaOqutUHTQNSZmZmVe6TaeTIkTAxMcGhQ4dw6tQpYXjnzp2xZMkSeHl54fz585BKpQBKsqXOnj0LQ0NDGBoaolWrVhg9ejQKCgqEJqalpaen4/jx40KH4Xfu3MGSJUuQn5+PvXv3ws7ODhERETh9+rTwxMS8vLz/dBaPh4cHHBwc4OLiIrwXi8WIjo7G4cOHMW/ePKxevRonT57ElClT8Ndff+Hq1asQi8V48OABZs6cicLCQowbNw7Pnj3DkSNHIJVKERQUhJEjR2Lx4sVwcXGBWCzGvn37AAA///wzevTogW3btuHRo0fw8PDA7t27UVxcXGvzVLecFQU8iYiIiIiISLdo1ISwLl+K5oOXLl1SGh4REQEA8Pb2hlwux6pVq3D37l3MmjUL3t7eOHbsGACUaz5WNiOrsoCVqvfqAlj79u1DZGQkFi1ahB07dmDAgAH49ttvERERAblcjl9++QUGBgaYM2cOLC0ty5Wdl5eH7du3QywWY+3atcjKysKWLVsgFovh6+ursi513YRQwdHRsdLsq9LTVoWiH6qQkBCl4X/88QcAYOzYsQCAPXv2ID09HYsWLYKLiwuWLVsGIyMjHDp0COnp6ViyZAkMDQ2xfv36cvOYPXs2AgICMGvWLAQEBCA9PR2vv/46EhMT8ejRIyxevBiurq74/fffsW/fPvz999+YNm1alZajtpiamuKll14qN/yll17S+AmPZX344Yf48ccfhe9W8d7Lywu3bt3CjBkzYGtri88++wy3bt3CW2+9Bbm85CEHEyZMQEpKCpYtW4YGDRrg7bffFjpRnz9/Pn799Vf4+vqiV69eWL16tfAE0R9++AGbNm3C4MGDMX36dBw6dAiffvopANTaPNUtJxERERERET0fRH369KnftB6qFzdv3qzyZ1577TWhP7LKBAQE1ErfTFXx+uuvY/fu3Vi6dCm2bt1ar3WpiX79+mHcuHFqn0L4888/a9xZPhEREREREVF9uH//PoCqtfLr0qULAA2bEE6dOhVTp06tXu3K2LVrF3bt2qWVsqhuqXq6X2RkJADA09Oz3LT1GcBydHTE0KFDAQASiaTe6lFdTZo0wdixY+Hp6Vlp1putrS3mzp2LqVOnIjIyEgcPHqyVfrGIiIiIiIiI6ovGASxtmTp1KgICArRWHtUdV1dX4f+cnBzs2rVLyPrp168fpk6dKgRbSk9bHwYNGoRRo0YhMjISJ06cqNe6VFXZ71JTZmZmGDBgADw9PZXWDREREREREdHzTk+TibKzs7U2Q22WRXWnSZMmQkAlNjYWH330kVKA5MyZM/joo48QGxsLoCSYongyZH3YsWMHbGxsMHjwYGRlZdVbPaqqSZMmmDt3bpWDV6WZmZlh7ty59fr9ExEREREREWmTRhlYq1atwvjx47UywwMHDtT70/So6nJzcxEZGYnY2NgKmwY+fvwYS5cuxWuvvQY3N7f/9BP8apMiCEhEREREREREJUQ9evRgNOkFlJCQUN9VICIiIiIiIqIXSK134k5ERERERERERFRfGMAiIiIiIiIiIiKdxgAWERERERERERHpNAawiIiIiIiIiIhIpzGARUREREREREREOo0BLCIiIiIiIiIi0mlimUwmvBGJRPVYFSIiIiIiIiIi+i/QdsKUuDYLJ93FdU1EREREREREzws2IXxBcb0TERERERERUV2paas/cUxMjJaqQvUhMTERTk5O9V0NqiGux/8OrkvdwPVAFeFvQ/dxHek+rqO6we+ZiKrj8uXLcHNzq+9qVKioqKjan9XTYj2IiIiIiIiIiIi0jgEsIiIiIiIiIiLSaQxgERERERERERGRTmMAi4iIiIiIiIiIdBoDWEREREREREREpNMYwCIiIiIiIiIiIp3GABYREREREREREek0BrCIiIiIiIiIiEinMYBFREREREREREQ6TVzfFSCimgkKCkJ0dDTmzp0La2vr+q4OVYNEIsH69evLDbe2tsbChQvroUYvrj179iAhIQHGxsZwdXVFr1694ODgUN/VonomlUoRHByMxMRE4bcxYMCA+q4WqREVFYXDhw8rDfPx8YG7u3s91YiIiIhqqsoBLIlEUu6EwNHREd7e3khMTISTk5PWKkd1Jzk5GREREQDAC7bnSFRUlLDeAgMDMXfu3HquEVWHRCKp0nCqPWPGjMHOnTvx6NEjREVFISoqihe9hJMnTyI6Olp4n5KSArlcDm9v73qsFamjav/JfapukEqlSEhIQHJyMlJSUgAA9vb2cHBwQPv27WFiYlLPNSQiIl1VrQBWYmKi0jC5XA4A8Pf354n+c0gikcDf3x/5+fkAgLi4OGbzPAfK3l1OSUnB4cOH4ePjU4+1oupwcnKCnZ0dHj16pDS8V69e9VSjF5eJiQlmzJghBLEA4PDhw7C2tuYNmheURCJRCl4pREdHM4BFVEWhoaEIDw8XzjkVFNcWxsbG6NOnDzMciYjqSFJSEkQiEQCgQYMGOh8D0HofWIcPH0ZUVJS2i6VaFBUVpXQikZ+fj7i4uHqsEVVGVdMIAEhPT+f295zy9fWFo6Oj8H7AgAEYPnx4PdboxSCVSssNMzExKffdnzx5sq6qRDqGGZJENSeVSuHv74+wsDClc04rKytYWVkJ7/Pz8xEaGgp/f3+V+2ciItKuhw8fIikpCUlJSeVupuuiWukDS3FhzUys54OqKCvTt3VXRcErHx8fuLi4YOfOnUIqPj1fjI2NVf5PtWfnzp0YM2ZMue0lOTlZ6X1KSgokEonO35WiutO1a9f6rgLVwIULF1BQUCC8NzY2Ru/eveuxRv9tgYGBuHfvnvDe0dERY8aMEfapEokEhw4dEqZJTEzE3r17MX369HqpLxER6aZa68S9JkGs4uJinDhxAufOncPjx49hYmKCNm3aYMyYMUoZCtWRmZmJW7duwdPTs0bl/Pnnnzh9+jRWrFhRblxMTAx27dqFLVu21GgedcXd3R2JiYlCE4muXbvWOPj4zjvvlEsPBwA7Ozts2rRJ7Wf/+usviMXiGq/rsiIiItCxY0eYmZlptdy6pC54pVhnM2bMwJYtWzBjxgytXGzn5uZi3rx5aNasGZYtW1bj8lRJS0vD7NmzsW/fPujr62u9fHXba3354osvlC6eygoODkZwcLDSsPbt22Py5Mk1mu++ffvwxx9/YNGiRWjfvn2NylKl9He9fft2NGzYEOPHj9f6fLTl0aNH8Pf3x/Tp05WCWGWbygPQWgArMjISQUFB+Pfff6Gnp4fmzZtj2LBh6NmzZ43LPnLkCI4fP45BgwYhMzNTZ75/Vdu4XC7Hjh07YGBggMmTJ8PAwKCea6maqmCy4uIbgHD8lEqlcHV1rVZg69ChQ/jrr7/wySefKA2/dOkSdu/eje+++656la+i2t4X65Ky+1cAagNY+fn5ePvtt/H111+jadOmasuWSCRYvnw5cnNzsW7dOjRs2LDG9X2ehYaGKgWvrKysMGnSJKWbpdbW1pg0aRK2bNmCjIwMACXbVmhoaJWb6tb2ecvzdp5PRKQtRUVFyM7OrtcburX6FMLqBrE2b96Mf/75B9OnT0ebNm1QUFCAU6dOYdmyZVizZg2aNWtW7TrduHEDMTExNQ5g9erVC926datRGbrE3d1dCGBpK3Nu8eLF6Ny5c5U/d/r0abRq1apcAEvR15qijW5VHThwAE5OTlUKYMlkMujpab2lbbVoErwCSrLnJk2ahEOHDsHb27vG/fb8+eef6Nu3L6KiopCSkgJ7e/salVeWTCZDo0aNsGPHjlq7YNLF7VVd8KoiqoLCVVFUVIQLFy5g4sSJCAkJqZUAVmnvvPNOlbefut7mjIyMkJ+fD39/f4wZMwYSiQTx8fEqA1jayIo7deoU9u3bh7fffhseHh4wNDTElStXsGPHDuTn56Nfv341Kj88PBzTpk2Dl5cX8vLytPpd1mQfrGobv3//Pvr27Vvrv8OacnBwgJWVlXBRDQCvvfYagJI+I/fu3SsMj4+Px8OHD5/L5r91sS9+Udy+fRsymQw7d+6s0vaiS+cc2iKVShEeHq40rHfv3kLw6tChQxCJRPDx8YGJiQnc3d0RFhYmTBseHq40vSZq+7yFiOhFVFRUhISEBFhbW/93AljDhg0rd4FV1fbrCQkJuHLlCjZu3Cjc4TIyMsKYMWNgZ2cn3KFNS0vDrl27kJycDJFIBDc3N0yaNAlGRkaYM2cOhg0bhqioKGRnZ8PAwADz589HcnIydu/ejeLiYixbtgwrVqyARCJBQEAAkpKSoKenBw8PD4wdOxb6+vr47rvvYGZmhrS0NKSnpyM7OxszZsyAi4sLIiIihCyDrKws+Pn54cGDB7Cysip3oXzq1CmcOnUKMpkMxsbGmDhxItzc3GrwTT//MjMzsX37dqSkpEAmk6FZs2Z4//338eeff+L8+fOIiorCw4cP8eqrr+Kjjz7C2LFjcfToUWzcuBGLFy+Gr68vXF1dAQC7d++GTCbD1KlTUVhYiMDAQFy9ehXFxcXo3bs3Jk2ahG+++QapqalYvXo13nzzTVy+fBlNmzYV7qBfuXIFBw4cwFdffYUzZ87g0qVLMDAwQFpaGtatW4eYmBj89NNPyMvLg76+PkaNGlXjC82qCgoKKjesoocmODg4wNraWsgsqUkQKywsDPPmzYO5uTnCwsIwceJEAEBqairmz5+PiRMn4sqVK5BIJOjQoYMQtEhNTcWOHTuQmpoKmUyG7t2745133oFIJIKfnx8sLCxw/fp1uLi4YPjw4Up3/c+cOYOTJ0+iuLgYFhYWmDJlChwdHfH06VP4+vpi2rRpOH/+PCQSCRwdHTF79myIRCI8ffoU/v7+uHfvHgwNDeHj44O+ffsqba8AcOLECYSEhAjlv/vuu2jdunW1v6PnxeXLl9G6dWv07dsXhw4dQk5OjhDQ/e6772BiYoInT54gJSUFhoaGmDJlCo4ePYrHjx/DysoKH3/8MYyMjLBt2zaYmpoiLS0NGRkZKCoqwsyZM+Hs7Kw0v927dwsZQIWFhfD390dcXBxkMhlatmyJ999/H5aWliq3ubri6uqK6Oho5OfnIzAwsFbnVVBQgP3792Py5Mno37+/MLxPnz6wsrKCWFxySH727Bn27t2LGzduQC6Xw9bWFtOmTUOTJk1w7tw5nD9/Hi1atMDdu3eRnp6OIUOGYMiQIdi4cSNSUlKwb98+PHjwABkZGcL3r9jnPnjwAI0aNUKfPn0QFBSEbdu2ISQkBOHh4fjiiy8AlGQvTJ06Fd9//z2kUmm5fXBhYWGF23ZF++CnT58qbeMVHRcr28brS+/evYWMHSMjIyFbLzQ0tNy0ERER8Pb21npT/IqOm5aWlpgxY4ba46Km296CBQuU1lN8fDwCAwOFYOjAgQMxdOhQACU3m06cOCEEXYYPH/5Cdbxd0TlicXExdu/ejZycHMybNw/Lli1DcXFxheesZY+HrVq1wrlz59C0aVPcvXsXGRkZmDlzJsLDw5GUlIS8vDzMmzcPzZs3R2FhIfbv3y/cgGzZsiWmTZsGc3Nztb+XuhQfH1/u2uDRo0cICwtTekBC165d4eTkBCcnJ6UAVn5+PuLj46t0c1XVeUtubi5mzpyJVatW4aWXXgJQ0u/LwoULsXPnTsybN6/Cbaiy8/wX9ZyCiF4ciuBVXl4eANU3M83NzWFhYVHrddHKbZ6MjAzcu3cPTZs2hbOzs9KrsjTrsm7evFnh57y8vGBrawsA2Lp1K5o3b47Nmzdjw4YNePjwIY4ePQoA0NfXx40bN7B48WKsXbsWJiYmCAkJgaurKwYOHAh3d3fhQnbr1q1o3LgxvvnmG6xZswZxcXHCgVNfXx8RERF49913sXLlSvTr1w8///xzuXodPHgQYrEYfn5++OKLL3D9+nWl5Tl8+DA+/fRTbNq0CW+++SY2btyI7OzsKn0v2iSRSHDv3j2ll+IxxkBJXy9lx5ftD6amfv31V5ibm2PLli3YunUr2rZti5iYGIwcORJOTk4YN26c0KTk2bNnKCgoQEBAQKVp+MeOHUNycjI2b96MTZs24ebNm/jjjz/g6+sLAPj0008rfbKboaEhEhIS0L9/f6xbtw6FhYXCuvPz88P777+PnTt3IisrS2vfhyYmT56s1NGpuid+RkVFCSeFNekENT4+HqampmjevDn69u2LCxcuoKioCACgp6eHoqIiPHv2TMiOjI6ORmRkJADg+++/h5OTE/z8/LB+/XpERETgypUrAAADAwNcvHgRixcvxtSpU5XmmZCQgMDAQCxcuBCbNm3CsGHDsH79ehQVFUFfXx+FhYXIzMzE0qVLsXr1aly/fl146MC2bdvg5OSE7777DosXL8b333+PBw8eKJV/584dHDlyRGji1q1bN+zcubPa31F9CQoKwpIlS1Rm5VUkJCQEAwYMgIGBAXr06IGzZ8/j1FHvAAAgAElEQVQK4/T19XHt2jXMmjULGzZsgFwuh7+/P3x9fbFhwwZkZGTg6tWrAErWfWRkJGbNmoUvv/wS/fv3h5+fn9p5nzx5EikpKdi8eTO2bduG4uJiYZ9ddpurS1Xp88bf379G+8K///4bUqkUXl5e5ca5ubmhXbt2AICjR48iKSkJGzZswObNm+Ho6Iht27YBKFlPcXFx8PDwwBdffIE5c+YgMDAQhYWFWLBgAZo0aYJp06bhrbfeUir/0KFD0NfXh5+fHxYvXowzZ85olOmhah+sbtuuaB9cmrrjYmXbeH1RXNQCUGpqWlFnp6WPqdpS0XGzMtXd9nJycrB+/XqMHz8emzdvxmeffYYjR47g5s2bKCgowM6dO7FkyRJs2bIFS5cuxdWrV1FYWKj15dZVFZ0jdujQAZMmTUKzZs2wadMmNGzYUO05a9njob6+PhISEjBgwACsWrUKnp6e2LBhA0aOHIlVq1bBzc0Nv/32GwDg+PHjuHPnDtauXYtNmzbBysoKAQEBAKr/e9E2VfvMqKgohIaGCg+dUQSvKpq+Kvvdis5bTE1N0b17d5w5c0aYNiIiAt26dYOpqanaMtWd5/9XzimIiCpSNniVl5cndPpe+vXw4cM6qY9WMrAkEonanXVVMkByc3MrTUnLysrC7du3MW/ePAAlB/9XXnkFwcHBQl8fvXr1ElLgHR0dkZaWVq6c7OxsxMXFCXd2jYyMMGDAAJw9exaDBg0CAHTu3FmIJL700ks4depUuXJu3ryJ8ePHQyQSwdDQEK+88opwYnL58mV4eHigUaNGAIBOnTrBzMwMt27dgoeHh0bfibZIpVLs3btXZdOY0ip62pa9vT2mT5+u8V3l9evXl4vOjh8/HsOHD0ejRo0QGRmJ6OhouLq6YtSoUSrLUHzey8tLo7vvly5dwhtvvAEDAwMYGBhg+fLlQlZDVZiamgr9mBgYGGD79u3Ccrdv3x76+vp4/PhxnUSZFZycnDB37lycPHkSGRkZcHFxUTld6aaGVlZWShdeVRUaGipkilhaWqJVq1a4fPmyUhBQcTFubGyMTp06IS4uDj179sTHH38srDNzc3M4OTkJF3UikQguLi5o3LhxuXlevHgRnp6eQrDa09MTP/74I27fvi0Etl9++WUAJc0l7ezskJaWhuzsbMTHx8PX1xcikQhNmzbF9u3b0aBBA9y9e1cov3Xr1sJwoGQbP3bsWLW/o7qUkpKC+Ph4REVFIT4+HkDJ+raysqq0j5CUlBSkpaWhQ4cOAEqecqgIECp07NhR+J03bdoUlpaWMDIyAlBy0f706VNh2i5dugjZWz169MAPP/yAzMzMCuc/YsQIDBkyRNge3dzchGUAlLe5uuTg4AAfHx+NAoGKpoZl+8vSVE5ODkxNTWFoaKh2usjISGE/BgADBw7EsWPHkJubCwCwsbERgl2Ojo4oLi6GRCJBkyZNKizz5s2beOuttyASiWBqaorevXsjJCSk0jqr2ger27Yr2geX/m2oOy4qshZUbeP1SReeOKjpcbOs6m57N2/ehKWlJTp16iTM393dHVFRUXBzc4OlpSVCQ0PRr18/ODg4YNGiRVpYyueLJueIlZ2zqjoe2tnZoUWLFgBK9sUODg5CM7imTZvi2rVrAEq2t5EjRwrNm4cOHQpfX18UFxdX+/eibZUFc7t27Spkw0ulUkRERFS5jNLUnbe88sor2LRpEyZOnAgDAwNEREQIWeXqqDvPf57PKYiIKlM2eKULarUPrOqwsLDAnTt31E6jOBEuHTywsLBQ6p+idJBFJBJBJpOVK0cx/dKlS4VhivRfVeXo6empLCc7O1upXyVzc3Olupa90Clb17oSHh5eafBKnZSUFISGhmrct8fChQsr7ANr0KBBEIlECAoKwqZNm9CxY0dMmTJFuKApS9NAUUZGhtL3rzihKC4u1ujzCmVT7M+cOYOLFy8KfcAUFRUJ/9clExMTjBkzBnFxcdi5cyeGDx+uFBwu209WVTs+LS07OxuXL19GdHQ0fvzxRwAl/XPk5eUpBbDKft+KC824uDicPHkSUqkUIpEIKSkpSn3dVLROMzIycOPGDdy4cUMYVlBQgIyMDCGApWq7VGxTpetT+n+F/Px8HDhwAH///TeAkuZa9bEuq6OiZm6abNchISHIyMjAlClTlMpLSEgQ1kvpPp709PTKvS+9/1O1neXk5FQ4/0ePHuHgwYNIS0uDSCRSWp9A+W2uLrm7u8Pa2hpBQUGVPj64JkEsS0tL5ObmIj8/X21/WpmZmUrbh+K7Vhz7yh7fAKg8NpVW9jilLtilSun6qNu2K9oHl6bJcVGTY29dKZ2ZDUCpnkZGRir7s6tqf2kVnacoMk+Bqh83Faq77ZX9HQIlv8WnT59CJBLhiy++QFBQEFatWgU9PT2MGjXqhWpCCGj2O9XknLXs96zpvjgjIwOBgYE4cOCA0mczMjKq/XupS0ZGRkJ/coqbrDUJFld23tKhQwcYGxvj6tWrsLe3R05OjkZ9tao7z3+ezymIiDRRnX57a5POBbA6deqEgwcPIjExsVzW1rFjx+Do6CgMz8jIEA7EWVlZVe5MTNEcbe3atSovdDVlZmamdOFW+uBbtuPX6tZVGxQXuXZ2duWCUMnJyUL/HsOGDSt3caG4sNNms4iBAwdi4MCBkEqlCAgIwJ49e4Q7lGWVzr4q2+xFKpUKWSKWlpZKd/ozMzNRXFxc7gRdT09P6QRDXVQ5KioKR44cwZo1a9CkSRPI5XJMmjRJ8wWtBa6urnByckJgYCAcHBzw2muvqezkvSbNB8+cOYOePXvigw8+EIbJZDLMnDkTKSkpwt38zMxM4c5xdnY2LCwskJ2djQ0bNmD+/PlCXxGrV69WKr+ijLqGDRvi5ZdfLte0EIDawK9iHZfeL6SmppbrtP/QoUO4f/8+li1bBmNjY9y5cwfLly9X+13UFcX+TSqVIjExsdJgiqYKCwtx9uxZfPXVV0JmG1DSxCQ0NLRanWiX3s4UTaLVBZq3bt0KV1dXfPjhhxCJRDh69CgSEhKqPN/a4uTkBF9fX0gkEkgkEuGCcefOneUO3NUNYjk7O6NBgwYICwtTynwDgOjoaKHzbysrK6XvV9Fc2draWulJXlVhamqqtJ8rndGkap9almJ7rWzbrmgfXJouHRfVuXDhAiIiIspdUEskEkilUpiYmMDJyanc77h0H1maatSoEZKTkyGXy5X2jffv31cKNlZ03FR3XKzutlf2dwgoryd7e3vMmDEDAHDr1i18+eWXaNu2bY0etFNVZZ/mamxsjM8//7zO5q8JRdN/dees1e3fzdraGj4+PhU+mKgq51m1xd7evsL9loODg1Jn7hXdjNG0E/bKzlvs7e3Rt29fhIeHw8HBAX369BECxOq2IXXn+bp8TkFEVFNisRguLi6Ij4+vckJIbdG5R520atUKXl5eWL9+Pa5cuYLc3FxIJBLs378fQUFBsLOzg7m5Odq3by+kahcWFuL06dPo3r17peWLxWKhGYapqSnc3NyEzrHlcjmOHTuGc+fOVanOLi4uOH/+PORyOaRSqVK/Mp6enrh69arQ9CY6Ohp5eXn1+tQlxUl36Vfpk20HB4dy47XdGe13330n3NE2MTERAkOA8jpSpVGjRkK/RpmZmUp9EXTv3h0hISEoKChAQUEB1q1bh8jISOjp6UEkEgnlNm7cGElJSQBKsrNUpawrZGVlwdLSEjY2NpDL5Thy5AhEIlGNnwhXUyYmJpgxYwasrKywefNmlU2ggoODq9RHkoJcLkdoaGi5/sIUDzoonY1w+vRpACUXtjExMXBzc0NeXh6Ki4uFTr2joqLw77//avSd9ejRA5cuXRIusB8/foyvv/660ui/hYUF2rZti+DgYMjlcqSmpmLRokV48uSJ0nRZWVlwcHCAsbExpFIpfvvtNxQXF9d73y3Tp0/HjBkz4O3tjeHDh8PX11dlNoOdnV25YZVle1y8eBG2trZKwSsA6NmzJy5fvqw2c6oi169fF/Zr586dQ4sWLdTeCMjKyoKTk5OQsXPx4sV634ZUsba2FvaJDg4OmDFjhnARU5oiiFWVvlkMDAwwadIk7N+/H8HBwUIg5OzZs9i6dasQqPD09ERYWJjwmzx16hTc3NxqtB9u27YtIiIiIJfLkZeXh4sXLwrjGjVqhEePHgnzU3cMrGzbrmgfXJouHhfLCgoKEtaRKoomeH369Ck3TtWwynTv3h1FRUUIDAxEdnY2CgoKcOnSJfz+++9CsFPdcVPdcbG6216HDh2E/TpQEvSMjo6Gh4cH/v33XyxfvlzYdzRt2hRisbjOM09UBZd1TU3OWSvTo0cPnDp1Svgerl27hj179gBQ/3upS+qCuRkZGQgLC0NYWJjaGzaaBIQ1PW955ZVXEBMTg3PnzglNlQH125C683xdPacgItKWBg0awMXFRQj4GxoaomnTpuVeqq5RaoPOZWABwAcffIDg4GAcOHAAqampMDY2RseOHfHll18KF2CzZ8/G999/L/R307VrV4wYMaLSsrt06YLffvsNs2bNwrZt2zB79mwEBARgzpw5kMlkcHZ2rvLT5caNG4dt27Zh5syZsLKyQt++fYUONl1dXTFmzBisXr0aMpkMpqamWLRoUaUdRv4XrF27VuXw7du3Y9iwYQgICMAvv/wCPT09ODg4YPr06QBKTsgCAwORmJiId955p9znx48fj127duHSpUuwtrZGjx49hI7FR40ahZycHHz44YeQyWTw9PTE4MGDIRKJ0Lt3b6xcuRJjxozBoEGD8M033+Czzz6DqakpOnbsqPJpUor6hIeHY86cOWjQoAFGjx6Nl19+GX5+fli6dGmVH1SgbX369BEupqysrIR0fMWj3RWdpPr4+GhcZmxsLHJyctCxY8dy43r27InNmzcLwRVra2ssWLAAOTk56NmzJzw8PCASiTB06FAsWbJE6Dh14sSJ2LVrF5o3b6523u3atcObb76JNWvWoKioCGKxGCNHjoSRkVGlGWVz5syBv78/Zs6cCUNDQ0yaNAktW7ZUuvs7fPhwbNmyBR9++CEsLCwwdepUJCUl4ZNPPsGGDRs0/o60qXRmaWne3t5KwUI7Ozv4+voiOTlZKTOosqaioaGh6NmzZ7nh1tbWcHR0VDoZ11TXrl2xY8cOpKSkwMTEBLNmzVI7/ZtvvomffvoJv/zyC5o3b47p06dj3bp1+OGHH9CmTZsqz7+uKIJY2srE6t+/PywtLXHixAkcPHgQIpEITk5OmD9/vtA/2euvv46cnBx8/PHHkMvlaNasWaXfb2UUx6kPPvgA9vb26NOnj3Cc6tixI9q1a4clS5bA2tpaCMCoag5la2urdtuuaB9cuv80dcfF+mher4piv1mR6OhouLu7w8nJqVxGWUX9E6pjamqK5cuXIzAwEHPmzEFRUZGw3hWZbuqOm+qOi9Xd9kxNTbFw4ULs2bMHu3fvhp6eHt588020b98ecrkcrq6uWLx4MYCSG08+Pj6V7t9fVNU9Z63MiBEjkJeXh4ULF0Imk8HS0lJoJq7u91KXXFxcKmxqa2RkJATVVN0oUAzXZJvS5Lxl/PjxsLW1RatWrZCTkwNHR0dhGnXbkLrzfF08pyAi0jZFECs+Ph42NjZ1mm1dlkhexdsxiYmJ8Pf3r9JMqtKJO1WNqqaWqiQnJ8Pf31/oe6XsBdehQ4eEp9a5u7srBTsq+yzVnKbrsSJSqRQpKSlq+8Mqu15rKi0tDbNnz8b+/fs1eprZi0LTdblkyRLhf2trayxcuLDcNBKJBOvXrxfeOzo6Ck12JBIJoqKihP6b6tL27dvRqFEjjBs3rk7nWxU13abKKhs0LM3Y2BgLFy7UeqaqtslkMmFbDQ8PR3BwML788st6rlXd0+S3sWfPngqzeZycnNC7d29hfa9bt04pgLVw4UKdaw75vKnOflRhzZo1AEoC96VvAAAlD69QBPzVfZYqV5V9rKp1ASivD02m0ZYtW7bA2dm5XFNuXaTtYxkRvRguX74MNzc3jaYtnSlvYWGhNiM+Ly8Pubm5sLGxqVH9FDcIFA8l0USXLl0A6GATQqodgYGBwsl4fn6+kJ0DlAQ6FMErxfvSd5/VfZZ0g6JZaGnu7u5KJ2dRUVHw9/evUb9YqrCz0pqTSCQ4fPiw0rpJTk5W2WG7grW1Nby9vevtQvlFW++VNSes6OmtuuLYsWNYsWIFCgsLUVRUhD///LNamUIvismTJ2PGjBkqX97e3kLw6sKFC+WyxsLCwrS+nyV6nnl7eytlO2nK0dFR68GrhIQExMbGVrm1BRERlWRi1TR4VVM62YSQtK/sCXbpznxV9fFR+uRb3WdJt/Xp0wcpKSlCgDIxMbFKT5KkuhMVFQU7Ozuh+VZoaKhWH5pANaeuOWFNnpxVF1599VXcv38fc+bMgZ6eHlxcXDB69Oj6rtZzSSKRICwsDHFxcSqztKKiohAXFwdXV1cMGDCA2VhEACZNmoTAwEClJv3x8fFCB/aKrhAUHB0dtf7AnFWrViEpKQkffPCByiekEhGR7qtyAMve3r7Kj0nW9OkhVHt69eql1FG5u7u70v8XLlwQLsiMjIzg6uqq0WdJ940ZMwYAhCCWti60bWxs8PPPP2ulrBfRsGHDyl38lt62vL29yzXV1ZV9aU37Y3qeVRTE6t27dz3WqnLGxsaYO3dufVfjuVe6Sb06+fn5QjbzxIkTlY6ppD1l96OlH2ihKsOw9DB1nyXtUzx4JjQ0VDjnTElJKXejxsjICH369NF65hUAfPbZZ1ovk4joeVe6P+fnoZ/uKgewTExMauWgQrVr+PDhMDExEdrSl16H1tbWmDFjBsLDwwGUXIiVvmNc9rO6fqFG5b322mswNjaGRCIRAlpUvyp7UpniKXikexwcHLBo0SKEhoZCIpHA3d2dAYoXRHh4eJWfdBccHMzfRy1Rtx+tbB9anadFUs15e3ujd+/eiI+PR3JyshDAsre3h4ODA1xcXHS+P0Eiov+S+uyQvTrYhPAFoi7w6ODgoDawwaDl883ExITNBom0iNvUi6k6fVtV9HQ1oheViYkJ3N3dmdFPRERVxgAWERERkQYmT55c31UgIiIiemHxKYRERERERERERKTTGMAiIiIiIiIiIiKdxgAWERERERERERHpNAawiIiIiIiIiIhIpzGARUREREREREREOo0BLCIiIiIiIiIi0mkMYBERERERERERkU5jAIuIiIiIiIiIiHSa6ODBg/L6rgQREREREREREf23DR48GABw7do1jT/TpUsXAIDYwsKiVipFREREREREREQvLrFYDGNjY1haWsLa2rpmZTVs2FBL1SIiIiIiIiIiIiqhr68PQ0NDmJqawsjIqEZliW1sbLRULSIiIiIiIiIiohJ6enrQ19eHkZERjI2NIZPJql0WM7CIiIiIiIiIiEjrRCIRRCIR9PX1IRaLIZVKq12WuEGDBlqsGhERERERERERUQlFEEskEtWoHLFYLNZSlYiIiIiIiIiIiLRPr74rQEREREREREREpA4DWEREREREREREpNMYwCIiIiIiIiIiIp3GABYREREREREREek0BrCIiIiIiIiIiEinMYBFREREREREREQ6jQEsIiIiIiIiIiLSaQxgERERERERERGRTmMAi4iIiIiIiIiIdBoDWEREREREREREpNMYwCIiIiIiIiIiIp3GABYREREREREREek0cX1XQFtmrjmMgOORFY73He+Frz4cAdyPhtxvVMUFmdlA9NkVQCSqhVoSEREREREREVFV/WcCWBpr3gUwswFy0lSPz0kDEi8Bzj3rtl5ERERERERE9J8hk8mQl5cHqVSK/Px8FBQUAAAMDQ1hYmICExMTGBsbQyx+8UIz1fHifUsiEeA6EIjcV+Ek8usnIGIAi4iIiIiIiIiqQC6XIzs7GxkZGULAquz4/Px85OfnQyKRQCQSwdDQEFZWVrCwsICIrcEq9EL2gSXqNEL9BHEhgFxeN5UhIiIiIiIioudeXl4eEhMTkZqaivz8fMjlchQVFSE3NxfJycl4+vQppFIpZDKZ8Bm5XI6CggKkpqbi7t27kEql9bgEuu3Fy8ACAKcebEZIRERERERERDUml8uRlpaGrKwsyP8/GSYrKwsXLlzA1atXcefOHeTl5cHOzg4FBQVo3749hg4dChcXF6WMK7lcjqSkJFhaWsLGxobZWGW8kBlYQjNCNeTXT9RRZYiIiIiIiIjoeSSXy/HgwQNkZmZCLpdDJpMhPT0dixYtwpo1a3Dq1Ck8fvwYenp6sLe3h0QiwbFjxzBz5kzs3btXKRtLITMzE/fv3xeCYVTixczAQkkzQrmafrAQFwKM+pJPIyQiIiIiIiKichTBq9J9Xd29exdr165FbGwsDA0N4ejoiHbt2sHZ2RmWlpZo2bIlUlJS8Ndff2HPnj14+vQp3nvvPRgbGwtlAkBBQQH+/fdftGzZkplY/++FDWCxGSERERERERERVVdaWppS8CozMxNbtmzBjRs3oK+vjw4dOqBnz56wtbWFiYkJjIyMYGFhgYYNG8Le3h537txBcHAwGjVqhEmTJgnlKAJWz549Q1paGpsT/r96a0LYafRnal+JSRUElrSFzQiJ6DkwZkkg9HsuwsafzlY4zcpdYdDvuQiTvjggDNt5LBIHw25oNI+pqw7CqM8SPM3Mq3F9a9u8b07AcdQa4X1VllNT6wL/RMjlv7RaJhERERH9t+Tl5SEzM1N4L5fLcfv2bcTHx0NPTw9du3ZFz549YWlpCQMDA5iamsLMzAwWFhawsrKCubk57Ozs0L17d0RGRkIikQCAUqBKJBIhMzMT+fn5db58uqjeMrAS7iWrHV9QWFjrdWAzQiJ6Xuw+eRULJvQtN1wul2PPr1fLDT95IR42VmYYO6Cj2nKlBYU4ciYWRcUy/Bx6HbNGP19Zp5ouZ1UcDL2O3LwCDOzeWmtlEhEREVH15Ofn4+TJkzh9+jSSkpJgZmaGLl26wMfHB46OjvVSJ7lcjpSUlHLDfvnlF2RlZcHc3BytWrWCkZERxGIxDAwMYGxsDBMTE+jr66O4uBgFBQXIzc2Fnp4eMjIykJycDGtra5Xze/jwIZydnV/4LKwXtwkhoFkzwgfXgBZd67ZeRESlNLYyRcI/j3E5/gG6uzRXGncu5h4SH6ajibWZ0vATG6doVPbxc/GQFhTijVfcsPe36OcugKXpclZF1I++Wi+TiIiIiKouKSkJixYtQufOneHr64uWLVsiNzcXly9fxieffAIfHx+MHj26zuuVk5MDmUymFFAqLi5GZGQkZDIZzMzMIBaLcfv2baSmpqJRo0Zo3bo12rVrBwMDA2RnZyM2NhbXr1+HgYEBjIyMcPPmTbi5uQFAuc7b5XI5srOzYWFhUafLqWte7ACWohmhmiwsecwJiBjAIqJ61K19M9z+Nw27T14tF8DaffIqOrW2h4WpsdLwnu9uQ7Mmlji0ZhLU2ftbFPq5O2PKcA8M/+gH/PXgCVo3byyMtx+6ElOHe+Duw6cIDk+AkaEY7wzrhnUfDIW+vp4wjU//Dvg76SnOxSTi8q65cHWyxc+h17H6hzChzLUfDMXQXu2Ez8x43ROZOfnYeyoaeiIRxgzoiG8+HAFDA30AgEwmx7Kdp7DzWCSkBYV4rXd7GBooH7ZKL+eF6/+g73vfqlzO63vnwc3ZDnK5HF/vP49vf7mIlKdZaNPcBstnDMIILxdh2tY+6+Dt0RrfLnpDGKZuWYiIiIhI+3Jzc7FgwQJ88MEH8PLyEoYbGxtjyJAh8PLygq+vLxo2bIh+/frVad0Uzf1Ke/DgAfLz8yEWi2Fubo60tDQYGhqiU6dOkEqlkEqlePLkCUxNTZGbmwu5XI62bdtCLBbj3r17+Ouv/3VhIRKJygWx0tPTX/gAVr31gaUrRJ1GqJ/g+kmAj64konpU8KwI77zWDfv/iEF+QZEwPCevAIdP38CU4R4oeFakpgTV0iS5+OPyX3i9rxu8PVrDvIERfvo9utx0G386i7YtbHB4zWS8M6wbvtl/Hmv2nFGa5rujl2BtboI1s4bCxtoUgb9F462l+zDCywW/b56GHm4t8PrCH3Ht9v+aj2/cdxYFhUXYt+ItzBnbB98duYSAoMvC+K/3n8OaH89g2oju+GXtZDg6NMRPp65VuDydW9sjctcc4XV+xyw0sTZDB2c7tGlhAwBYERCKZTtPYfHb/RC6dQZcHJtgzJJAxN59VGG5miwLEREREWnXwYMH4eHhoRS8Ks3MzAwrVqyAn58fiouL66xexcXFePbsWbnhEokEIpEIMpkMTZs2RbNmzdC+fXvY2trC0dERxsbGkMlkkMlkSEtLQ35+PhwdHSEWi2Fvb4+8vDyIRCIhq6vs38LCQhQVVX7Of/jIUTi1cVH7WrBoiRa/kbrzYmdgAXXTjDA5AZBm/++9iTng0L5qZaQnAZIyF0sO7QATDSKwdyMBlGkra+0ANGxW+WfL1r2qqrOsZVy/dRdZ2SWdS3do6wgrC7NKPlHi34epuJ/8uMLxmdk5sDQ307jMc5dvVNjm+N+HqWjZ1BYtHJqgZVPbSsvKyMrBzdv3Kp2uLC+PDhWWU93vpqLPqVve0qoy34pcv3UXwacv4dzl/3XGbWluhk7tnTBhpLdG3+l/Wf6zIrwzrBu+8A/BkT9v4q3BXQAAP4feQFGxDBMGd8EPQVeqXO7+kBgUF8sw8mUXGBroY1jvdtj7+zV8MX2Q0nSThnTF8hklwwb3aIM0SS42H7iAJZP7CVlYI7xcsG/lWwBKUpyXbP8N4wd2wqr3XgUAeHVyxPmYf7D10AXs+mxsSVmebYUsp0GebXDiXBzORifi/Td6oqhYhg17z2LqcA98OWuIME3S40ycv6562zFrYIRu7f+3X1u4NRgZOVL8sUvBs4cAACAASURBVHW6kNX128Xb+OjNlzFtRHcAQKfWDjh0+iZ+u3gbbs525crUdFmIiIiISLvCwsKwbNkytdM0bdoULVu2xK1bt+Dq6lon9VJ0qF46wCSTyWBtbQ19fX0UFhaiQYMG0NfXx6VLlyCVSmFqago7OzuYmprC3t4eOTk5KCgoQGhoKIqLi9GiRQs8ffoUxcXFSuWWzcTKy8urNAvL541RAICFiz9VOf6NUSOxcd0aleN0HQNYddCMUH5sNZBY6uLS2Byi+cc0CyApyjiwWLkMAKL39wDOnuo/eDcS8m8nlx/u0A6i+ccrn2/ZuleVkwdEs/ZW//MAXn17EbJySgJYn8x6C59+MFGjz+09FoIvt6vppL+UFg5NsGP1fLzcveKOoIdMWaxRWZbmppg9+XXMmjiywsDOjVuJGpdXWm7crxWW07GdEy7+sk2jckp/N7/9sFblclelfh3bOWHi696YMNK7SsGsoLCLWLh2R4WBxpOnL2K130/w8uiAT2ZNULt+/svynxWiWRNLDPJsjd3BV4UA1u7gK3j9ZVc0tGiAgsKq33Xa+1s0enZoCfvGJQfBUa90wIGQ6wi/8Q96d3xJmM7a3ETpc6NeccPe36PxMC0LLeysAABODg2F8Qn/PEbKkyy80e9/AVc9PRG8Or+EizfvC8Ocm/7vMwBg18gcjyU5AID7jzLwJCMXI152UZqmkWUDjZbt3LV7+Hr/eaz9YAg6lApMXQqYrTRdA2MDNLJogPQKnsCo6bIQERERkXY9fPgQLVu2rHQ6R0dH3L9/v84CWFKptNwwkUiE5s2bw8rKCo8fP4ahoSHMzMzQrFkzPH78GI0bN0aHDh1QWFgImUyGli1bomXLljA2NoZUKkXTpk1RWFiI+/fvw8TEBKampjA1NS2XUFBQUKBRHSsKYj3PwSuATQgBACLXweon0HYzwvxsyE9U4Udz5Ui1g0jycz+qHpF86/8zs3Rb4NEQIXgFAH6Bx5GRlaP1+dxPfowhUxbj1XcW1bj8zOxcrPb7CT1Hz8b1W3e1VMPK3biViJmffl1n8ys774Vrd8Jl0BQEhV2sdPqMrBzM/PRrjJ+7Uil41adbB6WXwvkrNzFkymJ8uf2nWqm/rnv2/8GpqcO74/TVu7j/KAN/PXiCiBv/YspwDwBAYVHVAli3/01D1K0kvN73fwf6IT3bwthIjL2/lW9GWJqNtSkA4FG66uxMRRBq7Cd7od9zkfAKOHEFkuzyB/zSFHeYHj0tKdu2oblmC1RKVm4+3ln5M7w6v4T5b76sNC5Nkou5Xx2H8xtrYez1CfR7LhLqq+1lISIiIqLqMzc3R25ubqXT5eTkwNjYuNLptEURRFKct8pkMuH/AQMGwNnZGUZGRhCJROjSpQvGjRuHV199FZaWlpDL5SguLoaenh6MjIzQt29fDBgwAI0bN0ZOTg42bNiAffv2ISYmBmlpaSgoKIBMJhPmrarpYkV83hiF9WtXC++f9+AV8BxkYH267TgSHz6pcPwH415Bn87ONZtJq151/zTC2NCSAFJlGVTSLMiPf1m9eaQnAXFhFY6Wn/sRosrmX89W+5UELJrbN8GDlMfIzM5FUNhFTBo1sErlVJRldP3WXdxISMRqv5/wIOUxzl+5idV+P2HDkpkVltWnWwec+nFdueEZWTk4f+Umtu05hgtXb5YExd5Z/H/s3Xd8U/X+P/DXSdJ0L1paWiizQJF1qYAXKaAMcVDmVUCGyMULsq6bpYIiKBbhqqBS/YEI+JWyZY+KbARklQ2ltNAWSnc60jbJ+f0RckyapE06A76e95FLmrM+5yQEz6ufz/uDS3tWlNkryZ5eZeVZvXkfIjq2tfv6lMXa+QL6YYbnr9zE6s17EXc1ATmqfAybOhcTRw4o8xoOnTIXh0/FAQC8PNwwa9JIjBxo3nsrMfmeSW+xeUvXICsnr8x9P4oM+Xn/bo+hjpcrVu74E+qiEoQE+qB3p+YP1rEvZF/9oNbVtCU7MG2Jac++mNjz+N+b/eGstPxPRFqmPtQJrGP5c+3p5gwAiJ7xLzweVt9kmZNCblP7gvz1wVWGlZ5RZXlj8a/Iyi3E799MgExm+luryHdWQCGX4ee5L6NFSF24OjuhySDr/5BXxbkQERERkf3Cw8Nx8uRJ9O1rvcOJVqvFiRMn8Nprr9VYu4qKiiCKotSbSq1WIy8vD9nZ2XB1dUWzZs2g1Wqh0Wggl8vh6uoKpVKJ7OxsaDQaaLVaKBQKCIIAFxcXiKIIjUaDxo0bY926dbhx4wYSExMRHh6Opk2bIiQkBIGBgVAoFNLwRVv9a/AgqTfWo8DhA6y9xy/jzNXbVpf369a28gGWXFkrsxGKv8zQDyUso46VeHAloK5YDSrxkJXeVwYXY/Uhlx1DGe0ldB9T4W23xh7D7VR975yoGeOlYGj+N2uqLKBpH9YM7cOaIbJXFzw7Zhriribgm9Vb0L1zO0T26mLXvny8PBDZqwsie3XBvKWrMf+bn5Gjysd/Zi1CzNdlj92uShPeX4x2rZqifVgl/17YoHvndujeuR0mjx6IrbHH8J+ZXyA3rwDfrN6CdmFNLb5P7366TAqv2rZsgrVff2i1xlWj+oGYNWkk+vXqIg0lLWvfjzqlkxwjnw3Hyu2nUFSiwb8jO5kFNLYQRRFrdp9B13aNpfpSBueup2DqF1uw/egVDH5KP42vqsC0q/LWw5fg7+OOBnW9Le6/TdN68HJ3wbWk+/h3/07S68n3c6RAqDwNA30Q4OuBXw9exHNdWkqvl9VbCgA2/X4BK7f/iR8/HCoNbzRIz87HyUu3sWrOMDzRuiEAQF2kgbqMAvhVcS5EREREZL/hw4djzpw56NatG9zcLJeRiImJQXh4OPz8/GqsXVqtFrm5uUhNTcW1a9eQkpKC06dPIzk5Gd27d8djjz2GS5cuwcPDA9nZ2XBxcYGXlxdEUcT58+fh6+uLzMxMtG/fHr6+vlL45e3tjYKCAuh0Oly6dAlpaWnw9vZGkyZN0KVLFzRv3rxGz9MRcQjhAzU+jBAAspKtD/ED9OHSXttqGpkpzAVObip3NXHP12UuFyauhrDwqvXH3JP6YvKWth36KdCmd4WaDwBLftoMQN/7KrJXF0wePRCAfrjfqk17K7xfS3y8PLBs/lvSz8bFxCti1qSRCAkKAABs/+14pfZlq7Ytm0jPnxszvVqGWpYlslcX7DLqqTVtQbRZGxKT7+Gb1fraa14ebtj14wKbCrS3D2tmtu+/q7GRnZCQkomU+7kY069T+RtYcPjcLSSmZuH1IV0Q0b6xyeP1wV1Qv663yTDCFdtOIWr1ARw9n4g53+/BTztO441h3aQC7qU5KxWY81ofLPq/g5j17S4cPncLMbHn0fW1b/DJcuu9Qo3J5TK8O+opfL/lBN7/bhf2/HEN05fuwNp91v9upmXlYfxnG9DpsRC0bVYPZ6+lSI+MnALU8XJDkL8XFqz6Hetiz2PN7jPoOWkZcvPVKCwqqbZzISIiIiL7tWzZEv3798cbb7yBe/fumSzT6XT45ZdfsHTpUmRmZto1tK6y8vPzcePGDZw4cQKnTp1CbGwsbt68ibt37yI+Ph5yuRwymUwKpnJzc5GXlwelUolWrVqhQYMGCAwMRGFhITIzM5GbmwuVSoWUFP2kbYaALC0tDSkpKTh//jz27t2Lixcv1uh5OiIGWAaGYYTWGIYRVrW9S/RBlQXiL/YX+Zac3Gjec6vbaMCl1JCfC7H6sKuCxC3z9PW0Sus4EOg0uML7PXjivNRLZ9akEQD0AYkhFFqzZV+F921N+7Bm8PLQJ/vnr9ys9P66d/6rhlNi8r0y1qwakb26YMSAXgD0dbgqUiS+stqHNcPMiS9LbVi92fR9MoSSAPD59PF2FXxvH9YME0cOkPZd1SHmw6JNs3ro9FgInn68GRoH+VZoH6t3noaPp6vUw8qYTCbg1X4dsePoFWn43ohnO+D8jVQMmrYSX687ijeGReC9kT3KPMZ/h0Zg2fQh2HzwInpNWoZ3vtyGkc92wNzx5fyywMibwyIw45WnsWzTHxgy/SckpGTiv0O7Wl3/6PlEZOQU4OSl23j8lS9NHutiz0MmE7Dti1fh4+GCV+fGYNa3uzDyuXB0aBmMy7esz1haFedCRERERPYbPnw4hg4dismTJ+Pdd9/F0qVLsWDBAgwdOhS3bt1CREQEjh07hunTp9dYuOPq6gpnZ2c0aNAASqUS3t7e0Gr19WjPnDmDP//8E3fu3IFGo5ECrNzcXNy+fRtxcXE4d+4c7t69i/Pnz+PevXvIycnBvXv3sGXLFhQXF0s1tYqKiqBWq6FWqxEfH48LFy5AoXD4QXTV6u999sZsGUZ4cU+VDyMEAHHtDAivrzJ98cK+Ss3+Z2n4oNDtFYiFucCpv0IEqFX6Wlh9p9h/jC3zTPdl0LQThGGWaybZavVmfTjh5eFmMpRv1qQRmPD+Yhw6GYeDJ85X+ax0jeoHIu5qQpUETsY9ixKT79nU06iyoue/jfNXbiLuaoJU1H3ZvLfK37AKTRo1UKpZtXTVZqnnHGD6vlZkCODk0QOlHlxbf7O/FtrDaN2no8xeKz2THgBcXz/N5OdjFtYxWDZjCJbNGGJ1+Uf/eQYf/ecZ6Wc/LzdETe1ndf3UHR9YfH1sZCeMjbTcS8zSNlu/eNXkZ0EQMHd8X7Og6Iv/RkrPjc9zYI/W0B4r+7vnHy2CceC7101emzjEdLiwTidCUap3WVnnQkRERETVp1evXnjqqadw9epV3L59G66urpgwYQK8vb2h0Wgwc+ZMHDp0CO+99x4WLFgAZ+fqLfPg6emJuLg4XLlyBcnJyYiPj0d+fj60Wi3UajV+/fVX1KlTB40bN4ZOp0NeXh7kcjnS0tLg5eWF4OBg5OXlISEhAfn5+dDpdCgoKIBarYZMJpMCLENPLjc3N4iiiKysrL99gMUeWEbKHUYYt7PqhxECQPwJfWBlUJnC7YC+91VWiulrrXsBdRpYrkl1qvyhhhaPcegn89eDwiC8+o39+zOSmHwPa7boh+ZMHj3QpJdOZK8uUi+pJasshGeVFHc1AQDQrlXTSu/rnFEvrrLCq6QUffH48h622vXjAukard68r8Z7Kvl4eUgzCBrPMJiYfE+aUdLe+mIGjeoHSkMlD9txTYhsEX8nA2v3ncPttByEhvjXdnOIiIiI6AG5XI7HHnsMffv2Rffu3eHtra/FqlAoMG/ePDz55JP4448/8OGH1V972MvLC6dOncLZs2eRmJiIvLw8qfeXs7MzZDIZVCqVNItgQUEBiouL4efnh+LiYpw9exa3bt1CUFAQlEolioqKcP/+fWg0GgiCAJ1OJ4VhKpUK+fn5kMvlKCkpQWBg9XeKcGR/7/iutPJmI8y4VfWzET4gbpkPoVlnwNVLXxcrK9l0BRcPQG1bTSPx5Eaz1wTDcL7gVkBQGJBqNOwvK1kfSNk65C/lMsS1M8xfd/GAMPyzMovS22Le0tXS85EDTXvY+Hh5YOTAPvhm9RZs/+14lfZsMj5u+7DKBVjnrsRLAUtIUECZbVy9eZ/ZUDtL8i/uKHcdQH+Ndq1cgCeH6HvV1WRRd4PundtKQ0ANPeWMe7VV5j3z9tQHmjmq8qfUJbLHht/j8PEP+9Cnc3P2tiIiIiJ6SDg5OeHTTz/F7NmzzWplVQd3d3eEhobiypUrKC4uhkwmg1wuR3FxsTQEEABSUlKgVCqh0+ng5uaGunXrolu3bhBFEYWFhSgoKEBaWhpu376N69evQ6FQSPsSRRGiKMLFxQVFRUVwdXVFq1at4OPjU07rHm3sgWXMMIywDOLFPVVzrD6lhvcYCrpbKtzeupc+eLJFymXzoYe+wSbF1IXur5htVu6MhQaZdyB+Yz6kCdAXfLe5nVZk5+Zh24Oi5yMG9LIYdBgPSTMOnSpj1aa90rA3Lw83TBo1sJwtrDt44jwmzFosBSyGGl41qX1YM3z3yZvSz7VR1J0eDak7Pihz+OCj5L2RTyHv90+wfdFYzjBIRERE9BBRKpX49NNPsXz58mo/liAIeP7556FUKuHj4wMXFxcA+uLrgiBALpdLPanu37+PxMRExMfHIykpCenp6cjKykJOTg4yMjJw7do1xMbGorCwEIJgOru4KIqQyWRSQfguXSo2iuVR8vfrgZUcB1y2PnOUoHRHmYME43YCz04DBPunrjc5TvdXIJ4qNdRv7xKIF0v1xHHxgDBgps0F3cWDP5q/2LFUz6o2vYEt80x7dKVcAeL/AJo9YX3nhbkQf5xkXhweD2YcrGR4BehrJhmCn9K9rwwa1Q/EiAG9sGZLLNZsibWpGPiaLfukHkHGEpPv4eCJ8yZD3dZ+/WGZ+0tKuYf536yxuGxr7DGTAvAjBvQqt07TiAG9rJ5rZYwa1AeHTp7Hmi2xUlH3YxsqOKulnYyHT7Z70JutnVGvtnOVKJJv6MllGCZJRERERERUk5566ik0bdpU6oWl0+kgk8ng5OQEjUYDjUYDLy8v1KtXTxoimJ+fj+TkZAiCgKKiIuTl5SEjIwNqtRpyuRxOTk5S7y1DTyydTge5XI7mzZujZ8+etXzWte/vF2DdPg9x72Lry5t0ApzdgSIrw5OqahihqxeEYZ9B/Ha06eulZ/TrNgao08C2fWbesVhUXeg0yOzYaNPbbF3x4EoIZQRY4oqJlmcc7Da6UjMOGlu1SR/gRXRsW2aB9pED+0h1spau2oxZk0aWuV9bhuiFBAUgev5b5RaGT0pJw7yllgMsYxNHDkDUjPHlrteofmCVF6M3qK2i7ucv6wMqLw83KQz08fJASFAAbqem4fDJOGTn5tk1CyGgH5p5O1UfNnarpmtGRERERERUFrlcjtmzZ2PkyJFwdnZGSUkJNBoNRFGEVquViq8HBgZCoVBApVJJywGgsLAQMpnMpNeVRqOBUqk0qYXl7u6O4OBgfPTRR3Bycqqt03UYHEJoRgDaPFvmGlU2jLDZE/rhgdb4Bts1O6B40kIx9gfF20uzWMz9Yqw+BLO071+mWZ4VsXUvCANm2dzGsqzatFcKJ0YO7F3mut07t5OKeS9dtaVCw+O8PNwQ0bEtJo4cgO8+eRNX9v1Y4SCpbcsmCAkKkH7+7pM3bQqvakJNF3XfGnvM6H007Vk2apD+fc1R5WNr7DG79730p79C18ie7EJLRERERES1Izw8HC+//DK8vb3h6uoKuVwOhUIBNzc3dO7cGb6+vvDz80NQUBACAwPh5+eHwMBA+Pv7w8vLC56entBoNCb7NPTkMsxEmJ6ejg4dOqBNmza1dJaOhQGWBUL7/mWvUIWzEQoDZuoLtFtcZkcwVJgLWKhjJVjrGWUo5l6KxVpYJzda7NmFoDAIwz6zvY3lMPRqCgkKKHfYHQCpTpUtYcjOFZ8h/+IOk0fqH+uxe+UCRM0Yb9PxDCI6tjXb1/GNS3F84xIpKJr/zRqHqTllKOpuMOH9xTh/JaFajpWdm4f3Plsm/WxcrwwwDbSmLYjGuSvxNu97a+wxqdedrZ8RIiIiIiKi6jJjxgw0aKDvMOLu7g5nZ2e0atUKPXv2hJ+fH/z8/BAQEIB69erBy8sLzs7OUo0sQ4F2AFLPLNEoZ1AoFGjevDnmzZtnVh/r74oBliWhT+qHEVpjGEZYFeo00A8TLK1pJ5PC6+W6sM+8NlWp4u2lWSrmjpOb9GGYQfwflmccBID6rYBDPwF7lpT9sMHBE+elXjuGXjrlGTWoj9TryVpNqprk4+WB6PlvA9APMxw/q4yhqjWsdFH3bb/Z3/upPInJ9/Dcq9OlemKWivA3qh+IBdP+A0AfPA6bMtemEGtr7DGMn7VI+jl6fvUPgyQiIiIiIiqLXC7Htm3b0LhxY6ng+p07d+Dv74+goCB4enrCxcUFXl5e8Pb2hru7O9zc3ODi4gKlUomSkhKT8MrQ80qn06FRo0bYv38/5HJ5LZ+l42CAZYlcWXPDCAH9MMFSvaHs7dkk7vna/MXSxdtLa9PbvPeXWqXvcWXY74qJ1rc/tQninq/LfdjC0PvK3hkADWFXUkpatQ+Ns0Vkry6YOHIAAH1IVJFhctVl1KA+UtuqUmKyvqh9lyGTpQL2bVs2kcK80iaPHogRA/RDZ5NS0vDkkCl477NoqTi7sXNX4jF+1iIMmzpXKu6/YNp/qq1mGBERERERkT2cnJxw+PBhvPzyywD0tazOnDmDgIAA+Pj4SOu5uLjA2dlZei6TyaR6V4bwy1AIftSoUTh+/DjrXpXy9yvibiOhfX+If26wvkIVzUYoHW/gTIi79WGP0Ka37YXbAX3vK+PZDA37NC7ennIZ4slNEOrU/6sulrVi7od++qtGlrr6h8GduxIvzRAY2auLXYW9J40aiPnf/AxAP9OgIwwrmzVphFQHavysRWgXtsSsJ5Kx1Zv34dBJ8xkSLRkxoHelzjFqxnicv3LT4oyM1sRdvYlnx0yzuCwx+Z7JDI76NvbC59PLrv8VPf9tNKofKL13S1dtxtJVm+Ht6S7NVlj6mnh5uOHz6fYN9yQiIiIiIqpucrkcCxcuxODBgzF69GicPHkSERERUCgU0vA/nU4nFWfXarVwd3eHIAiQy+VwdnaGQqGAi4sLfv75Z/To0YPDBi1ggGWNYRhhdc9GaNDsCQgTrc8AWBbx4I/mLxoXb8+8A3GRvleTCAA3/oDw6jcA9MXcxdL1rbKS9b2wqmhmwfIYF+YubzbB0ny8PDBiQC+s2RKLQyfjcPDE+VrvnePj5YG1Sz7Ak0OmIEeVj/GzFmHXjwusrp+UkmYWAlnTrVPbSrdv7dcf4J+DJ0tDNsuTo8q3KWCL6NgWk0cPRGQv24qrz5o0Et06tcOSVZux/bfjVo/l5eGGyF5dMGvSyDKDQCIiIiIiotoiCAK6du2Ky5cvY8OGDcjLy4OzszPUajUUCn30UlJSAkEQoFAo4OHhAQ8PDzg5OaFJkyZ455138NJLL0m9tMhcrQVYA3uWHfx4ubsCAHp2bolGwX5W1wupVwcAEN6yPjKfsl6Zv33zYP0Tv4ZlDw8MbKH/U64Euo4FblmYec/g/k3bAqz6rcpfpyL7cPX6q15V004mi0zqW13YZ7rdxdi/nge3AjoOBDKTTVYRM5MhWNhvVcvOzUNichoiOrZFu7CmFQooZk0aicRkfRhz6ORfAVbD4EBEdNQHPt5eZdQ0s5FhX4YeQmVpH9YMC6b9B1tjj0EU9TWcjIMdby93aX/2aBhsen2M91N6mTWGgO29T6OlfVhSXvu8vdzRPqwpvD09ENmrS4Xeu+6d26F753ZITL6HrbHHkKPKw8ETcQ+WtUXD4EC7e+URERERERHVFqVSieHDh0MURZSUlCAtLQ3Z2dlISEjA7du3UbduXTg7O6Nu3bqIiIhAu3btULduXchkrPBUHkEUq2g6PXJcKZelHlgAAN9gCLP21157iIiIiIiIiOhvJzdX3wnnzBnbJ8br0KEDABZx/3sIbgV0G62flTAoDMKAWbXdIiIiIiIiIiIim7EHFhERERERERERVTv2wCIiIiIiIiIiokcWAywiIiIiIiIiInJoDLCIiIiIiIiIiMihMcAiIiIiIiIiIiKHxgCLiIiIiIiIiIgcGgMsIiIiIiIiIiJyaAywiIiIiIiIiIjIoTHAIiIiIiIiIiIih8YAi4iIiIiIiIiIHBoDLCIiIiIiIiIicmgMsIiIiIiIiIiIyKExwCIiIiIiIiIiIofGAIuIiIiIiIiIiBwaAywiIiIiIiIiInJoDLCIiIiIiIiIiMihMcAiIiIiIiIiIiKHpki4nVrbbSAiIiIiIiIiokecn7d7hbdVNAkJqtCGqampSElJgUqlgkajqXADqoJCoYCnpyeCg4MRFGT7+aSmpuLevXvIzc1FcXFxNbbQPkqlEl5eXggMDLT7fNLS0pCTk+NQ51NVlEolvL29ERAQYNd1ISIiIiIiIqLal5ubW+FtBVEURXs20Gg0OHfuHACgadOm8PT0hEKhqHADqoJGo4FKpcLNmzcBAK1bt4aLi4vV9dVqNS5evAiNRoOgoCC4urpCLpfXVHPLpdVqUVhYiNTUVCgUCoSGhsLb29vq+obz0Wq1qF+/PpRKpUOdT1XRarUoLi5GcnIy5HJ5udeFiIiIiIiIiByHIcA6c+aMzdt06NABQAVqYJ07dw6+vr54/PHH4evrW+vhFaDvgWVoEwBcvHixzPXPnz8PFxcXNG/eHB4eHg4X9sjlcnh4eKB58+bQaDS4du1amevHxcXBzc0NoaGhDhfGVSW5XA5XV1eEhoZCq9WWe12IiIiIiIiI6NFgV4CVkpICQN/zylEZQixDW0tLSUmBKIoPzRC05s2bQ6fTlXk+Op0OgYGBNdyy2hUaGlrmdSEiIiIiIiKiR4fdAZYjh1cGTZs2tRps3L1796EJrwyCgoJw9+5di8vu3r37twuvDAIDA61eFyIiIiIiIiJ6dNgVYOXl5cHT07O62lJlPD09kZeXZ3GZSqWCq6trDbeoclxdXaFSqSwuU6lUcHNzq+EWOQY3Nzer14WIiIiIiIiIHh12BVgajcYhal6VR6FQWJ0ZsaSk5KGrESWXy1FSUmJxWUlJyUPxnlQHhUJh9boQERERERER0aPD7iLuRERERERERERENYkBFhEREREREREROTQGWNVk9+7d8PPzk4Yy+vn5Yffu3bXcqqq1YMEC9OjRo7abQURERERERESPuGoJsI4cOQJBEHD06FGLyzdv3gyZTIb4+PjqOHyVUavV8PPzs/p48cUXrW5bui7V/v378eSTTwIAkpKSsHHjxmptuzWxsbEm5xAcHIzw8HBMnjwZly9ftmtfTk5OdtUTO3z4ME6dOmVvk4mIiIiIiIjob65aAqyuXbuiffv2WLZsmcXl0dHR6Nu3L5o1a2bXfq0VZq9uixcvRkJCgtljSaHXLQAAIABJREFU5cqVNu8jPDwcXl5eAICdO3di8+bN1dXcMhkCp5MnT+L27dv4888/sWjRIiQnJ6Nnz57Yvn17tR07Ojoap0+frrb9ExEREREREdGjqdqGEE6aNAkxMTHIysoyeT0pKQm7d+/GpEmTAAD/93//h9atW8PV1RWhoaGYOXMmioqKAOh7LSkUCmzcuBF+fn743//+V13NLZOnpyd8fHzMHu7u7tI6v/76K/75z38iJCQEAwYMQFJSksk+vL29sWvXLnz++eeYPXs2du/ejSZNmiAxMbGmTwcA4ObmBg8PDzRo0AB9+vRBbGwsxo4di6lTpyI3NxcAoNVqMX/+fLRp0wYNGzZEt27dsHbtWqv7PHfuHAYMGICQkBC0bt0ar732Gu7evQsAGDx4MHbs2IGPPvpI6omWnp6O8ePHo1mzZmjWrBn69+/PgIuIiIiIiIiIzFRbgDVixAi4uLjgp59+Mnn9+++/R8OGDfH888/j6NGj+Pe//42oqCioVCrs2LEDmzdvxuzZswEAzs7O0Gq1WL9+PU6fPo3XX3+9uppbJlEUodPpzB6iKALQh3Ljxo3D66+/jszMTCxcuNBi7zOFQoHZs2fj5ZdfxgsvvIDs7Gw0adKkpk8HwF/npNVqUVJSgtzcXMyYMQM5OTmIjY0FAHz11VfYunUrdu/ejZycHCxevBhvv/22tNyYSqXCiy++iD59+iA9PR0XLlyAIAh45ZVXAAB79+5Fw4YN8emnn+LixYsAgNdffx3FxcW4evUqUlNTERkZicGDByM9Pb3mLgQRERERERERObxqC7Dc3NzwyiuvmAQ5Wq0WK1aswOuvvw6ZTIYvv/wSQ4cOxfPPPw+FQoEWLVpg+vTp+P777/WNk+mbN3bsWDRq1Mikx1NNmjhxIoKDg80e+/btA6DvfeXn54fXXnsN+fn5CAsLw8iRIy3uq7CwUAq/srKyoNPpavJUyuTp6YnAwECp91h0dDRmzJiBhg0bIicnB126dMGwYcOwevVqs23Xr18PT09PvPvuuygsLIRMJsNnn32GU6dO4dKlS1CpVACA4uJi5OTk4Nq1a/jtt9+wcOFCODk5oaCgAFOmTIG/vz82bdpUo+dNRERERERERI5NUf4qFTdx4kR89dVXOHToELp164atW7ciPT0dY8eOBQBcvXoV586dw48//mi2bXZ2tvS8efPm1dnMcs2bNw+RkZFmr/v4+AAAUlNT0bhxYxQXFwPQB3VNmzat0TZWBVEUoVar4ebmhtzcXKSlpeHVV1/Fq6++arJe+/btzba9efMmbt26BTc3N7NlSUlJeOyxx8zWB4AWLVqYrX/nzp3KnAYRERERERERPWKqNcBq0aIFevfujWXLlqFbt26Ijo7G0KFD4e/vD0Dfw+qtt97CF198UeZ+nJ2dq7OZ5apTpw7q1atn9rqh91RxcbE0nNDAEGY9TOLj45GdnY2wsDAIggBA37usdHin1WqRk5Nj8ppcLkd4eDj+/PNPs/2qVCqUlJSYrQ8Aubm58PT0NFmmVqtRUFBQ6fMhIiIiIiIiokdDtQ0hNJg0aRI2bNiA69evmxRvB/Q9q86cOWOyfkZGhlk4Utus1cAyaNCgAZKSkkxCrCtXrtRGUyvls88+Q0hICLp37w4vLy8EBATg+PHjyMzMlB5xcXEWa1SFhobi2rVruH37trRuWloa4uLizMIrANIMlAcOHDDZ/+nTpxleEREREREREZGJag+w+vXrh4CAAIwZMwbh4eHo3LmztGzq1Kn4/fffER0djaKiIty5cwdDhgwxCbkcQUZGBpKSkiw+AOC5555DWloali1bhry8PBw9ehQbN260uj9XV1ckJiYiKysLarW6pk7DRFpaGlJSUpCYmIj9+/dj2LBh2L17N1auXAlRFCGKIqZOnYply5bh6NGj0Gq1OH36NJ555hn88ssvZvt78cUX4ezsjJkzZyInJwcqlQoffvgh+vXrJwVYbm5uiI+PR2ZmJpo3b44+ffrgww8/RGJiIjQaDWJiYtClSxdcu3atpi8HERERERERETmwag+w5HI5JkyYgKNHj2LixIkmy7p27YpVq1bhyy+/hLe3Nx5//HG0bNkS3333XXU3yy7Tp09Hhw4dLD40Gg1atWqFlStXYvny5WjZsiWioqIwZ84cALDY+2j48OFITU1Fx44dERcXV9OnAwDo2bMn2rZti44dO2LKlCkICAjAqVOn8Pjjj0vrTJ06FePHj8f48eMREhKC1157DW+99RbGjRtntj8XFxfs3LkTSUlJaNOmDdq1a4dbt25h9+7dcHJyAgCMHz8ea9asQbdu3VBcXIwVK1agZcuWePrpp9GkSRNER0dj06ZNCAsLq7HrQERERERERESOTxBLF28qw759+9C7d+/qbE+VsdbWffv2ITw83Ob91KlTp8zlmZmZAAClUgk3NzfIZDJoNBqo1Wp4eHhIy+vUqSPVglIoFFLdJ5VKBY1GU247Tp8+XSXn4+TkZFZzSqfTQaPRoKCgwGxWRFdXVzg7O0Mmk0Gn00GtVku9xlxdXaFUKqUhn3K5HO7u7lAoFBBFERqNBvn5+dI+XVxc4ObmJs3AKAgC3N3d4eTkBEEQoNVqUVBQYDH0s/e6EBEREREREZFjyc3NBQCzclJl6dChA4BqLuL+KDAEUOUpLi42K9xuvK3xc41Gg6ysrKppoJ1KSkpsPicAKCwsRGFhoU3LtFqt9GG0xDj8AvS1xfLy8mxuCxERERERERH9PVX7EEIiIiIiIiIiIqLKYIBFREREREREREQOjQEWERERERERERE5NAZYRERERERERETk0Mot4r5v3z7peVBQULU2pioFBQWZtP1R8KidT1XhdSEiIiIiIiJyDL17966W/QqiKIrVsmciIiIiIiIiIqIHcnNzAQBnzpyxeZsOHToA4BBCIiIiIiIiIiJycAywiIiIiIiIiIjIoTHAIiIiIiIiIiIih8YAi4iIiIiIiIiIHBoDLCIiIiIiIiIicmgMsIiIiIiIiIiIyKExwCIiIiIiIiIiIofGAIuIiIiIiIiIiBwaAywiIiIiIiIiInJoDLCIiIiIiIiIiMihMcAiIiIiIiIiIiKHxgCLiIiIiIiIiIgcGgMsIiIiIiIiIiJyaAywiIiIiIiIiIjIoTHAIiIiIiIiIiIih8YAi4iIiIiIiIiIHBoDLCIiIiIiIiIicmgMsIiIiIiIiIiIyKExwCIiIiIiIiIiIofGAIuIiIiIiIiIiBwaAywiIiIiIiIiInJoDLCIiIiIiIiIiMihMcAiIiIiIiIiIiKHxgCLiIiIiIiIiIgcGgMsIiIiIiIiIiJyaAywiIiIiIiIiIjIoTHAIiIiIiIiIiIih8YAi4iIiIiIiIiIHBoDLCIiIiIiIiIicmgMsIiIiIiIiIiIyKExwCIiIiIiIiIiIofGAIuIiIiIiIiIiBwaAywiIiIiIiIiInJoDLCIiIiIiIiIiMihMcAiIiIiIiIiIiKHxgCLiIiIiIiIiIgcGgMsIiIiIiIiIiJyaAywiIiIiIiIiIjIoTHAIiIiIiIiIiIih8YAi4iIiIiIiIiIHBoDLCIiIiIiIiIicmgMsIiIiIiIiIiIyKExwCIiIiIiIiIiIofGAIuIiIiIiIiIiBwaAywiIiIiIiIiInJoDLCIiIiIiIiIiMihMcAiIiIiIiIiIiKHxgCLiIiIiIiIiIgcGgMsIiIiIiIiIiJyaAywiIiIiIiIiIjIoTHAIiIiIiIiIiIih8YAi4iIiIiIiIiIHBoDLCIiIiIiIiIicmiK2m4AEREREVFtEkWxtptAROSQBEGo7SYQSRhgEREREdHfAoMqIiL7WPveZLBFtYEBFhERERE9sizdfNkTZDH0IqJHnT1hlGFd4+9GhllUUxhgEREREdEjp3TwZPxzWcuIiP5uyvoOLCucKh1mMcii6sYAi4iIiIgeemq1urabQEQPNRFaUcD6Q8UY+7kLdFDqXxZMVoEAEaIACDoRXu4abJ0HdGyuA6Mbcy4uLrXdBHrEcBZCIiIiIiIiIiJyaAywiIiIiIiIiIjIoTHAIiIiIqKHGmtYERE5Hn43U1VjgEVEj5zU1FREREQgIiIC169fr+3mEBFRNeINEhGR4+J3NFUlFnEniyIjI5GVlWXXNjKZDAcPHqymFhE9WpKSkrBz506cPHkSd+/ehUqlgpubG5o1a4aePXuif//+UCisf0WrVCrExMTg4MGDuH37NgCgQYMG6N69O4YOHQpPT88qPW5Nt3fMmDG4ceOG2X4++OAD9O3bt0rbVlphYSHGjRuHxMRE/POf/0RUVJTds+rY036DmnpPjx8/jnfeeceu85k2bRqeeOIJDB482Kb1nZycsH//frPXi4uLsXXrVhw+fBjx8fHIzc2Fs7MzAgICEB4ejoEDB6JJkyYW92nvtmlpabXaXqoZhhsj3iARETkeURQhCIL0J1FlMcCih9qPP/6IH374AU2aNMGqVatquzlE5dJqtViyZAk2bNgAnU5nskylUuHs2bM4e/Ystm3bhkWLFsHHx8dsHzdu3MA777yD9PR0k9dv3ryJmzdvYtu2bVi4cCFCQ0Mrfdzaaq8tqqJtlkRFRSExMREBAQH44IMPauQ/uGryPa0Ie2cR8vb2NnstJSUFb7zxBlJSUkxe12g0SEhIQEJCAjZt2oTXX38dw4cPr7Jta6O9VDMYXhEROT6GWFSVGGCRRRs2bDB7LTk5GaNGjQIAfPnll2jbtm1NN4voobdnzx6sW7cOANCjRw9ERkYiNDQUzs7OSE1NxbZt27Bx40Zcu3YNUVFRmDdvnsn29+7dw6RJk5Cfn4/g4GBMmDABHTp0gCAIOH36NL777jukpKRg0qRJ+OmnnxAYGFip49ZWe7///nvpplSr1aJPnz5Vfi0t2bx5M/bs2QO5XI6PP/7YYrBhC1vab1DT76mxXbt2QalUWmzX8uXLsXr1anh4eKBr165wc3PDb7/9ZvU8Nm/ejK+++gpyuRyzZ882WSaKImbOnImUlBQolUqMGjUKTz31FPz9/ZGfn4+rV69izZo1uHTpEpYuXYoWLVrg8ccfr9S2AQEBtdJeqlkMsYiIHBfDK6pqDLDIIks3NE5OTibPrd30EJF1zz33HLKysuDr64vnnnvOZJmnpyfeeustKBQKaShZTk6OSYiyaNEiKej4/vvvTZb17NkT4eHheO2115CamorFixfjs88+q9Rxa6u9xt83Wq22Wq5ladeuXcOXX34JAJgwYQLatGljdd3y2NJ+g5p+T40plUqL3+XFxcXYtm0bAKB///5wc3OT1rfk/PnzWLp0KQBg0qRJ6NChg8nyq1evSkMqp0+fjmeeecakrfXq1UPXrl3x6quvIiEhAb/++qsUCFVm29poL9UM48BKFEUGWEREDsjw3WwIrxhkUWUxwKJqIYoiDhw4gG3btuHGjRvIzc2Fn58f2rRpg0GDBqFdu3YWt8vNzcXatWtx5MgRJCcno7i4GF5eXmjWrBk6d+6M559/Hj4+Pvj444+xZ88eabuEhARERERIP48fP17qLWav06dPY9u2bbhw4QLS09Ph5uaGRo0aoU+fPoiMjIRcLjdZv2/fvsjPz8fMmTPx/PPPW9znyZMn8eabbwLQ95ow3AwCf9XKmTZtGp588kmsWbMGx48fx/3797F9+3bpBszWa2Pp2Fu3bsXly5eRkZEBLy8vNGzYEM8++yz69OljcqNtD+N29+rVCzExMdi/fz+Sk5Ph5OSE4OBgqf6Opdo9arUae/fuxeHDh3H16lVkZ2dL20VERGDYsGFWa/6IooiDBw9Kn6/s7Gz4+vqiY8eOGDFiRJnhqq3X23CcinyOy/Pyyy+Xufypp55CTEwMRFFEamqqFDrcuXMHR44cAQBMnTrVYhjj4+ODKVOmYObMmTh8+DBu376NkJCQSh23ttpri4q2rbS8vDy8//77KCkpQURERI0NCaut97Q8u3btQnZ2NuRyOYYMGVLmuunp6Xj//feh1WrRt29fvPTSS2br3L9/X3resWNHi/tRKBRo3749EhISTNavzLa10V6qfsa9rowfRESVIgKCKEAnEyETNdDBCRCAB/9nsqIgAhB0EESA3z7Wlf5uZm8sqiwGWFTl8vPz8fHHH0s3ZQapqalITU3F3r178dJLL2HKlCkmX15JSUmYMmUKMjIyTLbLysrCqVOncOrUKfz555/44osvqqXdxcXFiIqKws6dO81ez87Oxrlz57B9+3ZERUVVqpaMNQkJCfjmm2+gUqnMllXk2qjVanz++ecmQR+gv3lLT0/H6dOnsXHjRsydOxdBQUEVbve9e/fwyiuvIDU11eTYV69exdWrV7Fu3TrMnTvXZMjpzZs38fbbb5vd9Gk0GsTHxyM+Ph67du3Ct99+i4CAAJN1VCoV5s6di6NHj5q8npaWhh07dmD37t147bXXym13WdcbqPjnuCoY1zNyd3eXnhsmSfDx8UGXLl2sbt+1a1d4e3sjJycHBw8exIgRIyp1XEdtb2XaVtr8+fORkpKCevXqYdasWVV2/PLUxnvasWNHqXeVtbA3JiYGgH5oomHIoiXFxcWYOXMmMjMz0aJFC7z33nsW1zMOJc+ePYuePXta3NfZs2cBAA0bNqySbWujvVTzGGARUVUQBR0EADKdAAGAINNAhBwmAZYgQgQgiCIgiJBBC0GQ61MsZjJmSvfAIqosBlhU5T755BMcOXIE/v7+GD16NDp27AhfX1/cu3cPe/bswfr16xETEwMfHx+MHj1a2u6LL75ARkYG/P39MXXqVLRt2xbu7u5IT0/HmTNnsH79eqlX1cyZMzF9+nSsWrUKK1asQOPGjbF8+XJpX6V7SdnCOLzq168f+vfvj5CQEOTl5eHQoUP44YcfcPnyZXz55Zdm9VKqQkxMDBQKBcaOHYvevXvD399furm059oYLFiwAHv37gWgn1VywIABqF+/PnJycvD7779j5cqVuHLlCt555x388MMPcHV1rVC7V65cCVEU0aNHDwwdOhSNGzdGfn4+jh49iuXLlyM9PR3vvvsuli9fjuDgYABAcHAwnJyc8PTTT6N3794ICwuDp6cnsrKycOLECURHR+PevXtYtGiRNFwK0P8j+PHHH+PYsWNm55WdnS2d13fffVep6w1U/HNcFQyhRp06daRrBgCXL18GAISFhZX5GZfL5QgLC8Mff/yBS5cuVfq4jtreyrTN2C+//IKDBw9CoVDg448/ttrzrzrUxnuqUCjKDOGPHz+OW7duAQCGDh1a5v4XLVqES5cuwdvbG59++imcnZ0trte4cWNERETg8OHDmD9/PpKTk9GtWzf4+/ujoKAA165dw5o1a3Dr1i24uLiYHLcy29ZGe6l6Wet9VXoiAyIie+kgg1yUo0OjIsx+JQXJWe5YvdsHqhLj/0YWIOiAum4FGN4vC0E+WjT0rQsB9t97/B3odDrIZDKTXzKwFxZVBgMsqlKHDx/GoUOH4O/vj2XLlpn85t7T0xOhoaHo3Lkz3n77bSxfvhz9+/eXbqTOnTsHAJg4caLJb7sbNmyIhg0bIjIyEjKZDACkKeENN3yCIFSqJtfJkyel8Ortt9/GoEGDTNr90ksvoUOHDli3bh0mTpxY4eOUZ/bs2Xj66afNXrfn2gD6G1BDePXOO+9g4MCB0jJPT0+MHDkSTzzxBMaPH4/ExESsWrUK//nPfyrUZlEUMXz4cEyaNEl6zcvLC0OGDEHXrl0xbtw4ZGdnY8mSJZg/fz4A/Yxmq1atMrt5dHNzw6BBg+Dt7Y0PP/wQR44cQV5eHjw8PADob8YN4ZWl8xo1ahSeeOIJTJgwAcXFxeW23dr1rsznuLKuXr0qTaLQv39/k1AjMzMTAMrsEWNgWMewTWWO64jtrWzbDC5cuIBvv/0WgL4W0mOPPSYtW7RoEU6dOoVnnnkGY8aMqbJ2GXPE93Tt2rUAgNatW6N169ZW17t48aLUk6uoqAizZ89G586dMWjQIPj6+pqtP2fOHHz55ZfYunUrli1bhmXLlpmt06BBA7z//vto0qRJlW1bG+2lmmMcYvFmiIgqQyYKEAUtmjV0wRshDfHnLWDDgcJSAZYIUa6Fl1cJxj9XF438nSDKSiBChMAuWGb4HU1VTVb+KkS227FjBwD9zZKvry+Ki4vNHu3atUOnTp2g0Wiwb98+aVvD8JYrV65Y/E2qcUBjD41GY7EdJSUl0jpbtmwBoL9hMw6vjDVv3hwzZ86sluGDANCiRQuLYQpg/7XZunUrAP35GIc8xpo3by7Vftm6dau0X1uulzF/f39MmDDB4rJ69eph3LhxAIAjR44gOztbWlY6vDI+lqF4tiiKuH37trSO4fNV1nm1aNHCYk0bS+tZu96V+Rzbe/2MJScn491334VWq0VoaKhZzy7DcEdrvUaMubi4ANDXTqvscR2tvVXRNgDIzs7GBx98AK1Wix49euDFF180WZ6WloakpCSLgVFl3mdjjvaeJiQk4OTJkwDK731VXFwsffeo1WpcuHABy5cvx/Dhw3H69GmL+zb0OLMmPT0dp06dMhsOVplta6O9VL1K977iEEKih40IiH8VjxIf/M98rQevirCyRlW3SgAgQvZgaKBMtNCzUwQErQw6ARAFLeRCoX44IcMri/h9TVWNPbCoSl27dg2Afvp14yF91hiGqQD6YugxMTGIiYnB8ePH8eSTT6Jly5Zo2bIlQkJCKpzaL1iwwKyuFQA0adIEq1atMml39+7dK3SMqtC+fXury+y9NraeT7du3bB69WpkZWUhPT0dAQEBNl0vYxEREWX27OjevTsWLlwIrVaLW7du4R//+AcAfXjw008/4dixY0hJSbE6U1t+fr703DArmK3nVZayrndlPsf2Xj+D27dvY+rUqcjMzERwcDCioqLMehUahrYVFRWV2ya1Wg1A3xuuLLYc15Haawtb2mYYjnr//n0EBwdjxowZdh2jou9zaY70ngL64ZSAvrdXjx49yly3Q4cOOHjwIHQ6HTIyMnDs2DF8//33yMrKwsyZM7F27VqpaHxCQgL++9//oqCgAA0aNMCIESMQHh6OunXrIi8vD0lJSdi8eTP27duHH374AXl5eZg8eXKlt62N9lL1KX3TU3o4IRE9HAy9lfQF0AVA0EInyk17VgiAVtBBrlUAkEMnaPSF01F9PXlkUmAmQhREyKwMCxQFQw0sQAe5/lyqpUUPP+Pv59K9sNgriyqCARZVKeMeNrYw7kkwadIkKJVKbNiwAUlJSUhKSpKW+fr6om/fvhg7dqzJDH5VxdDDok6dOlW+b1uVNTuYvdcmKysLQPnn4+fnJz3PzMw0K5hui/KO4evrK411N7QrOzsb48aNw927d8vdv/FNieHzZc95WVPW9a7M57giEhMTMXXqVGRkZKBBgwb46quvULduXbP1DOd97969cvdpWKesa2XrcR2lvbawtW0rV67EiRMnIJPJ8Oabb6KoqMgsRDL0plKr1dIECk5OTlUSshk4ynsK6L83DJM+DBkyxOYhhzKZDHXr1kX//v3Rtm1bjB49Gnl5edi9e7fUG/LHH39EQUEBgoODsXz5cpPv8Tp16qBOnTr4xz/+gaZNmyI6Ohrr1q3Dv/71L9SrV69S29ZGe6lmWKqFRUQPCVGACBE6mRaCKIegE6AQFRAFLUQBeNARCk46J+iEEohCMeSiDPrBQ9Xd20kGw9SCIqzPMMjQyjalhxAytKLKYoBFVcrX1xepqalmdaRsIZfLMWHCBIwdOxaXL1/GtWvXcOPGDcTFxSEpKQm//PIL4uLi8O2339o1nHDWrFnlzipWp04dpKSkVKj+juEmr7Cw0Oo61ma6s+cY9lwbw/mUnrWwNOPlhptiW66XsfKuWVZWlnRjYTjGL7/8grt370KpVOKtt96SZlgzvK8FBQV45plnzPbl6+uLu3fv2nVeFVGZz7G91y8hIQFTp05FVlYWGjdujP/973/w9/e3uG6rVq2wf/9+XLlyBVqt1mrAoNVqceXKFQAwqelU0eM6QnttYWvbcnNz8f/+3/8DoC8u+u6775a53x07dkjDStu2bYtvv/3W7vfZGkd4Tw02btyIkpISuLi4IDIy0v6Tgb4HWmhoKK5fv46EhATpdUPh+T59+pT5S4hBgwYhOjoaWq0Wly5dQr169Sq1bW20l6pX6d/mGz8nooeDAAEQBcggA0RAJ4gQZWoIogyGbEMUAK0gQAcFZKIOgihCK9Nvyxo4D4/S39eGEAvgzIRUMfz7T1WqRYsWAGBSE8heSqUS7du3x4svvogZM2bg559/xocffghAX4S3vJokFdGyZUsAf83YZQ9Db4zk5GSr68TFxVWsYaXYem0M70N553PgwAEA+h5L9tzoGjt69KjV4X/Gx5DL5WjUqBGAv65Hv3790K9fP/j6+pqEktb2FxoaCsD286qoqvgc2+LGjRuYPHkysrKyEBoaiiVLlpT5PnTr1g2AvoeYoZi9JUeOHEFOTg4Ay8Mt7T1ubbfXFva0raSkxGFudmv7PTUoLi7Gpk2bAAAvvPBCpWZiNPz9tTSzaVnfFaWXl/4P28psa8t2Vd1eqhnsgUX08BEhQIQMaWotrqm0uJkN3MgREJ8N3MwCbmYCCZlAUqYWyRklSMwScUcFaHXCg2GE9LDgdzRVNQZYVKX69+8PQD9rnmH2q9JEUcS2bdvMipGXNYQmIiJCem48XMtQ+NgwNK2iBgwYAEAfAm3evNniOtevX8f8+fPNhpeFhYUBAPbs2YOCggKz7ZKTk7F9+/ZKtc/ea2N4Hy5dumT1fbh69SrWr18PAGazGNojLS0NP/zwg8Vlqamp0rKIiAipAL7hWNZ6rf38888WX3/uuecA2H5eFVWZz7Gtrl69iilTpiAnJwdhYWH4+uuvy50gICQkBF27dgXm0pIfAAAgAElEQVQAfP3111KgYSw7Oxtff/01AP01DwkJqfRxa7O9trC3bX5+fjh8+HC5D0O9tsGDB0uvGWYsrCq1+Z4a27NnD7KzsyEIglkxewOVSoXPP/8ceXl5Vvdz8eJF3Lx5EwCkyRiAv74nd+/ebfEcDQwzIAqCIAXJFd22ttpLNcNaTywicnwCdNDoNPjhoBbd52rQ/ZMSPPmxDl0+1uKfczT45xwNnphdgk4f6tDxQy06zdRh7OJs3M/Tb00PD35XU1WTz5kzZ05tN4IeDrm5uVIw8MILL1ic9r1Bgwa4c+cO4uPjcfz4cdy5cwd16tSBm5sbCgsLcfbsWURFRWHdunXQ6XR4/PHHAeh7RLz66qvYs2cPtFotnJyc4OTkhKKiIty8eRNff/01kpKSoFAoMHnyZOk35Wq1Grt374ZarYa7uztatWqFwsJCnDp1yq4b4eDgYNy7dw/Xr1/H0aNHkZ6eDj8/Pzg7OyMzMxM7d+7EJ598gkuXLiE9Pd2kuLG3tzd27twJtVqNP/74A8HBwXB3d0deXh4OHDiAjz76yCR0GzVqFJycnKSfN2/ejMzMTISHh0s3zMYqcm3q16+P5ORk6X24f/8+6tatC2dnZ9y/fx9bt27F/PnzUVRUhCZNmuD999+HQmHfiGJDuwHg/PnzSEhIQN26deHm5obMzEzs2bMHc+bMQW5uLtzd3TFv3jypV0daWhpOnz6NmzdvQqlUIiAgAKIo4ubNm4iOjjYJjZ599lnUr18fANCoUSNcvnwZd+7csXheW7Zswfz580162AwcONCkJlZ51xuo+OfYVpcuXcKbb76JvLw8hIWFISoqCq6urtBqtRYfxsPK2rVrh+3btyMjIwMHDhyAv78/fH19oVarcezYMcyePRupqalwd3fH559/Dg8Pj0oft7baayCKIn788UcAQI8ePaSeeJVtW3l27NiBu3fvolWrVujSpYvtb7Ad7Qdq5z0tbe7cucjOzkZERAQGDx5scZ1ly5Zh48aN2LJlC1QqFZycnKBQKKDVapGcnIzNmzfjiy++QElJCRo1aoQ33nhDCqvr16+P7du3Iy8vD7GxsZDL5XB1dYVCoUB2djYuXryIJUuWYNu2bQD0YfULL7xQqW1rq71UPSwVcC/9sPffMSKqHaIgQCvK8Hu8DL/FO6NQdEWxTokSUYkinTOKRRcU65xRrFOiWOuMEtEJvu4Chj6pgKdLDURYDw5wN0vA2v1aFBS7mK1Sx6MIw/vI4eOmL9rFTriWabVayGQyyGQyCIJg9gDYg/nvyFB31pZ6yAZBQUEAAEFkDEo2unPnDoYNGwYA+Oabb9CuXTuL6xUVFWHhwoUWZ+gycHNzw9y5c/HEE08AAK5cuYLJkydLs2xZIpPJ8N5776Ffv37SazqdDhMmTJDqlcjlcmi1WigUCmzYsMGmYt4GxcXFWLx4MbZu3Wp1ndatW+Pzzz83KwD+ww8/SDeopcnlcowePRorVqwAoO/pYFxTZcyYMbhx4wbGjRuHMWPGmG1f0WtTXFyMqKioMt+Hxx57DHPnzrUYRpbH0O5Bgwbh9OnTSExMtLien58f5s6da/J5KSgowMSJE6VZBUuLjIzEgQMHkJubi8WLF6NTp07SMpVKhY8++gjHjx+3uK1cLse7776Lzz77DACwYsUKNG/e3Kzd1q63QUU+x7ZQqVQYMmSIxd56lri4uJgNZbx+/Treeecdq7W+/Pz88MUXX5gEJRU9bm2115hWq5VC4w8++AB9+/at1DnZavLkyTh79iwGDx6Mt956y+btSrPWfmM1+Z6WduLECen8vvrqK4SHh1vc/uDBg1i4cGG5de8aNWqEqKgoBAcHm7x+6NAhzJs3r8weUQDw9NNP44MPPjCZObEi29Zme6nqGf8GX6fTSX8aB7QuLuY3mUTkeEQAJVoB8/bpELXPCaIoB3QAdAIgig/+xIPnIiAKaB+Yjw1vOyHYS6y+AOtB4XYI+lD8zE0ZBn1QhPsqo//uF/Wl3UMDc/DrAiUa+8nAAMs6tVoNuVwuPQxBluFPgAHW35Ghc8eZM2ds3qZDhw4AWMSdqoGzszNmzZqF559/Htu3b0dcXBzu378PhUKB4OBgdOnSBS+99BJ8fX2lbcLCwhATE4Ndu3bh5MmTiI+PR05ODuRyOQICAvCPf/wD//rXv8xucGUyGRYtWoTo6GgcPHgQ2dnZCA4ORkREhN03E0qlEtOmTUPfvn3x66+/4sKFC0hPT4erqysaNWqEZ555BpGRkRZ7MIwbNw7t2rXD+vXrcfHiReTl5cHX1xfh4eF4+eWX4eLiIgVY9qrotVEqlZg1axaeffZZbNmyBZcuXUJGRga8vLzQuHFjPPvss+jTp0+lf2Pt5+eH5cuXIyYmBrGxsbhz5w4UCgWCgoLw9NNPY8CAAWaBn5ubG7799lusXr0a+/fvR0pKCpRKJRo3bozIyEgpwLLE09MTUVFR2L9/P3bs2IEbN24gOzsbvr6+ePzxx/Hyyy+jQYMGUoBVURX5HNuisLDQ5sDBmubNm2P16tXYsmULfv/9d9y5cweAvtfIU089hYEDB5rVMKrocWurvTXVNkdRk+9paYZhcKGhoVbDK0Bfe6tLly74/fffcezYMVy+fBkZGRkoLi6Gj48PGjdujB49eqBfv34mvUwNunXrhrVr1+LXX3/F8ePHcfv2beTk5MDFxQV+fn5o3749+vbta7FnZEW2rc32Us3g72CJHl4iHgQXcgHQ4kFhG31YBQGA9sHfb0O4IROhY87xUON3NlUF9sAiogqxtScTERFRZZXugWX8YA8sooeLCKBYK+DT30R8/psCok72V68rHfQhls6oJ5ZORPugPKx7Q4kGnuyB9TAx7oFlGEpoPKQQYA+svyP2wCIiIiKivx3jYIuIHh5SZCET/vrJ8NdYJ/411ZjhuSCwfPtDiN/RVNU4CyERERERPbR4Y0T0cDEEUYLwYISggAchleH5g2GEgvjXa0yvHlr8jqaqxACLiIiIiB4KvBEieoTIoA+pDOGVDH/Vwnrws2B4nf4/e+cdIFdV9v/Pc+7sbhJCGikkhBZCEV6DgDQrTUCKBQWUIoqRpj8EERWpFgRfkSZN6SgRwaBSFFReEBAQkQCCSOghhZCQsmm7O3PP8/vj3nPnzu7M7swm2bTno5OdueXcc87MhL3ffJ/vWauwv8uN3mIlhIZhGIZhGIZhGEafERYZxEmSe+VIsq+CeOUBr2nklJRFLsMw1mlMwDIMo1fcdNNNq7oLhmEYhmEYxhpGEpRO6rjSxIUVAtuRcu6VaiJwqZp4ZRgGYIZMwzAMwzAMwzAMo49QFI9HkCTDPVJwvpx5FTKwHEgU44jBQYxghWeGsW5jDizDMAzDMAzDMAyjT3AKLcAB25QYM7TI09Ph1qf6U5R0pyZuLHHKe4a3ccxujrHre4Y3K6KYG8sw1mFMwDIMwzAMwzAMwzD6BBUQFXbZMOK9GynrNRe5dYoH75IyQq8QJT83GtzO0TsPZmihhEgRL1nSu2EY6yD27TcMwzAMwzAMwzD6CMU7jyoUvBCpB1fKlRCSPhdUIkRLAJSkCTX7lWGs05gDyzAMwzAMwzAMw+gznDpUPE4lEaUcqfsqPUAkDXiPUFEQT6SSLFS4slkBQVsa/pDyluSpdDqIRKzT3D7T6AyjJubAMgzDMAzDMAzDMPoEUUlFqUS8UgdIlIS3u3TlQUfqwIoRjVBJxCtZ2epOmh8vVGpKjaJ4HB5VBXXJODUJsM/+J4oqeEqpMJeE1FtQvWHUxhxYhmEYhmEYhmEYRh+RyUOpSEUiWgW1yGvZZuHC5jXJlqQ4jfAaoS4m8kosHhAqLWSK4HG+P6JKHLWjFNaokRpGX2MOLMMwDMMwDMMwDKPPEEDzdiPR5BEy2kMe1ipVc5bn4jFInFQHuo40uV6yIWVDE8ER410HaIFII7NgGUY3mAPLMAzDMAzDMAzD6DMkzYfKtBqRdCNlN1Z2zKpTdHonYUna4xLzFimPv9COajF1YZVREl2rEAtxwdOswi7b9mfEoGh5u20Yay0mYBmGYRiGYRiGYRh9guaeaKpViUvVqrTSDpXMiSXhpD5yY5VFtfDQstpUJ5Iup/jC9JgvXhixTFtwvuv5iuBU8C5mcLSUm84v8rHteidgKZpqgDnBT6zgyli7MAHLMAzDMAzDMAzD6Bskr0cpIiRB7gFPFnQjIggO6WMfVhLgrhClffHJxvC0nvOT+C5HiX6o9iMGuqpwigooMUWg6GLaiDIPV704D7EAGtGEJxKfutysHtFYuzAByzAMwzAMwzAMw+gz8vFWiqQlhOlGJ0mQuyQuLM3W5usjC1YuY14FiMIGxdejXnVqquJZV/0qDQOLWFps4ZjvFnEubrjLTgUfKU1uERd8RThi7/WInF/5qzYaRh9jApZhGIZhGIZhGIbRd2Th7elPRyLkOCpqDDUcLKEsr28cRZnsEwLls6o+Tf+vK64rIoDHR8qSYj9607CoB/EUovXoiNuJiFGNEHNgGWsZJmAZhmEYhmEYhmEYfYLkfiYPyTmv0p2hhNBJt8arTOBKD1ohfqOcNiWhXxoCu6ivhrCu6yiIRxObGXgH4jvVU9bZlBPQCNTjHaAOcSFQzDDWHkzAMgzDMAzDMAzDMPoEzf1UBJXUeUW6EmFWQSeICGlIFBoC3Sva8sn5KjhcUo5YzcGkiuAop1jF3QScO4S4a4i703J5oawoYahsRRMvSZhVHaapJNhe8S4JDBMv6fxomhdmxYPG2okJWIZhGIZhGIZhGEafEBYZhORJ4nLSNAsqXX3QJ6KWSpqFVUMwchrhfCLZJGJWSIDvfLxHQxJ7cmZNgUcA1SRGXUKIO0BYRdB5JBKCcWy5ivTUZSKZujDWnlrUtIRRCDWXYTVHn4pyVjporK2YgGUYhmEYhmEYhmH0GWXhJ825clIONJdUjVENViNqhbirlChJEoKeKl44PNXq/FTi1K3lEK0mcnXqYP55cGIBRJITiKT32VySjNl5xQfhKihR3Z+Y5oV58IlLrVxKaRhrNyZgGYZhGIZhGIZhGH1DqrNkpqogUjkt606RZIdqN8KMqEvlI0GkhMPjiVCJKg/0iVgkAk59udUetCIN7rBgt/JJH1UEXSFlhDkhLFaa3Dw8UbdnJL6rFtq1H7g4LJWICVjGuoAJWIZhGIZhGIZhGEbfEoQsJA1wl3JEVXBiua4LFnZuJAYWdUS8u8zhu2Q/pa80yGBCi1NGrCf0K3TN1Mr3LatcLFfqUXY/hcO6aSMbpFDLQZa04MCVGFBo5/IzmvjIlv27bXNJCSb+aDr/emUTPKn7ykoGjXUEE7AMwzAMwzAMwzCMPkGzssBEvMoEmKDaZNnqmlbuJUHuITcrL+4oQuyFO18o8u17ShRjh6okTilNL+bTfK04eb7xoGXcctwgdhjTVSbyeFxaFqgCGgVxTdO8KoXIlQUjERSfBsRXa8vT3BRTKClx1WwuxangXczAqMiIwcJGw+LuBayi0L+piBdNVh4MIfOW2m6sA5iAZRiGYRiGYRiGYawSBBCXqi8hZ11S4cilDq0e1JnYFWiPWiiRCliOdDXDXD6VALHS4aSHVfpyalDmwErb8bltVQ6v3OTYbSvHC7cUiEpCHIUsr/QYAY9QUKXkmij4Jga3tFVvsBrLnSBvGGseJmAZhmEYhmEYhmEYfYcmmVKarqCXLagHFVlTkq3KV13UCSV+Es73ae2fJ4mF8prkaXnNhCiRnsr+ICsODOJVdn7i5pIKw1WVfpEIb66gjIo68ETpUeVjg/YUqeKJU0GqH2hsbirDqIEJWIZhGIZhGIZhGEafkwWph+yr8DOs+ieKr2NhvmQlw/SRrV4oZVHLada4OrJyxO4QIRGqXC6FS5P2MtGtmx4lslvi9lIpb8naV0gKEB1IEUiC4VdINrxhrKWYgGUYhmEYhmEYhmHUJJNwfHlFPqVKdrgEUUqz1QHTzZ1aS8PQ0+wryULSqcjAyvKyQqh7LVIXlkaSZF1lYfCUA9hTYcuFi6UusJoNBgdW5g5LSwhdmsdVqUd1IrmGeIe6IpGXLPWr8jIeLxGCEPkI7zrSrK3aQzWMdRkTsAzDMAzDMAzDMIxu8SQlfQXv8HhwPnUPJfsFcGkJX4wgmghQXePNk6MFrdSkovQiwYmFgHNJiHsda/1pcF2FdjKhLLtkIj65GvYpAZf2ViVRqDQicWClwlUyEYJILra9WtckyFUepdCNW8vhJE60MVcCTLwyjO4wAcswDMMwDMMwDMOoiShECrGDYqEEmqwOKPgKF1LJCU5jIgWnjpKAVHFPSf6nSNklFVShtIxQcisWViV1QUlaPig+dX3lVbOwEmEQtqotBlh91Gm2Vi5g3qWT0UMZouSeSHBydXekiVaGURcmYBmGYRiGYRiGYRg1UfF4pxRKzZQiQSTGeVCJyIswTj1OhZKLKDkh0nYS1Seq2q4PClTIqoKyYERyWnBDVdd4pCyOCWikXdvxPpeFBZqWLXYnGmnIjM+HyxP6KFl4vGEYfYsJWMYazfOvvs3chUvYY8ctVus2DcMwDMMwDGNNRrww3UF77Ci5VJTSyoBz8anu45UBDjYiSkLYu21YykJROLhz3WF3bQS1SSi7uXwQxlKlKawiGNxa9Yw3tFexQqKUnVhqGpZh9DUmYBk1afrgd/Dpv2A4J2w8aggHfmAbvnX0Hmw8asgq7h3Ma13K+794OcVSzN0//RIHfGCbld7maZfdzaW3PcpO24zlj5ccy/Ah6y33Ndd0SrGn5UNnAPDAlceZ8GcYhmEYhrFaoGgaJC4iqEqn1HVNs9TTvCaRymo9yT8VFviIU17u4K8LCsQIzneAd6gnEZFSzUgVotjzqRFFrti+hfWSQKpOPSu3m5TkabkmL5T85csOc7u7BsID4hAXwt7TWkQll10VRC4lUg8VwVi5cabDEEnWDJR8uWG2QmI6b1KrFcMwVhYmYBk9Mmi9fkSR8Oas+Vw1+XFuf+A57rt0IjtsPWaV9mtg/xb+Z4tRzJzTyrgxw1Z6m//8z1s8POV19t55PJMv/ALrD2hZIdc0DMMwDMMwjBWP4OICpciDFJnnI1pV0EQ2IrdkYHJ4WKkvfa7khBmFhV5Z5Bxt/QSKTcmqf9kKf1Je9S9WYkoUI49L1KAuPcuEn1SV0giIwwVDiZ8GzSmJfK/oUNqOJGHwkZRwLsIheO9yYlM2FYiUcBqjEaiTRNyrOm+a/pl3hqWNpEKbSlU1zTCMlYwJWEaP/Oybn+So/Xfkzbfn84XzbuPRZ9/gyHMn8cwvT6W5qXo9e1/Q3BTx1E1f77M2d952Y/5508kr9HqGYRiGYRiGsXJQYldMdalmLpqzjNvamyhJBD41KvlUs8pMSYmopTGZoKXZsR0s9v0TQSryyWp+3kGcK9dLw9Iln01VhbAnE7KEckxWWqIXFhVUtOKcinZUaRbPnptE3PQJ5alZMZc+HlOS5mzVwST7StlqaDvn7tPE+q7AuJ6KSVIDWLYAYhDYSPtmwpVhrBJMwDLqZtMNh3Lr949g3CEX8tKbc/jjY//lUx/dDoCrJj/OFXf8nddnzmPsyMGcfPiH+H+HfjA79/WZ8/j2FX/kb1Neo72jxITxoznr2L3Zd9etAOgoxpx37Z/51X1TeLd1CVttPIJvf2FPPvex7Xlj1ny2OORCAG48+zBO/9m9fOLD23L1tw+pKF3bbPSw7LgLvvpxrp78OO/MX8w+O2/JNd8+hNHDB/V4rWrlcN4rl9z2CNf+/h+8+fZ8Rg8fxJcO2pkzjtmTQuR4/tW32f6oSyhEjuvOPJQf3PBXZsxZyPu2HMN1Zx7KezYbWXU+W5e08fWL7+J3Dz1P/5YmPrvXe/nT4y/x+sx53H/5RPbZecse57aRa3fXTq05vva7n2V+6zLO+cX93PnQ8yxc3MbWm47gjGP24rN7vXd5P1KGYRiGYRjGykKFSB2C0uGU1qYCc6UFH9xSnkTcybunUjFLHElpYHAxecC1ICUQFFVBvCSB6JlDqfxc09K7aiv15TcFcSprI5TsBWHNkapFnuoSlqLi2HigY5OBHhdKBlUr2/TCwP7Cx8cLLVpAJe7GPJXYvjT0K7jMIk1ELOcTJ5ZhGH1OnRF2hpEwduRgdtgqKR3865MvA3D2z+/n/130e156cw4jhw7k9ZnzOeXiu7j+rn8CsLStyD5f+wWTH/w3W28ygg+/b3P+/twbHHTajTz+7zcB+NIPfsOPf/kQb89bxIghA3nulVkcec4kJj/474rrT/zRb5m7YAkdxZjuOOPKP9HeUaKtvcQ9j77IUefelu2r91qBUy65i2/97F5efmsuI4YM5M1Z8znv2j/zjUvvrjiuFHu++P3fsLStSEcx5onnp/GVH/22Zh+Pv2Ayt/zxXyxa2o5IIjC9PnNexTE9zW291663HaicY1XloNNu4KrJj9PcFLHj1hvxzNSZHH7mr3jgn6/UfgMMwzAMwzCMVYskDiyHp5SJSakzyglEDqIInEueu/I+deGY3E8RtIlEvCn4RNAJLqcohKhTFqHyjy7kXFWS71P6U0LYeiKSdScXeYEmLeI0CXDXiNxY0v44wYngKCWViqHssbvpS7tWHo8kTqzQdrena+5Bp+eGYfQWE7CMhtloxGAAZsxZyJz5S/jxLx8C4OpvH8Kbf/guN597OADfu+4vqCpPvzSDN2bNZ/DAfvztmhO4+6df4oRDdmP78aN56r/TeeG12dz2l2cBePiaE3nj92dw7sSPAXD5bx6tuPY+O4/nrou+xHeO2bPbPk76wRHMvPds7v7plwB46OlXmfLSzIauBYlz7MrfPgbAby84mml3fZe7LkravPK3j/HiG+9UHD/5wi8w/e4zmfT9IwB4/N9v0t5R6tLuK9Pf5fYHngPgujMPZea9Z/P49V+rOKaeua3n2o22k5/jp1+awRPPTwPgsWu/ysM/P5GP7ZI4w37z12e6jMswDMMwVhWqusoekDhJfBqa7dEs4LnzwzD6DkE0WQUwUkckLifokIanQ5L2lD4c4EoIviI/KgtalzjNf3KpUESy3WmliJUXrjr9rplpR/n2Q3+CiysVnZIYquR/+dD0MonDzKc2KRfqHSOSh5TbkggijSiEsXXO08rPnCbX853nKxXaJLiyqPGP6prUYaoqkobcJ39fkHsoXhVVh6qk+6020TC6w0oIjYbJ13w/9PSrxLGnX0uBYw/eGYDP7vlevnDebcyYs5DZ8xaz6YZDKESOhYvbOOLsSRz+sffxw+P3Z+ig/gBcfefjAIzbaBi7/c8mAJxwyG6MGTGIgf0rg9Kv+OanGbdREq5eiruuaBLYdbuknQM+sA1jRw5m+jsLee7VWSxt66j7WgD/99SrAIwePohP7/E/ABz4wW0YP3YDXpn+Lg9PeY0PTtgsO/5D2yfP37dVOeB+9rzFbLJhZaH90y/NAGDYoAF88cCdANhl240rjqlnbvPUuvY/XpjWUDv5OQaIH/9xxf7/2WJD/vLky0x/Z2GX+TIMwzCMVcXnP/e5Pr1eEh0NUeRoaenHyBEj2HTTTdl2223ZcccdWX/99ZMbfct6NlYhYf09SFfNc7kNYWeUCLASa1pSWCgfF4Qen6xmqBTS1Qo1KR+UtAQxy4qSJBOr7pyo3BckrBaYlQEGF1b9zWTOqBAe7zRbObCzH6q77mVT1NlNlit5LGtNVdO5UAooQsklgpnzLgutz86TGCiBhLpLwzC6wwQso2Gmvb0AgDEjBmXiR1t7KcuOqjh29gJ22XZjfvW9z/PVn/yO2x94jtsfeI5C5Jj4yV245JRPsGBRGwBD1x+QnTdy6EAmfmIXIMlnCjjX+K9/w4esx/R3FvLOvMWZ6FXrWp1FsTkLkvFtuMHAiu0bbrA+r0x/t6aII7n/Ynvt+m9Fs+ctApI5lBr/da9nbge0NPV47XraGTm0PL7Oc/zos29wwc3/x5SXZvDO/CXlf2m2f0Y2DMMwViP+9eQ/Vtm18//tVVWam5vZdttt+chH92Cvj32MbbbeGhdFNf+bbxgrj0TNyRYb7KSfEGkSdhULKg6iGIjBR5XHOUE1xqngCyR1e7GU63mUsliUlv51q2ClCpKiqdCbHptvr8YKhrXaKvc3iFhafh5rdkztSPgqOMpOrqxfqXDXXZcERH26eqLgYlfpOgtdxaFSSsWrCOmhXcNY1zEBy2iIN9+ez7OvzAJgz53Gs6y9CCSr933tsx/ocnwQRg7dewKf/Mh2PPT0q9z79xe59g9Pcs2dTzB+7HCGrp84seYvWpqd19Ze4o1Z8ygUIgrR8v1rxDvzEwFn1LCBLG0rdnutzUYPrTh32KBE6Hpn3pKK7W+/mwhQQwcNoDeM3iAJlJ8zf3HNYwYP7Ad0P7eLl7b3eK162qnFi2+8w74nX0tHMea0Iz7CjttsxKT7p3DPoy/2eF3DMAzD6EtWF3FIRCgWizz77LM888wzXH7Zpez78f0544wz2GjsWECQum0lhrEiyH03Qhlc0Ek8oI5+EtPPeaKipLnuxcRlBYgT1CvqYJlvKruv0rK+cog75byonHtLtatuBmQr/UnmcAoCWE4IE80ysKQH21Qm0qVlkVkwfermyofn1PO3haRjL7eZjtNLKr7V7oniESIUiF0JpTk5WfL/WC5ZLaVKAace1SIihTp7aBjrHiZgGXXz1uwFHHXur4ljzxZjN+CgD76HOQsW45zQUYx57/jRfOGApBzu9397gfdsNpLNRg/l4l8/wgU3/R/77DyeX//wSPbddSsWL+3gpnuf4tXp73LiZ3YH4LUZ83jyP2+xy7Yb84s//INTL7mLCeNH87v/Pabhvj7+7zfZbPRQ/vyPqcyc0wokpXWRc91e6583nVzRzp47bQEkeV9/ePgFPvmR7bj/iam8Mv1dAPZK9x35A3AAACAASURBVDfKjltvhIgwe95i7njgOQ7de0JWVhjYY8dxPc7t86++3eO16mkn73LL89DTr9LeUWLzMcP48dcOAOB3Dz3fqzEbhmEYxrpGuI+//49/4pFHHuErxx3HcccdT0tLv1XdtVVPd0YTu3dfgeSKCIMzKl9C6KDZlzh+fc9x6wlNqpTSUwRJ9K60XLZVhdPfbuORRS2opOVwvtMqgoG0xK5uP1G+ZJGcaBTEpx4+ExUZc0ERy0QnLfdHtO5OZYc5KQtrqdNMs8yuagjOF0A6eHVexE1/XsKSuI1IQ4lm7lCfZObhI/pFJT67z2B22FjsK2AYNTABy+iRr198F6dddg9zFyQupA0GD2DS94+gX0uBjUcN4dtH78EFNz/Il35wO2decx/L2ovMb13GhPGjefqWr/Ppj27H96/7C7c/8BxzFixhg8ED+MPD/wHg4A9vy3bjRnHo3hO444Hn+NBxVzF25GDeTAWVr3/uQ73q81Hn/ppvX/FHZr2biFcf22VLJowfDdDQtbbceDhf+eQuXPuHJznk27cwduRgZqSC2BH77cD7thpTl4jUmXEbDePz+76PSfdP4XNn3co3L78nazdQz9zWw/K0E+bs9Znz2PrQ/8Wr8tqMZKXE4L4zDMMwDKMGUr4RXbZ4CZdffAkzpk3nzLPPYeD6A1PXWD6laO0hRA6ICFNfeomzzz6TxYsXZ9uDSaYLAv8zYQLf/tZ3GDJs2GrjrFtzCTYkzYW2p5sl/RnBEJRNvRKR5mHlc61IXFQLJGJoSWmhA18qAD4p/6tQjxRXcgjtNOEp+JaqzilNN2h6vUwcCn1K++jzVYoSzqpsTHAEXUqdJmWRPtuZiWsiSTi7pAst1JSJJLV/dQ679yFTK+lU5FPVrdr4xAMF3lkIv3h4AIvb+5ffijiZX/XpxMXJyQNcG7tMKLHDxs3V+2UYhglYRs8sWLQM54RNRw/l47tvzbeP3rMilPyHJ+zPZmOG8bPb/85Lb85h4IBmPrvXe/nhCfsjImw+ZhgP//xEzrrmPh6e8jpK4kD61tF7sN9uWwFw8zmHs9noodx6/xRmzmll281HcdqRH+GLB76/pjuoO354wv7ceM8/aW6K2G/XrbnmO4dk+7q7VrVg+CtP/zSbbDiU6+96kunvLGTsyMEcc8BOnHXs3o1PZo6rvvVpmgqOyQ8+j1fle8ftyzk/vx+Afs1N2Ti6m9tG5qM37XxwwmZcf9ahXHDT/zFzbiu7brcJR398J7533V944bXZeL/2/cJtGIZhGCsDVUVE+O3k39Lcr4WzzzqHQnNTnUHXay6qyptvvMHzzz5HR0dHj7+/KDB4yNBuF+sxloMw/Y5EOAkCVT78vJqyKMp6lPjGCMeRcYxqUg4nmXiVNBSjqbAjjGlqIpISXgTXjadIckJZViuYakPipE55t6x8SRif7/SzAbKyxyCAxZQdbCTf5fIBNbqTZnipi1CJyiJYpGj4eKd/LyiKuigNdTcMoxaialHMxtrBG7Pms8UhFwLw6p3f6ZJntboxe95inpk6MxPxbvvLsxx5ziScE2bcc1a32VSGYRiGsS4Rfl313idLz3uP9544jrPH9tttu4p7WZvOv243NTVx7vd/wGc++1mitTTcPT/mn199NZf89CK893UJWLvstiuXXfYzho8YsZJ7uQ6Q5lW1SYHTlpW4SVtQXNk15aG5FPOd/jHf6kfqwPJlB1ZoBgVKiC/gnSJaSALdJVlhr7y6nkdUiQUidSge76STfqRousxhLHD72yVO/E8/OjQqZ0yhuDhm72Ft3LRzgaFpAxKCs8pNUd7j+eNM+NyfI0o0lR1P6c+dh7fxwCGOAsmcdBbVgnam4sE7npoDh91c4u1l65Xb8Umo15aDFvL741vYfAig0kWI1tSZ9fgbwid+6lnS3j9tQ8plhLGWt6EMcG1cf1rMJ3ds6raEcElROOS7b/LwS+OSsP1sJUil4Epc/LWlTNynX1aJuSpZtmwZURRlD+cczjlEBJdGu6yNf/8Z3dPamlQeTZkype5zdthhB8AcWIaxyjj+gsnc/eh/2HT0UAb2b+aF12YDcOIhu5t4ZRiGYRhrERU3aKoUi0Uu+t8L2XGnHRg/fqtV17E+II5jXnn1VcBuVFcNIdAqdTLlA85DTpSEfKjaq0yLCqoteIlBoeRiCl4JulX4KeqIJXESxVLC+QinnUSnWt0MP9NywpBZpVUP7EpYILDCZRZKJfNllHWSOLm0k4urMmC+R4lINBl6yPgK9YZp6SbeZ50X0VWvOBnGao4tgWIYq4gfnbQ/n9nzvbQuaePlt+ay7eajuOjkg7jklINXddcMwzAMw1hZpKHYCxcs5De33UZHR8dKv149j2qbl+t6KUuXLGHG9Le6uNBWR6pOTZ3zt7qi+Tc3W/EvfRJK91y6XZWw8mCXIYkiroTgKXgh8oLgcD73SF1VLj1GSEoTtaoo47NraLYKoZSD20NfaydV5UaY/K9CuMqNrZxlFdQ2qK4UhR6FlQHzbWm5vbSv9b31UtkHRyqKaXnM6XshztQrw+gJc2AZaw2bjR5K/PiPV3U36mbbzUdx+4+OWtXdMAzDMAxjRVCHGQPIbqJVlcmTJ3PEEUcybovxK69fdd4Tr+hb58RtpSyYP48577yzgltfOVSdgzVcU0hEpPLzTMSJSHKdSFxOZAHpuWO7tJSUyvko54KQzkeln28BIarhUtIkxD0fIxVEoix8PRF28jpb1Y5lrzUbn7pUVvJU5mClkyFB8KrSLwj701ywIDoF1xRA1LOhLOtbXpjzWhYOO0+gzwl5hmHUxBxYhmEYhmEYxjqBr/qQXj0y58VyOHAWtbby0EMPrRHupEZRVVRh5tuzWNTa2vMJxsolOHw6u5MEJBdO3ofdKV8xc0rl+udy27qjWt58Z/dVbqy9GqGTShdX3onVE6k42NUNVu25qVeG0RPmwDIMwzAMwzDWOoIoNHr0aA466CD23ntvho8cmVknyn82dtOoqnR0dPD27Lf593PP8tCDD/LsM88mAeX1NBAOSu9r//XPf3LU0V+gqalpuTOiwkqH4XlvEZGsrXybvWHmjBksXbas1+f3BcsrIIZ56rxt9aDcj6wkDsqOpJw7SXss11vBvcpMUKlApJrrn1aW75XP6krn3KvQFpRFIaUsYmn3hYkV76QDxOfEJZ+Erkv+6O5nTZxU9i/gFVwajqWAU7ROe4lkalzfCo+GsaoxAcswDMMwDMNYa5k1axbXXnstN9xwA1/40rEc88UvMnLkSAqFQsMiQ16kGL/1lnzoIx/muONP5OfXXMNVV15JsaOt4f698sorLF2yhMFDhjQuFlW5b43jmGKxSKlUolgs4uMYjX2Pt7hJgLfinCOKIvr160dLS0u2Ulij/Qm31TNnzKC9vb3+Nmq0V5PlUVxy7Xvvs3krFUvEPsbHPil2q6cfTigUCrS0tNCvX7+ka6uFiFW2HSmgIUy8k3jVM7kwdQ35VrUkr3BsWVzpVhqTnGsqhJunHdZ6XVNaLpXMcqU0bc9JWr6XHFgpnlXtTrn/Isn5GhQwquvetdpLj5UI1EsuDD7tZxyysLQxB1aFhc0w1h1MwDIMwzAMwzDWeuI45sbrr+PWX97ChhuO4tRTT+PjBx5EVIh6PrkaCogQFSJO/OpJLFzUyk03Xg+x7/FUKLt25s6dy5w5cxg8ZEjXS+RcUEmxI3R0dDBz5kymTXuLuXPeYd68eSxbuoxisYPXXnuNF1/8L0uXLk3EmDhOBCzvu3UZ5fc4EaJUiNlk00354rFfYt999yNqipBcSE8XcUaV//73P3zzG6exePHibPPChQuTcdQ1KwnPTpnCIZ/6ZI/i2Ylf/SqHfe7z1SWUvBioMe3t7cycOYtp095k7ty5zJs3n2VLl7Js2TLeeP11pk6dyrIwb6USsff43Lz12H8JAlY/NttsUyZOnMgee+9NU1Nzrk91ZietQDQNblLS1fBCJlVEOdPJSdnopCSOo041ciEo3YsiNBF5j4okn4lU4dP0D5WkYS+C0xhwSR5WhqCd285nQmnSp/CRDdfQbsSwRJRKg9cjLYtXQa1Ky/8Earej5dJgFQ/ikn4Fl1gQmYI7rBuSOK9kkhMtLf0uB9EpW9kwXNElQ2/k8yGVT5VyxaJhrK2YgGUYhmEYhmGsddRyvxQ7Opj25jROPeVU/vLXB7jkskvrdhlVa1PT7RMnTuTP9/+JGdPe6vb6ndtbsmQJb8+ezRbjx9c8R1W54Ec/4p6772LevHnEpTg7VqhdAtdrB1B7O0uXLGHevHmccvIUttp6a0486ST23Xdfmppaap6WiGszWLxoccX2Ru/JO9o7eHvWrB6PXdy6qNv9bW1tXPCjH/Hn+/7E/HnzKMalRLRI7/arGmaWQ2HqaG9nyeLFzJ/3Ll896SS2m7A9xx13HB/bd1+iaBXddknlcwkiSSrA5reVI8yrNKMOUUeTerykQpamziTNmk/bjoiAggdPIRWDco1plU7lFZjwHoXVEbPjqgdeSaqcafq6LA6lx/hwfm5CqrSVdEG6bpSKA8qh7qkEVsuD5l2R5gg2GtLOwJIyZ2EzxXwYV1qeGKGMWK+NIU0dDCg0V2mtSpdCHpfTrALRMNYFLMTdMAzDMAzDWKcIIsWiRd0LIPW2JSKMGDGC3XfbveHz4zjmndmzy5k9ndoOTqJZM2fx7jtz8KUYhyCqoNql7HCFla0piE/K517+70uc9vVTuOziS2lbumyNcHgI4OOYWTNnMXfuXOI4JhKXOY2ErnO1ouZO0/fl+Wef4VvfPI2fX30NS5YsZpXIDPlLComDKArPNXkEZxBBW6oi1IoSuyLFSOmIPLETBME7iB14J6gTVBQVR9FBMYrxrlhX9yT0LQtMLwefa8WRtSlrXfkxpg/RNKy+sfdAcufjSNxdkm7vhsg7oriJ92/oeOK7g/jbt5oYM6QjbSPXpsB6/ZRfntzMP348kH23aeqxj8kKibl27I7eWIcwB5ZhGIZhGIaxDrJi67kE2HrrrXt17rvvvls7QqciIDxf9CSVhpKVIWLl2lFVrrvuWrxXvvHNb9LU3LRirrGySIO6g58oc6ytJNGqS3vpW9a2bBmXXXoxxWIHX/t/J1No6tvbr2AaSqo/pZy3FAFx2emUOZSyYPDO86JAxIvFiLdQYlF8OsOZm03B43AeCuoYGgk7Nsc1bzjDFcrh8poEpIedLvQ7H+JehwAVcr46O7Ekn81VJxJKByk7uYK4lrnWKlGgowCiSdlvQT3N3pVzvtLA9myuHbSQzJPTqPwW9Ni33FjDwzDWckzAMgzDMAzDMIzlRIHBgwcTRRFxHDd07rJ6V+lbsVpLt3QOzxZAY8+kSZPYYccd2XuffXqfH7ay6XQj39MidiuFTJ0B9Z5f3XILW47fkgM/cXAfdqIGQWQLwo4LhXPatYQunKLQ5uCKpW1MigtoXEgcgAj4pJxQYxDvksUEtcSHm2JuGx0xELrMfZerSNefknc6SecDq/ayLBIF4QnKIla+fLJmiHvnDw8QCcRpGz71g0ltvUiAyHsijSiJIloilkKlUKepEOY9GqXCmiqIr0tX1+BUC+NQUvFPTccy1mrMcGgYhmEYhmEYy4kgOFdAVaqGTHdPuRSwppmij+9K89VX5ThvZemSRVx68UXMnjUzK5Vb7cgZiMruo1XYH2DhwgXceOP1LJg/r5wb1QeumSDYuGq5Uw5wHnUxImUlRKqJO2lQVhxFFKNmik0FioUCpaiJUtREMSpQamqiWIgoRRHFqAkfFRIXles8yCRa3kv5MupyJXoRiWjkgggV1ZynrNeZYBUC29MTsg9x0l6k4aLVk6vKkyZJgLvTrmWXAloIUygVn7fyDAux+MQBKMnfCRJJ7gsVxusSZ5hApC4NwO/5w+qcK7chLi0nTEpCnQp1r55pGGsYJmAZhmEYhmEYhlE3L7/8Mn9/7O+ruhtrFKrK1Kkv8egjj+L7WPTrbG6q3Cl1l9IGIVCCWBTK+0KgeE71lCAS1Wi6Qk4TUrGKro/kynX1L2lXKgSrJA9LOi+qWCehzFhzwpNU3kH3IEJK7s9sfrKfobxVs+Ma6mLWllbMfaZVrmLR1jBWBiZgGYZhGIZhGIbREE88/gTLltZZ+mggIrQta+ORRx6lbVnb6iEuBPHKOVQ6rT7YnWYkmgtbpyyiuLLQo2G79iTKBBGHSneS5Nqrf0C58kEqz0/bb7jALiv7oxzAHkobG30Pw/jy4esO1LnKhRl7oCKmzHV67nJzYBhrISZgGYZhGIZhGIbRI2HFRRFh6tSpLGxduKq7tNqTnzNV5YUXnmfJksW1s9L7voNZRSF0r1tlVY9OyuJQZxElOLKCkELVBTazQ8svOj2Ck6tiFcKeJkvL7WWuJK3sa0N0EsIqnGENrmYY/uhcm+s0Kd9ssG8qWjn3OSFRXaO9M4w1BwtxNwzDMAzDMIzVkJCL1fl1yJ0K+wqFJpqaChQKBVyhQOQczrluV9gTIPae1oWtdBQ7Gr63nzt3LosWLWLDDTdM+pbvd35LuDdvwBGimpZupZpF7bQiKV9Yqu3Pt1m5VUQoNDVRKDRRKBQoFCJcHfMGUCrFLF68iI6OjmqX7pb58+axsLWV4SNHNnDWyqWinK+G9JG9p0G8CcpScPsElSqs1hfKApOl+6q0FZ6nxXPBNeVTd1dY8a+iTz3Ja7lSveyn5Pqcvq7ZjHR5JZ3LBj1lB1VvcCThX2EVwlCimM1wnWWEQbQK/Qkh8xLOT4PiV7VAahgrGBOwDMMwDMMwDGM1I7utTYWB9++6M+utP4AB/QcweMhgRowYwUZjNmbjjTdm/YEDUzGmgCtERFHUsxCTBom/+OKLfP3rJzNz+lsN9a+9vZ3FixZXbBs8ZBj7H3gw7UuXoaKoev797LNMe/3N8qDqYPjw4eyw0870798PxXcSWBLhxANbjB9fXdxK58xFjt12251hwzagf//+DBkyhJEjRjBmozFsvPEmrDdwPZqam5N5c45CVECcdDtvqkocxzz37LOceuopzHnnnYY0gmXLlrBs6ZLVTFfIJTWJT+r/qnRQg5AT6t1cKjT6NHjdkwgpeUdQjcupVupMvqB00ak0CFv1W9U0lB5mDac7POA8aAHBJ8d1aTP51oXvXhYin+9oKhpJebnDZM5qtFW2klEOgg9CWuoSExeEt65iXy2yyztNBTGyVHxdLax9hrFyMAHLMAzDMAzDMFZzjjnmi1RaR8rOlbwzq7NjKxyTJ1s5UGH77bfniCOO5JKf/oQ4juvqi6rivadYKlZs32STTTj//PPDUSjKOWefzRtvvln3LbUC48aP5/vf/z7DRwyvkVmUGyPaZXxhLppbWjj2y8eWnS5Cj6smhrY6z2V+m6ry/vfvzBFHHMHVV11JqaNYramqeO+Jff1CxepENhtBIArDcEAsZZHGk4o84ayuc56f2YrQ8eC+coBqKjQ10LvgCMs2p46u9DpavTu1CVlfoU/hZ1ZG2IBQFASwcGpQ8lyu/3X3ixr9MteVsXZjApZRlQsvvJB77rmn22NuvPFGttxyyz7pz9///neuueYaZsyYwZFHHsmXv/zlPrmusfxcdtllPPzww0yePHlVd8UwDMMw1ii6OoGq35mG46oJOT22q8rYsRtRaGqqW8DKizzV2gzlfZKt4tbgHbUkJiAV6VJQVaNisGYfOx/cU3lgd8fltxWiiM023ZTm5pa6BSxJyyLXWH0hfTsluHwklL4JRKktLueeygrjagy4YnNwIeUFmc5iVL3ky/0ciUNMNG0qDYiv413QcFiF6ERWnae9+FyXXVPln9mqjvWWD0JZWAslkeG7KGmmlmGspZiAZVTlqKOO4oADDshen3zyyey111586lOfyraNHTt2ua9z99138+Mf/5g//elPrL/++lWPWbp0KWeffTY77bQTJ598cpa1YBiGYRiGYTROJgJJMCe5FSeqpAKNpn9Ij6vQLd+1gK5aRKft9YpejbJC520NIRGwQgkhyeTmnVgV+VdS1YDVRZaVNGuK3LFpWyoNrxtYWfJH6IumolOD7eRD0vOVgq6cW1W3ESsE3Fe4prQskDXUN+0k1EmmuDWyoqFhrGmYgGVUZezYsRUClYgwYsQIJkyY0Od9mTVrFh0dHRx++OG8//3v7/PrG4ZhGIZhrGqycsD0T03jnsPtfSYT9eLmVWsU6i0PqUcLadynQnpq5c98uw2UgSXZ7emNPV1dLtVKEHtCgkq3DjldJH0vm1QZ4NtodxEd0hx2lo8TxTmlf6lIMzFoVNXwpGWlKynLDHMZkWQ5qUKUruCo3YsyPrV7KQ4NTqsQjq6Ug+ElffeVqi6s8Ckhc5fRtVRP0uc9fGa04pniMzEsFybvkr74UJKpghdPXbKoE8RJpcPNS5ajtQ59NI11DBOwjOXmgQce4KabbmL69OmMHTuWk046id133x2AJUuWcPXVV/Pwww/T1tbGNttsw4knnsh73vMeDjjgAFpbWwH4+Mc/zr777ss555xT0fbVV1/NrbfeCsApp5wCkLm1Dj74YPbcc0+mT5/OM888w/XXX89mm23Gbbfdxu9+9zvmzp3LJptswsSJE/nQhz6UtXnwwQdzwAEHMHfuXB555BFEhH333ZeTTz6Z66+/nrvvvps4jtl555355je/yeDBg+saazXuvPNO7rjjDmbPns3YsWM55phj2HvvvQHYb7/9+MxnPsNxxx2XHf+Nb3wDgIsvvjjra+cxjhw5suacBv7617/yy1/+kmnTpjFixAg+/elP87nPfa7mL2gHH3wwBx10EDNmzOCxxx6jqamJAw44gJNOOokoioDkF+ee5tZ7z7XXXstdd91Fe3s7H/jAB2hqaupyrc5j2nzzzRueW8MwDMNYl8iX7b0z+21efPG/vDx1Km+99Ratra11l/9VY9asWRQbyHHqvqM1nveimUys6uk6NfblSxy9j3ln9mz++9//8vLLr/DWW9NobV1EXColpzQkYiVlaLNmzKStbVkD5625KNBfPWe3NHG8E26O4eexUgrzlrqwxAkHS4kzBhUY5iP6E1dfWS9XTpkEpocLhfYSEanzZ6Cnd0nT8tOKVQfTMsLsPe7uM6UVT5Lu5J1OaV8lFcR6/HwGsUwEdVJZKhnEMpcT00Tz6ldtQtaVC/WMaZ/zqxB2O1jDWDMxActYLu677z5++MMfcvTRR7PLLrtw//33853vfIdrr72Wrbbaip/85Cf8+9//5vTTT2fgwIHcfPPNnHLKKdx6663ceOON/OUvf+Gaa67hpptuYvjw4V3aP+qoo3jf+97H6aefznnnncd2223Heuutl+3//e9/z5577smJJ57IkCFDuOGGG7j11ls59dRT2Xzzzfntb3/LmWeeyY033si4ceOy826//XaOOeYYzj//fP75z38yadIknnrqKTbbbDPOPvts3n77ba688kp+8YtfcPrpp9c11s5MmjSJn//850ycOJHtt9+eJ598knPPPZfm5mY+/OEP1z3HncfY3ZwOHz6ce++9lwsuuIAjjjiCU045heeff55rrrmGRYsWVYhl1fp79NFHc+CBB/Lkk0/ym9/8hvXXX58vfvGLAHXN7W233cYvf/lLjjrqKHbccUeefvppbr31VkZ2Wiq685ganVvDMAzDWJdQVRRP68KF/PSii7jzt5PpaG8HqBre3ki7gd6cvzpTHpsyd+4cLvnpxUy+4w58GqC+POOtFY6/NiMqOGCIg/W9MlLBiQeiSoFHlUHAJiIMlJhCVTFGUodQbrXAbCrLoeto0nwjhX8SVkoMDefK/pISwiAW1dlmcNrl+5TpTcsR4g6JSIcmYlgjZYRBr8qre70pQzSMNRATsIxeo6pcc8017LPPPhx//PFAspLNc889xx133MGZZ57Jk08+yUEHHZQJNptuuilXXHEFc+fOZZtttsncTaNGjaqagbX++utnwtawYcMYPXp0xf4PfehDfO9738teP/HEE3z+85/n4IMPBmD8+PE8+OCDPPHEExUC1n777ZcJMzvvvDOPP/44ixYt4gc/+AGFQvK1mDp1Kv/617/qHmueYrHIzTffzKGHHsrRRx8NwIQJE3jttdf4wx/+0JCA1XmM3c3p0KFDueaaa9hvv/046aSTANhhhx0oFovccsstHHbYYQwZMqTqdfbff38mTpwIwK677sqCBQu4/fbbOfroo4miqMe5jeOYSZMmcdBBB3HCCScAsMsuu/DOO+/w7LPP1hxTo3NrGIZhGOsKQZgSEe6c/Dsu/ulFzJk9Owl+zt0491ZIWVsFmCAwxXGJO26/nauuupK3Z85EkBUyZgnZTusUSSlfiy/SJp6iawKfuPRRygKKAOoRBKceJUaIqJiwzmWhoaxONOdyCplOjfSQSjEsWy2xs1uqvnZDYH0mVoUVEtN9mn2Wevow5NxVeTEsjHd5xDDVzK0WQt01uLMsDMtYCzEBy+g1b7zxBnPnzmWPPfbItjnnmDBhAi+88AKQiDb33nsvI0eO5IMf/CCjR4/uUia4PIwZM6bi9bXXXlvxul+/fgwaNIiFCxdWbM+XBQKMGDGCYcOGZeIVwAYbbMCCBQuA+saa59VXX2XJkiXsuuuuFdvPO+88SqlVvV46j7G7OX3llVeYP38+e+21V8U5++yzDzfccAPPPfccH/nIR6pep7OA+NGPfpT777+fuXPnMmrUqB7ndvbs2SxYsKCipBC6znXnMTU6t4ZhGIaxLqGqXHfddVxx2WUsW7okE7VWTmbV2kN7ezu/vOVmLrvsUtqXLeuiDyzP/GV6Q/Zi7UdFk3wpjYi8Q5xULjCZGZuSDc77NOO91u1m+cRyCWHqRFJJVw5MNnWq6qs559migaFfIdw8ZGE1+F5lLqesT2SikfZCw5RQQugVnKvM1WqUkM2VF6nSQ12HagAAIABJREFU1RazOTOMtRATsIxeM3/+fADOOuusLvuCa+rcc8/llltuYdKkSVx66aVsscUWHHvssXz0ox+t2ubpp5/O448/nr2+8847G+rTggULuPHGG3nssceYM2dOw2JRZ8K/4PU01s79PvfccwEYOnRoxbHNzc00NzcvV5+6m9PQzw022KDinGHDhgHQ2tpa9xwHp9a7777LqFGjepzbd999t+Ja9VLP58gwDMMw1ik0BKt7HnrwQa647FKWLVmS5Nukro91RDdpGFUFVe763Z1cfskltLe1JXPWacKWa/7W0cmXdIU7L0lln0a5EkCfPhEPsUtcVZouU9gpMD3RXHzyOQ9OpvwqhD63wp6TcvB6Nz0LV/AKPuqsVOYEsbT+TqqknEuurYwIiHOliEpiv3KCppOhzldL+aqClhW2ECzvfaaIqihoVEc7qXYVVoEsdz7pvyTLJ6yrn1Nj7cYELKPXDBgwAIDvfOc7bL311hX7gpOpf//+HH/88Rx//PG88cYb3HrrrZx55plcddVVVVc0PPXUUytymoYNG9bFPdUdp59+OlEUcd5557HJJpvQ0tLCZz7zmd4Mr4KextrS0lLR7/Y0lyI4uKrRWwt7d3Ma3E6drxvEpcGDB1ed42oEYSns72lug2gWgvnrpZ7PkWEYhmGsU6Q3yrNmzuTss89m6dIldi9aB6qKqvL6669z3XXX0RbEK2MFk1iTMvNPsCNVmeqqs5/pWbm9QWTMZVaVV/qr10+UurkkJ6yFny787t1DW1LxIxWrOh2TrkLYsA8yK+2j/NMl27WsAtbZFpnwlc1T6uZKXvXCcmYYawAW92b0mnHjxrHeeusxbdo0ttxyy+wxZMgQRo4cyVtvvcWJJ57I888/D8Bmm23GaaedBsDLL78MdBVxxowZU9FWIwLGggULePHFFznkkEPYbrvtspK4jo6OlT7Wzv3eaqutGDBgAE8++WRFO1dddRU//OEPgUQYmjNnTpcxdEdPczpu3DgGDx7MQw89VHHeAw88QBRFTJgwoeYcL126tOKcRx99lCFDhjBixIi65nbUqFEMHTqURx55pKKdIITVoqe5NQzDMIx1DdXkd6R77r6HOW/PLrs+jG4RQGPPb359G29NewuoDKo3lhMta0PZSnwRSdaUaPIzFVG6m/WKEsx0g4RSOpd7NFAOFzKpNLxIXVL5PjV855vvT5e+5Rb/qxdHuT8OiMIqhDSuNWV9yZ2fZWtVmWPDWEswe4PRa5qbm/nyl7/MFVdcQRRF7L777sydO5crr7ySvfbaixNOOIHW1lYuvPBCTjjhBAYPHsx9991HFEW8733vA2DDDTcE4N5772WnnXZiyy237HV/Bg0axPDhw/nVr35FoVCgVCoxefJklixZkjmiVtZYv/rVr3Y5/sgjj+SGG25g0KBBTJgwgWeeeYbbbrstKy/ceeeduffee9l+++0ZPnw4f/7zn5k6dSq77LJLzX6MGTOm2zktFAp85Stf4aKLLmLIkCHstttuvPDCC9x8880ceeSRVfOoAvfeey9jx47lve99L//4xz+47777OO6444iiqK65jaKII488kiuvvJJBgwaxww478NRTT/HAAw90K0Q1OreGYRiGsbYjCK2tC7nnrrvB926FwXWOtFRs4cKFPPboo8RxyeZtBRJm0tNJFxFNVwpMlSZfXu1Puyms67w9y5sKuVDhZ52ik6Z/lssR03BzKIe5L1fWFLmBJ2Jdwx6nTGjSXKaWdmqkDpdYOMxRLkWErrlhhrEWYgKWsVwcdthhDBgwgF//+tdMmjSJYcOGsf/++/OlL32JKIq49NJLueqqqzj//PMpFouMGzeOH//4x2yxxRYA7Ljjjuy1115ce+21TJs2jW9961u97otzjp/85CdccsklnH/++QwZMoQjjzySYrHIm2++uVLHWo1jjjmGfv36MXnyZK677jo22WQTzjnnHPbee28AJk6cyPz58/nZz36Gc44999yT3XbbLVveuRr1zOmnPvUpmpqauPXWW7ntttsYNWoUX/3qVznssMO6Hd++++7LK6+8wqRJk4jjmMMOO4wjjjgCqH9uDz/8cFpbW/n973/PHXfcwe67786hhx7K3/72txU6t4ZhGIaxdqNMfeklpk+fHl5aNVAdiCqvvfIKM2bMWNVdWUup8kEUKZfCpYKMVDiK6pRSJPeALNQ9WwlQa1y/c+/ybWSZVzkXVqUSVbutfLaUSOKWiik7nXrzfczyr/KvgTQgv6Gm8mMM05I+xNlfF8baiwlYRl08+OCDNfcddNBBHHTQQVX3jRgxInMcVcM5x/e///1ur73lllvy6KOPdtl+9913Vz32qquuqth2yCGH9HjexRdf3GXbl7/8Zb785S9XbOturNU4/PDDOfzww6vuW3/99Xsce7W+9jSnAAceeCAHHnhg3f2EJB/ra1/7Ws399cytiHDcccdVZGwBnHzyydnzamOCxufWMAzDMFYvlKVLF2VlT43Q1NxSEc6uKC9PfZmO4CCvs71QLiciDB06lObm5mzVwu7OaW9vp7W1dc0ut0t1lBf++x+KxXqc92UhQ9M6sCiKGDx4cI8L7oTj29vbaG1duGbPW52ELHSnqa9Kw/xJ7jPvQRURzX0NgpWqM5I1LIC4kOUUkt1JAs7DCoIVPcl/nj1ClF43NB0aTV1YIl2cjJqmTtUkiEqhnSDShT6Lpt9VSftQpbVcV11whuXdYcHZlQbVq2jdVY7ekTjfghiWLeWoqUvOgcTUbWEzjDUEE7AMwzAMwzAMY3kRmPbWW/g4brh0LZT4B7FJgDlz5hDHccN9eP8uu3Le977HluPH4yLXvWklFQb+9Kc/8a1vfpP2trbGrrea4VV5e9YsSvXMW+awSVZ23HX33TjjjO/ynm23Lb9/teYtLU275567OOess1i8aPE6YHkpf5C6DFUkBLdlR5Y1px4mJuRISSqEBScXVMnT6r6tILKJyx2Xc2Q16nLK+pCV6FHun2hj+Vf5vgQHV9DnGnRMVWTgV6xEWC4hNNemsbZiApZhGIZhGIZh9JLgvuno6ODxxx/PttUrYokIG44a1el4oW3ZMho19vTr158zvnsmW20VVvXtodRJwsp9jV2nL1Aam0cA72OWtS2jvgGVlY2hw4ZxxhlnJeKV6/l6mrpvLFg/R6j187682l8IturOAQi5UjrKuVBBBcuXI9a3gGBZyAllh5rbJgLqe9Z2wmnBgZVzXyFAlFfG6P57punfE8GBlRfo4jA9DXwJBTSSSgeWD264fBnlavjFNozlxAQswzBqlvUZhmEYhlEf99xzN1Nfeqnh8/r378/IkZ0ELIHYd4nL7pHhw4czZvTopIk1XFzpXe8FjWtniVZDgeEjRjJy1MjGAsNz2oWRQ1KnUx1uJ80eknMnUZkR1eAHQZCyY4rQXrl8r5Fyz+wrlA+Vz/qmveleGiify8GKSB1ZmeJWX9/QbOXFbN4oN7Fmf/sNozYmYBmGYRiGYRjrFMlNrCBonZHO2ZldXyq8+OKLXHH5FXR0FOu7ccw1M3jwkGxV5uUVnVQV3+kGPZ+LtWqymrQ+J1UuNLvYUSSOS7kdPdhbKl41Poeq5c9E5fbKtrOcsszdshLmM72mCohKspKfhjymnkvoytqR4sXn7Th9JrZpMGDh04isrn1PR5kITqLl1fi8VDio1OXPqFYbF77FuWuHVQczV1L62qU6lkbJ96RLXp1P8q3S2kAJDrBMvMq1JVJ/mWR2WCpU5cUmL6jz2evM3VdHW8mKi+kYQ26YK38OtAcDpmGsiZiAZRiGYRiGYayDKKjHx3GdJWfpWap471m2bBkLFyzkvj/+kcsvv5z2trbE+FGvCKWK4th0080YOHBgpcDTS6Vh7pw5vPbqq4wYMSLnxEhu+jMhK20+LpVYtGgx7777Ls88+yylUqlWs70iE38aHIsAr7/2Gq++9mriitI6bFFBVEgDxkXrKD/M7Zr9zizenPYWGwwfmb19+fND4LeqUiqWaG1dyNx35zBlyhSKxWJjA+x5MCEaCZeGg5ciwfmeTE0KrohKgRIO5wtEaCLiSEwSNK5In8hYki4iGJSfKteU8udRSN/mIAyGlQ094CTTo6q1E8LTQ76VImh2Qup0SkU0FaUkQkk86kq4TiFWHsVRAPGUXImOyBFHmmZVpd+ctMxRKwSsHkRWSfop4suHhRAr51PxTrPvZl2kWlgybkmFt7Q3yYfV1CtjrcQELMMwDMMwDGOd5B9PPMHeH/1owzd66pX2YgfLliylrW1Zzj3U6B2jMmH77Wnp19JlT+Rcw+21t3dw7jlnc/ElF7PtttvhRFJtTvBxzPTp05kyZQpPPPYYTz/9FAsWLGDx4iUUix0gVddRW27EScPOsgXz53PO2Wfzgx/8kF123pVCofYtS8UNvyTlY42Ga7cuWMhZZ36XH/3oR+y4w47l/qoSxyXemj6NKVOm8Pe//52nn57CwoULWLJkCXFHcaWUaoYoKFBigdkaMbMpwvdwLafNrOeVcVrCiSfWJKpJRVE8vue19/qOvObjpGwUS3OhKsriGkGonmOmyUp/Tb6Ao4R6Ianfy50q4NRRjDyRLzCgGBFpEJ1yglD4ajY6lZFUOrpUy6sklrtfH4mVrJwT5sta7xpePWwY3WIClmEYhmEYhrFOEUSHjo4O3n571gppq1FUoKm5hT322APnOt+pKy39+iVOosZa5dVXXuHTn/oUQwYPoVAooECpWGLx4sWUSmW3UEUR1kq84x0wYEB9B+YjwESY9vobfOGoo2hubqkyP5WoKF857gROPPFE+vXrl7VR72VVlVemvsQRnzucQYMGUyhEqEKpWGTxksVV3WmSv8aKnD5JnIFOI5SIxeK4hJibFUo9uNEEZfe4xOVOGKeldIsDjRCNiHyMU6WxlLCVQ5gyzW8IbqLgepJEjEwcRfVMciqWZmV+ZCKYiiJRjBeHJ0Z8IXWIla8veLzEFDyIL9AegS9ozg1G5fM6SdyI2jWrKg2sD4azhhAtlxDGmoiAuVLRNT0DzzBqYQKWYRiGYRiGYfSCiptvGtAx0lqh3XbfjW3/Z7uqh4wYPpyoEOE74ob6JIDGnvnz5nXd14c3tSFza4MNhuOcw/sGZJNMf1A62ttQ1ZoiViINKL5UxDnHhhtuiCtExB11rDSX7y9JWeX8ee9WHUu1/mUnrkASw5wgKkQaJ/qEK9AWCaUeVkgUL7TGEa8DRYnSPCXFIxRRFjpPYm/KL+23Csmq36RcQphfoU+DgpuU/0kNEUuzP9InIdg8c3kJeM9ijXiy3VHQAk5dpaNNQYlQhIJXOpwwtU3x6sp1joHeTF/I5goiVl4Q68VbIU4Qp9nnJSkhTS4kIquT184wVigmYBmGYRiGYRhGX6GJ4OKiiGMnHkv//v2rHjZuiy0otDRT7OioCDjviVph7X3tyAh92HSzzWnpvx5LFy9ChAr3Tz0mFkGql4Rl+8P1AK9ss/XWNBeaKHbUn02Vn7Ms96rT674kjTYndpIGe0O2jF5354lnSnPEkXFMpEHAkCxuflmhhZJbPcSrCg1QNC3Jk05CUSLkhfK/Wg0FDciLgnjUCUhaHpi5pRz/KTZz0NQS4h2qgniSUsIgmPqQd+WSkPc4okhTukpgus9XBsL3+NXMFgdISwU7i1eh9K83b0mupBENXy7NREHpVQ2mYaze2KfaMAzDMAzDMHqBdHrURxIOfshnP8OOO+5UQyARtt12WzYas1FDN7blVfKky6OvCdfddrvt2GijMVkuT109ySZVGjghOX6rrbZmzJiNGjfIdJqnbuet8Te9sb4ALihX9U4BgDhiF9Ha1Mz85mbmpY/5zc0saG6mPYpWn4CkoOmEl+G9DmKOo6F5DosVQL4NScWnZJs6ocM10e4KdLiI9qhARxQlDynQnu5rl4iiNFF0UdpGeeXB0F59K/wlnZdQGhnGlR9bJOWxN4II4sIYc+NdTd5ew1hZmIBlGIZhGIZhGCsZ1WQlQAV22GEHvv3t7zBgwHpVRRJFGTR4EAceeGC62tnKW1Es65dqVefW8ra74YYbstfee+OcS1b2ox4vUS8RGDxkELt/6AO4KFrhYwrk21xZ11jr6TxlrtNDSHOetPHPfyZ8aa49qdJ+7nm6EmAmUjktl/xlYli5rcqvbfed07xNK98nl3tdRzsVbVaMLdf/0KZAr5czNYzVGBOwDMMwDMMwDGMlki9H22jjsVx0ySUMGTK05vFJhg0c/IlPMGyDYUkJ2EoQSfK5VJ1L51YUzjkOPfRQNhw9eoW2mydoDKpKVChw+OGHM3ajjVaq+ywIVxaW3TuClvP/2TvvOCuq8/+/z8y9d+/2wi4gRUBA6YgIgvSiiBpj1FixRpOYb4wmX2PyjSma3v2lGU2MXRO7sSJWmg0FC1hARcrSdinbd++9M+f3x8zcsmyZuw12ed68LnvLnHOeOXNmd89nn+KFN8bfSBF40hVukzwO44KUTvTljdOsiEUj0SrptdcfznOtnAKCabFf37iRhcrJWJWOt6VXbTO5r6RQRFmVQk9FBCxBEARBEARB6GSUUkycOJE777qbAQMPT/KNaH6rOWDgAG644QbCWU3nyeoImwCmTJnCokWLME2zU8YZMHAA//vda8nLy3PeiKsWHYxbtW748OFccumlhEKhTvOOUkoxZepUvnj66Z0iYukWXvnvwV+71CTozY2p4vmmEonDmyGeg6k1VDxSNBECp1JCSJMCA1saLhWvHy+kzhOxTNhPtGrqkSw0pQhcKkl08icS6eSvSjUaNyms0DvI76VWen+7SdgmCD0VSeIuCIIgCIIgCB1EY8FEYdB/wAAuuvhizj3/PDIzsxoJHk3vWJ1jDE5aeAobPvmMf9xyCw11tfHPmtvn7rd31d4XneRlBaZhMmrcGC79ymXMnz+fdWvf59HHHqW2qqaZjhqb23KVs+RzNAyTU7/wRfbu3cdNN/2R6ooKd4gO+Ft6UilIR6cwwDA46+xz2FtRwS23/J2GunpXL1D7N2vK9uTuk8MFFSjDYNKxk7nggguZd+IJLH3lFV5Y8iI1tVVp2NrC2Bo0NmDi1VFU2qkm2GoHjqte0knEM5i30k5jK2ccGwMTd70kz4R2pCStFIa2sTGd66dTq0sq7ZigtOkUEXQTjKfMqUp4X6HdMEEFKNsRiWznXJxIPsPRfSywlN5/zSjt9uWNoNFGfNEnvlo2ygCNgbJtd5qMeCL1xPGeYWr/SoGWI4QpQJnacepSFmi1XzFBhY2tTJS2UQqngqShG4lVGkNrtLJRSrt9WM6ktaJCKaXAVAnRK2laPM8wPxKiIHQ3RMASBEEQBEEQhHaS0FEU2tZkZWdR0rsPZ5x5JhddeBHZuTktVtNrDqUUV111Fb16FXLTTTdRsXuPV2jMPaC1DpJt1GTl5DBs2JF89YqvcsIJJ6ACBhro138Aubn51NbUNl9ZLUk/acvm+MILL6Jv3z789MYbKdu5kw5xjlIpGhbgCCgZ4TBfv/JKsnOyufWWW9hTvrtxszTGUOTk5nLUiKP4xpXf4Php0zBNpzrdgAEDyC/M9yVgaZ+DKlc1UcoRiqLKaEUu9IiRoSHfsgliYGiwldVqq6AdJVe5AqDW2MpEo0n2x1OAjUJjo9Hk6hh9Y1FiKph8hpjY9LKjBFTAcTDSisbqjnbFRqVsbAUhrelnRWhQhjNJcXHHJl/FUASwlSOetarheZ5S4AhQ3riGQdiOMciox8DE1gpFzD051zNKa7TtVCfEcNaR4VYm1J5IpMFGM8SIgBHCUooMSzsVI1POMTFzGk0ATUkwQl1Io+2EK5uyNTmmJmAYKBS2MlIcqpolbnPSgMq9Uq7ALSGuQk9EBCxBEARBEASh23OgE2kHg0EGHzGUCROOYc6cOYwdO5b8ggIywhmux5TnYeF/Q5m8+Tz3vPOZO3cuf/j973n6qaeIRaLOB02ctlIqvnm1tePdcsQRR3DxxRdzwoknUlTUi0AgmLJLzsnJpaR3H7Zv35GkN6R613ieM6CcDb3PKY97fgEnnHAikydP5v577+OO229n3759TZ5vyrg62XtMpxyvtcZ2Qwe9Qbyws0AgyCWXXMq8efP4fzfdxDNPPpWS9yu5j8bje2MeMXQol152OXPmzKFXcTFmwHSuoXKO6dOnDyW9+1C6dUur86BxvGN08hvQSK1QjueVm28poCHDBuUjutPQASZEI/zCMOivNLZyvKhaW3OmESTPdjy/bKUIaAsbjVPmLmFsQEPEMAlquEgbnGa6BQaSbFfaJFuZBLVNTCmCOuoITymeU5brORUkZGm+oGBqwHQSk7vzolBoZRDWQQpsxyXL0FZ8nKaIv9vY6cztdnTA4pEBmRhGDKVtDIJJ44HWKj5n8XaNQwW1RisLQ+dSoKNYGMQMk/19IpV3JQEoCGj+Mz+Epb3PVHzcmFL0U1E8Pzu/3yG0Fx7plUT0BDvvBhAPLKEHovSB/mkvCIIgCIIgCC3g/bpq27YjWNg2tm1jWVb8UVdbd0BsUwpCoRCZmZlOpT3H4IQY0kEeEMm/sm/dspV3332Hjz9ez7bSUqqqqohEIk4Ca0MRCoXIy8un/4D+HDHkCEYcdRSDhwwhEEz87bqxWGRrm+qqakcYa05IivsBOVv87LxcgoGAby+PFKFIQ2VlBR999DEbN25k584dVFVVE41Gko53TDHNAMFgkOycbAoLCunVqxfZ2dmEQkGysrLIz8+luKQPWdlZjsePY2LKnNm2xZbNW3j33ffY8MkGSreWUlNdTSwWi4tVoVCI/MICBvTvzxFHHMGIESMZNGgQgYDZdN4nN5F7dXU1sWjMxww4Qkxufj6BQDDF1sZzpHE8cWqVzY8MzT0qQEy1FA7oeCxNjVr8OWBwhGVj2BptKHSLYYSOIGMphdIBDG0TDxVMMsx2XYYM7fRnGxaGtlHaSyzl9WW7Io8J2kArC8X+fWk0pm1iK+32BYZOVYs0UUxtoHUAlCJqaDcKr1EIrhtCqJXmyYjJor2KmAokwgPdx2QjwnP9NRm2KxA24dFlNNoaO5eo0UHKTvIedDyeGouE8e8D4Ap4pHpOukqTs/ZiaAI4Z2HhxCk2f09VWYrzHtzBSzsHOuNYjmKlbAjoGL89uYErRocwVbIL2oGhrq4O0zTjD8MwMAwDpRSG4axL8RI79KisrARgzZo1vttMmDABEA8sQRAEQRAEoQdQWNR8Vb/OoCkHB0dwSWQrUl52at2oZTv3awMGDmDAwAGccmriveY8lByRhUbhi0keJvFjDXJzcxO5iZqwcT+HIZUcw9Q6qTmoNLl5eUyaPIlJkyelHNOax1Wy11Sit8aRaiquAWitMQyTwUOGMHjIkP36bcrOlNxXLZyTYTjz5g8vbiypXNx+g+MuJI3WiiBwpRXkC9jYqmWRzADyjAB9tYWlTGzTFWRaFAgUShsELQXKwjIslB1w8jsl6V5Ke5XyoihtYlqO4JKqjTmeVgoN2gJXpNKNjjNtJ1QwGohhaghaQcBODbHUoHQWMcPGNmIYGgKWmfAwSprRxi+Ulxxd44YTalAWWmnXK8p014rterolVra9n0joeWS5PpRagR1CYWErhantZqsRpqxFLLRXbTBurBOU6URNevmwjNa9NBWJEEIbJ7eWdoWyuPdVx6K1dkVVTxU0mrTSmWMHu4nPBaG9iIAlCIIgCIIgdHu6+q/4TY4Wd7pqvBPvgPF8nt9+xynVhH7h7fSTDnOP3S9kikbHNNVPG2jpfJI/a3yc9zr1/aQtf/yJ3q+N3/H9fO4e5P/YVOOafOm85Xn0AEoTQjFcWQz3OYKTsClJxWjKg6gJs7TpSDoGgSbzvieq7rmhp6ppeUK5/yk3g1Y8LDAJJ8m6JqAN93UTfSlAWRiAod34yabsQsXTZoHhVhtMOncbNzG8CUYMtOl6X3lyZ6P11fQZEQ/7c+1yRnM81Zq6+vH7CVzRpynBJ3GtveN9f6tQCm1oR4zTFthGPCeWit/zTjGAjkArG8N2RD/LMDBthdXE9TB08owJQscjApYgCIIgCIIgCILQbUkJzUsWFL2nhuvV5iMRfLchXiHRO6ck4S6dZFp+htImKMtJMq8NYqblapiu6OaGf2qVXL+yp0y0cDAhApYgCIIgCIIgCILQ/dBJX+Jilfs1KbwOu3EYbTfHJF45EUjE63kebx3skard8NDSCs1L6yLYnmimIeEC54Yyaid02VBw9uQONUMQRMASBEEQBEEQBEEQuifJWaVSogK9HFEoR8hKcUvq3mKWU9hRO2UtscFUbn6uRN493VI8cJpoFcWwTdbutPj6vSG0HXKT46tEonytwdbxUpumtjh7crRjDBAEFxGwBEEQBEEQBEEQhG6IdmUp5aRZVzYYbt4nLxeY1glhp5OSnHc5yj1nwxXl4vqcZn2F5oUdFiFslFfEwfNUU5p4tnzt5OfynLictFneZ/EGKJxChwErxtrtTn4zbVhOPjHDJj6vbgFFp61KTcovCB2ECFiCIAiCIAiCIAhC96MpQcrzwrJ1Ivu8ThJ6egJeFUIANMq2wbSJEuIfqxR3vG5hEcT2hC3XS0q5X7VNUgggzlxpz5vKDQVM8qZS2saIGVhaoQ3cpPg4n8erIXqvdc+ZZ+GgQwQsQRAEQRAEQRAEoUegvMqfBjhKjEp4BiWLWd0ZhVNd0U3irg3leETZYJkmlgok8rrbJOYjHu6n3HA/UsUnpRNJ4T0hUAMxDSENloER047nl+di5bVPNk7vX+FREDoCEbAEQRAEQRAEQRCE7o/CEXOUq8AYOEKNV7FP9yDXIKVRhhM66YhZGuV6Y2mlwDYSCdbjp50k3nneaZ6op5LewxOznCbKUCjb1cMCOOGCkJQw351jr++UMQWh4xABSxAEQRAEQRAEQeh+JFUhtBRYnreVm9vs1SbAAAAgAElEQVQcSHgeabAMA8vWdHv/IMN5OF5Wys3qbqMN0CqQEJ9sUoSouGIVF5jcBFleEnaPeF4s7WhgCrSynNBBTVICeRLCVbJI5lYiFISORgQsQRAEQRAEQfBoz56rW++IhZaI7/3BySXkp5Gsh05HaYgpg3XK4JVYjPeUwgqQ8DwClFJobHZpxc11it5YLAgF6KvsFvs+mFFeZUVto7DBCKC1kRDtPE8qQzvKnudlZbhilpXsoUbCYy0eauiGEhoq/lwpEx2wIWaCmaQceiGEyd87teTBEjoHEbAEQRAEQRAEwUNEB6EJUlInyRo5aLAMm5gRZaXK4Md2BlGtUdp2BBnDcR3SWoOp+ZwAP2kwGGrBURmaPnTPS6kBrQxXYDIc4Yokj6f4OlVuXitckUrFPdEcjy0H5SWEt7UTeuitceUme3ePVVo5Y5mAZaZUHEwIZ0nqbnecXOGgRwQsQRAEQRAEQXDRSWEvSrV9B6a1bld74eDAWw9KKWc/nqZXSXJ7oeMxdADTyiCkNMqw0RhOCJ0m4UmkwYgZoDS2odEWmFolkr13MwxgYI7FGLsa2w4CNkYMNKaTykqDrbXjVOVWFXQcojSGDTqeF0ujbY3SRryddudLuRULtXbCLbUNMQV1dQalezOwDTfHlmcQbhiioRLPBaETEAFLEARBEARBEJLRmn379hGLWa0fm4S3F87MzCQ7O9sN2emGO2RhP2KxGFUVlViW5UvD0u5RWVlZzloQOgWtbGLKosEw0TqQqDhou1fJcDyKbOXlZbJBx9DKTE5n3q3IUTZ/m9WLuoCJoQ1sN5owVTXyzkynfEFpx5OKZEep1FlwPLycJ4Z7hKFBY/PC51HOvsXG1qZzgJ1yYBMVCQWhYxEBSxAEQRAEQRBclIK95Xs45ZRTKC8rS/qg5XbJOZGPmzKF2/51G+HMzG65QRb2Z+fOnXztq1/low8/BFrfo2s39dCVV17Jd77zHUzT7HwjD1EMbRCyTZQBGDGwDDANp1KeFy5naJRlo7VCE3Ai6rppkiaNQhuQYTcQ1AorKcSP/Tz9Eq+11k6lwia/KSUJXk1UELSVjdZBMpRFbrAey86Ie2t5ebA0oCzH80trhUl6fwAQBD+IgCUIgiAIgiAISby87GV27ynD2Sr6ixqLV6NHs/rtVXz40UdMOGZCp9opdD4qLg7ghFa5a6L1dmBo7STYFjoVBcQMN+m4MsAwEiGEybmhPG9IbWN2YzchL02VJhBPcRX/oMV2fhK4Nf250gECOsrU/iFWXBt01rX2EmU585vq0aZBBYFI6yckCGkgApYgCIIgCIIguGgNS5YswbZsp3qZTycNzxHBUIpYLMbiZ55l/Pjx4nlzCHNIed8l3ycH6sS9xOXe+J5GpRXYtpOg3Ku61wNoHPrXgR3vh40FmIQDMKhQYdpmPEwWknK86bi6BkBdfeeYKBy6iIAlCIIgCIIgHPJ4ybZ37NjO6rfeSmzI0twjev2sXLGC2uoacvJyJYG30CPx1nptbS3lZWVo25U0mlnu2g1fy8nJoaSkd8cb5DkYuemZsNzcTF5SJ6WcHFByP6aNoTWGNtFYGDoKmKA8cd4LxvRErANionCIIAKWIAiCIAiCILjcd+99VOyraHMVQa/FZ59+yturVzNr9qyONVAQDiJsO8aS557lxhtvJNrgI1xMa0497TR+89vfd46nluf9o7QjZFnum3FvLA4x17iOwdAKlFvAQAexlY3CYv/JNGR6hU5FBCxBEARBEAThkCXZWaC6upIli59tt3gFEItFueeuO5l6/BRCGRmAcvIoNT5QELoxsZjF5k2bqaupcZJ6t4LWGisW67DxldYQjxpM9pp0n3sVCVWiop5COQUJtdyKfrENFQ8ZNLRyEsbHXd6SjlPigCV0Lt03e50gCIIgCIIgdBQKPt3wCdu2bWtrc3ff7IQqKQVr1rzN7t3lHWmlIBxUNDRE2PjZRmzrwCSWsg2DmDKde8+thoe23Sc2KAsM52EHcB5mE2X2hBZROL5VhqcWKiORbyzpYZD6EISORtaVIAiCIAiCcMiSvP+67/77iDQ0dFjf1dU1vPH6605C+A7rVRAODpRS1NXWsn79+gOWV8qwQWlFwLYojNRSEG2gsCFKYUOMwkiMwohFYSRGUSRCQaSegkgdRdE6TC3bYEHojkgIoSAIgiAIgnBokhTSt2XLVl568cUOzZGjbZt77rqbefNPIC8vX+KVhB6F1po9e/ayq2xXm8Nu228EZGqLCww41QxjK9vx0EgJ1zWwTROFjUYTCGWSb1vOQZLQXRC6FSJgCYIgCIIgCIc2GpYvXUp1ZZWbGKdjNrUKWLd2LR99+CGTj5vSIX0KwsGCUoqy8jIq91UeMBtsQ6PRZGgosaNoFKYrQicHCdpYGBrAwDJsTDcXliAI3QvxnRQEQRAEQRAOSbRyNr9omxeeX4KtNbbRcZtaDVja5pVXXsaKRdG6PXl3GucYaoedOunR+COtfT3ahaZFG3ouNqknnM41dLIQHVzYlG7djO2U+nOKFHTx9VQoDG24X8EgkZk9OTzY1Ca4spXpHt+j9CsNTmZ699GjTk4QEhxs3wUFQRAEQRAEocvQWrNhwwZWv/020PHbPqVhyZIlVFRWxMdrY0+NXrdDKWhcQCxJTFI6SYjwXic38fSB9ghQjRI/p0Vj8SudxwGnvdfwoDiJOFbMZvPmzc46QR0Q6xSuw6RXPKG5BaW841KLFPYY4jdn8g0sCD0PCSEUBEEQBEEQDkkUCq1t7r33Xurq6jpevFIKrTWbN29mxYqVnHrqF9qRJ8hpZ9s2DfX1aG2jfVislCIzMzP+HDw9Rzv7XACt2bVzF++//z4bNmxg27Zt7Nu3l4ZIfYrgFggEyc3Jo2/fvowYMYKJEyfSp0+feN4wnTRmS7h+b65+lTjWG8ubNwArGmPHjh3s2LGD8vJyKisrqa6upqGhgVgs5ksQDAaDFBQW0H/AAEaOHElxcfF+c9Q1OOdVX19HfW0dKO3rGoKjSQRDIbKzsxMeRm2wW9uaqspKamtrU99vwxTU19Wx8dPPEoJQK5fCu1Z1dfVs37G9xWOVUuTn5xMOh5v8rCNIXm/pHu/l/NJaE41Gfa/FtqA0GIZBRjiMasZDNH5Po5ww6CQikQiWZXWafclkZGRgmibQlfeVcCghApYgCIIgCIJwSKK1pra2lmXLlqFtm5TYow4ZwBXJLIvHHn2UhQsWEggF29Xh3r27OevMM9myebP7XsvGFpcU8+BDjzBw4MBEL9pC2za79+zhnTVruPfee3njtdexYrGUto03oN4GWGuNYRiEw2HOPfc8Lr70Mg7r16/ZzXXTp6LZsXM7u3bu4vONG9m8aRNbt26lfPdu9u3bR11tLZFIhB07d1JfV+eefZIHWAt2NrYX3MgqIBQKseDEE7n8iis4asRIAoH2XI/08Ox58YXn+eEPr6emqiotP5nRY8Zyyy230veww9psQ0XFPq699ju88vLL7jvtWewJETSdJO5LnlvMc0uea/GYrKxMfv3b33HyyackRuukRPF++vVCZ2tqqvl842e8/NJLrFixgo/Xr6empsbpo9PcuhTDhx/Jw488THZ2TtOXTDtSaCTSwPbSbSxdupQXXnietevep6qqqsscsn7zu99zxhlniHgldBoiYAmCIAiCIAiHLOvWrWPXzp2dPs7a99dSVlZGv/79OqQ/pR0fptb2iTXVNZSVlaUIWB9/9BE33XQTq9540xFR7CZUoZbGdj1P6urquOOOO3niiSf5wY9+yBdOO81fe/frr3/1a5556imwHSGkOS8g1ehrsg1+MVzvp1hDhKeffIoXljzPqaedznXf/x6FhYVduuGeMmUKI0aM4O1Vb7oCkL+xN23cyBtvvMFpX/xim+3dVlrKe2veSXjftVPZaKuopFq7dnr/a7x7924WL15MJBJJe7zGZGVlcfLJJ5Obm+vL/lgsxgMPPMDNf/sbe8p2YVlW/LNEJGx6Hl1+0VpjthQe6fLxRx/wgx9cz8cffEA04uTcU4ZCdVGFyOQresCqUgo9HhGwBEEQBEEQhEMDz1vEfWJZFnf+6zYiDfVAK8UHNfHQHK1SN2gtbdSU26yyYi8vvLiECy64EDPQxl/BtQJtgFYo5S+VbbQhwmeffMrYceN4a9Uq7rj9Dl5/dQUN9fUJG316Tu13ntr5b8+ecn7yox9SUbGXc849l1Aog5ZFGYVSCjum40KFrdJPidXaBrnx58mvIw0RHn3oQXbu2MYNP/0ZAwcd7tSl68RNt9d3r+IS5s2dz+pVb7kftNzOEwZqa2pYvvQVFi5cSKiJ0LqWGnvBiu+//x579+5Nsac9pNNHesfu/96O7Tv4w29/Q3V1te9+mqO4uBdTpkwmNzcXSAp/bXSc1halpaX8+Pof8urKldiWBZ28TvZHo7GwSRaaDcBGa40Vi3HXnXdxy81/Zd++fYAz136+P3UkXpmB+HiShkvoBCSJuyAIgiAIgnBo0EghKd2ylRUrVqTR3klUPWDgQPILCnw18fZwlmVzxx13xJO5dxWWZbFy+TKuveYaLrv4El558QXq6+pbb5gmVdVV/PKXv+SlF1/EshpXTDz40O6/FSuW88MfXk95WXmXja2UYuasWQwYMAA/u/zkZfvWqrfYurV0vzxHfsasq6tj1apVcXGjK3IidTSN8/+39eEHrTWfbPiEr3/tayxbvtzNI5UQwA8szj0WjUS4++67+N3vfk1FRdd+bxGEA4EIWIIgCIIgCMIhhVIKpeG1116joaEhxVuhRbQGAxZddCGTJ0/GMIyW23lVz5QT/FO6eQtr167rUuFAKXjmmadZ/Owz2FbUK9bWQZ2TSBumIdYQ4Y+//wOlpaUdNEDn4V1zheLN11/nvnvv7pDQtNbQOI50g4cMZva8uRhuwmu/lO8uZ8WK5f4bJF2j0tJS1r2/NvGRhHjtR6KugaaqopJf//JXrP/wo3gYnjK62vuqBbRm+bKl/OrnP8eKOvnrfH8vE4RuighYgiAIgiAIwiFBvLi81liWxZNPPOG/sXKEh6JevVh48smcf/75BINBX2JUcvLzl158kVijZOmdicb11dCO/mbTuZE9Gzdu5Kknn8S27YPcw8edGW2jLYsH//MfPvrogy6xWWtNMCPEwpNPJjc/z2cj5xFtiLB86TIq0/C20e6YH33wIVu3bm2TzYcMbngwtuaBBx5gxYoVB9069uzZs2c3f/7TnxyN8uAyURA6DRGwBEEQBEEQhEMKDby/9n3effcd/w00oBQTJx5LSUkJk4+bwsDDByU+b4Fkj4iXXnyB3bvL3QC2LqSF2CndzKNN2JplS5dSUbGvBU8vdwTVYaO2Cw2UlZWzYtnyrhEr3FRGo0aN4uijJ8RFVbSfWdCsWbOajRs3xivjeX222FBr3lz1JvX1dX5N9PVoC53Zd7tx7/Oy8jIefuhBbMvyLw4lGa+1//NMZx68nP9aaxY/9xwffLDOGcuH11WXzPMBvXjCoYAIWIIgCIIgCMIhgUp68uijj8STt/turBUzZ84mGAgRCoeZdNwUR5zyEbHjhfZsKy3ltVdXdtkmz0usnPy8sbntyRMU78MLyTMUGz/7lO3bSltJ0+TsdJVWoMFwk4x3He5suMnwFfDO6tVUVVV1/qjKcecLh7M4ccFCsrOySa1j10xDZ6qorNjH66+9Gv9Ia93iRVMaKvZV8M47a9Kys6NySXVl3+1FAbZlsXbdWkq3bsFZnD7D8lTq0458pHSKIhaN8tzTzzqVCQ3VbAXPxuZ19jynrF+JZBQ6ARGwBEEQBEEQhEMGBWjL5tWVK/1727jCQXZONtOmTYtv0ubNm0swFEp7/GeefppIJNIj93daa6qrq9m0aVPz8+smgjK0cufgQEoWCbZu3Up5WVmXjWcYBrNmzWL4kUfGPWv8snz5cvaU73ZmrlVxRbN27VpKSyV80A+RSIRly5bSEGlIv3EnLGPdxIua2lo2bvr8oAtvFITOpo01fAVBEARBEAShe6HRKA2vrnyVbaWlvpMde5vE6TNm0uewvs6bCiZMmMDAwwfy6SefoAHDx+5VAe+99x47d+xg4OGHO+91QdJl7xyaqz7X2P8p2R8oXfsikQhlZeXNbq7jibJR2O5YWgPKIBAIUFhYSElJCcXFxRQWFpKbm0tWVhahUIhgMNji2DU1NSxbtoz1H3+MbVtp2b+vooLKykrHNjdpd2fh9V1SUszsOXOdcFYfYoTXbv3H63n33XeZO28uaB0PIWtssdaaSCTCm2++QXVVdZPn1Np6aG4etNaoJHmltflKGUe17EehXc+8A0FDQwNrVq9Je3zPE84RI50CAR2CAlupeOip1prKykoqKyqd+zkN+zSON1lGRgahNMX31u1Uzv2ptRuJeeBFaaHnIQKW0G5q6+qpqa0nEo1i2babtPNAW3VwopTCMAxMwyAUDJCdlUlWZsaBNksQBEEQDhki0Sh/+dOfiEVjaYkUyjQ45ZST4wKK1pCbl8dJCxfyt7/8Ja297u6ycp5+6imu+NrXCJhd9Ou4e55aawIZIfLy8sjJyaF3794MOeII+vcbQHZWdnw+IpEIK5cv5e2336ahIU1PFK2pqa1p1ZYrvvY1zjrrLDKzMsnLz6OoVzFFRUWYphm/NvuJKy1dLjd/0VevvJJrrvomK1esSMvsaDRKfX1dl3m1aDc8bdbsmdx//73s2rnTd3jMvr17WbliBXPnzm3V66eyooLly1dg2U4+p8Zr3pvnkpISJk2axIgRI8grKCQ/v4BwONzsPVJXV8vtt/2T999/3/99pBSTjzuOSy+7vMXjTNNk5OhRzQqunUlNTQ3l5eVAeiKMMgz69O3DzFmzGDZ0eNoVJptHU1BYQEaGu2fQmt3lu4lGo65o5tNGpcjNyeO737uOc845F9MwXOfHjhGatHb+QCDbQKEzEQFLaBO2rdlXWUV1bR3hjBCZ4QzycrMxTUecEcW9abTWWLaNZdlEolGqa2vZvbeC7KwwBXm5GIbMmyAIgiB0Jls2b+Gd999BazuNcB9FOCOLcePGxV97Hkrz5p3A7f+8jbq6Ot/9KaX4z3/u55xzz6WgqMiX51Zb8Tb/wXCYmbNmcfrpX2LMmDHk5uaSmRkmGAy5Nu3vAHTJpZdy2z/+wU033QTa8j+oAivaeqXFMWPHxM9c482q52niGpQyNYoWt8fK6SkvP49TTv0Cb7z+JrFoJK2wLtuyna664HdZ5fovDT1iGMdPncZ/H38sntq/9aBAeP3N19hbsZfCgsKWBmHT5s2s//jDVsMNy8rKeOaZZ1iyZAm5eflc9a2rWbRoEcoTOhpRWVnJ4489TtztqBWjPTGqb9++zJs/v9Xjm/ILaxxuqgFbg8J200M17YnmG+1Ueqyvc/Lj+RW5ba0ZNHgwd911N/0HDEixpd3o1IIPGog0NDjfw1z8jGQaBt+97jrOO+9853hDtS/peqNBnXnSrd2lgtAuJAeWkDYVVTVs3bEL0zQ5vF8fevcqJDc7i4xQkIBpinjVAkopAqZJRihIbnYWvXsVMrBfb0zTZOuOMiqqWvhrpSAIgiAI7UPDihXLsWMx9/cVv7+zaI47bjLFvXs7icrxttGKQYMH07dfP/+Vytxk57t27OSDDz5o02m0hf+99lr+9rebWbBgAQMGDCA/P59QKCOefB03tCjxGoLBAPPmz6ewqMj3OH7mNT5/SjmbfG9MBY6LkPdw5jjxr/HrZv5pRW5uHoFAAD+1HpPPuSvR7r/MrEwWnnQSoVDIFSV82Ixm69atrFyxssXIB23DmtWriTQ0tBjSlnztLcsiJzubqVOn+hJhOmvmvH69azNy5CiWrXyV1e++G3+sefddbrjxhg61wrZtbCu98NOAaXLclOM4rF8/oIMFnEb3JbjhgJqk+6J1gsEg48ePd14YyktF13oG+eYezdjKAbqfhEMDEbAE32it2b5rN5FolP59S8jPzT7QJvUY8nOz6d+3mEgkys7yvZKQURAEQRA6CO9nqtaahvp6Hn7woST/KX8EgkEuveyy/fMvKcjNzWXhwoVphwvFYjGeW7yYSLrheW3ES2OQTqgXSpGZmZkIXeoEnI24Tnnd1PttQtGiaHPAcXU6UIw/ZgJjxo11Pc/8Na+rruG5556jpqYGdNNVHKurKnl71Vv+TXLnfey48QwdOpS0dN5OwlsHhmmQk5tDTm5uyiMjI9zxYzYauzUMw6BXr2IMw61q2RUCjk7PfcqybCc0Unnn1Xb3K2+ddMh9KghpIAKW4ItoLEbpjjIyQkFKigqcmGmhQzENg5JeBQQCJqU7yqnrol9oBUEQBKEnk5xD56233mb9+vVpb7j6D+jPhIkTUabR5Hbv3PPOIzsnjT/suaLFc4sXs3PnzrRsaSte8uc2te3EvbjnWeJthL3nzvteaFj6D7T2lRT9QKKSPM8KCgtZeMrJvsVCb57efP11tm3bBjR9fUu3beODdWu96EpfhMNhps+aEffSOdA09gzcn/bEwTUzJq2NuT9dKV6Zpunel/7HisWi/OEPv6O6qgKltOOe14Z7JHmdiaeV0NVIDiyhVWzbZmfZXgrycsnJzmz2uEgkyoOPPM7Ly1ZQXr6bvLxcjp8ymYsuOIfsrKwutLjtPLvkRbKzs5g5bWqzx9z6r7t47Y1V3PmPv3aKDb0K8tgZ28vuPZX069Mr/sNQEARBEIT0Sd5sPfXEE2jLwkC5Ve/89THp2EmEMkJu1bXU/Dug6du3D0OHD+Od1Wt826WAvXv2suzlV1h08UWH7EbQq5L38ssvs/iZp9n0+SYqKytpqK/HblTlLh3qGqLU19fj1l3rYKs7Fo3jXTR/3nweuP/fbFi/vvU27rrevXs3r736KsOHD0c1kUv1g/fXUrarLJ5vy0+fgwYN4tiJxx6QBOotchCZcqAJh8MYZgAdjfhe31prPly3jlMWnszQYUMJhkKAwtDp3R+BQICS3r0ZPuIoZsyYwcCBA9twBoLQNkTAElplR9keMjMzWhSvLMvi+ht+wdbSUs47+0wGDujP1tJt/PvBR/ls4yZ+8/OfdGiC8sXPv8Sfb/4HD977L3KyOy6U8Y1Vb5Ofl9eigNUV9CkuZPe+SnaU7aFfn+IDaosgCIIgdEu8za5SaGwi9fW88eZroBJZkZr6E1G8mftEGSbzT1iAaSSFCKrEF40CZTLl+Om89867WH5y5ySF8Lz00gucdfaXCWdmtt6uh+B5WNXW1vLS8y9w880388mGDY5HSAeffneYT8c7Dvr1H8Dx02ewYcOG1tskJStfsWIZX/zS6eQV5MdzImmtsS2LVW++QcyKprRp3g7n82MnHRcXJQ6q+TuITDmQKKUoKu5FMBQi0lCXVjuAHdu3s2P79nbZ4FU/NJRi4qRJLLpwEfPmzSOUkZnkQSl/hBc6HllVQovsq6x2YroL8lo87qlnl7Duw4/46Y//j9NOOYkJ48fyhZMX8P1rr2bdhx+xfOVrXWRx+7jh+uv49lVfP9BmAI4nlmEY7KusPtCmCIIgCEK3xfPAWbZ0KdtKS/03dFMRDRg4kGMnT2r18JNPXhgXodLh3XffZcvWrWm367a4hQXramq58Sc38O1vf5sN69enWRWy5zJv/nx69SpuNbdQctDc+++v5cMPP4xPnycg7Nq1i3Xr1gH+hCgNmIEAc+bOxQyIn8PBTF5eHkVFLVSf7AIUTqTOqjfe4Fvf+hYXXHABZWW7MAwv9FJc5oSOR74zCc1i2zYVVTUMOKyk1WNfemU5R48bw/ChR6S8P27MKMaOGcWOXbvi7y1d/ioPPPI4paXb6NWriFMXnsiXTjsl/oP1/Eu+xsIT51FTW8tLS5djKIMZ06bw1a9cTDAQ4JyLLqeqyhF1zl70FebMnM53v/1NAJateJV/P/QY27Ztp1+/w7jsovOZNHGCr34Bvn3dDykuLuL6677jzoHmnvsf4NklL9IQiXDcsccQaOIHemvnVFtbxx333M+rr79JQ0OEYUOHcNlFF3Dk8KEtzmtJUQGlO8rIzcmSvGOCIAiC0AYMFA319dx2221o2/+GyhMBTvnCF8jJyWn2OC/Mavjw4YyfcDSvLl/hduAd0PI4VZVV/Of+f3P99df3fNHAnZO62jquufpbvPLKy0B61d56Kt46Gjt2LFOnTuGpJ5/03XZPeTmvLl/BlKmJCALbtnnvvfcoTUe0BYYfeSQjR49Kq43Q9YTDYUaOHMXmzzcekHsnOVed1hpla95dvYazzvgSd951N0cMHYoo0kJnIDtioVn2VFT5Fk42btrEEUMGN/nZb372Y84583QAlrz4Cr/545+ZOGE8P7/hByw4YS63330/d9//YEqbR/77JNFolO//79WcdupJPL34eZa88DIAf/3jb7j0wvMA+NtNv+GrX7kYgBdfWcav//BnpkyayM9v+AEjjhzOjb/8HZ9+ttFXv03x2BNP8cAjj7PghLn86Pv/S58+vXl52YqUY/yc019u+SdvvrWab155BT+5/rsYhsEPbvg5e/bubXFeTdMgOzuTvRVVLR4nCIIgCEIj3OppWmt27NjBho8+TjthsQ1MnzG91XyUToU/kwULFqBMw1dOmkRianjx+efZXV5Oz/dY0EQaGvh/N93E8uXL0LYdT5YtOGsiJzubE088sck/mDaJBrTmtddfp7KyMv52NBrlzTfepLqm2vf8BoIBps2YTmFRoWgPBznBYJDTTjtt/8qoXUgijNX9p2H7tu1885v/Q2VlxcGVP03oMYiAJTSJrTVV1bXk57aeX6q2to5YzKKosGU3Vtu2ufOefzN31gy+cvEFjB09inPOPJ3zzj6DRx5/goqKxA/diRPGc9WVV3DM0eM4/+wzGTZ0CO+tdVygS4p7kZub6zwvKSY/LxetNXfc/W9mzTiei7jCLBQAACAASURBVBedy9jRo7jqyis4rG8f/vv0Yl/9NsayLB5+7AlOnD+HSy88j2OOHselF57H7JnT0j6n1e+8x6wZxzN18rGMHT2K7377Ko47diK7d7csYAEU5OZQXV2LLT8EBEEQBKFNvPTSi9TW1vqSh5QG5WZ4Ly4pZvjw4b7GUAomTZpEZmYWOg0hSmso27WLDz784GAvmtdm4uFwGj5Yt46HH3qQWCTqX6/TjR49GQXHTDyWI486ynnt53y1ZtPGz1izenVcpK2srOSNN17353XoimB5eXksOOkkAmYP9wTsAWitmTFjBtOmT49/32h8m3T5raIUaM2Gjz7m17/6FbZtd7UFwiGACFhCk9TXN5ARCnZo2Nrnm7ewr6KCGdNTE6TPnjGNWMzig48+jr93WN8+KccUFhSwL0ngasyWraXs2buXaVOPi79nGIoxo0ayfsOnbep3V1k5FZVVTJ18bMr7ea54ls45jR45giUvvMITTy9m564yCgvy+e63v8nwYakhl01hmgahUJD6+oZWjxUEQRAEwcETTWpqqrn33nuwdTqbKTetwXmLyM/N81flSysGHT6EESNGpelRpInGIjz22KNEopE02nU/bNvmkUcepqqq0hH50vTyOTScghS9Sko45QunEQyGWjjKnQ8FGIrKygqWvvwi0Yjz++Knn3zCli2b8bcUHcn1yKNGcNRRIw4NobAb43lvhrMyufqa75ARzkSnWUmwYw1KPJRSoODhhx/m448/bq2lIKSNCFhCk9TWN5CdGfZ1bDgcxjAU+yr2tXic541UVFiQ8n5BQT4AlVWthMm18GdJT4T65W9v4uQvnRt/PPfCS1RX17Sp3737KlLsawq/53Tdt6/ipBPn8vBjT3Lp167iG9dcx6uvv9myXUlkZ4apFQFLEARBENLm7bfeYvOmzb435Nr9l5Oby5lnnokylC/lRKMJZoS4YNEFmMFgksLgj6WvvMLWLT07mXvptlJWrXornjvHN144qPe6KVeTHuSlFQgEWLDgJPr17+d7DWmtee3V1ygv300sFuOtt1bRUFfnM4xLEQyFmD5zBqFQ6FBRCrs9SilGjR7F326+mdy83GQdyfUk7Vp7vFtPodCWzUsvvti1BgiHBOIfKjRJJBIlp8BfJR3DUBw+cCCfbdzU5Oc3/OK3jBszmvFjnYSQFY08nvbsccLo8vJarnTYEpmu2Hb1/3yVYY0SyQdMs6kmreKJUl7C+KbIy3WSurZ2TuFwBpcsOo9LFp3H5q2lPPzYE/z8N3/k97+8kVEjj2rVloyMEDX7mvdAEwRBEAShaRY/uxitNUaaeZaGDx9O7z59UGl6o8+aPYvikmJ2bNvmVNxrZVwvCXJNdTUrly9nyJAhKKNn5oX66MOP2Llrp+9zS04SDTg7cx9z6oUrenTHuRw0eBDHz5jOpk2b4n9sbe08Nm/ZzFtvrWLq1ONZ9eabWLblayyN5rDDDmPGdCffW3ecr0MVZRjMnDWLv938d3720xtZv97xelI+7pPOwrtfl76ylK9cfvkBsUHouYiAJTSJZdmYpv9f2ObMms4dd9/P55s2M3jQ4fH31334EW++tZp5s2cy6PDDycvNZcVrb3DsMUfHj1m28jUMw2C0DyHHI/5LqPvLyeDDB5KVlcnW0u0smD83flz57j1ktaGkNUDvkmIK8vN57Y1VKfbuq6iIP/dzTqXbtnPTX/7OVy5ZxMijjuTwAf35n69exgsvLeXTjZ/7ErBM08CyJI5cEARBEPyigOqqapYufcUJOfBZFdATTGbMnEEw5D9BstcuJyeXUaNHs2Pbdvy4AiU8ZBQvv/QSZ335y2RmZ/ket7uggG3bttHQUO+/TZJ4VVRSzLHHHkt2dg6q1SASzbatW3nrrVVYlj8R52BBJ4lVJ5xwAk8/+RRV+ypaaeUQi0Z5+eWXKCoq5IN1a/Edpalg3PhxTt4tpVwvGqHboGDK8VN59L//5Y5/3c6f/vQnrFgMre0Dch09z68tmzcfgNGFno4IWEKTxCwLMw3PpdNPXcjyla/xwxt/xaJzz6JPn95s2VrKA488zvixo5k29TgMQ3HRBefw11tuIz8vj2OPOZqP1m/gPw89xpfP+GJKbqnW6N27BHAqAI4fN5qhQwaz6Lyzue2OuzFNg0kTJ7B7z17+dee9zJg2lcsvWZT2HBiGwVlfOo1/3XUvebm5jB0zinfee59lK16jpLgXAIGA2eo5ZWdlUVVdw5/+eiuXXHgeeXl5vPjyUkzTZOzokb5sMU2TWDf7BUwQBEEQDiya/z72KOVlZemFlGnIysph4cmntGlUwzBYeNJCVryylEhDxJdg5tinWb36bdav/5hxEyb0OAFBAxX79mHFYuk1VIrLvvIVvnX1NWRne8WFWpkdrXlu8WLefe89rNrabqXGJHvNjB9/NBOOnsDSV17Bj6ykbc2at97GVIqKigpf+a80YAaCzJw9B9MMgMhX3Q5vzWSEw3z9G1dyznnn8smGDXz88cesX7+e3bt3E41G2zVG2a6drFu7FvyE/yqFRlNV6U94FYR0EAFLaJZ0XO2DwSC/+umPuOf+B7nnPw9RXV1D3z69WXjiPL78pdMwDKevkxfMJxAI8PBjT/DYE09RUlzMVy5ZxOmnLkzLtnFjRjNj2hTuuf8Btm6bwbeuvILTT11IVjjMI/99ikcef4rCgnzmzZ7J+eecmVbfyXzptJOpqq7mmeee5/GnnmXSxAl88dSFKfmrWjsn0zT5xQ3Xc/td9/HHv/ydaDTG4MMH8pMffDfFW60l0g17EARBEIRDnUiDkxhd23ba+ZbGjx/P4YMGpT2m5zE0a/Zs+vbty5ZNPj0Q3GzctbW1PP7f/zJm3DiMQA/6Nd0N/Ys01KPTqEymtaZv376cceaZZOfkpDWgqwl2U5wJy8vLZ+68+axcttx3OOD27dt5+qmn3XP3t+4HDRrM0eMnOC80PhO/CwcDyd/b3NuMwsJCJk2ezOTjjkvx6GsPTz/9JFdfdVWLK0olP9EQ7eFFKYQDQw/6ySgcaLKzsvj65Zfw9csvafG4E+fN5sR5s5v9/P47b93vvRt/+L2U14ah+L9rr9m/7/lzOHH+nDb3e9Nvf57yWinFxRecw8UXnJPy/lcvuyh13FbOqbhXEdd956pmPxcEQRAEoePQWrN9+3Y++eSTtNo4KObOm0cw4IYP+gw9jB+qoKCggBmzZnLfPff692XRgNYsX7qUim99i6KiImfYnqImKK/WXXoUFhaSk9O8l37jPFmN5+tA+RPF15NOfd3q9UxebxqmTZ/O4COG8MknG1rN/+XNQywW87VutNaYpsnx06bRf0D/Vo/vSDTaVz6z7kDjRPlpFylopd/G6zt5zSd/bXxs8uf+kvm3ZEz6dgtCZyBVCAVBEARBEIQeg+16+Dz40EPU1LRSibgRSikM02DqtGlo1VYHHgVKMWPmTAJ+c2h5OcqVYsf2Hbz/zrvY6XqOHdQ459GWjW1dXR2xmP/wJ62dKpJKqa4vw9YElVVVbd7Qa6U5rP9hnHDSgrRSe6SzbrKzsznxhPmEgiGU6priAVWtVR7vpkQikRTxqD34bd+UWOZdx2RRqy2PZGJphP521ToSDk1EwBIEQRAEQRB6DEop9uzZw8MPP5T2JkprzaRJkxg0eFCbw6i062c0btw4evfunW5jIg0R7rvvPurr63uMJ4NGO4X02jCppaWlrFixAtuyXS+1JvrXGsuy2LJlC0uee44//uEP3HrrrTTURw54Nqc3Xn/drSTYltaKYDDIggUL6NXLyb/a0Wti2LBhjB49ukP7bA7P9rVr17J8+fKO8Qw6SIjFYrz7zjvU1tYC7fQsazQldXV1lJeX7+fFV1NTExfNOmMevXFs22blqyu7cUiu0JOQEEJBEARBEASh2+OF7ylg1Zuvs6esrFVPAE8PMbRbdt4McN75iwiFQihP+kgvfVa8XXFJH2bPmcd/7ru3dW8qlfiq0KxYvpRNn3/GiFGjHdHHbzW5gxTPESoQCKGVgdL+8mAppYhGo/zu179mR2kp8+fPJyMcxkbT0NDAtm3b+Oyzz1j3/lrWrFnDnj17Em33e9I2PA8XwzAImCZof0mivOu98dNP+foVl3PllVcyYsQItOGsEKUUGZlhBh0+2E2enmyvTjJdMXTYcCZOOo5nn346MXftOS/vegSDTJ02g+ycvDb153gsmnjaZGvRtt6c7Nq1k2uuvopFixYxfvz4Fr3LFAplBBh+5HD6HNY35R7rFJRTiEEZyneYo/f56rfe4te/+gWXXXYZmZlZoJr2FfEEJ23b2HaMWCxGJBKhoqKCrVu3snXTZjZv2cKmTZvYvHkze/fuZfiRw3nw4UfJcXPBaa35w+9+x/333UNJSQlDjjiCQYMHM2jQIAYPHkz//v3JDGelrq02EIlEePTRR3ni0cd95+T1xDSzmfMXhPYgApYgCIIgCILQM3B30Eueey7tpjZQVFDAxIkT2x3+4okeXz7rLB596EHq6+vTah+LxVi5ciVHjRiJMnrGJlDhhKuZhul4U6VBTU0Nt9xyC7fccguQJJR4+X+Sx+mE0CWtNaFQiHA4I/7a7zhaaz7fuJHvf+972K4g4n7C2PHjufOuu8nPL2ixj4yMDBaefDIrli+numJfO87ExTW9pKSEmbNnYZhtW2OmaZKTk936gY3RULmvgr//9W+uPU3PpZe/LBjM4Kc//xlnnnWWe3ybzPVNRjhMdnY2lRX70hrKsiz+c//9PPLIIwSDIVQzwU6ewGPbNugYVszCsm20tnGSxTWR+6qZMW3LZueOnezcsZPXX30t3lwpCAUzUIbZrumyLMupYKh02v2EszLbMbIgNI0IWIIgCIIgCEL3xxUVduzYydKlS9PL3q0cr45Ro0dT1KtXhyVgHjL0CHr37cPmTZvcNxPjtcaSxc/x5bPPJr+gqN22HAxooHefPgRDQRrq/OW0ahwWpZSzO1eJA+KV1+KfdxKZmZn07tMn7TFSqsRp16OINJenUkyZOoUxY8fw2soV7aoS6IVzKmD0mDGMHtX28MFQKETfvoel3c67jgmjPJFm/xNTKsmzUXWy95VLdnY2AwYMYMf2bal2tobWKBRWJEqsIeI/Yb/7wlkX+6/5lsID42N4ZTc9b02tiEYaIO3Vtr+RCtoUAlzYq2d87xIOLnrGn3SEDicnWxTzgw25JoIgCILQPM4mS/PUE09SWVGR9iZfGYozzjzDf+L1lvpyQxczMzOZevzxGIaRVv4YhWLd2rW8/9777ua9e+PNx7ChQ8nPy/eds6fJpNJK7ffozKTRSjmSUzgcZtiwYZim2eZ8Q56NOv7w6cUFFBQWMHfuXGcttQuFVhAIBJg5cyahjFCbF1ggEOCoo45qU26zJpOGe4vdfTTutivEK4BwOMy06dPSHs1bK2iftqacb+paTns9J/WRUP0af23LI2FXq3gLWylsBePGj0/vHATBByJgCU1SUtSyK7PQ9cg1EQRBEIQWcDWFxYufTSTEagVF4pfhvn37MmfOnA5ViwxDce655xIOZ8bH84cmFo3yxOP/jVdV7M5orUFrhg0bxrDhQ4HO9ZbqDJRSHH/88WRmtv0PijagXWEgvSqXzpHTZ05n4KDD2zy+15cCeh/Wl4nHHtuOapvOdR07dizFxcWdl4xdN/O8EwkFg8yYMYPsnOz01qlXTdR9agO2auHRCbYfHDhrbO7cuQfaEKEHIgKWIAiCIAiC0O2xFezcvp1PN6yPewD4QWuNrTVTj59OVlZWPOF4h6AVI44axfAjRzgv/bZTChtY9fYq9u7dE7ezu6JcL47MzEy+eNrpmGYwPhnxjT4doE+4HiCeYNZh1dnctXTUUSM4ZuIkJ7dRMxURW8LACSNEg9JeMKEPoVUrlA0DBw5i7tz5rYaVtdwXGCiOmTiRgYcPwtAKQ7ddTDys/2F86awznETstu7Y+weSktp3TSUD7YqLw4YNZ/zRE7ET7nKtkyROKuVcb0O38OjUM+l6tNLxPG/FvYqZNn3GgTZJ6IH0tPtGEARBEARBOBTRmn/+45/U1NSkeFa13CSxK501axZmINChnkEaCAaDTJ061UnG7jMeUGuNoRQ7tm3njddfw7atbuex1CQKZs2Zzbijx4OhvLccYaeD+vfCnpRhkJmV2XHzphQ5uTlceNFFFPcu8X0tOwaNVk7OqRMXLCA3L68dGY2c0L+5c+YQDofbfR7hcCbnnH0uQ4YNTVTu68645mdlZfONb3yD4l69uvhad2NcjTEjI4Of/eKX9OpVfKAtEnogksRdaJKNW7YfaBMEQRAEQTiEGDIw/WTQyezZs4cHHnjArUqnfG04PU+W4pJiJh93XDo51n1jo5k9Zw53330ntdXVvgQV75iYFePWW25l1qw5ZGVnd1kOoM5CA4VFRfz8F7/giq9cxrbSUsDLHdSOTpNkE60UBYUFfO1rV5Kbm8tPb/gJ0Wi0/TOnnLxGs2bNYtFFF/LnP/+JWDTqJGVvT45sX2Mn5mfkqFFMmnQsLzz/QpuHHHD4QCZOnARKtWvNe+v08EGD+N73/o/vfvda9u3enaic1w1FVwXxnFHHTp7Et75zDT+98UZikWgimXz8QAGIezoqpTAMgy+fey7z5s/vltdfOPgRAUtokvb+EikIgiAIgtCVrFm9hoaGhrT2lVprbAVfOO2LFBYWdppto8eMZvjw4bz3zjvxjV7LhjlflIJ1H3zAps83MWr0qE6zr6sZNnw4v/7tb/j+977H9tJt7exNx4us5eXncenll3PWWV+mpKQPa997l8ysLKIVFe22Oe6tp+CSSy8jEo3w95tvxo5Z7e7btw1AOCuTufPms3z5ciINkbT7MAMBpk2bTq/iIjS6A0RRhUIzc8ZMfvmLX/F/3/suFR0w3wcDhmFw5plnEQoG+fGPfkS0IYLWNkpJEFNjnOICissuu5xvX3styjB8FykQhHSQu08QBEEQBEHo9jzx+KOgLTddTSL/UUsPgFAwg5NOWohhdsKvxa5QlZGRwamnnoYyTIDWbXP/ObmSNK+uXEEsFkvpWmsf/ehk/5r0N5Px9tobz+eY7rFu04SXjzsfSsGUqcdz899vYeas2ZiBYLz/5PlJtqHZ65eRwaTjjuOHP/4xTz79DN/8n2/St29fDMOg72H9KCrqlWS/3/lq6lKq+NfMzDBf//qV/PKXv2Lw4CHOOTZhc+O59K6tNzMqeaLiB7b8MFCMHDmS/Pz0i/torcnPy2fe/BMIZYQ7yKNPOx5ipsG8+fO58567mT1nDoGgm+fMx5w3v47cryr1nm48fsKPjPhC9bdGWz//jIwMvnTGmdz6j38ycdIkMMy4Lcnz2uostbLmWuovmJFBUXHvRAVKdy3k5xeQlZ2Drd1ZSGdum7DND8nzF79plWLwkCH8/qY/cO111xEKBRNGCkIHIx5YgiAIgiAIQrdn3759jD/6aN8bMY/c/EKGDhvWSVbhqDVaM3v2bJ5//nnq62p8tEnd+n3y2Sc0ROoJBIIETJORI0fRq7AIJ0Cxta4c8aqkuCQtsxMCUYiRI0dSXFyM/02pQZ8+fZs81BGCnM32qNFjuPWft/HiCy9wx+238+knG6isqsRyxTo7aXPvCUjBQICcnBxKSkqYN38+Z599NgMGDUroQPEE55rc3FymTZtOXm6eL9tzcnLIzs2Nh5Y29pRLvFZkZIQ548yzmDt3Hrf/63aeeeYp9pSXU1NbG9/kx1srx0MlEAySkZFBZjhMOBxm0OEDneTnKYM0YZh2P1COcJCXV0BGRrjFc2mOocOGcszEiY7fVBPn2FaUUihTMXrMOG697V8sX7aMO2+/g08++YSqqgrq6+qwbNsd0z0fiAt4yjAIBgKEMkKEw5kEAiaGESAYDJGdk0NRUbE3UMq4WmuKehU5edU8W6DVZVpQUEBGRkaz1zrpzDDNANNnzGTK1ONZsWI5d9x2G59/vpGamloa6uudSqHNtU/6fqQMA9NdByF3LYQzM+nfrx+HDxpEOJxBKBQmv6CQwqJC+vXrT//+/Tms32Ep60S7vk3XXHMNV199NVVVVWzZsoUdO7dRXl5OVVUVFRUVRBsiRKNRysvK+Pzzz6mpqaG+oYFoxHnfsiwsy0Jrp5CFn7WgtcY0DIKhENnZ2fTt24fzFy3iS2ec4Ya6GolrIAidgNLp/pQXBEEQBEEQhC7E+3XVdjfAtm1j23Z8A2ZZFpleQuq0Ok7d53Z0zpZ4394m3cuV5LtCYqInT/hB67j44KuvZN3G8H9+2vWsQWtU3FPFRyU4d7x4E89zqfFh3py4bWKxGNU11VTXVLN1aynl5eU0NNS7XRiEw2H69u1L3z59yMzKIicnh0DABNR+IkTcz8mdK0fE82e7n/XQ1Papob6e6ppq9uzZS2npVqqqqjEMg6ysLIqKiigsLCQjI4NgMEgwECAYChIKhTAM0/e6c+U8Vr3xBld983/Yu3uPr3aezYZh8K2rr+EbV13lQ7hpG56kqgA7ZlFTW0tDQwORSAQrFiNmOSGXycOaZgDTNDFNg0DAnRelMEwT0zQJmAGUacSFr2SLG18Lv6fT+BK2Ng/eXHnff+rr62iobyAaizlFFppZXN46RDnr2DCUe64mwUCQUEaIQCDgnJe7TBuvweRzjF83aFKjc29Z4nG17lfbtolGI0SjMfd7ZgwrZrneZI3ux9bmwTAIBEwyMsJkZWZimIZbeVElfa9wqKuri5+vaZoYhoFhGPF8Wd45CYcWlZWVAKxZs8Z3mwkTJgDigSUIgiAIgiD0BNqyCfKX673NJDxw2pb4OXFKKuVNrUnvfNt0kp4bWPIk+cmMj695jW9a3X12IBikoLCQgsJCBgwYmL61KfOh4sm4VdJ7rXfib6qSx/JEhHBmJuHMTIqLSzjyyCN99LI/LfoVuPNUVraT2277J3v37PXZKXiVGfv0O4zjZ0xLCYfsaJJn3AwEyMvL65B+m5uZtp5Dus2S58w0zf/P3n2HR1Xlfxz/3Jn0RgKE0Jt0MHQUQUAUBBFhRXAFcdW1wOrPFUTsq7suyiqioiii4goaF6UFEUREpAoWilIChF5CGoH0TGbm/v6YzJCQhCS0DPB+Pc88JHfOPfd7751nzXz2nHMVHByi4OCQszr2mQ9U/DNY2kjAUseMFR7hVvCvK0AKVMDZDdw7I/dHjBmDuBgIsAAAAHBFKjLSofCG8/y9/vTvdWV2X+q39fJ2UJGDlbJbsYtTPhU+1wuQIBoVLuLsuPO98/HFPT09XZs2bZI9314wcqzocXJzc7R9x3YtXvyNDh88JMNpVnhEXafOndWiRYtzL/YMzvZzc0anD547/eKUWMh5OvbFdrbnU4nX4YLcc6AUBFgAAAC4IhX7rnWBvnxVuFtv+BJ4tsHX+a3i7FykIs7bqBNTOrj/gMY89pgyMtLLHr0mlTu8Mg3XfE4/X3/ddusgBQQGnWu1Z3Yhrv2Z+vSKD9x5dLbnU5nX4XK7B/BqPIUQAAAAACpZBZZHq7Cu112ntu3aXaDeAeDiIMACAAAAgMuRKVWrVk333nefwiPCWacIwCWNKYQAAAAAcBmyWCy6uX8/de95vU5/gh8AXGoYgQUAAAAAl6FWrVvrgYcerOwyAOC8IMACAAAAgEues+BlyjRNRUZG6vGxY1W3bv3iT/IDgEsQUwgBAAAA4FJnGgX/GKparaqef/FFXd+jZyUXBQDnDwEWAAAAcBkwTVOGYZS5rbKZ5qmVxL2ttkuR0+ksch3r1qurf094Vdde11WGYcgwjCLXHAAuVQRYAAAAwGXCm4MKd22FwxZvDNguNe7rFxIWpmF/vlMjRtytevXql9gGAC5lBFgAAAC4rJgy5Vrxx3St/WPIM73qclwIyB0CZWRkaunS75SZmanGjRvquuuuk4+PN/y57w7VDKWkpGjZsmXKzc1Tq9at1LlTJ1mtl+FNqaCQkBC179hRR48eUcbJdGVkpCsnJ1dOp9PTxp1BmaYrkPILCFDVqhGqU6eOrr32Wg0dNky1atcuaMs1BXD58Yb/ogEAAADnhWmaksWQWfC932KcCk8uZ6Zp6lhiorb8vlW5ublKSk5Vp86d5evrW9mlyR1gGYaUkJCozVu2yjRNOU1T7du1ldXqX8n1VTJDatCooT78+GNX8FSw4HpeXp7S0tKUnZ1dZGSdn5+fwiPCFRwScqoLAisAVwACLAAAAFw2UlJS9PWibyQZatrkKnXvft1l/+XefX6GOyiSKavFdA3V8SKucky5n5J3uYeKZ8MdVJmSfP39VKNmVLEpl4X/PX375f5ZB3BlI8ACAADAZSM7J1c7dsTJNKXgoGBJlsou6YJzTyGsEh6uunVrKzsrSw0a1JePj4/XrTEVHh6munXrKD8/X3Xr1ZbVapFEmFXee+QJK73ongLAxUKABQAAgMuIcdrr8ud+ylxk9Ug9/NBDkgrmT5qmDK/IhlwhomFI9erX06P/97dTa5MVjMjygiK9Q0UGzXHJAFxhCLAAAABwyTNNh2RY5Zqe5pQrNHHINJ0Fo1XMgsXdLZJpeNYaklE8MTh9epZ7tItre8HLMGTKlGGeCsvKGhRjmqYMGUWn9hmGe5X5U/2710HyrNrtblt63+4Q67StKrMoz3m5rpmrH/fC4YanX1ctzkLTAA3P+2UfwN2ds2AFcotkuO6IcabwqtB5n5paZ8himIXuq1Eo9CnUj+H+HBiu8yq49eWr89SoNvc9MTw1uO+ze+SYWTRzMk/VwCgpADi/CLAAAABwGbAWhAeGDMNS8ABCi2RYPcHDqQcRmu4fiikcXLgDEldY4g6JXDtlZGQqNSVFDoejYLremRdL94RLhiG7w6Hs7GxlZ2crJydH+XaHnE6n/Hx9VCU8XOHh4bJYjHOe/md4QqIz9+EKZywFdRZcv4KwyjRNQMnPvAAAIABJREFUmaaUnZ2t1NRU5eTkyN/fXzVq1FBgYECFavTka577ZMqQ80y7yPM0SU/U5Z5CV7he17XKzMxSamqq8vLyFBgYoBo1qsvf31+FhntViNM05XA4dCLthDIyM5Vvs0mS/Pz8FRYWqipVqshqLQhNPeuQSRUbRlXC6QIASkSABQAAgEveh9M/VnZ2jtIzMwpCJlObN2/Rjh1xKjxNrW7dOnrgr/cX2lZ0WI47DElMTNIHH0yXDEMPP/SAoqJqyG536Mjho1q+fIV27d4th9OhqhHh+vvfH5OPj49KSx9M09Tx42n6/vvlOnT4iFJSUmW324scr/Dxa9eupdsG3qqGDRvKai3/NTh+PE0ffTxD2dnZat6smW6/fbACAgLK3M80pd27d2v27C/l6+Onu0ferTp1aik/P19HjyZo9eo12rF9h2z5Ds8pBgUFqF+/furSuaOsVmu5QizDsOjgwYOa9dnnysuzqWOnjrp1QH9ZLWc6SdfINKfTqZ9+Wq8ff1wpf38/PfDAXxUeHiGbLV+HDh3RjytXavfu3XI4HJ49w8JCNWjQQLVu1VJWq0VGWUOw3COvZCg9PUPrflqv9es3KDs7p9A9cgdqkq+vr/z8fAptl5pc1VjDhg2Vn583PP0RAC4vBFgAAAC45MXH7ykyocssGD2TlZXlWWvJNKWcnBzXLLYy8han01RObq7sdqdST5xUUHCoZsz4REeOHD01lUyG/P395evrW0qA457CZigvz6bff/9dNpv91Ew1z0gvs2B0kuv3I0eO6qOPPtbIkXerVasW5b4GpulUdnausrOzZbPZKrQwuN1hKis7T4ZhU3ZOrpJTjuvzzz/XsYQEOZxO18inQvPwsrNztXDhIgUFBSr66jaefsridDqVnZWnPFuebHn5ZY4Oc/drsViVn+9QVnaO8vMdys3LV/yevVowP1ZJycmFAib3dD9XCBUTM1sjRw5X61Yty3UtJEPHj5/QRx9/ouQi/breKzy6Kj8/X3a73TPN0N/fT2FhofLxqUDqCAAoNwIsAAAAXPJGjBguU6ZSUlP17bffyjCkRo0aqmvXa0+tgWVKQUFBBeFV2Yu8m6ZrttvKH1frWEKCsrOzZbFY1LBhAzVp0kQREeEKCw2Vj4/lDFPpXGFXlSpV1LdPX/n6+SkwMMAVfPn5ydfXt2C6oJSenq5169YrPj5e9nyH1qxZq2bNmsqn3MOwDM+/7vFlFWW327VixQodOnRIeXk2BQUFq337dmrStLFCQkJks9m0ZvVaxcXtkt3u0M8bNqhF82blGul1eo3lU3iRd9fLlm9TbOxCHT58WLm5uQoLraLOnTqqYaMGCgoOUk52tlatXqtdu+LlcDi1Y3ucWjRvVjBK7gxHMk05HE6tXLVKKSkpslgsatOmtbp2vUbVq1XzTEfMzbUpJTVVq1ev0c6du2Sapnr27Ka+fW+Sj9U18or1rwDg/CPAAgAAwCWvbTvXKKADBw9q6VJXIFStWjW1axt9NssfSXKN0rLI0N49exQQEKDo6Da6oVdP1a1bp+D9sjo+9fS94OBA9ex1/Rlbm6apWjVr6t2pU5WVlaOU1FTl5dnkExxYwcrNCj+D0R15maap+N3xCgz017XXdNINN9ygqlUjPPVJUnhYuI4ePaoTJ9KVlHxceXl58vf3PzWa6vQDF/ndLPi9HPFakaDRlGm4aszPt2tP/B6FhYWo67XX6IYbeiowMPC0xfalQwcPKSc3V2lpabLZ8ssMsAzDUG5eng4ePCTTNFW7dk0Nuu0WhYWFFTmJgIAAhYdXUWT16vr44xlKOJaoAwcOyZZnl2+wHw9WBIALhAALAAAAOIM6depo1KiHFODvL5W56HhFFU07QkODFRwcpMzMbNny8oqs6VS+vs6Fq4baderogfvvU2hYcAlPNpSqVAlTcFCQTp5Ml9PplNNpnnqq4wXnWrS9ZfPmGnLH7QoNDfEssO9pYbhGvAUGBSk3L092h73QkxVLZ5qmHHa7srKyZJpSZGRksfDK3b8kValSRdWqVVfCsURlZmbLXqF7BQCoqLIeJgsAAABc0UJCguTr66tzSWhcT/M7tT5XUUahdq71ntyreZUUIF0Yp2po2LCBQkJDSpkWachischisRSs21XaOV0orppatmqpkJDgQk+HLHp8w7DIajHOcM2LMwzDNequYMqpw+GUw+Escu/cfbmf0Ohw2Ivse/GuAwBceRiBBQAAAJyRKcPimvpWnkXHi+1dEGrk5eVp2/Y4HT58RNnZ2UX6d0+TczpNnTiRros//8x1vFN5lbNYeHX6KKfCI58u3ggsN7NITcVrVYnbz9ijacrHx6rQsFClpKYpISFBSUlJqlmzZpF+3PfzyJGjSkxKkiRFRIR71r8CAFwYBFgAAADAGRUKZ4qs31T+p/ylpZ3Q9OnTlZySVmi7XKvEF0p+zMpaOMk8/RdvXsTpwiRlhiH5+/uradOmOnToiJKTk/Xf/36qm27qo8aNG8nX1/XVKT/frj179mrZsmVKO3FSPj6+atG8hfz9/SohyAOAKwcBFgAAAFCGolFOxcId0zS0dOl3BeGVoZCQYLVrF63Q0FBZCpZPNwxTFotVdodDa9f+pPT09PNaf5mM872214V04YI1i8WiHtdfryOHjmr7jh1KPX5Ss7+cI6vVKmvB0yDtdrucTvf1MtSmTWt16tReVqvlQpcHAFc0AiwAAADgAsrMzNTevXslSX5+vrrnnhFq2KiBDFNyLUouzyLjeTa7Nm/ecvEDLMi9fJW/v7+uvrqN9u3fr4DAAPn6+igzM1P5NptkGAoKClRoSIhq1qyhFi1bqnWrVgoI8K/c4gHgCkCABQAAgMtG4cEvpmnKlHlW61adT3a7XXl5eZKksLBQ1axVU4bpXmPKNYXQvQC4KaeYg1Y5XPfAtVbZunU/yeF0aMCAAbq6TauCNb/cn6PCo9VMef+USwC4PBBgAQAA4DJlVHp4JZ16ap1hGPKx+sgiiwzDctpSWkZB2IbKdjw1VWknTnieMmgYZQVU3DUAuBgIsAAAAHDZcK9TJBnKzMjwPDHOFUC41igq34PpzGILrJ9S3sCiYASYxZDFapVpmsrNzZXNZpO/v6+njfsQx4+f0OIl3+lYUvKpkis0GqugLvNsApWK7FOwULlZ3gXL3QFQSdvPVvnvQXmZrgdNys/PXz5WqzJsNn399SLt3Bmn2rXrqFbNKEVFRSk0NFSGxfDMOXTlj4bns1aRJx8CAMqPAAsAAACXjcCgIPn6+spms2vfvn3atn2H6tatI6vFFV4FBATK19d6jiFDxcKTgMAAVakSpszMLKWnn9TGjRvVuUtnBfj7Kzc3V2lpadqxM05r16xTdnaOggODlJmVfQ71nQ3jtJ/LOscS3r+ouU15D2ac9m/ZqlaLUJOmTfTbxo1Kz8zQr79tkn7d6JlGGBwcpJo1a6pWrZqqV7eO6tSpo+qR1WUhuAKAC4oACwAAAJeNiPBw1alTW/v2HVCezaZPP51VMAVMkmnqjjvuUJcuncrXmVF49NbZMSQF+PmrS5fOWrAgVqYs+mbxt/pm8bcyTVNGkZE7pq7v3l3VIyMVG/v1WQRC5ml1V3RXo9DLotLP26xgbe7G53NtrzL6Mi3ynEs5R6R51iQzTQUHh8hisci0OyTTkGFYXPfJNJWZmaXde/YqPn6PJNeTC6+77lrd0r+/fH35egUAFwr/CwsAAIDLhGuq2i239NOMGf9VTk6eJKdM0/BMG0xKSixfT6Z7oW5nwe/mWY7ack1D7Nixg5KTkrV+wwbZ7Q65Qx3TNGXIVKNGjdS3z01q1LihDh06JKvVPX2xoqGPs2Bqm7Ng7a2y6zZNybC4AjSzYF/Xq+T93E9NNOUoNEWzLIVHdTncRy73/mZBoe76DMMsdSqoacpVm8yC+1j+a5iRkaXZs2dr9+49qlYtQkOHDVONyBrKzc1VVlaWsrOylHbihI4lHtP+/Qd07NgxORxO/bRuvWrVrKkuXTqX+1gAgIoxzPL/VwcAAAC46Nx/rjqdrlDG6XTK6XTK4XB4XoGBgVJBYGEaFmWmZ2rTpk1KSUmRZCggIEDh4eFq1KiRatWKKjXUcQc+OTk5itu5U6YphYWGqnHjRqc9ia48hRf8a5w6h8OHjyguLk4nT6bLYlgVERGhq5o0VJ06tWW1+rjWycrL065duyVJLVs0l5+fX7kOl5uXp527dstht6tKWKgaNGggq7V80yVPnkzX3n37ZZpORUZWU726deReM+x0TqdTO3ftVnZOjvx8/NSsWRP5+fmWIygzlZWdpfj4vXI4TFWPrKp6deuWOfXO/TTJpKRkJSQkSXKqbp06ql69WonHdK81tnfffuXl2RQSHKTGjRvKx8e3eOdF9pM2bPhZ8+bOk2FYNWjwbbr22i4FQZl7EXf3uleGnKb0x9ZtmjdvnrIzcxQdfbXuGDpEgYH+ZzwOcKXIycmR1Wr1vCwWiywWiwzDkMXiXpOQqbdXmvT0dEnSpk2byr1P+/btJRFgAQAAwMuVP8ACzp7D4dT8BQu1fv0GhYQE6y/33K2GDRsU/4JdMDrPlJSenqlPPvlUR44kqEHD+rp7xJ8VHh5+8YsHvBABFkpyLgEWUwgBAAAAQKZMp1OGYcjpNOVwOEtp51ofzDBcoaqzyHgAvowDwIVS8rhgAAAAALiCWCwWhYaGFExBzNHOXbtkd7jX0ir0kiFTFjmd0q7d8Tp+/LhMmQoNDZWff/mmewIAKo4RWAAAAACueIZhqHHjxvJdtVr5+XatXLlK8fHxat26tSIjIxUQ4Jqmmm+z6fjx49q5a6f27Nkju92UxWJVgwYNFOAfUMlnAQCXLwIsAAAAAFc805QaN26sXj176seVq5Sfb9OhQ4d16NCRIu0Ms2Axd4vhWfS/VauW6tSpE+v5AMAFRIAFAAAA4IpnyJTVaqhPn95q0aKp4uJ2af/+/UpJTVNWVpZsNpskyeprVVBQoCLCw1WvXl01b95MV13VuNxPiwQAnB0CLAAAAFzyAgKYuoXzp3nz5mrevHlllwFc0nJyciq7BFxmWMQdAAAAAAAAXo0ACwAAAAAAAF6NAAsAAAAAAABejQALAAAAAAAAXo0ACwAAAAAAAF6NAAsAAAAAAABejQALAAAAAAAAXo0ACwAAAAAAAF6NAAsAAAAAAABejQALAAAAAAAAXo0ACwAAAAAAAF6NAAsAAAAAAABejQALAAAAAAAAXo0ACwAAAAAAAF6NAAsAAAAAAABejQALAAAAAAAAXo0ACwAAAAAAAF6NAAsAAAAAAABejQALAAAAAAAAXo0ACwAAAAAAAF6NAAsAAAAAAABejQALAAAAAAAAXo0ACwAAAAAAAF6NAAsAAAAAAABejQALAAAAAAAAXo0ACwAAAAAAAF6NAAsAAAAAAABejQALAAAAAAAAXo0ACwAAAAAAAF6NAAsAAAAAAABejQALAAAAAAAAXo0ACwAAAMBFteK3PQq4/llFj5is4+nZlV0OAOASQIAFAAAA4KJxOk198vUvat4gUt9NeVBVw4IquyQAwCXAp7ILAAAAAHDlsFgMzXzpz5VdBgDgEkOABQAAAEjy7fa0nE5Tqd+9pPDQQEnS4aSTajDoFUnSivdGqUf7RpKkExk5qtb3JVkshvLXTizW9nQfPz9U9w7oVGTb4nVxevXTH7R511EFBfip37XNNWF0P9WtUcXT5vQ+DcNQvagq6ndtc/3roZsVGRFcrF3vTk207J0HixzrpQ+/08szlkuSPn3xTt3dr0OxGt/63xo98fbXatGwhrZ98USJ5/HFd5v1RsxK7difpOpVgtW7UxO9/PDNRWou7VqezTmXdc1Lcvo1Cw8NVJdW9fTMX3p7+iqtbWFj77perz92q6dNWHCA0r7/Z6nHLU1Z1+zXHYd1zf3vqFn9SO2YPc6z38iX/qeYpZv09thBenTodSXWW9rnQZKS0jL14vTvtGjtDiWnZalOZJju7tdBz97bW/5+Rb8Glue+AEBlYwohAAAAUA6PTpovu8NZZjsfq0XDbowu8mpUu2qRNp99u1EDn/hE67ce1NVX1VJYsL8++3ajutw3RYnHM0vt8/ZebWSa0vQFG3T705/KNM1ibVf8tkcJKelFtn3x3eYy65615DdJUtz+JP28/VCx99/5aq3ufvEL7difpGta11dokL9mLv5NPUe9r5OZuWX2X9Fzlsp/zUvivmatG0Xp+19268ZHP9BXy38/Y9vCr3bN65zVcQs712tWmrI+Dw6HU33/70NNX7BBYcEBGti9pXJtdv37k+X622vzi/R1NvcFACoDI7AAAACActi2N1Fvz16jJ4b3OGO7oAA/ffHvEaW+b8t36PE3F0qS5rw6UoN6tJbTaWrkS1/of8u26MXpSzXt6SGl9nkyM1eN/vSq1v1+QHuOHFeTutU87fx8rbLlO/S/ZVs05q7rJUm/bD+k+MOp8vfzUZ7NXmJNf+w5ps27jqpalSClnszWzG9+U5dW9TzvZ+fm67n3v5Uk/TD1YV3Tur4kafgLMZr9/RZ9tPDnM16XszlnqfzXvCSFr9nS9bt0y5iPNeo/8zSgW0sFBfiW2vZ8OddrdiZlfR527E/SH3uOqUZEiDbPely+PlYlpKSr3m2v6NPFv+mdcYMVFOB71vcFACoDI7AAAACAMvj7+Sg8NFD//GiZjiSfPKe+1mzZp7T0HLVoWEODerSW5FoXavzIGyRJC1ZtO+P+VUICPFO7ktOKjpBp27S2IiOCFbN0k2ebe/TVjZ2alNrnzG9+lST959EBqhoWpP99v1m2fIfn/dWb9ykrx6b2zWt7ghhJGnd3Tz17b2/Vjwo/7+d8Pq/5zdc2U7fohjqRkaPF6+LOqa/yOtdrVl4lfR5qVguVr49VKSezNG3+emXn5qtW9TDlrX5Fuatf8QR45/pZBICLiQALAAAAKIO/r4/+PepmZeXYNPatr8/YNj0rV9auT3lejf70apH3DyaekCRdVafotEL378lpWcrNK3mklMPh1Ddr47Rjf5IC/X3VunFUkffzbHb9+aZ22rjziHYeSJbTaWr291vUtmktNawVUWqfny/dpKAAXw27MVpDb4xWWnqOvl6z3dPGHSDVq1E0dOnQvI5efvhmDb0x+ozX5GzOuSLXvDya1a8uSdpzJLXYe2Xds7NxrtesPEr7PFQPD9aUJwbJYhh6fPJCRfX/p+57+Utt3ZsoH+upr4Dn8lkEgIuNKYQAAABAOTw8+Fr9d9GvmvPDH7qjd+nhg4/Vott7tfH8HhkRUuT9EpatkuRakLs07oDFLcDfR9OfGaKw4IAi7TJz8jSiX3u989VaffHdJl3frrGOpWZo7PAe2rb3WIl9L92wS4nHM3VX33YKDvTT3f066IP56/XpN79qyA1XS5KcBUWXVntZzuacpfJf8/I407F8fawa2f/UwvbVqwSX2ra8zvWanUl5Pg8PDb5GPds31tQ56zT7+y2aufg3xSzdpI+eG+o517O9LwBQGQiwAAAAgHKwWAy9N/5Puub+dzX27dJHBJW1npJ76lj84aIjgdwjg6qHByvAv+if6e5Q7HDySa37/YB6tm+s4Te3L9Z3Vo5NnVvVU/MGkYr5brMOJ52UYRi6q087z1pHp5u12LV4+xffbS6y2Pu363cpKS1TNSJCVKtamCQpIbXo4vB/7Dmmpet3qlWjKN1yXYvzes5S+a95ecQdSJIkNT5tQX1JCvT31YfP3nFO/Z+uvNfM18cqSbI7HEXaOQoWr7dai4dJZX0ejqVm6FhqhmpEhGjKE4M0+fGB+jB2gx59fYEeeyNWI25uL4vFOOv7AgCVgSmEAAAAQDl1bFFXD//pGh1NTi+7cSm6t22o8NBA7TyQrIWrXdP0TNPUG5+vkiQN7N6y2D7uUGzJm39VVNUQLV2/S8t+3l2sXW7BIu3Db26vPYdTNWvJRt3YqYlqR4Yp15ZfrP3JzFzFrt6u4EC/ok/ga1bbNbXw202emgP8ffRb3BH9Hp/g2f+VT5brqXcX6489JY/uOpdzdjsf13zp+l1a9/sBhQUHqH/X5mfdT0WU95o1rVddhmHo4LETOpzkmnaYb3fo17jDkqRGtYoHbmV9Huau+EMd//K27v/3l5JcgdfIfh1kGIbSs3KVlWvz1Hi29wUALjbidAAAAKACJozqp7kr/lByWtZZ7e/v56O3xtyme/81W3c8M0vXtK6n1JPZ2nkgWdWqBOmlB/uWum9IkL9eerCvRv9nnp54+2ttmvm4rIXWNHJPCbu7Xwe9OP072R1OjejXvsh7hc3+fovybHbddmN0kVFjqzfvU6/R0zRz8W8ac9f1qhISoOfvu0nPT/tW3R96T9dd3UBHU9K1bW+i6kWF64Hbulywc5bO7ppn59o08qX/6UjySa3Zsl+GYej9p25XSJB/qW0Lu/naZrq7X4cztnlieA+1a1a7xOOX95oFBfjq4T9do2nz1qvTvW+re9tG2rrnmPYcTlV0k1q6qUvTUs+xtM/D8L7t9fpnK7Xs593qcM9batmwhn6LOyLTNNW7UxOFFlyDc70vAHAxMQILAAAAqIDw0EC99uiAc+pjZP8Oin39Xl3Tup427zqq5LQsDbsxWus//j/PE+VK89eBndWqUZS27U3Uh7E/l9imYa0IdW/bUIH+vkXW4zrdzILpg/1OG5V03dUNFB4aqN/jE7R511FJ0jN/uUHvP3W76keF68eNe3UyM1cj+3fQ6g9Gq1qVoAt6zmdzze0Op2KWbtKmnUd1Q4er9P27D+rPfdqesW3h1287DpfZxj1iqjTlvWaT/z5Q/x7VT1XDgrTkpzjZ7A49csd1Wj71oSKLrpekpM9DRFig1n34iB4c1EXJJ7I0d8VW5drs+tuQrpo9oej01nO5LwBwMRmmeSGWFQQAAADOD/efq06nU6Zpyul0yul0yuFweF4RESU/YQ8AUDnS0tJktVo9L4vFIovFIsMwZLG4glkeGHDlSU93TQfftGlTufdp3941kpgRWAAAAAAAAPBqBFgAAAAAAADwagRYAAAAAAAA8GoEWAAAAAAAAPBqBFgAAAAAAADwagRYAAAAAAAA8GoEWAAAAAAAAPBqBFgAAAAAAADwagRYAAAAAAAA8GoEWAAAAAAAAPBqBFgAAAAAAADwagRYAAAAAAAA8GoEWAAAAAAAAPBqBFgAAAAAAADwagRYAAAAAAAA8Go+lV0AAAAAUNl+//13/e1vfyu2/eGHH9bIkSNL3MfhcKhnz57q2bOnJkyYUO5jvf7664qNjVVsbKyqVat2VvW6j326F154QTfffPNZ9QkAgDcjwAIAAAAKdOnSRd26dfP83qZNm0qspmzz5s1TjRo1KrsMAAAuOKYQAgAAAAVatGihIUOGeF7NmzeXaZqaNm2abr31VvXr108vvfSSsrKydMstt0iSVq5cqdGjR8vpdGr69Om67bbb1KdPHz399NM6ceKEJCkmJka33nqrRowYoX379hU55urVqzV8+HDddNNNeuyxx3Tw4EFJ0pEjRzR48GB98cUXFTqHvXv3atiwYXrvvfd0yy23aPjw4YqPjy+x7c8//+w59rhx45Samqq4uDgNGTLE02bt2rX661//6ul78ODB+te//qW77rpLkhQbG6vBgwerb9++mjBhgvLz8yVJW7du1b333qs+ffpozJgxSkxMrNB5AABQGAEWAAAAUGDPnj1avHixFi9erB9++EGStGrVKn322WcaOHCgRo8ere+//16ffPKJJk6cKElq27atxowZox9//FEzZ85Ut27dNGrUKK1Zs0YzZsxQXFyc3nvvPdWpU0cDBgzQ3r17Pcc7ePCgnn/+eQUGBurBBx/Uvn37NH78eNlsNgUGBqpJkyaqWbNmhc/j6NGjioqK0rx589SxY0d9+umnxdqcOHFCL7zwgkaNGqWFCxeqbt26euutt8rsOyUlRW3bttX06dOVlJSkqVOnasqUKfryyy91+PBhffPNN8rIyND48eN15513av78+WrZsqWee+45maZZ4XMBAEBiCiEAAADgsXbtWq1du1aSVL16dfXu3VuZmZmSJIvFohtuuEHR0dEKCgpS9erVJUnh4eFq1qyZmjVrpt69e0uSZ9RWfHy81q1bJ0l6/PHH1bJlSx0+fFgLFy6UJC1fvlwOh0NjxoxRmzZtZBiGpkyZou3bt6tdu3aaNGnSGeu9/fbbPT83adJE//3vfz01uUdRde3aVR9//HGxfX/++Wc1a9ZMPXr0kCQ99NBDiouLK/MaRUREaNCgQZKk/Px8ORwO7dq1S926ddP7778vSfruu+9Ur1499e/fX5L017/+VbGxsdq/f78aNWpU5jEAADgdARYAAABQ4J577tFDDz1UZFvfvn21efNmffbZZ5o1a5Y6duyop59+uti+NptNkydP1po1azxTB+12u+fnyMhISZJhGJ59jh8/LkmeUVZRUVGSpISEBLVr167MektbA6vwMSwWixwOR7E2J06c8NQkSUFBQerQoUO5Qiy3qlWr6tVXX9Wnn36qiRMnqkePHho3bpzS0tKKjByzWq2KjIxUYmIiARYA4KwwhRAAAAA4g0OHDql///5atGiRnnjiCf3666/64IMPirWbM2eOp82qVasUFhYmyTViSZJSU1Mlqcg0Onf4lJycLEmedaLcQdaFFBkZqZSUFM/vDodDqamp8vHxkdPpLFcf+fn5io6O1tSpUzV//nylpqZ6QrXCa145HA4lJSV5rgUAABVFgAUAAAAU2LVrlxYsWOB57dy5U6tXr9Zjjz2mH374QeHh4ZKkgIAAWa1WBQUFafv27Vq2bJmys7M9fcyaNUsZGRlyOp2epxq+/fbbiomJ8aytJUk33nijfHx89Oabb2ru3LmKiYlR7dq1dfXVVystLU3jxo3TihUrLsi5duppKgJ6AAAgAElEQVTUSbt379aaNWuUk5Ojjz/+WBMnTlRUVJROnjypHTt2KDk5WQsWLCi1jw0bNuiee+5RQkKC8vPz5e/vL9M0dc011+jw4cNaunSpsrKy9Mknn6hatWpq1qzZBTkXAMDljymEAAAAQIH169dr/fr1nt8feOABjRw5UhkZGXr//ffldDrVo0cPPfzww5Kk+++/XzNmzFBsbKwmTJigbdu26auvvlJ0dLQaNmyohIQENW3aVI8++qg+++wzxcbGKjo62rMuVu3atTVx4kRNnTpV06ZNU/PmzTVu3Dj5+voqOztb8fHxSkhIKLXewmtgSdK4ceMUHR1drnMNDQ3VK6+8orfeekv/+Mc/1LFjRz3//PMKDQ3VqFGjNHbsWAUFBalLly6eqY6n6969u/bu3asHHnhANptNXbt21R133KHAwEBNmjRJkyZN0muvvaYWLVro1VdfLTK1EQCAijBMHgUCAAAAL+b+c9XpdMo0TTmdTjmdTjkcDs+LqWkA4F3S0tJktVo9L4vFIovFIsMwZLG4JoMRal950tPTJUmbNm0q9z7t27eXxBRCAAAAAAAAeDkCLAAAAAAAAHg1AiwAAAAAAAB4NQIsAAAAAAAAeDUCLAAAAAAAAHg1AiwAAAAAAAB4NQIsAAAAAAAAeDUCLAAAAAAAAHg1AiwAAAAAAAB4NQIsAAAAAAAAeDUCLAAAAAAAAHg1AiwAAAAAAAB4NQIsAAAAAAAAeDUCLAAAAAAAAHg1AiwAAAAAAAB4NQIsAAAAAAAAeDUCLAAAAAAAAHg1AiwAAADgErJgwQJ1795dc+fOrexSAAC4aAiwAAAAAEmZmZmaMGGC+vfvr/79+2v8+PE6ePDgGfdxOBzq3r27nnvuuYtSY35+vlatWqWBAwdqyJAhZ93Ptr2JGvzkLEXc9E+F9HpR19w/VXN+2Fquff80fpY++3bTWR+7otzH+3XHETW9Y9JFOy4AwLv4VHYBAAAAgDd49tlntXnzZg0aNEhVqlTRvHnzNGbMGM2cOVPBwcGVXZ4kydfXV5MnTz6nPvYeOa7rH/5Ao2+/Rm8/MVBhQf767ufdGvWf+crKtekvt3Q4T9VWnNNpymIxSnyvXbNa+umj0Re5IgCAtyDAAgAAwBVv69at2rhxo4YMGaIxY8ZIkqpXr65JkyZpw4YN6tWrlz766CMtWrRIOTk56tixo55++mndeeedkqSVK1dq9OjRev/997V+/Xq9++67SkxMVJs2bfT0008rKipKCxcu1IwZM+R0OtW0aVNt2LBBH330kVq0aKHVq1fr/fffV1JSklq1aqVx48apfv36+v777/XSSy9p8ODBWrFihUaPHq2JEyfqgQce0D333FNiTVlZWXrkkUd055136q677ip2rq9++qNuvqapJoy+2bPtzpui5XSaGjdlsUb2a693vlqnP+KPKddm157Dx2V3ODRn4t1qUDNckrRtT6I63POOjqVmqO81TTX9mdvl52vVV8v/0L8+Xq58u1M1q4Vo2lN/UouGkTJNU0+8vVixq7bLaZrq1aGxPnz2dvlYLRr05Ey1aRylTxdv1IfP3q6WDWto+Av/U1Japjq2qCOb3SFJ2rwrQXe98IV2zxmnt2evLbW+/QlpGvGP2UpKy9T17RoqOzdf/bo2070DOl7ojxEA4AJiCiEAAACueNu3b5ckXX311Z5tgwYN0sqVK3XDDTfoxx9/1MyZM9WtWzeNGjVKa9as0YwZMzRx4kRJUtu2bTVmzBglJCTo2WefldVq1YMPPqidO3dqwoQJ2rdvn1577TWFh4fr7rvv1oEDBzzHOXjwoJ5//nkFBgbqwQcf1L59+zR+/HjZbDZPm6VLl6pVq1YKDAz0bCutpsDAQDVp0kQ1a9Ys8VxXbtqrO268utj2O3q3UVJapuIOJMtqsSh21Q5NeuwW/fTxaHVqWVcfLvjZ0/a7n3frx/cfUvzcJ/Vb3BF99cMfOnjshB6eOF/zXxupuC/HavjN7XTvy19JkhatjdN3G3Zr2xdjFDd7rDbtPOqZsujrY9Xqzfu1e8449e/aXE9P/Va9OjRW/Nwn9fz9vfXDr3uK1Xqm+p6Z+q16tm+k3XPGacTN7RW7art8rHztAYBLHSOwAAAAcMXLysqSJIWEhHi2GYYhq9UqSerdu7d69+4tSTJNU9OmTVN8fLz+/ve/S5LCw8PVrFkzxcTEyGaz6ZFHHlGXLl2UkpKimJgY/fDDD5Kkxx9/XO3atVNGRoY++eQTSdLy5cvlcDg0ZswYtWnTRoZhaMqUKZ5QTZIeeeQRDR48WNu2bfNsK62mqlWratKk0teKOpGRq6iqIcW2+/pYVb1KsFJPZkuSukU3UM1qoZKklo1qaGPcEU/bYTdFKyzYX5J02/Uttf6Pg8rNs6tbdAM1qVtNknRP/w4a/Z8FOpmZq1u7tdANHa5SgL/r68e1bepp75Hjruss6ZZuLRTo7ytJWrlxn54a2VOSdPVVNdW+We0Sz6O0+lZu2qdn7r1BknRj56vUsFZEqdcCAHDpIMACAADAFS8iwhVyuIOs09lsNk2ePFlr1qzRiRMnJEl2u71Yu5SUFEnS2LFji2w/csQVrtSqVavYPsePu4Ic94ipqKgoSVJCQoJ8fV2hTuFgraI1na5GRIiOJKcX2253OJVyMkuR4a71vkKD/TzvWQxDDqezSB9u4aGBOnDshJLSMlWtSpBne4C/jwL9fZV8Iku2fIfGv7tEO/YnyZCh/QlpemRoV0/bwvsdT89WRNipkWZVw069V1hp9aWezFbVQvvXjwo/w9UAAFwqGEsLAACAK16TJk0kqcgIp9jYWN10001auXKl5syZo0WLFumJJ57QqlWrFBYWVmI/7vDpmWee0eeff67PP/9c//3vf1W/fn1JUmJiYrF9atSoIUlKTk4u0sbdV2nKW9PpendqrP99t6XY9nk/blPt6mFq3qB6mX2kZeR4fj6ZmatqVYJUIyJEySdOBYDZufnKyctXVNUQvfDBd5KktdNH6aePR+vW7i2K9GcUWrc9IixQJzJyPb8nHs8o13m5VQkJ0MnMU/sfSjpZof0BAN6JAAsAAABXvDZt2qhdu3aaO3eu3nrrLX300Uf64IMPFBISog4dOig72zWtbteuXZo1a5YyMjLkdDpltVoVFBSk7du3a9myZerVq5cCAgL0+eefa+PGjYqJidGUKVPUq1cvSdKbb76pL7/8UkuWLPEc+8Ybb5SPj4/efPNNzZ07VzExMapdu3aR9bhKUlpNaWlpGjdunFasWFHifuNH9tTqLfv11LtLdCQ5XRnZeZr/4zY99sZCvfZ//WUYJT8FsLC5P2xVbp5duXl2LVy9Q9e3a6Sbr22qdb8fUPzhVEnSx1//ou5tGyo0yF+pJ7PV5qooWa0WbdmdoB9+3aOs7LwS++7apr6+/P53SdKGbYf0x57iod+ZdGlVT3NXuILIxet26sCxtArtDwDwTgRYAAAAgKSXX35ZPXv21OLFizVnzhy1atVKb775pkJDQzV06FB17txZX331lbZs2aKGDRsqISFBpmnq/vvvV1ZWlmJjYxUVFaXJkycrODhY77zzjn7//XcNHjxYDRs21NNPP620tDTNnj1btWufWtepdu3amjhxonJycjRt2jTVrVtXr732mmf6YGlKqykrK0vx8fFKSEgocb+6Napo3YejFX84VW3vflu1B7yi1z9bpenP3K47b4ou8zo5nKZu6nyVev1tupoPe0PXtqmnwT1bqW6NKvrw2SH60/hZaj70DS1ctUOfvHCHJGnMXd01bd4Gtb7rTb31v7V64+8D9MGCn/X1mh3F+v/Po/217OfdqjvwVb3+2SoN7N5CdoezWLvSTHykn+au+EPNh76hRWt26KbOTcoVygEAvJthmqZZ2UUAAAAApXH/uep0OmWappxOp5xOpxwOh+flXsPKm8XHx3umKr766qv65ptv9OWXXxYJs3B+OJ2mLBZXaHXD3z7Uk3f30C3XNa/kqoArS1pamqxWq+dlsVhksVhkGIYsFtdYGsLlK096umsNxk2bNpV7n/bt20tiEXcAAADggsvMzNTo0aM1bNgwValSRcuWLVOTJk0uenj12BsLNXXO+ot6zIvJ8dMrenLKYiWkZmjWS8O062CKNu86qg7Na2vP4eO6qm7Vyi4RAHCWGIEFAAAAr3a5jMD68ssvFRMTo/T0dLVr105PPvlkiU8lxLlJPJ6pkS/NVtz+ZAX4++ilB/po+M1tK7ss4IrDCCyU5FxGYBFgAQAAwKtdLgEWAFxJCLBQknMJsFjEHQAAAAAAAF6NAAsAAAAAAABejQALAAAAAAAAXo0ACwAAAAAAAF6NAAsAAAAAAABejQALAAAAAAAAXo0ACwAAAAAAAF6NAAsAAAAAAABejQALAAAAAAAAXo0ACwAAAAAAAF6NAAsAAAAAAABejQALAAAAAAAAXo0ACwAAAAAAAF6NAAsAAAAAAABejQALAAAAAAAAXo0ACwAAAAAAAF6NAAsAAAAAAABejQALAAAAAAAAXo0ACwAAAAAAAF6NAAsAAAAAAABejQALAAAAAAAAXo0ACwAAAAAAAF6NAAsAAAAAAABejQALAAAAAAAAXo0ACwAAAAAAAF6NAAsAAAAAAABejQALAAAAAAAAXo0ACwAAADhNTk6O7r//fg0ZMkRz586t7HIAALjiEWABAAAApwkMDFTPnj2Vk5Ojfv36SZIcDkclV1VccnKyXnzxRW3btq2ySwEA4IIiwAIAAAAKWb16tYYOHaoPP/xQ6enpGjBggCZMmKAFCxZo8uTJMk2zzD5ef/11de/eXampqRe01rS0NP322286cuTIBT3OkiVLNHToUPXt21dPPfWU0tLSPO9t2bJFI0eOVN++fTV27FilpKRc0FoAAFcmAiwAAACgQGxsrJ555hklJCR4ttntdi1ZskRTpkxRUlKSDh06VIkVFtWsWTMtWrRIffv2vWDH2Ldvn6ZMmaJ///vfWrBggcLDw/XBBx9Ico1K+8c//qGRI0dq3rx5qlGjhqZOnXrBagEAXLkIsAAAAABJR48e1VtvvVVkW9euXT0/OxwORUVFqX79+iXuHxMTo1tvvVUjRozQvn37PNu//vprde/eXWvXrpUkTZw40TM66/vvv1f37t01adIkDRgwQFu3btX06dN12223qU+fPnr66ad14sQJSdKqVas0YsQI9enTR+PGjVNKSop++eUXde/eXV9++aUk1+ix4cOH66abbtJjjz2mgwcPFqnhjTfe0O23364BAwZoyZIl5bougYGB+te//qXmzZsrKChIvXr10p49eyRJu3fvlo+Pj/r27auQkBANHz5c69evL1e/u3fv1pAhQzRp0iT169dPd911l7Zu3aqnnnpKvXv31kMPPaTExMRy9QUAuPwRYAEAAACS5s2bp/z8/CLbWrZsWeT3BQsWKCcnp9i+cXFxeu+991SnTh0NGDBAe/furdCxly5dqlatWmn79u2aOXOmunXrplGjRmnNmjWaMWOGDh48qBdeeEHVqlXTvffeq40bN+rNN98s0sfBgwf1/PPPKzAwUA8++KD27dun8ePHy2azFalz+PDhslqtmjJlSrlqq1mzpjp37ixJSk9P1+LFiz2/p6amqnr16p621atXV0ZGhvLy8srVd2Jiotq2bat58+YpOjpajz76qIYMGaJFixYpMjJSs2fPLlc/AIDLn09lFwAAAAB4gy1btpTZxuFwaOvWrZ4Ax23dunWSpMcff1wtW7bU4cOHtXDhwnIf+5FHHtHgwYMlScOGDZMkmaapadOmKT4+XitWrJDD4dBjjz2mJk2ayGq1FhudtHz5cjkcDo0ZM0Zt2rSRYRiaMmWKtm/f7mkzcuRI9ejRQzt37tSSJUuUnp6usLCwctU4duxY/fzzz6pTp47Gjx8vSbLZbLJYTv1/4j4+Pp7t/v7+ZfYZERGhPn36SJJ69OihuLg4denSRZJr9NuaNWvKVRsA4PJHgAUAAABIysrKkiTdddddGjhwoCTXqKzTZWdnF9vmnuYXGRkpSTIMo0LHDgkJkeQKfiZPnqw1a9Z4+rTb7Z6F0atVqyZJ+vOf/yxJ+uWXXzx9HD9+XJJrxJQkRUVFSVKR9bzcrFarJBUbcXYmkydPVmZmpj766CO98sorevXVV+Xn51fk6Yx2u12SyhVelVSTOwCTJIvF4pVPfgQAVA6mEAIAAAA6Ffh88cUXGj58uIYPH645c+YUaxcREVHqNvdTBws/qdAdyjidzjJrmDNnjhYtWqQnnnhCq1at8oyOcgdj7pBq9erVmj9/fpF9a9SoIUlKTk6WJM8ILfd5na0DBw5o48aNklxB26BBg/THH394jpmUlORpm5ycrNDQUPn5+Z3TMQEAOB0BFgAAACAVmxZYktDQULVu3brY9m7dukmS3n77bcXExOiHH37wvFevXj1JrtFcX3zxhVauXFlq/+7RXbt27dKsWbOUkZEhp9OpXr16yWKx6N1339VXX32ll19+2bMovNuNN94oHx8fvfnmm5o7d65iYmJUu3ZtXX311WWf/BmcPHlSL774ouLj45WTk6PFixerRYsWkqTGjRvLarVq0aJFyszMVExMjLp3735OxwMAoCQEWAAAAICk2267rciC5CW57777PNPvCmvWrJkeffRRHTx4ULGxsYqOjva816ZNGw0aNEjbtm3T0qVL1bZt21L7Hzp0qDp37qyvvvpKW7ZsUcOGDZWQkKB69erp5ZdfVmJiot5//321adNGTz31VJF9a9eurYkTJyonJ0fTpk1T3bp19dprr8nX17eCV6Ko6Oho/eUvf9FTTz2lgQMHau/evXryyScluab9/fOf/9RXX32l22+/XcnJyRo9evQ5HQ8AgJIYZuHxzQAAAICXcf+56nQ6ZZqmnE6nnE6nHA6H51XStL6zsW3bNo0bN04ZGRnF3uvbt6+ee+65EgMsAEBRaWlpslqtnpfFYpHFYpFhGJ6HP1R0vUBc+tLT0yVJmzZtKvc+7du3l8Qi7gAAAIBH69at9cknn2jmzJn66aeflJ6ervr162vIkCG65ZZbijxxDwAAXDwEWAAAAEAhNWvW1Pjx4yu7DAAAUAj/FxIAAAAAAAC8GgEWAAAAAAAAvBoBFgAAAAAAALwaARYAAAAAAAC8GgEWAAAAAAAAvBoBFgAAAAAAALwaARYAAAAAAAC8GgEWAAAAAAAAvBoBFgAAAAAAALwaARYAAAAAAAC8GgEWAAAAAAAAvBoBFgAAAAAAALyaT2UXAAAAAAClcTqdij+cqh9+3aPlv+7WzgPJOnAsTZnZtsouDRUUEuSnBjUj1KJBpHp3aqobOzfRVXWqymJhXAWAshFgAQAAAPBKz0xdrPfm/iS7w6lcm72yy8E5ysy2adveRG3bm6i5K7YqwM9Hfr5W/W3IdZowul9llwfAyxF1AwAAAPAqv+44pKj+/9Lbs9cqM8dGeHWZyrXZlZ6Vp8lfrFKtW17Wxp1HKrskAF6MAAsAAACA13jktfnq+sBUpZzIUl4+wdWVwJbvUFJapq657x3936QFlV0OAC/FFEIAAAAAXqHlna8r/lCqnKZZ2aWgEjhNU9PmrdePG/fqj5ixlV0OAC/DCCwAAAAAla7FsNe162AK4dUVzmma2r4vUa3unFTZpQDwMgRYAAAAACrVI6/PV/zhlMouA15k16Fk/d8bTCcEcAoBFgAAAIBKs23vMX0U+7MYeIXCTFP6YP4G7TyQVNmlAPASBFgAAAAAKs2Nj06X3eGs7DLghRwOp3o/Mr2yywDgJQiwAAAAAFSKsW99reMnsyu7DHix4yez9eSURZVdBgAvQIAFAAAA4KJzOp2aPn+9HE7mDqJ0NrtDHyzYIJM5psAVjwALAAAAwEUXfzhVDkIJlIPd7tDeI8cruwwAlYwACwAAAMBF9+Nve2TLd1R2GbgE5OU7tPyX3ZVdBoBKRoAFAAAA4KJb/mt8ZZdwXjz8p2s144VhFdrn7bGDdN+tnS5Y+8vRit/2VHYJACqZT2UXAPw/e3ceZ3Vd6H/8PYOCCDMgpcgmZi5YuStoV1HTtEwJTdPSzBazUksr+5nX0sxsV0zsuueaWyqB3iumKVhXQcWUFDCvgmyCBcwM+zLz+2Oc4wwzg6DAfJHn8/GYB8w53+85n++IA+c1n8/nAACw8Zk4eXZbD6HNfPvSP63T49+LXtyI/7wA9czAAgAA1rvJM+e29RDYgEyeYQ8s2NiZgQUAAKx38xctbeshrBPX/ODY/O35V7PbDj1z/KG7ZdNN2uUvT7+cM38zLG/MXdDkmJseeKZ03tmfOyBfP2a/bNm1U16bNS8XXvtQho16ocXj999t21x02uHZfYeeWbx0eR58clLOunR4qhcsLh3/1IuvZb9dt80R+/XLLif+pvTcG6r36p8XYPWZgQUAALAWXfjVwzJx8uxsd8zPs+3gS/LvqoW57rzjWj3+V986Mp/Yb6cc9q1r0+3jF+RLP7kzF3/9E+m1ZZcWjz9knx1yzm8fyJaf+HE+cPTP8q95C/LTb3yiyTE/+srHM3rcK+kz6KcbfLwCSMzAAgAAWKsef+7VXDNsTOnz71w+Im88eEE267BJFi9Z3uTYrd9XkS8esVc+eMzPU7NwSZLk2UkzsvtJl2X5itoWH//H1/259PsVK2rzy1sey1+v+WaTYx4d93+58YGn19YlAbQ5AQsAAGAtenL8lCafL1m6PNNmV6X3ll3y8rR/N7lvn537ZMwLr5XiVYPW4lWSHL7vjvnJaYfnAz27pV15/aKaurq6JseMfeG1d3MJAIUjYAEAAKxFCxY3369p+YratGv37ndwqey0WW780fE57ge35K/PTU6SdOrYPlOH/2eT41YOYgAbOntgAQAAtJGxL76W/h/qk86bd1it47fr1S2vvT6vFK+StLpXFsB7iYAFAADQRmbNmZ9b/mdc7vrpSenTvWuSZJcPbp2nbvxWem5Z2ez4l6f9O9ts3TUD9/hAkqRvjy0y5OxB63XMAG3BEkIAAGC969yxfeYvar7UbmN0zhUP5LufH5i/XHla3tdl80ydNS8X//6RzHijutmx8xcuyckX3pErvjs4fbp3zeSZc/Pdy0fknp+f3AYjX38qVnOGGvDeVVa38m5/AABQIA3/XK2trU1dXV1qa2tTW1ubFStWlD622GKLNh4la2q3Ey/NP16Z1dbDYAOx2w49Mu7ms9p6GKyBuXPnpl27dqWP8vLylJeXp6ysLOVvvvlAWVlZG4+S9a26uj7MP/vss6t9zh577JHEEkIAAKAN7PyB7m09BDYgH97OnxfY2AlYAADAenfQnh9s6yGwATloD39eYGMnYAEAAOvdIftsnw7tbcnL2+uwabscvLeABRs7AQsAAFjvPtirWzZt5+UIb69D+02ybQ/73MHGzt8YAADAeldeXp6vDOqfduU2caZ15eVl+drgAaVNv4GNl+8CAABAm7j0rKPSrXLzth4GBbZl1075xRmfauthAAUgYAEAAG1m5G+/mrIys7BorrysLH++4tS2HgZQEAIWAADQZnbboWe+OmifaFg0VlaWnHb0gHx4u63beihAQQhYAABAm7rq3M+kX9+t2noYFMiHt9s6Q885uq2HARSIgAUAALS5f9z+3ey87VYpNxVro1ZeVpZdPrh1nrv17LYeClAwAhYAAFAI/7j9u/nGZ/YVsTZS5WVlOf24j+bv4hXQAgELAAAojN9+d3CeuP507064kXlfl80z5vdnZsjZg9p6KEBBCVgAAECh7L1zn7wx8oJ88zP7ZbP2m6RduRlZ70Xtysuy+Wab5vRjP5rZD16QPXfq1dZDAgqsrK6urq6tBwEAAK1p+OdqbW1t6urqUltbm9ra2qxYsaL0scUWW7TxKFlX6urq8sr0OXngbxPy1+cnZ9KUNzJ55pzMX7i0rYfGGuq8efts26Nbduq7ZQ7cY7t8cr+dsm2PLVJebl7Fe9HcuXPTrl270kd5eXnKy8tTVlZW+m9eZrnwRqe6ujpJ8uyzz672OXvssUcSAQsAgIITsAA2PAIWLXk3AUvqBgBgg7CqFzq1tbXrcSQArMqqvieLVrxTAhYAABs8AQugOBq+J4tVrE0CFgAAG6SysrLSx/Lly9t6OAC8afny5aV4JWKxtghYAABsUFp6MbRs2bI2GAkALVm6tPmbLAhZvFsCFgAAG5yVXwgtW7Ys3psIoO3V1dU1+6GCeMXaIGABALDBWPlFUMMSwiRZsmRJWwwJgEaWLFnSZIl3Y0IW74aABQBAobX2gmfl2xcsWGAWFkAbqqury4IFC5rctrrfw+HtCFgAAGxQGv9Uv/FP+evq6rJo0aI2Hh3AxmvhwoWpq6trNgOrpdlYsKYELAAANkiNXyA1fCxYsMCG7gBtYOnSpVm4cGGL35thbRCwAADYILT20/yVXyTNmzcvK1asaLNxAmxsli9fnnnz5iVp/j3ZTCzWFgELAIANSkvhauWlhHPnzk1tbW0bjxTgva+2tjZz585N0vr35Yb74N0QsAAAKLzW3smq8Quk8vLylJeXp6ysLCtWrMjs2bO9MyHAOrR48eLMnj07tbW1zb4PrypeiVm8E5u09QAAAGB1NbzoWXmT4PLy8tTV1ZV+bfj497//nY4dO6aysjLt2rVr49EDvDesWLEi1dXVWbRoUSlaNY5XK0cs+2GxNghYAABscFqbgdU4YjVYtGhRFi5cmIqKilRUVHgBBfAO1dbWZv78+ampqWk242pV8QrWBgELAIANQsP+Vi3Nwmocr1pSW1ubmpqaVFVVZbPNNsvmm2+eTTfdNOXl5WnXrp0XWAArqaury4oVK1JbW5tly5Zl4cKFWbx4cZNQ1fDRrl27ZjOxWgtZvt/yTglYAABskBpeBJWXl6e2trbVeNXwwqlhj5alSyVZ1gUAACAASURBVJdmyZIlpWWGSZrM2AKg5ZmuDcG/caBaOV6ZfcW6ImABALDBWHkWVuPbVzX7quGY2traJntkJU3jlZAFbOwaf39tbbn2yjOw3m7mldlXrA0CFgAAG6yVXxS1FLIaXjw1hK/WApZ4BVCvpe+trQWs1t59cOUZWOIV75aABQDABmXlGNX4RVLjDdxXXjrY8KuABbBqqwpYq4pYZl2xLglYAABscFqKWI2tHLJailcCFkDL3i5gvd27DrZ0PrxbAhYAABuklePVqgJVS/fZAwugubfbA6u1kCVesa4JWAAAbLBWdyZWS9GqtZlXIhawsWrpDTIafl2dmCVesS4JWAAAbNBai1it7XfV+POG21r6PcDGqLWN11uKVKuKVuIVa5uABQDABq+1GViN72scuRLhCmBVWltK2PDrqoKVeMW6IGABAPCe0PCC6e1CVuPjGhOxAOq1tpSw8e+FK9Y3AQsAgPeUxrOsWnoRtvJ9rR0LsLFbnZDV2uewtglYAAC856xJnFrVfWZlAe91axKeWpvdCuuDgAUAwHtW4xdW72SmlRdmAM353khbELAAANgotPaCyywrgJYJVRSJgAUAwEbNCzQAKL7yth4AAAAAAKyKgAUAAABAoQlYAAAAABSagAUAAABAoQlYAAAAABSagAUAAABAoQlYAAAAABSagAUAAABAoQlYAAAAABSagAUAAABAoQlYAAAAABSagAUAAABAoQlYAAAAABSagAUAAABAoQlYAAAAABSagAUAAABAoQlYAAAAABSagAUAAABAoQlYAAAAABSagAUAAABAoQlYAAAAABSagAUAAABAoQlYAAAAABSagAUAAABAoQlYAAAAABSagAUAAABAoQlYAAAAABSagAUAAABAoQlYAAAAABSagAUAAABAoQlYAAAAABSagAUAAABAoQlYAAAAABSagAUAAABAoQlYAAAAABSagAUAAABAoQlYAAAAABSagAUAAABAoQlYAAAAABSagAUAAABAoQlYAAAAABSagAUAAABAoQlYAAAAABSagAUAAABAoQlYAAAAABSagAUAAABAoQlYAAAAABSagAUAAABAoQlYAAAAABSagAUAAABAoQlYAAAAABSagAUAAABAoQlYAAAAABSagAUAAABAoQlYAAAAABSagAUAAABAoQlYAAAAABSagAUAAABAoQlYAAAAABSagAUAAABAoQlYAAAAABSagAUAAABAoQlYAAAAABSagAUAAABAoQlYAAAAABSagAUAAABAoQlYAAAAABSagAUAAABAoQlYAAAAABSagAUAAABAoQlYAAAAABSagAUAAABAoQlYAAAAABSagAUAAABAoQlYAAAAABSagAUAAABAoQlYAAAAABSagAUAAABAoQlYAAAAABSagAUAAABAoQlYAAAAABSagAUAAABAoQlYAAAAABSagAUAAABAoQlYAAAAABSagAUAAABAoQlYAAAAABSagAUAAABAoQlYAAAAABSagAUAAABAoQlYAAAAABSagAUAAABAoQlYAAAAABSagAUAAABAoQlYAAAAABSagAUAAABAoQlYAAAAABSagAUAAABAoQlYAAAAABSagAUAAABAoQlYAAAAABSagAUAAABAoQlYAAAAABSagAUAAABAoQlYAAAAABSagAUAAABAoQlYAAAAABSagAUAAABAoQlYAAAAABSagAUAAABAoQlYAAAAABSagAUAAABAoQlYAAAAABSagAUAAABAoQlYAAAAABSagAUAAABAoQlYAAAAABSagAUAAABAoQlYAAAAABSagAUAAABAoQlYAAAAABSagAUAAABAoQlYAAAAABSagAUAAABAoQlYAAAAABSagAUAAABAoQlYAAAAABSagAUAAABAoQlYAAAAABSagAUAAABAoQlYAAAAABSagAUAAABAoQlYAAAAABSagAUAAABAoQlYAAAAABSagAUAAABAoQlYAAAAABSagAUAAABAoQlYAAAAABSagAUAAABAoQlYAAAAABSagAUAAABAoQlYAAAAABSagAUAAABAoQlYAAAAABSagAUAAABAoQlYAAAAABSagAUAAABAoQlYAAAAABSagAUAAABAoQlYAAAAABSagAUAAABAoQlYAAAAABSagAUAAABAoQlYAAAAABSagAUAAABAoQlYAAAAABSagAUAAABAoQlYAAAAABSagAUAAABAoQlYAAAAABSagAUAAABAoQlYAAAAABSagAUAAABAoQlYAAAAABSagAUAAABAoQlYAAAAABSagAUAAABAoQlYAAAAABSagAUAAABAoQlYAAAAABSagAUAAABAoQlYAAAAABSagAUAAABAoQlYAAAAABSagAUAAABAoQlYAAAAABSagAUAAABAoQlYAAAAABSagAUAAABAoQlYAAAAABSagAUAAABAoQlYAAAAABSagAUAAABAoQlYAAAAABSagAUAAABAoQlYAAAAABSagAUAAABAoQlYAAAAABSagAUAAABAoQlYAAAAABSagAUAAABAoQlYAAAAABSagAUAAABAoQlYAAAAABSagAUAAABAoQlYAAAAABSagAUAAABAoQlYAAAAABSagAUAAABAoQlYAAAAABSagAUAAABAoQlYAAAAABSagAUAAABAoQlYAAAAABSagAUAAABAoQlYAAAAABSagAUAAABAoQlYAAAAABSagAUAAABAoQlYAAAAABSagAUAAABAoQlYAAAAABSagAUAAABAoQlYAAAAABSagAUAAABAoQlYAAAAABSagAUAAABAoQlYAAAAABSagAUAAABAoQlYAAAAABSagAUAAABAoQlYAAAAABSagAUAAABAoQlYAAAAABSagAUAAABAoQlYAAAAABSagAUAAABAoQlYAAAAABSagAUAAABAoQlYAAAAABSagAUAAABAoQlYAAAAABSagAUAAABAoQlYAAAAABSagAUAAABAoQlYAAAAABSagAUAAABAoQlYAAAAABSagAUAAABAoQlYAAAAABSagAUAAABAoQlYAAAAABRaWV1dXV1bDwIAAACA97bq6up3fK4ZWAAAAAAUmoAFAAAAQKEJWAAAAAAUmoAFAAAAQKEJWAAAAAAUmoAFAAAAQKEJWAAAAAAUmoAFAAAAQKEJWAAAAAAUmoAFAAAAQKEJWAAAAAAUmoAFAAAAQKEJWAAAAAAUmoAFAAAAQKEJWAAAAAAUmoAFAAAAQKEJWAAAAAAUmoAFAAAAQKEJWAAAAAAUmoAFAAAAQKEJWAAAAAAUmoAFAAAAQKEJWAAAAAAUmoAFAAAAQKEJWAAAAAAUmoAFAAAAQKEJWAAAAAAUmoAFAAAAQKEJWAAAAAAUmoAFAAAAQKEJWAAAAAAUmoAFAAAAQKEJWAAAAAAUmoAFAAAAQKEJWAAAAAAUmoAFAAAAQKEJWAAAAAAUmoAFAAAAQKEJWAAAAAAUmoAFAAAAQKEJWAAAAAAUmoAFAAAAQKEJWAAAAAAUmoAFAAAAQKEJWAAAAAAUmoAFAAAAQKEJWAAAAAAUmoAFAAAAQKEJWAAAAAAUmoAFAAAAQKEJWAAAAAAUmoAFAAAAQKEJWAAAAAAUmoAFAAAAQKEJWAAAAAAUmoAFAAAAQKEJWAAAAAAUmoAFAAAAQKEJWAAAAAAUmoAFAAAAQKEJWAAAAAAUmoAFAAAAQKFt8urUmW09BgAAAADe497XpdM7Presrq6ubi2OBQAAAACaqa6ufsfnWkIIAAAAQKEJWAAAAAAUmoAFAAAAQKEJWAAAAAAUmoAFAAAAQKEJWAAAAAAUmoAFAAAAQKEJWAAAAAAUmoAFAAAAQKEJWAAAAAAUmoAFAAAAQKEJWAAAAAAUmoAFAAAAQKEJWAAAAAAUmoAFAAAAQKEJWAAAAAAUmoAFAAAAQKEJWAAAAAAUmoAFAAAAQKEJWAAAAAAUmoAFAAAAQKEJWAAAAAAUmoAFAAAAQKEJWAAAAAAUmoAFAAAAQKEJWAAAAAAUmoAFAAAAQKEJWAAAAAAUmoAFAAAAQKEJWAAAAAAUmoAFAAAAQKFt0tYDoKm/vzQ9o8b9X+bWLEySbNujWybPnJOunTtm3vxFSZItKjbPgXt+MLvv2KsthwrrVG11dZZMnJhZ556b5dOnN7mv0yGHpMfvftdGI+O94gvfvDlPPTtltY7tt0P39OrRNYceuFOOPmK3dTwyaF1tdVUWPfxQlk+fmsVjnqi/raYq5RVdSsds0rt3NunVJ5sN2C+b9Oyddr37rPVxzL34giyd+GKr93e/9e61/pwAwMatrK6urq6tB7Gxm1ezKDfePzbz5i/K7jv2yuADd2ly/2PPvJyuFR3TtXPH+l8rOmbYqPH5+0vT07Vzx5xyZP90rejYRqOHdWPmN7+ZBY88kiSpGDw4i8aOzfIZM5IkvW6+OR0HDGjL4fEesCYBq7F+O3TPz84flJ133HodjApatuDeu1N907VZNqH1aNSa7rfclQ4DPpqq3/4mmw3YLx0GfPRdj2fWicdmyVNPtnr/Ni9Ne9fPAW9nzuzJ6bbVtm09DADWQHV19Ts+1xLCNjbk9lG58f6xOeXI/tl9x1656YGnMmzU+CbHXHjtyAwbNT6Dv39DHhv3cpJk9x165eC9dsgpR/bPjfePzeV3jG6L4cM61XGffVLeuXNqhg0rxStoaxP/OStnnHtXqmsWt/VQ2AgsuPfuTD943/z73LPfUbxqbPGYJzLrC5/NrJOOy5Ix/7uWRghtZ+nihW09BADWIwGrjUyeMScXXvtgBh+4S8763IHpWtExF147MpedNTgXXjsyk2fMaXL8sFH/yO479MrfX5qex555OYO/f0Pue2x8Lrx2ZM763IH59MCP5MJrH2x2Hmyoup15ZpKkvEuXZvctGjt2fQ8Hmpg+syr3PfBcWw+D97Da6qrMOum4/Pvcs7Ni+tqdzbRkrJDFe8/8qjfaegjv2qwnnm7rITSzYOqMzH7ymfXyPHNfmLRWH3NpVc3bjn1pVU2WVtWs1ecF1h17YLWBx555OY+NezmnfKp/zrpsWObVLMpjV52eJJny+txUzV9UWhI4ecacnPW5gXnsmf/L4AM/kr+/ND1/f2l6TvnUPjnlyP4ZfM4NSZK//3N6zjrhwAy5Y1QGH7iL/bHY4HXYeed0O/PMvHHJJW09FDYyE5/4Yen3Y8ZNyU13PJm/PP5Ss+MeHj0pXzzBUlbWvmUTXsjsb35lrYerldWHrCfSof9+6Xrm2WtlaSG0hddfezHduvctfT6/6o107rLleh/HrCeezqt/HJFZTz6dBdNmpFPvnul92MHp9+XPp1Ofnq2eM/vJpzPx+tuyrGZ+kqT3YQdnrx99r3TOK3cPz+wnn8ncFydll7NOy1b77p1X7xmRV+4enrkvTsqmlRXp95UTs9OXPp/2XSpK57zyxxHp3Ltn9v3Nj1t87vGXXZVpDz2WfX/942zx4Z2a3PfK3cMz6YY/ZO6L9VFp08qKbHfsoOxy1mml51jZK3cPz7SHHsusJ5/Osuqa9D7s4PQ+/OBsd+xRLR6/YOqMTLzhD5n20KNZMG1G6XkaX0vD13Tui5Oy05c/n96HHdzk2jv17pntjhvU5NqXVtXkfz55fBZMn5kk+fyUZ5s999wXJmXSDX/IK38cng985qjsd+lFLY6R9aj6H8nmfZJNmv/wGhrYA2s9GzZqfObVLMopR/bPsFHjc+P9T2XyzDn5+63fK4Wtg/bcPgfttX0ee+bllJWVNTn/wD0/mHk1i3LWpcMyeeacXHjq4ela0TGnXHR7unbumGG/+nKGjRqfrhUdm+2lBRui6SedlEVPPdXkNpu4sza0tgdW44DV4GNH/zYzXq9qcts+e/TNLb87udmxD4+alIkvz8rYcZOTJNNmzEvvnl2TJP122DqHDNwpA/bs2+y8ljw8alLGPjslE//5epPb++2wdY4+Ytdm+3A1PPfK+m3fPYceWP/i5N4Hnmt2LT237pJjPtV8c/ox46a0+DU64ysDm3w+fea8PDJ6Uh4ePSkTXno9NfOXpN8O3VNZsVl69eia/nv2Tf89+qZXj66rdd0bs2UTXsjrJx2Xupp3vj/Eyhr2wHq7fas6HXNcup7xndXa9N0eWBTBnNmT07nLlnl5/Kh8aO8jsnTJgsyZNSXduvdN+w6d1ts4llbV5MnvXZCt9t0r/b5yYpL6mDP+squyYPrMbFrROUf8z51NItbcFyZl/GVXZbvjBqX34QdnaVVNJt1wW8YPuTpJ0qlXjxx653Xp1KdnJl5/W8Zd9Osk9YGnU68e2fXsr2dpdU3pOZJkq333zqF3Xtss4Bxyx7Xpvt/ezcY9/rKrMn7I1fn0Xx8ojW3ayEfzyt3Ds9cF56RTn55ZMHVGnvnxrzLtz4/VP8eAvXLoXdc1eZy5L0zKE9/9Ufa64Jx032/vLJg6I89fdlVevWdEq+eMv+yqTB35aA6987q071KRBVNn5Inv/iizx9TPmGqISq/cPTxPfu+C0rVvsfOO6feVE7O0uiYTr78t8ybU/4Bpiw/tlEPuuLYUsRp/zVoKWA3X3qDx14D1r27O35JlVSnrfkRbD4X14N3sgWUG1nr095emZ17Nomzbo1u+dNHt+f2PPpdhj/0jp3xqnyTJQXttXzru6QlTs2Tp8vxr3oJ0reyYedWL8v6unfLUi69lk3blOeXIfXLQXttnXs2ifGDwT/LsLd/LhdeOrJ+d9ea+WH9/abqZWLwnLVvpXQlhXavovFmSqlUeM+Gl13P0F69t8b6GYDR23JTcfOeY9N+zb37w7cNa3Qj+3geey5XXj8r0mS0/Z8Pj3HTlyaUYNuGl1/ODi/+UmvlLmhzbuVOH/OmWr5U+v++B55pFqX326NtiwBo7bnKuvL75HouNA9ZNd4zJzy5/qNkxE//ZENKm5L4Hnms1+PGWFdOmrvV4tSYW3Ht3Ftx79xqFLGhL3bbaNg/eflE+dsx3M7/qjSxdsiBbb/Oh9TqGpVU1eeSEU9P1zbDSYLvjBqX3YQfnlT8OT5/DDm4SR165e3ieuejX2eWs09L78IOTJO27VGSXs7+e3ocdnInX35Z+XzmxdE6/r5yYSdfflgXTZ2ZZdU0O/O87Svf1PuzgPHz8VzNvwkuZ/eTTeeXu4dnuuEEZeO1l+Z8jTkiSjB9ydYsBK6kPZQ2P1VLQ6tSnZwZed1leuXt4Zj3xdPa64Jwm58964uk8csKpTSJZpz49s9+lF2XXs7+eV/44PLuc/fUm5zzxnR/l1XtG5NjnR5eCU6c+PXPoXddl4vW3Ze4Lk0rPs91xg0qhall1Tfa64JzSbLHtjhuU0V89O9P+/Fjmvjgpk264rfRcW3yo6Yyylc2fOiNdd96xFMAmXn9b9rrwnFWew7pRN+32JElZ78+18UjYEAhY68m8mkX1G7EfuEu27dEtN97/VL500e0Z8p3BeWzcy6W9rZYvX5HbRo7L3//Z+obVu+/QMytW1OaxcS9n8IG75LKzB+egb1yZ3XfslYP22j5Dbq9fRnjjA2OzbY9u3qGQDdaSCROyrIXN25dOnJjqe+9N5THHtMGo2Njc+8BzmdTCrKajVwo+1SuFo1UZO25KTj795jxy77dSWbFZk/vO/cmfMuy/n1+tx+ndo36afXXN4vzg4uHN4lWS/PyHn15nM59ai1esudrqqsw+/StrHK827fehlFdUJkmWT5+aFTPefeAXsjYs8+bNy84790tdXV1Gjnwou+3WPEa/V7349H+nfYfNS5+3xTsSjj717Mx9cVL2/NH3mt3XvktFk6iV1C+be+aiX2dZdU22O3ZQs3O2+PBOLS5n69S7Z2lGVeMY1r5LRQ689rL8af9PJUkpYG3x4Z2yy1mnZfyQqzP7yacz64mnm0WsuS9Myk5vjm/WE09n/JCr03XnHVucibTdcYOy3XFNx7tg6oyM/tp3smlF5xYDWac+PZvFq2kjH82r94zIBz5zVItLEVf+eiVJ+8q3jlt5qeO+v7kof9x1YOkadjm72ektWjBtRg689rKMOvXszJvwUl65Z0R2OfvrrS6P5G0sei21sx5M3Zy/pW7h1KTmH0nFR1K2aWXK3vcfKd/qk0nlR5qdVvvPX6Zu0dS02/WKNhg0GyIBaz0ZcseonHXCgRk2anxOuej23Pijz2XwOTeU4tKjz/wzNz/wdF55aUou2mxWenZYkuFlW+XWxfXfRA/puCTf3GPr9KjokGsfGJvv/XNGDtrzg+nSebNsUbF5Jv/ph5lXsyhHf/+GzK1elGGj/pFhv/pyhtwxKhee+om2vHRYY0smTMi/fvrTJksHKwYPTrvKylTfe29q58/P7B/8IIvGjMmW//mfKa+sbMPR8l4z9M0ZR9XVi95cvtc8Xu20ffcWZyytfExlxWaprlncYgCrmb8klwwZmZ//8NOl2y65bORqx6skpTB1yZCRLY7z5M/2Ly0dXNuqaxZn6PWjmt3euVOH0syyxtfefzWXTW6sam68brXfZbDT0cem8zGfbXXPqtrqqiyb8EIWj3kiSye8kPLKd7afiJC1YRg6dOhGGa/mV72Rp/5ySw4/4Ydp36HTel0y2GDuC5NKS97ebsZPg4nX35Zl1fWbhr+TWNKpV4/mt/Xpma0G7FUaS4OdvnxiaW+tlmZhzXryrRlVz/z4V2t0Hclb17LVgL1W+5yG5+m8lpbrte9SUbr2hn20VlenPj2z328uyv8ccUKWVdc0mcHFalpelRUv/jB10+9ofl/NP1KXpG7O/6b2n79KWbePpt3OF5dC1orn69+wSbxiTQhY68HkGXOybY9umTxzTg7ac/ts26Nbzrp0WG780ecybNT4/Gvu/Fx03UOpranJL7acn8Or38gmW2+d/vNfz951VfnR4u757tbLc/3oCelfV5V+Sf5r2Qu54qmaXPTS9PzqzKMybNT4JEldXbL7jr0y5DuDk6T+eWfMybY9u7XhVwBWbfm0aXnjZz/LkgkT0rF//1QefXR63Xpri8e+/z//s/T72urqzLv55sy78cZs0qtXKo85Jp0POSSb9O69vobOe9DQ65pHmcb22aNvrvzFZ1u8b/ARu+aLxw9otjSwumZxLhnSPE49Mvqtd1ya8NLrufmult9hc589+uboT+1WClbTZ84rjfPhUZNajF47bd895519+Cqv5d2Y8M9ZzWZ89dy6S4bd/LUms8qqaxbn4dFr952l3mtWTJuaqqGXve1xHfbZN+//xWVvG5LKK7ukw4CPNgtcm/TunSVPtXLSKjSErIovfjVdzjz7HQcx1o0uXbrkmmuu3ajiVZK8/I9R6bP9Xut9yWBj0x56tPT71Y1RDZuiJ8n/fPKEbPrm7KItPrRT2nepqH9HvLq6VmcDderdcvhZ+mYUaxypGmaAtTQLa9YTT6f7vnuXZls1LKWbPeaZPHz8qUmSzr17lu7ftKJz2ldWNJmFNevJp0tjXx1Lq2pKs8jGD7k6s958h8CG51laVZMFU6dnq/32bnEmVtedd1zltfc+7ODVHkfDrK7GM9Um3vAHAWtNVP8jy8cMTpbXzxwu63V8yrt/MmWVH0k6bpMsr0pd9T9S9++/pXbaHamb879ZPmZwynf4fv2eV5tUilesMQFrPbjxgbE5aM/tc+G1IzOvZlF+/LVPZNivvpy/vzQ9r874dy667qHMm7845y9/LR+fPiPlPd584VNWliOrX81z7ZLbZ1amMstzU3nPVJdvkv4rqvPZrdvlwjcW55wrRuRHXz0se+zYOwft+cGc9bkDc+P9Y3Pj/U/lsatOz1mXDisFLSiS5dOm5d9Dh6bmvvtKt9Xcd19q7rsv7fv1y5bnnZeOA5q/y1vjcFVbU/+PlqUTJ+Zfl1ySf11ySTodemi6nnxyi+fCu3HIwJ1y3lmHNVv2lyQD9uzb6ubslRWb5ec//HQeHjUp8xe8FX1q5i/JmHFTMmDPvrnpzjEtnjv4iF2bzNKqV79n1fSZ8/KDi//U7JzOnTrk5z9svjRlXZvxelUm/HNWk69DZcVmbztbbWM374rfvO0xnY4+Nu/7xZB39Tzv+8WQdD7ms5n320tXuQF7a2puui7z770rlad8NbXreJ+u0aNH58orh2b06NGpqqrfC26bbfrml7/8ZQYNGpTDDjus2RvdNBg5cmSee+65fP/73292X9++fXPSSSdl4MCBGT16dH76058mSe6888507dp0qe2UKVPyta/V7x93zTXXZPTo0bm1lR+unHTSSfnCF77Q5Nxbb701I0YMz/PP1wfmLl26ZODAgbnzzrtyyy23tPpYv/zlL7PbbrvlnHO+l+efH9/s/qOOOipnnHFG6fPXXpuS+++/P1VVVU3GkNQvLzz++OOTJF27dsmdd97V4nNuSF7751PZZod98qG9P7lax7/+2ot57m/3ZPf9j02nyve3ybsTtqb3YQc1+XyrAXs1iUara9rIRzNvwkvpuvOO2enLTcNP41lYr9w9vBSwXrl7eGn/rcY2reicXc46LUlK76TY2pgaotfqznxqHO869eqRfl/+fDatrMiCaTPSvrKifpP2N0NeSxovJWzp2lc3Ps1+8ulM+/Nj+UPfPZrcvqy6prQEk7fRKF6VbfWJtPvQxfXRqrFNuqSs23+krNt/pHyH76d28tWpnfDD1E44P9msdzY54NGWHxtWQcBaxybPmJPdd+yVyTPnZPLMOSlL/XLB3XbomSfGT84vb/lL5s1fnCS5t3yrbNa5Uz67dUXaz5qZzXb5SBbX1eW4BQtz3fxNM6BuQb7bfVm2evMvnhF/fibJtpk3f3Euuu6hfP8LH8s3PvMf2f2kX2fwgR/JsF99OUmy+449zcKiUFoKVytbOnFipp98cjr275/3n3deOuy8c4vhqiULHn44Cx5+OB3790/3n/3MjCzWmkdGT8ojoyfl5OMH5LyzDmvxmOkz7GW8dAAAIABJREFU52Xss1MyfWZVxo6bnLq6pKys/p0Du1Ru1iRgNfbwqOazlHpu3SXnndX6LKpvfv+uFve9Ou/sw1vdIH5tadh/a2VfPP3m9OrRJYcM7JcBe/bNPnv0bTH4Ua+2uioL7vvjKo9ZG/GqQYcBH0332z6aJWP+9x2FrLqa6lRdcelaGUtrTj311Nx221txp0+fbdK1a5eMHz8+zz//fAYNGpS//vXxVT5GVVVVHn+8+RsQPP54cuutt+SOO+7MwIEDS8eMGDGiWfwZPnx4Hn98dPr02SZ9+/bNlClTWnzMJDnggANKv3/uuefyiU8cXgpvSbL//gfkr399PCNG1L8r26oeq+G85557vsXrfPzx0RkxYkRGjhzZ5LjGY2hwyy23NHme0aNHZ+DAgc2O25A0bNzeY5sPpy512f0/jl3l8S8+/d95feqLeeGpB/KxY5rvU7W2TBv5aItBaGWNI0zvww5utqfTmhp/2VV55e7h2eWs01oMOI1nYb16z4jsevbX06lPz8x+8ukW99paMH1mqxu+r6xh6d7cN0PW22k6O6xytb5eqzLx+tsy6frbsstZp2WnL5+42rPgpo58NPv++sdNZrO9cvfwvHrPiIwfcvU6C1gf3Ln+jUwO/dieufrKs97RY0yb/kaOPPqHqalZmG+dPjjfPmPt7Af70MPP5N5hj+fPj4wr3dar1/tz7NEH5JQvHJ7Kyrf2msvyqrfiVa/jV3sWVfm2p6WsY5+sGHdKsnha6qr/kbJu/9HsuNNOH5KH/zIu5597Yr70xZb/DfS5ky/J2Kcmtvq1fHHClNx4y0O55763vod+5ugDcv65Jza5lobnWpX++/TL7Tef1+J9v79pZC7++W2pqNg8f7jpB/nQzqveLmH3fU5Lyspy/g9OzLFHN/+e3XBMzfxFq/xzUl29MDfeMjJ/vO/xTJ/+r9LtHz9kz5xy8uHZt//OLY4zSUbc+5NVjvPyoffmt1cOW61j20J5Ww/gvW7YqPE5aM/tc8qR/fPYf52eTx/4kRy05/a58f6xqZq/qBSvkuTFdhU5f8nW+dcm9ftiLZ/9Rtpv94Hs8sEe+a9P7ZiT9uyTzWZMS/U9w7JiztxsXz27dO68+YtTNX9Rbrx/bAYf+JHsvmOv0v5agw/cpbTEENpSbXV15gwdmtcGD15lvGps0dixmTp4cGade24mf+xjmXPFFauMVyuf+9rgwVkyYcK7GTYbmZuuPLn08YNvH5Z99mj+F/fNd47JJZeNbHLbhJdez8mn35xDjrkiP/jJ8Ay9blTGjpuSp56dUnrXwNbeVTBJi2Gr3w7dW40/V1w3qsW9tT52wI7rZcZTrx5d87EDWl7OMX1mVW6+c0xO/3935ZBjfptLhjyU6prFLR67sVv08MhV3t+uZ69s8Z8/XuvPWx+y/pgtr7wu7XoW5x2LL7744lK8OvLIIzNjxsxMmjQpY8aMzYwZM3PUUUc1Of688/4zCxcuavKxsgcfHJmFCxfljjvuTOWbeyYOHTo0Xbt2zZFHHpkkGTFieLPzbr31liTJoEFNn3P//Q9o9pznn39+kvow1RCvKisrS8/90EMPZeHCRXnwwZFv+1grB6aGa5wwYWJOPPGkJPUR67nnnnvbr+fQoUOT1EfApD5obeg6d9ky+x/xjXTvs/Pbxqsk2XqbD+WDHxm4xksNly5ZkPlVb6zymMZL1l7544gWj3nl7uEZP+TqTBtZP9tkq0YRZ+L1t7X62E9850eZ+0LzH2wsra7JMxf+Kg8ff2r+0HePTLzhDxl47WWrnH2005dPzKYVnZMkz192VaaNfDRb7ds0Uu30pc8neWsWUksWTJ2Rh48/NbOeqF862BCkFkybUbptZc9c+KuMH3J16Voa9sua++KkVs+Z9cTTefK7F2TB1KYzu+ZOeKl07XfvMjDjh1xduvbVjVcLps7I3BcnZbvjBqX7fnuXPhr2AlswbUar17+2VNcsfMfn/v6mkal58/zf3/xQqqvf+WMl9SHk62cMyTfOvLxJvEqS6dP/lcuH3peBh36nyfOsePH8t2ZereESwLLuR6R855/UP84zX0yWN/93UcPX5+Kf35Ynx6763/AtfS1fnDAln//iz5rEqyS5577HM/DQ7+TFCW+9E/O7+W+RJDfc/GCSpKZmYX5/86r/Pk+SmvmLUlOzMP/vvGubjGPlY1Y1tocefiYDD/1OLh96X5N4lSR/fmRcTvziz3L50Hub3F5ds6DR71d9zX9s9HVbnWta3wSsdaxrRcdMnjknN94/Nl/6ye0564QDc9Be22fRkmX5xS3Np01+YbPqbLNsfjbbfddsPqB/Ut4u5e3apbyiIvNmzMo3Ntk55QcfnCUTJ6Uiy1NZt6x07tX3PZHX59TkwlM/kW17dMsHBv8kB3/jyvV5udCq5dOmZda552b+n/+82gFq5fM79OuXTXqu2bT62pqaTF/pp+qwKg1LAQfs2TdfPGFAbvndyS2GmpvvGpvpM+cleStejR3X8j9G3qlVzaIa0O99ufvE9+X+D4zJiO3e+jh/zp2puubS1Na0HstWV83bRKef//DTrUas0mPMX5Kb7xyTM87d8JcurQsL//zgKu/v+q3vrrU9p1ZMm9rsto4f/0R6PTYm7/v5pYUIWUOH1r8Y2n//A3LXXXc3WdbXtWvXd7XP06BBg3LUUfUzK6qq6v/fbfj8/vvvz7x580rHTpkyJePH1//w76STVv/vkKFDryjNoBo58qFmMerdzH7q27dvk1lijWd4tWT06NGZOvW1VFZW5le/qt84+/77RzS5zg3J0iULMmf25CT1EWt1g9SH9j4i+x/xjXxo7yNW+7lef+3FjPj9DzLy9p/ktX+2vnHcFh/eqRRkpj30aIvhY+L1t2X8ZVeVls/1+8qJpb2cXr1nRIvnNMwGathjqrH2lRXZ68JzssWbj7GsuiYPn3Bqi7GrdE6jd0N89Z4RmXjDH5rtMbXL2V8vRa5nLvp1i4/3/GVXZe4LE9P5zZlLjcPY6K99p37/rkbmvjApk37/h4y/7KrSzLPGoe3J713Q7JykflbZ1JF/abZscVl1Tenal1XXlK59TYLT85dd1eIMq/ZdKtL74/VLOluLkW2tunph7hn219LnNTULm0WaNfW5k39aClcVnTvmmMH751unD863Th+c/vv0S5J8+/Sj35q1tOi11E2/M9mkIu12e2f7V5Vve1rKuu2XLK9O3ev/vcpjv37G5Zk2fdUheWWXD72vFPnOP/fE3HbTD/Kt0wenonPH1NQszE9+9lY4/szRB5Su95jB+5dub/x1+EwrM6X+eN/jmTHj36XP7x321zUa69fPvHyNA+STYyfkG2deXrq+nj3fl2+dPjjnn3tiTvnCYano3DEVnTvmSye/szdxa+ma3m0kXdsErHVs8sw5ufDakdm2R7d06dQxQ+4YlWGjxmfZ8hXNjj2k45L8+mPbZv42H8jNDz6bOVddk6X/93+pqVmQn9zxt+z3r96Zng554rFxGf96TXoN+mSef/+UfGn5tCT1s7A277Bpho0anwuvHZlnb/levn3CwAy5Y1TmzW/+E0lYnzbp3Ts9fve7bPOnP2X7SZPS48or0+mQQ1b7/I4DBqTXrbdm20cfzbaPPJJuZ5yR8s6dV+/kurrUVq/b/Vp4b/viCfu2ePu0N2dUnfuT4c2W8u20ffdccv6gJjO6dtq++xo974SXXm/1vv77fyS7nPHNfODX/5XKTh3SYdKz6TDp2Sz/+5hUXfObTD9q39Tcft0aPd/KxrxNkKus2Cy/++Xxue+mUzP4iF3Tc+vWQ8vYcVNy0x0t7/O1MVs8tvUlfGWdK9LpmJbfMOCd+Nf/OzuzTjouS8b8b7P7Oh3z2TYPWaNHj071m9+rG+/xtLbMmzcvjz9e/2Jv113rQ1jjGV0Ny/uS+uWDSf3MpTWJZsOH1z/GkUceuU42VW+YQVVZWZldd911tY496qhBGTRoUCorK1NVVdXkOjck7Tt0Ku1n9dRfbl5lWHq3unXvm/nVb2R+9RtvG8oGXntZKUg9+b0LmsSUWU883eLeVIfeeV2Tc8YPuboUcua+MCnPXPTrfOAzR7W4kXmDvS48J/v++sfZtKLzaoWcxs8/94WJzZYutu9SkUPvvK7J40264Q+lcU28/ra8es+I7HXBOaWw1L5LRWnm0rLqmjxywqlNZk01zDDb80ffK53Tfb+9S+NeMG1G/rT/p5oEo4nX35bZY54pPW5r1z7wmktLY33yexdk0g1/aPX4BtNGPppX7xmRPq1s9t6wpLFhw/uiuee+x0vhot9O9W/m8ftb3vkMmcuH3puJk6aWHu/+YRfnVz/7Wr59xjH59hnH5Pabz8uIe3/SZBlf7eSrk9RHqGzyzn+4Ur5D/R6FK17+9SqPq6lZmK+fcfkaPXbDksBjBu+fL32xfjndt884JlddeVaOGbx/rh761rK8Y48+oHS9jUPVZxrd3tpSv9/fVP8DqJ4931e6bU2C4vTp/8r3z7tmtY+vny331tfi/HNPzOOPXJZvn3FMvvTFw/PD807K35+6OvcPu7jpks810HBNDX++kuT3N6/6B23rm4C1Dk2eUf+ug7vv2DN/Gv2PVC1YlG17dMu8mkUZN2l66bjKumW54P0LcsWA9+fzj85Mv5H/zpDOW+SCXTfNFdtPzdVbjEv7ga/l2B3+N2f0fCM1aZeL222XHR78Vx6cuSSvVby1GeW4SdPf3HerZ3583cjc9MBT2X3HXvX7cM2Y0xZfBmhRp0MPTY/f/S59hg1L+3791ujcTXr3Trczz2z1nQobK+/cOd1/8YuUv7lsBN6JhplWLZnw0uvNlvJ17tQht/zu5Bzzqd2azOha1eO0FH+eenbKKs9JknY9+6T7Nfek05HHNbm9bn515v7mgvz7wrNXeX7D86y8xG/6zHktLlFsyc47bp2f//DT+ct938oj956Zkz/bv8XjJvyz9SC3sapbxWbom3987b+L5JKxT2TWFz5byJA1evRbezWt7kylSy75aTbfvGPp4+KLL252zPe/f0723XdAevbskddem5ITTzypNCOptWWEDftGrbx8MEn++tfHmzzn5pt3LN03deprSd4KZG/n/7d352FR1uv/wN8goDDMIoHKOmQqjIUWk6hfAbUITAMVNU1FLUX95b5kJ7OyjktluaR2NMwNydwAlUoIM4ESUTghyYB2zBkWQwhnYUBB4ffHw/MwwywMKop5v66LS5x51gEU3tz3/TF3LNa+ffsQFhYGBwd7xMXtg6enl0F1WnNKpZJrxWRDOrbabOvWLRZdW3vU+/nh6OopwVPPBMOrZ782O49dRx76vRCFoaMXt7xtY/Djt3AWeO6uyFz6AX54eQIyl3yAwq/jMOCzDzH8xAG9Fjc7IR/DTxyA//tLIZL0Qt6GbTjcJxjfiJ9D9ofrIH1/qcF8KjsBH136S/XmRnUfF4HhPxyAx0tDuCDnh5cnGLTesed8cgzzudB9rPEZT52f9sHIX77n7iX7w3U43CcYh54Jwo2LhRiZ8Z1B9VL3cREYmfEdnhwTjqqiEhwNHIG06MVIi16MOrUGL34bYxDEsdft8/pE2PEdkbnkfXwjfs7kedh7Z9scASZsYu8dALI/XIejg0YYBE/s89qiUpxZ+gE8Xhpicki+R+hQrqIsb+N2o9s8TGy7WkA/X7y3nGknLimp0Gv5ag12P76jPfbvfRce7oYLHDSff1T/N/P/hnVXyysajbFyGgR08gBqioy2EbLXBQCyAgX+vabl7/lZbKB09lyBXvXQgAAJ1q2dedfhjq7MLBkX/i2YG8lVb+3am2LR/uy9/XgyB7v2WBZCppzM5gLM+XNGmZwPZuzjaInm9xTygj8Ay+/pQaEh7m3o6jUmMFoZPQy7k7IwMvgZDJH2wMqYE7h6rRKLnriJwMo/oe7qBl9fb5zKuog3VBV4A8DNF4ogsLqE6puAu1iI2hoVrLsApWo1ghUi8O/cQV1nF/To7gfvwstY1LEemQ7dkK6pgbKqxuCcP2f/gavXaJA7aX86SiTwiI2FYuRI3C61bBUb3X1t3N1xu6TE6PP8UaPwxLx5NMSd3JOzOXKs3Wj6mwu1kSHqkl7dDGZX7fn2rMkB7gAQEuyDvQez9B7TVN3CnLcPYu/WKS0OQu+85ENU/3wCDVX67RjaJKZ174mVGwAAfMeORvdfuykFa1cwPzCczZFjuZHVDS3h7irC8kVhkF0uw7n/6ldwmZsB9jiqk100+7yNu6fZ5+8FE2SdQceAgRDNW4SO/f9P73le5KvgRb4KbfxBKL/4HHdKjf8721bMhTO62AHrLN33WewqgACzkuHcuXP1jh8eHoGkpCS9NsKkpCQAxtsHmeqn+1NdZcmxFAo5FIqmr6WRIyNaDPjYKitPTy9ERDBf1+Hh4YiL24cLFy4gNze3TSrE2kr++e+5FsDWzrK6W61pObQT8uG3aLbFq+CxfKdPMltlpSt4xwajj/M83RC8YwNqVRrcyC80O4B94PqPjA5u13U398LzdOOOW6vSQFtc2uJwep6nG6Qr34J0pelKK1ZL9w4w1W66Kxh2Hfg8Jsr/q7ftuDzjCyew7IR8jPv93lry2opua9frjUO63dyeQGnp34hPTDdZJWRKvkzOHW/M6CDLQx1N4/9bgmdadT5jrBw80WBmmLtEIoaHuzPiEzOwOzYFEonYovscOzoIX2xNRElJBYJDFuONqWGIHBV418GOMWzoxHe0x9jRQRgQ4Iv4xAxoNNU4nNDyx0MiEUPAd0DqTzlY9XEcJBIvg8HrzZ3VmQdmqq3xXrD35Ob2BEJDpBAImOuz9J4eFAqw2pi3KxMYTXtF/7fRuZdL8aa0K7pZVcDJpg41t+8gUOIBwAO/1V7AoOFzAdyGs1CFa8V/wd6+E66V22CQd3/8r8Nh+FUy39QWW3eCvZMQ/Fs34Sn2wOns/2GI9CmDc3q7OnGBGiHtjbVAAFt391YHWMo9e0yGV07z5kE0ZQpVXpFWmzJnLwCgoQEo/UtpMnRx6yZEf3+x0Ta7c/9lhrZPGd8fas1NJH6fi7WbzP8Ga+qE/oj/Ltcg5Cq4XIYXI7/A6BHPQtKLaUEsuaZC6ukCvLMwDP39mR/YrflCiGYuwY31Kw2OrU06iE7SAeCFj0d/f2/8lG64YlTCd7lI+K7lodC6ng/5FC8N8UVIsA/cugm5mV1nc+Qo/cuwcsxUePa4qlebD/TsJE+3+TXoBllO766EbbNz8iJfhX1IGDS7d0C9e4dBQHo/6YZPlq6WFxUVxQ1QN+XEiWT06dMHYWGhyMvLw7Jly7gV/AAm2Jk1i3lft73OVPtgnz59kZJi/OtZIBBArVZDLrdsHp65Y7GWL38XK1aswKpVq7BmzWps2bIFkyZNNhtAsbPE1GoVwsIMf0u/ZcsWxMTEWHSN7YGj0AVZJ/fAysoKt25qEfDiFNh15N318RSXz7VpBdfDYCfkW7x6YFtfh53w3lZWbI0bFwuRNpOplOs+LoKp6rJwoPujhG1NY8MFAHhjyjCs+jgOZ7MKkJklazEA0aU7yLt/K/YDwMyvakFD5S9GQyn94wxCQ+UZoM70/4XvvTMZ+TI5CgqLsGptHHr7erW4Kt6CuZGNq/SlQKOpxqYtCdi0JYGbd3WvQVZxSTnXpsgGSR7uLgjo54uscwX4YmuCRWHPurUz8dqU1SgoLMLsuZuQlrrebJBYrDOw/X6Gccyxm+7pjcb5WbohqaX39CBQgPUQzcpW4dM6LSLr/wSuNCWqtn5VsFbMB0/khT+vPQfvnr64erkA9RW/waruc6iU3fHUr1cAAOzo3HjrLlhWYfqLn2ZgkX+Cmqws1KvVqMnKQlVqqsnwCgAqN2+GcvduiKZNg1MbzFIh/1yWDmKfO2MwAGbouyOvo0HwtGZjCtZstLzsmq1cWr7KcIYJOwi9JfyJ0VB/E4M7fxl+bSi/Wg/7IcMQMtinxTCN5dOjq9k2wirtrVYFX5EjnrVoO/Lg3co6g2sjw8CLHAfR3MXo4NFU/WUtEEI4fwn402a0aZClG1itXr36ngaeNycSiTB37jzMmjWTW8GPDYDYNsKkpCS9NkJj7YMtCQ4ORlJSEuLi9mHFihVGK8Lu1ooVK7Bly2ao1WqzAVRubi43gF6lUnHtkLqSkh6tOVhePfvBUeiC2pvV91SBVXtLi4zv/oOiP7Lx1DPB9xyE1ao0KNz1DbRFpegyQGp0OHhx8imUZWajc+9eRp9nlZ05j+tnswE0tcwZq2KypMJJW1SKWrWG2+bGxULckF2CtrgUfgtnoTj5FG7ILnHnMtZWp3s9fgtnGT3HlSPHUavSQPrBUr3Hy85mo7OkF3f+K4eO4Ub+JdgJmfuyJGhrfo1PjgnXC6Z0X4eRv3yHWpUGxSmnkP3hOjh6usEjdCjsBHxUFZeaPJ+2qBQFO79B1wH6rZntTWaWDFnnCgA0hQsAE55s2hIPTVUNjiSktyrAuhcNdeb//b9zYR4a/v4FNkNzzG7HsTU9S0sgcMD2rQvxyqgV0GiqsWx5DL7Zs7zFQ763fDJenxqGTVsS8GNqNvcapaRm45s977QYgpmj2/Kn28Y3ZnQQss4VoKSkwqJAUSBwwLq1MzFxyhpm1te8jRbdW1vYtIVZHZ7vaK9X3bVgbiTeXh5j8T09CDQDq42Zqnoa/BxTJbXM1gfx1l30nnP+v2DUdx6DK4p64O+jqLz4CbpZH4XA8Q7sXMegc8Aove3jrbtgma2P3nGbU2oowCKPNnV8PEqionBtzhyzlVe66jUaVG7eDMXIkbglM78MLyGtMWd6MCJHNFU/TJ3Qv8V9HHkdjc6G0p1xFTmiL+ZMv7cf2kWzlhh9/M61Ymi+2QF3V5FF53DkdcTH75n+Yav5zKyWvBDUCyGDH9xv5R8FLa0uWNtCi2Fb0MYfQskLA/H3vxYZrFrIBlnuP2dCOHcRrBzvb5WDWCzGpEnMXJf09DTMnDnTYMW8e1lBLyoqCoLGqtwtW/TnQOmuRmiufbAl777bVA0WFhamN9cLuLfrB8CtQmhuNUH23vz8/HDiRLLe2/btzMBglUrFDXlvz3QHtTt18b7n9kG7jjw4CpnKBa+ez99TeAUAN/ILkbdhG64cPgZtsfEq8iuHjqFwZ5zR52tVGuRt3I7UV2cgb8M2FOzYh7wN25D94Tr8MHwCjg4ageJk/VXLM5e8jx+GTzA7sL2quBQ/DJ/ArSSYt2EbMpe8j7wN23DILxhpMxcjb8M27lxHA0cg+8PP9FYEZO8tb8M2k+fI27ANhTubVnQr+DoORwNHIHPJ+8w5Nm5H2oxFKE4+hcKdzGqMJydEI3PJByavveDrOGSvXIcb+YWoUpRw13i4TzAyl3zAzfdiXwf2WHZCPrqPi8DA9R/Bb9FsdH7aB1XFpThpYoVG9loLd8Yh+yPzg8QfNt3B4LrhgkDggJcaq7FauwKegN9U6aPbmmYRze/GH7+twu2MF9BQ9j1spHtbPExD5S8Wnc7D3QWfrp0JgJmHterjuBb2aNpv3dqZSDu5AfPnMD8/M0FR64bC69JdCTLkBX+9Sqixo4O4+VtfbE2w6Hi9JWKsaJxndjarwOysLw93Z+79fNn9W/Vara7mVqJ8qbF1kBX6opSb12XpPbU1CrDaENs+aOxxEb9pSOcyWx+s7vAk93e5PB0C14EQD90P4cBTsO4ZA7ntF1A7vokGx4GoVPzAbasbXgGAiG8PkaPhAFBz10PIo0AQGYnu586hy9q1sO/XurL/2oIClERFUYhF7olbNyFGDe+Dk/HzMK+x+oo1b8ZgzJkeDEee8RY5nx5dEfvlFPg2ttjpaj6kfd6MwdizdQr6PdfybweNDXjnhY9HR3/jqyaq9+9AXeHv3PWa4tZNiNgvp3AtgZae2xhHXkfMmR6MLz8db9H2j5Pm7XrN3S4pMvt8W3pYQda6desQGMj8gLZvXyzc3Fzh6+uLsLAwuLp2Mwiemg9xNzYEXZepAEg33ALMrz5obPA6Ozy+b9++XEikUMgxbBhz3WFhYdwgeUuPZQwbqplaTVCpVHLVVZMnRyE4OFjvLSoqCn5+fgCY4fDtneLyedTe0gIA/lLkI//899zf71YPv8F4bcEOLshqa6aqrm5cLMQPwyfAlu+IkIM7EHJwB8b9no4Xv43hVijUFpcibeZivRCrVs2ETM1XPDSG3dZHZ85W9zHhGHshDWMvpCH4q/XcuQp3xnGteADQuXfrf+HgO32S3rVXKUoQvGMDgndswMiM77jnrhw+ZhCM1ao0SB3PrGIoXfkW/BbNxsD1H2Fkxnfo0p8JaWz5jlylGHtvVw4fMxuIAUBZpuGKgnXqprBOW1za4mv5sBSXlCO+MTABgOf6z8ZTkincm+5zlg4DB5jghA1bjiRm6A07N4vf+P+WulmIdVuF25mjgRo5bPoftWhGVkPjMaws2DY0RMqFUEcS0rmKNFN0wzyBwAEL5kZy+7PVRHdDdyXI1J9y9D4WT0mmcHPFzmYVWBwojh0dxA2B3x1rukL+pRel3Pv3M0zatfcEd0/xiRl69/Nc/9nQNHZyteae2hK1ELYhbzcn7P4uC0OkPfQfd3WCv487jqY1feHvsvGAGjb45M5l2NaXwrZkKWwBKK8D5VVPwqr2T/j5AlezAQcbFwA8g/AKAPx9mBUHm/s55w+sjB5m8DghjxJrgQCCyEgIIiNxu7gYf2/eDE1iokX71ms0uDZnDrx/+qmNr5I8KpYvDDU6gN0Yds6UOfNmDMbU8f2R8F0u1FU3kZUjR4C/GO6uIq5ay91VBPetU/T283A1rMLp7y9G/y+nQHbpL8gul6HkmhKyS8wKfpJe3SBw7IQAf7HJgMnl850omzkWdZfz9R5vqFLjr1nj0G37IcybMRiRI/ribI7+SocB/t5697un2fVwUntDAAAgAElEQVSyJL26ISvlLcgulyEr5yr3uOzSX9x1SXp2Q4C/uMUB9I8zK0e+yXa86tQUPGH0mQdHG38I2vhDLbYWqr5YD83er+/5fCKRCCkpKYiNjcXx48eQlJTEDTEXCAT33JI3eXIUtm7dylUgzZs3j3suPDyCW7nvbtoHWVFRTHC0atUqpKWloahIwbXxseHR3erbty/8/PyQl5eH1atXc4Ec6/jx41CpVNx1GDN5chTefnsZ0tPTIJfL72ub4/327KCxOPHNR7hRroBnDykCXpxqtmqqSlXeYjDl1MW78c97q76ylK3AMOC9cbEQqROiYcd3NBji3nXg8xh+4gDOLH4ffx5hwsgzSz/AyAHPG8x2ylzKBDfmWhMB/TBKd2i6R9hQeIQN5c51PfM8rhw61uLxzPEMGwplY+uf7nF4nm4YHLMBRwNHAACuHD6uNyg+dfwMKGWXEPzVer3j8TzdEHJwB8rOnDfZCnjlMBM+Dfj8Q6PP64ZVrLIz5+H//lLkbdiGOk0Vrhw+fk/33VZaE0odSczAgrmRFg9kZ9vDNJpqTJy6Btu2LDCYrZQvk+u121l3fRn1mou4c3U7OvRhZu3dVXhVvB+4rWECMRvz1ci615uZVWA2vCouKcey5THIlykMWgUF/Hv/mmdXgrTEpi0JWNdYOdaSdWtncrO+TAkNkcLXxxMFhUX48WQOli2PwadrovW2UaurkV8gb1WrX2tWsWzNPbUVCrDamLGqpyHSHjiRafiFd8SG+YY/9KZ+mWut03R0/KupJN3O1spoeCXkdUL1rTqDwIyQfyIbDw90/eQTiKZNQ9m//oXaAvO/iQFgUdsheXyYqy66WwJ+J7PthAJ+J4vCMJakV7e7uk5rvhCu+3+EavvnUMXo/zDAhliCidFwfW26XiukMeaul72f1twT0efwUhi0CYeNPtegUUMbfxC8yFcf8FUZ0g2yOi9fqdf+aC0QovOKDyGYNgPKzZ+bvJ/WiIqKMhnAAEB1tfnRCMHBwUa36du3r8l9Y2JizA42X7FiRYsD41lisfiej2VquPvZs1lmtzP3ugHAvHnz9IK79kY3hHIUuiDi9U8s2ud/v6dBcfkcBg2fzYVU7VVa9CLUqTXoPsZ0UCr94C1czzwPbck11Kk1uJ55npvT5PP6RFw5fAx1mipkLv0AN/Iv6c2hau5GvmELnalzFSefum9BTvMqLp6nGzxeGoLiH3/Wa6m8cugYlLJL6NJfanIAu7Hw6skx4biRXwil7FKLIZYx3cdGoE7NtHFezzxvNiS7n2QFCkycukbvMQHfASvemaQXIOm2qwX088X+vcbnI+3ak4xVH8dBo6nGkYR0vblM5owdHYSzWTLEJ2ZAVqDA4JAlGDM6iGtVS0nNhqxAgTGjg7igxNpjAur/+AwNJQcA71mAg2erwysAuHN5HQCgg3frwpDtWxYi+MVFXFWQMfn5cmiqajBx6losmDsavSViFJeUY9PWpjlPdzPLSXclyPlzRpkcfr9rTzJSf8pBfGIG3ntnssWBIjfry8y9cTOzdGZ6jW1cRbK4pAIpqdnQaKpxPP7fFs35svSeNm1JQNa5glbfU1ugAKuNKTU1UGpq9FoGAaCbEx9vRw3FJ7H6fe1HbLqhv+MzuHnzDDp1AjoLAPmVHXime9M2f1U/ZRBeAcDsyIHo5mT4j75SU2OyrZCQR11HiQQesbEojopqMcRqbeshIY864awlcAx/FVXHD6Lq+AFuuHtDlRqqrz6H6qvPYT8kDHa9noFdr6dhP8Syb3rJ/dOp//+ZDXwqV6+EfUhYi/OyHhRt/CFU/5gMwbQZ4E+drnddHTw88cQnGyGaZ3wOW3uUlpYGKysrAEBQENO6WFdXh9u3b6NDhw6ws7Mz2EepVHJD0r28vNp1BdOj6rdfDuPZQWMt3t6ukwMu5/0MrboCVaryhxJglWVmAxu3GzzOzmxi3bhYCG3JNQAwO4jdTsiHz/RJyGmcz3Qjv5ALsKQr30L3cRFIHT8DdZoqFO6MQ51a06rwpvm5ugx4Hn8eOY7iH3++q2OYOm5zPA+mBZDn3tROy7ZI1mmqcD2TGRwvkvTS27/szHl07u2j91j3cRHo3NuHq95qTYhVq9bATsiH36LZKEo+BaXsEvI2bn8gAZZGU42zWYbfs06bEqYXYKWczOZauxbMHW3yeK9PDcPOvSdQWvo3dsUmWxxgAcwqfwK+A9e6dsRINc6Zs/koLilnrs3eC9be0ai/GoPbF+YzG7QyvKqXvQvcLAb4T8PK4zWLrxVg2gG/2bsc4ZHvGX3ew90FK5ZP5irLVq01nJf16V1WELGvDd/RHq9PGWYyxBHwHbgV/XbtPYEFcyMtOj476+v/mZnR1Vsixjd7l2PW3I0oLf0bGk01du01rNL78WS2RQHWrj1MRRnf0d78dc4FJk1dy+zTintqCxRgtbFRg/2QeDoP017RH9w77ZUA/OfILxDyOkGl1R+Eq7X1g63/pyj4dRNEHYvQzfU2bDu7o8a2F9xC3kDBScNvdIW8ToCVlcF5ACDxdB5GDb63knVC2jNrgQCOISGoNBNg2ffrB9cvv3yAV0VI+9DBzRPCWUsgnLUEd0qLcDP7V9wuLUa9RoX6KjVsXD1h4+qOjlLjc7NI27IPMf+DRoNGjfI3Z6DrvkN3fY56teq+BmANGjVUm9dDvXuHySDrbunOsJLJCvTCodDQUGRkpGP58neNVi9169YVarXa6L66cnNzsXXrVuzbpz/EXCgU4sSJZHz11Xbs2rULgYFBetVNubm5WLZsmcGqfkFBwXj33Xf1Vk1ctWoV1qxZzT2fnKz/AwZ7nydOJBusthgbG4tZs5gfsCZNmmy0kqul1+JR5ih0QWXZVVSpylF7S4uiy9ngCZzRw2+wyX3sOvIQ8OIU1N6sbvVgdsXlc+jm1fueB7pfzzyP60ZmLTVX22z2kjldBxiGKTfyC3HjYiE6P+2D4T8cwOnoRXddgaTLsdkqhC3dS0vXbkpxChNW6bYPsjOqqopKcGbxe1zAJ5L0gqOHG7oMfB6eoUONBmJ2Qj5CDuxoVYh142IhrKyskNcYODp6ukMpu8RUoRWVGqzIeL8E9PM1+7zukG4AkMnkCOjnCwHfocWKoffemcwFGc3b/swRCBzw3vLJGDM6CLv2JqO4pIJr0Qvo54vQF6UY01jhw7LuuQz1f//KDXPv0D+hVeFV/VXm3zQbtgWxmd6+Xnp/GjwvEeOTNdE4kpBudJuxjVVkbCUUK+QFf64iyxgB34H7GOkOuQeaZmqxr4m5CqTeEjEiRwWiuKQC+TKF3nMhL/hDranGgADjnwuhIVKz98Ye/7uE1Ug5ma03D8zXxxO9JWK8PiXM4B4lvmKDeysuKYdAwOPuyZwBARLu2pvf04NGAVYb83ZzwtXvDFciFPHtMdDPG4snDsb6b07rhVhfnrqNIW5vorNrPzTwJ+Pp3n7QqKtgVZ6Ka2dmYWNSTwBNJVlCXicsnjgYwc89ZVDpBQA/Z//PaLBFSHugTU2FOiEBNefOmd1OuWcP6kpK0FEiQUeJBPYBTZ/Tt2QyVKWmGt3Pxs0NTvPmQRD58H5TQEh70cHNEzw3GqbenlgLhOBPmW52ftStrDP4+1+LDFr3LPH3vxbBcfQ4dOz/f/d6qQZaCrLu1apVq8y24emKjY3lwiv278aCnWPHjmHWrJncnKjAwCCIxWLI5XJcuJBrcnB7Wloaxo9/VW8/kUiItLQ0pKenYdiwNGzf/pXR9r309DSkpaUZBFWmbNnS9ENdXNw+rFu3DiKRyKJ9/ymeDRyLjO//AwDo5tXbbHjF8urZ+irr/PPf49xPsXAUuCDstffuabB7l/5ShBzcYfB42ZnzODmhaU6NboVPVZH5EIitVgKa2vHqNFVcCMbzdDMa3jw59u5nuOlWRpljbGU/c2pVGuR89Blq1Rr4LZxlvE3Rygojf/3e4mPeyC9E14HPcyFWWvQiXD+bjSuHj6GquBS+b0w0ul9xyik0NDSg7Nem7z1t+Y6o01ThwoZtGLj+o1bdm6VMtQCa8l7j6nSWCA2RIjTEfAhhTm+JuJWzjay49+5cmI8OPd+ClfsE05urf8cd2Qo0VP4KAOjgt8lk6GXJfY8dHYSxOisyNjcgQNLqNsHeErHJj5GHu0urPn6mXsvtWxe2uG9L9wYwwaMl27GMfX609p4sufYHgQKsB2DaiADsTsoyCJGGSHtAWVWDldFhWBmTzIVY5beEOP7bHUyz3YnOtUDRj0BjdTvyrrggu7zpt7VCXiesjA6Dt5uT0dlXu5OysDKaWkLIw1WvVuNWQQFuyWSo12hQV1yM2yUlqMnKanln9hgaDTQJCdAkmF91w8bNjQu5eCEh6ChpfY87IYQ8SML5i1EVf9DkMHeAad2rlV2E88cbWly9EADuFBeh4l+LcSvrDBxHj7PoOp74eD2UX3yOO6WtmxeoG2SJ5i8Gf+qMVu1vSlzcPqxYscKiFr3YWKaaih1wvm/fPoMAS6lUcuGVp6cXDh48qBdY6a5K2Fx0dDRUKhUEAgGSk1O4/ZRKJcLCQpGXl4dly95CeHi40bBp9erVFgVYubm5yMvLg0AggFAoQlGRwmDY/D+V4vI5LoRy6uKNYa+93+bn9OrZD+d+igVP6NzmqxKWnTkPv0XM++wcqD+PHEefRbNNVvyws6ts+Y7oYqQaCzBegdTSzCtj2DDN0tUHLTnH9cxsVBWX4sbFQlw5fAx+C2fB//2lBpVUHqFD8eeR46hTa8zOoWIrz1i6w9nthHyEHNyhN5De2PB2gPlYDD9xwOCxkxOiW/yYPPZ0BrZ38N+N+qvb0VB5BncuzAcur4O1xwRYOQ3iNm+o/AX1f/3AVWvBho8OfTbDquvwh3QD5FFHAdYDwFZhGZuFNWqwH3YnZeGD6FAcPX0Rp//7PwDAd38ORL8nPeFUaw17uztwFXdHTs4fOJjXtP/g557CyMFPQ8S3N9oiqNTU4Oq1Sni7GQ6SJ+RBshYIYB8QoFc1RQghhGEtEEIwbQZUWzaY3a5Olo9rI8PAixwHh5BhRtsPa1KTUZ16Atr41rcc8iJfBS/yVWjjD951kHVj9Uqod++A+6nMVp9fV2BgEDIy0i2qwpLL5cjIYGaTfPVVDAYOHACFQo5jx44hIqKpyiM2NparoIqJiTGotjJV5XTs2DEUFTEtE+vWfaa3n0gkwsGDhyCR+Bpd2TAwMAhyudziKiy2rTE8PAJ9+vTB228vw9atWx+TAItpI7ubSqq7ZdfJAVOX7UeV6sEuDe+3aDY3aypt5mK8+G2M0fa4K4eYiqqBn3/EPW/LdzTYrnmI1doAq1alwfWzzOwpn8ZVEXWrvwq+jtNbLbFWpcGNxpUGzeG5u+L8yk+5VQn/PHwcXQc8DzuhfkjWfVwEt+KiqTlUbMA04LMPzQ6ZZ6un/jxy3OjrcOXQMb17Y3Ud+Dx47q7QllxDwddxeqs1kkZGVhvs0HU4Gor3M0PZa4pQf3kdgHWG+9rwYe0xAdY9l1m86iAhxlg/7At4XCycMBi7kwyrTVbGnMAQ/x4YKu2JIdKn8HbUUPTt6YbCGwK8dqQ39pyxw0HFQKzYr8H4w374obgH+vZ0w9tRQzFE+hSzn38PnM75n8GxN357GgsntFxyTQghjyO5XI6Kigru7zKZzOh21dXVBs8137e9qFeqUJORiZqMTNy6cLFV+9akn0G9UnXX526vr8mjQjh/CWx9e1u0rTb+EMrfnA5FLw8USXujbPI4FEl7Q9HLA+VvTr+r8EoXL/JVuP98Fk98vB4d3Nxbvf+dkuJ7Oj8AzJ07F56eXoiL24e0tDSz27Itd4GBQejbty9eeeUVADCYcXX8+HFuO0vb+QDgwoUL3PvGWgTFYjECA4P0zqGLrQRbvXp1i+diK8nCw8O58E2hkLf4GvwTPDtoLDK++w/+UuTjf7+n4Zfvt+H47n/hj7zTbXZOdu5VW1dfNdf5aR8M+IyZ0XQjvxAnJ0Sj7Iz+zKkbFwtxPfM8Xv7+W254O8BUSBmbP8WGWE+aWdkQYMIoXdqiUpycEA1tcSk8XhrChUfdx0VAJOkFAMj56DNkf/gZtEWlXCtg58bnAHCzpJrjebph+IkD8Hl9InevqROiDdoPuw58Hn4LZwFgZm9lLvkAtSr96qm8Ddtgy3eER+hQtGTg+o+Mvg61KmbFQc8w48dgj33lyHGD8xPgTu48owPbrTxeg83QHNgM+gnWPZbCymkg92bdYyk6+G2CzUv/g7VkNYVX5J5RgPWAiPj2GCLtoRdibdx/Gh/uSIGyqga5l0uxMnoYhg2UYNqIfnjv9Zfw71kvw/apV/GE+wB08hyOf896GQvGB2HaiH4YNlCCldHDoNTUYNpH+7Fh/2ksXJ/IHXt3UhZGDfYzOhOLEEIIEBcXh/T0ptV2Pv74Y6PbyWQyFDRbIKD5vu3Frbx8lLw8HtpjJ3BtQjTKZlu2Gpz2eDLU+w7BWnT331jm5ORALpff9f4E6LrvUKsDowaNGreyzqBBo25541biRb4K12MpEM5dBCtH40vbtxWRSGRx8HPsGBMaseFSeDgT/CQlJem1BapUzPutXTWQ/bz28zO9II7IzNdOVFQUPD29uCosU9g5XgKBABERERCLxdw52WDrn8xR6IKAF6ci+dt/478Zh3DrZhX6vTDFovlX7YFuhZIxdgL9r6Hu4yKYcOqlIVyIdXTQCKSOj8aZxe+jLPM8Xv7hgNGVCk0NULcT8k2GN6ycjz5D6vho7u1o4AjcyC/Ek2PCEbxDvwp0cMwGLsQq3BmHo4EjkBa9CD5vTETIwR3weGkIAKDs13MGoZRupZh05VsI/mo9M2dKrcEPwycgb+N2vX38Fs2G//tLYct3xJXDx/DD8AnI/vAzFO78BmnRiwEAIQd2GK1UM0b3dWArrjKXvI9alVovENTFfgzr1BoU7jRcve5xdufCPDRU/mJ+tUHBM7DuuQwd+h/l3qx7Lmv1SoOEmEMthA/Qs73ccfVaJXYnZeHZXu747VIp+vZ0w7SP9kPkaI+pI/pBWVWDUYP94O3mhJ+z/0Bg3ydx9Volhvgz862GSHtAqanBpgNp8HZ1wm+XSjDtlX4YNdgPo97aCYAJr0R8ezzbq/W/NSXkflKMHInaggJYOzoCVlZwXr6cG6Z+u7gYV198EQDgvncvOkokuDp0KOqrqtD93DlYCwSoOXsWJVOmoPu5c6jcvBnKvXth4+4O759+AsDM1rrSj2k1aH4O9tyuW7eCFxKidz38UaPQ9ZNPHsIrQh4FCQkJ4PF4yM7OxsSJE+Hg4ABnZ2ZloPT0dOTk5KCoqAgSiQTV1dVISEhARUUFAgMDIZVKkZ2djZSUFEilUoSGhgJgqriSk5NhZWWF8vJyjB49Gs7OzkhPT0dGRga3bXZ2Nqqrq5GTk4MFCxYAYMIyLy8vBAUFISEhAaNHj+aOJZPJ4O/vj6Ag/SGezp+uBC88DCXDJ6Drts+h3Po1ajIyIZg4FrzwMFSu2YCOfr1RpyhGTfoZOC1fhCeWL4J63yEIJjPzkuRyORITEyGRSCCXy+Hv74+MjAyEhoZCIpEgOTkZBQUF3H07OzvDwcEB1dXVyMjIgEwmg1QqRWBgINLT0+Hg4ACFQoHRo00vBf64sxYI0eU/O/HXpLFm52E9SNYCIYTzl4A/bQY0u3dAvXvHA7u2qKgorFq1ymzwo9veFx4ezu331ltLoVarjc6PYoMsS7HhlEJheuUlZQvViytWrMCsWTPNzsJqqr5qao+aPDkKb7+97LEZ5t7Db/AjE1ixnhwT3uLMJFu+o9G2t85P+yB4xwamJa+x3c1OwDcaWrG6j4tocU7VwPUfoevA57lqqs69fTD2QhrshHxcOXQMxcmnUFVcCjsBH0+OCUf3cRFG2/bYCqqyM8wKix6hQ/WubcDnH0FbXKr3WPexEegy4HmD43mEDcXIAd+jOOUUE8A1NBiEer7TJ6H72Ahum1qVBrUqNXzemGhwPEtfB9/pk9D5aR9oi5jr1F390Nj9+r+/FHVqDWwFDza0b8/uXJiHhrLvzYdXhDwgFGA9YKMG++G3SyVIPJ2HjYtHYWVMMq5eq8TCCcFQamqwcH0ihvj3wMbFo/DbpRIMkfaAqIqp3tq4/zSGSHtg4fpEeLt1BgBMeyUAQ/7fVuxOOtd4PKYl0dhAd0IetA585j9/1y+/RMmUKahYvZoLsKqzsmDj5obbpaVQ7tkD1y+/BC8kBJrERFSlpkIQGYm6khLwR42CtUCAWzIZs31JCdTx8RBERsJaIODO5X3qFK706wflnj0QREZy57Zu/LNerebCNO3Jk6hXq/X2J4SVmJiI+fPnw9nZGSkpKXB2doZMJoOzszMSEhKwYMECbiZPXFwctFotgoKCEBMTA7FYjJiYGEyaNIkLvQDAwcGBO65Wq8W+ffsglUqRkJCA6OhoxMXFoaGhAdXV1UhPT0d0dNOKVXK5HA4ODty1jR49GtnZ2ZBIJPDy8kJ6erpBgFW5diNuXbgIu2ckUO87BG1SMpw/+QAlL4+Hu9gDlWs3gj9xDJ5YvgjapGTUq9SoV6mhiWsKsMRiMXJychAYGIi0tDQ4Oztzr0FFRQV3nWvXruXCOIlEgoKCAsjlcoSFhSEmJgaenp5IT09HdXW13n0R42wlT8PtWAquvzkddQX5D/tyOA8ryNINfoxh2wSFQiHGj29aYdOqcfUb3flRQiET/ly4kNeqa/DyYiq2VCoVlEql0RCJrdIyVd3VUhinO8crPT0dYWFhjedsCtuOHz9utIXxUVZ5/SrKFDJUqctRWca8hlWqclSpmZlUjgIXvfY+p65i2HXkwamLGDyhM5y6eD+U62bphkTmthn3u/mKXTshv8XjsMzNfzK1nW7VUvdxERYfg2XqPu2EfIN5VjxPN5Nhnp2Q3+K5LdkGsPx1YMM1nqeb2fCK1VIl3ePIylaADhRekXaCWggfgmd7uWPaiIDGGVXBeLaXG9de6O3qhFFDnoGIb89UY721E96uzBD2jd82fcMjcrTH1WuVEPHt8du+pdj9/mtIPJ2HUYP9KLwi7U7ZO+8AAETTpnGPaeLj4TRvHmzc3KA9eRK3i4u555V79nB/CiIjcbu4GLdkMri8+y6zr5GVCNUJCbB2dIRo6lSj16COjwd/1CgIIiNRr9FAHR9/X++RPHpcXFxQXV3N/d3evqnlmq0oKi9vGuxbUFAAZ2dniMViLlAqLy9HUFAQpFIpvLy8UF5ejujoaCQkJCAxsamtW/e4/v7+UCgUqKiogFQqhUQigVQq5a4lKCgIEgtWz/T19YWvr6/xJxsaIJg4Fh4/HMBtRTHuKNXQJqVANGc6OgiZ4FYweRxsxJ4tnkcqlcLBwQG+vr7w9/cHAG7WVU5ODsLCwsDj8bjtZTIZxGIxJBIJnJ2dufbLsLCwVrduPa46eHii675DsH8x9GFfigE2yHL/OfOBtBbqtt/l5V3Qe04ulyMpKQkAEy6lp6dxb+ywdt35UWyFlkIhx+bNmy2+Bt1B8Fu2bDF4Pi0tjasCMzdba906ZrCxsTBOt0VQoZBz96E7f2vrVsNzP4qqVOX4I+80fvvlMBSXz4MndIZnj+cxaPhshL32HsbM/gJTl+3H1GX7MWb2Fwh77T0MGj4bfQeNgWeP59GABvx9/SqyTu7F4W3zcGTbfJxK+By5vxxBWZHsgQ9kJ+SfzlqymsIr0m5QBdZD4u3mhJXRw7Bx/2mIHO2h1NRwzz3bk2n9++1SKbxdnbgAi7Vx8SgsXJ8IZVUNnu3ljt1JWVBW1WBl9LAHeg+EWKrr2rVQ7tmDyi1bwAsJQQc+HzXnzgFWVswbmLDK+d13Yefri9qCAmhTU1GvVsO+f39UrF4NWFlxwVZNVhZuFxfDxsODO0flF18AVlZwMLHSoXLPHsDKiqvIUu7dqxeokcePv78/YmJiwOPxIJfLDaqYmgsKCkJ6ejoSExPx999/AwAkEgkSExNRUFAAhUIBFxcXJCcnIzg4mKtU0q3ESklJ4SqmfH19sWnTJvB4PKSkpGD+/PkGs7YAJkDKyMjgAi5L5kw5LV/EvW8fNADKrV8zn/9CgUFoZS0UQPkl04JepyhBvVLV4iwsf39/ro0RgN49hoWFISEhAVZWVlAoFJg5cyays7P1tiEtsxYI4fKfnbh19lcov1iPW+fubVW/+023Ikv1xXpo9n7dZudiq7DYUIrFhj4CgQB//VVmsF+3bl25NsLg4GBERUVh375Y5OXl4e23l6GoSIFJkyZzqwoeO3bMaAAlFovxyiuvICkpCWvWrIZIJEJ4eDiEQiHS09MxcyZTWejn52e2QioiIgKBgUFITzeswGLvZc6cOVi37jOD52bNmokLFy4gNzdXbxVEhUJhMI/Pz8+vXbcaOgpdjLYJVl6/CsD4MHVHYVMlVjevxsUOBjU9/5ciH1WqcsgvZaHyuhw3rsvh1MUbTl3FcOriDUehCzp38eKGtlui9pYWtTerYdfJoVX7EUIIaTtWDQ0NDQ/7Ih53Sk0NF0I918sDIwc/g98uleDqtUpum1GD/bA7KQvTXmF+OD96+nf891IxRI72mPZKAA1rJ+1SyeTJqDl3Du5790K5Zw+0J0/CMzERmvh43FGr0fWTT1CvVuPq0KGAlRW8f/oJVampuN5YseX8zjsQTZuGK1Ip3PftQ0eJBOr4eFx/5x1ujtUfPkxpuOvWrbg2Zw7sAwLgHhurd+56jQblq1fD+9QpAMC1N9+E9uRJuO/dC/v+/R/a60MePrlcDoVCAWdnZ67qSSaTQSKRoKKiAlqtFjweD1qtFmKxGBUVFVxLn4uLC5ydnbljsJVK7N+9vLz0Ko6mTp2KiRMnwtfXl3u8oqKCO5+zszNX2dQ87JHJZFzVF3s9Li7MD3Pl5eXc8eqVKuxe4nUAAAXWSURBVNzKy4d90EC9/W/Li1CdnglbsQfsgwaiJv0MOvr1hrVIyO1j6+WBOkUx97juayGXyw3Ox147+9qtWbMGQUFBCAoK4lYkFIvF3Gvk4uLC3QNpPW38QVT/eAI3z56xuHWvY78BcBzzKniRrwIAyiaNNRuEeV26+9UD7xQXQbn5c2gTDt/TsRwcmO9nTpxI1guTfHx8uCqn5cvfxYoVK7jHjIU+APDWW0uxdetWAEBp6TWIRCLk5uZi5sxo5OUZbyM8cSIZBw58i127diEwMAgpKSkAAKVSibCwUJP7+fn5ITk5hQuOVq1ahTVrVusdA2CqtYYNC9M7n1KpxIQJTPujTFZgtFKRDeMmTZqMmJgYhIaGci2Hxu6hNasstgf557+HV89+93U1wMrrV1FZJmf+vC5HZdlV1NXWoJtnb9h1cjDaftgA5sciR4ELF34RQgi5v9Tqu194hiqw2gER3x4LX2N+E3W1tBIb95+GsoqpyBI52kOlvYmrpZVMlVXMCYgcmZlYIwdTKSdp32zc3WEPoLKxVaPL2rWwdXdHXUkJNwvLWiAALyQEt0tKUJWaCseQEFSsXo36qioIIiOhTU1FR4kEtu5MZaKtuzvs+/XD7ZIS3C4uhn3jEHf7gACIpkzBLZkM6vh47twAUHP2LBwbB7mz29ar1dCmplKA9ZgTi8UGPyyyQRY784l9v/ljpo5h7JgA8wM4O9eG5ezsrFf5ZapKqXlLoe52uueyFgkNwisAsBF7QqBTeaW7je4+zauz2PM2v7/m175ixQo4OztDKpVy2xjbh9w9XmRTEFXz4wnUyi4ys/1kF/W269R/IGw8PGEfEgZrgX4lnZ3k6Ta7vg4ennjik40QzVsC5ebP7/o4gYHM55RQqH/t69at49r3xGIxcnNzuc+zuXPnGRwHYAag5+YyLXhpaWmIiIhA3759cfZsFmJjY5GWlqZX0cger0+fvhgxYgSefrrp+yyRSMTtd/z4MW5ou0gkRHh4hEHllVgsRmBgEPr27aP3eHBwMCZNmsydVygUIi0tDYGBQSb/7QCAuXPnIS0tjZuJ1fy4upq/do8Cu468+xpeAWAqsLp4A9Cv9qq8fhW1N6sNtucquwghhLRbVIFFCCGEEEIIIYQQQtrcvVRg0RB3QgghhBBCCCGEENKuUYBFCCGEEEIIIYQQQto1CrAIIYQQQgghhBBCSLtGARYhhBBCCCGEEEIIadcowCKEEEIIIYQQQggh7RoFWIQQQgghhBBCCCGkXaMAixBCCCGEEEIIIYS0axRgEUIIIYQQQgghhJB2jQIsQgghhBBCCCGEENKuUYBFCCGEEEIIIYQQQto1CrAIIYQQQgghhBBCSLtGARYhhBBCCCGEEEIIadcowCKEEEIIIYQQQggh7RoFWIQQQgghhBBCCCGkXaMAixBCCCGEEEIIIYS0axRgEUIIIYQQQgghhJB2jQIsQgghhBBCCCGEENKuUYBFCCGEEEIIIYQQQto1CrAIIYQQQgghhBBCSLtGARYhhBBCCCGEEEIIadcowCKEEEIIIYQQQggh7RoFWIQQQgghhBBCCCGkXaMAixBCCCGEEEIIIYS0axRgEUIIIYQQQgghhJB2jQIsQgghhBBCCCGEENKuUYBFCCGEEEIIIYQQQto1CrAIIYQQQgghhBBCSLtm87AvgBBCCCGEEEIIIYQ8fqZOnWryuT179uj9nSqwCCGEEEIIIYQQQsgD1zykMvc4BViEEEIIIYQQQggh5KFoHlaZCrUowCKEEEIIIYQQQgghDw0bWpkKrwDAqqGhoeFBXRAhhBBCCCGEEEIIeTyp1eq73pcqsAghhBBCCCGEEEJIu0YBFiGEEEIIIYQQQghp1yjAIoQQQgghhBBCCCHtGgVYhBBCCCGEEEIIIaRds3nYF0AIIYQQQgghhBDSGjWay6ip+gPVmsuov12NWzUlAAAbOyfYdnwCtnZOsOf3hKOoD6w72D/kqyX3w/8HlJajZJyNG/YAAAAASUVORK5CYII=' height='250' width='300'/> ]]>
  </system-out>
</testsuite> <!-- com.tribu.qaselenium.tests.mazaprendo.MACreateCourseTests -->
