<?xml version="1.0" encoding="UTF-8"?>
<!-- Generated by org.testng.reporters.JUnitReportReporter -->
<testsuite hostname="station" failures="0" tests="1" name="com.tribu.qaselenium.tests.mazaprendo.MAScoreCourseTests" time="40.502" errors="0" timestamp="2022-04-15T23:37:02 COT" skipped="0">
  <testcase classname="com.tribu.qaselenium.tests.mazaprendo.MAScoreCourseTests" name="scoreCourse" time="40.502"/>
  <system-out>
    <![CDATA[ <img src='data:image/png;base64,iVBORw0KGgoAAAANSUhEUgAAB4AAAAOiCAYAAACRicroAAAAAXNSR0IArs4c6QAAIABJREFUeJzs3XV41eX/x/HXuhPGiG2M7q7RLV2KoCAgiMDXFtQfmCAqFkqIQRgoSLcg3Z2jkdgYvQHrjvP7Y2wwWDPYOHs+rotrh3M+9/15n88527h4nfd9mxgMBoMAAAAAAAAAAAAAAAVCWFhYrsea5mEdAAAAAAAAAAAAAIB8ZO536Vp+1wAAAAAAAAAAAAAAuKOIk12ux5qwBDQAAAAAAAAAAAAAFBwsAQ0AAAAAAAAAAAAAIAAGAAAAAAAAAAAAAGNBAAwAAAAAAAAAAAAAT4hBgwZl+jgBMAAAAAAAAAAAAAA8AVLC38xCYAJgAAAAAAAAAAAAACjg7g99MwqBCYABAAAAAAAAAAAAoADLKOxN734Tg8FgeNQFAQAAAAAAAAAAAACyJywsLNdj6QAGAAAAAAAAAAAAACNBAAwAAAAAAAAAAAAARsI8qwMiIyMfRx0AAAAAAAAAAAAAUGjY2dk9knnpAAYAAAAAAAAAAAAAI0EADAAAAAAAAAAAAABGggAYAAAAAAAAAAAAAIwEATAAAAAAAAAAAAAAGAkCYAAAAAAAAAAAAAAwEgTAAAAAAAAAAAAAAGAkCIABAAAAAAAAAAAAwEgQAAMAAAAAAAAAAACAkSAABgAAAAAAAAAAAAAjQQAMAAAAAAAAAAAAAEaCABgAAAAAAAAAAAAAjAQBMAAAAAAAAAAAAAAYCQJgAAAAAAAAAAAAADASBMAAAAAAAAAAAAAAYCQIgAEAAAAAAAAAAADASBAAAwAAAAAAAAAAAICRIAAGAAAAAAAAAAAAACNBAAwAAAAAAAAAAAAARoIAGAAAAAAAAAAAAACMBAEwAAAAAAAAAAAAABgJAmAAAAAAAAAAAAAAMBIEwAAAAAAAAAAAAABgJAiAAQAAAAAAAAAAAMBIEAADAAAAAAAAAAAAgJEgAAYAAAAAAAAAAAAAI0EADAAAAAAAAAAAAABGggAYAAAAAAAAAAAAAIwEATAAAAAAAAAAAAAAGAkCYAAAAAAAAAAAAAAwEgTAAAAAAAAAAAAAAGAkCIABoJCatnivHNt9qnkbjuZ3KQAAAAAAAAAAII8QAAMAAAAAAAAAAACAkTDP7wIA4Eny2sSVmr3msP79/kU1qeH1UHN5P/2tzExNdH7RqDyqzrjUGjhVfleDVbtCCW376eVcz9N51B/a4XtRFTyL6uBvr2RrzNFz1/Xv3rPacuiCrt0M162waEVExcrJ3lrFXOxUt1JJ+VTzUrdmleTqaJvlfJWe+17Xbobn+jlI0pSRXfVi57oPNb+jnbWcHaxV2auo6lUupadbVlWl0m4PVVd2Xb0ZplU7z2iHr79O+gfpxu0IRUTHydrSXK6ONqpS2k31q3ioW7PKqlamWJ6e+9zlW6o3+EcZDAYVdbbVyTlvydoq5/8E2nrYT93e/VPVy7pr1/TheVojAAAAAAAAAOQVAmAAAO445R+ktyf/o13HAtJ9/FZolG6FRumUf5DmrPXVyCmr1bVpJX34YitV8Cz6mKvNubDIGIVFxijgeojW7TunCbO3qnXdspr4RieV9yjySM550i9QX/65VSt2nFZSkuGBxyOj4xQZHadLN0K1bt85ffHHFvlU99R7/VuoXYNyeVLD1IW7ZTAkn/tmSJT+WntEQ7vXz/E8FuZmab4CAAAAAAAAQEFEAAwAgKTNhy7ouY/mKzo2XpJUoqiDujSupBrli8vN2VaWFuYKCY+W37VgHTh1RduO+Cs6Nl5Lt57Uhv3ndX7hqCy7Sit5FdWnL7fLVX01yrlneUxm8ycZDIqIjtP1W+E68t81rdt3TuFRsdp86IKaDP9FM0f3UvfmVXJVW3oSE5P0xeyt+m7eTiUmJqXeX79yKdWvXEplPVxlb2Op6Nh4XbsZrkNnrmq770XFJyRqz/FLenrMHPVqWVVT3u4qJ3vrXNcRGBypueuT97m2tjJXTGyCfli8R0O61pOpqUmO5rIwN03zFQAAAAAAAAAKIgJgAEChdzssSgM/XaTo2HiZmppo3NC2evUZH5mbZRz0hUfFaunWk/pmzna1qVc2W0sKuzjaqFPjinlZeq7nj46N149L9urLP7cpJjZBgz9fouVfvaBmtUo/dB3RsfHq98kCbTxwXlJyx+zL3evr1Wd85OnulOG40IgY/frPQU2av0vBYdFauvWkTvgFaumE/pmOy8zPS/cqNi5BNlYW+vm9Hho0fpEuXLmt5dtPqVfLqjmay9LcPPX5AAAAAAAAAEBBRQsLAKDQm778gEIjYiRJ37zWUW/2aZJp+CtJDrZWGtipjg7+9qo+HtLmcZSZp2ysLDTq+WaaP/45WZibKT4hUW9N/kfxCYkPNW9iYpIGjFuYGv5W8XbTzl+G6ctXOmQZ4jrZW+vtvk11YNYr6tCogiTpv4Cb6jl6jm6FRuW4loioWM1ceVCS9EKHWurVsqpqVyghSZq8YFeO50vp/M3qvQEAAAAAAAAA+Yn/wQQAFHrr9p6VJJUs6qiXuuZsb1hLCzMVcbJ9FGU9Fm3qldUrTzeSlBy2rt9/7qHm+2buDq3blzxHw6oe2jBliCqXdsvRHG4udpo//jn1e6qWJOnspZt6c9I/Oa7l99WHFRIeLVNTE73Wu7Ek6Y0+TSTpzpLT/jmaLyUAtrSgAxgAAAAAAABAwcUS0AAg6es52/X9vJ16oUMtffNap/wuJ0OXA0P111pfbT54Qf9duqmQiBjZWFnIy91Jjat76dk21dWkhleenzcoOFLLtp/U1sP+On7hhoKCIxUTlyAXB2vVKFdcHX0q6oUOtWRnY5nn534c/K8HS0ruVs3pvrDGYEjXeqkdsev2nlPnxpVyNY//tWB9/dc2Scl7KM8f/5wcbK1yNZepqYl+GNVN56/c1t4Tl7Ri+ymt3n0m27UlJCbpxyV7JUndm1VWmZIukqReLapo7CxnBVwP0aT5u9S8lne2a0pZ+tnCjAAYAAAAAAAAQMFFBzAASJq18oAio+M0Y8UBJSUZ8rucByQlGfTFH1tUa+AP+uKPLfrv0k3VrlBCz7SqplZ1yiguPlGzVh5Qx7d/V8//+0uBwZF5ct6wyBi998O/qvbCZI2askabD16Qh5ujOvpUUO/W1VTJy027jgXo3R/WqN7gH7Xv5OU8Oe/jZmaa/Ovw2q3wfK4kf5Qp6ZLaxXzh6u1cz/Pd3zuVkJiUfPuNzg/dGW1uZqof3+kmsztLLn85e1u2xy7cdFyXA0Ml3e36lSQzM9PUjuf1+87phF9gtudM6fxN6QQGAAAAAAAAgIKIDmAAkPTK0430/bxdGtCxdoHrAA2NiNEL4xZq62E/VfF207ih7fRUw/IP1HnKP1ATZm/Vsm2n1HT4L5o7ro8aVPHI9XkvXg9R9/f+lN/VYDWrVVojn2umlnW8U7sgU4RFxmji3J36fv5OPT1mrrZMe0nlPYrk+rz5oWb54lq/75xO+Qdp9/EANa6e913UBZ2zvbVuhUbpdlh0rsbHxCZo8ZYTkpKvZ5cmuesivl8Fz6Lq3aqa5m88piNnr+mkX6CqlimW5bgpdzqam9YsrfqVS6V5bGDH2vryz20KCY/W5Pm7NH10z2zVkvLeZw9gAAAAAAAAAAUZ/4MJAJLe7NNE/kve0fhh7fK7lAe8NnGlth720zOtqmnzD0PV0adCuiF1Fe9imv3xs5r4RifdDI3S8x/Pf6hO4OKu9nKys9aMMb20euIgtWtQ7oHwV5Ic7aw17uW2+nBwa4VFxmjsrE25Pmd+GdylriTJYDCo/9gF2nTwQj5X9PiFRMRIkuxzuYz3nhOXFB4VK0nq265mntUlSc+1vzvf2n1nszx+3T2dva8/6/PA4/a2Vnqpaz1J0qLNdzuFs2J+p1M8ve8DAAAAAAAAACgoCIABoACbsWK/lm8/paY1S2vmmF6ytbbIcszL3RvowxdbKTA4UsO+XJrrc1tZmmvLtKHq27ZGto5/u28TlSjqoFU7TyssMibX580PXZtW1hvPNpYk3QyJUs//+0udR/2hP/89oqCQvFlOuyDzuxqsW6FRkpTr7u0jZ6+l3m6ax/tQ+1TzlIlJ8ocefP+7lsXR0qT5OyVJFb2KqpNPxXSPGdGroSwtzJSQmKRpi/dkq46UJaBTvgIAAAAAAABAQcQS0ACQCxP/3qHZa+weao6I6Fg52Vln+HhsXIK+nL1NFuZmmjmmV+o+qNkx8rmm+mfnGW06eEHbff3VvJZ3rmrMyXLYFuZmeqphef2x+rAOnbmmVnXL5Oqc+eWz4e1VtpSrxv26ScFh0drhe1E7fC9KkqqWKaaWtb3Vok4ZNa9VWo6ZvG6Z2XP8khzbfZqjMbUrlNC2n17O1fmy67d/DqbeblO/XK7muHYzLPV22ZIuD13TvexsLFW8iL2u3QzXtVsRmR576MzV1Nfttd4+qcHx/dxd7dW3bQ39+e8R/b76sP7vhRZydrDJdO6Uzl86gAEAAAAAAAAUZATAAJAL6/ede+Tn2HTwgoJCItWzRRWVcnPM0VgTExO93KOBDpy+onnrj+Y6AM6psqVcJemJ7Zod0rWenmlVTbP/PaIlW07o4OkrkqSTfoE66Reon5buk5mZqRpX91TPFlXVp031LEPDgm7rYT9NW7xXkuRRzEldc7l3b2RMfOptB1urPKntXvY2VpLCFREdm+lxKd2/bs52ej6Lpahff7ax/vz3iCKj4zRz5UG9069ZpsendP6amxWsfcIBAAAAAAAA4F4EwAAg6b+Am6o/5EetmzRYPtU9szz+3+9fVJOHXObW++lvM3189/EASVLPltVyNX/PFlU04uvl2nksIFfjc8PBJjn4i7onDHzSONlb6/XePnq9t48CgyO18cB5bTvip+2+FxVwPUSJiUmp3cHjf9usN/s00cjnmmarW7qKt5u+fKVDjup5FGGqlNxhPn3FAY3/bZPiExJlYmKiyW91yfXyxjZWd/9JEREdJyf73HVJZyQyOu7OeTJeBv3CldtaseO0JGl4r4ayssz8nzmVS7upQ6MKWrv3rH5eulev9/bJcoyZmSkdwAAAAAAAAAAKNAJgAJAUn5h052tiPldy14WrwZIk7+LOuRpvY2WhYi528rsarKQkQ46Wc85IfEKiwiJjFRufIIPhwcdD7+z9a1A6D+aQpUXyr6i4hId7TeLik8dbmOd82/tiLnZ6vn1NPd8+uZPU/1qw1u07p8WbT2j38QCFRsTo01836dCZq/r9w2eyDE+d7K3Vum7ZnD+JbAqNiNHmQxfSfcxgkMKjYnX9VoSOnL2q1bv/U3BYtCTJ3MxUU0Z2VfuG5XN9bndXh9TbfteCVbtCiVzPdb+omHhdvx0uSSpZ1CHD435YvEdJSQbZWltoaLd62Zr7jT6NtXbvWQUGR2ru+qMa3KVupsdbmpvJwowAGAAAAAAAAEDBRQAMAEoONpO/JuVzJXeldDwWdbbN9RzFXOx043aEomLiZJ/LTtKTfoGaseKAthy6oAtXg2VIL/l9BJzskusNi8x8yd+shEQkh9Kujg+/VLN3CRcN69FAw3o00K5jARr21TIFXA/Rqp2n9eWfW/XxkDYPfY6Hcco/SD3e+ytHY3yqe+qrVzqoTsWSD3XuWuWLp97effxSngbA+05eVlJS8vuuRrni6R4TFBypv9YekSQN6Fhbro7Z+75pXstbdSuV1KEzVzV14W4N6lQn0w9LWJib5bpLGgAAAAAAAAAeBwJgANDdLtH4h+w2zUt2NpaSpJshUfJyz10XcGBw8l68ttaWuRo/Y8V+vTdtrawszNStaWWN6NVIbs62GS7Du37fOc1ceSBX57pfEafkAO/G7QjFxiVkuTRvepKSDLoSFJY8XzYDwexqUsNL/343SD4v/6KwyBjNWHFAH77YOk86rR8VOxtLmZqYKDwqOVSfOrKbBnWukydzN6nhJRsrC0XHxmvBxmP6X6+GeTKvJC3YeCz1dkZdytOX71dMbIIk6Zdl+/XLsv05Ps+5y7e0audpdW9eJcNjLMxNZWaW825yAAAAAAAAAHhcCIABQPd2ABecALhsSRdJycsO162U8+7M6Nh4BQZHqmwp11yFkntPXNKoKWtUyauoln31gkq5OWY5JiVszQu1K5TQmt3/KT4hUb7nrqthVY8cz3HqYlBqJ3XN8ul3jj4Mj2JO6t26mn5ddVChETHyuxascqVc8/w82eVT3VPrJg3O9Jjrt8Ll8/Ivuh0WpSkLd+vZNtVla53xvrrZZWdjqW7NKmvBxmM6ePqKNuw/r3YNyj30vP7XgjVvw1FJUo1y7ul2FkfFxGvGirz54MHkBbszDYC7Na2sqt5ueXIuAAAAAAAAAHgUCIABQHeXfk7pBC4IGlf30qT5u7Ri+yk93apajsev2HFaBoNBTWt45er8Py3ZK0ma9k73bIW/ea1pzdKptxdtOp6rAHjRpuOpt5vk8jpkxaOYU+rt6Nj4R3KOvFS8iIOmjuyq/mMX6Oylmxr941pNGdk1T+Ye9XxTLdx0XAaDQW9N/ke7fhkmRzvrXM+XlGTQaxNXKuHOHt3v9Gue7nF/rDms22FRkqQ5Y/uoomeRHJ9rydaTmjB7q/afuqydRy+mef/dK6+uFQAAAAAAAAA8KqxhCACS4u50/qYETQVBm3pl5eZsp1W7zuj6rfAcjTUYDJp1Zynm59rXzNX5T/gFysbKIkfBa0xcQq7OlZ6mNbxU5k4X9Jx1vrocGJqj8YHBkfrtn0OSpHKlXNW4esYBcMqSyLlx7vKt1Nslizrkep7HqVuzynqxc11J0u+rD2nljtN5Mm8V72J67ZlGkqSA6yF6/uMFuQ7FDQaD3vlhjbYd8Zckta1fTr1aVn3guMTEJE1bvEeS1KCKh7o1q6xKpd1y/OfVZxrJ4c4+2ZMX7MpVzQAAAAAAAABQEBAAA4DuWQK6AAXAVpbmGj2wheLiEzV0wlIlJRmyPXbqoj3ac/yS2tQrq+a1vHN1fgtzMyUkJikxm9ckOjZePy/bl6tzpcfMzFRv9mkiKTmgHfz5kmwHtVEx8XrpiyWpXaFvP9c0w2Ww4+IT1WzEdH03b6cMhuxfY0k6czFIS7aekJQcPrrm8T7Dj9KXr3RQBc+ikqTXv1ulazdz9iGDjHw8pI0aVfOUJG339VenkX/I/1pwjuYIjYjRoPGLNPPOss6e7k6aPrpnuscu3nJCAddDJEmv3gmfc8PRzloDO9WWJP2756xO+Qfmei4AAAAAAAAAyE8EwACgu0s/F6QloCXp5e4N1L15FW074q8RXy/PVjflH6sPa+zMjSrmYqfpo3vl+tyNqnkqPiFR/+w6k+WxSUkG/d+0tTnuVM7K4C511blxJUnJexK3ff1Xbff1z3TM7uMBeuqt37T1sJ8kqUuTShrYqU6Gx8/feEx+V4M1duZGNRr6s+au883W+2DLIT91e+8vxcQmdz1/8GKr7D6tAsHW2kIzx/SUuZmpbodFafjXy3IcgKfHytJc88f3Td23+tCZq2o09Gd99ttmBYVEZjo2OjZe05fvV/0hP2rZtlOSJK/izlr59QC5OdulOyalW9fT3Uk9Mtm7NztG9GqU+kGBKQt3P9RcAAAAAAAAAJBf2AMYAHR36eeUTuCCZNqobgqNiNG8DUd17Px1vfdCC3VrVlnmZmk/w3PozFVNXrBLS7eelLurveaO66NiLumHZtnxZp/GmrfhqN6c9I/cXOwyXEI5KDgyeb/XYwF6f1ArjZ25MdfnvJ+JiYmmj+6hAeMWafOhCzp9MUhdRs1W5dJualnHW17FXeRga6nwqDhduh6i7b7+OuF3t3OzTb2y+uX/emR6jt6tq2nbYT/N33hMpy8GacTXyzVyymo1rVlaPtU8VaKog9yc7ZSUZFBIRIz+C7ipDQfOyffs9dQ5xg5tqzb1ymb5fILDorVm93+5uhaWFmZqW79crsZmpE7FkvrgxVYaN2uTthzy09RFe/TGs40fel5XR1ut+W6QRk5ZrTlrfRUdG6+v52zXxHk71bi6pxpW8ZB3SRc52FopOjZeV4LC5Hv2ujYdPK+omLsfcmjXoJx+ea+n3DJ4H288cF7Hzt+QJA3v2VBmZg/3ubbSxZ3VrWllLd9+Sgs2HtdHg1urZNG7+19v903+IEYlr6KaO7avrK34ZxQAAAAAAACAgof/uQQAFcw9gFM42Vtr+Vcv6Ms/t+rbuTs0aPwiuTraqpJXUZUoYq/g8Bj5Xw+W39XkZXZb1y2rGWN6PVT4K0neJVy0+It+GjR+kTq89bua1/JW89re8ijmKDNTUwWFROrAqctau/ecKngW0eqJg9KEr3nF0c5aSyb008R5OzV14W6FRsTo9MUgnb4YlOEYJ3trvdbbR+883yzLUNDGykIzxvRS/w619c2c7dru66+omHit33dO6/edy3Rs2VKumjDiKXVqXDFbz+VMwE31/Wheto69n6ujrfyXvJOrsZl5u29TbTxwXjt8L2rcrE1qVaeMapYv/tDz2lhZ6Kd3e+jZNjX02W+bdeD0FSUmJmmH70Xt8L2Y6djKpd00emBLPZ3Onr/3mjQ/ufvX3tZKgzLp8s6JV5/x0fLtpxSfkKgfF+/VZ8Pbpz72x+rDunQjVJduhGr/6cu5Xl4dAAAAAAAAAB4lAmAAUMFdAjqFqamJ3h/USgM71dGf/x7RlkN+Oh0QpL0nL8nGykJe7k4a0rWenm1TXU1rls6z8zap4aWDv72iv9b6as3u/zRj+X4Fh0fLxspC7q72qlnOXdNH91SXJpVkbmb6SAJgKXk/4Pf6N9eIng20eMtJbTvsJ99z13UrLEphkbFytLNSEUdb1SznrpZ1y+rpllXlZG+do3O0qltGreqWUcCNEG055KftR5K7iW+GRulWaJSsLM1VxNFG7q72alzdS+0alFOzmqUfuus0v5mammjG6F5qPOwXhYRH66UJS7Xtx6GysbLIk/nb1CurNvXK6vB/V7Vq5xntO3lZZwJuKjg8WrFxCanHlS3lql4tqqpT44pqWNUjy3l9z15PXeZ7QIdaOX69M+JT3VP1K5fSgdNX9Ns/h/Ru/+apc/dtW0Pr959TRc+iqluxZJ6cDwAAAAAAAADymokhiw3/IiMz368PAIzB9OX79c7UNfpocGu92795fpcDFApz1vnqf18vl5Tctb30y/6qX7lUpmPW7zunNvXKPvHBOwAAAAAAAADY2WW8kmdYWFiu5+V/TwFAUnxC8tLPBXEJaMBY9X+qlqa9012mpiYKjYhR9/f+0t/rj2Z4/PTl+9X7g7/1/s/rHmOVAAAAAAAAAPBkYQloAJAUf2cP4JSvAB6PAR1rq4iTjYZOWKaIqFgN/2qZZq85rCFd66l62WIyGKSj56/r938OadexAEnKs+WeAQAAAAAAAMAYEQADgKS41ACYDmDgcevcuJK2TntJr01cpd3HA7Tz6EXtPHrxgeNsrS00dmhbjejZMB+qBAAAAAAAAIAnAwEwAEhKuBMAx8Un5HMlQOFUwbOo1k56Uev3ndO8DUe158QlXbsZLjsbS5Uu7qzOjStqQMc68nR3yu9SAQAAAAAAAKBAMzEYDIbMDoiMjHxctQBAvrkZEqlboVFycbRVMZeMN10HAAAAAAAAAADIC3Z2GecRYWFhkqQjR45ke77atWtLogMYACRJRZ3tVNSZ4BcAAAAAAAAAADzZTPO7AAAAAAAAAAAAAABA3iAABgAAAAAAAAAAAAAjQQAMAAAAAAAAAAAAAEaCABgAAAAAAAAAAAAAjAQBMAAAAAAAAAAAAAAYCQJgAAAAAAAAAAAAADASBMAAAAAAAAAAAAAAYCQIgAEAAAAAAAAAAADASBAAAwAAAAAAAAAAAICRIAAGAAAAAAAAAAAAACNBAAwAAAAAAAAAAAAARoIAGAAAAAAAAAAAAACMBAEwAAAAAAAAAAAAABgJAmAAKISSkgz5XUKmLly5na3jboZEKjQi5hFXAwAAAAAAAADAk4MAGAAKiaQkg8b8tFYePb6WW+cvFBkdl98lpWu7r79avTZLwWHRWR574PRVtX5tlm6GRD6GygAAAAAAAAAAKPjM87sAAMhPA8Yt1PLtp9J97JOX2mjU880ec0WPzvyNxzRt8V59NLi16lUuJTsby/wu6QE3bkdo4KeL9M1rHeXiaJPl8R19KuifXaf10hdLtfzrF3J8vibDflHN8sX183s9clOuJGnrYT99NH2DTvoHytHOSk+3rKbPhrWXtRW/Yp8UMbEJKtblC33zWicN79kgv8sBAAAAAAAAgIfC/04DKPQ8ijlp4uudHri/klfRfKjm0dnh668q3m56t3/z/C4lQ+N/26yq3sXUt22NbI/5dGg7VXthipZtO6meLao+wuoedOHKbfX+4G+1qO2t2QN7y/9aiMbO2qjEJIO+f7PzY63F2FR67nv1bF5FX73aMUfjhk5YqpN+gdo1ffgjqgwAAAAAAAAACjYCYACFnr2NpTo1rpitYw2G5L1zTUxMHmVJ2ZLTWoLDY1TEyfZRlpQtiYlJMjN7cAeCoJBIzVnnq0WfP5+j+VwcbdT/qZr6ft6uxx4A//nvEVlZmGvOJ31SO35j4xP0xR9b9dmwdo+tyzqjawoAAAAAAAAAKHwIgAEgC+V6T9RTjcrL/1qI9py4pK3Thqpm+eLyPXtd7/+8TgdOX5Gro42G92yot/o2SR139tJNvf/zeu0+fkmWFqZqV7+8PhveXsVc7DI8T992NXQ5MEzbff2VZDCo/1O1NP7ldqnhXka1HP7vqj6esVH7T12WjZWFeraoqnFD28jRzjp1edsUju0+1f96NdRXr3ZUYmKSvp6zXb+vPqTg8Gg1rualiW90UnmPIqnH/7Boj2as2K/rtyJUpqSL3unXXL1bV0t9PCgkUh/8vF5r951VbFyCmtfy1ufD26vinQ7qMxeD1OCln/Re/+ZavOWEboVFK2Dpuw88/yUrfWGRAAAgAElEQVRbTsra0lzNa3mnuX/D/vP66q9t8j13TQ42VmrfsLy+GNFero53w+zuzavol2X79V/AzdTz3u92WJTenrxa/+45KzsbC73UtX5qiJ4iO9fjXgfPXFHj6p5plntuWbuMPpmxUSf8AtWwqke646Yv36+fl+7T5aBQlSvpqvdeaKFeLZPD62mL92rMT2t1e+2HMr/zuu87eVnt3vhVG6YMUcOqHnpx/CIF3AhV5dJuWrTluD4Z0lavPtMoW++5RZtPaOLc7Tp7+ZZKFnXU0O719Xpvn9QPEoRFxmjsrE1asf2UomMTVKdiCY0f1k51KpZM97lIyvR7IeX1n/X+01q46Zi2HPZTUSc7jXyuqYZ2r//AXL8s2693f1gjSfpp6T79tHSfDv/xmsqVclVCYpK+mbNdf/57RIHBEarqXUwfDm6tpxqW10m/QPm8/HPqPI7tPtWUkV31Yue6Co+K1ae/btLy7acVHB6t8qVcNWZgS3VvXiXD5wQAAAAAAAAATyrahQAUegZJEVGxaf5Ex8anOWbOWl/VKl9cs95/Wp7FnHT20k11HPm7rCzN9PuHz2hQ57oaO2ujpi/fL0mKT0hUz9FzFBIRo5ljeunz4U9p86ELemHcgkxrmbHigFrW8dbqiYM06vlm+mnpPk2ctzPTWk75B6nD27/LxESaOaaXPhjUSku2nlDfj+YrKckgK0sz7ZkxQi1qe6tOxZLaM2OERt7Z2/jtyas1ecEuvf1cU/36/tMKDo9Wj//7S1Exyc//11UH9eH09RrStZ7mjuujuhVLasjni7Xp4AVJUnRsvDqN/EO7jgfoq1c66Md3e+hKUJg6vP27rt8KT1P3z8v268UudfXDyK7pPvddxy6qYRUPWVqYpd63/9RlPfP+XFX1dtOiz/vpm9c6atexAL01aXWasQ0qe8jU1ES7j1/K8NoO/2q51u49qzEDW2ri65217+RlnfALTHNMVtfjfoHBkQ8E+kWdk4Ppm6GR6Y6ZsnC33v3hX/VsUUVzPumjFrW9NWj8Iq3bdy7D2tNz4PQVBQZHaNqo7mpXv2y23nN//ntEQz5frMbVvTRnbB/1bl1NH03foM9+35J6zFuT/tHKHaf1+YinNHNML8XEJajn6DkKCkn/+WT1vZDi9e9Wqk7FkpoxupdqlHPXyCmrdco/6IH5nm1TTXtmjJCbs536tq2hPTNGyLOYkyTp1W9X6Pv5OzWiV0PN/ri3vEu46NkP/taG/edVrpSr9swYoY4+FVTBs6j2zBihHs2SA94hny/Rqp1nNH5YOy2Z0E8t65TRoM8W69j5Gzm65gAAAAAAAADwJKADGEChd+ZikEp2/yrNfc1qldbqiYNS//5sm+r68pUOqX8fNXW1XBxs9Pe4vrKyNFenxhV1OTBUUxfu1rAeDXT20i1duhGq79/soqcalpckOdtb66elexURFSt7W6t0axnQsbZe6pbcFVnF201+V4P14+K9GvVc09Qu4PtreeP7VXJzttPiL/rJwjw5PC1bylU9/+8vrdnzn7o0qaSqZYrJwdZKSQaDqpYpJkn6L+Cmfl99SBPf6KSXuzeQJNUsX1w1XpiqZdtOqt9TtbT54AXVqVhSb/ZJ7uZsW7+cImPidO7yLbWpV1az1xzR2Uu3tG/mCFUq7SZJalnbWzUGTNXkBbs04X936xw/rJ0Gd6mb4etw0i9Qjap5prnP3dVei7/opzb1ysrUNLlD9dqtCH366yYlJRlS77O2MpdnMSed9Es/0Dt2/obW7j2rH0Z108BOdSRJXZtWUs0BU1OPyc71uF98QlLqNU9hZpr8OsXGJaZzfKK+mbNdw3s00MdD2kiS2jcsr3NXbmvWygOp75Xs8CjmpPnjn0t9X5z0C8z0PWdjZaGxMzeqd+tq+u7O/sQdGlWQJE2av0sjejaUm4udNh3008BOtVP3Ya5Rzl3/+2aFzl2+JTfnB7vXJ8zemun3Qoo3+zTRmIEtJUmt6pSRZ8+vteNo8r7U93J1tJWro63MzU3l6miT+n496Reov9cf1aS3umhI13qSpE4+FdXh7d81dtZG7fh5mKqWKSZHO2tZWZiljpOkV5/xkUcxx9RO7ua1vDVnna/W7z+nGuXcs33NAQAAAAAAAOBJQAAMoNArXdxZv/xfzzT3Odlbp/l7cVf7NH/ffMhPvVpWlcEgxcQmSJJ8qntq9prDuhUapdLFnVXMxU7jf9ukiOg4ta5TRp0aV8xyr2Eby7Q/lts3LKdZKw/o6s1webo7pVvLlsN+GtCxdpogsk29snJzttO2w37q0qRSuufacthPktSlSaXU51DM2V7eJZx16MxV9XuqlhpW89TK6es1btYm9WxRVTXLu+uPj3qnzrH1sJ9qlndPDX8lqYiTrZ5qUE5bD/tneg3vdyss6oFjvNydFRYZqyGfL9bR8zcUFBKp2PgExcQmKC4+Mc3Sy84O1rodFp3u3If/uypJ6nHPkr8W5mZycbDJ0fXIifS2Zj5+4YZCI2LU8b73wc/v9lBkTFyO5i/qZJtm39+s3nPH7ly/3m2qp5mnb9sa+nbuDu05cUndmlVWo2oe+mvtEXkUc1JHnwrycnfWym8GZFhHVt8LKWpXKJF628neWrbWFroZEvXAfBlJeX2evad+ExMT9WlTQyOnrFZwWLRcHG3SHdukhpdmrDigYV8u08XrIYqNT1RYZIxCw2OyfX4AAAAAAAAAeFIQAAMo9GysLNSkhle2jzcYDLoVGqWZKw5o5ooDDzweHB6t8h5FtH7yEE2YvVVvTfpHYZExal23rD4b3l7V7ulMzEpKQBkYHJEaAN8rMTFJoRExKl7E4YHH3F3tMwxEJaWGc5Wfm5Tuc5Ck155pJHsbS81aeUAT/94hd1d7De/ZUG/3bSIzM1PdDI1UiQzOvefE5ew9yTsSEg1pAk0peXnh9m/+ps6NK+qHUd1UooiDFm4+rs9+2/zAeEtzc8XGJ6Q7d2BwpKwszR8I9u+Vnevx4DlNFROX9pxx8cmdv1YWD/6KDb4TON7fSevmYic3pb83dHbZ2Vhm+p5LWZL6/tfL/U7onvJemTWmlyb+vVOTF+zSO1PXqFqZYhnul5ud74W8cis0SnY2lnK4r3s+pf7g8IwD4HemrtGqXac1flh71a1YUrbWFmr16sw8qw0AAAAAAAAAChICYADIIRMTE9laW+jZNtU1oGOdBx73cEsOasuUdNH00T2VlGTQ/lOX9eH0DeoyaraO//V6hktA3+/6rQhJyQFheszMTOVga6Vb6XRSXr8drha1vTOc29baQmZmplo9cWDqssUpijjZpj7XwV3qanCXugoKjtSCTcf14fT1kqR3+jWTq4OtAoMj0jl3hIo4pR/GZcTB1vKBvXbnbzgmB1srzRzTSyZ3WmpdHdKf91ZYVIbhururvWLjEhQblyAry/R/9WXneqQ37/3P//rt5L2P798bWJKc7JJf93s7Y++X0jlsMBgyPCYjmb3nXB3u7E1833vl+u3k+lNeL3tbK33yUht98lIbnbt8S5Pm79IL4xZq7aQX1bh62g9KZOd74eL14Bw/j/S4ONgoMjpO0bHxsrGyuKf+5OvtmkH4GxuXoD/XHtG3r3VU/3u6uE3Ta9EGAAAAAAAAACNgmvUhAID7NanhpRMXAlW/cik1rOqhhlU9VL9yKZUt6SJrK3PNXeerBkN+VHhUrExNTdSomqfe6ddMt8OiFHAjNMN5w6Ji0/x91c7TKuJkq1JFHTMc07yWt1buPK3ExKTU+7b7+utmSJSaZxIAN6nhpcTEJIVFxqY+h4ZVPeRdwkXlSrlKklq9OlPfzdspKTmEfvWZRqpVvrh8z16TlLxX8uGz1+R/7W7IFxoRow37z2caPqendHFnXQ5Me22Cw6NlYiLdm4UeOnM13fFBwZHyKu6c7mP1KpWUlLxccQqDwaCI6LvLLmfnetyvYVUP7ToWoMh75tlyyE82VhZp9qBNUa2Mu+xtrbRu39k094+csloDP10k6W5H65WgsNTHr98KT/f898rqPVe1jJuKONlq2baTacYt3XpSZmamalzdS2cuBqne4B+17Ujy8t3lPYro61c7SpKOnkt/f+Wsvhdyy9TEJM3r3rxW8vtp2bZTD9Rfs3xxOd/5YEDyuLsDw6NilZiYlPoBAkk6f+W2QiJY/hkAAAAAAACAcaIDGEChFxkTp/X7zj1wf+nizqroVTTdMe8PaqUOb/2u5z+Zr8Fd6snERPp56T6FRcZq49QhalartEZNXaMB4xbq1Wd8lJCYpG/n7lDJoo6q4Fkkw1r+WuurUm5OalzdUxv2n9fCTcf18ZA2DyyNnLaWlmr7xq/q+9E8De3eQEEhkfpk5gY1qeGlTj4Z7zncoIqHujatrJe/XKbRA1qoRjl3HTt/Q+N/26zZH/VW+4bl1aBKKX315zbZWluoWpli2n/qinzPXVf/DsmdlC92rqOZKw/o6TFz9cGLrWRpbqbv5u2UpYWZ3uzTJMNzp6depVL6d2/aYLR9wwqaseKARny9XO0alNO/e/7Tos0nJEkR0bGpAePZSzcVHhWr+pVLpTt31TLF1KlxRb09+R9JXeTl7qSfl+6T/7Xg1OW/s3M97jegYx1NXrBbz38yX6887aOL10P0/fydGty5bpou1RTWVuZ6q28TTZi9VQ62Vmpc3Us7fP01a+VBzf44eW/lJtW9ZGVprrcm/aPBXevpcmCYvpmzPcvrl9V7zsLcTB8MaqWRU1bLyd5a7RqU1/5Tl/X1nO0a+VxTFXGylYuDjawszPTG96v04Yut5eZsq3kbjsrMzFRNa6a/THpW3wu55enupC2H/bRi+ym1rFNGtSoU19Mtq2rU1DUKjYxR+VJFtGDjMe08GqDFX/RLM27Z9pNasPGY6lYqqfIeRVSnYkl98ccWGQwGxcYnatL8XYpPSFREdGwmFQAAAAAAAADAk4kAGEChd+lGqJ55f+4D97/e20efj3gq3TH1K5fSqm8HaNysTRrw6ULZWFmobb2ymvZON0mSl7uzVn4zQB/P2KAXxi2UlaW5fKp5aNo73WRhbpZhLc+2rq4TF25o0vydsrQw12u9ffR238yD1Jrli2vVNwP08YyNemHcAjnZWatXi6oaN7StTE0zX+b2tw+e1me/b9Gk+bt0KzRKZUu66KtXOqSGnZ8Pf0oOtlaaPH+XgkIi5VnMSWNfaqOXuzeQlLxc8OqJA/X+T+v0xnerJCV3as4Y3TPdfYkz06VJJU1esEtXgsJUyi2547mjTwV99WpHTV24W8u2n1TrumU1fXRPfff3TgXcCFXRO3vpbj3sLxdHmwxDSkn66d3uemvSPxo0fpFcHW3Uu3V1+VT3zNH1uJ+nu5OWTOinD35Zr/5jF8jRzkqDO9fV+GHtM6zjvf7NZWtloenL9+vbuTtUwbOIfvvwGfW4s8duiaIOmjG6p8bN2qQhny9RJa+ierd/c435aW2m1y8777mh3evLytJckxfs0i/L9svT3UmfD2+vV55uJEkyNTXRkgn99OH0DRo1dbViYhNUxdtNf4/rq+pl3dM9b1bfC7n1waBWGv7Vcr3y7UptmfaSnOytNX10L332+2ZNnLtDIRExql7WXYu/6Kd2DcqljnupWz1t2H9er3+3St+/2VnlPYroj4+e0cgpq/XBL+tVxMlW7/Vvru2+/oqOTX/PaAAAAAAAAAB4kpkYsthkMDIy8nHVAgCFWrneE/VcuxoZhs6Fgc/LP6tH8yoaM7BljsZ1fPt31a1UUl8U4msHAAAAAAAAAHiy2NnZZfhYWFjyNoFHjhzJ9ny1a9eWxB7AAIAC5LNh7TVt8V4FBmf/w0ebDl7QCb9AjXq+2SOsDAAAAAAAAACAJwMBMACgwGjXoJz6ta+pQeMXKTYu6+V5/a4G63/fLNdP73ZXESfbx1AhAAAAAAAAAAAFG3sAA0ABcX7RqPwuoUCY8L+nNGH2VmW+QUGy67fDNeF/HdS1aeVHXxgAAAAAAAAAAE8A9gAGAAAAAAAAAAAAgMeMPYABAAAAAAAAAAAAAJkiAAYAAAAAAAAAAAAAI5HlHsCZtR4DAAAAAAAAAAAAAAoOOoABAAAAAAAAAAAAwEgQAAMAAAAAAAAAAACAkSAABgAAAAAAAAAAAAAjQQAMAAAAAAAAAAAAAEaCABgAAAAAAAAAAAAAjAQBMAAAAAAAAAAAAAAYCQJgAAAAAAAAAAAAADASBMAAAAAAAAAAAAAAYCQIgAEAAAAAAAAAAADASBAAAwAAAAAAAAAAAICRIAAGAAAAAAAAAAAAACNBAAwAAAAAAAAAAAAARoIAGAAAAAAAAAAAAACMBAEwAAAAAAAAAAAAABgJAmAAAAAAAAAAAAAAMBIEwAAAAAAAAAAAAABgJAiAAQAAAAAAAAAAAMBIEAADAAAAAAAAAAAAgJEgAAYAAAAAAAAAAAAAI0EADAAAAAAAAAAAAABGggAYAAAAAAAAAAAAAIwEATAAAAAAAAAAAAAAGAkCYAAAAAAAAAAAAAAwEgTAAAAAAAAAAAAAAGAkCIABAAAAAAAAAAAAwEgQAAMAAAAAAAAAAACAkSAABgAAAAAAAAAAAAAjQQAMAAAAAAAAAAAAAEaCABgAAAAAAAAAAAAAjAQBMAAAAAAAAAAAAAAYCQJgAAAAAAAAAAAAADASBMAAAAAAAAAAAAAAYCQIgAEAAAAAAAAAAADASJjndwEA8KRLTExUYmKiDAaDDAaDkpKSZDAY8rssAE8YExMTmZqaysTERCYmJjIzM5OZmVl+lwUAAAAAAADgCUMADAA5ZDAYlJCQkBr8AkBeMBgMaX6mxMfHS1JqEGxubi4TE5P8Kg8AAAAAAADAE4IAGAByIC4uLjWUAYDHIeXDJnFxcbKwsJCFhQVBMAAAAAAAAIAMEQADQDYQ/AIoCOLj4xUfHy8LCwtZWlrmdzkAAAAAAAAACiACYADIhMFgUHR0NHv6AihQ4uPjlZCQIBsbG7qBAQAAAAAAAKRhmt8FAEBBlZiYqKioKMJfAAWSwWBQVFSUkpKS8rsUAAAAAAAAAAUIATAApCMhIUExMTH5XQYAZCk6OloJCQn5XQYAAAAAAACAAoIAGADuk5CQoNjY2PwuAwCyLTY2lhAYAAAAAAAAgCQCYABIIykpifAXwBMpNjaW5aABAAAAAAAAEAADQAqDwaDo6Oj8LgMAci06Opp9ywEAAAAAAIBCjgAYAO5gz18AxoCfZQAAAAAAAEDhRgAMAJLi4uJYOhWAUUhKSlJcXFx+lwEAAAAAAAAgnxAAAyj0DAaD4uPj87sMAMgz/EwDAAAAAAAACi8CYACFHkEJAGNEFzAAAAAAAABQOBEAAyjU6P4FYKzi4+NlMBjyuwwAAAAAAAAAjxkBMIBCLTExMb9LAIBHhp9xAAAAAAAAQOFDAAygUEtISMjvEgDgkeFnHAAAAAAAAFD4EAADKNTojgNgzPgZBwAAAAAAABQ+BMAACi064wAUBoTAAAAAAAAAQOFCAAyg0EpKSsrvEgDgkSMABgAAAAAAAAoXAmAAhZbBYMjvEgDgkeNnHQAAAAAAAFC4EAADKLToAAZQGPCzDgAAAAAAAChcCIABFFp0xQEoDPhZBwAAAAAAABQuBMAACi1CEQCFAT/rAAAAAAAAgMKFABgAAAAAAAAAAAAAjIR5fhcAAHg0IqPj5H89RCHh0YqKiZeJiYlKuTnIy91ZdjaWGY4JuBGiK0HhMhgMsrW2kLODjcqUcJGttcVjfgYAAAAAAAAAACCnCIABwEic8AvUlkN+2nM8QAdOX9GVoLB0jzM3M1XremU1oGNt9WxRVZK0dOtJ/bX2iDYfvKCExKR0x5Vyc1T9yqXkU91LreqWUbUyxR7ZcwEAAAAAAAAAALljYmBjOACFVGRkZH6X8NACboRo4abjWrDxmE75Bz3wuKmpiRztrGVpbqrY+ESFRsSkebxdg3IyGKSNB86nud/J3lpWFmaKS0hSWGSMkpIe/FVRxdtNfdrW0LNtqsvL3TlvnxiAPGVnZ5ffJQAAAAAAAADIgbCw5CavI0eOZHtM7dq1JREAAyjEnvQA+H/fLNectb5p7qvkVVTtG5ZXw6oeql7WXd4lXGRudne795DwaO0+fkl//ntEq3aeTjO2a9PKGtCxthpX95Szg03q/QmJSfK/FqzjF25o38nLWr/vnM4E3Ewztn+HWvrp3R6P4FkCyAsEwAAAAAAAAMCThQAYAHLhSQ+AndqPl8FgkLurvQZ2qqPn29dUeY8i2R4/b8NRDftymSRpxphe6tu2RrbHnrt8S3+vP6rZaw7rxu0ImZiYKHT9Rzl+Do9TYmKS+o1doG1H/PXxkDb6X6+G+V0S8NgQAAMAAAAAAABPlocJgE2zOA4AUEClfH7np3d76KPBrXMU/kpS+wblU2+3q18uR2PLexTRR4Nbp3b95uVnib76a5sc232q9m/+luN54+ITVXvQD3Js96nmrEvbHX0m4KbW7P5PkdFxmrniQJ7VCwAAAAAAAABAQUIADAAokPaeuKR5G47laMy0JXt04cptSQ+G0hU8i6hFbW+Zm5lqUOc6eVYnAAAAAAAAAAAFiXl+FwAAQEY+nrFB3ZpWkr2tVZbHBgZH6ps5OzJ83MLcTKu+HSiDwSATE5O8LBMAAAAA/p+9Ow+TrKzv/v85W1X1Pj0bwwzMsO/gIIuIRA0SQSQaTYIximv0McYQ45IYszwuv5jFJT5qVEzQGAViXIKIgLhgBJRlGLaRGWAYmIEZZunu6b1rOcvvj+pTfarqVNWp7urp7uL9uq65TtU597nPXT2t3Ref+X5vAAAAYNGgAhgAsGjtGxrXP19ze6KxH/n3n2p8Mld6X6t7NOEvAAAAAAAAAKCdUQEMAFiUUo6lfMHTv373bl1xyUYdf+TKmmPvf2yPrrn1QdmWKcMwVHC92HHnv/MqbdmxT3/9lpfqL9/44rJrP75nu772w826d+szGhyZVDpl68jVfTr3lCP0mpecopc1uU/yHQ/u1Ndv2qx7t+3WnoFRdWVSOmnDKv3eb56qN1/6fNnWzL/Bemj7Xl3wrq9Ikh7+5pXasGZZ7Jwf/9pt+uQ1t2vj8YfrF196R+xn+9z7LtPv/MbJ+vx37tKNd27T0/tH9eR33q90qvgjf+tT+/XF792tXzzwlPYMjCkIAq1Z0aMzjz9cl7zwBP3eS08tjQ0VXE/fue3Xuu7HD2rbzgEdHJvSmuXdOuvEtXrrZWfpJWceHbveodFJffG7d+vmux7Tjj0Hlcu76u/p0KnHrNaFZx2rN1z8PK1a1tXU1xUAAAAAAAAAUB8BMABgUTpm7XIds3a5bvrVo/rQl27Vdz/xhzXH/uUXf6QgCPSu17xA1976kIZGJ6v2AK7nw1++VV/4zl1l59ypvLbtPKBtOw/oP2++X7d94e0666R1DefK5V194As36+s33V92PptzdedDO3XnQzv1jVse0Hf+/vVaOQ/h57MDY3rhO6/S7gOjpXPhl+L6Xzyit/399+R6ftk9u/YOa9feYX3/9q0aGJ7Qn11+/sy1fcN688e/q/u27S67Z+feYe3cO6zv/e8jesPFz9O/XPlKZdIzv1Y8tmtAr/zAf2rf0HjZfQeGJ/TzzU/q55uf1J0P7dS3//71rfroAAAAAAAAAAARAAMAFrF/+OOX66f3PaEf37NdN//qMb3ihSdUjfnvnz6su7Y8rVXLuvShK16sa299qKln/PLhXaXw9x2vOlvves25OnL1Mo1MZLVjz5C+/bMtGhyZTBT+StL7PneTvnHLA5KkKy7ZqDdf+nwds7ZfIxM53XjnNv3TN2/X5kf36C+/+CNd/eHXNrXWJD593R3KFzxd+sIT9dqXnqLDV/Yo5ViamMrrTz71A7merxdvPEp/97YLdfJRq+T7gXbuHdaP7n5c3799q95+2VmlucYnc/rdD1+nR3ceUGfG0ftff4FedcFJWtHXqZ17h/WNWx7QV2+8T9f86EFJ0pc++OrSve///M3aNzSuIw/r0yffc4lecMqR6sw42rV3WPdu262rrr9HH7rixVXrBwAAAAAAAADMDQEwAGDROnptv957+fn6p2/+Qn/15Vt14VnHlLUnnswW9Hf/9lNJ0kff8TL1dmUUbvGbtAD4zod2SpKOP3KlPn3lpaXzmXS3DlverReetj7xen+++clS+PvpK1+hd7zqnNK1lcu69GeXn6+XnnmMrrr+Hn3sHS9LPG8z8gUvtsX1w0/s09j0HslXf/i1Omx5d+naGcet0RnHrdEH3/AbZfd8+ro79ejOA8qkbd3yL2/RxuMPL/s8Z520Tqcfe5j+/P/dpGt+9KD+4KIzSu2gf/nwLknSR//oIl36whNL9524YZVO3LBKb7x4Y2s/OAAAAAAAAABAkmQ2HgIAwMJ53+tfpCNW92nH7iF9vqJN87/8153aMzCqs09apze8/Hmzmr+vOyNJ2jc0ru3PDM5prV+9cZMk6dxTjigLf6Oed/waffGDr5qX9s+SdMy65fqLiiBXmvmcknTndDhbj+f5+vrNmyVJf/La88rC36i3//bZOufkIyRJV/9gU+l8b1daknT3r3fJq2g5DQAAAAAAAACYPwTAAIBFrSPt6O//z29Jkj517e3aM1Dc2/bpfSP6f9/+pQzD0Kf+9BUywtLfaYGSlQBf9qIT1ZlxNDqR1Tlv/5Iu/5vr9Onr7tDP7tuhodHJptb6wON7JUmvfNGJDUbOnwvPOqbqayFJJ65fWQpx3/Lx7+jC91ytj331Z7rh9q16et9I1fg9A2MaGC5+/kafJ7z+4Pa9pXOve9npkqSrrr9XG9/8BX3g8zfr2lsf1CNP7pfvJ9+fGQAAAAAAAADQHFpAAwAWvde85BR99caj9b/3P6m//cpPdPWHX6u/vupWZXOu3vSKM/X8E9fOeu61K3t1435vcRUAACAASURBVKfepPd+9od6aPte3XLX47rlrsdL188+aZ3+4o0v1iXnHd9wrv0HxyVJq/u7G4ycP6tqVBabpqHvfOIP9d7P/lA33rlNm7bt1qZtu0vXjzq8X+949Tn6k9e+QKZp6MDwROna6v761cphO+l9Q+Olcx9/50VKOZauuv5e7dw7rK98/97Stf7eDv3eS0/V3771N7Wsp2NWnxMAAAAAAAAAEI8AGACwJHzyPZfo/HdepW//bItOPmq1rv/FVvV1Z/R/33Zh7PikewBLxZD3ji+/Uzt2D+nebbu15Yl9enD7s/rVlqe1adtuXf431+naj16uy150Ut15Vvd366lnD5aC4KRsa6Yhx2Q2X3PcyHi24VymWV39O7O+Ll370cs1MDyhux95Rg9t36stO/bplw/v0lPPHtRff/lWPTswqk+86+VlQfK+oXGtP2xZzXnD4De6r7BjW/rYOy7SX73pJbp36249uH2vtjyxV3c/8ox27B7Sv92wSZu27dFtX3h73TUDAAAAAAAAAJpDC2gAwJJw0oZVetdrzpUkfeyrP5MkffjNL9WqBtWpzThm3XK97mWn6+PvvEg3/PMV2vLNKyP7297X8P6Nx6+RJP3wzkebem5/pAp2597qdsyh+x7d09S8taxc1qVXnn+i/upNL9E1H7lcW699r97+22dLkv79B5sUBIHWreothcA33lH/89x4xzZJit0nuCPt6MUbj9Kf/t55uuovf0cPfP09+tJfvFqSdP9je8qqkAEAAAAAAAAAc0cADABYMj50xYtL7YhP2rBK73jV2VVjwu1vg4QlwK7na+/gWOy1w5Z367xTiwHwwbGphnO97bLieu555Bn9+w2bYsds2bFPV37mRg1EWiwfvrJHa1b0SJKu+dEDsffdtnmH7ptjWBq3168kZdK2Xn7ucZKkbM7VVM6VaRp60yvOlCR98X/u1v2PxYfP/3bDvaUQ922XnVU6/8z+2kH2qy6YqaRO8nUFAAAAAAAAACRHAAwAWDJ6uzL6//7Pb6m3K6NPvueSstbJs/X1mzbrzLf8qz7w+Zt12+Yd2n9wQtmcq72DY7r21gf19ZuLgex5px7ZcK6XPv9oXXHJRknS+z53k/7sX27U5kf3aHhsSjv3Dutfv3u3Lvnzr+s/btqsD33p1rJ73/rK50uSvn/7Vn3wCzdr94FRSdLYZE5f++FmveEj357T59y284DOeNPn9caPflv/87+PaNe+YU3lChocmdRtm3foI1f/VJJ0+rGHqTPjSJI+8IcX6MT1K5XLu3rF+76uT193h57YPaThsSk98Pizeu9nf6j3f+5mSdIbL96ol5x5tCQpX/B08Z//h37zPVfr6h9s0tan9mt8MqfRiawefHyv/viTN0iSUo41p/2bAQAAAAAAAADV2AMYALCk/MFFZ+gPLjqj4bikFcB3PLhTE1N5feX79+or3783dswZx63Rh654caL5PnPlpbJMU/9x02Z97YfFP5XOPmmd/undF5ede//rL9CvtuzSzzc/qauuv1dXXX+v0ilbubwrSerpTOuKSzbqG7fEVwg3cvuDT8nzfN1w+1bdcPvW2DHLezv1rx94Vel9V0dK3/uHN+hNH/+O7tu2Wx+9+mf66NU/q7rvDRc/T5+58tLS+18/uU+DI5N6et9Izapl0zT0mSsvLdtrGAAAAAAAAAAwdwTAAIC2YshoavxX//q1etOlZ+p7P/+17v71M3rmwKgms3n1dWd06tGr9TsvPkVvfsWZSqeS/chMp2x97n2X6fKXna6v37RZ92x9RnsGxtTdkdKJ61fq9y88TW++9PlV1cspx9L//MMb9LUfbta3fvqwHnlyv7J5V0cd3q+Xn3uc3vf6F+nWe7bPOgB+x6vO0QVnHKXrfvyg7nxol7bvHtTIeFYdaUfHrO3Xy889Xu/+3RdUBbJHHtanWz/7Fn37Z1v0Xz95SFufOqCDY1Nas6JHZ5+4Vm+97KxS5W/ozBPW6qFvXKnrfvygbrtvh7bs2Keh0SlZlqkjVvXqRWds0Ltec65OO+awWX0WAAAAAAAAAEBtRpC0RAoA2szExETjQYtY70UfkyR97x/eoIvOObbp+wdHJnX0735KkvTkdz+gFX2dTc/xk3uf0Gv/6hpJ0uhP/q7p+wEcGl1dVFoDAAAAAAAAS8noaHGbwAceSF4UtHFjcYtC9gAGAAAAAAAAAAAAgDZBAAwAAAAAAAAAAAAAbYI9gAGgDR04OKFtuw7oyT0HNTye1cRUXpm0rRW9nXrecYfrtGNWV93jeb627NivB7c/q8HRSWVzrro6UlrWndHRa/t10vpVWtVPG1kAAAAAAAAAABYzAmAAaAOjE1ndes8T+umm7frFA0/p6X0jdcev6OvU5ReeVnr/z9/8hf77Z1s0ODJZ974jD+vTizcepZedfZxefm7z+w4DAAAAAAAAAID5ZQRBECz0IgBgIUxMTCz0Euak96KPSZLOOG6NHt01oFzejR2Xciz1dKZlGNLAcP2AN7RyWaeCQBqbzClf8GLHpFO2Tly/Ug9t3ytJGv3J383iUwA4FLq6qN4HAAAAAAAAlpLR0VFJ0gMPPJD4no0bN0qiAhgAlrwwgM2kbV187vE677T1OufkdVq3qlcr+zqVTs38X30u7+qRp/brWz95WFffeF8pNE6nbL39srP0uotO1ylHra66Z2BkUrsPjOrerbt115Zd+ul9OzQ+mSs9GwAAAAAAAAAALA5UAAN4zlrqFcBnvfWLevzpAZ15wlpdcclG/f6Fp6mvO5P4/vsf26O3f+J/JElXf/g1OvOEtYnvzeZc3XL3Y/q372/S7Q8+pRPWr9Smr7676c8A4NCgAhgAAAAAAABYWuZSAUwADOA5a6kHwMNjUzowPKHjj1y5oOvY/sygVvZ1allPx4KuA0BtBMAAAAAAAADA0kILaAB4DlrW07EoQtfjjlix0EsAAAAAAAAAAADTzIVeAAAAAAAAAAAAAACgNQiAAQAAAAAAAAAAAKBNEAADAAAAAAAAAAAAQJsgAAYAAAAAAAAAAACANkEADAAAAAAAAAAAAABtggAYAAAAAAAAAAAAANoEATAAAAAAAAAAAAAAtAkCYAAAAAAAAAAAAABoEwTAAAAAAAAAAAAAANAmCIABAAAAAAAAAAAAoE0QAAMAAAAAAAAAAABAmyAABgAAAAAAAAAAAIA2QQAMAAAAAAAAAAAAAG2CABgAAAAAAAAAAAAA2gQBMAAAAAAAAAAAAAC0CQJgAAAAAAAAAAAAAGgTBMAAAAAAAAAAAAAA0CYIgAEAAAAAAAAAAACgTRAAAwAAAAAAAAAAAECbIAAGAAAAAAAAAAAAgDZBAAwAAAAAAAAAAAAAbYIAGAAAAAAAAAAAAADaBAEwAAAAAAAAAAAAALQJAmAAAAAAAAAAAAAAaBMEwAAAAAAAAAAAAADQJgiAAQAAAAAAAAAAAKBNEAADAAAAAAAAAAAAQJsgAAYAAAAAAAAAAACANkEADAAAAAAAAAAAAABtwl7oBQDAQtk/NLrQSwCAQ+Lorq6FXgIAAAAAAACAQ4QAGMBz1urlvQu9BAAAAAAAAAAAgJaiBTQAAAAAAAAAAAAAtAkCYAAAAAAAAAAAAABoEwTAAAAAAAAAAAAAANAmCIABAAAAAAAAAAAAoE0QAAMAAAAAAAAAAABAmyAABgAAAAAAAAAAAIA2QQAMAAAAAAAAAAAAAG2CABgAAAAAAAAAAAAA2gQBMAAAAAAAAAAAAAC0CQJgAAAAAAAAAAAAAGgTBMAAAAAAAAAAAAAA0CYIgAEAAAAAAAAAAACgTRAAAwAAAAAAAAAAAECbIAAGAAAAAAAAAAAAgDZBAAwAAAAAAAAAAAAAbYIAGAAAAAAAAAAAAADaBAEwAAAAAAAAAAAAALQJAmAAAAAAAAAAAAAAaBMEwAAAAAAAAAAAAADQJgiAAQAAAAAAAAAAAKBNEAADAAAAAAAAAAAAQJsgAAYAAAAAAAAAAACANkEADAAAAAAAAAAAAABtggAYAAAAAAAAAAAAANoEATAAAAAAAAAAAAAAtAkCYAAAAAAAAAAAAABoEwTAAAAAAAAAAAAAANAmCIABAAAAAAAAAAAAoE0QAAMAAAAAAAAAAABAmyAABgAAAAAAAAAAAIA2QQAMAAAAAAAAAAAAAG2CABgAAAAAAAAAAAAA2gQBMAAAAAAAAAAAAAC0CQJgAAAAAAAAAAAAAGgTBMAAAAAAAAAAAAAA0CYIgAEAAAAAAAAAAACgTRAAAwAAAAAAAAAAAECbIAAGAAAAAAAAAAAAgDZBAAwAAAAAAAAAAAAAbcJe6AUAAIDmFVxfbuBJkmzDKp13bP5tFwAAAAAAAAA8lxEAAwCwhAyMj2nTxKQGc/mqaynDKL3uSTmSJCvvSpKOWtZXutZvBLKsYmhsW7bs6ftswyJABgAAAAAAAIAljgAYAIAl4ODUpH4yMKTdU1OSJNusH9Tuy+XkmDOB8I4D+2uO7ZChjGnKnh6fcYrhcca0ZE2f6zQtZSLPzNjFXyH6jUCSZFmWbKv81wo7EkiXn7eqzhE8AwAAAAAAAEBrEAADALDIDYyP6UdDwzqYr676rafgF8PZaBAcZ0qBpnxPHX4xCM4WCrIMQwW5pTHDkfFWTLBrGYa8ICi9N6crjDPmTNjbZ1sa931JxUA5lKkIs8NwORQNmSWVguZo5bJEiAwAAAAAAAAAEgEwAACL2lg+rx8PDMpUMch1/eT3hsFvwQ8ahsDSTBAsX+o1TaVNMzbsjRMNfy3DkKaD3pw/s+D9bqH0erLOXLZRHuQ+leD5KcNQPpgJivvsYijsT1c3S7Wrlm3DoP01AAAAAAAAgLZBAAwAwCJVcH1tGxsvve+WVDBNuX6yFDhpBXCUbRhyg0Cjvi87CJQyTNkKZMlQ2ioGpGHYWysc9oIgcXBc/mxTbuDLDfyqELiRfDSA9n2N52e+RpVh854683SnHKVMS0dkUurv6GxqDQAAAAAAAACwGBAAAwCwSGV9VwfyudJ70zTVq0Cjklzfb7gPcLMVwJLkTgepYXvlfOCr2Hg6ULbgyzGNsjC4nmaDYDfwp59tlt43CoLDyt/osbju6nNJjOcLkgp6OjulVZNZndbbo47pPZEBAAAAAAAAYCmg1yEAAIvU3lxeI7lc2TnHNNRrmg3DX2n2FcA15zOkySDQWOBrwHV10PU05rrK+35ZC2hp7lXA4etGwsrfaOArqRT6NhP+RnXJ0GQ+r0dGRzVVKDS+AQAAAAAAAAAWCQJgAAAWqaeGR2LPhyFwUmEQHB7rcYPGY0L5wNdkEGjc9TRScDXmupp0vVIgXBkKJxGGv5XHWqIBb2UInJ/F8yuN5wuEwAAAAAAAAACWFAJgAAAWqTu3P1bzmmMa6jeNutW94bXKY6s4FflqwQ+UkzThBxr1fB10PQ0XCpryvERhcFjxW9kCul4IHG3xXK8ddHR8s8bzBW0fn2j6PgAAAAAAAABYCOwBDADAIrR1z7PK5fN1xzimpX5JWfmaUlBW4Vu5/28z+wBLxUrgeu2gpWJL6IbzyJDrB5rwPUlSWpJtGqX20JYx87qy6rcyEK4lrg109BitEp5tS+gD+bzG8nn1pFKzuh8AAAAAAAAADhUCYAAAFqHBkeQVpxnTlKNABQWaUnmF62yqf23DSNQK2gmKIXDBKK8Gzge+UjVC25yknB9ICmRPr9WSIXt6fSnTrAqEwyrgekFwGPjWqgCuPNcsz/O0N0cADAAAAAAAAGDxIwAGAKANWDKUtk1l/EAF39N4E/dWBr7h60ZVwGEFcBgEO4EU+L5SCfcndlWcIDBNudPnstPhsCRlFMgyDHlG8RhtBV0ZBse1dq6sAI7bL7iecM5Jz5Vnmsq6bt3xAAAAAAAAALAYEAADALCEeQq0any/VmUONBx7ILtKqzIHdCC7quraUKpLY06nJCWq/g2lDFN5le/RW68CuBlZGcUsOJgJhW3DkB34kryyNtLRoxvMBMT19vzNl4XeM5/BC4LinzDInj4OuYU5fyYAAAAAAAAAmG8EwAAALFGeAjl7d+qEwetlr14ju6NLZrqr5vh16f1SMH2MsdtbrQd0omRZideQD/xSBbBhmgr84nsZxWpgI2E1sOf7shKMdYOgVDkcdrsu/TJTFvZ6ZffZgZ/8cxlG8Q8AAAAAAAAALEFzL88BAAALYjKX15qJB8rO+bmJqj9JrQv2a112qPQ+SSVwyjBLraDzQXklcCFhhur5fuNBEWFb6nrtqSu5hinXD+T60+2tK45JeE2MBQAAAAAAAICFQgUwAABLkO/7KkRaEnuTdXb9nSqGwHZHl9ypCdkd1VXCYeVwj9PR1DrC0DdlmFUBcNI20JZplkLgJJXA0T2Km2EHvtzpNdmmUXZMIut7jQcBAAAAAAAAwAIjAAYAYBFa0Ve7lXPIsR1t8TZoQ/eApAYhcOR6dJzV2V18EQbDjtRpGCr4QVNtkMNW0JXnkoTA0QrgJG2gbcOQGwSlY2KWJUUqf23TKB2TyBbYAxgAAAAAAADA4kcADADAEpVxbGnDKbr7YL8kVbWDjrPBHtBOd6U22OWhsdXZrWczR2vQ71anZckzZ4JST8V9dwPfr9nWOdwHOBoCJ60AliRbgQLNrgI4DIMbibZ7nk0FsCxLBdeXY7ODBgAAAAAAAIDFiwAYAIAlLOPYyq0+UpK0U0eWXXPcqarxeyqOUXaqp/giKA9KbRlKS5JpSSoGqTmV7/lbGQwHvi8jQTWvVKz6dX1flpJVAJetuYkq4LDiN6qZCmBJcgNPjgiAAQAAAAAAACxeBMAAACxBZkVQaikmxEx1J5orDEAtw5AXE6ZaFdW1ljUdCMuUFwTlVcIV+wBLjVtBR1tAJ6kAjkpa/SupKvyVyiuAOyRVR+bVzwMAAAAAAACAxYwAGACAJS42/K2hXrVrXPjb8NmGIcuamdObnj/n+3JVrARONQh0LdMshcDNhL9h9W/SELjeZ99gWOqxTW3N5eTVWYPruZJSidcIAAAAAAAAAIcaATAAAG3EU9AwEA7bHidtf+wFQVUVcKXwenicCX0t5X1/OhCOn2O2FcBhNW4z4W/lZ+6QdLplqjPlyPO8uuGvJHmel2htAAAAAAAAALBQCIABAFjEfN+vavdcT9LwV6odirZayjRLgbAXBFVto0PNtn9utgI4GnynFegIy9FRaVvG9L2maSoVBMrXmetgYGhl4hUCAAAAAAAAwKFHAAwAwCKVzRd0wPVkm4E6LFNOIFkKqgJhT8VK2CStoKOVv+FxPsPfKMswShXCnjnTbtoLAuU8X24T4a/UXAVwuP9v1vPVaxo6IZXWStsqG2Mk3EsYAAAAAAAAABYzAmAAABY51/c1FmmTbJuBHNOQbRhypnNUS4F8FatY6wXBce2fk1QAN2oDXe+6ZRilyt/KVtHh62iFcN735fpBw0A4aQVwNChe5zg6LWXXDHsbtbrOum7d6wAAAAAAAACw0AiAAQBYYlzflzuTB8uOBKWOihcqw2HHtCL3H9oK4CR7CIcsw1CHZUlW8b7w/rgK4SQVwOGYYtVvSisss26lr22YUuDXvA4AAAAAAAAAix0BMAAAS5w7XR1sm6YK062OCwo0FR3ku2VVw44MWTJKrZFDsw2Dkwa8s5kzWiGc933lZNQNf8NroXWOo9PTTkvWlPUJhwEAAAAAAAAsbgTAAAC0ATvB/rkFPygFw06kTXS0WjgMhotzLq49cW3DlG2Z6pTkBn6xXbQxE2JXBr/Rqt+kUoYhBbWvT/rebJYOAAAAAAAAAIcMATAAAEuA63myLav2dd+XbZqlYy2OaZSqhEv3BoHCnW2n/EhlraditbBpKG2aTbVyjpprdbBtmHIr2jLbhinbkNKSXLMYBk9OVwZ7vq/16bROsU1Zdb5ms+H5ddJhAAAAAAAAAFgECIABAFgC6oW/0kwFcKNK4FKLaD8ohcFOTKVvWE3rajoU9v2Z9tFmsUrYNo15af1cvRa/uDdvHZZhqMeQbMPSBttquNdvLd2BNDjbhQIAAAAAAADAIkAADADAEpCkAjjUKASOVgHHhb81nzFdKVwIJCmQ40qGacoyTdmS0ipWCLc6FK4X/oaVwV4Q6HDT1mFmoE67tVW/UVnfU8H15djJ20oDAAAAAAAAwKFEAAwAwCIWBr+NKoClZPsASyqr+q1VARw7v2GU7bNbMCQFvuT5ShmmctPn05altAKlEq6n9vNm7q+sAo4Gv5ZR3Ot3ZQuC3x7blAr19/l1A0+OCIABAAAAAAAALE4EwAAALBHNVAFL8YFwWP0bBr/NVgDHSRmmTkmldZgZaJ9vaKeb14QMTXjF9diGMevq4DD4DcPfyr2Aw6rfDotAFgAAAAAAAAAkAmAAABaFgusrO1WsPJ2c8jW6u6NqTNIqYNf3a1YDh62fo+9nWwEsFcPfF3R2qN+QTNPUet/XYaajJwJDuwsFSTOtoxUEkgJlLFOp6crdxs+sDn7Dqt9jHWfWe/3ORa0gHAAAAAAAAAAWAwJgAAASKLgzAWQY1FaanJoZMzZeDAkHB7OamiqeGx0pBqITE8Vr45OBJic8jY/l5ZUXtiqXy0vnlp9rVAEsVVcBx4nbAzhJEBwGn+Gx1zR1ViT8lYrHDtPUaZIOt0w9USjoYMWHy3q+spLqhcG2YVZV+4bBb49l6xTblJUgEG9Wp1+//bMkuZ4rKdXyZwMAAAAAAABAKxAAAwCeMyqrbKXyoFZSKayVZgJbaSa0DY1PzryfnJgJDcfH8jJMU0GNILYy6I3juuWDmt0HuFEIHIa/YejbTBVweO/alKNzU47SkfDX9/3Sa0laYZnqNxwdDBQbBEszYbBtSLZplMLgyopfSUqbljbYlvoNzUv4K0kdjiN5ucYDAQAAAAAAAGCRIgAGACxJY2OFshC3stK2sso2n2tc2RlqVETr+fEtgMPQtzL8nU3oG2VbVikEbnYf4FriqoDrCce6vq+1qVQx/J1ehz/9TDOm7bRpmlohqd9wtKvg61G3UDVGmm4T7QWlMLjTUKkq2AsCLbMdnZayD3m75ziel/x7CQAAAAAAAAAONQJgAEBLjYxOSJImJ4oVtSPDE6VrQ4NjpdeDQ6OSpNGRSUnS+NiUJidzGh4eL44dKo4dHBjRGS+8VCv61pYFuZaZLFhNarahr9R84Fsv7I0dHwl9W7EPsFTe8rlWBXB0v2DX92V5rk6wMjqnq3x/YtM05ft+VQVw5Zij0qYOMwM9ERja57o199J1g0AHPV+WaarfMnWE5Wi9fWj2+m30jGwhPsAGAAAAAAAAgMWCABgAEGtkdEKTE9lSgDs0OFYW2kYD22hYGzU0Pb4058hMGDw2NiUvYYLbs3xA1nEry87NNfxNWChbN/iVysPfemtqNvSVJMubCVqTVgBLyauAw+C3XvgbzmV5rs5Y1q9T7JmAtzL49RM8t8NxdIrv63ArpZ2up4OeVxUEe9Pz9FumTrdMdTiH9teVVBAoXxEEu34ge/rrdDAwtDLuRgAAAAAAAABYBAiAAeA5ZmR0Qs/uHtTjj+/W9sf2aMeOZ0vB7dDQqEZGJjQ8PKEgKG9zaxjzs+dqEv19nYf8mc1U/BbHF49G4CswiiFps6Gv57k1r82mArhZhYrPHA1/z+/r13q7vLo32vo5fF2vHXRopi20dNC29Fg+r9HpZ3u+L1uBTkhltN4xy+YJpoPi+a4EtmLmtxPukQwAAAAAAAAAC40AGACeI0ZGJ/SLnz+kW2+5T5vu3aaDB0frjl/IwLdSYC5v6Xz1stHZtnoOg9/AMEvBr2NJhQbbxdYLfaPc6X1nk+4DXK/9szSzB3Bl6BveHz6z3zS1sa9f653qyt+4CuCklcDhPCskbbQt7fMNPeG56ndsHes4WmHVXn8QBAuyF7DrB/ziBAAAAAAAAGDR479jAsBzwMjohP74jz6r++/fXlXZG2cxhb+WZcq2W7eeWRTGSkoW/hqBXwp8G4W/0eDXsuzYINizpmLvTVIFHIbAtcLgMPgNg+DoPVIx/O32PV3c36e0VR3+SvUrgOvtB1ypw3G03ve13kklGi/NbzWwbZhSUOMbxbKUdZOF9gAAAAAAAACwEAiAAaDN/eCGX+kTH7+mYcVvaDGFv5JkmslDwThz3eu3UbvnUGW758rwt16lb9w11/XK9gAuu9agAjgMfpNUAlfu9ZstFCRJ6y1P5/cvV7riOdHq3mgFcPR9M1XA0bmaMZ8VwCnDkCq+HdzS16n+ntAAAAAAAAAAsNCa+6+tAIAlpdnwdzHqzFjqzMxvxeVsw99wr99m2jxbVv1/e+W6nly3/oSNKoDDMLdR+Fs5PmwzfYqV1vm91eFvpcr9fuOqgJsNgheryj2AC03u7wwAAAAAAAAAhwoVwADQpn55x6/1wfd9aaGXMWeO7czqvlZX/nox81VW/ZaNr1HxW6vatxlhBXCtSuCkFcBu5DNGw99z+rvqPj9uD+C487OpBE4qbAEdmu89gaOVv9k2CbUBAAAAAAAAtCcCYABoQ9u27tLHPvKficcbhpVob+CFYFnNNatoJpurFf5Wj5t5HbZ9TrK/b629faVi6Gvb1qzC31CtSuBGFcBxwW9agc7v69d6p/HXu9YewHEVwJXjWm0+gt/uQBps+awAAAAAAAAAcGjQAhoA2tB119ymp556dqGX0RJWqn41alSrwt+41s9SedvnmvNGAt96+/7OJvyVykPfaBgcx634HGFVcOX9aQW6eMWKROFvVGXr5/B9reNS0WPXX++kvzj/sQQAAAAAAAAASFQAA0Db2bZ1l/77Wz+veT3lmDrysLQk6cBQVqOTgYLAk2FYWt7XozOet1prDl+hRx/frS0PD6pQyEqSgsDTsUd0aP2xR0qSRsazeujBZ+XF9UZuMd/P1DhfPJrm3Fs+S/X3aKelbAAAIABJREFU/I2qVf3ree68VP2WzdGg/XMo2gY6bo5Qv2nqN/qXqX8WhbTNVADPVwhc2Qpaak1VcCoIlJ+ex01YKQ4AAAAAAAAAiwEBMAC0mY/932/UbOfc22nojy42dN4ZlpYtT2vTw9I/XlsMgdetWak/+9ML9bznHy3ZtsYKvr7wj/+t2+98Uq5b0LFHdOj0owpad2pvOJv278lp996Bef086UyvzCbbQC+UeuGvVKz6jR7De5yKHNe0TCmY1MEa8zSq/JWqq3+j0ioGmsdaGZ3Rm1F6lnlpNPittf/vfO4DPJ+sOiFy0tbhAAAAAAAAALAQCIABoI1s27pLmzc/WuNqVn90cZfOO6ND/etXyOrs1nkvk06753Hdt3VKv/GSY3TqKWsk25aZ6VJfRjr77A2685dPKu14Omy5p94j15TNuHptWrv3zv/nqiUsKm1F9a8kGdMTWuZM+Ff2gzIonk87lkzLVJhL25GWwWmrIHP6/jC4tkrvq0NF3wti1ubL9+yaAXC9yt9abNNUh+fJtky5gaXDDacY/s5irtIqI1/4Rvv/zuc+wJWCIJhzFbBtmHWDdjfw5LCTBgAAAAAAAIBFiAAYANrIfZser3Elq7TjaOWKlJYtT8eOWL68INOK+7HgKVcoaHVv8b6xg3vV018Mgkf2HWjBqmsLAk89Pb2yY4JTqXXBb6i701JXl6XOdK4U4oaKuaUReW4g3y/+CSuuiyGnM7M+r/y5vhc0XIvvhYFp7XFhMJkkCO6wLWV8X1KgMLE+rrdXxxrBnMLfSo0qgCvbRM93EDzXEDhlGLJNI7b9c5Y9gAEAAAAAAAAsYgTAANBGHnv0mZizxT18c4VC2VlvclwHdw1q35ClXKGgoaFIcJmdkFxXmzbtVL5QDOz2j5oKmz+PHSyW/e4dbPlHKGMY1QFldN/fVrFMQ+vX+nJSgSRXgR8NemeeG4ayxdA3PF+dQlcGv1KyENpv4X7Ktmmqd/qLFEhyp+fe2NOr9Xbrw9dmKoAPVUvoVlQCAwAAAAAAAMBSQwAMAG1iZHRCQ0Njdcfcs62g49bltGz6/V0PTemZffnitTse0OknrdWxxx+pqSlP927+le66a6fCAPmXD41Kklb3+to/aurhHY4ms/n5+jjljOrAslUZomMbOmKNr3TakudFWxpHnxWUvQ5qZLmVwW+Sal/TMpsOfm3LqtueuMO21DFdrRz4nlzPV8axdVKmU+ud+a28TVoBPN+VwK0Ifjskxf0vatylAhgAAAAAAADA4kUADABtYnIiq8GBkYqz2bJ3198xrv2jplb3ZrV/1NSW7X6pMviJZw7qH//5ezru5CO1f09O+weGlC8UJGUUDYFTTqcKbiDp0IRgTqa/9LrVhaPFyt9AjpM8/I2aSyXrbMNfaaYFtOt5ZWGwbVnqCQLZvq+gNLYY/p7T3a3+Q1AMm7QCeL4rgYPplH42QXCn7yls912LW+tfAQAAAAAAAADAAiMABoA2MjQ0WnFmJrwNFSt5MxVjikYnA22+b5cMwyrtaxsdYxiWCm4rV5zcrLPCwFdlmBdMT7Z8RVqO49UMf2OnS1D9m3if35jwt97ev1Fh8ButBO43DYWfNWz53GMUdH5nj9KHuBNy0grg8Np8CdtAz6YdtG2YivuHDm4QyPVcSanWLBIAAAAAAAAAWogAGADayMjIRMzZTMy5+srD36K4/XgXvcCXF9QO/bo78vKD2p8rafXvbMLfyueYplH2jEbzVLaA7p8OUcPgt+AWtNyRTjUc+dkJTdWdrcjMdMnPTsjMdCUYXZS24r9+C10BPN+8Oi24AQAAAAAAAGAhEQADQJsYGY4Lf7OaqQJuPggOLWT429W9TKY5uwrguPA3rP61LUPptKVozpq0+rdWcFkvtK0X/FaGv81KTzd8joa/+XxBchyN+zmN54rjus10/YkKY+XHFupxTI0VfPXE7EFcK3COhstzqRIO20EHFeXbzVQEV7Z8PhgYWjnrFQEAAAAAAADA/CEABoA2cvBgXAvo6DFeGPAGgbeoKn0ta5ahXxCGrfGtnz1f6u2ektRdOlcpDGQbBbPR6t/468W9fuPUCn4bVf9W6jSLf2el4FfSWHZKz+7fp1sGBjVycKBsfFe6/PvB7uxWh2NpuV/d33vd8upwdmVvf9W50LLuDg2PT2lZd0fZ+Wdz5UdJ6nGmx+SS1CdXaxRoV4bNzVQ2AwAAAAAAAMBSRQAMAG1iaLD1VZuLRauqf0NG4KszU/4jcD66Edfb67f4zPKg1/MDWaYhyzQahsBBLi8jnSq1fi64hdK1seyUxkdHtW9gUO7keFXgW2nk4IBGJO2NufbIwGDVuYmpR9XV0aGJqSl1dXTE3FWt0Rpq2dATH9omCaajIXSP09EwaA4D5YHuXuWnK37twFdW1d9LWXeBNsMGAAAAAAAAgAYIgAGgTQwOVVb/JhOt+F1M1b+SZBpSf19nczdN7/trGUFZCByt/nU9yTINzabrclz752YrdmtVFYfBr2U2bk1spFO1r+V8ZfMFdTiW1NfXcK4elY+ZKsTvb+tOjsvu7FZXelxS41B3IpdVVzqjiVxWE7ls/bFTxXD24Gj59/Gjde9qTn9vr7o6Okrr7unrU6qjS6t6+nXY4au0trNLnaZVCn8BAAAAAAAAYCkiAAaANjE6Mtn0PYst8G2luPA3yrRqh6xz2Y9Xql3xG8491z1/Q2kFsi1TrufLsZ2yKuBMylEmtWxmbCqlXD5fdYzTG3mdzReUSTnF48oVyuYLUm9v7H2h/FRxP+owWK4MmKPCsLlvunh39bLxxGFxs8Jq5dL8I5Jd8JRJOerxl2vKK67FNhq3Hs/OR8k4AAAAAAAAALQAATAAtIn9+4abGr9Uwt/AXN70PZXVv7FjLLMUDEezvFrBbBBUV/822v+3llohcFhJHK0oDls9V60nl1dnR3wFbpA21Z2uDmn7Ors16btyMpmy9/V0q1hR3N1rlh2j8kFFkNxdf6/daPBcucpsvlc90wGyFF+N3Fd7C2JJxUrlOOFex6FUR5cyKUfdvb3qNC1ZRvn3jBvUDnkn/fgqaQAAAAAAAABYaATAANAmhofjQ6+opRL6hizTlG03sebpwK5R+CtJtt24yjMMaOM6AofhbzSsrVf5G84XBr+19v9N2k46k3ZkW/GfoSfTIS9fkJVyqq/Jqfs+/mE1jiXVgW/4fC9fqLqmOl29J31XhWxxvlw+r16pbrWyVF6lLGmmUrnyY6QcpVPFMD1lpBSkTfVkOpRKOco4M78S1Qt+S5+vBRXcAAAAAAAAADAfCIABoE0MDY3Vvb7Uwl9J8gJbmVRrf1QZ0+Ge2Tj/rWk2lb9h4BtXYRxX+dtIpxn/95lKOcrnC+robnLv5FYLw+eYELqeDklTpl1WqSyp7HWl7opj5euonkyxDXRqel2OXQx/nZgK4HqyVAADAAAAAAAAWKQIgAGgTQwOjCz0EuaF5TT3oypJ9a9UbAHtNdirdz7EtX5upvI3FFf9G+4DHA03C26h7LgkdHfKjWn9PFfpwFdXZzEYD79+tmnKMS3ZZvLwV5JGcrmWrw8AAAAAAAAAWoEAGADaxNDQ6EIvoeU6M5aspMFc4CcOf6ViBbDnNd7/N2z/XLn/b6VG7Z/rPaPZ8Det8vG2Zcqdfn5lyBu+bxT+1monPd86/JymzHTFWtIqmMUWzjkZVZ83FF6rdczmCsqkZz634/tlrZ6jwW+96l8v5u/eMi0VXF9OglbiAAAAAAAAAHAoEQADQJsYGZloOCYIvCXVCjqTTjceFGEZQVMh8FwlCW7no5LYcFJSjVA0znyEu7ZpyvX9sqOkstdJFMyO2F9GOk1Lk75XM/yVZoLwWsdo+CsVQ3DTNGXJmP4MM+FvM+2fQ27gyREBMAAAAAAAAIDFhQAYANrE8PBMAFwr5F1K4a8kWamuZAOD+OrboEbVrtPklyGu+nehwl9J6vA8qSLUbUXIa5iWrGaCZdMsO1a+liTTNOX7vhzTUsH3yo7e9LPCQDbKtXwZVrK/qA7P05RlVR0d01DBD+RMB72278uSUbPqt/K9F9T+Wni+L7fOdQAAAAAAAABYKATAANAGnn12UEHQ+j1TF1o605tsoGHWDIGjwjbNpmWqQUfnRSM/NaF0OtXyeQ2zPFwtBr/NBZpmTKWvJaMU7IbvrelnOZGjpyA2+C1b3/RfUlzA6zq27IIr17E1pZlzjiTXLB7tgitFxhk1Wj7PpvoXAAAAAAAAABYrAmAAaAMjCap/5+KFp1s671hPT591kR4ZGFT69v26f/Pulj+nUk9PwgA4ocAwZQS+bKsY+NXa/zdJ5a5lGqUq4KT7/zarZ1+fCn1jSuXyMpoMgSsD3qhmw964oLd8PqMU6DYKdqP3xLFNQ64fyNJM5W4Y6EaPkuRO7+frmEbpXBj22oYhpZziLzrhcfojh4FvkhDYnacqbgAAAAAAAACYLwTAANAGhgbHWj5nJmXr4nM8/eHLMlq2vLgX71c71+r0w9ZKp0r9B/br4HcfPiRBcEPT1b/N7P9bK9eLhr9xHX59r3iyXgvopK2f681hmYY6AkcTk44KxpicZT2lEHi27Z6bae/cKPQtzlf99U4S/kaFgW9YmRueKyTI1MOwV5Jsw5AbBKXw1w2CYgicUNjuuZlq4IzJr1EAAAAAAAAAFp+5bxgIAFhwg0OjklpX/duZSemD7/8tvfv3+0rhb6VVq1brnPe9Wn/wunNb8sw4Tqa//oDAL2v9bBmR8LZOj+d0eqrser3ANm7/31axzNpho+cH6sjPfO3zUxMKcvmGcxqmVbf6t1XCoLfePr61hGFvZfgbrbb1EsxXGf7ahlEKfWuFv5ZhlP7Eqbfvb9Sqjowcm1+jAAAAAAAAACw+/JdLAGgDoyOTLZsrk7L17ndfoPPOPb7h2CODSb31Lb+pM5+/Lva6VadStd61UFf3svoDjPI5ohXARkUFa7RN8ywLaEvVv4eKZUhdT/coNxHIyPkqDI/VDYFrBb+WgpZW/0bD38o9f2upFfqG76Nj6s5TEfBGj25MeGt7M3tjJ/0aeEFQNwg2fU8v6O1JNBcAAAAAAAAAHGoEwADQBvbvG25J9W8QeDrvvA06//wzZRYOJL7vsovPUCZVux1ukrDXsecWrla2f66sAA73/22Feq2bm1WvCliSugvpUggsSYXhMQ0NHtTI2Limcjm5kWA78L1a08yLpHv+RkPeuGNlBbDrB5qKCWujlb7RsDd8HVf161oz/7vwZ1EZ7SlQ4Pul76fA93VG/3J1O5mm5wIAAAAAAACAQ4HN6wCgDQwPj7dsrlf/9ovU1WXLr9hWeFfmqKqxy7o7JEknHXeE+np7lR0YklQe+NYKf73p4NKxAxVcQwW3Orzr7+uc1Weop+BJKctQo87OCTsBl1UWz5fuQlp6Wpo4MvxLySs3kEt0b7qr+uva0ZEqvbZSTul1KvLasYuvw/2GbdMsVQZH2z4nCYGjFb5h4BtX9VuvAjga+lZW+obBb6N9f+0mqqBr2dDTrZN6emn/DAAAAAAAAGDRIgAGgDYwNDTWeFADQeDp2CM6dMpphzd97/KecXWlZ0Joz/NlWWbpKFUHwZ7nl8JfaSYIjp6zUqsSr8EyglIVcL39fyXJdhpXghpG8hB4rizTaFhV3F1Iq+OJtKZSOQ2lx5ReXTw/UagfBA/scVu1zCodnfG/RnQ51ftGVwbRtULoUM6oHbCmA790PZMuvzdskN05Xe3rOnZVKOwFQc09gCvHhYZHRnTyylU6v38F4S8AAAAAAACARY0AGADawODASEvmOfeCjcUXtq1O5zFlm7j3sOWeduwuP9eo9XM08A1D32glcGckJIzVopbOC8nzA1mmkSgEtozpIDiflsakqVROXUq2F+2UUag+l2r8NzyWnqg952R1uNzRaWtgZKLs/dSkK7XmWzR+HcFgonEdjqVUR5ckKTMdOqdTKaWMme+zjorvuf3DQ9q9a6d++3ln6ty+ZYS/AAAAAAAAABY9AmAAWOJGRic0NDQ6pzmCwJOU1eknrS2ecF25U7WDv0YaBb9h+2fLMlVwy1tBzxxN2fbc9zWWpts0RypKG+27Kx3a6t+m75m+pbtQXmnrBcVrXszaO1Rdlatcd/E+X7LM4rHSGq1MvK58JidVfiuOlofP+yemYu8dTQ+pN7dco+mhxM+bUQx1U5n637PZrKexkT0NZ5vIFYPxianiWv/mst/VBScfN4t1AQAAAAAAAMChRwAMAChxUg0qbiv0OB2l1/uGLEle8mfZgQquX7MCOJ1ubi31mJZZtlevaTUfus6nZqqAy+4LZsLg6OtmhXl9vdw+yVbHqWxMyCwpFQmf9+2If0iPuuQFnnqMI8vO+0Hj76nAG9bE+LCOP+tkvfp1a0rnB0fqB8LPjh2se/3wnn6dvu5w9fV2NVwDAAAAAAAAACwWBMAAsMRNTjTTqLm+sfExyS7+aPAmx+uOjbbN3bHL1eCoo5kdWBurDHwrK4AzqUyTqy+K2/83Gv7W2/7XbyJ8baXZVAFLtcPfWlXAcxGGw0mC4FomJurfbBozfzl+4JW9T+rktZE9rNc2fTsAAAAAAAAALHlsZAcAS9zIcPOtmmu1aH58x6DkusU/FbZ4G2rO9+SeQU1Ot8tt1P455NhB2bEyEE51JNvbNuQFyUNU05zfH3/mLALdsPI3DIObCYXjKn8tY+Z8KwueLbN+pXArhOFvNAROEgYv7+ub34UBAAAAAAAAwBJAAAwAbWCkQavbqHoB7Q9vuEsTE8XwNxivXwEcde1/Pa6C6ycOf4t7/1ZXAEePkjTPOe28ayYIjga+YSvo2VYGx87f4q7X8xkCR8PfsAV0klbQAAAAAAAAAAACYABY8oYGxyTNBLuWZZYFseH7uPMhw7AkZTQ6OaVf/vL+2DbKtXztP27Tnj1Pz2rtYdgbFwinM71qYhlNMQ7BFsCzqQKWyiuBm9kPuJb53O64mWrgpOOiQe9s20ADAAAAAAAAwHMZATAAtJG44Dfp+ND3vnWHntj6VMNn5YO8bvnGHfqvb92T6Flxz/YDqyy4rreuhvMZgSyjcWBqNjG3nyCBbma+JFpZ9Vs19yEIvmtJundwZeBL5S8AAAAAAAAANIcAGACWuMGh0TndH4atYRXwE88c1If+9lvasTNb855cPq/HvvxTffe7m2b1TK9GGhgGyabhqaent7k5A6OpfYAXs8r9gFttPtpBR//MRRj4moZF9S8AAAAAAAAAzIK90AsAAMzN6MikJsan5jSHZZnyPF+GYSkIiq2g3/WZKf3OBd069yRHkrT7qAntmZjU7qGnNXjNUxqfyM6q8jd8Xj1+MPvgzzDNui2sbcuQlKy1smmaiaqA689hyG+ylXPlfsCSWtIOWjo0VcCWWaz4DY9JVe7726wV/elZ3QcAAAAAAAAA7YQAGADaQMH1ZxXExglDYEm6/o5x3Xy3o7RjS7pV2YKhfKEYFLfqebU4mf5Z3Zdk/+Lo/rz1wtm5hr+LWWUQ7LUgX46GvtFjeK2RsOK3VuVvrT2BfWuZurpnvWwAAAAAAAAAaCsEwACwxI2PTbUkjA3nCCuBi7qUd6W8OzPGtue/La9pTLcBjnys+cpik1bo+jUSUj9BshkGzs1WAkdZptGyKuDY+SOB8GzD4PDbsPJY+boZqZSlfN5TKmVJiv/ey+bYJxgAAAAAAAAAQgTAALDETU7mWjpfZZjsea2rLk7KDyx1dS+b1b2NWkA3I0kLaNMyE4XAxflmguC5toY+FGFwK6qCQ5VfomKgq0i4W1u96+l0SpKUzc3u+wUAAAAAAAAA2g0BMAAsccPD4/M6/6EOfyXJTLJPbVCeKFpGIC9ItsGtmegBFfdYRs0q4IXQ6r2BY5/RwiA4/DaqDH4bhb+hdDqlXC5fCnwrZdIprVjRNfeFAgAAAAAAAMASRwAMAEvc0NDYQi+h5SwzQehsmFUhsNR4D+B0ekpS5yxXFq+ZKuCqe2dRCSwVg1/LNOa9NbRUvV9wKyQJfivD3vB9dRvyYjgMAAAAAAAAACAABoAlb3BgZKGX0HKmaaq/b3YhbZIW0KYZv6dwZRjbqP3zXETbQM+1HXQYAh+KMDjpmpKqVdFbKW7vacuK/hqTbB4AAAAAAAAAaHcEwACARcE0vNJrx+mYt+f4fpekxiGpYSTbA3g2oi2oZ1sBXCkMX+NC2LhQOBoat0KjttqmZUryEgW+cWGvVBn4hmNNhb/OdMzftw0AAAAAAAAALBkEwACwxA0Njc7LvKaZ+v/Zu9sYSfL7sO+/quqentmd2b29I488HklLFMXjiZFFWaIkC0qkQHQERLIjCwkSw0ZsIwqQALZgA3mRJ8AOEhtxEtgGkryJEyR2jNhxggQBrBcCbMe0YzgkJVGWbB/F0BKlu+PxHnZud2d2nrqrKi96qru6pvppHnZ3aj4fYNDd1dVVNXOL3cN+9/evKIqTuY9XpSiz1ZaAbln+eRX93uO47CWgIy6+DHRETELwZUXhyrzIu278nRd56997uuCe0b3e7Yg4aNk+fznoZvTtZxFlMj1HlkZELQIDAAAAANx0/rYU4Jp7+PDxpR6vCrxV5J33uG4ITpOIeU1z/F4WaZKPv9Ll94dtkyVl5OX8qFkm6cL72V5mdD2PKvw+zeuox+hFU73N0NsWftsC86LYG7FoynesjHH0TWr/SKC3wr8XAAAAAAC4KQRggGvu6OD4Uo/XDLxperpkb3kSRTneHuXJzH5RnkQkp/vPaYZFGXPfi5hdAjrL0ijT5y/l+6lLymLh1Ouqk7fz7rVbRdDzTgJX17CK+rTwRVUTvPWIu26Db/u5po3a3ozEbbE3Ys6Ub8xG3+qc1f2cR+tdLgAAAABAZwnAANfYw0ePY3iB2Fh3JviebptINqYBt/789HWU8+PvurKN23FnezawVqHvoi4jmEa0R+BmRL1KF/0+VpngbTMvoDdjb8T4Hsqzn10t+lZTvhFno291DfXNaTo7JQwAAAAAcJMJwADX2Ftv3j/X59qWY27G37Ul00nhKgg3z7lYNXKaz91jJgIn6dz7ACdpGuWcWrwsdK46BbxoAnjZeapQXH9c5qrDchW01wm8k/fSNIqiOBN8IyKSpD1WN6d8F0Xf6pqah8/SiDLpRZGPIkuTeOGFzbnXCAAAAABwUwjAANfY7v29c32uKCO2b23FJ7/rR+MDL34qBoNp+G27R+ui+7I+fnwYv/bLPx9vvP7Pxm+0xN8rMSf+jt+afa8eWRctAR0xex/gZMGu9eM0Y/C8WFsF3+r95uOT1PZzmITWRTdKPtWMvfXX86JvxPTXTfUTWzbpOz52c/v4sUx6p9fbC4tAAwAAAACMCcAA19j93UcL329O+lav0yTik9/1o/Hqd30uNjbWvNlrjANcr5dGv5/Ghz58Kx68/z3TAHxu1eTv6fUkt+bvuiD+XlRzAriabo0Yh9Ein429Vfydd1/gmWPXQm/bctGXvYT0stg9va4V95sz4Tt9v3HP39bI3Pj8itO+9c9W4befjf+7DPP0NAIDAAAAAOBvSwGusW++MV4Cuupsbf2x/l71flFG3N5+LrY2sxgMVgvA9TCapkn0Tv8EOTwYnt35XFPA0+sYbN6J3qIouWD552Xa71XbjL7zl4FuRuBm+G0upVw9rz+Oj3O2cKZZunK0XcdFAm9dNdlbFGVr3G3fNn3e66WRpGd/rqtO+lafrMJvRETSy6IfeQxz9wAGAAAAAIgQgAGutW9+c/YewG339o1oTgHncTIs4uuv/f34+Mdejl7v7uS9LEsiP42b9eeVPC8jy8YB8ORk/Prtdx/H67/5j86cM0vTyOfch3cV8yZhq0hYzLlVcJaUEVkSo/zsssxFXkS25oTtOHpOp4DHxzobgeuPrde15B67l2HV0DvzmQXRt5ruXTTZuyz6ti3tXFln2jcpR5PloyfHPl2uPOllEfny+zYDAAAAANwEAjDANba7uxfN/javL6bJuJieDIuIOIo33/xq/K9/9b+ID7748Rhs3jnX+Y+PHsW7777b+l5e9iJLR+eKwDs757ueul5LBI6YBstJSC6m2+dNASdJRJalkeezETgiziwJHTEbguc9X9V5ou7M51cIvNN9559rWeidHLO2se1wy6Z9I8bR9+y0b+0ewy33qY6I2Nm+urgOAAAAAHBdCMAA19j99x4u3Wd8z99x/E1iGBHTJZtPhgfx5ptfPX21GYN+HsfD5UtCJ8l4n34vHS/3vMBFJ4HnqSZ61/7cmWnW1SLw/Os4e1/gRe+3vb5szejbDL3T/eYv51y9P/8cteM3znfmHyWk7c8jzt4TuHl/38k55kTfysZA/AUAAAAAiBCAAa613d1HFz7GoN+P4+Fwpfhbhd/JMspL4m9ejv+YydLRdNsKMbi/eW/h+0VezF0iuq5tCnjJbW4X3//39MNF43uoR9wiL89E3WWvz2ud6d7pZ9Zbznl238Y5lkz7zobfJLKsPg09fa+KvhFnw2/E4vjbS8oYleIvAAAAAEBFAAa4xt5+a3fpPs0wN+j3Z16Po28Wx8Nx4O33ZuNnUZ6Nb2kSc+NvPytimM+WwkkITkYrTwRnacS8Ad8q/laPiyaBmxE4y9Ioyoiyfk/fBctBV1G0KMpJVG0uBz17bVe3ZHPE/LDbfqz1lnSevtdy3iWxt+2zbedo3ts34nzRd3pdETHnftAAAAAAADeRAAxwTT189HjFpZXb61gZ4xC8cdqDq9C7ZMXjSNP28DvYiDg+iTPxtwrCWTKdAs5OK2H79edxe/u50/3mR+CZa1qyHHTbJHCSpjMR+Mwxa+G3el2fDM6yNMry7DRw+7HSKIpiadydXNs5GvLy6d31pnsjli/tPO9zzXMlaUR5+mNqC7/DPG2NwG3OxN8wBQwAAAAAUCcAA1xTB4/WgcnGAAAgAElEQVSP1to/S/uRpoOlSydnaRZ5kUeWZrVtpxO39W0tx7m9NX0+HA5j72BYi3vpmVjaPg28/B7EbVaZBk6zdBwsi3HorgJnFYKbk8Djbe3TwBHjUFv9HMpGOG9G3Laf1zqWBdxV95vXoFed8G07RlvwnR7r9GeWju813BZ6+1kRSS+LcpS3Tv7Wo2/z+JPXecStrYv9jAEAAAAAukAABrimHj54vHSfwWAjfuqnfmf8xOe/P+7e21q4b3Fr8f18z+PkfhG//JUvx1/7X3413n/waDIJW9cWge/dvVV7f/aY8/ruKvcF7tWWZ66aZdvEc5rOj8DV64iY2Xaeqd1FLiv4jvdp377KhO+8z7edtxlm0yRpfX7mc6fRd1n8bR4/IiLJsihza0ADAAAAAFQEYIBravf+3tJ9vvOVF+Jf/5kfilt3tiJ6p7/lj06XYu5d4h8Bo9Hs6+rYH07jhz7/g/GLv/hb8Yu/tD95u23Z5FXvDTxP/b7A86aA+/2zBTFNIorGJHDE8gg8b9vc62tZUvo8Vg/DZ7c1g2/E6vfzXXT+tonfMwcoivaAu869fpufzbLp4yprhQMAAAAA3AACMMA1dX/30YJ3xxORd7c3Y2t7MBt7LzP8rnjMD7/0QhT563MndKslpqvHnTv35h6rfoh5za8tAveyJHq9NCLKs3G3mgZesiR0PX6eN+Re9F69s/vOvm4LvDP7rxl7513PoknfmFlKehpwqx/3ouBbWRZ+I6bxt7KxYflnAAAAAIAIARigY6ZL4SYxjK985VvxD/6ffxw//LtfjbTff+JXU4zy+PVf/Hr8/S/8xhM/d1sE3uo/johb7R+oSdL0zDRwxPKJ4JWu65yTv/XraFoUfttOVwXwdaLv9Fz1Y58Nv2my2s9klfv9rhp/K5tb57t/NAAAAABAlwjAANfUo4cHjS2z8Tci4sGjd+LP/Zf/Vwz6Px+ffPVjKx/77vbmZVxi/H9fexj7jw9jOBxfz7ylmZt6vdsXOu+8+wHXtzWngCMW3xe4zbIIfJHYO/78/PfWjb6rHPtc4ff0YEvDbzqevp4c75zxFwAAAACAxQRggGvqnbcftG5PYhjHp8E1IuJ4OH79y7/0tRg8gSngQb8Xx8NRlNGPLO1Hr7/eHzW9fq/1Xr1t5i0HXb8fcMQ0PGeNwNk22RtxGlCzNIry7H2BK23LQq9jyWrNExdZ1nnRec4de2sHnkbf9vhb/+9T5OPXw3x2n14jHC8Kv/Mmfyv9nmoMAAAAACAAA1xTDx7s117lc/erPIn4GxEz8TdNzy7DvMzmxnrTx3kxDotZOv+ewJVevz0gtk0DV5LGfYHrn4mY/7m2c6xjXvg973Tv9L0LhN+ZZZ7nT/zOudXzjGb4bZ7/zHtL4i8AAAAAAGMCMEAnZFGPwE8q9taVMT1nlp7//BtbO2vtX4+N1fMzIThJI8oisiyZBNDm0s2LloSuDp63FObz3Jd37jmW7btiRF418p69lmXTvueLvmmWTH55rht+szSiSMRfAAAAAIBVCcAA19DDR49jd3dv6X7HwywG/TzK6EcSw5lIe5k2+2UcDWfDb7ruyOupweadc1/HvGngNB0vQbxsueZlU73Z6bLQEWcngqvPDT4YUd6K6N262P1/z6MX5/uZb+6mcfC4ZYp8SfhdZdI3zc7/c1gn/qbl8il4AAAAAICbQAAG6Jh65N3oR5SRXij+Zmk/8mLY3BrTieMshnk6EwPPG38vqj4B3LYkdP3ewvMmgcfvxel7Z8+RJhFF2b409MHL+7H/4V7cG2ZRbFzgG1lTdiuN/KCIkwVLgVf71F8P0iw2kiS2P1TGnUjjW784fn8abedP/Faqn3VTW/gdx9zxNS6a+o1YLS7X/xtv7TzBHzgAAAAAwDNMAAa4pu6/93DlfWfj73SiMlsx1LYv6Xz+yFsPxMVpQE3TNIqiiJ2d6QRwr5fGaLTePYQjpmGwuSR0mk5Wg65dy/IQPH6/tr2xNHT9o/eGT3654nrYXXWf/KCIgygitvsRMf6GBptpDIeLo28zzDZfL5r4Tcs8yhXD7rzJ37bzr3mbaQAAAACAThOAAa6hg8dHETEOuPmkTM5O5c4z+5mIvChWDsGrWHf6t75/mqbR37w3eX2e+Ftpux9w1lsQJ9OkNQJP35+/NHQVhO++MBifZ6Mf/dP/FsMF/y2eBQf7wxhGHv3tzehl8wPwsonciyz1XD9HkWQx77/6KlPBAAAAAAA3nQAM0Cnj2FgF3Xlxt77tacbfedomf6ttvd74HKvG4WpCNK3Vw+byw+VkQngaMZdNBE/3mz7vDzcju30SUVuKub9gWeardnRSxOZGOvO8/ljJI+Jo9yDSoh+D2rT4k4i+q5xn1X0AAAAAABCAAa6lhw8ex+7uo4iYjb31183nV+Wy7/d7e/u5iIiZ0FuPv+edCl4UEJvLQkcsXhp6dr/ai9+OOP5AFr1bWQz7R+e6zstWD73V8/q2h/ePIyLi3sl2DE7G8fcyY2u24v2E5y35DAAAAADAegRggI54ErG36bLjb1EUce/urZltVQhubmsG4VXjcJqcht1yNki2ReCI5UtD1+WjMpJvpVGmEb3YPDNpvK781uVPD5e3IpKD6et70Y/+YW/lad5V98uyJPJ8+c+tis1pma9839829+4YEQYAAAAAiBCAAa6thw8fX+nx0zSN4nSq+LJD76Jz1tWXfK4/tk0FL4q/WTr+XBV/I9pDcD3Y1mNwfWnoyqIoXL2XxnSKuArJbcdqnnty3QfZ5FrzvKxN0y62MNKeNM6RRtRWfV7vWEs0rzdNk8iLciborhp9yzyPJDMlDAAAAACwjAAMcA3t3t+Lo4PjSz3mk4q8y+zcuTd53jb9W21fdI/gthg8L56mSXJmGjhiGmTbpoIj2peInhd3q+3191eZDq4H62Xxd91Qu8pU7drHzBaH6mLF+FtXhV/xFwAAAABgNQIwwA20auxdeb8sjSI/3715m8dZRX0yeN5769wreN6y0BHtoXbZdPC8z61zLXPfv4LQe+FzZKuH6qXHalxvFX5NAAMAAAAArEYABriG7u8+Wnnfq5zsrcLvuvG3Hozr0Xejt2At4poq/laxd970b/111ksiYvE9aZvxtS0IR5w/7q5yzsuSpRHrNvnzTvyuqpr4XXS/30oVfKvHNE0W/tfb3Hw2JtgBAAAAAJ42f1sKcA198437K+33JJZ1bpvarbalWTr5qr9uPq/0+6sF4CrqNkNw/f1mDO4n698z+SribHXMNElWOn4VZdMsubJlns917NP915n4ra5nlaWfq2nfyQTwZVZ3AAAAAIAOMwEMcA0dHBxHmqZRFGdHPJ/UvXznTfHW31/0uk22cTt6vdtL92su/1yfAK6/NzMBnE5DarHG1GpbpG2bDG67l/C8wLso/LaF2GVxdt1lnteNvTPnOsdnl/2SPM8y1QAAAAAAtBOAAa6hBw/2I+LJxd5KW9S9jHv/XobmNHBzKrg+5bpuBG5aep/ec0wOP+l7+xZ5udY56+E3z8tzheBlv1Sayz4DAAAAALA+ARjgGtrd3Xti51o2ubvKZO+qBpt3LnyMKvrWH0ej4kwsb8bQy7Bq+K0C9HkmcS9r2nfpVPHp/X3bwu+q8XfRv09o+z6ayz6v49YtY8QAAAAAABHuAQxwLd1/7+HTvoQr0+9P/2g6z31mK9XSz/X7AM/TvA/uRZZIXuU865wjS2e/znOu8wTuevzNTz+/TvhddTi9zPOZx6R8NibKAQAAAACuKxPAANfQ7u6jKzv2ZU70riNLz059VuGxHiDzFWNmcwJ4VZcZf897rCwdL5d80f8U1ZTx2stLN/ZfJ8DPC79FnkeWpmeWgW5O/ZaJf5sGAAAAAHARAjDANfTw4eMLfb6KvEVePLXg25QXeezsjJeArk+e1pciPk8IruwfDeLFdPl9aCtXNQXcpu0/wbrTvutsb72GK/5+q8He+vfVvOdvUhYCMAAAAADABflbVoBr5uGjxzEa5uf+fD34Pivxt66a3I2YXQJ60ZLEq8TLg8ejGA7LC0/VXqZ1l3Wuay5bfa7zN35+60b1dew/nl7nZLln078AAAAAAJfO37QCXDMHj4+iWHGMNc3Sma8npW0551X272/em79PLVY2g++ye9RWUfmbb58eI22/t+5V/ojmnXMdlxV96z/D+s9s3Sng6l6/9a82RRFxcDJddGQSfBv3/72I7e31fs0BAAAAAHSVAAxwzTx8sNryz23B9zwRuIqzWZpNvuqv2/bPi9WCXvX5Rfs37wPcFnvbJljbYube3ige7bWfqx6B6z+mec+XmXe8p6Et9l7ltG/T/fvDyfPJ9G9ZRJomk0cAAAAAAC6HewADXDO79/cWvn9Zk771uNsMvfMmfM8ThM8cuxFum/GyeX/geVOrzcDZ66UxGhXxzW8lEZHHnZ3FE6PZ6f2C82L6vPle2+vzBuOmy7wHcf1nsezntop5k75t9h+X8XCvF3F6umr6t87SzwAAAAAAl0cABrhm7u8+ioiLh94Xn1u2jPTs+w/2B5EX7Z9ZFohXXRL69vZzS/eZFzAXBc0qgFYR+LffiHjxheO4+1x/sjx024+zGXOrGNy2/0W7+2UF3+b9ktveP491om/l+KiId95No0ySKPM8kiyLpBz/GhJ9AQAAAACuhgAMcM08enhw4WN89yeG8W9+vh/P78yPgbt7sxO0u4+O429+KY9/+o3Nme3r3u93nmzFwrgs9NYDaD0W1yNwRMQ79yN2H0ZsbU23DfqrLV29sXE2hNdXMR7fD3e6IUkj0mT2uqvgW4Xj4vT6zhuC69/jRaZ726wbf4siYn9/FO/t9iIvx8s8J2kSUa5272oAAAAAAM5PAAa4Zt55+8GFpn+zNIuf+oEiPvE7Nhfu99zz0+fJ9nZ8R0R88uX78R/8D8O4/6h/7vPPk6ZZ3Lt760LHmLdcdPN5npeT6Ht4WEQ17bx4ce268wTW5j1359+Dt7rWKiIntfsIp2kyE5eb0boep9MkotebHiM9XX45Tcrp8Vp+VueZ9q3sPy7jnXeTOMn7k3OUSTqZ/L0qW7dMFAMAAAAARAjAANfOgwf7l3KcZHv7Uo5zHV3WhGx9qeVFyy6fV1GcRuIiYpp5Z8Px2XnwRSG0LcLOHq8enSNml7auh+f688poND5+kqWTzzXDr6WfAQAAAACulgAMcM3s7q4+p1pX5KdxrjiIL301i+//7sUhuRmIy/39+H9/9TDuP7odEeMlm+fdE/i6a4u5bdvmTRhfRFtYXSZJz66ufBmdtTloPgnSjeeTbUk285n6/X6vegIYAAAAAIAxARjgmrn/3sO1P1PF3yw5ioiIv/PLefydX96Nf+6T/XjxzmyY+8QHq7D3YGb7b7ybxN/91duT15cdf7MLLGt92dpi7tMMvBHLg+6qwfcyfsxFkrUeq1cWk4HiMknPTPua/gUAAAAAuHoCMEDHNePv8XAUg/74t/9//PXhmf3/zpzjpL2dmddXMQG8c+fe+FxpEkVRTmJp27TpdXTe6d6LyNKI018ClxJ/kyyL7PR5meeRZNn0ccHFir8AAAAAAE+GAAxwjTx89Djy4cViaBV/qxBcD8LzlOmtyfMq/OZFcSkROEvHYbDXmw2Ey+43G/Fsh+FmxF7HVbTSi8bfNE3ORNw0TcZrT2fZZNvhUREH+8N4vDuIiIi7H8pjY5DE1ubVBuCd7cu9/zIAAAAAwHUlAANcIwePj9b+TJqlkynguir6rhJ/szRrDb/njb9V9G26fTtdK5g2922bGq5CbP0zVxGO26571e/lqoPvReJv/Xuo39O3esyLiCgj9vfyeOcbWRwfZBExDcKP7p/+OrtVxovflsf2TnYpk8gAAAAAALQTgAGukYcPHsfDvb21P1ct/xwRMcw3op+dtO6Xl5sRMY7Gk8+m45jXDL/V82VTwPNib1OZbkVR3F6+4wLzpoYXhdjzBOF6ZF53wjdJx0Ozz+KUb1P1vZVJOom/EeMQXMXfk5Mi3vj1NI4PFv8vxfFBEm+81oud58v44MeLS5sIbvm3DQAAAAAAN5oADHANVVG2TV7kZ7aV6a3JFHCaTkNvxGzsbSa5+nnqwXd8nmLyuGrkXaa5DPRVaUbb8yzTvOxziwLvZcXfq5qkbX5f9fgbETEq04iyHn9X+/mVZcSj+0kcH6bxie++nOuv3+MYAAAAAICzf9cPwDNs9/7y6d8q2jYjcZqlrV/zjtGMv/XH6nn1dVn6/W78sXQV072VLJ1+XbY0TVaO4cUwj3d/e/X4W3d8kMSbX7+ccFsd49ZWN37tAAAAAABclL8tBbhmHj9qX775ouaF4ydlsHnnqZz3slTR9zos7XxRZZ7HW7+VxaP755ucjhhPAu/vnZ1WBwAAAADgYiwBDXCN3N99FEXLEs9NWZpFXuS1+/fmK4XdtqnfJ2Vn587a8bS+MnH9s2332C3XnDat7tXbPPayz5xHtYzxotB7mRH4IvcwHpVpnBwP4/jw4v9Q4OHbWWzvXPx7K3MhGQAAAACg8ozNFAFwWZrxt7o3cNs9gmc/9+T/aEgvOHW8SnhN0vW+Vj3uRdSXcn4aU77nib9lnsfhUREnh+ef/q0cH47vIwwAAAAAwOUxAQxwjTx6eBB5sV4way7tPG8SOEvTybGfRARO0yyKIp889jfvzd23PtFbf9429ds2/XsRFz1WNd1bPX9S1o2785SnP4C8iEjLPEZFxOPdQZTlxY99fJDEyXEZW5sXO84wv5zvFQAAAACgC0wAA1wj+3uHFz5GM+5Wr/OiuLLwW0341h+rpayrCHx7+7nGdbUvwZykZ9+vb7/qqd1V1Cd7215fN0ntB10Ul1B+AQAAAAC4Mtf4r6MBbp6Dg+MLH6Meequp3yxNrzT+NmNvtb36ar/Occyth956RM2LiF5v/F61TzMKL1Pfd917BDeDbn0p5yc98ZumyZmvy1DWanpa5pEXEXkuAAMAAAAAPMsEYIBr5MGD/bX2r4fe6rFt20W1Rd162F0WeyMi7t29dXo9MXmsYmqvccOC+ntJ47G+77L769b3rZ43J3ebqm31yFtdy5O4n+9Vxd5KmaSTr6a27ytJxl/N1/XtzcdVZUm58LFy7/n+egcGAAAAAOgwARig4+r39r0KzeWd295bRxVS82L2efOxLbg2Q2zzmM3982J2n/pjc5K3GXrrx6ufs3mcy3TZsbdSj73JklHoLEsiNvfXjrl11WcHt8rYGJw9UBV48zKZeaw0XwMAAAAAMNVbvgsA1828+/xeRH0p5+r1Zdq5c681qNY1A++8/dr2re/ffGzTdp5l26rz1h8v4qqCb8Q4+iZlMYm/1WNSFjMRuG0SeLCRxvFWGSeH0+ubF4QXTQEPtiI2NqbHz5JyEnfrEbi+vb5flpSRhxgMAAAAAFBnAhjgGnnuue2Z123LOF/FvXxXvW/vRdy+Xf8eZidpm9O4i57Pe785MbxoarftOPXHedu6orkMdJmkkxidpklsbGQx2LrYOZIk4u6H8unPcc7yzvX4O+8RAAAAAICpDv61NUB3vfih5+ZO99bv73sZriLytsmyNLIsjX7/zuz2Ocs7tz2PmH8P3rYwvGjyt/mZp+Uqp38rbUs/t0381iXpeAK4t30QG1vlwn3nnreM2NgqY3tn+a+xatK3+oqImecAAAAAAMyyBDTANfLt3/7h2NoaxOHh8aUed17svYwInJ1W1DwvJs+ber00st7y4Nk2gTvvdWXevYLbPrvo+FfpScTe+nmKojyzxPJ4beazUbU+ZTv+fBn9fhpbm1mM7u1HxPbMUtCrGNwq4xPfHWemf9vU36tfi+lfAAAAAIB2JoABrpFv/44PxwsfuHupx7yKSd9qqrcefOfF34iIMt26suDaxSWan6S2ONvrRdzayuL2VhaDe/trTQJvbJXx4rfl5/rv0jb5W+b5nL0BAAAAAG4mE8AA18hLL70Qn/7Mx+KN19+50HEuM/ouCrurGmzeWb7TMyZNkyiK9vBZf69turcoyic29bvs3KsspZwlZeSRRlIWk+8t6yWxvd0frwkdq00C7zxfxgc/XsTGRnbhJZyrzw9Pl/Xe3HoyS5YDAAAAADzrBGCAa+YP/MF/Mf7BF/7xuZeBvsxlnSuLlnfuqnnxt7Io8D7J+FsF2+qc5z13tUx0XiaRpkVElBG9JLZvZ9HvRRxuHMTxSRFxtB3Hh7OfHWxF3H7+OG5t92Nr83J/nYzKJA4PRpd6TAAAAACA60wABrhmPv3qx+Mn/5Ufiv/9r39h7c9eNP7WI289+l40/u7sPDsTwPVgWn9c9pmIpzvZ29S8jsu6tiwpoyin9wPONpLIer0YDLLI8zJGo+MYnvbYXr8X/ayILEuiNxhELymijNWmjld1clzGB56/Wf/4AAAAAABgEQEY4Br6N/7gj8WXv/TV+K3feHvhfpcZfCtV+L2sid9eb/5xlsXXebG27TEi1no+L/4+K5O965z/sq+rebw0Hd9rOS+S2BjM/vfM0jTSNIkyiSgjvdT4WxRlHB8P4/Zt/zsDAAAAAFAxMgNwDb300gvxx37up2Nra3DmvTTNJl8XUQXePC9mHi97qefRqIj+5r2ZbWmaLIyZbe8vi8D1ferP6/u0ReP6+Z5W4F3lZ/E0rq1Mpr8W0jSJfu/sV5JlUSbj8HuZ8Tci4uioiNGoiDt3+9Ff8A8JAAAAAABuEn9bCnBN/fCPfCb+57/x708i8EWjbzXV25zuvaxlniPG075tXxGLw27zvSrizpvirT8um/Rtht7655ct/fwktQXppy1LyjP/fZpfVxF+K/v7wzg+PomPfnTzSo4PAAAAAHAdCcAA19hLL70Q/81/98fjd/3Ap859jHrwbU77Pim3t59bed9m6G2b7q2H2+Y+zWMs8iQj66KI+jSu51k3GhXxaP84BrfS+NAHLzbtDgAAAADQJQIwwDX36Vc/Hv/Zf/5H48/9+Z+Nz37/d6z0mbZJ32p7/fEyNCd9m0ajIu7dvTV53RZx66+bobctkLZNES96fR4XPcbTXr75utvbG8X77+/HT3z+A7Gz03/alwMAAAAA8MzoPe0LAODi7t65HT/8I5+JH/6Rz8Rbb92PX/zy1+LrX/tmPHiwH7u7exERcf+9h5EPly/Fe/+9h2e2jUbrTwTPC77L9lsl4s7b56rUo3OlOVU8b9ui7ZxPUZTx22/sxgsfTOMHP7f69DgAAAAAwE0gAAN0zEsvvRC/9/f97rnvP3z0OCIiDh4fjV8/eDx5b/f+3uT5/d1HERHx6OFBRETs7x2OP3dwHBERDx7sjz+zO/3MO289mH6+JSQ/Kf30IIbFreU7rqAt/s4LuetuZ31FUca3vrUbhwfvxL/6b3/7074cAAAAAIBnjgAMcMPcvXN75vGll1640vM9fPQ4Dh4fxcMHjyeB+f7uo3j08CD29w7j4OA4vuOVT0WWjf9Iev/ReNr4+PGwNb6uYlH8rd8HuP66nx7G8Whzck733n027e09iNde+yfxyqc/FD/y6ief9uUAAAAAADxzBGAArtTdO7fj7p3b5wrNw1ERR4d5REQcHE6Xod7bH8fbw4Pptv39fPL8oLZ9952HkWVpVB05P13OOi+mfwQeD7MYFluRprP3Fa6eN4MwT15eJnG4vxuvffX1eOXTH4qf+7nve9qXBAAAAADwTBKAAXhm9Xtp9HfG9wje2Zlu/9CLyz87PA29D999GO+99e5ke5n1J8+PDtv/GNw/mN1+eHw7hsMiirKMsogYjcooyoiTk/G1HQ+zlb6feQb9/MLH6LrD/d344pd+LV759IfiZ/+tz0wm2AEAAAAAmCUAA9BJ/d44zvb6g9jYqL8znDzb2ClmPpOdTvne2TmZPB87PHuCJJ15med5nIzG2+phuT0ml1GUZeSjMooioigjNjbG11JF5XmOh9mNCsbVPX+rZZ9/7ue+T/wFAAAAAFhAAAag08rbO8t3WlUyP85mWRZbp012azBdjvrec3ljz+PJszyffa8KyBGrTydPth/ejtHpktm37uzE5mYaR0fTwF3dW3l4OJr7PayiGZ+vMkbv770fb755P27v5PHv/Eff656/AAAAAAArEIAB6LTt/ma837K9TKbRMmvc37d6nRdlZFkWeZ6f2acpz/PIsrMhtLm9/rq5/0ZMg/DGzknree7UtifleP+Tk4gPPrcXERHffP2t+Mz3/3g8/3y/9fOVo8N8cl/l5j2Vq/spHxwUk4hcBeTjxjD0VcTf45MivvEbvxG3d/L4qT/ykfjB7/zEZKIbAAAAAIDFBGAAOq3fS2NzezuO9vdb318UdrM0iSiLcagtT6dpy6J1EriKuc3g29zeFoOrSeDmvlV4zovyzPmq+BsRkyWuT04itjY3Y3j8XvR7L8/9viIi+jvp5L7Kq9xTuW54OmkcEWcicsTZkBwxjsmV+mRy3aNHw9gYDOOjH70dP/p7PxGvfuSl9S4MAAAAAAABGIDu2xgMzgTgpMwjzVb8Y7CcBsvxVPD8XdumgOdtb5sEbkbhtvgbMZ1grofgyrtvvxsf/djiAHwR/V4a/Z1xBD9PRB6O2gPw7JTvc+e8OgAAAACAm00ABqDzev3B3PeKfLRaCD6d+p0XeC+qOSE8OU9ZzI3ASZlHmWSTCLyxETHY2ryS67tMlnMGAAAAALg6/gYWgM4rb+/MfW/lKeAr1gzL1QRwxPxlquv3Ma57/8Hu5V0YAAAAAADXigAMQOdt9vqxub09s60Kv0U+Wn6Alnv+XpUz9wMuyun08YL7FVeywWaU0b7EMgAAAAAA3ScAA3AjVeF37gRwkk6/5khOg2ySJmeet21re97UnATOsiyiLGbibzME1yeBB/0kDnaHc++zCwAAAABAtwnAAHReL8liYzD/PsDnVRZlJGkSZeMevdXr6v3mvrKu87EAACAASURBVPXni2LwRC1EV/F30TTw7UEZozKf+z4AAAAAAN0lAAPQef1eGr3+GgF4ztRvPdK2TfLWH8uijLSXnflskiaR9rKZ9+cdZ9l1ZWkyCcHVFPDGxvi9+996Z4VvFAAAAACArhGAAWAFbUs4R8SZ6d/xPulpBC4mr+vvlUUx8/4q56ntsPSexFubm/Hu2+8u/6YAAAAAAOgcARiAG6G8vbN8p5a4OjfE1t6fPh9/thl+66G3/rwZhpcdf5lqCniwtbnyZwAAAAAA6Jbe074AAHgSNnv9mddptvyPwHXia0S0TvTOHm8ahKeTwLPb2o7TOnFcC9VZOt4/L8pJBH7/we5a1w4AAAAAQDeYAAbgRuglWWxub8/fIalP4y6e+p39WDrzWD2vB97qa9ln6pPDbZ+rrm2ZW9tbERExHC0O0gAAAAAAdI8ADMCN0O+lsTEYRETL9G9SBdn1wm/bss1toXfZZHDbZ+ufOxuQk9lrPV26Ojt9vbEx3nx0mK90XgAAAAAAukMABuDG6PUHrdtXDb/zp3Jnl3OOmH+v3zbNQNy8h/Ci8zevO0uTKJMsyiii51bAAAAAAAA3jgAMwI0x2rzVun1yX90FlkXctli7qvN8th6CZyaBIyaTwI/etwQ0AAAAAMBN01u+CwB0x97jMgb90eR1tVxymWQRMY2nE0kaSZpEMcpXXh56/LFL+DdWvV7EaLRwl+l5inHITtKIsoi729sxPH4vIl6++HUAAAAAAHBtCMAA3Ah7e8P41S9+OeLx0WTb1uZ0jeTB1ux6ydlg/HrQn42+GxvTWBxRC8ZJ8/69+enm9mi8UiCu4u/KIXgagdMT078AAAAAADeRAAxAp+3tDePrv/5P4mu/9lrkZRabG+P7APc3NiJiGoMPj45mPre1uRmHR0czkbhp1WgcEdEfZLP7ZtmZfebG4iXxd/r5NJI0ohjlk2sBAAAAAOBmEYAB6JzhqIi333or3n373fjar70W+0ej2BoMZvc5OYnHsRG3B+33/63i76IIfHx41PxQREQcnL4cbG3G8eHROBTvn/18PdK2ReMy68dGb3aStxmO0157SG47HgAAAAAA3ScAA9Apb7z+Znzli/8oDvYexv7ReHK2Hn+PTo4nU8BVBK40Y3A1FbxKDI5oBN+Imedt8uNpQD44Pvt+Nijj8PioMc07mom7ZdaPiIiNXjETh4+HZWzPPTMAAAAAAF0lAANw7e3tDePhg3fiK1/8R/HOu/dn3mtO/lbxtzI8OTldDjri8fE4rN4elHFSbsVGcjh53D/pR6T9iBjG/kk/tjeGERFxHFsxiMPx88OjSAY7cXy4F8lgJwZby6992VLNt7bbD1KF38rJKI0YjQP2ydFJvPXWw3jhIx9afgEAAAAAAHSKAAzAtVXd3/eNb3xzafiNOBt/I2ISf+vGIfgoYmMcX0/KrYh8dBqCdyIixkE4IrY3DuM4apH2eBSbg504Oh5FDPrNQ0+vbyuLw8M8tmI8CTwvBB8P25eojuFJ6+b3HxzH3sMHcev5frzw4Rfnnh8AAAAAgG4SgAG4dqrw+9qvfm2yrW3St77cc1Nb+B1vbw+xWdaLPHbObD+OrRiejKK/Mf0j9eh4NPMYEbE5mP0j9/Awrz32I05fX8S777wXw5NxGE5iEL3k7P2BAQAAAADoNgEYgGthOCri7bfeinfffjd+86u/FRHzJ3qrZZ3nRd7Z/TdjeHI0N/zW5fk46GbZ9I/P4clo5nH22L1JHN7bO5rZ1nz/Io4Oj+Jg/9EkeD/34Z341CuvRL+XXui4AAAAAABcPwIwANfC/vAovvXm67H/sIznP/hiDE9GM0G2eh4xf4q32rcuz0exubUdeT6aHKe5z7zPLtMWh9ueV9/LouPXv7+63d134/D4eDIB/e2f/h3x6e/5TGz15y8/DQAAAABAdwnAAFwLeZ7H89uDePED0/vtlkURZVFGnudxMkojyYcRMb1v7mHLsspHx6PYHPQmyzP3T/8obD4uU03utj2u931Nw++8yNt+/qN45/57k9dZksenvvvV+N7v/+xa5wcAAAAAoFsEYACurSRNI0kj0l4W/UFE9cfardP3750+lkVx+jgOw3meR8R4YvZkNF0mOcmHk3hc1wzJR8ej2NnZjKPj6fLNzcdF6pG4ir/16d9FIXh4chTDk5N4f+/RZNuLH3whvvcHvyc++rGXl54bAAAAAIBuE4ABuBYGG4O488ILcXJ8HMOT8aRvkq52j9tqv+R097SXTd7rz9xGuDeJx1U0joh47t70ONXUcURMJo8rJ0cnk+dt08cRs/F4nmoKuTlNnOej2Nvfi8Pj48m23/W57zb1CwAAAADAhAAMwLWws7EROy99fPJ6OCpiVOYxKssY5aPTqd6I3tFBRESMhscznz85nn0dEXFyeBRJNo7BbTG5Cr6V6nmSJuNzpb3o1W61e2treu/hKhpXS1RPzjkaL2F9N2aDccTZaLw5GP8xfXQ8iqPDo8n9fiNM/QIAAAAA0E4ABuBa6vfS6EcVbTemb2zvzOw3HI2j7aicxtVROV3meVE8HkfjbBKKq0hcj8LLJGkSvXT6x+28YFwWZdy9O32vuqaTURobDx/F3sOjiIjYGgzi1d/5qfjkK5+JnZ3awQAAAAAAIARgADqu3xtH22ksbpofj+vaJo7bg/FZR/v7kZ7e47eaOG6qpoor02g8ipPBZkQ8jA9//APxqVdeMfULAAAAAMBcAjAArKB14rglGNcnjqtJ463alHHEdNI4Ynap6npAPjk6mUThYXkSH/3ES/Hp7/lMbPVN/QIAAAAAMJ8ADACXqH3ieGN2pwXhuG5U5tFLsvh47bgAAAAAALCIAAwAz4C2wDt/2WoAAAAAAGjnb5YBAAAAAAAAOkIABgAAAAAAAOgIARgAAAAAAACgIwRgAAAAAAAAgI4QgAEAAAAAAAA6QgAGAAAAAAAA6AgBGLixkiR52pcAcOX8XgcAAAAAN4sADNxYoghwE/i9DgAAAABuFgEYuLHS1G+BQPf5vQ4AAAAAbhZ/IwjcWKbigJvA73UAAAAAcLMIwMCNZSoOuAn8XgcAAAAAN4u/EQRurF6v97QvAeDK+b0OAAAAAG4WARi40bIse9qXAHBl/B4HAAAAADePAAzcaCbjgC7zexwAAAAA3DwCMHCjmY4DuszvcQAAAABw8wjAwI2WJEn0+/2nfRkAl67f70eSJE/7MgAAAACAJ0wABm68jY0NkQTolCRJYmNj42lfBgAAAADwFAjAABGmgIFO8XsaAAAAANxcAjBAjGNJmvotEbj+0jQVgAEAAADgBlM7AE5tbm5aChq41pIkic3Nzad9GQAAAADAUyQAA5wSToDrzj9kAQAAAAAEYICaNE1jMBg87csAWNtgMLCUPQAAAAAgAAM09Xo9ERi4VgaDQfR6vad9GQAAAADAM8DfFAK06PV6kaZpHB4ePu1LAZirWrre5C8AAAAAUPG3hQBzpGkat27dElaAZ1KaprG1teX3KAAAAABghr8xBFggSZLY2tqKjY2Np30pABMbGxuxtbUVSZI87UsBAAAAAJ4xloAGWEG/349+vx8nJycxHA6f9uUAN1S/3/cPUgAAAACAhQRggDVsbGxEv9+P0WgUeZ5HnudP+5KAjsuyLLIsi16vZ+IXAAAAAFhKAAZYU5Ikk4ngiJiE4LIsoyzLKIoiyrJ8ylcJXDdJkkSappEkSSRJMgm/AAAAAADrEIABLkikAQAAAAAAnhXp074AAAAAAAAAAC6HAAwAAAAAAADQEQIwAAAAAAAAQEcIwAAAAAAAAAAdIQADAAAAAAAAdIQADAAAAAAAANARAjAAAAAAAABARwjAAAAAAAAAAB0hAAMAAAAAAAB0hAAMAAAAAAAA0BECMAAAAAAAAEBHCMAAAAAAAAAAHSEAAwAAAAAAAHSEAAwAAAAAAADQEQIwAAAAAAAAQEcIwAAAAAAAAAAdIQADAAAAAAAAdIQADAAAAAAAANARAjAAAAAAAABARwjAAAAAAAAAAB0hAAMAAAAAAAB0hAAMAAAAAAAA0BECMAAAAAAAAEBHCMAAAAAAAAAAHSEAAwAAAAAAAHSEAAwAAAAAAADQEQIwAAAAAAAAQEcIwAAAAAAAAAAdIQADAAAAAAAAdIQADAAAAAAAANARAjAAAAAAAABARwjAAAAAAAAAAB0hAAMAAAAAAAB0hAAMAAAAAAAA0BECMAAAAAAAAEBHCMAAAAAAAAAAHSEAAwAAAAAAAHSEAAwAAAAAAADQEQIwAAAAAAAAQEcIwAAAAAAAAAAdIQADAAAAAAAAdIQADAAAAAAAANARAjAAAAAAAABARwjAAAAAAAAAAB0hAAMAAAAAAAB0hAAMAAAAAAAA0BECMAAAAAAAAEBHCMAAAAAAAAAAHSEAAwAAAAAAAHSEAAwAAAAAAADQEQIwAAAAAAAAQEcIwAAAAAAAAAAdIQADAAAAAAAAdIQADAAAAAAAANARAjAAAAAAAABARwjAAAAAAAAAAB0hAAMAAAAAAAB0hAAMAAAAAAAA0BECMAAAAAAAAEBHCMAAAAAAAAAAHSEAAwAAAAAAAHSEAAwAAAAAAADQEQIwAAAAAAAAQEcIwAAAAAAAAAAdIQADAAAAAAAAdIQADAAAAAAAANARAjAAAAAAAABARwjAAAAAAAAAAB0hAAMAAAAAAAB0hAAMAAAAAAAA0BECMAAAAAAAAEBHCMAAAAAAAAAAHSEAAwAAAAAAAHSEAAwAAAAAAADQEQIwAAAAAAAAQEcIwAAAAAAAAAAdIQADAAAAAAAAdIQADAAAAAAAANARAjAAAAAAAABARwjAAAAAAAAAAB0hAAMAAAAAAAB0hAAMAAAAAAAA0BECMAAAAAAAAEBHCMAAAAAAAAAAHSEAAwAAAAAAAHSEAAwAAAAAAADQEQIwAAAAAAAAQEcIwAAAAAAAAAAdIQADAAAAAAAAdIQADAAAAAAAANARAjAAAAAAAABARwjAAAAAAAAAAB0hAAMAAAAAAAB0hAAMAAAAAAAA0BECMAAAAAAAAEBH9H7z9bee9jUAAAAAAAAAcOqFu7fP/dnet3/spUu8FAAAAAAAAAAu4tGjR+f+rCWgAQAAAAAAADpCAAYAAAAAAADoCAEYAAAAAAAAoCMEYAAAAAAAAICOEIABAAAAAAAAOkIABgAAAAAAAOgIARgAAAAAAACgIwRgAAAAAAAAgI4QgAEAAAAAAAA6QgAGAAAAAAAA6AgBGAAAAAAAAKAjBGAAAAAAAACAjhCAAQAAAAAAADpCAAYAAAAAAADoCAEYAAAAAAAAoCMEYAAAAAAAAICOEIABAAAAAAAAOkIABgAAAAAAAOgIARgAAAAAAACgIwRgAAAAAAAAgI4QgAEAAAAAAAA6QgAGAAAAAAAA6AgBGAAAAAAAAKAjBGAAAAAAAACAjhCAAQAAAAAAADpCAAYAAAAAAADoCAEYAAAAAAAAoCMEYAAAAAAAAICOEIABAAAAAAAAOkIABgAAAAAAAOgIARgAAAAAAACgI3pP+wK4mb7xzd34wlf+WXzjrd34la+9GQ/2DuPB3mGUEfHc9lY82D+MJCKe29mK53a24rOfejk++50vx/d850fi2z7y/FO+eoDVHb/2Wrz3Z//s0v12fv/vjzs/8zNP4IqA8/j07/5PL/T5l1+6Gy+/9Nz4WN/54Xj1Ux+KH//nX4k7O5uXcXlABxx/6R/G6I03YvTm63Hy2j+J4tGjM/ukd+7ExqufmbzeePUz0Xv5o9GvbXvW5G+8Hvv/5/+21mc2f+CHYvCDP3xFVwQAANB9AjBPzK987c34yz//5fi/f+nr8W0vPR8/9ru+I370e78j/vC//LmFUfcb39ydhOL/8W9+KR7sHcb3vvJy/OGf/Fx89lMvP8HvAGB17/2ZPxPHX/1qDN98M0Zvvrlw352f/unY/vznn9CVAU/Dm289jDffehgREV/65d+abP/xf+GV+A//xL80icPAzZG/8Xoc/O1fiKMv/sM4+uI/jHLvbPBtc/i3fqF1e//V74reyx+LjVc/E7c+/xPPTBQevfl6PPyv//x6H/pjf1IAho7af/hubN/94NO+DACAzhOAuXJ/+ee/HH/hr30hPvudL8cf+anPxV/4kz+9cP+/+0tfjy985Z/Fn/rZn4gHe4fxW996P37s+z4ZP/Z9n4w/8Qd+dLLPX/xrfy++8dZu/NHf+wPxh3/yc0/iWwFYyfFrr8WDv/JXZrb1PvKRuPMzPxOHX/xiHH75yzPvbf+e3xPpnTtP8hKBZ8Tf/nu/Hn/77/16/Nn/+PfFz/zk9zztywGegMO/9Qux/3/8jbkh97yGr/3TGL72T8fHLcu4WwvAb/+hfy2e++OiKvD0CcAAAE+GewBzZf6T//4X4rN/6L+KsizjV/7qvxf/05/6A/Fj3/fJ+JWvLZ6E+9N/6RfiT/+lX4gHe4fxF//6F+LH/t3/Nv7uL339/2fvzOOiqP8//gI5RNjlqEQuMUMOi1CQw19eJGp5IJql5gGmpiWmeKXmrV+tNMHE0rxAJW9BPBLCOKw4BBJJYNFMZBeEDJYdVuT+/bHusrPnLCyH9nk+HvtwZ/Yzn/nMZwZc5jWv15vWZoSHAyI2TkfMzo/wd8m/GLFwHzYf0u4NFAKBQGgtiiIbG0pK0ERRqC0okPusNj+/I4ZFIBC6MGu3xWJ7KPkuQyC8yAgvnAXP1wf/fDpX6+KvOmozUlE26wOUzXwftem/d+i+CQQCgUAgEAgEAoHQ8RABmKB1krLuYcDMXTA17o5bJ1YgaLwXAGDTwWvQ8V6GgbO+wcCZu/CgpELh9sl//AVAFBkdcfmm3Oe3CnnYfCgOmw+JROJN899B0v5FMDXujgEzd8mJxQQCgdAZGHl6wiI4GBbBwdA1MQEA8CMj0URRnTwyAoHQVTl2JgPpUvHQBALhxaA+/w7KZr6Pf1eHoJHH7dSxECGYQCAQCAQCgUAgEP4bEAGYoDX4VA3mbDmJiMs3kfT9IklcMyAShTcfikf013Pwd/Q6VFI1WBoaI9eHWLzdOG80lobGwIxlJPf5wFnfIDopF9FJuRg4a5fEUbx0+nAkfb8IYadSEBIaAz5V045HSyAQCMrRt7GBWVAQajIyUJORAV1TU5Xta9LTO2hkBAKhq7MjjLiACYQXicr/bULpxDGozUjt7KHQIEIwgUDoStTVCjt7CAQCgUAgEAgvHKQGMEEr3CrkYenuGCydPgwBw13Bp2qQnP0Xhru/BgBIyr6HPlbmCBjuCgAIGu+JzYfi5fpJyr4Ht37W6GNlgZy7JTi6fhqW7o5BUvY9jPBwQNipFNj3MsetEysAAANm7kLYyRREbJwOADBjGSFm50eIuJyBgJVHELYsAAMcbTpmEggEAuEZera2AICajIxOHgmBQOhInBwswWZ1p63LL3yEamEt4z4K7paBV8qHjZWZtodHIBA6kEZuMcoXzUV9fl5nD0UlIiE4FYZeg/Hyl7vRzdaus4dEIBBecCrKH6BX7/6S5UcP82jLLzLC4hIIeaWSZTMXRxiYstrcLzcuEZX5hZLlnt4esBw8iNG2dVUU6gUUjO2sFX5Wnp4FIbcE5v2d0NPHg1GflXc4MH/didngn1GWmsl4zNLj4/6chPLUTNQJKJi/7qTRsasbj46ODgDA2MZK4fxogrC4BJX5hajM46CuioKBKQvGttboO2UCo+2VzWldFQX+s37N+zsxuqYq73Ag5JWiMo8jes8twbs/nWJ8LHVVFP4+fwnFcYnwO32Q8XYEAoFA6HiIAExoM2LxN2LDdPSxtkBMci7mbDkJfvVTBI3zxNEN09HHygIPSitxq5CHAY42uFVYgonD3pDry8zECEHjPDHA0Qb2vUSCsXQMNJ+qwQh3B9o2/OoWp29Mci76WFkgaLwXBjjaYOnuGCICEwiETkHP1hZ9rl9HPY+HstWr0VBSorRtzU35uHsCgfD8sTZkDLzd7eXWC6iniDydjn2HUxj1k19YRgRgAuE5pj7/Dh7NfB/NlKCzh8KY2oxU8N4eDOPJ78MseBkRggkEQrtQXfUPLHr2oS0rc/+K1xsYGnfI2NoLYXEJCo78CG58IoRc+b8Je/oMQt/3/RkLgWLKUjPx97lLKI5PRL1AvsyQsa01fHZtlhNDhcUlKEvPQnlqpkgAzOPA2NYa7149BQNTlkRU5cYlghufSNtWn82C89wZcF26QG5/dVUUOEd/xP2zsRByS+C+YQWc585gfDzXp80HIBKv/c4cUtn2/tlYcOOT5MYnXlZ27KoQH/f9s7EoT8uU+9y8vxOc5s7Q6DyJ++QcjkJlHkdhm6zNOxXOaVlqJsrTs0T/PhvPyFMHJcfEjUvE/XOX5OYAAPpO8Yf7hhUKheCy1EzJXGuK+Jq7fy5Wsu7+2Vj0fd+/Vf0RCExorvgNOkZ2gFHvzh4KgfBcotPc3Nzc2YMgPL/EJOci7GQKYnZ+BDOWEZKy7sH30+8QunQi+NU12HwoHpUJ/4MZywgjFu6T1Pe172WOmJ0fMRZmH5RUSMTlSauOIiwkAPzqGmw6GIfor+cgYLgrbhXy4PvJPvCrn+Lo+mkIGu8FPlWDgJVHJM5kAoFA6AzuOal/+tmBo/gPQgKB0DVwHrxVbZvIfbMVCsCSz0+lY8ce+QQUWRbNHYbF84arbSdGQD1Fwb0yAEBB4SNUUU8ljgWvZ+PxGqh8XG0lv/ARqGcu54xnNYw7Yr9dHfF5KSh8BEG1vAvcy90eLGNDuDj26oTREdqL2vTfUf7pvE4Xf02DQ2D62XLJ8kNHW42216YQXJv+O8pmfaDRNrLjJxAILwaPHubBwtJeIur+cmEX3p68gtamrlYocQU/z+JvXRWF7C27UBz3C/pO8Yfl4EHQZ7Mkwqq0ExgQiZYeG1bAdoyvyn7LUjORG3YAlj4e6DtFJLyVpWWi4HAU+FIuYDGyYuD9s7FIW7FRrp3TRzNQL6BQHJ8IYxsrAFDYn7hPn282S5a5cYlI+XiZXLuJv15h7Jz90X4gANUCcFlqJrK37EJPbw/JPFXmccA5HCU3n+JxKhNCpbl/Nha5YQck7mFjW2ul/aoSwaXhxiUidcVGWHp7wOmZEF4voETi9c9Jcu3N+zvBZ9dmicv36jtT5ebf2NYariELkRu6H2huloyznqqW68/Y1hrDftit0DVccDgK2Vt20dZ9WPSHyuMBWs6R7H4m/nZF7bYEQmto5p4EAOjYTu/kkRAInYtAIPrb8tatW4y3GTBgAADiACa0gVuFPJr4CwAjPBwwcdgb2HNa5HBx62ct+Sxp/yLcKuSBT9VggKONZH1y9l/gUzW4dVdUy1cs9gIiR/AARxtJlHTAcFccXT9N4goOXTpREjk9Z8tJ2FtZYOM4T8zZegp9rCwwwsMBMTs/QsDKI+hjZUGcwAQCoctSm58PQxeXzh4GgUBoRwKneTMSgNXBK+XjegoH6dlFyMh+AEqBuKgIL3d7TBrnhpFDneSiqjVBQD1FzNUcJKRwROKvmv0797PE5HFuCBjrpnS/+YWPMCmQWYRcdOR8mmi691CyWnc1U1FdG31duJKD6ykcXE9h/mCPl7s9/IY5YeQwJ+L+fo6pz7/TJcRfbSC8cBbCC2eJI5hAIGgdsah767dz6N3Pk/bZo4ei2HzZ9c8blXc4SJg2H8Y2Vpj421WaAGk5eBBcQxaCcyQKBYejJOJdXZXq/zuExSVIXbER5WmZ8Nm1mea67Gvnj77v+6PgcBRyQ/fTBMHiuF/g9NGHMDAVCYF93/dHnYCSEwA5R6KgzzLBsIOhEpepsLgEBYejwDn6I62t2AEqFoFtx/ji1fcm4O/zl2jtbofux+DdW9RPmBSKXLviY6+8UwC/04dooqbl4EFwnjsD98/GImvzTtqxl6XehJBbIjl2WeqqKKR8vExtv7mh+yVCcL2AQh1f+bmqq6KQtmIjuPGJcF26AK4hC2mf247xReUdDlKXb6AJvGI3tngMfqcP4eJbY2nHI+SWIG35Bjl3taJjF3JLkPLxMomzW5q+U/zlzn9rEXJLwI1LVPvgAoGgKU33dqL5yUN0e3NvZw+FQHiuIQIwoVWIY59jdn4EAJiz5SRCQwJgxjISRUFP3ApztpGkVq+YAY424FM1uJjyJ/7giMVgawxwtMFIj35obG4G3EVtu+nooKGpCX9wuAg9mQwzEyP4DnJAwHBXBI33ovUbsPII/i6pQNL+RRjgaINNB+MkdYPFdYFJTWACgdCVaRI8/zeLCQSCelgmhmoFU7aJcnF24qwfwHnm9tWUjOwiZGQXgWViiB3rJsJvuGa12QTUU+zYE4+E5ALGojMgqmu8PSwePydzcPy72Qr7DV59hlFfa5aM7rKO2fzCRwhefQa80iqNtxWfG2VzROj6PI+xz0wgQjCBQNAmJqavABAJvfdykzFlYcuN/bzMq3BwHf5cu34BusN2uALxDQAMTFlwDVmIvlP8kbp8A+oEFIYfDFXqli1LzUTKx8tQL6DgunSB0shd57kzYDfaF6nLN6A8PQs9vT0w7GCoQgFQVigGAI+NK2kCrLGdNTw2rYT5605yruH752Lx6pQJkvaDd2+BkFuC8vQsSZu/z1/CmyELNaqfa96f/v1ULKbXCyi4b1ihtLZw3/f9YTvaFynzQ1CengXbUSPg880Wpe5f6X6lnbfK+hUL9oO/2aJU7KyronB92nxU5nHQ09tDTvyVHOPrThh77TSyNu0E5+iPMLaxwrCDobQxGJiy0HeKv5z4bjtqhFy0tniMCVPn0URlIbcEWZt3yonwbak7rc8ykbtuCo78SARgglZpvP0ZgGYi/hIIWoAIwASN4VM1CNpyEknfL4IZywi3CnmITspFUvY9RH8tinWO2Dgdk1YdRUxyriR6mU/VYM/pFPzB4SFovCd8HdBJNQAAIABJREFUPRyQlH0PkVduIiTsotL9DehnjREeDhjh7oBmNCNoy0kMdLLBkqnDYMYywoOSClH88yAHmJkYIexkMqqET2m1gsXCdMCqI5JxEwgEQldCmJAAI2/vzh4GgUBoR3ilfEbCqZeKGOnWir/SUNW1CF59BpPGuWHHOmY1uxKSOViz7aJGwq8sLBNDhetXb73ISDR9e6gjAqd1zd+TF67kYEdYXJvmB1B97gldlyZBFco/nfvCib/SECGY8KKybds2SdkENpuNxYsXd/KIXmxMTF9BXa0Qv13dj979RMJhXa0QeZk/of+gd5978ZcblygRSl99b4Ja4dPYzlptvdvKOxxJzVZ9lgmcPlJdV1fcp6rarAamLJj3d6KJtQBgO1qxiKfMNZwbdoAmGA/+ZgsuDhlHa1NwOAoem1aqHHPlHVFqirGNFU1IlBZp9VkmamsKG5iy4HfmkFpHqrC4hNavuhq2YsFemaArRlqAVdcWADw2iQT3nj6DFIqyloMHyQvASo7LwJSF4QdDcfXdqTSB9u/zl+CxcWWbRF9pXEMWojw1kxZjXZ6WibLUTI1qLhNeLJorfgcA6OixAfYbre+ooQqNWYEAmtHNW7lWQCAQmEMEYILGzNl6EmHP3L5JWSKX7a0TKxCw6gh8P9mHxO8XIWC4K6K/niMRYSOv3ERi5j1MGekGAAgJjcGD0kpG+7t1twS37pYg7FQK+liZI2i8Fzyc7RC05SR8PRywZNow3DqxAkFbTuLVSdsAAIFjPTHCQ7TviMsZeFBagU3z30FYSADmbD2J6K8/aoeZIRAIBHkEFy4wasc/dgysyZNJDDSB8AKzZlus2jbWvUw7zOEafSUHLGNDrA0Zo7Ld9tA4HDuT0eb9KTquyFPp+OWG4vpy0lj3MsWX6ye2eQztQX7hI62Iv4Tnl39XL0Mjj9vZw+gQhBfO4snPcWAHzQMrcC502aadPSQCodXs3bsX27f/D4BI/I2La3uZBoJ6fr3yPaoF/8DBVVRO4WFhJga8NaWTR9V26qoopEq5ZO205IhMXb5B8t5SiVCoCHWipqwArM8yUdm389wZcjVxy9MyaW2M7azhunQBcsMOSNbdP38JriELVfZdmScSgGUF6NTlG1AvoBR+pgp1blTpfi19tCNa5obul4i/xjZWjMVQVWPVZ8vPmbGt8ocKjO2s4Tx3Bm3+AYAbn6j2elBHWaroXFv6DILdaF+UpWXShGbO4SgiAP9XqHmIprJraC67iuaaYqCmWGEzHYv/g47lWOha/B8zUbihCg1pkwA0Q88nRrtjJhD+wxABmKARYSeT4fbMkRtxOQNztp7C0fXTEDTeC0nfL0KfiVsRdjIFERunS2rzBm0+iREer2Ggkw1mbTwBfvVTsJvr8UXDQ+TrmOCCnqXKfXo38gHogKdrgAelwKaDcTAz6Y5N899Bc3MzAlYeQcSG6ZIaw0BL1HRIaAwirojqBY9wdxDVBE7+ExGXM+RipAkEAkEb1KSnQ3DhAvTt7FCTno6aDMWiia6JCZqq6dFJxQEBMPLygi6bDfakSTD28+uIIRMIhHaEV8pHxh9FCD+UzMjlGji1Yx2ux85kYORwZ3grcZ5euJKjFfFXEfmFjxB+OJlR231ffdCmusXtyeqtsVoTf136dc14a4JyqIiDqEmI01p/RiNHo8eod6BnYwt9l9cVCqxNgirU598BADxNT0Vd/h008LioL8jT2jhU0UwJULV3NwQRh4gQTHhu4fP5cuKvm5tbJ4/qxedebjKK72XBmP0yLHr2QXVVixD8vJMbul8iKgJATy0Ii/fPxtIifZXFFLcGWUFWNnpZEU5zZ8i5gIXFJTSns9NHM2i1jesFFDhHolQ6YsXiomxdW+ljN9EgRloV3LhEmvCtjTmtq6JQcKTFqauNc68MAwWisDR9p/jLCcBCbolW9q3PMpHMl2vIQtq1wP05Se5aILxYNFf8hqa7OyVuX/Xtf0dzxe9ogkgM1u2zADqW7ypuLPgTDdmBgB5bJP7qke+VBIK2IAIwgTF8qgYRV25K6voGjfdCUtZfmLP1FJKz/0LgOE/o6AADHEX/2T8oqcCmg3FY9uFwLNkdjaTsvwAA7OZ6nOr+N/qb6EKXBeym7mF3mT6+1Wu58WjbXIOtffXgIiiFo/8YGDj2Q/nGzQh7YoGIbtbgVwNLQ2Mwwv01bFnwrlx931uFPMzZchK37pYgcKwnBjhaI2jLSTy4uB6b5o/BiE/2IWC4K4mCJhAIWkcc48yPjJQTf/WsrWHk5YWXnkXL/bt3L4QJCTQhuFEggFlgIBF/CYTnkMBFx9q0fWsjjp0cLOXEUQH1lHFc9L7DyfB2l687m55dhLUMXMtMsbEyo41vzTZmwumiucO6dN1fJvPs5GAJb3d7sJ6dJ4p6ivy7ZcgvfIRqYcscsLqoyE1QTCO3GPy9oW3up5u1Dcw+Ww4jvzGMhFRdtikMvf8PACT/AiJhuDY9FU/TU6HXARHNRAgmPM+Eh4ejqqqKiL8dSF2tEDd/EX1X6j9IJAKIawK/CNw/R//OpI3IXW5cYpv70CaKRGJZwc/AlCXnQi048iOcPpqhdE7K0zLR09uD1ld7Hfv9s/TzpA2xlhufSBP/ZWvkahN1grUiAVYbx1ielklzSzvPnSEnpt8O3S9Xb5jwAlDzEI23P2Ms/CqiueJ3NFb8DrDegN6b39IdwYI/0ZAeAKAZeu6RRPwlELQMEYAJjFm6OwZhIQG0dREbp2OAozVCwi4i4spNBI71xNLpw3GrkIelu2OwdcG7GL4wHPzqpwBaxN83rExRxymELotCE1WNzwd5oG8hFxueWkKgo4+YV2twpBTYL2SDfegGXJqvwba5B7g63RHUWII8HRMkdHsJSdl/wX/5IcTumica3zMReOnuGDworcDR9dMwZ+spbJq/TlKL2IxlhLCQACzdHYOIjdM7fB4JBMKLQZNAAP6xYxBcuABDFxcYeXnBZORI6NnawsjbWyIE16SnAwAMXVygy2bT+rD86isAQAOXi3oeT64NFR2Nf/fuBQCY+PnByMuLCMMEwgvK20MdGUccW/cyhd8wJ5XOXUAksm4Pi0PM1dsq+8vILgKvlE8TaAFR9DNTTIwN4TfcCX7DnCUiJq+Uj4LCR0hI4aDkURWt/+1hcSi4q1449Rxoj8Xzuq4zKCGFo7ZN+JcfwG+48pt1+YWPEH0lBxeu5MDWitzweJ6o2L6pTXV/dUxYIuE0aJ5WhFNdtimMRr0Do1HvtLkvTSBCMOF5g8/nIyUlBUOGDMWsWbOI+NtB3MtNRl3tE5i/0hv9B43t7OFolbJUehxuT28PrfQrXWcVEAmpZWlZMO/vRBNTZWOMy9IyUXmHg75TJqiNQ9YEWfep7agRCttp4gKuvMOBkFcq95nssd8/dwmVeYU0AdS8v5PcmKq5JShPzURPHw+FscdlMrHV2kBWrObGJ+Knd6fR5t7Y1homUvHNdQIKlXkcCItL0NzcrDXhtK6Koi3rs0wYubvVUXmHIyc+e2xciZ/GTpMs/33+Et4MWUhcwC8QzWVX0Xj7M6BB5vuuHgs6Fm9B56W3oPNMzNWxeEv0Wc1DNNcUo/nf39BU9hNA3WnZjhKJvbr9VkG3z8do5p5EY/56AM3Q877YtvrBBAJBIUQAJjDiQUkFHpRWSKKfQ0JjEDDcFUc3TMfS6cMxwsMBfKpG8u+mg3HYuuBd+K84JBF/vRv5+KqhEE5v+UCYmAxdlglM/Eai4fG/6GZuBn8OB4YNVfhE/3UIdfQw2qQGetVP4dJcjVFNFUjXMYWtjqiv9Q1/wbS5Huf1eoFf/RT+K+gicMSG6Rgwcxf4VA0Sv/sUfawtAIhczOJxbjoYhwclFZLPCAQCgSkV4eHgR0SgiRL9cdXA40GYkIDH27fDyMuL5uAVC8Gq0LO1hZ6tLQC6sNzA40na8CMjwY+MhC6LBfbkyTCbPVuyDYFAeH6x7mWKtUvHqBQIpdm+zh+TxzG7Uc1mdceX6yfCxsoM+w6nqGybkMyhuY8vXMlh7CAOGPsm1i4doyCi2R4Y54a1IWNw4UoO2CaGkn2pE6UBkai876sPGI2hq8IyMVR7bl0ce8HFsReC5w3vsjHXBHnq8++0KfpZ37k/Xv4qFPour2txVMoxDQ6BIOIQmqsp9Y1byYsiBKekpEBHRwdFRUWwtxc9ZNO7d2/Je4J6cnJyIBAIwOfzAQBmZmZdag7NzMwQH0/q/XY0BobG0DcwwtuTV7Spn4ryBzAwNO5S7mHZWrjtRb2AQnlaptz+cqXe67NMYOkzCK4hCzWKN2YiEnLj6UKnk1RkszSauIDvn42FPsuEVuNXVsQERDHGQm6J3BjEGNtYwby/E2zH+MJ9wwqFbmNhcYmcO9dERU1dptQJ5MdbmceR1DZWhu2oEej7vr9WRXrZ+XGeq9x5rQllaZmw/D9PlKdl0dbbjval7fP+uViVcd+E54emBz+gKX8dfWV3W3TrtxI6vcYqd+oa9YaOUW/oWLwF3X6rAMGfaLz7NZrLr4k+bxCgKX8dmrinAOpPQI9FxF8CoR0hAjCBEZsOxmHT/DGSurqB47wQcTkDgeM80cdKJKCO8HAAAARtOYnlH46gib8AsLhnHWxLalGTmQVdlgl0WSzUF3NRX1KChpJS6FlbYRRVilGNjzHhvilGNT4BG92wV7c3PtGn3xh5zbgbvGyscP5+MwBIROCoLbOwdHcMYnZ+hJidH0lEaz5Vgz2nUxB2MhkDHG2Q+P0ibJo/BpsOxhEXMIFAYIzYkSstzMpSk5GBmowM6NnY4KXFi8GaNIlR32LhV1pYVtiOoiRisJGXFyyCgxmJzAQCoevh5W6PwKneGDmM+c05puKvNIFTvdUKwAKp72wAEH0lh1Hfsz/wwtqQMWrbicfNK+VjzbaLjPre9/XULi+IUtRT1Z9X1+LY6XTMZlDbuasfK4GOIOJgq7c19PTBK98f7lBx1PSz5WAFzQMVcahDhWCLLzZDz8am3falLVJSUrBvXzguXbqktM2bb76JAwd+gJubG1JSUvDOO+p/94m5di0Ow4YNAwBs27ZNUntWGUOHDoOb25tYtCiYJpo6OTmhuPihZPnUqdPw95d3uEnD5/NhbW0lWbaz6w0ORyRK9OjBvCTSkCFDVYqm4jlMSUlBVZXimvddYQ7FyB77kyc1ascgO/+mpqYoLX3EZPj/We7lJktq/Dq4Dm9zvd+6WiFyfjsPA0NjeI6cBQNDY20MU+tIx+K2FmGxfN1WMxdHeGxcqXQbAzar1TVt1YmElXc4tDq3Prs2w3Kw8mhhpi7g++diYTval7Z/RWNRdewmttaMXKfVCmrhVnPbp27tyFOqvyeomjtl6LNMVH5eV0XRRPdX35ugFTG28g4H9VQ1sjbvVNtWXdw34fmgmXtSTvzVdVgB3VcXaB7RzH4D3TyOobniNzRmzQYann0Hpf4EAHR7cy8RfwmEdoQIwAS18KkaiZC6dHcM+NVPMdDJBknZFvD99DsAwNH10yTRy/Mm+uCzby7QxF8A+PSxOdbp9sQ7qIXtjKngR/2Imsws6Flbwdh3uOQ9u6wBAh19nNcT1Xob1fgY0w2FGObhgH6OdjBEM6p+/ANHOLWA/mst46x+ii++v4IVM32x6WAcwpYFgE/VYPOhOISdTAa/+ikCx3pi03zRH5liFzCfqiG1gAkEgkqYCL+yNPB4KFu9GpUREXhl7VqlIi1T4VcRNRkZ4M2eDSMvL7y8di0MXVw02p5AIHQuGdlFyMguAsvEEIHTfDD7A682iYAC6ikK7pWhuRnQ0QFYxoZwcewFNqs7PAfa4+YfRSrHIt2PqrZiPAfaMxJ/pfl01RlGdX9nf+ClMt66q8CkZu/2sHhcuJKDyePc4DnQvsvWMyYwp5FbDGH0uVZtq+/cv8PFXzG6bNMOF4L/XR0CHRZbfeNOoqioCFOnfoDbt9WnEty+fVupsKltbtxIwY0bKQgPD8eBAz9g1qxZAAB//wnYt2+fpN2lS5fUCsCyora//wStjpXP52Pq1Km4cUP1g0ZA583hV199jcWLF7epv9jYWJr4CwBVVVU4fvy45PwQ5DHo3gO/Xd1PE2sryh/AxPQVjcXbjOuRyM+6Jlm+92cyXntjGLxGzu50IdhYgYtUWNw2YVGfLS+gGbBZrRIO20rlHQ4Sps1HvYCCPssEHhtXKoxXloaJC5gbl4h6qlptX4B2jl2R27degXtXG7THeVLl0q6ronB92nwIn4ncTnM+hMcm5Q8LaILY4SuONjdgs2Bsay1xOFfmcRjFfbcHe8IvQEdHR7Ls97Y7+ru0/98QRyPjQFU/kSwHzRoDNrtHu+9XFXn5RUi/WYD0jHwIqJax2dq8Am8vZ4x624PRGJsrfkNj7pKWFXosdPM41hLx3Ep0LN6Cnm82GtICaLHQTWXX0M2SWVkA6fOt6bmWvVYmBwyBrQ2zJIm8/CJciPkVeQVF4PIew9bmZcm8vhcwVOW256JvoKTkMeNxyvLZImamEvE4E37Jliy35eeBy/sHF2J+BQCwWD3wXsBQxte49LZiNDkOMQLBE/z8SxbSMwrA5f0DgeCJZAw+Xi6Mj092PCxWD8yZrdl9DDFd8WdfHUQAJqgl4nIGgsZ7AgCWThsGPlWDoC0nYWbSHRvnjcYIdweM8HDAg5IK8KkaJGQU4tZd+afq2GjAz7ovQSCswqj9kXAY9AYaKQrdWCzomptDr1cvNAmFCHXQgdddDmyba+HSXA02GmFg5Yi6xJ/QTHmgwUp002ze+EGIuFYCrk6LeHvrbglu5hXjQWkFbhXyYGZihE0H4zB84GuI2DBdLu45aLwnYpJzETTeqx1nkEAgPK/UpKejbM0ajYRfWeoKCsCbPRvGfn54Zc0auajn1gi/cuPMyEBxQABYkybhlbVr5WoNEwiErg1VXYvwQ8lISC7AjnX+jARCAfUUMVdzkH+3DBnZD8ArVX1DnfUsfpkJ+Qxq8wIiZ7EmbA+NYxQr7eRgqbGw3Fl4ufdR664GgIK7ZdgeJnLOsUwM4eXeB97u9hg5zEmu9jKh61N94UyrttMxYcHyxNlOj0XuDCG4K5KTk4N33hmjUJB0dXWFqanoZ7Oqio/cXFHAqqlpx5+7BQs+hr29PYYNG4aZM2fRBODLl5U7lsVcuhRLW545U3tiZWvmsDP4/PNVcHNzkziIW8OJE8eVrD9BBGAV9O7niVu/nsPJPfMk6157YxiGjP1E4768Rgbi4d1MCAWiG+l2Dh6t6qc9UCQAl6Vloq+demFTGQamLBjbWEHIK5WsK0/PQl0V1WHuSmFxCQqO/AjOkSgY21jBdekC9J3iz3j/6lzA98/GwtjGSqFYaubiCH5+oWRZG8euSJAvjktscwSzsa01IOP65mqhX6bcPxuLrC27gOZmvPreBK3X4b1/NhbuG1bAWUnkd10VhYtvjZWc5/vnLnWYAPztvhjacnNzc7sLwGkZ+dj2ZZTcfpcET27X/aocz44o5Bc8VPh5OgpwPvoGgIN4b9JQfLYoQLnwWfMQjVmBLcvajmfWM4WeTwxNBG7mnUKz5TvQYSACS5/vI5FxSEnYzVh8k71WvDyd1QrAAsETbPsy6tn8tcDjPZbM657waKxbPQOj/RTXfj8ffQMZNwsYjVERmginK9f8gAJOsWT5XPQNpCTsbtV+f07Ixp7w6Jbl61n4MXIto225vMe0bQHNjoPL+wff7otBfEIWKKmHGaRJzyjAnvBouDj3xro1M+DjpdwQcz76htz5b40AHJ+QJfezzzLpgTmBXfvehW5nD4DQ9Ym8chMBw10BAH2sLRCxcTr+jl4Ht3422HwoXuKeDTuVgrn+3thzWvFNMK6OEX7u9jK26b+GfB1jNFIUmigKtRwOmior0SQUgu0/AQ0lJQga74V3F0yF3YwPYDTIA3Uc0Ze+mswsNFVXw2Lhx2iIjYV3o/wfmntOp2D5hyMQEhqDPtYWCBzrCR0dKKz1GzDcFXtOqb9pRyAQ/lvUpKeDN2sWeLNnt0n8lUaYkICHAQHgR0aibPVq3Pf0RMXevW0Wf6WhoqPBnTULtfn5WuuTQCAwJ2Dsm1g0d5jcy3OgPUyM1QuwBXfLELz6DAQqYoV5pXws+vwMvEbvxPaweERfyVEr/gJg5LoVk5H9gFE7Lw0cuunZRTh2JkNtOxNjQ3z39fNT99fb3R5ODpYabUNV1+J6Cgfbw+IxcvJezF50DOnZ6h3XhK5DdfTZVm3XK+pcp4u/0oiFYJukNJgGh0DH5L8T1yh2rcoKl2vXfoGSklKkp2cgPj4e8fHxSE/PQH5+Adau/QJubopj+IcMGYonT2qUvlQJj9euxUnapaamYe3aL8CWeZgvPHwvAMDNzQ12dr0l66uqqhAbSxd4ZY/z8uXLkmU7u95KjwGAymOQjX/m8/lYsOBjuTlctGgR8vML5OawpKQUX331tdI6wG2Zw7Vrv2A8h62hqKiINo/S3LiRgqIi8jtcFe98uAGeb8+C21vvYULQjjaJttIR0haWfbQxPBrVVf+0ajvLwYPk4nk5UnHJqhAWl+D+uUtytVUBoKePvDB6/5zyn3lZuHGJyA07oLCmriyVdzjIDd2P3LADSJm/DD+9Ow0Xh4wD50gUnOZ8iIm/X9W4nqzYBSxNwZEfUVdFoa6KAvfnJKXuX0XrOUeiFLRUDDcuEWnLN6LyDr0O76vv0VMQ/j5/SWHctiIKDkehPC1Lrr2dAqG3gOH5B0TXQNryjShLVV1LujK/UHKOcsMOIGHqfJx1HYa0FRthwGZh4m9XMXj3Fq2Kv2WpmRDyStF3ivKHGQxMWbQazkJuCe6fZX6dPm8cjYyTX3es4+vKCwRPsDA4DDMCdygVf2U5H30D4yetxzkZQVNM4+3PgIaWB/e6eRzTfjzzMxEY3W1l9qtZQghFPcGHgdu1OzYpBAJR/7Liryw83mN8sngPvt0XrbJde5OWkU8TfwHR2JSda3UIKCFtWSS4Xmj1+JiyJ/wChvstx/noG0rFX2nyCx5iRuAOrFrb+vI8TDl6TMHP/nH5dV0NIgATVPKgpAJu/WxoEcl8qgZ9rC2QtH8R/ji+HAMcbZCUdQ9mrO745sckRv36eDjCYuHHMPYdAT1r+S8mtZxCVOz/AVVRJ1HLoX9ZEyYmgx91ElwYSmKiZTkcmw77XhZIyrqHsGUBsO/VIv4mZd0DnxLV9zFjGcHeygIPSioYjZtAILzYSAu/NRnqhQpNaaIoPN6+HVR0+30xrCsoAI+IwARCpzBp3AAsnjdc7nX8u9n4JfozLJqr3nnEK63C9jDFf0REnkpHwOwfcD2Fo/DzjsS6lynjuGoB9RTBn59m1PbL9RM71RGbX6h5Lccv1/szEviVkZFdhMBFx7BmW6xK8Z/QNajPv4NGHlfj7YwnTYG+y+vtMKK2818UgleuXImHD1tEOzabjWvX4rBu3TqYmcn/DrK3t8e6devk1msbNzc3rFu3Djt37qKt5/NbborKRjirqluckkJ/2Fmb8c/h4eFy0dkHDvyAnTt3KRR5zczMsHjxYqUCsLZQNoe3b7fegXz8ON39u3btF7TltojLLyJ1tfSbxgaGxug/aCwGvDUFFj3bJtoaGPbA9CWHMH3JIRgYajdysa5WiMTob1otAssKZJV5HEYiWHF8ItKWb0DC1Hn40X4gsja11Fl9U4GLkqmgCwBZm3ciN3Q/fho7TW3bOgEF29G+uH/mIrjxiZJ4XwDgHP0Racs3MtqnLE4fzaCJ42IXsDhWWJmw2HeKv5yoXnDkRzlBVxm3Q/fj/rlY/DR2Gk2wVSQsZ23ZJbdOFmFxCbK37ELC1Hm4OGQcrr4zVfKZ7RhfmLk40tqXp2WqFXTFFByOwv1zsbg+bb7K46sXUHD6aAYq/yxAbuh+lKdlSiKshdwSXJ82n/G1wZTc0P2wHTVCrfAvO6/S0d8vElzeP7SIXTEU9aTVQltrEIuTP1+XH4s6KOoJeDz533PNFb+hueJ3ybKuw4o2xz4rRc8U3dyk/u9sEKAxT/PvWfkFD7F1+wktDqyFBcFhjIV1ANgTHq3wGuAqmOv2QNGDCQAQoUC0bC1iV257sXLND3JOXabcyWP2EHtrycsvUujk5vEet+ucaAMiABNUkpR9DyM8RHV2gzafRFLWPYz4ZB98P9kHPlWDAY42AICIyzfhN8gRF1P+VNvnZw1FMMlMgyA6Bk/z8mE0yAPGviNgsfBj1JeUQM/aGkYe7nh55TIYDfLAnepm+OsNwCd6Lnh55TIYODmioaQUtqiFdyNf4T4ir97EPH9vRFy+CTOWESI2TsetQh7MR66F76ff4dWArYi4LBJ3Rri/hqTse1qaMQKB8LzCj4hAxd69qM3La/d9GXl6wsjTs936b6IoVOwlN6IIhK4Em9Udi+cNx+wP1JedUCTwXriSgx174jVy8rYnmoi0bFZ3pEVOx83FvXD9pUuIr9+v9OW4/G2ULZgC4eXWRewqg2IorLZmfl0ce+H4d7Nh3attzs7oKzkIXq3d4yZon6fpv6tvpACzxcu1PBLNaBKod1WIhWDr2HgYT5rSAaPqHIqKihAVRb9Z+MUX69oUD6xtZEVSaYepbISzqhhoWXFYW/HPfD4f+/aF09atXftFl4pClp1DPr+y1X1JC8B2dr2xbt06msP4xIn2ufn8vPLoYV6rRVR19B80FgaGxhJRWRs8vHsT105uwaWja1BRXoRLEavx29X9qCjX7Gaya8hCOcEya8sutYIlNy6RtiztmDW2s4br0gW0z+sFFCOh7/7ZWEl8tLGNldrxA4D5605496fTci5ZQOQ8bo0IrMwFfP9sLHp6eyh1qxqYsuRihOsFFNJWbFR77GWpmZL46Fffm0Dbh+XgQZJatmK48YkoOKzaXSzrvJYVPD02ytfbTfl4mdrwgcevAAAgAElEQVTzX1dF4f550e9qYxsrmL+uvM4vIJqXYYdC4bNrs9z1VpnHUSsiawI3LhHl6VmMoqwtBw+iXWdCbonctf0iIBtrK01HOkCnz/6fQnGSZWKEyQFDsG71DERFrsFniwIwOWAIWCYtxq7JAUMUxlU35q1vWehuC91+q9pl7GJ0LN6Cjk3LgxTNvNNADXPBVUzE8Xiti++KxD5nJzskJ3yDv/KP4Y/0/fhq+3zavALAth1RcoLvkuDJ+GxRAO0VNGu03D793naXa/fZogBG41X2YAIgEsnTMrRnEFm19mC7iNor1/wgVzdYjHhuoiLX4Pu9S/DZogA4O9lJPnd2ssPJY18o3FZbKHL/iono4i5gIgATVJKU9RdGuDsg4nIGYpJFT8zm3C1BJVWDpbvpT2ScS7ytqAsa2wwfYUPg2+i1eydM/Eai/t49VEWdRMX3B9BEUdC3tobFwo/RVF2Nh/sP46s//sEEA3fkdWNhXcN91GRm4W9OEYx9h8P0w2n4weghoupu46t6+S835xJv49ZdnsTtG7DyCIa7OyDxu0+xcd4YLN0dAz5VgxEeDkjK+ksLs0UgEJ5nzIKCYHPiBPpmZcGBw4HNsWN4ec2adhFqbU6cgM2JE3DgcGAXE4OX16yBgbOzVvdRk56u1f4IBIJ2CJymvm4uVV1LiwROzy7C2m3MYtSse5nCc6C93KstDlVFlDxS/BCeMrpZ24H14XzYXM6A5f6z0O/XX2nb2qxU/LspBLwJ3loTgpnWNeaVanZcYlwceyHm2MdYNHdYm4TgjOwiRJ4iv7+7Mk/TUzXexnjSFHSztVPfsB3h+Q5G1d7djITgbrZ2eOmrMNj8kvpCCsGyrlg7u95YvHhxJ41GMbKRwtJipqIYaNljEiNd/1dd/LMmpKSk0KKf2Ww2goODtdK3tuDz6b/P33yzdceekpKC4uKWG9Li45wwoUX8qaqqknMJ/5fp3c8TGdcjaU7gulohyoq7ZkJR736ecHhjOKoFohvadbVPoG9opLFb2cCUhcHfbKGtqxdQSFAhyAmLS1AuVTvWac6HcoKoa8hCOUFWLPQpiy6uq6IkDkx9lolCcVLlcezeAp9dm+U+E4vAmrpMFbmAy9OzlMY/i3GeO0PpsSub07oqkUgMKD/2YQdD5Ry72Vt2qXRsS39mbGMlJ2pbDh4kN2fi86/KCZy1eafExavJeer7vj/8Th+SO47KPI7Ka44pdVUUUp/No3S8sypk22kSg/08IBA8Uem45fEea1VoU8bW7Sfkon4B4LNFAUi5HoqdOz7GnMAx8PFywZLgydi542OkXA+VCI87d3ws36ngT4BqMXV168f8WmwLsvtpKvupVf1s2xGFvHztlWP4+Trd0Wlt/RJOHvtCUjOYze6BKZOGIuV6qESIZJkYYd2aGXJ1hadMGoolwZNpr/VrZ8rtc07gGLl2TOtKq3owAVDuDm4NFPUEC4P3aK0/QFRbV5H46/e2O5ITvsGBfUuxJHgyfLxcMNrPA0uCJ+NKzP8QFbkGfm+748C+pYxrQbcGLu8fpeI0IIrH1ub1p22IAExQSc5dHvpYW+BBaQWCxnuhj5Wopm5YSAAelIpik5Oy7mGAozUupqiOVBppVIsF/oPQ+Pgxbm38Eks2H8PKJ1bgwRANpY/weOduVOz/AVkhX+B/V25jSK0LvtVr+UM3ops1HiX+ip91X8KjxF/xb9Yt/MN+GUMdLWHa3CC3v4spuQga54mk7Ht4UFKBokeViNgwHSM8HLB0+nBUCZ/iViEPAxxtkHNXOzU+CQTCi4ORt3eLKHzzJiyCgxVG1rcVQxcXmAUFoffFi7CLidGa4MyezOyLIoFA6FhaE28cfihZbZuAsW/i+oXF+CX6Mxz/brbcy8VRcdkMRbBN1Ec780qrWh1XbDjo/2B18meYzl+msl1jKRf/bgpB2YIpaCyRv8mhbXilfJQ80qz2lDRil/cv0Z8hOnI+Zn/gpXF9YAA4doYIwF2ZpxlpGm/Tw++ddhiJZjRTAlTt3Y3SiWMgvMCshvGLKgS3RyyyQFCFGzduKHzl5ORoPL5Vq+g3RGXjp+VjoOVFi9jYWAgELXX8mBynsmO4ceOGTDv6HE6Y4K8wOlsTtDmHOTk52L79f7R1rY3wlhV2/f1FgtWECfT5JC5gOv0HjUXs0dWIO7kVlyJW49z3i0Hxyzt7WEqRri0MoNXuYtsxvhqJgKnLN0jeO835EB6bFIsug3dvgdOcD2nrKvM4uDp2GnLDDtCE4LoqCikfL4OQWwJ9lgn8Th9S6ypVRN/3/fHu1VNy7mFxVDHTurmASFRWFPVs3l/9uAbv3gL3DSto6yrzOPhp7DRkbaY7rIXFJZJjN3NxhN/pQwqjiw1MWQrF07QVGxVGF3PjEiVuajMXR7z7k+LSJn3f98ewH3bLid3Xp81HyvxltGugropC1uZd+PuZ+9dn12ZGTltpzF93gt/pQ7AdNYK2XnzNMa1DrYi05RtQL6Bg5uLIuO6zrKCvSQz288DRY9doNUmtrV/C5IAhtDbt7QLm8v5BxHH5esNfbZ+PJcGTlYpgbHYPpcIjADSVXW1Z6G4LHdvpWhmvWox6Q6dny/fkZulxaABFPcGqtQchEKivGdsa+jvbK5xbNrsHdu74WCK+T5k0tF32rwqB4ImcOCnrHE74JVurrt38godaq7krEDxR2NfkgCE4sG+pnKAujY+Xi9o22kC2DrSXpzO8POkmHlUO4c5Gr7MHQOjamD6LMjAzMULklZsIGP4GIjZOR9Dmk5K6wDHJf2K0txMelCqOVGI31+OL1wzw3ksGKOP9g7k3ypDerb/k6juv1wssnSpMNC9AvX4jKnX1oNfIhXe3CvzxyAY9G4zg11wBl+ZqAABPxxAL9fqD+qsb8rq9gnu8G8jr1ltuvw9KK+HYuyfi0zkIGO4KU+Pu2HM6BRvnjUHYSdGN1D5WFrTjJBAIBEXostmwWLwYZoGB4EdGoiI8XP1GrcDQxQU2J06g7PPPQcW0ru4FABg4O8OiizlZCASCCKaiqciJag8B9RQ3/1D9NGnA2Dfx5fqJDPpjhjNDsTjydDoWzxuuvqESTBcsh561Lf7drFoIrs1KRcmHo9HrwFnoO73Rqn3d/KMIAuqpyrrFF65oJjCowsWxl0R0F1BPkZDCQfSVHLXnEhCJ6/mFjzQS7QkdQ5OgCs2UQH1DKXRMWDAa1fkCsJhGHhf/rg4Bf+83MFu8HMaT31e7jVgINlu8HPy930AYfa4DRtp+yLprhw5te/Tz7du3MWaMfJwfAAwZMhTx8fI3a8WsWrUSpqZmkrFJ1yYGRNHKsvHUwcGLsW/fPsnypUuX5WreysY/Bwer/26o7BgA4MmTGsn7nBx6+tebb76ptm91tGUOT5w4IRGpmc4hE/h8Pi0u3NXVVeLG9vf3h51db4k7+MaNFBQVFbV7jePnhV69++PtyctxLzcZBt2N4fDGcJiYtu8N2rZQXfUP7Bw80H/QWDwqzkNF+YNWj7fv+/4w7++ErM07Je5esQhoO9oXtmN8YcBmoeBwFMrTs9DT2wOuIQthOXiQyn49Nq2E7RhfUe1XqX5zQ/cjN3Q/9NksmNhaS2r3ui5dAKePZjAW7xQhjoTODd0PztEWMbEyj4OLQ8ah7xR/9H3fHz19PFT0IsJ57gxaH+L+meA8dwYsfQYhN3Q/uD8nSdZzjkSBc4Qe3azPMmF07GIRmHMkCgWHo1BPie455obux/2zsbAd7Qu7Mb4oS8tEweEo6LNM4Dx3htp+bcf4YqLPVbk548YnSuoeS9PT2wMeG1e2SqQXH8ewQ6EoOByFbKlaxvUCClmbd+L+2Vg4zZ0BcxdHpfuQFfml51nW6awK89edYObiKInfBgDO4Si11/bzgmzM8Eez34G3lzNNfEvPKACX90+7CVKKnJ7rVs9os/DYVHZN8l6317tt6ktTdC3fRWO5aP/NFZon7YgRiZI/YH/4Um0NraVvjvJo6v4u9ujv0nn/9x89do22bG39EpYET0ZaRgEtxvpoZJzSBwBaw/noG/DydG7ztRd/PYv2YAUgcv4qdKp3AgLBExw9Rv8OOmf2GACgze+FmF+xJHhSu4vRrYEIwASlPCipkAikQeO9EHHlJnw//Q4AYGrcHUn7FwEAbhXyJHWCZRnV+BjhrkZ4ZbAbYn/JwWf3qyHo1vJk8JTev2HS6wVg6wqgrwfU1wO9egKPygF9fcDQAHhU3Ru1f5uj7LYNPtZzwc1u5gBEwvLxl8qh19wLFt1eARQ8yFLX0IBbhSJ3b9iyAMzZegqbDoqeyDi6fhr6WIuOz4xlJDreZ8sEAoGgCLEQbOznB97MmWiqrm6X/Vh+9RWECQmt6t9s9my8/EX71r4gEAitJ5qhyCh2CjOJLg6cqjpWOj27SCNnq7e7KDK6Wqi6Hu6x0+kInOqtUlRVh/GEqajj3AF16rDKds3VApTOGAOrqDg5EZiJYxkQzb2yCO78wkc4drp9nLdsVndMHueGyePccOFKDqM4b0EXqfVMoFOff0fjbbp7D26HkbQdIgS30Fbnalu5fVtxKaVFixZhwgR/hcKlvb09XF1dkZsrSuF6+LAIOTk5tIhnaVewtHDZHmgrWrq1PHwoL/oCqueQCbLuX9kayv7+E2hC/PHjx1vtNH7eqSh/IBeZbNGzD7xGahaj3FkYdO+BtyeLXKa9eisvU8EU89ed4HfmECrvcMCNT0TlHQ7qBBTqqgS4f+YiDNgs2I4eAY8NKzQS/iwHD4Ll4JZ+Zd2VxraimsE9fQapFX57+gyC61LRvya21ipr8XpsWgnnuTNwO3Q/KvM44OcXQp9lgupiHqqLeYxcouJ6xtXFJTCxs4axrWbpWuavO2HYoVAIi0tQ/GxOhdwWF7J5fydRfV8Gxy59bK4hC+H00QyRQBuXiDoBhco8DjhHolB5pwAGbBY8NqyApc8gpXOkqF+PTSvhGrJQcv7FwjwAGLBZMH/dCX2n+Kvs0+TZ+TTv7wTz/k4q2zrPnQG70b4oOByFsrSWGsh1VQKU/X4TljJ1j3t6e8C8v5OcO7vyDgdlqZno6e0B2zG+amO6ZRn8zRZkbd4pWRZd91SbHkToCpyLvoGSkn8lyywTI7w3aSjY7B7w8nSmCUF7wqPbTbz6OYEeTezsZIc5gWPa3rFU/LOOxVtt708DdHqNBXKXSJabK35jPAbZuf/5ejaORsa1eU68vVyAfS2mDB7vMcZPWof94Uu6nMAn+2CCWJBdEjwJMwJ3SNafj/lVpUucCbLzvW1HFPo7926TAC57TQPA+rXMHzxpb2QFamvrlzDaz0PyXvr3wvnoG4xjuzsSIgATlPKgtAJ9rEViqxnLCLdOrEBS1j3wq2swwt1B4gAe4GgjEVnZzfX4qqEQ7OZG6HXThfX4d2Cu+xS10IXdYx6y61ri+9KdG2Du9hcEfArVAIwMgZqnQPrdAbDqcQuNjQBVDTTVP0QPu0q89gQ4ebcceJb2XO07Cs3de6LqyRNM/jUZMxvrAQBPuuljWc/BSKhoxq1CHvjVoieVg8Z7YYS7g+i4rCxoYu8AR+tnx0sEYAKBoB6xU7c4IEB94zbso+bmTcbtjTw9YbF4MYy81dcXJRAInUNCMgfhh9XHOQOArZWojiwT5646AZZJhLQsXu72+OVGoco2VHUtZi86hn1ffdCqaGsx5iu24EnSNTQ+Ul+S49GC9+WcwEwdy+GHk+Hlbi/nrM0vfIQ122JBdYDoOnmcG2MnMOHFwMDl9c4egkraKgQ//jwEtTc1j8XuTKqqWlfru6M5ceKEnOAozcyZs/D556uk2h+XCLGy8c+q+tEGsvV2uwrq5lAd4TKpP7Nm0fuaOXMWTQA+ceLEf1YArnv6BPdyk+WilJ8XDAyN26Vf89edWu3sZNKva0jr+xCJycydmcZ21hi8e4v6hipwDVnYpu3F49DElcoEA1MW+r7vr7HYybRfqP+vVSHGdtYazZmxnbXSGHFZ/M4cUrhe/PBCa2nr9l2Vo5F0l+UoPw+JkPbepKFyTsD1a2ZqvSZpXn4RqOoa2ro5gVpImamhu1t1XupYARh6pgDrdYB69qDlk4cAQwF4SfAk7AmPpouSX0bB28u5TaKkj5eLnNiZX/AQw/2W471JQzE5YAh8vFxa3b+2kH0wAQDmzBZdEz5eLjSBkqKe4Hz0jTaJ4wfCl2LcpC9ofa5aexA/Rq5t9fWeLlM328vTuUuJ7HvCL9CWP5r9Du39ti9bUiiOHovHnNnvtGs94tZAagATNGKEhwMChrtKxF9A5ADmP4szvL3UF9OXBWHArCl47b3x6NFUh+IGXZRwy8F/1QHFrzrjkXUfPLLuA93+feAy/hRecRgDW1s27GwANguor7qF7oaAnQ1g8RILVs4TMGTWKTQNtMMj6z6odnDCUycXNLLYYJuzYev8KmzmBaHn5g14afky9A5ZjD0ftNTQNJOKd+5jbYERHg5E6CUQCG3G0KX9vuw1cLmMxV9WQABsjh2DzYkTRPwlEDoZzt1HyPijiPZKzy5C+OEUBMz+AcGrzzASGa17mUoEVSbu1oRkjtLPVm+92CqxMXCaD6N2BXfLEDD7B0RfzVEZb51f+AiRp5Q7bM0WLGe0v+ZqAcpXzEUT1eJoFovl6qCqazEp8CAWfX4G4YdTJOdlUuBBFDBwWitj9daLuJ6i/BzIkl/4qNX7InQuDTxuZw+h3RALwTxfH41qBFtGnYPl8TMw9GT2O6MrII5bFqNpfVlFDBkyFE+e1Ch8qYouBoCvvvoap06dxtq1X8DOrqW0UVVVFVatWqV0O3EtWjGXLl2Wen9JZVtlKDsG6fhnRShzMWtCZ8yhKnJyciTxzgAwfvx4Obe4m5sbbX8PHxYhNlZ9ysOLSK/e/ZGXeRUV5Q8k6yrKH+CvP1No69qb6irt1TgkEJ5HKu9wkBt2AFmbd4Ebn4S6Kqqzh/Tck5aRjwJOMW3dkuBJkvdTJg2FtfVLtM9lY3m1QV6BfAxxf2f5koia0lxDPzboMfvbSpvo6LMl7+XGo4YD4Uvl5v/DwB1trge8fs0MuX4BkctzRuAODPNbhvMxN9qt7jATZB9MmBwwhCY+yrpRjx5vW51aNrsHDshEbIujt1uL7EMNPl7OSlp2PPEJWQqd/2LemzQULCndiaKeIP66vKO5syEOYIJWEDuA5x3/DaHlqTBqrIehTBu7l61Qb9gd0NEBANTW5uNRwWUMnn4KAFCUcw7uFiZ49Z9HqHv6FP9WPkVFAx9T5oYh/eJG6OAezNle4FPPfjFkZaOZ9zdkKw9T6IYZeq5ANxaSsv5qx6MmEAgE7SNMSEDZ6tWM29fcvAnD/v1h6OICXTZb/QYEAqHd2B4mf4Pac6C9xgLspHEtUZosBvHKO/bEgxLWYtLYNyXCcUIyB8fOpCMju3VOU293e8Zjp6prsWar6Ia3l7s9vNxb4h4zsh8gv/ARqOpaeA60VxrBbDxhKvgHvmHkAm4s5aLym414aVMYAFFctnUvU8Yx19dTOBoJtuqIuXobMVdF4sfIYU5wcewFL3fRE+deA1uePE/PLsKx0+lqo7UB0fwTuh4NXM1uSAFd3wEsi1gIFkQehMXaTTD0/j+12xh6/x8so/4Ptem/g//t7i7vCLa3t8evv7bE5d24kYLFi9XXx20v3NzcMGzYMPj7+2PWrFlwcWm58XXjRopctLMYVTHQ7R3/7Ob2Jm0OL1++1KnOV9k59Pb2kjigb9xIQUpKisYx0LLu38uXL6NHDyMlrVs4ceI4Y8H9RWPIuE/wy4VvwDLtieqqf1At+AevvTEMdv3U14fVBnW1QsSd3Ir3Fn7bIfsjELoalXc4+GnsNMky50gU9NksUe3iOR8+9zHMncXRSLpopsihOGXSUHwrFRksjtvVJjye/AMunVl7lobgTzSV/wRdB2YOdDmkRGdNBWCxKDlh8nrJOop6goWLw/Bj5NrWjQeiub0S/T9s3XGCVudZDI/3GKvWHASLFYWvt8+XxAJ3FIoeTBDXphUzeqQHtpmckIisPN5jnIu+0aa6vf1d7LFu9Qya87W10dudKZ4z4egx+s++tPMfEF17o/w8aNfHt/ui21wXWdsQBzBBqyRUNGOqzuvI15GPz7F4XApL3t+Sl7PtXzCmvkfGEUcUXpuOmoo74D34Cw31DXhaU4OmGh4MnmYgeV8fWFRvQR+LAtQWZdL6kEUs/uZ1I19qCATC80Ntfj4qwsPx4O23UbpoEZoo5k/pNvB4eLx9Ox68/TYqwsPRJBX3RyAQnj9MjA0xWUoAFtfjVUf4oWSMnLwXzoO3wnnwVgSvPtNq8VfMl+v9Ge1bmozsIoQfSpa8MrKLJK5nqlq5Qxhg7gIGAOHls2gsafmDV1o0byvWvZg/9S7rer6ewkH4oWTM/vQYZn96THI+nAdvReCiY4yE57eHOmo8ZgJB29Tn56Fs1gcom/k+atN/Z7SNSAju+o5gWSHw8uXLKCrqGrHs9vb2mDFjJm2drBApjWy88YkTx5GTk9Pu8c9Dh9Ln8Pbt20hJSdH6flqDvb09JkygC7CytXzVwefzcfnyJfUNFdCVrqeOxqJnH7wzfQMse7vgNddheG/Btxgy9pN2i1cWU131D4rvZiLu5FZUC/5BYvQ3+OvPFNTVCtt1v4oQFpegPC0LuWEHkDJ/GePt6qoocOOTkLV5FyrvtP4htboqCuVpWShP63oOJPHcKFrX2jGLt+fGJzHepiw1E+VpWbh/7hKExSXqN1CAeJ658UkoT8vSqsu28g5HMh+aXgvmrzvhw6I/JK93r56C69IFKL72C34aOw1Zm3eBc+RH3D8b2+Yxl6VmImvzrjb18TzA5f2DhF+yaetkRTbROnoUs1ho+y/QzD2Jht/eRtPdnXJx0oxpaHmQV9oNzBSxKClNekaBXHyvprDZPbBzx8eIilyDyQFDFLahqCf4ZPEeLAwO61BBU9GDCbIPBIgFSmkuxLT9upwTOEZuPrZ9GYW8fM2+/3S1qGRp8vKLaBHgAN35r2wdj/cY8QrqGncmxAFM0AoDHG2Q/IfIbZvXjYUZuq6Iqs+FS7PiL9z3bGvxkk4DrHoCtbX/wKb7NTwovoY+dsDDe8BrNsCDGmCAE1BaDpibAlUUcNtWB0PuKh6DIvF3hMdrxAVMIBC6HBXh4ajnctHA46EmI0MrfTZRFCr27gU/IgKWX34JYz8/rfRLIBA6ln1fT5Wrp+s33EniMG0tTg6W4NzTLObYxsoMx7+bjVmfHmPkWlWHuphl4wlTIfjxEOrv5jHqr2L3Rryy6wgAIHCqNyJPMXPXqmL2B17Iv1vG2E2c34boaGUwjd8mdDytcfPW5d+B0Sgt1GfrJGozUlE2KxWGXoNhtjjkhXAET5gwAStXsmki6dSpH+DatTi5iN/OIDg4GFFRJyTLUVEnsHPnToVj8/f3p9UBlo6Blm6jbfz9/WFn15sWkbxq1couPYfr1q1j7IS+dOkSqqqY/T+giOPHj/8nagHX1QrlxF0T01cw4K0pHToOE9NXkHE9EhXlohvPD+9mwrynfbsLz7KcfWMo6qlqjbapq6KQMHUe+PmFknW2o0cw3l5YXALuz0kojktEeVqm3Ofm/Z3Q02cQnD/6EMZ21ir7un82FrlhB+Cza7NGtYEBIDd0P+6fuwTXpQskdXTrqijkhu5HZX4hKvM4qBeIBMd3r55CeXoWCg5HQciVF2B7+gxC3/f9YTtqhFLHasIH81CeTr/B/mHRH2rHKbvdyFMHafNSeYeD8vQslKVmoiwtE/UCCj67NkuOSVhcgtywAyiOT5Qcjxjb0b7w2LBC7TwrghuXiPvnLoEbnyj3mbGtNfq+76/UwcuNS0Tqio2wG+0L9w0raG3EtaKd585A5R0OuPGJ0GeZwHa0r6Tdj/YD0XeKP3y+2ax2nHVVFP4+f4l27mxHj9D4enme2BMeTVu2tn5JodOTze6ByQFDaE7AiGNxWnUCujjL/x+Wl1/UqS7gZu5JNOYuAQDo9pkPGLU9krq1EdRzAscgr6BIxo0ZAxdn+za7c328XPD/7J13XFP3+sc/IMMACQERlGlbZVlcqOj9IWhFsK4iHQ7EUWevWLGOWy1WbV0tdV2h1eqtCxzVCgXbCsWqYK+AwhWwBqy1hmVVxJAwBBR+f8SEnOyEgKPP+/Xipefke77nm5OAmPf5PM+QwV5YHDkR+w6k4rvETIXSxT+fycP6zeI0cHuj7MaEN1W81xZHTmRck+ycImTl8Nrcw3j1ymm4xuMzUshTZ2xCRvrWNs37rKSC5dO/qnoTOzt1VegXvf9QaocnwtVBCWDCIHDlyhMKjUwRbuqjNAkMAAK37rD7xw8ofxiCJii/s8f8SeBEJAIqH48A1/couP8YpHRsOcxVJn8FNer7FREEQXQ0VTt3QpSYaDD5K0uzSITbCxeiPCKC0sAE8RxhZWmO2M3vKC39uyoqROckriwePR2waE6g2jEVfwmU7vdy74bNq99o0/l1wXap5g+fJNSfS0XDZXEykcPujM2r32jTuT16OiBSw3VqbxbODqDyz88wf+dWC2IR/GIkgrlcLj76iCnnCgoKMHp0yDOR3JTvKwuoTrBKykBLKCnhIz6+VXy2R/lnCfKC81m7hrLXBdAtBRwbu5Oxffp0qtr+yLt3M3vfyb4GLzJXLpx42kuQ4j1wjNz26x2+Bl3lLwCYWbPhEjJC5+NqSyuQPmku0ifNQenpX4CWFqXjHlwrRvE3Cfjefyyylq5RmXi9c/EyspatQW1ZBc5Mnoubx3XvZV1bVoGsZWuk22bWbFi6OOLuE5EqQZxEjVEqfwHgbtZlZC39GD+NmYw7FxWlNgD4LFmg8/q0IXddDHLXxaBMRvDmfvKF+PosXYP0SXNQU1oOS6fuCseWpZ3Fj2MmoyxVUeKq4q40LtMAACAASURBVM7Fy/j+/8bi5vFk2A/xxYCPl8Fj1lSYsq2kY2rLKlC4bRe+9x+Lwu27FV7D3HUxaBKKcPNEMs5Mnqsy2WvT2wM+Sxbg5bcnKIjkmyeStXrNT/QJUHjtCrfv1vr5Pm8IhXX4+QxTsr07XfVNffICjldUgqwcnsHW4+xkp7AvO6dIyUjdMGK5MHcIr2p1nKz8NXKaBGOvDXqvoaW+TO9jZVm9cho8PZjPZ8WqPShTUj5bH5ydumL1qmnIOLMN7y8MZfR/BcT9gTsi/ansxgRVNxtIBKUs3xkgnS5JR8v3wF2waLtO88i/XtmX2v6ebitl5fcUyn4rS/5LkP/ez84p0jkN3Z5QAphQSY/utrhVId9hVzn93J0U9kkksLIkcBVqYMF1QY+3TuP+X7cgKkuHhelV3G4UQPDoCkwf9cSjLnbIuClEb/8IePi+jnslhWh5dEzhPDwjS4Sb+kBoZKp0XdokgK9cr8DMsYO1eq4EQRBtpceZM6jLyUFtejpqz5xpl3PU5+SgLCICDps3w9yrbXf2EQTRvoSO6YNFcwIVkr8SOOzOeidxHbtZ48vP39E4rvy26qRTUKAHvnefhw8/Tda5n7GumA/8B9iTZ0N09D9ajRfs2QqHgeJEYlCgBzZGT8Cq9bp/aOnR0wGHvpwOjhY9l9uLhbMDNIp64vnjYfZF6JdjeDZpSyK49uS3EPx7Cx5XaO713d4sWrQIBQUFjJRoQUEBvLw8MX78eAwbFiDtu8vn81FQkI+MjAx8/nmM0l6yJSUl2LBB9Qef06ZN00nERkZGMpK9cXFxKvsUR0Yuwvz586TbsslVXcs/q3sOrq6uiIhonS8iIgIZGRlaXUOBQICCggKkpCTrfQ2HDRumUx/fadMiGNcwPj5eq1Rufn6+tK8yALi4uGo87/jx4zF/fut2SQkfycnJL3wv4Jrqe/ir5Bq6uXo/7aWgsaEWXr6jYWvfAzeunkfjw7oOTwDri8e74VpLtMZqEYr3HUbhtl146c3xCDq2h/H4g9+KcfN4Mm6eSFYQ0jdPJKM07SyCju6BTW8PxmPy6WGJyJUkX/XFc3Y4iv+TgNry24z9zqOGw37oQFg5O+LBtWLUlFaIpavMmiUyWjaBK8Fh6EBYOnVXmLetBOzZhp9en8SYt0kowpnJc/HSm+Pxxn9/lO4Xl0COYaS3m4QiXFy2BkHOjgrXWJbGahGylq1BWdpZpc/PZ8kCFG7bheJ9hxlzF27bBVO2FTxnt5a6lV3rg2vFODN5LkYe3aNzv19VQl4Td7Mu487Fyy9kCnjfwdMQiZhpxOxLPIhqlCcUlSUX9x1IbXPSUoK3lxvYVixG8nTfId37riogl9ptERbCiPOq2kPk5W+nPjvVjldLfQkg0/fXqMv/6T2VREpOnb5Rep1EojpMnbFJ//WpOM/iyDDMmj4aASOXMF6T7xIz2zX9qezGBJGoHv+OS1RxBBTexyeTLmBx5ESliVZd8PZyw+eb5uG9RTuk+7JzirCifI+ao5gEB/kyUsSSGycM9X2jD8oE+cmkTBQVKy9xruxGj30HUxGzaZ6S0R0PCWBCJT0cbXHrdpXGcf3cnWBmovytpEoCmz0qwx8/+ON213+g2dIfdi8FwnvgHMaxV7N+hMndsyj77Qc8/PPfqLp1Go0iWwAvS8eok78A8LDhkVI5LY9AVI8ejrYaxxEEQRgCE2dncJydwQkLQ7NQCOHJkxAmJqKxyLB3ujUWFeH2woVwTUr6W6eWCOJZZFB/NwQFeCAo0EOl+JXFy70bvj80Dxu2peKXzOsax0vOEffZO1pLTd71v+Dl3k3pY5Jy0Onni3HgWHa7imDr+UvxMPeiVqWgG3Iv4v7aJeiydhsAIGxsX3CsOmPj9lStyjhbWZpjxmQ/zJjkp5f8Lb+tPDmtC68Nc8eMyUMo+fscoI3slOdZK39sKPQRwZZh78Ay7J1nRgTv2bMH1dUCnDrFLJuckpKClBTd+r+WlPCxYcN6lY8PGzZMJwEcEcGUlyUlfGRkZCgVkfLyURZdBaS65+DvP4whgAHxNeRyrREXF8fY3x7XcNWqj3QSwMquoTZSNj6emRSOjIzUeC4ul4vw8GkMGZ6SkvLCC2DvgWNw4cevMGHWZpiZW6KxoRZ3Snj4q/Qa7t+5hcEjp8PWvkeHrKWbqzdce4krxvX0CXwq/X/1xcyaDVO2lcYEcWO1WEQ+uFYMez9fDN36icIYm94e8O29HD5LFiB3XQz+/I75fdgkFCF98lyM+fGoxlLFhpLAzsEjGCLTJ2o+I8Hr/CQB3VgtQvE3CQoyPGvZGth4eygIVUtnR4MLYDNrNnyWLGAkmQHA0qm7wvV2GDoQQcf2KlznJqFY7r7+01Gl55B9HT1mTVV6fc2s2fBduxzOISOQtfRj1JbfhqVTdwTs2aZWLANtk8D6cvN48gspgJX18P35TJ6CfFNH+i95KCu/12bRJmFUkC8jmVheXol9B9ougY1sh6Kl6iIAoPnOT+jkPEXlWIPKXwAt93+VW4v+AhhQLiXLyyv1mutEYiaCR/qq7FXL4VjgzYnDsP9QWuu5KvQ7l7YouzFBJKpTSAVrnOdAKlavmtbm9QQH+WJmRDDzGuhwvUeN9MW/45IY+9ZvSsCpRNW/E7YnQmEd9h1MU9iv6/e+oSS7ISABTLSZ4b6v4HrJXbh1swH/L8XEsDIJzGZ1himE4t6/t07DqBb48aQVbBx6oL7BBLbWQAX/Bga41+Cve4CTLdBkCdyTqWaqSf66dbNBEf8Ohvu+ovE5UJlogiCeFsYcDrgzZ4I7cybqs7MhPHkSoqQkzQdqyaPyctzbsAEOn31msDkJ4u/Iwtnaf+gsi1N3LmZM8gP7iVx07m6tlfBVNdeXn09C+W0BDhzNBu/3Owoi1rGbNTx7OSgVipqegzYCNChQLK151/9CTh4f2Xm3kJPHV5pMtrI0h5d7N3j1csDgAT0wWEvBacy2hsPXJ3Bn3ltaSeDaU9/CzN0b7KlzGWtMP1+M9Iwi8K7fYfQ/llwjvwE9MHFsX4XnPXFsX7VrHTyg9cPssLF9ETa2L7Lz+MjJuwXe9b8gqmkA7/pfKtPag/q7gW1ljqBAT/gNcNP7/UA8HYys2GipUV5eURX1P59+rvsAq0MigllBIbBdtRadnF00HvMsieBvvz2O5ORkxMbG4sKFtpfDMxTKhGJs7E6lApTL5WLcuHEKIrs9yz/LEhPzBcaPn4D169drdQ3z8/N1Ern6ouwaxsXFaZSy8qWitZW448eP17p384tCN1dv2Nq74ezJrWhsqJX24LXp6gr/se91mPwFoJD2fV7SvxJsvD0UetrKIisNAc0lkM2s2Ri69RM4DB2oIDOlKdVjmhNahpDA8hLS491wleN8liyA/ZCBODOZ2UMzffJcvHHhB8Zc6q5XW3AYoigynYOVl+k2s2bDd81yPLhWzEgCP7hWrDQVK/86yiZ5la5l6EC8/tMxFH+TAI93w7UWuu0pgT1mTcWDa8WM6//ndynos2SBXv2Pn1VOJGaiouK+QebaEZtosCTg4siJ+Dk9l5E4Xb85AWyORZv6DRs5jJEK4Ja7p4FH1Up78Rpa/gLA41utP4uM7A3z+7IyKakLWTk8/DsuEdk5RShfeA+LI8O0PraszDDlplWh7MYEffgu6QIWR4aplNu6sHrVNGTl8BhJXm3x9nJD0GsDGD2NeUUlmDpjI3btjDLI+nQh7UyugmDXl+8SM3V677QXJIAJtYjLQFepTccOH9ATI/bEITTQBzuOZSgdI5HA0Y9uIqz5LkxMOjEe79wZsLepgbnRVVwrAjhegL2NeL8yNMlfAAgN9MH3568iarL6UnpXrpejXy/NKWGCIIj2huXnB5afH7osWoR7GzcarDy0KCmJBDBBtJFnqTSvU3cuVi3R/S5vQz4HL/du8HLvhhmT/Rj71aWIdUFXCfxg61o0Xr8Gm6VrYcwWf1ghEcG6Eja2r87H+A1wowTv34TOfkNRf0a3D5Pq0l9cASyhPj0V5empsAx7G9zID54rETxhwgRMmDAB+fn5KCgoQEZGhkIf24CAALi5uaFPnz4AxL13V636SOtzyIpYefmpStJGRkZqLXAjIxehTx/mzy5tJKu+z0GegIAApKWlgc8XJ5XVXUPJunS9hrLPxxDXUNm5+Xw+IiNbS227ublp/RpMmDBBYU4+n/9CC2AA8B/7HnLOHERLdQtcevrCtdcg9PTR7/eNnDMHMHjkDAOv8PlAIgSVIS8NuV7uWqctX357AhqFIuR98gVj/92sy3jwW7HGNClguCSwBE1C0mHoQAz4eBljzU1CEcrSzhpsDbLnkkeZxFS3ZokElpfWZalnFebPXRcjfR3t/Xy1EqYSMa4rhpbAkn7MDkMHwnN2OL73H8t4vGDbLqWp9OeVfQdOM7bZVix4eWn37wGPx2cI2p/P5EEorDOIyHJ26orFkWFYvzmBsf9fq/Yg51IRoj8MV3qesvJ72H8wDScSM3Eq8VOFVKKxw+to5q2Wbjf/uRvGvVYwxrSH/G2p+hUQtfYcNnYwXP/21aum4VpRCXJ07CmblcNDuEzJ6H/HJcHJqatSwS4U1uHnX5ipUG3fJ/pgyBsTRKI6fJeY2fYS4k84cvAjhXLY2rJ6VTiyc3iMY7NzijAuLBqrV07DqJEDFI4RCuuw/1AqvjmQiuiV4W26AUKWHbEnDTIPAOw7mIZZ00d3uMSWhwQwoZbhvq8g6Xwhoqao/gWey2ahby8nvDWij0oBDIgl8ApTD6AJcGxQ/stt3s1+eDlwBm7w89GTtV/pGG3kLwAE+3lAIKoHl81SO+5c7g2tUsIEQRAdhYmzM7p/+SXqs7Nx+5//RHON+nJg2tDA41EvYIIg2h1DyF8JxmxrdD/yM6p3b4HwyB6NqcvaU9/iYe5/wZ2/FJbjNPc9Jgh90EcA1yaeAHfRUq2k6PNO7cnjqD15/LkUwX379kXfvn0Vyhwrw83NTat+ssoICAjQSs5K1mPIOeXR9zmows3NDREREc/FNVR27rasSdWcLxKNDbVKk7b+Y97Te86a6nuoFVbiRuF53Lh6HkZGRvDyfR1mnS2euxRvW1BX/rn4mwSGIHYJUZ5GVYXn7HDcPJ7MSKgCQFnaWQUB7DFrKmrLKlD28znG/qxla3A3KxdDtqzT6dz64jk7HGWpZxkp07JU1QLYlG3VruuxV5IKlsVh6ECFMt7yUv/Bb8WMUtGGLJlsyraC75rlKNy2S6En8E9jJiPg661ayX5tsB8yUCylo+YzynX/+V0KfNcs77Cy06r4LukCsjUIv1Gv+aqVXsqSjLviorTuSVpWfg+BQUul2yJRHfYdPG2wJOCsGSG4VsRnlIIGxGnD7xIzMWrkAHh7ucHJyQ7l5ZW4xuMzStcuiNyBwwdWMaUUyxVGTpPQUn4MANB862sYO0+W9gduD/kLAM2/x7RudHaGkZrS0/qwOzZKZyk5ZLAXPD1cGO8BiWAfNdIXo0YOQFn5PWRfKsK+A6kK5Y6DR7Zf/1/5GxMGD/LEkYOrtD5++cqvGe8bg/SQfgKHY4FdcVEMea4tzk5dEb1qGv61ilmZory8Egsit8PJyY5Rivsaj4+snCJpUvdfq/aAw7Zoc+/ltPRcBcGecGCl1t/713h8jA9rvZFCJKpD2plcg8lpfTF+qmcnnnmGD+iJc3l/aBw3c9wg7E3OxhsB6pvEA8AKUw/8VmMOc3PFx9gsAVpaANFfV6T7rGXaVt6rZWklf2eMGYRv069g5rhBGtdzLu8PDB/QU+M4giCIjobl54ceZ8/CzNOzTfMYW1mR/CUI4rnFev5SOB7+GZbj3oaRlfoPlR7fLsP9tUtQPt4P1V9vRVPxVbXjCUJXOuvRBxgAKj/8wMArebapPXkc5a8Nxf0Pl+BxmXbl4CzD3oHTuWxYRy6BMYej+QCCIDqUG4XnUVNt2NKWZp0tkJ2+HzeungcAXLv8E678esKg53jeuXk8mbFt4627yOujJEEqSXTK4hwyAgF7t2HIF4qi9+aJZGQtXaOwX57a0gqd16cMedl7R0YGP/iNKVf1uSaGRn4N8oK36D/MxKYpx3Ci1MbbAy+/PQGv/3QMXC93xmO1ZRVInzxX4Zrpyt2sy+B6uUsFr8+SBbB06s4YU/xNgrJDO5Ty8kpk5xSp/Uo7o758+L4DqYxtTw8XrQUQIJZZYaH+jH3fycnathKzaR4GD1L+OdHPZ/KwIzYRK1buwY7YRIW+pbyiEixYtF3huE69lrduPBLiccH7ANpT/n6Olqr/Kj+/geBwLHBYB0EqIWbTPLCtmIGy7xIzsSByO17xmo7AoKVYsXIPeEUljDGOjl0MJlTlUXZjwps6isXFkRMZ2+XllQYrKQ2I5fn7C0P1OvaticPw2ca5Sh8rL6/EvoOp2BGbKH1Py5dpXrFqD8rK2/Y7yr6Dbfve9/ZyU/i+/Hecbr2Z2wMSwIRaejja4tbtKghE6u+UGe7bE7duV2Fe6FCt5hWY9ECpQFEWB/S9hXreErw+uFUAVz/p+9to4oEGc83yFwDeCeqHW7erMNxXvdgViOpx67b6EtcEQRBPE2MOB45xcTC20v+uZruPtC+vRxAE8SzSydEFXdZuh1NKNrqs2QrzAUPUjn98uwzVX2/B7fAQlA73wp35b+HBljWoP3da7XEEoQlTr94w9fTW+biGnItoyP6v5oEvGPqIYOv3l4I9U/kHQH93+Hw+MjMzkZKSgtjYWGRmZiIzk/nBXXNzM6qrq6VftbW1Os8dHx+PzMxMhTLOBPHrj7sMOp+ZuSVGT/2YsW/wyOkvTPo3fdJcrb7UyUDZRCegnzh0DhmhIOvk55Xl5bcn6C2Ba8oMI4Dle/E2CVsrwTQK1VeFeRrUyj1vS2dmeee7WUzhLrh2HYXbd+NuVq70S5mkrS2twM0TKShLPatxDWbWbAQd26sggZuEojZL4JrSCoXXZMgWZsnnom8Oo7H62XttdKGs/B6jFykAzJqhexsPeTFnaNEGAEcOrkL0h+r7SCuDbcVCWKgScchyhXGP1t+/Wqr+i0cXXmsX+dtS9Suab8iUpmf3Nnj6V4K3l5vO18nbyw3Rq6YpSGB1sK1Y2B0bpevytEb+xgRHxy46J0udnboqCMqTSYZ9Xy6ODEPQa4olm7XhrYnDkHBgJRwdu+h87Juh/gqlzXXhGo+vUC7cUN/7aent07NeW0gAExqJmhyApPOFGsdt/yAUe76/iMWTNJdi+rbQBn5TU3CPsw0Pzf4PD6pbH+tu39r790E1UNPJH3fN/oX+U7JQWatZ/q6ZE4yY+F+w/QPNd5wknS/EzLGaU8IEQRBPExNnZ70TvNzp08EJM0ypIYIgiKeNMdsaluMnweHr7+B89hq6fvEfWM/9AOYDhqBTNyelx5i5e8Oslzc6+w4Fa/iL3YeV6Biswt7W67i7/5yDJt5vBl7N84GsCG4WVms+oJ2xsGAxvrp37waBQKByfHBwMGO8Nvj5DVY4jz5Clc/nY968efD09ISXlydCQoIxadI7WLFiOUJCghESEozu3bth+fJlAIBr166he/du0q8JE1T3zBQIBNiwYYPC3PPmzUVISDC8vDzh6emJDRs2qL0+69evV3iuc+eql/iyY4ODg7W6DvLnCAnRLmUj//plZKhuXUWoxrXXIPxVeg0lv19i7K+6ewt/XM3Atcs/6jVv48M6uPT0hZfvaFhy7AyxVOb8DbW4UXje4PNqw92sy1p9NakQmspSuvoiLyTR0qJ2fFsksCHQpj9uR6EpYVxbWsEQ6vZ+vgoJZnnhfvNEMgq37UL6pDnSr5/GTMZht/7Sr+OvDkPBtl0wY1vBWcvS3+0lge9mXVZINTsMHQiPWVMZ57h5Iln+0HZFF0EngcNW3Y9zRywzrce2YulVvnXIYC8F0bZfLl1oCGbNCMH59C2YGRGs8VqwrVh4f2EoMs5sU/mcjL02AOzerTue9Oc1pPyF8Coe58r0ezdhw8RQc6tg1owQhVS2Jt6aOAyHD65SmbSWJSzUHxlntsG7nfr/KrsxQd+ywrOmM393ys4pQlYOT2GcUxtkasymefD00K/1zZDBXvghcQPeXxiqlQgOC/VHwoGVWL1qmsoxHLbmm8rk079sK5Ze5bzfmjhMYd37Dxn+e18XqAcwoZHQQB+MeC8OM8cNVjuun7sT3LrZwt21K/r2ckT+76rv+rvfYo/ziWswbOwyeAVEYf+Gqej1ah/UdLODSeca3DMDzL2tYOsRhF7deqCyrBAF6Z/h8P86q11D316O6NHdFoJeD9HPXfmHgLIc+OES9q1unzuMCIJ4sanPzu7Q8z0W6XYnrbGVFRw++wyWQUHttCKCIIinizHbGqzho8EaPhrWWKr5AIIwEBZBo/Fgo+59EFtEQlR+uAQOh47DmGPdDisT0yysRotQ+Ez2HK49eRx1P6eCM3MO2DNmt+t10IXq6mrExsYarIcrn89HYaHiTdSHDh3S6Rzr16/Hxo0bNI6rrq5Gfn6BTmvMz8/HpEmTUFKiXkqXlPCxYcN6HDp0CMeOHdO6L3FCQjyio6Ph5maYD0NjYxU/HM7MzACfzzfYOQj1WFl3xSuvBuDXH3fBaIyRWAZfv4wa4T3YdHVVSPLqMu9rYeIbGAaPnIGa6nsGTQDnnDmIOyU8uLoP7PBksb2fdh8ey/a6lUVZn1j5pKm2OAwdyDiPghBWwstvT4AZh42LSz9m9LeVSD5tegK3tfSwIZHvy6stmvra5q5r7WMq6ccri7JULNfLXWU/Z0tnRzgMGai3BJdI4Nx1MYy+wxIJHHR0j049gSWCO2Oe5nYWxd8chuds3VOp+nL44CoI5UrBasLZSfWNJrOmhzASfOrGamJ3bBSuFbX+G6tOPLcFZ6euWL1qGlavmoasHB7KyitRLlMKl8O2hN9gT63lpEmfnXj062tye42AR9WASdt+b2u+9TWaeczfg4x7rQA4mltKAuJ+rLJ4e2r/73/MpnmYNT1E+n7R5lhvLzccObjqSR/lXGTlMBOiQwZ74s2Jw/RKnuryXDhsS4XxupQmliU4yFercweP9IXzgdb3vy7vXw7HAkcOfsR4/+sCh2OBxZFhWBwZhms8PrJziiAU1aLsSb9lZyc7ODl1ZfQFVsebE4fBy8u1dX4lz0XZ9742cyvjyMFV0rWqOl9HQgKY0AiXzULfXk44l3tDY0nl7R+EYviCOKycMRLzNx1Hde1DlWMTL16HXaM/SroPBxqrYIS+qBSxMTBoDn6/cg6PhX/gTuFu3Mq4hsb753CuiAN+g+q77a0tO2Pje2Px+aFfkBTzrsbndS73Bty62VL5Z4IgdKI+OxvCxESIEvXv43DDwwOswYPB8vMDa/BgmHt6qu11V7lxIxqLilQ+LouxlRW4M2eCO2MG9c8jCIIgiHagk7MLLCe+hdpE3ftUNvGu4U7E27CP+0+7CNom3m+o/HAJbFetfSYFMCAW4dU7t0K4f+8zJYLj4mIRGRkJLpfb5rmUyUoAiI+P11oAz507FwkJ8Qr7XVxcGcKTz+ejtLREJwman5+P0aNDUF3NTGPLzi2ZV0JJCR+jR4fg2LFvERCgueoXIBbYe/bs0Xpd6jh06JDS/bGxOxET84XSxwjDM3jkdNRU38MviVsAAKZmLPT9vzfhPfB1g8lVK2v9U0eyVN29hV9ObkGtUPwh7He73n+y1jEGmV8bgr7dq9W4w279VT5m7+fLELdlqWcV0qX6oI0ABsTlo4Oc9yJ90hy9JHB7lGvWV4LLrt9QXPzgY5T9fA6A+LXyXbNcQa4qE8hmHDZ8lPRm1gdl5bzNrNkYulVcormtErg0TVx+WtUNDbLvz9qyCtw8nmyQ96g2GDpxacj5OBwLvSWdvhjifC1CxRvYWsqP4lHVr+jk9SmMHPT4GSq8ise8aEbPXwDo5LNDp9LPbX1++r6+3l5u8PZyw+I2nZ2JLs/F0O8lbeZq6zkNtWbJtW8L2qzFkN/7zk5d21SO2tCQACa0Yu3cEMz69IhGAQwA+z+egtAV3yBlyxyMX7pXpQQ+XtwfM/pchk1NMoJ8gAf3L6B7JyBv92S4OgG37wL29sDtGqAFQOat3krnAcTyN2XLHESsTUBSzLvgsjWXAFm3N5XSvwRBqKVZKERDUREaeDw08Hioz8nBo/Jyg8xdn5OD+pwc6bYxm620zLPsGHVYjhwJTlgYJX4JgiAIogPgLlqqlwAGxBK44o0QdIs/DlMv1f/H0ZX6n0+j8sMP0CIStnkuIyvxh9UtNe3Xy+9ZE8GGTAGrkpUlJXwkJyerLcsMAMuXL1OQvz4+PoiJ+UKpfM3IyFBbolkWgUCASZMmMeQvh8NBTMwXiIiIUJh37ty5UhFcXV2NSZPeAY9XpJUoN1QKODk5GUKh8vd1fHw8CeB2ouruLdja92DsMzO3xOgp+iV9Oxpb+x5w7TUQvNzTAABTc4sOlb+GQj65eyc7F43VIo2pVHlqSpnSVJmgU1WK2qa3B4KOqZbApmwrndaiDfKpWVn5qI8ANmQ5bQC4eTwZhdt3o7FaCOdRw+ExO1xpYluCpVN3hqh9wLtusLWoux6aJLA2FP8nAUO+WKdS6j74rRg/jZks3S7cvrvDBDBhWFrKjkh7/qKzszj1++jJ92J9KR7nzQTYr6LTS/Ng5DRZ9UQA8KgaLXd+QvOdn9By5yeFh3WVvwRB6Af1ACa0ooejrTQFrM3Y/R9PwerdP+HwpxGwtlRetrkBnXHwSj8AwF/3gIYGucefbItEQMZVNn76a4jSeawtO2P3yrexevdPSIp5V6vSz5T+JQhClqrYWFTFxuL2woUoj4hAyRtv4IaHB24OGoTyiAhUbtwIUWKiweSvMppFIqkUlv1SBmvQIFiOHAm7lSvhdPAgehYXo/uXX5L8JQiCIIgOopOzbf9CwwAAIABJREFUC9jTZ+t9fItIiNtvhODBhrVt7on7uKwU9z9cgnsL5xhE/gKAmVdvOJ3LgnXkEqkMbi8kIrh8xFBU79z6VHsEb9y4Qa8+vbIcOnSIIStXrfqI8XhKSor8IQz4fD7i4uIY+8LDpyE7O0dl8jYgIECjVJYQGxvLKPvM4XCQmpqmIH8l86alpYEjU1VGIsq1Zd68eVqPVUV8fKtQ53A4WLhwIWM9yckd23Py78IvJ7egsaH2aS+jTXRz9YapGQuWHDuDJYs7mpffYn5vNwlFKNy2S+d57ma1ClCul7tSWamuRLJEAsvL3psnklG877DO69GE7HoB5eWwJWiT7JWfTxdy18agcPtu5K77AumT5uKwW39kLVuDRqEIb/z6IwL2blO7PgBwDmaWe24SinDzuPY/ux78VoybJ9T/+6GKoVs/wUtvjlc4f/pk9b3aAbE4ry2/rbB+WWx6ezDmry2rMLhwJ9ofhvxl94bJsLMwGZEHI9uhzIGiq3hc8D4e/WSPx9mhaL4Rg+YbMWgpPyr9++PsUDz6uRceF7yvKH87O6OTXyLJX4LoICgBTGjN2rkhGP5eHM59tVBjwrafuxO2fxCK0OXfIGXrHKze9RPO/+8PhXFJv/dB4Etm8HjJBPfKCgAIYGwMPKgGRPUWKKvpj5Jac1y8Z6T0PIH9X8GyaSMQGfOd1vIXAKK2JeHcVws1DyQI4m8Ba9Agxp/PIiw/v6e9BIIgCIIgZLB+/wPUnPy2TSlZ0YG9qDn5LTgz58Bq4ts6lW1+XFaKmsTjqN65Ve/zq8OYYw3r95eCPXMORPv3Qrh/b4ckgmtOfgu7zVth7vePdjuXLD4+PuDz+VJp29ayxbLpXw6Hg+joaKSkJEt7AickxCMmJkZlgnb9+vWMbRcXV8TExCgd29b1AUBk5CK1fX3d3NwQE/MF5s9vFblxceqT0uHh06QJ5szMDGRkZGhdNloePp+PU6dOSbfHj5+AadMiGJI8Pv6Q1gKc0B4zcwv8+uMujJi49GkvRW/MzC0xNeobAEDJ75ee8mr0w9LFER6zpjIka/G+w3AYOhDOKnrIyvPgt2Jp+tSUbYXAPdv0WotEAmfMXaK07LAhkZejsiLcxptZuvjBtWI8+K1YbUnj0tSzeq/Fd+1yFG7bheJvEhj7m4QifO8/Vqtyyp6zwxVEeeH23XAOHqFVmjt3XQzuZueicOtXeOO/P+r8HIZu/QRmHDZjDaoS34w1btsF51HDNa7RJWQEI2VcuH23RilOPDsoyN8hSdJ+v538vhc/zotuTQNLjqv6r0JZZ3UY91wG45fmt7mXMEEQ2kMJYEJruGwW1s4Nwfaj57Ua38/dCVfil2H1rp8wYmBPbIt6QyENLII1dv3WH+UNfXC7biDgcQSmPsmwHfknrHxicf1eL5z4zQYn+H0Yx1lbdsa+1ZMxYmBPfBF/Flfil2ktf9fuOY2ZYwdpVSaaIIi/Byw/v2f+iyAIgiCIZwtjjjXsPtPvQ3RZpAnY14bi9hvBqN65FQ05F9GQc1E6pllYLd33YMNa3H4jGOWvDW03+SuLRAR3VCL4cXkZHmZf1DzQQFhbcxEZuUi6nZAQr3cKmM/n48KFTOn2+PFiYTFtGjNdq6pENACkpDClR3R0tEH6EgPi3r+yfX0BIDIyUuNxERERCingjIwMteN9fHyk2xs2bNBjtWLkr9X48ePRt29fxvynTp1qc3KbUKSnTyBKfr+sVpxW3b2FO6W8DlyVbnRz9Zb+3bXXs3uzryZ8lixQSN5eXLYGZVpKTUli2JRthaBje2Hpol3/X2XY9PbA6z8dA9fLXa/ja0s1l2++eTxZ2lcXADxmTWWs2X7IQIXrkT55rsq571y8DIGSkssPflOdeJbHZ8kCjDy6R+G8kiStprkkIl+W2rIK5H2iuYT9nYuXpWXA5eW3BPmS2crwXbscQ75Q37NZ2Xm1udHAOWQELJ26S7fvZl2mFPBzgjr5K8HIeQpMRuTB2OtTcWloXTBhw7jHXJgMvwzjXitI/hJEB0MCmNCJ0EAfXLleobEUdNTWJCSdLwSXzcK5XQthbdkZ+3+4hC9XvIU1c4Lh1s1GOvZyuRkm7zfFwrM+mP7pSazbcQABYXMxOLoQk+Jt8N0NV+lYt242WDMnGF+ueAvbj2bA2rIzzu0SJ5KvXC/Hlevqy7Oey72BK9crEDUlsG0XgiAIgiAIQkf4fD59QP0UaSj4DfUXstAsaP/ysnV1dSgqKmr38xBPH9ao0bCc+JbB5mviXUP1zq24M+1t3Jn2NkrcnVHi7oyygb2l+0QH9qKJd81g59SWjhbBHUlkZCRDcMqncLUlNnYnY3v8eHFJTPl0qnyJZwn5+fkKvW6VlWbWF3lp6+8/TGu5LJ/gVSeAATD68kpSwPogK4BdXFyl11IXqU7oh/fAMbDp6opff9wlLQVddfcW8n/9DqlHPsWRHbORsn8l7t/58ymv9MXHzJqNN379kSFdm4QiZMz7ALnrvlAr/yQy1d7PF2N+OqY2qaqNRJSsJ+jYXr0kcK4G4XnzeDJjjKVTd/gsWaBwfvl9TUIRfhwzWaFMcm1pBbKWrYG9n6+CvC3cvluntTsMHYg3fv2R0Y9Ycu70yXM1lnT2WbJA4ZrdPJGMrKVr1B4nW/LbY3a40jHqynfL8vLbE5RKYGWyNneduPqEwxDtkrzyZaJ1KXFNPB20kb9STKxh3GM+TEbkiWWu16cwcpokLhHN7i0dZmQ7FEa2Q2Hccxk6+SXCZNQfMPbaALBclc9LEES7QgKY0Jn9H09B1LYk3KqoUvr4zHVHsONYBvafar1LNGpKIM59tRDXS+8i6fxVLJkSiPh14Vg8KQB9e7Xexcerc8Z3t1xx7XHr3bx9ezli8aQAxK8Lx5IpgUg6fxXXS+/i3FcLETUlEAJRPUa8F4f+EVvQP2ILRrwXB4GoXmFdAlE9Zn5yBPs/ph4DBEEQBEFoD4/Hw4wZMzBjxgyFx2bMmIHExESt5vn444+xefNmpY9VVlZixowZ2LhxY5vW+jxT/vo7uMF2Y3zdnjIXDQW/tXnuZkE1ysdMRtWGrTDmtv9d56mpqdi0aRNSU1Pb/VzE08fmo3Uw9fTWPPAF4UUUwVyuYVLA8uWfJbLSzc2NkVgtKeErFaLV1cwbVPz9h+m8BnXIz8/V4edhnz6qy0QrIyAggLF+fVLAGRkZjMTyhAnjZf7OlOrx8fE6z09oxn/se2hpacGRHXNw4PMpSNm/Eld+PYG/Sq/B1NwCIyZ+AO+BY572Mv8WSKSr86jhjP3F3yTge/+xyFq6BmVp53A3KxeN1SLcuXgZhdt3o3DbLgR8vRVB32pO/morEWXXo6sELks7i4y5H+BuVq64NHVpBe5m5aL4m8P4/v/GImvZGmlpYlO2FQL2bFNafthzdrjSvrZZSz/GcZ8ApE+a++RrDjzenYqgb/ciQK70dVnaWXz/f2M1ikrZZLGZNRtB3+6FT9R8xXMvW6NWKkuumbxAvnkiGT+9PlmphL15PFma/h3yxTqDlFVWJYFlKdy2CwLedXC93LVOjL/8NvPn8p/fpWiV+CaeDjrJX3lYrjDuMR+d+uxEJ7/vYeJ/Fiav34XJ63fRye97dPL7Hsa9VsDI9v/a7wkQBKEV1AOY0Bkum4X9H0/BzE+OICnmXUYp5e1HzuPAj5fQt5cjQgNfxZXr5ViyLQnbloSin7sT1s4djajJgUg6X4jjZ/LBv12FicN9sGRKIDqbmeKv+0I42LJxp0qEbl04eNjYhCvXy58kd8sxc9wghR7E24+ex58VVfgzMRq3blchdPk32H70PNbOHS0dIxDVI3T5NwrrJQiCIAiC0ISXl5dB5gkNDYWFhYXSx+zs7AxyjucZcx9v1F/IBnvqm7AaF4L6zIsQfLUPtafS0OPqBZi4ad8bVZ6aU2lg+fvBYdcWA65YNQMGDEBlZSV8fX01Dyaee4w51rD/8j+omBDcrj1ynzUkItgq7B0Idm5BbeKJp72kNhEdHY1Dhw5JhaOuvYCTk5MZ6V355G5k5CJGH91Dhw4ppGo7ukqErlJXloKCfI1joqOjMXp0CAD9egHLp3plU78SqS7prVxSwkdycjL1AjYwtvY94D/2PeScOQgAsLLuCivrrujm4g1X94EwM7d8yit8NjFlW8F3zXKDz2tmzUbA3m2oLa1AwbZd0p6rTUIRbp5Ixs0TrSKT6+UOz9nhevWL1WU9Qcf2In3SHGmJZStnpiysLauQrkcypiztLMrS1JevtvfzVSl/JQzd+glsenugcNsuNIlqpPubhCLczboMez9fRslrh6EDMeDjZdKyy/Z+vvBZskCtVDVlWykVoD5LFsA5eAQuLv2YUV66cNsu3DyeDJ8lC2Dj5a6QuJYI5KL/JDDW/eBaMc5MngtLZ0fYeHvA0tkRd7Mu48G1Ytj7+cJ3zXKNfYZ1QSJrs5atYWwDYuksEdmeKhLHyrDp7QFLp+6M/tAF23Zh6NZPDLFkwoC0Sf4SBPFcQQKY0It+7k7Y/kEoQ6ruP5WDJdu/x77VkxG1NQkCUT2GL4hDde1DXLlejn7uThCI6sFlszBz3GDMHDcYAKRyV1AjTu0mnivEcN9X8EBUB64VC28EvIptS0Kl575VUYX83ysQOOCVJ8f/gdBAH/RwtEUPR1uEBvrgXO4fwFzxeElCePHkAK37BBME8eJy+5//RO2ZMwr7TZyc0HXVKlgGBWk8pntcHCyDgtAsFKLkjTfwqEL8n1p2aCgcPvtMOq5ZKERZRAQai4rAnT4ddh99hPrsbJRPny4dYzlyJLp/+SXjfA08HkpDQyGPMZsNlp8fuq5cCRNnZ6Vrc0lKgrmMrBLs34/KTZuk25J1EARhePh8Purr6+Hp6Ync3FyUlpbCw8NDKpA9PT1hZGSkcExxseq0hWQeV1dXeHp6MgQyj8dDcXExLCwsMGDAAKUSmcfjwcLCApaWlsjLy4OdnZ3CPJWVlSgqKkJdXR08PDzg5uYGQFzGuKSkRDrvhQsX4O/vzzhPYmIijIyMEPrkZ1ZlZSUqKythZ2cHOzs7jddEFkky19TNBZbjQ2A5PgRNJWWo/eFnCBNOwHbVEjQLqlF/IRsNhddg6uoMy7GjYMy1RrOgGg1XeTB1Ef+uJzz8HazGjUJNShpgZATblVHgTHsbj/ilaLjKg/mrXgpJ4NTUVNTX1yM0NBS5ubm4f/++9LpK1i7//GVfA39/f8Z1HTZsmNLrXFlZCU9PT3h6eip9nZRdZ+LZp5OzC7olnMBf4W/9rSQwIH7uXT7bDu6ipc+9CI6OjpZK2oSEeERHR0t/JmoiPl61rATE5aDnywTGEhLiERMTY7D+vvpQXS3Q+1htroskBSzpi7xhwwatBbBAIEBCQmuq18XFFX37MoW1vFSPjz9EArgdcO016Lnun9uRmLKt4Dk7HB7vhqsVl+qQF6jKsHRxxNCtn8B3zXKpJJRg4+0hFog69Pm1dHaEvZ+vQoJTG8ys2Rhz+hhy18bA0sVR4bz2QwZKBWBj9RNRfTxZaU9eQCxlPWeHa9V3FhALypffmoCbJ5Jx9+JlNApFsPH2gHPICKVi13N2OKycHWHKYasUvz5R82Hj7aF2DCAWnmNOHxOX2U49iztZl9EkqoGlU3fc+e8lOPipvhHQc3Y4PGeHS499cK0YteW3UVtWgdqyCnC93GHj7QGfqPlqr4W9n69UGuvKy29PgI23B8rSzkpf+8ZqEcpSz4Lr5Q6HIQN1fk/4rlmOov8kSLclNwAQzw4kfwni7wUJYEJvxIneEKkE7tHdFvtWTwaXzYKREbD/h0vo5+6EW7erpLJ3/6kcrNubitBAH6mQHe7bE8N9e7ZOPFf1OfefysGsT48CABI/nyUWv91tceCHHMwcNwg9utvi/P9uYMZY8X9OJMnfxZMDpGsgCOLvDXfGDKkwNXF0BCcsDIL9+/GovBy3Fy6E08GDYPn5MY4xZjP/8y48eRKWQUEw5nBgu2gR7q5cCQAKYtmYw4G5p6dYAD8pHWss019OcsyjsjKp0AXAELiAWCw3FBWhsagItenpaODx0OOXXwAAnLAw6XlZgwYpHCt/PmFiImwXLVLYTxBE20lISEBxcTHs7OxQWVkp3f/JJ5/Azc1NWv75wIEDAICNGzdK5S+LxaxQUldXh02bNqGkpLX0pZ2dHd5//324ubkhISEBaWlpcHFxQWVlJU6ePImtW7cqJIw3b94MCwsL1NXVMeb59NNPYWFhgczMTOzdu5dxjL+/P+bOFf9CtmnTJri4uOD+/fuoq6tDcHAwY6xEgEoEcGZmJpKSkhAaGoqJEydqvCaaMLZu/Vn1iF+Kiinz8IhfCvM+3qi6kA0zH284/yj+3bD89Ukwe9ULj0rL0VwtBPe9WajatB0AYLsyCgAgTDiBqk3b4fTjUbCGDWWcKzc3F8XFxcjNzZVe98xMsbSQ3d6yRZwilrx+Hh4eKCkpQWJiIj788EO4ubkhLy8PSUlJ+PDDD+Hl5YXc3Fzs3buX8Tp4enpi5ZN/PzZv3gwXFxfU19ejsrIS/fv3JwH8HGLq1ftvK4GBF0MER0REYP369TqngPl8Pk6dOiXdViYruVwuxo0bxxh36NAhLFrUWnpa/udiYWGBXs9DW/LztZ9fXhZbW2snrvVNAcunf5X1QpaX6qdOnQKfz9da2hPa8bC2GkLBHTQ/fiTdZ9zJBKam5jAx6wwTU3OYmJrD1OzvXW3NJ2q+3uJXVrbpIm7NrNlwDhmhtSxVxctvT9BL/sriu1Z54lk2/WlmzZaKz9rSCjy4ViyV1/qIa2XzaoOm6yXfX1gTbbl+bb32Qd/u1TxIDTa9PRjJYknKXF8M8X4k2pfHvNUAxL16O/keJPlLEC84JICJNjHctye2s1kY/l6cuCy072BsP3IefXuJE8L9I7Zg3+rJ0vH7f7iEvr2c0NICJJ0vFEvkPadhZGSENXNCsP9UDrhsFkIDfXCrogqzPj0iLR8NAFFbk7B4UgC2f9CajNv+QSiu/F6O/hHiD+MC+7+CqMmBuHK9HFFbk7D9g1BK/hIEoRRTJyfYLlqEprIyiJKSAAD1OTkMAdwsFKL2zBmYODpKk76y0tYqKAiVGzaguaYGzSIRhCdPghMWxjiWNWiQVPAK9u8HABhbWaG5RlzuSXDggNpULicsDOZeXrg5SHxzy6PyctRnZ4Pl56cgp+URnTwJANL1N4tEqElPl66RIAjDExwcjJCQEKmkzcvLU/gwOjU1FcXFxejfvz+iosRyUrbHcEJCAkpKSjB16lSEhISAx+Nh8+bNOHz4MFauXCktExoVFSVN2qoqL11XV4ctW7bAzs4Oe/bswYULF5CZmQlfX1/s3bsXXbp0wfr162FhYYHt27fjwoULGDBggLR8sST5OnHiRJXnMMQ1kdBUUob6C1moTUmF6PB3AABO+Fu4v3EbGguvofvhr2E5PgSCuP+g8sNPIEw4Ae7C2QCAxqs8cN+bBe7C2Xr3+vX390dISAiio6NRUlKCOXPmwNfXFxs3bkRpaSkqKysZ4nvixInS1ycxMVH6esoiEUgS8S15HVJTUxESIhYjkuscHBxM8uI5xtSrNxyT03D3n7PRVHTtaS/nqfC8i2BlKWBNyMvK0tISWFholmEJCfEMAWxtzfy5VV1djfz8fAWZrC8BAQHYuLG1F68uglm+Z3GfPn20Pqc+KeDY2FjG9saNGxhrV0VycjLjmhLaU1/zAILKMlTd5eNBZSmq71dAUFmKR00NWs9hzmKDZWENlpU1OrM46GxpDUtOF9ja90AXh5dg1vnFLRmtqzSUZczpYwZcyfOBJC1MspAgOhYj23/AiPMqjHuteNpLIQiiAyABTLSZfu5OSPr8Xcz85AiipgQgakogoqYEYua6I3DrZiNN3kpKN/foboOJw8UJYAAIDfRB/4gtaGlpwbq9aVJh3MPRFufy/pCWj75yvRzVtQ8x3PcVxvm5bBauxC/Dudwb4LJZ6OfuhP2ncrD/1CWSvwRBqOWxSITa9HRmInjiRMaYmvR0NItEsI2MRG16OuovXQLQKm2NORxYBgVJBbIoMVEqVyXHsuWEsImjI7p+9BFuL1wIQPdUrrGVlUJKWRmPyspQf+kSWIMGgeXnh6onH6RVxcaSACaIdsTV1RWAuA9sWlqa0jE8Hg8ApPJPHonglTzu5eWFLl26oKioSLpdXFyMpUuXYsCAAQrJXHkkaVJ/f39cuHABPB5Puk5fX1+p2B02bBj+97//oaSkhNG/VpII1hdtrokEUcIJiBLEwshy7CjYrloCEzcXPCopAwAIvvoGgq++wWOBuNdm7alUqQA25rBh9/lag6xVck3s7OxgYWEh3b537570dcjLy5P+HQAj4StBUgZbtry27Osg+x4IDw/XW7ITzw6dnF3gEH8c9/+1BPVn1L/fX2SeVxGsLAWsCXkBrC0FBQUMwdu3b1+4uLhKzw2IRaguvYjVIS9eq6urteqby+fzpb12Vc2lDmUpYHXk5+czroEuxMXFkQDWAf71HNwoPI+7ZcVobKiFOYsNa1tHdLbkwNbeFY4v9YGFlQ3Y1l1h3MkUAND8uAlNTQ141NSAx00NaHryZ8PDWjysq8bDOiEe1glRfb8CdTUPGOfrbGENm64u6OLwErh2zuA++TtBEATRMXTyPfi0l0AQRAdCApgwCD0cbXFu10JEbU3CgR8uYd/qKeJk7vVy6ZjtRzNgbdkZa+aE4Mr11h4Q/dydsHhSANbtTcPiSYqlmm/drpKOc+tmg3V7UsG1YiH/9wq4dbdBaKAPAHEaWSCqx8QV38DakiXtTUwQBKGKxqIiqYQFAKtRoxQkrOBJqVZOWBiMORypAJaVttyZMxkJYkk6WHTyJIytrBSEMHfGDFgGBWmdyq2/dAn3Nm4EIC7zrG0PX8na2WFhsAoKkgpg2QQxQRD6o0z2tcc5JEJQ9nwTJ06Ep6cnUlNTkZeXh7y8PGm5YU3zAYClpaXCPvm/S/Dw0NxTTHadbcV2ZRRsVy1R+Th76lswdWstmy9bJtq8j7dB1qAJiVAfMGAAo5evrtdA9nXQ53ji2cWYY42uX32D2pPfomr9mr9lSWgJsiK48l9L0HAp62kvSSPyKWBXV9Wp/OTkZL1lJaAoeCMiIhhJ14SEeAQEBCgtgawP4eHTGL11N27coFEAL1++TGEOXXoXy6eAV6xQXipWgnz6VxdKSvhal5n+uyKoLMOdsiLcKS2COcsKTi/3xauDx4Hb1QXmna0Mfr5aYSUE98shuFf6JFlcDl7eaTx+1CQdY9PVFdwuTrB16AFbezd06fYyzFn69dAlCIIgCIIgxBg/7QUQLxbbPwjF4kkBGP5eHHYcy2CkbyUJ3u8zrmLmuEHS/QJRPc7n3QAA9HNn9voI7P8KblW03jGaFPMu/qyowoh/fok1X59mjN1xNAPD34vD4kkB2L9mCslfgiA0who0CD2Li2H3pAej4MABlMl8uNbA46GxqAgmTk4QHDwoLQENQCptAXHPXjMZASA4cECavpWVuhIh21RejqrYWIZsljymDMG+fWh8kjAz9/JS6POrCuGT8s+PKiogOHgQJk6tP5PVnY8gCEUkEnTPnj0oKioCj8eTfmA/YMAAneeTpGuTkpIYvXElSERuQkIC6urqkJqaivr6evj7+wMQ96u1sLBAVFQU5syZAwCMfsHKqKurQ9KTm1UGDBgANzc3sFgs5OXlgcfjobKyUprOlZWa6pAIy7S0NPB4PI1raAuSnr31F7Jg6uoM1rChMLbmwLxPb5XHmLiIf+7VnkpDfeZF1F8wjHiSXJ+8vDxYWFjAy8sLFhYWSks3u7m5oUuXLiguLgaPx0NdXZ30Ouvz3iGeLyzD3oFjchosJ771tJfy1Onk7AKHhBNwOPQtzAcNedrLUUtERARcXFyl2yUlfJVj4+OZ6d/du79GXV29yq+jR5mlXk+dSoFA0NpfNzIyEhy5GxLnz5/XJikqi3xJ64KCAsybN4+xBlnmzp3L6FssWaOuyEruggLVpacFAgFOnUph7KuouK32moaHT2OM1zeR/XeBa+cMj35BCBgfCb+gmfDsHwwHFy8F+Vt195ZBzmfJsYPTS33Re/A4+I95D2Mj1mPaBwfx5vwdGPnWCvgGToFNV1cIH/yF3PNH8PPxzTi6cx6Of7UQv5z8Ald+PYGyP/JQJ7pvkPVogy5lrwmCIAiCIJ5VKAFMGJzhvj1xJX4Z9p/KwfD34jBr3GDMGDsI53YtxJXr5dh/6hJj/MxPjqAFwL7Vk7FkWxJCA30Y8laSAAbEKWDBLxtxLveGNPG742gG9p3KQWjgq7gSz7wzmSAIQhu4M2eKpW1FBRqLitDA48Hcy6u1Xy+bjfossTQw8/SUyljZUsrcGTNw94lIFiYmts79pKenVCY7OuJRWRkelZWhk0z/3saiIpWpXNtFi1C5aRMAQHDwICyDgjSmd4UnT6K5pgYmjo7StZs6OuJRubgyg2wfY4IgNBMeHo4dO3bgwoULuHDhAgCAxWIhNDRUr36tw4YNQ0lJCdLS0rB06VKFxydOnIh79+4xzufi4oKJT8rUZ2Zm4n//+590PIvFYpRslke2v/DUqVOlYxcvXowdO3Zg8+bNjMc1JYklhISEoKioCIlPfu71798fgFhsT5Qrqd9WbFctQRO/lFEiGgBeLi1Q2e/XdtUS3H1vGW5PEZewZvmLf3aWj5mMniLVQkcTXl5eCA0NRWpqKj7++GPp/vfff1/p66DsOgcHB6t9zYgXB0kCljNzLqrWr+mQBKwxR78e2B2Bud8/4JDwDzRk/xeCf299ZhPBMTExmDx5ktoxfD6fIUc5HI7GpO6ECRPA4XAgFIrL2FdXVyMlJUV6HJfLRWpqGoYOZUryFSuWIzY2FhMmjEefPn3h5uYGgUCAgoJaa1R+AAAgAElEQVQCFBTk48EDgcYS+4D4ppTPPvsc//pXa++/+PhDyMjIwIQJ4zFsmDg5W1BQgEOHDinI71WrPtKrJ7Gbm5tC+lgZKSkpqK6ulm6PGzdOY9o4IiKCMW9CQjxiYmJUHhcfH4/MzEylj7m6uhosbf08c6PwPBobamFr36PdzmFlbQ8ra3s4v9yfsf/BXT4q//oD9//6E/cqfkfpjVzpY+YsNmzt3cDmOoBt4wBrW0dYWXcFx6YbOpmY6bUOkeAuRII7EFbdRicTM3HP4q6uMDE1b9PzIwiCIAiCeNoYtbS0tDztRRAvNvtP5WD70Qz0d3dCaKAP3gh8VfrYlevlSDpfiNBAH/Rzd8LwBXGYOW6QtAz0udwbuHW7SqEs9PfnryLpfCH+d70cUZMDFKQxQRCEKuqzs1E+fToAcQLYKT4ezUIhbg5qrUzQs7gYzUIhbr32GozZbPQ4e1b6mPxYp4MHwfLzE48fMQLNNTXSxyTzA8Cdf/0LoqQk2G/axEgFS/YDADs0FA6ffQYAuCFTctXp4EHU5+RISzgbs9no8csv4pLUSp4PAJRPm4b6S5fgkpTESAyXvPGGVGBzp0/Xupw0QRBi+Hy+tEyym5sbo2Sv5DHJ/rq6OvD5fHTt2hV2dnbSvr+yclUyRoK8eJXMqSxdKrsWVcJWIn4//PBDpWuWIFmb/OM8Hk9lslVCZWUl7t27J32ekm0vLy+N10SWR/xSNJWUwdTVGSZuLirPJxkHgDG2PvOi0kSwZLy5jzeMudZoKPgNABTGya9V0zbAfP1kr1NiYiKSkpIUynJLrrP881f23iBeXB6XlUK4fy9qTn5r0NLQnRydYBX2DqzC3kEnZ+b3UIm7bjd8mQ8aAoeEjunZq0wEW0cugfX7ijfHGAoLi9b/O/r7D1MpToODg6Vli2Wpq6sHAOzcuZMhUsPDp2nVr3f58mWIi4uTbvfp0wdZWdmMMcnJyZg3b65UFGtC8jyuXr2KwYNbf1cdOvQfOHPmjML49evXM0pNa8PChQsRE/OFxrlOn05VWoKZz+fDy0uxwoTsa+DnN5jRb/jo0WMaS1QD4kodsqW4P/vsc2kvYFWvozLUvR/+LlTdvYULP3yFCbM+e9pLAQA8ftSE6qpyVN8vR/X9Cggkf1aWMsaxLK3FYpjrAI5NN3Bsu6OzhfhmmKbGejTU16DhoQgPa4WorqpAQ70IpmYsWHdxQlenXnDs4QMzc0tlSyAIgiAIgnhqSP4/cOXKFa2P6devHwBKABMdwMxxgzFz3GBp+nfNntN4ydFWLHwH9MTMsYPRw9EWAHBu10LGscN9e+JWRRXO5/2BK9fLcS7vBv6sqMLwAT2xeHIAo8Q0QRCENjSLWj9obSgqQnlEBJrKW/uV20uStgcOoFkkAkcuwWbM4YA1aJC0F3BVbCyc/PxgzOHAMihIKnMBce9dQCyNa5988Cbf59dq1CjpMaKkJHBnzlRa4pk7YwaEJ09KewbfXrgQTocOMdb++Mlzq8/ORv2lSzDz9FSYyyooCFVPBLBsH2OCILRDnQiVf0xSGliCMrknP6Yt51OHJrGo6nFthKSdnR1DZspua7omspi4uagVv5rGSUpEaxqvqmS0/Fo1bQOKz4fP50tT2ywWS+GYtlxn4sWhk7MLbKLXwSZ6Hep/Po2H2RdRl34ajyvKNR8sh6mnNzoPHgqLUSEw9/tHO6y2/XmWE8HR0dEYPTpE5ePyZZm1LY0cGbmIIYALCgqQn5/PSNZOmDABAQEBWL58OVJSkrUWwdoSHR39ZP5lDOGqDBcXV+zZs6fNfXU1pYDz8/MZa3FxcdVK/gKKvZPj4uKkApjQjSsXTsB/7HtPexlSOpmYwta+h9I0srDqtlgMV1XgYZ0ITY31aGqsx73bN3Cb/xtaIM68mHe2ggXbBlbW9ujewwfeg8aAZal9H2uCIAiCIIjnERLARIfRz90J2z8QC9tbFVW48ns5zub+jivXKyAQie+g5v9VhR7dbSEQ1aMFANeKBS6bhX7ujujR3RbbokKlspggCEIf6rOzwZJJ8KKlBaaOjrAaOVJaWrlZKJSOeywUolkolErSR2VlUgksOV548iQ4YWHgzpwplbnGVlZS2Vu1cyfMn/SLlJSXVrWeqp07wZ01i7GvNj0dLD8/dP/yS1Tt3IlmoRBoaUF9djYaeTzG2AYeD8KTJ6X75Ms8NwuFCuejFDBBvLh4yFQTINofST9lDw8PTJw4UWnamiBkYY0aDdao0bCJXgdAnIZ9VF6GR2XiZNuj8lLpv+UmTuIbGUycXWDi5KyT8LWOXKLTukycNd+MYWhkRXCzgWWnPKtWtf7uo+5mmoCAAHz22eeMksQSBAIBo1SwtbW11qWRJWWYZedVdg4ul4s9e/ZAIIhBRkYGCgoKkJGRwRjTt28fuLq6SeWsg4MDozS9i4vq1zIgIADZ2TnIz89HSkoKCgryIRBUPzm3Nfr06Yvx48drfF7yYljdNY2OjlZ5g011dTXjtenTp4/a88qirGyzQCAAl8tFRESE1vJan7YOLxrdXL3btfSzIeHYdgfHtjs6/icWQRAEQRDEsw+VgCYIgiAIgiAIgiAIgiAIgiAIgiAIgniGaEsJaON2WRFBEARBEARBEARBEARBEARBEARBEATR4ZAAJgiCIAiCIAiCIAiCIAiCIAiCIAiCeEEgAUwQBEEQBEEQBEEQBEEQBEEQBEEQBPGCQAKYIAiCIAiCIAiCIAiCIAiCIAiCIAjiBYEEMEEQBEEQBEEQBEEQBEEQBEEQBEEQxAsCCWCCIAiCIAiCIAiCIAiCIAiCIAiCIIgXBBLABEEQBEEQBEEQBEEQBEEQBEEQBEEQLwgkgAmCIAiCIAiCIAiCIAiCIAiCIAiCIF4QSAATBEEQBEEQBEEQBEEQBEEQBEEQBEG8IJAAJgiCIAiCIAiCIAiCIAiCIAiCIIj/Z+/O46Ms7/3/v7JNMtmTCdkDWSBh31FARRGU2q8gPWqtRap4tGpXsD09PT9rq1bPt1pbsP0WLbYVj2KrtS2belB2FZCAEJZAgIRA9n0yM5klk+X3x5gxIckkYRffz8fDh8zc13Xf132npem85/O5RK4QCoBFRERERERERERERERERK4QCoBFRERERERERERERERERK4QCoBFRERERERERERERERERK4QCoBFRERERERERERERERERK4QCoBFRERERERERERERERERK4QCoBFRERERERERERERERERK4QCoBFRERERERERERERERERK4QCoBFRERERERERERERERERK4QCoBFRERERERERERERERERK4QCoBFRERERERERERERERERK4QCoBFRERERERERERERERERK4QCoBFRERERERERERERERERK4QCoBFRERERERERERERERERK4QCoBFRERERERERERERERERK4QCoBFRERERERERERERERERK4QCoBFRERERERERERERERERK4QCoBFRERERERERERERERERK4QCoBFRERERERERERERERERK4QCoBFRERERERERERERERERK4QCoBFRERERERERERERERERK4QCoBFRERERERERERERERERK4QCoBFRERERERERERERERERK4QCoBFRERERERERERERERERK4QCoBFRERERERERERERERERK4QCoBFRERERERERERERERERK4QCoBFRERERERERERERERERK4QgZd6ASIiIiIiIiIiIiIiIiIXi8N6HIftBHbrcdpa7LgcZQAEGmIJCjYRZIjFGDGM8Oix+AcYL/FqRQZOAbCIiIiIiIiIiIiIiIhc0dpaHdjMB6grfxf/ACPh0WNpbbHT/Fn4C9DSXE9Lcz3B8TdgM+dRU/I24dHjiDRdjTFi2CVcvcjAKAAWERERERERERERERGRK5bDepzK4tcJjRhKWs4PCDSYvMfqOwXAHWISbvCOsdTtorL4NcKjx2FK/qoqguULQQGwiIiIiIiIiIiIiIiIXJEsdbuoKl4FQEL6wn7N6RwQR5qm4rKXYa7eisN6nNScHyoElsue/6VegIiIiIiIiIiIiIiIiMj51jn8BU8lsC/HquP44MR13tdmmwsAmzkPAJejjNKCF2hrdVyA1YqcPwqARURERERERERERERE5Aut2WmmvjLP+/rM8BfAfkYAHBoxjEprLJXWWMobQ8mOr+Wv2xvZuu80y/6+h2V/z8XlKKWlucE7x+Uoo6bkH97XNvOpLtcVuRyoBbSIiIiIiIiIiIiIiIh8oRXuf43W1mpiE8fR0lxHTck/u43pqQJ4X0kyv13fgtnmZkx6GNePTWDZ23sAWPb9WVhqN3abY6n7hEjT1RgjhlF86M8EBMYSmzju/N+UyFlSACwiIiIiIiIiIiIiIiJfaK2t1URER3D66FoGpYzAlHxLtxDYYTvR5bV/oJFbRh7ilpFQZM5i5dY2Vm0pp8HqJCMpikW/epfU2DZGpEzhmozDJEfZAYiOv4HWVgf1lXkYIwJpcVku2n2K9IcCYBEREREREREREREREfnCsZlPceDDp0kdNpcQYzCtLY1UnFhPeeE6xs34SS9zDhAePRaAYGMqldZY/rgtk4+PNFFcafaO23+iusu8IQmDefWh0yRH2QkOTeHo7lcJCo4hPLKFsOgMCve/ht1ayKC0G0lMn3HhblqkHxQAX0K1eQWUfbQX66lyag8UAFBzoIDmRhsAhqhwBo3NASBubA4RQ5JJuXYSceNyLtmaRUSuFMVVFtbsKsLc5GJ/YY3n30U1NDa5iAoLZnzmoLM6b3RYMDeMTeWHt40f0Fpe3XSErQdK2V9UQ3pCpPc8984aQXpC5Fmt5XzbX1TDtoNlANw2NfOyWZeIXD5ycwu5/4E/9nr8J/8xl4X3XHcRVyTyxdX0+JM4V75+qZchcsUIWbSQsKd+fqmXIdJvjsYqSg9/MOB5xsgEQqMSiIjPJCg4/KzPH5s2BlNa761M+5pvjIwnMftainL/0esYQ0gE6ZPm93pcRKQ/wqOHEB1notn+KUEhCbidVSRlJGO3tGGMGEZY9BiazAe7zHFYj3sDYLPNxbdeSiQy1MVd10Zy6HQo7+yuAmD80HjumZXG8OiPsLujePWjMPaeSiBregCRpqkEh75HeFQ7DpsbQ0g9LkcNQYYAYhPHXvTnIHImBcAXWdn2PRxdtY6idVtobrRhGpNN5OAkkq+bRNzYHIKjIrqMt54qx3K6HOupckq37+GjnzyPISqczLkzGb5gLikzJl+iOxER+eLZX1TDC2v2s3pnIY1Nrl7HNTa52Haw9Kyvs2ZXISs35vOvn93aZ0i6ZMV2Xlizr8t7eUU1AGw7WMqTq3ax9NvXDyhQPt/2F9WwaOkH3nUBLFmxjXtnj2TpgzOIDg++ZGsTkS8Wq9VxqZcgIiIi8oVgt1Ry7OPXzukcCUOnkzF5fo9Bbl/nHzb9Hp8BcF/zY9PGEJc+keM7ev8yU2h0kgJgETkv2loNuJwNuJsdBBmMuOwNBARmABCfdjunrMdpa3V6x3feB3j/8SquGRFBa0sTf/zfWsy2zz8z3H+imkgj/LIoisVfbWfpXXvxDwghMeOnn103iGZnFQGB0dhtZtrbHfj5mTCERF+kOxfpnQLgi8BltnJy/VZ2P/MS1tMVZPyf67nu2R+TMmMyEUOSB3yusg/3cHLdFt6961GCoyO46rGHGX7P3Au0ehGRL76tB0p58o1PzinUHai8ohq+9vR69v3+m72OWbT0A17dmN/nuZas2EZ7ezuL5084n0vsl+IqCzN/+o8eA/NXN+azv6iGLf/3doXAIiIiIiIil5mqEzuoOrGD1NE3Me6WH1/q5YiIXBD1lXmUnthMStYkjGFRtLgd+PuHcuLAm6QN/5qnQjh+JvUV73nnuBxltLU68A8wcsOEwfz2TT9O1wRhtpn55g0JvLG1yjs21eTHTWMjeXxVLdNysrh67DgCDSYAqks+IiVrIv7+bbS1tQJQXpyLMXItg4fPu7gPQuQMCoAvsLw/vMHuZ16Cdhj3vW8y7rsLCI7+vMrXUXcQR+1B3PYqWuyev1RcjUW0uZswxo0BIDA0gaDQBIxxYzCaxpA5dyaZc2dyrdnKyXVb2P30S3z4k19z1WMPM+67vQcNIiJfNmabiyff+KRbhe3FkldUw+qdhcyfltXt2NYDpf0Kfzs8+vJ25k/Luuhtlxct/cBntXReUQ1PrNrFsoeuv4irEhERERERkf4qPeRp1awQWESuROHRQ8gcNQP8AminBXezE2NYBEPHziE8eggApuSvYqnbRUtzg3eevVMb6HFZMZhtFVw7KpaRqf4AXD8ujW15JbyxtYri5e2U1SdxoDKeObNnes+RnDmRkDADDpuTkLBQWt1BDM6ZogpguSwoAL5AavMK2PTwL7AUl3PVYw8x7nsLvMesJRuxVeykqWKXz3M4ajv60nftTx+WNJXwpGmEJU5l+MJ5DF84j6OvreXDnzzPyXVbuPbZH2ufYBH50ttfVMPXfrmeU9WWS7qO3gLgRUsHvpfToqUfsOVXt5+PZfXLyo35/aqafnXTEQXAIiIiIiIil7HSQx9gShtL6uibL/VSRETOK0NINO3tIUAN5ppm6ioKGDJ8DO7mmC7jBqXdQUXhy97XTeY8bwD80IzjvLYxkDun+mFrjmBIQiQ3jB/MY/MbuflJz2eLD1zzKQGJj3U5Z1tbEG5XHU57M3XlR0hKH4bL7iZr3IwLe9Mi/eB/qRdwJcr7wxu8Of1uItKS+NaRdxj3vQW0uW3UF7xB0btfp+rTpd3C3xZ3GA2Noygrm4bTmURj/QTqyq/F7hrV7fxNFbuo+nQpxR/cT33BG7S5bQxfOI9vHXkH05hs3px+N3l/eONi3a6IyGVn5cZ8Jn7/jUse/oKnhfKZnli166zWtu1gKat3Fp6PZfXJbHPx5KpP+jXWV4WwiIiIiIiIXB4Ob37pUi9BROS8s5lPYa4ro8XtT3hUPIlDxtPi9sfSUElj7QHaWh0AhEePxRg+1DvPbj3R9UTt7UwcXM29Nw9n2fdm09piIT0yn6iwYErrID1zDuOHxnuHt7U6qC07QqvbQHhUPNHxGTQ3u3E5m6ks3n5R7l3EF1UAn2ebHvoFRWu3MOulJxi+0NPj3Vy0hvqjq2hzN3nHtbjDqKoeS8mxMEqONOC0dWxAbuHWb8eStzOGksMdfeZHkZgVT9xgI2lDG4kftI+2Fjtt7ibqj67CXLia2OELiM68jet+/R+kzJjMpm//gtoDBcz645MX9wGIiFxiKzfmc/9ZVNdeKOMzB3V5XVxl4YU1+8/6fIuWfsANY1Iv+J67y9bsuywCdBEREREREekuNm0MprRx3td1JXnUlxz0MQNaXE1UHt9B4rDpF3p5IiIXjc18iojoGAICQggKhpbmEIIMQfj51dHaUktl8SckZz0IQGLGPZw8+AQALc31tDTXEWgwYYwYxpof7SY0sI6sjBwqrTU0Ozz5zK8XOEk1edpId6gqfo1Ag4nwmBgMITG0tjoINkYAbbS2NNHsNF/05yByJgXA54nLbOW9bzxKTV4BX/vfl4kbl0OLvYqqfUs7tXKGBvMoio8P4dCWU4Dls38gOCyEpMwEAmkj0K+YYaMNBLji8A8Kws8QTE1ZPYe2VHNoC0AGo2cOIX3YKWKiD9PmbqL24AospzeSfNXPyJw7k0G7cnjnrkdZ/ZUHueVvv+2y7/DZ2JG7l30H8wk1GjHFRuNwOCkpqyDOFMO0yRPJGZoJwJur11NSXtFt/vjRI5k94xoA9h3KZ9P2j0lLTsJoDAGgpKyCwanJzLruGkI/e2/tho04nC7uuu3/+FzbvkP5lJSVM2/ObOrqG3hzzTvYHY5u4xZ94w5MsV3bPtgdTnbm7uV0mWfNocYQCgqLCDUamTB6JNOmTCLUGEJdfQOv/O3tHq/f+byv/PVt7A4HaSlJADgcThxOJ9lZmUyfMrHLvI5z9rSuzutb/spr/Pg7D/p8BiLicbmFv0C39s9LVmw/p4rZxiYXy9bs44kFU891ab0qrrLw1Bv9q/4FGJsRd8HWIiIiIiIiIt2Z0saRfc3CTu8spPTQ++S99xuf8yzVhQqAReSKkpg+g/qKdzEYA6g8VYC1oZSsMZOJiBlCe5uTJvMB6srfxZT8VQINJmKTbqG+4j3Asw9wpMkEQGhgHf4BIfgHGLuc/4acMhIz/tP72ly9BUvdbsKix2AMTaC93ULp8b1Exw8lZlAKfn7+xCaOQ+RSUwB8HrjMVlbf8iDt7fCtI+8QHB1BU8VOqvYt9Vb9ut3hlJVO5MO/1wGnvHODw0JIy06ksaAY88ECAMK/asNWb8J8otI7zh9Iy0jBHWCg8kQFh7ac4tAWmPfdyYSE1BMcUERzYxGnt36fhAlLiBgyja/978v86ysPsvqWB7lr59/O6t5KyipY/sprTJsykUV33+kNZzts3P4xdQ0NXcYD/Pi7D3Y7z+d/LudY4cluoeYrf32b/3r6OX7+o+9jio0hJyuT37z4J6ZPnugNVHuybsNG7rrtVgBq6xvYfyifRxbdw4TRI71j7A5nt3k7cveydsMmFn3jDmZ9Fk53qKtv4JW/vu19v7a+gWOFJ/nRIw94w+6O+zIaP/8fhJ17PiU7M4N5c2Z3GfP88hWUlJVz1/xbve93nLO2vqHXAHj/ocMcKzxJSVmFz2cgIrD1QOllF/7OGJ3CDWNTva+3Hihlza5zb+H81BufcN/skaQnRJ7zuXryxCrfe9SfafH8CRdkHSIiIiIiItJ/qaNvxt5YxfEdr/c6pq4kD1jY63ERkS+itrYgnE21RJlSMYSE0ex0Exg4iKDgWADqK94jKDiWSNNUYhJmYqnbRUtzAw7rcSJNUwkI9HzGH2xM7Xbu2KRbvO9b6nZRU/JPAIIMJtraKmlxu0jKmIKjqQGXow5//xjCo4dcpDsX6Z0C4PPgo/98nvZ2+Nr/vkxwdASW0xup3rfUe7yo/Do2rmnjnn+v7zLPlBZHsKOJ2n1Hve8lj0rCr/0jTMl+QFiX8daTZQAMHZ/Dif2niIqPxGV3s/YPRuYsmkz8oD20uZuo2P008ROWEDl4tjcE3vTQLwbcDtrucPL88peZNWN6l0Czs9lnBKe96U94edf8W9m551M+zt3LvDmzyRmaSWxMNDty93JXyq09zukIljuHsgChIV2D6jOD632H8ln5t3/w+KPf73FtptiYbiF2T3qamz00o9uYWTOuYf37m5k7Z3a3tfiyY/enGEOC2bj9YxbdfUe/54l82RRXWfja0+sv9TK6mDE6hdWPz+3y3pKXz9/+H4uWfsCWX91+3s7XYeuBUv5n05F+jx+bEcd9s0f2PVDkSyQ3t5A9e4u8r5OTY8jJTmb48OSLcn2L1cGxggpy93i+cJKTk0xkhJHJkzP7mOlRVtZARUUDZeX1WK1Ohuckk52TRGSEse/JZ6GsrIGCY+UUFJR715uTnUxKSs9fkDsbZz6TDhf7ZyMiIiJyoWVM/prPAFhE5EpTX5nHyUNrSR81i/CoKFrcLtraDRz95C+k5tziHVdT8k+CQ1MJNqYyKO0OKgpfxmY+SAKfB7/BoZ5/O2yF+AcaMRhTvK2fLXW7qCpeBYB/QAjGiGFUnPwjQ4ZPob29HWNYDC1uB7UVexk0OE9VwHLJKQA+R7ufeYmitVt6DH/d7nCqzSPJPxCJw1ZJk92PqPgIGqstmNLi8K+rxW7/vDI1Mi6Ssbd4PvgyBFcyY8E0avKDaceP8tMNWOqsANTuL2DIsCEk5rRTXRYGOLDbQvm08CbGTtpBYFCTdw0dIfCbU7/B7mde4qrHHu73vb25ej3Q3mv4e771FIzOmzOLN1e/06VytrMduXv7HUJ3sDucrPzr20zro7L4UtuRu5fpV02ktj6D9e9vZt6cWb1WCot82X3t6fXn1FY5MtTQba/es5WeEMl9s0d2qfwFWLZ6H3lFNeflGgDbDpaycmP+eQ9fBxpSL/v29ef1+iJfVGVlDTz367Vs3nK41zFTJmeyYMF1zLpxFAA3f+W/qajofV+gg3nPef/8gx+uZMvWfJ9jLVYHzz23jjVr9/Q4Jjk5hvm3TWbBgmu7hbllZQ2sXbeH1Wv2UF7e0OP8KZMzeeThm5gyJavH4wNhsTpYteojn9fLyUlm4T3Xctu8yWd9nU2bD7N27R6fPxfw/Wx+9dxaVq36qNe5kydl8spf+vc79qL7X+ry5YAzzZs7iWeevqtf5xIRERHpSVBw+DkdFxH5oolNHEfW2FswhkfR6nYRbAyntcXNuOsWER49lqSsB6kqfo22VgflJ15myMifEh49FmP4UBy2E7gcpd5zdbR/dtoKaWsJIDHjHqBr+GswppAy9EECDSZSsqZiCAnBabdiCA6B4BDShl6tCmC5LCgAPgdF67aQ+98rmP/eCuLG5XSr/F29dhq0w+TrXBQehLqaVMZe30Telkj862pxdwp/h09IY8hVFQT5F9FSM5LA6JNEpeyk4eAUag6eIhRInjCKo/tOA9B4/BSTZjXx0fvZAERGlfHh30Nodkxl6sxNAF1C4K+++VvenH43KddNJmVG/z5E23/oMONHjzofj6pfOqp5r5kyyfve+NGjeHP1ek8Y2un9DvsO5fcaDvdm/6HDOJzOAQfH56KkrILszIwBVf/uO5jPd+9fiN3hZP37m72V0SLS1bkEq/OmZrL4tgndwtrzrbjKwpMD2FO3v5as2M78qVlEhwefl/M9sWrXgJ7lmS2uRb6slr/4Pi++tLHPcbl7isjdU8SNM0fxy19+nZTkWJ8BcGdWa/ftLDo7erSc+x94yee48vIGlr/4AavX7OGFpfd6q15Xr9nDc79e2+c1cvcUkfvAH1mw4Fp++pN5/Vp3TzZtPszjP3+zz+sVFJTzs8ffYs2aPUOegLkAACAASURBVCxbdu+AKpDLyhp4/Odvkrun97C1s45n89rrH/LC0nu7hNzz5032GQDv2VuExeroc30Wq8Nn+Atw442j+7VeERERkbMVGX/uX+YTEbnc+PtH4WyqxN3sh7vZQWh4CE67gbZWB+HRYwkZ+VPKTrxMs6OM0oIXGDzypwwafDun85/FYT1OePRYAEIjhuFylNLitmKMmEKwMRWXo9Qb/sYm3eKtCG5rdQDgbq6gsa4BQ0gY4VEGaB+EIST60jwIkU78L/UCvqhcZisf/eR5pvx/3yZlxmRcjUXUHlrhOeYOp7BmGg6bm/KT9SSaTpI+IoXTeXYSk48TZcQb/hrCQhg5NonwSCeGqAJoHUzp23U0fOwJdgffXEPa+EyCwoyY9x9mxKgEAEyZcQT4NxEbFUrayDgsjSkAhMf48f7mm3G7Pd/mq963FFdjEXHjcrj22R/x7jcexWW29nl/JWUVOJwuTLED/4vK4XRScKKIY4Unvf/uaQ/ezgpOFPHK3/7Ofd+4vUuVa6gxhOlTJrEj99Nuc/Ydymf6lIk9r7+8gmOFJ73/dN6DuODESaB/banPZHd2vY/O5+3g6HSvdoeTN9e8A8B37u///ioFJ4q86ws1hjBt8kQ2bd8x4PWKXOnMNtdZBauRoQb++bNbWf343IsSYC5Zsf2cKpR709jkYtmafeflXMVVFl5Ys39Ac1Y+evN5ubbIF9ljP3uzX+FvZ5u3HOb+f/8jBcfKz9s6+gp/Oysvb+D+B17i6NFyXnv9Qx7/+Vv9ngt4K3fPxuurPmLxklcHdL3cPUXc+fVllJX1XCl8pqNHy7nzrqX9Dn87s1qd3P/AH7vc3/DhySQl+f6dePNm3xXGALm5vtcTHh7irQ4XEREROVuePX57Zxo89iKtRETk4nE3u2hrg4iYBMKj4mlrgyZrFTWl2zid/ytaWx2k5fyQSNNVuBxlVBW/TrAxlej4G7BbjxNoMAEQFByLpfYT/AIM7D9RjctRSmnB7wg0xJCa/QNMyV/FYT3OyYO/oKZ0G2WFn9Di9ifKlEp4VDzNTn+arP37orfIhaYK4LO0+5mXoB2ueuxh2tw2Knb/kjZ3EwB/WTOTQQlhDB9vZuf7Viqqk0kIa+J4fi2B/hZMyUasJZ7zZGXFUn+wgLTveioGajZE0GJroC63iKjxQ/GPPkGAO4z42BBq2tpoyD/BiLE5GIc6sTaOxFXXSNqEAIrzDQCkZFSw6YMQGuuncecdHwBQsfuXDL7h94z73gKK1m1h9zMvcd2v/8Pn/dkdjrN+NrX19RQUdv2AyxQT3a369c3V6ykpq6C2oYF5c2bx4+98u8cK2dkzruG/nvk1JWUVXULbHbv38g0fraHPvIeOuXX1/fvwsCfrNmxk07aPva+zh2Z0C5L3HcrH7nBSWl5BbEw08+bMHnDYvCP3U+bNmeV9PXvGNezc82mvldAiX1aLV2wbcLA6NiOO1Y/PJT0h8gKtqqutB0pZs6uw74Fn6ak3PuG+2SPP+X4GGlL//JtXX7RnKHK5+tVza1m7bu9Zze3Y7/Z8GUig2jH+h0te7bX9cl+e+/Vabrxx1ID3BR7oOjuUlzfwwyWv8pc/P+Tzmp7wd9lZXaOzx3/+FinJMd5K4BtvHO2zCjg3t5D5t/nusrN58yGfx2+cqfBXREREzo3bZSN/80u9HjdGxmNK056UInJlsZlPUVG8leSMybhddoIMQbS0hBBtiqGl2YbLUUZpwe8wJX+VhPSFGCOGUVW8CmPEUEzJX+VU/v/1nivQYMJmziPKdBsN1sOUFvwOY8RQEtMX0tZqp7zwZZrMBwBoabaRPvIq3C4HrW0ugo1h0B5KbcUhKou3k5g+41I9EhFAAfBZsZ4q58DyvzL/PU/Fb/3RVbTYqwHwDwzldJGZ00VmbvxuBTvfj6K+PpG07DKO54K5cTiJQ5so/gSGjEim4WABofExGEI91b+Nh08TlpZESHgI7mIDweMhPAfK/lnOoLRkamqh4WABWbObOLh9PA2nK5mxsJIda9KJio/EYvcHnEQPCqGwZhpZg3bSYq+m/ugq4sY8xHXP/QdvTr+b8d9bQMSQ5AvyfNKSk/vVqviu+beydsNGjr3vqcjtrT2yKTaGcaNGsHH7xyy6+w7AE+KGGo297ol71223kjM0s8djxgG0YR7IeTtMnzKR2TOu5anf/M67/oGoq29g5x5PxXNdg+dDWVOM5xybtu9QACzyma0HSvmfTUcGNGdsRhxbf3XHeWuZ3B+Lln4woPG/fXAG+4tqBnRvS1Zs51+PD6wdfmcDDakjQw0svm3CWV9P5EqQm1voMxD8Ijjb8Bc8Qe7yFz84p1bQA1VQUM6zz67tdY9ci9XB/Q/0/oHnQP3s52+x4b3/AmDK5CyfP+8tW/tRAbzH99+zav8sIiIi56Ly+A6K9/4LS3XvXUdG3vhIv8/nsFRRX3Kg1+O+riMicjGFRw8hOfM6goMd2Cw1BBujaXW7MBiCwT8I8LRrrin5BzbzARLTFzB45H9SWvACwaGp3qpeT3VwKZGmqQQ0R0J7K6bkW4iOn0ld+buYq7d62z77B4SAfxB+fi2ERsRia6zG5bATEupPfOoYhb9yWVAAfBZ2P/MSyddO9LZ+NhetBaDYdg3HT6cyYbKdfXvMNNgHkZwZzqlPypj474UEh6ZQVRDFqGs2YwgbRUiLAxcQO9wT7rlOxpMwPIKWI0c9r0+HETweDIOqALCXlDP42ik4/e34Be6i/rSD9Ckp1DfEAA5GXBNJ5Wk/wEnWMDOr3grjm1/3hMDmorVEDL6JuHE5DF9wK7ufeYlZK57q9R47Qs66+gvbrmDenNnU1Zt5c/U7pCUn91opO3vGNfzmxT9x1/xbCTWGsHH7x722f+5LWkoSeYePdKsoPp9CjSF8d9FCnl++grfWrOe+b9zR77kbt3/Mjx55oFvQnDM0g5V/+wcFJ4r6DKFFvgxWbswf0PjIUAOrH597UcPfZav3cara0u/xM0ansHj+BMw2F6t3FmKxN/dr3ppdhazeWcj8aWe3l9OSl7cPaPwTC6Ze1Ococjl67PE3L/USLrktWw5f1AAYYO26vcy/bXKXPXo7/PCHA2st3RfPvsDv851HbmbWjaMIDw/BZuv5/Fark6NHy737Kp+prKzB537Pav8sIiIiA3V8x+sc3/F6v8ePnPkQicOm93t86aEPKD00sC80i4hcKsawbFqa84kyJWNrrCc8Kha3q41Wtx9Z45/DZs7DZj5Ak/kgp/KfJSH9HjLGPEVl8WvEp90OQEL6QhzW48QkzMR2eB1+/sEEG1M5efAXtDTXE2iIIdJ0NcaIYYRHj6WyeDttrf60+jlpstQyKHkoTZYGAoMyLvHTEPHQHsADZD1VztFV67nqsYcBT/UveCp///h2PCeL/ZgwshSA6rokxkxqxV7XSG1NGpNmxlN7wvPBz6gbkrBX1gIQHOU5t6G+xRv+ArTaPC2lAyJrve/VfZRL4qgmmpsG094GaeOaKT/macGZNvgAJ3fXEJMQSUSoGb+2djZ+mOCd27FH8VWPPczRVeuxnvLdejA7M4NjhRf+23x3zb8VU2w0y195rde9gnOGZhIbE83G7R9hdzgpKDz7EHTCaM+Ha2e2qT7f0lKSuO/uO9mR+ykbt3/c9wTweW/Tp0zCGBLc437IIl82xVWWAVf/rnz05ovasvhs9id+YsFUAKLDg71/7q8lK7Zjtg18n+GVG/PJK6rp9/jB8REsnq/qX/lyW71mj88wr7OkpGgmT8okO/vCfOmsp+s98vBsHnl4NvPmDqxrSHh4CPPmTur33PLyhn7vy+vL5EmZTJ6USXh4/7q0vPhS9w8ic3ML2bPX9+92SUnRLFhwLcuW3suypfeyYMG1fe7t+3qnqt++WjRv3tJ7i2dfx/pzbhEREZGzFWgIZdwtPyJj8r9d6qWIiFwwacPnAsFYGqoJDArBYWvCP6ANe+MR/AOMhEYMIz7tdrLGP4cp+Rbqyt+lsvh1EtMXEmgwefcANkYMo63VTmTcVNpaHVQWv0Z49FgGj/xPMsY8xaC02wmP9uylXlOyGb+AViwNDRhCwmiy1GMIiSRt+Ncu4ZMQ+ZwqgAfoyOtrMY3JJmXGZFrsVTRV7gLg04qvUFVtg+pavnKVg1hTPAe3VPGt+4vIJZbSwhgysqrIr7LQ7EwkaegB2mvSqcwt9p67tal7+NnW2I5/lJ/3deLNOfiF78GaP5GkDBOxCTvI3zaR+EwTTrcRt8PB6JnxnDyVQnJyCLbmdt47OJtbxmzEUXsQR+0BIoaMJeP/XM/+/7fK517Ac+fM4jcv/omN2z9m9oxrzuNT7KqjWvap3/yO5a+8xo+/82CP4+bNmcW6DZuIi405pzbIaSlJZGdmsG7DJqZPmdRr6+nzYcLokcy6bjpvrXmHtOSkPkPr/YcO+7y36VMmsenDHd5KaJEvq2Wr9w1o/LdmjTjr6tiz9cSqXQPaU/dbs0Zww9hU7+vF8yewemch2w+V9Wv+qWoLy9bsG1BwbLa5WLJiYNW/K5fcPKDxIleivvZyBU+o+Z1HbupSqVpW5qkoPdt9g/syb+6kbu2R5982mfsf+GOfc5OSonnlz4+QkvL51hUL77mORf/+Uq9VrwBHC8q7zOmv8PAQ/vMn87rtm/va6x+y/MUPfF4zd08RZWUNXa67/EXf1SmPPDyb7zzS9e+vWTeO4juP3MSzz/a+l7PV6mT1mj3Mv20yN9442ufPbvOW/G7X8K45V+2fRURE5OIKDA4je/o9pI65maDg8Eu9HBGRCypv29P4B1iJiU/Fzy+QZqcdd3MzgUHt1Ffm0dZqJffwR2w/nsqu4wGYbQnsP1FNeuKrpCdGMX5oPPd+ZQzjh8YTaDDhshfgH2AkY8xTOKzHcdnLaDIfxG49TkTsDQQERhFkaCfAP4TwqCACAgIIDDJgaagmb9vTXHPby5f6kYioAnigjr6+jhH3zAWg7rPqX4BNB2MBCDEGc6w0m4kT/HHYnLgD04jPNFFWYCNm0D4MYSHUVWQREFxN2g27mbykiagMT7WCITugy7UCwoz4R/nR2hRG+qI0hv6HlfBxewCwFEO0qRmbeRB1x8vJmQSlJzwVDKnJtRzd7/nQzGl3896HRu85Lac3AjB84TxOrt/q815zhmZy3zdu560177Ajt+cPu0rKKth3aGBtWHtiio3hvrvv5FjhSdZu2NjjmOlTJtEOvLl6fZ8BsN3pu/3fd+5fiCk2mt8sf7nXquPe7nmg7pp/K6nJiSx/5XXq6n1XyazdsIkJo0f2erwjiN+4/Yu956DIuXp1ANW/kaEGln37+gu4mu6Kqyz8bu3+fo+PDDV4g1uzzeWt5F320MDW/cKa/QOqAj7XkFrky8hidbBlq+/ffWbeMJJX/vJwtzbFKSkxPPP0XSxYcO15X1d2dlKPe+NOmZLVr2reZ355V7cgd/jwZBbe43utBQX9+5JKZ+HhIbzy54e7hb/gCZ1f+fPDfVYDv7bqQ++fy8oafFb/zrxhZK/BbGSEkWeevovJk3r/kl5H4N/RBro3BQXlWKyOHo/l7ul9fWr/LCIiIhdCi6uJ/C1/ZO+/nqSuJO9SL0dE5IKaMud5WtztuJqq8aMdW2M1LW4nrS0W8rb/jNrSj0nKvJ/3PnWzdf9p9p+oBqC4spGt+0+z7O09THjgFTK+8RJL/t8m3vvUyqkqM2+vXco7W9bz/sc7ePGdGgIiZnP6yD/5aPUC2lptNLuc1FedxC/AH5ezApejmSlzfn2Jn4aIhyqAB6A2rwDr6QqG3+PZ66yj+nd//U1YHe0AxCTHsHNHPd+95yiHNiVyND+BnEmNfPh3C9amTIZeE0dtcTtJn7WB92tvIyDY85dNW8phwsfkYDt4AoDIuYnACQLCmiAsH//AUNpa7LQ6/ag9XMqkOSlUl2YSGFpNYvJx3t+WDkBQcD0N1W1EhEcTEW3EdsJK7unrmDL4Q++aM+fOZNO3f0FtXgFx43J6vefpUyZhiolh3YZNbNq+g/FjRmKKiaGuoYHaugbsDgeL7r6zy5xjRSd5fvnn33BxOJwYQ0L48Xc/r+w1hnTfO3LC6JFMmzyR9e9vJi0luccgdPqUidTVm3utfo2L9Xxw+dbq9Wzq1HbZ4XAya8Z0b3Acagzh5z/6AWs3bOT55SsYnJJMdtZn+x43NFBwvIjsod179b+15h2MZ1x77s2zvJW9Pd0X0KnC+XUe/9H3uxwLNXoC+n2H8klLTsIU23sVjSk2huzMDDZt38G8ObN7HSdyJdtfVDOg0HLZQ9df9P1qFy0d2D5JTyyY6m1P3TH3X4/fyvjMQfxg3vh+h8mNTS4Wr9jGykf7rtLdX1Rz1iG1yJdZbq7vNsPh4SE83UMQ29lPfzKPgqPlfbYsHoiewtQOfVWuZmcn9binLsBt86bw4ks9fznvbP3nT+b1ulcufB48+7runk6Bal/tlXsLfzu77bbJvf48Or9/48xRvquANx/u9rPIzS30WdGs9s9yoYV8/Xb8U3r/71wH967duHf2vH1Ff89hX/r7Aa/vYgiaehXtVisthwe2hYiIyJWgruQAdX/7Camjb2LcLT++1MsREblgJsx8jiOfPIGzqoTImAQqTuYRk5BO2tBJtLaZibBt4OVHZ/AfKz5hW15Jl7lDEiJJT/Ts1bll32nyCj2ZzZ2/9RwflxXP927Lwd14AmNYINkTbsbRVEdd2QkSBudgt9RhCDaRNe5rGEJ8bzUkcrEoAB6Asg/3YBqTTXB0BE0VO2lze/bo3XQojb2HKhn0Wadmu60ZR9sgYuLDOHWsmTG3Hgdiqa/NIin7BB++EsqYmZ6x5f8YTHhGGFHjrbQHH8dwUwnRSaMISHXRFlcAgLt8LHU7nESNjsA4fC9O81BC4/3xD9hHUe7VRCWGQXsdjdUWRs1I5viJAKDrfo77C5OYMhja3E00VewkLGkaKddNomj9Fp8BMHgqgXOGZmJ3OCkp8+wbbIqJZu7Ns7qN7Rzy9mbenNm9hpeL7r6DRXff4XOuL6bYGFb85r/7XMOZaykpq8Du8FRs5GRldLu3nKGZ/TrvC8/8otd1nXnszHNOGD3SZ/Vvh/48Y5Er2coP+t91YHB8BPfN7vu/V+fT6p2FbDtY2u/xYzPivHvqbj1Qyppdhd4/3zA2lScWTGXlxnws9uZ+ne9/Nh1h8fwJjM8c5HPcQFs/L54/4aLuoSxyueqr4vXGmaOIjDD6HAO+A8ezMTyn92AmMsJ3NW1v4S9wVu2dfUlKivYZVne4557rfAbABQXl3j/31V7ZV9jcISW59/u0Wp3eltN9hem5uYXdA+A9av8sl5bhzn8jaOpVfY5rX/r7XgPg/p7jcgqAQ5d8n+Cv345/akqX91sOH8H555W4/v7PS7QyEZFLo/TQB7idTUz+Ws+fXYmIXAlsZjtxyQkEGozEpYzAEByO3VZLsLGV6tINREQf563Hv8e7uVUsevZd7p0zmsW3mogNqvaewxCSSl3z1fz943qefPVj7p0zmucenEJd4auUncgjJj6JNlcAAQHhxKWMxM8/EGNYGOZaCxljh1zCuxfpSgHwABSt20LKdZ4KUkftAQDs7gi27qzyjgk0eB7pkeLBZI8y88mWWtoCQxk8JpmC3GaG3HGS4LCJ2JvSCQ0rJmxECtXv51K9HRLnTCJ87F78xh+gDcBtpHJNGraTJwGIGh3huWaVifjx0E4CdUW1TL4zkcqKYUAdqVkN/O+7nn09jhfWMXRCOmDlQL4d27RAwkNacNQe8ATAMyZTtG4LPNa/+w81hvS5h+0XVVpK0qVegoj007Z+7okLXPSK1bPZU7dze+rOlcNPvvEJN4xNJTo8mMXzJ/DUGz1/INuTJSu2s+VXt/d6fOXG/AGH1Kr+FfEoK/O9nYOvMLWz+bdN5vGfv3U+lnTO+gqIz6f+hp2REUays5M4dqyi1zG5uYVMmZKF1ep7648x434yoDX2pLy8npSUGG8b6N4qensK9TdtPtzredX+WeTCMD5wH8ZHf9DjscBRIwj/7bO05h9RRbCIfKENm34P2dcs9L52u2xUHd/B4U0v0tJs73FO1YkdlB56n9TRfXdIue7e5UTG9/67rdtl48OVj+CwVPc6RkTkYjKERBObMJKAADPNznJCw5NwOZo5dWQL6aNmEZ+WTZvbwpEt32N0VBoFry4moGEr4VExhEWO63KucOD+aSf45o3fpLXyb5zau4WYOCMJadk0Weoozt9G9sS5BIeE0OyohcBIwiLTVP0rlxXtATwAtQePkTLD841+V6Pnw50y1+d/MWQOHUSzn2cf3wN5brKzPd/2r6rNYNiEFqqKamlxh5E5NZzGas+3kC1mB5FjhgNQueEYjqOf79FWu2kYtpOff+gVZPJUqDacaCJqWAW1ZZ6Wz6bkQorzAwkOCyYotIGGaiuD0uIAaHK2ApCeFUe507NWe52nTV7KdZOpPXjsvD0fEZELrbjKQl5RTd8D8bQsnj+1f0HM+bJszT5OVVv6Pb7znrpPrNrVZe62g6Ws3Oipdn5iwVQGx0f0+7yd557JbHPx5Kr+h8nARd9DWeRyVl7uOwD2VUl6Jl/7zl6pZg2g3XFfYbrls+D3fFZS96as08/dV8vm8vIGjh79vDrZYnX4DLHV/lnkwmjesJG20t6/NOjetZvWkoHvYS4icjkLCg4ndfTNzLjvJQINob2OO/bx632eyxiZ4DP87bieKW2czzEiIhfbiKmLCY+9EZcjAGtjLe00MWraHQQFGSk8sBmAhMHDiI6LwHX6DWKSxhMWmYLNfAqAZpeFpsYSDCFRxCaOo7ViNcEhZsIiA3G5LJw8vJ1gYyRjrlkI7S3YLbX4+8cQEJjNiKmLL+Wti3SjCuB+cpmtNDfaiBzsaSHn+CxEPVSSAHg+fIoyhVFTZgagpspGa0AoMfFhnDhqZOY1W4AhVFWPIzHjGHvWDSEpA2KHQ/7/nGLoVeOo251H1ZZS0odDS81IzAdPdlmDf0Q+blsYblszhtBT1B8ahikT/P0rKTlcxYSbkzh+Ih6oITQ2Ak7bKa/xhMbt/gEcrkgnO3ovzZ+F13HjcmhutOEyWwmO7n+wICJyqWwdQNXq/GlZF3Xv3+Iqy4CqdCNDDd5g1Wxz8cIaz368YzPiKK6yYLE3s2TFduZP9dzHyiU3c+N//aPf5+88t7NzCalFRC6mviqTCwrKLlr1bHl5vffPfbaB3lPobTvd157Rav8scmG0lpTSMO0GDHNuImDUiC7H3Bs+UOWviFzRjFEJpI65meK9q3s87rBU4Wis6vFY5zHv/HoOAKa0sV2OBQaHYakuVOWviFy2EtNn0GQ+haX+YyKiB2O3WmltcRBijMJithES6qa+2s7wq36A29mI22UhNnEspQV/x95wmOypTwDQ1FhC1viFHPzoKQID/TCEhOAfaKS9LQhLfSmRsYNoafHD6Qhk3FUL+1iVyMWnALifag949uONG5dDm9vmfb/GFklHAFxnaaa01MwwUwSWOit5x0cw+dp6PvhnOXNmtTFsSiJVJf6kpFQSbBxKszOR8MRCgsKMnNh9jLTxo3GXltPWlIq7zrN3XHs7hI8bSUiaAf+QD7EVj2TwzGCggOLcCsZ+NZqq6nFAI4Mz81n9r2wACktsZOQksqugEYDSWjsRUZ9/+8/VWERwVCaGyHBqDxR4K5tFRC5n+wv7V/0LXPTQsnP75v54YsFUbzi7eMU2GptcAKx89GbMNhc3/tc/aGxy8cSqXSx76HpuGJvKvKmZrN3Vv0q3znM7nEtILSIiHn21gc7NLWThPdcBsHnzoV7Po/bPIhde84YPYMPAfkcTEbkSJA6b3msADNBYXUhQSJjPc/TUYjoo2LPtXOXxHQDsXf3keVitiMiF0dLcjtvlpL3d0xY/Pm00hpAw3M0Ohl/1AIbgSAzBkYRHe/btddasxdZQ4m3jHJMwmmZnI6nZd1BV/Bbt7UGkZk3A5bISZGjHaTMDgYRHad9fuTwpAD4LHe2fAcqrXN4/782vIT3cQFhCFJY6Kzt3NLH43kNAFqXVk0jLdrBjjYuJU2H8HE+lV3u7jaxbr+Xom8co2e9pGZ3gjsYdEo9rUBP2mnqaCisZdW0dAGFJpwgIrqbJNpHmpkZMyYUczptAfGYgrQFOGqqtJA9N4tPjjYQmedpAx8WFc6TEQnRklHetHSF23NjsC/qsRETOp/39bP8MXNT2z1sPlA54T93F8ycAnlD2fzZ5qlC+NWsE4zMHAXjD3t+t3c99N41kfOYgln37erYeKMVib+7XdTrPBQa8P/Hi+RMuahW1yBdBzvBkny2HjxaU93sfYPGtr+rZiAjPFyZ9hbEXyo0zR/VaBbxl6+ct+HP3FPo8h8iXTdC0qwmaehUBo0bgFxnZ5VjL4SO0l5bi/Pu/aLd4upWELvm+z/O1lZXjfKt7h5SQr9+Of0qyz7mut/9Fa0nX398CR40g9BeP+ZzX/Pa/vNcMSEsl+P57Cf7KTfinpmBf+nscv/1dr3P9IiMJmnoVgdOuJnDUCALSUvFPTfn8fkrLuq2pQ8vOT2gtLaN5w0bv8+lNf+7fvvT33d4b6P2faSA/r4C0VAKnXkXAyBEEnlGlDZ7/PDS//U9Va4tcIJbqQkyDx/ockzhsepfXHeFvh5N7/4kxMl6VwCJyWcoav5AsFlK4/zXa244TEOgmKCQSp91MW2sA4VFpVJ3+mNrSHfgFeLpP+TUVEWYMZP+2X3pe44cpeTLxaVOpKPSDID/wC8Lfz43NYiE2fhLDx6vyVy5fCoDPsyGZcZRXWvAD7LZmyhuSSEqP5MRxI9MnbcdpG0KDeRQx0Ye9cyIGf0TWvKmc3lSBu8nTsrnF2YC9pp7Q+CiG3dlMUKgnsA0I9vxSVV8Rw9AbTBiCP+B4h8+FMgAAIABJREFUbjVXfTWM4yeGATVY2wKJiYsg95BnbEpmHEdqBra/UUlZBSXl5UyfMsnnuIITng/mcob2vofdH/7yGovuvpNQo+82fgA7cvdScOIkocYQjMYQSso8e6bFmWKZfd10TLEx3nOmpSQxb87sbuewO5zsP5RPSZln/zWjMYS42BjsDiehRiPTp0zs8dprN2xk9oxr+1zn2g0be7xuh4ITRew/lM9d82/tdcwf/vIa06+axITRI31eS0S6yjtZ269xM0anXNTgcqDVv52rajvmnlltu+zb13urfZes2M6WX91OekIki+dPGFAVb8fcrQdKWbOr9yDiTIPjI3hiwdR+jxf5suirLXHn6s++WKyO87GkL5TcPYX9DsgLjpX7PD48J9n7b1+hfHZ2EpGfhcVnKzk5tsvrPttA5xYSEWGkosLc6xi1f5YvE7/ISCL+tJygaVf3OqbjWOgTP8Pxp5U4lv4e46M/8Hle967dPYaRhjv/jaCpV/U598yw1S8y0ucaO+aBJ+zsa32dzxv2xGMY5szuFnx35p+a0iUQ7qzzujqeT29BcH/uv6cAeCD335P+/LzcOz/BuOT7BN/5bz7HBk27GuMD99G84QNsj/60z9BbRM4/X3sAR8VnUV9ykPRJ831WGouIXGpZ4xdSWbydY3t+S2r2eIIMNtrb0rE1lhATP5qggFbKDz6B22XB3ewiNDKBxqIVNFramHrbX0lMn0F91UGCDDEEGWoICAzGUt9AeORoshT+ymVOAfA58g8MARq9r4+VN9FSZ2PK6MGcPnSaktphTJ5WyZ69YQQG2hhxQzplxS5ixh/G3pROxYl00nKOEpuzi5isMJzmTAzRB4kyxjP6fiNG03EAGmomYK2LYPBwT/VWebmB1KGNNJhH4WpyEh9/gu3bJzBkXAaf7K9i8OghUFtNWJiBTw76/iaeq9Ha7T27w8HKv3n+j7SvELig0HcAXFffQN7hI2zc/pHP0LSkrILlr7zGtCkTWXT3HWesxcm6DRspKCxieqxnLQ6Hk2MnTsKcns8za8Y1PQawO3L38tRvfseib9xJWkpSl2PHTpwk79ARfvSdB32GwOvf3+zzXnbkfsr+Q/nMnTO71/PkHT5CWkqSAmCRAepok9yXjorXi2HZ6oHtqTtjdIq3PfXqnYXeyuHOLaEB0hMi+fk3r+apNz5h28FSVu8sZP60LBbfNoFlq/f1uwp428FSXlizn2Wr9w3grlDrZ5FeTJmcxYts7PX4lq35WKyOPgPHsrIGjh2rON/Lu+xt3pLPdx65uc9xubmFWK2+q3o7KoD7qsr+6U/mnfeq7L7aQG/actjnlwXU/lkuR0FTr8KvlwrOgF5Cyf7wi4wk8q3Xe6zy7I3xgfsI/spNZ33NCy38t8/2GWB2CBw1gog/vdhrsNuh3WrF/sQztDVaMD76AwJHDu91bMfzMc+Z94UKRgNSU4j63zU+Q/AzGebcRPhvwfrAdy7gykSuPB0tms+Fo7EKY1RCj8fqSvKIGJRJi7PpnK8jInKhJabPIDZxLJXF26mv3EZAYD2RjgbPsax5xCRNZcPKq7E1WkhJj6XeEsrchz7BEBJNs9OM3VJGk6WGtjYToRFZjLl2sbdNtMjlzP9SL+CLrr3N3eV1Ra2dCVenk3+ykRBjMAfy3ERH5HG0xEGDcyyxqRZsbZ4qVmO4g/wNJWz4XRh7370Wd0sExriDgKfS12g6RUPNBLa9OpGPXrFQU9gGgKs1k2OfnCYh4QB11Unk3DAEF3G0tflx6FgDg4fGe6t/hwxLwGrvusYzBUdF9Hps5d/+4a3yPRtrN2wiNiaanbmf9jqmrr6B55e/zLQpE3sMVkONIdw1/9Y+q5FLyip4fvnLzJpxDbNnXNPjmOlTJjF3zmyeX77CW13c5RzlFfxm+cvYHWfXRrCuvgG7w4HD6WT/ocN9TxCRfiuu6v+HWxer+tdsc/HkAKpxwbPHb8fcjpbMnVtCu3bvxX30GACLb5tAZKgB+Lx9c3R4cJd9fftjyYptAw6p509TC1uRnuQM991SE+D11z/sc8zyF98/H8v5wikoKCc3t+9uBK+v+sjn8fDwEIZ/9rOYMtn331er1+zp/wIHwFcL5z17iti0ufffBdX+WS5HQdOuxvjoD3r8p6/w0peQB+7rV/jbbrXi+POr2Jf+nnar9ZyueSEZ//3efoe/nsrn/oW/ljsX4HzrHzRv+ADLnQtoK/Xdxcs/NYWIPy3v97ovB/6pKfhFRtJuteLetZuW/KP9mmeYcxMBaakXeHUiVw63y0bpId9dqvpq/wxgt1T2fqyxiqCQMCqPfzzg9YmIXAqGkGgGD5/H5Jt/gyn5asKjh2BrOEmz04yfvwFrfSUp8VYGxRhodVUB0Ow00+xsJMgQTmLGTYy57gmyxi9U+CtfGAqAz1F7W2u393YeqMZoNBCYNIiaKhutgYMZPjKU4qohpMXv55NNRTQ5k/Frr8JMCKYxw7A3trD1L3E0OxO95zmVP5WPXrFgqfJUGIeZPAXbFadTGZQeRWCgjf0HA0gdaqXOOhyHMYx2Pz9Omz1BcVxcONv29f7LWl9mXTedcaNGsPyV13sMS/vSEaJ+d9FC6hrM7MjtuU3e31avB9qZPePas14rwCt/+zum2Ohew98OE0aPxBQbw5tr1nc79vij36e2vt5nCGwM6T1Y2rj9Y74x/1ayMzNYt2HTwG5ARHwaSAB8sSqAF6/Y1u+qZICff/Nq0hM8FQ/L1nxeOdy52rb+sV9ifnYZ0DXsPVVt8Vbx3jd7JDNGX7gPRTtCahHpLjLCSHZ2ks8xL760kaNHe29fvHrNHp/tg690z/56nc/215s2H2bzFt9fpJsy+fPuMx3VuL1Zu27vWYXAFquDF1/6oNcg11cL54KCcp8V3mr/LF8mxn+/t88xHQGo/Ymncfz2d1juXEC7tXunqsvBQKpXg6Zd3a8g2/lW171u2y0WHD20aO7p/H21bP7/2TvzuKjq/f8/6aoswrC4IJsiKAIugEKCKwri7abITc0tC6w0vbfEMrv9bhppfW+LJda9mlZCpWZugdqigiKSQKDgwigmiLKJC8sMsqTF749xjgwzAwPu+Xk+HjyaOeeznjEew3md1+t9v1Gz4hPKPQeimDyDqrHjUTz5lEGf9f36QIBAcL9x4ddD7FvzNNfrm3fmNhfvrMZM1q3FNjLb5scxMmr+1vPv1+q5UnjU4J8/fm/e5CIQCASGYG7VQ/pvBxMrCk/txLF7V/o9dojOHv+HnUNnLhQk81tdFR1MLMHoEamPQPAgIQTgNmBsefOGk7mZ9nllzTU6dLIgL/8KnXo5kJ3bC49eV0jPgPbtlHj6dqXwgirOqfdgR/KOF1JQqKTexILTWV4A1NfZ8mvqNTr374WNtzumvXti6ayK+7xw3hS3gX9wtc6eK2VK7G0OkpDSjstX6qCTNWWXVV/yfmsiVHY0vSlWtzdTRbiUpOh35pqamhAxbTKdbKxYvuqzVovACckpDPEbiJODHW4uPTmkwwVcU1vH0ZyTDPEbZFCNYH0UFpdSVHIBbwMjlb37eXI67yxXyis0jjs52BE+bTKFJaVs1iEQA9TW6RZ7amrruFxeQScba4JGDuVKReUtuacFAkHbsep45x3ASceK+CrxZMsNb9C9qwWRE1Qu34IyhVTH9+kgDykSuiZuF7+XXqA+4wg1carfQY3F3rc2plNZrfod1FoXsKE0FqkFAoFuDKnxO+u5T3U6XVet3sPiJZvvxLL0crvjj2+V3NwSZj27Ruf1Wb8hhcgFX7Y4xoQJfhrvZz7V/IOEi5dsZn7kl80K86ASfeN3ZDI/8kv++th/WLV6r94o55aEZ32I+GfBw0S7vh4GCaa//bRXQwC9nnOS2s9j7+TSbgvX0n6hZsUn0s/1VM1kmL8YGHv92xbtOsa6ahvrwlA38v1Ag1JJ7Ucfaxy7lppO3ebt92hFAsGDTdGJvaRtelX6+f6DsRyOe6tF8de2VwDtjc1bHF9f/DOAmaUt5YXHWxSSGxr+aPZ8/dVy0jYtMvjnWt39+XCQQCB4sLDp5kXhqR2YW/Wg/MJR2pvIGBSaTCd7f7r2GMPgiZl0MLGkuvIcFWUnKC85jE03r3u9bIGg1YgawAbiMMIXgOLkTOk1gKtdPQd0tD966jKj/XpwPPMc1jZdGea5h7iyQBR1Drj2qebwIRPcncHW/Xeqr/XhL9d/41JeKVkHi3D37UhpaR9Kr1yBK6rakMYdTejSOZe6Ojt+TS9iwD+KOH9hEB6DTLh0tTeXyq5iYteFk2euANC7nwOHmtT+7WV/XXrdzsyW+kqlxt50YWZqwsJ5s1m+ai3LV33GwnnPa9XO1UdhcakU6Tzk0YHEbtpGYXGpRv/CYtVNOEPH1EfWjbjlPq66axE3pY+rC7vYJwm2jfHp50n41IlSDeTwqZN0DaFFQnKK5D726eeJjbUVCck/662PLBAI7hwFrYg7bisLPktuVfvo2SOlaOqIFao4LplZB6Jm+APQoFBSccP5C1C16gvMbtQyj305BJdZMVRdrSdixV6+WzwOb5cuvBTqzcc7sm/HdgCVSK1ej0Ag0M/o0X1573399V8BlMo6Zj23htGj+uLubk9xcQX79p9osa7tw0JubgmznltDnz72kpt33/4cSkoqWugJdnZWWgLqU08N5+v1Kc1+Jvv2q5zFFhYmuPexx97eBgcHa4qLKygpKedUbonOz8fe3kbvmKNH9W21m1vEPwvuV2reekdDhG2MbPP6No1pqFu2fou2AHg9NR301CS+19Rv2c7VqHduW/1dfdf9uvxUs7WAAR55gKKR9e3zQapjLBDcT9QqyqhVlLW6X0/fv7fYxsapf7Pn1eKwIUKyQCAQ3I+4es+kuvKcKgq68hy/1VVSXqbgWl0VDQ1/SDHP1+qVuHrPvMerFQjahnAAt4IOMnPqq1SiqWknVWxbX7sCve33ZZQQ8ng/fv7lInXY4eVjQlFlf5y6ZuPW34hr1y3oaZtASXE5x46XUloD5UYmVNU4c/0RU2x93LD1caOjWw98xnWmXbtqlDUuDJ/cGbOOVVypscaj32VKKjygk7Uk/vbxctQSfwG6Wxfe2EdPAC4fy6WDrOUvamoRuDVO4EMZhzWEzyF+gyRBtDE1daqbbJ2sNUXYe80Qv0GET53IoYwjxG7aalCf02fOauw5dGwQR3NOarmMBQLBnac1cdFtIToui6P5lwxu37imblxqHgeOqx7uiQzzkdy2Fe+toEFZLfX5vaQUxf8+A8DZVsbTQSoHSXxaHknHVP2jZvhLNYJvB42jqAUCgX5kFqYtOk7V7Nufw6rVe4nfkSnEXx3k5pawfkMK6zekGCT+Ary2aILWMZmFKR9HtxwzCypxPiMzn/gdmdJnk5GZr/fzcXDQ/z3VEDd4U0T8s+B+5XrOSa6lpuv8uVfruR+5lvYL1S+/dldESyGMCgSC243nqDl0crp1F5shEdICgUBwP9PBxApzqx7kZqzB2KwzHUysqLp0kqorpzG36sG1365SVpCMtW0/UfNX8MAiBOBW4DB8EMXJqvph6hhoN6vDmHfUf/N9w65cQh7vx375QLxcc8g5aUL7dkq8+uyhfTuVmDx+chEmjeJK/2h4hKu1DZzMPs/J7PN0dTKhd4/dAHSx+RnnngeorfsLv55poEvHX9iZ1oGz51V1gvt4OZKSrfvpvz5Wqghms86qp/guH8vFYfggg/ZuZmpCxNTJQAOxm7bqrY+r5tAvR0jNOMLyVZ9JP7W1daRmHtHoa2aiis1TC8F3iysV2jcYT+ef1Xg/xG8Q40JGGyQCH8o4TGFJqcZ+E5MPAWiJ3gKBoG20pq6vWiC9E1RW1/PWxtbdCG1cU3fBWpVzuHEkdP0vh6mJ/0Grn3L9t/x+46Gb6NkjJbFX7T5uXCP4VmksUgsEgpaZNzekxVrAd5P7Leb5TjEq0FNvfLKfnytzXwi+q+txd7fHzs7wmwEi/lkgMJx2BsYn323ulSAuEAgEt4rzoDB6+hoWG9+SSKx2/l6rr262nUAgENzPdDCxov/w12jfoSPlF47yx/V6/vJIe1UsdIeOePi/KMRfwQONEIBbgcMIX0pSVBFvpp0HSMcHeZo222/DrlxyL1vSw7aA8+dqeaSdqnBw3TULKuocsTY7w6zZxwkI6Yq9iw1mplewkNXi+ag942eYMWyQKg6rvP7mnPlXRuDY/ToVdY7k5yvo2LEDvfvpF38HeZpjbnJdY+1N46xbwsnBjoXzZnO5vJwPV32mVwTOPZOPW6+eLH7lRRbOe176+c8biwBVVLKazjfil9VR0G2ls03rHMRqF3NL/ULHBhPgO5BDGUc4lKE/3i/ruJz/vLFIY7+LX3lR6tuSYC4QCFpGHZ9sCMkniqVaubebiBV7qbpq+NgvhXpLLt+oDWmcuxFPHTXDX9qTYtXnOvs2KKupfG8FoNq/Op75aP4louOyAM0awbeCiH4WCFrPO8umtKkG7P1GcXHzztvmBM6MjPzbvRy9uLnZ8fbbU5ptM29uCMuWPnlb52yJ1jh6Rfyz4GHDUAdru4DBWsf+8gBFG+vFwP3r22t7/0db7NtWp7SuOQ2N7BYIBA8WprKuDAp7k76j597WcW2c+osIaIFA8KfAppsX3d1DcfWeiav3TLq7h4qav4I/BUIAbgUOw325fOw0ynMldLQLkITcYO+WY0APZZVzpc6Jnv0e4fxV1U320qu9eeVjTz47MIOi6t486vUjkyfupaNxCS72Bxkzcie9uh/m1KUJfPTlY3yw0lIa70KFFQPccjlROgCXXl1oZyPj0HH9dT/GDFTd2HuknRkd7QIAOPv9ARyGGy4Ag7YIXKtD2DyUcYShftrOYjNTEwJ8B5KacUQ61snGGhtrK41jbcG7X19MTYzJPiE3qH3WCTluLj216v/qImLaJAJ8VTWMdYnAuWfyMTM1xcxU+wZw8Iih1NbVNSseCwQCw2lN3HFra/QaQnRcFvFpeQa3b1zjt7K6npXxqnq9I/o5EB7sCUBN3C7qM7P0jlG7L5n6X1S/QyLDfCSx962N6ZLIfavi7Uuh3gQO+BPcZBUI7jLu7vbEfPFCm0RgNze7VjlHb5VRgZ56z+1Pymm2b3MCZ+bh/BYF5MaEjjcsfaYpbm52xKx7AZlF8w9eAoRN8CV6xTO3LM6bm5sQNqHl78phoYZ/nxbxz4KHjes5J2lQKltsZ/rsMxrio5FMhul9Wv+3Nfy2O8Ggdh3GaqcXdBg7xqC+DUVtS77p+OG7f8prLhAIVLTrYIZtrwC8HnuF0XO+plvvIa3q36n7gBbbtDc2Fw5ggUAgEAjuY9rd6wU8SHT26oOFkx35O/fj9c8ZyLoHU5m/A2+bvdjbTqakrKbZ/odLvRjsdpyM3AAcB4BxB1X71PRLpKZ3Jnjkk0wfvFlqX/l7b35MGkRtfTs6dvqdrj1vipXHzrUnqF8uG875k/7r5WbnNe/YAa9Oqghptfh76usdWDjZ0dmrT6uvg5ODHfMiZvLh6s8pLCllXMho6dyV8goKS0r0Cqve/T1JzVS5aYfcEIlDxwYRu2kbuWfyNWrotgYzUxOCRgwlMfkQwSOGNivsJiT/TG1tLVMiDC/ePiVsHIUlJcRu2qZ17lDGEYJHDNXZz8nBDkf7biQm/6y3jUAgMJzAAY7sSDPMbfZlghyvnp2JDPO5LXPHJsh5uZWicmSYj+TyjVx7gKqr9cjMOkiR0A0KJRXvRbc4Tvkbb2O35zsAoueMZOCLG6m6Wk/k2gPEvhxC4ABHQv1dDL42jWksUgsEgtbj7m7P1s0LeGPxt2QeNuz/wbkvBDNvbggRsz6ltLTyDq9QxYQJfuxP0v2gnFJZx9frD+qtZztzxnDi4zOprtadaDJ/wZes+2KOweKsn58r772/Q+94jTE3N2He3DGtrrUbNLovfn6v8957O9ixs/UP4s19IZinnhpu0J7UMdAtfZYi/lnwsHItNZ0OIc3HsxvJZMg2r6fui1gATJ4N5xHHW084udf8XljEb3sSWty/6YIXqdu8XcMxbYgY+0dRMbWfx2odv5aa3qJ7uH3AYGxyDkuR1u11uLAFAsG9RdbVFf+p77epnyHO3ObGN6TGb9/Rc7lWX41TvxCdQnB7Y3M6mFq2aQ/6aG9icdvGEggEAoHgz44QgFuJ+8zxnNqwE69/zsDKNYzK/B0APD2minfXt2+2755MC0Imn2Nz4WAYAPZmp+jdL4D2Rg2cy79MwoFKOlmGMdY9DoD/fudFfn651D/AT+USKbnaB2eH37lS58S+9ObFX4DJo65L8c+d3GcA3NjD9NZfgBv06eVC+NSJWoLojt2JzQqdPv08MTUx5lDGEUkAHuI3iNwzZ1kVs555EU/pFIFzz+TT2ca6WWE3dGwwV8orWRWznlfmPa/TkXso4zA7dycwJWwcTg6G1+0zMzVh4bzZLF+1lqKSC9LxK+UV5OblEzFtkt6+Q/wGsTn+e7JOyPHpp999IxAIWiawv+ECMMDLnyVz4HgxK2aPkGKYW0tBmYIFa5Nb5fwFVY1ftbCadKyIrxJV8XyRYT7SWqpWfU6DsuUnpn8vKUXxv8+Q/eN5vF268HSQB18lnuSrxJOEB3sSOMCR2AUhOEesQ1HzW6vWGT1nZKvitQUCgTYODtbErHuBxH05xMdn6BRazc1NGD2qL/PmhuDg0HICSVP3qp9f2x6SUxM0ui8zZgxjw4YUnedXf7oXe3sbnQKlg4M1ry0KZfGSzTp6Qm5uCbOeXcO6L+YYtJawCb6MHt2X9esPkrgvh9OnSzXO29lZ4d7HngkT/G5JMJVZmPLO21OYNzeEfftPEBefqTWXGnNzE/x8XRg9uh9+vq4GfUaNGT26n95rK7UR8c+Ch5TqBa9hnZaEkUXzN+3b9fXA/KP3pPf1W7ZjPNmwWpX3M9ULXkO2ZQPtPN31tlEL4LUffUyDQoHJc+Et1kD+o6gY5XO641x/27Id0+fCW7zmoCn8XpefanadAoHg7tLe2LzFWrz3cnxTS1tMsW2x3Z3cg0AgEAgEAv0IAbiVeDwVSsb/rZXq51o4BaEsTGSow54WXcC5+Qqu1Dnh3r2ci78PoetfDlH/Rz2HcqoAsOtsycFTxox1h/yqgZhaWtK7nwxl7TWOnynH003lKkj/tR+D3XLIrfQG/mh2veYd2xPiuguAjt38aWdmi/JcCcUHDxO05q1buhZD/AZRU1tHTW2tdCz7RA5Twsa12C/x4CEKi0slETZi2iSyTsj5Nn4XnW1scHKwo4+rC7l5+ZwvKsHM1FRrXF1icMS0SRzKOMyqdV/j5GgvCa6Xyys4lHGYTtbWLHnlJZ19baybj2FsLAKr2bE7kSF+A1vc787dCWQfvykAm5oYk5pxhNN5ZzXampqY8I9ZhjuTBYKHjbbEFMen5RGflsfI/o54u3QxWOysrK4n6XgRR/NbjvnXReyCEOm1Oo5aZtaByAkqR/K1U6epXv+tweMpVn9Bx7Bx/MXBjujZI4lLzUNR8xtvbUwncICjVCO4NS7lAT07S1HUoNpzfFo+lVfrmeDv0mbRXCB4WAka3VcSLDMybj40YmFhiru7vVb7mHUvGDz2vLkhcItl2/61KJR/LQptU9+wCb4GxSH7+bly/GjLLg+ZhSnz5oao9gUolLUoFXWtFl4NwcHBmplPDZdcxKdOlaBU3vz+qu/zaQ23cm0FgvsFtRP0dtOgUFA1NpSOH71nUE3bP4qKuRr1Dr/t3nt/CsAG1vVV06BQoJg8A/MV7zXrBG7X1wOLL1YbNGb9lu1cjXpHb43l3wuLUEyegWzLBoNE4AalktrPY7memo5s83qD1iAQCAQCgUAgEAjub4waGhoa7vUiHjQSZy9Beb6UsJ8+43pNGQV7ZwFwusqXVz5t/sm3F580YlDXQxwuCSKk9xadff73jzxyr/Tl4003Y/Hsbc34cOp3mJtcZ0Pak8zw38yHybNIStVf9xcg6plLDOr2CwBOgZ9gbOlC4uwlAAStXdrqvd8NrpRXcLn8Zi25tsZC365xBALB/YVzxDrOX2y5lty9JNTfhbjF4wFV3WC1KLv9jXGEBaiitC6Fz2229q8ujP0G0iVmlda46xaMkYTc1lyfff+ZSOAARyqr63lrYzor47OkGsMFFxVYm5uw4vkRoj6wQCAQCAT3gKuL36Iu9tbFOJMnJ2JkQJxy7Ucf6z1n+vJLBs3V3BgAf3FypMPkJyTXabu+HlzPUaWkXEtN59ruvdJ7Q+ZtKCqmbrN2mR5D9vzblu38XqhZP1e9vtb2M5S/ODnSYWww7QIGa9TfNYTrOSf5Q36S+p/26hV+m2Ikk2H81zG0HxuMkUzGXxwd+EOhlPpfS03n95yTXEtNp0GhMGj/11PT9T4sINuyocU91ES9rXW8fcBg2rUQQX0r112NScRMOi5dcktjCAQCgUAguL/IPnORlVszsexoTPSLQSRlnefA0UIA3gwfKr23Mjdm/iRfkrLO42xniXM3S+k1wJc/nQDgmb/2w7mbJbE/Hicp+zxhw9zw7t1VOj/Sy4lAn+5ExaRgZGSEl2tXwob3Jr+kkqxfy5g4UlVyM/bH4wT6dMe5m+U9uCqCPxOKG9/ds7OzDe7j7e0NCAG4TSjPlfCV5zjCflyLwwhfyk9toDx3IwBfZz/J5t1X9fbt4yJj+eRvNI417fPhnAvklDqzbsdNAfj9587h0Un1S6buugzadWTye807T/82zJS5Q7cCYOUSSuf+c7h8NJdvh0zjafkuLHrcmtNBIBAI7gVRG9JYuvHOOFRuBzKzDmT/dwbOtjIqq+vpOSuGqqv1jOjnQNJ7qrj4mrhdlL+hffPLELqs+x/Gj6oi9NVir2VHY86ui8DK3JikY0WMfl37RmhTng7ykGoRe/9zA1YdjYlLI1ujAAAgAElEQVRbPF7DIR2bICdyzQHiFo8XIrBAIBAIBHeZ2yUACwQCFUIAFggEAoHgz0fg/I3EvTNRup8VFZNCoHd3An26a7yvrK6n4EIVzt0syT5TRlTEMML+vZ3Y1x8n+9cykrLPExUxDFCJt5XV9UROVqVgJWWd1zivnjdp5XS8n40haeV0Tp67zHcHT/P+C6MA8H42hshJvoQ/1v9uXg7Bn5BbEYAfuSMr+pNj0cMev/83m8Q5bwJg5TqBDrKeAMz03sygvvqf6lDHQDdmpvdmXnzyEcw7atcQtrc14cMXyiTxF8CknYLDxc3/4nBzsWDmIFUt4Q6yntjcqP2b+MKb+P2/2UL8FQgEDyyRE3yQmXW418vQS+Mav9HxWVRdrVe9njMSgAaFkqpVX7R5/MbCsTpmuupqPdHxKjdx4ABHycWrD5lZB6Jnq9YTHafqp3YsHzhezIHjxQCEB3sSPWckYct2tnm9AoFAIBAIBAKBQCAQCAQCwe0mKes83r1sWyz3Vlldz9G8i1iZGxM2vDdJ2edvHK/T2Tcu5VfChvducf6CC1VYmRtrjZGUdZ7wv/YnLuXXVuxGILj9CAG4jXj9YwY0wMFXP+CR9ubYDnyZR9qZAbDor7twc9FfZyejyAOA7Tnjido1hZTzIwjpuZNv/hnHhy+U4WZ1mLG99/K/f+azJnwbjma57M0fz8It06i5rhIVUnM76x3fzcWCZX//AXOT6zzSzky1tvbmHP3vBuorlKq1CwQCwQOKlbkxkWE+93oZOune1UKq8VtQppCcyk8HeeDt0gUA5deb+L2ktM1z/F5SSvVXmwCV2Bvqr4q3X7oxnYIy1RNhamevPiLDfKQvp3GpeUTPHomVuTHZ+Zd45qPdvLk+FeeIdYBKBHa2lRGXmtfckAKBQCAQCAQCgUDw0FNUWETRLcaV3y8oWlnzXNA84noKBHcGXQJu7E/HiYpJkd5H/jcBL9eukhvXytyE7DMXCfTuLrVJyj5PVEwKBReqqKyu04pubnweVOJv+H++J/b1x7XmT8o+LzmQBYJ7iRCA24ixlQVBa9/i2KpvyN+5H2NLF2wHvgyAWTsFy/7+g14ROO2kNQD9HEo4nFPNe99Y8ELsZA5feBQ3y0xpjO4dT/LdyYk8tzaYj7f8QW6+ArN2CmquWXAgo0rn2Grx16yd6ktF5/5zMLZ04fLRXFJe+5C/ffsRxlb6xWmBQCB4EIia4c+AnvofhLlXqIVUgIgVewFNt+3vxaUoVrfd/aumavXnNCiU0pxqR7R6TmdbGUum666j1r2rBVEz/KX3ySeKNeKdRw1w4q2nAqisrpeOebt0ITv/0i2vWyD4s3DqVAmZmfm3/ae4uOJeb00gEAgEAoFAcAssWriQRQsX3utl6CUtNY1ezj1bbDd9ylRWroiW3stz5HdyWbeMPEd+WwTWtNS027Aa7TF7Off80zwYIBDcTzjbWUqCbGPC/9pfI645KnwYcSmnpfeB3qoavmHD3TSPRQzDuZsl3r1sSco6rzFm4/MAzt0sCRvmRvavF7Xmj0v5lfiUX6m6Wq81jkBwN2l3rxfwIOMwwleKgpZ1t6ezVwBdfRZwMWuFJAKvSh6nJdYelldT81cLOsuqpWPFZTVEfdmFqGceZVC3XwDt2sBqQTnrYoDO9Ywc3Il5w+Ik8berzwJk3YOpr1Ty3WPPM+y9V+js1ee2XgOBQCC4V8S+HELga1tR1Px2r5cCwIh+DoQFuAIqV+2B46o/7qJm+Eui8F8c7HA8cXv/oHS2lREZ5sPSjekcOF5EXGoeYQGuRE7wITZBzvmLSo326tjoxlRW10tr3H+skO8OndFwWReUKUQNYIHgBhkZecx6bs0dG3/Lt5G4u4tSHQKBQCAQCAS3i6LCIgKHDyd4zBg8PD0pLipCLpfjHxDAS5Hzkclkt3W+2zXe9ClTAdj47aY2nb9VGu8j9PHHeXH+fOYviLwjc7VEL+eezc4f+vjj/HvxYiKendXmOdJS03hq2jTWf/MN/gH+LXdoJZ59PW/7mALBw45ajF25NRMrcxOe+Ws/AI7mXcTIyIiR3k5SO+9etsQdVEU7hw3vTfTWDLx7dZXGOlem4EB2IV69uhI52Zfw/3zPgqt+9Lgxh/p8j24yad7Iyb4Ezt+o4fZV32N7M3woI7OciEv5VbiBBfcMIQDfIo/++wWU50r47rHneVr+PbLuwQCSCLxw9EYG9BxPzPftqL56U6TIuhjAUIc9mHf01Di+9sfurIn4hXOVzhriL4B37z8AdfzzTVHZvGMHZoU+wpjuX0nHGou/cY89j8u4QLz+KaKfBQLBnwdvly4kvTfpvhCBZWYdpNjlyup6FqxNBm5EQt+FuOrGYu+CtcmEBbhiZW5M9OyRPPH2LqldqL+LlpAb6u9CXFoe4cGqP0bDgz0JC3Al/KM9klM4O/8Sgf2FACwQAPRxt2fd53Pu2PhC/BUIBAKBQCC4vTg6qf6WCZ81SxL21KKwhYXFbRU1B/vffuHwfmD9N9/c1wLm6jVrGHyLoq1/gL+W+BvzxToG+/vf13sXCB52Yl9/XMMFHP5YfwpKq2hoaJDeW5mbEOjTnewzKreuczdL4t6ZKPXx7m0LIPVx7mZJ0srpJGWdV4m9NwRf9XmA6BeDpfkBvHvZ4mpvrXEs0Kc7VhYmt3/TAoGBCAH4NhC0din1Ty4g7rHnCfr0LTp7BdPerCul6cv443oNIT13Muh5J2J+Hi65gROyOzPUAZ4MeoR1O26OVXKxlkvVNhRdddOa528eqdRhp+EoHtTXkhfHHKSTcSEAj7Qzw27wYkw7D5DE38793Qhau7TV+yosLqW2rg5TExOcHOxa3b/pOGoc7e0wM/1z/eK7Ul7BlYpK6X0nays62Vi32KelNreLmtq6P901FwjgpggctmynltP1bhI9ZyTOtqqno6Pjszh3UZXE0NPWkrdu1AG+0/S0teT8RSXnLiqI2pBG1Ax/wgJcGdHPgeQTxRpR1I0JD/Ykcu0BwvxdCRzgKAnE2f9VPTQU/tEeAgc4SvsTCB52ZBam+Pm53utlCAQCgUAgEAhuAUcnRx4dPJiT8vs72rg5ZDLZXasreyccsa2lOWf1mLHaSVdtoek+31m2jPXffHNbxhYIBHeOxvV6nbtZar1X09jx2/i1lbmxTpdu42NNz6v7Nx7f1LidNJ6ueQSCu40QgG8Tf9u8gsTZS/jusef5+4+f0dlrAM4hMZSmL6P2ygk6GReycPRGQgf5sk/em++Tqzg9dBATB/xEyonxnM6/KVxUXO9JWY0tUC4de/bvFnQyLiTu9FRAychHrQgdmIub5fdSG9NO/bAbvJhH2ptz+WguP0x9GYfhg9ok/uaeyefD1Z/j1dcDJwc7sk7kAFBbW0duXj5GGBE0YihD/AbqHeNQxmEO/XIE7/6eONnb0dnGmsvlFXwbp3KjhY4N0imA7tidQB9XF/r0cmlxnYcyDtPJ2lqj7Y7dCSQmH2LlO0s09rM5/ntemfd8s0Jo7pl8DmUcIWLaJOnY8v99BsDCfzyv1T7rhJzEAz/j5GCHdz/V04CFJaXs+CmBKxUVzIuYqVM8r6mt4/V3PiD67SV617NjdwLlFZWET52k83zjdmampgSPGKq3zdIPP+bVec/fNcFZILibeLt0IfuTGcQmyImOz7qrQnD3rhbELgiRRNOCMgVLGwm+B44XSVHQd5OV8dlETvDBytyY2JdDcJkVQ2SYj04RNyzAlez8S4x6fRsrnh+hsZcFa5M5W1ZF0rvN/x4SCAQCgUAgEAgEggcJhULByZMneWPxYo3j27ZsZfu2bYDKzftS5HzpXFpqGsVFRXh4ehIbE0NxURGD/f0JnxXRrDjZ2EWqUCh4e+kyLCwsUCqVvDR/vuRQbi0enp6kp2mWGCoqLCI2JgYLCwsUCgV9+/bliUkT9YygQqFQELsuhvS0NGQyGS/On6/VZuWKaAb7+0sC6bYtW3FwdESpULB92zYUCgXhEREaQqw8R84nK1fi7uFBcVERCoUCmUzGYH9/Jk6eRFpqGtu3bgVAZmnJG0sWa83bdL/6aLq+lSuiGRMSQnGR6no4ODoSHhGBZ19P6TNufEx97bZv28YTEyfi6OQo1UA+dfIkSqWSMSFjANi7ew9pN65VcVERL0VGanyGaalpfBkTg0KhYLC/P48OHtzsvgQCwb2j4EIVldX1AFQq66isrqfqaj1evbpqCbeV1fV8+dNx5k/yvRdLFQjahBCAbyNBa5fC7CV8O2Qaw95fiNc/puMw7D2ulqZSduQj/rheg5tlJm4BmTztJ6Poqht/XLvKsr//wPs/jeNwzk1nr9H1Gun1s3+XEeametrM5JFyYiNPSo5fULl+O/efI8VP5+/cT+KcN3GfMZ7hH7x6S3sKHjFUpxCbeyafVTFfczovX0ugrKmtY3P8LhoatEXTTjYqsbawuJQPVn1G6NgghvgN0hp/557EFgXgmto6vo37nvFjg7TaNnYcqyksKeXDVZ+1KAJfKa9odl41Md9spbCkhIXzZmuM16eXC8EjhpJ1Qq5XcE1ITgFUAnZzwu2hjCMALYrANbW1es9lnZBTXlHJjt2JGsK2QPBnwsrcmMgwHyLDfIhLzSMuNY+CMgXZ+Zduezy0zKwDgQMcVTHJwZp/gEas2Htb52orVVfriVx7gNiXQ3C2lfHR8yO01tqYqBn+eLt0IWpDGsmvFwOqfUaG+RCzYIzGk4sCgUAAoFCqvnvILEzv8UoEAoFAIBAIDEehUJCelk7MF18QHhHBxMk375OoRc0Nm75BoVAwfcpUGhoapIjo9LQ0tm/bRvCYMTwxcSJKhYJXFy6kqqqKxW8u0TnfolcW4uHpKYmM06dM5f3lyyUhUmbZfNKSUqkkPU13qlRxcbHG+7TUNF6YPZtdP/wgCZKLXlnItq1b2bBJv4t1+pSpeHp6Sm2WvbUUpVLzwepPVq5EJpPdFIC3bkWpVPLExIk8ExHBSbmcuXPmSBHKRYVFzJg2jdVr1kh9RgwdxvvLl0vnFy1cyK4ff0AmkxHzxbpmr0NLfLJyJY6OjhrvFQoF/v7+vPfBB3wcHc2MadNUgq+np8axAykHkclkFBUV8XF0NMFjVELvYH9/Plm5koaGBiwsLACVsLx3zx42frsJmUyGPEfOuL/9Tbrme3fv4dWFC9m4aROefT2R58j5ODr6lvYmEDzoFFyo4twF7bQCr15d78n9priDv+LdWyXuZv96kcrqOkkEtrYwwatXVyqVdURvyQRUDt/K6jq8e9vSw9ZS77h3koILVRpOY4HAUIQAfJsJWrsUh+G+HFy0nOLkTIa/vxCLHgE4h8RQmRdPZV4cf1yvwaydAjdL1S8Rs3YKosZt5PwoD679xRFXk8N0Mr1I3xds6WRSpiH2/rXXHul1O9OuyLoHY+U6gUfam1NfqSRxzpsUJ2cStPYtXMaPumP77NPLhYXzZrPso09wc+2pIeJ+G7eL3Lx83n1jkd7+Tg52hI4NInbTNpzs7TVcsoXFpZzOO0vumfxmReCE5BRq6+qaFT8bY2pibLAI3BI7dieQmnmE//z7Vb3j+PTTL7acPnMWr74eJCb/3KwAbGNtZbAIrI/s43KChg/hUMYREQUteCgIC3AlLODexLPuf7f5J6vvFYbUIW583Sqr64XoKxAYSOK+HDZsOEhGZj6jR/XlqRnDHoqI6IhZnxI0ui/z5rYct/fS/FgmTPAjaHTfu7AygUAgEAgEAt1s37qV9DRHiouKkMlkGBkZSa5UQEMMlslkjAkJ0XLYNhV7I+SziI2J0SkAL3ploeR2VXPq5ElJnG18XB9VVVWkpabqPFdUWKjxftHChcxv4kZ9480lDBzgxbYtW3XOt23LVoqKitj14w/SscVvLsG7/wCNduYWFloOXA8PDyKenQWoopO3bd3K9q1b8Q/w56RcjlKh0IhUnjhpErHr1kltHR0dpWuvHudWcHDUdlKrHcnvf7icXs49cXR0lI698eYStm/bhjxHjn/AzTq/6v+q1+7h6Yl/gL/KKR0TwxuLF0vr9uzriaenJzHr1rH4zSUsW7qUiZMmaYw1JiSEhL33x8PiAsG9wLmbJUlZ54l47wf2r5gmHY+KSSH7TBlx70y8q/egrMyNsTI3wcrcWKeompR1XhJcrcyNcbazlNrfrTjnyup6Yn88fuO1yuhWcKGK7DMXWTDZj2f+2u+urEPw4CME4DuA+8xQHEb4kjB7CZsCpuL9zxkMmDcdG/cZ2LjP4GppKorzCdRePsYfjZy+3TueBE4C0Mm4UEP4VfNIOzM62gVgbhdAR7sA6fjR/23kl3c+pXN/N6ambcKih/0d36eTgx2O9t3YuTtREoALi0tJzTxC+NSWRZAhfoP4Nm4XO3Yn8I9ZM6XjnW2s8errweb471n8yos6+14pr+BKeSWO9t2ordV2++pcr709Qx4dSOymbcRu2sq8iKcM6teUmto6du3ZR4DvwDZFKh/KOMyQRwfiZG/Pso8+IeuEXK9YPMRvIGampmyO/x5TExOmhI1r1VyFxaV0srEieMQwEg8eIvtEjk7HtUAgEDRGiL8CgWEk7sshcsGXmJub4DvIhV8y8ti3P4ct30bi7n5r38Xi4jN5/4MdHEppfSmPO03ivhxKSip46qnhLbZVKGvZnyTH3d1eCMACgUAgEAjuKU9MmiSJemqHb1FhIe9/uFyrrTxHzqmTJ7WOezYRQdUu0cacOnmSubPnEDxmjJboam5hwfi/Pc78yEgeHTy4xfhnR0dHyYHclJUroiWBWp4jp6S4WEuklclkuHt4kJ6WplMA3rtnj9aedO1TV5umgutgf3+pprKFjkjsxmK7+rotWvgqY0JCpHjl5lC2ot6xu4dHi2tuGtutL8ZbfVyeoxK109PTNdzX6tcKhYKS4mLGhGg+IKlLmBYIHjbCH+tPxHs/aNXUjfwkkchPEoh9/fG7thZdtX5bc/5Ok33mIrE/HicqYpjW/bmCC1WE/Xs7sT8d57u3nxD37wQtIgTgO4RFD3v+vvtz8nfuJ+XV5WT/dwPe/5yB+4zxWPS4Kd7WXj5G7eXjXKsp43pNGQDXai7S3uzm0yTGli60M7PFtPMAjC1vOmLrK5Wc2rCTo//dAA0QtObOun514d3Pk1179nGlvIJONtZSrWAne8Nuenr360tq5hGNY4XFpURMm8Tr73ygEkt1CJY7dicSOjZIFcNcXGrwetVjqUXgtrhqs2/s0bu/fodvcyQk/8ySV14CwM2lJ4nJPzfrFg4eMZTC4lISDx7CycGuVQJuQvLPTAkbh5mpCQG+AzXEeoFAcPcoKFP9oaqrBq9AIHhwWbV6D+bmJsR88QLu7vYUF1cw6ckVZGTm3bIAXFJSjlJp2ENudxs/Pxe2bl5gUPyzzMKUn354HQeH1j80JxAIBAKBQHCnUDt8P1m5UhKA5TlyYtetw0Imw9/fH3sHB6qqqloYSRsLCwvkcjmxMTGMGRuiISzu+uEHPo6OZulbb1GtVLJ6zRqNurltRdGMOKqON25tv9bSeJ/+Af64e3gQ88U6Ip6dhTxHzt49e/h07Vrp/Oo1a1gZHc32raro7Z0/fN9sLWW5XG7wtZLJZLdNeFW7edU8MXEinn09pbU+OniwFActEAhah5W5MdlnyjSOFVyoIvbH43j3siVseG/peFLWeQ4cLWTCsN46nbg3HbM3U+3ChrvpFEmzz1ykUlmnU+ytrK7n6JmL9Ogm03AIZ5+5SNWNqOjG8dXqdTVmpJeTxtixPx6nsroe715dKbhQhZGRkU4Xb2V1PZGfJOh1RTt3syRp5XS8n11HVEwK0S8GabURCBojBOA7jMv4UbiMH8Wpr3eQ/b+N/PLOGnqOC8Rl/Cgchg/CoscATDsPaHmgGyjPlVB88DD5O/dzdlcSnfq78ej/m4P7zNA7uIuWuXxDAD595iyARqRzc3SysQJUoq+Tgx01tXV0srGmk421XsFSXaO3k401Tg52rRKAQSUCq+oUfw+0Plr58o35O1u3/kZm7pl8+rjeFPGDRg5ldcx6SUDXh7p2b+ymbQAGibjq66SOfA4eMZTUzCPNOo4FAsGdITZB3mwNXoFA8GBy+nQpowI9JbHXwcGa1J81HburVu9h3345MgsTJkzwZUKoLwDFxRW8/8EOQkN92bDhIAAzZgwnaHRfTp0qIX7HYQBmPfspc18Yg5+fK/9+41v8/FzJzMynpKRco/3qT/eiVNZib2/DokXjJXG28bnGc+hbw6JXQykuqdBak5qMjDzWb0hBqazFz8+VGTOGSXO9ND+W0aP7SetTr3vV6j3MfGq4dJ3UsdmAxnpPnSph/YYUSkrKATSul0AgEAgEAsHtpqn4OX3qVD5YvlwSGeXytgl6Do6OvPHmEqZPmcrbS5fx/vIPpHOOTo68/+Fy3lAoePutpcSsW9dmAbi4kairFil1uWTlcjkRs3RHLDs6OuoUh4uKihjc5H1LNHb4AsyPjGTvnj2sXBGNp6enVO9XzZixIYwZG0JRYRHTp04l5ot1et3OraWtn11zqNcuk8m0xO7GNP0MWuNcFggeJiqr6zlwtJDISX4ax527WZKUfZ7IyZrHA326M2rBN7wZrllOsbK6nrB/byP6xWANYTgp6zzRWzKIihim0T56Sybhj/WHbpZExaRonbcyN8bS3JjA+RvJ/mKWJMR69+pK2L+3azlz1etqSHpNOhZ38FetPUXFphA5WfX3beyPxwmcv5GkldM12sX+eJxA7+7NOnutzI2JCh9GxHs/EDnZV9QGFjSLEIDvEu4zQ3GfGcrlo7mcXL+DX97+FGVhKRbd7ZD1sMdhhOp/fofhmje5Lh3L5bcqJZeO5qI8X8LlY6excLKj5/hAphz6hs5efe7Fdu4YhcUlkigcOjaI1985wo7dCYSODZbabIrbRcS0yQCYmppwOv9sq+dRu2p11dc1NNbZUJG7MTt3J2rEOPv088TG2ooduxMlkVcfEdMmUVNba7AI/HPGYYb4DdRYr6N9txYdxwLB/U5BmYIvE1VRXCP7ORA4wJGCMgXnLiqlNl49OwNw9OxlncdG9neQjicdK8LZVkbl1Xqqrv6m0V79hSs2Qc65i0qcu8p4JthDaz7Ljh3wdulC0rEijIyMAOjR1QJnWxkFZQpGDXDScP9m518CwNuli8beKqvrOXr2stRXvT5vly7SWtRzN96Desz4tHwAngnywNlWRurJUnp0lWHfqaM01oETxVh1NOaZIA+9YzZ1LOtaV0GZgsqr9Vp7EAgeNppz+r77/g42bEghdPwgSkoqeGPxZszNTQka3ZeSknL27c9h3/4cfAe5cCq3hMVLvsW9zwIAzM1VD3DZ2d38XrJj52F27DyMm9vN7yDFxRXMeu5TGhrAvY89iftOcCq3hK2bVTfPVq3eQ3FJBX5+ruzbd4LIBV+y7vM5+Pm5Smv4JSMP9z72nMotYfKUaABpTY3bZ2TkMeu5Nbi52eHex55Vq/dSpajlX4tUDyLuT5KzP0mOm5sdMgtTFDcczDt2HsbBwRp3d3tOnVKNaWdnhYO9DfE7MmloaOCdt6fw9fqDKvd0H3uKb1wvezvrh6KmskAgEAgEgruLQqEgYe9enomIAFTu32qlUiO62BB3bFNxT6FQSDWG31++nOlTpwJIIrA8Ry65R8eEhLB3z54276GxKCuTyXhi4kS2b9umISinpaoioidO0n3P6YlJk3hq2jQN8TYtNU1r7yXFxS0KmSflcgb73xRDX124kI2bNmk5aAGKCouQWaqEVEcnRxwdHXVGNreVaqWy1cKr2sHbVMhOS02TagQ/Ongwn6xcyeq1a6TzCoUCRZUCRydHHh08mL179mh8BjHr1t3ibgSCPw9RMSnS69ifjhP+1/4aLt/GGBpvHPbvbUSFD9NyBQf6dMfZTlMcLbhQRcGFKmnsyup6qd5vY7x7deVcmYKId7/nu7ef0DhuSB1gfXtSE/5Yf6K3Zmodj0s5rSWI6+sf8d4PJGWdV4nZAoEehAB8l+ns1YfhXq8y/INXVW7e5EwU50soOpABQN6O/Vw5fhqATv3dMLY0B8BhhC8u4wJxGOF7V+r7Goq6/q6TQ9vWdKW88kZ/1Y3MKxUV0jm1Czgx+RDBI4ZhZmpC7pl8nBzsJFdr5zbU4FWjFlwPZRzB0d6O4BFDb8xrZVD/3DP59Onl0nLDG1wpr6CmrpasEzns2J0AIO0l+4Scmto6aV/61zyZ5avW8m3c9zjZ2+sVoWtq6ziUcYTTZ86yc3eixrnTeWdbdBwLBPcrcal5PPH2Lrp3tcDbpQtvbUhj338mknS8iOi4LEmMjJ4zksrqeka/vo1Qfxey8y9hhBH7353IqH9tZd2CMYQHe5J0rIjRr2/jyCfTiVxzgIKLCpy7yqQxnJEx6vVtnL1QhbdLFwouKrDs2IHs/Ess3ZjOiH4qwdTbpQvRc0Yy+vVtPB3kQXb+Jc5dVLL/3YnEpeaxdGM6f3w/H1B9uRz44kYAyr99QeMLbXb+JUa/vg3LjsacXReBlbkxo1/fxr7/TCRwgCq+KmzZTo6dvcz2N8YRFqASRWIT5MxasZcBN0TuFd8doSBmFpP+73uWTB/MnMf6E/7RHr5KPMmIfg4UXFQQtSGN794YR+AAR2IT5CzdmM5Hz48gMsyH2ATVH75RM/yl8V/+LJmngzyIfTlEOpZ0rIik91ofpS8QPCzEx2cyY8YwSSCdOHkF69cf1HDULlv6JGETfImLz2Txks1kZOYRNsGXoNF9OX26lHfenqIx5qhATz5eGS69X7V6D0plnSTSSuNk5OHn56rRdt7cMQwd9iYZmXkaoupri0I11qBes1rwVbePi89URV6vewGZhSkWMlM2bEhh3twxkgvYd5ALMete0HtN4nao/sjdumWB5PpV03ivCmUtQ8fR5uIAACAASURBVIe9SeL+HCEACwQCgUAguCXUIuj2bdv4JT0dgD27d/PExImS49SzryfBY8bwzrJlTJw0iaqqKlWsr1zOti1bddbPBW2n6clG7z37evLp2rU8NW0aHh4eTJw8ielTp7LkzTexkMnYu2cPb7y55Lbt8403l7DolYUsWvgqEydNorioiHVffMEHy5frrTXsH+DPvxcvZvqUqcxfsAClQkFhYaFOMbY1EcwAEbNmEfr4zbqeFjdE7zeWLCY9LY3t27YRPmsWxUVFODo6tjj2L+npvL10mXSN3T08WNzo+qWnpWm4cVtab9PIZrXoLc+RS+M8Ongw27dtw8jICA9PDz79bC0vPD+bGVOnSWJ3UWEhL0Wq/h2pz38cvZLB/v5s27KFMSEh0r87geBhp7HbNnKyH5GfJPD3N7ZriKytIe7grxRcqNJbt7epsBu9JZOwYTfF2fDH+hMVk6KzBvH8ib7E/nSc2B+P3xGRVZfA3Ti+uiVGejlRcKH1ZQoEDxdCAL6HWPSwvxnd/O97u5a2kpuXj6N9N0m4dOvVk9P5hguM6v5qLpdXaEQkh44NIjXzCDt3JzAlbBwJyT9L7l+ATjdimFsrxqpRi8Cb47/HzNREGq85+ri6sIt9GmK1IezYnUjE1Mlaom3wiGFEvrGUhOQUDaezLsxMTVg4bzbLV61l+arPWDjveZ3tsk/kEDo2SMslXFNbx+tvv2eQ41gguB+J2pDGiH4OxC0ej5W5MQVlCpxtZSQdV7lkG4uRSceKpLZq4RhQHUvNIzzYk9gEOQN6dpaE4/BgT0n0VM93NP8SRz6ZruF0VTt4dYmf4cGeBA5w5JHHVxKXmqd1PjZBTqi/C0nHiohNkBMZ5qPVpqGhgci1B4h9OUQSddXzHjt7mRH9HFgZn01YgCsFZQoWrNUUZ5t+YUw6VsRXiSclgRdUQnLEir2cjVE98S4z68BbG9N1RlVHx2cR6u/CV4kniZrhL2oZCwSNUDRTp7e6uo79+3M4nasSOUtLKygt1fz+4GBvrfFfdfyxPpo6jouLVeOpRVL1OMUlFfihElJXr95Lbm4J+mi6hqBRfTXGVFNSUoGREURGfinNAZB7qkRq6+fX/Pex3FMlkkO46X50rTX3lP51CwQCgUAgEBiCf4A/ZwpU6XFFhUU4OjnyUuR8rXaffrYWeY4chUIhCYCNI4nnL4jUcsbOXxCp0Wbjt5v0zg2qGsBFaofwjdrD+mg6VkvnZTIZn362lqLCIoqKinD38GDXjz80ux6AiGdnMXHyJOQ5cjw8PHhi0kStuZr22fjtJq1r0Xg9aif06jVr8PD0RKFQcFIu57VXX8XDw4OIZ2dJxx8dPJjwWRHN7rXp/C2d19X+TMFZjTU7Ojmy/ptvJIeyrmuz8dtNpKWm0dDQILmCN367SbrGjo6OGuK6TCZj47ebpH9H6s844lndEdwCwcOMlbkx0S8GYz0uus0ia/aZslZFICdln9eom+vdqyvZZy7qXV/svx4n/N3vVW7iFuZp7G5uGisNUHW1ngPZqlrBWb+WEf2itg5gZW5MUvZ5vYJ2UwK9DWsneHgRArCgzVwpr6Co5AKvzH1OOjbUbxC79uzj54zDLYqZuWfyKa+oZErYU9KxwuJSDQFYcgEfPERnG2t8+nu26JJtLVPCxlFYUkLspm149/PUEKR10aeXCzbWViQmHzKoFi+ohNfCkhKdjl0zUxO8+nqQmnGkxWumbt9YBHZysMPNtadGm4Tkn1nyyks6+3r362uw41gguN84dvYyS6YPlsTNxkJk8oliHnl8JYDktj169jKj/rWN7PxLhPq74GwrI3yMJ7NW7AVUjuLGgu/Sjeks3ZgujaEWkfXFHKvnWzJ9sDTOgs+SAeje1YKwAFctETg6PkslonaVsTI+W6cAHDXDn5c/SyY82BOrjjeF3Og4lRAbNcOfgS9upKBMQUGZgqqr9RrCbdOnBZOOq6LBGs8V2N+RHWn5UtxzZJgPSceKiFx7QOO6Jh0r4vxFJdmfzMD7xQ3EJsg1rplA8LDTVKBUKGslcRPA3s4aX1/VdxtfXxcsGp27G0yavAKlso4JE3yRWZiQkZl/S+OZm5vc3M+NY32aicHWhUzPNYiY9SklJRWMHtUXBwfrW16rQCAQCAQCQVP0OWHV6IorbkzjaOC2zt/SGm6Vtswhk8m0atka0kcfK1dE4+HpqeHA9ezrybatWyURtqVrfSdovGZD96yrTUvX+F7sTSB4ELEyN9brZDXEDWtlbsK5MsPj3o/mXZREWDXnyvS7aMOG9yYspTcR7/7A/uhpzY6tS/RtTEODyvAR+9NxjIyMpHrAjfHuZcuXu0+0OBZA9pmLBgvFgocXIQAbSPbHX3Nw4Qf3ehl3hCf2foHDyJaz5RtTU1vHqpj1BPgO1HDedrKx5skJj7Nzd6IU26yv/+b47wnwHahRj7a2tk4r1nlK2DiyT+SwN/ln3n1jkcY5dfR0YUlpmxzAoCmoZp+QtygAq9e0OmY9hzIOGyQCJySnNNtuyKODWjWemakJ/4iYydIPP+Z03lkNATjrhBwne/03YoNHDCU18wiHMg5LsdcCwYNC964WkmDZlMYirBrLjh2Y4O/CgeNF0rkwf1cizQ4QtmwniprfNITTpmM428qIT8vX+6VTLTQ35pkgD6I2pBEZ5oO3SxcNATguNY/zF5WsjM8G4NxFBUnHiqR4ZzXeLl14KdSbiBV7NeqSfJV4kh5dZSxYqxKZo+OyCB+jWn/Sce1x1AT2d2Qp6cSl5kmx0WoXc2OxN3rOSAa+uBEvly5M8Ff9To1NkGPZ0Zi/v72Lqqu/8WXCSSEACwQ3GBXoSebhfE6dKpHq28567lPmvjCGmU8Nx9zcBJnMlHlzVTe+1G7d1tBUUG6Kg4O1NLaDg7XkynWwt+bUqRJKSyulmGmA1Z8mtHoNaiwsTKiuruOpp4ZLa8rIyGt2fU2xt7dmx87D0r7UEdDu7vacPl3K3BeCpesVF69dE0kgEAgEAoFA8GCgSyBWKBSMCTE8RlogEPy5qayu58DRQsKGuWmdy/61rEWBM2x4b6JiU8g+c1Fnbd6mx71cu9LQ0KDRpodt887e6BeD8X52nYbDty1YmRsT6NOdQJ/uxP54nMD5G4l7Z6LG/caoiGHE/nScqJiUZkXgqJgUov8ZpPe8QKBGCMAGUl+pvNdLuKvk5ul2XFwpryA37ywJySl49/PU6VgNHjEUM1MTXn/7PeZFzNQSZguLS4ndtBU3155MCRunce50/lmt6GgzUxOCRgzVWe9XLTDX1Na2an+6xlGLwIbg08+T8KkTid20jdraOoKaCKm5Z/JJzTzC+JAgOtlYcyjjCK/qiWtWj9daV3EnG2uda0488LPWdW2Mk4MdjvbdSEz+WQjAggeOyAk+vPxZMkZGRqro52NFrJg9AoADx4t564Z7d+SN2rzOXWVEhvkQl5rHgrXJ7H9X9cUqLMCVrxJPEurvovFFq+kYUTP8+SrxJKNe3ybFLc+f4C21V7ft0dVCEpK9XboQGebDyvhsrThldeS0WlytqK4jOj5Lp3AbNcOf2AQ55y6qBO/o+CxkZh14JtgDUInbX96IZB7Rz4GlG9OpuvoboBKD9//nZmxX4ABHRvRzIGLFXo6evSyJyS+FemvMqRaeP96RzQR/FwrKFHyVeJKngzxwtpXh1bMzH+/IlmoEn7uolK7BMzfaCAQPEzOfGs7+JDmznvsU9z72nMotoaEB/Hxdb5wfxupPE5j0ZDQO9tbs25+jVcNXH/b2NgDMenYNr706Xm8d3Amhfqz+NEFaQ0ZmHnZ2VlJ7c3MT1m9IobS0gowM1QMp8TsOSyJrW/Y7+cloRo/qy779OZSUVHD86PsGjxE2wZcdOw8z+clo/Hxdid+RSej4Qbzz9hTMzU3Yt1+OkZGRJF5XV+uP2BYIBAKBQCAQ3J/MXxDJC8/PRmZpyZiQMRQVFhGzbh0Rs2YJd6xA8BBSWV0PQMGFKo0o5chPEvBy7arlhg3/a39WbsvUEIAjP0nUGte5myXR/wwi/D/fk7RyupZ5o6C0SkMAVouwjbEyNyYpS3/sspW5MXHvTMTnuRgmDO2ts01TmhsPkOKuA+dv1Fi3lbkxSSunEzh/I1VX63kzfJjWnmJ/PI5zN8s7UpdY8OdDCMAG0sXLHYfhhglzDxodLC20jg31G8TpM2fZuTuRnbtv/nJ169WTzjbW/CNiZrM1fof4DaKPqwsJyT+TfUKOqakJRkZGNDQ0UFtbx5MTHtfp2HVz6aljNJp1E3v19aC29ubNwc421lrjmJma6oxf1mxjQsTUyVrit75+jfe4/H+fgZHquLqO8BC/gXSysZZirVuqiRw8YijZx+VS/WRdgndTnBzsWDhvNpdv1CO+Ul6BqalJi3sdPzaYxAM/U1hc2mJbgeB+IjLMR1WDY6+c/ccKCfN3xbmrjMD+KgG18VN86rhnUDlb41LzpJrB4cGeFJQpiJxwMxI5fIzqWNMx9v1nItHxWcTszcHbpQuV1fWq+aaj9dTgkumDcbaVEeniQ3b+JeJS86S2cEMcnuAjCb6B/R2leGb1fOoxrMyNiVs8nqTjRTjbynC+KCN6zkhJVC4oUxCbIKfyaj1xi8cTHZ9FXGoeVh2NmT/BGytzY17++0B8e9sCELd4PFEb0vju0BmsOhpruJ0bC7dRM/zJzr+Es62Myqv1LJk+mMgJPtIXzoKLipvXAO1rIBA8TPj5ubLu8zl8vf4gSmUdvoNcmPnUcKmurVpkTdyXQ1FxOTNmDGPe3DGASuD1HeQixSf7+bkyKtCT0aP6ASqhNCMjj5KSCqnO8KhAT/r0cdBYg4ODNes+n8Oq1Xv5JSMPP18X3n57inT+7WVTWLV6D199fZDRo/qy6NXxkhBsb2+jGvPGGvq42+M7yEUSn5vO6efnyrKlT/L1+oPExWeq5lr6pEZb9fobMyrQUxLF/fxciV7xDOvXHyRx3wlCxw/itddCAfg4+hnefX8HX319ED9fF421CgQCgUAgEAgeHBrXwk1LTQNUovCtRmgLBIIHj4ILVcQd/JWRXk5ExaTg3M0SK3MTCi5UEejdndjXH9fqE/5YfwouVBH27+1YW5jQw1ZG5GRfss+UaYnI4Y/1x7u3LVExKViZG+PT25aGBtW8jUXYuIO/YmVuouEKViX+mUgCtfpY7I/Hqayul9p69+rKin8EEZdyWmutSVnnpb2psTI30Zg7+8xFnLtZaiQMqgXcsP/f3n1HaVHebQC+l0URpIo0FZBqAQFrQFFRRDCxoAg2TDRW7IkxfqKCWEBFsUSxBFtUYsNu7ApijQXs3aDGWFCBFYIF2O8PZGXZBVdETN5c1zkceGeemXnmN7NzznK/zzPHj5s/yvjbPnVp2zhTrh+Uc298On2PH5dWzepnzab1Uu/bV8T1WL9FpaOdoTJFpf7nFgAAAAAAAJabyW99kqP+9EB23rx9jty14nuBoaRk/uyQkydPrvI2XbrMn/VRAAwAAAAAAAA/g1snvpnxk99L/do10qVtk/RYv0WF6Z/53yQABgAAAAAAACgQPyYArvaT9AgAAAAAAAD+g0yf+VX2GXFXTrri0Zx74zOVtul7/M3LuVew7FX/uTsAAAAAAAAAP7Vzb3w6fbu3T9/N21W6/taJb2b6zC8z+a1P0qVt4+XcO1h2jAAGAAAAAACg4PXdvH3OvenpjJ/0XqXrx09+L0ftuvFi18N/CwEwAAAAAAAABa9L28a59bR+GT/5vewz4q4K6ye/9XH6bt4utz76xs/QO1h2BMAAAAAAAAD8T6hfu0ZO2rd7pnw0o9zyKR/NyPSZX+WkKx4t+zf8t/IOYAAAAAAAAArelI9m5Nwbn0lRUdKjS4uMn/ReJr/1SY7qv1HGT3ovR+26UfbZbr0kyfhJ72X85Pdy0r7dU792jZ+55/DDFJWWlpb+3J0AAAAAAAAAYL6SkpIkyeTJk6u8TZcuXZKYAhoAAAAAAACgYAiAAQAAAAAAAAqEABgAAAAAAACgQAiAAQAAAAAAAAqEABgAAAAAAACgQAiAAQAAAAAAAAqEABgAAAAAAACgQAiAAQAAAAAAAAqEABgAAAAAAACgQAiAAQAAAAAAAAqEABgAAAAAAACgQAiAAQAAAAAAAAqEABgAAAAAAACgQAiAAQAAAAAAAAqEABgAAAAAAACgQAiAAQAAAAAAAAqEABgAAAAAAACgQAiAAQAAAAAAAAqEABgAAAAAAACgQAiAAQAAAAAAAAqEABgAAAAAAACgQAiAAQAAAAAAAAqEABgAAAAAAACgQAiAAQAAAAAAAAqEABgAAAAAAACgQAiAAQAAAAAAAAqEABgAAAAAAACgQAiAAQAAAAAAAAqEABgAAAAAAACgQAiAAQAAAAAAAAqEABgAAAAAAACgQAiAAQAAAAAAAAqEABgAAAAAAACgQAiAAQAAAAAAAAqEABgAAAAAAACgQAiAAQAAAAAAAAqEABgAAAAAAACgQAiAAQAAAAAAAAqEABgAAAAAAACgQAiAAQAAAAAAAAqEABgAAAAAAACgQAiAAQAAAAAAAAqEABgAAAAAAACgQAiAAQAAAAAAAAqEABgAAAAAAACgQAiAAQAAAAAAAAqEABgAAAAAAACgQAiAAQAAAAAAAAqEABgAAAAAAACgQAiAAQAAAAAAAAqEABgAAAAAAACgQAiAAQAAAAAAAApE9X+8/+HP3QcAAAAAAAAAvtWw3spLvW31Vs2bLcOuAAAAAAAAAPBjlJSULPW2poAGAAAAAAAAKBACYAAAAAAAAIACIQAGAAAAAAAAKBACYAAAAAAAAIACIQAGAAAAAAAAKBACYAAAAAAAAIACIQAGAAAAAAAAKBACYAAAAAAAAIACIQAGAAAAAAAAKBACYAAAAAAAAIACIQAGAAAAAAAAKBACYAAAAAAAAIACIQAGAAAAAAAAKBACYAAAAAAAAIACIQAGAAAAAAAAKBACYAAAAAAAAIACIQAGAAAAAAAAKBACYAAAAAAAAIACIQAGAAAAAAAAKBACYAAAAAAAAIACIQAGAAB+sAtufCLF3QaX+9Nix9Oz2/Fj89Y/P/tB+zruwnvSqPep5ZaNvOaRrNr7lDz18vuVbnP22InpsMc5mTevdKnPYWncOuGVFHcbnCkfTluux02SvsdcnQNH3Lzcjjdr9tdZs+8Zuepvzy22zfQvvkxxt8G58q5nf9Sxfkxdr7lnUoV7cdE/5173WLltPpk2M6v9angOGnFLSkt/mntoeV+vZem9j6Znv1PHZfXtR2SlzU9Mhz3OyYU3PfmT1WpRvzvnzrTa+cyyzz+0lj/X8wEAAOA/RfWfuwMAAMB/ryuH9E+dWjWSJB9MLcn51z+WjX5zQZ656rC0XaPhUu3z76+8n8vveCYTLjowHVo3yZjbn85BI27JZ/cNSf06KyVJ1m3VONtu0i7VqhUts3P5T7dZ55ZpULfmcjveSitWz7a/aJd2S3kdl5etNmyT20b+uuzzSWMeyKzZX2fk4b8sW9ahdZOyf5eWlmbvoTdk16075rzf75Ciop/mHlre12tZmfLhtGy6/0WpX6dmhu7fMw3r1crDz7ydI0fdkWlfzM4J+2613Pv0Q2v5v/h8AAAAWJgAGAAAWGrbdWufVeuvXPZ55y3XTfv+Z+f86x/L+UfvuFT73GTd5nn1+t9/z3HXynbd1lqq/f+3mTt3XoqLq+WYgVss1+MWF1fLpcftslyPuTRWb1Q3qzeqW/b5wpueyArFxdm++9qVti8qKsptI3+dlWos+dfhBXVfWsv7ei0rR593V0pLk8f/PKjsCxf9tuqYlWqskFMuezAH9t04jRvUXq59+qG1/F96PgAAAFTGFNAAAMAys1qjullnzUZ5/d1Py5Y9+9oH6XX4Zamz1dA02e60HHLmrSmZ9dVi97HwlNCNep+ag0bckiRpuO3J2fuk6yu0WeChZ97OZgdcnNo9hqbNLiNzyuUP5Zs5c8vW3/vkm+l+4MVZuceQNPvl8Ox7yk35vOTfSzyf6x94Ie12PSs1tzgxmx90SV5466MKbSa9/q/0PHRMavcYmpY7nZGR1zyy2P29NmVqirsNzuhxT2bzgy5J3a1PSutdziw3hfKCNkMuuT9r9T87jbebf57d9rso/Y+7Nkly1Kg702LH08tNyfvS2x+nuNvg3PPEG0mSN977NP3+75qs0uvk1O85LL0Ovywvvl2+/0uq2ZdfzUlxt8G54MYnyto//+aH2XT/i1JzixOzVv+zc9PDL1Y4x6rUuSp1/SksuFar9j6lwrW6+OanUtxtcEb99dE07nNq+g8emyRp9svhOe7Ce/KbYTemfs9habDNsBw28rZ8/c3cDB59bxr3OTWr9Do5ux0/Np/N+O48F75eC/Yz5JL7c+SoO7Jq71PSuM+pOfTb/SwwZ+68DBvzQNbse0ZqbnFiNt7ngtz9xOvlzqFk1lc5dORtWe1Xw1O/57Bsc9iYPPvaB5We754nXpfVtx9R7j4Z9/BLKe42uNJtpn/xZe549LUM6te1LPxd4De/2iC1Vlqh3LTs193/QroMPD81tzgxbfuNzNljJ5Y71h4n/DW9Dr8sF938VFrvcmbqbn1Sfvm7K/LB1JKyNvPmleaEi+9L4z6nps5WQ7Pniddl2hezyx170VomyehxT2btAaOyco8h6TLw/Nz00Etl6yp7Pnzfc6gqfU2SGx58MZ32Oi81tzgxnQeeV+H63PPEG9lk3wtTu8fQtNr5zAwb80DmzJ1XodYAAAA/JQEwAACwzMyZOy8fTC3JqvVrJUlefufjbHHwJSkqSq4ZtluGHbBNbnjwxez4h6uq9H7OiZcclKH7b5MkefTSgzPikD6Vtnvq5ffT56grsnqjurnu1D1y+IBNc+bVEzLkkvvL1v/q91emY+smufPsfXL+0Ttk4uR/5ODTb13ssZ96+f3sNeT6tF2jYa4c0j87br5Ozrq2fLj7xnufZstBl6bGisW57tQ9sv9OG2fwRfdm9Lgnl3heI695JIP36ZEJFx2YrTdsk/1OHZdHn59Srs2fbnw8B/TdJGMG96uw/W69OuWDqSV55tXvQrzbJ76aBnVrpufGbTLz319ny4Mvzecls/OXoQNyw/A9U62oKNv//qp8+dWcKtVsUbNmf50+R16Rz2b8O6P/2Df/95seGXl1+XpUpc5VqetPoarX6rLbn86IQ/rk93t2L1s26q+PZvVGdXPFibtmr95dctHNT6XTXufl+bc+zOg/9s3x+26VOx97LSdcfN8S+3DW2In5dPqsXHrcLvntDhvl4pufymV3PFO2fv/TxuXMax7J4QM2zQ3D90yr1VbJDkf/Jfc++WZZm0Fn3JJbJ7ySkUf8MtcM2y2zv5qT3kdenk+mzaxwvL36dMlHn32RJ158r2zZXY+9ljZrrJIN1169QvuX//Fx5s6dlw3XXq3CuvXaNM20B4Zmh+7rJEmuuPPZ7DXkunTv3DLjTh+Y3Xt1zrEX3JMhl5a/fx574d1cfvvTGT6oT4YP6p3HXng3R593V7najrhqfHbv1SlXDR2QhvVq5eq7Jy2xjmePnZgjzr4ju27dMeNGDMxWG7bObsePrRDGlp1XFZ9D39fXsfc+nz1O+Gu22bhtxp0+MJ3aNk3fY67O829+mGT+lzD6/vHqdGrbNLecuXcG9eua064cn2FjHlji+QAAACxrpoAGAACW2qwvv8lK//46SfLB1BkZcdX4fPz5zOy+beckyUl/fiCNG9TOXaP2yQrVi5MkbdZomD5HXp47H3stO26+zhL3v/aajbJaozpJknXWbFxhVOICp1z2UDq0apwbhu9ZtuzrOXMz4sqHM/yQ3mnasE7uGrVPem3Stuy9oB9MLckJF9+XefNKK31X6Bl/mZCWTevnjrN/k+rfTgVcp1aNHDrytrI2w8Y8kFXq1swtZ+ydGitWz/bd1857H03P2ddOzCH9ui72vM44bLuyKWr/PHiXPPnS+xk19tF077xmWZszD/9lDthp40q379qxeZo3qZdbJ7ycjdddI0ly+8RXsvOWHbJC9eJ8+fWcXHHirtl43TXSsN78ML5xg9rZ8Dd/yvNvfZhfdGj+vTVb1Jjbn84n02bmkUsOTLvmqyZJunVskQ57nFPWpip1rkpdFzZ37rx8M+e7EZQrrlC8VO92req1uvXMvcvOb4GBfdYvq8nOPTrkoWffyfQvZufm0wemxorzf61+bcrUPPTM20vsw2adWuaaYbulqKgou/TokPueejMTnnsng3b5RV56++NcffekXHRs3xzYd5MkyfabrZ0tDr40gy+6J727tkuS3PfUW9lvx42yV+8uSZLO7Zrlt6felDff/6zC1My9u86fov3WCa9k004tU1pamrsffyP777RRpf1bMIK52ap1K12/wNy58zJ49L3ZvVenXHDMTkmSX246/34eec3EHDFgszRqMH9q+Dq1auTuc/ctmyr+nQ8+z9j7JieZ/4WRkdc8koF91i+bMn6XHh3y6fRZeXKhkcYL+2bO3Jx2xcM5bNduOfXgbZMkfbq1zxvvf5qLb36q0qmfq/ocWlJfS0tLc+yFd6d/z/Uy6qhfzT9u1/Z5+pUPcv71j+eyE/pl/HPv5Js5c/OnP+yYmjVWSK9N2uabOXPz/kfTl1hPAACAZU0ADAAALLXWO59Z7nPDerVy8f/tXDZK8MFn3s5vd9ioLHRJkl6btE3jBrXz8DNvf28AXFWPTP5Hjhiwabllh/brmh27r5N580rTsmn9zJj5ZfYacl0mvfFhPpk2M199MydffjUnX38zt9L3wT772gfpt1XHspAymR9wLuyBp9/Orlt3TGlpykbWbta5ZS6/45l8NuPfZeHromrVWKHs30VFRenTrX1uGf9yuTbNFjnWwoqKijKgZ6fcMuGVnDaoZ/gbGgAADLRJREFUdz789Is8/co/c/KBvZLMD7I2WHu1nHbFw3nombfzwdSSfD1nfv+mlcyuUs0W9dxr/0rnds3KhaOL1qMqda5KXRd2znWP5dgL7i77fNXQ/hnYZ/3Ftl+c77tWCzRrWDH8bNxg5XKfWzatn9Ub1S0Lf5NkjcZ1M3X6rCX2oUu7Zikq+i68Xr1R3bKRuw8+81aSZI9vvzyRzL/Oe/XukkNH3pZpJbPToG7NbNqpRa6869k0b1I/23dfOy2b1s/9f9qv0uNVL66WAT3Xyy0TXs6Zh2+Xv7/yz3wybWZ226Zzpe2r6qV3Ps4n0777oscCA/usnxFXjc9jL7ybvluumyRp0aReufeEr9aobqZOm1+n9z6ank+nz8ouW3Uot58l3Q8vvPVRZsz8Mr9a5B3PV57YPzNnf13pNlV9Di2pr69OmZp/TS1J3y07lN0/yfxQ/+lX/5kk2aTDGqlWrSj7nHxjDuz7i3Tv3DLH77PVYs8FAADgpyIABgAAltrtZ/069WqvlKKiojRrWCctm9ZP8bfB3ty58zJj5pdptmrFMKdpw9rlQrcf45s5czNr9tdlIw4XWLnmill7zUZJ5k//2/3Ai7Pj5utkzPG7ZLVV6+av9z+/2OmOk+Tjz2emScPai11fWlqaT6fPysU3P5WLb36qwvrPSxYfAC+qQd2a+fjzilP4LsmAbTrl7LET8+qUT/LIpClpWK9Wtt6oTZL5Aee2h1+eGisW57RB26Zd81Xz/sczsu0RlyWpWs0WHnWbJB9//kWaLqEeSdXq/H11XdTe262fHhu0LvvcevUGVd52gapcq2Vh4fffVn2b+X9/On1WVq65YurUqlFu/YIw9PNvA+Brh+2eEVc9nLOufSRHnH171mvTNEP375mde3RYdNdJ5k8DPXrck3nhrY9y16OvZd1WjdOxTZNK29arPX+E/ceff7HEPi8IuldbZKTwgr5W9Wd7wT2/pMB3UZ9/+wWGRUP5Rg1WrnA/J8vuObQgqN9ryHUV1i3Y9ybrNs/9f9ovp181PtsffWWqF1fLntt2yfBDelf5WQAAALAsCIABAICl9osOzcuNmFtYcXG11KlVI59Oqzgq8sPPvshWG7ZZJn1YoXpxaq20Qj6bvvgg55q7J6XuyjVy9UkDykZgNqy75ECmacPamfHFl4tdX1RUlForrZA9tu2c3+5QcUrd5o3rV/EMko8+/SKNV6m8jouz0Tqrp/Xqq+SW8a/ksRemZJceHcpG1T72wrt58e2P8sp1v8taLecHuguP6q1KzRbVtGGdvPHep0tsU5U6f19dF9VkldppskrVA+PKLMtr9VNZpW6tzJr9dWZ/9U1qLjRC/MPP5oexCwLE2rVWzGmDeue0Qb3z5vuf5syrH8mux12bRy45KJt1allhv107tkibNVbJLeNfyp2PvZbdei1+9G/H1vOD4ede/1eFqZRff3dqtj/6qlx4zE5p9O3P/NRFfrY//KwkScreAf59FgS/03/A/VD/25D60yreu8vqOVS75vxg/oJjdsr67ZuVW7fiCt/910qPDVqnxwatM/urb3LPE2/ksLNuz7sfTcs95/22SscBAABYFqp9fxMAAICl02OD1rllwiuZO/e70aTjn3snU6fNSo8NWy9hy+9U+zZIXNLoyk3Xa5m7n3i93LKr756UNruMzDdz5mbaF7NTVFSUhXfx9Cv/XOJxN15njdz/9zfLLSuZVT6o2rzLmnnxrY+zybrN07Vji3Tt2CKbrNs8bddoWOm00gvMWGg/c+bOyx2Pvpr126+2xP5UZkDP9fLX+ybnoWfeTv+encqWT/ti/ijJhacb/vsr5d+p+n01W9RG66yRyW9+mE8XmuZ40XpUpc5VqetPYWmv1fKyYJTzTQ+9VG75DQ+8kC7tm6V+nZXy2pSpWWe3UXn42XeSJO2ar5rzfr9DkmTS6/9a7L733LZLLr/j2Tz/5ofZvVenxbZrWK9W+nRrn0tufioz/11+OuWr756Udz+ang3WWi0d2zRJw3q1ctNDL1boa3FxtXLvsl6SFk3qpXGD2nnw6bfKLS+Z9dVit1mvTdPUrrVihXv30JG3ZcDgsZVusyyeQ+u1aZK6K9fIlH99Xnb/dO3YImu3bJwOrRonSQ4/6/bsety1SZKaNVbIzj06ZGCfLnn2tcVfGwAAgJ/Cz/9bLgAAULBOOmCbbHrARdnpmKszqN8v8sm0WTlu9D3p3nnNbL/Z2t+/gyQtms4fnXnBTU+k1yZt07Vjiwptjt93q/Q8bEwGDr0+e2+3Qd77eHqOG31PBvZePytUL06fbu0zetyT2feUm9K7a/vc9dirue7+F5IkM2d/VWkAeOyve6TrfqNz5Kg7st+OG2fKh9Ny3Oh7K5zfFgddmp2PvToH9t0kRUVF+dMNj2fGzC/z+JhBiz2no8+7K9/MmZumq9TJ6HFP5v2PZ+Tak3evUj0WNmCbTjn9LxPSqMHK6bFBq7Ll3Tu3TO1aK+Y3w27Mof275tV/fJJzrnvs2/P9uko1mzt3Trlj/XaHjTL8yocz4PixGT6od0pLkz8u9G7eJFWqc1Xq+lNY2mu1vKy/1moZ0HO9HHbWbZk+c3baN2+UsfdOzsTJU3LXqH2SJO1brJqVVqyeg06/OScfuG0aN1g519wzKcXF1bLF+q0Wu++9+nTJKZc/lA3WWi1t12i4xH6cc9T26bb/6Gw56JIcsdtmWXmlFfPo5CkZffOTGXbANmUj/k8+sFcOHXlb6tepmd5d2+epl9/PaVeOz7F7b1Hl6Y6Li6vlmL23yPEX3ZtWq6+SLddvlQeefivX3DMpqzWq+C7mJFmpRvX8ce8tM2zMg6m7co1s1mnNTHjunVxyy99zw/A9K91mWTyHaqxYPScdsE3+cP7fMm9eafp0WytTp8/KkEvvS78eHTPi0D7psWHrDBg8Nr8/967ssPk6+WDqjFx996T03HjZzHYAAABQVQJgAADgJ9OlfbM8eMH+OfaCu7Prcdemfu2a6b/1ehlxSJ9Uq1b0/TtIsvWGbdK/53o54y8T8sEnMyoNgLdYv1XuPHufnHDxvdnpmL+kcYOVc8SATTN4n62SJL/abO2c87vtM2rsxNz08IvZZuO2uWpo/5zxlwmZ8uH0Sqex3mid1XPtybvl+IvuzeV3PJPO7Zrld3t0z7ELhZ6brNs8D164fwaPvjf9B49NzRrV0/sX7TPm+H5LPKeD+m6SS2/5e557/V9ptmqdXHZCv0qn7/0+nds1y1otG6XHBq3K3r2czJ9a95Yz9s7R592VA4bfnA6tm2Tc6Xvl/y68p+z9rd9Xs0XVWmmF3H3uvjn49Fuz9aFj0mq1BvnDXlvkqZe/G1lclTpXpa4/haW9VsvTVUMHZMil9+f0qyZk2hez06lt09w1ap/07touSVKtWlH+ds6++eMFf8thZ92WL7+akw6tG+eWMwamU9umi91vu+arpskqtZc4/fMC7Vusmsf/PCiDL7o3R426I6WlydprNsqVJ/bPnr2/2/7gXX6RGitWz8hrHskFNz6RFk3rZeTh2+XI3Tb7Qef8u903y7SSf5e9J7rHBq2y/04b52+Pv77YbY7fZ6vUqrFCLrzpiQy/cnzWarlqxp6ye3ZZzHuQl8VzKEmO3G2z1KlVI2ePnZjzb3g8TVapnYF91s+Q/XomSfpt1TFXDumfkdc8ktHjnkzDerXSd8t1M+KQPj+gIgAAAD9eUemS5lEDAABgmXltytR02OOc3Dby19m+e9VGHsKP9fgL72bzgy7JlFuPTfMm9X7u7gAAAFAFJSUlSZLJkydXeZsuXbokMQIYAAD4gdbd/Zy8/u7Un7sb/3XmPjG8wrLiboN/hp7wv+Ld247N/X9/K6dfNT79tupYFv6675a/tVo2yivX/e7n7gYAAPA/QgAMAAD8IEKMZaeyUBiWlVsnvJJDR96WHhu0ykXH9i1b7r4DAAAobKaABgAAAAAAAPgP8mOmgK72k/QIAAAAAAAAgOVOAAwAAAAAAABQIATAAAAAAAAAAAVCAAwAAAAAAABQIIpKS0tLf+5OAAAAAAAAADBfSUnJUm9rBDAAAAAAAABAgRAAAwAAAAAAABQIATAAAAAAAABAgRAAAwAAAAAAABSI6j93BwAAAAAAAABYvNtvv32x63bcccdyn40ABgAAAAAAAPgPtmjIu6TlAmAAAAAAAACA/3CLhr2LC4UFwAAAAAAAAAD/BRaEvosLf5OkqLS0tHR5dQgAAAAAAACAJSspKVnqbY0ABgAAAAAAACgQAmAAAAAAAACAAiEABgAAAAAAACgQAmAAAAAAAACAAiEABgAAAAAAACgQ/w8FYBFXoL1wlAAAAABJRU5ErkJggg==' height='250' width='300'/> ]]>
  </system-out>
</testsuite> <!-- com.tribu.qaselenium.tests.mazaprendo.MAScoreCourseTests -->
