<?xml version="1.0" encoding="UTF-8"?>
<!-- Generated by org.testng.reporters.JUnitReportReporter -->
<testsuite hostname="station" failures="0" tests="1" name="com.tribu.qaselenium.tests.mazaprendo.MACourseCertificateTests" time="24.674" errors="0" timestamp="2022-01-24T10:37:49 COT" skipped="0">
  <testcase classname="com.tribu.qaselenium.tests.mazaprendo.MACourseCertificateTests" name="checkCertificate" time="24.674"/>
  <system-out>
    <![CDATA[ <img src='data:image/png;base64,iVBORw0KGgoAAAANSUhEUgAABLAAAARMCAYAAACJcWqtAAAAAXNSR0IArs4c6QAAIABJREFUeJzs3VtzW1l+NvZn7SPOIAgSPIkUJerQarWmezzzuuZ1xn7jclyuVLkqd658nPkW+Qy5TOUmlZTzJnbFccaa6ZnRqNWSmpRISeARxHED2MeVCxAgQAIgQIIEQD6/qh4Nib3XXtgEcXi4/v8tfvOb30hQV57nwfM8xGIxrKysIB6PQ9d16LoORVHGPT0iIiIiIiIimjJSSjiOA9d1US6Xkc1mUS6XoWkaNE0b9/QmFs9MF80HUzQaxfLyMhKJBMLhMFRVHffUiIiIiIiIiGiKCSFgmiZM00Q4HEY8HkehUEA2m0WtVoNhGBBCjHuaE4cB1hlBEMBxHCwtLWFlZYXBFRERERERERFdC1VVEYvFEAqFkEwmkc1msbu7C8MwWPl1BgOsNr7vw/M8PHjwAIuLizBNc9xTIiIiIiIiIqJbTtM0xONxrK+vwzRNbG9vQ9M0LqhpwwDrhO/7CIIAT548wdzcHHRdH/eUiIiIiIiIiOgOMU0TKysrMAwDW1tb8H2fIdYJBlholA16noenT59ifn6eDw4iIiIiIiIiGgtd17GwsAAAePfuHYQQLCcEcOfPQLNh+/r6OsMrIiIiIiIiIho7VVWxsLCA9fV1OI4DKeW4pzR2dz7AchwH8/PzWF5eZnhFRERERERERBNBVVWsrKxgfn4ejuOMezpjd6cDLM/zoOs6Hj58yJ5XRERERERERDRRmpmFYRjwPG/c0xmrOxtgSSnhui7W19cRDofHPR0iIiIiIiIionPC4TBWV1fhuu64pzJWdzbA8jwP0WgU8/Pz454KEREREREREVFPi4uLiEQidzrEupMBVnP11YMHD1g6SEREREREREQTTdM0rK+vw3XdO9vQ/U4GWL7vY2ZmBul0etxTISIiIiIiIiK60NzcHJLJJHzfH/dUxuLOBljpdBqKcifvPhERERERERFNGVVVkU6nGWDdJb7vI5PJjHsaRERERERERDSFNjc3sbm5OVSY5Pt+a7/Lmpubu7MBljbuCdw03/cRCoUQCoXGPRUiIiIiIiIimkKWZaFer0NKiQcPHkBV1b7b+76PDx8+4Pj4+Ep5RCQSQSgUQhAEd66q7G7dWwBBECCdTkMIMe6pEBEREREREdEUWl9fh67rOD4+xocPH/quimoPr3Rdx/r6+qWPqyjKnS0jvJMBVjKZHPc0iIiIiIiIiGhKxeNxbGxsXBhinQ2vNjY2EI/Hr3TsZDKJIAiuNMY0ujUlhP/rv/6A3//4ueftv3pxH//wq6eQhV2Y779AFle6b6jpEA//M8AVWkRERERERETUhRCiFWJtbm7i+PgYADrKCXuFV1etCDNNE1LKK9+HaXPnVmDJeAZmfLb3Bp4L1Io3NyEiIiIiIiIimjrtIdbZlVi+72NrawuHh4eQUmJlZQWqqqJWq6Fer8NxHPi+f6kgStf1Oxlg3ZoVWIOSAIz5VaBy1Hub8gFEZObmJkVEREREREREU+fsSqxcLgfP8+B5Hg4PD1s9ryKRCABAStkKuFzXBdDoa6XrOlRVHWh1VigUupMB1t1bgSUltJnl/htVjoA7+GAgIiIiIiIiouE0Q6z19XV4nofd3d1WePXw4UNEo1E4jgPXdbv2rgqCALZto1arDdScXdO0Oxlg3bkVWACAyAyg6Y1ywW6aZYRchUVEREREREREfUgp4bouVFWFoijwfR+e56FSqWBvbw+2bcP3fZimiSAIEI1GkclkEI1Gz41Tr9eh6zp0Xb9yr6zb5s6twALQaNAem+u7iSwf3NBkiIiIiIiIiGgaSSlh2zbq9To+fPiAer0OVVWxs7ODH374AS9fvkStVoMQAqZpwnVdHBwc4PXr18hms13HdF0X9Xr9Tq6y6uduBlgARDzTfwOWERIRERERERFRD83wynGc1tUGXdeF53mYn5+Hruuo1WooFAqYm5tDMpnEwsICMpkMIpEIstkstre3e5YVMsTqdGcDLISTjTLCXng1QiIiIiIiIiLqwXXdjvBKCAFNa3RqSiQS+Pbbb7G0tIQgCLC3twdFURCJRBCLxTA7O4tkMonDw0Ps7e11HT8IAriuyxDrxNh6YP1P//M/9739f/zvf4VUItp3mytplhEWdntuwqsREtG4/eFdFvvHZTxdm8f68mzXbTa/5PDTpyMszSXws0dLAIDPBwVoqorFdPzCY7za3MPuUQn/7S82YGjqSOc/aj9+PMB+voL/8vOHAIa7n4Payh4jETUxl7zG1yAiIiIimmq+77fKBo+Pj6HrOubm5rC7uwtFUZBIJJBMJjE/P4/t7W0UCgV8+vQJ6+vr0HUdQRDANE0kk0kUi0VkMplW+NWu2VtLVSf7ffpNGFuAdZgv973d888voRs1Ec9A9gmwUDkCMo8bYRcR0Rh9Pix1DbCklMgenF8tenBswdAvDnb8IMD+cRlSSuzlylhbmK7QftD7OYy9XBm+HzDAIiIiIpoAQRDg8PAQuVyu1V8qkUhgcXER4XB4LHOSUqJarXaEVxsbG9jd3YXv+9A0DdFotDXXR48eYWdnB4VCAdvb21hdXYWmaa0rDrquC9u2uwZYAGDbNsLh8J1v6n43r0LY1Cwj7Hc1QrsMhBI3Oy8iojaGrsGq2ShW6kjGQh235ct1VG0Xht75dP4XX60MNPbBsYUgkFiYjSN7WJq6AGvQ+zmMv3pxf+RjEhEREdHw6vU63r17h3g8jvv37yMcDsPzPBSLRbx79w6Li4tYWFi48Xn5vo+trS3k83kYhoGNjQ1Eo1GUSiUAgKZpEELAsiw4jgNN0zA/P4+9vT0cHR3Btm1kMhmUy2UIIaAoCsrlMmKxGACcKxmUUraCsbvsbt/7QcoISwcQDLCIaIwS0RCsmo0vh8VzAdaXwyLikRA0rbOl4b//eQchQ8N3T5b7jp09KmE2EcFKJonf//gZVt1BNGS0bv+vv9vEvfkkqraDw7wFRRFYnk/i6dpc6y9A//V3m1hMx1GtOTgu1/CfX6whFjaxmytj60sO1ZqDSNjAk7V5zM9EW/usLiThegF2jxov9IvpOL66n4GiNMaVUuKnzzl82i8gCCTmU1EoZ/7q1H4/8+Uafvt6p+v9/G9+to5YxISUEtt7Bezs5WG7PqIhA49W08ikYq1t//X7LaSTUXz98PTNUL/7QkRERESj5/s+3r59i7W1NaRSqdb3DcPA/Pw8Zmdn8ebNG+i6jtnZ7q02rovneahWq62VV/F4HLVaDUEQQAgBVVXhOA6EEIjH463vr66uYnt7G+VyGZlMBtFoFEIIVKtVWJbVGl8IcS7Ecl2XAda4JzBuF5YRlg+A+Q2WERLR2ASBxEomiY/ZfEfA4/sB9nNlPF6bw+5R/7LsbhzXR65o4dl6BulEBKqqYPeohEf35jq2+7B7jIcrs1iZT+KoWMX27jF0TcHGSrq1zaf9PBZmE3iyNgdD05A9LOHV5i4erqSRXo8ie1TC92+/4Fff3EciajbGzeaxctK3q2jV8dOnI8QiZmsV2PZuHltfcniwPIvZRATHpSo+ZI8RMrtfgCMRMfGrb05XT0kp8f27LAxdReQklNv8ksOHbB7P1jOIhQ3s7BXwh3dZ/NWL+4hFzK7jDnJfiIiIiGi09vb2kEwmO8Krdqqq4tGjR3jz5g1SqdSNlddJKREEAR4+fAghRCuEcl23dXsoFIJpmjAMA4rS+EOz67oIhUJ49OgRarUafN9HJBKBbdsIhULwPK/jOM0Qq/lvEAStr/v54c0b/O//R/+e48+efYV/+Pv/7gpnYTzufIB1I2WEdgU4qW0FAKgqYMZ6b9+NWwdcu/N7ZhRQB/gRVgsAzjzIdRPQQ10373B27sO6zH09o2xV4XmNOcSjEWgDNpmu1W3Ubafn7Z7vQ1PVgcfMF3sHBDXbQdg0EDINhEMXf6D1PB9lq3rhdmelkp19ftrHuey56bVfv/vbbpjj9lK2qjjMFXDcdkxd0xCPhrGUSQ90Tm+zIAiwMp/ET5+OsH9cxtJc4/loN9foXbU8l8CXg9LQ4+7mSpBSIpOKQVEEMjMxZA/PB1jLc4nW9+ZmonBdD9u7eTxcnm29gM7PxPHt40YDeSkl3n06xFI6gcerjf1S8RAK5Rq29/J4sbHYGKttldPcTBQHxxXkS1WsLcxASokPu3msZGbwZG2+tU3d8ZAv17reH1VVOlaovd0+hOf5+OWze63Q76hQxfpSCvcySQBAPGpi77iMw4LVNcAa9L4QERER0WjlcjlsbGz03SYUCiEcDsOyrFb53XULgka/7nj89LOZlBK6rrfeG6uqCiEECoVCq/TPNE2oqoqZmcZ7Xdd1kcvlIKVEOBw+d7VBIcS5lViDlBF+/ewZAPQMsaY1vAIYYN1IGaHc3wKqbU2WVRVi/S8GC5CaY+y+6xwDgFh7AVx0lcRqAXLn1fnvh6KNOVx03LNzH1YkCbH2s8vvD+Dlq7fwvMaTxMO1JWys9S+Jasoe5LC102d1XZuwaeD5k/VzAVHnPN4NNJamqbi/nMHa8kLPYKdsVQcer93f//oXPceJR8P41c+/Hmic9nPzyxdPut7vYeYXj4axvDCH5Ux6qDDrIFfAu61PqPUIGg9yBWzu7CKVjGFjbbnvz+c286VEyNAwNxPF58NSK8D6clhEZjYGXVMRXOLSutnDEmZiYZhG46VgIR3Dbq6EfLmGVPy0IaZ+5me6MBtH9qgE2/ERMhv7RkKnq6KsugPb8bCQPn0TIYTATDyMYlv41L4PAJi6BttthNV124PjesikOsv0Br1KYr5Uw8fdYzxdm0e8LZj61TdrHdupigJdU+F63YP6Qe8LEREREY1WvV4fqEl7JBJBrVa7sQDL77LAQwiBUCgETdNa5YKapiEUCsFxHBiGgVgsBillK7AKh8NQFAW+78M0TQRBgHq9DkVRoGkaFEU5t9qqGZ5dpFeINc3hFcAACwAgYnM3W0bo+5AHWxArg4UNKO5fOkSS+Wz3G+pWY2XWRQHYmGX3j1rhFQDsZA9wv08wdFk128HLV++QSsbw3bNHVxrf83xs7uwiu5/Dt19vIB6NjHCmvZWtGl6//4jnj9dv5Hhnj/126xM2d7J4/ngdmXT/x5Xn+Xj74ROy+7mO76eSnS86+WKl9e/LV++wsbaEhwMGmLdJ868u9zJJ/OFdFnXbgy8DFMo1/OKrex3bDMqqOShZdTw9Wd0ENFZEKYqC3cNSR4B1lq43fj9s12sFWO2ckxDqD+/OP/80w7KL2G5jCbWpD/8y5fkB/rS5i1QigvtLnUvOHdfH5pccDvMV1B3vwvM2ivtCRERERMNrXqWvWYLXi+d5UNXRfj7spxkitZf3NaXTaRQKhdacE4lEa2WW53mtVVbN1VWzs7MIggCu66JSqeDDhw+IRCJIJpOIRqOtZvBnjz2IsyHWtIdXwBQEWP/82x+RL/UutfrLb9axtnjFhm2RmZu/GmE5N1iA5HuQB5uXO4ZbbxynB5nPQkx4gLV5skooZBqo2w48z8dBLo/lhbkL9uzUa5VR2aqiXKlic2cXddtBvljB5k4WTx+u9hwrlYzhly+envu+5/k4Lpaxk91HvlhphWJ//csXfQOxYVaVXSS7n0MqERv6/PTT6/4CjTLDslVDdv8IZasGz/PxxzebWFvO9D2Hf3jzUyuc0jQFG2srXVdv1ep2x2qxzZ1duJ7fd+xb6eQ1cX6msdrqy1ERgS8RMnSkkycB6ZABVvakcfrbnUO83TnsuG0vV8ZX66e9ts5qhjqG3v1xraqNF+znDxeRjHauNBX933+0NMMhp8fKqH7efDyA5wX42ddL5/5q9fu3XyAA/OzxMqIhHaqi4P/+fqvnWKO4L0REREQ0vEQigWKxiLm53p9tpJQoFou4d+/ejc2ruYqq+Z/v+/B9H57nQVEURKPR1m3NKww2g65m2NV8j6ooSseqrL29PVSrVdRqNSQSCUQikVY/LSHEUAEW0AixmkHWbTDxAdbmpyPs5XqvPnpyfwFrV21BIpSxXI1Q7r5rlPH16WMl818u3YNK5r/036Cca4RcQ5QyDkvMXv4S9we5QqtP09OHq61gaGtnd2QBTTwaQTwaQSadwstXb1G2atjJHiCVjF+4iugsTVORSc8gk57B5k4WWzu78Dwff37/Ed8961+7PUqv328jHovcyMqvVDKOVDKOteUMDnIFvH7/AZ4XYCd70CorPOvt1qdWeBWPhvHts42ePa7CIRMba8vIpGdapaT9xr7tGlcATODLQRGBlLiXSV6qWaWUEtmjEmbi4VZ/qaZy1cabD/s4LFhYmG2siPP8zhfKg3wFhq4h1GMFUjxsQlNVWHWn1WsKAOqOB00dLPUJGRoMXcPhcaXjan/N8KyX/eMKsodFvNhYOrc6zPF8FCs1/OzREmZOemUFgUQQ9A7/RnFfiIiIiGh4S0tL+Omnn5BKpXqusNrb20MikYBhGF1vvw5BEMDzPDiOA8uyUK/XUSqVYNs2UqkUotEoLMtqrbhqlgQCQKlUgq7rcF0XiUSiFYA1rzDYLE+sVCpwHAeapiEcDiOVSiESiUDXu1/M6K6Y+ADrptx4GSEAuDZk/gvE3P0et9eBo+6XhL+Q7zVKDy8gj7YhlrqvrgFwcf8q34P89KdGSeLZfZeeALF0l50Gs5NtzD9kGq0wqbmyKbt/NNIAQ9NUPH+yjn///s3JccpDB1jtNtaWkd3PoW47OMwVRjXNvuLRMMpWoyfPICu/Ri2TnkE49LR1Dt9++IxMOtUxh1rdxk72AEBj5dUvXzwdaI7xaAS/fNE59l0MsADg3nwS27t5AMDKfPKCrbsrVOqo2y6erM6fKxWciYWw9eUY2cNSK8D6clhEJKQjFQ/jqGghe1jE49X5nuGZogg8upfG250DKBCYS0VhOx7ebh9iMR3H0/vzXfdrJ4TAg+VZvN0+gK6rSMXDyJWq2M2Vel6F0HF9vN7aQzIWRjxiomydXvjCNDXoqgLT0LCVPW78BUtK7OwV4Pk+/B4h1ijuCxERERENLxqNIpPJ4M2bN3j8+DFM8/SP3lJK7O3tYWdnB8lkEkEQXFhqOCpBEKBaraJSqaBarcKyLLiuC9d1Ua1WW327PM/rKG9UFAWxWKxVPtgMrjzPa63iao4PAI7jtL7v+z5mZ2cxMzPZFVTXjQFW0zjKCIFGQJVc6LoKSu4O3+S7pbR/fuXW7HIj1Gr/fiXXCLsGuZphF/Jgs2t4hWSmcb8uKV8st1bpbKw1rmyWSc+0SgmzB7mRBxiNq+kp8LzgUlcIPCuVjGP3oFHCWavb134lvfn0DGLRCHYPcvA8Hy9fvR24qfuoxKMRPFxbaq0+yx7ksLacad3eDK8A4OmD1aECtng0grXlDHayB42xRxxiTotYxEQyFoaqKAj3CHIukj0sQVfVVkDVTgiBe5kEtr4ct8r3luYSKFdtfNzNQwYS95dm8WC5++WMm+4vpaCpCj7s5vFh9xiGrmFlPoGNlcFD7fuLM3A9H5/2C9jezWM+FcX9pRT2jytdty+Ua3BPVln926uPHbd9/WABqwsz+MXTe3jzcR+vNvdgaCoerMwikBJWrfcVS0dxX4iIiIhoeEtLSzAMA2/evGk1Pvc8D6VSCYlEAjMzM8jn83j37h2ePHlyIyGWoihQVRXhcBj1eh2apsFxGu8ly+UydF2H4ziIRCJwXbd1RULHcVAul1t/BK7X64jFYvB9H7Ztt65I2Ly92Qze933UajVUKhWkUv3fg992DLCaBikjLB+NvIwQOCklPLvSqZK70tX/5PH58kGRWoH0PaB4GiLA9/uvAut3jIPNzrGaIsm+q7oG8eWkubemKcikT39JN9aW8Pr9NvLFCvLF8sivShc2TZS9Gmr13h9mBx4rdLqMtW471x5gAcA3T9ZRsaooW7WxNXW/v7zQ6lm182W/I8DKHhwBaPxcLxM+NQMsADg4Lt6JAOu7J+f7o529kh4A/PXPH164TdPzhwt4/rB3wPzo3hwe3Ts9t4am9l1p9Le/6F4iu5JJYiXTfZVYt33+4qvOkmMhBB6vzuHxaufP+av7p4+p9vuZmY3hH37V/7knHjXxl887z83aQudfsiQAcab/V7/7QkRERETXJ51OY3Z2tlWup6oq1tbWoGkapJR49+4d8vk83r59i6dPn157iKVpGsrlcms+1WoVvu9DSokgCHBwcABd11srsXzfbwVYzSsTep6HWq0Gz/Na27Q3h5dStnpnNVdwua57qfYhtwkbeLQRsQs+DFeOhm6UPJBqsRFYNfke5P4lG7cDjVVWrt35vXga0EPde1INUGrYdZ/jLlc4DEUHv7piD7W63Vq5tHbmioONkrTGw3Y72yU8u6JmCV48dvX+Uc2xgEYZZC+N5vHlC/8bVKMsr3GOsvs5ZPePLn8nLkHT1NbVBGv2aRBYq9utK0rOz17uLwfhkIl4tPFCMMw5IRpEte5gN1dG3fEQueTqNiIiIiIaPSEEYrEY5ubmkEqlWj2lhBB4/PgxZmZmUCwW8f79+2ufi6ZpKBaLKJVKqNVqHeFTM3Rq9shqlv8FQQDDMBAEQWs/0zShKAqCIIDjOB1XM2yGYc3ywmYT+PYyyruIK7DaXVRG6NSup4wQgNzfhAgnAVVrNF8/G0Cp6sDN3GWXQEo0y/nMGBCKdpb9uXYjkBq05M+udC9vVNVG36tLliM2Na88CADLmc4SHU1TsZyZw072AIe5wkhL8zZ3TgO5ZkhyWWWr2gpYQqbRd46NkKn31SKb/v7Xvxjo2JqmdvSLusmm7k2pZLxVAtpcKVdvC7PaV6cNqxloepe4Oh1RP/vHFfz0OYd0MsrVVkRERERTQlEUPHnyBD/99BNs2754hxEcLxKJwLKsVslfM2AKgqD1Pdu2W6vBVFWFYRiYnZ0FgFaw5ThOaxVXc5z2VVbNgEtKiWg02gru7iquwGrXLCPsQ5ZHtJpl7kx5z0lD966N2+PpRvA0CLtyvvRQNzuaqYvU+VVYF16xsDXPOuTOn7reJNZ+Nvg8e/A8H4fHjabnS5l01+CnvSStPey6iuz+UavsTdMU3F++Wv+u1+8+tgKWZg+vmxSPRvD88WlZ6MtX7xj40KX87S827kyj8gfLs/j7v3yMX3y1wisMEhEREU2RZoj14sWLaz+WEALz8/Otqws2Q6rmCqpmACWlhOM4qNVqqFarqNVqcByn1bi9eRXDXC7X6nfVrn08z/PufAN34C6uwCofALntnjcLRUXfIsHKETD34MpXIxSplcZKqfaVVkc7kJUzK3FUFSLzcOCG7t16X51bWRVLn1/RVbeAaqGxCq0X34P88kPXlWBi6cmVwysA2M7ut4KWlYXuDZLDIRNLmTR2D3LYPcjhq4cXNwPPHuS6lpzVbAf5Qrmj1O27Z4/6jlevO9ja6VI+CeAgV+goHVzKpC/s07SUSfe8r1exvDCH42JlLE3d289Bc+VX+wqw9tuH1exP1iyTJCIiIiIiukmzs7MIh8OwLKtVPgg0grRmDytN02CaZqtEsNmsHWg0aG+uwGqGV81VXE3NQEsIgUgk0lq9dZfdwQDrEPLoY+/bIwlAUYGgx2qVUZURqhrE0hPInVed3z97Rb/UStcrFHbl1rs2VRdnAyxVa4RYZ7aV+SxEnwBLfvmh+xUHZ5evdMXBds1SulQy1rdB+8pCutUnazu7j421842uu43bT8g08M2T9Qsbw9dsZ6CVX2vLGTx9uHrhduGQMfJm9E3jauperjSu4qhpSisM1DS1dRXJfLEMz/OHugoh0CjNbJYippKjL+UlIiIiIiK6iBACjx49wp/+9KdWmV8zgGqGUKqqwjTN1gqq9nDKP1kU0r7qqll62Gzg3j7Go0ePbuQKi5OOZ+AcAcRvqIwwMtMoD+xFN4e6OmC33lfN5u1ndW3mXs41QrBuY+++7X5VxHgaItP9CmTDyu4ftcKJs72vzkol460+VTvZg0uVx2maglQyhrXlDJ4/vo+//k8vLh0kxaPhjkbtzx/fHyi8ugk33dT9IFdo+zl2/i4tn6w08zwfB7n80GNvfzkNXTOz7FFERERERETjkUgksLS0BE3TWlcKFEJAURQkk0noug5d12GaJgzDgK7rrX81TYOmaR2rt5ragzDXdRGPxxGLXb3a6Ta4eyuwBiDime5hUNOIyggBNMoDq4XuZXkLQwRDvgd06WN1bvVVU7dm7mj0wjoXSBX3u67sQigKsfhk8DleoLmqKWQaF5bdAY0VTq/fb7fCkH77/PLFk5GtckolY/jli6fnvu95Pv715Z/geQG2dnZPrpg43Aqj69CtqXsmfT31057n493Wp9bX7f3KgEYw2ew19vbD56Gayx/kCq1Vd4M+RoiIiIiIiK7Lw4cPkc/n4bpuq8F6OBxGOp2GbdutsEpRFLiu22r03iwZ7BZgNTVLB588eXKuP9ZddScDLKvafZVRgwkxG4Ksu73LCKt1iPzhwGWEsloHzhxTtH0tzfT5xu2RJIQSbe3Xe4yT7xX3Ictnyvt0s2OMc8w05PGZ0jp7GyK8cHolwWrhfJlja/wExJet7re1O9uwvot8sYxcvgQAWJhLXfAzakjGY/D9AHXbwasfPyAZ70ylrWq9NY5VrcPQ9Yvn2kdzLEPXes5vfWUJf3yzCatax2//+CO+fdY9hDw7t0Hu71XGUYSC9ZUFvH7f6P/2obrXMUa3czPI/W1Xq9v445vNVn+rpUwaQSDP7XtvcR5vT0Kuf3v5Gt9+vXFhiHWQK+D1+9PG+M821i59zoiIiIiIiEbl6Vdf47e//S1qtcbnoGrNRiKZgudL2I4H1wsQBAE8r3HlwSAIYJ9UrFSsGqrVesfVB5v/RqNRfP38Baq167+y4rS4kwGWafQJMgwdwjQh00uNlUe92EWIxGCNt6WhA17nMUX7HJYfQTqljtVQ4v5zoC1U6DnGyTiylG39/5Zy8eQtAAAgAElEQVS5e53HOWt2EbKwc271l6gfN3pvAZDb78+P21TLN/67gFi+eCXZ571DmIYOTVPwZP3ewCuXHqwuYmtnF4GUyOWLHatyTENv/azb//9lDTLW6tI8qrU6drIHKJYtFMtW19VOo5rbMOM8WF2C43rYyXaupuu136Dj1uo2dg9y2D4p5TQNHfFoGL/45nHX7R+vr8B2XOwe5BBIie9f/4S15QWsLc+fu+pk2apiJ3uA7H4OqqJANRQ8fbiKxXk2MCQiIiIiosnwN3/9a7x9+xa7u41qE7teQzKZhGmardBK11T4vg/P86CIRs8rQ9fgG3orwGr+t7S0hGfPnnHl1Rl3MsDqG45oKoSmAqklSKtPr6B6HkJVBiojlJoKnDmmODuH5ceQJ6uwRDwNhKODjaGpQCUHKb3zt6eXT79nVyCLBxC62WjgrocATYWcyZwvDyztQcw3Vk1JgXPjDuvcfT2jfNJkXNNULGXSCIWMvtu321hbbgUyB8cFrK2clkxqmtrRQPyq5XyDjvX04SqOi2XUbQdvP3xCKhk7F8y0j3GYK6BsVQeaw/KZqxoOex+fP1lHzbaRL1a6jnF2jkCjaf0f3vzUdbx63em4gmPzZ3jRlSG/+3oD8Vi4VU6YPThC9uAImqa2epudn6OCpw9WWTpIREREREQT5/nzr7GysoxXr16hWrWQycxD1zUIAQSBgO8DiiIASASBD1VtfA7T9UaJYbN/1rfffotUKsXwqos7GWANJDJzM1cjbDueWLtcXyJ5fL73VUfzdrcO+eH7xrYAUC1CrHwNoNHMXZ4NsFy7sfpsRFcWvEh7Y+6NtaWh9m0GJrsHOeSLFeSL5Wu7ot8wc/ru6w38+/dv4Hk+Xr//2LVnVlPN7gyB+hnFffvu2SP8v9//0Gq0fhHP8zvCpF4aDfEXBu6vtbG2jNlkHNvZAxzmCj2PpWkK5mdT2FhbOhcEEhERERERTQIhBFKpFH79619jf38fvu93rKoC0Op5JYRoNX8XQiAcDuPBgwdYXFzk1Qb7GFuA9dWD5b63m0Zjag/upTETD/fcLhlr3LY0F8ez9UzP7RZnTz74hxL9rzJonKx8EgqQugfUulx5r8muDRZghaIXb3OZMVSt0bwdACKdV2QTqbbzWznT56rc9rUZA5KZRmjVRrp1iC7jjprn+ajbNlLJGOLRyKUCio21JdTtxvyP2wKssGkglWz0xRpFM/XmWIM0HY9HI3j6cLV1pb2DXKEj2NE0tTXeMMJm5+q09nHO3tZLM2Br9qHqdW4ump+maYhHw9A1DfOzyUv97FLJOFLJOGp1G4fHRbieh3yx3LotbBoT0wyfiIiIiIjoIoqiYGlpqXUlQcdx4HkeqtUq6vU6DMNANBqFYRiYmZlBPB6HYRhccTUA8Zvf/EaOexI3ybIs/N3f/d24p3Gz7EprBRaARnP3jb8c33yIiIiIiIiI6NL++Z//GdHoCBbLTBGuTbsLzBgwuwzoJhCKQixc3FSdiIiIiIiIiGhSsAfWHSEyG0CGwRURERERERERTR+uwCIiIiIiIiIioonGAIuIiIiIiIiIiCYaAywiIiIiIiIiIppoDLCIiIiIiIiIiGiiMcAiIiIiIiIiIqKJxgCLiIiIiIiIiIgmGgMsIiIiIiIiIiKaaAywiIiIiIiIiIhoojHAIiIiIiIiIiKiicYAi4iIiIiIiIiIJhoDLCIiIiIiIiIimmgMsIiIiIiIiIiIaKIxwCIiIiIiIiIioonGAIuIiIiIiIiIiCYaAywiIiIiIiIiIppoDLCIiIiIiIiIiGiiafliedxzuFHVahW1uj3uaRARERERERERXUqhVIHjBeOextBSyfil99WusvM0MjQF4ZA57mkQEREREREREV3KTCKGaDQ67mncKJYQEhERERERERHRRGOARUREREREREREE40BFhERERERERERTTQGWERERERERERENNG0cU+A6DpIKcc9BSIiIiIiorEQQox7CkQjxwCLbo2LQiuGWkREREREdNt0C6vaP/swzKLbggEWTb1uwRTDKiIiIiIiugu6ffZpD62atzPIomnHAIum1tkn6v/n92+xf1yEBICu+ZXo+Gd4V33Cv84XjMbYw8V2F8yn180SENKBkN7lxh3ZPhcNdfUxu7wVuPKYwxvh427k07+J8zFpb7Q653P1qHzI+zey0zEp53VS5nGbjPmcjuXwd+FxdE1/mLvUsNP6R8JxzPsKxxxq1+GPM+pXs+FdxzGvOKbs+cXNHB8AoEAqBiBG06o6FQ/jL5+vIh4xATDIounHAIum0tnwSkqJo0IZX/aP2146BnliHubJe9AgYFQvCMPNTQ592GF3aG4vAelDCWxABkOO0nkOb/zD/6X3ueq+A+53yeHlWO5Tj32v/XF4FaM4lugYZjyP4Zscb9hDXH9Qf/O6HVd2+X+jPsYkmNR50dWNPjzo/2i5zoBklGP3GOvapj+KgS83hmjtetk5XNdJGXDcc5vdVOB0EgCN5BBdqkiEikAND3OEvlzPh+cHkFKeW5HFEIum0YUBluM4NzGPG+M4DnzfH/c06IqaAVZ7kOX7PnzfH/Jl5RLbXbjLiD4kD0Ge+VA96vG77eMHKpTAw3DxybQHWFfZf4D9pi7A6rL/XQiw2v5hgHXTx5+EVZCyz1ejGH+STPLc6HKuL0jq0oHn2o51PeN3Ge9a78L4wivIy63dv/JxRzFu102Gnc/Vwq6BnhkvPET3DaQAAviDHuVCzc9H7Z9/m8EVA6zp5zgOdF0f9zS6MgzjWsYdzdpEohvUr+fVtC5qv5phw6tRHVNFoJgAxB0970SjcAMfwGiEeH6Jupn+j8HTFl7Jy48xzeHVSPcb/hgC1xteXSf2DKbbggEWTa32VVidT8DXuKLhRt6hDbv66nrH7z1MI8SSioHBQ6xJ+LDOF+tOPB9Eg7mO35Xp/9hP0+R6nu+7P4qnafXVTb8Ojvd1d6rDq7GVDY7SRce/nteF9s9LDK5omrEHFk2Vs0+8VwuvruMF4qbL026idLDXfuKkDFADFEAE9iXHphaJS/6ILr3j6E3QVOia9P0Z39YHwKjf7E/LObqtP8+7hmWDQ4038SuvLr/r1dbM392ywdGsurrsHEanvYF7swcWe2HRtOEKLJpaV/vrwSSGV5N6yH4HEYBQIIUGKYyx/03rrprutx03+ajhI5Qug48bom6m+7UHYHh1Q8e+lnFvtmxwlONd7Pp/s7gCi6YZAyyaate/FPamrzw4nIl5+REKpKJDCn3whuITM3kiops0/R/7aZqwbPD6x5rE43Wa6vBqGsoGJ7Dn1bkZsHyQbgkGWDQ1ej3xni8jvMh1XHlwFC5x5cFrHH/ofYQCqRgnIdb1zWj8+MJP4MNgbCbvxA93FdbpfNajaXSFJt8X6F42eJ2/m6Mev8fKq2u7C2Nu2H6lwGLMZYOy7zdGd6wuBx7oGXugKU3G61a3z0sMtWgaMcCiqTR8aDWsSf+QMY4rDw6gYyUW0W3ERzYR3V2T+NZjOCwbvJFjj3zcmyo1HFfZ4On28gb6UV3/5yii68MAi26Fa30SvvB1ZBQvNFNy5cGBDjX8SqybN7kzI6LbaPo/9tM0Ydng9Y81icfrNNXh1UgOP21lg9c7XwZWdFvwKoQ01a6vfPAmx5umKw8OumsjxEIAQLr86HbX8MJlt1/fnzEfAKd4Hugm8WqDQ43HlVejP/ZVxx1bv6txX22wffvrKzdvvwoh0bTiCiy6Qy7R+2oSTWA/ru5DsJzwUu7kybqTd5qIaISub9XVhL8rGgDDqxs59sjHncDw6lrmcHb76f+NI7pODLBoqtz48ldeefBqhNpWTsgX5OvEszuoqfoNoqnG30q6KTdZMnh9x7ue8Vk2OLhpLxu8gXN/E2WDN7w6iqWFNG1YQki3gpQSi3oBS7OHqPsqyp6OfTuEqqchGOrvh43tFEhENBeLoRoSmgtD8WH5OgqugQM7DDtQLzVPRUjM6DYWzBpiqgtFAGVPx5ETQs4JwZf959orBNJFgHmjhrRRR1R14UoFRdfEoRNG2dMvcQ4aRzIVH0shC0ndRljxUPV15F0TB3YEdqD2D6VaNzXLCcX5ckJWGtGUa/y20M2avCeOzsfBZM2Nbjv2uxpqPK68Gv2xrzruWMoGh3zGvvaywesnpWTpIN0KDLDo1gikgOXqUIRExqzhXtjCTi2Kz7UY3GCQJ+zGRxBdCbAatrAatuBKBRVPQ90zYCo+1sNlrIYt/FRJ4NAJQQ6xiDGqengYLWLWsFHzNVieBgmBiOrhWTyPkmvgvZVExdPR/eX0fO8rAYm0XsfDaAkR1UPZM1BwTRhKgHmzhrVwGV/qMXysxmFLtce456lCYiVUwVq4DAAouSbyfgghxcNauIz74TJ+spI4cCLw5QXnQACAAqka0GUAJXDhXhDUTb7LfICevA/do3Fb7xfRZdy234Xbdn9um5teeTVNGF7dyLFHPu5NXqFwksoGm27Hbx/RdWKARbfGsR/DF8uGIiRMxcdiqIavYkWElADvKwl4FwUtAHQlwNNYESthCzvVGPbsCGxfRQABVQQIqx7uhy38fCaHV6UUduuRgUKsqOriu2QOuhJgy0og75pwg8Z+miKR1Gw8iJbxi5kj/KGYRtE1z41xvkJeYt6o4dtEDmVfx4/lFCq+DjdQoAoJQwmwYFbxIFJCVHXwupyGLS/+lVcQ4EGkhCfRPD7XY/hSi6EWaPClgCYkwoqHlXAFLxI5bFoetqrJi8sDhYApfDyJVpC3FexWz98/oukx6tBu0sejwfCc001i2eDNjDWJx+s01eHVWMoGh9znBq82yBXdRBdjgEW3hidV1E9K+2q+hqrfCF02omVIAO8rib6rhRQR4EGkgpWwhS0rgU+1KOxAa3sxUVH1NdiBBgjgRSIPL1Bw4ITR7y2fqfh4kTxGSPXwQzmFA/vMqqUAqPoqnEDF1/E8XiSO8fvCPKp++6/n2dVXjVLEnyVzKHs63lVmUHDNk1JBAFKgGkjUfA1OoOBxrIAnsoA3ldm+QZ4CYD1SwuNoHju1OD5UE6j6p/2rbABVX0P1JNB6HC2gHmjYrUdPj43zp0MXPp7Hc5g3asjW5yEVFQg8jOal+rIf1vkh/xTPBRG14/PBZGPZ4FDjceXV6I991XHvZNngINsK9owlugCbuNOtJAHYgYrtahwfqnE8iFRwL2xBFUHX7VUhsR4p42G0hI/VOLarMdQ7wqvmuAIVT8fbchIlV8c3iTxmdbvnPAzFx7N4HgnNxevyLPbtyEmfq06BFMi5Ify5PIuw6uFFIoeI6p1ucGaXpObgm/gxap6Gt5VUZ3jVtpMtFXyqx7BZmcH9cBmPokXowu86VwUSiyELT6IFfK7FsWklO8Kr9nNQ9XV8qCZx6ETws/gRFkPW6ZuoM9PQIPEoWsCcUcNbK4WCF0agGAgU48YbVU4N/gmOpgEfp7cUn5cnG8sGe2N4dSPHHvm4d6FscIht+d6YqC8GWHSLCdiBgo/VGL7UI/gqXsRGtIyQ2hngRFQPG9ESnsRK+FyPYLsagyN7NWlvvF2wfB1vyjOwAxU/nznCSqhyLhxL6A5eJI6RMet4W0niwA4j6BJeNccNpEDeNfG6NIu45uDb5BFmjTqA05c9FQEWDQvfJnJQIPFjZQZF1+gSXp2O652EWO+tGTyKFPBVrICQ4nVsZQgf65ESvonncOiEsVVNngR4vV9Eq76Ot9YMjtwQfhY/wlq4fO4cxFQXX8WOsRoqY9Oawed6DH6zobyiIxAG+DQ0KkwTiC4mwd8Vml4sG7yZsSbxeJ2mOry6c2WDw2zL8IroIiwhpNuj63O+gO2r+KkSR91XsRSqYsGsoegZqHoawqqPpO5AFRIfqnF8qkYHuMJg421D0TPxQ3kG98OVk75ZVVQ8Ha5sNGaf0R14gYIfKzPYrUfawqveL06BFNi3I5AA1sIVfJvIoegZqHg6hJCIqR5mdBvHrolP1TgKbqjryquzXztSwcdqAr4UWA5b+E96HSXPQNXXYSo+kpoNUw3wuR7DTi2Oqt8/vAIaL8cVz8CPlVmsh0t4ECliKWSh4umoBxpiqovkyeq0d5UUsnb0pHxRnF6yS9ERBAKKdAB0Xx1HNLFOKi95JcIpIU/Cq2v76/a0l+JO89zvApYNDjzetT8hc+XVpcYdS9ng6T6TWzbYRkz7RY6Irh8DLLr1JARqvoaP1RgKroEZ3UFE9TFr2HACBYd2CHnXQNEz4QTKwLXnEgIF14QdaJhxbCR1B2HFR0QEcE7KF4uegbKrD9RAvsk/CbGqvo4Z3UZcc5HQHHhSQc3XsG+HkXdNVH29z8qrswRsqWK7FkfRMzGj24goLmZ0G06gIueGUKyayLsh2IE6VP192TPwU3UGOTeEpObAVH2k1DqcQMWXegwF10TBNeHhJLw6nVLjfxQNgRQQgQOB7uWNRESXJ0/Cq9Mv+fngLJ6Qycaywd6mbeXVHQ2vxrzPxJcNtra/Hb+VRNeJARbdUuf7NjmBiiMnhIJrQhcBVCHhSwFXKvCkcrL+p98Lx/nbGv2gNNR9FTnHhCYkFCHhSwWOVOAHypmXr8FemAIpUHINVHwdhgigKgGkRGvcQJ4dd7DxXXkSVnlG2zlQ4MlGqWGjP9fwL561QINtR5FzwtCUoHUO3KBxbvu/fRCAUCEVAwhcCHg9trsNbuubk9t6v/q5i/d5Gp0Jr5rf48+OpgbLBocaa6J7Xl3NVIdXLBscaHvJFVhEF2KARbdQ/xI9Rwo4rb5Lva+cN+iYABBAwA409G7nfvEYZ0mIVrA0WHXd4OGYI1U4aJZKjuaFMjhZ5WX7Q47bXIkFDVIRgBQQ0h3y6PxAenUjPof8kQxp1Cfsrv8ATj48nAuvqNNdfoxMA5YNDjweywav59hXHZdlg0Nuz+dkooswwGpTLpexv78P3/cRi8WwuLgIVb2oHxJNksbP8GDAn+Gg4VWD53nY29uDZVnQdR0LCwuIRqMjmfdF05u+g1xiXAEAKqRQIAMBRboY9187ieiyxhmgyZOnjn7PH3c94AN4/ycdywZ7Y9ngjRx75ONOYHg18jlcNby6Hb+hRNeJAdaJSqWCt2/ftr4ul8uo1Wp49OjRGGdFw6hULLx9+6719aA/Q8/zcJQ7QrFYhG3bCIIAmqbBNE0kk0nMzc1DCOD9+/ewLKu1Xz6fx/PnzxEKha7l/kx6dPP582dUq9XWa204HMbq6uoIRhaAYiAIGiuxBJu7D2GaP5RP89xpolwYXhFNOpYNDjUWywZ7YNng1Te/qfAKAASk4JW5iS4yEQGWZVmo1+utr+PxOAzDGNn4x8fHkCdlBO3HaZfL5c59r1AowPd9rsKaEsP9DBtv40qlErY+bMHzOvsueZ6Her2OYrEIXTcQCoU6wisAkFKiUChgcXFxgNkNXz44nMt88L9aWGBZFsrlcmuYIGgGTVcYt3V1MAEoOqRUADZ3Hxivhjeo0YdlPPfjNsiqK2pgUDzZWDY48HgsG7yeY191XJYNXmF7Pj8TXWQiAqw///nPePfudOXM/fv38Td/8zcjGXt7exv/8i//0vpaURT80z/907ntFOV84i2E6Pp9mkyD/wwbLw7VahXvf3rfCje70TQNyWQSrtu9J9Ngj49LhFFT+/o1yok3m7ubJyHWbW7uTlOLC8cmA8OrAfHBOtluU9ngNYdX147h1WjGncDwauTHH832EgLgCiyiC03kb8n29jZ2d3evPI7nefjd73430LaZTAaa1pnnLS0tQQi+2btplUoFu7u7Hf/1C5mahv0Z7uzsnBtX0zQkEglEo1EIIZBKzUJRFJimidnZ2Y5tTdNEOp0e8t5dbPiX7TE+Rkd66DODCdH4T1EhVROBMEZ9wCu67BtEfsgmurq23yMpT74ed6kP0VXcprLBGwivWDbYA8sGr7b5eMIrACdVCHwlIbrIRKzA6uY//uM/8I//+I9XWgH15z//+VzZVy+maeL58+c4OjqC7/uIx+NIJpOXPjZdXqVSwZcvXzq+l8lkLnwshEwd337zDEdHR3C9ANF4oufPsF6vo1KpdLxOzMzM4OHDh63jOI4DSAlVNErjHm2s42hmBpZlwTAMzM3NDVBe2u2FSELBabWcROPKgK3th3rtEm3/T0KBhBAnH+WkQNBzsMEP0hiz+YIrEMiTt1ZXfI1VIE/epDUG8rvO6+RroZz0xVIgpNOjL9ZllsJw+czo8Fxe3ajP4S3/mcj20OoSH2CuM4CfOJM+v7uOZYMDj8eywes59lXHvRVlg2MMrwBM6LoSookzsQFWsVjEmzdv8Pz580vtX6lU8MMPPwy1j67rWFpautTxaPzSagWxWQtyNoKKp+HYCcHy5JkQp/H/Lcs692q3trbWCq8EJNIRgZTuIK5ZEAB8KFgwQii4CdSCy/3qaCJAQncwq9swVR8CEk6gIueEUPIMuPIy/dYkQoqPlGZjxqhDPQmwLE9D3g2h4hvw5flzcBEFEmHVQ9qoI6Y5UCDhSwUlz0DBM7uMMti4KiQSmo1ZvY6Q6kEAcKWKgmui4JqwZbdz21yNpUNKAQQuSwqvxYg/1d/y/ITGqFUyyBWNF+Mv4WRj2eDNjXfdx7uj4dWY95nmssHOLRhgEQ1iYgMsAHj16hUePHiASCQy9L4vX76E77Px812iIICEgIDEolnD/YiFbC2Cj7UYvKDzReFs03ZFUVoXDtBEgLVwBathC/VARc1X4UsFhvCxHi1BANi0Ejiwwxim2XpI8fA4VsSM7sDyNTgnc4qpLhbjVVR8He8qMyj7w13AIK3X8ThagCYkLF+DK1UokMiYNaxHKtizw9iyknCGCMdUIbEaKmEtXIEjFViejgCALgKsh0vQlACHoTJ+KA81VZjCx+NoHnNGDRXfQN1vzCmseFiKVVAPNLy3ZpBze/zOCwEIDVIokIFycpVCfoAlGpu+IeU1JZit0u+rftgb1dwYENFlsWxwqPGubfrjeR+hIEBY8WFLFb4UUIRESPFQDzQEsvF+VgB9VtMDqghOV8afEVI8eFKBJ88HI6oIoEBCF0GrIsCVAlIK+FIggIL286KKACpk1/eSKgKoyum2EoB75n23AgldbRwTaDxGnaA5t9N9BSQMJYAiJPzWGBKuVFrvudWTygBPdp4X9eQYjq+0zlnzfjYP6kuB4Nz5ONNORAQIqz6EkLA8Df4F219swO3Z/4poIBMdYLmui5cvXw7d0D2bzeLTp09D7SOlPFduaJomdF3vu5/v+7AsC67rtgIzVVVhmibC4fC1XsHQ931Uq1XYtg3f9yGEgK7riEQiME3zUmO6rgvLsuA4DqSUUFUVoVCo1RPqIt3O49nzUKvVUKvV4Hke5ubmoCgKfN9vXcXubLjU/J4QotWzqjm3dsdeFO/3cwAEQqqKecPF49QxwqqPN+UkbO/0Snmu19mUPQgCuK4LTQRYiZSxolv4Uokg58cbK4KkgG3XYEqJlXAFD4wCnGAWBSXT52Wpeb4koqqHr6KH8GsV/G5PR66mwYcKXdeRiIaxEA/hXsjCi0QOfyqlUfF19H0LKiXqtRpm5DGWwkfIVlTsOknYioFQOAJd12AqPuaMGtYiZehC4k0lBW+AEEuBxD11D3PuPn48NrBbj8JVFEQiUYRDJqKai5VQBc9ix7DKGnbqiYGCvJDi4Xksh4Tm4FM9ht2qgZJlw7YdyMDDrOnhUaKCbxJV/Km6grwb6nEOGs3doQggEFBhI5CNtwfj/H0cuUt+vhaQQwWrk+Uml2xxedjUmbhVV9Pw+JmGOd5VLBsceLyJ73d1uTEWzSoWzBrKno5sPYqVkIWH0RK2rDi2rCQyZg33whVsVRM4dkx0/nQlErqD5/F864+q7WZ0G9/E8zh2TfxQnunYd0a38W0iB1WR0BC0bvKkgOOreF1OIe+efo7QRICNaAlpw8Yfi7OwfL11t2Oag28SeYRPVtQDjcCt5BrYrMRR8nRICKyELWzEyifhE04qEBQcOSa2qzFUvMaYT2Il3AtXO86qALBdjeInKwEAeBovIqa5eF2aQdU//Sj7daKAWcNG1dfwx2IKphLgRTIPUzlpOyEboVfeNfHRisLy9I6fXEj1sBaxsGDWEdEaVRKWpyFbD+NzLQrbv0zANPhjQ7LvMtFAJjrAAhoN3ff29rC4uDjQ9kEQ4OXLl0MfJwgC/Pjjjx3fu3fvXs/jlkol7O7uolKp9G0wHo1GMTMzg/n5+XMNxi+rUqlgb28PxWKx57HD4TAymQzm5uYGCp6Oj4+xv7/fs2eYoihIp9NYXFzsG451O49Pnz5FLBbDwcEB9vf3G72lTszONpqkf/78GYeHhz3HffXqFaSUHQHWV1991bE6zw4U/P71TwBO/4KTf5zC3zyyYAcq/s8fjrF3kOv5fv7VH/+AjWgJ5WgZ/0slgS/1KDaefoNItPGm4MPnI+RzR4ioHjaiRawmtjB//2/PvWnAyQya/FoBuvUG760j/LmUwrFjnvtrWCwawuPlJP7LAxXfJY7wfWkO1pmVWFJK5PN55HI5lEslJLU6lpIHeO2aeGfNoOLV4aPRADIej2NpcQFWKoF6oOJZLA8BiR8qsz1DLCkljo8OYJQ2Madn8X9VE9iuJlAPqq2X30gkgpXlJVjpFKQTwfP4LjwoyNZjPX5yDZoI8Diax7xRw79lDbza2cdR0Tr5eQoAEiokftRtPIvlkIq9RxB6AZFY6f34FQpiBrARruDVrou3O4dj+X0kYhZ2AyYuvJoWfHBOJpYN3tx4132sy4+RNmyshCwcuyZyTgj3whWshirIOyYggFnDxtfxPFKGjf/veAEl7/SPm3HNxbeJHB5Hizh2zI73ooqQ2IiW8CBaQtoz8LkWQck7fe8eU11sREsdc6kHKnQlQN4xz62eimsuvknkYSo+jh0TbylsKwkAACAASURBVCvJ1h/KIqqHR7ESvEBBWG38ATqAgO2rSBt1vMzPIe+amDNt3I9UUPdURLTGdr4UWAzVkDZs/PtxBk6g4F7Ywr2IhaqnIaL6UISErgRwA3ESYEmshKtYC1vQhMSrYgqVkxBrLWJh3qyj6ml4U0oiprl4FC3DkwKGEjT+0CkVLAc1ZMw6/lRI4chpnJeI5uG7mWPcj1hQhYQqJAIpkDHrWA7XkDYcvCrOoOYP84fQIcIrKFyBRTSgqfgE99vf/nbghu5v3rxBsVi8trlIKbG1tYV8Pj/Q9pZlwbIs5PN5fP3111c6tu/72NnZQS6Xu3DbWq2G7e1tHB4e4tGjR63yuLM8z8PHjx9RKBT6jhcEAQ4PD5HL5bC6uor5+fmh5v327dtG0/QbIiFgByo+12LYrkbwKFrEx2gZByI4WRbdSYHEvbCFB9EyPtVi+FSLdSxXbgogUPF1bFoJJMMW/iqRw++K8403G2f4vo/sp49Yct5DCdXwQzmFIyfU1rC9SaBcreMPP9WRPxL4H34+ixfxY/yhOIf6ST+oUqmEnZ0d1Ot1AI2ywReJHJxAxXsriZJndMy1XC6jXC7jeG4O3voqdCHxOFpALdCwVU2eWw7tOA4+bm1ixt/FRjyHz/UYPlQTsM/0+qpWq3i/uYl8cQ6aN4PloIRvYjl4gQIL3UMsXQT4KnqMJb2M/+21he8/NYO2xn1v/utDIO+G8LqSxnfKISKVl3i7d4SF+18hFAqdGzequvgmdogv2+/x5y0dlisgZP838KP8fSSiGzKSksGuA+PyH/m77yfAiI0uwrLBoca7ZWWDAGAIH3NGHWm9jrDqIRKoWDSrmNVtQACm4iOkeFBFAEPxkdbr+HnyEC8LGVi+hpjq4dtkDvfCFiQabR/an3vimov1SBm+FIipLlbDFt6UjVZZXcnT8a6SREj1oQqJ9UijH4QA8LEa61jVBADr4Qpiqot6oGIjWsLnWgQVr/G5QhUSphLAEAFcqSBbiyCqeZg364ioHvKOgZeFeWgigKn4EJpEzjFR8XTMGjaiqocls4bVsIVNKw5dCWAqAYTm4bAehisFhAD27dD/z96bNreRbHefv8xasXIVtW+t1tKSevPY7ZmIcYRjJh7PvPU38keaFw7HhCMc4Rk/45nH997Ht1ctra2llihxBbEWasmcFwWABAGQAAiSAJm/CEokUHkyK2vL/Nc5Jzt7mIY9puN2gebH8gKV2MGTCbZQ2DL1KpMifZlta0GoBWtNn7wVM++EOJk6iRb8++YysZLcyVW4m69gCU2kJJ+CdNx50Q/wrYQHhR2qsc0v5WEX+Br1/DLilcEwLFN7tez1utjZ2enx6ulHo9Hgxx9/7PpsnPxZBzGKeLWXYT3IBhHHMc+ePRtKvNpLvV7n2bNnfcPyoijiyZMnh4pXe1FK8dtvv7G6ujp0mTdv3pyoeLWXUEne1Au8beT5PFfmTq6CLxMs0ph4SZpv4E6uzOe5Hd7V87yuFVrJ1AcPB2uJw9PqPJXY4eviJpf9Ok4rZl8AOgl5//JHrkTPWfICnlTm+dTM9RGv2tWkKwa+LSn+jz+tYekmX89tsmA3sYWiWt4hDBrYQnHBbfBlMT0Pfq4sUo69gSFjGxsbvH77nneNPK/qc9zOlrmf2yZrRa28AIo4bPDiyY8sJh/4Ir/Fp2aWl7X5HvFqt62p3Y+lgOe1Bcqxy6PCJjf8Cq6IO6sLWmiyMuJBfpMrbol/+u+r/Pldo494tYtCUIp8fq4s48qE+/YbPr38M2Gj2soFobGFYt4O+Ka4xse3z/l/30kaygPpoqWH5vC3Y0e9HncxU9XzjTn+x0bb2aqz0uAx9PVYJs0y54ajcNJhgzMsXh1r8yfleTWGHQ1FO+SbuQ3m3SZboceC0+RBoYQiFVkueA0uefWumq5na3wzt8GiG/D13Aa3smXs1irZezNgSaG5lqmStyMyVoIjFTczFXxrdx5QjR3+vLPEH7eXeddIx6aOVKyHPq/rha6cW3kr4maughDgWwnzTsiNbLWz750RnYCNpscfS8t8v7NIU0kEsOIHne3SvF5pHtk/bi/za7WIJTQJgoK9G52hNdgiFbo+NTN8aGT5EGS76lMtYetWrso381vk7agzngbROTzpdFLzKcjwx60l/ri9xGqQQYrUk2vZbeJbitu5ake8+nNpgT9sL/Gn7SV+LM2jtMAScCtbwxH9VsHuc5BHQqOFxDxbDIbhmEoPrLm5Oa5cucKTJ086n/3www/cunXrQEHqT3/6E1G0m9vowoULXLp0qUfUGpdKpdIjXtm2zcrKCrlcDsuy0FoTRRH1ep2dnR0ajQa+77OwsDB2vVprXr58Sb1e7/kuk8kwPz+P4zid/D/7QwubzSZv377ls88+67L5+vVrms1mlz3P87hw4QLZbBbLsgjDkFKpxNbWVpfN9+/fk81mmZs7/E3EfvHMtm1c10UI0REq5+bmOvnGPn782MlV1ebixYtIKbtCCAd5le0nSKzUY8q5xl/f2eBrZfHk3RbNOH1ztOwG+DIhKN4h8OdYLO6KV4Pq0Ah2IpcnlQU+z5V5XNhiO/KoxA6RErx9+YRH7hpKw9PKPB+bWRIt+h+vcrmzXwmSdxX4558r/G9fOnw7t566lX+W5edGjSx1Ft0mkVXko7xG8coi87aD1ppGo8H29nbHS6vN2toaFy5c4DdRINaCG5kKi27AZujTjAW//vaEr/JbZK2Y34M8b+pz1BOnc3zbba1Wq+yUu70ba4nDz5UlbmTK3Fva5mpxne3YI9ESTyYsOQ1sofmnH3d4smkT79PM99dRq9UolUpshD4/VZb5LLvD4+wHah/LXLv3DY7jkLciFt2AjZ06//dvFhthNvWqExrb9lm5cI181sGWoLUa4no0ITbHiulew1gcl9fV/jrMyWk4KUzY4MnZO+66jmZDtQSWjIzBSceUnkxwZUIldqknNk1tkWuNmrJWAmhu58osewEFO+zkdQqV7BKcslbEnWwZVyoSJbCFYsUPuOg1eF23SV+YSqqJgyMUBTv1rPJkwtPqHLV4N/evQHMzW6FopwvmOEKjhOB2tsqbWqHHU0sjiJRMQxA1WJbCEbt9pUgFLFcm+FaMJ5OentRaELWiBG7lqiidinKlyOnkyYL0s2xLlLuZraI1nb97j4+gkVhshx47kUvOjrnkB1hSccFvohAUnQitBZvNND9WmotWEynB9WydJbfJvBtScKJWPrJBjJng3YQPGgxDM5UCFsDXX3/NmzdvaDQaQOot9Kc//Ym/+Zu/6bv92toar1+/7vwthOC7774bOZn7Qez3VJJS8vDhw74ix+LiIteuXaNSqXTaMy7r6+sdO21s2+bWrVvMz8/3bB8EAa9eveoIXp7nsbi42LXN2toa5XJ3/Pvy8jI3b97samsul2NhYYGLFy/y4sWLrvxVb9++5fHjx0PvWzab5fr16xQKhZ7v5ufnO/vSzom1lytXrvQIWHtzYh2Ebj24Evc62l5hwQ25ox1+//13lBZsRR5bTZ9bN++zJA5Ont5tFyqxy9PqPMtuOqDI2zGf1taoV3bYUjnWQ59y5CIsl8/7Hi9Bo9l9vGw3g8pf5cdKlmU3IGdFLGUS7l5dZG3TQl76CuGvUEzcnpVprly5wm+//cbGxkbX5+vrG2Qy13nXKFCJXRad1LW7tPkemjuUlctvjQLboU8sfT6/e7tXnBTpufXy5cvWdZm+8ysnLi/q84SeQzFJBSYBxFryqZnj6fsyP64mxHs8o2zb5vbtz/oKoO06NhrQUA6LTkDRblL99Irbt2/TTCRv6kX+/C5kvS1eAVJaPHz0CNd10VohdIxQMYJkotejwWDYx4E60Igi0ZFzXR2nKGXuG4ZxMWGDI9mbas+ro1Uv0MRKsh15LHkBORHztp5PE4hnqrgi4Ul9nvWm3wkptNDYUqETQc6KsUXqja4R1GKna6Xti16DBbdJqCRPK/PcyFSZd0Lu50u8a+S68qBey9Qo2OmL/3eNPO8bua5xZc6K+SxXwRKKSuyw3vS5la2y4DS55Nd5U9sdzysNF/0G/+PiWprQXaTnZxr6lxIpQSOx+TxX5lqmhiN0JwRyLUhzeCWk21itfZQyzYFlie5jZ0uFA2w1PQpOxGe5KhkrJlKS1Jepe/v2UyXR6ZxAtCImfJngCtXJexUoi1Bb6FbERFNZqTeZSPO5HuyBNaZ4BS0ByzxjDIZhmFoBy3Ec/vIv/5J/+7d/63z25s0b7t27x8WLF7u21Vrzhz/8oeuze/fusbi4OFEBa693F6TeT4d5AfUTa0ZBa90TrieE4O7du+Ryub5lfN/n3r17PHv2jMXFxY730l6bHz9+7GnnfvFqL9lsls8//5wnT550RKNms0mpVBrKu6xQKHD37t2h8phNlt1wtVBJ1sMMpdhjszrH+1oFpVOhJVSSK8rCskZ7eGignti8D3K4MoNE8eOvvxGEcx27Qkge9D1eAi0GH6+dGOqJky4njELn53Fygh0s4qT/g04Iwc2bN6lUKnu860RLuBFE2mIjzFCOXWwUP7x+QxQvEKv0O8Wgtqb4vs/9+/f55Zcne8RMQaBsPjZzvKrPY4t0+KMQhIngp7e/dXleCSG4d+/+QG/K3Tp+oRKGNBKbNZnlzVtFdS6L7fqEymKzsdU10Eqvx9ZbMSHROCAttI6QOgb0ka/HE2fslQhPfZh+BE7SK8Z44EwNXS8jpu3sNeeI4SiY1QaHtndGVxukk58zFUnu5Epcz1SoxA62UCy5AbbUrId+mhPKr/OitvuCT2l4UytQdEKyVkw9sVlv+lzwgi6535UJK16DZmIRKitN5yA0CljxGlz1a/zWSMdBWStmxWtQdEI08KJaoJHYtFcylmgueg2KdoTdEndsobGlBg2f5SqsBrvjuFLkUrBjrmTqnXHgh0aWl3tErradrBWTIybWElcoXjayrIep0NWK+MOSip935glUKrhtNLtzobZHlU8qc9zM1ljxGsRKEiirZ6Gktl3REgLnnbBz/dQTm1pik2iBBeTtCF8mRCr1kvNlwpyTzv9iLQ9I4j6+eKVbSU0MBsNwTPXVcuvWrZ5cNf/xH//R43Xz66+/srW11fnb932++eYbYLKeFvtXLavX62PlwxqFarXaI5xdvHhxoMDQxrZtHj16xOXLl3tEo342r149YLW3FtlstkesGmb/hRDcvn37FMWr9q9pnqmmsqgmDpXYoZY4NJU1MIfUsKRvdGw+lppsNVLhKVRpKOKg47X3LB50vCItqSU2lcSlqjwa2m29PRvcXiFEj6fX3lDRNMG9zWopYDuQVGOHQKUP73Y47EHYts2NGzf214pqCVnVxKWSuNQSh61KgzDqDiG9ePHiobnpbNvm+vXrQHvAYFOJXd6u16gnDrGWretxtx/a12MnK4MQaGmhpYsaMjeWwXAUjMwxDnpfkvaTFq+mTSwznC1M2OBgW+cnbLAtXrXtCNJE676MydsxltQU7DD1BpKqk0uUPSV+D3L8WF5kK/T4YWeJD0EORyjydtTyTtJc82tccAPKsUOoJBe9ANnK6xQkFvfy5TQBOpqrfo3rLQ+sqOVhdCVT57Jfx5dpeN/tXIWmkkRakm0Ja6AJlWTFC7jg7aasyNsxSsN60+d9I8dP5QX+2/aFVrhdK/m61GSshNe1fOp1JhM0Alcme/pKI4UmUZJQWzSV1VkhcS+xFiRa8DHI8N9Li2yEHmFLYFKannF90Y64ka3xqLjDvUKa4L4a23xoZKjENutNDyE0RSfiy7ltbmVr3MzVuFco47U8wDaaHrWkn+/HETyvAJDtZF0Gg2EIptYDq813333HP/7jP3ZyIpVKJZ48edJZQazZbPLnP/+5q8y33347OHfRECFng8jn86ytrXXZevnyJb7vUygUyGQyZLNZMpkMljWZyXKtVuv5bGlp6Ug2+yVUtyyrE655EPtXg+uXl2s/hUJh6HxVp8dkHhzDHy9x5CqjKCKKIpRSPef1bh6stBKlFEqpLnFspHNrX1uHyX02uI7locrOz89j23ZXDrW95256Pa53/m5fj17f69EBJFrHaWghwyThNBgMx04nZHBaMZMKw7iYsMHpqOJ07y9i3z0u0ZJfa3Nc9upc8uuUYo//Z/MS/8uF9+TtiBe1OX4sL+5ZLToVdNqLEq01M1Rih89zZWypcBFIofFkwrVMjawVEyiLUuRiizSH07LXxJGpR9UFr0E1drib30lX7UPjy4Sv57awUVhS8+9baaTLZb+GFGmerbAVptgWs2yhuZMr86Kajgc9mfC+keO/ba2gIRXNVComdfqi5Wv0IcixHblpmgw75mqmzs1slZe1Quf81sCj4jZogSU1HxoZ/q+NS51v29vFWrAVZPjj9hLfzG9zxa935coCCLVg0W3yFwtpvteMlRAqyZNKkVLkoLTgSXmOBScia8VczTRYckNCJXFb4tV26PJLeY6kZzGmo4pXac+YZ43BMDxTL2DNzc3x8OFDfvrpp85nP/zwA7dv3yaTyfD99993eZcsLy/z+eefH0tbFhYWyOVyPZPyIAh6Eme3Ra2lpSXy+fzYde5Psi6E6BGRRmVvHqs2P//881i29revH5NeCXLyTOKh0YqVH/Z4jVxlWqBSqfDp0ycqlQpJkgxVps1+kavfeZDJZA4zA4ihXxQd5fwVQuB5XpeAtbfNCwuL5HJrXdej5pDrcXGeQi4DKkJwWP8NyzhhaGc1dO2s7tdBTHqfp93eBJimcEGtB7z5Hr/PpiuEd8qO/bnBhA0ObeschA3uJ0hs6spOVx0MMuzEbksskXwMspSiNB1CpCShstC0011YbIZWy0aaLF2g0wTmdkzGigmVZDP0eVkrolsJ0JfdgMfFbVyZcMENmHdCltwmspWDSghNwY6w0AihsVCseEEqXiUWP5QXqETpi2hbJnyeq3AzW2XZbfLeigkSiScV5dihFO19Yb277/VWLindykG1FXr8Upnn67ktMlbCzWyV3xtZgsRCtZLatxPAW1Lhyd3E6U1lobTo/LQ9sX7c0a0wRdXJdxUkrZxYUlMQMUJoNkKfV9U8L2p5lJaAZjXI8KftRe7mKyx5TTyZ0FQWAvi9keFFtcCnwKf7Khzl3Bi8rRYHR1YYDIZupl7AAvjyyy95/fp1Z6LaTuj+6NEjnj9/3tmunbj9uGjnnnr9+jU7OzsHbtueRK+vrzM/P8+tW7d6QhCHYf9qfJZlHTkscr/No9BOpH5Qm8bZ76OzP3zwZBj2eI38vkZr3r59y/r6+uEbj2BzL1LKiSc3P+r5u9+TcddeKqLtvR4P6tOu63Fujlu3buBIa4831hRO8g2Gs0hXuKDheDH3tNPBhA0ev62Tqm9SYYPdJFrwc3mR1/UCO5FHqCR/KK1gofnY3H2R+K6RJ9yQaOBjs/tl8Mdmln/duIwEVptZQiX5qbyAJaAcp2kX2myGPtuRhycTNkMvzVG6tdL3nFI6tV2NHdaaPk1lsdH0OysDCqEpRR6vagUSBBtNj/+6eRFHKLajvavzde/7m1qeemyDhvWmR6LhZa1AOXLxZEIjsYiU5KfKPO+CHNae8mmdu/vzw85CKyG9oNbKSaW05EMjQ5DYuDIhSCwiLfi3jRXslhCmSb3JgsSiEjsESdvLLV098U09x2boMudEFOyoE2ZYjtK0I7GevHiVRmRMdUYfg2HqmAkBy7Zt/uqv/op//dd/7Xz2+vXrrlUHIU3cftTwumHacvfuXarVKpubm1Sr1UND70qlEi9evODBgwcj17d/Ah/H8aGC0ag2YYDnzZDM9opuk237cMdr9Drfv3/fV7zyPA/HcXqOQaXSGyZ6WFuVUiRJ0v15H++rUejtj2Sk83d/rrb9edT2Xo8bw16POzu8ePmaB/fvgbZAx6BjM9XrYMQ8w3Gg94zhp128Ogvn/1nYh1nEhA1ORxXTFTa4H41gM/LZjHx069b4vpHmH90bolZL7E7S9f2ha/XE4U292PlOIzoil2r93SbRgt8bOaTQre/oCbPb07jOSn2boY9q2dv9XrAdupQjp2O7ntidxXs6RvZRix3eJjYaWmGFaR2/N7IdTzCFYDv0KEf7047orv3fDD1KkYvW3f2SaMlGK5eV0oIksXhXzyH2rGCYaLHncdTd3khJtkOPncjFaXlxxS0vr37bTwKNQBsBy2AYiZkQsACuX7/O1atXef/+fd/vPc/j66+/7vn8uMSVfD7fCQ1USlGv1wmCgEajQaVS6ckNVa1W2dnZGTp3UJt+4Va1Wu1IYYn9bN67dw/HGfAwmzlO2vtqt5LDj1e68uAoxHHCp0+fuj5rrwo5KLfYx4+f+P333w+0269srVajWCwOKLFnkHBo+GJKd3+k5avV6lCrAcZx3DcUsB/5fJ7cqNdjucLcXBGtJUJbrbDCKcyNNZaeZEQowwlz0Cl34l5Xo57/Z+16OUv7MkuYsMGhbZ3DsMH9qH2DwVSI6S3Xm3Npl/2r7SV9Vt/r1IfoqjPuZ3dP9VoL1ID90Iiu8skQnkltMagb0RLI2n8N3q7Llhb9299aQ1Hvb9uBA2/d81eiBYmexGqDw2xrPLAMhlGZqSvmu+++G5gc/dtvv8XzvL7fHTdSSvL5PMvLy1y/fp2HDx9y7969HvGsX0Lrw+g30d+bSP4g9nuvHGRzkqFpp4VNQtaK0+SSMpnIGN4SikzLpm/FXavCpHRXctjxSqdJGlckZGVEVkZ4IkGgBxwvQbVa7Qn3u3XrVo8AJVuJOHNWTNaKsEXCQQ/PfiJov/PAQpGRMVmZrphjodnc3Bxody+DzzWN0+4DK8STvX27ubnZs9+puDY4JFOiydqKC0WfleWlIa5HAcJCSwdl+SjhYpYyNhwFIx3sQTNDXld7maW27secgaeDEa+O39ZJ1Xc8YYPHWe9E7PZsNk57xi8z9J3rwCpGTtBxjNsPua2QzNh03GA4dWbGAwvSCffjx4/5/vvvuz5fWloaOnH7UVYhhDSJ9DAr6hWLRVzX7UpivTcZ9bC0V1Lb60GytbXF/Pw8i4uLA8sFQcAvv/xCoVDg+vXrXZ4r/Wyurq5SKBQO9YyJoohKpXJg3Udlf5gYpP1+WPLvi/YOX81tIQU0leRTkMEWB3nUHJC3Sygu+XUuuA08qUBAcW6TxWCH1SDHZti/LQcfryUyVsxVv8qSmybH1KRvkj5WFf/8/VtkdrHnePU7b/aegwLNvBNyxa9StFMRTL3+mWIxYSP0+RDkCfu8Scrlcnie13WObm9vs7m5ydLSEpbQXHDrXPFr+DJp+SYJSvWId2u/IfH3uIv3Z7c/dsP6attrFBuCB5d9JLt5Caqxy/sgTyn2CYKgx9tSSsn8/HzXZ3uvx4Ld5KpfZd4OaCqbp9VFGir1Kjz8emwJWZYEbaFVe7XCWZ7IGgyniB74x/QxMJH7rHEW9mEWMeLVdFRxyuLVIWGDp8O44tUx1tWnzGTEq/HqPr7th7QqZmoqbjBMBTMn+T569KhLZBFC8Nd//dcnkodJa83Tp0958uQJW1tbByZDL5fLPSuwjeshdvXq1Z7PXr16xYcPH3pCubTWbG1t8fTpU5RS7Ozs8PPPP/Phw4cDbWqtef78OaurqwPDw7a3t3ny5AmvXr1ie3t7rH0Zhn79tN/rTGvd086q8lgNsqwGGYLE4k6uzFfFLXJWf8+mQWRkzOPCFndzO0Ta4mMzy2qQ41PTx5WKr4qb3MntYMv+D7NBx6u+8Yqv86tc8evsxG7a1kaGl59qrL/8M98WPuE3Vvnl559axyttY7/QzvYiApbQ3MhU+HZuHV/GrIcZ/vhqh3cVh4ay+CxX5pu5dfJ274qDAFeuXOn57PXr12x+fMv97BoPC1vESrLazPKhkeXpaoNnT5/yML/GF/lN7CFW8rt27VrrN03RbvIXc2vEH/7M07eb/F73WW3m2AgzFO2Qb4qfKDTe8Ozpk57r6+LFi9j2bl+0r8enT37Gr73l2/wqC3bARphlPcx2udYffj2Kzo8WNlq6aOmhhM3xTQqnbaA7Kc7qfh3COd3tHjpeVycdNnjeMeLV6WDEq8G29KEfTba+o5Y/QtigPsrOHVfHHMXz6iTEHd0ZeQ1l/lDPq2Pwjhpr+9Hakq5AaDAYRmHmZF/Lsvjuu+/4l3/5FyBdheygxO2TFLbW19cJw5AwDHn16hVSSnK5HNlsFtu2kVKSJAn1er1nlUIhBAsLC2PVOzc3x4ULF3rCuz58+MDq6ir5fB7XdUmShFqt1hOK1l4p8DCbWmvev3/Phw8fKBQKuK6LEIIoiqhWq10eK69eveL+/ftHysU1iHw+jxCiq83r6+s0Gg3y+TxJklAqlZifn+8SYCoqy4cgRxqeptmOPP5XJ+Tm3Bbfl5aoq/bpfrB49aBQYt5p8qI2x2aYrryiSVeDqVfnuOTX+SxXIZs4WEL15Bzo17eLbsBi5Sf+8J826/IyTZknjDW1Wo0kCsnbBa5nKjwqbPFzhT05Y9L+kFJ2CTpv3rwhajb4i6s2n/l13pV9nm7C24/vKZerQB5HKEqRz+e5El8WNrGtkAbdyfqXlpbY2dlha2ur85krE5aqP/LxacR/imvsqDnqkaJWbxBHIZ7Mc8kTfJ4tYQnNk+pSZ3WafhSLRa5cuUJt7RXfFtcIlcXz+gLbL6rol6/I5/N4jo1HwAW9yorc5rK9zPs4XeEG0pxfV650C4Pr6+tEYcAFWaWw/jP/ulpgQ15Ge/NIy0GLOvFQ12OfBPtCooUAbaF0gtARQrdXKzQY9jPpHErTbu+Aasw1cgoY8ep0MOLV8duaxvq6OZqn9vkOG5zMpjMYNtjZWpr8VwbDGMycgAWp18jf//3fo7Umm80eXmACKKVYXV3t+axSqVCpVA4tf+3ataFCDwdx48YNlFI9uYe01ofW3xYQ+tlMqG2jRAAAIABJREFUkqRLvGjbLJfLh7YpDPt79RwVy7JYWVnpSVxeqVQ67dJas76+zuXLlzvfq9YyuKCJBDSDLE8q8/yXyzEPi9v8UF4kVIPfdDgi4YviDotuk592FlgPM13iVKQsyrFLULfQWvBosYyfLfOyNofeN+Tce7yKdshXxU2ayuJpZY5KHKMosTtMtQgjSVNZfJHf5n++HlK7sMBGvNsfly9f7gqpE1rB1gvieIN/elrgVW2OQNmtR2e6j5GWNJsWTSX5srDJo7kNvq9cpqG6L/ubN2/SbDap1Wo4QnE/t82y0+Dn8hKrgSamLf4IQBIlkt8aRaQQ3Mlu01QWL2rdoX3dCD6/tsx89jXVbc3T6iKl2OuEH27t7K6YuG7liHMhjwsbhNriYzNHJpPh7t27XWJ0+3q84DZ4nN9gLcryvDpHLYnQbBzQlpTDr8e2kJWuDpMmek8QOgadnIPp4oQFjxPSTwynyYwLVzMbRjiLbT4LGPFqOqqYhrDBaeMMhQ1OvH+nI2ywY914XxkMYzGzsm8+n6dQKAxM6n4cLC8v983PdBBSSm7evMnFixePVLcQgtu3b3Pjxo2R9nllZaVn8r/X5meffTayTd/3uXfv3rHmwbp69eqh+bjiOKZUKvV+IVKn5ATBetPnWXWOJbfJ48I2nuyf2NyVCXfzOyw4TZ5X5lgLswNXcwmVxdtGnreNPHdyZa5mash9o5j28fri9mW+XNgh0ZJn1QXKsdsSbvatqIKgljiUcve4dPsRj+e2mbeDVo4ozeXLlzvnkESz4tV5VNjkYzPL6/ocDWV3nLEdx+HWrVtpH2jJVpThWXWBjBXzIL9FxurOqWVZFg8ePOD6pWXu5be5kanwa22BD0GeGAld7RUIIbl07RbN4l1e1ue5k93hZqaMNWAFv5wV8nVxnYd3rlFf/it2VBbVsdtNLXF5XltkO/J5XNjg4dUcXzy43xNGKdA8uJzlm/lNqonL89oCtcTpERL303s9HrT9blhhJ9G79FqhhdbxRkNMhOluneGscNCVcJrn4HRNVCbP0ME3holjxKvBtkzY4LHXfajdUTfTjNeeEwgbPHSD4/KOGsf2GP1xrGkqDIazy0x6YJ0GUkquXr3KpUuXKJVKlEolarVaXy8kIQTZbJa5uTlWVlaw7cl188rKCouLi2xsbLC1tdWVLLyNbdvMz89z8eJFMplMHyuDbW5vb1Ov13tCDoUQFItFFhYWWFpaOvacY1JK7t27x9raGuvr6wRB0PW9bdssLi72ilz7mpUgWQ2yqeBR2OGx2OZNPU9JxrgiQQpNzo65ma2w4l3meXWR1SDbs7zx/kqayuJldY53jTxf5LfJWxGrzSyNxEEDjlDMO03u3JOE8WP+7bWiGdTQUaPH2t7jlc34PK1G3M9v8xdz67ysp2GMobL4/MYVblzIobdfsRhtsxn6PKsu0EjS88v3fZaWlrhw4UJXfykt+BRmeVJZ5NHcDl/JDV7Xi5Rjl0RLpFBkrZivv8gzl1zj/3sTslpSJPsexvvPq99/f8fHegFHJNzJ7bBi++TtJo3ERiGwhaJoh9zJlsjaMb9UFlGFHI+/vMz6+jrb29s0Gr39EVk51rIX+Nvbgr8s2PxarbMV+wSt/fRkzJIfcPehQyX8H/iv7xwc6ji1+jFej22PLAst0kTvqBhBgtaHpbI/HfovyD0rnKTLlnEPG4/ZPbtmH3O+nh5GvDp+W9NYXzdnK2zwGOsat8yphg2e4MsP0f9lrsFgOBjxD//wDwdeeccVJnZa1Go1/u7v/m5i9uI4Jo5jkiRBCIFt2518WCeBUopms0mSJEgpcRynb9LvUdBa02w2ieMYKSW2beM4zokkyh9EFEWEYUiSJLiui+M4ndxeWmuUUvyf//4Tv61u9S2frirY4HqmiiMUsZYdkcoWikhL3jVyfGoO9rzapd0PGl8m3MhUuejX0VoQt/JlSaFxZUIldnlTL7AdpSv2DXO8BFC0Q25lysw7IbEWrVxQAhuFJTXrTY9fdzLsBCCkxHHcQ4UZWyiW3QbX/AoZK2m1VSDQOFIRKslqkGO1mSfUkjAMiaIYrTWO4wxchMCTCde8Che9OlLoTvJ0icaWikZi87ZRZCPMdPajTZIkneMqpcR1d/ejaDe55ldYcNLk60nreAnAkYpS5PFbo8hO7HU8r0a/Hsc5p9uCh07DCXUCOkaMJWQNWWLMS+8wj7RjqXRQ2ZHNneT9ZhJ1iS4zR58jTHr/J2Fv1kSrEfe5KxfJ0frreHvKTHhOByNejWRvaj2vjmbj6KsNTovn1QjlJlRmcmGDsy9gaSyUlYUTCCO8uJjnf/+f7pN1JVJKhBBdP0DX74bZ4p//+Z/J5XKn3Yy+HCV90kEYD6wj0p4gnxZSyqG8rEZBCIHv+xO1eVQcx8G27Y5n2H4PscOItWQ1yFCNbfJWjGelUorSglBJKrFDNXFGEK/S3wNl8aZRYCvyyNoxjkhFjESnXlo7sUs9cTr5ng4/Xul7vXLs8rw2z7wT4ssYS6SiSawFDWWzE7lElk02t79NB/fBepilljgU7RBPph5oWkOkLSqxQyV2W2GD4Loernv4yplNZfE2KLAV+eTtCFfu9m1TW5Qjl1ritMIGu7Esa2B/lGOPl3Wbot0ka8U4Ml3xMFIWgbIoR96e0MmU0a7HcR/Uu+GUCHvXI0sr0FH6/9DWjffPmeJMH85ZE6/GoJMHa1oP4rS266xzfOf+7ItXJylcTcL4Ecrrs+R5dVLCVVpu6DvXefC8ahcTJoG7wTAuRsAynBPSfFA7kUcldpEifaBqnSZ/P1y4Gmw3VBabkU8popMLS5OKWAoxlheMJhWqwqbVaWv78wRxSIjjYBItqLRENYlGCA0tDy91hKFZpC1KsaQcey2xLe0Dtcd7bByaymIzzLAtNLJlQumj253sRFC2Vi3UaG11PLJorVp4PqecZ1rJOSGmoQ87I+1TbcXJMbk+n3wI73k5BtOGEa9OxtY01tfN2RGvjrGeo5Q7D+LVXgvCwtzXDYbxMAKW4RwhOsJSMuGxhNaCGKBLWBKMqTN1yicc1tbxhawEccD8dDzRLaEd6jeph3IqrKk9+TGn1w9EdOfI0snuz7kVsgzTwyjizP6rbHqvOoNhFpl98eqkq5iGsMFp4yTDBsdh0mGDZwDdfrkh0NJMwQ2GcTFXj8EwNKNIEOOIV9MicRy1HdOyH4M47vZ1C1kajdAxqAQYJbzwtJmwB9A0OBQZBnBeZg+zirlwTp6TzHd1fPUdj30TNngidU/CrgkbPEXbvcVS8Uqn3lcnkPvKYDirGAHLcA6YUILmERj9EXdWJiiT3I9eW7M1zRatAYpGC4kWqhVemIweXji2+DPLqtFJtn2W++kozNYVdSLo1ivyc3k+GFKMeHUytqaxvm7Ojnh1jPUcpcx5EK9aiD02TPigwXA0jIBlMEwccULPpQlVMiPP0NmdardCKoVseWXZrbDCBNRRMo8NV/Ps9pvh+DBnxWDOq5hpOB1mSbw66SpM2GAv0xw2uFuHCRvcg+4WrwC0MNNvg+EomCvIcMY5ee+r0ascp43HJV5Ny8Stux2TG+ec9v5JEKlHFlhooTteWaK1eiGcfisNR2Cq9Y+TnDGctwTwx8lUn1RnCON5NZItEzY4+bonYfdUwgZHyHc1VBVnwPNqT9hglw0hTfigwXBEjIBlOMOczoD/vLxU6mVyiduPh2mZALbbIUGwxytLAQlCJWnerNNsosEwMWZRfJnFNhuOhhGvTsbWNNbXzdkRr46xnqOUOc/iFaCxUxHLYDCMjbmCDGcGiSYrY2yhDt94BGyhyFgRcih/8uEnPZ5Q+CIZo0WD6xBoclaEPYzdEbyvLBQ5GSEnPDjzZEzGiiZqE8CX8cTbOnnE7o+QaGmhpYOSHlq6KGGnK9WcdjMNQ2KO1JlBH/1YmrPBMJhZEq9OugoTNtiLCRs8QYNH50DxCrP6oMEwAcxVZDgzXHU2ub6wTqIF9djhY5hho+kTacmob9NtqVhxG1zyGmSsGEtoIi2pxA4fghylyEP1LDN48MqDAo0vE674NZbcAFckCAGhstiOPD4EOeqJgxqxrRJF3o645lcpOiGeTEiUIFA262GGj80cTXWYu/L+OjUWmkUn4IpfI29H2EIRKkktcfjYzLEV+sQdDXwU4S7hsl/jglvHlzFCaJrKphR5fGzmKccOeo+2PpxsmAp31zIV5u0mSgt+ri5TS5yR23fytDNVtcQsSbr/WqO1hUCjdYJAMbKb/rRhHFsMM8P4J+sUTqkMAzGeVyPZMmGDk697EnZPMWwQJiVeTZMn1eQ9r1KkSeBuMEwAI2AZzgyVxGe9VsSVigUn5GFhm3XX59fqHA3lHG6gRdaKuZsvseiElCKX34M8oZLkrJglN+CbuU3e1PK8bRSI9XBCi2iJQQ/yJSyh2Yo83kd5AIp2yEWvzmWvzrPaPGvN7NAiloXiWqbK7ewOkbLYiHzKkYsnE+ackLu5bZbdBr/WFijH7t4GHYgnEu7kSlzy6pRjl9UgS0M55KyQRSfgq+I67xpF3tSLNPXwt5G8HfI4v4FvxWxHPh8bRRSCoh1ywa1zyavxa22BT80cyZAOohLNBbfOg/wmGsFmmGEzzAwh2k0L/c4cAaLlmaV1y91cg1YIrdCMuIqhwXCiTIuEcxTFdLyy07LnhmEw4tVItqZavDoaZ0e8OsZ6BpQ5efHquDke8UpDKl6Z8EGD4cgYActwZiirHB+DJlJo1psZlj2Pe7kdPKn4qbxIQx1+umetmC+Lm+TtiOfVebZCn6ayUAhsoVhrZriaqXE/X8KWile1uZaINXjlQYFmyQn4dn6dWuzwtLpAJXYJVfoQ25A+a02fz7IVvi5u8GN5mdVmdoA8sfuZheJGtsyDfIkPQY63jQL1xCHSEolmLUzYCDPcy23zVXGd/9xZ2eORNBhHJDzIb3HBa/CyNs96mKGpbGItcITPp2aOi16dz7IlfBnzc2WJmMPFooId8mVhA4Cn1UXKsUdTWWgt2JCKj1aOG36Fr4tr/FRZ5n1QOFTEkmhWvDqP8xtsRj6/NYrUE4ewdczOBEJAKyBSCNmKblKgFVrrlmfW4L2d7ZUIT9Jly7iHGfYwxulwfNeZOS9nn1kSr07avAkb7MWEDU7O4MmF1A72vEq/TVcfNAKWwXBUjIBlODMoRPqjJXEiCRo5lBY8KJT4orDNT5UFwgNELFcqHuRLFJyIJ+UFPjazJLqdpwhCbREqi7CWPnzu5Mo0lc27Rv5AsaRgR3xZ3KQR2zytLqThh3seYImShMoiqlk8ECUeFrYIWmGF3SLW7u8SxSW/xhf5bd4HeV7U5qknTuexqRDEiWwJT5Iv8lt8Wdzg+/KFPkJe267GEYoH+S0u+zV+qSzxIcjvCRNs9UFiETRsNHAvt00jsXnV2CPk9SFjRXxVWMeVCd+XL1CK/K4+ayqLpkr7FzQP85skWrLazHX11X5W3DrfFNbYiDL8Wluglrh9hg7TPPkbdmAldv8X7f+tNMyw5ZmlUQitYU+o4d6ShpNltoVDQ+t9OcNeQSfty2M4CsbzaiRbUy1embDBkcqMU8+AMiZssLvYQeJVO/mDyX9lMEwGIwMbzhi7E/1ESz4EWZ5V5ljxGnyeK+PK/snNXZnwIL/NitfgWXW+R7zaS6BsXtUKvA9yPMhvc8WvIelNHC+AohXyVWEDAfxUXWqJV702NYJK7PKkskCoJF8XN1hwmn0HVxLFilfnUWGLT81sS7yy+z42Ey1YDzM8r82z4DR5WNgkK+O+fWALxa1smet+lefVhR7xai+RlrxrFHhVn+defpvbmTJW3xZoMlbE4/wGnkz4ubLM9j7xare3BLXE4df6Ajuxx+PCBitevW/fSjQLdsAX+U3Kscuz2gK1PQJet91pZbTBkuj5azfMEGGDcNDSQUsXLRw0FsxAKnuDYdYx19gsYcSrkWxNtXh1NM6OeHWM9QwoY8IGu4sd7HnV2lRY6YtHg8FwZKy//du//YeDNkiScVZJm16iKOLOnTun3QzDhNFa8+LdGjvVoPvzliiSaMGNbI05J0q9fRILjUCgWXab3MvvsOIF/Fqd532QHyhetUm0pBK7+FbC7WwF11IEiUXY8kKyheKqX+NRcQsp4JfKIluRv8ejqn94YKQtqrHLohtwNVNFa0E9sUlIPZOyVsStbJm7uRKl2ONZbbHldXTQ8Dm10VA2NzMVFpyASFk0EhuNRKCZt5vczZW45ld53ZjjbaNIdEhYYIKkGrtIAbcyZTJWTK0VwggCC8VFr8Gj/Ca+THhaW2Q9zKD7imK7/RJpyU7skbciPsvuoBA0EqeTb8yXMdczFR4XNtiJPZ7UlqjGg/pgmgWs0ei/J20hi5aY1Ra02j+piJXmXBAH2Bmt1iOVH9nkSR7DSdQ1OJx4ZDszyYCcbqfGEesWnX/6YsIGDTDoaM2SeHXS5k3YYC8mbHByBqclbHDP5pYHYvh8vJMkn3H5/PoyjiUQovcH6PrdMFu8fPkS13UP3/AUsKzjEW2NL6PhDNH/xhtrybtGnqayuJqp8bi4RagkTWXhSoUnEgJl8aSSel7F6mDxqk09sXlem6Oe2FzwGizPNQiUTaQEvpXgSkUpcnkf5NkKvUPEqxQNbMcev1QWuZ6pcjNb4VqmSiOxkUKTkTFCwO9BgfdBnmrcz+uol9QbLQ2pvOpXeVTYpJlY1JWNJxWejImV5Fl1kY/NbEuIOwxBU1u8qM0TKIuLbp2/mPtE2AoHzFgxjlBUYpdfgwKboX9gOOBeu5XY5WltkRtJmWt+hStetZMs3hNpH6wGed4GBSqxN6APzs6D+OA9OSAJPKT/a1ojdp0mhW+HR2ndegs96CwyeaFOBtPH08nB578JG5wljOfVSLamWrwyYYMjlRmnngFlTNhgd7Fhxavd/FcGg2ESmKvJcC4ItcVqM0s5dsnbEVkrxpGKnciinljUYqfjqTX8BEJQTxze1IushxnydpQKTEAp8qklNtXYoaHsPSFzh9tWWlCKPAJlkbciclaEbyUkWrKuMlQTp5UE3jrQ82o/CZKPzRzl2KVgh2SsBFckVGJJoNK2VmKXhGH6YHd/mtribaPIVpghZ4dkrBhbaMqxSy1xqcQOjcQ5JM14N+2Qyhf1BT6FWXJWTMZKQx83kgzlxKUau2kS+KF7YJo4yVbv8QjS7d93R1+7gpZqCVrt72ezZ2cLI1bMKubqmCXOkng1aduzJl4djbMjXh1jPQPKmLDB7mLDi1ek4pVZfdBgmBhGwDKcGxItKccu1cTBFhqJJkGQaIHSwwtMe9EImloSRh47sYuNRog091Sixdgr4amWOBYoh+1IYQmNpm23nddodNsJgkqSCkuWSO2qVluTEUS2btKwv1LsUY5dLNnqWy3H6gPd+V8QKItmmGVbaGyR5sJKtCDWciTxzgAdIUtrukStzi8yFbRanlm7XlqQHo1pGnhOJ2fdE/BwpvEcOaIXoda73ox7LB4P5+lcOavMknh10lWYsMFezlPY4JR6U41RxUjiFaClg7m/GwyTwwhYhnOH0oJQ93uQjPhw2SMAdMQlOOCZNvrDS2mBwiI66nN5X9Xpao0TsLunAk0qkCW9OdeHblhvc1K7cUu0GtfudDFap48ePniYwX0W91egRfdIv+WxlepY7c9VR9hKN5nKmcFEGU6cmubzzjAebTF3lCnLqJjz5ngwnlcj2Ztq8cqEDY5UZpx6BpQ5ung1bcLVyXleAWgh0wTu5j5vMEwMI2AZDGMxQ1P2iT8zJ2XwuB7m0zxImJR4dYxn3/6k1XrP3x1hS3aFIu6GIbY+03stzMyVckBLxYDf2dMn/cSs2dl3wwG09CsjXs0SRrwayd5Ui1dH4+yIV8dYz4Ayp5Ow/Tg5YfEKALP6oMEwaYyAZTAAxz+JGMf+eRR4jspZ3rfj5IABmdj3R79N+3h16b129d5C+w2MGxA7mH6efP054POhGzTIC2umRvUT4KD9PWIY36mj0Iesyjoes9wnhl1mSbw66SpM2GAvJmzw9LYfgzHFq3RbacIHDYZjwAhYBsMYOZ/6RiBOzP5xctS2HN++TOU48xQ5uTf9I9rbL2gNY/qgpZl1l9TVp662CDZM4wZxSNjkMGV6MGfs+WLSItw0PRfOEsbzaiR7x9b80xWuTNjgaXteTZtwdbKeV520C0KgpZlqGwyTxlxVBsNIjCpenTITbauZvB2NUx7QnwZiQBid3r/NgUa6/hue/fUer4+X4YzTJ5n7+JzH+99JYMSrkexNtXh1NKZPvBrBpgkbnA6O5HmVooQDx+K9azCcb4yAZTjnTGPo4FHKzQK9+zaZsdBZ7rPjYgZGoWOnkjrN82EG+nWiTPv+TsJ7alL7aO5TZ4NpP+cPYeqbf9bCBofEhA1OwfZMRLwC0QofNBgMk8YIWIYzg4XCFQkaSLRETWCiIIXGEhoBKNKVBjWjrIbXD40tNLL1oFMIEi1HHUL0IABLKCQaLQRKC5KDkk8PiWS3D9K+FagJ9IGFRu7p21hL9BEFP4HGEgohIFZHsTdpRhtA9W/1LI7KTzpZ8DRw5nfwXJLe/44qhE3L/eisYTyvRrI31Z5XZy1scFzPKxM2ePLb7xYbfRGa3u20cEzydoPhmDACluHMcMHeYb64hdKCauKwGfrsxC5qjJg/KTTzTpNFJyBvR8iWILITu2yEPtVkvKSMrkhYcAKWvQBXJkggVJKNMMN25BGo0S9JAWStiAWnyYIT4EgFQCOxWQuz7EQu8RguzBJNwQ654DbIWxGWUCRaUkkc1sIs1dgZS8yzRcK8E3DBbeDJBEtoIiXZjHy2ogz1ZLw3Vr4Vs+Q0WHQaKC143Zgf29ZkmYR4dUY4E9rOmdiJCXKO+mOiYYSGyWDEq5HsTbV4dbTqz454dcx19SljwgZbTEq8ApO83WA4RoyAZTgzRNqiEjtIAUUn5HqmynqY4Vl1jkj1E3D6P1hcmfB5rswlv04pcqknNrGSuFJxya9zI1PlTaPA7438IV5e3d/N2U3u57fJWTFbkUctdhACPJFwN1ciQfC0sshm5A9sWz8u+1U+z5ZItGQ79ghiFyk0OSviy+IGpdDjWW2BhrKHtmuhuJsrccmrUUscyrGL0ja20Cw6Adf9Cr81irxtFElGELEyVszD/AY5K2In8qgn6S3IEYobfoVbmTLPawushbmhbYJg2a1zP7eFQFOKfWqJQzxTycoO45QH16dp/zwMmg0zgmbyydwNs8OM34ymvvmT8Jg5wXonhQkbnILtGVO8GmBKWGgx/JjbYDCMhhGwDGeGHZXjXaOJRONZCStug89yFSw0T6oLhGqv0DJYvHpY2GLJbfKukedTM0MzsVEILKHIWjFX/BoP89tYaN42CvvC9PrZ18zZId8UN0gQvKzPsRV6RDoV1WyhmHea3MhU+XZunf/cuTCUiCXRXPZrfFHYohR5vK0XqCQtj7OWMLbsNriVLfOVtcH35WUCdbhHkoXmfn6bG36Z34IiH4M8DWWhtUAITUbGXPZr3Mnt4Fsxz6qLQ4UU5qyIx4VUvHpVn2M9zBC3+kAKTcEKuZ6p8LiwwQ/l1CPrsBBAASy5db4tfqIWO7xsLFCOXRItB4iWJ820hg6egng19ZOnNu2G9jsaM7MTJ8SouUFmezAvAG28sKYE43k1kr2p9rw6rbDB4+oUEzY4O9vvFpuE51X6qWiFDx411YbBYBiEEbAMZ4ZYW4Qt0aKpbBqJTagtHha2UQh+qSyQHOCVY0vFZ9kyl7wGv1QW+NjMtuy1Vh7UkkDZ1BMbjeBhYYtQST40cwcKLVkZ86iwhRSan8uLlGKPWO8+2JpYBMqmljg8LmzyVXGDP+2sUI69gTYFmiU34HFhk43Q53ltgVridMQrdGq3HqTt/bK4ycP8Fj9WljvCWT8sNHeyJW5lyryozfNbo0iordZjWoDWNJVNve4Qa8ndXIlG4vCuURwg5KU4QvG4sMG8HfBDZaUlXu3NUaUJEotGYvN5rsS3c5/4z/IKG2F2oE1Ivdq+LX6ikdg8rS2xE3utYzwNE0wjdpwtzPE0gPHCmgaMeDWSvakWr8YnTdY+bfflIdszkWaftnh1RpigeJUiTPigwXDMGHnYcCbRQKgs3jdyPK/OcT1T5fPcDlL0n3jYUnE3t8OtbIWX9SIfglxHDNtFoBA0lM3LWpFPzSxfFre47NV7tmuTlRFfFjfJWRG/VBbYivwu8apNogU7kccvlUU08O3cOnN2c+D+LbkBXxfXKccuz2sLVAbk+oq1ZC3M8by6wIpX53FhA0/EfW1KNNf9Mvfy27yuz/GmUaSprZbI1LYt0AiaymqFEBZ4mN/ksl8Z2FZHKB62xKufq8usNbN9EranieEriceL+jyNxObL/AaFA/ogb4d8WVgn0YJfqsuUIp9ES87WoGGWvK/0np9ZZZbbbjgJztLdxTAMs3RPmEXP1/E9Zk6l3knQt2oTNnjy2zPRsMG2BS1sEMY/xGA4TswVZjjTxFryeyOPKxW3shUsofmtXqCpLBQCKTSuSLidrXC9ldvqbb3QJTLt14V0S8R6XptHim0eFzexKrrlVSTQWmAJTdaKeVDYomBHPKkssBFmD8iZlTrBlyKfJ9VFHua3+Lq4zi+VpTQkrlUuzUHV4H6+RKgkT6sLVGN3r5keuwr4EOSwhOJebhtRgOe1RYJWWCBoPJlwxa9yJ7vD+yDPm5bn1eBhTipivazPYwnN/VwJTyo+BHkiLdEapEjDBm9nd7jg1vm1tsBqM0eCHDhM0EAldvmlssz9/CZ/UfzEs9oS25HXEqfAEpp5J+BedhtbKn6qXKAU+RNZdXJyjD4QOv7Wn6IXwdRPoqC3kcbLxjAArczqUqeC8bwaydZUe16Nb+NonlenHDY4kXxXp+15NW0kCvWbAAAgAElEQVRC1OmHDXZtYbyvDIZjxwhYhjNPU1m8qhVpJDa3shWW3IDtyCNSEk8mzDkREs3z6jzvgxzNLs+rQVmJBJXY4UllgVvZCvfz21xNqpQjl0QLclZM0QmJlOSn8hLrYeaAELvdzxWCjTDDj5Ul7mTLfDW3QTl2qcYOAijaIXk7ZDPM8KZRZCf2dh+nfcSrNhGSd0GBSEtuZcr85dxHtiOfQFnYQrHkBthC87o+x7sgP2TCd0E9cXhWXeBWtszNTJlLXo2d2CXWEl+mKy7GWnY8r5I+3mf9+rYUezypLvFZbofHhXUqsUulJdTlWisubkU+b2pzbE+deDU6s936Q5gJ8eowzsROTJjz3iejCpxn+io/AU76fJsV8eqkqzBhg72YsMHTY8rEK2Gn+a8MBsOxcqiA5bruYZvMFFEUYVnmzeksorVOE+ju+b39I4TAsqyBxzbGYjV0aGifeaeJIzUZS6G0w6fQpxR7lGOXWEj2mtCIA5/4DWxeBS6lJEfBDrEsjSM0kXZ518yyHflUYwctJYPPuv0VSHZUnqcNnyWnQdaK8G2NAqo6w2ojFW3qykYemJe++wOF5lM0R11nWHIDPJmQkYoEm/W4SCnyKEUeobBafTDchCvE4remQynJM+8EOFLhC02sXX4PM2yHPuXYQ0mB1bI5zHChqi1eNBwW44CcFeHaCoC6zrAVFNiIMtQTF6Q4oG9Pi9EGVcefvP24R6QH2J+JwfCgRopDvj/PjNMnpyniTLbu9NkwbBYGI14dnZP0vjrF++UkbB1r80/R+6ojOsyg99XEwgbH9046e2GDJyleHb6tBrAyCDl9qw+250eWJZFSIoTo+gG6fjfMFq7rnjm95jCMB5bh3BBryWboU45dLKERaDSCWEti1RvWdph4lW4DgbL41MyyGWawhEIIUFoQadEKRRz1gSBQGqqxQ5CkHlKWSNuqNITa6pvvar+Nfp8lLe+mWuJiC4UUGqUFiRZp6N+eXFej0FQW62GGUuxhiXRNwqS1//v7YPh3XYJa4hIkNo5M+wAgadmMpyZZ+36mTbw6bmZdvDqMM7ETh9Ja+2FIjjKBnMZrdhza+d7GuRcbhseEDY5ka6o9r0zY4EjlJljGhA3uFjsWzytACyvNf2Xu+QbDsWMELMO5QiP6JGfvx+Hi1V4SRBoed8AKfwPrOYBdAehIZno2jlqC1QSMddjt28NDMEchQZKo/W2d1gHC+RA7zg/n43hO69U0zQhST2AOfGNtevZomLDB6ajChA32YsIGT4/pEq86WwrH5EY0GE4Iswqh4Zxw3BMJM1HppbdPJjNGOut9PemR5IxPyo6ds7APJ4npr13aXlj9OOv3qdnlTHq9Tn3zxxcdTqXeSTCxsMHxKzZhg7vFJrnaYC8SLV3Mfd9gOBmMB5bB0IdDI/QmwoQqOST31bRw9sWr0ffwuCS+47M3gu2pn1DBjDRyipjl/pp8+OLgsMtpvk/NAibf1Ui2ptrzyoQNjlRuQmWGvgOZsMEj15WGDzogzJTaYDgpjAeWwdDDSUw+plW8MhOvk+JM9/Qs6xznjOHPQ3NQ+6LVvg/O9JV9ApzkeTZL4tVJVzHL4tVxMRthg5MRr6aN6RSvUgRKnq8E2gbDaWMELMM5YLQJxST8aGaTSe7HcfTJWennQcyS99Ws0S/Uy/SP4eh0r4p21u9Rs8vsH5lZCxs8QuOOLF6d37DByYlX0+RNNa1hgylKuCBN7iuD4SQx/o6GM86o4tVoyduna1h8lLYcr3g11ePsiTDaHs5+Dx3Q3qnbFb3v92m6Zk+LtB/298TgkLipO6jThVYmee+RMWGDI9k6s55X0yhcnaGwwZkSrsbZfrfY8Xpe6da/Flgm95XBcNIYActwZpBoXKlQQNyzat0w9IpXAo0tNBJNghhuRcAh6pEo7NRHnhiBGsdun+elhcYSCk26gqGeyEN1tw/UxPog7VtHpOE3sZaoCQ0AJApLamI1qf0/DDO5N8weZrg9OVLhz3hhjY8JG5yOKk5bvJpA9RPnPIlX08a0ile7JbSw0cLG3PcNhpPFCFiGM8MVZ4srC2soDeXYYzXIsB36Y4kYEsWSG3DRa1CwIyw0kRaUIo/3QZ5q4jDOA8sWistenWWvQVZGCAENZbHZzPAhyBPq8d7iZ2TMFb/GohPgyQStBdXE4WMzy1qYHVPI0czZTa74Neb+f/bec7mNZF3XfDLLwtOT8qbV6larpV5mm4izIybWBcwtzL2cmzj3MTdwfkzEnB0zs9dea692Ure8JwkShAfKZc6PAg1IgCRAWLKeCEkkVPVlVpZ/8b1fmh6mUIRaUgkdPrZz1MJenv+zc4skijWnxYbdIGMECKHxlEEpSPGxncVTvS5LZ/ffliHXnTordgsNPKuv0Iys82zoRJnMY844n1TnKfuqH3PT0TFwlbd9jCRZWDPH/L9SJrbBibR9UUYiXg3f8OiO81myAc6ybXA/rkRJh8twpUlImDcSASvh0tCKLMrtNCaKBdvnab7F51aGt60cvjr7xSKeeVDjCMX9TIXrboNaaLPru0RaYMsoFl6cFi+bBb6006gByshljYBHuRI5M6DkO2z5GTSQliH3M1U23Ca/1RcpB87ZgpM4/GfFavFNdg+BphS4lAIXUyiyps+T3C6bXotXzQVaPYWhI8GOYImIm26NrzIVaqHFXuASaoktIwqmx0ahwevGAh/bWaJTxkAf+y0lQ77NllgwPSqhw7afQiNwZcgtt8qG0+D3+iK7QepIRtbpYyHRLFhtvs3uYglFKXCphTbhRKaSvKh1cPAYZ5OIV4f06tRMdnRCDGOnvMrjdX6SLKxhSGyDA8W7tJlXsyhcXaXMq1mzAc5q5pXu+kkLG2TyGp2QMA2SMy/h0lBWWT60fATgehErdot7mSqOEfG8vkBwqogV3/YcoXiQLXPbrfN7Y4EdP0U7MtAIpFBseWlup+o8yu4hgC/t9KkCzj450+dxroQjIp7XF6kENkHH5mhKzbaf4mGmzJPcDj/VVtgL3LO6igBW7SbfZUvUQou3rQKNyCTSEonGkoplq82j3C6OjPiltkxbn33KGygeZva4larytlXgSztLWxkoLZFC4cpY3HqU3cWWEa9bBaJz2AozRsDTXBHXCHnVWKQUuAfCoikU236G++kyfy5s8ffaGkUvfaatUKBZtpv8Mb9NLbR51limHtkEWg5pI01ImCeGE0yu7syDY66BlmRhDUBiGxwo3qUVr0bQ/Mi5SuLVuLl84lWMRCW1rxISpkYiYCVcGiLkgSjkK0lLmYRIHmX3UFrwW2Ohr6ihia1tX3fEq+f1BT60c506UvsLSTxl4imTUFf4PreDYJmP7eypGVMpI+SH/A6mUPxcW2YviDO69vEjQVuZhMrgUW6XH/I7/K2ySjV0+sbcz7z6Y77Itp/m98YCzcjqusV6kUErMgHNt9k9Hud2+Udt9VgNq+5+GyjupivcSVX5vbHA+3ahO3utMwbtpolA8zCzh6cMPrRz6FOEPFtEPMqWWLA8/l5dZ8dPdfXD1wZt38RXBo+yOzzNFflPtUEpSPWNCVAwPZ7mijQii2f1Zaqhw+Gk9uN+sLgq2VfnEEmm/pDci5ns1BRJxmMyKCARsU5nfMfi/L9OJrbBibR9UeZBvBpLH66ibfBkTC3s5MuKhIQpkqQoJFxCBCAIlORzK8PrZp7bqRq33DqmUD3XMKXiXrrKTbfOi0aBD+0cwVHxqoMGGpHJm2aeXT/FN9k9lqw2J5eMcWTEt5k9XBnxvL5EKXA72UriyB9QWrAXODyrLQPwfW6XjBH03bqC6fE4t0s1tHnZWKARWR0RrftPhORTO8fz+hLrTpMH6TK2iI5EOsRAccOt8212j7etPO9ahb7WS08ZvGrGIt/j3A7XnAaS7rHVnb9dGfIkX2TFavJrbYWil+5ZCF4hqIQ2v9ZXCLXkaX6bgtlG9BhbgaZgtvlDfhsN/FpfphI6nYytw3EdH9P91npyHLeczQvz1NdhGW7fnHVmTGLa8ctK7ELXJGPXj/GNTe+r/rj3xajjTzrz6qLBL2Yb7HVvP3+74xIqzhH3wuLVsP0fMPPq1CYG7cMwyw/CpDOvhs/S0hjoJPsqIWGqGH/5y1/++7Q7MUmCIOD+/fvT7kbCiNFa8/JDkUq9xdGbigLqoY3WgnuZKrZUnWwn2bEFajJmyP10lfvpKu9aOd4282cUU49n4iuHNhkz5G6qRogkUAZBR5gxRcSi5fEot0fODPiltsROkELp/uKKRuBpg2ZocTNVZ8VuH/R136boyIh1p8njXIm2Mvi1HlvmTruRKgSN0CJC8FWmgi0i2soi6IyBQJMxAu6kqnyTLfG+leNVc6EzBv3jhtqgGtnkjIBbqRqaTiZZZ/ZDA8Wi5fF1psyG0+BZY4VPXu4My6XAVwaV0GHdaXHDrdFWFr6WBzZFW4as2i2e5osIAT9W1yiH7qkZYLPA+B51xlV3J3kJny/O3v8nl5jWA/g0H/zH27bo+it5wZkESc2rEbQ1wRiJbXAYEttgr9XEwOtfbFkNaOmg56x4ezZl8+DWCpYhEOLkH6Dr54T54s2bN9h2r4m1Li+JhTDhknH84ivwleRtK0+oBdfdJqt2u1MrSmBKjSMjlBa8aBT41MrinVrPaf92KWhEFr/XF7ibrnE3VeVuqnowO6EtI1wZ0VYGz+qLFM8Qr/ZRWrATpPiptsKtVI1vsyWUFjSViSC2I1pCsRc4vG3lqfacCfAkIZL3rTyRlqw7Df6Y36YVmQRaIoUmZwRoNG+aBd628rTV+aYFbkUWv9SXuZ2qcd2pc92p01IWSgssGZE2AkJl8HNthS9etmfm1XE0gr0gxc+1Fe6kKjzMlAi07PQpnnHRNULqocXr5gKlIDXh57XBW5v/mQdnr9mEQUh20kTRep7ebSbE+DKv5p/ENjiRti9KYhuccuzu1cZ77vfrl5HMPJiQMAMkAlbCJaLfDUXgK8GHdo5qaJM1QzJmgIHGjwQ7XopqaFEJHYJziExH4zYii1eNAruWS84McGWIEFANbb6EFuXQph7a5xKv9om0oOinaEYmBdMna/rYUqE11MI0zchkL3Q79a3OfxP1tcGHVo5K4JC3fDKGjyE0gZKUfYd6ZLMXOh3b4PnjNiKb180Fds0UOdMnZQRIoB3abHsZqqFNJXTOJV7toxGUghRtZbJgemQMH1fG1sedMEUrMimHLvUD6+TsMt7sgHE9zA/7bfQsMJOdGiGjfEHQ9D5CL/sYjpd4RkJFXKVhtq9P42fS9a6SzKuB2ppgjKs92+DFxK5ktsHuVSadebWPkkntq4SEWSARsBKuDIGS7AYu5VBjibhakgLCjj3trBnveqERtJSB76XZDRRmJ26kxUHcYQQWpQW10KYZmZi+i9EJEWpBpCXRkPaUEMle6FKN7IMx0OyPgThSQ2oQBJ4y2PFT7AUuplQINJGWhFqghhxbpQX10KIVmZgidVC/bH9cIy1mXrwaL1ddZOhlnZznMRmHFXTAF6Bj61xO+ol2o24mycIaJ4l4NYK2JhgjsQ0OyqjFq3Ezy+LVEI30+h9homVS+yohYRZIBKyEK4XWglALQiS66x50nhtS/wyvCIiUgX9i9qmL3eii/dpPJ8IMH1d3anidzIgaJqY4+FchUFrjRxeNK7p+jnT8x+sa22k9QAz20DSdl6wJcUk2Y75IBn1eEIDWCsRVzsJKbIP9SWyDE2n7okzNNhgzHdvgDGZedRhuPIYv2H74PwIlnCT7KiFhRkgErIQryeCZO1N8ZB6heHVUcLo4veZ8Gtc4zcIry0Ufokf5ED7OB/qZfovq0KuP89DvfkzaZtWPeR7DWUQznsy6WSexDQ4c79JmXs2icJXYBudn+cNVpmUbhE72lWFxta7jCQmzy2xP25WQMBbEhO5BV+tGl7z6XgbmYS/OQx9ngVn41v9qIwC0mnY3Lg2JeDWCtiYYI7ENDsq0bYOXSbwaopG+/ys6sw4mr8wJCbNCcjYmJJzJLGVfzQqXOdOqF4M/OHVvyUw+yQ/PJduc6XJxe8P8cZm25XQOX7yuyjYntsH+JLbBibR9URLb4Awsf8i0bIMHSwgbLZPsq4SEWSKxECZcOfS8ZF/1DDEK++DoGc2j5uV5OBiveDVrtopZYCY7dQ7GJV7Fy5/vjJrXsZsjtLoCtVMS2+BA8cba/WlnXs2icJXYBudn+cNVpmkbjJcw0IZLku+RkDBbJGdkwhVjEiLJVctOSpgcY3zrmYskkctW+2ocJOMxaxxaCZN9MyiJeHXBtiYcI7ENDkpiG+y3yjRtg/so6aAv/ZcPCQnzx9xnYAVBSBhFREqhlUZpje786UWz2aTV9ibcy4RRcHS/6iP7WWuNUorAa2KGNUItaUUGJx8HRHzL6vOUIISI/0sIpBRIIbEMgStDDKHwlYGnR3PKGELhygiBpq3MHjMCDoclIhwZEWlJWxkcFlW/iPilcWWEJRV+ZODp0dzMJZqUER4Zg9HENUWELRXtyESNRPQb7AHqUsuMM/lyctnQdB9Fww36pT4O55J9hfgy7pnENtifebtoJrbBPh8ME+TcJLbBbqZtGwRQwkJLe+jeJCQkjI+5FLA8PyAIQ4IgxDJNLMvEMCRSSERHfBCi9wXHNiUp15lwjxNGwVkC1v1sg69FDYWgHRkUfZfNdpq2MjlLvIrjAMTxHBmyYVVYMhukTI1pSKRh0IxMPrWz7PjuwIKLQJM3fW6m6hRMD1PG8kqkJJXQ5kM7SzV0ULpXkfn+N1ADzZLV5kaqTtbwMYRCIQiUQdFP8bmdpa1MBp0h0BYR606DNadJWoZIoYm0oK1MPntZil6aQMuB4go0aSPkhltj2Wphy7jAcaglldDhSztLOXSIBhT0JJqC5XHDrVEwPQIt+bm2QjOyB4pzkos+UI/ygXyc2Vfz8JI1D308yn5/+50fk7ZcJUwTQXyfiVNULsseSmyDA8W71JlXsyhcJbbB+Vn+cJVp2wbjpWRcuF0kRqWEhFlkrgQsz/NpeT6WaWJbJpmU21eoSrh67IVpivVFDKFYttvcS1dZtj2e1xdohPapTwlCCOJDSZA1Ah7nyuRMn612mndtCy8UGPjcygV8n9vlYzvLy0ahh4jVuxGJZtlu8Ti3i9aCL16GSmgjgKwZcM1psOq0+K2+yBcvc+7MIQPN7VSVrzIV6qHFx3aOZmRiCsWC5XEnVWPdbvJrfYly6Pbt33Eyhs/9dIUNp8GWl+a1VyBQBo6MWLZbfJ/d4bOZ5UVzgbayzhVTolmw2jzJ7WAIxWcvSzlw0UBahmw4DTYKW7xuFnjfKpw7K80Uig2nwTeZXVqRyaaXoRI6+Gral7dZFlx0zx9nl7no5BHO6u84tmfexugqcpmzsEZHIl5dsK0Jx0hsg4OS2Ab7rTILtkEALaykcHtCwgwz7Te8c+EHAa22h2WaFHKZRLRK6ElDp9j2PKTQlAOHXd/lfrrKk/wuP1ZWaJxDaMkYAT/kd0gZIc/qS5R8B18ZKAQCRbXis2bXuJ+rIbPwol4gOCMTS6BZsZs8ze9SChzeNfPUI5tASbSAXV+z67vcTVd5nNtFCPjUzp55qzXQ3E2XuZOq8aGV44uXphlaREgEmt0gxa6f4lF2lz/ki/y9ukYldM8cA0tEfJ/bISVDnteX2A1SB3Y8Q2hKgUs5cHiY2cM1Qn6sreKdQywqmB5/LmxRC23etJYoBy6BNtA6FqFKgcstt8Z32V2k0Lxt9hIIu5Forjt1vs8Ved/O87GVo6EsQjVYZlhvBn+IutRXppl8SbnsTGDQp6anXD0hJ87CUsTflsz7tl8m2+CYxauZJ7EN9vlgmCDnJrENdjMLtkEALQxUUrg9IWGmmXkBq95sIYBcJo2UycUkoT+6c7NRWtCKTDxlECrJ94VSLGJVl2l27IS9cETEk9wuKSPkl9oS216aiMMXDY2BL1NshhbUynyb3SVKC142Cx3LW6+4mkXL42l+l3pk8aKxSD20DsUVDQGCvcDFbxhI4LvsLqEWbHmZzi33ZFwDxe1UjW8yZV42F3jbzOMfEXs0Ak8ZFP00qib4LrfLD/ki/1lZpxH1/1bJkSHfZUsUTJ8fa6sU/dQRO58g0oJGZOG1cwB8my3xIL3Hi8ZSV/tH2bdOPskXCZTkeX2ZamTHVslOPwJtUAklfssAAQ8zJbzI4FM7h+rzECHRXHPrfJfd4VM7x+vmAs3ofNlg42B+Zh4cIvtq3t7Hpsqosq8mUPtKH/l33vWUOeFQxOp3z5h1LpNtcAKZkJc682oWhavENjg/yx+uMgu2wXhJgRLuFZg1NiFhvplZRUhrTaXWiK2C6VQiXiUMjNKC3cDlt9oiBcvnQaZCWoY9l3VlyONciQXL7yleHSXEZDta5J23wLqxww2nhinUieUEmoLp8TgXW9ue1Za6xatjNEKL5/VFyqHD97ldlq1WzyUNNBtOkweZMh9aWd41c33FI4VgN0jxa22ZlAx5nNslYwT0uqHbIurYBus8ry9R9FJ9alEJQm3wsZ3jt/oS99MV7mfKWCLqOQZ50+dP+S1Mofi5tkol7Bavji7djkxeNhbZ8dN8n9vhmttAcnJsJZp1t8HTXJG90OVFc5HWFMWr8aCP/LnKzNP2z1NfITm+poNIxv0E07ENjpqrJF6NoPmRc5Vsg7MmRs2/bRA61kEjsQ4mJMw6xl/+8pf/Pu1OHCeKFNV6k1w2jWWONkksCALu378/0pgJ00drzcsPRSr1VvfnCBrKpBmZ3HQbrDtNIiStjiXOEoo1p8mjXJmcFfBbfYFNL9NXvNonQtJQLkIYXDd3WHAjIiVpdTK8UjLkRqrO97kSbWXyvL5EJXTPtLUFGNRDi5wZcCddw0DTjkwCbRyIQQ8ze9xN1fjiZXnZXDhlZsT9xwJBWxm0Iotr+2OgJc0oFtMMNCud+lwrdpvfGkt89nJEXfr2yX5HCBqRjUZwK1Vj0fJoKxOvUzDeFhG3UzW+y+2gEfxSX2E3SHH6zIiCUAsqoUPKiLifLmNLRUtZ+CoW6bKmz4N0mW8zuxT9NM8ayzQje4SPP1fcOnh8Yyb2orLf0KUaTSa5PUNlX+2vOZVhn9a+npFjbO6shIltcHLxxs3FbIMisQ0OxWiO9VkTo+bfNhgvbaCNNIiZNycNTDZl8+DWCpYhOjV/u/8AXT8nzBdv3rzBti86adV8MXNnaRQpmu02C/nstLuSMPcItIBICza9NJEW3HAbPEiXuZeqoBBINIbU1AKb1808u757pni1j6cMPnp5IsdgUZf5LucTaQMNGEKjgS0vzcd2lmrgnH0r7TRZDR2e15e47tRZc5pccxuESiIAQ8ZC2Ztmns9epjPD4inBOigEm16GQEuuOQ3uH4xBXC/LFIqWMnlWX2LLyxwroH5yLPatjb6WvGkVaEYm606Tx7kdok52lURjCEU5cHnfylEK3HMWpxfUQ5vfGovUI4tVq8WyvdWJG4+tQPO2VeBDO089HOVFe7rfao82xhlxZ+p9q19nZqWT5xHXztPXSduv+nDhujXzzix4JjVo3RGxZp3ENjhQzLF1f1SBE9vgQOsNvXz3OknmVfcqM2Eb1If3dmU4aDlzr8UJCQk9mKkzVWtNrdFMxKuEkRNpSdFLUQttMkZAxgiRQhNpQTMyaUQW7cg8t3i1j6cMPrWzlAwXWa+zlJYIIQi0pBFacb0oZZyZeXUUDXGh86jAtpcmZYa4MgQdZ1LVI4tmZJ1ZPL4bQQTs+Clq0f4YBJhCHWRjtTqZatG5xKvD//eUwWcvx16QIt2JK4XGUwatyKSlrIOMt9PiHu9vI7R50yywZaRJG+GB/bOlTFqdfTb9mQaPk4hXF2dfXJjpTg7BZduehIsQH+H79uirWSIhsQ1Og8Q2ONB6FyIRr/qtMhO2wSNirJI2WtpM/4uNhISE8zBTb3/7tsGEhJFw7D4UW95ikWZPxJKSIs7Q0gMKV0cJtCQIbWCB3YpPyrGJECgtz397Pta0RuBpAy80MEKN7Dw5RlqeM4updyMKQSuKa02VhXsgExyOwXBxQy2oRTaNyKIkVGdsBdEgY3AMjcBXBoEyqIUa4+gY6IsZGEbJpX7cmcggz8qe7MdFM6tmIdvnOGdv02WUEGcSrTvKwKwdI/sktsHJxRt3WxezDV6sDxPIfDv3YoltcPLLHzJLtkEALQy0TAq3JyTMEzMjYNWbLVKug5EUa08YCb0EjsPvfAI9ikeKYzGEAYZN3VPY9gAFxU90pbtGVIQgGuiefHZ2kwbCIcbgrG4oBOrMzLBB2hUHAttgYzAMgzcw3pkHR8kQ2VezvDkTY1S2wPEO5rnPqCtvHZwtYpFwVq2EiW1woJiX1TaoZ7He1QAxE9vgDCxP5zgaZv1x2gZBI9HSTayDCQlzxkyoRX4QIADbSi4gCaPholLEsBhGXAMrik7OyDd/zNoL1VUgERdiknGYOMmQT4X4Kqs6fy4/iW1wGlxEvJpjEtvgDCzPzIpXAFpaKOkw50d6QsKVYyYErFbbI+U60+5GwqVhWjNqxViWSRAOK2BdtOPJTXg4piV5zigTeyGb+Te/mWc02VfJfpg6WjM7+yGxDU4u3rjbGl68ulgfxnU8J7bB+Vn+IoxL6DqyljA71sGZeBVOSEgYgKmnPHmej2WayMQ6mDAS4pkHB11nmHb6IYVASkkYRZjGGXa6kT7RjzLYWcXbRxd3/pmyxWOQuNN3u02joSHp1b/jtYqmuw2DnU2zPt6TZnbqTnVbCfc/mQaJbXCgmGM9paYrXiW2wUFJMq96rTKzmVdIVGIdTEiYW6auGrU8P8m+Spgi43lRsEyDIAjHEnv8JOLV+blk4lVCh0s2WJdscy4visu4sxLb4AXbmmSMC9sGp7xfE9vgDCzPbIlXJxBoaaONZNbBhJaAk7oAACAASURBVIR5ZaoClucHWKaJmLnipQlzy0QOpbMbEUJgSHl6Lay+xdsTJktiH5w88/by2ot52oZ56uvV5OCaoqclYiW2wcnFG3db07QNjoPENjg/y1+EMYlXx7KvlLRQhssM5HAkJCQMyVRzJ4MwTAq3J4wMS4SkDR+tBZGWBFqgLnCDkmhMoTCl6lg8BIGSBFpynkcVw5BEkcI4ZiOUQmOJCFPEX1FFWhAog1jqGv4RyCTCkgopNFpDhMRXEn2hm7TGEgpTRkjiWQbDzhjoAWcTPIpEYUuFIeLCxaoztuE5x7YfplBYUiHQtCMTdWasyyxeJdlXwzFTPsu+jOab/rPbGO+Wzo6NbxY4GG+tOnVZJjE2iW1woHiXNPNK6Iu2P0v1rgZYd+jlu9dJMq8OV5mZzCt9cjktjE7dq+TdMyFhnpmugBWEZFLuNLuQcInYMPe4vlBEaUEzMtnxXTbbGTzdrw5V/0cOR0Ssu01W7SZpI8IQikAZ1EKLTT/Dru8S6dOFISkl/jEbYc702XCaLNltbBFhCI2nDEqByxcvQzUcPKVZoFmyPK47dfKmjymjjoAn2fIybHoZ2uq8p/p+27FwtWo3WXcaZIwAQ2hCLWlFJl+8DNt+mrDv2PZDkzYCNuwmq04DV8ayXagle4HLppdhL3AHFMfiMSiYHtfcOguWh9KCn2srNCJ7wP4NwqzbBxNOZ3/cL7uAkhxf80R3Paz5PTbn3zZ4dcSrizc9xf06EvHqYg0n4tXhKjMjXvVkv+6VdYEYCQkJs8DUBKwgCBP7YMJIqUZp9pp5DDQpI+ROqs4Nt8mP1SXqJ4SMfsedJmsEfJ8v4cqIbT9FyU8RIbCEImsEPMntsuWleF5fPFXAEUIgpSBSCkNKrjkNvs2VaEUWu76Lp+J1bRmxaLW56dZ50VjgYzt3jsyh/a3QPMyUueXWKAUum16aQBsIoUkbITfdGjfdGr/WVygFZ4nFh226MuRprkjKCCn6afaCWLAzhCJrBjzKllj1W/zWWDqHOHYoii1abf6Q38aLDHaCFL4yUFpgGxF5w+dPhS3eNAu8bRaIzpk5JtDcSVf4Kl2mEjgU/TStyMRXZ4lrlzH7ah5eEOehj7PN+Y/DAV8M9HRncE2IiUUs1fltnDaX0Z+L0zt8Rrktk75GTTvz6iJ9mLJtcCTrJbbB4WMfMtxYTMY2CAIlbbThkNzkEhLmn6kJWGEUYSX2wYQRUlMpPrUzSGIrWSWweZTb42l+lx+ryz1ErJNkZMgf8jsYUvOqUWDHdwm1RBG/RjgyoqlMHmQqaOBFfRH/FBHLMAy0UqynWjzNF9kNXN40C9RC+yCDyxCaXd/lbrrK49wuGvjYzp2ZhWSg+SpT5l66wvtWjo/tHK3IRGmBEPEYlCyXh5k9nua3+VtlnWp49oQJjgx5kiuyaLV53lhm20sfWAYFGlsqqqHNg3QZSxb5sbp26hjss2y1eZrfJlCS162FjigmAIEUipQMaas6X6f3iLTgQzt/dpYbmpupGo+zO3xuZ3nTXKCpLJQWHTviuJjF7Ks+saaqFx3PcpoV8apfP+bDPngmF7YDXRVm3cKoGU8f51GgmVTsq5N5ldgGE9vgxWIfrjYzmVc9bIOQ1L1KSLhsTE1BipTCMJILScLoiJBEWhIBgRadbCTJHwo7fJ8r8ffKasdO2Puxw5Uhj/O7uEbEf1VXKAdOlwgSIQgjybtmjkgLvsuV8JXB62ahr9AigJzR5vtciUro8Ly+RDOyD75bB2K7X+jyWz0+HR9nd/GUybaf6ttXieaGW+frdJmXnYylrm3TEGqB76XwIoMf8kX+mN/mr5X1Pra6eD1LRHyX3WXZbvNjbYUtL3OiLlUQGXjteAz+kC/SzpT4rbFE0FPEitfLGD4/5LfRwC/1Faqh0z1mWhIoA68Z1616kttBacn7dr7n9u+z6jT5Q26bD+0cLxqLNCJrYPvh4MyieDW9JuaPi4hXCQmT4cBKePD1ySwLbTGJbXAE7U0qRmIbvFDDiXjVa7VZtA0mda8SEi4jU1OQtNJIkQhYCeNCECHZ8VP8UltiwfJ5WtjBEarn0m4n8ypv+jyrL1IK3GMZPPHjikbga4MPrRyvGgUeZso8yFSQfW6wS7bHHwtbtCOTZ/XYytjdg8O4TWXye2OJUuDyp/w263aTfjfu26kaj3M7vG/leNsq9BHm4iL25dDlWX0ZQ2j+nN8ma/g9Y5oi4rvsDhtOnV/ry2y1Mx2L5MlHtVBLNr0Mz+pL3E1XeZApY3J8bA/Fqz8XNgHNT7VVykHv+mEaQVsZvG3l+djO8Si7ww23hugzButOgx9y22z6GX5vLNGI7AHEq8tmH5yHl8R56OPsc+ZxmGRfXRr27w6xiDW7wrngMsw2OI9ZacNnXh0eW5Nrd3xxE9vgxZa/2FgMPh6Tsg2CRqKMVFL3KiHhkjE1OVppPT/1r8IWlF6CmYLMevx7qwTShIW78b8JM4lCsOWlMUVcK+qHQpF3zdyBhU8KTcbw+SpTJWf5/FZfZMtLo/TRY/OkMBRoyZtmHkNo7qcrSBSf21k8ZaABU2gWLI8HqRJNX/K6vdTDvncybiMy+a2xyKPsHk/zO/xeX2QnSBEqiRBxYfUNp8GddI1tL82rZqFTS+v0c2nXd/m1vsz3uR1+yBd52VygGjqx3ZC47tfddIUlq83LxiKf21nCM/TtUBt8aOWRaO6ka9gi4n07T0uZaC0whGbJanEvVUEKzfP6MqUzC7QLvCgW8jTwOLtDygjY9jIHNa0sGbHuNLmbqhzJarMGeMyZtng1AcvLOJoZmKl3oAfznX11vuNwtNuSzEQ4RQ6GZhSZWJM8xsfd1lW3DV5AcEhsgwMu371Oknl1uNqs2wZBoKWDloNPjpSQkDDbTE150Voj5RxcUMIWvP93WHoAKoDtH+PPF+7GItbOM1h7Mt0+JpxKqCWf2hlakcn9TIWnhV2aoUlbGThSkTJCaqHNPyorPTKv+iHwlMXLxgK10OZuuso1t0kzMgmUJG2EWFJRbKf4veoQmM45b8WCaujwc22ZW6kaX2Uq3NFVGpGF2akTBfCmmedLO0tTmZznxhwhKXop/qbWuJuu8iS3Q7NT6NwSirQZ4EUmP9dX2OlYL88T19cG71oFGpHNvVSFPxe2aIQmgTZwZYRjhFQCh9f1Q8HsLDSCZmR1sqosbrk1brk1GlH8DVpKxmP7sR3X/WqEg4hXF2U+hI7jCCFwbBPHMrEsA8swDiY4i5TCDyKCMKLth4RhNIIW53OcRsr+EEzyNtf3Qf5yYxoSx7ZwLRPTNDCMQyu1H8bHth+EeH6ImrMxOhQQNdM5qE7nrJ4IIXAsA8eO941tmgfrKK3xgxA/jPD8gCDsnSE9Xq6OeJXYBodv+Nxn3BURr8bf3sX3rZI2ykyR1L1KSLh8TFXAmukMrNonqH4CrwbZNVi4E3++9OBwmdwN2P4JPvx7nJ2VvwGZten0N+FUQh3bCduRQd7ysaVColFa4GmDamDTiKxzz/4H8e21rUw+tbPUQpuc6WOKOEIpcGlGJpXAoRxEpIzjs3v1b0cjqEc2rxsL7Pop0kaA0ZkqKFKSWmRRDZ1zi0z7REhKQQqvblIwPRwZYQiFRuC1DWqhTT20zz373z6+NtjyMjQji7zlYQuFEJqSljQjk1pk0wwHq02lgWZk8a5VYC9wyRo+loxfbraVQaMzBt6ZMw32ijwYs519dTqWabC+nGdjOcdCNkXKtXFtE8c+vPSHkaLtBXhBSL3pUao0+bhdptponVsPuXNtifWlLOLAFn58xeHyeJptn9/fbeMFYc//Nw3Bwzvr5NJnzbB5kjCMaLR9mm2fesNjr9Y4dw/Xl/LcubZ0+j1sBIlFX4oVPm2XifThlSmbcvj6zhq22X37LlUbvHi3dWq8XMblwa01bLPPedNne84zLi/eb1OqNk587lgm39xZJ+V2195rtHx+fvXpHJH7U8im2FjOs7aUI+PapFM2tmlgHtm+thfiBQEtL6Bab7G5W2Nzt4IfjEKojYdsdSHLvRsrXZ9rrfmyU+XD1t6F28g4Nl/fXsN1BrfBaA0tL8ALIqr1NrWmR7PtX1jIO+0OBmCbBhsredaXcuQzDmnXxrZMUs7hly6RUrS9kLYf0Gz77FaabJdqbO/VT9uiC/V7fLEm0d5ly7y6SNzJ2QZH9wxwCcQrZn22wc7H0kYbiXiVkHBZSbxvvah9ii2DK4/AycXi1L5tMGjFy1gdO+Hak1jkCluw9SPc/rd4+YSZQyGoRrFQJYVGEt8mIy1OEW3OvlWHWrIXuFRCG6OTV620INL7lbGioe74njYo+ikMXGRHwFJaEl6w4kgjsmhFJobQSAFKd/rbiTvMY02EoBw61CILQ8RSlSIeA6UZur++Mtj105SFeyjidY3tJJnFzI2TfRKAa1tcWylw59oiq4vxC6RlmRhCIKXsyn7VWhMpjdaaMFK0PJ/7N5f5uFXm3ZcS5Vqzsw/7c3OtwKN7G0g52ofFUrnB20+7fQUsQxo8uLnGxsrpxf57oZTC8+Psj7YXUKm1+LJbYXOnSr3lEan+2SAri1mefn1zIlnEX3YrREc2P5Ny+O7+ddLHBKG3n3fPFLCyaZfvvjq57igolmr9Bay7Gyzm012f75brQwlYhhQUsinuXFvmxtoCC7kU2ZSDNASGlEghuoRFpTRKqTjbJ4y412izXarx7kuJz8UKbb/3sXVeTEPy6N4G39xd7/pcA8uFPYp7tQu3kXIsHt1bJ59xGfRaqtEEQdQ5twM8P2Sv1mKrVGO7VKfR9gmjUWQ+xYqtY5tc71x71pey5DIulmlgCIGQ8T46WENzsG8ipWl7PpV6m8/FKm8+71KqNo/0LbENDstsilfzYRscjWVwmD7MoHg1F7ZB0MJESRctBv2CMyEhYV6YbwHr+f8JjWMP7FYanv4fF4sbtOJMqv1sqtJL2HsFueuH4lSrFH+euxFnZTk5SC3FYlYiYM0g4uDfCEE04uexWAiLZ0Ac5bOeRsSCVVfMi780KwRKyxN9vWjXIy2JzmETHARNLBKGU7A/DPewNj2kECzmMzy+v8GdjSWyaQfTlEgp+x41QgjMjuXKMg1c2ySfdllfynNzfYGfX37h03YZ/xRroWWZpBx75DPLNh3/1CwnIcCxzaEFmXQqFu60huurins3V9gtN3j25gvvN0t9hTPLMEi79tgFLMs0Tuw3KQUp1z6xzUez6voRr2uNRcDqt++FFLjOyX3UGCKbyLEM7mws891XG6ws5HBtE2nEolU/pBRIGb/IxBlAFkv5DDfXFnjxochv77ao1FpnirT9WMxluHdzpeeYXl8tcHN9kZcfisMF7yCkIOUMv9+0E89nqDtC9c21Al/fXqFca/H6U4m3n0tUG+1zX+V6jbYQgqVCmu/vb3B7ffHg2mOcImoLER83BmAR799s2mV1Mcud64s8f7PNy49Fmu1g8I0+lasjXjGT4tWwTU+qLwPaBs8ZbzaWv9y2QS0MlOF2irbPsMsnISHhQsy3gGWYYBx5oKu8AytzsZgqjDOw9q2C2z+BV4U7/9tJYUqFcQ2s7Z/iTKzUcixqpZaSwu5TYdQ3qxHFOxHmInFn/YY86/07P6PfkvFmEEgE92+s8O29DW6uFnBsq58j7FSEEJimQdY0cO0lcmmXZ282+eXVZ/yp1Kg5hQsOqRTiwDYX11EyyaQc8lmXtaUc//j9I/WWN4KOXozLc1YNT8a1+eHhTe7fXGEhl8YcUiw1pMSwJbaV5YljsbKQ4T9+fc92qTZwCTEp4OHdNbKp4xN0dPqccrh7fYkPm3t9xdBJIISIj6GOUG2aBq5jkUs7LOXS3Fgt8OJDkbdfSqfWoeovgsO960s8vr/BjbUFHMsc/tpjCEzDxnUs0q7DUiHNjy8+98zuG47ENjiJtkcfd5JWw6Tm1XHmwTYYF2130dIhuWsmJFxu5ltl+fp/7/79P/4HBM3h46kQPvyvOPMqdyMWsrwq3PjXQ0Fq5xlIKxa4pBkLV1/+Bo3tuE6WX4VP/x/c+m/D9yNhBphF8Wq8zEeO0bBMe+vGK14ZUnJnY4k/fXuL1cUsVo8aR1GkCDoFrRutQ9uQYQhyaRfTkNiW2ZVVZJoGKwtZnnx9HS8I+e3tFtEAqSpBGHKKE+9MvCBED1GrR3fsYqcNuxQgDQPjWBaVaUiWCxlSjoWUkr/+8paW350BEnXsh2dlYEkpeu6LMIqIzpEGGo3E2nU2kVKEFxQn1bApTOcg49r88dtbfHtvI858O6aO7Ntfg44dtOUFB8dNJmVj21ZcG+vI5AVCxALTnWvLKAX//uNryrXWQP1azKe5tbbQV0yTUnBrfZHFfIrN3drgG34GSulTMyMh3k4pBKYhT2QzGlKSz7q4rsViPoXrWLx4V6R9brFNYxiSBzdX+OHr66dee/wwIggiGm0vPvZFbC9NuRaWaWCZRtd+lUJQyLh8c3sN1zb5668f2KmcVhvrfP09z0ejIxGvhoo5ksyry24bnISNkrmxDYJAGS4qmXEwIeFKMN8C1qipfoqzrFYexb/v18HaF6/CVrwMxLMQ7n+++igWrTJrsaD14X/FFsPU0uS3IaEHl+VmNsrtuCxjch4uYh0cbv1JIoD1pRz/8v0dVhayJ16mldLUWx6bu1U+FysU9+p4/hFhSEDasVlZyHB7Y5GN5TyuYx+86EspMKSB6tiPBuH52y0q9fbQ29Zq+/jh4JkrQRjx9+cfOiLdyZcSTVwnbCGXYiGXJp9xsa3D26EQgrTr8PD2GtV6i59ffibShwJPca/OX5+9OzPLZLmQ4dG9a12fKaX4UqzwbrN05nZs7VQnImKVKg1+P6V+1nn2+l71Al8enVLx3jYNfnh4k0f3Nki7zokx94OQUqXJ52KZrd0qe7VWV/0y05AUsimurcR2vsV8d/ZWbDEUqAHHWQrB7Y0lFgvdtb2OT1CTS7s8uLnKTrkxXK2pUwa/1mzz08svnHY9l1KQdm2W8ikyKYds2o5nAjyyim0arBQy/NO3N3FMgx9fnsy27GcbvLac58/f3mS5kDlhI9VaU2m02dyp8nG7zG6l2RGWNehDO+zGco6bawusLeVw7MNZCoWAlGtx/8YyWmv+7/96TaPtnz5efbk64lViGxy+4fmwDU5OvBouxmRtg9CZcVC6kNS9Ski4EiQC1lGcHJRexD97NYiCWJQqvYwFqfYeLH4VC1lv/ie4i/HMg7kbsZgVtuLsrKAdF3lPmAFmSaiZFevgyVijeYSYpbGeJcb7AJ7LpPjjNzdZW8ydyAgKwojXn3Z4/XGHrVKNlhfgB+GJLzL3RIPiXo33W3tcX8nz6N4GG8sFpBTUWx5//+0D7zdLA9cJevt5l8/FytDbdp4Mk16EkeLZm038I5kkxwUsKQW2aZBJOawv5/n69hoby4fF4IWAbNrh0b0NPhXL7JQPsz92yjUq9SYnjvljA3v3+vJJAUvHAtgvrz6fuR1RGF14trjzUKm3+OVlpz89TuPz9GBUs/odxRCCezeW+fbuOumUc6Jr5WqTZ283+bhVplJv4fkhQXSyH7uVBp+LFd583uXu9WW+ubNGJuUQKcWHzT3+/vzDwMJINm3z4NZq12yQkVJslWqsL+UPMvukFNy/tcpv77cpnjq73uA0Wj4/v94XsHpff4WIM61syyCbii15t9cXuLW+0JUtJTvF8b9/cI2m5/P7uyKhOm3uWM1iLsOfvr3J8kL2RCZjfO3Z5eWHHbb39q89J/eNFE2Ke3XefNrlxtoC395ZY3053y2wWSZ3ry9TbbT567MPBANfE+bNNjg8s5l5NWzcSVoN58U2OCHxinmxDcbilTZSiXiVkHCFSASso6SWQEexWAXg5A//3XsF1//5MKsqtQTFZ2B3srWk1ZmhsAWWmxRyn2vGZR+cTWY7v2iazNLI7PdFcLRfUgge3V3n1vriCfHK80Oevdnkp1efqdbbp770KQ1tP8QLQuqNNnu1Fn/+9haLhQz/+O0jv7/bGqqQsudHtLxRF2A+G62h7QV4Qdz28VNxfwQbQLXeZrfSYK/a4F+/v8faUu4gg0YIwcpClhtrC+xVGwf2yTBSJ7Npehwu/USdIDrfuEzqEqI6s08etHpcl5tQP46Tz6b44eFNshm3W4DUmuJenb89f8+HzT3aXkB0ygtOGCnqLY+W51OuNak3PZ58fZ1ytcl//PKOrVJtIGusFHBzfZHVxWzX57WGxz9++8SfH0nWlnKH25F2uHd9md1yY6SCpFK6s98Ep4lY+5Q7sw9+LlbY3qvz6O46+Yxz5HiHQtblhwfX2S032e4puMX9N6Tk0d01bqwVTohXrXbAL683efZ2i0qjdao9VWlNywtoewHVpsdetckfv7nJrY3FrriubfHNnXU+F6vnyl483t+zPhodiW1wqJiJbXDKsbtXG69tcDTCFYCWFspIgUheZxMSrhLJGX8U1fm23snHta/CTj2MzBosfxtnYt34l/iz7Z/h5n+Ls7aOYqXAr8exkkLuU2ZOFKSJMq4xmdWxvqh9cLZZLmT56uYKjt09o1sYRfz2bov/+v0jlXrr3MWptQYviPhSrPD/hBG5tMvHreMFqI+KabNM/40+KgNGOhZvPmzukcu4FLJxLaB9TNPgxuoCL99v98/SmazLZYINTg8p4MGtVdaW8idqXlXqLf766zveft4lCKNzj0akNLWmx7M3X2i0vAPhclBnn2ObfH1rtct2CnHG4cetPVYXMl2WOsM0uHdjmRcfihe0Wp4kPpb1sU96EylN5If4ew1qTZ9yrcW/Pr7NQi59aBkWgpXFLN/cXaNUbfa1PW4s57h/c/nEGARhxPN3W/zXi080Wv65bceaWHT/uF0mCCMsy+DayuG+FwLyGZdH99YPMrrOF/Xsj0ZHYhscTdMzKF6NpQ+zKV4NF2MM4tVZkYSJMtKJeJWQcAUZ7Zzn845XjW2B0owzrKLgUMSyUrEo9e7/iutdHUWF8XKppTjzyl2MYyXMISN4lOn5Rfis2Ae7SayD3czmzIO658+mlNy5Ftf0Ofp+r7Vmc6fGTy+/DCReHSVSmmKpxrsvu7T9k5bDk/2aNQ77dt59GkQRrz/uUG2crNm1lM+ceFEfN737PctjPlpyaZcHt1ZP1HQLw4ifX33m7edd/AHEq310J+PnzecddiuNgTKv9tlYLrB+xG4K0Gh5vP1couX5vN/ao9E6FDsFsJiPa8ydUfd/KOKQmvMeH0prmm2fVx93+fvvn0/UmTMNyf3rS6wsHJ/VOY5vmQZf3VyhkEmdOE4/bpf5+dUm9aY3xAQM+sCG+ffnH2geE4ylFNzeOJn51i/WZJmubVDMpHiV2AZHs/xkbYOH15Pxt3d62P5xtTBQRhotTC7TM2hCQsL5SGTro0grFp4a23HWVf4GFJ/DtT/Gn6sgnn0waB3+DlB+G9fBgnjmwvZeUgNrCiwZVdzMHhpBNbSpBA6eMlDnvrkdmQEJhWtELJgeGTNAAhGCPd+hFtr4ehCv/WFcA0XaCFi0PFwZIQR4yqAUuDRCk2hITdkSipzpUTA9LBlvcT2y2AtcWpHJaZVM+vda48iIBSuOC6ARVAKbcujiKzlUXEMoUkbAoumRNuJzKNAGJd+lEVkEA43tIaaIyBoBS3YLEHxqZ/HUsDURRi08jT6G61jcPFbHBqDlBTx784VSpT6UeLWP0qBOWH96BZzWi9vZ7Q56dDZaHuVak5WFbJclM591e86uds5uDMxJ+4Y400px2bi+WqCQPXkf/bi9x8sPxaFqox1l2JpdjmXw8M4a7pGsR63hy06VYrmG0rBdqrFdqpHNOAcZRI5lcPfaEq8+7lBvehfqey8OswoV5/1u0g8jXn3c4fpKjm/urB0rPu/w1Y3lzuyJ3cdexrW5tpLHNLvbqTc9fnm9NUSWWXf8SCneb+7x+uMuTx5c6+pXyrG4vb7Ih829U069q5N5ldgGhxd3Ettg92qDC1eDLD9C26AwUEYKLS0S8Soh4WqSCFhHcXLxjIKbf4/tgUtfxzMKlt/FwtXSg8Nl92chrH2Cxhbc+NdY+Co+g40/JjWwpkBK+FiWjwBuunUiLXndzPO5nRlIGDKE4prT4G6qhikV7SgWwQyhuZ2qUQ1tXjUKlAN3oFu9I0LupqtccxpEWuBrA60Ftoy4m6qw7ad50yzQUkdPy7NvzgXT4366zLLdphmZhDre1g2ngQbeNQt89LJEAwhDEs2a0+Tr9B62jGhGJgqJQHPLrdKMLF42Fyj66bODHcHqbOstt4pC0o4MNAJDKO6nyxS9FK9ai9RDe6C4GcPnq3SZdadBOzKpRTZfOJ49cDrD1XyYHrm0w/pSdxaI1pq9WpO3X0pDZZYMznyM1XlRWncVft/HMs0TNcbGz5GxnbJ41V15bfxIIbi5vngi6y3sCC61Hllyk2JtKc+1lULX8eCHIR8292h16sR5QcjLj0Vubizi2vE2CCG4thJnbjVbxYEnRDgPw4hYjbbP83dFbm0sknEPr7uGabCxnCPlmCfseoVsiqX8ydkXd8p1Pm2XR1Lnyw8jfn+/zYNbK6SP9EsIcSDc9xYxr454ldgGJ5B5NfI+zKZ4Nd4VR2kb3BevbBLxKiHh6pIIWMfJ3ehkYW3FgtWNf4Evf4t/X7h7WMS9VYo/86pw7U+xmNXYirO2MmvT3YYryk6UZ7Mev3ymjZA1u8XjXIm0EfKiUUCd44HeEIp7qSr3MhU22xm2vTRtFYssQmhyRsCGW+efFrb5qbrMpndMJOljHUzJgKf5HVIy5GM7SylwCTuCkoFi0WpzM1VnyWrzt8oaTXW+b5aWrRZPckV8bfKisUglsA+205Yhq3aLh9k9XCPk98ZSV8bUaY8Ud1MVHmZKFP00r5oLNCIL3elRxgi47tZ5mivya32FL955ZSQa1gAAIABJREFU7Bxgy4hHmR3WnCaf2jmKfhpfGWjAEJoFq811p84/5Tf5a3Xj3CJW1vT5c34TgNfNBfYCF19L/KGyr0b1oDXeFwMpBEuFTFcWCMQCzJdi9YT15vIxvvF1LPPEqecHIWoigmCPs/5yaYTnIu1aLOTSJ0TDWrPN9oAF10eJbRncu7FENu10fV6tt3m3WToQbrSOrXSlSoPrq4WD5Rzb4uHtVT5slsYyayMMLmJpDaVKg1Kl2SVgCSCTdshnUl0ClmFIlhfSJ2tfRRGfilXaA0/a0H9flqpxIfm715a6Ps+mHRZzKbZOFJm/WrbB2RSvZtk2GK+T2Aa7VxtvwfYBOVX8Fmi5L14lFXASEq4yiYDVi9RyXLB94W6cSXXr3+JMq+pH2HkWL2PnILsOa0/i31UI9W1Y/XZ6/b7ieNqm2hE96qFNNbAJteB+uoqvJO9a+VPshHEW0E23xleZMu9aed63crQjs2udemhTj0weZsp8lyvhd+x/p2GLiIeZKgXT45f6MttemkBLjj421CKbprJ4nN3lcW6Xn2ortJXVPyianOnzJLdDoA1+qy9SDh0ifXhTF1jUQhtPGTxIl9HAq8YiEbLvo4dEc82t802mxBc/w8vGIs3I6hqDWmhTjyzupSs8zW2jEGx76VPthIZQPMyUuOHWed5Y4nM7h6fMrn7UQptGaPFNpsQf81v8o7pGNXT6xoQ48+qH3DamUPxaX6Hopw4y0KbDKB/q+scSCHIZl2O1rVFKs12qjSlhZ/Cg//z4No+/2jjyyX6HT4/VaPn84/eP1Hparcb30phxbXLZk3V9as0+sziOrStTVq321eop4dgWjn3y8aTa8Ki3Rm+/Oy/5jMuda8tddbkipXj3ZZdqvTsrrNX2ef1ph43l/IEQJwTcWFvg+kqBt18GmUlvMAYVsRptn91Kg5trC13XFNc2yaZtto501RCCfNo5ce0JQxVfe87dy7OX9IOIYg8By5SSbMY9JmBdncyr2RSvEtvgaJadxPKHq8yLbRAEykihjES8SkhISASs3mTWoPQC3vxPMN04Eyt347DO1VFqn2KxK2zHxdsz65Pvb8IR4tuxAprK5HWjgCk03+X2CLXkUzvbU8SSxLbB77J7bHpp3jTzneyg7mUjLagEDr/VF/khX+SHQpG/V9YoB07PJyNLRHyV2eOG6/NLbYnNdoaoR5X3UEuKXppnaJ7mdvg+t8NP1VU83fsUzZk+T7I7SKF4XluhFLgn+qoReMrkQyuPIyO+zpQ7v+d6WiolmlW7ydNckW0vze/1JVrKOvEIohDUQodXzQVcGfEkV+Rvar0j5J0cBFMo7qbL3ElV+K2+zId2nqBHdlSoJbtBmmcNwZ/zW3yX3eG/quu0Ve8xcGTIt9ldCqbHf1bW2QnSHQFv8Ie5eUtEFxKyqZPinlKxhXD0DPfCc2NtcSj7W7ne4vmbTWq0mdTekUJw59oy+YzbVXMH4gyVE9bCMVnATrYxfjUp5drcXF86e8FjKK2pNdpUm6O19Lm2iW2ePO+bbW+IDJ/RYEjBg5urLOS6ywO02j6vPu6csM1FSvNha49yrclS4TBTN+3YPLyzzsftct8Z/kbBeUUsAUSRplJvE0ZRV6032zRIu91fpEgpyaZPfmkTKTXya08UqZ71tKQUx65/V0e8SmyD82YbnEHx6kJM3jZ4IF5Jl0S8SkhIgETA6s+tf4tnHCzcjeta2Z1aM42tuNh7/kb8c/FZXCur9CK2GybMEIK2NnjVzGNKxZP8LqZQJzKxJHFtq2+ye3zx0rxoLOD1EU0gFoaqoc2v9WW+y5b4p4Ut/l5ZZTfofrGxheK77C4L1Pitsc4nr7dwtE+EYMvL8KvQfJMt8UO+yE+1lU5NrMP+Fsw2T/NFHKn4qbrCXg/x6iiBNnjTLCCAh5kSjox41SgQ0i0iXXfrfJ8tUgkcXjQXOzbG/mPQCG2e15f4NrvL09w2vzeX+NLOoI9soykiHmT2+Dpd5k2rwPt2rqd4dTAGWlAKUvxYX+W77A5/ym/yU32V2rFMrLQR8CS3zZLV5uf6yhHxanBGV/tqMtlXEGdguU7vY3Rc1qRhOD6D3CDrHc/wGCeyU5/o+wfXcZ3u4z6MFF92KrT98Qon/cWr/X/HNyBry3n+8s/fDLxeEEb88uozP738NNL+WKZxokA4xPtiPPbBs8c3m3a4f3MFQ3b36+N2mVKfouXlaov3m3tddkgpBddW8qwv5fhUrIyk9/3oFrFOfnFy9Dc/jE6IcIZhYB+bvEBKembHaQ3eua8959uHGo3XoyadFILUwXk6qy/wo2c2M6+GjXsVbIMzKl7NmW0wzrxKxKuEhIRDEgGrH7VPcV2rhTvxjIKf/l/QEYjOw9zu8/jn1UdxZlbtY7xOryythCkiaEYWv9cXCJTkq0yVFafNru/iKQNbKFadFnnT43M7y+tmnmZ0mnUvRhMLLb/Ul3mQKfNDfoeil6ISOkQI0jJk1W5iS8Xv5UWKOn8ua1uE4HM7iwbupyv8ubBF0U/TiOJTtWD6rDpNAmXwc22Jop8+1yyLbWXyurmA0oLbqSpLVouiH9f3MoVm2W6xYHoUgzSvGovUzlF/KhbyHJ7Xl3mQLvMkW2TDbnTqe0lSRsiK1SJlBLxoLvKulT9XXSqlBdteBoHmfqrCPxc22fbSB/bQnBmwbLcA+KW+wud29oh4NewD1iwVGjpfX0Sf/T741PVnMX9jA7EIFkWnZJ5IMITEdS1urS/xzZ111hZzB7PGQfxcXa42+Li11y2cjDu748IvqoPhWCZOYfDHAT8IjwgJ42datewFcP/GyonsK88Pef1xl6CHyAJxcfe3X0o8uLXaVTcrl3a4c22JrVJtrFlYcFTE0kc+GaDW2gklud+V5/9n7822G8myM83v2IR5Bklwdg4+RoTH4FKmVF3ZdaG66Kq6qPt6hX6Jeho9QS+ppbXUqqqs1FIqY/CI9PDw8IF0TiBBEiDm0cxOXxgIEiRIgiBIgnT7ckW6O2BnsBFmv+1/b/rYQYNbnfr68tqPD9c2OFCfrm1wBJY/anL3bIOueOXi4tKNK2CdRXHLyYEFjqVw8T86VsFD7BYknx79O/rA+d4VsEYOiaBiGbyrxNhr+hg3akx5KmiKpGULyqbB63qCXFvUOi+a6Ti2hIOWl1elBAm9RsKoM+8voiKp2RrZlo/9po9MTaJ5+v/xNdsiVtk0GDOqRPVGp6JgxdL5WI2Qa3kpm0Yf4pXo/Fm3VVZrEQ5aXsaMKilPBU3Y2FJQtAx+KSfImx5qltb3NuiIWJU4yZaPMaPKrK+EJmyatkq+5eVdNUrR9LQjr/rr15JONFrF1JnwVInp9Y5oVbc1thsB9pp+yqZxTBi8/9bBQ6SU1M5I1O4xNKjc8ITOIF+q9s4ddQHFSuNKD/aaqvJofgLTPLsPj6ER9HtIRoNEgj78XgP1RMRYrdHk9erOmRE2w6LrbfgNi1ejSMu0eh43uqaiKuLGk7j7fToL04kuex3Abq5EJlc8s6KglJDJFskWKgR8RseaqmkqD6YS/Lq2S7YwzJO1dyTZSRGrlwRl6CrqCbHKtCwazW5xzrbtU1UJwdG5PIZ2iSisixH0jvaypaTWuOlCFa5tcDhDu7bBm1/+qri2QRcXl9HCFbB6UcuBWTstRpW2jmyC639wrINKexOGph0Bq5Y7qlToMjJIoG6r7Db9FE0PhuKY+Wygaas0bHUgC5otHVGpbjmClSFshJCYUqFhqTSlSks20fq+jXKWsxAcmB4qlo6naaELC4ljB6xbWp+Jyk+/Oa/bGrtNlYLpwaOYKEIiETRtp1+rr3mezrVVsXQadWcb6MJGQWK1x2tY/YuCx7GkQsH0UrN1dhoBNOGIEaZUqNsaTbs7Ef7tcoM3lNJ5MO5VaVBRBLGQn71T1bluhx/fbrF/ULp0u5Zl90jW3f82NnSVb57OnfuCV1EEWtsidbLaHTjRNa9Xt3m7lsGyrzdKpsMnLV4diS+NltlTwPJ7DbwenUrt5sQLAUwlo4xFQ1250VqmxdpOjnLPQgNH1JstPmzuMTkW7srrFY8EmJmIki9Vb0SQO20ZOvpEUwWRoPeUgNsyrVNilW1LKj2uPaqiEAv5KVbO2h6XX0dVVYiFfac+t215+hgY6ZxXgzOakVeD9uvaBm9++aNmrm3QxcXlvnC/BKy//L+H009py8l9ZdagUXIisEpbjjCltW+mghNODqzQtCNa6b4jEcvNhTWy2FJQtTSqVndeqatitUUc5136sPoVNKVK07zYdtcPh7cLNoKarbVza11+Tmd9bkonmm3YNG21D+vhbd7gD/MG74K+2l9L6SRdlrLb4aMogrF4kHcbu0OyW12tk2y+THqAPD8SecIKebl5CCEI9Ug03Q+WbVOpNni9us2bjztUTgpp1/Y8KK+x8/MplGts7Fy+Kp5lS7L54YultUbrVOQPONa7gNdzowKW1+NEX53MOVdvtMgVK/i9F1/zcoUq1VoLI3TUh6YqPJobZ3UrS7Ey3CT4F3NcxJL4vR4S4cCp4gX1pnlKSLbs3tceTVMYiwVZ2zk4Y6zLo2sqY9Hgqc9N2z7aZq5t8FrGvnKfrm1wBJY/auLaBl1cXO4T90vAGgZmDUppMEpQ+AhWy7EPFre6LYOhadj989GfVgt0PzRLTh/a6beGLveQUQkAOsXITuwaGOwmffS2UP/rYUtJtlih3mjiO/YArSgK02MRAl6D8pUf8q/+8GNLiXUpJe12o4/qjRabuwe8XcuwtZun1mh2z+gapifgVsUrcITGf3u1euFyvWZ4HUUD6vUWB8Uqk8kwyrGk6eGgj1QyRDZfvuRxNRhCwFgsyPxk4pS44/Ma/Lvni31ZXRVFEPCdFrqSsSDzk3H+/D49tDn3z5GdMBEJkIj6T31bqTYplLrFNcu2yRYqNFom3mP2Pl1VmZmI8vPKTk+L4SAkIgEmEuFTn5crDfKl2lDGOB/XNjicoV3b4M0vf1Vu3jYohYpUfNiKgSteubi4nIcrYJ2klgPN6yRvD03Dxh9g/xfnO0/oaLnDaKzD7xb/oxOllf/oiF3x5Zufu8slGMItTs8urtLv9Ukqw7nFGD3JZ1BGs/Lg5YaqVBvs5cvMpY4sywKIhfzMTyX4ZWX7zNw85w8guG0h6bZotExevU+ztXdA65z8WcNiFMQrANO0KJ2KAhKnTvmbmqUlJem9PA/nxvEYx6qaqgrLs+N83MpSvMC6NwxURbA8O9YzykpTFZI9ooMug6GpLM4kWdnav9GosiMkHkPn2cLEqWT8lmWznS32jIQrluvkS1VSx8QlIQTJaICpsTArm9munFuDoKkKTx5MdIlkh2zt5R2L6X21DV55fNc2ePUh7oF4dYdsg1IoSNUVr1xcXPrDFbBOEpruzn0VfQC7r2D889PLhqed7xJPerd1GVGuS4i5PwLP3WEUb/IH4PDG7hKHULXR4uN2jslkpCu5tPNAmmLvoMTeQXlgK6EiBIoirr1K2hFnTfTyK9Bomvzh5Xta1tnRQfOTCZZnxtCObTu/1yCVDLO9n79gGqfzCPVucJEl9PbFq1FlI3PAQbFKKtkdgTMRD/NscZLvflmndYVjU9dULMvG7pwgkpP7czweYnYieroQ35AQQjAeCzI7EePXtcyNV1nUVJXPllLMTERPRZiVqg0+bO4jexyf5VqDzd08yUig+/zx6Hy+NEm+WCN7hcIHihAszSSZT8VOzatSb7Kazl1DtdXjuLbBgfq8F7bBUROj7r9tUAoVW/UhXfHKxcWlT9wrxUWEpiE01VuYOvwu7IpWLld9whnmE5IrpJ3HaG2dwQUMy7JZ385xUKx23R8qimAiHuKrRzNEgoNZmQUwkQjzeH4Cr6FfuPzVGe5Dl2VZfNjc4/367pn/vfx1g718d4J5XVN58iDFXCpx7ceJuGm14o5RqTV5t757KoG+YWg8WUixPDeOpg52C+MxNB7PTzCRCJ0pTqmKYGlmjOCAudT6xec1eDAVx3Mj59mxcQ2dpw/G+Xwxdeoct2zJ+409csXeFRJNy+bDZpZCpd515iqKwsx4lC8fTxP0eQaalxAwmQzz1aMZAv7uPqSUrKVz15J37dgot9d+JMWrQYe+i7bBUROjPgXboIatBpCKB/eR1MXFpV/cCKx+GP9isO9cbhRDH06y874Y6tPt9YpXrn2wF8PYKrdnHzzkoFjj17UM0ZAPQz+WIFpTWZxOIiX88OsG2ULlgpegR18qAuZSCb5+MkM44CPk9/DDr5s0WqetRKOKxHnIPi96bD9f5uWvmwR8XsKBI5EiHPDx/OE02UKZ3GEUybXt6rslYt2kudSWkpWtfRamE8xMxLrmEA76+ObJHLqq8OtahsYl8nAFvAZfPJzm8fwExUqNb1+vs7l7cOr8iIZ8zExE0dTu35WdbJGP6Sz2gJUDH82Pk4gcJUxXhGBmPEoi7GdrgIIHpzkdSXacw6ivpwsTPJiMEw76Tol4mVyRt+t759po9w7KvFvf4y+e+bqERF1TWZ5JYtuSH99ucVDqPxJLEYKF6QTPH04xHguinJhYsVLnzVqGeg9b43BwbYPD6fcu2gZHTYy6/7ZBW9GRig+p6Ny/e0wXF5frxBWwXO4N8ZAXbAuEes5v4X3+kfzUxKtB125UxCvZX1fnfG/ZNu839hmLBXk0N4GiHO0rr0dnaSaJ36vzYXOfjcwB9UaLpmmduKeUKEKgayoBn8HizBhLM0nGokFUVeHZ4iSWlLx6n750cmZdU/Ho/fzMnL2Sln2+EDUolmWztp1lLBbk+cOZjgCoKIJUMszny9N893qtR26ifvb9ecvIY/+5dNMtvhQrNX56t0Uw4CUS9HW+UYSTePyrx7PEwn4+bO6TK1RotixM+/SxoqoKHl1lLBbi8fwEsxMxgn4PIb8HngmklGzvFzg8zFRVMJeKEwv5u8SdZsvk3fouv6zu9LCw9XedbJkWf/18oUtw9vs8PJwbZ/egQsvsX5wRCmecX91zUVXn/I4EfUyPRZgai5CMBvEaWpdFT0pJvlTjx7fpI/H2DEzL5u36HolIgKWZZNe1x+cxeDQ3RtBn8H5zn81MnkbLdPJWnZypEBiaSijgYXEqyeJMgmQkgHoiuq7eaPHzyg47+8Vrsg+6tsGB+nRtgyOw/FGTu2IbtBUDqfqQYrgVwV1cXD4NXAHL5d7gNVQUu4GteoBe0VhD+pE81Y3743vz9H8jdTxqZOT21BCeO0qVOj++3SIS9DGRCHdFLXg9OrMTMRKRIIvTSbazBfYPylTrrU7uH0U4FdKS0SAzE1ESkQBej47arv4WCnj5YmnaeYD8sH0sZ9DFPJobJ5WMnFjZk3vh/P52cyXW0tmewsRVaTRNXq9sMxYLMZuKd7adrmk8mhsnm6/weiV97F7cFZ1uEsuWrG1niYf9fPlo5kTFTUE07MfvNZgej7GTLZDJlsiXqrRMu5O7ydA0oiEfqUSYybEI4YAXXVMRQqBpKtNjEeSzef7527cUyk4i+6DPw8J0Ev2EOFSs1FndylKtD15l7/3GPk8WUkzEj4rCKEKwOJ3k1Ydt9i9hjwv5vXzzZPbcZRQh8PsMoiEfPo+Bz9AxdPWUQARQKNf58d0Wq+ksVh+icb5U4+XbLcJBL+OxYEcME8KxRs5PxklGg+zPlNncLZArVmg0zM41RFUVAj6DVDzE5FiEeNiPx9A6155DHMviPj9/2KY59EjQW36hMZLi1aBDu7bBm1/+qty0eCWwFQ+26nVeNo/eXZmLi8sdwBWwXO4NQoCQJooFtuIB5biINarilVt58DoRJ/689YeVaxjKlpK9gzJ//PNHfvvFg1MilqaphIMqfp/BRCJEo2VSb5jYbUFIUQQ+j4Ghq13C1SFCCGxpD/TQvjAz1hlnUN583GEzc3BKwBrGkSmhHXGyScjvJR4JdL4L+Dx8vjTJbq7I3sFlcu7cF5HrfCvaTdFoWfz8YRuAr5/M4TlWlU4RAq9Hx2NoRII+HkwmqTedKMPDhyiPoeHRnWUMXTtll1MUhWq92bEEKgKmxiJOfqxjy1m2zdp2jkK5dqX1qdQavF3bJRkNoh6LWgr4DR7Nj7Xtvv0dQwGfwRfLU+cuIxCdCKyTCdEPkVKyX6jww5tNVtPZEyLR2ceALSWZXIl/e7XGi6ezTCbDRyIWTgRmNOQj6DNIJcI0WiaNptnZ1pqm4DV0PLqGx9C6orgOaZkWb9d2+eHXTSq1YVeevN1z1bUNurbBqy1/1GxkbIMXiVeq18l3JdzHTxcXl8FxryAu9wwJ0kSxJRIPUvlUDvHbf9C8Oe6DQCCHuhqmZbO5m4c/f+SzpUnmUnEMvfuBVVMVNJ+HgM+DbctOhIpA9HxwdPq1OChW+fHdFlt7+bOjr8742Gtc/fwztPMsBlfbiALnIXxr94BX77f47fPFjiVLCEEyFuLrJ3P8y4/vKVd7PTyfFHmu89gcDUHpNijXGvy8so1l2zx5kCIa8ndFEAkhHKHK0AhJD1LSOb4VofRM1C4l1BpN1ndy/Phui2rdsYp6DI3l2bFT1rxD4ckaMPfVIbaUbGYOOChUSMaCnc8V4dgW33zcJVfonTz9JKqi4D8WlXZZLFtSqzdYz+R5u77H9l6+Rz6x8447iWlZrGcOaFkWz5enmE3FMLRuoVDTVIKaSpDDa4+DIjhXVCtVG/z6McMvqxnyl8il1R+3+zLDtQ26tsGrLX/U5PJC6DUte454JYWKVLzYitGOvHJxcXEZnE/l6d7lE0IgQVpgOw+c1ydijW70lcuwt+4wHxbO6esKGsWhiFWuNcgVqyxNJ4mG/T0rtTmC1dkDSQnVeoOt3Tw/f9hmJ1u8U0ncL0uzZfJ+c4+JZJjlmfGOOKJrKgtTCTK5Ij9/SGP2yOHjcv1IoFxt8OrDNrlilacLk0yNRfB59FMCiBCiLZ6cfXyblkW+VOPNxx0+bOxTrNTawpRgZiLGRCLcPb6UrGxlL5WQ/DwOSlVW01li4SMhTghBPOxnLhUnX6xhy+FbZg9pmRaVWpP9fJmVrSxbe3nKteY5tsFeF6aj61jLtNjaLVCttTgo1liYjhMN+U4lwAfOFMs7vUpotEz2D0q8Xs2wtp2jWm8OOe+VaxscuE/XNjgCyx9x+e1xG+KV1o68MnArDbq4uAwDV8ByuadIhDTBdv4+lConbuXBO84di9waYLqmZZMtVKi92yK9l2dqLMr0WJTxeLArafSZQ0pJudpgI3PA5m6eTLZIvlTDuob8U/0jObkxBKc+ulL/jkBS58dfN4kE/UzEQx1hxOsx+GJ5mmKpxsf0/l07iu4NEqg1Wqxv5yiUakwkwsxMREklwsTCgQvbgyNc7eZKrO8csL1fYO+gRK3R6jx7eXSVpZkxfB69q12l3mR1a79nEvJBaJkWK1v7PJwfJxr0dT7XNY2FqTgfNvYoVetDGQucBOi1RotCuUap6gjchVKNg1KNSq3hWC4v5LiIdfossGzn2vPy7Rabu3kmk2FmUzEmYkE0rb+Ii3KtwU62xPp2jkyuxEGxOqI5rwbnTkdeDaWdaxu82vIOoqvZNeSxugzniVeKga143UqDLi4uQ8UVsFzuNY6I5TwAS6E7ibLu1Y/opyZe9bd217VVro7s+uOixQYaQUKl1qTebLGfr7CWzhIJ+UiEA4SCXgI+DwGv0RZoJM2WRbnaoFpvclCsclCskC/XKFcbtCy7r8iHX1Z32NkvIE5FV1x9u+dLNUzzhIDW7rZlWvzbq1XHRnVsaNO0+4yWOpqfLSW7uRJ/ePmegM/TdQzZtuSgXL1gbU5/u5sr8g//8qp7KSnJ9mkR60W+WOF//OnXU5F1pcrF+YEOChX+x5/enmpbrFwtr9N51OpN/vDyQ1fuKnBEld6cH4bYsmyyxQrFap3t/QLhgJdEJEg46FQq9Hl0PIYjQElpU6m1qNQalGp1coUqhVKVfLlGvWGeEmZN2+aX1W3WtrNdnzdbFpls6aLCWn0jJeznK/yv79515npIo2meinYsVer8r+8/YOiDWW9apkXLtKk3m9SbFo1mi5ZpDyBMX3QGSCr1BvXdFvv5Mus7B0RDPqIhH5GgF5/HIBzwdpY3LScSrFRtkC/VOChVKZbrFMu1drXUYV+3bzHyqpOn6CbFoiH269oGR2D5k01G1zYoUZCK3q406CZrd3FxGS73QsCyLIsff/yRDx8+UKlU8Hg8PHjwgBcvXmAYg+eH6MXu7i6aphGPxzuf7e/vk06nqdfr6LpOIpFgbm5uqOP2Ym1tjVwux9dff33tY91lhLTAboICkkMR67KdXPiBy7VzWyLUkMe9odWwLEm13qTeaLKXL7Ou5dA01cmFpSoc1me0bYlp2ZiWTatl0bIsbCkv9fC4f1AiW+iV6PzqKyttiSV7P8jYtmRrN89Jx5iES1VLPMS0LdJ7eUSP8/t8S1evsSSVWp3367unPh9kbofUmy1Wt/ZPzbCf1Ey1xlltr++gbJkW69u5U5fMqwwppSMqHZhVCuUaO/tFNE3F0Jzqekq7EIFEYrWPbdOyaLYsbNvuysN0HNuSbO722v/yyrmvTtIyLdZ2Dnoa806O1WhZfNzOOvMa4KdHtqN+pHQE1Ou+BFm2TaXepNZosZcvo2sKuqaiKgqaqnZWwZbO/mlZliOyWTZ2n6L55bll2+CV2n+K4tURrm2wm1G3DUqhIA8rDfasCO7i4uJyNe68gGXbNn//939PoVDg66+/JhKJUCgUePnyJdlslv/yX/7LmUlCL2J3d5fV1VVevHiBpjmb6uDgAF3XOwJWpVLhw4cPJBIJpqensSzrylW3XIaPkLaTE0tIx4cvLuHDdysP3ilGN/qqT4Y4XSnBkhLLdiIwoDXcAdpYzkC9ZjDUcXpZBzt5ey592Paem2WdtCwO9mAicLa/aQ03b5aOqatpAAAgAElEQVSUnJOr6KK2Eusy8zk/GKrvLk5WkBwWR8e3CUOwmkl67f/ro+/9KGV7Xlxif9z+ddyWEtu02tbLkxF3PbbxtW32u2wbvGXxaijtXNvg1ZZ3uAu2wU6+K6HjilcuLi7XxZ0XsH755RcymQz/9b/+V5LJJADT09PEYjH+7u/+jtXVVRYXF4c23uPHj7v+Xak4VpCFhQXUHglLXUYHJ7l7E+xDEeuu76/bf0C5OQa1Dt7MuH33dePPUbf54HY3hEMnDu0s+lmH02LX9UrUn9J5f9O42/f6uUnhalidf4K2wZ6LuLbBm1/+ZJNRtQ0KbEVHKt524SQ3WbuLi8v1cecFrPfv3zM1NdURrw6ZnJxkcnKSUqnU+WxlZYVvv/2WUCiE1+tlbm6OaDQKwPfff088Hqder1MsFlEUpfOm+rvvviOZTLK0tMSrV6/weDw8fPiQ169fd/o/7PfZs2f8+OOPhEKhLuEsk8mws7NDo9HA6/UyPT1NIpEAnLfiOzs7ZDIZms0mPp+PmZkZYrFYp72Uks3NTXZ3d7Ftm2g02rFJHCebzZJOp6nVahiGwcTEBKlUqhOFZlkWGxsb5HI5LMsiGAwyOztLMBg81dd9RCARsoW0JbbiGUDEGt3oK5dhM2Tx6sa5GwLS/cHd3i4u53PT58jt2gbvrHg1tHaubfBqyx8x2rZBBVsxkKrXzXfl4uJyI9x5iTyXy3WEoJP85//8n/nyyy8BR+j653/+Z6anp3ny5AnBYJC3b992IqjAEZk0TWNubo6nT58yOzsLwBdffMH8/Pyp/peXl5mZmQHgyy+/ZHl5uec8tre3WVtbY2xsjKdPnxKPx3n//j0HBwcAbG1tsbGxwdTUFM+ePcPn8/Hu3TtqtaPEujs7O6TTacbHx3n06BFer5f9/f2ucfb29nj//j2RSIQnT54wPj7OxsYGW1tbnWVWV1c5ODhgYWGhE0325s0bms3m+Rv6XiFBtlDsOtgm5/54u5UH7ziuqNDNTW2P4Y8z7MqDF398+QeA+1YiwsXl2rmHtkHBMKoNXgejnvPKtQ2eRMjj22P0bINSaFiqH1v1IYWG+wvo4uJyE9zpCKxms4lt2/j9/nOXk1Lypz/9icXFRb766ivC4TChUIhSqcTOzg5LS0sAxGKxLhHqUNwyDKOTA+s4xz83DKNnRJRt22xtbZFKpZiamgIgFApRrVbJZDLEYjHy+TxTU1OMj48DsLi4SC6XI5/P4/P5kFKSTqcZGxvriGqRSIRms0mxWOys48bGBslkspNAPhwOI6XsjK9pGoVCgbGxsU50l8/nY319nVarNfSE9yPHMXeIk5/GRJESiXGsQuFd4FMSr/pfs9HNfSW7/rg9rvuNvjjx72sa5rzvxfF/QO9j+iLxarA316N49lwH51suXa6dO+ly/LRsg1ebg2sbvHr3oyRGXfU4us7xrhJ5JZCKju1aBl1cXG6BOy1g9Us+n6darbKwsND5TAhBKBSiXD6qnOX1ens1vxK1Wg3LsohEIl2fLy8vdyrtfP75513fKYqCpmm0Wk7S02aziWmaXZZCoEtUq9VqtFqtruqIAIlEgs3NTUqlErFYjGAwyN7eHh6Ph2g0isfj6Qh4nxptU+WJ5O7i5AKnWrh8Clz1IeKEgPJJ5b4aPqN55n164pWLy+VxbYM3Me719OvaBq+2/NX256jaBqVQkMKDVD2uZdDFxeVWuNMClq7rCCG6rHa9qNfrAPzTP/1TJ+/T8T6uE9M0e45zPFrLNE02NzfJ5/M0m81TJaQP7X3nzfVQ7DoZRXXY5nAey8vLpNNp0uk0Hz9+xO/3Mz09fUr4+pQQ2AhZR9omtuJ18mINVbwaprHIjb46Se+ZX2WrDDn31b0Wr65/rMtbB89buB/rYP/9j+JZM1wkSPEprKjLtfDpRF4dVYgbJfFqUMvgJdoOvPxRm+FYBgeZwwiKVwNZBq9p2V6WQcVzrMqgi4uLy+1wpwUsIQSxWIxsNtvz+3/8x39kamqKVCoFwO9+9zt8Pl9XxFMv298wOaxMeCgw9eLNmzcIIVheXsbr9aIoCi9fvux8fyhKHYpQvTiMxjo5zqH4dfi9qqrMzs4yOztLrVYjnU7z7t07nj17RigUGmAN7xHSQrEb2IoBaO5D253lfkUfjS69tvOobfs76bdycbmf3FPxanRtg4MOfRPzueQYn4h4df3jDTY3iYJU9GOJ2l1cXFxujztvWl5aWmJra4tcLtf1eSaTYWNjg0AgQCwWwzAMCoUC8XicQCBAIBBA1/Vz8z6JIeRE8vv9KIpCoVDo+nx9fZ0PHz5gmiaVSoWJiQmCwWBHaLJtu7OsYRjout5J+n7IcbHK7/ejadqp7ZDL5Tp2yXq9zuvXrzu2SZ/P17FVVqvVK6/rXeewQqFi1cFuOW+fpPONy6fC7dpP7vbYo8B1rr/s9H+7ydo/9X183bjbd3jc1Fni2gaH169rG7za8vfPNiiFhlR92Kq/naj9zj86uri43HHudAQWwGeffcbq6ir/8A//wDfffEMwGKRQKPDjjz8yOTnJgwcPEELwzTff8Mc//pFms8lvfvMbWq0Wa2trJBKJTtLzkxyKW3t7e4TDYQKBwKXnpygKU1NTbG1toWlaJ3n89vY2y8vLqKqKruuk02kURcG2bTKZDJZldayEQggmJydZX19H0zTC4TCFQoFsNtuZoxCC2dlZVldX0XWdaDRKqVRia2uLqakpNE1DVVVM02RlZYXZ2Vk0TWN/f78jcLk4CJxILCktpOJpfzjobZZbeXAwRu1hYMDxb3s6N8rwV/Zy9sEBrIN99/8p2QZdXK6Ba7sWDitf4eW5eqVB1zZ49SHugXg1srZBBVsxkIrhJmp3cXEZKe68gKWqKv/pP/0nvv/+e77//nsajQahUIjHjx/z/PnzThTVZ599hq7r/PDDD/zyyy/ouk4ymWR6evrMvsPhMPF4nM3NTZLJZFcS+MswPT2NoihkMhk2Nzfxer0sLy+TSCQAePz4MWtra3z48AFN05iamsK27a7cXqlUCsuyyGQy7OzsEI1GSaVSXRFX4+PjCCFIp9Nsb2/j8XiYm5vrWCiFEDx58oT19XVWVlawbRufz8ejR48urOR4b+jTUSSwnB9yu53cnXbI9K1VKnTFq150z/621aLbHv8muaF1HeRZ4zKHtCteuYwAmqrg9xoo7d8XW0K10cQ0rSv0Oir22eusTnp74hUjKV5dZeibsw264tVZzUbHNiiFhq14kIru5IUdiWuJi4uLi4P47//9v9/Kr+hBoUQscvNRP5VKhb/5m7+58XFdro6UshOVdvj3w/9s2+bN6ha//7efzulBdP1x4XjthaVQkcIARQNx2TdQglq9gc/ruWS70/30nt9VGcWbktsSsIbc/savrDc54PWPNXDy9gEErN7DjLJwdZMz6p3E/YaOgFvi5sbWNJWHs0meLU5iaBqWbZHeK/J6ZZtc8Qxrf9/TG6Ej98p5os7s8Fb6ED0SXN/EuEPp99RiN2UbvISA9SmIV+2ml4++uj7bYCfXleJxo67uERPxIP/XXz/GbygoioIQous/oOvvLneLf/qnfxrIJXaXufMRWC4u10Unr4U0EVK2LYVGW8TqpzLX9f0QuOLVsGc/5AcKV7y6EsOtPHjZJt1fjOJZcuOMSjDPPUNVBI/nxvn68QzxiJ+mafNhY4/VrSzlauO2pzdcOoFYw4jIcm2DA/V5L4SrQeYwguLVKNkGD5dWNGzhBUVrJ2p3L/ouLi6jiStgubhcgAAkFkLabUuhDkLj/B/368199alzXfFog3Pb498U9309ZedP4Z53bVz16jrQVIVHc+N89XiGaNhPtd7k55Ud3n7MkC/XsY4VcrlXXFnIcm2Dwxn6puZySdtgn/1dz/I3dCyOmG1QoiCFjlQNN0m7i4vLncAVsFxc+sARsZwqhcKysBUPKDr9RWINl/suIVye27YO3jZ3ff5XZZhWok99W7rcBIqA8XiIhekEQkAmW+T1yg4ft7PU6k3se38YOr+op/9+Ebe7YcRIilc3FUV1lXbD6v4eiFdtRqXaoC10J0m70I/cBS4uLi4jjitgubj0yaGlUHZVKdQB9URy9+uLvhre7eMo3qTc5I34sNr36ONGnrGue5DjD5c3NeaxEc+MFjh53A7nDbg4/aHLPUbAsbwfzmeHKY0kkiulN+pnfCFoNFq8+ZhBEYJ602Q/X6bRbH0C4lWb47+ZfeXHcm2DA/Xp2gZvue/uZtdrG7xM1JXaznOlu3ZBFxeXO4crYLm4XJJuS6F9lOB96NFY13VDMYo3KreV++qq3N7TphDgNXQ8+sWXcQlYloVlSVqmhdmnPUkRgoDPQFUGsxTUGk0aLfNSbQTg8xroujrQmM2WSa3RBA7n70Fpz9+2bUrV+rGlJSDRVBW/z3DObQm1RotWnxXgNFXB7/N0jsuWaVGtN/ueb2fs9gO9aTntZZ9KhqIcrmO7gp0tKVXqF7Tq1Y9CwGd0b6sT/Xh0DY9Hu6S9sntZZ/1a2PLiYzDoM9BU5ziQUlJrNGmag1vrNE3F79GJhf0kIgGCfg9+r4GU0DJNipU6pUqd/XyFUrVBs3X6GFAE+L3H5oWzvS/aXUKAoWuEA17GYyHCQS+RoBdNVbFtSbFSo1RtkCtUyRUr1Oot7AuUNAF4PQZG+1wxTZtqo9kpdnJRW59XR9eOrh/lah3rNhS0ThDWWdFYrm1wOEOPoHh1LXMYTfFqsD6GK1517IKK4SZpd3FxubO4ApaLywAcWQpNhLSRUj8WjXU9Y34qL+ZvjmvYoje4kzRV5bOlSR7Ojl+4rATK1QblaoNcscL+QYlcsUa92Tq3nc+j8++/WiIa8g80x+9er/N+c/fCB/FDBI7I8NXjWeYm4wONubK5xw9v1mlZFn6vwe++eUg44AOgUmvw//7LK1odUc2Z13g8xL/76iGaqmJaFm/XMrxe2cLsQywZj4f59988RGlXKN3M5PjfP7zra65CCGZTcf7iswcdkbBYrvG/X76jWK711UfI7+V33zwi6HcqnRYrNf7u93/uq213Px7+w188xu812v3U+bvfd1d1fTg/wZMHKTR18IeeXLHKv/z4ntIFScoDXp3/85uHRILOvjMtm1fvt3izlrl0hJQAAj4PizNJ5icTxMI+DF1DUxU0RUECtpSYpoVp2VRqDVa3sqyksxwUKl3ilM+r8398tUQ87FT8aZkm/8/vX1Fvni3UaqrCRDzEwlSC6YkoAa8HTVPQVAWlI1zamJZFo2Wxky2yupVla7fQEWN79qtpfPlomoWpBAAHxSrfv9lg96DUXuLs/GW6pvLVoxnmj51n//ivb8gWKhduz+Fz+PJH9siN5doGh9PvbUQ4D2OIeyBetble2+BFPQmk0NrClY4jXI3W60AXFxeXfvkkBKy//du/ZXl5md/85jc3Pvbu7i6aphGPn/0wtra2Ri6X4+uvv77BmX2KnH0zPwhHt9k2QjbBtpw8Aoe5seCEtXAUGLX5wODRVyMm6d3YdJyBFCEIB7xMJMJ9tTKjNqZl02yZVGoNMtkSHzZ2Se8VsLoUgaO/q4pCIhIkGQsONFOfT3dOgT62zeHzqyIEkWD/63WSvYMSQhFggaqqJCJB4hFHbCiWa+1TsntCHkNnPB5C1zSklHgNnUqtzurWPvYFESkeQ2M8Hu4IUOVq/9FPhq7yZCHFZDLSicBKRAKsbO1RqtT6Emo0TSURDRINOULPoJFrmqaSjAYJBbxn9hPwedrbabAxABDOfrmIB1NJ5lJxvB4daEdg1Zus7eSo1s8XXruGE4KpZJhni5PMTMQI+DwdAU5K2TkSNJwIKQGEAl7CAR+TyQivV3dY3drvRCapikI87GciEQKg0TRRlbOvqx5d49liiuW5MeKhAF6PhhBtWeTY+B5VwSt0gjhi4kQ8xMZOnj9/SHNQrHDqFBVONFgk4GUi7swlHvYDkj/8uHoi0vA0itI+z9ptgavt16HQS8hq/3sgXNvgpdoNqY1rG+xuNphFfXiRV1JoTt5WoSGFght15eLictf5JASsftjd3WV1dZUXL16gacPbLAcHB+i6fq6A5XK36dycdKKxLKRigLjKw8AoCk23y+htkRET0IBGy+wpuAicKBCPruI1NII+D9GQn2Q0yM8ftni/uUerj2gjKaHRbPW95pZlD2UzNVpm35a6lmlxrvJzkS1LCGJhP189nqdab7K9V7jMVC/FeDzM9HisI16BIyQtz42zlt6n1uhfqLkJTMui3mg5+5WLd62mKmiqeizPlGy3P9+e6fcaLE4nMYyj32IhBKlkhPF4iLV0rq/DSiCYHovyF5/NMZmIOAKVANN0bIy5YoVi2yZp6CrRkJ9I0OecI34PHsNZ/qBYIVuo9jHiifXw6DxbmuTz5SlCPg+qqnSEuGK1QTZfxrRsR4wOeomG/Pi9BoaukYgECHgN/F6dP71eZz9fvnA8XVOZT8UpVRp8+8v6pe27o0NbyJKHL50OVfDrFChONh018WrQoUdQvLqWOYymeHW9Dc9fzslzdZikXcUVrlxcXO4LroB1zTx+/Pi2p+Byo9gI2QKrLWIpOsO4mR09qeS2ucWcKLfK+fP+9eMOuR4P2qId1RSPBEhEAvi9Bj6PzmQyjNejoSgKv65lMC8QFizL4vs36z1zA52OcJTsZIt92wfP45eVbQql/gSEbKGCaZ09Zj8PWIqikEqG+YtnD/j992/Jl/qz810GRRE8nJvA144warTMTgTQRDzMTCrOu7XM0McdDGffbu/labXMju3tvD2rayrLs+OMxUIdga5YqfPzh+1zI6gO138iEUIRAtO0EEKgqgp+n8HyzDjbewUaPY/BbsJBL988mWV6LIquqUigWK6zsrXHx3SOYqXWEW4VReA1NFLJCI/nx0klI1i2JFuoUK72n9PsEEUIHs6P8+XDaYJ+D0IIWqZFeq/A+409MtkS9WYLKSVCCHRVIRr2szQzxoOpOD6Pgc9r8GAqQcu0+JefVvvKreb16DxZmKBcb/J6ZbsvYXpkOQzf7OTHOuR6r9+ubfCa23xytsEbEl4PexAqEq2dpP0wQfvovQJ0cXFxGZR7IWCtrKzw448/UigU8Pv9PH36lM8//7zrrXaz2eR//s//ycrKCtFolGQyydzcHEIIvvvuO0zTeVP53XffkUwmWVpaAiCbzbK1tUW9Xsfr9TI3N0c0GgXg+++/Z3x8HMuy2N/fByCRSDA3N9dJhPvq1Ss8Hg8PHz4EnDfQm5ub7O7uYts20Wi0s+xxstks6XSaWq2GYRhMTEyQSqU662RZFhsbG+RyOSzLIhgMMjs7SzA4mNXH5ep0V5exEHYDKU2cBCqXsS+6lQeH3+aa29+IHnbxIBs7eTYyBz2X11SVgM9gLBbi8fwEMxNRVFUhHgnw1eMZipU6m5kD5DnjWLbk3fpej7w8x9sceQZbpt1npMyp6Xaxvp0l3WcklGXbToLwK0ZRaKrKzEScr5884N9efaBSu7yIcR5jsRDTE7HO9f/j1j5jsRDxSACf1+Dh7AQbOwfUe+ZAGq4dul92cyWy+cqFQyuKwoPJOD7vUXL6Zsvkp3dbfNzOYp1TRMDQdRZnkvi9Tk6vXLFCpdZkNhVHUxXmJ+O8+Rhiczd/7hwMTeXR3DjT49GONa5YrvOnnz+ytp2jWm+cSlheFIJ8uUauUOHZwiSVWoOfV7ZpDhDJlIgGeLY4SdDvRQgnMvD9xh4v326SL9ZotsxTR2ehUidXqJDNl3nxbA6/18BjaCxMJ9jOFvllZefixO5CEPR5eL48Ra3e5P3G/lBE5OFyyd/DM4uP9lov1zZ4qXZXanO0vGsb7G5y07ZB55NjCdqFCsLNc+Xi4nI/ufMC1tu3b/n973/P8+fP+au/+it2d3f59ttvaTabvHjxomu5zz77jN/97ndMTEywtbWFqqrMzMzw+eefk81m2djY4IsvvsAwnCS2+/v7fPjwgampKSKRCPv7+51+AgEnp0o6nWZsbIzl5WXK5TKbm5v4fD4mJiZ6zndnZ4d0Os3U1BThcJhisUg6ne6MCbC3t8fKygqTk5PMz89TLpfZ2NjAsixmZmYAWF1dpVQqsbCwgKqqbG1t8ebNG54/f97Vl8t10/tG3HmEtxHSRrFMhKW182NddEPhVh7sxejM/rbEq/5omuY5idlNqvUm+VKVQrmGLeeZmYihKoJEJMhnS5PsHZROtD+9cs1W68Lk75fhIvEKoGlaNC41pjz25+A7yNA1Hs6NU603+OntxtAsfaqisDw7Tridb6pYqfN6Nc1kMcJvvlhEVRQmEmGS0SCbmdxQxhwGTqLxI/HprC2bSoR5tjhFwGcghHNcvvqQ5u1a5kIxKB72szCVRFGc6Ku17RwbmYNOfi6/z2BpZoztU7nbuokEfTx+MNGxIdYbLV7+usH7jb0zj18pJY2mSXqvQKXWxLQsytXGpY8gVQgez4+TCPsRwkkQv7Wb5/s3G2TzlTMFJdOyyZdrvFnL4DE0vnk661Sp9Bo8mhtnYydPsXJxNKAQgljIzzePZ6k1Wmxm8qN0mboCbXFciDNELNc2eMYHg3TSN65tcBgMJl51C1c6UmiucOXi4nLvudOGaNu2+fbbb1leXuYv//IvmZyc5Msvv+Srr77ip59+ol4/SmL64MEDfvvb3zI5OcnMzAwTExNkMhmklHg8nk7eK8Mw0NqJfNfX10kkEszOzhIOh1lYWMDj8bCzs9PpNxqNsrCwQCQSYXp6mkAgQLFY7DlfKWVH8JqdnSUSiTA7O0symexaZmNjoxMhFg6HmZqaYnp6mnQ63YkUKxQKJBIJYrEY4XCY5eVlYrEYrdZo5UwZSW7ovuQoaNuJxhJ2DawW9FE+/pD78dAxSnzaW9SWkkbLIr2X5/s36x1bnqIIZidijMVCF/QwTK4mLl3c7+D9m6bVEVq8XoPPlqZ5OJ9COSdZ92WIBH3MphJoqootJR+39tnNFlnfyXVyMgX8Hh5MJTD0u/WeKez38uLpPKlkBFVRMC2Lj+ksr96nKdfOrzyoCMHy3BgBn/MSplRt8GFzn539YifiSlUUZlOxTmL+XghgZjxKLOxvp1KSpPcKvFvf7UsItWybg1KVUrVBn6nXuoiEfMyMx9DakV/NpsmrD9vnileHSAnVepNf13bZ2XeqCQohmBwLMx4PdkWW96JWd2yJiiJIxoK8eDJ77ra6e4ijP4RgWNXUXNvgNbcZqm3wstf2GxKvBo6+Gmw8iYoUHmzVj636juVedcUrFxeX+82dFrDy+Ty1Wo2FhYWuzxcXF7Ftm0zmKH/ISWtdNBrFNE2azd62kHq9TqvV6kq+LoQgFApRqRyVmfZ6vV3tdF3viEwnaTabmKZJLBbr+vx40vharXZqXHCsiVJKSqVSZ3329vbIZDI0Gg10XWdpaakTGeZyFjcvYDhClkRIC8WuI6w62K0bnMso3swMGn11mwLUbUZfDXcgy5ak9/Ksb+c6Cbm9hs7sROyClg7igv8uRnb6GdqqSXn03xXJl6usb2cxLQsBBP1evlieZnFm7Mp9K4pgJhXviArVWoOVrT0aTZNsoczOfgHblqiKwuLMGJF2dcG7gN9r8M3TuY7dT0rJ9l6R716vky9VkRfsm1jYz/xkAiEEti3ZyBywny879rv13Y6oGAl6eTCVQD1DzFGEYHo82qkM2WiafNzOUqk3+49zuMKhFI8ECAeP7g12skW29wt9W/mkhHy5xkbmANN0cn0ZmsZkMoLarqB41oq8Xd+lVHGEQk1VmBqL8OLJLCG/Z7CVGUmOXW26hKwBxCwJ4krXjFsUr07pODdlGzy6fl+4tfvSmkZJjBrQNiiP7vWuZ31k+38gUbCFB1v1ucKVi4vLJ8nderV7glrNCaX3+/1dn/t8zg1/o3H2295D0ajVauHxnL6xO4xkevfu3anvdF0/d15n3aQfimXntT8c96QN8LDNoTi2vLxMOp0mnU7z8eNH/H4/09PTbrXDEUa0bz+EbCFsCyk1pDCO2Qrdm4+TjM4WuX+RWy3TZm0nx9PFSVRVQVFEJ3H2WQ/aQhHMjMeoN4+L9KeXNS2b/Xy5zypol8mHc0b7K9t/uqnWm3z7ehWvR2dqLIaiCGKRAF89nqNUqbObKw4sbvi9Hh4/SKFrKrYt2c2V2M0WkFLSbFl82MgwMxEj6PMQCfpYnB4jmy/3rC45Snh0jScPJng0P47H0JDSSaj/8u0G+wflC8UbRQgezo0TCTq/3/Vmi/frux3LYiZXZCuTZ2EmiaY6eaHeb+xx0CO5v6oqxI5FHdUaLbb3CxcKaMNAAJGAF49x9Du/tZun3rhcHi3LstnJFqk1WoTakVzxsB9VEZzX03rmgINSld9+/gCfR8fQNRanE5RrDb77ZeMOVyY8i2MRWfL4X/oQEuQdjrz6JG2DIyheXYk+BW3A2eJKxyboWgVdXFw+Ze60gHUY/XTcKghQrTo3tL2EqUMOhaDj0U/HUVXnhnFxcfGUQNYr6Xo/HIpSZ0VoHZ/PSSvgofh1+L2qqszOzjI7O0utViOdTvPu3TuePXtGKHSTNiCXy+DcWkuQFkLaCGFhS92pVnjiZmS0H1dvg6tukbu6Ra9v3tl8uZNQWwiB32vg9ehnVjvTVYW//nLxQjGlVKvzhx/es3tQPn8Cfa7aVDKC0X6IP6sjKSX7ByXK1fNtav1g25K9gxLfvV7D+7VBMhrs5KX65uk8f/zpA7lif1URTzIzHiMZdSKCW6bFh83dI0FQStZ3cuxmiwSmk04y9Kkkbz7u9F2F8do4R2dUBCzNjvHlo1l8Hg8CKNfqfP9mnY1MDqsP23Q44GUuFUdr//Zu7OTYyx8dP9V6i/ebe0yNR/EYGslokKmxCMVy7VQurIDPg0c/Ol6aLZODAffXZVFVQdDvQT1mN96Qb8MAACAASURBVN3LV5zCApekWKnTaJkc/qJHQr4LbayNpsnOfoFQwMsXS5MYuobXo/P0wQSVWpOfP2xjnpNE/07Ticg7rF54eFz0Xt87K17dlTb3PfLqWLPrsg1KcBKyoznilaLhvvB0cXH51LnTAlYsFsPr9fLx48dOcnNwEpwritKVSL1c7n6QyufzaJrWEblO5pXw+XyoqkqtVmNs7Mg20mw2O+LWZTEMA13XOTg46FQyhG6xyu/3o2kauVyua5lcLtexMNbrdVZWVpibmyMYDOLz+VhYWGB/f59qteoKWCPOcYlKShMFG2mZ7STvzls1eWLJq440Wtzkm+JrFK2urevDjgXDH+R439BoWV2RRIoiOhXbeiGEIBryn/n9IaqqdPL/nDUH0XPVeq/v80cztMyzHrqdNi3T4o8/rVCu7l44v36wbcnW7gE/vFnjt58vEg760FSVB1NJ6o0Wf/zzyplC31kYusbD+YnONj4oVljfznVFBjWbJu/WM8xNJtBUZ3svTCV5+ev6id6uGrk2PGZTcZ4vTxMOOBX36o0Wrz6kWdnco9myLmyvCoXp8RiJSBAhHBFmZWu/K1+VLSWbmQMOihVSyQi6rvFwboyVrf1TyfUNTe36TZdSdiWf74/Btq+iKGha90su07QGitiz7e6aoIamIvqYU6Xe4tX7ND6PzuO5cVRVIej38MXyFJV6g9Wt7OUnc+cQbUFLgjzcH+1jwI28Gnj526k2OILi1cDC1fnLH//GibRy7gslihtx5eLi4tLm1gQsIQRSygsTkp6Hoii8ePGCP/zhD3i9XmZmZtjd3eXly5c8f/68Kz/Vx48f+dd//VeSySSbm5tkMhlmZmY64x9GR+3t7REOhwkEAszMzLC2tuY8tEWjtFot1tbWSCQSzM3NDbTOk5OTrK+vo2ka4XCYQqFANpvtjC+EYHZ2ltXVVXRdJxqNUiqV2NraYmpqCk3TUFUV0zRZWVlhdnYWTdPY39/vCFwuo8NFlhUnB5ANSAQW0lLb+Qy09pf37Wal/xu9q6/50JIrXV/XN9dxz751TeH4JVhKMK2zBQcpJcVK/cLjulRpYJ4pOF1+3wb93guXabZMPMZwf9JapsXKxi5+r8FXj+cI+DyOJWt2nEqtwcs3J0Wl85kZjzEeD3V+/95v7FKtn44Y294rsLNfYGYihmFoLM6M8WFzl1Kl3qPX20MB4tEAXz+eIxl1Eoxbls37jV1+/pCm0ezPrubz6izNjGHoGhLYy5XY2S+2bYdHR0up2mBla59ENIiuqaQSEabHo7zf2Ovqr2WdFIwEqhDnVi0cFlLKTl65Q1R1sKuZEN3nimlZfcdtFMo1Xv66ic+jMz8ZRxGCWNjHV49mqNVa5EqVi7u5Vm5KgG0LWVICKofWwkNp8PIz+NTEqyNc2+AwuEi8UpBCPRKuhJtiwsXFxeUktypg2bYc+MbukCdPnqAoCj/99BN//vOfCQaD/OY3v+Gzzz7rWu758+cUi0V+//vf8/TpU1KpFFNTU53vw+Ew8Xiczc1NkskkCwsLpFIpVFVle3ub7e1tdF0nmUwyPT098HxTqRSWZZHJZNjZ2SEajZJKpcjljkqlj4+PI4QgnU6zvb2Nx+Nhbm6OVCoFONvuyZMnrK+vs7Kygm3b+Hw+Hj16dMru6HITnH0jLuXp6L4z+5DSSfZu20jUdq4DdcC3bu7NjsvFxMIBFOFEJ0jpRM7U62eLDi3T4v/706/UG+dHHlmWTaGn2CK7/uiXYrlG6xxhDborBw6TetPkl5U0AZ+HL5ZnUFWFgNfg2dIU5WqDlnlxhBGAYWgszY7h9zpRv6Zlg4AHk8lTm0NTFSrtin2KECRjIVKJCOVaAzlCubBCAafi4PR4FE1TsWybj9tZXr7doFxt9LWbBTAeDzE9EUUIJ+qoZVmMxUMkogFOXsssW2LZEh3wGBrLs2OsbWe7IvQqte79YugqkZBvYNvnZTAtm0qt2fWCLh4OsJnJY11y3wW8nq6IyEK5jt2n/c+Wkv18hR9+3STo95CMBFAVhVQizDdPZ/nul8uJr3eek/ZCHFFLIi8RjeXaBq+++D0Qr4ZsG3QkVRWEhlS0tk3QjbZycXFxOYtbE7CU9hvoYfDo0SMePXp05vf/7b/9t87fK5UKL168OLWMEIKHDx+e+nxsbKzLQnicb7755tRnjx8/7vr3559/fmqcmZmZLssjwPz8fN/jghMxtry8fOb3LhdwQy9/JZJ+9KtuW6GNwHYSvXeELJ2+OhppBo2+utm3zBf2c2PRV8Mc6HRfihDMp2Idu5MtbfYOyufmK5IS9g9KVC5pnTs+h7OP4rPX99X7TbL58/Np2VIeLTO089vpqFJr8ur9FgGvwfLcBEIIwgEfXz2ZY2v3oK+hEpEgU+OxTg4jVVV4vjzTzkHW3YMQjt3wEK+hsTw3ztbuwaVti9eFoas8fzjD4swYuqa2c5CV+eHNOrlCte+jV9NUlmfH8bTXV1EEk8nImVZVRRGdfGhCCFKJCFNjUda2j14CmaZNvlQlFnb68Hl0JpORGxGwpGznrmqaeD1OIveZiRivV3aw7P4FVkUIxuMhfJ6jZPD5UvVSyfxtabO9X+D7Nxv89RcLhANeNFVhdiKKaVn4PMbFndxHxGFEy2E0Fp1I6M4ipxp9apFXrm3wrCZXtQ0e37JHCdnVK7ywdHFxcfm0uL0ILEW0k5oOlk/KxeVOIGVfOUuOc7i0I2TJtpDV6lSfQQxWROCuMDq3bjcZ6XKzIp0iIJUMMTeZ6CSbbrUs1nduKzeOPOPvDplsgfTuwYlPTx8pF1W6uwoHxQovf90g6PcykYygCEEiEsRr6BdGWWqqysJUgtAxK6QiBOF2xb2LEEIwOxEnEQ1S3cld3OCa0VSFzxaneDQ/0RGeCuUaP/y6zk62eKn9MBEPMzUW6frM69E74s9FBP0eFqeSpHfztNrWPVtK0nsFHkwlEELgMXTmUrGe+bKug1yhQqna6KxDKhEilQx3iWwXEQp4mJ+MobcLt5iWTXq/eMqeeBEt02JlM0vQ6+Gbp7OdyoTzk/GBK2neGw6FLClBtO2FbSGrWwP/1MSrI1zb4DCQx/5ftPOctiOthOraBF1cXFwuya0JWKqiuDdPLvceiSPWDsJRxULZIyLrPCHrPt0EuReJYSMQjMVCfPNknngk0BFftvbyZHKl65/AmbtUtr87vYBt90rCfbPHuW1LMtkC377+yF89XyIZDaEoTsW5iwSsaMjH0qyTTNu2JblihWK5duGYQjjRSI6gY/BwboL0Xv7SIsbQkKCogtlUjM+Wpgj6HTtktd7kx7ebrG7tXypZuq6qPJof7+Q4q9Qb7OWOKmM6nN62AggHvSQiASeiKBUjGvJ3qhZKYCNzQKFcJ9qu3DczEWNpZoxfPu5cuP2EcPKutVrWUYXIS3BQqrG1myce9qOqCj6PwRdLU+RLNQp97HddU3k0N8HUWKQTeLubK5LJlgYSaRstk18+ZvB6dL5YblcmNHT3HuyQ4/bCTr4s2XYJyGu60oyoBXCQNq5t8NyGEtoilda2CbajrVzRysXFxWUgbk3A0lSVRrOFx+jvLauLy13Esiw0bfDT7PitzSlroXDKKncLWaN6M3STb42v8alsxB/4zr4dFggBfq/BXCrO8uw4M6komuocO/lSldcr29T7jE65zFHW9e655/Y7IVy1HxpHEcuWbOzk8Hl0/ur5EkG/t68cdwvTY4SDjp2t2TJ5+WadrcOIsnOaKwj++qtllmbGHPv5RIxkJEgmVzx3vIundPgYJi+xqZ2YlOnxGC+ePiAWdsRP07T4+X2ad+u7NFvWmcdfd0/OoLGwn+mxo+NwLZ3jh1/XTxQA6N3j7ESUv/5yCZ9HJxLyMZuKc1CsYLYtdgfFCu83dvn68SyqquD3Gnz5aAbTsni/sXem0KYIQTIa5KvHMxQrDX56u0n1klFbpmXz61qG+ck4sbC/LaBFedHOPVWq1DnLCejRNZ4sTPDZUqpjI603TN6t71GqDp7Ev1xr8OpDmqDfw9JMAk1V774r/Vo4Vr0QcI5W2b4u2ceXugKjGnk1bNvgqIlRN2MbPG0RVE9UErzfUfQuLi4u182tCVi6rlGu1q5cidDFZVSRUjqFCpTL3qz0TuDTbS2021ULzbaQdTwia9TOp0FzX13vWJfu58ZyXw3edG4yTsDnObWYEBAN+ohFAsTCfkJ+bztvEZSqdX58u8lm5uDC6A5VETyan+g7WXq13mR9J4dl94piOBlxNZqi1UlapsXq5h5+r4cXzx5cWPkwHPCyMJ3sWDXzpSof03tUav3lsvqwscv8ZAJdUwn6vTx6kGK/UD4zisijazxdnOr53UlKlfqlIrpiYT9fPZohlQh3cnnVmy1sJPNTCc4O6ene++s7OWqNFnOTcSJtG2WjafIxnSWbr5w4DntfFWxp82QhhXcsiqooPH4wwerWPgclJ89Vs2Xx5mOGqfEIk4kIQgjiET9/8WyeRCTI6tY+hUods53sXQiB16MzNRbh0dw4k2MRmk0TIeD7X9ZptPpL1n/Ifr7M65VtXjydw+vR8Rg6D2fH8HsN3m3skdkvUm+1kLZzfmqqSjTkY3kmyYPpBOGAs11My2Z9J8f/z96dNrWRpmnfPzJT+4LYbRYbY2PjrRZXd/UyHX0/98RETDxv5jv11+ro6Kjprno6pntcdlV5wQs2i9l3CbRLmc+LREISAgkMSKD/L4IyaMm88pJQSQfndeaHhc3Prrzb2cvo+dtPCvm9GrnWLZP3XsconQKytMRQksxykHWxZzG8jMsG2y2MOt//v1SHVqZbaWXsn0WQJYIAcKZaFmBJboiVLxTk81KFhavHtu1ThFeNlf82XOqRpYKconvaZce09nt5tMtf+C5HKOEqjfXyvsm8f+v6kZUlPo8lj8eSZRoyDENF29Z2PKUXHxb1bna1qVDKskx98+Cm2yamiWlaWt9xAxLbrngqVAZXl+n5cSCVzWtqZknRcED3x4eqzhRXyTCkm0N95WolSfq4uK50pvmKnuWNuDZ39nS9PyaPx9KN672KTQe1lUjWvX3Q79VvH99uatsfF9e1ttV8X6UH40MaudYjyzp4fQn4fXp4e+hEy9H2UhnFkxndGemXZ3/uNuN7Wt1qvn/WXjKrhdUdDfZE5fFY6usKaWyotxxgOXKrsH58/Um/eWRqoDcqyzTVGwsrHPRrfLhPm/FkuarJMk31dYfVHQkpFPTJY5nyWpaG+rsUCfqVzZ+sAXy+YOvN7Kp8Xo8eTwwr6PcqEPDp1lCvBnoiSuxltLGTVNEu7p8UIKCerpAiIb/8Xo9b3VYsamF1R8/fLnxW9VWJ4zha397T06l5hYI+9cXCn73NzxyRLsXrbdUSQ6kcZDmlIKvZZYZN/pI4R/7QpFYvG2y3MOr8lg2WYky3AbtV8S+hFQCcl9YGWB6P8vkiARZa45zfOxeKdtUHvbNU1VzWkaTCfkXWwZuo6jMXtvebqLM549PnhCHOEd+fwaab3u/nCwWOPqtY6ayvtu1oL53R7NKmZpc2tbIRVzrX5NJBw6hqRN7Izq5Phoz9pYOlZTgXFFqd2W7qv1AkU1n99HZeoYBPt/eX+NUKBfwaH+kvV2ntJjOaX948UR+jZDqrjwvrGujtkmUa6o6GNDrUq3gyUzd4Mk1TXZHmHqOg33uik0x0d4XKTdtLPJZ5oueE5PZ4Gh3s0UBPVJJUKLhBzV4q2/Q2io6jDwvruj9+XV0eS5Zl6vZov6Y/rWsv7W6naDuaX9mS4zi6f+uaxob75PNYCvq95aWHpeWKhiF5vVb5jw6FYlErGwm9nF7Sbrr5cVXaS2f1y/tFZXJ5Pbo9pO6ukDweS7FIUNFQQAM9Ebe4x3DnsRTmOY6jdCavd/OrejO7qrWtvc88a/PBc7hoO1pcT+j52wX99vHYiR+7zlTnd8Rwm3GX+2XJDbRqX3hO1AieZYNtcPuDu9QGV7WPbHl5YCmwIrQCgAvR0gDL7/MqncmyjBAX7Pz/6usuH7QvrMeb4e5UUkFy3L/ou2cu9FQ0fL/oN1aXs7rm4nze/NiOo2Q6p814/Uqcqj05jlLprHZTWW3vprSxvaed3ZT20tljm24XHVs7e6lTn/gysZeW49h1P9gdN9a9VEab+w25JXfZ3mnYRVvx3XR5z8lUtm4QkMsXtBVPlgOE3WTjahdH0k4iqWdv5uSxTEXCgUP3jYQC8nk85WqphdXtppq3VyoUi/q0uqWb630KBrySI/V2heXzWEoXbRWKRe3splS0Tz5He6lMOUwrFG3t7KaUK7iVeIm9w3OQTGe1Gd87dHlzDl57bNtRXyys+P5cpbM5zS1v1jRvLzn69XorkdTs0oZGBnv29+AuE9yrCJzyhaI+rWwpvpfW6vauxq73qicaktfrkccy3TndH1O+WFQmm1cy7Y5ndmlL6zt7ylUsHyzajuJ76fJzJZ8vHBlIOo4bYk3NrGgrkdLYUK9GB7sVCvjk9Vjy+zzl9z6FgrvvbL6otc2EZpY3tbQe124yo+IRDbNK2698DWjmd6VQLOrDwoaCfndZY+kPLYXi6X7POo9R821pmaGpcmVpeanhoXs0iWWDF3/747ZQOnug6bZsUCm0Kr2v4jMMAFwU409/+lNLP2VmczkVi7ZCwYv5K2AymdR//Md/XMi+cLYcxyl/+Cx9X/qybVtvZhb0/b9eNLk1o+qfz1e9oVy+INM05LHqLy066fZOovoNl7HfONTtk3XQRPQi3mydtvfVaV+SzqoC64w3fU4bNQwpEvQr6D+q6qp6+4WirWKxqFy+qFyhKMd2Kj5e1WcZhmKRYPnD+tFqt+NWBubyee3upU9UcWQahiLhgAIV4e/ObrIqRHA1fg5blqFYJCSPx/2AXiw62k7U9liSfF6PYpHgfvAr5XL5mrPFHb0vyzTUVTFH2VyhHFL5vB51hYPlADCTzWvviBDtOB6Ppa5w8CBoKBQV30u7PfYsU7FI8FTVntlsQbupjBzHkbXfg6nU26pYtLVVE452RUINe341I5HMKOj3lpdeFm1biWTmmPDl6Nbw0Yrniu3YSqZydSsKTcOQ3+tROORX334vuEjQr+B+1WK+UFBiL6PdVEYbO3tKJDPKZPOqzXfdxzsg7/5ru+042oonj2zKXhqnZZkK+L2KRQIa6IkqFg4oEvLL3K/4Sqaz2k1mtZVIajOeVCqTU75QPHZpplsR6VfAf/C7sr2bVr5QbzlwnQpBv1ehoF+lE+VuJdItCLEuwwf/ZsZY/zVQst0/0u43gDeOes397Oqrzwu8Pr/6qt3CqM9bNijpYBlg1dJAQwctGi7DcxeQrvVG9P/+flIhnynTNGUYRtWXpKrvcbn89a9/VTjc6pYAF6ulFViS5Pf5FN9NqnhO/YKAi2bbbqDm8x69nOs8VS8vdP8KLBVlFPNy5L4Js03Pfq+s8/qf1WnCq3MMoJq9b70/l7dpIZnbgN2tqqpzbd37nPTRLjqOthJH9P4x9vdT3lX1EsHTPrNsx1FiL62ETlapVE/Rdo7sFVUply9ofXv31PvYPmKOcvmCNnZOt91KhUJRW3Urn4y6QdNpFIvFqqq3ehJ7KR30ATpwml+RTJPLVo/jyA3DEk1UzNmOo3Qur0zeDSe9q5Y8lll+32E7jgrFogoFW/lCsSLkrD5Y9/E+2XPTkRsg76WySqVz2txJymNZ8njM8tYLRXf/+ULx2KrIqu06jhKpjBKn7I+VyuZPfIZFHKX2Fc+Qu3ba2i/QOlhqaOx/Xwq1Lr7nFcsG6yv1sjL3q6us/e5mxgX+4Q8A0EjLAyxJCgZ8ymSyCoeCrR4K8NnyhcKRTZ2bd3bLHEvLCx0V998wF2QW8xW9sjxn/ObsohOfM9pfvc1ckt5X57bt4zZV/oBfGVxVNjPmzf75O//l0FeN47jL7Jpflnq2c2w7jjK5gqTmzuSJy6zOUkO5MZb7X0vua+bBa+hxDcPrY9ng6W7vngLHfe9jHgRX5cCKpYEA0K7aIsDyeb3K5QvK5fM0dMelViwW95eLfG6AdfZKb8Pc5QzFil5ZpSWG1n6F1sX9pfFsqq8+R5uWV53Y6TutnHg/Tml/p/3ABQCdpn6YJUnOwamF9yu09nsGOqVq1oPK1moXUK11BZYNlkMpmftLAPff5xilnyuDKgIrAGh3bRFgSVIkFFR8NynLtM7tzG3A+XHcJsCFogJH9iRqD1VvzxxHMoqSY8solsKsUmWWtb/M8CQu+dLBs9p0o/2d23aP3seJ35bXNt+pqLJyt9fq0IrqIwCXUb2zGpb+4+z3XnKqQy3poCWA45zi9feqLxss2X8fU+5dtd+zyjCorgKAK6JtAizJbRAbT+ypOxZt9VCAE8vm8m0fXtVzsKhhvyeHU5QcQ8ahMIs3fafX6rDnBKqWBu7/q4PLePRRq1xAgjZG4Ht6Fzl3FZVA5V06Fb9fjmSUfnbcPz5JFUsQK16/j9n652lVeFX5Z6+D9yMHzdZL/5ZmoXTZ4fsDAC6vtgqwDMNQNBrWbjKlaDjU6uHgSjvbN6TZXE4Bv+9Sn8Hj4ENo6U2wG2YZjvuXS7dXVunU0aVlhpeg23kjl3TYJ9HcX9z3g6qK0Kr1VVaARPhyDKamA1SeNbnm/7mGtf+SXfq/d+l1vOL1u6K/lnMo4Kpz0o2WLRusCJ7Kx2xUhVXlP6SV+lVVzQnLAAGgE7RVgCVJlmkqFAxoJ76raCTMckK0Ndu2y5VXlzm8OtrBG1/DseU4hozym8eDCq3qv3I29vnLBz83WHGq/jnzzZ/fxk687UPPyqqzqx182GmfpYEAgMYq+2rVBlsV/3eoCrcObmNUXF+u6Nq/b91lirXLypsaYu17g4NwyikHUpXHchBKHVRRGTX3r/wXANBp2i7AktwQK9YVUWIvpWDAR2N3tKXi/inPr1J4dfxSoMq/6BbdWzvmQaBl7J/JR6WeE6UtnjUCFtcJ5qFcVbX/ryNJdrk5MEUcaB7PFqC91fx+HvH+pPx/EOPQJRWhVp3rPkvl0sh6wdRRPwMA4GrLAEtylxPGomElU2nl8gUFA35ZJtVYaD23WXtBhnQpe16dFTf82D8VvWOUlxoeNE8tVWlVl/63zZkHr3oOdmQvq8qlI+6jwUeFy4xACWhn7dsj7pjXjQv7oxyvXQCAk2nbAKskHAoql89rL5mW12MpEPDLvCLVLrhcHMc9y6Bt2/J6LFlW7Rn6LukHyTMZ9sFSQ/fHYnWgVWq0Wu6fZV7gG+TacV6F/Tl1Nl3RaN2pDaoOblM76+c3I5f09wHABeJ1on3wOAAA2l/bB1iS5PN65fN6lc3lldhNyuux5PV65PV4rszSLbRIg/fOjuPItm0Vi7aKti2v1yOft3OrrppXE2iVGnI4pebvquijdXCa64ObH9Xnoj3/jl3fGY/VqQ2kGjVcP+Fp0y+li/rwy4dsXAU8jwEAwOV2KQKsEr/PK7/Pq1wur3y+oFQqI8tjyed1gyzDMGQapkzTINjCiTiOI8fZ7wa03/uhWCzKth1ZpinLMuXz0Yvt9Ephll1xUdFdUOhUN3StXnZYWjZ8cEai0+7/uB/P3mfs4FBQtf/9flhV6lt13H549dvH5/UrhAfzSEzNBWCSAQBoB5cqwCrx+bzlMCFfKKhQKMq2i7IdR7bt7IcR9T/YpVIppTPZixwuzkjl41r6vvRl27bSmewpHlujIhsxZBhulybTNOTxeK5g37V2exNeefY77Z8AyQ21qk7uXQq0JHcpYvm6EzSLL92k1UVcVQ3VS9/XBlQ6fMYno/rndnoU0WHa7WUEAAAAHeFSBliVvB53KWGzfB5TwYD/HEeE89IowAoG/Kd4bA0+iNVofcPZ2uWHKldpla+uPZV2xZLDI0/NXW9bOnx147Ed/ePhK2sbxtcGdsdXUp14eCfmyKiz+BAAAAAA2s2lD7AAdILafk6VkYtR9aNR83PlvQ7uaVRd5dQLtZoc1+F7ft5ZDslTcXKURAEAAODqI8AC2tZV/FB6EcdULzk6pqH5qcOr+prb2in2eSmfDpdy0EANnsfni/kFAADNIcACzhRvxC+felVUJTyWAAAAANAOrlqHauDkaAAEXGINfoHP7PebFwoAAACglQiwgI7DB/HW4zHA1UKtYovxknIBrtokX7XjAQB0AgIsAJccb8I/D/OHU+BpAwAAgAtGgAUAHY7qGZwM6RUAAAAuHgEW0NYu6IMin0dxbnhy4SrgeYzT448EAACcDQIsADhSm31obbPhAMDZ4MUNAAA0RoAFSLx3BgAAAACgjRFgocORXAFX3pn9mvN6cZzzXybF/H8+5hCVeD4AAC4XAiygI/GmtfV4DAAAAACgWQRYAK4AwiDgwvFrBwAAgAtEgAW0vYv/lMgZk4DL5qJfJzoxverEY8ZZ4f+rAAB8PgIsAK4L+2zGh0AAAAAAwMkQYAFnjoAGAAAAAICzRIAFALjkCI3bBcukWqjpXwN+X06PuQMAoJUIsADekALAJcHrNXC2+J0CAFweBFgArojL+Cb8Mo4ZAAAAAC4eARaAulgK1EkcHu8rgTMRAu2M11kAAD4PARaAA3weBQAAAAC0IQIsAC1AUnZql3LqLuWgAVwoXicAAMDxCLCAkjN978wb8auDx/JyaPA4ndnDyPMBVwHPYwAAcPkQYAGSeDMPAJcFr9dHYmouAJMMAECrEGABHYs34QAAAACAy4EAC8CROGNSJ+FMhDgFcnAAAABcEAIsAACuDBIlAAAAXE0EWMClwIdSXHY8h3EV8DwGAABoFU+rBwCcleGBPv3hV4/qXHP2C6PO7iMMi7bqOjQtrZ6nVu//orjHeern96Wcpks56DbC/J3MBczXpX5ILvXgLzHmHbiqQgGvgn6v5BRbPRTgTBBg4cro7elSVzTc6mHgXPDmGgCuu6aDVAAAIABJREFUPl7rLwxTDXQEw5B8HkvZLAEWrgYCLFwZHsuSx7JaPQwAAAAAAHDG6IEFAAAAAACAtkaABQAAAAAAgLZGgAUAAAAAAIC2RoAFAAAAAACAtkaABQAAAAAAgLZGgAUAAAAAAIC2RoAFAAAAAACAtkaABQAAAAAAgLZGgAUAAAAAAIC2RoAFAAAAAACAtkaABQAAAAAAgLZGgAUAAAAAAIC2RoAFAAAAAACAtkaABQAAAAAAgLZGgAUAAAAAAIC2RoAFAAAAAACAtuZp9QCakc/nlcvlZNu2bNuW4zin3lYqlVI6nT7D0eGiOI5TfuxL35e+Pvd5gYtjGEb5y7IsWZbV6iEBAAAAANpc2wZYtm0rm82qUCjI4/HI6/WeyXYdx5HP5zuTbeFiNQqweFwvH9u2VSgUZJqmPB6PDMNo9ZAAAAAAAG2o7QIsx3GUzWaVy+Xk9/vl9/tbPSQA58Q0TZmmWf6993g8siyLIAsAAAAAUKWtemA5jqNkMinHcRQMBvkQC3QIwzDk9XrlOI5yuRzLQQEAAAAAVdomwCoWi9rd3ZXX65VlWXyABTqQaZqyLEvZbFa2bbd6OAAAAACANtEWAZZt20omkwoEAlRdAR2uVI1FJRYAAAAAoKTlAVZp2SC9rgBU8ng8hFgAAAAAAEltEGBls1maNgM4xDAMGYahYrHY6qEAAAAAAFqspQGWbdvKZrPyer2tHAaANmVZlgqFAlVYAAAAANDhWhpgZTIZBQIBPpwCOJLH41E+n2/1MAAAAAAALdSyAMtxHOVyOZlmy1cxAmhjpWWEBN0AAAAA0Llalh7l83l5vV4+lAJoyLIs2bbd6mEAAAAAAFqkZQFWoVCQx+Np1e4BXCKmadLMHQAAAAA6WMsCrGKxyJkHATTFMAyqNQEAAACgg7UswGI5EICTIMACAAAAgM7V0ibuANAsXjMAAAAAoHNxCkAAAAAAAAC0NQIsAAAAAAAAtDUCLAAAAAAAALQ1AiwAAAAAAAC0NQIsAAAAAAAAtDUCLAAAAAAAALQ1AiwAAAAAAAC0NQIsAAAAAAAAtDUCLAAAAAAAALQ1T6sHgM5iGEZTPzuOU3V5o58BAAAAAMDVRYCFc2cYRvnrJPep/dlxnHJwZRiGbNuWbduEWQAAAAAAXHEEWDgXpwmtTrMP0zTL+yiFXAAAAAAA4GohwMKZuYjQ6rh9m6bb0q1UqUWYBQAAAADA1UCAhc9WWQXVDipDNMdxZNt2i0cEAAAAAAA+BwEWTqWV1VYnYRiGLMuiKgsAAAAAgEvMbPUAcPnU9p66DC7jmAEAAAAAgIsKLDTtslRdHcc0TaqxAAAAAAC4ZKjAQlOuUgXTVToWAAAAAAA6AQEWGjJNs3yGv6vkqh4XAAAAAABXDUsIcayrXqlUqsbiTIVAtZcvX2p9fb3udbdv39bY2NgFj+h8LS4uyuv1anBwsHzZysqK5ubmlE6n5fV6de3aNU1MTJz7WN6/f6/19XX927/927nv6yLUHk+9uQYAAAAaofwEdXXSMrtOOlagWfF4XIlEQqOjo4e+otFoU9tYWlrSd999p0KhcM6jPZl641pYWNDS0lL5593dXT1//ly5XE79/f2KRqPK5/MXMr69vT1tbm5eyL4uQu3x1M51uz5PAAAA0F6owMIhpUCnk5Sa09u2TXN3YJ/P59OtW7cOXd7s60Mmk9Ha2lrbVTjWG9fk5GTVcW1tbSmRSOi3v/2tQqEQJ344Q7Vz3a7PEwAAALQXAixU6cTwqlJpOSEfVAGX1+s98rpCoaAPHz5ofX1dtm0rGo3qzp076urq0vfff6/d3V1J0vfff6+hoSE9fPhQkrS6uqrZ2Vml02kFg0FNTEyor6/vyP0sLCxoYWFBmUxGoVBIY2NjunbtWvn647b3ww8/aHBwUKlUSjs7O7Isq+64pqenFQgE9PjxYz1//lzLy8uSpOfPn6u7u1u/+tWv9D//8z/q7u7W/fv3mx7b/Py8FhcXlc1mFQ6HNT4+rv7+/vL1juPo48ePWlpakm3b6uvrq1vptbq6qrm5OaVSKfn9fo2MjOjmzZtHP3BN7LvR+Gvn7ttvv1U4HD52vps5nsq5Pu550sz4KzmOow8fPmh5eVm2bau3t1d+v18bGxvl5Yt///vfNTo6qtu3b5fv99NPP0mSvv7666r5PuoYnz9/rkAgoAcPHhw7/wAAADhbnZtU4JBOD69KWE4INOfNmzeanZ1Vf3+/hoaGtLOzo6dPnyqbzWp8fLzc46jy+5WVFT179kyWZWl4eFjFYlFPnz4thxi15ufn9csvv8jn82l0dFSmaerZs2fa2NhoansbGxt6+/atksmkurq6NDo6Wndc29vbisfjkqTh4eFyUHLnzh2Njo5KcquyKsfZaGwzMzN69eqVIpGIRkdHlclk9OOPP2pvb6+8jU+fPun169fy+Xy6fv268vl8OTwrWV5e1rNnz2QYhoaHh+X3+/Xy5Ut9/PjxyMemmX03Gn/t3Jmm2XC+mzmeyrk+6nnSzPhrzc3NaWpqSoFAQCMjI3IcR2/fvq1avrixsaFkMll1v3g8Xh6P1Pg5VarYBQAAwMWiAguSCK9qUYkFSMlkUt99913VZd3d3Xry5IkkNzDo7+/X+Pi4DMNQLBbT1NSU0um0hoaGlMlkJLmBkM/nkyS9evVKgUBA9+/fL4ccf/vb3zQ7O6svvviial+2bev169fq7u7W5OSkfD6fhoaGFI/H9fHjR/X39ze1vXA4rMePH8vr9crn86lYLB4aV6WBgQHt7OxIkkZGRmRZ1qHbNDO2+fl59fb2amJiQh6PR319ffrLX/6itbU1RSIROY6jN2/eKBaL6dGjR/L5fMrlcorH4+WwxHEcvXr1SsFgUA8ePJDP51M+n1ehUNDr169148aNulVyjfbdzPhr587v9x87348fP254PLWOep40Gn+t0lx2d3fr4cOH5X1vb28rkUjU3fdRGj2n7t69y/8vAQAAWoAAC5LEX5PrMAyDAAsdzev1lquPSoLBYNX3W1tbWl9fV39/v/r7+/XkyROFQiFZllX+kG+apkzTVDKZ1NbWlp48eVIOIXw+n3p7e7W6unoowNrb21MikdDDhw8VDofLY/rmm29k23bT24vFYorFYuXt1o6rVuXlR92m0dgk6csvv5TX6y3PWXd3t7xeb7kCKJPJKB6P6+7du1Xjj0aj5cAnmUxqe3tbv/rVr6puMz4+rpmZGW1tbVUtWSxptO9mxl87d43me2JiouHx1Kr3PGlm/LXS6bQSiYQmJyerjiccDp8owGrmOVXaPgAAAC4WARZYMneEUlUajYXRqeo1ca98rfj666/1/v17vXnzRo7jKBaLaXx8XF1dXXW3l06nZdu23r9/r0+fPpUvTyQSdUOiTCYjx3EOVdx0d3dLkjY3N5vaXr0Kqs/VaGySFIlENDMzo83NTWWzWTmOo0KhUH5NKc1H7TYqx55KpWTb9qE5LZ0JMp1O1x1fo303M36peu4aPX7NHE+zGo2/1lHHc9L/t530OQoAAICLQ4DV4ejlcbzS/FCJhU51XBP3np4ePXr0SJlMRnt7e1pcXNTTp0/1+9///lAQIh2ECcPDw+UApqReyFQKDEpL/mq3c9LtnaVGY5PcZt+pVEpjY2Py+/0yTVP/+Mc/ytd7PJ6626hUOo7a2xQKharrazXadzPjr9Vovps5nmY1Gn+ts9p3K59TAAAAOB4BVgej71Vz6IcFHJZKpTQ1NaWJiQn19/eru7tb3d3d+vOf/6zt7e26AVYkEpFlWbIsq+oMetlstm44EI1GZVmWNjY2NDAwUL58enpa+Xxet2/fPtH2zlKjsU1MTOjTp0969OiRRkdHZVnWodeQUCgkr9er9fV1Xb9+vXx5Lper2o/X69Xq6mrVUsGVlRUZhqGenp5DY8vn8w333Wj89c6w1+jx83g8DY+nGc2Mv9ZRc1kbaPl8PmWz2arLcrlcuffWSZ+jAAAAuDgEWB2MyqvmUYWFTmTbdrmZeaVAICCfz6f19XWl02ndv39fXq+3HKqUlnEFAgFJ7ln0+vr6FA6HdefOHc3MzCgYDKqvr0+5XE7v3r3TtWvXdPfu3ar9lJYwTk9PKxQKKRaLaWdnR1NTU+WG5ifZXuX4K8dVryl4I43GVurntLa2pt7eXtm2rYWFhaplcB6Pp9zLKhQKqaenR1tbW1peXi6HJZXHGA6H1dfXp3g8rjdv3ujmzZsKhUKHxtbMvhuN/6hjbjTfjY6nmccjGAw2HH8tj8ejsbExzczMKBqNqqenR9vb21peXq76Q01/f7+Wl5e1vLwsn8+n1dVVJRKJctP6Zo5xdnZWPp9Pw8PDjZ4mAAAAOEMEWB2KvlcnQz8sdKJUKqV//vOfhy6/deuWJicn9dVXX2l6elo//fSTJHeJ1ZdfflmuCurr69Pg4GD5bHmPHz/W5OSkTNPU7OysPnz4II/Ho0gkUrcRuWEYevDggQzD0PT0tGzbLoc+o6OjMgzjRNsrqTeuk2o0Nsuy9OTJE01PT+v58+fyer0aHBxUOBzW3t5eeTuTk5PKZrN69+6dPB6PotGoBgYGtLW1Vb7NvXv3JEmzs7P6+PGjTNPU8PCw7t27V7eKtpl9Nxr/UcfcaL6bOZ5mHo9m5q7W/fv3lcvl9ObNm3Lz+K6urkPznU6n9eLFC5mmqVgsVtVfrJljXFhYUDAYJMACAAC4YMaf/vSnlpSV7Ozs1P3L8XlLJpP6z//8zwvfb7u5jEshHMcpV0GVvi992bZd/iv+eTqL3i44nVwuV3UGPJyveDx+aKlVSSgUUiQSUbFYVDKZVC6Xk+M48ng8CofD5eVYpe3kcjkFAoFyT6FMJqNkMqlisSjTNBUIBBQOh48M1VOpVLm5tmVZCoVCVb/vx21vY2NDgUDgUJVV7bi2t7fLgYbkNvPe3d3VwMBAeVybm5vlYKSZsRUKBe3u7qpQKMgwDIXDYaXTaZmmWbXEcm9vr9yE3OfzybIsZTKZclVQ5THati3TNBUMBo/9f2iz+z5u/EfNXaPHr9Hx1M51vcej2fHXKu1bcqup3r17p+XlZf3Xf/2XJLeqcHd3V7lcToZhyO/3l1/XK7d73DHu7OzINM0jT1YAAEC7yWQy5QKGyi+JnsiX2V//+teOOzsyAVYHuqzVV+0QYJX2hYtHgAXgpH788UctLS2VAywAADoRAdbV1IkBFksIO1BbvUClt9yvYK/7VVJIu5cXC1LXiGS2x1O1reYOAAAAAIAO0R6pAC5MW511cO2FtLvkfr/9QfIE3BArn5Yy2we325qWRn4j+U7eaPk80AsLAC6He/fuaWxsrNXDAAAAwBkgwOowbVNBtDHlhlehAenal261VWLBvcywpOiwFLsleYPS4j+lxX9Jw9+2RYjVNnMIADhWNBqt6lkGAACAy4sAq4O0tPrKLkjZhBtUZXel1JobRl370l0eGB50v+oZ+a00+99uiBUddm8f6HG/WoQqLAAAAAAALg4BFs5fdtcNn5zCwWWlyqtmeluZHunmH6S111J8zr3McSR/t3T9iVuxBQAAAAAAriwCrA7R0rNLrDxzw6vBx26PK0+dM8kl19wKrUr+roOqLE9QGvrGDa6yu9Leitsba2dW6rlz/sdQg2WEAAAAAABcHAKsDtGywKWQlgoZd7lfdKT6Ortw0AvrKIZH6h6Tum8dVFr5o+7yw8SCuySxBQGW5M6p4zgt2TcAAAAAAJ2EAKtDtCzAyqfdf/01TXSTa9LqC7cyK9AjdY1I4WvVSwqTa1Jy1T1D4c7c4SbunqCUqanaukAEWAAAAAAAXIwWdvXGRWnpcred/Z5Vwb6Dy3YXpZXnkhw3lBr5jVudVdsPKzwoDX4hjf0fyRtw+2iltyquv+YGYLuL534Y9bCMEAAAAACAi0GA1QFaErTYBWnthXu2wUDPQS+r9Ja09lLyBKRb/9ftiVUpueZ+VfIEpRt/kII90vJztweW5FZt+SLu9jbenP8x1UGIBQAAAADA+SPAwvlYfub2tooOuxVWJWsv3H+vf3O44qqQdiuzVl+4AVita19KlsftmyW59x/5rRuQxefcpu4XjAALAAAAAIDzR4DVAS48ZMnuSpltKTTgLgEs2V10G7r33DncE0s6CKCcgnt2wVqmx91eZvtgKaHpcQMyX+RgueIFIsACAAAAAOD8EWBdca1ZPph3/7W81Zfvrbr/dtWcjTC76y4b3F1yQy/DcsOo9NbBcsGSYK+7/PBQ3yvDDb5agBALAAAAAIDzxVkIcfZKIdPemtRfOFgqmFp3K6U8QffnT/+QcjUB1cCDgz5ZS/97cHnsptR33/0+PCjFF6WB/esKaXc7vTfO9bAAAAAAAEBrEGDhfIQHpfi8lFx1zzBYYlZUZXkCbvDki0j9DyRv0A23oiPuv3bB7YflFKrvZ3qrq60S+9VYXaPne0wAAAAAAKAlWEJ4xbVseVuwz/23WLOszxs8+H7oG7fJe27PraLyVFzn73KDKafg3qZ3ov42KtU2hQcAAAAAAFcCARbOR3K/31VksPryfLr658Ev3L5Xay+rL9+ZlVJrbnhV2Qi+3jZKgVapsfsFowcWAAAAAADniwAL52NvTQr0VFdV+SKHm7JL7lJBX8Stwlp74TZo93ft36fr8O2zCff2JdGRIxq7AwAAAACAq4A1Vzh7hbS79C/YW315sFfKzbtnHAwPVt++WJDm/u7+vLskGftPzUKqeht2wW0G3327+nJP0N0OAAAAAAC4cqjAuuJasrzNE5QMS9qZq17W133L/Xdruvr2hYwbeHkC0uBjqeeOJMe9rrZia+u9+29XRWP43UUps+3eHwAAAAAAXDlUYOF8DDxw+1ot/a8bSpXOLBi76Z6dcGPKPfOg5F7m76o+W2H3LTesqjz7YHLNvW/PHXdbjiNtvHH7ZRnWwfYuGD2wAAAAAAA4XwRYV5zjOK0JWKIjbvi0+osbZAV73dCp/4FblRWfl2RI/ffrB0+mp/ry3UVpbcrtfdU74YZXyTUpPueGV8PfSuGBCzu8So7jtGS/AAAAAAB0CpYQ4vyEB6VrX7rfJyoarI/81g2i4nPS4r+OP3tgqbH72kvJG3DvW5JYcP+99qXkj579+AEAAAAAQFugAgvnq9SsPZs4uMz0SDf+4PbC2pl1lxl6AlL4mntdSXJNyu26FVY9d9yvymqn3H5/rNpm8QAAAAAA4EohwML5C/RI6W33DIKVAVXvhNvrKrEo7S64FVmVfBGp777bsN30VIdX6S23+bthudfZ9sUcCwAAAAAAuHAEWFdcy3pgVeoacZcAzvzVDbNMr3tZeNANn7rH3K9Gdhel1KaUTx8sOyyd2bCF6IEFAAAAAMD5IsDC+YuOuKFTclXKbLuXpdak6LA0+EXj+9sFt1dWNnFQheUJSJFhKdZE8AXgVGZmZrS5ualIJKL79+83vP2bN2+0t7engYEBjY0d/t0sFotaXl7WxsaGksmk8vm8DMOQ3+9XNBpVf3+/BgYGZJrV7RmXl5e1uLh4aHtHuXXrlvr7+5u6v2ma8vl8CofDGhgYUCQSaXo/9WxsbGh9fV3xeFy5XE62bcvn85WP79q1a4eOr5G5uTmtr69Lkr744gv5/f7PGiMAAABwGRFg4WL0Trj/5vbcXlbJVWl3ye1fFR1xr0uuuSGVN1jdD2tjyu135YtIoUFp+4N7v9LZCKmAAs7F5uam5ubm1NfX11SAtbq6qo2NDVmWdSjASiaT+vnnn7W9va1cLqdCoSDbtmUYhkzTlMfj0fz8vGKxmL799lt5vd7yfePxuObm5mp3d6T+/v6qAOu4+xuGIcMw5PF45Pf7NTQ0pHv37p04JNrd3dXU1JS2traUzWaVz+dl27Ycxykf36dPnxSLxXTv3j0NDDR31tRCoaCpqSklk0lJUldXl+7du3eisQEAAABXAQHWFddWy9t2F93KqVLvq8V/uksLE4vu2QYLmYobv3TDKsmt1jIs9wyEhuVuZ29N6iu4P7dYW80xcIaKxaIKhYKKxeJn3b5YLOrZs2daWVkph1u9vb3y+XxyHEepVErb29taXl5WPB6XZVl1t+vxePTo0aOG4+ju7q57f0n66quvqq6zbVuZTEabm5va2tpSMplUMpnUr3/9a3k8zf0vcn19XT///LPi8bgKhYIGBwc1MDCgYDAowzDK219ZWVEymVQikdDDhw/rVqnVWlxcVCKRKL/OTE9P6/bt202PDQAAALgqeAeMi7G76AZUfftVHKbHDaRWf5FS6we38+0v38ntSelNySm6fbOufXHQyD12y63K2pl1q7kAtLXV1VWtrKzIcRz96le/0sDAgHw+X3kpXbFY1MjIiG7fvq1sNnvkEjvLsnT79u2G+6sNwEq8Xu+h+zuOI9u2lc1mtbi4qJcvX2phYUGDg4NN7SuRSOjZs2fa2dlRMBjUN998o76+Pvl8vnLIVCwWdePGDcXjcb148UKJREIvXrxQIBDQtWvXjty24zh6//69HMfR/fv3NTc3p729PS0uLjYVfgEAAABXCQFWB2iLRu47c261VNfIwWWmRxr6xv0+vSUt/e9BU/a1l9LAg4PlhdLBUsGuEWnznbvNFgdYVF8BjW1ubsq2bUWjUY2MjByqHjJNU16vV6FQqGG1l8/nO/U4Sv2u6gkGgwoGg9rY2NDKyoo+fPjQVID16tUr7ezsyOfz6dtvv9XAwMCh4ystTwyFQgoGg/rnP/+p3d1dvXjxQn19fUdWU62urmp7e1ter1cTExMyDENTU1N69+6dbt682frXdQAAAOACnayTLC6llocs6S23h1X3rYO+VrV2Zt3lhdER98sTkLam69/W9LjbcgpuZVcLtXxugUugFEoVi8VjG5iXelG1SqkHliTt7OzItu1jb7+5uamlpSVJ0v3793Xt2rVjx29Zlnp7e/X48WNJ0vb2dvn+9bx//162bevGjRsKhULlpYM7OztaXV096eEBAAAAlxoBVgdoechSCqIqq68qFdLuMsLYrYPLoiPuksP0Vv37lLZ1VMh1QVo+t8Al0NvbK0nKZDL65ZdflEqlWjyio5UqtGzbbhhgLS8vq1AoyOfzaXx8vKmzCxqGoeHhYXV3d8u2bX369Knu7ba2trS2tibDMMrVV+FwWCMjI7JtW+/fvz/5wQEAAACXGEsIO0TLlhEW0lJmW4oOS55g/dtsTR9eXth9y63K2pqWRn5z+D6eoLvNxKJ79sJg/+HbnDPCK6A5169f1/Xr17WysqKZmRmtr68rFoupt7dXvb29isViR/atqpTP5zU9fXxoff36dUUikVOPNZFISHKDrEZj2t7eliT19PQoEAg0vQ+Px6PBwUHt7Oxoa6t+SP/hwwcVCgVdv35dsVhMksph1vz8vNbW1rS1tVUOBwEAAICrjgCrQ7QswCpVSPVOuEHTzqyU3ZVu/T/uUkC7IO0uSbGb1csLTY8baMXn3RCsFH59+od7XWzM3WZi0d0mARbQtnw+n548eaKZmRl9+vRJW1tbisfjWl1dldfrld/v18DAgEZGRtTT03Pkdmzb1tTU1LH7CgaDpw6w4vG45ufnJUlDQ0MNXzPT6bQkKRwOn3hfoVBIkluVVmtvb08LCwuSpLt371ZVdvX09GhgYEBra2uanp7Wb35TJ+AHAAAAriACrA7RkrClkHbDKU9AWvyXuySwZGfWDaB2Zt2fu28dvn/3LTfA2pqWBr9w+13ldt3r0luS5ZcMj1vhld2VTlABcRYIsIDmdXV1aXJyUjdu3NDW1pa2t7e1vb2tnZ0dOY6jeDyuxcVFjY6O6uHDh0eGR8edtU/SsZVQ+Xy+HDqV2LatTCajzc1Nzc3NKZlMKhAI6N69ew2PqRQsNVpqWE/p9aPessOZmRnlcjl1d3drcHCw6jrLsjQxMaG1tTUtLi5qb2/vsyrOAAAAgMuCAKuDXHgVVmK/wXoh44ZYg4+lYK80//+5YVTvhHsmwaOWF5aWCe4uSf0P3NtK0tj/kVKb0vaM5Ox/GI3PSrGBizkuEV6hM5SW0DU6M2BJ6XZHNTIPBAIKBAKKRqMaGhoqB0qbm5uan5/Xzs6O0um0IpGIxsbGDt3f6/Xq0aNHx47B7/cfeZ1t2/rhhx/qjjuXyymdTqurq0tffPGFuru7j92P5FZRbW5uKh6PN7xtrZ2dnfI2KmWzWX38+FGSNDw8rEKhoEKhUHWb7u5u+Xw+5XI5ffz4UV9++eWJ9w8AAABcNgRYOF+BHreSKlxRRVBaGrj4L/dMgrE61VclsVtugLX6wq2+Cg3sB1sjUmT4IMg6qr8WgFMrVTM123S9dLvjQiTJDaK8Xq8kKRaLqaenR0NDQ/rXv/6lRCKh2dnZugGWaZqnWq5XaW9vr+rnXC5X/r6rq0u/+93v1NXV1VRD9sHBQX369EmJREI7OztNhV6SG1KVziJYW2E1NzdXXlY4Pz+vlZWVutsohVqzs7O6d+/eiXpwAQAAAJcRAVYHsW27qUbJZ6Z3ov7lpaWBmW034PJHj96GP+reJrV2cN9KwV73+lMs4fkcp1kyBFw2pUAml8s1DGh2dnaUzWar7tcMwzDKlVnXr19XIpHQ7u7u5w38CF6vV3/84x+rLrNtW4uLi3r37p0ymYwsy2r6dXJ4eFgvXrxQLpfT69ev9bvf/a6p4OvNmzfKZDIyTVO3bh28phUKBX348KHqtpUBW6VAIKBUKqV0Oq35+fmmljwCAAAAlxkBVodpWTP3Sp6gW0mVWj865KrUOyEt/a+7DDHY+jNusXwQnWJgYEB+v1/ZbFZTU1P67W9/WzegsW1bb968keM4CgaD6uvrq7q+FG416l9VCsDOq5rINE319x8+4UM0GtXm5qY2Nzf1888/69/+7d+aCrGCwaAmJyf14sULLS8v65dfftHjx4+PXELpOI4aIu/2AAAgAElEQVTevn1bXiI4NjZWFfYtLi5qd3dXlmXpD3/4Q8NKto8fP+rDhw+anp7W7du3j9wvAAAAcBXwbrfDXHgV1lF670rBvuYCqWCv1HffrbRqA1RfoVP4/X7dvXtXL1++1NLSkn788Ufdvn1bPT09Mk1Ttm1re3tbHz9+1OKi2/Pu3r178vl8Vdt59+6dNjc3NTg4qNHRUfX29paXEErumfjm5ua0vLwsSbp58+aRY8rn8w3HbRjGicKcYDCor776St9//71WV1f17t07PXjwoKn93L59W7u7u5qdndXMzIz29vY0Njam/v5+BYPu0uZsNqutrS3Nzc1pdXVVuVxOAwMDevjwYfn12HEcvX//Xo7jaGRkRNevX2/4xwbLssr7XFhYqKrmAgAAAK4aAqwO1BZVWP7o8UsHa3WPSY7jfrUQ1VfoNHfu3FEqldLHjx81Pz+vzc1N+Xw+WZZVbn6eTCZVKBQ0MTGh8fHxQ9sIBALa3d1VOp3W2tqafD6ffD6fPB6PCoWCstmsUqmUcrmcbty4cWSAlc/n9fe//73hmHt7e/XkyZMTHWdfX58ePnyon3/+We/evVN/f78GBhqfGCIQCOjx48cKBAJ69+6dlpeXFY/Hy8dnGIYKhYJyuZxSqZSKxaLGxsZ0//79qrMHrq6uant7W5J09+7dpl6jS83wFxcX9f79e42NjbX+tR0AAAA4JwRYHahtqrAuGcdxqL5CxwkEAnr48KF6eno0Nzenra0t2bYtwzDkOI4sy1Jvb6/GxsY0NDRUd9nbxMSEent7tbi4qM3NTW1sbMgwjPI2DMNQd3e37t27p9HR0SOXENq2rY2NjYZjPs1SOtM0NT4+rvX1dS0tLennn3/WH//4x4bL+CQpHA5rcnJSAwMD+vTpk9bX17W1tXXodsPDw7p586b6+vqqwitJev/+vWzb1sDAgHp6mqs2NU1Td+/e1eLionZ2drS6uqrr1683d8AAAADAJUOA1aFs226q2TAOUH2FThUOhzU2NqaBgQFls1llMhkVi0VZlqVAICC/369wOHxkcBQKhRQIBNTT06NcLqdsNqtcLqdisSiv11uuyAqFQoeWH0rSrVu3mqqGKqndRun+jV7z/H6/vv76a01OTso0zapljo2UmtDHYjFls1lls1mtr69ramqqfP3du3c1MDBQ/gOCbdv6+PGjxsbG9OjRI01OTsrv95/oDwx9fX3693//d0nuWRQBAACAq4oAq0M5jtMeSwkvidJ8AZ3K6/UqFotJkorFYvn1o9mwxTRNhcNhhcPhcjWj4zgyTbNhsFS632md5P7RaFTR6AmWN1eoPcaenh6FQqHymQpfvXql4eFhRSIR5fN5ra6uamNjQ4VCQffv3z/VPj0ejwYHB091XwAAAOAyIcDqYARYzSO8Ag587hLkkwRfl5VhGAoEAhobG1M4HNabN2+0vr6uvb09eTwe2batTCajvr4+lv0BAAAATSDA6mClKgiWEh6vVCkCACfl9Xp17do1hUIhJRIJbW9vK5vNyuv1qru7Wz09PSz9AwAAAJpAgNXhWEp4PJYOAvhcpmkqFospEoloYGBAxWKx3GPrNA3nAQAAgE7EO2eUq7AIsapx1kEAZ8myrCu/dBIAAAA4L6wdgyR6PNXDnAAAAAAA0B4IsCCJaqNa9L0CAAAAAKB9EGChjBDLRXgFAAAAAEB7IcBClU4PsQivAAAAAABoPwRYOKRTQyzCKwAAAAAA2hMBFuoqhVidEOh00rECAAAAAHAZEWDhSJ0Q7HTCMQIAAAAAcNkRYKEh27av5JLCq3pcAAAAAABcNQRYaMpVqlS6SscCAAAAAEAn8LR6ALg8HMeR4zgyTVOGYbR6OKdCcAUAAAAAwOVDgIUTs21bhmGUvy6DTj2zIgAAAAAAVwEBFk6lVI3V7kFWaZxUXQEAAAAAcHkRYOGzVIZD7RJmEVoBAAAAAHC1EGDhzLQyzKIxOwAAAAAAVxcBFs5FvTCr9P1Zbt+27fIX4RUAAAAAAFcTARbOXb3lfJVBVr3vK29f+r6yETvLBAEAAAAA6BwEWGiJegHVSe4DAAAAAAA6h9nqAQAAAAAAAADHIcACAAAAAABAWyPAAgAAAAAAQFsjwAIAAAAAAEBbI8ACAAAAAABAWyPAAgAAAAAAQFsjwAIAAAAAAEBbI8ACAAAAAABAWyPAAgAAAAAAQFsjwAIAAAAAAEBbI8ACAAAAAABAWyPAAgAAAAAAQFsjwAIAHPLDDz9oenq61cO4cE+fPtXLly9bsu/379/rH//4R0v2fZaWl5f13XffaWVlpen7LC4uam1t7RxHVV8rH28AAACcDAEWAOCQjY0N7e3ttXoYF257e1vxeLzp2y8tLem7775ToVD47H3v7e1pc3Pzs7fTStlsVm/fvtXg4KC6u7ubvt/CwoKWlpbKP5/lvB7npI83AAAAWsfT6gEAAHBZZTIZra2tybbtVg+lLXi9Xn3xxReKRCLy+/1N329yclKmefA3NeYVAAAAtQiwAAB12batd+/eaXV1VZI0ODiou3fvVgUN8/PzWlxcVDabVTgc1vj4uPr7+4/d7sLCghYWFpTJZBQKhTQ2NqZr166Vr19dXdXc3JxSqZT8fr9GRkZ08+bN8vU//PCDhoaGlM1mtbGxIUm6du2a7t69q5mZmXIlT09PjyYnJ+X1eqvul06ntbm5KdM0NTQ0pDt37sgwjCPHu7q6qtnZWaXTaQWDQU1MTKivr0/ff/+9dnd3JUnff/+9hoaG9PDhw6bmxXEcffz4UUtLS7JtW319fcrn83X3fdxcnNf8joyMqFAolJcB1nvsm52nzc1N/fLLL3rw4IGuX78uSZqdndXMzIx+/etfKxqNanp6WoFAQI8fPz52Xk8zH0eNq1nHzeff//53jY6O6vbt2+Xb//TTT5Kkr7/+ujyfg4ODSqVS2tnZ0bfffiu/368PHz5ofX1dtm0rGo3qzp076urqqhr3ccf6/PlzBQIBPXjwoOljAQAAuMxYQggAqGtxcVGJREKDg4MKBoN6+/Zt1TKvmZkZvXr1SpFIRKOjo8pkMvrxxx+PXXo4Pz+vX375RT6fT6OjozJNU8+ePSsHUcvLy3r27JkMw9Dw8LD8fr9evnypjx8/lrexsbGhqakpFQoFXbt2TT6fT2/fvtW//vUvra2taXBwUF1dXZqZmanq41V7P4/Ho9evX2tubu7I8a6srOjZs2eyLEvDw8MqFot6+vSpdnd3NT4+rsHBQUmq+r6Zefn06ZNev34tn8+n69evK5/Pa3l5uWrfzczFec3v69evFY/Hj3zsTzJP0WhUkvT69WsVi0Vls1lNTU3J5/MpGAxKql7Kd9S8nmY+jhtXMxrN58bGhpLJZNV94vF41bLEjY0NvX37VslkUl1dXTJNU2/evNHs7Kz6+/s1NDSknZ0dPX36VNlstuljNQzj2OAVAADgqqECCwBQVygU0uTkpPx+v/L5vNbW1rSysqLR0VFJ7of73t5eTUxMyOPxqK+vT3/5y1+0tramSCRyaHu2bev169fq7u7W5OSkfD6fhoaGFI/H9fHjR/X19enVq1cKBoN68OCBfD6f8vm8CoWCXr9+rRs3bpSrqWKxmO7cuSOv16uRkRF99913Wl9f1x//+EeFQiEVi0UlEgktLCxUVah0dXXp7t278nq9yuVyevr0qd68eaOxsbG6YcCrV68UCAR0//79ctj0t7/9TbOzs3r48KEymYwkaXh4WD6fr6l5cRxHb968USwW06NHj+Tz+ZTL5RSPx8vBiuM4Tc/FecxvMBg89rE/yTx98cUXevz4sX744QfNz88rlUopl8vp0aNH8ngOvw0ZGho6NK+nmY9mxnWcRvPZqNKwUjgc1uPHj+X1euX3+zU3N6f+/n6Nj4/LMAzFYjFNTU0pnU7L5/M1dayNKuIAAACuGt75AADq6u7uVjQalc/nUzgcVigUqqoi+vLLL/Xo0SMFg0F5vV51d3fL6/Ueqkgp2dvbUyKR0OjoqMLhsLxer8LhsL755hvduXNHyWRS29vbunnzpiKRSHm/4+PjSiaT2traKm8rGo0qHA7L5/MpEokoHA4rGAyqu7u7XNkTi8UOjaV029L9bty4oUQiUa58qVTa540bN8rj6erqUm9vr1ZXV2VZVjlAME2z/H2jeclkMorH41XbjUQi5Uql0r6bnYvzmN9YLHbsY3+SeZKkvr4+jY+Pa2pqStPT05qcnFQsFqu7vXrzepr5aGZcx2k0nycRi8UUi8UUCoVkmqaCwaC2trbKSwj7+/v15MkTRSKRpo+19JwHAADoFFRgAQDqsiyr6mfTNKvOCheJRDQzM6PNzU1ls1k5jqNCoXBk4+1MJiPHcQ5VZ5XOVlf6MF/ZB0hSOdhJp9Ply2qrpSzLOnSZaZqHxlJbsRKNRuU4jtLptAKBQNV16XRatm3r/fv3+vTpU/nyRCJxbOVLo3kpbbd2Hiq3mUqlmp6LkrOc30aPfaVm5sk0Td29e1fT09PyeDy6devWiZa/nWY+Tvv4lTSaz5Oonc+vv/5a79+/15s3b+Q4jmKxmMbHx9XV1XWqYwUAAOgEBFgAgFN5/vy5UqmUxsbG5Pf7ZZqm/vGPfxx5+1JoUCwWqy4vBRmlD/m115eCk9oQ4CyUtl1vKVtpXMPDw1XVUY3G0mheSvuqPc562z/JXLRqfpudp7W1NRmGoUKhoK2tLQ0PDze9j9OM/bSPX0mj+fwcPT09evTokTKZjPb29rS4uKinT5/q97//fUt+DwAAAC4DAiwAwInl83l9+vRJjx490ujoqCzLkuM4x94nGo3KsixtbGxoYGCgfPn09LTy+Xy5p9Xq6mrVWfNWVlZkGIZ6eno+e9y1VURra2vyer11l2JFIhFZliXLsqrO/pbNZo8MEZqZl1AoJK/Xq/X19fJZ+SQpl8uVv49Goyeei1bNbzPzlEqlNDU1pfHxcWWzWb18+VL9/f3lvmGNnGY+TvP41e7zuPks9aeqXX6ay+WOPa7SXExMTKi/v1/d3d3q7u7Wn//8Z21vb2tkZOTcfw8AAAAuIwIsAMCJlXoTra2tqbe3V7Zta2Fh4dglhD6fT7du3dL09LRCoZBisZh2dnY0NTVVDgPu3LmjmZkZhcNh9fX1KR6P682bN7p586ZCodBnj3tpaUnz8/OKxWLa2trS3NycxsbG6lZgVY4nGAyqr69PuVxO796907Vr13T37t3yssPl5WX19fUpGAw2nBePx6Px8XHNzMwoFAqpp6dHW1tbWl5eLgcrp5mLVs1vM/NUOgPh5OSk8vm8/vu//1vv3r3T48eP626zdl4jkcip5qPRuBod13HzKUn9/f1aXl7W8vKyfD6fVldXlUgkjm3w7vP5tL6+rnQ6rfv378vr9ZbDqVLPq2aOdXZ2Vj6f70SVbAAAAJdZSwOsZv/yepby+Tzl95eU4zjlSobS96UvwzB4XIELZFmWnjx5ounpaT1//lxer1eDg4MKh8NHNvs2DEMPHjyQYRianp6WbdvlMKd0drt79+5Jcj+cf/z4UaZpanh4WPfu3TuTM67FYjGtra3pw4cPymQyGhgY0OTk5JHjnZyclGmamp2d1YcPH+TxeBSJRMqVMX19fRocHCyfHe7x48dNzcvk5KSy2azevXsnj8ejaDSqgYGBqmbkJ52LVs1vo3laWVkpV6WFw2E5jqM7d+5oenpaw8PD6u3tPbTNevN6mvlo9Pg1Oq5G8zk5Oal0Oq0XL17INE3FYrFDvatqeTweffXVV5qentZPP/0kyf19+vLLL8vVVc0c68LCgoLBIAEW8P+zd1/NbWXpmuf/28CDAAmC3ojyNpXKSnfKHdN5Krr7XEzMmb6biJkPMfcTUR9gvsPpm4noy5qY6Y6Zqck2VZV1ThlVplzK0ojegCBAeGCbuYAAEfSSqKTR84tgiALW3msBoCjywbveLSIiHwzjl7/85f57Pt6TXC73Vo1Q31WpVOKrr776weeVd7dfgOV53o4GzHK2VCoVXXHrB5TJZAiHwx0NrHO5HPC6ibXjOBQKBRzHwTAMYrEYlUoF0zT3/f5eLpfbDbYtyyIajXb8+61Wq5RKJTzPa1+xbWuFzWHWBs3v9+Vyub3961e/+hXj4+NcunSpvV1v+3k2NjbaQcT29biui2mahMNhYrFYuxdSPp+nXq8TDofp6uo69PNSLBbbjcKDwSCWZVGtVjuqdw56Lo7z+d1ur+epVquxublJMpkkFAq1x25ubravGrnb8779eX3b52O/12+3ed/k+fQ8j0KhQL1exzAMQqFQu3dV67na7fl0XZdSqUS9Xsf3fWzbbl8d87CvUy6XwzTNAwMzERGRarWKaZoYhtHxAXR8LqfL119/TSwWO+5l/KAUYMmpoQDrw6YAS97Vr371KyYmJrhz585xL0VERETkB6MA62z6EAOsd9+PISIiIiIiIiIi8h6pibuIiHwQfvazn6lSU0RERETklFKAJSIiH4T9rgwnIiIiIiInm7YQioiIiIiIiIjIiaYAS0RERERERERETjQFWCIiIiIiIiIicqIpwBIRERERERERkRNNAZaIiIiIiIiIiJxoCrBEREREREREROREU4AlIiIiIiIiIiInmgIsERERERERERE50RRgiYiIiIiIiIjIiaYAS0RERERERERETjQFWCIiIiIiIiIicqIpwBIRERERERERkRNNAZaIiIiIiIiIiJxo9nEv4F38+te/ZnZ2dt8xN27c4Mc//vEPtCLZTa1W47vvvgPg448/JhwOv5d5fN9naWmJtbU1arUawWCQVCrFyMgIlmW1x62urrK0tEStViMQCNDX18fIyAiGYRz6PEc1V4vneWSzWVZWVhgdHSWZTL7x42qpVCo8ePAA3/cZHx9naGjoSJ9nERERERERkR/aqQ6wQqEQkUgEaAYAtVoNgHA43A4IAoHAkcz19OlTcrkcAwMDTExMHMk55WhNTU2RyWQACAaD1Gq1dnh0+fJloBkoTU9Pt8fU63UWFhZwXZdz584d+jxHNVe9Xmd1dZXV1VUajcZbP64W3/eZmprC9/0jeEZFREREREREToZTHWD99V//dfvzpaUl/tN/+k8A/OM//iPRaPS4liXHoFwut0Oea9eukUwmWVtbY2pqimw2i+u6WJbFwsICAGNjYwwPD7OxscGzZ89YWVlhZGSEer1+4HlqtdqRzGXbNtPT0+RyuXd+XC2rq6sUi8Wjf4JFREREREREjtGpDrDexOPHj3n06BH5fJ7e3l6GhoYYGBho31+r1ZidnWVzcxPP84jFYoyMjJBMJrl79y6O4wCwsrLCysoKX3zxxY5tYC2e57GwsEAmk6HRaBCJRBgeHqa3t5dSqcTDhw8B+PTTT7Ftm2q1yr179wC4c+cOQHvL3YULF5idnaWnp4cLFy7su05oVuAsLy+zurra3rbW39/P8PDwnuttPf7WnGNjY6ysrNBoNEgmk5w/f55gMAiA4zjMz8+3w5NwOMzIyAipVKp9rkajwczMDLlcjmAwSH9//55zbX98red4eXm5vV1u+2u1m3K5TCAQIBQKtZ+Lrdvw6vU6pmlSr9cBSKfTAPT09GDbNo7jUCgUcF33wPMc1Vw9PT3EYjESiQS9vb18++23b/W4WlWIra8N27Y75hcRERERERE57T6IAOvu3bvtwCQUClGr1ZiZmcE0Tfr6+vA8j8ePH1Or1ejq6sKyLHK5HE+fPuXGjRv09PSQy+VoNBqEw+EDq7umpqZYX1/HMAwCgQDlcpkXL15gGAahUOiN1j49PY3v+/i+f+A64/E4L1++ZGVlBXi9bW1+fp5Go3HorY9zc3MEAgF83yeXyzE5Ocn169fxfZ+nT59SLBYJBoPEYjEKhQLPnz9vVwcBTE5Oks/ngWbgtV+fsq2PD2B+fr5dudTaLtd6rVpB0G7S6TSjo6Mdt5VKJQBM0yQUCrX/Dp1bS1uhUr1eZ2BgYMc8288TiUQOHHOYuYAda97tcR00V8vMzAye53H+/HmWl5cVYImIiIiIiMiZceYDrGq1yv379wH46U9/ytjYGBcvXmRycpL5+XnS6TSlUolarYZlWVy/fh3DMJiZmaFYLFIqlbhw4UK7B1Yymdw3CKpUKqyvrwO0Q6WFhQXm5+dZXl5u9z46rEQiweDgYDsU2W+dgUCgHV5dvnyZVCrVDrhWVlYYGBhoV+vs59KlS/T29raP3dzcbIcmre1pN2/eJBgM8uTJE/L5POvr6ySTScrlcju8unr1Kt3d3e0tbwc9PsdxWFxcBOD8+fP09/eTyWTar1Vvb++hnzfXddvBWX9/P6ZpdvSF2lqNtrV5+2HO877metvHBbC+vk4ul6O7u5t0Os3y8vJbnV9ERERERETkJDrzAdbS0hKe52FZFleuXKFSqZBKpZicnKRer9NoNAgGgxiGgeu6vHjxol3NY9t7Pz1bt/21XLt2jWq1CjQrveLxONAMGgKBwK5XjDvI+fPn21U2tVpt33Wura0BzYqf1pa+7u5uwuEw1WqVQqGAYRi7rnvrlQFb6+7u7m5XcZXLZfr6+vjyyy87jo1EIuTz+Xa1TyvoCgQCdHd3A82Q6jCPL5vN4vs+hmHQ19cHsOO1cl2Xe/futau2fN/n6tWrdHV1tc/p+z4vXrygWq0SiUQOrHLay2HOc1Rzvct6HMdhZmYG27Y5f/78rsfu9fW6dTuiiIiIiIiIyEl15gOsSqUCNCtX/umf/gnXddsBDTR7CMXjcS5dusT09DTZbJZsNothGPT39zM+Pr5r1Y1hGDuqmSzLwnVdgI7wq9WHCujYWvamQqHQvutsXcVu+5UXA4EA1WqVer2+57r3Yts29Xq93QOsUCiwsLBAuVze9ap5rXFvc/XH1vl83+ePf/zjjvvr9Tq2bROJRDoCrO3rb/Xfsm2bK1eutO/fWgnVCspan2+/f7/zvI+5DmOvuVZWVtrP+/Y+WrOzs2xsbHDx4sU3et1FRERERERETpIzH2C1mo9blsWNGzeo1WoMDQ21728FLalUiu7ubgqFAhsbG6yurrKyskIoFOoY3xIKhbh9+/aO28vlMvA6yIFmU/dW9dTbBBdb7bfOVmi2dW54HQxZlrXnumu12q7ztY61bZtKpcLjx4/xfZ+hoSFisRiZTKbjKnqt53P7Gg5ja/gzODi44/5AIEAwGOT27dsdAVarPxjAwsICq6urGIbB1atXOyrLWl8LrccVDAbxfb+91q3373eew4x5k7kOY7+5WqHeVtVqFd/32w3g93rdRURERERERE6DMx9gDQ4Otrfd9fT0MDw8zPj4OBsbG0QiEUKhEEtLSywuLpJIJLh8+TLJZBLP81hbW2sHO60qrFaF1V5aW9lqtRrFYpF4PM7q6iovX74kGo1y7dq19thyuUwikWj3lTrIQetshT71ep2NjY128/nWtsb9tvJtVSgUCIVC5PP5doAVi8XY3NzE931CoRDj4+NAc9vfVrFYrL2GfD5PMplkc3PzUPO2njvf94lEIu1thFtfq/16R62trTE/Pw80e4BtrbSDZujY2hKZyWQYHh4ml8vhOA6GYbTnP+g8RznXYRw018DAwI6rND58+JBSqcTQ0NCuAayIiIiIiIjIaXLmA6x4PM7t27e5d+8ev/nNbwgGg3R3d+M4DtFolFu3bpFKpZifnyebzfL48WNs22ZjYwOg3ccpGo2SzWbJZDJsbm62m5hvF4lESKVSZLNZvv/+ewKBQLs/1ODgIIFAgGg0Srlc5smTJx33H+SgdYbDYfr7+1ldXeXZs2ftAAWaV7NrhUsHmZycZG5urn1sMpkkGo22w7tardbuQ9UK+FoVUJFIhGQyST6fbz++3bYa7iYUCjE8PMzi4iJTU1PMzc21q5ai0Sg3b97c89hqtcr09DTQDBvn5uaYm5tr359OpxkeHmZkZITp6Wnm5uZYWVlpP8b+/n5s2z7UeVKp1JHMdRiHfVwiIiIiIiIiZ9mZD7AAPvvsM7q6unj06FG7YiiVSjE2NoZhGIRCIW7evMnc3Fy7WigWizE8PNwOsAYHBykWi+3799sKePHiRUKhEJlMhkajQSQSYWhoqF1R1OpjVSqVMAyDCxcu7HmVvq0Os86JiQlCoRCrq6vU63WCwSB9fX2MjIwc+vkaGxtjbW0NwzDo7u5uNwbv6uriwoULLC4utnuH9fX1MT8/T6VSafd6aj2+XC6HaZpMTEzw8uXLQ115b2xsjFAoxPLyMtVqFcuyOl6rvc7hOE77Ps/z2r3PWraGR9CsZqvVagSDwXYz/MOe56jmOozDziUiIiIiIiJylhm//OUvD04V3oNcLtcOXX5IpVKJr7766gef96Sr1Wp89913ANy5c6d9ZcCTpNXvauvnW3tg7danSs6OSqWyo9eXiIiIiIjsr1qtYppmuyfz1t7MR9GnWY7H119/fehdVmfFzsvriYiIiIiIiIiInCAKsERERERERERE5ET7IHpgycFCoRBffvnlcS9DRERERERERGQHVWCJiIiIiIiIiMiJpgBLRERERERERERONAVYIiIiIiIiIiJyop2ZHliu6zIzM8P333/Pp59+yvDwcMf9T5484eHDh+RyOVKpFH19fYyMjLQvGer7PktLS6ytrVGr1QgGg6RSKUZGRrAsi/n5eRYWFvacf2RkhNHRURzHYWFhgfX1dRzHIRgM0t3dzfDwMMFgEADP81hcXGR9fZ1arUYgECCZTDI6OvpGY45qLhERERERERGRk+zUB1jlcpknT57w5MkTKpUK0Ayjtnr69CnffPMNAOFwmHq9zsLCAq7rcu7cOQCmpqbIZDIABINBarUaS0tL1Go1Ll++TCAQIBKJ7Ji/Wq3i+z7BYBDf93ny5AmlUgnDMAgGg9TrdVZWVsjn89y+fRvDMJienm7PFQqFqNfrrK2tUSZ8/c0AACAASURBVCqV+OijjwAOHHOUc4mIiIiIiIiInGSnPsD65ptvmJ2d3XfMd999B8Dnn3/OxYsXuXLlCs+ePWNlZYWRkRHq9Xo75Ll27RrJZJK1tTWmpqbIZrO4rsvAwAADAwMd561Wq9y7dw/TNOnt7aVQKFAqlQC4desW0WiUUqnEw4cPqVarVCoVotEo2WwWgPPnz9Pf30+xWOTRo0eUy2VqtRqhUOjAMbVa7cjmEhERERERERE5yU59gNXb28vQ0BDnz5/nP/yH/7Dj/kKhQLFYBODSpUv4vk9PTw+2beM4DoVCAdd1CQQChEIhkskkQPtPgHq9vmv11fLyMgDpdBrLsohGo9y6dQvTNIlEInieR7lcBsCyrHZYFAqFqFQq1Go1PM+jWq0CYJomtm0faoxlWUc2l4iIiIiIiIjISXbqE4wf/ehH+97fCnUAIpFI+++tAKterzMwMEA6ne44rlXdZJrmrlVKjuOwtrYGQH9/f/ucrVDo7t27OI4DNLckXrp0CcuygGaQ9uzZMxYXF1lcXGwfe/HixTcac1RziYiIiIiIiIicZGf+KoSe57U/bzVs3/r59n5Z0GwI39qW2N/fj2nufJrW1tbwPI94PE4sFttxfzweJxqNAtBoNDqCNMdxaDQaAB0N2ev1+huNOaq5REREREREREROslNfgXXUfN/nxYsXVKtVIpEIo6Oju45pbR/c3her5erVqwBsbGzw7NkzXr58SU9PD4FAgMnJSTzPY3x8nKGhIXK5HE+fPmVmZobu7u5Djdl6BcF3mUtXIhQRERERERGRk+7MV2BtrZ7aWo3VqrzaWpUFMDMzQy6Xw7Ztrly5sus2u42NDer1OrZtk0ql9p2/1W/L930KhQKVSqVd/dTaetgKrXzfZ3Nz81BjjmouEREREREREZGT7sxXYLW21gFUKhWgGV5t7RnVsrCwwOrqKoZhcPXqVcLh8K7nbFVf9fX1dQRklUqFUqmEbdt0d3fvOM73/Y4QbatWkOZ53qHGHNVcIiIiIiIiIiIn3ZmvwOrq6iIejwPw4sULAHK5HI7jYBgGXV1dQLOn1fz8PACXL19uH7NduVymUCgAr6uaWorFIpOTkzx//rx9tb9sNtsOy+LxOOFwuB0gra6uApDP59uVUpFI5FBjjmouEREREREREZGT7sxXYAHcuXOH3/3ud/z5z3/mwYMH7XCqv78f27apVqtMT08DzS2Hc3NzzM3NtY9Pp9MMDw8Dr6uvksnkjgqtVCrFwsICtVqN+/fvEwgE2mFRX19fe/zAwADLy8vMzs6yvLzcHpNIJNqB2kFjotHokc0lIiIiIiIiInKSfRAB1tWrV/F9n4cPH5LL5QgGg6TT6XaDdsdx2j2xWtvztmqFPo7jkMlkgN2bt1uWxa1bt5ifn2djY4NGo0E4HKavr4+hoaH2uPHxcQKBAKurq9TrdQKBAKlUirGxsUOPOcq5REREREREREROMuOXv/ylfxwT53K5XXs3vW+lUomvvvrqB59X3p3v++2gsfV568PzvD17lsnZUKlUtO1VREREROQNVatVTNPEMIyOD6Djczldvv76a2Kx2HEv4wd15ntgiYiIiIiIiIjI6aYAS0RERERERERETjQFWCIiIiIiIiIicqIpwBIRERERERERkRNNAZaIiIiIiIiIiJxoCrBEREREREREROREU4AlIiIiIiIiIiInmgIsERERERERERE50RRgiYiIiIiIiIjIiaYAS0RERERERERETjQFWCIiIiIiIiIicqIpwBIRERERERERkRNNAZaIiIiIiIiIiJxoCrBEREREREREROREU4AlIiIiIiIiIiInmgIsERERERERERE50RRgiYiIiIiIiIjIiaYAS0RERERERERETjQFWCIiIiIiIiIicqIpwBIRERERERERkRNNAZaIiIiIiIiIiJxoCrBEREREREREROREU4AlIiIiIiIiIiInmgIsERERERERERE50RRgiYiIiIiIiIjIiaYAS0RERERERERETjQFWCIiIiIiIiIicqLZx72A45DdLJPdLJMv1qg1HGp1h3gkRHazdNxLEyCViFGs1AgFbUIBm2Q8RCoRo6crfNxLExEREREREZFj8MEEWCvZInefzPPt4xn+16ErDKcTJAcjhAI2oYBFKPjBPBWnQq3uUGu41BoO1VqDF/MZ8sUKw+kEYwNJYuHgcS9RRERERERERH4gZz612SxV+fUfn7OaLfK3n17kxzeG+OLG2HEvSw4QCtqvQsUQAGMD3TQcl0yuxL1nS8SjQa6MpQkGrONdqIiIiIiIiIi8d2c6wPqXhy/5/f1ZfvHFJf7d330EQKmkbYKnlW2ZDKTiDKTiLKzl+eeHL5kYSjE+kDzupYmIiIiIiIjIe3RmA6xf/eYRXZEQ/8v/+PPjXoq8B8PpBEO9XTyZWeXh1Ao3JvqOe0kiIiIicsrNreT4w8OXHbcN9Hbx8zsX4Ml/hnql84DLP4OI3kwVEfkhnMkA69//xz9z5/Iwd64MH/dS5D27eq6PuZUcf348z88+uXTcyxERERGRU6xcbTC/mu+4zTJbF243IL/UeUBmGsbu/DCLExH5wJ25AOvf/8c/8/n1MW5eGDjupcgPZLQ/iYHPnx7P8/n10R90bq9apb6wjF+r4+NjRsIE+tJYsSgYRudg16W+lsHNFfA9D3y/427DMjHCYexkF1ZXHMN+/c+zXq2yub5OtVzCcz0AgpEwXaleIrEYZvsHq8Np1Krks1kqmwX87eswDCzbJhKPE00kCIbDGNsfi4iIiMiHZuASrE123paZUYAlIvIDOVMB1q9+84g7l4cVXn2AhtIJAsEaD6dWuPVDvf6eh1soUvruEW5+E3wfMxEndvsG4YsTHQEUAKaJmytQfvAYt1gErzM4wjDAMjGDQYKDfYSvXCIwkMawbTzXJbe2xuLUFNVyCdOy6BsdJRKLQyz2xkt3HZfcygpzz1/QqFa3raMZYtmBAJGuBEMTEwxOTBCKRN54HhEREZEzIzEIgQg0tmwjLG9AJa9thCIiP4A3K9s4wf7l4SxdkaC2DX7ARvuTBGyTl8sbP8h8vufh5gs461ncfAF3s4iztk5jJYNXq++osMIwMKNhfNfBLZRwN4tgGFiJLqxEF77r4eY2aSyvUX4ySem7h9RXMviui2XbBEJBnEaDcqFIo1rDNC2sQOCNq68ATMsCw6RRrVIuFqjXqq8qunqIxGI4jQab2Syrc7NMPXzA0tQUjVrtiJ45ERERkVPICkD3tt81PLe5jVBERN67M1GBtVmq8vv7L9WwXbg63sd/uTvJYKqLUPD9fnl79Qa1xZVmWPWK33Bwsht4hSJWJLxjG6ERCmHYNoZh4APB0SEi1y9jRaPNaq77j6jPLuHXajRW1nBW1wikujECNnYgiGVbGEZzu6Ft280g6i0YhoFpmhimARiEIhGGL1ygf2wcgPWlJV4+/p7CxgbFXI61hQVSQ0PYwaC2E4qIiMip8X//7j7b3lLk7//qJgH77X6G0jZCEZHjcyYCrF//8Tm/+EINvKXp6niaZ3NrfHRx6P1N4vt4pRKNpRUMw8CIR/CqNXA8nFyexvoGVqoHM9hZHWUYRkeoZYbD2N1JrK44VrILJ5fHyWzg5hv4joNXqeK7LkbAbp2g+Udznx/vFCW1zwWmaRGKRIklE9iBZki1sbpCuVDAdRxqlTJO/VVV2bYAy3UcHMfBBKxg8K0qwkRERETehxdzqztu+7svrhPgLQMsbSMUETk2pz7AWskWWc0W+Xd/99FxL0VOiOG+JFOLGxQrdeKR4HuZw3ddGusbOLlNzFiU0LkRarMLuLkCXqmCs57FHxuGgL2zmft+53WcZoN3wLBtzGgEw7Z2vHPY4nke+UyGjbXV5rZCyyTZmyYYiZBbXSW3tobTqBOOxegbGaVnYAA7ENh3De3qLMNshmSmiW0HXm07bD4W13HIZTIsTU6Sz67jNhwMo1nJ1TM4wOD4OQLhMBurKxRzOfDBDtj09A+Q6O1tV465jsPq7CzFzTz4kBoaondw8NDPl4iIiMh+3FcXvzkyrW2EW6uwWtsIVYUlIvJenfoA6+6Tef7204vHvQw5YS6P9TK3kuP6RP97Ob/vODTml8BxsAfShCbG8SpV3EIRv9Fohlv5ZrhlHLTNz/dxiyVqM7NUn0/jVyoYAZvgUD+BwX7MYBDX2/2HL8MwaNRrrM3NsbHafIcxlkiAYVDK56lXq/i+j2XbbKyscu7GDQYnJvZZS/OKh7m1NTazWTzHIRSNkhoaJByLNeer1ViamWb64UOKuRyNeqN5IM3eWhurK+TXMoxcukS1VGLhxQsqpRLhaBTTson39LQDLM91WZmbZXV2llAsRv/Y2Bu/FiIiIiI/qN22EW7MHy7Aqlcgu9D8PN4D8d69xxbXofiqt2tqBIK7XFBn6xjbhvQeP+ctvzh4bfvNs83iyjr5QpHxkQFikfCuY14urFCudF4sKBoJE4uESad2Vqu96fi1bI5MNr/nGqORMOdGmhd3KlWqzC6sMDTQS3dXfN/1Xr907sA5+lLdRCKhPR/7Vosr62Q28uQLRQK2TTqVZKi/91DHikinUx9gffdskb//XNsHD5IvVQnZNuHQ65e8Umuwni8RsG36e2Ks58v0JCJY73kL2FKmQH8q9l7n6U1EeTi58t4CLLdYor68CqZJoD9NIJ3CGeijPr+EV67ivtpGGOhP7xtg1Wbnmz2zanXcYgm/XMEIhohcuUDk+mXsdApME/YJsJp9qUzq1SpOw6FaLmMHAgQCAexAgFqlgus4bKytEltI0p1Od1xR0MenUioy/egRSzMzeI5DuVigVi4T7+lh9PJlRi5eJBQON6+GmFlj6sED8pkMdiDAyKWL9I2MUKtUWJ6ZIbe2xtr8PHYwQGpwiHAsRj6TwXMcivkcTqOBHQjg+z61aoXCxgbVcpmBcxNEE4kjf61EREREjtRu2wiLGaiXIRjd/9hqAV5+2/w8FIOPftGs6trObcD0XSi/Ck+iid2Dpa1jDBPCXbuHYq05D7LXPNv84d5j8oUSm8UyX965vuuYxy9mWc5kO26zLRPLsuhJdHH72gWGB3rfevzCcobvHm8LErcYTKfaAVahWOYP957Q253g3/z15wQCO38Nbs2/NcDaa45QMIBtmQz2pfjo2oVdQ7FcocjdB89ZWctSqzeIRkJUqjXMGZNIKMitK+c75hKRg53qAGtmKctwX4LgLt+ADuvB5BLD6SS9yd3/s1lYy9NwPCaGet56ju1832c5W2RpbZNStY5hGCTjYcYHu0nG3k8SPzW/Tk9XhInhFNAMr/7waI6JoR5K1Qo9XREeTi1z5/Iw3V0H/6f1Lp7OrtKTOIcVfH8Blm1bxKNBNgrNx3akPI/Gaga3UMQMh5pVUtEIdm8PVlccr1rDK1VwM1ncjTyO5+FkczgbeZzMOo21LP6rcnYnm8PJ5mBrebvRwMnlcQtFrO4Ehr3/17dpmBim2ezFZRr09Pczeukyyb4+GtUqL58+YeXlSzzHoVouUatUOgIsAKfRIJ9ZY3M9g+/7+L7frLaq1qiWSjgNB4B6rcba/Dyb6+sYhkHPwACX79wh3t2DU68RDIWpV6uUCwXymQzd6TTd6T6yy8s49Tr5TIZKoUA4GsX3ffJra1QKRQKhEAPj4wdubxQRERE5Co+nl1nbKHTcdmX8kG987raN0HUgtwj9B7yx7nlQKzY/r5dh6RmM3tw5bnUacsvgu6+P2y6/0jkGYG169wCrNedBjIN/Pn+5sMLS6jrxaISHz6b50c3LuwZC5UqVQrHMP/7r1xfaajgOSysZnk0vUCiV+Ie/+6t2JdJhxv/i55+1w6JavUGhWObnn39EOtW9Y/6tF3RyXI9CsUy5UuX3f3nE33z58Z7r3WqvOTLZHLlCieczCyyurPPzz293hGu5QpH//Ptv2cgXuH5xnPGRQYK2heN6bGwWuP9kij/ce0Ldcfj4mnYTiRzWqQ6wphc33rlRd09XlOnF7K4Blu/7TC1k+eTq8C5Hvh3P8/nu2SIN1+XiSC/JeBjPh/V8iXvPFvnkyghdsdBbn392OUe13uDKeF/H7Z9cHen4+3q+zEAq3hHM/e2PztY3z6F0gmy+fOQBluc41GcXwfWwEl3YqW4My8JOJLDTPTTWN/AbDtXJl80qLd/Hrzfw6g38RqMjrLJ7kgRHh7ESXTgbOeqzC83qrsVlvGqNSKlM+PIFCO3Ty8swaHVzty2Lnv5++sfHiSUSuI5DIbdBdnmZeqWC73l4nrvjFKFIhPTICImeFK7rsLm+zsbqKrVKmYXJSeqVChM3bhIIhdjMZPA8j0AwSDzZTTASwWk08H0Ix2JE4nFKmwVqlQr1Wp2unh5iiQQbq6sUczkKGxt09fbiOQ7rS0s06jV6h4ZI9PbqCociIiLyg5hbzjI5n+m4ra+76/BXeN5tG+Hqi4MDrK18D+YfQe8YRLZUodcrMHuvM5jazdLTnWNWXsDIzZ1VVBe+2Hn8xkLzo2X4OkQPbkR//8kUwUCAn39xm//r63/m2cw8Ny/v3aJidDDd/tzzfPp7u0n1JPj/vvkLTyfn+NGty4ce/2Jmkc8+utIxPp3q7jhmP4Zh8HRqju5k/I2Co+1z9KWSNBoOowNpfv3NXb65+4D//hc/awd5dx88Y3F1na9+/MmObZZ9vUn6e7v5b3+4z18ePGO4v5e+XQI4EdnpVAdYi2ubjPa/29U+htMJns9lKJZrxKOdwdHqRoloOEA80rzddT0y+TKO45KIh+naMj5XrBIKWFimyXq+RH8qvusWuedzGVzf54sbYx2/rA+nEwz0xLGs18e86XwbhQoLa3mqdYd4NETQtkh3x16Pty0i4QCZfIm5lRy1hkMyHm6PW90o0puIdqzB83zWN8vU6g7RcICerkjHugulGpulKqZp0pOIEA52fkm5nsd6vkyj4dIVC5PYJZzzPJ/1fJlawyEWCdIdDx9JkBEO2mRypXc+Twffxy0Uqa+sgmW1twhWp2epzczSWFxtv0PmlSt45QpGOITdnSA4PAi2SX1+GXezAJ5PYHCA6M2rWIku/HqD+tgw5XvfU19epZFZh2cWVncSe7DvgIU1GaaJHQhgvaraMk0TOxA84Icxg0AwRO/gIIMTE5iWTbVUYnlmhrlnTylvFlhbWCAQjtA/Okql3CyXdxoNlqanm723jFfPTcOhUm4+567j4LkO0USCRG8vm+vr1CoVNtZW6R0eplGtks+s4wP94+MEw+oDICIiIj+MhuNRe1Vh3uJ63uEDrMQgWHaz8qplc/lw2wi3qpdg7gFc+enr2+Ye7qyYqpe3/b0C63PNzwMRiKeaYVS9AquTMHqrc/xgZ0hEfgXmH7z+e88IjH20+3bGLdayORaWM3xy8xJjQ32kU0m++/7FvgHWVqZpEIuEuTg+zLePXrCwktkRYO03fml1/VDz7OXK+VEWljP85cEz+nq6O6qm3kQoGCAUDDARHuTOjUvcffiMlfUco4Np1rI5Jl8ucmFsiEsTIwS27aYI2DZ9qW6+vHONX/2/3/Do+Uv+9ksFWCKHcaqvd1+s1Nrh0tsyTYOxgSQzy7kd980sZTk32KxQyhWr/P7BS7KbZWoNl0dTKzycWsH3m82r51fzTC1k+eP3c2xsVvB3uWyc63rMreT46MLgrgHN1uDobeZrNFyqdYd6w3n15+t3ZOZX82QLzf/4WuNq9c5xT2dWqTuvj9ks1fjm/gzL65vUGi4vlzb446M5nFcVRN89W+TJ7BrlWoN8qcq/PHzJ2pbAKFeo8LvvZljJFqk2HJ7PZXg0tdLxmNtzZAvUGg7TC1n++GiuY+1vKxS0qdWdgwe+Cd+nsbSCVyiBaeAWiuS//i2bv/0DlaeTOPlN8F6/+MHRQZJ/81ckv/o58Z98RuTKJcx4FONVuGmGgpiRMGY4hJWIExofJTg+ghkOgePhbhZwN/L4jbd8HK++zvaLAw2a70ZZdoBAKEQ4GiXR20v/2BiJVC+mZdKo1Shk16mWS/i+9+qp8KlWymxms2yuZ9nMblAqFPBcj2A4RCyRIByLE47F6O7rIxyNNXtora5S2syzvrxEpVgkGo+TGhxqh24iIiIiJ54VgOS2nSCtbYRvam0GsvPNz4vrzSqq7arbAq3FJ+DWm5/3DDerp1qWnjV7aG1lB19/NKrNCq/6qx5e4QRc/KLZk+sAj56/xMfn1tXz2JbFnesX2dgs8nJh5cBjtwrYNo5z+J/3W+Mbu/xMnC8UyWTzOz52GxuPRvhXP/mEar3BN3cfkCsccmvlHmzL4vrFcXzPZ2Z+CWj2zarVG1yZGN0RXm011N9LOpVkZn75ndYg8iE51b8xFso1uqL7bK06pPGBHn773TRXxtIEA813XfLFKo7jke6O4fk+958v8snVkXYV1PnhHr57vsRiZpORvmYVWCZf4me3JzqCqO3rjYaDHY3Ud/O28w2lE9RfhVMXXvW62s1hxnm+z7fPFrh1YYDe5Ov/zNZypXYYcu1cf8djSXdHeT6boa871twq+XyJjy52Hj+5sN4OlfaaY3JhnUfTK3xy5d22boYDRx9gefU6tZl5fMcF16X2cgHfcTBDQUKjw1jdCRpr69QXlsDx8B0XIxJubjO0bfxavR1e7cawbax49HXfK9drbjvco4n7+2KaJoFgkEA4hGGaeI6D57qAgf1qbXYgwND5C5y7fn1HINsMxGzCsSh2MEQy3Ue8u5tKqUhpc5PMwgKb6+s06jUGzp0jGo9r+6CIiIicLr3nIDvXedubbCNsNYJ36zDzLSQHmk3ZnWrn/dD5s6DbaFZZtQxdbVZghRNQ3Ww2is8tN7cmbuc2YOYvzaCsNceVn0L04AqgUqXK8+l5rpwfbW+JuzA+zDd3H3H3wbN2w/TD+PODpxRK5UNXbrXG79b0/O7DZ7sGRf/qx58wkN7Zx3i4P83ffvkxX//zt/zLt4/56sef7NrD67AS8RiRcIjltWYD+lq9GR52xfevxLMti1AgwHpu863nFvnQnOoAq687vmPb39sIBiwGUnHmVnJcHG2Wkb5c2uDcq/5Quc0KwYCNbZlUaq/fzRhMxZlfex0ojfZ37xleAfh+s+LrIEc137vIFSqEg3ZHsATQ1/367+GQjeN61OoOvu9jmSbFSr19fCS08/jzQylezGX2neP8UIr//OcXuK73To8vFLSJvWOF3nZObpPGSqb1YmLFo4QvThAcGcJKdIFpUn0+hbO+gVcq42wWcbJ5AoMDh6ow8l23eTVC51XwZpkYwQC8p9d5L57nUa/VqJWbfbOMV1sRI7EYsWSS7MoKnufh1Gvt2/YT6+oikU6Ty6xRr1ZZePECp17Hsm3SI8Nq3i4iIiInnA/zDztvcqpgWrC1v+ibbCMMx5uhVWYGSll48S/N4AmaIVgl33mlw5bVaai92vUQS0FXurmOgUvw8i+vems93D3Amr4L6/PNMaYNFz6H5OGa1z98Ok21Vu8InULBAB9dPc/dh89Yy+Z27eX0+MXL9uflao219TwLK2uMDKS5enHnGvca39/bw/VL4zvGjw8P0N21s3psa9+prUzT4NLECBv5AvefTvOn+0/5yae7NNI/JNd1qTcaRLfN57oHV5jVHee9XwFe5Cw51QHWWq64a++qtzEx3MOfvp/n/HCKuuOS3Sxz6+IgAA3XJV+s8GK+c8+17/v0dL3+RhUO7r9nPhYNUizXcFwPe59A4qjmexcNxyV0wDsRT16ukitU6YqGME0Dx/XwXr071HB3P35rgLfXHKZpYFkmjXcMsGp1h1Kl9tbH76Y+v4hbLoNtErl0nuhH17FTPc0tf6YJvk8gncLqiuFVqvjVKs76On65/LoRuw/bd5i2gqva1Euqky/xqjWwTKyuOHZPN4b9AwU8Ps2rBa6vM/fsKfn1DK7rEgpHSPT20tXTQ3p4mOWZlzTqNbLLKzz5858ZvnCeaCIJvk+lWKSwsUE4GmVwYoJAKIQdDJIa6CezuECtUqFcKGAYBr3Dw6+2Kb6/r2URERGRd+b7sPBg5+3Jwc5G6Ie9GiE0Q6fx281+VI0KrL1sNmUPRGDsVjPQ2s3ys2YABdB3vnkegP7zMHcfPAc215rnTW6pipq7DyuT4L16g/zcx5AeP9SVBxsNh6dTc4wP95NOdb5xefXCGH959Jzvvp/kFz/7dMexf7j3pP15KBDAskyuXxzn+qVzu4ZM28dvbBaYGB3kyzvXdx1/bmSA4f6dvaz2274XsG0+vnGJtWyeR89n6EnG9xx7kJX1HK7rtddwbmSAP957wsz8MsMDezeXzxWK5PLFQzegF5FTHmB1RUMUyvUjCbDikRBd0RBL65sUK3VGB5LtsCUWCRENB7l1YeCdtjkFbYu+nhjPXq5x48LeJbZHNd+7iEVCbJbW8H1/1zUUK3XWNkr87OOJ9v2O47Ky3rwccSwcZLNU3XH81oqyveao1Br4vk8o8G6hRrXhdFw+9115tTq1lwvgedjpFNE7twj092FsDdkMAyvZhd3TjbOew683cDIbOPkCVqILr1ZvVle96mVWeTpJfXG5GX45Lm6pjFepgO9jp7qJXLmInU7hmeA4DTzXxffBc91XTdLd5m2uh+/7r+7z8F8Fib7n4blOO1hsjn811nv1Jz7lYoHn333L7JPH+DRDrGqpRKNexw4ESI+OMHThApF4nN6hYUYuXWLu6RNq1QpL01NkV5abVVR+s3m76zp09zW3DfYMDGBaFl09KRKpFJvr67iOg2nZ9A4NE4oc7VUiRURERN6L7Y3UAcY+7gyw4M22EcZ6mmHV1J9eB0tDV/e+GmB2HorNrWqYdmdz9nAcugebY3y3eZXCVoCVnYeF77f0zRqBeBoqhc7zByM7r2AIPJuZZ7NU5q8+uYG97Y3HRDzG+dFBchF65AAAIABJREFUpueWyBWKdHd1hkF//9PXoZZtmViWSTQS3rNCaut43/P4f377ZwrFMonY7lVtAdsmFHzzN3tjkTB//cVt/s+v/5k/3HvS/vn5TTQaDvceN3uWjbwKotKpJOlUkseTs4wM9u26tbLRcPiXbx/TcBxuXb3wxvOKfKhOdb1iPBKieIQVNhNDPUzOr7O4tslY/+vy13gkSDwa4vHMKm4rCPB8ns9m3rjH0vWJAdY3yzyYXOpoVF6q1PnT43kKpdo7zRcM2u1tfJ63Syf5Q4pHgnTFwh1rqDsu918sUas7WKaB63q47uuG3pML2fbYeDRELNJ8DK111BouD7c0cd86R2tMveHyYHKZ88Opdw7vavWjDbDqc4s0VpvbH+1UD3ZvT2d49YoZDGJGI81QCnA28tSXVnA3iziZdbxypd3o3SuWaCyt0lhYprGyhl+tYicTRG5coesnnxO+cgErGqFRq1PM5ahXKoCP06hT3tykUiq9+rPYDKsch3Jhk1qljO/71KtVivk89WoVz/OplsuUN/NUK2WqpRJOvfm14joOxVyO9eVlssvLFDY2MC2L9MgI1z77jCs/+hHd6TSmZRFNJLh4+zZXPv2Mrp4eXMehlM+Tz2TIr2co5fN4nkcoEmlXVhmGQTgWo6e/n/CrwCoUCZNM92r7oIiIiJxeqXPNqxFu1dpGeBiG2dz6F3vVlzaWguFre1dFrbxohlPQ3CK4NWwyTBi69vrv63PNRu2VTZj84+um7dDcsjj1J3j6286PzOvte1s9ejZDIhbdNYwxTYPb1y5Sqzd4/GJ2x/2jg+n2x2Bfir5U957h1fbxI4N9fHnnOuu5TR49n9nzmLfVk+zi51/cplKtUaoe/vfKRsPh5cIKv/7mLnNLa3x66zI9yS6g2dvqb764Tb3h8Ns/3ef+kylKlWr72JcLK/zXP9xjZn6ZT29dVgWWyBs41RVYw/0J8sXqwQMPKd0do95w6U3GdgQfty8N8nwuw+++m2lvlxtOJwi8YZVQMGDx41vjvFhY5/f3m+fy/Oa7EeeHe+iKhd5pvoGeOAureX53bwbDgM+vj7Ub07+prWuwLBPX85gY7Gk/N+dHUvzzw1lCQRvf8xntT3bs4b5zeYins2v85rspbMvCNAyujKc7QrjblwZ5Ppvht99NY1kmvucxPtjD+OC7X0q2WndIxvf+z/FN2T1Jkl/9HPCxk12YewQvRjhE9OY1QuOj+K7brMqKxzBjEUJjw1iJrubtW/JFwzDAtjCCQcxgADMcxoyG283cA6EQwxcukhoYwHVdDAxCkTCxRIJoVxfXv/gSp9EAfELhCNGuBIZhYAeDjF+7Tv/YOPg+lm0T6YoTCkcYu3KF9MjIznebDAPLsrADAexgkFAkQiAUageKpmkS704ycfMG/WNjlDY3qRQLOPUGhmkSjkSIJZNEu7oIxV73I7Bsm8GJ88S7e3AadWw7QKJX2wdFRETkFAuEmlcj3NrM/U22EQIEwnDpr6CQaVZe7VIBBTSDqOyWaq/WlQdn/tIMp8Y+alZgbW0Ov/ikeZXCSr7zXPVKZ6DVvn3n71YvF1bIbOT5/KOre1Y69ae7Gerv5fvnM9y+dmHfgOpNmKbBlfOjzC2t8u2j54wMpnf02frtn+7vua7/4V///MA5xob6+MmnN/nNH+7vOWb7HJ7nU63VcByPT29d5sbliY7KtMG+Xv7hb7/k939pNrh/OjWL9er+cqX5xnLruP22OopIp1P9r+X8UIr/eneSz66PHtk5//6Ly7vebpkm1871c+1cP67n7Wi2d2ufLYHb2bbVPpfjehgGO873tvOZpsFn10fxPL+j39T28a0G9Vv9/JPO8tWD1nBusIdzgz0d9430vy53tiyTG+cHuHF+oGM9P9vSCN4yTa5N9HNton/Hmt/VUmaTK+N9R3Y+qzuJlUwAYJgG7FEhZlgWdk8Suzux5cZX4U8wiNW9SzhnvAqx9mjiaAcCJNNpEr297e2HhmE0jzEMIrFtjStfzWcHAiR7e0mmUh33GYCdStHVs/ProD1mnwo4wzAJhSOEQmESqRSu02zkD2BZFpZt77jaomEYhKPR5pZB3z9wDhEREZF3dWVicEfzUcs0GO5Lsv3HzmQ8gm1bO35+7OuJAwb07bLVyzBg6HozhNrK22PXRDD8Otjauk0w0dfcTmhueWOvZwRCr7bjxXuagVPvqybmdqDZvL2yCYtPm43kYykYuQ4TdyC/9np9gdDhw7T4zp8Ny5UqlydGuXFl7ysG2pbFJzcvMTW7RLVWJxYJMz4ycOCV+Lbaa3woGOAnP7rJn+4/ZXX9daP4dCrJtYs7m7rvJhYJce3i+I7+Xa21X7swTr3eILdZ6rhvvzmuXxqntztBsqt5FcKtTNNgbKifv/9piI18kcXVdRqN5tfE2FAfY0P9ux4nIvs71QHWxFAPS+ub1BrOgQ3Hj9JRXiliv2bu7zLfUQZBB63hMOs7zHqOcs0Nx6VUrtPTdXT9lXbbLrj34D0CLsM4TJ/MXQ47IOzZN2zafS3GAccdcmFYtn2oKywetB4RERGRo/aTOzuDG9uyuDoxwIXRzq1bkVAAwzD4ycfnO24PWGbzZ5eJz3ZOYFrNCqxoz87bdxPugolPdo4xTLCDnWMHL7++wmHrvtaxhtE8Phhp3uc2IPQq/Om7AD2jr8cFwq+PO8j2NdAMlkYG+w6sqhof7qcv1U0k3DzH9Uvj7XYjh7Hf+O5EnC/vXMfc8jPk6GDfrlc93E1XPMqXd67vWakVCga4deU8DafzyoH7zREJB/etnjJNg75UNz3JLob7e/FevdkbsC0FVyJv6VQHWAAfXxlhaiHL9YnDXf5VPgzr+TLD/YmDB4qIiIjImZXcowIoGt4Z1LR0x/cKn/b42dIKND8Ow7SazdYPY7ethNsDJisA1/+mWd3equiygzvHHXbOXRx2O2DAtgnEX/96+abbCA8an9j2WoaCgUM3b7cta8fx20XCIbY/428yx35zx2O6aJHIUTjVTdwBPrs2wn/58+RxL0NOmBfz6x2N+EVEREREzqSudHML4i7VUyIiZ8mpD7D6e+IM9nZx/8XScS9FToiFtTzJeJhYRP+Ji4iIiIiIiJwFpz7AAvjFF5f59R+fH/cy5IR4Npvh6hE2bxcRERERERGR43UmAqyuWIiffTzBr//w7LiXIsfsyctVLo72Egzs0btARERERERERE6dMxFgAXx5c5xK3eEvTxeOeylyTOZWcniuz/iAel+JiIiIiIiInCVnJsAC+O9+foNHUys8eLF83EuRH9jCWp7VjRI3Lgwc91JERERERERE5IidqQAL4H/6tz/i22cLqsT6gMyt5FheL/LptZHjXoqIiIiIiIiIvAdnLsAC+J//4VPmV/PqifUBePJylUKppvBKRERERERE5Aw7kwEWNLcTJuJh/rf//b9x7/nicS9HjtjCWp7/cneSaDiobYMiIiIiIiIiZ5x93At4n768Oc7N8wP8+k/P+d29Gf7u04sMJEPHvSx5Sw3HJZMr8WJ+nUQsxE9vTxCwTXzfP+6liYiIiIiIiMh7dKYDLIB4NMQ//s0t1nIl/vx4nv/jv86QPneDoXSCcNAmFLQJB5p/yslRqztUG07zz7rDUmaTYqnGUF8Xn1wZJhoO4Pu+wisRERERERGRD8AHk9r0dcf4tz++yl/fHuXKeB/ZfJlMrkSt3gxJYpEQ2c3ScS9TgFQiRqlSI/QqYEzGwlwZ76M7Hm4HVgquRERERERERD4cH0yAtVVPV4SershxL0PekEIrERERERERkQ/TmW3iLiIiIiIiIiIiZ4MCLBEREREREREROdEUYImIiIiIiIiIyImmAEtERERERERERE40BVgiIiIiIiIiInKiKcASEREREREREZETTQGWiIiIiIiIiIicaAqwRERERERERETkRDvWAMv3/eOcXkROCX2vEBERERER+bAdW4BlGIZ+KRWRQzMM47iXICIiIiIiIsfk2AIs0zTxPO+4pheRU8T3fQVYIiIiIiIiH7BjC7Asy8J13eOaXkROEc/zFGCJiIiIiIh8wI4twLJtm0ajcVzTyxmjcONsc10Xy7KOexkiIiIiIqeOfleSs+LYAqxAIIDjOOqDJW9E33w/PL7v43kepqmLpoqIiIiIHBX9biWnzbE2cQ8Gg9Tr9eNagoicAq3qK/0HKyIiIiIi8uGyj3PycDhMoVAgGAzql1N5K62vG9/3aTQa+L7f/mjd3qJqv9PH931qtRqhUAjHcY57OSIiIiIiJ87W36VbnxuG0f7Y+neR0+xYAyzTNAkEApRKJeLx+HEuRU45wzDwPK8jwNotxNrt73Jy1Wo1XbFURERERGQX2wOp3cIrBVdylhxrgAUQiUQoFApUKhUikchxL0dOia2VV7vdvhff9/UN/JRoNBoYhkEgENBrJiIiIiKyi8NUX20fr5+t5bQ69gDLMAzi8TiFQgHTNAmFQse9JDmhDMNoB1Bbg6ut34C3BlS7jd9+rJxMjuPgeR6hUEj/wYqIiIiI7GKv8Gr7n7uFVtvHiZwGxx5gQXMrYSvE8jxPlVhyaFtDqpatodVe7zrIydVoNPA8j3A4rCsPioiIiIgcwmH7YImcZiciwAKwLOv/Z+9en+O67zvPf0736RvQ3bgDJAES4EW8iKQkSrJEWpFkeSyPnNhK7FjKeDLKTKZ2a2cf7IP5S3a2NlXZmgc7U9mk7IodO7HjOJEcy5IsU5Qp3ikAFAkCJADi0gD6iu5zuk+ffdBAE5cGCRK3Q+L9qmKJ6D7n/H592ATVH3x/35/i8bhyuZxyuZwikQgfXnFPSyus+Ib8aFvYiD8cDvPnCQAAAKzSvQKspY8BjyrPBFjS3Uos27aVyWQUCAQUCoXk9/u3emrwiFqh1WpCLJYOele5XK4uGTRNU36/n39YAQAAgFW63/LA+/0XeFR4KsCSKn+JQqGQgsGgCoWCMplMtZGz3++v/uIvG+4XYtXqlUWItbXmd4csl8vVX67ryjRNBYNB/l4DAAAAD2Cl8Grp14RWeBx4LsCaZxiGIpGIIpGIisWibNuWbdvVD7wPa3Z2Vvl8fh1niq0w/x5Y+F5Y6ffwlvlSZp/PVw2mAQAAAKyfWksKV3oeeFR4NsBaKBAIKBAIrNu1aBL/6FsaUN0vvCLQAgAAAPC4ul9IRWCFx8EjEWABS91reeDSb840eAcAAADwuLtXP+DVHAd4HQEWHlnz33hrBVdLwy0AAAAA2C5YNojHEQEWHnlLg6yFjwEAAADAdsZnIzwuCLDw2FipAgsAAAAAthNCKzyOCLDwWOIbNgAAAAAAjw/fVk8AAAAAAAAAuBcCLAAAAAAAAHgaARYAAAAAAAA8jQALAAAAAAAAnkaABQAAAAAAAE8jwAIAAAAAAICnEWABAAAAAADA0wiwAAAAAAAA4GkEWAAAAAAAAPA0AiwAAAAAAAB4GgEWAAAAAAAAPI0ACwAAAAAAAJ5GgAUAAAAAAABPI8ACAAAAAACApxFgAQAAAAAAwNMIsAAAAAAAAOBpBFgAAAAAAADwNHOrJ7AVcrOFrZ4CAAAAAAAAVmlbBlihYGCrpwAAAAAAAIBV2pYBlmn6t3oKAAAAAAAAWCV6YAEAAAAAAMDTCLAAAAAAAADgaQRYAAAAAAAA8DQCLAAAAAAAAHgaARYAAAAAAAA8jQALAAAAAAAAnkaABQAAAAAAAE8jwAIAAAAAAICnEWABAAAAAADA0wiwAAAAAAAA4GkEWAAAAAAAAPA0AiwAAAAAAAB4GgEWAAAAAAAAPM3c6gkAAAAAAJZznLLskqNSqayy68p1XbnuVs/qLsOQDMOQzzBkmj4FTb/8fmokAGwMAiwAAAAA8BCrWFLBKqlYKilXKGomnVcqm1c6Z8n0+zSTyW/1FNUUi6jklBWvD6khFlFTLKL6cEAB01Q4ZCoU2LiPmqWSo2S2oOHJlJKZvLKztnw+Q7m8vWFjAkvVR4Iql11F64JqjEXU1dagxmhYpunf6qk9tgiwAAAAAMAD7GJJeaukYsnRpet3NDGTVdA0ZZo+BUyfIqGA6iNB1UWCWz1VBU2/cnlbs1ZRqZylgZFp2XZJ7c1RPXVgpwpmSZFQQMHA+n2YL5YcfXThpqZSs7KLjmatooolRyXHkSFDJae8bmMB92P6fXLlyvT7FTD9uhoaVzDgV2tDnX7vmb0KEGStOwIsAAAAANhiuYKtUqms2+NJXR0YU1tTVLva4vL7fPL7fDL9Pvl9hvx+n+q3erJzwkFTTtlVySnLKVd+lUpl/evvruvY/g7tbm9U0XFUH1574Pb5zXFdHRjT5ExOVtGpcYSH1lZiW5gPTB2nJMsuKTtrSZImZ7JKpGZ1dF+HntzbsZVTfOwQYAEAAADAFim7rrKzlhzH1Wd9w5ot2NrV1qD6SFCmx/tJ+f0++f1aVGVVcsoyTb+uD09pbCqr5w53Ku0UFK0LyWcYDzxGuezqX393XbfGk0rnCus5fWBDWEVHwxMppWctjUym9bUvHZDxEO99LOft74gAAAAA8BjLzloqFh39y5l+lcuu2pujaoiGPR9ercT0+9QYDaujOaqS4+gXp/tVLDnV6pQHYRVL+rtfX1b/rUnCKzxy0tmC+ocm9aNfXVaxVKtqEA/q0fyuCAAAAACPuPllg+9++oV2tcbV0linunVYbucFdeGgWhvrtastrnfPfCHHcZUrrL7Jerns6h8+uKrh8RQf/vHIKpYq1Vg/+fUVuV7aQvQRRYAFAAAAAJusWHJk2SV91j+iaKSyi9nj1vQ5YPoruxNGgjrXPyLLLq06jPrl777QyGR6g2cIbI6RybT+9ez1rZ7GI48ACwAAAAA2WS5va3wqo5n0rHa1xbd6Ohuqsy2uqVROEzM55fL3r8LqH5rU9duJTZgZsHmu3Uro+jDv67UgwAIAAACATWQVSyo6js72DWvPjsbHrvJqqYDp154djfrd1VsqOWXZxdKKxxZLjk5fGZJdc6dB4NFl2yV9fHFQJZbEPjQCLAAAAADYRLOFoq4OjKu1sX7Le16VnLLK5bu9eRynrPIG9OqZ74l1ZWBMuUJxxeM+vjSoZCYvugVtD02xiOrCgUWP1YcD2tfZrM72BhmG1NEcld+/8bv47elo3NBxXEkz6bw+vjy0YWM87sytngAAAAAAbBeOU1ax5OiLWwk9d6RrTddy3blqrpIj13Xl8xkyfX6Fgn4Zxuo+iFt2Sabfp1Cw8tEwbxVlmn6Fg+v/UbGjJaazvbd1dF+HHKcs/5KdFkslR32Dk1prftbZ3qAj3W3Vr11JBbukqVROg6MzKtgrV4Btd7s7GtS9o0mxupDKrqvpdF7Xbyc0k8lvyHhPP7FTEzNZfX5zQpJUFw7oay88oVvjSQVNv6aSOb38zF79+twNJZKzGzKHeS8e26Off9yrWWflgHWtXEm9Nyf0e0/1LHv/4/4IsAAAAABgk9glR7m8XQmb1vgBdrZgqexKoYApw6gEWiXHUckxVr0ssey6iwKjcCgg3yrDrwdl+n3yGT7l8kXFIs6yD/DT6byseywvXK2maER1kaAuXBuVJBmGoaDpV2tjnQ6dbNOZq7c1NpVZ8ziPE5/P0Knj3WqoD+vW2IxujSdlyFBTPKJXTuzTB+duKJktPPT1D3S1KBwK6MqNsUWPXxkYk2XfXVLX2dagYqms67en5PcZKpYcfXxpUJmc9dBjr1ZjLCyfb+NDJbtY0nRmVm2N0Q0f63FDgAUAAAAAm6RYcjSVzCkaWdvSQdd1VbBLaohG5Pf5qgGW6TekJQGU45TllMuSYcj0+eTzrT6gKjnlSqBlSKVSWQHTv/TyDyRaF9RUKqeWeJ3CocXPDd6ZkbsOyxd9fkN20dHIRKrygCH5fT5NzGSVyhb08jN79U+/7VvUUN70G+pojikQ8GsmnVdqQVjj8xlqb4qqLhRQ3i5qKjW7qEfX/PORkKls3tbkTG7RfBqjYTXGI3IcV4lkTnnrboVPS0Od8lZRTtlVR3NUI5MpOY5bnVN7U0yhoF/pnKWp1Kw6mqOayeQXjf+w11/o+P4d6miO6jcXB5XOFmSXHBmSJpNZJZK5Rcs+73Wvao3X2lCvY/t3KFoXVCZXkFV0qgGi66q6ZLWjOaon97YrVh9Sczwiq+gomS3IkFF5/y78M17DPZckv99QR1NMwaBfyUxByRoVZj6foY7mqMJBU5lZW4lkbtkxD6PsuhoaSxJgPQQCLAAAAADYJE7Z1WQqp2hdeI1XMlR2JUN38yrDkAxjcQVJrmCrXHbl9xlyJeVLRdWFAytWaC1dUmjZJRnGXJDlMxQwfaqM+nBidSFNzGS1r7Nl2XOjifSalw/Oc11XzqLeXo7soqN8oaiu9kYd7m7XZ33Dkiqhy4tH92gmk1exVNKhPW2aSs3qbO+wTNOnrz63X3mrpNmCrY5ATE8/sUvvftKvsis1xiI6dbxb2bylfKGonl3NkqSPLtxUqVTWqePdqg8HlZ4tyO8z9OyhXYsqwA7taVOpXFZrQ73SswXdSWTkyFFrY71OHtujVLagvFXU7o5GOWVX8bqQPv38tqZSleV0D3v9hUy/oROHOvWrs9c1MZ1d9Nxsoai8lar+udzrXq00Xrw+rNaGetVFgmppqFcuby+a38RMVteHpxSvD6utMaq6cGDRcSeP7dG7Z64pOxc4rvWetzTU6dTxbqVyBeULRe3d1az0kgqv6hizlvJWUXt3tUhy9fGlIVlrXILqutLIRErPH17bEuLtiAALAAAAADaJ45Q1nZrV7o7GNV3HMCrNrjN5S0HTL9P0zy3RWxwuBUy/fIZRCblcyTYczRaKaojWDrCWLiksu65KxbLqI0H5fcaqe2utJFYX0u3xlBynvOy5mfTG9FlayC45Ghid1vH9O/RZ37B8hvTy03vVNzShsemsyuWyIqGUnjvSpZ6dTXLKldd+tndYRacsv8+ncNCU60o+Q3r12X0aHJ3W7fGkSk5ZwYBfu9oaqhHf7fGkLLs0V9FkKG+V9PyRLv3jb3olSfWRoNqbo/rg3IByeVuO48jvN/TqiX3qvzWp0cmUSk6l8m13R6OefmKnzvWPVl/Pw1x/qcZYRHJdjU6mat6z+ffD/e7V4J2ZmuONTKb0xe2E6uuC+mI4ofKCP/v6SFChXCWWWOm4hlhEvrnlpmu95z6foVdO7NPNkSndqp5v6tCeNkWCgXuMYero3g596UiXfnNx8MHfeEtMb8J7/XFEgAUAAAAAm6RcrgREsbrQ/Q++j3AwINPvV8lxZNsl5cuuTNOnulCgGjQFTL/kunLLrlxD8vt9Ki5YOrcapulTMLC6nlr3U3nd7qKdD+ctXSa2UfIFu9qkvrUxqvq6oMamMiqWKuFONm/rTiKtIz3t+qxvRA31YcXrwxqbyihj363Uma8W6h+aXNQYPpu3VZoLX8am0pJhKBIKyGdIkzNZnTy2Z9F87iTSGpm8W+W0oymqgOnTF7cmZS1YKpi3inrtuf2Lzn2Y6y8VCpiySo5KNZYWLnS/ezV4Z6bmeLOFojKzlly59+xltZrjWtd4z9sa6xUJBdS36HxLJaesF47uvscYli5ev6PvfvW4PrkydN97dT8bsdPndkCABQAAAACbxDAkx3VlFR3VrbGJu89nKOirVF65rqvyXF+sXN5WdC4gK1hFlZyy/HN9r1zX1YN+dF5rs/mFrKIjp+zW7KO1WR/pm+J1Ss9WApJYXVCN0bCO7G1fdEwoGNCsVdR0Zla/+3xYuzsadai7TT7D0ODYjHpvTihWF1Quby/b1bBg3f366L4damuMKpMvyC1LwcDyHR4TydlF4VJdKKC8VVwUXkmVgGeph7n+UulZS/G6kEzTp1Jp5RDxfvdqteOtxVrvebQupGzeWnZ+Knu3ImqlMVLZvEy/T8GAqdIadypcj15v2xEBFgAAAABsEsMwFIuElJ21VBcOrMs1K03ZDc3XSKVzlqKqVHsV7JKikWB1aWHZdTVrPVgPH2MNPa+WysxaitWFai5FjNUFlZ3d2N3mQkFTx/Z16GzviKRK5Y5VdNR/K6FFqYthqOSUVSqV9cVwQvWJ4FwQEtCzhzuVyuSVzdtqqF+5l1m8PqQn93boV2evyy46ciWFAn6dONS56LillWcz6byaG+oVCvgXhVix+sVVew97/aVyeVuJ5KyeeWJXtZdVLfe7V/ca78Fj05XnsJZ7nlvh/Ejo7t/FlcaIhAKVZbjF5cswH9RaN3HYrjZ+j0gAAAAAgKTKbnhtTfXKrDGoKTtlzc41aF+o5JSrFVOuW1mq5/f7qr+K96iw2QyZnKW2pmjNqq4dLbENG9fnM7SrNa6vfekJjU1ldGu8stxtOj2rqdSsenY2KZUraDqdVzJb0K7WuOyio+Z4RPH6sGYyeY1PZzWSSCkcNBUMmJpOzypXsPXs4U75/ZVALhTw68WjuxUOmTIMQ9FIUNPpvGYyeSUzee1sjVWr4VaSzhU0ODqt154/oM72BjVGw+re0aQvH+9etJvew15/qXLZ1enLQ3pid6u+9OTuagN/qRKavXJirxqj4fveq3spWCXF5kKhB9kFc6m13vOpVE4Fu1g5f+6xcNBctOxy0Rhzx4SCpk4d71H/rclFYd3D2tkaX/M1tiMqsAAAAABgk5h+Q22N9Rq8M72m6xhzVVfZfCUIM2SoLFc+w1BduFLd4fP5FAqYysxalV0IXcn0bW0NQ7Zg6cmGDvlrBFi7Oxp16Ys7i3YPfFi72xv1rZePVL923coSvFtjMxq8M1MNXIqlsj6+NKgne9r1jVOH5xqm+5TMFFRyHAUDYR3fv0PBgF/FkiPT9GtsKjPXB6qs31y8e26x5Chg+jU5k1Wx6KhUKqv/1qRef/EJ5fK2/D5D0+nZ+74+p+zqbO+wenY2ad+uZvl9hmatovoGJ7SjJaZYMG1nAAAgAElEQVRiqVJBl8vbD3X9WsanM/rNxUEd6GrRGycPyi6V56r2XE1M55QrFO97r+7l9kRSh3va9capQ3JdV78+N/BQu/mt9Z4XS2V9dGFQT+7r0O+/dFh2sdLofXgyVe27VR1jb7u+8eXKGKbfr5nMrC7fGHvgOS/l8xnas8ZNHLYrAiwAAAAA2CShoKl4fUiZ2QdrpL6UYRgKB02Vyz65qvSPMiT5DKMaDhmGVBcOVJd0GTLk8xkyzbvh0cKG76v5eq0yOUvxaEihGk3hdzTH1mWh2cDwlKZTs4uq01y5KhYdZfL2suBkciarC7ajSNiUzzDmwi5bTqms6fSsLlwblWlWdngsu65mC8Vqf6Sl55ZdV5lZay4wcXWuf0TRSGXpX7nsKlewNTmTq459tm9Ydo0gJ5u39MXthCLhgPw+Q8VSWXbRUThoKjv33ik55Ye+/lJO2dXIXIhTFzbl9/vluq5KTlmZnFVt2n6ve3Wv8XJ5Wx9duKmg6a/sbDl3vaXHX7udkLmkQusXv+3T7IKNB9Z6z8enM7LsUqViS4acsqtUNq9EMqe8Zd8do+goMlfVVS67yuat6r1fE9dVR/PGVRs+zgiwAAAAAGCTBEy/ggG/WuJ1yuat6gfth+HzGfL57r07YK1jFn69tBLqfl+vRXbWUntjVEHTX9kdcYm6cEBtjfUan86ubZy8rewD7LToulIym1cyWwn9FrZ3souOJpOV8GPpc/c7V5Kys7ays/ai53IL5jaTzquWk8e6VbCLGrozo9lCUfXhoJ473KWBkelqmLSW69dSLrvV1+IzDLlyH/j1rjSe60qJZG7ZOUuPr9UDbWwq80BzuN89cV1pJpOXMovPXziO60rJTF7JTO0x1qKjJaZIiCjmYdADCwAAAAA2iWEYioSCevZwp/oHE1s9nU3VNzSpE4c7FVmhqsswDL323H6toUXSmt0rqLhfiLGWc5e6OTIt0+fXUwd26tTxHh3e266ZzKzOXL1ds0ptvTe1K7vLw6v1GHO957nWe75ex6yWYUhfeW7/ulY1bifEfgAAAACwiSKhgJpiEfXsbNTgnRn17Gza6iltuME709q3q1mN0fCiHd+W6miJ6cm9O3RlYO29hh5lEzMZZQuWwgFThs8np1xWwSpqtlC8/8nwrGP7d6ijKbrV03hkbcsKLOc+DeYAAAAAYKP4fIbqw0Ed7G5TwSoqlS1s9ZQ2VDKTl2WX9MSeVtWFg/fchc5nGHrx2G7F6x9+aeXjoOxWlsIlUrOanMlqOjVLePWIi9eH9eKTu9el+mq7ZhrbLsAyDEO2vQ6N1wAAAADgIYVCpqKRkJ470qW+oYmtns6G6h+a1POHd6s+ElJ4Fb1/4vVh/f6XD2/CzIDN8wcvHVasPrwu17Jte1suQ9yWAVah8Hj/hAMAAACAt/kMQ/WRoJpjEb30VI/O9Y0o+ZhVYiUzeZ3rG9FLT/eoIRZWNBKUb5Ufune2xvWHrzy5wTMENscfvXJUO1rWb+fBQqFAgLUdGIYhy1q+swEAAAAAbCbT71N9JKT2pqhOHtuj6dSsBu/MbPW01sXgnWnNZPI6eWyP2puiikZCMh9wR8Oenc367lePqzG6PlUrwGZrikf01r85ru517nNnWda2DLC2XRN3n8+nbHZt27ICAAAAwHoIBvyKR8MKmH4FTL/GpjO6+MWonuhqVV0kuNXTe2DZvKXrt6d0YHeLOppiamusVzgcUND0P/C1fD5Duzsa9fsvHdHlG3d09caYyuu8ix2wEQxDOn5gp47t26GO5vVv2p7NZuXzbbt6pO0ZYM3MPB4/1QAAAADw6AuafvkihoKmX5GQqeZYRENjSV27nVB9JKhwMKC6kKlIOKi68Mo7+G222UJR+YKtWauogl1SLm+rvTmqLz25Ww31YTXGIgoG/A9cebVUR3NUdaE9OtDVqjNXbmlsKi2/36+S48gl0IIHGIZk+v1yHEc7W+J68dgeNTfUKVa3MZsRTE9PE2BtB36/X9lsVrZtKxh89H6iAQAAAODxY/p98vkMtZlRNUQjCgUD2t3RILvoKFcoKpMrKJHMKRg0NZPOb/V01RSPyLZLitaF1BiNqC4cUDDgVyQUVEdzVMGAX36/b9U9r+4nVh9StC6oaCSoXMFWKlvQdHpWE9NZJTN5yTCUy7NZFzZPfSQoua4aYxG1N0fVHK9TQzSs+nBQLQ11G7bEz7Is5XI5hcPbb2nttguw5t9E09PT2rFjxxbPBgAAAAAqfIYhn+mX3+fT7o4GOU5ZeaukvF2UZZdk2SVJkl1ytnimqi4JDAVNhYKmIsGAIqGA/H5Dfl8ljFtvhmGotbFeLW6d7BZHxZKjgl1SsViWIalU3vr7gu3D9PnlSgoEfAoHTQVMv4Kmf8N7U82vKKMH1jZhmqYSiQQBFgAAAADP8fkM+XyVpXcB069YXVDzK+W8tGRu/vOzIcnwGfIZPm3GZ2rDMBQKmAoFTEUjG7NEC/CqRCIh09yWUc72DLD8fr+mp6eVz+cViUS2ejoAAAAAsIxhGPL7t1+VBYDa8vm8pqent22Atf26fqnSyN11XQ0NDW31VAAAAAAAAO5raGhIrutuywbu0jYNsCQpEAhoYmJCmUxmq6cCAAAAAACwomw2q4mJCQUC3tmJdLNt2wBrPrGkCgsAAAAAAHjZ4OCgJG3b6itpGwdYUqUKa3p6WmNjY1s9FQAAAAAAgGXGxsY0NTW1rauvpG0eYFWaIvo1MDCgVCq11dMBAAAAAACoSqVSGhgYkGmaMjZjm08P29YBllTZkbBcLqu/v1/5fH6rpwMAAAAAAKB8Pq/+/n6Vy2X5/f6tns6W2/YBliSZpqlCoaD+/n4Vi8Wtng4AAAAAANjGisWi+vv7VSgUZJrmVk/HEwiw5gQCAWUyGV2+fFkzMzNbPR0AAAAAALANzczM6PLly8pms9u+79VCBFhzDMOQaZrK5XLq7+/X6OjoVk8JAAAAAABsI6Ojo+rv71cul5Pf79/2fa8Wog5tAcMwFAgEVCqVNDg4qFQqpT179qi+vn6rpwYAAAAAAB5TmUxGw8PDmpmZkeu6VF7VQIBVg2maKpfLmpqaUiaTUXNzs7q6uhQOh7d6agAAAAAA4DFRKBQ0PDysqakpFYtF+Xw+GravgABrBT6fT4ZhqFgsanx8XDMzM2pqalJDQ4MaGxtJQwEAAAAAwAMrFotKJpNKpVKamZmRbduSxJLB+yDAugfDMOT3+1Uul2VZliYmJjQ1NSWfz6f6+nrF43EFg0EFg0GFQiEFg0GSUgAAAAAAIMdxZNu2LMuSbduybVvpdFq5XE7lclmO46hcLhNcrRIB1ir4fD75fD65rivHcVQqlapvPJ+v0gffMIzq7wEAAAAAAMrlslzXrf7ecRxJlQxhfjM5rA536gHMv8EkyXVdua6rUqlUfX7+TQkAAAAAALCwsmq+8IVqq4dDgPWQ5t9wvPEAAAAAAAA2FmveAAAAAAAA4GkEWAAAAAAAAPA0AiwAAAAAAAB4GgEWAAAAAAAAPI0ACwAAAAAAAJ5GgAUAAAAAAABPI8ACAAAAAACApxFgAQAAAAAAwNMIsAAAAAAAAOBpBFgAAAAAAADwNAIsAAAAAAAAeBoBFgAAAAAAADyNAAsAAAAAAACeRoAFAAAAAAAATyPAAgAAAAAAgKcRYAEAAAAAAMDTCLAAAAAAAADgaQRYAAAAAAAA8DQCLAAAAAAAAHgaARYAAAAAAAA8jQALAAAAAAAAnkaABQAAAAAAAE8jwAIAAAAAAICnEWABAAAAAADA0wiwAAAAAAAA4GkEWAAAAAAAAPA0AiwAAAAAAAB4GgEWAAAAAAAAPI0ACwAAAAAAAJ5GgAUAAAAAAABPI8ACAAAAAACApxFgAQAAAAAAwNMIsAAAAAAAAOBpBFgAAAAAAADwNAIsAAAAAAAAeBoBFgAAAAAAADyNAAsAAAAAAACeRoAFAAAAAAAATyPAAgAAAAAAgKcRYAEAAAAAAMDTCLAAAAAAAADgaQRYAAAAAAAA8DQCLAAAAAAAAHgaARYAAAAAAAA8jQALAAAAAAAAnkaABQAAAAAAAE8jwAIAAAAAAICnEWABAAAAAADA0wiwAAAAAAAA4GkEWAAAAAAAAPA0AiwAAAAAAAB4GgEWAAAAAAAAPI0ACwAAAAAAAJ5GgAUAAAAAAABPI8ACAAAAAACApxFgAQAAAAAAwNMIsAAAAAAAAOBpBFgAAAAAAADwNAIsAAAAAAAAeBoBFgAAAAAAADyNAAsAAAAAAACeRoAFAAAAAAAATyPAAgAAAAAAgKcRYAEAAAAAAMDTCLAAAAAAAADgaQRYAAAAAAAA8DQCLAAAAAAAAHgaARYAAAAAAAA8jQALAAAAAAAAnkaABQAAAAAAAE8jwAIAAAAAAICnEWABAAAAAADA0wiwAAAAAAAA4GkEWAAAAAAAAPA0AiwAAAAAAAB4GgEWAAAAAAAAPI0ACwAAAAAAAJ5GgAUAAAAAAABPI8ACAAAAAACApxFgAQAAAAAAwNMIsAAAAAAAAOBpBFgAAAAAAADwNAIsAAAAAAAAeBoBFgAAAAAAADyNAAsAAAAAAACeRoAFAAAAAAAATyPAAgAAAAAAgKcRYAEAAAAAAMDTCLAAAAAAAADgaQRYAAAAAAAA8DQCLAAAAAAAAHgaARYAAAAAAAA8jQALAAAAAAAAnkaABQAAAAAAAE8jwAIAAAAAAICnEWABAAAAAADA0wiwAAAAAAAA4GkEWAAAAAAAAPA0AiwAAAAAAAB4GgEWAAAAAAAAPM2cSWW2eg4AAAAAAAB4zDU1xB76XHMtJwMAAAAAAAAbjSWEAAAAAAAA8DQCLAAAAAAAAHgaARYAAAAAAAA8jQALAAAAAAAAnkaABQAAAAAAAE8jwAIAAAAAAICnEWABAAAAAADA0wiwAAAAAAAA4GkEWAAAAAAAAPA0AiwAAAAAAAB4GgEWAAAAAAAAPI0ACwAAAAAAAJ5GgAUAAAAAAABPI8ACAAAAAACApxFgAQAAAAAAwNMIsAAAAAAAAOBpBFgAAAAAAADwNAIsAAAAAAAAeBoBFgAAAAAAADyNAAsAAAAAAACeRoAFAAAAAAAATyPAAgAAAAAAgKcRYAEAAAAAAMDTCLAAAAAAAADgaQRYAAAAAAAA8DQCLAAAAAAAAHgaARYAAAAAAAA8jQALAAAAAAAAnkaABQAAAAAAAE8jwAIAAAAAAICnEWABAAAAAADA08ytngAWG5tKa/DOjPJWUZLUFItoJpNXJGgqb5ckSZFQQD07m7SjJb6VUwU2lGtZKiUSyr33nsqZzKLnAnv3KvbNb27RzPC4+PE/XtTIWHJVx7Y2RxWPhbWvp0VHntixwTMDVuZaBRUHbqicTqs0fLvymF2QEQxXj/HF4/LFG2R2dckXq/x+veU/fF/O5OSKz0f/+O11HxMAAGxvBFgeULCKunBtRHm7pJ0tMZ081r3o+cHRaYVDpsLBgMJBU+FQQH2D4+odnFAkaOqZg50KhwJbNHtgY2Tfe0/FmzclScHDh1UaGakGWeFnntnKqWEbSkxnlZjOamAooQuXR/S1Vw+prSW61dPCNmL3XpV14TOV7xEazXNGKv+1zlT+W/+dt2V27VbhzG9ldu6W2bV7zfNxJifkjAyv+TrAWuRzSUXqG7d6GgCATUKAtcU+uTwoSXrmYKcG70zrwrVRSdLhno7qMe9/dl09u5rVNzih157br8M9HdrRElc4FNCO5pguXBuRDGNZ8AU86sxdu+QkErL7+rZ6KkBVYjqrf3rvqv7dt59TKMQ/o9hYdu9VFc78Vm46veZrlYZvyzpzWv7O3Qq/eGpdgixgKzml4lZPAQCwieiBtUWSmbze/+y6Dvd06OTxHoVDAb3/2Q29ceqw3v/shpKZ/KLj+wYntKMlpjtTGQ2OTuv7755X7+CE3j93QyeP9+hwd7ve/+z6svOAR1XkxRclSUYotOy50sjIZk8HWCSdLaj3i7GtngYeY65VUPbv/lb59/55XcKrhZyR28r9+G+V/bu/rS5DBB51diG31VNYs+zt0a2ewjJ2KqPc8MbPy05llJ9IrOs1nYJ137k7BUtOwVrXcQFsHH50vAUGR6d18860Thzs1C9O96lgFfXn33pBkpTM5mXZRYWDlT+aZCavU8e7dfPOjI50t2tsKq2xqbROHNylZw526vvvnpdU6Z116li3Tl8Z0pGedvpj4ZFntrUp8uKLmv3oI2lJDyxgI/0f/8ur1d8P30nqwuVh3bw1tey4gcEpPXOsazOnhm3CmZxQ7uf/sO7B1bJxRm4r9+PbVGThkZdNTSpSf7fXm13IKRiu3/x53B5V8vN+ZYdHVUxnFIjHFN+/V60njivYEFvxnNzwqBLnLqls25Kk+P4e7Xz1peo5M1f7lRseVX4yoY6Tz6u+a5dmeq9p5mqfCpNT8oWCan32KbU+c1z+cKh6zszn/QrGY+r6t6/VHHv89Fmlb9xU19dfU6S9ddFzM1f7lTh/SYXJyr9/vlBQTU8eVsfJ56pjLDVztV/pGzeVHR5V2bIV39+j+IG9anryUM3j7VRGifOXlb5xU8V0pjrOwtcyf0/zkwm1nnhK8f09i157IB5T09FDi167U7D0xV//UMVMVpJ0/L/+l2Vj5ycSmjp/WTOf96vxyEHtfuOrNeeITWRNSIG45Avf/1hsWwRYm6xvcFwFu6TXnjugvsFxSVJhrjn7N04d1s3Raf3Rq8cVDgU0ODotGVI4FNCRnnZJ0snjPSpYRf3idJ963z2v1547oLGptN7/7IbCwSF97+sn1Dc0oWQmv2gZIvAoCnR1yQgGlz1eWkUPGGA9dO1sVNfORv3PH5xRJltY1TkDgwklpnMavlNpEJ/OFBSPVf5nrK0lqr3dLeraubqeLQODCY2MpTQ5lV30eFtLVIef6FjWh2t+7KVam+u1r6fy4aT32pgy2cU/bY5FQzpycHlz+uE7SY3eSS17/IVnFy9ZT2cKujmU0I2hKSWmsrLsklqbowqFTMVjYXXubFDnjsbqfcDKnMkJZX/8t5K1eRUB80FW4MhRhV88tSFN34GN4DcDckq28rmkog1tc79PLQqzNoNTsDT87vuq79pVDYtmrvZr/PTvNHX+kmau9umJ//DWohArP5HQxOmzajp6SB2nnlfrieNKnL+siU/OKn1jUPmJhPa99YcKNsTkWJZmPu+XJN1+930FY7G5c57S+OnfqZjJauL0WeVuj2rfW2/KKVjVx3OSGp88pOjuXTXnXpickn9BtXv6+k3NXO3Xzq+8pKajh2SnMrrz64+VHhjU1PlLKkxMat/bf7joGvmJhIb/5X3t/MpL6n7zDdmpjMZP/07J3mtK3xjUzJW+ZeeMnz6r9PWb2vfWm9r1lS/LTmU0/C+/Um7kjiZOn5WdTGv3G19VMZ2pvvbRDz7WzNW+SsB14iklzl1SITGliflrffdN+cMh+cMhtT77lO588NsV/8zSNwar1032XlPHqS+tGDJi47n5W5JjyQi1b/VU4HEEWJtobCqtgl1SYzSiv//gsv7o1ePqHZzQiYOVf1B6djVXjxtNpFRyypotFBUOmSpYJdWFAxqdTMlnGDpxsFM9u5pVsIr6bz/4QP/lOy/p/c+ua2wqo2cOdurCtRGNTaWpxMJjaemuhMBGCwVN3e9dNzmV1Q9+8lnN5+bDr5E7SV24MqzOnY16+eT+FRvB914b06fnhpReITSbv863/+Dpahg2OZXVLz/slzX3Q5F5wYCp733nuQXXHl+2+2LnjsaaAdbInaQ+PTe07PGFAdaFK8P66JMby45JTGfnrlF5PZ07GvWdbz5d8/WgopxObXp4tVCx96qKvVcJsvDIiNQ36vrlD7T3yCnZhZwcp6hoQ9umzsEpWBr40U8Vbm1R67NPVR9vOnqoUi30eb/i+/cuCkdmrvZr9IOP1XHyecUP7JUk+cMhdZx6XvH9PUqcu6TWZ5+qntP6bCWsKWayKlu2uv/0jepz8f09GvjhT1VITCk3PKqZq/1qOnpI3W++oet/8yNJ0sQnZxXd/WbN+Qdi0eq1xk+f1cQnZ3XoP/9p9bFgQ0zdf/iGZq72K3t7RLu+8tKi87O3R3XzRz/V3u++WQ3Jgg0x7X7jq+o49SXNfN6vjlPPLzrn9j//Ssnea3ryf//zatVUsCGmfW//oRLnLik/kaiO03T0UDWoKlu2dn7lpWq1WNPRQxr6h39WemBQhckpJc5fro4VbltcUbaUnUor3NqiQqJSYZY4d0m7XnvpnudgY7jpy5IkI358i2eCRwEB1iYpWEX1Dk7oSE+7GqMRudekv//gsr5x6rAG70xrbCqtwdFplcuuLl2/o7HplZcN7GiO66knXN28M60jPe1649QR/Y9//FQ7WuLq2dWsTy4P6nBPh85fG1FjNMIOhXhklSYna4ZVTiIhq7dXoSNHtmBW2G56r41Vw5iFjhxcXOW6NDi6l5E7Sf3k5xf1H//kxWWN4N/7oE99X4yv6jrxaKWiybJK+uUHy8MrSXr91UMbVvm0UniFB+daBeV+/g8PHF75WtuqvQLL6bTczNqXHRJkPVoKhYL+4i/+b7mu9M4772jHjuVh9ONqcvQL+c27/5+7FTsSDv30n1WYnNLOV5eHH/OVQAvZqYxGP/hYZcuuubQu0t5aczlbMB6rLolbGIb5wyF1v/mG+v/fv5EkzVztU9PRQ4q0t6r95POa+OSscsOjyt4eXVaFVZhIVOeXvT2qiU/OKtzaUrMSqenoITUdXTxfO5XR0M/+Wb5gsGaFV7Ahtiy8Sl+/qWTvNTUeOVhzKeLS+yVJ/tDdavylSx27/u1r+vwv/4ckKXd7RFoy3kqK6Yy633yj8ueXmNJMbyVoW2l5JO6jmJKbu16ppCqmKssBQ+2SLySjbo+M+icqXy/hTn0st5SSr+P3t2DSeBQRYG2S01eGdOpYt/qGJvSTX1/Rt79yTN9/93w1XLo5Oq2L10Y1M5XUa2ZWMb+jfqNel0qVb9h7TUcv7IwqGjT12RfDenc6rZ6dzQoHTUVCAf3X772qglXUD949r/xcWPa9r5/Q6StDeu25A1v50oEHVpqc1OyHH6o0erfxZvDwYflCIVm9vXJtW7lf/lLF4WHVv/JKzUbvwMOarziyrKKG76RqhletzdGaFUtLjwkFTVl2qeY1LLukDz+5rtdfPVx97KPT11cdXkmqBlMffnK95hjPHO2sLh1cb5ZVqlmdFQyY1cqyha+9cxchyL1YF86pvMrl0YEjTyp45NiKPatcqyBnclKlkdtyJice+nskQdaj4dNPP92W4ZVdyGnk5kUdOPaq/GZQfnN5y4GNlp9IKDdyR5IUaWtZ1TmJc5dUtiq9rh4mLAnEllfuBhtiqu/cWZ3LvNYTx6u9tWpVYWWHR7VzrtLpzq8/liSFV/k6pLuvpb5z56rPGZ0bJ9iwPqtE/OFQ9bXb6Qer0A82VPqDXf+bH6ls2YsquLBK5YLKk7+S0leWP2dNSJLc/G25Ux9Lkd3ytf2bapBVHv8nSSK8wgMhwNoEyUxeTbGIktm8enY2qzEa0S9+26dvv3pcfYPjmi3Y+uDcdbmWrdfrbe23ZuWLRtVpZ7XLNfV+KaovR8s6NzSpLtdSm6RvOpM6M2Lrg6m0vv7ioWo/LVfSjta4vnGq8oGoKRZRMpNXYyyydTcAuI9yOq3cRx/JmZyU2dmp0JEjiv/xH9c8tu6VV6q/dy1LhYsXVTh/Xr54XKEjRxTct0++OEtn8fDOnBu85/OdOxr1B68frfnc4Sc69MyxrmVLAy2rElYtDaduDt1tDj85ldWFq7V32Kws8etQbC6wymQKOjMXHg0MJmqGXq3NUb18auN+gDE5nV1W8RWLhvW9bz+3qKrMskoaGFrfnaUeN+V0StaZ0/c9zt/ZpbrX37hvkGSEwjK7di8LuHzxuJyH2MR1PsgKPvOswi+ekhGil5mXhEIhvfnmm9sqvJKk6YkhNTTv2vQlgwulb9z992K1YVRh8u73wy/++ofV/lPhtlb5w0E5BVty3RWrgYLx2n2anLlQrH5356I5tT77VM0qrOztUUW7dlWrreaX0uVG7mjghz+tjhWYe94fDMofCi2qwprf4e9+y/WqcyxY1Sqy+TktHMcp2Cqm0qrfvatmJVa4tXa4Nv/a4/v3rnoe8/d9YaVa4vwlAqwHYU2oPPx9qTxXORw/JqP+iUofq0CDVC7ItSak2duVZYL52yoPf19Gy+9VKrV8IcIrPDACrE1w/tqI9u5s1vuf3VDBKuq15w/oe18/obGpjGYyeX1w7roKdkmvlFPal87IWPCTlYNWUmM+6XI2pJDKumDEZBk+dbqWjkYN/Xq2pHfP9OvVZw9oZ0tce3c26eTxHl24NqLz/SP682+9oF+c7qsGWoCXlNNpzZ45I7uvr/qY3dcnu69P/tZW1b38sgJdy3d5WxhcuXM79jiJhGY/+kizH32kwL59Cj/9dM1zgbXY192ql0/uX7bsT7rb8L2WUMjU668e1sDglOzi3dDHsksavpNU185GXbgyXPPcw090LKrSkiTtlI4c3KF0pqBffti/7JxgwNTXXq2969NGymQLmpzOLroPoZB532q17a5wZuVGw/MCR55U3evfWNM4da9/Q6Ujx1Q481s5I7Xfb/diXzgnu/eqQs88J3eD+3QNDQ3p00/PaGhoSIW5Le4bGhr09a9/XYcOHdJf/dVfyTCMmue+8847Ghsb03vvvbfsuYaGBj399NPq7u7W0NCQPvzwQ0nSW2+9pXB4cTCXTCb1s5/9TJL0rW99S0NDQ7p06VLNMZ966ik9/fTTi869dOmS+vv7NT5eCZjD4ZC6u7v11ltv6+LFiyte6/XXX9eOHTv07rv/ovHxiWXPHzp0SC+88EL161QqqWvXrqlQKP3132QAACAASURBVCyag1RZXvjDH/6wOv5bb71dc8xHSWpqRA0tnWrbtbqAPpua1Nitz7Vjz5MKhuq2ZHfClSwNXOo7dykYjz1wM/H09ZsqJKYqfbhOLO4jtLAKa+ZqXzXAmrnaV+2/tZA/GFT7yUqIM7+T4kpzmg+9iqusfMpP3v2hTSAWVeuJ4/KFQiqmM/KHgvKFQoq0tawYBi5cSljrta82fMoNjyo9MKjL/+f/s+jxsmVXe4jhPhaGV/UHKpVVgSU/XPGFZUT2SJE9Mlpekps8K3fyV3In/1Uy4/J1/6etmTseaQRYGyyZyWtnS0zJbF7JTF6GKssFdzTHdHsiqY8vDlR3Iew16mUGAzoaDcmfzcjsaFdJ0lG7qHO2X11uUV+OllU/9w/PtRujkhpVsEv64Nx1vfT0Pn3pyG795d/9Vod72vW9r5+QpMr4VGHBQ2oFV0s5iYQyP/mJzM5O1b38ssy2tprBVS3FgQEVBwZkdnYq+rWvUZGFdTMwlNDAUELPHOvSyyf31zwmnSloZCypTMaq7EToSjIqOweGQ+aiAGvRtQenlj0Wi4b1ysmVP6T9/L2rNftevXJq5Qbx62W+/9ZSP/n5RcWjYe3raa3uPlgr8EOFaxVU7P38nsesR3g1z+zarWjXn6g0fPvhgizLkrWKwG0tfvrTny4KdxoaGhQOhzQ+PqHx8XEdOnRIt27dus80LQ0NLV/iKkmXLl3SW2+9VQ2xJKm/v39Z+NPf36+hoSE1NDSosbFRly5dWvGa3d13NzYYGxvTX//1/1cN3iRpz549unXrlvr7r0mSUqnUitey5sLBsbHxmq9zaGhI/f39eueddxYdt3AO8y5evLhonKGhoZrHPUrmG7fPV17t2PPkPY+fHP1C2fSkJke/0N4jX96weaWv36wZCC21cMe/+P6eZT2dHtT46bOaudqn9pPP1wxwFlZhLdxtLzc8WrPXlp3JrLhj4VLzS/fyieX/ftWy8Lr+cGhV9+teEucuKXHuktpPVnZxXG0VXOr6TXV9/TUF4gsb6/cp2XtN45+c3bAA6//6ix9Lkvbt3aVv/cHJh7pGOp3T3/zgV7Ltol584YhOvrA+/WBvDIzq895bGrh5t31HLFano0e69czTBxRa2FO5XLgbXsWPrbqKymh8XjIb5N75iVRKy7UmKgHXEj/7+ScauDmqV37vKZ14pvb/A/3oxx9pZHRyxXs5OZnU+Ys31Nt39/vfkcPdevXlpxa9lvmx7qVzV5u++52Xaz53/sJ1ffibSwoGA/rut19WW9u9+/D95X+v/FDk1Zef0pNHan8v/sv//jPZdvGe7xPLKurCxeu62jukTGa2+vi+vbt04pn96upcXJk6P09J+vd/8tV7zvOTT3t15tPeVR27Ffg/yg3WNziuZw52KhwK6HB3u05fGdLenc26cG1EBbtYDa8kadIX1K+coPb6XMUklXOz8jc1qqNY0jfjcZUzGRVH78j6PK3g3m41WznJrLyhCnZJBbuoC9dGdLinXTtbYtX+Woe723Xh2ohOHu/ZilsAVK02gFqoNDKi9A9+oODhwyoODKz6vPlzU9//vmLf+Y7Mtq1bYoBHy7f/4O6H2MRUVgODU8t27btwZVhy3UVL9CansvrokxsaubP42HkrPT6vVrDV2ly/Yvhz5txgzb5Xe/e0bErFUzwW1t49Lbp5a/kHl3S2oAtXhnXhyrBCwUoF1gsnugmyaigO3LsJvhGLK/LKa+s+7nyQVbxxXfkP31+X5u/r4cMPP6yGVwcPHtSbb75ZrYwqFApKJhf/PXrllVf0yoKl5bW888476u7uVn9/v37605/KsiydOXNGhw4d0sGDB3Xt2rWaAdalSxclSYcOHVz0+J49e/Rnf/ZnNcdKJpPV8CoUCuntt99eFBgtDa3uda2lrzGZTFbvz9DQkMbGxu67bPDTTz+VVAkBU6mULl68+MgHWMFwvfY88bxsa3ZVywejDW3ym4EHbvDulGw5peI9K7bi+3s08clZSarsNlgjkJm52i87k1GktUXxA3tVv3uX0gOVpYeJc5dqhkhSZae+1mefWhZwOZat0fc/ru466AsFte+7b94zCFtYhTV++ndqOLBX9V2LQ6qWZ45r6sLle1Yh2amMht99X+0nn1d09y7V7+5UbuSOiulMzSbxkjT6/sfyR0KK76uEdfOhV2FyasVzsrdHlfy8X+0nn19U+ZVPTFVfe35uKeb9Xnut11CYnFp23yNtLUr2XlMxndnwKizLKj70uecv3pBtV84/f+G6TiwNlx5iLu/+8rOaIU4mM6tPPu3VuQvX9Z//4xvVccqTv7pbefWASwCN6BNS21crlVijP5Gx93+TfIt/IDZ/fz78zSW1tTUsC2NqHbvQ5GRSP/rJR9X7NK+3b0g3BkYXBU1r+bOQpPMXr0uSbLuo8xdv6Otfe+6ex8/P6b1//UxtrQ01w6H5Y1aa242BUb37y8+WvT5JGrg5qoGbo8vCTWvBsVaN8xb6vPfuv1OreU2bzbfVE3jchUMBJbN5Xbg2or//4IpOHetWz65mZfK2Pr54c9nxT5mWGhxb5o4OBbo6JcMnwzBkhEIqZHL6R1+rjL09KiWmFFRZIbdcPfez3tvK5G299twBNcYi+m/f/0D/8x8/3cyXC6yonE4r+957sm/ceKAQauH5/tZW+WIPVlbv2rYyP/7xA4+H7Wt+KWDXzkY9c6xL3/nm09q7Z3nfjQtXR5TOFCRVwquf/PzifUOqB9XWunIVVVdrnd5+qk5/2jisf99099er+SsqfHZarlVY8/i2de+dFV9/9XDNe7OQZZd04cqwfv7Lq2uez+OoeOOLez4fPvnldes5VU6nlj0W2H9A8T//XxV5/Q0Zsa2vVj1z5oykSrDz9ttvL1rWFw6H19Tn6dChQzr0/7N3b9Ft3fe94L+47b1xB0mAIMGrSEokKImkLhF1iWUrtWW7tpzatXN6TupO2tNktXO61qx56Fsf+tC3rLPWzFlZM6edTtrE45OexHUaKXFsyYlsupIoWhIvkgiSIimCIsALQBIXgth74zYPm9gEiAtB3QjFv89aXjaBfYVoivji9/v926U3pcLG/x/pr9MteGmBQEBu3+vq6kapBgauy5VX6eAs06OERxaLJStkE7Zp43S73QgGg2BZFmfPngUATEyMZ93nsyQRFxGNSD9jGU5f8uwrm2MvGvd+DTbH3pLPtRb0YXzoU0ze+RzB5cKD49KBDCDNw1q9m9vS7b81gqVrN+T2OevhLnmWU8A1kXef1bvjCLgm5BlRmVQsA8eZU/IxkoKI6Q/OI7pUeNZg5mqIAdcE/IO3c2ZM2U8chZKRWvS8n1/Je7zFa18iuuSX53BZDx2U93Ff+BgJPvt7Mrrkx/LQbSxduyFXnlWf+Jr8/NzFyzn7AMDStS8RnLyf07aYFET53pOCKN97vtewkMVrX+YNp1ScFLIBUhhZjgQhlhUuiGL21w/jgw/75PCKYTRwdjSh95gTvcecqHNI/48dP+bcDMliQWlgu5KFsubh5lcpLEcBbQOQFJBaK/534IVf9SMUiuzo+P0DY3K4c/rrXfjDN59D7zEnGEYDUYzh8y9uy9t2Ohvl+3V2bP58znwdOp25VWKAFPRkVj+5xtw7utYLH/XvOECb8/jwy4/65fszGnXoPebE6a93oae7DQyjAcNocKj74Wag5runRw35Hjf6KPQJWw1H4ZpZwokDTWAZNa7dcaO2yghGnZsd7lEn8PKeCkSTwPjEAzhTU1AaDYizHL68M4shhQkmxDE3Mw8WSdS178Vfer34LKLGkNIEXoyDUSsxNrOIwQkv/uKtk5iZX8G1O4/2g42Qx0FpMsH4+uvy1+L0NITRUcTu5wa5+Wjq66Ht7QUghVmCywV+aKjkMCwlCLRaIXloPQfrC1YamYwcPv18PKeVz1ppQM+BOnnwOgB8cW0qb9VUIT5/4W3rGquBxmoknfuwfvljJOalVrAkAGHBA2HkJrijJ8EePFzy+baam88NPDKxrBqvnz0gDaC/MwfPfBDhtfxvjj3zAQzdmUPPAZpNlylerIWPYcE48y8Y8DDWL30MQAGu90TOgHfGuR+Mcz9E113w/Vd3pSLL7XbLoUzvxs/7x4nnebkCym6XgrD29nZ5zlVmFdb4uPQG1mw27yg0S7cI7tu374kMVR8elqrCWJaF3W4vadt0cMeyLHheyFtt9ixQqRmsLbkRXPYikYjBYLLCXFW3/Y4PQas3QxSkN3HbBWVNb7yC6Z+dB+9fxtzFywAgByRrD7x5Z1O1vPNG1j5iOAxrj9QCF13yw/v5FVic+/IOMk9znDkFbbUV3s+uyEGO4/lTBSuHrIcOytVi0SV/TtWSimPl60ofz37ia6hw7oOKY+G/NYKAawL1Z8/IwZKKY+F44RTmLl6W92k694r8vP+WVE1Z+/xJ+TFDgwP1Z8/A+9kVxEJhjP3wfTheOIWKznZ5n4hnHvVnC1eeOs6cgqHBgQefSOedu3gZCVHMmf+1VWjyvtxGmY+pbQ9C0zM5A+/LxajLLQcX1ioz/MtBDA5PFmyz207/gAv+5aB8vHOvHYfJlFFxeEyqZsqsEkoFpO8hheVoTuXUTiiqTiE19y9IrVyFwlT4z00UY7jwUT++/Ue/V/Kx04Gcs6NJfm3q62yor7Ni1DWL55/b/P8qs41vzuOTWw47nY1FK78AqQIOkEKkdOgzOjZbcltnOLyOi5/eLLmdVBBiuPCrfvnrfC2Wzz/XhVAo8tBVeel7Sn9/AVKV2eNqVX0cKMB6ggLhKPbUVgIAxtxLEMQ4Koxa8GIcXv/msEM2lcRxfQIHqg344H4Y9+MqGBkOC5YoDFwIqcQqVE0adEYCcAgmCCEl+hVm+CfX8VIygSBrBjbeN3n9YbAaNWqqjPjs1hQC4Sh69jnk66E5WKRcMC0tYFpaEPf5EPn0UyT8pa9SpjSZoO3thaalBaF/+Zei2yoYBvqXXqLwijyScLhwxYJveS0nlGI0arz1WndOy1yoyHGMBi4n/PEuBBEKSyFZIUqjGYY3/gPWL/8asYmMWUqiAP7qZST8S9CdeaXg/gDgWQhAEOJZ1xsK8yWHbbYqgzxoPhTmMXxnLu+Kir7l0sO7r4wiVTSa1vxz1h5FwvMAkQ8fQFXXUHZBVmZ7XamVSn19ffIgdiB/S+HFixcBQB6m3tXVJVckcRyXt40wfS1b2wcBYHZ2Fn/3d3+X9djf/M3fAJBmWwEoObwqdqy09Byr9DWZzeas1sp8eJ6XWzHTVWbt7e0YGRnBwMDAMxlgAVI11VrQ91AtgTuhUjOo29MNhtVtv+1G8OMfvI3Vu2OYu3gZ/sERaG1WJHgB9WfP5IRKKo7F3nffgf/WCFbvjmPp2g0sXZOCAX1dbd4gSsWy0NfVZrUpVuxvh77egfnPriA0PSOfOzNEyjynxbkPAdeEHBZtpa22ouM/fxv+wdsITd7H/GdXMP/ZFSgZBqbWZrT/2bdzjpu+hsVrXyI0NYPxH74PU+vG2JIUsOftN3KCoPQ+/lsjCE3dx9wnlzH3yeWC50nfe+Zqh6a2Pdhrs8r3Pv/ZFfhvjaD+7Jms86WrqsRgGA8uXoappbngkHxTazOUDIOkKGKp/wYMDW/k3W63pNvV6hw2HO/twL/+/AuEw+sYdbkLzlMqJl29xTAavP3W6byhx9YWt1T0AYCNVsBHoNA2IqU2SRVdST5vGJaumPL7g/j8i5Gs4KmYdKA05/FBEGLyfUkh1uMZKTLn8ckBz/FjTsx5/HCNuTE4VFrYk7636fteqRW0hBByatorB5i9x5wF98kKIXcg6556nfJMtFLv6WmhAOsJCoSjAIAzR9qk2VRN1Wh2VOLyzUkEwlEc18bRFA1AMBhhtVow41nCYWEdhwHE94TAYhmxOGC0sEjEBSj0QFgQ0BTkwCKJhFaPyopqWPwrOKFKYU5jgFuIISrGc845412hAIuUJbXNBtNbbyH4k58gGS5tFZvMfZVGY8H9mI4O6Hp7aYg7eSRz8wF80V94TlG+Ieq2KkNOeDV0Z67gAHcAaG2qygl9BDGOX126mzcM20p78gxiM5PAlqrE2MRdrANyiMUwqrz7f3F9Ci+elt7UzM0H8JvPH66FwmTk8NyJNviWIzmzw8LhJ7ty3bMm4ctdYS6T0mQu+vwjnbuMgywARcOZTGazGWazOevrrdLBVfr5Y8eOZR2/vb0dExMTWW2EExNSJVW+9sFSqp9KVcqxgsGgHIylr3e7gC+zgmxrgLW4uFjS/Kxy4vPek1sAS20dfFQ7aTlUcSzsJ/IPUS/GeriraJVVpqZv5v8ggjEb0fTNV5DgBUR9y0Wrhhpe+UbBmVtpD3MvjNkoHzfBCxBD4W3nUjFmIxxnTsFx5tS2x9/u3gGp2i1zBUNDgwMH//e/yNp2///6Z0XPo+JY7P8vxbfZLZmtXekh3emgZnRsdscBls8XkI/X6WwqvWJH2Ph7i63e0fny0piLDnO3WS0wmXRwjbkxNDwJm9Vc0n12OptwfcCFcHgdP/zRxzjc0wZnR+NDBzv5DA5JvxcyjAadzibU11nhGnPLbZ3bXafNagHLajB931vSrC8AmPNsftjf2ZG/rfFRpO/JaNShtcUhX1+p9/S0UID1hKUDo5592SXOiyshHKs1wKBYh1aZQCyZRKPVBMCEhcQiGvYeA5CEjuOxFlqDWq3G2roSjZZ6rCpGUR2V3pCHFGpotCxUiTjMZhPc8ytodlTmnJNj1eC3mWVCyG5RsGzRIKoQfmio4D7a3l5w3d1UeUV27MNfSW03SAHhNR6hAi1xRgOH+lqLtNLgFp6FAIbvzKH7QD0EIY6xewtFQzAA6D5Qj9GJxZyQy7+yhh/9z+tw7quBtUr65SscFjA148dzJ1pRXyt9OqpgOXBHT4K/+lnOsWMTdyE66sG0H0C9w5K3HdI1sQDXxELRa9zq7390Ba17rGhpqoLRwMkrH87NB/K2EhYKz76qUtvMMFJZH8MbhG1kBlna0y9AZcs+J+PcD01LK4ShWxAGbwHikwshM8OnUlfL6+7uLmmIu91ux3vv/RiLi0u4dOmSvIIfkNtGmHk9+UIeu91ecPA6y7IQBCFn2HwhxY6Vlq4qS1ebDQwMoKurq2gANTAgzRITBB7vvfdenucH8MYb5VVdUgzD6uCZHgIUCiTiIur2dEOlZh76eMFlzxNrP9wtKo4ti5Y3FcdCW+JqgI9DdMkP94VPAEiVXelWzN81oy5pRdJ0uAAAh7rb0PfvI/B4fJjz+HZUXZQ5yLu+bocrYWobtt0kFZ3NG0plUmgbpYquROG/V55/rgs+XwD+ZakKq9Dg80zHjznlVfpEMYb+ARf6B1xwdjTh+LGORw6yQqGI3KaYDnVMJj3qHDZ4vD70D7hKCnvOvngEH3wYgX85iAu/6s8alJ//vJuzqR5nGCcde/Oe0vOzMkPSUu/paaAAaxddmOfxUiIGZyoArG4mqkq7CEXw12A4MwJrNbBUWhFY8SO1vgAkroHnK1DxYBUAkB6d61LocWn92RzKSUipYh4PUoKAuMcDcWqqaOAVvX4d/OAguEOHoD127CleJXnWlTqIvfew9Bd5fa0FjEadEzz19U+hb5vQKpPJyOH0iVZ82pdb+ZQehL4d9uARCCM3kVrL/X+Dv3kNmuY2tDRZtw3T0qyVhqJthGIsvqPgq/MprI5IHk7C8wBrP3kPGud+cL0nsqq/FCwHrvck2J7DTzTIygys+vr6skKmR8VxHI4d68WFCxdyVvDb2kaYlq99cDtNTU2YmJjAyMgITp8+DYvl8bW5nT59GtevX4cgCEUDqIWFBXkAPc8LOSsfAtIw92eJuaoODKdHIh57pAqsRFzE7L0bCK54UVnd9MhBWIIX4B+6jVgwDH29I+/8qdDkfazNzUNrqyq6st3aAy8iHukNZLplLl8VUykVTmIwjIQgyNtEl/zg/csQQ2HYjx9FaPI+ov5l+Vz52uoyr8d+PLcaSwyGseoaR4IX4XjhZNbjEY8XnLVKPv/q3XFEfctQcQz0dY6Sgrat15iexZXvdej4z99GghcQmpqB97MrYMwmmFqboWJZiKFwwfOJwTD8g7dhqK/Nu4JkuZjz+ODx+gAgazh3p7MJ/QOujQqZ2cfWHretZPGf/8nFj4D1WSj2/EXR7WSqwoEjy2pw7rXjeP9ffgtRjOHib27i7TeLf2gBSMHXoe5W9A+Mya13+VYhfBiDw5u/Qx3q3mz173Q2wuP1ye2L2/15sKxGCrE2Vky88FE/3n7zuYe+rkfRPzAGYLOiLO34MScu/eZmyff0NNAqhE9Yuo1wq6YaqUrqkqoKLkV2gqpraEJK68RqMAWsjyPquwKDYhwsk4LK6IS2viNre5dCj0uqqqzjbkXVV+RZJ7hcCH/4IdZ+9auilVeZUqKI6PXrCP7kJ4j7fE/hKslXxbHDTXBmhDE9B7f/JJ/RqNGzP3e7zPlazn01OHb40T7h4o6ezPt4KhyCcPsWTEaupHMwGjVefL7wmy1hh3+v7GmsQkvzDj/l/R23XYVowl+8xfBJiLnuIvzP/4j1Sx/nrFqYDrJMf/rnYHtPAMzjrXKwWCzo6pLaqdxuN86fP5+zYt6jrKDX3d0NduM1HxjIXqU5czXCYu2D28msBnvvvfdywqNHXQGwu1t6fYqtJpi+N7u9Gu+++27WP+fOndu4DkEe8l7OMlcA1Ootj9w+qFIz8lwrc6XjkcIrAIj6lrF07QZWR8chhvL/XrJ6dxzLgyN5n0/wAhb7b2D6p7/A0rUv4b8prVg4/9kVTL7/Acb+3/cRmsxe7Gbuk8uYfP+DoivviaEwJt//QF5JcOnaDcx9chlL127g7v/1Q7gvfCLP3Zr/7ArGf/g+vJ9dzVoRkPf5s2Zz5TvH0rUbWB4ckR/z3xrB+A/fx9wnl+G+8AkW+2/A/YuPEZq8j+VB6d7uf3Aec59cLnjt/lsj8F6+gqhvGWIgJF/j6P/9T5j75DLEYDjrdUgfS8WxqNjfjoZXvgH7iaPQVlshhsK4X2CFxvS1Lg+OwPv51YLXUw7S1VdA9tBxltXI1Vg7XQGPZTYrfTJb00oiFPi7KckjOfvPwNo9KB1vbXuYVHR2220Aqdro7ItHAECeh7WT/f7sf3kFvRsznNJB0cPKXAmyZY8jqxKq09kEo1H6+ZIOhLZjs1nk2V4ej6/ovZlMmzP5fL7Ht+q1IMQwNS2F1enWwbTWFgeYje+VUu/pSaMKrCfIYtTmDbAqjFosZHxjXFJVwZfU4HRS+kYMBtyorj8MTcUJxONJKOIrCKzFkGJEcIwK0eAtWCD9hZsZXgEAx2qgZfL/sdL8K/IsY51OcD098uqFcW/u0tKFJPx+hD/8EMa33oLatvufHJBnk9HAoa7WjN7DzTlD1XsPS0Nih2578s65slYa8OLz7fDnGWK+tUWx93Az6motGLjpzpkhtVU4zAO12Y8x7Qcgjt+VVyXMJNy+BU1zm3y9A7fyr1JrNHB47aX9cktgPoVaK7diNGr0HKyTz0k2bW3X22prgPQ0xVx3EXPdfeoVWWfPnkUgEMDs7CxGRkYwMjICs9kMi8WCxcUFHDvWmxUSbR3iDuQOQc/U3d2FgYEv5QAoPQuru7sbFy9elFdBLLb6YL7B6+k2v5qaGpw7dw4XLlxAMBjEe++9B45jYbfXgOd5LC4uZl1fsWPl09XVjYGBLwuuJsjzvFxd1dXVndOG2dTUhIGB61hcXMLIyEjZD3MPrnhhMNukFQiDPkQjAVRWNz1S8FRpb0ZNY6e8yuCTVrG/HaHpmZzH061v1kMH0fKtb8qPrz3wYv6zK+D9y4iFwnBf+ARN516WK4QSG9+jW1c8zCchSDMRqw53yddQ4WyX51tF5rxYvHYDvH8Zy4Mj4H1+tLwjVfZlDkwvlfVwF1bvjsvXLgZC8owqMRiG+/zH4P3LWB0dh8ZkzJqzleAFuC98As5alTUXy37ia5j75LeIeOahZBi5Uiz9OqyOSt/v9S8XXrUwMufNqVhLvzYAEAuFsXp3vOhruVtCoYi8Mh4A/Pf/50LBbQeHp0oedG6zWTZnaLncOH7MWdocLLZaCrCEpew5WEkeybl/AWJBKOv/Y2kzsjaCMEUJ27a2ONB7zInrA66s16OQUCgih0ssq5GHkKdnYz1sNVHmSpDT9734P3/wYd7tPB5f1jUU0+lskofAD20M6s+ntaVWvvf+gbGSVy/czuBGqyUgBaGFXt+d3NOTRAHWE2QxajE44ZFnUsmPG7RwWI0Yd28OFR1SmiBAiZeSK1CmwlCFL0IFgI8A66IFSARgtwIBL6BR6gAwOeEVADisRtRU5Q6svj+/gjOOh1tilZByoWBZsE4nWKcTyVAI69evQxwr7dOAlChi7Ve/guU733nCV0meFc+daM07gD2f9JypYnoPN6Nnfz1c9xYgiHF4vEHUOcwwGTi5Wstk4PDma9nhl8mQO6y6vtaC+tct0gqHy2sIrfHw+aXwy2Y1gGXUqKu1FAyY9C9/E2sXfork8pbKQ1HA2oWfwnDuW+g93Azn3hp45gNZYVRdrSXrft98Lf8bXFuVAd979xR8K2tZbZc+/xpsVum6bJUG1NVath1A/5XGsAXDn9h06S2oT0qpQRZ//RrEoVuPfD6O4/Anf/InGB4exvj4OCYmJuQh5izL5h3SvhOZAdDw8DB6e3vl59JDzqX/3nn7YFp3txQc9fX1we12IxgMypVYdvujzTWrqamB3V6NxcUl9PX15QRQ4+Pj4DeqaAqFU11d3bh06RLcbjcCgcBjbXN83GoaOjF5+3NE14MwVzq2bfkT+QgYrvibq/TqhdpHrL4qlTJPpWV0yY/pD85DxTA5Q9wNDQ7sffcdPPj4twi4pGrABxcvo6PekTPbqZQQCwC0ts33C5nhdvLW9wAAIABJREFUkKltD0xte+RzRea8jxzkmNr2gN9o/avYv9k1wpiNaHrjFYz/8H0AUvCUGWBN/+w8eP8yms69nHU8xmxEy7e+ibUH3oKtgNuFWJlhVVrkgQe1z5/E4rUbSIoiVkfLM8DKbFfbzo6CKGy2h4liDB/8vA/nfv94Tjjh8wWy2u0U+r1ICUtIBm5Aaf996cGHCK9SodtSKyJbnXcFwkLXOzfnl9sp8wmFIrj4m1vw+QI5rYKZVWcPa7BIwLRV/8CYXDm2nbMvHpFnfRXS2uKAtcoM/3IQ0/e9uPjpzZzjC0IMPn9gR+FcuqKsFDu5pyeFfqN8wiryVD01Oypxby63VNOllH7hb4tnP5fQHoZq7bfy1yqlIm94xWrUEOPJnMCMkN9FSpMJhpdeQrynB5FPP0XCv335806HxJPfbcWqix4Wy6rRc6Be+uJw/udLCcPSbFWGh7pOBcvB+PafgL9xFcLNa9lPboRYbNcRGA8cymqFzKfY9abvZyf3RLJpWlsRc43mf1IQILrugnHuf7oXlUdmkKU9/QIU7OYbDgXLQXv6zEaQdbXw/exAd3d30eqgYlVWgFRplG+bmpqagvu+8cYbRQebF6uM2spisTzysQoNd//ud79XdLvtqqp6e3uzgrtykxlCMZwe7YdeKmmflSU3giseNO79mhxSlSv3+Y+RFERUOAsHJo4XTiEy50UsvIakICIy55WrsKp6DmJ1dBxJUcTcxcuI+paz5lBtFfXlLtxR6FyhyfuPLcjJDM4AKYwytTQjND2DWEZLZbpqS19XW3AAe77wyuLcB963LFd1AcUrsbaq6GxHQhCx1H8DkTlv0ZDscfL5A/jg519kPcYyGjz/3MGsACmzXa3OYcPbb+WfjzQ4NIm+fx+RV4s71FNa0UJm5Y/fH8Q//fgTODuaYN5oVZuc9sLvD8LZ0SSHFgrTAaRWrgChO4DlKKAx7bzyCkBq+Yp0PMvOwpBzrx3HD3/0sVwxlI/PF9gI5b7A8V4nbFYLQuEI+gdcAKQ5Tw9bfZVeubH3mLPg8PvBoSlM3/fCNebG8891lRwoZs76KiRzZlZ6ptf+jVUkg6F1ed7Xf/oP3yhpzlep99R/fQwer2/H9/QkUID1hPFCDLwQA7flD9moZXCqew+uDGf3tbuUBtQz1YjH56BWA1oWCK7eQnXF5jZrsYqc8AoAjnY2wKjN/TSJF2IF2woJedapbTaY3noLoQ8/3DbEUjt2f3UeQp4m7uhJMO37IY7fhTh+Z3O4uyhAuHEVwo2rUDe3QmW1Q1Vlg6aZKnWfNnV9Y9HAJ9p3GZqW1qzAaDfFXHcRm54E23MEbM+hrOtSmszQvfQqkr2F30iXm8wZVel2u0QigWQyCaVSCZUqd+XMdCsgALm9kTxeC7OjqGnsLHl7lVqDlaUZiMI6RD6yKwFWZM6Lxf7ceVGxYPaHZ9ElP2JhqaK22CB2FcfCergL8xvzmaK+ZTnAcpw5hYr97Zj+2XkkRRHLgyNICsKOwput59LXOxBwTeRtd3xY+cIojUlqAdQYNz+cSc/5SohSUAcAnLUqa/+1B15obdmPVezvgNZWJVdv7STESggiVBwL+wlpqD3vX8ZS/w0YGp786pyiGIPHk1tFdKinNSvASocRAHC8tyNn+8392jA4PIlweB2Dw5MlB1gA5DAi3bqWr31sLrN1TGOGwnIEqcBNaVg7sPPwyvcbIB4C2GooTAdLvlZAagd8+83n8D/+52/zPm8y6fH8c11yZVlfnplSD1tBlJ5FxjAaHOpuKxjisIxGXtFvcHhSbl/cTnpm1y+LzOiy2Sx4+83ncOGjfoTD6xDFWN6qsKn78yUFWIND0r4Moyl6ncd7gX/9ufQ9u5N7ehIo1XjCOprtGHMvoWdf9uDenn11+NL1AKxGDWHLvBRRZYey9iz8D/rBqYIwGJJQckbEVFUwthyG//7dnPOwGjUEMYHnunMHBI+5l9DRbH+8N0ZIGVGwLJiWFkSLBFhqhwPG119/ildFSHlQGs3gjp4Ed/QkkuEg4t4HSIZDSIk8UoIApdEMpcEIdW39bl/qV5KmpRX5l3vZIAiI/PI8DH/4rYc+R0rgH28AJggQrl+FMHSzYJD1sDLnQf3VX/1VVjj04x//GLOzswWrl77//e/LM6y27ptpYWEBAwMDcrtgGsex+OM/fhc3b97A4OAQGhsbs6qbFhYW5Na7TE1NTTh9+nTOKorp2VxNTU05Kyqm7/Pdd9/NmVM1PDyMCxekOTddXV15K7m2ey2eZQynRzQSgMhHkEjEEFz2gmF1qLQXnqOnUjOo29ONRDy24/lYwWWPPGfrUUTmvHL4UkxmO1uhwe9p+vrcD96ivmVEl/zQVlux94/fyZorBeysAikTY84eQbLdvcS2ufZCQlNSWGU/8TX5sbWNc4nBMB58/Fs54OOsVWBMRugbHDC17skbiKk4Fi3vvLGjECu65AcUkANHxmwE719GZM4LMRjOWZHxcalzFK/6MRl1WV/7/EHUOWxg2e0rhp5/rguDQ1K74da2v2JYVoPnn+tCZ0cjBoenEAqtyy16dQ4bWltq0blR4ZOmqDqFVPTB5gyr+j/aUXiVCtwEgM0WxC1sNnPWv3Oft+Cl3zuCUdds3m06nU0wmXRyJVRayx4Hjh/rKPjasIxG/jPa2m6YHpCffk2KVSDZbBY4O5oQCq3D58tuCWzZ44AgxFBfnz+8bm1xFL239PG//Ue/h6lpL0Zds/Kfl7XKDJvNgkPdrTn3aLOac+4tFIqAZRn5noqpr7PJ1771np42CrCeMItRi9WJ3F9NOVaDhmoLTnY14+rITFaI9eX9JPYYfwnOWIcU0w2brRqiIEKxPo3w3AVcG68EsFmSxWrUONnVjKaaypxKLwC4713JCdAIKRfi9DQEl2vboez80BASoRDUNhtUNhs0dZvf03GfD+L0dN79lEYjtL29YJ2790kBIeVCaTSDaX+0GULk8VKwHJiew0XnRyU8D7B+6eOc1r1SrF/6GIxzP9T1DY96qbm2CbIeVV9fX9E2vEzDw8NyeAUAIyMjeYOd8fFxXLhwXp4T1djYCIvFgkAggMXFxYKD291uN372s59m7cdxHNxuN9xuN9577z2cO3cub/teeputQVUhAwPXs+7j7Nmz8rD5r4qaxk7M3pPCBYPZVjS8SjNX7fx3XZ/3Hjz3h8GwOrQdeH7b+VnF6Otqs4axp6098OL+B+flrzNb1MRgqOgxGdNmkJJux0uKohyCMWZj3vDG0vnwLYCZlVHF5FvZr5gEL2D+86tICCKqjx/N36aoADr+/I9LPibv88PQ4JBDLPf5jxHxzMurQloP5a/uCU3NACkgMru5yqWSYZAURSxe+xINr3xjR/dWqkItgIWUOpAdkIKP9IqED8Nmszx0ZVJq8ddA5SkoTAcKbyQsIen7DRB9AABQ2F8tGHqVct+dzqasFRm3qq+z7bhN0GazFPwzMpn0O/rzK/RaljJ4fbt7A6TgsZTt0vJ9f+z0nh7X0PhHRQHWU3BoXx2GJjw5IVKzoxK8GMOZI224fHNSDrHWEyzGF1LoUQ1CmxhEKON9+dKKDvPrrfLXrEaNM0faYDFq886+Gprw4MwRagkhuyslCIj7/Uj4fEiJIhLBIJLhMOIez/Y7p48hihDHxrYd2q40GqGyWqG22aBpaaFVBwkhZY/rPQFx9G7RlfxirrtI+Jege/GVbVcvBKQVDNcvfYKE50HJM7S0L70Cvv8qUuHib6pzZARZ6aHuj0M6hCqlRW94eBgA5AHnw8PDOQEWz/NyeGU2m/HOO+9kBVY8X3hlzfPnpf1YlsW7774r78fzPN5778dYXFzCpUsX0d7enjds6uvry6nCymdhYQGLi0tgWRYcxyEYDOYMm/9dFVz2yCGUVm9B28Hnn/g5zZWOjQBL/0jhVSkiDzzAxtDy9ByogGsC9hNfK1jxk55dpWSYvNVYQP4KpKhvZ+ESsBmmaUtcfZAv4RyROS/EUBjRpWWsjo7Bfvwoap8/mVNJZWptRsA1gaQgFp1Dla48S8usZlNxLFq+9c2sgfQJIf/P1MgDD/a++07WY+mgcbs/k6+8jIHtito3kQrcAKIPkFr8CKmVK1KIpW3c3D46i9TaPblaC0oWCvvvQ2HYuzvXT555FGA9BekqrHyzsDqa7Ria8OCFI20Ym1mCe2EFADCxWo+6ChO0CQXUqhSM5grMz6/gztLmH1lTTSU6mqvBsZq8LYK8EMNqOIqefbmD5Al5mhQsC01dXVbVFCGEEImC5cAeOgzh+rWi2yV9Pqz95D1onPuhaW2DpiX3A6rY9CRiU5OIuXLHDWyHce4H49wP0XX3oYMsvu8yhKGbMH3nuzs+f6bGxkbMzs6WVIUVCAQwOyvNJjl37g384z/+I4LBIMbHx9HevlnlMTw8LFdQvfHGGznVVoWqnMbHxxEMSi0TZ8+ezdqP4zi888638IMf/CDvyoaNjY3yKoSlVGGNjEhBXHt7O+x2Oy5duoSBgYGvRoC1IlViP0wl1cNSqTXoOfU2RD7y1M4JANUnjsqzptwXPkbL22/kbY9bvSt9aNfw8hn5eSWT2+q4NcTitxnavlWCFxDxzAMAqjZWRcys/vLfGslaLTHBC4j6tz+HxmiE9/IVeVXC1dFx6Osd0G6514r9HfKKi4XmUKUDpvqzZ4oOmU9XTwVcE3lfh9W74/IcrkyGBgc0RgNi4TX4b41krdZINuRZbVBh2ItU6LY0lD0W3BjOfiV3XyULhekAFFWnSl51kJB8lLt9AV8VJw40YWgit9rk8s1JNNdWYo+jEs2OSpzq3gN7pQnLPIsPRm0YeqDC3UA9fnNbwM9GqzEZqoS90oRT3XvQ7NjYr7YSM/MrOce+dseNEwdKKyskhJCvmkAggPX1dflrny//ssyxWCznua37losUzyM2O4fY7Bzii0s72jfmfoBUkQqU7ZTra/Ks4HpPQmktrWI05rqL9V/+AsH/9l8R/PsfYO1ff4rg3/8Awf/2X7H+y188VHiViXHuh+lPvwvtS69AYTRtv8MWqdAOg688ent7YTabMTIykjNzaqt0y11jYyNqamqwb98+AJtVWWnj4+PydqW28wGQB7YD+Vf4s1gsaGxszDpHpnQlWHomVjHDw9Jcrvb2djl8Swdgv+tqGjoxe+9LrAV9WFlyY/beDYwPXcLK4uMbKr5Veu7Vk66+2kpbbUX9WWlGE+9bxvQH57H2IHuUQnTJj8icF23fflse3g5IrYT55k+lQyyLc1/Rc/tvZc9+E4NhTH9wHrFQGKaWZrn6qWJ/Ozir1LY4//lVeD+7CjEYllsBtdbNBaXyDa8HpBbHve++g6qeg1n3urX90NDgQPVxqTotMufF3CeXkeCzq6eWrn0JJcPA1Lp9O2nDK9/I+zokeAGL/Tdgzng9M5lapcdXXeM55ydAcuGjvAPbFaaDUO75CygbvwNF5SlA2yD/o6g8BYX9VShb/zcobL9H4RV5ZFSB9ZRwrAbNjsqsVsL+2zP4/NYknM3VWFgO48yRNsx4V2DUslgXbFCrlFgOrUNr0EJQWPGNRh0ivIgKgxY1VSY0Oyox413Br6+OgWM1cM0s4dUT0goVQxMeODeqswghhOS6ffs2rFYrnBvz0f793/8db775Zs52Pp8PwWAQtox21K37lov4og/h9z8Ad7QH4sQU1E0NMJx7edv9xPFJiBOT0Jx75aHPPT8/D7PZDJ1Ot/3GJC/DH34L4f/x3s4qnwQBCc+DJ3I9jHM/NC2tEIZuQRi8VbTF8XHjOA6nT5/GhQsXtm2/Gx+XKjfS4VJ7ezsmJiYwMTEBnuflyipBkALana4aGAgEAEjticWut5Du7m709fVtW4WVnuPFsqwcXmW2RO4kdHsWMZwedXt6MHnnczCsDlq9BXV7emAwPxujADIrlPJRsVurjtrB2aqwdO0GQtMzuP/BeWhMRjAmIzRGgzykPV9lVqHh7yqOzapAymf+86vSDKgN6WHtFue+nNlPTW+8Ig+JXx4cwfLgCPR1tah94RS01Va4f/ExQtMziMx6EG1pzmrvy6wUc5w5BUODAw8+uYykIGLy/Q9QfeIoTBn72E8chYplsHjtBlZHx7E254WpdQ8Ys1FqvwTQ8k7+SrV8Ml+HdDVZOhgzFQiwrIe7sDx0G0lBhH/wNuwbLZ8E0oqD0QfFVxtkq6Fgq6EAVa+RJ4cCrKeopsqEQDiKoQkPaqqMmF8Ow15pws8/uwOOUaNnXx14MYaOZjssRi1mvCtotFcgsBbFnlppvlWzoxK8EEP/XTcsRi0WlkM41F6HjqZq/OTiIAApvOIYNWqqdv6pKSGPU/AnP0HC74di45cY3enT8jD1ZCiEwI9+BAAwvvkm1DYbAv/8z0iJIiq+9z0oWBaxuTmEf/5zVHzve4hevw5+eBhKoxGW73wHgDRba/Uf/gEAcs6RPrfhtdfAtLRkXQ/T0QHDSy891deCPDtcLhcYhoHX68XBgweh0WjkUMbtdmN+fh7BYBBWqxWxWAwulwvr6+tobGyEw+GA1+vF1NQUHA4HWlulmYWxWAyTk5NQKBSIRCJwOp3Q6XRwu92YnZ2Vt/V6vYjFYpifn8fx49KwzJGREZjNZjQ1NcHlcsHpdMrH8vl8qK2tzXljqzt7Bpr2NoTf/wA49zL4gVuIzc6BPdgJpr0N0S+uQVVtQzIYQsz9ANrTJ6B77gSEkbtgu6R5SYFAAGNjY7DZbAgEAqitrcXs7CxaW1ths9kwOTkJv98v37dOp4NGo0EsFsPs7Cx8Ph8cDgcaGxvhdruh0WgQDAbLLvQrJwqWg/71b2LtX3/6VMOiYhQsJ8+1etpB1tbgJ5/M9r506NPd3Y2LFy9CEHJb+oDis67y4TbeMKfPk892xywljEtXjGW2PXZ1dePSpUtfmWHulfbmkga2lxOLc9+2M5OUDJO37U1bbUXTN1+RWvI22t1ULJMVBG1Vsb8DnK2q4POAFN4YGurkaiqtrQqdf/mnUHEsVu+OIzR5H2IoDBXLwOLch4r9HXnnTqUrqNYeSCssmlqzQ6r6l89ADIWzHqvobIe+3pFzPFPbHnTUOxCampECuFRuqGc93IWKznZ5mwQvIMELqDrUlXO8Ul8H6+EuaKutEINhcNVWVBcJpRizEbXPn0RCEKFiH21Vyt8lycWPgLV7xcMrQp4SCrCeso5mOxaWQ3K11OVbUwiEozhxoAm8EMOvr42hubYSr57owMJyCM2OSnCiGs2OSvTfnkGzoxK/vjYGi1Gaa9Wzrw7/9MsvMTjuwasnO3D55iT21FbmHehOyNOWDpUMr72G8M9/jvW+PjnAink8UBqNSIbD4IeGYHz9dWhaWqRB7dPTYJ1OJMNhMB0dULAs4j6fvL3gcoF1OqHI+MXH8p3vYPUf/gH80JD03Ma50/9OCYIcpsWmp5EShKz9CUkbGxtDb28vdDodpqamoNPp4Pf7odPp4HK5cPz4cdy8KS0BPTIyglgshsbGRty8eRMWiwU3b95EV1dXViWSRqORjyuKIkZGRlBbWwuXy4UjR45gZGQEqVQKsVgMbrcbR45srl4TDAah0Wjka3M6nZifn4fVaoXZbMbs7GxOgBX9oh/xxSWoqq0QRu5CnJiE7qUXEP7/fgalxYToF/1gDjqhe+4ExIlJpDbeJGQGWBaLBfPz82hsbMTMzAx0Oh10Oh3Gxsawvr4uX+cXX3wBnU6H2dlZWK1W+P1+BINBtLa24ubNmzCZTJidnYUoiln3RfJT2aph/E/vIvLLXyDpz9/Wuht2K8jKDH7ySYc+HMfiZz/72eb1KqR/Z86PYjdWSMxsCSyF2SxVbPG8kFXRlSkdbhWq7toujMuc45Ve1VA652YwNj4+nreF8VkWjQSwFvRBFNYRXZMq3UQhAlGQ2pEZVgeG3Wzv0xosUKk00OotYDipSms3GRpyg5p82+z/L39WdBsVx257nLRi858KbZdZtVSxv73kY6QVuk8Vx+bMs2LMxoJhnopjtz13KdsApb8O6XCNMRtLqqjarpLuq0ihZKGg8IqUCZqBtQtqqkw4tK9OnlFVU2WU2wstBq3c+hcV4/jJxUE5rLp2Z/MXHi2jRiAcBcdq8Jd/eBJvvnAQrpklOJurKbwiZSfy6acAAK6nR35MGB2FtrcXSqMRsfv3kQyF5Of5oSH536zTiWQohITfD93GHBHB5co5h+ByQcEwWefY+jzT0QHW6URKFPMeg3y16HQ6xGIx+Wu1evMznXRFUeZMJ7/fD71eD4vFAmYjGM2svLJYLIhEIjhy5AhcLhfG8qyY6XA4UFtbK8+LcjgcsNlscDgc8rU0NTVltSsWYrVaYbUW+pQ+BfZgJ0x//A6SwRBSvIDYxBS4Y4eh3Ahu2a79UFrM257H4XCAYRhYrVbU1tbK9w1IbYNtbW3y65F+ncxmM2w2G/R6Pfx+adZJW1vbjlu3vqqUJjMMf/gtqFtat9/4KUsHWaY//XOwvScA5sl+ENDd3Q2z2Qy3242lpezgKRAIYGJCapPieUEOh9xutzysPXN+VOZMqevXr5d8DZkVUQMDAznPu91uOcAq1uZ39uxZAPlnYY2MbM4lyhz6nhm25Tv3s0jkI1hZnMHC7CiCy14wrA7mSgca9x5F28Hn0Xn099Fz6m30nHobnUd/H20Hn0fj3qOoaeyEuVIKUaKRADzTwxi98RFGb3yE+66rWJgdlcKwpzyQnZDfdQrb71F4RcoGVWDtEotRizNH2tB/ewZaRg1e2HwTlW79W1gOw2LQwmLIXkXw1RMd+PW1MUTFOGqqjBia8CAqxnHmSO5qRISUA/2LL4IfGkJ0YACalhYoWRZxr3fzI3JIYZXu9GmorFYk/H6IG1VSmvp6rG/8sp8OtuIeD5KhEJSmzTbZ6MabkUIrHab3TVdd8UNDBcMu8tVQW1uLmzdvgmEYBAKBbefLNDU1we12yxVIgBQijY2Nwe/3IxAIQK/XY3JyEs3NzXJrYWYl1tTUlDwDx2q1or+/HwzDYGpqCr29vXLYs/U6Z2dn5YArPY+nGO1zJ+T/VjfWgx+4BUABBcfmhFYKlgX/pdSCngyGkeJ5KLZpU6qtrZXbGAFk3WNraytcLhcUCgUCgQCOHDmC+fl5mo21Q1I74R8gPvcA/PWrSHjmdvuSsmRWZPHXr0EcuvXEzpWuwuK3DFVOhz4sy+Kv//qvc/b7/ve/L7cRNjU1obu7GyMjw1hcXMKlS5cQDAbR1dUlryo4Pj6e9+eAxWLBvn37MDExgb6+PnAch3379oHjOLjdbly4cB6ANK+qWIVUe3u73FK7VbqS7Nixr+Hs2Zdznrtw4QIWFxexsLCQtQpiIBDIOZ7dbi/rVkOG06Myz9D0aKTwzzaG08uD1vPNxEoHV8FlD6KRIKKRALR6C7QGi1Stxeqg1Zvloe2lSMRFJOIxqNSaHe1HCCHkyVG98MILf7vbF/FVVm+3wGrRyyGUs9mOersFC8shVBi1aLBbEFiLwmoxQMtqUFNlglqtggIKrEUFLAci6NlXh70Nz8aAS/LVIrhcSIbDYJ1OxBcWkAwEwB44AOHOHSgrKmB8/XWwTieE27eR8PvBHTwozb6anoZ47x60vb1Q19Rg7eOPYXzrLWiPHoXSZEJsehpJQQDT2oroxifShldegTg2hrjfLx0z49wJvx8xtxuW73wH3MGDiPt8SCwuQl1XB5WJZsV9VRmNRtjtdiQSCdjtdrRszEqzWq3Q6/XQ6/WwWq2oqqqC1WqF0WiEw+FAKpVCfX29XDlVUVEBADh06BA4jgPLskgkEujo6IDRuNlGMTY2hurqarS2tqKhoQF6vR4NDQ0QRREHDhyAxWKRK7zSLYMAUFlZCYPBgMrKSuzZs0euhjKZTOA4DhUVFfKbVSXHQtPSDFVGSKWymMF2tiMlCFBVVUBlMUPdWA+13QaFWg2mtRlKswlsZzvUTfVQGvRQbFSjpV8Ls9mcdT6LxSJfu9lshl6vl1sIGxoaUFlZCaVSic7OTuh0Onl/lUr1xP9cf9coTWYwnQegNJkBpJCMrAOJREn7qurqwR0/CU2r9AGX6LpbdEA813tyx9enUKuhadoDxrkfKYGX2x4f5ljAZnVSd3e3XLFXU1MjDzgHpDC5qakJ58+fhyAIOHLkMFpbcz/Ei0TW4PF4sbi4iGPHjoHjONTV1cHjmUMkEoHH48GtW7fQ19eHvr4+jI6OorW1FUtLS1hYWIDZbJYDqdbWVkxNTSISiWBqagoDAwO4evUqRkdHEY8nYLdX4913/0Su5ExXUGUeA5DCsMxqq+7ubiwuLuLWLSkAfPPNt3LCp5qaGly/fh2JRALxeBzt7e0YHh5GMBjE4uIiRkZGsv5pbW195qodfd570OotDx0UMZweWoMFpooaVNqbYa/vgNZgAVJSMBbwz2HefRvz7jtYC/oQXPFCiIaxFvTl/UfkI1CqVOB0JiiV9HOLEELKBVVglQGO1eD4QWlgZSAcRf/tGUTFOACpVZCPxREIRxEV47h8cxJaRpqJ1dFMpZykvClNJqixWR2lf/FFqEwmJEIhsJ2dAKTqD01LC5KhEMTpaTAtLVhnGKREEazTCXF6GiqrVQ6alEYj1A4HkqEQkqEQ1A6pnUBTVweuuxtxnw+CyyWfGwDic3PyIHcA0NTXIyUIiE1PQ1Nf/9ReD1J+LBZLzhu9dPteeuZT+r+3PlboGPmOCUhhUFtb9ptsnU6XVfFRqEppa0th5naZ51JwHDRNDTn7Ky1msBmhVuY2mftsrc5Kn3fr/W299t/85jfQ6/VwbPz/mO81IY+Gce4H45Tmk8WmJpHwL0mz/XxLWdup6xugNJmhaWmFgs0OQlS2J/d7g9Jkhu6lV5HsPQn++tWHPk5jYyMAqaoq09mzZ+W2P7PZLAdMZrMZx4715hzetI8RAAAgAElEQVQHkAagLyxILXhutxvt7e2oqanBd7/7PQwPD8PtdmdVNFosFpjNZtjtNdi3by9sGa8Xx3HyfuPj4/JsKo7j0N7enlN5ZTab0djYiJoae9bjTU1N6Orqks/LsizcbjcaGxsL/uwAgN7eXszMzMjn3XrcTFtfu2eBSqWRK6weF63ekndGVjQSQCIey3n8WVntkBBCvsoUf/u3f5va7YsghBBCCCGEEEIIIaQQGuJOCCGEEEIIIYQQQsoaBViEEEIIIYQQQgghpKxRgEUIIYQQQgghhBBCyhoFWIQQQgghhBBCCCGkrFGARQghhBBCCCGEEELKGgVYhBBCCCGEEEIIIaSsUYBFCCGEEEIIIYQQQsoaBViEEEIIIYQQQgghpKxRgEUIIYQQQgghhBBCyhoFWIQQQgghhBBCCCGkrFGARQghhBBCCCGEEELKGgVYhBBCCCGEEEIIIaSsUYBFCCGEEEIIIYQQQsoaBViEEEIIIYQQQgghpKxRgEUIIYQQQgghhBBCyhoFWIQQQgghhBBCCCGkrFGARQghhBBCCCGEEELKGgVYhBBCCCGEEEIIIaSsUYBFCCGEEEIIIYQQQsoaBViEEEIIIYQQQgghpKxRgEUIIYQQQgghhBBCyhoFWIQQQgghhBBCCCGkrFGARQghhBBCCCGEEELKGgVYhBBCCCGEEEIIIaSsUYBFCCGEEEIIIYQQQsoaBViEEEIIIYQQQgghpKxRgEUIIYQQQgghhBBCyhoFWIQQQgghhBBCCCGkrFGARQghhBBCCCGEEELKGgVYhBBCCCGEEEIIIaSsUYBFCCGEEEIIIYQQQsoaBViEEEIIIYQQQgghpKxRgEUIIYQQQgghhBBCyhoFWIQQQgghhBBCCCGkrFGARQghhBBCCCGEEELKGgVYhBBCCCGEEEIIIaSsqXf7AgghhBBCCCGEEEJ2IiYsIy6uICauIJWMIR4LAQCUKi1Uah2UKi00TCUYzg6FUrPLV0seBwqwCCGEEEIIIYQQUvZSyRhEfhHr4XtQKDVgODuSyRgSG+EVACQTUSQTUXD6Zoj8IiKhUTBcDVhtHTRs1S5ePXlUFGARQgghhBBCCCGkrMWEZawFRqBhK2G29kKp0snPRTMCrDStoVneRlifw1pgGAxXA51xL1VkPaMowCKEEEIIIYQQQkjZkgKoEQCAwdJd0j6ZARerq0c8FgIfmUFcXIGpqpdCrGcQDXEnhBBCCCGEEEJIWcoMrwCpEquY5YgO0ytN8te8GAcAiPwCACAeCyG0fB2pZOwJXC15kijAIoQQQgghhBBCyK5LxHlE1xbkr7eGVwAQE1eyvtYwlVgTtVgTtQgLGlTp13HbzWNmPoj+u15cu+tFPBZCMsHL+8RjIURCLvlrkQ9knZeUJ2ohJIQQQgghhBBCyK5bWRhGKhmB1lCDZGIdkdBozjZxYRkw7s16bCFoxNWJJHgxCbtFgya7AddGvQCAV3v3QFifzjmOsD4nD3YPLN2CQqmD1lDzZG6MPBYUYBFCCCGEEEIIIWTXpZIRMByLoH8cOqMVOuNeRIKurG22VmAplBq02ZbQZgNW+UoMzaRw+34YUTGOCgOLf/viHky6FGzGOjRULMHISq2DnL4ZqVQc0bUFqBkVkgnhqd0neTgUYBFCCCGEEEIIIWRXiHwAi+4+mKraodaokUryCK2MI7wyDnvTqQL7LILh7AAAtcaENVGLGzMVeOCLIbC22Sq4sBLP2s9sMOPNo0EY2RjUGhP8niEoVVowbAIMV4GVhWHEhBXozS0wWJpAygsFWIQQQgghhBBCCNkVDGcBp9MiEfNCqTYgGU/AWGFETEhBw1aB4ewQ+cWsfWLCshxg8WIcP//SAFaTwP4mFksBDe551gAANZV6dLWYYeXciCU5DLkZzAcMqGxQgNXVQ6W5B4ZNIS4moVJHkYhFoFIpoTXYn/rrQLZHARYhhBBCCCGEEEJ2TSqlQjzOQ5GIQ6VSIx7joVBWAAD0Zidi4jJSyc1qqnhGG+HCcgQNNhappIib99blVQcBYGElAlYDfL7K4fhe4JUDXiiUahgqvi6dN6lCIr4GhZJDTOSRQhwKhQ4qNfeU7pzsBK1CSAghhBBCCCGEkF0RXVtAaOU+UklAreaQSqWgUGiwunQHIh+AUqUDp9+TtU88FkIqKc2yaq41Q4gBvrAKvBjHwWZD1rYmrQKnOlh8fjeBVb4SOuNeKFU6AEAk5EYqyQCpFFLJBAAgHPAg6B9/CndOdooCLEIIIYQQQgghhOwKhrOgwtYEtYZFCkkkEnGoVBpU2lvBcBYA2AidsquiMoe511RqwapTaKzWwmZWAACaaswAgNsza+hqXMfRvQYsrlVlhWHGilppgHsqCZWGgUrFwlxVRxVYZYoCLEIIIYQQQgghhOwKlZpDChqkUjz49RDCKx4kEhEkE6ms7fTm/Vlfi/yC/N9Hm5YRXI+jvjIJMaGC2cCiucaMd19g5W0ON86jtd6RdYxUSoVEPIp4jEd4xQsghkRMpAHuZYoCLEIIIYQQQgghhOwKkQ+AXw8hmVSAYfUwWGqQTCogRNfAry/KrYIMZ4eGqZT3iwkr2QdKAbXmNfS0WvHqsRakkgIsrA8so0ZoHbBUtKGmUr+5eTKG9ZAPqaQKDKsHp7cgkUgiHk9gLeB+KvdOdoYCLEIIIYQQQgghhOwKkQ+C5TgolRxUagUUCjVUKhZQxJBKrmMtMCJva6jokv87mYgimVgHAKjZKvzHkxE4LFFUWarAMWok4tJKhGe74jDppDbEtLXAMKKRGTBaLVRqLYAUVGoWSiUDpTKFRJx/OjdPdoQCLEIIIYQQQgghhOyKdLueSq3EWnAF4dU5KJQxsJwFqVQcIr+I9fA9AIBSpYM2I4jKrMLSKKNQKNVQKDVZx2+uCsFg2Qy++Mh9COseJGIhaDR6pFI8QitzEIUIVCo11BoWWoP9Sd4yeUgUYBFCCCGEEEIIIWTXpFIqxGPr4LQmaI1WJOJJKJUsVCotACAavgdhfQ4AoNU3ywPdY+IyAECpVAMA1GpTzrG1xr1Qa6THhfU5RIIuaR+VFqmUCslkAkaLNBsrHl9HKqWQh8eT8kIBFiGEEEIIIYQQQnZFdG0Bq0vjSCYVUDMcVCoNUik1luYGs6qpIqFRxGMhKJQaeaC7yC8CAFQbwZVqI6iKiStQKDVQaUxy66CwPie3IyqUamjYKoRX3VCAAaCARsMhmQDCgXlE1zYHxJPyQQEWIYQQQgghhBBCdoXWUINKexsYVo9UMg6VmoECQE3TITCcHcbKI1Ao1Ugl4wiv3EQqGZMHuqeSccRjIflY6cArLq4ilYzJrYOZ4ZVKY4LF9nUwnB2mynqo1Iz0uFoNDcPBXFlPFVhligIsQgghhBBCCCGE7BqFgkM8toaYyEMUIoAijnhMlMMqi+3rUGlMSCaiCC1fBwDozJ0AgLi4vDGIHdAwlYjHQkgmBaiZKqg1JsRjITm80hr3wmL7OpQqnby6YSIRBh8Ngo+uIZmMIplMQaXmduFVINtR7/YF7BYhEMbqxAwC4/cBACqWQVwQwJqNEIPSagWW9j2o2NcM1mLczUsl5Jk1sxjC2NwqFlYi4GMJLKxGStqvpkKP4x016Gmx5TzHi3F8fNONhdV1LKxG0FxtQkdDJY531Dy26+bFOPrHFxBYE9BsN+W9DkJ2w7/92w145zeHlTpqK/EHf3B0F6+I7Dbhlx8hMTG525dBdoFq316wr7+625dBdkiIrMB3/0bB55UqBqyhEqy+AobKhqznHtz5BAoo5K8ZfQWq93xt2+ObqlsRXJrM2hcA6g+cfdjbIOSxSyTiUCgBhjMgEY8hmRQgChFEQm4kYgvQW7pgrupFJDQKYd2DtcAIDJYucPpmxIQVcPo9AACVWovo2gwUChUWViKIx0IILfdDqeJgsHRDw1YhJixjLTACDduA0IoHpiorOK0JCqUKibiAZCK6y68GKeQrF2D5R8bhGx4Dazaion0P2t55GWqOBQAkY2tQagzytqvj9+Hp+xJCMAxbdwesXe27ddmEPFOGpn34bGQOgYjwUPsvrEbwb9emsLom4ExXvfw4L8bx3z+6nXXcmaUQZpZCWFiN4A9OtD7ytfNiHP/Hvw2Bj8UBSPcysxh6LMcmhBBCyFdbIi5iPbhYdJu1lQcAAFZfAUfHC9Bw0vuT/5+9N31u6z7zPT8ADnCwEzvBfZVIURJF2pIleYksux1Hud1OfG8nnUwnXUmnp+b2rZqpqfkL8hfMTM2L6amaW9U91XcqPel7O07SHSlxbFmJbcmWZEmURJGSuG8gsRELCRys8wLEEUEAJGXZlkT9PlWwgPNbD0yCON/zPN8nFVup6FekuKv5TfbGqrECwZNEJr1KcnUam7OZQj6LTqejUJAwmo0U8hlVhDLb9pdEKIO7JEAZXJht+1gN/lGdS6szk0kHkM39pJUg8fAl9AY3VscgxWKWROSq6ptVyGdweFso5LMUinn0egOgZz25QnJ1Rq2OKHhyeGYErPjMIrO/+whnXxcHfvgtcukomfgka4E75NPRqv46oxPZ2Uj714eRjE4Cn45w5x9/ScvXjmHvaH4MZyAQPPmsJhX+6Q93dx1ptRM3JoMVAtbZqzN1RbHrk0H6W530t7keac1/unBXFa82z32i34/faXmkuQUCgUAgEAh2i7IWZf7W72gf+lPVo0cg2IsYjA5szg50UpaMsoYkGSkWcmh0OtCUXI+KhRxrsVEy6WWsjsM0eF8mHr60YdK+n6wSRja3kMvGkc1taBMyUMBs24fR0sV64h7ptSmKhdL3fI1WAo0WjaaA3mAmoyTJZ7NIeg0Wu0+IV08oz4SAtfDHKyjROP0/fItiYZXY9G/Ip6MUCnqUrIP1ZBeZlBZPY5h41IMkFzEocUzpMdKRMXRGJ+5Dz+MZ7GPhD1dIzC7S8opI2RAINhOIrvEP796pEn8ehYpIq+U4NyaD2/Y/d3WGzkY7RsPn+2gbm4swvRKv2RaIrgsBSyAQCAQCwReObHECJcFqK1lljfjKBM7mA1/1tgSCrxTJ4KaQD2I02cko6xhkM/l8gWJBg8v/Bpn0svpYDX6I1XEEp+80ydURLA2l3w+r4whZJYzJ0klm5S5oJHSSnejyeQr5FFqdEdnSil52YzA2klydoVjQUCBLRlnHYnORUdJodc7H/G4I6rGnBaxcWmHq1+exdTTT9e9eJrFwgdz6CkrWSWS5h5WZ0oWq2V7EaNZSKOhJBLNo9HpSa0byuSZcTWa8LRHys79HMvtof/0U4VtTTP76PN1/dnrHPWSzOeYWFzGZTOgliXAkitvlxONycmvsLm5X6ZcjHk/Q19vNeirFrbG7dHe0l44nEnR3tBOKRMnmcjT5Kr14YvEEen3pf2NgJYjdVvLr0ksSDfbS8/VUinAkislkIpVKEUsk6evpJpvLVoxJpVK0tTSra+kliVQqhclkwrOxz7mFRdwuJ2aTSd3D+sacW/cmeHb4MsQrgA6fXX1+7urMjv1X1xQujgUqorYehu3W8DvNn2tOgUAgEAgEgu3wdh3F3OAnn8sQnLpCfGWioj0ZmRUClmDP0+DpI7ocQUkn0ekMZDMZdJKObDqIRtuHXnahl11YHYMoqXnWE/fQ6UxYHYNq5UEAveymkF9HNrdSLEyQXL2BwehHNrci6e0Va67FJtHpCyjpLDrJQEZJIemN2N39X/XpC3bJnhawZt/9GOf+Lhx9PmLTvyGrZAlFe8jGi4QX40h6CatNJh2JoZNtGIzrKKsbIYWA1eUgsriOpG+giBNf4yTxud/j6DuJzmjYUcTKZnPcGrvLof79qsjkcTlZT5VM4eLxBIf69wOo4s96Kk0um1MFo3AkyuTMLG3NzXx8+WqVSDS3uMSh/v0l0WnTuDKxeELtU8KJO5VCr5eIJRIEloOqWAYP1iyLbODk3T98xEvHnsNsMjG3sITJZKoQsAIrQeYWloSA9YySzuS+FPFK1us4c7QUunt9MrjrtMQLN+cZ7vbisMoPtd75bTy7Onx2EX31jBEKJchkSj/TbrcVWdbvMGJ7FhYiaDQaDAYJj6d2YZDymtv12e06VqsRu92084Aa65dpbhZ3HwUCgeCrRCcZ8O97kVQsQFZ58L2nkMs+xl0JBF8NgekLaLQZTBY7oC0ZuefzaHUZUskAxUKGheAsM2E782EN6YyFQGQNh/UGDquM321hqLcRv8uCVmcml51Do9XjbHyNrBImn42TTS+TzUQwmDrRamV0OtBqJAyyDq1Wg1YroaSTBKb/QHv/W4/7LRHUYM8KWAt/uIK50Y2jz0di7l3W01ZSqUamxtbpGzARC0rI5EhH0pgbzHi74mjyCp1HvKwt5lFyEI+sYmmwYjBBYDKLTteF0zVPYu5dbB1voMTcBD4dwf/CYM093Bq7i8flUMWrMpvFn50wm4ylaCi9hN1mIxSJqiJVNluKktqOT6+P8OrJ4597fQCLsX4J0fIeTCZjxd4Ezw61PKO20ugwP5Q3ldMq09/qxGiQSlUHr+wcfbWZdy5O8KM3BnbdfzWp8MlYoG57WUgT7H1ujMwwMjJLIlFZfaavr4WXX9rP2bM36lYB/D//7ncVY44d7VHn3CwMud12Xn5pPy0tLhQly8jNWW7cqOxjMEi8cKyXwcF2dkJRsnz40V2mppar1jl2rJvuLt+2Y0duzjI2tlh1zgaDxJEjHQwebkeW9cTjKf7L//vHij5ut52/+O6JmnNvfT8MBom/+clrO56PQCAQPOtIRkuFgKWVHu0mikDwNNDS+ybz935FLrOG3mAjo6yh00mgyRGYeR9bQzs25zD3bt1lOfLg92M1mWY1mWY6EOPS7UUcViP9HS6KxQKxZJrR8Ytq39CameF93cSCt0hEJ2lwt5LPaUmn4ljsHnK5BLlsgZZeUaHzSWVPCljxmUXWAyF6/8NrxOd+TzJtI55oJB7O0nXAjU6KYbfLrIfTuHwNWN15JArEb1qwH5kmb+4isxTB63eSzhco5nU4/VrmxxPk+9ux2SNoAxdpfP5PmPq3D4nPLNY0dg9Fo/T1dm2713CklOsubUr5kzYEr6WVIKHIqho91dfbxfj9KVUkCqys0NbSpM6VSqfV+ew2G7FEAovRWCWgbSaby6ljTCajKm5lczk19bCtpamu6BWKRvH7fJg2orOEgPVscX0yWNczCkpRVN8/1Udno71un504PzL/0NFd0ytxppfju1733NWZumsc6faK6KtnhPfeu8X43cWabePjC4RCCRKJ9V3Pt1W4KhMOx/nlr67w2ulD3BiZJRyu/h3KZHJ8+NEYRYocGawvoIbCcf7xv/yx7jrnzl1ncLCDl1+qrqIbj6c4e+5GzfXLe7h8eYLJySDf/tbz2O0m3G4b4XCiYo14PFUV7TU5VV3tqquzvpAmEAgEggcoyUovLNnyaAVqBIKnhaaurxOcP09uLYZstJBcXcZocdDgaqJQTGPI3Oetkx387uoCM4FYxdgGq4zDWgq8mFqKqSLXzz8utTe6LBzvd1NQIugNOtz+XrLZdVKJCJYGN1llHZ1kwuU/gE6qH8AheLxoH/cGvgyWPxmh663TJJcuUsgkmZ73UtRAdGUNoy7JWsyAyQpmu4n86ipGR4D0vAmNTqK41ojBmsJiksiEI7hbcqzOrGM0FzBajMRXIbrqQVlfIxm4SPvXX2L5k5Ga+8hlsztGOxU3HpvRS3qu3RwlHIkyfHhAFaDMJhPZXFZNQczmchXzF4u159uJ8hj9prs7qVSKCx9/gtvlpK2lftXFqelZJmdnCUejzC0uqnsT7H3SmRwfjMzXbW+wyPz4jYFHEq8C0TU+Ga8fGdXXWl8wfefiRN22zUwvxxmbj9Rsk/U6zjwvoq+eBS5fnqgrXpUJh+M1haJ67NT3/fO36opHm/elKPVTRzKZ3I7rjIzMMDZWeW6Kkt1WvNpMOBzn7LkbAPT3V/89mJquFqsWF6uNiLu6hYAlEAgE25HPZQjc+5hC/sHnvlanx9lU2/+qkMuSii1XPGoZwQsETxOZdBa9bEar02O2edAbLGQzaShmWIvfR5++zndPdfPtl/cBcKTXx3/8Zid/fdrOvz9m4N8fM/DDUy7+01t9nBpqV/v81Rv7abPMEI/colBIk8tm0GoMmG1eNBoJvcFEJp3BYHQ8ztMX7MCei8AK3RjH7PdQLKySTc5zJzCAxZJnOVikvbeBImkKGS0NbWG0ioOiLodGu4oulYNYhOKKG11TgWwsib3Zh6RPoDPYyCg6Grt0rKxIoM0zu9JFt3Yco3MVs99TMwrL7XLumFZXq81sMtLd0c7Hl69Wje/uaGduYQm3y6mar28et7lvw0YU1nboJanmHuw2Gy8ee57L10Z48djzNaO4llaCDB0eUEU0s9HI3MISfb3d264p2BtcnwzW9YwqRV7tf+TIpe1SB08dbuX0YCv/2zvXiNXYx+qawvmR+R0N3bcTuk70N33uioaCp4d4PMXlK7sTPD8PVquJTCb7UOJXmUwmx9RUsKZw9DB8+NEYXV1e1ctrpE7kl9td+ruyOcoKYHExwtjYIl2dPj76aLyibWEhWhUltrBQKQobDNK2qYwCgUDwLDN/692ax7U6Pb7uY+iN1prtylqUuVu/q9kmEDyN6CQjJqsPrTZFPpdAb7CRy+VYDU7j8HVhsXsoFtIEp/4Nn7GB//HtE2jS0xiMJgxyY8VcBuC5tgiDXYcpJG+xujiFyazHaveQUdZZDU7jbupDJ0nkc+totTJ6uUFEXz3h7LkIrOj4FI0vHCYVGiGVsxGK6pB0RQw6HWaTQiqpR5bzAOjlHJKpdHGaj5a+bBezBdDlkCwmDM48uXULTf0GlIQGrSaPyaQBZMJRHamcnVRohMYXDhO6MVa1l7aWZu7en/xc56HXSxwbHuTardGKqCaPy0k4EiWwEtwxXU+vl2hraWZyZvZz7aHBbqO7o41bY3drtocj0YoIML/P97nXEjx9XNrGM+r0YOsji1djc5G66YmyXsfJfj8Ab5/sqTvHJ2MBVpO1RTaAS2NLdUW4BousriHY24yPV0deGQwSr50+xE/++jQ/+MtXVD+rh+Wll/r4qx++wt/85DX69tcWofr2N/OTvz7Nf/rbr9fsEwpvfyMCYHCwgx/85Sv8p7/9Oq+dPoRhi/CayeQY2zhPRclyY6RSHHa7bfzgL1/hL757kr/47km++52TVXOMjS+qaYSbmd4SgRWPp6oEMJE+KBAIBA+HbHHSMfSn2H2f7++PQPC04m09gcHUTT6nQVHWgCy+tgF0Wj3R5dK1tbXBjdFsIBe7icnqxyDbyKRLKYX5nEImHd8QwxopJMeQpDQGWUsurxANTiPpZRrbjwAFsso6Go0RjdaNt7W2r6fgyWFPCVi5dOlCVKvLkltf4W645D+1tKxB1inkixBZSGJxrpNes2Nrnaehq/SF3uAtiUFaRxGNPo59KIbkWCIdBfLraCiQTukxylmiK6Ww3rtLLeTWV9DqshXrl2nyeenqbOfW2F0CK0G1omAo8iC0d3xiUn1sxWwycah/P5evVaYoljypqpXhwEpQnau8Rl9PN+upNOP3JwlHooQjUcbvT5Ld8PtZT6fVMXML1Rdx5fTB8Q0hruzPFYsnqvag10v4fb6a8wj2FoHo2rYV+070N9VsexjOXa0ffXXmaCdGg8T5kXk6G+11UwnT2Rznb9ZOcyylQC7UXePtkz0i+uoZoZZf05lvDNHf34ws67HbTRw71sPgNl5UtXC7bRWRSa+/fqiqj8Eg8fLLfWpk1OuvV4tPoeD2Ataxoz28/FKf6kPV39/MmW8MVfUbG1sq/Tu+WBUN9vprhyp8rDweGy+/VFlCenExgqJka0aDbY64EumDTy661paaj8/bTyAQfHkoa1FmbvwryfDc496KQPCVY3V0oJebKeSzSHoTuUyWfD6DpDeipDMUihnW4gns7n0lwUqJY7I2srY6QSL0GSZr6XtHJh3H5T9Caj1LPl9Ao5HQaPUUizqUVBxJL6PR6slldbj8Rx7zWQt2w566Olsdn8bZ10UmUbpgvTeTxWeTiEXTtPu1JJMGGrwa0CZYj4LNAWvjPoyNOnS9QUzNdjAnUOabKGQLmLqW0RkkUmtgc+VYnM7i7pQB0Oq0LASyHGmDTGIee0cLq+PTeI5UGuU2+bw0+bxkszmyuSzuTVFTL77wfNU5eFzOisiq8vjN1PKk8ricnHrxeNVxvV5STeBDkSgNNpu6B4/LyZ987aWqMVtTAIcPP6jm9sLwg1/ssul8vb6Cvcu1iWDdtp1S9nbD+ZH5bQWyoW4v50fmuXBznq5GO2ee72R8vrbnw43JICf7/VURYWe3MW7va3U+kneX4Olia7SQ222jpaXaMPfY0W5GRnZfEbNWypzBIFWIRx63XRWvNh/bXOlwJ2pVKmxpcdU0XAdIJNJV/TOZXJXwVCvlMRRK1EwjnJoOqu+ZSB98cpG/+x9qHl//X/+Pz9XvUdF6Pcjf+lM09tLnbVFRyF38hOxn17/QdQSCJx27rwe9bCGfz7AWnlMrEBZyWRbHPsC/78WakViyxYnV1VZxLKusEV/58tLiBYKvkkIe8rksRUoBIxa7D51kIJ/P4ml5Dp0ko5Nk1bcqtz5OJhVT0wBNVh/5XBq7+yBrq7egqMXu9JPPK2h1RXKZFKDFYGx4XKcoeEj2lIC1thzC/8IgSvwS4XQTmUyeIqULg1xRS3Bxnf39kFi1oZVKX8wLkoHY7RUs3W7kpmXW7zeSXg5janaQzzZgsGcJB2QcrQo6g4FYVIPWoEenk5CkPMF1L03JORx9X2P505t196bXS9tWA/wqEBUCBV8UMyu1I0IaLPIjCz+rSYULdaKmAM4c7WA1qfDJRgrjuasz/MdvHubU4da6485dmeFHbzwQV6AUWeIAACAASURBVKeX49yYrC3ClYzbOx/hDARPOx53tTgPIMv6KlHo4ed+OHFqJ5qbXFUCWJmWFlfVXhcWIjUjut755eVdr1mrGuHCwgPxa6upu0gfFOwWjSyDLD/ubQgEXzl2XzfmhpJtQb7tCPO3fldhxh6evVFTwLK627F7u1WPrHwuQ2YtKgQswZ6gFBF1hEjgBuTCaLUFtJJMLpumWNRgMDaQjM2yHp9Do9m4zs5E0eu1BKYvbMyiwWxrxtLQSjKiAa0GNDo0FMgoCiZLMx4RefVUsacErPXlELLDRjqaYTVd+sIsGSRMHjuLyxl8TVr0pgyRgIbmtnVS636QQef1kIkoGDx20stRNEYTBp+WTMyG7IiSyzpZXzPi8mu4eyeJ1m4jRRF7g4lY2o6/EEEyysRnFmjh6GN+FwSCL59AdK3m8f5tqgLulu1SB4/3lSKpfnFxgiJFvn2yh3cuTnBpbImT/X6uTwZrGrpPr8S5PhlkqLsUzbhd9cQT/U04rOIC6lkhHq+unKpsY7YuG2qLRU8i8peQAru4GKWlxUV/f3NFFFY4HCceT9WsiijSBwX1KARDpP7zP6CRZTR2G4Vg6HFvSSB47OgkA3ZfD8GpK+qxrLKGslZ98yMZnkWr01PIZQDQSgaySvIr26tA8FXg8h8huTpDePFj7G4/Wl0Gig4y6Rgmiw+dpkhi5Tz5nEIhn0cvW0hHr6IoRVr7/xyro4NUchmtzoRWt4ZWq0PJpjDIPpE2+BSypwSsvJLZ+HeVTK4ZyJFYz+IwakmG0nS36oiE9chmDVopjUFKUjTqiYw5Sa+mMeeNpMhjb7Shs8xjtutJJRtxNGtZXizgbtVic9lYRyIaUbDq9DQUZPLp0h0Sactdw/VUqsLkfLvj9fpCyW8qHC0ZptttVswmk5qSuHVM2ftKAxXpil/EftZTKfSS/rFHkgkeL9PLtY3VAYZ7vHXbdjv32Hzt6BRZr+P0YKsaPXXqcCtD3V6uTQT5YGSBoW4vpwdb61YVPHdlhv5WJ2Pz0brm8MK4/dljs+9TmVopdk8jwVB1pFW9aK2HpVYa4eJilESiUhAU6YN7G11rC9JzQyDL6Npayc+Vbg7kb9+hEAyif/VrVWOyH/xBFaqkgwfQDRyoaC8EQ2Q/+IP6Wv7Ov685B0oG6eRxdG0t5G7fIXvxE7VdI8tIAwfQ9naj9XlLkV1b2LzX3Oidijat11Nz78o//4v6XP/q19B6PZVzjt4hd/vBXPXOL//ZdXQHD6BtbUEjy2h9XvJz8xTjCXIXP6EQr/93VvBsIFuqbwjmN0Sqzdh9PTibK3/GFu+c/9L2JRA8LqyODkzWRpKrM6SS02i0KeRc6fua1dWH0dbKxPX/m0xaweYwkVL09B3979FJRvK5NFklQVZZo1g0ode6aGw/KaoNPqXsKSVCJxuqjkViCnaTGdlkIFMosJ7S0eJPkVzzYDFLZNIWnP0r5NY8aA0hfMNOtIZVYsFWGrzzJOJG7K4wRpOTeFyHUtSSQYvZbGAlkqLF9+AtNDgq004ufPwJLx57vsoram5hqcJnaj2V4uPLn1X5Ua2nUozfn6Kvt4vujnay2RyTM7P09XYTSyQIR6LqPEsrQeLxBN0d7ej1EtlsjvH7k7g3eWpdvzlKW0tTlYfW1v0AfHT5M1469lyFiHX95ij7e7tFKuIzTnqb6JRHrTxYT3yCkrdW2bi90WFWvbbePtnD//7La5wfmefM0U6uTQSZqSFQpbM5zl2dYWyutlcWwJnnO4Rx+zOI1WoimXwgvJSjibaKW4qS/ULT/74IFpdKxuq1hKnFxeq9ejw2bDYjLFUe/8FfvlJTzKtH7TTCSFXFRJE++HSgP1ntobkTup5u5G/9aeWxtlb132I8rnpbbSa3SUzS2O3qmAcHNTXn3EyhrRXp5PGawpSupxvDN96oaisEQ+RvjyI9N1Sxrq6tFem5IZR//heKSimCV7MhyG2H1uetMrYvzFcWBql1flqfF+nggar9qfvp7Sb9n/9B3Yvg2SQZ+fzG7WX/LIFgr6GTjDR4+mjw9BELjWMwNpBKLmMwNqDR6FBSSezWHBaTjrX4KgD5XJp8Lo1WZ8Dq7KHB07fDKoInnT1VhbAeoXiWrGRgbkFLQVdEJ0WJJfTodOusLpuYueFBY0yh0WbJ5A1MXzMTXcgDsBbLk87YcPjTrGcNFCWJYDSFtoZYlt9ShbDBZuP22F214l89wpEobqezqnrfR5c/o6+3SxWR9HqpSmiCUoTW1HRJ2CpHR5X73h67y3qqdGFmMpmYnJkjFt/ev2VpJUiTz8vkjKh6IqhmKbpe83iD5dHS7i6NLdU1bm90mDnR38SlsSVmVuKcOdpJUVFY/83vcFhljvf5+WQ8wGpS2dZE/vpksK5xe4fPTn9btXG3YO/T0lwtym+NLgL48MPqY08C779/u+rY5csTVal87g1vr1opfZevVFfC3crWao1bqxFOTa9UeW6J9MGnA/3J4xWP3WA4XR2hVFQUlJ//tw0Bpjpa5ItC/+rXaopXQE3xqryv7GfXyZx7t2qM1uetGXH1ZaCRZXK376D8/L+Rr1GBWiPLVZFdgmeL9VigpoeVbKn+jlLYEpVVK0pLINiLlE3XDcYGdJKRWGgce4MF376/wex5HavNTHJ1hnwuXYq00miEUfseYU+GGuhkBwbpwRf35HoWZ6OFAhJe5zKRpI9ctkARKOh1xNdzrCx4aGpfYzVsRmM1YHJIZPM5HL4C0Ygeu7tILJknkirga7QzHdi4u1HMo5NLVQ+U2JZKVi4ndruNjy9f5cVjz9dNvcvmcvT1dm1ESJUuCEKRKBajsW5a4WYmZ+bwN9ZO3fL7vGqEldlkpK+3i48uf8YLQ4M1qwgC5LJZDvXv590/fERfT7dIGRTsCtMjRC6lMzk+GFmo237maKfap1whMP3hRXJTM+QWFjk92MrYfJR3Lk7wozcGONLtrWvSXo+3T1abowqeDfr7mxm/W3kDYWp6hffev82RjQp/ly9PVJmTPylMTa/wzi+v8MKx0s/wwmKEy1eqL37KglN3l68q6mx8fIFEIkV/fzN224O/O/FEioWFKFNTyzQ3uyrSAbemEW4VzET64NNDfkvk0NbIoq1ovZ6a0VX5+5PqXNmPL1VFaH2R5Ccmyd0aBUWhuHFjTuv11E4XvD+pRjTl5xcoBENVIpGutxt++6Vt98Fe5hfUFMn8/AKmv/lRzfdS8GxR9rvabNy+GaurFZ1UffN8q6ilkwxopd2nit/96B9rHne3DeJuF95AgicXk9VPcP4TXP4jpJIBdJJMc9+P1WqERuv/QCoZIJOOAXFSySW8rQ8fbSx48thTyoTcYENZTaDRGfBYIsCDD/W55TV6Wmyki2bSikxza4BM3oqpIUN22UgiBa6sk3ReB0YdDk+ATNaG3b5EqtDN6pqJSCqDxWZ8IF4BHksEjc6AsprA3lH9ha/J5yWXzdYVseYWFmlrblaPx+IJGuy2UlTWLlP1UqkUbS1Nu+prNpl4YWiQT6+P1BSxQpEokl6v7j2wslKVcigQ1KKesftuOHt1pm5k1JFuL52Nds5emSadzXHm+U7yoTCZG7cASL33B2x/9T3V/2psLsKZ5zsYm4ugZPO7Wv/U4VZh3P4M09LiqlldcHx8gfHx+sLqk8TiYoR3flk/vdFgkOjve/BZ/s0zQ/z8ny9WzVEr7bCM11P596JWGuFmRPrg04Py8/9W8dr8v/xP2/avF/1U3Ozd9CWmwGU/u17hk1VmV/uCmul59cZ+2RTiCXRCwHrmqSdcAWh1+rpiUj2xytTgIxV7Mm+6CARfFC7/ETLpVQzGkqF7PpcmlVwmn1OAoupxlc9lhFn7HmJPpRDaO1pIzCxisLbRoA9hMOgq2icWEoTXbUhaBb0uiV6XxOOYonO/nrSSA22WtJKhqSWOTreGxThLJOlDNq4xNpWhwWlmIfzA3Ndg0OE1BzFY20jMLGJudNfcV1tLM90dbXx8+WpVOmEossrkzCzj9yfVFD8oRW/FErsr1W4ymcjm6qcpbhXNGuw2VcTamk4YjkSJxxOM359EL0mMTUztag+CZwfnNkLP5xGxyqbstZD1Ok4fbmU1qfDJeEAVmtJ/fHDhXUwkUD69ylC3lw6fXa1iuF0q4dY1hHG74PXXDmF4Qv3PtquKuFtee+1QhU+Wx2PjtdOHHnnerWmEmxHpg88gm0WgL1EQKtyv7ZdYrGORsDXCSWOojmQRnlOCJxHZ4qTt8Ndrpg+W2msf1+mqf8YFgr2GTjJiMDoILVxBpzejk4yk10MoqTAGYwP5fJbk6gwmq08Ytu8h9pSA5ejrJDo+hcFWunDd1159ejfvpXA4VollWklk3Pzmch+xvIGhoWlM+ih9/XPMr9i4dKMDgHTRglYPNqeFmeVK75/ettK/Blsr0fEpbB31v8i3tTTj93m5fP2GeiwUidLd0UZfbzd9vd0MHx4gnkiQzeZosNmIJZI7+mcB+Bu9BJZrCwCBlSBtzdX7arDbONS/n+u3RllPlUS5UuVBo7qfvt5uGmxWtbKhQADg2Mbr6p2LO/vobCYQXeOfLtyt236ivwmHVeYXFyfUCoHZyWnyi5UO1MrILQrxBGeOdrC6pnBxLMCJ/qZd+XKdOdopjNsFeDw2vv2tY9uKWJ2dPtVH6vPS0lIZWbu4FCEer6zct1UUCofjLCzUjoxyu23b7slgkPjGN4ZqpvL19zfzrbeO7uqcmptc9PVV/y2pF2Ul0gf3NltTDstIBw+oaXyfxxj+USnE41XRVlBKDyxHWGntdrS+atuF/P2d/37Jb/07dK0t6E8e3zHNUiCoh04yYGrwbftwNPfT3P8qHUN/WiFSbe1XK62wwdeLZLRW9NNveb3TQ2+0fpVviUDwudFJRho7Xkan05NKLlMs5NBotKSSy+h0erytx4V4tcfYU1dtklEmpygU8noks4993jlu36+OrFhNO6BgoNm2gN3pZ34lTyY7wAH/KB+N9RKNKjQ2lqqppbMalgIO5parI0v2exeQzD4Keb26/nb09XZz7eao+npuYYnhwwMVfdwup1ppsL+ni/GJyQofqrmFxaqUviafl3AkyuTMLN0dJb+WbDbH+MQk3R1tdT2syumNcwtL6n7K4zf3mZyZrVl5MJvNCX+sZ5DOxvqpDoHoGv/w7ijfONqxY0XC65NBzl2pnzpYFqzG5iLMrMT53tf2IxfzJD+8VN1ZyZD+8CL+b36d431+LtycZ7jby9sne/iH349W99+gw2dnqLu2f5zg2cPjsfHDH7zCyMgsk1MlQ3KDQaK52UV/fzPdXT4+/Ggc2bApksn7QPxpbqq8E26zVXsYDg62EwwlyCgPfu5Hbs7y8ksPquL09zczObVS0efGyCwej61ivfL6L7/Ux9jYImNji8QTKew2Ewa5JCB1dXlrVigs09Li4i++e5KxsUUWFiIsLEZVb6zmJhcer43+vmY8ntoil91uom9/M4lEuuL4VqFOsPfI/PZdDG++UXFMI8sYf/jfAZC7faemUPRlo/zyX5G/+x8qUgI1sozhzT8hf38S6bmhqjGFYKgiJbEQDNWsoqjr7UHXW/KaKyrKY0s7FDzdyBYXbYfe/FxjdzPO7uvBTrWvp90nvD4FexeT1Y/JKjIqngX2nPrQ8rVjLH96E9/RQXLrv+dgbxu372cr+syFzHS64khahWwhx1JYIZjQ0dnoZiGSA3Q4HDlSOTsuc5g789V3kQd6dJilOCbPCyx/epPG44NVffw1vrgNHx5Q0/a6O9qq2vt6ugmslHLW21qacadSzC0uYrfZiCcS6pxmkxE2iUqH+vcTiyeYW1hUUwq7O9oqTOBr7aetpVn12nK7nFWCVFtLs5qe2NXZTjgSJbwRkdXW0iQErGeUvlYn4/O1I/OmV+L8X7+5+chrnHm+FAV57uqMWiFQ+fQqxTqptZsN3a9PBjl3dYbvndq/raH7maMdJXP4mwsUi0XS2TzDG55bgmcTWdZz7FgPx47V/qK/WWjayre/fXRX83/zTPUF9Fbq9am3fn9/87bpfDvxKONff/3RUxEFXw31Iqc+T7/c7TsUY3F0BwfQtbWALJeEn1ic/O1R8vMLaBqqP0s3p+oV4/GqtQorlZ/XtfayXbpfIRhC+cefoXtuCK3Pq0aEbRafyv2K8Tj5+xPkbt+pml/5+b8gnTyuzlFUFArBEIWVIPnPrqvzV4zb6rW1i/Pb+nqn8xMIBAKB4FlG89Of/rT4uDfxRXPv5+foeus0qdAlssl5fnv7EOFoZVnZ77w4jV6bYVVx8PsbfjKZAm8eTfDbKzaafDIv995Fr1WIZTz826eVd9XdTgNvHryFoaEbo/M5pn51nn3f/cZXeYoCwWPl+mSQdy7W9iD5Iujw2fnxGwOcH5nnws15/udvDWMvZEj+4z9tO05js2H7q+9xaWyJc1dn+NGfDOCwyPzdb0aqDN2PbERo/ezCOKcHW9WIsV9cnOBAq5P+ttq+EgKBQPAkofzrb8jfvf+4tyF4DOj270P+0zOPexsCgUAgEHxl7CkPrDKNxweZ+vV5rE0n0ckOXumfxWatTKFYWmsjlvEQSDTxzecWefNYErshwunnFI53z3BjcT/rOTvTkcaKcTarxCv9s+hkBxbf80z9+jwtX9v5rrtAsJcY6vbS6DB/afOfOdpRMm4fC3C8z4/DKpN678KO44qJBJkbtzjR30Sjw8y5qzM4rDIn+iurdMp6nVqpcLjbSzqT5xcXJzg/Ms+Z5zu4VidiSyAQCAQCgWArwRqRdF/F/F/2ul8Ve+U8BALBl8+ezP+ydzSzvhxi8aMRGl94kcLsu3xj8D7v39mnRmLNBU1Ymtf5bCzPLUMLLx1aRy8rZPMS71zyAwpHW+PMBh7M63YaeO3APQxSAVvrN1m+OoZzfxdmv+fxnKhA8Bh5+8Ue/v7d0arIpkfleJ8fv9PCzy6MU6TI6cFWioqC1NKE1NK08wQbnDnayT/8fpRLY0uc7PdzfTJIbK2UlnGivwmjQWIpus6BNifpTJ50JgcWGaNBEqbuzxi/OXudzOeo9Pfa6YPY7dU+VwKBQCB4uhi9PYrdbkdRFDIZhQMDAzsP2sSFCx/w59/5zq7Xam1txb4pxfbaZ9fo6empOLab+cvHL3xwgVOvnnqoPdfj2mfXaG1txbspRfbXv/oVf/bWWzuOjcfijI6OcuLkiYda82HeP4FA8GyzZ6/S/C8MMvmr91kdX8HR9wZrSx/z2oF73I/0cG0sx1IozwudYQwGB5lMnit3rXxj0MCHN3QAdLSaiOf8JJIl/6yBHh0HG+9hNJmwtZ4iMrrAeiBE91uvPc7TFAgeG36nhR+/MfCFilgNFpnTg61ML8cZn4/yjec7NsQkCfmF5x9qrs5GO32tTj4YWWCo28uZ5zv4pz/cVdcAONDm5M5clANtTnXdQHRt20qLgr3HC8d6UJTszh23IMQrgUAg2BuMjt5WBZTf/fa32Gx2Wttav5S14vE48Xi8QqyamLjP8HPDn3vOgYcU3LZjYuI+Xm+lv9upU6/uaqy9wa7u5dLFSw8tZAmeTQKRNS6NLpYyJI53M70UY3o5BsCrQ+3qa6NB4sRAM9NLMRw2GYfVqD4HuH6/5CM91OvDYTVy/d4yU4EYB9rd+N0Wtb2zsYHOpgbOX5tFoyld0/R3uIkm0iyFkwx0loJTrt9bprOpAYdVVDF8ktizAhZA91uvMfmr98kpGRqffwPt0kUOaEfpOGnn9mIH9yO9vDyo8P4VHYlklnjGDYDBoONQywI355rY1wEHm2cw6+Lora1Ym06yfHWc9UBwR/Hq3T98RHtzk2qSPrewhL/RS9OmOxrrqRRzC0vY7Tb0kkQqldowYH9QDXBuYRG/z1fTMH1pJajO9/GnV3lx4yJ//P4k3R3tVWM2VzG8NXaXQ/37gVJFwbnFRQBMJhPxeIJsLqe2l/c6OTNXcWzrPPXWKnPt5mhV5UXB04vfaeFvvznI+ZvzdY3Sd0uHz87bJ3swGiR+seGvde7qDOeuzjzyPs+PzHPmaCcdPrsqXkFp/9cmgozNR+n02XFYjZwfmeftk6JSz7NEvQp7AoFAIHj2iMfj2DcqUE7cnyAYDOL1eunp7SEeixMMBgmFgsRicU69egpZlmltLRVmUhSF+bl5enp7GL09SjweZ2BgoG5kVS1Gb4+iKAqyLNPT24O8pdplub219cH3mWAwiNfnVfe3sDAPwPETJ5BlWR0Tj8fp6enB6/Oqx4afG65YY+t6APPz8ww0DDA/N48sy0xMTGA0ynR39zA6OorRKDM0PKyuD3BndBSNprSHifsTKIqCoigMHBwozXF/gng8XnEegmeTs59M8v3XD6gZEFOBGF3+ksi0+XU6k+PS7UUcVplr92KcHm7n4ugib7+yj0B4jWIRTg+XrqGv31smncnz9iula9TppVhFO8B0IMaPzxzm7355jc6mBpKpDPOhhCpgXRwtXRsP7RMC1pPEnhawoCRiBT4d4f6/vE/Xn53G6FpFCo1wrO1BlbQ3jzUTTLox6QMM9zvpcM5j1sU51hbBIBWQzD5MnhfQaB1M/eYj7O3Nu4q8SqVS9PV2q689LiefXrsBQJPPSzab4/K1EV489vwmoclJKBKtEKNiiSTrqXTFXFASiDYLWKHog6pwsUSCjy9f3TI3rKcelDqPxx9Uc/v48lWGDg3QYLdV7G8zmysQbt1HLpdj6FClMLV5LYBQJEo8kSAWT6jrCJ5+HFaZt0/2cOb5DgLRdQLRNVKZ3UdkNTnN+J0WHNbSF6bVpMJQ95dTev37p/ZXpQeeOdpJILrGnbkoTqvM90/VrzIn2NssLERYXIridtvo7qquPvs4uHx5gsHBdmS50sdRUbIsLEafmH0KBALB086li5eIx2O0tbWpglNZuPrdb3+L1+slHo9z7dpn/Pl3vsPE/QkuXbykpu4pisLo7VGGnxtWUxJrCVBQivian59XX8c3KlhO3C/dwBt+riQG/fpXv6pIrSuLPidOnqjwjRodvc3AwQHi8Tijo7f5s7feYvT2qJqaGAwGOfXqKVVUK4tyXp+3an9eb/XflfL85T2fOHmCCx9cYGJiQn0+P1dqCwaD9PT2YLPbOH6itM+Jift8/c03Ca4EufDBB/T09BIMBqvOQ/DsMb0Uw++y7Gjfkc7k1CyJ/g63Ki6lM7maY+/MRjhzvGvH9VeT6Zr2IdNLMYZ7G7kzG2FoX2Od0YLHwZ4XsKCUTmhu9DD1q/OYmzw0HvsasE4mNkFOieJmEbdc+iU44BkFQDL7MFvbkMyNgJnlyzdZX7pG4/FB7B2fv1R5X08312+N0uTzMj4xSVtLU1WUlMflZFIvEYpE8bic6CWJwEqwIqIqm82xnkqTy9b2bWmw2WjyeWuKWFuZW1jEbrNViUqbx2SzObK5HH6ftyqyqrujnfVUmuu3RqtErM3EEwkO9u9ncmZORGHtQYwGic5GO52Nu7/LWAuHVa6IkvoiqffH0e+0qFUIBc8moVCCs+euc2Swg8uXSxcQuxGHboyUIgSPDHZ8KftSMrkq8QpAUXKEQwkhYAkEAsEXRDnd7cIHFxi9PcrAwQFVlCpHLwFqtFVrWyvXrn0GlMSr3/32t3z9zTc3+rTy61//ira2NjUKajMDAwcrUhTn5+cAuHbtM06cOAmU0vHKa5YJBoNqxNJmj6rNlAUou700XpZlFCWt7rO1tRVFUbhw4QMOHjzIgYGBiv0pirLt+1ROL5RlueJ5PSYmStFXly5e2uhr3NV5CJ4dan0/v3a/lP5Xjpg6++kkZ17opr/DrY4JRNbo9DeoY6YDMc5fm2V4n490JleV+re53WE1sppM84s/3uPtV/ZVrT8ViHGgw81UIPZFnqrgC+CZELCgZOxu72gmdGOce/98Dtlhx97RjGP/YSRj6UO3mM+g0RkAyKUVVu9OE5+5jrIax//CIC2vPHq1wQa7jViiFPkUjyfw1/nQbrDZCG8IWGaTke6ONiZnZtUorMDKCt0d7cwuLtVdq62lmVgiyfVboxwbHqzbbz2VxmzaPjRybnGRtuaSaPXx5atVqYHDhwe4dnO0bjrheiqF3WbD43Jy7dYo2WxuW1FNICgzvRx/ZFFMINiJqakVjgx2cOxYD4ODpS9LipLlw4/uklGyvPbaQQBGbs4Sj6ex240cO9rD1GQQNNDV6WNqeoVMJkcomODMmSEuX54gFEpw7FgPHo+NyakVRkZmaWlxcuxoD6FQgqnpFULBBF3dPhYWShGuL7+0H1nWc/nyBIl4ilAogcdj48bIDBo0BEMJjh3txiCXPkMnp1YYH1ukq8tHf38zly9PsLAYZXCwXQhcAoFA8JCUhZ/5uXkmJiY49eqpUqpbW6saZQSgpJWKaKWBgYNc+OADvv7mm9gb7PzlD37ApYuXuPbZtV17QZVTF9U1thGT4rF43baKORvsyLKR+bl5NeoKUPdXjhorEwyu0NNT30phO7GqXv/W1raKNcpi1sOch2Bv4rDJrN5PVx0f7m1UUwgBTg+1c2c2rApYXf6Sh9XmlMBOf4P62u+yML0Uq5hjczuAw2rkQLubQHitSuwamw2j0ZRuJG6dR/B4eeYUBM+RPjxH+lBWEyRmFpn61XlyioIky+SVDDrZoL529nXR8spRZMcXl+6WzebQSw/3tpfTBy98/EkpYkvSI+n16PUShh3mOtS/n2s3R3eMjtqJUCSKyWRS916ODtvM8OEBLnz8SU3vq8mZOdyuUnqkx+msEOMETx9nr0wTiK7jsMp0Ndq5PhGk0WlmuMfLxbEA6UyOo70+wok0J/qb+NmFcQ60uViKrGE0SJwebOXslWlW1xS6Gu0YDZI6R5PLwtRy6cvMmec7uDMXobPRzthchLH5KN/e8KcKRNf4YGSB753az9kr02oqWZ7AagAAIABJREFUYPlYOpPjnYuTpDI5hnu8LISTfPNoF+euTjO9HFdTH8fmo6QzOTob7QSi6wx1ezk/Mo/TKjPU7VXnFjw7lCOe3nvvVsmo3Wbkvfdvc2SwnRs3ZjjzjSHee/82zU1OPF4bSjqLLEtMTQZpaXEyONjO2NgiwVCC/v5m3vnlZf7mJ68hGySOHe3mxshsKV1xMcrCQpTBI+2cO3ed104fYnJqhbHxRTxuG8FQgiOD7fzm7HX+6oevqPMfGWwnkUgxNRmkq9PHhx+O8/prB5maLqVhuD02mpudvPf+bTxumzCbFwgEgl0wMVGKvp2fn1PT3eLxGPNz8wSDK0zcn6gQb8rRTeUxZaHrd7/9XUkA0pTFm8qo8nqilKIonDhxkmvXroEGQsFglXn6wMAAly5dBA1Q3P25BYMrGI1b9m6USz5bNcSqhYV5FhbmsdnsDBysvH7YGhVW6zygJMaV/cAufPCBmpZpt5WM3svnqaS3j/gS7G3KwtGl0UWMBomh3pIoHIiugQY1wsphNdLkyjM2UxKx+jtcXBxdwO96kEERW1OYDpRSEk8ebOYXf7zHyWyzuka53WGV1WMnDjbz92dvVghU5bTEV4famW6McWc2LASsJ4hnTsAqIztsyI6SmPVVEopG8ftKv5gmk4lUKgU4q/oFVoIcGx4kFk+o0VHdHW2M35+iwW5VTd71krRjNFM5Our6rVGkGoKX2WQkFFmtO35pJUhfT7eaYlhKA5ytErAAXjz2PB9fvlpxLJvN0WCzql5dDTYbH1z8RAhYTynTy3FW1xR+/MYA6UyOi2MBHFaZJpeFdCZPk9PC9HIcvaTj4liAzg2BKppUULJ5mlwWxuYipLN51W/q/Mi8Okc0qaAB0pk8q2sKgeg6ANc2TOJXkwoOq0w6k2cpusb5kXm1z8WxALJBx9hchKXoOp2NNk70NwFw9d4K08sxAtF1/vbfDXJpbInzI/MYDRLTy3F1j+Uc+7G5CEPdXnVuwbNHIpEmFE4CIG+Et3vcdlpaXBzob1aPywZJFb2am520tLi4fHkCr6fkpXXZVhKQQuEEU1NBEomUukZLi1ONkurvbyaRSJFRciwuRgmHE1y+Mkkmk1WrJB47VrrQWFiIbOwxhd1moqXFRUuLC4CpyRUSyTSZTLbULgQsgUAg2JbNPlNlQae1rRW73Y69obIiYfl5a1ur+vwvf/ADgMpIppVSmtzWiKWyZ1at9WVZ5tSrpwiuBBkaHq5qtzfY+fqbb6om73/e9p2K9s17Kj+Px+L09PSqvlr/9b/+M3/9k5/U3d/m92Lrsc2RZPWel9f/+ptvEo+VDPH/7K23iMceiGbl92GzWb3g2eXtV/azmnwQhTW8z8dqQlFF2uF9vpJVSVMDgcgaUBK0vv/6A3HV77YwhE8d47Aa+fGZw6UqhVYZrHJFO8CZ490b65dSCP0uK66N72zlY51NDRjlZ1YyeSLZU/837vw/7zzW9c2NHjq+8XLd9mw2R2A5qKbYHerfz+VrN6oqDM4tLOJ2OTGbTIRSpcgnKKUEjk1M4W+sTDuMJRI1xaTNlKOjakV/tbU0MzkzV9dcPRyJ0rQpLbCcBrieSmE2VV4Y6fWSKmKV0yMnZ2Yrqirq9RIep7NmpJbg6UCDpuK132nG7zSTzuSJJtNEk2k6G+30tzp55+Ikrx5uYSm6rvZbTSooW4zey23RpKIKSWVfqkB0jeXoOn6nhYtjS2pE1FC3l+nlOLG1Uv/xuSj9bU6uTQbxOy2qmXw6U/KK25pjX3595mgHP7twl6FuL9cngyiZPBqNhrG5yBf/5gmeSGw2E2PjiwwqWS5fmaSr04tBlhg80k5Ls5NQKFF3rJKp9iI0yBKJRBpFyaqC1Y0bs/zVD1/hw4/GSSSqw+W37sfjtnHmzBCTUys1fbCgFC2mZEri1tjYIjabkVA4wV989yT/388v7vb0BQKBQFCDh6keuJVH8XbaaezDpPEFg0E1NdHeYKenp/eR97dbNr9/td7Lh01HFOxdNqfwOazGqtdlNkdcbX5eFri2UpFCuKW9PH7z/HpJq85Xax3B40f36quv/vRxb+KLInRj7LGur7eacfQ+EGrCG2l366k0gZUg8USCfV2dqlil02nx+3xMzswCEE8kWQmF0Wm17OvuVOcwm0wYNz7gPU5nhViVzeWQZRmzyUQ4ElUFoVQqVSVGtfj9KJmMOj6WSOLzuNW2ydk5VkJhorEY8USC5Noaer1EoVComssgSaRSaRrstqq1dDotLX4/+WIBm8VCYCVI0xbRTa+XiCeSOwpvgicPh1VmLpTgv354j3Qmj7fBxM3pMPcXYxxoc9LkslCWuNq8Vpaia5webCO2pqj93hhuZy6U4F8/nUID2EwGbk6HSaayeBtMNLksWE0GTAYdyVQWJZvn6L5GXj7YzK2ZMAfaXKSzOfKFIif7m5hajmMz6fG7zPQ2OwjF05zsb+L6ZJDfX5/DZjJQpMhwjw8lm+Mf3y99Vrwx3M5aOktvs4N0Jo/TKjMXSvL2yR46G+1MLScwGnR8eHsRjQZh9L6H8XhshMIJ3n//Fjarif7+ZrweO++9f5vbt+fxeuylPqEE3d0+QuEETqeVxsYGLl66R0uLi/VUhvY2D7Ksx+mwMHJjlkuf3OPll/rxeGwkkmn+9d8+w2SSMVsMOJwWJJ0Oj6eULrhvnx8lkyOfL3DoYBu3b8/z/vlb6LRadc329lJp58xGv337/KyurvOv//YZNruJfb1+pqaCfHp5AotZxm434fGIqq97mfzdexTDQmx/FtG63Uj7q82HBYLNuFwuopEo62vrBINBBg4O1MzIEAieRlaTaVaTCslUltBqikBkjflQKXreajJU9E1nclwZD9DqFd+LnmY0P/3pTx8ig1ogEAgEAoFAIBAIBALBs0BZJNqK32WpW+H7y2RsJozfvZGlEV4jncmR3si6MMoSfpeFtJLblG4olzI73FZWE2nVCP6rZDWZrjKKF3w+hPwuEAgEAoFAIBAIBAKBoAqH1cj0Uox3PrzHj75xWD1+/tosgcga33/9wFcqZBkNkvqoJQpNL8U2BCO51Mcmq/2/qnTAdCbH2EyYdCaP0aAjmlRYTaYJRNY4ebBFNasXPDxCwBIIBAKBQCAQCAQCgUBQk6F9jbzz4b0qT6mzn0xy9pNJ3n5l/zajv1h2qghYan98VQMDkTXuzIQ5ebC5SthbTab52Xt3uH5vme99xcLfXkG8YwKBQCAQCAQCgUAgEAgeCqNBUlP1yqwm01y7t0KTy1KRrje9FGN6OUZ/u7tmJNT1e8sAatQSQH+Hu6bIE4iskVZyNcWsdKaUPuiwyhURWoHImlrYaXP6Y3lfm+lsbKiY+/q9ZdKZPH6XpVQxUaOpGUWVzuQ4+8kkPz5zuKoNHlRH/LtfXvvKhb+9gvZxb0AgEAgEAoFAIBAIBALB00M6k2MmEOPkQGVVeYfVyHQgViUudTY18MG12SrxKp3J8fdnb+J3Wxna18iJg80M7WvEYTVy8fZi1bqXbi/isMr43RbOX5utai+nC/792ZuqYAUl0eri7UW1feu+Xh1qVx/pLRWmHVYjd2bDdDY1MLSvEYpF/v7szaq1r99b4UD79h5bRoPEmRe6uXF/pSSGCR4KEYElEAgEAoFAIBAIBAKBYFs2C0bX7y8z1NtY1xR9t+lxP3vvDqeH2quErc6mBhw2ueLYajJNNJlW505ncjUN0v0uC7Gkwjt/vMf3Xj9QcXw3Plg7Gb0P7Wvk4mi1uHZnNszpofZdzS8bJALhNWHu/pCICCyBQCAQCAQCgUAgEAgE23J6uF19/O23hllNpvmn9+587vnGZsKsJtN1fa22ijsXby9WRDgN72usGYUFcHygmalATE1N/KKpJdBtjdzaDr/LwtKW9EvBzggBSyAQCAQCgUAgEAgEAsGuMRokzhzvZmw2/LlFoqXIw0UgbU1N9LssVR5cm/f39sv7OPvp1K5S9c5fm1UftVAyOaYDMaYDMS7dXuTM8e6aa04FYjVG16bL//jM5p9WRAqhQCAQCAQCgUAgEAgEgofCaJDo8DcQTSpVbelMbsc0QpNBIlZjbD2WI2tMbxGIthvf3+GmfzbMO3+8x4/qGKuXOT28fepfceM/1+4vo9FoOHGwuaqP32Xhxv2VHecCto08E9RHRGAJBAKBQCAQCAQCgUAgeCjKRu6mWpUCwzunx/V3uEhtVA2sxdbjjS5LSUna9GiwyrWGqpw53k00ma4bWbVbjAaJzqYG3n5lP52N9iqTeCiJYKlMbse1Lt1e5MwL1RFcgp0RApZAIBAIBAKBQCAQCASCmpSFmq2peGc/maTRZamKRhru9XFpi8n52U8mq+Z1WI2ceaGLX/zxbk3/qNVE5XplEWnzw2iQmF6qn7ZnNEh8//UBLlyfrSuUbWW7+aBk4j7c66sSsYwGiR+fOcyl0UXOfTpZ85zGZsIYDbodjeIFtdG9+uqrP33cmxAIBAKBQCAQCAQCgUDwZLGaTHNrMkQ2XyAQWSMQWWM5ssbNqSBtXht/9mJv1Ri/20owluLS6CITi6sshdc41u9nKbJG14botLlvm8/OxduLzAcTKNkcodUU9xdW8butWE0GoCT8hGIpvA6zeiydyXF/YRVvgwmPw6weuzIWIJnKYDMbsJpKD6NBIhBZY3hfY8Vep5diRJP/f3t3FtzWdd9x/HdJggABbuBOivsiiosoUbtj2ZVkObFjp43lNK3jOOPMNJPO9KWZPPSxymM7eehT++LpTGpP0knqcXY7imxFi7VYCyVq4SaRBPddpEiQBEUCfaCEEFwvKEq6UL6fGY8J8OLec/73XHHub8498Gl0whdc48o3M6fcjITgNo0dI5qd86soO0kx0VHBdtuio/THyx5lL2hnfFzsfF+HvTpzvUue/nvzdRv2qmtwXMnxDsKrR2AcPXo08LQbAQAAAAAAEEn6Rrz6+EKrKgpSta9y6bpY2Fgs4g4AAAAAABCmrBSXvvvqVjV6hvXxhVY5YmOUneIKPt6IjUVFAQAAAAAA1mlLQSqPBj4BLOIOAAAAAAAiwvTMrD463awTdR06f7Nn2W1+9mnDE24VngRmYAEAAAAAgIhw7maPKvJXnvHU6BnW9Mys+ka8ykpxPeHW4XFiBhYAAAAAAIgIFQWpOnerR+29Y8v+vq1vTM9V5qz4e0QuAiwAAAAAABARslJceuulCrX1jemj081Lft834tWWglQ1dAw/hdbhcSLAAgAAAAAAEcMRG6ODtfkanfCFvD86Ma3pmVmdqOsI/oxnB2tgAQAAAACAiDA6Ma1zN3tkGFJhVpLae8fUN+LVvqr5xwafq8zR9rJMSVJ775ja+sZ0sDZfjljij0hnHD16NPC0GwEAAAAAAACshEcIAQAAAAAAYGkEWAAAAAAAALA0AiwAAAAAAABYGgEWAAAAAAAALI0ACwAAAAAAAJZGgAUAAAAAAABLI8ACAAAAAACApRFgAQAAAAAAwNIIsAAAAAAAAGBpBFgAAAAAAACwNAIsAAAAAAAAWBoBFgAAAAAAACyNAAsAAAAAAACWRoAFAAAAAAAASyPAAgAAAAAAgKURYAEAAAAAAMDSCLAAAAAAAABgaQRYAAAAAAAAsDQCLAAAAAAAAFgaARYAAAAAAAAsjQALAAAAAAAAlkaABQAAAAAAAEsjwAIAAAAAAIClEWABAAAAAADA0giwAAAAAAAAYGkEWAAAAAAAALA0AiwAAAAAAABYGgEWAAAAAAAALI0ACwAAAAAAAJZGgAUAAAAAAABLI8ACAAAAAACApRFgAQAAAAAAwNIIsAAAAAAAAGBpBFgAAAAAAACwNAIsAAAAAAAAWBoBFgAAAAAAACyNAAsAAAAAAACWRoAFAAAAAAAASyPAAgAAAAAAgKURYAEAAAAAAMDSCLAAAAAAAABgaQRYAAAAAAAAsDQCLAAAAAAAAFgaARYAAAAAAAAsjQALAAAAAAAAlkaABQAAAAAAAEsjwAIAAAAAAIClEWABAAAAAADA0giwAAAAAAAAYGkEWAAAAAAAALA0AiwAAAAAAABYGgEWAAAAAAAALC3m7tj4024DAAAAAAAAnnHupIR1fzbmUT4MAAAAAAAAPG48QggAAAAAAABLI8ACAAAAAACApRFgAQAAAAAAwNIIsAAAAAAAAGBpBFgAAAAAAACwNAIsAAAAAAAAWBoBFgAAAAAAACyNAAsAAAAAAACWRoAFAAAAAAAASyPAAgAAAAAAgKURYAEAAAAAAMDSCLAAAAAAAABgaQRYAAAAAAAAsDQCLAAAAAAAAFgaARYAAAAAAAAsjQALAAAAAAAAlkaABQAAAAAAAEsjwAIAAAAAAIClEWABAAAAAADA0giwAAAAAAAAYGkxT7sBAACs5efH69XQPhB8bRiG3Alx2lyQrgO1RbLHmv9z9t6vLirRZdc3D9dIkmbuz+mDT+rkm5nVO1/dofi42CWfudzYLUdsjKqKMx+9M2H45FyzGj2D+ue/f/6JHvdp9NfMMTeqHo+yn1+fblBdU/eq23z/jb3KSk0Ivq5r7tFvTzfor1+s1Lay7LCPuZanNT43wuysX6evtev6nT7dm5iW0xGriqJ0HdxZIkcY1/V6LR4L4dYykmsPAECkIcACAESE5Pg4vXGgSpLkDwTUNzyuk3Vtause0fe+vlvRUeubVHy1uUeS9O7rOxVnt+lKU7d+c7pB//LOATns838mmzxDcsXZ/mJuUp9GfyOlxvu3FWj7ghDqJ7+/oqqiDO2qyA2+l5LoDP48PunT2XqP3jy0VZVFGY+lTZFSu8X8/oDe/7hOQ2NevVhbpPRkl4ZGvTpV166+oQm9+/oOGYbxRNsUbi0jtfYAAEQiAiwAQESwxUQrPys5+Low262URKd+duyqmjxD6w4H9lTlaU9V3qrbfOsr29a170j1NPobKTVOSXSGBFSGpESXI2RsLpTgtOufvvHcY21TpNRusYsNXerov6vvfX2PctISJUnFm1KUkRKvn/zusm62Dqi65MkGQ+HWMlJrDwBAJCLAAgBErMJstyRpeGwy+N6NO/06fbVdw2NeJbjs2l2Zq+eq81ecybHwkcJ/f/+UpnwzkqR/e/9P2lqSpSMHq5c8dihJF2916fyNTt3zTikl0akXaotU/WAWRiAQ0LkbHbp4q0sTkz6lJrl0cGexygvSV+xLIBDQZ5dbdbmhW7Nzc9qcl6bo6KWzym609utUXZtGxiaVkuTUy3tKVZaXtuw+f/zBadWWZ2vk3pRaOocUHR2l7Ztz9PLuUkVFGcFtKoszNDI2KU/ffJjw61MNwf5+fK5Zje0D+sFb+4P7Hbg7of/68Lze/kqtSvNSTfd3tZotrrGZepg5rtm6Pg6rnavl6v4/v6vT9s3ZGp/0qdEzKEPS1tIsvbJvs05cadWVxh75AwGVbErRa89vkdNhW7Z2P/7gtHZW5Gh6Zk71t3tlyFBVcYZe2bc5pO9rXSu+mVkdv3hbDe2Duj87p5y0RB3eU6pN6YlL+vp/n91Qe+9d/fBb+4Ofv9U2oF98Wh8SUC10raVXRTkpS35XmO1WQbZbd8enTLfVTJ/NjIVwr/Xltt+Itq41fsI5NwAAPCtYxB0AELHGJqYlKXgjX9fcow9PXFdpXoq+/WqtdpRv0vEvbuvE5VZT+/v+G3v00u5SSdI/HtmnV57bvOx2Z+s9+uRck7ZvztY7r+7QlsJ0ffjZdTV6BiVJJ+vadOLSHb2wvVDf+epOpSe79PPj9RoYmVjx2Oeud+jM1Tbt2JKjvztco+TEONXf7gvZ5lpLrz787LrKC9L17VdrlZuRpJ8du6beofEV93u23qO0ZKe+ebhG2zfn6Px1j85caw/Z5lJDlxx2mw7vKZPLEboGWHVxpu55p9UzdC/4XpNnSA67TUWb3Kb7u1bN1lMPM8c1s5/Hwcy5Wq7u5290KDVp/nztrNikSw1d+s8PL2hodFJHDlTp8O5StXQO6bNLd1Y9/tl6j+bm/PrGwWrtrc7TpYYuXXnwuKxk7lr57ZlGNXcM6fX9W/TWl7fJMKT3f39F45O+JcerKc2Sd8qnjr7R4HtNnkG5E53LhleS1D8yEbJW2ELvvrZTL2wvNN1WM31ez1gId9xuVFvXGj/hnBsAAJ4VzMACAEQcvz+goVGvfvt5o2wx0dqcnya/P6BPv7ijmtJsvbynTNL8TA6/369TV9u1typPrmUWaF8oKd4RDMOSXI7gGlgLzc35daquTXur84M32PlZyRoY8epyQ7e2FKSrpXNYz20t0I7yTZKkrNR43WzrV0vXsDJS4pftz+f1HtWWb9LhBwFaSW6q7k341NE/HwgEAgEdv3hb1cVZemlXiSSpICtZHX2junCrU19/sXLZPtWUZevgzvntS3NTNTk1o/M3OrV/W2FwFlZ5frq+cah62c/nZiQq0eVQY/tgMIho7hhSRWFGcN2xtfprpmbh1sPMcc3uZ6OZPVfL1b2mLFsv1hbNt3VTilo6hjU1c19/+1J1sN69w/fU1jOyahtKctP0+v4tD35OVVP7oNp77mp3Ra7pa+VO94hqy3OC5yct2aVj55s17vUpwWkPOV5pbqqcjljdah9QQbZbfn9AzZ1D2r1gbbCFfDOz8vv9S/azWDjX9Vp9DncsrGfcbkRbzYyfcM4NAADPCgIsAEBEGByd0I/eOx7yXro7Xm+/UqsEp119w+PyTvuWLKZcXZKlP11pVWf/mLYUrvwIn1n9dyfkuz+r0tzUkPffPFituYBfkvS9v9kd8jtbTLSc9lhNTd9fdp9jE9OanJ5ReUHoo4APwzRJGhqd1MSkTxUL1voyDEP5Wcnq6h9bsb1xdlvI64rCDNXf7tX4pE9J8Q5JkjsxbsXPG4ahquJMNXoGdWhXibxTM+oaGNOBHUXBbdbqr5maLWSmHmaOa3Y/G83suVqu7s5F5yvRZVe8MzbkSwoSnHZ5VxhLD6Us2ne8M1be6fnHYwfuTpi6VvIzk1TX1KNEl13l+WlKTojTkYPLB51RUfPjpKFtUK/s26yO/lFN++4/8hpWZtu6Vp/XMxbCHbcb1VYz4yeccwMAwLOCAAsAEBEWfgthVJShpHhHyEyDyQc39PHO0FlWD2c8TPpWv+E3a8o3K2npjW9MTJRiHjyZ752a0cm6NrV0DOnepE9+/9Kb3YUmpuYf+4lfZYbYw5vbX3xav+R38WHMuHDG2YLHfBhgraW6OFPnrns0cm9Knt67irPbVJST8ue2rdFfMzVbyEw9zBzX7H4W+ukfrqqlcyj4+gdv7Veiy1ydgu3aoHO1qkBgHZ+Z/5/Za+XIwWqdvtoWfIwuw52gAzuLVFG4/BcmbC3J0sVbneocGFOTZ1Dp7nhluJfOOJSkWFu0DMPQxNTMqk1+5Ov6QZ/XMxbCHbcb1VYz4yfccwMAwLOAAAsAEBEWfwvhYg9nGk1Ohd4kTjxYE2ajZt04Yuf/dE6uMgPmp8euKcow9OahaqUmOWWLjtZ//O/nK27/8KZ0tX3G2qIlSV97oVI5aaHrBj18FNAM74PAwBVnPkjJSU+UO8GpRs+AOvrGVFGUHnLMtfprpmYLmamHmeOa3c9Cr36pXIdmSoKv13rsdDkbda4eF7PXSqwtWi/tLtVLu0s1OOrV5/Ue/fx4vb77tV3Kz1x6LeZlJsmd4NSttgE1e4a0vTx7xTYYhqH05Hj1DS+/fttP/3BNRTnu4Bc1POp1vZ6xEO643ah/g8yMn3DPDQAAzwIWcQcAPBMyUlyKs8+vwbPQzdb++cdvTN7UGZq/QQxo+Rkume54xdqidad7OOT9P35xWx+dvKnJ6Rn1DI5pT2WucjOSgje1s3NzKx4zyeWQy2FXk2co5H3vgtkpGe542W0xGh7zKis1Ifif0xGrpFVmCPnuz4a8buoYktMRq8QwZwJVFWfo5p1+tXYPq6roz49ImenvWjVbzEw9zBzXzH4WcyfEhdR34aN7Zq33XD0pZq6V4bFJ/fdvLqnzwSNr6ckuvfalcklS3/DKX0awtTRTdU3dujs+qerirFXbUVOWpdbuYfUv+nKDjr5RtXQOKtFl37Drej1jIdxxu1FtXWv8rPfcAAAQ6ZiBBQB4JkRHRenQrhL97vMGOR02leWmqmvwnk7VtWn/tkLTsx8ePlZ3tblXRTnuJd+SFhMTpee3Ferk5VbF2W3Kz0qWp3dU5657dORgteLsNsU77TpzrV1RUYbm/AF9cbNTvvuzuj+3/KOEUVGGnt9WoGMXWhTnsKkwK1mtPXd1o7U/2J6Y6Cgd2FmsYxdaFGUYKstL0/ikT8cutKiqOFNf3lu27L6vNvUoJdGp/Mwk3e4a0bXmXh3aVRL2TKCq4kydudYupyM2OCtGkqn+rlWz9dTDzHHN7OdxWO+5elLMXCuO2BhN+e7r16cbdHh3iZwOm6619CnKMFSwykzImtJsnaprU3Za4pJ1nhbbW5Wnm3f69cEndTqwo1juhDgNjnp15mq7CrNTVFmUIcMwNuS6Xs9YCHfcbtS/QWuNn8O7S9d1bgAAiHQEWACAZ8auik2Kjjb0+TWPzl3vUFK8Qy/vLdO+6nzT+yjKcauyKFOfXbqjmrIsfW1/xZJtXtxeJFt0tL641akTl1uVluTUkQPVqn6wePPbX9muj88265cnb8npsGn/tkLN+QMauutd8bj7qvM05buvSw3dunCjQ2V5adpXnaeG9sEF2+TLbovR2esena33yBVn17bN2fqr2qIV97u1LFv9w+M6W++R3x/Qvq35er6mwHQ9HspKTVBqkkuFOe6Q8MswDFP9Xatm4dbD7HHN1PVxWM+5epLWulaiogy98+oO/fGLFv3y1C3NzfmV4Y7XW1/ersxlvknzodQkp1xxdlOLt8dER+k7r+3Qicut+tPlVk3N3Jc7IU47Kzbp+ZoCGYZhqq0ghRS/AAABCElEQVRmrWcshDtuN66tK4+f9Z4bAAAinXH06NF1rAIKAACs7scfnFZNWdZTn/GDvxzdg2N671cX17X4PQAAwGqYgQUAsLQfvXf8aTch4vzrPxxe8h51xOP0w2+9IE/fqE7WtamyKFOJLgdj7ilZ7voHAOBZQIAFALA0bsY2BnXE49ToGdQvT95UQbZbr+/fIokxBwAANhaPEAIAAAAAAMDSwv9uaAAAAAAAAOAJIsACAAAAAACApRFgAQAAAAAAwNIIsAAAAAAAAGBpBFgAAAAAAACwNAIsAAAAAAAAWBoBFgAAAAAAACyNAAsAAAAAAACWRoAFAAAAAAAASyPAAgAAAAAAgKX9P4G2dF/1sPJ1AAAAAElFTkSuQmCC' height='250' width='300'/> ]]>
  </system-out>
</testsuite> <!-- com.tribu.qaselenium.tests.mazaprendo.MACourseCertificateTests -->
