<?xml version="1.0" encoding="UTF-8"?>
<!-- Generated by org.testng.reporters.JUnitReportReporter -->
<testsuite hostname="station" failures="0" tests="1" name="com.tribu.qaselenium.tests.apimazaprendo.MAPreconditionTests" time="51.576" errors="0" timestamp="2022-04-15T18:42:14 COT" skipped="0">
  <testcase classname="com.tribu.qaselenium.tests.apimazaprendo.MAPreconditionTests" name="preconditions" time="51.576"/>
  <system-out>
    <![CDATA[ <img src='data:image/png;base64,iVBORw0KGgoAAAANSUhEUgAABLAAAARMCAYAAACJcWqtAAAAAXNSR0IArs4c6QAAIABJREFUeJzs3Xlcjen/P/DXaV9QiTZrMWZUmBGJ7JN9G2PJFsOQ79jCxzqGsY0txm6GiJnsax9iJi0MCpEJLRhqUEJDpeVEy/n90e/cn06dTue0nWO8no+Hh869XPd17vvc2/u+rvctMjExkYCoinXs2FHdVSA1uHLlirqrQERERERERP8CWuquABERERERERERkSIMYBERERERERERkUZjAIuIiIiIiIiIiDQaA1hERERERERERKTRGMAiIiIiIiIiIiKNxgAWERERERERERFpNAawiIiIiIiIiIhIo+mouwL0YZBIJOquAhERERERERG9pxjAomrBABYRERERERERlRcDWFQtlAlgjRkzBqNHj66U5R04cAD79++vlLJI/VasWAGJRIIlS5aouyr/era2thg+fDhcXFwAANeuXcPRo0eRkJCg5poREREREdGHrEIBLGNjYzg7O6Nx48awtbUFACQkJODvv/9GREQEsrKyKqWS9P5TJoBVWcEraVl+fn6VVh6pj62tLRwdHYW/GUipOo6OjlixYoXMMBcXF7i4uGDx4sWIjo5WU82IiIiIiOhDV+4Alru7O/r3748aNWrIDG/RogUAIDMzEwEBAThy5EjFakj/CsoEsLKysmBsbFwpy8vKymK3xX+J/v37y/y9detWNdbm323atGkKx/3f//1fNdaGiIiIiIjof1QOYBkbG2P+/PlCoKo0NWrUwIgRI+Dg4IC1a9eyNdYHTplgkre3N7788stKWd7JkycZwPoXMDY2Rvfu3YXP3bt3h6+vL48nVcDW1haWlpaljre0tGQLOCIiIiIiUhuVA1gLFiwQuvMUl5CQgCNHjmDatGlCy6wWLVpg/vz5zF3zgVMmmBQWFoawsLBqqA29L7p16yZ3WEBAgBpq8++mTOvHymohSUREREREpCotVSZ2d3dXGLxavHgxrl+/XiJY1aJFC7i7uyu1jFGjRiEtLU3mX2JiIkJDQ9GnTx9Vqvves7CwQFpaGg4cOKDyvBs3bkRaWprQUu6zzz7DV199JYy/ceMGHj9+XGl1LYtEItHYfzNmzEBQUBD8/f2ho6OjcFoPDw8EBQWhTZs2Ki+nS5cuCAoKwuDBg5Wa3svLC0FBQbCzsytz2lq1asHDwwPa2tpqX59F/1VU0e6DioaVx48//oi0tDQ8fvwY+vr6JcbPmDEDTZo0KbOc2rVrIy0t7b3vLt24ceMyp6lbt265yz5z5gzS0tKwevVqmXGfffYZQkND8fz5c0RFRcm0wqxduzYOHjyIxMRExMfHY+nSpcI4kUiE5cuX4+HDh0hOToafnx9MTU2F8SNGjEBUVBRevHiB0NBQmXNXVS1T0fckIiIiIqKKUboFlrGxcak3jtLglaJuPf3790dAQIDSXX8uXLiA0NBQAECdOnUwbtw4+Pn5oUOHDnjw4IGy1dYoIpGo2rq17dmzB8HBwUKQau7cubCxscG+ffsAAHPmzJF70/6h0dHRQZcuXXD9+nW0a9cOHTp0wB9//FEly7p79y6+//57xMfHKzX96dOncePGDTx//rzMad3c3DB27FgcPXoUeXl5Fa1qtf5WLSwsSs29JK9Lm6WlJZYvXy53+m3btuHly5dlLlNXVxeDBw/G+fPn0bNnT/Tp0wf+/v7C+JYtW2L58uW4f/8+Hj16pLCsjIwMjB49Gi9evChzuZrs77//LnOalJQUlctt164dTp06Jbd8fX19HDp0CAUFBVi2bBnc3d3h4+ODO3fu4OHDh9i8eTN69uyJtWvX4pNPPsHMmTPx6NEj+Pn5wdPTEzNmzMCBAweQlJSEuXPnIjs7G5MnT4ajoyN++uknXL9+Hbt27cJ//vMf7N+/H05OTtDR0amSZSr6nkREREREVHFKB7CcnZ1LJGwHgNDQUJmcNLa2tnJvLmvUqAFnZ2dcuHBBqeVdv35dJlnz27dvMW/ePDg5OeHBgweoU6cO1qxZg65du0JXVxfHjh3D/PnzkZ+fj48//hjbt2+Hg4MDIiMjcfXqVcydOxejRo3CuXPnEBUVhdzcXJw4cQIzZ85E69at8e7du1LLs7S0hLe3Nzp16gR9fX3cuXMHCxcuxJ9//gkAmD17NiZMmABzc3Pcv38fCxYswLVr11C/fn1ER0fj119/hbW1NWxtbdGmTZsS37W0+ZXZJitWrICjoyNyc3Nx8eJFzJ49G69fv8bXX3+N8ePHo1OnTvD19cVHH30EAEhLS0OzZs2wfv16WFhYoFGjRsJ2W7VqFZydnQEAERERWLRokdLBlrIoEwyxtLREr169KmV5gYGBSgUUnJ2dUatWLfj5+cHa2hpubm64ePGiML5hw4aYO3cumjRpgtjYWDx58gTA/1qU7d+/H3l5eTh16hTGjx+P3NxcbNy4ETY2NvDw8EB2djbWrl2LqKgotGjRAt999x127NiBEydOYO7cuejduzcWLVqESZMmwcrKCjdv3sTq1auRk5ODAQMGYMCAAfD09MSjR4/Qu3dvjBgxAlZWVkhPT0dQUBB8fX0xY8YMDBgwAAAQEBCAlStXok2bNujduze8vb3xf//3f9i2bRuCg4MxatQoDBgwACYmJnjy5Am2bduG6OhoWFhY4NChQzh37hzq1KkDGxsbjBs3rlK2RVmMjY3LzKlXXGnTK9vFrWfPnjAzM8O6devQuHFjuLu7CwGsL7/8Er6+vgCAI0eOYO/evZg1a1ap+2nNmjVx4MABBAYGwt3dHSKRCJ6envj6669Rv359JCYmwtfXFz///DMAlHk8URdlHi6UJ/eYkZERpkyZgsTERAQHB8uMc3V1hZWVFZYsWYKffvoJcXFx8Pf3x+DBg7Ft2zb06dMHoaGh8Pb2hoGBAQYOHIihQ4fCz88PQ4cOxZs3bzB9+nQUFBSgc+fOGDhwIKZNm4YhQ4ZAJBIJ67V27dqYM2cOnJ2dYWhoWCXLVPQ9iYiIiIio4pQOYNna2pYYFhoaKhNkkgav5AW6pOOVDWCZmJigYcOGAApbYPXu3RsAEBsbCwDYvXs32rdvjzFjxsDY2Bi+vr5ISEjA9u3b4ePjI+TeSk1Nhbe3NwDg3bt3AIDc3FxYW1vD2dkZCxYsQHp6Og4cOFBqecuXL4ebmxvGjRuHjIwMbNiwAd7e3nBzc8PgwYOxZMkS+Pn54eDBg/Dz88Mvv/yCjz/+WFjewIEDcerUKRw6dKjE91Q0f1n27t2L169f48svv4S5uTl27NiBWbNmYfHixTLTjR8/HqGhofj7778xZcoUvH79Wma8oaEhTp8+jRo1amDBggUQiURYt24dTp48CRcXF+Tk5Ci1zRRRJoC1ceNGhUmkVdGrVy+MGjWqzOl69OiBFy9eIDY2FqGhoRgzZgxq1qyJN2/eAAAWLlyIpk2bYsuWLcjKysKMGTMA/C+AlZeXBwsLCzRs2BA7duzA/PnzMXfuXFy6dAmbN2/GwoULMWXKFEyaNElYB9J5c3NzARR2dfrpp5/Qv39/dOrUCX379sWJEyeEOkokElhbW2POnDkIDg7GqlWr4OTkhFGjRuHevXs4dOgQmjRpAnt7e8yePRvx8fFo1aoVgMLf1549e3Dv3j106dIFX3/9NX777Tf8/vvvWLZsGb7//nsMHTpU+K127twZFy5cQGBgYLW1wEpISMCWLVuEdVteW7ZsUTrBuLu7O548eYKbN2/ixIkTmDNnDmrXro3Xr1/jwoUL2L17NyZOnIjvvvsOZ86cUWk/nThxItauXYtjx47h22+/xZgxY7BmzRrk5ORg3759Co8n6pSQkIAXL16Uug++ePGiXAncpcd8ecH7pk2bAoDQUlRafrNmzWBrawsdHR1hXE5ODp4/f45mzZoJ8yYlJaGgoECY18XFBQ0aNBC6fsorV9rytLKXqeh7EhERERFRxZU7gBUdHS0TvDI2NlYYvJJXhiLffPMNvvnmG+Hzq1evMHfuXNy+fRuWlpbo2rUrgoKCEBQUBACYMmUKxowZgxMnTqBly5ZC1xEA6NSpE8aOHStzQ16jRg188803wg1baeVt374dhoaGMDQ0RLt27RAaGoru3bvj7du3AICgoCA0a9YMaWlpePfuHSIiItC3b1+ZXDEpKSmYNWuW3O+pzPylMTIygr6+Plq1aoXw8HDY2trKDTpER0dDIpEgOzsbN2/eLDG+Z8+eaNCgATZs2CDk8fnss88wefJkdOzYsVJaEyjbAquyWFlZlbnMGjVqwMXFBYGBgahTpw7u3LkDHR0ddOvWDf7+/jA3N0ezZs1w584d/Pe//wUAtGrVSuhKKy1fT08Pu3btglgsxujRo1G/fn3s2rULGRkZGDlyJBo2bFiiLkU/HzlyBBEREUhPT0enTp3kbkc9PT2IRCI0atQIDRo0QEhIiExuNGnLmHv37kEsFgvDDx06JHTFTUlJwZAhQ5CRkYHc3FzExMTA1dVVJodPamoqfvzxR+VWciW6cOECUlJSMH/+fIXHEHkyMzOxdu1aREdHKzW9qakpevXqhUOHDsHGxgZXr16Frq4uvvzyS+zevRupqalITEwEAPz11194/PgxXr16Vep+mp+fL1P+hAkT8O7dO3h5eQn73BdffAEPDw/s27dP4fFE3SIiIoTWfPLGVTZpiznp95f+b2RkVGIcUPgQolatWsK8RcdJ/zY2NhZ+Q9LAbNFyDQwMqmSZRERERERUtVRK4l5U0Yv9qnDy5EmMHj0aM2fOhEQiwaNHj+Dj4wMAsLa2BlD4NrKkpCQkJSXByckJjRo1EgI/z549E8qS3owWlZmZKXQxU1QeUPjmxQsXLmDWrFk4d+4c/vrrL3h5eQEo7GLm6+uLhw8f4uXLl0JLMV1dXWFZinLoKDN/aUaPHo2UlBSsW7cOV65cwe3bt+W+ta0s9evXBwA8ffpUGCZdf/Xq1VO5PHmUSfgdFRVVKcsCgKioqDKXJ+0u2r9/fxw9elQI3PTo0QMSiUQI7Lx69UqYR5pfqWg5WVlZyM7OFv5+9+4d3rx5I3zW1dWVSWpePMn58+fPIZFIkJGRAQByp4+Pj8emTZtQp04dfPvttzh06BC2b98OCwsLhWU/ffpU+GxpaYnFixfj1KlTOH/+PNq3bw8AQuL34tNXdxL36OhoLFmyBJmZmUrPk5mZiSVLligdvAKAL774Avr6+vjqq68QGxuL06dPAyhsCVcaVfbT+vXr4/Xr18jOzgZQ2G1XLBbDxsYGgOLjibopertjVbz5URp4lQaVpP9nZWWVGAcU5sySDs/KypIZJ/07MzNT+A1JW1spKreylklERERERFVL6RZYCQkJMm9xsrOzw/Lly7FkyRLhwn/JkiUKW2Gp0v3kwYMHOHv2LIDCPCnDhg3DqFGjcPDgQSG4cvnyZcyePVtmPukT96KteaRdEYsq2mpCUXnS8UOGDIGRkRHatGmDRYsWYdmyZTh8+DC8vb3h6uqKrl27IioqCv7+/ujatWupyypOmflLEx4ejvbt26Nu3bpwdXXFunXrsG7dOrRt21ap+aWkAb6iwaoGDRoAgJDzqTrMnDkTn376aaWUpUwwrGfPnkhLS8PatWuFYd27d0ePHj1Qr149pKenAwDMzc2F8VZWVpVSv/Lw9/eHv78/6tWrhw4dOmDKlCkYPXq0whZT0q5OQOH6bdWqFTw9PfHgwQOsX7++RHenotOrQ0JCQpnHESlp8ErVbm0jRozAP//8g6lTpwrDhgwZguHDh8POzk5u3jdV9tPExEQ0adIEhoaGEIvFMDc3h6GhIe7evQtA8fFE3YngX758iejo6BJvm42OjlYqOb6qpC/kkLbOtbOzAwDExcUhISEBubm5wjBjY2NYWVnh0qVLAID79++jRYsW0NHRQV5eHpo0aYKsrCw8efJEKNfOzg6vXr0SuhTGxcUJD14qe5lERERERFS1VApgFVc8iFXWzWd58qcAwNKlS9G/f38sW7YMZ8+excuXL3H58mW0a9cOrVq1glgsxsKFCxEWFoZFixbh3r17cHFxgaenJzIzM0t9e6JUWeWdP38eRkZGmDNnDtLT0/H69Wvk5ubi7du3MDIyAlDY6qJFixZwcHAAUJgc/OrVq2V+t/LOb2VlhfDwcISGhgpvXsvOzi41ybJYLEbjxo3Rr1+/Em/ZCwoKwtOnTzFhwgTExMTA0NAQ7u7uuH//Pq5cuVLmd1CGsq1xqiuRtbW1NVq0aIHAwECEh4cLw7OystCjRw/06NEDe/fuxaNHj+Do6IiBAwdCLBajY8eOAFCihZGiLoLFp5c3r6LyJBIJXF1dsXjxYuzduxc3b94UWm2JxWJIJBKhK1Pv3r0RFhYmd7nS1igWFhZo2rSpcFPv4OCAO3fulFr36qbscaJGjRoqH1MaN24MFxcXHD58GIGBgcLwzMxMDB8+HO7u7kISfaDw7alJSUkK99PLly/LLMPX1xfe3t5Yv349jh07hq+//hpA4ZtBASg8nvwb2draomXLlkJQyM7ODoMGDcLjx48RFhaGp0+fYvLkycjNzYW7uzvevXuHkydPQiwW48yZMxg0aBAWLFgAe3t76Ojo4ODBgwAKu966uLhg27ZteP78Odq2bYt9+/YhPz8fx48fx6xZs/DDDz8gICAA48ePx19//YWbN29CR0enSpap6HtWZutSIiIiIqIPldJdCCMiIuR2k5AGsaRPtaVBrOIyMzPLnUMlKSkJ27dvR926dbFo0SIAwKRJk3D+/Hn8+OOP2L17N5KSkrBt2zYAwOTJkxEbG4vly5dj6NChQvJ0RTfmisqbN28e0tPTcezYMZw7dw5WVlYYPXo00tLSsGzZMvz999/w8fFBt27dMHLkSPzzzz/YtGkTDA0Ny/xu5Z3/+fPnWLBgARwcHPD777/j4MGDePjwISZOnCh3+p07d0JPTw9r1qxBnTp1ZMZlZ2dj0KBBuHHjBjZu3IgVK1YgJCQEQ4YMERKNV1RldkurjH89evQAAFy7dk1m+N27d5GZmSl0I1y5ciUePXqEqVOnws3NTXhTnbSbX/Hvp+izvPVRfN2U9jksLAzHjx/HkCFDsHPnTsycORPnzp2Dr68vJBIJAgICkJ6ejq+++gr29vZyy9q1axeSk5OxePFiODk5YeHChUhLS8N//vMf6OnpVcm2Kg9bW1ul82CpklcPAIYPHw6gMIhU1LVr15Ceni6MP3v2LB4+fIjBgwdj1KhRKu2nu3fvxsKFC+Hs7IyDBw+iadOm8PLyEvLLKTqeqJuxsTEaN25cYnjjxo3L3WW8d+/e+OWXX/D9998DKHzBwi+//AJPT0/k5uZi9OjRSE5OxpIlS2BkZIRx48YJSdRnz56Nc+fOwcvLCx06dMAPP/yA48ePAyh8icWmTZvQq1cvTJo0CceOHRPOD/fu3YOnpycsLS3x3Xff4d69exg1ahQkEkmVLVPR9yQiIiIioooTmZiYKH2X6e7uXmqemPj4eKEllq2tbYluTYcPHxZu4KqatrY2rK2tha5xq1atwpQpU9C5c2eZliZUfVq0aKHuKpAaSLvNqaJ///5Cq6Wy7Nmzp0pyM6nC3Nwcjx49QmBgINzd3dVal4ro1q0b3N3dFb6F8MiRI0q/SZaIiIiIiKgyKd2FECjsPuHo6FgiPwrwv5ZYR44cwfTp02XGRUdHV1vwCgBOnTqFzp07Y+rUqUK+mcePH+PevXvVVgeSpUxrnAkTJmDChAmVsjxfX1/4+vpWSllUveQdX65fvw4AaNeuXYlp1RnAMjExgYeHB4DCNzi+bywsLDB8+HC0a9euzFZvlpaWmDFjBiZMmIDr16/j6NGjVZIXi4iIiIiISB6VWmABhV1MFixYIPcmU57o6GisWbOm1NxMVaFBgwZYv3492rdvj4KCAty6dQuLFi1CXFxctdWBZElzBilSNHdTZXB1da3U8kh1MTExKs/j5+cnBFMyMzPh6+srtPrp1q0bJkyYIDNeGkBSh5YtWyIkJARJSUkYN24cbt++rba6qKr4ulRV8W1DRERERERUlVQOYEm5u7ujf//+pd78ZGZmIiAgoFpbXpHmUiaAFRgYWO6b6eIyMzPRq1evSimLyk/VAJaFhQV27twJoDD4vXXr1hKtfCwsLDB9+nQhiD558mS2BFJR0fVcUVz/RERERERUHVTqQljUkSNHEBAQAGdnZ9ja2grJlBMSEpCQkICIiIhqbXVFmk2ZLoQrV66stBxCR44cUfvb9Eh1WVlZuH79OqKjo0vtGvjy5UssXrwY/fv3h6OjI48z5RQdHa3uKhARERERESmt3C2wiFTRvHlzdVeB1IDddomIiIiIiKgylLsFFpEq2BqKiIiIiIiIiMqLASyqFgxgEREREREREVF5MYBF1YIBLCIiIiIiIiIqLwawqFowgEVERERERERE5cUAFlULBrCIiIiIiIiIqLwYwKJqwQAWEREREREREZWXTtHAgkgkUmNV6N+MASwiIiIiIiIiUoa8GIJOWRMQVQb+tj5M3O5ERERERERUGXR4g0nVgb+zDxO3OxEREREREVWUSCSCSMI7zPdafHw87Ozs1F0NqiBux38PbkvNwO1ApeFvQ/NxG2k+bqPqwfVMRNUtIiICjo6O6q5GqbTUXQEiIiIiIiIiIiJFGMAiIiIiIiIiIiKNxgAWERERERERERFpNAawiIiIiIiIiIhIozGARUREREREREREGo0BLCIiIiIiIiIi0mgMYBERERERERERkUZjAIuIiIiIiIiIiDQaA1hERERERERERKTRdNRdASKqmDNnzuDWrVuYMWMGzMzM1F0dKofU1FSsW7euxHAzMzPMmzdPDTX6cP3666+Ii4uDgYEBHBwc0KFDB9jY2Ki7WqRmYrEYZ8+eRXx8vPDb+Pzzz9VdLVIgMjISx48flxk2dOhQODk5qalGREREVFEqB7BSU1NLXBDY2trCzc0N8fHxsLOzq7TKUfV59uwZwsPDAYA3bO+RyMhIYbv5+flhxowZaq4RlUdqaqpKw6nqDBs2DLt27cLz588RGRmJyMhI3vQSAgICcOvWLeFzcnIyJBIJ3Nzc1FgrUkTe8ZPHVM0gFosRFxeHZ8+eITk5GQBgbW0NGxsbNG/eHIaGhmquIRERaapyBbDi4+NlhkkkEgCAj48PL/TfQ6mpqfDx8UFOTg4AICYmhq153gPFny4nJyfj+PHjGDp0qBprReVhZ2cHKysrPH/+XGZ4hw4d1FSjD5ehoSE8PT2FIBYAHD9+HGZmZnxA84FKTU2VCV5J3bp1iwEsIhUFBwcjLCxMuOaUkt5bGBgYoGPHjmzhSET0HkhMTIRIJAIAGBkZVUv8oNJzYB0/fhyRkZGVXSxVocjISJkLiZycHMTExKixRlQWeV0jAOD169fc/95TXl5esLW1FT5//vnnGDBggBpr9GEQi8UlhhkaGpZY9wEBAdVVJdIwbCFJVHFisRg+Pj4ICQmRueY0NTWFqamp8DknJwfBwcHw8fGRe3wmIiLNkZSUhMTERCQmJpZ4EF9VqiQHlvTGmi2x3g/yIqVsvq25SgteDR06FPb29ti1a5fQFJ/eLwYGBnL/pqqza9cuDBs2rMT+8uzZM5nPycnJSE1NZctUErRu3VrdVaAKuHLlCt6+fSt8NjAwgKurqxpr9O/m5+eHhIQE4bOtrS2GDRsmHFNTU1Nx7NgxYZr4+Hjs378fkyZNUkt9iYhIM1VZEveKBLHy8/Nx+vRpXLp0CS9fvoShoSGaNWuGYcOGybRQKI/09HTcu3cP7dq1q1A5Fy9eRGhoKJYvX15iXFRUFHx9fbFly5YKLaO6ODk5IT4+Xugi0bp16woHH7/66qsSzcMBwMrKCps2bVI4719//QUdHZ0Kb+viwsPD0bJlS9SoUaNSy61OioJX0m3m6emJLVu2wNPTs1JutrOysjBr1izUr18fS5YsqXB58qSkpGDatGk4ePAgtLW1K718RfuruixdulTm5qm4s2fP4uzZszLDmjdvjrFjx1ZouQcPHsT58+cxf/58NG/evEJlyVN0Xe/YsQO1a9fGiBEjKn05leX58+fw8fHBpEmTZIJYxbvKA6i0ANb169dx5swZPH78GFpaWmjQoAH69euH9u3bV7jskydP4r///S969uyJ9PR0jVn/8vZxiUSCnTt3QldXF2PHjoWurq6aaymfvGCy9OYbgHD+FIvFcHBwKFdg69ixY/jrr7/w7bffygy/du0a9u3bh59//rl8lVdRVR+LNUnx4ysAhQGsnJwcjBs3Dj/++CPq1aunsOzU1FQsW7YMWVlZWLt2LWrXrl3h+r7PgoODZYJXpqam8PDwkHlYamZmBg8PD2zZsgVpaWkACvet4OBglbvqVvV1y/t2nU9EpAny8vKQkZFR4WvpKn0LYXmDWJs3b8bff/+NSZMmoVmzZnj79i0CAwOxZMkSrF69GvXr1y93ne7cuYOoqKgKB7A6dOiANm3aVKgMTeLk5CQEsCqr5dyCBQvw6aefqjxfaGgomjZtWiKAJc21Ju1nq6rDhw/Dzs5OpQBWQUEBtLQqvadtuSgTvAIKW895eHjg2LFjcHNzq3DenosXL6JLly6IjIxEcnIyrK2tK1RecQUFBTA3N8fOnTur7IZJE/dXRcGr0sgLCqsiLy8PV65cwZgxYxAUFFQlAayivvrqK5X3n+re5/T19ZGTkwMfHx8MGzYMqampiI2NlRvAqoxWcYGBgTh48CDGjRuHtm3bQk9PDzdu3MDOnTuRk5ODbt26Vaj8sLAwTJw4EZ06dUJ2dnalrsuKHIPl7eNPnjxBly5dqvx3WFE2NjYwNTUVbqoBoH///gAKc0bu379fGB4bG4ukpKT3svtvdRyLPxT3799HQUEBdu3apdL+oknXHJVFLBYjLCxMZpirq6sQvDp27BhEIhGGDh0KQ0NDODk5ISQkRJg2LCxMZnplVPV1CxERqSYvLw9xcXGIZzKIAAAgAElEQVQwMzPTrABWv379Stxgqdp/PS4uDjdu3MD69euFJ1z6+voYNmwYrKyshCe0KSkp8PX1xbNnzyASieDo6AgPDw/o6+tj+vTp6NevHyIjI5GRkQFdXV3Mnj0bz549w759+5Cfn48lS5Zg+fLlSE1NxZ49e5CYmAgtLS20bdsWw4cPh7a2Nn7++WfUqFEDKSkpeP36NTIyMuDp6Ql7e3uEh4cLrQzevHmD7du34+nTpzA1NS1xoxwYGIjAwEAUFBTAwMAAY8aMgaOjYwXW9PsvPT0dO3bsQHJyMgoKClC/fn188803uHjxIi5fvozIyEgkJSWhd+/e+M9//oPhw4fj1KlTWL9+PRYsWAAvLy84ODgAAPbt24eCggJMmDABubm58PPzw82bN5Gfnw9XV1d4eHhg48aNePHiBX744QeMHDkSERERqFevnvAE/caNGzh8+DA2bNiACxcu4Nq1a9DV1UVKSgrWrl2LqKgoHDhwANnZ2dDW1sbgwYMrfKOpqjNnzpQYVtpLE2xsbGBmZia0LKlIECskJASzZs1CzZo1ERISgjFjxgAAXrx4gdmzZ2PMmDG4ceMGUlNT0aJFCyFo8eLFC+zcuRMvXrxAQUEBnJ2d8dVXX0EkEmH79u2oVasWbt++DXt7ewwYMEDmqf+FCxcQEBCA/Px81KpVC+PHj4etrS1evXoFLy8vTJw4EZcvX0ZqaipsbW0xbdo0iEQivHr1Cj4+PkhISICenh6GDh2KLl26yOyvAHD69GkEBQUJ5X/99df46KOPyr2O3hcRERH46KOP0KVLFxw7dgyZmZlCQPfnn3+GoaEh/vnnHyQnJ0NPTw/jx4/HqVOn8PLlS5iammLu3LnQ19fHtm3bYGxsjJSUFKSlpSEvLw+TJ09GkyZNZJa3b98+oQVQbm4ufHx8EBMTg4KCAjRq1AjffPMNTExM5O5z1cXBwQG3bt1CTk4O/Pz8qnRZb9++xaFDhzB27Fh0795dGN6xY0eYmppCR6fwlPzu3Tvs378fd+7cgUQigaWlJSZOnAgLCwtcunQJly9fRsOGDfHo0SO8fv0affr0QZ8+fbB+/XokJyfj4MGDePr0KdLS0oT1Lz3mPn36FObm5ujYsSPOnDmDbdu2ISgoCGFhYVi6dCmAwtYLEyZMwO7duyEWi0scg3Nzc0vdt0s7Br969UpmHy/tvFjWPq4urq6uQosdfX19obVecHBwiWnDw8Ph5uZW6V3xSztvmpiYwNPTU+F5Udl9b86cOTLbKTY2Fn5+fkIwtEePHujbty+AwodNp0+fFoIuAwYM+KASb5d2jZifn499+/YhMzMTs2bNwpIlS5Cfn1/qNWvx82HTpk1x6dIl1KtXD48ePUJaWhomT56MsLAwJCYmIjs7G7NmzUKDBg2Qm5uLQ4cOCQ8gGzVqhIkTJ6JmzZoKfy/VKTY2tsS9wfPnzxESEiLzgoTWrVvDzs4OdnZ2MgGsnJwcxMbGqvRwVd51S1ZWFiZPnoyVK1eicePGAApzt8ybNw+7du3CrFmzSt2HyrrO/1CvKYiIlCENXmVnZwOQ/yC0Zs2aqFWrllLlVcpjnrS0NCQkJKBevXpo0qSJzL+ymlkXd/fu3VLn69SpEywtLQEAW7duRYMGDbB582Z4e3sjKSkJp06dAgBoa2vjzp07WLBgAdasWQNDQ0MEBQXBwcEBPXr0gJOTk3Aju3XrVtSpUwcbN27E6tWrERMTI5w4tbW1ER4ejq+//horVqxAt27dcOTIkRL1Onr0KHR0dLB9+3YsXboUt2/flvk+x48fx6JFi7Bp0yaMHDkS69evR0ZGhkrrpTKlpqYiISFB5p/0NcZAYa6X4uOL54OpqHPnzqFmzZrYsmULtm7dio8//hhRUVEYNGgQ7Ozs4O7uLnQpeffuHd6+fYs9e/aU2Qzf398fz549w+bNm7Fp0ybcvXsX58+fh5eXFwBg0aJFZb7ZTU9PD3FxcejevTvWrl2L3NxcYdtt374d33zzDXbt2oU3b95U2vpQxtixY2USnSp642dkZKRwUViRJKixsbEwNjZGgwYN0KVLF1y5cgV5eXkAAC0tLeTl5eHdu3dC68hbt27h+vXrAIDdu3fDzs4O27dvx7p16xAeHo4bN24AAHR1dXH16lUsWLAAEyZMkFlmXFwc/Pz8MG/ePGzatAn9+vXDunXrkJeXB21tbeTm5iI9PR2LFy/GDz/8gNu3bwsvHdi2bRvs7Ozw888/Y8GCBdi9ezeePn0qU/6DBw9w8uRJoYtbmzZtsGvXrnKvI3U5c+YMFi5cKLdVXmmCgoLw+eefQ1dXFy4uLvjjjz+Ecdra2vjzzz8xZcoUeHt7QyKRwMfHB15eXvD29kZaWhpu3rwJoHDbX79+HVOmTMGqVavQvXt3bN++XeGyAwICkJycjM2bN2Pbtm3Iz88XjtnF97nqpErOGx8fnwodCx8+fAixWIxOnTqVGOfo6IhPPvkEAHDq1CkkJibC29sbmzdvhq2tLbZt2wagcDvFxMSgbdu2WLp0KaZPnw4/Pz/k5uZizpw5sLCwwMSJEzFq1CiZ8o8dOwZtbW1s374dCxYswIULF5Rq6SHvGKxo3y7tGFyUovNiWfu4ukhvagHIdDUtLWFp0XNqZSntvFmW8u57mZmZWLduHUaMGIHNmzfju+++w8mTJ3H37l28ffsWu3btwsKFC7FlyxYsXrwYN2/eRG5ubqV/b01V2jViixYt4OHhgfr162PTpk2oXbu2wmvW4udDbW1txMXF4fPPP8fKlSvRrl07eHt7Y9CgQVi5ciUcHR3x22+/AQD++9//4sGDB1izZg02bdoEU1NT7NmzB0D5fy+VTd4xMzIyEsHBwcJLZ6TBq9KmV+W4W9p1i7GxMZydnXHhwgVh2vDwcLRp0wbGxsYKy1R0nf9vuaYgIqoKxYNX2dnZQtL3ov+SkpKULrNSWmClpqYqPFir0gIkKyurzGZlb968wf379zFr1iwAhSf/rl274uzZs0Kujw4dOghN4G1tbZGSklKinIyMDMTExAhPdvX19fH555/jjz/+QM+ePQEAn376qRANbNy4MQIDA0uUc/fuXYwYMQIikQh6enro2rWrcGESERGBtm3bwtzcHADQqlUr1KhRA/fu3UPbtm2VWieVRSwWY//+/XK7xhRV2tu2rK2tMWnSJKWfKq9bt65EhHXEiBEYMGAAzM3Ncf36ddy6dQsODg4YPHiw3DKk83fq1Empp+/Xrl3Dl19+CV1dXejq6mLZsmVCqwZVGBsbC3lMdHV1sWPHDuF7N2/eHNra2nj58qXSkeLKYGdnhxkzZiAgIABpaWmwt7eXO13RroampqYyN16qCg4OFlqKmJiYoGnTpoiIiJAJAkpvxg0MDNCqVSvExMSgffv2mDt3rrDNatasCTs7O+GmTiQSwd7eHnXq1CmxzKtXr6Jdu3ZCsLpdu3b45ZdfcP/+fSGw3blzZwCF3SWtrKyQkpKCjIwMxMbGwsvLCyKRCPXq1cOOHTtgZGSER48eCeV/9NFHwnCgcB/39/cv9zqqTsnJyYiNjUVkZCRiY2MBFG5vU1PTMnOEJCcnIyUlBS1atABQ+JZDaYBQqmXLlsLvvF69ejAxMYG+vj6Awpv2V69eCdN+9tlnQustFxcX7N27F+np6aUuf+DAgejTp4+wPzo6OgrfAZDd56qTjY0Nhg4dqlQgUNrVsHi+LGVlZmbC2NgYenp6Cqe7fv26cBwDgB49esDf3x9ZWVkAgLp16wrBLltbW+Tn5yM1NRUWFhallnn37l2MGjUKIpEIxsbGcHV1RVBQUJl1lncMVrRvl3YMLvrbUHRelLZakLePq5MmvHFQ2fNmceXd9+7evQsTExO0atVKWL6TkxMiIyPh6OgIExMTBAcHo1u3brCxscH8+fMr4Vu+X5S5RizrmlXe+dDKygoNGzYEUHgstrGxEbrB1atXD3/++SeAwv1t0KBBQvfmvn37wsvLC/n5+eX+vVS2soK5rVu3FlrDi8VihIeHq1xGUYquW7p27YpNmzZhzJgx0NXVRXh4uNCqXBFF1/nv8zUFEVFVKh68qixVmgOrPGrVqoUHDx4onEZ6IVw0eFCrVi2Z/BRFgywikQgFBQUlypFOv3jxYmGYtPmvvHK0tLTklpORkSGTV6lmzZoydS1+o1O8rtUlLCyszOCVIsnJyQgODlY6t8e8efNKzYHVs2dPiEQinDlzBps2bULLli0xfvx44YamOGUDRWlpaTLrX3pBkZ+fr9T8UsWb2F+4cAFXr14VcsDk5eUJf1cnQ0NDDBs2DDExMdi1axcGDBggExwunidL1cSnRWVkZCAiIgK3bt3CL7/8AqAwP0d2drZMAKv4+pbeaMbExCAgIABisRgikQjJyckyuW5K26ZpaWm4c+cO7ty5Iwx7+/Yt0tLShACWvP1Suk8VrU/Rv6VycnJw+PBhPHz4EEBhdy11bMvyKK2bmzL7dVBQENLS0jB+/HiZ8uLi4oTtUjTHk5aWVonPRY9/8vazzMzMUpf//PlzHD16FCkpKRCJRDLbEyi5z1UnJycnmJmZ4cyZM2W+ArgiQSwTExNkZWUhJydHYT6t9PR0mf1Duq6l577i5zcAcs9NRRU/TykKdslTtD6K9u3SjsFFKXNeVObcW12KtswGIFNPfX19ufnsVM2XVtp1irTlKaD6eVOqvPte8d8hUPhbfPXqFUQiEZYuXYozZ85g5cqV0NLSwuDBgz+oLoSAcr9TZa5Zi69nZY/FaWlp8PPzw+HDh2XmTUtLK/fvpTrp6+sL+eSkD1krEiwu67qlRYsWMDAwwM2bN2FtbY3MzEylcrUqus5/n68piIiqWnly/pZF4wJYrVq1wtGjRxEfH1+i1Za/vz9sbW2F4WlpacKJ+M2bNyonBJN2R1uzZo3cG11l1ahRQ+bGrejJt3ji1/LWtTJIb3KtrKxKBKGePXsm5Pfo169fiZsL6Y1dZXaL6NGjB3r06AGxWIw9e/bg119/FZ5QFle09VXxbi9isVhoJWJiYiLzpD89PR35+fklLtC1tLRkLjAURYYjIyNx8uRJrF69GhYWFpBIJPDw8FD+i1YBBwcH2NnZwc/PDzY2Nujfv7/cJO8V6T544cIFtG/fHlOnThWGFRQUYPLkyUhOThae5qenpwtPjjMyMlCrVi1kZGTA29sbs2fPFnJF/PDDDzLll9airnbt2ujcuXOJroUAFAZ+pdu46HHhxYsXJZL2Hzt2DE+ePMGSJUtgYGCABw8eYNmyZQrXRXWRHt/EYjHi4+PLDKYoKzc3F3/88Qc2bNggtGwDCruYBAcHlyuJdtH9TNolWlGgeevWrXBwcMDMmTMhEolw6tQpxMXFqbzcqmJnZwcvLy+kpqYiNTVVuGHctWtXiZNveYNYTZo0gZGREUJCQmRavgHArVu3hOTfpqamMutX2l3ZzMxM5k1eqjA2NpY5zhVt0STvmFqcdH8ta98u7RhclCadFxW5cuUKwsPDS9xQp6amQiwWw9DQEHZ2diV+x0VzZCnL3Nwcz549g0QikTk2PnnyRCbYWNp5U9F5sbz7XvHfISC7naytreHp6QkAuHfvHlatWoWPP/64Qi/aUVXxt7kaGBjg+++/r7blK0Pa9V/RNWt587uZmZlh6NChpb6YSJXrrKpibW1d6nHLxsZGJpl7aQ9jlE3CXtZ1i7W1Nbp06YKwsDDY2NigY8eOQoBY0T6k6Dpfk68piIjUSUdHB/b29oiNjVW5MYkiGveqk6ZNm6JTp05Yt24dbty4gaysLKSmpuLQoUM4c+YMrKysULNmTTRv3lxoqp2bm4vQ0FA4OzuXWb6Ojo7QDcPY2BiOjo5CcmyJRAJ/f39cunRJpTrb29vj8uXLkEgkEIvFMnll2rVrh5s3bwpdb27duoXs7Gy1vnVJetFd9F/Ri20bG5sS4ys7Ge3PP/8sPNE2NDQUAkOA7DaSx9zcXMhrlJ6eLpOLwNnZGUFBQXj79i3evn2LtWvX4vr169DS0oJIJBLKrVOnDhITEwEUts6S12Rd6s2bNzAxMUHdunUhkUhw8uRJiESiCr8RrqIMDQ3h6ekJU1NTbN68WW4XqLNnz6qUI0lKIpEgODi4RL4w6YsOirZGCA0NBVB4YxsVFQVHR0dkZ2cjPz9fSOodGRmJx48fK7XOXFxccO3aNeEG++XLl/jxxx/LjODXqlULH3/8Mc6ePQuJRIIXL15g/vz5+Oeff2Sme/PmDWxsbGBgYACxWIzffvsN+fn5as/dMmnSJHh6esLNzQ0DBgyAl5eX3NYMVlZWJYaV1drj6tWrsLS0lAleAUD79u0RERGhsOVUaW7fvi0c1y5duoSGDRsqfBDw5s0b2NnZCS12rl69qvZ9SB4zMzPhmGhjYwNPT0/hJqYoaRBLldwsurq68PDwwKFDh3D27FkhEPLHH39g69atQqCiXbt2CAkJEX6TgYGBcHR0rNBx+OOPP0Z4eDgkEgmys7Nx9epVYZy5uTmeP38uLE/RObCsfbu0Y3BRmnheLO7MmTPCNpJH2gWvY8eOJcbJG1YWZ2dn5OXlwc/PDxkZGXj79i2uXbuG33//XQh2KjpvKjovlnffa9GihXBcBwqDnrdu3ULbtm3x+PFjLFu2TDh21KtXDzo6OtXe8kRecFnTVOSatSwuLi4IDAwU1sOff/6JX3/9FYDi30t1UhTMTUtLQ0hICEJCQhQ+sFEmIKzsdUvXrl0RFRWFS5cuCV2VAcX7kKLrfE29piAi0gRGRkawt7cXHhbo6emhXr16Jf7Ju78pjca1wAKAqVOn4uzZszh8+DBevHgBAwMDtGzZEqtWrRJuwKZNm4bdu3cL+W5at26NgQMHlln2Z599ht9++w1TpkzBtm3bMG3aNOzZswfTp09HQUEBmjRpovLb5dzd3bFt2zZMnjwZpqam6NKli5Bg08HBAcOGDcMPP/yAgoICGBsbY/78+WUmjPw3WLNmjdzhO3bsQL9+/bBnzx6cOHECWlpasLGxwaRJkwAUXpD5+fkhPj4eX331VYn5R4wYAV9fX1y7dg1mZmZwcXEREosPHjwYmZmZmDlzJgoKCtCuXTv06tULIpEIrq6uWLFiBYYNG4aePXti48aN+O6772BsbIyWLVvKfZuUtD5hYWGYPn06jIyMMGTIEHTu3Bnbt2/H4sWLVX5RQWXr2LGjcDNlamoqNMeXvtpdmiR16NChSpcZHR2NzMxMtGzZssS49u3bY/PmzUJwxczMDHPmzEFmZibat2+Ptm3bQiQSoW/fvli4cKGQOHXMmDHw9fVFgwYNFC77k08+wciRI7F69Wrk5eVBR0cHgwYNgr6+fpktyqZPnw4fHx9MnjwZenp68PDwQKNGjWSe/g4YMABbtmzBzJkzUatWLUyYMAGJiYn49ttv4e3trfQ6qkxFW5YW5ebmJhMstLKygpeXF549eybTMqisrqLBwcFo3759ieFmZmawtbWVuRhXVuvWrbFz504kJyfD0NAQU6ZMUTj9yJEjceDAAZw4cQINGjTApEmTsHbtWuzduxfNmjVTefnVRRrEqqyWWN27d4eJiQlOnz6No0ePQiQSwc7ODrNnzxbyk33xxRfIzMzE3LlzIZFIUL9+/TLXb1mk56mpU6fC2toaHTt2FM5TLVu2xCeffIKFCxfCzMxMCMDI6w5laWmpcN8u7RhcNH+aovOiOrrXyyM9bpbm1q1bcHJygp2dXYkWZaXlJ1TE2NgYy5Ytg5+fH6ZPn468vDxhu0tbuik6byo6L5Z33zM2Nsa8efPw66+/Yt++fdDS0sLIkSPRvHlzSCQSODg4YMGCBQAKHzwNHTq0zOP7h6q816xlGThwILKzszFv3jwUFBTAxMRE6Cau6PdSnezt7Uvtaquvry8E1eQ9KJAOV2afUua6ZcSIEbC0tETTpk2RmZkJW1tbYRpF+5Ci63xNvKYgItIk0iBWbGws6tatW+GW2iKJio9j4uPj4ePjo9JCVEniTqqR19VSnmfPnsHHx0fIvVL8huvYsWPCW+ucnJxkgh1lzUsVp+x2LI1YLEZycrLCfFjFt2tFpaSkYNq0aTh06JBSbzP7UCi7LRcuXCj8bWZmhnnz5pWYJjU1FevWrRM+29raCl12UlNTERkZKeRvqk47duyAubk53N3dq3W5qqjoPlVc8aBhUQYGBpg3b16lt1StbAUFBcK+GhYWhrNnz2LVqlVqrlX1U+a38euvv5bamsfOzg6urq7C9l67dq1MAGvevHka1x3yfVOe46jU6tWrARQG7os+AAAKX14hDfgrmpfKpsoxVt62AGS3hzLTVJYtW7agSZMmJbpya6LKPpcREZUlIiICjo6OSk1btJV9rVq1FLamz87ORlZWFurWrVuh+vGu8wPh5+cnXIzn5OQIrXOAwkCHNHgl/Vz06bOieUkzSLuFFuXk5CRzcRYZGQkfH58K5cWSh8lKKy41NRXHjx+X2TbPnj2Tm7BdyszMDG5ubmq7Uf7QtntZ3QlLe3urpvD398fy5cuRm5uLvLw8XLx4sVwthT4UY8eOhaenp9x/bm5uQvDqypUrJVqNhYSEVPpxluh95ubmJtPaSVm2traVHryKi4tDdHS0yr0tiIioYoyMjCocvAI0tAshVb7iF9hFk/nKy/FR9OJb0byk2Tp27Ijk5GQhQBkfH6/SmySp+kRGRsLKykrovhUcHFypL02gilPUnbAib86qDr1798aTJ08wffp0aGlpwd7eHkOGDFF3td5LqampCAkJQUxMjNxWWpGRkYiJiYGDgwM+//xztsYiAuDh4QE/Pz+ZLv2xsbFCAntpKgQpW1vbSn9hzsqVK5GYmIipU6fKfUMqERFpPpUDWNbW1iq/JlnZt4dQ1enQoYNMonInJyeZv69cuSLckOnr68PBwUGpeUnzDRs2DACEIFZl3WjXrVsXR44cqZSyPkT9+vUrcfNbdN9yc3Mr0VVXU46lFc3H9D4rLYjl6uqqxlqVzcDAADNmzFB3Nd57RbvUK5KTkyO0Zh4zZozMOZUqT/HjaNEXWshrYVh0mKJ5qfJJXzwTHBwsXHMmJyeXeFCjr6+Pjh07VnrLKwD47rvvKr1MIqIPWdFc0NWV41vlHFikWVTNQSCdvviFwbNnzxAWFgag8Eas+I1z0XmL5v6gylHVOQ7EYjGCg4ORmpqKYcOGcftVIear0AzVuU85OTkxQPEeqchvo2i+SGWVluOOSsfjqOaryDYSi8WIjY3Fs2fPhACWtbU1bGxsYG9vz2uUIrgvEFF1UyUHljqwC+EHRNHTLBsbG6GljqrzkuYzNDRkt0GiSsR96sNUntxWpb1djehDZWhoCCcnJ7boJyIilTGARURERKSEsWPHqrsKRERERB8svoWQiIiIiIiIiIg0GgNYRERERERERESk0RjAIiIiIiIiIiIijcYAFhERERERERERaTQGsIiIiIiIiIiISKMxgEVERERERERERBqNASwiIiIiIiIiItJoDGAREREREREREZFGEx09elSi7koQERERERERERGVRkcsfqPuOhAREREREREREQl0dLShr6+PmjVrwMTEBDqmpibqrhMREREREREREZFAW1sLurq6MDIygp6eHnTMzWuru05EREREREREREQCkUgEbW1t6OnpQV9fDzomJmyBRUREREREREREmkMkEkEkArS1taGtrQ0dQ0MDddeJiIiIiIiIiIhIRmEQq/Cfjo6OjrrrQ0REREREREREVCotdVeAiIiIiIiIiIhIEQawiIiIiIiIiIhIozGARUREREREREREGo0BLCIiIiIiIiIi0mgMYBERERERERERkUZjAIuIiIiIiIiIiDQaA1hERERERERERKTRGMAiIiIiIiIiIiKNxgAWERERERERERFpNAawiIiIiIiIiIhIozGARUREREREREREGo0BLCIiIiIiIiIi0mgMYBERERERERERkUZjAIuIiIiIiIiIiDQaA1hERERERERERKTRGMAiIiIiIiIiIiKNxgAWERERERERERFpNAawiIiIiIiIiIhIozGARUREREREREREGo0BLCIiIiIiIiIi0mgMYBERERERERERkUZjAIuIiIiIiIiIiDQaA1hERERERERERKTRGMAiIiIiIiIiIiKNxgAWERERERERERFpNAawiIiIiIiIiIhIozGARUREREREREREGo0BLCIiIiIiIiIi0mg66q4AkTLevc3EmUNzAQADRnpDT7+GmmtERERERERERNVFIwNYWVlZCAm5iNu37+LJk0RkZGRCJBKhdm0zNGliB2dnJ7i4tIWOjkZWXyM8ePAXFi5cKnweM8YdgwcPVGref/55hcmTZwife/bsjsmTv670OqriYdxF2NrVh+T//23/aX+11oeIiIiIiIiIqo/GRYBCQi5i714/iMU5JcY9f/4Cz5+/QFjYVXTt2gnTp/+fGmr4P8HBF/DTT7uFz/Pnz4Kzcxs11ujfKy4qAIOH9gEAnA0IYQCLiIiIiIiI6AOiUQGsY8dO4fDh4yWG6+joQFdXRyaolZubW51VIzV6nZIAkVY+Gts1AgDkvsvE65QE1K5rq+aaEREREREREVF10JgA1p070SWCV46O9hg1ahg++qgptLS0kJWVjZiYWAQGBgMQqaei74mmTZtg//7/tQ7T1dVVY20qJjYqAC4d/teyzaVDG8RGBaBjj+lqrBURERERERERVReNCWAdPHhM5vOnn7bEwoX/kclzZWxsBGfnNnB2boOUlH9KlPHq1Wv89tt5/Pnnbbx8mYJ373JRs2YN2Nk1RteundG+vTNEItnA14oVaxAVdRcAoKurg8OHf8GFC5fw++9BePIkETo6OnB0tIeHxwjY2FgDKJlfSmrt2o0yn3fu3II6dcyFzwkJj/H770GIiYnD69epkEgkqFvXHM50+xoAACAASURBVJ9+2hIDBvRF3bp1ZOaXl8eqUydXHDlyArdu3UZmZgYsLS3Qs6cb+vfvLTPvw4ePysyBFR+fgMOHj+PevQfIz89H48aNMHjwADRu3KjEdytOIpHg+vUbuHjxMh4+jEdGRgZ0dXVhYVEXrVq1QN++vUp8n/J49zYTT+NvoG/fCcKwT5p/jIshvnj3NpPJ3ImIiIiIiIg+ABoRwPrnn1f466+HMsMmThynMEl78eBIZOSf2LRpO7KzxTLDU1PTEBkZhcjIKHz6aUvMmzcT+vr6pZa7Y4cPQkIuCp/fvXuHiIibePDgL2zYsBqmpiaqfDXByZOncfDgUUgkEpnhSUnJSEpKRmjoH5g9ezpat/601DISEh7D3/8sMjMzZebfu9cP2dnZGD78S6Xrc+dONFat8kZubp4w7N69B1i9egMGDuyrcN63b99iw4atiIz8U2Z4Xl4+Hj9+isePn+L8+RB4eU2Fs7OT0nW6ELAGj+MjSwzv3K0zTM1Mhc+mZqb49LMWOLhzfIlpGzdxQtd+C5ReJhERERERERFpPo0IYBUPXjVq1ADW1lZKz5+YmIT167fg3bt3wrD69euhdm0zPHz4SAhqRUXdwc8/74GX1xS55eTm5iEk5CK0tLRgZmaKV69eC+PS0tLx22/nMXLkMNSoUQMuLm3x8mUK4uP/FqZp1qwpatc2Ez7r6+sBAC5dCsOBA0eE4aampnB1bQcAuHw5HG/eZEAszsGGDVuwYcNqWFlZyq1fWNg1AEDNmjWQm5uLnJy3wjh//wD069cbxsZGZa6v7GwxNm/+SSZ4VbNmDdjYWCMxMQmnT59TOL+Pzz6Z4JWhoQGaNm2CtLR0PH2aCADIyXmLH3/cirVrl6NRo4Zl1gkAkpNiMXbCGCHXlSK9+/dA7/49ZIbdi7sP/+NnlVoWEREREREREb0/NCKAlZ7+RuazpaWFSvMfP+4vE7waOvQLjBw5DEBh665Fi5bhn39eASgMJg0ZMgj169eTW1ajRg2wePF8mJmZ4c8/72DlyrXCuOjoWACAjY015s6dWeIthIMHDyjxFkKJRIKDB48Kn2vXNsOGDatRq1ZNAEDfvr0wc+Z8ISB18uRpTJkyqdTvOnHiOPTp0xPv3r3DypXrEBMTB6CwVdTDh4/QqlWLMtfXlSvhSEtLEz7b23+CRYvmwsDAABkZGVi6dDX+/vux3HmTkp7hwoVLMt/nhx++h4VFXQDAkSMncPToSQCFifZPnPgvZs9WLldV7y+X4fCB79G7nxs+bd1SqXmkom7dwe9ng9H7y2UqzUdEREREREREmk9L3RWQT7UE7bdu3Rb+NjIyxJAhg4TPdeqYo3fvHsWmjyq1LA+PUTAzK2xF9dlnLWFWpOtaampaabOV6vHjpzL5umxtG+PevfuIiLiJiIibePLkKczNaytVt48+aoo+fXoCAPT09NCxY3uZ8crWTxqIk3J3HwIDAwMAQM2aNWXWX3HSfGFSffr0EIJXADB48EAYGRkVmf5OiW6Tpald1xa9v1yGsCt/IvBcsFLzAMDvZ4MQduVP9P5yGd9MSERERERERPQvpBEtsExMasl8fvHihdLzZmVlIysrS/hsaWkJPT09mWkaNqwv81naGkuejz/+SOazkZGREBjKzc1Vul5SL1+myHyOjPyzRO6oolJT05Cbmyv3rYGffNKsRN2KysvLgzKKdo0EUKI1WoMG8lunASW/T/36sutWT08XNjZWePgwHsD/tk+NGsolW69d1xa9Bq9A4MklyDkRgEFD+iuc3v/4WSQlvUKvL1cwoTsRERERERHRv9T/Y+++o6Oq9jaOPzOZSe+9EQgl9NCRohQLKiig1wY2RFSwomLv2EVRr2LhIioqIopYwAoIokiR3iEQCAnpvU4ymXn/iAzEJIAI5MD7/ayFkzOzzz6/s88ka83jPnsMMQOrVauWtbZTUlKVkXH0Idah/v4tg/+E1WqRt7dXrefM5pM/RIfeDnmogAC/WtvHq7a/j9nRzpiqb99/un993D18dfGIyVq/dv0R225Yt04Xj5hMeAUAAAAAwGnMEDOwQkND1KpVS9di7k6nU9Onf6QHHrhbbm5u9e6Tk5Or0NAQ+fh4y8fHxzULKyMjQ5WVlbVmYaWkpNY53sny929LvOiiC3XDDdectOPX59BbFiVp375UBQS0c22npu5vcN9Dbxes2XefevTo6tqurKxSRkaWa/vA9fmnKm0l8vDwPGI7Dw9PVdpKCLAAAAAAADiNGWIGliSNHHl5re3Vq9fq2WcnKSlpt2tGj81m09q16/Xcc5M0Y8anrrZdu3Zy/VxWVq45c752befk5OqHH36u1XfXrp2PS80eHh61tvPy8uu0adYsrlZgtmTJUmVmZtVpZ7PZtGTJb1q8eOlxqe1w2rdvV2t79uwvVVFRIUkqKSnR3LnfNrhv5861F4n//vufa63x9dVX39a6pbNz58RjmhWXkbZFEZFH/ibKiMhIZaRtOWI7AAAAAABw6jLEDCxJSkzsoKuuukyzZn3hem79+o1av36j3N3d5e7urtLSUleY1bdvL1e7yy4brhUr/nTdevfFF19p+fJVCg4OUlLSLpWVlbvannVWnwa/gfCfioqqHbDMmPGp/vxzrTw83BUZGaFrrx0hk8mkESMu1xtvvCNJKi4u0d13P6gzzuiuiIhw2Ww2pabu19at21ReXnHYBdSPl7PO6qPPPvvC9e2Pmzdv1bhx4xUdHaWUlFSVlZU1uG9MTLQGDuzn+ibCvLx83X33A2rZsoUKCwtrzXazWq3HfD552XsU36KJa3vP7r36+sv5kqRhlw5Rs+ZNJUnxLZooL3uP4pr3PKbjAAAAAAAA4zNMgCVJl19+iYKCAvXBBx+rvLzC9XxlZWWddaEOXeQ8NjZG9957h157bYprv9TUNKWmptXap3PnRI0bN+a41duiRbzi4mJdoc2BGWKS1Lx5M1e7AQPOUn5+vmbO/FwOh0M2m02//vp7vX3+mzW8jpa3t5fuvHOcnn/+Zdnt1ZKkoqJiFRUVS5LOPru/Fi1a0uD+N900SoWFRa5vTCwvr9DGjZtrtfH09NCdd96qpk3jjqnGrLQNShzUQxXl5Vryy+9au3qDzjzvdknSrE/eVJduieo/sK+aNmuqBT+tknTFMR0HAAAAAAAYn6ECLEk699yB6tWrhxYuXKL16zcqJWWfSkpKJElBQUFq0SJeZ5zRXb17n1Frv+7du+q1117S99//pLVr1yszM0t2e7V8fX3VokUz9e9/lvr0OeO4BkQmk0kPP3yfPvnkM23cuFmFhUUNLmB+ySVD1bVrZ/3440Jt3rxVOTk5stvtCgwMVFBQoJo2jVOnTh3Vrdvxub3xSDp3TtRzzz2pWbPmaNu27aqudqhp0yYaMuQCtWmTcNgAy8PDQw8/PEHLl6/U4sVLlZSUrJKSElksboqICFenTh01ePD5ddb/+if2p25XYUErfT1nvgJCWuiyUW+51rm6bNRb+v3nN/Xum+9rwDl9tT91+zEfBwAAAAAAGJ9pz55t/+4r44ATYP3KWcpI3aS2nYc2eHtgyu6V2rruG0XGdlCnnled5AoBAAAAAMDJQoAFAAAAAAAAQzPMtxACAAAAAAAA9SHAAgAAAAAAgKERYAEAAAAAAMDQCLAAAAAAAABgaARYAAAAAAAAMDQCLAAAAAAAABgaARYAAAAAAAAMjQALAAAAAAAAhkaABQAAAAAAAEMjwAIAAAAAAIChEWABAAAAAADA0AiwAAAAAAAAYGgEWAAAAAAAADA0AiwAAAAAAAAYGgEWAAAAAAAADI0ACwAAAAAAAIZGgAUAAAAAAABDI8ACAAAAAACAoRFgAQAAAAAAwNAIsAAAAAAAAGBoBFgAAAAAAAAwNAIsAAAAAAAAGBoBFgAAAAAAAAyNAAsAAAAAAACGRoAFAAAAAAAAQyPAAgAAAAAAgKERYAEAAAAAAMDQLI114Pz8QqWlZamsrFx2u72xysBx4ObmJqvVKi8vL3l6ejZ2OQBgWGazWVarm4KC/OTl5dHY5QAAAACnjEYJsPLyCpWcvE9dunRVVFQUoccprqKiQunp6Vq+fLm6dElUeHhoY5cEg9iwYasSE9s2dhk4SlyvE89ut6ukpEwpKWmKiAiWtzchFgAAAHA0GiXA2r8/U926dVfTpk0b4/A4zjw9PRUfHy+z2awtWzYTYAFAAywWiwID/WUySZmZ2QRYAAAAwFFqlDWwysoqFB0d3RiHxgkUHR2tkpLSxi4DAAzP19dHNltVY5cBAAAAnDIaJcCy2+2yWq2NcWicQFarlfXMAOAouLm5yel0NnYZAAAAwCmDbyEEAAAAAACAoRFgAQAAAAAAwNAIsAAAAAAAAGBoBFgAAAAAAAAwNAIsAAAAAAAAGBoBFgAAAAAAAAyNAAsAAAAAAACGRoBlYA9+t0vXzNzc4Ouz1mWqw8srTmJFaGwTF2dq7DepjV3G/xuFFdUKeX6z9hdXNdhm0Ie79dG6/JNYFY5Wr6lJ+mZboSRp4e5idXhjRyNXBAAAAOBYWRq7gJPBZndo0uIUzVybod255QrwsqhztJ/Gn9VEF7YJ+df9l9iq5ffoEiU/1EfNgj2PQ8U1hrUPVYmt+rj1d7pYs79ck5dla0VqmcqqnGrib9WQ1n66tWeIQryN+ZY+5/3dGtMtWCMSA/9VPxe28lNppeM4VXX6umTmHv2WUqrVYxMUF2g9oce6/YwQtQ71OKHHOF1dPmuvFiWX6L+DY3R1p4O/G9uybeo7LUk+7ial3NvuuByrdaiHHukfflz6AgAAAHDyGfPT/nFkdzh14bT1Si2s0CsXt1KvuABZ3ExasitfU5enHZcA60Tp3TSgsUswnIW7i3XtF/s0qkuwHhsQrlh/d6UVVWnWpgL9klyqy9qfvmNWVe1Ujxjvxi7D8JLzK7V0b6kCPd00Y12eHh0Q0WDbqmqnrG6mf3W8oW1O3/fcyZAQ4qEZ6/JqBVgz1uWrdYi7Ug8z8+2fivV314hE9+PWHwAAAICT67QPsD5enaE/9hZqy329FH/I7KjhHcI0rH2Ya3vWukw9u3CP9uZXKD7YS08NitfwDjWvf7UpWxPmJem6bpH6ZnOO8surdHbLYL39n9aymE065921kqQBb6+Rxc2ksb1jNKF/nEps1Xrkh136elOOim129W4WoCmXtFbToJo6Ok9eqcFtQ7RqX5HSiyplMklvXdpaZ8XXfJB78LtdSi2o0Mcj20uS/thbqNu+3K6k3HIlRvnWCd+ySio1/uudWpSUL5NJOj8hWJOHJijYoLOS/imnU5rwQ7pGJAbqufMiXc8nhHro8QERcjprtrNL7XpkQYaW7i2VySQNbOarZ86NVJCXmySp/3u7NKytvxYnl2r1/nK1DHbX1GExWpterhd+zVFBhV1XdAjQi4OiZfor29iTX6nHFmVoVVqZ3EwmXdTaX08MiJC3u1mFFdVq/uo2vTgoSrM3FajI5lCUr0VvXRyjKD+rHv45Q1uzK/TU4gy9sixbHcM99f6lTTT1z1xNX52v9JIq+Xu46dJ2AXq0f7grUOn/3i6d3dxHq/dXKKvErof6hWl9ZoX2F1XpnaGxR3WuU//M1dsrc1VQUS0Pi0mXtw/U0+ccHLvT0Yx1eWod6qGRiYGasjJXD/YLl8VcM6bztxfp8UUZurRdoH5KKpa31azvr4tXcn6lHl+YoT/3l6vC7lC7ME/NuqKpq88/Uso0eVm2Ugor1T3a23VtpZpbCK/tFKRrOwdp1Jf7FONv1bPnHhzjmRsK9MrvWfpzbILsDqde/j3b9T5JjPDUc+dFqW1YzQyuJcmlevKXDO0tqJLZVDNraP618Sdx9E6+C1r5atbGQm3NtqltmIdsdoc+31yge/qE6fmlma52Tqc0fU2upq3OV3pxlVoEe2jiORHqG+cjSaqsduqJRRn6ckuhLGaTbupW++/jwt3Fumt+ujbdkSCpZqyfWZKpXXmVsphN6hPnrRfOi1Kk3+nx9xIAAAA43Zz2a2B9ty1X/ZsH1gqvDjgQTizela8bPtuqly9qpbyJ/fT0+c115cebtCKlyNV2V265gr2t+nN8D228t5eW7SnQR6szJEkLb+lS08+4rkp6sLcm9I+TJF03a4t25ZZrxZ3dlf7EWeoY6atLPtggh/NgDV9tytbMkR20acIZmtA/rsE1r/LK7Bo8bb1G94xW/sR++u/wBE35vfZaSFd8tEnlVdXadn8vbZpwhjKKK3Xtpw2voXWq2ZFboZTCKo3oGFTv6weu541fpaq8yqHlN7fUb2NaKKvUrnHf1h6rT9bn65lzIpQ0vrXah3vq6i/2aVlKmZbc2FwLb2ihuVuL9MPOYklSaaVDw2buUbswT60dl6ClY1poZ65NExdn1upzZWqZ5l8Tr+U3t1SMv1VPL86SJD13XqTahnnqiQGR+nNsK71/aRNJUriPVZ9eEac997TVnKua6rsdRZq+Jq9Wn99uL9bUobFafktLDWtbd6bP4c41Kdemp37J0mdXNFXyPW21emyCLqmnj9NJVbVTn24s0NWdAnVFh0DllVW7ruMBewqq5Odu1pIbW+j76+JVbHNo6Cd71DTQXStvaaWd49vo8YEROnRi1swNBfrsyjhtvqO1rG4m17X9u6sTA/X5pkJVVR/8Jf90Q4FGJAbJZJJe+T1bc7cW6vMrm2rLHQnqHuOt/8zao2JbzW2ht85L1c3dQ7T7njbadldrPTrg9L/lzWI2a0RioGasq3nvf7u9WO3CPdQ8qPZsqf+tztXbq/L0v2Gx2n1PW93bN0xXf56itKKaWVov/5atpXtLteiGFlo9rpX2F1cqOb+yweNa3aQXBkVp+12tteKWlrI7nLrvx/0n7kQBAAAA/CunfYCVXVqpmIDDr08zfWW6RnSJ0Pmtg2UxmzS0faiGtgvV9JUHP8wEelp0e9+aWS/e7madmxCslYcEXH+XWmjT3E3ZevvSNorwc5e7m0nPXNBcO3PKtSmjxNXu5l4xCvOtmckxtH2YUgpsyiyu+6Fr7qYsRfq56/a+sXIzm9Q1xk+je0a7Xt+dW64luwv0+vAEBXpZFOJt1SsXt9J323KVXtTwh7hTSU5ZzXpgUYeZIbEnv1K/p5Tq+UGRCvB0U7CXRU+fE6mfd5Uoo9juand952AlRnrJy2rWlR0ClZxfqafPqdmnRbC7BsT7am16uSRp/o4iWd1MeqhfuLysZgV7WfRI/wh9vrmw1rHv6BXqmj11YYKf1uwvP+z5DG/rr/ggd5lMNbPIRncN1q97S2u1uSYxqMEZIUc6V6ubWU6nUxsyK1Rkq5aPu1ldo70OW9Opbv6OYhWUO3RF+0CF+Vg0qKWfPlhbe4F1H3eTbjsj5JB9iuRmMmniOZHy8zDLYjbpjFhvebsf/PP4UL+a21X9Pdx0TafABq/t2c19ZXWTftpVE5ol51dqRWqpRnSsmVU5c0PNzKKWIR7ysJj14Fk1szx/Sqpp7+5m0s48m/YXV8liNql3E5/jNzgGdm2nIH2xuVAVdodmrMvXdZ2C67SZ+mee7j8zTB0iPGU2SYMT/NQz1lvzd9T8Hf50Y4Hu7ROmGH+rPC1mPTEwUoe7O7RPnI+6RXvJ6mZSkJeb7j8zrM7vHwAAAADjOO3vlQjzcVdaoe2wbfYVVujcVrU/MLUI9daG/QeDphCf2gtBe1ndlFta0WCfyXnlMkk6b+raWs97u5uVXlSpxKia7dBD+vWy1nxgLrZVK8Kvdn+phTa1DK0dPrQMObi9r9Ami9mkuMCDM81a/NV+X0GFovxP/bVfQr1rbotLL7Yrxr/+hbnT/vrgH3vI+TYLqmm7v7jKFQYdGgr5uJvl425SgKeb6zlvq0klfy2WnlJYpazSKvWamuR63eF0ymySSmwHF1QP8T64v6fl4P4N+SmpRFNWZmtPfs0MkrIqR51ZJ4cL6450rl2jvfS/YbGatjpP9/yQprahnrq3b7gGtfQ9bF2nsg/X5WlQSz+F+tSM2zWdgjTy873aW1Clpn8t5h7mbZGb+WCysa+wUvHBVpkPE3ZE+9d+vzR0bd3MJl3ZMVAzNxRoSIK/Pt1QoH7NfBXjb5XTKaWXVCn+kGvsZjYp1t/qmkX0yWVxemVZtvq/t0tBXm66tlOQ7ugVeszjcaqID3JXh3BPvbosR9uybbqotZ8WJx8Mk5xOKaWgUs8tydbkZTmu50tsDnWJ8pLTKWX8bWx93M0K92l4Af8duTY9tyRLm7IqZLM75XRKJZUO2ewOeVhO+/+3AwAAAJxyTvsAa3CbEN365Xbtza9wrT11gNNZc9tZkwBPJefVnlGxO7dcTQKP7pvFzKa6n3wPHGvprd1cM6z+jdgAD83bUnsmVcYhM7WaBHjI7nAqtdCm2L9mnO3OrTmnJoHH75sRG1NCiKfiAqz6bFOBusfUnUnkdEoxflbZHU7tL65S9F9rFO0tqBmnA9v/VKy/VU383fX7TS3rfb2w4sjfFGmSs9Z2Tqld185J0Uf/idO5LXxlNknvrMrVl1tqz+qq563lcjTnOqS1v4a09pfN7tCnGwt0/Zcp2nFXG/l5nH4f0HfnVWrpnlL5uJvV9r/bJUlOOeVUzbpYj/21mLvpb4PaJMBdyesL5XDqsCHW0RrRMVBnTduljGK7PttUoCcGHjiuFOVr1d6CSp0RW7MYv8MppRZVuQLZduGeem94Ezmd0sq0Ml3x2V51iPDUwPjTN3Q84PouwRrz1T6N6xlSJ0AymaTYAKueHBje4KL5kb5WZZUe/F20O5zKq2h4EfibvkrVoJZ+evviGHlZzdqYWaEB03f97TcVAAAAgFGcfp9i/+aabpHq1TRA5/9vneZtyVF2SZXyy+36enOOLv1wgyRpVI8ofbo2Uwt35qva4dS8LTn6enO2bugRfYTea3i7m+Xv4abt2WWu5+ICPTWsfajGfL5V+wpqZoDll9s1e32W7I5//hFpeIcw7cwp04KdNevE5JRWadohtzg2D/FSv/hA3fPNThVW2JVXZteEb5N0YeuQ02L2lVTzIfblC6L0yfp8Pb4wUztybSqrdGhHTs16VHO2FKpZkLv6NPHRowsyVGSrVn55tR5fmKVzm/sd8+LMQxL8VVLp0ItLs1Vsc8jplFKLKvXj39ZWOpxIP6uS8g7OBCytcsrhdKpjhIfMJimv3K6P1uUfpoe6jnSuSbk2LU4uUcVfM0pCvS0ySYe9repUNmNdnpoGWrXi5lZaPLqFFo9uoSWjW+q+vmGauaGg1rpUhxqS4C+7w6mnfslUsc0hu8OplallKjvCDLqGtArxUOcoT9313X6VVDo0JOHgdMoRiYF6dVmOkvMrZbM79NLSLDmd0qCWfqqsdmr2pgIVVlTLZKqZKWYxm+R2uBTzNDIkwU9zRjTV+N71zzi7uXuInl2SpfUZ5XI6pfIqh37bW6q9BTUh1VUdA/X2yhzZ7DXXbdrqPJVWNvy3tqCiWm1CPeRlNcvucOrtlbnH/6QAAAAAHDen/Qwsi9mk78d00kuLU3TfvCTtzitXgKdFnaP9dHe/msW0z24ZpKmXtdGdX23XvkKbmgV5aubVHdSrqf9RH+fFIS01evYWlVU6NL5fEz1xXrxmjGiviT8na8Dbq5VVUqUQb6v6twjUfzqGHbnDvwnxtmr+jZ01/usdesItWYFeFl3dJUJzNma72nx2bQfd/c1OJbz4h0wyaVBCsCYPbfWPj2Vk5zT307xr4vXKsmwNnpGscrtTTQKsGpzgp4HxNesFTRseq0cXZqjnuztlkkkD43319DkRx3xMPw+zvh7ZTBMXZ6rX1J0qrXQo2s+iEYlBOr+V35E7UM36WHfN36/31+Src5SnvhzRTI8PiNCwmXsU4mVRoJdZF7by+8dr8BzuXG3VTj33a5Z25tpkNpkUF2DVB5fG1Vrb6XRR+dfi7RP6htcJKsf2DNFbq3L0/c6iesMgPw+zvhrZVE/8kqlub++U3eFU+3BPzbw87pjrGZkYpLu/368buwbXmk10b98wVTucumTmXhXZqpUY6akvrmoqPw9zzbfvbSrUowsyVeVwKMjLTXf2ClW/Zv8/1sGyupnUv1nDM81u6R4iT4tJt89L077CKnlZzeoc5alnz6m5H3tC31A9vihTA6fvUpSfu85o4qWWwQ2H95MvjNJjCzI09c9cubuZdUk7f322qeC4nxcAAACA48O0Z8+2k37HxLJlazRixIiTfVicBJ9++qnOP//sxi4DBrFhw1YlJrZt7DJwlLheJ9eGDVsVHx/V2GUAAAAAp4TTbyoGAAAAAAAATisEWAAAAAAAADA0AiwAAAAAAAAYGgEWAAAAAAAADI0ACwAAAAAAAIZGgAUAAAAAAABDI8ACAAAAAACAoRFgAQAAAAAAwNAIsAAAAAAAAGBoBFgAAAAAAAAwNAIsAAAAAAAAGJpl2bI1jV0DTjM//riosUuAgaSnpzd2CfgHuF4nF+MNAAAAHB2T0+l0NnYRAAAAAAAAQEO4hRAAAAAAAACGRoAFAAAAAAAAQyPAAgAAAAAAgKERYAEAAAAAAMDQCLAAAAAAAABgaARYAAAAAAAAMDQCLAAAAAAAABgaARYAAAAAAAAMjQALAAAAAAAAhkaABQAAAAAAAEMjwAIAAAAAAIChEWABAAAAAADA0AiwAAAAAAAAYGgEWAAAAAAAADA0AiwAAAAAAAAYGgEWAAAAAAAADI0ACwAAAAAAAIZGgAUAAAAAAABDI8ACAAAAAACAoRFgAQAAAAAAwNBOyQDrh+25in3696Nq++B3u3TNzM0nuKJ/Z9a6THV4ecUx719hd8h03yIl5ZQfVft/Mn4nw+Hq+Wxdpnq98afyy+0nuSoAAAAAAGAUhgiwlu8tkum+RSo4ypCiXYSPnrmg+VG1HdY+VNd3j/o35R2T35ILZbpvtfbvhAAAIABJREFUkUbP3nrCj2U1m/TG8ASF+VqPqv0/Gb/ur63SB6vS/015x1zP4l35enf5fv10UxcFeVlOaA0AAAAAAMC4TslUIC7QU6N6HF0o1btpwAmupn5Tl6cp2Muiz9Zl6tWhrRTgeeKG2s1s0u19Y4+6/T8Zv6NRVe2U1c10zPs3VM+AFkEa0CLo35QGAAAAAABOA4YMsMZ/vVP7i2zytJi1Ib1EJZXVuqdfE93apyak+WF7rsbM3qbUx/pKkhxO6e1lqXprWapSCmwK9rbo0XPjddMZ0Xrwu11KLajQxyPbS5KySio1/uudWpSUL5NJOj8hWJOHJijYu/6h2L9/v6Kjo+V0OpWZmanIyMgj1p9fbtfnG7L03hVtdedX2/XR6oxaAdMfewt125fblZRbrsQoX13YJqTW/p0nr9TlncL18448rUgpUuswb828ur1W7SvSEz8mK7+8Std0jdSbl7SWyVRzC6HXQ4u184Heahnq9Y/Hb+HOfN03b6eS8ypkNtXMiFp6WzeN/3qnNmWU6IHvkvTMwj3qEu2rz6/rqM6TV+r81sFakVKkzOJKTTy/uXo3C9BNn2/Vn/uKVVntUIdIX00e2kpnxPm7zmvhznw9/uNubckslcVs0qUdw/TuZW3q1FNV7dTTC5L10eoMFVbY1TXGT68NS1CHSB/X+AxuG6JV+4qUXlQpk0l669LWOis+8MhvLgAAAAAAcMoxZIAlSd9uydHS27qpe6yfdmSXqfPklRqUEKKWoV512r6+dJ9e/TVFs6/tqJ5x/soprVRKga3efq/4aJOCvCzadn8vVTuduvqTzbr2082af2Onetu/9NJLOvfcczV48GCNHTtWzz//vNq2bXvY2j/8M12+7m66LDFcK1IKNXV5mivAyiuza/C09Xr6guYa1ztG69NLdNF76xXsXfv2v+kr9+uL6zqqTbiPbvlim4a+v0H9mwdq3T09lV1apd5vrNL5rUM0tH3ovx6/az/drOcubKFRPaJkdzj1x95CSdJrw1rpt+QC3d43ts4MqTkbs7X01m6K8neXJKUUVOiWXjH64rpgWd3MevGXvbrkgw3a9VAfeVnN+jO1WEPeW6fpV7bTZYnhslc7tXJfYb21P7MgWbPWZerHmzqraZCnnl6wR+dNXavt9/eWv6ebJOmrTdlaMq6bwnyt+vDPdF0zc7P2PtL3sNcFAAAAAACcmgyxBlZ9zm8drO6xfpKkhDBvtQrz1urUonrbvvH7Pj0xKF69mvrLbJLCfd1d+x5qd265luwu0OvDExToZVGIt1WvXNxK323LVXpRZb19P/nkk5o7d66mTp2qF154QQ8//LCWLFly2Nr/tzxNV3eNlLubSTf2jNbGjFJXKDR3U5Yi/dx1e99YuZlN6hrjp9E9o+v0cUuvGHWJ8ZOX1azru0dpV265Xrm4lQK9LGoV6qXzEmpmIB2P8fOwmLUtu0yphTZZzKajmsk0pme0K7ySam4DHN4hTD7ubnJ3M+mxc5uptLJaW7NKJUlvLUvV5Z0iNLJLhNzdTPJ2Nzd4e+D7q9L16LnxSgjzlofFrKcGxUuS5m/NcbW5uVeMa82voe3DlFJgU2Zx/dcQAAAAAACc2gwbYIX61J6R5GU1q9hWXaed0yml5FcoIcz7iH3u+yugiQv0dD3X4q8ZSfsKKurdJzAwUBMmTNAnn3wiX19fXXnllXr99dcbPMbS5AJtySrT6J41M5YSo3zVPdZP7/6RJklKLbTVmQXVMqTurKjoAA/Xzz7ubvJxNyvwkIXMfdzrH48Djnb8JOmbGxKVnFeuzpNXKOHFPzRpcUqD/R4Qc0h9klRsq9btc3eozUvL1eSZ39Xs2WUqraxWdkmVJGlP3tFdI6dTSiuyqcUhY+JmNqlpkGeta3To+XlZza4aAAAAAADA6cewtxAeLZNJigvy1M7s8iPOHGoS4CG7w6nUQpti/wpgdueW17x2SKh1qGXLlumll17SlClTtGDBAi1atEhTp05t8BgHgqpBU9e5niu22bU5o1SvDUtQbICH5m2pPVMoo5FnDnWM8tVn13SQ0ykt21uoC6etU6doXw1KCJa5gbXZTX97/rEfdmtnTpl+u62bK1wKeuxXOeWUJDUL9tTO7LIj1mIySTH+HkrOK1ffZjUL8Duc0t78igavEQAAAAAAOL0ZdgbWP3Fbn1hN/DlZK1OK5HRK2SVVWp1aXKdd8xAv9YsP1D3f7FRhhV15ZXZN+DZJF7YOqXU73KF+/vlnTZkyRe3atdPGjRs1depUhYbWv+5UXpldczZma8olCVp3T0/Xv63395Kn1ayPVmdoeIcw7cwp04KdeZKknNIqTVu5//gNxj9UWe3Ux2syVFBul8kkRfi6y2I2yfJXchXl76HtRxE85ZdXqVmQpyu8end5mgoq7K7Xx/WO0ez1mZq1LlOV1U6VVTq0ZHdBvX2N6hGl5xbu0a7cctnsDj310245ndKQtvWPOwAAAAAAOL2d8jOwJOnufnFyM5t0/awt2ldYoRBvqx47N17d6lkH67NrO+jub3Yq4cU/ZJJJgxKCNXloqwb7fuyxx2Q21+R8kyZNcv1cnw//TFegl0VjzoiRu1vtKUpje8fo3eVpuuPMWM2/sbPGf71DT7glK9DLoqu7RGjOxuxjPPt/x+l06uPVGbr7652qcjgU7G3VAwOb6uyWNetT3T+wqcbM3qp3/khT9yZ++vnmLvX288R58bp+1hZ1fXWlfNzddFG7UMUFHrzNsEcTf319Qyc9/uNu3fLFNnlYzPpPx3D1b1531tyj58ar2uHUOe+sVWGFXV1i/PTTzZ1dC7gDAAAAAID/X0xOp9PZ2EUAAAAAAAAADTktbiEEAAAAAADA6YsACwAAAAAAAIZGgAUAAAAAAABDI8ACAAAAAACAoRFgAQAAAAAAwNAIsAAAAAAAAGBoBFgAAAAAAAAwNAIsAAAAAAAAGBoBFgAAAAAAAAyNAAsAAAAAAACGRoAFAAAAAAAAQyPAAgAAAAAAgKERYAEAAAAAAMDQCLAAAAAAAABgaARYAAAAAAAAMDQCLAAAAAAAABgaARYAAAAAAAAMjQALAAAAAAAAhkaABQAAAAAAAEMjwAIAAAAAAIChWRq7AEnasH+5ftr2uXJK0+t9PSYgXu0iu8nPM/AkVwYAAAAAAPD/k6fFWzEB8QrxiWjsUowRYB0uvJKkfq0uUrPgVnIzG6JcAAAAAACA015ZVbHSCpIJsA44XHglSS1C256kSgAAAAAAACBJ3lY/VdjLGrsMSayBBQAAAAAAAIMjwAIAAAAAAIChEWABAAAAAADA0AiwAAAAAAAAYGgEWAAAAAAAADA0AiwAAAAAAAAYGgEWAAAAAAAADI0ACwAAAAAAAIZGgAUAAAAAAABDI8ACAAAAAACAoRFgAQAAAAAAwNAIsAAAAAAAAGBoBFgAAAAAAAAwNAIsAAAAAAAAGBoBFgAAAAAAAAyNAAsAAAAAAACGRoAFAAAAAAAAQ/t/H2BlFO87rv3ZqirUf0xHpWamSJLemfOqnvnfg8fc34qNS/Wf+849XuXV6+WPJuq1T549occ4XsY9O1Lzls5p7DIM5VS6fsfDkX4ncguz1X9MRxUW55/EqgAAAAAAJ5KlsQtoTF9tfF/r9v+hYR1GqUtMn6PaZ/Ou9br1+WvqPN+hZRdNeXBGnefP7DxQ5RVlx1xjs+gWunH47ce8f2PatGudPvlumrbs3qgKW7niY1pq1NBx6tXxrMYu7YRZtn6JXpv5rGa/+FNjl2IIb81+WYUl+Xpo9PEL2E7l3wkAAAAAwLH5fxtgHQivJOnrTR8oyr+JIv2aHPX+c1/5RT7evq5ts6n+yWwdWnT+V3VGhERrcN/h/6qPxpKek6ru7fpo7H/ulq+Pv75d8oUeefMuTX9yjppGxTd2eThFncq/EwAAAACAY/P/MsA6NLySpM7Rvf9ReCVJVqu7PKyeR2z3zpxXlZOXqUdvekGSNPrJ/2hg9/O1assf2pq8UU0imurxm17U1r2b9f7XU1RSWqzzeg/R+JGPyGQyacXGpXppxlOaM2mBJOmNWS8oJz9b7lZ37UrdoYrKcl1+3nW6ZOBVkqSsvAxNmvGUtu/ZJLvdrviYlrr1yvvUvnmiq6Zvf/1Cn3w3TcWlherTqb9MJrMsnj6u17fv3aIpn03SrtTt8vcJ0OC+l2jk4BvlZnZTlb1Sr898XkvXLpLdXilfH3+NueQOnXfGRXXO/e/PjRo6Tp8v+Ejb9mxqMMAqqyjVtLn/1W/rflF5RZnat0jU+JGPKjI0ut72a7at1LQvX9fejGQF+Abp8vOudY3F0jUL9fYXr2j4gKs084fpslVW6JKzr9IV512nFz94XGu2rlBESIweGv202sZ3lCQ5nU59tfgzfbnoU+XmZyk2Ik63XnGfOrfufsTxT8vap5dnPKWC4jyNfHiwJOnBUU8rMaGbFq78Th/Nm6bMvP2KCo3WDUNv01ldz5EkpeekafJHT2tr8kZJUmhghJ4Y+6Lio1vVe85Hun5pWfs0ZfYkbd61Xm5uFvXreo7GXna3PN296u0vLStFb33+ijbvWq+qKpviY1rphbumyNfLT/lFuXpj1ktas22FTCaTerbvo1uvuF8BvgGSat7PvRLP0rY9m5VbkCOTTLrnmkeUmNBNC1bO1/zfvpTD4dDGpLWSpA8nfiWLm/WYx1hSnd+J3IIsTZrxpDYmrVOgX5CuvnBMrfOzV1fpw3nv6qc/vlVpWYlaNW2rO666X81jEuodDwAAAACA8ZyWAdYfexeoc3QfeVm967xWX3g1vOMNJ7M8fff7XD01brLiIuP1yoyn9PCUO5WY0F3vPfGFCorydesLV6tH+746s/PAevdftmGJ3njgA7Vp1kEpGXs05qnL1aNdH8VGxMnpdGhov8vUfdwrsrhZNPP76XpsynjNfP47ebp7as3WFZry2SS9NP4tdWjZRQtWfK8Xpj+iof0vlyQVlBRowuSbdeWgUXrlnneVmrVXD7x+mywWi0ZcMFo//P61tiZv1MfPfis/b3/lFmarpLToqM57d9oOlZQVq2WT1g22eW76I7LbK/XOwzPl5+Ov6V9P0aNv3aWpj31WZ5bbzpRteui/t+mxm15U7079lZKxW/e9Ok4h/qHq161mjaTM3HTlFedq5nPztS9zr257/lqt3rJCt15xr54c+7KmfzVFr3w0UdMe/1ySNGfhTH256BNNHPeqmse20rJ1i/XwG3fo/YlfKiI46ojjP+G6J/TazGc187nvXHWu3bZKL7z/uJ697TV1bdtLyzcu1RNv36v/PvCB2jdP1P++/K/CgyP1/J1vyM1s0b6MZPl6+9c7Pke6fuW2Mt398mid33eYHr/5JVVUVmji1Pv07hev6a6RD9Xpr7SiRHdNGq0B3QfpodHPyNPdS1uSN8jiVvOn4Yl3JsjPx18fPfONqh0OPfu/B/Xcew/pxbvecvWxdO0veuP+9xXoF6zvl32tZ6Y9qNkv/axzew7Rjj1b69xC+MWCT/7VGP/dk+/ep/CgSM15eaHKK8r0+Nv31Hp9xrypWrTye00a/64iQ6L04bx3de/kW/TRM9/I18uv3nEGAAAAABjLabeI+1cb39eP22brw1WvqLyqrM5rxyu8GvnQYF08/kzXv3fmvHrU+17c73IlxLWVp7unLugzTGlZ+3TbFRPk5+2vJpFN1b1tH23bs6nB/Xu076M2zTpIkuIimyk2ool2pGyWVHN71Vldz5GXh7esFnddf/FYVdjKtTd9tyTp+9/n6rxeFymxVTeZTWYN6jVEbQ+ZnfX7ukXy9fbT1YNvlNXirvjoVhpx/g2a/9uXkiSL1V2l5SVKStmuKnulQgLC1DS6xRHPubA4X0++c7+uOn+UWsTWP/MlKy9DS9cs1N3XPKbggFBZLe4ac8mdSs1MUXJaUp32Xy76VGf3HKwzu5wtN7Ob4qNb6dKzR+inFfNcbawWd910yZ3y9vRR66bt1KZZe3Vs2VmdErrLw+qpwWdeqqR922Wvrvqrz080auitatmktcwms87scrbat+yspWsWHdX41+e7377UuT0vVM8OZ8riZtGZnQeqb5cB+v63uZIkd4tV2QVZ2pueXNNnVHMFB4TW29eRrt/StYtksVh147Db5enuqUDfQN04/A79vHxevf0tXbNIZrNZt14xQb5efrK4WZTYsqs83b2UlrVP63f8qTuvekB+3v4K9A3UrVfeq+Ublyq3IMvVx9B+lynQL1iS1LfTAGXmZSivMKfB8TieY5yWlaINO9fotivvk6e7l4L8Q3T9xWP/NmZf6dohtyguspncrR4aPew2SdLyjb82WCMAAAAAwFhOqxlYGcX7XAFVRvE+fbjqFV3f4155Wb2P+8yrN+7/QN5eB9fA8vKsO9urIaFB4a6fPT285OnuJb9DZtx4enipvKK0wf0DfINqbXtYPVX210LxpRUl+t+c1/Xn1uWqsJXLbDar3FamwuI8SVJWfpZ6J/artX9s+MHbJ7PzMhUVFiuTyeR6LjosVlm5mZKkQb0uUkFRrqbMfkmpmSnq0ranxv3nbsVFNW+w3tyCLN07eay6tztDYy+7p8F2GTlpkqR7J99c+/zcPZVbkFUn+MrISdWutJ265tE1rueq7JWKDo11bQcHhMjN7Oba9vLwVkhg+CHbXnI6nSq3lcvXy6L07DRNm/tfzZj3rqtNua1cbeLbu7YPN/71ycrPVPe2vWo9Fx3WRLtTd0qSxl4xQR9+87YeefNOldnK1L/rebrlsvH1zg460vVLz05VbkGOrnn0YtdzTqdDJrNJZRWl8j7kVkOpZsxjwprUu4Zbdn6m3Mxuigg5ePtmdFjNsTLzM13jGOB3cDw83D0kSWUVZQoOqDsWTqfzuI5xdn6WvDy8awV+MeEHZ2k5nU5l52cqOvzge8LN7KbI4CjXexoAAAAAYHynVYAV6ddEwzqM0tebPpB0MMQK9A7Rtsx1rnbH47bBkKDwWqGTUUz/6k2lZqVoygMzXMHCkDv7yOl0SpLCg8KVX5Rba5+8wlzFhNcEcGHBEcrI2V/r9f05aQoPiZBU8+F/xAWjNeKC0SoqLdRbn7+iFz54XG899HG99ezPTtW9k2/SgO6DdMt/7j5s7REhNbePvfnAh64ZPYcTGRKtplHNNf7qR47Y9miYTCZFhERp7GX3aED3Qcfcx9+FB0Vo/1/h3AHpWakKD6oZ00DfQN018iHdNfIhpWXt01PvTtDM79/TzZeOr6evw1+/iJBoRYbG6MOJc4+q3sjQGH33+1w5nI46IVZYUISqHdXKystQeHCkq25Jivir9iMxm2v3eTzGuHaN4Sq3lam0okQ+njWB8qGzv0wmk8KCat7TiS27SpIcTocy8tJd72kAAAAAgPGddrcQdonpo2EdRrm2M4r3HffwSpKqqiplq6pw/aussv3rPo+H4tIiRYZEu8Krb5bMVklZsev18/sM049/fKvs/JrZJ1uTN2r11uWu1/t2PltFJQX69If3VWWv1N79uzTrx/c1uO+lkmrWc0rat13Vjmp5e/rI18u31gynQ6Wk79YdL43S2T0v0Kih41xjVe2orrd9REi0zuxytl788All5qVLkopKC7Vo1Q+yV9vrtB828Er9+Me3WrpmgezVVbJX27UrdYc27VpXp+3R+s85V2vaV//V9r1b5HQ6VVFZobXbVml/dupR7R8SGKbC4nwVlRa6nruw73AtWvmdVm9ZrmpHtZatX6Lf1v2iC//6Jr3Ff/6kzNya0DDAN0DuVg+5udWfLR/p+p3ZZaDKK0r0/jdvqbSiRE6nU5m5+7Vs/ZJ6+zuzy0BVOxx694tXVVpRInu1XRuT1qqislwx4U2UmNBNUz6bpJKyIhWWFOqtLybrjI5n1ZrFdjjB/qFKzdpX65r/2zE+VEx4nDq07KKZ30+XJFU7qjXrpw9qtbmg7zB9NP9/SstKUWWVTR9887acTqd6dayZyfbLqh/17ZLP//GxAQAAAAAnz2k1A+uALjF9JMk1E+uA47lg+yX31l5gPSIkSrNf/Om49P1vXH/xOD0//RGNmXi5PN291KdTf0X8NXtGkrq3660bho7ThFfHKtAvSBHBkRrQ/XzX64G+gXr5nnc15bNJ+nj+VPn6+OvCPsN1xaDrJEk5hZma/MkzysnPlNViVULTdppw3ZP11jJv6ZfKyc/Ux/On6eP501zP33zpXbp68Jh693n4xmc149t3NX7SaOUX5cnfN0CdE7qrf7fz6rRt06yDnrv9DU3/Zope+vBJOZ1OxUXF69ohN9fT89G57Nxr5OHuoRemP6rM3HS5u3uoTbN2uv3KB49q/4S4thrY80Jd/cgQOaqrNXHcq+rWrpfuve5Jvf7pC8rOz1BkSLQev+lFtW/RSZK0bc8mTZk9SSVlxfL08FKvDmdq5AWj6+3/SNfP18tPr06YrqlzXtO1jwxVha1coUERurDvUPXp1L9Of75efnr13ml6+/OXNeLBC1XtqFbz2AS9cOebkqQnb5mkN2dN0tWPXCyTyaQe7Xrr9ivvP+rxHNT7Ii1dt0jDxveT0+nQ3MmL//UY/92Tt0zSpBlP6aaJV8jXx18Dup2nX1cvcL1+3ZCb5XBU6+5Xxqi0vESt4trolXumum7RXLl5mTJy03TxXwvhAwAAAACMx+Q8cG9ZI3rw25GHff3RC9467OsNWZu2zBViNca3DQIAAAAAAJzKtqSvUc+4sxu7jNNzBtYBB2ZiZRbv0wVtrmzkagAAAAAAAHAsTusASzoYYgEAAAAAAODUdNot4g4AAAAAAIDTCwEWAAAAAAAADI0ACwAAAAAAAIZGgAUAAAAAAABDI8ACAAAAAACAoRFgAQAAAAAAwNAIsAAAAAAAAGBoBFgAAAAAAAAwNAIsAAAAAAAAGBoBFgAAAAAAAAyNAAsAAAAAAACGRoAFAAAAAAAAQyPAAgAAAAAAgKERYAEAAAAAAMDQCLAAAAAAAABgaARYAAAAAAAAMDQCLAAAAAAAABiaIQKsUJ+ow76+K2erqh32k1QNAAAAAAAAyqqK5WnxbuwyJEkmp9PpbOwiNuxfrp+2fa6c0vR6X48JiFe7yG7y8ww8yZUBAAAAAAD8/+Rp8VZMQLxCfCIauxRjBFgAAAAAAABAQwxxCyEAAAAAAADQEAIsAAAAAAAAGBoBFgAAAAAAAAyNAAsAAAAAAACGRoAFAAAAAAAAQyPAAgAAAAAAgKERYAEAAAAAAMDQCLAAAAAAAABgaARYAAAAAAAAMDQCLAAAAAAAABgaARYAAAAAAAAMjQALAAAAAAAAhmZp7AIOx+l06ruVSVq3O1MrdqQrKS1XpeW2xi4LpygfLw+1jA3VGQmR6hwfoSFntGrskgAAAAAAwFEwOZ1OZ2MXUZ8V29I0YtI3KrX4qMLdR5VWb1V6eMthtkomk+R08sjjP3o0O6rkbiuVe1W5PCtL5Vddpln3D1X3hOjGfrsDAAAAAIDDMGSANeq/P+injWnKDGklh5uhJ4nhFGaurlJEbpLOT4zV+3ec39jlAAAAAACABhgqwLI7pK4PfKY95RYV+0c2+owdHv9/PPoVpau5t0N/vnCFLKwKBwAAAACA4Rjq4/otU35Ucrmbiv0jap5wOnjk8YQ/FvtHanepWbe+/ZMAAAAAAIDxGCbAWrY1Td9vSFWJX2TNE66Qwck22yd8u9g/QvPXpmjF9v0CAAAAAADGYogAy+l06tqXv1FmUHNJzkNCBmejbi8Y3UFb7+mmnjG+WnxzojpHev/r/jeN7yrnc2fqwf5NJKdTbcI85XzuTDmfP0uxflZDnf/J3J41oo2cz52paZe2bLD9Ze1D5Hz+TFVM7HtC6skIbq6Rk76Rge6qBQAAAAAAMkiA9d3KJBW5edcs2F4rXDjyY5coH5U81Vc394g86v2u7xoh5/Nnyfn8Wcp4pFfNukd/axfrZ5WjOEcX3fuynjs3WiXZ6dqQlPKP66vzWF5U81iYXrNZmK8VW3ZrxebdspWV/Pv+T9DjvOvby/n8WXpzaIsT0v/ObVu1Ystu7dqxreF2xVk1PzuqT8h5OtysKjZ56oc/dwkAAAAAABiHIb7ib8WOdFVavY4pdHCrKJSPu1nupdlHvd+YTgGuY0f4WnVx6yDN3ZJXq11qdr4GPfat1KK3zr33dcnsJrU95x/XV+/jAU6n9hZWqte979Rstz1HcrfWu5+7m0mV1Y0YYhXnSAqWCjNOSP+PzV2jx96fJwXHSU0SG2in2k5AHTart1YnZejCHi0FAAAAAACMwRAB1ppdmaq0eEly1oQUJv3t8cC3xv39eR0SPjiOav/WoV46M6FmkfhVW5PVo228xnQJ0tzNua72s0a205WdwvTlph4qrazWoITzZZI05Y80TVywVzJJPWP9NGV4KzUP9pK/p5tKbNVamVqsCfN2aWNmqeSUfNzNen1oKw1vH6qqaode/nXfwZN21vynTWy4tr72kiSpyXPLlVpoU8ZjfRTha9XEhXs1oHmgesX5a8zsrfpofXad8wv0sOjBgXEa3j5UTYM8VGKr1rdbczX68+2SSWoX5q1nLojXGU385e/ppqSccr29fL+mrUyXQ1KbUG9tndBDkjT+2ySN6hapVqHe2pBeolGfb9OO7HJtuqeH2kd4S5Juu6CrbrtAyi2zK3Ti77KYTBrbK1o39YxSixAv5ZRWaf62XD3yQ7IKbHbJKdf5TFqyT11j/NQj1k/ZpVUa/22S5m3NlUwmzXrwal3ZKUzvrcrQmDnbJac0KCFILw9poVahXvpjb5G+X5N0yPjVXM9gT4ueOK+ZhrQJUbS/u/YV2PT1lhw9s3Cviiqrj+L9U/v1SquXViVl/Ps3NQAAAAAAOG4McQvh7v25qrR6/m1GjLOecKqB12uePKr9x3QJliRt25uuxz9ZIEndbhurAAAgAElEQVQ6v32UYgPcD7b/61a1SzuEyq+qQPN+XalwX6ueOq+Z+jT1l5xORVvLZS4v1AfzftFT781V0t5UDWoVpK+ubSuLqaaeN4e20I09IuXt5tAvK9drbPdQtYkLr11vRfHBU7CV1jxWlUuSHju7qcxl+Zq9YLnyMvbVOT+rSVpySyc9MKCJon3Mmr1guRYsX6e2/tWSnEoI8dTKO7rqkvahSklN05eLVqhtmKfevTRBz18QX+f4D/WL1g9LV2h/VrZ6N/XXmxfFS5I++nahkvdnS5LWJ+3T67N/0jtzfpKcTr05rKXeGNZSYR7VmvzpfO3cvUe39o7Wgps6yu3AlKm/zmf8mTHaunWrVm3+P/buOzyKav/j+Hs3PaRCAgGSUEMNTSJSldC8ItJsIMWGqAiINPGKXKxXELAhIl4EK3AFqXp/ioLSDCDSW0IJSUBKgPS62f39sWTJpkDAQBb4vJ5nns3unDll5uxk97tnzkRTp5I7Xz5UD08Xo/X45F8emGId4VW3kjurHgunSVAF9h2O59zJBN7se5vd8XY1wrpnmjGyXXWMOel88+NGvIw5jLsrhB+fbIKRUvafAutzXDyIiU9ERERERERERByHQ4zAAuyDCbYRMYZin28Ydhvtavrabf7h4A58WOC5YfzaItu7OBkZHFENgIW/bufnxAokJqUS4OfN480r8vpvf2G7Ox2wPfoYfd74Clzd6dgsjDrVK3N7AGw6Bv/351GWffcd+FTB3dOT//4ezcHPJlA7oAJ1K7px9FwWg1pWBeCFDxfxyYYjBDp9R/yC13FyLRA3LFBe4effrt3Cw+8sBncvqFQTKoXatefuMH+aVvMCIHLkO2w7awFzHi6mTGj8D55uGUAFVycOHz9NuzGzMLv7sOtwPNOee5gRbavxyk9H7cobOvVzVsSks/fIcb58aTC3B3uDxcyUtbF0CK9FrWqBbNh3jFHf7gCjM34NWjGklbWN42cv4f9is/jklz3EfDqGlsE+dK7rx0/R5235z1z8M6O//ZNgTwvxXzTEz9OVMH9ndp4uOKeV9eGxZv64OBmJP3WOO0bNxOTiyfRH2jK63922/nJ3mD+Ngy60f8z7HMt2o+XKDfzxyUu0ruFL21AfNsQmX7Y/FXkuIiIiIiIiIg7FIQJYYcEBHE3MJMvJxfrCZeYq+nFdFLEHfQCo6FOBe9o0Zev+o0THFbr0q9B2PRv4U9nXeincwh2nMXmHsGTddp7ueSdP3F6VN349ceHKPmv6nbGnoGEnAJIzsgHwNuSAxULD+mFMG3cvrWv4WkcRFVDFJZccbxecjAYAtqdVgHp3ciYnk/jT56gbXNm+fkXqa31Yve8vaHJPie2p4ZYFQGZ2Dttc60NYAAC55jwAQj1MAOyPO405/B4wGNiTZp1E3sPVmQB3+3rvNFWGmhVJ9si1ttXD1bqiejjkHxtXD6hlveSwegWDrY1f/vNxCgvzzOWnAu3ZecYEte8gmSxbGm9DdrH7Ib/ue2L/whT+DzAY+fN0ul2yUFdrPmkZWRwLuB3cvdiTde7ierfsYvfbpR5dczMJCwko0hYRERERERERKT8OEcBqFRbEr38lkOXuU2AkTMmPr/9vP2RYR9ZE1KjEPW2a8sWa7cxcvediurD2RbYbclslW5kH3n3Mrg41A33oUtef1TEXAyB5Rhfb9rYQy4Xg0LyH6tMs2I9l67Yzc/FqKni4snzKKAAMeTmcOJOB2WzBaDRQM7gqWw5m4uFZgaBKF0aOXWJi93xZLt6X3A/HTlovdfNwc+W2ejX584T1LoYuzs7k5pmJO3UWgAY1qmI0nMYMNK5ZHbAGvRKTU/HxdbnYXjcfyLRgMTrb18dgwJRnHZlkxGB7/fjpc+TlmXFyMjJu5kJ2xMTZNnN2MnKQKuBU/WL+FybqtzhdLJM8E+BEYfEX6l6zWiAYToPFQq3qQXb1ym+fl6c7oVUqEpecY2sfQPzps2DxvGx/KvjomptJ63ohReojIiIiIiIiIuXHIQJYzWtXwX3NIVIsZsBQaG6iYp4HX7hLHRaoeOGSL69ACGtnXZ+vwPYhvm50a2y9fHDz3sOcPJdsS9auSRgBft4MaWEfwLqYT9Egk1NuJuAHru74NWzNoNa17NZnGd356seNDL6nPdP6NqXm73/RsbYfXh5uhepXkBn7ackuzDJewv748eBZdh2Kp2ndENY+05xlexMxGgzU8nen/aw/mbNmD8/8I4K61SqxflhLYhIzeLiZdfTXR9+tIafI4S85qHbsdBIAfVrXI887iT0n0/hkw1Hmfb+eIT3vYmT/Hny1OZacPDN1Ar25J7wazaespcBgq5IVU97nG6IZ16ctDUMq88XDZqLPZDDurmC7ZD8eSGR/7Aka1qzG2qdbsOZwEvfU9wdgy74jbIxNAR/Py/enAs/dTZm0qFOlFJUWERERERERkevFISZxv/eOMLzNmRjzTAUm1L4Q3CkyAXeh9baxUSWsv/D88RaVMBoNJKdl0G3iXHpPWULvqd/Re8oS3vjyBwB6twgmwLPQaKD8/C6+AFgYMv0b/jwYy90t6vJ6r6b8vHmn/XYGA8M/X8+8Veuo4AzDW1dhy/adHDh2ovh625VXTPnFtD/XO4i7xnzElK++5+SZczzUJJB7wnyIjokBi5mDeQHc8dTrLFu3jVo+Bh4ID+DgsRMMm/Y5E5buBKNTqct/94ftbNodg5+nG8PbBdMnzBOcXRn2+QZGzPiSc0lJjOhUn9FdGnBbdS8W/rSJ85l5JbfH9txS7PNokz89X3yfPUcS6NO4Il1ruPLeoh/t8snxDuLOFz5g5uKfISeDgS0qk5meyvQF/+Pul/+D2bvy5ftPgfVOebn4ks0/IuoiIiIiIiIiIo7DYLEUHv5SPv6IPkGvKd9zwr/W5RMXlHYWdn0PtVpB1QYlp4vfaV2cXeG2vtbHfCf2Q+xWMBgh4gE4ugUSY6FyGNRtY02z63trWaHNrSPAUs/Akc2QmQJuFSCovnU7gMbdwDcITDkQ+weciwcnZ6hc15pvZjLUuM06t1RmMmxfbt2u5f3WvLZ+a71zX1h7CKx96fabcuD4HjgXZ72LodEZKoZA3bbW9RnnIW4HpCVCXi64+0CVMOtiMBZf/rkEOLDGemldm0HWdVlpELMe0s9ZL6P0qwaNulj/PhUDpw9BVgpgAFdPa/tr3GadO6twe/JyYfMCa77h/wCfyhC9rug+P38cjm2D7DSoUAl8qkDCLmvgrfUAa5rcLOtxTToOOZnWsiuGWI9RwWNcCtXOH2HVSz1pUTfo8olFRERERERE5LpxmAAWwJCZP/LtnrOkeFUu9ZxFetRjWTx6p52if9PKfDKsa3m/DURERERERESkEIcKYAG0GL+QwylmUisElndV5Bbhk3aG+hVd2PLvB8u7KiIiIiIiIiJSDIcLYAE8+eGP/G/HMU75BGM2ONvmMtejHsvy0cmcS5WU49xzW03+M7wbIiIiIiIiIuKYHDKABbD54AkeeWcFKRYXcpzdrYuLO2Zj/p3z8qMRJdF6rbdfbzSbcM3NwtVkXXzIYdGE3kSEVb1EPiIiIiIiIiJS3hw2gAVgsVhYsfkQmw4cZ9fRM8T+dZaMzOzyrpbcoDw93KhZtRJNawXSrmF1et4RVt5VEhEREREREZFScOgAloiIiIiIiIiIiLG8KyAiIiIiIiIiInIpCmCJiIiIiIiIiIhDUwBLREREREREREQcmgJYIiIiIiIiIiLi0BTAEhERERERERERh6YAloiIiIiIiIiIODQFsERERERERERExKEpgCUiIiIiIiIiIg5NASwREREREREREXFoCmCJiIiIiIiIiIhDUwBLREREREREREQcmgJYIiIiIiIiIiLi0BTAEhERERERERERh6YAloiIiIiIiIiIODQFsERERERERERExKEpgCUiIiIiIiIiIg5NASwREREREREREXFoCmCJiIiIiIiIiIhDUwBLREREREREREQcmgJYIiIiIiIiIiLi0BTAEhERERERERERh6YAloiIiIiIiIiIODQFsERERERERERExKEpgCUiIiIiIiIiIg5NASwREREREREREXFoN1wAa/LkyXTt2pVjx479rXxeeuklIiIieP3118uoZiLiSBYvXkxERAS9e/cul/J//vlnIiIiaNOmTbmU72hiY2OJiIggIiKCU6dOFZsmKSnJlmb37t3XuYaOp1u3bkRERPDDDz+UmKbw/7LS7OerKedq6HiKiIiISFlyLu8KfPPNN8yYMeOSad599106dOjAzz//zK+//sonn3xCjRo1aN++PVlZWbz99tt06dLlOtVYRMrTwYMHGTBgwCXTDBw4kGbNmhEeHk6VKlWuU81ubF9++SXvv/8+tWvX5r///W+Z5+/m5kZ4eDgArq6uZZ6/o5g2bRoLFy60PTcajQQGBtKqVSuefvppgoKCrmn5N9t+3rdvH4MHDwasQWE/P7/rsm1ZSU1NJTIyEoCJEyeWW0BdRERE5GZQ7gGsgIAA24fttLQ0YmNjAQgLC8PNzQ0Ab29vABITE/noo4+oX79++VRWRMqdh4eH7ZxhsVjYu3cvANWqVaNixYoABAUFERkZafviKOWvatWqzJ8/v7yrcd24urrSqlUrsrKy2LFjBytXrmT37t0sWrQIJyena1burbafRUREROTWUe4BrG7dutGtWzcANm3axMiRIwH497//Tc2aNW3pFi9ezLRp0wgODmb+/Pl2I64mTJgAQKdOnZg6dSqtWrXCbDbz3nvv0b59e06dOsW9995ry6dgvgUdOXKEWbNmsWfPHtLT0wkJCeGBBx6gd+/eGI033NWWIjel0NBQ2xf07Oxs2rVrB8DgwYN54IEHbOkWL17M22+/TXBwMMuWLQOs55tz584xaNAgDhw4wP79+wkICGDEiBHcddddAJhMJhYvXsyyZctISEjAx8eHZs2a8dxzzxEcHFxivaKionjvvfeIi4ujadOmtG3btkialJQUPv30U9avX09iYiJBQUH07duXhx9++JJBjS1btjBv3jwOHTpEeno61atXZ+LEiTRr1qxU9S3c7n379uHv78+YMWPo0KEDU6ZM4dtvvwWs58GIiAgAFi5cSN26dfn999+ZO3cuR44cwWg00qRJE0aNGkWNGjXs9nW1atXo0aMH33//PUlJSbRt25ZJkybh4eFBbGys7fh8//33VKlShYSEBN588012795NUFAQQ4YMKbb9GzZsYP78+Rw+fBij0UjdunV56qmnbPV0RL6+vrz33nsALF26lDfffJPY2FiOHj1KWlqara3r16/Hw8ODH374gUmTJlGxYkV++uknu7xOnjzJ8OHD+fPPP6lWrZpdfy2suP0cFRXFxx9/zNGjR8nNzaVSpUq0bNmSV1991W7b06dPM2rUKLZs2ULlypVt/QOs74slS5awdOlSEhIS8PPzo3379jz33HO2H5lKezwLys7OZsaMGfz2228kJSXh4eFBSEgII0aMIDk52fb/HbD93x83bhy9evVi5MiRHDt2jOTkZJycnKhVqxaPP/44nTt35ueffy5x2/r165dq/3/zzTcsXryYkydP4uTkRJUqVejbty+PPPLIZdt1Jd5++202btzI+fPnMZlMBAUF0aNHD1sdCx7TMWPGsHLlSuLi4ggLC2Py5Mm292FCQgJvvfUWu3btsu3/iRMnAjBv3jyaNGnCs88+y9atWxk4cCCjRo0CoHfv3iQkJDBhwgQeeOAB9uzZw5QpUzh+/Djp6em2Hw1GjRpF3bp1AcjMzGT69OmsXbsWZ2dnBg0axIoVKzhy5AjDhw/nscces9V91qxZ7N69m/T0dGrXrs3QoUOLPT+KiIiIXM4NGZVxc3OjX79+ODtb42/t27enX79+tg/aV+PYsWMMHjyYX3/9laCgIDp16sTRo0d56623mDlzZllVXUQcwLfffkuTJk2IjIwkNjaWcePGcejQIcD6ZXLatGkcP36crl274u/vz+rVqxk0aBCnT58uNr/4+HhGjRrFoUOHqF27Nj4+PsyaNcsujclkYujQoSxYsABvb28GDx6M2WxmxowZtkBHcX766SeGDRvG1q1bqV69Ot27d8fT09M2v9GV1HfBggXUqlWLRo0akZCQwCuvvEJWVhYRERE0b94csAZe+vXrR79+/fDz8+PHH39kxIgR7Nmzh+7du9OxY0fWr1/Po48+yl9//WWX/4kTJ1i3bh2dO3fGbDazevVqFixYUGy7TCYTI0eOZOvWrfj4+NCgQQOmTZtWJN3//d//MWrUKHbs2EFERARNmjRh27ZtPPPMM2zYsKHE/eYosrKyiI6Otj338vKyW28wGC6bx5w5c3B3d6d+/fpF+uvlmM1mJkyYwN69e+nVqxdPPvkkERERttHOBc2aNYusrCxbcDG/fwBMnTqVd955h6SkJAYOHEhoaCiLFy/m2WefJS8vr9THs7Bvv/2WJUuWULFiRYYOHUrv3r1xd3fn1KlThIaGcvfdd9vS9u3bl379+lG/fn1yc3OJj48nMjKSp556inbt2nHgwAFefvllYmNjL7ltQSXt//379zNjxgxSUlJ49NFH6d+/P7Vq1SIuLq5U+/1KxMTE0Lx5cx577DH69u3LqVOnmD17NsuXLy+Sdt68ebRt25bAwEB2797N1KlTgYvvpy1btuDn50d4eDjTp08vscxL9bvExEQsFgv33XcfTz31FCEhIURFRTFmzBhMJhMAU6ZMYdmyZWRnZ3PHHXewbNmyIn0qPj6ewYMHs2bNGpo2bcpDDz3EkSNHGDlyJL/++uvV7CoRERG5xZX7CKyr4eHhwdixY1m2bBkmk4kePXoUOwfWlYya+u6778jKyiI4OJjPPvsMo9FIWFgY7733HosWLeLZZ5/FxcWlLJshIuWkf//+DBs2DLCOONq7dy/Lli3j6aefZsWKFQC8+OKL9OjRg+zsbO69916SkpJYsWJFsaNKVq5ciclkokqVKsyfPx9nZ2feffddvv76a1ua33//nUOHDuHk5MSbb75p+5I/evRovv32W5599lk8PT2L5P3FF18A1kB9wUCXyWQiNTX1iur70EMPMXr0aNuo1LS0NOLi4ujcuTMnTpxgx44dVKpUibFjx9q2+fLLLwHo1auX3YiQHTt2sGTJEoYPH25L6+zszMyZM/Hz8yM5OZnly5ezb9++Yo/Btm3bbMGAWbNmUbNmTdatW8fo0aPt0n311VcA9OjRg8mTJwMwatQoNmzYwNdff0379u2Lzb+8nTlzpsgIsW7duhEUFMTJkydtr5UmgHX//fczbtw4LBYL/fr14/DhwyxbtszuOJXEbDaTlZWFwWAgMDCQBg0a0Lt3bwICAoqk7d69O5MnTyY+Pp4+ffrY+kfVqlVtoxhHjhxJ27Zt6du3L3369OHAgQNs3boVg8FQquNZWEZGBgCenp6EhIQQGhrKc889Z/uBasCAAfz4448ADBs2zDaPldlsZuXKlTg7O2MymcjJyeHgwYMcP36cP/74gwceeKDEbXfs2GErv6T9n18vFxcXgoKCqFGjBo8++igVKlS47D6/UrNmzcLNzQ2z2Ux2djYZGRmsWrWKqKgoevXqZZf25Zdf5q677qJ27dpMmjTJdgn1H3/8Ydv/H3/8MSEhIXaj2gu71OejNm3a0LFjR8A6Qq5r167cf//9HD9+nISEBKpWrcr3338PwNixY+nduzcpKSn84x//ICcnx5bPkiVLyMjIoG7durz00kuA9bLvzz//nM8//9xWhoiIiEhp3ZABrCuVl5d32TT5Xyhq1qxp+2BXp04dwPoBLikpicDAwGtXSRG5bqpXr2739969ezl58iSnT5/GbDYDF9//bm5uBAcHk5SUZBd4KCj/9Tp16ti+eDdo0MAuTf5opby8PPr27Wu3zmQy8ddff9nKLC7vFi1a2L3u7Ox8xfWtV68eYD8KKP+Lekny81iyZAlLliyxWxcfH2/3PDAw0BYkyC8jPT39kvm6urraLusuvM8Kpsu/dCn/7w0bNpR4PBxB/hxYTk5OBAQEcPvtt9OpU6cS01/q/1RYWBhgDbbUrl2bw4cPl7rtzs7OjB07lo8++ogPPvjA9nrr1q2ZPn26ba5JuNjH8ueSA2v/KNjPJk2aVKSMuLg4Wz6XO56F3X///fzxxx/8+eeftsCSl5cXkyZNuuT+SktLY+rUqWzatImUlBS7defOnbtsuYUV3v8tWrSgd+/erFq1ynaHR2dnZwYOHGgXtP27LBYLn332Gd9//z2nTp3CYrHY1hXXjsLv4fz3b/6ITFdXV0JCQgCKPZ8UJ39UVb6jR4/y3nvvsWfPHtsIvHxnz57F2dnZVs/896WPjw+VK1cmISHBljb/nHfo0KEiPzIWPneIiIiIlMYNHcDK/6JY8AMfWH/JTUtLs32ojYmJuWxe+XeGio2NxWw2YzQaOXz4MGD9Qlgedy8SkWsj/5Iui8ViOz8EBQVRuXJlDAYDFouFw4cP07BhQ3Jycmxfykq6g1z+nQ5PnDhhe+348eN2afK3dXZ2Ztq0aXYjOnNzc6latWqxeQcFBZGUlMSOHTt49NFHba+bTKYrrm9+cL64USf5c3DlByoKl3/PPffQo0cPu3WFR6MUnMfrciOL8vdZTk4O586do2LFinb7r3D5+edjwPa3I99hsuAcWIV5eHjY/k5JSSEwMPCS/6cKtv3o0aNAyX2xOPfffz99+/YlLi6O2NhYXn31VaKiooiKirKbSyu/TxY+dpUrV8ZoNGI2m3n++edtQRSwBn5q1KhhC0hc7ngWVrFiRebMmUNqaipHjhxh+fLlrFixgrlz59KpUye7PlWwb86ZM4f/+7//o2bNmrz66qt4e3szceJETp48aftMUNK2pdn/BoOBiRMnMn78eI4cOcL27duZPn068+fP57HHHityKejV+u2335g7dy5ubm5MnjyZ6tWr8+WXX/Lbb78V+WwDJb+H8/tD/vs/ODi42D6VP8ozOTkZgKSkJBITE+3SvPrqq8TExNCxY0ceeughMjMzGTNmDGA9ZxbsD4cPHyY8PJykpKQilyzn16lu3bq88MILdusKn2dERERESuOGDmAFBQVx6NAh5s+fz86dO7nzzjtp1aoVjRo1YsuWLcyZM4fo6GhWrlx52bz69OnDkiVLSEhIYMiQIYSGhtomcn3wwQd1+aDITWTJkiWcPXuWxMREjh49isFgoGfPnnh7e9OzZ0+WL1/O1KlT2bZtGzExMSQlJeHl5cV9991XbH49evTgyy+/JDY2lkmTJhEaGmq79C5fmzZtqFWrFkePHuXTTz+lQ4cOZGVlcejQIU6cOMF///vfYvMePHgw//znP1m/fj2PP/44YWFhHDlyhIceeohu3bpdVX2Lkx9Ai4+P54033sDLy4tRo0YxYMAAXnnlFdasWYOXlxcBAQGcPn2azZs3M3ToUNsdIa9UREQEwcHBJCQkMG7cODp27FjsnD+PPPIIkyZNYuXKlaSnp5Obm8v69ett625EoaGheHl5kZaWxr/+9S9CQ0NZunRpiem//fZbzpw5Q2JiIocOHbL119Lq1asXLVu2pFq1amRnZ5OdnQ1ApUqVSrV9/vti2bJlLFy4kHvuuQcXFxcSEhLYtGkT33zzTamPZ2FfffUVGzdupEGDBvj6+toCYfmjwKpUqWIL0r722msEBwczYMAAWwDEYDCQmZnJzp07i4xKK2nb0uz/vXv38vrrr9OyZUsCAgJsl+d5enri7u5eqv1W2Lx582yXYoL1PdCwYUNbO3Jzczl06BB//PHHFefdsmVLQkNDiYuL45lnnqF58+ZERUUVSdeoUSN+++03fvrpJ7y9vdmyZUuREVgFg0upqan88MMPdutdXV3p3r07q1at4p133mHr1q3s3bu3SD59+/ZlyZIlHDp0iKVLl1KvXj3Onz/Pnj17qFOnDm3atLnidoqIiMit7YacxD3fqFGjCAkJISYmhoULF9rmWhk/fjzh4eGcPn2a33//vVR3QqpZsybz58+nY8eOnDhxgp9//pkaNWowYcIERowYca2bIiLX0dChQ0lPT2f//v3UrFmTqVOn2kaVvPTSS4waNYqgoCBWr17N2bNn6dKlC59//nmJI35q1KjBjBkzqFOnDmvXrmXz5s3079/fLo2LiwuffvopAwYMICUlhc8++4zvvvuOpKSkSwaaunXrxkcffURERATx8fGsXLmSpKQkW12upr7F6dChA926dcPd3Z1ly5axaNEiAO655x7ee+89GjduzOrVq5k7dy6bNm2icePGpbpErCTOzs588MEHREREEB0dzYoVK4oNSHXv3p0ZM2bQtGlTtmzZws6dO7ntttv46KOPuPPOO6+6/PLk4eHB5MmTCQ4OZs+ePRw7doxBgwaVmP6pp54iLS2Nffv2FemvpdGoUSO2bt3KvHnzWLhwIcHBwUyYMOGKgo8TJkxg3Lhx+Pj4sGjRIr7++msOHDhAt27d8PHxKfXxLKxWrVpkZmaybNkyZs+eTWxsLJGRkbz88ssA+Pn5MWLECCpVqsSGDRtYuHAhiYmJPPXUU7Rv356//vqL999/n9zcXNullvlK2rY0+9/f359KlSqxevVq5syZw6+//krz5s2ZMWOGbfT3lTp+/Dh79uyxLXFxcURGRtK/f39cXV358MMPiYqKuqp+nb//W7VqRVJSEgcOHLCb/yp/NFq/fv1sl/P98ssvREZGUq1aNbu8XnnlFRo0aMDvv//Oxx9/TKtWrYqU9+KLL9KrVy9cXV3ZsmULffv2teWTX1aNGjX44osv6NKlC7t27WLOnDn89NNPeHl5lXgXTREREZFLMViKG6MuInIT6tatG+fOneO1116je/fu5V0dEZEyk5KSgo+Pj+35L7/8wosvvojBYGD16tVlOhVCWloanp6etqNvCgsAACAASURBVEsaExMT6dGjByaTiXfeeYfIyMgyK0tEREQk3w19CaGIiIiIwGeffcaBAwdo3rw5aWlptukTevXqVebzeG7fvp3333+fDh064OLiwk8//YTJZKJ27doOe2dQERERufEpgCUiIiJyg6tXrx7r1q3jiy++sN2NsHfv3vTu3bvMy6pcuTIeHh4sWbKEvLw8qlatyuDBg3nsscc0Z6iIiIhcM7qEUEREREREREREHNoNPYm7iIiIiIiIiIjc/BTAEhERERERERERh6YAloiIiIiIiIiIODQFsERERERERERExKE5xF0IExIS2LhxI8nJyeVdFREpZ76+vrRt25aQkJAS06Snp7N27VpSU1OvY83kVufj40NkZCSenp7Frle/vLVcrj+A+oSIiFx/BoMBb29vOnXqhIeHR3lXR6RMOcRdCNevX0+1akG4u7tjMBjKuzoiUk4sFgsmk4m4uAQ6dOhQYrpVq1bRqFF9goKCrmPt5FZ34sRfHDwYw7333lvsevXLW8vl+gOoT4iISPn466+THDgQfcn/USI3IocYgZWRkYGfnx+urq4YjbqqUeRWZTabycnJISMj45LpUlNTqVKlCg4Qf5dbSNWqQWzduq3E9eqXt5bL9QdQnxARkfIRFFSFLVv+KO9qiJQ5hwhgAbi6uuLm5qYAlsgtzGw2X0FqfSEUR6R+KYWpT4iIiIiUBYcJYBmNRoxGoy4hFLmF5Z8HSkMjGsQRqV9KYeoTIiIiImXDYQJYIiJXQl8KxRGpX0ph6hMiIiIiZUPX64mIXAe7du3Gx6ciZ8+eLdN8+/cfyNix48s0T7m1XIs+dK36u1x7OleJiIiIo9IILBG5IZXVqAaTycQnn3zKokX/JSbmEG5ubtStW4e+ffswZMgTuLq6lkk5YL082mKxlOmIjMjISPz9/TTKw0GU5XHYu3cf06e/y4YNG0lKSqJ69eq0bHkbzz8/giZNwsusHOvl+8Yyrbu/vz+DBg3C1dX1lu+bOldZ6VwlIiIif9cNGcBKSkri228Xs2/ffpKTk6lUqRKRkR3p3v0eWxqz2cyiRf9l/foNZGdn06RJEx5//FF8fX0B2LBhI2vXriU+PgEnJyfCwsLo1+8hqlWrBkBMzCFWrlzF4cOHyc7OJji4On369KZZs2bl0mYRsVcWX4JMJhMPP/wIv/8exdixY2jXrh2+vr7s2LGDjz6aRcOGDejY8a4yqO3F+pb1l8JnnhmKxWIhL8901fXKy8vD2fmG/HfgcMrq2K5d+yv9+w+kZcvbmDFjOnXr1uHcuXMsX76CiRMnsWzZkjIpByC/ymXZL4ODq/PJJ7PIycm+6nxzcnLKMChTfnSustK5SkRERP6uG/ISwpSUVHx8fBgxYjjvvjudhx9+kCVLvmPduvW2NCtWrCQqajMvvTSBGTOmYTKZmDlzlm396dOn6datG2+99QaTJ0/CaDTyzjvTbR/Wzpw5Q3h4Y/75zwlMmzaVZs2a8e6773PixInr3l4RKY7lby//+c9nrFmzlh9++J7x48fSpk0rGjasx4AB/di0aQMtWrQALHTo0JEPP5xpt+0TTwxhxIjnbc+nTp3GHXe0pWrVEMLDmzF+/ATS09MKlWlf748/nk2DBo2pVi2URx99gg8++JAWLW63rX/ppX/y8MP97bb57LN5dmkefrgfo0ePsT23WMx8+OFMWrS4naCgYFq3bsdXX31tW//777/j5xfAihUraN26HVWrhhAVFcW+fft46KF+1K3bgODgGnTu3I1169aVyX52tOXkyZP07NmXzp3vLnbp2bMvJ0+eLGH7y/n79cvOzuLZZ4dz1113snr1j/TseS8NGtSjXbs2TJ/+Dl98MR+w8P3331O9eg27baOjo/HzC+D48eOA5QqO68W6x8Udo1evvlSpUp3mzSP47rulNGrUhEWL/gtYSE5Ows8vgO3bt9vlUa9eI1uaXbt24unpzdmziXZ169fvEYKDa1CnTn0effQJWz3BQq9efRk37kWGDRtO7dr16Nv3QUr/3iqvPlEaf79+OlfdmucqLVq03LrL3/uskr+I3HxuyABWaGgIDz/8ELVr18LX15eIiAiaNGnCwYMHbWnWrFnLvfd2JyQkGF9fX/r3f5gDBw7YAlB9+/bhjjtaERAQQJUqVejTpzeJiYmcO3cOgLZt29CtW1eqV6+On58fffr0xs3NjSNHjpZLm0XEXv7ogL+zLF68hE6dImnRoim5udnk5Zkwm/MwmXIxmbLx8fHCYrFgMBhsl1jlL0ajE0ajk+25u7s7H374ATt2/Mlnn81l06YoJk9+vcAoBsuFelvr/v33P/Cvf73GpEmvsG3bVtq0acP06e9hMBhs2xgM9mVYyzUWSmO0q9u//z2VefM+Z/r0aezY8SeTJr1yYcTOClt6gI8/nsPy5Us5e/YMERERpKWl07t3H3788X9s3hzFfffdR79+A4mPTyiTfe1IS5UqlRk27OkS+9awYU9TpUrlYre9Hv3yt9/Wc/LkScaPH0t2diYmUy5mcx55eSZycrLw9s7vl8YiZeZf/pX/emmOa8E8zGYzgwY9jtlsZsOGdXz11Zd8/PEnnDt3HqPRaLdNwX5orQ+2NBcvQ7PmferUKbp370lYWD3Wr1/Hzz//hKurK/36DSA3N9fWt+fP/4L27dsTG3uE775bXKr3Vnn2idIoi/rpXHVrnqu0aNFy6y5/57NK/iJyM7ohA1iF5ebmcuTIEWrUqAFAamoq58+fp1atWrY01atXx9XVlfj4hGLzOHjwID4+PlSsWLHY9fHxCWRkZBAaGlr2DRCRK1YWHw4OHz5C/fr1ycszleoDwKVeGzXqeVq1iqBy5Uq0ahXBm2++wXffLS2Q3j5QMGvWJwwcOJCBAx8hKCiQYcOeITKyo12a4ttJkTT5zzMyMpg5cxbvv/8enTt3pEqVAO699x6GDx/OF198ZbfN66+/RuXKAWRnZ+Dq6kKrVrczcGB/ateuSbVqVRgzZhRNmoTzv//9X7l/iLsWS7duXejatXORftW1a2e6dety1R8Gy6JuR49afyipU6d2CWnMl+wjBV8rzXEtWPf16zewe/ce5s79lLp1axMe3oCPPppJVlZWiWUU91rh/j5v3hfUqVOHt956g5o1Q6lZM5RPPplFdHQMf/653bZ9+/btGTjwEUymbJydjaV6b5VnnyiNsqibzlW37rlKixYtt+5ytZ9V8heRm9ENH8CyWCzMmfMpgYEBdOoUCUBmZiYAnp4edmk9PT1t6wo6fPgIixcv4cknH8dgMBRZn5qaykcffUT37vcQGhpyDVohIleu5CHTEyf+i8DAarYlPj6u2HQX/8Ffbrl8matWraRLl26EhtbBzy+AXr16c/bsOdLT04vN4+DBg0RE3IbJlIPFYsZkyqZVq9sLlVNSucWniYmJISMjg/vu64WvbyX8/Svj61uJN954k9jYY3bbhIXVxmIx2147f/4szz//AuHhzQkIqIq3tz+bN2/h+PETJba5U6dutn3csuUdpdiPjrUMG/Y0tWtf/KGjdu1aF37tLE1fKEnJ26akJNv1y5EjR12yDLPZVMq6lNw/SndcL+YTHR1D9erVCAysiMWSh9mcR1hYbby8vAqVVVK5FPO3hV27drN582a8vf3w9w/E3z+QihUrk52dXaBvQqNGDTCZcuzyvfx76+re/2XTJ0qj5PJ0rrr256rSv++0aNGixfGWq/uskr+I3HwcfibMjRs3MXv2J7bns2fPokKFCgDk5eUxe/YnnD9/nrFjx9gm9vTwsAauMjLsg1UZGRm2dfkOHozm/fc/4IknHue2224rUn5SUhJTpkylcePG9Ov3cJm2TUSu3qV+WRo7djRPPz3U9jwoKLDY9GFhddm/f/9lf6UyGo2A/a9ZeXl5WCzWesTEHOLRR5/knXem0LdvXwICKrFp0+906dKN3NwcLBYP27YXv4gaMJvz7PI0m/Ps2mY0Guye55dbtP32v7Zt27aFxo0b27XBbDaTmZlG/mbOzk52eUyY8DJHjsSydOkS6tatg6enJ//4x722y7uKs2DBV+Tk5ALg5OR0w/3aV6GCJ+PGvcDYsS8BMG7cC1So4Pm32nGpbStUqMCff261Pff0LL6sOnXqALB//wFat76jxPzyf3Cx7x8m22sWi+UKjqs1vfWSL2t/udimPLv2XSy3cNlmu7IL/m2xWOjTpzcLFnxdpB35l0kCuLq62eVZmvdWYaV9/xfnevcJnauu/bmqtO87ERFHdC3+L4ncyBw+gNWuXVvatWtb5PWcnBw++GAmubm5jBs3Fjc3N9s6b29v/P39iY2NJSysLgAnTpwgJyeHkJBgW7pdu3Yxa9Zshg4dUmzw6vTp00yZ8g533NGKhx568Bq0TkSu1qX+cfv6euPr61MgrbnY9A8++CAvvjiBzZu3FBhRYGUymUhPT8fX15eAgEASE88V+mJ9mNtua4HFYmH79p1UrhzIY48NJi8vl4yMVLZu3XKh7OK/0Ddo0ICtW/+gX7+L55YtW7batS0gIIDNm7fYlXvo0OFi22+xWAgLC8PDw4OlS5dSo0YwxSv85dRq69ZtjBkzmrp1a2I253L+fCL79u2jYcMGJe7rypUDsJ9zyVxsOkdWu3Ytnn32Kdvff/cD4aW2NxgMBAdXK5i62PTt2rUhKKgK06e/z6JFXxUZGZyYeJaAgEoEBFQiPT2dzMxM3N3dgYv9Iz/vKzmuFouF+vXrc+LECRISEqhevToA+/btJy0tzdZnvLy8cHd35+zZs7Y8zp8/T2JiYpFLF/L/bt68GZ9++h/++isBb2/vEvZd0X1SmvdWYaV9/5fkevYJnauu/bmqtO87ERFHVdb/l0RuZDfkJYSZmZlMmzYdk8nEyJHDMRqN5Obm2n7tA+jUKZL//e//OHHiBOnp6Sxc+F8aNmxAtWrWDzFbt27lww8/YujQITRp0oTc3Fy7X+9OnDjBG2+8RevWd9CnT2/b+oK/SotIeSp5yLT1S2CebSkp3RNPDCIyMpIHHujHtGnvsnHjRnbt2s3XXy+gS5d/sGPHTsBCZORdLF++nDNnzmA25zFnzn84cOCALZ8GDepx+vQZ/vhjCxaLmX379jFr1uxC9bSv+3PPPcuCBYv48suviY2NZfbsOfz22zq7be66qwN//rmdbdu2ARZ+/z3qwl3eisvXgru7K6NHv8CMGe/z6adzOXToMHv27GHevM+ZM+c/hbax3xf169dj9erVZGdnYTLl8uqrb9huavF397OjL127dqJr106lTH85l96+4P4qeFlUwcXFxYnZsz9m48ZN9OzZl+XLV7B79x7Wr1/PSy9NZOjQYYCFRo0aEBgYyNy51rsSJiQkMH36e3b1KN1xvVj3du1a06RJOMOGjWTv3r3s2LGT0aPHXwiQXaxjZGRHPv/8S3Jzc0hPT2fChIk4OTmVsJ8sPPnkYxiNRgYNeoKoqM0cO3aMdevWM2LEKJKSzhfa7mI5pXtvlX2/LH2fKA2dqwr3s+t/rrr8+06LFi1aHHm5ss8q+YvIzcfhR2AV58CBA+zffwCAZ54ZZnu9SZMmjB8/FoCePe8jMzOT119/k5ycHMLDw3nuuYtpV65cRVZWFu+++75d3pMmvUJYWF1++20d58+fZ8WKlaxYsdK2/qGHHuS++3pcy+aJSCmUza9PFpYsWcQnn3zKN98s4P33Z+Lm5kb9+mGMGDGcDh3aY7FYv3xHR8fQvn0k7u7u3H9/X3r2vM9Wj6ZNm/DGG68zePAQwEJwcDATJrzIc8+NKHFEyt13d+G11ybz9tvv8M9/vkLnzp0ZP34cc+fOs6Vt2jScf//7LR5//Glyc3O4445WPPfcc3zzzQK7/OBi/uPHjyYwMIDZsz/hX/96HW9vL8LDwxk58rli65Fv6tQpDB8+kmbNbsfDw4MHHuhLly6d7fKWyyurfXXnnW1Zt+5XpkyZyksvvUJSUjLBwdVp374dH374PhaLBTc3Vz7/fB5jxozl/fc/pGbNmowYMZwhQ4bajm9pjmvBPpSXZ+Lrr7/guedG0rXrvQQFVeHVVyczceIrdu2bNm0qw4YNp1Gj5vj7+zNhwng2bNhoS1O4n/n5+bBmzc+88sokBg58nKysLIKDq9OpUyRubu4l9svSvLccnc5VOleJiIhI2TBYHOC//Y8//kj79m1xc3MrdhJ1Ebk1WCwWsrOz2bBhE3fffXeJ6RYsWECXLneWWbkuLm64uLhiNFpHkJjNeeTk5FyYTNrKzc0TFxcXLBYLJlOu7Xbw2dkZtjxcXd0utMNMbm4O7u6epKYmA9Zb2Veo4E1aWrLtS5Z1G3cMBgMmUy7z58/nvfc+JCpqnV3drPkayMszYTbn4eLiSnp6CgAeHhUwm81kZ2cW2MYVFxc3W3vy8vLIyckiL8+Ek5MTnp7epKYm2e0Dg8GIu7unbZvc3BycnJyK5H2r+/nndfTv37/YdWXdL41GJ1xd3XFycr4wN5UZk8lETk6W7XJNJydn3Nw8MBqNmM1mcnKy8fDwtPWz0hzXwn0ofxsnJ2csFuvr4eEtmDTpZfr27VUojdOF90EWbm4eF+azyim2vxsMRtzcPC7MV5nfntwC9fAiL8/avoIu994qT5fqD6Bzlc5VIiLl53L/o0RuRDfkCCwRkbL84pqbm0VubtYl02Rnp5OdfWV55OZe3MBsNpGaev6S29hf2lJyvjk5F7+kZWamFVOXbLuyC8rLK1oPa9l5ZGamFruNXImy65dms4msrKLHtyDrPEa5dq+lpl489qU5roX70KW3sZSYxmS6dH+3WPIu2Z6Syrzce8vx6VwFOleJiIjI36cAlojckBxg8Og1czO37WZ3Mx+7G+WSPUdzM++zm7ltIiIi4ngUwBKRG9LN+MVp4MABPPnkk6SlJZd3VeQq3Yz9EiA6ej/Z2Rnk5uZcPrHYuRn7hM5VIiIiUh4UwBKRG9TN96WwNJcHiaO7+folQFpa0Uu5pLRuvj6hc5WIiIiUB4cIYHl6epKdnYOLiwtGo7G8qyMi5cRsNmMwGPD09LxkOh8fH06dSqRy5UrXqWYicPp0Ij4+PiWuV7+8tVyuP4D6hIiIlI8zZ85e9n+UyI3IIe5CePLkSWJiYsjIyCjvqohIOfP09CQwMJAGDRqUmCY9PZ1ff/2VlJSU61gzuZUZDAa8vb2JjIwsMcCqfnnrKE1/APUJERG5/vL/R3Xq1AkPD4/yro5ImXKIAJaIiIiIiIiIiEhJdL2eiIiIiIiIiIg4NAWwRERERERERETEoSmAJSIiIiIiIiIiDk0BLBERERERERERcWgKYImIiIiIiIiIiENTAEtERERERERERByaAlgiIiIiIiIiIuLQFMASERERERERERGHpgCWiIiIiIiIiIg4NOfyrkBppaamcv78ec6eTeT8+SSSkpLIzs4u72pdF25ubvj5+eHv70elSgH4+/vj7e1d3tWycysfn4JuhGMlIiIiIiIicqMxWCwWS3lX4lLS09PZvDmKtLQ0fH198fX1xc/PFx8fbzw8PLBYLBgMhpv6MTs7m6SkZFJSUkhKSiY5ORkvL29at26Np6enwxwfHx8f/Pz88PX1wdfXB3d393KtW3nIysoiOTmF5OQUkpKSSElJwcvLi9at25T7sRIRERERERG5UTl0AGvfvr1ER8fQunUrfHw0iqWg5OQUoqK2UL9+fRo1alQudbAen2gdn8uwHqut1K9fj0aNGpd3dURERERERERuOA4ZwDKZTKxZswZfXx/CwxthMIDFQjGP+SOVbt31u3btITU1lcjITjg7X58rQq3H5xd8fHxo0kQBmdLavXsPqalp1/VYiYiIiIiIiNwMHC6AlR8cadCgHpUqVSzv6twQEhPPcvBgDJ07d8HJyemalpWbm8vaNWuor+NzVRITzxIdHUOnTp0VxBIREREREREpJYe7C2F+8KpiRX8A8uNreiz5MSCgEvXq1WXNml+K2aNla+3aNdRvEEalSv6ARcsVLgEBFalXry5r1665qv0vIiIiIiIicityqBFY+/btJSUlmfDw8pnT6Ua3e/de/Pz8aNjw2lzWt3fvXlJTkmkc3vCa5H8r2bN7L75+/poTS0RERERERKQUHGYEVnp6OtHR0TRu3BCwXBhhdH0eH3vsSTp27MLbb0+1vZ7/2r//PfW61+dqH5s0acSBAwfJyMgo8+OTlpZGTEy0gldlJLxJYw4ePEh6enp5V0VERERERETE4TnMJDybo6Jo1aol1mCM9bW/+7h3736ee+75YssLCKjEt98uAMBgMBZ4tFyYIN36mtFotF2uN2jQk8THx3PfffcyevTzZVbPsnxs1aolUVFRdOrUqdh2X63Nmzdz++0tbfuirIwf/xJ//LHN9txgMODj40PDhg0YMuQJateuVablldaMGe+zatX3hISE8Pnnc69JGbff3pLNmzeX+bESERERERERudk4RAArNTWV1LQ0vLy8Ltx1z3AhUGIA/u7z4lnTAFiYN29ugTmlTBgMRbfLr5d1W2OZ1S83NwdXV9cyy8/b24uUlBTSLuzPspCamkpaWhre3hWwzuVUdozGi4MAvby8yMrKIjk5maiozcTEHGLBgi/KZbLz/HpZj/m1ucrWx6fsj5WIiIiIiIjIzcghAljnz5/Dx8cbi8WMwWDAbLZgMGB7fjG4dGXrCwYenn9+BL1797Yr12zOxWAw8NhjjxMbe4y77+7Kiy+OxWy2D1ikpKTSq9f9tucrVqxkxYqVAHz99edUrRpEVNRmFixYREzMYcxmM3Xq1GbAgP60bdsai8VCcnIyffo8BMDTTz/FgQMH2Lx5K506dWTs2Beuqn0lrffx8eb8+fNlFhSxHh+vMh99VZCvry//+98qTKY83nzzLX788SfOnj3L8eMnCA0NAayXMc6f/wWbNkVx9uw5fH19aNu2DUOGPG5r67FjcXz66Vz27z94IejmTY0aoQwePJBmzZoAEBt7jPnzv2Tnzl1kZGRQpUplevTozgMP9MVoNDJ06DAOHz4CQFxcHJ063Q3A+PGjufvubmXa7rI+ViIiIiIiIiI3I4cIYJ07dw5fX2/AGoSB/NFRFAmaXOn6fHl5eWRmpmENahlwcnLC2dn5wsiqgpcLWrcvkCNGo4HGjRsTExNDTk4O/v7+VKtWDQBXVxdWr/7lwlxZEB7eGFdXV/78czsTJ/6Lf/3rZe68s4NdPefN+9x290Cj0cluXVm039fXm7NnEwkJCaEsnDuXH2C8tvP9Z2SkAeDu7g6Am5sbFStWxGKxkJ2dzahRYzl6NBZfX19at76D/fv3s3Ll9xw4cJAPP3wXZ2dnXn/9LY4ejSUkJISmTZtw9uxZ9u7dR1xcHE2bhhMXF8/IkS+Qnp5BcHAw4eGN+eOPbXzyyX84deo0w4c/S926dTl37jznz5/H1dWVsLAwAPz9K5b5PvDxKdtjJSIiIiIiInIzcpAA1nlCQqoWCA7kjzAqaYvSrr+YYObMWcycOcv2/O67uzBu3BhberDml39ZYcHXPDw8mD17FgMGDCIuLo477+zAuHFjsFggOzuTuXPnAdCnT29Gj34BsPDOO9NZsWIl8+Z9SYcO7e3qGhgYyOzZH+HvX5GsrIxigiJ/r/3e3t4cP/5XSRtfsfzjcy2lpKQwePATZGRkkpSUhJ+fH6NHv0CFCp4A/PLLWo4ejcXZ2ZnPPptL5coBJCaepU+f+4mJOcSGDZu4664OxMcnAPDss8/Qvn1bDAYjWVlZpKQkAfDNNwtJT8+gTp06zJ37KU5ORn7+eQ2vvvoay5evpH//h3n55ZeYPv1dli9fQVBQELNnW/tNbm42ZnNembbbx6dsj5WIiIiIiIjIzcghAlhJSUk0ahR24Zl1hJT1MjmD3ZxYF+cjKt36SzEYnKylFRM8Km7urKysi3eLs1jMZGamYzAYSEw8y+nTZwBYunQZS5cus9suLi6O7Oxsu3Luvbc77u5uZGWl/632lbTe19ebPXv2X7L9VyL/+FyLEVgFR5KdOHExkFOxYkVq165hKzM6OgYAk8nE/fc/UCSfw4ePctddHbjtttvYsmUL//zny1SoUIEaNUJp2bIF99/fF4vFwsGD0RfSH6ZjR/vJ0y0WC0eOHKViRf8LI92sCh77subj48WePUnXLH8RERERERGRm4FDBLDyXbx8z2L3vOAcT1e2/mLA5YUXRvHAAxfnsTKZcsnJyaRwsOriCKyCrxUfuCkY5ABo1aoV9eqFFZPOfns/P1+sdzu0/M32Fb/+2lzqd3FU2rXg6+vLqlUr2LVrN2PHjuPIkSO89tqbzJz5rt2k+u7u7nbHMV+jRg0BC6+99i9WrfqBHTt2cPRoLPv27Wffvv3ExcUzceIEW8CsRo0adOjQvkg+VapUpmg7r+Wlk9f2skwRERERERGRm4FDBLD8/PxITk6lcuVKdhOTWx/zn1Nk4vLLrS/IZMolIyOlyIilwkGo/O3tWbBYwN3dDYDMzCxbukqV/AkMDODMmURcXJx58slHL8ypZeH06TPs27cPNzdXMjOzbLnZ1/Pq21fS+pSUFPz9/cr8+AQGupZZnhddPE6ZmanUr1+HAQMe4T//mUt0dAwbN/5Ou3ZtaNiwAatW/UBWVhbt27ehQYP6AJjNZjZt+p2aNUOxWCwcOxbL/ff34sEH78doNPLpp//hiy++4uDBaCwWCw0bNiAhIYGMjAz69XsQL68KF8rOZM2aXwkJCcZiMePm5mZ7/VrO/ZWcnFqmx0pERERERETkZuQQASx/fz9SU1MJDKwIXByxVPSRq1qfr6TtCitpu9DQUKKjY/jllzXExsbi7+/HG29MZujQp3jzzX+zceMmBg9+gpCQYE6dOk1s7DFuv70lbdu2pmCgpqzbV3h9cnIq/n7+xbbtaliPTxqBgZXKLM+SmM154kaQtwAAIABJREFU9OzZgwULFpKens6iRYtp164NkZF3sXjxUo4ePcrIkaNp2jQckymPuLg4zp07z8yZ7xIQUJEJEybi4uJCcHAw7u5u7Ny5C4B69eoBMGBAfzZs2MiZM2cYOPBRGjZsQHJyCkePxmKxWOja1XpZYf6dD8+cOcOTTz5DhQoVePnlFy+M0Co7KSlle6xEREREREREbkbG8q4AQMWKlUhJSQUuFZy5useLSpfuUts9+uggmjZtiqurKzExh4iJOYzFYqFz545MmfI2LVo0JzHxLFu3biMtLZ327dvRs+d9lyznWjympKRSsVLZBZvyj4/FYinzpfA+sVgsuLm50KtXTwAOHDjIn39ux8nJyIcfvseDDz6Av78/27fv5MiRIwQEBDJgwCNUrVr1QgCqK97e3kRHx7Blyx9UqODFfff1YOzY0VgsFqpVC+KTTz4mMjISMLB16zZOnTpNw4YNGDLkSVsdOnWKpHPnznh7exMfn8CBAwdtc5mV5VLWx0pERERERETkZmSwXMvro0opNTWVNWt+oX37Vlyc46ngY77Cr196vdFoxMPDG4CcnExyc7OL3d7Dwwuj0QmTKYfs7EzAgoeHd6HXwGAw4O7uidHohHWuKTMZGdbAm5OTMy4ubjg5XZwc3mw2kZubS16eCTBQoYIPANnZGZhMuX+7fSWtX78+ii5duuLl5VWa3X9Zqamp/PJL/vEpWx4eFXBycsFiMZOenmJ73dXVHVdXdwAyM9Ns+9DNzR0nJxeMRsOFIJAZk8lETk42YMHV1f3/2bvzOK3KQg/gv1mAgZmBYYldcRdQXHJLU8BcIvel3DPLNLUyu91b3kzTrCyvqTetLDVLTdOuaW5pamIq5q6oCIobm4DszAwDDMz9Y2RgBBRw4ajf7+fzfmbesz7v874z57y/8zzPSXl5m5SUlLbcibKxcWHmz2/IkjCytLQ0bdtWpKysvKU75uLFi9PYuPDNz0iziooOby7TnPPW1c3JW7ucvlsPPPDwe/peAQAAwEdRIboQVldXp6qqKnPn1qaqqvItYzutbMynd56/eHFTamtnvuP68+bNXWZ+88/6+jnL3eUvKUl9/dwV3v2vsXFBFi1auNz0ZfdbVzdrhdPX9PWtaP7s2bPTqVOn9zQQqa6uTnV1VebOnZvq6vc2aJk3r3aF0xcsmPfmIPvLasr8+fVvu70Vr9fa4sWLVunOgu/n3QeT5u6DHTt2FF4BAADAOyhEF8Ik2XHHnfLEE88meX+7133Ufz755HP51Kd2zHttxx13ypNPPpempni8R48nn3wuO+6403v+XgEAAMBHTWECrA4dOqR//00zevTYJM1hTPMX/SbPV/H588+/mM02G5j27du/N2/KMpa8P2PGjE3S5PEuH6NHv5iBAwe8L+8VAAAAfNQUJsBKkoEDN0t9fUNmzJiZpHl8oyQr+Wn+ss+nT5+ZhoYF6d9/wKpU9RpZ+v7Myns9mPnH6bHkvRowYOD79l4BAADAR0khBnFfVmNjY+65+670W69vunSpSVY6cLmfS37OmDE7r746IXvssWfLIPLvl8bGxtx9911Zb72+6dKl0/u6r4+iGTNm5dVXJ34g7xUAAAB8VBQuwEqSRYsW5Z577k5FRdv0779hmpry5h3l/HzrzzFjXsr8+Qvzmc/s9oEFIsu+P5tuusEHss+PgjFjXv7A3ysAAAD4KChkgLXEqFHPZvToMdlyy4GprOyQkpIlc5bcde/j+3zOnLkZOfL5DBw4IAMGbPZ21fi+GfXcsxk9Zky22GJAqqoq10oZPgzmzq1tfq8GDMiAgWvnvQIAAIAPs0IHWElSX1+ff/97RGbPnpPq6spUVVWlurpDqqoq065d25SUNIc7Sy3pXvfms4/A/IaG+amtrcvcuc2P2tq6dOrUMTvu+Om1Pgh4fX19/v3QiMyes+T9qWz52a5d27VatrVh/vwFy79XHTtmx53W/nsFAAAAH1aFD7CWqK2tzcyZMzN9+rTMnDkzM2fOyvz589d2sT4Q7dq1S+fONencuXO6du2Wzp07p6qqam0Xq5WP8/uzrA/DewUAAAAfNh+aAAsAAACAj6fStV0AAAAAAHg7AiwAAAAACk2ABQAAAEChCbAAAAAAKDQBFgAAAACFJsACAAAAoNAEWAAAAAAUmgALAAAAgEITYAEAAABQaAIsAAAAAApNgAUAAABAoQmwAAAAACi08rVdgCQZPvyutV0EAAAAAFZg6NA91nYRUtLU1NS0tgtRXz93bRcBAAAAgBXo0KF6bRdBF0IAAAAAik2ABQAAAEChCbAAAAAAKDQBFgAAAACFJsACAAAAoNAEWAAAAAAUmgALAAAAgEITYAEAAABQaAIsAAAAAApNgAUAAABAoQmwAAAAACg0Ada7NHNeY346fGL+8eKstV0UAAAAgI8kAda70Li4KV+8/qWMnT4/g9fvuLaLAwAAAPCRVNLU1NS0tgtRXz93bRcBAAAAgBXo0KF6bRch5Wu7AEV08UNT8r07xr3tMv93xMZpXNyUw/48Nkky8uRB+f4/xufW0W/flXDK9z+Z3S8fnWem1OewLbrk8oM3TJJMq2tMv3OfTJJcdtAGOXzLrpk1rzF9ftY87Vf7rZdjtvnEctub37g4Fz00JX95ZkZemt6QJNmga7scOLBzTvl0r7Rvo5Hde2FNPxMbdq3Id/8+Lr/695SW5cpKkl7VbbPrhh3zg137pG+ntku38cz0XPbYGxk5uT71CxanV3Xb7L5Rx3xvSO9Wy73VLc/PbNlvSZKK8tJ0qyzPNn0qc/x23TNkg6UtBN9anmVNP32bVJSv+DOzuCm58ok3cvVT0/LclHlZsKgpfTq2yR4b1+S0ob3TpUPzv5PX5y7Iufe9nn+MnZ1Jcxakorw0m/dony9v0z1HbNV1heX46Z7r5Fuf7pkkufrJafnaTa+kU0VZJv33J9P7nCcyu2HRSl/71r0q88AJA/OpXz+XZ6bULzd/u76VGX7cwFZ/Tz2r2uTpkwelql1ZkmTA+SMzbvb8/HzYuvnGjj1W+Le3OnW8OvUAH7Sf/vRnueOOO5Mkgwfvkh//+Ect8+6//4GcdtrpSZJrrrkqffv2TZJccMH/5sYbb0qfPn1y7bVXZ6+99k1tbe1K97HJJpvksst+my9/+at56aWXssceu+X003/QMv/kk0/JU089nZ13/nR++tMft0y/555/5m9/uzljx76UhoaGdO3aNdtvv12OPvqo9OjRo2W5JdtdokOHDunZs2f233/fHHjgAe+yhlhVT71elx/dMzFPTKrLnIZF6dKhPJt0a58Tduie/QZ0zqHXvrhK50VV7crytRtfydVPTUuS7D+gc645bKMkWe1jwDudWyXJX5+dkQsfnJwXpzekcXFTule1ycDu7XP2Huuk/ycq3nW90Np3f39nfnXbI+ndpTovXnpKy/TtTrkko8a/kS/ttlV+fdK+mVU7L32+dF6rdTt2aJeNenXNiXttlyOGbtFqe0lSWlKSDu3apE/X6uyy2Xo5eb8dsmGv5Y+xX7v45lx979NJkv136J9rvvuFJMmhP7sutz76wtuWf8rV383up/0xz7y2/LnTdhv3zvCfHZsk+dR//K5lmfLS0lR3aJf1utdk7+02ydf32T4dO/hsfVSsyrFq7ty52Xvv/VqtV1lZmb59++bggw/KsGF7Jkl++cuL8n//99cV7ueuu+5Iu3btVvuYd8cdd+anP/1ZkqRz58654YbrU15enu9//wd54IEH3/a13XHHbfn6109e4bH7+eefzzXX/DkjRz6TOXPmpLq6KptvvnkOP/ywDBq0ectyy5b3d7/7Tfr3759k6fnHssf+F154IZdd9vuMHj06dXX16dixY/r1WzcHHXRgBg/e5W3LyseTAGsFelaVZ7u+lUmSOQ2LMmZaczA0qEeHVLQpSZLUtC/PtLqFrdbbuGtFy3oTZi/I63MXpk1pSbbq3aFlmbLSkvesnA2Ni7P3H8bk3+NrU5Jkq16VKSlpPqF8bsq83D5mdu748qapbFv2nu3z42pNPxPLqigvzdANqtPQ2JQRr83NVU9Oy6MTavPISZunrLQkp94xLhc91Hzis0GXimzeozxPvV6f3z/+Rv72/Iz84ysDV+nEelDPDmloXJxXZ87PTaNm5qZRM/Oj3fvmO7v0arVc27KSbNmrQ6tppSUr/nw2Lm7K4X8em9vHNH8RWbdTu6zfpV0mzJ6fSx6ekiO36pouHcozdvr87PH7UZla25j25aXZtk9lptYtzIhxtRkxrjaPTKjNhfv0W2775/7r9Ry1dbd07bD8v6Rt+lRm7vzmLy/PT21I7YJF6dqhLBt0aa6LTbu1b7V8tw7lWb9Lu5bnA7u3np8kk2sX5oIHJ+f0z/RZ4et9J+9Ux2taD/B+q6ury/Dh97U8HzHiocyYMTNdunRere30779p6uubA+NXXnk18+bNS6dOHdOnT/Pf1LrrrrvaZbv44l/l+uv/L0nSp0+fbLDB+nnhhRdzyy235l//+lcuuuiXWW+91n833bp1y0YbbZjx4yfk5ZdfzgUX/G+6d++eT396p9XeP6tn5rzG7HflmEyvX5R+Ne0yqEdlptcvzMPja7NNn8rsN6DzKp8XzZ2/KDeOmtEy7fYxszK1dmG6V7VZ7WPAO7n/1bk5+i8vpSnJlj07pGtleSbNWZC/j5mV47f/hACrIDbv1z19unbM2EnT88RLk3LcRX9LWWlJDh08qGWZtuVl2XL9Hpk8sy4vTJyeMROn59r7Rub6Uw/N0C3Wb1lubv383DhiVMvz2x97IVNn1aV7TWU27t0t223cHMZPmDY3r8+cmzZlpdlqg54ty5eVLr2w161j+6zfY+n/y4Hrdl+u7N06ts863WoyYfrsPPny63ny5ddzzX3P5B9nH51eXdZ+6wXenTU5Vm2wwQbp3v0TGT9+fMaMGZOf/vSclJWVZo89dm9Zpry8PJtssnGr9UpLW19UXtVj3q233tby+8yZMzNixEMZPHiXrLPOOhk4cECSZMqUqZk+ffpy+33rPpcYPvy+nHXW2Vm0aFFqajpl0KDN89pr4/LAAw9mxIiHctpp/93q9Sytr1/n4ot/ucJtzpkzJ9/5zn9l9uw56dmzZzbaaOPMnj07zz77XPr37y/AYoUEWCvw+UFd8/lBzVdv7ho7Kwdc9WKS5I9f2DCbLnNic8vzM1ut9+M912n5/fS7JuT8B15P5/blGX7cwPelnJc8PDX/Ht980L3qkA1z4GZdkiR/HzMrn7/mxTwxqS6/+veUfHdw7/dl/x8na/qZWFaX9uW54chNkiRXPP5GvnHzqxn9RkNGv9GQ+YsWt4RXJ+7QPf/zuX4pKUlenTk/Qy8dlTfqGvNff38ttxy96TuW9epDNsyGXSsyZe7CHH/jK7n7pdk5854J+dwmNRnYY+mJfrcObVb5s/n7x6a2hFc/3K1P/muX3lmSdT39el16VjW3DvveHa9lam1jairK86/jB2TDrs11c9qd43PhiMm59NGpOXSLrtlx3aqWbZeWJLMaGvOz+ybmfz63fKiz7GseeumoPDqhLrtu0Cl//MKGKyzr7ht1bLn6vjKlJckvR0zOsdt+Ir07rrxl28q8Ux2vST3AB+Huu+9JQ0NDamo6paKifSZPnpw777wzhx9+2Gpt5/zzl7aSOOGEkzJq1PPZZpttcuaZZ6xRuUaPHt3yheDggw/MySd/MyUlJZk0aVJOOOGkzJo1O7/85UWt9pskW2+9ZU4//QeZP39+9t33gDQ0NGT06DECrA/A06/XZ3r9orQvL81TJw9K27Lmg0LdgkV5o64xyaqfF13+2NTULVicbh3KU9m2LK/Nmp9rnp6eUz7dc7WPAe9k+Mtz0pRk6AYdc9uXlm57Su3ClK3kIg4fvBP32j7H7L51GhctzqCvX5xxb8zOzQ+PaRVgdevYoaX10zOvTs4hP7s+496YneMvvjnP/fobaVPefAH3+geeTd38henWsX0qK9rltamzcs19T+eU/XfKj4/erWV7p191T86/aUQ6V7Vv2e5b7b7Vhrn8Wwe+bdmXXebGEaPy5QtvzMuTZ+R7V/wjV37n4HdVL6xda3qs+vznD8o+++ydxsbGHH74UZkyZUr+9a/7WwU+NTU1ueSSX7/t/lflmPfaa+MycuQzSZL+/ftn9OjRufXW2zJ48C458cSvtSx3ySW/yzXXXJvq6up33G9DQ0POP/+CLFq0KJttNjDnnXduKisrM2/evHzve/+dp556Ohdc8L/59Kd3SocOSy9QlJSUZOTIZ/Kvf92/wjDqxRfHZvbsOWnXrl3+9Kcr06ZNmyTJvHnzMnPmyr9T8fGmf9mH2N/fDBQ279GhJbxKks9tWpPt37ziuSR0oDjmLVycZybPa3nesaI0ty/TxeL7Q/u0hEPrdW6Xo7du7jp638tzUrdg5d0o3qpHdZtccuB6SZq7//3t+Rmt5k+rX5ihl45qeXztxldWuq2bRjWXb6Ou7VqFV0myZa/K9KhukwWLmnLP2DlJkiO26tIS2iTJabv2yZvfbZb7TG7TpzKbdqvIpY+8kbHT56/y61uZu8fOafW6frOC7pKHb9E19QsX58y7J7yrfa2ojte0HuCDcOuttydJhgwZks98ZtckyW233f6+7/fRRx/LCSec1PJ44YUXW81/8MGHWn4/5pgvpeTNfzK9e/fO3nvvnSR54oknM2/evLxVU1NTxo0blwULFiRJNtpozYINVk+/mrYpK0nmNS7OQVe/kP/516TcM3Z2ykpLsl7ndu+8gWX84fHmroMHDOySgzdvPp/54xNvvOdlTtLyP/nBV+fmKze8nF//e0oen1ibT1S2SbdK13WLZsyEaZld13xuUN1+5RecBq3XM2ce0fw/beL0OXl4zNLj+x/ufipJcsCnBubgnZrD0z/e89Qalefup17K0FMvb3n85s2ujCtz4E4Dc9SuWyZJbn10TBY2rvp5HK29NnVWhp1xZT73w+Ufr039YM6p3s2xKmkOl+rq6pKkVdCTJLNmzWp1nFzSBfCt3umYt6T1Vb9+6+bYY49JkjzyyKOZOnXqar3WZY0a9XxmzZqdJDn88MNSWdn8PbN9+/Y56qgjkiS1tbV55plnWq23226fSXl5eX7zm0vS2Ni43HZ79uyR0tLSzJ8/P9/97qm56qqr88gjj6a0tDS9e2uAwYo5Un+IvfFmd7W+ndosN2/dmnZ5ZEJdy1VQ1r5Jcxek8oePtpr2hUFds06ndi3vU2Xb0paxpJZYt6b5hG1RUzJjXuNqdQntVd02VW3LUrtgUabUtv4sLFjUlEcn1LU8f7tzqim1zQfJDTpXZGUXqGfWN2bh4uZ7QvTp2PrLS4e2penaoU2m1i1s+dwuUV5akrP3WCeHXPtiTvvHuOzbf/W6Mr3VtPrGTKtf+lp3Wnf55vqHbtE1o6Y25Jqnp+ekHXssN391vLWO17Qe4P02duxLGTNmTJLkM5/ZNVVVlbnmmmszbtz4PP30yGy55Rbv275nzZrdcvK74vnNXz4qKirSqVOnVvN69GjuorN48eLMmTMn7dsvbUl611335K677kmStG3bNscd99UMGTL4vS4+K7B+l4r87sD1c/pdE3Pvy3Ny78vNwX3HdmU5b691c+RW3VZpO89Mrs8Tk5qPRZ8f1CWdKspy/gOv54VpDXnwtbn5dL/3tsvVYVt0zXOT63PZY2/kupHTc93I6Umau+7/8Qsb5JO9K9/T/bFmvv6bW/P139za8rx92/KcuPd2b7vOJn2Wjn01ZVZzD4VnXp2SJ16alCT5/M6bpVOHdjn/phF5YeL0PDhqXD49cPW6O0+bMy/T5iwNJ3Ya8M7rb9y7+W9h/sJFmVnbkO41PmNrol/3muyyWb/89Pp/tZr+/UMGp1/3mg+kDKtzrFo2oDr33PNy7rlLW2W1a9cuBx/cuiVfY2NjRo16fpnny5+Yv9Mxr7GxMf/4xz+SNB/nt9lmm9TUdMqsWbPz97/fkS996eg1et3Ltobq3r31mMw9evRcZrnWQWKvXr1y0EEH5Prr/y9//etNy223T58++f73T80ll/wujz/+RB5//IkkzWOFfetb38ywYZ9do/Ly0SbAWgvavNkEY37j0htALli0uOX3Jc3w30m3yvKMmZZMmL38F+Hxs5uvVn3C1cTCWDIGVnlpSXpWtc2Q9atzwJst55Zc9a1bsDgz5zWmc/ul79v42c3hUWlJczfE1fH63AWpfbPVVo+q1uv2rm6bF/9zy1XaTo+qthn9RkNentmw0mVq2pelTWlJFi5uysQ5rVtSzVu4ONPrmz+nn6hcPnDdu39NBq9fnVtHz0pNxbv7zC47gO/KlJQk5wxbJ8OuGJ3/vnP8u9rfW+v43dQDvJ+WXJXt2rVrttxyi5SWlqZfv3Xz2mvjcuutt2XLLbdIefnSv78FC5YeWxYubP69vHzNxlRc2SDuS9TUNH/5aGhoyJw5c9Kx49KbIkyZ0nzVuKSkpNX0pPmq94YbbpDHH38i9fX1eeSRR3PwwQe2eh28fw7bslsO27JbRk2Zl3+Pr82VT76RRyfU5Rs3v5oDB3ZJh7bv3ND/D080t77qVd0mn+5XndKSZNNuFRkzrSF/ePyNVQ6wVvXcqrQk+cln18mZu/fN4xPr8tC4ufn1v6fm5RkN+e7fx+XuYwes8utn1ZSXNX8OFrylBcb8hc3P267g73Xzft3Tt2vHdKqsyAY9u+RLu22VdT7RabnllvXCxOktv/eoae6i/4e7mwfx79W5Op8esG5KS0uyaZ+uGTNxev5w95OrHWAdNnjzd+xC+FYvTmr+jLdrU5bOVcZYezdOO3RIRr4yuWXg/X222ySnHTrkA9v/6hyrlm1xtMEGG6RHj+6pqqpK7969s88+e7W6MUnSPL7VX//6l7fd/zsd8x544MGWEOkzn2lu/TR48ODcfPMtue22v+foo7/Y0mpsTV53kkyd+kbLoOzNz5f2dOjcefkg8eijv5g77rgzV155ZQYNGrTc/D333CN77rlHXn75lTz77LO5/fa/Z9So53Puuedl6NAhqajwN0NruhCuBUsGmH7y9frMb2w+uXrwtbkt89frvGpj8uy1aXNLlWen1OfmZcZe+seLs/Lw+OarmZ/b5IO5IsE7WzIG1nWHb5z/3bdfDtq8S5aM6b/XpktPyn5236Q0vXn+PX72/Fz5ZHM3iiHrd1yt1ldTaxfmhBtfTdJ8wr7fgC7vsMbK7T+g+XM0dvr8/OL+11vKlzRfPZ8yd2HalZfmMxs2H8ivfXpGXp6xNOw6Z/ikLHpznZV9Js/57DopSXLN09PWuJyrY5f1qrP3pjX51ytzM2HOmnVdXFEdv9t6gPfD/Pnzc9dddydJpk+fnqFDd8vgwbvmtdea7646fPh9qa2tTa9eS2/28OyzzyZZclW4eQDkZee/l3ba6VMtv//xj1em6c1/MlOmTMnttzd3cfzkJ7du1foqSTbbbEB+8pOzc+GFv0hpaWkeffTR3Hjj396XMtLauFnzc8cLs9O4uCkDe7TPV7b9RH6wa/Mg/gsWNbUMvP52GhoXt7SAen3uwlSf+Wgqf/hoy41SbnxuZmY3rFpL8lU9t/r3uNo8OakubcpK8ql1q/LtnXu13J1wRr1W6++HJYOeT58zryVkmjBtdsa90dwqc70eywdTJ+61fW447fD8/pQD84PDhrxjePXMq1Ny5jX3Jkl6d6nO9pv0TcOCxlx3f/P/sddnzk31F36cyoPPzpg3y3DjQ6Myu27lF+beCzc99HzL3Q/33m7TlnG5WHO//cZ+GdSvRwb165HffmO/d17hPbSmx6rPf/6g/Pzn5+T000/Lscd+ebnwalW90zFvyTABSfLFL34pgwfvmptvviVJMnny5Dz66GNruN+B6dSp+dz2uuuub7mJS0NDQ/70p2uTJFVVVSsMqDp27JgvfvGLmTNnbkaMeKjVvMmTJ+ehh/6dxsbGbLDB+tlvv33zla80d3tsbGxMXd3ydxcHlyjXgmO3+URufG5GXp05P1v87zNZt6ZtHpvYHDht17cyn+y9/MDO593/ev6wzHgQQ9bvmFOH9M5No2bk0Ql1OeLPY7N178qUJHny9eZtbdWrMt94l92j+GBs06cqJ+7QPb95eGoufmhK/j5mVnpVt82Tr9elbsHidG5fnnOHrdpVwqOufynzGxfnlZnzs+DNtOTM3fpmsx6tD6ZLxsBa1hUHb5D1uyx/pePY7brnzhdn584XZ+eMuyfk8sfeyAZd2mXSnAUZM60h939tYHpUt8nPh62bxyc+n2n1jdnh189l694dMrV2YV58c2yrr2zziezUb8UDl2/VqzKHbdE1146cvsL5q2rJGFhLdGpXnr8dvckKl/3xnuvkzhebv4Ctjneq43dTD/B+uO++f2Xu3OYv8zvu+KmUlTV/iWpqasqDD47I/Pnzc/fd9+SAA/bPJz+5dZ544slccMH/5o477sy0adMzefLkJFnh7brfCwMGDMjBBx+YG264MX/5yw0ZMeKhdOvWLWPGvJCGhoZUV1fnm9/8xkrX79+/f3bffbf84x935aqrrsree39uufFFeG9NmL0wB//phXSqKMtGXSrSsaKspVv6Fj07pEf1O7cyvem5GZk5rzk0GrZJp5S/eVWnqal5nMB5jYtz/TMzctx2y9/p7a1W9dzqvlfm5Ef/nJhe1W2yYZeKNC5uyqMTmrub7bHx24ckrJmDdtosP75ueKbNmZehp/4+g9brnlHjpmbhosWpqazIobss/6V3VUybU5+hp16eKbPqMv6N2WlKUtmuTS795v5p26Ysf77vmcysbe7uN+yTG7W0BGtKcvujL2TegsZcf/+zOW7Ytqu8zyVjYC3RqbJ9/nb6Ecsts8t3L8+EabMydXbzF/ANenbJuV/ec433mw+zAAAgAElEQVReJ63VVLXP7765X8vvH6R3e6x6O0vGwFrW6aef1nJ332Wt6Jg3d+7cPPpo81AlAwcOSJcuSy9cP/vss5k1a3Zuu+32bL/923fFXZGKior8x398O2eddXaeeebZHH74kVlvvfXy6quvZebMmSkpKcm3vnXySo+7Bx10QG666W+ZOHFiq+lTp76R733vv1NVVZW+ffumsrJDSzfKjTbaKF27rvnFdz66BFhrwZANOuYvR2ySCx54PU9Prs8jE+rSo6pNhm3SKT/cre8Kxxh6Zeb8vDJzaSuRPh3bpn2b0tzx5f755YjJueHZGRk1tfkgvWm3ihy4Wdd8+9M9V6n5PsVw3l79sl3fqlz+2NSMnDwvr81akF7VbfKFzTvle0N6Zd2aVRsUd+Tk+lSUl6ZHVZts26cyx2/fPYPX77jccm8dAytJ6heuOMgpLy3J/x25Sa54fGr+9NS0jJrakMmvLUjfTm3zte17ZL03y7Zxt4qMOHGznHvf67lr7Ow8Mr4uFW1K86l1qvLlbT6Ro7Z++zFRztqjb24aNTPzGhe/7XJv561jYHXtsPKrnZt0q8hXt+ueSx5efqD3t/NOdfxu6wHea7ff/vckydZbb5Wf//ycVvNOO+303H//A7n11ttzwAH75+yzz8rvf39FHnhgRJ5/fnTatGmTzTffLIceekh23PFTK9r8e+Jb3zo5AwcOzN/+dnPGjn0pkydPSbdu3bL77rvl6KOPSs+ePd92/S9/+Uu5555/Ztas2fnLX/5vjcf6YNVs1LVdvrVTz9z/6ty8Nmt+5sxflE9Utsl+A2pyxm7Lf+FakSufbL5gMXj96pa79C5x2LUv5pbRs/KHx6etUoC1qudWn92kU16bNT8Pj6/NyMn1WbioKet3aZcDB3bJfw81aPD7oWvH9vnH2cfkR9cOzwOjXs1Do8enU4d22Xu7TXL6YUPTq8uajXO2oHFRHntxUior2mbjPl0zZPP1c/J+O2SDns1feq/8Z/NA7YM375cbTju81bqH/fz63PLImPzh7qdWK8B66xhYXauXD1CmzZmXGXMb0qmyIltv0Cv7bL9JTtp7+3TsoCvUe2WL9d/+ePB+erfHqpV56xhYSdLQsPIeAm895jU1NaWpqSlVVVU577xzU1W19ELpX/5yQy666OLcf/8DmTVrdmpqVj+s33XXoenRo0f+9Kdr8swzz2TkyGdSXV2VnXbaMUcccXi22GLlQXSbNm3yta8dlzPOOLPV9L59++bQQw/JU089ncmTX09tbV06d+6cwYN3yVe/+pXVLiMfDyVNTU2r1/TgfVBfP/edFwIAAADgA9ehw3t7Y5U1oXkOAAAAAIUmwAIAAACg0ARYAAAAABSaAAsAAACAQhNgAQAAAFBoAiwAAAAACk2ABQAAAEChCbAAAAAAKDQBFgAAAACFJsACAAAAoNAEWAAAAAAUmgALAAAAgEITYAEAAABQaOVruwAAAMBHT+XBZ6/tIvAxUnfD6Wu7CMD7TAssAAAAAAqtpKmpqWltF2L48LvWdhEAAAAAWIGhQ/dY20UoRoAFAAAAACujCyEAAAAAhSbAAgAAAKDQBFgAAAAAFJoACwAAAIBCE2ABAAAAUGgCLAAAAAAKTYAFAAAAQKEJsAAAAAAoNAEWAAAAAIUmwAIAAACg0ARYAAAAABSaAAsAAACAQhNgAQAAAFBoAqxlnHfeeTn77LPXdjEK7ZhjjslNN9200vl33nlnDjnkkPdsf9OmTcu2226bWbNmJUkuuuii/OAHP3jPtv9uLFsXc+fOzbbbbpspU6as0vIAAADAqvtQBljPPPNMtt1223z5y19uNf3+++/PzjvvvJZKVSz19fXZdtttM2nSpPd0u0cddVS22GKL93Sbq2PIkCHZZ5991tr+l7W26wIAAAA+LsrXdgHejXHjxuXuu+/O7rvvvraL8rGxtuu6SIHR2q4LAAAA+Lj4ULbAWuK4447LRRddlIULF65wfmNjYy655JLsu+++2XXXXXPiiSdm7Nixb7vNxsbGnHPOORk8eHCGDRuWv/zlLy3zpkyZkm9+85vZfffdM2TIkHzlK1/Js88+myRZtGhRhg0blnvvvbfV9s4444z86Ec/WuG+Fi9enOuvvz5f+MIXsssuu2SfffbJjTfe2DL/zjvvzKGHHprBgwfnsMMOy/Dhw1vmDR8+PAcccEAuvfTSHHXUUdl///3z4x//OI2NjUmSE088MUly/PHH54ADDshVV12VJJkwYUK+853vZI899siwYcNy7rnnpqGhIcnSbnDXXXddjjnmmBx88ME58cQTM3Xq1Jb9vrUb3MiRI3PkkUdm8ODBOfbYYzNhwoRWr3HGjBk57bTTsueee+azn/1szjzzzMyePXul9T9t2rSccsopGTp0aA488MCMGDGi1fxluxAuXLgwP/nJT7LHHntk6NCh2XfffXPHHXe01M/++++fiy66KMcee2wOOeSQnHvuuVmwYEHLtkaPHp3jjz8+Q4cOzf7775/LL788ixYtWuO6SJIRI0bkwAMPzNChQ/Otb32r1fJv9dhjj+WYY47J0KFDc8ABB7T6rAEAAABLfagDrIMOOiht2rTJddddt8L5l112We68885cfPHFufPOOzNo0KB8/etfT21t7Uq3edddd2XrrbfOXXfdlR/+8Ic577zzMn78+CRJU1NTDj744Nxyyy25++67s9NOO+U///M/09DQkLKyshxwwAGtAo3a2trcc889OfDAA1e4r2uvvTZ//OMfc8YZZ+S+++7LlVdemU033TRJc7hx1lln5ZRTTsk///nPnHjiiTn11FNbArOkOYzq2LFjrr766lx33XV5+umnc/vttydJfvOb3yRJfve73+Wmm27KF7/4xcybNy8nnHBCNt5449xyyy3585//nFdffTUXXXRRq3KNHDkyl112WW644Yb06NEjv/rVr1ZY/tmzZ+fkk0/Ofvvtl3vvvTf/9V//tVwIc+qpp2b+/Pm54YYbct1112XatGk544wzVlr/p556aqqqqnLHHXfk8ssvz80337zSZW+55ZY899xz+etf/5rhw4fniiuuaKm/JJk4cWJqampy+eWX5+qrr87LL7+cSy+9NEkya9asnHTSSdlxxx1z11135fzzz8+NN96YP/3pT2tUF0vcdtttufzyy3PHHXekY8eOOfXUU1e43JgxY3LKKafkmGOOyT333JNf/OIXueKKK/LPf/7zbbcPAAAAH0cf6gCrtLQ0p5xySi677LKWQb6Xdcstt+TYY49Nv3790rZt23zta19LkjzwwAMr3eYnP/nJDBs2LO3atcuOO+6Yfv365fnnn0+S9OzZM0OHDk379u3Tpk2bfPWrX828efPy6quvJkkOOOCAPPzwwy2tbu6444707ds3gwYNWuG+rrvuuhx33HEZNGhQSktL06VLlwwcODBJcvPNN+ezn/1sdtxxx5SXl2fIkCEZMmRI/va3v7WsX1VVlUMPPTRJUlFRkR122CHPPffcSl/bvffem/Ly8pxwwgmpqKhITU1NTjrppJbQa4mjjz465eXNvUuHDBmy0m3ee++96datWw499NCUlZWlf//+2W+//VrmT5gwIU888UT+8z//M9XV1ampqcm3v/3tPPjgg5k2bdpy25swYUKeeuqpfPvb305FRUW6dOmS4447bqWvp23btqmtrc2YMWOycOHCdOvWLeuvv37L/Hbt2uXwww9vWfbII4/MLbfckiS57777Ul1dnWOOOSZt2rTJhhtumKOPPnq5FlWrWhdLHHfccenSpUsqKiryne98JyNHjsxrr7223HLXX399PvvZz2bo0KEpKyvLhhtumEMOOWS59wIAAAD4kI+BlSQ777xzBgwYkMsuuyw77LBDy/SmpqZMnTo1ffv2bZlWVlaWXr16ve2d4nr06NHqeYcOHVJfX58kqaury8UXX5xHHnkk8+bNS2lpaebNm5eZM2cmaQ64dthhh9x888356le/mptuummlra+ampoyefLk9OvXb4Xzp0yZku23377VtL59++bFF19seV5TU9Nqfrt27VYY5C0xadKkTJs2LQcffHDLtMWLF6e0tLTlNb51u+3atUtdXd0Kt/fW+k2SddZZp9VrKCsrS8+ePVu9hiSZPHlyunXr1mrdKVOmpH379unatesKt/dWn/vc5zJjxoxccMEFGTduXLbbbrucfPLJWW+99ZIknTp1agmfkqRbt26ZNm1aFi1alClTpqRPnz4pKSlpVba3fjZWtS6W6NOnT6t1KyoqMnXq1OXe54kTJ2bs2LF56qmnWqYtWLCg1foAAABAsw99gJUk3/72t/OlL30pvXr1aplWUlKS7t27Z9KkSdlqq62SNIc1r7/++nIh1ar6zW9+k/Hjx+fyyy9vCTaGDh2apqamlmUOOuig/OIXv8jOO++cl19+OXvttdcKt1VSUpKePXtm3Lhx2XrrrZeb36NHj+XuIDhx4sRVLntp6fKN63r27JnevXvn+uuvX+E6c+fOXaVtL9G9e/fcf//9raZNnz695fcePXq0hEVLyj1x4sSWsrxVjx49Mm/evNTV1aWysnK57b1VWVlZjj766Bx99NGZM2dOLrzwwpx11lm54oorkjSPv1VfX58OHTokScaPH59u3bqlrKzsXdfvykyaNKklpJs1a1YaGhrSvXv35Zbr1atX1l9//Xzve997V/sDAACAj4MPdRfCJTbZZJMMGzasJbhYYt99983vf//7TJgwIQsWLMjvfve7NDU1Zeedd16j/cydOze9evVqCa9uuOGG5cbT2nnnnbNw4cKcffbZ+cxnPpOOHTuudHuHHHJILr300jz77LNpamrKzJkzW7or7rvvvrnzzjvzyCOPZNGiRbn//vszfPjwVl303k5FRUUqKytbdV8bOnRo6uvr89vf/jZ1dXUtrcDeGkKtqqFDh2b8+PF5+OGHkzQHNst2wevbt2+23nrrXHDBBamtrc3s2bNz4YUXZqeddlqu9dWS5bfccsv88Y9/TNI8MP6SwedX5LHHHssLL7yQRYsWpUOHDqmqqkpZWVnL/Kamplx44YWZP39+Jk+enMsvvzz77LNPkubugLNnz85VV12VhQsX5pVXXsmVV16Z/ffff43qYolLL700M2fOTENDQy644IJsvvnmK2xl94UvfCG33XZb7r333jQ2NqaxsTFjx47NyJEjkzSPn3bhhRcuF7IBAADAx9FHogVWkpx00km56667Wk079thjs2jRopxwwgmpra1N//7986tf/SpVVVVrtI/jjjsuZ555Zo488si0b98+O++883IticrKyrL//vvnsssuy3/8x3+87faOOOKIlJaW5swzz8zkyZNTU1OTr371qxkwYEC22267nHbaafmf//mfTJkyJb17985PfvKTlY6ntSLf/OY3c9ZZZ6WhoSFHHHFEjj/++FxyySW5+OKLc/DBB2fevHnp3r179t133+yyyy6rXR81NTW58MIL84tf/CK//e1vU11dnWHDhrUaiPycc87J+eefnwMPPDAlJSX51Kc+9bb1cs455+THP/5xjjrqqFRXV2e33XZb6cDm06ZNy89+9rNMnTo1bdu2Tf/+/VvuUJg0t3Lq3bt39t9//zQ2Nmb33XdvGVOrpqYmv/rVr3L++efn8ssvT3V1dfbbb78ceeSRq10Py9prr73yla98JTNnzsygQYPy85//fIXLDRw4MOeff35++9vf5uyzz05TU1PWW2+9HHvssUmau6teffXVGTp0aHr37v2uygQAAAAfdiVNy/Z/4z1xyy235Iorrshf//rXtV2Uj63hw4fnwgsvXG5QdgAAAODD5yPRhbBI6urqcu211+awww5b20UBAAAA+EgQYL2Hrrnmmuy5557p1atXDjrooLVdHAAAAICPBF0IAQAAACg0LbAAAAAAKDQBFgAAAACFJsACAAAAoNAEWAAAAAAUmgALAAAAgEITYAEAAABQaAIsAAAAAApNgAUAAABAoQmwAAAAACg0ARYAAAAAhSbAAgAAAKDQBFgAAAAAFFr52i5Akrw+8dW1XQQAAAAAVqBXn/XWdhFS0tTU1LS2CwEAAAAAK6MLIQAAAACFJsACAAAAoNAEWAAAAAAUmgALAAAAgEITYAEAAABQaAIsAAAAAApNgAUAAABAoQmwAAAAACg0ARYAAAAAhSbAAgAAAKDQBFgAAAAAFJoACwAAAIBCE2ABAAAAUGgCLAAAAAAKTYAFAAAAQKEJsAAAAAAoNAEWAAAAAIUmwAIAAACg0ARYAAAAABSaAAsAAACAQhNgAQAAAFBoAiwAAAAACk2ABQAAAEChCbAAAAAAKDQBFgAAAACFJsACAAAAoNAEWAAAAAAUmgALAAAAgEITYAEAAABQaAIsAAAAAApNgAUAAABAoQmwAAAAACg0ARYAAAAAhSbAAgAAAKDQBFgAAAAAFJoACwAAAIBCE2ABAAAAUGgCLAAAAAAKTYAFAAAAQKEJsAAAAAAoNAEWAAAAAIUmwAIAAACg0ARYAAAAABSaAAsAAACAQhNgAQAAAFBoAiwAAAAACk2ABQAAAEChCbAAAAAAKDQBFgAAAACFJsACAAAAoNAEWAAAAAAUmgALAAAAgEITYAEAAABQaAIsAAAAAApNgAUAAABAoQmwAAAAACg0ARYAAAAAhSbAAgAAAKDQBFgAAAAAFJoACwAAAIBCE2ABAAAAUGgCLAAAAAAKTYAFAAAAQKEJsAAAAAAoNAEWAAAAAIUmwAIAAACg0ARYAAAAABSaAAsAAACAQhNgAQAAAFBoAiwAAAAACk2ABQAAAEChCbAAAAAAKDQBFgAAAACFJsACAAAAoNAEWAAAAAAUmgALAAAAgEITYAEAAABQaAIsAAAAAApNgAUAAABAoQmwAAAAACg0ARYAAAAAhSbAAgAAAKDQBFgAAAAAFJoACwAAAIBCE2ABAAAAUGgCLAAAAAAKTYAFAAAAQKEJsAAAAAAoNAEWAAAAAIUmwAIAAACg0ARYAAAAABSaAAsAAACAQhNgAQAAAFBoAiwAAAAACk2ABQAAAEChCbAAAAAAKDQBFgAAAACFJsACAAAAoNAEWAAAAAAUmgALAAAAgEITYAEAAABQaAIsAAAAAApNgAUAAABAoQmwAAAAACg0ARYAAAAAhSbAAgAAAKDQBFgAAAAAFJoACwAAAIBCE2ABAAAAUGgCLAAAAAAKTYAFAAAAQKEJsAAAAAAoNAEWAAAAAIUmwAIAAACg0ARYAAAAABSaAAsAAACAQhNgAQAAAFBoAiwAAAAACk2ABQAAAEChCbAAAAAAKDQBFgAAAACFJsACAAAAoNAEWAAAAAAUmgALAAAAgEITYAEAAABQaAIsAAAAAApNgAUAAABAoQmwAAAAACg0ARYAAAAAhSbAAgAAAKDQBFgAAAAAFJoACwAAAIBCE2ABAAAAUGgCLAAAAAAKTYAFAAAAQKEJsAAAAAAoNAEWAAAAAIUmwAIAAACg0ARYAAAAABSaAAsAAACAQhNgAQAAAFBoAiwAAAAACk2ABQAAAEChCbAAAAAAKDQBFgAAAACFJsACAAAAoNAEWAAAAAAUmgALAAAAgEITYAEAAABQaAIsAAAAAApNgAUAAABAoQmwAAAAACg0ARYAAAAAhSbAAgAAAKDQBFgAAAAAFJoACwAAAIBCE2ABAAAAUGgCLAAAAAAKTYAFAAAAQKEJsAAAAAAoNAEWAAAAAIUmwAIAAACg0ARYAAAAABSaAAsAAACAQhNgAQAAAFBoAiwAAAAACk2ABQAAAEChCbAAAAAAKDQBFgAAAACFJsACAAAAoNAEWAAAAAAUmgALAAAAgEITYAEAAABQaAIsAAAAAApNgAUAAABAoQmwAAAAACg0ARYAAAAAhSbAAgAAAKDQBFgAAAAAFJoACwAAAIBCE2ABAAAAUGgCLAAAAAAKTYAFAAAAQKEJsAAAAAAoNAEWAAAAAIUmwAIAAACg0ARYAAAAABSaAAsAAACAQhNgAQAAAFBoAiwAAAAACk2ABQAAAEChCbAAAAAAKDQBFgAAAACFJsACAAAAoNAEWAAAAAAUmgALAAAAgEITYAEAAABQaAIsAAAAAApNgAUAAABAoQmwAAAAACg0ARYAAAAAhSbAAgAAAKDQBFgAAAAAFJoACwAAAIBCE2ABAAAAUGgCLAAAAAAKTYAFAAAAQKEJsAAAAAAoNAEWAAAAAIUmwAIAAACg0ARYAAAAABSaAAsAAACAQhNgAQAAAFBoAiwAAAAACk2ABQAAAEChCbAAAAAAKDQBFgAAAACFJsACAAAAoNAEWAAAAAAUmgALAAAAgEITYAEAAABQaAIsAAAAAApNgAUAAABAoQmwAAAAACg0ARYAAAAAhSbAAgAAAKDQBFgAAAAAFJoACwAAAIBCE2ABAAAAUGgCLAAAAAAKTYAFAAAAQKEJsAAAAAAoNAEWAAAAAIUmwAIAAACg0ARYAAAAABSaAAsAAACAQhNgAQAAAFBoAiwAAAAACk2ABQAAAEChCbAAAAAAKDQBFgAAAACFJsACAAAAoNAEWAAAAAAUmgALAAAAgEITYAEAAABQaAIsAAAAAApNgAUAAABAoQmwAAAAACg0ARYAAAAAhSbAAgAAAKDQBFgA/H87diwAAAAAMMjfeho7CiMAAIA1gQUAAADAmsACAAAAYE1gAQAAALAmsAAAAABYE1gAAAAArAksAAAAANYEFgAAAABrAgsAAACANYEFAAAAwJrAAgAAAGBNYAEAAACwJrAAAAAAWBNYAAAAAKwJLAAAAADWBBYAAAAAawILAAAAgDWBBQAAAMCawAIAAABgTWABAAAAsCawAAAAAFgTWAAAAACsCSwAAAAA1gQWAAAAAGsCCwAAAIA1gQUAAADAmsACAAAAYE1gAQAAALAmsAAAAABYE1gAAAAArAksAAAAANYEFgAAAABrAgsAAACANYEFAAAAwJrAAgAAAGBNYAEAAACwJrAAAAAAWBNYAAAAAKwJLAAAAADWBBYAAAAAawILAAAAgDWBBQAAAMCawAIAAABgTWABAAAAsCawAAAAAFgTWAAAAACsCSwAAAAA1gQWAAAAAGsCCwAAAIA1gQUAAADAmsACAAAAYE1gAQAAALAmsAAAAABYE1gAAAAArAksAAAAANYEFgAAAABrAgsAAACANYEFAAAAwJrAAgAAAGBNYAEAAACwJrAAAAAAWBNYAAAAAKwJLAAAAADWBBYAAAAAawILAAAAgDWBBQAAAMCawAIAAABgTWABAAAAsCawAAAAAFgTWAAAAACsCSwAAAAA1gQWAAAAAGsCCwAAAIA1gQUAAADAmsACAAAAYE1gAQAAALAmsAAAAABYE1gAAAAArAksAAAAANYEFgAAAABrAgsAAACANYEFAAAAwJrAAgAAAGBNYAEAAACwJrAAAAAAWBNYAAAAAKwJLAAAAADWBBYAAAAAawILAAAAgDWBBQAAAMCawAIAAABgTWABAAAAsCawAAAAAFgTWAAAAACsCSwAAAAA1gQWAAAAAGsCCwAAAIA1gQUAAADAmsACAAAAYE1gAQAAALAmsAAAAABYE1gAAAAArAksAAAAANYEFgAAAABrAgsAAACANYEFAAAAwJrAAgAAAGBNYAEAAACwJrAAAAAAWBNYAAAAAKwJLAAAAADWBBYAAAAAawILAAAAgDWBBQAAAMCawAIAAABgTWABAAAAsCawAAAAAFgTWAAAAACsCSwAAAAA1gQWAAAAAGsCCwAAAIA1gQUAAADAmsACAAAAYE1gAQAAALAmsAAAAABYE1gAAAAArAksAAAAANYEFgAAAABrAgsAAACANYEFAAAAwJrAAgAAAGBNYAEAAACwJrAAAAAAWBNYAAAAAKwJLAAAAADWBBYAAAAAawILAAAAgDWBBQAAAMCawAIAAABgTWABAAAAsCawAAAAAFgTWAAAAACsCSwAAAAA1gQWAAAAAGsCCwAAAIA1gQUAAADAmsACAAAAYE1gAQAAALAmsAAAAABYE1gAAAAArAksAAAAANYEFgAAAABrAgsAAACANYEFAAAAwJrAAgAAAGBNYAEAAACwJrAAAAAAWBNYAAAAAKwJLAAAAADWBBYAAAAAawILAAAAgDWBBQAAAMCawAIAAABgTWABAAAAsCawAAAAAFgTWAAAAACsCSwAAAAA1gQWAAAAAGsCCwAAAIA1gQUAAADAmsACAAAAYE1gAQAAALAmsAAAAABYE1gAAAAArAksAAAAANYEFgAAAABrAgsAAACANYEFAAAAwJrAAgAAAGBNYAEAAACwJrAAAAAAWBNYAAAAAKwJLAAAAADWBBYAAAAAawILAAAAgDWBBQAAAMCawAIAAABgTWABAAAAsCawAAAAAFgTWAAAAACsCSwAAAAA1gQWAAAAAGsCCwAAAIA1gQUAAADAmsACAAAAYE1gAQAAALAmsAAAAABYE1gAAAAArAksAAAAANYEFgAAAABrAgsAAACANYEFAAAAwJrAAgAAAGBNYAEAAACwJrAAAAAAWBNYAAAAAKwJLAAAAADWBBYAAAAAawILAAAAgDWBBQAAAMCawAIAAABgTWABAAAAsCawAAAAAFgTWAAAAACsCSwAAAAA1gQWAAAAAGsCCwAAAIA1gQUAAADAmsACAAAAYE1gAQAAALAmsAAAAABYE1gAAAAArAksAAAAANYEFgAAAABrAgsAAACANYEFAAAAwJrAAgAAAGBNYAEAAACwJrAAAAAAWBNYAAAAAKwJLAAAAADWBBYAAAAAawILAAAAgDWBBQAAAMCawAIAAABgTWABAAAAsCawAAAAAFgTWAAAAACsCSwAAAAA1gQWAAAAAGsCCwAAAIA1gQUAAADAmsACAAAAYE1gAQAAALAmsAAAAABYE1gAAAAArAksAAAAANYEFqJsLukAAAHPSURBVAAAAABrAgsAAACANYEFAAAAwJrAAgAAAGBNYAEAAACwJrAAAAAAWBNYAAAAAKwJLAAAAADWBBYAAAAAawILAAAAgDWBBQAAAMCawAIAAABgTWABAAAAsCawAAAAAFgTWAAAAACsCSwAAAAA1gQWAAAAAGsCCwAAAIA1gQUAAADAmsACAAAAYE1gAQAAALAmsAAAAABYE1gAAAAArAksAAAAANYEFgAAAABrAgsAAACANYEFAAAAwJrAAgAAAGBNYAEAAACwJrAAAAAAWBNYAAAAAKwJLAAAAADWBBYAAAAAawILAAAAgDWBBQAAAMCawAIAAABgTWABAAAAsCawAAAAAFgTWAAAAACsCSwAAAAA1gQWAAAAAGsCCwAAAIA1gQUAAADAmsACAAAAYE1gAQAAALAmsAAAAABYE1gAAAAArAksAAAAANYEFgAAAABrAgsAAACANYEFAAAAwJrAAgAAAGBNYAEAAACwJrAAAAAAWBNYAAAAAKwJLAAAAADWBBYAAAAAawILAAAAgDWBBQAAAMCawAIAAABgTWABAAAAsCawAAAAAFgTWAAAAACsCSwAAAAA1gQWAAAAAGsCCwAAAIA1gQUAAADAWtRcXVFVsu3oAAAAAElFTkSuQmCC' height='250' width='300'/> ]]>
  </system-out>
</testsuite> <!-- com.tribu.qaselenium.tests.apimazaprendo.MAPreconditionTests -->
