<?xml version="1.0" encoding="UTF-8"?>
<!-- Generated by org.testng.reporters.JUnitReportReporter -->
<testsuite skipped="0" hostname="station" name="com.tribu.seleniumframework.tests.PositiveLoginTests" tests="5" failures="0" timestamp="2021-10-14T18:39:51 COT" time="80.008" errors="0">
  <testcase name="logInTest" time="18.606" classname="com.tribu.seleniumframework.tests.PositiveLoginTests"/>
  <system-out/>
  <testcase name="logInTest" time="15.826" classname="com.tribu.seleniumframework.tests.PositiveLoginTests"/>
  <system-out/>
  <testcase name="logInTest" time="17.574" classname="com.tribu.seleniumframework.tests.PositiveLoginTests"/>
  <system-out/>
  <testcase name="logInTest" time="13.367" classname="com.tribu.seleniumframework.tests.PositiveLoginTests"/>
  <system-out/>
  <testcase name="logInTest" time="14.635" classname="com.tribu.seleniumframework.tests.PositiveLoginTests"/>
  <system-out/>
</testsuite> <!-- com.tribu.seleniumframework.tests.PositiveLoginTests -->
