<?xml version="1.0" encoding="UTF-8"?>
<!-- Generated by org.testng.reporters.JUnitReportReporter -->
<testsuite hostname="station" failures="0" tests="1" name="com.tribu.qaselenium.tests.b22.B22PreconditionTests" time="13.136" errors="0" timestamp="2022-07-05T15:47:06 COT" skipped="0">
  <testcase classname="com.tribu.qaselenium.tests.b22.B22PreconditionTests" name="preconditions" time="13.136"/>
  <system-out>
    <![CDATA[ <img src='data:image/png;base64,iVBORw0KGgoAAAANSUhEUgAAB4AAAAOiCAYAAACRicroAAAAAXNSR0IArs4c6QAAIABJREFUeJzs2cENwCAQwLDS/Xc+lkBCRPYE+WfNzHwAAAAAAAAAPO+/HQAAAAAAAADAGQYwAAAAAAAAQIQBDAAAAAAAABBhAAMAAAAAAABEGMAAAAAAAAAAEQYwAAAAAAAAQIQBDAAAAAAAABBhAAMAAAAAAABEGMAAAAAAAAAAEQYwAAAAAAAAQIQBDAAAAAAAABBhAAMAAAAAAABEGMAAAAAAAAAAEQYwAAAAAAAAQIQBDAAAAAAAABBhAAMAAAAAAABEGMAAAAAAAAAAEQYwAAAAAAAAQIQBDAAAAAAAABBhAAMAAAAAAABEGMAAAAAAAAAAEQYwAAAAAAAAQIQBDAAAAAAAABBhAAMAAAAAAABEGMAAAAAAAAAAEQYwAAAAAAAAQIQBDAAAAAAAABBhAAMAAAAAAABEGMAAAAAAAAAAEQYwAAAAAAAAQIQBDAAAAAAAABBhAAMAAAAAAABEGMAAAAAAAAAAEQYwAAAAAAAAQIQBDAAAAAAAABBhAAMAAAAAAABEGMAAAAAAAAAAEQYwAAAAAAAAQIQBDAAAAAAAABBhAAMAAAAAAABEGMAAAAAAAAAAEQYwAAAAAAAAQIQBDAAAAAAAABBhAAMAAAAAAABEGMAAAAAAAAAAEQYwAAAAAAAAQIQBDAAAAAAAABBhAAMAAAAAAABEGMAAAAAAAAAAEQYwAAAAAAAAQIQBDAAAAAAAABBhAAMAAAAAAABEGMAAAAAAAAAAEQYwAAAAAAAAQIQBDAAAAAAAABBhAAMAAAAAAABEGMAAAAAAAAAAEQYwAAAAAAAAQIQBDAAAAAAAABBhAAMAAAAAAABEGMAAAAAAAAAAEQYwAAAAAAAAQIQBDAAAAAAAABBhAAMAAAAAAABEGMAAAAAAAAAAEQYwAAAAAAAAQIQBDAAAAAAAABBhAAMAAAAAAABEGMAAAAAAAAAAEQYwAAAAAAAAQIQBDAAAAAAAABBhAAMAAAAAAABEGMAAAAAAAAAAEQYwAAAAAAAAQIQBDAAAAAAAABBhAAMAAAAAAABEGMAAAAAAAAAAEQYwAAAAAAAAQIQBDAAAAAAAABBhAAMAAAAAAABEGMAAAAAAAAAAEQYwAAAAAAAAQIQBDAAAAAAAABBhAAMAAAAAAABEGMAAAAAAAAAAEQYwAAAAAAAAQIQBDAAAAAAAABBhAAMAAAAAAABEGMAAAAAAAAAAEQYwAAAAAAAAQIQBDAAAAAAAABBhAAMAAAAAAABEGMAAAAAAAAAAEQYwAAAAAAAAQIQBDAAAAAAAABBhAAMAAAAAAABEGMAAAAAAAAAAEQYwAAAAAAAAQIQBDAAAAAAAABBhAAMAAAAAAABEGMAAAAAAAAAAEQYwAAAAAAAAQIQBDAAAAAAAABBhAAMAAAAAAABEGMAAAAAAAAAAEQYwAAAAAAAAQIQBDAAAAAAAABBhAAMAAAAAAABEGMAAAAAAAAAAEQYwAAAAAAAAQIQBDAAAAAAAABBhAAMAAAAAAABEGMAAAAAAAAAAEQYwAAAAAAAAQIQBDAAAAAAAABBhAAMAAAAAAABEGMAAAAAAAAAAEQYwAAAAAAAAQIQBDAAAAAAAABBhAAMAAAAAAABEGMAAAAAAAAAAEQYwAAAAAAAAQIQBDAAAAAAAABBhAAMAAAAAAABEGMAAAAAAAAAAEQYwAAAAAAAAQIQBDAAAAAAAABBhAAMAAAAAAABEGMAAAAAAAAAAEQYwAAAAAAAAQIQBDAAAAAAAABBhAAMAAAAAAABEGMAAAAAAAAAAEQYwAAAAAAAAQIQBDAAAAAAAABBhAAMAAAAAAABEGMAAAAAAAAAAEQYwAAAAAAAAQIQBDAAAAAAAABBhAAMAAAAAAABEGMAAAAAAAAAAEQYwAAAAAAAAQIQBDAAAAAAAABBhAAMAAAAAAABEGMAAAAAAAAAAEQYwAAAAAAAAQIQBDAAAAAAAABBhAAMAAAAAAABEGMAAAAAAAAAAEQYwAAAAAAAAQIQBDAAAAAAAABBhAAMAAAAAAABEGMAAAAAAAAAAEQYwAAAAAAAAQIQBDAAAAAAAABBhAAMAAAAAAABEGMAAAAAAAAAAEQYwAAAAAAAAQIQBDAAAAAAAABBhAAMAAAAAAABEGMAAAAAAAAAAEQYwAAAAAAAAQIQBDAAAAAAAABBhAAMAAAAAAABEGMAAAAAAAAAAEQYwAAAAAAAAQIQBDAAAAAAAABBhAAMAAAAAAABEGMAAAAAAAAAAEQYwAAAAAAAAQIQBDAAAAAAAABBhAAMAAAAAAABEGMAAAAAAAAAAEQYwAAAAAAAAQIQBDAAAAAAAABBhAAMAAAAAAABEGMAAAAAAAAAAEQYwAAAAAAAAQIQBDAAAAAAAABBhAAMAAAAAAABEGMAAAAAAAAAAEQYwAAAAAAAAQIQBDAAAAAAAABBhAAMAAAAAAABEGMAAAAAAAAAAEQYwAAAAAAAAQIQBDAAAAAAAABBhAAMAAAAAAABEGMAAAAAAAAAAEQYwAAAAAAAAQIQBDAAAAAAAABBhAAMAAAAAAABEGMAAAAAAAAAAEQYwAAAAAAAAQIQBDAAAAAAAABBhAAMAAAAAAABEGMAAAAAAAAAAEQYwAAAAAAAAQIQBDAAAAAAAABBhAAMAAAAAAABEGMAAAAAAAAAAEQYwAAAAAAAAQIQBDAAAAAAAABBhAAMAAAAAAABEGMAAAAAAAAAAEQYwAAAAAAAAQIQBDAAAAAAAABBhAAMAAAAAAABEGMAAAAAAAAAAEQYwAAAAAAAAQIQBDAAAAAAAABBhAAMAAAAAAABEGMAAAAAAAAAAEQYwAAAAAAAAQIQBDAAAAAAAABBhAAMAAAAAAABEGMAAAAAAAAAAEQYwAAAAAAAAQIQBDAAAAAAAABBhAAMAAAAAAABEGMAAAAAAAAAAEQYwAAAAAAAAQIQBDAAAAAAAABBhAAMAAAAAAABEGMAAAAAAAAAAEQYwAAAAAAAAQIQBDAAAAAAAABBhAAMAAAAAAABEGMAAAAAAAAAAEQYwAAAAAAAAQIQBDAAAAAAAABBhAAMAAAAAAABEGMAAAAAAAAAAEQYwAAAAAAAAQIQBDAAAAAAAABBhAAMAAAAAAABEGMAAAAAAAAAAEQYwAAAAAAAAQIQBDAAAAAAAABBhAAMAAAAAAABEGMAAAAAAAAAAEQYwAAAAAAAAQIQBDAAAAAAAABBhAAMAAAAAAABEGMAAAAAAAAAAEQYwAAAAAAAAQIQBDAAAAAAAABBhAAMAAAAAAABEGMAAAAAAAAAAEQYwAAAAAAAAQIQBDAAAAAAAABBhAAMAAAAAAABEGMAAAAAAAAAAEQYwAAAAAAAAQIQBDAAAAAAAABBhAAMAAAAAAABEGMAAAAAAAAAAEQYwAAAAAAAAQIQBDAAAAAAAABBhAAMAAAAAAABEGMAAAAAAAAAAEQYwAAAAAAAAQIQBDAAAAAAAABBhAAMAAAAAAABEGMAAAAAAAAAAEQYwAAAAAAAAQIQBDAAAAAAAABBhAAMAAAAAAABEGMAAAAAAAAAAEQYwAAAAAAAAQIQBDAAAAAAAABBhAAMAAAAAAABEGMAAAAAAAAAAEQYwAAAAAAAAQIQBDAAAAAAAABBhAAMAAAAAAABEGMAAAAAAAAAAEQYwAAAAAAAAQIQBDAAAAAAAABBhAAMAAAAAAABEGMAAAAAAAAAAEQYwAAAAAAAAQIQBDAAAAAAAABBhAAMAAAAAAABEGMAAAAAAAAAAEQYwAAAAAAAAQIQBDAAAAAAAABBhAAMAAAAAAABEGMAAAAAAAAAAEQYwAAAAAAAAQIQBDAAAAAAAABBhAAMAAAAAAABEGMAAAAAAAAAAEQYwAAAAAAAAQIQBDAAAAAAAABBhAAMAAAAAAABEGMAAAAAAAAAAEQYwAAAAAAAAQIQBDAAAAAAAABBhAAMAAAAAAABEGMAAAAAAAAAAEQYwAAAAAAAAQIQBDAAAAAAAABBhAAMAAAAAAABEGMAAAAAAAAAAEQYwAAAAAAAAQIQBDAAAAAAAABBhAAMAAAAAAABEGMAAAAAAAAAAEQYwAAAAAAAAQIQBDAAAAAAAABBhAAMAAAAAAABEGMAAAAAAAAAAEQYwAAAAAAAAQIQBDAAAAAAAABBhAAMAAAAAAABEGMAAAAAAAAAAEQYwAAAAAAAAQIQBDAAAAAAAABBhAAMAAAAAAABEGMAAAAAAAAAAEQYwAAAAAAAAQIQBDAAAAAAAABBhAAMAAAAAAABEGMAAAAAAAAAAEQYwAAAAAAAAQIQBDAAAAAAAABBhAAMAAAAAAABEGMAAAAAAAAAAEQYwAAAAAAAAQIQBDAAAAAAAABBhAAMAAAAAAABEGMAAAAAAAAAAEQYwAAAAAAAAQIQBDAAAAAAAABBhAAMAAAAAAABEGMAAAAAAAAAAEQYwAAAAAAAAQIQBDAAAAAAAABBhAAMAAAAAAABEGMAAAAAAAAAAEQYwAAAAAAAAQIQBDAAAAAAAABBhAAMAAAAAAABEGMAAAAAAAAAAEQYwAAAAAAAAQIQBDAAAAAAAABBhAAMAAAAAAABEGMAAAAAAAAAAEQYwAAAAAAAAQIQBDAAAAAAAABBhAAMAAAAAAABEGMAAAAAAAAAAEQYwAAAAAAAAQIQBDAAAAAAAABBhAAMAAAAAAABEGMAAAAAAAAAAEQYwAAAAAAAAQIQBDAAAAAAAABBhAAMAAAAAAABEGMAAAAAAAAAAEQYwAAAAAAAAQIQBDAAAAAAAABBhAAMAAAAAAABEGMAAAAAAAAAAEQYwAAAAAAAAQIQBDAAAAAAAABBhAAMAAAAAAABEGMAAAAAAAAAAEQYwAAAAAAAAQIQBDAAAAAAAABBhAAMAAAAAAABEGMAAAAAAAAAAEQYwAAAAAAAAQIQBDAAAAAAAABBhAAMAAAAAAABEGMAAAAAAAAAAEQYwAAAAAAAAQIQBDAAAAAAAABBhAAMAAAAAAABEGMAAAAAAAAAAEQYwAAAAAAAAQIQBDAAAAAAAABBhAAMAAAAAAABEGMAAAAAAAAAAEQYwAAAAAAAAQIQBDAAAAAAAABBhAAMAAAAAAABEGMAAAAAAAAAAEQYwAAAAAAAAQIQBDAAAAAAAABBhAAMAAAAAAABEGMAAAAAAAAAAEQYwAAAAAAAAQIQBDAAAAAAAABBhAAMAAAAAAABEGMAAAAAAAAAAEQYwAAAAAAAAQIQBDAAAAAAAABBhAAMAAAAAAABEGMAAAAAAAAAAEQYwAAAAAAAAQIQBDAAAAAAAABBhAAMAAAAAAABEGMAAAAAAAAAAEQYwAAAAAAAAQIQBDAAAAAAAABBhAAMAAAAAAABEGMAAAAAAAAAAEQYwAAAAAAAAQIQBDAAAAAAAABBhAAMAAAAAAABEGMAAAAAAAAAAEQYwAAAAAAAAQIQBDAAAAAAAABBhAAMAAAAAAABEGMAAAAAAAAAAEQYwAAAAAAAAQIQBDAAAAAAAABBhAAMAAAAAAABEGMAAAAAAAAAAEQYwAAAAAAAAQIQBDAAAAAAAABBhAAMAAAAAAABEGMAAAAAAAAAAEQYwAAAAAAAAQIQBDAAAAAAAABBhAAMAAAAAAABEGMAAAAAAAAAAEQYwAAAAAAAAQIQBDAAAAAAAABBhAAMAAAAAAABEGMAAAAAAAAAAEQYwAAAAAAAAQIQBDAAAAAAAABBhAAMAAAAAAABEGMAAAAAAAAAAEQYwAAAAAAAAQIQBDAAAAAAAABBhAAMAAAAAAABEGMAAAAAAAAAAEQYwAAAAAAAAQIQBDAAAAAAAABBhAAMAAAAAAABEGMAAAAAAAAAAEQYwAAAAAAAAQIQBDAAAAAAAABBhAAMAAAAAAABEGMAAAAAAAAAAEQYwAAAAAAAAQIQBDAAAAAAAABBhAAMAAAAAAABEGMAAAAAAAAAAEQYwAAAAAAAAQIQBDAAAAAAAABBhAAMAAAAAAABEGMAAAAAAAAAAEQYwAAAAAAAAQIQBDAAAAAAAABBhAAMAAAAAAABEGMAAAAAAAAAAEQYwAAAAAAAAQIQBDAAAAAAAABBhAAMAAAAAAABEGMAAAAAAAAAAEQYwAAAAAAAAQIQBDAAAAAAAABBhAAMAAAAAAABEGMAAAAAAAAAAEQYwAAAAAAAAQIQBDAAAAAAAABBhAAMAAAAAAABEGMAAAAAAAAAAEQYwAAAAAAAAQIQBDAAAAAAAABBhAAMAAAAAAABEGMAAAAAAAAAAEQYwAAAAAAAAQIQBDAAAAAAAABBhAAMAAAAAAABEGMAAAAAAAAAAEQYwAAAAAAAAQIQBDAAAAAAAABBhAAMAAAAAAABEGMAAAAAAAAAAEQYwAAAAAAAAQIQBDAAAAAAAABBhAAMAAAAAAABEGMAAAAAAAAAAEQYwAAAAAAAAQIQBDAAAAAAAABBhAAMAAAAAAABEGMAAAAAAAAAAEQYwAAAAAAAAQIQBDAAAAAAAABBhAAMAAAAAAABEGMAAAAAAAAAAEQYwAAAAAAAAQIQBDAAAAAAAABBhAAMAAAAAAABEGMAAAAAAAAAAEQYwAAAAAAAAQIQBDAAAAAAAABBhAAMAAAAAAABEGMAAAAAAAAAAEQYwAAAAAAAAQIQBDAAAAAAAABBhAAMAAAAAAABEGMAAAAAAAAAAEQYwAAAAAAAAQIQBDAAAAAAAABBhAAMAAAAAAABEGMAAAAAAAAAAEQYwAAAAAAAAQIQBDAAAAAAAABBhAAMAAAAAAABEGMAAAAAAAAAAEQYwAAAAAAAAQIQBDAAAAAAAABBhAAMAAAAAAABEGMAAAAAAAAAAEQYwAAAAAAAAQIQBDAAAAAAAABBhAAMAAAAAAABEGMAAAAAAAAAAEQYwAAAAAAAAQIQBDAAAAAAAABBhAAMAAAAAAABEGMAAAAAAAAAAEQYwAAAAAAAAQIQBDAAAAAAAABBhAAMAAAAAAABEGMAAAAAAAAAAEQYwAAAAAAAAQIQBDAAAAAAAABBhAAMAAAAAAABEGMAAAAAAAAAAEQYwAAAAAAAAQIQBDAAAAAAAABBhAAMAAAAAAABEGMAAAAAAAAAAEQYwAAAAAAAAQIQBDAAAAAAAABBhAAMAAAAAAABEGMAAAAAAAAC7PTuQAQAAABjkb32PrzQCmBDAAAAAAAAAABMCGAAAAAAAAGBCAAMAAAAAAABMCGAAAAAAAACACQEMAAAAAAAAMCGAAQAAAAAAACYEMAAAAAAAAMCEAAYAAAAAAACYEMAAAAAAAAAAEwIYAAAAAAAAYEIAAwAAAAAAAEwIYAAAAAAAAIAJAQwAAAAAAAAwIYABAAAAAAAAJgQwAAAAAAAAwIQABgAAAAAAAJgQwAAAAAAAAAATAhgAAAAAAABgQgADAAAAAAAATAhgAAAAAAAAgAkBDAAAAAAAADAhgAEAAAAAAAAmBDAAAAAAAADAhAAGAAAAAAAAmBDAAAAAAAAAABMCGAAAAAAAAGBCAAMAAAAAAABMCGAAAAAAAACACQEMAAAAAAAAMCGAAQAAAAAAACYEMAAAAAAAAMCEAAYAAAAAAACYEMAAAAAAAAAAEwIYAAAAAAAAYEIAAwAAAAAAAEwIYAAAAAAAAIAJAQwAAAAAAAAwIYABAAAAAAAAJgQwAAAAAAAAwIQABgAAAAAAAJgQwAAAAAAAAAATAhgAAAAAAABgQgADAAAAAAAATAhgAAAAAAAAgAkBDAAAAAAAADAhgAEAAAAAAAAmBDAAAAAAAADAhAAGAAAAAAAAmBDAAAAAAAAAABMCGAAAAAAAAGBCAAMAAAAAAABMCGAAAAAAAACACQEMAAAAAAAAMCGAAQAAAAAAACYEMAAAAAAAAMCEAAYAAAAAAACYEMAAAAAAAAAAEwIYAAAAAAAAYEIAAwAAAAAAAEwIYAAAAAAAAIAJAQwAAAAAAAAwIYABAAAAAAAAJgQwAAAAAAAAwIQABgAAAAAAAJgQwAAAAAAAAAATAhgAAAAAAABgQgADAAAAAAAATAhgAAAAAAAAgAkBDAAAAAAAADAhgAEAAAAAAAAmBDAAAAAAAADAhAAGAAAAAAAAmBDAAAAAAAAAABMCGAAAAAAAAGBCAAMAAAAAAABMCGAAAAAAAACACQEMAAAAAAAAMCGAAQAAAAAAACYEMAAAAAAAAMCEAAYAAAAAAACYEMAAAAAAAAAAEwIYAAAAAAAAYEIAAwAAAAAAAEwIYAAAAAAAAIAJAQwAAAAAAAAwIYABAAAAAAAAJgQwAAAAAAAAwIQABgAAAAAAAJgQwAAAAAAAAAATAhgAAAAAAABgQgADAAAAAAAATAhgAAAAAAAAgAkBDAAAAAAAADAhgAEAAAAAAAAmBDAAAAAAAADAhAAGAAAAAAAAmBDAAAAAAAAAABMCGAAAAAAAAGBCAAMAAAAAAABMCGAAAAAAAACACQEMAAAAAAAAMCGAAQAAAAAAACYEMAAAAAAAAMCEAAYAAAAAAACYEMAAAAAAAAAAEwIYAAAAAAAAYEIAAwAAAAAAAEwIYAAAAAAAAIAJAQwAAAAAAAAwIYABAAAAAAAAJgQwAAAAAAAAwIQABgAAAAAAAJgQwAAAAAAAAAATAhgAAAAAAABgQgADAAAAAAAATAhgAAAAAAAAgAkBDAAAAAAAADAhgAEAAAAAAAAmBDAAAAAAAADAhAAGAAAAAAAAmBDAAAAAAAAAABMCGAAAAAAAAGBCAAMAAAAAAABMCGAAAAAAAACACQEMAAAAAAAAMCGAAQAAAAAAACYEMAAAAAAAAMCEAAYAAAAAAACYEMAAAAAAAAAAEwIYAAAAAAAAYEIAAwAAAAAAAEwIYAAAAAAAAIAJAQwAAAAAAAAwIYABAAAAAAAAJgQwAAAAAAAAwIQABgAAAAAAAJgQwAAAAAAAAAATAhgAAAAAAABgQgADAAAAAAAATAhgAAAAAAAAgAkBDAAAAAAAADAhgAEAAAAAAAAmBDAAAAAAAADAhAAGAAAAAAAAmBDAAAAAAAAAABMCGAAAAAAAAGBCAAMAAAAAAABMCGAAAAAAAACACQEMAAAAAAAAMCGAAQAAAAAAACYEMAAAAAAAAMCEAAYAAAAAAACYEMAAAAAAAAAAEwIYAAAAAAAAYEIAAwAAAAAAAEwIYAAAAAAAAIAJAQwAAAAAAAAwIYABAAAAAAAAJgQwAAAAAAAAwIQABgAAAAAAAJgQwAAAAAAAAAATAhgAAAAAAABgQgADAAAAAAAATAhgAAAAAAAAgAkBDAAAAAAAADAhgAEAAAAAAAAmBDAAAAAAAADAhAAGAAAAAAAAmBDAAAAAAAAAABMCGAAAAAAAAGBCAAMAAAAAAABMCGAAAAAAAACACQEMAAAAAAAAMCGAAQAAAAAAACYEMAAAAAAAAMCEAAYAAAAAAACYEMAAAAAAAAAAEwIYAAAAAAAAYEIAAwAAAAAAAEwIYAAAAAAAAIAJAQwAAAAAAAAwIYABAAAAAAAAJgQwAAAAAAAAwIQABgAAAAAAAJgQwAAAAAAAAAATAhgAAAAAAABgQgADAAAAAAAATAhgAAAAAAAAgAkBDAAAAAAAADAhgAEAAAAAAAAmBDAAAAAAAADAhAAGAAAAAAAAmBDAAAAAAAAAABMCGAAAAAAAAGBCAAMAAAAAAABMCGAAAAAAAACACQEMAAAAAAAAMCGAAQAAAAAAACYEMAAAAAAAAMCEAAYAAAAAAACYEMAAAAAAAAAAEwIYAAAAAAAAYEIAAwAAAAAAAEwIYAAAAAAAAIAJAQwAAAAAAAAwIYABAAAAAAAAJgQwAAAAAAAAwIQABgAAAAAAAJgQwAAAAAAAAAATAhgAAAAAAABgQgADAAAAAAAATAhgAAAAAAAAgAkBDAAAAAAAADAhgAEAAAAAAAAmBDAAAAAAAADAhAAGAAAAAAAAmBDAAAAAAAAAABMCGAAAAAAAAGBCAAMAAAAAAABMCGAAAAAAAACACQEMAAAAAAAAMCGAAQAAAAAAACYEMAAAAAAAAMCEAAYAAAAAAACYEMAAAAAAAAAAEwIYAAAAAAAAYEIAAwAAAAAAAEwIYAAAAAAAAIAJAQwAAAAAAAAwIYABAAAAAAAAJgQwAAAAAAAAwIQABgAAAAAAAJgQwAAAAAAAAAATAhgAAAAAAABgQgADAAAAAAAATAhgAAAAAAAAgAkBDAAAAAAAADAhgAEAAAAAAAAmBDAAAAAAAADAhAAGAAAAAAAAmBDAAAAAAAAAABMCGAAAAAAAAGBCAAMAAAAAAABMCGAAAAAAAACACQEMAAAAAAAAMCGAAQAAAAAAACYEMAAAAAAAAMCEAAYAAAAAAACYEMAAAAAAAAAAEwIYAAAAAAAAYEIAAwAAAAAAAEwIYAAAAAAAAIAJAQwAAAAAAAAwIYABAAAAAAAAJgQwAAAAAAAAwIQABgAAAAAAAJgQwAAAAAAAAAATAhgAAAAAAABgQgADAAAAAAAATAhgAAAAAAAAgAkBDAAAAAAAADAhgAEAAAAAAAAmBDAAAAAAAADAhAAGAAAAAAAAmBDAAAAAAAAAABMCGAAAAAAAAGBCAAMAAAAAAABMCGAAAAAAAACACQEMAAAAAAAAMCGAAQAAAAAAACYEMAAAAAAAAMCEAAYAAAAAAACYEMAAAAAAAAAAEwIYAAAAAAAAYEIAAwAAAAAAAEwIYAAAAAAAAIAJAQwAAAAAAAAwIYABAAAAAAAAJgQwAAAAAAAAwIQABgAAAAAAAJgQwAAAAAAAAAATAhgAAAAAAABgQgADAAAAAAAATAhgAAAAAAAAgAkBDAAAAAAAADAhgAEAAAAAAAAmBDAAAAAAAADAhAAGAAAAAAAAmBDAAAAAAAAAABMCGAAAAAAAAGBCAAMAAAAAAABMCGAAAAAAAACACQEMAAAAAAAAMCGAAQAAAABHryE/AAADaklEQVQAACYEMAAAAAAAAMCEAAYAAAAAAACYEMAAAAAAAAAAEwIYAAAAAAAAYEIAAwAAAAAAAEwIYAAAAAAAAIAJAQwAAAAAAAAwIYABAAAAAAAAJgQwAAAAAAAAwIQABgAAAAAAAJgQwAAAAAAAAAATAhgAAAAAAABgQgADAAAAAAAATAhgAAAAAAAAgAkBDAAAAAAAADAhgAEAAAAAAAAmBDAAAAAAAADAhAAGAAAAAAAAmBDAAAAAAAAAABMCGAAAAAAAAGBCAAMAAAAAAABMCGAAAAAAAACACQEMAAAAAAAAMCGAAQAAAAAAACYEMAAAAAAAAMCEAAYAAAAAAACYEMAAAAAAAAAAEwIYAAAAAAAAYEIAAwAAAAAAAEwIYAAAAAAAAIAJAQwAAAAAAAAwIYABAAAAAAAAJgQwAAAAAAAAwIQABgAAAAAAAJgQwAAAAAAAAAATAhgAAAAAAABgQgADAAAAAAAATAhgAAAAAAAAgAkBDAAAAAAAADAhgAEAAAAAAAAmBDAAAAAAAADAhAAGAAAAAAAAmBDAAAAAAAAAABMCGAAAAAAAAGBCAAMAAAAAAABMCGAAAAAAAACACQEMAAAAAAAAMCGAAQAAAAAAACYEMAAAAAAAAMCEAAYAAAAAAACYEMAAAAAAAAAAEwIYAAAAAAAAYEIAAwAAAAAAAEwIYAAAAAAAAIAJAQwAAAAAAAAwIYABAAAAAAAAJgQwAAAAAAAAwIQABgAAAAAAAJgQwAAAAAAAAAATAhgAAAAAAABgQgADAAAAAAAATAhgAAAAAAAAgAkBDAAAAAAAADAhgAEAAAAAAAAmBDAAAAAAAADAhAAGAAAAAAAAmBDAAAAAAAAAABMCGAAAAAAAAGBCAAMAAAAAAABMCGAAAAAAAACACQEMAAAAAAAAMCGAAQAAAAAAACYEMAAAAAAAAMCEAAYAAAAAAACYEMAAAAAAAAAAEwIYAAAAAAAAYEIAAwAAAAAAAEwIYAAAAAAAAIAJAQwAAAAAAAAwIYABAAAAAAAAJgQwAAAAAAAAwIQABgAAAAAAAJgQwAAAAAAAAAATAhgAAAAAAABgQgADAAAAAAAATAhgAAAAAAAAgAkBDAAAAAAAADAhgAEAAAAAAAAmBDAAAAAAAADAhAAGAAAAAAAAmAjYyAtAlXfoYQAAAABJRU5ErkJggg==' height='250' width='300'/> ]]>
  </system-out>
</testsuite> <!-- com.tribu.qaselenium.tests.b22.B22PreconditionTests -->
