<?xml version="1.0" encoding="UTF-8"?>
<!-- Generated by org.testng.reporters.JUnitReportReporter -->
<testsuite hostname="station" failures="0" tests="1" name="com.tribu.qaselenium.tests.PositiveTests" time="16.986" errors="0" timestamp="2021-11-02T00:46:36 COT" skipped="0">
  <testcase classname="com.tribu.qaselenium.tests.PositiveTests" name="loadLinkList" time="16.986"/>
  <system-out>
    <![CDATA[ <img src='data:image/png;base64,iVBORw0KGgoAAAANSUhEUgAAB4AAAAOiCAYAAACRicroAAAAAXNSR0IArs4c6QAAIABJREFUeJzs3XdYU1fjB/BvWGGoIC1DUTFqHYh74UCLA1+t4hZb0P60zjpqq63aKm2xal21jupbrdaK2irWuusAcaGCioCIggO1KqOoYe/k90feXBMIECAQ1O/nefJA7jj35N7cmzz53nOO6L333pOD3jgXLlzQdxWIiIiIiIiIiIiIiIiISINHjx6Ve10DHdaDiIiIiIiIiIiIiIiIiIj0iAEwEREREREREREREREREdFrggEwEREREREREREREREREdFrggEwEREREREREREREREREdFrggEwEREREREREREREREREdFrggEwEREREREREREREREREdEr4tChQyXOZwBMRERERERERERERERERPQKUIa/JYXARnK5vKrqQ0RERERERERERERERERE5VA49D106BA8PDyKLMcAmIiIiIiIiIiIiIiIiIioGiuuxa+mEFirANjb2xteXl46qdyuXbuwc+dOnZRF+rd48WLI5XL4+PjouyqvPYlEgtGjR8PFxQUAcPnyZezduxdxcXF6rhkRERERERERERERERFVJk0tfYtjIJfLUdpDV+EvAHh5eZW6PT4q/6ELEokEzs7OaNWqFSQSiU7KJM26dOmCH374QQh/AcDFxQU//PADunTposeaERERERERERERERER6YdEIoGnpycsLCz0XZVqRasAOCMjQ2cbzMjI0Hv4yYduAuBBgwZp/J90b/z48eWaR0RERERERERERERE9DqSSCTw9fXFmDFj4OvryxBYhVZdQK9cuRLDhw/XyQb379+vswCS9MfCwgK9e/cWnvfu3Rvbtm3T6c0CpCCRSGBnZ1fsfDs7O0gkEnYFTUREREREREREREREb4x58+ahRo0aAIBGjRrB19cXPj4+zKqgZQAcHByM4ODgKqgOvSrc3Nw0Tjty5IgeavN60+aOFd7VQkREREREREREREREbwJbW1skJSVh+fLl8PX1VQuBBw0ahD179ui5hvqnVRfQ+nr88ssvOHXqFJYtW1bqsmPHjsWpU6fQsWPHMm+nV69eOHXqFIYNG6bV8tu2bcOBAwe0WrZp06YYOHCg3velrruA1tTls666gQ4JCYFUKsX+/fuLzHvrrbcwf/58GBsbl1rOkCFDIJVKMXPmTJ3US19atmxZ6jINGzYsV9m9evVCREQEpFIp3nvvPbV5Y8aMQXh4OBITE3H69Gk4OzsL89q1a4fTp08jISEB4eHhaj0EWFtbY/fu3Xj8+DHu37+Pb775RpgnEong6+uLu3fvIj4+Hn5+frCysqrUbZb2OomIiIiIiIiIiIiI6NXg5uaGn3/+GW5uboiLi4OPjw/S09OF+Tdv3iy1jAYNGkAqlWp8xMbGFrueVCpFQEAAAGD48OGQSqWYNm0agLLlV2UVHh6u9UPJSOe10JF33nkHjo6OCAkJQadOnWBtbY3nz59XyrZu3LiBr7/+Gvfv39dq+XXr1sHExESrZb28vPD222/j6NGjFamiQCQSVVkX2ra2tpgxY4bGeZq6JLazs4Ovr6/G5Tds2ICkpKRSt9m2bVs0a9YMJ0+eRJ8+fWBnZ4fExERhvqenJ+bPn4/169cjLy+vxLJCQkLg5eWF6OjoUrdbnWlzsXrw4EGZy/3444/h6+ur8X3v7OyMTZs2ISQkBJs3b8acOXOwc+dOdOjQAUZGRvj9998hk8nw7bffwtPTE1u2bEFkZCTu3r2LtWvXwt3dHcuXL0fz5s0xe/Zs3Lt3D35+fpg8eTJmzZqFXbt24cmTJ/j888+RmZmJKVOmVNo2S3qdRERERERERERERET0anBzc8OsWbMAQPgbFBQEHx8f+Pr6Ytu2bYiKitK6vLi4OGzevFltWmZmplbrXrp0CV5eXkKGU5b8qipo1QW0nZ0d+vfvr5MNnjhxQi3QK07fvn2RkZGBtWvXYufOnXBzc8O+ffuE+Q0aNMDnn3+Oxo0bIzo6Go8ePQIAyOVy2NjY4Pfff8exY8dgYGAANzc3xMfH49tvv4WXlxdcXV0RFxeHr7/+GsnJyWjVqhUWLlyIjRs34s8//8TOnTuRn5+P3bt3Y+LEiTAxMcHBgwfx66+/AlC8qaytreHh4QEDAwNMnjwZbm5usLS0RHx8PHbv3o1Tp05h+/btqF+/PgAgICAAI0eOxPr165Gfn4+goCCMGTMGY8eORUZGBmbNmgUXFxcYGRnhxo0b+OGHH5CcnIx+/fph/vz52LJlC/7zn//gxo0bWL16tU6ORWksLCzQqlWrMq1T3PLadlHs6emJ1NRUzJ07F+Hh4Rg5ciR++uknAMCaNWswfvx4AMCTJ08wYcIEnDx5EitXrkT//v1hbGyMS5cu4ZNPPkF8fDy6dOmC3377DYsWLcL69etRs2ZNLFq0CAMGDICVlRViYmKwZMkSBAUFAQA6d+6MxYsXw9nZGXl5eThz5gw+++yzSrvxQFva9FVfnv7sc3Jy0Lt3b/Tu3btIi9kRI0ZAJBJhwYIFuH79OqytrTF37lx07twZZmZmsLe3h4+PDzZt2oRbt27hwIEDGDZsGDZs2IABAwbg9OnTWLlyJUxNTeHh4YGRI0fCz88PI0eORGpqKmbOnAmZTIaePXvCw8MDM2bMqLRtlvQ6iYiIiIiIiIiIiIio+lMNf5VUQ+CpU6eWOSt58uQJNm3aVOz8BQsWYMKECQCAJUuWqDXQ7Nq1K7Zt24YFCxagadOmRfIrTb3cViWtAuA1a9ZobPFZHv3798cHH3xQ4jIGBgbo3bs3goODkZCQgMjISPTr1w/+/v7CMgsWLECTJk2wbt06IUAFFAFwbm4uAEW3r1u2bEFGRgZGjBiBNWvWYMeOHUhOTsaYMWPg6emJDRs2CAdM2T1yfn4+bG1t0b59e6xYsQLTp0+Ht7c3zp49i3v37gl1kMvlcHd3x6hRo7Bp0ybcuHEDo0ePxrRp03Dt2jX4+vpi48aNiI+Px/Lly5GSkoL8/Hy8/fbbcHJywoYNG5CWloapU6fC3d0da9euRVpaGhYuXIipU6di8eLFwl0CI0aMwJ9//ono6OgqawEcFxeHdevWFTmhymrdunWIi4srdTlDQ0OMHDkSR48exaNHjxAcHAxPT08hAP7xxx/h7OyMTp06YfDgwYiKioKvry/ef/99zJ07Fy9evMDWrVuxZMkS4YRUtWHDBgwZMgS+vr64efMmvv76a/j7+8PV1RW3bt3Cr7/+iufPn2P48OF46623sHHjRnz66adYtGhRhV5/RcXFxSExMbHYczAxMVGr/VvY1q1bAQC9e/cuMq9x48YAgIcPHwp1AICmTZtCLBYXO08ikcDIyEiYl52djYSEBDRt2hQA0KRJEzx58gQymUxY18XFBfXr16+0bZb0OomIiIiIiIiIiIiIqHrTFP4qTZgwAaGhoeVqKGdqaooGDRqoTUtJSUFKSgoGDBiAefPmITg4GKtXr4a3tzdEIpHGcjTlV/qm1RjAugp/AcDe3r7U7XXs2BG1a9fG9evX8fbbb+PatWto0qQJHB0dIZfLYW1tjaZNmyIqKgoHDx5EQEAAzp49W2Rb//zzDw4ePIjff/8dAPDs2TP89ddf2L17NwCgfv36RcJU5XMTExOsW7cOoaGhOHbsGABAIpGoLS+Xy4VgqkWLFrCyssIPP/yAoUOHIjk5GXfv3gWgCKSio6ORn58PADAzM8OyZctw+PBhZGVlYevWrRgxYgQOHDiAwMBAZGRkoHHjxmrbCg4Oxu7duxEeHl6lYwAHBQVh0aJFav2nays9PR2LFi0SWtiWpnfv3rCxscGFCxdQt25dnDlzBq1bt0bz5s0BKMK/1NRUAEBYWBhevHiBxYsXo2nTpvjll1/w559/IjU1VW3cWCVra2sMGTIEISEh+OGHH3DixAksW7YMRkZG8PT0BACYm5ujTp06aNOmDR49egSJRKL38FcpNDS0XPPKSzlguvJmipycHACKfaRsza2cVtI8ZRnm5uYAFC3BVecp/7ewsKi0bRIRERERERERERER0auppPA3PT0dPj4+5Qp/AaBjx46IjIxUe8ycORMAhJ6Rly9fjtOnT+PLL78sthxN+ZW+adUCODw8HG3bttXJBpUBZkn69esHAJg3b16R6Zs3b4aVlRUARaCrLEs5vqxqwJmcnAy5XC4ceOXyyufGxsZqy6sGpBkZGUhLSwMA4a/q8srH4cOH4ejoCHd3d7z77rsoKChAYGAgVq5ciby8vCKhq1wuR1ZWFp49eya8rjZt2mD8+PGoW7cuRCIRTExMIJVK1db7559/qqzlb2FRUVFC/+nKkK40ypOuLC1Tx4wZAwBCi1/V6cV13evq6or58+dDIpHAwMAAYrFYbd8qKbvi/ueff4RpT548AQA4ODgAUIzXvHr1aqxYsQIA8OjRI3zyySdaB9iV6ciRIxg8eHCx83RNGfiLxWKkp6fD1NQUgKKr6YKCAgAQpqnOU55bymnKMpTTMzIy1OYp/09PT6+0bRIRERERERERERER0atHm/C3PD2kKt26dQvfffed2rQ7d+4AAGxsbAAACQkJwl9l76avAiNtFpo9e7ZOA+CSmJmZoUePHggLC1Pr8nnixIno27cvNm/ejJSUFADAW2+9Jcy3t7fXSf3KKi8vDz/++CPWrVuHxo0bY+jQoRg4cCAuX76M06dPa1xHGWYBipbGCxcuxPPnzzFy5EhkZmYKLY5V6ftNFRcXp3UIXJ6TrkaNGhg4cCDOnj2LjRs3CtMXLVqEkSNHagyAxWIxtmzZgsTERLRo0QLp6elqAa8q5XRl2AtAaNavnHfx4kV07doVNjY26N69O1asWIEVK1agU6dOWr+OypKUlISoqKgirZujoqKEmx90KTY2FgDQqFEjPHv2TOie+datW0KLW4lEIiyjnBcXF4e8vDxhmoWFBezt7XHu3DkAQExMDFq1agUjIyPk5+ejcePGyMjIwKNHjyptm0RERERERERERERE9Gqp7PAXUDQcPXr0aLHzAEX+GBsbCwcHBxgYGFRoe1VJqxbAAHD9+vVKropCr169IBaLcerUKVy8eFGYrhxAuW3btrh+/Tru3bsHZ2dneHh4ICsrCz169ACAIl0cl+W5pnmF/xaeP3XqVAwePBhLly5FYmIikpOTAQCZmZnCeMQODg7o3r07rl27VqRsAwMDGBsbw9jYGPXq1UOfPn2Ql5cHS0tLNGjQoNht64O2J1KNGjXKfNINGTIEZmZm8Pf3x4kTJ4Tpbdu2xYIFC+Dq6orz588jKysLgKK17tmzZ2FiYgITExM0adIEI0aMQE5OjtBFuKrnz5/j4MGD8PDwwIwZMxAbG4sFCxYgOzsbO3fuhL29PS5evIjTp09jw4YNSEpKQmZm5mvdirRTp06oW7cunJychOdGRkYICwvDvn378Omnn2LJkiU4cuQIxo8fjzt37uDq1aswMjLCP//8gylTpiAvLw+enp7Izc3F/v37kZWVhcOHD2PIkCGYP38+nJycYGRkJHS7vmfPHri4uGDDhg1ISEhAp06dsH37dhQUFFTaNkt6ncXdMEBERERERERERERERPpRFeEvANSrV0/o8lmVn58fTp06hXHjxmH+/PkwNDTEuHHjSszpVPOrv//+W+/5g1ZjAFflw93dHQBw+fJltemXLl0CoOgGWi6X47vvvsO9e/cwffp09O3bFwcOHADwsptmJW0CYFUlLatp/u7duxESEoJ58+bhv//9L/r06YNNmzbh4sWLkMvl2LdvH4yMjDBr1ixYWloWKTszMxObNm2CsbExli9fjpSUFKxbtw7GxsZF3ty63M/lIZFItO4CWtlSU1vKcXhPnTqlNv3kyZMAgNGjRwMAduzYgefPn2PevHlwcnKCj48PxGIx/P398fz5cyxYsAAmJiZCN86qZsyYga1bt+Ljjz/G1q1b8fz5cwwdOhT3799HQkIC5s+fj5YtW+L48ePYvXs37t69i4kTJ5bpdVQWCwsLNGzYsMj0hg0bCq1jy2r27Nn47bffhH2rfO7q6orbt29j8uTJsLOzw8KFC3H79m188MEHkMvlyMvLg5eXF+Lj4+Hj4wNzc3N8+OGHePjwIQDgs88+w7Fjx/DJJ5+gW7duWLJkCfbt2wcA+PXXX/Hjjz+if//+mDRpEvz9/fHVV18BQKVts6TXSURERERERERERERE1YeFhQUmTJigcZ4uw19AkbEsXry4yMPGxgZHjhzBunXr0KJFC2zcuBEnT55EWloaTExMNJalml917NhRJ/WrCFGPHj3026yU9OLGjRtlXmfQoEH46KOPtFp269atlTI2bVkMHToU27dvx6JFi7B+/Xq91qUi3Nzc4OnpCTs7O43zExMTsWfPnmoxVjEREREREREREREREVFFSCSSIkOS6jr8fRU8evQIQOnD66pSDumrVRfQEyZMKDZtL6tt27Zh27ZtOimLqlbh8WcBICQkBADQpUuXIsvqMwCWSCQYOHAgAODFixd6q0d52draYvTo0ejSpUupra7t7Owwa9YsTJgwASEhIdi7d2+ljAtMRERERERERERERERU2eLi4uDj4yOEwG9i+FtRWgfAujJhwgRs3bpVZ+VR1WnZsqXwf3p6OrZt2ya0OnVzc8OECROEsFJ1WX1wd3fHsGHDEBISgkOHDum1LmVVeF9qq0aNGujTpw+6dOmidmyIiIiIiIiIiIiIiIiqO4lEgvfeew8bNmwQQuB58+Zh+fLlDH/LyECbhdLT03W2QV2WRVXH1tZWCCSjoqIwZ84ctYAxKCgIc+bMQVRUFABFGGlra6uXugLAzz//DBsbG/Tv3x+pqal6q0dZ2draYtasWWUOf1XVqFEDs2bN0uv+JyIiIiIiIiIiIiIiKgs3Nzf06dMHM2bMAKBoCTx16lSGv+WgVQvg7777Dp6enjrZ4J49e6DNNql6ycjIQEhICKKioort2jkpKQmLFi3CoEGD4OzsjIyMjCqu5etBGaITERERERERERERERG9KSwsLHD48GH2cKoDIhcXF6axb6Bbt27puwpEREREREREREREREREpMGjR48AAOHh4Vqv07ZtWwBatgAmIiIiIiIiIiIiIiIiIqLqjwEwEREREREREREREREREdFrggEwEREREREREREREREREdFrggEwEREREREREREREREREdFrggEwEREREREREREREREREdFrggEwEREREREREREREREREdFrwkgmkwlPRCKRHqtCRERERERERERERERERPRm0XWDXaPKLJyqLx5rIiIiIiIiIiIiIiIiotcPu4B+Q/G4ExEREREREREREREREVU/Fe212ejixfM6qkr1kZDwL+ztbfRdDaoAHsPXA4/j64PHsnrgcaDi8L1R/fEYVX8JCf+iUaNG+q7Ga+/+/fvcz0RERERERFQthIaGwtnZWd/VKFZ+fn651zXQYT2IiIiIiIiIiIiIiIiIiEiPGAATEREREREREREREREREb0mGAATEREREREREREREREREb0mGAATEREREREREREREREREb0mKj0AjnyRj8gX5R+kmIiIiIiIiIiIiIiIiIiItFPpAfCGmCxsiMmq7M0QEREREREREREREREREb3xKjUAPpeYh11xOdgVl4NziXmVuSkiIiIiIiIiIiIiIiIiojdepQXA0lwZ3r+QJjx//0IapLmyytocEREREREREREREREREdEbr1ICYGmuDAMCU9UCX03TiIiIiIiIiIiIiIiIiIhId4x0XaAy6I2U5heZFynNx4DAVPzdpxasTCp9+GEieoWdOHESkZFRmDRpAqysrPRdHSoHqVSK9es3FpluZWWFmTM/1kON3lx79vgjNvYOTE1N0axZU3Tu3BH29vb6rhbpWVZWFk6dCsTDh48gFovRvHlT9Ozpqu9qUQkiIiJx6NARtWkeHoPQpk1rPdWIiIiIiIiIiIiqI50GwCWFv0rVNQSWSqU4fPio2rQGDRqgVy9XPHjwEA0bOuqpZlQRCQkJCA29CgAMPF4hERGRwnHbu/dPTJ78kZ5rROUhlaYUM11axTUhD49B2LFjF5KSkhAREYmIiEiGRoSTJwMQGXlDeJ6YmAi5HOjViyFwdaXpulrctZaqVlZWFm7duoWnT58iPj4eAFCnTh3UrVsXLVq0gJmZmZ5rSERERERERERvEp0FwMWFvz+71AQATLn8cjzg6hgCS6UpePDgodo0uVwOwBV+frv4Q/krSCqVws9vN7KzswEAMTGxbE36CijcuikxMRGHDh2Bh8cgPdaKyqNhQ0fY2toiKSlJbXrnzh31VKM3l5mZGcaN8xJCYAA4dOgILC0teYPTG0oqlaqFv0qRkTcYABOVUUBAAIKDg4XvnEr3798HAJiamqJHjx7o06ePPqpHRERERERERDrw+PFjiEQiAIC5uTlq166t5xqVTCfpa0nhr7dEDG+JWAiClZQh8KsyJvChQ0cQERGp72pQGURE3FD7IS47Oxu3b8fqsUZUGk1dWwKKoILn36tpypSJcHRsIDzv2dMV/fu767FGb4asrKwi08zMzNC/fz+1aSdPBlRVlaiaYQt9oorLysrCli1bEBgYqPad08rKSu2Gw+zsbAQEBGDLli0ar89EREREREREVP09efIEjx8/xuPHj5GQkKDv6pRKJy2Ax5xPKxL+ev0v+FVS/l+4JfDUkHT84VpLF9WodMpgii2BXw1WVpZFppmZmeqhJqSN4sJfD49BaNr0HezYsQt2drbsxvsVJBaLNf5PlWfHjl0YMmRQkfMlISFR7XliYiKkUil7RiBB69at9F0FqoDLl0ORm5sjPBeLTdGlSyc91uj15ufnh7i4OOG5RCLBqFGjhDuAX7x4AX9/f2GZ+/fvY+fOnZg0aZJe6ktEREREREREb44KB8CTL6fhfFJekemD6xX9kV9TCHz4cS6+CEvHivY1KlqVKlGRELigoAB//30cFy9ewr//JsPMzBSNGzfG0KEecHSseBecp08HoXdvtwqVceFCMM6dO48vv5xfZF5eXh4mT56G1atXwNraukLbqQpt2rTGgwcPhS4uW7duVeHwft26Dbh+PVxo5q9q9eoVJTb5v3fvPoyMDHVyrFWFhISiZUsn1KjxapxDmpQU/iqP2bhxXtiyZRvGjfPSSViVkZGBL79cBAeHuvjii7kVLk+T5ORkfP75fPzyy88wNDTUefklna/6smLFauTk5BQ7/9SpAJw6pd7qtGnTd+DpOapC2/X3/xNBQWfwyScz0axZ0wqVpYnqvq6O+72wpKQk+PntxtixH6iFwA8fPiyyrFSaopNz6tGjR/jrr4O4c+cucnNz8dZb1ujevRsGDPhPhd//hw8fwbFjx+Hm9i7q1q1TbfZ/cef4+fMXcPlyCCZM+D+89dZbeqxh8UxNi35Pc3RsgCFDBgOA8PmZnZ2N5s2blSsYPnDgEO7du485c2arTb9y5Sp27/4Da9asKl/ly2Hu3HkYP/5DtGzpVGXb1IfC11cAJQbA2dnZmDZtBpYsWYy6deuUWv6aNWtx9+49TJjwf+jQoX2F6vqqCwgIUAt/raysMHbsWLWxfmvXro2xY8di3bp1Quv6+/fvIyAgAH379i3T9jIyMvDpp5+iXr168PHx0c2LUJGXlwdvb29s3Lix2l63iIiIiIiIiF4V+fn5SEtL02s30RUKgA8/zsWuOM0/9C+9kQlXW6MiY/xqCoF/ismGq60JBtczqUh1qkx5Q+D//nczHj16hHHjxqJJk8bIycnF6dNBWLp0OXx8FsLBoW656ySVSnHkyLEKB8CdO3dC27ZtKlRGddKmTWshANZVy+2BAwdg1KgRZV7v3LnzaNRIUiQAVow1DY2hsjb27/8LDRs6likAlslkMDCoHuNvaxP+Aorua0ePHoFDh46gZ0/XCo9beuHCRXTv3g0RERFISEiEvb1dhcorTCaTwdraGj/+uLpSwl+gep6vJYW/ulxHVX5+Pi5fDsHo0SNx5szZSgmAVZVnv1f1OScWi5GdnQ0/v93w8BgEqTQFsbGxRca6BzQHgWUVFxeH779fid6934WX1/uwsrJCXNwD/PbbDsTHJ2DSpI8qVH5ISCjGjvVGt24uyM3N1en7viLXYE3neGZmJgwNDTF37mflvq5XBXt7e1haWiIl5WVX0O7uikDq9u0Y+Pv/KUyPiYlFfHz8K9l9u/Lc8/FZCHNzs9JXoGKlpaUjMvJGmW8ErE7fOXQlKysLwcHBatO6d+8uhL/+/v4QiUQYOXIkzMzM0KFDBwQGBgrLBgcHqy2vjTNnzqBXr164du0a4uPjUadO6YE9EREREREREVW9/Px83Lp1C7Vr1341A2BprgxTQ9LVpg1yMMH5pDyk5MlL7N7ZWyLGuUT18HhqSDpcba2KBMbVQb9+fYsEFFlZ2cUsrVlMTCzCwq5j8eJvhRYWYrEYQ4d6wNbWBsbGikORnJyMnTt3IyEhASKRCC1atICn5yiIxWJs27YdFhYWePbsGV68eIH09HR8+OE4SCQNsXjxUqSkpGDBgq/w2WezYWxsDD+/XXj69CkMDAzQrl07DBs2BIaGhsWW07x5M4SGXhFaVslkMvzxxx5cvRoGCwsL9O79rtprCgw8jdOngyCTySAWm2L06JFwcmpRgT396ktJScXWrduQmJgEmUyGunXrYMKE8QgODsalS5cRHh6B+Ph49OnTGwsXfo2hQ4fg6NFjWLz4G3zzzWJMnToZLVo0BwDs3v07ZDI5vL0/QF5eHvbs8cf16+EoKCiAi0tneHqOxsaN/0VS0r9YvfpHjBgxDJmZmQgJCcX8+V8AULQWmTHjE6xb9yPCw8Nx5cpVGBsbIzn5Gb791gdJSUnYvn0HkpL+hUwmQ4cO7fDBB+9XaWhx4sSpItMKh79KysDCz28Xxo71qlAIfO7cOUybNhU1a9bA2bPn1FqgfvaoJSM8AAAgAElEQVTZ5+jbtzeiom4iPT0DlpaWmDhxAiwtayEvLw+//eaH27djIJPJUL9+PUyYMB6WlrVw/vwFtX08c+bHaq0Dz5+/gBMnTqKgoAA1a9aEl9f7cHR0xPPnzzF//lcYN84bly5dhlQqhaNjA0yaNBEikQjPnz/Hb7/54eHDRzAxMcGQIYPRvXs3tfMVAP7++ziCgs4K5Y8d64XGjRuVex+9Kq5dC0Pjxo3QvXs3HDhwCOnp6cINEcHBl3Dx4iXUrWuPuLgHSElJxf/93ziEhITi6dOnyMrKwrRpU1GvngO2bPkF5ubmSE5+hpSUFOTnF2D8+HGQSCRq21Pd72V5P3z7re5bbBWnWbOmQuvNvXv3Vfr2/P3/RIcO7eDpOVqY9s47TTBz5nTcu3cfAJCbm4u9e/fh5s2bkMvlsLGxxbhxXrCxsUFw8CVcunQZ9es7IC7uAV68kKJv3z7o168P1q//CQkJidi37088efIEderYC/tfec198uQprK1rw8WlC44fP4mVK79HUNCZYq+H2dlZRa7BeXl5xV4Pi7sGP3/+XO0cv307Bnv2+CMrKxNHjhzFu+++K4SqX3yxAO7ufREeHon09HQYGxth+vRpeu1+u3PnTkKLUbFYLLQWP3v2fJFlQ0OvomdP1zIFVtoo7nPT0rIWPvnksxI/F8ty7vn6fie0AFY9TgYGBmrH6dy58/j77+NCaPmf//RHr149dfqaq7PiviM6OjbAd98tAQCsXLkaI0eOgKNjg2K/s27ZshW1atVEVNRNNGvWDBKJROtrMYBiPy/lcjl27/4dERE3IBIBZmbm8Pb+AE2aNK7S/RQdHa025i8AJCQkIDAwEC9evEBYWBgAoH379mjUqBEaNWqkFgBnZ2cjOjoaHTp00HqbgYGB+PTTT1GzZk0EBgbC29sbAPDVV1+hW7dueO+99wAobmqZNm0apk6dijNnzsDBwQGjRim+41y5cgV//PEHVq9eDZlMhh07diAkJAQ1atSAu7v6DR7h4eHYtWuXcFPLsGHD4OZWsRtNiYiIiIiIiF53yvA3MzMTgOZGJzVr1kStWpU/NG6509alUZmQ5sqE5662xtjTsxaO97GEpbHiBR1+nIsBp1PUllPa7FITraxe5s/SXBmWRmWWtzqVIiUlFQ8fPkKdOvZo2NBR7VGnTtnGIY2OvgWJpKHG7vW6desKW1tbAMDmzb/AwcEB33+/FL6+3yA+Ph5HjhwDABgaGiI09Aq8vb3w1VcL4OraA3/9dQBisRgTJvwfatWqhWXLlsDGxgabN/+Ct96yxtKl38HHZyFu376Ns2fPlVhOYVevXkNYWDgWL/4Gixd/g6Skf4V5N29G49Chw5gz51MsW7YEI0cOw4YNG5GWll6knKoilUrx8OEjtUdiYpIwPzExqch8XQ/UfepUAGrUqIHly5dixYpleOedJoiKisLAgQPQsKEjhg8fijFjPGFsbIzc3Fzk5uZg/fofS70L5OjRvxEfn4Dvv1+CZcu+w82bt3D6dBCmTp0MAJgzZza6dOlcYhnGxsaIjb2Dnj1dhSBqx45dcHR0xKpVy/Htt18jNPQKwsKu62ZnaGn06JGwtHw5XnNx4S+gaC2sbNFd+IfXsrh9Owbm5uaoV88B3bp1w+XLIcjPfzmOuYGBAWJiYvH553Pg6/s1TE3FOHjwEADgxImTSExMxPffL8HKld+joECGo0ePAtC8j5ViYmKxZ48/Zs2agWXLlsDdvR/Wrt2A/Px8GBoaIi8vD6mpqfj88zlYuPBLREXdxK1btwEAW7ZsRcOGDbFmzSrMnj0LO3bsxOPHT9TKv3v3Hg4fPoovv5yH1atXoF27Nti+fUe595G+nDhxEosXL9XYKrw4Z86cRc+erjA2NkanTh0QHHxJmGdoaIDY2Fj07NkTCxd+iY4d22P9+p8wcOAALFz4JVq0aIGAAMWP8iKRAa5eDcNHH42Hj89C9OzZA7/8sq3U+pbn/VDZyjLmp5/f7gpdCwsKChATE4tu3boWmWdnZydMP3LkGJ4+fQpf32/w/fdL4ejYAFu2bAWgOE63b99Gu3btMH/+F5g8eSL27NmLvLw8zJw5HTY2b2PcOO8ivS8cPHgIhoaGWLVqOWbPnoXz54O1ammo6Rpc0vWwuGuwqvT0dKxbtwEjRgzF998vxdy5n+HIkSO4eTNaeI03b0bj009n4ZtvFsHU1AxBQWfLvsN1qHnzl63lVXtBSEpK0rS42meqrhT3uVma8p57JR2nnJwcbN++A59++gmWL1+Gzz+fg+vXw5GXV3Sok9dVcd8RzczMhJuNvv56ETp0aF/id1ZjY2OEhl7F7Nmz4O39QZmuxSV9Xt68eRORkTewZIkvli9fhuHDh+LKlStVvp+ePn1aZNq1a9cQEBCAa9euAXgZ/ha3vKZpxYmOjoaFhQXq16+PXr164cKFC8L3Fjc3NwQFBaktK5fL0bp1yT3fhISE4MqVK1i1ahVWrlyJxMSXY8Tn5eXhxx9/xPvvv4+ffvoJ06ZNw+bNm5Gamqp1nYmIiIiIiIjeNIXD38zMTDx+/LjI48mTJ6WUpBvlagEszZVhV1yu2rSfXRStrVrXNsLxPpb4T2AKUvLkOJeYV2xL4D09a8Lp0Avh+a64XHzpLKs2rYClUil27NhZ7PyytEDMzMwotZVPamoa7ty5i48/ngpA8eNZjx7dceLEKYwYMQwA0KqVM2rVqgkAaNCgPgIDg4qUk5aWjlu3bmPSpI8gEokgFovRq1dPBAdfFLqI1qac6OhbaN26FSwsLAAAbm69cPz4CQBAWNh1tGvXTugC0NnZGRYWFrhz5w7at2+n1T7RlaysLOzbt19j16aqTp4s2tIUUAQUY8d+oHWrpr//Pl6kLGfnlvjkk5mwtq6Na9euISIiEs2bN8OgQe9pLEN510fXri5atba9evUqBg16D8bGxjA2NsaCBV/AyKjsp6+5ublauDpr1nRh+zVr1oCjo6PaD4BVoWFDR0yaNAEnTwYgNTUVTZu+o3E51a6iLS0t0bx5s3Jv8+zZc+jZ0/V/ZdVCo0YSXLsWphaid+nSWdg3HTq0x+HDim0PGPAf9O3bR9j/Tk7Ncft2jLBe4X2sdOXKVXTo0F642aNjxw74/fc9uHPnrnBjiDIoMzMzg62tLZ49e4a0tHTcvh2DqVMnQyQSoW7dOli1agXMzc3w4MEDofzGjRth1arlMDc3B6A4x48e/bvc+6gqJSYmISYmFhERkYiJiQWgON6Wlpbo1cu1xHUTEhKRnPxMGNezZ8+e+O9/f0b//v2EZezsbFG/fj0AQJ06dWBvby+EXXXq2As3FQCKscKVrYc7deqIXbt+R0pK8T94l/f9UNns7e3h4TFIqyBd2VV04fGCtZWVlQWZTAZLy5I/465duyZcxwDFZ8rRo8eQkZEBAHj77beE89/RsQEKCgoglUphY2NTbJnR0dEYOXIERCIRLCws0KVLZ5w5U3qoqukaXNL1sLhrsGoYEh19C7Vq1YSzszMARffQbdq0QUREhPD+7Ny5k9BdtKNjAyQnJ5da18oklaaUvlAl0/Zzs7DynnslHScnpxaoVasWzpw5B1fXHqhTxx6zZ8/Swat8tWjzHbG076wikQjNmzdVG0tW22txSZ+XVla1kZaWjosXL6Ft27Zo3bpVucanrqj4+PgS57dv315odZuVlYWLFy+WuQxVAQEB6N27NwDFd6AmTZogNDQU3bp1Q7du3bB9+3bcu3cPjRs3xsWLF9GjR49Sb4a5ceMG2rVrJ3zP79evHw4fPgxAcTw3btwofDdu0aIFDA0NkZSUVCV3KBMRERERERG9agqHv9VBuQLgnfdz1Fr1Tm9mCkeLl+PfKUPgrselABQtgadcTsPPLjXVynG0MISXRCx0BS3NlWHn/RzMaP76jdFWs2ZN3L17v8RllD8k16z5cj/VrFlTbXw+MzNT4X+RyAAyWdHW1crllyz5Xpim7EKvLOWkp6erjS+mun5qamqRoKBwXatKaOjVUsPfkiQmJuLcufNaj204YMB/ih0DuHdvN4hEIhw/fgKbNv2Mli2d4OX1frFj5anu05KkpKSojfGrDPkKCgq0Wl+p8I92t2/fxokTp5CVlQ2RSBHEVfb4qZqYmZlhyJDBuH07Bjt27EL//v3Ubq4oPE5waaFgSdLS0nHtWhgiIiLx++97ACjGJ8zKylILgGvWVN3fZkhPV4RUiYlJOHDgIJKTn0EkUvQUoHqeFPfDaEpKCm7ejBZaAwJAbm4OUlJShADY1PTleWlgoDgvleeU6vFXrZtSdnY29u8/gPv34wDIkZeXJ4xtWt0V103xw4cPAZR8rM+cOYOUlBRMn/4ypMnOzkZMTKzwXhaLX45xa2BgoDbmrWI/v9xPqvtZ+cO3MqDUpLzvh6rQpk1rWFpa4sSJU8W26FSqSAhsYWEBQ0NDPH/+XAh3NElNTVW75in3dWpqGgDA1PTlZ78yiNX02aQqPT1dCC8AwMbm7TLVXbU+JV0Pi7sGqyr8+gDFa3zx4uWNbqo3GolEIsjlJb++ynT7dgzOnbsgPFe90UEsFmscm7us40WLRND4GpU9HwBl/9xUKu+5V9JxEolEmD//Cxw/fgKrVv0AAwMDDBo08I3qAhrQ7juiNt9ZC+9nba/FJX1etmjRHNOnT0NQ0Bns3bsPdna2eP/9MXjnnSblfbk6JxaLMWjQIACK8Hfnzp1q14GySktLQ2hoKMLCwvDbb78BUFwbMzMz0a1bN5ibm6NLly44c+YMGjZsiJCQECxatEirch0cHITnhc+ZoKAgXLp0SfgukZ+f/8p8ryAiIiIiIiLSB02/p+lTuQLg80nqXeF5S0yLLHP4sXoL4Z3/C3kLh8BftTJXGwv4fFLeaxkAOzu3xF9/HcSDBw/QsGFDtXlHjx6Do2MDODoqpqekpAg/fKalpZV5fMDatRXLf/31Io1BkbbMzc3Vgg/VlkKWlpZFwt7y1FUXFCERYGtrq9bqD1C0DlSOb9ivX1+1Li4BCMGILru1dHN7F25u7yIrKwt+frvwxx97hRYyham2/i3cUiMrK1v4sbRWrVpCSAIofuiWyQqK/FhXuIySuklOS0vHunU/Yfr0aWjXri0AYNWqNVq8wsrTvHkzODo2gL//n4iNjYW7e78i4S9Q9jG4VV24cAGdOnXEpEkfCdNkMhk+/XQOEhIShfeI6v5OT88UzqXNm39BixbNMG3aFIhEIhw5chQxMXdK3W7t2lbo1q0rvL0/KDKvpBsnlMdY9bqQlJSkFnoBiq5wHz9+jC++mANTU1PcvXsPy5evLLVeVUFxfXNEdnYWHjx4VGoYqa28vDwEB1/Ed999K7QUA4CTJwNw9uzZct3MoNqiMz1d0aV9STdqlPf9UFUaNnTElCkTIZVKIZWmCIHLjh27inwhKW8ILBKJ4OTUAmfOnC3S4vL58+c4cOAQPvxwLCwtLdXOq7Q0xf9WVpZ4WM57eMzNLZCVlSU8T05+JvyvzfVQeQ0u7XpY3DVYVeHXpyg3DVZWlqhOLl8OxZUrVyGVStWmS6VSZGVlwczMDI6ODRAbq/4+Vh0jWFvW1taIj0+AXC5X+7x7/PiJWlhf3OdmSZ+L5T33SjtO9vZ2+L//GwcAiI29gx9++BFNmjSBg0PdMr32ilixYrXa+WlqaorPP/+syravDeXQDSV9Z9WmhxNNSvq8BICWLZ3QsqUTCgoKEBR0Bhs2/IS1a6v2+0udOnUQFxencV7dunWFmz38/f1x/77mG0BVb1goSVBQELp27Yrp06cL02QyGaZMmYL4+HjUqVMH7777LtauXYu2bdvC2toajo6Km+gMDAzUQlvVu5AtLCyEzzkAaiH1tWvXsH//fixbtgy2traQy+UYO3asVvUlIiIiIiIiehMZGRnByckJ0dHRZW64V1nK1ddypPRl5RtYGKJ1bfUceWdcjtp4vsoxgXfG5WDKZfUf3VRbDgPAowz9tYapTI0aNULXri5Yu3YDwsKuIyMjA1KpFPv27cfx4ydga2uLmjVroFmzpkJXe3l5eTh37jw6dCi9S2UjIyPk5uYiPz8fFhYWcHJqIXTXLJfLcfToMbVxMbXRrFkzREREIi0tHXK5HIGBp4V5HTq0R3h4OJ4/fw5A0UIzKyuz2O57q4KZmWmRsZpVA197e7si81VbuejCtm3bhbGWzczMYGNjI/zwZmRkVGLzf2vr2kLf7ykpqYiKuinMa9++Pc6cOYOcnBzk5ORg7dp1uHo1DAYGBhCJREK51ta1kZiYJIxXePFi8cc8KysTBQUFkEgUNx6Eh0fgn3/+QXa2fu9SMTMzw7hx3qhVyxI///yLxi5sT50KKNMYsUpyuRxnzpwtMl6ygYEB2rVrJxw7ALh48TLy8vIgk8lw+fJlODm1AKD4gdvR0REikQgJCYkIDb2KnJzSA+mOHTviypWrQpev//77L376aVOpdwXVqlUT77zTBCdPnoJcLkdSUhK++WaxcO4ppaamwd7eHqampsjKykJAQCAKCgr0Pnbl2LFeGDfOG716uaJ/f3dMmTJR6H5blWqAq6TaWkyT0NCrsLGxLbJu584dce3adbUftrUVFXVT2LcXL15CvXr1SryRprzvh6pmZWX1v2uiPezt7TFunJfG/asMgcs6JvDIkSMQHX0L27ZtR0JCInJzc3Hr1m2sWvUDTE3FMDQ0RIcOHXDu3DnhPRkYGAQnpxZad7+vSZMmjREaegVyuRyZmZlqY4Hq8npY3DVYlZNTC6Snp+PGDUU3tsnJyYiMjES7dlU7LEJJTpw4iVOnAoqEv0rK0FfTmPKljTOvSfv27ZCfn489e/YiLS0dOTk5uHLlKgIDT8PdXXHDVkmfmyV9Lpb33CvpOP3zzz9YvnylcO2oU6cOjIwMq7zVo6abM6qbinxnLU1Jn5dnz57Db7/5oaCgAIaGhqhbt65eWqXWrVv8DQFSqRSBgYEIDAws8VpaUhlKcrkcAQEB6Natm9p0AwMDdOrUCYGBinGTnZ2dIRaLsX37dvTq1UtY7u2338bjx48BKHqNUe2K2snJCWFhYUhLS4NcLsfx48eFeampqbC0tBTOx/3790MkElXL9yIRERERERFRdWFubg4nJyeh5zsTExM4ODgUeZRnGL7yKFcL4EcZLwNgRwv1DLlwyPulszkG1zMRxgTW1BLY1dZYaFUcKc0vT5VeCZMmfYQTJ05h//6/kJT0L0xNxWjZsiUWLfpKCDAmTfoIO3bsxPz5X0IkEqFNm9YYMOA/pZbdoEF91K5thc8+m4uZM2dg0qSP4Oe3C198sQAymQwSSUN4e/coU31dXDrjzp07WLjQB2Zmphg06D2IRCLIZDK0aNEcQ4Z4YPXqNZDJZDA3N8cnn8wq0irxdXTs2N/4++/jRaZPmvQR3N37YefOXTh06AgMDAxgb2+PDz/0BqAYw27PHn88ePAQH3wwpsj6w4cPw65du3H16jVYWVmhU6cOyM9XnGuDBg1ERkYGFixYCJlMho4dO6BPH0W3mS4unbFy5Q8YMsQD/fr1QdOm78DX9ztYWlqha9cuADR3o2prawt397749tvvYGFhjvbt22P06FHYtWs3HBzqwsWliy53W5m5uHRGbKxiPFhLS0u4u/cFAPj7/wlAcdMBAHh4DNK6zOjoW8jIyBTG41TVqVNH/PzzZmG87ebNm2Lp0uVITU1FvXoOGDx4MABgxIhh8Pf/E4cPH4GDgwM+/HAs1q5dh127dqNx48bFbrtp03cwcuRwrFmzFvn5BTAyMsTAgQMgFotL/UF18uSJ+O23nZg9ew5MTEzg6TkK9evXx8OHj4RlBgzoj59/3oIFC75CzZo14e39AZ48eQpf3yVYvPgbrfeRLjk6NtA4TnqvXq44d+688NzW1hZTpkxEQkKCWsvU0rr6Pnv2LDp16lhkupWVFRwdGyA4+BIsLcvWBXObNq3x6687kJiYCFNTU0ycOL7E5cv7ftA3ZQisq5bADRrUx6JFX+HgwUNYunQZsrNzYGdnh759+whjz7/33gBkZGTAx+cbyOVy1K1bFx99VPL+Lc3w4UOxZctWzJ07D/b2dnBx6YKAAEUg0rJlS51dD4u7BqveiGFhYYFZs2bgjz/2YvfuP2BgYIARI4brpVv94kRE3ChxfmTkDbRp0xoNGzoW6emjWbOy3+BlYWGBBQvmYc+evZg3bwHy8/OF465saV3S52ZJn4vlPfdKOk5yuRzNmzfDt99+BwAwMjKEh4cH6tVzKLa8N1l5v7OWpqTPy86dO+H27Rh88cUCGBgYwMLCAlOmTNbBqykbJyenYrtKF4vFQihd3I1MYrEYTk5Fv4sUFhUVhfT0dLRuXXQ8665du2Lt2rUYM2YMjIyM0KtXL/z111/o0ePl9313d3esWbMGCxcuhIWFBVq3bo2AAEXPON27d8ft27cxZ84cmJmZYdiwYcL3fBcXFwQHB2PmzJkwNzfHiBEj0LNnT/z0009YtGiRWtfRRERERERERPSSMgSOjo6GjY0N6tUrfsi8yibKyEgt823zFr8nC/+72hrjeB9FN3CRL/KFcX8BwEsixub/Bb2F53lLxEII/J/AFLVupTPeL9sYfoUlJPwLe3ubMq3z4MFD+PntKtM6Y8d6aQw3qOK0PYYJCQnw89uN7OxsmJqaFgksDh48jMhIxQ/ebdq0VgsLS1uXKq4856KqrKwsJCYmlTgecOHjqgtz587D+PEfagyK31TaHsvFi5cK/1tZWWHmzI+LLCOVSrF+/UbhuaNjA4wb5y3Mi4i4gTZtWlV5l/K//LIN1tbWGD58aJVutywqek4VLS9BYwgMKLqdnTFjWoVa6FYFmUwmdBV8+XIITp48BR+fhXquVdXT5r2xZ49/sb0OODo6onPnjsLxXrfuJ7UAeObMj/UyzMPrpDzXUaVFi74EAJw9e17tBhoA6NnTVbhhpqR1qXQJCf+iUaNGWi0bEBAgtMBV1adPH/Tt21frZXQlICAAYWFh+OKLL3RabmW4f/++1vuZiIiIiIiIqDKFhobC2dlZq2VDQkKE/2vVqoUWLVoUu2xmZiYyMjJgY1Ox33Lz8xWNZsPDw7Vep21bRcOLcnUBrezSGQBu/K876IcZBRhw+uXYiarhLwC0rm2k1up3Z1yO0Br4oUq3z6plE5Vm794/hdaT2dnZ8PffL8yLiIgUwl/lc2Wr0dLWperBzMysyE0Wbdq0Rr9+L380jYiIhJ/fLrVxQKl6kEqlOHToiNqxSUhIwN69fxa7jpWVFXr1ctVb0KSPrkT1qbTuoE+eDNBDrbR39OgxrFixCnl5ecjPz8eFCxfRrFkzfVer2vL0HIVx47w1Pnr1chXC38uXQ4uMTX7u3AVeZ4lU9O3bFxKJpMzrSSQSnYe/L168wIEDB4TeSoiIiIiIiIhIv8zNzSsc/lZUubqAbl3bSGixK82VYV5YOh5myCDNVQS5rayM1MJfJW+JGJEv8vBTjCJ0mxeWARHUu5QuPJ4wUUkK/0Ct+uO0VJpSeHFkZb3sarekdal6c3HpjMTERCHgf/DgIc6dO4/+/d31XDMqLCIiEra2tnBxUYwfevbseSQmJuq5VqSqpO6gC18nq5s+fXrj8eMnQnewzZo11XmPAG8KqVSKc+cuICYmVmO39BERkYiJiUWzZk3Rs2cPtgYmAjB27Fj4+fkhLi5OmBYdHQ2RSCT8r0oikWDs2LE6rcPevXtx4sQJeHh4lHjnMRERERERERG9WcoZABuqddm8IUb9h8KvWpkXu+6XzuZCACzNlWGyynjByrL1wc7OFj17ljzepKZ1SL86d+6I0NCrwvM2bVqp/R8SEioEGmKxGM2bN9VqXar+hgxRtHJRhsCaAv/yWrVquc7KetP069e3SIioem716uVapKv16nItnThxgr6roDfFhcCdO3fSY61KZ2pqiilTJum7Gq881SERSpKdnS30pjFq1Ag0b87W1pWh8HVUtYW+prGYVaeVtC7pnpmZGSZPnoyAgABcuHABOTk5iI+PR3x8vNpyYrEYPXr00HnLXwAYPXo0Ro8erfNyiYiIiIiIiEidg4OD8L+FhYUea6KdcgXArrYmQoiryeB6JsXOszIxgKutsVqArGqQg35+qDIzMxPGT6NXR//+7jA1NcPDhw/h6OiodgytrKwwbpwXQkKuAAC6dOmk1mKp8LqdO3es8vpTxbi794WpqRhSaQpb/VUTypa+xbG3t+dY29WUvb09Zs78GOfOnYdUmoI2bVoz4HtDhIRcKTX8LezUqUC+PypJSdfR0q6hpV2DqXL07dsX3bt3R3R0NJ4+fSoEwHXq1EHdunXh5ORU7cdTJyIiIiIiIqKS1atXT99VKJNyBcCD65mggYWhWtfNqqS5MliZFD+8sOqYv6paWRmhp51xeapEbzBF6Ks5vLe3txdaipZ1Xar+zMzM2O0zkQ7xnHozlTX8BQATk+Jv9iN6E5mZmaFDhw7o0KGDvqtCRERERERERFS+ABgAfu5SAwNOa+5ydef9HMxorvku94cZBcUGxyvaV/8m00RERESvE0/PUfquAhEREREREREREelQ8c10S9HTzhheEs3dNS+7mYXIF/ka5025nK5x+vRmpmz9S0RERERERERERERERERUAeUOgAFgs0tNDHIo2gWgNFeGMefT8FNMNiJf5EOaK8ORx7no+rdU49i/gxxMsKJ9jYpUhYiIiIiIiIiIiIiIiIjojVfuLqCV9vSshSU3MrE0KlNt+sOMAnwRprm1r6ovnc3xVSvzilaDiIiIiIiIiIiIiIiIiOiNV+EAGAC+amWO1rWNMOVyGlLy5FqtY2kswh+utdjtMxERERERERERERERERGRjugkAAaAwfVMMHjkWzj8OBc772fjyJNcjct5ScQYXE+MwfWKdh1NRERERERERERERBcDTewAACAASURBVERERETlp7MAWGlwPROGu0REREREREREREREREREemCg7woQEREREREREREREREREZFuMAAmIiIiIiIiIiIiIiIiInpNiPbu3SvXdyWIiIiIiIiIiIiIiIiIiEihf//+AIDw8HCt12nbti0AwOiDTQGVUikiIiIiIiIiIiIiIiIiItKCyBAwNAKMTQETczz7XwBcHkYwMddhzYiIiIiIiIiIiIiIiIiIqExEBoCBIWAkhsjQqEJFGcG0ho5qRUREREREREREREREREREZScCRAaK8LeiAbDIxEJHlSIiIiIiIiIiIiIiIiIiorITASIoWgKLDCpUkhGMTXRTJyIiIiIiIiIiIiIiIiIiqoD/BcEVYFTRBJmIiIiIiIiIiIiIiIiIiKoHowpHyEREREREREREREREREREVC0YMf4lIiIiIiIiIiIiIiIiIno9GLEBMBERERERERERERERERHR64FdQBMRERERERERERERERERvSYM9F0BIiIiIiIiIiIiIiIiIiLSDQbARERERERERERERERERESvCY4BTERERERERERERERERET0muAYwERERERERERERERERERErwkjxr9ERERERERERERERERERK8HjgFMRERERERERERERPD/5D1k/DoDdWtbFJl37IuhyP5tJgwNFE2KYlb/H3q3rF/VVdRocu9W+q6CmqEdG+PsolF4vnka/v15Cs4uGoXhnZvou1qVYqxrC5z+amSR6Zsm9MGPY9+F2NhQD7UiIiIjiNgGmIiIiIiIiIiIiIiAp9IMjHV1wvLDV4Vp9axroIm9leKJSASIgO7f7kFKZi70/ftyHSsLfDG4IzYHRem1HkpT+7TC4lHd8Pnu8zgcdh+ZufnwaN8Im8b3QQ1TE+w4f0vrsgxEIsjkcuG5SASoPC3z+pXBP+QOjlyPU3sfONd/CzuDbyE4Nl4xgRkEEVGVM9J3BYiIiIiIiIiIiIioejh6/f/Zu+/4qur7j+Pvc+/Nvdk7ZLBCQth7T2WoOCoO3BO1WvvTaqu22mm12ta6a2vVWveuqyJu2QKyhySEEVYgkJ3cjLvv748bQkJuSIBAILyej8d5kJzz/Z7v55wbvvrgk+/nu03XTezbKAF89fg++vaHXbrh9H715767/3L99OVvNWdDfpN73DJlgO6cNlSRoSFaua1Qt/znGxXbHdrx9I269l9fasHG3ZKkx66aKLPJpF+8MV+psRF66trT1a9zvLw+vz5ZmacHPloqr8+v526corIqp7olRiktLkIJkaG67ZW5WrGtUAv+cKlSYsK17i9Xa/rjs1RQUa1/XD9Zp/XpLLPJ0A+7SnTzi9+oyF57zN9duNWiBy8Zq1+9vVCvLMiuP//u0k3aV1Ejl8crSbJaTPrTJeN07pB0+f1+rd9Vojtem6eSKoeum9hXM0b2lMPtVffEKF3xzOda9eer9MCHS3Xf+SM1/HdvKTTErGdvmKIeSTEymwx9sjJPd725QJL04o/PULG9VmcO7KYFG/foF2/MbxTj6J4peuLq0xQTZpXZbNLs1dt07zuL5PX5NSozWY9eOVHxkaFyuD16dPZKvbd0syRp5mn9dNc5Q2U2meT1+fTkF6v18vxsXTo6Szec3l9THv5AUiABfuvUQTKbDNkdLv3m3cWal5Ovq8b11pXjemvDrhINz0hWWlyE/vn1Wj379bpj/rkAwKmIEtAAAAAAAAAAAEnS2p1Fcnt8mtg7rf7cNeP76L3vN7Wq/8Teafr19JE6668fKv3nL2lfRY2evnZSi/1euuVM5ZfYNfC+NzTuj+/q9L6dddOk/pIkt9enGaN76s7X52nywx/o1UU5uv/iMap1efST/3yjfZW1GvTrN7W9uFJ3TBuinskxGnDv6+p9z6symw3dd/6II3sZh2lkZrKiQq16e3Fuk2vzcvK1eHNgRew95w3X6J4pGnP/uxr06zfr3tHpkiSH26PxvdL08oINGnP/u3K4PQq3WhQZalXqbf/WnrJqPX3dJK3eVqTe97yq0X94R5eMztL04Rl1/b26eFRPXfjErCbJX0l65IoJemHueg247w0N+c2bigm3qX+XBMWEW/XxL87XE5+v0sD73tBlf/9Mf79ukvp2jleY1aJ/zpysC56Ypf73vq5zH/2fzh+a0aS88+R+XfSbC0bpR4/9TwPve0N/eH+J3rvjXMVHhsrt9WlS3y76ZFWezvzLh5r53Ff66+UTKBENAMeIRaL8AgAAAAAAAADAkGTo1UU5un5iPy3MLdCYnimqdrq1bmdJgzaN2zd08cgsfbp6u3aX1Ugy9Is3FijEbGrQrmmf+MgwTe7XRTf9+xtJhmpcXr20IFtXj+ujF+ZskGTo6/U7VWx3SjK0dkexfjJl4EH3Cvz55Odr9OzX6+X2Bkofz83O1+l9OjcZ81iIDQ9VWbVDDrfvkOPNGJmlR2evVLXTI8nQM1+t1Q+PXCPz81/L7zdUXuPUF2t3SjLkr7tPIKkc+PrSpz+rK+1sqKTKqdXbC9UzObauvbQod492lVYHjSG/pEoXDstUzu4yrcgr1M0vfispsG9xWbVT/1u5TZKhbUV2zV69XTNGZunh/y1TYWWtfjxpgF5ZmKPNe8t18VOz6+544P1fMDxTs1blKb9u7G9+yFdJlUPje6VJMrSjqFKLN++VZGjNjmJZLSalxkRoe7H9qN47AKApC/lfAAAAAAAAAMB+b363Uev/co2iwhbo2gl99NqinObztwf9+3JKbLg2FZTXn3d4vHJ4vIfsnxwbLkma+9sZ9actZpNK7LX1be0Od/3XPr9fZpMpaBwZydG6/8LR6p4ULZ/Pr+SYcOUWlB2XdVBF9lrFR4YqIjRE1U53s+2SY8L1yBXj9cCMMfXnqhxupcSGS4ZUVFl7cF5bhQ3exel9O+vOs4cqOswqn8+vrJRYLdy0p/56o/4HufWVObrn3GH658zJ6hIfqdcW5uh37y9RSmy4usRHKvex6+rbhoaY9eGKrfJLOuOvH+qus4fqs19dIK/Pr799ukIvzc9uFGdyTOPPXpJKqhxKjglXRa1LlQ0/QwUS9Gaz6bh8NgBwqrEwtwIAAAAAAAAA9iuqrNXC3N26bEwvTR+eoT+8v1RG3T8kG2qcwz3435cLK2qUHBNWfz7CFqLU2Aht2Vcur9/fqG90mFU1Lo/2llVLksb98T2VVjsa3e9QYwXLQ796y1mav3G3rvnXl5KkX/5ouCb2SjsuOcaV2/apvMapmyb10zNfrm107ezB3dU7NU5Pf7FGBeXV+vMny/Xxiq1N7mFI8ivIM/sDX8dHhOr9O8/Tlf/8XLNXb5ckzbp7eqPPpWH/g1U73Hrgw+/1wIffq1tClN6/8zzdWFShgrJqbdlXoRG/fztoTHn7KnT7q/MkSeOyUvXJ3edryeaCRnHuO+izl6SkqDDtrahWuDWk0fMc4ncIAABtwNT4P9kcHBwcHBwcHBwcHBwcHBwcHBwcHByn5rGfoVcXbtSvzx+hRbl7VFrtbHDdCPL1geN/q7bp/GEZ6tEpRoZh6E+XjNVDl46VZCi/pEr9OidIMpQUFa4zBnaTJJXXuDQ3O1+/OGeoJEOGYeie84brqnG9m8R18Phuj08RNotCzGZJhhKjw7R6e5EkQ5nJsZoxsqciQkOOy/tzefy6793FenDGWP1s2hClxkYoKtSqq8f30cu3nKkdxXZJhj5asVU/mTygLilqaNqg7nrkigktPqtkKDrcphCzSSvzAs94zuB0DeyaoAib9RD9A0eI2azv7r9MA7okSjK0u6xaJfZaGYaheTm7lRIbrmmDuksyFG4N0bMzJ2twtyQN7JqoL++9UHERoZIM5RaUy+nxyTAax/fRijydN7SHusRHSTJ09uB0RYVZtSi3oMXn4uDg4OAIdhw5y1H1BgAAAAAAAAB0OJ+v3a5/XH+6Xl+08bD6zc3O158/Wa7Zd09XuM2iNTuKdetLcyRJf/zwez15zURdPCJTBRXV+mj5VlnNZknSTf/+Rk9ec5qyH7lGZpOhldsL9eqCnBbHW7OzWHvKqrX1yet12d8/1x/eX6o/XTpWv54+QhvyS3XHa/P1wZ3n6fGrJurutxYe/os4TK8uyFFRZa1+cc5Q/f7CUfL7/Vq9vUhX/vNLzcvOlyQ9/tkqRYdZ9f2Dl8tsGCq01+ruN1sX2/aiSj3z5Votuv9SVdQ49b+VefrNe4v15DWnKWd36SH7ur0+/e3TlXr11jMVYQuR3+/Xtxt26eX52XJ5fLr4qdn625UT9MTVE2UyDH2wfKvW7yqRz+/Xgo17tPj+S2UYhlwer/78v+XK2V2mET2S6++/YONuPfTxcs26+3yZTYbKqp265OnZqqhxHfkLBQAcESN05j/97R0EAAAAAAAAAAAAACBg39PXSJLWrFnT6j5DhgyRJFmOdgkxAAAAAAAAAAAAAODEYGrvAAAAAAAAAAAAAAAAbYMEMAAAAAAAAAAAAAB0EBbDoAQ0AAAAAAAAAAAAAHQErAAGAAAAAAAAAAAAgA6CBDAAAAAAAAAAAAAAdBAkgAEAAAAAAAAAAACgg7CIPYABAAAAAAAAAAAAoENgBTAAAAAAAAAAAAAAdBAkgAEAAAAAAAAAAACgg7AYogQ0AAAAAAAAAAAAAHQEFvK/AAAAAAAAAAAAANAxUAIaAAAAAAAAAAAAADoIi1gCDAAAAAAAAAAAAAAdAiuAAQAAAAAAAAAAAKCDYA9gAAAAAAAAAAAAAOggKAENAAAAAAAAAAAAAB2EhfQvAAAAAAAAAAAAAHQM7AEMAAAAAAAAAAAAAB2ERQZrgAEAAAAAAAAAAACgI2AFMAAAAAAAAAAAAAB0ECSAAQAAAAAAAAAAAKCDsEiUgAYAAAAAAAAAAACAjsBC/hcAAAAAAAAAAAAAOgYL+V8AAAAAAAAAAAAA6BgoAQ0Ax1Go3ymHYWvvMAAAAAAAAAAAQAdlau8AAOBUklKRq1BPdXuHAQAAAAAAAAAAOij2AAaA4yTUU61rLrtYr3y2UAWyyWtY2jskAAAAAAAAAADQwbACGACOk3B/rS4Y21+WmBSlOfJl9nvaOyQAAAAAAAAAANDBsAcwABwnQ7vGq09avBJiI1Wi7koq26u9trT2DgsAAAAAAAAAAHQgrAAGgOMg1FOtG84eK0myWcyS2aLQqDilOna1c2QAAAAAAAAAAKAjsRgsAAaAY8rs92hi11BdMKafiu21cnq9geILoRGyGVJqxS4VhaayJzAAAAAAAAAAADhqlIAGgGPI7PdocpJbr937Y0nSgo27VWJ3qn7utUXKlhCq1NJ8FVsS5LBEtF+wAAAAAAAAAADgpEcJaAA4RsK8Nbp2YKze+N2PZbWYNGfDLr0yb0PThmaLzEnpSrE4lFy7S2a/5/gHCwAAAAAAAAAAOgTqjQJAGzP7PUoPqdIzP7tAE/qla+OeUi3fuk9zNuzStqLKZvv5o5IUGu5Rl6piOZwelVkT5DLZjmPkAAAAAAAAAADgZGcRmwADQJuJdRbpmvG99burr1O4LaT+vN3hVu+0eK3YVnjoG1hCpNhUhXo9SqsqUq3TSyIYAAAAAAAAAAC0GiuAAaANRHgqNS0rXr+95gZlpcY3utY5PlKSVGKvbf0NzRb5Y1IVKinNXihHbaFKbZ1IBAMAAAAAAAAAgEMiAQwARyHCU6kzs+L1swsv0siszkHbzNmQL0lat6v4iMbwR3WSLUpKK8tXjcuvEluyvAbTNwAAAAAAAAAAaMpiiBLQAHC4Avv82vXYT87TlMGZzbabsyFfu0urtHzrPhWU1eio5ty4rgr3ehRWlq9ic6xqLNFHfi8AAAAAAAAAANAhWcj/AsDhCfVU64pBiXroxqsVFWZttt2cDfnauKdUuQVlWrm9UG0y31osMpLS1cleqCrnXhXbUtrgpgAAAAAAAAAAoKOghigAHIYYR5GeuXmaLhjT/5Dt9id/txVVam52fpvH4Y/qpAhrtcyVu1VsTZLX1HwiGgAAAAAAAAAAnDosbbMkDQA6vp4q1JsPXq8+nROabePyePX52p3aXVql3ILyuuTvMZpnbZEKjQ9VatE2FYR3Z19gAAAAAAAAAAAgU3sHAAAng+HhFXrndzMPmfwttjv07tItdcnfsmOy8rcJs0XmpB5Krdkhs99z7McDAAAAAAAAAAAnNPYABoAW9FKhXrn3x+qWGN1sm+V5+7Q8r1CSNDcnX7kFZcevwILFInOnHupUtEMFET2O06AAAAAAAAAAAOBERAloADiENG+RZv3lJ0qJjQh6vdju0JzsfBXba1Vsr9Xc7HyVVDmOc5QKrARO6KrIXTmqSup3/McHAAAAAAAAAAAnBAvpXwAILsJZolfumRE0+evyeLU8r1DrdhZLktbvLNaKbfvk8vja7ddqLCFWmUOjZKvcI1d0WjtFgePhj9OH6Odn9teXP+zW5c/Pa+9wTng2i0n7nrxSkjTp0c+1ZmdpO0cEAAAAAAAAAMeOpb0DAIATkcnv0VXDO2t0765Nri3P26f1O0vk9HhVbK/V4s0F2lNW3Q5RBhERJ2vRNnlDY+W1hh+zYW6YkKUnLx8V9JrT41NZtVMbCyr02Q/5em3xFjnc3mMWC3Cym3XHGZqYlSxJuumVRfpg5Y5Dtn9p5gRdPLx7s9ftDrd2llZrQe5ePb8gV9uLq5q0uW5cpv5+5Rh5fX4l3PnW0T0AAAAAAAAAgBOKRQZrgAHgYD1VrMH9R8nl8cpqMWtPWbW2FVUqd0+ZnB6vnB6v1u0s0cpthXU9Toy5NCTEIntYgsLL82RPHnjsBmrwuBW17kaXImwWpcSEKSUmTJP6pOiW03pr+j++0Z7y2mMXzynHOPAH/x1vWcN3ZBgn1DvLSIqqT/5K0vXjsvTBqp2H7lQXvsfnV7XT0+iSyTAUaQtR/7RY9U+L1cwJWfq/N5fooyb3POidAAAAAAAAAOgwWAEMAAcJd1doQP+esjs9+s+87EbX9id+1+8qlsvja6cIm2eYLZLJLI8lTCE1xXKHJx7T8Zwen7rf+9/GMRhS17gIXTc2U3efNUA9O0Xpb5eM1DUvLjimsQAno5njekqSvs0p0OQ+KZqYlaz0xMigq3YPNj93r2b8a26T8zaLSWMzO+nBC4ZqUJc4vXDtOOXsqdDGvRVtHj8AAAAAAACAE4+pvQMAgBNNvKtYtojoRuecdXv+vv/9Fq3cVnhCJn8lyesJrAb0WiMVWtbCKsJjxO+XdpZW66HZ6/Tiwk2SpLMHdFZoiLld4gFOVCFmk64anSFJenHRJi3eWiTDkK4bk3lU93V6fJqXu1fnP/ONiuwOhZhN+umkPm0RMgAAAAAAAICTACuAAaCBGEehzNFJWrGtUHaHW1aLWQXl1SfOHr8tMPz++q89odGyVhXKFdmp3eKZv2mvbj6tlywmQ/ER1qBloCdmJevm03ppVHqiEiJtqnZ6lFNQoQ9W7dCri7fI7Q2ebD/cfn+6YKh+NrWvXpi/SX/5fJ2euGyUpvRN1c7SKk185PNWPU9ydKhum9xXU/umKj0xUjaLWaXVTq3cXqLnF+RqXu7eJn2+vussjUxP1PUvLdTcjXt1//lDdM7ALoqPsKqgolZvL8vTo1/+IL9fGtwlTvedM0ijMxIVYQvR5n2V+vucbL23fHvQePz+wIrr2yb30ZWjMtQjMUoen08/7C7Ts3M36tN1+UH7De4Sp59O6qMxGUlKiQmTYRgqqKjRwk379NQ32dpaZG/SJzbMqtsm99G0AZ3VIzFKNotJRVUObd5XqbeXbdN7K7apwY+fJCkrOVo/m9JXE3p2UlpsuHx+aV9lrVbtKNF/Fm3W4q2FTcaxWUy6cUKWLhzSXb1TohUVGqIqp0c5BeV6Z9k2vbpkS5NxJMliMnT7lL66YlQPpSdEqsbl0ZqdpXrq22x9n1cU9D3s1ykqVLdP6asz+6Wpa3yELCZD+yodWppXqH/Ny9WaXaWN2k/r31nv/uR0Ze+p0Li/ztbvzhuka8f2VHJ0qLrf+98mZdGbc96gLkqMtKm8xqVvsguUHBWmCT076arRGXr4s3Xy+oI86GGoqHXr07X5umFCT41MP7bVAAAAAAAAAACcONgDGAAaiFKtFJ4il9ev9fkNkj4nyVzp9rjrY/XaomSz75ErKrmFXkeidfuHRoSGSArsVVpodzZp+4fzBuuus/pJkrYXV2nR5kIlx4RpVI9Ejc1M0mUj0jXjubmyOzxH3c9Rt2o71GrWE5eP0kVDux14llZ8vr2So/X5HWcoIdImt9enzYV21bo8ykiK0jkDO+ucgZ31qw9W6oUFmxr1c7gD48aG2/TJz85QZlKUthZVymoxqUdipH5z7iCFhVj06fp8zbp9quwOt3aV1SgzKUoDOsfqhWvHyeH26ZO1uxq8c9W/1xeuHa9LR3TX9uIq5e6tUM9O0RqX2UnjMjvp3g9X6vn5jeO5eFg3vXDtOFlMhiodbm3cWymzyVDPTlG6dmymZgxP1/n/+FYrd5TU90mItOnbu6YpPSFCLo9P2QXlqnS4lRYTrkm9UzSpd4qm9k3VLa8vqe8zJiNJH/3fZIWFmFVe49L63WVyeXzK7BSlGcO76+Jh3fWL95bplcVb6/uEhZg1+2dnaFj3eElSXpFdmwsrlRoTrjEZSRqTkaTJfVJ1/cuLmnw+r910ms4d2FmS9MOechWU1ygjKUof3zZFt731fYOWjT/vod3i9eFPJysu3Koal1erdpbI6fZqQOc4XT6yhy4dka673lveKE6HxxuI12rWjROzdM+0AQ1u3/o9hmeOy5Ikfbhqp9w+vz5as1N/nTFcKTFhmjagsz5bv7uZnq3fv7ek2ilJig4LaboXcivvAQAAAAAAAODkYuGf/AAgwOapkiUsuuWGJzC3y9UwNSS/xSaLq0Zea3ibjmM08/XBLhwSSLJ+k71HXp+/UdsLh3bTXWf1U5XTo1tfX6LZ6w+sVu2fFquXbxivUT0S9afpQ/WL95YfdT+vL5CIzUyK0qAu8br97e81P3evjBaeYb+/zRiuhEibfthTrhnPzlWh3SEpUMb34QuH6ebTsvTg9CH6cNUOlVQ56/v56lZx3jm1rzburdCP/v6Nql0emQxDj186QjPH99RNE7N0zsDOeuLrDXr8qw2SpOjQEL136ySN7pGon5zWS7MaJoDrjMlIkiRNe+prLdtWLCmQRP3XNWN1wZCu+uP5Q/Txqp31sYZbzXryslGymAy9/f023fXf5XK4A8nMhEib3vzxaRrdI1GPXzpCkx/7sn6c2yf1UXpChH7YXa4Ln53T6PlG9UjU2zefpstGpOv1pVu1aHNgVe+fLhiisBCz3lyap7v+u7y+bLphSNeOydRTl4/SwxcN0wcrd6jKGUjU3za5j4Z1j5fd4dFFz85plIS+dER3vXDtOF0wpKvO7p+mLzfsqb928bBuOndgZ/n8fs18+btG7+qS4d316CUj6r9v+HmHW8167caJigu36tucAt306nf1q3dNhqHfnDtQd5/VX49eMkLf5xXX76G7f2WuzWLWbZP66O/f5ujVJVvl8/tV5fC06ucpPTFSp/cK/HLGG99vlSGpstat2evyNWN4d103JlOfN5sAPqClsXokRkqSSqqczbbl/wUBAAAAAACAjoU9gAGgTrSrXIpMaO8wjlityyW/r3HZY3dYvGyVwcsAHyvRoSEa2i1e/75unM4Z0Fl7K2v1+/+tbtLu3rMDqyYfnr2uURJXkjbsKddtbwZWbV41OkPxEbaj7uetqxs8vmcnPTBrjd5cmqf8shrtKqtp8ZkMQyqoqNW83L16ePa6+oSqJLm9Pv3hk9VyeXwKDTFrQs/gJbdTY8N1xzvLVO0KJDt9fr8ea5Dsdbi99clfSap0uPXCglxJ0pBu8UHvmRhp06/eX1Gf/JWkWrdXd77zvWpcXoWFmHXRsG7111JiwjV3Y4G+21KoP81eW5/8lQIJwj9/ti4wXtd4JUQeeHeDusRJkj44KLktScu2FeuOt5fpj7PWqKLG1aBPIOZXlmxptGe23y+9tmSrfvvxKj306TqFWQ/sRuH1+fV19h79Y25Oo+SvJP13xQ4t2Roo5XxG37RG164ZHdgzd/a6/CaJ8vdX7mi8erqBGcPT1TUuXNUuj255fUmj0s0+v18PzV6nH3aXK8Rs0i2n9WoUpySlxYZpfX6Z7v9kjfKK7NpeXCVfsPrUQVw/NlOGIeUUVGj1zgPVBt5clidJOrNfmlKiw1p1r+akRIfpzH6Bd7Vw876juhcAAAAAAACAk4eFdR8AEGAzvDqZ50RHTa2CxW/yOoKePzqB+9ksJpU9fWXQFl6fX/9ZtEVPfL2hbu/fAzFkJEWqT0qMJOnj1buCxrd8e4kK7Q51igrV2MxOmr0u/4j7NYzZ7fXpnWXbg/Ztjt8v/d+bB5URbsDh9ml3eY16JEYqOTos6L3n5BSopMrV6Nru8lo5PT7ZLCb9d+WOJv22FQf2no6wWmS1mBskUgPtalxezV6/u0m/ilqPluYVaUqfFI3snqTntVmSlFdUpRteWdzsc2wpPLD3b3JUWF28UlldYndSrxT9Y85GeQ7am3b2+t3S+sb3LKtxKiU6TGf0TdOK7Y330JWkf81rWJo60Oepb3L01Dc5QWPbH9/YzKQm73h03Uror7ILgvb7aPVOXTc2s8F9A23OrEskz8/dp9JqV9C+n67L14DOsTq9V0rQ668tzQt6/lAsJkNXjc6QtD/he6D/vNx9yi+rUZe4cF09JkOPf5Xdwt2ajh1htWhsZpIevGCIosMCeyg/N3/TIeI8eec9AAAAAAAAAE1Z+Dc/AJCsXqcsVpv8J+mc6PP75HQ5guZxDL9k+Fzym61tN2CDcfZU1Da6ZDKkmDCrwkLMumJUulJjwvT7T1Yrr6iqvk3/zrGSAonVF68f2+wwlKtGlQAAIABJREFU4XWrQ7OSoyTjyPs1tLWoStVuzxHlvAxDGpeRpEFd45UUYVNoiFlG3f6pMWGB92s2GUFrZO8srQ46ptPtlc1iCnp9/16zUqDUtMvbeIX35n2VgXNB7ru1yK4pfVLUPTGiyfVwq1mTeqeod0qMYkNDZLWYJQUS+vuZzQee46XvtujCod10eu9kLfvteXp/5Q7NyS3Qiu0lTZLB+z2/YJPu/9Fg3Xv2AJ3eK0WfrN2publ7tXFvZdD2DfVLjdGoHolKiwlXhNUikykQyNC6ldAN33FqTJjCrYH4txXbg76LTfsajNmgBnTvlEDJ9w17ypv9ecgtDJR97pEYKYvZCDxvg7br8ssO+2fpnEGd1SkqVB6fX+8u396ov1/S28u26ZfT+uuaMRl6/OvmE8Cn9UrW1j9f3Oic2WQoJiyk/vtKh1s3vPKddlfUNF+7/SSd9wAAAAAAAAAEZ2m5CQB0fGHuCvljTt7yz/aqGvmbScR5rBGyVBfLHZ0W9PrRcHp86n///4Je69kpSrdM7KWbJ2Zpcp8UXfrcPH1XV8I3LjxQXtgwAiWZWxJtCzmqfg2V1TiDtGzZqB6Jev6aMUpPiDyi/pUO9yGv21u4HkzpIZ6lsq6ccVRo43dw3dhMPXThUEXZWv+/AEvyinTZ8/P1xGUj1CMxUr+c1l+/nNZfVU6P5ufu1Rvf5+mLBnvySoHVvC6vT/dOG6AxGYkak5EoSdpbWasvftijl77brPW7yxv1SY4O1b+vHaeJWS1/tvtFhzZOdgbTsLRzQ/t/nspqXUGvS1J53epnw5Ciw0LqVgofUFbTfN/mzBzbU5L01YY9Kq5q+hm+uSxP95zVX+kJgX2C528KXr45xGxSfETTX+yocXm1o6RKczbu1b/m52p3ectlzgEAAAAAAAB0HJSABgBJZsOQQkLbO4wj4nS7VVNVpebmc681SiHOSrmP2Xwf/L5bCqv0qw9WKdRi1rVjM/ToJSM07pEvJEn7c9U1Lq86/+r9Vo9zpP0aCmyTfHjvIjk6VP/9yemKDg3R6p2l+vPnP2jVzhKV17jr93xdfO/Z6psao0ZLTJvEcahxg10/eJlm4+uBvWiD33P/rwMEwgu0Oatfqp6+fKQk6f2VO/Wv+bnavK9SdmdgX+L4CKu2PnxR0PHm5u7TsIdma0LPTjqnf2ed3jtZfVNidN6gLjpvUBd9lV2gq15cWL8/riQ9O3eTXvluq6b1T9OZfdM0MauTusSFa+a4TF0/NlMPf76+UYnjN26aqBHdE1Rod+iBT9dp3sa9Kqpyyl238vlvM4bp5olZjd7N/hXYzb9DyWwyHXTmoDb+IOfqWx7o6/fvv/+Btr5D9A2mW3yEJvVOliSdO7Czyp664pDtrxuTqfmbCoNe+zZnry55fn4rRm3u5/FQ1wEAAAAAAACcrCwG/+YHALL5nToZ50Ofz6fKioqWYzeZ2vT5GqWOWrjv7A27de3YDPVNjVGnaJuK7M76VbjhVrOiQi2qqktAtuRI+x0c9OG+i6tG91B0aGD15wXPzm007v571a+0NZq//6HGNYL0O/g911+v+zMmzNrsPfeXAa50uOvb/OS0XpKkubl7dcsbS5p/hkM8x6IthVq0JZCQTIkO1fVje+quM/vqrH6p+umkXvrn3NxG7WvdXn28Zpc+XrNLktQvLUY/n9pPlwzrpt+eM1Bzc/dq9c5SjUxP0IjugVX417/8nb7fVnzI+Pafq27wWUSHhQSNOSHS1qjf/jalNU4lRdkUH2Fr9j3GRQTG9Pn9qnIG3uXh/Pwf7PqxGTIZhlxeX9DVv/tZzSYlRtp03qAuio+wNl5p3ODn4Ej/Xh/NMwAAAAAAAAA4sVECGgAkmf2HkUg8gVRU2uX1tFw62PA4jkM0wTXcj9RqDqymzN5TUX9uWLcELdgcvMTtwY6039HqkxwjSVqaVxQ06dwlNlxpsWHHJZaGsjpFyTD2r/JtrEdioFR1XpG9/lzvlMBzfJ1TEPR+o+vKNLfW3kqHHvnyB9lCTPr51L6a2ju1SQL4YNl7KnTL60uUnhChEd0TNLl3ilbvLK2PrbLW3Sj529DI9KZl2vdU1Mrp8clmMSkzKUqL68qMNzSwS2yzsfROjtaAtODXJalfSuDa5kJ7s/sdt5bZZOiq0RmSpH/N26QHPl3bbNsIq0U5D16gSJtFl49M13PzNx3V2AAAAAAAAABOHZSABgBJFr+3vUM4bBX2ajlqW7e3p+FvvlTwkWl9+djzB3aVFNhLtaDCKcnQ9pJq5eytVN+UaF0/NlMLNjctcRsXbtWs2ydr4eZCPfDpOjnc3iPud7gxH2x/WWOrxRy0733nDJSpbhlloNxwc/c/3BLQzV0P/BkbbtVpWSlN9oiNsFo0JiNJkrR0W3F9e1/dc9iCPEdoiFl3ndGv/nuzEXiO5OhQ/fKs/kqMtGnmK4uDRlZoD6xkjbBZJBkalZ6gm8b3VF5xlR75ckPwPpWBX0qItAb67H/HIZbg7++KkenKTIoKxGY68C58fmn1rlKN6ZGos/ql6fWl25r0vXRYeoPvDvT9KmePLhraVaf1SlZCRKhKqhuvyDUMafqQwM/v19kFOvj9N/360Kb176yU6ECp+deX5h2yb7XLqw9X7dR1YzN07ZhMPTd/czNjtsXfa/5fEAAAAAAAAOhIDt4UDwBOTSG2ltucQGpqa1VTVdnq9mZfy6uE25JhSL2So/T4pcP1o0GdJUkvLtpSv1+uJD3+VSAxeNHQrrpzap9G/bvEhuutH09Qv9QYZSZFNUjiHnm/o7E6v1SSNL5nknp2iqo/H24166ELhmhcZpKW1K08zaxbeXs8VDrcevzS4UpPiKg/ZzYZ+uvFQxVps6jS4dYna/Prr63eFXiOS4d1V7jVXH8+LSZM79w8UTkFFap2BVY473/OIrtTZ/VL1fTBXfTnC4cowtq4eEj3hAjdNL6nJGlRXUK+tMalS4Z31y/O7KsrRqbXJ8f3m9Q7WZP7pEiSFtaVk16zMxBbWIhZl4/sXt/WMKSrRqXrrxcN1fsrd0qSMpKiGt3v3eXbJUnnDuisK0cdSPaaDEN3Tu2jsZmJjX729vt49S7lFVcp3GrWc9eMVnSDEtMhZpMeuWiYsjpFye706IWFm5v0P1zXjw2s/l20pVB5xVUttn/9+zxJUt+U6KCrnwEAAAAAAAAgGAuLPgCgThvPh71TYxVpCySUNu0tl93RNknYmtpaVVSUH1a8PpP5mCwAtllM2v6Xi5pcDrdaZDEdGPC9FTv0t682NIrhwzW7NLBLnO6c0kf3/2iQbpmYpdx9lYoLt6p/WqwsJkMb91bqF/9d3ib9GsV+mO/ivRU7dMeUPuoSG655d5+lJXlFMhmGhnePl98vXfL8fE3tm6qxmUm6dkyGOseF6+XFW/XFhj0tj2sc4vrBCz3rvjfXvduvswsUYjZp2W/O1aqdpaqodWlAWqxSYwLlqO/7aLXKa131/f4+d6POGZCmfmkxWvnb87R6V6liw6wakZ6gTfsqNfPVxXpt5jhN6NlJj84YpouHdtN9H6/Sbe8s01s3TdCtp/fS9eMytaXQLrvDrYRIm3p1ipZhSOt3l+upOTmSIW0psuvB2et0/48G6dmrRumhC4ZoW0mV3F6fusSGq0tcuCTpze+3ae6mfZIh5eyr1Oc/7NE5A9L07JWjdf3YTFXUuNQ/LVZpsWH61YertHFvpS4Z3k1ZnaL05Z1T9Xn2Hj31TY7eWLZNlw7vrnGZSfrnlaP063MGqLDSoR6JkYoJC9FNry3RP64cpQirRSbTgU18nV6fbnh1sT689XRN7ZOi9X88X6t2lMjnlwZ3iVN8hFW1bq9ueWOp8strjmoBcJfYcE2tS3q/tjSvVf1W7ixVdkGF+qXG6NoxGVq+o6RpoyP9e93Wi4gBAAAAAAAAnDAoAQ0Ako4oKxjE+UPTNblvmib37dzkmt3h1tyc3Zqbs0fzcnYf0f3LyirkcNSouVgHdE1SVLhV2buKVVHjPOjqsZnvG66a3K/G5dWOilqt2FGit5Zv18L6Us2NY3jg0/Wam7tPN43vqZHpCRqfmaSKWrfW5ZfpwzW79PqSPNmdnjbrd8DhvYtKh0fnPjNXfzhvoCb3TtbErE4qtDs0a+1uPfltjvKKq7SlqErDusZrQs9OGtwlToax/2fqUBneluIKngEOCwms3rU7Pbrn/VW6fXIvXTa8uwakxcrr92vRliI9PWejvt24t9E9Vu0s04X/mq/7pvXX0G7xOr1XsnaV1ujpbzfq6TkbVeX06Df/W6tnrxyprE7R6p0SLb/P0MLNRTrzqW9162m9NC4zUT07RclqNsnuCOzX+8n6fL383VY5Pb768Z6ek6vsggpdNyZDg7vGaWDnWJkMQ8VVTn25oUBvLt+mT9ftbhTfTa8v1b3T+uvioV01vFu8ymvdWr2zVLe/s7y+3Pez8zbpqlHp6p0SXXfOkNcnXfrCQt05pY8uHtZVXeMiFGG1aG1+mf4+J1fzNu3TXy7yKMJqUWiIpdGY63dXaNwjX+r2yb11Vr9UjeqRKEOBvYU/XrNL/5iXq+0l1UE+i+Y+s+CuGZ0hk2GovMalWQc996G8tjRPf71oqC4a2lW/+XhNkD2oyQADAAAAAAAAaMyI+/l7TWsiAsApJtW9T9a45CPu3zs1Vk9cNU5psREtN5a0p7xaz83J1qzV21vV3ufzq6yiQi5HbdDrl43rq19OH62uidGSpIoap/7w7kK9+122JMlatVdVqUNbNRYAAAAAAAAAAGhf2x+YJklas2ZNq/sMGTJEkmRhzQcAHJ3pw9L1wEUjD6tPWmyEHrx4pK4em6X7P1qu3ILyZtt6PV6VlpXL43E1uTaga5KeuvEMDeia1Oh8TLhNT99whhbn5mtXcaW8lgjW+AEAAAAAAAAAcAqwyCAlAAB+j0tHUgY1kPwdccTj9k6N1Tv/d6aem5Ot5+dmN7le63CosqJCPt+B0rr73TN9tO6ZPuqQ9//l9NG646VvZPK5xXwPAAAAAAAAAEDHZ2nvAADgRODxS7bD7JMWF6F7zhncJuPfOqWfJvdN011vL9Gesmr5/T6V26vkqK5u0jaw6ndqk1W/wUwbkiFJ8pub7tMLAAAAAAAAAAA6HlN7BwAAJ4Jaa4zkdhxWn1sn91VUaNslVgOrgc/QZaMyVFhc0iT5GxNu04OXT9Q391/RquTv/j4BbPcOAAAAAAAAAMCpgBXAACDJYY6QUV0of2xaq9pHhYbo/KHpbR5HVGiIfn3+MF0ztqce/WSZsncVKyrcqvG9u+jmMwY3SOi2ntlVJU94QpvHCgAAAAAAAAAATjzsAQwAknzmELldHllaOSdOH9bjmMbTNTFaf7/xjDa5l9njkCOyU5vcCwAAAAAAAAAAnNgoAQ0AdWr9FsnraVXbqNCTo4DCkk27JYOpHgAAAAAAAACAU4WF9b8AEFBjS1B0dYkUndxi26hQ6zGNJb/ErsdmLdOGnUWSpLunj9LZQzIO+z4bduyTNzRKzPUAAAAAAAAAAJwaLCItAACSJJc5TI7qQoVGtzwv2h3uYxJDfoldd778rRbn7m50/oZ/fq7Lx/fVg5dPUHRY65PP3/+wSc6YbmKuBwAAAAAAAADg1GAhJwAAB1SExCi0tlwKjz1ku4KKmjYdt7LWpcdnLdML36wNnAgyN7+7OEcbdhXpg3sualUSuLLWpS9XbZaS+7dprAAAAAAAAAAA4MTFxpAA0IDTFitHVUWL7VZsK2qzMd9bvFGjfv3ageTvIfywq1gzHvtIlbWuFtv+5/Mlcsalt0WIAAAAAAAAAADgJEEJaAA4SHlIomIKtiosNbPZNnvKa/TW0i26akzPIx5nyabdemzW8iblns8e0kP9uyQ2aLdHizcdaLM/CXyolcD5JZX6z5fL5I068vgAAAAAAAAAAMDJx9LeAQDAicZljZS90q/qokJFxsQr1Bp8qnx+bo56p8RqeHpi0OvNyS+x67FZy/Xu4pxG58f16qynbpiqrglRTfocvPK3pSTw3c++r71h3Q4rLgAAAAAAAAAAcPJjD2AACMKRlKXI3atV5vXKYrEqLDxMISEhkqQQi0Ven1/F9hpd98K3unVyX/3szEEt3vOLNdv0xdptBxK/Debfy8f20VMzp6qy1qX3lmzU52vyVFnjUv+uiTpnSIbG9krTLWcO0WOzltX3+SG/WDMe/0hPzZxav2K4stal+9/6Vgt3VkmxcW33QgAAAAAAAAAAwEnBSLznI397BwEAJyJzbYVs5dvljkhqsW10uE3jeqWpf9dEdU2IUteEaFXWOPVDfrEqa1x6d8lGVdY4g/Y9e0gPvfTTc7Qhv1g3PPu58kvsTdp8/fvLFB1m0+jfvB70HpeP6yNJWrxxpwp256s2ecBhPCkAAAAAAAAAADiRbP39FEnSmjVrWt1nyJAhkigBDQDN8obFyOHvJltlvjzhCYdsW1njDKzwXbPtiMb697fr9PisZfUlng/285fn6OyhPZrt/+7ijZIkq30vyV8AAAAAAAAAAE5hJIAB4BB84XHyOSpkqSlpMQl8pFqTON6QX6wN+cWHbBNSXaSaTv0lS9M9gQEAAAAAAAAAwKnBIoNNgAHgUJwJPWQr3S5LbekxSwIfLWvFbtV26iO/NbS9QwEAAAAAAAAAAO3I1N4BAMDJwBmfLndUikKqio74HtFhVv14ykB1SYg6ov5dEqL05PWT1b9LgyS0zyOrfa8cyf3ksx3ZfQEAAAAAAAAAQMdBCWgAaCVPRJJ8hkVhpXlyRSZJpsObQm+eOlh3/2iEHrxsgv797Tr9e8465ZfYW+x39uAemjYkXWcP7iHDMPT4pyskSSZXjUzuGlUnD6DsMwAAAAAAAAAAkCRZJEpAA0Br+cLjVW2NVFjJFvnllzcsrtV9v1izTWcP6aH+XRJ089RBunnqIFXUuLQhv1i7SuzaVRxIBseEW9W/a6Kiw6wa0DWxvv97S3L12KcrlF9SpZCqYnmt4apNHdzmzwgAAAAAAAAAAE5eFrYABoDDFGKVI6WfTDVlCivbJndYvPzmllfgZueX6KyH/qsfTxmoy8b1Uf8uCYoJt2pcr7Rm++SX2PXF2u3697eB1cJmp11WT62cSVnyWiP4FR4AAAAAAAAAANAIJaAB4Aj5wuNUHR4na9kOWWrL5DdZ5G3FPrwvzlmvF+esV3RYYKXvwQngXSX2+mN/iWhLTYksfp/c0WnyRCYdk+cBAAAAAAAAAAAnP0pAA8BRcsWlS5IsVUWyVBdLfo981qgWVwVX1rq1ZFOBlmwqCHrd5KpRiLNCPrNVzvge8rUiuQwAAAAAAAAAAE5trAAGgDbiiUyqX50bUr5L5poSmQzJ75f8Fpu8llDJFHzaNblqZMgnw1Utw2yR3zDLY4uWM6nn8XwEAAAAAAAAAABwkrOwABgA2p47rqvccV3rv7dUFcnwOGV2lgdt74lIkt8wy9up1/EKEQAAAAAAAAAAdECsAAaA42D/ymB3O8cBAAAAAAAAAAA6NvYABgAAAAAAAAAAAIAOwkL6FwAAAAAAAAAAAAA6BvYABgAAAAAAAAAAAIAOghLQAAAAAAAAAAAAANBBmNo7AAAAAAAAAAAAAABA2yABDAAAAAAAAAAAAAAdhEUGJaABAAAAAAAAAAAAoCNgBTAAAAAAAAAAAAAAdBAW1v8CAAAAAAAAAAAAQMdgkUgBAwAAAAAAAAAAAEBHYCH/CwAAAAAAAAAAAAAdA3sAAwAAAAAAAAAAAEAHQQloAAAAAAAAAAAAAOggLO0dAACcyDITI3Raz0R1jrEpLSZUUbYTZ9q0Oz3aU+FQfrlDC7eWaGtxdXuHBAAAAAAAAAAA2hl7AANAECFmky4enKpz+naS2XRiTpRRoRb1Do1U7+RITcpK0GfZhfpw7R55fP72Dg0AAAAAAAAAALQTi0EGGAAa6RYXptsm9lBqTGh7h9JqZpOh8wekaHBajF5YvF07y2rbOyQAAAAAAAAAANAOTO0dAACcaMakx51Uyd+GusWHaUx6XHuHAQAAAAAAAAAA2gkJYABoICspQuf2T27vMI7Kuf2T1S0urL3DAAAAAAAAAAAA7cAigxLQALDf+IwEmU7yedFkGJrSK0mvLNvV3qEAAAAAAAAAAIDjjBXAANBAt/iOsXL2ZC1hDQAAAAAAAAAAjg4JYABoIC26YyROU6Nt7R0CAAAAAAAAAABoBySAAaCBcKu5vUNoE7FhIe0dAgAAAAAAAAAAaAcW4yTf6xIAEBzzOwAAAAAAAAAApx5WAAMAAAAAAAAAAABAB0ECGAAAAAAAAAAAAAA6CItEiVAAOKAjzYkd6VkAAAAAAAAAAEBrWMgPAEAHxfwOAAAAAAAAAMAphxLQAHCEnvnt7Vr6zacttlu54Cs998Ddh2xTWrRXv776bHk9nrYKDwAAAAAAAAAAnIIoAQ0ARyjMYigypOU5dNKk0zV98njt9jbfJikpSe+88462ey3yt1mEzO8AAAAAAAAAAJxqLKQHAOCAw50Tjbrj/ReeUFhElMpLClVZWqKaqkpdeOMdyuw3SAvmzdeyuV/q1vsfl9vl1Gdv/Uc5q5fK6/Fo8NjTde5VN6u4pEi/+vlMPfzqpzJbLNqavU6fvfVvOWqrZTKZNXrqeZpw9oXH9FkAAAAAAAAAAMDJjz2AAaChI5kTDSkmzKK1yxfqz08+o04J8frovbc154PXlNn/MYWHGAq1BNrN//Q9VRXl66WXXpLX69ZdP79L38+ZrQFDRwZuZUjVVZV648kH9Ktf/1YjRo5QYWGR7rz9/5TcpZuyBg47ts8CAAAAAAAAAABOapSABoA2YWj4iOGqtMSotMyrpG49VTm76f7AOcsX6bIrrtKWaosMhehvjz+pMo+h3YVl9W22Za9RXFyskvsM04ZSn0KsCRo7Zoy2rl12eAlg5ncAAAAAAAAAAE45lvYOAAA6CktohDy+wNdOnyGf19ekTWV5mXy2KPn8kuRXvju0yZ6/bnuZYmJiVOmu+94n2SKjZC8qPpbhAwAAAAAAAACADoAEMAC0Ef/BmdwmqV0pLjZW5eXlSq37vrysVD6fT6YGbeLj41VWVt6oX0V5hRLi49syXAAAAAAAAAAA0AFZZFAiFACOl9Hjxuu7bz5TxtCxkqTXn3hAwydMUb9ho+vbZA0cKnvlU8pds1y9h4xUWdE+rVmxTHfe9/vDG4z5HQAAAAAAAACAUw4rgAHgODrr4itUWWnXE/fcLL/fp/Hjx+vcH03X9j376tt4rZH64wMP6plnn9Os15+T2WTWDTfcqJSsgapyN11VDAAAAAAAAAAAsJ/R+Y9zyCYAQJ1XrhzY6rZ94kwqqfWryOFXtyiTfH4pvyqw72+01VD3SEPrS31KCDWUGGpSbrlXJkPqEmlSTIgkQyp3SruqfLKapIEJZq0q8sovKTLEUJcIQ2ZToLR0Ya1fxY7Dm65nvr3+sNoDAAAAAAAAAIATQ/YvhkuS1qxZ0+o+Q4YMkSRZJEqEAsABrZ8TN5btT8ga2mk/8LUkVbqk9aV+SYZKHFKJwyfJkM+vBm0PjOnySSuLfPX9q9zSxvKm7Q4P8zsAAAAAAAAAAKcaC/kBAOigmN8BAAAAAAAAADjlmNo7AAAAAAAAAAAAAABA2yABDAAAAAAAAAAAAAAdBHsAA0CHxfwOAAAAAAAAAMCphj2AAaChjjQndqRnAQAAAAAAAAAArWIhPwAAHRPzOwAAAAAAAAAApx5KQANAh8X8DgAAAAAAAADAqcbU3gEAAP6fvTuPs7H8/zj+PrPPYDYz9n1fBjO2rIVCi2ihRWmh5ZuolH4VWStLCJko5UtfKkVIRClElgiDsTPW2ZgZzD5ztt8fxxymWWzD1O31fDzmMeec+7rv63Of+9wnj95zXRcAAAAAAAAAAEDRYA1gADAqvt8BAAAAAAAAALjlMAU0AORipO9EI50LAAAAAAAAAAC4EkwBDQAAAAAAAAAAAAAGQQAMAAAAAAAAAAAAAAZhstvt9uIuAgAAAAAAAAAAAADgkJycLEmKiIi44n1CQ0MlMQIYAAAAAAAAAAAAAAyDABgAAAAAAAAAAAAADIIAGAAAAAAAAAAAAAAMggAYAAAAAAAAAAAAAAyCABgAAAAAAAAAAAAADIIAGAAAAAAAAAAAAAAMggAYAAAAAAAAAAAAAAyCABgAAAAAAAAAAAAADIIAGAAAAAAAAAAAAAAMggAYAAAAAAAAAAAAAAyCABgAAAAAAAAAAAAADIIAGAAAAAAAAAAAAAAMggAYAAAAAAAAAAAAAAyCABgAAAAAAAAAAAAADIIAGAAAAAAAAAAAAAAMggAYAAAAAAAAAAAAAAyCABgAAAAAAAAAAAAADIIAGAAAAAAAAAAAAAAMggAYAAAAAAAAAAAAAAyCABgAAAAAAAAAAAAADIIAGAAAAAAAAAAAAAAMggAYAAAAAAAAAAAAAAyCABgAAAAAAAAAAAAADIIAGAAAAAAAAAAAAAAMggAYAAAAAAAAAAAAAAyCABgAAAAAAAAAAAAADIIAGAAAAAAAAAAAAAAMwq24CwCAf4JdMZv1y/4FSkiLzXd7Rb/qalCumUp5+d/kygAAAAAAAIBbh5ebjyr6VVfpEmWLuxQA+NciAAYAqdDwV5Jur91N1QJry9WFr00AAAAAAADgRkk3pyj63FECYAC4DiQZACAVGv5KUs2g+jepEgAAAAAAAODW5eNeSpmW9OIuAwD+1VgDGAAAAAAAAAAAAAAMggAYAAAAAAAAAAAAAAyCABgAAAAAAAAAAAAADIIAGAAAAAAAAAAAAAAMggAYAAAAAAAAAAAAAAyCABgAAAAAAAAAAAAADIIAGAAAAAAAAAAAAAAMggAYAAAAAAAAAAAAAAyCABgAAAAAAAAAAAAADIIAGAAAAAAAAABMpea3AAAgAElEQVQAAAAMggAYAAAAAAAAAAAAAAyCABgAAAAAAAAAAAAADIIAGAAAAAAAAAAAAAAMggAYAAAAAAAAAAAAAAyCABgAAAAAAAAAAAAADIIAGAAAAAAAAAAAAAAMggAYAAAAAAAAAAAAAAyCABgADKbvyIe1aPXXN73fZeu/15Pv3n/T+80xbf44DZsxqNj6/6f77+ZY3fbRjmva99mvD+iNJUeKpI5a72/RD7sTiuRYRa3W+1u0ZNc/s7bLeemD3vpm5eziLqNIvP/525o4d3RxlwEAAAAAAAD8a7kVdwEAgKvz25af9OGckfp5+pZ8t//fM6NU2i/4ssfJzM7Qqk3LdP8dvYq6xKv225afNHrmW/lu8/LwLvBc/+m+2nZa//nuYIHbB3WopNH3VLumY8/cGKvENLPe6VxFL313UPO2nS6w7aK+DXVnnUDdVs1XkrQ/Ll1vLD2i5S80uqK+ImPT9FLb8lfUdujyo9p6IkW/vNQ43+1zetdVk4olLnucPvP268U25dWuht9l26ZkWVRx+GbZC9ge+VYLVQ30LPQYiWlmxadkq0E5n8v2BwAAAAAAAAD/ZATAAGAw9aqFXFG7yMMR+nHdwn9EACxJXh5emjXi+zyvm0ymYqimaNxbP1ARbzaTJG0+nqKXvjuozYPC5OnmmIAjqKT7NR/7ux1n9FI7Ryg7vGtVDe5UWZIUvj5aW46n6H9P1nO2rRzgKQ9XF0mOEHR+xGnVDr6yoDPLYtPhhAw1LH/50FaSdsWkqXGFgtteSaCbnGnRyn1JmtSjxhX1GRmTJrukDa+GqYRH3slNLhf+StLu2DR5u7uo1hW+L5AsVovcXPmnJAAAAAAAAPBPw/+1AwCD6TvyYXW7/WE91Km34hNjNGne+9pzeIfsdqlhrVANfmq4TsYd01tTX5bVZlHX/i01891v5F8qUBPnjdaOfVtktVkVUjNUr/cZpvJBFfPtZ/fhHZo87z1Fnz6phrVC1bRuy1zbt+/founfTdCJ2GMKCiij+29/WI92fUYupoJWHzCpUtkqBZ7Xxp2/a9r8cXq2xwDNXzlLZ1POql61Bhr63DiV9C6Vp/3Pm37UvJ8+V1xCjAJ8A/VI56fV864nnNu/+ukLfb/6G6Wlp6hxnWZ648lhKhdUQZK0aPXXmv/zHJ1POafK5aqq3wMD1brx7c7zmvHdRJ2IOypPT291aNZZAx97S+5uHnlqCPBxU4CP4z+1K/YlqWaQtxqUuxiOHknI0AvfHtSGqPPydndV95DSGtOtujzdXJSQatbgH6K0LuqcMs021Qn21oQeNdWiSik1GLtVJ89lKXJhmvbGp2tYl6rOY8YkZ6tp5VKqGeSdq5bKIzZp5qN1tXjXGc3fcUaebi46cDpNS59rpLLvbtQPz4WofU1HOLssMlGvLj6sI8Nu0/7T6bLa7Gp4oe7dsWl6d/lRbTuZIi93V/UIKa0P7qsuL3cX5/ZeoUH5XsNP1sfo2x2nte6VUG0/laqhy6O0Ny5dNptdbWr46ZOHaysp3aw2UyJkttnU+MNt+qpPPXWqHaCJq09qztY4xSebVTPIW+O7V1eHWv4X+kxXjdJehQbP0/+I0cp9SWpdzVcLdp5RYppZL7WtoLfvcnzmImPTVL+sj1xMkt2uQvtLTDPrraVRWnXwrCSpZ5Ngfdi9hlxdTErLtmr4T8e0eHeCLFa7Wlf31YTuNVUlIG8IXdD9WTaw/GU/h/mxWMwa/unr2rxzvfxL+av/I2+qQ/MukqR9R3cr/NsJOnxivzw9vdQ+tJNe7f2OPNzzD8cLuj/Cv/1QqRmpSkk7r12HtunHKX8oy5ypT76doDV//Sy7za561UP0yuPvqEq5alfU95I18/X1illKTU/VXa3ulc2eeyz34jXztWj11zqTFK+KZSqrb48BahvaocD3AQAAAAAAALjVsQYwABjY9O8mKaBUgBZO/E0LJq5SmYCyCv/2QzVv0Fr/6TlIdarU18/Tt6hqhZqaNn+8UtLOa+77S7Xgw1/k6emtqV9/kO9xLVazhs94Xa2bdNDSqevV74GBWvr7d87tZ5MTNTT8FT129zP6KXyTxrw8VYtXf6OVG5de87m4urgo4dwZHTwWqVkjvtdXHyxTVPRhrfhjSZ62J+KOacysIXrhwVe1/OMNGtJ3jGYsmKh9R3dLktZt+1XfrZqr9/pP1ncfrpJ/ST+N+mywJGnTrnWau/xzvdd/spZP26hnu7+s4TNe16n4E5KkUZ+9qfvv6Knl0zbpi2Hfaf/RPfpx3cLL1r87Jk0hl4yiTUg1657PdqtznQAdfvc2rRvYRJuPJWvy2lOSpOErjskuu3a/1VwnR7ZSl3qBGvbTUUnSjF615e3uouhRrXKFvzn9NPrbaN2TZzN1LtOqkPI+Cu9VW64uJi17IUQrXmysA6fTZbbZc43wjYxLcwa+kbHpqhbopZKerjp5NlP3fLpLHWv76/C7t2nNy4215vA5Z80x57OUmGZWo/Il830P9sRdfA+e/mqf7q1fWkeHt9LeIS1ks9k1Y2OM6pTx0WsdKqpj7QDFvddad9YJ0PwdpzVjY4y+fqq+oke30qNhQXrm6wPO4+6KSVNYxbx/BHCpg2cytONUiuqV8dH2wc0089E6GrPqhJLSLY7aYi+ec2H92e3SI3P2SpL+HNRUq15qrB8iE/XVtnhJ0mNf7lOmxaa/3mim/UNaKNDbTS8tyH8a8ILuT+nyn8P8LPvje3Vr/7B+/Hi9OrfupklzR8tut8tut2v4jNfVqFaofpjyuz4d8rV2HNiq73/Lf63wwu4PV1d3bYncoLC6LTVn1GJJ0uwfputozBHNHvG9vp/0m+pWa6i3P+4vi9Vy2b6PnDqoKV+P0WtPvKslk9eqXrUQbdy51lnL2r9+0azF0/Tm0yP149T16nPfC3r3k1d14PieQq83AAAAAAAAcCtjBDAAGFh6Zpr8fQPk7emY1vb1PsPk6uKab9vXnhwqSc7RtJ1b3qvJBQTAkYd36nzKWT1xTz95unupYY3GahvaSVv3bpQkrdz4g2pXqa+7Wt4nSapWsZYe6PiYVm74Qfe2fSDfY2ZmZ6hr/5Z5Xu/Z+Qk9/+CrkqRsc5ae7PaiTCaTfLxKqHGtpjoRdyzPPhXLVNaiib+ptH8ZSVJo3eaqXLa6Dh7fq/rVG2nZH4t0d5vualjDsU7tf3q9oW0XRj4vWTNf3e/opbpVG0qS2oZ2UGjdFlr15zL1ue8FZWZlqKSPr9xc3VQmsJxmDP2qwPf0UrtiUvVQ44trM3+09pQ61fbXc60doz3L+3mqR6MgbTqWLElKTDertI+7Sng4jj2kcxUN6ZwzWjVdDcr6yNUl9/TYZ9MtOnkuS40q5J7GODI2Xf5erqoc4KVdMWm5RvRGxqWrkr+nAn0u/pMg8pKgdm9cmjMcnrjmlJpX8dVrd1SSJFUO8NJjYWW06sBZvdO5inbFpMnNxVTgOrqRsWl6NKyM7HZHrYEl3OVikkp5umnBsw1z9X9piP1YWBndUz9Q/t6OGtvV9NOon4/LbLXL3dWk3bGp2h2TpnLDknL1F1zSTbvfaiHJEfA+2DhYDzZxjE6uHuglu6T0bIsCfdy0Jy5djzUtc9n+ftmfpMMJGVr+QiN5ubuonK+HZj5SW2V9PfTT3iQdT8rUD8+FKOfSPNWirO7/PP+wsrD7s7DP4bPd++d7vBYN26plw7aSpHvaPKh5y7/Q2eREBfoF6fNh38rHq4Q83D1VIbiSWoa01cHje/M9TmH3h8kkubu5OUfT2+12LVnzrcYODFdQQFlJUt8eL2vhqnnafWiHwuq1KLTv9dt/U/1qIWrT5A5J0r3tHtSCVXOdtSz/Y7G6tO6mxrWaSpI6NO+i71b9T6u3rHS+NwAAAAAAAAByIwAGAAN76v4XNTT8FW3evV4tG7ZTx+Zd1LT+bfm2PZ0Uqy8Wh+to9CFZrRZlmbNlsWTn3/ZsvHxL+svH62JIV6lsVWcAHH36pHYe/Et3PNco135lS5cvsFbHGsB5R9KWLOGbq41/SX/nczc3D2WbM/Ps42Jy0c+bftSvf/6k1PRkyWRS4rkEZZsd5xNz5oTaXDKVbmm/YHVp5Qiro8+c0Obd6zVn6Yxcxwz0DZSbq5te7PmaPvhiiOavnK0WIW3UtdX9qlK+8LVqs602HTidoUaXTFG8fG+iohIz9dW207naPtjIEVC+26Wqes3eq7AJ2/RIaLCea11ewRfWDHaMpM07ynZ3bJpMUp4RuHvi0tWgfM6I3jTVCHKM6JUcwWij8rkD2z2x6bqnfmln+xZVHH8U8MuBs/q/C2sN57Da7Mo02y60TVfdMt7ONY4vZbNL+0+nK6S8j0wmaUKPmhq0+Ijm/BmnJ5qX0eNNyzj32xObpgcbXQzL5/4Vpy+3xOv42SzZ7XZlmu2q7O8pd1eTrDa79sWnK7xnbd1WNfcoYE83Rwprt0t749L11p0Xaz+WlKmSHq6q6Oclq82u/afT1fBCcF1Yf8v3JqlT7QDnlNeS1KlOgCTHNNNHkzLl9/YfueoIKpH/Ws+F3Z+FfQ4LUiGokvOxh7tjSvIsc5YkKfLITs1fOVunz8ZJklLTUhRar0W+xyns/pCkimUuTtWedP6MMrLS9drEvnmOE5sYrTC1KLTv02fjVe5v08xXLHtxVHtswslctUhSxeBKij5zqqC3AQAAAAAAALjlEQADgIE1qhWm7z5cpa2RG7Rx1zq9M22gHuj0uF7qOShXO7vdrrenvqzbGt2u4S98KC8PL/0RsUZjZw3J97hmiyMYu5TVanE+Nplc1Da0o8YM+Pgqqi18DeCcNlfipw2LNf+XLzX+lU9Uv7ojhH5udK9cbf5ev7MHk4sGPPp/6tW5T77bH+rUW51a3K0NEWv0R8Qa9R3VSyP/M1HtQjsWWM++eMc0yzlr1Nrt0omzWVo7oImaVc5/6uJG5Uto11vNtGJvkmZuitXsLXFaO6CJKvh5andMmp5oXibPPrtiUnOFuzkiY9MUUu5iANzwknWII2PTFFrp4vPkTIuiEjOcYWhkbJqebVlOVptdMeezVOtvawsfOpOh2sHezv4bl89/Hd7DZ9KVYbY5RxY/3rSMutYL1IKIM5r6e7S+23FGP73YSClZFh1PylLIhVB6ya4EDf4hSnN611PXegFydTHpjSVHFJ3sCDYPnc5QhtmmjrX8VN4v//VsjyVlKjnLoiYVLwbjOVM+m0zSkTMZztou19/RpAy1re6Xbz/HkzL13r3VnCOkL6ew+/Nyn8P8mEz53x/HY49qxIzX9ebTo9SldTe5mFwU/u2HiikkRC3o/pAkD7eLgbbpwpreXwxfoNpV6l1132ZzPt8lNkvug/ztvOz2PC8BAAAAAAAAuARrAAOAgSWdT5Cnu6faN71Tbz0zSsOeH6cf136Xp93ps3GKT4rTo12elpeHlyQVusZmkF+wUtLOKz0zzfnaibijzscVy1TWsZjDeWrJyme07o2w+3CEWjZo4wx/UzNScq2dWj6oso7HRjmfn01O1NxlM2W2ZKtSmco6En0o1/HiE2Nks9tkt9uVdD5B/qUCdV/7hzV2YLge6PCIlv+xqNB6dsWkqXQJd1W4EFCaTJKXm4uSM63ONtlWmw6dyXA+z7LY5OHqoh6NgrT8hUby83LTrwfPXjKSNm/Q6lj/N+/I4FxTOsenO8NgyRGOVg3wcj5fvjdJJkn1yvgoIdWs06lmNSxfQq4uJvm4uyo162LNWRab1hw+p7sbBDj7aVQh//V/I+PSVK6Uh0qXcJfFZpfNLgX6uOnFNuX1y0uNtT7qvKISMrU3Ll1uLibVCXYEwD/vT9JddQN0b4NAubqYZLHZtWxvknOK6N1xqQr0cSsw/JUcYW+Zku7OEdSOetIVUiFnGuyLtV2uP3cXF9kuCSwPn8nQtHXRkiRvdxclZ+YOL/fEpakghd2fhX0Or9b+Y5Hy9y2tu9t0l8uFwPZAAdM/S4XfH38X6BckH68SivpbrbEJ0VfUd+mAMopPjMm178lLpnWvGFxFJy/5bpGkk/HHc41CBgAAAAAAAJAbATAA/CvZFZsQnesn4Wx8rhYWq0XPjX5E36ycrczsDGVmZ2pP1E6VD3ZMt+rp4anE5ESdTzkrL09vebh7KuLgVtntdq3f/qu27dmkjKwMpWak5Ok9pHaYvDy8Ne+nz5WakaLt+/7Un5EXp73t2vp+JZ5L0Fc/faEsc6ZiE6L1f1Nf0rcrv7yqc8r5yb4wje2VKhtYTgdO7FNqRorOpZ7TuNnDFBRQRonnz0iS7mv3oFZtXqZtezfrXEqSZn4/RRt2rpW7m4e63/Go1mxZoT93r5fVZtWug9vUd+TDijy8Q8diD+vxd+7R1j0bZbFadC4lSVExh1UxqPARn7tj0vKMjO1Yx18fr4tWUrpFZ9MtGrjwsN5YckSSNGbVCT0xd7+S0h1h4tYTKYo5n616ZX10Nt2sTItNmWab0rKtuY6Z3wjcLItNRxIy1PDCiNqY81my2O3OoNLLzaSoREcwvycuTRPXnFKtYB95ubtod2yafNxdVfPCqN+76wdqxoYYncuwKDXLqsE/RKmCr4ceahystGyrjiRkKLiUh44nZeX6sdsvjEK+UNv9n+/W2F+PK9tqk9Vm14+RCfL3clUFPw/Fns+Wp5uLEtPMMlvtCizhrqiEDGWabUrNsmrIsqPKNFtV8ULguysmXdUCvfL0eTwpS7HnHZ+b3X8b9Sw5pqsOuWSUc05tl+uvXQ0/LdmdqKiETB0+k6GXFhzS8bOO969T7QB9s/2MDp5Ol9lq16cbYnT/55E6l/G3Ea26/P1Z2OfwapUJKKdzyYk6Fn1Y2eYsfb54qjIz05V0PiHf9oXdH/np0eERzV3+mY7HHpXFatbiNfP1/OhHlJaZetm+W4W0175jkfpjx2qlZqTo+9++1tlL6rr/9p76ZdMy7TmyU2ZLtlZuXKpDJ/Y5p6SOOXNKE+eOVkp68lW/LwAAAAAAAIBRMQU0APwLZWZn6rG37871WrUKtfTl6MXO526ubvpgwFR98u0E/W/ZZ3J1cVG96o00/PnxkqTbQtrpm5Wz1XvIvRo7MFyDnhiqzxd/rBkLJqldaEeNHRiuVyf0U593u+u78T/nCn9KeJXU+y9P0ZSvx2rBqnlqVDtMj9/9rBasmitJCvAtrTEDPtaMhZM0e+kMlSrhq66t71fve/td1TnlmPbWnKt6fx7s1Fu7Dm1Xz8F3KTiwnF5+ZLDOnI1X+PwPFeBbWo92eVon447pg1lDlJaRosa1m2nEixMkSa0b367nH3pNk+a9p6TziSoXVF4DHn9bjWs3kyS93me4Pp4/XnEJ0fL28lHbxnfo2QdeLrSe3bGpalYp91TPkx+oqUFLjqjJ+K1ycTGpS90AffmEYwrd/u0q6PXFRxT64V+y2R3rz058oIZaVvGVzS61quqrp786oJmP1tZ9DR1r9ea3zrDkGC1stdnVoKzj9a71AhW+LkZmq12j76mmd7tU0+s/HNGinWfUupqv7q0fqKhEx0jkPXFpql/WWy4Xptud2KOG3lgSpcbj/5LJJHWtG6Alz4XIzcWk7XFpstml5+cfyNV/KU9XRY9qrT1xF0ctT+rhOPfwdTHycDMppHwJLeoXIi93F4VVKqWSnq5qM3WHNr0WptfuqKSI6FTVH7tVNUp7aUKPmjqbbtbwn44ppHwJRcamafupVIWM35rnfb+rToAW92uoyLg0ZwCe814dOpPufO3S2i7X34D2FXQsKVMdwiPk4mJSryZB+qBbdUnS823KK/p8lu6bGanULKvCKpXUj8+HyN877z+3Lnd/Xu5zeDXC6rXQfe0f0svj+sjLq4Qe7vS4/u+Z0Xr9o+f07vTX9H7/Kbnad2jepcD7Iz/PdO+vtIw0DRjfR9nZWapZua7GvzZDJbxKXlHf/XsN1pSvxygtI1VdWndTx5b3yHJhSvl2YZ30RPwxDf/0DaWmJatq+Rqa8NqnqlGxjiTH6OQff1+gp+57QaV8fAusEQAAAAAAALiVmOyFLfIGALeIt3/sXej2d++efpMqAQAAAAAAAG5te2O3q2WVTsVdBgAUq+Rkx6x3ERERV7xPaGioJKaABgAAAAAAAAAAAADDIAAGAAAAAAAAAAAAAIMgAAYA4AYo9dYf/OZ3nt8AAAAAAAAAcKOxBjAAiDWAAQAAAAAAgH8K1gAGANYABgAAAAAAAAAAAACIABgAAAAAAAAAAAAADIMAGAAAAAAAAAAAAAAMggAYAAAAAAAAAAAAAAyCABgAAAAAAAAAAAAADIIAGAAAAAAAAAAAAAAMggAYAAAAAAAAAAAAAAyCABgAAAAAAAAAAAAADIIAGAAAAAAAAAAAAAAMggAYAAAAAAAAAAAAAAyCABgAAAAAAAAAAAAADIIAGAAAAAAAAAAAAAAMggAYAAAAAAAAAAAAAAyCABgAAAAAAAAAAAAADIIAGAAAAAAAAAAAAAAMggAYACQFlShf6PYjCftktVluUjUAAAAAAADArSndnCIvN5/iLgMA/tXcirsAAPgn6FKvl37Zv0AJabH5bl93aJkSyjVTKS//m1wZAAAAAAAAcOvwcvNRRb/qxV0GAPyrEQADgKTGFVqpcYVWxV0GAAAAAAAAAADAdWEKaAAAAAAAAAAAAAAwCAJgAAAAAAAAAAAAADAIAmAAAAAAAAAAAAAAMAgCYAAAAAAAAAAAAAAwCAJgAAAAAAAAAAAAADAIAmAAAAAAAAAAAAAAMAgCYAAAAAAAAAAAAAAwCAJgAAAAAAAAAAAAADAIAmAAAAAAAAAAAAAAMAgCYAAAAAAAAAAAAAAwCAJgAAAAAAAAAAAAADAIAmAAAAAAAAAAAAAAMAgCYAAAAAAAAAAAAAAwCAJgAAAAAAAAAAAAADAIAmAAAAAAAAAAAAAAMAgCYAAAAAAAAAAAAAAwCAJgAAAAAAAAAAAAADAIAmAAAAAAAAAAAAAAMAgCYAAAAAAAAAAAAAAwCAJgAAAAAAAAAAAAADAIAmAAAAAAAAAAAAAAMAgCYAAAAAAAAAAAAAAwCAJgAAAAAAAAAAAAADAIAmAAAAAAAAAAAAAAMAgCYAAAAAAAAAAAAAAwCAJgAAAAAAAAAAAAADAIAmAAAAAAAAAAAAAAMAgCYAAAAAAAAAAAAAAwCAJgAAAAAAAAAAAAADAIAmAAAAAAAAAAAAAAMAgCYAAAAAAAAAAAAAAwCAJgAAAAAAAAAAAAADAIAmAAAAAAAAAAAAAAMAgCYAAAAAAAAAAAAAAwCAJgAAAAAAAAAAAAADAIAmAAAAAAAAAAAAAAMAgCYAAAAAAAAAAAAAAwCAJgAJC0bE+8yg3/5YraVnvvN/16MKHQNnO2nFS7jzcURWkAAAAAAAAAAABXzK24CwCAf5utg9rLz7vwr89Hwyqoe0i5m1QRAAAAAAAAAACAAyOAAeBvTp7LkPf//aQ5W07qrhmb1WDcWj05b4fsdsf2FpPXa92RJEnSqXOZ6vb5FlUYsUo131+tL7eekiR9uyNG3b/YIknKMFs14PtI1R27RnXGrNE9M//U0aT0Yjk3AAAAAAAAAABgbATAAPA37q4uyrTYFJ+SpV9faqU/B7XTLwfOaM3hvNM+9/lqh5pW8lP0yM5a/kJL9V+4W5GxKbnajPn1sPbGp2jn4Dt0cEhHhVX0U595O27W6QAAAAAAAAAAgFsIATAAFKBP80qSpFKebqoVVELHz2bk2p6Qlq21RxLVv101mUxSvTIldXz4napXtmSudot2xeq5VlXk5e74yv1Pm6racOyszmWYb86JAAAAAAAAAACAWwYBMAAUwNfL3fnYxSRZbfZc2+OSsyRJpX08nK8FlfCQm4spV7v4lCwFl8jdJud1AAAAAAAAAACAokQADADXqGwpT0m5g9yoxPQ8I3vL+XoqPjXb+fxMmuNxeV+vm1AlAAAAAAAAAAC4lRAAA8A1Ci7pobbVAjT59yjZ7NKRhHQ1nbQuz1TRDzcury82H1eWxSZJ+uSPY7qzdpB8vdyKo2wAAAAAAAAAAGBgpA8AcB3mPdlULy3cpYojV8nLzUUTujdQkwq+2nHqvLPN23fWUlK6WY0n/C67XWpQrqTmPB5ajFUDAAAAAAAAAACjMtntdvvlmwEAAAAAAAAAAAAAbobk5GRJUkRExBXvExrqGHzGFNAAAAAAAAAAAAAAYBAEwAAAAAAAAAAAAABgEATAACDJ9PoymV5f5nx8M38DAAAAAAAAAAAUFdYABgAAAAAAAAAAAIB/ENYABgAAAAAAAAAAAAAQAAMAAAAAAAAAAACAURAAAwAAAAAAAAAAAIBBEAADAAAAAAAAAAAAgEEQAAMAAAAAAAAAAACAQRAAAwAAAAAAAAAAAIBBEAADAAAAAAAAAAAAgEEQAAMAAAAAAAAAAACAQRAAAwAAAAAAAAAAAIBBEAADAAAAAAAAAAAAgEEQAAMAAAAAAAAAAACAQRAAAwAAAAAAAAAAAIBBEAADAAAAAAAAAAAAgEEQAAMAAAAAAAAAAACAQRAAAwAAAAAAAAAAAIBBEAADAAAAAAAAAAAAgEEQAAMAAAAAAAAAAACAQRAAAwAAAAAAAAAAAIBBEAADAAAAAAAAAAAAgEEQAAMAAAAAAAAAAACAQbgVdwEA8E+QnZ1d3CUAgCTJw8OjuEsAAAAAAAAA8C9GAAwAF1itWcVdAoBbnKurZ3GXAAAAAAAAAOBfjimgAQAAAAAAAAAAAMAgCIABAAAAAAAAAAAAwCAIgAEAAAAAAAAAAADAIAiAAQAAAAAAAAAAAMAgCIABAAAAAAAAAAAAwCAIgAEAAAAAAAAAAADAIAiAAQAAAAAAAAAAAMAgCIABAAAAAAAAAAAAwCAIgAEAAAAAAAAAAADAIAiAAQAAAAAAAAAAAMAgCIABAAAAAAAAAJvC12sAACAASURBVAAAwCAIgAEAAAAAAAAAAADAIAiAAQAAAAAAAAAAAMAgCIABAAAAAAAAAAAAwCAIgAEAAAAAAAAAAADAIAiAAQAAAAAAAAAAAMAgCIABAAAAAAAAAAAAwCAIgAEAAAAAAAAAAADAINyKuwAAMCKz2axFi5Zo4cLv5e3towYN6slisSohIUGlSpVS377PqHr1asVdJgAAAAAAAAAAMBiT3W63F3cRAFDcsrOzZbVmFekx3dw89PzzL6pevXp68803JJkkSW+8MVjx8fH6739nFml/AP79XF095eHhUdxlAAAAAAAAAChmycnJkqSIiIgr3ic0NFQSU0ADwA1jsWRLkux2m7KzM5WdnaHs7AzVqVNHZ86cKebqAADF6eeff1bHjh1VoUIFmUwmmUwmWSyW4i4LhZg4caJatWolPz8/mUwmtWvXrrhLAgAAAAAAyBcBMADcRGfPntMff6xX7969JUkJCQkaMWK0+vd/RZIUGxurceM+1FNP9ZUkWa1WffTRFH300RRNmDBJH3wwznmsTZs26913h2vq1HCNG/ehJkyYJEmKjo7WoEGD9cknM/Tmm29r3ryvJUkbN25Sz56P6n//m6exYz/USy8NuJmnDuAfbuTIkc4g8lp+nnzyyWKpe+3atddVd6VKlSRJ+/btU7Vq1dSwYUNFR0ff8Lq7du2qNWvW6Ouvvy7S4y5cuFC1a9eWu7t7rvP09fVVo0aN9PPPP1/xsQYNGqRSpUpp7NixRVrj9Sjo/C73s2TJkuvue/Dgwdq8ebMGDRpUBGcCAAAAAABw47AGMADcYDt37tKECZOUlpauPXv2KCSkkTp27CBJCg4OVosWLbVy5UpJUoUKFdS2bTvt23dAkrRly1ZFR8do2rSPJUlr1/4uSTpyJEoffDBOX301V0FBwTKZpPDwTyRJNptdTz31tFq2bK4DBw7qxRf/o549H1L79u01Z85cmc0WvfXWW1q+/Keb/VYA+IerWbOmxo4dq3LlyqlkyZLy8PCQq6urHnvsMe3cuVNVqlTJEyBmZ2dr6NChxVTxRbNnz1aVKlXk6+srLy8vubq6avLkyfr8888lOYLismXLOttbLBYtXLhQX3zxhSRp0aJFOn78uCRp5cqV6tev380/iSLQs2dP9ezZU9HR0c5w+9VXX9WUKVOu6jh2u12ffPKJzGazpk+frnfeeedGlHvV8ju/3r17a+DAgc42NptN2dnZSk9PV2Jiop555pniKhcAAAAAAKBYEAADwA0WGtpEb745WJJjFNLSpUvVr99zGjv2fTVu3Eh2u9XZ1m63y2a7+NzPz1/79x/Q0qVL1aHD7Wrfvq2sVovWrPldDRs2lL+/r8zmTEnSc885wooqVaqoatWqMpuzVLKktyQpLS1dXl5ekqRKlSrJxcWuBx/s4ZymGgAkqUWLFurVq1ee13O+P9zd3VWvXr0828PCwhQVFXXD6/vyyy/1zTffOP9oJke5cuXyDfkCAwOdj2vWrOkMDHOcPn3aGQA//vjjWrBggXx8fNS9e/d8+3/22WdVt25dvf3229d7Kjecq6ur87Gb29X/k99kMmnIkCGaNWtWkZxvQdfuWl16fuXLl1erVq0KbDty5Mgi6RMAAAAAAODfgimgAeAGs9vtzjWAs7LSde+996hChQpasmTpZfcNCWmoV155Rd99t1CPPNJbs2fPkSQlJSXJ19dXdrvd2dblwjf6iRMn9PHH4Zo9+0t9//3iC1tNueqRRPgLII8aNWpc035Vq1Yt4krystvtmjhxYr7biqLuGjVqKCIiQhs3blRwcHCettHR0UU+XfM/3ciRI3Xy5Em9/PLL13Wcwq7dzVC3bt1i6xsAAAAAAKA4MAIYAG4yq9Usk8kkNzf3y7a12ay677671aNHd/311zYNHjxYrVu3UlBQkHbv3p3vPiNGjNaTTz6prl07KzY2VosWXf+6hwCMr2/fvtc0UlSSHnzwQbVv376IK8rtp59+UmRkpCpWrJjr9bCwMOco3qtVrVo1LV68+PINJU2ZMkXZ2fzhzLUo6NrdLJMnT1bp0qWLpW8AAAAAAIDiwAhgALjJIiP36Pjx4+rUqaMkqVSpUoqPj1dWVpYkx9qFOVat+k3Hjx9TZmaaGjVqID8/P5lMLrrjjju0d+8+bd++I8/xU1JS5O7uKrM5S5mZ6TfnpAD861WpUkUVKlS4pn0DAwNVp04dSXKOGK1Zs6a8vLzk6+ur1q1ba+bMmblmLZAc6weHh4eradOm8vPzU4kSJVS1alV17tzZudbwqVOn1L17dz388MOSpJ9//lkmk2NK/Z49e8rPz0/169e/prpdXV3VokULDRo0SNWrV3ced9myZc42a9asUevWrTVp0iRJ0jvvvONsFx4ervDwcNWtW9f52qVTHEdERKhDhw4KCAiQyWTKMwX1lVq7dq0eeeQRVapUSZ6envLz81OzZs00evRonT9//pqOWZgdO3aodevWKlGihEwmk5o3b56nTVFcuxwHDhzQo48+qpCQEJUuXVru7u7y9/dXp06d9Msvv1z3+dStW1dBQUHO50OHDpWLi4uzlt9//11Dhw5Vq1atFBgYKG9vbzVp0kQLFy686r4sFov69u2rli1bqmzZsvL09JSPj49CQ0M1bdq0AvdLSEjQsGHDFBYWJj8/P7m7uyswMFD169fXAw88oIMHD+Zqn56erjFjxig0NFQlS5aUt7e3GjRooKFDhyo5Ofmq6wYAAAAAAMZCAAwAN4DZbNa8eV/rzJkz2rEjQuPGfahx4z7UqFHva9as2RoxYoTatm0tSWrV6jZVqFBBzz77vEaMGK3t23fo3Llz+u231QoKCtaECR9p2rTpGjNmnHr06KHatWupVq0aGj16tGbO/EIvv/yqRo16X3Pm/E+S9MQTvTVt2id6993h2rp1u0wmk5YsWaKtW//S2bNn9ddff+nAgQPF+fYAMKidO3cqLCxM8+bN0/Dhw3Xo0CGtWLFCNptNL774ovr165erfa9evTRw4EB169ZN27Zt086dOzV+/Hjt27fPOctBcHCwPvroIz355JOSpPbt2+vQoUM6dOiQwsPDi6TuyZMn6+jRo/L09MyzLSwsTHPnzlXDhg0lSYMHD3b236dPHw0YMEAHDhzItSZtjtDQUK1du7bQ4O9yRo0apY4dOyoqKkpz5sxRVFSU1q1bp7Zt22rEiBFq2rSpjh07ds3Hz09YWJg2bdqkYcOGFdimKK/d0aNHtXLlSg0aNEh//fWXTp8+rdmzZ2vDhg26//77FRERcdXnEBERkW9wLUkffPCBDh8+7Hzes2dPbd68WXXq1FH37t0VHBysXbt2qVevXvrzzz+vql+LxaLZs2era9eu+u233xQfH69169YpJSVFr7zyiqZPn55nn23btikkJETjx49Xjx49tHnzZkVFRWnZsmW699579cMPPygmJsbZPjk5We3bt9fQoUPVrVs3RUREaMuWLWrdurXGjBmjdu3aKS0t7arqBgAAAAAAxsIU0ABwA7i7u+uZZ57R88+/ILtdstksF7Y4RhtZLNmyWh2veXl56tNPZ8hkcpHNZpVk17vvDlN2dobsdrtatWolm80mk8kku90ms9kxUrhNm9t0xx23y26X7Habc1vPng/r8ccfl81mldVqVe/eTzj7W7bsR1mtVlksWblGGgPA9bLb7XriiSeUmJiomTNn6umnn5YkVa5cWT/++KMqVaqk2bNn67nnnlObNm0UERGhpUuXqkWLFho9erTzOLVq1VJcXJwsFsd3pKenp2rVqiV/f39Jko+Pj2rVqnXTzsvf31/+/v7OcLh06dI3rf9ffvlFI0eOVGBgoFatWqWAgABJUsWKFfXxxx8rOztbn332mXr37q2NGzfelJokFfm1c3NzU69evXL9gcCDDz6oe+65Rz/88IPmzp2r0NDQAuux2+3OPnNcLrgNDAx0Pl6xYkWusDglJUWNGzfWsWPH9N///le33XZboce6lMlkUt26dfXee+85X2vevLkGDhyoQYMGadasWerfv79zW3Jysh544AHFx8dr6tSpeuWVV5zbKleurDZt2mjRokW5+njnnXe0fft29e7dW++//77z9VmzZjnD+KlTp2rIkCFXXDcAAAAAADAWRgADwA1isWQrIyNVmZmpys7OvPCToaysdGf4myMrK/1CuwxlZ2cqIyNFVqtFNptVWVnpMpsd++aEv5JktVqUmZmmrKy0XNty+s3KyrjwOEVmc5ZsNqsyMhx9EP4CKGrr1q3Tnj175Orqqj59+uTaVqZMGTVp0kSStHTpUklSVFSUJOWZFlqS+vfvrxdeeOEGV/zPN3HiREmOEao54e+lXn/9dUnSpk2btGHDhptWV1Ffu7vuuivfdZxz1gw+cuRIoft/9NFHcnd3z/Xzn//856pquFSpUqXUo0cPSY7RyVfD09NT+/fvz/N6Qefy3//+V6dOnVJgYGCuYPhSjz76qLy9vSU5pn7+8ssvJUnPPvtsnradO3eWdPE+AwAAAAAAtyYCYAAAAFy39evXS5LKly8vLy+vPNtz1hfOCdSqVq0qSfrrr780bNgwpadfXLPcw8NDvr6+N7rkfzSz2ax169ZJckzJnJ86deo4R7KuXr36ptV2s66dyWSSpDyje//uySef1NatW3P9DB48+Lr6zhm1fOm5XY+CzmXFihWSpHbt2snNLf/JmcaNG+cchbx9+3bn9M7Vq1fP0/bv9xkAAAAAALg1MQU0AAAArtvx48clSTExMc7w7FI5QVrO72bNmunuu+/WypUr9f777+vjjz/WQw89pCeeeEJ33nmnMzC7VZ06dUpZWY6ZHcqVK1dgu4oVKyopKemyo2SLUlFfu8TERE2aNEmrVq3SqVOnlJGRIUnO35dTtmzZPOv9nj17VmvWrLmqOoqCxWLRZ599pkWLFungwYNKTU2V3W6X2WzOt/2BAwckXQzVLyfnPpOkpk2b5nmvs7OzJRVdcA0AAAAAAP6dCIABAABw3XLCutq1a2vlypUFtvPx8XE+Xrx4sSZMmKBPP/1UMTExmjNnjubMmaOmTZvqm2++UZ06dW543f9UOaM8Jceo2oLkjLa+tP3NUFTX7vTp02rRooVOnDihKVOm6KmnnnJOdz1gwAB98skn11Rfs2bN8kxFfqPZ7XZ1795dK1as0NNPP61Zs2apWrVqkqSFCxeqV69eefZJTU2VpHxHzefn0lD8999/z/ePLSTJxYWJngAAAAAAuJXxfwYAAABw3XKC3czMTFWrVq3AnzJlyjj38fLy0rBhw3Ty5En9/vvvevHFF+Xp6ant27erW7duyszMLK7TKXYlS5Z0Ps4ZCZyfnEDw0vbX4tixY4X283dFde2mTZumEydO6M4779Srr76a71rH1yIwMFCvvvpqkRzrSq1evVorVqyQr6+vpk+f7gx/C1OqVClJUkpKyhX1cekfUPj7+xd4n1WpUuXaTgIAAAAAABgCATAAAACuW07gFBsbe9XBrYuLi26//XZ9+umnWrNmjdzc3HTo0CFt3rz5RpT6r1CxYkXnqNDY2NgC2506dUqSVKtWrevqr2PHjs5jXY3rvXbbtm2TJDVp0uSq+74a4eHhmj9//g3tI+dcatWqlSuoLUzOddu/f/8Vtb802GWdXwAAAAAAUBACYAAAAFy31q1bS3KsQfrrr79etv2mTZu0fPnyfI/TokULSVJ0dHTRFnkDeXt7S7rykZyX4+7urjvuuEOStH379nzb7N+/X+fOnZMkderU6Zr7iouL07Fjx654FPGNuHZ2u/2q2l+txYsX37R1ca/mXLp06SJJ2rBhQ6FBf46wsDDnHwbkdw0AAAAAAAAkAmAAAAAUgY4dOzpHMw4ePFjx8fGFto+Ojtb48ePzvG632xUXFydJql+/vvN1Pz8/SdLJkyeLquSrktP/iRMn8t1etWpVSdLSpUuLrM833nhDkvT9998rMTExz/bJkydLktq0aeMM4K/Fxo0bJV2cjvhyivLa5UyTvHr1atlsNufrVqtVCQkJV3gGhbNarfrzzz+v+PyuVc657N27N0+YW9D90K9fPwUHB8tsNuupp55yrglckBIlSujxxx+XJE2fPl2bNm0qgsoBAAAAAIDRuBV3AQBgVMeOXf1UmgD+XapVq1TcJdxwNptNVqs112NXV9c87VxcXDR37lzdfffdOnDggBo2bKjevXurTp06khyjTA8ePKjRo0erXr16kqT169frscce04ABA1SzZk0lJiZqypQpOnr0qB566CE1bdrUefycgHPv3r3q16+fmjdvrpiYGL3xxhvy9/fPt3az2ex8nJ2dfV3vQ+vWrbV69WrNnj1bZcqUUVBQkNLS0vTWW29Jkvr06aO3335b8+bNU1RUlJo0aaL09HQdP35cR44ckeQIIrOzs+Xh4XFFfXbu3FkjRozQqFGj1KVLF02YMEEhISFKSEjQZ599ppkzZ6pGjRqaN29eoeeelJSUZ4phi8WitLQ0JSQk6Msvv5SLi8sVT1ssFd2169u3r2bMmKGdO3eqQ4f/Z+/O42u+8j+Ov2/uzZ6QSIjEEiUqdkIJRXW0ylQ3FD+6qKatKVXTVTejVapD1SgzqKItpbZBaAnaWqq0I3YS+5ZEiMh6k9z190fGnaa2IFxNX8/HI49H7vd7zvl+zk3V8r7nnI7q2LGjzp49q2+//dZ1HnBhYeEF/939en5paWkXbDntcDhksViUn5+vXbt2KT8/XxUqVCj1/K5Ft27dFBYWpvT0dLVv3149e/aUzWbT+vXrXW2cTqfMZrPrva5UqZIWLlyohx56SGvWrFGdOnXUs2dPRUdHy2QyKTs7WwcPHlSTJk00ZMgQSdLYsWO1ZcsW7d27Vx07dlTPnj3VokUL+fn56cyZMzp06JC6du2q3r1739D5AgAAAACAW5fBeaP3WwOA3wGLxSK7vcjdZQD4gzMavUsdDt5ob731lubNm6cTJ06UCNtMJpOqV6+url276p///OcF/Y4ePaqPPvpIq1ev1vHjx2W321W1alW1bt1affv21UMPPSSDwaBDhw7pww8/1NatW5WamqqMjAz5+voqOjpaffv21aBBg+Tp6Vli7OHDh2vatGkym8267bbbdO+99+r99993bYkrFa+WHT58uI4dO6b8/HzXdYPBoLCwMEVGRmrTpk3y8CjeCCctLU1PPvmkkpKSXCtUK1asqPr16+vll19Wz549JUnZ2dl65plntGrVKnl5ealu3bp64oknNHDgQEnFgeS7776rOXPmKC0tTZGRkerQoYN69eolg8Gge++9V1LxVtEfffSRateurTFjxmjv3r06ffq0JKl27dq6/fbbNWnSJNWpU8dV+9q1azV58mT99NNPOnv2rHx9fXX77bfroYce0gsvvOBaYStJCxcu1LBhw3T06FFXcF8agYGBysnJkVS8svjLL79UcnKyzGazPDw8VLt2bUVHRys+Pr7Mf3YLFizQyJEjdeDAAVWoUEHt27fXK6+8orS0NHXv3t31M1mxYoXS0tKuaX5S8TbLbdu21b/+9S9NmDBB+/fvlyRVr15d7dq109y5c3X06FENGDBAW7duVU5Ojjw9PRUTE6NPPvlE69at04IFC7R3717l5eXJZDIpOjpaDRs2dJ0vvHPnTg0ZMkSJiYkyGAxq3ry5nn32WXXp0kUhISGSJC8vL33wwQd66aWXXLWlpqbqH//4h1atWqXDhw/LbDYrKChI0dHR6tq1q55//nlXIC4VbzU+adIkLV68WPv375fZbFZwcLCaNWumhx9+WP3797+qQB8AAAAAANx6zv9bzfbt20vdp1mzZpIIgAFAEgEwgFvDrRQAAwAAAAAAAHCf6wmAOQMYAAAAAAAAAAAAAMoJAmAAAAAAAAAAAAAAKCcIgAEAAAAAAAAAAACgnCAABgAAAAAAAAAAAIByggAYAAAAAAAAAAAAAMoJAmAAAAAAAAAAAAAAKCcIgAEAAAAAAAAAAACgnDC5uwAAKK/27t3v7hJwgzRocPtV97HbHbJabbJYbHI47HI4nKXq5+FhkIeHUV5eJnl6mmQ08tktAAAAAAAAAMClEQADwA3UokULd5eAMrZ169aram+z2WU2F8lut8tkMsnT01MGg5c8PEoX5DocDjmdTlmtNhUUFMloNMrPz1smk/FaygcAAAAAAAAAlHMEwAAA3CB5eQWyWm3y9vaWj4/PNY1xPig2Go3y9vaWzWZTbq5Znp4mBQT4lmW5AAAAAAAAAIBygH0kAQAoY06nlJ2dJ7vdIX9/f5lMZfd5K5PJJH9/f9ntDuXkmOV0lm4raQAAAAAAAADAHwMBMAAAZezEiRTZbHb5+t64Fbq+vr5yOp1KSUm/Yc8AAAAAAAAAAPz+sAU0AABlKD09Q56eXgoMDLxkG7PZrCVLligxMVEZGRny8/NTTEyMOnfurJo1a5b6Wb6+vsrLy1N6eobCwkLLonwAAAAAAAAAwO8cATAAAGWksLBIZnOBwsPDL9nm+PHjGjNmjHx9fdWuXTtFRkbq2LFjSkpK0vDhwxUXF6d27dqV+pkhISFKS0tTYWGRfHy8y2IaAAAAAAAAAIDfMQJgAADKSEbGOQUFBcnD4+InLGRkZGjMmDFq3ry5+vXrJz8/P0lSTEyMJCkhIUHTp09XaGiooqOjS/VMDw8PBQUFKSPjnKpXr1o2EwEAAAAAAAAA/G5xBjAAAGXAYrHKarXK39//km1WrVolX1/fEuHvr3Xu3FnNmzfXV199dVXP9vf3l9VqlcViveq6AQAAAAAAAADlCwEwAABlIDc376Kh7q9t27ZN7dq1u2y7++67T8ePH1dGRsZVPd/Pz09mc8FV9QEAAAAAAAAAlD8EwAAAlIGCgqIrBsAZGRmKjIy8bJuaNWu62l4NPz8/5eWZr6oPAAAAAAAAAKD84QxgAADKgM1mlcl0+d9WfX19dezYMdeZvxdz/PhxSVJoaOhVPd/Dw0MOh/2q+gClkZaWptTUVOXm5spms7mlBpPJpMDAQEVERCg8PLzU/dLS0pSSkqLc3FzZ7e799WE0GhUYGKhq1apd9RxOnz6t7OxsWSyWG1jhjefl5aWKFSuqSpUqV/UeAAAAAAAA4OoQAAMAUAZsNruMRuNl28TExCg5Ofmybfbt26eQkJCrDoA9PT05AxhlymazaceOHZKk2rVrKzAw8IofcriRteTm5urw4cNKTU1Vw4YN5ePjc9n227dvl91uV3h4uCIjI6/46/NGs9vtKigo0PHjx5WSkqJGjRpddg6FhYXas2eP7Ha7qlWrpoiICLfP4XrZ7XZZLBadPHlSqampioqKUsWKFd1dFgAAAAAAQLnDFtAAANwk9913n5KSkpSQkHDR+8ePH9fSpUsvu0IYuFl27Nih4OBgtWjRQsHBwW4Lf6XiFcDna5GkPXv2XLb99u3b5evrq7p16yogIOCWCE6NRqMCAgJUt25d2e127d69+7Ltd+3aJT8/P0VFRcnX1/eWmMP1MhqN8vX1VZ06dWS327V//353lwQAAAAAAFAuEQADAFAGTCbjFbeYrVmzpuLi4vTVV19p4sSJSk5OltlsVnJyspYuXarhw4dLklavXq2NGzde1fOtVqu8vDyvuX7g11JTUyUVr/y91ZwPgc/X+Fupqamulb+3qvMh8OXm4HA4FBYWdpMru3mioqLkcDgu+R4AAAAAAADg2rEFNAAAZcBk8pTNZrviKr127dopNDRUc+bM0QcffOC6HhISonvvvVerV6+WJE2fPt3VvjQcDoc8PH7/KwRxa0hNTVWdOnXcXcYl1a5dW4cOHVJERMQF91JSUm7p8Pe88PBwpaSkXHQOp06dKtfh73lhYWE6derURd8DAAAAAAAAXDsCYAAAyoCvr7fMZrO8vb2v2DY6OlojR45URkaGMjIyFBoa6jrzNzIy0hX+Xk0IbDabFRDgdx0zAP4nLy9PgYGB7i7jkgIDA5WXl3fRe3l5eapVq9ZNrujq+fr6XnIOubm5ql69+k2u6Obz8/PTsWPH3F0GAAAAAABAucMW0AAAlIHAwACZzear6hMaGqro6GhX+CsVh71xcXGu19OnTy/VdtBms1l+fr5X9XzgUmw2m1vP/L0Sk8kkm8120Xt2u/13cV6u0XjpbeOtVust/f6XFZPJJKvV6u4yAAAAAAAAyh0CYAAAyoCXl6c8PT2Vn59/3WP9NgS+0gq5/Px8eXp6cgYwAAAAAAAAAIAAGACAshIaGqysrCw5nc7rHut8CHzvvfeqX79+l2zndDqVlZWl0NDg634mcC06deqkt95666L36tWrp6lTp97kikpvypQpCgkJUZUqVS74Wrhw4UX7vPfee3rxxRclSYMGDdKoUaMkSVu3btWOHTtuWu2/dtttt6lq1aqKiIhQ9erV1bZtW40ZM6bUuxL8eh5XMmPGjOspFQAAAAAAADcBATAAAGXEx8dbfn6+ysjIKJPx2rVrd9nwV5IyMjLk5+crH58rnz0M3AgDBw7UzJkzL9iSef369UpNTVXfvn1LPdaltkS+UUwmk1q3bi2bzXbB16XqNplMru2Z//GPf2jYsGGSpDlz5mj37t03rfZfMxgMWrZsmQoLC3XmzBlNmTJF69at04MPPqjCwsIr9vf0LN7B4ErS0tI0YcKEsigZAAAAAAAANxABMAAAZSgsLFR2u02nTp264c86ffq0nE6nwsJCr9wYuEEefvhhORwOrVixosT16dOnq1+/fgoMDNTmzZvVpk0b1atXT02bNtXcuXNd7SIjIzV27FhVq1ZNCxYsuNnly+l0KjMz84Ivi8UiSdq2bZs6dOigFi1a6P/+7/+UmZnp6jt06FCNGTNGEydO1Pz58zVq1Ci98847N30OUvE54JmZmSoqKlJMTIy++eYbpaen66uvvpJUHN4+8cQTat26tdq0dWIwWgAAIABJREFUaaORI0de9BzloqIivfPOO2rdurViY2M1YMAAnT17VmazWffdd5/S09MVGxurY8eOlXpMAAAAAAAA3FwEwAAAlLFq1cKVlpaqvXv33pAVjXa7XXv37lV6errCwyuX+fjA1fD09NSAAQM0ffp017Xs7GwtXLhQzz33nLKysnT//ffr1VdfVXJysv7973/r+eef1549eyRJPj4++u6773To0CH16dPHXdO4pMGDB+upp57SoUOHNGnSJMXHx7vumUwmeXp66rXXXlNMTIxGjhypjz76yI3VFrPZbPLw8FC3bt20ceNGSdLzzz+vWrVqKSkpSb/88os2bdqkL7744oK+EydO1NatW7V161YlJSWpWrVqeu211+Tn56cZM2YoLCxMSUlJuu2220o9JgAAAAAAAG4uAmAAAMqY0eih1q1bysvLU4mJiTp9+nSZjX369GklJibKy8tTLVo0ldFoLLOxgWv17LPPatWqVUpJSZFUvB1y48aN1bx5c61du1aVKlVS9+7dJUm1a9fWAw884FrtazAY1LNnT/n4+Lil9l9++UURERElvm677TZJxatmk5KS1KNHD2VlZaly5crq2rXrBWMUFhbK6XTKYrGU+tzdG83pdCoiIkI5OTnKzMzU+vXr9de//lXZ2dmy2WyKi4vTsmXLLugXHx+v559/XjabTVlZWRo8eLDi4+Nls9lc20lnZWUpIyOj1GMCAAAAAADg5jK5uwAAKM+2bt3q7hLgRg0a1FNWVrYOHTqqY8eOKSQkRKGhoTIajfL39y/VGPn5+bLb7crIyNDZs2fl4+Ojhg2jFRRU8QZXD5RerVq11KlTJ82cOVNvv/22pk+frsGDB0uSTp06pRMnTqhWrVqu9oWFherZs6frdZUqVW56zee1atVKmzdvLnHN6XTq3LlzysrKkiTXr1eHw6Hg4GDl5OTc9DqvxYkTJxQREaEzZ85Iku6++27XPbvdrsqVL9xBID09Xa+++qrefvtt17WAgIALPshyNWMCAAAAAADg5iIABoAbpEGD291dAm4BQUEV1aJFU+Xl5ev06TM6duyYbDar8vNLt0rQ399PJpOnqlQJVfXqjRQQULrgGLjZBg4cqJdeekkPPvigDh8+7NrOOSIiQnXr1tWuXbsu2ddgMNysMi9w/gzgiwkODpYkZWZmuoLNtLS0Un+Aw51ycnIUHx+vjz/+WBEREZKKP5QUEhLiauN0OpWdnV2iX0REhN555x3Xim2p+OeTnZ2tw4cPl2hX2jEBAAAAAABwcxEAAwBwEwQE+BPeolzr1q2bBg0apNdff12PP/64/Pz8JEl/+tOf9Mwzz+ibb77Rn//8Z+Xn52vo0KF6/vnn1bx5czdXfXnh4eGKiorS119/rcGDB2v//v1au3atHnzwwQvaenl5uVYMu5PD4dCuXbs0bNgwNW7cWN26dZPdblenTp00atQoDR8+XA6HQxMnTlR4eLh69+5don/37t01adIktW7dWv7+/lq9erXWrVun999/X15eXsrPz5fFYlGFChVKPSYAAAAAAABuLs4ABgAAwHUzGo2Ki4vTypUrNXDgQNf1ihUravny5Ro5cqSioqLUuHFjVapUSU2aNHFjtf/z888/q0qVKhd8vfTSS3I6nZoxY4bmzZunhg0b6u2339bjjz8uu91+wTg9e/bU6NGjFRcX54ZZSH369FFERIRq1KihuLg4de7cWUuWLJHNZpPT6dRnn32mo0ePqkWLFoqJidGuXbvUpUuXC8Z58cUXFRMTo7vvvlstWrTQRx99pL59+0qSGjdurGrVqqlx48basmVLqccEAAAAAADAzWVwOp1OdxcBAO5msVhktxe5uwwAf3BGo7e8vLzcXYbWrFmje+65x91lXNalalyzZo1iYmJKNYaPj49rpfJvFRUVKT8/XyaTSf7+/jIYDLLb7bLb7TIYDMrPz5e/v78cDocKCgrk7e0tf39/WSwW5eXller5iYmJ1z0HqXir6l9vo+1wOFRUVKSCggLXNYPBIH9/f5lMxRsA2Ww25efny+l0lpiHJPn5+bn+O3Q4HK6zyKXiQN/Dw0O5ubmy2+2XHLO0LvUeAAAAAAAA/NHl5ORIkrZv317qPs2aNZPEFtAAAAD4gyosLFRhYeFl29hstkueaZufn+/6vqioSEVF7vkg0blz567Yxul0XjKY/vU8JMlsNstsvvg55b99L0obdgMAAAAAAODmYQtoAAAAAAAAAAAAACgnCIABAAAAAAAAAAAAoJwgAAYAAAAAAAAAAACAcoIAGAAAAAAAAAAAAADKCQJgAAAAAAAAAAAAACgnCIABAAAAAAAAAAAAoJwgAAYAAAAAAAAAAACAcoIAGAAAAAAAAAAAAADKCYPT6XS6uwgAcDeLxSK7vcjdZQD4gzMaveXl5eWWZ69Zs8b1fUREhBo0aOCWOkpr3759SklJcXcZAAAAAIAb5J577nF3CQDgVjk5OZKk7du3l7pPs2bNJBEAA4AkAmAAtwZ3BsAAAAAAAAAAbh3XEwCzBTQAAAAAAAAAAAAAlBMEwAAAAAAAAAAAAABQThAAAwAAAAAAAAAAAEA5YXJ3AQBwqzAavd1dAgAAAAAAAAAAwHUhAAYASV5eXu4uAQAAAAAAAAAA4LqxBTQAAAAAAAAAAAAAlBMEwAAAAAAAAAAAAABQThAAAwAAAAAAAAAAAEA5QQAMAAAAAAAAAAAAAOUEATAAAAAAAAAAAAAAlBMEwAAAAAAAAAAAAABQThAAAwAAAAAAAAAAAEA5QQAMAAAAAAAAAAAAAOUEATAAAAAAAAAAAAAAlBMEwAAAAAAAAAAAAABQTpjcXQAAAADcb8GCBVq6dKmOHj0qLy8v1axZU+fOnZO/v79atWqlxx57TKGhoTe1psTERL3xxht67LHH9Pjjj1/zOK+88oqOHDmizz77TEFBQWVYIQAAAAAAAHDrYQUwAAAA9Oijj+qee+6RJNWsWVOzZs3S4sWL1blzZy1cuFD9+/dXWlraTa3p1KlTys/P14kTJ0rdx26364svvihR65EjR5SRkaH8/PwbUSYAAAAAAABwS2EFMAAAAC7KaDSqf//+2rJli3bt2qWpU6dqxIgRN+35f/7zn1WvXj3VrFmz1H2WLFmiadOmqVGjRgoPD5ckzZgxQ/n5+YqIiLhRpQIAAAAAAAC3DAJgAAAAXFbbtm21a9cubdq0SU6nUwaDQXPnzlV8fLyMRqMCAwP15ptvqnr16tqyZYtmzJghf39/nTx5Uk8++aTuv/9+5ebmavLkydq0aZMiIyOVl5en5557TufOndOkSZOUnZ2tUaNGKTc3V9OnT9ezzz6r+Ph47dq1S+3atdOIESP07LPP6vDhwwoNDVVUVJQOHjwoHx8fxcXF6Z577tH8+fP16aefSpImTpyo2NhY1a5dW6NHj5bNZtPMmTNVt25dnTlzRhMmTFBKSopsNpsiIyP117/+VaGhoRo5cqRWrVqlwMBAtWrVSlu3blVhYaEeeOABvfjii27+SQAAAAAAAABXxhbQAAAAuKzzZ/+azWbl5eVpw4YNmjx5smJiYjRu3Djt3LlTEyZMkNPp1IgRI9S2bVuNHz9eY8eOldlsliS9++67Wr58uQYPHqxPPvlEffv2VWZmprp27aoGDRpIkmbPnq0lS5YoLCxMvr6+ri2pJbmCXkmqUKGCxo0bp1mzZikjI0MjR47UqVOn1KtXLwUHB0uShgwZooEDB6pz587y8/MrMZ/3339f69at04gRI/TWW29p3bp1GjVqlCSpX79+kiSbzaaBAwdq7NixKiws1IIFC3T27Nkb+C4DAAAAAAAAZYMVwAAAACg1Dw8Pbdy4UVLxWcFhYWGSpN27d0sqDk5nz56t7Oxsde3aVY8++qjOnDmjzZs3y2Aw6O6775YktWvXToWFhSXGvuuuu/TYY4/p7NmzysvLU2Zm5iVrkKSgoCBFR0dr+/bt2r59u7p06XLF+s1ms7Zu3SqDwaCaNWvK6XRKkn755RcVFBSUeEZ4eLjCw8Pl7e2toqIi5eTkKCQk5GreLgAAAAAAAOCmYwUwAAAALis3N1eSFBgYKH9/f1cwu3jxYg0ePFhVq1ZVQECAnE6nhgwZIpvNpvnz5+upp57Sl19+6Vo5W7FiRXl6ekqSfH19Xat1zwsICJAkhYSEKDIyslS1ne+Tk5NTqvbnazeZTPLw8JDRaJTRaCxx77cMBoMkucJiAAAAAAAA4FbGCmAAAABcVlJSkiSpTZs2kuRaBdu9e3f16tXL1c7pdOrOO+9U+/btlZCQoC+++ELz5s3T/fffL6k4SLZara4QuCycD6fPr0S+kkqVKkkqXqnscDjkdDplt9td99LS0sqsNgAAAAAAAMAdWAEMAACAS9qzZ49++OEHVaxYUc8884wkqWPHjpKk77//3rVtssVikdVq1d///ndVrFhRvXr1UufOnVW5cmVVqlRJd9xxh+x2u+bNm+daSWuxWK6rtuzsbCUnJysoKEh33HGHJLnO+z19+vRF+/j5+SkmJkZOp1MnTpzQgQMHJEl33HGHfH19r6seAAAAAAAA4FbACmAA0PWHEABQVry8vNzy3K+//loJCQmSpGPHjql///6SpLy8PHXu3Fn9+/dX1apVJUmxsbF6+eWXtWDBAj388MOKiIhQ27Zt9dRTTyk7O1sDBw5UaGiosrOz9cYbb0iS/va3v2nq1KlasmSJ5s6dq4iICD355JOSpEOHDkmSEhISVL16dbVs2VLnzp3TmjVrJEn79+/Xzp07XbWmpaXpr3/9q1JSUhQVFaWhQ4e6gt/+/ftrwoQJGj9+vNavX68777xTZrNZkjR//ny99dZbeuutt/Txxx/rb3/7mxwOhzp27KihQ4dKkpYvXy5JKiws1Pr16+V0OmW1WiVJ8fHxevHFF2/QTwAAAAAAAAAoGwYnh5kBgCwWi+z2IneXAeAPzmj0dlsA/Huwfv16vfnmm4qOjtb06dPdXQ4AAAAAAABww+Tk5EiStm/fXuo+zZo1k8QW0AAAAPidsdls7i4BAAAAAAAAuGURAAMAAOCWZ7PZFB8fL0lKT0/X/Pnz3VwRAAAAAAAAcGviDGAAAADc8kwmk8aOHevuMgAAAAAAAIBbHiuAAQAAAAAAAAAAAKCcIAAGAAAAAAAAAAAAgHKCABgAAAAAAAAAAAAAygkCYAAAAAAAAAAAAAAoJwiAAQAAAAAAAAAAAKCcIAAGAAAAAAAAAAAAgHKCABgAAAAAAAAAAAAAygkCYAAAAAAAAAAAAAAoJ0zuLgAAAADu99JLL8lkMikgIEBFRUVat26dWrZsqcqVK8vpdCo5OVlffvnldT0jISFB8+fP17Fjx9S+fXvZbDZlZWXJbDarQ4cO6tWrl3x8fMpoRpfncDj02GOPKS4uTn/605+ua6zRo0fLz89PQ4cOva5xUlNTtXjxYs2bN0+xsbHq2LGjunXrdkG7FStWaMGCBZo1a9Z1Pe+8nTt3asGCBfr+++/VoUMH+fj4yGazKS8vT/n5+Zo6deoVx1i5cqWmTZumPn36qFevXmVSFwAAAAAAAK4NATAAAABUtWpVvfbaa5KkkydPat26derTp49iY2MlSR9++OE1jbtp0ya1bdtWktS5c2ft27dPOTk5Gj58uKvNoUOH9M477+i7777TP//5T/n5+V3nbK7Mw8NDPXv2VL169a57rLvvvluenp7XPU5ERISefPJJzZs3T/fee6/uu+++i7Zr1KiRHA7HFccrLCzU3r17FRMTc9l2TZo0UVZWlr7//nsNHTpUVapUcd177733SlV7ly5dtHjx4lK1BQAAAAAAwI1FAAwAAAA9+uijl71/Las69+/fr9mzZ7sC4EupU6eOPvzwQz322GOaO3eunn766at+1rXo3r17mYzTpk2bMhmntCIjIxUZGXnFdkuXLlV2dvYVA+DLadSo0TX3BQAAAAAAwPVr1qzZVfchAAYAAIBuu+22K95PTEzUl19+qfDwcKWlpWnQoEGKiopSRkaGxo0bp9DQUGVmZqpx48bq0KGDJk2apBMnTmjMmDF6+OGHFR0dfcnxa9SooWbNmmnDhg16+umnVVhYqEmTJik3N1c2m03VqlXTX/7yFxkMBi1atEjbtm1TxYoVlZycrMmTJ8vb21tHjhzR1KlTFRISIofDoQMHDmjq1KmaPXu2Pv30U7355ptatWqVatSoobZt2+qjjz5Sjx491LdvX3388cdatGiRunfvrqNHj+r06dN65JFH1Lt3b0lSbm6uJk+eLLvdLh8fHx0+fFiDBw+Wp6enJk6cKG9vb40dO1aSlJmZqU8++UT+/v4qKipSUVGRhg4dqkqVKmn69OmaNWuWunXrppMnT+rQoUP605/+pFdffbVUP6esrCxNnz5dK1eu1Jo1ayRJ27Zt07x581S5cmUdP35cTz/9tOx2uxYuXCh/f39lZmZqyJAhyszM1OjRo3X77bfr8OHDiomJUf/+/S/7vPMh+YEDBzRy5EiZTCZFRETo4MGDstvtGjVqlG6//faL9v3kk0907tw5+fn5af/+/Ro+fLiqV68uu92ur776SklJSapUqZJOnz6t1q1bq3v37kpLS9PHH3+skJAQnTp1St26dVOnTp1K9d4AAAAAAACgGAEwAAAArig3N1dvvvmmRo8erZiYGC1btkyjRo3SzJkz9dVXXykqKkpxcXFyOp1at26dqlWrptjYWFmtVg0bNqxUz6hRo4aSkpIkSXPmzNHRo0c1adIk2e129erVS02aNFHTpk01ceJErV27ViaTST/++KMMBoOKior0yiuvaPDgwbr77rslSZMnT5YkPfTQQ/r000/l7++vcePGadmyZWrbtm2JM40fffRRLVq0SM8884wCAwN18OBBDRgwQNHR0WratKnGjBmjkJAQvfTSS5KKt7bOy8vTHXfcoUaNGunAgQOusUaPHq0GDRpowIABrjpGjx6tcePGqWfPnpo1a5b69eunGjVqaM+ePXruuef0xBNPKCws7IrvUVBQkO666y6tXLnSdW3ixIkaPHiwWrRoobS0NGVnZys6Olq1atVS3bp19eyzz0qSzpw5oyeeeEKxsbHat2+fnnnmGfXp0+ei5y6np6dr7dq16tu3rySpbt26atasmXJzc/W3v/1NTqdTr776qhYtWqQ33njjorVWqVJFL7zwgiTplVde0bJly/T8889ryZIlWrt2raZPny6TyaS8vDzNnz9fkjRq1Cg1a9ZMcXFxOnHihJ588kk1b95clSpVuuJ7AwAAAAAAgGIe7i4AAAAAt74dO3aooKBAzZs3lyRFR0frwIEDKigoUIUKFbR69Wr95z//kdPpVMeOHa/pGU6nUx4exX88/fHHH9WyZUtJktFoVN26dbVjxw55e3vL09NT06ZNU2Zmpu688055eXlp27ZtysjI0F133eUaLy4uTkaj0fW6Tp068vT0VI8ePa5YS1RUlBo1aqQff/xRRUVFWrduXYmVqK1bt77o9jsFBQXavHmzWrdu7brWvn17bd68WYWFha5rBoNBUnGwKhUH7NeqQoUKmjt3ro4cOaLw8PBLrrSOjIx0nekcFBQkScrPzy/R5pNPPtGoUaNcq5l/63zdBoNBderUUU5OziXrOr96WpKCg4Ndz1q1apU6duwok6n4s6gBAQHq16+fzGaztm/frlatWkkq/kCAyWRyfSgAAAAAAAAApcMKYAAAAFzRuXPnZDQaNXHiREmSxWJRgwYNZDab1bdvX+Xk5GjEiBEymUx6+eWX1b59+6t+xqlTp1StWjVJxdsoJyYmKjs7W5Jkt9vl7+8vLy8v/f3vf9dnn32mRx55RB06dNAbb7yhjIwMBQYGugJkSfL29r6uOQcFBencuXPKyMiQVBy0nmc0GkuEy+edPXtWUnGoeV5gYKDrnr+//0Wf5XQ6r7nOYcOG6V//+peefvpp1a5dW8OHD1fNmjUvaHf8+HEtWrRI/v7+KigouOhYL7zwgqpUqeJaAXwll6rb6XTq3//+t44dO6bAwEAdOHBADRs2lFS8EvnX76VU/LM6efKkpOKzi7///ntJxUH8+dAZAAAAAAAApUMADAA3gM1m05Ily/T11/MVEhKiHj266957O8lut2vJkmVasGCRKlasoB49uqtz53vcXW4JK1cmaMmSpZoyZbK7SwFwCwkODpaHh4eGDBly0UBuyJAhGjRokGbPnq1Ro0bp22+/varx8/LytH37dj355JOu58XGxrq2IP61mJgYxcTEKDU1VUOHDlV8fLwiIyOVnZ0ti8UiLy+va5vkb2RlZalWrVoKCQmRJGVkZFzxrOTzbX+9ovf89yEhISVWAV+N/Px8JSQk6JFHHrngXnh4uN577z2ZzWa99957+uc//6kxY8Zc0G7YsGF64okn1KVLF6WlpWnBggWXfF5YWJj69u0ri8WinJwchYaGXlW93333nebPn6+vvvpKHh4eSk9Pd90LDQ3VmTNnLuhzfpvnnj17qn79+lf1PAAAAAAAAPwPW0ADwA1gMpnUp08fhYZWVv369dWlSxdJxSvGevfurbCwMNWrV09du3Z1c6UXaty4sXr06FkmY23e/HOZjAPA/Zo0aSIPDw+tWrXqgnszZsyQw+GQ0WjUXXfd5VoV6unpWaqtjQsKCvTBBx+oRo0a6tWrlySpTZs2SkhIkNlsLtH21KlTWr58uSQpIiLCtd1x06ZNFRISUuJc3+uRkZGhpKQk3XPPPfLx8VG7du00b948FRUVXbafr6+vYmNjtWXLFte1jRs3KjY29qJn7ZbW3r17ZbVaL3pv+vTpkiQ/P78SW0//9v3PyclxheOXGuu3/vOf/ygxMfGq683Ozpanp6frwwIWi8V175577tG3336r06dPl+jj5+enxo0ba8mSJVf9PAAAAAAAAPyPccSIESPcXQQAuJvdbpfTaS/TMR0Ou1as+FYhISFq3bpliesrVyaoYsUKio1tVabPLAsVK1ZU3bp15XQ6rmucAwcO6vPPv9B993Uuo8qA8s/Dw3TRbYVvph9//FErVqzQ/v37VVRUJKvVqqioKHl7eys6OlpffPGFvvnmG/3yyy/KyMhQw4YNtWfPHn3++efat2+ffvjhBw0YMEC1atVSQECAli1bph9//FEBAQHavXu3vvvuO6Wnpys5OVnfffed1qxZo2XLlqlBgwYaNmyYfH19JUn169fX0aNHNWPGDG3cuFG7du1StWrV5O/vr8mTJ2vPnj3avHmzrFarnn76afn6+qply5aKj4/XvHnz9NNPP2nHjh1q0KCBEhIStGXLFvn7+6tmzZry9/fXN998o40bN6qwsFBVq1aVr6+vFi5cKIvFos2bN2vFihWKi4tTTEyMJKlly5batWuXZs6cqXXr1ikxMVEhISE6fvy4EhISdOrUKQUFBal27dpq2bKlEhIStHXrVm3YsEFZWVl65ZVX5Ofnp+XLl2vz5s0KCAhQkyZNtGzZMm3evFmBgYGKiIjQ/PnztWvXLmVlZWn79u1av3691qxZo2+//VbNmjWTj4+Pli9frqSkJAUGBqp27dpaunSp1q1bpx07dmjfvn36y1/+oqCgIDmdTs2ZM0f79u1T7dq1ValSJX366afatm2bJOnnn3+W0WiUyWTSsmXLdOzYMaWkpGj9+vX6/vvvtWbNGq1cuVLt27d3bemckZGhunXrKj8/X0uXLlV6eroaNWqkX375RRs2bJDValV4eLgaNWqk1atXa8mSJUpOTpbdbldSUpIaNGig9u3by2KxaMqUKa6zoy0Wi+rUqaPmzZtr7dq1+vrrr/XTTz8pOTlZjRs3lqenp9t+TQAAAAAAALjDlRYiXI7BeT0HjgFAOWGxWGS3X/v/TC/lL395QfXq3a6hQ18ocf3FF19WzZo19PLLQyUVr2ibNOlfCgmppPT00+rSpbM6drxLmzb9pPHjJ+jBBx9QSkqqjh8/rscf73fBtX/9a5KmTJmmrKws+fr66eDBgxo27FX5+wdo/PgJ2rNnj1q0aKGDBw8qJydHPXp0V05Ojnbs2KWUlBT17v2o+vbto6ysbH3++Zdas2at4uP/LUkqLCzU1KnTlZeXJ5vNpoiIcMXFDdCGDRv18ccT1ahRQzkcdh08eFjh4VU1atR7ys7O1scfT9SxY8cVG9tK99//Z9Wrd7tee+0NhYeHKz8/XzabTW+++bq8vLy0Y8dOLVy4WKGhoTp58qSeeOIxNW7cqMx/HsCtzmj0LrPti3F1Tp48qT59+ighIUF+fn7uLgcAAAAAAAB/cDk5OdfclzOAAeAG27Ztu95//4MS106ePKmaNWu4Xo8dO17NmzfXgAFP6eTJFD311AA1adJE7du316xZX8pqten111/XihXfXPSaJFWtGq4hQ4bI6Sw+5/Gbb1bqmWfidP/992vfviS988478vT01Lx58/TVV3M1d+4c+fkFaM2aNfrwww/Vt28fBQUFqWPHjlqzZq2rtvnzF+rEiZOaOPEfstvt+r//66tGjRrq7rvv1uzZc9WuXTs9+OADKigoUu/evbVp02Z17nyP2rRpI7vdoWHDhslqtcjpdOjOO+9Uz5495XA41K3bA9q+fYdatbpDU6ZM06BBg9S8eXOlp6fr7NmMm/PDAYDfsNvLdjcIAAAAAAAA4GYjAAaAGywmJkavvvpKiWt/+cvzru/NZrN27tylZ56Jk8VSqLCwyjKZTNq//4AqVQqWJFWvXl0eHk498shDstksF73Ws2cPWSyFkqSgoGAVFBRJcsrhsMtgMMhut8huL95is7CwUEajQUVF+YqMrK6ioiJZLBZ5eXnJ4bCVqHXLlp//u11ngSSpbt262r17r9q0iZUkOZ1OFRUVyMOj+DzO/Px8OZ1OORzFW0ifr0mSevToLqu1+HVgYKDM5uIxK1YM0ty5cxUtpVZUAAAgAElEQVQQ4Kfbbqul0NBgV38AuNGcTqdWrlwpSVq8eLG6deumkJAQN1cFAAAAAAAAXBsCYAC4wZxOhys8vZhz585JkpYtW6bvvguQJEVFRZU4B/T8bv3nw9/fXnM6nVq8eJGOHz+hwMBAHTx4QPXrN7hEPXb9evd/h+PyJwFkZp5TYmKiMjPP/vd5NgUEBFymh+GiV/Py8rRgwSJZrVb5+PgoLy9PBkNx29dee1VTpkzVoEFDVKtWLQ0b9qpq1Kh+2boAoKwYDAbFxcUpLi7O3aUAAAAAAAAA140AGADcrFKlSpKkHj16Kjq6niTJw8Moq9VywWrcS1m3br3+/e+l+uKLz+Xh4aGzZzPLrL7g4GDFxsaqd+9e/63NQ3a7vUQYXRqffTZLDodDr732qiQpIWGN615ISJBGjPibiooseu+99zR9+gy9++7wMpsDAAAAAAAAAAB/FB7uLgAA/uh8fX3VuHFjLVmyRFZrkazWIhUVmUsd/kpSbm6+PD29ZLNZ/tu/qMzqa9MmVgkJq5Wdfe6/YxeUKvz19PRUbm6u63VeXp68vLxktRapsNBcYovnWbO+kMVSIIPBrjvuuEMGA789AQAAAAAAAABwLYwjRowY4e4iAMDd7Ha7nE57mY1ntVr1xRezlZi4TTk5uXI6HYqOjpbNZtPnn3+pxMRtysrKlsPhUP360WrRoqW+//4HLVq0WFu2/KIDBw6qQYP62r59h9au/U4Oh11hYVUUGhqqX375zwXXqlYN03fffa/4+OU6cOCAHA6nkpOTVKNGdW3Y8KMOHDio4OBghYSEKD5+hZKSklWhQqAiIiK0bNly7dmzV5Urh8rHx1crVyZo//79CgjwV61atdSkSROdOHFCn3/+pX76aYt2796riIhwHTp0WKtXr5XDYVf9+tHau3ef1q79XlarVY0bN1aVKmFavnyFNm/eIn9/fzVr1lyzZ8/RTz9tVkpKqjIzz+n06dNq3ryZVq9eow0bNmrXrt1KTk7Wc889p8DAy20zDZRPHh6mEtu/AwAAAAAAAPhjup6FXgbnrw+CBIA/KIvFIru97FbNSpKnp7dMJk85nU7ZbBbZbNaLXLfKZrPIYDDIy8tXBoNBDodDTqdDVmuRPDyM8vb2/e+Wy0VyOBwXvSYZ5OPjJ0lyOOySDPLw8JDFUiCTyUtGo6cslkLZ7TbX863WQtls1v++9pLVWii73S6TyavE/eKafWQ0GuV0OuVwOFw1n6/Dai2UweAhLy9fORx2WSyF/73vJ6fT4Tqn2MvLV06nQw6HXUajSQ6HQxZLoby8fCQVn5dsMHjIai2S0+m42NsKlGtGo7e8vLzcXQYAAAAAAAAAN8vJybnmvgTAAKAbEwADwNUiAAYAAAAAAAAgXV8AzCGLAAAAAAAAAAAAAFBOEAADAAAAAAAAAAAAQDlBAAwAAAAAAAAAAAAA5QQBMAAAAAAAAAAAAACUEwTAAAAAAAAAAAAAAFBOEAADAAAAAAAAAAAAQDlBAAwAAAAAAAAAAAAA5YTJ3QUAQHl19OhJd5cA4AarVau6u0sAAAAAAAAAgBIIgAHgBiEYAgAAAAAAAAAANxtbQAMAAAAAAAAAAABAOUEADAAAAAAAAAAAAADlBAEwAAAAAAAAAAAAAJQTBMAAAAAAAAAAAAAAUE4QAAMAAAAAAAAAAABAOUEADAAAAAAAAAAAAADlBAEwAAAAAAAAAAAAAJQTBMAAAAAAAAAAAAAAUE4QAAMAAAAAAAAAAABAOUEADAAAAAAAAAAAAADlBAEwAAAAAAAAAAAAAJQTBMAAAAAAAAAAAAAAUE6Y3F0AAAAA3G/Tpk2aPXu2du7cKUm68847FRcXp7p167q5suuTnp6uOXPmaMuWLTKZTAoJCVF+fr6Cg4PVq1cvtWrVyt0lAgAAALgKX3/9tZYuXarjx4/Lz89Pbdq00eOPP66oqKgL2r7yyis6cuSIPvvsMwUFBV12XLPZrOHDh2vz5s1q166dxowZc6OmAADADccKYAAAAKht27YaOHCg6/Xbb7/9uw9/jx49qv79+2vZsmUaNGiQ5syZo4kTJ+rTTz9V06ZNtWvXrjJ7Vnp6uj777LNbdjwAAACgvOjdu7c6d+4sSYqIiNC777570fBXko4cOaKMjAzl5+dfcdzzYTIAAOUBATAAAADcKj09Xd9++22Zjztu3Djl5ubqgQceUIcOHVzXPTw8dNddd11xBcDV+OSTTzRz5sxbdjwAAADgj2jGjBmaO3euqlWr5u5SAAC4qdgCGgB+Z7IKrHps7j45Jc3qVV+VAzxL1c/plGb+J02Dl+xXzsgOMnkYbmyhN1F5nhvgbiNHjtSqVasUGBioVq1aaevWrbJarXrkkUdUuXJlxcfH6+TJk4qNjdXIkSNlMBi0du1azZo1S9WrV9e+ffsUEhKil19+WQ0aNFBRUZEmTpyozZs3KyQkRKdPn1ZWVpb+/ve/S5JOnjyp8ePHKzMzU/n5+XrggQf0xBNPaOnSpRo/frzsdrs6d+6s3bt3KyMjQ40aNdKHH34oX1/fEnVnZWVp+/btknTRT/HXrFlTNWvWdL1evny55s2bp4CAAOXk5Khfv366//77tWfPHr3++uvKyspSbGyszp49q2PHjqlq1aoaOXKkateurVGjRumHH36QJA0ePFiPPPKIOnXqpLlz5yo+Pl5Go1GBgYF68803lZ2dfc3jAQAAACi9hIQEjR49WjabTTNnzpTFYrnsn8Xr1KlzwRgHDhzQSy+9pDp16ui1115TRESEG2YCAMDVYwUwANyCcgpteuTznXr9m4MX3MsqtGn+Yw31bOsI9Zq9W5/9nFqqMQ0GqW+zsBLX2kzaqp9P5JRJzaVltti19eS1P/NiNV9sbgDKRr9+/SRJVqtVgwcP1ujRo5Wfn6/Zs2erQYMGruD2hx9+UFJSkiTp7NmzGjZsmD744AM999xzSk5O1pQpUyRJX375pZYuXapOnTpp2rRpqlatmmw2myTJ6XRq+PDh+vnnnzV+/Hg1b95c06ZN0969e/XQQw/J399fknTXXXdp2rRpCgoKUmJion788ccL6j5x4oTr+ypVqlx2jjt37tSYMWNUu3ZtTZkyRREREfrggw+0e/duNWzYUE2bNpUk3XbbbZo0aZJatWql48ePa/HixTIYDHr22WddY02aNEmdOnXShg0bNHnyZMXExGjcuHHauXOnJkyYcM3jAQAAALg6nTt3lp+fn+v1lf4sfjHJyclq1qyZxo8fT/gLAPhdIQAGgFvQt8ln9cnDt2vhzjMqsjlK3KsV7Cs/L6Meahiq7wc219OtSv8XEONvVsZ+8nBdNakaUCY1l9a8Haf1y8nca+5/qZp/OzcAZctoNKpy5cpq3Lix61pwcLCqVKmiqlWrSpJycoo/nNG9e3c1bNjQ1UaSzp07J6l4u2dJCgsr/tBGeHi4JCk1NVWnT5/W/v37FRAQoEqVKrna7N69u0QtERERCgoKUu3atSVJ2dnZF9TrdDpd358PmC9l/fr1kqTIyEhJcp19vG7duhLtKleuLH9/fzVp0uSSzz1v48aNkopXGl9qHlczHgAAAICyU5o/i2/cuFETJ07UG2+8IQ8P/hkdAPD7whbQAHALyiqwqXpFH91Ro4KW7jmjXk2Lw4Oz+VY9Pm+vJCky2Ec/HctWt/qher9LcQgycHGyalT01taUXPVtFqaeTaroSGaB3vj2sOpX8ZOX8X9/YdmRmqe4BUka3aWO7qhRQc8u2id/L5OCfE1yOqXJj9xeoqbpP6cqMSVXNSr6aGtKriY8GKVKvp56bcUhhQV6KafIJg+D9EHXKK3Yl6E+c/bopQ41tPtUng5kFGpp/0Yyehg045c0hfh5ysvooQF3hGvU2mPKt9iUU2RXzSAfvdaxpl5dcVDfJmWq8+2VlJiSI2+Th5Y/1VR70/NdNf+5fsgl5yZJEzac0PGsIgX7mnTwbIHG3h+lKqXcLhvApRkM//uwxfmQ9fy186/Xrl2rlStXym63y+Eo+SGWhx9+WOvWrdORI0fkcDh08OBBeXh4qFGjRq6QuKCgQIMHD1ZeXp7CwsIuGONitfzWr8/4Sk9PV3R09AVtcnNzFRgYqMzMTEmSl5eXJMnHx0dS8Urmy/l1yPxb58dcvHix1v8/e+8erFta1/l9nsu6vde9zz6XPud00w00UIyDAoOjRgVHp8o4xNEpDJkpNNHEgJhRg/cpyopFh2Qo52ZFJ1apCeiYCJUpL0iSIUIDTQANoAgqdDdNX06fc3rvffblva3bc8kfz1rv3vuc03TTNNAzPJ+qrnef913vWs+6Pevt5/t8v78PfGAtkj/evjzR+iKRSCQSiUQikciXjut/iz/44IO86U1vYrVa8Y53vIMf/MEf/Aq1LBKJRCKRp0YUgCORSOQZxqe3Vzz7VKhl+ZqXnONXP/ToWgDeGiZ88x0bVMZy13c+h4cPKl72yx9dC8A/+4pn8Zytgnffu8e/uucRvu9rz/ITf3g/r3nJWf6zrztH1Trues+DAHzdhREXp0HkODNKeNmtU/bLln/2n9zJhx86OfP144/O+eUPPsIn3vANSAH/74OHCAT/+sOPkieSX/i7dwDwqt/6JG//xDb/6MVn8cAbv/0O8kTyun/7af7or/f4iW+5la89P+Rrz4/4L7/+PB9+6JD33r/He173Eqzz3PrmD/H9Lz3Hd7/wNH/68Ix/8d134j18zT//Ez55ZcFLbx2v2ww87r796SMz/vc/f4w/+bGXAUEM/sX/5wH+9T94wZforEUikZ6HH36Yu+66i8FgwO///u/zF3/xF+tavBDctS94wQv4xCc+wY/92I9x+vRpfuRHfoQ777yTnZ0dIAiwv/Irv/JFtWNra4uXvvSlfPzjH+fuu+/mFa94xYnPZ7MZb3nLW3jzm9+8dim3bQtAVVUAnD59+ovaPgQ39Ktf/eqnvJ5IJBKJRCKRSCTyhfH2t7+d8+fP8/KXv/wpr2M4HHLXXXfxwz/8w/zWb/0W3/md37lOL4pEIpFI5N8HYnZFJBKJPMP4t5/c5v/+zB4/8677ee/9B3z00pz7d8ubLnuqSChbC0BtHG//xDa/9L6HeddfX1tHR3/owUO+8VnTJ7XtIgmPhW+6/eTy93zukJdenNCnLH/zHVMuTjM+/NAhf+PccL3ciy+MbxCPAU4Njtp5nI9emrNoLG9+z0P807sf5hueNeGgPBnVKgRsFgmVudE193j79uGHZvyNc0cx0S++MOLDD315ax1HIl+trFYrAAaDwYl6Wz2/8zu/w5/92Z+htSbLMgDuueceHnjgAc6cOcMLX/hClsvlOpbZe/+EEc6Px8/93M+xtbXFe9/7Xt7znvec+Oyee+5B6zAX8lu/9VuBMMsf4P777z/x/hNRFMX67z7i+tu+7dsAuPvuuynL0Ic3TfOU1xeJRCKRSCQSiUSeHB/5yEc4derUF7WOM2fO8LznPY9XvepVNE3DL//yLz9NrYtEIpFI5MtDFIAjkUjkGYR1HuM8/+K77+SXXnkn//Lv38n3fM0W/+tHrzzhd//Nx6/y6GHNz3zbs/ierwmuNe/BOMfnSUl9UoiubTfjeEqS854vdFPPOz3gjd9xO2/8jtv5/f/iRScE5c/HE+3b8fgm5/mC2xWJfLXxoQ99iF/7tV9b//vNb34z9913H3/0R38EBFfsBz7wAf74j/94vcw73/lOPvGJT6ydu+985zt5wQtewHd913exWCz42Z/9WT70oQ8BsLu7y0c/+lFe+cpXcuHCBe677z7+9E//lI985CP8wR/8AW94wxvw3vOmN72Jb/mWb+Etb3kLr3rVq/jJn/xJHnzwwRNC6rvf/W4+97nP8dnPfhYIkdO98Hycixcv8ta3vpVXv/rV/MZv/Aavec1r+PEf/3Fe97rXcffdd/Pt3/7tALz4xS/mp3/6p7n//vv50R/9Ua5cucIb3/hGXvSiF3H//ffzmc98BoD3ve99LBYL7rnnHgA+85nPcN999zEej/mBH/gBBoMBr33ta3nb297GN37jN/JTP/VTHB4e8r3f+7380A/9EG9729ue8voikUgkEolEIpFI4B3veMf6/0suXbrE61//el7/+tfz2te+lte85jV87GMfY3Nzk3e9613r/094xzve8YS/xf/yL/9yPXH03nvv5dOf/jQveEFIEvvgBz/Ir//6r3+5dzUSiUQikaeM8LHYWCQSidA0DdbWX+lm8H/+dag3+fdeuLV+7/c+tcMb3nkf9/3sN5EowZvf89A6AnpRW87f9UHm//0rePN7HmLRGP7H73ou77lvj//hvQ/xnte9hJf/zx/nv/7bF/iBv3ULVes49Yv3MLvr5WgpeOX/8hf8N990kb/3wq0T672ej12a8X2//Sn+/A1/m2l+VD3gn7//YS4dNvzLv38nAN/z1k/yj158ln/44nMM3vh+9n7xW8kTyT/5vz7LNNf8/N+5nX/8+/dy51bBf/utt/HBzx3yn7/9r/jYj7+MzcFRfd4PPHDAL/y7B3j/618KwDf/6sf5pVc+l//ojumJNj/evv3Zowte/3uf5qM//vUA/LP3P8zn9qob6hpHIs80lMrWdWj/Q+V3f/d3ede73sVv/uZvkqYpbdty11138d73vpd3v/vdN3UNRyKRSCQSiUQikUgkEolEIl9tzGZPPdUy1gCORCKRZwjvf+CAf/q+h/iPX3CKVzx3g2GqmFWGT15dsr1o+ak/up8ffNl5PnFlTmsdV2Y1f/LIDE8QTL/3a07zD/+3T3Ft1XJ+nPHIYc3HH53zr777efzEH97Hu+/b45ZxSqoE7/yrXbYGCZcOK95z/x7PPpXz55fnNNbzqatL/uYtJ124f+vWCf/k22/ne9/6SW7fzDk1SPjJl9/K67/pIj/zrs/yC//uARa144VnB7z6687xgQcOAHj3fXt8/a1j/vKxFYNEclgZvu05G/x3736QZeN443fczg++7Dzf99uf4nlnBtyxmfPzf+d27vncIduLlj97dA7A7rLlfQ/sY5xft/mlt44fd9/+wd88w/e/5Bb+8e/dy9Yw4cH9il965Z1f7lMaiURuwt13383W1hZJEiZ9GGN47LHHePGLXxzF30gkEolEIpFIJBKJRCKRSORpIDqAI5FIhGeOAzgSiXx189XgAL733nv51V/9Vfb29sjznLIseclLXsJrX/taxuPxV7p5kUgkEolEIpFIJBKJRCKRyDOCL8YBHAXgSCQSIQrAkUjkmcFXgwAciUQikUgkEolEIpFIJBKJRJ6YL0YAlk9jOyKRSCQSiUQikUgkEolEIpFIJBKJRCKRSCTyFSQKwJFIJPIMYfDG98fXL8NrJBKJRCKRSCQSiUQikUgkEolEIv8hEyOgI5FIhBgBHYlEnhl8JSOgn//85yOEoG1bAJxzpGmKUgpjDGma0rYtzjmUUkgpcc7RVDVaa5BivS7vPdbasC/O01qDlBKVaLx1623keU7btggh8N6H9SIwJiwvhKAxYf1CqO5VrNvhvUdKeWK7woO1FqkVQggkIiwrQEqJ9548z7HWrtuhlALAGINSKuxX04SVurC8ThOstXjrwmvXXu89QgiMswghwrEAvHU45zDOAoS2SIkSoQ1SgfOeM2fOc8utFxkOh6yqkr3HrnHp0iUeffSR0D5vcc6t91F0v9y9OPl6/fvSXbdc106lFGmakiUpg8GALMvI8xxjG5xzOMvJ89s0SClDe7trQgiBs6z3W2uNsy1KKVoTzsvu7i7z+Rzv/XrbQhxdI32bjhM+78+nW18XN6c/JqGdUsruWpDH1nW038KH9gsl1+s83p7j2zm+3f77x5cL7/mbfvd4u07sl/MnzocQ4brs75tjq7vhOB3n+vN89B11oi1euPXyUkoQiiRJyJMUrTWpCtfpaNDV3XbhHvfe0zQNSoR7ralbtNYkWod+QGmklJjuPCcq9AvGmLCcDPdPMRqyWq2QQiMBJSQSgUDjvUdLUFIwGQ7Qesbm1oLptKRpdzDGcG3fUDaC8XhM1dQ4a0g11KuG2y6OMcbRtpaqqtjcnOK9QCmBMxbjLHvXlqSDIQcHSxZLOHsahgOBM55VCUkq2ZuF6x0Nj12DsgFhYTCCVRVOWdOCNSA0GAuNAQ+I/hx4kBq8ByHAuLA8gHNhwf56EkLgBOt+y3uPcKFfIJw+rDWAwDuBEBIhjl0rgOyWC5+H+7ltW0R/2SmxvtecczjCtpJuu9aLdT9nTNiWlKENQnq8E+s+vu9jj6+v75fXfZJwXV8Y+j5jDM5x1H7vkLK7BnFY63F9Xwzgbdf/yq49of9Zb8NLnDddGzzWiHUbvPfhnhYCnRwdz7Cf3T3u7fq5Ya3FC4W1FqVDe50L/bQi3FDu2P0JoLrnUd9mhaDt+noPyL5fs27dx4fn1snnk/Phmaa1DvdLG46x0qI773Z9TYTzK9FCopUC6zA+HG/lFZbQB/V9QH8MnHNY+u+L9X4c70+E9N3x7ZdTJ/oT4fvrtf9OOG+hXW7d//V9jePm/eAzbYjp+j7/Zs+Anv694+fjZut6vH08/vnx3ydPqd3XPd/79T7es+vJEM6v7f514/Py+HJw8nkZvucQhP4ukZAqmBRwegLTIWyOIUthOpG0tWO6OWK5MlRljZIeZ2E4yEGE+27/oCbJYXMzwzaeqmrIc83enkElkOfh+eWxTAcjqnoJ3pIkCu8z5qsS5zxSwtZ0QtNU1I1lWVmyPOfwsCJPYTTOaauK5QpuOZdSFAUHh0tmC0PdwGgkGOYKpQRepGzvLJkOJaPxENeUqCTjkctLikJw53Mvcni4z/bOklUJt55P8d5S25TFqmQ1gzNnE5qyRWjIsoKd3RIhYDCQbE4KlmUJKKqqJZVw7pYJ80XFzl5DrmE4zEhSTVkuqSs4ey7Do2ib8JtQ6pxl6TlcLDh9asLhbIbwUAwyrh3U1A1sjWC6kVNVjsPDhjyDzWnOYDBg59oBq5XDenjW7Re5fPlR2hpuu21Crj0HB3OqEpJUkxYZj+0scd1zbjRISLQEC1XTgBS01qElDEc5B3sV02nCdDhiuSpZlBVCCMaDgtY0NLUhG+QsFhWDQcr/9AdxDCYSiUQikSfii4mA1k9jOyKRSCQSiUQi/57SD75770mSBGMMTdOQJMla6ISjAWVjzFqA8N7jnV8PyvcD3U3ToGUQbrXWeAHG2PUyvZAKkCRJGFC2YaD7+IB4+FusB7r7dvSD7WuxwzkEAusdtnWdGBuWOy6YrUXNbv1t25IkSWjjsQHuNE2xrQkD69aSJAmWIHT1bR8MBrRti/SqEz+CSGpcG9qt5FrQsNZibRAP6rpBCEFVVTRlxXA4JE8zVJqQpmlYhzHdwKY8IQI/EcKHgWNxk3Hh44PTxhjyPAeCiGCMIU3y9fWglFoLFt5LklSvj1+isyC8yCAW11VL0zT4TpB9PJH1hBhxTGi92UD89QPtj7eufpA9XBPqpt/x7khQvl4cPt6W65e5vq1HbQ7CCEiEOH5uju6VE229yb71IpIQ4rrP5Q3L9tfA9Uuul+kEQdGv20uQ3b8dCCHxLTgLMpUIJUlUiihBa02WDlAonHcoEpRXCASjPNy7EoGTDtnd+4WWKBnumVrUCC1QOgiXHksuBiQ6JUmScCy9RxGuFbzA2BYloF626GFCkW6xmD0UxFzZMpsd0IoWicVUK/J8wMbGiFPPyrGmYW9vj7JsqCrY3ISrVw+wFgZFEAxmMzg38Nzx7FuolgukcqRakSYJerbAecW5M4qqtoikIBuE/m5YJFw4f47tnWssy5amDaKl1Cl1bdjbX6IU5HnoF+eLitaB7gTFg8OWTqujbcFLur4RHB5rg0gsvAvirvQo5TAO8KAlID3Ceax34R72QXRWqluf76YZeBCuRYvwPt25ThKB765L4TzSByHYH9uGwJCo/joEKSyOINSjgnAq8Qh5dC1rLbHWoKREytCfCYIorZQAb1DCoxQY5xGEiRICEN3EiDSRWAcWB96jhcQ7C96RahCobiJKuNa890jvSbTCYlFa4uWx548O4qtcT3QI/ZoSICQoIfDeIIXsjpFFKg/eY22L9OBah9S90qZO3HesBdQgNmsVJk9YPK6bBGSMQRy7R8Mz5EhIF9IjvFpPOvLeoxPZrfNogsy6HyPsK90+GeeQInwmvcR15/PGPgmkpxOBbyIQCocUqhPyCSLv+rNuHevT3a+z/8/d0K/dtB86NmHgmSQCP96kmpv19Td77+nc5peKmwnOn0/Avv69J3r29aKxkhKlIEsUiYZhrpgOJNNJwsWzI1Ld4kyFTlPSIkyaKU3Dom64/eIF2ralqhqWyzkXzp1lIldY25IVm1hlOZxvs3HqDKd1Q9XU5HnOoqywTcvl7Rlnz0wYDHIWiwWLRYW1nnyQMx6P2T/YwxvLcDLEK4OzkvEow/mWNA3Po1OnNMvVjFV5yKAYMZ065osVeZEyKDLqusZay2ioUEqyuz1nPBEI5xiNwiSXhx++RJIoklQxSTxpmtI0DaatWS1gPIGNjQ1M0bBchmfGoIC8KPDeM1ssyfMM5yVN05KPwFrPdDqmrq/RNCCV4NrukrPnRly4OKBpKh67OkMIaBqYbqbU1QpnoCyXDIuEosgpq5bRMENQk+aK8WjKcrVNkcN4GJ7HewdzrJOEy8Uzm81YLGBrK8VYT2kbRqMC7+owac5aRgNB6wRJkuGtQQqN9WGCpsOTyDDRbrWs2Dw1pK5WXLm6j04gSUL/t1qtwgTEPGF/v0IpGA7HT9s9EIlEIpFI5OZEATgSiUQikUgkcuRQ6wat+0HCXrC83vUaXICGjemU5XJJa81aPO3FUiFEGKjuBFRrLUoEF2yS6k4kDtt3eJy12DYI0VoHp2GqgltXqQQhJMY0R2JsJxIfHzzv2yiEQimFbc0xV2TnLkU4Z9IAACAASURBVJMK5z1pVkAnhDo6R4yXpGmyHvRsTIvGd+JNaD+A7RxdTdMEQVmH7TljceaoffmgwBiDt0HM6Ydei6KgLEtmsxmT6ZTJZINsUDAYDEjy4AQvy/KGQf4bnJ/+SKjo/70+pzcbf5YCoSQOvz5nvdjvvceotnNlK1Si0SJdnw9jDN55pNAkSlCbthPuLUJqBEEcdu7I5X1TMfRxROD+SrgZNzqUJMd2+9hEgiBa9w5W3zkenTPdNXjMpYZHdEKHdQ4hJMF96UB1zmI6t6HzQUT1fi3GeAhC67FjHQS7Y9u4zql9/X4KL4OQd9xt5k8O4kshwjIIRCdwi2PHJDiJFbK3kYqjiRrCh/YrJxjoglEyYqMYk2pNgqbIBuA8SiqssUgPeTepwTlHojTOHk28wPTHWoID0QrGSqCUxHvX7adHtJKh8Egn15M9pJS4NkzUSHyYQOCswS5WzLcNOpvw4P69CN0yGChGRUFWJBR6xJWdBVkqafKU++69CsB4FJxmpq0ZjcKkjDOnhiyXS3QCxpa0JbRNhTGOvRq2Nguc8ZRVhbEwLz1Sl2itObe1gW8rLn/ufs7fssG5aUbZWOaLkkGmkDLBX9CMhwOqagVKkyRn2d0/oEgTVqsVzZkEpGAyGrJYLZkvGlbLFp2mTDamzOeH7O41LFaQZ/CsWzSnNkcsy5KrOzXb16A2sHUKGgumBhu0QPIcqgbaBnwCRR4uldUyuJM7nRLhPR5Lb4iXMoiwTgRXskzCJdq2ICUo5YPLmSAEQxCSlQQlwjKIcJ1JBVI4nOiWl73QGkRFlQQ378q3tK0nUTAYgDFgfVix0CBtcFj7bmKL0p2AKYODOLQhCMhag1ZBzMUR+mRJJ2I6kOC9RUoH1qMEpEkQwhvTO11dd690x0j17e4E2q4f0l0ahLWepm2xnaNaySBgOBcmABnrOwEbpJLU3gLB2S6Exre2S7RweOtPJDEAR+kRnaVOKdH1P+CcR3eTqLw91idIgRciuMZF2HfRvdK5zQGEu/E5gXBHfYLoJ7D4G/rjk/3T4zt6vQgJFtdzs7796RJUn26eqE1PVcC+mZv2Cb+zfo64697/wrfbc7Njf3IC08n3bu4stusJEEIIpPBI6Um1oMgV0/EQ7xrqpkaoCZe3S7IUVqsGIUom4yHWeg6XJVk24PI1ODxcMZsvSXXCsl4yGg+pqhWXrx0wGhbUzZDDh+cURcFy3nL67AYHs5a2ablw7jyVcSz3W8qFZTSaYmyD0imPXt2nbR2jokAnBa0peezakiSBjVGCw2KtwCiN1AV7uwuW5YKtrQnjUYaxDauVDcdGKNrWsjkZMxpamrZiVZUYC3mRUtcNq8pSVXDHHZuUVfitNh3neLtisYL5fE7bWhIpybTj4i1jZivPzs6CPIPlssa6bgJNklJWDRsbIyaThGvXWsq6Jh8qZouS1llsU5MkMvyWBDanY5TScO2Q1dxy9mxOUzXMZzWjcYFN4WDfsjGxzPY8z372iOEgpWk912YzVpVlkEomwwEH8wXzEpJFw3g8Zj4PgvLG5ojVaoVAMcgzahMmTOIEla0osgRrWlZLi7EwnSRImXJtb4mQMCo0o0GGEJ6qbbAGDuYNpzYSbr0wYVkadnb3nvxFHolEIpFI5CkRBeBIJBKJRCKRCFmWrZ29vUupj4QFTgisEIS+3sHatm0QFfuYUinX0c793/3gorUWlQSxpsd7T9s0YbBTChKl11HKddt0ccxyHdnZr6cXWfsoUAgD60olOO+RQqCL4Gi1rcGL4DTuXV3OBZeZ1hrjgsDruojqIE6X6zaWZUmSJCRddK6QYXnjHR4fxIluX6y16/avVqu1oxpYx6j2x89bQ7VcUK4WjMdDxuMxo9GIwWDAYj5fRy0/XW6q/lhprciSdO2ATlWK9R7TWKRQJDqjrc3aWddWIeJZyRA5i1YoZ8EGoUY5GQYpW0dRFAjx+BFFNxuU7l/7yQXH9/dENOrncQz3ovN4OGGcj8GCRHVii+2E6TDJoBe9nRdY1+Kk784leGFxPghMrlOMbuaKEnR2TIL4KUVQxaT3eHnS3XyDw6ob6O+jWnuXrhCyE3DVjcfIy85NGUQqJURwdcpueR8cgH10p0AghUIiyXTKQBVspmOm+ZRUaoTzpCID4XGmv38SfOPJZY7QYu2W77Wg0E6B6+4nKfXa+dg76ftz5pxDuhDZrpMU1wahSnVx7sYYFIqqajBVxtmzE84PCnYPPoPSButapGu4emWBUGCbmsceewyt4eyZjHOnT7NYzsBLlosK08JyvmBrawuhFugkQeBZWUeSJDjbkmUZ83mJkpBlOTrzlGVNXRlsuU+epMgcFgcHFEVCnmUc1jV7hzVpClubKco7hhk09Yrd3WuUJUxOK06PUnb3VwyynETMaX3JqXNTnBXs7h0g2h1edOdFtnevcTBvyNOEi2cHjMcZrcm49Ry0LmG+KNnZucZwOF5PsEg0TDc3mC8Ml688hsdy2223sVpWPPjINlUNFy9uUGR5iCAtQ78suwkOQmmqqqExQRiVUqJUcHAvVkvqypMkQWyWMjjMtII8gSzX4f6xnqJIQUi2d6sgECvFqrRsTCDPNMuVYVVZ8lEQpPMEzt9yitnhnFXV0vbdvg/OwKaGYhAEW+GDk7puPd5Dmia0TbhnnTCdwO2oa46EbQE40BrGoxRvLKuVYTwR3SSbmqqxNA2Mx2n3fHNUNWjtMd7gLDTGB3HY1ggRjkMiQSsPytMaFySzzrWtHRhrMSZc68I5rPdI2T9bzDr5QQi66NTjiQW9eNtPWIK2rREi6dIpwrG1Xdy0A3RXIiFMSHF43ImZJcef1cfmuayTBvr1gsA53z3/wkSZm4m5Rw7g69+7+cSeE30Vn7+v/krwRJORbrbsF9P2L/y7Ty7l4/PFVl/f7puJwv37N/tNcXPxOlyrUgoEvcvYU1UVzjSAI9GSex+8im3Cvax0N3HFHYTEAg9Kt3yWBWkK3kuqqkHLBu+DqzVNQbAMyztwLgilD29fojWhX7q6e6V7BsFwqJDXDkhTTVEoDg8NUmfIbEy5W2Otp2wUp8/dSjGQ7G5fZbmoEGLF1qkpW+dOU5Y11/ZXnD2zgbYt3jkO9ucgDd7DYrFAKkGe57g6TDKRUlIUKdYaisJT1zWzeRX6oEHC1ukhG0awqlp2tlu2Tium6QAhPM62NA1sbmRkWUiRKMuS5bKhTQVXt3cYjQZMpxKUZjEvWa0cWne/rbIMJx1J6nj00lVGw5w8PZoIJ4RgNEy7e12QJJ5Ll3a5444xpl2xt7/AGMHBzFPkiiwLfXueZzznOSm2rrly5RqjoWBZ1czmNWfPjlkuWmaLiqqGySRnb69iPNRoLRFCY3OLR5LqhNliRdOECUtCCBaLJVoLskHB/mLFaKRJkoSDgxllxYm+KhKJRCKRyJeGKABHIpFIJBKJRHCuK1yJOBGFbK3vXLYhFth6d2JQsa7rUMPxWA3g47Ui+0hpIcRR/KUTFMWAxrRIGYQ7JSRCCobDMXVd44UP0dHW4pVGiC6yU4ZI5aZpwnLdAHovKFvr1+23XVuc93jLUUx057gKYqNeO0ClVJi2QSeyExNlEEo7cVxKie8iO7XUeHwQ/qQkSZK1WOa9Z1UuggiOCqOfsh/815w/f47xMCPPUmazOdZaqnJOuRoyGI6YTqccDiccZgcY03TnpnfsHNXI7XkyA829+0sJCS5EBFvrcV1UtmkNQkryZBDOX+cctcZgrcN7kEohraTQBba2CDQYgmgsJdJC4jNs47pimkfxyB7ZRbraE07o6+NC+4kG6xqpfQYuN48VPR45KoTAto5mWTNIz1KoAdJLtEpwxpAPckzdIvOjOs/Ww6Ja0tiG1ltq19K4FuNaDD6IwScK9HbOqs4xLrrrSPiuLqi3QZDt97ofUO/cxohjWb3imIW5P7tCd/uoEPQCkgyTI0SIgBVeBhc2Ci1UuHeEIJEKJXQQioQmUd2/haTICjKpyXVGkQ1CtLlwaJ/gvEP2Tk8kVV0hdbje0y7qu59o4TkmFHduaEEXva08sotct9aBD85+rYPltHfPJzoJYoICYxpSlVHNLVceWjI9axhPziLUAVIZFsuaYgAXLp5htVph24bBhiKRksX8cB2rm2dQZMFVuViWlIua2tQoAToFa1uSVKElbEyC22s4SDlclpQLuP1CwamNCdZadnYq9g89rTNs6ILbLp5le3cnOPxFxv5hmNxyeFCS6lBfeDIuEEozXLUsFlUY5NYwPzjkuc+9HSmCoF0ttslcy50XRywWC/a2a6oVeDKGowmKFZtnCnQtyXKLtQ2DYY6SDunn1K7hwqYmLzJEu02eKdKLsDkdIbVEJymXH93jzEhTlzW3XzxL29bMVg1lI5EehpMxzkqa1qKUxjnNcrlEKEm1qhmPh0jhgpteSrJEk+WacjFnOBigdMql7QOMBWMcAs/tt24hvGVnd4EhYb6swoQR4TizJXAbBVmxSdU4yrJmsawoq5bGhGjUZ992ijQR1JVlZ/eANM2wXiDIkFpi2pK8SPFOUNWW7b2S+QK2TglM7ckyOL1VIDDgDKaFbJDRNIqyXrFYhGOZDQgxrs4zX1haG2pmHs7rTuSSeCSHM8NsGbpb2917LqSX420XWZ0EkcWLcBvrbkJEn6KhtcR1z81eNOvdzf1EDSf7eOWjWr3huRsEau89SiZIcVRKwJkG4UVw/AsZng/Sr9MgXOcE79flvUfI46Kf7559nXouxE3jIsLyR8+ZE+Lv9UkUjyNKPp4A+UTvfSn4Qtry5RaxTzp/u1k9T5LjbV3/HSIijmrG3+S5eXz5Gyc4dc9V6K6Tzu0vFAiH8aDRNDY82xoHYdIRVI2Hxne/s0JEuhfg6/AzKLWy2z64Tti1gGvCPSRE976ClQO/OhIJvYVEB4FY7FqEACFaEtkiJHhRk1zeBe9w3cSQK7PHEL7FO0uR5RRZwmq7JU3BGIHwKTLTSBx5lqHSkBiSpzmLsgwTYmxFXTuKIqOuK4ZFwmQ0pGkalssVxkJZQZZYTp+ZcngYRM80r0EoaiOpyyVCaMYjqMqGVEmUcpzdmnCNOWVt2blmWK4WKA1p6smLBOdqTNOQJZrZrGY8TimXFq0IsfmDBFkZ5vMlg8GAuq5pFk3Xn4FKQCdQrixVE2r6joctw/EQTIXzlqYyZGkoR5BNU8o69DHeeZpWUjaevUM4sxV+y08mYTLNbLliYzJkK5esyhKkJ88TpGxJ0wRjPU0NsvVkhWQ0TijLlp1rhuEwIyt8uKYikUgkEol8SYkCcCQSiUQikUgkDNL5MBjT13211pKmeSfohEhY3w0e550oSlej1vqj6GjnHKvVal1fFo6csd77tfuvqeq1azAMmIdBpT4uuq8lLKWktWZdtzfUWRTrSGYPKNEt11qMs6Rpuq6ZKrynbqrg6q06l6LrBe6G1gXHrkqCW1I5FQa/cAgkwkBCGj5TkrIsGQ5GWO+Yz+ekowJhBAlpEMqtQXrFaDhd1wW21gYxTGoyn7LaX7Gzeoztqzusyprp5gbm+XDhjmcxmUzY2Njg4HCPqlrhvcX7fkD+izvPEoX2CZnMGOsRmcoRCGpbU6RDpJA40dWcdA6vgsDeH3scwQ3jwNQNSgkaEYRv4x3GWazwXPPXbtj24w30P3EsNGvH9s0cTifcZwTHyUzNmJyaQi0QRpKSoUpF4pMgnkiJzDXWO4ZqhMVTthWlqdav1hsa12KdCRHg6zhM8EIDx2qVEiYH3FCj19+4T2F/e1ftyShOnER0YpCUuvu3RHUTEDSKRCVomZDpjKEuUEIFkS5J0Z0jVwiF9IQazevCsZ5c5WDo3NHhfGqpMc4gpaatGxKl12LTcVdv3y9IKUPdVSGCw7Q7N31tbGA90cI7geuOm+xc0c45vHHYzlmdqQGNqSmXNc0VwxYSmTQ09Ryt4cK5lO0rOzQGtjY01lmWi5KVgDwPbqdCp0ipOThcUdcrTm8NGE+GGNOC0FzZPqRuDHsHM4ZFSp5mON9QpILn3j7l2rVDrlYlUgqWS89kmpAkCQ8/PCPLZ4zHkOUp24/Nw32kAAHPe95FytWMRy7NuXhhyKBIaBqDlhKJJB3CzmOXWCwtEhhspNz6nAt4LMKV3HrLJsYKPvXpHeTuDhq49WLO6UkaIpu9ZLU8ZHOjoCzn7G3D7c+adJG+4XifPXWKwUCys32Nq1f2cBZuOV0gN8a4eodRkSFsy9mNEXmqmS9LStsgvKNeecbjEfkonB89KRC0DIcFVVVR1y2iEQyHA6woWe2XnDm3yYWtgkcv77E5TtBKkPkZeZ5TZ45smLM5VBwczBBAJlaoXLGYb2NamAxSCukYnt/Ees38cJezE4HAsLANo/NjvLdYL9g/WICDUQHnz5/CtPDY9g7T2wrOnDnDbBaSBpqmYX54wLnTBVmWs7NzgLIGKRznz085c/Y08/khSZIhlKRcVSwWC+bLmsnGhHww4qGHHmZ2aLnt9jMI4dk/mLG5dZbZvGR/XnJ4WLG9a9CpQ0tYrRxCOZwN9ZmRHu8bWheEl0QHh7CSdGUMQOpQ/9ja6zRU2bvi6Z67Kc72IpxYT5g5qgUvAXtDbXjbFYzu4+r7RIUglPm1oHskzj6+sPl4bt/rl7lZOsL163i89Xy5xN+bcTPh9DhfmejqJ+cCfjq4cf+PT+4ToY9zYQLfuga9DJOTpNA4b2id6yY9hH5deNmlrDhaY9BSYQnXo1RholLjLbZtkVLhvTia/KBEeDRZi1YSLwR1bcJElCwNEwidp2nsOp1j3V7hush10T2DwrNGCdidVUF4TkHJGuEqBEE8DfsPn7u0ItWwMRZoDaNhzsBppBiT5ikykSxn2zjfsjEdkaeC2eEcpSUqSVDWIbUHqXnokSvsXvOMx2EmWD4Y8ujlfcYjSVNWFMPw23Rnp2RjI0yAnM9bimHB4cyQporRKMfTslo2DIcDqq527tbpTS5f3iHNFdPplMVyRpqmjMcFzf4s/O7OUqqmYToZMigUUriuTIlkYzhhNl9RVYCboSSMRinDXJJKhcg0q1WJkgqEYDAOaTVeSLIUlsuW6WaGB+qmQQDjgSMbZox1yuGiZjZrmUwyptMpSik++9kraA2ehGKQImXLtXpO63NWywVefvmu+UgkEolEvlqJAnAkEolEIpFIhCTJcM5hGhuif1Vfj9B1dYC7gWTf1wruXE866WqlCpx1WNsJxHkeXIkqDd9XksEgwduuFqPxKKFBiSC2WlCpxDQtOI8zlnJZIaUMDlzjcMaTFSleButIogDrjlwmDqQXQViznkSoEE+MQOoMgcI4GCXBuWGMCW5KNMJ4Mp0wGU3wtnc5hcH91tThIHWmzWm+QS5yyqok9wPSJj2qm2w9mRDB+dmANKpziHVOUSu5dumARElMq9hIzzFQhmE+gkrhSstgXLBxapPJfJPVasFi4dbiZxjEf4q1Cb0kFSmTZIMNvcFIjxlmw9DWrI81VkdtVUcD4EoF16yzHlGF95x32KYlE8Mu0tVgvcGoFm/CsVrXxj02sH3T2sS4Y06QIG70f/fiL9wopJ7YPxFEe+tadmY7aKHYTLYY6iFSaGj7mGUBTqCUxltDJjKklAzVgLIpqbWhasrgBjb1MUewwTqHE8Ex7r3vRJ/g4nPO4WWIfw0xz8fa15nmvA/1WOkFfXcU2ayReB9EVSk00km00GiVkMgELRWpSMiSLLh604JUpaiujqBGrQXkUK/UIbIwqQGC+2pdi7urddoLss44HG59fPplQt1ti++c/9ILFHLtfJZInPPIzi2khQqici9A4SiKAWVT45wj00m37jDBwPiw70poYEi1HNGsUm59dsLO7l8xyOHCxU3OnnbsHSyw1tI0ggZB2ThooakaihwuXNikaS27OzVKeHAtqfQcLGbM5y0yVcwOLFJ7TFWTZnB6a4I1wdFma8hzgVAea1qEaLn1YnDAZdmQJBugpeLwcI71od70lStXqUrLxgZkeULT1IwnGcaEIrpawWg0IhtY9vfmXLnaUNVXQ1VxC4v5LkmakmVQN3DqrAqpCoTIzLpsOdiHzY1wD56aWsqyJE1zHnhwTpLAbbd6dFeX+8ItA+rWUa1KcAYpPVrWpInGtSXzMgg609NbXL66zWiYYk3DfNZw4fyIUaFomhrhG2xbYy0MJxPqpiXLEhItuPrYPssaJuOErY0MrR3Yo/u3LlckiWScQ1FIvK9xrmA2g0TB5i1ZiI5e1dT1is3JmPlshbUteweGtoXJEM6enYIL9+ZkPKAqVzx8ac4tt2zQVEsyViizwAvFxjDHN5BKgWtqhoVkNjOcOTPENkuqhaJaLHlod5uskEgBG9Mhk2JE6yqW1+ZkwrI1gs2iYpgrTo8SrF0w2RTcspFxMDGcGRnOnJmSp+E8GQd1YynLCp3kHMxCTOrhApI0xOAKEe4956BpQShYViFmm24eSNvdr60N/ZLqnMRShuEabz3GNEc13wHvQ5Rz/xriCUJ997WYJwQOH+pCC45NUBFduke/rseL/72eICZ77E0F0l50vp6vpND7+dpwvUv5Kx9XfXPn79rJKx5vuZPJLOvr5JgjuJ+wB3TJGsfFXx/qe/ffFyG6HCXQicRY25WN7oRgbbtyG6G8guwmo9jWrR3vUmhCEESw+Dpvsd0EQJTGEX5DKCHXqTH9jrZd9LlQwUXfNE2YsNddxwiQie6iokMUurOeREp0knUTCQ2umziFgsqCq/vJdKCaro444CvQEq7OQt3yPCsZ5A2JhMmoZZBJhoMNVCpYlTWmbZFSs6oMTesYDPKuRIlhUXpUCovSIXwoO3L+/CZltSQTltFoEBIXNCidUjeWyTSjMS3FAIoiY7FYIqWgKEYcHs7AgR94qmpFmkKWD7h8ZQ9jQAjDaKwpMk3bGjwNmxON8xWLRcjT9h7G4zGXLh+gE8Gzb58gMaFshJSsSsFiuUKpBERC1bbMDy3Pv3NCXdckSjOd5KRpymK5YlULpMwoMkHrNata0piW/cMKpaE1ntmsQghBMcpoW0/Zpugsp7YVTmfMKwU6IUmePgfwf/rWj/Hbr3kJefLkHfSfj//v4QN++g//its2Cv7N97/kC/ruH9+7y+v/j7/gv/qGZ/Hz33Hn09KeSCQSiUSeKlEAjkQikUgkEokgbYiLFRhc67C1QyiJlsH9l+UJbduGuGalUD5EwCYiDbVUTYgtzJMkxN12NUx9a9FCYyqD1BrbWJQWaJXS2KYTxUChETVkaFrbkKuic/ZKpFWkMggBmcrASxrVAGEAUSuN0kFiFD6E1ErfRwh3NRqTMBjeqgaFYpSOIKVzbymcN6RJTqIzDMG1q6VC6GPiqBBdPDVorxgNprg8CON9vO1aPOtESyllEHQ6l7M3fh1F7XX42xIE8mbestpfkWUZGxubbM62WBzOwmDhk4ivfCIUCuU02ms0GTkFicu74Ea66NIg6Cdd5GjbhNhuqTsnqusGVJ2jtRaswAuH8Y5EZkinWFZLnDFB3PAna98+nrv3KBT6KAL66LMbHb/96/VisJQS56F0FY/uX8aOQE80iQUlkm65UGu3rmu00KQigW4gVCWKAR6fj2ldixdQtRV1W2NEiBvu3cCmc3Ub06z3xRiD027ttLshepPrYjdVOCaJCPdZojUChZYJiQqvuc66exPSJEfLEAmdyTSIxYmkrWsSqegVJSkVQgmE9Z1bVCCkPBZH20W1c1Tbu59kkCQJbdt093pX81qECQBKyuCw6qLPhRTBCZ7o9fXeu/x7h1ZVVQglSWSYJOGtQ+jgKhdtJ1QLhbMK7IjZ/gGzU4rR+CyToWGxmHFtr0QoUCJEPSdpjplV7B82bG2mtHVDWS0ZDQvapsb5ltlBiUoS0mRAnjlq65EyONh1rvGuYTFfYT2kiULkmkRJnAv1vvMi5ey5KbP9A+5/YMFkskA4mI6LdWqA9OB9iU5SqrqlaSqaxqM1mAZkKjg8mCO0pm0hyUGojDwBhGO1rHFItraGJInCtFWI9PahprJzjrNnU9rGgpdkRYLpRJyNjbANnCHRY5xbUZYrDuae1QrOnlNcOLdFVc4RSrNclEiZMZuVLMuKTCcsyoY0lYyGIDHMZgs2J1OcEChlWM1amnbGdJKSJRovPDKRyDa0L02GLOcHWAuNqTAWmpVhYzMnTYJzGAR7hyVFAadPFVRlSZaltM2KxQEsVM2ZrZSqMuS55NyZIUWuaJoK5wzzuUXg2NkNMc07OwdkGnzbkqX9NdWCg/39FUUhmW5MKYqGw8MlRaYpVyuWy5LpJGNV1SSJpK5LGmsZDAYMipSqrBhvKlLZ4poFuU555PKcLAeVJtxyasjGAIoCJkPF9vaS1sBtF09h3QiH4GAGzitWNeikYLFYMB4NyPNQ135vf8myNCwrS9040jSlNor9pefK9oy2CjNFnJBrJ3+Y/GLX95Pz4T4NqR3iyHVPF1Hd9Y/WBqWrF/Os6eoNr/vdI9HweHLBEzlf+wjo4/1Y37br++VnCtfv0zOtfV8c7sYkjBPnz4V68QTxUx6rJtElRQdBVKmuDrde/0bpa9X36z/q47vPcd1En4DWer3tdeqJ1njrQr17cfSc6VMj+mQJYwxZluH9kbM9XOeh3w7PprSblBhKdPQTE/vfDa2zGB8SYlAaREioaIztnlcJxphwzJIU6y0SR2MdTiVgHCtjWFlYNA6s52BRkmgYZKGmuRbw3Ns3SLXDeYOQLYezislkiNIKa2G2CDXZBYZLl7aZjlNmswatoCgM0+kEKefUxlPXltNbI4T2LMsFu9cWjMYZHsmyNKxqKFJQSUprGtJswMFsSdnCZle2oKxKNjZHTDZyGtMi0KyqmsVixXi0gRCCnf0FLQXOC+pWU2Q588UKnWaQjmjLJQezhmI4phgXZMOG0ngcCYvK0NqEdvlSsgAAIABJREFUlJRWZKxMQ5ZlNEIxP1zhvGN/f87z7nw2AFevbqOTrpSMGDNflOwuFii5YLlq8GqEMS3eGYbD4mm5C3aXDaNMPW3iL8DXP2uDF52fcFC2X/B3/+7zT3Nxmj/xgpFIJBKJfBmIAnAkEolEIpFIhIEbAtC0LePJJNRHtRaF7iJ/HcYbkjSIaH0NXVs5NrJNXOIZDIa0dbMevAs1M22wPyVdtN8gQQhPmuaY1ODakJGZqhShFYkUlE1JkRY01qAQ6CzFm+A4UlKCl6DDgGDbHgkxxjukD84Q4YJY20cXax1ibVvVHLlNCAPmzoWB+LZtUU7R2hY4qo/bu6DTNEX7lCzPccbincdaF4TVTjDtI59VonHCYeqWwqf4FrQPxeucC4P3SBEG+53FtgbwLLbnSCmZnp9ydus0y4MZB/v7XRT0UfxxP6B9Igbx89IJql1tWZDBpag9rqubrKSi7er5Ch2EFS1VF63drrfTR3ALIciyjLptuvq2oX11XeM7F1qP6B2w3Cj+9pHIfcR1X/f2JH38swRE5z7X6+Mt6ZzfnejvhafxLVcWV5BasJVtgStIUCRJhl07ckMdVFyoMZ3olLa77rNODM+lgsEY6x0+66IupcRisT7EK/Z1eI0xOOy6LrW1J8Xq/hwexaWbcP12zuvgqkpIZLiWsjQl0dl6wDxJkk6A9TgTJj+wrrkdnDTW2m4g3WONwztPmoeBbyUUSqourlMg5NE11LuCXecYCgbnsJ/QDe47v97WUbysWJ+LPuq937/1MgThqq/P3Rq73h/T5eQKFIoC1xouPbzg9uecRicNl6/cz3CoKAYJiZYgEh69vGJ/31IMYbFsOH0qYTgcsL9/QJEJkiRh0VquXG4R+pCygsmk4OxmhhKGRBqGmxs8+MgOxsJgMCDPFKNBxkxZdvYaUJorj8146KEVRQZSSU5tjpjNZ3ghGI2GeGN5bNdzuKjx1EwGcOGWCZsbI+bzJfuzlu1rK4qBo7VBsB0MHXmRU9clZQ3VvGIyEuTZmNm8YTCUaClI05SmLamqhiRRWC/ZP6jI8xQlDIMUzt8+xTQVOzt71K1jNN7A6xahSw4PLJujAzYnQzwa7zRXtmfMlzCagJIGJeDc/8/em8bYtu3XXb/ZrWZ3tatOf273rt97juME4ybYoUkcSFAaGiEFMDL5YOIggZSICAmCgESAQJFoIxEgIZ+MAgZiLD4EmUZBMo4bEI6NjZW82O8933ffuaerU7Xb1c6GD3PNtXfVvef6vtZC2UO6ulW79t6rm2vNef7jP8a4t6RpOna7HV0HVbWmbuOtZrLY8LHbd6wdTDKBzgxnZ1G19/xyS1PB+YXibF5S7SrOz6esVltCgKbumU6nKFHx8N45Wmu+8MWXzOex8H9+NzZVVFWHMTH5uqn2LCbnNF4AGpMrvvBeyxtvlCwWM+pmz6vLii++v+ZT7ywJIbDd1XQdLJcZTdNhred6sycAJs+4XlXcvbvk2csVy7OSvnPshpxMYRzrzR6lQUmB7y298zR9jTBgygVPn264e7dFCk9wHdv1hvOznH3d0dYbXlxa7tyZcG9hUJnBWk3T9ZwVGnyNbWsMOZlv8RIePppQ5DNmsxnPrzt+7QPHl59EO+sQAtY5tFLxPh9UjzZEy3l/lGd/w2L5SOHrgwAhCUIiYngrwuho8e96RBgyusOBIB42/qFmm9vPYW49w4/JunFfvsn2yR+3vU8+R34yfPR5+eT789Xgw64Zt2xzfUAIH6MIQiAMmfRpPoSAJqrPk+rVAUqJkbR1zsWIDxxSCbTRg/uLQCs1qHAPa4A8Nzgv8YPyVwhBPpBvNlikAuEl+IDSh0aFOH9Fq+hM6dGtgiDpOxe3P6zZ0vzuh3nn4K6h8CFgu7h/JlM3FPPWeYK3GGPItaGX0cpYjpbRA+sdwPqoprc2fndRlOAdTe/wzlH1MbObAFrB3YVAPeuZlZKmrjhfzinLM/Z1xZ2l4c3HF0xWa7p2i0KRGcX8bMls4WjrJsZndB2bTUdW5vRB8Pxqh5QaKyesqx2qjA2D2+0Wb+H8fIZDUTWCopgwP5tRLmC7acmyCXfu3SEvTFRLNy1X1xsePHoDdMd2X5NlOT0ajKHuOp6vDZNpwctLj9RFjEl4tkOpCaxhuZBoM2G7uca7QNtFlwIjLSrL0WaKbaGrG0IocAHa7ozLX7omz3PqLqe3Dq2zYb7PR2cgaz06iy4ZWkvW66+cXP0o/JVffMof/o5HX5fvuo2v5VaW38Tn4AknnHDCCSe8DicC+IQTTjjhhBNOOOEEHp29FQul04GwKhQqSpHG9yQCTimBDNwgtoSIubm96JFGEny0vpNFzBFVUo/EVcwQDTjvkCYuR6WQ5DoHQIssZurKInKKvThku3UMWaNRqdiFDvqo3sySOqqNxdlSTsAPFtPeI7VCWY0M0TJVCIHz0bKwbTomRYl3gJcgAx6P9rGwmElB6AM5CuMzPDEPWROVtd7ZWARFk2uN7y0hxOxgpRVN1yKISmEfQKk86kidi7a6UoEI1JuKrd5hcs18OuH+3ftsNhuePnuC9+14LRKBnayZP0lRWoiYSyqDHK9fynpNFuDGyFHFGUJMnzwu8Kds5qjwVngPmTYIZ/HC4wZS2EhNFzoSj/tRGb+vI7CPCYjb9s8yqUiPVELRuvrIGlVEYteLAHR8sHpCV7Q8XDxCqAm4DhEkeiB7hRME5w8F5yFDEKIASktN8KCQ0eqYACIqYZVRtK5FCkWWZTRtPTROSIIMg0LYooZ8XKVkzEYUGiEFYbCQTjm7IQSwUQmcSY0KCuUFzkWSWzoIDkBghuYErTTeHa59GhPH53BsTBBqvL7A2Axx/JoxZlCDK4ILGKUGa2s/KF4PxG4ioVJWsHNuzIxMY+VYpZ2K7NbaMTNYDd8vpY7q4wBdVbFdB3TW8WoFSjums5wQPH1bUzc9jx6XlGVBVe2oqp5nz14wm2SE4VmT5ROKWUfvFQU9203Nfl3z7qdmCKm5fHVN00LTQlVVTCfQN1vy3HC2MKy3NXmuOF9C8NGaMxIZ0DQBY7bkOuf+/SnrbSQxkyXpenXF9arhcgNCwnK55Pxc8PLVltW6pWtbHj26YOEqis6SZ5pXLzbM5wYhA71ztLsdEpjPDHluuLqusI6RHKl2jA0EQgk2l466W7HZxf199LBkNp2w3W25XnVYH8mOO3dnrDY7JqVEZ4K2d9RtSxCC6byItsKqp+scWR7HmNET+q5B6GgLXjcNQiiUhGKikEKx3++xfaCcCLKiRErJdrfnet2iNWz8Cik0ZRH3Y1c1TKclAYcuNbmOEQF1XfPBs1dUzWCdLGA6A6SgqndstzXew6OHCy4vV+BhMsuZz8XQ/GDY1zXVHu7ey1hvKzZbkHrDvYspve3o+p6yjA0P222DEDAdGgy6riVIEFIgRODqasOdi6hS6/uOJsCjB8too6s01b6NpvVtRbmYsNlseflq2OcAy2XJbHJO7wKTIqfte5SwhLBlv96x30ieP4/XFsBaz36/HxtDAHwYiLDhPX4gYUfeVhyef+nZHITEZDllWUZyz3kEsdnJORef2cGS8lJBjmTF7WzhrxRjg9U3SWn7cXm+aV9uvzfh9crZm++57WDxcXPuzbXRN9ZiWqRsCkDGyQEhQRIwOpKWJoNJSVybeI/1sK89PgSk7KMd8yAH9j6OCW99nFcH4tYoCCLOa8ni39keHwRKx/iI6APjR1vfrvVDw5S4cf5SQ1Pv27GJSA5NQ1plCBkbsqRMUQVunHOAodnuEFlAkKOy2fZ+JIOllDjCaEntvR8aJeRAbsuxQQnABUvTDjdZACFivEdvbWzWC4FVI2k+aJjkkGeKfd8TXIOSFisM9+8tmCznXF1tCMIglOD5lWe12iCl5FPvvIHIFJOzKVUPV/sV8/kcoyfYztNJSdVNyAuDymeUM0kPXFWW7cYhd47etRA0u8qRZY5fe/8ZUkHb9AhpEMLwbH1JXdcopambFT4ogtD4INCqR2tL6xTOW7TSWHkHhEIgeLZy4C1VLSCoqJwOkClNsAoXHH3v8B6UjMSzc9G5QrSC3mm8j+e/KArCkIPet/Ead1U3rD8FYnA/+VrxP/+tF/yVH/oeAH79quZP/Pgv82hR8N51zR/93rf4ge96zF/++Sf88f/hl/l7P3XOj/zgd/HXv3DFv/W/fI5//x/7dv7At9177Xe/v6r5k//jr/CTv/aK67rnx37od/Cdbyz4Mz/xOf7sX/s1tn/2DyIF/Mc/+QX+9E98jvf/zO/jzWVU//5vn3vJz/z6FZ+/rHg4z/kL/9R38Om7k6/LMZ9wwgknnHDCJ8WJAD7hhBNOOOGEE044gdJNR4IvZn3GwloyjLQhqmCl0EhktBQcqtGR+AkIYuYvQNBRXeE7D1YhjY45rMFjlMEGi1IHdaQUEt97RJAUaooLlq63KBHVofgwxMLKSIB5Qd9aCGIkkhAghRrsKQerZQZbYA+u9xg5KJiH7GKFpHeW3GQDQRWVvj6EaAsLA5kbBsJOIFExczGAMXo8BmPMqFSGaNMbaWI5qmyCD0gp6HqHNsmKNxCkIASPIcNuei7DJbM7U5bzJW88fsxuv+H62uJc/5GF57Eo/aGswPg3CTdynYPzwzn1URHsA5JBgRsiIe+9jyph4nH2fbRdjCqbg/1iGjODIySTfMKkmNPUbSTkhf/Q/nwUkgX1zQOTwMFaOBWAnTuozJNyCSEIIWUHC8Bjh+0+b17QhZ43zt9kKmcYp8bivPUgOGRkhljFjgVrHa2TfcquHghPm65DF1CDTWvfdTH/VupDBq4IkTT1AiVNtLwUUQUrVfy/DxadFMHDMYYQiZoQDiRtUv2lYz5YdjtSnnCe5/R9P9p6h8Has+u6GyRzKsYbqeL7RXytH9TuajiDQg9W6j4QI7f9+Pmu65hMJggV97fvbcwvVYreOxwBJaKC1I6W2AIRGI4tjEpiLSTOuqgG1hqjLnj59CVewTvvvsP11Ze4vK4wMtq2X1xMQWTsdhu0BCchy0EKx3Q2pa49r17taHtBEFDVjtkUpgVUTUvTWUxWok2glA6tQMl4vooiZ73b4SyQO2azDC0FWkfb4MlEkWUOLWW0glY5XbPn/r05pRG0vaVXEjOZ8cGv7njwWAy2owGtBEUOUgnWmz3edSgZs2Inc402kvW6RUooS4UgKuKur3qsg3t3DdPZjKfPrhACrjYVXR3IMsF0Hu2tL84ltvdMJiXPL3esd5GY1hqm04Kq2WMtnC0vePLsksv1mjcfTdFas1rVSAln51OUUmRZwep6PbgiHK6b9xLvHcUsp8gkWnmkULSNZbWp2FeW+XwSgzW9R2sxjr98olitHXkeRlK7yBwsogLY+oDQBmV6rI32p1oLCi2o2kgmiwyCbzk/M7HhwGRsdi1KejxR7ffgwRRtJJt1x517OV3X4kVACMdiplgslqy3FdAwLbNIINmeAEwKg0dibYsqQGtP07SczTSTPKPat6y2NVUN5+eGz7w7o9rvOD+bEFxL1TiW5xPuLWdAzAnerbdcvupYLg1nFxO8U+wbAxvPZl+N2tr45Iq2tWJ8nh0TvGIU4Y4Z66OyUZHlOSHEzyeyT0tD19cUuWQyKdhsNkPEwvAsGe/PgUWTw/f5m6reDz+0A1KIkZC+jU+WK/zNxbETw+0M4I96b3rf7d9fd0zHr98mn78eiM/NQwOA8AEx2DlrFe/z5RyWM4kksFgU9G3N8qxgWuY452gtvLzaobWh6Xq2e6j7pD6Hvo9eHUaBMR6PwNqAdT6Kj0V8lssYakBADSRwGF5Jz7whM9gP7haE2Fw32D97F89rJIwlbROfM0WW0XVx3ZXmtHg+ozNGODrPWmt0pmmaJsZ2iGh1nhqRfDisBZUxNyyqDw1mw1rUa+wwn0ppEEJiXcDapGx2uCCohGBVByQBIdo434rA83WL+cJzjDHoPKM0ZYxA0Aa4RwiBq7/dwZCH7NGsNzn6KiBlDUicy3m1DThXx2ssBD700btF5Wit6ZylrhoCsZmj6xQm13ifj019QgRCyLG9Q4gcrTPqrkXrmN0sZZwnpNb0fY3OcryPxKzwAectMLiPDGOvc8eW35H0b9sOpTXeh5FIF1KjhjWb8+n+kaNLyHFzRJoXvhZ8edVwf5aTDWvcH/rRX+D7P32Hf/sP/BZ+9eWe7/gPfpLf85k7/JHveYPWOv6N/+lvoaXgF56s+cv/7HfxHY8XH/v9b5yV/Ll/4rcB8AP/1c/zn/7UF/mRH/xOfvC73+DP/rVfA2CSKf7Y73ybP/0Tn7vx2d/7rXf5137vZwgBfuhHf5E/8l//DX72X/oHvuZjPuGEE0444YSvBCcC+IQTTjjhhBNOOOEEpFMxi831SCEJPhKaifwssjwqGl2g73pEphBEJakOBqOi0jcMVsPeHYgiLTQyxEKgFArbOcpyMhQIYyEu+IHAcw6vBCCiLfRA6nWdRetsUBArwkCGmczcyDU9WOxqQnBIGUZrWyHEWPB2zo32zsYY9JBpKLJYGPNJrawUUkeL4CCGgq6KBMNxIXHMxxMCozReRCtkNXxXGLLw/GDNaIwZrQ6TalAIgcZgbU+7bqPNYtexnJ/xxqM3aZqG/d6PJOfH2Uze/Nug2PUSo00kKHU25r+mInjbtqMVdsrlS2rSMRNwtJhM9qN2tI80ShGUQquo5KT+8H7dzvA9vmapGHuc/xt8Iivj9Uw221rr0Zp6vLZK0fcDYTISGB4rYs7ydfuK/kXPw8UjluWSvrdMsznO9iNJqnUWbYq9G62UE+J7mkE57pjP53R1VDA5FbcX9TPioH51fiTUhRDgA0ZpkENWtJR4rw+kQQgIiONOSrquH+2UpZRj4ftwfaLiL2Uk9n0/KHoj8do07Y2xcEwkO+cQ6qY61w/XwKSsX2KhvutatNbjebDWjkR0+lnrWHC31uKCH65HT57naCT9oHhXQiIH5VU85/qmqjhogp0QxJzNVcXjt+7hwjXSeB7dX/L06VOePtuT53umE0mRacrCRDvyekvXO4Q21C20fUCans989j5aQd9VdK3l5WXPbF7RdXDv/ozgPG1TURQGoSSzSc5yGW2a0zhr2xYlBJNJgZTRJrhtO9abBqNjxup1U9G2juDA5JJ3vqXEuZ7Veot3IBVMJiXbXU0ILXcu5igReHG54/yspCwNzrUUxYT1uqLI4ezsjEkZ2NcVnbXsqw3OeaoKLi5ypnclBM3l5YZ21XDvXknfNTzbNJEgFPDg8TlSQLWrkCIwm8J2t8b7qA7c7fZkmWK5LNFa07QVr7aOEDZ4D/O5pvee1WpPlkWFsRRwvWp589EErTOsbSjLjOt1R7UHpSrOlhPkRLBe7ykmOZmG5nrLbApZUSBEtLpumx1t1TKdlhSTCderCmvhzUdzpIT9botzPVpIus4xn2eUZU7wNd717KuKs4Wi7wJN25NpcH2Nt4Lzi5h7udlAcD2Lsxkvn28wZk+Z57x6WSNCy4P7Z7heUA73gLWeRw/P6XpH01j6NjYDTS/Oud7E6zmfC+7cPcOIAL5hu1ojUOS5o9pVdJOML/36il0Fdx9oHj6c0rU11XaDJ+fFteEL7+/oewFCM3Q5veY5fnjtdRBA10XCP0hBbibYtqPHIYKn6yDLNGU5Zb/fMp2UuL4ZjtcO87aIOaoxxP1Dz+7j35ME+XVE70cpZ7+R+I3I3Nedy2+mXfVXiwNpFgZ1KmQSlILZDJazgunUkCvP+XmJ7xqC65lOc5bLc3bba2y75Ww+xwFn0yVt59DZBZ0POC9omsDl1RoXJC7AfD6naZqY0esEbRdo6g6h45pKSo3zsGu6IRPcoJQZ7KIZFLoBgYzK3uBQKt5ffrCmRkmC9/TW4ZwnCIHtPUJm0RGg6WKEhJK4fnjP0LAgUDgPtmmx1hGGPGAfLG3b4d1NRxE3OFAcndVxXSPS/iDjc9M5JDfHsA/Q9QCKmL2s0CoSodpIritBqDxCeMpSIERLMmY3Jto6v+pbQhAolRGExIcFTTe4qwSJMRn7xuIch4gE1NG8CyEo9o1GSRNVytkcWZSx0U/K6NYgBMELvIqNID4o0Bl9CDRNR5YpjJnE90lJb+NawlmHURqlM+ywDkoNX1LGtZ9Q0cJbCTnajqd1Wbwu8sb9lojfsfFscAux1lLXH7FQ/Arx3/3iB/zT3xntn7et5Sc/f8W/+we/DYDP3puSKcn//f6af+Tb7/PD3/c2//0vPuX3/8Wf41/4+975DcnfeDwH/Nb7c37+y6uveB+FgH/+d77N7/rzP8Oq7lmWXx/l8wknnHDCCSd8EpwI4BNOOOGEE0444YQTUFJjewdB4F1UlMSiTVRdeHewAo4EaVIqhlgYMpreHxQVAonWh0xSKQRKmcGKNkRVhBBxewNZJIRADGRXKiD5wVLWy6hWEgSCC2QDeRucR/iAHfLeDhmlh8y5EALZsG2HHfJPJVIJ3FAAdgNxF3y0+ZPD5xOxa+TBOrdr25FUloGYnUssSiplBsWtGMlA21tMkUd1qM4GFWl/VBCXmIHAC6jB9xTaTUNnW/J5wcXsgubhW3zp/S/SdC0wqGpfU1M/LnKmfcm0jtdBSHQiJNGIQcEa7f0CZVbS+7h/iXwUg4pYaxntE30YSfbW9gPx1yHVQVFljKG1NwnIY+vh432MpLYivTRuV0ZNXFLkJPJTiDBcHxHJbXE4l+mYb2xDBDpvWfs13bpjb3fcmdxBOk0u82EMBMJgZZz2ITUpJGW31vG1wmS4ro/WyIKRqA4yZguqIY9XKEk25GaLkBTEjuBTrpxHykN2pyAR5CraPg9keBrT1h2ysJWUiEEd3Q8ZjAz3jEYhh4aFpPTpO0em42fdQCakbGvHYEU9WFsbk8VsYxWVnvFaMzZNhOCRUiERZNrQu3j/9d6htELbpEY/ZCumDEepP0wG2RCwwxgUQdB1llwvaXeOX/7FS+4/Omc2E+zrluu1Y3am0QJmpcAYzfOriveeNJzNYeZ7rOvROiok8zxndb0hzyRFrtnvG+ZzuHtvgdHxmux3lt0OiqxnNp0jRBdteIXket2w2cJyCUUu6V1AKIkWAucFSvfsWhBVE+2hu6ic8w76pmYxi1e3nGR0raOqa/IsKrTatscYRaZhv69xtmY6iVbX1sLVHnxY0dSB3idFd8d0otDKIbH0rUeqkiyDew+W9H1PZ6GcGXrraBrPixfX3LmYYbLoBND3nqbpeXxfj+PNWkvf1iByJuWMQINWhrqp0CpwPtcDQR99yMsyp20c222Fc1DX8PjxlHffnuGco2pqqn2FMhkmM1y+2nL/3pzJROOdxbuG6XRO01RkWsDg5OCCQBsGVXaIzQ0iklFZVvDkyROqqmO37zifC5QM5EZSFDnZec52V0UyqpzgbOBqtSd4uHcRG1N2mz0IqKpmIGnA2mi9XOQ5m82Gtg8Iqanqnt1ux3Q6ZT7P8M7x9MVLtMooSsXZvGC/vsZah5KR2FitO5Awm01wNhLsd2aC5XLBfruOmd1Cos2Mxnmu1wEnDFIZkvOySIrco2fm2ARyQ70anzN4N7zXDXOCRA6OA1VXgXdIAp0L7LYSoRQ+KKp9w2ySkSlPcJKm6+msR3pJ76KyN6n04zYT8TY8t8VN0vd1StlvBMH6UYTyJ93OV6NM/qjjuE1s325quv2e1+9f0li+TjHsEYLhmS4wSlLkgnkhuTgrOJsKJnmgyBTOduBqdB6l8mdnc9quQYiCs7MpeZ6zqxqkEGRacn4+p2nq2OBkBXfOcrJigg+Kl5drLqYTzi/mdNbz8uWebdWS5zlKCYpJycvLaz54uaO3kJvoAONDnEe8k9HpAh/JZiXoXRiIXuL6TcYuFesBYXAe6saBjG4RLsT5PIwxB8fjEVzyTkfTD04dBD02KMRpKGrUAwzk+ZFluFSxOUcc7q0oxRe4YQ5LhHtalyKi1lkEQdxkIFhPUMnqWtK7uAaO857AE59vnY1rykxolucXVFXFdrslCvsFrrfDUFD0PkTb7RAIIa5TnUu22hqdmXFcpaazvu9BKJz3ZIPzTN12Ua+rIpHcEvO/XfD0XT82hsEQ6eBAD5bZ6TwdN0ymtbeXDI1mzbgmPnYSgtiQAmntwI2/ffw98cnxv//qJX/yd78LwPNtjEr5L3/2PX7sl54C8He/seB4M//mP/xZfvef/xnuzw4Nfr/0wYbv/U/++vj7H/r2+/z4P/c7PnJ7X20vy8Uk3h9X1YkAPuGEE0444ZuLEwF8wgknnHDCCSeccMINNWtUpw52szIuF5MaFBjJWgBCQGtDZ/uR5AlH8YFjxqeHcJQ/GAbiKtrTyVF1mud5JCKG3zNlCO5m4TXZDkcbwbgvtu+GotRAQtuoNj6Y1x0KsVmWjcrKumvGY4JocRuVHgfyMKlLkwInU5HsVkohQixiGqVobT9aGwoRFdG5ycjzHDmQG6mgNlptDwV9rc3h716ghMEAzX7Prt2hSs3983vkxvCF9z5P1dQoIOBeW8Qei6SACAJFRiYztEgWzoPtsIdcS9ygPkv7eEyE6qMs36isjmSeEAItQWpDIzwii8pSLzymyHEtWNfd2scP5/4elMWOZBuZrvUxkZvGXswpjJa0Uc3aj+c0kfa3i4xBBpzvqULA7nqqtuKNM888O6NQOSBw1uFbizE5YbA7jupWPf6crptzbsz2TUXP9Hc1FGKTSlZKORS0ByKUMKrQj5Uxo5KdA+GQMl+11tiqGsdhGmfpPKTjjuPLo5Qe7dGlOtzjUg450DIq+K21BBnHuOSQu3xMOB0T0cf5wkmxbWRO3zuEjq+5QRVsTFSDZUU+kulJvXysDFRCILMM38cxNclLuq4lm96nrXu+/GSFE7CcdEgJdW1RAt56dIe6rtFasVx6CpOhTY4pDNfrVzgLs4ucFy82VAqdsjhfAAAgAElEQVQe3C2YlpKu81T7DbNC0bYOKXPu3i0IwfLy5RWbTVTVqSzj/t0pizPonaWuWowx5Cbj6YstLsCdu1PUpqEoS6qqwXtH0NC2nuVC8fiNB+y3K169qigLQ9dFZXnXRfXwdKKRWnL/7hKjBev1Gq0z3n7rYszadaFBec9yeTY+J2oTFZx931O1PV0HLy9XTCaKEKLS0xiFNj3X1w6tJdW+ZbmY0VnLnXPDYl7y8uVLdnuH9XD37pzdrmJ1vR56S1rKiSTTgYvzBderHVpp7t+7w36zpcVRlgV9H7Mor17tWZ43dJ3jzsUFzm6QOqP3HXUN+2rLtMw4W5zjveXZsy3lBPIsI89KLl9t2FWBxXJCW1dstzvyXLPfg5TXdHUkjsrSoGSgLDO868gzTdc1rNcV02lGPp+w2VUErzg7m47zWltXQy5lHNeTomR5Fm2v23aPUSVtG+h6kNoRQo21sF7tOTuLiru+d7Rdx2QqKAtNtY9ZmIvFAm8dZenY1/Geb7uYHbrdBozZMJ+VSBHYbvc4H3BO0fTRTjc932LDxOG5dfwMO0Z8doiRkBKDS8X4RB2e0XgXCWIRrbt7esQwTznvqeuWfJ4xmU4xpqNuO6ouWrjH5zKvRbqH3fGk/xHvGZ/B3wAV8DGZ93FE6yd97RgfR2TfUIYO883r1M6fhOSK33Nze8fP4MMcMTiIhH78bNO0nM/PUdLHWVxpVrsaZz3Pry7jWJ8UXK5q2uaacjKjbXuarmNda4ocQujY7BoCGiH2WAebbc9kNo2K9wC9M2T5hN729Bacb0Bm3Llzj6a1aKnYbrcs5kuUMjRdG+dBkZxh+mHejOfPD/OSyTOapsHZMJ7PeCJApp9DiM1WIRmlgwo3s5bDSO7KoXkxOcMcPpecReK5VUPz1kdd/Jtk/PFYiOtEGWNBiPO9EHJgiWOesZA6ulGI2BgowxAPocBJjw+Cq6sVXddhh/UzPs6beVlQFNGqPTbd+KEJcxgbxMzjQ2OVjw4Vg5NJlkX3nKZpxnOTzmlUZ0dr7eMmx3R+vA8I4UdF7/HaP52HtP7p+378juT+kX5OauBjJxnn4nnv+7hWLoria34mfP6y4p3zEjW4vjyYR1L3T/yud/l73l5+6P29C/yln32Pf+8PfRv/4o/9Mt//6TssCs23PZjx//6p7x/fN82+/qXy57sWKRjzgU844YQTTjjhm4UTAXzCCSeccMIJJ5xwwlgkioXFqNAQQsDQ4W8GYisET/AekoJ0KECZMKglQ8AoFfPNBnKoa6PCIJEe8ft0tLMbKm9JGev7+Jr1oMWh6JTsZPWRPXDa1xACuY4FL5mn1zxKSWxIJLQcFVN+yOFtmho9FCblUIPyIVr2jmTZ4KF6XNhK5yoqjAVSCPreIkIkGVNBLWbTmWifOHw+neuUley9ZVpOsN6Rcug0EhssucrJhGZdrajrHVZbilnBp9/+NF/+4An7/Q7LoHJJ300qgg8EKgojDRkFuczJdIGWhuA8utDRjjd4rB2KesTCn5GKMsujQlErhAyjmvRAdg4koje4EFAaxETTbCuCDGiVMVEa5wravj0qNtrDmItnYbymicQ9FNEVxwX1pIT1/qAwj69HgtG5Q1H8eFyPRUYpAE/nWq77a6rLiovJknuLB8yzBVoYdFCDEEsgPOA8piho23a0T+4Ha0TthixD4phSxOKywyJlPI4x/zkEpImEr+sj6ZoK1MeEt7VxLKnMDEofOTZFSDFkEg+EQ1TiSrQ2tG07HnMIxGLrUPBO43zMTE5k9kA4+ESeCIFEjFbSIUQ79WS1nVT1WZaP+zral2s1FpKTEiwIic5yXG+Rw7kYM6iJanSR7qmUQ+0DXgx2421A6SVNt2O7bVhMNZPZjpKWOxdn7PYNl9cVeWEoigKC4INnG67X8C3vzimGhpLzZbRWn05ymsaxmEfl9fnZnKrpeHlV03u4vgpMSphP4WyRUZiCztmYOR2AUtH2HYvFgrOzir53aAEyeLq2IfieSQ6zaVSsrjd7VlfXlIXg8YOS4KP6taoaJrOSQE/VWhbTgidPrigKQZ4bNtsK07TMZ1NW6w1dB20Ls0mDJEDwnE0nONfjfeDp0467dxUXZyVtvYvkQOgJwXFnOWeat+y2G3It2W53OAc736Ck5+zsDG0q1tuOFy8jqT2Z5VRVS55JpPDMZxOyTONdoG47nj1bsd935LkkhJayLNlXPefnGdpI6sax3tdYDM22QkjPt37rBblWVFXFi5dRkfzOWwXgef6iw5aW6bSks1Vs6rFQ5oqyLHmo63h/a1BaIYXn/GyGwNEHog0pEoSnaT22brDWU5YlWmf0XcWL9RajYDYzbDcNeS5iFq6Fuw+mWNtxvdozmxm61pGVE+q6Jni4WAoeP37Ae+8/o2/AGJiVhsV8SlPvQRjyTLNraoxSGOlomoaus5ydz7kjFav1ioo9FxcXSFnTe48NkrYlzhveD1ns4UYDyPGzLCp71fAcjNnb8T6LbgMM74mxpmIkiKWIyn8RkrOGxftIUncE1rsWIRRKCHKjaTqLFtANz+fDbnw0iftJyd1vFAn8jcZHqX+P1di33/uVIxHtr/vsQDCGeIk7GxvnVhVUTU1mNM+uV+Ra4UXMzJ5N79K2LS6AzgxNI2nblhDm2FcerafMFguue0EhNNdXl/R2QgjRlt0FQEu2ncT2bZw7g6bqA0KYIUqjAxlHrLMBoSHLp4coCamQRgyNUQGlpiMBCTebzDJtRjthgY+RIuLQLJfWHWnNl5xcYgPCYDEc1EjQpoaytJ44xoeaw3DD3CdvXAEh4vouMKwf07pKx7lbDI1U6pbzybhe1ZqiKIb5u8UOa0tPOBonnqzI45pWHRoFU9NKcjqJOclgbYca1s/4Ya0rJRAI3pJnmiyPWcB1XUcXnSH3N0WXGGNGYjbLMqy141ye1iRxP+wY1ZAaIdP+xfUwCBEoy8l4nfq+v3GN0jEkMvo4riVt92vBj/7CE37gux6Pv89zzd//qXP+ws+895EE8L/zv/5t/uXf82m+4/GCv/orz/lTf/Vv8l/8k38XmZJ85u70K9r2xSSO38+92PE9b53h/Mff+//Nzz/hn/muN8as4hNOOOGEE074ZuFEAJ9wwgknnHDCCSecANxUW6YiUSJ81BHxCR9WtMTfD0rZ9LtAjurEpJBUSqEG8igpJhPBBANBOpC7x68ppRBwQ42QCm3Hxdh4HIngOihCOfqsEAd1cvr+RHBqrXGEYf/0QEzaGypgIQQ4jzIaEUChRtI3nY+kdo5Fs8OxpnOa9klrjev9uP+RBNYxo1fCIodOZqz2K7bVFozk/tl9trpgs99gbY8XkfQNIapjvYgJvxKFERm5jMSvloY8LylVSaY0Wabpm37cn8BBdWqtHa6DGwuvx0rc9BnnovITBEE6GtdgRSK7BUpnFFKD8HQDER7w4A7ZwokUvn1dUqFR60goHuc9p3OVVHO3bTePVVvHiiqEIIiADQ7v9jyvWtbVlrNiycX0nJlZUPgMI3K0iGMuFUfHvFoGq/FhzHsxNAV0dlDrqrEQelvBFUIgSDGqc1OecTqvqQgr/EG5kzIEU1E5HeuYNTzcH+mzikPudWxSiBmH6T4cM5LT/RI8MsQGgjGvmIN656PIjsO10aMaKBX+09+FiMXjMo9F5jS+0tg/OALE/XchEIZ7VxHJDCFmFPI+l89/nYvzAmflQOTNuGq3dC1o41DKIYQiL+CdZUkQ8PTpJW0LZQkPHp4hJfhgmU5z8ryM5O9lhRcCrTIePNbgLRfznMxI9vs9IYC1AR8EmVZcX3e8t3vBdCqZTqdIrVAynqtCw6fefYyzHS9eXNJ3UIeawuS44On6LhbyxWCNLQPtHphJssLQ9j15rvFYvIe+b8mMZjKZ8OJyw35bURSaLNfUdcV8WrJrGqYlTKdRDWzykoVyTGcT8I7dfoNSkvnUYK1HYZiUBqUl69UOqeDiYokQim3l0FnO+npLWcB8NmG32bHdVuNzsbfRml3nCgcszmY01YY8A4klhERUWJxNSltN3+64fhWVwN7DfFKxmJRoY3jjUcHVddyO0lDt9/H/taMsWxbzSWzAIKrHjBLUzZ7cZOwrS1GksRzHbdNY8jxmdldNzXQ65dG0xPUd+33FcpEPBJJjvjBICUoJlguFzgzWOqqq4uHDh7x8+RQhA1evnoN3PHo8ZVoYyknGkycfUFWgjeXquqbINMvlAm0qdvtmcIjo2DeWvMwxJucL773iznLCpFxyff2CrodgkrNFNzaUpHni+D6V8qD6H1WS3FSo+gBIgR4aSMb3Bhc/zy2rVgStD7xabSmz6HaglMG6HsntVOLX2ycfk7uve8/XG6MC+Vbj0EcRtl/t999eh9xWNP9G23od6f1x5+Z4LZO+Y/ybF3gp0EoThKQXEteDRdG4OK8YYej3HinjM8H3AaUF1mbj/N72gX4PIgSs3ePsYbzs+4OaWUoRidvB5jc29XWjQlRLPbhkZMMYtcM6hKP5IDpS3GwgO2Tbp+/yQcRGwbaO821mxvk9rc9GB4S6pshiZnnvukgm+7iW7Adi8Tjz/nY0SDoPcHBSUUIP99CwHkznPd1fgJQMzwiLt3GumkyKMdbkeO2StpfmxuCGdZ44NLwppZDDuUikb9d1kbwdvuN4zRPP24FIVkcxC+nvTdOMxxxCGNXBx4rhNA+Pa96BaJZSjWs+rW/+m+D4ZwDn7HiN0/caY27ckwmRKD+soa21oz3014Kf+sIV//rv++yN137kB7+LP/7jv8z3/Ec/xVvnBZ+9O+Vf/Yc+w1/6uS/xk59/xQ9/39s4H/juN8/4z3/613lrWfKv/IOfxqib9/GvPNvyN768puod/+d7K5al5qe/eMX7q5r/60srvvftJX/s+97m9//Fn+O73zwbCec/9398gf/wH/92/tFvf8BPf/GaH/5v/x/WTc8s1/xnf/i3f83HfMIJJ5xwwglfKUT4/2ML5gknnHDC1xld1+Fc+5u9GyeccMLf4VAqJ8uy35Rt/+Bv+6OxKONTUTWMyt9ji7fjAloiO+HQzX9saTuqNIQgDEUjNRSREsE7EojikE/W9z3Bi6EAF2Ix/KiwLKVEy4MC91hBcKxSSPsSlSpu3I9YKPQjoXZbJZr2wfto7QzghpxirfUN1UJST0AkfLsmziVSp0JnsuS14/mKFsmMRbOYqXYoWKZ9t9YOGYwBVKCxDdtmw2q/wtHhVbQ+3jd7etfhgyMJEMR4vjWZyDGyJJc5s3zONJtRyozZZI4etndMCsDBZjsfCLqkrJWDJbgnFmEPBLqjkx3dpOOLL7/IVb3DHxHvQgiCVDdIi/H1EL+/b1ucs4TgkOJwLeI1j/arPhwKwceqoDRGtRxsrQcdz5hhx0GxNRLB6Z9BXkR7xiDRZCyzM946f4uZnJPJAmGH89H1KB3Pq/WDBau9ScAej6G4X0nZm4qmg73y8LviQASHQUF8bJmo8/g8aNsWIQS5joqTpu8Gi/RBXSwPpJCUMeM5jaNkCZlI8miB3g37aYYx2Y/7nXIE4z4cngfpfo0NGtFmse/bG/edtYOCyB8Imb7vyYqcpmnIdCTekEOjwXA+vGdQUTPeEzFXUGJFj9cdW/eE3nyJdz9TIuwH3LvIUULTdXZU2Ruj8AhMXnB1vabrAllmaJqeLIOH986p9zv2bc/Z8oKu6Xl5uaVpYbHI8e5wPM4Ftlu4cydjs+1QEt55Y85+v2ez99gQs2PzPJIWkkBmJLZrWG+jreiDe1E5a4dnWttbOutxQbPdNTy8XyCl5Po65uhenM+w1tK0HdNJzsVcs99t2dVgMsV+77i4mCGE4PnzLbMZTAtFEIrVumNbwac+dU613Q0ZtD29rZlOo5q/bRxCGqq2Z7WCi0VUxDrnEErT9fGe0qpnMY95oev1GiEERTnl6Ys1233g7t2SIjOsVxuUgIsLTaah3lvOFnPysuD9D17y4lUkTN59+4zZNOfyZbQ8lQrO5iWZUlw+3zFdKDobuFx5zu9Mqao9s0mBaxvKicF2PWdnZ6zWW+ra88bjJXXb8ux5tGh+580J58sFm+2eqqrxQdC2Pdlg47nfW95++wG77YqyyHA+3iu9c9R1wzvvvMHq+iVSwHxxxhfee8n1CiaTqPa9ez5hOsmQQvD8+TVlGeeCtunJywIvDVVl+dKX9zy6l/Pbf+tD2mbDbt+jdIk2Oe99+SUfPG+pW7h3IWndhJ/6hR1PrgGlCVIRnP/I+zMVbMTwjE6KfcHNxqHYnCJxCMrJFO/Bdi3e1TELXhmUzghhUFIeETpKgJABI6Mas7M91npciM/ohNvlo9sEKTBaUX8SkvPrgWMS9pik+rhtvE7B+3HbSPPO8WtfzXF8EvL8NtLrx/OfUiq6KAiBNnK03Z9MJpGQJM5DJs9GIjSugw6q2/RMT3Nl3/fMZrPB8QLAj01KvRsauBxH6tqAc4HFYkHTNHFdo9W4xptOp4PyOESFu5Tsdrux0S+5QqQ1lTHRzSKth9IaoCzLcf/btmW/35MVcc2shpzc4+ajNIceN42ln8dGrqPGKTg0tqW5Mq35bhLHh/ViPzjlTIoS59x4DMdjUMqovJZSRoeLEJBHDWLp3KbPTyaTkTQ+HqPHa7PbxDkcmsGSbXMik9PPaW5Px3jcmJYiGdI1SdtPP0sZm526LkatpH1LxHYioNP6I53vdH3bth0/k67B8b8PXrx48RXfQyeccMIJJ5zwdxo2m81X/dmTAviEE0444YQTTjjhhLFAlOcHa2JgLOykopIxZrTtS0WrVJga80aPinZtGzMz26HAlIpQqTh1W6V5UHImwizawiKiUXAq2jl3s/DtnBtzz9I+J4JJaUkYipGpiGqH4tMxIZkKfsmm+tieVw4W0ulvabtpH1KhMRXAjotc6fwdqzkC4UYRMoSDqiIVd4UQGBn3RwVBFgwX5R0mWcmmXlN3FRaDNJJO9vhgsUORUg6qHCUUmgwtMyZmSi4zcpWRqXy035ZSDnahN1WkN8/BQWFirUVqMb73uNDZVQ1t3eGtw4mhYIrCERDHBUyOCtpIlDIYk+P6SAK73uJDVEEmVV8if4+L7onYN8YMlozDtfDuhp0hIhU9b5IV3rnB7tnTeUcfWlz3Cv/K8+bFWyykwEiDtxajDc7HxgBlomWjGq7r8Tk7JgqESEX3gzI9Wm0PhLE9qGSSOvm4SJvuy1QklkfE7rH6revsDXLCi4M6e2yqGM5ZUt6nYvXx/eu9p+u6w/YGVU9SsB+TD6mgm3CsODLDs2Ac7+5wLUIIZMMz5Ph1CSAPhe20bYRA2ox5/oAX9Zr1OjArp7gg2WxWXL9yGAMXFxlKGbyzbNcr+g6yTCG1YrYwdE3NarUaiAJ4//0rvIfZNGO76yhyQ991LM5mkWhsYDqHxjp0rijzeM7m8xmta1A+UJbxunZdG5XLaKbTKbOF4fLVNW1b0zSBpoG+g/lCs99brLcYA65rmS0XdLOS7aamqqI9c9vBbltTKsHZYkKWtSAMfedom4qApChgNss4O5tTVQ3nSlP3FXXTYF3Ps6drlot4DpQQTCYFdbUnzzQzKZmVoE1Ur+EFz1+8Yr+H+Rwms4JMQ1tvsZ1FGsXVakOWZczpqPY1tq9ZLGaIYLl7PqNr98hg2O73bHZbyiLj8aOc9WpLtd/y6nJNUQims5KiyNht1tQO7j88G3KcJVI0eA+5UWRGMF+cs1pds9uDyaIS+Pw8jvsnT2ou7mZUVceLywqpoMhyrl5ZnIc3376HtZbdbkdZwOXlczIN2mRU2z3OBZTOsBa+9KUn2B4ePij44MlLtIRPf/ou223NZrPnalXhnKMspyyW51T7mJWalQXXmw3Ot9RtzNrOJjOarqfrPU+f75ifZez2r9g3gunZHc6LKWWueXnds213hOGZpaUmyJs5msf3VAgh2tEePf/8EFHgE2coYv6p0BqhDN62NwhF5z2+b2+o+NIc5QLIoOidwNqoGHx9su+Hc3GP9/k3Ex9FoN4mbY///5Xg66Us/lpwrEAGYrY8AkK0Qdcmx4eAkDKlK9xQ3MLBeaHve/q+pyzLsfEm2fWmJiYhDs9jIQ/jzxhDVVV4b5lN5mPTUGqeS81GMZrBRRWqODRLpXVRUvQeN++NERpDI5yU8oYiNjlh4APeOoLw4/el95RliRCCuq5vrMXgpovMbaUqMM5/idRM821cB8mDS8lAACf17/H673hbad+UiGRwWqsex4Pcdog5bnBLv2utb5DmQYCQEtfbDx1LWgsfk7/Hr6f1wfFYOsz3hwauQ5Oiv0FMp3XXMdl+TLSPa8Kuu2HdfXzej91MTjjhhBNOOOGEbxxOBPAJJ5xwwgknnHDCCQel5aAoSrROUu6mItixzXEkcfVQZEqZswItj7NZY0FJCTGql+CmRW9UKbaAgiEVNsuHjLMwfCa6IeOSonSwVU7kYNp/EYi2mwyKFj8UneRNRdCxMvVY/TESVsN+eeuiUDSAcx6jovVfkeWD0hSEkCg1EMhmIOYGQjcVNI+tC7XWYB3ZQKorYgFXCj0orUQkBn3M+syHHFMlNFIptFCU8ymdq2m6lrqrowLYOzrXjYX4EARKarTQKKEpTYmWhjLLyaS5cazxPARE8ARvYVTYOkLwh6KiiqSdGKwSpYzqZiUk+IBROcZrQmdx0g5Wwy7mBIaU5SfGfUzXIFqbKowu0cpBBtZ1WNuPCuS4jwelshAxM0+oweYxRIvGIA4qqTRe0jGYpLYZVCyMRIhEyTj6nIKVXdNfWd69eJeZmlOqjJiFKYZjieNLSXWjsHy7kUFohesjeaqVoneWzvYILeP4JRaoJ5NyJGTjNfFAQDEoj1X8HjcU8fWQH5zGdFJ+JYWOU+DwyCBvZBCn8e6INtR2yE5UR0X148aImG0YRlL6YGvZIyXgh3v8KHu661rUQCikxoy2bTFaI0QUXieygBBuFI7DcL8fLCqJ2dpAsIZF+Q5P3/sc9x965jNYLGYYvcb1sDyfsVo1PHvRcO9cYoSn7xzzYoLUiudPK+4s4fGjJfuq4enzBilhOsnJHwa07Ol8oN5vmRRQZoDM2NeW2gYIht56NtsNrYXewWwCRVbgegkKehdASfIMFhNBVUdXhfUe6j08eDhB645Xm4b5vKRva1bXa2aLC6ztaBuHlDApJWrimU5yRGghOLSSZALeeHif1XrL9VD0v75e46xAmwI8bK5q3nyckd9XKGl49mxDb2t0lsUmn8wwX5Tsdhua1rLe7hEe6hqmM9BGYHSOyYuRsFnvevYVPHo04cWLluUs3nOXz3dkBu4scvoerjctz154Fmfw7rtL9ltLrSMpdWcSx27bttR1TV3D4wdzhNIgDOvNHi/h6nrPYpqUbF2cE3Tgyx80/JbPTlEycLVaoTXMpxqjLOut5+VVxbe8fcZioWl7S7XfolWG7XvaDh48KFivG54935LlivXWI0LLm2+eI/C8fLmmbXsmE0GWFeSFpK4C9+/focgMVdNyvZX4oFmtWt59902c2zJfTqjbluWdqLg9Xy4I0vNq67jed+Rn91ETT9dsqBvHfHmPF9cr/ubnX1HV0WJZ+Ej85HlJ1/ccjJcP96IA/MD0BhwuCKQymKJAKjMqCL21SJnF2VjEe4cgh4nRAQo/EHhCHCxZ5fCM9gIEkjAQTAEfPz/szzFZlpqI3K1nYOCmKjkhbes2efyNwG272uNt3iajfqP9eN3fbzTv/Aa4vfb52O9LzsPhw387hpYKJQ8NQknVq0yao+J3JVVpIhiD8ygh6e2HLf6PLYzj9Y650957cGGwRY6fL/NimI8kbdOO80CmomofHw6NQNy8FkmtmubKEELMAR7mG6kPStU0vyXbYKUU8/mc7XY7EpAfiui4dX2O7Y6TejXNjXDItz9uajq+bnE96sjzHCHi+chNNq5xR5L8qIkr7WsIITpxaENZHub60SLbBwQiNoNYh1DyQ/dHIrxTk1vXdXF8+JuxHUnNm/47vr7jOvnWPZCUxGl/jtcxqVkskb+vu6+Ox5AQ0RFndGA5aopL64vj9cQJJ5xwwgknnPCNxYkAPuGEE04YoFT+m70LJ5xwwgm/aThkgIWRsDwu8qRCEHCDsEnKh6TYTQoRZw95v4n4TIWyYyVBsqhL36u1GYtl0YI5FqWsTwqHg4o2FTOPC3jBRYLVBT8qpoSIlofeezIdi4gjqXqkiknfc2wdLdK5CYciY9/3dF1Hnucopdjv9zfUKkKI/4+9dwu1bTnvO391GWPMOddt386WzrF17MhOx2132qZNp527RTvBhjY2CGRIuo0N3W1k9GCCIcmLCQiRPCmQCxhsAonxSx5CQkwgCbacF6VRv8TQJoqsE0s6Otd9WXvtteac41KXfqj6atSce2/J8rGO0unxicNea80xx6iqUaNG6ft///+fYRgLU0NitVoVJqYk2lrb0LYtN7sd1hqcy5LPUNg4rbF5zCIqajQNVoMOoJuGs9UFw9SnJF2YcGEq/YlRoTA5WbspCVxjTGJW53sryToZ7xgVxqgi56iY/fd0o1Ha4LJfZdcl4FErw8quuNjc4tHuEShP9DoBskR8qBKzMRLz/UvM1jR+KIPWCQhvbMeq2xCio9/fFLlhCaUygOlz0rYC82XsSsGAOgRMJZEpn0liMkGYHm8c0UW+8vDLfOe976S1tzAqyQsnj9zEYt4Naf432hzMcQE4DQZlDTFExmlKQL/WxfNPxnSWWZdk6MyKl2RyzZ6PeX4Lu0epWfayTsbWz4acS5g3Xs1+22FyZcxEalPOP/tY+2eSvgVQjiJ1rVmtVrnoY5aolOtWNy+dLwO+4zgWNlFrW/pK/hMSmN2pNSEoOnOP3d5xfvdlxpsvsV6v2Nzu2O63PLwcuHdvzenG8MGXT3nr3Uuunl5zfn7C2SmcnMOQQUYAACAASURBVFiaxrBZd9y+6Ll5CqdrQ68Mw9Dzba9coJRnc7ImBtgNmjf/n3fY93Dr1chq1eLcyBgiL90+5fbZhkePHqHweJ+A3rbb09mW1sLq9gn94EAPfMert2is4vKyxyiYxoEP3D1nHHsuHz9mu4fv/vBdiIoHjy8xKjHMz05P0XZP1615cvmQy8fvElXH2dmaGEfatuGthz3GTrz67bd5/OiSrlVYE+jahpMTDSr59e73nn3/lFUXePjuHhfhzp0N2/2O83PD/Zfu8fTmmi+/fsWqu+J0DS+/fJtuHdGPrnl6+RQ/Jm/vl1/+Nvr9G9y7ewvdbHjzq1dsTta88u2G9TrJZj969IQYFI8u95yfn3Cy6ni63XJ+dos7Zy1vP36EjjdJAWB1ytg7mrWlW3ds956T9YZg12AcJ7cdXp0xeUewK9YXHpoTzjYNeh146623+OJXnnBx6w6bkxXvvPMOJ5uWSZ1xfq+jO7vFReuwTce+n7h96nHDyNZbTtYb1MpAd8Lt2xfsdjv+8+tvc7OLNB0M0xYfDTEaHl9e0U+Op9MjNmvNbnuFC5EPfuAWTy4fYd64puvWfOWrD/Csef3JQ8b9Htu1DL3jjQdfYT9F3no8MUVAmQzSKpyPBJWYnIEKoIwZFIxJDjoojW1aNhfnnJ3fQduWEGH0jpurp7hpSmxf9MEzmyJ5xafnMfsCy1os3u3pjV4KZ74evHkM9B7/Xv/9mwH4PA+IPf7b84rP/qDxomOPgeQ/SBv/MJ8fFxjJ72KnUQOg+/2e8+4CawN9PzJNU2H0SmFbbWNRq7Xs9/vynkhApyqgorxfpmnCalOKewQcTBL8DRjFbrcrbZL9lgCi8n6SNgiwW/cx+fo6yO+Q+n2UVBjOErip9MG7XMDkWsY4xniw5ztkNx8x6kNgs9mUPYL0TY47PztLbXHzPrTe49ZqILLPk+92XYcbU0FbZC66UEoR8nN2utkwTFNRcqnBVYlxHEGrg/d9vfeU+yn7W2F71/P12NZFvlfviQWgFaC8Vrip1TxkHgAH6h0yngIGlz21mn2SC5P6PYT6a7+R2vLp/wX1137j/1P/LrHEEkssscT7FYsH8BJLLLHEEkssscQS/K9/8n9PP8ScMFahJITqhOnzko+1/1edxJOkXWLgZp+6CgjSWheGrraZKWyyjLRKwKnR6TqBWJKFdbLPFsndzMSMYJqUPCzsY2MOmMB14kypJOvcGFvaDTNjQdpaJ6mO5f1SEks86ET6Th22y6jCSLbWFuBc2KvS1ib3X5L/Lubxz0yakL37VPT4GIn4nKwnt5/EMFWSbDPlXnTtCgUkFWR9kFhsjHgO+5zAs/mzQFAZXM/XCCpJcPuY/W9VShJ6POjI9fiUN69e5+lwjdehsGxjVHMiMxwyseZEp8ksncRWbGzHvZfu8MEPvsTb77zJV770ZZwbDzwmlVLVvEgMH2IGSnlWEjF9z5d5JPNL5n8+ABM0bWz50O1X+cD6Phu9IbjsG5jnp4/pntmYWFiNNgzDwOhTwnkGHbJnI2ksXQZMDVlKOydFQ5ZXDOGQ/SMewkodSi7LHIxaiiGg0Qbn/EHSVpLC0QeU0SVRK+Cs3Idjhrw8pzW7Jz0DmT2V+yM3RI6ppbB9DAfrgzwHXdcdSFDKZ1pr9sM+P3PVeqMiwXhu/EMejq/RnV7yA/9txysfaNnePGG73RKiYb1ec3V1w0sv3eHxky1vvDlwcQ737myKN3E/9DSNYdWsuLnZcnZ2ymqVWN5Prp6wXrfs+okn15FxhPv3WhoL5yfn9P2Ibju2Nzt+7/e2vPQSTA7uv3TKw8c3nG5azjYGNw2sug3jOHJ6fsIUIm+++YSrG2gsfM9/8wphuuHkpMF5z36cePutLcMIt+6suXfnNioGLh894NGl56X7DetWcfVk5HoPwwB/7NUNq3XDm29eEYCLizXvvr3nj3/Xiru3bvOl1x9w9dSxPm04Pz8ljAMxBoZp5MnTgNZw9+4525s9xjRo1bAferbbgbt3Gzo7cffObR48vKLb3GZ0K9598BjnRl66d5u7t055en3NG+88xjYtVhvu3r2Lzuvd9mbH2cUtrq63OBewtuXJ1RUxwr0P3Ofp5WVixE0D5+fn2KZjGEaGYeLyyY7tzmFsx+nFOVdXj3nlA7cZx5GbfWAcHcGDDxPn5+cA7Ha7IgcfYsRNEycna043ax4/fszjq57N6TnjOCXpVC/MwLQmbzYbttstXdcxDo79FNGmyQDZRFQapQzdekXf72ibVFDgfczFQNd5jdP4EFl15wnICjGxaQMoZcA2/P6XX+fq6Tb9DklewSaLhWkcEdn9GCM6QtTJq1xZQ9Ousas1m9MzbLtKz4ldoVepeGP35JInj95BeQ9uwA9bjH5WwjiBMQ1KCkY4AkplWaw8gOuYecEz2FMDrlJ49Txw85uRhqrbfnz+4/3LN8IArqM+9v1KpT2P0QmJAdw0Daax+R2Y7pUAfwJkSltrT1tZn+XzmvmZ7EC6AvhO3iWZ9vx+rgHDGGPxtpXvD1PysJYCv7ogSSSFZc8jPvVdlwqxxbNe5IP7vk9KH0od7N8kpJDw2N9X3n1yjboADDiQJZYCPmHyRh9SwZ6fJZRl/GqgtH631ter97i1ao6A03L94HJxpDVlHJVS5Z0Js5VDjJHVanVQeFUfUxe/Sf/X6zVAkt/OfZiLxmalkroQ8li15rgfcm7pRwihzDXpjxRM1h7F0r/RTQce1N57vvKVr/xRPSpLLLHEEkss8V9tLB7ASyyxxBJLLLHEEku8p5AEXQi58j/OTIY62XQMCgtzWBJ7AvrKOSW5p2LyN5XPhDlSA8Xp38w0jlnyLiYGInpmDdRsziJB6WegV6kkDeyCL4lSYSnUrCppS9M0BzJ6dYKtSPTxbFK59oaTRNcsKSjJtAQstE2brxmeScJLkrWWD1SSOCcBeyYzR1HiF6lotGaYpN/Za1bD2na4GLB6ThwnUD2zs4lonVmXevZGHuNEiBHTGgbncOOUwXnFMDm8n/DEcj9cTAlPF6b8t0gInpvhmtFPOSkZE1U5DSAE80z/UQFIsqHBR4KfJQmJcj803//9388f/64P87n/+//KINJcmCAJ0jJHdMRXcoWSIJ4KwDr730phQIwRqiR21JHJTzzuL1FR08UOHQ1KJUa1gLGbbkVnWpRV+ODwNqaCBROKnKNSsSRAseBcSqyGCC5EtLX44FA6AZ2YNFwFHFek4on8rDRNS8j3PiqV/g5opZiCT8C0OmRED8OQvqtmlvBBkQaVdHaVJK5lHI8TzyLvHHwsPuE1Gz4qcENimEuSuWmawoSSBHrtOVgnpOvEs4oRPKzMBecnr7KbAv1gePj4BqNS26bBs1p5rIWHDx8TleZ7/sQdWqvY3jxh2HucS0BpVArbtuhmx+PHN7QtnJ22dG1H057RP3lE17acriP3bp0xuYHLy0seXSZZ+Ft3Wr77uzfcunWLfn+Dtg2np7Ddbjk7OSXGyNOnN2gN108nupNzXv62b0O9/YDdbuTRwwd0zUTwiqunkVdevc+HXr3gydMtjy+v2O6Sl/bVVfIibte3uHXrBG1vePrGFc0qcvl04pZp+WPf/Z3s93sA7twNPHzimIg82TW0Jxc8vHzM9f6GO+dntOsVtoFbq0i/7RnCGrs+ZxwdV097bnaBW7fuQnfC5rzhehyg6bjpLa996QFPtwmgMesV22HgydM9+/GUl+9+O48evsvlV7dcXl6y3mzYrNd8+d1HjC6CMjSNYRxbnjy94d3rK1DQ2RGl4Z0n1wzDQ1CGyRuU7hjHNQHN5eAYx5Z3Hj9O7512g/OWcfAo1fHmw2sinnHynJ42JOn6mJjFTwPb3dsJLFYd46MdF2fnRJXeT9c326w6YNn6Fljx5MoxTJ6m7ZicR+eCElmjh14T4xm7m7SepDVV44Z1YvrFtIbtJrB2hfOJ4e5dxMeA1S1OrUGNhBhBBSKRRhvOLu4wjiPDmD1PpUhKz4zDdr3G2BY/OXY3l0zO0W5OObvzEqvVml5butWGVit211e4qScS0UZDPGQ+huCIIa1lRj8rPfsHjWPp3LS+HXp/f7PjGNyuAeH3et5jJvG3OmpAU0DC1WqT9yNj2nepWWpZ1lgBTOW7slYDhU0cQmC327HZbMo7Yr1eJ8/dSjlD/rXZfkCR9jMmzLLHsieSd0sNaEp7ZA8k167B2Rr8jnDwDqoLh2pmc723rIucBCSWMZPCMWtt2TsYYwrz2Nj5HVi3vQabBTivCwMFIBYAtbZ3mPcg877XKHtQCCdtqZ8p+UzeufKzsKrrgr56ry4MaWmT7AflnhTp+Mx+FisJ4GDMBOStx1zGTtjSoioTme+99FUphdEG5R0hZhWgOEtvL7HEEkssscQS37xYAOAlllhiiSWWWGKJJWhsxzAMkAE+Y2d/NvEklWSQ0Q2olPyZhjH5v+o5AWatZeodRltUUBjd0Ha2JAS11igMMXgggzsmg3RjSiL54IhhZhfsd0NmvqgkH+t8Sd4l5mqkbTvGfiBm8KrJ0slaadBNZotlnzZIIB6ZzWH1AQsiVl6ldSKylqWtmUSzPO8EKJqmPUhERp883pSefc8KS1IprG0KcyLEwDSmJK1VGmMq0C3LZIeY5RN1AwSUMRhTSWJnaV1hbCijioy2tZbRObyKhJgThNMe7ydcDMQRPEk+2XuPHwJTmApTNkbP4CbQlLFPyUeSj6nvGd1IUBBDTLaTKnvHIn6WIgWd5l/UqoCkpFnIlEHot9+c+MD9u6gY+PB3vcrpWcdn/t2/4+GDx4U9l3yFD72dnRvxAkD4yOQmyGCx3LdS5IDBmMTuK/fVB3x0XE83jJPDqBYdwZiG1jY02tLajn7c0ZgW6zQGizGJkTWpSNSeECPBJ2lj7z2NNqgmJb6JyfvZ5jyv1Qabk+Ihy50rFI1tmPxQEq5DvytsoKBgcMlr0Pnsn2jyWJt04v3Yo3Ri+8UqAVx8+LQubGQ/uYNktCTpAVrboJTG5MKIyXl8iBiry/wC6MeUoFaR7CMbsvR0mufDNNKqBAqjFdHFAgJIoj+xoONB4h2j0cGwURcY+zL/6fe+yPf9yXNeubfCjZeM45bNumO9WvH2W5doE4nTxJOra9YbOLvXcn52h+ud5/e/9IDIjtNTGFP9AqObeHIVeXQ1YCzcv9ewXhuGwfPo8oZ+SDLPAN3JyKuvvMRut+WrX33K+YVl7yyPryNeDyjv+d4/8V0EP/Lk6obrbWQ/7Hn8ZOT+SyfcurPm9lkG5BrH5Dc8frLF2HN0ozg7P8VajdfvcvfuXdrNBW++e8XFxQe594HbvPnWO6xu3WPShv/4pad0jeJPfPjbGd0JX3z9EV94e8c4Ndy/f5v29ALTNfzeWw9Zrww3+57V+oQHjwZQE0oZ9v3IMMHJyX0uH2r+41duuHP7DKMNfT/RtA1Pp/sMBEIfuHmrQesGpdbEqHjj8zesmlu4GLjZGW6tbnO901xvd2ntH0SG1eJCx5NHnq7bpOcspPs+jrbM45OTln4/4XHlPaRjw2q1QquW3W4HMa3xwxjosh/ptEvs8tZYJud5ctOz20VWJxusbtEd7CaT57TDuYg2WQ7VKwKRgMHh8ZOj7bosMy/gBvT9mNcYj9bzs7I5O0drzfl6zTvvvIMxSRHANJZ9n959Ec0QNLfvv8LNfiS6ARWSLL6fAqent4hasx+HBBzlQomIRxPRKqJCYH99Rb/f4116Nw83V9w8eczF7XuA5s6tu9w8fYIyFt1sIE5JajZGtBIgU+dCmkOvTvF8FaWFF2lAh+f/uYR4SEf1Ylnob0bUa1dd4HIMEMM35t/7rYi64K1ui9YapTXtqpsB0HFAW1NAuaZpUBGGilUr/rree4xKkv3b/Y5GJ3uDtCeJKALDMGTAcZ/3W6mQTGlbAExhzhYlCTUrpogNRt/3B0WEYi0g/Vmv14zjyH7oWa1WAEV+2XvPqs2WHU1KX8p7QvZdtYqFFHzVYGwtSwwcSErXIDrkgry8HmkU4zjRdG0BRqXd0ua6X3JfBHyX3+VfkaEuBWuNJTAXVtk2qWrU89cYw6rt2O/3jN4VsFVAZzl/zbYVYLhul7RT5obsraXP2+2WYRjKHrcG+JVKMs77/b6sEcfFd0qlfUoClKeDYlA5dvIZCEcRQ8S29uC+LLHEEkssscQS35xYJKCXWGKJJZZYYoklluBnfuDnDxJhSh/65Um4aU52RTxhihirSqK4HO9nicHEOnWHyVeyZ6oSRmn22p1mv1FJMo3jCDEnLs0sUTcMQwIDtC4gpIpzGw4YGJktKUBDkc7zM7PRNpWvmQCHYZbEFYBY+lUzoROrYgZYEzCgS4KslhBM16OA19ZaYklWTiWpJ4k7kSsWNnViqITEsDBtkoEuAKwrjDSXx3BwyTMO0ncCkdHL32AKGWwNnhh9+m6YCIqZxek9qFkmOOpY5krMY6ZN7pMfCMEl+eosVS3fnZPYwvpIMtMyd55N1Kf7/u0vf5D/+Uc+wp27Z+zHPfvdwOe/8AX+82tf4urqOsteKwgzC2aappJc1VoT3CGrqE6kd6tNlkOcE6YAwXlAoTHomKRdNQodVfZjVsnnN4KOiRWsMFhjEnu5kqDWWqOyxLq1FnxAkxjFyJzN971m3yulsEoTMrhrqoSyzQxuIIG4xhBDoNEmAwIiByoegWaWc/azdKNc0+Znpp6r8pzYDAoRUsFBnYBuWsO477F2lu5M/aU8n9Inkb4U32nIz/Q4kSTTA1MIWDtLbJbCBq0IKuAYMaeOh8MXeOkVx8t3tjRmm59/w/ZmT9uu6PcTxsJL929zfrrGuZG3333Efq+43jsuLs44Ozths7LYxoCH1778Ng8vHbbtuDhrUb4nese9e/e46Ufu3buHMYq3336Lp1dXXJyecffubaJpeHw18p+//CZatXzbyy9hzcjV5QMiLSent7jZjvT9jnv3Tlk1njvnScL1q2895c23r9Bmnfy1I6xWLbdv3+LR4we4KWDbln43oDBsNqdcb28yiNAxjJ51Y3jp9opHjy/Z+hMwG7bbDNz4PVqD94qmXaViH91wfnGX3XYgEJkmjwsk1l903Nzc0NmGEBz7foc1DYEWneXi6/VI7nkIgNFsNhu6riueogLgGxTKJi9QlKKtJP1DCAX86fu+FN/IeiAAloAou92uHC++1kVFoRQspXPvx4HT09MkJ5v9QY1O8rQ+zBKyjVbYboVzjmFMhRAi5d73PVodysWKd7W8C7quK0DRNE2Y/HxO3hWwJegGb9ZgLTfX1zx4+23ieJPeNcpwfvsu69NzghK5/iz/7yemaWAae1zfg3dFsSAdpQnacnJ2m4g6ALdQka5r6Puesd+joytjVNZBlYpw0ruzmdf6GFHxWaj3RYBu/beiHqCe/ez9SkPV1zmWspfPvx5D+Lgg5v2Meo9RM2lFSlnmVdM0BZSUtbnrugPgL4Ts6domYHa/3R0Ay0VaOheTuazsAGmvovOxk5vf2fKeqKWej1UjpBDtmA0u68dmsynva5gtKeTY1jYFAJaCJDmntEPmqlgLlL1VjAzDUNYhoDCiRS5Zxqj2NY4xEn2e91pxcnKS1ovq/ShtOZ4XUrQk7RegXO5B/WzJMd57Li4u8N7T9305T70PjWpmF9egu7RD1sZaxUPuy4EtQ+6DnEPaVb+jZQ8qP6/Xa4ZhKGNTz6kiy52tSrz3ZQ99XPBY9t55vXfO8dWvfvWP4ElZYoklllhiif+6471IQC8A8BJLLLHEEkssscQS/Oz/8PGUIPMpma5NTpYGVUDTBBC1JfkGoDFAAoxrD0DxthWWrgAAkghyAvzkxNUqS8R6H9DK4mJmAjoOknaQvdt0Zp9oUxKjB8nsDAQUWb4MIE9uKEkrY8wBAKy1xvmxJPckDlmlIofXMGWmZH0tdJbFLl7A+oClMSe/fBnTBEiIrG72/s1JPknSlTZk4NUYVRJ7cqywzVyYcERu9luiUYx+xAXPFCZ8dERgjFNJ1EWtmPwMlqYxnog6jZswwYQRI/2QcVPC8sqy4SGOxJiuR/CZTT2zfdIJZnbIHPXvkjxN93bVNXzkI3+eH/7In2c/7Hj8+AlNt+KdB+/yzrsP+U9f/D3effddht0+f12YKfPcqK8fMwNOqyzbLfM3PoeNIsCuAMDZQxkoBQcxRgx69hA+iiDjF+d5kJjhlPaks8oP8nks434MuCiVwGeRn5W/6QyCJqA6zXtls3ciCmE5G2XLHKufI5Vl4Nu2JQrzPPs36wywr9r1MzKcJjlMl7aEEIg+FS5YNSfEQwg0dk7kC2PLTw4dE+N9mDzOJ3Ag+UgOBUhGJ9azWjuueYhqL/ngSyMfvL9G4ZiGgdElv9VpSuN1dXPN2dlZZnWD8w37fixjNrmB9XqNd5F+9PTesO8d09ijNZysO25fXLDf77n/gXtM08CDB4/Y9xN37twhBE/fD2DWuJDGo+97NDEDGwnA3PUD666lW7X44QZLABVwsUWbDhcifT+y70e6VQPB5+cyAfphmgtQ+nHIiX0LWqU1J4N6wTbEqGhslwsBejwe50IBS5W2aS4wS7OGEFCZHSgssSThmhjZIVDAnjqpL2uPNQmMEu9JOWaY0roasje1MAWT73Ja0/00F7nUkqta6ySBbi1uTO+ewMw8hLkoaBrSd+/ePmMYBqYQsSYVGvgwy+zHGDk9OWc/9BkoUey2Wxpt0tzCoK1h7Ae0AZTJxRXzWlsz8YxuUiFUjEAgxrnAaLValfdOvx8JpsOc3WakwUfNMO65evg27vophB6DzkCXQeTqY4yQWfRJEtqjlTB4MziJRtk1J+dn9LubzDzuaJoOZS237twjGsvT6yf0Tx8T3ZCKUAS38iGfM2BMc7AWRz/LvtfrlXpBJumYVSkFWsfxfqaijsFC+fm/tDhe5+tCoJqdGWMs0voCBs/A/QzaFYDTJCCxBogF6O3aNVExy/Jne4PAXBwk55H1o/aJrZne9Z7loPhJKdpVl4omjD04RoBdNyalCfEOFkBWjlcmF95FcCGrwBDLe6YuXBJwWdogEvkCXApAKuuMrCFd1xVQN7i58EhkkEV+uRRH5X6sVquilCHnkrVSpLV1VtlwwR/siwUglkKXg+INKMUvfnIFzFZKPTPeNcN4LjZUrFarg3VVxkZA8nq/+7xnQ8ZJ1jwp3qqPlXMLWD0MA003HyfvrVREli1SMqN7AYCXWGKJJZZY4uvH4gG8xBJLLLHEEkssscR7ipLMqTxXQwiZwWSJzMkyYUgYY7KU7wxc1gy/QEwJ+7Z55nqttQTAVT5hyTMsJTB1EkwGo2fAoGJdKEtJJEmiqmYkSIKzSDO7GeQVIJmY5FdTEj0xRlT2ghVWVw1y1SBbYSQibGZh8lLGoQZHgMLQqCUDaxZGSgTOnrWpDz6ziWcWjY8ToGma7hlft9Y2tLrlZtgmEGoY6KeeMfjk1RuznDOJ6StJ2yStPd8fa9sMEqa2+5wgNchYpLY02gAzyyOxlR3jNOT+eITBnJjlqjCWUQnmTczd2gdu9kmOxOQHPUWu3r7k5tE1r3z7BzntTri8ecrp5oT7/919PvSdH2IYBr785dd5/Utf5vLykt1uVwAvo4VNHfMYhsymFY+/Q1loVZCNxFBWMRU6GGUJKrUR9DxmiiS5HMUb+IhlpvKzIc+ZljmbGVFZgjUVVJAMgOXEUABzkbyWeRhjBjHFey/EdI/Iyd+YWNHRZ9A5SrI2lnuZnvv5+YUZ2MbzzN+tsmXuSyK3AGt+ThYrpWhyklmjSKfQaA2NbhKwlgsMuq4rbKvG2uRnrDVtY2l0Q2gCiYUW0opjDFqBatbs3ZZ3ryIPrp7Q754mltvoadsVzgVChKAN5tGeqR+IWtGtTtG2YdjtE1u5aYmxL77TU4hgOoJa4UfHboo83u7w3vP2kwdM00BUGm1PefzGgLGK/X7CTQO27WibDu8VbdsxuMw4HQ0hrNhOEW4mGrMmTmMeYMvkhKm1Yu8UbupQ2cd89AEGiM6XgoumOUXn//nJE4JFa4uyhqiSfGs/TTQ6oGyDUi1B+fyfJfhADKA1aJOOt9YS+sTOVdqilUIbyzQNaZZpg3cO23Tp+VGZLWYNTVRFcaGWSo2KJP2Z56H3O0yTpGcfPbosoIms5wIsoVVinTNLoUqBRmD2d5d1V2uNiQmYfXJ9UwqYYpgS02zv6IcRbSAGRYjXgMY2Dd5PNG2L1WndH6aRRmUJ20YXyVulTSlM8N6nuaMsXkdOmhP6cZeLJ5riadr3PdpQfDXX6zU7H9GrhnFS2NUJdz7wbfSbDe7pY8b9DcE7VJgqieUMdMuSoOYfZlZrfv9NjuAmYphQ3hCVZvKOyQ2cnd9ic3rGdr3i5uklcfI0RqGJ7PsdfkjMw4P3m3qWufn14kVg6x+Gfft+xNcChF/EdP5mRQ2cHrdHAGB55wt4J2Cw1jY/T6oUKRQ1iSPQMp1Lc3FxgVa2JBXT9WclFLmugJRy/freFeZsEDUSXQBNAThrVmrZx6mqnUQ2q3XZd5W9U4gMLhW7dHkvmZQ5ZguKrsmWBHmPJe8fKUAoDOMwP1E1qCljeczQFTbxapPYr8MwlHPINWRMpL8xxgPP31nJJdJkILcvlibz+68eMzmPAPKieNM1bbF+GMfkH16Dr1KwE2Nks9kUJYXdbnfQNikYWK/XZQ8pa7bMv9VqVcZDri9tE4lpKQaQfVOMEecd0SdAXNZluc+73S4r2MQCVP+X8PwvscQSSyyxxH/tsQDASyyxxBJLLLHEEkvMjE4daZs5oRP8hNEaFzhIAotMtFaq+AFrnQVxtQbxFPQh/wc6s6h8DBijiM5htSkytF23InjQRjNNAW0MPvjEvsiSlqUNPgNBJJaqj670w/vEOlWZwZrYvynxaU1LDDMLt5bqU0phDwoL5gAAIABJREFUtSWqxChpjGWUhKbSqKgQokRKfgpQBlrN7GSlFVb8hwUAy8C5tN+5QIxJUNgoU3zzpinkZCkFQLHWYoVVGSM6miS9bQzRkUDSzAINPuCJdHqFXmla09Eoy+AmvAoM3tH6CXQN/uqDhPMsFWgL81SSfI3SGfjJDPCYBJIl8RhiSujt99uSOESFIr8s9yclCxP4niRT+yLRXSQTVZY3VgFrFeM7A1/9/Ov43cjJnVPO1yecbE65fHrFpu2IznN+fs7/+EP/E1dXV7z11lsYnWRPg3Os12ueXCaA8K233krXCY4YkpRqPPgvPxdRgF4ZlxnUkvufIhdOpE+fy5BLiVVdgbuJbVdH4CghqmZGcYTyXJVvi1R5vp8o8EoR4wSKIjktZ4/5fmIKtlvuYx1RAGwja0M+WiV28QyYZEA7MAP2HsjMelOzBmPI4GVARVVYpQKWp3Zmxpia5UVrIMr7iLYpAW0aTe97lPZ0rcL5HnzEGI0xXU6MJ8ZzlxPd05QABDt67ty5zfXocU4TxuStbXyWeTeGECLRJ5alCh7fO5qmoZ8CEYttOz740iu89tprtG3L5BRKt0welIlEFKOfixlCjISYCxoyi3XySXo3hsgUIl1+zs/PzwswPU0TMSSWskFhrUY3ycvZhfR/6GWt8N4TQ/ISH0dHYyyD9xiR8I3J8zV40NoSVCiyomm6WVRh38/sPynyCMGn4gGjCQH2w/6AyScAifh5h5DbJu8XahBxrmIXIEM+T3OpLi0CYkTLb/rIhz0fYvPzcr29yZ/pAlhIH5vG4H1E7fbFD1MpxXrdAS6D3TMQF/qQgPV8nhAgjI4QFdbMvqqp/QbvIrupzyCLygoKqTAkkAqNaDrC5Ig+qQNEFwlRETA0bZd8uE1ASWGMdDC/j0SRIT1siQkYMpN7miaid+hIWeP82HP9KBXsrE4vaGzH6clFUpGIETfuCrgzj7rKXp2I4EGJFzF/XxQvAlG/1eDPsaLC1zvm/QgZK9krSNTsdULEWINRmjYXzSWJfp/Wh1ywIH7u2iqCis+AskY3DP1EoM9zM6sDkPYnrUkSvYRkrxF9QFtTwOC2bRn7gckneeZOZwZqDAX4FA/eVOg1F+JJ0Y/NxRIiLyyqJtZaGmPL2iYFJ5HAlM+vlELJPoPD4rz1el3WJpGiF0BXzif/1ixaa20BmLGzP66MvQDW0r9iM+JckZQW5m/NSIZD72IBeOc94dx3AVOlbX3fo5RiVFNR4Kkllo/3VgC73e5oDZ/3dzKXhmEobZA2ynULCzrv7Ws55+12W67Z930Bs+UaGF3YyXKcMYauSezmKXiari3ff6/xxS9+kX/wD/4Br732Gt57XnnlFT7+8Y/zgz/4g3+o83nv+c3f/E3+8l/+y3z+85/nl37pl/in//Sfvud2LrHEEkssscS3KhYJ6CWWWGKJJZZYYokl+Onv/z8PEqBFujgDRj5mlp6ApzElFlvbFCnhxAgWxu04e855RwyqMG+VUgSVk07+UB6OI4lcyHKTISWinHPYZmaSqJhYE6MbCnNXJIuNMbjBF4+8wkirEmv137XW2JwsC1nq0/nZHzG1ZWYEJ8ngNF4+zqwdSdCKPGGRVaxYL5JIm4axSJxKosxamzw6ZaxCoLU2e6/lG5QlOfdjAhqEFzcMiU3XthZMkl710TE6h9cwThORLOGYQb0D9ohpSpLQGEP0iQUnEslGWVoz15DWAKhSkTCFwnaTBKJIF8o9E/A3JR5tBvbyvRGmm5rbg4poE4jGodawutVw/tIFd1++S3uypjvZcHZxTrTw9jsPcDHw+PFjvvjFL3Lr4g4xRl5//XVONxsevPsI7z0PHz5EkaSuCfGFEqXSvySbPCc5BUhVlRy0jEP6PH+vnEgdfC7Ar0YYjjUQccjyTffDpNHJgGkNoMdYs/XSfBEvxWOgRuaYMrN0rMzjArwdjYNSisCcYJfzCDgvvx97/CUG8vxZYlnP4FLVqqqvkmQ+PKJuf3pewkF7VWFOz3+X+yNFDvW4C9urltZWSpUEvmlsWre83Kd5HazHwbnAdrtlve4OpDsL60npIlcsz5iw5bQmeT7rhmFIDDc3jqgsvy2SxcOQfH+7rqMxChcDPkiBzTyrvJ+IeY6OLjHhTtYbnjx5gvPJq1aRwIvinRvnQp3E5G2yEoMu91jYZgLohgpwEdCiZs3V4yzzvQZ4n5lbFchQl0bU97zM76PzcnT8s7Pq2b/X97ueK4fXO/b0tBVr0hSAW2ubZcoNrc3sxPyeEu/grusY3VTeAUE3sL5gomEYffJ/DwE/9rjdFW7Y46c9ZDlvQyzrJDGm+1yBNamBioBls7mV7pXriTFg2y4DgSNRK3SzYbU5oetSgcQ0TYz9njDuIfg8vnORiSgSyPr0jaaOCuOUeDQ/3n9gtWb5fiNgdD3/3s+QawrQKKzNVKhmWK1WB8CbsNKluEQUQQQYnKaJbr0qTFhjDFabvN4J4KfK+Z0fi0KDFEqUPYzRZa1UEYYpyUrrzEif/CwtPAzDAWBqraXv+1TEo5ISwPpkw+PHj+d9UVYF0Cis1ox5nZH3lQuzIo30uwZNZbxkTyiyzfV7Utiw0i55vpumKdLPMSb/4KgSc1/OKf2p14+atSxgsjFp3d7tdglYj5Q9ce2za/P+TimVCn9yX8WnGOZ3rqwtx9et3+d14ZR8V95NwvaV/bjMBwH15d/6fXXr1i22222Sdc7y3PW5y/s2v/ukD5DG7fr6urwPAZSZC9OmaeLBgwfv6Vn52Mc+xl/9q3+VH//xH0cpxW/91m/xd/7O3+Gf/bN/xtnZ2Td8vi984Qv88i//Mp/+9Kfx3nN9fc2tW7feUxuXWGKJJZZY4r3G4gG8xBJLLLHEEkssscR7iv/tv/8/SiINKOCtVQngVZkJUZgEIjGrD9kCwhTw06FPWAiZOeIz2JhlPaMPWXrZlsRbCAHbHHqGCoOrTpQJWCws01oecRiyxJ7KbGZhCDMnxhKgmgHezHRsbGKwiExxkneeE3tK50Qa6efUPo/ODDltTUmEQvKpO/aaE8m/5BGakmaukkAWqcQ0PiKfHIs/ZkpChsQmCaBNArpSf3wG/3S5HzFGfIzJy9nMUo4RShLzGJwW71WRhZV2hZCY13XSVWRzfZjIw5wZiCON1YXZo3IfBMyv5QNT/wM++8v5EAjRJcY2nrZtUE0E7bkeb9j5a/TG0J2sOL17gW41q7M1d166x/X1Nd1qxX6/Z7frGYaB1157jaZpeOONtzITdHgGjPhaiX4t3rl5/Gqv38PvqIO/HzPMxBtUQBY5JsZUtKBRBeQXAFMphWnaAvhqLZLtgSQBOwNYJRms5u/XiWE5Rvp8ULTwgogxzp7ERyDO/H2frzd7R84AeT4PnhgUSseyfhSmdAHjpDAjojgsqji+N/X4HgOAUdpW3+P6u+WnQ0DxReDQs+CBFCwczYOjsTlgXGWAU6kkzynypkV20yRmfXkO8xokvo5d1xVmWlQhP59TWWtk3ZAEvdxna21ZXwqwktds0Ifs4TgXYwC4/DeqcU7r4gzwi5y59LwGV7U6BFx47jORC3GI2b+6eobmA8t7xBwxI+trl/sv90vNzOOkWmEpEvP68Dk++H4+h873Qn4v95nDNUPA7cIEzkBLPQ/KXGg7aE7AtAyTw0eV/UEDwU34qcePe1QxCA8EH5O6QogFfD4GgT2K09M7ab2dBoxJBQ3D2IMXv3qb2cjzfVFS1ECgVjjQHHq+l7H+BtJHx2tsID7z+fPWlfc7ju/tfwlRzyP5t5Zf7rqOdbdK60PwMzjqHEYn39jgKcUbaU05nLNG57XAiayxJQSX2cShgLg+pn1LcL4UrNUFFCGEIr8sewMBGuv3WNmP5M/RWdkFVdbA1Wo1KwnEGQCfpqm8L6ZpKsox0o5i93G0ngmYKX8Dyr6jBnQFlJZxgaTsonXy5B7HET+lDU6oipZq6We5fs3EbZpm9gMeciGO0QUArteKGpSWc8j7ox67umil9vuVc9R7yFLkVbWxeJfn6xwXLkkUZYhqzRP/5Pr88vy2tinzQ8a6fh+JVLeoTsj13wsA7Jzjh3/4h/nn//yfc+/evfL3119/nVdeeQVjDJ/97Gf55V/+ZZxzvPLKK/yNv/E3uHfvHjFGfuVXfoV//a//Nd57fuqnfoqf+Imf4K/8lb/Czc0N3/M938MnPvGJwgAOIfCrv/qrfOYznyHGyPd+7/fyi7/4i2w2G370R3+Uj3/84/zmb/4mDx484Md+7Mf46Z/+6T90v5ZYYokllljiOBYP4CWWWGKJJZZYYokl3lMce7qVpFSQROScDDLGEEMsiXVJbknULIgC1uZEnwBSIl1bEpzaZGA1g4sxSSmHnCSSa0siqWkSM9S7SMRDnJNnUDP+cvsEcGNOgkniylqLDwkY2e/3GawRCdMjlmzFdI4xMrkBrVP/tD4El4+ZKAJgxBjZ7/dZItoW9q+MbQ0WCKAzjrOcoHNTSb656LBBGBczKBGjB20JkujTCcMxUeF9SJKQItVKAjqkDYnpHRIDCDBWEr0xgREZEFImgY8Bj9IJkAwmJYqjVtBEoo5E4zFGYW32VXaeoAJBe7TVTH5CWZUAZBMJbQJ5QlBgE4VzZESR2DytXmEay27acn19w6ObJwxTzxgntM1JZ5sYUtubPTHGIgnb9/0zc1Xm+/OiTjCDJ/iZ4ThLR87PTXo2VPk7UIAm+V2uV66tYwbRPDFmX+E4g+1EcIM7BCCZWeu1fXJKJEe0yWBU1GhtCohYM4bq/jk3Hkj9SvtKG5RIOOcGIXNNOiQp8VgBoUkSurQbhSompuIzmRPUKhBJErXeiwfzs/ekTjYfA9jHIJWsTwLgHX+f0l7RddcEAQePrnkM+sHh9WTM9FEbZKwnSaTn8xWGfzz0gDbKgq4lYA8ZxyrqXITgc/JcPMZDKTyJKnlkloKC3KQaUJDiFylIeBEA9zxg/fh+hKOxl5+TokMlq54u9Nz7FLVKMvshPnP+Mg8FQHrBeQ7G6TmFDVrr3NZnuvncOLjnR+0p19Vpbul8TBTwXCmGcTyYD+Wcak80W7qTcwDc5BgVtE3y9owhgFY4F7JPt8Y0CoMp4+n9hBJ2epGfVjg/slqtmHQqNBDAP83NSBKKjsUzXKGK7/2L8NcaMPx6hSLPK9KQz77W997veN41j9v+rQSFj9ecGgBUKkkZr1Yrog+lQE5UN9L3DwHPGdiLRYY4nTwrn+TCurReqYO93jRNeT66ShEjfV+YwQJIC6Anz7UAyGIBcbCHjDFZVnhPzJ7FPgR2ux1d1zFNEz6vU7KOimJBrSZTj4/0V8DXrusASvFgDT7HOCsbSJsgqSGQmcBuymoHWs3y0KX4inLuw8/SPkX+Lv/K2uu9L17GsqcDGIaBtm0PxlRAbWm3ANSyhtf9rfeMcq066ve6hLyHZA5If5qmKUzetm3LPJDjai/nej8h98TYWcWkPl+xcrGm9Pu9hrWWP/tn/yx//a//dX7qp36KH/zBH+Tu3bt86EMfAuDRo0d88pOf5B/+w3/Ihz/8YX7913+dv/t3/y6f+tSn+O3f/m0+97nP8eu//uv0fc/P/MzP8AM/8AN84hOf4F/9q3/Fpz/9aT7/+c+Xa/3Wb/0W//7f/3v+0T/6R6xWK/7W3/pb/Nqv/Ro/93M/h9aat99+m7/39/4e7777Lh/72Mf42Mc+VtQ2llhiiSWWWOJbGQsAvMQSSyyxxBJLLLEEwzSlJI2a5QIhJYa00ficbJakz37cZ7nlGTgQlm4CjUxKMiuTAMOcpBRpvZAljJXWmCIpXCX0XT6v1jRdxzgO5e+SyFMqgWdWJbnWQKTJ3rvDNGbvXEAFlMiUBmEdpGQWKkkWexTjNNHaBmPmhFsUT1aVGKlaWYxuCoAys11m77laGlp+914kDHVmvqTEmA+B6ETWFgIB7yp2RQTvAiEDPD76xMYh4tyQvJB1g4uO1rRM40iMCfzpGsOUPQCtbQgKjMnyvyZCA/3UY61hjCEzgjUueoxWeDxjdEU+NoQAGQzWTQa6p0AkJQOnOBAzsIxS0AWiMYx2IsbAaB2FfRci/bDDnreM/cg0DYzjyHq95ma4wQXPnXu38dpzc/M0yTAGj/EN0zSkvqoJ1YFRhqZpCVPyPRVZ06urK6YxS0Nmn+qCchQgUBLtAYjEOBcGHCThM8B5IDGbz6W1wtok25sSv+lZGUcBVRODW8AbScQj7s0RCDOgnNoXCngaqzajFKFKPh8nXwt7cxL2rC5tqRPlSmVvwsy80qbBWEUjUuPMxQvH8pBpbuZkfhR5Z0nUU0BjrXUCswCyhLh4EhcmaQaUVcgsTT8VaErGOMaIysDfM8Avz8aLAKV6LGdgs5LsPvJXrq8RY2ZHIcUuOk8lmQM2ty3M9yr/GypwdQag5ePcHgE4KmZZPd8OCxHmNppqzgQBrlWC9w5+r4CSENzBOSUSQDDLGysdk0Et6emYgf15fKohOPTr5ZhpLsn+/AwWoDYXLBCJNfgb8rOnnmXdqvIc1FcTf/pDT+3SzigS5jPoEIOab1M1zgdS5sLCLfPElwKNGOMsIc7RvMrvlaPmJMA9BggD+6tH6Xm0DdY0RDfMVr8VW98ojRcJdsigUAcN5Xn0wRFCxI0D0TsI6W/EiIqxSGcnINiWuT7f/+TvXCsHpGqFkAqcynw1JLWC/P1vELt9ESD89cDl/z9E/TyWgiKlU2HEc4B151yx0BBGqdXmUEpYzQxeY00pqKuVXBrbJQl6VCp4ixGbZYcn75i8o9Hpd20TSBumcKAwIID0drtFa118XY+tRIoMOhGfZZyFQQuwMkkuOTSZ+dol+w6VlWFk/1S/n6UdwhoWEFWAYwEuazZrXZwYQsDq5KesCGgFnW1wkysFMsO+L9LagViUWARYr8HnaZoL9ORvsm+W6wkYS4i4cSIQi9x/sgdITGhRxHEiB680kxvRVrHuVuz6/cFeVIojBQT23qdCgTj78ApTW9Y6GQdpbwgheUwbXTyT6wIEkb9OFizgQnpv1cU6Jppif1Ar3xhjMI09KP4Ui5b3Ep/61Kf4F//iX/Av/+W/5G//7b/Nd3zHd/CzP/uz/MW/+Bf53Oc+x/d93/fx4Q9/GICf/Mmf5Fd+5VeIMfLZz36WH/mRH2G1WrFarfi1X/s1NpsNb7zxxnOv89nPfpa/9Jf+Euv1GoAf+7Ef41d/9Vf5uZ/7OQA+8pGPAHD//n3W6zWPHz/mlVdeec/9W2KJJZZYYon3GgsAvMQSSyyxxBJLLLHEMwwuSdZAzRJMjANXsTJq6bnaWw4CzgnI5A/8xKT6fwaTDhN5dcIpAawzC1iZBIJqFC6zLlLbEyigjE5MUSyeyOQTkG2VRciVgZAAWBUwRjFGRyCgGwNWM4WU5PcqYNoslUi+vjVMasKbACpkdkySzFQrRXQBF0eMNTgyy05HTKNwuIN+qmZmI4osdgiBoAKqUXjvICSJaa8DRDBW43RKKu73e7RR9KGHFpx2xM4XpszEhF1nRkiTQOUpgsOjTfJAnRiYtE7SqCpkab+IsTnp3MKkNdF5RpcSqd1qxX63p2kNN/s+3aNpIIQ0Pi74LOOYJBVDDLjoGLcjprHE6Bn7JMH85Ok10zQQYrrnu3Fb5Gr31z1u7NFN9glWHgbQjSZEh1cRqy1N1zLuk4fqer1O0pCZ1Tb0mTHeJd9BlwsbYoz4DFSGzLqrgb5jlqmQaWKcJTmLXGRm6cjPAhB6Px3IUaZnJxwwpApI9jWeyQPgsmrTMevmABiNM8BaM69med/EMixS7vkZHAsiZg6SvsDBmtA0mcGTE8/WSiI8sYNsln30ct2YWVI6FRJ4WQsqyUnv/QGz03lPzIlj1CFw9LWYvxJ12583XpC8vQ+BxGfXwnq8YzjyAD9uRzxsxzGT7/i8z/4tf59n46AvUGSYhaF6MA7Hv1f38Hl9k/EClesM1Fz8Up1DH43j80C75zEngwKTEMUDoLie13Ucj/fz4njsX/RcHBx79P36ezVgXc77TL8EIJ7/Xs+DuU0yzs8+w+lzD9ETAvhpBKNp2g5tExiiKwa80qnIBRUILr8j8rmMEgAtMy9dJHpXAO/52hmwzqCMCgp0LkohYdIxA9vHqG5Mi8nhevQ17seLQoDyg+fp6Pl9v+L4ms9bV9/Pdj3vugIsWmtRZpYBbpqmWoebAsrJ/V2tVjg/pveyS3ska5pyrdor2E+uAKTCGpX3klKKru1KO+TvUgzW930BHYVVLIVC0gfx3rV6lmdOhTS5sKQCBgFiZSlSSziLdYiw1et1VfaG4o8sQOYxwFmPqfws+09IQHZj0s/jOOJjAsSl7/v9nqZrD4ozYGbx1v1br9cH++SaoVzLM1szK990Xcd+vz94L9bvmVSYEbGVzLSMj9itJHuLqYxRLT9dj1fdrtVqlfpbeQRrrdnv9wn8z/db9g4HxUSZwa2MLoBwzViOMQHmck4Bj6VP9fvovYS1lo9+9KN89KMfZRgGPvOZz/DJT36S+/fvc3l5ye/8zu/w0Y9+tBy/Wq24urri8vLywCP46/kFX15ecnFxUX6/uLjg8vKy/L7ZbMrPf5T9W2KJJZZYYon3GgsAvMQSSyyxxBJLLLEEbWZMkJM7JiebRNa49pgTmVkQ0EYXP9w6uah0wIeUXPQxeRgaa3LiSeFiwKrkZxtCSiiN3qGNTpLRMeC9sCVi9hLLgDEQVSQo8N4ltlv0uEQaJlqw2uAnl/zGlCfEgFLJp3dwQwYjKfKGWms8E1Flr1obmTLzNiigAWUTAD66AaUioQmYtmGKU5LlbCwhM12dcxjbYIzCudn3zGdQugYOvff4lB7HBZdBsolIYmuSGRaTcxiruNntEmitNM6PhOCTR2hMCV8XE1ivfUrsbsyGwQ0lUaucRnlF9C6Nx94VCUNjFW7nMjNDAMsEuGutOe9OeTo+xdIQVcBPnkZraLK0LJHJD0Q8w7gDoxmmnhADoc++eG2TGLLDLiVkdWp31BHT5gRiGMHA5EesNkQCprGgI6N3NJ0l4HFuTKxbY2cvwZz4bTKTyfmRVdcR9Cyx7bPkcLdZ0293THmOd11HCKEkRa21JZGqVQLOhRWNSpLTkGXCUWCSdKIkRE9O13gXi5SkHD8MQ/HAnp8vCkB6yAg2GdQ7BMyKly7HDOWa2VozblX5XMUEyLgYMJnpVLm/HgBkAOOoiidq34uEqHgsSiK8OZDClMT+qmmfkegUEB0oSfpV29GPQ8WSMtkrUNhLPgMOQ/HEbtsW7+f1KMaICxl8j5ntpgThSn0XgKxOzwomVgOLBRQKc/IbMrtW63JcYs2GMv71v1JcUANn5dxynKrudR7Xcv+YMbn4HExK1sP6+BeFymOvq8Kdw3NVoFzUB/NG2i99qaWfnwfo1kxagxQjcCQZfZggL/1QIdX0cDgHyznlWgUIEknxQ4ayRIgCAM1jVgNdvmq3ydLVApwetCsmyXU5jy5jcsxALhUjR30LBwUHqS8JuJ28Q6keZef3QoiB6GcPYQldxj35A6u8fhgrY57mvWdmIRIjSnyJhdwt7D2yR0D+N+BzcUS+tjZENXt6F29g/QcDOQpoxDyHIM9nxQHA/KKijT/KOC6qOf7s/Y4yv9OMhwzEmQycmgyqNsZizexpK3K8SqkClCbgMXG+xWc1OpGCjsTgiD6tkWiFyzYTISTbjbZJctJJ+SXta0KYpX4FDBSZY6VUATudc+z3+zKOVqf5pm3aF7rgcYPHWgFmzawuAuyHPp93JARHazuMNvTOoVSy4ABojM3zNK1XRapYaZxPe770vpnQGoJLwLXN+w7nxjLuwkgmRlqzyvu7GeQVQFv2BgJ8i1Rz2hsk9QsBmLfbbWHyyv4uhJDkpaFISk8x7SetMfT7LfWjtNvtyrMrAK+oitTlJTYDqn3fY1RS3XCZXS3S4H5K+zvP7E18qNAw+/9KMWJUiYFOiPiY3qsCbCcFkBHQuODpMqs3qeHM7/lkQzF7Ejd57vow4ZwvHsvvJd555x1+//d/nx/6oR8CEpD+oz/6o/ybf/NveO2117h79y5/6k/9KT71qU89893bt2/z5MmTg3PVIO7XO/7q6oo7d+68p/YvscQSSyyxxPsRCwC8xBJLLLHEEksssQRDGAq7BA0uS7o2usXHgDKKSWUpPesYwwiRLCeZQNfCqLCK3u0IRFrbJaaljrRty+AcmJxIVBGvZkm8xlocnkDAGpFUjbSrlpubp7SmRdmZlaw17OOAxyfQmAA+YDA5YR1wTCgU2jR4JgiJxRZaGN01fgqgI2702DYBxmiF2wY2mxU+J+g2Z6fs93vcNo3L5MeZ0dzMST5tDSGkJKhzE1obNpt1kSGuWdSN1cSoODnb0Pd9Aq8qpso4jgmcHQbWqwyUBU8cI6NzaKNYr9YMakBHcIzYztL7HT54goboUqJ2verYD1smJgJgMIQMrttgiQ1MagQibkxy2is80SdwUmtLUAGjDVd9YDJjkgE3FmUV2mpOTk642TqssYQwcdPfgAdtbUo2Q7ovMdK2HV27wmVvYx88/ZRkIxOgqLMUYchARchsp9SGaRqYdmMpOFC2mX04dZIyJurkkWwtkZktI/51Vql0r26uiVHR2YbBTWy32yIJKFKPwoyJYU7W930PSuF9SqCen5/T7/aEyec+tkSTJL5lznqXAOX1eo3VlRSnSf0dhjQeU+UfKJLL6XmYn9kXwRRfDzQ5/lwfIsfPHFMDPIHZS1UYoamoQI4fDhhWwpaW9QGY/SsrAE6S226cim9kjMlXUrxwu64j4/n0fbon63WHFdaktuW5ERl0FTWTT+eNCtzomZxjHJ/1vNWZNX3snyiS1iUykvk84OhrQUd/EDDrAGx9wfHC+K2ve/z3Y3Zvff2vxXI8BgWOQbnjdj6vf88F0KtuCtx1AAAgAElEQVTx+nr9e941vhZT9HnA+SE4r55pg0QNUh8f86L21WNbjq+adtzuei49c86YRL+Tvbojak8YFF6JD7wlGtBRE3RER41XARWSb7bBpOILZjZl3U5jLcY2aJ2830UJIBqNVgrdaBqtk9Rs9AUoBE3kkEWsBMGv+nXc1280jNKZefx8Jvn7xRD+VjGR6ygsT6MLoGu1YXN6Ms/RmArHlBQIVPLHJycnjJMr8rzTNLHZbEoR0zAMnJ2csN/vC2hrGlsATln3hLUbQmC9Pj1gsgrLFg6VWqR91lpWq1W5pngUCzgsXrDeT9kyJH2+Wq0K67dtW1arVZq/agZZ27Zlu92WtkufIDGhh2FI+xGl8Pl9Yox43mcVjiHMe7XK3kCsS3y2zOjWmzT/vDvwD+77vrR19lGPGaB1hDDvZ6UIrIC/MdLa5mgdnNeTZDmSgFIpEpMCthBCkorWmqZS3pAiNfThOikg+na7BZL1QogOHTVtk/2eM4vYNk2SltcarRXjOBGjR+FpW0NrFf04pIKcADp6gg80WmOtwhCIvkfrJqnAhAB+xKhUmGKMoR8yAD15VKqRS7L/Hrpu/Z6em2EY+KVf+iX+5t/8m/yFv/AX0FrzH/7Df+Dzn/88n/jEJ7h16xZ//+//fb7yla/w6quv8ru/+7v823/7b/mFX/gF/vSf/tP843/8j/nJn/xJnHP8/M//PJ/85Cex1rLdbp9Z0/7cn/tz/JN/8k/46Ec/Stu2/MZv/AZ/5s/8mffU/iWWWGKJJZZ4P2IBgJdYYoklllhiiSWWwK0Sk6P3fWKWZibRdtol+UEFwQbc4DDBJA9ZEoPHe0+bAVunU2LNdgbTNjzdXtL7kVWzSnJxIcnFKa3wfiK6JB/YrjoIgTGzC7zPiTVjabzhabgm7iPCmXNjSgq6kIBgYTyoCNM0MzKBDLht8N7RdR3TMDBOEx6PVUkaGA9+iITJoTObYT2tCcElQCnlGVOyzgcmnxLpxpjC0PJ+woQEiEWlMCvDbtgyjPsEpjcNGMBAe9Iy7LZoY6EJhMkxhDHLGQb+X/be3VeSLM/v+5xHPDLzvqqqu7pnZnu4S4pcYPXAgiIgGRKwhmTIk4AVgTXW4J+woDdYj7RoCIIcySLkCZAneRIEOYIAGQIoGZSzpEju7sx0V1fduo98RMR50fidczIyb1bPLmdmX4hfo3DvzYzniRMnos/n9/3+FIpoIspqGtPg8IzjiFEWbQymEUtQFyZcmKRWoCbXqIzoRot1dmvw0XP/8X2F7hEBd92qrZOyZQJU/gtZ1eIqoDNGFNkg5xmcnL82Us/ZpcB2u2WcjlaMQUR8GKPZrK6z8uZo5y01YXObRqlNmVIiBgg+YBorsNpajIYpT7iu2gYcWRHumCbP66sbdrsdU4TVakXwYnGcUpIJ7Vx7WFsLHO3LTdsJOM4qonUnYNLFUJcpVuRiXyiq0wKUQdR41jTVprKAZrE89KRZkoPWCWsU0ygW2mAYhoEUpZ/aXIP3yq5zWzVst9van0vSQanjWmoLF2td4hFGpXyDygTzUTn/AnR8B/iYT4DKdTpaMs8VoccarKmqtEo9cZWOylVRD088b/cVVAA01qKUpul6DocDxqiq6Ao5w2QcR6wVVVVrZWJ8dBMpFftRVy0orZG64I3RtO2a5soyOlFCuSA2meUfHK2xU2lOCggsFtVZNZWObRgVUrv4Amw9bd4TOvji8z8RGNWfBrqUazAD0CffnWQN5O1cPFLquZ0remMGFeV8f9Z5ngPkah09g6aXlMvnYLuAzUsg+fzclNCUF+dD3q84POTEhQtN/F3AvZzHpXOUuKyCLfC3KsBn56EAlIGYAU5Vn+e7Kkn9d2IiJg06kZDEJk22hE5HRbEA2jM1nQ8kHUlJxrFutanjiIwlCVWcC5LCWkmykQuhXwDser7a5hrTfzLoK0pfJeMTGXiXbaYL1/1PmSzwp41LiQDn+/7UOr+sYwJQRtwmVquOpmshJm5ubgBRhEYfav9VIE4t2SJ67kRR/pX7ZZomuq6rCUUxqWwFfgZEfX5/y+BxV5496Wgn3HVdTe4hHtWd0UvSTVGpKqXQKHkeh0AKksQzTRO2baX9Ym7HmDK8TYTgmCZp277vJQExwWG3B6iW1aUkhSRWTaxXHUYLCC4QVJIas6vNiV21IaVjjfuQRIWb8vkURwdtDUR590kKYggVQs/7wjQNFdCn6FEKeR80onAuyt/6HoC8U8h7a4M1oi72TpI0dHMsQ9G2LTE4jBVgHJW4HTg/gsoJS0nTWCtlQbTGKnlnKs4S1sr7XGOANKFL0mSMxDDRGEMKgRA0RIdKgd5EFB6rNFddeZ/eoZJHmxZrGpSe6HpIyDtGqxMxHuht4PPPb7FY7u/vue0bkhaXHeLEumvpupbdwePi9ue6Z374wx/yD//hP+Qf/+N/zD/6R/8IpRQ/+MEP+NGPflTr/v7oRz/i93//9xmGgc1mw+/93u8B8Fu/9Vv8wR/8Ab/7u79LjJG/+3f/Lr/xG7/B27dveffuHb/92799ohz+rd/6Lf7ZP/tn/L2/9/dIKfGbv/mb/M7v/M7PdfxLLLHEEkss8WcRKv0y3lyXWGKJJZZYYokllvhLFf/B3/yPq1qkWNW1fcd+u8M0FufGqlLYbDakDHBjnrqN8WhDGFKsAHEYhvx5yzAM2E5shbU17HY7sfZNiabL6r1hRFvD1fWap6enajUoaDMxDmL1N7fla7qWw+FA2zaM48Q0jRitUVpjtNiYNqYhpIDRmjEDvKLkcM5VNYlCbPOcc8SsHi1goWmaWtO0THA2bZ+VIBkgZRWNsZb9fg9KIGJjjjXarLVcX2+qwqBASms1xgg8Xa02PD8/k5BJSh8EnlrdZAApn/edwNtpEkvirmlxfiTkyV9rpU4tUSYKfRSFTUqJvu/Z7XbV5pC8zQLFirrHOUe3kvPUnNb5mwax4u1XbQatuk56TtNU29YYU60h50C11AacKw9TkhrGBYYqpdhsVmy3WwHXXYdOuf5yVsx0XYdPkZQVONpKu6SQ6/+pWM8zhIBOAlyjoh5LSonONllRfLTILdBGaw1JQKTAW0hJ7pcYdJ0gN8YwuimDyo4Y/bGunz5uM8ZY6wgrLYkIc4Wyc46+7+s9ejgcSEllFV8BwVSYnlLINUI9SekTiFfBzQUACbywiJ6DnxPIln8WG99Lqs/5di8BybI/jK5AsVjaln0ao3I/aU7+bppO+l6S+88FXy26D4cDXdNWNdg0TWw2G0AswAUUpLqfUnN7fvzei+JL1MYNz8/PVTUpbSyWqZfUrSl9ukZwLIrJ/Nm83S79fgkoz1WXnF3PufL3HE7Nr+X5+b6Ick6cAq9YuN93zBzM7+PzOAe9cwhazudTStLzNingOKWXtY/n256vX9pgbkN+3g6X1iuf63w95/tLKc2smF+ukz+o35/UpC47yeMy+mX94kttcCkqaNcCgM/bw5hGbKWNJSlTl1VqVoLAeYIbIUopBZWSJBMlfVILugj9y3OfeGzL7zrGlBMIiOn0flHH6/rJpIVfcnwqeeNT9+h5IsIn76U/ZQhUbei6jtWmz8llkevra5TR+MlVhWrbtjWZLeRnyeRdLYGwWq3qtS1KVICY5HkYIvU5U/YdQhBFdkq5PIaAVWst45QTvvI9VJ6HKlHHR5gl4pU+GY9lALz31fJf6VTfvcbBcXV1JQ4YbsjLzOyI8/uo9x7bNifXo0Duxsr41tiOcRzr2N51XYW/SinGcazvlEXxHHPJjRij2PXn9p2mqb7nlPe7kphYQhTL+Z1CS9kUpcR+O8ZIY1RN5JJr43N7SMKeJN0FNKaWTnDO0bQGbQzT5Fn1LW44oDS0Vt4LQobXJt8/xkqbTKM/jgVw8m4XnGe9ari+uSKEwPPTFhd8rlks78IpJDQBYxOv7q65u1phrWYcBprG0vctDw8PbHcDfb9GEen6nmGY8EHeNx8fP2K14zd+/ddwhwPv3n1N0/U0XcfNzQ3f/PTH3N5ccXt7y/7g+Obb9/wv//f+F3IPLbHEEkssscRf5Xh6evo3XndRAC+xxBJLLLHEEksswfvxa9rUYjOoJCbYK4yVyeugA20jk0TjNAoMNGSYKIpA7z1+8GhriYNYAE5ewEuvVjgcNmT1xmEipEBIWT0SBXQ1a7HI+/bjB8ZhQGvNYdrT970oVozCR0+bweYwDOwOO6y1HIaJxnbYtiE4j1ZgG6lTO40TIUWM0jRdixLpKTElYkpM04Axuk6mjZOv8LJpRIVp80RmmRgMMaKyosZazeQGiAKKSYm2aapV7uRHmfhTiskJGJdJRxgmAaPRJ0wQiP78/MwwDFKPNk/MRtSJarJYABbQq3PdZOeLatdWoF9q/xYVUPmsQKpxHCugKCCzTH4Wpe2qE8tmpVVV8pnGkgDnI4mjHWSMPtfxS9UuEajHUyx+bVssEVMFz3CESU3TCFA9THRNjwueYRzlWmgjgELBfhzoVyuBwAqIYl9dEwVMVg4pizKGmDztqicGcl8WVfLoZKL3JquWwuQIWWUzThOtFTBI8GgNTdMyeodCFElGSX9ubZMhoGcYBpquRVtFikcYVWoIbjYbtDGMoyQCrFYrNIqAJzhP08qxpegxuqHpWmwrkLMA+ZSS1NVzEedHfJ6o9rmWobRwqIqrc7xyCbjMYeELSKJihoTHz6KqlU9fQJ2qKp3D5HicTA8FqOZ9ZoE5Sk0nINroXb0HSh3GafJoPVS7zKKYNo2tfa4ci2107n+KvmnlGmc47zL4tW1TrUs32QpUkgpMtW8v96DWutqElzYr2yyAQa5Dtt5Ntk76A6R4Wtv1BWiaXxulOAe4Kt8nn1IGz5f9VLxQpV6Ic/AbM3gon5f79dw+u2y3JAyo3EYFYCd1HEs+FZcA71FhmM/h7HxSjNUGuoLplE76X15YtlcgcTmW0r75X8z3jD5r7/P9zn+fw8KynaJoroBMgTLz9oon2xKlYqqff2pfMYotNBnWFkgHokRU0RNtrrOOQqsepQ0Kkx0WWoJpiH6AqNFACD4ftangVqmsxk5lXCnHfprYcB5Sxv6lWj7xF8N6+U8Tv2jwOz8OraWchtWiRi3PXh2O44vWGu8j47ilMQqTHTxKCQ/nJDEvZSthldIxkU6ZfL+JU0dw8vP6NjtoDGPevoxXzkexBi/XLIoytl31kqA1ZRVuHs+sttkpI/fbBI0xTGHCeVeBf9u2NZni+mZTLSJa20GEmPuTImbXidz2IeZntaiM26aXPqQ1+/2e1OZ6xConzuUSE6aHECKKKKU3opd7PXqM1qxXK6ZJynA0WsZ5q6BvjSQ6BknGkvdCTwHUjQKtPFZ5IEmCoFYopbnqWsK0ZbNuIU05gSRfPxdotSEpaSuXE0FaFFdrg7UaFzytVTSMfPa64WptaEzA+8R2L8+YX/3hD0hxAiUJdimIcnx3OJCUZr/d0fcWHwLeJV7fNGyuNEpb/ugn91il6fuWECSRr20anp4+8qtffcFq1XN//8jDxyepNaxW+K0nHbb0Cu5Wile3d7x//57hcODz159xGJ7Yxz1ffXnLmyvDN4/3fO91j1KG/bjFuMTaerYP96ggCQDX7aJHWmKJJZZYYolfdiwAeIklllhiiSWWWGIJ7LoRa9RsMdh2Ag89KdeKFQWi0QK2TGfQBp72T7StFYVDJzVto/LEJBa8JgMXnyaiCqAtg9vTtC1Nr/FTQAEuZKWJy7VwiTSdrZOaKQUIohyJITFMBwGxWgDi5IZcA2/MgAWi9wzEqujzw4RqumyVGKvqE0CR8uQ+ta5cUV8Wa8XyeVFCm6xQLdbLxhhi/q5ApTIRGjNYtUbh3bHOrLEyOReiTDBOg6uqlgK5BDAd4UNRjRZIW+BujBDj0dK5gAGBZFNdZ7Va1XOSOnw+t3Gqxw3UdiuTv23bEn1W28ZQJ3qBClrLfpUq6xwnpzebTYXBpdZfgdAgls5F9VvgewFuxV7ZNJYQBOqlmG0H2xadlbZlgrxt2no+Simxd8yQx2S7w2EYMFqgYVEFlvX3+71sV2uMUkx4dO4rTdMwuYC1BqUMXWeZRp9rzh7rERa7y67r0FaJ+tw5VEz4JGqoYksZ09GWOoRQayWjIlo3x/sgHm2tSx9NWa0Xo6W9lTZVGTwOw0QICe8nfBSFcAgBXy2PX6pgz38vcQJ31OlySasKueZRAOj5FO85sLykJp7fa/XveKxjWtWgGZwUC3hrLbZtsCSex6neh00rwEsZUTaGEHBTqIBd+tvxGIwxmEYSB7puJYkTKnJ3d1frNFptxLrUlL5j671yOOzwPub6kOWebnLyxUhSYHRT+/vcttXnvwsArm1flJMX2u67gNSnFIwVRJbvZsvPlcM/K8r25+BxrvT81LWf/30OTc/jBKie95+Zuhao8FdAdcQoBQXkl2QEWfniMZ23x3yZ+c+ijFYxHUEzL/v0vI1OzvfFXi+30fzzS9daU4D66T0jbRaJaFSMRDeBsfSmIbjIFBLG26zmzP0vBM50yhlWR1Q6Vamf3/Hzc750nJ+6rp/qI3+WSuAS5/s8T2r4ZYZSqtabLf+KC8b8faKMV1rL+GQaC/maFyVpCUnEkzGm1Bcu40yx69/tdpLkprMS1UdCinWfUBSn0g7jOOJGcVIRhanJz/UJaw0hRIGrGJRK9Zy8G/NzzKOVPLck3SDmpCJ5Po/eS51Z1UjZhNbip+J8sadvsjMLI0Y3UrKkNcQ40JqEtgZjwI0jSitaAj45dEpYY+s1LarXyT8BkU3bsV437HYHGu3YdKKy1UrTtHA4BKYASiWM0TS6ZTg8s9l0WK1QqiMlmIIi+Ilf+1u/QgoTT9sD+8OBm5tb2gzpn56euLu55fr6mqftXhxSoufVq1dAZBwd9x8euHt1Q/ADtxvF7fUK5xy7XeD5eYfbfUMKE1e3N+z27+X9w16zMgEXPK82hpS27IeBlQEbA9sP34LRdARub64xJjIMjr7XKEbu1onnjz/l4X3ATaADjCOsW1h1hubacnV7w/39PX/0/z9ze2N4db3CHZ64XvfECb7+8SPK7ei7luhHebfdDTR4btY93+ylv3VNS/qEa8QSSyyxxBJLLPGLiwUAL7HEEkssscQSSyyBtS0pObx3oiw0uRZqtqHte4GO+/0epTUhOrH7VQJxJzzr9RptFTEmQozEpAjBZ6Bl6fsVKQk4rUqVgNR+zZa2BTo0nVj52QzIQMnEYoxodQSVykit21CP2+SaaQL4fLbWq7Z+oyhv+74X+848sTpOEzrXYd3v96zXa5QyWF2sE1NVYZYatwpomqIc9fhpIvrEarWibWWScRwGAVNa46bA3e0140HRNS27w56EqF7X6zXX19fcu48VBMLRpjEhiixtAuM4oFEZ3haQl8GtsjRtS0qHk210q75O4Ba7ae8943hUyYqV8oqiWG7btrZz13XyuxEIr5PYLk5OAGzf99niWqyICwDW2lbYK0DAkFKo1/p6cyW1DTna25bj7rqu1rQjWzgeLYJb/OSq/XVnelJS+Mnx5s0b9octPkwYW1Seib5fM+wPAhC1YrXqiV4AcciqTlUAVpL2ETWQI0aZLDdNn2G6YfRBPsvQdq5sLhAmKVEito2AWUOizbbdKXqsbYkBhmlAayuK3hCJWtP2nSi/A4zZ4tvl62Wg9kNJPJDrPA4uA/Bcr7FpUb1mmkwFMtM0gc5W0jEBulofhygT8TEcAdWJYq+CSF0VjHC0kC4fHBV+Gm3EZvNkuQvgbQ4jS5xAvTm4O99OAJfV22pysD+cgAutNW1rUUqup7UtTWOIUaBZ07QZ4DnaDGlTSgQvLreHMORkhMhqJePlOApQIUmNTblXEiAg7XAYM/AtSmmx2hWFmCQElEQHraT/j2NJfHBZqS9jUrHST1HVflUsqefKTPL4GdNL2Jh/kR8zFWq5vnOL4/m1KMrYMg4qpbLyNytYLwC8TwG98+O6tOwcfpUxoS6f+2Q87xf576iOClsQcFNh7GxfdZtZ/Ts/pnk/u7Sf+fEUBXRR9larbE7r/Z63xafB5kvQKNfmZwB+dbr8+T2bkq/npFNi2m9JGealaIhZhZxCFPcEXl4fbbL1s06oaJjrn6XrXTjPYlGr9MVzLsrg0o/m+/vzij8vRfL8/EtyVUmoKslTpvbnREqBpDLMxNSxpABi5xzWKDCGOOUkn/wepGxOnMlJWONhkGsRPShLTJ6Un2dGkyvMJ/qVJC1tt1umaaTRSpL9kIS7FCMhBUBjjNQMH0d5hmsijQGVPCk4qQlsNSpJ4pZVsi2dAlYFdKOxyqGNQjHSr6A1ME0Oa7OrQkrYpsNFT2cDjU40rdgrD8OOpktYFbm9arjadHx82OPcQN/3bDYd06TYbres+pa2tex3z7y5sTxbgcVvP+8Z9k/cXK9p25bnA7x7957DYeSHP/g+++c9e3Pg7ZuG129e4SbPT376Ld98OPD6puPWbFlvNGsz4a8Nh/1HOla8uWlp/YCOnu379xir+P7dFddX1zw8fuTh6UDbtnzx2gA7nocDe1rUdCCkyDAlYpggiAPF9umB4MFqaHXAastIpLGKb7898NlrcVJ52o84n/j8tuP1XcO7b58ZJxkvow/0bcM0elrbcBilxMQ0wapDalHHie1uj3t/j5vghz98xTAFfvrTJ0KAzabhB99/w/sPj7x/8Gg8r+9abu96rm9GvI84H7i7u2K7P/D0PPCibvkSSyyxxBJLLPELj6UG8BJLLLHEEkssscQS/K1f/7cFNOwPojLtjvap5XVxs9mIai4rZ40xtFbUjsMkFsd931c7aAEbAo2btqdpGoZhX+1vvfe4sYC3VCfbBdbIxCR5MnRuG1gmt40xaG2J0eNynbuUj7mAq5hEfdJloFxq9BYr5KJO1bnmatd1UoOtke+N0tlSMdfLSyFD4gGAtpOapKMf6ZoGhclwJWV7WAFfJit1S606oyyjm1iv1zjvCdFlQGszCBqrsrdtW5wvtfvyJG+YQY6iZEkJHxKvX7/Gu7F+FkJgtVnL+ZdaerZYth5VewKGZYJXW8V6vWa/3dX9iI2k4eb6mv1+L/X0MqAqNWtjlHqtAu0jTdOdKOO8jxls+dp/YhS10SVFYqndV/pgaZOq7k2igp28fG5UrvMZXVZK6qquXK1W+EmAe6lJ2RWlcHSiqDZttd723qOSnLPPNfcKGP3s7ed473l6eKyK66Kkntde9NGJpbMSu3KrNKu+rSroZCzBJ5TJ9tlZ6RySJESUmo6mEcWq1U2FgcUe++3btzw83uOco236XItZlNPWtBXEFMg/jsd7tXxWlK8QxQlgEqDtZ8rU0gcKKIRTWBOVKCFLyHVSdbsnQHFeD1WdqwpPIdY5BL4Y6VTR+l2K2PnnRU0Psd5LJyAwxFpPsSQwFNW21JH0J7bPxbJXILNFa3tybtWyu1r6lnaIWTFerNJz/02nalpFTkghvFgfqNAmpnS5Dc7/1/9MEfypNq7K4Ist+t220xcVu/+GkK2sFYoFdNlOGRO4rFw2vIS3lxS55zV9Lx3zJZvrAp0v1Uq+tJ/y97wm9CUofrw2R2eGc8vvTx3npe/qNito1lXlqZQkg6QU0GUcrokepb8WkKhPQD3Ei+C2AGB9QetckizkfrgMgP+8p6ouXbtfFiAuiSrlGVI+U0qxyiUJjNJV4Vtq3ILU3p0nIZUxqu+amjhSgLIs7/LzLAARnUp/lL+VUrSdFbcKH/ExYqyis8ekshQFGKJirk+f6FebbNccUUYTvRyX0ZIsV57nAq0TWgW0BoXUPvZhyhbxpsLnxiS0iqzXrfzsW0YXcoJTw/3DE4/PE6PzfP+Lz1ituppAs3vec3Xd8cVn19y/f8fHxz3X19cCvccDyct7nfMTr17d0uXEveEwMRx2NApRABvQFmyz4Wm3o7fwa7/21/j663eEaWSzaZimkZgs+0OgXd8AkTYNbNaWEB0xKX7yE8erV5ZXrzY8PDySMGw2G/q+5ac/eU/XgbEdH+5Hus5yc9WTtGK/jwzDwHplpb59lNre3ntWbcObz+7Y75653YhC+Ol5z7v3gR98r6XtmqwCD2wHx3Y78vbNihgjT9vAdufp+wajNatWEiZ3ux0Ab9684en5ETdOKJUwwKtXa2zbsd0fiM7z8dGzHeDVTcvVKjI5j+027A4DrTWoFNHKEwK0jWEYArpRGNuz3wZG7/nf/mlgiSWWWGKJJZb47lhqAC+xxBJLLLHEEkss8XNFChHbGozWpHiczC0/27YV4OcEeJS6hfs8oVgmpUt9XBBbwevra9quA0QJYpQUFXaTTPT5MKF0Q3Qycamzam+/H1iv13gn9YZVVrWtV2LFejgcpDZcmqpSESLWNGil6FcrDodDtcrd7/dSM9QI8JucAD89m9Qv5ysTlJ4QHCHDBJ0nzLtuVevlKq2rurU1LV3bZ+WfKF5s06D0cUK27LdpGpTRmGgqnExJ0XZH1bULE9rKBKpzIy5byRrdMA4TKVs7C0iXtrfW8urVVd6GqHBSkm1Pw0jIkLJY3Wpt0Lqcv9QRjtELCPCWw24goYlRrIhDiuDgw/1DbiuqsrdMLGsSKhWAZhhHl/uPzTBD6iUbs6qAvsDfonYu1ta1jmCGlEVJFmNE6UTbClwb3UDbSn3qKbgZBKRaZ2uVCH7CZPtHH+R4m1wnWZuj6nG1WtUEhwT4JJPX0mYCPh4eHuT4Y7aX1Zrr21tMVt4WRWjX9jSmJRGq5fN2J30RY0gBJu9oVJP7Y6KxHW4UqNh2fQW4oDFaFO4lQnS8+/ZryOD4cJB60iEr7YMP2Vpb7s0YJZFDKcWqEzVz2zVSMzKfj3bQNQKpY9fUMaDUhiz3lIDPlOto53FBHRXQwMUatUC1fZwndJT4TsBypuZUZfkL8CylVMFgqdmoMqgqStYC0623xfwAACAASURBVOc1ai8dR1lGc7TmPjms+puv5z+5gFJTXV+A2ktL5HL+0+RPwOO8hnCqbXhml6lOtzUH60krVDoFli/UoWfNq3Ibl/as2yrtcXZdT85tdj4n25xfz5ReoMDvUsTW858dR/l8HuV7Q+4L6fi59I9Pg201Pz+O/QZAz+DuyfZm65c+KcrodLL+PIr9dP1mluBw6dhOE2I+rZQ/TZAoCTNHC+hLYF/V72JVbRYADJDqPkLdXzmO77o/jxWB835SUY+etQUCfUVIfmo9/hcpPgWlfxkQuIy/4zieJKEAdVwvCSXG5O93e6w9bfWSGAeQsvNCyGOAyfdtCI6msbRW0zYCiw3SP/uuZd03uHEQFfGqJSkt6yjPZt1hbYfREaLn889ec3//XkonHBz9+grnR8ZxoDWN9Ek8V9fidrHfD/iQMDpyd2PxfsK5SN+bmqC33e2ZfKRrFJu1JG4lt8eqyDSJo0kgsH8asNHz+grcFLhqBx4+fM2qtxAcbfL0XDHtPR8/fMQa6OwaqxJpckSV+N4Xd4zTAdsqts97np4OKCV997Mv1pAcJE3Xb/j62yd0hKt1x7c//THrpsf2N/h0ABRGW3F78fD09Mz1Cpx3aANXVw1f/coVh8NICI7NZs3Hhz3fvnvie1/e0jZgzJrtbqBpNHd3d4yHZ3yEEAzOBXwDd69u+PBw4P0Hx2oFbdPw8XEg+ch0+CiJnFPEttCtN2y3W779dsfVreX27oYP70Z23YG2bdiscoIYlsNhxE2Bcdyz3hju7m74+PFj7j8Jo+H2bg3A48OWoCytXRPTE30Dzk9MkziThBglGSwGlAE3wqtXN9lRyDM4h1UJlM8pTUssscQSSyyxxC8zFgC8xBJLLLHEEksssQQhBHa7HTHXXLW5LmYBcuV3yHaTeUJ0rkRJKZFCZD/tq6ro6uqKcRx5enoSWDdJTc6uF/VCqUFbVFt93/P8/FyVokWh57PCbr/f02XVbdu2DOMo6obxgNZSs1cpJephRB06B4oxCrzQmpN6uDaDuwJIi4KGlKqqeZqmCmw3V1cn7VfqxU7TRN/3JyrL3W5Xv6vqnSR1PKdpknrIGSYX1WtZbl7Lca5sK7bN5TyLrfJ+f1RYl8lkAcJjncR2zlWF9WZzXc9JagWHPEknFt0hfw5HWFEmqq219TwLjCYK0A25HZ6fd7XflDYt7aiUqgqn0u7FurIcY1E0FQBR2ygD9mJRPQxD/W7+r6iqunbFMAykeFQIHtWvAcj93A3V+hpAG8X19TUgCQ3GSD3lw+GAUbpeA2stLgT2w5AVzkdF6eFwIKaj1XZSBh/FjhNEsb19esb7CVvuowzEi4p7c30lNa6Ho7K773ti8lVZDNA0HeN0QBHRShORWs6T8xkAKIiJhNgWVyVy5hnejRl8S9sVKN91Xb3+TdPUcwtB+lYZJ5wLFayCgIdaB3te669AKY7w7RIIfgGvPgHYPgVoXqiHs9JNfWLdakepjopnUZRnYK1UZq5nkDODlU/B3aOC97jN+XlVJeTss/Pzv6RwTmf7OmmrHKX9z78739/5cZ9D1k8pVM/j/LPz8y/AvmzjYoLAWbv9SeISmLsEbi8B6nIM8+SBlFK1hL+kCD4/17KN831+V3LDdx3zzzqPy8u/vI/mDgyXtivXunD/VLdzHvV8XojIVV73eF99F9CV+/f4ezm+XwZU/UXFL/vYLt+D8lwq10bGUEkokceTJHfJs+xY377055RSVXIXJxS5/xIpRbrG4DQMRtVn1vWmxweDG6Veb9euiNEzTI4YRl6/fcM47PAB3DSw6Rq+/vrAq9sN0zQxjXuMVlxd9aiYcNOB1mqMTpg4sH16Zr1e8/HhCdtqvv/5X2MYBn789Ufev/uISfDZZ9fYNOGCw5iGBsPkduyeR968bukbyzQ88fDk6Dv47Paam7sbQog8Phw4PI00aeTXfu0HTJPnD//wG5rkuFmDcxDHZ1arayadiAZe367ZHiI//elHQoB1Z3j95hXeybGHAMPkePxwz2Ev16a1Bmssjw9bDiNsruDtF2/5ox+/5+kp8ribWK0gNPDDv/EVpJFhmPjjHz+wWXc8Z4vnVdfSWnluJgzv3u9pW+kLHz68xyhQxvDx4yjqYGPY7g44F1ivxWp+GAYeHgJKw1ffu8NPB5qm4fVas33e87xzrK57Hp8GumbP69dSasLYdX6XUISYOAyRrrPYrmecJh4eDyhlc5kNuLu9YpwCpml4/7TPrjUj2liuX11xc7VBAff392x3B3HeWW/ouob9+MjHXWC3HVmtO1brjSQNWk3ftS/6/hJLLLHEEkss8YuNxQJ6iSWWWGKJJZZYYgn+xl//9Qr1Sq3XAn/W6zUow/PzM+RahM6PdNlCFqiwMmalZrGn7fseY0xV2hWQUupaFsA6TROoI3QqEHPM65XadmUiu2nbbCk9sFoJ3CsKRIFRrm7HOSdWy6XeZrZZHMexWvPOp72ttfgCXpGJ16ZtpQ5unigtE6z9asV+v6+AvG3lfPe752xpGGq7zttpHibXLT5MIypmVakVOEkUq9/9ICC1MTJZJnV2FWhVrZDDrO2LtTVQAbvA1CZDUeqE8fE7U6G71LmVfZflDocDSokldVE5l38Fbl5f32YLwWcO44CfXIXsYpkrCp/dbldtmY/20bFC2dIPvPd0Xcft9Y0oTzPUbhqDbjTeR9brNdvdrio9q5JVa/q2q20RYwSdsg1y7gsYmsbgsiI4BbH2Ledf+u/oMrROR2gh/SxlgD3V4y7guYBvpRTaCOy/Wq2JMeKcq8voxhImxxR8tRYOUZQ0xQLaBWk/lTTj4YBpTbYGz7Wz83GHDGPb1hJINHbF5B3OjZDSSb9o2xafVc0lQUFlK+Iht08B9VYf7TtDCLWObQH6pY5tDHK+k8+W5LPEkaJADiEQvauq45QSIXJyf5d4CXA/AXeL4vMCpykA5BJk/qSa7+zzS7Vry/hQtj+PwLFW7gnILcedPzP5WpyopmfAMRYL3XQKwc+XOz/u+Xg2Vzzrs3N/sTpzKHi5biuzZebnVj7/FMybn9/5evP4LmD54jguHPelY50nDszB2By854O8CGw/ud3Z/i/1rbml9Pz7n0/xGk/a8mgDPge4p8dZxsN5s84TDY7Xs2qsT+B1+alRorLO+wyUGvS1x56c/6U2mf8ez3rwHMB/Vx/5Kxc6358c64MLqM1qbmXqO4cqy2oNMY/DhGoRXdq9jLshBELKDiuUax2zs4m0tc+uGo02Uq8959gUdaZSkgzVag0qklRCKbi7WtNYjU6RQOLp6UDfN3z+ekPfNhwOjhg9rQVrxBq97TTrVSt2wIeJh6cnHp4DGnj7GtarBucUH58msYdW8ObVGjftuVr1xOBJKFbrnq6x7IeRP/7Jni+/d8N2u8c5T2Ph1c0N3svzKcWJ9XrFat2QouIn3z7y/AxvP+v54vNXPGwfSSnx8f7AetUxTRO31xuurq74+uuvefcefvDVFb1VPG+fubuR5/j7DwMuwtvPWg6Hid0BvvziDR8fn2htQ2MCtzcblNH84Y/fs91CYyF4+PLtii+/eM2/+Bc/Rmk4jPD0DDc3Aqq1gr6DrlMchoQLkCIYA0lLEtbtdYtzgd0Ah8PAF2/u2D4/sFobvvrqK+4/PvPwtMMHzf39nq++v+bq6op37x/RpuHu7ob7+wd2Q8IHcRBwznF3K+/LxkpJDO89b17f4Sd5H/fJ8PHpibbpicjz5vHxmdubK6ZhpG0tm82G/X5f3/N2ux37/cT19YYURq6vr4gY7u8f+Cf/0v953HVLLLHEEkss8Zcqfh4L6AUAL7HEEkssscQSSyzBX/vh36iq2mLNXCYcu67DNlIbN/pA3/f46Kq18TAMFQKFoijME5Dr9bpO5h8OB1brdQWMKSVcBm0mg9kCnAo0LYB2rjosNUiNMYzjWLcvSkWx7w3B1eWLZXOpLVy2L3XsjjUzY4zV/jqmJDWPc+3dfrVCKcV+txMgu9+DUlXVWiar1+srqS0XY1ZopgplS221YvFY1i0TtaN36JTr/uVJ3taK8vJ591RrwMryMrGprQDcxtiZnXSq9YwLDC7gLsbSTk1VzJ4r14CqLG7btiqiS52/otQt6xbFrPSVVbYIF9jtxqlC5LL9YideQPpccV0UuXMI1HUdVpu6rHOOFBwuOqrlMKWG4rEdrLXV4rn8L0+3anN9O+kLRJlIn/wogN95adcCZ3O/Gd1Ua/SWvi2217lGZi76WWq8lnYrIFkbmWjvG0uMMAxDBaoCx02uJS01emNSbDYbdFbiHsaBlAIag1zEAhIzlHW51rRKrNdrrq+v2Y8D2+d9rq9ZYFRk1XYMTsCsD6leU0ngyPdfOiZ2lFrNJZHAGFPBTWkHo7MCMiODUsO4uAP4Sa5Jt1qLUngc6naGYcgqpKNifZ5kcQIY888XYJgjcNIzqFq+T2d/M9vORcXl+ff5/n5R4/UcuBb1XbZW12f/pz0HlmX982PW2e4eqPtT8aX1sFih68tgcbZcAZ/z78+jtud3gNu67zNA+qnphDlELu1yvv75dj8FlT8JovPPc8B/vv6ldqnndtau5+dctlcg6kW4zUuV8Xy/nPe5+boXQOl3hRzbsYb06Xo/C5zrF/fB6dhfrpF5sYzWGpXIyQimAuA5tK21qC+03/k1/C4AfPmc/+LEd90T/0aRB4rynNPn1u659m4ZE42R6x59hsK5hnz02bli9vxMKUEen01+Xuha11w+91GeuUYdE3sEGB/3CaBSvmIKlBbLbyWbx1oIuQtYJZ8rA20r8LfRYqmeYmKzglevbnneDTw8jKw3HV+8fcXra03fax4+bnl8ema9kpIbt7dXDIdnWq2lBrAfCZOj7xqmyeE8rDZXUk6hMaTomQ4TMci5tm3i1d2GYb8lJMWUGrGhVpZxPLDetLhxom0tjW2JEZ62e3TSDC4SInz/+59jGBmHnTyrnQe1wsfAzU3LYfvMfois+jXRi1I7Rc9ms8Gj+HC/pW2aWjZjt93z2esVm6s1D48Hnnd7rjfXUhYjJJwf+OxuQ9/3PO0d7+8fCV7x6s0b7j88kAj88KsveXza8uHB8bw9sFk33N2sIcl7+MfnA7bpWK9uef/+Hbe34p7z8DBwGAM3Vz1P24GEYXIJFxJGJVa9ZZo8+0nU5m0LBHn1yHkHOC/DWlRkeCz9IIRZQlaU+sltK+tOXvpG38mY6bws//XzX6z7e4klllhiiSX+IsZSA3iJJZZYYoklllhiiZ8rtAFjFYlAIp4osA6HA11KVeEbohGraOe4urpiGkdCCDRZpauUwmboV2xsQ7Y9DiGw3W6zwkVh2zyxGQT+GK3RxuCdq0q3EEJVjxbgVBRffddlkJuhrp8qeAghSO07pbAZVpOkDq9zokyNSjFlu2GQ6WubwfI4jhW0lPMq9Ye1MdhiaRw8jTZZRTmI5W+QmooxqWpDvdvtSAFR7RgENsfIlEGs5jhZHlys9tgFZq7Xa8ZxxPkJoxuUtqikRJWsYlbhmqqaLce9Wq2qpfJut2OaHBDr9owxbDYbDodDhXbammrHXCbvnXMkBdv9jnW/ous6jDGi3kbj3ETXRSDivfQh01iSAjdJwkBRXldAYjQu+GonHX1AGVFot31HCrHW1NVa14lqmYDM8D6mWre3qKtTErBI2wFU5bcbPUSFaRSbzYrxMFXVrVKKrpPlfRSVq7YF8Bu0NkCogD6hOAwC8/t2lZMUZFtFce7GA13biU2ztexHURKTtIBZHXEx0JsepTTeOaxpabq2tquooJRMrCqxpbVW6vFqJSro0p77YQKjGQqwTokUEyH52v6HyaGVRWEw2gNKaiSngDWSILHLXpcahW1E8S0KaoVJEZUTEDabDdYoErkmtjvWBLfGgDZEHzCNJTqHG8Uausm2j50R2/DVasUwjdxcb0SRlhMMpmliHMejVXUFScU++DKQLNCWDO4qjDsDNS/Azc9QgF4Cv3MFae3XRfn7UqMr250vewYs57BMF1R4AVrPQXE6O5563PnfC/DMqUK1bn+2bt22Vi9A9rxNvkt5e67ojEqO4QUYn+3/ZP0ZxDpRql7YF1DPp4Dxepxn2y+13Zkd40lfmLd3/lsb8wKo18UvtMMcgF9Stl7qZ3VdlS1885kWZbtKBfiW5V+C2wJiZT/nyt4ot4WCmKIklJytL+sVO/3zqr4y9ioVpW+n8/Mu1ubH6/ZJeJ/vz3no8+s2+/kXKX5u4Hu2rVL7NmbXFWPUSSKdyk4QKkGKiZhidUUBMEpUwz47XMzfWUoSk4/HBB6tVU5gyupwDColdAbJZQwuobXJ10tcBCIQkicEsFajjMEh9W7zY0IigHKiWiU/v2IC8wTm/SNKCQBcucDH7Ts+v1ux6hv6viWwYgoNq6sNtlvz8M1HNn3L7ZtXxP2O7faej4+OL7+8piNyGAfuHzxffnnNzc01H8Mj37wfWPdwc9VCiKxXN3z4+IS2ns40/It/deDmFr788jUP/huur3qen3aMQeEjvLq94do0fPvhkd3ugGGksYbtfiQkGIYt2x1oPfHZqze4b59Zra7oTOLb99/StD1ffyuW2dZC30DXJtAtisTDo+P+4QN933G1XuHGPW2/YQoeHxURS8Ty4eEJ9IZvH55Z37Xo7paffvMtnmcOU+Tb+wMJw7PT/PGHJ7yLKC1tO/kRpd4B8Mf3IynJsWsNP74fCEEcZeSdGqxVpK2Xa+wBI9eQQLUjDxxv3ZPhaPZZSogjSAQcVc09AoeB/D6dODPEWWKJJZZYYoklfgmxKICXWGKJJZZYYoklluB73/sBfd9XUCbw6VivUpf6v3miskxOnqs3+74XEJdtbkkpW9oe1cTe+xncdWhrsEZq0sZcr7eAvHmt27kSy+SaswqZNN6sr9ntdjg/VqVWAZ5d18kEqPc0jdS2nZyrCs+iLp6fw36fAVhWwxxr5Apg3lxdkVLiMAmcWrXdsW4wQBJomdDc3NzU/bvRC1jWR6Chta4K6DJxe3MjlsfPuXbyatOf1AP2TpZrcx3cELLCMitwywT+arWqys1U2/zYxlXRmfdb9tF0olJJ4aiu1lqDVozjiNWmtpOogPusOm6qZXJNBrAWP7mTv7suQ9FW7JaJUpPWKNmH1hrTWNw41fqyRTUt/ULn2r9H6+WiCC/9pm1bgvN1nwV2i4VxVr06gdQF0hOTXHt9VEEV6+ymaZgGAaHO521FstK4zRPmsfZxrTV+GmofSykxBU/KquMjqIwzC3WpW23bplq2Cvw8WjGnlLCNKNtL4kNpmzHXxG7arIwu3+sZCFWKFKVNUPJZAfMFAI9O6gN3jZxXAeyjE0Xzqm9rm3rvQQlcduN0Uv+4KIAn77Ll6LGWs20biEdb6qJEa5rmWKPZSd91wdcxKcZYAbH3sSq+CyCJMWbAlU7A3Fypex5F9VYte89B5NmyBUxWdSMvodA5AC3jyc+CpaLA/hmK0Nnsezn2c5h8SZH6Yr9lc2d/K3W0658rRC/ZO58DzUvnNwfAcAqATwDi+XX6xHU7P5NzxbM6U4HPDuRke+cK60ugvBwjkK97FGmjiqQo96/GnJ5HPsnoj1b9sgGNIn7yepwA5KyiLABX/j6e159GMSzLSiLLqUr4aFk/3+b8s3kbHIHx6fGelzW4pAS+1C+KDfz595funb+qIfdXvvcpiQPH7+dlGub3+jwpQoCbpHqU6zYfh4GTd7Y6HtV3DkWMPsPn4/Ll+OBYmkGOKSuQY9lPqn/Pz6vsrxxfjFntnpdTWs5PpQgx0FkggtGSlNhZ+b3cC0bDF59f8+rumo8fP9Aai7GKxkLXtVxdXfP49ETwnvuPz9h2TaMVv/LFmq7RfPj4RPCJq+sVKE1IDdv9Hq0iftzz+vUVV5sb3t1vefftA63VNE3Lbj/QWM2vfP8Nw2GbE8YMT3tRDd+sW56eH/iX/9Lx5VvLZ2+u2T494kJEmRZt5L3zs1dX7IeBx93IOCWa5obHx0fevr3GGM04TviQcEGcb1adYRgcDzsYJzBWg5HrO42BYRLV9eQ5lq9XoHV5FigmF/KQpU6uS0kOkX53dq/npLOk9Iv+Ju/X6sX1nvdHIPcLTUlGKaPqfIwpz+1x+qt9jy+xxBJLLLHELyIWBfASSyyxxBJLLLHEEj9XFDta770AqGwdXMBYgTQhhGph572v/4q60E2hQrqiaAFR1a5WKw7DUGsLCwyxBBcgulp/t21bsYdzroLemO1htTFV3VUgUGsMz9tHgKqYRYkK+aRuKbA/HARs9Q0xBlJSFZAWRdI0jtU62ZqWbt2xO2xrbWCp56vpCiS1TQU7CrLFtYC/fiWKxtE7rlZrUtwRoq5AudgpV5vk3G4peoKf6Ps+12oNRDKAN4au1XXyVimN98XKV5OSYhwjTdMyjqW27nHCdz4BV655PIc9MZ2oJ8vkYAHxWsv/RhS1GTrR9g0xgPcOFwT4trYh+kDbSG254CPK2FpXLqVE14r9IjGR7BG6qwxPvPd10rpc9xhNTQ6o6r8M/at9pdakbCteLJxV/k7gtih9o5N28zEQXCSSsFhRPWX9pDEK50ZZJoQMcgyrlfSByY1SY1rn80wRFQJaiap4miaiguDFvvNwONTrH6qCV2RS+/2e1rfH2sr5vDWKJtdLbtu22ptHF1GmEXVuY1FaZwtnhWkMYZpomq7eA33fi523Ao0h+MA07WrblTY1xojiOqvBlVJ0TXsCIkJwtG0HSeMmV8eJufLROcf+IPaXq7ajbVropA/EzI3KNrtG2rOxuqrPQwgYjdSaVLZajtfJaCsqdO89KYgyuVjLSt1huaYCiOf3zXGium5vBggrYCtyJmYwag77lCLL20TZnV5OdJdIdfmyak6sSeGFGrWMnxeB8Hybs+/mauc56CwirYtq19l2ioL4HAheWi+lXEv3+MGL70tfKsjxBSTlFCq/gMtnFtJFjTwH75f290lAqtTJ9awg+hMwtRz56WJ5zEsRUHmMiKSUga0q6taYQV46U7rGbMGbXgBno9VpvekkTgMVyITSLqY+L8r65XqU+06pYxuEFGoCRoxSvzUkgdlKSf1u8rnJ81KSOuQjcSuQ9s5Amxmh5NiPj/WJy/dhtsyF5IokLfgntYL+qxIv+ufZ38fSEBqx7fYn0Ha+jQJ+rW0qUHv5PbVmfQjlb2n3pEAxrxlc3gXKGH56e2it5fmW/zsqjQ0pZZeGPOAYrdFaZdeRmcJbl0QXREWeICHewjEFkgc8WCf7Lnl1Gni/e6axz2gNVjkSEQ20naGze7yf8vtCQxwCjVakJrF7vidFQ1Rw7SIxOhobeP36M/7oj3/M67u3/PM/vqfvYX+YUGrFVS8lS6KeeHp+5OM28vH+QN8NfO/LH3A4HNhuJ1JSDIfEq1cCZN9/eOb65hobBrqu43k30rYt7x8n3n3Y02yueNgOPD0/YIxlMDBNe7bPExHwsQwZUZLAcv1fZXKikwIXj8NZzM+eI/QHa6X/JIXct+TnMqL+Rx0dKvJlyNtThHg6tp8nehRnAK1VfUaXRIHTZ0Wq/QiOyUpQQLXhF3Gr/0f/zf/Jv/X5hv/+d37zxXd/57/6P/g7X93y3/2X/97Pv6MlllhiiSWW+EsaCwBeYoklllhiiSWWWKLGXAVqjMmw8wgGy2RfsWLuuu5EgVdqDMYkVrgeKhAqINkYQ9u2FSYC1bawqApTXs97Uf6ZrPA0uQZsk2upFbXvkC1qUxKVsbGWm5sbnp+e6vKlHmvf93S9/N02vSgtslJ2yCrDongeMrBWWlTIWmv6vsc5AXUhSK1d705rDs/VDtM0oRtbbXRLu86hawGbXdvS9z1z1cQwDAK+lcJlaNo0Ymk9r3d7apFLnZSTv1Pd79zasZzT27dvmaap1igu7TqvJThNEy7IuirBfr/N17Kp32vMyfEUyKv7VvpMhrFFTWRtBoFewLoy+uy4j0DqXAFVajuX5YsKuPw+TRNuFCWybSUZIPpQ+/jV1RVMcl33+33ubzErhKW/X12JTfY0TbUuMlBV42VbTVZiF+VVTKJGNY0ohwMJn2s/bzZS12+32x0BdyvL9UrXOshzFZcxBpO/K32mqJ2NMZC3U+7NkvSQUp7Y1wqddLXTrmDVNnlSONffxpzA9lpLum2qDXO5L0T9L8phkq7wt1yv+XEW5XVJQJhyvzWmqfWlS58py4olfCMA3Q0opapVd+nHXdexXq/ZHfZy7nmyufQj7z3DMMh9QqrJDsEJcir7K/fLd4Gnc2hTIe0ZwCz3zrmisWyjbk+rXCsxvlhuPtZ+Shn5qSjwFziOMd+5hkQ5l3LttNYvAOX58qRTi99z1Wad8C/nFWeqbHIihU7V4/gc3qaURGmbl9NokgpHaHDGxKuC0mgg1ZruGpUTHhSRKMsVhW3+ed6GKSWpc1qSGRQQE9qoGZQqx5qk/nU+sJjXLYrMeh1Swpic+BMD0ctzT9VWVhksC0Qt95LRWvp0KslYJls4ZwWozrA4FqAu+ylAJ4WswEylpIChNY1Y3TN/DqmTcVZcDsQH9hJQP++nn+qvn+q388/PkwcuLfNXNeb9Xcbso8JW3pNO1ZVl7Jnfb+UdTBw52pNnxfH97JgslVIk1ISRU4UnHJ9x89rvkF1hrK7rFZeMeSKdSqD0OXw+jq+lb5Xn1LG+tgFljopypXOflT91km0PIeVkhvx8tIq0DSgVcj36iZKnoBL89MMAEUJyKAWtHeQYE/T9A7sD/NE3X4sd9SqglGEcJ769P2CMomlbtlvPbtwSPPSTQncDH/ea/X7g4A/EkLi7e0Mksn3e87Df8df/+vd5fPzI/ePI2y/esNvteB4Vh92Bp30gJvDR82H7REoCfhW51q4t6m5DiAGjrSRmAKEYzdT3tOw+k8FsSCnXhz5ed3E5yM/mMibNg/ckDAAAIABJREFUntVynUpywWmCVLn+82fevP8V56AQ4sn9fD6Wz8eCst35/pdYYoklllhiiV9OLAB4iSWWWGKJJZZYYgmatiXOoE/bdRnsZFCkNEmLetB5j57BmAJqx3GkX63w4Qh2ldY4709qXgbv8RncjePIer2WSecZdHS+2BGaDI0bUKLqXK+v8N7Tti37/Z7DYayqzjI5FTPUK5a4pe5s27bZothzGCZGF7BK13OdKxebpiGkrCa1RyVqAWiQqnK3WFy3xtD1PT5MoMXGTylFGEYcR17RtSumMDE5x3q9lmvQNEzOsd3t6DtpW2MtfW7n/X5fJ0y1VRB8VfDIMRpiEiVQmy2MW9tWtWepqTufhG3anqZpeMqgfF47uByTwEIBEipR4WoBrlrbY+3RDE5VgtY2tX8pLddx8o7OdDRNg2mk/qvWGtWoY5uHgDFNhqPTiSW51YbWNkdrZqtw0wD6CC2naao1nUsCQ2ObozI320xP3p1YSgNoneFzkBrJprE8Pj/VfqnzhDdanSQglJ8210rUWJwTkH4YHc6Jmjxqz+QGgk/1GOVcBLKEIPfIarViv9/XPqeU1Es22qBirDA6pSTej+oIEZRSApZmiRzFyjv6QN921VqWGKGqzcDopl7/AnSdc6LkjhHblKQA2dduv6dpOtqmkfssW0T7eFT+Xd1co9VxAvlwOKAwpKxI8t5jtcYohStW39ZkJwDN5F1VS5NUrQN9++qOlAI+unoNQq7BTAoM04A1LavVqtpKS0SsbjiMQ4XtVU2dgcgcZlf16SyxYn4PaaOArMhUWpRTqqjnT2usorRYK6sM705G4SgquLM4OY5PgLCUsp38rPYqUOuUHxVeM8vq071kpd93o+IjGD2C7xOIV5ZTBUwF2fOsb4q7wFFdKzq0qhEW+JCBlFyzTGqy0lYrUbDJ+R4tziWRQZFiQqUClACdaLKa3WpNTBpSIJJQSeooS3n44/gfIiQifVbaT97hvSj6UxAXhqbYyVfIlY6WuCmRwhF+2AJLUsT5gRAz4PMxW8RnV4IUwFDrcsZEtllNqKruE+CstSQ8xBjrdkrJ3pQ46a9aKVC6Kv7Eijdgyn0TQ72Wc4WvTqIuLAlZ0ncS5kVCg0DrY/c81gyWz49JDi8AP0cAnz7R/S4lUPxlj/N2UHnckOurK/QUuHa0vp+PB3PINr8fSzLQeXsZc0zpSIn8vJoljOTvYgAfEqYodWM82SdRFOPFJr5Eow2+3HvIeOVyGYZTYH1UGM+ThWJ+bsTZM0krSyQnt2mVk/OKY4skbAWXjomGKdT61IQMU8NRLauVYpySfJ5gJ3ko7Ea577ZBSmjECGzlvlZqJCX4eBgrof1X79/X+rXvnkaMAfX+g4w5eVj46eNP8MGjNXzzfE8IcBgUY4KDB11rduea3KZc20RAXEq0jiit8SnI+HaSMKGzor+4ChQoLr9rfZpYI+OTAG6VdE6ueVmLfp58Nk880EmSeEqJjDLiy9gV6zvYvE+fJ/KVKMdfFOd/VvH//uSJv/8//X/8kx8/0mjFf/irr/iv//N/h199vQLgP/1v/y/+/a9uebed+N//4D37KfCj/+Rv8rd/5Za//z//U/7V/YFff3vF//C7f5tfuesB+B//n5/wD/7XP+Cff9jx5XXHf/Hvfo9/8J/9OuvWfNehLLHEEkssscSfWSwAeIklllhiiSWWWGKJk4nE+aRkmbBpjCXkCZ6mabi7veXp6YnD4SAWxdnGuKjzyro+w99Sd7ZMJIYQuLu7Y7/f45yrtYNdBouljmpR/Vnb1t/LxGABut57YnDVhnoYBlCKp6cnTD6GqihJoqhNSZTC0XmmbA/c5HrGWguk0Vqjm6PqpQCiuXqlAFkQ0DYFTyDRZgtbrU2F08YYUoxVTSrt4yrcbJqmgsRqpWsEfhYQWyz8KgieTagJvJ/KaRIjTFFq6LoM6MmKImMMthXLZlFayjaGYTixfS6q6QImj2pulyekc99RzNrDofUR/s4trotNM1lR3bedAMHZBHaB/vmsavumlOhWbU02WK1WNK2p6t2iBi5wWGtN1/dU+3BrMEn2W0D+ZrNBKYHIovTOoFGJcjWOQ7b0Fuivjak1becq3dKnQSbV37x5zeFwYBwPL5TDRSFd2sM5h2lE/dqYtiphqw1529SaycdJftmeVhZllcD/bGVslMa20oYu+HqMXdfV+8c5l89X2s0UABWPqtF5v52mqa7nvWe9XlfFNxxV/i4c79miwA0hEInV0nmaJoxtT5SmEdDWYvLfw2HCtqJs1knX8/VeLKkBttunY1/O44P3XhT/NtcUTv6kb6UoQL3rG5wf0brh6upKYJhRxMgxuSCPJ+U82lb2MU2DFI9VEe8iPkwEnwQolrEz+jquFvhcAI5zjn/N3puGbLel+V2/NezhHp7pnc77nrGmru6q6kRNQpogMQ6ghKgxYiQIKi1EUNQPnW+KQVDxg6IJNPpFlGhUBJEoMSLigEnEYFpD7LTVXdVVdc57hnd4nvcZ7mkPa/DDtdbe+37OqU7S3SmScl9weO/nvvew9lprr73P9b/+/78yCUj2YZIoF+ldbQqMVYN/rMrzizg4sIbBvzEbPyZ2FQEzAVSjF7AuDon4PHfS9hMmrVIiFzqYScrofI7RlTZHG2G0RhVRE6BpylaUOT4W53jvZXulsIVNhQB+Mj4jUBQj2AJhwKW1Lt9rRZnvcYVKftZlWdI07cCmFdnTmABaaWNmKZZlQaE1XdcLAB0zq1KltdMTQyC4DrQmBj8UUthCo6MHenQUQFYbQ9RglKaLgbq09MGDD/govt/GGKqypOtGcCsoLUUwSpjOSmmKqkQj95yAtzatNwIkGaNQOoh8eowYBUoJaC7PrdHTffpsyHKsuSjmPvN2WvyUOd8DKBXUFxyPYf/Ps4A5+v3z0rB87nM+9332/I9jTIt17n+f+2/apxkkywoKuX/yPZGfGVP55+m/U9bl9Dyy1o37MYDLyYM9MU7vnzcf+4vmgY4MSi/TuC9NPf07f3df6SPG8dzTNSVG4fFHIkFpxCNb48LInM9t8tETlQDSWimcT0o1RLwCF9TAJvYhEIOA4lFFooGY2NKZnB+jeBhbZYbnZXSBjK3HCFEptIbdRoBkFUBrYR1ra/BKEwh4PzKro1L0PgzvfRldznLLSnFUcJb7Y/pO+kV9e38e5PmVlQLuv89Ke/wR6J/Hz2TGt4pHSjL3LQPy9tPvp/d1Pk/8YRUff4Piet/zd//8/87P/sx7/Nc/+ztwIfLP/Vd/mb/r5/883/mX/14qqzFa8R/+Hx/x3/3hn+E/+kN/Gz//537Az/2pv8If+K1P+bP/wt8JwM/8sT/Lv/O//ip/7B/5Fn/hwxv+qf/sL/Ff/tO/jd/3zbf46PrAP/4nfoE/8t/+Ev/BP/ZbfqTXN8ccc8wxxxw/LGYAeI455phjjjnmmGMOFIxsIO+xMbJYLPAJhFVG45puSDxd9v0RQDJl2OXET9u2wtBKCb4sWauUAu+5u7vDJ0nWQxwZHC4lvgQwUjgXBinm8/MHVFXF4bAbklxd1w2+vRlYy0AycWRatm1LXdcTn10BB/J+ue0KjvxQQwi0nTCJ67oeZIvve+cWRYFNIAPGopXFWIVzPcEzgGgRYToFySYSvBfWcGZKh4Cyx169vWsFFApKxslHuk6AzOA9OrGlYUwEam1TIlba1jYtdVVRFAKMeu+xZUr6B0nYthP/4ykQnSUltS4GplIIga5LCWKbgfJ+IiEsNBit4hHILXKQPc1+R7M/UFXVkPgfpbH90F8qJVO1FpZz9E7Y1V1L1ylWyxN67+h9N3hkWm2IMbB3BwH3qzolLOPIYIqRPnn3am1BjbLjKidIzcju9d7jYxjYrRmonjKuQgh0IbDZiCf1wO4h4voOO4BrSXo4INePZ7VcorWWoojMDKxKyrLk+vpa+jnBW2VdoU0xMhBdmrPaHIHHdVnJHEqSyFIkIMUHUQmgClBoAej7EAYgM7OAc1GHrBMGHQN909J7R1nUiUQshQ2ZHalVxAWHNQKud32SeDdq6MuiKFBGExOTSEDqBX3fslgt8d7Te4cPnhg10cvapBPjM/ev+Fq2af6UONcRAVsUKGWOEtXWlHRth44tla3oksR8CIGiqIaxzHLpRoM1liIxxIvCcnb6gMP2QN+3VLbARUP2Eh/k25P0ZpYnzyxuYRz3GB1o2yYB2JbCGLrkbV1VFavVku12S5UKQOTeT+tRVBxah/PCoIpp7Wm7A8oHqkKhFeLjCBSFFLT0fcQ5YbsWhYByfZ+YcBrQgc6NrD6thIUooISiLEe5f2PAlgUqQuccPmT5cZ3uDT1cLwSUkfVAngdBju0cWseB9ae0Jqr0dxAmpCJijR2eTZldq7RGxYhPBQdWG/q2wx15jWZgQ/y9MytQ7gFZu7U1ApoqNay9wpaX50Lw/bD+dV1HYTR1VXJ6WlNoxX57QNuCQ9sSgLpccLfZUFcFximqlZV1qnXoGNDKs1pW1HWdAN5AoQ1lVQxFGRFwbYNRitOTlcwhU+JCgODwvuetJw9pmpY31zuCj/RBxrl34FwYxsH7kQk9PNuT1L5z/VFhj1LirxxCEFEBpQg+JFWHsfAIIA6M4Qw65X+PgecxEpObUVp2uj4ORRp6nOfT33+cQyk1aAFMgT0p0hgZobKtqEXIu9JE8SFk9mXeNwzHyvLLeVs5D4A/KsyT97IwyNLHkI83FgUYY4c1TQqCHAK4Jg9YDTFEdBx9ivN73fRdKZ9zChLm32UujgCmcx5j8ja5QABykYKwmo/lhpWS94VcODK+m8ox8vFye/L8Hxm0o2JFLoIa+1gYsFFpMFJqopQd1hZ5wZSiG7HskDb6KIoDvvNYq4TZrPIzIl+TSuC7RmtEJn4oLBqLK+8XUcQ43uvHc2iMYzDXEZMayhSYdS4kdYBjYH/ahy7muSH9LP3EsN8xo1hY3SInLs+aPCdGgPmv8Ub5q8R/8n9+zJ/8ix9/7nsf4Xe8dwbAn/yFjwkR/q3f9w2q9Ez/t/+hb/LBv/4/8T9/55Lf+40nAPzMBxf8zAfnAPx9P/GIPkR+9ne+T13IPr/rSxf88qstAH/8f/sef/Bvf8bv/+mnAHzl4ZI/+vd/nT/4J/4iP/+P/jRG/2hB7jnmmGOOOeb4opgB4DnmmGOOOeaYY445BkZk9lXNzNrMmMqgSGbOZibglHnQ9z02MT0H0ANhuuXj5eThESsvHkur5rZk0AlGSbrMOm7bw1EiiXS8nNAsy/LIlzW3wfeOZb0QYMl7glLC/E0y0bkdmVUzMM6SH172E12v10cMxikgHMLIdswM4GKSZJVtJLF2cnJC27ZDXxcJKMpyzJCAcEYgKUaRQjTGYI1BWUuXWKb53NaWZJZfBvky8GaTj/Jw7CjMwakvcfZYzUDYUZIYBtZK7ueAjI93OdkXqOsF1hj2hwPOjcBAPndRFPT96N+bw3s/bJNlwK3VA5CXk7Xee2xR0fYC4EUlDMcjtmECch49fsL19TVdK4CwUXq4PpGYdkPyUoBZmTMugaW5H/Jcyn04ZbdkaejoAxcPH7C5vRtYn3GSKM3zuW1bbALUpW/boU3CNBWGctu2kOReq6IcZItz2+WAMjcLY9AwAO4DAyjNY2stVVWx3e8EJA5xmNdt24Iyw1zPjN987/kovoty/7fjPW/LASiuU2HBwJjWGmMtyokvZfRB+iDN8Sk7vygKYtfRdB0rW6C0JXTCnvRKEtzGyL1aFJLcdz7LkwNR5H17p/BK4VykKi26KGn6PZ2P1HVFUdVErWn6ns4rARMLg7ZWGGBagA+HIzhPYSO+31OVGuMawkHh2734uVqFDlDWCw6HllJFrBEJYh86qrogRsXdfiuywXgeny85Wa+4vNoTHZycCPDvwjj/YvS88/ACgqdrD1TVOCZtF7i62dF7ze22xccIOEqjqZdLnj05Z7Us6NsdVVEOwOJut8MWCxaLBUpHNrc3LJdLFlWJUpHWeS6vtwimo4nBsNl1bHcHtI4QeoyCsjQCuqge0FhEih2grDKDu8UHqKqCiMiOhxDou4gLAtwWRYHC44KjqCzeeUANQHBhlIDGST44MDLHUFIEoDxoo2naPTGoAZDI63dRyhxWQQBtz/j8GcGS8fmiNWijiF4YxHmdy/Pbe8/hcEDHDms1wUW63QGfbuy+7VBI8VPf9/SdAOX5Ps33xX5/GAA8pxS7fVpbo6JPLN4iWQg419G5SFlalssaRRgk+70PWFOwWCzovKN3nrK0+KR0MDImR0BHnmnJHzyxhfPaXiS2dgZ7ldZJdjyOMv9KmJTT9eV+jADu8Xd/vXjufdbpj1Mcg9z5OWI59mQet5XnxKjKInPyGMDL8zoDn/ndLEceZ60NAsqHo+f6lOmbATzZ/1jlQs4/fh5Zup9neE/3m7JJp+9/UzWTfK/lojrZ3k/aFJkCnT+sX+X9ZwSHp4zko2c9DEoSGSyfjk1u+8CSTsUMU8AaBKwdpfhTYYkuiMERlSEmUF2h5Vl6D6SdgqKjYo0Wpr8aPZGn13B/vKfv1SOofdwveT5MlQDus7CnY3RfTSCD9tP347zf9F0zA/YyZuHo7ylz+Tcr/uGffot/4/f+1Oe+/0P/6S8Mn3/1as+XHy4H8Bfg/YsFtdX86tV++O7ds3r4vEgqQO9MvqsLw6GXa/2V1zt+4eNb/uQvfPK5c3982/DBxeI3cFVzzDHHHHPM8ZsTMwA8xxxzzDHHHHPMMQe73U6kU7PkaS/SxFm+d0jYac2haYgpwT6V+sugXVVVA8AjWE9ixy0WBO9pmmZMfikBlEwCfYMiJbLbBMQdsx4yMJYZCW0r21VVRdd1NE1DVVUDQBaBdiJf6/HYUByBiV3XkQWLy6IQSeGBeWrRSlNVNYfDYWA6Z2/WPoiHcO6jnJxsmoazs7OBOZbB6ZxcszYlyBKNYgpGOtFVBmWymSNqAHxlfNr9fmDDCUBtIHrqqkos0u3AOgwhYrSmrIqUhHNDf7oE8JlCmGoZBM+SzcpoYdwCi8WCw+EgzMiixDcNRknC1gUB2GNi7hRVjTKW3nn6xP6MShikPgaM0pRljTF+mB+5vavVit1uR4zCQjfGyJzR4hkcnCcqmWc+gYjSr5oQ/OCpHIhEF3Au8OKzT46SjVFH8QT1MSUyu6HQYUiqRvGTzTLYOaGex1JOEgkx0Ls2gU5lAnj2NJ1Ibiul0EYPrHK5p0qMKYa5orXm0Ih3sQ9xAJjv7u6Sp23EVsIoVxMwCSXtyQCbnyR3lVJs9zuMMYP3tVKKfXMYErT5PCFCVUu/5bGIMXJ6ejrM2RijsHBjRFnDelHTd56isEMCPQN0u+1e5hBjQnixWtI1bTqHjIUPAmYvFwusLeg7TwyK/a4Z5KujloS6xhBjQVUvU5K8x0WolzXKGvb7BlSBqWtCkvvsAKstsRBJeacWOGNlfDV0bY8yBUVds2nbYayUMhjlKMMB796wKD2rouFkWaBVwC8TKOA6impB5zpeHm54tDpltSxw7Ya3nz5ktVzStJ4Pn/eYssAQKMyOp48r3jlZUBaGBw8e8P2PPkMpw3q95KOPPubs/BE3d5/hupbHFyesl5rLy1fYULFarCgxfPTZG04XC15fH2haQEN/gHa35fS0pq5LfLeB6Hn04ITHD8+5vd3S7mQdWi0W6OB4eHrB3d019bLk4uQpn756zWp9xvXtQVjIpWa5XKC1GQoltIayLGjbjroqWNULur7l9GRBDIqXV8KAX6+X3N69QUXH6XqF95HD4YCPAiAs6xJFoKprrm5u2e/dIIe+rBeEKAztCBg0IQaiT3LdKjGOI8QwFqYMgJgK9J2wJotS/Cu9EmWEtk9rIFGA5Ay2qRH4tFZTJBah73uICmUE0LnbObSCylo8mr6fAiHCMFTa4rzHHeRctiqJPhWuWE2qvUisRGFsG2MJQcl+WtOnjXoPvnX42BGCw20SSKgtnffsu3xPK9q2B60HR+kvAlB1Atp1VNJ/6bqDEnXzwQ02qWiE6ISlqo4B4hwqeTTnU2UgLIProydw/v2YxZjXCBkTNVgw/LiCv/B5Wd4xBJiNMUu2ZzZwTK8DYQArYzzuS6VkXbyv4BAHT+zMxE1FFamf8/F9lkLP3tID4JxY4AnIc/l+UzqNcW6HHj7LNWa58yxBnccZiqIaChHyexMcS5EfsW4nruX3iwen/SnHOpbY1jrJ6+cCh8m2Evn6jm1Qpp7E+Tdjxm1jTIxZJXLUKo2X0hFNVrcYJe1J7dKTApTx/J8vqsjk0WHc1FjIl2P6OQQwpmD0YB/B3VwMMPaPFCjmgkSZH8d9PpXfvn+cPFcFnGe4xqwGkAsbvghg9t4dHf83I84XBT/97ORz39f2WIr8i84W4/H3X9SkH9ZKreBf+t1f5o//gW/9Nbd1jjnmmGOOOX7UMQPAc8wxxxxzzDHHHHMQQmCxWAzJpd1uN7AFR79aASYzsBpCGECtDIplOd8pk7hpW2wCSKdsCpF8leNnL1KMAGKjjHBKbk7YHwJcjUmoGCMuyrF89hzN7IWUsMr+nW7COsy+eWVZUlbV4PFbliUk9kmMKoGeI2NgsVgM1+iSvJ1JbIopsJaTrxngy4m0fP4s92uT93DXdeiqEtZn8gk2xmCsHXwydTEyXwprByBc/EsDzvkhSZfBSjlvHJK9ZVnSti2bzWYEnduW5XJJcH4A2GMCp5VSiXXdDsBwBkUVAjaWthJp7HAY5lDXdYTECFFGo9P41fViYCZOCwymic8MtG+3WwGWJ4nZzDi21uJ7x2qx5NCmPjYje1lkkFvE39UMYGdmW089bUcGoB78XjPzOTOSc9FAZgLmZGb0AZ08n5WSbW9ubobr8t5TFnaYX3kOi2dpg7YG10sStmmaIcE6TTrXdS3Xh0ar5Btsy5TwNQQUylhCjCJzrhSHzZ6iXOKco2k9JydLTk9Pud1s2W63KBU5Xa/pwyHNk4KiKml2OyKGoqgIStFNJJTzGAUFfdAYa9g7j7JL+hhxrXgWO6vx0lo6Jyxh3xvKxSlt0+O1F+9Gq8BCoyyHXhhC3iZFACVjGZACCxcVylbstEHpiNOe3kR0VeMi9FWPUxbQKG0IWdI7RrwRJngXYLFYEZN7cdlHlC3oYyDWnohGWyuyw3TUquWi3LB03+fxSUdlGvZ31xRFweFwYL0oqRY1t5sO7TVfeu+E4DsOW8fDFVy++pDvP28ICs7OF7zz7IyLkwXbuw2ffXbJyQpic0XhA7u957Q84+2HNW1/QxU7ThbwzuMFpTVsruCwb3n33Se8utpSASfnBSp0tE5zuxVP2tAHtjd77sKeGMEq8H1DVgsX1QBFdJ7KGna7A01zoBcCLrsDhHiLi2CSdOdms0Epjfdp7lrFYRfxHgqr6dsG7x27zR0xQuvzfdJjTJHuievEPBTAsXee/a7FWk3XNYRUMOScgxDZ7u7QEZSVwgKfZEuzpDFeGHc+KrRJwIgL+NAndluSFO57gpOiG5XATaOCgMERlFEUusBFuVeD9xgioVd0OmImfubRj6x/lMIFUEl6X0CtkVU3ZSgqpQh9GIpV+lTkEXpRusjeon1m8umCgE/P2SSPHSJt2w3gVi7+kPMIa1zWJAgqYHUGsSIKc8S+zHBGWRX0ncLFcLTejM/qL/bv5IfgsvfBnPsA7pRdOv17+vv9fvtxBYGn7zORrNQgc1nG0x1tL4BZBtcy+/SYsTplZk6BwfzsHAG48TkkAG0c5Mel/0dGb5btnj6DQzpXtkrIQOYUIJzOs1wYlCWAVSoQnBYGjGD0eL1TiegfNm/uy0vLuuPGgoJUyJfB6+n298HmKbA8BYIzk1jrsSDRJXnneI9lO4xrWhPytdwHYcf/BGjOBVQwgrr5/W56D+a2T6Wex+/159p///7K/TOdDyO4rYf357xffueb3v9SgDV6t4/FcUk9w/VDu/P8krGUOSXFRN0gVf+jip98vOY//gvPaV0YWMDff7On9YGvP179uo759cdr/u9Pbo++uzn0xAgXy+KH7DXHHHPMMcccP9qYAeA55phjjjnmmGOOOQaANEvgGStgUrzHTM1SxiYBY5kpmxPiXevE79CANmZg8oTkE1pkYDSOPpk56ZWZxIU2BCVevKggIIIVH18BzuQVNoOoMUZKI1K6OoFutqg+54mbQTeRulWjT+iUUZG+z2Bl0xyGpH72Vc3nFs9fi+963IQxkROwTdMMUrxT+eWqqtjtN+ioWZ6sOex2SSZa5DaD99hCJ9AxJkazJOT2+z1d59AqUpRjn/gYiESsTXKAKg7+lUVZDHKgkghlYEmPyU/Pfr9HxSzNnFhELvvfOZQqCAH63hOjT+CagKfGWVTFEegZlUIbSR4WpeFwOAy+0dlLNAPp6DHZ2jUHdPLiK0uR3bNlkn3uHT4lvwW8r1PyMYE+loHF7r2nrqVAoXM9Wgv4pbXF+3jE7lVGD36jAF3XADJnD4cDRVWKnLkTlpMpUmI1gikkISyMJpljfUqw+j4VJDTHzNwQHE3jCChKa+n7A5EAUdP3nq73FEVJlaWnEe9XYwyu7/ERfO8piipdqzB/QoBDJ756XhVYY8UP1ns2DUQb6KkpVxXBw9WmwdoTVKFpIwRVo+oTojWYxQrnPV3TCIDrPW0nfsmyVhR4Kwz3DLhSQa8toQjCwtUaH4WtWRQVHZEmttiqxuhiYBJ2SlFVC3zvkm6shhhw2qJNgVMKD3TJE1NAEoUPmhbwAezaDutUSAytQo/eja3REBWt1qgg87rTqWCAOCgYeO9RWAo827CjrCtwH6JUpNvf0Te3dG2Faxvqk1O67Qs2bxzPHq5Q3TXrusQuSja3d7x61fDoQhiciypwe/mCVfkU1yuaFk7XELynMJr1yrLd7Ckry7tvnfGJfy1zrt0RKbg4s+w5cf++AAAgAElEQVQPjhcvXrBcLvnyezUXDx7xYF1ydbPnwUlkt3GsVrBaVbRtz+0m0HYQA2z24ByY0kMmsHsHxiVAR3xklVF0vaftwQSH85nZOa5xUSl89KAVXmnaVsAQrTMDLnlmtx5jIPjkPVyKn2nwIhcqDO0ENhgAg4rC0CcqYbFGj3PSvrJIfqchy90aonPomCZBAKMVKjqqqkRhaFySnE+qC13XiRc1EYIApD4pAKgIVWUIzqNNJAZwfU8IJOBHpKQFzNGDdUAkojQo7Ql+lPW1qRBHWPbpWaQUOgZCP/qGiyKEeIEC8uxNjNoY5FjagFHC8nQB2Z4ss+xRCmwCVHoXcMnbWSkwiOx2SACRivIsj9GjNNgoShGBY2nZzF5MAtzD8walBkqcUoqBznwvRkD4HpCblCKIxwDQCK5/4eF+rGIKqIWhsCGzfAVIu+/zixaPdUIYALYs0zwtiJsCe0PRTpDnwnAPT4qMMugbQ/LDHsZ26ukKeWCMUsQQCVEB4lebY1TkEKAvv9eNzOPxGpXKoGc46o/Ph7CP1URienq9ITABrdVwTmvHIokQhEV8DKSPzOMpoCqApR8KVpTKLGA9OZ6omhD0xAc33dMDYK2H/XM/G5N96TNoLn0oNhmpoHDiOTy1TZneQ/m9WmTA8xjn33IBpT8qNJgC38fAcfaRVmkdH+dOjFGuUyk06nP9pbWaHC/7JxfpPHmuj3N+7PdjNvaPIv6J3/4O/+p//23+lT/zbf61f+An2feen/tTv8TXH6/4e37i0a/rmP/i7/4yv+uP/zn+/T//A/6Z3/k+14een/0v/hJWK/70H/6dv8lXMMccc8wxxxy/vpgB4DnmmGOOOeaYY445Bq+1nLxrJx68me2QmQ8hBEKSi+667oghsFgsZNtCpJVDZg9HL2wrZRMIKLK+0/MrpRLTTLFaLgR82+0/lwybMhMy4JNZmwPj0pYpkSeS0ZlNmyMDoJktOmWY5GtsmmZgNee2ZiDXTViRuW2ZwZEZo/m7fIwMBGQWbj7eIIOnRhbM0N9BgdEYDMFD73oKI1LAuf/btkUZuabow8C+LcuS1Wo1jOGUXRKCG8BqpVTyrxOJ3+xTqZQSv9BJQjXPE9ADg0MbkR7NYHcGefdNgwpqmB/5t/1+P0gjwyi5Ok1I6wTU5rmXAWlC9p0VkL3vHWh1lJTd7/cig5rGRhuD0gJc93h8ArV719O2HaYshu0C0Hajl1/nPbZYomyaa7EnTMY5RkVphFncpzmubQla0WktoG6B+DS7nnK5HryiD21DWdb0xQIfWim8wFDXNYeuZe8CC1vhbGZ5aWIfCL5GWWFjhqIiaGFJUlQDoO1cwBlHYUuc95SLms5HtFnhtSSBex/wJlKfnBA8WG2IyuC8wxhLYy1aW0zthcHvAkWW94xKfA2N+PZ6JazOqExKTAs4EJQa5CVdYXF9IJaKXmlIc8laS9v09Kn/Q0qau14ARqUturA4FwRcI1JlqXpE0rcLjkIVEIX9CKC0giQnrMy4dhmlCTiROdXQBoWyhljK/HE4olK4GOmi5rLxuKbGK83DB451Hbm9O2ApODtdo1igzRXrdcnhbku7a7i960DBkyc1y+UyFZM0WFPjup5PP73CGtCm5qe+9U2+853v0O12dC7gfM/qnRMePzC0neb09JT9bkfbOqoaTldrmnZHZSMvPvkel1dQ1PCTX3lKXVnquuTy6pqrqxuWZcFidUa9XPDh888IFEAqErEFt7cbuh5cFHC4a8UH12iorABAlYXegXMi/WxtoDBQavkuRoe1AnITI0ZHtA54IHhQwWEULCqol3Lf7jYOCxQavI/UC7AWbm88ugBtBOwlQFVB10LnYbEYwYeuS88lIwDLaqXo+0jbRioDheqIUWwzo4aTJXSdF8/mMl2LNJmmjVQVNA2sl57VouZu01BoYbtvt6ALR2mkT7oOopbnjo1wcQKlhUjgdiPn1BpU8JyuLV2n2e49XhT9MUZ+txraPqIJ2EIApKIQICcGKHREF9I3xogSxnq95M3dnqZJfdMBHsoStJbxU7WiD5FcT1EWnsMBnA/UFelZ48TzOsQExEaMMklGXg3PIvlPxincYwFOsbopQHUfpPtcRA0qfO736TGmz6wfx5he2/RzjHF4vo1gbWLsJtDNJGRNCtcy8Mbku4mkthrZv/m36fvOlCmc99OTZ6oAm8fb5HaZfNyYr2P0sb0v03yfQSqfR5ngPNdg6rfL8JwdQejj3+WzgK3OZS9chmcmjH63076WNo6A5PT6h/6Ox+8p95VK5N3IomB4p5Lit9RHZKlnP1xfBnQzcC1SzCNgPoD9XzAv8twA0rPeDPdhZgDnNofgJm00w/dZ8juPrRw7K8eU6TPDu+sAdIN4jqd3xnxefTQXR0Z2lpbO78VTcN77Ecz/Ud7jZ7Xlz/yzP8Mf+W9+iSd/9H/grC74PV99yP/yz/+uQTHhrzd+5oNz/vN/8rfxb/6P3+Hn/tQvcVJbft83n/Dv/f5ZEnqOOeaYY46/eULFH2XJ1RxzzDHHHHPMMcccf1PGl7781SEZuFgsBKRjlH/L4F6WHRbGYzEmEcPIysyAp7Wj7G0I4qd6xKJ1bpCMBvEQrutaGLjpHD7JKHeuTcw8MyTAss+v9x5lBXjSA0PDDSBrbuvhcKDthIWqlT1KBE59jr33rJbLBDD2I+OJqZThKHuY5e+miS+thcFbVeI9Wte1MHq9gKvWlAlANcN1ZyBba01hLSh1JOcYYxyYyVVVcWgalFLsdjuKUmSuCQkwTRKIdSXgU9vspZ22HPySvfcUSX7aZenRlHwcJZ7lemxZEDwDg8UWGt+7oS+yjPUgE60kQel66aOyLIfEZ1VVw7zLCVEfBLBVSD8WRUHbtizqmq7rBkZuXdcDU8VP2uyco+t7+gR8Kz3OERkPQ5/mSwgBZSxoYW8ra7C2JCQzTGMMyogndXRQ1guCEi9hnyQO0VqOEXPC1bBYLfG9T8AnA4idrhQfI6YoaA4dtqwATdv02KqUJKpW9J2TtigBz2wqZOiT1LjVVtjeytD30p9FUYlHqrEculbao+2RzDlolElImMm+exqlNSYB2FprXDiW4syJ+ZzkV0pB1LgkWanTcZ3rRbA2jkwlre1wj2RmtPc+scam/owaFcWzVM49MnmVSnKj1qCS9HVOpPd9jzVJgj6Okp/ZY9Akb+7oPUS5lxTJFzNJXSqkPwYAIrUhKvEXL1TkRG14d/Gar11cc9r/Incvv0vfw9npiu12z6MHJ1yclbz87JKqtCxWp1zf7IVRHD2PHqx5+XqLKaAuLYfGoXTFbtviPVw8WBNCx27bcbeBv+O3nvLBO+dcX73h+WdbdqlO5vTslN1e1lOiY70+xQdF20cu39zy9jsPUL7HuQ5brri8ukZjOD8/Z3fYopRB24rNdk9RVCzXK4KTNWp3aNjuD+x2Ow4tFFbAiOtbz4MHSzabPc7BO8/WBN+L3PPOU5aK1fqUruu42RxYrRe0bU/vPG0bOT81LCrDwwdnPP/4NXdbqBeK04Xi6eMzuk6YcO+/95TLy0uef3LLvhUwuS7hJ7/yiPPzc16+3vKd771g38B77z3gZGl5/fIVuy08e/cCCDx+8JDLq9cURuOd+K4rbXnxaoct4dnbz7i53nN1c8t6aVktC55dnNC7jn0ja/DV1RWnZyvatuVkVfHO249pmoZf/PYL6kXFg/MLNttbYlBs9wf6IOvle88qPnjvGd/91Ze8uTnQdbBYGN5+6wlaaz58/oLGRZom0DmpfTg/P+HR+QkfPv+U7QFWq4JFXdLsd5QFPHm0xvcNrvdoU9F1jocPH7Jcr/ju9z+m73tO1ku6ZsfJWgoNbm/Fo/3J40e8vryic+IHf34ma/7rq57HTx9zaHo+fXnD3U7Iuz5J2WptcT7iYwbpMniU7uvk/SqUa40mgzu5SGsEGKf/Hn8OR79/EUgY+KL9fg1A+W/BuA8s5uet1nr0WL7XZ3mfvK67IM8Ao8Y1XY41KaZK6+UxcJmB2GMwWFth4KsobF3vM4A8gocZ0Ou6Bpuepz5kRud4LTFGSAoMWTM8tz+EiZz0RAUm47pKjcA3JI9WpYb3hSnDWX7//ByZPrvuS0mP/Z6PezwuGczM7wvStrGdwnI1wz2Sf8tM4KnE9rQtY5tlP++jyH7bBKiSzzF6L+dxzGMk791BzpGZ2nEEXqeAb37/mRZz3md/j+/TbmA832cLZ0CbkLfP+zO0V9qY35HTO4PPc3C0zRh9qBnauT/0v9atMsccc8wxxxxzAHd3d7/ufWcAeI455phjjjnmmGMOvvyVrw1JsgyswbHfl7U2yWGGIRGY/VkPiSFblgJs1nU9HCcDOXmfDHJmSej8W9u2QGL2JmBUIcCwtinJlgDgaZJuCgCroBLbV9irbduiEpDaNA29awWIciNjNwOqU6/jGI7ZK5mhms+dr0P8ge1RQnIKUC+Xy8EDWJitwrL27jgxWJblABi3bQtRvFy7xFwe/GfTeJVVxXa7HX4T0C9S2sTKTqCi69N1JDZIZJSiHo6XEsfT/y3IYxyCS3LXFbqwAyCutaY0dhjLKcO39+LH3LlewNJ0vKnnsveeoloMwHZO0nofWa/X+MT0Jci5uq7D4ylNmSSgx/mZr0uYyympbo34aqbEuFZ28Ln0AbQVmcWYGSq2ICQgV2uNMgV974hREq5uYE4potIEtOTmU98BoK3IIntPRJLpWabRp2PbshBQ3BhikASwSkxnASVTX5AZMwYXfDr2mIx2PmKtMGj9kDQX4DmPZUiFDWPiVZK70jozJPynyW6tNW3TUFaV9Hsj8twyz/y4PuRrSx7PJG+/gQHm01rish92S5EZ+jFAUCJlGn0CZs1Q6DBlHimliERMKjCYrk3CCs9Sn3rY32qDD71IUyIywd57SmPlvjaJBaU1TdNii1EOvbZyPzmVpDejpow7Hpcbvnax5evnH1IePuTN1WuWVc2Hz1+wri3f+qlnNPsbLl9veH0FRSUAptXw/vtvc7O5k3HXhus3m8S+L7i5bWkaePvtJX3XUtWG9995hDtcE2PkzV3g6rrDOTg7K/EhsD84Ls5KfIQ3bzp8hHphOF0vMKolBsWhi7y+6rlYG8rKgHKcnZ2gKHj+/BJjQRd6WG+afeDhkyVvvfWMD3/wET7C+dkDXl1eo7XlydO3uHr9imWlUTqwqJd0zrM/eNq2Z7EsMUZxd3eDKUpQ0o+PHl5gTcS3LWVV84Pnl5RlyZfefUDX3PH61YaTteX01LLZNJyeP6LpNR8+f8U7T59wshAJ9u0BLq939D2crCxVCc/eesLlm2usLXn16lYI5QE+eO8xfdfgfWR5csr17R1t29L7QGEXXF1vqWrN44s1j84WvLl8xc1d5Py8YHWyZrVa8fFHH7NaVzw4q2najtdvWlbrc7pGvNAXqzW2rNjuD1gT+NK7Z7SHPbebQIgFxohv+t3tnuWioqek7QOPHz9kt9ux3UmhxsPzFdfX1+ybnpOzU3zv0HhOV5ZnTx/g+paqqnj9+o6Xr2+pqxJ0SZfWh8ooHlycsN/ccXZ+yr7pubu7oy4sl5eb5E/s+dL7jwghcPmmoQuWLhp+8PxawOh6TYyR7aERD2Uf6XwC47RIDIeoIKbnpR7ZhLKOZNYinwOA8+epDK38HT+3zfTfH3cA+IexHrVK/ZC3IzNyR6WRYVuth7U/7zeV7L4POo7FMSIXLuDbMXMTrYg+UKb1Pf9WFIa6LmmaThjmStE0DevVgrquudvsUKkoKReJ5UIaKSYbiwllrc3vGBk01angLhd15TmTgduRLZrfd0ZW65SdO/bNFOj9YTLK8i5XHLFl7zNZ8/dTiejcrhwh5PefzPINR9vfZ0OL9+1EvhsGADiDyMDQT1P2bj6/937QWNZMr216j4x+wMM9q46ZzFNAVylF348S3gMwn73AJ4xm+S2zlbPaTb7m6XydSpkfey7L3CrY7tovvB/mmGOOOeaYY44xZgB4jjnmmGOOOeaYY47fUHz1a18fGKE5ydQ0zQCSZunf7XZ7lIzKgKlOybgswzwmejPANErHZfaptZZFYr72XhinmVXqAxR1RWnsAOJOk6Yjy1CYgFlCukhAL2qUcjYTH0aTE6Bas1wuORwOE/aJANKHwwES87Us61EGLwFqdV3Tdt0AkmZWc5ZeLopiYNnaCeBdFAV9YgNnKeRpYvLIKy8BySFGDocDdV1T1zWbuztJ2KVEpVGWmCRv++Cxakzc5fYppQZgPjOEbCXAvSFLNyu6lFitqmqQl87juFitRea4Eybq2dkZ2+1WWEgxDMCrVgYfpRCgdwGlpEjg0KUxJHkbB0+9XA8JX1tUhCBstLIscRG0EgliYYD32LIEHwXAVEbYrFoSuBGNi1EAb2OJSmGKkt755HspcyBEAQSbvqOql3gviUsXRtluhREg18mcbfpukD/PAKUAwTJWmeUdw8gOz/3mGb2BYWRboUY5yCyTGGMcGHZqwko1xtC5QFEKwzoz25W2g5w0COitghp8PGFkMBlj8DFMAIHRl9D1fbp/GdooXqXCLIo5wX6sAirjjTpi36LHewlAR0NInuLWWlyYgMhTRlYQRuH95Hwu/NDair917yhKGa+QQKoMKOUEtYDfIg2u4ljMIIxlme+LRY3Whs1mhymr4boXyS87KCnUICpKHbDxwNPqDe/ybd5bXfPph79I7DuaFs5OFG+dFzx5csqb6xv2B8dqCau65tXrBqWg7+HZs3Oub+8wxrAsC+7u9jx8sKKsKgKG7XaP73qsUfi+RReKzT6y2cCTR4bVqoYY2R8O7JpI14tk8eOnZ6zXS65efcbD84r9ruXgDE+evkOz3RBDz7vvPcF1B25uboQ5enbB7abhw+cbqhp+8qsX3F5fc352zsn6gqbzvHj1muDhbnPgdgena8t6CZrI4eAxtuDmoLjbdLz79oJFEdntGn7bb/8qrtf8P7/4HToHZ2cn+KYhRFn7Tk/XtG3L7e0dMcJ77z5Gs6csLUYveXm5oWkiAUXXtOybHu9EFnq5gLos2O97Fouar33tK/zgw+f0CXg4Xa+4unxF9JEvfeldbjcHDu2eFy8OfOOnHnPYt7S9FOA8fvwY127YbjfYQp4H231L2/Q8fnhBvSg47O/YbBs+e+l49OiEs1WNDz2fvbxhtV5IX56uKJTn8nKLMrBer3n21gNeX77k0ZNnfO97n/DJy55qaXjv2Vt8+umnKG14/OQRtVW0zY66MqxWJ/zKd55TlIqf/uZXCa7l5YtP6XvPw4cX6LLme99/zWevHA6RhT5dKhZ1xX7b8M1vfoXDfsP19RVdJ77CZbXEu5YP3n1ICIFPPttycJqHT97ixasrPnt9Q+egrsRy4cmjBxwOB253DSFq2t7TdoHtIYCydE6koCNqWJshF8Qcg7j300xTRuSUBfxF+/w4A8C/tuRtWjcn7zeyhud1Xg/bTY+T+yWvraOEdJb8HQHL6TvHVEp5ChJK8QyQGL1BJd91DCr5zcZU/LNMaildlwrRIphcLKYyQCnS5X3w7Pd7VJo70Y/jnqWeM+CdCdBT8Hra5sw8zdcqx5lKQqsJ03iUfIZjoBbGArXpe9OxyouagNY6AbjC9M3bSjtz2/SkL7N/sQCm076+/3kcx3FsM2AuBVoZTNaTaxY/8lxgN9wjSgompR0jO3jKQM7P+nzc3B+5z8tS3qvzczu4sbAgH2/aX3le5SKDPCdH4DoXHORrl36cGcBzzDHHHHPM8VePGQCeY4455phjjjnmmOM3FD/x9Z8SBkYCNqeSxjmRtVgs2O12lGU5Aa+y36Y+2j4zWq2Vf0NwA1s1A53GCDjU9z3KMAA0IAxHjMZmBueEjZKTWNkn9ygJlRJgtiiOfH9zgrHIiVFGSb9BRlqpcX9ridEPDMPMPgaoFjVNkl82xgxSzkGJMqayiWnpAsVEik9bS9v2LNcrSluwbw7DdR0OB+pqOTA2s89tURSEJGWbweq+76kXsm1m3HSuH5JsuU+apkFbS/aJ6/ue6CKmLBLL2rKoau62u+H6y0IA7z4xPMQ/VaOVxZYFhGMWTUSl603sZ1MSUmLRJblkAfRHGcLMalWmGEBfOaZCJ8ljH0lywlIMYAuNC0G8kNOccF7Yalpr6uUa5wJN2wsygkg37w6ttMFanPMYU6C0MG1tVdJ3fgA4B+aP8K5kzJJ3LGqU37wPUg77TtlZmemiJtKVLhlyTphDA8CKTgA5AyMoRwwBVSSWcBQpdZXmHShiCJgy/67wvQerjpKy1koBBAlQsNrgXD9cT5EKFlScXJ+WYwtTV6d1oUj3fEpoJ4Y2StrV9t0A7CrkfnYuDJcclTCQCz0yj0MIFKYc5nwu3MgAcC4k0SjxQVXCIu678f7MjMLMhEIFYS2l6/FBQOi8vuR7pHcCkgQFoXfD/spoggKDwrkOvONc3/LNiw1vL67Yv/i/qNkQfEdpHLHbcnFRUVUFTbvlvWdvsd+3fPj8Bm0sxgj4ud9Joct6WbJaLojR0zQN1zctSsHNG/ja105RGu42W2y5ZLPZcnaypCg0fdewXNZSkBEUL15ec3fb4D08fLDgnacX7Pd7/sqv3OAjPDrXKAJdA2UBX/7KhTBqm5amiRTFOYdmywfvrjhZl7z87I6PP2k5PYXDAd7/0lPu7ra8ud1SlxVvv3XGYb+j7xy6OOG7H12CgbceLHj8eMWyAqMDwWu+/cuXtA4ePTyhaw8sFhV9u+PpO2/z+vINh0ODAtZLuDg/QcXI7V3D1aVjcVJy9aZjvVL0Lgpj99E5y1JT10tevrzlxetbTk8rPvus5dETRdNESgtWaUwpRTiHw4Hdrufdd05YLAqaw4HbmwO7BsraoiKcrmvKAnwMbPc9b656zk8Nm43n9ATWJ6c8//SO9boWwLY7sD49Z7u9I8bIyclJkq7V9J3nbrPh4QNRGLjbtNxuRilcqyNFodntAkUh9RJ9B29dwHq94vYgEulGB+5uWqoSfvInnnF9e8tm2+Cp2DYOpUuWixU+qVCE4Hn88AzvDhz2W5bLNWVZsrnbUZSKQveEqLm+9fTRcGh7jIHT83OULrm5ucMow2q15LPPXlPUNbpYUC4W7Peel2+2uCDrQNM6GhdRSoo62s7hAiOb8QvSS58rgPkCAHj69wwAT8FYYcRmQBfED3oK2GaVlakSifRVLiT6PMg+vuccs4PlfOlRlbrbRQFVM5inTbLgSABjQP7O7zsDOKmSZHSWlM7Sxlky3I/jfgzw5rYxgJrTQr38uSyLoQhQroOh/cAAaGaWcC58QiXw0o9A+/T4U/lj+XeUMwYoCpu2G9s1lazO3sK5gDKE0YpiyoafzoVjxvF4blEiyZLQE0uGVPSSv8/HE0sEj9ZqsEjI2+YQQFpP3sdHBu/YnglYnfvPx6P+n86nLyrSHIH3kQ2cv5dzyHvAbwQAVj/3p6Ud/+4/iPq5P/035b9zzDHHHHPM8ZsRMwA8xxxzzDHHHHPMMcdvKN57/0uSAMqMwgQk6klSLIO6MJXci4l50E9A48QvUIbSJkYdfpBZzsdTSuEG0McPCc7lcjkAyt45kWYevOaE7auVHZKeMGE8ZqBYqcSWrNPvAjZZWw6JtS6B3VP/X2GC6IExG8KYmNPaJDlbl8A9RVkKGOy9x5YFGjO0VXwTkxxvYt6a5DVbWvHJdS6k/hEvV0g+ygF0IQzYoqxRStO0cu2dd0Q0RVEJCF2UCewuaLtOfJWVpuk7fICqWnA4HCiLCoKwgWOSb1bG4nqfJJlLoid5zCrxpO09piiGxGSZEooK8biNSYYyBAaP2ZzgzEzdaTI1j5cAuD4lbO1R8jKqEfQLyaOvKATwLLRcP0r6lkmiNctPh/R3UGNBgsztiW+fTnLJMTGm77Fa8hzNkaWiUeJLrRPjPDOKYGREiYdjSuRG5FwhJDlWBqPDoaghil+u1pqYfJbRY/Lf9X263gxuRrS1ON8NUs7KyL1ikvcvKsmWZ6ZtTlIriw/9mITVwkrKDPkMkOZ+GRi9vk9sopzgzZ6V+XpT/+hjRlCO4DwhSbVLoUC+tuwPXtF78QR3MRBdYqnFYwlZY0aG9FQC2kfx/A0hyL/RJYlvNUhWK6US8O0GhvWoUHAvkZ2A7hgCWgnD+MR6LvSO95fXnDd/meLwPT5494Sbyw9ZLixnJxWFVXz3V19TGnjwaM0PPtpSFPDk8ZrCaC6vtrR9YL1YcHJ+wf7Q8fz5pazB7xiM0ux2PWWpOTk95/L6DYWtefGy4eGDgrbpOT83RFXw4mXDkydLrKnZtZ7t7R3vvv0QFT2vrm55+PgJm82G2+sdpyuoSsX5+Tmb3ZZD21NWSy5f7zk9rfn6155wt9vyy7/yBhfgbC3ApA+wXJQsasuiKghOGHwBxWJ1wsvLGx48uCCGhgcXp/iuZ7u5ZX1Sc3e75/ouEiKYBCA8ffsZu/2eV69ueO/dhxh1wCjY7Tu2e8dhC1/7+vu8urzE+44P3nlAUUoxy9WbW7ZbWK4t222gd4HlomK7aVmv4NmzM0yx5PXrOzZbkU52/Z7CQtdEvvzlcwrj+Ozlll0Lb97A07dWvPXkIYo9MXpeXd7y+nWgqmC9rvjG17/C9z/8kF/57p6nTyvOTxfUdcnhIIB2aRXlYsGrV1tQBq0iu92W87MVL15e8dEn8O67NRcnS6q6wIfAp5++pi7h6dNH3N3dcXfT8fStmqdPn9L3ih98/ALMgu3dG776wSOIjlevb9I97ygKQ1ksuXqzwVYrdrsDXRd48mjJ6bqibw+0jUcXlraVoqGHF2dc3Wx5eekoa3jwoKZvGwpjsKakrk54+eoNLkZu7zxnD08J0bA79IRgab2Soiw0jfPc7Rw+iPqCj4q288k/nKN7aVgbPwc++i/47v8fAPA0xufhsdDZ5RUAACAASURBVDetViOAmxm88myS9S7LMI9yxeoegKgSmCfruDFqADEzA3NqgTEWwh373U7HZgrcje9BHD27bVKQyaCfPL9HVuvwbI2imJGZqRlszM/qfA7vQ3rPGwHcfH1ZWWXal5lpewzKxqP/pgA28VhGerz2Y+ns/FsulDMmX2MGZEn7Ho/j+Hm8tilwPAW8c3vzONwvmpBzqEE22w/vT8JIjogqRoxxZGmH/Hw/9k4O4Z7Hb8xs3nSubJMgrYcQjwowZU4JczjPgymTeCxIOH6nyv+/oNTYzzFGdvvuh98kc8wxxxxzzDEH8BsDgO1vYjvmmGOOOeaYY4455vhbNAaWIpJ4q+p6APqy9K9NEoCBOPiBGmsEcLOSFK+qCmtLQKRoO+fwIRBQ+KYfpQlR9F1PjIYYTPJMU9T1kqYHWxqUNyhlUUWF854+eoyt6RFP1za0AwO3rGphMmqLj158U8uaXluqqhJQM0ZaD4UtEqvBoQCfkp9929L3PV4ZXDDo8gRb1XgXCN6jy4p90xJsHAAzzJLetlBpmhCwtpTfXAClscZQL1b0vejVFvWSqIRl2rkeowzWFhRlnRJngZO6pml78cpF/G2VMpi2xxGpiiLJc4ofc1VVmJWwgcuTgtY72rZDLwo61+NNQVxFDkFhlOXgJVlfluIj6o1HGYPTBh9FhhGjhSlrAm3G/HzA2YK6rNgf9iJ/SIFHEZWwTyMao8ckdd97jB1Z0MaMfnghgrZlYotmoDIlIAuD7zpsUdG7juANLmpcMEQsOSmZgdGotAAQ0REVYARMJ3piDDgnsss+QgwRa6S4wYfsVyjS1k3XixdwDMTksZfnucu+d1NwUyodpO16lCDOTKAMMuZksE675AS51lokm5UiakXwQfaN4zY2SYzHGAXQLQzOC+vc94EizW9blCK/meSepxKNTMB3ogaV5dGLsW1aY5O/Z1WKf/bA/AkO0rFlez8ypdJxu6ahWIyS6UopvHNSzKEUJN9J772wgocksBn6og8CFBPGZLkaxli2N8VY/JEluc1E+tzHQJWKVXJCPB+/68Tr0VpDTroPxSPpfEVd4drEusoFA9Gz7SCoBbXx+O6Us7jk9vYWrRyH3QGrOk5OVvz0t97j9s0t2734+77/wSMsjq5vOD8/5dNPb7hqD7y8OqCU5uYWfs/vfp+qDPRdQ1Xveflyjw83VIXh/MEZTeu52/Z85YNzrNX86vff8I1vvIPre779y6+42cDTtyqef3xJDMIjtLfX7A6O0wcnPLk4wdjI61dXbHc9Dx4sUNrSdfDgwSM+e3nFDz7ccXkNFxeaD97/Mk1zy/Pnl6kAQ+agc459E9AWTNfwztuP2e+37HcHTk9WHBpP12nubhsuLh6COVCUK7abPUoZfvDhp7x5Aw8fwosXV7z/znka05KibNEnjhcvXhKiol4s2GxuqUqoqyVvPX7M+tSxPzhQ+1RQ1PHs2ZqTteb09ITvfPdTPvo4YCowxvFbvvElYmx58elnoAoePrwgqoLvfXTNV776mOcfvebuboc1sD4xPHr4hKpqePnqhrbz/PJ3f8Annxy4uIBvfesbfPv//UU++cRR1+D8hodn0Pbw6hKub+DL70tfXV7dcXsHT59qzk+XFGXg7vYSHwyL2rBcWIzyWB346lcfsbm74Vd++Qd4pdgdIvv2QGGh7fbc3e45HODBA8OTR0tiDMSgaA/gCWzvAs+eFpysFzjX8emnDcsFnJaKi7MVyhp22x3brQMFb731mHfeWrJaGe6u79jc7rl+84rHF2t0sUSpK/abO2xVYKJBK8Wb2w3L01PKskS1EV9ZDq0XKdyJbGyWuP2i94svAnq/KERx4dfc5McqpD+OQcM4kTCWtXkE7uTuNkfgZ4wjazUf01ozAH0hAYEZ6B0liRkUX3Kx1P1CLRgtCrL36yh5PF7H6C88/p6B1SmomtVUIiEdTx+dM0aR8O+6Y4atHE8P7xJTn9q8jbXF8fMntWfKMs7XnPst90tuf273lHl8zFIegWCbvOm7rh2KBKfPrAxKG2OH8+bv8jXn/wZVir4nhBEIzwxiiekYxrQmi1JJDqUURsvf+b03g+VTcD4/OwWMnaiXaD3cf9nLOHv/Tpn6eTzyZ+fk/V7pXBQ6FsRN5ce9dxirCNGjokGn98U55phjjjnmmONvXMwA8BxzzDHHHHPMMccclLYS8KOsU0JLGL1Ka4rSEGKHMkZkh72HlOBxvQAxVpXYcoW2BZ2f+LIpg0ehizJ52kJQAnQWyxORYNUapaEsrIAS3uGjgJ46MRpVIUmpoK1469oKXUj7lqcFnZOEXhMCFEl6sCgILrDXZgByotI4NKUVhp82BShFEzzVgwrbO2FfaIVHzuejAIyqrPBNK/6jCcjy5ULgyJS4M1WJz4lwbXE+cDAmMSGgMwYfI8E5Qins1947iAZVGKKKhHpFKAP7thdf31I8Zqk1be9QiYUZTAADnTJEH1HagIfeO6JZJa/jpQCe1uKiE8/g9H8AuxCxyqKsAqXovCdgiCTpZpJvbEpMeuVxEbZNj/r/2HuzZUmy7Dzv24MPMccZ8+RUQze6G2gQJGiU7mV6LtEMZpLpRg+hO76GLqU7moxGoAF0oaqrKqczRZwY3X1PuljbI04WmgQMEkQCjGXWlpWRMXi4+w73Xv/6/l+XIvrqAhVEZI0hooucOVsK7aZMIdbNBytke6Cxxc5XERHL40RC9c1FHyiKEu/dQfyzZUEIYi2cpAsLSpEynSLkpiWFcGz8hoTW0vAWSsXKPg6ZqAmeHLubM5CfEeFak3wgKU0gyrBDFjz7pm3Zr4MY0UaT/NESHcQim/w+kIgHhCmhi0KaqTHSWzLqQhPUUVQlKbwoxkL0WgNaU1t7oOmdcyQ4NF21FrFVay3n4rOGbUxHQizFz0mvg3WzEnrex3CgpZUy8v2yZae2Fq0TwXkOOZNW7J6P5DvoLDADGC05w0kblLEYpUkHmj5vU953KTe8te0tRsUSPvpE8kfnAaN669Ikts19Yz8qiOrQXD5kLGvZft85lDk24I2C/On4tpNtS2CUkmOmFDEqWgxPruLy7I+YVVNm5V/RPS4Zj4aMRiP+/C/ec/MistnseHz03LwsmEyGvP/xexFSreb16zmr1ZrtPlCNLrhf3HF3v2RYIRnfRcF6D6ZS1Lbid99+ohrA2dwym4x59+4dRQH39/fsti3WwvkMsQZPAdd5ri6HxKRYrFqW2zXLxQZiYjQuUFpyah8fnigreNruub645Pwi4XWL1Ybf/OYbri4nDGqxoU+UvPvwxMubMfuuZWhg8dRQliVWG2bjAcvFik2raBrH1bwioVgut7iwpSwGLNcbZlPF69ey9rRWLNct8/k5VgVM53l5c84PP7zD2AHb7Y7KloyKEd//eM9wVKNtjesS08mEx8clr29mnF9M8G7Pw8MTT5uILeH8bMR6veXj7SNKJ+rRmO++v6PZbdlsd1QW2mbJZAJlNSKGxHbfwMOCsiw5P5uw23c8LvYMR1BVsFndkQhoC+NxwXQ84OWLCev1mpRWnJ/DpLbZItlQFPDrX72kbXf81W+Xkgs9HuFd4O5+y2BYYA3sdyva1mNL8M4wGNWYEnTa8erFnLc3Q77//h7nWyyyDgOOydCQdEG82jMdaUrteGo2vHozhOhpmg6Uo1IVk3HFaDLh3YcVk0HNdrVgvWioqppmt+NsbqmHJX/zu1teXp8zm4/4/vuPfLprUNYwHBhi6Gga6FxiVFWUZUnjoPFH8bLPFT1awR4za58/nlJvM/x7gsX/GdfRyvfzx3qh9LjfntGY6milq5Rcz4S0PDoXHGlOudYZq7Lt/lG0k6f0gqZcFo6U5nFoCSDG8FkMiFgMyzXq8+tF//zejljla+3RecMWmpSzhLvuaFXdDwP14vdz54jPyWF9oIe9D8dhpRy10ROo8t9HofSY95sFUwJ9pnH/mb0F9lHklf3RC8zyfY60dH+fp5TCFpoY4mGoqKqqw3v3VLOIvJaeWD6Qv0YRUpCQhEz2Pt92Efk/j5roM4tlP3YHAVce98/ur47nQ7/NPfndk8XGCDXcW2g/p8kBuf6po2uLykMIvTsL+Xxx7ij0H2jwdMxIPorF8XB8lYbnNPHzvONTnepUpzrVqU71j1MnAfhUpzrVqU51qlOd6lSEYo4LXhpfURPtKFuoZiJgAGvvKHSFR6wFdYE09GIiFAUAXVIMJgOUtaRMjKVSBGAPuCxGVkaskE2EoqpJPuRmnKLuLXO1Pdgi+5DwuQE5UIqQEQWlK2lKOX/Izw1JrJadcxS6QGfhrnMBZa3YGOfcOLL1biSxV4qUs+HIVos+pmw5bIWcLKSx1saIKQz7nKcKQtJGrQkpiiAdzaGX11v1Fbq3xI5HGtpCREturFX4Vr5/68SGWUdLiCWlLXHGHekXG1EJPByIjZQSUUkmryoUwXcorfBJkbTFqSNtYa2FJKLkaDCkaXbo3AwVUVGoVK1tJklEvCNARERGF2IfWygkLEryIJ9ZABbGEII7kDsxBBH5UhIBQKu+G/1ZM7YncHoLzH4fgibESFHXuLb97LVacBYRUHNz9GChqHOWctscqLWMoR4+rxdeDw3KnCecFLnJqnPz2R4amgeyNyWSVhjUwQIaJTbM+eCIEJ/JYrG7FpFTo9DW4JxH57zfFCIqN2BTFg2M0hA5EMFGyxpVxkp+cFT46HPooZBd/WufE14piuT+vPmrtSbkgQ6SPjTotdJoo1EJ4jPtom9K9+uHbOfdHzdjDMRAys3oSMKYApNA0Vt42pwN3j0jCOMxNzKL39oW8qtTyPHQsReMj3RvyLbR3nvZxymHWPbHNhO9MeYFGaNQydpIRrAxgCKFSJeEXHYuQnBi+W0sIQbW3vBuaRlfnhPuPDM9ogyJze0D2z1EDNOzM5RdoXRgvXmirIcURcV6vcGnxHA4xMeGdvvEeAhts2Pz5NFAWRmmY0fbBuazkj/4+Rm7pmOxfOD9+484lxjWMBlWXM7ndD7x7sMjicBsNmG3X9Psd8zmM0oLeweTyzP2zYbRZIJr1jTbPc45hqOKh9sHut2K7dYxKCzed5SFZjIcQexQBr77/o6Ls5rReMDXlSUqRVHWNLuW3W7DZDKiHBbcfnd7WFpd13FxMWXfeBbLHfOzii9eXdO5HbPZhNVqw8cPj7z78R3nF4aqNPiu4ex8wmLRUBSaxXKPVp6ysoRk+PZvlpyfF3zx9oL375Y8PDwRQ8NsPuLhYc18Nubyasx2u2Y+rVk+rnAOXlzXjIYVWpfMZyWmsGw2G4xWON+xWDhcB5PXWmystw2dg8lkiCJQ1wlN4NXNCx4eHmhbh6s1i4UnhpZ/8Uev2W0bdrsWpTraEPABFg8fOT+b8qf/6gU+KH743T1t65lODYPBgE27ZzQaMRqNcB6++W6BLXaUpma5jKyWC758c8XbN9fc3z9CSmw3G5yHy6srvv/xjqKA8+mA9WaF6xLzeclsdsV33/4OS+LqbMJ623D78ZGmgceHOy7PC2bjCcaUfL9eUdfQ7rb4DqxytNsnBhWcz0q2LnA1mrPcNKx3HU2TSJVGlwNa5+icx0f1bP0+r+dOCOqz//7nZuf896nn+6D/+9Fp99nvnWjpIgFGGfTRgLUKpTz9ZQ7kOf0QU4oea0AMDiIuSQ660fK7qrMLg+SyJ0gaT7YSVvnopYjc0niIMgSTYup/StEajJHPjzk+wCdxi1F5g5SWHGOtE5pESA6V8jhAShitMVqcUAIJTcQTCTGQSNhC8qZlkOu5YNjnBAeci9SDEmt71wkhXZ/v58P+zg4jfQyEycKv68JRmHw22NWL7ocBKQKgSFEfjl3wn1PFcCSLD3nGSZwzUjzS1taaPAwlQqr67L5HLt29MN2/5kCGp15wlcFMksZYhUGG1oIPWQxPn32Xw3U6HilugBAdMSn6aIfeDrqnwl1wgMLm+xzUMXO4f87hvcIzV5BsO91T1f3zZKg0u3uEnhz2f/8FdKpTnepUpzrVqf5BdRKAT3WqU53qVKc61alOxX74JcoYlDKEKPbFUVvQloBYycWk2CuxuCRAURWk7pjDppSiCx2bAHVZQsrWr0bT+Ux3hEgwhiaGg7XxxnvqUXHoaPoYiTqhjMWFRFEUmCzuygdpooKmbanNCO89AcewGBJSkOxZDU47quJoSWtK+X5eSWe1Sw6rMqnaZ5hZLcKUEhE2klC2RGHFojd6tAGfvJDBLmFUzFGpikpbSBGlAiiNtllEIwvKISEtUYhJobQlxYhKkrtmbXHMHs6il/PSUHMhkNQxa4+oDo1N12UBnSzgxYBCMlQHdU3T7aXRWRZiU5izlYss8q02T5SFoSwLVEwUpiQq2d626yBplLbSo35me6zQ+NDlpvGR6LE5+9mq/rkWW1pUSjjcseEJh5xXay0uNlhjKfrX6wJjDEVpsiits31hIuTM2qgUKjdUQ+dEtNUmC6+5CZozXff7fT6FnimZ+fsAoIWg7q0NldFE73Nj/mjf3FsQd10WLvP79UMIB0o7iRhtCktwDqXtIY+PfHw0Gh+80M86E6c9eauFnkmKnKcdMBpUMlhtUVEyVukF0SA50VFljVuJ1XEKEa3sUdCOEYUiBoQGQhGd0Dtam8P2GG0hQfR9JnEmjILPzWIFmWJSShG6nFdsFdG7bASft817bFHiXBTnAGPQSuM7GYhQSqGCR2sRLbRKjKoapTXbpkVre7CyTJkmJh+PGJxYRIdslaoiKWrZx1pjS7EwRska853LjWtN8HJSx7ZFlQUmOxEopVAxYasy238LGe9TwbKteL9yDEa/IOmK949/xeJTy9s3A3b7DevblpcvxmK9GjzOBRaPCwbDMW0bKAaKi/mIpu04n1u6ruVsPma/3TGd1HzxxTWPiyfazvDnf/kO56Fr4V/+eo5RAe9bRoOS5eIJlwyDusLYguVmwRevrih0wHeOm8uS1hsRDtcdKj4wG9e0TjLZ29YxGsCLyylcSqblarXhcenY7Ve8uLlk9bShLuDyYkJFwg5LFqsdt49PlNWET3cduqgJfsvPv5wyGQ1YPK1p24bRcEhpNZvNDh0979+/ZzgoaJsdbdtSlZY/+sNzttsdxopo3Ox2DOqS5dOen39RcXNzw3/8ix8JToStFAK3H7/nfAbGwmLZMp0Nub6e8+33S4oq0u52vH1zwcsXczarJcPBmMXjPaHUPG321KMBHz41fPG25mI+56tXjqQMt7drFo8N3sF0aomxo65LKqvYbrcMhyOCc5zNRkJMJkNdjSl0gthRWIUmUNjAbAyLRWA4aNk8LLm+vmE2q/nh+w2FDWw2G9abwGyWUCkQuoZX1xXLTcvLmymF3vHpdk/b/ohWCWtLvFMslzAcarQuGJQFk+mI4FtIkelYRMD1eoPW8OrmjKJIbJTicQlFKSLPux/XxJshbbOmdfC08kynJb/65QX7/ZbhYILvPOV5xfb9godlQ7KG6MHaAT4VbNYt+yYiYwuKXnSSNdlTjFImk8ExU4UHoQzoucOk/rb98z8VobiPRlfp8z+T+j3PTb2NM3loJj8WRYS1VrRgLZHz8u8qP1fJ8IfV4By4POsTZN6HqpA1ERN0IZF8f2kSUXlQg06BTglhG0M4MNpay+drLQKu9/L+VZHkkGQo1VowpXx+0yRInkEhry3ltoTOgdKJFMMhPiRl4VgZuaZpBUrLNTD4gJVbJ7kcx5ApZBksNMZkMTV9dj50rSclEcjFjvloNXxwfUgJm6+1Pv/dZacXnZScvXlgSkWxYk5ZrHTOfZ6dG45OG977z4Ra5xw6KayxBOJnNtW95bPJrhMydORIJmcj0w+w5fZsjMSUCOmYXWyMkc+OjqLoty/QdXLNl5cd7ae11vm7JYKSXOAi3zuHlLJwnMlinVBRXEFAoY2I5kbpg3jrvcegD/dLvUV1SuK+oZUhdr1leY6KUKCMyadOwgBGFzJQGH0+sU8E8KlOdapTnepU/9h1EoBPdapTnepUpzrVqU6FH70BekKhJEShdbXWOB9QRW9/a9gGJKOzM1il6fNAjTEElQgqEFRJCIm6rum6jtZLQ65vVPkklGBCoUtN+8z2lUITELvmoMErhY6KEIM0wb0nKIi2JmEIylIMJmy6jhiFzux8J//mc36u1YQsnpIQQhgRcyRDNNF6IV5iVJnaFbFIGlpW8lmVJiZ1sEUGMAh5qnobX52Fo6Kg8SGL6s/sFpXQkNYWqBgorD2QoRoRvL1OKFPQth2gRIjk2AjsyZEQZL8XRqGtIvmj3WFZlgC0bQsIzZpSwjt3zHjLRGjMDUfvsn1kbugfclAz4XWgjqIiRC/Pi8ccvZT4jLK0hRDWPuambG7oW2vxMR5p3UyKWH3MIizLkhg4EKn9Nj4nyBR9c5iDaCqPJ2xZEjpH9B5tZV98ns13pEdTn09IOIiVpihEjNVa9vdPcwpjFt1jRPfvR0apkhECJiVctmsEEZdtUaBUPJCxvQByJGnToXndb3NSYgWdQs4zJhOuCemoHw5MImgN2krzPG9bVEcCyRiTyWBL6FoRRmMmYpMI65giU8KR6Fz+HFC2b8BLg5v4TMBJz/dR3g8RBlVJ27ZorQ7DDSTJM3b5WNpCiGqjFEollFUYZWRNpDw0kc+LmAdUXIxYBdZYjKnoXEPI72dUgTIiWIMI+UkrdJIGvtUmD4ZkXSMAWoR2HwM2Cw8yaJGwWuykU4wMB2MsQ9ZR8eCuefvFJdPZiC/evCN1G6yJXJ6L+0HTRKqqZlQHvEs4F/n0ac/l2Z7xSDGfjtjtN7Qt1AOHMYp9syHc7djuO5KeMxgOeDEd8/hwx+3dI8nB+UXBarVCKcPyYYtHvsd0alkuHtEp8PbNa3b7R4KPfLpdMBoZ5tMRo2HJ+/f3nJ2NePv6nB9/eM+H9w9cXtZURcFoWDCfT1lv93zz23fUAzibGYie5XqNsYrOR/ZNxBaJ6bRk9bSlKGFQVZRlzp8k0LZ7lsuG8chQD0ds1xusLRkMKrabPdCxWN7x+Bi4uqpRSWHLGmNrRn7PeDblw4d3rFeBotgynyjGk4rXNzO6ruXT3ZLCCuH9tFhRWIhuz3SiGQ0szX7D07Lh/rbhq6/O6Jo9VzfXxKQZPO3ZbRuqYonVDtB451AavvhijrWG9XrDZrODyqBNYr9fYy3sdltCgN0axmOFdy339w3n52MCifP5hBgjVSmuA8Qdnz584OLyBa9fOpbLlvFgwLCq2Wy2DMpEaROz2YS6tjS7J5SSIauqHjMeGpqmYbnZsN1A10XKeoHWms1qzfXVXASdYsB23/H+/QMpwm63YzAYcD6fUxUrUDAZFFydTfD5d+n6uubpqaFtW8qqoG0dT6s7FJbhdMjFxZyL6yGrfeL+sWW916ybSNMmIkd68HPqUj27Joj1bv+78PsE3V7g/Kng+zzXtq9/KqLwf6r6/aOV/K4URssgV0pUpWY4qIjRczabYlKH6/Z0naesYDqpubqYQfJsNhu8M2z3O66uzsRqOVsE+5DoPHz8tKIeVIQQqKuC6aSm2W3wPjKdn7PdbmWwKrtrlGVxyAPebHdsdoGz2ZDrqznNbsV+2zCZjvAhsNl1LJ4cISTOz2rOpgNsATHA42rLetMRvAjFF+cDmqbB+UTSEpXQukiTBeyihnogwrFz4CN0HlKSbTNyCSbFSEwijscIWkXyrBYpynDUwQBERZyX12olbipWpyy49wcjDzYp2a6elHbeE6JGYQ7U6vMSMdcc7rW8O1pgP3/O8z8/I99V/Ow+pP/3kNzBoSPGiP09wq61NluAR2JABrt6wbeymcJNz6jfmEc0FCHJdyuKApXjKUJKBJkW4zm5C4CRQbUYEyo7ZMQ8UCYzHiL+Juezi0r+jv4Yd/HZ93Mt6O54/5Y+t0M/1alOdapTnepU/zh1EoBPdapTnepUpzrVqU7FNgwAEelKW+HobXoVFNl+TiWIOb+tFLYvoIRkUAkfE4Up0ESUKSF5otK4pMRCWRlctnquq4qu63BerPua5NCZKgjeU1QVLiRC8CJ4qkQIjrooUdoQg5fMNRJGi30ulATniApMnz2aScWiEKK0pxa870TXQ2x/ncufkwIhJbquQ1mTLQMLjDUknyh0IcQrIn6DNBgljxRUijjnqOs6i7wK5yPK5My03KAdVjWFlrxdo8Bqhe88PgrdCOBDR4wBbfSBfIkhoBJ00YtQmxCx2WqcE7vnlET8FdExEpDMZlJCodBWH0hdZYwIwlmLTUqack3TCpGlFVUlGcTBpyPpRKZ1tMp+k5CUJiWPQhOcWHhrrSWzuaxBK4Lzh6ZjLy7HECT/WSU0st3BJ4KOeZsUXWoJMUFwWJufqzXRS64dWujtPqP6kC9ocnY0SXKJvc+EUSZTrWRAq6goCkvbRhkWyAJsljFIRolIqKRZr7RCYQgh5u1RkgMc5RUxH6uqKAkmHprqBoXRisrWtG2LsplsVzkjLxPjvS3z8yzNg3VxCAhaTRaBgxwMbdF1Jee/Fiq2/9yDVbXS+b1ylnQAWxSE2IndqLL5PZXQwkqhSi1d/Vy2LADZ3r6BG1wn56gS4lZbyY5VMdB5h3MN5WBAiInSVoRwtM8sS0sk4dqOwoo17r5p8D4SctO7twnvm9piBy+NaR/Ful5yv7PtdEpUVUXXeUKKmaRO2dZTCO+qqvC50S621faYcdhnJVaGLu9HkyJVVWGAtvO4aHC7AZOJ4rUe8OX8Cr/3tLsFVVXxuGv4dL/DqD1n04q60Pz4sGM20+zayOVlyWxW8Itf/IpP92u+++49l5dnPD0tmZ7PmZ2VBDWm/f5HXlxNmQzgu+/uaBrQpWO/h5c3E0YDGIwHGCPuDE9PazZbaLvE43LPYFTx8maItZbRoObdu1tm8xFXL64ptOP8fMjDww6weBdxLlCUmuVyLE7/BQAAIABJREFUx8MD/PKXE1RKNE3Daus5Px9TmpY3r0YkPWP5tOXm5pKm3fPX39yx3cu8wHAAX7+t2DVwOS2E1icRk2K1blHGMqoMZWVBbQnJs9kljK0wNnF3D+v1HQb4+gvJ9G3bxJubKU37xN3dHu/g4rJgOhrz4w8rhrXh6sVL2v2a4Du875hOZcksnhYsl/C6HLJvPD5poh5x/fI1FzPPb//yt9Sl5mkVeVwscQ7O5wU3L2akqOnclrevpxjjcV2grEb8zbcfaX2i6BJnV+d0XnH/sGE2W/PF25ek4Hj//p7FE4wm8MP3n4TMfVExmZR88+0nnhaJ/+5fz9muV6To6JqG7T5wewsvrhyfmgX7SYXWHVfnA85ngV0XeVrtmU3HNI3YTZtiiND4BSnBaKhpOsV+v6GoPJdnsN2AZYtJCVsqXBuoBwPOz2bsW0frFXeLQAKqQcV20dG6yGAYWT1tCGnEvvPs2kiI/Trks98pKbGiFfFHk3rK9ZmOJha5x7//1Br6+J6fv+a/xlI/0aN/H/n7vIzWFAZKIkYFytJSFYrZuCJFjw8GG/Zcz0tUVFxenGGsotl3+PaOy8sxO9Ox3SbenA948+aS9WbFbrOWwbkEzgXezOcMh0N2TZsH9fYMLwZU1YCHhwdeXBkuzi5JSbHebGlbx9XVBev1E3ePges/vGa9XjMdd4RaU1yNicnjO8fozTnv77Z8vF3z9Y3m1YsRHz58YDKf8PX1GfePC2LQbLcNN9c1SQ8oioLOO6rCcr/c8um+pXOeqyn8+tdfs9u3vP94R1GO+O23S9YNtB28eVnRti33j7KWr67EljrEg/kGyyfY7oVeppDHy3wslE74IASqLRLRRRI9kayIiGgaUx5AQwa8ejo7eRlaE+FZ/h0gxEhlzeGeKiSNMRwAb6WTkNxahvX6gbYE2NLkQTt5T+dkCAWAfJ1DyRv1YrMMLSmS6q/rea1gCD48y/41+brmJb7C90Nlcj/leqo5Hb+HrM/n6/cnVu1aSfavQv5/QFbl5Z9luFHobnHK6O9ZD0I3iRTlXgsl14KfrptTnepUpzrVqU71j1MnAfhUpzrVqU51qlOd6lR4JaSrrWq2XYc2NtOURmjYbAdny1Jsb4M0lFwK+KCwRnJae/EtJkgoQiZVi6IXAxv5PC+Cq8kiYdPu6XNY1TPRUHLDpAk1GgzQJGxVEJ3CeWluGWNEsE09MRRRKnfh+gZXcFSVWOgK8ZIoq4ouRHltTFgj5GsyBl3XYDTeS0PNOSEzXAxMRlOabCVcVRWuawjBYWxxENtiSoQYiD5ijCWpKNbWcLAWjDqgYqCuKlrXHXJ2Y7bY6/tuKttuO+cODbOepk4hEIKjz8brRXuxq5ZGoNYB35Of2uZGI5CFcWloQpBOoVDCWVTuiVuXbaDJFHOfB6cEwT20/dGaCAcS1DlH0iJm+hiOmXeKA61Lthe0VpNyLq0LXqIPD7iOEC7W1GJZiBPBVefGY7YqDD0hrXpyrM+tU58TqlmAVBpilCziruuFUnUQTGMIaGOwuiAeupXHxmxKIh7GbIEdo5fmqNakAF3qxFpca6LzVPWItm0JRFJShGwlLbtOZ8tP81nz1eiCqKRhq8oCrSsZXojZRjMPMAj2ZFBZ0CQEfBKyN4pKI2tDB1S2oe5p7ZQS2loh3aMcm34fHDMj7WE7JalRkYI0ccV+WoYpogLVr2WEFKrGo2P+ojYkFQCNMQoXJAPQFJaYYLdtxHKehPcx0/SalKCyJa13WGMP37+0BS50pPy9rTakJJST97KmVIKktVBQwWGUwscgjWqtszAu50u/Pgpj6bpOzs28ZitjZG1qhU8VO3vGd49rinrE4sNfcj1eczEtuL29Y7cLLBdw86LAKigry3wiQxaXZwPqumQ6nfHNN9/wuPC4BrwXO8+Ptw/s9omnDTw+Qrv7hrPZkJ/97AXeO1arNWWZcK6lrETQB43N+dTedSwWT5zPR4SUWDztKEuIrsFaeH+7pfMfqExDinB1NWa73VJVA3bblu32Aefg5auC8XjKbrPk/n5PSDAYDHn79gt++83f8Bd/8QPDAZAim9WK+XzGdO756us3BL/H6MgvioL7uxVP+4bpZMRi8UTbipAzemW4uLigGoz59GmJNprNds/jcscvfn7Om9dnVAUsHxdMp4rgW1JyDAYV//pPr/G+o2kDn+427Buhjh/vP3J76/mTf/GCttty8/KKEOHT3RJbOSIFTbvj8TFyf78muN/wr/74ktlszNN2w9c/u8zXEIVRlm9/94kUIXh4+1qxWe/woaPrOmazAdt9ZLPtaJct+w5MwYHgb9sW7+H12xEX51c0+y27zRJbaPabDYWBVy9lgGQ+n/P+w6MIz+dnnF9alo+P1FXJ3f2eL9+OmM5qnGsZqiGb3S3Lpw3WFny4e+Tjx0Tbwps3MJsWpBQwuuDxqaFsN4yGmlcvZmidqCsoy5K721uGI4+1Jc16x/2ipRpNAVhtGzabPfsmMppoohqyXHesd56AIaD4+wiyzwnAn/75+/77+XN+33v91yoC/111EMMkzVycBUrNeFBidMR3DdEljNW0u1Y6dePAbGyZDKBtd3S7hvN5RUXD1c0MHzSbXcdv/sNfMxjAZAJnZ2c8Pq4gBgbKs3tcgpY5rfOLCW3bENuOcR24mA1YLj/IpcNDu4Zd8Z5JXTB5XbPZ3jItYbfYg4Kz6wlt11BYT6n3fHEzpFJrZoMA7YKX5zUxNqxWS26mBcYkuKx4Wi8Y1BWrZctwWDIfTnH7hnYQOLupmI8il8OWx27DWeWoh57q64qnfWAyPcN1e6wd8ce/HPHjjz/y6uUV1ppMrwZKW3D3cI/RBbaqeVw8MZnNKcsh682OTx8f2e6iuKSohEbnYUDNtu0I0eB8ZN8GitJkxxVNjGQLa3OwaTZGYfKAlkVcJpRVJOeILhLy8JAySmI6TJZ5U8IYTVJCyqaUKOyR2FXI0KLQv9nhxeVBKxWJyD2Y3DO5QwxIRIYoJQJByFtFPMRapGyz7HMMi0IcXVAJHxBCH/23yPrDfR7qSOj392Mq+5KrZwbO/f0qHOdAkKHDPtu6HxaJ+X1PdapTnepUpzrV/z9l/uzP/uzP/ktvxKlOdapTnepUpzrVqf7L1v/8v/8fGKOJIWGK4kApEPp8sigNZWNIKjeZjCamiFEaRUJrJVbISiz3jNbQ2yOTbfhIfV8qC2NZ7PKBFD065+aiFCkGUgwU1gjpmlLO5g20rss0WSZZsyWvTokUvWSeovDOYbSm893h83VKYkVMFOEnC4mDsqAsLIUu6IIncrS0TOjcs02UVUmbs+HKvK1oya802aLPFFYIE20yqZJwPqCNRWmDD1EoHR/xEZSxJGWOBGVhCcGDgrquiMGTUkQZyWhWWmexV1psKTfpUhJLwOAldS3GSFGUxODkOIZEikmoYjhYDj/zRBR4RWl5Tx9yo8/I+dALrFpBEnFba402IhajMqmZ90vw4SBOG2tEUCZhtQiBfXqksjpnIFrJKM40aUpiiZ1iknw6pTMBnrI1pDmIv763EAaij0JLa7HkFttELfsUUdmLosg9S6GzSRGle5vSLCzn87xvhkqzVp57ECG1PmTiZr0ZQkLkRml+Bid2yb71pJDwXshusVMM0qDPFt19E9YYcwBvU6Zfk8q0DgmU0DwhZZtqK+sxpSgNWJWOKFrfuNX9+oTCGkIK8jxlSMhxRom9ZNJyZoFYoOssnhdFcejdKi0Zw7a06MJm+tcQ1aH1K3q5FjvnwpRig54SGIX3IiTbopSBkYx0hZgwRSnnulJUhcXobJ8eIyE4SmNIoe86a0KIFCZnHKfchFdCgJdlTfReBijybhE7zULykPvBAK3kN8hYeY/8+SHl8ybvkf781KbAuY5CCSWtwxMp7ClMxcXFBdY6hrVl9bRHq45XL8eMa0PXeLa7jqflBjDMpmKVPx4NWC53DAdjlFK0XeAP/uCc7bZjs+148/qa0gSuL+f4bs9+17FtZC0MhzO8i+z3LUWRcN6hFNRVweXFmBg6fEi8uHnLatPiY+JXv/ySqvC4boPR8PjkWCxgejZkOBjwtNozHJYM6oLBwLDedMxnA7SW312jO+pK47s9w7rk8mLGbr0U8iwG2v2eu9snygJev7xmOBigjbgUzGYDBlVFSJqUCnyAs7MrNpstWgVevTzn8dMHNustHz+t2Ww7JqMx1hpSEkvbqlB8+HDHw6IjaUXrEg+LyGQK8/kIqw2DwZCYIp9uVyyWcHl9QQxbBgPPF68nlIWiMLBvOtom8eLFDV3bUZQ1D4sd623LcGjRRWS5bPh469lsYD6r6JrAftfReSiqIeu14/pmhibx9LTk46eOybRg10Ru7x64uhxjjWSXKqUYVAUvrs7ZbLZsNnvquqYe1Dwut/iQiKHFmIgpEq5zxNAQdcEP75bsGvnNeFx4lIF6BLMJ/PzrN0zHFSo59s0eo+H8rIIQWK32hAiPjxt8cMwnJc55vnu/5W4R2XaJ9bZjMBLiOqoBqhhhB3Nuly3LjcMlTUh5+Kc3l/1MBUr8VNyFmNfkUdyVYa38XD4Xdv+pirz/qep/v1V/feCYuatUoq4sZPtf1zqq2nBxNsI1ewqr2O8bdluHVnDz4oJhZShKy+Niwd19i9JwdlEwn9ZUhYLomE1HuM7RtYlBDaNJyWq1Z7EI+OiJHpp9h0IMQobDipgCg2HNfFZjdaRpHMZKFnBKUFaSEd8GzXa3x/kNl2cTNpsdMUY+3bWUhacewGRccH1RUQ8U4+GYT3cbjJUBp2a3pW0iv/zZOZXeMx7K7+du29E1ARU7bi5n3FyNqW3ENRsGhQK/x2iPTkGydkOk2awZVPDlqyl/+NWMP/z6jOuLMaWJTAYVF/Mhry8GnE0Vv/r6Nb/6+WveXA95dT3iaj7g5dWc2WSMNRaVElfX19hChgqdI5OtOkdh9LEL4j6RfMKFiA8R50MWaHOiglyg5d9djhtIIsjGCD6EPJAY8F4cWGKEEOR+Uej4fB+GEbt1+kGuPOiXICHZxGLHLvcESmnSYejLiGCrZK3KepPrYkoqu8bI5yj17M9M9h7t3I+PHYfWbH7s8+EO4ED+Pq+/LTLLNv7bf/s//X+95E51qlOd6lSn+mdXfazXP6ROAvCpTnWqU53qVKc61an43/7d/yWkAZrReJzzZtVBAFIqWxCTGztaLN2s0YQoBB9ZoE0pEpxkYPYWwDEGSmtFDNZH2kChRDjRYrcbtVCm1tgMDURSyLRljCQvtKVSZJs+CDGItXECrXriIGbqWKzzfHAYa6RpmCJ1OcD0ecTeQwpoa1Ap4UIQQDRnlkrz1hCjEBxt02GtgZRo2oakoDAFPnqhN0i0+XVWyzZoa+i8l7xSa+jzDq2tMLYgROhClOZfEiIkBBEXrbX4nNvWP6a1yfu3OAjT1lhUJjki8nqrLc53WFtgrc3CqYiHvcivMumpOOacKp0b+0kdsodJCWOzgVA+jsEH9DObaGMMypDFYU30jrIoUVoTQ0CiYUV8rstScn4BrYx8j5A/O58jKouRfdPRqiP1o3qxN4poGGOkLI4Udk8XS2ZyzOeqEKU9LarzPtBaY7IAm0/l3CgVETCGnNkboqCL6eg9KTmAfT6ziMJ0QlKnGGWfRaGJU4giWiokUy8Jpa60ISbpECtkP2TuWT5DQ1kWksetNWUlIqzNYryPQvP2zWkR5Y28Pu8DbQw2WzPrPLcQUxaaYy/sm8M5oTRYfbT3Nn1WdIz44J/RSEJVVYMaH8Nh/6v8eIiJhMHYMg9DRKHBkeZ68P5Amsf8v0TO6s322iZT5DGL8AYhGBPggz/8ntiikIGPzhGjkFHkIQnnPMXz8zc3yr33sk3eY6zFBy/HnIhBU9cVSkFVV3gfpMFuNG3XURQVRmtSMkxGFa8va/x+yePDIx8+PbFeer74cs5wkLi+njIbl6Dgr3+7YzyxPNx3lKXn5vqc3XZDShCiomkj948dLy4HJBLeJ9brwN2nJdOJnBMfP664upnx9os33N4veffDju2249XrMybTCdvtlq6LGJ1od1vOzic0u4bORza7jvFkzHZ9z6DSvH3zisl8zuzsCu+3NNs9XdeKOGQ8bduya1sGdcG+3XN/t2Q+G6NQbNYtk9GAqixZLh8oC8N2vcO1O7QyXL94wSZ7sy6XC+5uG25u5qxWazbbFqULfvf9LfePDTE0rNctl5cjgu8YD4e0Tcem8VxeXRND4sOnRxSRh8US5yFSsFwHlsvAV1+f8dXX5wyHNcvlE7e3W9abFdOJCOspgXMbjHb89//mT9jvdzw+rBmPKoyp+HS75/5uwXq1Y7Fc8+O7ltEQqgLOzibcPzZMZgVfvpkxGo0JweKjxvlIWRiqARBatIbhYMjl5ZjhaMwPP64oDMzGlsVyhesCLnq6xhG8Y7FogEhdW1brLQ+PEXC8uJ7x4uaSrttzcTFlNpux3WwB0MaidUlZWZrOc35+xmbdsN6smE1KPn7YkCK8ejllUFmsLdjuHQ+PnvGkluuFVtTDEbYynF/MOT9/QdN1zGcjzs6uCHrM0zby7nbF087TeUV45pAgglL4TNg55HTzXBDqRWE+e7wf1Ogtdf+51vP7HaXy9UbLvU9hNVVtsVrITWMUvosMKk/0iZvrmVCmKuK6SAhbFJ6Hxw2Xl3Pm50Nm85rtZovCkZJnNBrRNHsUMD8bMhxYbm6umZ/NATnnqlLz+u01L15eAwZdVPLb7lqennYMRpaf/ewVo/GQsrIUlcHaAR8/rbl/DLz98obpeETTdjgfGU2mvH59zmgyZrvvmMymTKZDjClZrDoeHlv2LVSDEeeXLzA2cXY2wwdHNRjztGlZ7w2JmqoakpRh13i2TSCqksHoHG0sVT1lten4dLciUbF82pBQGCLRN0ynM77/8ZZvvrvjm28XtG3Ly5c3bNYb7h+fWK823D88slyuaF3k4WHN/WJDWY9RuiDGROfkOjusx2hTopXBexl6AYXPURwxiRAs1xlFTEfBVK7kRgjcDMHKfZ/ODtEalYTIRVl62+TnoutBeEWj0KQs5Kok4nJCyb2T6teTiLQy+JQOls4HITa//zGnm8M94+/L1n6e6/23hNv+7chf7D9z3v/0dT99zkkAPtWpTnWqU53q767/NwKwSv8pf51TnepUpzrVqU51qlP9N1OT//F/xceAdxFdlJKbmRWiENyBmFPKHOgerTUpeCCiUsoZuImyLITYVQmddKYvRcA1uiCkiE8R5wUriTGiYsCniLVH6g84ZH7G/JjNlrVRKUxRsevEzlklEZSM0hgUSktLEDTKGtquO+T/KqVQSeOCPOZTxORMWYWhbVuiMYfmVUqJMts7iwipCcFRlGKlF0KgsGIXWxkRrsRmWlEYoYFDjHQhSoPQaGwWnqwtJf8tJVzwkpMZxW7bWLFG7sVVOFqLogxN02CK4iC0axTRZ2HUCH0dfUAbEblHoxHeRdq2FToEMhGqDja+xERwDmVLJM9XHZqDkgEXCd5T1fVBlG6aRsTl5FFRsmdT16K0FtEvKVRRAhC9UE7GGExRotDsuxZjcrZr1wmpm8+v6IIIx3DsNurc3FQqk5pH2qw4kM3ZIjkJsaq07IPeylsoXhEyZMfq/BF9Xt2z5mUSi+gDwqPkGB5yac1xTfTnrVF9znI+36IMKxhTHMXr/NwQOkxZErwc/6SfNWP7xmw+93pL5qT6rD95f59tnA2yP5QFYkIj2+Y7+YykxPbbu30e5JBzVdkiWzhnm2c4CNjKWqzO1s8hHc6dz2yqlWQsd11HzMeuz/PuswV/KhIJ0SwDI701avQpU8P6sP5lfx6PcZ8BLO+fBeHnxyAFiqKgbVuG9YCUEq3r8vkhAn1SPfGbsxtDh83OB0opIa9VRPlIWVpQIhArzPH3KG9LpQIT7TlTH/nTm3vs6j8w0Eti98BoWBH8jqvzIcOqoG0dj4sV33zX8fbtAMKeroH5vCIERddBVDV//tdLrl7UfP3mks16wf3jlvl8yGg0om0cq03Lx9s9v/yDK7QRkm+7fsIauLq64P7xgfUqU94+8Cd//IKEY/XUcPuwY7WD169fUVnPbrskxI6YNJ/uInWteHEx5Gwua9xHhY81337/kdlUrKvvbp8YDqHZwWSisKbk4aHl5csJ69WaX/3BDbum5cOnNcuNZ7OG8RhevZhxcT7jYfHIZteyWjmiKtm7xG7n+MOfvSSElv2+pW33VLb//VQ8Pm0hgPdwfVXRdS1NA69fX+bhlj1/8sdf8eP7d/zFX96z3sCrG4XViaqEpoHZTHKoZR0VNI1YfPdk+7Ae8LRa8PqFZK46J9evopRhoP/4mwfqGr58PWa9abh78CxX8PpFyfnZgJcvZ6xWT7z/9ERMhrocsd2uM1k4haj48PGJzQZevZ2x2uxJoWM6hMm4Yj4/58d3H2g6GIxqun3D6zcvUUqxWi7QKrFcNpzNLPXgjB9vt9ze7YgJvvjinLbbYVRgPqnp9mvmE4l22G492wZaByFqTFFijCJ4B9FDgi+/vuH792u2+8jl5SXJnvF//vsf+eGuofHgk4hZvfj7t7N6xdpYBGCfB8Z+Iv7k0N94EIQ/t4D+u8jffx6tq4jRmqrQwndGz6CGYaUYWCiU/AaWFr56VTKfTfjwYUHbRs7PYDRUjMdjtus1roWiAFvA+fmUEBxPT0LtLx46Li9LLi4uKOsBD/cLVtstznVMRgVVNWC1geVqj/NQlpbxwLBcbKhq+KNf/wJjDK13qJgYDqe8+7jghx8/opXh5ZvXJCLr1QYVE5eXlzjf4L3nad2w32+pixyREGsms0tiUnz/7j3T2Tnz+YTJpGK7XrDbNuzbyO39FlsOmU+HrJ42bJqOkAwuQgiByWhE1zl8UKw2OwaDEVVhqCvF1fmErt3RNA3rxvO0aVG6xpqCRL5/0iVnl1esVks2u73cL+lShvBQ6KQxRUVKQfLhQyJpyd7t7x2e3xd2XUeKiphkiAh0zrePeR3Idqs+Oziqw4DEcYjiWAo+v+4/WyPwuYD6+9aLUMHheF/zn6nn19P+3jaRhzni5zT+71t36kAiHwdEf/r8foDvp3T/4d/z39t2/3du76lOdapTnepU/63XarX6B7/2JACf6lSnOtWpTnWqU52K0f/wv5DQdCGKfXFuLkXvsmAijRpjioMYqVQidq0033txVCvJoewbUCkJyac0m82Guq4BCIpMBkesEUvPSMKa8jPy83mTS2tNihFtrOSDRrG/S1pB9JJRrKSZVVidaQxNFyQfNSowZKIxN618bxUb00FUet60TkEeq2xBn5NmjKJpGrSBwoo4K1mtGhVD1hLluX0jrmlbTHl8rjXlsZGuNB7ovMsZsCLemvxdlD42x5USwdnogs67THtI1m5VVfjOZctisYRWSdgREZvt4bkHktvkbQhRCGPnRYjMwjSZ7kJlQTyKFXW/7X3zMKWEsYrkE9F1EEVwIyp0UYK2xBjAuyygGrQt0CrbBaec2ds3RvPx172F8fOmKYARUTSjzEfh1Wi8c0K/KkXy8r2M1fK9+7zbQ8ZvEuvigxibDhnOh/MwiXXwc2vmXtx4fn6mENA9YZr3b/Ths79rbYkh50B3/T6KYNVR4FaKsizpnJP1UxSETFf34nEkfDbQIPnKghkNBgN5LAtb0oDPgnG2SNYqIJutcD6C0aQIStnD5zy3RlY6f890bFp/JmSreDjXnw9wpLy/SVrslg8N7fxnPtd7ob3PWez3cwghDzcIeWytJTyzm1TIQEj/m9W7Bdgs+FeFrLNeALbaZCFbGvxi75xQWn6n+v3Zf0+dibwUIiE6FEJRu5CzGRMUKlJpGMV7fn2+5KvpI3X3l9z+8H+jErx+WVOqnD1OwePSMRwqbl5eMx1WLBYL7u/WnJ9f8LRp+eH9hi7BzfUZljW7refycshoNOb+YcE33zoGI7BGEXxiPDKcnZ3x8eM9ZQG/+uUrOrfj9tOSkIbc3+746i1cnI/Qesi7Tw98uo+cn41odlvGo4LLqxl3t488riK7LXzxRnF1LjbUtw9rPj0kdnu4vLDUdc3Z2QxSIIUO1zaAJuQ8bK1hOrK4LvFpsWM0ucJ1kX2zIXUtb9+cUZSGv/n2nl0L84sZ94uGtm25ntdoFSXbdNMwGRcYo1iuOiYTy2g0YbPeYq1lvd6x30NVwXhkeFoEvv5CBOJtB7PpnOA3jEc1Z7MJq9WS4aCg7TxNBw+PQmG3jadtYT6bst5tGZQlSnVcnI25v3vCWths4OufXbJrPJPJiMrCb795x3IFymjGA82gDEwmhvPzOU1n+PPffMJoGNbw4sWUsix59+M9Cdjv4frmgt/89QNlBf/mX75mt33icbHJLhwVg8GATx8eqSpZBw+P8MUbSwoeBVxcvODf//kn9g1cXVWMRkOUUrx7//j/sPdmy3Jk2ZnetycfIuLMBwdAIudkcWyKLVlL/VJq4wvogle60QPoVnoLme7arG9kMpnY3WySVdWVA5AJ4OCMMfq0B12s7R4nkyVS1mR1q8pimaUl8gCIcPfw8L1z/ev/fhY1fPJqzqKIHB8f8+F2SR80/WB4e72mqGtev26oS/jZl3OeXdZsdx2vf9jQx5qiPuVXb5b88vuGJpYi/ir9o+fgjwWf0QU8ilZh2jc8ff6NArCYHf8uNvb/a/22trDGfY3RYK2iNBpnBAE9c4nThWNeKea1obCJQsvz8+6xwajE731xxenJgoflivfvP/DFZx9zfDQnhIGHhwe0dVxeXrJabuj6hqKwdF1H00Z2bccnn3zGxdkxMW5YrXd8/e09y43n4vwZdeWwqqewkbZtuV8+cnz+DKUUzXaNH2DTeBImD3713NxvqSvDrKpIKbBatZQzw3odqOuCeWX58svP+fb1e6p6xnbb0HQDQ8yU8lC/AAAgAElEQVQDRb4h+J6z0wsGDw+rDu8jksFtMMWcfoi4ssgRC5Gu7YkIRlniAQqCb0hhIKXAfH6EdhVN15OUIyXJVpf9j+wfXFXKoN+Q14uyIKVEaHuqqpoIFd57qqoiadnzAdPeYRwIqqqKRMhrphBT+jxw6H2UQZaylOdjHlga185xjYZMMnk6FMGPxdKnA1c//e+9415B9hf/9M/8VJj9h5y5T+vvDnswfd/l98Pf+xrT/0/E+CNxevwbBwH4UIc61KEOdah/uP4xArD9h//IoQ51qEMd6lCHOtShftcroQkkjBOBKhElpxVxyXkfci5tyKKfR6MxzsmvtcmCoqEPgT67UlNK6NhTOke0hiaIAOqcnYRWEYwkv7T3A0ppCuvkZwRCDDhXMHjJ9jUJvKQO45OHACoFiqqUjNuUCBFiDITg0c7iQ5DzM4qYBbGYxLWolEFbTRwGwTVrEV/D0Ml7W0NVOvre0/WdOH6dQ6EZ+j4LRgmCnwQpa6Xp2PcJYwtAs9vtOD06JqUgQmPG42qt6foOrSRDWRvBO/fjtdJ2hAHStR1FUaCJuLGfrhRRacKwbyaqjKxt25aYBCutUsIag3GOlAVFSCitxe2Sm3MBiFGEWqMdYRhAhey8NRn/LQ3KGBPWiqs7Bsm5laA/QUSnZiD6BFaaurooiPn6hRQx1uG7DuOyMzYGcYQawf+ODuAx81hnx3bmFP+dhiiIK3gSylXGeA9MQrGxIqIURUHb9xgj+bHKaOwkBAeMsfihx2hDiIJ/tNbtXalaTYI+5EzsmIWQMZs2pUlE1daQItjC0HcdprCIxj7yIZmc1oOXBrjSgrtOyEDD6DZWSYTIEMIksBorAn7T7IcyqqpiGMIknsZ8T5VVgdYyDKAYxV4LRLx/ImonL5jJpLNwIYhJjeRoR7E1i3PXqsn1nGJAO51dyYqolFwjUZlRShzUKsEwDNP9IqJ9mD6DUfhnxIJbQxpd3Fk0BvDDQFGWxHxMEYUr6wlBL4MbhqooGQYRA8LQAwlnND4PBYR+YEgRa8Sxrpyh9z0qJpQy+CAiswyfSPY4gO89MZV8tzpmUVn+2y8csXvH5vEDX335OX/9V3/L3S0kM+A9/MEfvkLFwJvvP/C4aml20Pol3QDLDfQDEB/4l//iYxZzx/dvPvDd6w/M5oovv7Jst4nVOjCrDV0fub1b0vVQ1RCj57NXp5weWf7yP9xSL+D0dIExmnfXN9zewfECXKEIoWDX9DiTOD+radstF6cVp0clD49L7h6g7USwe/ZM7ueHhw2r5Ya+g7NjODupqWsZGHlYbzg/f0ZKiZvHe27voeluePbskpubjroSZ+u7t+/4l//d7/Ph5j27LlEUx7x9e4NSHc4Z5osT3r9vUWrg4gL+2R+dcHZyyre/+o6Pn5+x3jSkIC7JogBFYD6HxfyIRMBtW44qT+Fqts2O9+9a3r/3fP5pz8uXL/nbX31PVcLPPn/JbrclpoL7h4Z37wLGNpQFbNslr56XlK7g5n7NN69vaRv45FXP+dkRD3dweqG5uHiG73d0bcOHD56iiIQUSR4uX1S0XYs2JXf3SzZbcepWdcHDwwN/8Ptn3N09sFp3vH2/YbuDooxcPj+lLi2zxZYXL15wc/2eq2cdn316xevXb+k7+O77ay5O4NP/6mPaLvL1t2+5vDynsPJwXtQVyTd4H7m8vOLN92/xnady8PqHBh/h888rFjNDHDxvXq+538BgLd/96o67TaKnFvys0j8Wp5KahnbG4a1xeEOeT+Pj78kw1dNfx79fwP11gtPvQk0OahnBQmuLMZGiKJjVDmsidVVQFpbtbs3aw+N6y3xxRDmruVs77jctMdXcbGru/2ZJjA9oIzn3F5dnfHO7w/c9bTtwdragGQpitLhyzpuHmv/zr9+wWj+wazrQJfXsmKUH367RtCgd8wDSgubDDpQjBI33EW1riqLKcQ8VTXL4WHL32FMUBV2sUFtFAFKqWW16Xv9fP0DSaNtKekKyuKKUuAjmeDwPbYXRli5t5BmfBcUhWHZ9w0wrtNXM6wVB9/gh4Iyso0NSBMTFa4zBK0sYoI8KUgA0/eDxIeJcmekQA86VtL6f1s+h71Ep0XUdQ/CgZRiq7T0oGfjRxmFdwXr1KFEKGvqhRScYYkAh+2BnhIhSOkfpjrDWYpxmt2unwUCV9yZFUcgaCJMgfHR0RNd1QrvwnrZtZd+X99Rt207re9uK61riGcgRDWE/lIghZAe0HsVmAsYKQeOn9XQAE/JAohpjWNT03zJwlfJ+KA+jjff5/oaXn+d9S1VVPxKBXd7DHOpQhzrUoQ51qN9sHQTgQx3qUIc61KEOdahDTU7YkON8rZFmrlZGhK4sEI6i0+QqQHC3E0o1JUBLdqhSxDSgtaULEWUdPgT5+eDF+ZtReegsMqGyIJkbWMag1L4xRnatGjQhAgms1RBBKcOQBjRMDbWAYIsB6qKUfFW1d0l0vSdpQ+UKdIJAQoWIttLSni9mxBjpdg1JqymTF5jQxC4Los4V+F6cmcMgDhClsxiZFHVVZMEwZBG5RClF2+5EeM5NMhFcnyKCI6NnwhiDJse7hYjSBgW4nH07m81omh0hxukaKKMx0U4i2CgaSoNv74ZVSkmesjU5FzYSgwetKcuSfkIgGkIcsBmNON4P2lgCQdDK1gmSGivZsUR0xg27qhQBz6dJnPspJlDuRY9WiAM2Dx6EfWsRa/f457FZ6WMeUMhZyUYJWjrpvftkdLAPIUznGYJHq31Wr7ImN3wNKTtFnSsYgsf3g2T9ZpE3xTiyG9E5T1cpNTmuvfdZHI4kNFqxz11WcmyC/o4Z3Z3x1dZg8iUZ3U5ybfz+GuVz0PpJVl92p8YQaJoG4yz4OH2fYs67VTmLUif5/qbJca7F5W01yZOztuXnYwbwr3MSTdh4uVEBEX8FJd3jo5XMYshuqX3GsFLi7k+M11JeRj1BwFtrIUQKY+kySpz8+i4j2p9mjyql6IZBnlHGoVSiaZqMlYfSWZQRdLvTBoK8hwV8FEzt0MvziizaGGMEdd328ppamukxBgo352FwfLeMHL+NmHiKNrc83t/yySdXvPhIHG5lWfPzX3xPUUDpSpaPcHFZCZqdxO99OaMbDH5oeP/+exbzGh80ttCcnR2jVMLqHVWp0apmtW6o6xKtAn0T2e12bDaR3XZNGODivOb2bsPPfu8TPptd0A3fkBIcL+SaeQKbzYaTo2MWiyCChG8oC8PPvjplvW05ubikawNvvr/m41dX3Hz4wOJU8/JqwfLxgfW6wRhwVcHd3QP3y5b5fM4XX5zQtTus9lxeaJ4/O2O5esR7eP36NWfH4hx88+YGq+DTV+cURcFf//wdH720XF2dcH5ac3v9Pco3VAUkv2VWF1Tlgqqa0bY7Lq8u8L6nWa+5fr/j1UcVL5+f0jQNi8WMm5stWm/Y7cSJbY3DOcdqteLubslqCdVRyctXR1SzOe1uyemJ4+ryhKZpODpqKao5V5eWFFr6vueLLx0pOtYPt5R1xa7x1DPHh5sHUoKvvroAFTE28eH2nvU6sDh2GFfx/Zu3VPMCpxPOwnqzZLUSlG/hHL/45TucHZep99llONB1LZfPjmg7xe3tCmMgho7tZkPfwu3tPS+ujrk8n/PwcM12Ezk767h7CCjg008veVXMqE83KKU4Lj3NdkkoSj778hOqTcW//fk9qx6CLokxCG7+J47bUaALQdaYnzp6U8Zsj+SQ31bH7m+ixkEl7yNN6OhUZLfrWFpYVJr7R5l3GQZZ33sPnUo8rLcE/0AMYIsSWywYelkzyrIkDpHb1xtAhupitNztOmLSdCFhzJrFbIC4oEmGWCVSVDTBsdslhk5R2hnOWdabnpgKdn0CpdG6ykM30A0aQ4kKCq8sRpUkG/DKEI38uTAMbAdNWcwwJg8xKUEMp6RoQqJyFQbFkDq6rccY6Ly4i1GOoq6Iw8D8qMR3PXUxw1YzmiHgU2AYPFoZydpVOu/rNG3Ts1gsOJnN2TTtdP+Ne8iirug3G4Y+TKIqkMkxMnyXlIEsBltrUToP+uQYCWstdV3v9xKZLlKVFX3fy/7I2imeI8QBHd2036mqAmOs5Ng/+W4URZFvkiBDh0OYxOJhGKjrmmEYMMawWCz+jlgLOh+/rMVhyGt1Fptj3i8olej9gHY/RkWPe9unorRzjrJyeU+WpkiRMSrhaUyLzfvLEGWIoM6Cbz8MDMMgz7GU9sNrP3EEH+pQhzrUoQ51qN9MHQTgQx3qUIc61KEOdahD5UacNJHGBlEIAZ8SaVDZbakn8dAohbEGlQJGCY4YRIS11orrLwQKW+KKYnKighakcUxZKIuTwIvR4rQzRtylKU0NohgjVonQ6r0nIg5CnbNJfczuYZgaZlrrKds2ZdFLK4XLbmWfMvY4BIa+xRiDyxmsYQgYJU6mGCNDjIQgGW6SaSzvMSsluzWmhNEQtDR3QRMjaKMEfzxII7Efhsn9k4LHmoKkoHCGlCLJKMlQZcw51RM6UwTN7M6M0qyLJAIRpx1DDBBDzkbdi50hC1sjevCnOD5ppNop9y2pHzf0lUp436PNiPrU2WUdIMQs9CeUFTFvOq6USCSssxACIUVcWROTJ6ZI0mlC8vqYRbuiJHpPyp+jBqqMa0xKoVOSc8t4xfF+BbJYKzmy5IEGCodzdhpgiKQp9zjmn6ks8MmAwfiNGJuyGaWN2jtVjRGhdnTfIgKmmOUNRBE+YlLEIE7ekI9V2z32UQTZ/G4pgk7EwaOsmT7zqCSb1EdPihkLHhJoEc/H70ZMCsnhyw4eSUEmJcFQS394RFYjDicSRVHsEd5ayxBEFnW0skQl56K1EWE8531PAyBWRN2hl2s0Dgxokwck8jUd75mUr7sco4isY141KWJcRo/HmDPDNdYYuhhJIWCdCLYqBaqyom0F7RyCfI5xxLiHSN+PzyT5WIOPaBTWGsHoqr2DW2sorJV7SitC8BMePcaQEfCGmMiuKYX4sjN201iaGBmSJW0MQ2v4o4uv+PSF5+Hxa0qnCdHy3dc9s6M1643Q0D9+MVBXUBSR89MjLi8WDMPA3/ziBp1gUc0pdMWH9ZrZ4oTXrx/4w5+d8snvP+fxseHDXWS3E3RsrEoWixlF4Xh/vebhoePZZckwdKSk+OXXb9HacHV5Ql1pLq+ecXO746/+/fekFBjChtWyZb4IvHo+42hhOVqccX235P5hy+sfbul7mJU9s8oSfMf9/QMnJ5bdneebb+H5Vc98odltJdO22zWUTjMrNCezY/puRbeV/PT31y0zZ0m+Rwf44pMa3z4wdLDdwHzhWa+23N/cYTSUhWPX9FxclNzcrimLmjZsuH3YCcEidhgGnl1qZnOhH6zXG+r5EecXRwx+R9tFtCmp6iPevLlns4WTkwpXt9w9dGjToVXHzPXo0LDbFPzHX92y7eDT8xkQafvA8LChKiXbPsTAbiuikdaK2eyI5eOOh+WG+4cOpQVTvWsE898Od6w3YDY9n35UcHYyo287/vhnC3ofsEXNN6/vefMW/ugrxWw2Y7lqWW8iPtzz4vkRD48r3n+AWQ1de8PLl5d8/pmjbWGzbnFW8cPbyKIG0CwWgd0Orq9vWW4gqJLdrqN+ofnk4xe8efvAw/WK1w8913c9QRVgbB5M8SQlozcpo3GTSsQ0ZvxGSHsRJ6VEHJH+T5DRT+vXOXv/PpH41+Wd/raVnN8elZvQ4hpV5MGcROgsTdAIAln2EcYYljuL1QplZiSTwJYYVwqWXinakIfwYsj44ZKyrNnudoLezx7t3kfKsmL3uAalKcuCEMVR6gon+yrjsKakGwJlJUN0fd9jUFg0VSEib9d1KLXPhZZ1RIRt5yTuous9zjlSigQgJCGzjAKg1gaMBmXxQFFX06Da04zaQOB++cjRMND2fjpvnYfQQNYVybM3dD6QdEArS9M0xBTQ1sjvdR0Kw66VYaCqKmTHZtgP+JlMjtBJ4g1yNEnyXo7bWmJS9IN8HyaMc/IYq7BKEO7NrpP9av6zxshwXV1VhBDYdW3e58iepHAyJNg0TV7HkH1uFqa991ht5JiVou9FgB6HzUIIlKWItWVZEkKg62QdXMznEAPVrKYsa+7u7vC+38e3WDsNiCUF1mnqci/YDsNAYeU8y5whPmYcO+cAsjNcTcK097I+F6XFFYYUItYaQhhEjFaSg32oQx3qUIc61KF+s2X+4i/+4i/+Sx/EoQ51qEMd6lCHOtSh/svW//i//puMeMwuWw1Gm0nwFNxvREiQ4gzWWkESlLKIa5qUFEVRYo2ekK4ioAqi2WoDMU7iqghn0gjNqiMJcRMK91h+PyGC9ChkDj5kt4Egekfht+/6ya1UFAV+8OJojBGXHaMoRVKKYRChUQGFsRRGGvopRkIY0LkR6YOX93Mu59aKeGVQzGc1XdcBMTtDpBE2NkS7IWYRVhqzaEWIidmsZvDyumOjM8ZICpHBe7RRKCSjliRZpBJ1HIghMgSP0iJiK6Ww2k5CXop+vGyEjNrUau/e9MMwNdT37gtFiFn4yy7UlF2i4rKNk2t1bN6SEviQUaAJrQVhHWKasmuTvLSI+SlhjRV3GBFrHbOqFqSzEmEyhoTJLhRnDBCJMaCtm+4lkxuVwYfpHhsd01qJEKqNEeE5Sc7seI2tMSitc3NVzkEphXU5xzorwNpItl/fdfL7xhF8QGtLSnIdxXmrf9ywjj/OuXvqlB0FZskyfJLfF0JGLCoIMbuL9w74vu/RSmMmt6wIMMZoiFGOOCmsscR87bXOGclJGv/j9ybFiKiWciwpDzhYW8hnGhN6dONmsV9bAyi5/3OjOmXBX43iP3sigDYGpueElfPKudjpaT5wvkcm91JuQkN2VQN1JY6qmF97VtdEH1BGGvkpRbTSe0d1vt9G4Wl0J40Ncbkf84BIbnZL4zxiXQEK+l6eGfnmF3d+/ty8F3eTsTaL4j6L6ImkDMkYeh+I0UDq+cNPj7k6L6kLTd+11HXBy48+xQfoupY//ZMvmM8iQ9+xWbfM646+2zCfzTg9PqJrtmw2O77+LrDdtbx8XnA0KzB4lg/3XF+3rFaRo7mI2E3T8P33K9p+YBjgeFFRFQW2LLm5bSmsYvnY0LYtm/U9Shm2m5aqgOOjI96+a7m6rPHDNmfvrvnFL5asVjtubqF00LYNVWn46OURn392zNGROPpPzzTn53OeP3vB7d0jj48Nhe15uO/pm4bnz2vOTk6YzWf4aNjtWgy9ZOpWkYvzY46OK15cveCTz56xXC7pdj1VaXi8T5yeJC4uzthuG05PLnjzZslinjg6Knh42GJ04tXLlxijub9fYouK5XrL++sd/bDBWHlerzcNd/crtIZnlyegoGkGvvziBdYolvcN//xPP+HZxRmrdctm27I4cmy3a757syYEz+efXuCspSwWNE3HattT1wXe95yfn/Du3ZqT45J/8d98yfGx5vL8Aq2EllA4y2ymqcpAVcJm2VIWMD+aoRTsdjuq0vDxqxpnB7SK3D20GAVffXmOJnJ8csTnn1/inMJoTds23D803N93MrBQas5OC84v5szqmsvLE87P51hTcXPb8LAMnJwUfPrJc5arDbo445u3G75+27LpHRE30SuUUqRRpBldvoyi7H5QZqyfirW/Trj9bRdz/1NqvJbTWgCySGe8f0jIM0Q7onIoW4EpsOUMayvK2YKYLLqomc0WGFey3rZYV6F0zpsNgaQ0JMOuadFaHK7aOYwzktCgDdq4vDQanCtQVqO0iNBtN9D2A9oYtCumgTdjDGHwk0A5UUOCrBNy31UZjaynAaV26PE+UVU1MSa8D7jCslgsiNktOoyO0vw89kGGmYIfcM5xcnLMMPSopGRfqtJEzEh5LU5aYV1JVdWEKMKz9xJ/UBRuOgelFNtMghD0djXl+5o8qNR07bTfLIoChZ72COM/TdNMDt+zs1N8CJSFCLhlWco+tZeoDWPtfg1OieAHyrJk/N74HN/RtkIXQMnaP1/M0MYSkwxrFc7R7ETQrqoK8tr+dA85UlnKsszCrJBGiqKgKguGfqAfBmRvFanrGqUUZSmidQgBk/d4s3o2raOjK3gcEBVH8mxyMY/vO17nUcR2zuGys3noh2kPGWNkPptjjOG//1f/6j/nV/FQhzrUoQ51qN/Kkp7Tf1odHMCHOtShDnWoQx3qUIf6O5jGGESE1epJrp8oT1irf5TxN6LhbFlOjb9AIirQCZLOr+EDMXpUEkfd2DAy1mFiIiktWGM0Wu8RxaNjMsSEDaAwOJOwGlRQuJTFs6RQWSgEMpJPsHsuOytImq7vs2tUo5UGMpLZihMjZXzwKBw559C2ECw1MAyBWV2ikzTr5fqZSfQFQTQbY9CJyS26d30aEbSUQmtxzIwODK01YRdIUYT0pLOLkcy7VklwxhiS0ZgoDdhhGOQcjJXGLuDQ+DRMSMZRrMQYyXXue6Lau3emDEfvMcairUUlCN5nQS+SssvGZHx3uZgRhp5EoCgMJE3bD8RREBzxhEmjjcrIRHGCxwDbpiMRsBkVqouMXibmBrU4oVUcprw6pQQhjsr4aiBFj3nSYNXZaZSUQhEmhygkrNYkAtokQlITQjnkpjOIq6VrB5QSwXqIEWVMVkxFGAxZ6E1Jro24xTOeOYr7WWsHGc+8d0mlyV0qGG8tmG6lGfLf11YTs29rFNylOW7EkZuUCONPxNRRlM5xfKBHh7QiElAmD1wYcfqKEztJNvEoSKMwevzMFEqZjJ+Wa6JTdpGjMp42O/RRkg09DnFEQD15XWVE5I7jf4tjeERojp/rhOjWCoMWR1ceuEBrVput4JuLUtDZSY7LGk2fcxA1GmUUVuVc8hRQMj1BSvv7N+YcbB88Cc1udBNHcd6TM9GN0hA9s9kMaBmyszmMwkNK0zUFwB6xjoZ3bcu//rfveVWt+ey8pzIKnTo+vPuW798ELi6A6Om7hsEHUPDs4pymafj29ZKqVlSlQ+vE1WXH8dmcptnx9dcPXJ5ryqri008Kbu9Wcn11QdMtSQr6AKWT4QHrxEU+n4E2JX3wWC85w4oeZ+HqckHfb/niU0dRGAp3wpt3D/gIJ+eOWVnxyScl223gw90Dm12Pc0fMq0RRGrrO8PaHDYt5RxwC8wI+//SIxazi7u4GpeD25oF61mDMDJLGWlhv4ewikYJnvd6y2+1w7hGSnbCwpyeOLz+vKMuC717fcf0BLs8eeX5l+Oijc4xRnJ/PiMngU+LD3Y7lCnb9msIoZrPE2ekZfd/TD3Bzt6WuDb2WwYv145YvPz/h9LggdlviKYSu5+Z6yfdvW158dMHHr57xl//ubzk5gqurI2zhuLtb8f7tUkQ1A9YMXF6dQejZ7cCaSOwfqXQrA0Npx1ENZ2cVpRsonCOERGkD17eBPixRFJAiF6eKxSySoqXtOp6dw9XFMVenNavVwO1yS1HCYl5ROouxFeWsQd898vHLjygcKJ344ftrgvf81//sYxKBh6FnNte4es7i5JTr+w5lTljtFB+WiVUDfdSy7mtxaKZMpJBhDyEEyF5BHJ8jhv2newn1ZO/wj6nfBffv/3uJ2xeEJNAPAR9kWEVpqApxesY8mGKtxWjDetc8EfigDxFtLMd5YKYdenwSskdAgfco5cSV2w1UzlIU0goMYZjWpiEmiZVQiqg0Trv8+WVBdZCBv6SjDG55KAqLc46+TxjjsNaybbfy+2hmsxkxSDxD23eT0KmUQqdIXRScnh7nHFvo+x7vPUVh0VXBbrdjGDqKomBRL2iahjCE/NwviCpSlOMAl6H3A/PZjN1uhw9C/OiH0Xkt6818VqEQV23fSARAygOQZVkT83pXGE1ROvreU1eFDB9Z+W4pVRAyuaRtGqFVWE1ZOmJK2YltJiIKIK8xDuJ5j/d9ju+QyJSiKvM+WwRe5xxKeYypadtW1kOjUUnTt4KdLsuSIYW8rsn+1yjN0PX0eXDJGJU/Zzd9BtZa6rISh/O4bx/3qSHijGW73eYBJ2iaHcRAXVbE5FGI43fMIQby8appLzK6g8PgefoNnuJIRlLAoQ51qEMd6lCH+o3WwQF8qEMd6lCHOtShDnUo/of/+X+XZpUxOdtS5QabNHHEjDu6/0Y3LTkzdcT/SiaYUoLFFHEl7EWeJAKSSolZ4YheGoQxqez0FXdKSBm3POaAKoVxJSqLYUlBCgmXhbsUI86JWJnIf1crej9glZteR1tDGh0rVpygWilUUjhrsoPVCv5Va7RWU1PNB3EoxyCuyroo5fz8MOHxQpCmXQjiTPUhZfcyk+tBBKPAkJuDIcixE8W9OPgsrqqE1YIBruuCOPQU1lDY3BDWImRrpQk+ZQS1FoyuMRijGIZexM4YKYtCXtOI8B6z01pcJPtMN5WSiIpKEN4p5Bxc9k7iFKO4hFMiBo/RiqJ0WaiUBjH5NSYBYLwx0uj0FUe13BYeazSkAAl8bj4aY8QZTsZAhiE7O8VRTAgkBCdOFnsnsUCNjvV9TmycsOPZeAWk3MAlo4lTTBAS2rq9cJHGHERDzPf16IoRx7Xcq0oM8XsznJLBgNGdOgrwIWdHy/tnUVvryZGrtCLmvNkRU00Ww0VszsJ2QlxdaZ+5qfV+EEHnzGrnHCFGqqrKTXkYL4JGQ1IURTGhNMmfcT6wyV0dQ5B7DCC/DwiGc/yS6Sy6kgWbaYBkPEedkFThJ07ip444ntwz+TNMTzKHBQlvGKKfhOGYf6byeens3pXPPmCcpXRFzmLMTnBr80BHmu7XlO9vpTQxO+tlwEBoBW0rGPKxmT9+4OP1zQnP4qTTBqU087Lg45fP+OjZHBt7rq4uiWGgqBOvXj1nef+e4Ac+++wFJycFXdNyd7ficQUXF2fipOo6FosZ9/dbTo4qjhZyLikmTk9P6PuBd+9bVpuWj19dYW1itTfsxiwAACAASURBVBpwDuZ1QeEszW7L6ekRTRu4vfW8fDHn6vIcZ2G3bZnPAsokFkcLlqs12ybw9p2gw09O50Tf0+w27NqOzTZRleB9w1HVcjQvgAIfevousWs6PvnkiudXl7x9+z2Lo4pXHz3j8vKCDzdLfni35XHZ8OrVKc+elRwfLWjalqbtszDhqGcVZaEIyXN+tuDF1RHWaDbbAVeI+K5UZL3ZUlWG7W7Du7cbvnuzxhZCDFg+DlycV5wcH/Hw8EjfDwxenn3PX1xircIZT1l65pVit1lzd99wdrrADz0fbho6L47nGLeQPCnB0ZG4fm9uG3xSfPTqE07OF/S+Y73cUtVHmEJRlSUX53Pu7+54XLYYW9J1nhg9l89Omc/nDNEyxJI+JGx9weM2gXL87KsvOTo+wZVHFNUJxjqK8pgf3t9RLV7w7dsND+tEoOD2sWXdaX642eKKY2bHF3y43/Crb685f/4Z2JLVaoen4v3dgJ1f8e625Rff3NAGze0y8Pa24/quY90aPJZRlpnW4DFjHCXPIMZn3q9HOf9TZv7+rom/4/nIv8d/9tdrdFPuiRnyGNbG4Kwg8Ku6ZjabSfxEjLiykEE1EPdp3ivNZvPpNX0I017EjM+2vC/pslt3HLoa1w2FZrvd5tgKsNbRDxKXUZYlKSbKsqJtmzxUJ3umPqN/Rwxx03U4J3sEQUfLczv6SDWvCSGxWq0lKiQKTUUcvD4TKsz052OUJ/AY45BSwti8to4DdsFnogWCth4jQLSaRFnrDL4b8lBQT1VVFEWZ9295ME7C4MWlPAyoPAihlIidgw8TiUIGtDRKQVEIAjsGWd+cdZlYImSavpfrY7TQK9q2e7IGQ1GIkDqKsuPdEUKUQaQ88OWc49mzZ1w9f8Zms8HkfZPRJme5D9P7zedz5vP5JExrrSlLy2w2EyLNsMdJP6WbCD1Dsny1kr2C0kz715F4Iq9XCrEjH9u4VxqH2Gx2QrdtO4nGSin+/M///Df0bTvUoQ51qEMd6nenDg7gQx3qUIc61KEOdahD/aNqdCZosXySVIIUUEmhJ0chpBCI3k/OB5VdmGhxzCW1d1ECWCvOW0MWNP2Azg5Day3RS8ZmSDFnnRXibkz7LNQYoxBytaVpxTFhipKoNb7dMqurSWRO2Xkbs8LX+kBhc9ZeSNl5myanYVGUhOgpioroB7yPFEVF2zfEqECJU1iy+DSzsgIiKQb6rhPB2AvK1jnHMARiUhhtScnn3OCET5If7LQgO3UMFFrhnKbpu4zK3VdpHd73kq/adlhjKLLIHgKYBM5YyRCOIj6HJKhm9xMHliLS9+3U4LXW0vpeXKZxjzOW7Dc14f9QasJBk1JG5oqjJmXnqNUOlQTjmJCMy6QMKaY8POCzqoncH1HwvQwDXmXkOFHEtRixRYVOiq6TzOSYkYJPfSKjOEhGIBOTiH0horWIw9YWjJnVkDDGAonoPZ6ESRDyOZBETCNJ8zYZuYGlwTliij0gDiNxImsUIggzZSeLeFpW0nAVl4uT7OCcwRi84IND2ru+JTMzTEKmNLRddovrqcE6Op9HpLm2RhrMGDDZ/UtiCNLM15M7NVFowTeOLtU0ZvLGlN3PI4o8Z2cbab6nGAUvDjl3WRxCxhr8MEhGaBBnrXx/5X6JPru/R8E5RHGsZ4d+CHunPEkk4UQiIOL2XmNVk1ueGNHW4mPMyGy55q4S8gABiJFh6EHJIIlGQRDkZkpJfqY1QxA33ZgTbPJ9HkN2kOfvhlLS2O5jkOfWMMgnqTTKGBFokuDgY0oiKniPUpou1bxrz9BvWx7erjnVDS/POrq+I/Q98yoxtycMvqHrtmy3DcFbInPquueH6xuGITEMcH6iOFlAaQObTcvL50e0bc/X37zDB8mvLAp4fPiAM/DHv38GwGq1YxgC9ayg3W0py5Lzc5jPHJvNPZfnC/7sz16w221ousD1zSO9h+PjU5L5wIsXpxwvZry/fst8PuP86gxj33F8bDldKGZzQ7Preff2ga6DcnbK228fWDYf+MIbXLlg+bjm/u4dux2stoir+Age7h8Jc9isVtzdJc4vCoqiYrlc8fDQ0Q5weqL55rtHqlLTdw3OKkL0LDcw9PDyhaGsj9nuGj777JhXPrDetDyuBhYLqEpLVRWEkJgtasq6pmw6gk+cnx4zL3vq6pgheDa7gdkctrsWP3hefXLB7cOOk5MTzk5kUOb9hyUnx894e32NMkesVmteFQsuns2x5ZyH+zXv7gPffLflz/70C7q04N3Na1Zb+PzLj6hdT9+3LNsF148dt4+R69sNz198zLu7BmOec79p+eX/9kueXZ4wn9es12tSSswWJb/6eofSb2iD48svvhS8dj9n2w6kVHH1+R/zN9+/5dvXHYvFR6xea9om0TcDPtwSKen9Iz4aiuol79eakGC53rHqHT4pQgwoFWX9Gxf/LLTtc1ktKQ0/WrOe4u7/KQXg3+aaSCm/RsOWa5SmXz8dhBn3Pb0fmM1m0+BQNDEPnHX0vSYqMIWbCBDVrKLvO6zSKJUmcgRaBuZiyOta3zGb1ywfVyilqKoZs9mM9Xo95cn2fU+Iw7QupJQwTgRAGRyLeT2JuCrnze421HU9CYAxRsEaDyELsELJSBFUTESjef/+g+TNI0SMqqqo6oqu6+j7nqOjIxnIy+eYtMIgAvR6tcUYQ9u2U3xAUda02w6VkuzpVKQqC0Jem4wx+CEy9LLWhBgp6opNs6MwlqqqsEaEapwlpD2F5nhe0/c92+zG7TLiWWHQGrpdI2t6HIhRROKyLOk6yQKel3NipsoopXBOEMlVFk6Dj8QQaDt5z3k9k71wjHRZRO/a3bQmxuRZrh5Yb2XdKapa1qu2ISJEmDD4aagAyHuOPKCZKRhxdCNby2JeCxY+DwHsdjti3Mjf1Yah60iZ0NMPYcJIhxDY7XbMZrO8ty5oMmq7bWX/afJw1Zi1PLqED3WoQx3qUIc61G+2DgLwoQ51qEMd6lCHOtShBJOaIjqJMBS9x2oRp6zW9MFjlJFsMitOU5WxvcMwkGJ2lCjJ/7JKmkxKKQpjiVEcGU5rUop03SDYVFtgo4HkiUnR95KpZopyaoqOTpUYw5StGpMieC/ZpU+a0yJ4CaZZm+wwVQarEn0QjOHoLLFKROAQA7u2RaVEkYU3lZ0O/SBoPW0NKoooPjYD4WnjVq5jDANFUckx+wFrBF1dm5IYPTGKw1YEOggedIqY7HAZG7kqZ9x5xPVYZCFwf3wak9SUuTY2T621aKXpfZcdPACa3meUtFLiRMnNZh/3rs5RlB/FwNG5MgQPUWGMiNpjee9JxqBBBMEkOahPRWKjDDEFksquS3K2tHOI2KgQFPfo/FQoazBASArnSsFVh14E6JCd3GgRJfAonggPMTtHEbFPXMohY4xzcrNSGGfFQZwR2qOFV2HEzeM9OufWiQM+TYhJuXZm74AzWSSRPjnej0jPfeM4JX4iigjuPGqIwaOdlWuREcnGGLnvxntfjdm/yJBGzthV7J3BY0NXmqsFIQyTeDxiW6fXGwYZ2siuYWMF76qzMKytwWQMpgjU2cVj5NdudPYoK85sRAefENz52TG5pJWS1w4RzD6Tefzcxc2r9s777PwWXLbcY0VRTPeCyk5jObcwCR0ppZzxbGXoIuNTU9i/3nivj0MOxEjwWVhPcT8AASJyGyEHoA1JxSlfOHnPYAwqN9HNeB8AKEO0M7Ze83a3o29n/OnLT9kM1yjvWSwM0Xds1g9YA4WbUxQF95sd949wfGw5Pj4iJdhtViwWmhfzE4YhcHY2p91u2G4lo/vouODsXHNyOkdFT7PZslo9cHlxTqJju4VnFxWqcmy3PccLQ9884hzc3Nzz8uURZVnyuHrg4uyILiju7h44O1Y0TUPfbTk5OUZruL7+gccHePncsViUaBUZ+oFZXfPm7Y6ieKCqAAOd9yQvQz3VrODy2RxXL1ivl5ydzHm4v+F4Ls+zeqYxrmaz2YA2fP7lMxbHR6xXO5S758O9ZxhEaPrDP/kDjLW8fv2arvF8890d88WcZjAoLEknXn18TFFUvP3hPXfLRzpv+Pzj36dtW/7q5z8npC2zQvHlZ6d8+fkLHu8eef3DCmPmVNUMTEfHKe/vVkRXELTj5uaGpArePTywbTQhGnT5nG/ebfjhZi3XajAoVeDdCd9c99zcX7Nr5iw3Hf33O/qhY7vdMn/vGXxi00PTFGxTx3o7cHpR07TgueI//tCg9RajBdert4ptukJTk1zB1+86VIoobWg7+a79H3/5nTyz7AuWvWbdDqQ4x/syZ4tahpAHKbyhNCU+eJoQGBQEZMCBjMwfyQJqvOfzP5H98M4Ye/BP7fz9Xa9xDzESG0a3ZJGxz0VRUNci6IWMCp6yZYcux0/soyrk3+VEjbDW0meHZlKCCral5Mh2nZmeWcYYlLVTrm/bttP6I6h2S0x+wvHL/qmfsn7btkVZM+XOFkVByNEdQHbWRqEk5Mx6rbUMzaDRKmILcYsS91myYyTG6FD23qOR46pnsj8cXaZK713Tfd+jnSX0w5Rvq3IWbUpJsnuHOO0Dx2HAGCMUms4PtJs2O7CL7MCVe3uz2Ux7p/G+H0XMGBVlPp5d04BW+H6YRNbx8w1Rzs17DyHS9jsCT4Yic3awdXYSUsfzG19jlkkzbduy2W6nGBDv5XMuS3Egj/tD54T8slqt8tCfrJfWGBG6deL07BiiYrPZTPfZKOSPLmKlFLYoQIkgPTp/gcm5Pf6d8dejsznGSIhhwliPAvB4HQ91qEMd6lCHOtRvrg4C8KEOdahDHepQhzrUoVBJpvslKyzgFCijJnReYe2UTzrlXrJ3uBjjUEZyXUMIaCcOSWMMSokLVSdEEB08JuN/jbXopNDYfd6nUqgs3sYY8aGXjFjrBEM7CrtJYQtLyLhB2IuASgtqWWkH0UMKlEYTg4ioMQ4kTXY/RiKBonAYpRh8PzX4YowMITEvDD76nNvmqYpSUNG5+We1JoaB0lm6vsUVhQjAzmG0oq5Klpte8tq8x6eI8elH+DxlNL7bO6TLsiQqLY1eldA5UzmiJvc0kpaLSioLX0YyS728ph8EAajDXtRu+51gp7XgJ2OQjOHxNTWGkLPyYhJR1GTRVWVhjyQ4UIWRfNkkgqwxIqKBYuhDHgoYhWXBhvoY0YU4zkdkbwx77G5KSmC61pJQWOdISgTn8YZLMWKNFUFwGATpnJHAKSRSVJI7bC0KyTFWiexoSxlDqVDaPnFKS16z1nJNomiVIuImDT6SjEIbM+X6ppgb8CEL4yESU0Y7K4XQiBUBjVIGU4hIqEMUF66w1eWcU2Rez+j7do9Nj9lhrwRdrTUYqzDKoJLcD845hgRN12ZRBnof8/XQIkhn7KX3PqPcc9Zw/r5JTrajLGq22y0hJAIJV0kjGR8JanT/WobcOO/9HieZMgK9bfos+ma4aYzT9YoxZsy4zs3fkJ8fe5y2cyXRZ+FZKXGueU9KAUIQccpZvO/RWp4bBDmepA2JLNprGdpQQMjIaa3AGCvf/5RR3zqhkhyH0k7yjI2esNcREa+9jxhlUSZNKOiiKCSLEU2KAWvAp0jhCnyU/GrrrujdH3Hdf8c//6NnXH+94frDklnZ8fLFM6pCc33zwDB43l/DV19VxJjo+zXNLvH8+ZyThcIVipvrht2QWMwqTs7PWK62FIXj2fkcH1oe7paUVcH7W+iHe85OLZdnBfcPO7Y7uf3Xa/joZxVXFwuWyweSD9w9rHi4jzw7j3TrLTNXcH56gY+Jtt1RFJbtbsl8rlBKhJHlY0uRSk5Pzmj6FX/8Bye0fSThwNS8fvOWo6MjqmIuSNeyYrteUpclt7e3PNzvqIsFH3/yGT+8f2C56Tk5OidERT07IgbDahvR5oz392uGVFIOC5Y/v+fFZcWrjz5nuep5/cMtRp9xv9nw0fNTHm6/ZTskLi5PeLu8Q2lBz/7ttw1N0/HYH1MfX7Im8u295t265WE18OFGcXwyRynDar3i/Lzn7n7BKpXYwvDhtsC5kuAT3muKoqKez7h/7EhaARVtMwj6nxMerz1OGZQ6oqiuWN14+gDGzFgGEWWawePmFbuo0bNjdoNh2ym0OaKJMKtm7HYNasiYdmXpPGgrznZSoigsSSl8THRB0zSN3OvW0Le9fF5aY8s5Q0jE0MvzI9MtQhZ3ZYBhmAYpRjz906GJsZ7+7J/S8fs07/fvy/79+5y1/3+qnx7fU4fvOMAiz0HBExeukOd0kIEbZ+SZfXp6KgNXKVCWBTF6DBCVxmiHD/IcbrctAkNIHB0tCOstfS/P481qS1l6emMIYWC73VLXc8EbN1uccxzN5qzX68nRCZJvn/JgUvAJ57Q8V6fYAcEYS35sQoAwmVyRZODLWYd2ehKWRXyN+EEcv027RSvNbLFgu91OKGGbhWltHEoZqrqmTBUx5OgNK+SRkAetut6jM3UjhYgtLChF34sDdxTUfRzQyVHWkl/btSK0xpRw1qK0pSwKClsKPcUg36u81hXIkFZqummtKKxDaYFlh+QhyNoXe09Z1KS033cYo0T8zYNI471gFXQpEJMndELssBrKWT3hsSVDuc9OW9knigNaaDsizMvx1SdzttvtdP8550TEZi/MppQkugHDrtnmtTMfk0pUpSORGIaOoIVeMp/PianHWnFiC+UEcSz7MGUKj4STKmdTQyRmoo4gthPeHxzAhzrUoQ51qEP9puuQAXyoQx3qUIc61KEOdSj+p//lX2My2tVllF6KMWda6r1DDwT1SkQh7kGfIta6nPPJlLEWfMCgJNs1eFL0RC8uEcGwiqMykabMTueK7JKQDm8IIvqUhcPajDB2uXGlJbMWEtbuM8u00WiUZL9l4c8Yjfd9dqEEZnWF0Upwsvl9rLWT4AfZ4YqicKObMWf5asOsrIhI80pbhUJya7XOQuaUkSqlFPheXM4qYzUjUcRaNIMPDH7AuUIcmcYQlSII4RhXOJKonPQ+MmTuq+T5yjnE7GAe/JBdLYGYz12azJJJG1MiJnkNa4r82YoYbbIgGrMgFkMWAdS+6a/1k4xYLTl8Cs0wCPJaPgOTX08Tg7i3BSnt0NoQvOT6aWWJQfKLY9xnqyb2CGYfBkY0cRrfn33OLIxZlSJoPxUNJnEijSnGiqSy69VorCvkrp7EBvUj4UHn806RyTGbtEKpPZp5zMYdm+Hj+0qD04vTffx5bpSTj8toK8etQKn8+ilO52mNQRuNkQMhIZ9LXVWQ5Lr1wdMPHlR2aassMisjyO0sVo6DGyP+0VrJzRbBR9yyKQu/So9/NmEzTl0Mzvs86LGC94QsoJN0zmgUdLbK34fp+o+fRRb/Y3YDhWGQLF6Q5n0SJLQ2ZsogDimIMJyb22PYslIKqy3GaIqyAjIaNecCGyP3vGQAj/nl0qh3TlzeMQb5fLMwPQk1ei8Ej5nhAcloDNlFNf08eKqqxvshZ0GrjNSV+7nfrSnCPXPb4/slhZWc3vu7B9arwHyh+fTTE07PTiUrNsD5+Qnb7Yq6VtRlgU+GpvE0bc9mswMSIQ407Q5tHIvjE4ryBF3U9D5xeXXF8ckl37654+zikuOTE4g7ytJwdn7Bthko5xe0Q8n1zYaj00u0O2bdJLrgWDeR2fEFEY0P8LM/+BM+++L3uL5rePP2kfnRc37xq7ds28ji9Ireax7XHU2viKpktfFsO4Wtz/jVd+/pBuiDwVMwX5wwxIJ/99ffsg0zysUVb29WbHaJ++XAf/jbN6x2GlWc4dURbahx9SXGzrm4OGO17fm///03XN8PbIaSIc14fGz55ddv2bSKdzdb7jbg9YK7Vc/N48Dd0hPsEdu+4GHt2e7g7U3D3aOH4ow21Nw+dmw7za63YI7Z9BqvFux6Q2BGFyxRl3gKNk1Auzm7TqHMjF2bSKqgi/r/Ye/dfW3ZzrLP37hW1Zxzrb33udjGBl8+mq8/AYYWgWUCQCIgIcEJwee/wIjow8gBET4BBOQEpFgiIoHEGUYOsBASDd0WaqA5btv4XPfea6056zKuX/COqrXO8TE32y3cXa90pLX3nmvOmlVjjKoznvf5PVh3ouqeUByperLuqLoHM2D8iZgdSTlO1y8wh0JMlWlJcq4L2O6AUo7LHFHGU7WjYtDGskRZ23NKpFxIObd7m+Sc51yEtFDBdz25SJBsLpVc5PXaGA7HgwhBqZByFTRuSu9w+77D+VvSthKsYtT3st69dn/H133bDz8YtTW4PRCCdaMemObUBFpkgTRZiVNShP2S0iagOie5snIvbA5YBblUnPOcz3cbsj8tAe9ca3DS5JyaQ7M212zLoI3yHBRi5PHjx5sIrJRqAnSjLFDpug5jJM81tecncYwXiQxoyF9xBjtZI+sqeK6ECyX3qVq2722txXvH8XgUV30IxJQ3F+08zxitOBwOzMtMSvH+fqbvM2eNtcQQWzatRCDIe3t5UKVyOhw38kTOGe87Ykyb6/Vylma54+kggrzzzYHcMwzDNve00vRDT86JaZo2odm1z+uHrjWjKRGc40JoDY/r87AI7FGeYrTheDySmrBaG41jFYvX6xZzkmfD1qxYsxAqQgwbeURc1NKY13WCsteN3rO6uEFyBWsp5CT3XrkPsjVmiuNa7per4LuNw5w5Ho9baHhubmZgyzGW3Gi/HVfOmZLle/yP3/gf38dZt9dee+21117/36g9A3ivvfbaa6+99tprr++qOt8eC5vYY7VBUygoUs4ipjhx25Wa8dZJjim6ofVEiFQVQS+XJhzVjNOGYleXQaVSBOFciiB8raFmEb1SCoIFFB8exmpcP1BTRBXZsJqXhZwrrncoBdY6jKqUJCJNjBENdNpinTicSmkYPnUv7pSGzTPNJQo0JLSg8UCykVeMr9aGXCpd58glYozCou/FpSrHjDKgijgLy+qiLmhnoSo0itA2TCVfWCjCVlmW1R1TKlYZYhT3juTOwpTle6SSUe24lNIN5WyYU3rwHUWAFeeF1LQsFBAUNYraBNtUaOKs/JtX4uq4urpinCZSTu8SXGsTOHNzXYvIh7biaC1F8L4pN9eypmZBDJecmiu3orXglmsT16kVrWQTPMWCQoQMmiO7Vjm/umXQaYyIbYg4vgm+SrDcgka2+O6wIQtjWtpnanQu27kCvf3+KrSiPEorKu37VY0xrjlZEedvKVTjmxguQgul8aCNbe5epHFi/byqts9TK6YYWMKyiefrmLLGNm2yUqMI9PMiuc800bwgrtpUW1PFKrKulQtxXgRh3D5zw142bHJBMOntCkPOGOva/G7nH8TZ1DKdVRWnNUUJJtm0tOO2oQ0KbSy1ubu1k+9WYkFpi/aCn6YJ6OJKSuSG3ETpB80AYLxhxaRrtTZcBJyXTWgZUxpdoVKo6j7zW1yOTsZimyPrOdiaXBRQEs4I8lIbyYpWWtza6QEm3TRctlIVo0A1p7I3jlSKnAcjYuFdfsxh+Cj/1+vP+KEf/wg/+98OjM/+ia9//ULO8JGPHugHz/lS+eY3XmdJjiUqbs63DIPj0eMP0HuLsoZnz7/G4xcf45xgiTUDRR04R89Ue/75W2/w9/9wy+Fo0Kee/DTzdBr44KMfJo5Psd01z86VF9OLBG0o6cBCYFYz/8erAeOvcP4RtzcTp9M1lgPz+Tmdf8RX/vYZj59oXn9zQA//jVefd7z2bOTYKybb8/bbE/PiefLi+3jr7WeCpMXw9/98Juaej330w9yeF956660NaXt3fgG7DPB0weknLMsk94P6QThr3hgTc0zShPL6mzx5fOAyyrW5y4+ZlebZ25EUZ8iREB+R4onOHIgmkhfDeck4J9jYOiq812AHsrWk7MRKb33LlNaUJWL8AdOwscpYlGlrG6o576yIrlVjtOV8d9myPWtRVK04DkeeP38uieHWNTFFc5lmyQefI7fPnjPP8ybEKqVaXAGMMUrePeL2VFqaa2zrweg6L27JLLhX0wTDKYjT0DvBrJo1/zRXrq4eyf1aQSpVBK3TlZzjKlECuQl961r/sAQJ3e4f3/GJYq134131e77qvepfEoBXJK/6AVGA16aidV1fS1UerCNCUFlJBQpp2FoJDet9QinojwehTZQWNVDkHhliloiA9rvW1tbcpjFG6A2yFnqUMngjwqfMDUVIsf3ZifO2ucNLKTjv0Upya3PO5NbkU5XBW4vvLOfzGY3d5oGucD6fSa1ZQXLXE+MU6byIo6pUSnUbCSWlxDzPIpSOixBDbBOgi6zX1d473Q/HHqM0yxIxa6xHFQR115oFyyKEiL7v6bqOnG9wrseoijOKF158mZvnd8xh4XQ6Mc8z03TBWrnf3J0lE1crhbFqQ2XLM4ickxBmSoFHj1/gpRef8PrrrxOmmeEoeP/z+XwfceIslYxWMj9DCJALVRuurq54/vwppSRsJw2RJcq5K5nWKCUCralC6FnjIoyTLGVrvTR8tedeawUjXnLcYibkGaGRWqzQALq+R5u4IZsfP77m5uYGo+EwDJwvE6VA5yxGG+ISiEvAOM/ccpHFzW7fgZ9exeacCzlXrHfUyBZpstdee+211157fX9rF4D32muvvfbaa6+99pLNrFpR1lGL5LallKC56FIO1FQFzbxuIKVCaCJkUYKTdd5RYkIp3TB3inm6CLpWKwYvboeECLRKGapWm+vPGBFJVROD4hJIseCtaUKsa8dWKMhm0prh6rSiqYHkEMG65m4VJLF1HZd5whjDwVrGaZIMu2mi73usRLAyNFzdmse2YvVkk62hMEsh5kxI4qRSze2QW9ZsaRvT4jxOpJqaA7O5gDCb+1brun1fawWXm2ImxMShH1iWmaETB8k8L8RUoIrD13tPyQWl1ZY51x2PLKsLBYgUSsqgFTnfu1ut8Q2HmLc8vNhEAG87rLWbi2OtDe2oCbPVBwAAIABJREFU9baprZSI+ZSCcU18rpUco6CilWCc04OcVlbn9UORoRTQlpIz1svGp7OOZVkwWo4lLOkdG4alFJQRHLK4bRt23IjLc82nXXMNU8mABgvWGhEwkWYAbR7m62o5nzlhrBUEenO9lJIQg/QqCq+5zWtQ7/130m0DeUUgKxQlJYzz5NKylsWMhNVQSsvJVfcb70opwtyw0LptpLLmAq/XAXLJorf4e9wzGIqq2G5tZJBs7vVaboKMrtt4L6v2vY7pXCkonBNsd04J27l2fA113ZzVMSf6lk+YahGlWClqYcNBGmOgNie0VnjXo1TYNrLFyQUx5XZdJINXa02MS8OoF3SDSa4bzF3XMYWFUgt+zVBWCl0Lw2Fgmha5ZqXQGcPSshlTDdJsog0lhibsB66HgSVMDM6SSmjjPKGLprQ5U0iC6a7SRKNUJNVELA+w9LVgyMwxsqhrvvHWG/xv/+uHOA2WJd/wj//4dbrj+wkxkrC8eTfz5MUP8fy1pwzecToc+av/8zU6r3n05AP8zT8sfPzjP8yPvP9HMNORb37rTb71xhscjkc+8tH/he7xf+XHfqpyOS+cXvov3N1d+C8/+TH+/mv/CGni0dUjllj4+luGf/i/n3J793WqHhgXwAwM5UiaYJwsTy8L9fWRvrMChk+Kv//6a3THK27vLvQ+kcIBc7fwtbeeYY2nFM/X3nxT0ODOMo4z1p3QxvIPX79QSiLmA2UqHIaOVDvqbDENLz9OipoVuraGDl3xfmBZFrrO8dbzmcsUmMNCShrlHI9f+ABaa/7569/ADVcsFSie06MnjPNCGgu1WE7HI8uyUKpgvecERUlDDwUM4PxAwoL1zIsIQpfzyMo0L6WIoLWENhdlbvuWGQ5y/5ymiZubGxnnRuNanuk6p4xhG/Nr9ELOgnTVrWFiy2JFXHeHw0Ecka1RaBUTTcvyXEXmdW3s+17eYxFxZpkFFbykuM33d2fR5pxbxu+3I5i36AfeWd9LDPR71Xu9//faffz9rIeO34d/t4rCVmt5znpAHxmGYRManXMYq1vOe+D58+ecTqcNtRuTNJzknDkcDnhnuFwuWCv/fhoOrJn073VMx8Nhy2xVSjEMA3d3d1ilhQrjReA7nk7EuGCMYZomjJbs4mEYiFGEw/V5KedM3w9b7IUxhst5kpzgTuZCDmHLgV0b3YRqIg0NuTWapRDBizvVe3HhzvOMNoYf/pEPQqm8/fYzOf5FNUFT5qFSimm+cGjfcRUqZe7I890yTnS9oOKvrq4kc1trzrcX+Z5OjlchjtZ1Xq7z7/751Qlau/fbHM0hUqzemj+MswxDB7SoAtieDZ13jOO4PXvpRqSpueCdo7s6tKxfiSKhVFBN7O66zbG9Nv299OIT+f7ThUePHvH06XNqERE754x3Pd3QczgcuL29JaXSROoHa4oxXJ1O8r1nwT4r6vZMLGMytUgG3fKC5fiurq62ubuO4/W+75yjlneOyb322muvvfba6/tTqu4tV3vttddee+21117/v6/+Z39LtCwFJYOzzcXR0HgrAnIt7z1LisTUHHENnXvqu23zyTmHyokUFnHyrmjjUkAbccip5ujThiVIpueWyaoUORa0hq65TqoyoMVtgZHNtxQlz6ykgCVjqFAEOYc2kq2bCihDLJnYNihLKdRS8N5y8B0536PuahXBKTV03YbBLAXJVJQNxtQyWleENFWcgmOQjTPfBLaqIJZM1x8Yx/n+/ChFam6t3osgHnOmKv0OEVqE2rLh/2KM6Ia9llxXOW9GaVCFFAKnwwFVRSgzSjzVU0zMIW5C9ZpRuGURJsEMdr0IwlrZDS2plGq5w6BtQzwbtWEKKc0p2cRdpRQGtQkgkgWrH2zmN/Fc3eNEVwcUiGC4brKKCViRYtkEVa01JSZxzAZB+KqGzqShj9fjqEqOqWbJ+UWvQkbDZ7fM2XY2MKs40rDeNacmSNuGX2po9OaQqs31SpGN0ZCiCNoVGadtvEhAcBXXeykY78k5bE4wZ+V6RrFki3hu7SZkr2Nxc7Ertjm1irfWOppXdxOH13OpqjiJVze32oTYuuFI5TLpewG6yjhZx8c6nkXo1xRyQ3g/EJOa0yznTM158wGa9hlwnynqnEMjTSCri7o+wKSWKi5ypSopBPphIERxP/feyxhvuZO5FmK79jlErJNrpJTa1jGZJ6o1IRS0qpsA0VkDNWO0otZMWsI29iTLvDU9lEwlY4xC1YJTCkXCKcFtzssEJQuBICxYA4MOPDZ3PDJv8vGPVp4cAnFJ3N7e8vTZc6YA46K4LJqrx++nFE1aZi7nG6wD7y03tzNVWazrWJaFu7MIjFenRxjjOBwOW84jxlKLJsTM6TgwjmdUjihdN0TpZZxZUsa6norg2Pv+gHaWu9sLbkWnakMusj4K7lWaR+Z5lux4qwjTKJmiObfmBHEuxpDpD4PkxLe/WwUHEVU0U5A55b3Ht3U9NMe+CJviFqy1ots5L6WgrSMnueZd15FjWzOzzDGrNMY7bm/P0qTSxvThcNjEzrUxwXvPsizbfBuGgWWUJqG7uzv6XnDJsWR8y93sthzNzLG/z+mcQtxcbzFGfEPvSlNKJiOZvr2TRo1Y7u+xwzBgrWeapk1gUc3VmUNsjUKyDoWQHojknt711FqZwtQceNLw0Tm7fb6z9zjcLQvdOm5ubrb/Sn2nULnWe20d3d8z67e9/rup93qf98r+/UHZznq3CKy1RFWo5ipdG8O01qgq9xHbrnUpheNp4Hg8tutTGZq4WUohxIwxDm9NixgQYVOa8RSu7zY0svde1gKlcFoEOdeL4xc0L730EufzLeM4k3Pm0fUTUsnEuHAYBqzSaC2ZuDGLM3d9XohB1t5u8JQs9Bd5VpHmiBwXMHJ/tdZCu++mFPDeY4xjnmeUcUzLjFIGowR52A+eJ9ePUFYycGNK1DaXL+PINE10bQ6blocr98tM37nNkRpCwhqZAxS5r59OB/zQ8/yZnBfjGsGiqHY/XrZ5V8t9RnVuFJl5GeV6WbvN+3me6dpzUn88UApMszwbl1KwRnE8Subyeo2BTVC/XC4obUV41dB1HT/0wR/mtddeIyzT/fNVcwMvIZBzbUKz5EqfjgPWWrquQynF+TK1MVjbMwPbd1FGnl+2Jqw2r9dnDu9lTbrPhq7khnA25n4NUEptcSi5Qs6RrusA+byHz64rgeaf/umf/t+Ygnvttddee+31A123t7f/4d/dHcB77bXXXnvttddeexGr2rIvJVMsEUrGGU2m4oxk/ZLvs73WXFlrLSpXQeU+2IxVbVPbeSuETauJi2z+OCdOB9fZ5jhaP/9ecKbU7ZjWTVMRBGUDylpLTZVqFKlkahUXICkydB3LMlNyFuSw9i3QVWE7LxvcRtM5hdP3IqzzjhACpbllKm2D2cimbEVMxlmBaW6wNZdtFYgF27sK3bKRGGIgU4lLwBlx3ZaSMEqLi9HqTRRVDStrtcJqBdowh4VaJatOI85irTQ55YbBbU5obei8xXQiEDkjQqU2mpJKE8sERwqQysNcubIJe+v3KVXEZ20NyzhirGwklrpmQj7A/apKeZAZaIwIMIKn1tA2EiXDN1NKE8fbe1lrW5aqvMeK3jbG0A+ecRwbFlPQwlYbglrtqmtGcBOIFZsTV65DE14xkueqDCAIc22gmkpN4iSnREoTsqtaRXeAugnS62Ztafm9K366qEquBecMpagNnbwiptfN1LJihck478lBHESHw4FxHMklwYPP0dpuCOycC3AvXN0LpRVqc5EpsM1tU3KmrFm2KaFqsxwDtSZQAl1fc3mNFqfriuRWLfuYtI5NhTV2uz5KrGtYDXVtCIkRZUBHwWkbLfnapRR0w5YapQSDuci565RCF0XMobmE27VTBWc0zmiWOGNTwJaMquCLxVAxFbyxxJzIJBSKKU8MziOabiGVtJ1/oxUxzfg2T4UikKmp0nuLLoV5HhmUhgSUBBRKzqQkYrw1CmcUh8GhSiWMF0He9540jRgNJijCPKKNIlMYO1jiyF/e3OL1RIkjcwiECLY7EasnBHjjcsZaT00Za6+pSyHeJTJXlKypwZCSQfsjVmtq1xNr5RIVy3kB1XHwB0Gyl8CcLIkKRoSnZ5OIsFM2hJwZ+hPLEqkpYrzBZkPFsEQwpm9u6QHf9+gSCfOCRtENp5bHrsFrQm5zxWiWeSGlitaWkCqDM6RcqcqyxIJxPTGlRlWAWrM0V3Qd1mp0c/N7IJaK8eJwM9YyzyN9fyBMgRAirrn3OutIOUrWaEoobYizrJEohWv4bhEk7rNNU8u9XZttQhBaweqmVcpsWGXXd21OSoNQTonT6UBq42gYBmoTvlb8rms0im2stc/23qOdRW2vtVwuF45H3QQ5EX6Ox2FD8vZ9zziODa8qgp9tbuDVHbga+9f8Ve/dtnapNg+XZSHGyPF45DKL0zmEwOVykQYL3ilavtuF+52E3ncLsmtjyHcSav89gvH2WvXAjazuBbkfpKptbZU887Ktq1szVGtKWekGJcPbb7/N4XBAtcYvvzay1Yr3ls55nj9/jnNCSlnUsuXjvoOwsN7f18aXrsN7zzwHnj59yrJMdN2AVnYjT3jbNRzy3dZMsCS5b7HIMb/vfe+TqAWreOuttyjeE2Pm6OVe5r2XbN15Yo4LBoNzhloVMUrDgnMOtCWPGecsuUojjVBKAp0fsC0KZB4XYsjkmra57JwjpkwIgWEYuL6+ZhrPpIagHoaBy7kJobA1mchfFLwfmBZx4YY54rzBe3HtjheJ5Hh4Hr33KH2P+F5zilNKDC2aYHVXL4uQJKw2FNTWgBGjNHaklLb14XQ68fTZTWuokYaA119/XRzMYWk5xw5yIjZSzf0zRmu0qvcxE+M4EqMgtJ27j0I5nU4sMcjzVZtCq1i+CbpOSCzr2FxjEEprtFzJOOux5yrUncNhYJ6FmrI+r+SciTnJ923PPXvttddee+211/e3dgF4r7322muvvfbaay9Qhqy0OHJRm7NVFyhVEcQyijaWJWWcuxf5nLWUvJCz5HJumbg0kacK2lmSVgV3LJuEhtLcvynXtvklG2IvvvCYcRwxpmEPFxGFchB3h6mgayGmREv7BCClisqZ2BCWFUg1i9BVFEoZcQNXccq6biAvMzUnOiebr9M0cby6Jj1wPpe2cWaMo9aCauKuMy1j14grxlq7uSXHcUTpitaKrp0X2xwhtuW/Gl2xh27bFBPkoaWWBCVh1yy1kilork9XnM9nnFGkttlYFZSS8Z0lx0TOityygguKhNo22mqtHPqemEFpzTIGcUmiNseMiN2QQ0Abi/VOXKOGLUO2JhF1TXOTaZortKGaS0kijpCbEHkvpNRSGA5HETRsc5WWSgriCAaoKWA2AbNyPjekbhPZUYqQA84PzQkoDk1xH69uO7GzS1axYAaVNdSaqDmjrSWnTK0tL9HZTTzR2lJ0bcJrwjg5t9Q2hpugo5Vww1cHrrWegiBU77Nw2xiuBaiy6dw2ZuuKMEeQ028/fb4519EacqVsr2FzAmI0MSeMghBk45ycZcNXQ81ZHONarm2OSUzIujbUtGzkKi1iumjqirSsgoHkbCqAnCg1oYo4oEspmKKpObbznFFF5rrVmpJHADrnSKaQc6TmLK7bnES0ClGOp2Sujifu7u7wVjP0HVO6YKpsonfOSNNCLjy6Grirt7gsa8tlvOCtxijwzuCTJqZAKYmcI3oceZSPOCsOyru7u3vHvFLYknh0deRyuXvgFhNUZW0b24+vTptwsjpQVwEgZUFefvSD/5Wb5894Or9NTZH5XOk6EQdstThTCWFmCQvX/kXmGHkaDCVqSukpxeNch0qWF158GR8z4zi33E+D1iIMBBSd9RQHXTdwGUcqGaU0t+cLAIfDgawa2lw5QAlKu0JuGepaa5yxOH+gHwznZ09RcxBR1GhpzOk7lHWkGOn7ntNJHGyxufyurh9ze3vLNJ156aWXSKngXMft7a0IktVijGv/yXm9ubnj0eMXULowTRcRXep9k0/f9yzLsjnLxllEGcG4FnIpONtJ88i6vtfK6XRiXMR5G0NkmqZNpK3aEJaF8/nM9fX1PSI1invbWkvMgVNz4jmtiPNEreIy1M43lHUmNCdjqRXXXJvLHFmWhVwKYVl4+eUXxcGoEDpCSlxfP6GzktecaqHrBmj3ltvL2ES4lbJgcK7bMl9XvOo4ziil6Y8HtDGkCtQs6GCl5LrESG2NXMSCbuvO4Adub5/zwgsvcLlcmMYzyso5185yN16oVcSolKtkczfCwira1Lo2Cpn7R4YHwu0mFFdZN1bCwvpvuhFCHpIJ/s2PJg9F6NUB3Jz4Va2ZxN9/DPV3Ww+bdR66gKUpqjUK2YLv5D5knJzrYRiY5gs0OsaTJ0+4vbsTxHATdg+HA13XCbXDyjNBiJnrR082lPT5fObu9nmL+4CUMrqTXPHLZRJyRcMbey/uYustc1iwDVHuS0/ICV31O77TOn9DiiwxUIOMl1paREQTFI3RXF0dBXleEtY0ZLmxzFOgLA1DbdYGJ1mHjTYM3jEugVgq43xhCYmhPzQRtW4NdwC1JLwzGA13t8/l/t4aasY4YozFdRbfHPrTNFGCNGFMs6ylJWdqjpRY0U7oBHfnmb7vqUrWpc31qqs0WhjP3d0dpa15IQvJY0V1m9bUImK0I6dK3x1Ala3xMefMOF84Ha/pvVzT9XqiROCWc0IbS466BPkuqTSB15JSZYmBOVTGaeHJkydYFzifz9SqsNYRY2CaFolZKPKE3vc9wNZMIgKvpuu6TfhVqpJz2daFUlqjXt83B7LaGmgkE7g9J6/PZjlTUub6+pp5nr8n8+v111/nC1/4Al/5ylew1vLiiy9yuVx48uQJv/qrv8onPvGJf/H3v/rVr/Jbv/VbvPnmm3z2s5/lV37lV74nx7XXXnvttdde/xlqF4D32muvvfbaa6+99mrCmIImAFvrUao2VwaktoGnjMF1Vhx1STYCc4h4Y5lLIDeXhwJyWMgli4vVQEzNCaQ0IYkTuMZIRpELpFo2R8v5fG6ZiHlD3Skl2XSrkyTGiFGVvu8IsblYU6bvD9S0gDbUWigJuoOlVEVqx6C1EezsvOCdlWxYLRtzvh9E5HyAtZTN0SRZx8Y14TCDYhNVai4UZMNMVeicHGOueUNOl7wiPbWIeaVQUhDDak7kUilaEoRryeQ1V806lNGEeUYjJOHj0ElmW8poBLvXOclNXvHSIEJxzQVrNVbbthmfmMOM72SDv3N226RNWVCCfddRld6EcOtkw3I9J7LxJ2JZbrjimgsitTbkcilUrdFNyK4tYPZyuWxinKahh3NGonULGHf/OSGg2zkuSrDd2jm0caAVSrVNxebeWwVV5xxhSaAUXcsolM1ay6Zj1IpSlkJGq3sXfM4Jaz25ynul1mhA5R3uM3mPjGvoTRkThZLEuapkJkAt9A17OU9BzkutlHLvcjbaYIwgxpVS5CRzR1eFVSLC1FgxukpjRimYpogYDKmmhtosoIu4jBoOOeWA007E71S3Td3UnLumZVAWJ+MkNWdmLRmjaZu6lcEPlJxZlhmrNKoJ3zLmK6bKBvI0j6hFRCVTkvyu8uIMjvJdVMhQMnGCo9aYomApuLAQc6FrOYNGVcIycr5TOO5znbsSGboeTUUHEVlzjvSDONV8Dai7N8mq4q2lTwGrJE+4s45pGolPX6NvTs7OdBhrOHNGW2kQYTozOIcl4vEYawRh3DKQQ5j4xj/87wAcnCOWmb7rSHlGK01NMylGdK14Xbm7fdoEE8McHc4O+MG35hrF7SgOs1zFXe5sR66K/nSCed4ysEudRRiaJo6nK2J6Lo0QxqFaA8l5nJpQoykNQT+PqeU0WlwunKeZw+FEPwxCKlgqc0xk1JZDKW5TEcJLrRyPV4TmhlXK8MYbb4krsQlBq0MsxrjlUq4Z4yVljLvHpOq2zvqWMbq5bpVkR6/5mKq54VNNOG9wtmMJSfD+tTT3XGFo4gVGt2OQtavve6y1gontug2bHmMUTLUTZ6KuCIY2hg2/7JzDdx1qnsm1UGPmMHSEUDYnrdZ6w0J77zc37ko8CCFsQvU4jhvxYD1fxlqoldvb2+0ed78W3aPL51lW12lahDJQeQeRIwRx1uVctvxTOT4r2NzmRDSY7d4q10bw8cY4+v7A4XAv/qaUNqfow/9WOoEso00Io4mb+t5dqpRagQPfJoCuP38nZ/HD169UEFgBD7UJznzH9/rPVA9JJmvJOis5uw/nj3OuzY97PPkaCfHs2TNCu47TNEljXM6M45nT6XpztB6PR7qu2xpWSikMwwDAOE0bwl2c5G7LYl2bD+R8iwC9zKOMxVqorXlNa72h93XL775cLqxI4OPxiAAclIjIVjMcrnn69CnzPGO8o6YRP/QoZegP6z1a3PsgUSM5BZzrpSlkHGVcY1BVcpKVkozbdZ6tx3Z9fd1c7pmcA8529N6jU8I4mVfhgYt8PQdrkwiwiefKKN544y155mi1OurHcYQqiGynBf2cqQ1pbbb3DCFRmzV/jdxQFZ4+fcpw6LZrPo4jJcvzorEKa3tSa2TbXPxKMU4zCskMz1RqjNQHlJF13ZB1QZzd61oByHG2c3p1fY2xCsr9Z/R9L2tuay5xTr77PdEEjsfjg/fK29onFBRHjMs2lsRFHDdHOgjaeyUdfDf16quv8pnPfIZpmvj85z/Pz//8z2/H+oUvfIG//du//VcF4B//8R/nYx/7GG+++eZ3fTx77bXXXnvt9Z+tdgF4r7322muvvfbaay8KikpFV8m3VbVSG5ZTa9c2XLOgf5Mg7HTbBEop0Pc93liUcZRc6L3G9B3TNG4bUjEmsgJn7l1AtSJ5q7VgmuiQUiIU8R8eXNdyRxuKOCHo4yCYZ3fQTPNMSgFlHcZoclVUFEobSrrPNq0t27SkhLaSuVpVEceyNcScNhF8nkPDgdIkPE1BY7QVPK8S0cw2961GUR5g8LwtWK0JNUMFjSWlKBuiFZxR1FJxxjLPsgGmqRglfmY5vxaKuIZjnrC629zFSq0b8hlrDaquDgs5r1abhjOWY+q9ZPCVFKkqUdbs21LItaKSODJziZJj27u2eboIqriKcO6aKFBa3m1O4opVq+BSE13XsSyyMV21vt/0NOJ2qqWJhOMIVVHXTUmlMMaRaxKBXkOpC7ptPK4Cte48qgkYWonDNqYoYmu9zx9OKWwiccyJUksTlRSapgAbR61AFRdsLYpCFidxzZSYxUWrG35bt/OO4JE1ikohtqxFrVZkM+L8Vc1FXhI1BEo2mCpodVUyuQQ04ggmtbxmIOdEV8GZlkfaS0NGSoklTHRa45wmx0itmVN/5BzuUEljnQYSnTbiEK2ZqjPeeCqJeZow1VJqouaCt0Yc6RQulztMc+t1vWe6jEBhaOtElxw1F/oUcE1Em+eZ4XgkzILNTM8SFhHlahO7fO+ocyUvkmdojMFqEb6XZcFb2XzvDh3TMpGmGd91eDx933OX7rBZAwXXxCVvDB2C11QavCooB70tpFqoRrOMk4i79sChEzGhKrDGUEvYsKDOGrlGBvphzUh1shYq2cw/Ho/c3t6SUqDGyOl0IidkHneernOM5wvGFEwb67rNmRVBPE0L3dCTc+b68ZOWIX2P/lVBHF61KlacpzFGGi+KYl6WNr8asrRWYggMh24bZ9M0CdZzWbi+PjGOI6mCdR1a5yYQzcQYWYIIUEuQNVzGV8BYSy6FXGR9W5Hl4+0t0zhirOdwOKC1JcalCSWtWagJhsfjkRwiOURMa/KIaaGSNwFRa4d3jq738rmtGQItmPSa2QQZ0xyBt7cXrHPSpFTZ8LBzmIglo51k26aU6PsD19dCc3j27BlZUgwoDb3qnUFjmGZx0JXW/BFCuMfKV1nBTPvZtPzQFcF7GAaMUXTeUmKiasMUpib2aZ4+fY7Tgoq1SnPovIzPWul7yfrMTUtdxZ3ra7l+h8OJZ8+ebQ1PaRExyWogF7JWpChNAavrXCmF7SyX+UJnRUg6Xp+EuNCEnVgqxkp+e4yZlKtkjgNXp8coRYtCKDI31maoutIOEkWVTQRO9T4bfBUOQbMRm7WI+auDt0irz+YM5l3i6PZzi5VYhd6Hjl+ay1Ar9W1I6Ici8EPn7bvrX/q3f0/9W97n3cjq9WfTqBeqkTW0sdKwESPONke+Nzx+fM08iwisjWGaJpSSJoC12aLkiFaSbZ9TILWs3lXcXe+hXROU18YPa20Tgy01V2gOa2c1YZk2kT0lub+r5hRd39s5EX+NbY0U1lBiRNWCMpocAt5bzudzaySBHDMpRkpr4JL7ueXJkyfM88jd3R1UOTfee853I9Z4rq6uhNLQSDK1Vq6ursT5ajVpCXSHloU9zzjXYY3EK6gqDUTrM+l4mXHecHU4yjOqtVzOk5xja8lItEmKecNwq8omNm859yVhTIdSdRP0jfVYI2O0VCVRD/meeLBeE2X01oxhXdfWXLluIYStQWMVqddGwuOhZ14ipSqUtpgmEK8NkmuD0Er7CCFsLmRYhdxKrYW7842ItEbW2HGct+xxWc/ZiACr0Nt13Ya5X9edla5RU8F4jXNCdTDOSl45hc53zEt8R2PJd1u/93u/x93dHZ/61Kc28RfkmH/hF36Bv/zLv/yuP2Ovvfbaa6+9fpBrF4D32muvvfbaa6+99kKjUFacVWGZ6KwjhhnXMLymCVpKKVSpgAgnRtlNGCwlENumTlYabdTmMkQbQsuLXXKhcyJYYCDmjKLSOY9RmlAKqWXizfNM7ztaCCvGyEaWuLMUJasmhhiomgoi9uWCaQ7CUgo1ZSoVayyqWoyWXL1pmshaYbUgqkNIhLyg673zRWuNd4ZSIiWLq8sg+N+UIq5t6FmlCKtTenMQK4yzD34nQLSKAAAgAElEQVQW90NoSOsoqnTD9vnNUbk652KUXEzvPRVFiJFcK1VBmhaqVhjtQOt3OMWmKW7ihTGGcV4wqgkM+d4dojDUkklNuK21UkwhpYwxFuMcIUXZOE0JaKjHmEGLYLw69FY300Pn1yocWC8CX13HwLJgm9CVcxQxVWuMhqyquE9rlRxQpSlFcKfifoSaF2oF3YR0o4o4o7fN3dCQzFa+t9MEQosCrpDkGC0GbRAxNBZ63xNTIKdIZxxOr5jOjEK1cZS3TXNKJoUF23kR8oxtTQZhc4Vbq0khYl1zKquKAXxnWKaLZIS6Nv7mCaMq2kpkdQ4RbTW2Vu5u74jThcPgeTxcE+ZRHFO5EMeMrxnbebxyzOc7Mqmds0yYJ7IxGColRvzgcVpQ38wZbcUVWpaLCHS5oKPmpa7bsk1jjFhE9NUxNQd4YTAGLs/pVGVg4LzcAvDC1Uuoy41QAZLn9nJG5YLxHmc1wzCglUarhTwLgr0jc7yy3KSIM2AoTDc39FbOzzyPDMOA7z3aapZppHciIq9znSrCQwwBRcEaxTyPzakPj67EGXZ1ddwcSatrTlUoDxz1oa2BKcW2GW8IoYmbObYGAEhBHJnrBrnMH4MyikenE0vK4nprjtLVoW+UBhx97zeM+DzPWzbl3d0dx+ORmNK2eb/O02VZcM2hWxCXbc2r80o22M/nMyEnuv5AbiKvfI44dFe36er2LAVeeOElafYphfN5lMzOy6WhYWXjfwmpieHiwpPvpiA3LH0tG8FhddvK+m22nM6c8+aeTSlJFu35LO69x1c8ffqUmETQvrq62gSGWkXMmecgqPpceX5zg3Uyz+BebFtdr6uT9tGjx8zzvLnZvJcxkxtWXjCoiss4cnV1xZMnT7i5ueH29lacck1o6roTxixoLdjTEOYtP1ic4ZKxnFImpcS8zNv47LqO0u5NIQRyzpyuJEs5xSrn4SK48mmatvdbHcWS6ytNBIIyqNu4OR6Pbc2/P47VXb2e/zkmnPciDuVM1x/wSnF7M6K1a8c1o7WQKlbH33s5f99LbH1Y7xZFN/Sxapn374Fu/pfE2ne8V71HKD/8vVXwevh730mg/V6Iv//W93mvc7GicgXFz5YJPHhPLBln/XY/nablHU7stdlM1gP5ecXcWwVhGlFK0MSHw4G7u7uteUSaDK43EV3EZBEYj8cjKQXmeZbnr76XZpD2zCDNFWETQNfjEGFX7ovjWcZtzbKmPX58zeFw4O233pJM3va+h8OJ119/HaXEEZ9i4ebZc7SV54zUMrjPdxIrEELg2dMbcom88MILVDQ3NzdYKwQR59zWLPHiS094/wc+yBtvvMF4vsgcKIn+eJDnvpyZppmcpTluGIYNefzCCy/Ia0p8hxu/6+S10yQi8dqgU5oT12mD6weM9Q0FL40spdEE1mPz3mOt5ebmRo7Zme3argJtCGl7poL7597D4UBFv2P9PBwO23tP07Q1BKzr+pMnT3j27BkPUfvrWuy9x3XSEJDCvcN4FdltG4MP1831c2xrbnq4NtkWEzHPcyPy9JvYqxXNDR2254cVOf0frefPn/PXf/3XAPzsz/7st/37hz/8YT784Q9vf/7TP/1T/uiP/ojT6cTt7S2f/vSn+eVf/uVv+71vfvObfO5zn+PVV1/l05/+NJ/5zGf4jd/4Db7yla/w8Y9/nN///d/nlVde4Ytf/CJXV1d84hOf4K/+6q+IMfKpT32Kl19+mT/5kz/hG9/4Bp/85Cd55ZVX+OpXv8rnPvc5nj9/zic/+Unefvttvva1r/GBD3yAV155hR/90R/9rs7FXnvttddee32n2gXgvfbaa6+99tprr70wVHJOpOZ6yjninCGl2MQIK87AIq4n2dwvKFOaODGjjWtOMSVIulJQxqJUYYmBrBquF00oFaM1usLBiRhBLThlKN6Sw4JW4kgqRdy00zShUfSDhyqbkXMuzKlKXp5SlAreiHNWqwy14qym5Ijkz0ZqrmjTMg9LJsdKMs2dpDVWWXH2ZsHeCa5O3CWCWTXUXCBFyTUFVJUcRr26nXMlpEhBsYTI4B1VK6aYIBRUreiW/bjmKKeYKUZRUJQiwoZVFu0tKWdCyihjyDGhtEE5wR7nWjFaNZdFkGxebdGq5bVpEVFzieQmEKmq6F3fNvMFrbxEEa9rqqTchIqGj8aozaWlkBxdAKMdRht0c3BSWt6fXbOJS3M0Sm5cpeCd3zbpU8tapWZUKdQUURTJQEZEUE1F1YLTihBnrNZARRsNeRKMMhWrQNm6bUoroyAGvBWR+6A1zihCmKkaNAWVCkYpSo34zkF5RshBspszdJ0jJ2k2oCTJQJZhgq7yd0uZ0QtAwST57BIDSq+ITzgZS1c94zg2hHFBe0/XhGIlFnt0ClhtWMIkG+SupyIbpkPN+Fpw0TC99v8A4JqgOE0XcelHTVAKXTLDII0TIQQORjexIaF1ZnwmOMhhGHBGQ4JlyThjsFYzz4EUMkmvDluLMwpNJSzzhiO9ahm5Wmu0gXm8oCi4zouQrArWiUgz+K45FTuMVRQqtjkSz+ksDvKQN9eT1pBzxBqFa//Xen0YmpM0kOaEqhqM5urqipQCpYC1GpUl+9o3YdU5cSvFGLm7k4zH1T22IlQBUly2TM0Q5taAEVFG45NHKXDWEuKM0W4Tr3KujGcRUQRHHBr2sifkQpwnlJLxlMJy75RqDtd0daIUqLWJQk04NcbQdwcqM4I1F5G57xylGJQyTXwR4XrwXcsj17jOs0wBa2Vzv5RCiJF5nrm+vqYybW6uVbg+HEQcSQ35+fj6kZyrGIBKybEhhiNas23er9eslEqOSZoeSsR6t53rVUDXVpFCEketLUIeaA0GtShp5Mlw6Af8dd9+dyZGmoBuhB4ALCGQLnIu5zFugofWMi9yiJvQcTwcqLlwOhwl11wplmluoi8Npysi7el0QmvN+XLZHLmrU7VCE8RFWLu9vd3eb13jusNAyNIwo7XGeEcBtLNyfRoSdXUEzvO4CTY3N882d503Fl0LWhu6zlG9xVcv17yKndlaT0V6pMZxfOAgh1gqNWVI9/mizjnC5dLEdEUeZ5Y5kkqh80dxAyuDNobS8j5LuUc605DOSskcLv8GB9+a0QtsTuIV4/yer19fW975ukK9zyZf35d3C6t6E3wLtQlo76yHn7veL9bPfShIrz+/W1T+j1RtxAiq3LtUcz+vgtsqBstcTYCGqluDRJEcdqW4jDPQ0PtK7u1zXLDWCpWgCWylFMok7vzb22dbM4bWGqelmSKXQimQUmnjcG5IXkH/1gzZVqqSdbtzPc9unov4aS21Of2XOGOdozTiyNo8o7XZ0OQh3ELVTONCKoIVvru5bU0w0vSlDcS40JtDW6/lmcQPhlwL3eC3Zp+3nz7l5ZffT9/3zA0BDZoYJYrktddeo+uGe7d+Z8n1ft1XWqOtYThKjvD58hZaSWOgNqB0ZZlFEI5JBNWloeGvrq7kvtjIJ7myrZ/zPFNbEMbzm7t7rHfntjl0c3crgrFb1w02FPfqsO86z9XpQAiBm9szSimurq62zONVzF3H1orz7jrJP18R9iklzrcXNAZnDSnEB05gTc6V5XxmRaznXNscUixLwJi0PQuO49zm1v1z1rIsG5lGGkJlPVuF4csk43V1S8ucavOqVpZw/q7m1de//vXt5/e9733/4mv/5m/+ht/93d/lF3/xF/n85z/PZz/7WX7nd36Hj3zkI/zkT/7kO177oQ99iJ/5mZ/h1Vdf3f7ul37pl/jKV76y/fnTn/40X/ziF4kx8uu//ut861vf4td+7df4wz/8Q/7gD/6An/u5n+O///f/zp/92Z/xd3/3d/zET/wEP/3TP82XvvQlPvaxj/Hbv/3bvPLKK3z5y1/mj//4j/nN3/zN7+pc7LXXXnvttdd3ql0A3muvvfbaa6+99tpLNqFyoWbp1LfOUJp7Qzb8M85bEfyayKmRjVZvHYVKzAljxBEc4iwbpkU2ulGGoWX1FqVJuaBT4uA7KuIw7rpO3oNKZ0U40BhKSrjjgFaV3svGeOc8ublevPdUpalUjJHHWxF9LFpVUmrOLCU5h7WK421JsQkxFVMNKMFJ2ibwen/vZHjo2Kul0jvfHNJeEKltg7jWSlUa6x1TiKRS8b7bRKhUF5aQGDrJZ4yx4prDQzuFVoYlLVtum9GKEhPaGmS/TuONJeZE7zvmedncXs5aUgiUhmm01hKCuLe8s5RkKCrRGYXK4B3krFAhUmliLFBVlfzTlBi6Dl0qkMEWOdZ4h6uyMZtLlHGQKp3WzSVcsFbGT64Zk8Vlm3LCotBJNilDnCkNPj40AWWeZ1CgqNs4KzmKi1eBrwsH3zenTttAN4UwT1gnQq9GNia9M4R0wRU5TtlsV3QtpzfHSEkBNDgqahZhsWbBdmMUNvfM51u0M/iWk5xDJLXsXmrGWy1KRBGRM8alHZfMrRwjR3vg5q0bcYunxOE4UGLb5A/iajyeBlKVMeks9LZijWw8n8uE956bZ2cI4GrldDoR40IOI71uc0E3Ma8k0jzTdR1+EHdryQWrwQ+e3gp6tiaYQ2lYz4o1Gmc1lyZMpyioYdsuQNf5lhFtmkga6Hq3ZXZfHU/krBnnacv6E1SuRynF4XAQx9l8EYd9c7f3fd8EqoaUjQEoHA6n9veJnAKn4YAxIqKWUlBVRHYVaVm1uuEu0+YOFBxy3HCVKaUNobw62gRnrJmn0OZlJJdC3w+Mo6Ct7y5naUZQisOxx7ueFLKgm8296/8eDRrEsd+QzLUKanfdGJf1UT7LtexKAGs9scycTqfWbFG3YwCzCbRQ8L7f3iulwlIXSsslt95t68j73v9+zufzJp6s31/ygD3X19dcLhfGcdwy3I0xhCW1HPOyNapMTWgwRpo+UkrQzuPq9p3mRC6R0+EKrTWn04nnz59jnCU3cerq6grBIPc8vxEEqfci2L/++us8fny9iQarsLtmDYsbLm9Cxipg11p58cUX74UsBc/eepsXXn5pu/bee8K8EJLg7rWB0JD/3vcYozidTtzc3EjG8uFA30vzRkUjOoncG29vb8Ul5yzLNHN1daLrOm5ubrdcYjn2rrnH04ZVXTNYa634lj/6+NEjQpi5XC4irrBswtDqBl4xvKtzW2uLV0qySKHlENvtvr65OHMmRUHbKyNiWUqZabyjKkXfHbZmiFXcWd2d73aerqj9h27g96pNSOVfxzK/W3R9KBiv//adBON3u4BX0Ve/S9B99+sfHstDYsW7X/duEfk/gq2V5ql3OpPXeApB8Yrwtgq+yirBKCuFMs0Z3LC+pjV5PLp6LIJgVNu6tQqBa1PFmoubs7gxb29vOQ09Vcv7nS/TlvfddR2Xy6VFMGh+6P0f5M0332QOiwipNnPoBzGeA0Nbt+d53Ma0UAE6ShHsr9saBrMQXkJgboj0muU8HIeBYegYhiPf/OY3N4ep1hq0YlpmapVnvXWNUEqa+Nac2jUneT2nyugtmzaXiHPDeiGkUbGJvSuiWEXD8XSg5MzpdCLESNfVzQG8ri/e+23dmsPC48ePubu7Q1W4eX5HzAnvhfgQQpBnMe949OgRb7/51tYUF2NsBIPMC08eMc8y7+U6yTN31hqt7Pb5q+B67wxmE4LX7742F60VY2SuSxsfmqrYzts6fZWhHY++b6BrDQnyGXdbs6DUuygArdlPt/vTWnI/rnjfb+dNHNA9urmqv9sM4IdzccVqf6f68z//cwA+8pGPAPBjP/Zj/MVf/AVf+tKXvk0A/veUMYaXX36Zl156afu7J0+e8L73vY8PfOADvPrqq9ze3r7jd15++WWOxyM/9VM/xZe//GVubm7+w5+/11577bXXXv9a7QLwXnvttddee+21115oVcmqoIpC1zXHMeGs3zIHY4xkFDUG+s6jSm2OX3CquU+RzeVSAQWpZJz24qKIEaMtqlZoIuzqJC45s+QF3/eEHMi5iaxxxmhNToGSIglxNBWtWGKQNFdvuSwiOGsj+EvfWZYQsEqjjdtcdUrpLVPNG0/xsnlYcpYcy6JY3QoKIzmUWKZZNjKvjoKFtp0XR20tGCvf3XUd4zjjvGNOWTKDG/bXVIhL4DgMdHbdpNJUrTdUMFRSXkSQaCLSlhdXC5racLyJSiUsGaPEPWtqQZdKbwVh6q0ihpGDbu7GJWBqofeWFG9ROVGXGUrBxoQfPEtasNoTwyTZfbWQF/CaliVb6H3XNqQrYZrpO3E7KqXQtVApoDK+KsmYRFDBThuKKpCzuLbGwiOtiEnQuXoWofpDx2FDGJblHj1qtGT6hmXhUPp2fmTTMYUAYSa05oV1o1ENHYwTWWucv88MFlTiggVxTjfxRDtH19CKxihqqpQznLRmGRdq59CIOLlur/a+w2hDqZlcMznMkp+tgKpx2qBVZR7v6L3Z8L6dNeRSqEWhjWWaJuZx2jaWSylQqrh15okXX3yRf/7n1ygVrLV4J3mqQ98LArg5bVGFlCUL2hiDqnC5O+P7jg9+8AOoCufzmXMcOR6PoEybG4LaXJZFzoU1/7O9e42R7CzvBP4/devL9MzYYxtPsFEgJtgGzMaOsgvGrDHEWVtiN5AQiSSgrHcRHwhoo1yMEq12ISICJ1EirRz8ASeQZCPHEpHjXUQiW8zgu3LhqnUQawNxIF489jCe7p6+VZ06++FU1cz4hhl70p5Xv9+X7qnL6VPVp860zv99nmcyN7uefF5GaaqkHm5lYVKduDXcSFOPs3K4vVDf60wqIJs6S0uL6fd7aepehlVbDdpMqh7b1pjtxfvh5lbW1tYyv7gwCRI7kwUovdlF8ukigF6vl/WtYdbX2tczP7+Yzc31jMbDDNe2ZosstrZGs2q26We9qZIzzjgjO3fuzIHvPJLV1dXMz8/PAtJxmtTDYRYW29mrTaYX0tsWuplU9m5urmfXjp3pdrpZXV1N01QZzM/NwqPhsM543L5X41RZObKW8ajd9zbE25yEFf3ZOaBd3NEGvbt27Wrfh8V2gcjyysrsd5kki4tLWVk5nPXJe5i0FWjT4HY0qYis6zrNZrv4ZXNzM48//njb6nPaono6tzHtef3xx5dncxo3NzeztGNHGy5WvXYBUDPOkfW1dMZpW1IP62yNhtlc38hgMEi3N5i0qV3PWWedcTTAmVQczs3NZXFxMZsbw/Y/hqptZ9/pdDK/sJCl0VbW1qrML7QLE+Y7C6k6vUmlWbK0tLsNLSYt49vPeFvdWE/O3UlmFZX1eJyFxcXJgpR2ccDc3Fyqps6RtZWjs1AnAVDTtDNx+71O1tc3c/Cxx9oZ4p1eNtbXs7S02C7qWWsDuV63Ovo5TTIabeUlL3lJHnvs0dmszOm82n6/n3o8Tn8wn3EzzDnn/EA6VZV/+qd/Oqalap26Hubw4cPZtWtX+v225XedKqO6TndSvVlv1anG1SyYbSvG2zaq0wVL3W6VQbc93ppON+O6/R13qqQ3mASN6WRrc5iNra00VTWrDB1OFny0bbGHqUejyc8ZH9/++RlC2Vmla9qZvcfePu2gMO3skc4kuG06xz3umcLYWRVyMpmh3RydDTzd+BN+7rGhVvupq47b1jjHB8hPFRrPXsMTwunvx7Etfo/9Od1ZFXAvdVNl3FTpjqvMzQ8mIxba6u161M5Qz7iatQhfW1trOy5MnjccjTM3102310s3mQWp0/Npt9tNnSqdZHIOazKe/KKmM3rnB3MZbm3l69/8RpL2/LO4uJjRVns+Hm0e7QQwnR1cVZPqzqo9NttFH8uT971Jr9cuIGnbEy9kNG67xEyPq5WVI9kaNlnf2Gq7PvT7aSazkHu9zmyxyurKSubmF5Mky8vLs+PzaOeGrYzqOqOttgNLPZnz3nap6M/aP3f7vbYSvWrb/Y8Hg9lM+JXVtQyH7eKewWAwC9SXlpZmIWw7+3c8W0yztrGes88+O+vr67NzymwkRj3OoYPfTd2MMxwNM+i17fqr2Wtaa9s599pxBtOFOqvjdlHHdPHStC10PV1wOPl6eGUSLo6b2WKZtqtFZ3KsHm3BP1usWLXHUa/Xy2jS7aY7qZ6ffsynHRz6k9EWSWZ/m3S6ydawPm6b07bYs04MqTKqt7Jj8r7VdRugzy3Mtwunqk7mBs/tkvQ555wz+/6RRx7JBRdc8KTHrKysZOfOdqxA0s6UTo52sDh48OBz2oepJ7aeP/a273WuOJFFJQDwbAmAAQBIxqOMR8N0OpOLqZMLOtOWbaNRe5EtqY7ePm6r3TLszi5yDIfDDKp2lu90HvDm5mY7p27YpBm1817n5toZacN6UiGVOs2oSTOpTOh3O6kybi92Zpx6uNXWHoynLR3HbfhYt3PFFgZt28tqUnk5nlyYqpokaWZhc1U16Xbbx41GW6nGdQbdziw0rJtR2iGzST1pUTuezAjudZN6ay39qkkzWk+aUeYms4/7VZ1qvJl+p06n2Ui91aTfSTsDtjtIN+P2MZtbmZ9URdR1nV6SatSkSpNmXGcwCYTTNOlWTbrppNdtw+yt8SiDTjfDqkkybi+MVp30+m3VZl23IWQyTr/upU6dQdVL3YzSSTu7tlt3MxxNqh+H47adbbaS9aQ3Hqdf9bOxdSRVU6fX67QXplNlNNrM0uJ8RqPH00kb3g3qYZYGO7K+0VYWdvrdNhjp9zLa2Epnsv+bm+vtXN26biu7m3oyH7rKfNWkO+xkY/1I+v1u1labjMejjCezPqczSkf1Vrr1OHPjUTpr/XSHw9TjNqwaD0fpTeZN16NRBtWgnaW40c18U6ebbjKs0q+qVE0y18xl0GuD1GY8zJEjK+mOxpkfLLbHUL+TJm3V4WhrmF7VS3cumZtrq5u6g2pWXTocrqXfm89wa3PSIrM9zuYXF7KyciT1ZJZif26QXq+f/mAS6NftDMVBr5/hqG7bX3aS4XB8dF7e5DifBmtN02R+YS6dqpdRvTWrIGpnbFez2aqnnXbarJqobenYHhOPPvro7PMzDcCacT27sL62ttZWOE0CzSRJlclsxUGG9Si9SSXStNJoYW5+Mme0N2tfuXPnzrYiqqqyMNfOJnzsuwfT7/dz6NChJO3s6GmrysHkwntboTSaXVAejUZJlXQ73YwmVdWjYVut3ORoi8vjZ9i2LVRHk+Bq+rU3aIPn1eW2kmnHjh1JMpv5OL3wP61S3hoNM+hUGUxamw9Ho/Qm828XdrRBSBvaVrMKsfZ1TGaG9/rpLS5mbfVI1kfD2b5Ow59pqJ5J0DwN1qYX0JcPH5rNeJ1WwC4sLOTgwYOzecZzc21IM130MF0w0r4PbfA5DZimc3wX5uezsrIya+fezhBdyLDemAXi8/M72kULGxvZ2hy18yEnIXa3U83e1+ksy+l80enrmv7up8fItK30tIJuOt88aSvEjkxCqE4n6U7C0+l7Ov165MiRtsJt2na02sjOnTtnld5t6NpWtW5N2lePRqPsPu20rCwvZ319fXbRvxofDWamHSR27GzbwFbjpj2nznUyHrfzjZumaUP6Tj/juU67QKI6+jmYVhyurKykaaaLd9rf9WCxn8OHV1J1epPWqlW+/e2HU2U8e/7S0lKOrE3mazb1bFbr9LhMMpvbOj8/nyMb67N2vkkbupy2cymj0Xy26lEOHz7cHqcLO/LYoe+mU/VmlfabG+upqrY7Q9Mk3W4vzbianOPbc26T+mjVbz2t/D1aAdz+5zFpCV0dDUWfWKn7VGHI0efnCf9++vDjqSqAj60sfrrnHLsf0/dx2iFg+tk4+v0zVwUf64kh8TNVFx/7nOmCi2O3Pd2f6fm+6kx+Xqdqu6FMFsB0upmdX7e2trK4sDRbJNafOzoneHo+mwaA0xEW03PD5qTifPr7nT62GbfH7fQ9mgXG9WgWPiZJxu0CpenfU2trG7P7Z8HiqM7y+nIWFxdnx2ldt8dWmmZSWbvQhoArq+384Sbp9TtZWV2bhOS9VGnbPu/YsSPDeitz/cFsVvH0szPtfjAYzLdVyMN2IVS3Nwltm3Hm+u3/bYcPH85oEkDWzTijycz3xcW23XSS9PvtmIKq28lwss/T30+3250F5LMRFqN2TnrS/l/yyIHH2grtTmZtuKfvQVPl6L4/YfZ1Z/J3dVNl1g1jbW1t1gK7mYw86XSayQKUbgaT839dD7MwmE86k79vJufXdqFV2zp+epxNj5Gq25m03u5MKrSH6fZ7aerx7Nw4HA7TTFpTtys6M/vbIZPRJU06sxnE0+NgaWlpNu9+YX6Q8XiQcdNM5v42xy1Ymi56ey7OOOOMXHLJJfnCF76Q/fv35/LLLz/u/uXl5Vx33XX5rd/6rZx++ulJMvt9T2ejH1u5+1SEswCc6gTAAABk7a4PbfcuAAAAPCsf+MAH8t73vjf79u3LG97whrz5zW+e3XfXXXdNxickb3jDG3LzzTfP5vo++OCDs9ufyq5du5IkX/3qV3PkyJEcOHDgZL4MADhpuh/84Ac/uN07AQAAAAAAz8auXbty1VVXZTwe59Zbb80tt9ySO+64I3/5l3+Zhx9+OFdddVVe+tKXZu/evdmzZ0/uuuuufPazn83Bgwfzi7/4i3n961+fr3zlK7nllluytraWjY2NXHrppXnZy16Wz3/+83nwwQdz5513ZmtrKw899FBWV1fzwz/8w9m/f3/uv//+jMfjnHfeeXnggQfyuc99LkmysLCQXq+XW2+9NVtbW9nc3MwP/uAP5uabb87qalv5fvnll+fGG2/MgQMHsrm5mYsvvjhnnHHGNr+bALxQTcdOnIiq0c8CAAAAAAAA4AVjeXn5hJ/beR73AwAAAAAAAIBtJAAGAAAAAAAAKIQAGAAAAAAAAKAQAmAAAAAAAACAQgiAAQAAAAAAAAohAAYAAAAAAAAohAAYAAAAAAAAoBACYAAAAAAAAIBCCIABAKOGou8AABEASURBVAAAAAAACiEABgAAAAAAACiEABgAAAAAAACgEL3t3gEAAAAAAPh+PP744/n4xz+eTqeTX/mVX9nu3QGAFxQBMAAAAAAAp4y77747X/ziF/O1r30t559//nbvDgC84GgBDQAAAADAKeOyyy7L+9///px99tnbvSsA8IIkAAYAAAAAAAAohAAYAAAAAAAAoBACYAAAAAAAAIBCCIABAAAAAAAACiEABgAAAAAAACiEABgAAAAAAACgEL3t3gEAAAAAAHi27rvvvtx///154IEHMjc3lz/8wz/MJZdckosvvni7dw0AXhCqpmma7d4JAAAAAAAAAFrLy8sn/FwtoAEAAAAAAAAKIQAGAAAAAAAAKIQAGAAAAAAAAKAQAmAAAAAAAACAQgiAAQAAAAAAAAohAAYAAAAAAAAohAAYAAAAAAAAoBACYAAAAAAAAIBCCIABAAAAAAAACiEABgAAAADglNE0TW666aa84x3vyBvf+Ma89a1vze///u9nfX39pPy8uq5z2223nZRtA8DJIAAGAAAAAOCUccMNN+SWW27Jtddem9tuuy3XX399Hn744fzGb/zGSfl5X//61/PXf/3XT7q9ruuT8vMA4LmqmqZptnsnAAAAAADgezl06FDe9ra35YYbbsiFF144u31tbS379u3L1VdfnaqqcuONN2b//v1pmiavfOUr86u/+qtZXFzMFVdckU996lM544wzkiRXXHFFbrnlljz22GP58Ic/nEsvvTRf+tKXcujQofzSL/1SLrroovzcz/1cVldXc8EFF+T9739/PvKRj+S8887LI488kvX19bzzne/MFVdckSS5++6788lPfjI33njjtrw/AJRjeXn5hJ+rAhgAAAAAgFPC/fffnzPPPPO48DdJFhcX85a3vCXdbjf79u3Lfffdlz/6oz/KTTfdlLqu86d/+qfPuN1Op5NvfvObueiii/Kxj30s11xzTT7xiU9kcXEx73vf+/Ka17wm119/fXq9Xr797W/nta99ba6//vpceeWVuf3222fbufPOO/OmN73ppLx2AHi2BMAAAAAAAJwSVlZWsmfPnmd8zL333psrr7wyCwsLqaoqV199df7u7/7ue257bm4ur3vd65IkP/RDP5RHH330SY+pqirj8ThvfvObkyQ//uM/nr/5m7/J6upq6rrOvffeKwAGYNv1tnsHAAAAAADg2di9e3cOHDjwjI85dOhQdu/efdxzDh069D23vbi4OPu+0+k87YzfXbt2pdNpa6vOPPPMvOpVr8qdd96ZvXv35pxzzsnevXufzUsBgJNGBTAAAAAAAKeEiy66KIcOHcoXvvCF427f2NjIRz/60ayvr+f000/P448/Prvv8OHDs6rhTqeTpmmSJMPhMMPh8Dnv05VXXpn9+/fnjjvumFUGA8B2EgADAAAAAHBK2LlzZ971rnflQx/6UO65556sra3loYceyq//+q/nyJEjWVhYyGWXXZbbb789GxsbGY/H+fSnP51LL700SXLWWWflW9/6VpJk3759qarqe/7MXq+XI0eOzILjJ3rjG9+YL3/5y7njjju0fwbgBUELaAAAAAAAThnvfve7c/rpp+djH/tYHn744ezZsydXXXVVrrnmmiRtIPvggw/mmmuuSdM0+ZEf+ZH87M/+bJLkPe95T6677rq86EUvymtf+9rs2bPnaVs9T7361a/OgQMH8va3vz2/8zu/86T7d+7cmUsuuSQrKys588wzn/8XDADfp6p5umVLAAAAAADA9/Tbv/3becUrXpG3vvWt270rABRieXn5hJ+rBTQAAAAAAJygb3zjG7n33ntz5ZVXbveuAEASLaABAAAAAOCE3HDDDfnMZz6Ta6+9Njt27Nju3QGAJFpAAwAAAAAAALygaAENAAAAAAAAgAAYAAAAAAAAoBQCYAAAAAAAAIBCCIABAAAAAAAACiEABgAAAACA79Pnv3U4539kf353/9e3e1cA4Di97d4BAAAAAAA4lYzGTe755ndzx/suzd6dc9u9OwBwnKppmma7dwIAAAAAAACA1vLy8gk/VwUwAAAAAACnjMv+xz255x8Pzf7drZJzT1vI1Re+KL951fk5a2nwlI97opWPXJ2lue5TPm7XXC8XnL2UD7zp5fmp1+xNknxnZTM/8N9vz//+zz+Wt7zq7Cdtb/7XPpPf/clX5n2XvfT5eJkAcMIEwAAAAAAAnFJ+5l/9QH7vJ1+VJBmOx/mH76zml2+9P/d/ZyV3vu/S2eN+6qK9ue7fX/iU29gx6D7l9pLk0Powf/b5b+ftn/z7/NV7/k3+3QVnnaRXAgDPPwEwAAAAAACnlMVBN+eeNj/798v2LGZYj/O2T/x9Hj68kRfvbu/bOd/Ly8/c8X1v79zT5vPRt1yYzz7wWP78i/8sAAbglNLZ7h0AAAAAAIDnar7fVvTWTfO8bbPf6WRYP3/bA4B/CSqAAQAAAAA4pX3j4Fo+fNv/zY+euzsvOW1hdvufff6f86kv/78nPf4//thLcv1Pv/ppt7c5GucTf/ut3PfQofzam847KfsMACeLABgAAAAAgFPKscHuqG4yHI/zE+eflT/7mdcc97j/8Kqzn3IG8O75/tNuL0nWh3XO3b2QP/jpV+dtF+09Ca8AAE4eATAAAAAAAKeUY4PdbqfKi3fNZ6735ImHz3YG8LHbG42bvOXjf5urL3xR3vv6l84eMz/Z/vLm6EnPP7JVZ6seZ8ege0KvBwCeT2YAAwAAAABwSpkGuy8/c0detmfxKcPfE93eBS9ayp/8/MW54Z5/zP/6P4/MHnPaQj/n7p7Pvgcee9LzP/MPB9Ik+dFzdz+n/QCA54MKYAAAAAAAirS6Oco/fnf9Ke87a2nwtBW7l7709Fz7ppfnP/35l/LlX7s85+yeT5L85tXn5903fzlnLc3lpy7am0Gvkzu/fjD/7a++lp+/5Jy85sW7TtprAYBnSwAMAAAAAECR/uIr38lffOU7T3nfTe+6JO+4+MVP+9wPXXV+/uqrB/LO//nFfPa9r0unSq751y/JaQv9/N7nvpE/uPubGY2bvPzMHfmvP/GK/Jd/+7KT9TIA4PtSNU3TbPdOAAAAAAAAANBaXl4+4eeaAQwAAAAAAABQCAEwAAAAAAAAQCEEwAAAAAAAnBKqX/50ql/+9Oz7F/JXANguZgADAAAAAAAAvICYAQwAAAAAAACAABgAAAAAAACgFAJgAAAAAAAAgEIIgAEAAAAAAAAKIQAGAAAAAAAAKIQAGAAAAAAAAKAQAmAAAAAAAACAQgiAAQAAAAAAAAohAAYAAAAAAAAohAAYAAAAAAAAoBACYAAAAAAAAIBCCIABAAAAAAAACiEABgAAAAAAACiEABgAAAAAAACgEAJgAAAAAAAAgEIIgAEAAAAAAAAKIQAGAAAAAAAAKIQAGAAAAAAAAKAQAmAAAAAAAACAQgiAAQAAAAAAAAohAAYAAAAAAAAohAAYAAAAAAAAoBACYAAAAAAAAIBCCIABAAAAAAAACiEABgAAAAAAACiEABgAAAAAAACgEAJgAAAAAAAAgEIIgAEAAAAAAAAKIQAGAAAAAAAAKIQAGAAAAAAAAKAQAmAAAAAAAACAQgiAAQAAAAAAAAohAAYAAAAAAAAohAAYAAAAAAAAoBACYAAAAAAAAIBCCIABAAAAAAAACiEABgAAAAAAACiEABgAAAAAAACgEAJgAAAAAAAAgEIIgAEAAAAAAAAKIQAGAAAAAAAAKIQAGAAAAAAAAKAQAmAAAAAAAACAQgiAAQAAAAAAAAohAAYAAAAAAAAohAAYAAAAAAAAoBACYAAAAAAAAIBCCIABAAAAAAAACiEABgAAAAAAACiEABgAAAAAAACgEAJgAAAAAAAAgEIIgAEAAAAAAAAKIQAGAAAAAAAAKIQAGAAAAAAAAKAQAmAAAAAAAACAQgiAAQAAAAAAAAohAAYAAAAAAAAohAAYAAAAAAAAoBACYAAAAAAAAIBCCIABAAAAAAAACiEABgAAAAAAACiEABgAAAAAAACgEAJgAAAAAAAAgEIIgAEAAAAAAAAKIQAGAAAAAAAAKIQAGAAAAAAAAKAQAmAAAAAAAACAQgiAAQAAAAAAAAohAAYAAAAAAAAohAAYAAAAAAAAoBACYAAAAAAAAIBCCIABAAAAAAAACiEABgAAAAAAACiEABgAAAAAAACgEAJgAAAAAAAAgEIIgAEAAAAAAAAKIQAGAAAAAAAAKIQAGAAAAAAAAKAQAmAAAAAAAACAQgiAAQAAAAAAAAohAAYAAAAAAAAohAAYAAAAAAAAoBACYAAAAAAAAIBCCIABAAAAAAAACiEABgAAAAAAACiEABgAAAAAAACgEAJgAAAAAAAAgEIIgAEAAAAAAAAKIQAGAAAAAAAAKIQAGAAAAAAAAKAQAmAAAAAAAACAQgiAAQAAAAAAAAohAAYAAAAAAAAohAAYAAAAAAAAoBACYAAAAAAAAIBCCIABAAAAAAAACiEABgAAAAAAACiEABgAAAAAAACgEAJgAAAAAAAAgEIIgAEAAAAAAAAKIQAGAAAAAAAAKIQAGAAAAAAAAKAQAmAAAAAAAACAQgiAAQAAAAAAAAohAAYAAAAAAAAohAAYAAAAAAAAoBACYAAAAAAAAIBCCIABAAAAAAAACiEABgAAAAAAACiEABgAAAAAAACgEAJgAAAAAAAAgEIIgAEAAAAAAAAKIQAGAAAAAAAAKIQAGAAAAAAAAKAQAmAAAAAAAACAQgiAAQAAAAAAAAohAAYAAAAAAAAohAAYAAAAAAAAoBACYAAAAAAAAIBCCIABAAAAAAAACiEABgAAAAAAACiEABgAAAAAAACgEAJgAAAAAAAAgEIIgAEAAAAAAAAKIQAGAAAAAAAAKIQAGAAAAAAAAKAQAmAAAAAAAACAQgiAAQAAAAAAAAohAAYAAAAAAAAohAAYAAAAAAAAoBACYAAAAAAAAIBCCIABAAAAAAAACiEABgAAAAAAACiEABgAAAAAAACgEAJgAAAAAAAAgEIIgAEAAAAAAAAKIQAGAAAAAAAAKIQAGAAAAAAAAKAQAmAAAAAAAACAQgiAAQAAAAAAAAohAAYAAAAAAAAohAAYAAAAAAAAoBACYAAAAAAAAIBCCIABAAAAAAAACiEABgAAAAAAACiEABgAAAAAAACgEAJgAAAAAAAAgEIIgAEAAAAAAAAKIQAGAAAAAAAAKIQAGAAAAAAAAKAQAmAAAAAAAACAQgiAAQAAAAAAAAohAAYAAAAAAAAohAAYAAAAAAAAoBACYAAAAAAAAIBCCIABAAAAAAAACiEABgAAAAAAACiEABgAAAAAAACgEAJgAAAAAAAAgEIIgAEAAAAAAAAKIQAGAAAAAAAAKIQAGAAAAAAAAKAQAmAAAAAAAACAQgiAAQAAAAAAAAohAAYAAAAAAAAohAAYAAAAAAAAoBACYAAAAAAAAIBCCIABAAAAAAAACiEABgAAAAAAACiEABgAAAAAAACgEAJgAAAAAAAAgEIIgAEAAAAAAAAKIQAGAAAAAAAAKIQAGAAAAAAAAKAQAmAAAAAAAACAQgiAAQAAAAAAAArR2+4dAAAAAAAAAODp/cIv/MLT3vfHf/zHx/1bBTAAAAAAAADAC9gTQ95nul0ADAAAAAAAAPAC98Sw9+lCYQEwAAAAAAAAwClgGvo+XfibJFXTNM2/1A4BAAAAAAAA8MyWl5dP+LkqgAEAAAAAAAAKIQAGAAAAAAAAKIQAGAAAAAAAAKAQAmAAAAAAAACAQgiAAQAAAAAAAArx/wFDHYQTBB1qpAAAAABJRU5ErkJggg==' height='250' width='300'/> ]]>
  </system-out>
</testsuite> <!-- com.tribu.qaselenium.tests.PositiveTests -->
