<?xml version="1.0" encoding="UTF-8"?>
<!-- Generated by org.testng.reporters.JUnitReportReporter -->
<testsuite hostname="station" failures="0" tests="1" name="com.tribu.qaselenium.tests.apimazaprendo.MAClearCacheTests" time="59.965" errors="0" timestamp="2022-04-06T12:39:34 COT" skipped="0">
  <testcase classname="com.tribu.qaselenium.tests.apimazaprendo.MAClearCacheTests" name="clearCacheDrupal" time="59.965"/>
  <system-out>
    <![CDATA[ <img src='data:image/png;base64,iVBORw0KGgoAAAANSUhEUgAAB4AAAAOiCAYAAACRicroAAAAAXNSR0IArs4c6QAAIABJREFUeJzs3XlcVOXix/HvIAiICqgpoJagWQlqRe6auy1qXUvDTFtM8Zelpje3W5ra5tKipt4SJYtyT72JdQ3UFsEVMxc0S8lCcUkBZVMQfn/wmnMZlmHYkT7v18tXzFme88w5c86c5nue5zG5urpmCShjnTt3rugqoALs3LmzoqsAAAAAAAAAAADwt2JX0RUAAAAAAAAAAAAAAJQOAmAAAAAAAAAAAAAAqCIIgAEAAAAAAAAAAACgiiAABgAAAAAAAAAAAIAqggAYAAAAAAAAAAAAAKoIAmAAAAAAAAAAAAAAqCIIgAEAAAAAAAAAAACgirCv6Arg7yErK6uiqwAAAAAAAAAAAABUeQTAKBcEwAAAAAAAAAAAAEDZIwBGubAlAB46dKieeuqpUtneF198oc8//7xUykLFe+ONN5SVlaXp06dXdFWqPG9vbz3xxBNq3769JGn37t1au3atYmJiKrhmAAAAAAAAAADAFiUKgF1cXNS2bVs1adJE3t7ekqSYmBj9/vvv2rt3r5KTk0ulkrj52RIAl1b4ay4rJCSk1MpDxfH29pafn5/xN0Fk2fHz89Mbb7xhMa19+/Zq3769pk2bpiNHjlRQzQAAAAAAAAAAgK2KHQAHBASoX79+qlmzpsX0li1bSpKSkpIUGhqqNWvWlKyGqBJsCYCTk5Pl4uJSKttLTk6m2+kqol+/fhZ/f/jhhxVYm6rtpZdesjrv//7v/8qxNgAAAAAAAAAAoDiKHAC7uLho8uTJRtBbkJo1a2rw4MHy9fXVnDlzaA38N2dLGDtv3jw99thjpbK9DRs2EABXAS4uLurRo4fxukePHgoODuZ6Uga8vb3VoEGDAuc3aNCAFtgAAAAAAAAAANwEihwAT5kyxeiONbeYmBitWbNGL730ktEyuGXLlpo8eTJjd/7N2RLGRkREKCIiohxqg5tF9+7d850WGhpaAbWp2mxpfV9aLfQBAAAAAAAAAEDZsSvKwgEBAVbD32nTpmnPnj15wt6WLVsqICDApm0MGTJECQkJFv9iY2O1fft2PfTQQ0Wp7k2vfv36SkhI0BdffFHkdT/44AMlJCQYLbXvuecePfvss8b8ffv26fTp06VW18JkZWVV2n9jx45VWFiYNm3aJHt7e6vLDhs2TGFhYbrvvvuKvJ2uXbsqLCxMAwYMsGn5cePGKSwsTD4+PoUuW7t2bQ0bNkzVqlWr8P2Z819J5ez+2dq04nj//feVkJCg06dPy9HRMc/8sWPHqmnTpoWWU6dOHSUkJNz03d03adKk0GVuueWWYpe9efNmJSQk6J133rGYd88992j79u06d+6cDh48aNELQJ06dbRy5UrFxsbq1KlTmjFjhjHPZDJp1qxZ+u233xQXF6eQkBC5ubkZ8wcPHqyDBw/q/Pnz2r59u8V3V1lt09r7BAAAAAAAAACgvNjcAtjFxaXA4MUc/lrrlrVfv34KDQ21uevWHTt2aPv27ZKkevXq6ZlnnlFISIg6duyoEydO2FrtSsVkMpVbt8TLly9XeHi4EfJOnDhRXl5eWrFihSTplVdeyTf0+ruxt7dX165dtWfPHrVr104dO3bU999/XybbOnz4sF5//XWdOnXKpuW/+uor7du3T+fOnSt02V69eunpp5/W2rVrlZGRUdKqlutntX79+gWOPZtfl8QNGjTQrFmz8l1+0aJFunDhQqHbdHBw0IABA/Ttt9+qT58+euihh7Rp0yZjfqtWrTRr1iz98ssvOnnypNWyrl69qqeeekrnz58vdLuV2e+//17oMhcvXixyue3atdPGjRvzLd/R0VGrVq1SZmamZs6cqYCAAAUFBenQoUP67bfftGDBAvXp00dz5szRnXfeqZdfflknT55USEiIAgMDNXbsWH3xxRc6c+aMJk6cqJSUFI0aNUp+fn7697//rT179mjp0qX65z//qc8//1z+/v6yt7cvk21ae58AAAAAAAAAAJQnmwPgtm3bGt0657R9+3aLMTm9vb3zDWdq1qyptm3baseOHTZtb8+ePfrwww+N19euXdOkSZPk7++vEydOqF69epo9e7a6desmBwcHrVu3TpMnT9aNGzd0xx13aPHixfL19VVUVJR27dqliRMnasiQIfr666918OBBpaen68svv9TLL7+se++9V9evXy+wvAYNGmjevHnq0qWLHB0ddejQIU2dOlU//fSTJGnChAkaPny46tatq19++UVTpkzR7t271ahRIx05ckSfffaZPD095e3trfvuuy/Pey1ofVuOyRtvvCE/Pz+lp6fru+++04QJE3T58mU9//zzeu6559SlSxcFBwfr9ttvlyQlJCSoefPmevfdd1W/fn3ddtttxnF7++231bZtW0nS3r179eqrr9ocVhbGljCxQYMGeuCBB0ple1u3brUpkGvbtq1q166tkJAQeXp6qlevXvruu++M+bfeeqsmTpyopk2bKjo6Wn/88Yek/7Vo/vzzz5WRkaGNGzfqueeeU3p6uj744AN5eXlp2LBhSklJ0Zw5c3Tw4EG1bNlSr732mpYsWaIvv/xSEydO1IMPPqhXX31VI0eOlIeHh/bv36933nlHaWlp6t+/v/r376/AwECdPHlSDz74oAYPHiwPDw8lJiYqLCxMwcHBGjt2rPr37y9JCg0N1Ztvvqn77rtPDz74oObNm6f/+7//06JFixQeHq4hQ4aof//+cnV11R9//KFFixbpyJEjql+/vlatWqWvv/5a9erVk5eXl5555plSORaFcXFxKXRM8dwKWt7WLor79Okjd3d3zZ07V02aNFFAQIARAD/22GMKDg6WJK1Zs0affPKJxo8fX+B5WqtWLX3xxRfaunWrAgICZDKZFBgYqOeff16NGjVSbGysgoOD9dFHH0lSodeTimLLwznFGXu5Ro0aGj16tGJjYxUeHm4xr1OnTvLw8ND06dP173//W8eOHdOmTZs0YMAALVq0SA899JC2b9+uefPmycnJSY888ogGDhyokJAQDRw4UFeuXNGYMWOUmZmp+++/X4888oheeuklPf744zKZTMZ+rVOnjl555RW1bdtWzs7OZbJNa+8TAAAAAAAAAIDyZHMA7O3tnWfa9u3bLUJac/ibX1Bsnm9rAOzq6qpbb71VUnYL4AcffFCSFB0dLUlatmyZOnTooKFDh8rFxUXBwcGKiYnR4sWLFRQUZIw9HB8fr3nz5kmSrl+/LklKT0+Xp6en2rZtqylTpigxMVFffPFFgeXNmjVLvXr10jPPPKOrV6/qvffe07x589SrVy8NGDBA06dPV0hIiFauXKmQkBB9+umnuuOOO4ztPfLII9q4caNWrVqV531aW78wn3zyiS5fvqzHHntMdevW1ZIlSzR+/HhNmzbNYrnnnntO27dv1++//67Ro0fr8uXLFvOdnZ311VdfqWbNmpoyZYpMJpPmzp2rDRs2qH379kpLS7PpmFljSwD8wQcf5NviszgeeOABDRkypNDlevfurfPnzys6Olrbt2/X0KFDVatWLV25ckWSNHXqVDVr1kwLFy5UcnKyxo4dK+l/AXBGRobq16+vW2+9VUuWLNHkyZM1ceJE/fDDD1qwYIGmTp2q0aNHa+TIkcY+MK+bnp4uKbur2n//+9/q16+funTpoocfflhffvmlUcesrCx5enrqlVdeUXh4uN5++235+/tryJAhOn78uFatWqWmTZuqRYsWmjBhgk6dOqXWrVtLyv58LV++XMePH1fXrl31/PPP65tvvtF///tfzZw5U6+//roGDhxofFbvv/9+7dixQ1u3bi23FsAxMTFauHChsW+La+HChYqJibFp2YCAAP3xxx/av3+/vvzyS73yyiuqU6eOLl++rB07dmjZsmUaMWKEXnvtNW3evLlI5+mIESM0Z84crVu3Tv/61780dOhQzZ49W2lpaVqxYoXV60lFiomJ0fnz5ws8B8+fP2/z/s3JfM3P7+GXZs2aSZLRU4G5/ObNm8vb21v29vbGvLS0NJ07d07Nmzc31j1z5owyMzONddu3b6/GjRsbXXfnV66554PS3qa19wkAAAAAAAAAQHkqdgB85MgRi/DXxcXFavibXxnWvPDCC3rhhReM15cuXdLEiRP1888/q0GDBurWrZvCwsIUFhYmSRo9erSGDh2qL7/8Uq1atTK6/pSkLl266Omnn7YItGrWrKkXXnjBCDwKKm/x4sVydnaWs7Oz2rVrp+3bt6tHjx66du2aJCksLEzNmzdXQkKCrl+/rr179+rhhx+2GCvz4sWLGj9+fL7v05b1C1KjRg05OjqqdevWioyMlLe3d76h3ZEjR5SVlaWUlBTt378/z/w+ffqocePGeu+994xxTO+55x6NGjVKnTt3LpXWbLa2AC4tHh4ehW6zZs2aat++vbZu3ap69erp0KFDsre3V/fu3bVp0ybVrVtXzZs316FDh/Sf//xHktS6dWujK3Rz+dWrV9fSpUuVmpqqp556So0aNdLSpUt19epVPfnkk7r11lvz1CXn6zVr1mjv3r1KTExUly5d8j2O1atXl8lk0m233abGjRtr27ZtFmNDm1tmHj9+XKmpqcb0VatWGV2pX7x4UY8//riuXr2q9PR0HT16VJ06dbIYwzQ+Pl7vv/++bTu5FO3YsUMXL17U5MmTrV5D8pOUlKQ5c+boyJEjNi3v5uamBx54QKtWrZKXl5d27dolBwcHPfbYY1q2bJni4+MVGxsrSfr11191+vRpXbp0qcDz9MaNGxblDx8+XNevX9e4ceOMc+4f//iHhg0bphUrVli9nlS0vXv3Gq3J85tX2swtts3v3/zfGjVq5JknZT/EU7t2bWPdnPPMf7u4uBifIfODDTnLdXJyKpNtAgAAAAAAAABQWdgVd8WcP5aXhQ0bNuipp57Syy+/rKysLJ08eVJBQUGSJE9PT0lS9+7ddebMGZ05c0b+/v667bbbjOD07NmzRlnmMCenpKQko4tga+VJ0pQpU7Rjxw6NHz9eX3/9tX799VeNGzdOUnYXwcHBwfrtt9904cIFo6Wyg4ODsS1rY4jasn5BnnrqKV28eFFz587Vzp079fPPP6t79+6Frpdbo0aNJEl//vmnMc28/xo2bFjk8vJjbvVq7d/BgwdLZVuSdPDgwUK3Z+7uu1+/flq7dq0RfPbu3VtZWVlGMHrp0iVjHfP4sjnLSU5OVkpKivH39evXdeXKFeO1g4ODsWzudSXp3LlzysrK0tWrVyUp3+VPnTql+fPnq169evrXv/6lVatWafHixapfv77Vsv/880/jdYMGDTRt2jRt3LhR3377rTp06CBJqlatWr7Ll8a/ojhy5IimT5+upKQkm9dJSkrS9OnTbQ5/Jekf//iHHB0d9eyzzyo6OlpfffWVpOyW2AUpynnaqFEjXb58WSkpKZKyu11PTU2Vl5eXJOvXk4oWGhparHnFZX5wwRzKmv+bnJycZ56UPWaweXpycrLFPPPfSUlJxmfI3NrXWrmltU0AAAAAAAAAACoLm1sAx8TEyM/Pz3jt4+OjWbNmafr06cYP59OnT7faCrgo3YeeOHFCW7ZskZQ9TuSgQYM0ZMgQrVy50ggnf/zxR02YMMFiPXOLr5ytSc1dSeeUs9WetfLM8x9//HHVqFFD9913n1599VXNnDlTq1ev1rx589SpUyd169ZNBw8e1KZNm9StW7cCt5WbLesXJDIyUh06dNAtt9yiTp06ae7cuZo7d67atGlj0/pm5oA8Z9jbuHFjSTLGvC0PL7/8su6+++5SKcuWMLlPnz5KSEjQnDlzjGk9evRQ79691bBhQyUmJkqS6tata8z38PAolfoVx6ZNm7Rp0yY1bNhQHTt21OjRo/XUU09ZbbFr7qpWyt6/rVu3VmBgoE6cOKF33303T3e1OZevCDExMYVeR8zM4W9RuyUePHiw/vrrL7344ovGtMcff1xPPPGEfHx88h33uijnaWxsrJo2bSpnZ2elpqaqbt26cnZ21uHDhyVZv57YMm51Wbpw4YKOHDlica2XssN588MPpenEiROS/tc7hI+PjyTp2LFjiomJUXp6ujHNxcVFHh4e+uGHHyRJv/zyi1q2bCl7e3tlZGSoadOmSk5O1h9//GGU6+Pjo0uXLhldQh87dsx4cKm0twkAAAAAAAAAQGVRpAA4t9whcGHhTXHGj5SkGTNmqF+/fpo5c6a2bNmiCxcu6Mcff1S7du3UunVrpaamaurUqYqIiNCrr76q48ePq3379goMDFRSUpLRZW9BCivv22+/VY0aNfTKK68oMTFRly9fVnp6uq5du6YaNWpIym7117JlS/n6+kqS2rZtq127dhX63oq7voeHhyIjI7V9+3YtWrRIFy5cUEpKitFSLbfU1FQ1adJEffv21ffff28xLywsTH/++aeGDx+uo0ePytnZWQEBAfrll1+0c+fOQt+DLWxtDfrTTz+VyvYK4+npqZYtW2rr1q2KjIw0picnJ6t3797q3bu3PvnkE508eVJ+fn565JFHlJqaqs6dO0tSnhau1rp4zr18futaKy8rK0udOnXStGnT9Mknn2j//v1Gq+HU1FRlZWUZXdE++OCDioiIyHe75taQ9evXV7NmzYxQzNfXV4cOHSqw7uXN1utEzZo1i3xNadKkidq3b6/Vq1dr69atxvSkpCQ98cQTCggI0DvvvGOMe92vXz+dOXPG6nn6448/WmwjODhY8+bN07vvvqt169bp+eeflyQtX75ckqxeT6oib29vtWrVyghVfXx89Oijj+r06dOKiIjQn3/+qVGjRik9PV0BAQG6fv26NmzYoNTUVG3evFmPPvqopkyZohYtWsje3l4rV66UlN11evv27bVo0SKdO3dObdq00YoVK3Tjxg2tX79e48eP11tvvaXQ0FA999xz+vXXX7V//37Z29uXyTatvc/S7N0AAAAAAAAAAIDC2NwF9N69e/Pt5tIcAptbVZlD4NySkpKKPYbkmTNntHjxYt1yyy169dVXJUkjR47Ut99+q/fff1/Lli3TmTNntGjRIknSqFGjFB0drVmzZmngwIFatWqVJOvBlrXyJk2apMTERK1bt05ff/21PDw89NRTTykhIUEzZ87U77//rqCgIHXv3l1PPvmk/vrrL82fP1/Ozs6Fvrfirn/u3DlNmTJFvr6++u9//6uVK1fqt99+04gRI/Jd/uOPP1b16tU1e/Zs1atXz2JeSkqKHn30Ue3bt08ffPCB3njjDW3btk2PP/640tPTC30PtijNboVL41/v3r0lSbt377aYfvjwYSUlJRndQL/55ps6efKkXnzxRfXq1UubNm2S9L9umnO/P2uv89sfufdNQa8jIiK0fv16Pf744/r444/18ssv6+uvv1ZwcLCysrIUGhqqxMREPfvss2rRokW+ZS1dulRxcXGaNm2a/P39NXXqVCUkJOif//ynqlevXibHqji8vb1tHge4KOOKS9ITTzwhKTuEzWn37t1KTEw05m/ZskW//fabBgwYoCFDhhTpPF22bJmmTp2qtm3bauXKlWrWrJnGjRtnjK9t7XpS0VxcXNSkSZM805s0aVLsLv8ffPBBffrpp3r99dclSQ888IA+/fRTBQYGKj09XU899ZTi4uI0ffp01ahRQ88884xOnz4tSZowYYK+/vprjRs3Th07dtRbb72l9evXS5I++eQTzZ8/Xw888IBGjhypdevWGd8Px48fV2BgoBo0aKDXXntNx48f15AhQ5SVlVVm27T2PgEAAAAAAAAAKE8mV1dXm1OagICAAsfJPHXqlNES2NvbO0+3tKtXrzYCkLJWrVo1eXp6Gl0bv/322xo9erTuv/9+i5aOKD8tW7as6CqgApi7PS6Kfv36Ga1mC7N8+fIyGZu2KOrWrauTJ09q69atCggIqNC6lET37t0VEBBg0X1+TufPn9eaNWu0Y8eOcq4ZAAAAAAAAAAAoCpu7gJayu7/08/PLMz6k9L+WwGvWrNGYMWMs5h05cqTcwl9J2rhxo+6//369+OKLxnibp0+f1vHjx8utDrBkS2vQ4cOHa/jw4aWyveDgYAUHB5dKWShf+V1f9uzZI0lq165dnmUrMgB2dXXVsGHDJEnx8fEVVo/iql+/vp544gm1a9eu0FbXDRo00NixYzV8+HDt2bNHa9euLZNxgQEAAAAAAAAAQMkUqQWwlN1F6JQpU/INafJz5MgRzZ49u8CxactC48aN9e6776pDhw7KzMzUgQMH9Oqrr+rYsWPlVgdYMo+Zak3OsWtLQ6dOnUq1PBTd0aNHi7xOSEiIEUYmJSUpODjYaHXavXt3DR8+3GK+OYCtCK1atdK2bdt05swZPfPMM/r5558rrC5FlXtfFlXuYwMAAAAAAAAAACqHIgfAZgEBAerXr1+B4UFSUpJCQ0PLteUvKi9bAuCtW7cWO4zKLSkpSQ888ECplIXiK2oAXL9+fX388ceSsh8e+fDDD/O0Mq1fv77GjBljPIQyatQoWqIWUc79XFLsfwAAAAAAAAAAKpcidQGd05o1axQaGqq2bdvK29tb3t7ekqSYmBjFxMRo79695drqF5WbLV1Av/nmm6U2huqaNWts2iYql+TkZO3Zs0dHjhwpsGvnCxcuaNq0aerXr5/8/Py4zhTTkSNHKroKAAAAAAAAAACgDBS7BTBQFHfddVdFVwEVgG7XAQAAAAAAAAAAylexWwADRUFrXAAAAAAAAAAAAKDsEQCjXBAAAwAAAAAAAAAAAGWPABjlggAYAAAAAAAAAAAAKHsEwCgXBMAAAAAAAAAAAABA2SMARrkgAAYAAAAAAAAAAADKHgEwygUBMAAAAAAAAAAAAFD27HMGcyaTqQKrgqqMABgAAAAAAAAAAAAoXfllcPaFLQCUBj5bf08cdwAAAAAAAAAAgPJlT0CD8sDn7O+J4w4AAAAAAAAAAFB+TCaTTFkkNDe1U6dOycfHp6KrgRLiOFYdHMvKgeOAgvDZqPw4RpUfx6h8sJ8BAAAAAKi89u7dKz8/v4quRoHsKroCAAAAAAAAAAAAAIDSQQAMAAAAAAAAAAAAAFUEATAAAAAAAAAAAAAAVBEEwAAAAAAAAAAAAABQRRAAAwAAAAAAAAAAAEAVQQAMAAAAAAAAAAAAAFUEATAAAAAAAAAAAAAAVBEEwAAAAAAAAAAAAABQRRAAAwAAAAAAAAAAAEAVYV/RFQBQMps3b9aBAwc0duxYubu7V3R1UAzx8fGaO3dununu7u6aNGlSBdTo7+uzzz7TsWPH5OTkJF9fX3Xs2FFeXl4VXS1UsNTUVG3ZskWnTp0yPhs9e/as6GrBiqioKK1fv95i2sCBA+Xv719BNQIAAAAAAADKT5ED4Pj4+Dw/qHl7e6tXr146deqUfHx8Sq1yKD9nz55VZGSkJBF43ESioqKM4xYSEqKxY8dWcI1QHPHx8UWajrIzaNAgLV26VOfOnVNUVJSioqIIjaDQ0FAdOHDAeB0XF6esrCz16tWrAmsFa/K7fnJNrRxSU1N17NgxnT17VnFxcZIkT09PeXl56a677pKzs3MF1xAAAAAAAODmV6wA+NSpUxbTsrKyJElBQUH8UH4Tio+PV1BQkNLS0iRJR48epTXpTSB366a4uDitX79eAwcOrMBaoTh8fHzk4eGhc+fOWUzv2LFjBdXo78vZ2VmBgYFGCCxJ69evl7u7Ow84/U3Fx8dbhL9mBw4cIAAGiig8PFwRERHGPaeZ+f8tnJyc1LlzZ1rYAwAAAACAKiU2NlYmk0mSVKNGjXLJ30p9DOD169crKiqqtItFGYqKirL4IS4tLU1Hjx6twBqhMPl1bSlJly9f5vy7SY0bN07e3t7G6549e6p///4VWKO/h9TU1DzTnJ2d8+z70NDQ8qoSKhla6AMll5qaqqCgIG3bts3intPNzU1ubm7G67S0NIWHhysoKCjf6zMAAAAAAMDN6MyZM4qNjVVsbGyehmBlpUzGADYHU7QEvjnk96QB3e9VXgWFvwMHDlSLFi20dOlSoytF3FycnJzy/RtlZ+nSpRo0aFCe8+Xs2bMWr+Pi4hQfH0/PCDDce++9FV0FlMDOnTt17do147WTk5M6depUgTWq2kJCQhQTE2O89vb21qBBg4xranx8vNatW2csc+rUKX3++ecaOXJkhdQXAAAAAADgZlcmAbBUshD4xo0b+uqrr/TDDz/owoULcnZ2VvPmzTVo0CCLFnLFkZiYqOPHj6tdu3YlKue7777T9u3bNWvWrDzzDh48qODgYC1cuLBE2ygv/v7+OnXqlNHF5b333lvi8P7ZZ5/N072fJHl4eGj+/PlW1/31119lb29f4mOdW2RkpFq1aqWaNWuWarnlyVr4az5mgYGBWrhwoQIDA0slrEpOTtb48ePVqFEjTZ8+vcTl5efixYt66aWXtHLlSlWrVq3Uy7d2vlaUGTNmWIQPuW3ZskVbtmyxmHbXXXfp6aefLtF2V65cqW+//VaTJ0/WXXfdVaKy8pNzXy9ZskR16tTR4MGDS307peXcuXMKCgrSyJEjLULg3EMdSCq1AHjPnj3avHmzTp8+LTs7OzVu3Fh9+/ZVhw4dSlz2hg0b9J///Ed9+vRRYmJipdn/+Z3jWVlZ+vjjj+Xg4KCnn35aDg4OFVzL/OX3MIY5vJJkfH+mpqbK19e3WMHwunXr9Ouvv+pf//qXxfTdu3drxYoV+uijj4pX+SIq62txZZL7+irJagCclpamZ555Ru+//74aNmxotez4+HjNnDlTycnJmjNnjurUqVPi+t7MwsPDLcJfNzc3DRs2zOJhQ3d3dw0bNkwLFy5UQkKCpOxzKzw8vMhdrZf1fcvNdp8PAAAAAABuLhkZGbp69WqJf4suswBYKn4IvGDBAv3+++8aOXKkmjdvrmvXrmnr1q2aPn263nnnHTVq1KjYdTp06JAOHjxY4gBwuXBnAAAgAElEQVS4Y8eOuu+++0pURmXi7+9vBMCl1XJ7ypQpuvvuu4u83vbt29WsWbM8AbB5rGlzP+lFtXr1avn4+BQpAM7MzJSdXan3lF4stoS/Unbr7WHDhmndunXq1atXicct/e6779S1a1dFRUUpLi5Onp6eJSovt8zMTNWtW1cff/xxmQUOlfF8tRb+FiS/hyqKIiMjQzt37tTQoUMVFhZWJgFwTs8++2yRz5/yPuccHR2VlpamoKAgDRo0SPHx8YqOjs43AC6NVtlbt27VypUr9cwzz6hNmzaqXr269u3bp48//lhpaWnq3r17icqPiIjQiBEj1KVLF6WkpJTqvizJNTi/c/yPP/5Q165dy/xzWFJeXl5yc3MzQilJ6tevnyTp6NGj+vzzz43p0dHROnPmzE3ZfXt5XIv/Ln755RdlZmZq6dKlRTpfKtM9R2lJTU1VRESExbROnToZ4e+6detkMpk0cOBAOTs7y9/fX9u2bTOWjYiIsFjeFmV93wIAAAAAAFBWMjIydOzYMbm7u1euALhv3755Aoqijt917Ngx7du3T++++67RwsLR0VGDBg2Sh4eH0ULo4sWLCg4O1tmzZ2UymeTn56dhw4bJ0dFRY8aMUd++fRUVFaWrV6/KwcFBEyZM0NmzZ7VixQrduHFD06dP16xZsxQfH6/ly5crNjZWdnZ2atOmjZ544glVq1ZNH330kWrWrKmLFy/q8uXLunr1qgIDA9WiRQtFRkYardyuXLmixYsX688//5Sbm1ueoGnr1q3aunWrMjMz5eTkpKFDh8rPz68Ee/rml5iYqCVLliguLk6ZmZlq1KiRXnjhBX333Xf68ccfFRUVpTNnzujBBx/UP//5Tz3xxBPauHGj3n33XU2ZMkXjxo2Tr6+vJGnFihXKzMzU8OHDlZ6erpCQEO3fv183btxQp06dNGzYMH3wwQc6f/683nrrLT355JPau3evGjZsaLTg2rdvn1avXq333ntPO3bs0O7du+Xg4KCLFy9qzpw5OnjwoL744gulpKSoWrVqGjBgQImDmqLavHlznmm5w18zLy8vubu7Gy0bSxICb9u2TePHj1etWrW0bds2DR06VJJ0/vx5TZgwQUOHDtW+ffsUHx+vli1bGqHf+fPn9fHHH+v8+fPKzMxU27Zt9eyzz8pkMmnx4sWqXbu2fv75Z7Vo0UL9+/e3aHW2Y8cOhYaG6saNG6pdu7aee+45eXt769KlSxo3bpxGjBihH3/8UfHx8fL29tZLL70kk8mkS5cuKSgoSDExMapevboGDhyorl27WpyvkvTVV18pLCzMKP/555/X7bffXux9dLPYu3evbr/9dnXt2lXr1q1TUlKS8UDERx99JGdnZ/3111+Ki4tT9erV9dxzz2njxo26cOGC3NzcNHHiRDk6OmrRokVycXHRxYsXlZCQoIyMDI0aNUpNmza12N6KFSuMFqjp6ekKCgrS0aNHlZmZqdtuu00vvPCCXF1d8z3nyouvr68OHDigtLQ0hYSElOm2rl27plWrVunpp59Wjx49jOmdO3eWm5ub7O2zv5KvX7+uzz//XIcOHVJWVpYaNGigESNGqH79+vrhhx/0448/6tZbb9XJkyd1+fJlPfTQQ3rooYf07rvvKi4uTitXrtSff/6phIQEY/+br7l//vmn6tatq86dO2vz5s1atGiRwsLCFBERoRkzZkjKbj03fPhwLVu2TKmpqXmuwenp6QWe2wVdgy9dumRxjhf0vVjYOV5ROnXqZLQYdXR0NFqLh4eH51k2MjJSvXr1KvWhFAr63nR1dVVgYKDV70Vbz71XXnnF4jhFR0crJCTEeJigd+/eevjhhyVlP6z11VdfGaFl//791bNnz1J9z5VZQfeIN27c0IoVK5SUlKTx48dr+vTpunHjRoH3rLm/D5s1a6YffvhBDRs21MmTJ5WQkKBRo0YpIiJCsbGxSklJ0fjx49W4cWOlp6dr1apVxgN8t912m0aMGKFatWpZ/byUp+jo6Dz/b3Du3Dlt27ZN8fHxFr3P+Pj4yMfHxyIATktLU3R0dJEeTszvviU5OVmjRo3Sm2++qSZNmkjKHntn0qRJWrp0qcaPH1/gOVTYff7f9Z4CAAAAAACULnP4m5KSIin/hji1atVS7dq1bSqvVJoZJCQkKCYmRg0bNlTTpk0t/hXWTV5uhw8fLnC9Ll26qEGDBpKkDz/8UI0bN9aCBQs0b948nTlzRhs3bpQkVatWTYcOHdKUKVM0e/ZsOTs7KywsTL6+vurdu7f8/f2NIOjDDz9UvXr19MEHH+idd97R0aNHjR+eqlWrpsjISD3//PN644031L17d61ZsyZPvdauXSt7e3stXrxYM2bM0M8//2zxftavX69XX31V8+fP15NPPql3331XV69eLdJ+KU3x8fGKiYmx+BcXF2fMj4uLyzM/93iYJfX111+rVq1aWrhwoT788EPdcccdOnjwoB599FH5+PgoICDA6BL0+vXrunbtmpYvX15oN4qbNm3S2bNntWDBAs2fP1+HDx/Wt99+q3HjxkmSXn31VXXs2NFqGdWrV9exY8fUo0cPzZkzR+np6caxW7x4sV544QUtXbpUV65cKbX9YYunn35abm5uxuuCwl8pu7Ww+UfVoj6EkVN0dLRcXFzUuHFjde3aVTt37lRGRoYkyc7OThkZGbp+/brROv/AgQPas2ePJGnZsmXy8fHR4sWLNXfuXEVGRmrfvn2SJAcHB+3atUtTpkzR8OHDLbZ57NgxhYSEaNKkSZo/f7769u2ruXPnKiMjQ9WqVVN6eroSExM1bdo0vfXWW/r555919OhRSdKiRYvk4+Ojjz76SFOmTNGyZcv0559/WpR/4sQJbdiwweii+L777tPSpUuLvY8qyubNmzV16tR8W4UXJCwsTD179pSDg4Pat2+v77//3phXrVo1/fTTTxo9erTmzZunrKwsBQUFady4cZo3b54SEhK0f/9+SdnHfs+ePRo9erTefvtt9ejRQ4sXL7a67dDQUMXFxWnBggVatGiRbty4YVyzc59z5akoY34GBQWV6Fr422+/KTU1VV26dMkzz8/PT3feeackaePGjYqNjdW8efO0YMECeXt7a9GiRZKyj9PRo0fVpk0bzZgxQ2PGjFFISIjS09P1yiuvqH79+hoxYoSGDBliUf66detUrVo1LV68WFOmTNGOHTtsammY3zXY2rld0DU4J2vfi4Wd4xXFHApJsugq/Ny5c/kun/M7tbQU9L1ZmOKee0lJSZo7d64GDx6sBQsW6LXXXtOGDRt0+PBhXbt2TUuXLtXUqVO1cOFCTZs2Tfv371d6enqpv+/KqqB7xJYtW2rYsGFq1KiR5s+frzp16li9Z839fVitWjUdO3ZMPXv21Jtvvql27dpp3rx5evTRR/Xmm2/Kz89P33zzjSTpP//5j06cOKHZs2dr/vz5cnNz0/LlyyUV//NS2vK7ZkZFRSk8PFxRUVGS/hf+FrR8Ua67Bd23uLi4qG3bttqxY4exbGRkpO677z65uLhYLdPafX5VuacAAAAAAAAVK3f4m5KSotjY2Dz/zpw5Y3OZpdICOD4+3uqPHUVpgZicnFxos+YrV67ol19+0fjx4yVl/3jWrVs3bdmyxRjrsGPHjkYXht7e3rp48WKecq5evaqjR48aLYscHR3Vs2dPff/99+rTp48k6e677zbS9CZNmmjr1q15yjl8+LAGDx4sk8mk6tWrq1u3bsYPe3v37lWbNm1Ut25dSVLr1q1Vs2ZNHT9+XG3atLFpn5SW1NRUff755/l2bZpTaGhovtM9PT01cuRIm1s1zZ07N88TCoMHD1b//v1Vt25d7dmzRwcOHJCvr68GDBiQbxnm9bt06WJT66/du3frsccek4ODgxwcHDRz5kyjVV1RuLi4GOM4Ojg4aMmSJcb7vuuuu1StWjVduHDB5ictSoOPj4/Gjh2r0NBQJSQkqEWLFvkul7OraDc3N4vgoqjCw8ONloqurq5q1qyZ9u7daxGim8MsJycntW7dWkePHlWHDh00ceJE45jVqlVLPj4+RihiMpnUokUL1atXL882d+3apXbt2hkPe7Rr106ffvqpfvnlF+PBkPvvv19SdnfXHh4eunjxoq5evaro6GiNGzdOJpNJDRs21JIlS1SjRg2dPHnSKP/22283pkvZ5/imTZuKvY/KU1xcnKKjoxUVFaXo6GhJ2cfbzc2t0DES4+LidPHiRbVs2VKS1LNnTyNgN2vVqpXxOW/YsKFcXV3l6OgoKTv0unTpkrHsPffcY7Qebt++vT755BMlJiYWuP1HHnlEDz30kHE++vn5Ge9BsjznypOXl5cGDhxoU5Bu7io693jBtkpKSpKLi4uqV69udbk9e/YY1zFJ6t27tzZt2qTk5GRJ0i233GKExd7e3rpx44bi4+NVv379Ass8fPiwhgwZIpPJJBcXF3Xq1ElhYWGF1jm/a7C1c7uga3DOz4a170Vzq7n8zvGKFB8fX6Hbl2Tz92ZuxT33Dh8+LFdXV7Vu3drYvr+/v6KiouTn5ydXV1eFh4ere/fu8vLy0uTJk0vhXd5cbLlHLOyeNb/vQw8PD916662Ssq/FXl5eRjfGDRs21E8//SQp+3x79NFHje7pH374YY0bN043btwo9ueltBX2MMS9995r9MaSmpqqyMjIIpeRk7X7lm7dumn+/PkaOnSoHBwcFBkZafRqYo21+/yb+Z4CAAAAAABUDrnD39JSpmMAF0ft2rV14sQJq8uYf0jOGb7Vrl3bYny+nCGlyWRSZmZmnnLMy0+bNs2YZu6+Lb9y7Ozs8i3n6tWrFuPK1qpVy6KuuYOC3HUtLxEREYWGv9bExcUpPDzc5rENJ02aVOAYwH369JHJZNLmzZs1f/58tWrVSs8995wRCORma9CakJBgsf/NP8jduHHDpvXNcneRuGPHDu3atcsYAzMjI8P4uzw5Oztr0KBBOnr0qJYuXar+/ftbPFyRe5zgwkJBa65evaq9e/fqwIED+vTTTyVlj0+YkpJiEQDn3t/moObo0aMKDQ1VamqqTCaT4uLiLMb6LOiYJiQk6NChQzp06JAx7dq1a0pISDAC4PzOS/M5lbM+Of82S0tL0+rVq/Xbb79Jyu5utyKOZXEU1E2xLed1WFiYEhIS9Nxzz1mUd+zYMeO45Bzj1s7OLs/rnNe//M6zpKSkArd/7tw5rV27VhcvXpTJZLI4nlLec648+fv7y93dXZs3by6wRadZSUJgV1dXJScnKy0tzep4womJiRbnh3lfm7/7cn+/Scr3uymn3N9T1sLi/OSsj7Vzu6BrcE62fC/a8t1bXnL2DCLJop6Ojo75judd1PGiC7pPMfd8IBX9e9OsuOde7s+hlP1ZvHTpkkwmk2bMmKHNmzfrzTfflJ2dnQYMGPC36gJasu1zass9a+79bOu1OCEhQSEhIVq9erXFugkJCcX+vJQnR0dHYzxt80OKJXnYorD7lpYtW8rJyUn79++Xp6enkpKSCrxPzV1uQff5N/M9BQAAAAAAqDzy+42xpCpdANy6dWutXbtWp06dytNqeNOmTfL29jamJyQkGD9kXblypcgDIpu7E549e3a+QZGtatasaRF85Pzxys3NLU/YW5y6lgZzSOTh4ZEnxD179qwxvmHfvn3z/DhvDkZKs1vL3r17q3fv3kpNTdXy5cv12WefGS1kcsvZ+jd3t6WpqalGK0VXV1eLlmaJiYm6ceNGnh+47ezsLH6gs/ZkRVRUlDZs2KB33nlH9evXV1ZWloYNG2b7Gy0Dvr6+8vHxUUhIiLy8vNSvX7884a9Usu6fd+zYoQ4dOujFF180pmVmZmrUqFGKi4szWpMlJiYaLZeuXr2q2rVr6+rVq5o3b54mTJhgjJX31ltvWZRfUIvuOnXq6P7778/TNbQkqw9OmI9xzuvC+fPnLX60lbK7wv3jjz80ffp0OTk56cSJE5o5c6bVfVFezNe31NRUnTp1qtAw0lbp6en6/vvv9d577xktq6XsLkLDw8Mtgnlb5TzPzF3aW3tQ48MPP5Svr69efvllmUwmbdy4UceOHSvydsuKj4+Pxo0bp/j4eMXHxxuBy9KlS/N8+RY3BG7atKlq1Kihbdu2WbS8lqQDBw7ozJkz6t+/v9zc3Cz2r7m7eXd3d8XExBTr/bm4uFhc53K2qM3vmpqb+Xwt7Nwu6BqcU2X6XrRm586dioyMzBNIxcfHKzU1Vc7OzvLx8cnzOc45RrCt6tatq7NnzyorK8vi2vjHH39YhPUFfW9a+14s7rmX+3MoWR4nT09PBQYGSpKOHz+ut99+W3fccYcaNWpUpPdeEjNmzLA4P52cnPT666+X2/ZtYR66wdo9a3HHt3Z3d9fAgQPVrl27fOcX5T6rrHh6ehZ43fLy8jJC9HXr1hX4MJO59XNhCrtv8fT0VNeuXRURESEvLy917tzZeMDC2jlk7T6/Mt9TAAAAAACAm4O9vb1atGih6OjoIjdmtKZUxgAuTc2aNVOXLl00d+5c7du3T8nJyYqPj9eqVau0efNmeXh4qFatWrrrrruMrvbS09O1fft2tW3bttDy7e3tjW40XVxc5Ofnp82bN0uSsrKytGnTJv3www9FqnOLFi30448/KisrS6mpqRbjarZr10779+83uk49cOCAUlJSihW4lBbzj9Y5/+X8sdrLyyvPfFu7fbbVRx99ZLSocnZ2NoJVyfIY5adu3brGuK6JiYkWY7G1bdtWYWFhunbtmq5du6Y5c+Zoz549srOzk8lkMsqtV6+eYmNjJWW3Ds6vy0GzK1euyNXVVbfccouysrK0YcMGmUwmpaWllWwnlJCzs7MCAwPl5uamBQsW5NuF7ZYtW4o0RqxZVlaWwsPD84yXbGdnpzZt2li0htu+fbuk7GDo4MGD8vPzU0pKim7cuKGmTZtKyg7RT58+bdM+a9++vXbv3m0EVBcuXND7779f6BMwtWvX1h133KEtW7YoKytL58+f1+TJk/XXX39ZLHflyhV5eXnJyclJqamp+uabb3Tjxo0KH7ty5MiRCgwMVK9evdS/f3+NGzcu39Z0Hh4eeaYV1tpw165datCggUX4K0kdOnTQ3r17rbbcLcjPP/9sXNd++OEH3XrrrVYfpLly5Yp8fHyMFqO7du2q8HMoP+7u7sY10cvLS4GBgUYIkJM5BC7K2JQODg4aNmyYVq1apS1bthhB4vfff68PP/zQCPratWunbdu2GZ/JrVu3ys/Pr0TX4TvuuEORkZHKyspSSkqKdu3aZcyrW7euzp07Z2zP2ndgYed2QdfgnCrj92JumzdvNo5RfsxdKHfu3DnPvPymFaZt27bKyMhQSEiIrl69qmvXrmn37t3673//azwsYO1709r3YnHPvZYtWxrXdSn7oYEDBw6oTZs2On36tGbOnGlcOxo2bCh7e/tyb/mY38MZlU1J7lkL0759e23dutXYDz/99JM+++wzSdY/L+XJ2sMQCQkJ2rZtm7Zt22b1gSdbHqiw9b6lW7duOnjwoH744Qejq3nJ+jlk7T6/st5TAAAAAACAm0uNGjXUokUL42H16tWrq2HDhnn+5ZcPFKTStQCWpBdffFFbtmzR6tWrdf78eTk5OalVq1Z6++23jQDjpZde0rJly4zxPu+991498sgjhZZ9zz336JtvvtHo0aO1aNEivfTSS1q+fLnGjBmjzMxMNW3aVN27dy9SfQMCArRo0SKNGjVKbm5u6tq1q7755htJ2S01Bw0apLfeekuZmZlycXHR5MmT5eLiUvQdc5OZPXt2vtOXLFmivn37avny5fryyy9lZ2cnLy8vjRw5UlL2D5ohISE6deqUnn322TzrDx48WMHBwdq9e7fc3d3Vvn17ZWRkSJIGDBigpKQkvfzyy8rMzFS7du30wAMPyGQyqVOnTnrjjTc0aNAg9enTRx988IFee+01ubi4qFWrVgoPD8+3vu3bt1dERITGjBmjGjVq6PHHH9f999+vxYsXa9q0aRZdaVaEzp07G2GEm5ub0Z3i559/Lik7oJGkgQMH2lzmkSNHlJSUpFatWuWZ16FDBy1YsMAIJ93d3fXKK68oKSlJHTp0UJs2bWQymfTwww9r6tSpcnFxUdu2bTV06FAFBwercePGVrd955136sknn9Q777yjjIwM2dvb69FHH5Wjo2OhLZrHjBmjoKAgjRo1StWrV9ewYcN02223WbQ+6t+/vxYuXKiXX35ZtWvX1vDhwxUbG6t//etfmjdvns37qDTl7Nkgp169elmE7R4eHho3bpzOnj1r0TK1sK6+w8PD1aFDhzzT3d3d5e3tbfFjtq3uvfdeffzxx4qLi5Ozs7NGjx5tdfknn3xSX3zxhb788ks1btxYI0eO1Jw5c/TJJ5+oefPmRd5+eTGHwKXVErhHjx5ydXXVV199pbVr18pkMsnHx0cTJkwwxmf+xz/+oaSkJE2cOFFZWVlq1KhRofu3MObvqRdffFGenp7q3Lmz8T3VqlUr3XnnnZo6darc3d2NADO/7mwbNGhg9dwu6Bqcc/xoa9+LFTE8Qn7M182CHDhwQP7+/vLx8cnTormg8dmtcXFx0cyZMxUSEqIxY8YoIyPDOO7mltbWvjetfS8W99xzcXHRpEmT9Nlnn2nFihWys7PTk08+qbvuuktZWVny9fXVlClTJGU/uDVw4MBCr+9/V8W9Zy3MI488opSUFE2aNEmZmZlydXU1uvm39nkpTy1atCiwq3RHR0cjlM7vQRvzdFvOKVvuWwYPHqwGDRqoWbNmSkpKkre3t7GMtXPI2n1+ZbynAAAAAAAANydzCBwdHa1bbrmlxD3tmbKK2Bzg1KlTCgoKKtJGRo4cmW+4gZLLr6vs/Jw9e1ZBQUHG2JO5A4t169bpwIEDkrLHw8wZFha2LkrO1uNYkNTUVMXFxVkdDzj3cS2pixcv6qWXXtKqVavydJ34d2brsZw6darxt7u7uyZNmpRnmfj4eM2dO9d47e3tbXS5Gh8fr6ioKGP82vK0ZMkS1a1bVwEBAeW63aIo6TmVW+7QPScnJydNmjSp1HtKKG2ZmZnGuRoREaEtW7bo7bffruBalT9bPhufffZZga1JfXx81KlTJ+N4z5kzxyIAnjRpUqXrzvpmU5zrqNk777wjKfvBl5wP0EhSz549jQdmrK2LwhXlGpvfsZAsj4cty5SWhQsXqmnTpnm64q+MSvu7DAAAAAAAlJ69e/fKz8/PpmVz9pJYu3Ztq70hpqSkKDk5WbfcckuJ6kdq8zcREhJi/JidlpZmtA6VsoNCc/hrfp2z9ZO1dVE5mLv1zsnf39/ix82oqCgFBQWVaFzg/FREl5JVTXx8vNavX29xbM6ePauQkJAC13F3d1evXr0qLGj6ux33wrqDDg0NrYBa2W7Tpk2aNWuW0tPTlZGRoe+++65YLVX/Lp5++mkFBgbm+69Xr15G+Ltz5848rZa3bdtW6tdZ4GbWq1cvi9a2tvL29i718PfYsWM6cuRIkXv7AQAAAAAAKC81atQocfgrVdIuoFH6cv9AnZKSYvyd3xiHOX+8trYuKrfOnTsrLi7OCPhPnTql8PBw9e/fv4JrhtyioqLk4eFhdL8bHh6uuLi4Cq4VcrLWHXRBY8VWFg8++KD++OMPjRkzRnZ2dmrRooUef/zxiq7WTSk+Pl7btm3T0aNH820lHBUVpaNHj8rX11c9e/akNTAgadiwYQoJCbEYkiE6Olomk8n4Oydvb28NGzasVOvw5ptvKjY2Vi+++KJq1KhRqmUDAAAAAABUNkUOgD09PY2xP4uyDipWx44dFRkZabz29/e3+Hvnzp1GoOHo6ChfX1+b1kXlN2jQIEkyQuDSCqpuueUWrVmzplTK+jvq27dvnvAo57nVq1evPF2tV5ZraUnHo72ZFRQCd+rUqQJrVTgnJyeNHTu2oqtx08s5JII1aWlpRm8aQ4cOtfhORenJfR11cnIy/s6vhXvOadbWRelzdnZWYGCgwsPDjXvOuLi4PA86OTo6qnPnzqXe8leSXnvttVIvEwAAAAAAwBYNGzY0/nZxcSmXbRZ5DGBULkUdg828fO4f1s6ePauIiAhJ2UFG7uAp57o5xz5E6SjrMd5SU1MVHh6u+Ph4DRo0iONXhhivr3Ioz3PK39+fgO8mUpLPxrp16yyGTLBFQWN8o2BcRyu/khyj1NRURUdH6+zZs0YA7OnpKS8vL7Vo0YJ7lBw4FwAAAAAAqLyKMgZwRaAL6L8Ra60pvLy8jJaiRV0XlZ+zszPdPgOliHPq76k4Y/vmN2408Hfm7Owsf39/epQBAAAAAAAoQwTAAAAANnj66acrugoAAAAAAAAAUCi7iq4AAAAAAAAAAAAAAKB0EAADAAAAAAAAAAAAQBVBAAwAAAAAAAAAAAAAVQQBMAAAAAAAAAAAAABUEQTAAAAAAAAAAAAAAFBFEAADAAAAAAAAAAAAQBVBAAwAAAAAAAAAAAAAVQQBMAAAAAAAAAAAAABUEaa1a9dmVXQlAAAAAAAAAAAAAAAlZ5+WdqWi6wAAAAAAAAAAAAAAKIZq1arJ0dFRtWrVkqtrbdm7urpWdJ0AAAAAAAAAAAAAAMVQrVo1OTg4qEYNZ1WvXl32devWqeg6AQAAAAAAAAAAAACKwc7OTnZ2dqpevbocHR1l7+ZGC2AAAAAAAAAAAAAAuBmZTCZJJlWrZid7e3vZOzk5V3SdAAAAAAAAAAAAAADFZDJlB8Emk0n29vbVKro+AAAAAAAAAAAAAIBSYFfRFQAAAAAAAAAAAAAAlA4CYAAAAAAAAAAAAACoIgiAAQAAAAAAAAAAAKCKIAAGAAAAAAAAAAAAgCqCABgAAAAAAAAAAAAAqggCYAAAAAAAAAAAAACoIgiAAQAAAAAAAAAAAKCKIAAGAAAAAAAAAAAAgCqCAGfg0z4AACAASURBVBgAAAAAAAAAAAAAqggCYAAAAAAAAAAAAACoIgiAAQAAAAAAAAAAAKCKIAAGAAAAAAAAAAAAgCqCABgAAAAAAAAAAAAAqggCYAAAAAAAAAAAAACoIgiAAQAAAAAAAAAAAKCKIAAGAAAAAAAAAAAAgCqCABgAAAAAAAAAAAAAqggCYAAAAAAAAAAAAACoIgiAAQAAAAAAAAAAAKCKIAAGAAAAAAAAAAAAgCqCABgAAAAAAAAAAAAAqggCYAAAAAAAAAAAAACoIgiAAQAAAAAAAAAAAKCKIAAGAAAAAAAAAAAAgCqCABgAAAAAAAAAAAAAqggCYAAAAAAAAAAAAACoIgiAAQAAAAAAAAAAAKCKIAAGAAAAAAAAAAAAgCrCvqIrAFRm16+lacvm1ZKkvv0Hq7qjUwXXCAAAAAAAAAAAAChYpQmAg4M/05YtW/Od5+zspLp16+rOO5vrgQd6ysfHu5xrVzx//XVJo0aNNV736dNDo0Y9b7wePPgZpadnSJLuvrulpk2bUuZ1euON2Tp48LAkycHBXqtXf1rm27yZ/fbbcdVv0ND4u4Xv3RVcIwAAAAAAAAAAAKBglSYAtiY1NU2xsWcUG3tG27Z9pxdeGKGePbtVdLVQSubPX6wff4w0Xn/22VK5/D979x0dVbW3cfyZkp6Q3gOh996LCCggCiIIinpRr4rYFX2xd68XG2DXK1bsgNIEC733EmoCIUB6gJAEQvok8/4RMmRICKEmjt/PWqyVc84+Z//Onkz+edh7e3jUYEWnxOyOUo8r+kuSNm9YQQAMAAAAAAAAAACAWq3W7gHs4uIiLy9POTk52Z23Wq368stvlZOTU0OV4Z8i4+hhSVJoaIRCQyNUWFhoOwcAAAAAAAAAAADURrV2BvCdd96ma67pL6vVql27ojVhwkQVFBRIkgoKChQTs1edOnWo4SovzDfffCar1SpJMplMl6XPp59+QsXFxZIkg8FwWfr8u4revU3NW56a8du8ZXtF796mXr0H1GBVAAAAAAAAAAAAwJnV2gC4jMFgUOvWLdWhQ1utW7fRdv7EicpnAB84EK8//1yoXbuilZGRKavVqsBAf7Vv31bXX3+dAgMD7Nrv3RurZ599xXY8evQo9e7dS9Om/aotW7bpxIlsBQcHaeDA/hoyZFClfe7ff0A///yLYmL2qri4WPXrR2r48OtVv35kle/273/fd8Y9gF966XXt2hUtqXSv3h9++Epz5szX4sXLdPRohoKCAjV48CBdc83VkqTNm7fq11/n6ODBBDk5Oaldu9YaPfoWBQUF2vX51luTz7oH8OUaw1mz5ur776dV6P+OO8bafg4JCdbHH0+2Hefn52vRomXasGGTEhISlZubJzc3N9WtG66uXTtpwICr5ObmVuW4V0dhQb6SEverXftutnP16jXU9qj1KizIl7OL6wX3AQAAAAAAAAAAAFxstT4ALnP6DFl/f78KbWbOnKsff5xum1VbJjk5VcnJqVqyZLmeeOIRdex45n1cDxyI1+zZ83XixAm7+7/++jvl5ubq5ptvtGu/fftOTZjwji3IlaSYmL16441JGjr0unN6x6q8++5HWrt2Q7maUjRlylfKysqSl5envvzyW9u1goICrV69Tnv2xGry5DfOaT/dmhjD6kpNTdOECe8oJSXN7vyJEycUHb1H0dF79Ndfi/Xcc+MVHh5W7ecuXTxPSYn7K5xv276rPL3q2I49veqoUeMWmvbTlApt69ZrpL5XDT6HtwEAAAAAAAAAAAAuvr9FAJyammabtSpJvr4+atq0iV2bFStW64cfTs0m9fHxUa9epbM3V65co+PHs5WXl69Jkz7QpElvKCQkuNK+Vq9eJ0ny8vJUUVGR8vMLbNdmz56nwYMHycPDXZKUm5un99//1C789fLyVFhYqJKSkjV37u8X+OalioosWrt2g5ycnOTp6aHMzCzbtV9/nWP72d/fT8eOHZfFUlpPevpR/fXXYt1449Bq9XO5xzA8PEzdu3dRXNwBHTmSbmvTpUtHW+Dv6+sjSSosLNIbb0y0C399fX0UGVlXCQlJysjIlCSlpR3ShAkT9e67b8rZ2bla730oLVn9r7lRoaERZ23bpduV6tLtSrtzCfH7tGbV4mr1BQAAAAAAAAAAAFxKtTYAnjXrNy1atFQFBQVKSzts27fWxcVFjz32oJydnWxtrVarfvxxuu3Yz89Xkya9oTp1vCRJ1113jcaNe9oWRs6cOVcPPnjvGfseM+ZOXXvtQBUWFur119+2LcVcUFCgffvi1K5dG0nSqlVrlJV1Koxt2bK5nn/+Sbm6uio7O1uvvPKGDh6Mvyjj0aJFMz3//JNyc3PT5MkfafXqtZKk4uJimc1mvfrq82rduqWio/fohRdes923a9fuagXANTGGXbt2VteunfXeex/bBcCPPHJ/hVnLy5evVHJyqu24Xbs2evrpx+Xi4qLCwqKTS1tvl1QaAi9dukLXXNP/rO8tSQMHDdeCP2epc9featykZbXuKbMvdrc2bVipgYOGn9N9AAAAAAAAAAAAwKVgrOkCzuTIkXTt339QycmptvA3NDREkye/oTZtWtm1jY9PtAsQGzSor5iYPdqwYZNtr9jyS0Zv2RJ1xn6bNGmsa68dKElydnbWFVf0sLtefvbtzp277a6NGjVCrq6le8N6eXlpxIgbzuWVq/Svf42y7W3brl1ru2udO3dQ69alwWWLFs1soe3p9ValpsawurZs2WZ3PGrUjXJxcTnZh5NGjRpxWvsz13c6P/8gDRw0XDG7o7Rx/Ypq37dx/QrF7I7SwEHD5ecfVO37AAAAAAAAAAAAgEul1s4ArkxqapomT/5Qr7zyvNzd3WznDx8+Ytdu8+at2rx56xmfk5mZpaKiIjk5OVW41rx5U7tjd3d3u+Oy5ZUl6ejRDLtrERHhdsd169ofX4iGDevbfi5bgrpMgwb17Y7d3Nx0/Hi2JPt6q1JTY1hd5cNpSYqIsF+uOTKybpXtz6Y0BL5RC/6cqdUrF6pX7wFVtl+9cqEyM45o4KAb5eziek59AQAAAAAAAAAAAJdKrZ0BPHbsXZo+/VtNnDjBLuCMizugL7+cesHPLywsrPS8t7eX3bHRWP0hMhgMdsdWq/XcC6uEk5PZNtu1spq8vDztjktKSi5Kv2dzKcawJjm7uGrIDbdpf1z0Wdvuj4vWkBtuI/wFAAAAAAAAAABArVKrZwCbTCY1aBCpp54ap0cffVJFRUWSpGXLVmrIkGvVoEGkJCkwMMDuviFDrtVdd42+5PWVXxJZkhITk+TtfWoP2aSklEtew8VSU2MoVQzOKxMYGKADBw7ajpOSktSs2amZxvHxiRXan4/Cgnw5ObmctZ2Tk4sKC/IJgAEAAAAAAAAAAFCr/C2mZgYFBeqaa/rbnZs5c47t5/r16ykgwN92vHz5Sh06dLjCcwoKCrR8+SotW7byotTVqlVLu+Pp02cqPz9fknTixAnNmvXbRenncqipMZRK9wkuLyMjs0Kbjh3b2R1PmzZTBQUFkqTCwiJNm/brae3bn1ctaWlJ8vXzP2s7Xz9/paUlnVcfAAAAAAAAAAAAwKVSq2cAlzd06HX6888FsliKJUlr125QUlKKIiLCZDAYdOutN+nDD/8nScrOPqHHH39G3bp1VnBwkAoKCpSUlKLo6Bjl5eVrxIgbLkpNvXv31LRpv+jYseOSpF27ovXAA+MUFhaqhIQk5ebmXpR+LoeaGkNJCgsLtTt+7bU31bhxQxmNRnXu3FH9+l2pPn16a+7c+UpJSZMkbdu2Qw899IQiI+sqMTHZbj/mkJBg9et35XnVkpmZrpDQU/sLp6Ymad3qRZKk7r36K/TktZDQCGVmpqteZOPz6gcAAAAAAAAAAAC4FP4WM4Cl0uWW+/Y9FepZrVbNmjXXdty3b2+NHj3Ktt9sQUGBVqxYrRkzZmnu3N+1ZUuU8vJKZ+dWZ8nh6nB3d9Ojjz4gs9lkO3f8eLZiYvYqNzdXV13V56L0c7nUxBhKUo8eXe1mAWdkZGrDhs1at26jEhJKl3Z2dnbSc889qdDQEFu7zMwsRUXtqBD+Pvfc+AqziqsrLTVJQcERKizI18b1K7R8yXx16nKFOnW5QsuXzNfG9StUWJCvoOAIpaUyAxgAAAAAAAAAAAC1y99mBrAkDRs2REuWLFdJSYkkaeXKNRo1aoSCggIlScOHD1XHju3111+LtWtXtNLT02WxWOTj4yNfXx9FRtZTu3Zt1KnT+S0PXJn27dtqwoRX9PPPvyomZo+Ki0sUGVlXgwcPUvPmTbVkyfKL1tflUBNjGBQUqJdeekbTpv2q/fsPKCen8pnToaEhmjjxv1q0aKnWrduoxMRk5eXlydXVVXXrhqtbt84aMOAqubm5nXcthw+lKDcnW+tWL5KPb4BuHHmnbZ/fkJAIrV61SPN/+1lt23fT4UN/nz2eAQAAAAAAAAAA8M9gOHgwxlrTRQC1xbaodUpLTVKLlu3PuLxzQvw+Re+OUkhohNq1736ZKwQAAAAAAAAAAADOjAAYAAAAAAAAAAAAABzE32YPYAAAAAAAAAAAAABA1QiAAQAAAAAAAAAAAMBBEAADAAAAAAAAAAAAgIMgAAYAAAAAAAAAAAAAB0EADAAAAAAAAAAAAAAOggAYAAAAAAAAAAAAABwEATAAAAAAAAAAAAAAOAgCYAAAAAAAAAAAAABwEATAAAAAAAAAAAAAAOAgCIABAAAAAAAAAAAAwEEQAAMAAAAAAAAAAACAgzBYrVZrTRcBAAAAAAAAAAAAALhwzAAGAAAAAAAAAAAAAAdBAAwAAAAAAAAAAAAADoIAGAAAAAAAAAAAAAAcBAEwAAAAAAAAAAAAADgIAmAAAAAAAAAAAAAAcBAEwAAAAAAAAAAAAADgIAiAAQAAAAAAAAAAAMBBEAADAAAAAAAAAAAAgIMgAAYAAAAAAAAAAAAAB0EADAAAAAAAAAAAAAAOggAYAAAAAAAAAAAAABwEATAAAAAAAAAAAAAAOAgCYAAAAAAAAAAAAABwEATAAAAAAAAAAAAAAOAgCIABAAAAAAAAAAAAwEEQAAMAAAAAAAAAAACAgyAABgAAAAAAAAAAAAAHQQAMAAAAAAAAAAAAAA6CABgAAAAAAAAAAAAAHAQBMAAAAAAAAAAAAAA4iL9lAPznnqOK+M/qarV95vc4jf5x1yWu6ML8HHVIrSeuP+/78y0lMjy5RPvS86rV/lzG73Koqp5pUYfU/cNNysyzXOaqLr3j+cW67ott8ntphXp+tKnWfS6V6f7hJn2xPqXC+ZzCYvX4cJO+3ZxWA1U5hvJj+3f4XQAAAAAAAAAAALWTuaYLkKR18cfV46NNynztSvm4nb2klsEeen1Qw2o9+4ZWATpRUHyhJZ6zVQeOqfcnm3VXl1B9dXOLS9qXk9GgD4c1VaCnU7Xan8v4dX5vox7uFaF/dwm9kBLPq55lcZn6bF2KFtzbQXVcTZes/8oUWEr0zrIE/bg1TfuP5snbzaz2YV4a17uurm3uf1H6+HpjinKLinXkld4yGQ1KyMqv9udSU8b3qaeWwR525ywlVt32wy491ruubmkffFnrGfR5lP7amyFJcjUbFVrHWT0jvTXuynrqHOF1WWsBAAAAAAAAAACoDWpFAHyu6vm4VjuQ7BHpfYmrqdyUdcnyczNrWtQhvTu0ibxdL91Qm4wGPdwrotrtz2X8qqOo2Conk+G87z9TPX0b+apvI98LKe28WEqsuvaLbUo6lq9J1zdR93reMpsMWh6XqSnrki9aAHwgI1/Ng9xlMpaO3cX+XE53oZ+TJI1sG1ThnNlo0Jy72l7Qcy/Eo1dEaNL1TVRosepARp6+2JCi7h9s1Iw72mh468DLWktxiVUGg0HG04b5Yow9AAAAAAAAAABAddTKAHjcnFilHC+Qq9mo7akndKKwWE9cWVcP9iwNOf/cc1Rjpsco6cVekqQSq/TpmiR9siZJCVkF8nM364X+DXRvtzA983uckrLy9f1trSRJh08UatycWC3ZlymDQbqmqZ8mD20qP/fKhyIlJUVhYWGyWq06dOiQQkJCzlp/Zp5FM7Yf1pc3t9Cjs/fou81pdgHt2vhjemjmHu07mqe2oZ4VAsX2kzfopnZBWrg3Q+sTjqtZoLt+/FcrbUw8rpf/OqDMvCKN7hiij4Y3k8FQugS027PLFPt0DzUOcDvn8Vscm6kn58XqQEa+jIbSGbkrH+qkcXNitTPthJ7+fZ9eX3xQHcI8NeOONmo/eYOuaean9QnHdSi7UK9d01A96nvr3hnR2pSYrcLiErUO8dTkoU3UrV4d23stjs3US3/t1+5DOTIbDbqxTaA+G9m8Qj1FxVb9Z9EBfbc5TcfyLeoY7qX3bmiq1iEetvG5roW/NiYeV+rxQhkM0ic3NlPvBj6Vfh7p6emqU6eOnJ2dbZ9nVb7fnKa18ce0+8nuauDnajs/rHWgbmh1KlDckpytJ+bGalvKCfm5m3V31zA90y9SJqNBWXkW+b60Qh8Oa6rvt6QpK8+iCG8XTb2lpcK9XTT2lxhN33ZIVqu0KDZTD/WMUItgd7txSD5WoHtnxGhNfJaCPZ31dL/6umdGtI680lsBHk4a/eMu1fdzs5s13PjNtZo4pLGGtQ7U7J1H9H+/xerWDiGatztdHs4mrX64kz5YlahP1yQr6ViBfNzMuqV9sCZc28gWUMYdzdP432K1Nv648i3FahPiqfn3tFcdV5O6f7hJY7qGaUy3sLOOweydRzR+3j7d0SlEc3elKzOvSFc19tOnI5rJfHpCetL5fN8MMshsNMjsbFCrEA+9O7SJjuVb9MisvRrWKlAGg3SioFjP/xmnOTvTlV1gUY/63vp4eDNF+pZ+vh+sStS7KxKVmVckF7NRozuGaNL1TSRJd02L1qLYDGXlWRTu7aJnr4rUnZ1Lg/qyz3ny9U30/ZY0Hc0p0rpHO2vQ51EVviN9Gvmc09+e8s72nQAAAAAAAAAAAChTKwNgSfptd7pWPtRJnSO8tPdIrtpP3qCBTf3VOMCtQtv3Vybq3RUJmn57G3WtV0fpOYVKyCqo9Lk3f7dTvm5mxTzVXcVWq/71wy7d/tMuzb+nXaXt3377bfXv31/XXXed7r//fr3xxhtq0aLqJZ2nbkqVp7NJI9sGaX3CMU1Zl2wLgDNyLbrui236z6CGeqBHuLalntCQL7fJz91++eavNqTolzvaqHmQh+77JUZDv96uPg19FPVEVx3JKVKPDzfqmmb+Gtoq4ILH7/afdmnCtY307y6hspRYtTb+mCTpvRuaaNWBrEqXgP51xxGtfLCTQus4S5ISsvJ1X/dw/XKHn5xMRr21NF7Dv9muuGd7ys3JqE1J2Rr8ZZS+GtVSI9sGyVJs1YbEY5XW/vqiA/o56pD+ure9In1d9Z9FBzVgylbteaqHbSno2TuPaPkDnRTo6aSpm1I1+sddin++V6XPS0pK0kcffaSJEydq4cKFSklJ0VNPPSWTqfJlpX+POao+DX3swt8yhpO55dHcIg34bKvG943UgrEdFHskV4O/3CZnk1FP9q1na7/m4DGtfLCTnEwG3TUtWs/9Eaept7TUlJHN5WwyylJSov+NaC6pNJgvb9T3O9U00F2pL/VWTmGxbv5uZ6X1VmV/Rr7quJgU9URX27kQLxfNu6edGvq5ac+RXF3/1TZFeLvosd51lV1QrL6fbtFNbYM09ZZWcnc2an3C8UoD2+qMQdzRPPm5O2nTuC7KLSxRl/c36LvNabrrDDOdz+f7VpnRHUP09cZU7TmSq+ZB7rrj590qLC7R+kc7y9fdSS//tV/Dv9muTeO6al96rp6eH6etj3dV8yB35RQWa1daju1ZPSK99c6QxvJzd9KCvUc1/JsdahvqqQ7hp5aYXrE/U2sf6SzncrN8T/+O9P10yzn97SmvOt8JAAAAAAAAAAAASTLWdAFnck0zP9senk0D3dUk0F2bk45X2vbD1Yl6eWADdY+sI6NBCvJ0rnT/z/1H87R8f5beH9ZUPm5m+bs7adL1TfR7zFGlHi+s9NmvvPKKZs2apSlTpujNN9/Uc889p+XLl1dZ++frkvWvjiFyNhl0T9cw7UjLsYWqs3YeVoiXsx7uFSGT0aCO4V66u2vFGan3dQ9Xh3AvuTkZdWfnUMUdzdOk65vIx82sJgFuGtC0dAbsxRg/F7NRMUdylXSsQGaj4Ywzacsb0zXMFmxJpcsXD2sdKA9nk5xNBr3Yv75yCosVfbg0SPtkTZJuahes2zoEy9lkkLuz8YzLO3+9MVUv9G+gpoHucjEb9erABpKk+dHptjZju4fb9jwe2ipQCVkFOpRd+WfYvn17DRs2TPfee6+uvPJKGY1GPf7448rJyam0/ZGcQoV7u1T5/nN2psvHzaxn+kXK2VQ68/TJvvX0xfpku3ZP9Yu0zawd2ipAGxLO/JmVty89T6sPHtPEIU3k5mRUgIeTXj45DufCw9mo/+tTz+7cze2C1MjfTQaD1DzIXQ/2jNDifZmSpFk7j8hkMGji9U1Ux9Uks9GgXvW95e5c8U9FdcbAx9Vs+88P7s5G9W/qV+UYnM/3rTJ1fUrD+6O5RUo6VqBZO4/o0xubK9jLWc4mg14f1FCx6XnamXZCTiajrFartiRn61i+RR7OJnUtN3N9bPcwBXg4yWiQBjXz18Cmfloal2nX39P96tuFv5L9d+R8/vaUV53vBAAAAAAAAAAAgFSLZwAHeNjPiHVzMiq7oLhCO6tVSsjMV9NA97M+M/FkwFnP59TMzkYnZ8QmZuXbBZplfHx8NH78eI0dO1ZDhgzRqFGj9P7776tPnz6V9rHyQJZ2H87VT6NbS5Lahnqqc4SXPlubrB6R3ko6VlBhFm5j/4qzcsPKBZAeziZ5OBvl42Yud67y8ShT3fGTpLl3tdXriw+q/eT18nN30r3dwu1msVbm9IA0u6BYz/4ep0WxGcopLJbJYFBOYbGOnCiSJB3MyFe/xmffz9dqlZKPF6hRuTExGQ2K9HVVYlZ+pe/n5mS01RBcMfeXJA0ePFgrVqzQjz/+qMcee0y33XabVq5cqUGDBlVoG+jhrORjlc8gL5N4LF8NT4aoZRoFuCnxtJnnp9dZ1WdWXvLxAnk6m+yWB470qTgj+WyCPZ1tewyXmR99VBOXx2v/0TxJUk5hsZoElH5/DmbkqVGAW4U9bCtTnTHwr/B7aNLRnHydybl+385Y28nfFX93Jx3IyJNB0oApW+3auDsblXq8UG2beern0a310eokjf0lWm1CPPVC/wYa3KJ0afbJKxL0/eY0HckpkslgUHpuoVoG2y+9XNl/GCh/7nz+9pSp7ncCAAAAAAAAAABAqsUBcHUZDFI9X1fFHsk768zVut4uspRYlXSsQBEnw5myEKzuGcK1NWvW6O2339bHH3+sRYsWacmSJZoyZcoZ+/hsbensx4FTomznsgss2pWWo/duaKoIbxfN220/4y/tDDNXL5c2oZ6aNrq1rFZpTfwxXftFlNqFeWpgU78zBoGG086/+Od+xabnatVDnWyhp++LK2SVVZJU389VsUdyz1qLwSCF13HRgYw89arvLal0j+f4zPwzfkZnk5+frxdeeEFeXl4aPXq0xowZozvuuKPS8FeSrmvurwdn7lF8Zr5tj9gyVmtpjXW9XXUwwz582380T3V9qp45XF3hdVx0orBYGbkWWwgcf1rY5+liUn5Rid25ozlFdseG0z6oIyeKNOyb7Zr977a6trm/jAbpvZWJ+jnqkCSpvp+bvtqQqhKrzhoCX4oxONfv25n8sCVN4XVc1CzQ3TZ7eeWDnWyzxk83rHWghrUOVIGlRN9sStWNU7cr/dUrtTg2Q5OWJ2jxfR3VPKg0JB/2zfaTv9WnnP59OP3c+fztKf+ci/2dAAAAAAAAAAAAjqvWLgF9Lh7qGaHXFh7QhoTjslpLQ67NSdkV2jX0d9OVDXz0xNxYHcu3KCPXovG/7dO1zfzPOANv4cKF+vjjj9WyZUvt2LFDU6ZMUUBA5fvuZuRa9OuOI/p4eFNFPdHV9i/6qe5ydTLqu81pGtY6ULHpuVoUmyFJSs8p0hcbUi7eYJyjwmKrvt+Spqw8iwyG0hmjZqPBtudraB0X7alGcJuZV6T6vq628PezdcnKyrfYrj/QI1zTtx3Sz1GHVFhsVW5hiZbvz6r0Wf/uEqoJiw8q7mieCiwlenXBflmt0uAWlY/72URFRally5Z6+eWXtWzZMj366KMaOXLkGduP7hSi7pHeuubzKM3bna4jJ4qUmWfRnF3punHqdknSDa0DdDS3SBOXJ6iw2Krow7l6Z1mC7qlkOe/z0TjATT0i62j8vFjlFZUoPadIry44YNemc0QdLYrNUL6lNAT+dK39mFfmRGGxSqxWtQ/zlNFQukTyF+tP/f4NaxUoS4lVT8/fp+yCYllKrFpz8JhyC0sqPOtSjMG5fN/KWGWVpcSqvKIS7T6Uoyfn7dPUTal6f1jT0v8g4uOqG1oFaMyMaNvs5Mw8i6ZvOyxLiVV7j+Rq4d7ScXQxGxXo4SyDJJPBoMw8i3zdnGyz9rcmZ2vh3oxzfq/z+dtT3sX+TgAAAAAAAAAAAMf1t58BLEmPX1lPJqNBd/68W4nH8uXv7qQX+zdQp0r2AZ52e2s9PjdWTd9aK4MMGtjUT5OHNjnjs1988UUZjaU5+TvvvGP7uTJTN6XKx82sMd3CK+wHen+PcH22LlmPXBGh+fe017g5e/Wy6YB83Mz6V4dg/brjyHm+/YWxWq36fnOaHp8Tq6KSEvm5O+npfpG66uRyzU/1i9SY6dH639pkda7rpYVjO1T6nJcHNNCdP+9Wx3c3yMPZpCEtA1Sv3EzQLnXraM5d7fTSX/t13y8xcjEbNaJNkPo0rDhr+4X+DVRcYtXV/9uqz7pKLAAAIABJREFUY/kWdQj30oKx7VXH1XRe79i1a1d1795dknT77bdX+RlKktlo0B9j2untZQl6ct4+7c/Ik7erWe3DvPT4lXUllS4tvGBsBz0xd69eX3RAvm5OuqtLqJ7oU/XS2edi2ug2GvtLtEJfW6lgT2c90aeelsZlysVcWv8dnUO1+uAxtZm4XhE+LurdwEcN/aqeEdrAz1VvXtdY/f63RYEezvJ1N+uGVgG2PYDruJq05P4OGj9vnxpOWCNLiVVtQz017552FZ51KcbgXL5vZT5YlaQPViXJxWRQaB0X9azvrTUPd7bbx/fbW1vptYUH1PfTzTp8okj+7k7q08hHI9oEKt9Sohf/2q+YwzkyGgyq7+uqX+9sK3dno27rEKzFsRlqM3G9Ajyc1DzIQ4Oa+Z/Xu53r357yLvZ3AgAAAAAAAAAAOC6D1Wo9fTVTALXQkn2ZGvntDmW8dmVNlwIAAAAAAAAAAIBayiGWgAYc0eakbO09ufx28rECPf9HnG5tH1zDVQEAAAAAAAAAAKA2c4gloAFHlJZdqJHf7lFmXpG8XMy6vmWA3hzcuKbLAgAAAAAAAAAAQC3GEtAAAAAAAAAAAAAA4CBYAhoAAAAAAAAAAAAAHAQBMAAAAAAAAAAAAAA4CAJgAAAAAAAAAAAAAHAQBMAAAAAAAAAAAAAA4CAIgAEAAAAAAAAAAADAQRAAAwAAAAAAAAAAAICDIAAGAAAAAAAAAAAAAAdBAAwAAAAAAAAAAAAADoIAGAAAAAAAAAAAAAAcBAEwAAAAAAAAAAAAADgIAmAAAAAAAAAAAAAAcBAEwAAAAAAAAAAAAADgIAiAAQAAAAAAAAAAAMBBEAADAAAAAAAAAAAAgIMgAAYAAAAAAAAAAAAAB0EADAAAAAAAAAAAAAAOggAYAAAAAAAAAAAAAByEuaYLkKTtKeu0IGaG0nNSK70e7t1ALUM6ycvV5zJXBgAAAAAAAAAAAABVczW7K9y7gfw9gmu6lNoRAFcV/krSlU2GqL5fE5mMtaJcAAAAAAAAAAAAALDJLcpWctYBAuAyVYW/ktQooMVlqgQAAAAAAAAAAAAAzo27k5fyLbk1XYYk9gAGAAAAAAAAAAAAAIdBAAwAAAAAAAAAAAAADoIAGAAAAAAAAAAAAAAcBAEwAAAAAAAAAAAAADgIAmAAAAAAAAAAAAAAcBAEwAAAAAAAAAAAAADgIAiAAQAAAAAAAAAAAMBBEAADAAAAAAAAAAAAgIMgAAYAAAAAAAAAAAAAB0EADAAAAAAAAAAAAAAOggAYAAAAAAAAAAAAABwEATAAAAAAAAAAAAAAOAgCYAAAAAAAAAAAAABwEATAAAAAAAAAAAAAAOAgCIABAAAAAAAAAAAAwEEQAAMAAAAAAAAAAACAgyAABgAAAAAAAAAAAAAH8Y8PgNOyE2u6BDvZucfVZ0wbHc5Iq1b7Xxb9oPHv3qf8wvxLXNm5KSjKV58xbZR0KOG8nzH6heu1bNOCi1gVAAAAAAAAAAAA4NjMNV1ATZq942tFpazVDa3/rQ7hPat9X2FRgX7+8xst3PC7Uo8kycPNU03qNdfI/qPVvU3vS1ixvWWbFmjrng2a8PAHcnZyuWz9VofZ5KTHbntWPl4+NV0KAAAAAAAAAAAA8I/xjw2Ay8JfSZqz8xuF1qmrEK+6Z73PUmzRU+8/oCOZh/TgTU+qVaO2MhpN2rZnk35b8ctlDYD7dh6ovp0HXrb+zoXJaNKNV91W02UAAAAAAAAAAAAA/yj/yAC4fPgrSe3DelQr/JWkBevmaVfcdk19bbbCAiNs53t3vFpXdLhKknQ4I03vfPuq9hzcKYvFogbhjfXgqCfVqmFbW/vNu9fpqzkf62BqnExGk67s2F/j73jZdn37vs36bt4XSktPUstG7fTc3f9VoG+wJCk3P0dfzPpAq6KWKi8/V60atdW4215QSECYpNJloWcs+lYnco7LbHbWwB5D9NDNT1Z4lxc/fVzBviF6+Janbed+XzVL382foh8n/K4jmYfO+z0KivI18IEu+uG/8xURXE+bd6/T57M+UOKhgzIZTWrXrLPG3fqs/H2CJElFlkJ9OmOSFm34Q2aTk0ZcdatdrWcb09T0ZE3+7j+KPrBDkhTgE6yX739LDcKaVOtzBQAAAAAAAAAAAByBQ+4BvDZ+kfKKciu9Vln4O6zNXdV+9vrtK9W+aWe78LeMwWCQJFmtJRp65UhNe+svzXlvubq27qUXPx5n26c35uBOPf3BQxp21SjNnrxM099eoKu7Xmf3rD9WzdHbj32sXycultnkpM9nvm+7NuGr55VyJFH/e+5HzZy0RA3Cm+iFTx5TibVECWkH9dmv7+qdxz7V/A/X6uc3/1C/LoMqfZfreg3XgnXzZCkuOtXvmjka1PMGGQyGi/IeZcxmsx659RnNeXe5vnt9nizFFk3+4b+261PnfaYt0Rv1+YvT9NMb83U4M00ph0/tz3y2Wj6f+YGC/EI0+91l+u39VXrtgYny9vA98wcJAAAAAAAAAAAAOCCHC4Bn7/haf8VM19SNkyqEwBca/kpS1olM+fsGVdkm2D9MvTteLTcXdzmZnXXn9fcrvyBP8an7JUlzlk5Tv84DNKDbEDmZneXq7KYOzbvYPePuGx5SsH+YPN3raPAVwxV9cKek0pmwK7cs1uOjX5Sfd4CczM4aM/xRJR1K0IHkfTKbzLJardqTsFsnco/LzcVdLRu0qbTOrq17yWx21tptyyVJyYcTtDN2qwb1uuGivUeZdk07q1XDtjKbnOTt6a27hj6oLdHrbdf/XD1Hd1x/r4L9QuXi5Kr7Rz4ho9FU7TF1NjvpSNZhxacekCTVC20oP++AKj8nAAAAAAAAAAAAwNE41BLQadmJtoA3LTtRUzdO0p1d/k9uTu4XJfyVJB9PXx3NPFxlm5z8E/r81/e1KXqd8gvyZDQalVeQq2PZGZKk1KPJ6tCsa5XPKFvuWZLcXNyUm18aZqelJ0uS/m/yWLv2Ls6uOpp1WF1bX6GXx76tmUt/0sSpr6lRRBONHjxWPdv1qdCHyWjSwB5D9Pvq2erdsb/+WDNHnVp2V7Bf6EV7jzLxKXH6Ys5Hikvco8KiQllVupR1YVGBnMzOSs86rPCgeuXe2V1+3v7VHtP7bx6vqXM/1fMfParcglz16ThA940cJ083r2rVBwAAAAAAAAAAADgChwqAQ7zq6obW/9acnd9IOhUC+7j7K+ZQlK3d+Ya/ktStbW+99/1/lZaeYttzt4zVapXBYNBXsz9S0uEEffz0t/L2Kl2GePCjPWW1WiVJof7hSjoUf179B/uXhrMfPT1VPl5+lbbp3fFq9e54tQqLCvTnmjl68ZPHNff9FfJw9azQ9tqew3T3KzfqaNZhLVgzV/eNfNx27WK+x6tTnlKPdn30/D1vyNXZVbEJMRrz2k2yqnTMAnyCdDQrXYosbW8ptuhYdla1a/Hx9NFjtz2rx257VsmHE/XqZ+P14x9fauyN46pVHwAAAAAAAAAAAOAIHG4J6A7hPXVD63/bjtOyEy9a+CtJA7sPUctGbTT+vfu0ZttyZWVn6HjOMa3aukQvfFIaNmbnHFeIf5gtqJy7fLpO5GbbnjG0781aummBFm/4XUWWQuUX5ilqz6Zq9R/sH6YrOlylt6a+rEMZqZKk4znHtGTjn7IUW5SQdlAbd61RQVG+nJ1c5OPpJ4PBIFO55ZTLiwxtoGb1W+mtqa8oNz9XvTtcbbt2Md/jRO5xNQhvJFdnV1mKLZq+YKrd9Wt6DtWMRd+psKhAkjRryU/KL8yrdi3LNi3QoaMpkiRvT285O7nIZCr9/w174nfr01/ercboAgAAAAAAAAAAAH9vDjUDuEyH8J6SZJsJXOZCw19JMpvMevuxT/XTn1/r018mKeVwkjzcPdWkbnPdNOB2SdKd1z+gN756XmNeu0muzm7q2a6Pgv1CbM9o0aCNJjz8vr6a84kmffsfmZ2c1KfjALVv1rlaNTx3z3/17W+fadw7dyvzeIbqeHqrfdPO6tNpgIoshfpq9kdKSDsgg8GokIAwvfbAZLk6u53xedf2GqaJ376q4f1ukbOTi+38xXyP/7v9JX08fZJmLvpRJrOTru4ySAvWzTvV15D79MmMSRrz2igF+gapTeMOqhsSWe1aYg7u1MfT39GJ3Gy5uripe+srdNuguyVJ8an7Nf2vb/RAudnNAAAAAAAAAAAAgCMyWMvW0K1Bz/x2W5XXXxj0yXk9d2vyGlsIfDHCXwAAAAAAAAAAAACozO7ULepa76qaLsMxZwCXKZsJfCg7UYOaj6rhagAAAAAAAAAAAADg0nLoAFg6FQIDAAAAAAAAAAAAgKMz1nQBAAAAAAAAAAAAAICLgwAYAAAAAAAAAAAAABwEATAAAAAAAAAAAAAAOAgCYAAAAAAAAAAAAABwEATAAAAAAAAAAAAAAOAgCIABAAAAAAAAAAAAwEEQAAMAAAAAAAAAAACAgyAABgAAAAAAAAAAAAAHQQAMAAAAAAAAAAAAAA6CABgAAAAAAAAAAAAAHAQBMAAAAAAAAAAAAAA4CAJgAAAAAAAAAAAAAHAQBMAAAAAAAAAAAAAA4CAIgAEAAAAAAAAAAADAQRAAAwAAAAAAAAAAAICDIAAGAAAAAAAAAAAAAAdBAAwAAAAAAAAAAAAADqJWBMABHqFVXo9Lj1ZxieUyVQMAAAAAAAAAAAAA1ZdblC1Xs3tNlyFJMlitVmtNF7E9ZZ0WxMxQek5qpdfDvRuoZUgnebn6XObKAAAAAAAAAAAAAKBqrmZ3hXs3kL9HcE2XUjsCYAAAAAAAAAAAAADAhasVS0ADAAAAAAAAAAAAAC4cATAAAAAAAAAAAAAAOAgCYAAAAAAAAAAAAABwEATAAAAAAAAAAAAAAOAgCIABAAAAAAAAAAAAwEEQAAMAAAAAAAAAAACAgyAABgAAAAAAAAAAAAAHQQAMAAAAAAAAAAAAAA6CABgAAAAAAAAAAAAAHAQBMAAAAAAAAAAAAAA4CAJgAAAAAAAAAAAAAHAQBMAAAAAAAAAAAAAA4CDMNV1AmaSkJKWkpCg3N7emSwEAAAAAAAAAAACAanF3d1dYWJgiIiJquhRJtSQATkpKUmZmhpo3byYPD/eaLgcAAAAAAAAAAAAAqiUnJ1fx8fGSVCtC4FqxBHRKSooiIyMJfwEAAAAAAAAAAAD8rXh4uCsyMlIpKSk1XYqkWhIA5+bmEv4CAAAAAAAAAAAA+Fvy8HCvNVvd1ooAGAAAAAAAAAAAAABw4QiAAQAAAAAAAAAAAMBBEAADAAAAAAAAAAAAgIMgAAYAAAAAAAAAAAAAB0EADAAAAAAAAAAAAAAOggAYAAAAAAAAAAAAABwEATAAAAAAAAAAAAAAOAgCYAAAAAAAAAAAAABwEATAAAAAAAAAAAAAAOAgCIBRqxVaivXWzDX6ccWumi4FAAAAAAAAAAAAqPUIgFGr3f/p71q8/aCu7di4pksBAAAAAAAAAAAAaj1zTRcAVOWbx4ZJMqikxFLTpQAAAAAAAAAAAAC1HgHwSa9NW6nXpq+Un6ebkr58VM5mk+3aFwujdP//fpez2aSEzx9RQB13fbt0h+7+6DdJUrC3h+I/f0Rmk/2E6pISq75esk3fLt2uHfFHVGgpVoR/HV3ToaFeHtVbfl5u6vR/X2jbwcO6rXcrfTvuBtu9VqvU/OFPFZeWKUl67+6BenhwZ9v1rJx8Bdwx2XZskOTn5abW9QL1/MgrdFXb+lW+7/HcAk2as15zNuxRXFqmnEwmNQrx0YgeLfTMiJ52be/5aJ6mLt0uSRrerblmPHVjhefFpmTondlrtXj7QaVmnpC3u4ta1Q3Uw4M7a1i3Zpqzfo9GvP2rJCnmo/vVONRPkrR8V7yufukHSdKmifeofYNgu7anm//CKF3ToVGV7wYAAAAAAAAAAAD8UzlcADx1yXbd8/G8M14f2qWpZj4zssL5u/t30OszVinjRJ5+27hXI3q0sF37dtkOSdKwbs0VUMddkvTV4m2264eO5WjeplgN69bMds5SXKKRb/+qeZtiJUmRgd5qGOyrxPTj+viPTbq9bxv5ebmpNLqVDAaDXT1Ldxy0hb9l/ZUPgMtrGxmsUD9PbdqXouW7ErQhdrri/veQgrw9Km2fkpGtfi9+b3t+m8gg+Xm6aU/yUb3x62q7ADg7r1C/rIm2Hc/btFeHj+XYPXvZzngN/e905RYWydXJrA4NQyRJm+NS9fXibSfHxf79Tqns/Klz7RuEyMXpVBjv4+F2hucAAAAAAAAAAAAAcLgA+M6r2urbZdu1fFdChWve7i6afHf/Su+L8PfUwPaN9OfWfZq6dIctAN6bclRrYhIlSff0by9J2pN8VKuiS5/fpXGYNu5L0Ve2oLPU5wu32sLf1/91lZ4b2VuSVQaDQVv3pynYu+og88tFpQFz50Zh2hSXou3xh7QxNlVdmoRWaPvIkC66p39HrdydoD7Pf6O8Qot2J6afMQB+4quFikvLlLPZpN9f/Jeublc6W9hqNWhBVJxd259W7lJOQZECvNzl6easg4ez9O3SHRo/rLskqdBSrDvfn6vcwiI1DvHTgldvV4Ngb0lSboFFG2OTq3zPs5nx1EjbbGFJKi4ulmS9oGcCAAAAAAAAAAAAjsp49iZ/P5PuGlDp+ceGdFX9IJ8z3ndP/w6SpL+2xiklI1uSNHVJ6ezf+kE+uvrksspls3+bhwfotdv62u5JSj9ue9bMtTGSpCahfnrmxp4qKSlSSYlFxcVFahsZoGAf9zPWkZGdp9nrS+8fP7yHujUNP9lvVKXtrVarCosKtf1gmiTJ2WxS84iAStsWWUr028bSYPqOfu3Ur01dFRdbVFxsUUlJkQa0i7Rr/9XJIHpkz5YadUUrSdLX5WY/r9uTrOSTY/XKrX1VL8DD9jwXs3RFi4gKNdwyaZZ6PfuNej37jR6e8ucZx0GSbnp7hro/9YXtX15hUZXtAQAAAAAAAAAAgH8yhwyA2zcI1h1929idiwz01qNDulR53/VdGivI20PFJVZ9v3ynikus+u7k8s93X91BklVFlhLbuVt6t9ZVbSIV4OWu4hKrvlmy3fastKwcSTo5e7XktJ6qnsH6/fKdKrAUy8PFSYM7NdYtJ4PXn1fuUk5+xQB07Cfz5Xrzm3rk8z8V4V9Hvz1/q0J8Kp/9m5mTpwJLcWltIb6yWu1rKX+8/eBhbYpLkSSNuqKlRl3RUpK0J+WoVu4unRV96OR7SlKjkzN/z/auUQcOaf3eFK3fm6LopPQzDUOFtuv3pqi45PSxBAAAAAAAAAAAAFDGIQNgSZp89wB5u7vYjl+6ubd8PFyrvMdsMuiOfu0kle4lvDBqv1Iys2U0GHRnv9JA+beNpXvgStLNvVrIZDRoRM/S5aK/WbpdZflpiI+nJGlfasY51/71ktIZttd3aSY3Z5NG9mwho8Gg7PxCzSi3H2+Zns3r6uq2DWQyGpR09LjW7qm4/HUZXw83uZhL99SNPUttXy4qnXEc5uulXs0j1DYySM3DS2cWl80MDvH1tLU/2/Ns7T59RNbZL8s6+2Utff3Oare1zn5Znq7O1eoDAAAAAAAAAAAA+Cdy2ADYx8NVL93cW5LUp1U93XlV22rdZ9vnN+Woxn+zWJI0qGNjhfuXBp1flVv+uOUjn8o8YoI++2uzJOng4Swt3n5AknTjyT2EY1Mz9NbMNSo/0Xb7wcN2M2fLW783RTviD0uSfl61U+YRE1R3zPsqOfmA8v2Xuevqdlr46u16598DJUmvTVupLXFplT7fyWzU9V1L9yr+btl2Ld8Vb7tmtUqLtpXWn19o0Y8rdkqSUjKz5XzTBJlH/FcxyaUzdn9Zu1vHcgrUrWm4wny9JEn/mb5S8YeP2Z6XV2ixzRQur7i4yPavpKS40jora1tczPLPAAAAAAAAAAAAQFXMNV3ApfTY9V31wfyNZ9wTuDJNQn10RYt6WhWdYAs7y/YGTkw/rgVR+yVJ3ZqG22b5StLq6ESlZ+fqy0Xb1L9dA40d2EF/bNmn3zfH6vkflunzhVFqGOyjlIwTiklO17q37lJwJcs0lwW83u4u6tu6vu380ew8rYpO0JqYREUnpivU71TfVqtVJSUWPXRtJ338+wbFpWXqxR+Xa/6Loyp9x3fvvkab9qXo4OEs9X/pB7WJDJKvp5v2pWYoKydfx358UjPX7VFmTr4kaXCnJjKbjCf7kn7buEd5hRb9tHKX7h/UUVPHDdPQ//6k2NQMtXr0M7VvECyj0aBdCUfUq3ld9W5Zt9rjf7pbJs2Si5PJdvzE0G4acTJcBwAAAAAAAAAAAGDPoQNgSdo86Z6zLv18unsHdtCq6NJllIO9PTSkcyNJ0jdLtqnEapW3u4sWvDJaXm6nlpj+YN4GjfvyT83ZsEfpx3MVUMddc5+7RV8s2qqpS6K0M/6wUjOyVTfAWw9d20UNg30r9JuTX6Tpq3ZJkh4f2kMvjbrSdq3QUqz6976vtKwT+mrxNj1/U68K95uM0kuj+ujO92frr6g4rdydWGn4Gurrpq3v3qd3Zq3R7PUx2puSISeTUY1C/fTQdV0lSV8vLl3+uW/r+vrthVvt7r/xzemavT5GXy3epvsHddRVbepp67v3662Zq7R42wFtjkuVt7urOjQM1T0DOp7T2J8u6sAhu+NDWbkX9DwAAAAAAAAAAADAkRms1vKLE9eMZcuWqXfvioFmTTEYjDIaT806LVt6uPz505cjPtO10vNGSQbbOau1xLb0sclklmSwnTOZnCRJJSXFslpL7Poou1ZVW/s6LJLO/PEajSYZDIZytVlVUlIiq7VERqNZBoPBNrvY/j7zyfusJ/so/7z/Z+++w6Oo9j+OfzaVkJ5QAgQIJCFUQZDeQhMpgg0bNgTbVVFAvT8FBcu1gSBgQQQLggWVXpTeLFRpgdCTEEJPb5tsdn5/hF2zJIGASHB9v57nPnNnz5kz3zmzm/s898Oc+XNVccMwZBgFMgxDJpNJLi5uJcxP0c8L6y362flKmhcAAAAAAAAAAACgvK1f/4uio6PLuwznfwL4chiGVQUFxUPG0j6/3GMkOQSohfulv+f2/LaS+l7sfEVd6P2754e+ZWkrHK/kMQ3DKKXe4p+X1hcAAAAAAAAAAADAhblcvAsAAAAAAAAAAAAA4J+AABgAAAAAAAAAAAAAnAQBMAAAAAAAAAAAAAA4CQJgAAAAAAAAAAAAAHASBMAAAAAAAAAAAAAA4CQIgAEAAAAAAAAAAADASRAAAwAAAAAAAAAAAICTIAAGAAAAAAAAAAAAACdBAAwAAAAAAAAAAAAAToIAGAAAAAAAAAAAAACcBAEwAAAAAAAAAAAAADgJAmAAAAAAAAAAAAAAcBIEwAAAAAAAAAAAAADgJAiAAQAAAAAAAAAAAMBJEAADAAAAAAAAAAAAgJNwK+8CyktGRoZSU9OUnJys1NRUpaamyWw2l3dZwDXL09NTAQH+CggIUFBQkAICAuTr61PeZQEAAAAAAAAAAKCIf10AnJWVpS1btiozM1P+/v7y9/dX3bp15OfnKy8vLxmGIZPJxJYt2/O2ZrNZqalpSk9PV3x8vHbu3CkfHx+1bHmDKlasWN4/bQAAAAAAAAAAAOhfFgDHxu7TgQMH1aZNK/n5+RZrNwyDLVu2pWw9PT1VtWoVVa1aRTZpaelasWKVoqIiFRUVJQAAAAAAAAAAAJSvf8U7gC0Wi1auXKXMzEz16NFVfn4+50It47ytSvmcdtppL6ndz89XPXt2U3p6hlatWi2LpUAAAAAAAAAAAAAoP07/BLDFYtHaNWtVv0GUgoODVBheFbYV3xqlfE477bRfqL1Jk4Y6c+as1q5dq+joznJ1dRUAAAAAAAAAAACuPqd/Anjt2nWq3yBKQUGBkoqGWGzZsr2S20qVglWvXoTWrl0nAAAAAAAAAAAAlA+nDoBjY2Pl5+dL+Mv2X7c1m82aMWOm5s1bIKvVetXOW6lSsHx8vLVv3z4BAAAAAAAAAADg6nPaADgrK0sHDhxUo0YNpFLfaXptb9PSUhUd3V3R0d21dOlP5V7PpW6XLVtur//MmTN/6/lSUx3n6lq4/iuxff/9SYqO7q677rr3Eo+brDlz5qpZs2YymXRV627SpKH27duv7OycC/5GAQAAAAAAAAAAcOU5bQC8efMWtWrVQlcy3HrmmRHq0qWHBgy4R1ZrQbGwtnv3XurSpYcmTpx8Bc9byMXF5W8N7R544GFFR/fQ+PHvX7FxTSbHr9ffHT4WnatrIby9ElvbHJpMpjIft2TJT9q0aZM+/PADhYXVLJe6W7Vqoc2bNwsAAAAAAAAAAABXl1t5F/B3yMjIUGZmlnx8fM6FaLbwzKTCYPLy9vv27asdO3bq9Okz2rr1D91wQwt7+4oVq2SxWCRJffr0vSLn8/Pz1+rVK2UymWS1WlSYB1/+ePn5Frm7u5XYbjKZJMkeOF6J+osyDOMv13+p57vy45fHftFrKtv89e3bR7fccovM5lxZrdZyqd/X10fp6bbfobcAAAAAAAAAAABwdThlAJyamio/P18ZhvVceGqcWwbX6hAWXmp7hw5t5eXlpZycHK1YsVItWlxvb1++fKUkKTw8XOHhdfTllzO0du16nT59Wjk5ufLx8dF11zXRY48NVvXq1e3jJyYm6ssvZ+qPP3YoIyND/v5+at++nZ599mmlpqbottvukiS98MII9ezZQyaTSS+/PEaHDh1RamqK8vMtCg4OUocO7fXQQ/fL29tbhmHo4YcfVVxcvHr06KZKlSppyZKf5O1dUTNnfuFwfZmZWerf/3b73C1YsFALFiyUJM2a9YWqVaumAwcOacaMr7Rjxy7l5OSocuXK6ty5o+6//155eXnJai188nPGjJmaP3+hzOZctW/fTo0aNXKvkdY2AAAgAElEQVS4L4Zh1S+//KZvvvlOSUnHlZWVJU9PD4WHh+u+++61z6dhGPr22++1dOlPOnXqtFxcTKpcubKaNr1Ow4YNLfH+OJ7nz/ONHv1aiXM1aNAD8vLykslk0i+//KZZs77R0aNHlZeXr8DAAIWH19WwYUMVHBxc6vdj8+bN+u6777V//wGZzXmqUqWy7r77TvXp00uJiYkaP36SEhMTlZaWLpPJpNDQGurTp5duvbW/vT7DMDR//iL99NPPSkg4KpPJpJo1Q/XMM0+pQYP6Dte1adMmTZnyqU6cOKnIyAgNH/6MateuZa/vt99+17ffztaBAwdltVoVHl5X9913j9q0aWOv/7vvfrjAvP6138f57X5+vkpNTSEABgAAAAAAAAAAuIqccgnolJQU+fv7SioMpf5cntb2JKrhEGKVtd3Dw13dunWVJK1bt0E5OTkyDKsSEhK0b99+SVLv3r1ktRZo164YWSwFaty4idq0aSPDMLR+/QY9//xLys/Pl2EYSkg4qieffEarVq1RamqqatSoIZPJpK1b/yj2RGvRJ3M3btwsPz9f3XDDDbr++mY6ezZZP/44VxMnfmCv3dZ/7dr1+vbb2fLy8pKnZ4Vi1+fiYlKjRo3k4eEhSQoMDFSjRo3snx0+fFhDhw7Thg2/ymKxqEaNGjp+/Li+/Xa2Ro4cLau1QJKh+fMX6ssvv1Jqaqo8PDy1ZctWTZ06zV6/7XxxcXE6deqUwsPD1a5dOwUGBmrnzl166aWXFR+fIMMwtHbtOk2dOk3Hj5/Q9ddfr6ZNmyovL08bNvx60ftX9B5KKnWu3n9/siTpzJkzGjPmde3dG6s6deqoVatW8vHx1a+//q7MzOxSvx8rV67Wf/87Utu2bVd+vkW1atVSWlq69u7dJ8MwlJKSqn379qtGjRpq27atIiIidPjwEU2e/JEWL15qH2/ixMmaPPlDHThwUJ6enqpWrZri4uKVlJRkuxpJUnJyikaNGqOTJ08pNzdXu3bt1rhxE+z1LV++UiNHvqJdu3YrIiJcjRs30t69sRo5crTWrVsnwzC0bt36C87rX/19nN/u7++r5OTkkn+kAAAAAAAAAAAA+Fs45RPAKSmpqlmzepFQ0PaEYmlHlL29Z88btWjRYuXm5mrdug268cbuWrZshSTJzc1N3bpFyzAMjRkzWoGBgUpOTlZ2dpYOHjysUaNe1vHjx7VnT6yaNGmkr7/+VpmZWXJzc9PkyRPVpEkTmUxSbOz+Iksm/1mD7XrmzZsjHx9vnT2brLw8sxYsWKSvv/5G69Zt0HPPDZObm5tswWFBQYGmTp2ihg0byGw2y2q1OFyZl5eXpkz5SAMH3q+EhAR16tRRzz03QpJkNudoypRPlZubKy8vL82aNVNVqlTW999/r4kTJ2v79h3asmWbbrihhb777ntJUmRkpKZM+Uiurq56+umh2rVrt0P9/fr116BBg5SZman09HTl5eXrsceeUHZ2ttav/0W1atVUQkKiJCkqqp7eeONVeXp6ysXFRYmJicWCcdvY5++fP1fJyckym4vP1bFjx2WxWOTh4aHXXntNlSoFyWQyKTk5Ra6upiLLLjt+Pz79dLokKTS0hj788AMFBwepoMCqw4cPyTAMRUREaNGiBZKk5OSzKigo0Ntvv6vt23dozZp16tWrp44dS9LChUskSZ06ddKrr46Wu7ub0tMzlJqa4vAdyMvL0wsvPKf+/ftrwoT39cMPPyomZo9ycnJVoUIFTZ/+uSTp1ltv0fDhwyQZGjv2PS1YsFCff/6VOnXqUOK8mkwuOnYs8dyclfjlL/H6y9Lu6+urxMTjpR0EAAAAAAAAAACAv4FTBsCpqWlq2LDeub3Cd5MWLlNrUtF3Ahe+9/bS2hs2rK8aNWro2LFjWrlytXr06KqVK1dLktq1aytv78LlbleuXKEZM2YqOTmlWH0pKakyDEOxsfskSc2aNVO9ehHKzc2SYRgKC6t57sna4iwWi6ZM+UTLly9Xbq7ZoS0vL08ZGRkKDAy0f9a8eXOFh4cpOzuz1Oszm7Pt/Q3DKrM5295ue7K5adOm8vf3Vk5OpqKjO2nixMInaA8ePKT69evr5MlTkqROnTrKMCzKz89X165d7QGw1Vo4flzcYQ0bNlxHjsQVu7bk5MLQs3nz5vr88y8VE7NHN97YSyEhVRUZGak+fW5SUFBAqfenKMMwZLVaNWXKFC1fvqLEucrMzFR4eF0FBgYqJSVFt956m4KDg1S3bh21b99Offr0KvH7kZycolOnTkuSevW6Sd7eXsrJybIv3ywZyszM1OjRr2rbtu2y2i7+nLNnz8owDPvcStKdd96hgoI8WSxmeXi4qkqVSg7HeHl5qVevnsrOzlC9epH2z9PSUpWV5WGvZ+7ceZo7d57DsQkJCcrJyS1xXuvVi1Tv3sXn9XJ/H0Xb/f19tXv33mL3GQAAAAAAAAAAAH8fpwyAbQqXp7WFVH/uOy5fe2nthmGod++b9Omn07Vt2x9avnyVTp0qDD9vuulGSYYOHz5iX2K4a9cu6tixo9LT0zVhwvuSVCTcNdkqtS+lXBimFRQ5v+P1LF68VAsXLpIkPfDA/YqMjNTWrVs1b958SVJBgeNyyEFBgSooKDpe6df353nOby9ao0n5+fn2viaTi8P5XF3/3HdxMakoq7VAY8a8odTUVEVGRurOO+9QhQpeGjt2nNLT0+3X27BhfU2Z8rF++uknHThwQEeOxGnt2nVav36DpkyZrDp16lywfptFixZr4cLFpc6VxVIgf/8KmjZtqubNm6+YmD2Kj4/T5s1btXnzVlmtBbr55r46//vheE1We91F2z/8cIq2bNkmf39/DRr0kIKDg/XDDz9ox46d9rDaVGQoiyW/2P0pel3+/n6yWPIkmeTi8ufK7YYhh/lv1aqVQ0BcVMOGUcXmdc2adVq3zjavYfqrv4/i7QAAAAAAAAAAALianPIdwAEB/kpLy5BU9B2l1vP2z3+Hadnbe/Toan/K8YMPPpJU+O7cG25oLsOwKi4uwV7LE088qs6d28vX17tIhYXjN2zYQJK0ffsO7dmzxz7+wYMHiy11bNs/ciReklSjRg09/PCDateulRwDUKvDvu0pzYtdX4UKnpKknJwch/YGDepLknbs2KlTp07LMKxatWqNffzIyAj5+FRU1apV7P1sx2/fvt2hruTkFKWmpkqS7rprgLp376J69cKVmZlZ5DqtOnEiSSEhlTVs2FB9/PGHmj9/jtzc3GS1WnXgwKEL3p+i82W7DzVq1NCgQQ+offvWxfplZmYqJydDgwc/qPfff0/z589VkyaNJUn79h0o8f4HBwfar3fp0p+VnJwsw7DKYrHoyJEjkgzFxRU+4dyxYwf1799Xbdu2VHp6ukN99etH2fd//HHOuXdDW5WZmaETJ07Yep7r/+f8FN7jP8epVClIlSsXPjHs7u6mwYMf0pAhgzRkyCD169dbERF15eHhrhMnjiskpNK5ef2ohHm9Mr8PW3t6eoYCAvwFAAAAAAAAAACAq8cpnwAOCAhQRkaGKlcOklT0idbzt7qs9sDAALVseYM2bdqs7OwcSYXvBraFdZGRkXJxcZHVatXbb49VZGS4liz52V6f7b2yAwfeo19++VWZmZkaNuwF1ahRXTk5ufLwcNcXX3xaYgjcoEGUFi1arGPHjum998aroKBAy5atLNavpP0LXV+tWrW0f/8BrVy5WnFx8QoMDNAbb4zRwIF3a/36DcrJydGQIY+rUqVKOnq08F2yzZs3V/PmzWS1Fuiee+7R++9P1MaNmzRixH/l4uJ6Lgz+U1BQYXB68uQpzZjxleLj47R27fpi9WzcuFkff/ypwsPrKigoUKdPn5bFYpHJZFJkZESp98fxegsD1oULC+dq/PgJJcyVobNnz2rIkCcUFlZbVatWkcVSoN27YyQVviu3pHmzWq16/PHH9OqrryspKUkPPjhY1apV0+nTZ9ShQ3sNH/60oqKilJBwVKtXr5Gfn4/27duv+PgE+3klQyEhIbrllv6aN2++1q//RTt27FJQUKCSko5r2LCn7SFz8fvo8LGsVqseffQR/e9/b+mXX37VAw8MUs2aoTp58pTi4uLVsmULtWvX+hLm9a/9PmzbtLQMBQYECAAAAAAAAAAAAFePUz4BHBgYqPR02xPApYVXl781DEM33dTT4Zw9enSzt4eGVtfIkS+qevXq2rFjp/74Y4eefXaoQ3/DMFStWlVNnfqxevToroAAfyUlHZdhGGrVqlWxUNMWLt94Yw/dc89dCggI0PLlq5SWlqFBgx5yGLek4y52XQ88cL+aNr1OHh4eOnDgoP2J0Bo1qmnKlI/UsWMHubm5KynpuKpVq6aBA+/V22//TwUFFknSzTf30qBBDyogIED79h2Ql5eXHnlkSLG63njjdTVs2EAnTpzUihWrdPfddzsEnYZhKCIiUs2bX68zZ85q06YtOn78pBo2bKg33nhNderUvuB1FB2nZ88euvvu0udKkvz8/NS1axfl51u0Y8cuxcTsUa1atfToo4+of/9+pZ6nU6f2mjDhPbVo0UKurm46ejRR/v7+aty4oSTpyScfV6dOHWW1WrV48U+qU6euunXr6lCfYVg1dOiTGj78WUVGRig3N1cnTpxUnTphCg0NVUlKC/e7du2sd999W82aNdOZM2e1efNWZWZmqUOH9vbr+Cvzejnb9PQMBQYFl3gdAAAAAAAAAAAA+HuYjOKJ4VW3Zs0adezY/oqNl5GRqbVr16pDh1b68x2lRbc2539e9nY3N3d5ela098zJybC/I9fW7uHhKZPJVVarRfn5efb+ZnO2LJZ8SYZMJld5eHjK1dVdJlPhU5UFBfkymwufLPb29i9yTOE7YD08KsjNzUMmk1RQYFFBgUUeHl6SpOzsdBmGIS8vH7m4uMpiyZPZnH3R6zOZXFWhgpdcXFxle49rdnaaCt85a5KHh5dcXV0luZxb7jhfeXk5DuN6eHjK3b1wKemS67LKxcVNnp6F5zEMq/LyzOfmyUUWi1lmc65cXFzl4VFBLi4uMplcJBmyWq3Ky8u1B87F74+LvL39is2vh4eX3NzcZTKZztVUIA+PCudqSrPPp6ur27nlsgvDy/z8POXn517w++Hq6ip39wrn5sUkwyhQXl6eLJY8mUwmeXpWkKuruyRD+fn5MplMcnPzkGFYlZ2dYR/P3d1dbm6e9nf7Wq1Wmc05slot8vCoKHd32zHpkkwO3z3bvEqmEuqxymotUH6+WQUFBXJxcZGHh9cF5vXK/T4kaf3639WlSxf5+BRd/hwAAAAAAAAAAMA5rV//i6Kjo8u7DOdcAtrX10c+Pt7KyMiUj4/3uff1Ws/bGqV8Xrb2/HyzLJa8Iv2Mi7aX1N9qtchsLihhnMJtZmZKsfHz8nJkNmc7fJ6Xl+uwn52dfpHrcPzcarUoJyezxOuxWk3Kyckssb6i4+bl5cpszrlgXQUF+crJsZw3L2aHfavVUE5ORinnK+38BcrKSi3WbjZnKy/P8bj8/FyH483m7DKMX3z+CgoMWSwl12m1WpWbW3zc3NysYuPn5+cpL89c4jhmc5by8rId+lssecrPP7+/9YL1lH1er8zvIy0tXX5+foS/AAAAAAAAAAAAV5lTLgEtSa1atdK2bbsl/T3LQLNly7b07R9/xKhVq1YCAAAAAAAAAADA1eW0AXDFihUVFVVPsbEHJRWGUobhGFKxzz77V35/794Datiwvry8CpfaBgAAAAAAAAAAwNXjtAGwJNWvH6Xs7FwlJ6dIMlT4rlSVsqWddtr/avvZsynKzc1TvXr1BAAAAAAAAAAAgKvPqQNgSercubMOHz6qs2dTJRWGVYVPKlrP2zdop532v9CenJyquLij6ty5swAAAAAAAAAAAFA+nD4AdnNzVdeuXZSQkOSwHDRbtmyv3DY29pCOHj2url27ydXV6f+sAAAAAAAAAAAAXLP+FUmNq6urunXrquDgYG3YsFmZmVmyWg1Jhj3EYp999i99Py0tQxs2bFKl4Erq2rUL4S8AAAAAAAAAAEA5cyvvAq6m+vUbqFatMG3atEnp6eny9fWWj4+PfH0rysfHW56eHjKZTPpzeVtJMkn6c5922v+t7bm5ecrMzFZGRqYyMrKUmZklPz9f9ezZU15eFQQAAAAAAAAAAIDy968KgCWpYkUvRUd3VmZmllJTU5ScnKyTJ5O1b98Rmc3m8i4PuGZ5enoqIMBfgYEBqlYtVAEBAfLx8S7vsgAAAAAAAAAAAFDEvy4AtvHx8ZaPj7dCQ0PLuxQAAAAAAAAAAAAAuCJ4YScAAAAAAAAAAAAAOAkCYAAAAAAAAAAAAABwEgTAAAAAAAAAAAAAAOAkCIABAAAAAAAAAAAAwEkQAAMAAAAAAAAAAACAkyAABgAAAAAAAAAAAAAnQQAMAAAAAAAAAAAAAE6CABgAAAAAAAAAAAAAnAQBMAAAAAAAAAAAAAA4CQJgAAAAAAAAAAAAAHAS10QAXLFiRWVlZZd3GQAAAAAAAAAAAABwybKyslWxYsXyLkPSNRIAV69eXfHx8YTAAAAAAAAAAAAAAP5RsrKyFR8fr+rVq5d3KZIkk2EYRnkXIUmJiYlKSkpSdjYhMAAAAAAAAAAAAIB/hooVK6p69eoKDQ0t71IkXUMBMAAAAAAAAAAAAADgr7kmloAGAAAAAAAAAAAAAPx1BMAAAAAAAAAAAAAA4CQIgAEAAAAAAAAAAADASRAAAwAAAAAAAAAAAICTIAAGAAAAAAAAAAAAACdBAAwAAAAAAAAAAAAAToIAGAAAAAAAAAAAAACcBAEwAAAAAAAAAAAAADgJAmAAAAAAAAAAAAAAcBIEwAAAAAAAAAAAAADgJAiAAQAAAAAAAAAAAMBJEAADAAAAAAAAAAAAgJNwK+8CbBITE5WUlKTs7OzyLgUAAAAAAAAAAAAAyqRixYqqXr26QkNDy7sUSddIAJyYmKiUlGTVrx8lb++K5V0OAAAAAAAAAAAAAJRJVla24uPjJemaCIGviSWgk5KSVLt2bcJfAAAAAAAAAAAAAP8o3t4VVbt2bSUlJZV3KZKukQA4Ozub8BcAAAAAAAAAAADAP5K3d8Vr5lW310QADAAAAAAAAAAAAAD46wiAAQAAAAAAAAAAAMBJEAADAAAAAAAAAAAAgJMgAAYAAAAAAAAAAAAAJ0EADAAAAAAAAAAAAABOggAYAAAAAAAAAAAAAJwEATAAAAAAAAAAAAAAOAkCYAAAAAAAAAAAAABwEgTAAAAAAAAAAAAAAOAkCID/oeJPpem179brl72J5V0KAAAAAAAAAAAAgGsEAfA/UEZOnm55e7Yyc/PVNiq0vMsBAAAAAAAAAAAAcI1wK+8CcOl8vTy0c+ITMgxDVmtBeZcDAAAAAAAAAAAA4BpBAHye9Gyz3pu/UfM37dOhEylyd3VVeEiAbm/bQP93ezt7P8OQ6j/1sQ6dSJEkvf/wjXqqzw3Fxlu9K04TF23Wxv3HlJqVq6oBPmpTr7pevL2DmtapouGfLdekxZtVI8hX8Z8+bT/ute/W67XZ6+Vf0VNnvxohSfa+Jcn85gVV8OB2AgAAAAAAAAAAAP9mTpcYfrlqpwZ/uKjU9n4t62nO/91RYltScoa6vDzTHuo2qV1FQT5e2nfsrN768ReHAHj1rjh7P0n6bOWOYgHwu3N/00szV0uSgny81K5+TaVk5mr+pv1qGVlDTetUkclkKrGWkj63febh5qrr64Y4tLm4lDwOAAAAAAAAAAAAgH8PpwuAH+x6nWas2am1MQnF2vwremr8w91LPXb4Z8t16ESKPNxcteTlgerWNEySZBgmLdt+yKHv9BU7JEk3hFfXlkNJ2hl/UpsPHFfLyGqSpN3xpzVq1hpJUv9WUZo5/Db5VHCXJCUlZ+pUasZlX2Nlv4r6/d3BDp8VFFguezwAAAAAAAAAAAAAzsHpAmBJem9QD93w3PRinz/Tt5XCqgSUeEy+xaqFmw9Ikh7o0lRdmtR0CFV7NK0twzAkSckZOZq3MVaS9NytbTVhwe/auP+YPlu53R4Az924T9Zz/T94tLe83E328ar6V1BVfy9Jhn380+nZav/iF/b9xDOlB8Sn07PV5oVp9v36NSpp+lN9S58QAAAAAAAAAAAAAP8KThkAN6tTVQ9EN9GMNbvsn9Wu7K+hfVuWekxKVo7MlgJJUkRIoD3stSm6P3PtbpktBfL2dFefFhE6npyhjfuP6dv1MRr3UHd5V3DXydQsSZKXh5uqBXqVcEbH8fMsBdq4P6lM13d+X0uBcYHeAAAAAAAAAAAAAP4tnDIAlqTxD/fQ/E37lZZtliS9cmdHBXhXKLV/oLeXPN1cZbYU6MDx5AuO/fmqwuWfb24ZJS8PV93RroFGfL5cGbl5+v7XvXqo63UKCfSRJOXkWXTsbIZqBPtecMwaQb5K/Gy4fX/MN2v06ndry9RXMlgCGgAAAAAAAAAAAIBcyruAv0uAdwW9cmdHSVLnRrX0YNfrLtjf3c1FN7eKkiR9tWan1sbE29sMQ1qx44gkaeP+JO2KPyVJ+nbDbrnd/qZqDploX+75s5WF4fAtraPkYjJJkp6ZvkxZufn28U6kZGpX/OliNRQU5Nv/c/4TwhfqS/gLAAAAAAAAAAAAQHLiJ4Al6ZmbW2nS4s16b1CPMvWf8HBPbTmYpLhTqer+yiw1qV1FgT5eOng8WalZuUr7+nl7wOtf0VPRjcPsx57NyNGGvQn6Nfao9h49o8a1Kuu1e7to1KxVmrdxn+o+/oEa16qi9OxcxRw9o9fvjVaT2pUv67rOf1+wJH31TH/VDQm8rPEAAAAAAAAAAAAAOAenDoAlaet7gy+49HNR1QK99MeExzR27q+atzFW+5OS5e7qovBqQXqydytl5eZr9oYYSdKwfm31yl2d7MfmWQoU9shEnUjN1Gcrd2jsQ9304u3t1CqyhiYt2qjf9yXq19ijquLvrX6totSjad3LvqaS3hecbeYpYAAAAAAAAAAAAODfzmQYxoXXGr4K1qxZo44d25d3GXYuLq4ymUySTOc+MWS1WmUYVrm6ukuSrNYCGYbV4Thbm2FYZbUWSJJMJpNMJtt450YzjHPtxrlzFa7EXbj0c9EaHD8v+tn5CpeBLvdbCQAAAAAAAAAAAPwrrV//i6Kjo8u7DOd/Avhy2MLbkhQNacvSZhiGDKP0p3MLz1X8fCV9XlpfAAAAAAAAAAAAAJCkkh8nBQAAAAAAAAAAAAD84xAAAwAAAAAAAAAAAICTIAAGAAAAAAAAAAAAACdBAAwAAAAAAAAAAAAAToIAGAAAAAAAAAAAAACcBAEwAAAAAAAAAAAAADgJAmAAAAAAAAAAAAAAcBIEwAAAAAAAAAAAAADgJAiAAQAAAAAAAAAAAMBJEAADAAAAAAAAAAAAgJMgAAYAAAAAAAAAAAAAJ0EADAAAAAAAAAAAAABOggAYAAAAAAAAAAAAAJwEATAAAAAAAAAAAAAAOAkCYAAAAAAAAAAAAABwEgTAAAAAAAAAAAAAAOAkCIABAAAAAAAAAAAAwEkQAAMAAAAAAAAAAACAkyAABgAAAAAAAAAAAAAnQQAMAAAAAAAAAAAAAE6CABgAAAAAAAAAAAAAnAQBMAAAAAAAAAAAAAA4CQJgAAAAAAAAAAAAAHASBMAAAAAAAAAAAAAA4CQIgAEAAAAAAAAAAADASRAAAwAAAAAAAAAAAICTIAAGAAAAAAAAAAAAACdBAPwX/PjjHLVu3Va33z7gko+Ni4tT69ZttWzZcr3yymjdeefdV6SmsWPHqXXrtho69NlrYpyLWbVqlVq3bqslS5Ze0nG9evVR69ZttXTpT39TZZfmnnvuVevWbfXllzP+0jjX2nVdjsv5XWzduk2dOkVr5sxZl3y+y5n7kSNHqXXrtvrf/9685PM5m5UrV6p167bq0KFTeZdyQampqWrduq1at26rXbt2l/k4Z/hNAQAAAAAAAABwKdzKu4C/22uvva7Fi5dIkqKjo/XOO29d8hgzZ87S5MkfqG7dOvrmm6/tnwcHB6lx40aqUqXqJY8ZEBCgIUMGq27dunJ3d1Pjxo0veYx/ulOnTumtt97RiBHD1bt3r0s6tn79+kpPT1NgYMDfVB2uloMHD+mVV0br9ddfVefOncu7HAAAAAAAAAAAgH80pw6As7KytHLlKvv+hg0blJycrKCgoCsyfnR0tKKjoy/r2ICAAD3yyBBJUkRE+BWp55/m4MGDGjFiuG66qeclHzthwnt/Q0UoDxER4Vq8eGF5l4ErID8/X+7u7uVdxlXzb7teAAAAAAAAAMA/g1MHwD//vEy5ubkKCAiQl5eXjh8/rsWLl+j++++z9+nVq4+Sk5N1330DFRu7T3v37lVgYKCGDXtGHTp00Nix4/TDDz9Kkg4fPqLWrdtKkmbNmqkdO3bo3XfHKjQ0VD/++L0kKTExUW+//a527dqlkJAQPfzwIL3yymhJ0rRpn6pJk8Z68smntWXLFg0ceK+GDn1aknT77QOUmJioF154Xrfffpsk6ffff9fnn3+hw4ePyMXFRY0bN9bQoU+pdu3a9vpnzpyl77//QWlpaerWratMJpPDHOTm5mrYsOGKj09QWlqaXF1dVadOmB588AF17dq1zOOU5P/+7yWtXr1aPXveKDc3N61cuUrBwcEaMWKYLBaLJk/+UGfPnlXr1q01atRL8vHxKbGeb775xl6PxWLRY489rt27Y3T77bfphRee1+7dMXr00cdkMpk0deonatSoof2+jRkzWr163aTZs7/Xe++NV2hoqG677VbNmPGVrFar7rnnbnXt2kVvvvmWYmP3KSIiXKNGjVTdunUlSe++O1a//vqbUlJSZLFYFBISot69e2nw4IdLve6cnByNHz9Ba9euk5ubmwYOvLfEfkk1FXgAACAASURBVGW5fxeze3eMxo0bp2PHkpSVlSUvLy81atRIQ4c+bf+HAxs3btQnn0zVkSNxys/PV3BwsJo3v16jR79S6ribN2/WF1/M0KFDh5SVlaUaNarrxRdfVNOm12nevPn65ptvdfr0afvvp02b1nr22Wfk5+cnScrIyNCMGV9p7dp1On78uCpWrKgOHdrr5ZdHOZxnzpy5+uKLL5WRkaF27dpq1KiR8vLyklS4DPqUKVO1e/duZWVlqW7dOhoyZLDatm17Tcz9yJGjtGLFSkVHR8vLq4I2btwkwzB0xx23a8iQwWW6Pz//vEyvvDJaVapU0fz5c+Xi4iKLxaI+fW5Wamqq3nzzDXXr1q1Mc7Fx40ZNmjRZR48mqnHjxmrbto0++OBDubu7a8OGdZLK9n22jZOQcFRNmjRR27Ztil17Wlqapk//TL/88qtOnz6tqlWrqlOnjho06CH5+PhI+vNv5+DBD2vbtm3atWu3Ro58qdjT/GPGvKqlS39S79697N/JvXtj9dBDg+Tu7q7FixfK39+/WA2JiYl66613tHv3bvvf0vNZLBbNmTNX8+fPV2LiMQUEBKh9+3Z64onH5evrW+Z7ff7/DsTGxqpSpUp68skn1KlTJ4fvw4039pCrq6vWrFmr7t27adSokTp8+LCmTJmqmJgYZWVlqWbNUN12223q37+fXFxcNGnSZM2a9bWioupp+vRpys3N1cCB9+vkyZMaNuxZxcbGXtYcAQAAAAAAAABQEqd+B/CCBQskSV27dlGPHt0lSQsXLiqx77fffqc6dcLUoEEDJSYmavToV5Wbm6sWLZqrWbOmkiR/f3/dddeduuuuOxUQUPz/jLdYLBo2bIQ2b96sgIAANWrUUBMmvF9qfRcKWZctW65nnhmm3btj1KvXTercuZM2bNighx8eouPHj0uSFi9eosmTP9CJEyd0/fXXKzEx0b7ctU1+fr6OHk1UdHRnDR78sNq1a6fY2H16+eXRiouLK/M4F7Js2XIdOXJEoaE1dOzYMb300ii9+urrCgsLU0FBgVavXq2vv/6mTPW4ubnpf/97Q35+fvrxxzlauXKlRo8eo4KCAg0d+rQaNWp4wVqOHTum2bO/V3h4uNLT0/XJJ1M1ZMijcnf3kL+/v2Ji9uidd9619z948KCaNr1ODzxwv2699RadPHlSU6d+qgULSn8idezYcVqwYKH9+zFnzlzFxcVf8v0ri7Nnz8gwDPXt20eDBz+smjVDtXHjRr3wwn9lsVhktVr10kujFBOzR/363axBgx5SixbNFR8fX+qYy5ev0FNPDdWWLVtUo0Z19ep1kypWrKhTp05JkuLj41W9enXdeecA3X//fTKZTFq8eInGj58gqfB7/vjjT2jGjK90+vRpde/eTS1b3mD/PtkkJSVp2rTpioiIUG5urlasWKlvv/1OknT06FENGjRYq1evVpMmTTRgwB06fPiInn12uNauXXtNzL3NmjVrlJ2dow4d2islJUWffjpNO3bsLNP96dIlWv7+/jp16pS2bt0qqTCcTk1NVVBQkDp37lymuUhISNDw4c/p4MFDCg+vq8DAAE2Z8kmxWi/2fT569Kh9nLp168jPz6/YOPn5+Xr88Sf03XezZbVa1bPnjcrOztbMmbP0zDPPymq1OvSfPv0zGYah7t27yd/fr1hNAwYUvgt61arVyszMlCStXr1aktSpU8cSg03b39ItW7bIz89PUVH17N+/osaNe0/vvTdeqalpGjjwXtWsWVM//jhHTz31tAoKCi5wV0v2ww8/qkmTxoqO7qy4uDj9978v6uDBQw59li1brpiYPerSJVo1a9ZUfHy8Bg0arLVr1yokpKq6dInWkSNxevvtd/TRRx9Lkv7znyfUpElj7du3X1Onfqp33nlXJ0+eVOfOnXX33Xdd1hwBAAAAAAAAAFAap30C+MCBg9q7N1aS1L17d/n4+GjGjK8UHx+vP/7Yruuvb+bQf8CAO/Tss8/o5MmT6tfvFmVmZioh4ai6du2qpKTj2r59h4KDgzR8+LBSz7l161YlJCRIkj74YJJq1qyp3377Tc8+O7zE/i4upefvs2bNkiT163ez/cm3+Ph4bd++Q3PnztN//vOE5s+fL0nq0aO73njjdRmGoYceGqTY2H32cby9vTVv3hy5ubnJYrEoLy9P+/fv17Fjx7R16zaFhYWVaZwLqVu3jqZPn6bDh49o4MD7lJubq+eeG6EBA+7QuHHv6fvvf1BMzJ4y1xMSEqLRo1/WiBHP66WXCp8ojY6O1l133XnRWlxcXDRt2lRVrlxZN954k9LS0tSyZUu99db/tGrVKr344kj790KSJk+eJE9PT1mtVpnNZmVnZ2vx4iXauHGj+vW7udj4eXl5Wrr0J0nSs88+o9tuu1UpKSm6+eb+DsFYWe5fWbRp08b+Xlyz2azu3bvpzjvv1rFjx5SYmKjQ0FDl5ubKZDKpUqVKql8/Sv3791OlSpVKHXPmzJmSpPbt22v8+HH2zy0WiyTp8ccfk6enp6TCJ8irV6+uN998Sxs3bpJUGGDaQrGPPvpQDRrUdzi+qKlTpyg0NFSvvDJaP/+8zD73c+fOU3Z2tiIiwvXf/z4vSTIMQzNmfKWvvppZ4ruAr/bc20RF1dO7774tSdq27Q8lJiZq7969atr0uoven7CwMPXu3UvffPOtli79SS1bttSSJUslSX379pGbm1uZ5mLx4iX2J3o//XSq3Nzc9OGHH2nGjK8car3Y99k2TtWqVTV9+jS5ublp4sRJ9n+gIRXe38OHj0iSPvroA1WrVs3+NOru3THauXOX/R/FSFK3bl315pv/K3X+GjVqqIYNG2jPnr36+edluv322+xL8998c98Sj9m2bZv9b+nkyRMVFham9evX67nnXrD3ycjI0Pz5hf/I56mnnlTbtm10yy39dccddyo2dp+2bNmi1q1bX+z2Orj77rv0+OOPSZKOHDmimJg9WrBggcPf/ZCQEM2cOcP+G5k4cZJyc3MVGhqqTz+dKhcXF0VERGjSpMmaPft7PfbYo3J3d9cbb7yu++9/0H7PqlevrldeGXXZcwQAAAAAAAAAQGmcNgC2hZqVKlXS9dc3k4uLi8LCwhQXF6cFCxYUC4AjIyMlyb68qSRlZ2df0jlPnix8gtLDw0M1a9aUJPtSwxdzfnh24sRJSYVL6M6ZM9eh7ejRRIc+9erVk1T4RHFUVJRDcJuZmalx497Tb7/9rvT0dIdxkpOTyzzOhURFRcnFxcXhqeiGDQuf1LUtw5qTk13meiSpQ4cOql//zxoGDXqoTLVUrlxZlStXllT4xHZaWpoaNmzgUIvZbJbFYpGrq6u++OJLLVmyVCdPnpRhGEVqSSlx/FOnTtnDRtt8BQYGqmrVqkpMTLT3K8v9K4sjR+I0adJkxcTEKDc316Ht7NlkhYWFafjwYfr44yn64IMP7W2tW7fW2LHv2EOqomy1FQ3xJMnNrfDPwZo1azVjxgzFxcU7fC9t9+f48ROSJE9PT3v4W/R4m8qVKys0NFSSFBwcLKnwvdxFxzh48JB69nRcMri0+bnac28TERFh/+8+Pt4O11GW+3PLLf31zTffatWq1Xriice1fv0GSVL//v0klW0uTp4svKawsDD7PJ//t8UwjIt+n0+cOGE/1jZOVFSUwzi2+fPy8lK1atUkSeHhf57LVotNWULWAQMG6NVXX9PChQvVqFEjJSYmqnLlyqUea6vBw8NDYWFhJdZ56tRp+/dhzJhXi42RkHD0kgPg6tWrO/z3mJg99lpsmja9zuF3ZWuvXbu2/R/12ObLbDYrNTVVlStXVkhIiPr27WMP2wcMuMPhf28udY4AAAAAAAAAACiNUwbAZrNZP/30syTpzJkzatu2vUP7ypWrNGLEcIf/8932f9yXtCyzq6urJMlqNYq1FRUSUlVS4ZOKtqczDx48WKxfxYoVJRW+Z1OSUlNTdebMmWJjpaam6qabeqpPn97nHV8YQlWtWkUnT560hzqSdOxYkkPfadOm6+eflyksLEyjR78sHx9fjR49xuGYsoxzIecHf0U/KxpClbUeSfruu9mKjd0nDw8P5eXl6Z133tHUqZ/I3d29zLXY7mVptaxbt06fffa5PD099corL6t69eqaNetrrVu3TlLJ97py5coymUwyDEMnTpxQ48aNlJubq7Nnzzr0K8v9K4s33nhDBw4cVOfOnTVgwO3KycnR88//91xrYY233Xarbr31FiUkJCg+Pl6vv/4/bdy4URs3brS/v7Sk2mzLGNtYLBZlZWVp9OgxMgxDgwc/rBtuuEFbt27VtGnT7f2qVQuRVPg7i43dp/r1o+zHF53/ovfq/N+V7bcSERGuZ54Z6tB2/hLDNld77m1sv/+SlOX+hIWFqVmzptq+fYdGj35VeXl5atmypT0cL8tchIQUznl8fLwKCgrk6upa7G9LWb7PVasWnqvoUtjHjh1zGMdWT05Ojk6cOKGQkBD7E8GSVKVKFYf+Hh4epc6PTffu3TRx4iTt3RurqVM/lST16dO71FUQqlYtPEdeXp6Sk5MVFBSkpCTH5burVKksFxcXWa1WPf30U6pXL9LeVlBQoFq1al20rvMdOHBAUuHfCtv82ubD5vx/VGFrj4+Pl9VqlYuLiw4dOmzvGxAQIEnas2evZs/+Xu7u7srPz9f06Z+pc+dOqlGjhqRLnyMAAAAAAAAAAErjlAHw6tVrlJGRIalwmVtbgGMYhtavXy+z2WxfZrMsbIHX0aNH9eabb8nHx0dDhz5drF/z5s1Vq1YtJSQk6Mknn1bTptfZl80tqkGD+lq3bp2WL18hX19fbd68udgTwPfcc49Gjx6j1avXyMfHR8HBwTp9+rQ2bdqsIUMGq3HjRurXr5927tylBQsWytfXV5mZmdqyZYvDOLYAyWSScnJytXPnrmJha1nGuVLKUs/evbGaNGmy3Nzc9PHHH2nChAnavTtGkyd/cMEluC+V7R2hJpNJ+fn5OnTokP09raXx9PRUr143acmSpZo0abKSkpK0bdsfysnJcehXlvtXFkXD0IyMDC1d+nOxPrfddoeaN79e1apVU15ensxmsyQpKCi4xDHvu+8+jRr1sjZs2KAhQx5RRESEjhw5ojvuuEMtWjS397NYLDpz5oxWrlzpcHybNm0UERGugwcP6T//eVKdO3eS1WrV8ePHNXVq8ffSluSWW/przpy5OnjwkObNm6/IyEilpqYqJiZGdevWVZs2bYodc7XnvizKcn8kqX///tq+fYf9+3Xrrf3tbWWZiz59euurr2bq+PHjGjx4iEJCqmn9+vUO5yjL97l3716aOXOW4uLiNGbMq6pZs6ZmzfraoU+bNm3sqyX85z9P6YYbWujXX3+TVLhUcdOm113yPHl4eOiWW/rriy++1C+//CKpcAns0rRo0UKhoaFKTEzU//3fi+rUqVOx97f7+vrq5pv7av78BZo9+3vddFNPubu7KzExUb/99ru++urLS65zzpy5Ons2WWfPntGRI3EymUzq2/fCSzD3799Pc+bMVWJioh577HHVrFlTy5evkCTdccftcnd3V2ZmpkaNelkWi0XDhw/TyZMnNWvW1xo16mX7P2y51DkCAAAAAAAAAKA0Tvlo0YIFCyUVBrLjx4/T2LHvaOzYdzRu3Lv293UuWLCgzON16NBBPXp0V4UKFexhQ0nc3Nw0YcJ7atmypVJTU7Vv33499dST9nZbEH3XXXeqW7eukqRVq1arc+fODkuPStJNN/XU+PHj1KhRQ61YsVKff/6FfvvtdzVs2EBRUYXL3/bt20dPPvkfBQUFac6cucrIyNCNN/ZwGGfw4IfVvn17HT9+QpMnf6D8/HxFRkY49CnLOFfKxerJzMzUyJGjZLFY9Oijj6hx40Z69dUx8vb21nffzdbatWuvWC3R0dG6++675OHhoQ8//EgbN25Sx44dLnrcc8+NUN++fZSTk6MffvhRjRo1tC9Ta1OW+1cWL730kurXj9Lvv/+uTz75VC1b3lCsT4MG9bVly1Z9+eUMfffdbIWG1tALLzxfatDZo0d3TZ48US1atNDRo4latGixUlPTVKVKFQUFBWnUqJEKCQnR7Nnfa/bs2erSpYvD8W5ubpoy5WM98MD9Cg4O1ooVK/Xbb7/blz0vi9q1a+vzz6erW7eu2rVrt6ZNm67ly1fI29tHnTp1LPW4qzn3ZVGW+yMVvifXtgR5YGCgwzuOyzIXNWvW1Pjx4xQREa5Dhw4rLS3N/n5j29+Vsnyfa9eurXHj3lV4eF2tWbNWmzdv1t133+XQx93dXZ988rEGDLhDkrR06U/y9PTUwIH3auLE9y/7idTbbrvVfmyzZk0v+H2x/S1t0aKF9u8/oEWLFhWrU5JeeOF5jRgxXH5+vpo9+3t9/fU32rdvn3r06C4/P79LrnHIkMHKysrS3r2xCgsL09tvv+nwZHFJwsLCNH36NHXu3FlJSce1cuUq1a5dSy+88LyefPI/kqQ33nhTx44dU9u2bXXXXXfqiSceV/36UdqzZ68mT/7gsuYIAAAAAAAAAIDSmIzz18UtB2vWrFHHju0v3vEfID093SF4WLVqlV58caRMJpN++mmJfTlQALgU5/9tGTfuPX3//Q+KiAjXrFkzy7GysnvkkUe1c+cujRo1UjfffOEna6+mXr36KDk5WWPGjFavXjeVay3X6hwBAAAAAAAAAC5u/fpfFB0dXd5lOOcS0OXpiy++VGzsPjVr1lSZmZlatGixJKlfv5sJfwFctuHDRygkJER16tRRfHy8li1bLkm6//77y7myi1u3bp12745RTMweVapUST173ljeJV1zmCMAAAAAAAAAwJVCAHyFRUZGav36Dfrqq5ny8PBQzZqh6tevn/r371fepQH4B2vSpImWL1+h1avXyM/PT82bN9eDD96v1q3/n737Do+i6ts4fm82vZAQEkoSeu8gvUcELChIEWwICigoioCgoCJ2BCmiWEHwVQQBaT74SBHpVaVI76GEkgAhISFld+f9I2TJJpsmYHCf7+e69tJMOfObM7MTL++cM00Ku7Q8LVq0RBs3blT58uU0atQoeXp6FnZJtx36CAAAAAAAAABwszAFNAAAAAAAAAAAAADcoNtlCmi3wi4AAAAAAAAAAAAAAHBzEAADAAAAAAAAAAAAgItwyXcAJyYmae3atUpIuFLYpQA3VUBAgNq0aSVfX9/CLgUAAAAAAAAAAAC3IZcMgNeuXasaNaqpZMmShV0KcFNFR5/RmjXrdO+9dxd2KQAAAAAAAAAAALgNuWQAnJBwRSVKlJBhGIVdCnBTlSpVUtu2/VHYZQAAAAAAAAAAAOA25cLvADb48Lmhz5EjRzRu3HglJSUWei2OHwAAAAAAAAAAAMA5lxwBLInRv8gmKChE8+bNUfv27fLcNikpSY899oReeGGQfHx8uJ8AAAAAAAAAAADwr0AAjP8pJpNbvu6NF18cpoce6q7HHntUVqvlH6gMAAAAAAAAAAAAuHEEwDmIj0+QzWZTUFDgTaro38UwDFmtVrm7u9YtYhhGvu6N6dOnyTBssljSHJbHxV2W2eymgICAW1UiAAAAAAAAAAAA8Le57DuAM4K+gnwsFotWrFipvn37q0qV6vrrr7/s64KDi2v69Bnq2vUhlS5dTnXrNtCCBQsd9t+8eYs6dLhXxYuHqWLFqnrppRFKSkrK9ZjBwcU1deqnuueejqpQoYpq166vH36YV6B2O3XqoldeGaUXXxyqihWrqnLl6nrzzbdls9ns29hsNk2Z8onq1WuoEiXC1aRJc3377Xf29Rs3blJgYDEtXrxETZo0V8mSEdq0abPTmi9fjteLLw5VpUrVFB5eRnfffZ+2bNmara1ly5arefNWKl26nNq2ba/du/fk2hfx8QkaNmy4qlatoeLFw9SwYRPNnTtfhmHoypUreuaZgapVq65KlAhXw4ZN9MUXXznsb7PZNHXqp7rjjsYKDS2latVq6vXX33AIfWNjY/XYY0+oVKnSTq/hgQMH1bPnIypevITKlCmvJ554UqdOnbav37Fjh6pUqaH+/Z/Rr7+uktVq/Vv32o18AAAAAAAAAAAAgJy4bAAsGfn+7N27V6+//oZq1qyjfv2eVkBAgH76aYlatWqZaTtp8uQpGjPmDZ0/f1ajR7+mAQOeU3R0tCRD58+fU/fuPVS1alVt2bJJX389TT///ItGjnw1j+NLkyd/rIkTJ+j06ZOaPHminnvueW3fvj3f7bq5uWnGjG/UsmVLRUUd0y+//Kxp077WTz/9ZN9m7NgPNGPGTE2c+KF27Niu0aNH67XXRmvx4sXX2jBJkj777AstXrxIFy/GqlGjhk5rfvTRx3TixCnNnz9PW7du0f33d1SXLt114sQJh7Y+/fRzLVmyRGfOnFb9+vX19NMDcuwHw7CpZ8+HtXbtOn3xxefasWO7Jkz4UL6+PpIMWSxpqlKlin74YY527tyhN94YrXfffV9Lliyxt/Hee+9r7Njxeumlodq+/U/Nnj1bZcuWdejrN998W/fdd5/Wr1+rHj26Z7uG9933gCpXrqL169dq5crl8vT01COPPHZtJLChyMg2Wrx4kXx9ffXkk31Vs2YdvfHGm9q3b1+B7rmzZ8+qU6euuuuuu51+OnXqqrNnz+Z4zwAAAAAAAAAAAADOmIzbYEjh6tWr1apVi5vW3ty583Xvve1y3ebChQuaN+9HzZ79g/bt268OHdrrscceVceOHeXu7iaLxSKbzWrfPiSklN59920NHPi0bDabzGZ3Va5cXe+//466dOmssWPHa86cH7Rr1w4Zhk0mk0lLl/5XvXr11sGDexQcHOy0jpCQUnr55eEaMeIlGYZNZrNZvXv3lYeHu7744tN8tdu1aw/5+PhozpxZslotMpnc1K/fMwoMLKIPP/xAV69eVaVK1fXDD3PUunULGYZNbm5mjRs3QZs2bdL8+XO0Zcs23XNPR61cuVwNG9bPcaTpxo2b1LVrD504cUze3p4yDENms4c6duykyMhWGjJksL2t9evXqlat6jIMQ0ePHleDBo114MBuFS9ePFu769atV6dOXfX771tVuXLFa+fqJpPJZH8Hr7u7p2w2iwzDkJubWW+//Z4OHjyomTOnKSkpSZUqVdd7772rvn2flM1mkclkkpub2T6Nc0hIKb3yygi9/PII2WxWubm5qWzZipowYZy6dOmsceMm6LffVmvlyuX2fWw2Q6VKRWjJkgVq3LiRJMnNzSx3d3elpVn1008/adas77Vy5a+qVaumHn64hx56qFuO1zuzZctWaPz4iU7XDR8+VHff3d7puv/+d6V69OieZ/sAAAAAAAAAAAD456xbt0GRkZGFXcb/7juAP/vsS02YMEktWrTQnj27FR5eShZLmqzWVFmtzvepWLGCrNdWWixpKlasmGJiYmUYhg4ePKTGjZvIar3+ztiGDe+Q1WrVoUOH7eGhMzVq1LCHzRaLRbVr19LixT8VqN3KlSvbQ0vDsKpYsWI6c+aMvY2kpCQ98ECnbMeuUKGCw9TClStXlM1my7HWnTt3KSUlRSVKhGVbV65cWYe2ypcvY28rMLCIJOn8+RiFhoZm2/evv9KD4YoVy9sDX8mxjgkTJmjWrNk6efKUkpOTJUkNGjSwn+PVq1fVsmUzWSyp9n2sWS5m7dq17ettNqtKlixpv4Y7d+7S5s1b5O+f/b3Px4+fuDYiWrJaLfYaO3W6X127dtGJEyfVu/eTeuWVV3Xp0iW9/PLwHPswQ4cO7bRjx06tWPGrw/L27e9Shw7tmO4ZAAAAAAAAAAAABebCAXDOIaYk9e/fV/7+AZo1a5buuOMOdex4rx56qJtat24ls9nsdB+TKWu7xrX37NrsP2denxESmkymXOtJSUl2WJ+SkpLlWHm36+bm5rCNYdjstWUs/+OPrapZs6bDsW02m65evWIPG93d3XKt1TAMhYSE6NSpqGzr0tLSlJp6NVNweb3ujIA7cz1OWpfNZnG6Ztas2ZoyZaq++WaGGjdurMDAInrvvbFauHDRtfbSj2mxWHKtP+v5mUzK1E+GunR5ULNnz8q2X0rKVXvAnsFqtWrlyl81b96PWrr0Z0VERGjMmDf0yCM98rz/Mgwc+LSOHDmio0ePS5IqVCingQOfzvf+AAAAAAAAAAAAQGYu+w7gjJGoOX1CQ4tp6NDB2rVrh/7znyXy8wtQv34DVbt2A73++hjt3LnLYfv0NpVtWXrIaahatWratm3btQAyfdnmzVtkNptVsWKFHOuQpK1btzos27x5i6pWrVqAdq/X4Vhber2VK1eWj4+PFi5cqCtXLjt8kpISrm1v5Kvf6tSpo9jYWK1atTJbWykpSbm2lVv7derU0fnzMdq7d5/T9du2/aEOHdqrZctmMpsNXblyWdu3/5ntHNeuXZdrX+d2DevVq6t169bpzJlT2c4tLS3Vvs+OHbv06qujVatWfT3zzHMKDAzUzz8v1Y4df2rIkBcUEhKcZz9mfPz8fPXSS0Pk5+fr8O+57QMAAAAAAAAAAADkxGUD4PQQMuePYdiUlpaspKR41alTUx99NEHHjx/WhAnjdfTocXXo0FGbNm3OtI+zNq8fq2/f3rpw4aKGDRuhgwcPatWq3/Taa2+oT5/eCgoKzKUW6ccfF2nOnLk6fvy4Jk36SGvXrtPAgc8UsN2s9V2vzdvbU0OHDtHEiR/pq6+m6/DhI9q9e7dmzPhGX345LY9zdPy0aNFUrVu31oABg7R06c+KiorSH3/8offf/0Br167LRz3Oj9GiRVM1a9ZMTz31tFau/FVRUVFas2atli79WZKhqlWratu2bYqJOS/J0OLFS7Rs2QqHc3z++UF699339d133+vYsWPavn27vv56ZgGuYR+5ubmpV6+ntHnzFkVFRWnt2nV6/vkXFRd39ykwtgAAIABJREFUSZKh9evX65577teJE6c0efIkHT9+WJMmfag6dWooKSleaWkZo7lz78fMn4oVy2vgwP4aOLC/KlYsn499AAAAAAAAAAAAAOdceAro/Adlmd/p2rHj3erc+QFdvBintLSrWdpxPgLTMAwFBRXR4sUL9Moro3TnnXfL399f3bt301tvvZHndL5vvjlGc+fO1bBhL6t48VBNm/alatdOfy9wftvNPjrUccToiBFDFRoaos8//0JvvPG2AgL8VatWLb3wwnNOR+jm1ldz536vd955T6NGjba/07dJk8Z6+OGeObaVV/tWq0Xz58/R66+P0aBBLyoh4YrKli2jESOGyTAM9e//lA4cOKgWLSLl6empxo0b6YUXnteyZcvt7Y0aNUKBgUU0efLHGj58pEJCQtSzZ/cCXcNVq1bq9ddH6/HHn1RycrIiIsLVtu2d8vLylmEYqlmzpo4ePaSgoEBZLKlKTb2a67XNr3bt2jr0EwAAAAAAAAAAAPB3mIzbIHFavXq1WrVqcdPamzt3vtq1a3VDbaS/X1fKGHHp719UV68m2INiSfL1LaK0tBSlpaVIksxms7y8fOXmZpZkKC0tTSkpSbkep1Spcpoz5zvdc889MpvdZRjGtffNptq3yatdHx9/Wa1WhzAyfXuTrl5NtC/z8PCSh4eX3NzcJBnX9kmW1WqR2ewuX98AJSRcylf/eHn5yN3d81o/GbJaLUpJuSrDsDlty2Qyyd8/SImJ8fb3AWdnkpeXjzw8PCSlv984JSXZ3hfe3r4ymz0kpQfGNptN7u4eSkqKt7fg6Zl+jiaTmwzDUFra9ZA2P9fQZHK7dm7pxzEMmywWi72/TSbTteWF97VZuXKdevToXmjHBwAAAAAAAAAAQHbr1m1QZGRkYZfBCOD87p+QcDHbNomJlx1+tlgssljis22XF5vNUFJSQo7r82rX2b7JyYnZlqWmJis1NTmHY6QpPj77OeYkOTlJkvNw21lbhmHko31DycmJSnZeokOYnSElJevPyUpJcd5Afq6hYVh19eqVnCss/L+XAAAAAAAAAAAAAHJEAHxbyH3aZQAAAAAAAAAAAADID5cNgDOmbr7dJSRcUlJSgiyWtMIuBQAAAAAAAAAAAMC/nEsGwAEBATp3LlbFixcr7FLydPnyhcIuAf8i58/HqkiRgMIuAwAAAAAAAAAAALcplwyAW7dupbVr12nPnoOFXQpw05hMJgUE+Kt161aFXQoAAAAAAAAAAABuUy4ZAPv5+eree+8u7DIAAAAAAAAAAAAA4B/lVtgFAAAAAAAAAAAAAABuDgJgAAAAAAAAAAAAAHARBMAAAAAAAAAAAAAA4CIIgF3IjBkzNX/+j5KkTZs26+2337GvGzHiFe3evbuwSrttxMXFqVev3rJarTe9bfoYt/L++qfFxMToiSf6FHYZOnv2rJ58su8tP87q1Ws0btyHt/w4BfXFF19q0aLFhV3GPyrz7zIAAAAAAAAAQMG5F3YBt8qYMW/qyJGjDssCAwP1ySdTct1v2rTpCgoKUvfu3W5leTfMWZ1NmzaRh4en0+07d+6ksLCwf6o8APifEh0drQULFmrv3n1KTk5WiRLF1bx5c919dwd5ejp/LheWW1nrv+V3KAAAAAAAAAC4MpcNgCXpkUceVtu2d9p/NplMhVjNrVe9evUc17Vo0fwfrAQFYbVa5ebmdkvvT4vFInd3l/66A4Xm1KlTeuutd9SoUUONGjVSoaEhOnfuvJYvX67Tp6NVvny5wi7RrrBr/SeedwAAAAAAAADwv86lEyF3d3d5e3tnW56SkqLp07/WX3/tls1mU3BwUQ0e/IIOHz6izZu3yM3NTRs2bFTp0qU1dOiLio2N1cyZ/6fDhw/L19dX7drdpXvvvcfp/8COjo7WjBkzdfLkKUlSmTJlNGrUK5KkhIQEzZr1vXbv3iOTyaTmzZupR4+HZDabs7WzdOnPOnbsmAYNes6+bNCgFzR06BBFR0c7rXPGjJkKCAhwOvJqxIhX9MQTj6tWrVp6//0PdPr0afu6+Ph49ezZQx073qdFixZr7dp1io+PV3BwsLp0eVDNmjXNsY+3bdumRYsW6/z5GPn7+6tnzx5q2rSJUlNTNXv2HP3++x8yDEP169fTo48+Ih8fH8XExGjYsOHq37+f5s2br+TkZHXseJ+aNGmsL7/8SidOnFTVqlU1aNCz8vHxkSTt27dfs2fP1tmz5xQaGqKHH+6p2rVrO63JarVqyZKftH79BiUmJqpatWrq0+cJBQUF5XgeknTs2HG9//5YTZ36sTw8PCRJp0+f1ujRYzR16seKi4vT9OkzdPLkSZlMJtWoUV19+vRWQECA0/ZWrFipZcuWKyEhQRUqVFDv3r1UsmRJSdKQIcPUunUr/fnnn4qPT9B7770jPz8/h/2HDBmmFi2a6+DBQ0pMvKLQ0OLq2/dJ+/Fyu1Zr167T2rVrVbJkSR06dFh33FFfbdq0LlD9Q4YM0913d9CaNWt07tx51atXT0891Ufffvud/vjjT4WGhujZZ59V6dIRedbz3XezdPLkKb3yygiZTCb99ttq/ec/S/XOO2/Zr3FmZ8+ezbXW6OhoTZ/+tU6ePKXSpSNUvXp1HT16TCNGvCRJOnHipL77bpZOnDghf39/de7cSa1atXR6nnndL0OGDFNkZBvt3LlTV64kKjQ0VAMHPiN/f3+n7WWW27Mjt2dFVrk9O9auXad169YpPDxchw4dUnJyirp0eVAtW7aw75/T9/TPP//Ujz8u0PnzMfLx8VHLli300EPdHZ5tv/22WosWLVZaWppat26lHj0ekpubm0O7MTGxCgsrpV69eqlixQq6evWqhg9/2d6GzWZTQkKC3nxzjMqXL6ePP56qgwcPKjU1VRER4XriiSdUrlxZSenP5xkzZmrHjp0KCAjQ3Xd3uCV9eu7cOX311TSdOHHSfg9lVpB7aO7c+apYsaL69+9nX1amTGn169dXhmFIyv37kds1kqSkpCRNnjxFf/31l0qUKK7+/fvbg9qC/F7Jb625PW+/+OJLeXp66uLFS4qNjZGbm5v69eun8uXLaf36DU5/Nzl73p04cTLfz3QAAAAAAAAAQMG4dACck99+W634+ARNnjxRnp6eio6Olp+fn1q2bKH9+/c7TF9pGIY++miKqlSposGDn9e5c+c0fvwEFSlSxCFgyTB37nxVrVpVo0aNlM1m0+HDR+zrPvnkU4WGhujDD8cpLS1NU6Z8rJ9//q8eeOD+AtXvrM6CGDnyejCzY8cOffnlNDVs2ECSVKJECb322igVLVpUu3bt0kcffayKFSuoePHi2drZu3evpk+foeeff041atRQfHy8Ll+Ov9YP83Ty5Em9885bMpvN+uSTT/Xdd7PsoYNhGDp48KDGj/9A0dFn9Oabb2nPnr3q16+vgoOD9eGHE7R8+Qp17txJly5d0oQJE9W371Nq3LiRdu7cqUmTPtL777+rEiVKZKtryZKftGPHDo0c+bKCgoI0d+48ffnlNHs4mJPy5cspOLio/vzzTzVpkh68bNiwUQ0bNpC3t7dsNps6d35AVatWVWpqqj777Av98MNc9euX/f2kf/zxhxYvXqKXXhqm8PAwLVy4SBMnTtb7779rD2Z2796tV18d5fSPFDL38SuvvCxPT099++13mjnzGz3//KB8XasDBw7q7rs72IOdM2fO5Lv+DJs3b9ZLLw2Th4eH3n77Xb355tt6/PFH9fTT/TV37jx9//1svfzy8Dzr6dmzh8aMeVM///xf1a9fT7Nnz9GIEcOdhr+Scu1rwzD08cefqEGDBho1aqROn47W+PEfqnTp0pKkxMREjR37gR56qLtefnm4oqPP6IMPxqlkyZKqXLlStmPl537Zv/+ARo58RR4eHpo69VMtXfqzevbskWO/SXk/O3J7VmSV17Nj//4D6ty5k/r06a1Tp05rzJg3Va9eXfn7++f6PfXy8tIzzzyj0qUjdObMGY0fP0Hh4eH2GQMMw9C+ffs0btxYXblyRR98MF4hISFq1+4u7d9/QNOnz9DQoUNUuXIl/f7775o0abLGj/9APj4+DtPtz5nzg/bv32//Y4E6dWqrf/++8vT01OLFSzR16qcaN26sTCaTfvhhri5ditPEiR/KYrFo0qTJN71PDcPQlCkfq06dOho58hWdOHFS48d/qHLlyhX4HjIMQ7t379ZTTz3p9FgZYXpu34/crpEkrVu3Xi++OFjPP/+cFi5cpG+++UZjxryRr3ujoLXm53n755/bNWbMaBUrVky//rrKXk9uv5syP+8K+kwHAAAAAAAAABSMW2EXcCvNnTtPAwc+Z/988slUSekjg69cSdDp09GSpPDw8BxHQZ46dVqnT0erZ88e8vDwUEREhDp0aK/16zc43d7d3ayYmBjFxMTIbDaratUqkqQzZ87o4MGDeuKJXvL29lZAQIA6d+6kLVu23IIzz5/Tp0/r88+/1HPPDbT/T/dmzZoqODhYJpNJdevWVeXKlXXo0GGn+69a9ZvatbtLNWvWlMlkUmBgoMqUSQ/hNmzYqG7duikwMFD+/v7q0eMhbdy4yT7CTJK6d+8mLy8vlS9fThER4apbt47CwsLk7e2tRo0aKSrqhCRp27bfVb58eTVr1lRms1l33HGHatSooc2bnffdqlW/qWfPHgoJCZG7u7seeqi7du/eraSkpDz7pHnz5tqwYZOk9LBk06bN9jAsLCxMtWrVkoeHh/z8/PTAA/dr//4DTtvZsGGT2ra9U+XKlZWHh4e6deuqy5cvOwRS7du3zzX8laR27drZ38nZseN92rbtd6WlpUnK+1qFhYWpUaNGktKDnYLUn+Hee+9VsWLFVKRIEdWrV1clSpRQ3bp1ZTab1aJFCx0/fty+bW71eHh46NlnB2rJkp80efIUdex4nypVqpjjcXOr9eTJU4qJiVWXLg/KbDarTJnSDlOcb9myVeHhYbrzzkiZzWaVLh2hyMg22rp1q9Nj5ed+adeurX1UeN26dXXs2HGnbWWW17Mjp2dFVvl5dpQtW0a1atWSJEVEhCswMND+fMvte1qzZk2VKVPafn+0adNa+/fvdzh+xve0WLFiuu++e7Vp06Zr7a5Shw7tVaVKZZlMJjVq1EglSqSHmZlt2LBRGzdu0osvDpaHh4dMJpMiI9vIx8dHZrNZDz7YWTExMbp06ZIkaePGTeratYt8fX1VpEgRhyDzZvXpyZOndO7ceXXt2kVms1nly5f72/dQamqq0tLSFBQU6PRYGXL7fuR2jSSpSZPGqlq1isxmsyIj2+j48Sj7H3UU5PdKfmrNz/O2adMmKlasmCSpXr269npyk/l5V9BnOgAAAAAAAACgYFx6BPD993dU69at7D9nBDiRkW0UHx+vzz//QvHx8WrSpLEeffQReXl5ZWsjLu6SAgMD7SGcJIWGhtjDiqwef/wxzZ//o9566x15eHiofft2uu++e3XhwgXZbDa9/PJI+7Y2my3HaTpvtcTERE2a9JG6du2imjVr2pdv3rxFy5Yt08WLl+Tm5qb4+HjVr1/PaRsXL15UnTp1si1PS0vTlStXFBoaYl8WGhoii8Wi+Pj0UW0ZIUcGLy8vhymavby8lJycLEmKi4tzaCujPWfXwGKxKC4uTl988ZV9mlpJ8vX11cWLF/Octrd582ZauHCREhISdOrUaaWlpdmDtYSEBM2ePUcHDx5SWlqabDabUlNTnbZz6dJFh34zm80KDi6quLg4+7K8pqSWpMDAIpn+PVCGYejy5csKCQnJ81plbb8g9TtrI/0aXb9mnp4e9msk5X3vhIeHq1KlStq/f786dGhvX7569RpNn/61JKlUqVIaN25srrXGxV1SUFCQw3enWLFiOnHipCTpwoULOnbsuIYMGWZfb7FYVLNmjWznl9f94uvrK0ny97/+ByLp5301137LqDO3Z0dOz4qs8vPs8PNzvK89PT2UkpJ+bXL6nkrp057Pn/+joqOjZRiGkpOTVa1aNYdtQkJCMv17MV28mF5/bGysdu/eo3Xr1tvXp6SkOIxcPXLkqL799jsNH/6S/V4yDEMLFy7Stm3blJR0VW5ubtemiL6igIAAJSYmOnzfixe/PiL0ZvXp5ctxCgoKsv9OSD9OcXtoXpB7yNPTUx4eHoqLu+y0jzPk9v3I7RpJ2b+HVqtVFoslz3vjs88+18aN6YF927Z3qk+f3nnWmp/nbebp6j09Pe31ZO7P3M6hIM90AAAAAAAAAEDBuXQA7Ovrq+Dg4GzL3d3d1bVrF3Xt2kWxsbGaMuVjLV++Qg88cH+29/oGBRXV5cuXlZaWZv+f2zExsSpatKjTYwYFBdmn1D18+Ig++GCcKleurODgYHl4eOjDD8flK/T19vZWWprF/rPNZtOVK1fsPzt7/3B+2Ww2ffzxVFWvXs0hiIuJidFXX03TqFEjVbFiBUnS2LHjcmwnODhY58+fz7bcw8ND/v7+iomJtYdHMTGxMpvNKlKkiGJjYwtUb1BQULZRyDExsU6n83V3d1dgYKAGDXrO6frMAawzISEhqly5krZs2aqoqCg1a9bUHgzOmfODDMPQ22+/KR8fHx04cFATJkx02k7RosGKiYmx/2y1WnXx4iWHECQ/1zAm5npfnT9/3h6cF/RaFbT+gspPPZs2bdbp06dVtWpVzZr1vf17EhnZRpGRbfJda1BQepButVrt36ULFy7Y9y1WrJiqVKmS55TfUt73y43I69mR07Miax0FfXZkldP3VJI+/vgTdex4n4YOfVFms1mLFy/R0aPHHLaJjY21TyseG3tBwcHp9RcrVkz169fPcQr7S5cuafLkj9Sr1+P2e0JKHxH8+++/a8SI4SpatKgMw9BTT6VPDZ8x4vvy5Xj7s/vy5cx/NHFz+jQwMEjx8fEyDMP+Pbx8+XooWpB7yGQyqVatWtq4cZPT1wIYhqHY2Nhcvx+5XaPc5HVvDBw4QAMHDnBYlletBXneOpPTcy3z8hs9BgAAAAAAAAAgdy49BbTNZlNaWprDR0p/r2rGiDd/f395eXnZQ77AwECdPXvW3kZERLjCwkpp7tx5SktLU3R0tFasWOn0f55L0tatW+0hY2BgEZnNZpnNZoWFhalixYr6v//7VomJiTIMQzExMdqzZ4/TdsqWLavDhw8rMTFRkrR8+QpZrVb7+qx1FsSsWd/LYklTnz69HZZfvZosDw8PhYWVkpQ+OvDAgZynCG7b9k6tXPmr9u7dax+ZmjEKs3nzZlqwYIHi4+OVmJioefPmq0WL5n8ruG7YsIGOHTumLVu2yGq1avv27dq7d6+aNGmcY11z5szRuXPnJKWPfN22bVu+j9e8eXOtW7dO27b9rubNr08Lm5iYpJIlS8rHx0dWq1UrV67MpY2mWrXqN504cVIWi0ULFy5SkSJFcp322Jlly5bpwoULSklJ0dy589WwYUN5eHgU+FoVtP6Cyque2NhYffPN/2nAgGc0cOAz2rlzV45TMudVa+nSEQoNDdHChYtktVp14sRJbdiw0b6+UaOGOnHihFavXqO0tDRZrVYdPx5ln1I8qxu9X3KS17Mjp2dFVgV9djg7v5y+p0lJSYqIiJDZbFZCQoJDP2b48ccFSk1N1cWLF/Xf//6ipk2b2ttdtmy5Dhw4KMMwlJKSor/++kvx8fFKS0vTRx9NUcuWLRymVpbSZx8oUiTQHtquWLFSFsv1P3Zp1qypli1bJsMwZLPZ9Msvy296n5YuHaGQkGJas2atJCk+Pt5hWv+C3kM9enTX4cOHNX361zp9+rRSUlJ04sRJTZs2XcePR+X5/cjtGuXm79wbedVa0OdtVvn53VTQY8yf/2OOfQ8AAAAAAAAAyM6lRwDPmvW9Zs363mHZzJlfKzb2gmbM+EZxcXHy8vJS/fr17CNhW7dupU8+mapnnhmoMmXK6NVXR2rw4Bc0c+b/6fnnB8vHx0ft2t2VLdTIcODAQX377SylpKTIz89PnTt3UoUK5SVJgwY9q7lz52nkyFeVnJyskJBi6tChg9N2KlWqqDZtWuuNN95UcHBRVa9e3WHKZGd15teqVb/Jy8vLYXrTBx/srLZt79Rdd7XV6NFjFBhYRKVKlVL16tVzbKdGjRrq06e3vvtuls6fj1FAQIAefrinypQprR49HtLs2XM0atRrMgxD9erV1eOPP5bvGjMLDg7W0KEvavbsOZo27WsVLx6qwYOfV8mSJZ1u37lzp2uj4ibq0qVLCggI0B131Le/DzcvjRs30v/937cKDQ1V+fLl7Mu7deuqr776Stu3b5eHh4fq16+vnTt3OW2jYcOGunjxkj76aIoSEhJUoUIF+yjLgmjVqpXGj/9QFy9eUrVq1dS/f/roxjJlShfoWhW0/oLKrR6bzabPPvtc7drdpWrVqkqSnnmmv6ZO/UwVK1a0v0s0v7WaTCY9//wgTZs2XcuXr1Dp0hFq0aK5oqPPSJICAgL08ssjNHv2HM2dO082m00REeHq0aOH09pv9H7JiclkyvXZkduzIquCPDuyyu17+tRTffT11zPk5+crX18/1a1bR+fPXx+5bjKZVK1aNQ0f/rLS0tLUqlVL3XVXW0lS9erV9eSTvTVr1iydPXtOnp6eqlixovr2fVLHj0fpyJGjunDhokOo/NJLw9SmTWvt3btPI0eOkp+fn+rXr+8wNXvPnj00Y8ZMvfba6woISH/39O7du29qn5pMJr3wwvOaNm261qxZIz8/fzVr1tQeMhb0HoqIiNCYMaP1448L9M477yklJUUlShRX8+bNFR4eJk9Pz1y/r7ldo7wU9N7IT60Fed5mlZ/fTQV9pi9fvkLh4eEqW7ZMvmoAAAAAAAAAgP91JsMwjMIuYvXq1WrVyvmIWuB/1ZAhwzRgwDOqWrVKYZdy2/v++9lKS0tT795PFHYpAAAAAAAAAADgf9S6dRsUGRlZ2GW49hTQAFzToUOH7e+SPnjwkNauXafGjW9sxC4AAAAAAAAAAIArcOkpoAG4pvPnz2vKlI919epVFS1aVN27d8tzCmwAAAAAAAAAAID/BQTAwG1q0qQJhV3CbatFi+Y5vocbAAAAAAAAAADgfxlTQAMAAAAAAAAAAACAiyAABgAAAAAAAAAAAAAXQQAMAAAAAAAAAAAAAC6CABgAAAAAAAAAAAAAXAQBMAAAAAAAAAAAAAC4CAJgAAAAAAAAAAAAAHARBMAAAAAAAAAAAAAA4CIIgAEAAAAAAAAAAADARRAAAwAAAAAAAAAAAICLIAAGAAAAAAAAAAAAABdBAAwAAAAAAAAAAAAALoIAGAAAAAAAAAAAAABcBAEwAAAAAAAAAAAAALgIAmAAAAAAAAAAAAAAcBEEwAAAAAAAAAAAAADgIgiAAQAAAAAAAAAAAMBFEAADAAAAAAAAAAAAgIsgAAYAAAAAAAAAAAAAF0EADAAAAAAAAAAAAAAuggAYAAAAAAAAAAAAAFwEATAAAAAAAAAAAAAAuAgCYAAAAAAAAAAAAABwEbdFAOzr66vExKTCLgMAAAAAAAAAAAAACiwxMUm+vr6FXYak2yQADgsLU1RUFCEwAAAAAAAAAAAAgH+VxMQkRUVFKSwsrLBLkSSZDMMwCrsISTp16pSio6OVlEQIDAAAAAAAAAAAAODfwdfXV2FhYYqIiCjsUiTdRgEwAAAAAAAAAAAAAODG3BZTQAMAAAAAAAAAAAAAbhwBMAAAAAAAAAAAAAC4CAJgAAAAAAAAAAAAAHARBMAAAAAAAAAAAAAA4CIIgAEAAAAAAAAAAADARRAAAwAAAAAAAAAAAICLIAAGAAAAAAAAAAAAABdBAAwAAAAAAAAAAAAALoIAGAAAAAAAAAAAAABcBAEwAAAAAAAAAAAAALgIAmAAAAAAAAAAAAAAcBEEwAAAAAAAAAAAAADgItwLu4AMp06dUnR0tJKSkgq7FAAAAAAAAAAAAADIF19fX4WFhSkiIqKwS5F0mwTAp06d0qVLF1WtWlX5+fkWdjkAAAAAAAAAAAAAkC+JiUmKioqSpNsiBL4tpoCOjo5W2bJlCX8BAAAAAAAAAAAA/Kv4+fmqbNmyio6OLuxSJN0mAXBSUhLhLwAAAAAAAAAAAIB/JT8/39vmVbe3RQAMAAAAAAAAAAAAALhxBMAAAAAAAAAAAAAA4CIIgAEAAAAAAAAAAADARRAAAwAAAAAAAAAAAICLIAAGAAAAAAAAAAAAABdBAAwAAAAAAAAAAAAALoIAGAAAAAAAAAAAAABcBAEwAAAAAAAAAAAAALgIAmAAAAAAAAAAAAAAcBEEwPjHPTnlJ0X0naJj5+IKuxQAAAAAAAAAAADApbgXdgH437JmT5QWbz2oNe/1UfkSQYVdDgAAAAAAAAAAAOBSCIDxj4qsVU6XZ78iq9UiySjscgAAAAAAAAAAAACXQgCcRfTFBL3/40b98ucRnb6YIG8Pd9UpV1z92tfX421q2bcb+vUKTVm6zf6z2c2ksOAA3VWnnN7o2VoXEq6q4UvTcz3W0E5N1KJahLqN+1GStP+TAapUKliLtxywL/P39tSxLwapqL+3JOn0hQRVGjhVaVabJGn1273UskZph332fzJA5YoHybvH2ByP7eflocvfD7f/bBhStUGf6cjZS5KkyU910KCODbPt99tfx/XRf7Zpy8HTiktMVokgfzWtEqaR3Vqqbvni9n4JDw5Q1FfP2/fbduiMxi/apA37TupCwlUV9fdWs6oReunBpmpeLcJpv4574i4N7dxEkvTNql3qO/U/CvT10oVvhzk9p8x9YJLk7emu0CJ+aliplJ69t4Eia5V1epysrsweIW/PnL8aefVVXGKyQp6YKEkqVdRf+z4ZIH9vT0lSxQFTFRVzWRP6tNPgBxrfcL++9cM6vTV3XbZ+yW9/Z5W5dknydDerqJ+3qkeE6PHI2noisrb2sZHkAAAgAElEQVTc3EzZ+jurpa/11N31K+bZvpR+L1YNL6ZhnZuqZ8sat6yvC3JuGY6fj1PlgZ/a/1Rh+8T+ql02NMf+AwAAAAAAAAAAKGwuFwBnBIU56dSoiha80t3pukPRF9XmtW91/nKifDzd1bhyuM7FXdH6fSe1ft9JbT5wSp88fY8kyWRKD4q8Pdx1V53yuppq0fp9JzRz1S5tORit+cO7q0mVcEnpIdbWQ6clSeWLB6l4kJ8kqWxoUaVHlVldX3YlOVVfLPtTr3RrLkn6eOk2e/jruK1jOyaTyX78DFdTLNoVdU6SVCWsmMO63/46bg/ZJOnrX3dmC4DHLdykUd/9JkkK9vdR82qldelKshZvPahGlcNVt3xxe79ktmDTfj06cZEsNptCi/iqRfXS2n8qVku2HdTSPw7pmxc66+FWNex1Z3jvxw3q3baOigX4OG03u+vb1C1fUldT0nTsfJwWbN6vBZv3693HIvVy1+YOx/F0N6t+hZIOrWQNAbPKT19lOHPpij5ctFljHm7tWGmm8/m7/Zq1nQwF6e/cVChRNP0PEM5d0uo9UVq9J0qLthzQ/BHd5G52U+b+rle+pLw8zPafg/x88my/Tc2yqhoeom2HTuvPo2fVa/Ji1S1XXNUiQuzb3Oy+zv+5pZvx6y6Hcepf/7pDk55qn+e5AQAAAAAAAAAAFBaXC4B7t62j/1u9S2v2nMi2LtDXSxOfapfjvsNmrNT5y4kK8vPWtg/7q1Kp9IB2xMwVGr9ooz5f9qceaVVLLapfH0FZLMBHP732iCRp2ortevrTn7TvVKzSrFZtHtdXkpScapFPj/ckSSO6ttCAexpIkmw2mxZt3p/r+RQL8NHU//6uoZ2bKNVi1VcrtqtYgI8uJFzNdT+zm8l+fEmy2gx1ef8H7Yo6p/DgAC159WGH7aev3ClJalgxTL8fidauqHPaduiMGlUuJUnaHRWj12atliR1blxV3w3tKn9vD0lS9MUrOh+X4LSOq6kWPfvFL7LYbGpWNULLxvRSgI+HEpMt6vj2LK3ZE6VBX/2i+xtVso/clCQ3k0lxicl6Z976vxW4zRvRXZVKFdO5uET1/mihlm0/ote/X6P7G1ZRzTLXA8bQIr4O/STp2vTUOcurrzJzM5k0cfEW9W9fX+HFArKt/7v9mpO/29/OjOzeUv3a11dKmk1jZq/W2AXr9Z/fD2naih0acM8dDtum93ew/Wer1aq8pvh+PLK2+rarr0NnLqrqs1NlMwztP33BIQC+mX1d0HOz2Qx989suSVKjSmHadjhas9bs1thebR3CbgAAAAAAAAAAgNuJW96b/PtMeNJ5YDj4/sYqVzzI6bpUi1Urdh6VJD1xZ12VLx4gq9UiqzVNbzzcWuZro0KX/nEo2742m0WJycnacfSMfVkRX69r+1scAkXDsNmXGYYtW1tZDbinoc5cuqLZa/do2oodupyUooH3NMpzP0kOxx/0xVL9tO2givh4aenrj6lUUV/7dhcTrmrRlvQg+qUuzewjh7/+dYd9m4VbDshmpAd6nzx9n3w8TPa2SwR6q3bZ4k5r2HLwtGITkiRJw7s0l69n+n7eHukhnJQ+je+GfScd9mtUOUzVwkP0+S9/6FD0xXydb/ZzT1NIgKemD+okSbIZhhZkCdxj4pPUdMQ0+6fPR4tybTc/fZVZr8g6SkpN0+vfr3a6vqD9GhOfpBYjZ9o/01Zsd1j/d/vbmYx71d3Npncfv9M+avzHTfuybfvQuHkO/Xg1NS3P9r9b/ZcGfPYfPTx+viSpdEgRta55fZrum93XBT23X7Yf0akL8XIzmfTN4Afl5W7WxStXtXDzgTzbBwAAAAAAAAAAKCwuGQDXK19CT0TWdlhWNjRQL9yfc3B66UqyfWrliCyjB7093BQSkB6YxsQnOaw7fTFB7t3eU8Aj4/TpL79Lkh5uWUtlQovc8HlI0sB7Gsjbw12Tftqqj5duU6Cvl55qV7dAbXywIH30sofZTfNf7qFaZRynf/5uzW6lWKzy8/JQxwaV9HDLmpKkOev2KDE5Pcg7F5coSfLxdFepos6m93U+2jNzf4UH+zusK13M3+l2kuTu5qYPerdTmtWml/9vVf5ONAclg3zso10zziNDqsWqLQej7Z/dJ2JybSs/fZXZo61rqUHFUvp29V/688jZbOsL2q9Z6z190XGE8N/t77wYhtUekp7N0oeStOPYOYe6rLa8/7hhzZ4ofbl8u7YfS5+WvGmVCHm5Xx9Ze7P7uqDn9vWv6aOPW9csqyphQbrnjkrXljsPoAEAAAAAAAAAAG4HLhkAS9LEp9or0NfL/vPoHq0U5Oed4/ZBft7yuPbuz5Ox8Q7rrqZa7KMqiwf6Oazz9nBXxwaV1blxVQ24u6HmDn9I3w158GadhkICvPV4ZB3tPnFeUTGX9XSHBvL1zP/0s3PW7bVPMfzVc510V50yyhoqzliVHnQ90KiqfDzN6t68utxMJiUkp2rexvQRkSWLpoeHV1MtOn0h/9MShwRc76+s/Xoi5rL930OLOIaVknR/w4qKrFVOS7YddDqld35FX0zQleRUSdfPI0N4cICMRW/YP79P6J9rW/npK0eGJjzZQYak4d/8mm1tQfs1a71v9GzjsP5G+js3hiEdjL6QXnNQ9n0Pffa8Q115TS8tSV8994CMRW/oyOcvKKxogOZt3Ku3566zr7/ZfV2QczsXl6j/bEsf7d/zWvCc8c/f/jquo5neSwwAAAAAAAAAAHA7cdkAOMjPW6N7tJIktalZRr3b1sl1ey8Ps9rXqyhJ+m71Lh3JFPC8M3e9rLb00LRjg8oO+2W8A3jhyJ76dMC96tasiqS8Rz8WxJAHmsik9FGxz3fM3/TPUvoIy6c++UmGpLceuVO9ImvJMBzD3y0Ho/VX1HlJ0pz1u+Xe7T2V7veRfVrijFGQDzapKjdT+jTYg6cvdxiBefbSFf0V5XzkbLNq4SoWkD6yddKSzfYgNiklTeMWbpKUfq1a1ojItq9hGPqwT3uZJH27ele+zzuz85cT1W/qUknp74jt0qRqtm2s1rRMn5zf/5vfvsqqZfUIdWpUVWv2RGULZf9Ov2auN2uYfyP9nZOUNKtem7XaHpJ2a14915rS68pb+jTMaSob6q+IkPQR8/tPp0/3fSv6uiDn9s1vu2S5Nop54OdL5d7tPT06cUF63ZJmrPp79yMAAAAAAAAAAMCt5l7YBdxKgx9orClLt+X4TuCsJj7VQVuvvUO1/pBpalCppM7FJdnDoac7NFDzahHKGrrZbDmHhjdD1fCiWvf+U/Iwuyks2E+x+Zi+9/zlRHX74EelWqxyM5m09I+DWvqH47tLfxrV0x6kBfp6KbJWOfu6CwlXtX7fCW3cf1L7TsaqVplQvfXonXpt1iot2nJAFQZ8olpliis+KVl7Tsbq7UcjVbtsaLY6vD3M+mzA/Xpkwnxt2H9KVZ79TNUjQrT/VKzOXU6Um8mkj/vfKz8vD6fnUa98cT0eWafAAfDDExYqOdWqo+cuKdVilSS9+3hb1SwTqszXL+Odupl9O7izKpQsmq3N/PZVqeCsI2QNfdC7nX7+45A9VMzwd/s1Jzfa35mN/XGjpv68TUfPxinhWpD8QKMq6t++frZtH56wUF4e10emD+3URN2aZQ+KM5u1Zrd+Pxyto2fjtPXQaUlSqxplJN2avi7Iuc28FvBWLFlUtcpcfw/zgdMXtP90rL5ZtUtjMr0bHAAAAAAAAAAA4Hbh0gGwJP0xoW+uUz9nVqlkoLZPekbvzlunX7Yf1uYDp+Xt4a7m1Uqrf/s71LttHdls1ltcsXNNq5S69m/O37Wb1fm4JMUlJkuSbIahLQdPZ9sm7kqy5q7fI0ka0qmZRvdsbV+XarGqXP+PdDbuir7+dafG97lLI7s1V+PK4Zryny3afOCUNu4/qeKBfurUuKra162QYy3dmlXRhrF99cGC9Vq/94Q27DupID9vPdCoikZ0aaHm1cJlGDmFdYbefexOzd+4V1dT8x+07zh2Tt4e7ioZ5K/GVcL13H2N1LpG6WzHyXinbmZJKdmPk5iclu++evWhFtn2r1wqUAPuaahPft6a7fz+br/m5Mb6+7qj5y7Jw+ymYH8fNawUpl531lXvO+vKMLL3z45r7/HNcC4u7z9SWLMnSmv2RMnPy0PVI0LUK7KuhnZqosTk1FvU1/k7t7V7Ttj/6GP6oM5qXbOMfb+dx8+p/pAvFH0pQf/987Dub1g5p0MAAAAAAAAAAAAUCpORdU7gQrB69Wq1apU9yCksbm5mmUyZZ8c2ZLPZHEKzzNvkZ8pbszl9xKXNZnVox2Qyyc3N3aEdZ8tyai99ymLDyT4mmc255/tWa1qOdWU+hmHY7MG3yWSSyWSWyXR95KNhGNfWG7n0i+naOuf7Zbi+v+EwHXNGLbn1SeY+yMwwDBmG1WH66+zX+LqMPs2qIH11fVuL/biZj+nsPvg7/Xqj/e1M5r7OvK9h2HK8d7Ny1ke5tZ91n1vV1/k7t+vfnez3wvV1mY8HAAAAAAAAAACwbt0GRUZGFnYZrj8C+O9ID8lyH+mbn20yyym0NAwj2zpny/JqL/s+ebeRW105rUsPy3IeiZtzvxj5mio7p/3zcy756be8jpObgvSVs21zO+bf7dcb7W9n8v8O3/z3d0Hbv1V9nb96czuvv3fOAAAAAAAAAAAA/xTnQyABAAAAAAAAAAAAAP86BMAAAAAAAAAAAAAA4CIIgAEAAAAAAAAAAADARRAAAwAAAAAAAAAAAICLIAAGAAAAAAAAAAAAABdBAAwAAAAAAAAAAAAALoIAGAAAAAAAAAAAAABcBAEwAAAAAAAAAAAAALgIAmAAAAAAAAAAAAAAcBEEwAAAAAAAAAAAAADgIgiAAQAAAAAAAAAAAMBFEAADAAAAAAAAAAAAgIsgAAYAAAAAAAAAAAAAF0EADAAAAAAAAAAAAAAuggAYAAAAAAAAAAAAAFwEATAAAAAAAAAAAAAAuAgCYAAAAAAAAAAAAABwEQTAAAAAAAAAAAAAAOAiCICB28zYsR9o/PgPC7uM20pKSoqaNGmmkydP/u02+vbtp8WLl9zEqq7jml23e/cede7cRefPn891u02bNun++zv9Q1X9O/yv9klsbKyaNGmmuLi4G26roH2Y3/v13+pWPvdupri4OD355FMaMeIVxcbG6tlnBxV2SYXmZvy+y2zYsOH68suvbkpb/7Tly1fokUceLewyHBTkGTN16qcaPfqNW1yRa8nrmXU7/Z58/PFe+u9/fynsMgAAAAAAyJHLBsAvvPCiJk6cVNhl4JqkpCQ1adJM0dHRhV0KbnPO7hV3d3cNGzZURYsW/dvtPvroI6pdu9bNKPFf45/+3iUlJem9997Te++9q+LFi9uXr1+/Xp07d3HYtnz58how4Jl/pK5bYcqUj/XWW28XdhnIoiD3VU73a1bO7t8bdTv8Trwdasiwd+9ePfDAA+rWrYuGDh2mHj26F3ZJLmHBgoVyd3dX//79CruUfyVnz/mCPGNatWqljh3vuxWluazM/63miv/tAAAAAADAP8m9sAtwNRaLRe7u/1y3/tPHK0xWq1Umk0lubi77dwv/Ov/U/Wc2m9Wjx0M31MZdd911k6pBTg4fPqLBg19QzZo18ty2ZMmSuv/+jv9AVfin3A7P6Lzuq8zPrILcr7i1mjdvbv/3Jk2aFGIlrsNms+nq1asaM2a0TCbTP3psV/5v04L87qpTp/Ytrsb15PXfavy3AwAAAAAA+eea/3cmDxcvXtSkSZP1++9/yGQyqWnTJho8+AUFBgZKkn74Ya5mz56jhIQEeXh46N5779HgwS84bevxx3upadOm2rNnjy5evKSnn+6nZs2a6fPPv9CaNWuVlJSk2rVra/jwYSpVqpQk6cqVK/ryy6+0du06xcXFqVSpknr11VdVq1ZN3X9/J40e/ZoaN24sSTp37pw6dXpQK1cuV0BAgCZOnKSYmFi5uZl07NgxNWrUSIMGPacPP5ygNWvWKi0tTQEBARo4cIDuvruDpPQp9GbOnKkzZ84qLKyUnn66v9q0aSNJio6O1tix47R3715JUvHioXr77bdVsWKFbOdqGIZ+/HGB/p+9O4+Lqvr/OP4GhjUQFGQTc6ufWtpXo1xywTS3JDWXcje1rNTcymyxMresr1bgllrZomauqahZWZrbt7BVzS1TBGURAWWHwfv7gy+TIMwMLtmXXs/H4z7GmXvn3nPOPffcw3w8565atVpnz55V9eohGj16tEJD79TZs2c1cOBgjRkzWp07d5IkTZkyVfHxCZo7N1KjRj0lSXryyZEymUx68MHuGjCgv+Li4hQRMUf79++Xk5OT7r23jUaNGik3Nzelp6frvvs6aMyY0dq6davS0s7rvfcWa+zYcbrnnnv022+HdO5cshwcHDRhwgQ1btxIUuEPj++/v0SbN29RRkaG6tatq3HjxuqWW+pIkqKjozVnzlydPn1Gjo6Oql27lhYufKfM83v33Xfr6NFjysrKlGEYGjt2rBo1+pck6eWXX1FwcHCx0Qg9e/bW6NGjLGX8ww8/aP78BTp5MkY+Pj7q27ePevXqadn+s8/W68MPP9KFCxfUsmULOTo6ysPDw7LenjJ6+unx2rp1q9LTM1S1alW98spLZY5os5b/rKwsq3W3tPpe2o911urcjh07FBExR+3atdUvv/yi9PR0hYaGavTop+Ti4lJqXendu5dat26j1atXqnr16nrzzbd0/vx5mUwmbdv2tTw9PTVu3BgFBQVr5syZiok5pTvuuENTpky2jBoeNuxRde3aVd26ddUHH3yo1avXWNKbm5urCxcuaPfunTp37pxmzJipw4cPKz8/X3Xq1NaYMWPUoMHtdp+zw4ePKCIiQkePHpO3t7fCw7to8OBBcnJyUn5+vtXr9VKJiYlW07J+/QZt2rRJixYttHxn+vQZcnd31/jx48q87qylr6hOvfzyS/rww48UHx+vJk2aaPLkl7VkyQfasGGjXFxc9MQTj6tr1wdspjMuLk6vvfa6UlNT1bNnYRB/0qQXlZOTrenTX1NUVOFUjxcvXtSaNWu1Zs0aJSQkytvbW0OGPKLu3bspOjpaCxa8o5iYUzKZTGrcuLGeeWa8/Pz8JOmK6oM9db2sdmbr1i+0fv0GXbx4Ub/88qskacWK5TKZTGW2kVfC1r2qpPz8fM2ZM1dbt34hk8mk3r17afPmLXr88cfUrl07m/VFst7elFRWG+3h4WG1bJOTkzVjxkz98ssvqly5sgYPHlRsv7baVWt1Ze/evcXqVWn3zH79+tq8xouUVX8bN26kKVOmKjp6n9LT0+Xv76/BgwdZRvvZapvLujbLe85t1WNrykrDp5+u1Nq165SYmCgvLy+1b3+fRox4UiaT6Zq3D1LhPSEycq46d+6knTt3Kj09Q3fdFapnn51gCSJaa7NKExcXp8jIudq/f7/y8vJ0yy11NHv2LHl6etos4wEDBqpt27aKjo7WgQMHVaPGzZoy5VUdOnRYixYtVnp6ujp16qgJE56xBFat3fPKSp+911lJtsorNjZWvXo9pN27d6p//8Lpk7ds+VzLli3T0qUfX3EerfVliu7rHTq0165du+Tu7q7FixeVu1x+/XW/Zs2apdjYON166y1q1qxZsfXlre+2+nDW+rVltfP79u0r1sZY69PPmzdfiYmJmjLlVUnW67E9/Tlb+S/P3y/WrvOyti9t35fWt6LvlqxvJVnrhxb11UJD77Sr72Crz3+ptLQ0dep0vzZuXK+qVasqOjpao0aN1qRJL+qBB8JlNpvVvn1HzZ07R7fffptd9S0uLk7Dhz+uY8d+V/XqIRo/frylfgEAAAAAcMMZfwPffPONYTbnXdNlxIgRxhtvvF7quscee9QYP368kZp6zkhOTjJGjBhhPPXUU4bZnGccP37MaN68ufH770cNsznPSE8/b/z8809lHqdPn4eNbt26GQkJZyyfjR8/3hg9erSRmBhvZGdnGpGREUa/fn2NvLwcw2zOM8aOHWsMHz7ciI2NMfLzc43ffz9qnDz5h2E25xmdOnUy9uzZZdnX6dOxRmhoqJGaes4wm/OMN9543WjSpImxb1+0ZZtVq1Yaffv2sWyTkHDGOHbsiGE25xnffbfXaN68ubFr17dGTk6W8fXXXxlNmza15On5558zpkx51cjJybKkJTExvtS8Llu21OjWrZvx228Hjby8HGPbti+N1q1bG3FxpwyzOc/Ys2eX0apVK+PYsSPGZ5+tM9q3b28plwsX0ozQ0FDj1KmTlv2lp583unTpYsyfP8/IyLhgJCcnGU888YTx+uszDbM5z0hNPWeEhoYa48ePN7KzM4uVec+ePY2zZxMNsznPWL/+M6NLly6W9fPnzzO6d+9uHD9+zMjKyjDmzp1jdOjQwUhLSzHM5jyjY8eOxmefrTPM5jwjJyfLiI7+3ur5feCBByzH2r17pxEWFmYkJycZZnOe8cILzxtz584p9p1u3boZ27Z9aZjNecbBgweMFi1aGNu2fWnk5mYbR44cNjp37mx8+eVWw2zOM/7znz1Gy5YtjX37oo28vBwjKmqj0aRJE+O112aUq4yef/45IycnyzCb84yXX37JeOmlSWXmyVr+bdXd0up7ycVWndu27UsjNDTU+OCDJYbZnGdkZWUYw4cPN+bMiSyzrmRmphuhoaHGiRPHLddB8+bNjS+++NzIzEw3Pv10hdGqVStj1KhRxsmTfxhpaSnGsGFDjVmz/m3Zx+DBg4w1a1Zflt6MjAvGoEEDjWnTphpmc54RF3fK2LbtSyM9/byRnZ1pLFz4jtGxY0cjI+OCXecsOTnJuPfee413311sZGdnGkeOHDa6dOliLFnyvs3rteRiKy1r1qw2hg4dUuw7r7462dL2lVaWttJXVKdGjRplJCScMRIT442HHuptdO/e3fj00xVGRsYFY9u2L41mzZoZSUkJdqVz+/avi12jZnOesXPnDqNTp06W9x999KFx//33Gz/99KORl5djJCUlGL/++othNucZ33//nfHzzz8ZOTlZxrlzZ42xY8ca48ePt3z3SuqDPXXdWjvz5puzjZdffqlcbaStpWSZWLtXlbbMmzfXePjhh4zTp2ONrKwM4/XXZxp33323sXXrFrvqi632puRSVhttq2yHDRtqvPDC80ZGxgUjKSnBGDZsqBEaGmp3u2qtrpQsw9Lumbbqa8mltPpbdC0nJycZeXk5xs6dO4zmzZsbBw7st6ttLu3avJJzbqusy2r3rKXh88+3GCdP/mHpE3Tr1s1YuvTj69Y+FN0Tli9fZmmTe/Xqaaxbt9auNqvkcv58qtG5c2dj1qx/G2lpKUZOTpaxb1+05Xi2yrhPn4eNrl27GgcO7DcyMi4Ykya9aHTr1s2YPPkVIzX1nPHHH78bbdu2Nb7++ivDbLZ9zyu52LrOSt7vSi62yuvEieNGaGiopd6ZzXnGxo0bjD59Hr7iPNrqyxSl6f3337Mco7zlcu7cWSMsLMxYvnyZkZubbRw4sN/o2LGj0bt3L7vre8nFVh/OVptdWjtfso2x1qePiHjbeOGF5+2qx/b056zlv7x/v1i7zksu1vZtT30ruVjrh17aZtnTd7DV5y+59O3bx1i//jPDbM4zIiMjjO7duxvPP/+cYTbnGfv2RRtt2rSx1Cd7+gkdOnQwDhzYb+TmZhsrVnxitG7d2lK/WFhYWFhYWFhYWFhYWP65yzfffHOjw66GYRjGP24u3bi4OP34408aP36svLy85OPjozFjRmvPnj1KTk6WyWSSYRg6cuSoMjIy5O7uXuqooEt17fqAZSRaYmKiduzYoWeffUa+vr5ydnbW448P16lTsTp+/A8lJCRo586deuGF5xQUFCQHBwfVrFlTISEhdufhrrvuKva/y11cXJSRkamjR48qPz9ffn5+qlWrliRp48YodejQXs2aNZPJZFLr1q3VunVrbdy4UZLk7OyspKSzOnkyRpJUs2ZN+fr6lnrclStX6dFHh+n//u9WOTo6KiwsTA0bNtSOHd9Kkpo0aaJ+/fpqwoSJmj37TU2d+qqlXEqzffsOmUwmDR/+mNzc3OTj46MnnnhcW7Z8Xmy7gQMHyNnZudhn3bt3s4zka9WqpRISEnTu3DlJUlTUJg0Z8ohq1KghFxcXy7Pvdu/eY8lzTEyMEhMT/zuasJHV8g4P72I5VtOmTRUSUk3ffLPd6neKrF69Wh06tFdYWJicnJxUp05t9erVU1u2bJVUeH46d+6kRo3+JUdHR3Xq1LFYfbO3jAYMGGAZedG6dSv99tuhMtNUVv5t1d0il9b30tiqc5Lk6uqqPn0ellRYf/v166OoqE12lWmR0NBQtW3bVq6ururWrauysrL04IPdFBISIk9PT3Xs2FGHDpVdDlLh6J9XXnlVnp5eeuaZpyUVTi8YFhYmd3d3OTs7a9iwocrOzrZcI7bO2bff7pSXl5cGDx4kZ2dn1alTWwMG9NeGDRst+S3rei3JVlquhK30FXn00WHy8/OTr6/vf9Pgpp49e8jNzU1hYWGqVKmSjh8/fs3SuWrVag0bNlQNGzaQo6OjqlSpottuqy9JuvPOxmrQ4HaZTCZ5e3vr0UeHKTo6utj3y1Mf7K3r1tqZ0thqI8vD1r2qNFFRmzR06BAFBATIxcVFI0eOKNc0rPa2NyVd2kbbKtu4uDj9/PMvGjNmtNzc3FSlShUNGzbU/oKR9bpSmpL3zGt1XT34YHf5+PjI0dFRzZs3V9OmTfXDDz8U26Y8bXN5z7m99bi87ruvnUJCQiz9k549eyg6el+xba51++Dp6WmZ5t/NzU1NmjSxzExib5tVZPv2HXJ0dNTo0U/J09NTJpNJjRr9S25ubnaXcffu3VSvXl25ubmpS5f7FRcXpzFjRsvLy0s33/yA+p0AACAASURBVHyzmjS5W4cOHZZk3z2vZPqu5Dq7lLXysld58mirL1OUjqIRx1daLn5+fnrood5ycnJSvXp19cAD4Zb1V1rfrfXhrrbNLk+f3t56XFabYSv/5f37xZ7rvMiV/G1kTXn74dbY6vOXdPfdd1v6D99//70ef3y4oqP3yTAMRUdHKzQ0VI6OjuXqE9erV1dOTk7q1aunAgL87f4bAQAAAACA6+0fNwV0YmKSnJycFBgYaPksJKSaJCkhIVENGtyu6dOnauXK1Zox4zXdcksdDR06RC1atChzn1WrVrX8+8yZeEnS6NFji23j5uamc+eSlZ6eLkdHR1WrVu2K8+DvX7XY+06dOiolJUUREZE6dSpWd911l0aNGqGaNWsqMTFJd999V7HtQ0Kq6dix3/+bzqf03nvva8KEZ5WVlaW2be/VyJEj5OnpWew7hmHozJkzeuedhVqy5APL51lZWcWen/jgg931wQcfqmHDBrrrruLHLenMmTNKTk7WQw/1sXx28eJFOTo6Kisry/JZ1aqXBxt9fHws/3Z1dbWkpUqVKkpKSipWvk5OTgoKClRiYqIkadasf+v999/XwIGDValSJXXr1lUDBw4oM50lg52+vn46e/as1bwVOX36jI4fP65ffvkzj3l5eQoODpYkJSWdVcuWxevWpT8c2ltGPj5/Tg/q6uqqzMzMMtNUVv5t1d1bb71FUvH6XhpbdU6SvL29iwWmfH39lJycrIKCAqv7vtSl9cJkMsnZ2VlVq/457bW7u7vVcpCkOXPmKi4uVosWLbSkJzMzU/PnL1B09D5lZ2fL0dFR2dnZSktLlWT7nCUmJio4OLjYMxdDQqpZ6p+167UkW2m5ErbSV+TS8nVzcytWtlJh+RbVwatNp2EYSkhI0M0331zq+hMnTmjhwsU6duyY8vLyZBiGsrKylJeXJxcXl8vSa6s+2FvXy2pnSvtPMva2kfayda8q2S4ZhqGzZ88qOPjPtq8owGovW+3NpdOcX+rSsrdVts7OLnJ3dy9WhuX5D1C26kppSt4zr9V1tWzZcm3dulWpqWlydHRUWlqaatcu/p85ytM2l/ec21uPy2v37t1aunS5zpw5I0nKzs5W9erFz9G1bh8uvdakwrJKS0uTZH+bVSQ+Pl7VqlUr9VnU9pbxpfc5Nzd3ubm5ycvLq1j+is6lPfe8S9m6zsqa1vpS1srLXuXJo62+jCT5+voWS3t5y6Vk361w+0v7Q1dW38vqw12LNvvMmXi7+/T21uOy2gzb+W9Wrr9f7LnOi1SrVq3cfxtZU95+eFkMw7DZ5y+pSZO7NXXqdF24cEGxsXG69942Wrz4XR09ekz79u1Thw6Fj+Owt76VnH48KCjY7r8RAAAAAAC43v5xAeCAAH8VFBQoMTFRAQEBkqTTp09LkgIDC9+HhYUpLCxMeXl5iorapGeffU5ffPG5brrpplL3eemPOUFBhT8qLly4wDLi4FIJCQm6ePGiTp8+XeqP3h4eHsrLy7O8T0s7b/V4UuGPHQMHDtDAgQN04cIFRUbO0bRp0/Xuu4sVEOCv+Pj4YtufPn1aAQGFP9b6+Pjo6afH6+mnxysuLk4vvjhJH330sUaMePKyYwYGBmrUqBGlPvNVKvwBc8qUaWrZsqUOHDigDRs2Wp4BWNoPsYGBgQoODtInnywvdX/p6eml5tcaBwcH+fsX5rloxNfFixcVH59gOd+33FJHM2ZMl2EY+uWXXzVu3Hj93//dqqZNm5a6z6L6cen7Vq1aSrr8fEkq9iNsUFCgatWqqQkTnil13/7+VS8bUZicfM7yI5y9ZVQeZeW/Ro0aksquu0VsnQ9bdU4qfLbppQGluLg4+fn5ycnJqdS6cj2sWbNWW7d+offeW1zs2l64cJFiY+O0aNE7lh/Z27VrL8MwJNk+ZwEBAaXk/4yl/lm7XkuylRZ3d3fl5uYW+05a2nm5u7tLKv26s5W+K2ErnbbqTFH7EhsbW+pIoJdeelktW7bU5Mkvy83NTUeOHNWgQYMt+y8vW+20PUrmyZ42sjzsuVeVPH7VqlUVH39G9evXkyTl5OQoJSXFso2t+mKrvSlLee6BcXFxys7OVmZmpuW6O3cupdg21tpVW3XFVvoK02a9vtr6vlT4zNPlyz/RvHlzLP95Y8KEiXbXydKvzfKd86utx6WlITU1VRMmTNS///26mjdvLkdHR33yyQp99dVX5d5/kfKWd0nlbbOCgoJ0+nSUJahafF/lK2P70mf7nncpW9dZyWu0vIqu57y8PMt/bCpvcLgkW30Z6fLrpLzl4u/vr927dxf77NJ77ZXW97L6cPa02bbuXcHBQVb79Je62nuvPfm39++XK7nOy9r3ldQ3e/vh9vQdbPX5S2rUqJHOnz+vVatWq1GjRjKZTGrS5G7t2LFDBw4c1IsvviDJ/vqWkJBQ7H18/BnL3wgAAAAAANxoFXoK6IsXLyo3N7fYUq1aNTVu3EgREZHKyMjQ+fPnFRk5V82bN5efn59iYmL03XffKTc3Vy4uLqpc2UcODg52jciQ/pzqcPr01yw/Cly4cEFffbVNZrNZgYGBatGihWbOfEMJCQkyDEMxMTGKi4uTJNWrV1c7d+6SJJnNZi1btszmMX/44QcdPXpMBQUF8vDwkKenpyW94eFd9MUXXyo6OloFBQXatWuXduz4VuHhhdPqbdu2zZJOHx8fubm5lTll6EMP9dY77yzS4cNHZBiGcnJy9MMPP1h+XHv//SVKTEzU5Mkva8qUyXrrrbf1+++FU0C6ubnppptu0qlTpyz7CwtrraysbC1e/K4yMzMtI7t27dplV1mXJTy8iz744EPFxcUpLy9P7777ngzDUIsW9yg/P19btnyu9PR0OTg4yNe3ipycnKye340bo3To0GEVFBRo5cpVSkpKUps2YZKk+vXr6/vvv7f8YLtmzVplZGRYvtuzZ09t3rxF27dvl9lsltls1u+/H9evv+6XJHXpcr+2bPlcSUlJkqSDB3/Tvn1/TsF3rcvIWv5t1V172apzUuGojcjIOcrNzVVCQoKWLFmiLl3ul1R6XbnW9u7dq/nzF2j27FnFRoJJhUH1oKBAS6Bi7dp1xc6prXPWunUrnT9/XkuXLlN+fr5OnDihpUuXWaaytHa9lmQrLXXr/p9OnDhpuQYPHz6i//znP5b1pZWlrfRdCVvp9PX1U1pami5cuFDmPnr16qn33ntfBw4clGEYSk1NtUw/mp6eoVq1asnNzU1ms1mffPLJFadVst1O28PX11dxcXHFRq3baiP37z+gpk2blzky6VIhISFW71Wl6dLlfi1Z8oGSkpKUl5en+fMXFMuPrfpyLdobW2UbEhKif/3rDn388VJJUkFBgZYtKx4Is9WuWqsr9rBVX0sqrf5euJCuSpW8LEGfw4eP6Pvvv7c7DaVdm+U951dbj0tLQ1ZWli5evKhbb73VMqp5w4YNduerNOUt75LK22aFhbVWQUGB5s6dp8zMTJnNZv3yy6/Kycm5ouvKFnvueSXTdz36PkV8fX3l7+9v6Utei3Noqy9Tmispl9jYOMt1VJjuP6dHvtL6bq0PZ6vNLq2dv5StPv2lrvbeayv/5fn7pbzXubV9l7e+lacfbk/fwVqfvzRubm5q2LChli1briZN7pYk3X33XVqx4lP5+flZZpewt75t2LBRR44cVUFBgdauXaeEhERL/Tp8+Ijmzp1XZtoBAAAAALjeKvQI4FWrVmvVqtXFPlu2bKmmTZuqt9+OUK9eD8nBwUFNmzbR2LFjJEl5eflatGixTp6MkYODg4KDg/T666/Jzc3N7uO+8spLeu+99zVixCilpKTI29tbd97ZWPfe20aSNGXKZM2fv0DDhz+hCxcuKDg4SC+88IJCQkI0YsSTevXVqerXr798fCqrdetW2rr1C6vHS04+pzfemKWkpCS5uLiobt26ev755yQVPvvw+eef0+zZbyoxMUnBwUGaOvVVNWzYQJL022+HFBExR+np6XJ3d1fz5s3KnIatT5+H5erqqqlTpyo+PkGurq6qX7++xo0box9++EHLli3Xu+8ulru7u0JDQzVgQH+9+OIkffDB+3J3d9fIkSM0dep05eTkqE+fh/XYY49q3rw5mj9/gR56qI+ys7Pl719VXbp0UcuWV/6/54cMeUQFBQUaOfIpZWRkqG7duoqMjJCnp6fy8vK0ZcvnevvtCJnNZlWqVEkDBw6wOl11jx4P6q233tKxY78rJKSa3nxztmU0wP33d9Yvv/yifv0GyN/fX40bNyo2Fd1tt9XXrFlvaPHidzV9+msyDEM1a9bQkCGPSCp8bvKjjw7TmDFj5eNTWYGBAWrXrq3l+56ente0jAzDsJp/W3XXHrbqnFQ4QisoKEg9evSS2WxWu3Ztiz0HtGRdGTRoYLnzas3atZ8pPz9fzzwzodjn69ev07BhQzV16jQNGjRY7u7uuueee4oFiW2dMx8fH0VGRigiIkJLlnwgLy8vhYd3Ub9+fSVZv15LspWWGjVq6Mknn9Do0WPl5+erwMDAy+pFadedtfRdCVvprFevrtq3v0+9ej2kgoICzZw547J99O3bR46Ojpo6dZoSEhLk4+OjoUOHqH79enruuWcVERGplStXytnZWe3bty/X8zJLc7V1vXPnTvr222/VsWPn/15Xm6y2kVLhSKHq1auX+Zz1kqzdq0ozdOgQZWRkaODAwTKZTOrdu5eqV69uWW+rvlyr9sZW2U6bNlUzZszU4MGPyNPTS23b3qtvvvnG8n1b7aq1umIPW/W1pNLqb8eOHRQdHa3+/QfKx8dbNWrUULNmzewuI6n0a7O85/xq63FpaRg5coRGjBilypV95OVVSa1bty72n1zKq7zlXZKtNrWkonocGTnXco+59dZbNHv2LEnlv65sseeeV1r6rnXfp4iDg4MmT35Zs2bN1ieffCIfn8pq2bKl9u7de8X7tNWXKU15y8XHx0ezZ8/S22+/rcWL35Wnp5c6duxQrG24kvpurQ9nq80urZ0vyVqfvmT+rvbeay3/5fn7pVq1auW6zm3tuzz1zVY/9FL29B2s9fnL0qTJ3frxxx8tU5SHhoYqJydHbdvea3d5F+nevZtmz55dav06ceKEli1brlGjRpaZFgAAAAAAricH40rn0LyGtm/frlatruw5UsD1NGDAQPXv31+dO3e60UmpMHbs2KHIyLlas2bVjU4K8JeaNm26mjZtqvbt7/vLjvnQQ330+OOPXZNpqQHgfwl9OAAAAAAAcCPs3LlbbdrYP6jueqnQI4ABAPi7mDTpxRudBAAAAAAAAADAP0CFfgYwAAAAAAAAAAAAAPyTMAU0AAAAAAAAAAAAAFylv8sU0IwABgAAAAAAAAAAAIAKggAwAAAAAAAAAAAAAFQQBIABAAAAAAAAAAAAoIIgAAwAAAAAAAAAAAAAFQQBYAAAAAAAAAAAAACoIAgAAwAAAAAAAAAAAEAFQQAYAAAAAAAAAAAAACoIAsAAAAAAAAAAAAAAUEEQAAYAAAAAAAAAAACACoIAMAAAAAAAAAAAAABUEKYbnYDrZfnyFcrOztbx48fL3KZOnTpyd3dXv359/sKUAQAAAAAAAAAAAMD1USEDwMuXr1DlypU1cOBAm9tGRUVp+fIVBIEBAAAAAAAAAAAA/M+rkFNAZ2dnKzw83K5tw8PDlZ2dfZ1TBAAAAAAAAAAAAADXX4UMAFub9vlabH89paenq2nT5kpMTCxzm2HDHtX69Rv+wlRdezt27FDPnr3LXJ+bm6umTZsrNjb2L0wVAAAAAAAAAAAA8L+tQk4BfS2dPXtW7777nvbu/Y/OnTsnPz8/NW7cSIMGDVTt2rVvSJr69eurWrVq3ZBj/1VMJpOefnq8KleufEOOf+DAQX3wwYf69ddflZ2dreDgYIWFtVa/fn3l4+OjkydPat68Bfr111+VlZUlf39/NW7cSJMmvShJysjI0IIF7+jbb3cqJSVFPj4+qlu3riZOnKCAgIAbkicAAAAAAAAAAABUfASArUhMTNTQoY+qTp06mjFjumrWrKGsrCzt3LlLmzZt1lNPjboh6WrXrt113b/ZbJbJdHVV42r34eTkpIceKnuE8PW0d+9eTZgwUT16PKgRI55QUFCQEhMTtWnTZn333ffq0KG9xo17Wo0bN9LHH38ob29vnT59Wt99971lH2+++Zb++OMPvfXWm7r55upKSUnRd999L8MwbkieAAAAAAAAAAAA8M9AANiKhQsXqVIlL7355ixLMNPT01M9e/awBPLMZrPef3+JNm/eooyMDNWtW1fjxo3VLbfUkVQYCDx//rxMJpO2bftanp6eGjdujIKCgjVz5kzFxJzSHXfcoSlTJhcb7bp373+0dOkypaam6o477tDzz0+Uv7+/pMIpoLt27apu3boqPT1d993XQU8/PV5bt25VenqGqlatqldeecmy/aefrtTateuUmJgoLy8vtW9/n0aMeNKSpwEDBqpZs2Y6ePCgUlJSNXz4o5cFmRMTEzVjxkwdPnxY+fn5qlOntsaMGaMGDW635PPs2WQ5OjroxIkTuvvuuzVu3FhFR0dr0aLF+uOPEzKZTGrTJkzPP/+cZb+rV6/RkiUfKCcnR+3atdWzz06QyWRSbm6uWrduo9WrVyooKEhdu3bXxIkTFBYWZvnuq69OkaOjo156aZJSUlL01ltva9++H+Tg4KBmzZpqzJjR8vb2tpTBJ5+sUHp6upydndW5cyeNGTP6snNuGIZef/3fCg/vovHjx1k+r1mzpkaOHCHDMJSSkqIzZ87otddmWMq4du3axUaEHzz4m7p162qpB4GBgerWraudNQ8AAAAAAAAAAAC4MhXyGcDXyu7de9SpU6dSR7I6ODhIkt5/f4m++OJLRUS8pc2bo9SwYQONHj1GGRkZlm2//vobtWhxj7Zu3aIhQx7RtGkztGjRYs2YMV2bNm1UXl6uPvzwo2L737JlixYtekebNm1UpUpeevHFSVbTun//fi1c+I5WrlyhgAB/LVjwjmWdr6+vZs/+t775ZpvmzInQjh3favXqNcW+/8032zV16hR9+uknpY4wNgxDPXp012efrdXWrVvUrFkzTZz4nHJycizb7NixQ71799by5cs0btxY/fbbIY0b97R69eqlzz/frPXr16lDh/aW7RMSEhQbG6tPP/1EH364RHv3/kdbtnx+2bFNJpM6d+6kqKjNls+ysrL09dffKDw8XJL04ouTlJubp5UrV2j58qVKTj6nyZOnSJJiYmI0d+48vf32m9q27UutW7emzFHUJ06cUHx8vLp06VLqegcHB1WpUkW1a9fSW2+9pa++2lbqc4pDQ+/UihWfas2atTpy5KjMZnOp+wMAAAAAAAAAAACuJQLAVqSlpalq1apWt4mK2qQhQx5RjRo15OLioscee1RSYfC4SGhoqNq2bStXV1d169ZVWVlZevDBbgoJCZGnp6c6duyoQ4cOFdvvsGFDVaVKFbm5uWncuLH69df9iomJKTMdAwYMsASqW7dupd9++3N/993XTiEhIXJwcFDNmjXVs2cPRUfvK/b9rl0fkJ+fX5n7DwwMVFhYmNzd3eXs7Kxhw4YqOztbJ0/+maa77rpLjRr9y/J+zZo1ateurTp27CBnZ2e5ubkpNDTUst7Z2VlPPTVKnp6eCgkJ+W+6fyv1+OHhXbRnzx6lpKRIkr76apuqVq2qxo0bKS4uTj/++JPGjx8rLy8v+fj4aMyY0dqzZ4+Sk5NlMplkGIaOHDmqjIwMubu7W0Yul5SamiZJqlq17LJwcHDQO+8sUGhoqJYuXaq+ffvrgQe6adWq1ZZtxo8fp0ceGayvv/5GI0aMVIcOnTR79pvFAuYAAAAAAAAAAADAtcYU0Fb4+Pjo7NmzZa43DENJSUmqVq2a5TMnJycFBQUqMTHR8tmlwUSTySRnZ2dVrepv+czd3V2ZmZnF9h0cHFwsHW5ubjp79qxq1KhRRlq9Lf92dXUttr/du3dr6dLlOnPmjCQpOztb1auHFPu+rUB3Zmam5s9foOjofcrOzpajo6Oys7OVlpZq2cbfv/g+4uMTFBp6Z5n79PX1LTa62sPDo1i5XapWrVqqV6+utmz5XP3799OmTZsUHl44SjcxMUlOTk4KDAy0bB8SUnhOEhIS1aDB7Zo+fapWrlytGTNe0y231NHQoUPUokWLy45TubKPJOns2eRi+yvJ29tbw4c/puHDH1Nubq4+/3yrXnttpqpVC9Y999wjk8mkHj0eVI8eD8owDP3440966aWX5erqqlGjRpa5XwAAAAAAAAAAAOBqVMgRwHXq1Lkm2xdO27xVBQUFl60zDEMODg7y9/dXfHy85fOLFy8qPj5BAQEB5Ut0CZfuMy0tTTk5OTaDtKVJTU3VhAkTNWBAP61bt0br16/TkCGPXLZd0ZTWZVm4cJFiY+O0aNE72rhxvdavXycPDw/Ls5BL20dQUGCp0yNfqS5dumjz5s2KjY3V/v0HdP/9nSVJAQH+KigoKBY8Pn36tCQpMLDwPISFhWnevDn68sut6tKli5599rnLgu5SYaA5KChIW7ZsKTUNl+a3SNHI7qCgIB05cvSy9Q4ODgoNvVPNmzcrdT0AAAAAAAAAAABwrVTIALC7u7uioqLs2jYqKkru7u6lrhs+/DGdP39BTz89QQcOHFRGRoaSkpK0Zs1azZ07T1Lh1MQffPCh4uLilJeXp3fffU+GYahFi3uuKg/vvfe+UlNTlZOTo4iISDVocHuZo3+tycrK0sWLF3XrrbfK0dFRaWlp2rBhQ7n3k56erqCgQPn4FI6QXbt2XbHnHJemR48e+uqrbfriiy+Vn5+vnJwc/fDDj+U+dpEOHdorNjZOs2e/pSZNmsjfv3AUdUhIiBo3bqSIiEhlZGTo/Pnzioycq+bNm8vPz08xMTH67rvvlJubKxcXF1Wu7CMHBwc5OTlddgwHBwdNnDhBGzZsVGTkHJ04cUI5OTk6efKk5s2bry+++FKpqamKiIjUoUOHlZmZqYyMDK1Zs1bx8fG6446GkqS5c+fpu+++swTv9+3bp127dlvWAwAAAAAAAAAAANdDhZwCul+/Plq+fIUWLVqk48ePl7ldnTp15O7urn79+pS6PjAwUEuWvKd3331Pzz//glJSUuTn56dGjf6lQYMGSZKGDHlEBQUFGjnyKWVkZKhu3bqKjIyQp6fnVeWhU6dOeuyxx5WamqoGDRpoxozpV7SfatWqaeTIERoxYpQqV/aRl1cltW7dWvv27bP95UsMGzZUU6dO06BBg+Xu7q577rnH6hTJknT77bdp1qw3tGjRYs2c+bqcnZ3Vtu29VqeFtsbT01Nt2oRp69YvNGPGtGLrpk2bqrffjlCvXg/JwcFBTZs20dixYyRJeXn5WrRosU6ejJGDg4OCg4P0+uuvyc3NrdTjNG/eXO+8s0BLlnyg4cOfUE5OjoKCghQW1lpNmzaRi4uLsrOz9cork5WQkCCTyaQaNW7Wq69Otjzj2MvLSwsWvKPY2Djl5+crICBAPXv2KHX0NQAAAAAAAAAAAHCtOBilzWn7F9u+fbtatbr8eawAAAAAAAAAAAAA8L9g587datOmzY1ORsWcAhoAAAAAAAAAAAAA/okIAAMAAAAAAAAAAABABUEAGAAAAAAAAAAAAAAqCALAAAAAAAAAAAAAAFBBEAAGAAAAAAAAAAAAgAqCADAAAAAAAAAAAAAAVBAEgAEAAAAAAAAAAACggiAADAAAAAAAAAAAAAAVBAFgAAAAAAAAAAAAAKggCAADAAAAAAAAAAAAQAVBABgAAAAAAAAAAAAAKggCwAAAAAAAAAAAAABQQRAABgAAAAAAAAAAAIAKggAwAAAAAAAAAAAAAFQQphudgOtl+fIVys7O1vHjx8vcpk6dOnJ3d1e/fn3+wpQBAAAAAAAAAAAAwPVRIQPAy5evUOXKlTVw4ECb20ZFRWn58hUEgQEAAAAAAAAAAAD8z6uQU0BnZ2crPDzcrm3Dw8OVnZ19nVMEAAAAAAAAAAAAANdfhQwAW5v2+Vps/0/w5ptvafr0GWWu37t3r8LDu/6FKaoYcnNz1bRpc8XGxt7opAAAAAAAAAAAAKACqpAB4Gvlww8/0oABtqeRtteuXbvUrduD12x/N1KtWrX0xBOP/+XH3b//gJo2ba709PS/5HgnT57UhAkT1bFjZ7VqFaaePXtr2rTpV7w/k8mkp58er8qVK9u1fVZWlpo2ba4zZ85c8TEBAAAAAAAAAADwz1EhnwFckZnNZplMV3/arnY/gYGBCg/vctXp+DszDEPjxj2txo0b6eOPP5S3t7dOnz6t7777/or2V1TmDz3U+xqnFAAAAAAAAAAAAChEALgcwsO76uWXJ6lJkyaSpMTERHXt2l1fffWFvLy89Oabbyk5OVkuLi76/ffflZ2do759+6hXr56Ki4vTa6+9rtTUVPXsWRgAnDTpRQUHB2nGjJk6fPiw8vPzVadObY0ZM0YNGtwuSdqxY4ciIuaoQ4f22rVrl9zd3bV48aLL0vbppyu1du06JSYmysvLS+3b36cRI560BHkHDBioZs2a6eDBg0pJSdXw4Y+qadOmWrRosb79dqfS0tIUFBSoF1980XJss9ms119/Q59/vlUeHh4aMuQR9erVU1LhFNDTp7+mqKgNWrlylTZu3KiPP/7Ikp7Tp0+rZ8/eWrt2tYKDg3X48BFFRETo6NFj8vb2Vnh4Fw0ePEhOTk7Kz8/XrFmztWPHt8rPz5eXl5eefPIJdezYweY5SUxMLLP8zGazunbtrokTJygsLMzynVdfnSJHR0e99NIkq+WWkpKiM2fO6LXXZsjf31+SVLt2bdWuXduyr4sXL2rNmrVas2aNEhIS5e3trSFDHlH37t1KPXdz585R69ZttHr1SlWvXt2yTbt2ZwJN7wAAIABJREFUbfXLL78oPT1doaGhGj36Kbm4uGjUqKckSU8+OVImk0kPPthdAwb0t7PGAgAAAAAAAAAA4J+GAPA1tnPnLi1c+I5uu62+YmJiNHDgYDVt2kTVq1fX889P1L//PVtr1qyybJ+QkKAePbqrSZMmMplM+uijjzVx4nNas2aV3NzcJBUGUz08PLR06cdlHtfX11ezZ/9b1apVU0xMjJ5+eoL8/f3Vp8/Dlm2++Wa7Fi5cID8/P0nSM888q6ysLC1YME+BgYGKiYkpNir4q6+2adKkFzV27Bj99NNPGj/+GUteLtWpU0dFRs7RkSNHVbfu/0mSNm3arDvvvFPBwcFKS0vTU0+NVv/+/RQZGaFTp2I1fvzTcnZ21sCBAxQVtUm//fabVq36VF5eXkpOTrZ7imfDMKyWX+fOnRQVtdkSAM7KytLXX3+jt99+y2a5ValSRbVr19Jbb72l3r17q27d/7ss7ytWfKoVKz7V9OnTdPvttyktLU0JCYmW9SXPXW5u7mV5OH36tLy9vbVo0ULl5eVp7Njxeu+99/Xkk09o7tw5uvfedlqwYJ6Cg4PtKhMAAAAAAAAAAAD8c/EM4GusWbNmuu22+pKkGjVqqHr1EB0+fKTM7QMDAxUWFiZ3d3c5Oztr2LChys7O1smTMZZt3Nzc1L9/P6vHve++dgoJCZGDg4Nq1qypnj17KDp6X7FtunZ9wBL8TUhI0M6dO/XCC88pKCjI8r2QkBDL9o0bN1bHjh3k6uqqZs2aqUaNm0vNS6VKldS6dStt2rRJUmFQdtOmzera9QFJ0rff7pSXl5cGDx4kZ2dn1alTWwMG9NeGDRslSS4uLsrIyNTRo0eVn58vPz8/1apVy2p+7S2/8PAu2rNnj1JSUiQVBrWrVq2qxo0b2Sw3BwcHvfPOAoWGhmrp0qXq27e/Hnigm1atWm05/qpVqzVs2FA1bNhAjo6OqlKliuX8S/adO1dXV0ug3sXFRf369VFU1Ca78g8AAAAAAAAAAABcihHA15iPj3ex925ubsrKyipz+8zMTM2fv0DR0fuUnZ0tR0dHZWdnKy0t1bKNr6+vnJycrB539+7dWrp0uc6cOSNJys7OVvXqIcW2qVq1quXfZ87Ey9HRUdWqVStznwEB/sXee3h4lJmXBx4I1yuvvKqnnhqln3/+WRkZGWrTpnDUbWJiooKDg+Xg4GDZPiSkmhITC0fKdurUUSkpKYqIiNSpU7G66667NGrUCNWsWdNqniXb5VerVi3Vq1dXW7Z8rv79+2nTpk3Fnl1sq9y8vb01fPhjGj78MeXm5urzz7fqtddmqlq1YDVv3lwJCQm6+eaby0yfPefO29u72MhrX18/JScnq6CgwGb+AQAAAAAAAAAAgEtVyBHAderUuS7be3h4KC8vz/I+Le18uY5zaQC0yMKFixQbG6dFi97Rxo3rtX79Onl4eMgwDKvfu1RqaqomTJioAQP6ad26NVq/fp2GDHnE6vGDg4N08eJFnT59ulx5KEvTpk3l4uKiXbt2KSpqk9q3v88yhXVAQIDi4+OLbX/69BkFBARIkpycnDRw4AB99NGH2rDhM/n4eGvatOl2Hdee8uvSpYs2b96s2NhY7d9/QPff31mS/eVWxNXVVd26dVVQUJCOHDkqBwcHBQYGKjY2tszv2Dp3kpSSklIssB4XFyc/Pz85OTnJ0bFCXqIAAAAAAAAAAAC4TipkdMnd3V1RUVF2bRsVFSV3d3e7tq1Xr6527twlSTKbzVq2bFm50uXr66e0tDRduHDB8ll6erqCggLl4+MjSVq7dp0yMjLKtd+srCxdvHhRt956qxwdHZWWlqYNGzZY/U5gYKBatGihmTPfUEJCggzDUExMjOLi4sp17CKOjo66//7OWrlylbZv36Hw8HDLutatW+n8+fNaunSZ8vPzdeLECS1dukwPPFC4zQ8//KCjR4+poKBAHh4e8vT0tDlqtog95dehQ3vFxsZp9uy31KRJE/n7F45stlVuqampioiI1KFDh5WZmamMjAytWbNW8fHxuuOOhpKkXr166r333teBAwdlGIZSU1N16NDhcpWdYRiKjJyj3NxcJSQkaMmSJerS5X5JhSPIb7rpJp06dapc+wQAAAAAAAAAAMA/U4WcArpfvz5avnyFFi1apOPHj5e5XZ06deTu7q5+/fqUuc2lIzhHjHhSr746Vf369ZePT2W1bt1KW7d+YXe66tWrq/bt71OvXg+poKBAM2fO0LBhQzV16jQNGjRY7u7uuueeexQYGGj3PiWpWrVqGjlyhEaMGKXKlX3k5VVJrVu31r59+6x+b8qUyZo/f4GGD39CFy5cUHBwkF544YVizwEuj/DwLvrww49Uu3YtNWhwu+VzHx8fRUZGKCIiQkuWfCAvLy+Fh3dRv359JUnJyef0xhuzlJSUJBcXF9WtW1fPP/+c1WMVnRd7ys/T01Nt2oRp69YvNGPGNMvntsrN1dVV2dnZeuWVyUpISJDJZFKNGjfr1VcnKzQ0VJLUt28fOTo6aurUaUpISJCPj4+GDh2i+vXr2V1uQUFBCgoKUo8evWQ2m9WuXVsNGzbUsn7kyBGaOnW6cnJy1KfPw3rssUft3jcAAAAAAAAAAAD+WRyMS+fKvUG2b9+uVq1a3OhkXGbu3Hk6cuSo5syJuNFJwX/t2bNHEyZM1K5d39o1vfLf3Y4dOxQZOVdr1qy60UkBAAAAAAAAAADAVdi5c7fatGlzo5NRMaeAvloFBQWKi4vT9u071LBhgxudHKhwmuS0tDRt3LhJDRs2qBDBXwAAAAAAAAAAAOBaIwBcijVr1mrw4CGqV6+uZZpi3FjHj/+hrl2769y5ZD377IQbnRwAAAAAAAAAAADgb4kpoAEAAAAAAAAAAADgKjEFNAAAAAAAAAAAAADgmiIADAAAAAAAAAAAAAAVBAFgAAAAAAAAAAAAAKggCAADAAAAAAAAAAAAQAVBABgAAAAAAAAAAAAAKggCwAAAAAAAAAAAAABQQRAABgAAAAAAAAAAAIAKggAwAAAAAAAAAAAAAFQQBIABAAAAAAAAAAAAoIIgAAwAAAAAAAAAAAAAFQQBYAAAAAAAAAAAAACoIAgAAwAAAAAAAAAAAEAFQQAYAAAAAAAAAAAAACoIAsAAAAAAAAAAAAAAUEEQAAYAAAAAAAAAAACACoIAMAAAAAAAAAAAAABUEASAAQAAAAAAAAAAAKCCIAAMAAAAAAAAAAAAABUEAWAAAAAAAAAAAAAAqCAIAAMAAAAAAAAAAABABUEAGAAAAAAAAAAAAAAqiL9FANjDw0OZmVk3OhkAAAAAAAAAAAAAUG6ZmVny8PC40cmQ9DcJAAcHBysmJoYgMAAAAAAAAAAAAID/KZmZWYqJiVFwcPCNTookycEwDONGJ0KS4uLidObMGWVlEQQGAAAAAAAAAAAA8L/Bw8NDwcHBCgkJudFJkfQ3CgADAAAAAAAAAAAAAK7O32IKaAAAAAAAAAAAAADA1SMADAAAAAAAAAAAAAAVBAFgAAAAAAAAAAAAAKggCAADAAAAAAAAAAAAQAVBABgAAAAAAAAAAAAAKggCwAAAAAAAAAAAAABQQRAABgAAAAAAAAAAAIAKggAwAAAAAAAAAAAAAFQQBIABAAAAAAAAAAAAoIIgAAwAAAAAAAAAAAAAFQQBYAAAAAAAAAAAAACoIAgAAwAAAAAAAAAAAEAFYbrRCbDXiYRU/fxHkr7aH6sjsck6nZSmrOzcG50s4IbxcHdVNf/KqlvdV/c1rK7GdQJUM8DnRicLAAAAAAAAAAAAN5CDYRjGjU6ENXHJF9Tj9SjFn7ugHGcP5bl4KM/lJuU5e+iiyUWSIclBMgzJwYH3vP/HvHe8mC+XvEy55GXLJTdT7uYsBfpV0vrnHlBQFS/bFxcAAAAAAAAAAAAqnL91AHjYwu3a+p9DSvS7VWYXj8IPi2JgRXjPe95bOOdlKeDsUXW853a9OzxMAAAAAAAAAAAA+Gf5WwaAs3Pz1XziJ4rJc1Fa5er6M8rFK6+82vNaOSVGNdzM2vt6X7m5/M/M9A4AAAAAAAAAAICr9LcLAJ/PzFXohOWKcw9SrlsZ09gWxbrKwnrWs16uOemqnpOgX2cPkLsbQWAAAAAAAAAAAIB/AscbnYCSWr+wojD46+pZ+EFRfPrSV4cyPmc961lvWZ/r5qVY1wA1fe4TAQAAAAAAAAAA4J/hbxUAfnThdp3Kc7Ee/OWV1/+x1w51vDW53c2q7+f2lx8/181LcblOGrZwhwAAAAAAAAAAAFDx/W0CwMcT0rRl7yGl+YQUfvA3Cd79Va8D/lVVxoyWMma0VKCn8w1Pz7V8vbuap/Y8cYcyX71HxoyW+nzI7ep1u68lvzV9XP8W6byS1wNj7pQxo6U+6HVrqetvr+qudQPqq7I5RYdi4m9IOlMr36ytew/qzLkMAQAAAAAAAAAAoGL72zwYtM+sTUryrVP45hoHwUKDb9KYFtXUqqa3grxclJVfoNMX8rT9jzS9F52gn+Mzr8txy/V6IVFS3cL3eVmSTDc8uHmtXpf0qK3bgyrpTHKaPvvpsH6OOy/lukmqX7hdbsb/bn5zLkjykM4nXrbey9lRa/rX1eIN32jsyp+kOs1uWDqTfOuo5xsbtff1vgIAAAAAAAAAAEDF9bcIAJ9ISFVCSrrMATcXBq0cHK7Z66hmQXr7gTpycnSQJBmGIRlSgwAPNQjwkEN+jkbFZ17z45b16uIo5V3U5etLul7H+YtfHWWofoCXJOnN1V9r9taDkqevHN085d5uuGRIuf/qLrl6/iXpcVLha8HFa7O/O5+cLcfc8yqoUku6pWWx9elZ2arXf5JUJUSq3fSanNcrfc13dldcYppOJZ3Xzf7ef82FDQAAAAAAAAAAgL/c3yIAvO/3ROU4uf83WKXiIxiv4v2dQTcpsustcnCQ4pPTNPLNj7X1+4PKyjOryk1uanHHrTJVvVkyfCVJCS82U4Cns97edVrjoo5LhqEV/err4Tuq6ofTGbprzo+Sg/Ry25vVu6GfQrxd5enqpNRss749cV4TN/+h46k5kmGoVwM/rRpwmySp58e/6dk21XVnsKeGrjqkZT8n66V2NTSyebA8XBz12cFz+s/B438WyH/T371+FT13782qXcVNPm4mZedf1M/xGZq6LUZf/Z4mGYb8bjLp7Ev3SJImbP5DTatXUue6VbTi50Q9uvZYqeXzf75umnxfDbW9pbKquJt0NjNfnx1M1sj1v0sOkq+7k6Z2qKkH6vsq0MtFKVlmfXksVZO+OKGTabmX5a/30t80ukU13V3dSzGpuXpm03FFHU5Ryxpe2vlEI0u2Zj3RQ7Oe6KHpX5/Sz2cytGrxIElSrZnfWfY7qe3Neuqean+Wy6kLmtvtFklS0LS9SsjM14o+9fTwv6rq5zMZajznR8kw9ETTIC14sHAaZq+Xdykjz9DcrnU0snmwYlJz9cLWE5rSvqZqVXFTjdf26q6QSqWX7dcx+upYmqW8Krk56eW2NfRgg8LznZlXoB9OZ6j30oNKyynQj0sm6/aAm/ThvgQ9svpoKeXX9orL71pfDzkmd/38RyIBYADA/7d371F+1oWdxz9zn8xMMkkmyeROgIQIBAiIAQGp9qxljxa8YQWst725HLdUbfV0q+6uWBSxUj1sa6vUra2IbFXES3VVtsqdIBDLRUIkSxI0t8nkOpnM9bd//CaTuQSQGkv49vU6h/PL83x/z+37G/56n+d5AAAAAICCHRXvAL577eb0N06pLhyMV6n8ysv/4fQZozfX/rtPfDE3b5ue/ae/MTnnrek+6aJ8s7sjNz+299D2A73Vf+3afGh/e7ZVP/cfioIvm1ubxsH9ufufHst37v5J6ob684YVs/K9f78iDQdv5t27bfT6brhkeZbPqM/2nbuTvdtz+dnz8uFXHpM5bQ3p6+3NBce15eqLz5wwK5WsmDaQY9qSh9auz7fufDDbd3Tn/GPb8+23r8iJs0fma+DA6BYfeeUxufBF07N9x84M795y2PlZ3tGc1e86PZeunJPZLfX52aYtSX9vLji2ur+W+prc/s7TcvnZ8zO3rSGPb9ycaY3Jm0+fk7svX5nO1vpJ13fjpSemoW93enr2Z/nsKfnSJcszc0pd9uzYlnsfWT/6vQ1bduTeR9Zn0/p147ZPf0+SSt551rx85LeWZE5bQ/b39OTfLGnJ1Rccc+h7A73V6xnZtrJ/96HrO3i9STI0WL3ekXXz2uryd29aninpy96e3qT/wNPP7dtW5MTZLUkqaaqryW3/6dT8wfkLc9zM5mzp6k7Xju785nHtaasbqh6rd++4+TiS83e43+9XWe5vbMltj/4iAAAAAAAAlOuouAP4kQ3b098w4Q7gmmRcxKo5zOezjJ/cUb28waGh3Lq3I+mYn6WzpmTd+1aNHrunfzhtH7p9ZH9VwxMj2kEj+730o19IV9f2zJ7TmaktU3L6vHvylSv/c47raMmqha25c8O+cZv9w10/ySVXXp+B4aRp2ao8/rEXJ0nWrNuYc/7LJzI0XMk//tl7cs6K48cd9jPfWZ2PXve5tM2YnZkz2tMy3Jt7rntvprY05/XL23LV9v3jjvPU1h05711XZ+u+gTTNXpQsGfvY4ernB35jXtqn1GdgcCiv+L2rc+cT25OB/pyxfEnSflbefNrsnNjZmiS5+IN/nlvufyJnLJqZ+z73ocyd1pQrzu7MB77/1LjjXnPDt/OBG2/Ly5bOyW3X/WGmNjdk1bzmfPehbTnv/Z/NwLevTpJ86ms/zKe+eW8yZ2kuPvuEMfNa/fjj8+clSR5YuyHnXvGnGa4kt/7pFTnv1GWH/TmGx97pOvYHnLDc2FCfP7juy7n2a7elvraSyqkX5jPfWXdobqe3p6Uydm5bc9X2nrx55aycNr/6+Or3/8X/zie+cltSV5fls1uyc9HLk5rmSX8fR3T+1u+b9Pv9Kv9/9NdPycMbtgUAAAAAAIByHRUBeOOW7vRPOxg/x7y7tFqzxi8/h/Ga4cHRXWZqZ5LkwN5duf+xJ7Ng9ozM7WhPhgbGPzb3oIlRccz617/+dfnwv12WuVMbJw3Pb+ibtL9P/sMDGTjjDUltfZoaKlnc0ZYk+epdj6T3lNcktbX58u0PHwrAI9svP/m0/NWH35wVc1snH6dpoNr3xhznf31vdbYe98qkqSV9Q4Mj/W/8/Jy1oCVJ8qM1a3NnliWnn5vU1OSBvV1JkpfMqu5r/4H+3LJ9enL6a/NAT3fWbtycE5fMz5lz6idd300Pdyenvirra/aMruts6E9aZianXHDopKfNTU591cj5DB9aX5NMa6w9NC93P5IDp742SU2+fPsjhwLw6O8y/veY9A7lCefX29efT6/uTla9KYOVoaSmJsuPPfVZ5raSs2ZX99vXP5hr79qWvOSNSSpZ27snGapN6iZtemTn7zC/36/y/0d/w5Rs2PzzyScNAAAAAABAMY6KR0BXJv7rCD329pENW5MkDfV1+c2lM5JU8tSegZz5+9flC9+7Z8wJVMbtpq62ZnR/7S1N4850RWdr/vLikzN3amP+/v+uzmX/4zP5vT/7u9Fv1A33T4qUmxvmJbV11fMbHhpd398wNamrT2pq0980fdz51CS5+R0rs2Jua9as25h3XHV93vjB/5nuPT3V41SGxs1ckmweaE4aR+6kPni8ifNz8Ph1jcm0OYfG2zqq42MeKZ2ORdXP1pkj+0syOPn69jRX9zPU0DK6rmaof9L5TT6fQ9dbGew/tNg8vXq82tpkasek7Ssj24/+TpVK2lvGxPgJfw/bd+3N0LwXVZdralOTmtz8jtOfZW6T9Pce2uWCkw6d/5RpSV3D4a/v1zF/R/Ax0BPPGAAAAAAAgLIcFQF4wZzpaewfeZxxpXLEPq//4U9HY+FfX7w8F53UkZbWtmTlhWmbMWf8SVQq2baz+j7X4zunJ5VK5rQ25NwTF4372orpldEbTt/7xTty44bGbGvoHLOfyddXaWgaPa89BwazaWt3kuQ3Tlo4uv4VJy0Yt01na33mTK3G509+7fb8zbpK7uqdnfbWKZPOe/SfdQ3POi/3/nRD9dinHJuzF08bXb9yXvVO2Pt+Vn1HbEtzY15z0qykUskZ89uyfGF1vn68bvzji5NUY+jh7sSdcH6HXR6x98BgNmyp3oX82pccn6bapLGuJpectXTS9tt2V0PtotnT01ib1NUkF61c/LTHqeb0Q7G4s61hzNzelr9Zl9y1f9b4ua1Ucu+66lw0Ndbn3ectGl2/tGNKWusnXmv1eL+2+TsCn40DvVk4Z8bkYwAAAAAAAFCMo+IR0EsXzMqPu3fkQGVadcWkeDWc0cfbPofx+3va8p5PfynXXnFZFsxoyS1vOyWVSjI4XElD3dh3xla3v3XNupx6/IJceObS3DFrdpZ2NKe1afydpQ+u25ShoTNTV1eb69/3lty/eX/euWru+At6uuhZqST1jbnmph/kuit+J69auSQ/nDY9g8OVvOK4sXcAJ1u792TT1u4s6pyZD7z11Tn+oZ1502mzUzM2Ej5NTH2m+bnq5tW56KUnp72tJXdcfnoe7+rN1Ka69PUPZuknVueG+7fkPU/+IicumZ+v/O7JWdu1P8fPbE5tbU227Nid6259LJn+ognHG05Se5gbYiuHfYr25PkZTuob87EvfT9/+d5Ls+r4zjz1wZmpVJIpdWMeFT2y2a0Pb8oVv31WOqa15sF3vyQ1NcnyWS0T9v/0MXXrjt1j5va3Dz+3SW54YHOuWLcxpy1bnE9euCxXnLcofYPDWTqrJcd85EfpGZj8Ox/x+Rsdf+5//xPHG/v3Z+nCWZPnBQAAAAAAgGIcFXcAv+zE+SN3AFcmxKvKoZg3bvmXHG/ryKfv25nzLv+T3PSDe/OLrp0ZHBrK7r37smbdhlz75e/mnMs/Orr9ld9Yk5t+cG/29PRmaXttrv/6rbn5tvtHzrK6/7V7avP2q67P+p9vyyuWzcxvHdOU3//UF8dczeEeczz+/P78vq5c+fmvp2vX3qxa0JoD3Vvzoc99ddycVOqb8rr//tmsfnR9lnS05m0rZ+baG76VTdt2HOb6xxz7WeZnbc38rHrnR3Pj9+9J1649WdbRnLrBA/ne3Q8kqWT/tEV52Xuvy2duvjVbu3dl+awp2duzPzf8n7vy0nddky1TFj/z9Y2eyi9zfuO3/6s1u/Khz34123buyZTa4dx675pc9YVvjX6rd2AwqVTyjZ/tz5Wf/3q27NidxdPqs+bhx/Lhz3993PwdPsJXj19paM7r/tuEuf3imLkd+X7fjGNy/h/+RT5543ez/ufbMn9qQ2Y3J/94/6PZ1zPy9zr6e+fXOH//zL//CeONg715+UkLAwAAAAAAQLlqKpWJpexf3pNbd+Vlf3Rjnpp1QsbfuTnyWNzKmOV/zvjubcnmnyZ7tiaDfdVH7ja2Ju2dSeeypGXksbiDfckT9yS7fp7U1iedS5PePcmODUlrR3Laq6v7374+2bgm6e9JWmck805K1t1e3ccJ5yezjk26nkwe/1F13RlvSJrbDp1fpZJs+kmy5bHqO3nb5yZTZycbH6x+/8zfqb7Ld9/2ZP3qpGdn0tiSLFyRPPVQ0rcv6TwhOf7s6jmvvqm63dJzkjnLnn1+endXj797c3X7+inV99Ued1Z1fOBAsmlN0r0pGehN6pqS6fOTxSuT5qnVXR3u+vr3Jz/++5FzOTeZc3z1mHeNvCN5yZnJ/JOfdvv25to0b3s8Wx+7PxkeTH3H4nzryrfnglOPyZObu3LsNfcl9SPvZN64Jtm6NhkeTGYsSqa0V885Sc66rPobr78n2bI2aWpLXvyG8X8f+7qq4/t3JQ0tycJTkqd+kvT1jMztS6vfHxpINv1TsmNj9feua6i+03f5y5P6hmTNN6r7mH18suzcIz9/R+Lvf2R8Ydfa3Pnxy7J4TnsAAAAAAAAo01ERgJPk7PffkAf62jPQMOXwjw0+6Gme7mv8hT++srMp9777nNz31N509fTntHltWTKz+l7ey/7k87lx9zFH9fkfzeMN/b15cfPe3P3xS59hYwAAAAAAAF7ojopHQCfJzX90UTp3b6zGq6d9l2nFeMHj23fszA8feDQnzKjLq1/UkfaGSr6/+uFc8O5rcuPPhp7383shj3fu2pBb/utFAQAAAAAAoGxHzR3ASfK+v70jf33H/8vO9nkZfXdpRj7GnuVo5DJe1HhfT/LE3UlP98ijuhuTto5kwUlJ+/zn//xeoOMz9vwi//H8pfn4754TAAAAAAAAynZUBeAkOeM9f5tHh6alr7F1ZM1h65Zly5Z/ieWmvp6c3LA391/7lgAAAAAAAFC+o+YR0Afd9fHLsqC/O019PdUVleGRz1i2bPk5LDf17cvCwe7cfc1lAQAAAAAA4F+Ho+4O4CQ50D+Yl77/S9mwP9k5de7I2ol3Ok5k3Ljxg2bs3ZwlbbW555rL0lhf9wzbAQAAAAAAUJKj7g7gJGlurM+Dn3prLlm1JAu61qVh4MBh7nSsTFg2btx4Q39vFnaty2VnH5cHrn2L+AsAAAAAAPCvzFF5B/BYW7r35TUfuyWbu3ant7Yp/fXN1f8amjNcW5+j7c5L48b/pcZrhwfTONCXxsHeNA4eSPNwX+bPbs83//i1mTO99bDbAAAAAAAAULajPgAftHHb7jzwxNb84KFNWbupK09t3Zn9vX3P92nB86ZlSlMWds7I8kWz8spTF+f04+Zk8Zz25/u0AAAAAAAAeB69YAIwAAAAAAAAAM/sqHwHMAAAAAAAAADPnQAMAAAAAAAAUAgBGAAAAAAAAKAQAjAAAAAAAABAIQRgAAAAAAAAgEIIwAAAAAAAAACFEIABAAAAAAAACiEAAwAAAAAAABRCAAYAAAAAAAAohAAMAACE4bk3AAAJYUlEQVQAAAAAUAgBGAAAAAAAAKAQAjAAAAAAAABAIQRgAAAAAAAAgEIIwAAAAAAAAACFEIABAAAAAAAACiEAAwAAAAAAABRCAAYAAAAAAAAohAAMAAAAAAAAUAgBGAAAAAAAAKAQAjAAAAAAAABAIQRgAAAAAAAAgEIIwAAAAAAAAACFEIABAAAAAAAACiEAAwAAAAAAABRCAAYAAAAAAAAohAAMAAAAAAAAUAgBGAAAAAAAAKAQAjAAAAAAAABAIQRgAAAAAAAAgEIIwAAAAAAAAACFEIABAAAAAAAACiEAAwAAAAAAABRCAAYAAAAAAAAohAAMAAAAAAAAUAgBGAAAAAAAAKAQAjAAAAAAAABAIQRgAAAAAAAAgEIIwAAAAAAAAACFEIABAAAAAAAACiEAAwAAAAAAABRCAAYAAAAAAAAohAAMAAAAAAAAUAgBGAAAAAAAAKAQAjAAAAAAAABAIQRgAAAAAAAAgEIIwAAAAAAAAACFEIABAAAAAAAACiEAAwAAAAAAABRCAAYAAAAAAAAohAAMAAAAAAAAUAgBGAAAAAAAAKAQAjAAAAAAAABAIQRgAAAAAAAAgEIIwAAAAAAAAACFEIABAAAAAAAACiEAAwAAAAAAABRCAAYAAAAAAAAohAAMAAAAAAAAUAgBGAAAAAAAAKAQAjAAAAAAAABAIQRgAAAAAAAAgEIIwAAAAAAAAACFEIABAAAAAAAACiEAAwAAAAAAABRCAAYAAAAAAAAohAAMAAAAAAAAUAgBGAAAAAAAAKAQAjAAAAAAAABAIQRgAAAAAAAAgEIIwAAAAAAAAACFEIABAAAAAAAACiEAAwAAAAAAABRCAAYAAAAAAAAohAAMAAAAAAAAUAgBGAAAAAAAAKAQAjAAAAAAAABAIQRgAAAAAAAAgEIIwAAAAAAAAACFEIABAAAAAAAACiEAAwAAAAAAABRCAAYAAAAAAAAohAAMAAAAAAAAUAgBGAAAAAAAAKAQAjAAAAAAAABAIQRgAAAAAAAAgEIIwAAAAAAAAACFEIABAAAAAAAACiEAAwAAAAAAABRCAAYAAAAAAAAohAAMAAAAAAAAUAgBGAAAAAAAAKAQAjAAAAAAAABAIQRgAAAAAAAAgEIIwAAAAAAAAACFEIABAAAAAAAACiEAAwAAAAAAABRCAAYAAAAAAAAohAAMAAAAAAAAUAgBGAAAAAAAAKAQAjAAAAAAAABAIQRgAAAAAAAAgEIIwAAAAAAAAACFEIABAAAAAAAACiEAAwAAAAAAABRCAAYAAAAAAAAohAAMAAAAAAAAUAgBGAAAAAAAAKAQAjAAAAAAAABAIQRgAAAAAAAAgEIIwAAAAAAAAACFEIABAAAAAAAACiEAAwAAAAAAABRCAAYAAAAAAAAohAAMAAAAAAAAUAgBGAAAAAAAAKAQAjAAAAAAAABAIQRgAAAAAAAAgEIIwAAAAAAAAACFEIABAAAAAAAACiEAAwAAAAAAABRCAAYAAAAAAAAohAAMAAAAAAAAUAgBGAAAAAAAAKAQAjAAAAAAAABAIQRgAAAAAAAAgEIIwAAAAAAAAACFEIABAAAAAAAACiEAAwAAAAAAABRCAAYAAAAAAAAohAAMAAAAAAAAUAgBGAAAAAAAAKAQAjAAAAAAAABAIQRgAAAAAAAAgEIIwAAAAAAAAACFEIABAAAAAAAACiEAAwAAAAAAABRCAAYAAAAAAAAohAAMAAAAAAAAUAgBGAAAAAAAAKAQAjAAAAAAAABAIQRgAAAAAAAAgEIIwAAAAAAAAACFEIABAAAAAAAACiEAAwAAAAAAABRCAAYAAAAAAAAohAAMAAAAAAAAUAgBGAAAAAAAAKAQAjAAAAAAAABAIQRgAAAAAAAAgEIIwAAAAAAAAACFEIABAAAAAAAACiEAAwAAAAAAABRCAAYAAAAAAAAohAAMAAAAAAAAUAgBGAAAAAAAAKAQAjAAAAAAAABAIQRgAAAAAAAAgEIIwAAAAAAAAACFEIABAAAAAAAACiEAAwAAAAAAABRCAAYAAAAAAAAohAAMAAAAAAAAUAgBGAAAAAAAAKAQAjAAAAAAAABAIQRgAAAAAAAAgEIIwAAAAAAAAACFEIABAAAAAAAACiEAAwAAAAAAABRCAAYAAAAAAAAohAAMAAAAAAAAUAgBGAAAAAAAAKAQAjAAAAAAAABAIQRgAAAAAAAAgEIIwAAAAAAAAACFEIABAAAAAAAACiEAAwAAAAAAABRCAAYAAAAAAAAohAAMAAAAAAAAUAgBGAAAAAAAAKAQAjAAAAAAAABAIQRgAAAAAAAAgEIIwAAAAAAAAACFEIABAAAAAAAACiEAAwAAAAAAABRCAAYAAAAAAAAohAAMAAAAAAAAUAgBGAAAAAAAAKAQAjAAAAAAAABAIQRgAAAAAAAAgEIIwAAAAAAAAACFEIABAAAAAAAACiEAAwAAAAAAABRCAAYAAAAAAAAohAAMAAAAAAAAUAgBGAAAAAAAAKAQAjAAAAAAAABAIQRgAAAAAAAAgEIIwAAAAAAAAACFEIABAAAAAAAACiEAAwAAAAAAABRCAAYAAAAAAAAohAAMAAAAAAAAUAgBGAAAAAAAAKAQAjAAAAAAAABAIQRgAAAAAAAAgEIIwAAAAAAAAACFEIABAAAAAAAACiEAAwAAAAAAABRCAAYAAAAAAAAohAAMAAAAAAAAUAgBGAAAAAAAAKAQAjAAAAAAAABAIQRgAAAAAAAAgEIIwAAAAAAAAACFEIABAAAAAAAACiEAAwAAAAAAABRCAAYAAAAAAAAohAAMAAAAAAAAUAgBGAAAAAAAAKAQAjAAAAAAAABAIQRgAAAAAAAAgEIIwAAAAAAAAACFEIABAAAAAAAACiEAAwAAAAAAABRCAAYAAAAAAAAohAAMAAAAAAAAUAgBGAAAAAAAAKAQAjAAAAAAAABAIQRgAAAAAAAAgEIIwAAAAAAAAACFEIABAAAAAAAACiEAAwAAAAAAABRCAAYAAAAAAAAohAAMAAAAAAAAUAgBGAAAAAAAAKAQAjAAAAAAAABAIQRgAAAAAAAAgEIIwAAAAAAAAACFEIABAAAAAAAACiEAAwAAAAAAABRCAAYAAAAAAAAohAAMAAAAAAAAUAgBGAAAAAAAAKAQAjAAAAAAAABAIQRgAAAAAAAAgEIIwAAAAAAAAACF+P9elFmd7jA4RAAAAABJRU5ErkJggg==' height='250' width='300'/> ]]>
  </system-out>
</testsuite> <!-- com.tribu.qaselenium.tests.apimazaprendo.MAClearCacheTests -->
