<?xml version="1.0" encoding="UTF-8"?>
<!-- Generated by org.testng.reporters.JUnitReportReporter -->
<testsuite hostname="station" failures="0" tests="1" name="com.tribu.qaselenium.tests.apimazaprendo.MAPreconditionTests" time="45.790" errors="0" timestamp="2022-04-07T13:25:22 COT" skipped="0">
  <testcase classname="com.tribu.qaselenium.tests.apimazaprendo.MAPreconditionTests" name="preconditions" time="45.790"/>
  <system-out>
    <![CDATA[ <img src='data:image/png;base64,iVBORw0KGgoAAAANSUhEUgAABLAAAARMCAYAAACJcWqtAAAAAXNSR0IArs4c6QAAIABJREFUeJzs3Xlcjen/P/DXaV9QiTZrMWZUmBGJ7JN9G2PJFsOQ79jCxzqGsY0txm6GiJnsax9iJi0MCpEJLRhqUEJDpeVEy/n90e/cn06dTue0nWO8no+Hh869XPd17vvc2/u+rvctMjExkYCoinXs2FHdVSA1uHLlirqrQERERERERP8CWuquABERERERERERkSIMYBERERERERERkUZjAIuIiIiIiIiIiDQaA1hERERERERERKTRGMAiIiIiIiIiIiKNxgAWERERERERERFpNAawiIiIiIiIiIhIo+mouwL0YZBIJOquAhERERERERG9pxjAomrBABYRERERERERlRcDWFQtlAlgjRkzBqNHj66U5R04cAD79++vlLJI/VasWAGJRIIlS5aouyr/era2thg+fDhcXFwAANeuXcPRo0eRkJCg5poREREREdGHrEIBLGNjYzg7O6Nx48awtbUFACQkJODvv/9GREQEsrKyKqWS9P5TJoBVWcEraVl+fn6VVh6pj62tLRwdHYW/GUipOo6OjlixYoXMMBcXF7i4uGDx4sWIjo5WU82IiIiIiOhDV+4Alru7O/r3748aNWrIDG/RogUAIDMzEwEBAThy5EjFakj/CsoEsLKysmBsbFwpy8vKymK3xX+J/v37y/y9detWNdbm323atGkKx/3f//1fNdaGiIiIiIjof1QOYBkbG2P+/PlCoKo0NWrUwIgRI+Dg4IC1a9eyNdYHTplgkre3N7788stKWd7JkycZwPoXMDY2Rvfu3YXP3bt3h6+vL48nVcDW1haWlpaljre0tGQLOCIiIiIiUhuVA1gLFiwQuvMUl5CQgCNHjmDatGlCy6wWLVpg/vz5zF3zgVMmmBQWFoawsLBqqA29L7p16yZ3WEBAgBpq8++mTOvHymohSUREREREpCotVSZ2d3dXGLxavHgxrl+/XiJY1aJFC7i7uyu1jFGjRiEtLU3mX2JiIkJDQ9GnTx9Vqvves7CwQFpaGg4cOKDyvBs3bkRaWprQUu6zzz7DV199JYy/ceMGHj9+XGl1LYtEItHYfzNmzEBQUBD8/f2ho6OjcFoPDw8EBQWhTZs2Ki+nS5cuCAoKwuDBg5Wa3svLC0FBQbCzsytz2lq1asHDwwPa2tpqX59F/1VU0e6DioaVx48//oi0tDQ8fvwY+vr6JcbPmDEDTZo0KbOc2rVrIy0t7b3vLt24ceMyp6lbt265yz5z5gzS0tKwevVqmXGfffYZQkND8fz5c0RFRcm0wqxduzYOHjyIxMRExMfHY+nSpcI4kUiE5cuX4+HDh0hOToafnx9MTU2F8SNGjEBUVBRevHiB0NBQmXNXVS1T0fckIiIiIqKKUboFlrGxcak3jtLglaJuPf3790dAQIDSXX8uXLiA0NBQAECdOnUwbtw4+Pn5oUOHDnjw4IGy1dYoIpGo2rq17dmzB8HBwUKQau7cubCxscG+ffsAAHPmzJF70/6h0dHRQZcuXXD9+nW0a9cOHTp0wB9//FEly7p79y6+//57xMfHKzX96dOncePGDTx//rzMad3c3DB27FgcPXoUeXl5Fa1qtf5WLSwsSs29JK9Lm6WlJZYvXy53+m3btuHly5dlLlNXVxeDBw/G+fPn0bNnT/Tp0wf+/v7C+JYtW2L58uW4f/8+Hj16pLCsjIwMjB49Gi9evChzuZrs77//LnOalJQUlctt164dTp06Jbd8fX19HDp0CAUFBVi2bBnc3d3h4+ODO3fu4OHDh9i8eTN69uyJtWvX4pNPPsHMmTPx6NEj+Pn5wdPTEzNmzMCBAweQlJSEuXPnIjs7G5MnT4ajoyN++uknXL9+Hbt27cJ//vMf7N+/H05OTtDR0amSZSr6nkREREREVHFKB7CcnZ1LJGwHgNDQUJmcNLa2tnJvLmvUqAFnZ2dcuHBBqeVdv35dJlnz27dvMW/ePDg5OeHBgweoU6cO1qxZg65du0JXVxfHjh3D/PnzkZ+fj48//hjbt2+Hg4MDIiMjcfXqVcydOxejRo3CuXPnEBUVhdzcXJw4cQIzZ85E69at8e7du1LLs7S0hLe3Nzp16gR9fX3cuXMHCxcuxJ9//gkAmD17NiZMmABzc3Pcv38fCxYswLVr11C/fn1ER0fj119/hbW1NWxtbdGmTZsS37W0+ZXZJitWrICjoyNyc3Nx8eJFzJ49G69fv8bXX3+N8ePHo1OnTvD19cVHH30EAEhLS0OzZs2wfv16WFhYoFGjRsJ2W7VqFZydnQEAERERWLRokdLBlrIoEwyxtLREr169KmV5gYGBSgUUnJ2dUatWLfj5+cHa2hpubm64ePGiML5hw4aYO3cumjRpgtjYWDx58gTA/1qU7d+/H3l5eTh16hTGjx+P3NxcbNy4ETY2NvDw8EB2djbWrl2LqKgotGjRAt999x127NiBEydOYO7cuejduzcWLVqESZMmwcrKCjdv3sTq1auRk5ODAQMGYMCAAfD09MSjR4/Qu3dvjBgxAlZWVkhPT0dQUBB8fX0xY8YMDBgwAAAQEBCAlStXok2bNujduze8vb3xf//3f9i2bRuCg4MxatQoDBgwACYmJnjy5Am2bduG6OhoWFhY4NChQzh37hzq1KkDGxsbjBs3rlK2RVmMjY3LzKlXXGnTK9vFrWfPnjAzM8O6devQuHFjuLu7CwGsL7/8Er6+vgCAI0eOYO/evZg1a1ap+2nNmjVx4MABBAYGwt3dHSKRCJ6envj6669Rv359JCYmwtfXFz///DMAlHk8URdlHi6UJ/eYkZERpkyZgsTERAQHB8uMc3V1hZWVFZYsWYKffvoJcXFx8Pf3x+DBg7Ft2zb06dMHoaGh8Pb2hoGBAQYOHIihQ4fCz88PQ4cOxZs3bzB9+nQUFBSgc+fOGDhwIKZNm4YhQ4ZAJBIJ67V27dqYM2cOnJ2dYWhoWCXLVPQ9iYiIiIio4pQOYNna2pYYFhoaKhNkkgav5AW6pOOVDWCZmJigYcOGAApbYPXu3RsAEBsbCwDYvXs32rdvjzFjxsDY2Bi+vr5ISEjA9u3b4ePjI+TeSk1Nhbe3NwDg3bt3AIDc3FxYW1vD2dkZCxYsQHp6Og4cOFBqecuXL4ebmxvGjRuHjIwMbNiwAd7e3nBzc8PgwYOxZMkS+Pn54eDBg/Dz88Mvv/yCjz/+WFjewIEDcerUKRw6dKjE91Q0f1n27t2L169f48svv4S5uTl27NiBWbNmYfHixTLTjR8/HqGhofj7778xZcoUvH79Wma8oaEhTp8+jRo1amDBggUQiURYt24dTp48CRcXF+Tk5Ci1zRRRJoC1ceNGhUmkVdGrVy+MGjWqzOl69OiBFy9eIDY2FqGhoRgzZgxq1qyJN2/eAAAWLlyIpk2bYsuWLcjKysKMGTMA/C+AlZeXBwsLCzRs2BA7duzA/PnzMXfuXFy6dAmbN2/GwoULMWXKFEyaNElYB9J5c3NzARR2dfrpp5/Qv39/dOrUCX379sWJEyeEOkokElhbW2POnDkIDg7GqlWr4OTkhFGjRuHevXs4dOgQmjRpAnt7e8yePRvx8fFo1aoVgMLf1549e3Dv3j106dIFX3/9NX777Tf8/vvvWLZsGb7//nsMHTpU+K127twZFy5cQGBgYLW1wEpISMCWLVuEdVteW7ZsUTrBuLu7O548eYKbN2/ixIkTmDNnDmrXro3Xr1/jwoUL2L17NyZOnIjvvvsOZ86cUWk/nThxItauXYtjx47h22+/xZgxY7BmzRrk5ORg3759Co8n6pSQkIAXL16Uug++ePGiXAncpcd8ecH7pk2bAoDQUlRafrNmzWBrawsdHR1hXE5ODp4/f45mzZoJ8yYlJaGgoECY18XFBQ0aNBC6fsorV9rytLKXqeh7EhERERFRxZU7gBUdHS0TvDI2NlYYvJJXhiLffPMNvvnmG+Hzq1evMHfuXNy+fRuWlpbo2rUrgoKCEBQUBACYMmUKxowZgxMnTqBly5ZC1xEA6NSpE8aOHStzQ16jRg188803wg1baeVt374dhoaGMDQ0RLt27RAaGoru3bvj7du3AICgoCA0a9YMaWlpePfuHSIiItC3b1+ZXDEpKSmYNWuW3O+pzPylMTIygr6+Plq1aoXw8HDY2trKDTpER0dDIpEgOzsbN2/eLDG+Z8+eaNCgATZs2CDk8fnss88wefJkdOzYsVJaEyjbAquyWFlZlbnMGjVqwMXFBYGBgahTpw7u3LkDHR0ddOvWDf7+/jA3N0ezZs1w584d/Pe//wUAtGrVSuhKKy1fT08Pu3btglgsxujRo1G/fn3s2rULGRkZGDlyJBo2bFiiLkU/HzlyBBEREUhPT0enTp3kbkc9PT2IRCI0atQIDRo0QEhIiExuNGnLmHv37kEsFgvDDx06JHTFTUlJwZAhQ5CRkYHc3FzExMTA1dVVJodPamoqfvzxR+VWciW6cOECUlJSMH/+fIXHEHkyMzOxdu1aREdHKzW9qakpevXqhUOHDsHGxgZXr16Frq4uvvzyS+zevRupqalITEwEAPz11194/PgxXr16Vep+mp+fL1P+hAkT8O7dO3h5eQn73BdffAEPDw/s27dP4fFE3SIiIoTWfPLGVTZpiznp95f+b2RkVGIcUPgQolatWsK8RcdJ/zY2NhZ+Q9LAbNFyDQwMqmSZRERERERUtVRK4l5U0Yv9qnDy5EmMHj0aM2fOhEQiwaNHj+Dj4wMAsLa2BlD4NrKkpCQkJSXByckJjRo1EgI/z549E8qS3owWlZmZKXQxU1QeUPjmxQsXLmDWrFk4d+4c/vrrL3h5eQEo7GLm6+uLhw8f4uXLl0JLMV1dXWFZinLoKDN/aUaPHo2UlBSsW7cOV65cwe3bt+W+ta0s9evXBwA8ffpUGCZdf/Xq1VO5PHmUSfgdFRVVKcsCgKioqDKXJ+0u2r9/fxw9elQI3PTo0QMSiUQI7Lx69UqYR5pfqWg5WVlZyM7OFv5+9+4d3rx5I3zW1dWVSWpePMn58+fPIZFIkJGRAQByp4+Pj8emTZtQp04dfPvttzh06BC2b98OCwsLhWU/ffpU+GxpaYnFixfj1KlTOH/+PNq3bw8AQuL34tNXdxL36OhoLFmyBJmZmUrPk5mZiSVLligdvAKAL774Avr6+vjqq68QGxuL06dPAyhsCVcaVfbT+vXr4/Xr18jOzgZQ2G1XLBbDxsYGgOLjibopertjVbz5URp4lQaVpP9nZWWVGAcU5sySDs/KypIZJ/07MzNT+A1JW1spKreylklERERERFVL6RZYCQkJMm9xsrOzw/Lly7FkyRLhwn/JkiUKW2Gp0v3kwYMHOHv2LIDCPCnDhg3DqFGjcPDgQSG4cvnyZcyePVtmPukT96KteaRdEYsq2mpCUXnS8UOGDIGRkRHatGmDRYsWYdmyZTh8+DC8vb3h6uqKrl27IioqCv7+/ujatWupyypOmflLEx4ejvbt26Nu3bpwdXXFunXrsG7dOrRt21ap+aWkAb6iwaoGDRoAgJDzqTrMnDkTn376aaWUpUwwrGfPnkhLS8PatWuFYd27d0ePHj1Qr149pKenAwDMzc2F8VZWVpVSv/Lw9/eHv78/6tWrhw4dOmDKlCkYPXq0whZT0q5OQOH6bdWqFTw9PfHgwQOsX7++RHenotOrQ0JCQpnHESlp8ErVbm0jRozAP//8g6lTpwrDhgwZguHDh8POzk5u3jdV9tPExEQ0adIEhoaGEIvFMDc3h6GhIe7evQtA8fFE3YngX758iejo6BJvm42OjlYqOb6qpC/kkLbOtbOzAwDExcUhISEBubm5wjBjY2NYWVnh0qVLAID79++jRYsW0NHRQV5eHpo0aYKsrCw8efJEKNfOzg6vXr0SuhTGxcUJD14qe5lERERERFS1VApgFVc8iFXWzWd58qcAwNKlS9G/f38sW7YMZ8+excuXL3H58mW0a9cOrVq1glgsxsKFCxEWFoZFixbh3r17cHFxgaenJzIzM0t9e6JUWeWdP38eRkZGmDNnDtLT0/H69Wvk5ubi7du3MDIyAlDY6qJFixZwcHAAUJgc/OrVq2V+t/LOb2VlhfDwcISGhgpvXsvOzi41ybJYLEbjxo3Rr1+/Em/ZCwoKwtOnTzFhwgTExMTA0NAQ7u7uuH//Pq5cuVLmd1CGsq1xqiuRtbW1NVq0aIHAwECEh4cLw7OystCjRw/06NEDe/fuxaNHj+Do6IiBAwdCLBajY8eOAFCihZGiLoLFp5c3r6LyJBIJXF1dsXjxYuzduxc3b94UWm2JxWJIJBKhK1Pv3r0RFhYmd7nS1igWFhZo2rSpcFPv4OCAO3fulFr36qbscaJGjRoqH1MaN24MFxcXHD58GIGBgcLwzMxMDB8+HO7u7kISfaDw7alJSUkK99PLly/LLMPX1xfe3t5Yv349jh07hq+//hpA4ZtBASg8nvwb2draomXLlkJQyM7ODoMGDcLjx48RFhaGp0+fYvLkycjNzYW7uzvevXuHkydPQiwW48yZMxg0aBAWLFgAe3t76Ojo4ODBgwAKu966uLhg27ZteP78Odq2bYt9+/YhPz8fx48fx6xZs/DDDz8gICAA48ePx19//YWbN29CR0enSpap6HtWZutSIiIiIqIPldJdCCMiIuR2k5AGsaRPtaVBrOIyMzPLnUMlKSkJ27dvR926dbFo0SIAwKRJk3D+/Hn8+OOP2L17N5KSkrBt2zYAwOTJkxEbG4vly5dj6NChQvJ0RTfmisqbN28e0tPTcezYMZw7dw5WVlYYPXo00tLSsGzZMvz999/w8fFBt27dMHLkSPzzzz/YtGkTDA0Ny/xu5Z3/+fPnWLBgARwcHPD777/j4MGDePjwISZOnCh3+p07d0JPTw9r1qxBnTp1ZMZlZ2dj0KBBuHHjBjZu3IgVK1YgJCQEQ4YMERKNV1RldkurjH89evQAAFy7dk1m+N27d5GZmSl0I1y5ciUePXqEqVOnws3NTXhTnbSbX/Hvp+izvPVRfN2U9jksLAzHjx/HkCFDsHPnTsycORPnzp2Dr68vJBIJAgICkJ6ejq+++gr29vZyy9q1axeSk5OxePFiODk5YeHChUhLS8N//vMf6OnpVcm2Kg9bW1ul82CpklcPAIYPHw6gMIhU1LVr15Ceni6MP3v2LB4+fIjBgwdj1KhRKu2nu3fvxsKFC+Hs7IyDBw+iadOm8PLyEvLLKTqeqJuxsTEaN25cYnjjxo3L3WW8d+/e+OWXX/D9998DKHzBwi+//AJPT0/k5uZi9OjRSE5OxpIlS2BkZIRx48YJSdRnz56Nc+fOwcvLCx06dMAPP/yA48ePAyh8icWmTZvQq1cvTJo0CceOHRPOD/fu3YOnpycsLS3x3Xff4d69exg1ahQkEkmVLVPR9yQiIiIioooTmZiYKH2X6e7uXmqemPj4eKEllq2tbYluTYcPHxZu4KqatrY2rK2tha5xq1atwpQpU9C5c2eZliZUfVq0aKHuKpAaSLvNqaJ///5Cq6Wy7Nmzp0pyM6nC3Nwcjx49QmBgINzd3dVal4ro1q0b3N3dFb6F8MiRI0q/SZaIiIiIiKgyKd2FECjsPuHo6FgiPwrwv5ZYR44cwfTp02XGRUdHV1vwCgBOnTqFzp07Y+rUqUK+mcePH+PevXvVVgeSpUxrnAkTJmDChAmVsjxfX1/4+vpWSllUveQdX65fvw4AaNeuXYlp1RnAMjExgYeHB4DCNzi+bywsLDB8+HC0a9euzFZvlpaWmDFjBiZMmIDr16/j6NGjVZIXi4iIiIiISB6VWmABhV1MFixYIPcmU57o6GisWbOm1NxMVaFBgwZYv3492rdvj4KCAty6dQuLFi1CXFxctdWBZElzBilSNHdTZXB1da3U8kh1MTExKs/j5+cnBFMyMzPh6+srtPrp1q0bJkyYIDNeGkBSh5YtWyIkJARJSUkYN24cbt++rba6qKr4ulRV8W1DRERERERUlVQOYEm5u7ujf//+pd78ZGZmIiAgoFpbXpHmUiaAFRgYWO6b6eIyMzPRq1evSimLyk/VAJaFhQV27twJoDD4vXXr1hKtfCwsLDB9+nQhiD558mS2BFJR0fVcUVz/RERERERUHVTqQljUkSNHEBAQAGdnZ9ja2grJlBMSEpCQkICIiIhqbXVFmk2ZLoQrV66stBxCR44cUfvb9Eh1WVlZuH79OqKjo0vtGvjy5UssXrwY/fv3h6OjI48z5RQdHa3uKhARERERESmt3C2wiFTRvHlzdVeB1IDddomIiIiIiKgylLsFFpEq2BqKiIiIiIiIiMqLASyqFgxgEREREREREVF5MYBF1YIBLCIiIiIiIiIqLwawqFowgEVERERERERE5cUAFlULBrCIiIiIiIiIqLwYwKJqwQAWEREREREREZWXTtHAgkgkUmNV6N+MASwiIiIiIiIiUoa8GIJOWRMQVQb+tj5M3O5ERERERERUGXR4g0nVgb+zDxO3OxEREREREVWUSCSCSMI7zPdafHw87Ozs1F0NqiBux38PbkvNwO1ApeFvQ/NxG2k+bqPqwfVMRNUtIiICjo6O6q5GqbTUXQEiIiIiIiIiIiJFGMAiIiIiIiIiIiKNxgAWERERERERERFpNAawiIiIiIiIiIhIozGARUREREREREREGo0BLCIiIiIiIiIi0mgMYBERERERERERkUZjAIuIiIiIiIiIiDQaA1hERERERERERKTRdNRdASKqmDNnzuDWrVuYMWMGzMzM1F0dKofU1FSsW7euxHAzMzPMmzdPDTX6cP3666+Ii4uDgYEBHBwc0KFDB9jY2Ki7WqRmYrEYZ8+eRXx8vPDb+Pzzz9VdLVIgMjISx48flxk2dOhQODk5qalGREREVFEqB7BSU1NLXBDY2trCzc0N8fHxsLOzq7TKUfV59uwZwsPDAYA3bO+RyMhIYbv5+flhxowZaq4RlUdqaqpKw6nqDBs2DLt27cLz588RGRmJyMhI3vQSAgICcOvWLeFzcnIyJBIJ3Nzc1FgrUkTe8ZPHVM0gFosRFxeHZ8+eITk5GQBgbW0NGxsbNG/eHIaGhmquIRERaapyBbDi4+NlhkkkEgCAj48PL/TfQ6mpqfDx8UFOTg4AICYmhq153gPFny4nJyfj+PHjGDp0qBprReVhZ2cHKysrPH/+XGZ4hw4d1FSjD5ehoSE8PT2FIBYAHD9+HGZmZnxA84FKTU2VCV5J3bp1iwEsIhUFBwcjLCxMuOaUkt5bGBgYoGPHjmzhSET0HkhMTIRIJAIAGBkZVUv8oNJzYB0/fhyRkZGVXSxVocjISJkLiZycHMTExKixRlQWeV0jAOD169fc/95TXl5esLW1FT5//vnnGDBggBpr9GEQi8UlhhkaGpZY9wEBAdVVJdIwbCFJVHFisRg+Pj4ICQmRueY0NTWFqamp8DknJwfBwcHw8fGRe3wmIiLNkZSUhMTERCQmJpZ4EF9VqiQHlvTGmi2x3g/yIqVsvq25SgteDR06FPb29ti1a5fQFJ/eLwYGBnL/pqqza9cuDBs2rMT+8uzZM5nPycnJSE1NZctUErRu3VrdVaAKuHLlCt6+fSt8NjAwgKurqxpr9O/m5+eHhIQE4bOtrS2GDRsmHFNTU1Nx7NgxYZr4+Hjs378fkyZNUkt9iYhIM1VZEveKBLHy8/Nx+vRpXLp0CS9fvoShoSGaNWuGYcOGybRQKI/09HTcu3cP7dq1q1A5Fy9eRGhoKJYvX15iXFRUFHx9fbFly5YKLaO6ODk5IT4+Xugi0bp16woHH7/66qsSzcMBwMrKCps2bVI4719//QUdHZ0Kb+viwsPD0bJlS9SoUaNSy61OioJX0m3m6emJLVu2wNPTs1JutrOysjBr1izUr18fS5YsqXB58qSkpGDatGk4ePAgtLW1K718RfuruixdulTm5qm4s2fP4uzZszLDmjdvjrFjx1ZouQcPHsT58+cxf/58NG/evEJlyVN0Xe/YsQO1a9fGiBEjKn05leX58+fw8fHBpEmTZIJYxbvKA6i0ANb169dx5swZPH78GFpaWmjQoAH69euH9u3bV7jskydP4r///S969uyJ9PR0jVn/8vZxiUSCnTt3QldXF2PHjoWurq6aaymfvGCy9OYbgHD+FIvFcHBwKFdg69ixY/jrr7/w7bffygy/du0a9u3bh59//rl8lVdRVR+LNUnx4ysAhQGsnJwcjBs3Dj/++CPq1aunsOzU1FQsW7YMWVlZWLt2LWrXrl3h+r7PgoODZYJXpqam8PDwkHlYamZmBg8PD2zZsgVpaWkACvet4OBglbvqVvV1y/t2nU9EpAny8vKQkZFR4WvpKn0LYXmDWJs3b8bff/+NSZMmoVmzZnj79i0CAwOxZMkSrF69GvXr1y93ne7cuYOoqKgKB7A6dOiANm3aVKgMTeLk5CQEsCqr5dyCBQvw6aefqjxfaGgomjZtWiKAJc21Ju1nq6rDhw/Dzs5OpQBWQUEBtLQqvadtuSgTvAIKW895eHjg2LFjcHNzq3DenosXL6JLly6IjIxEcnIyrK2tK1RecQUFBTA3N8fOnTur7IZJE/dXRcGr0sgLCqsiLy8PV65cwZgxYxAUFFQlAayivvrqK5X3n+re5/T19ZGTkwMfHx8MGzYMqampiI2NlRvAqoxWcYGBgTh48CDGjRuHtm3bQk9PDzdu3MDOnTuRk5ODbt26Vaj8sLAwTJw4EZ06dUJ2dnalrsuKHIPl7eNPnjxBly5dqvx3WFE2NjYwNTUVbqoBoH///gAKc0bu379fGB4bG4ukpKT3svtvdRyLPxT3799HQUEBdu3apdL+oknXHJVFLBYjLCxMZpirq6sQvDp27BhEIhGGDh0KQ0NDODk5ISQkRJg2LCxMZnplVPV1CxERqSYvLw9xcXGIZzKIAAAgAElEQVQwMzPTrABWv379Stxgqdp/PS4uDjdu3MD69euFJ1z6+voYNmwYrKyshCe0KSkp8PX1xbNnzyASieDo6AgPDw/o6+tj+vTp6NevHyIjI5GRkQFdXV3Mnj0bz549w759+5Cfn48lS5Zg+fLlSE1NxZ49e5CYmAgtLS20bdsWw4cPh7a2Nn7++WfUqFEDKSkpeP36NTIyMuDp6Ql7e3uEh4cLrQzevHmD7du34+nTpzA1NS1xoxwYGIjAwEAUFBTAwMAAY8aMgaOjYwXW9PsvPT0dO3bsQHJyMgoKClC/fn188803uHjxIi5fvozIyEgkJSWhd+/e+M9//oPhw4fj1KlTWL9+PRYsWAAvLy84ODgAAPbt24eCggJMmDABubm58PPzw82bN5Gfnw9XV1d4eHhg48aNePHiBX744QeMHDkSERERqFevnvAE/caNGzh8+DA2bNiACxcu4Nq1a9DV1UVKSgrWrl2LqKgoHDhwANnZ2dDW1sbgwYMrfKOpqjNnzpQYVtpLE2xsbGBmZia0LKlIECskJASzZs1CzZo1ERISgjFjxgAAXrx4gdmzZ2PMmDG4ceMGUlNT0aJFCyFo8eLFC+zcuRMvXrxAQUEBnJ2d8dVXX0EkEmH79u2oVasWbt++DXt7ewwYMEDmqf+FCxcQEBCA/Px81KpVC+PHj4etrS1evXoFLy8vTJw4EZcvX0ZqaipsbW0xbdo0iEQivHr1Cj4+PkhISICenh6GDh2KLl26yOyvAHD69GkEBQUJ5X/99df46KOPyr2O3hcRERH46KOP0KVLFxw7dgyZmZlCQPfnn3+GoaEh/vnnHyQnJ0NPTw/jx4/HqVOn8PLlS5iammLu3LnQ19fHtm3bYGxsjJSUFKSlpSEvLw+TJ09GkyZNZJa3b98+oQVQbm4ufHx8EBMTg4KCAjRq1AjffPMNTExM5O5z1cXBwQG3bt1CTk4O/Pz8qnRZb9++xaFDhzB27Fh0795dGN6xY0eYmppCR6fwlPzu3Tvs378fd+7cgUQigaWlJSZOnAgLCwtcunQJly9fRsOGDfHo0SO8fv0affr0QZ8+fbB+/XokJyfj4MGDePr0KdLS0oT1Lz3mPn36FObm5ujYsSPOnDmDbdu2ISgoCGFhYVi6dCmAwtYLEyZMwO7duyEWi0scg3Nzc0vdt0s7Br969UpmHy/tvFjWPq4urq6uQosdfX19obVecHBwiWnDw8Ph5uZW6V3xSztvmpiYwNPTU+F5Udl9b86cOTLbKTY2Fn5+fkIwtEePHujbty+AwodNp0+fFoIuAwYM+KASb5d2jZifn499+/YhMzMTs2bNwpIlS5Cfn1/qNWvx82HTpk1x6dIl1KtXD48ePUJaWhomT56MsLAwJCYmIjs7G7NmzUKDBg2Qm5uLQ4cOCQ8gGzVqhIkTJ6JmzZoKfy/VKTY2tsS9wfPnzxESEiLzgoTWrVvDzs4OdnZ2MgGsnJwcxMbGqvRwVd51S1ZWFiZPnoyVK1eicePGAApzt8ybNw+7du3CrFmzSt2HyrrO/1CvKYiIlCENXmVnZwOQ/yC0Zs2aqFWrllLlVcpjnrS0NCQkJKBevXpo0qSJzL+ymlkXd/fu3VLn69SpEywtLQEAW7duRYMGDbB582Z4e3sjKSkJp06dAgBoa2vjzp07WLBgAdasWQNDQ0MEBQXBwcEBPXr0gJOTk3Aju3XrVtSpUwcbN27E6tWrERMTI5w4tbW1ER4ejq+//horVqxAt27dcOTIkRL1Onr0KHR0dLB9+3YsXboUt2/flvk+x48fx6JFi7Bp0yaMHDkS69evR0ZGhkrrpTKlpqYiISFB5p/0NcZAYa6X4uOL54OpqHPnzqFmzZrYsmULtm7dio8//hhRUVEYNGgQ7Ozs4O7uLnQpeffuHd6+fYs9e/aU2Qzf398fz549w+bNm7Fp0ybcvXsX58+fh5eXFwBg0aJFZb7ZTU9PD3FxcejevTvWrl2L3NxcYdtt374d33zzDXbt2oU3b95U2vpQxtixY2USnSp642dkZKRwUViRJKixsbEwNjZGgwYN0KVLF1y5cgV5eXkAAC0tLeTl5eHdu3dC68hbt27h+vXrAIDdu3fDzs4O27dvx7p16xAeHo4bN24AAHR1dXH16lUsWLAAEyZMkFlmXFwc/Pz8MG/ePGzatAn9+vXDunXrkJeXB21tbeTm5iI9PR2LFy/GDz/8gNu3bwsvHdi2bRvs7Ozw888/Y8GCBdi9ezeePn0qU/6DBw9w8uRJoYtbmzZtsGvXrnKvI3U5c+YMFi5cKLdVXmmCgoLw+eefQ1dXFy4uLvjjjz+Ecdra2vjzzz8xZcoUeHt7QyKRwMfHB15eXvD29kZaWhpu3rwJoHDbX79+HVOmTMGqVavQvXt3bN++XeGyAwICkJycjM2bN2Pbtm3Iz88XjtnF97nqpErOGx8fnwodCx8+fAixWIxOnTqVGOfo6IhPPvkEAHDq1CkkJibC29sbmzdvhq2tLbZt2wagcDvFxMSgbdu2WLp0KaZPnw4/Pz/k5uZizpw5sLCwwMSJEzFq1CiZ8o8dOwZtbW1s374dCxYswIULF5Rq6SHvGKxo3y7tGFyUovNiWfu4ukhvagHIdDUtLWFp0XNqZSntvFmW8u57mZmZWLduHUaMGIHNmzfju+++w8mTJ3H37l28ffsWu3btwsKFC7FlyxYsXrwYN2/eRG5ubqV/b01V2jViixYt4OHhgfr162PTpk2oXbu2wmvW4udDbW1txMXF4fPPP8fKlSvRrl07eHt7Y9CgQVi5ciUcHR3x22+/AQD++9//4sGDB1izZg02bdoEU1NT7NmzB0D5fy+VTd4xMzIyEsHBwcJLZ6TBq9KmV+W4W9p1i7GxMZydnXHhwgVh2vDwcLRp0wbGxsYKy1R0nf9vuaYgIqoKxYNX2dnZQtL3ov+SkpKULrNSWmClpqYqPFir0gIkKyurzGZlb968wf379zFr1iwAhSf/rl274uzZs0Kujw4dOghN4G1tbZGSklKinIyMDMTExAhPdvX19fH555/jjz/+QM+ePQEAn376qRANbNy4MQIDA0uUc/fuXYwYMQIikQh6enro2rWrcGESERGBtm3bwtzcHADQqlUr1KhRA/fu3UPbtm2VWieVRSwWY//+/XK7xhRV2tu2rK2tMWnSJKWfKq9bt65EhHXEiBEYMGAAzM3Ncf36ddy6dQsODg4YPHiw3DKk83fq1Empp+/Xrl3Dl19+CV1dXejq6mLZsmVCqwZVGBsbC3lMdHV1sWPHDuF7N2/eHNra2nj58qXSkeLKYGdnhxkzZiAgIABpaWmwt7eXO13RroampqYyN16qCg4OFlqKmJiYoGnTpoiIiJAJAkpvxg0MDNCqVSvExMSgffv2mDt3rrDNatasCTs7O+GmTiQSwd7eHnXq1CmxzKtXr6Jdu3ZCsLpdu3b45ZdfcP/+fSGw3blzZwCF3SWtrKyQkpKCjIwMxMbGwsvLCyKRCPXq1cOOHTtgZGSER48eCeV/9NFHwnCgcB/39/cv9zqqTsnJyYiNjUVkZCRiY2MBFG5vU1PTMnOEJCcnIyUlBS1atABQ+JZDaYBQqmXLlsLvvF69ejAxMYG+vj6Awpv2V69eCdN+9tlnQustFxcX7N27F+np6aUuf+DAgejTp4+wPzo6OgrfAZDd56qTjY0Nhg4dqlQgUNrVsHi+LGVlZmbC2NgYenp6Cqe7fv26cBwDgB49esDf3x9ZWVkAgLp16wrBLltbW+Tn5yM1NRUWFhallnn37l2MGjUKIpEIxsbGcHV1RVBQUJl1lncMVrRvl3YMLvrbUHRelLZakLePq5MmvHFQ2fNmceXd9+7evQsTExO0atVKWL6TkxMiIyPh6OgIExMTBAcHo1u3brCxscH8+fMr4Vu+X5S5RizrmlXe+dDKygoNGzYEUHgstrGxEbrB1atXD3/++SeAwv1t0KBBQvfmvn37wsvLC/n5+eX+vVS2soK5rVu3FlrDi8VihIeHq1xGUYquW7p27YpNmzZhzJgx0NXVRXh4uNCqXBFF1/nv8zUFEVFVKh68qixVmgOrPGrVqoUHDx4onEZ6IVw0eFCrVi2Z/BRFgywikQgFBQUlypFOv3jxYmGYtPmvvHK0tLTklpORkSGTV6lmzZoydS1+o1O8rtUlLCyszOCVIsnJyQgODlY6t8e8efNKzYHVs2dPiEQinDlzBps2bULLli0xfvx44YamOGUDRWlpaTLrX3pBkZ+fr9T8UsWb2F+4cAFXr14VcsDk5eUJf1cnQ0NDDBs2DDExMdi1axcGDBggExwunidL1cSnRWVkZCAiIgK3bt3CL7/8AqAwP0d2drZMAKv4+pbeaMbExCAgIABisRgikQjJyckyuW5K26ZpaWm4c+cO7ty5Iwx7+/Yt0tLShACWvP1Suk8VrU/Rv6VycnJw+PBhPHz4EEBhdy11bMvyKK2bmzL7dVBQENLS0jB+/HiZ8uLi4oTtUjTHk5aWVonPRY9/8vazzMzMUpf//PlzHD16FCkpKRCJRDLbEyi5z1UnJycnmJmZ4cyZM2W+ArgiQSwTExNkZWUhJydHYT6t9PR0mf1Duq6l577i5zcAcs9NRRU/TykKdslTtD6K9u3SjsFFKXNeVObcW12KtswGIFNPfX19ufnsVM2XVtp1irTlKaD6eVOqvPte8d8hUPhbfPXqFUQiEZYuXYozZ85g5cqV0NLSwuDBgz+oLoSAcr9TZa5Zi69nZY/FaWlp8PPzw+HDh2XmTUtLK/fvpTrp6+sL+eSkD1krEiwu67qlRYsWMDAwwM2bN2FtbY3MzEylcrUqus5/n68piIiqWnly/pZF4wJYrVq1wtGjRxEfH1+i1Za/vz9sbW2F4WlpacKJ+M2bNyonBJN2R1uzZo3cG11l1ahRQ+bGrejJt3ji1/LWtTJIb3KtrKxKBKGePXsm5Pfo169fiZsL6Y1dZXaL6NGjB3r06AGxWIw9e/bg119/FZ5QFle09VXxbi9isVhoJWJiYiLzpD89PR35+fklLtC1tLRkLjAURYYjIyNx8uRJrF69GhYWFpBIJPDw8FD+i1YBBwcH2NnZwc/PDzY2Nujfv7/cJO8V6T544cIFtG/fHlOnThWGFRQUYPLkyUhOThae5qenpwtPjjMyMlCrVi1kZGTA29sbs2fPFnJF/PDDDzLll9airnbt2ujcuXOJroUAFAZ+pdu46HHhxYsXJZL2Hzt2DE+ePMGSJUtgYGCABw8eYNmyZQrXRXWRHt/EYjHi4+PLDKYoKzc3F3/88Qc2bNggtGwDCruYBAcHlyuJdtH9TNolWlGgeevWrXBwcMDMmTMhEolw6tQpxMXFqbzcqmJnZwcvLy+kpqYiNTVVuGHctWtXiZNveYNYTZo0gZGREUJCQmRavgHArVu3hOTfpqamMutX2l3ZzMxM5k1eqjA2NpY5zhVt0STvmFqcdH8ta98u7RhclCadFxW5cuUKwsPDS9xQp6amQiwWw9DQEHZ2diV+x0VzZCnL3Nwcz549g0QikTk2PnnyRCbYWNp5U9F5sbz7XvHfISC7naytreHp6QkAuHfvHlatWoWPP/64Qi/aUVXxt7kaGBjg+++/r7blK0Pa9V/RNWt587uZmZlh6NChpb6YSJXrrKpibW1d6nHLxsZGJpl7aQ9jlE3CXtZ1i7W1Nbp06YKwsDDY2NigY8eOQoBY0T6k6Dpfk68piIjUSUdHB/b29oiNjVW5MYkiGveqk6ZNm6JTp05Yt24dbty4gaysLKSmpuLQoUM4c+YMrKysULNmTTRv3lxoqp2bm4vQ0FA4OzuXWb6Ojo7QDcPY2BiOjo5CcmyJRAJ/f39cunRJpTrb29vj8uXLkEgkEIvFMnll2rVrh5s3bwpdb27duoXs7Gy1vnVJetFd9F/Ri20bG5sS4ys7Ge3PP/8sPNE2NDQUAkOA7DaSx9zcXMhrlJ6eLpOLwNnZGUFBQXj79i3evn2LtWvX4vr169DS0oJIJBLKrVOnDhITEwEUts6S12Rd6s2bNzAxMUHdunUhkUhw8uRJiESiCr8RrqIMDQ3h6ekJU1NTbN68WW4XqLNnz6qUI0lKIpEgODi4RL4w6YsOirZGCA0NBVB4YxsVFQVHR0dkZ2cjPz9fSOodGRmJx48fK7XOXFxccO3aNeEG++XLl/jxxx/LjODXqlULH3/8Mc6ePQuJRIIXL15g/vz5+Oeff2Sme/PmDWxsbGBgYACxWIzffvsN+fn5as/dMmnSJHh6esLNzQ0DBgyAl5eX3NYMVlZWJYaV1drj6tWrsLS0lAleAUD79u0RERGhsOVUaW7fvi0c1y5duoSGDRsqfBDw5s0b2NnZCS12rl69qvZ9SB4zMzPhmGhjYwNPT0/hJqYoaRBLldwsurq68PDwwKFDh3D27FkhEPLHH39g69atQqCiXbt2CAkJEX6TgYGBcHR0rNBx+OOPP0Z4eDgkEgmys7Nx9epVYZy5uTmeP38uLE/RObCsfbu0Y3BRmnheLO7MmTPCNpJH2gWvY8eOJcbJG1YWZ2dn5OXlwc/PDxkZGXj79i2uXbuG33//XQh2KjpvKjovlnffa9GihXBcBwqDnrdu3ULbtm3x+PFjLFu2TDh21KtXDzo6OtXe8kRecFnTVOSatSwuLi4IDAwU1sOff/6JX3/9FYDi30t1UhTMTUtLQ0hICEJCQhQ+sFEmIKzsdUvXrl0RFRWFS5cuCV2VAcX7kKLrfE29piAi0gRGRkawt7cXHhbo6emhXr16Jf7Ju78pjca1wAKAqVOn4uzZszh8+DBevHgBAwMDtGzZEqtWrRJuwKZNm4bdu3cL+W5at26NgQMHlln2Z599ht9++w1TpkzBtm3bMG3aNOzZswfTp09HQUEBmjRpovLb5dzd3bFt2zZMnjwZpqam6NKli5Bg08HBAcOGDcMPP/yAgoICGBsbY/78+WUmjPw3WLNmjdzhO3bsQL9+/bBnzx6cOHECWlpasLGxwaRJkwAUXpD5+fkhPj4eX331VYn5R4wYAV9fX1y7dg1mZmZwcXEREosPHjwYmZmZmDlzJgoKCtCuXTv06tULIpEIrq6uWLFiBYYNG4aePXti48aN+O6772BsbIyWLVvKfZuUtD5hYWGYPn06jIyMMGTIEHTu3Bnbt2/H4sWLVX5RQWXr2LGjcDNlamoqNMeXvtpdmiR16NChSpcZHR2NzMxMtGzZssS49u3bY/PmzUJwxczMDHPmzEFmZibat2+Ptm3bQiQSoW/fvli4cKGQOHXMmDHw9fVFgwYNFC77k08+wciRI7F69Wrk5eVBR0cHgwYNgr6+fpktyqZPnw4fHx9MnjwZenp68PDwQKNGjWSe/g4YMABbtmzBzJkzUatWLUyYMAGJiYn49ttv4e3trfQ6qkxFW5YW5ebmJhMstLKygpeXF549eybTMqisrqLBwcFo3759ieFmZmawtbWVuRhXVuvWrbFz504kJyfD0NAQU6ZMUTj9yJEjceDAAZw4cQINGjTApEmTsHbtWuzduxfNmjVTefnVRRrEqqyWWN27d4eJiQlOnz6No0ePQiQSwc7ODrNnzxbyk33xxRfIzMzE3LlzIZFIUL9+/TLXb1mk56mpU6fC2toaHTt2FM5TLVu2xCeffIKFCxfCzMxMCMDI6w5laWmpcN8u7RhcNH+aovOiOrrXyyM9bpbm1q1bcHJygp2dXYkWZaXlJ1TE2NgYy5Ytg5+fH6ZPn468vDxhu0tbuik6byo6L5Z33zM2Nsa8efPw66+/Yt++fdDS0sLIkSPRvHlzSCQSODg4YMGCBQAKHzwNHTq0zOP7h6q816xlGThwILKzszFv3jwUFBTAxMRE6Cau6PdSnezt7Uvtaquvry8E1eQ9KJAOV2afUua6ZcSIEbC0tETTpk2RmZkJW1tbYRpF+5Ci63xNvKYgItIk0iBWbGws6tatW+GW2iKJio9j4uPj4ePjo9JCVEniTqqR19VSnmfPnsHHx0fIvVL8huvYsWPCW+ucnJxkgh1lzUsVp+x2LI1YLEZycrLCfFjFt2tFpaSkYNq0aTh06JBSbzP7UCi7LRcuXCj8bWZmhnnz5pWYJjU1FevWrRM+29raCl12UlNTERkZKeRvqk47duyAubk53N3dq3W5qqjoPlVc8aBhUQYGBpg3b16lt1StbAUFBcK+GhYWhrNnz2LVqlVqrlX1U+a38euvv5bamsfOzg6urq7C9l67dq1MAGvevHka1x3yfVOe46jU6tWrARQG7os+AAAKX14hDfgrmpfKpsoxVt62AGS3hzLTVJYtW7agSZMmJbpya6LKPpcREZUlIiICjo6OSk1btJV9rVq1FLamz87ORlZWFurWrVuh+vGu8wPh5+cnXIzn5OQIrXOAwkCHNHgl/Vz06bOieUkzSLuFFuXk5CRzcRYZGQkfH58K5cWSh8lKKy41NRXHjx+X2TbPnj2Tm7BdyszMDG5ubmq7Uf7QtntZ3QlLe3urpvD398fy5cuRm5uLvLw8XLx4sVwthT4UY8eOhaenp9x/bm5uQvDqypUrJVqNhYSEVPpxluh95ubmJtPaSVm2traVHryKi4tDdHS0yr0tiIioYoyMjCocvAI0tAshVb7iF9hFk/nKy/FR9OJb0byk2Tp27Ijk5GQhQBkfH6/SmySp+kRGRsLKykrovhUcHFypL02gilPUnbAib86qDr1798aTJ08wffp0aGlpwd7eHkOGDFF3td5LqampCAkJQUxMjNxWWpGRkYiJiYGDgwM+//xztsYiAuDh4QE/Pz+ZLv2xsbFCAntpKgQpW1vbSn9hzsqVK5GYmIipU6fKfUMqERFpPpUDWNbW1iq/JlnZt4dQ1enQoYNMonInJyeZv69cuSLckOnr68PBwUGpeUnzDRs2DACEIFZl3WjXrVsXR44cqZSyPkT9+vUrcfNbdN9yc3Mr0VVXU46lFc3H9D4rLYjl6uqqxlqVzcDAADNmzFB3Nd57RbvUK5KTkyO0Zh4zZozMOZUqT/HjaNEXWshrYVh0mKJ5qfJJXzwTHBwsXHMmJyeXeFCjr6+Pjh07VnrLKwD47rvvKr1MIqIPWdFc0NWV41vlHFikWVTNQSCdvviFwbNnzxAWFgag8Eas+I1z0XmL5v6gylHVOQ7EYjGCg4ORmpqKYcOGcftVIear0AzVuU85OTkxQPEeqchvo2i+SGWVluOOSsfjqOaryDYSi8WIjY3Fs2fPhACWtbU1bGxsYG9vz2uUIrgvEFF1UyUHljqwC+EHRNHTLBsbG6GljqrzkuYzNDRkt0GiSsR96sNUntxWpb1djehDZWhoCCcnJ7boJyIilTGARURERKSEsWPHqrsKRERERB8svoWQiIiIiIiIiIg0GgNYRERERERERESk0RjAIiIiIiIiIiIijcYAFhERERERERERaTQGsIiIiIiIiIiISKMxgEVERERERERERBqNASwiIiIiIiIiItJoDGAREREREREREZFGEx09elSi7koQERERERERERGVRkcsfqPuOhAREREREREREQl0dLShr6+PmjVrwMTEBDqmpibqrhMREREREREREZFAW1sLurq6MDIygp6eHnTMzWuru05EREREREREREQCkUgEbW1t6OnpQV9fDzomJmyBRUREREREREREmkMkEkEkArS1taGtrQ0dQ0MDddeJiIiIiIiIiIhIRmEQq/Cfjo6OjrrrQ0REREREREREVCotdVeAiIiIiIiIiIhIEQawiIiIiIiIiIhIozGARUREREREREREGo0BLCIiIiIiIiIi0mgMYBERERERERERkUZjAIuIiIiIiIiIiDQaA1hERERERERERKTRGMAiIiIiIiIiIiKNxgAWERERERERERFpNAawiIiIiIiIiIhIozGARUREREREREREGo0BLCIiIiIiIiIi0mgMYBERERERERERkUZjAIuIiIiIiIiIiDQaA1hERERERERERKTRGMAiIiIiIiIiIiKNxgAWERERERERERFpNAawiIiIiIiIiIhIozGARUREREREREREGo0BLCIiIiIiIiIi0mgMYBERERERERERkUZjAIuIiIiIiIiIiDQaA1hERERERERERKTRGMAiIiIiIiIiIiKNxgAWERERERERERFpNAawiIiIiIiIiIhIozGARUREREREREREGo0BLCIiIiIiIiIi0mg66q4AkTLevc3EmUNzAQADRnpDT7+GmmtERERERERERNVFIwNYWVlZCAm5iNu37+LJk0RkZGRCJBKhdm0zNGliB2dnJ7i4tIWOjkZWXyM8ePAXFi5cKnweM8YdgwcPVGref/55hcmTZwife/bsjsmTv670OqriYdxF2NrVh+T//23/aX+11oeIiIiIiIiIqo/GRYBCQi5i714/iMU5JcY9f/4Cz5+/QFjYVXTt2gnTp/+fGmr4P8HBF/DTT7uFz/Pnz4Kzcxs11ujfKy4qAIOH9gEAnA0IYQCLiIiIiIiI6AOiUQGsY8dO4fDh4yWG6+joQFdXRyaolZubW51VIzV6nZIAkVY+Gts1AgDkvsvE65QE1K5rq+aaEREREREREVF10JgA1p070SWCV46O9hg1ahg++qgptLS0kJWVjZiYWAQGBgMQqaei74mmTZtg//7/tQ7T1dVVY20qJjYqAC4d/teyzaVDG8RGBaBjj+lqrBURERERERERVReNCWAdPHhM5vOnn7bEwoX/kclzZWxsBGfnNnB2boOUlH9KlPHq1Wv89tt5/Pnnbbx8mYJ373JRs2YN2Nk1RteundG+vTNEItnA14oVaxAVdRcAoKurg8OHf8GFC5fw++9BePIkETo6OnB0tIeHxwjY2FgDKJlfSmrt2o0yn3fu3II6dcyFzwkJj/H770GIiYnD69epkEgkqFvXHM50+xoAACAASURBVJ9+2hIDBvRF3bp1ZOaXl8eqUydXHDlyArdu3UZmZgYsLS3Qs6cb+vfvLTPvw4ePysyBFR+fgMOHj+PevQfIz89H48aNMHjwADRu3KjEdytOIpHg+vUbuHjxMh4+jEdGRgZ0dXVhYVEXrVq1QN++vUp8n/J49zYTT+NvoG/fCcKwT5p/jIshvnj3NpPJ3ImIiIiIiIg+ABoRwPrnn1f466+HMsMmThynMEl78eBIZOSf2LRpO7KzxTLDU1PTEBkZhcjIKHz6aUvMmzcT+vr6pZa7Y4cPQkIuCp/fvXuHiIibePDgL2zYsBqmpiaqfDXByZOncfDgUUgkEpnhSUnJSEpKRmjoH5g9ezpat/601DISEh7D3/8sMjMzZebfu9cP2dnZGD78S6Xrc+dONFat8kZubp4w7N69B1i9egMGDuyrcN63b99iw4atiIz8U2Z4Xl4+Hj9+isePn+L8+RB4eU2Fs7OT0nW6ELAGj+MjSwzv3K0zTM1Mhc+mZqb49LMWOLhzfIlpGzdxQtd+C5ReJhERERERERFpPo0IYBUPXjVq1ADW1lZKz5+YmIT167fg3bt3wrD69euhdm0zPHz4SAhqRUXdwc8/74GX1xS55eTm5iEk5CK0tLRgZmaKV69eC+PS0tLx22/nMXLkMNSoUQMuLm3x8mUK4uP/FqZp1qwpatc2Ez7r6+sBAC5dCsOBA0eE4aampnB1bQcAuHw5HG/eZEAszsGGDVuwYcNqWFlZyq1fWNg1AEDNmjWQm5uLnJy3wjh//wD069cbxsZGZa6v7GwxNm/+SSZ4VbNmDdjYWCMxMQmnT59TOL+Pzz6Z4JWhoQGaNm2CtLR0PH2aCADIyXmLH3/cirVrl6NRo4Zl1gkAkpNiMXbCGCHXlSK9+/dA7/49ZIbdi7sP/+NnlVoWEREREREREb0/NCKAlZ7+RuazpaWFSvMfP+4vE7waOvQLjBw5DEBh665Fi5bhn39eASgMJg0ZMgj169eTW1ajRg2wePF8mJmZ4c8/72DlyrXCuOjoWACAjY015s6dWeIthIMHDyjxFkKJRIKDB48Kn2vXNsOGDatRq1ZNAEDfvr0wc+Z8ISB18uRpTJkyqdTvOnHiOPTp0xPv3r3DypXrEBMTB6CwVdTDh4/QqlWLMtfXlSvhSEtLEz7b23+CRYvmwsDAABkZGVi6dDX+/vux3HmTkp7hwoVLMt/nhx++h4VFXQDAkSMncPToSQCFifZPnPgvZs9WLldV7y+X4fCB79G7nxs+bd1SqXmkom7dwe9ng9H7y2UqzUdEREREREREmk9L3RWQT7UE7bdu3Rb+NjIyxJAhg4TPdeqYo3fvHsWmjyq1LA+PUTAzK2xF9dlnLWFWpOtaampaabOV6vHjpzL5umxtG+PevfuIiLiJiIibePLkKczNaytVt48+aoo+fXoCAPT09NCxY3uZ8crWTxqIk3J3HwIDAwMAQM2aNWXWX3HSfGFSffr0EIJXADB48EAYGRkVmf5OiW6Tpald1xa9v1yGsCt/IvBcsFLzAMDvZ4MQduVP9P5yGd9MSERERERERPQvpBEtsExMasl8fvHihdLzZmVlIysrS/hsaWkJPT09mWkaNqwv81naGkuejz/+SOazkZGREBjKzc1Vul5SL1+myHyOjPyzRO6oolJT05Cbmyv3rYGffNKsRN2KysvLgzKKdo0EUKI1WoMG8lunASW/T/36sutWT08XNjZWePgwHsD/tk+NGsolW69d1xa9Bq9A4MklyDkRgEFD+iuc3v/4WSQlvUKvL1cwoTsRERERERHRv9T/Y+++46Oo8z+Ov3Y3m56QSnpCIAkgEFroIKAIVkCOU1HAhr0cit7hnb1gQ05/tpOznZ6AAnasiCCKEERaqAmkQnrvyWb398fCkkBCUSQL934+HjjMzne+85mZTXTffue7TjECKz4+rsV6VlYOeXnHH2I1d/i3DJ4Is9kFT0+PFq8Zjaf+EjV/HLK5Dh18WqyfrNoOv2bHO2KqtX1PdP/WuLp5c8mUeWzeuPmYbbds2sQlU+YpvBIRERERERE5gznFCKygoEDi4+Mck7nbbDbefPNd/va3uzCZTK3uU1RUTFBQIF5ennh5eTlGYeXl5dHQ0NBiFFZWVs4RxztVDv+2xIsvvoBrr516yo7fmuaPLAJkZ+fQocNZjvWcnP1t7tv8cUH7vtkMGNDPsd7Q0EheXoFj/eD9OVEN9VW4ubkfs52bmzsN9VUKsERERERERETOYE4xAgvgyiv/3GJ9w4aNPPHEs6Sl7XWM6Kmvr2fjxs3MmfMs77yz0NG2X7/ejr/X1NSydOknjvWiomK++urbFn3369fnpNTs5ubWYr2kpPSINp06RbcIzFatWk1+fsER7err61m16kdWrlx9Umo7mh49zmqx/sEHH1JXVwdAVVUVH330WZv79unTcpL4L7/8tsUcXx9//FmLRzr79En8TaPi8vZtJyT02N9EGRIaSt6+7cdsJyIiIiIiIiKnL6cYgQWQmNiTK66YzKJFSxyvbd68lc2bt+Lq6oqrqyvV1dWOMGvYsMGOdpMnT2Tdul8cj94tWfIxa9euJyDAn7S0PdTU1DrajhgxtM1vIDxRYWEtA5Z33lnIL79sxM3NldDQEKZNm4LBYGDKlD/z4ov/AqCysoq77prNoEFJhIR0pL6+npyc/ezYsZPa2rqjTqB+sowYMZT331/i+PbHbdt2cMstMwkPDyMrK4eampo2942ICGf06LMd30RYUlLKXXf9jbi4LpSXl7cY7WY2m3/z+ZQUZhDbJcqxnrE3k08+XAbAhEkX0alzDACxXaIoKcwguvPA33QcEREREREREXF+ThNgAfz5z5fi7+/H22//l9raOsfrDQ0NR8wL1XyS88jICGbNuoPnn3/ZsV9Ozj5ycva12KdPn0RuuWXGSau3S5dYoqMjHaHNwRFiAJ07d3K0GzVqBKWlpSxYsBir1Up9fT0//PBTq33+njm8jpenpwd33nkLTz45F4ulCYCKikoqKioBOOeckaxYsarN/W+44RrKyysc35hYW1vH1q3bWrRxd3fjzjtvJSYm+jfVWLBvC4ljB1BXW8uq739i44YtDD/vdgAWvfcSffsnMnL0MGI6xbD8m/XAZb/pOCIiIiIiIiLi/JwqwAIYM2Y0gwcP4LvvVrF581aysrKpqqoCwN/fny5dYhk0KIkhQwa12C8pqR/PP/8MX375DRs3biY/vwCLpQlvb2+6dOnEyJEjGDp00EkNiAwGA3//+7289977bN26jfLyijYnML/00vH069eHr7/+jm3bdlBUVITFYsHPzw9/fz9iYqLp3bsX/fufnMcbj6VPn0TmzHmYRYuWsnPnLpqarMTERHHRRefTrVvCUQMsNzc3/v73e1i7NpmVK1eTlpZOVVUVLi4mQkI60rt3Ly68cNwR83+diP05uygvi+eTpcvoENiFyde84pjnavI1r/DTty/x2ktvMercYezP2fWbjyMiIiIiIiIizs+QkbHz931lnMgfYHPyIvJyUujeZ3ybjwdm7U1mx6ZPCY3sSe+BV5ziCkVERERERETkVFGAJSIiIiIiIiIiTs1pvoVQRERERERERESkNQqwRERERERERETEqSnAEhERERERERERp6YAS0REREREREREnJoCLBERERERERERcWoKsERERERERERExKkpwBIREREREREREaemAEtERERERERERJyaAiwREREREREREXFqCrBERERERERERMSpKcASERERERERERGnpgBLREREREREREScmgIsERERERERERFxagqwRERERERERETEqSnAEhERERERERERp6YAS0REREREREREnJoCLBERERERERERcWoKsERERERERERExKkpwBIREREREREREaemAEtERERERERERJyaAiwREREREREREXFqCrBERERERERERMSpKcASERERERERERGnpgBLREREREREREScmgIsERERERERERFxagqwRERERERERETEqSnAEhERERERERERp+bSXgcuLS1n374CampqsVgs7VWGnAQmkwmz2YyHhwfu7u7tXY6IiNMyGo2YzSb8/X3w8HBr73JERERERE4b7RJglZSUk56eTd++/QgLC1PocZqrq6sjNzeXtWvX0rdvIh07BrV3SeIktmzZQWJi9/YuQ46T7tcfz2KxUFVVQ1bWPkJCAvD0VIglIiIiInI82iXA2r8/n/79k4iJiWmPw8tJ5u7uTmxsLEajke3btynAEhFpg4uLC35+vhgMkJ9fqABLREREROQ4tcscWDU1dYSHh7fHoeUPFB4eTlVVdXuXISLi9Ly9vaivb2zvMkREREREThvtEmBZLBbMZnN7HFr+QGazWfOZiYgcB5PJhM1ma+8yREREREROG/oWQhERERERERERcWoKsERERERERERExKkpwBIREREREREREaemAEtERERERERERJyaAiwREREREREREXFqCrBERERERERERMSpKcASERERERERERGnpgDLic3+Yg9TF2xrc/uiTfn0nLvuFFYk7e3Rlfnc/GlOe5fxP6O8ronAJ7exv7KxzTZj/7OXdzeVnsKq5HgNnp/GpzvLAfhubyU9X9zdzhWJiIiIiMhv5dLeBZwK9RYrz67MYsHGPPYW19LBw4U+4T7MHBHFBd0Cf3f/VfVN+Ny/ivT7htIpwP0kVGw3oUcQVfVNJ62/M8Wv+2uZt6aQdTk11DTaiPI1c1FXH24dGEigp3O+pc99ay8z+gcwJdHvd/VzQbwP1Q3Wk1TVmevSBRn8mFXNhpsTiPYz/6HHun1QIF2D3P7QY5yp/rwokxXpVfzfhRFc1fvQz8bOwnqGvZ6Gl6uBrFlnnZRjdQ1y4x8jO56UvkRERERE5NRzzk/7J5HFauOC1zeTU17Hc5fEMzi6Ay4mA6v2lDJ/7b6TEmD9UYbEdGjvEpzOd3srmbYkm2v6BvDAqI5E+rqyr6KRRSllfJ9ezeQeZ+41a2yyMSDCs73LcHrppQ2szqzGz93EO5tKuH9USJttG5tsmE2G33W88d3O3PfcqZAQ6MY7m0paBFjvbCqla6ArOUcZ+XaiIn1dmZLoetL6ExERERGRU+uMD7D+uyGPnzPL2X7vYGKbjY6a2DOYCT2CHeuLNuXzxHcZZJbWERvgwSNjY5nY077945RC7vk8jen9Q/l0WxGltY2cExfAq3/qiovRwLmvbQRg1Ku/4mIycPOQCO4ZGU1VfRP/+GoPn6QUUVlvYUinDrx8aVdi/O119JmXzIXdA1mfXUFuRQMGA7wyqSsjYu0f5GZ/sYecsjr+e2UPAH7OLOe2D3eRVlxLYpj3EeFbQVUDMz9JZUVaKQYDjEsIYN74BAKcdFTSibLZ4J6vcpmS6Mec80IdrycEufHgqBBsNvt6YbWFfyzPY3VmNQYDjO7kzeNjQvH3MAEw8o09TOjuy8r0ajbsryUuwJX5EyLYmFvLUz8UUVZn4bKeHXh6bDiGA9lGRmkDD6zIY/2+GkwGAxd39eWhUSF4uhopr2ui8z938vTYMD5IKaOi3kqYtwuvXBJBmI+Zv3+bx47COh5Zmcdzawrp1dGdtyZFMf+XYt7cUEpuVSO+biYmndWB+0d2dAQqI9/Ywzmdvdiwv46CKgv3nR3M5vw69lc08q/xkcd1rvN/KebV5GLK6ppwczHw5x5+PHbuoWt3JnpnUwldg9y4MtGPl5OLmX12R1yM9mu6bFcFD67IY9JZfnyTVomn2ciX02NJL23gwe/y+GV/LXUWK2cFu7PoshhHnz9n1TBvTSFZ5Q0khXs67i3YHyGc1tufaX38uebDbCJ8zTwx5tA1XrCljOd+KuCXmxOwWG3M/anQ8T5JDHFnznlhdA+2j+BalV7Nw9/nkVnWiNFgHzW0bFrsKbx6p9758d4s2lrOjsJ6uge7UW+xsnhbGXcPDebJ1fmOdjYbvPlrMa9vKCW3spEuAW48em4Iw6K9AGhosvHQijw+3F6Oi9HADf1b/n78bm8lf1mWS8odCYD9Wj++Kp89JQ24GA0MjfbkqfPCCPU5M35fioiIiIicac74ObC+2FnMyM5+LcKrgw6GEyv3lHLt+zuYe3E8JY+ezWPjOnP5f1NYl1XhaLunuJYATzO/zBzA1lmDWZNRxrsb8gD47qa+9n5u6Ufa7CHcMzIagOmLtrOnuJZ1dyaR+9AIeoV6c+nbW7DaDtXwcUohC67sSco9g7hnZHSbc16V1Fi48PXNXDcwnNJHz+b/Jibw8k8t50K67N0Uahub2PnXwaTcM4i8ygamLWx7Dq3Tze7iOrLKG5nSy7/V7Qfv5/Uf51DbaGXtjXH8OKMLBdUWbvms5bV6b3Mpj58bQtrMrvTo6M5VS7JZk1XDqus78921XfhoRwVfpVYCUN1gZcKCDM4KdmfjLQmsntGF1OJ6Hl2Z36LP5Jwalk2NZe2NcUT4mnlsZQEAc84LpXuwOw+NCuWXm+N5a1IUAB29zCy8LJqMu7uz9IoYvthdwZu/lrTo87NdlcwfH8nam+KY0P3IkT5HO9e04noe+b6A9y+LIf3u7my4OYFLW+njTNLYZGPh1jKu6u3HZT39KKlpctzHgzLKGvFxNbLq+i58OT2Wynor49/LIMbPleSb4kmd2Y0HR4fQfGDWgi1lvH95NNvu6IrZZHDc28NdlejH4pRyGpsO/ZAv3FLGlER/DAZ47qdCPtpRzuLLY9h+RwJJEZ78aVEGlfX2x0Jv/TyHG5MC2Xt3N3b+pSv3jzrzH3lzMRqZkujHO5vs7/3PdlVyVkc3Ovu3HC317w3FvLq+hH9PiGTv3d2ZNSyYqxZnsa/CPkpr7o+FrM6sZsW1XdhwSzz7KxtIL21o87hmEzw1Noxdf+nKupvisFht3Pv1/j/uREVERERE5Hc54wOswuoGIjocfX6aN5NzmdI3hHFdA3AxGhjfI4jxZwXxZvKhDzN+7i7cPsw+6sXT1ciYhACSmwVch8spr+ejlEJendSNEB9XXE0GHj+/M6lFtaTkVTna3Tg4gmBv+0iO8T2CySqrJ7/yyA9dH6UUEOrjyu3DIjEZDfSL8OG6geGO7XuLa1m1t4wXJibg5+FCoKeZ5y6J54udxeRWtP0h7nRSVGOfDyzsKCMkMkob+CmrmifHhtLB3USAhwuPnRvKt3uqyKu0ONpd3SeAxFAPPMxGLu/pR3ppA4+da9+nS4Aro2K92ZhbC8Cy3RWYTQbuO7sjHmYjAR4u/GNkCIu3lbc49h2Dgxyjpy5I8OHX/bVHPZ+J3X2J9XfFYLCPIruuXwA/ZFa3aDM10b/NESHHOlezyYjNZmNLfh0V9U14uRrpF+5x1JpOd8t2V1JWa+WyHn4Ee7kwNs6Htze2nGDdy9XAbYMCm+1Tgclg4NFzQ/FxM+JiNDAo0hNP10O/Hu872/64qq+biam9/dq8t+d09sZsgm/22EOz9NIG1uVUM6WXfVTlgi32kUVxgW64uRiZPcI+yvObNHt7V5OB1JJ69lc24mI0MCTK6+RdHCc2rbc/S7aVU2ex8s6mUqb3DjiizfxfSvjr8GB6hrhjNMCFCT4MjPRk2W777+GFW8uYNTSYCF8z7i5GHhodytGeDh0a7UX/cA/MJgP+Hib+Ojz4iJ8/ERERERFxHmf8sxLBXq7sK68/apvs8jrGxLf8wNQlyJMt+w8FTYFeLSeC9jCbKK6ua7PP9JJaDMB58ze2eN3T1UhuRQOJYfb1oGb9epjtH5gr65sI8WnZX055PXFBLcOHuMBD69nl9bgYDUT7HRpp1uVA++yyOsJ8T/+5X4I87Y/F5VZaiPBtfWLufQc++Ec2O99O/va2+ysbHWFQ81DIy9WIl6uBDu4mx2ueZgNVByZLzypvpKC6kcHz0xzbrTYbRgNU1R+aUD3Q89D+7i6H9m/LN2lVvJxcSEapfQRJTaP1iFEnRwvrjnWu/cI9+PeESF7fUMLdX+2je5A7s4Z1ZGyc91HrOp39Z1MJY+N8CPKyX7epvf25cnEmmWWNxByYzD3Y0wWT8VCykV3eQGyAGeNRwo5w35bvl7burclo4PJefizYUsZFCb4s3FLG2Z28ifA1Y7NBblUjsc3uscloINLX7BhF9N7kaJ5bU8jIN/bg72FiWm9/7hgc9Juvx+ki1t+Vnh3d+eeaInYW1nNxVx9Wph8Kk2w2yCprYM6qQuatKXK8XlVvpW+YBzYb5B12bb1cjXT0ansC/93F9cxZVUBKQR31Fhs2G1Q1WKm3WHFzOeP/346IiIiIyGnnjA+wLuwWyK0f7iKztM4x99RBNpv9sbOoDu6kl7QcUbG3uJYov+P7ZjGj4chPvgePtfrW/o4RVr9HZAc3Pt/eciRVXrORWlEd3LBYbeSU1xN5YMTZ3mL7OUX5nbxvRmxPCYHuRHcw835KGUkRR44kstkgwseMxWpjf2Uj4QfmKMoss1+ng+snKtLXTJSvKz/dENfq9vK6Y39TpAFbi/WiagvTlmbx7p+iGdPFG6MB/rW+mA+3txzV1cpby+F4zvWirr5c1NWXeouVhVvLuPrDLHb/pRs+bmfeB/S9JQ2szqjGy9VI9//bBYANGzbs82I9cGAyd8NhFzWqgyvpm8ux2jhqiHW8pvTyY8Tre8irtPB+ShkPjT54XAjzNpNZ1sCgSPtk/FYb5FQ0OgLZszq688bEKGw2SN5Xw2XvZ9IzxJ3RsWdu6HjQ1X0DmPFxNrcMDDwiQDIYILKDmYdHd2xz0vxQbzMF1Yd+Fi1WGyV1bU8Cf8PHOYyN8+HVSyLwMBvZml/HqDf3HPaTKiIiIiIizuLM+xR7mKn9Qxkc04Fx/97E59uLKKxqpLTWwifbipj0ny0AXDMgjIUb8/kutZQmq43PtxfxybZCrh0Qfoze7Txdjfi6mdhVWON4LdrPnQk9gpixeAfZZfYRYKW1Fj7YXIDFeuIfkSb2DCa1qIblqfZ5YoqqG3m92SOOnQM9ODvWj7s/TaW8zkJJjYV7Pkvjgq6BZ8ToK7B/iJ17fhjvbS7lwe/y2V1cT02Dld1F9vmolm4vp5O/K0OjvLh/eR4V9U2U1jbx4HcFjOns85snZ74owZeqBitPry6kst6KzQY5FQ18fdjcSkcT6mMmreTQSMDqRhtWm41eIW4YDVBSa+HdTaVH6eFIxzrXtOJ6VqZXUXdgREmQpwsGOOpjVaezdzaVEONnZt2N8ay8rgsrr+vCquviuHdYMAu2lLWYl6q5ixJ8sVhtPPJ9PpX1VixWG8k5NdQcYwRdW+ID3egT5s5fvthPVYOVixIODaeckujHP9cUkV7aQL3FyjOrC7DZYGycDw1NNj5IKaO8rgmDwT5SzMVowHS0FPMMclGCD0unxDBzSOsjzm5MCuSJVQVszqvFZoPaRis/ZlaTWWYPqa7o5ceryUXUW+z37fUNJVQ3tP27tqyuiW5BbniYjVisNl5NLj75JyUiIiIiIifNGT8Cy8Vo4MsZvXlmZRb3fp7G3pJaOri70Cfch7vOtk+mfU6cP/Mnd+POj3eRXV5PJ393FlzVk8Exvsd9nKcviuO6D7ZT02Bl5tlRPHReLO9M6cGj36Yz6tUNFFQ1EuhpZmQXP/7UK/jYHR4m0NPMsuv7MPOT3TxkSsfPw4Wr+oawdGuho83703py16epJDz9MwYMjE0IYN74+BM+ljM7t7MPn0+N5bk1hVz4Tjq1FhtRHcxcmODD6Fj7fEGvT4zk/u/yGPhaKgYMjI715rFzQ37zMX3cjHxyZSceXZnP4PmpVDdYCfdxYUqiP+PifY7dAfb5sf6ybD9v/VpKnzB3PpzSiQdHhTBhQQaBHi74eRi5IN7nhOfgOdq51jfZmPNDAanF9RgNBqI7mHl7UnSLuZ3OFA0HJm+/Z1jHI4LKmwcG8sr6Ir5MrWg1DPJxM/LxlTE89H0+/V9NxWK10aOjOwv+HP2b67ky0Z+7vtzP9f0CWowmmjUsmCarjUsXZFJR30RiqDtLrojBx81o//a9lHLuX55Po9WKv4eJOwcHcXan/415sMwmAyM7tT3S7KakQNxdDNz++T6yyxvxMBvpE+bOE+fan8e+Z1gQD67IZ/SbewjzcWVQlAdxAW2H9/MuCOOB5XnM/6UYV5ORS8/y5f2UspN+XiIiIiIicnIYMjJ2nvInJtas+ZUpU6ac6sPKKbBw4ULGjTunvcsQJ7Flyw4SE7u3dxlynHS/Tq0tW3YQGxvW3mWIiIiIiJwWzryhGCIiIiIiIiIickZRgCUiIiIiIiIiIk5NAZaIiIiIiIiIiDg1BVgiIiIiIiIiIuLUFGCJiIiIiIiIiIhTU4AlIiIiIiIiIiJOTQGWiIiIiIiIiIg4NQVYIiIiIiIiIiLi1BRgiYiIiIiIiIiIU1OAJSIiIiIiIiIiTk0BloiIiIiIiIiIODWXNWt+be8a5Azz9dcr2rsEcSK5ubntXYKcAN2vU0vXW0RERETk+BhsNputvYsQERERERERERFpix4hFBERERERERERp6YAS0REREREREREnJoCLBERERERERERcWoKsERERERERERExKkpwBIREREREREREaemAEtERERERERERJyaAiwREREREREREXFqCrBERERERERERMSpKcASERERERERERGnpgBLREREREREREScmgIsERERERERERFxagqwRERERERERETEqSnAEhERERERERERp6YAS0REREREREREnJoCLBERERERERERcWoKsERERERERERExKkpwBIREREREREREaemAEtERERERERERJyaAiwREREREREREXFqCrBERERERERERMSpnZYB1le7iol87Kfjajv7iz1MXbDtD67o91m0KZ+ec9f95v3rLFYM964graj2uNqfyPU7FY5Wz/ub8hn84i+U1lpO07t4OAAAIABJREFUcVUiIiIiIiIi4iycIsBam1mB4d4VlB1nSHFWiBePn9/5uNpO6BHE1Ulhv6e83+TH9HIM967gug92/OHHMhsNvDgxgWBv83G1P5Hrl/T8et5en/t7yvvN9azcU8pra/fzzQ198fdw+UNrEBERERERERHndVqmAtF+7lwz4PhCqSExHf7galo3f+0+AjxceH9TPv8cH08H9z/uUpuMBm4fFnnc7U/k+h2PxiYbZpPhN+/fVj2juvgzqov/7ylNRERERERERM4AThlgzfwklf0V9bi7GNmSW0VVQxN3nx3FrUPtIc1Xu4qZ8cFOch4YBoDVBq+uyeGVNTlkldUT4OnC/WNiuWFQOLO/2ENOWR3/vbIHAAVVDcz8JJUVaaUYDDAuIYB54xMI8Gz9Uuzfv5/w8HBsNhv5+fmEhoYes/7SWguLtxTwxmXdufPjXby7Ia9FwPRzZjm3fbiLtOJaEsO8uaBbYIv9+8xL5s+9O/Lt7hLWZVXQNdiTBVf1YH12BQ99nU5pbSNT+4Xy0qVdMRjsjxB63LeS1L8NIS7I44Sv33eppdz7eSrpJXUYDfYRUatv68/MT1JJyavib1+k8fh3GfQN92bx9F70mZfMuK4BrMuqIL+ygUfHdWZIpw7csHgHv2RX0tBkpWeoN/PGxzMo2tdxXt+llvLg13vZnl+Ni9HApF7BvDa52xH1NDbZeGx5Ou9uyKO8zkK/CB+en5BAz1Avx/W5sHsg67MryK1owGCAVyZ1ZUSs37HfXCIiIiIiIiJy2nHKAAvgs+1FrL6tP0mRPuwurKHPvGTGJgQSF+RxRNsXVmfzzx+y+GBaLwZG+1JU3UBWWX2r/V72bgr+Hi7s/Otgmmw2rnpvG9MWbmPZ9b1bbf/MM88wZswYLrzwQm6++WaefPJJunfvftTa//NLLt6uJiYndmRdVjnz1+5zBFglNRYufH0zj53fmVuGRLA5t4qL39hMgGfLx//eTN7Pkum96NbRi5uW7GT8W1sY2dmPTXcPpLC6kSEvrmdc10DG9wj63ddv2sJtzLmgC9cMCMNitfFzZjkAz0+I58f0Mm4fFnnECKmlWwtZfWt/wnxdAcgqq+OmwREsmR6A2WTk6e8zufTtLey5bygeZiO/5FRy0RubePPys5ic2BFLk43k7PJWa398eTqLNuXz9Q19iPF357HlGZw3fyO7/joEX3cTAB+nFLLqlv4Ee5v5zy+5TF2wjcx/DDvqfRERERERERGR05NTzIHVmnFdA0iK9AEgIdiT+GBPNuRUtNr2xZ+yeWhsLINjfDEaoKO3q2Pf5vYW17JqbxkvTEzAz8OFQE8zz10Szxc7i8mtaGi174cffpiPPvqI+fPn89RTT/H3v/+dVatWHbX2f6/dx1X9QnE1Gbh+YDhb86ododBHKQWE+rhy+7BITEYD/SJ8uG5g+BF93DQ4gr4RPniYjVydFMae4lqeuyQePw8X4oM8OC/BPgLpZFw/NxcjOwtryCmvx8VoOK6RTDMGhjvCK7A/BjixZzBeriZcTQYeGNOJ6oYmdhRUA/DKmhz+3DuEK/uG4Goy4OlqbPPxwLfW53L/mFgSgj1xczHyyNhYAJbtKHK0uXFwhGPOr/E9gskqqye/svV7KCIiIiIiIiKnN6cNsIK8Wo5I8jAbqaxvOqKdzQZZpXUkBHses8/sAwFNtJ+747UuB0YkZZfVtbqPn58f99xzD++99x7e3t5cfvnlvPDCC20eY3V6GdsLarhuoH3EUmKYN0mRPrz28z4AcsrrjxgFFRd45Kio8A5ujr97uZrwcjXi12wicy/X1q/HQcd7/QA+vTaR9JJa+sxbR8LTP/Psyqw2+z0ooll9AJX1Tdz+0W66PbOWqMd/otMTa6huaKKwqhGAjJLju0c2G+yrqKdLs2tiMhqI8XdvcY+an5+H2eioQURERERERETOPE77COHxMhgg2t+d1MLaY44ciurghsVqI6e8nsgDAcze4lr7tmahVnNr1qzhmWee4eWXX2b58uWsWLGC+fPnt3mMg0HV2PmbHK9V1lvYllfN8xMSiOzgxufbW44UymvnkUO9wrx5f2pPbDZYk1nOBa9vone4N2MTAjC2MTe74bDXH/hqL6lFNfx4W39HuOT/wA/YsAHQKcCd1MKaY9ZiMECErxvpJbUM62SfgN9qg8zSujbvkYiIiIiIiIic2Zx2BNaJuG1oJI9+m05yVgU2GxRWNbIhp/KIdp0DPTg71o+7P02lvM5CSY2Fez5L44KugS0eh2vu22+/5eWXX+ass85i69atzJ8/n6Cg1uedKqmxsHRrIS9fmsCmuwc6/uz462DczUbe3ZDHxJ7BpBbVsDy1BICi6kZeT95/8i7GCWposvHfX/Moq7VgMECItysuRgMuB5KrMF83dh1H8FRa20gnf3dHePXa2n2U1Vkc228ZEsEHm/NZtCmfhiYbNQ1WVu0ta7WvawaEMee7DPYU11JvsfLIN3ux2eCi7q1fdxERERERERE5s532I7AA7jo7GpPRwNWLtpNdXkegp5kHxsTSv5V5sN6f1pO7Pk0l4emfMWBgbEIA88bHt9n3Aw88gNFoz/meffZZx99b859fcvHzcGHGoAhcTS2HKN08JILX1u7jjuGRLLu+DzM/2c1DpnT8PFy4qm8IS7cW/saz/31sNhv/3ZDHXZ+k0mi1EuBp5m+jYzgnzj4/1V9HxzDjgx386+d9JEX58O2NfVvt56HzYrl60Xb6/TMZL1cTF58VRLTfoccMB0T58sm1vXnw673ctGQnbi5G/tSrIyM7Hzlq7v4xsTRZbZz7r42U11noG+HDNzf2cUzgLiIiIiIiIiL/Www2m83W3kWIiIiIiIiIiIi05Yx4hFBERERERERERM5cCrBERERERERERMSpKcASERERERERERGnpgBLREREREREREScmgIsERERERERERFxagqwRERERERERETEqSnAEhERERERERERp6YAS0REREREREREnJoCLBERERERERERcWoKsERERERERERExKkpwBIREREREREREaemAEtERERERERERJyaAiwREREREREREXFqCrBERERERERERMSpKcASERERERERERGnpgBLREREREREREScmgIsERERERERERFxagqwRERERERERETEqSnAEhERERERERERp6YAS0REREREREREnJoCLBERERERERERcWoKsERERERERERExKkpwBIREREREREREaemAEtERERERERERJyaS3sXcDQ2m40vktPYtDefdbtzSdtXTHVtfXuXJacpLw834iKDGJQQSp/YEC4aFN/eJYmIiIiIiIjIcTDYbDZbexfRmnU79zHl2U+pdvGiztWLBrMnDW6eWI1mMBjAZtNSyxNaGq2NuNZX49pYi3tDNT5NNSz663iSEsLb++0uIiIiIiIiIkfhlAHWNf/3Fd9s3Ud+YDxWk1MPEpPTmLGpkZDiNMYlRvLWHePauxwRERERERERaYNTBVgWK/T72/tk1Jmp9Alp9xE7Wv5vLH0qc+nsYeWXpy7DRbPCiYiIiIiIiDgdp/q4PvnZZWTUulDp09H+gs2qpZZ/+LLSJ5T0GiN/nrsMEREREREREXE+ThNgJe/ax/q0PPvIK2gWMti0rvU/fL3CJ4T1qblsSM1FRERERERERJyLUwRYNpuNqXM/I8+/M2BrFjLY2nV9+XU92XF3fwZGeLPyxkT6hHr+7v5TZvbDNmc4s0dGgc1Gt2B3bHOGY3tyBJE+Zqc6/1O5vmhKN2xzhvP6pLg220/uEYjtyeHUPTrsD6kn178zU579FCd6qlZEREREREREcJIA64vkNCqNHvYJ21uEC8de9g3zouqRYdw4IPS497u6Xwi2J0dge3IEef8YbJ/36LB2kT5mrJVFXDxrLnPGhFNVmMuWtKwTru+IZW2FfVluH+lTW17Kuu17WbdtL/U1Vb+//z9o+fnVPbA9OYKXxnf5Q/pP3bmDddv3smf3zrbbVRbY/25t+kPO02oyU2lw56tf9iAiIiIiIiIizsMpvuJv0958alw8flPoYKorx8vViGt14XHvN6N3B8exQ7zNXNLVn4+2l7Rol1NYytgHPoMuQxgz6wUwmqD7uSdcX6vLg2w2MssbGDzrX/b17ueCq7nV/VxNBhqa2jHEqiwCAqA87w/p/4GPfuWBtz6HgGiISmyjHS39AXXUmDxIySjgggFxiIiIiIiIiIhzcIoAa11qLg0uHoDNHlIYOGx58FvjDn+dZuGD9bj27xrkwfAE+zxb63ekM6B7LDP6+vPRtmJH+0VXnsXlvYP5MGUA1Q1NjE0YhwF4+ed9PLo8EwwwMNKHlyfG0znAA193E1X1TSTnVHLP53vYml8NNvByNfLC+Hgm9giiscnK3B+yD520zf6PbpEd2fH8MwBEzVlLTnk9eQ8MJcTbzKPfZTKqsx+Do32Z8cEO3t1ceMT5+bm5MHt0NBN7BBHj70ZVfROf7SjmusW7wABnBXvy+PmxDIryxdfdRFpRLa+u3c/ryblYgW5Bnuy4ZwAAMz9L45r+ocQHebIlt4prFu9kd2EtKXcPoEeIJwC3nd+P286H4hoLQY/+hIvBwM2Dw7lhYBhdAj0oqm5k2c5i/vFVOmX1FrDhOJ9nV2XTL8KHAZE+FFY3MvOzND7fUQwGA4tmX8XlvYN5Y30eM5buAhuMTfBn7kVdiA/y4OfMCr78Na3Z9bPfzwB3Fx46rxMXdQsk3NeV7LJ6PtlexOPfZVLR0HQc75+W2xvMHvy8S/NgiYiIiIiIiDgTp3iEMC2nmAaz+2EjYmythFNtbLe/eFz7z+gbAMDOzFwefG85AON6hBHZwfVQ+wOPqk3qGYRPYxmf/5BMR28zj5zXiaExvmCzEW6uxVhbztuff88jb3xEWmYOY+P9+Xhad1wM9npeGt+F6weE4mmy8n3yZm5OCqJbdMeW9dZVHjqF+mr7srEWgAfOicFYU8oHy9dSkpd9xPmZDbDqpt78bVQU4V5GPli+luVrN9HdtwmwkRDoTvId/bi0RxBZOfv4cMU6uge789qkBJ48P/aI4993djhfrV7H/oJChsT48tLFsQC8+9l3pO8vBGBzWjYvfPAN/1r6DdhsvDQhjhcnxBHs1sS8hctI3ZvBrUPCWX5DL0wHh0wdOJ+ZwyPYsWMH67ftpkugO+9eloCn2Wi/PwcfD6ywj/CKC3Tn82t60ivUi+17sinJy+GJSf1a3G9XI/xwc2/uHBaBsaGaBV//hLexgXtHRvH19b0wcpzvn2bbG8we7MwqRERERERERESch1OMwAJahgmOETGGVtd/vLUfwzp1aLH7i9NH8GKzdcNfvz9if7PJyPSkcAAWrdzI8iIvisoqCfLz4do+ATy2KhfHt9MBG3dncunj/wVXd0b1jqdLREcGBMGaTPjq13Q+/vBD8A3B3dOTD37eza43Z9M5yIu4ADfSS+qY1j8MgLtefJ/XftxLsOlDshc+hsm1WW7Y7HiHry/+PpnLn10C7t4Q2AkCo1ucz7h4fxLDvQEYfeezbCi2gbUJs6UWepzPTf2D8HI1sWdfAcNmvYLV3Zcte7KZe9vl3DE0nAe+SW9xvBuf+Q+fplazbe8+3r1vOgMifcBm5envMxjRM5bY8GB+3J7JzMWbwOiCX7eBzBhoP8e//mspX2XU8dp3KaT+exb9I305N86Pb3aXOvp/acly7l78K5GeNrLf6Y6fpyvx/i5sLmg+p5V9cU1vf8wmI9n5JQya+RIWsyfPXTmUu68Y53i/jIv3p0fogfOf9QKZ9W70/+xHfnntPgbHdGBotC8/ZpQf8/10xLqIiIiIiIiIOBWnCLDiI4NIL6qlzmS2v3CMuYq+/mEtGbt8AQjw9eKCIYms35HO7qy8lh0ftt/4bv507GB/FG7RpgIsPlEs/WEjN40/m+sGhPH4yv0Hnuyzt9+ckQ/dzwGgvKYeAB9DA9hsdO8az9x7L2JwTAf7KKJmQsyNNPiYMRkNAGys8oKEsylsqCW7oIS4yI4t6zuiXvvi2+250OuCNs8nxq0OgNr6Bja4doX4IAAarU0ARHtYANiRVYC15wVgMJBSZZ9E3sPVhSD3lnVvtnSETgGUezTaz9XD1b4hoiccvDeuHhBrf+QwwsvgOMd3/34th4v3bOSbZuezudACnQdRTp2jjY+hvtXrcLD2lIxcLD3PB4ORXwuqWzSLdrX3U1VTR2bQAHD3JqWu5NB2t/pWr9vRlq6NtcRHBR1xLiIiIiIiIiLSfpwiwBoYH8rK3Bzq3H2bjYRpe/nYlzugxj6yJikmkAuGJPLOio289G3KoXbxw4/Yb0a/QMcxd/7zmhY1dAr2ZUycP9+mHgpAmoxmx/6OiOVAOPTWZV3pHenHxz9s5KUl3+Ll4conT88EwNDUwP7CGqxWG0ajgU6RYSTvqsXD04vQwAMjx44ysftBdWafo16HzLwiADzcXOmX0Ilf99u/xdDs4kJjk5Ws/GIAusWEYTQUYAV6dIoA7KFXUXklvh3Mh87XzRdqbdiMLi3rMRiwNNlHJhkxOF7fV1BCU5MVk8nIvS8tYlNqlmM3F5ORXYSAKeJQ/2b7RP0206Fj0mQBTBwu+0DtncKDwVAANhuxEaEt6jp4ft6e7kSHBJBV3uA4P4DsgmKweR7z/dR86dpYy+CEqCPqEREREREREZH24xQBVp/OIbivSKPCZgUMh81N1Mp65IFvqcMGAQce+fIOhvhh9u0HNds/qoMbY3vYHx9ct20PeSXljmbDesUT5OfDjL4tA6xD/RwZMpkaawE/cHXHr/tgpg2ObbG9zujOf7/+iekXDGfupEQ6/ZzLqM5+eHu4HVZfc1ZaTkt2YJbxNq7H17uK2ZKWTWJcFN/f3IePtxVhNBiI9Xdn+Cu/Mn9FCjefn0RceCCrb+1PalENl/e2j/56+cMVNBxx+9sO1TILygC4dHACTT5lpORV8dqP6by1bDUzxo/kzikX8991GTQ0WekS7MMFPcPp8/T3NBts1bZWjvefH3dz76VD6R7VkXcut7K7sIZ7R0a2aPb1ziJ2ZOyne6dwvr+pLyv2lHFBV38Akrfv5aeMCvD1PPb7qdm6u6WWvl1CjqNoERERERERETlVnGIS94sGxeNjrcXYZGk2ofaBcOeICbgP2+4YG9XG9gPr1/YNxGg0UF5Vw9j732Di00uZ+MyHTHx6KY+/+wUAE/tGEuR52Gigg/0degGwMeO5Bfy6K4NxfeN4bEIiy9dtbrmfwcDt/1nNW5//gJcL3D44hOSNm9mZub/1ulscr5Xjt3L+jT6hjJz1Mk//dxl5hSVc1iuYC+J92Z2aCjYru5qCGHTDY3z8wwZifQ1M7hnErsz93Dr3P8z+aDMYTcd9/H9+sZE1W1Px83Tj9mGRXBrvCS6u3PqfH7lj3ruUlJVxxzlduXtMN/pFeLPomzWU1ja1fT6OdVur67st/oz/2wuk7M3h0h4BnBfjyvPvf92inwafUM6+6/94aclyaKhhat+O1FZX8tzCLxn3j9ex+nQ89vun2XZTUyMdqOf8pDhERERERERExHkYbLbDh7+0j19272fCM8vY7xd77MbNVRXDlmUQOxDCurXdLnuz/Y+LK/SbZF8etH8HZKwHgxGSJkN6MhRlQMd4iBtib7Nlmf1Y0X3sI8AqC2HvOqitADcvCO1q3w+gx1joEAqWBsj4BUqyweQCHePs/daWQ0w/+9xSteWw8RP7fv3/ZO9r/WL7N/fFD4fgzkc/f0sD7EuBkiz7txgaXSAgCuKG2rfXlELWJqgqgqZGcPeFkHj7H4Ox9eOX5MDOFfZH64ZMs2+rq4LU1VBdYn+M0i8czhpj/3t+KhSkQV0FYABXT/v5x/Szz511+Pk0NcK6hfZ+e54Pvh1h9w9HXvPSfZC5AeqrwCsQfEMgZ4s9eBt8lb1NY539vpbtg4Za+7EDouz3qPk9Pg7hpXv5/L7x9I0LPXZjERERERERETllnCbAArj+xa9Zsq2YCu+Oxz1nkZZanoylT1U+UxI78tqt57X3j4GIiIiIiIiIHMapAiyAvn9dxJ4KK5Vewe1divyP8K0qpGuAmeQn/9zepYiIiIiIiIhIK5wuwAL7SKwvN2WS7xuJ1eDimMtcSy1P5tJkbSSkYh8X9OvE67ePRURERERERESck1MGWADrdu3nymc/pcJmpsHF3f7H7I7VePCb8w6mEW3Rdm1vud1oteDaWIerxf7Hlwbenz2RpPiwo/QjIiIiIiIiIu3NaQMsAJvNxqfr0lizcx9b0gvJyC2mpra+vcuS05SnhxudwgJJjA1mWPcIxg+Kb++SREREREREROQ4OHWAJSIiIiIiIiIiYmzvAkRERERERERERI5GAZaIiIiIiIiIiDg1BVgiIiIiIiIiIuLUFGCJiIiIiIiIiIhTU4AlIiIiIiIiIiJOTQGWiIiIiIiIiIg4NQVYIiIiIiIiIiLi1BRgiYiIiIiIiIiIU1OAJSIiIiIiIiIiTk0BloiIiIiIiIiIODUFWCIiIiIiIiIi4tQUYImIiIiIiIiIiFNTgCUiIiIiIiIiIk5NAZaIiIiIiIiIiDg1BVgiIiIiIiIiIuLUFGCJiIiIiIiIiIhTU4AlIiIiIiIiIiJOTQGWiIiIiIiIiIg4NQVYIiIiIiIiIiLi1BRgiYiIiIiIiIiIU1OAJSIiIiIiIiIiTk0BloiIiIiIiIiIODUFWCIiIiIiIiIi4tQUYImIiIiIiIiIiFNTgCUiIiIiIiIiIk7ttAuwHn74Yc477zwyMzN/Vz/33XcfSUlJPPbYYyepMhFxJkuWLCEpKYmJEye2y/GXL19OUlISQ4YMaZfjO5uMjAySkpJISkoiPz+/1TZlZWWONlu3bj3FFTqfsWPHkpSUxBdffNFmm8P/XXY81/m3HOe30P0UERERkZPJpb0LWLBgAfPmzTtqm3/+85+MGDGC5cuXs3LlSl577TViYmIYPnw4dXV1PPXUU4wZM+YUVSwi7WnXrl1cddVVR20zdepUevfuTc+ePQkJCTlFlZ3e3n33XV544QU6d+7MBx98cNL7d3Nzo2fPngC4urqe9P6dxdy5c1m0aJFj3Wg0EhwczMCBA7npppsIDQ39Q49/pl3n7du3M336dMAeCvv5+Z2SfU+WyspKRo8eDcD999/fboG6iIiIyJmg3QOsoKAgx39sV1VVkZGRAUB8fDxubm4A+Pj4AFBUVMTLL79M165d26dYEWl3Hh4ejt8ZNpuNbdu2ARAeHk5AQAAAoaGhjB492vHBUdpfWFgYb7/9dnuXccq4uroycOBA6urq2LRpE5999hlbt27l/fffx2Qy/WHH/V+7ziIiIiLyv6PdA6yxY8cyduxYANasWcOdd94JwJNPPkmnTp0c7ZYsWcLcuXOJjIzk7bffbjHiavbs2QCcc845PPPMMwwcOBCr1crzzz/P8OHDyc/P56KLLnL007zf5vbu3csrr7xCSkoK1dXVREVFMXnyZCZOnIjReNo9bSlyRoqOjnZ8QK+vr2fYsGEATJ8+ncmTJzvaLVmyhKeeeorIyEg+/vhjwP77pqSkhGnTprFz50527NhBUFAQd9xxByNHjgTAYrGwZMkSPv74Y3JycvD19aV3797cdtttREZGtlnX2rVref7558nKyiIxMZGhQ4ce0aaiooJ///vfrF69mqKiIkJDQ5k0aRKXX375UUON5ORk3nrrLdLS0qiuriYiIoL777+f3r17H1e9h5/39u3b8ff3Z9asWYwYMYKnn36axYsXA/bfg0lJSQAsWrSIuLg4fv75Z9544w327t2L0WikV69ezJw5k5iYmBbXOjw8nIsvvphly5ZRVlbG0KFDefDBB/Hw8CAjI8Nxf5YtW0ZISAg5OTk88cQTbN26ldDQUGbMmNHq+f/444+8/fbb7NmzB6PRSFxcHDfccIOjTmfUoUMHnn/+eQA++ugjnnjiCTIyMkhPT6eqqspxrqtXr8bDw4MvvviCBx98kICAAL755psWfeXl5XH77bfz66+/Eh4e3uL9erjWrvPatWt59dVXSU9Pp7GxkcDAQPr3788jjzzSYt+CggJmzpxJcnIyHTt2dLw/wP5zsXTpUj766CNycnLw8/Nj+PDh3HbbbY7/yXS897O5+vp65s2bx6pVqygrK8PDw4OoqCjuuOMOysvLHf9+Bxz/3r/33nuZMGECd955J5mZmZSXl2MymYiNjeXaa6/l3HPPZfny5W3u27Vr1+O6/gsWLGDJkiXk5eVhMpkICQlh0qRJXHnllcc8rxPx1FNP8dNPP1FaWorFYiE0NJSLL77YUWPzezpr1iw+++wzsrKyiI+P5+GHH3b8HObk5DBnzhy2bNniuP73338/AG+99Ra9evXilltuYf369UydOpWZM2cCMHHiRHJycpg9ezaTJ08mJSWFp59+mn379lFdXe34nwYzZ84kLi4OgNraWp577jm+//57XFxcmDZtGp9++il79+7l9ttv55prrnHU/sorr7B161aqq6vp3LkzN954Y6u/H0VERESO5bRMZdzc3LjiiitwcbHnb8OHD+eKK65w/If2b5GZmcn06dNZuXIloaGhnHPOOaSnpzNnzhxeeumlk1W6iDiBxYsX06tXL0aPHk1GRgb33nsvaWlpgP3D5Ny5c9m3bx/nnXce/v7+fPvtt0ybNo2CgoJW+8vOzmbmzJmkpaXRuXNnfH19eeWVV1q0sVgs3HjjjSxcuBAfHx+mT5+O1Wpl3rx5jqCjNd988w233nor69evJyIiggsvvBBPT0/H/EYnUu/ChQuJjY3lrLPOIicnhwceeIC6ujqSkpLo06cPYA9errjiCq644gr8/Pz4+uuvueOOO0hJSeHCCy9k1KhRrF69mquvvprc3NwW/e/fv58ffviBc889F6uRJIPfAAAgAElEQVTVyrfffsvChQtbPS+LxcKdd97J+vXr8fX1pVu3bsydO/eIdl999RUzZ85k06ZNJCUl0atXLzZs2MDNN9/Mjz/+2OZ1cxZ1dXXs3r3bse7t7d1iu8FgOGYf8+fPx93dna5dux7xfj0Wq9XK7Nmz2bZtGxMmTOD6668nKSnJMdq5uVdeeYW6ujpHuHjw/QHwzDPP8Oyzz1JWVsbUqVOJjo5myZIl3HLLLTQ1NR33/Tzc4sWLWbp0KQEBAdx4441MnDgRd3d38vPziY6OZty4cY62kyZN4oorrqBr1640NjaSnZ3N6NGjueGGGxg2bBg7d+7kH//4BxkZGUfdt7m2rv+OHTuYN28eFRUVXH311UyZMoXY2FiysrKO67qfiNTUVPr06cM111zDpEmTyM/P51//+heffPLJEW3feusthg4dSnBwMFu3buWZZ54BDv08JScn4+fnR8+ePXnuuefaPObR3ndFRUXYbDYuueQSbrjhBqKioli7di2zZs3CYrEA/D979x3fVPX/cfyVdO8JFFoKMksZiiiypSy/IjIdILg3KiIC4sL59fd1gANERHEr6ldk6ldFUNlLNqWDWYaMlu6RNk1+f4SkTQcUKDTA+/l43Eeb3HPPOfeek5ubT8654fXXX2fu3LmYTCauueYa5s6dW65P7d+/nzvuuIMlS5bQpk0bbrnlFnbv3s2oUaP4888/z+RQiYiIyCWuxkdgnQkfHx/Gjh3L3LlzMZvN9OvXr8J7YJ3OqKkff/yRgoICoqKi+OSTTzAajTRt2pR33nmH7777jocffhgPD4/q3A0RqSHDhg1j5MiRgG3E0fbt25k7dy4PPvgg8+fPB+Cpp56iX79+mEwmbrjhBjIyMpg/f36Fo0oWLFiA2WymTp06fPbZZ7i7u/P222/z9ddfO9KsWrWKnTt34ubmxr///W/Hh/wxY8bw3//+l4cffhhfX99yeX/xxReALVBfOtBlNpvJzs4+rfrecsstjBkzxjEqNScnh5SUFHr27MmhQ4fYtGkTYWFhjB071rHNl19+CcCAAQOcRoRs2rSJ2bNn8+ijjzrSuru7M3XqVIKDg8nMzGTevHnEx8dX2AZ///23Ixgwbdo0GjZsyNKlSxkzZoxTuq+++gqAfv368eKLLwIwevRoli9fztdff02XLl0qzL+mHTt2rNwIsT59+hAREcHhw4cdz1UlgDVkyBDGjRuH1Wpl6NCh7Nq1i7lz5zq1U2UsFgsFBQUYDAZq1apFTEwMAwcOJDw8vFzavn378uKLL7J//34GDRrk6B9169Z1jGIcNWoUnTp1YvDgwQwaNIiEhATWrVuHwWCoUnuWlZeXB4Cvry/169cnOjqaRx55xPEF1fDhw/n1118BGDlypOM+VhaLhQULFuDu7o7ZbKawsJDExEQOHjzI+vXruemmmyrddtOmTY7yKzv+9np5eHgQERFBgwYNuPPOO/Hz8zvlMT9d06ZNw8vLC4vFgslkIi8vj4ULF7J69WoGDBjglPbZZ5/l2muvpVGjRkycONExhXr9+vWO4//BBx9Qv359p1HtZZ3s+qhjx450794dsI2Q6927N0OGDOHgwYMcOHCAunXr8tNPPwEwduxYBg4cSFZWFv/6178oLCx05DN79mzy8vJo0qQJTz/9NGCb9v3555/z+eefO8oQERERqaoLMoB1uoqLi0+Zxv6BomHDho4Lu8aNGwO2C7iMjAxq1ap17iopIudNZGSk0//bt2/n8OHDHD16FIvFApS8/r28vIiKiiIjI8Mp8FCa/fnGjRs7PnjHxMQ4pbGPViouLmbw4MFO68xmM//884+jzIrybtu2rdPz7u7up13fZs2aAc6jgOwf1Ctjz2P27NnMnj3bad3+/fudHteqVcsRJLCXkZube9J8PT09HdO6yx6z0unsU5fs/y9fvrzS9nAF9ntgubm5ER4eztVXX02PHj0qTX+y96mmTZsCtmBLo0aN2LVrV5X33d3dnbFjx/L+++/z3nvvOZ7v0KEDkyZNctxrEkr6mP1ecmDrH6X72cSJE8uVkZKS4sjnVO1Z1pAhQ1i/fj0bNmxwBJb8/f2ZOHHiSY9XTk4Ob7zxBitXriQrK8tp3fHjx09Zblllj3/btm0ZOHAgCxcudPzCo7u7OyNGjHAK2p4tq9XKJ598wk8//cSRI0ewWq2OdRXtR9nXsP31ax+R6enpSf369QEqPJ9UxD6qym7Pnj288847bNu2zTECzy4tLQ13d3dHPe2vy8DAQGrXrs2BAwccae3nvJ07d5b7krHsuUNERESkKi7oAJb9g2LpCz6wfZObk5PjuKhNTk4+ZV72X4bau3cvFosFo9HIrl27ANsHwpr49SIROTfsU7qsVqvj/BAREUHt2rUxGAxYrVZ27dpFixYtKCwsdHwoq+wX5Oy/dHjo0CHHcwcPHnRKY9/W3d2dt956y2lEZ1FREXXr1q0w74iICDIyMti0aRN33nmn43mz2Xza9bUH5ysadWK/B5c9UFG2/Ouvv55+/fo5rSs7GqX0fbxONbLIfswKCws5fvw4oaGhTsevbPn28zHg+N+Vf2Gy9D2wyvLx8XH8n5WVRa1atU76PlV63/fs2QNU3hcrMmTIEAYPHkxKSgp79+7lpZdeYvXq1axevdrpXlr2Plm27WrXro3RaMRisfD44487gihgC/w0aNDAEZA4VXuWFRoayowZM8jOzmb37t3MmzeP+fPnM3PmTHr06OHUp0r3zRkzZvDLL7/QsGFDXnrpJQICAnjuuec4fPiw45qgsm2rcvwNBgPPPfcc48ePZ/fu3WzcuJFJkybx2Wefcdddd5WbCnqm/vrrL2bOnImXlxcvvvgikZGRfPnll/z111/lrm2g8tewvT/YX/9RUVEV9in7KM/MzEwAMjIySE1NdUrz0ksvkZycTPfu3bnlllvIz8/nySefBGznzNL9YdeuXbRq1YqMjIxyU5btdWrSpAlPPPGE07qy5xkRERGRqrigA1gRERHs3LmTzz77jM2bN9OtWzfat29PbGwsa9euZcaMGSQlJbFgwYJT5jVo0CBmz57NgQMHuO+++4iOjnbcyPXmm2/W9EGRi8js2bNJS0sjNTWVPXv2YDAY6N+/PwEBAfTv35958+bxxhtv8Pfff5OcnExGRgb+/v7ceOONFebXr18/vvzyS/bu3cvEiROJjo52TL2z69ixI5dddhl79uzho48+omvXrhQUFLBz504OHTrE999/X2Hed9xxB8888wzLli3j7rvvpmnTpuzevZtbbrmFPn36nFF9K2IPoO3fv59XX30Vf39/Ro8ezfDhw3n++edZsmQJ/v7+hIeHc/ToUdasWcMDDzzg+EXI03XVVVcRFRXFgQMHGDduHN27d6/wnj+33XYbEydOZMGCBeTm5lJUVMSyZcsc6y5E0dHR+Pv7k5OTwwsvvEB0dDRz5sypNP1///tfjh07RmpqKjt37nT016oaMGAA7dq1o169ephMJkwmEwBhYWFV2t7+upg7dy7ffvst119/PR4eHhw4cICVK1fyzTffVLk9y/rqq69YsWIFMTExBAUFOQJh9lFgderUcQRpX375ZaKiohg+fLgjAGIwGMjPz2fz5s3lRqVVtm1Vjv/27dt55ZVXaNeuHeHh4Y7peb6+vnh7e1fpuJX16aefOqZigu010KJFC8d+FBUVsXPnTtavX3/aebdr147o6GhSUlJ46KGHuOKKK1i9enW5dLGxsfz111/89ttvBAQEsHbt2nIjsEoHl7Kzs/n555+d1nt6etK3b18WLlzIm2++ybp169i+fXu5fAYPHszs2bPZuXMnc+bMoVmzZqSnp7Nt2zYaN25Mx44dT3s/RURE5NJ2Qd7E3W706NHUr1+f5ORkvv32W8e9VsaPH0+rVq04evQoq1atqtIvITVs2JDPPvuM7t27c+jQIX7//XcaNGjAhAkTeOyxx871rojIefTAAw+Qm5vLjh07aNiwIW+88YZjVMnTTz/N6NGjiYiIYNGiRaSlpdGrVy8+//zzSkf8NGjQgMmTJ9O4cWP++OMP1qxZw7Bhw5zSeHh48NFHHzF8+HCysrL45JNP+PHHH8nIyDhpoKlPnz68//77XHXVVezfv58FCxaQkZHhqMuZ1LciXbt2pU+fPnh7ezN37ly+++47AK6//nreeecdWrZsyaJFi5g5cyYrV66kZcuWVZoiVhl3d3fee+89rrrqKpKSkpg/f36FAam+ffsyefJk2rRpw9q1a9m8eTNXXnkl77//Pt26dTvj8muSj48PL774IlFRUWzbto19+/Zx++23V5r+/vvvJycnh/j4+HL9tSpiY2NZt24dn376Kd9++y1RUVFMmDDhtIKPEyZMYNy4cQQGBvLdd9/x9ddfk5CQQJ8+fQgMDKxye5Z12WWXkZ+fz9y5c5k+fTp79+4lLi6OZ599FoDg4GAee+wxwsLCWL58Od9++y2pqancf//9dOnShX/++Yd3332XoqIix1RLu8q2rcrxDwkJISwsjEWLFjFjxgz+/PNPrrjiCiZPnuwY/X26Dh48yLZt2xxLSkoKcXFxDBs2DE9PT6ZMmcLq1avPqF/bj3/79u3JyMggISHB6f5X9tFoQ4cOdUznW7x4MXFxcdSrV88pr+eff56YmBhWrVrFBx98QPv27cuV99RTTzFgwAA8PT1Zu3YtgwcPduRjL6tBgwZ88cUX9OrViy1btjBjxgx+++03/P39K/0VTREREZGTMVgrGqMuInIR6tOnD8ePH+fll1+mb9++NV0dEZFqk5WVRWBgoOPx4sWLeeqppzAYDCxatKhab4WQk5ODr6+vY0pjamoq/fr1w2w28+abbxIXF1dtZYmIiIjYXdBTCEVEREQEPvnkExISErjiiivIyclx3D5hwIAB1X4fz40bN/Luu+/StWtXPDw8+O233zCbzTRq1MhlfxlURERELnwKYImIiIhc4Jo1a8bSpUv54osvHL9GOHDgQAYOHFjtZdWuXRsfHx9mz55NcXExdevW5Y477uCuu+7SPUNFRETknNEUQhERERERERERcWkX9E3cRURERERERETk4qcAloiIiIiIiIiIuDQFsERERERERERExKUpgCUiIiIiIiIiIi7NJX6F8MCBA6xYsYLMzMyaroqI1LCgoCA6depE/fr1K02Tm5vLH3/8QXZ29nmsmVzqAgMDiYuLw9fXt8L16peXllP1B1CfEBGR889gMBAQEECPHj3w8fGp6eqIVCuX+BXCZcuWUa9eBN7e3hgMhpqujojUEKvVitlsJiXlAF27dq003cKFC4mNbU5ERMR5rJ1c6g4d+ofExGRuuOGGCterX15aTtUfQH1CRERqxj//HCYhIemk71EiFyKXGIGVl5dHcHAwnp6eGI2a1ShyqbJYLBQWFpKXl3fSdNnZ2dSpUwcXiL/LJaRu3QjWrfu70vXql5eWU/UHUJ8QEZGaERFRh7Vr19d0NUSqnUsEsAA8PT3x8vJSAEvkEmaxWE4jtT4QiitSv5Sy1CdEREREqoPLBLCMRiNGo1FTCEUuYfbzQFVoRIO4IvVLKUt9QkRERKR6uEwAS0TkdOhDobgi9UspS31CREREpHpovp6IyHmwZctWAgNDSUtLq9Z8hw0bwdix46s1T7m0nIs+dK76u5x7OleJiIiIq9IILBG5IFXXqAaz2cyHH37Ed999T3LyTry8vGjSpDGDBw/ivvvuwdPTs1rKAdv0aKvVWq0jMuLi4ggJCdYoDxdRne2wfXs8kya9zfLlK8jIyCAyMpJ27a7k8ccfo3XrVtVWjm36vrFa6x4SEsLtt9+Op6fnJd83da6y0blKREREztYFGcDKyMjgv//9gfj4HWRmZhIWFkZcXHf69r3ekcZisfDdd9+zbNlyTCYTrVu35u677yQoKAiA5ctX8Mcff7B//wHc3Nxo2rQpQ4feQr169QBITt7JggUL2bVrFyaTiaioSAYNGsjll19eI/ssIs6q40OQ2Wzm1ltvY9Wq1Ywd+ySdO3cmKCiITZs28f7702jRIobu3a+thtqW1Le6PxQ+9NADWK1WiovNZ1yv4uJi3N0vyLcDl1NdbfvHH38ybNgI2rW7ksmTJ9GkSWOOHz/OvHnzee65icydO7taygGwV7k6+2VUVCQffjiNwkLTGedbWFhYjUGZmqNzlY3OVSIiInK2LsgphFlZ2QQGBvLYY4/y9tuTuPXWm5k9+0eWLl3mSDN//gJWr17D009PYPLktzCbzUydOs2x/ujRo/Tp04fXXnuVF1+ciNFo5M03Jzku1o4dO0arVi155pkJvPXWG1x++eW8/fa7HDp06Lzvr4hUxHrWy8cff8KSJX/w888/MX78WDp2bE+LFs0YPnwoK1cup23btoCVrl27M2XKVKdt77nnPh577HHH4zfeeItrrulE3br1adXqcsaPn0Bubk6ZMp3r/cEH04mJaUm9etHceec9vPfeFNq2vdqx/umnn+HWW4c5bfPJJ586pbn11qGMGfOk47HVamHKlKm0bXs1ERFRdOjQma+++tqxftWqVQQHhzN//nw6dOhM3br1Wb16NfHx8dxyy1CaNIkhKqoBPXv2YenSpdVynF1tOXz4MP37D6Znz+sqXPr3H8zhw4cr2f5Uzr5+JlMBDz/8KNde241Fi36lf/8biIlpRufOHZk06U2++OIzwMpPP/1EZGQDp22TkpIIDg7n4MGDgPU02rWk7ikp+xgwYDB16kRyxRVX8eOPc4iNbc13330PWMnMzCA4OJyNGzc65dGsWawjzZYtm/H1DSAtLdWpbkOH3kZUVAMaN27OnXfe46gnWBkwYDDjxj3FyJGP0qhRMwYPvpmqv7Zqqk9UxdnXT+eqS/NcpUWLlkt3ObtrFfsicvG5IANY0dH1ufXWW2jU6DKCgoK46qqraN26NYmJiY40S5b8wQ039KV+/SiCgoIYNuxWEhISHAGowYMHcc017QkPD6dOnToMGjSQ1NRUjh8/DkCnTh3p06c3kZGRBAcHM2jQQLy8vNi9e0+N7LOIOLOPDjib5YcfZtOjRxxt27ahqMhEcbEZi6UYs7kIs9lEYKA/VqsVg8HgmGJlX4xGN4xGN8djb29vpkx5j02bNvDJJzNZuXI1L774SqlRDNYT9bbV/aeffuaFF15m4sTn+fvvdXTs2JFJk97BYDA4tjEYnMuwlWssk8boVLf/+783+PTTz5k06S02bdrAxInPnxixM9+RHuCDD2Ywb94c0tKOcdVVV5GTk8vAgYP49df/sWbNam688UaGDh3B/v0HquVYu9JSp05tRo58sNK+NXLkg9SpU7vCbc9Hv/zrr2UcPnyY8ePHYjLlYzYXYbEUU1xsprCwgIAAe780livTPv3L/nxV2rV0HhaLhdtvvxuLxcLy5Uv56qsv+eCDDzl+PB2j0ei0Tel+aKsPjjQl09BseR85coS+ffvTtGkzli1byu+//4anpydDhw6nqKjI0bc/++wLunTpwt69u/nxxx+q9NqqyT5RFdVRP52rLs1zlRYtWi7d5WyuVeyLyMXoggxglVVUVMTu3btp0KABANnZ2aSnp3PZZZc50kRGRuLp6cn+/QcqzCMxMZHAwEBCQ0MrXL9//wHy8vKIjo6u/h0QkdNWHRcHu3btpnnz5hQXm6t0AXCy50aPfpz27a+idu0w2re/in//+1V+/HFOqfTOgYJp0z5kxIgRjBhxGxERtRg58iHi4ro7pal4PymXxv44Ly+PqVOn8e6779CzZ3fq1Annhhuu59FHH+WLL75y2uaVV16mdu1wTKY8PD09aN/+akaMGEajRg2pV68OTz45mtatW/G///1S4xdx52Lp06cXvXv3LNevevfuSZ8+vc74YrA66rZnj+2LksaNG1WSxnLSPlL6uaq0a+m6L1u2nK1btzFz5kc0adKIVq1ieP/9qRQUFFRaRkXPle3vn376BY0bN+a1116lYcNoGjaM5sMPp5GUlMyGDRsd23fp0oURI27DbDbh7m6s0murJvtEVVRH3XSuunTPVVq0aLl0lzO9VrEvIhejCz6AZbVamTHjI2rVCqdHjzgA8vPzAfD19XFK6+vr61hX2q5du/nhh9nce+/dGAyGcuuzs7N5//336dv3eqKj65+DvRCR01f5kOnnnnuBWrXqOZb9+1MqTFfyBn+q5dRlLly4gF69+hAd3Zjg4HAGDBhIWtpxcnNzK8wjMTGRq666ErO5EKvVgtlson37q8uUU1m5FadJTk4mLy+PG28cQFBQGCEhtQkKCuPVV//N3r37nLZp2rQRVqvF8Vx6ehqPP/4ErVpdQXh4XQICQlizZi0HDx6qdJ979OjjOMbt2l1ThePoWsvIkQ/SqFHJFx2NGl124tvOqvSFylS+bVZWplO/HDVq9EnLsFjMVaxL5f2jau1akk9SUjKRkfWoVSsUq7UYi6WYpk0b4e/vX6asysqlgv+tbNmylTVr1hAQEExISC1CQmoRGlobk8lUqm9CbGwMZnOhU76nfm2d2eu/evpEVVRens5V5/5cVfXXnRYtWrS43nJm1yr2ReTi4/J3wlyxYiXTp3/oeDx9+jT8/PwAKC4uZvr0D0lPT2fs2CcdN/b08bEFrvLynINVeXl5jnV2iYlJvPvue9xzz91ceeWV5crPyMjg9dffoGXLlgwdemu17puInLmTfbM0duwYHnzwAcfjiIhaFaZv2rQJO3bsOOW3VEajEXD+Nqu4uBir1VaP5OSd3Hnnvbz55usMHjyY8PAwVq5cRa9efSgqKsRq9XFsW/JB1IDFUuyUp8VS7LRvRqPB6bG93PL77/xt299/r6Vly5ZO+2CxWMjPz8G+mbu7m1MeEyY8y+7de5kzZzZNmjTG19eXf/3rBsf0rorMmvUVhYVFALi5uV1w3/b5+fkybtwTjB37NADjxj2Bn5/vWe3Hybb18/Njw4Z1jse+vhWX1bhxYwB27EigQ4drKs3P/oWLc/8wO56zWq2n0a629LYpX7b+UrJPxU77V1Ju2bItTmWX/t9qtTJo0EBmzfq63H7Yp0kCeHp6OeVZlddWWVV9/VfkfPcJnavO/bmqqq87ERFXdC7el0QuZC4fwOrcuROdO3cq93xhYSHvvTeVoqIixo0bi5eXl2NdQEAAISEh7N27l6ZNmwBw6NAhCgsLqV8/ypFuy5YtTJs2nQceuK/C4NXRo0d5/fU3ueaa9txyy83nYO9E5Eyd7I07KCiAoKDAUmktFaa/+eabeeqpCaxZs7bUiAIbs9lMbm4uQUFBhIfXIjX1eJkP1ru48sq2WK1WNm7cTO3atbjrrjsoLi4iLy+bdevWnii74g/0MTExrFu3nqFDS84ta9euc9q38PBw1qxZ61Tuzp27Ktx/q9VK06ZN8fHxYc6cOTRoEEXFyn44tVm37m+efHIMTZo0xGIpIj09lfj4eFq0iKn0WNeuHY7zPZcsFaZzZY0aXcbDD9/v+P9sLwhPtr3BYCAqql7p1BWm79y5IxERdZg06V2+++6rciODU1PTCA8PIzw8jNzcXPLz8/H29gZK+oc979NpV6vVSvPmzTl06BAHDhwgMjISgPj4HeTk5Dj6jL+/P97e3qSlpTnySE9PJzU1tdzUBfv/V1xxOR999DH//HOAgICASo5d+WNSlddWWVV9/VfmfPYJnavO/bmqqq87ERFXVd3vSyIXsgtyCmF+fj5vvTUJs9nMqFGPYjQaKSoqcnzbB9CjRxz/+98vHDp0iNzcXL799ntatIihXj3bRcy6deuYMuV9HnjgPlq3bk1RUZHTt3eHDh3i1Vdfo0OHaxg0aKBjfelvpUWkJlU+ZNr2IbDYsVSW7p57bicuLo6bbhrKW2+9zYoVK9iyZStffz2LXr3+xaZNmwErcXHXMm/ePI4dO4bFUsyMGR+TkJDgyCcmphlHjx5j/fq1WK0W4uPjmTZtepl6Otf9kUceZtas7/jyy6/Zu3cv06fP4K+/ljptc+21XdmwYSN///03YGXVqtUnfuWtonyteHt7MmbME0ye/C4ffTSTnTt3sW3bNj799HNmzPi4zDbOx6J582YsWrQIk6kAs7mIl1561fGjFmd7nF196d27B71796hi+lM5+falj1fpaVGlFw8PN6ZP/4AVK1bSv/9g5s2bz9at21i2bBlPP/0cDzwwErASGxtDrVq1mDnT9quEBw4cYNKkd5zqUbV2Lal7584daN26FSNHjmL79u1s2rSZMWPGnwiQldQxLq47n3/+JUVFheTm5jJhwnO4ublVcpys3HvvXRiNRm6//R5Wr17Dvn37WLp0GY89NpqMjPQy25WUU7XXVvX3y6r3iarQuapsPzv/56pTv+60aNGixZWX07tWsS8iFx+XH4FVkYSEBHbsSADgoYdGOp5v3bo148ePBaB//xvJz8/nlVf+TWFhIa1ateKRR0rSLliwkIKCAt5++12nvCdOfJ6mTZvw119LSU9PZ/78Bcyfv8Cx/pZbbubGG/udy90TkSqonm+frMye/R0ffvgR33wzi3ffnYqXlxfNmzflsccepWvXLlittg/fSUnJdOkSh7e3N0OGDKZ//xsd9WjTpjWvvvoKd9xxH2AlKiqKCROe4pFHHqt0RMp11/Xi5Zdf5D//eZNnnnmenj17Mn78OGbO/NSRtk2bVvzf/73G3Xc/SFFRIddc055HHnmEb76Z5ZQflOQ/fvwYatUKZ/r0D3nhhVcICPCnVatWjBr1SIX1sHvjjdd59NFRXH751fj4+HDTTYPp1aunU95yatV1rLp168TSpX/y+utv8PTTz5ORkUlUVCRdunRmypR3sVqteHl58vnnn/Lkk2N5990pNGzYkMcee5T77nvA0b5VadfSfai42MzXX3/BI4+MonfvG4iIqMNLL73Ic88977R/b731BiNHPkps7BWEhH0DZrgAACAASURBVIQwYcJ4li9f4UhTtp8FBweyZMnvPP/8REaMuJuCggKioiLp0SMOLy/vSvtlVV5brk7nKp2rREREpHoYrC7wbv/rr7/SpUsnvLy8KryJuohcGqxWKyaTieXLV3LddddVmm7WrFn06tWt2sr18PDCw8MTo9E2gsRiKaawsPDEzaRtvLx88fDwwGq1YjYXOX4O3mTKc+Th6el1Yj8sFBUV4u3tS3Z2JmD7KXs/vwBycjIdH7Js23hjMBgwm4v47LPPeOedKaxevdSpbrZ8DRQXm7FYivHw8CQ3NwsAHx8/LBYLJlN+qW088fDwcuxPcXExhYUFFBebcXNzw9c3gOzsDKdjYDAY8fb2dWxTVFSIm5tbubwvdb//vpRhw4ZVuK66+6XR6Ianpzdubu4n7k1lwWw2U1hY4Jiu6ebmjpeXD0ajEYvFQmGhCR8fX0c/q0q7lu1D9m3c3NyxWm3Pt2rVlokTn2Xw4AFl0rideB0U4OXlc+J+VoUV9neDwYiXl8+J+1Xa96eoVD38KS627V9pp3pt1aST9QfQuUrnKhGRmnOq9yiRC9EFOQJLRKQ6P7gWFRVQVFRw0jQmUy4m0+nlUVRUsoHFYiY7O/2k2zhPbak838LCkg9p+fk5FdTF5FR2acXF5ethK7uY/PzsCreR01F9/dJiMVNQUL59S7Pdx6jI6bns7JK2r0q7lu1DJ9/GWmkas/nk/d1qLT7p/lRW5qleW65P5yrQuUpERETOngJYInJBcoHBo+fMxbxvF7uLue0ulCl7ruZiPmYX876JiIiI61EAS0QuSBfjB6cRI4Zz7733kpOTWdNVkTN0MfZLgKSkHZhMeRQVFZ46sTi5GPuEzlUiIiJSExTAEpEL1MX3obAq04PE1V18/RIgJ6f8VC6pqouvT+hcJSIiIjXBJQJYvr6+mEyFeHh4YDQaa7o6IlJDLBYLBoMBX1/fk6YLDAzkyJFUatcOO081E4GjR1MJDAysdL365aXlVP0B1CdERKRmHDuWdsr3KJELkUv8CuHhw4dJTk4mLy+vpqsiIjXM19eXWrVqERMTU2ma3Nxc/vzzT7Kyss5jzeRSZjAYCAgIIC4urtIAq/rlpaMq/QHUJ0RE5Pyzv0f16NEDHx+fmq6OSLVyiQCWiIiIiIiIiIhIZTRfT0REREREREREXJoCWCIiIiIiIiIi4tIUwBIREREREREREZemAJaIiIiIiIiIiLg0BbBERERERERERMSlKYAlIiIiIiIiIiIuTQEsERERERERERFxaQpgiYiIiIiIiIiIS1MAS0REREREREREXJp7TVegqrKzs0lPTyctLZX09AwyMjIwmUw1Xa3zwsvLi+DgYEJCggkLCyckJISAgICarpaTS7l9SrsQ2kpERERERETkQmOwWq3Wmq7EyeTm5rJmzWpycnIICgoiKCiI4OAgAgMD8PHxwWq1YjAYLuq/JpOJjIxMsrKyyMjIJDMzE3//ADp06ICvr6/LtE9gYCDBwcEEBQUSFBSIt7d3jdatJhQUFJCZmUVmZhYZGRlkZWXh7+9Phw4da7ytRERERERERC5ULh3Aio/fTlJSMh06tCcwUKNYSsvMzGL16rU0b96c2NjYGqmDrX2S1D6nYGurdTRv3ozY2JY1XR0RERERERGRC45LBrDMZjNLliwhKCiQVq1iMRjAaqWCv/aRSpfu+i1btpGdnU1cXA/c3c/PjFBb+ywmMDCQ1q0VkKmqrVu3kZ2dc17bSkRERERERORi4HIBLHtwJCamGWFhoTVdnQtCamoaiYnJ9OzZCzc3t3NaVlFREX8sWUJztc8ZSU1NIykpmR49eiqIJSIiIiIiIlJFLvcrhPbgVWhoCAD2+Jr+Vv43PDyMZs2asGTJ4gqOaPX6448lNI9pSlhYCGDVcppLeHgozZo14Y8/lpzR8RcRERERERG5FLnUCKz4+O1kZWXSqlXN3NPpQrd163aCg4Np0eLcTOvbvn072VmZtGzV4pzkfynZtnU7QcEhuieWiIiIiIiISBW4zAis3NxckpKSaNmyBWA9McLo/Py966576d69F//5zxuO5+3P/d//vXHe63Omf1u3jiUhIZG8vLxqb5+cnBySk5MUvKomrVq3JDExkdzc3JquioiIiIiIiIjLc5mb8KxZvZr27dthC8bYnjvbv9u37+CRRx6vsLzw8DD++99ZABgMxlJ/rSdukG57zmg0Oqbr3X77vezfv58bb7yBMWMer7Z6Vuff9u3bsXr1anr06FHhfp+pNWvWcPXV7RzHorqMH/8069f/7XhsMBgIDAykRYsY7rvvHho1uqxay6uqyZPfZeHCn6hfvz6ffz7znJRx9dXtWLNmTbW3lYiIiIiIiMjFxiUCWNnZ2WTn5ODv73/iV/cMJwIlBuBsH1fMlgbAyqefzix1TykzBkP57ez1sm1rrLb6FRUV4unpWW35BQT4k5WVRc6J41kdsrOzycnJISDAD9u9nKqP0VgyCNDf35+CggIyMzNZvXoNyck7mTXrixq52bm9XrY2PzezbAMDq7+tRERERERERC5GLhHASk8/TmBgAFarBYPBgMVixWDA8bgkuHR660sHHh5//DEGDhzoVK7FUoTBYOCuu+5m7959XHddb556aiwWi3PAIisrmwEDhjgez5+/gPnzFwDw9defU7duBKtXr2HWrO9ITt6FxWKhceNGDB8+jE6dOmC1WsnMzGTQoFsAePDB+0lISGDNmnX06NGdsWOfOKP9q2x9YGAA6enp1RYUsbWPf7WPviotKCiI//1vIWZzMf/+92v8+utvpKWlcfDgIaKj6wO2aYyfffYFK1euJi3tOEFBgXTq1JH77rvbsa/79qXw0Ucz2bEj8UTQLYAGDaK5444RXH55awD27t3HZ599yebNW8jLy6NOndr069eXm24ajNFo5IEHRrJr124AUlJS6NHjOgDGjx/Dddf1qdb9ru62EhEREREREbkYuUQA6/jx4wQFBQC2IAzYR0dRLmhyuuvtiouLyc/PwRbUMuDm5oa7u/uJkVWlpwvati+VI0ajgZYtW5KcnExhYSEhISHUq1cPAE9PDxYtWnziXlnQqlVLPD092bBhI8899wIvvPAs3bp1darnp59+7vj1QKPRzWlddex/UFAAaWmp1K9fn+pw/Lg9wHhu7/efl5cDgLe3NwBeXl6EhoZitVoxmUyMHj2WPXv2EhQURIcO17Bjxw4WLPiJhIREpkx5G3d3d1555TX27NlL/fr1adOmNWlpaWzfHk9KSgpt2rQiJWU/o0Y9QW5uHlFRUbRq1ZL16//mww8/5siRozz66MM0adKE48fTSU9Px9PTk6ZNmwIQEhJa7ccgMLB620pERERERETkYuQiAax06tevWyo4YB9hVNkWVV1fkmDq1GlMnTrN8fi663oxbtyTjvRgy88+rbD0cz4+PkyfPo3hw28nJSWFbt26Mm7ck1itYDLlM3PmpwAMGjSQMWOeAKy8+eYk5s9fwKeffknXrl2c6lqrVi2mT3+fkJBQCgryKgiKnN3+BwQEcPDgP5VtfNrs7XMuZWVlcccd95CXl09GRgbBwcGMGfMEfn6+ACxe/Ad79uzF3d2dTz6ZSe3a4aSmpjFo0BCSk3eyfPlKrr22K/v3HwDg4YcfokuXThgMRgoKCsjKygDgm2++JTc3j8aNGzNz5ke4uRn5/fclvPTSy8ybt4Bhw27l2WefZtKkt5k3bz4RERFMn27rN0VFJiyW4mrd78DA6m0rERERERERkYuRSwSwMjIyiI1teuKRbYSUbZqcwemeWCX3I6ra+pMxGNxspVUQPKro3lkFBSW/Fme1WsjPz8VgMJCamsbRo8cAmDNnLnPmzHXaLiUlBZPJ5FTODTf0xdvbi4KC3LPav8rWBwUFsG3bjpPu/+mwt8+5GIFVeiTZoUMlgZzQ0FAaNWrgKDMpKRkAs9nMkCE3lctn1649XHttV6688krWrl3LM888i5+fHw0aRNOuXVuGDBmM1WolMTHpRPpddO/ufPN0q9XK7t17CA0NOTHSzaZ021e3wEB/tm3LOGf5i4iIiIiIiFwMXCKAZVcyfc/q9Lj0PZ5Ob31JwOWJJ0Zz000l97Eym4soLMynbLCqZARW6ecqDtyUDnIAtG/fnmbNmlaQznn74OAgbL92aD3L/at4/bmZ6lcyKu1cCAoKYuHC+WzZspWxY8exe/duXn7530yd+rbTTfW9vb2d2tEuNrYFYOXll19g4cKf2bRpE3v27CU+fgfx8TtISdnPc89NcATMGjRoQNeuXcrlU6dObcrv57mcOnlup2WKiIiIiIiIXAxcIoAVHBxMZmY2tWuHOd2Y3PbX/phyNy4/1frSzOYi8vKyyo1YKhuEsm/vzIrVCt7eXgDk5xc40oWFhVCrVjjHjqXi4eHOvffeeeKeWlaOHj1GfHw8Xl6e5OcXOHJzrueZ719l67OysggJCa729qlVy7Pa8ixR0k75+dk0b96Y4cNv4+OPZ5KUlMyKFavo3LkjLVrEsHDhzxQUFNClS0diYpoDYLFYWLlyFQ0bRmO1Wtm3by9Dhgzg5puHYDQa+eijj/nii69ITEzCarXSokUMBw4cIC8vj6FDb8bf3+9E2fksWfIn9etHYbVa8PLycjx/Lu/9lZmZXa1tJSIiIiIiInIxcokAVkhIMNnZ2dSqFQqUjFgq/5czWm9X2XZlVbZddHQ0SUnJLF68hL179xISEsyrr77IAw/cz7///X+sWLGSO+64h/r1ozhy5Ch79+7j6qvb0alTB0oHaqp7/8quz8zMJiQ4pMJ9OxO29smhVq2wasuzMhZLMf3792PWrG/Jzc3lu+9+oHPnjsTFXcsPP8xhz549jBo1hjZtWmE2F5OSksLx4+lMnfo24eGhTJjwHB4eHkRFReHt7cXmzVsAaNasGQDDhw9j+fIVHDt2jBEj7qRFixgyM7PYs2cvVquV3r1t0wrtv3x47Ngx7r33Ifz8/Hj22adOjNCqPllZ1dtWIiIiIiIiIhcjY01XACA0NIysrGzgZMGZM/tbomrpTrbdnXfeTps2bfD09CQ5eSfJybuwWq307Nmd11//D23bXkFqahrr1v1NTk4uXbp0pn//G09azrn4m5WVTWhY9QWb7O1jtVqrfSl7TKxWK15eHgwY0B+AhIRENmzYiJubkSlT3uHmm28iJCSEjRs3s3v3bsLDazF8+G3UrVv3RACqNwEBASQlJbN27Xr8/Py58cZ+jB07BqvVSr16EXz44QfExcUBBtat+5sjR47SokUM9913r6MOPXrE0bNnTwICAti//wAJCYmOe5lV51LdbSUiIiIiIiJyMTJYz+X8qCrKzs5myZLFdOnSnpJ7PJX+a1f2+ZOvNxqN+PgEAFBYmE9RkanC7X18/DEa3TCbCzGZ8gErPj4BZZ4Dg8GAt7cvRqMbtntNWcjLswXe3Nzc8fDwws2t5ObwFouZoqIiiovNgAE/v0AATKY8zOais96/ytYvW7aaXr164+/vX5XDf0rZ2dksXmxvn+rl4+OHm5sHVquF3Nwsx/Oent54enoDkJ+f4ziGXl7euLl5YDQaTgSBLJjNZgoLTYAVT09v3N09MBiMjl+iNJuLMJkKsAcjjUYjnp7euLm5O6ZjWiwWzOaiE33Extvb90QaW5w3NzeLslNOz9by5Wuqta1ERERERERELkYuMYUwICAAf39/srNz8Pf3K3Nvp8ru+XTq9RaLlZyc9FNun5+fXWq97W9eXla5X/kDA3l52RX++p/ZXEhxcVG550uXm5ubUeHzZ7p/Fa3PzMwkKCioWgMiAQEBBAT4k52dTUBA9QZa8vNzKny+sDD/xE32S7NiMuWdNL+Kt3NmsRRX6ZcFz+WvD4Jt+mBgYKCCVyIiIiIiIiKn4BJTCAE6duzEhg3bgHM7ve5i/7tx43Y6dOhIdevYsRMbN27HakVLNS0bN26nY8dO1d5WIiIiIiIiIhcblwlg+fr6EhPTnISEnYAtGGP7oG/V4yo+3rEjmZYtY/Hx8ameRinF3j6JiTsBq5azXBISkomNbXFO2kpERERERETkYuMyASyA2NiW5OUVcPx4OmC7vxFQyV+tL/04LS2dgoJCYmJaVOVQn5GS9smgum9mfikt9rZq0SL2nLWViIiIiIiIyMXEJW7iXprZbGbx74to0DCK0NBgqPTG5fpr/3v8eCZ79x6gd+8+jpvInytms5nff19Ew4ZRhIYGndOyLkbHj2ewd+/B89JWIiIiIiIiIhcLlwtgARQXF7N48e94e3sSE9MYq5UTvyinv2X/JibuwmQqokePnuctIFK6fZo3b3ReyrwYJCbuPu9tJSIiIiIiInIxcMkAll18/DYSEhK5/PJY/Px8MRjsa+y/unfpPs7KymbLlh3ExragRYuWJzuM50z89m0kJCbSpk0L/P39aqQOF4Ls7BxbW7VoQYvYmmkrERERERERkQuZSwewAPLy8li9eiWZmVkEBPjh7+9PQIAv/v5+eHl5YjDYgjsl7NPrTjy6CNYXFJjIycklO9u25OTkEhQUSMeOnWv8JuB5eXmsXrWSzCx7+/g5/np5edZo3WqCyVRYvq0CA+nYqebbSkRERERERORC5fIBLLucnBzS09NJS0slPT2d9PQMTCZTTVfrvPDy8iIkJJiQkBDCwsIJCQnB39+/pqvl5FJun9IuhLYSERERERERudBcMAEsERERERERERG5NBlrugIiIiIiIiIiIiInowCWiIiIiIiIiIi4NAWwRERERERERETEpSmAJSIiIiIiIiIiLk0BLBERERERERERcWkKYImIiIiIiIiIiEtTAEtERERERERERFyaAlgiIiIiIiIiIuLSFMASERERERERERGXpgCWiIiIiIiIiIi4NAWwRERERERERETEpSmAJSIiIiIiIiIiLs29pisA8Oefi2q6CiIiIiIiIiIiUoHu3XvXdBUwWK1Wa01XIi8vu6arICIiIiIiIiIiFfD1DajpKmgKoYiIiIiIiIiIuDYFsERERERERERExKUpgCUiIiIiIiIiIi5NASwREREREREREXFpCmCJiIiIiIiIiIhLUwBLRERERERERERcmgJYIiIiIiIiIiLi0hTAEhERERERERERl6YAloiIiIiIiIiIuDQFsERERERERERExKUpgCUiIiIiIiIiIi5NAayzlJ5v5rU/D/JbckZNV0VERERERERE5KKkANZZMFus3P79Lnammeh2WWBNV0dERERERERE5KJksFqt1pquRF5edk1XQUREREREREREKuDrG1DTVcC9pivgiqauOsJTv6ScNM0PtzXFbLEy9NudAGwZ1ZpnftvPwoSTTyU88syV9JqZwNYjeQxtE8rMIY0BSM010+CNjQB8PLgRwy4PIyPfTOR/bM+9378hd7WrVS4/k9nClFVH+O/W4+xKKwCgUZgXg2JDGN25Lj4eGmRXHc60TzQO82b8/1J4f/URRzo3A9QN8CSucSDPxUUSFeRZksfWND5ef4wth/PIK7RQN8CTXk0Ceeraek7pylqwI91RrgHwdjcS7udOu0g/Hri6Ntc2KhkhWLY+paU93w5v94r7jMUKX2w4xlebUtl+JJ/CYiuRgR70bhrMs93rEeprO538k13IG3/9w287MzmUVYi3u5FWdXy4u11tbrsirMJ6vNanPo93jgDgq42pPDh3D0Hebhx6+krq/d8GMguKK933tnX9WP5QLB2mbWfrkbxy66+O8uPP+2OdXk8R/h5sHtUafy83AFpM3kJKponX/xXNox3rVPjaO51jfDrHQeR8e+21//DLL78C0K1bV1599WXHumXLlvPss88D8M03XxIVFQXA22+/y5w5c4mMjGTWrK/o2/dGcnJyKi2jWbNmfPzxh9x9933s2rWL3r178vzzzznWjxo1mk2bNtOlS2dee+1Vx/OLFy9h3rz57Ny5i4KCAsLCwmjf/mruuGMEderUcaSz52vn6+tLREQEAwbcyKBBA8/yCElVbfonl5cXH2TDoVyyCooJ9XWnWbgPD11Tm/4tQrh1VnKVrov8vdx4cM4evtqUCsCAFiF8M7QJwGm/B5zq2grgx23HeWfFYZLTCjBbrNT29yC2tg+v9K5PTC3vsz4u4mz8J7/y/k9rqRcaQPJHox3PXz16OvH7j3FnzyuYNvJGMnLyibzzLadtA329aFI3jIf7Xs1t3ds45QdgNBjw9fIgMiyAri0bMqr/NTSuW/499sGp8/nqj80ADLgmhm/G3wzArf/5joXrkk5a/yNfjafXs5+zdV/5a6erm9bjz//cC0CHMTMcadyNRgJ8vWhYO5gbrm7GI/3aE+irvnWxqMp7VXZ2Njfc0N9pOz8/P6KiohgyZDD/+lcfAN57bwo//PBjheUsWvQLXl5ep/2e98svv/Laa/8BICQkhNmzv8fd3Z1nnnmO5ctXnHTffvnlJx55ZFSF7907duzgm2++ZcuWrWRlZREQ4E+rVq0YNmworVu3cqQrXd8ZMz4gJiYGKLn+KP3en5SUxMcff0JCQgK5uXkEBgbSoEE0gwcPolu3rietq1yaFMCqQIS/O1dH+QGQVVBMYqotMNS6ji/eHgYAgn3cSc0tctquaZi3Y7sDmYX8k12Eh9HAFfV8HWncjIZqq2eB2cINnyWyen8OBuCKun4YDLYLyu1H8vk5MZNf7m6On6dbtZV5qTrTPlGat7uR7o0CKDBbWbkvmy83prLuQA5rR7bCzWhgwi8pTFllu/BpFOpNqzrubPonj0/+Psa8Hcf57Z7YKl1Yt47wpcBsYW+6ibnx6cyNT+flXlE82bWuUzpPNwOX1/V1es5oqLh/mi1Whn27k58TbR9EooO8uCzUiwOZJqavOcLwK8II9XVnZ5qJ3p/EczTHjI+7kasi/TiaW8TKlBxWpuSw9kAO7/RrUC7/N5b+w4i24YT5lj8ltYv0I9tk+/Cy42gBOYXFhPm60SjUdiyah/s4pQ/3deeyUC/H49jazusBDucU8faKwzzfI7LC/T2VUx3jMz0OIudabm4uf/75l+PxypWrOH48ndDQkNPKJyamOXl5toDxnj17yc/PJygokMhI22sqOjr6tOs2der7fP/9DwBERkbSqNFlJCUls2DBQpYuXcqUKe/RsKHz6yY8PJwmTRqzf/8Bdu/ezdtvv0vt2rXp3LnTaZcvpyc930z/LxJJyyumQbAXrev4kZZXxJr9ObSL9KN/i5AqXxdlm4qZE3/c8dzPiRkczSmitr/Hab8HnMqyvdnc8d9dWIHLI3wJ83PnUFYh/0vM4IH2tRTAchGtGtQmMiyQnYfS2LDrEPdPmYeb0cCt3Vo70ni6u3H5ZXU4nJ5L0sE0Eg+mMeuvLXw/4Va6t7nMkS47z8SclfGOxz+vT+JoRi61g/1oWi+cq5vagvEHUrP5Jz0bDzcjVzSKcKR3M5Z8sRce6MNldUrOl7HRtcvVPTzQh/rhwRxIy2Tj7n/YuPsfvvlrK7+9cgd1Q2t+9IKcnTN5r2rUqBG1a9di//79JCYm8tpr/4ebm5HevXs50ri7u9OsWVOn7YxG5y+Vq/qet3DhT47/09PTWblyFd26daV+/frExrYA4MiRo6SlpZUrt2yZdn/++RcvvfQKxcXFBAcH0bp1K/btS2H58hWsXLmKZ5992ml/So7XNKZOfa/CPLOysnjyyXFkZmYRERFBkyZNyczMZNu27cTExCiAJRVSAKsCN7UO46bWtm9vFu3MYOCXyQB8fnNjmpe6sFmwI91pu1f71Hf8//yiA0xe/g8hPu78eX/sOann9DVHWb3f9qb75S2NGdQyFID/JWZw0zfJbDiUy/urjzC+W71zUv6l5Ez7RGmhPu7MHt4MgE//Psaj8/eScKyAhGMFmIotjuDVw9fU5s3rG2AwwN50E90/iudYrplx/9vHgjuan7KuX93SmMZh3hzJLuKBOXv4fVcmLy4+wPXNgomtU3KhH+7rUeW++cn6o47g1Qs9IxnXtR72WNfmf3KJ8LeNDnvql30czTET7O3O0gda0DjMdmye/XU/76w8zEfrjnJrmzA6Rvs78jYaIKPAzH/+Osib15cP6pTe5+4fxbPuQC5xjYL4/ObGFda1V5NAx7fvlTEa4L2Vh7n3qlrUC6x8ZFtlTnWMz+Q4iJwPv/++mIKCAoKDg/D29uHw4cP8+uuvDBs29LTymTy5ZJTEQw+NJD5+B+3atePFFyeeUb0SEhIcHwiGDBnEqFGPYTAYOHToEA89NJKMjEzee2+KU7kAbdtezvPPP4fJZOLGGwdSUFBAQkKiAljnweZ/8kjLK8bH3cimUa3xdLO9KeQWFnMs1wxU/bpo5vqj5BZaCPd1x8/TjX0ZJr7ZnMbozhGn/R5wKn/uzsIKdG8UyE93luR9JKcIt0q+xJHz7+G+7bmrV1vMxRZaPzKVlGOZzF+T6BTACg/0dYx+2rr3MLf853tSjmXywNT5bJ/2KB7uti9wv1++jVxTEeGBPvh5e7HvaAbf/LWZ0QM68eodPR35Pf/lYibPXUmIv48j37J6XdGYmY8POmndS6eZszKeu9+Zw+7Dx3nq09/44skhZ3VcpGad6XvVTTcNpl+/GzCbzQwbNoIjR46wdOkyp4BPcHAw06dPO2n5VXnP27cvhS1btgIQExNDQkICCxf+RLduXXn44Qcd6aZPn8E338wiICDglOUWFBQwefLbFBcX07JlLG+99QZ+fn7k5+fz1FNPs2nTZt5++106d+6Er2/JFxQGg4EtW7aydOmyCoNRyck7yczMwsvLi6+//gIPDw8A8vPzSU+v/DOVXNo0v+wC9r8TAYVWdXwdwSuA65sH0/7EN572oIO4jvwiC1sP5zseB3ob+bnUFItnukc6gkMNQ7y4o61t6uhfu7PILax8GkVZdQI8mD6oIWCb/jdvvEjoFgAAIABJREFUx3Gn9al5RXT/KN6xPDhnT6V5zY231a9JmJdT8Arg8rp+1AnwoLDYyuKdWQDcdkWoI2gD8GxcJCc+25Trk+0i/Wge7s1Ha4+xM81U5f2rzO87s5z264MKpksOaxNGXpGFF38/cFZlVXSMz/Q4iJwPCxf+DMC1115Ljx5xAPz008/nvNx169bz0EMjHUtSUrLT+hUrVjn+v+uuOzGcOMnUq1ePG264AYANGzaSn59PWVarlZSUFAoLCwFo0uTMAhtyehoEe+JmgHyzhcFfJfHm0kMs3pmJm9FAwxCvU2dQymd/26YODowNZUgr2/XM5xuOVXudAcc5ecXebO6ZvZtpq4/w98Ecavl5EO6n73VdTeKBVDJzbdcGAT6Vf+HUumEEL95mO6cdTMtiTWLJ+/tnv28CYGCHWIZ0sgVPP1+86Yzq8/umXXSfMNOxfHBiKmNlBnWKZUTc5QAsXJdIkbnq13HibN/RDP418Quuf6H8su/o+bmmOpv3KrAFl3JzcwGcAj0AGRkZTu+T9imAZZ3qPc8++qpBg2juvfcuANauXcfRo0dPa19Li4/fQUZGJgDDhg3Fz8/2OdPHx4cRI24DICcnh61btzpt17NnD9zd3fngg+mYzeZy+UZE1MFoNGIymRg/fgJffvkVa9euw2g0Uq+eBmBIxfROfQE7dmK6WlSQR7l10cFerD2Q6/gWVGreoexC/F5Y5/Tcza3DqB/k5WgnP0+j415SdtHBtgu2Yisczzef1pTQugGe+Hu6kVNYzJEc575QWGxl3YFcx+OTXVMdybG9STYK8aayL6jT88wUWWy/CREZ6PzhxdfTSJivB0dzixz91s7daOCV3vW5ZVYyz/6Wwo0xpzeVqazUPDOpeSX72im6/HD9W9uEEX+0gG82pzGyY51y609H2WN8psdB5FzbuXMXiYmJAPToEYe/vx/ffDOLlJT9bN68hcsvb3POys7IyHRc/Fa83vbhw9vbm6CgIKd1derYpuhYLBaysrLw8SkZSbpo0WIWLVoMgKenJ/fffx/XXtutuqsvFbgs1JsZgy7j+UUH+WN3Fn/stgXuA73ceKtvNMOvCK9SPlsP57HhkO296KbWoQR5uzF5+T8kpRawYl82nRtU75SroW3C2H44j4/XH+O7LWl8tyUNsE3d//zmRlxZz69ay5Mz88gHC3nkg4WOxz6e7jx8w9Un3aZZZMm9r45k2GYobN17hA27DgFwU5eWBPl6MXnuSpIOprEiPoXOsac33Tk1K5/U/2fvzgOkKg987//YW+iGFgmbJLgkbhGNxiU6CJ24EaMCcuMuURGjTtySzI0zJkajvo6OC/OqNxolJi4x6LgSDcQNB6PjbhC36HVjEQjKDg009v2jpaVpUEQNj/Hz+au7TtWpU4dqqup7nvPU3PfjxK5bfvjtv9Kz4W9h8dJlmTW/Nl2rPcfWRu+u1dntq73z/930300u/7cD+6V31+q/yzZ8lNeqFQPVBRdcmAsueH9UVrt27TJkSNORfHV1dXn++RdW+L35G/MPe82rq6vLn/70pyQNr/Nf//rXU13dKbNnz8kf/zgm3/ve0LV63CuOhuratemczN26dV/hek1DYo8ePXLAAYNy003/lVtvvb3ZejfccMP827+dliuu+FWefPKpPPnkU0ka5go7+eQTM2DA3mu1vfxjE7DWgTbvDcFYXPf+F0AuWfZu48/Lh+F/mC4dWuelmcnkOc0/CE+a03C06guOJhZj+RxYrVu2SPfKtum/cVUGvTdybvlR3wVL3s2sRXVZf733/90mzWmIRy1bNJyG+FG8NW9J5r83aqtbZdPb9qxqm5d/vO0aradbZdu8+LfavDqrdrXXqV6vVdq0bJGl79ZnytymI6kWLX03by9seJ5+oUPz4PqdLarTb+Oq/OHF2amu+HjP2RUn8F2dFi2S8wZ8MQOueTH/OnbSx7q/lffxx9kP8GlaflR2gw02yLbbbpOWLVumd+8v5Y033swf/nBXtt12m7Ru/f7f35Il77+2LF3a8HPr1ms3p+LqJnFfrrq64cNHbW1t5s6dm44d3/9ShOnTG44at2jRosnlScNR70033SRPPvlUFi5cmMceezxDhgxu8jj49By8bZccvG2XPD99Uf5n0vxc+/Tf8vjkBfnBna9n8Fad077thw/0/81TDaOvelS1yT/1rkrLFsnmXSry0sza/ObJv61xwFrT91YtWyTn7v3FnLlHrzw5ZUEeeXNe/s//zMir79Tmf//xzdw7bMs1fvysmdatGp4HS1YagbF4acPvbVfx97p1767ptUHHdOpQkU26d873dv9avviFTs2ut6K/Tnm78edu1Q2n6P/m3oZJ/HusX5V/2vJLadmyRTbfcIO8NOXt/Obepz9ywDq439Yfegrhyl6e2vAcb9emVdavNMfax3H6Qf0z4bVpjRPv77vjZjn9oP5/t/v/KK9VK4442mSTTdKtW9dUVlamZ8+e2XfffZp8MUnSML/Vrbfe/IH3/2GveQ899OfGiPStbzWMfurXr1/uvHN07rrrjxk69IjGUWNr87iTZMaMvzVOyt7w+/tnOqy/fvOQOHToERkzZmyuvfba9OnTp9nyvfbaM3vttWdeffW1TJw4MXff/cc8//wLueCCC1NT0z8VFf5maMophOvA8gmmn35rYRbXNby5+vMb8xqXb7T+ms3Js8/mDSNVJk5fmDtXmHvpTy/PzqOTGo5mfnuzv88RCT7c8jmwRh3ylfznfr1zwNads3xO/302f/9N2b8/ODX1773/njRnca59uuE0iv4bd/xIo69mzF+a4257PUnDG/b9t+z8IbdYvYFbNjyPXnl7cS4a/1bj9iUNR8+nz1uadq1b5lubNryQ3/iXd/LqO+/HrvPGTc2y926zuufkeXt/MS2S/O4vM9d6Oz+K3Taqync2r85/vzYvk+eu3amLq9rHH3c/wKdh8eLFueeee5Mkb7/9dmpqdk+/ft/MG280fLvquHEPZv78+enR4/0ve5g4cWKS5UeFGyZAXnH5J2nXXb/R+PNvf3tt6t/7T2b69Om5++6GUxy33367JqOvkuSrX90y5557dkaMuCgtW7bM448/nttuu+NT2UaaenP24oz565zUvVufrbqtl6N3+EJ++s2GSfyXLKtvnHj9g9TWvds4AuqteUtTdebj6fDzxxu/KOW252ZlTu2ajSRf0/dW//Pm/Dw9dUHatGqRb3ypMqf27dH47YTvLDRq/dOwfNLzt+cuaoxMk2fOyZt/axiVuVG35mHq+H12yi2nH5JfnzI4Pz24/4fGq2dfn54zf/dAkqRn56rstFmv1C6py6jxDf+PvTVrXqq+e046DDk7L723Dbc98nzmLFj9gblPwu2PvND47Yff2XHzxnm5WHtX/mD/9OndLX16d8uVP9j/w2/wCVrb16r/9b8OyPnnn5ef/ez0DBt2VLN4taY+7DVv+TQBSXLEEd9Lv37fzJ13jk6STJs2LY8//sRa3u9W6dSp4b3tqFE3NX6JS21tbW644cYkSWVl5SoDVceOHXPEEUdk7tx5efjhR5osmzZtWh555H9SV1eXTTbZOPvvv1+OPrrhtMe6urosWND828XBIcp1YNjXv5Dbnnsnr89anG3+89l8qbptnpjSEJx27NUh2/dsPrHzhePfym9WmA+i/8Ydc1r/nrn9+Xfy+OQFOfT3r2S7nh3SIsnTbzWs62s9OuQHH/P0KP4+vr5hZY7fuWt++eiMXPbI9PzxpdnpUdU2T7+1IAuWvJv112udCwas2VHCw2/6v1lc925em7U4S96rJWfu3itf7db0xXT5HFgrumbIJtm4c/MjHcN27JqxL8/J2Jfn5Ix7J2fkE3/LJp3bZercJXlpZm3Gf3+rdKtqk/MHfClPTnkhMxfWZef/81y269k+M+YvzcvvzW119Ne/kF17r3ri8q/16JCDt9kgN054e5XL19TyObCW69Sude4Yutkqr3vOXl/M2JcbPoB9FB+2jz/OfoBPw4MP/nfmzWv4ML/LLt9Iq1YNH6Lq6+vz5z8/nMWLF+fee+/LoEEDs/322+Wpp57OJZf8Z8aMGZuZM9/OtGnTkmSVX9f9Sdhyyy0zZMjg3HLLbbn55lvy8MOPpEuXLnnppb+mtrY2VVVVOfHEH6z29ltssUX22GP3/OlP9+S6667Ld77z7Wbzi/DJmjxnaYbc8Nd0qmiVL3euSMeKVo2npW/TvX26VX34KNPbn3snsxY1RKMBm3VK6/eO6tTXN8wTuKju3dz07DsZvmPzb3pb2Zq+t3rwtbn5xf1T0qOqTTbtXJG6d+vz+OSG0832/MoHRxLWzgG7fjXnjBqXmXMXpea0X6fPRl3z/JszsnTZu6nuUJGDdmv+oXdNzJy7MDWnjcz02Qsy6W9zUp+kQ7s2uerEgWnbplV+/+CzmTW/4XS/Adt/uXEkWH2Sux//axYtqctN4ydm+IAd1vg+l8+BtVynDuvljp8d2uw6u/3vkZk8c3ZmzGn4AL5J98654Ki91upx0lR15Xr51Yn7N/789/RxX6s+yPI5sFb0s5+d3vjtvita1WvevHnz8vjjDVOVbLXVlunc+f0D1xMnTszs2XNy1113Z6edPvhU3FWpqKjID394as466+w8++zEHHLIYdloo43y+utvZNasWWnRokVOPvmk1b7uHnDAoNx++x2ZMmVKk8tnzPhbfvKTf01lZWV69eqVDh3aN55G+eUvfzkbbLD2B9/5xyVgrQP9N+mYmw/dLJc89Fb+Mm1hHpu8IN0q22TAZp3y8917rXKOoddmLc5rs94fJbJhx7ZZr03LjDlqi/z/D0/LLRPfyfMzGl6kN+9SkcFf3SCn/lP3NRq+Txku3Kd3duxVmZFPzMiEaYvyxuwl6VHVJt/dulN+0r9HvlS9ZpPiTpi2MBWtW6ZbZZvssGGHHLtT1/TbuGOz6608B1aSLFy66pDTumWL/Ndhm+WaJ2fkhmdm5vkZtZn2xpL06tQ239+pWzZ6b9u+0qUiDx//1Vzw4Fu555U5eWzSglS0aZlvfLEyR339Czl8uw+eE+WsPXvl9udnZVHdux94vQ+y8hxYG7Rf/dHOzbpU5Jgdu+aKR5tP9P5BPmwff9z9AJ+0u+/+Y5Jku+2+lvPPP6/JstNP/1nGj38of/jD3Rk0aGDOPvus/PrX1+Shhx7OCy+8mDZt2mTrrb+agw46MLvs8o1Vrf4TcfLJJ2WrrbbKHXfcmVde+b+ZNm16unTpkj322D1Dhx6e7t27f+Dtjzrqe7nvvvsze/ac3Hzzf631XB+smS9v0C4n79o941+flzdmL87cxcvyhQ5tsv+W1Tlj9+YfuFbl2qcbDlj027iq8Vt6lzv4xpcz+sXZ+c2TM9coYK3pe6u9N+uUN2YvzqOT5mfCtIVZuqw+G3dul8Fbdc6/1pg0+NOwQcf18qezj8wvbhyXh55/PY+8OCmd2rfLd3bcLD87uCY9Oq/dPGdL6pbliZenpkNF23xlww3Sf+uNc9L+O2eT7g0feq+9v2Gi9n5b984tpx/S5LYHn39TRj/2Un5z7zMfKWCtPAfWBlXNA8rMuYvyzrzadOpQke026ZF9d9osJ3xnp3Rs71SoT8o2G3/w68Gn6eO+Vq3OynNgJUlt7erPEFj5Na++vj719fWprKzMhRdekMrK9w+U3nzzLbn00ssyfvxDmT17TqqrP3qs/+Y3a9KtW7fccMPv8uyzz2bChGdTVVWZXXfdJYceeki22Wb1IbpNmzb5/veH54wzzmxyea9evXLQQQfmmWf+kmnT3sr8+Quy/vrrp1+/3XLMMUd/5G3k86FFfX39Rxt68ClYuHDeh18JAAAAgL+79u0/2S9WWRuG5wAAAABQNAELAAAAgKIJWAAAAAAUTcACAAAAoGgCFgAAAABFE7AAAAAAKJqABQAAAEDRBCwAAAAAiiZgAQAAAFA0AQsAAACAoglYAAAAABRNwAIAAACgaAIWAAAAAEVrva43AAAA+MfTYcjZ63oT+BxZcMvP1vUmAJ8yI7AAAAAAKFqL+vr6+nW9EePG3bOuNwEAAACAVaip2XNdb0IZAQsAAAAAVscphAAAAAAUTcACAAAAoGgCFgAAAABFE7AAAAAAKJqABQAAAEDRBCwAAAAAiiZgAQAAAFA0AQsAAACAoglYAAAAABRNwAIAAACgaAIWAAAAAEUTsAAAAAAomoAFAAAAQNEErBVceOGFOfvss9f1ZhTtyCOPzO23377a5WPHjs2BBx74id3fzJkzs8MOO2T27NlJkksvvTQ//elPP7H1fxwr7ot58+Zlhx12yPTp09fo+gAAAMCa+0wGrGeffTY77LBDjjrqqCaXjx8/Pn379l1HW1WWhQsXZocddsjUqVM/0fUefvjh2WabbT7RdX4U/fv3z7777rvO7n9F63pfAAAAwOdF63W9AR/Hm2++mXvvvTd77LHHut6Uz411va9LCkbrel8AAADA58VncgTWcsOHD8+ll16apUuXrnJ5XV1drrjiiuy333755je/meOPPz6vvPLKB66zrq4u5513Xvr165cBAwbk5ptvblw2ffr0nHjiidljjz3Sv3//HH300Zk4cWKSZNmyZRkwYEAeeOCBJus744wz8otf/GKV9/Xuu+/mpptuyne/+93stttu2XfffXPbbbc1Lh87dmwOOuig9OvXLwcffHDGjRvXuGzcuHEZNGhQrrrqqhx++OEZOHBgzjnnnNTV1SVJjj/++CTJsccem0GDBuW6665LkkyePDk/+tGPsueee2bAgAG54IILUltbm+T90+BGjRqVI488MkOGDMnxxx+fGTNmNN7vyqfBTZgwIYcddlj69euXYcOGZfLkyU0e4zvvvJPTTz89e+21V/bee++ceeaZmTNnzmr3/8yZM3PKKaekpqYmgwcPzsMPP9xk+YqnEC5dujTnnntu9txzz9TU1GS//fbLmDFjGvfPwIEDc+mll2bYsGE58MADc8EFF2TJkiWN63rxxRdz7LHHpqamJgMHDszIkSOzbNmytd4XSfLwww9n8ODBqampycknn9zk+it74okncuSRR6ampiaDBg1q8lwDAAAA3veZDlgHHHBA2rRpk1GjRq1y+dVXX52xY8fmsssuy9ixY9OnT5/88z//c+bPn7/add5zzz3Zbrvtcs899+TnP/95LrzwwkyaNClJUl9fnyFDhmT06NG59957s+uuu+bHP/5xamtr06pVqwwaNKhJ0Jg/f37uu+++DB48eJX3deONN+a3v/1tzjjjjDz44IO59tprs/nmmydpiBtnnXVWTjnllNx///05/vjjc9pppzUGs6QhRnXs2DHXX399Ro0alb/85S+5++67kyS//OUvkyS/+tWvcvvtt+eII47IokWLctxxx+UrX/lKRo8end///vd5/fXXc+mllzbZrgkTJuTqq6/OLbfckm7duuXyyy9f5fbPmTMnJ510Uvbff/888MAD+Zd/+ZdmEea0007L4sWLc8stt2TUqFGZOXNmzjjjjNXu/9NOOy2VlZUZM2ZMRo4cmTvvvHO11x09enSee+653HrrrRk3blyuueaaxv2XJFOmTEl1dXVGjhyZ66+/Pq+++mquuuqqJMns2bNzwgknZJdddsk999yTiy++OLfddltuuOGGtdoXy911110ZOXJkxowZk44dO+a0005b5fVeeumlnHLKKTnyyCNz33335aKLLso111yT+++//wPXDwAAAJ9Hn+mA1bJly5xyyim5+uqrGyf5XtHo0aMzbNiw9O7dO23bts33v//9JMlDDz202nVuv/32GTBgQNq1a5dddtklvXv3zgsvvJAk6d69e2pqarLeeuulTZs2OeaYY7Jo0aK8/vrrSZJBgwbl0UcfbRx1M2bMmPTq1St9+vRZ5X2NGjUqw4cPT58+fdKyZct07tw5W221VZLkzjvvzN57751ddtklrVu3Tv/+/dO/f//ccccdjbevrKzMQQcdlCSpqKjIzjvvnOeee261j+2BBx5I69atc9xxx6WioiLV1dU54YQTGqPXckOHDk3r1g1nl/bv33+163zggQfSpUuXHHTQQWnVqlW22GKL7L///o3LJ0+enKeeeio//vGPU1VVlerq6px66qn585//nJkzZzZb3+TJk/PMM8/k1FNPTUVFRTp37pzhw4ev9vG0bds28+fPz0svvZSlS5emS5cu2XjjjRuXt2vXLoccckjjdQ877LCMHj06SfLggw+mqqoqRx55ZNq0aZNNN900Q4cObTaiak33xXLDhw9P586dU1FRkR/96EeZMGFC3njjjWbXu+mmm7L33nunpqYmrVq1yqabbpoDDzyw2b8FAAAA8BmfAytJ+vbtmy233DJXX311dt5558bL6+vrM2PGjPTq1avxslatWqVHjx4f+E1x3bp1a/J7+/bts3DhwiTJggULctlll+Wxxx7LokWL0rJlyyxatCizZs1K0hC4dt5559x555055phjcvvtt6929FV9fX2mTZuW3r17r3L59OnTs9NOOzW5rFevXnn55Zcbf6+urm6yvF27dqsMectNnTo1M2fOzJAhQxove/fdd9OyZcvGx7jyetu1a5cFCxascn0r798k+eIXv9jkMbRq1Srdu3dv8hiSZNq0aenSpUuT206fPj3rrbdeNthgg1Wub2Xf/va388477+SSSy7Jm2++mR133DEnnXRSNtpooyRJp06dGuNTknTp0iUzZ87MsmXLMn369Gy44YZp0aJFk21b+bmxpvtiuQ033LDJbSsqKjJjxoxm/85TpkzJK6+8kmeeeabxsiVLljS5PQAAANDgMx+wkuTUU0/N9773vfTo0aPxshYtWqRr166ZOnVqvva1ryVpiDVvvfVWs0i1pn75y19m0qRJGTlyZGPYqKmpSX19feN1DjjggFx00UXp27dvXn311eyzzz6rXFeLFi3SvXv3vPnmm9luu+2aLe/WrVuzbxCcMmXKGm97y5bNB9d17949PXv2zE033bTK28ybN2+N1r1c165dM378+CaXvf32240/d+vWrTEWLd/uKVOmNG7Lyrp165ZFixZlwYIF6dChQ7P1raxVq1YZOnRohg4dmrlz52bEiBE566yzcs011yRpmH9r4cKFad++fZJk0qRJ6dKlS1q1avWx9+/qTJ06tTHSzZ49O7W1tenatWuz6/Xo0SMbb7xxfvKTn3ys+wMAAIDPg8/0KYTLbbbZZhkwYEBjuFhuv/32y69//etMnjw5S5Ysya9+9avU19enb9++a3U/8+bNS48ePRrj1S233NJsPq2+fftm6dKlOfvss/Otb30rHTt2XO36DjzwwFx11VWZOHFi6uvrM2vWrMbTFffbb7+MHTs2jz32WJYtW5bx48dn3LhxTU7R+yAVFRXp0KFDk9PXampqsnDhwlx55ZVZsGBB4yiwlSPUmqqpqcmkSZPy6KOPJmkINiuegterV69st912ueSSSzJ//vzMmTMnI0aMyK677tps9NXy62+77bb57W9/m6RhYvzlk8+vyhNPPJG//vWvWbZsWdq3b5/Kysq0atWqcXl9fX1GjBiRxYsXZ9q0aRk5cmT23XffJA2nA86ZMyfXXXddli5dmtdeey3XXnttBg4cuFb7Yrmrrroqs2bNSm1tbS655JJsvfXWqxxl993vfjd33XVXHnjggdTV1aWuri6vvPJKJkyYkKRh/rQRI0Y0i2wAAADwefQPMQIrSU444YTcc889TS4bNmxYli1bluOOOy7z58/PFltskcsvvzyVlZVrdR/Dhw/PmWeemcMOOyzrrbde+vbt22wkUatWrTJw4MBcffXV+eEPf/iB6zv00EPTsmXLnHnmmZk2bVqqq6tzzDHHZMstt8yOO+6Y008/Pf/xH/+R6dOnp2fPnjn33HNXO5/Wqpx44ok566yzUltbm0MPPTTHHntsrrjiilx22WUZMmRIFi1alK5du2a//fbLbrvt9pH3R3V1dUaMGJGLLrooV155ZaqqqjJgwIAmE5Gfd955ufjiizN48OC0aNEi3/jGNz5wv5x33nk555xzcvjhh6eqqiq77777aic2nzlzZv793/89M2bMSNu2bbPFFls0fkNh0jDKqWfPnhk4cGDq6uqyxx57NM6pVV1dncsvvzwXX3xxRo4cmaqqquy///457LDDPvJ+WNE+++yTo48+OrNmzUqfPn1y/vnnr/J6W221VS6++OJceeWVOfvss1NfX5+NNtoow4YNS9Jwuur111+fmpqa9OzZ82NtEwAAAHzWtahf8fw3PhGjR4/ONddck1tvvXVdb8rn1rhx4zJixIhmk7IDAAAAnz3/EKcQlmTBggW58cYbc/DBB6/rTQEAAAD4hyBgfYJ+97vfZa+99kqPHj1ywAEHrOvNAQAAAPiH4BRCAAAAAIpmBBYAAAAARROwAAAAACiagAUAAABA0QQsAAAAAIomYAEAAABQNAELAAAAgKIJWAAAAAAUTcACAAAAoGgCFgAAAABFE7AAAAAAKJqABQAAAEDRBCwAAAAAitZ6XW9Akrw15fV1vQkAAAAArEKPDTda15uQFvX19fXreiMAAAAAYHWcQggAAABA0QQsAAAAAIomYAEAAABQNAELAAAAgKIJWAAAAAAUTcACAAAAoGgCFgAAAABFE7AAAAAAKJqABQAAAEDRBCwAAAAAiiZgAQAAAFA0AQsAAACAoglYAAAAABRNwAIAAACgaAIWAAAAAEUTsAAAAAAomoAFAAAAQNEELAAAAACKJmABAAAAUDQBCwAAAICiCVgAAAAAFE3AAgAAAKBoAhYAAAAARROwAAAAACiagAUAAABA0QQsAAAAAIomYAEAAABQNAELAAAAgKIJWAAAAAAUTcACAAAAoGgCFgAAAABFE7AAAAAAKJqABQAAAEDRBCyO1geDAAAQ6klEQVQAAAAAiiZgAQAAAFA0AQsAAACAoglYAAAAABRNwAIAAACgaAIWAAAAAEUTsAAAAAAomoAFAAAAQNEELAAAAACKJmABAAAAUDQBCwAAAICiCVgAAAAAFE3AAgAAAKBoAhYAAAAARROwAAAAACiagAUAAABA0QQsAAAAAIomYAEAAABQNAELAAAAgKIJWAAAAAAUTcACAAAAoGgCFgAAAABFE7AAAAAAKJqABQAAAEDRBCwAAAAAiiZgAQAAAFA0AQsAAACAoglYAAAAABRNwAIAAACgaAIWAAAAAEUTsAAAAAAomoAFAAAAQNEELAAAAACKJmABAAAAUDQBCwAAAICiCVgAAAAAFE3AAgAAAKBoAhYAAAAARROwAAAAACiagAUAAABA0QQsAAAAAIomYAEAAABQNAELAAAAgKIJWAAAAAAUTcACAAAAoGgCFgAAAABFE7AAAAAAKJqABQAAAEDRBCwAAAAAiiZgAQAAAFA0AQsAAACAoglYAAAAABRNwAIAAACgaAIWAAAAAEUTsAAAAAAomoAFAAAAQNEELAAAAACKJmABAAAAUDQBCwAAAICiCVgAAAAAFE3AAgAAAKBoAhYAAAAARROwAAAAACiagAUAAABA0QQsAAAAAIomYAEAAABQNAELAAAAgKIJWAAAAAAUTcACAAAAoGgCFgAAAABFE7AAAAAAKJqABQAAAEDRBCwAAAAAiiZgAQAAAFA0AQsAAACAoglYAAAAABRNwAIAAACgaAIWAAAAAEUTsAAAAAAomoAFAAAAQNEELAAAAACKJmABAAAAUDQBCwAAAICiCVgAAAAAFE3AAgAAAKBoAhYAAAAARROwAAAAACiagAUAAABA0QQsAAAAAIomYAEAAABQNAELAAAAgKIJWAAAAAAUTcACAAAAoGgCFgAAAABFE7AAAAAAKJqABQAAAEDRBCwAAAAAiiZgAQAAAFA0AQsAAACAoglYAAAAABRNwAIAAACgaAIWAAAAAEUTsAAAAAAomoAFAAAAQNEELAAAAACKJmABAAAAUDQBCwAAAICiCVgAAAAAFE3AAgAAAKBoAhYAAAAARROwAAAAACiagAUAAABA0QQsAAAAAIomYAEAAABQNAELAAAAgKIJWAAAAAAUTcACAAAAoGgCFgAAAABFE7AAAAAAKJqABQAAAEDRBCwAAAAAiiZgAQAAAFA0AQsAAACAoglYAAAAABRNwAIAAACgaAIWAAAAAEUTsAAAAAAomoAFAAAAQNEELAAAAACKJmABAAAAUDQBCwAAAICiCVgAAAAAFE3AAgAAAKBoAhYAAAAARROwAAAAACiagAUAAABA0QQsAAAAAIomYAEAAABQNAELAAAAgKIJWAAAAAAUTcACAAAAoGgCFgAAAABFE7AAAAAAKJqABQAAAEDRBCwAAAAAiiZgAQAAAFA0AQsAAACAoglYAAAAABRNwAIAAACgaAIWAAAAAEUTsAAAAAAomoAFAAAAQNEELAAAAACKJmABAAAAUDQBCwAAAICiCVgAAAAAFE3AAgAAAKBoAhYAAAAARROwAAAAACiagAUAAABA0QQsAAAAAIomYAEAAABQNAELAAAAgKIJWAAAAAAUTcACAAAAoGgCFgAAAABFE7AAAAAAKJqABQAAAEDRBCwAAAAAiiZgAQAAAFA0AQsAAACAoglYAAAAABRNwAIAAACgaAIWAAAAAEUTsAAAAAAomoAFAAAAQNEELAAAAACKJmABAAAAUDQBCwAAAICiCVgAAAAAFE3AAgAAAKBoAhYAAAAARROwAAAAACiagAUAAABA0QQsAAAAAIomYAEAAABQNAELAAAAgKIJWAAAAAAUTcACAAAAoGgCFgAAAABFE7AAAAAAKJqABQAAAEDRBCwAAAAAiiZgAQAAAFA0AQsAAACAoglYAAAAABRNwAIAAACgaAIWAAAAAEUTsAAAAAAomoAFAAAAQNEELAAAAACKJmABAAAAUDQBCwAAAICiCVgAAAAAFE3AAgAAAKBoAhYAAAAARROwAAAAACiagAUAAABA0QQsAAAAAIomYAEAAABQNAELAAAAgKIJWAAAAAAUTcACAAAAoGgCFgAAAABFE7AAAAAAKJqABQAAAEDRBCwAAAAAiiZgAQAAAFA0AQsAAACAoglYAAAAABRNwAIAAACgaAIWAAAAAEUTsAAAAAAomoAFAAAAQNEELAAAAACKJmABAAAAUDQBCwAAAICiCVgAAAAAFE3AAgAAAKBoAhYAAAAARROwAAAAACiagAUAAABA0QQsAAAAAIomYAEAAABQNAELAAAAgKIJWAAAAAAUTcACAAAAoGgCFgAAAABFE7AAAAAAKJqABQAAAEDRBCwAAAAAiiZgAQAAAFA0AQsAAACAoglYAAAAABRNwAIAAACgaAIWAAAAAEUTsAAAAAAomoAFAAAAQNEELAAAAACKJmABAAAAUDQBCwAAAICiCVgAAAAAFE3AAgAAAKBoAhYAAAAARROwAAAAACiagAUAAABA0QQsAAAAAIomYAEAAABQNAELAAAAgKIJWAAAAAAUTcACAAAAoGgCFgAAAABFE7AAAAAAKJqABQAAAEDRBCwAAAAAiiZgAQAAAFA0AQsAAACAoglYAAAAABRNwAIAAACgaAIWAAAAAEUTsAAAAAAomoAFAAAAQNEELAAAAACKJmABAAAAUDQBCwAAAICiCVgAAAAAFE3AAgAAAKBoAhYAAAAARROwAAAAACiagAUAAABA0QQsAAAAAIomYAEAAABQNAELAAAAgKIJWAAAAAAUTcACAAAAoGgCFgAAAABFE7AAAAAAKJqABQAAAEDRBCwAAAAAiiZgAQAAAFA0AQsAAACAoglYAAAAABRNwAIAAACgaAIWAAAAAEUTsAAAAAAomoAFAAAAQNEELAAAAACKJmABAAAAUDQBCwAAAICiCVgAAAAAFE3AAgAAAKBoAhYAAAAARROwAAAAACiagAUAAABA0QQsAAAAAIomYAEAAABQNAELAAAAgKIJWAAAAAAUTcACAAAAoGgCFgAAAABFE7AAAAAAKJqABQAAAEDRBCwAAAAAiiZgAQAAAFA0AQsAAACAoglYAAAAABRNwAIAAACgaAIWAAAAAEUTsAAAAAAomoAFAAAAQNEELAAAAACKJmABAAAAUDQBCwAAAICiCVgAAAAAFE3AAgAAAKBoAhYAAAAARROwAAAAACiagAUAAABA0QQsAAAAAIomYAEAAABQNAELAAAAgKIJWAAAAAAUTcACAAAAoGgCFgAAAABFE7AAAAAAKJqABQAAAEDRBCwAAAAAiiZgAQAAAFA0AQsAAACAoglYAAAAABRNwAIAAACgaAIWAAAAAEUTsAAAAAAomoAFAAAAQNEELAAAAACKJmABAAAAUDQBCwAAAICiCVgAAAAAFE3AAgAAAKBoAhYAAAAARROwAAAAACiagAUAAABA0QQsAAAAAIomYAEAAABQNAELAAAAgKIJWAAAAAAUTcACAAAAoGgCFgAAAABFE7AAAAAAKJqABQAAAEDRBCwAAAAAiiZgAQAAAFA0AQsAAACAoglYAAAAABRNwAIAAACgaAIWAAAAAEUTsAAAAAAomoAFAAAAQNEELAAAAACKJmABAAAAUDQBCwAAAICiCVgAAAAAFE3AAgAAAKBoAhYAAAAARROwAAAAACiagAUAAABA0QQsAAAAAIomYAEAAABQNAELAAAAgKIJWAAAAAAUTcACAAAAoGgCFgAAAABFE7AAAAAAKJqABQAAAEDRBCwAAAAAiiZgAQAAAFA0AQsAAACAoglYAAAAABRNwAIAAACgaAIWAAAAAEUTsAAAAAAomoAFAAAAQNEELAAAAACKJmABAAAAUDQBCwAAAICiCVgAAAAAFE3AAgAAAKBoAhYAAAAARROwAAAAACiagAUAAABA0QQsAAAAAIomYAEAAABQNAELAAAAgKIJWAAAAAAUTcACAAAAoGgCFgAAAABFE7AAAAAAKJqABQAAAEDRBCwAAAAAiiZgAQAAAFA0AQsAAACAoglYAAAAABRNwAIAAACgaAIWAAAAAEUTsAAAAAAomoAFAAAAQNEELAAAAACKJmABAAAAUDQBCwAAAICiCVgAAAAAFE3AAgAAAKBoAhYAAAAARROwAAAAACiagAUAAABA0QQsAAAAAIomYAEAAABQNAELAAAAgKIJWAAAAAAUTcACAAAAoGgCFgAAAABFE7AAAAAAKJqABQAAAEDRBCwAAAAAiiZgAQAAAFA0AQsAAACAoglYAAAAABRNwAIAAACgaAIWAAAAAEUTsAAAAAAomoAFAAAAQNEELAAAAACKJmABAAAAUDQBCwAAAICiCVgAAAAAFE3AAgAAAKBoAhYAAAAARROwAAAAACiagAUAAABA0QQsAAAAAIomYAEAAABQNAELAAAAgKIJWAAAAAAUTcACAAAAoGgCFgAAAABFE7AAAAAAKJqABQAAAEDRBCwAAAAAiiZgAQAAAFA0AQsAAACAoglYAAAAABRNwAIAAACgaAIWAAAAAEUTsAAAAAAomoAFAAAAQNEELAAAAACKJmABAAAAUDQBCwAAAICiCVgAAAAAFE3AAgAAAKBoAhYAAAAARROwAAAAACiagAUAAABA0QQsAAAAAIomYAEAAABQNAELAAAAgKIJWAAAAAAUTcACAAAAoGgCFgAAAABFE7AAAAAAKJqABQAAAEDRBCwAAAAAiiZg8f/asWMBAAAAgEH+1tPYURgBAAAArAksAAAAANYEFgAAAABrAgsAAACANYEFAAAAwJrAAgAAAGBNYAEAAACwJrAAAAAAWBNYAAAAAKwJLAAAAADWBBYAAAAAawILAAAAgDWBBQAAAMCawAIAAABgTWABAAAAsCawAAAAAFgTWAAAAACsCSwAAAAA1gQWAAAAAGsCCwAAAIA1gQUAAADAmsACAAAAYE1gAQAAALAmsAAAAABYE1gAAAAArAksAAAAANYEFgAAAABrAgsAAACANYEFAAAAwJrAAgAAAGBNYAEAAACwJrAAAAAAWBNYAAAAAKwJLAAAAADWBBYAAAAAawILAAAAgDWBBQAAAMCawAIAAABgTWABAAAAsCawAAAAAFgTWAAAAACsCSwAAAAA1gQWAAAAAGsCCwAAAIA1gQUAAADAmsACAAAAYE1gAQAAALAmsAAAAABYE1gAAAAArAksAAAAANYEFgAAAABrAgsAAACANYEFAAAAwJrAAgAAAGBNYAEAAACwJrAAAAAAWBNYAAAAAKwJLAAAAADWBBYAAAAAawILAAAAgDWBBQAAAMCawAIAAABgTWABAAAAsCawAAAAAFgTWAAAAACsCSwAAAAA1gQWAAAAAGsCCwAAAIA1gQUAAADAmsACAAAAYE1gAQAAALAmsAAAAABYE1gAAAAArAksAAAAANYEFgAAAABrAgsAAACANYEFAAAAwJrAAgAAAGBNYAEAAACwJrAAAAAAWBNYAAAAAKwJLAAAAADWBBYAAAAAawILAAAAgDWBBQAAAMCawAIAAABgTWABAAAAsCawAAAAAFgTWAAAAACsCSwAAAAA1gQWAAAAAGsCCwAAAIA1gQUAAADAmsACAAAAYE1gAQAAALAmsAAAAABYE1gAAAAArAksAAAAANYEFgAAAABrAgsAAACANYEFAAAAwJrAAgAAAGBNYAEAAACwJrAAAAAAWBNYAAAAAKwJLAAAAADWBBYAAAAAawILAAAAgDWBBQAAAMCawAIAAABgTWABAAAAsBagsvL2WgmbcwAAAABJRU5ErkJggg==' height='250' width='300'/> ]]>
  </system-out>
</testsuite> <!-- com.tribu.qaselenium.tests.apimazaprendo.MAPreconditionTests -->
