<?xml version="1.0" encoding="UTF-8"?>
<!-- Generated by org.testng.reporters.JUnitReportReporter -->
<testsuite skipped="0" hostname="station" name="com.tribu.seleniumframework.tests.PositiveLoginTests" tests="5" failures="0" timestamp="2021-10-14T18:24:12 COT" time="537.731" errors="0">
  <testcase name="logInTest" time="107.272" classname="com.tribu.seleniumframework.tests.PositiveLoginTests"/>
  <system-out/>
  <testcase name="logInTest" time="107.086" classname="com.tribu.seleniumframework.tests.PositiveLoginTests"/>
  <system-out/>
  <testcase name="logInTest" time="107.545" classname="com.tribu.seleniumframework.tests.PositiveLoginTests"/>
  <system-out/>
  <testcase name="logInTest" time="107.795" classname="com.tribu.seleniumframework.tests.PositiveLoginTests"/>
  <system-out/>
  <testcase name="logInTest" time="108.033" classname="com.tribu.seleniumframework.tests.PositiveLoginTests"/>
  <system-out/>
</testsuite> <!-- com.tribu.seleniumframework.tests.PositiveLoginTests -->
