<?xml version="1.0" encoding="UTF-8"?>
<!-- Generated by org.testng.reporters.JUnitReportReporter -->
<testsuite hostname="station" failures="0" tests="1" name="com.tribu.qaselenium.tests.mazaprendo.MAScoreCourseTests" time="17.199" errors="1" timestamp="2022-04-15T18:42:14 COT" skipped="0">
  <testcase classname="com.tribu.qaselenium.tests.mazaprendo.MAScoreCourseTests" name="scoreCourse" time="17.199">
    <error message="javascript error: Cannot read properties of null (reading &#039;click&#039;)
  (Session info: headless chrome=99.0.4844.51)
Build info: version: &#039;3.141.59&#039;, revision: &#039;e82be7d358&#039;, time: &#039;2018-11-14T08:17:03&#039;
System info: host: &#039;station&#039;, ip: &#039;127.0.1.1&#039;, os.name: &#039;Linux&#039;, os.arch: &#039;amd64&#039;, os.version: &#039;4.19.0-20-amd64&#039;, java.version: &#039;11.0.14&#039;
Driver info: org.openqa.selenium.chrome.ChromeDriver
Capabilities {acceptInsecureCerts: false, browserName: chrome, browserVersion: 99.0.4844.51, chrome: {chromedriverVersion: 99.0.4844.51 (d537ec02474b5..., userDataDir: /tmp/.com.google.Chrome.NKyIdE}, goog:chromeOptions: {debuggerAddress: localhost:41723}, javascriptEnabled: true, networkConnectionEnabled: false, pageLoadStrategy: normal, platform: LINUX, platformName: LINUX, proxy: Proxy(), setWindowRect: true, strictFileInteractability: false, timeouts: {implicit: 0, pageLoad: 300000, script: 30000}, unhandledPromptBehavior: accept, webauthn:extension:credBlob: true, webauthn:extension:largeBlob: true, webauthn:virtualAuthenticators: true}
Session ID: ce088b35cc1d6e727f318e08adfeb915" type="org.openqa.selenium.JavascriptException">
      <![CDATA[org.openqa.selenium.JavascriptException: javascript error: Cannot read properties of null (reading 'click')
  (Session info: headless chrome=99.0.4844.51)
Build info: version: '3.141.59', revision: 'e82be7d358', time: '2018-11-14T08:17:03'
System info: host: 'station', ip: '127.0.1.1', os.name: 'Linux', os.arch: 'amd64', os.version: '4.19.0-20-amd64', java.version: '11.0.14'
Driver info: org.openqa.selenium.chrome.ChromeDriver
Capabilities {acceptInsecureCerts: false, browserName: chrome, browserVersion: 99.0.4844.51, chrome: {chromedriverVersion: 99.0.4844.51 (d537ec02474b5..., userDataDir: /tmp/.com.google.Chrome.NKyIdE}, goog:chromeOptions: {debuggerAddress: localhost:41723}, javascriptEnabled: true, networkConnectionEnabled: false, pageLoadStrategy: normal, platform: LINUX, platformName: LINUX, proxy: Proxy(), setWindowRect: true, strictFileInteractability: false, timeouts: {implicit: 0, pageLoad: 300000, script: 30000}, unhandledPromptBehavior: accept, webauthn:extension:credBlob: true, webauthn:extension:largeBlob: true, webauthn:virtualAuthenticators: true}
Session ID: ce088b35cc1d6e727f318e08adfeb915
at java.base/jdk.internal.reflect.NativeConstructorAccessorImpl.newInstance0(Native Method)
at java.base/jdk.internal.reflect.NativeConstructorAccessorImpl.newInstance(NativeConstructorAccessorImpl.java:62)
at java.base/jdk.internal.reflect.DelegatingConstructorAccessorImpl.newInstance(DelegatingConstructorAccessorImpl.java:45)
at java.base/java.lang.reflect.Constructor.newInstance(Constructor.java:490)
at org.openqa.selenium.remote.http.W3CHttpResponseCodec.createException(W3CHttpResponseCodec.java:187)
at org.openqa.selenium.remote.http.W3CHttpResponseCodec.decode(W3CHttpResponseCodec.java:122)
at org.openqa.selenium.remote.http.W3CHttpResponseCodec.decode(W3CHttpResponseCodec.java:49)
at org.openqa.selenium.remote.HttpCommandExecutor.execute(HttpCommandExecutor.java:158)
at org.openqa.selenium.remote.service.DriverCommandExecutor.execute(DriverCommandExecutor.java:83)
at org.openqa.selenium.remote.RemoteWebDriver.execute(RemoteWebDriver.java:552)
at org.openqa.selenium.remote.RemoteWebDriver.executeScript(RemoteWebDriver.java:489)
at com.tribu.qaselenium.testframework.pagebase.BasePO.click(BasePO.java:95)
at com.tribu.qaselenium.tests.mazaprendo.MAScoreCourseTests.scoreCourse(MAScoreCourseTests.java:45)
at java.base/jdk.internal.reflect.NativeMethodAccessorImpl.invoke0(Native Method)
at java.base/jdk.internal.reflect.NativeMethodAccessorImpl.invoke(NativeMethodAccessorImpl.java:62)
at java.base/jdk.internal.reflect.DelegatingMethodAccessorImpl.invoke(DelegatingMethodAccessorImpl.java:43)
at java.base/java.lang.reflect.Method.invoke(Method.java:566)
at org.testng.internal.MethodInvocationHelper.invokeMethod(MethodInvocationHelper.java:133)
at org.testng.internal.TestInvoker.invokeMethod(TestInvoker.java:598)
at org.testng.internal.TestInvoker.invokeTestMethod(TestInvoker.java:173)
at org.testng.internal.MethodRunner.runInSequence(MethodRunner.java:46)
at org.testng.internal.TestInvoker$MethodInvocationAgent.invoke(TestInvoker.java:824)
at org.testng.internal.TestInvoker.invokeTestMethods(TestInvoker.java:146)
at org.testng.internal.TestMethodWorker.invokeTestMethods(TestMethodWorker.java:146)
at org.testng.internal.TestMethodWorker.run(TestMethodWorker.java:128)
at java.base/java.util.ArrayList.forEach(ArrayList.java:1541)
at org.testng.TestRunner.privateRun(TestRunner.java:794)
at org.testng.TestRunner.run(TestRunner.java:596)
at org.testng.SuiteRunner.runTest(SuiteRunner.java:377)
at org.testng.SuiteRunner.runSequentially(SuiteRunner.java:371)
at org.testng.SuiteRunner.privateRun(SuiteRunner.java:332)
at org.testng.SuiteRunner.run(SuiteRunner.java:276)
at org.testng.SuiteRunnerWorker.runSuite(SuiteRunnerWorker.java:53)
at org.testng.SuiteRunnerWorker.run(SuiteRunnerWorker.java:96)
at org.testng.TestNG.runSuitesSequentially(TestNG.java:1212)
at org.testng.TestNG.runSuitesLocally(TestNG.java:1134)
at org.testng.TestNG.runSuites(TestNG.java:1063)
at org.testng.TestNG.run(TestNG.java:1031)
at org.testng.remote.AbstractRemoteTestNG.run(AbstractRemoteTestNG.java:115)
at org.testng.remote.RemoteTestNG.initAndRun(RemoteTestNG.java:251)
at org.testng.remote.RemoteTestNG.main(RemoteTestNG.java:77)
]]>
    </error>
  </testcase> <!-- scoreCourse -->
  <system-out>
    <![CDATA[ <img src='data:image/png;base64,iVBORw0KGgoAAAANSUhEUgAABLAAAARMCAYAAACJcWqtAAAAAXNSR0IArs4c6QAAIABJREFUeJzs3XdYU2cbBvA7JGwIICBLRcSBKFKtqKg4itZRcbduq/1abR3dratft6vDDkdr+7V1t2qte4tt0TqpCjhwIAICArLCCpDkfH/ERFZCCAhR7991cVWSc97zHnDefZ7niARBEEBERERERERERPQAyWQyo881q8N9EBERERERERER1TkGWEREREREREREZNIYYBERERERERERkUljgEVERERERERERCaNARYREREREREREZk0BlhERERERERERNSgdu3apfd9BlhERERERERERNRgNOGVvhCLARYRERERERERETWIiqGVrhCLARYREREREREREdU7XWFVVa+LBEEQHvSGiIiIiIiIiIjo8SaTyYw+lxVYRERERERERERk0hhgERERERERERGRSWOARUREREREREREJo0BFhERERERERERmTRJQ2+AiIiIiIiIiIgeH+fPnzf42I4dOwJgBRYREREREREREZk4BlhERERERERERGTSHpkWwumLf8dPO0/rfP+1sSH48vWhQOI5CCtH6F7IzhWi984CItED2CUREREREREREdXUIxNgGaxpR8DOFcjPqPr9/Azg5inAN7h+90VEREREREREjwyVSoXCwkIUFRVBLpejuLgYAGBhYQFra2tYW1vDysoKEsnjF80Y4/H7KolEQLv+wOlNOg8RonZBxACLiIiIiIiIiGpAEATk5eUhJydHG1hVfF8ul0MulyM7OxsikQgWFhZwdHSEVCqFiN1gOj2WM7BEgUP1H3DpMCAI9bMZIiIiIiIiInroFRYW4ubNm0hLS4NcLocgCFAoFCgoKEBKSgoyMzNRVFQElUqlPUcQBBQXFyMtLQ1xcXEoKipqwDswbY9fBRYAtOjGNkIiIiIiIiIiqjVBEJCRkQGZTAbhXjGMTCbD8ePHERkZiWvXrqGwsBDu7u4oLi5G27ZtMXjwYPj7+5eruBIEAbdv34aDgwNcXV1ZjVXBY1mBpW0j1EOI2lVPmyEiIiIiIiKih5EgCEhKSkJubi4EQYBKpUJWVhbmzJmDxYsX4+DBg0hPT4eZmRk8PDyQnZ2NHTt2YPr06diwYUO5aiyN3NxcJCYmasMwUns8K7CgbiMU9MzBwqXDwIhFfBohEREREREREVWiCa/KzrqKi4vDkiVLcPHiRVhYWMDHxwd+fn7w9fWFg4MDvL29kZqaiuvXr2PdunXIzMzEyy+/DCsrK+2aAFBcXIyEhAR4e3uzEuuexzbAYhshERERERERERkrIyOjXHiVm5uLb7/9FtHR0RCLxQgICEBwcDDc3NxgbW0NS0tLSKVSNGrUCB4eHrh27Rr27t0LZ2dnTJo0SbuOJrAqKSlBRkYG2wnvabAWwsBR7+n9uHlbR7BUV9hGSEQPgWfnrYc4eA6+2Pi3zmM++Tkc4uA5mPThb9rXfthxGlvCow26xgufboFlz3nIzC2s9X4ftDe+2gWfEYu1n9fkPg21dP1fOHzmep2uSURERESPlsLCQuTm5mo/FwQBV69exeXLl2FmZoZOnTohODgYDg4OMDc3h62tLezs7CCVSuHo6Ah7e3u4u7ujS5cuOH36NLKzswGgXFAlEomQm5sLuVxe7/dnihqsAutKfIre94tLSx/4HthGSEQPizV7IvH2hN6VXhcEAev2RVZ6fc/xy3B1tMNzoR30rltUXIo//rwIhVKFzUeiMGPUw1V1auh91sSWI1EoKCxG/y6t6mxNIiIiIjKOXC7Hnj17cPToUdy+fRt2dnbo2LEjRo8eDR8fnwbZkyAISE1NrfTatm3bIJPJYG9vj5YtW8LS0hISiQTm5uawsrKCtbU1xGIxlEoliouLUVBQADMzM+Tk5CAlJQVOTk5VXi85ORm+vr6PfRXW49tCCBjWRph0HmjWqX73RURUhoujLa7cSseZy0no4t+03HsRF+JxMzkLjZ3syr2+64upBq29M+IyiopLMbJPe2zYf+6hC7AMvc+a+Hfta3W+JhERERHV3O3btzFnzhw88cQTeO211+Dt7Y2CggKcOXMG8+fPx+jRozFq1Kh631d+fj5UKlW5QEmpVOL06dNQqVSws7ODRCLB1atXkZaWBmdnZ7Rq1Qp+fn4wNzdHXl4eLl68iKioKJibm8PS0hIxMTFo3749AFQa3i4IAvLy8iCVSuv1Pk3N4x1gadoI9VRhCRd2QcQAi4gaUOe2TXA1IQNr9kRWCrDW7IlEYCsPSG2tyr0e/J8VaNLYAVsXT4I+G/b/i75P+mJqWBDC3voF15PuolVTF+37HoM/wQthQYhLzsTef67A0kKCKc90xtKZgyEWm2mPGf1UAG7czkTEhZs48/OraNfCDZuPRGHhL+HaNZfMHIzB3f2050wb3hW5+XJsOHgOZiIRng3tgK9eHwoLczEAQKUS8P4PB/HDjtMoKi7FkB5tYWFe/o+tsvd5POoWer/8XZX3GbXhDbT3dYcgCFj26zF8t+0kUjNlaN3UFR9NexpDQ/y1x7YavRT9glrhuzkjta/puxciIiIiqnsFBQV4++23MXPmTISEhGhft7KywqBBgxASEoLXXnsNjRo1Qt++fet1b5p2v7KSkpIgl8shkUhgb2+PjIwMWFhYIDAwEEVFRSgqKsLdu3dha2uLgoICCIKANm3aQCKRID4+Htev3x9hIRKJKoVYWVlZj32A1WAzsEyFKHCo/gOi9gB8dCURNaDiEgWmDOmMXw9dgLxYoX09v7AYvx+NxtSwIBSXKPSsULWM7AIcOnMdw3u3R7+gVrC3scTGA+cqHffFxr/Rppkrfl88GVOe6Yyvfj2Gxev+LHfM99tPwcneGotnDIarky3W7z+H8f/dhKEh/jjwzYvo1r4Zhr+7Fuev3m8f/2LT3yguVWDTx+Mx+7me+P6PU/hp9xnt+8t+jcDitX/ixaFdsG3JZPh4NsLGg+d13s8TrTxw+ufZ2o9jq2egsZMdAnzd0bqZKwDg45+O4P0fDmLu831xZPk0+Ps0xrPz1uNi3B2d6xpyL0RERESPGtcBH0EcPKfSh+uAjwAAF+PuQBw8B298VXl2tFO/DxB7K71W19+yZQuCgoLKhVdl2dnZ4eOPP8bKlSuhVCprda2aUCqVKCkpqfR6dnY2RCIRVCoVvLy80KRJE7Rt2xZubm7w8fGBlZUVVCoVVCoVMjIyIJfL4ePjA4lEAg8PDxQWFkIkEmmruir+t7S0FApF9X/n//2P7WjR2l/vx9tz5tXhV6T+PN4VWED9tBGmXAGK8u5/bm0PeLat2RpZt4HsCv9Y8vQDrA1IYONOA6jQK+vkCTRqUv25FfdeU8bcawVRsXGQ5amHSwe08YGj1K6aM9QSktOQmKL7N83cvHw42NsZvGbEmWidPccJyWnw9nJDM8/G8PZyq3atHFk+Yq7GV3tcRSFBATrXMfZro+s8ffdbVk2uq0tUbBz2Hj2FiDP3h3E72NshsG0LTBjWz6Cv6aNMXqLAlGc648MfD+OPv2IwfkBHAMDmI9FQKFWYMKAjftl9tsbr/nr4ApRKFYb18oeFuRjP9PDDhgPn8eFLT5c7btKgTvhomvq1Ad1aIyO7AN/8dhzzJvfVVmENDfHHpk/GA1CXOM9btR9j+wfi05cHAgBCAn1w7MItLN96HD+/95x6ra5ttFVOT3dtjV0Rl/D3uZt4ZWQwFEoVPt/wN14IC8KiGYO0x9xOz8WxqKp/7djZWKJz2/u/r727fC9y8otwaPlL2qqu/Sev4q1xvfDi0C4AgMBWnth6NAb7T15Fe1/3Smsaei9EREREj6Kdn0/BkJ66/z3naG+N9QfOYfyAjgiq0ClQW+Hh4Xj//ff1HuPl5QVvb2/ExsaiXbt2dXp9XTQD1csGTCqVCk5OThCLxSgtLYWNjQ3EYjFOnTqFoqIi2Nrawt3dHba2tvDw8EB+fj6Ki4tx5MgRKJVKNGvWDJmZmVAqleXWrViJVVhYWG0V1uiRIwAA785dUOX7I0cMwxdLF1f5nqljgFUPbYTCjoXAzTL/uLSyh+jNHYYFSJo1fptbfg0AolfWAb5d9Z8YdxrCd5Mrv+7pB9GbO6u/bsW911SLIIhmbDD+fAADn58DWb46wJo/YzwWzJxo0HkbdhzGolV6hvSX0cyzMVYvfBO9uugeBD1o6lyD1nKwt8WsycMxY+IwncFOdOxNg9crq+DSPp3rdPBrgZPbVhi0Ttmvzf5fllR53zXZXwe/Fpg4vB8mDOtXozBrd/hJvLtktc6gcc/Rk1i4ciNCggIwf8YEvd+fR5m8pBRNGjvg6a6tsGZvpDbAWrP3LIb3aodGUhsUl9b8/zpt2H8OwQHe8HBR/yE4ok8AfjschX+ib6FHh+ba45zsrcudN6JPe2w4cA7JGTI0c3cEALTwbKR9/8qtdKTelWFk3/uBq5mZCCFPNMfJmETta75e988BAHdne6Rn5wMAEu/k4G5OAYb28i93jLODjUH3FnE+Hst+PYYlMwchoEwwdeqnWeWOs7Eyh7PUBlk6nsBo6L0QERERPY4szcX44MX+mLZ4G86ueRUScd01eSUnJ8Pb27va43x8fJCYmFhvAVZRUVGl10QiEZo2bQpHR0ekp6fDwsICdnZ2aNKkCdLT0+Hi4oKAgACUlpZCpVLB29sb3t7esLKyQlFREby8vFBaWorExERYW1vD1tYWtra2lQoKiouLDdqjrhDrYQ6vALYQAgBE7QboP6Cu2wjleRB21eAnzdk/jA6RhIi1Vb+REnuvMsu0rd9+WBteAcDK9TuRI8uv8+skpqRj0NS5GDhlTq3Xz80rwMKVGxE8ahaiYuPqaIfVi469iekLltXb9Spe+90lP8D/6anYHX6y2uNzZPmYvmAZxr76SbnwqmfngHIfGsfOxmDQ1LlYtGrjA9m/qSu5F069ENYFRyPjkHgnB9eT7uJEdAKmhgUBAEoVNQuwriZk4N/Y2xje+/4f9IOC28DKUoIN+yu3EZbl6mQLALiTVXV1piaEem7+hnLl5j/tOovsvMp/4Jel+T9MdzLVa7s1sjfshsqQFcgx5ZPNCHmiOd4c16vcexnZBXj1y53wHbkEViHzIQ6eo91vXd8LERER0aNOoVRh2vCusLOxwJebIup0bXt7exQUFFR7XH5+PqysrKo9rq5oQiTN31tVKpX2x6GhofD19YWlpSVEIhE6duyIMWPGYODAgXBwcIAgCFAqlTAzM4OlpSV69+6N0NBQuLi4ID8/H59//jk2bdqECxcuICMjA8XFxVCpVNprV9W6qMvokSPw2ZKF2s8f9vAKeAgqsBas2ImbyXd1vj9zTB/0fMK3dhdp2b3+n0Z48Yg6QKqugqpIBmHnIuOukXUbuBSu820hYi1E1V2/gS1cqQ4smno0RlJqOnLzCrA7/CQmjehfo3V0VRlFxcYh+spNLFy5EUmp6Th2NgYLV27E5/Om61yrZ+cAHFy7tNLrObJ8HDsbgxXrduB4ZIw6FJsyF5cP/aK3KqkmVWXV2bDjCHp2Dqjx10cfXfcLqNsMo2NvYsOOw4i5Go/cvAKMffUTzJg4TO/XcMzsT3A8MgYAILWzwYKZEzFxeOXqrYTktHLVYgtXbkR2br7etR9Fmvx8aIg/GkmtsXbfv5AXl6KpmyP6BbW6d0zNQvYN92ZdzVmxD3NWlK/s2xIeja/fGApLi6r/iEjPUoc6bo2q/nltb2MJAPhh3mg86edV7j1zidig/Xm4qIOrTB2VUfq8/tUuZMuK8Neql2FmVv7/WoW9/QskYjNs+mQ8Wjd1hbWlOXxG6P6DvC7uhYiIiOhhNWruukp/n3pjbIh2xIMgqKuPvp8zCj2nrcLovgHwbeJcJ9fu1KkTzp49iwEDdBecKJVKnDlzBi+99FKdXNMQxcXFEARBW00ll8uRn5+PnJwcWFtbw9fXF0qlEgqFAmKxGNbW1rCwsEBOTg4UCgWUSiUkEglEIhGsrKwgCAIUCgWaN2+OrVu34saNG0hISECnTp3QokULNG3aFG5ubpBIJNr2RUONHjlCW431KDD5AOvwqSs4fzVJ5/tDQgJqH2CJLRrkaYTCb/PUrYR65lgJEWsBuXEzqIRjOqqvNC6Fq0OuGrQy1pSo1xSjz90dfhJJqerqnM/nTdcGQ4tWbayzgCbQzxeBfr4ICw3GwClzEHM1Hqs27ESvLh0QFhpco7UcpXYICw1GWGgwFq7cgEWrNiE3rwDTFizDluX6e7fr0svvfYUObVsg0K+Wvy4M0KtLB/Tq0gGzJg/H7vCTmDb/S8jyC7Fqw0508GtR5ffpncWrteFVQBsfbF7+vs4ZV95eblgwcyKGhAZrW0n1rf2oszAXY+LATli7NxLFpQr8Jyyo0l8oDCEIAjYePI8eHZpr//KhEXU9Ba9+uRN7T8RiZB/1Y3zzCsuXKu8+fhkujrZo4upQ5frtW7hDamuFa4kZ+M/QIO3ryRm52kCoOs3cHNHYyQ67Ii5hUHAb7ev6qqUAYPtfF7F2779Y8/4YbXujxt2cApy9nIT1H45F13bNAADyYgXkegbg18W9EBERET2sti2ZrHcGlka7Fm6Y9Wx3vPLZHzj0bd2ESePGjcOHH36IkJAQ2NhUPUZiy5Yt6NSpE5yd6yY0M4RSqYRMJkNqaiquXbuGlJQUnDt3DsnJyejVqxf8/f1x+fJl2NnZIScnB1ZWVpBKpRAEAdHR0XByckJWVhYCAwPh5OSkDb8cHBxQWFgIlUqFy5cvIz09HQ4ODvDx8UFwcDBatWpVr/dpithCeE+9txECQHay7hY/QB0uHTZsplElRTLg7PZqDxMOLdf7vmjGBoi+uKr745Oz6mHyVZ07ZjHQvp9R2weAFet2AFBXX4WFBmPW5OEA1O1+67cfNnrdqjhK7bB60Zvaz8sOEzfGgpkT0dSjMQBg79FTtVrLUAFtfLQ/HjRl7gNptdQnLDQYB8pUas1Z+kOlPSQkp2HVBvXsNamdDQ6sWWrQgPZAP99Kaz+uXggLQnxKFlIyZJgyJKj6E6pwPOoWElKz8cqoYPQMbF7u45WRwfBydSjXRvjLnkh8vuFvnIhOwIc/HsK6fefw+tgQ7QD3iiwtJPjwpf5Y9msEFnx3AMejbmFLeDR6vLQKn/6suyq0LLHYDO9M6oMfd57Be98fwKHT1zB35T5sPqL712Z6dj6mL9mGIP+mCPB1x4VrKdqPzNxCNJLawMNFiqXr/8LW8GhsPHgeT81cDVmBHEXFpQ/sXoiIiIgeBwumhCIhNRvr9v0Lc0nto4Y2bdpg6NCheP3115GWllbuPZVKhd9++w0rV65EVlZWjVrraqugoAA3btzAmTNnEBkZifDwcNy8eRN37txBXFwcxGIxzMzMtMGUTCZDfn4+LCws0LZtWzRp0gRubm4oKipCVlYWZDIZ8vLykJKifmibJiBLT09HSkoKoqOjcfjwYVy6dKle79MUMcDS0LQR6qJpI6xrh1eog6oqCL/VfMi31tk/KlduhUwGrCq0/FwMV4ddRhJ2LlTP06qo83AgaKTR60acidZW6SyYOQGAOiDRhEIbdx4xem1dAv18IbVTJ/vRsTdrvV6vLvdnOCUkp+k5sm6EhQZjwrBQAOo5XMYMia+tQD9fzJ8xXruHDTvKf580oSQAfDZ3eo0Gvgf6+WLGxGHates6xHxYtPd1R5B/U/R90hfNPZyMWmPD/nNwtLfWVliVZWYmwtQhnbHvRKy2fW/CwI6IvpGKEXPWYvnWE3h9bE+8O7G33mu8NqYnVs8dhR0RlxA6czXe/mYPJg7siE+mV/M/C8p4Y2xPzHu+L1ZvP41Rc9chPiULr43pofP4E9EJyMwtxNnLSXjy+W/KfWwNj4aZmQh7vpwKRzsrTP1kCxZ8dwATB3VCxzaeuKLnMc91cS9EREREjzorSwm+mzMSb3+7B0pV3RR/jBs3DmPGjMGsWbPwzjvvYOXKlVi6dCnGjBmDW7duoWfPnjh58iTmzp1bb+GOtbU1LC0t0aRJE1hYWMDBwQFKpXoe7fnz5/Hvv//i9u3bUCgU2gBLJpMhKSkJMTExiIqKwp07dxAdHY20tDTk5uYiLS0NO3fuRElJiXamVnFxMeRyOeRyOeLi4nDx4kVIJCbfRPdAPd53X5YhbYSXDtV5GyEACJvnQfTK+vIvXjxSq6f/VdU+KAp5HkKRDIi8HyJAnqeehTVgds2vsXNh+bU0WgRBNLbqmUmG2rBDHU5I7WzKtfItmDkBL7/3FY6djUHEmeg6fyqdt5cbYq7G10ngVLayKCE5zaBKo9r6YdFbiI69iZir8dqh7qsXvln9iXVo5qTh2plVK9fv0FbOAeW/r8a0AM6aPFxbwbX7aM1noT2Mti6eVOm1ik/SA4Drv88p9/nJKo7RWD1vFFbPG6Xz/Y+mPY2Ppj2t/dxZaoPPXx2i8/jUff+t8vUXwoLwQljVVWJVnbP7y6nlPheJRPhk+oBKQdGXr4Vpf1z2Pof3bgflSf2/9zzR2hN/f/9KuddmjCrfLqxSCZWeoKPvXoiIiIgeVcPfXQtRFRMrIte8BnEVoyye6twSg7v7YX01DwWqidDQUPTp0wdXr15FUlISrK2t8fLLL8PBwQEKhQLz58/HsWPH8O6772Lp0qWwtHywYx7s7e0RExOD2NhYJCcnIy4uDgUFBVAqlZDL5di1axcaNWqE5s2bQ6VSIT8/H2KxGOnp6ZBKpfD09ER+fj7i4+NRUFAAlUqFwsJCyOVymJmZaQMsTSWXjY0NBEFAdnY2A6yG3oApEbUbAEFPgIWY/cDAOajyV3BtxJ1RB1aadrvaDG4H1NVX2SnlX2sXCjRqAlGvKRAqhk6R24GaBlhn/wCOrav8uocfRFNX1WytChKS07Bxp7o1Z9bk4eWqdMJCg/HuktWQ5RdixfoddR5gxVyNBwB0aNui1mtFlani0hdeJaaoh8dXJyQooNpjAODAmqVo238KZPmFD2Soe3UcpXbo2TlAO8heIyE5TftEyZrOF9Pw9nJDQBsfxFyNx3EDvmZENRF3OxORsbeRlJ6Llk1dGno7RERERA0q4+AHRh2z5v0xWPP+mDrdi1gshr+/P/z9/cu9LpFIsHDhQsydOxcnTpzA+++/j6VLa1dMUR2pVIrIyEjcuHEDhYWFyM/PR2mpehyFpaUlVCoV8vLykJGRAWtraxQWFsLa2hrOzs7Izs7GhQsXIJFI4OHhAQsLC+Tm5iIjIwMKhQISiQQqlUobhikUCtjY2MDe3h6lpaVwc3vwRRGmjAFWWdU9jTDzVt0/jfAeYeciiHy7ANZS9Vys7OTyB1jZAXLDZhoJZ/+o9JpI087n2Rbw8ANSy7T9ZSerAylDW/5SrkDYPK/y61Z2EI1boncovSEWrtyg/fHE4eWDF0epHSYO749VG3Zi79FTdVrZVPa6gX61C7CiYuO0AUtTj8Z697hhx5FKrXZVKbi0r9pjAPXX6MDapeg+Sh1K1udQd41eXQK0LaCaSrmyVW21+Z452KsDzdy86h+pS1QT2/6Kwcf/O4L+XVqx2oqIiIjoIWFubo7Fixfjgw8+qDQr60GwtbVFy5YtERsbi5KSEpiZmUEsFqOkpETbAggAKSkpsLCwgEqlgo2NDVxdXRESEgJBEFBUVITCwkKkp6cjKSkJ169fh0Qi0a4lCAIEQYCVlRWKi4thbW2Ntm3bwtHRsZrdPdo4A6ssTRuhHsKlQ3Vzrf4V2ns0A92rGtzeLlQdPBki5Url1kMnz3LD1EW9nq90WrVPLNTIug1hVeWWJkA98N3gfeqQI8vHnntDzycMC60y6CjbklY2dKqN9dsPa9vepHY2mDlpeDVn6BZxJhovL/hKG7BoZnjVp0A/X3z/6RvazxtiqDs9GlL3/Vdv++Cj5N2JfZD/16fYu+wFPmGQiIiI6CFiYWGBxYsX4+eff37g1xKJRBg8eDAsLCzg6OgIKysrAOrh6yKRCGKxGCKRCCqVChkZGUhISEBcXBwSExNx9+5dZGdnIzc3F5mZmbh27RrCw8NRVFQEUYVOL0EQYGZmph0IHxxsXBfLo+Txq8BKjgGu6H5ylMjCFnrHzdVRG6Go1/MQIiu0+h1eAeFShUocKzuIhs03eKC7ELGm8oudK1RWte8H7FxYvqIrJRaIOw34dtW9eJEMwpqZlYfD494TB2sZXgHqmUma4Kdi9ZWGt5cbJgwLxcad4di4M9ygYeAbdx7RVgSVlZCchogz0eVa3TYvf1/veokpaVi0amOV7+0OP1luAPyEYaHVtu9NGBaq815rY9KI/jh2Nhobd4Zrh7qf3GbkUy1rqGz7ZId71WwdylS1RdViSL6mkkszcJ+IiIiIiKg+9enTBy1atNBWYalUKpiZmcHc3BwKhQIKhQJSqRTu7u4oLi5GRkYGCgoKkJycDJFIhOLiYuTn5yMzMxNyuRxisRjm5uba6i1NJZZKpYJYLEarVq3w1FNPNfBdN7zHL8BKioZw+Cvd7/sEAZa2QLGO9qS6aiO0lkI0dgmE7yaXf73iE/1CpgCNmhi2ZtbtKoeqi4JGVLo22verdKwQsRYiPQGW8MuMqp84GDK5Vk8cLGv9dnWA17NzgN75VhOH99fOyVq5fgcWzJyod11DWvSaejTGD4verHauVmJKOhaurDrAKmvGxGH4fN70ao/z9nKr81leGg011D36ijqgktrZaMNAR6kdmno0RlJqOo6fjUGOLL9GTyEE1K2ZSanqsDHkAX3NiIiIiIiI9BGLxfjggw8wceJEWFpaorS0FAqFAoIgQKlUaoevu7m5QSKRIC8vT/s+ABQVFcHMzKxc1ZVCoYCFhQUUCoW2gsvW1haenp746KOPYG5u3lC3azLYQliJCGg/UO8RddZG6NtV3R6oi5NnjZ4OKJzdXvnFe8PbKxL1mlL52Evh6hCsqrV/m1P1UxHbhUI0bIHBe9Rn/fbD2nBi4vB+eo+q8ML1AAAgAElEQVTt1aUDAtr4AABWrt9pVHuc1M4GPTsHYMbEYfj+0zcQe2SN0UFSQBsfNPVorP38+0/fMCi8qg8H1izVVitt2HEE67cffqDX2x1+ssz3sXxl2aQR6u9rbl4BdoefrPHaK9fdD13DnmIJLRERERERNYxOnTph/PjxcHBwgLW1NcRiMSQSCWxsbNClSxc4OTnB2dkZHh4ecHNzg7OzM9zc3ODi4gKpVAp7e3soFIpya2oquTRPIrx79y46duyI9u3bN9BdmhYGWFUQBQ7Vf0DMfkDQ22ho+LWGzVcPaK/yvRoEQ0UyoIo5ViJdlVGaYe4VVDkL6+wfVVZ2wcMPorFLDN9jNTRVTU09Ghv01DzNnCpDwpD9vyxBwaV95T5ST/+Og2uX4vN502v0lL6enQMqrXXqj5U49ccKbVC0aNVGk5k5pRnqrvHye18hOjb+gVwrR5aPd5es1n5edl4ZUD7QmrP0B0TFxhm89u7wk9qqO0N/jhARERERET0o8+bNQ5Mm6oIRW1tbWFpaom3btnjqqafg7OwMZ2dnNG7cGO7u7pBKpbC0tNTOyNIMaAegrcwSyuQMEokErVq1wsKFCyvNx3pcMcCqSsvu6jZCXTRthHWhURN1m2BFLYLKDV6v1sUjlWdTVRjeXlFVw9xxdrs6DNOIO131EwcBwKstcGwdcGiF/g8DRJyJ1lbtaKp0qjNpRH9t1ZOumVT1yVFqhx8WvQVA3WY4fYGeVtV6VnGo+56jNa9+qk5CchoGTZ2rnSdW1RB+by83LJ0zDYA6eBw7+xODQqzd4ScxfcEy7ec/LHrwbZBERERERET6iMVi7NmzB82bN9cOXL99+zZcXFzg4eEBe3t7WFlZQSqVwsHBAba2trCxsYGVlRUsLCxQWlpaLrzSVF6pVCp4e3vjzz//hFgsbuC7NB0MsKoitqi/NkJA3SZYoRqqppVNwqHllV+sOLy9ovb9Kld/yfPUFVeadX+Zofv8yO0QDi2v9sMQmuqrmj4BUBN2JaakP/DWOEOEhQZjxsRhANQhkTFtcg/KpBH9tXurSwnJ6qH2waNmaQfYB7Tx0YZ5Fc2aPBwThqlbZxNT0tF91Gy8u+QH7XD2sqJi4zB9wTKMffUT7XD/pXOmPbCZYURERERERDVhbm6O48ePY/z48QDUs6zOnz+Pxo0bw9HRUXuclZUVLC0ttT82MzPTzrvShF+aQfCTJk3CqVOnOPeqgsdviLuBRIFDIfy7TfcBdfQ0Qu31hs+HcFAd9oja9zN8cDugrr4q+zRDzZplh7enXIFwdjtEjbzuz8XSNcz92Lr7M7LkD74NLio2TvuEwLDQ4BoN9p45aTgWrdoEQP2kQVNoK1swc4J2DtT0BcvQwW9FpUqksjbsOIJjZys/IbEqE4b1q9U9fj5vOqJjb1b5REZdYq7exMApc6p8LyE5rdwTHNV7DMVnc/XP//ph0Vvw9nLTfu9Wrt+Blet3wMHeVvu0wopfE6mdDT6bW7N2TyIiIiIiogdNLBbjiy++wMiRIzF58mScPXsWPXv2hEQi0bb/qVQq7XB2pVIJW1tbiEQiiMViWFpaQiKRwMrKCps2bULv3r3ZNlgFBli6aNoIH/TTCDV8u0I0Q/cTAPURItZUfrHs8Pas2xCWqauaBAC4cRqiqasAqIe5CxXnW2Unq6uw6ujJgtUpO5i7uqcJVuQotcOEYaHYuDMcx87GIOJMdINX5zhK7bB5xX/RfdRs5OYVYPqCZTiwZqnO4xNT0iuFQLqEBAXUen+bl/8X3UbO0rZsVic3r8CggK1n5wDMmjwcYaGGDVdfMHMiQoI6YMX6Hdh79JTOa0ntbBAWGowFMyfqDQKJiIiIiIgaikgkQo8ePXDlyhVs27YN+fn5sLS0hFwuh0Sijl5KS0shEokgkUhgZ2cHOzs7mJubw8fHB2+//Taee+45bZUWVdZgAdbwp/QHP1JbawDAU13awNvTWedxTd0bAQA6tfFCVh/dk/kDW3mqf+DcTH97oFtr9X/FFkCPF4BbVTx5TyPjpmEBllfb6o8xZg1r6f15VS2Cyr1Vbr7VxSPlz7sUfv/Hnm2BzsOBrORyhwhZyRBVsW5dy5HlIyE5HT07B6CDXwujAooFMyciIVkdxhw7ez/Aaubphp6d1YGPg1TPTDMDadbSVAjpE+jni6VzpmF3+EkIgnqGU9lgx0Fqq12vJpp5lv/6lF2n4nu6aAK2dxf/oF2jKtXtz0Fqi0C/FnCwt0NYaLBR37teXTqgV5cOSEhOw+7wk8jNy0fEmZh77wWgmadbjavyiIiIiIiIGoqFhQXGjRsHQRBQWlqK9PR05OTkID4+HklJSXB1dYWlpSVcXV3Rs2dPdOjQAa6urjAz44Sn6ogEoY4ep0emK+WKtgILAODkCdGCPxtuP0RERERERET02JHJ1EU4588b/mC8jh07AuAQ98eDZ1sgZLL6qYQefhANW9DQOyIiIiIiIiIiMhgrsIiIiIiIiIiI6IFjBRYRERERERERET2yGGAREREREREREZFJY4BFREREREREREQmjQEWERERERERERGZNAZYRERERERERERk0hhgERERERERERGRSWOARUREREREREREJo0BFhERERERERERmTQGWEREREREREREZNIYYBERERERERERkUljgEVERERERERERCaNARYREREREREREZk0BlhERERERERERGTSGGAREREREREREZFJY4BFREREREREREQmjQEWERERERERERGZNEl8UmpD74GIiIiIiIiIiB5xzg62Rp8r8WnqUYdbISIiIiIiIiIiqkwmkxl9LlsIiYiIiIiIiIjIpDHAIiIiIiIiIiIik8YAi4iIiIiIiIiITBoDLCIiIiIiIiIiMmkMsIiIiIiIiIiIyKQxwCIiIiIiIiIiIpPGAIuIiIiIiIiIiEwaAywiIiIiIiIiIjJpDLCIiIiIiIiIiMikSao7oKCgoD72QUREREREREREDzlbW9sHsi4rsIiIiIiIiIiIyKQxwCIiIiIiIiIiIpPGAIuIiIiIiIiIiEwaAywiIiIiIiIiIjJpDLCIiIiIiIiIiMikMcAiIiIiIiIiIiKTxgCLiIiIiIiIiIhMGgMsIiIiIiIiIiIyaQywiIiIiIiIiIjIpDHAIiIiIiIiIiIik8YAi4iIiIiIiIiITBoDLCIiIiIiIiIiMmkMsIiIiIiIiIiIyKQxwCIiIiIiIiIiIpPGAIuIiIiIiIiIiEwaAywiIiIiIiIiIjJpDLCIiIiIiIiIiMikMcAiIiIiIiIiIiKTxgCLiIiIiIiIiIhMGgMsIiIiIiIiIiIyaQywiIiIiIiIiIjIpDHAIiIiIiIiIiIik8YAi4iIiIiIiIiITBoDLCIiIiIiIiIiMmkMsIiIiIiIiIiIyKQxwCIiIiIiIiIiIpPGAIuIiIiIiIiIiEwaAywiIiIiIiIiIjJpDLCIiIiIiIiIiMikMcAiIiIiIiIiIiKTxgCrAUTfuANpv48x68vdDb0VIiIiIiIiIiKTxwCLiIiIiIiIiIhMmqShN1ATs77cjXX7z+PAV1PQPaBZrdZqPvILiM1EiPv9rTra3aMhOUOGtuO+BgDMHt0NC19+2ui1pP0+BgC8MORJfP36Mwadk3o3D/tPXcPhMzcQl5yFzNxCZOcVwdbaAo2k1mjn44Yn/TzxTPc28PN2rXa9NmO/QurdPKPvAQC+fXMIpgzuVKv1pbZWcLS3gl8zFzzp54WRvf3RxoD915ZSqcKxqAQcOHUNUTfu4MbtTOQWyKFQqCC1tUIzNwcE+LohNKglng7yhZ2NZZ1e/6XF27E5PAYAsPDlpzF7dDej1lm45i8s3RCBV0Z0wdKZA+tyi0RERERERPQQeKgCLHp05eQV4b8/HsGGg1FQKlWV3s/NlyM3X474lGzs+ScWH/10FIGt3DF3Um88071NA+y4ZmQFcsgK5Ei8k4NDZ25g8bq/0bdTC3z56iC0bOJc59dTKFX43+5ILN96EklpuVUekyUrRJasEBeup2L9gQuwt7HEf8KexJtje8DR3rrWe7idnovf/7qk/XzVtlN4eXgQzCXiGq8lkaiLRY05l4iIiIiIiB5+DLCowaXcleGZt9YhLjkLAOBgZ4UhPdrgyTZeaOrmABsrc+Tmy5FyNw9nLt/G0X/jcDenEFHX72Dc+5uxf9nz6NHBW+81/H0aY9mrg43anyEBk771VSoB+UUlSM3MQ9T1VOw+HouMnAL8ee4muk9fjf/NHYGhIW2N2ltVLt5Mw4uLt+NyfLr2tXY+jfF0l1bwb9EYro62EJuJkJ1XhKuJdxFx/hb+iUlAXmExvt58AhsPRuGbN57BkB5+tdrHit9PQalUwcpSAnmxAskZMmw9ehHjnw6s8Vqa4IoBFhERERER0eOJARY1uBcXb9eGV88P7oiF0/tDamtV5bHThgWhVKHE3hNXsWR9BArlpQa1k0ptLWvddlpX638xexB+3vMv3v/xCArlpZi68A/sWDoBIYHNa72Pg6ev4/lPfkehvBQAMKBrK8x/vjc6tvbUec6cib2QlJaLZb/9g5/3/IuMnAKM/2ALPnopFG+M6WHUPrJlRVi7/zwA4JXhXXHmym38E52Ab7acMCrAstAGWBzbR0RERERE9DjivwapQZ2IScTxqAQAwJjQACx/M0xneKVhLhFjeC9//PP9NPz28RiIRKL62GqdkYjNMG1YELYtGg8LczFKFUq88c0+lCqUtVr3n+gETPxoKwrlpbC0kOD7d4dh68JxesMrjaZuDvjqtcE48NXzcHW0BQB88GM4ftx11qi9/Lg7EgVFJTCXiPHyiC6Y/ax69tWVWxk4ePp6jdfTVF6Jxfwti4iIiIiI6HHEfw1Sgzp46n6YMW9y7xqdKxabwd+ncV1vqd706OCNV58NBgBcS7yLw2dvGL1WZm4hpny6DcUlCliYi/H7wnFGVToFt2+GI9++oA2x5qw8iOgbd2q0hrxYgdXbzwAAngttDw8Xewzq1lo7tP6bLSdqvC9zzsAiIiIiIiJ6rJlEC+HSDRH4evMJTBwQiM9nDWro7VRJpRKw/9Q1bP/7Mv6NTUbK3TyUKpRwdrBBO5/GGBjcGmNDA+pk+HVZWbJC7Ii4gr/OxSM67g4ysgsgL1HAyd4KAb7uGNitNSYOCISttUWdXre+3LqTDQCwMBejhVejBt5N/Zs8qCO+2HQcAHDo9A0MDjZuIP1HPx1FWlY+AOCzmQPRu6OP0Xvy8XTChg+fxcA31kKhVOHVr/bgr5UvGnz+xkMXkJFTAACYPVod0IlEIswa1Q2zl+3G8agERMYmo7Ofl8FraoIrCwZYREREREREjyWTqMD6ec+/KCgqwY+7IqFSCQ29nUqu3MpA9+mrMe79zdgSHgNziRghgd4Y0sMPXq5SnLqUhHdXHEC7Cd9i46GoOrlmfmEx5n9/CP7jv8HrX+/FoTPX4eZkh6eebIGwHm3g6+WMf2IS8M6K/Xhy6iqcuXy7Tq5b38Rm6va/klIlMnMLG3g39a+5hxOcHWwAADdTsoxaIyktFxsOXgAAdA9ohheGPFnrfQW3v7/OuaspBrf9qVQCVvx+CgDQv0vLchVyY/sFoLGTurLrm801q8JiBRYREREREdHjzSQqsGaM7Ipvt5zEhAGBMDMzrXlGf/x9Ga98thPFpQrMGt0NLw0Ngo+nU7lj8gqL8evhaHy2IQKvfLYTpy4m4pvXhxh9L4lpORg+ZyNu3M7EU0+2wKzRwej1RHNYmJf/x3teYTFW/H4Kn208hpHzNuGvlf8x6Il5piSgpTt+//MSAHWQ+c6EkAbeUf1ztLNCZm4hsmRFRp2/OTwGCqUKAPD2+Lr7+r05tgd+3vMvBEHAxoMXMKBrq2rP2XX8inYg/2vPdS/3nqWFBNOHd8Env/yJXcdjEZecBV8Dq+4szNW/VUnEpvX7AxEREREREdUPk6jAeu257oj7/S18/FK/ht5KOeeupuClxdthY2WO3Z9PwqKXn64UXgGAvY0lpg0LwvHvp6GLfxOs3XceSzdEGH1d90b2aObmgK0Lx2HH0onoF+RbKbzSXHfe5N74YtZAyArk+PCno0Zfs6GMCQ2AtaU5AGDxur+xcttpk6zCe5By8uUAADsj20APn1HPznJ2sEHfTsa3DlbU1M0Bwe2bqq9xNs6g78u3W04CAAJbuaPXE5WfqvhiWGfYWJlDEAQs33rS4L1I7oXBrMAiIiIiIiJ6PJlEgGWKCuWleP6T36FQqvDLglEICaz8j/GK3J3tseXTsfBylWLJ+giciEk06toW5mLsWDrRoIoXAHhhyJNo08wFe/6JhaxAbtQ1G4qnixTfvTsM5hIxFEoV5n13EE9OXYmvN5/A1YSMht7eA3crNVvbOmlM9ZwgCIiOUw9Z7+LfpM6f0tetnTrAKigqwY3bmXqPPRZ1C5GxyQCA157rUeUxTlJrTB7YEQCw8VCUdlZWdTQVWAywiIiIiIiIHk8m0UJYU1/+ehzr9tvWao38omI42FrpfH/NvnNIuJODacOC0KcGVS2NpDZY/mYYRs7biE/X/Il9Xz5fq30aQiQS4ekuLXE18S7OXU2t0X5Nwcje/nB1tMGry/YgLjkLcclZeP/HI3j/xyPwcLFHr8DmCHmiOXp39IG3u6NR1zh1MQnSfh/X6JwnWnkg4ruXjLqeodbsPaf98VOdfWt8fm6+HAVFJQAAH4/K1YG15eN5v8Uv5W4eWjdz0XmsZq5VUzcHjOjVVudxM0d3ww+7zqK4RIHvt5/Bf6f2rXYfmhlYVVUiEhERERER0aPvoQywNC1TD9Jvh6MBAC8O7Vzjc/sF+aKFVyMcj0pAUloumro51PX2KvFqrL6GoRUtpiYksDnO/jwDW49exOYj0Yi4cAsKpQqpd/OwOTwGm8NjAABtvF0R1qMNxj8d+NDN+6roWNQtrNimHnjepLEDhnSv+RMIC+Sl2h8b24KoT9mnW+YXFes87sqtDBy69+ty5qhueivBvN0dMTykLf74+zL+tzsSb47tUe1TNDXBlaSOK8yIiIiIiIjo4WASAda1xLvo/MIqHPp6Krrdm7mjz4GvpqB7QLNaXbP5yC90vldQVIKoG3fQppkL/LxdjVp/eEhbLPvtH5y4mIgxbgHGbtNgFvdaqwrLBBoPG4nYDOP6d8C4/h2QV1iMv87F4+/z8TgWdQtXbqnbCa8mZOBqQgaW/fYPxoQGYPErT6OR1Kbatf19GmPZq4NrtB97G0uj7qM6CqUK/9sdiQ9+DEdJqRIikQjfvP6MUdVF1pb3fwnn36vEqksFZdbUzCqryjdb1NVXDnZWmDzwiWrXfW1Md/zx92Vky4qwdv95zBjZVe/xmuBKU4lFREREREREjxeTCLBK7z1BrVSpbOCdqN26kwNBENC8Fi1Zze61ut2890Q2Y6Vl5eOv8/G4mpCBnHw5iopLIVQxS/t6kno+kYDaDUAvG6KUKlRGr1OquP+9NCZ0sLexRFhPP4T19AMA3M0pwNF/b2LnsSvYe+IqVCoBvx6ORmRsCnYsmVBtlZvU1rLWoac+soJinTPPBEFAflEJUjPzcOFaKnYfj9VWyknEZvj2zSHo36WlUdd1tLOGlaUE8mIF4lOzjd6/LvEp93/+erpIqzwm5a4MW+5VyL0Y1hl2BgR/HVt7omegN45HJWDltlOYNixIb3WVZvaVuZgthERERERERI8j0wiw7oUdtQlM6pKm6sTFsfrKHl0aO6lndOUX6m670kdWIMe87w5h0+FoKJX193UpOxdMZuTeASAn7/4weUMqpKrj4miL50ID8FxoAOJTsjHzy104HpWA60l38cKiP3D4m6m1vkZtXI5Px8A31tTonG7tm2LpjAHo2NrT6OuamYnQ3scNkbHJOHP5NpRKVZ0Ocj99+TYAwNJCgpZNGlV5zMrfT0GhVMFcIsb04UEGr/3ac921bbbb/rqEMaG6KxU1FYYc4k5ERERERPR4MokAq6RUE2CZRgWWZh7P3ZxCo9dIz1ZX2BhSjVJRqUKJUfN/xelLSejWvimmD++Czn5eaOxkq7ON63+7IvHmt/uM3q+GhbkYdjaWyC8sRnKGzOh1Uu7maX9cFwFWWT6eTtj12SQ8NesnXLieitOXkhB1/Q4CW7nX6XXqkq21BcxEIuTdCwWXvxmG5wd3rJO1+wX5IjI2GZm5hfjrfDxCjRgGX5Xb6bnaqrLeTzSvMjzKzZfjl33nAah/3rYe85VR1/pm8wm9AZa2AosthERERERERI8lkwqwNP9taM3dHSESiXCrFi1ZiXdyAAAtvKquWtHnl73ncPpSEkb3bYef5o+ESCQyeh/GeKKVO45HJeD8tVQIgmDU9f+9mqz9cWDLug+WJGIzzH42GP9Z9AcA4Pz1lAYNsLq1b4pDX+uvAruTmYduL61GlqwQ3249iWefag8bK91zpQz17FPtsXTDMQiCgC82Ha+zAGvZr/9AuNevOmFA1XOt/rc70ugqw7Iu3kzDkbNx6BdU9d4d7awwoGsruDjUbRhKREREREREDweTCLAUmhlYJlSBFdjSHReup+JqQgbaGDHIfdfxWABA9/Y1n7u069gVAMCn0/vXe3gFAD07qGcTyQrk+PNcPJ56skWN19gZob4HSwsJOrUxvkVOn2Zl5l4VFSseyDXqkruzPZa/OQQTPtyC60l3MXfVQXz75pBar9uqqQtG9FI/1e+f6ASs3Xe+1tVdpy8l4ee9/wIAWjdzwdB7s8jKKilV4vvtZwAAfTu1wLLXajYkHwBUKhUGvrEWGTkF+HrzPzoDLA8Xe2xdOK7G6xMREREREdGjwST6cUruBVeKepz1VJ2x/TsAUFeY1FR4ZBxu3M5Ez0DvaoeLVyXlbh7sbCx1Ds2uyp3MvOoPMtDYfh1gZqYOzr7e/E+Nz79wPRV/nrsJABgTGqD36XryWgRPcWUG5Hu52Bu9Tn0K6+mHKYM7AQDW7DuH3feCztpa+PLTcLBTzy97a/k+HIu6ZfRat1KzMfGjrVCp1NVXX84eVOVcrU2Ho5CWlQ9A/VRBX69GNf5o1dQFLw7tDACIuHAL56+lGL1vIiIiIiIienSZRoBVqg4xSkykAgsApgzuBG93R/ywMxJ/n483+LxsWRFmL9sDkUiE96b0NeraDnZWKCgqQW6+vPqDASRnyLBi2ymjrlWVFl6NMLK3PwDgr3Px+HrzCYPPzZIV4sXF2wGo2/xefTZY7/Gvfb0HM7/YhUJ5aY32WFyiwLdbTwIArCwl6PVE8xqd35CWzBiAVk1dAACzl+1B6t3ah49erlJ8985QiEQilJQqMXLeJvx2JLrG65y6mIR+r/6sDabmTe6N3h19Kh0nCAJW/K7+Oefn7WpUlZ7Gi2GdYWmhLgatyc81IiIiIiIienyYRIClefqgqTyFEABsrMyx9r+jIRGbYcqn2wyqaLmTmYfn/vsbbqfnYu6kXugeUPP2QQDo09EHgiBg1R+nqz02PbsA4z/YAnsjhsXr88XsQWjm7ggAeP/HI5iz8kC1gdqpi0kInf0zriXeBQB8Mq0/Wjdz0Xl8fEo2fjsSg/UHLqDjlBX4dutJ7ZBzfRLTcjBi3kZcjk8HAMweHQxHe2tDb63B2ViZ43/zhkMiNkOWrBDTP9uhnTVVG0N6+GHl22EQi81QXKLAtCU78OyCX3Hhemq1595Oz8Wb3+7DgDfWaB9AMGNkV8yb3LvK4/f8c1X7fZ45qlut9u3qZKsd4L7z2BXEpxg/e46IiIiIiIgeTSYxA0sz+8pUZmBpdGrjiR/njcArn+1E2DvrMXNkV7w0LAjNPZzKHZdXWIzfjkRj6foIpGcXYPKgjpgzsZfR1505qivW7j+Hxev+RkmpEq+P6a5tD9NQKFXY808sFqw+DAuJGAum9MGry/YYfc2KGkltsPXTsXjuvd+QcCcH320/g02HozGkRxt0a9cM7s52sLY0R5asEFcT7+Jo5E2cvJioPf/1Md0xc1RXvdfw8XTCf6f2xaK1fyH1bh7eW30YH/10FF3bNUGvJ3zg7e4IV0dbWJiLISuQ42ZKNk5EJ+JI5A3twP/BwW10hixlyQqKtU/UqylziRmC2jYx6lxdOrb2xIIpffDRT0fx17l4LP/9VLXVaoaYOOAJeLlKMX3pTtzJzMPB09dx8PR1BPi6oX9QS/j7NIarky3EZmbIzivC1cS7iDgfj+PRCdqWQWtLcyyc3l/b2lcVTfWbs4ON3qcHGmrmqG5Yt/88VCoBy7eerDRP67vtZ/DN5hOYOCAQ7001rrKRiIiIiIiIHl4mEWCVaAMs06nA0hjZ2x9tvV0xdeE2LP/9FFZsO402zVzg7e4Ia0tzJKXn4sqtdBTKS2FvY4lV7wzFRB1PbDOUi6Mt9nw+GeM+2Iwvfz2O5b+fRMfWnvBysYdYbIaMnAJcuH4HOXlF6NupBX6YOxzHohLq6I7va9u8Mf5a+SIWrD6MzeExyM2XY+PBKGw8GKXzHB9PJ3z0YiiG9/I36Bpvj++JIT3a4LMNEdh5LBalCiWORyXgeDX342BnhbfG9cTs0d2qnM9U0eX4dAx8Y41Be6qokdQGt/5426hz9XljTA+ER8bheFQCPvrpKPp09EGHOnhiY99OLXD2p1fwxabj+N/uSBQUlSAmLg0xcWl6zzMzE2F03/Z4b0qfSiFtWSdiEnH6UhIA4KWhnWFlWfvfRto2d0XfTi3w57mb2HDoAuY/3xsujrba97/e/A9S7+bhi1+PY/7zfbQz2oiIiIiIiOjxYBIB1v0WQtOqwNJo29wVJ1ZPx76TV7Ej4goiY5Px1/l4KJUqNJJao6t/UwwMbo1x/QLqrJXN36cxTv34MjYdisKef64iJu4O/o1Nho2VBTxc7DGoWyuM6dcBfTv5PNAnFTo72OD7d4dh7qRe2B5xGccu3MK1pGlil60AACAASURBVExkyYogLy6Fk701GjvZolv7ZujbyQfPdG9jUKBUlp+3K35eMAqZuYX4+3w8jkcl4Ny1FKRnFyAztxACBDSyt4GLow2eaOWB0M6+6BfkW+dtk/XNzEyEH+eOQPC01cjJK8J/Fm9HxKoXYW1pXuu1Heys8Mm0fnh7fE/sO3kN4ZFxiL5xB6mZeZAVFJdrWRwU3Bq9O/pgZG9/uDtXPwz/2y3q6isLczFeHBpU671qzBzdDX+euwl5sQI/7DyL+c/30b43ZXAnfLPlBMb3D2R4RURERERE9BgSCdUM3ykoKHjgm/hh51m8vXw/3pvaF+9OCHng1yN6nOXmyzHknXWIun4HADD+6UCsfCtMb/CYLStCfGo2OrXxrK9tEhERERER0UPI1tZW53symQwAcP78eYPX69ixIwATGeKumWekVJpeCyHRo8bBzgo7lkzUhlGbDkUh7N31OoenX0u8i2feXodR8zchMS2nPrdKREREREREBMBUWgiV6gBLE2QR0YPl7GCDPZ9Pwn8Wb8f+k9dwPCoBQf9ZhRG9/NGvS0u4OdkhLTsf4Wfj8Mffl1BSqoSHi71JzqkjIiIiIiKiR59JBFia4MpUZ2ARPYrsbCzx28djsGLbaXz6y58oKi7F5vAYbA6PqXRsF/8m+GHOcLTwatQAOyUiIiIiIqLHnUkEWJrWQVZgEdUvkUiE2aO7YWy/APyy9xwOnb6OK7cyIC9RwK2RHZ5o5YHRfdtheC9/Dk8nIiIiIiKiBmMSQ9yJiIiIiIiIiOjh90gPcSciIiIiIiIiItKFARYREREREREREZk0BlhERERERERERGTSGGAREREREREREdH/2bvvMLnqeo/jn3POlO3JpoeQAgmdBBJDEaQHEEQQRAVREAXbvTauqGDBi6hY8IIFUFFBQKULSid0YoCQQEJPgRDSs7vZvjNzyv1j9szOzE45s4Wd7L5fz5NnZk79nbOTfZ79PN/f95Q1AiwAAAAAAACUNQIsAAAAAAAAlDUCLAAAAAAAAJQ1AiwAAAAAAACUNQIsAAAAAAAAlDUCLAAAAAAAAJQ1AiwAAAAAAACUNQIsAAAAAAAAlDUCLAAAAAAAAJQ1AiwAAAAAAACUNQIsAAAAAAAAlDUCLEiSWtq79Kn/vU2tHbGi2/70r0/ogcUr34NRAQAAAAAASKGhPPmn//c23f3UaznXXfK5o/U/Z37gPR7R4Lj/P2/qh39aqDUbmnTBGYfqorOPGOohZXBdT+f++E5FwyFVRcNFt//gwbvpI9+5WXf85JOav+eUks/37d89oH8vekOv3Py1vgxXknTtP5/T1Xc8q/VbW7TzhDr99+kH6/yTD+jz8fDeOvq//6Qp4+t04yUfG+qhAAAAAAB2AEMaYEnS9Emj9ftvfyTn8uGgrSOmcy67XUfsv4t++qXjNW3iqKEeUi9/ufcFLV+1Sctv/Iosq3hR3tzdd9LXPn6Ivvjzu7X4j19UKMA+A+mWhSv0rd8+oAvPOkxHzdtVjzy/Sv/z6/s1tq5Kpx25z3s6luHi+vuW6qu/+rfeuetCja6tHPT9AAAAAAAoxZAHWJXRsA6ZPW2ohzFo1m5uVlfM1n999GAdOW+XoR5OLwnb0U9ueELf+tThqgxQfeX74kcO1FW3LtKND7yocz80bxBH2Nsf735exx04S98/9yhJ0gf2m67X1m7VH+5+ngALAAAAAIBhaMgDrGJmnn6FPnL4XlqzoUnPrFirJ353vvaaMV53PP6Kfn7Tk1q9vlEzp4zRpecv0PEH7SYp2c/ph396VPc89Zo6Y7b2322yLj3/GL0vz3S3madfobNPmKs1Gxr14LMrFY2EdNZx++lH5y9IVSTlG8ftj72iK/72lFa+26CdxtXpvJPn6yunHyzDMHTJHxfq/255RpJ08rdulKSMSpX+XkOhcxcac7oHn12pbc0dOu2IvVPLPM/Tb25frOvuWaJNja2aNWWsvvuZI/WhQ/ZIbVNVEdbJH9hTN96/rGCA5bqeLrv+Mf3l3qXqjCX0wYN2UyTc+2tX6F5kH+/FlRv1g88enbH80DnTddn1j8nzvNT1Z/vD3c/r2rue07tbm7XrTmN04VmH6aPdgdfOp/xcX/jIAalQTJJO/c7NkqS7Lj8r7/2cMr623z+nUr+vxe7XzNOv0GdPep+a27p0y6MrZBqGTj1ib13+peMVCVu9jjXjtF+qsaVDkjTt1F/o48fM1nUXnVp07Pn2C/L9AQAAAACgFDtEE/c//fsFja6p0P+et0DjRlfp7w8v17mX3aEPHbKH7rr8LB2498464we36KWVmyRJX7/yXj2weKWu/PqH9I8ffUKWZeiUb9+sTQ2tec9x1a2LtPvUcbrpko/rrOP2029vX6xf/v3pguO48YEX9dkf36EFB8zSXZefpbNPmKtLrluoy65/PDmOTxyi2358piTpz9/9qFbc9FXVVVdIUr+vodi584052yPPr9b+u03W+Prq1LLLb3xSl13/mC4481D96+ef1p7Tx+nT/3ubXn1rS8a+R83bVUteX58KMXL5ze3/0S//9rTOOWGubv7hxzVjcr1uWbgiY5ti9yLd9rZOxROOxo+uzlg+dlSVumK22jrjOcdx1a2L9J2rH9Qnj9tP/7z8U/rwoXvq3Mvu0L+feT3v2HPJvp8D8XMq9fsa5H5dddsixW1Hf774NH3hIwfqunuW6Ib7l+Y83tPXnq8fnneMJGnRH76gy790XKCx59sv6PcHAAAAAICghrwC6/W1W1W34NKMZR/Yb7ruu+Kc1OcPHbKH/vK9j0pKVgddct1CnX7UPqkqnENnT9eiFet07T+f1TUXnqJHX3hLZ5+wv046dE9J0h7Txuviax/Shm2tmjS2Nuc4zjx2jr77mSMlSQsOmKlt2zt0zZ3P6ZtnfiBVhZU+Dsdx9cPrFuqMBXP0o88vkCQdtt8MJWxHv/zb0/riRw7U+PpqTe4+38Qx1am+Xv29hvGjqwOdO3vMuSx7c6N2mzo2Y9lDz63SV09/vz5zYrKyavbMSbrrydf00HOrtPcuE1Lb7dP9/qVVm3TUvF17Hdt2XF15yyKdfcLcVNBxzPyZWr+1RYtefifwvUiXsF1JUjiUWUlkmclqpljcVm1VNGNdPOHoFzc/rS+deqC++cnkgwEOmT1Nr769RX+5d2nqHgeRfT8H4udUyvc16P1aMH+Wrvz6h1L3/L5Fb+jpl9bmbHS/84RRGlOXrArceXydRtdWBvp+59pPCv79AQAAAAAgqCEPsHI1cR9VU5HxeUZaQ/fX127VpoZWnXzYXqllpmnokNlT9ewr70qS3r/vVN34wIvaaXydTjh4d02fNDo1JSqf0Vnn/PAH9tQ/HlmuDdtaNbW78Xr6OF59e6u2bm/XqWlT7yTp9KP20U//+oQWv7JOH/5A7mCkv9ewYvXmwOeeUaQZ/qbGVh2+/4yMZY/99nMZn6sqwhpTW6mmls6M5RPqayRJG7flrhRat7lZDc0dOvGQ3TOW+6FH0HtRilzTB195a7Na2ru04MBZGcv/dNFpSjhOScfPvp8D8XMq5fsa9H7tMjlznBPH1Gjr9vbA19mf73fQ7w8AAAAAAEENeYBVahP3bc3J6WpnX3p7r3V+tcp1F52qX/7taV11yyJ967cPaJ9dJuiis4/I+KO/GH+63eamtlSAlTmO9u5z1mQs90OdxgJ/rPf3Gvpz7mztnQlVV0Yylm1tatfPbnpSDz67Uhu2tSph5w55/P3yTdvb3NiWMa5cgtyLdJHuyquueCJjeTyRHGM0R4+nptYuSdK4UZnTDiuiIVX087/AQPycSvm+lnq/+qo/37Gg3x8AAAAAAIIa8gCrVDXdoclvLviw5u4+OWOdP62sujKiSz53tC753NF6fe1WXXXrIn3qf2/Tg1d+Ru/fN1hYtrUp+Qf8hPrqnOvH1CYDrm3bM/s/+X2Lxo6q7LXPQF1Df86drboyrFjczlj28e//QyHL1J+/e5pmTRmrymhY+5x1Va99m9u6UmPNxQ8/CoUdQe5FulE1FYpGQr2qiTY3tqmqIqyarOmDkjSqOrmsoTl/r648fd+LGoifUynf11LvV1/15zsW9PsDAAAAAEBQO0QT93R7z5iguuoKrXq3QXNmTUr9Gze6SlPG12rVuw067ut/0bOvrJMk7Tl9vK74yomSklO68smuIrp/8ZsaO6pKU8bV5R7HLuM1dlSV7n7qtYzldz7xqizLLBiU9fca+nPubJPG1GpLU1vq87bt7Xrh9fU6/+T5OmCvnVXfPd0vluhdReNXA03OU/kzdcIojR9drfsWvZGxPD18KnYvspmmofl7TtGjS9ZkLH9i2Vt63x65n9q3zy4TVVMV1cIlqzOW/+CPj+gLP/unpOQUuw3bWrKur/CUu4H4OZX6fS31fgVldid4ntd9noDfsez9Svn+AAAAAAAQ1JBXYHXGElq04p1ey6eMr0s1PU8XjYR08TlH6OJrH1LIMnXsgbO0qbFN3/v9wzrtiL31w/OOUVNrl/77in/ph+cdo7F1VfrHI8sVskwdOmd63nHc+MCL2mWnMTp4n6l69IXV+ttDy/X9c49KNXDPFg5Z+t5njtQ3rrpP40ZVacEBs/T86+/qFzc/pQvOOFRjR/V+4t9AXUN/zp1t7u6TtXxVz9PrxtRVadLYWv3qH88oZJlKOK7+8M/n1dLepc5Y5rS9195OPlVu/90m5Ty2ZZn6+hmH6nu/f1hj6ip16JzpemLZW7rj8Ve184S6QPfisi8c2+u4X/jIATr70tv1/T88ouMP2k2PPL9KT774tm665GM5x1ERDenrnzhEl//1CdXXVer9+07V0y+t1a9v+4/+dPFpkqSj5u2iGx94Ue/fd5omj63VrQtX6KWVm3TM/Jl5792MyfX9/jmNqqko6fval/sVxLSJyf9rNz30ko7Yf4bmzJoU6DuWvd++u04M/P0BAAAAACCoIQ+w1m7arg9+4/pey79y+sH68RePy7nPl087SDWVEf3m9sW66tZFmlBfo08eN0ff/tThClmm7v7ZWfr+Hx7Rl395j2JxW3vPmKBbfnRG6ql5uXxiwWy9vGazrrp1kRzX03999CB94xOHFBz75z48X5FwSFfduki/uX2xpk4cpcu+cKy+fNpBRa+7v9fQn3OnO2b+TN1w/zK1tHeprrpCpmno9h+fqW/97gF96Rf3aOyoKn39E4cobtt6451tGfs+sewtHbDXzhpTlz8w+++PHqTtrZ36079e0NV3PqvjDpylL592oO55+vVA9yKXjxy+t/7vayfqqlv/o9/dkbz2//vaiQV7nH3rrMNUFQ3rD3c/rx9f/7h2mzpW1110mj565D6SpIvPPlJbmtp18bUPyzQNnXr4XjruwFlyXC/vMQfi59SX72up9yuIw/efoVOP2FuX/eUxrVowW1d946RA37Fc+wX9/gAAAAAAEJTheV7+v9AltbcHf3LZjmrm6VfojAWz8wZmw1nCdrTXmVfqO58+QuedPL+k/fb+5FW6+Jwjde6H5g3iCAEAAAAAwI6iujp3L3FJamlJtu5ZtmxZ4OPNnTtX0g7YAwsDKxyy9L1zj9Kv/vFMSVO8/nr/MtVWRfWp4/cbxNEBAAAAAAAQYEHSOSfM1b67TtAFv74v0PavvLVFl13/uH7/7VMG9Ml3AAAAAAAAuRBgSVp9+/+MyOmDPsMw9KeLT1NrR1wt7V1Ft7/nqdd0zYWn6IC9dn4PRgcAAAAAAEY6emABAAAAAABgQNADCwAAAAAAACMSARYAAAAAAADKWqjYBoVKvwAAAAAAAIDBRgUWAAAAAAAAyhoBFgAAAAAAAMoaARYAAAAAAADKGgEWAAAAAAAAyhoBFgAAAAAAAMoaARYAAAAAAADKGgEWAAAAAAAAyhoBFgAAAAAAAMoaARYAAAAAAADKGgEWAAAAAAAAyhoBFgAAAAAAAMoaARYAAAAAAADKGgEWAAAAAAAAyhoBFgAAAAAAAMoaARYAAAAAAADKGgEWAAAAAAAAyhoBFgAAAAAAAMoaARYAAAAAAADKGgEWAAAAAAAAyhoBFgAAAAAAAMoaARYAAAAAAADKGgEWAAAAAAAAyhoBFgAAAAAAAMoaARYAAAAAAADKGgEWAAAAAAAAyhoBFgAAAAAAAMoaARYAAAAAAADKGgEWAAAAAAAAyhoBFgAAAAAAAMoaARYAAAAAAADKGgEWAAAAAAAAyhoBFgAAAAAAAMoaARYAAAAAAADKWmioB9BfjuPIcRx5nifP8+S6rjzPG+phAQjAMAyZpinDMGQYhizLkmVZQz0sAAAAAECZ2eECLM/zZNt2KrgCsOPyPC/j/3EikZCkVJAVCoVkGMZQDQ8AAAAAUCZ2qAArHo+n/sAFMHz5AXU8Hlc4HFY4HCbIAgAAAIARbIcIsAiugJErkUgokUgoHA4rEokM9XAAAAAAAEOgrAMsz/PU2dlJTysASiQSsm1blZWVVGMBAAAAwAhTtk8hdBxHHR0dhFcAUjzPU0dHh1zXHeqhAAAAAADeQ2UZYNm2ra6urqEeBoAy1dnZKdu2h3oYAAAAAID3SNkFWLZtKxaLDfUwAJS5WCxGiAUAAAAAI0RZBViu6xJeAQgsFosxnRAAAAAARoCyCbD8hu0AUAoe9AAAAAAAw1/ZBFj0vALQV/z+AAAAAIDhrSwCrHg8zjQgAH3muq7i8fhQDwMAAAAAMEiGPMDyPE+JRGKohwFgB8fvEQAAAAAYvoY8wOKPTgADhSosAAAAABiehjTAovoKwEBKJBI0dAcAAACAYWhIAyzHcYby9ACGIX6vAAAAAMDwM6QBlm3bQ3l6AMMQv1cAAAAAYPihAgvAsMLvFQAAAAAYfoYswKJKAsBgIcQCAAAAgOFlyAIs13WH6tQAhjkCLAAAAAAYXoYswOJJYQAGC79fAAAAAGB4oQILwLDD7xcAAAAAGF6owAIw7PD7BQAAAACGFwIsAMMOv18AAAAAYHgZsgALAAAAAAAACCI01AMYrto743p703Ztb+1UR1dChmFoyvhaTZs4WtWVkbz7vLN5u9ZvbZXneaqqCGt0baV2mVyvqorwe3wFAAAAAAAA5YEAa4C88tYWPb70LS1++R0teX291m9tybldyDJ11Pt21ac/uL8+cvjekqS7nnhVNz34oh57YY1sJ3fz6Snj6zR/zyk6eN9pOnLeLtpnlwmDdi0AAAAAAADlxPCGqFlMe3v7UJx2QL2zebtue/Rl3bpwhV57e2uv9ZZlqrYqqmjYUmfMVkt7V8b6BQfMlOdJC5eszlheX1epsGUqlnDU2hGT6/b+Ee01Y7w+fsxsfezofTVt4uiBvTBgGKiurh7qIQAAAAAA0rS0JIt9li1bFnifuXPnSiLA6rMv/eJu3fzgSxnL9poxXgvmz9RB+0zVvrtO1LRJoxWyetqMNbZ06KmX1ur6e5f2Cq1OP2ofnXX8/jpgrymqq65ILU/Yjt7e2KQVqzfruVff1cIX1uiNtZlh2VnH76drLjxlEK4S2HERYAEAAABAeSHAGgKjjv2RPM/TpLG1OvuD++vM4/bTzCljAu9/9Z3P6jtXPyhJuuMnn9SxB84KvO/Kddv094eX68YHXtTmxjYZhqHmh79f8jW8lxK2ozN/cIueWfGOfvDZo/WlUw8c6iFhmCPAAgAAAIDy0p8Ai6cQ9pGf+139zZP1vXOPKim8kqQF82em3pcSXknSblPH6QefPTpVdTWQGeTPbnpSdQsu1bFf+0vJ+8YTjvY/57eqW3Cpbn4oszrttbe36qHnVqm9M64//WvJQA0XAAAAAACMAARYyOnZV9bpH48sL2mfq+98VmvWN0rqHartOX28jpq3q6orI/r8KQcM2DgBAAAAAMDwx1MIkdcP/rhQJx2yh2qqokW33dLUrl/c/FTe9ZGwpbt//qmBHB4AAAAAABghqMBCXpsaWvXLvz0daNtL//yoWjtiqc9D01kNAAAAAAAMR1RgISfDMOR5nn57x2J9+oS5BXt8vbRyk2584EVJkmkact3c6dUhn/+9Xl6zWd/9zJH69qcOz1jX2NKhq+94VvcvflNrNjQpFrdVX1upfXadoGPmz9Qnj91P4+uDN+V+8sW39df7l+n5197VxoZWVVdEtOf08Tr9qH10zonzMp4OKUk7n/JztbR36eoLT9anjt8/5zEfW7pGp3zrJknShnu+nVGZ5l/bry84SSccvLuuvOUZPfz8aq3f2qK37/imopFQv67z0RfW6Ib7lmrpGxu0qbFN9bWV2n3qWJ1x7Bx9/OjZioStXvsM9D0FAAAAAGCoEGAhp92njlV9XaUWv7xOF1/7kG750Rl5t/3ONQ/K8zx94pjZevj51Wps6Sipsfyb72zTh775V21ubMtYvnV7ux5f+pYeX/qWnlj2lu786VlFj9UVs/WNX9+rmx98qdfyZ5av1TPL1+qmB1/SbZedoXGjBz68eWPtVv3gjwu1vbUztcy/FX25zo6uhL72f//WLQtXZOyzqaFVmxpa9eSLb+uPdy/RX39wuqZPGp1aP5D3FAAAAACAoUaAhZwMw9AVXzlRh33pD7r/P2/q4edW5Xxa4p1PvKpnlq9VbVVUl33hWD38/OqSz/U/v7lfmxvbNHlcrX76xeN08L5TVVsV1aaGVj310lpde9dzuuCMDwQ61tevuld/634C4tknzNVnPjRPM3cao5aOmP79zBv6yQ2P64XX1+vbVz+oP118WsljLeZ3dzyrcMjSRWcfodOP2keTxtaqIhrq83V+5Vf/0m2PvixJ+syJ83TuSfO0y+R6NbR06u6nXtMvbn5Ky97coNO/+3c9/tvPqboy0udzAQAAAABQrgiwkNfsmRN1/snz9ft/Pq/vXPOQjpy3i8KhnqlqXTFb3//Dw5Kki84+QhPH1MgwkutK6YG1aMU7kqQfnb9Apx25T2p5bVVUu00dp8+cOE+maRQ9zqMvrEmFV1d89QSdf3LP0w7r6yr1Xx89SIftN13X3vWcLj3/mOADLNF1F52qU4/Yu9fyUq/z4edWpcKrX331RJ138vzUutG1lbrgjEO1YP5MLfjan/XG2q361T+e0ffPPapP5wIAAAAAoJzRxB0Ffe8zR2nc6CqtXLdN19z1XMa6K29dpHWbm7Xn9PH64qkH9vkcddXJXlJL39iQs39W0KDl+nuXSpIO3HvnjPAq3ZxZk3T1hScPyvRBSdpvt0k5wyup9Ou84f5lkpLXkx5epZsza5K+fOpBkpLX7x93oO4pAAAAAADlgAALBY2qqdCPPn+sJOlnNz6pLU3tkqQN21p05S3PSEpWO2U3RfcUvATrjAWzJUlX3/msDvjcNfrutQ/ptkdf1sp120rqpfXiyo2SpA8dukfgfQbaIftOy7uu1Ot8KeD1+Ou3bm/XxobWPp0LAAAAAIByxhRCFPXJY+fohvuWavHL63TJdY/omgtP0SV/XKiOroROP2ofHbbfjH4d/0efP1bRcEi/v/t5rVy3TSvXbUutGz+6WmcsmK3vnH2EatOe+pfLlqZkw/IJ9TX9Gk9/1NdV5V1X6nVu3Z4MC4tdz8QxPes3N7Zpyvi6AbunAAAAAACUAwIsFJXe0P3mB1/SnFmTdcvCFaqujOjHXzgu5z6lFPmELFM/PO8YXXT2EVry+notX71ZL6/epMWvvKuV67bpN7cv1rOvvquHrjy34NS3CfU1entjUyrIKoVfQdbRlci7TVNLZ951PqPAzLxSr9O/nuwnCWZLX++HWQN1TwEAAAAAKAcEWAgkvaH7t3/3gCTpO58+XJPH1Q7YOaKRkA6dM12HzpmeWnbLwhU6/6d36blX39ULb6zXAXvtnHf//XebpLc3NuneZ97QNz5xaEnnrq+tUGNLh97a0Jh3m2dfWVfSMfMJep377zZZb29s0r+ffl0XnJH/ev719OuSkuHV5LGZP4/+3lMAAAAAAMoBPbAQmN/QXZL2mD5eXz7toF7b9DyFMHgJ1rrNzXnXnfj+3VPvG4tUQH32pGSj8+defVfX3bMk5zbLV23Sl39xj7Z29/Lyzd19sqRkuNPaEeu135r1jbrpwZcKnr+YUq/znBPnSpKWvL5ef7j7+Zz7vbhyY6q5fvqTBQfqngIAAAAAUA6owEJgo2oq9OMvHKcLf/uAfvFfH1Q4ZPX7mPGEow9ecL3G1lXpUx/cX4fMnqadx9fJ9Ty9taFJV/w92Sg+HLI0b4+dCh7ryHm76NMf3F83PvCiLvj1fVqxepPOOXGedt2pXs3tMf37mTf0kxseV2tHTHHb0XUXnZra99yT3qfbH3tF27Z36MT/uUGXnr9A++4yUY7rauELa/TD6xbmDLYG8zqPmT9TZyyYo388slzf/M39enn1Zn32w+/TjEmj1dDSqXuefk0/v+kpxeK29pw+Xt/ortIayHsKAAAAAEA5IMBCSc48do7OPHZO0e2CVmC98tZmNTR3aN3m5tRTBLOZpqH/+9qJGj+6uujxfvXVE2WZpq6/b6n+cm/yX7YD9tpZP/vy8RnLDttvhr7z6cN1+Y1P6qWVm3TKt27KWG9Zpi46+wj99K9PBLqubH29zl9/4yRZlqGbH3xJ19+3VNff1/t65u85RTd8/3RVVYT7dS4AAAAAAMoVARYGlKHSGoLP3X0nLb/xq/r7wy/psRfW6OU1m9XY0inLMrXz+DodOme6vnjqgdp314mBjheNhPTrC07Sx4+ZrRvuW6rnXntXG7a1qqYyoj2mjdPHjt5X55w4L9W0Pd3F5xypg/aZqt//8zk9/9p6Nbd1adzoah2+/wx97eOHqKoi3OcAq6/XWREN6ZoLT9EZC+boL/9+QUve2KBNDa2qr63UntPH68xj5+hjR++bUQ030PcUAAAAAIChZnilNCsaQO3t7cU3KmN1Cy6VJN3507O04ICZJe//5jvbNP+zV0uS4HSMNQAAIABJREFUWh75QZ/G8Mjzq3XaRTf36xjAcFVdTXUZAAAAAJSTlpYWSdKyZcsC7zN3brI/NE3cAQAAAAAAUNYIsAAAAAAAAFDW6IE1CLZub9fra7dqzfomNbd3qb0zrspoWGNHVWneHjtpr+nje+1jO65eWrlRK7r7FcXitmqqohpdU6FdJtdrz+njNI6G2wAAAAAAYAQiwBoALe1devDZVVq4ZLWefPFtvbulueD2k8bW6qRD90h9/t7vH9YN9y9Tc1tXwf2mTRqtw/abrgUHzNJxB84akLEDAAAAAACUO5q495HfxH3OrEl6fe1WxRNOzu2ikZBqKiOSpIbmjkDHHj+6Wq7nqbUjVvC4e0wbp+WrNkmiiTuQjSbuAAAAAFBe+tPEnQqsfvIDpKqKsI47cJbeP3u6DthrinYaV6txo6oVCVupbbtitlas2aR/PLxcf7l3qWzHlSRVRsM678Pv0ycWzNGe08f32qehpUPvbmnW86+t1+JX1mnhktVq74ynzg0AAAAAADCcUYHVR+8792qtXLdN8/bYSWefMFcfO3pf1VZFA++/+OV1+vzP/qlo2NKfv/tRzZ45MfC+nbGEHli8Utfds0RPvfS2dp82Tkv+/OW+XAYwbFGBBQAAAADlpT8VWARYfbS9tVNbt7drt6njhnQcq95t0LhRVRpdWzmk4wDKDQEWAAAAAJQXphAOgdG1lWURGs3aeexQDwEAAAAAAGBQmUM9AAAAAAAAAKAQAiwAAAAAAACUNQIsAAAAAAAAlDUCLAAAAAAAAJQ1AiwAAAAAAACUNQIsAAAAAAAAlDUCLAAAAAAAAJQ1AiwAAAAAAACUNQIsAAAAAAAAlDUCLAAAAAAAAJQ1AiwAAAAAAACUNQIsAAAAAAAAlDUCLAAAAAAAAJQ1AiwAAAAAAACUNQIsAAAAAAAAlDUCLAAAAAAAAJQ1AiwAAAAAAACUNQIsAAAAAAAAlDUCLAAAAAAAAJQ1AiwAAAAAAACUNQIsAAAAAAAAlDUCLAAAAAAAAJQ1AiwAAAAAAACUNQIsAAAAAAAAlDUCLAAAAAAAAJQ1AiwAAAAAAACUNQIsAAAAAAAAlDUCLAAAAAAAAJQ1AiwAAAAAAACUtdBQnXhLY8tQnRrACLBLdfVQDwEAAAAAMECGLMCaMKZuqE4NAAAAAACAHQhTCAEAAAAAAFDWCLAAAAAAAABQ1giwAAAAAAAAUNYIsAAAAAAAAFDWCLAAAAAAAABQ1giwAAAAAAAAUNYIsAAAAAAAAFDWCLAAAAAAAABQ1giwAAAAAAAAUNYIsAAAAAAAAFDWCLAAAAAAAABQ1giwAAAAAAAAUNYIsAAAAAAAAFDWCLAAAAAAAABQ1giwAAAAAAAAUNYIsAAAAAAAAFDWCLAAAAAAAABQ1giwAAAAAAAAUNYIsAAAAAAAAFDWCLAAAAAAAABQ1giwAAAAAAAAUNYIsAAAAAAAAFDWCLAAAAAAAABQ1giwAAAAAAAAUNYIsAAAAAAAAFDWCLAAAAAAAABQ1giwAAAAAAAAUNYIsAAAAAAAAFDWCLAAAAAAAABQ1giwAAAAAAAAUNYIsAAAAAAAAFDWCLAAAAAAAABQ1giwAAAAAAAAUNYIsAAAAAAAAFDWCLAAAAAAAABQ1giwAAAAAAAAUNYIsAAAAAAAAFDWCLAAAAAAAABQ1giwAAAAAAAAUNZCQz0A4L2UsF3ZniNJChlWank4RJYLAAAAAEC5IsDCiLCtrVVL2jvUEIv3WhcxjNT72khYkmTFbUnSjNGjUuvqDU+WlQy9QlZIoe79QoZFAAYAAAAAwCAiwMKw1tTZoUe2NWp9Z6ckKWQWDpo2x2IKmz2B1pqtW/JuWylDFaapUPf2FeFk+FVhWrK6l1WZlirSzlkRSv6Xqzc8SZJlWQpZmf8NQ2mBWuZyq9cygjMAAAAAwEhAgIVha1tbqx5s3K6meO+qq0ISbjJcSg+ycumUp07XUaWbDLK6EglZhqGE7NQ229O2t3IEU5ZhyPG81Gezu8KrwuwJq0aFLLW5rqRkIOaryArj/HDMlx6SSUoFZemVYxIhGAAAAACg/BFgYVhqjcf18LYGmUoGUbYbfF8/uEq4XtEQS+oJsuRKdaapqGnmDKtySQ+vLMOQuoOqmNsz4C12IvW+o8CxQkZmEPV2gPNHDENxryfoGhVKhlpud3WZlL9qLGQYTJ8EAAAAALwnCLAw7CRsV6+3tqU+10hKmKZsN1iKFbQCK13IMGR7nlpcVyHPU8QwFZInS4aiVjLg8cOqfOGW43mBg6/Mc5uyPVe25/YKsYqJpwdorqu2eM89yg7LNhQ4Tk0krIhpaeeKiOorq0oaAwAAAAAAxRBgYdjpcm1tjcdSn03TVJ08tUiyXbdoH6xSK7Akye4OgvzpeXHPVXLioqeuhKuwaWSEWYWUGmTZntt9bjP1uViQ5Vdepb8mx917WRBt8YSkhNZ1dWp8R5f2ratVZXdPMAAAAAAA+ou5Pxh2NsXiao7FMpaFTUN1plk0vJL6XoGV93iG1OF5avVcbbNtNdmOWm1bcdfNmEIo9b8Ky39fjF95lR5YST1PZCwlvEpXLUMd8bhebWlRZyJRfAcAAAAAAAIgwMKw8/b25pzL/RArKD/I8l8Lsb3i2/jinqsOz1Ob7ag5YavVttVhO6lAKzvUCsIPr7Jf80kPqLJDrHgfzp+tLZ4gxAIAAAAADBgCLAw7z6x6M++6sGmo3jQKVlf567JfB0o4Kx9KuJ5iktpdTy2Oqybb0fZEQp2OEyjM8iuusqcQFgqx0qcIFppOmL59qdriCa1qay95PwAAAAAAstEDC8PKaxs2KhaPF9wmbFqql9QlV53yMiqssvtfldIHS0pWYhWaTiglpxQWPY4M2a6ndteRJEUlhUwjNb3QMnreZ1ddZQda+eSaRpj+ml6l1dcphVvjcbXG46qNRPq0PwAAAAAAEgEWhpmG5uAVPxWmqbA8JeSpU5kVRn2pvvKfRFhM2EuGWAkjsxor7rmK5AmdYpJirifJU6h7rJYMhbrHFzHNXoGWX4VVKMjyA6uBbOieznEcbYoRYAEAAAAA+ocACyOaJUPRkKkK11PCddRWwr7ZgZX/vlgVll+B5QdZYU/yXFeRgP25bCUP4Jmm7O5lXd3hliRVKNkI3jGSr+lTCbPDrFxTA7MrsHL1yyrEP2aHY8sxTXXZdsHtAQAAAAAohgALI5IjT+Pbtmh8xdai227tGq/xFVu1tWt8r3WNkWq1hqskldbIPWKYiiuzR1WhCqxSdMlIZlleT6gVMgyFPFeSkzENMf3V9noCrkI9r+IZoV3PNfgN6B0/iOt+bbRp5A4AAAAA6B8CLIw4jjyFN63V7g3/VGjCJIUqq2VGq/NuPyW6RfK6X3NY70zQi9pDsqzAY4h7bqoCyzBNeW7ys4xkNZYRsBrLcV1ZAba1PS9VueXPlkz9588Iq5yM/UKeG/y6DCP5DwAAAACAAcZTCDHidMTimtT+YsYyN9be619QU7wtmtLVmPocpBIrYpipqYTxrKcFBmnyLiXDq1L40xqLNZlPZxumbNeT3d3oPvs1CKeEbQEAAAAAyIUKLIworusqkTalzeko0PWqMxlihSqrZXe2K1TZu0rLr9yqDVeWNA4/tIoYZq8AK+g0Qss0UyFWkEqs9B5dpQh5rmz/yYbdTeNDJTS373Kd4hsBAAAAAFAAARaGlbGj8k8F9IVDYb3sTNf0mm2SioRYaevTt7OqapJv/GArLFUZhhKuV9I0On8qYfayICFWegVWkGmEftP5oE9L7Dm4JaVVXoVMI/UaRFeCHlgAAAAAgP4hwMKIUxEOSdP31rNN9ZLUazphLtND27TWHqfpoczQy6qq0caKXdTg1qjKsuSYPUGPo2TfKc91804LTH8Soa+URu4hefLUtwqsYk9LTO2XNgWwLxVYsiwlbFfhEDOWAQAAAAB9Q4CFEakiHFJswlRJ0lpNzVgXtjt7bb8h6zVdKFKbfONlBj0hGYpKkplsgm67nmLK7HmVHWyV0sDdMk3ZritLwSqwMsZcQhWWX3GVrpQKLEmyPUdhWu4BAAAAAPqIAAsjipkV9FjKEcJEagIdyw9wLMOQkyMMsrKqmyyrO9CSKcfzMqu0vN4N2YtNJUyfQhj0aYS+oNVXUu6G7enhVaWk3pFf7/MBAAAAANBXBFgYsXKGV3kUqjbKFV4VPbdhyLJ6jul0Hz/murKVrMSKFAmk0pu4lxJe+dVXQUOsQtc+3bBUGzL1Wiwmp8AYbMeWFAk8RgAAAAAA0hFgAZIceUUDrVIbmDue16sKK5u/3n/tCa0sxV23O9DKfYy+VmD51VClhFfZ11wpabZlqioSluM4BcMrSXIcnkQIAAAAAOg7AiwMS67r9pouWEjQ8ErKH+oMtIhppgItx/N6TTv0lTp9sNQKrPTgLipPO1thzYiGZHTva5qmIp6neIFjNXmGxgUeIQAAAAAAmQiwMOx0xRPaajsKmZ4qLVNhT7Lk9Qq0HCUrkYJMJUyvvPJfBzO8SmcZRqpCy3/KoZQMtWKOK7vEBu6lVGD5/a+6HFd1pqHdI1GNC1kZ2xgBe2kBAAAAANBXBFgYtmzXVWvaNLuQ6SlsGgoZhsLdOZAlT66SVUSFgqxc0weDVGAVm0ZYaL3fHD59m/RtLcPIqNCKu65s1ysaaAWtwEoPuqaEw9o3EsobVhWbKtll2wXXAwAAAABQCAEWRgzbdWWnPewvlBb0hJVckR1uhU0rbf/3tgIrSA8tn2UYqrQsyeppKp+vQitIBZa/TbLqKqKxllmw0ipkmFKOJykCAAAAADAQCLAwYtnd1Vkh01Sie6pcQp460zdy7YyqrbAMWTJSU+t8fQ2zggZUfTlmeoVW3HUVk1EwvLKznqY4JRzW7Gh4QMbU5RJuAQAAAAD6jgALI1ooQP+ohOulgq1w2jTD9GotP9hKHrO8ekKFDFMhy1SVJNtzk9MNjZ4QLju4Sq+6CipiGJKXf32Hy1MIAQAAAAB9R4CFYc12HIUsK/9611XINFOv+YRNI1WlldrX8+R3dup00yqbHCWrtUxDUdMsaSpguv5WZ4UMU3bWtL6QYSpkSFFJtpkMszq6K7Mc19W0aFR7h0xZBe5ZXzhugXQLAAAAAIAiCLAwrBUKr6SeCqxilVipKYaulwqzwjkqrfxqJlvdoZbr9kw/NJNVWiHTGJSpg73H4iZ7UxVgGYZqDSlkWJoesor2usqnxpMa+jpQAAAAAACKIMDCsBakAstXLMRKr8LKFV7lPUd3pVbCkyRPYVsyTFOWaSokKapkhdZAh1qFwiu/MsvxPE02Q5poeqoKDWzVVbou11HCdhUOBZ+WCAAAAACAjwALw5IfXBWrwJKC9cGSlFF1la8CK+fxDSOjz1TCUPKJfY6riGEq1r08almKyks1Xu+r9OAquworPbiyjGSvq3EDEFzVhkwpUbjPle05CosACwAAAABQOgIsDHulVGFJuQMtv/rKD65KrcDKJWKY2jsS1UTT02bX0Fo7rnYZane6n45oGH2uzvKDKz+8yu6F5VddVZbQqB0AAAAAgKFCgIUdWsJ21dWZrPzp6HTVsr6y1zZBq7AKNXLPbuDenwosKRleHVRVqXpDMk1T01xXE82wVnuG1icSktKaxHueJE8VlqlIwIbwuYIrv+pqZjjc515X/ZEvyAMAAAAAoBgCLAyqhN0ToPhBU7aOzp5tWtuSIUdDQ5c6O5PLWpqTgU57e3JdW4enjnZHba1xOZmFRYrF4tKBmcuKVWBJvauwcsnVAytIkJVq7N79Wmeael9aeCUlXytNU/tKmmyZWp1IqCnr4rocV12SCoVZuZ486AdXtVZoUJ4wKElVbuHpg5JkO7akyICfGwAAAAAw/BFgoajsKicpM2iSlAqbpJ7ASeoJnXxtHT2fO9p7Qo+21rgM05SXJ0jKDqpyse3MjUrtg1UsxAr6JMJC++4UCevASFjRtPDKdd3Ue0kaa5mqN8Jq8pQzyJJ6wqyQIYVMIxVmZVdcSVLUTD5hsN7QoIRXklQZDktOrPiGAAAAAAD0AQHWCNPamsgIobIrnbKrnOKx4pU1vmJFTI6bewqZH1plh1d9Ca3ShSwrFWKV2gcrn1KfROhva7uudopEkuFV9zjc7nOaOaYtmqapsZLqjbDeSbh6w0702kbqnmboeKkwq8pQqirL8TyNDoW1byT0nk8XzMVxgn+XAAAAAABIR4BVJppb2iVJHe3Jiqbm7e2pdY0Nran3DY0tkqSW5g5JUltrpzo6Ytq+vS25bWNy24ZtzZrz/hM1dtROGUGUZQYLhoLqa2gllR5YFQqrcm6fFloNRB8sKdiTCNP7ZdmuK8uxtbtVoQOqM/tzmaYp13V7VWBlbzMjamqi6Wm1Z2izbeftJWV7npocV5Zpqt4ytbMV1rTQe9Prqtg5uhK5AzgAAAAAAIIgwBpgzS3t6mjvSgVQjQ2tGaFTeuCUHjala+zePnXM5p4wq7W1U07ABKp2zDZZs8ZlLOtveBWwUKlgcCVlhleFxlRqaCVJltMTFAWtwJKCV2EVehJhesVVciy25oyu196hnoAqO7hyA5y3MhzW3q6ryVZEa21HTY7TK8hyuo9Tb5mabZmqDL+3/70jnqd4VpBlu55C3fepyTM0LteOAAAAAAAUQYAVUHNLuzaub9DKleu16s0NWrNmYyp4amxsUXNzu7Zvb5fnZU6TMozB6TkURP2oqvf8nKVUXCW3T74anivPf3JeiaGV49h51/WlAqtU2U8oTA+vDhlVr2mhzOqq9KmD/vtC0wl9PdMKpaaQpTfjcbV0n9txXYXkafdIhaaFzYzjeN1B12BXYuV6OmIoYI8wAAAAAAAKIcAqormlXU8+vlwPPfCCljz/upqaWgpuP5SBVTbPHDOgxyuU7fR1qqAfXHmGmQquwpaUKNIuqVBolc7u7rsUtA9WoemDUk8PrOzQyt/fP2e9aWr/UfWaFu5deZWrAitoJZZ/nLGS9g9Z2uwaWu3Yqg+HNDMc1lgr//g9zxuSXli26/GLBgAAAADQL/xdWUBzS7u+dN6VWrZsVa/KqlzKKbyyLFOh0MCNpw+FSZKChVeG56YCq2LhVXpwZVmhnEGWY3X2WiYFq8LyQ6x8YVZ6A/f06YL+trbjqMZ1dHz9KEWt3uGVVLgCq1A/rGyV4bCmua6mhSOBtpcGtxorZJiSl+eLYlnqsoOFjgAAAAAAZCPAyuNf9/xHP/nRzUUrrnzlFF5JkmkGDzVy6W+vq2LTBX3Z0wWzw6tClVa51tm2k9EDK2NdkQosP7gKUomV3evKb1I+zXJ0SP2Y1JMGfenVVekVWOmfS6nCSj9WKQazAitiGFLW18FO3afCPdEAAAAAACiktL9+R4hSw6tyVFVhqapicCte+hpe+b2uSpkmaFmFs1bbdmTbhQ8YtIl7sfAqe3t/muLeVlSH1PUOr7Jl97vKVYVVapBVrrJ7YCX60JQfAAAAAAAqsLIsevoVXXjBNUM9jH4Lh8J92m+gK69yPWGwUJP2fBVX+aqtSlHsiYRBK7DSG72nh1cH1FcXPH+uHli5lvelEisoL+vJhYPdEyu98qprmIRyAAAAAID3HgFWmtdfe0eX/vCvgbc3DCtQb6yhYBVo5p1LKdlCoYbtmdv1vPenDQbpb5Wvt5WUDK1CIatP4ZUvXyVWsQqsXMFVVF7ySYPh4vc7Xw+sXBVY2dsNtMEIrmo8qWHAjwoAAAAAAFMIM/z95sf09tsbh3oYA8KKFK4GSjdQ4VWuqYNS5rTBvMdNC6wK9b3qS3glZYZW6WFWLnbWdfhVWdn7R+Xp+LFjA4VX6bKnDvqf873uKGpDhcfb4ZZn2AsAAAAAKH9UYHV7/bV3dOstj+ddHwmbmjoxKkna2tillg5PnufIMCyNGVWrOftN0KTJY/XGyvV6eUWDEokuSZLnOZq5c6WmzZwqSWpu69LylzbKyTW3boC5bkWe5clX0+z/lEGpcM+rdPmqrxzHHpSqq4xjFJk+6EufRpjrGL5609Rh9aNV34dCplIqsAYrxMqeSigNTFVWxPMU7z4OjdsBAAAAAAOFAKvbpZfcmHc6YF2VofOON3TwHEujx0S1ZIV0+d+SIdaUSeP0ta8crf3m7SKFQmpNuPrt5bfqqWfekm0nNHPnSs2ekdCUfer8o2nLhpjWb9o2qNcTraiTWeI0wqFSKLySklVX6a/+PuGsHMq0TMnrUFOe4xSrvJJ6V1+li3Y/Ym+mVaE5dRWK9jHvSQ+u8vW/Gsw+WIPJKhCCBZ16CgAAAABANgIsJauvli59I8/aLp13fLUOnlOp+mljZVXV6OBjpH2fW6kXXuvUYUfsqn32niSFQjIrqjWqQpo/f7qeWfSWomFHE8c4qps6KeOIE3aKav2mwb+ufPyinoGovpIko/uAVtoT5zK+WF5yeTRsybRM+blaKG3KWdRKyOze3w/erNTn3qGI63g5xubKdUJ5A6xiTyHMuY9pqtJxFLJM2Z6lyUY4GV714VipUabd+GL9rwazD1Y2z/P6XYUVMsyCQaHtOQozcxkAAAAAUCICLEkvLFmZZ02XouGwxo2NaPSYaM4txoxJyLRy3UZHsURCE+qS+7U2bVJtfTLIat68dQBGnZ/nOaqtrVMoR/AjDVxw5aupslRdbakqGkuFUL5k7mKkndeT6yb/+RVvyZCm56mJfjiV/rnYWFzHD3zyb+cHK0GCrMqQpQrXleTJT9xm1dVppuH1K7zKVqwCK9cTCwdTf0OsiGEoZBo5pw920QMLAAAAANBHBFiS3nzj3RxLkz2sYolExlKno01N7zRoc6OlWCKhxsa04KWrXbJtLVmyVvFEMnDY0mLKnzzY2pQsu9o0yI9qM4zeAUt636uBYpmGpu3kKhzxJNny3PSgque8fqiUDK385b1TtOzgSgoWorkD2E8sZJqq675JniS7+9j719ZpWpEm5X1RSgXWezWlcCAqsQAAAAAAGEgjPsBqbmlXY2NrwW2eez2hWVNiGt39efHyTr27OZ5c9/SLmr3nTpq521R1djp6ful/tHjxWvkB2KLlLZKkCXWutrSYWrEmrI6u+GBdTqYcT/4bqAwkHDK08yRX0aiV0ZA+M7zyMt7n6BueXJcVXAWptjIts+Tgym/ink9lyFJld7WY5zqyHVcV4ZD2rKgq+UmDpQpagTXYlVgDEVxVSsr1P6qtH034AQAAAAAj24gPsDrau9SwrTlraVfGp38+3aYtLaYm1HVpS4upl1e5qcqs1e826fKf36lZe03Vlg0xbdnWqHgiIalC6SFWJFylhO1Jem/+iA9X1KfeD3ThTrLyylM4HDy8StefSqK+hldSzxTC9CcSSslgq9bzFHJdealtk+HVATU1fXrSYKmCVmANdiWW/3TCvgRZVa4jf7poPna+FBMAAAAAgAJGfIAlSY2NLVlLesInX7KSqiJrm6SWDk9LX3hHhmFlPckwuY1hWErkf8jeoOpz1uG5yg4jvO6DjRkbVTjs5A2vch4uQPVV4D5XOcKrQr2v0vnBVXolVr1pyL9Wf8pgrZHQIVW1fX7SYF8FrcDy1w0WfxphX6YThgxTuYJa2/NkO7akyMAMEgAAAAAwYhBgSWpubs+xtCLHssIyw6ukXP2oyp7nyvHyhxY1lXG5Xv7rClp91ZfwKvs8pmlknKPYcbKnENZ3h0B+cJWwExoTlvYxwnK72tVZ8GhJZkW13K52mRXVAbZOytcIfqgrsAabU2AKJwAAAAAA+Yz4AKt5e67wqks9VVilB1m+oQyvqmtGyzT7VoGVK7zyq69ClqFo1FJ6ThS0+ipf8FIodCoUXGWHV6WKdk8YTA+v4vGEFA6rzY2pLZbcrsbM/QTKlERr5usAqg2bak24qs3RgytfYJYejvWnSsufTuhllc+VUpGVPWWwyTM0rs8jAgAAAACMVCM+wJKkpqZcUwjTX3PzAyrPc8qq0sqy+hhaeH5YlHvqoONKdTWdkmpSy7KlP3GwkFxPHMxcn+x1lUu+4CrIEwvTVZnJn1kquJLU2tWpjVs264FtDWpu2paxfXU08/sQqqpRZdjSGLf3/NApY3qHS+Pq6nst842uqdT2tk6NrqnMWL4xlvkqSbXh7m1iQerDeisWyGWHZaVUlgEAAAAAMBhGfIDV2DDwVTPlYqCqr3yG56qqIvMrMxiz2Qr1ukqes/dTCy3TkGUaRUMsLxaXEY2kpg4m7ERqXWtXp9paWrR5W4PsjrZegVW25qZtapa0Kce6V7c19FrW3vmGqisr1d7ZqerKyhx79VZsDPlMr80dOgUJ1tJDtNpwZdGgzA/EttXUKd5dcRXyXHXlaOjeZQ9RMzgAAAAAwA5txAdYDb0auAeTXnFVTtVXkmQaUv2oqtJ26u57ZRleRoiVXn1lO8knEPZl1l6u6YOlVkzlq+rygyvLLD61zYjmbyBuxFx1xROqDFvSqFFFj1WrzG06E7n7O9kdbQpV1ag62iapeCjVHutSdbRC7bEutce6Cm/bmQyXmloyv8dvFNyrNPV1daqurEyNu3bUKEUqqzW+tl4TJ4/XTlXVqjKtVHgFAAAAAMBAG/EBVktzR8n7lFtgNZByhVfpTCt/SNSfflRS/oor/9j97Xnli8pTyDJlO67CoXBGFVZFJKyKyOiebSMRxeLxXq+51KW974onVBEJJ1/HjVVXPCHV1eXczxfvTPZj84Ox7IAsnR+Wjeounpowui1w2FUqv1osdfxmKZRwVBEJq9Ydo87uxuzJpw8W1rUDN6AHAAAAAAydER9gbdm8vaTtd5TwyjPHlLxPdvVVzm0sMxVspWcR+YIlz+tdfVWs/1U++UIsv5IrvaLLnyrYazyxuKoqc1dAeVFTNdHeIdOoqhp1uLbCFRUZnwupUbKiq6bOzHhNF/eygrCawr2m0oOcpVweAAAgAElEQVSz7FF2xetU29nzQIJc1WCj8rfgkpSsFMvF7/Xli1RWqyISVk1dnapMS1ZWU3fbyx9Sdbg8hRAAAAAAULoRH2Bt3577j/Z0O0po5bNMU6FQCWPuDhyKhVeSFAoVr7LxA6ZcM8r88Co9bCpUeeUfzw+u8vW/CjodsSIaVihPc/jaiko58YSsSLj3OoULfs59sjyvKb0DK//8TjzRa50KzArtcG0lupLHi8XjqpMKVotJmVViknoqxbIvIxJWNJIMAyNGRF7UVG1FpSKRsCrCPb9CCgVXqesbgAo6AAAAAMDIM+IDrMbGwk3cd7TwSpIcL6SKyMD+aI3ucMLs4wMOpb5VXhV6qmGuyqti/CcPZotEworHE6qsKbF32EDzw7McIVohlZI6zVBGpZikjPfZarJes9+nq61ITiOMdI8rHEqGV+EcFViFdFGBBQAAAADogxEfYDVsax7qIQwKK1zajzZI9ZWUnELoFOlVNRhyTR0spfLKl6v6yu+DlR7OJOxExusOoaZKdp5G8v0R9VxVVyWDPf/+hUxTYdNSKEDj/HTNsdiAjw8AAAAAMPyN+ACrsY9PISxnVRVWoCfySUo9fTAo05Qcp3j/K3/6YK6nD6YrNn2w0DlKDa+iytzeb+QuqVdI5X8uFl7lm4442CrdmDrNaNZYokqYySmAMRm9rtfnr8v32hVLqCLac91h182YKpgeXBWqvnJy/Owt01LCdhUOMBUVAAAAAADfiA+wmpvbi27jec4ONZWwIhotvlGaIM3bB1KQ4GkwKrmMcETKE+rkMhjhVMg0ZbtuxqukjPdBJMzKnP95q0xLHa6TN7ySeoK8fK/p4ZWUDPFM05Qlo/saesKrUqYP+mzPUVgEWAAAAACA4EZ8gLV9e0+AlS+k2pHCK0myIoWfZpeSp+m2l6dqKlzibchVfTVU4ZUkVTqOlBVKDURIZZiWrFKCMdPMeM1+L0mmacp1XYVNSwnXyXh1us/lB0rpbMuVYQX7QVU6jjotq9dr2DSUcD2Fu4OqkOvKkpG36ir7s5Ore7+/znVlF1gPAAAAAEAuIzrA2rixQZ43/JpKRyvqgm1omHlDrHT+ND/TMlVkRmDZiHe2KxqNDPhxjawm8MngqrRAxsxRaWXJSAVT/mer+1zhtFdHXs7gKmN83T+kXAGVHQ4plLBlh0PqVM+ysCTbTL6GEraUtp2RZ8pgX6qvAAAAAADoixEdYDUHqL7qj/fPtnTwTEfr3rdAr25rUPSpLVq2dP2AnydbbW3AACsgz/h/9u4sRpI8P+z7LyLyqOqu6p6e2Znd2YvkcrkHV0uKErmk1gvIgmjwwaQp+IBkCzAkWAYEweaDDQMybL/5wbIBPfnBMOADkC2LhmXYhgkbBixbECWI5IqESMpLrcgVubszs3N0TVfXXXmEH7IiMzIq8qysqujOzwdoZOUVGVVdM0B/8fv/I40kH0YrGwWLWftfLTM5Vd54fdn9r1a1/+7j6D0+is7FZSQrRqxqoCpbNVbVharp4yXjILUoTJXfU6eVJtEf5pHFZHKqCFLl24iI/tV+Vu00GT9WxKpWkkR02qP/MRS3V99yEayWiVj9W5qiAwAAYDttdcA6eHq08WPudFrxMz8xiH/tT+7EK6+O9qL6rx98PL780Y9HfCniyfvvxYd/87fuJGQtdDV9tcr+V7O6RDle1a0QGw5GD85bQrjs0sF5x8jSJHbzdpyctqOXHEX7lf1xxFp3ueAqywMXRavR8a7/vJeJV2VFsCpfBbCVJtFbogkWsSoiopUk0c/zcbzq5/koYi2pWC64yjTWTrrV/9sBAABgDVu9k/LTqysQbmr66sFOJ/69f/efi7/0rzwex6uq119/I37i3/n5+DN/+isb+cw67Z0n81+QD6eWDmZJKT7NWSPY7Z5NPT8vOC26+uBNzLvC4mCYx+7l5Gd/eXYS+cXlwmMmaTZ3+mpTilA1bx+rWYpYVY1X5WmnwRLHq8arVpKMo9WseFVs2D4rVM3b96rs9d0dVyAEAABgZVv9L8nnh6cbO9ZOpxV/6S99LX7qKz+08LWfyk/jz/+5PxE/9kc+Uft8NmdSaN5zhYd7r8x/QTJ9jPIEVlKZICov81t3v/Ni+uquZEnEw+/sx8VJHsnFMHrPjuZGrFnhKot8o9NX5XhV3fNqllnRqrhffs3c41QCVfm2blP11mCyN9yyP4NBns8NWelwED/5aH+pYwEAAEDZVges9959tpHpqzwfxE/91PfFV7/6Y5H23l/6fT/7Mz8SO53Zy6mWiVXt1s3iUHX5YHUCq9j/ahOWuQLhsuZNYUVE7PW644gVEdF7dhQHTz+Mw6PjOLu4iH4pzOXDu93If9k9r8qRqu62OoHVH+ZxVhObypNW5VhVfF03ddUvXclwuMZk2iDyyIfD8e9TPhzGjzx5NfbaOysfCwAAALZ6M5pnz443dqyf/7l/Jh4+bMWwsq3Wt3e+/9prX9nbjYiIL3z2k/H40aM4/+AgIqaD1ax4NbgKL+1WHr1+Er3+9fjw5PGDtb6HeXqDiE6WLLwK4ZIryW5tA/eyvV434jsRJ58q/lIu4+KDi6Xe2314/ee6uzvZED7rtMdfd0pft1ujr4v9tlppOp7MKi8bXCZilSesimBVN3U1bwKrHK2qk1ZFuFq071Vrxass1vm+/b34wv4jywcBAABYy1YHrIODm2/inueD+MFP7sYP/6E3V37vq/vH8bA7iWiDwTCyLB3fRlwPWYPBcByvIiYhq/xY1nl96XPIknw8hTVv/6uIiFZ78SROkiwfsW6qfEXDWfZ63dj9vW6cdS7ioHsU3TdGj5/05oesD97ub+o0r9l9UP+f3cP29X3TqiFtVkQrXCSzA1E3H46f3+lOv7dYYPngatpqfEXCkkGeL7VZe3kZ4bPDw/jiR16Prz55TbwCAABgbVsdsJ5+cLiR43zla3949EWrFQ/a34zzFd770VcH8a3KBQkXLR0sB6siWpUnsR6UIketDS0JvE+DYR5ZmiwVsbLkKmRddiOOIs46F/EwltuL6SzpXX+ss/hv+Kh7MvuYp9fj2O6DVnxweDJ1/+y0H7GZX9H688ifLvW63XYWnd2HERGxcxXNup1OdJLJ79lu5XfuvWcH8da3/yB+7kd/LL7y+BXxCgAAgBvZ2oB1+PwkDq6uQriuPB9ExHl8+QsfHz3Q70f/bHa4WGRRuCqWD2ZZGr3+9FLCyW0ardZmrqY3HAynNnxftO9UxN1OX638nqu37PWmJ50G+ei5ur3md6PmapIXe6P3DUcb29ethvxYfGTp87rcuYio/io+n45n752c1b73efcgHl28Gs+7B0t/3sQoSnV25v/Onp8P4ujw7YVHO7kYhb2Ts9G5/oc/+y/F17742TXOCwAAAKZtbcDapHZnwcRTxX57d/z1uwdZRCy/ifgoVA1nTmB1u6udyzxplk7tVZVmq0ej27TKFNbU+/JJzCp/vaqiN87rjsts9dU5r4lkEdEpxbN3v1X/IfvxMAb5IPaTT009PswX/07lg2dxcvwsfuiPfjF+/k9/bPz408P5Qeudow/nPv/m/pP48ifejMePHi48BwAAAFjG1gas05NVFvrNd3R8FNEa/SgHp/M3hi8vu/rWt/vx9Hk7JjsQLVYNVtUJrJ3Oeld5q9v/qhyv5m1/Ndzg1QVXsc4UVsTseDVrCusmirh1kz3rT07mvzktXUlzmA+m7i/rix8v7eH28ZXfDgAAALdqazemOXy2+lK/WUv8/sm3nkb0+6M/Fb89+L6Zx/unbz+N06vlVouWDxbarXzqthq0OrvL7e1UKDZwX0ZxNb3bkq4RpIrJqyJmrRK16iavsmTy+CYHzrJ0/qTWJhTxqhyxlolZrz5+fLsnBgAAADe0tQErIuJwwVKpsnmB6Zf+t78fJyejeJUfz5/AKvvrf+OfRK8/XDpejfa+uj6BVb6NiLjlznTrVglZ5WBVLCVcdzKr9vgbXjV5mxGrHK+KJYTLLCUEAACApnvBU8f6Dp4eRcQkTGVZOhWSivt1jxeSJIuInXh+ehZ/7+/9Ru0yvFn+m//2/4m33/7OWudexKq6oNXdeRQrnMZKkjvYAmudKayI6UmsVfbDmuU2t/taZRpr2deVQ9W6ywgBAACgqbY2YJXVhatlX1/4n3/xl+P3vvH7Cz/rMr+M//Ov/XL8jV/81aU+q+6zh3k2Fd7mndfC4yV5ZMni4JOucOzhEgVtleMtY5NTV9eOfY971y+7d1Y1WJm8AgAA4GWytQHr6cHzG72/iEXFFNbvfffD+Mv/0S/Gt/5g9ubwF5eX8c3/4v+Ov/k3v77WZw5m1IwihKXJIPb3H612zDxZaR+sJqvuh7Vpt7GcsPznJopglSaZ6SsAAABeOlt7FcLnh6dxcnx2o2NkWRqDwTCSJIs8Hy0l/It/9Sz+1Nf24itfaEdExFvffxJvn5zGWwffiaf//e/H8cn5WpNXxefNM8zXDxdJms5dAtnKkohYbmlemqZLTWHNP0ay8tUNq/thRcRGlhNG3M0UVpaOJq6K22VV971a1WtPumu9DwAAAO7K1gasiFhpA/VFiogVEfG//PJx/B+/0o5uuxUR/1ec95K47I1C16Y+b5b2zpO13rfM/l3l/anmxaWbxqsmq4aswQb6WDlalW+L5xZZdMXBWXtiDbNX4uHe2qcNAAAAd2ZrA9bx0dlGYlJxjGISa+RhXPYjLvuT17Rat7+sK02ulpGVvq3baknLTkgNZxSe4RJlpghmq05ilW1qU/eZxy8FrXVjVvFrWL2tfr2KTieLy8tBdDpZRNT/7p1f2CcLAACAF8PWBqzT04uNHq8awwaDzU13LWuYZ/Fw75W13rtoCeEqlllCmGbpUhFrdLxJyLrp0sK7iFmbmMoqVH9EoyAVpTg127znu91OREScX6z3+wIAAAB3aWsD1rNnx7d6/LuOVxERS+1dnk8XkSzJl97EPV1jc/Q0S2ZOYd2HTe+NVfsZGwxZxa9RNVwtileFbrcTFxeX42BVtdPtxGuvPbz5iQIAAMAt2tqAdXBwdN+nsHFZukQ0S9JrESti8R5Y3e5ZRDxY88zqrTKFde29a0xiRYzCVZYmt760MOJ2Nn5fJlxVY1Vx//oy1lHcAgAAgKbb2oD19IPD+z6FjUvTNJ48Xi8yLbOEME3r99SqxqTb3MS9vIxwE1cqLILWbcesZc9pWbMmqqrq9l7LsvJ/9ssdBwAAAO7T1gasl0WxcXtERLu9e2ufMxw+jIjFkSdJltsDax3lJYzrTmBVFfGoLiLVRa1y9NqERcsy0yyNiMFSwWrWhQKmg1Xx2jSK//x3b+/XBgAAADZiawPWwcHzWzlumnZiOLyceXtbhnm23BLCmuWDy2i3TmLTSwgjbr6MMGJylcJNRa3CrEi1aryaFanK33s6Z8+0VuthRJzWPD57OWE1WrWziDyZfEaWRkQpYgEAAECTbe2/Xg8PTzZ6vCJQFZFq1u2qIStNImY1mdFzWaTJYPQnXW5j76pFG7nnSTp3P6dNRqN1FOHqPs+jeqXEma+rhKq6cFUXyObFqoh5U1YjeYyiVVKKnK27v84AAAAArGVrA9b56cVGj1cNVGl6teQrv4xhPno88sup10V+GZFcvX5G8xjm868uWF5CmGVp5OmrG/l+ypJ8OHfqaNnJp1l7TRURZ91JrOIcllGe1rqpYoKqHKFWbYh1P9e0UgurkasuVkXMmLKK6WhVfGaxn1l/tdMFAACAe7GVAevw+Un0bhBLyq4Fq6vHxpLOJECVv766H/nseLWqrPMwHu1NB6JZG6+vahPBJ6I+YlUj0G266fexzARVnVkBsBqrIkZ7iE2/d7loVUxZRVyPVsU5lB9O0+kpLQAAAGiqrQxY77z1dK331S3nq8arlSWTSa0iaFU/c75i5Gcw8xVTEStJZ+6DNe9KhItCzbJTWPMmsBZ9ThG6yreL3HYYW7Spe12gGj93tdl9NVhFFJvhX39vdcpqXrQqzql6+CyNyJNWDAf9yNIkXnttZ+Y5AgAAQBNsZcA6eHq01vuGecTeg9347A//8fjIG5+bujJc3R5F8/YlOjk5i9/69V+K737n90ZP1MSrWzFnE/dqvCpHokUbl5fjVTLnpeXjVGPWrNhUBKvi+ertXar7OYxD0byNwq5UY1X5/qxoFTH5vSl+YosmrUbHrj4+us2T1tX5tsIiQgAAAF4EWxmwni64AmF10qq4nyYRn/3hPx5f/OGfiE5n9Q3Ts6slW+12Gh/92IN49uGPTgLW2orJq6vzSeZcKXDNKxAuozqBVUwXRYzCznAwHauKeDVrX6ypY5dCVd1yw00vQVz2KoPLBKuI69EqYjryVaNVXcSqfnvLTluV31uEq3Y2+nvpDdKriAUAAADNtpX/en37u6MlhEUnqOsn5eeK54d5xMO9V2J3J4tud7mAVQ47aZpE6+onfnbau/7itaawJufR3XkUrXlRZc7ywUXq92qqRqvZywirEasarqpL8Yqvy7ej41wvNGmWLh2dVnGTQFVWTFbNukJh/WOTr1utNJL0+s912Umr4p1FuIqISFpZtGMQvYE9sAAAAGi+7QxYb0/vgVW3t1VEdQprEJe9YfzuN/5OfPpTn4hW6/H4uSxLYnAVZ8pfFwaDPLJsFDAuL0f3333/JL7zT//htc/M0jQGN9h1fdYkUhE5hjO2ysqSPCJLoj+4vqxvOBhGtuKE0yjaTKawRse6HrHKt7XntWCPqU1YNlRNvWdOtCqmq+ZNVi2KVnVLAwurTFslef/aRu3J1XLXpJVFDBbvWwYAAAD3bSsD1sHB0bXN0Wf1kTQZFZ/L3jAizuOtt34nfvG/+0/j9Tc+Hd2dR2t9/sX583j//fdrnxvkrcjS/loRa39/vfMpa9VErIhJcBmHsOHk8VlTWEkSkWVpDAbTESsiri0pjJgOWbO+XtY6UWrq/UsEqslr523UPj9UjY9ZerDucIumrSJG0er6tFVpj62afdoiIvb3bi8OAgAAwCZsZcB6+sHhwteM9rwaxaskehExWfJ32TuNt976nat7O9FtD+Kit3hJYZKMXtNupZOrD85w00msWZa9et+1912bJlouYs0+j+v7Ys17vu7+plWj1azN6OctByyen/0ZpeNXN3S/Fsbqv464vidWdX+r8WfMiFaFTle8AgAAoPm2MmAdLNjEfRnddjsuer2l4lURrsbL8BbEq0E++mvJ0skV4paJWe2dJ3OfX3az87oprAXbPM3f/+rqzcNrVzmcxJPhIL8WpRbdX9cq01WT96y2HHD6tZXPWDBtNR2uksiy8jTa5LkiWkVcD1cR8+NVK8mjn4tXAAAAvBi2MmC9+87BwtdUw0K33Z66P4pWWVz0RoGq3ZqON8P8ejxIk5gZr9rZ8NqG2uOQlfSXnsjK0ohZA1ZFvCpu501iVSNWlqUxzCPy8p5Wc5YTFlFnOMzHUai6nHD63G5vyV/E7DBVf6zVlgROnqv53AWxqu69865CeNNoNTmvmFzAEgAAABpu6wLW4fOTJZfm1f/rPo9RyOpc9awiVC1YMRdpWh+uup2Ii8u4Fq+KoJUlkyms7Kpy1J//IB7uvXL1utkRa+qcFiwnrJvEStJ0KmJdO2YpXBX3y5NZWZZGnl+fxqo/1mgT+EVxanxuazSwxdNTq01XRSxeGjjrfdXPKl80si5c9QZpbcSqcy1ehSksAAAAXhxbF7BOT85Xen2WtiNNuwuX3mVpFoPhILI0Kz12NfFUfqzmOA93J1/3er04Ou2V4kR6LfbUT2Mt3oOrzjLTWGmWjoLLcBTqikBThKzqJNbosfpprIjJ5u4REXkl/FUj1KpXP7x27ktuAL9OqIpYfsKq7hh1wWpyrKufWTraa6suVLWzYSStLPL+oHbyqhytqscf3x9EPNi92c8YAAAAbtvWBazDZycLX9PtduJnf/ZH4md++sfj8ZPdua8dPpi/n9U6Lp8O49d/49fif/jrvxkfPns+nkQqq4tYTx4/KD0/fcxZfWqZfbFapeV9RXOpmzgrb+w+un99c/eImHpsnampeTYVrEavqX98mQmrWe+v+9xqWEqTpPbra++7ilaL4lX1+BERSZZFPrCGEAAAgBfD1gWsg6dHC1/zQ59/Lf70v/hT8eDRbkTr6kfUv1rK19rgj6zfn75fHPtjafzUT/9kfP3rfxBf/wfH46frlt3d9GqF5X2xZk1htdvXC0iaRAwrk1gRiyPWrMdmnl/NksR1LB+2rj9WDVYRy+9nNe/z6yaurh1gOKwPUKvsdVV9b5ZNbte4IiUAAADcta0LWE/nXoFwNJHyeG8ndve607Fqk+FqyWN+7M3XYjj4zswJqWKJYnG7/2j2VQjLh5i3yXs1YrWyJFqtNCLy63GqmMZasKSwHG/WDVE33atq+rXT9+sC1dTrV4xVs85n3qRVTC1FnASo4sc9L1gVFoWriEm8KnQ6lg8CAADQfFsXsOpNllIl0Yvf+I3vxd/95d+Or/6xL0ZaufrgXRj2B/GPv/678Xf+9rfu/LPrItZu+yQiHtS/oaS6wfuivbFWOq81J6/K51E1L1zN2nh9OFwtWk0+q3zs6+EqTZb7mSyz39Wy8aqws7ve/mkAAABwV7YuYD0/PK08Mh2vIiKePX8v/sp/9r9Gt/1L8dkvfmrpYz/e29nEKcY/+eZhHJ+cRa83Op95G6yXtVoPb/S5s/bDKj9WncKKmL8vVp1FEesmsWr0/tnPrRqtljn2WuHq6mALw1U6mn4bH2/NeAUAAAAvsq0LWO+9+6z28SR6cXEVjCIiLnqj+7/+D74Z3TuYwuq2W3HR60ce7cjSdrTaq/3VtNqt2r2q6sxaTljeDytiEs6ySqCpm6yKuApAWRrD/Pq+WIW6ZYWrWLDab+wmywLnfc7asap04Em0qo9X5b+f4WB0v1fZb33RFQannpsxeVVot1QvAAAAmm3rAtazZ8ele4uvwnYX8SoipuJVms7eUH2Wnc5q01+D4SiMZOnifbxb7foAUjeNVUgq+2KV3xMx+311n7GKWeFq3emqyXM3CFdTywRnT1wtuBhkRFwPV9XPv/bcgngFAAAAL4KtC1jTsihHrLuKVWV5TD4zS9f//M7u/kqvL8eS4utrIStJI/JhZFly7WqAhXlLCouDD2oK2Tr7Us38jEWvXTKCLRuprp/Lommr9aJVmiXjX89Vw1WWRgwT8QoAAICXw1YFrMPnJ3FwcLTwdRe9LLrtQeTRjiR6U5Fpk3baeZz3psNVuurI0ZXuzqO1z2PWNFaajpawLb4C4Oh21lRVdrWsMOL6RFbxvu7rEfmDiNaDm+1/tY5WrPcz3zlI4/SkZopvQbhaZtIqzdb/OawSr9J88RQiAAAA3LetCljzlCNVpx2RR3qjeJWl7RgMe9VHYzLxlUVvkE7FjHXj1U2VJ7DqlhSW99aaNYk1ei6unrv+GWky2uS9bmnh6SeO4/hjrXjSy2LYucE3sqLsQRqD02FczllKWrymfL+bZtFJktj7aB6PIo3vfX30/CQ6Ld7NvvhZV9WFq1GMGp3jok3al4lj5b/j3f07/IEDAADAmrYuYD394HDp107Hq8lES7ZkaKpfErh+pCoHruFVAErTNIbDYezvTyawWq00+v3V9tCKmISN6pLCNB2vJiydy+KQNXq+9HhlaWH5rU96d7/crRymln3N4HQYpzGM2GtHxOgb6u6k0evNj1bVsFS9P2/iKs0HkS8ZpmZNXtV9/orbrAEAAMC92aqAdXpyHhGjADUYl5XpqahZpt8TMRgOlw5Zy1h1+qr8+jRNo73zZHx/nXhVqNsPK2vNiStpUhuxJs/PXlpYBK3Hr3VHn9NpR/vq76I35++iCU6Pe9GLQbT3dqKVzQ5YiyaibrJUsPwZwySLWX/ry0xlAQAAQJNtVcCabRRLiiA1K06VH7vPeDVL3eRV8VirNfqMZeNWMaGTlupHdflaPp7QmkSYRRNZk9dNvm73diJ7eBnlDfXbS1wh8racXw5jp5NOfV2+LQwi4vzgNNJhO7pTm/HPP/4motUyn7PsawAAAKDptipgHT47iYOD5xExHavK96tf35ZN73f1cO+ViIipUFWOV+tOZc0LINVlhRHzlxZOv65059sRFx/JovUgi177fK3z3LRyqCq+Lj92+PQiIiKeXO5F93IUrzYZi7Il99NypUEAAAC2wVYFrDp3EauqNh2vhsNhPHn8YOqxImRVH6sGrWXjVppchal8OqjURayIxUsLywb9PJLvpZGnEa3YWbhR+cLjPdj89Fb+ICI5ndx/Eu1on7WWnqZa9nVZlsRgsPjnVsSyNB8sve9VnSePjGgBAADQfFsXsA4PT271+MWm6sXXd6H6OeUlg+XbuqmsefEqS0fvK+JVRH3IKgenuo3ey+ZFreK5NCZTXEUIqztW9bPH532ajc91MMhL00zzzY1Ml5XPSCPmXaDyJssEq+ebpkkMhvlUkFo2WuWDQSSZKS0AAABebFsVsA6eHsX56cVGj3lXkWqR/UeTTdzrpq+Kx+ftkVUXs2bFnzRJrk1jRUyCUt1UVkT9EsNZcap4vPz8MtNZ5eC2KF6tGpqWmWpa+ZjZ/NA2XDJelRXhSrwCAADgZbBVAeumlo1VS78uS2M4WP+KgeXjLKM8mTXruVX2ypq1rDCiPjQtms6a9b5VzmXm87cQqm78GdnyoW3hsSrnW4QrE1gAAAC8DLYqYD292sB9Gbc5WVWEq1XjVTl4laNVpzVnLVtJdYP3WdNX5ftZK4lFG4lX41Fd0IpYP04t85mbUlx9caVzWXPialnFxNW8/a4KRbAqbtM0mfu3t7PTjAlCAAAAmGer/vX69nefLvW6u1gWWDc1VTyWZun4T/l+9etCu71cwCpv3F7cL09k1cWsdrL6nmG3EZeKY6ZJstTxi26RKCcAACAASURBVKiUZsmtLRNc69hXr19l4qo4n2WWDhbTVuMJrE1WQwAAALgnWzWBdXp6MbXJetmdbbg+Y4qq/Py8+3WyzsNotR4ufF11+WB5Aqv83NQEVjoJQcMVpobqIlPdZFbdXlqzAtW8cFUXkhbFpVWXCW5yY/alPm/B+a2zzBEAAABeRFsVsJ49O46Iu994vS5KbWLvq02oTmNVp7LKU0arRqyqhftUrTG5ddd7Ww0H+UqfWQ5Xq1wRsWzRr0p12SAAAAC8bLYqYB0cHN3ZZy2anFp24/VldHce3fgYRbQq3/b7w2uxrxpzNmHZcFUEtHUmoTY1bbVwqqvmioLF/WXj1by+Wvd9VJcNruLBA2NcAAAANN9W/ev16QeH930Kt6bdnvxVrrPPUqFYOrjM1Qir+0DdZIndMp+zymdk6fSfdT5rnUBXjlfFRu2rhKtlhwPzwWDqNsmbMdEHAAAAt2HLJrCWvwrhqjY5UbWKLL0+dVOEk3JAWfaqd9UJrGVtMl6te6ziCoI3/asoprzW3aB91v15ZoWr4WAQWZpeW0Zos3YAAAC2yVYFrMPD1a+oV1ZEquFgeG/BqmowHMT+/mgJYXnyp7yUbZ2QVTg+78Yb6eJ9mAq3NYVVp+6vYNVpq1Uerz2HW/5+i8Gq8vdV3fMqyYcCFgAAAC+1rflX7+Hzk+j3Bmu/vxysmhKvysobr5eXEM5b0rZMfDk96UevlzfqinerLgssqy57XOvzKz+/VaPgKo5PJuc5Xi5o+goAAIAtszX/8j09OV/6yn9plk79uSt1ywGXeX1758ns15RiSzVYLdqjqYhib797dYy0fm+p2/wRzfrMVWwqWpV/huWf2apTWMVeV+U/dYbDiNPLyZDkOFhV9r+6ib09Vy0EAACg+bYmYB0+W275YF2wWidiFXEpS7Pxn/L9utcPhssFieL9815f3QerLlbVTRDVxZijo348P6r/rHLEKv+YZn29yKzj3Ye6WHWb01ZVT5/2xl+XN2tP02R8CwAAANtga/bAOnh6NPf5TU1aleNUNVTNmrBaJ2hdO/aMDcTrlrvVTWMVqoGm2Mz97e8lETGIR/vzJ3aKjdSLzdTLQ2/z7q8bvKo2uQdX+Wex6Oe2jGWvMBgRcXySx+FRK+Lq44rpqzJLBwEAANgWWxOwnl5dgfCmoeqNVxYtQ5x+/tlxNwbD+vcsClzLLil8uPfKwtfMCjDzgkwRcIqI9e3vRrzx2kU8fqU9Xl64aCP16pUBq6+/aTfcVLCq7hdW9/w6VolWhYvzYbz3fhp5kkxt1B4hWgEAALCdtiZgPT88vfExvvyZXvzrP92OV/dnx4yDo+kJpoPnF/G//+og/r/f35l6fNX9rmbJliwki0JV9aqFRewqR6yIiPeeRhwcRuzuTh7rtpdb+tjpXA955VVwo/2gJg8kaUSaTJ93EayK8DW8Or91Q1b1Ko2btGq8Gg4jjo/78cFBKwb5aJlgkiaTSxECAADAltqagPXeu89uNH2VpVn87FeG8Znv25n7uldenXyd7O3FD0bEZz/xNP79/6oXT5+31/78WdI0iyePH9zoGLOWG1a/HgzycbQ6OxtGMW02f3Fm2TqBqLrn1Ow9qIpzLSJYUtpHK02TqThWjW7luJYmEa3W5Bjp1fK9NJlcjTGt+VmtM21VOD7J4733k7gctMefkSfpePLqtuw+MNEFAABA821NwHr27Hgjx0n29jZynBfRpiaUykv15i3bW9dweBW5hhGTTDUdvq7P480LOXURafp45WgWMb00shzO6jZe7/dHx0+ydPy+ariydBAAAIBttjUB6+Bg+TmhsuHVLuPJ8DR+9Xey+PEvzw9h1cCVHx/H3//Ns3j6/GFEjJb8zdoT60VXF6PqHps14XUT61yRL0mvr87bRCeqDvqNg1rl6/FjSTb1nvJ+V7c9gQUAAAAvgq0JWE8/OFz5PUW8ypLziIj4W78+iL/16wfxhz7bjjceTYeFz7xehIlnU49/6/0k/t/ffDi+v+l4lW3o6ombUBej7jNQRSwOUssGq038mIdJVnusVj4cD3TlSXpt2sr0FQAAANtuawLWqqrx6qLXj2579OP67d/tXXv935pxnLS1P3X/Niaw9h89GX1WmsRwmI9jT920z4to3emqmyiunlh8fVNJlkWxbX9xZcHx7ZyTFa8AAABgSwLW4fOTGPRuFnOKeFWErHLQmiVPJ5urF+FqMBxuJGIVVx8sNlUvLNpvKaLZYasa4VZxG63npvEqTZNrESotriyYTa5EeXY+jNPjXpwcdCMi4vFHB9HpJrG7c7sBa39vs/uPAQAAwG3YioB1enK+8nvSLB1PYZUV0WqZeJWlWW24WjdeZTMuc/fwYbpS8Km+tm5qqwhJ5ffcRviqO+9lv5fbDlY3iVfl76G8p1VxOxhGRB5xfDSI934/i4vTLCImQev506vfswd5vPH9g9jbzzYyCQYAAAAvoq0IWIfPTuLwaPVN3IvlgxERvUEn2tll7esG+U5EjKLX+L3pKEZUw1Xx9aIprFmxqipPd2M4fLj4hXPMmtqaF5LWCVrlSLbqhFWx4XoTp6yqiu+tugl7kg/H8erychjf/cdpXJzO/0/w4jSJ736jFfuv5vH6p4cbm8iqabMAAADQWFsRsApFVKozGA6uPZanD8ZTWGk6CVUR07GqmhTKn1MOVqPPGY5vl41Ui1SXEd6WanRad2P1ee+bF6g2Fa9ua5Kp+n1VryDYz9OIvByvlvv55XnE86dJXJyl8Zkvb+b8y3t8AQAAQNNtxaKkg6eLp6+K6FSNXGmW1v6ZdYxqvCrfFl8Xfzal3X45/hpvc7/yLJ382bQ0TZaOecPeIN7/9vLxquziNIm3fncz4ak4xoPdl+N3BwAAgJfb1vzr9eR5/fK/m5oVvu5Kd+fRvXzuphTR6kVYGnhT+WAQ7/xBFs+frr9x+vOnSRwfXZ8WBAAAgJfZViwhfHrwPIY1SwSrsjSLwXBQ2r9qsFSYqpu6uiv7+49Wjj/llW3l99btMZWvOO1T7FVVPfai96yjWAY3L1RtMmLdZA+vfp7G5UUvLs5uHjoP381ib//m31s+EMIAAAB4MTRsRuX+VeNVsTdW3R5Z0++7+x9lesOpr2XCUZKu9mfZ495EeSngfUxZrROv8sEgzs6HcXm2/vRV4eJstI8WAAAAbIutmMB6fng694p/dapLA2dNYpWvJngXEStNsxgOB+Pb9s6Tma8tT1SVv66butr0Ff5ueqzyJuN3GanW3Zi+Kk+KTfsj0nwQ/WHEyUE38tUu3Fjr4jSJy4s8dncWv3ae3mAz3ysAAADctq2YwDo+OrvxMapxqnxVwdsKV8WEVfm2WApZRKyHe69Uzqt+CV+SXn++/PhtT00to7rJ+m1tun5XylchHA43UK4AAABgS73AeWB5p6cXNz5GOVQVU1ebvppgWV2sKh4v/tSf5yhGlUNVOQINhhGt1ui54jXVqLVI+bWr7pFVDVLlpYB3PXFVXD2w/GcT8lINTPNBDIYRg4GABQAAAOvaioD17NnxSq8vh6ritu6xm6qLUuUwtShWRUQ8efzg6nxifFvEoFZlgWj5uaRyW37tov2lyq8tvq5OTlUVj5UjVXUT9tsMV7cVqwp5ko7/VNV9X0ky+lO9X368erusLMnn3haevNpe7cAAAABwT7YiYK2jvLfVbaguD6x7bhVFCBoMp7+u3tYFo1lX8yseq75+MJx+Tfm2OklVDVXl45U/s3qcTdp0rCqUY1WyYBQty5KIneOVY1RZ8d7ugzw63esHKgLVIE+mbgvV+wAAAPCi2IpN3Jc1a5+rmygvBSzub9L+oye1QaisGqhmva7uteXXV2/r1H3OoseKzy3f3sRtBauIUbRK8uE4XhW3ST6cilh1k1jdThoXu/nUlQhnBa15U1jd3YhOZ3L8LMnHcaocscqPl1+XJXkMQswCAADgxbEVE1ivvLI3db9uGeBt7GW17L5VN/HwYfl7mJ5kqk5Dzft61vPVia15U1N1xynfznrsZVFdRpgn6TimpWkSnU4W3d2bfUaSRDz+6GDyc5yxPLAcr2bdAgAAwIviJcwI173x0VdmTldteiP224hUdbIsjSxLo91+NP34jOWBdV9HzN6Dqi5szZu8qr7nvtzm9FWhbulg3cRVWZKOJrBae6fR2V1vQ/c8j+js5rG3v/h3rJi0Kv5ExNTXAAAA8CLZiiWEP/ADH4vd3W6cnd38aoRls2LVJiJWdlWBBoPh+OuqViuNrLU42MzbYH2ZpYCzpqbmTVjdhbuIVeXPGQ7za0v0Rmv7rkeh8pTT6P15tNtp7O5k0X9yHBF7U0sJl9F9kMdnvhzXpq/qlJ8rn4vpKwAAAF5EWzGB9QM/+LF47SOPN3rM25i0KqaqysFqVryKiMjT3VsLRi/jEr+7VBeXWq2IB7tZPNzNovvkeKVJrM5uHm98/2Ctv5e6yat8MJjxagAAAGierZjAevPN1+ILX/pUfPc7793oOJuMVvPC1LK6O48Wv6hh0jSJ4bA+3JSfq5uuGg7zO5u6WvTZyyzFG22WPtr0vfjeslYSe3vt0ZrCWG4Sa//VPF7/9DA6nezGSwCL9/euloXu7N7NklcAAAC4ia0IWBER/+qf/RPxd//2b6+9jHCTywIL85YHvqxmxavCvEB1l/GqCE7lTdjXUSwzHORJpOkwIvKIVhJ7D7NotyLOOqdxcTmMON+Li7Pp93Z3Ix6+ehEP9tqxu7PZ35N+nsTZaX+jxwQAAIDbsjUB6wtf/HT88z//U/E//Y2/vfJ7bxqvypGqHK1uGq/295szgVUOPuXbRe+JuN/JqqrqeWzq3LIkj2E+2Q8r6ySRtVrR7WYxGOTR719E76ontdqtaGfDyLIkWt1utJJh5LHc1NeyLi/y+Mir2xVPAQAAeHFtTcCKiPgzf/afjV/71d+JP/jWu3Nft8lgVSjC1aYmrlqt2cdZFI9mxaa624hY6etZ8aopk1WrfP6mz6t6vDQtrtyYRKd7/SqZaZpEnkTkkW40Xg2HeVxc9OLhw636zx8AAIAX2FaNYLz55mvxb/3Cn4rd3e6159I0G/+5ifLVA8u3m14q2O8Po73zZOqxNE3mxpi65xdFrPJryl+XX1MXvcqfd1+BapmfxX2cW55MfhfSNIl26/qfJMsiT9LaDdhv6vx8GP3+MB49bkd7TggFAACApti6f71+9Wtfir/2P/7lccS6abQqXzmw7uqBmwhXrVZa+ydifpiqPldEqFlTVOXbRZNW1VBVfv+ipYN3qS6o3bcsya/9/VT/3Ea4Khwf9+Li4jI++cmdWzk+AAAAbNrWBayI0STWf/5f/tvxR77yubWPUQ5W1Wmru/Jw75WlX1sNVXXTVeXwVHdFwGX3g7rrzdZn/bmP82m6fn8Yz48vovsgjY++7gqEAAAAvBi2MmBFjDZ1/4//kz8ff+Wv/oX4wz/+g0u9p27Sqni8fLsJ1Umrqn5/GE8ePxjfr4tQ5fvVUFUXeOqmuObdX8dNj3Hfy/9edEdH/fjww+P4mZ/+SOzvt+/7dAAAAGApW72L8+NHD+OrX/tSfPVrX4p33nkaX/+1b8bvfvPtePbsOA4OjiIi4ukHhzHoLV7K9fSDw2uP9furT2TN25x93uuWiVCzXnNb6jZzr051zXps3uOsZzjM49vfPYjXXk/jJ39i+ek9AAAAuG9bHbDK3nzztfi5f+GPzXz+8PlJREScnpyP7j87GT938PRo/PXTg+cREfH88DQiIo6PzkbvO72IiIhnz45H7zmYvOe9d55N3l8Twu5KOz2N3vDB4hcuYZUrEd7VVQC32XCYx/e+dxBnp+/Fv/xv/sB9nw4AAACsRMBa0uNHD6du33zztVv9vMPnJ3F6ch6Hz07GgezpwfN4fngax0dncXp6ET/4+c9Flo3+Cj98Ppr2ujjp1cajZcyLV9UN2ov77fQsLvo71zZ+L7+G+3d09Cy+8Y1/FJ//wkfja1/87H2fDgAAAKxEwGqox48exuNHD9cKZb3+MM7PBhERcXo2WcZ4dDyKT2enk8eOjwfjr09Ljx+8dxhZlkbRwQZXyyEHw8mvzEUvi95wN9K0/kqFy276zu0Z5EmcHR/EN37nO/H5L3w0fuEX/uh9nxIAAACsTMB6CbVbabT3R3tk7e9PHv/oG4vf27sKVYfvH8YH77w/fjzPJht+n5/V/9ocn04/fnbxMHq9YQzzPPJhRL+fxzCPuLwcndtF72ZXweu2Bzc+xsvu7PggfuVXfys+/4WPxl/4N740niAEAACAF4mAxZT21ebwrXY3Op3yM73xV5396c3ps6spq0f7l+OvR86uf0Ayvfn8YDCIy/7osXIYq49heQzzPAb9PIbDiGEe0emMzqWIYrNc9LKtCl7FnlfFssFf+IU/Kl4BAADwwhKwqJU/3F/8omUls+NSlmWxe9WUdruT5YxPXhlUXnkx/mowmH6uCGARy0+HjR8/exj9qyWXDx7tx85OGufnk0BX7C3WO+vP/B6WUY1ntxnTjo8+jLfeehoP9wfxF/+DH7PnFQAAAC88AYtae+2d+LDm8TyZRJessr9VcX8wzCPLshgMBtdeUzUYDCLLroec6uPl+9XXd2IStDr7l7Wf86j0eJKPXn95GfH6K6MN8t/+zjvxpR//k/Hqq+3a9xfOzwbjfcWqe4oV+4mdng7HEWy8uX5lGO024tXF5TB+/1vfiof7g/jZP/fx+Mkf+sx4og4AAABeZAIWtdqtNHb29uL8+Lj2+XlhKkuTiHw4Ck351TRTPqydxCpiVDVYVR+vi1nFJFb1tUU4G9RcibGIVxExXiJ5eRmxu7MTvYsPot36xMzvKyKivZ+O9xVbZk+xsrrN9YsIFnE9hEVMb6xfngwre/68F51uLz75yYfxx3/uM/HFj7+52okBAABAwwlYzNTpdq8FrCQfRJot+WuTT4LLaCpr9kvrprBmPV43iVWNWnXxKmIyQVYOWYX3330/Pvmp+QHrJuo2118lghUb7Ncdd+KVNc8OAAAAmkvAYqZWuzvzueGgv1zIupq6mhWobqo6oTX+nHw4M2Il+SDyJBtHrE4noru7cyvnt0mWAwIAALCt/IuYmeZt5L70FNYtq4ax8gbvs5Y5lvfxKvvw2cHmTgwAAADYGAGLmXZa7djZ25t6rAhXw8ESV+Wbc/XBTbu2H9Ywn0x/LdhIPiIi6+5EHvVL9AAAAID7JWCxkiJczZzAStLJnxmSq6CUpMm1r+seq/u6qjqJVWwgX45X1ZBVnsTqtpM4PejN3GcKAAAAuD8CFjO1kiw63dn7YK0rH+aRpEnklT2qivvF89XXlr+eF7PGSiGtiFfzprEedvPo12zuDgAAANwvAYuZ2q107kbu18yYuipHprpJqvJtPswjbWXX3pukSaStbOr5WcdZdF5ZmoxDVjGF1emMnnv6vfeW+EYBAACAuyRgcavqlgBGxLXpq9Fr0quINRzfLz+XD4dTzy/zOaUXLNyTa3dnJ95/9/3F3xQAAABwpwQs5pp3JcKxmjg0MySVnp98PXpvNVyVQ1X562rYWnT8RYoprO7uztLvAQAAAO7OjJ24YWSn1Z66P3Pz9pJV4lFE1E5UTR9vErQmk1jTj9Udp3biqxTasnT0+sEwH0esD58drHTuAAAAwO0zgcVcrSSLnb292S9IytNQ86eupt+WTt0WX5cDVfFn0XvKk1t17yvObZEHe7sREa5ECAAAAA0jYDFXu5WOr0R4bfoqKYLSauGqbtlfXahaNJlV997y+64HsGT6XK+WPhYbuhcbuZ+fuRIhAAAANImAxUKzrkS4bLiaPRU1vRwwYvZeV3Wqgatu8/dZn1897yxNIk+yyGMYLVthAQAAQKMIWCzU33lQ+3jdlQSrFkWouti0rHXeWw5ZU5NYEeNJrOcfWkIIAAAATWITd5ZydJJHt90f3y+W2xWbn2fVSawkjSRNYtgfrLSp+yoBa6ZWK6Lfn/uSyecMRyEuSSPyYTze24vexQcR8YmbnwcAAACwEQIWcx0d9eI3f+XXIk7Ox4/t7kzW2HV3p9fbZd3R/W57Olp1OpPYFVEKXkl1/6rB1cP10WupwFXEq6VD1iRipZemrwAAAKBpBCxqHR314nf/8T+Kb/7WN2KQZ7HTGe2D1e50ImISs87Oz6fet7uzE2fn51ORq2rZ6BUR0e5m06/NsmuvmRm7FsSryfvTSNKIYX8wPhcAAACgOQQsxnr9Ybz7zjvx/rvvxzd/6xtxfN6P3e70Bu69y8s4iU487Nbvf1XEq3kR6+LsvPqmiIg4vbrb3d2Ji7PzUeg6vv7+cmSqi1551o5Oa3qSqhq+0lZ9CKs7HgAAAHC/BCwiIuK733krfuNX/mGcHh3G8flocqkcr84vL8ZTWEXEKlRjVjGVtUzMiqgEq4ipr+sMLiYB7PTi+vNZN4+zi/PKNFV/Kk7lWTsiIjqt4VTcuujlsTfzkwEAAID7IGBtsaOjXhw+ey9+41f+Ybz3/tOp56qTV0W8KvQuL6+WE0acXIzC0MNuHpf5bnSSs/Ht8WU7Im1HRC+OL9ux1+lFRMRF7EY3zkZfn51H0t2Pi7OjSLr70d1dfO6Llvo92Ks/SBGuCpf9NKI/CnCX55fxzjuH8drHP7r4BAAAAIA7I2BtoWJ/q+/+/tsLw1XE9XgVEeN4VTYKWecRnVE8usx3Iwb9q5C1HxExCloRsdc5i4soRaaLfux09+P8oh/RbVcPPTm/3SzOzgaxG6NJrFkh66JXv8Qxepe1D3/47CKODp/Fg1fb8drH3pj5+QAAAMDdE7C2SBGuvvGb3xw/VjdpVV4uWFUXrkaP14ekLGvFIPavPX4Ru9G77Ee7M/kVPL/oT91GROx0p39Fz84Gpdt2xNX9m3j/vQ+idzkKW0l0o5Vc3x8LAAAAuD8C1kuuvDH7P/2dP4iI2RNVxbLAWZFq+vU70bs8nxmuygaDUZDKssmvW++yP3U7fezWOG4dHZ1PPVZ9/ibOz87j9Pj5ONi98rH9+NznPx/tVnqj4wIAAACbJWC95I575/G9t74Tx4d5vPr6G9G77E8FpeLriNlTVMVrywaDfuzs7sVg0B8fp/qaWe9dpC5u1X1dfC/zjl/+/soODt6Ps4uL8QTaD3zh++ILP/ql2G3PXr4IAAAA3A8B6yU3GAzi1b1uvPGRyX5T+XAY+TCPwWAQl/00ksHVxupX+0ad1SzLO7/ox063NV7e17761aneLlJMTtXdrvZ9TcLVrEhV//nn8d7TD8b3s2QQn/vyF+PHfvwPr/T5AAAAwN0RsLZQkqaRpBFpK4t2N6L4NXhw9fyTq9t8OLy6HYWtwWAQEaOJpcv+ZJldMujVbppeDWHnF/3Y39+J84vJ8r/q7TzlyFXEq/L01byQ1bs8j97lZXx49Hz82BuvvxY/9pM/Gp/81CcWfjYAAABwfwSsl1y3041Hr70WlxcX0bscTVol6XJ7PBWvS65enrYmm5u3p7bRao3jVxG9IiJeeTI5TjH1FRHjya/C5fnkyoB1018R0/FrlmIKrDrNNRj04+j4KM4uLsaP/ZGf+LKpKwAAAHhBCFgvuf1OJ/bf/PT4fq8/jH4+iH6eR3/Qv5qqimidn0ZERL93MfX+y4vp+xERl2fnkWSjmFUXw4pgVSi+TtJk9FlpK1qlraYe7E723iqiV7HEcfyZ/dESyMcxHbwirkev4sqF5xf9OD87H+93FWHqCgAAAF5EAtaWabfSaEcRnUpXG9zbn3pdrz+KTv18Eof6+WSZ4Lz4NYpe2Th0FZGrHLUWSdIkWunk13NW8MqHeTx+PHmuOKfLfhqdw+dxdDi6iuFutxtf/JHPxWc//6XY37dROwAAALxIBCxqtVuj6DSJXVWz41dZ3cRXffC67vz4ONKrPa6Kia+qYqqrMIle/bjs7kTEYXzs0x+Jz33+86auAAAA4AUlYHGraie+aoJXeeKrmPTaLU15RUwmvSKmlzqWA9jl+eU4avXyy/jkZ96ML/zol2K3beoKAAAAXlQCFo1QP/HVmX7RnPBV1s8H0Uqy+HTpuAAAAMCLS8DihVYXqGYvewQAAABeRP6lDwAAAECjCVgAAAAANJqABQAAAECjCVgAAAAANJqABQAAAECjCVgAAAAANNq9BawkSe7ro4GXnP+/AAAAvFwELOCl4/8vAAAAL5d7C1hpavUicDv8/wUAAODlYgILeOn4/wsAAMDLxQQW8NLx/xcAAICXy739K6/Vat3XRwMvOf9/AQAAeLnc65hClmX3+fHAS8j/VwAAAF4+9xqwTEkAm+b/KwAAAC8fE1jAS8X/VwAAAF4+9xqwkiSJdrt9n6cAvETa7bYrEAIAALyE7v1SXZ1Oxz84gRtLkiQ6nc59nwYAAAC34N4DVkSYwgJuzP9HAAAAXl6NCVhp2ohTAV5AaZoKWAAAAC+xxlSjnZ0dSwmBlSVJEjs7O/d9GgAAANyixgQs/wgF1iF+AwAAvPwaE7AiRsuAut3ufZ8G8ILodruWHwMAAGyBxv3Lr9VqiVjAQt1uN1qt1n2fBgAAAHegkf/6a7VakaZpnJ2d3fepAA1TLDc2eQUAALA9GvsvwDRN48GDB/6RCoylaRq7u7v+vwAAALBlGv2vwCRJYnd3Nzqdzn2fCnDPOp1O7O7u2rAdAABgCzVyCWFVu92Odrsdl5eX0ev17vt0gDvUbrdFbAAAgC33QgSsQqfTiXa7Hf1+PwaDQQwGg/s+JeAWZFkWWZZFq9UycQUAAMCLFbAiRssKi4msiBiHrDzPI8/zGA6Hkef5PZ8lsIwkSSJN00iSJJIkGYcrAAAAKHvhAlaVf/ACAAAAvNwavYk7AAAAAAhYAAAAADSagAUAAABAowlYAAAAADSagAUAAABAowlYAAAAADSagAUAAABAowlYAAAAADSaUXvdIAAAIABJREFUgAUAAABAowlYAAAAADSagAUAAABAowlYAAAAADSagAUAAABAowlYAAAAADSagAUAAABAowlYAAAAADSagAUAAABAowlYAAAAADSagAUAAABAowlYAAAAADSagAUAAABAowlYAAAAADSagAUAAABAowlYAAAAADSagAUAAABAowlYAAAAADSagAUAAABAowlYAAAAADSagAUAAABAowlYAAAAADSagAUAAABAowlYAAAAADSagAUAAABAowlYAAAAADSagAUAAABAowlYAAAAADSagAUAAABAowlYAAAAADSagAUAAABAowlYAAAAADSagAUAAABAowlYAAAAADSagAUAAABAowlYAAAAADSagAUAAABAowlYAAAAADSagAUAAABAowlYAAAAADSagAUAAABAowlYAAAAADSagAUAAABAowlYAAAAADSagAUAAABAowlYAAAAADSagAUAAABAowlYAAAAADSagAUAAABAowlYAAAAADSagAUAAABAowlYAAAAADSagAUAAABAowlYAAAAADSagAUAAABAowlYAAAAADSagAUAAABAowlYAAAAADSagAUAAABAowlYAAAAADSagAUAAABAowlYAAAAADSagAUAAABAowlYAAAAADSagAUAAABAowlYAAAAADSagAUAAABAowlYAAAAADSagAUAAABAowlYAAAAADSagAUAAABAowlYAAAAADSagAUAAABAowlYAAAAADSagAUAAABAowlYAAAAADSagAUAAABAowlYAAAAADSagAUAAABAowlYAAAAADSagAUAAABAowlYAAAAADSagAUAAABAowlYAAAAADSagAUAAABAowlYAAAAADSagAUAAABAowlYAAAAADSagAUAAABAowlYAAAAADSagAUAAABAowlYAAAAADSagAUAAABAowlYAAAAADSagAUAAABAowlYAAAAADSagAUAAABAowlYAAAAADSagAUAAABAowlYAAAAADSagAUAAABAowlYAAAAADSagAUAAABAowlYAAAAADSagAUAAABAowlYAAAAADSagAUAAABAowlYAAAAADSagAUAAABAowlYAAAAADSagAUAAABAowlYAAAAADSagAUAAABAowlYAAAAADSagAUAAABAowlYAAAAADSagAUAAABAowlYAAAAADSagAUAAABAowlYAAAAADSagAUAAABAowlYAAAAADSagAUAAABAowlYAAAAADSagAUAAABAowlYAAAAADSagAUAAABAowlYAAAAADSagAUAAABAowlYAAAAADSagAUAAABAowlYAAAAADSagAUAAABAowlYAAAAADSagAUAAABAowlYAAAAADSagAUAAABAowlYAAAAADSagAUAAABAowlYAAAAADSagAUAAABAowlYAAAAADSagAUAAABAowlYAAAAADSagAUAAABAowlYAAAAADSagAUAAABAowlYAAAAADSagAUAAABAowlYAAAAADSagAUAAABAowlYAAAAADSagAUAAABAowlYAAAAADSagAUAAABAowlYAAAAADSagAUAAABAowlYAAAAADSagAUAAABAowlYAAAAADSagAUAAABAowlYAAAAADSagAUAAABAowlYAAAAADSagAUAAABAowlYAAAAADSagAUAAABAowlYAAAAADSagAUAAABAowlYAAAAADSagAUAAABAowlYAAAAADSagAUAAABAowlYAAAAADSagAUAAABAowlYAAAAADSagAUAAABAowlYAAAAADSagAUAAABAowlYAAAAADSagAUAAABAowlYAAAAADSagAUAAABAowlYAAAAADSagAUAAABAowlYAAAAADSagAUAAABAowlYAAAAADSagAUAAABAowlYAAAAADSagAUAAABAowlYAAAAADSagAUAAABAowlYAAAAADSagAUAAABAowlYAAAAADSagAUAAABAowlYAAAAADSagAUAAABAowlYAAAAADSagAUAAABAowlYAAAAADSagAUAAABAowlYAAAAADSagAUAAABAowlYAAAAADSagAUAAABAowlYAAAAADSagAUAAABAowlYAAAAADSagAUAAABAowlYAAAAADSagAUAAABAowlYAAAAADSagAUAAAD8/+zdeViUZdsG8BNkEWFmkEpkEzMVsHABBX1T0CQxF0Rccy9DfV+x3DNzQXOpNMHEPhV3xF1AwBLCFLRYFEpJBrRQYABRg1lYZBG+P4Z5mGGeGQaQxbx+x8EhzDzLfQ+icHLd101Iu0YBFiGEEEIIIYQQQghp1yjAIoQQQgghhBBCCCHtGgVYhBBCCCGEEEIIIaRdowCLEEIIIYQQQgghhLRrFGARQgghhBBCCCGEkHaNAixCCCGEEEIIIYQQ0q5RgEUIIYQQQgghhBBC2jWdBzn5bT0GQgghhBBCCCGEEPIv9xrPsMnn6rxpZfYCh0IIIYQQQgghhBBCiDKxWNzkc2kJISGEEEIIIYQQQghp1yjAIoQQQgghhBBCCCHtGgVYhBBCCCGEEEIIIaRdowCLEEIIIYQQQgghhLRrFGARQgghhBBCCCGEkHaNAixCCCGEEEIIIYQQ0q5RgEUIIYQQQgghhBBC2jUKsAghhBBCCCGEEEJIu0YBFiGEEEIIIYQQQghp1yjAIoQQQgghhBBCCCHtGgVYhBBCCCGEEEIIIaRdowCLEEIIIYQQQgghhLRrFGARQgghhBBCCCGEkHaNAixCCCGEEEIIIYQQ0q5RgEUIIYQQQgghhBBC2jUKsAghhBBCCCGEEEJIu0YBFiGEEEIIIYQQQghp1yjAIoQQQgghhBBCCCHtGgVYhBBCCCGEEEIIIaRdowCLEEIIIYQQQgghhLRrFGARQgghhBBCCCGEkHaNAixCCCGEEEIIIYQQ0q5RgEUIIYQQQgghhBBC2jUKsAghhBBCCCGEEEJIu0YBFiGEEEIIIYQQQghp1yjAIoQQQgghhBBCCCHtGgVYhBBCCCGEEEIIIaRdowCLEEIIIYQQQgghhLRrFGARQgghhBBCCCGEkHaNAixCCCGEEEIIIYQQ0q5RgEUIIYQQQgghhBBC2jWdth4AUfTHvVzEpvyNIkkpAKC7mQke5hfC2MgAwuIyAEBnTie4OryF/r0t2nKohLSoarEY5enpKFizBlW5uQrPGY4cCbMffmijkZF/i9n/O46bv2dpdKxtL1NYmBnDzdUGE8f0a+GREaJatViEsphoVOXm4FlivPQxiQjaHB5zjI6lJXQsrNDReQh0zC3RwdLqhY+jaMtGVKSnqXze9MS5F35PQgghhLzaKMBqB4SSMhyNTIKwuAz9e1vgs+kuCs9fS/4LxhwDGBsZSP/kGCAsNhVhsakwNjLAvHFOMOYYtNHoCWkZBWvWoOTKFQAAx9MTZUlJqMrLAwAYz53blkMjr6D0+wVIv1+AK3EZOHY6EdvXecCud9e2HhZ5hZSEnIP4WCAq+apDI5nyJOmfoj3SP02DzkLf+T8Qff8dOjoPgb7zf5o9ngr+XZTfTGj2dQhpjsLHD2HSpXtbD4MQQkgroSWEbcz/VCyORiZh3jgn9O9tgWOXbiIsNlXhGN/AKITFpsJz9WFcS/kLANC/lwVGOPbCvHFOOBqZhN2n49pi+IS0KINBg6BtZARJWBgTXhHS1tLvF8BnzVmIJc/aeijkFVAScg65IwbjnzXLNAqv1HmWGI+C2VNRMGsKyhN/e0EjJKTtVDwrbeshEEIIaUUUYLWRh3mF8A28DE9Xeyz90BXGHAP4BkbBb6knfAOj8DCvUOH4sNg/0b+XBf64l4tryX/Bc/VhhF5LhW9gFJZ+6IoJLu/AN/Cy0nmEvKxMliwBAGjzeErPlSUltfZwCFGQmy9C6KXbbT0M8i9WLRahYNYU/LNmGZ7nCl7otcuTKMgi/z7FoidtPYRmK4i/1dZDUFKSk4fHCcmtcp+iuxkv9JoVIkmDY68QSVAhkrzQ+xJCWg4tIWwD15L/wrWUvzBvrBOW+oVBKCnDtX2LAQBZj4ogKi5jlgQ+zCvE0g9dcC35b3i6voM/7uXij3u5mDd2EOaNc4LnqsMAgD/u52LpdFf4n46Fp6s99cciLz19OzuYLFmCJ9u2tfVQyCsmPX49835iShaOnU7AL9fvKR0XE5eBudOdW3No5BVRyb+Lx/+b/8KDq/qkQVY89J2GwHjJsheytJCQtvAoOw0mptbMx8WiJzDivdHq4yiIv4UH5yNQkHALJYI8GFqaw3LUCNh+PAOGVuYqz3mccAvph4JRKSkGAFiOGgHHDSuZczLPheNxQjKK0jJgv3QhugweiAcXIpB5LhxFaRnQ5XJgO38mbD6aAT0ehzkn83wEjCzNMfi7Taz3TvXbB0H0NQzeuQmd37ZReC7zXDgyDp9EUZo0VNLlctBjsgfsly5k7lFf5rlwCKKvoSDhFirFEliOGgFL9xHoMXk86/ElOXlIP3wSguirKBHkMfeRn4vsNS1Ky4DNxzNgOWqEwtwNLc3RY4qHwtwrRBL89ME0lOTmAwBmZP2udO+iuxnIOHwSmefD8eak8RiyazPrGEkrEv8JdLICdJR/eU2IjFZNTU1NWw/iVRIWmwqhpAzzxjkhLDYVRyNv4mF+If44sZIJtoY79MRwx564lvwXtLS0FM53dXgLQkkZlu4Kw8P8Qvh6u8OYY4B5m0/B2MgAYTs+lvbG4hjA09W+jWZJyIuTO2sWym7eVHiMmriTF0FVE3f5AEvmvYnfI++RSOGxQQOsEfTDHKVjY2IzkP5XAZJSHgIABHlCWJobAwBse3XFSBcbODtYK53HJiY2A0m/ZyH9/iOFx217dcXEMX2V+nDJ7l2fbU9TuLlKfzgJuXRbaS7mXXnwGqvcnD4xJYv1NfKZr9irMTdfiCtxGYiJywD/3iNIisth28sUXE5HWJgZw8nBGk4DrGFhZqzRvF9llfy7eDRrCmok4hd2TVkPrIKZk9X2rTL0mgJjn+UaNX1v6Frd7rVs+EYIIO2BZcR7A3+lxqLPwDGoKC9BYUEWTEytoadv2GrjqBBJkLByI7oMdoTt/JkApGFOqt8+lOTmQ5djhDE/nVEIsYruZiDVbx96TPGApfsIVIgkyDgcjFT//QAAQwszuJ05CEMrc6QfCkbK5p0ApAGPoYUZ+i5bhAqxhLkHAHQZPBBuZwKVApyRpwNhOmSg0rhT/fYh1X8/Jty4xIxNEHUVmefC4bhxFQytzFGSk4fkTTsg+Pma9B7OjnA7e1DhOkV3MxC/YgMcN66C6ZCBKMnJwx2/fXhwIULlOal++5ATdRVuZw5Cj8dBSU4e4ldswONEacWULFTKPBeOhJUbmbl3tusN2/kzUSGWIP1QMIR86S+YOvexwcjTgUyIJf+asQVYsrnLyL8GpPXVFP4KVIqgZTqmrYdCWoFYLP0e5/fflb82VRkwYAAAqsBqVX/cy4VQUobuZib4aPMpHNnwIcKu/Yl5YwcBAIY79mSOu8XPQXlFFZ4KS2DMNYBQXIbXjQ1xMy0bOh20MW/cIAx37AmhpAxven6F34NWwjcwSlqdVdsX6497uVSJRf6VKuvtSkhIS+MYdQQgUnsM/94jTJwbyPqcLDBKSsnC8TOJcHKwxhefjVLZCD7k0m3sPRSL3Hz2e8quc2zvHCYM4997hC+2XISkuFzhWCNDfVwMWsB8HHrptlIoNWiANWuAlZTyEHsPKfdYlA+wjp1OxPbd0UrHpN+XBWlZCL10W2XgR+o8F+S88PCqMUpCzqEk5FyjgixC2pJJl+64fGoz3vNagWLRE1SUl6Brtz6tOoYKkQRXpnvDuDZYkekxxQOWo0Yg83w4rEaNUAhHMs+FI3nzTtgvXQhL9xEAAD0eB/bLFsFy1AikHwqG7fyZzDm282ci41AwSnLzUSmWwPXH08xzlqNGIGbaJxDy7+Fxwi1kngtHjykecAn0w09jpgMAUv33swZYgDQok12LLdAytDKHy0E/ZJ4LR0H8LThuXKVwfkH8LVyZ7q0QkhlamWPIrs3ou2wRMs+Hw37ZIoVz4pdvwIMLEZh8J44JnAytzOF29iDSDwWj6G4Gc58eUzyYoKpSLIHjxlVMtViPKR6I+2QZBD9fQ1FaBjIOBzP36txHsaKsvuKcPBjb9WYCsPRDwXD0XaX2HNIyagSnAABalh+28UjIy4ACrFYilJRJG7G72qO7mQmORt7ER5tPwX+5J66l/MX0tqqqeo7gqBT8cV91w+r+vczx/Hk1rqX8BU9Xe/gt88Tw/+5F/94WGO7YE/6npMsIj15KQnczE9qhkLy0yvl8VLI0b69IT4c4JARcL682GBV51YRcuo0MlqqmifUCH3G94EidpJQszFl8HFdCPgWX01HhuTVfXUTYj3c0uo6lmbTMXix5hi+2hCuFVwDw9foJLVb5pCq8Io1XLRbh8eL5jQ6vdG37QJvDBQBU5ebgeV7zA34Ksl4uQqEQdna2qKmpQVRUNPr1Uw6j/63Sbv0IPf1OzMdtsSNhnPcyFKVlwGHDSqXn9HgchVALkC6bS968E5ViCXpM9lA6p/PbNqzL2QwtzZmKKvkwTI/HgWugHy4OHQsATIDV+W0b2C9diFT//XiccAsF8beUQqyiuxmwqR1fQfwtpPrvh7Fdb9ZKpB5TPNBjiuJ4S3LyELdgOXQ5RqwBmaGVuVJ4JYi6igcXIvDmpPGsSxHrv14AoMetO67+UsfB323G+b4uzBzslymdzqpEkAfXQD/Eei+DkH8PmRciYL9skcrlkaQBZdmoLriMmsJfUVOaA0j+BDjvQEuXC63X3oV2lw8A7jtKp1Xf/xY1ZTno0HdPGwyavIwowGol/qdjsXS6K8JiUzFv8ykc3fAhPFcdZsKlq8n3cfzSLWTey8LmjgUw1y9HuFYXnHgm/Ud0pEE5/jegK8w4+gi8lISV9/Mw3OEt8Iw6ojOnEx5eXA+hpAwTVx9GkbgMYbF/ImzHx/A/HQtf79FtOXVCGq2cz8fTrVsVlg5yPD3RgcuFOCQE1cXFePzFFyhLTMQbX34JbS63DUdL/m0CaiuOxOKy2uV7yuGVTU9T1oql+sdwOR0hljxjDcAkxeXY5h+Fr9dPYB7b5helcXgFgAmmtvlHsY5zzlQnZungiyaWPEPAoVilx40M9ZnKMvm5O2m4bPJVJTl6UONdBg0nToaR11SVPauqxSJU8u/iWWI8Kvh3oc1tWj8RCrJeDgEBAa9keFUseoKbvwTBffp66OkbtuqSQZmiuxnMkreGKn5k0g8Fo1IsbRrelLDE0MJM+TErc3RxdmTGImPz8UymtxZbFVZBQl1FVfKmHY2aB1A3ly7OjhqfI7uP0QtarqfH4zBzl/XR0pShlTmGfLcZP42ZjkqxRKGCi2ioSoTnaetRk3ta+TnJn6gBUFP4G6rv74CWyX/QwW4LE2Q9vyPdsInCK9IYFGC1god5hehuZoKH+YUY7tAT3c1MsHRXGI5u+BBhsal4WlSMzQejUS2R4Js3iuEufgKdrl3hVPwIA2tE2PDMFCu6VuFQHB9ONSLYAvi/yrvYc1OCzfdysWPJeITFpgIAamqA/r0t4L/cEwCk980rRHdzkzZ8BQhRr0ogwJPt21HO58PAyQnciRNhceIE67Gvf/kl8361WAzh8eMQHj0KHQsLcL28YDRyJHQsLVtr6ORfKOCgcigjb9AAa+z9Zirrc55j+mLuNGelpYFiyTNs81cOp67E1e24xL/3CMfPsu+wOWiANSaO7ccEVrn5QmacMbEZrKGXTU9TrF3mrnYuzcG/X6BU8WXelYew4wsUqsrEkmeIiXuxO0v92zwX5EAU4NfgcfqDBuP1b/waDJK0uTzoO/9HKeDSsbRE+U0VJ6khC7I4cz8Bb8myJgdipGXweDwcOBD4SoVXAPDXn7Gw6unY6ksG5QmirzLvaxpGyZqiA8BPH0yHbm11Uec+NtDjcaQ74tXUqKwGMrRkD34qakMx+ZBKVgHGVoVVEH8LpoMHMtVWsqV0jxOTETPNGwBgZGnOPK/LMYIel6NQhVWQcIsZuyYqRBKmiizVfz8KancIlN2nQiRBSU4uugwZyFqJZWzXW+3cLUeN0Hgcsqou+Uq19MMnKcBqDPGfqEr0BKqklcNaFtOgbfoBtLjvAAbdgCoRasR/ouafX1EtOI2awt9QlegJ7V6rpT2vdLgUXpFGowCrFRy9lIThDj3hGxgFoaQMmxaMRtiOj/HHvVw8yPsHmw9GQ1j8DOuqsvF+bh60zWp/8NHSwjjxA9zuAJzK54KLKhzTNodYWwdOz8WY2rUDfJ88w6o9EdjwySgM6G2J4Q5vYemHrjgamYSjkTdxbd9iLN0VxgRahLQnVQIB/gkIgCQ0lHlMEhoKSWgo9Gxt8cbatTBwVt7lTT64qpZIv2mpSE/H023b8HTbNhi6ucF4zhzWcwlpjpEuNli7dJTSsj8AcHawVtmcncvpiK/XT0BMbAaKS+pCH0lxORJTsuDsYI1jZxJZz/Uc01ehSktK2rMqN1+IL7ZcVDrHyFAfX69XXprS0vIeicC/X6DwOnA5HRusVnvVCfd81+AxhhMn47Vv/Jt1n9e+8YeR11QIv9+ltgG7KpJjB1EcchbceZ+guoX7dMXFxWHv3gDExcVBJJL2guvWzRrffvstPDw8MGrUKKWNbmSioqJw+/ZtrF69Wuk5a2trzJo1Cy4uLoiLi8PWrVsBAGfOnIGxseJS26ysLCxYIO0fd+DAAcTFxeGEil+uzJo1C7Nnz1Y498SJE4iICMedO9KAmcfjwcXFBWfOnEVQUJDKa3377bfo168fVq1aiTt3UpWeHz9+PHx8fJiPs7OzEBkZCZFIpDAGQLq8cNq0aQAAY2Mezpw5y3rPl0n2/Zvo1msQ+gz8QKPjH2Wn4favF9B/6GQYcl9vk90JVbEcNVzh4y7OjgqhkaYEUVch5N+DsV1v2HysGPzIV2FlngtnAqzMc+FM/y15uhwj2C9dCADMToqqxiQLvTStfJIP7wwtzGD78QzocjkoEeRBj8uRNmmvDfLYyC8lZJu7puHT44RbEPx8DSetByg8XimWMEswSQPkwiutLqPRoc8WaWglT4cHLZN3oWXyLrR7rUb1w/2o5q9HNX8d0NESOsOusl+bEDUowGphD/MK0b+3BR7mF+JhfiG0IF0u2K+XOeJTH+LboF8gLH4GAAjR7oKORoaY2pUDvYJ8dLR/B89qajClpBQHi3XhXFOCFaaV6FL7H0/Ez8kAukNY/AybD0Zj9ez38N9J76L/rJ3wdH0HYTs+BgD0721OVVikXWELruqrSE9H7pw5MHBywutr10Lfzo41uGJTEhODkpgYGDg5wXT7dqrIIi/MlbgMXInLwJxpzli7dBTrMbn5QiT9noXcfBGSUh6ipgbQ0pLuHMjjdlQIsOTFxCpXKZl35WHtUtVVVP9bfZa179XaZe4qG8S/KLL+W/XNXXwcFmY8jHSxhbODNQYNsGYN/IhUtViEktDzao95EeGVjL7zf2Aa/B+UJ/7WpCCrRiKGaM+uFzIWVby9vREcXBfuWFl1g7ExD6mpqbhz5w48PDxw48Z1tdcQiUS4fl15A4Lr14ETJ4Jw+vQZuLi4MMdEREQohT/h4eG4fj0OVlbdYG1tjaysLNZrAsCwYcOY92/fvo3Ro92Z4A0Ahg4dhhs3riMiQrorm7pryc67ffsO6zyvX49DREQEoqKiFI6TH4NMUFCQwn3i4uLg4uKidNzLRNa43azb26hBDfq/O1nt8Wm3fsSjnDTcvXkJ73kp96l6UQRRV1kDofrkQxjLUSOUejo1VqrfPmSeC4f90oWsAY58FdaDCxHou2wRDK3M8TjhFmuvrZLcfJUN3+uTLd0rqg2yGqJYHcbV6PVSJ/1QMDIOBcN+6ULYfDxT4yq4nKirGLxzk0I1W+a5cDy4EIFU//0tFmC9ZSfdyMTtPQfs37u0SdcQ5D7BuInrIZGU4tPFnvjM58X0g42OSUZI2HX8fCWFeczC4nVMnjgM82a7g8ut6zWHKlFdeGUxTeMqKu3uC6FlYIXnKfOAZwLUiP+Elsm7SsctXOyPmF9SsG7NTHw0l/17oA/nbEPSzXSVr2UaPwtHg6JxIbTu39BJE4dh3ZqZCnOR3Usdp0G2OHV8LetzR45FYcvXweBwOuHksS/Qx059u4T+gxYCWlpY98VMTJ6o/G+27BhJcZnavydicSmOBkXhfOh15OY+ZR5/f6QD5s1xx2AnO9ZxAkBEyFdqx7k7IATf7w3T6Ni2oN3WA/i3C4tNxXCHnpg3zgnX/m8xJri+g+EOPXE0Mgmi4jImvAKAtA4crCvviqc60r5YVY+fQK/Hm7B/ywz/N7Y3ZjlYoWOeAOILYXheWISe4sfMucLiZxAVl+FoZBI8Xd9B/94WTH8tT1d7ZokhIW2pWixGYUAAsj091YZX8sqSkpDj6YmCNWvw8L33ULhnj9rwqv652Z6eKOfzmzNs8oo5tncO8/bFZ6MwaIDyf9zHzyRim1+UwmP8e48wZ/FxjPTagy++CkfAwVgkpWTh5u9ZzK6BqnYVBMAabNn2MlUZ/uw5GMvaW+u9Yb1bpeLJwswY7w1jX86Rmy/C8TOJWPz5WYz0+h7b/KMhljxjPfZVVxYTpfb5DuYW6Pzlphd+X2mQdR5v7D2IDubtZ8fiLVu2MOHVuHHjkJeXj4yMDCQmJiEvLx/jx49XOH7t2i9RWlqm8Fbf5ctRKC0tw+nTZ8Ct7ZkYEBAAY2NjjBs3DgAQERGudN6JE0EAAA8PxXsOHTpM6Z7r1q0DIA2mZOEVl8tl7h0dHY3S0jJcvhzV4LXqB0yyOfL56Zg5cxYAaYh1+/btBl/PgIAAANIQEJAGWi87I94bGDrmvzC1smswvAKArt364K13XBq91LCivATFoieFm5kCAAAgAElEQVRqj5FfspZ5PoL1mMxz4Uj13w9BlLTapItciJN+KFjlteOXb0DRXeVfbFSIJUj23YGYad44aT0A6YdPwiXQT231kc3HM6HLMQIA3PHbB0HUVXQZrBhS2Xw0A0BdFRKbkpw8xEzzRkG8dOmgLJAqEeQxj9WX7LsDqf77mbnI+mUVpWWoPKcg/hYSVmxESY5iZVcR/x4z93P2Lkj138/MXdPwqiQnD0VpGegxxQOmQwYyb7JeYCWCPJXzf1HEktImn3vkWBQktecfOR4Nsbjp1wKkQcgiH3/8d8luhfAKAHJzn2J3QChc3JYr3Od52rq6yqtGLgHUMh0DbbuvpNdJngtUKX9fJHt9tnwdjIQk9d/Ds72WafwszJi7XSG8AoALodfh4rYcafy6nZib87kAgMPHLwMAJJJSHDmu/v9zAJAUl0EiKcXnawMVxlH/GHVji45JhovbcuwOCFUIrwDg5yspmDl3O3YHhCg8LpaUyL2vfs7n5V43TebU2ijAamHGHAM8zC/E0cgkfPTVKSyd7orhjj3xqFCCb4KUyyZndxSjW2UxOvbvi07OToB2B2h36ABtDgfCvAL8V8cO2iNGoDw9AxxUgVtTyZy7PzQejwol8PUeje5mJnjT8yuM+O/e1pwuISpVCQQoWLMGxT//rHEAVf98fVtb6Jg3rqy+WiJBbr3fqhOijmwpoLODNeZOd0bQD3NYg5rjZ5OQmy8EUBdeJaWwfzPSVOqqqJxtX8O5ma8h8s1ERPSoe1tXeAaiA7tQLVEdlmlK0kDo9PX6CSpDLOYaxeU4fiYRPmte/qVLLaH058tqnzf+dMUL6zn1XJCj9JjB+6NhcS0Rr329q10EWQEB0h+Ghg4dhrNnzyks6zM2Nm5WnycPDw+MHy+trBCJpF+7so8jIyMhFAqZY7OyspCaKv3l36xZmv8fEhCwh6mgioqKVgqjmlP9ZG1trVAlJl/hxSYuLg45OdngcrnYsUPaODsyMkJhni+TivISFD5+CEAaYmkaSPUZOAZDx/wXfQaO0fhej7LTEHHkC0Sd+grZ91U3juv8tg0TyAiir7IGH+mHgpHqt49ZPmc7fybTy+nBhQjWc2TVQLIeU/L0uBw4+q5C59prVIoliJnuzRp2MefI7Yb44EIE0g+fVOoxZb9sERNyJW/eyXq9O377UHQ3HUa1lUvywVjcguXS/l1yiu5mIOPISaT67WMqz+SDtoSVG5XOAaRVZTlRvygtW6wUS5i5V4olzNwbEzjd8dvHWmGlx+PA8n3pkk5VYWRbE4tLcSHsBvOxRFKqFNI01odztjLBFcfIAF6eQ/HpYk98utgTToNsAQCfLZ5YV7VUlo2a3DOADgcd+jWtf5V294XQMhkCVIlR8+hHtccu8tkNQa76ILm+3QGhTMi3bs1MBB/7Ap8u9gTHyAASSSm+2l4XHE+aOIyZr5fnUOZx+ddhkopKqfOh15GX9w/zcUjYjUaNddGS3Y0OIBOS+Pjvkt3M/MzNX8Oniz2xbs1MzJs9ChwjA3CMDPDRnKZt4sY2p+aGpC8aBVgt7GF+IXwDo9DdzAQ8QwP4n45FWGwqOunrKh070qAcO9/rjuJub+L45d9RuO8AKv7+GxJJCb46/SuGPLVELvQRfy0FqY8ksPD4AHdez8JHVQIA0iqsTvq6CItNhW9gFH4PWonPprvA/3QshMXKv5EkpDXpWFrC7Icf0O3iRfTMyIDZ3r0wHDlS4/MNnJ1hceIEul+9iu5XrsDExwfaRkaanVxTg2pxy/ZrIf9uc6cPZn1cUFtRtearcKWlfDY9TbFtnYdCRZdNT9NG3Zd/75HK55yGvgN7n//hzZ3/B66hPvQzfod+xu+o+iMRogPfIXf8YEhOHWzU/epLbCCQ43I64odvpyH0mDc8x/SFeVfVQUtSShaOnWbv8/Uqe5akegmflhEHhl7sGwY0xdPPl6Fg1hSUJ/6m9Jyh19Q2D7Li4uIgrv23Wr7H04siFApx/br0h72+faVBmHxFl2x5HyBdPghIK5caE5qFh0uvMW7cuBZpqi6roOJyuejbt69Gx44f7wEPDw9wuVyIRCKFeb5M9PQNmX5WN385rjZYai4TU2sUi5+gWPykwaDMJdCPCaQSVm5UCFMK4m+x9qZyO3NQ4ZxU//1MkFN0NwPJm3fizUnjWRuZyzj6rsLgnZugyzHSKMiRv3/R3XSlpYt6PA7czhxUuF7G4ZPMuNIPBePBhQg4blzFBEt6PA5TuVQpluDKdG+FqilZhZnDhpXMOaZDBjLjLhHk4eLQsQqBUfqhYDxOTGauq2ruLgd2MWNNWLkRGYdPqjxeRhB1FQ8uRMBKRbN32ZJGWcP79uZC6HUmuLC1kW7mcSSo6RUyuwNCkJ6Rw1wvMmwLdmxfgM98vPCZjxdOHV+LiJCvFJbxVT/cD0AaQkGn6b9c0e4l7VH4/K+dao+TSEqxyGd3o64tWxLo5TkUH82VLqf7zMcL+/YuhZfnUOwPqFuWN3niMGa+8kHVJLnHVS31O3JM+gsoc/PXmMcaEyjm5j7F6rUHND5eWi1X91qsWzMT16/44TMfL3w01x3r187CHzf3IzJsi+KSz0aQzUn29wsAjhxX/4u21kYBVgt6mCfddbB/b3NcjPsTopIydDczgVBShpSMXOY4bk0lNr5egj3Or2PG1XzYRv0Df6PO2NhXF3t65mB/5xTouWRjcq/f4GP+BBJ0wJYOPdDr8lNczi9HNqeuGWVKRm5t3y1zbDoYhWOXbqJ/bwtpH668wrZ4GQhhZejmBrMffoBVWBj0bG0bda6OpSVMlixRuVOhPG0jI5h+8w20a5eNENIUskorNvx7j5SW8hkZ6iPohznwGttPoaJL3XXYwp+bv2epPQcAOphbwfTABRiOm6LweE2xGEXfbcQ/vsvUni+7T/0lfrn5QtYlimzsenfF1+sn4JfQT3ElZAnmTHViPY5/X3Ug96qqUdMMvdP7L34XyfKkeBTMntoug6y4uLpeTZpWKm3bthWdOhkwb1u2bFE6ZvXqVRg82Bnm5mbIzs7CzJmzmIokVcsIZX2j6i8fBIAbN64r3LNTJwPmuZycbAB1AVlD1F1L5sSJE3B3d0enTgYIDj4BK6tuStVp9QmFQmYppiykk1Wb7d0boNHY2qM+A8fA1MoOb73jgm69BrXYffT0DTHovdkYMXF5w8fWBj/2SxfC0MIMCSs34qcPpiNhxUZkHArG4J2bMObyGYUlbno8DsZcPgOHDSthbNcbqX77cL6vC05aD0Dyph1w3LBSqT+VHpeDLs6OCn2jekzxwJifzsDy/eFMkPPTB9OVlt7J7vnmJOnfhR6T2Xs8dX7bBhN+/ZGZS/KmHTjf1wXn3hmGorsZmHDjklL1Uo8pHphw4xLenDQexTm5uDh0LOK8lyPOezkqxRKMPB2oFMTJxm3z0QzocYyQsGIDTloPUHkf2dxlyxwBadgkmzsAJG/agYvvjlUKnmTPl+TkIX7lRli+P1xlk3zLUSOYirJU//2sx7Ql2XI1p0G2WL9Wupw4N/epwpKvxpCdxzEywKnjX8LSQnmDg/r9j6r/kf6/oW2qeUUjGy2Td4GOlkBZDusyQtm4AICfno2vtjX8Pb+MLFBKvJmuUD002MkOO7YvaHK4Iy8hic+Ef5/5eDHVW0eOR2t0vmxuP19JwZFjmoWQ0VeSmQDz08WeKvuDsX0eNVF/Tm7vOQDQfE6thZq4t6CH+dLAyNd7NI5GJmGCyzsY7tgTvoGX8TC/EMtee4ahhQ8gNjWHrW13XE26i49FT/ExgGfv5YCrdQ+lzwALax4qykTQ7gLkicVwyTYG5/lzVHZ+Az172KN7xn0s069GQqeuuC4pg7C4TOme15L/wsN8auRO2h99OztYBgUhe8IEVOVptouN/Lk6Fhaoys1lfZ7j6YnXliyhJu6kWRJTsrDdX/U3F2KWJup2vbsq9a46djpRZQN3AHBzscHxs0kKj0mKy7H487M4vndOg43QO6/YhNJrl1FTrLgcoyRSunTvNV8/AADHSJ/1/O27o7F9nfQHhsSULKxl2d1QExZmxli7zB38+wW4+btiBZe6HmCvokr+XbXP61hYqX2+OaRBVjz0nYbAeMky6Dv/R+F5Q6+pMPSaipKQsxB+/x2e57H/O9tS1IUz8mQN1mXk35eR7QIISHcy9PHxUbj++PEeiIyMVFhGGBkZCYB9+aC0+unFVFdpcq3s7CxkZ9d9LU2Y4NFgwCersrKy6gYPD+nX9fjx4xEcfAJ37tzB7du3W6RCrKWk3fqRWQLY2F5WTdWYJYd6PA7sly3SeBc8Gdv5M9VWWclzOejH+rihlTlcDvqhQiRBUVqG2gbsQ3ZtZm3cLq8pczG0MmeuWyGSoESQ12BzekMrczj6roKjr+pKK5mG5g5Iq93kdzA0HTIQM7J+Vzh2Sir7xgkyejwOpvzZvCV5LUV+addHtU26zc1fQ17ePwgJu66ySkiVNH4Wc71JE4dpHupIav/f4r7TqPux0epkhRo1zdzt7KxhafE6QsJu4GhQNOzsrDWa5+SJw/D93jDk5j6Fi9tyfDzXHV6eQ5sc7LCRhU4cIwNMnjgMg51sERJ2AxJJKc6HNvz5sLOzBpfTCTG/pGDL18Gws+um1Hi9vkS5fmCqljU2h2xO5uavYZSbI7hc6fg0nVNroQCrhXU3kwZG88Yp/jb69v08/M/RFF21nsJEpxJlVc8x1M4SgCX+qLiDd8f4AKjC6zwR8gWPYGDQEflPdPBud2f83eE87Aul39QKtDvCwIQHTvkzWFlbIjb5bwx3fEvpnsYcAwgltIyQtE/aXC50LSwaHWAJjx1TGV6ZLFkC4zlzqPKKNNqcxccBADU1QN4jocrQxbwrD84O1qzL7G7+Lm3aPmeaM8SSZwj78Ta271b/G6y5050Rcum2UsiVfr8AI72+x8Sx/WHXW7oEMTdfhJjYdHyx1B3ODtIf2LU5PBgvWIGiXb5K1y6JPIuOjoNhOH4anB2645fryjtGhV66jdBLDTeFljfQ7Vu8P9wWbi42MO/KY3p2JaZkIe+RcuWYqvDsVVUtVh/o6dm93eJjkA+yTL70hW69exp6TYWBmzskRw9CfPSgUkD6IsmHT5ruljd79mymgboqly9HoW/fvnB3H4XU1FSsXr2a2cEPkAY7CxdK35dfXqdq+WDfvv0QHc3+9czlciEWi5GVpVk/PHXXklm79kusW7cOW7ZswbZtWxEQEICZM2epDaBkvcTEYhHc3ZV/Sx8QEIDAwECNxtgeGPHeQNKVY9DS0kL5sxI4jZwDPX3DJl8v+/7NFq3gagt6PI7Guwe29Dj0eM3bWbExiu5mIG6BtFKuxxQPaVWXhg3dXyaypWmycAEAPp4zGlu+DkZiUjoSkvgNBiDy5Bt5OzfiPADS/lUNqCn8lTWUUrzOu6gpjAcqVf9fuP6LWUjjZyE9Iwdbtgejj223BnfF+8zHq3aXvmhIJKXYHRCK3QGhTL+r5gZZgtwnzDJFWZBkafEGnAbZIulmOr7fG6pR2LNj+wJ8OGcr0jNysMhnN+JidqkNEgVyDdtfZBgnvXbdnD6u7Z8lH5JqOqfWQAFWG1qYLMK3lSXwqn4AZNYlqrr2xdDO/hSGxt3wIH8AuveyxcP76ah++ge0Kr+DSNgDb/2WCQCQtc4N0e6C1U/pN9vk360sKQnVYjHKkpJQHBOjMrwCgMI9eyA8ehTG8+bBpAV6qZB/L00bsft84gpA2vTdyFBfKXja5h+Nbf6al13LKpfWblHuYSJrhN4QzgxviE8G4vkj5a8N4YFdMBg+Gm6uNg2GaTI2PU3VLiMsLilvVPDlNba/RseR1leeFI/8Ce4w9JoCY5/l6GBZV/2lzeWB9+kKcOZ90qJBlnxgtXXr1mY1PK/P2NgYPj5LsHDhAmYHP1kAJFtGGBkZqbCMkG35YENcXFwQGRmJ4OATWLduHWtFWFOtW7cOAQF7IBaL1QZQt2/fZhrQi0QiZjmkvMjIl6sPVrdeg2DEewMVz0qbVYFVUV6CG5f+Dzl/JeOtd1yaHYRViCTIOHISJTl56DLYkbU5uCDqKgoSktG5T2/W52UK4m/hcWIygLolc2xVTJpUOJXk5KFCLGGOKbqbgSL+PZQI8mC/dCEEUVdRxL/H3IttWZ38eOyXLmS9R+aFCFSIJHDcuFLh8YLEZHS2683cP/NcOIrS7kGPJ52XJkFb/TG+OWm8QjAl/zpM+PUSKkQSCKKvInnTDhhZmcNy1AjocTkoFuSpvF9JTh7SD5+E6WDFpZntTUISH0k30wHUhQuANDzZHRACSXEZLoReb1SA1Rw1ler//X9+Zwlq/vkVOiNS1B7H0FXdS4vL7YT9e5dinOc6SCSlWL02ECePrW3wkuvXzsJHc92xOyAUP8ckM69RdEwyTh77osEQTB35JX/yy/gmTRyGpJvpyM19qlGgyOV2wo7tCzBjzjZpr68l/hrNrSXsDpDuDs8xMlCo7vrMxwufrw3UeE6tgXpgtTDZMsL6XAdIq6RW69ogRLuLwnOv/8cF1Z0nITO7GvjnIgrvfoOu2hfBNXoOPbNJ6OzkqXB8iHYXrNa1UbhufVR9RV524pAQ5M6ejfzFi9VWXsmrlkhQuGcPsidMQDlf/Ta8hDTG4vku8BpbV/0wd7pzg+cYGeqz9oaS73HlNbYfFs9v3g/txgtXsD7+PF8AycmDsDAz1ugeRob6+Hq96h+26vfMash7w3rDzbX1fiv/Mmhod8GKBpYYtoSSkHPIfW8I/lmzTGnXQlmQZXEtATyfZdAyerFVDtbW1pg5U9rX5fr1OCxYsEBpx7zm7KA3e/ZscGurcgMCFPtAye9GqG75YEO+/LKuGszd3V2hrxfQvPEDYHYhVLeboGxu9vb2uHw5SuFt/35pw2CRSMQ0eW/P5Bu1m3Tp3uzlg3r6hjDiSSsXuvUa2KzwCgCK0jKQ6rcPmefDUSJgryLPPBeOjMPBrM9XiCRI9d+PmKmfINVvH9IPnkCq3z4kb9qBn8ZMx8V3x0IQpbhrecKKDfhpzHS1DduLBXn4acx0ZifBVL99SFixAal++3DO3gVxC5Yj1W8fc6+LQ8ciedNOhR0BZXNL9dun8h6pfvuQcbhuR7f0Q8G4OHQsElZskN7Dfz/iPlkGQdRVZByW7sZ4Zbo3ElZsVDn29EPBSPbdgaK0DBRn5zJjPN/XBQkrNjL9vWSvg+xaejwOekzxwJBdm2G/bBE6v22DYkEerqjYoVE21ozDwUjerL6ReFuTbwwuHy5wuZ3wfm01VmN3wONy6ip95JemaUTyJ/vjVSJU3XgPNQU/QsfxeIOXqSn8VaPbWVq8gW+3LwAg7Ye15evgBs6oO2/H9gWIu+KHTxdLf36WBkWNawovT34nSLf3HBQqoSZPHMb03/p+b6hG1+tjZ411tf3MEpPS1fb6srR4nXk/jf/idr0Wi0uZnSjfr106KDNqpCPTr0vTObU0CrBakGz5INvjxpy6Jp2rdW2wtcObzMdZWdfBNRsC6xGnwBtyFdq9ApGl+z3ERv9DjdEQFGb/xBwrH14B0qWCxkbKDUDVjYeQlwHXyws9bt5El+3bYTCocWX/FenpyJ09m0Is0izmXXnwHNMXV0KWYElt9ZXMkk9csXi+C4wM2ZfI2fQ0RdAPc2Bbu8ROXv0m7Us+ccWxvXMwaEDDvx1ka/BuOH4a9B3Yd00UnzqIyow/mfGqYt6Vh6Af5jBLAjW9NxsjQ30snu+CH76dptHxr5L6y/Xqq8rNUft8S2qrIGvHjh0YOlT6A9qJE0EwNzeDra0t3N3dYWbWVSl4qt/Ena0JujxVAZB8uAWo332QrfG6rHl8v379mJAoOzsLo0dLx+3u7s40ktf0WmxkoZqq3QSFQiFTXTVr1my4uLgovM2ePRv29vYApM3h27vs+7dQUV4CAHiUnYa0Wz8yHzdVT3tXfPjZQSbIammqqq6K7mbgpzHTocsxgtvZg3A7exBT/ryOkacDmR0KSwR5iFuwXCHEqhBLQ6b6Ox6ykR1rI9dnq8ek8Zh8Jw6T78TB5cAu5l4Zh4OZpXgA0LlP43/hYDt/psLYi7Nz4XLQDy4H/TDhxiXmuczz4UrBWIVIgphp0l0MHX1XwX7ZIgzZtRkTblxCF2dpSKPLMWIqxWRzyzwfrjYQA4CCBOUdBSvFdWFdiSCvwdeyrQhynyCkNjABgAHOi/CW3RzmTf45TZuBA9LgRBa2XAi7odDsXC1O7f9b4nohVpUIVQkTgbIs6Dhf1KhHVk3tNbQ0OHaUmyMTQl0Ivc5UpKkiH+ZxuZ3wmY8Xc76smqgp5HeCjPklReFz8ZbdHKavWGJSusaB4uSJw5gm8EeDVFfIvz/SkXn/RYZJR45fZuYUEnZDYT4DnBdBUiwthGnMnFoSLSFsQd3NTXD0UhKGO/ZUfNzMBA42FrgYV/eFf0THEmLo4Jvn96FbnQfd3JXQBSB8DDwpfhNaFQ9gbws8TAY66bwBwFApvAIABxvpjoP1XUv5C77eo5UeJ+Rlos3lguvlBa6XF6oEAvyzZw8kYWEanVstkSB/8WJ0/+WXFh4leVmsXTqKtQE7G1mfKXWWfOKKudOcEXrpNsTFz5CUkgUnB2tYmBkz1VoWZsaw2DtH4TxLM+UqHGcHazj/MAf8e4/Av1+A3Hwh+PekO/jZ9e4KrlFHODlYqwyY3vjuMAoWTEbl/TSFx2uKxXi0cAq67j+HJZ+4wmtsPySmKO506OTQXWG+x+qNV8aud1ckRa8C/34BklIeMo/z7z1ixmXXqyucHKwbbED/KtMy4qhcjlcaE43XWJ9pPSUh51AScq7BpYWi73dBcvxQs+9nbGyM6OhoBAUFISIiHJGRkUwTcy6X2+wlebNmzcbevXuZCqQlS5Ywz40f78Hs3NeU5YMys2dLg6MtW7YgLi4OOTnZzDI+WXjUVP369YO9vT1SU1OxdetWJpCTiYiIgEgkYsbBZtas2fj889W4fj0OWVlZL3SZ44vW/93JuHxyM4qeZMOqpyOcRs5VWzVVLHrSYDBl0qV77Z/Nq77SlC5XOeAtupuBmOne0OMYKTVxNx0yEGMun0H88g14cEEaRsav3IgJgwcq9XZKWCkNbtQtTQQUwyj5pumW7iNg6T6CudfjhFvIPBfe4PXUsXIfAWHt0j/56xhamcM10A8Xh44FAGSej1BoFB8z7RMI+ffgcmCXwvUMrczhdvYgCuJvqVwKmHleGj4N/m4T6/PyYZVMQfwtOGxYiVS/faiUFCPzfESz5t1SGhNKXQi7gc98vDRuyC5bHiaRlGLG3G3YF/CZUm+lNH6WwnI7bdMPUC25i+cP96NDX2mvvSaFV4JTQJVEGojpqK9Glh9vQlK62vBKkPsEq9cGIo2frbRUkMtp/te8bCdITewOCMWO2sqxhuzYvoDp9aXKKDdH2NpYIT0jBz9fScHqtYH4dpu3wjFicSnS0rMatdSvMbtYNmZOLYUCrBbGVvU03LEnLicof+Fd0JF+wz/qmWKZa4XJfOg/qitJ19PVYg2veIYdUVpeqRSYEfJvpGNpCdNvvoHxvHkoWLMGFenqfxMDQKNlh+TVoa66qKm4nI5qlxNyOR01CsNk7Hp3bdI4tTk8mJ36GaL930EUqPjDgCzE4s7whtmH8xWWQrJRN17ZfBozJ6Ko0/vuKAk9z/pcjUSMkpCzMPSa2sqjUiYfZHVe66uw/FGby0PndZvAnfcJhHu+Uzmfxpg9e7bKAAYASkvVt0ZwcXFhPaZfv34qzw0MDFTb2HzdunUNNoyXsba2bva1VDV3T0xMUnucutcNAJYsWaIQ3LU38iGUEe8NeHz0jUbn/P1nHLLv38S7YxYxIVV7Fee9DJViCXpMUh2UOm5chccJt1CSm49KsQSPE24xfZpsPpqBzPPhqJQUI2HlRhSl3VPoQ1VfUZryEjpV9xJEXX1hQU79Ki5DK3NYvj8cgp+vKSypzDwXDiH/Hro4O6pswM4WXr05aTyK0jIg5N9rMMRi02OyByrF0mWcjxNuqQ3JXiR+ejZmzN2m8BiX0wnrvpipECDJL1dzGmSLU8fZ+yMdORaFLV8HQyIpxYXQ6wp9mdSZPHEYEpP4CAm7AX56NlzdVmDSxGHMUrXomGTw07MxaeIwJijRtpyO6r92oib3DNB9IdDJqtHhFQA8v78DANChe+PCkP0BS+EychlTFcQmLS0LkuIyzJi7HZ/5TEQfO2sIcp9g9966Pk9N6eUkvxPkp4s9VTa/P3IsCjG/pCAk7AbWfzFL40CR6fWlZm5Mzyy5nl6Ta3eRFOQ+RXRMMiSSUkSEfKVRny9N57Q7IBRJN9MbPaeWQAFWCxNKyiCUlCksGQSAriYcfD57BL4JUlzXfkGnK5yN3sGzZ/Ho2BHozAWyMg/inR51xzwqfUspvAKARV5D0NVE+R99oaRM5bJCQl52+nZ2sAwKgmD27AZDrMYuPSTkZcdbuAJG46eiOOIsiiPOMM3da4rFEB34DqID38FguDv0er8Dvd5vw2C4Zt/0kheno/N/1AY+hVt9YeDm3mC/rNZSEnIOpT9HgTvvE3DmzlcYVwdLK7z2jT+Ml7D3YWuP4uLioKWlBQAYNky6dLGyshJVVVXo0KED9PT0lM4RCoVMk/Ru3bq16wqml9Ufv55H/3cna3y8XsdOuJ96DSXipygWPWmTAKsgIRnw36/0uKxnk0zR3QyU5OYDgNpG7Ho8Dmzmz0RKbX+morQMJsBy9F2FHlM8EDPtE1RKipFxOBiVYkmjwpv69+oyeCAeXIiA4OdrTbqGquvWZ2gpXQJoaFG3nFa2RLJSUozHCdLG8cZ2vRXOL4i/hc59bBQe6zHFA5372DDVW40JsSrEEujxOLBftgg5UVch5N9Dqv/+VgmwJJJSJCYpf886b9pGRcAAACAASURBVI67QoAVfSWZWdr1mc9Eldf7aK47Dh+/jLy8f3AkKErjAAuQ7vLH5XRilq5dYKnGiU9MgyD3iXRsBt2g3d0b1Q8DUXXnU+kBjQyvqvlfAs8EAOdtaFl+qPFYAelywJPH12K813rW5y0t3sC6tbOYyrIt25X7ZX3bxAoi2WvDMTLAR3NGqwxxuJxOzI5+R45fxmc+XhpdX9br679qenT1sbPGyeNrsdDHH3l5/0AiKcWR48pVej9fSdYowDpyTFpRxjEyUD9OH2Dm3O3Scxoxp5ZAAVYL83S1R1hsKuaNU2zcO2+cE/7vwq/gGXaEqESxEW6Jrj10Hb5F+m+7Yayfg65mVdDtbIEy3d4wd/sY6VeUv9HlGXaEqLgca+YqNwgOi02Fp2vzStYJac+0uVwYubmhUE2AZTBoEMx++KEVR0VI+9DB3Aq8hSvAW7gCz/Ny8Cz5N1TlCVAtEaG6WAwdMyvomFlA35G9bxZpWQZu6n/QqJGI8eR/n8D0xLkm36NaLHqhAViNRAzRnl0QHz2oMshqKvkeVnx+ukI4NGrUKNy4cR1r137JWr3UtaspxGIx67nybt++jb179+LECcUm5jweD5cvR+HAgf04cuQIhg4dplDddPv2baxevVppV79hw1zw5ZdfKuyauGXLFmzbtpV5PipK8QcM2TwvX45S2m0xKCgICxdKf8CaOXMWayVXQ6/Fy8yI9wYKCx6iWPQEFeUlyLmfDEPu6+hp76ryHD19QziNnIOKZ6WNbsyeff8munbr0+yG7o8TbuExS6+l+irq9V5Sx3SwcphSlJaBorsZ6Py2Dcb8dAax3suaXIEkz6jeLoQNzaWhsasiiJaGVfLLB2U9qopzchG/fD0T8Bnb9YaRpTm6DBkIq1EjWAMxPR4HbmcONirEKrqbAS0tLaTWBo5GVhYQ8u9Jq9By8pR2ZHxRnAbZqn1evkk3APD5WXAaZAsup1ODFUPrv5jFBBn1l/2pw+V2wvq1szBp4jAcOR4FQe5TZome0yBbjBrpiEm1FT4y2r1Wo/qf35hm7h2cQxsVXlU/lP6bpiNbglhPH9tuCn8qPW9njW+2eeNC6HXWYybXVpHJKqFk3N5zYCqy2HA5nZjPkXyTe6Cup5bsNVFXgdTHzhpenkMhyH2KNH62wnNu7zlALCnFYCf2vwuj3BzVzk12/UuhWxF9JVmhH5itjRX62FnjoznuSnO0s7VWmpsg9wm4XENmTuoMdrJjxl5/Tq2NAqwW1t3cBA8vKe9EaMwxwBD77lg+wxW7TsYqhFg/XK3CcPP/obPZINRwZuHtPvaQiIuh9SQG+fEL4R/ZC0BdSRbPsCOWz3CFy4C3lCq9AOBa8t9KARoh7UVJTAzEoaEou3lT7XHCY8dQmZsLfTs76NvZwcCp7u90OZ+P4pgY1vN0zM1hsmQJuF5t95sCQtqLDuZWMDSnZurtiTaXB86c+Wr7R5UnxeOfNcuUlu5p4p81y2A0cQr0nf/T3KEqaSjIaq4tW7aoXYYnLygoiAmvZB+zBTvh4eFYuHAB0ydq6NBhsLa2RlZWFu7cua2ycXtcXBymTZuqcJ6xMQ9xcXG4fj0Oo0fHYf/+A6zL965fj0NcXJxSUKVKQEDdD3XBwSewY8cOGBsba3Tuv0X/oZNx48f/AwB07dZHbXgl061X46us0279iJu/BMGI+wbcP1zfrMbuXZwd4Xb2oNLjBfG3cGV6XZ8a+Qqf4hz1IZCsWgmoW45XKSlmQjBDK3PW8ObNyU3v4SZfGaUO285+6lSIJEjZvBMVYgnsly5kX6aopYUJv/2o8TWL0jJgOmQgE2LFeS/D48RkZJ4PR7EgD7Yfz2A9TxB9FTU1NSj4re57T12OESolxbjjtw9Ddm1u1Nw0pWoJoCrra3en08QoN0eMclMfQqjTx866kb2NtJj3nt/5FB16rYKWxXTVh4v/xHP+OtQU/gYA6GC/W2Xopcm8J08chslyOzLWN9jJrtHLBPvYWav8HFlavNGoz5+q13L/3qUNntvQ3ABp8KjJcTJsfz8aOydNxt4aKMBqBfPGOuFoZJJSiDTcsSeExWXw9XaHb2AUE2I9Kech4o/nmKd7GJ0rgJyfgdrqdqRmvoHkJ3W/reUZdoSvtzu6m5uw9r46GpkEX29aEkLaVrVYjPL0dJTz+aiWSFApEKAqNxdlSUkNnyy7hkQCSWgoJKHqd93QMTdnQi5DNzfo2zV+jTshhLQm3qfLURxyVmUzd0C6dK+Cfxevf+3X4O6FAPBckIOna5ajPCkeRhOnaDSO177eBeH33+F5XuP6BcoHWcafLgdn7ieNOl+V4OATWLdunUZL9IKCpNVUsgbnJ06cUAqwhEIhE15ZWXXD2bNnFQIr+V0J6/P29oZIJAKXy0VUVDRznlAohLv7KKSmpmL16lUYP348a9i0detWjQKs27dvIzU1FVwuFzyeMXJyspWazf9bZd+/yYRQJl26Y/SHG1r8nt16DcLNX4JgyHu9xXclLIi/Bftl0vdlfaAeXIhA32WLVFb8yHpX6XKM0IWlGgtgr0BqqOcVG1mYpunug5rc43FCMooFeSi6m4HM8+GwX7oQDhtWKlVSWY4agQcXIlAplqjtQyWrPJORb86ux+PA7exBhYb0bM3bAennYszlM0qPXZnu3eDn5JUn17C9g8NRVD/cj5rCeDy/8ylwfwe0LadDy+Rd5vCawl9R/egnploLOhx06LsHWqZj2mgC5GVHAVYrkFVhsfXC8nS1x9HIJGz0HoWLsXcR+/vfAIBLD4Zg0JtWMKnQhoHec5hZ90BKyl84m1p3vuuAtzDB9W0YcwxYlwgKJWV4mF+I7ubKjeQJaU3aXC4MnJwUqqYIIYRIaXN54M77BKIAP7XHVfLTkD/BHYZeU9DJbTTr8sOymCiUxlxGSUjjlxwaek2FoddUlIScbXKQVbTVF+KjB2FxNaHR95c3dOgw3LhxXaMqrKysLNy4Ie1NcuBAIIYMGYzs7CyEh4fDw6OuyiMoKIipoAoMDFSqtlJV5RQeHo6cHOmSiR07diqcZ2xsjLNnz8HOzpZ1Z8OhQ4chKytL4yos2bLG8eM90LdvX3z++Wrs3bv3FQmwpMvImlJJ1VR6HTth7upTKBa17tbw9ssWMb2m4hYsx8jTgazL4zLPSSuqhny3mXlel2OkdFz9EKuxAVaFSILHidLeUza1uyLKV3+lHwpW2C2xQiRBUe1Og+oYWpjhlu+3zK6ED85HwHTwQOjxFEOyHlM8mB0XVfWhkgVMg3duUttkXlY99eBCBOvrkHkuXGFuMqZDBsLQwgwluflIPxSssFsjqcWy22AH0zGoEZySNmUvy0H1/R0Adiifq8OBtuV0aPdarfGug4Sw0W7rAbwqlk53xdFI5WoT38DLGO7QEyMce2G441v4fPYI9OtljowiLj680AfH4vVwNnsI1p2SYNp5e/wk6Il+vczx+ewRGO74lvQ8h56ITflb6dr+p2OxdHrDJdeEEPIqysrKwtOnT5mP+Xw+63GlpaVKz9U/t72oFopQdiMBZTcSUH7nbqPOLbsej2qhqMn3bq+vycuC9+kK6Nr20ejYkpBzePK/+cjubYkcxz4omDUFOY59kN3bEk/+N79J4ZU8Q6+psLiWiNe+3oUO5haNPv95rqBZ9wcAHx8fWFl1Q3DwCcTFxak9VrbkbujQYejXrx/GjRsHAEo9riIiIpjjNF3OBwB37txh3mdbImhtbY2hQ4cp3EOerBJs69atDd5LVkk2fvx4JnzLzs5q8DX4N+j/7mTcuPR/eJSdhr//jMOvP+5DxNE1+Cs1tsXuKet71dLVV/V1ftsGg3dKezQVpWXgynRvFMQr9pwqupuBxwm38MGPp5nm7YC0Qoqt/5QsxHpTzc6GgDSMkleSk4cr071RIsiD5fvDmfCoxxQPGNv1BgCkbN6J5E07UZKTxywF7Fz7HACml1R9hlbmGHP5DGw+msHMNWa6t9LyQ9MhA2G/dCEAae+thBUbUSFSrJ5K9dsHXY4RLEeNQEOG7NrM+jpUiKQ7Dlq5s19Ddu3MCxFK9yfA89tLWBu2a1l+CJ0RKdB59xdo91wJLZMhzJt2z5XoYL8bOu//DW27rRRekWajAKuVGHMMMNyxp0KI5X8qFpsORkNYXIbb9/Pg6z0ao4fYYd7YQVj/0fv4auEH0H1rKl6zGIyOVmPw1cIP8Nm0YZg3dhBGD7GDr/doCCVlmLf5FPxOxWLprjDm2kcjk+Dpas/aE4sQQggQHByM69frdtv5+uuvWY/j8/lIr7dBQP1z24vy1DTkfjANJeGXkT/dGwWLNNsNriQiCuIT56Bt3PRvLFNSUpCVldXk8wlgeuJcowOjGokY5UnxqJGIGz64kQy9psIsPBo8n2XQMmLf2r6lGBsbaxz8hIdLQyNZuDR+vDT4iYyMVFgWKBJJ32/sroGyv9f29qo3xDFW87Uze/ZsWFl1Y6qwVJH18eJyufDw8IC1tTVzT1mw9W9mxHsDTiPnIur0V/j9xjmUPyvGoPfmaNT/qj2Qr1Bio8dV/BrqMcVDGk69P5wJsS6+OxYx07wRv3wDChJu4YOfzrDuVKiqgboej6MyvJFJ2bwTMdO8mbeLQ8eiKC0Db04aD5eDilWgroF+TIiVcTgYF4eORZz3Mth8PANuZw/C8v3hAICC324qhVLylWKOvqvgcmCXtM+UWIKfxkxHqv9+hXPsly2Cw4aV0OUYIfN8OH4aMx3Jm3Yi4/BJxHkvBwC4nTnIWqnGRv51kFVcJazYgAqRWCEQlCf7HFaKJcg4rLx73avs+Z0lqCn8Vf1ug9x3oN1rNTo4X2TetHutbvROg4SoQ0sIW1H/3hZ4mF+Io5FJ6N/bAn/cy0O/XuaYt/kUjI0MMHfsIAiLy+Dpao/u5ia4lvwXhvZ7Ew/zCzHcQdrfarhjTwgl/8/encdHVV6PH/9kmclMMplMFhKyhwRIwg4BBdklkmolgNraCii2X/eq0NattS21WutSRVutlbaKQFs3CMvPCrIGEDAghC0ESMg22ZfJZDKTyfr7Y8wlw0wCKpIA5/168SJz73Pv89wRITlzznlsvPZ+JnHhQRw6aWThzeOYM3U4cx77F+AIXhn8tYwa/PU/NRXiYiqaPZvmEyfw1OnAw4OQX/1KaabeWlJCwYwZAES+9x4+yckUTJ9Ou8VCfFYWnno9tn37MN55J/FZWdT+5S+Y3nsP78hI4rZuBRy9tfLHOUoNzp2jc+7wN97ALzXVaT3+c+YQ9sILvfCOiMvBmjVr8PPz48CBA9xxxx34+voSEuLYGWjnzp18+eWXFBcXk5ycjNVqZc2aNVRXVzNp0iRSUlI4cOAAmzZtIiUlhZkzZwKOLK6NGzfi4eFBVVUVc+fOJSQkhJ07d7Jr1y5l7IEDB7BarXz55Zc8+uijgCNYFhMTw+TJk1mzZg1z585V7pWTk8OYMWOYPNm5iWfIi0vwm5WG8aYfEfbWnzG98U9su/aiv+M2/GalUfvHV/EZPoSWohJsO/cQ9KvFBP9qMeaVH6Kf7+iXVFhYSEZGBsnJyRQWFjJmzBh27drFzJkzSU5OZuPGjZw4cUJ57pCQEHx9fbFarezatYucnBxSUlKYNGkSO3fuxNfXl6KiIubO7X4r8Kudpz6A0L/9i/J5t/XYD+tS8tQHEPDIL/Bf+H80vPsPzO/+45KtbcGCBTz77LM9Bn66lvfNmjVLue6xx36J2Wx22z+qM5B1oTqDU0VF3e+8ZDpP9uLTTz/Nfffd22MvrLPZV2fLo+bPX8ATTzx+1TRzHzh86mUTsOo04NZZ5+2ZpPLXuS17CxyayJR/vOooyfuq3E2t93cbtOoU/4P08/apmvDKM4RNGKtkUwUOSeS2w5moA/zJ/3AdJRu3YSkpRa33Z8Cts4j/Qbrbsr3ODKqKPY4dFqNmTnda2/g/P0NjSanTsfjb0gkdP9blflFp05k9/hNKNm1zBOA6OlyCekk/nUf8benKmOb6BprrzST+5A6X+13o+5D003kEDk2ksdixzq67H7p73jG//SUt5gZU+ksbtO/L2g4/TEfFJz0Hr4S4RCSAdYnNmTqcQyeNZOw4wtKfz2HJso0UlNWy6EdTMDXYWPRKBtPGDGTpz+dw6KSRaSkDMVgc2VtL/7ODaSkDWfRKBnERgQAsvPkapj3wBu9uyPrqfo6SRHcN3YW41Lz8Hf/4h7/5JsY776T6ueeUAJb1iy/wjoigtbQU0/LlhL/5Jn6pqTRkZGDZvBn9LbfQYjTiP2cOnno99pwcx3ijEfPq1ehvuQVPvV6ZK27bNvLHjcO0fDn6W25R5vb86vd2s1kJpjVu2UK72ex0vRCdMjIyeOSRRwgJCWHTpk2EhISQk5NDSEgIa9as4dFHH1V68qxatYrGxkYmT57MsmXLiI2NZdmyZcybN08JegH4+voq921sbGTlypWkpKSwZs0a7rnnHlatWkVHRwdWq5WdO3dyzz1nd6wqLCzE19dXWdvcuXM5cOAAycnJxMTEsHPnTpcAVu3zS7EfPoZ6WDLmlR/SuGEjIS/8DuONtxMZG0Xt80vxv+NWgn+1mMYNG2mvN9Neb6Zh1dkAVmxsLF9++SWTJk0iMzOTkJAQ5T2orq5W1vn8888rwbjk5GROnDhBYWEhaWlpLFu2jOjoaHbu3InVanV6LuGeKnkoEes2UfngT2k5cby3l6PorUBW18CPO51lggEBAdx++9kdNj2+2v2ma/+ogABH8Ofw4SNfaw0xMY6Mrfr6ekwmk9sgUmeWVnfZXecLxnXt47Vz507S0tK+mvNssG39+vVuSxgvZ7WVBVQU5WAxV1Fb4XgPLfVVWMyOnlQ6fT+n8r6gsFjUPn4EhcbiFxBCUGhcr6y7U9cgUU9jfnC054xddYD/ee/Tqaf+T92N65q1FP+D9Au+R6funlMd4O/Sz8ovOqLbYJ46wP+8c1/IGLjw96EzuOYXHdFj8KrT+TLprkYeKj1eErwSfYSUEPaCUYMjWfj9a77qUTWFUYMjlPLCuPAg5kwbhsFf68jGeuxfxIU7mrAv/e/Zb3gMOi0FZbUY/LUcWvlL3v3tj8nYcYQ5U4dL8Er0ORVPPQWAYeFC5VjD6tUEPfww3hERNG7ZQmtJiXLetHy58rv+lltoLSnBnpNDv1//2nGtm50IzWvW4KnTYbjrLrdrMK9ejf+cOehvuYX2hgbMq1df1GcUl59+/fphtVqV11rt2ZLrzoyiqqqzjX1PnDhBSEgIsbGxSkCpqqqKyZMnk5KSQkxMDFVVVdxzzz2sWbOGjIyzZd1d7ztmzBiKioqorq4mJSWF5ORkUlJSlLVMnjyZ5AvYPTMpKYmkpCT3Jzs60N9xG1H/e5/WohLaTGYaN2zC8NBP8QpwBG7183+Ad2z0eedJSUnB19eXpKQkxowZA6D0uvryyy9JS0vDz89PGZ+Tk0NsbCzJycmEhIQo5ZdpaWlfu3TrauUVFU3Yyg/RzpjZ20tx0RnIity+95KUFnYtvzty5LDTucLCQjZs2AA4gks7d2YqvzqbtXftH9WZoVVUVMhf/vKXC15D10bwf/3rX13OZ2ZmKllgPfXWeuklR2Njd8G4riWCRUWFynN07b/1xhuuc1+OLPVVnD6yg0O7P6Lo1H78AkKIHjiWiTfdT9qPf8Ot97/OXY//h7se/w+33v86aT/+DRNvup+RE28leuBYOuigprKAL7a8x0dvPczHbz3CtjV/Jnv3x1QU51zyhuxCXOk8k5+T4JXoMyQDq5fERQSx5J7vsfQ/OzDotJgabMq5UYMcpX+HTpYSFx6kBLA6Lf35HBa9koHJYmPU4Eje3fAFJouNJfd875I+gxAXKuz55zEtX07tX/+KX2oqXv7+2LKywMPD8QtHsCrk179GnZRE84kTNG7eTLvZjPbaa6l+7jnw8FACW7YvvqC1pATvqChljtrXXwcPD3y72enQtHw5eHgoGVmm995zCqiJq8+YMWNYtmwZfn5+FBYWumQxnWvy5Mns3LmTjIwMampqAEhOTiYjI4MTJ05QVFREv3792LhxI1OmTFEylbpmYm3atEnJmEpKSuK1117Dz8+PTZs28cgjj7j02gJHAGnXrl1KgOtC+kwF/Wqx8rV28nhMb/zT8ec/QO8StPIM0GN601GC3lJkpN1Uf95eWGPGjFHKGAGnZ0xLS2PNmjV4eHhQVFTEvffey4EDB5zGiPPz1AfQ72//wr7vc0yvv4I969vt6nexdc3Iqn/9FRre++d3NldnFlZnUKpTZ9BHr9dTXl7hcl3//mFKGeGUKVNYsGABK1eu4MiRIzzxxOMUFxcxb958ZVfBdevWuQ1AxcbGcvPNN7Nhwwb++MfnMBgMzJo1i4CAAHbu3Mm99zoyC4cPH95jhlR6ejqTJk1m507XDKzOZ3nooYd46aWXXc7dd9+9HD58mOzsbKddEIuKilz68Q0fPrxPlxrqAvq5LROsrSwA3DdT1wWczcTqH/PVZgcTz54vLzqOpb6KwpNfUFtZSF1lIUGhcQSFxRIUGocuoB+BoTFK0/YL0WxvpLnJilrj+7WuE0II8d3x6Ojo6OjtRVztTA02JQg1enAUs6cO49BJIwVltcqYOVOH8+6GL1h4s+OH87U7jnLwZAkGnZaFN18jzdpFn2ScPx9bVhaR772HaflyGrdsITojg4bVq2kzmwl74QXazWYKpk8HDw/itm7FsnkzlV9lbIU89RSGhQvJT0khcuVKfJKTMa9eTeVTTyl9rE4nOlLDw994g7KHHkJ7zTVErljhNHd7QwNVzz1H3LZtAJQ9+CCNW7YQ+d57aK+9ttfeH9H7CgsLKSoqIiQkRMl6ysnJITk5merqahobG/Hz86OxsZHY2Fiqq6uVkr5+/foREhKi3KMzU6nzdUxMjFPG0V133cUdd9xBUlKScry6ulqZLyQkRMlsOjfYk5OTo2R9da6nXz/HD3NVVVXK/dpN9diPHEc7eYLT9a2FxVh37kUVG4V28gRsO/fgM3wInoYA5RpVTBQtRSXK8a7vRWFhoct8nWvvfO/++Mc/MnnyZCZPnqzsSBgbG6u8R/369VOeQXx9jas/wPrZpzTt23PBpXs+48aju/WH+N3yQwAq5t3WYyAs5uQ33z2wraQY01/+TOOaj77VvXx9Hd/PfPrpRqdgUmJiopLl9Ktf/Zqnn35aOeYu6APw2GO/5I033gCgtLQMg8FAdnY29957D0eOuC8j/PTTjbz//n955513mDRpMps2bQLAZDKRljaz2+uGDx/Oxo2blMDRs88+yx//+JzTPcCRrfW976U5zWcymfjRjxzljzk5J9xmKnYG4+bNm8+yZcuYOXOmUnLo7hm+zi6LfcHx/Z8QM2jcRd0NsLaygNqKQsfvlYXUVhTQ0myjf/QQ1Bpft+WHHTh+LNLp+ynBLyGEEBeX2ezYeObgwYMXfM3o0aMBycDqEwz+Whb92PFJVEFpLUv/swOTxZGRZdBpqW9soqC01pFltexTDDpHT6zZUyWVU/Rt3pGRaIHar0o1Qp9/HlVkJC1Go9ILy1Ovxy81lVajEcvmzehSU6l+7jnaLRb0t9xC4+bN+CQno4p0ZCaqIiPRjhtHq9FIa0kJ2q+auGuvuQbDnXdiz8nBvHq1MjeAbd8+dF81cu8c224207h5swSwrnKxsbEuPyx2BrI6ez51fn3use7u4e6e4PgBvLOvTaeQkBCnzK/uspTOLSnsOq7rXJ6GAJfgFYB3bDT6LplXXcd0vebc7KzOec99vnPX/vTTTxMSEkJKSooyxt014pvzu+VsIMr22ac05xxz9PbLOeY0TnPtBLyjotGmpuGpd86kUycP/c7W5xUVTfALSzE8/AtMf/nzN77PpEmOP1MBAc5rf+mll5TyvdjYWLKzs5U/Zz/72cMu9wFHA/TsbEcJXmZmJunp6YwcOZJ9+75gxYoVZGZmOmU0dt5vxIiRfP/732fo0LPfZxkMBuW69evXKU3bDYYAZs1Kd8m8io2NZdKkyYwcOcLp+JQpU5g3b74yb0BAAJmZmUyaNLnbvzsAfvazh8nMzFR6Yp17367Ofe8uB2ofv4savAIcGVihcYBztldtZQHNTVaX8UpmlxBCiD5LMrCEEEIIIYQQQgghxHfu22RgSRN3IYQQQgghhBBCCNGnSQBLCCGEEEIIIYQQQvRpEsASQgghhBBCCCGEEH2aBLCEEEIIIYQQQgghRJ8mASwhhBBCCCGEEEII0adJAEsIIYQQQgghhBBC9GkSwBJCCCGEEEIIIYQQfZoEsIQQQgghhBBCCCFEnyYBLCGEEEIIIYQQQgjRp0kASwghhBBCCCGEEEL0aRLAEkIIIYQQQgghhBB9mgSwhBBCCCGEEEIIIUSfJgEsIYQQQgghhBBCCNGnSQBLCCGEEEIIIYQQQvRpEsASQgghhBBCCCGEEH2aBLCEEEIIIYQQQgghRJ8mASwhhBBCCCGEEEII0adJAEsIIYQQQgghhBBC9GkSwBJCCCGEEEIIIYQQfZoEsIQQQgghhBBCCCFEnyYBLCGEEEIIIYQQQgjRp0kASwghhBBCCCGEEEL0aRLAEkIIIYQQQgghhBB9mgSwhBBCCCGEEEIIIUSfJgEsIYQQQgghhBBCCNGnSQBLCCGEEEIIIYQQQvRpEsASQgghhBBCCCGEEH2aBLCEEEIIIYQQQgghRJ8mASwhhBBCCCGEEEII0adJAEsIIYQQQgghhBBC9GkSwBJCCCGEEEIIIYQQfZoEsIQQQgghhBBCCCFEnyYBLCGEEEIIIYQQQgjRp0kASwghhBBCCCGEEEL0aRLAEkIIIYQQQgghhBB9mgSwhBBCCCGEEEIIIUSf5t3bCxBCCCGEEEIIIYT4OmwNp7BZTmNtOEV7qxW7zQiAtzoIlU8wKnUQWv9B6AwjLSsr2wAAIABJREFU8PTS9vJqxcUgASwhhBBCCCGEEEL0ee1tNiymw9SUfoKnlxadYQRtrVaavwpeAbQ219LaXItP6DQspmyqij9CZxiJPvhatP6DenH14tuSAJYQQgghhBBCCCH6NFvDKcoLVuLrP5DoxEfwVgcr52q7BLA6BYZNU8aYa/ZSXrACnWEkwRE3SUbWZUoCWEIIIYQQQgghhOizzDV7qShYBUBY3IILuqZrgEsfPB671Yipcju2hlNEJT4qQazLkDRxF0IIIYQQQgghRJ/UNXgFjkysnpysDOGz05OV1yaLHQCLKRsAu81ISe5rtLfZvoPViu+SBLCEEEIIIYQQQgjR65qbTNSWZyuvzw1eAVjPCWD5+g+ivCGI8oYgSut9GRxazX8y69l+sIilH+5n6YdZ2G0ltDbXKdfYbUaqij9WXltMhU7zir5JSgiFEEIIIYQQQgjR6/IOraCtrZKg/iNpba6hqni1yxh3GVgHiyN4ZUMrJksLw+P8mDoijKUf7Qdg6cMzMFdvdrnGXLNPaexecPSfeHkHEdR/5MV/KHHRSABLCCGEEEIIIYQQva6trRJ/gz9FJ9bRLzKZ4IgbXYJYNstpp9ee3lpuHHKUG4dAvimBd7e3s2pbKXUNTQwID+DuP31CVFA7yZHjmDjgGBEBVgAModNoa7NRW56N1t+bVrv5kj2n+GYkgCWEEEIIIYQQQoheYTEVcnjns0QNmoVG60Nbaz1lpzdQmreekVMe7+aaw+gMIwDw0UZR3hDE33fEszunkYJykzLu0OlKp+tiw2JYfl8REQFWfHwjOfHFclQ+gej0rfgZBpB3aAXWhjz6RV9P/7gp391Di29EemAJIYQQQgghhBCiV+gMsRhCgmm2folKE0x7m4rwARHoAsLR+g/CzzDc5ZquZYQmi5073+rPkUI7t0/S8/1rwpRzowaG8vJ9KWx4wsYHP1czLNaPA4VhaHUD0QePx8dXhz6oA3tTCx1ttdhtx1CpWwjqP+KSPLv4eiQDSwghhBBCCCGEEL2mvU2NvamOlmYbKrUWu7UOL+8BAIRG30phwyna25qU8V0DWIdOVTAx2Z+21kb+/mm1susgODKw9Fr4Q34Ai27q4NXbD+DppaH/gCe/mldFc1MFXt4GrBYTHR02PDyCUWsMl+jJxdchGVhCCCGEEEIIIYToFbXl2ZSc3kp7G/hoA2hvb8PT05f8o+9jMRXirQ7GEDrd6Rq7zUh7mw2AaaNjMNs8yClVYbLYuWNamNPYqGAPfjlHz+8/bCG/LoHgiJvwVgcDUFm8i7ZWfzra22lrbQGgtCCLohPrLsGTi69LAlhCCCGEEEIIIYToFTpDLPFDp+Cj1dNBKy3NTah8tAwckYbOEAvwVdAp0Ok6a5csrJEJgei1HUwaGsSQKEeYY+rIaAD+vb2CBROruP/G/hwuT3QKhkXEj0Hjp6atrQ0fX19Uaj0xieMkA6uPkgCWEEIIIYQQQggheoVaY6CjQ0NHhwlTlRFjXhYtzVW0NLc7jesXfZvT60ZTtvL1fVNOUVTVxPiBLVia1cSG6Zk2KoZNv9MrY/5v4pfcMD7F6R7t7Spa7DU0WeswnjqABzbsVqs0cO+jJIAlhBBCCCGEEEKIXmExFWKqMdLa4okuIJT+saNobfHEXFdOffVhpVRQZxiBVjdQuc7acNr5Rh0djImp5K6ZSSz9WSptrWbi9McJ8POhpAbi4tMYNTBUGd7eZqPamENbixpdQCiG0AE0N7dgb2qmvCDzkjy7+HokgCWEEEIIIYQQQoheYTEV4m8IxNs7EJWPF15eGlRqPR4eVtpaqykvWKmM7T9gvvJ1a3Mtrc01AGj9B7H2F9WMjath8IBEDDofmm0VALw0r4moYEcZYqeKghXUVWxDFxiIWhMItOOj9cdbpcPLq53mJtOleXjxtUgASwghhBBCCCGEEL2is1xPrfWioug0xvy9eHnb8A+MpaO9iUbTYWpKPwHAWx1MUPiNyrVd+2D5etfg6aXB00vrdP9piUanwJepchvmmi+w20rQ+obR0WGm5NReLPWVqNQ+aHz9Ceo/8rt8ZPENSQBLCCGEEEIIIYQQvaa9XUVTYzUBwVEEhyfS3NSCt7celU8QALVl/8NcsxeAwLDpSkN321cBLC9vR9DKRxvlcu+g8BuV4+aavVQVrwZApQ6mvd2b1hY74QPGAWC31dDR7qU0jxd9iwSwhBBCCCGEEEII0Stqy7M5c3Qdra1eaHUBqNS+tHdoOLb3X3h6+SrjqopXY7eV4OmlVRq6W0xHgLOBKx9fx+82Sx6e3lrU2kildNBcs5eKglUAeHpp0PoPouzMLjw8dIAnWr9AWlugtOAAteVnG8SLvkMCWEIIIYQQQgghhOgVQf1HkjDiRnQB/WhrseOj1eGBByMn343OMILwhHvw9NLQ3maj9PQy2ttsSkP39jYbdluJcq/O8sEmSx7trTaldLBr8EqtjSR2yJPoDCOITBiPWuMHdKD20aD1CyR64LWSgdVHSQBLCCGEEEIIIYQQvcbTM4CmxnKsFhOW+ko8PGw0Wa1KsCp2yJOotZG0NtdSkvsaAP1ibgUcZYSdpYa+/oOw20pobWlA6z8IH20UdluJErwKCr+R2CFP4q0OVnY3bGkuo76mmPraMtraamhrbUetMfTCuyDOx7u3F9BbGgpLyd+wnTPrtwGg1uuw1zegj42goagMgAGzphN/8zT8YyN6c6lCXLZ2HDGSsSePQ/lVmBrtZOdXXdB1I+P78ejsUSxMHeJyzmSxs3hZJofyq8jOr2Lq8CjmTEjg0dmjLtq6TRY7r607REGFmWnDo7grNfmi3VuIb+Pun7zF/gP5yuuxKfG886/7e3FForc1PPAIzRv+19vLEL1APesm/N98rbeXIb4mc2Uex7e+1e15bx8dAWEJ6EPjCRt4ndO5Pf/9JR54KK/9Q+MZev0D571/1LAbKD66yelagPE/eumbPoYQF11Lsx1PL/APDKO5yUpri5nGhgqqSnZgbzxE2ID5RCc+SlXxR5hrvqCiYCVhcfMxhE7D2nAKQ+h0AFQ+QdRVbMfDS82h05XYbSWU5L6OtzqQ/nEL0PoPwtZwivKClfjqJ2DM20fUoCQCgqPw8lbR3GSmpVl2IOyrrroA1omV68lZsRZ9bAQDZk3nxv++go/BH4BWawXevmHK2Pz12/jiubcwF5aSvGA2SfNn9dayhbisLN+cw5JVeymsNH+j67Pzq/jJq59RUGFmybzxynGTxc7oh//tdN8dR0rYcaSEQ/lVvLP4hm+9dpPFzoCfvEN9ox2A5ZuPs/1IyUW5txBCCCGubi12CzXFh3scU3H6cwD0ofGMnbMEbYDj55Pa4iNO4zrouKD7B0WPcLlWiL7EYiqkrGA7EQPG0mK3olKraG3VYAgOpLXZgt1mpCT3dYIjbiLsqyBURcEqtP4DCY64icLjzyv38lYHYzFlExA8m7qGY5Tkvo7WfyD94xbQ3malNG8ZjSbH/yOtzRbihlxDi91GW7sdH60fdPhSXXaU8oJMZXdE0XdcNQEsY+Z+dj7+MvGzpjF34z+w1+fTULyZikOraa7PdxmvDohHP2A4k15aiE9APNl/XcWatP/jml/fT+SUsb3wBEL0fQUVZuY+u+GCM63OZ/nmHKcA1qK3d3QbFFu++Tizx8czZ0LCt5pz7rMblOBV13s/OnsUo+L7fat7CyGEEEJcKHNlPnv++xiTF76JykfX28sR4jujM8QSET8ZHx8bFnMVPloDbS121Gof8FQB0N5mo6r4Yyymw/SPm0fMkCcoyX0NH98ogiNuwtZwCn3wNdhtJeiDx+PVrIeONoIjbsQQOp2a0k8wVW5XygY9vTTgqcLDoxVf/yAs9ZXYbVY0vp6ERg2X4FUfdVUEsLL++HfMBUbmfrqM9tYzFG1/mOb6fFpb/GiwxlFdfj0NJi+Shp3GmD8Yn4B2/ANKCaxfiylvLeqAeAb/6B6S5qfzxXNvUbrrAON+dV9vP5YQfcqh/CqmP/mxS/Dn2+garNp+uIT3tuT0OH7x25lMGx6FQefzjebL2JPHjiMlbs8dyq+SAJYQQgghLjr/fvEANFS5fqhuM1dQcmQTA8becqmXJcQlpfUbTGvzcQKCI7DU16ILCKLF3k5biwcJo17EYsrGYjpMo+kIhcdfICxuPgOGP0N5wQpCox29sMLiFmBrOEVg2HQsx9bj4emDjzaKM0d+R2tzLd7qQPTB16L1H4TOMILygkza2zxp82ii0VxNv4iBNJrr8FYN6OV3Q3Tnig5g2U0NbLnvd0ROTmH6G49T9sWz2KqP0NAYz6mjN3BsRykAwdFtBAZraG31xXjChpdWS22lnuamFBJSghg6No/m3U+hDRnOxD8+zcn/bmXLfb9jxt9/f941WG1NfJ51gOCgQHw1GnLz8klMiCdxYDzvZ2xg8EDHP1jFxlLS01Kpqa3jvxkbSJ0y0XG8tIzUKRPJPZ2PtamJ0cOcewIVG8vw1WoAOHj0ONER4QD4arVERzq+rqmtIzcvn+DAQGrq6ig2ljErLRWbzeZ0TU1dHdeNS1Hm8tVoqKmrIzgwkMSv1vl51gESE+IJDgpU1lBTW0dRaZnL2sTV47sIXgFMGRapfL14WeZ5xxdWmlm69qBT1tbXsfjt7ueQ4JUQQgghvgtDZ9xPcPRIWuwWjm95i5JjnzmdLz/9uQSwxBUvOmkWZw7nYa6rRO2jw2ZpRK3xwVqfg6dXOr7+g/D1H4Rn3ALMNXupKf0Es08w/eMWKDsPAmj9B9HaXIM+ZDztbZ9RXrACnWEk+pBr8dFGOc1ZVbwVtbYNc50ZtcaPRnMtGr8AIgfNvdSPLy7QFR3A2vXEy8TfPI0B6cMo2v4wtnorOfkzsZa2cSqrFB8/DeHhOkynS1Drw/E3VNNwpglwbM8YNiiW0/tr0WhjaO+IZ9jIzZTsfooB6YtRG/zPG8Sy2pp4P2MDt8+5WQkyJQ6Mp6a2DnAEn26fczOAEvyprq3DZmtSAka5eflsztzNdeNSePnNt12CRJ9nHeD2OTc7gk42m3Jdp2JjmTKmU01CHb5aDcXGUg4dOa4Eyzp1DbIBPPnsizz24D0EBwXy+RdfEhwY6BTAOnj0OJ9nHZAA1lXKZLF/J8Erva+apfdNBeDdzccvuCzxmX/vY2HqEOLC9F9rvp56dk0ZFikBrKvMiROlWCyOfw8GJ4aj99ee54qeZWXl4eHhgU6nISnJ/cYgnXP2NOZC5wkPDyQyMvD8F7iZv9PYsfE9jBZCCHGxqXx0jLzpl9QUZ2MzVyrHW5oae3FVQlwa2TuexdOrgcDQKDw8vGlustLS3Iy3qoPa8mza2xrIOraLzFNR7D3lhckSxqHTlcT1X05c/wBGDQzlru8NZ9TAULzVwdituXh6aRkw/BlsDaewW400mo5gbTiFf9A0vLwDUKk78PLUoAtQ4eXlhbdKjbmukuwdzzJx9rLefkuEG1dsAOuL594iZPhgBqQPw7j7SWpM/ampG862dTWk3xpI0XEN+o4mTKdNhMQEkzzdiEezmWl3JlNxoBlzExhPFRIWE4Z/EBzc3Ija53riE/Zh3P0kkVP+REPhYLL/uoqRP5vndg3vZ2wgceAAJXjVqWvw53xCggKx2prw1WqIjogg93S+Eliy2prQnnPvc73xzgp++4tHvvH8ACGB3Y/vXFtwYKDT2sTVw13PqHONGBDytXpTxYXpmTM+AYPOx7HrYA+ZUe7c/epnbPvTrRc8vqDCzGtrD3V7vjOQJq58K1buZOWqXZSW1jkdn50+lscfn8Wjjy7vdhfA4SMfd7rmgftTAVi5ahcNDWcDQ4mJETzx2CzGjUvA3GBj1apdrFi502mMv7+GBx+Yyfx5k867ZnODjRdfXM/WbUdd5nng/huYcf3QHq9dtWoXGWv3uzyzv7+GBfMnM2/eJPT+WozGOr530/NOYxITI/jog0Vu733u+6HTadiz+5nzPo8QQlzttAFhTgEslcavF1cjxKUxLu1l9v3vXuyNlWh14VjqK1GptXh42MjOfJrw2EmEx/+E/73//8jOMyrXFZTXU1Bez/ZDRSz9aD9x/QOYM2kQHR2tFFaY+Gjdq8rY3MpgfvL9VIpyPsCYt5mYwdfS3K6ivqaE0OjB2JvKsNvaGJcmO3T2VVdkAMuYuZ/q7Fy+t+oPlOx+igpTBCVlwyk5aeX6uYNQ+xQRHamj+qSJhOFRhA9qQdPRgvE/oUTeuZ3mkOlYDuSTPHoA9c2ttNvVxI/yZt+6MppnX0dkVD7eB19l+H3Ps+2hFzFm7nfb2D03L5/0tBk9rvVk3hkAtBqNUvKn7VISmHv6jJI9lZ42g3UbtyhBokNHjzFxXIpyr9o6k3K/qIhwio2lhAQGugTQurI1NSnXBAcalOCWtalJKT287pox3Qa9cvPyGTVsKMGBgXye9aUEsK4y724+3m3PKHBkUWX8ZhbTRkR1O+Z8lqza+7Wzu3YcKWH74ZILnnfx25ndznHnjGTJvrpK/Prp91m3/oDbc2vX7edEbimlpbUXfL9zA1edcnNL+cn//Z0/PPNDVq7aRW5uqcuYhoYmXnhxHR0dHSyYP7nbOXJPlvK9G5/vdp5Fi5czf94knng83eW80VjHo4uXu52/cw1v/u0ztmw9xr/+eR+RkYEMHhzOyZNlTnMYjXUu2V5bth5zud/107sPpAkhhDjLXJHn9Fof+u02qBHicjF6+ovk7FtCU0Ux+sAwys5kExgWR/TAFNraTfhbNrLs51N47O197Mgudro2NkxPXP8AALYdLCI7zxEE/sErjvMjE0L52exEWupPo/XzZvDomdgaa6gxniYsJhGruQa1TzAJI+ei1hgu6XOLC+fZ2wv4LmT/dRUz3n6Gii9fpbWxnG37kmjz6CD/WBUBqjIqiv0I7O9BSHQQzQWFGGIPUf9FMJ5qH9orRqILMxEapKExN49B45o4s7MaQ3ALAaF6jEUe5Bck0lBdScXBV5n04mNk/3WV23XYbLbzZjt1dHTQ0eG8Ba6vVss7//mIk6fzufvHtykBqOCgQKw2m1KCaLU1Od2/o8P9/Xqcnw7lGq32bIlMTW0dz/z5dRIT4rmuS5DsXFt27GbLzt2czD/Dnv1fKmsTVz6Txc7vV+3r9nxMqD/bX7jtWwWvDuVX8fq67jOj0sd3HzC9+9XPuj3X1fbDJazdm+f2nN5XzdJ7JfvqavDm3zZ1G7zqlJtb6jZQ1J3zjf3Nbz/oNnjU6W9vfYa5wdbjHOebZ+VXGVZdmRtsPQavusrNLWXRouUAzJnt+mHN1m1HXY5l7Xf9f+r664eddy4hhLiatdgtZP/vZVqbrcoxb7Uv8Snu+1+12hupLT7s9Mtc6doIXojLicVkxTcgBG+1lpDIZLR+/bBaTNBhobJkI9q65Xzwm1TeeeImAO5KG8bBv0wl8/eRvPeAjvce0PHpbxI4+vYsfnfXRGXMphe+z8SwTIynP6C1tZ4mqxUvLx0hkUPw8PRB6xdEg6kBnSG2Nx9fnMcVl4F1YsU6QkYm0t56hsbyvaw5dCuh/Vo4ktPBxLRoOqijtVFFzPhTeJtjaVf746EqQFVrg6I82o8PQjW6FWtxBZEpQ9H4lqHW9cdiVjNyupojx31A1cLOY9eTqlqHIf4MISMT3WZhDU6IP29ZnbtzwUEGUqdM4uU333a5PnXKRHZ/1Ui9s/l61+u6jo2OjKC4tOcfTnw1WrdriI4I55cP3ssb76zglw/e6zaL6+DR49z949uUIFpwoIHdWQdIT0vtcU5xZXh38/Fue0Z1Zl5928ylnkoHf3vHtSyZN564u/9FUWWDy/nCSjNLVu09b0P3ngJdi+aM/sY7GorLh9FYx9/e2vyd3T883EBDQ5NTf6kL1dDQxNatx9wGjr6OF19ax/XXD1V6ea1cudNt8GrwYMe/K12zrACy9ueTsXY/108fxosvrXc+l5XnkiWWleUcwNLpND2WMgohxNVs738fd3vcW+3L0BkPoA0Ic3veXJnPnv8+9l0uTYhLSq0xEBQ2BC8vE81NpfjqwrHbminM2Ubc0BmERg+mvcVMzrafMSwgmtzli/Cq244uIBA//Uine+mAn0w4zR3X30Fb+X8pPLCNwBAtYdGDaTTXUHB8B4PHzMJHo6HZVg3eevz00ZJ91cddcRlY+eu3MfKhedSeWEVtUyQn8n3Q+rThp1bTL7Ce2gpfAvybAfALsKMNcgRmWvIc32y3W1tB1YQmNAj/+GaaqkNJma3DXO6Fl1cLwYFedKDnVL6KuqYoanP/zciH5nFi5TqXtVx3TQrrN275Rs/hq9Xw0N0LeOe/HzllNSUOjOfk6TMcOnr8vOV6vloN141LYXPm7m+0hujIcFKnTOT9jA1uz588ne+UATZq2FC2fMO5xOWnp55RS+aN/9bBq4w9ed2WJ+p91SyaPRqAdxfP7HGNBRXug2wASzMOdhuEiwn1V+YQV7a167Jcjul0Gv7wzA/Zvev3fPrJU0o/q6/r8cdmsenTX7Fn9zOkz3KfzZo+K4Xdu37PkewX3Y45cQFZUvPmTeLTT57iSPaL/OGZH6LTOX/o0NDQxNqvsrDMDTZWrtrldH7w4HA+/eQpPv5wMR9/uJgP31/kco916/YrZYRdbdt+3Om10VjnEgCT8kEhhPh69KHxTFn4FlHDuv8+R4grUfL4ReiCrsdu86KhvpoOGhk64TZUKi15h7cCEBYzCEOIP/aifxMYPgo/fSQWUyEAzXYzjfXFqDUBBPUfSVtZBj4aE356b+x2M2eOZeKj1TN84gLoaMVqrsbTMxAv78Ekj3ff11P0HVdUAMtucmRheKmt2GqO8snJaQAcPOyJXm2mucODU1mVhA6oob4ykvBr9xI93fGDi9/QAQB4x7Tj6VdC1F2F+MR9Sf0ZoKUWz44W6mu1GPytnDnmSOv9f1+Ow1Z9BC+11Wn+TqOHDWHGVEcA6NDR45zMO8PmzN3knj6b2rt+0xbl17mCgwK5fc7NvPHOCqfj3fWkyj6ao9yrc45ZaanU1NaxbuNmTuad4WTeGdZt3IzV5sgEqKmrU675PMu1fKazfHDdRkd2Qmd/rmJjmcsafLUaRg0b6vY+4spyKL+qxx37Fs359oGfnrKvlt43FYPOhyWr9jJtRFS3pYT1jXaWrNrr9pzJYuf3/+6+BPLdxTMl++oq4a5f0+tL72LO7LHo/bVERgby4AMzmXcBDdW7Gjw43Ckz6blnb3cZo9NpeOKJdCUz6rlnb3cJHOWe6DmA9cD9qTz5eLrSh2rO7LG8vvQul3Fr1zn+bl67dr9L2eFzf7jdqY9VUlKES9+srP35mBtsbrPBumZcSflg36Uaf43bX990nBDiu2OuzCdz+QOUn/q8t5cixCXXP24KfvoUWputaHwDaWq00tLciEYbgNlkoa3NQqXRSOTgm2hpqqfRXEJQ/xFUFm6iNOefBIY5vu9orC8mYdQC6qpstNhb8PTU4OmtpaNdhbm2BB9ffzy9/GiyeZMwakEvP7W4EFdUCeGZ9duInzUdS9keAP5fppXhEVoK801MHKWivEJHzBAPUJVTdcaX8AFQuX4YhmFqfGbmoE6JguAyzPvG0GZtI3B6NiqdD7UVaiITmsjaYSVxqh4Ab7U3XxyyMv86sJTtIXLyWM6s30bSAudv+EcPG8LoYUOw2pqw2WwMThignPvlQ/e4PEPiwHinzKrO67ty15MqcWA8v/nFwy7HfbUapQl87ul8oiMjlDUkDozn+addU5bPLQG8+8e3KV8/9JOz/2N3Np3vbqy4cr372fFuz52vZO9CLFm1t8cA2cLUISxZtZdn/r2PacOjWHrvVNbtdd/z4b0tOSyaM9olI2zR2zu6bdyePj7+W/XuEpeXc7OFBg8OZ9w414a5Dz5wA6vOyVzqibuSOZ1O41RKmJQYoQSvuh7rutPh+cx30+R93LgEtw3XAYylrr0KLZYm9u/Pdzl2rtwTpW7LCLdsO6a8Z1I+2HfpP3Tfs7MmetA3GvdteQ9Nxv8ff8MzKhKADrMZ26t/wfaPdy/qPEL0dVFDb0AbEEaL3ULFqc+VHQhb7Y0cyPg9I2/8hdtMLP9+8fQfdJ3TMVt9BSXHLqwPqBB9XWtzBy32Jjo6HAkjodHDUGv8aGm2kXTN/6H20aP20St9q5qq1mGpK1bKAAPDhtHcVE/U4NuoKPiAjg4VUQmjsdsbUKk7aLKYAG90AdL36nJxRQWwqg7nMupn8zAXv8ZJUwqWxmba8QXA1ubF8awqbp7tgbEgHJXG0RS3VaOj6KNjhKUOwn/0Yao/HYHpyCmCUmJpboxBF2nlZLY/cdda8NH5UVTgibdOi49Ki0bTQk71UMaU7WHArKfJfsP9N3zgCCT1tBvgpSA7BIqLZcdRo9vjMaH+3zrwU1Bh5pkeMqOW3jeVggqzUsK4eFkmB/9yB7+949pur1v8dibb/nSr8nr74RLe25Ljdqw0bhdJiRFuj+v9tS5BoW9y768TnDqfsSnxLgGwTuPGJbj2ssrKc5vRdfdP37rgOd3tRtg1+LV1m3NGm5QPigvlodeDXt/byxDikosafgPB0Y7+PYMnLmDPfx6joers36snd690G8AKHzxRCX6Bowl8Q2W+BLDEFSFh1AISWEDeoRV0tJ/Cy7sFlUZPk9VEe5sXuoBoKop2U13yOR5ejp+zPRrz8dN6c2jHHxyv8SA4Yiyh0eMpy/MAlQd4qPD0aMFiNhMUmkKSZF5dVq6oEsLqw7n4x0bQ1tJIQZ0jO0ij0xCdHMWXRzQkpwSiDfKmpsyD6CG11FWNxkMPPslJWE7ZaW+MwnTkDJ6GQHRDVViKI9AEldDU2ER1ZQAJI1Uc319JWbWNwjILkTGBFJoiaWu14mPwx5i5/zwrFOLKkJ1f5fb4nPHffpvnnkoHH0kfxahP/nAEAAAgAElEQVT4fixZtZeOjg7+tfgGsvOrWJpxkEWzRxMT6u/2uh1HSnh389mssZ5KBxfNGU1cmPwAdbUwGl2zkRp62PWvu2BRX6T3v/gfmnSWB55bRpibW4rRWMeJE6UumVtSPii603osh7oJ06gdmkL999KpiR6E7ZXXe3tZQvQqlY+O6GE3OB2zmSswV7qWZ5ed3E35qd2c3L2Ck7tXUHJkE2WnpB+tuLIkjFpASFQq1cYcPDxsqNQW1D6BWOqLCQwdRnjstbTXrcFevpwGs5mWNhV1+W9TcOgtwmKnEDXoe1jqi1GpA1GpLXh5t2FrrEOnHyZlg5ehKyoDq9ls+er3MzQ2jQGaMNbYGGBQUZZj4vrxPpw+6Ys+2ANvjQmdoYyOQD9OrY2nvrCO4BYDdTQTNSICddheQqL8qK0YzoAULw4faGXweG8iBoZT3eHDmdNmwlRaYlr8aa53fELiE+D8w3NNbZ3bXlXujnc3Fhz9pk7mORqmR0eEExwUqJQknntNZ+8rDw8Pp3LFi7Gemto6tFptr2eSid61/bD7xuoAC28Y0u25C7332r2u36CBIzNqybzxSvbUb++4loWpQ3j3s+P8/t/7HGWF88bzk252FVz8diZzxieQsbf75vDSuP3q07XvU6fSMlMvrOTiO+Em08r/IgXg3O5GuD+P0tJap2NSPnhlU024Fs1P78JDr0c14Vpa9jg+HLB/uJq24zn4/u7XLtdYf/8crcccGbCaH96K+ra5Tudbj5/AuuRZ5bX+g5Vu79FhbkC7+GFUE66l6cPVToEvD70ezQ/mokq7Ae+hyY7MrnN0Xav9w9VO57yHJrtdu/mH85WvfZc8jfeQJKfzzR+toemDj5XX3T2f/Z/v4nPbXLwnXIuHXo/30GRa9uyjvcSI7dW/0Fbc/b+z4uqgD3P9QLDFbnE5Fj3sBgaMvcXp2P41S76zdQnRW/rHTSGo/wjKCzKpLd+Bl3ctepvjQ8j+CekEho9n47vXYqk3ExkXRK3Zl1n37UOtMdDcZMJqNtJorqK9PRhf/wSGT1okuw1epq6oAJZar3M5drqonqjAfuiD/bG0tFJdp+KakbWUVyQSGuJDoymUhPRj2KoSUelyGXZ3PF66AoqOjydmyF5KSwxEJ5wkIHgAxUYfGtq9saAiJETH0bxarhl6NpjjH+tcdvLMn1/nlw/e69IranfWAac+UzW1dbz85jKXflSO5utbSE+bwYwpE7HamticuYv0tFSKjaXk5uUr9zl49DjFxlJSp0zCV6vBamti3cbNJCac7an1zn8+4rprxrj00Dp3PQAvvbmMxx68xymI9c5/PmJW2gwpRbzKmbrpGwV8650H7+4m+ASO3lqdjdtHDAhRem29+/OZxP/kHZas2svS+6by7mfHyXRT4ljfaGfxskwy9rgPkAEsvXeqNG6/CoWHGyjrErTqzCY6N7hlbrBd1PK/i2H/AUdjdXeZYVn7XdealBRBREQgnLPXxqefPOU2mNcdd2WEWVl5LjsmSvng5cF3sWsPzfNRp92A/z/edDqmmnCt8nt7iVHpbdVV12CSR1Skcs3Zgx5u73nuMe3ih90GptRpN6B75U8u51qPn6D5w4/R/HQhnl3mdQThFmL+4Xw6zGZlje7m7cp7aLJLY/uWvV84P4qb5/MemozmB3Nd1tc5Tp2WSt2E6cpaxNXp2zRut9ZXXMSVCNF3qDUGYpLSiUlKp+jEOnSGWGrLs9EFROPhqaahtpyocDv9AtVUFH+1I2GTieamelRqHf0H3EBMUvp5ZhF93RVVQtidXGMjVo0fe7O8aFW3o9YWUFTui49PNQVHA8lcmYhnQC0e3o1Y7L5s/1cI+V80A1BZ3IzJEs6AkWZqGnW0+fiQk1eLl97PZZ7meuddCKMjIng/Y4Oy41+368vLZ3BCvMvufS+9uYz0tBlKEMlXq3EJNIEjQ2vLjt2kp6Uq2VGdY99fu4GaWkd0OjgokM2Zuyk29ty/5eDR44weNoTNmZKCLFwd6qZ8sLvyvQu1NONgt43bRwwIYdGc0SzNOEjmUSNL751Kh7mBmkceJy5MzyPpo3h93SEKKsw9NpFfvvl4t43bpwyLZM6Eb18CKS4/48a6/nd/8aV1LsdeeMH1WF/wm9984HLszb9tcinlGzzY8WGKu5K+v711/n4p5+7WeG4Z4bbtx1x6bkn54OVB+/NHnH5dCL8lrhlKHQ0NmH84H9N102k3N7i56uLw/d2v3QavALfBq46GBsw/mIftH+9i+fkTLtd4D012+zzfBQ+9nqYP12D+4XyaN212e957aPIlWYvom2qKsyk56vp3sj7UXVZW4zmvXbO0hLgSdTZt1xliUWsMFJ9YT1RMKMNu/JyQ5D8SHhlCeUEmzU31qDUB4OGpXCMub1dUBlYntX4AfpqzP6SWVVsZMDyMVg8tQ+MPc7psKE2NrbR3QKvWh5IqO377kxhzXRVnTvXDM9yf4DgNVruduCGt5Of7EjWwnaIKO3k1rQwdGcX2Q45PNzram1HrHaV65kLnT54HDxxAdGQEL7/5Nr988N5uS++stibS02Y4MqS+yo7KPZ1PSGBgt2WFXW3O3M2o4e5Lt0YNG6JkWAUHGUhPm8FLby7jobsXuN1FEMBms3H7nJt58tkXmdUlKCZETwJ13/zPicli77Ev1dJ7pypjOncINP3pVWxbM7F/cYAl88aTsTePu1/9jG1/upU7ZyR326S9O+/+3LU5qrg6zJk9lnXrnT9A2LrtGE//5gPmz5sEOAI85zYn7yu2bjvGT376Fg8+4PgznLU/j7+95fqDcWfAacb1Q12yztau209paS2zZ48lMiJIOW4srSUrK5+t244yNiXeqRzw3DLChgbngJmUD14+zs0cOjez6FzeQ5PdZlc1f/qZUppne+V1lwyti6l502bsH6ymw2ymvcSorMtdYKv508+UjKaWPftoPX7CpfxP7eYDwu9Cy94vlBLJlj37CNyz3e17Ka4ux7c6NtIwV7rP8g0bOAGVj2ulyblBLZWPDpXG9UP27vy/l9LcHh903XwGT5TeQKLvCuo/kpy9fyFh1AJqy7NRafSkpGcqQSpD2H5qy7OxmArx8PCktuwgyeO/frax6HuuqACWPjaChsJSvFR+JIXmAWdL3T4/UsHMcRGY2kIwNfgzbnw2lpb+BMZYsB3RU1oLA63xmFpUeASoiEs8TKM1nKjoL6ltm0FBVRB5NRZCIwxK8AogOSwfL5UfDYWlRE4Z67Km0cOGYLPZug1ifZ51gOvGpSjHi41lREeGO7KyBg5wuZ87NbV1XDduzAWNDQ4K5KG7F/DGOyvcBrFyT+ej1WqVtR86esyl5FAId7pr7H4hFr29o9vMqDtnJDNtRBSL/u4Ys/TeqbScOIll5fsA1D79LOGb1ij9rzL25LH03qlk7MnDbG2+oPl/e8e10rj9KjZuXILb3QXXrtvP2nWXx+YcWfvze9xJUKfTMLtLxtTrSxfyg9uXutzDXdlhp6Qk5zJ5d2WEXUn54OXD/IN5Tq+Di0/1OL677Ke2krPl299lCZztn8ud+mR9nXWB+7V1d+13ra2bUktxdekucAXgrfbtNpjUXbAqKHo4tcVHLsrahOirEkYtwGIqRGeIxWIqpLnJRG2FmZamejo62pUeVy32BmnWfgW5okoIIyePxZi5H7/wCcT45aDzUzud35RVysnqCHy8G/BVlaNVVZAUt5Up3/fFbG7Cw9tKvdnC6GuMqFUV9AvcxenyYQQEVJKxrZGYhH7sO3X2E2udn5rkkGP4hU/AmLmfkBGJbtd13bgUUqdM5OU333YpJ8w9fYbNmbtYt3GzUuIHkJgQf95Sv07BQYFYm7ovU/TVOvdGiY4MV4JY586Rm5dPsbGUdRs3o9VqWLdxywWtQVw9egr0dFde2JPOpuzudDZuL6gw8/q6Q0qgyfSnV5UxbaVlmN9YxsLUIUwZFqnsYthTKeG5c0jjdvHcH25H9y2yCL9LDZaey9AvxLN/uN2pT1ZSUgR/eOaH3/q+55YRdiXlg1cfp/5W32FAqGWj+5LX9hLX/ocAXucEiDz8XUveOxq+u5JHIb4p/37xTPjxy27LB8F9WSHgNltLiCuNWmNAZ4glN+vv+PiGoNYYqK/Kob7mJDpDLC3NjVQUZBIYNkwatl9BrqgA1oBZ08lfvw1d+AQAbpqkchnz709rGBBbSGHjtZQ1DuKRN2dRZPfnzru2E+iXR3r6HvYei+C1FVMAMLWF4uXrQcSAUHYcdv7h/MbrHL/rwieQv34bkZO7/0b+unEpjBo2hDffWaEcyz2dT+qUiaSnpZKelsrdP76N4tJSrLYmoiMjKC4tO2//LIBRw4dw6Mhxt+cOHT3uNoMqOjKc2+fczDv//ZCaWkdQrqa2jpCgQGU96WmpREeEKzsbCgEQF9r9DyU9NWF351B+FXOf3dDt+UVzRhMXpmfhK5uUHQJtW3Zg33/QaVzDyvdpM5ax9L6pFFaaWbr2IIvmjL6gvlxL75PG7cIR0Hnnn/f3GMSaPm2I0kfqmxo3znkTjP0H8jEa65yOzT4nKJSbW0pWlvvNBwYPDu9xTTqdhqWv3uW2lG/O7LH86x/3XdAzjU2JZ3b6OJfj1093H6SS8sErW2eZ4Lk0P5irlPFpv0Fj+G+rrbjEbRBLnZaqBNS8oqPc9phq/vT8/375/+NNVOOvwXfxw+ctsxSiOyofHUHRw3v8FZcyh5Q5v2PKwr85BanOHecuUBU9bCbagDCncb7nvD7fL9+AsEv5lgjxjak1BoZPfgKV2o/a8mzaW+14eaocZYVqP5LHPyzBqyvMFVVC6GPwx17fQFuzL9rgYdyUvIcPNo5wGVdgiqWj1Y+xkVlEJozii2N2Gm23MnfUx7y09nvk55sZMTIUgHqbJ4cOx/L5EdcdPb4/ZD/a4GG0Nfsq8/ckPS2Vd/7zkfL686wvufvHtzmNSUyIV3YaTE+bwfqNm536UHWWHHY1etgQTp7OZ3PmblKnTAQcfbXWb9xM6pSJ3faw6ixv/PyLLwHHboSpUyY5jxnuaObubudBq61J+mNdhaaNiOr2XHZ+FdOf/JhX751y3h0Jl2/O6bF0sDNglbEnj8yjRlY/fTMB7c2Uv7DUZWxHgwXTC68y6vUXeSR9FM/8ex8LU4fw7uKZXP/Ux27u7jBlWCQLU933jxNXn6SkCDZ++hQrV+5ky1ZHQ3KdTsO4sfHMnj2OGdcP5U8vrnPKZErsUlY3NsX578mILr2kOs2fP5kTJ0qd+kWtWLWTJx8/uyvOnNlj2br1qPOYlTtJTIpwmq9z/icfTydj7X7Wrt2PsbSWyIgg/P01XH/9MK6/fqjbHQo7jRuXwMcfLiZj7X6ysvLI2p+n9MYamxJPYlIEc9LHupQPdoqMDCR9Vgqlpc5BuHMDdeLK0/iLJ/H785+cjnno9QR86tjswP7h6l5pRt7wfw+g/3CVU5aVh16P7pU/0bxxM5qfLnS5pvX4CRqXPHf29bEct7soqtNuQJ12A+DI2HKXySXE+ehDE5jwo5e/0bUXcl3UsJm4+04tapj0+hRXrqD+IwnqP7K3lyEugSsqgAVwza/vJ/uNVQy/bx62mqf4YdoEPtjovEPHntwQpg4sRuNtxtbSxIFT9RwvUzN1+GD25dn+f3t3HhZV2b8B/MaNRRgWUXZlUxFBBpVXUFRK3FqUEpfS3lBLy0qx+tlruZC2WK8ltmjZq2AuqaChuSSiIqBiYIwboiIiDLsKDKjgEr8/hjkxzAADoQx4f67LK2bOOc/znDMz5tw8z/cA6Ige3e+iuMIWTuaXseuU6m+YJ47shC562TBzmYMz32+Bx9tTVfbxdFP97fP0lwKFZXuKsKmm50f7Q3JeXih4sNcA3HQqxomk07CztkJ2bh483eRfts3NTFGzxtfkgOeQnZOHE0mn0cVUvqTQf9gQpSLw6sYz2GsAejvJ2+nt5KgSSA32GiDMAhsxfAguXc3ApavyGVlDatTuoifLOG9H7ElUPzPv2Dkp+r+z9R/3ETprOABg/ro44Q6Bsu9/wsNc9UtraxZ0D49Jxfx1cfh18XP1FnQPnf13cfiqqiqU3K5EkL9rvSEdtW0iI33MeXOUUBC9tppBU21hG97QqP1vVqt+ga6trn3q6j9g/MB6l/M15J8c/+knk5vcLz1etYu1/5P9KnbsxMNsKXQnvoiOPoOgYyySBz/ZUlRG7ML9k6fQzk7179Ka9aeqpDkqfT24oPz3tbqx1Fdf68GFiygdPQ66M4PQoW8f+YwwIyOl8AmQh1Z/SaW4fzAGFTuUf9FRJZNBNmka9Oe/g/Z9XdHB1QVVZWV4cOEiHly4iMr14UL7SsfVrrWlwfnVftzQ+RERET3JdKqqqqpaehDNbf+k+RixbhluXQrF7fxEvBcxBZczlGsbbH83DgYdy3C91B7/2SRG+e37+Gp2Pt770RID+hpjwZi9MOggQ1a5C976Xnl9eS9HI3w1cRuM7EbAxPF1HJ61BM/sWAWiJ0V4TCpmNHK5YGMMc7NB7BeBCNmSiGVbTyFjw3TYPbiNvNEv1Htce2srWEX/itCoFLz7UxyOfD4B9hYiiN/eolLQ/d8j+iD83VEIWP4bQqZ6CzPGgr6ORoCPEwJ81NeVICLSJmVvzsW9vQdaehjUAjo9/wyM1qxu6WEQERE1iqz6FzUpKSkN7Pk3T095zeI2VQNLwePtqTg8eyks+s9HJ5EDPhx3HNYWBkr7pBT6IKvcBSl5/fHda6fx1RsFsDW8gmUzy/COfzw2JT+LmxV2OJauvATR2kIPH447jk4iB3R1n4XDs5fiXx81/Ft3orYkyN8V/RzMH1n7obOHI7NAhtW7JZg7Tgx7CxFufbSsweMe5uah/OdtCA7wRD8Hc8z/KQ72FiIEBygXaRcZdBLuVBjk74qS8koEfR2NkC2JCJ01HOEx6mvKEREREdWWeuHR/ruhrvYfdb+PS1s5DyJ69NrcEkIAsBk2EDfOXkLyl5vh8fa7eJDwAVZNO4jFvz4jzMQ6kWaK8QNuYv3uSuwwHIj/m3QTBsYy3KnUQ9D6fgBkmO2djQTJ33cy6+VohOUv7Ieh3gNYD/oO537cDcfn/GDuof7ug0RtWfi7o+D3QaTKzKZ/au44McSOXRGw/DdUVVUhZKo3qmRl0PXqD12v/hq3EzprOJ5euBOhUSkIHu+J8JhUZBXKP//BAZ4wMdSFJKMIAT5OKCmvREl1LS4TQ12YdGZR9yfJ3HnhKG/Cnf6WL5sMGxvThnckIiKttjMiEja2tiiTyVBWVoYXAyc06vhPli3D1u3bNO5rkLc3bGsssQ1bvwEjR41Sek6T9hXPL/94GRYvXdKoMdclbP0GDPL2hmvfv2uEvvH6LPzw07oGj5VmS7EzMhLz5gc3qs/GXD8ierK1yQALqJ6FNWsJru05D4dxX6Dgz6+x/IX9OJg+Eht2VyAl7R7eGnYZhp27o6z8Hn7cZ4GvpxphxWb5nQuHD+qCnApP5BbcASCveRXYbz9MzLrAetBipO88hRtnL2HEuoZnhRC1RWLHroj9IrBZQ6zu3YwQMtUbsWel2JOYga9fH1Z9h0BdiN56vVFt+fWzxThvR3xcXdA9dNZwvPjJXqEPAAjwcULUyasI8HES+pVkFMHe4tHd/p20z5w3R6Gs7G6jj2N4RUTUNuyMjBQClAXvvQ9rGxt4+3g3cFTTSKVS2EilSmHVoehoTJ85o8ltTggMbHgnDR2KjkYfV+Ub3Cxaolk4ZmtnK4xl9arQRgdZ9GSSpBdidWQyjDvrIvSdEYhNycKxM9kAgKVBQ4THJoa6mBc4ELEpWbC3Moa9pbHwMwBs/P08AODVMW6wtzRG+IFziJVkIcC3F8Q9uwnbh3vYwc+zO0LCEqCjowMPp24IGNoTGbklSLlSgAnD5ZNTwg+cg59nd9hbGrfAVaG6tNkACwBGrFuGw7OWoFJWDvdZK9Dxz1V4ocNODHOwQ8SfvjiYPgofTC3D4nUdkVNwB9LbvQAAhp07YZJXEn454Ylnh1VhYv8EdNHNRmdLb1j0n49z6/bgxpm0BsOr/3zyJQZ79ReKpJ9I+hNid1ehEDsA3LxVjONJp2FnYw0DPT3cLC7GnbsVSgXeTySdhtitr9qC6SnnU4X2Vn7/E96v/pK/52AM/If5qhxT8y6G26P2YnLAcwDkdxQ8kXQaANDFzBTZObm4e7dC2K4Ya0zccaXnardTV18KYb9Eqtx5kVovsWNXSL6bipAtiXUWStfUMDcbhL87CiaGughaFQ0AePenOLz7U9w/HmfIlkSEzh6OYW42QngFyMcffigVuxMzMNzNBg6WxgjZkojw+bxTz5OkrjvsERHRk0cqlcLWVh4uHToYjdTUVLi6umLk6FGQZktxMTUVFy9ehFQqxaIliyESiTDIW/5vC5lMhlMnEzFy9CjsjIiEVCrFhMDAOmdWqbMzIhIymQwikQgjR4+CSCRSu13RJwBcTE2Fa19XYXynTp0CAMwNngeRSCQcI5VKMXLUKLj2dRWemz5zhlIftfsDgFOJibC1C0TiyUSIRCIcio6GsbEx/EeOxM7ISBgbGyNoxnShfwDYtXMndHR0MDd4Hg4djIZMJoNMJsOEiYHyNg5GQyqVKp0HPZmCv41B1KcTqn9pDcRKsuAn7g4/z+5Kj0vKKxEakSyEUyHTfREamYzwhc9CcqVAvnJjui8AefhUUl6J8IXPyttIyVLarmg3dvXLEM8Mg59ndxQU38api7lCgBUamQwACBrr/tiuBTWsTQdYgDzEOvPdFvw+bQlG/PgxTJyuQT9tC97Q/UXY56s3BiK1oCe66J/FjPH2GObwB7roZuONwVdgqPcA+l3cYOYyB+06OODo2/+Fje8AjWZe3SouwbjR/sLj3s6O+H7DJgCAp5sr7tytwPdhm/D+nFlKQdOl9AylMCo7Jw83bhUrtQXIA6KUc38HWJczrgnbsnPysHLNOpW2b9wqVtpHYeWadZg+ZSLsbKyUxldTzTsQ1h7H3YoKBE1RDqZq9qU4r+zcXGTn5An9UOtnbyFC+LujEDprOCQZRZBkFAnL8TQhduwKsWNXYdZTZoEMQf6uDRzVNFGLnxf+56gQOls+7qiTV2FvIULU4ucfSd+k/ZKSriL5dAZ69bLGiKdV79raEtasjca0aUMhMtJXel5WdhdJSRlaM04iotZu9apQ5Eil8PbxEQKnPtXB1YL33kcfV1dIpVKEbdiArdu34dDBaKxeFSos3ZPJZNgZEYnpM2cISxLVBVAAsCsyEqcSE4XHUqkUgDwwA4DpM2dAmi3FG6/PUlpapwh95s0PVqobtTMyEhMmBkIqlS/h++GnddgZESksTUxNTcXipUuwMyISOVJ5yNTH1RWufV1Vxld79lXN9hVjnjc/GMs/XoZD0dHCz4kn5dtSU1MxcvQo2NjYYG7wPKReSMWh6Gh8+dVKpF5IxScfLxPGVPs86MkTm5IFsbOFyr/Payspr8SZq4XoYSFCwNCeCI1Mqn6+Qu2xUQlXEPrOiAb7z8wvlZcPqdVGbEoWgsa4IyrhCgMsLdPmAyxAvpzQvF9vHJ61BF3FLug3ZxGgU4SyrEOoLM1ALySjl7E8YX3BRT5dUb+LG8ytfKBv3g+o6oqza7aiSBIGj7enwmZY029VPm60P8K2RcDTzRW/HYzBYK8BKrOkejs7IibuOC6lZ6C3syP09fUgOZ+qNKPqzt0K3LhVjLt31ddtsbOxgqe7q9oQq7YTSadhZ22tEirVPObO3QrcuVsBsZurysyqEcOG4OatEoRvi1QJsWrKzs3D5PHPISbuOGdhtUEmhrrw62cLv36a/5ZRHXsLkdIsqeZU1/8cFSEaPbnS0nIxN3gjXpnmizVr5V8gNAmHNm2OBwC8Mm3oIxmXrKxCJbwCgDJZBS5dymGARUTUTBTL3ZZ/vAw7I+SBjSKUUsxeAiDMGBrk442wDRsAyMOrBe+9jy+/Wins88asWfD28RFmQdX0YmCg0hJFRTAUtmED5gbLx2FrZyv0qZCamir0X7NGVU2KAMrGVn68SCRCWfUdvxQzt2QyGT5ZtgyBEyfixcAJSuNT3B2sLq7V7YtEIqEvdSGdwqFo+eyr1atCAQBGIpFG50FPDnX/Pg//Xb78TzFjKvi7GIS+7Y+AoT2rj9GDJL0QfuLuwjGxkiyEhCUgaKw7SsorVJb+1dxub2mMzPxSBH2+T5ilVXvfgKG9ECvJas5TpWbQJu9CqI7NsIF4ZscqGNlZYf/k+UhYsBE3zljD3G0RnMfvg/P4fXB8Zrvws7nbIuSfbI+EBRuxf/J8dHHvhWd2rPpH4RUgD5akufkA5DOg7KzVz0Sys7ESZjuZm5nCf9gQxMQlCNsl5y/Af5gvbhQXqz0eAAZ7DUBvJ0eEb4usd0w3bhWji5lJvfsoQiv/Yb6IiTuusn36S4GoqpIvJ1Tn5q1i2FlbobezIy5dzVCZ3UVUl9iz0oZ3IvqHjhw9j1em+WLOm6MQtuENeHk5QlZ2F4sW78C84I2Qld2FrOwu1v5wCIsW78DaHw7JjztyAUePXkBOTjE2bY7H2h8OYV7wRgDy2VPzgjciLS0XAHD4yAXMmPmDcGxaWq6w/+49yVi0eAcWLd4BWXU9rjVro5GXWywcv2lzPDZvScCixTsAAEbVwdbhIxcwL3gjonYnC8fNmPkDDh+58JiuHhFR22FbHfwknkwUZh71cXVVqYklK5UpzVaaEBiITz6Wr9CwtbPF3gP7YWRkhLD1GxrVt1If9YRJ0mzN/n1ka2cLI5EIiScThVlX3j7e2HtgP0pLS7EzQvl7gmIJYF2M6gmr1FEssZw3Pxjz5gerFJvX9DyobbK3kgdJtQWNcVda7hcS5IuohMvCYz+xvIZVwNBeys9N94W9pTHEzhaITVEOn2puBwYn3NIAACAASURBVAB7S2ME+PaC5EqhSv9RCVewO+EKSm9XqrRDLeuJmIFVk8sr4+DyyjiUXc9FTlyyvEZWaRl0jY1wT1aOTiJD4bHj80/hXx/OhlGP5quPcuduBfT1GneHM8XywWVffYMhXgOgr68PfX19GOjr1TuzCgAmBzyHsF8iG5wd1ZBL6RnoYmYKAz094XFvZ0elfaa/FIhlX32jtvZVTNxx9HJ2lB/n5IiYuASVJZHUegT/eEwodu7XzxYbYy7Cw8EcQSNdERqVgpLblZg1xg2Xc0oQHOCJgOW/IcDHCZKrRTAx1EXIVG8E/3gMmYUy+LnbwsRQV2hD7NRVCK1CZw1H1Mmr8Otni6iTV7E7MQNh80cCACQZRfh4yyn8uvg5BP94TFgKqHiupLwS01cdQnF5BYJGuiL5SgG+feMpzF93DLHnpPKlj/NHISrxKkrKK+HXzxaSjCIE+bsiZEsi7C1ECPJ3FdqmJ4dixtNHi7ZXF2o3waJF2/HKtKH4eVM8vgl9FR8t3o6BAxzR28UaZbK7MBLp4ciRC/DycsS0qb6I2p2MtLRcjB/vhekzf8DJ48sgMtLDm2+MxKbN8UhKuoqk5KtISsrAtGlDETx/I5Yvm4QjR85j9+5kuPS2RlpaLl6ZNhRzg8MR/fuHSu3n5t7CkSMX8PRTbvjiy934dPlkHD4qD6x697aB10AnfLR4O1x6W7PYPBGRBg5Fy3+5cCoxUVjullMdZF1MTcWhg9FK4Y1idpPimMVLl0AqlWLB+/+HkSNHAjo6SvWxFOoKpWQyGeYGByNswwbo6OjgYmoqFtcqnj4hMBDfhIZCR0cHVVVVGp/bxdRUGBv/PRslRyqFyNhYXmdrlGrdzz9OncIfp07BxsYGEyYqf3/IkdYfOCnOz9bWFonV9cA++XgZbO3sAEDeZmCgcJ6yUtXwgp4cijBpdWQyTAz18OoYNwDAmauF0NHRwXCxnbCf2NkCUfFXEDC0p7CMUOzcTWjreoEMxyTZ8HDuhuCJAxH0+T7Mv+2FHtV9KLb3sBQJ/QZPHAi/eVuFeluAfLmiiaEulgYNwfAUO0QlXFHaTi3riQuwFIx6WAth1uN06WoGxG7yJR9dzExxs44ZVJLzqXhr+ivIzsmDuZn8y4f/sCHYc/Aw7GyshCLvBnr6uHO3ot4ga/pLgUKIpa+nup+5mSkupV9Tc6RcyvlUjBvtLywxVCwDrB1gAcD7c2Zh5Rrl2+zeuVshX9JYXavLzsYay776hgFWKxV7VorMQhlivwiUF1PcnQJ7CxHETl1RUl4JT6duiD0rhYFuR4TuToFfP1uYdNZFZoEMpXfuQezUFVEnr6LkdqVQb0oRGImduiKzQAYdHR2UlFcis1AGSUYRACA8Rv4bwcwCGewtRCgpr0RKRiFCtiQK+4RGpcC4cydEnbwKSUYRhrvbIDjAEwDw0+/ncfRMtrxO13dTERqVgpAtiTAx1EXsWSlMDOVjLCmvFGpiBfm7Cm3Tkyc3txiXLstrBRoZyv/udOltDS8vJwSMl8/GFRnpVf+Rh15eA53g5eWEpLXRcHGR19Jas1b+d3japVz5bK3cv//e9/JyFJYBBowfiNzcWygru4uk5Ku4dDkPa384hPLyCmFW1pw35V80kpKuVo/xFmyszeDlJe8XAI4cOY+8vGKUl1fItzPAIiKqV806UyNHyX9R5u3jDVtbW9ja2SrNvlL87O3jLfy898B+AFC6k2DqhVQM8h6ksryu9gykmv2LRCIsXroEqRdSETRjusp2WztbfPnVSqHIu7fPNqXtNcek+FmaLS/crqir9fKUKYg7nlDn+Gpei9rP1byrYF0/K/r/8quVkGbLC+L/8NM6SLOlEBmLhP4WL12iVKyenlzhC59VmoUVNNYdmXmlQkgbNNYdJoZ68PPsDkm6fLaUvaUxoj6dIBwj7mkBAMIx9pbGiF39svwuhZbGQHVgVTP4DX3HX+gfAMTOFnCyNlV6zs+zO0yM6p8wQo9Xmwqwdvk3/fazzcG8X28M+/qDOrffuVsByblU4Y59kwOew5oNm1TuMHgi6TR6Ozmii5kpbqRnoIup/IM02GsA9hw8DLG78lrx7JxctWFSTYrZUQZ6qrVUBnsNQEzc8TqLq19Oz4BnjbsM9nZ2RNi2SNy8VYwuZspfjAz09YQQS1wdWMXEJcB/mK/SPr2dHNXO1KLWQQc6So89HMwhdpQHWNfyS3GtoBR+/WwR4O2E6asOYenLgyDJKBL2yyyQofT2PbVtZBbIcC2/FCW3K4W6VJKMIpzJuAGxY1eERqUIM6KC/F0Re1aK64VlKCmvxO7EDAT4OCE8JlU+nupi8iXl8v/WXmOveBw6ezgClv+GIH9XhMekovT2Pejo6CDq5NXmv3iklaytzbBnTzJkZXexZu0hjHiqL4yM9DBt2lB4eTniUvUyPnVkZapLoo2M9JGTWwxZ2V3kVgdWmzbHI/r3D7Hiyz1KIVZd43HpbY3Voa/i8JELautgKfpRhFtRu5NhY22KtEu52BkxHxMmrtL09ImISI3G3D2wtn9S26mhY+urOVXbxdRUYWmirZ2tMOPqcdSeqnn91F3LxpwHtW0161XZWxqrPFaoOeOq5s8mhrpqZ0nVfK72dsXxNdvX1+0gtKeuH2p57UNCQkJaehDN5eLGqBbt38DSHD1G/x3UKJbd3bxVDMn5VGTn5mHsCD8hrOrYsQPE7n2F2lbS3DycT7uMjh07YOwIPwDA5asZMDczg7HICADQ28lRKay6U1EBYyOj6llUGRj8L3kgdLO4GHY2yksfvTw9UFpWJhyfnZsHN5dewrbDccdxIe0yrmVlIzsnD/mFRTDQ18f9Bw9U2jLQ1xP6qN1Xx44d4OXpgfsPHsCqW1dIzqfCs1boZqCvh+zcvAaDN9I+9hYiJKblYcoXB1ByuxIudmbYduwyfj99HQGDnSB2+rsYuncfK0gyihAy1RuZhTJhvxXTfZGYloc3vj8CALA064xtxy4jv/gOXOzMIHbqCkvTzjAx1EV+8R2U3K7EG8+44z+TBmJb3GUE+Dih5HYlKu4/RHCAJ2LPSmFp1hlix64YM6AH0qTFmD/eE+GHU/Gf8OOwNOuMqqoqzBjlhtLblRizOArQAVYE+SK/5A7GDLBHye3K6nPLR/j8UfDrZ4vYc1KYdNbFiohkQAcs9N6GubhY4+KlXCxavAM21qYYHzAQLr1tsGjxduyISISLiw1cetsg7VIuRjzthrRLuXBw6IZ+/XogdPV+eA10wo2bZfAd4gKRSB8ODt2weXMCQlcfwAcLxsHFxRo5ucV4c856mHcxhLm5ERwcLKCr2xEuLtZIS8vB2LFiyMoqcO/eA0ye5IMdOxKxeMkOdOrUQejTd4j81s5lZRW4d+8+xo4V41pmEd6csx7W1qYYO1aMo0cuYM3aaHQ1F8HaxgwuLs23DJ60z719B/DwcnpLD4NaQPvePaH77NiWHgZpOSdnJ2RcvYqioiJcTE3FhImB0NVtXDkTIm2VmV+KzHwZ8m/dRtr1m5CkF+LURfnseUuzzkr7lpRX4sc9Eni78t9FLa2yUj65ID8/X+NjrKzkE210qhqzgJqIiIiIiIiIngiZ+aW4nq9au83DuVudd/h+lKLir0DcUz4rSnKlECXlFcJqC1MjPXg4d0NJWYXScsOS8gqIe1ogM69UuJPh45SZX6pyV8QnmaJWXkpKisbHeHrKy8K0qSWERERERERERNQ87C2NEZuShelf7MfRVS8Jz4eEJUCSXoCoTyc81iDLxFAXJoZ6MDHUVRsKxaZkCYGRiaEu7K2Mhf0f13LAkvJKRMVfFgrCy2eKlUKSXoj5E72EYvXUeJyBRURERERERER10vH7AlWxyvWeg789jJLyCqHoOQGS9EJExV9G8EQvlWAvM78UAR/tgqmRHn795MUWmcGmDTgDi4iIiIiIiIgeGxNDXUjSC5Sey8wvRfiBcxA7Wygt14tNycKxM9kY79tT7Uyo8APnAECYtQQAAUN7qQ15JOmFKCmrUFu4vaS8EmfSC9HDUqQ0Q0uSXojS6qWGNZc/KsZV03APO6W2ww+cQ0l5JcTO3ZCZXwodHR21s6hKyisR/G0MYle/rLIN+PvuiOKZGxD8bQyDvyZo19IDICIiIiIiIqLWo6S8EsfOZCM40EvpeXtLY8RKslTCJT/P7ggJT1AJr0rKK+E3byvEPS0QNNYdwRMHImisO+wtjREakaTSb2hEMuwtjSHuaYGQsASV7SaGujA21IXfvK1CbSxAfjfBVRFJMDbUVQrFFONaGjRE+FPzOMU5RSVchp9ndwSNdUdVVRX85m1V6Tv8wDkE+Paq56rJxxf6tj82HjyPzPzSevclVQywiIiIiIiIiKheIWEJwh/xzA0Y7mFXZ1F0TZfHBXy0EyFBvirBliIsqklRS8qkOoQqKa9UGwKJnbvheoEM01fsU3lekzpYDRV6DxrrrhJyAUBUwmWN2zfurAvJlcIG9yVlDLCIiIiIiIiIqF4h032FP5L1M5CZX4oXFu1qcntR8VeQmV+qdikgAJUi7aERyQjw/TtcChrrrnYWFgDMmzAQR1OyhKWJzU1dQKcu1KqL2LmbyvJLahgDLCIiIiIiIiLSmImhLkLf8UdUwpUmh0SS9AK1dxKsS+2lifIQSP0sJhNDXYT/51kEf3dYo6V6NWeXqVN6uxLHJNk4JslGaEQyQt/xV9tnrCRLw7MB/MTqgzuqG4u4ExEREREREVGjmBjqYriHndqAqGYx9rqP18P1ApnG/Z25WohjEuWC69cL6g6nAob2REBCT0xfsR9HQ1+qt+2Q6b71bq+qAqqqqhD++zno6OggeOJAlX3EzhbYePB8g20BqHfmGdWNM7CIiIiIiIiIqFEUhdxNDPVUtkmuNLw8LmBoTxSXVdQ5i6r28x5O3VBVVaX0p4dF/TO4Qt/xx7W8kjpnVmnKxFAXfp7dEb7wWfldCmsViQfkIVhxWUWDfYVGJCP0bdUZXNQwBlhEREREREREpJYiqKk90yr42xh4OHVTmY0UNMYdq3cm19r3sEq79pbGCH17BII+36e2flRmnnJ/ihCp5h8TQ13EptS9bM/EUBdRn07AxxuP1xmU1VZfe4C89lbQGHeVEMvEUBexq19GaGQy5n93WH2h9/grMDHUbbBQPKnHJYREREREREREpCIzvxRR8Vcw3MMOIWEJsLc0homhnnwJnFg+I6m2oLHuyMwvRcBHu2BqpIceFiIETxwISXoBMvNLlepeBY11h7inBULCEmBiqAvPnhaoqlJdYicPfvQgSS8U7vQnX6aopxQUlZRXIvzAOZSUVwr7ip27YdVbIxCVcFllrLEpWcK5KZgY6in1LUkvhL2lsdKySMUdEgM+2onQd/yFMYmduyFz+5sIjUhCwEc74WBlAntLYxh31hW2M7xqOp2qqqqqlh4EEREREREREVFrIkkvRPC3MXhhaC/MC1Sti0WqZDJ53bOUlBSNj/H09ATAAIuIiIiIiIiIqMmi4q8gVpIFE0NdiJ0thOWNpIoBFhERERERERERabV/EmCxiDsRERERERERtQol5ZUI+nwfQsISEBqRrHafgI92PeZR0ePAIu5ERERERERE1CqERiQhwLdXncXQo+KvoKS8QqngO7UNnIFFRERERERERK1CwNBeCI1MQmxKltrtsZIsBAd61bmdWi8GWERERERERETUKoiduyHq0wmIlWQh6PN9Ktsl6QUIGNoTUQmXW2B09CgxwCIiIiIiIiKiVsPEUBch032RmV+q9HxmfilKyisREpYg/ExtB2tgEREREREREVGrkJlfitCIZOjoAH7i7ohNyYIkvRDBEwciNiULwYEDETTWHQAQm5KFWEkWQqb7wsRQt4VHTv+UTlVVVVVLD4KIiIiIiIiIiNo2mUwGAEhJSdH4GE9PTwBcQkhERERERERERFqOARYREREREREREWk1BlhERERERERERKTVGGAREREREREREZFWY4BFRERERERERERajQEWERERERERERFpNQZYRERERERERESk1RhgERERERERERGRVmOARUREREREREREWo0BFhERERERERERaTUGWEREREREREREpNUYYBERERERERERkVZjgEVERERERERERFqNARYREREREREREWk1BlhERERERERERKTVGGAREREREREREZFWY4BFRERERERERERajQEWERERERERERFpNQZYRERERERERESk1RhgERERERERERGRVmOARUREREREREREWo0BFhERERERERERaTUGWEREREREREREpNUYYBERERERERERkVZjgEVERERERERERFqNARYREREREREREWk1BlhERERERERERKTVGGAREREREREREZFWY4BFRERERERERERajQEWERERERERERFpNQZYRERERERERESk1RhgERERERERERGRVmOARUREREREREREWo0BFhERERERERERaTUGWEREREREREREpNUYYBERERERERERkVZjgEVERERERERERFqNARYREREREREREWk1BlhERERERERERKTVGGAREREREREREZFWY4BFRERERERERERajQEWERERERERERFpNQZYRERERERERESk1RhgERERERERERGRVmOARUREREREREREWo0BFhERERERERERaTUGWEREREREREREpNUYYBERERERERERkVZjgEVERERERERERFqNARYREREREREREWk1BlhERERERERERKTVGGAREREREREREZFW63AtO6+lx0BERERERERERG1cF+POTT62g4OdVTMOhYiIiIiIiIiISJVMJmvysVxCSEREREREREREWo0BFhERERERERERaTUGWEREREREREREpNUYYBERERERERERkVZjgEVERERERERERFqNARYREREREREREWk1BlhERERERERERKTVGGAREREREREREZFWY4BFRERERERERERajQEWERERERERERFpNQZYRERERERERESk1RhgERERERERERGRVmOARUREREREREREWo0BFhERERERERERaTUGWEREREREREREpNUYYBERERERERERkVZjgEVERERERERERFqNARYREREREREREWk1BlhERERERERERKTVGGAREREREREREZFW69DSAyAiImrIxIVbsCv2gvC4fft2cLAyxfND+2DJzBEQddbVuC2fmWth202EiM+nAgDK79zDM/PDUHq7AtHfzISFmaHKMeui/oCJkT4mjXD/5yfTCPNX7UVUXCqu/brgsfbbEuerSZ/NdT3+STuvf7YLG35Lrnef0xvfgbiXlfA4bO9pvLHiV/zvowl4Zaxno/tsSEu9P5tDReUDrPg5FlujJcguKIW5SWe86NcXy2aNhLGh3iPvv/Z7obHXsjVfeyIiotaGARYREbUK9lam2Lh0IgDg4V9VSLmUi0/CjuBI8lWc2jAHHTu0b1K74ftOowrA0TWvw0xkgP/tScLsz3/FzeglMDGSf4Hem5CGriadn5gvqS1xvq3lGn/w7+F49dn+wmP/t9dj4gg3zH5hkPBcT7suws95N8qwckscti6fgglPuT2SMbWWa1fbg4d/YfS8DUi7XoRFM55CH/tuSMsswqdhRyG5nIeja15Hu3Y6j3VMjb2WrfXaExERtUYMsIiIqFUw0OsIXw974fFwTwc423bB+P/7GXviLzY5HHh7og/enuhT7z57Vv67SW23Vi1xvq3lGjvbdoGz7d8BlY4OYNvVWOm9WZOVuREu/DL/kY6ptVy72tbsTETCmUz8EfYWBrjYAAD8vZzh5mSBEW/9DzsOn8OUkf0e65gaey1b67UnIiJqaZ6ejZ+VzgCLiIharacGOAIALmfdEJ7bdugsVmyMxaWsIth0FeHNCd549yVf6Oion8lRc0lh19Gf4JbsDgCgy6hleHm0BzaFTFZZdgjIv3x/s/0EsgtL4GzbBR8GPYXJ/vIv21VVVfj6lwSs3ZmIvJtl6GVnjo9njcS4oX3qPJe//qrCknWHsC7qD9ytvI/nhrigU0fV/01vjzmLT8OO4kr2DfS0M8eKt8bgmcG91bZp9cxnmPH8AFzNuYV9x9Og26kDgp4dgC/eGoP27dsJ+wQ+7YZ06U3ESa7hjw1v4bVPdwnnG/z1Xvx67AKu7/5AaPdCRgH6TV2NfV8HYYxPL43Pt75rVvsaa3I9NOlX0+v6KNT3Wqm77v5vr0fQs/2Re6MMu+NSoaMDTB0txtfBzyHkpxj8b08SHjz8CyP/5Yw1CwLQxdhA7bWzeuYzzArwQml5JTYfTEE7HR1MHOGOVcHPoVPHv2cqNvRZkd2uxMI1v+PX2Au4U3EfA1xssOKtMfBytVU515cXb0PsnxmQ/rZQmDUVeeQ8Jn+0VSmgqmnzgRSM8HJS2ebX3xHD+zvgWu4tjceqyTlr8l5o7Gdd3f7NMdaG3j+NeW2IiIjaChZxJyKiVut6fgkACF/kw/aextQl2zDauyd+Xz0DM8d5YeGag1iy7pBG7f358zv4bM5oAEDKprlYFfyc2v1WbonH/FV78eqz/XFw9QwEDHPFy4u3YXdcKgBg2frDWLLuEP7zqh9ivn0Nrg7dMHHhFpy/WlBn31//koDPN8bitXFe2LliGhyszbDloERpn00HUvDy4m0YN7QPfl89A95udghYsAkpl3LrbHfllnj07m6OyM+nIejZAVj1SwI+//mY0j4//HoKpkb6+HzOGHQ17ay0bfLIfpAWluJ0Wo7w3J74izAV6WOEl5PG59vQNWvK9dCkX03aeRQ0ea3UXffQ7cfRs7s5Ij6filkB/8LaXafQb+pqpF0vws9LJ+HzOWNw4ORlLPohut7+V26NR+X9B9i6bAremTQYP+w6hfU1andp8ll584tfse94GtZ+EIDdK/+N9u11MGrueuTdKFPpb+oYMQpulSPhTKbw3G/xF+Fka6Y2vAKAs+n5EPe0VrvtyPevY+GrfhqPVZNzbsp7obHv2+Yaa0Pvn8a8NkRERG0FZ2AREVGr8+DhX0jLLMKcL6NgoNcRz/v2wcOHf+HDNQcxbYwnvnh7LAD5MsP7Dx7is/BYzJ00RCWcqc3OwlgIw7pbmAg1sGq6d/8hPg07grmTBgtfsH097HE+owDrov7A+GGuOHDyMt57aSheG+cFAPDoaYWII+dx4OQluDlZqD2f/26Ow4znBwoB2qhBPSEtLEV8dSBQVVWFhWt+x5SR/fDJG6MAAEM97BEvycS3ESewYVGg2nN6ZawnPp41EgAw2rsniopvY/W241j47+HCLKxxQ/tg6/Ipao/3drODnYUxdh9LFYKIvQlpeGF4X6HuWEPnq8k1a+z10KRfTdtpbpq+Vuqu+ytjPbFo+lMAgJH/csb+E5dQXHYX2z99SbjeKZdycCT5ar1jGD2oF9Z+EABAfs574lJx7M8MvPniII0/K9Gn0jFz3EDh9XHpMRnvf7MPOUUyWJkbKffn3QvmJp2x8+h5DPN0wMOHf2HfiTTMedFb7fhktytx/8FDWNZqp7bGfK7rO+emvBca+75trrFq8v5pzGtDRETUVnAGFhERtQqp1wrR3udDtPf5ELq+i+AxbTVKyiuwf9V0WJkb4XxGAQqLyzGxVjHlKSM9cP/BQxw/e71ZxnHuaj5ktysx2qeX0vNbPp6CbZ+8BABIXD8Hy2aPFLYZ6HVEF5EBbpXeUdtmVn4JbpTcxrhhykvuFGEaAFzMLELejTK8WKPWV7t2OhgqtkdSqrTO8Zoa6Ss9fsGvL27J7iCnSCY852htVufxOjo6mDSiH6KqZ5wUFpfj1IVspevc0Plqcs1q0uR6aNKvpu00N01fK3XXvYtIeWy23YzRx76b0k0KrMyNUFRyu94xONkot23ZxQiFxeUAoPFnxdejBzb8loxvI04gM68YFmaG2BQyGQP7qM6o6tC+HSaNcMeu2AuoqqpC/JlMFMvuYvI/rGHVmM91fefclPdCY9+3zTVWTd4/jXltiIiI2grOwCIiolah5l0IO3Zoj+4WJkozDRRf6GvPPrAwMwQA3KwjPGqsW7K7AICuJsqzufR0O0Cv+n+rRcW3sXzDYew7fgk5RTLcf/Cw3jbzb5YpjVUdxZfbSR9uVdnWmBkXihkg+bfK0N3SRKNjJvn3w1db43FVegvHUjJgJtLH0wOdhO0Nna8m16wmTa6HJv1q2k5Nz7+3EftPXBIeX9/9AWy7GWt8PNB8r1V9qqqqmnCM/L+aflY2fzwZn4UfxcrN8Qj+ei/cnSyx9LUReMGvr9r2Xx4txpqdiThxLgu/xV9EX0cL9HVUnXEIAIb6ndCunQ4Kb5XXO+Z/+rlWnHNT3guNfd8211g1ef809rUhIiJqCxhgERFRq1D7LoS1KWauFBUrz0xR1IQxN2meWTcmhvJlhTdK6v4y+vz7G9GhfTtsXT4FvezMoa/bEQ4vfFnn/lbmIgD1f8E1MtAFAKxb+KJKTaGOHTSfUK0IDCzMNA9SBvaxgaONGaLiLuD4met40a8vOrT/u8+GzleTa1aTJtdDk341baemb94bh+WzK4THjQk8FJrrtXpUNP2sdNbvhE/fHI1P3xyNi5mF+O/mOAQu3IK4H2djSL8eKu36uHeHo40Zdh45j98SLiLouQF1jqFdOx30dbCA5LL6+m3j3v8ZfgMc8VR/R43G2pCmvBca+75trr+DNHn/NPa1ISIiagta/l9RREREzcDNyQJdjA2w8+h5ped3HD6L9u3b1Rt+1dSu+k5hdc1wcXeyhKFBJ0Sfuqz0/H++/x1ByyJwo+Q2klKlmDPBB4P62sFUJF/CV3Hvfp19drcwRjdTQ+yJu6j0vGImBgC4OVpA1FkXl7OKIO5lJfzpatoZdhZ1z6Qqu1Op9Pi3hIswN+kM266iOo9RZ9IId+yIkSIwEAAABHxJREFUOYtDf1zBxBF/LwvT5Hwbuma1aXI9NOlXk3Zqc7A2Vbq+NZfuaaqpr9Xjosln5Ur2DQyd/SNOnssCAPSx74bv3h8PAJBczquz7ZdHeWD9b0nIyLmFKf4e9Y7j5TFiHPojHeeu5is9n3AmE/uOp8Gum3Gzfa6b8l5o7Pu2ucba0Punqa8NERFRa8cZWERE1CZ07NAey2ePwpwvo9DVpDPG+PRC4oVsfBp2FB+8Mkzjukc9LE0BAGH7TuPpAU4Q97JS2q6n2wELXhmOZf87DDNjA/h62OPYn9fw1dZ4bP54MsxEBrAyN8IXm2LRsUM73HvwEN9HnITsdiXuVj5Q22f79u3wf68Mw4JvD6CLsQGGeTrgSPJVbI85BzsL+fI13U4dEPK6P97/Zj86tG+HsYN7I/dGGRZ8ux+TRvTDl++MVdt22N7TcLLtgiH9eiD61BX8vD8Fy2ePFAq4a2qSfz+s+PkYupp2hl9/B+F5Tc63oWvWlOuhSb+atPMoNPW1elw0+awYG+rhluwOXv9sFz6bMxrmxgbYdCAFHdq3wzDPuoOYqWM88UnYUQxwsYGTbd211QBg3qTBiIg5i7HBYVj6mj8crE1xMbMQKzYew1MDHDHhKTe0a6fTLJ/rprwXGvu+ba6/gxp6/3w2Z3STXhsiIqLWjgEWERG1GbNf+Bc6dWyP/26Ow9e/JKC7pTG+fGcs5k0eonEbTw1wxMQR7ljy4yFcHlOEH/7zgso+HwU9BQPdjvg+8iSWrotB7x7m2BQyGZP95TOT9n4VhHlf/4bpyyNhbmKABa8Mx70HD3Exs7DOfudPGYJi2R38sOsPrN5+HM8M7o15kwdjV+wFYZ95k4fAyEAXX22Nx8ot8bAwM8S/n+mPxTOerrPdqWPEOJueh5Vb4vHg4UMETxmCBdOGaXw9FDx6WqF3j67w6++gFH61a6ej0fk2dM0aez007VeT6/ooNOW1epwa+qx0aN8O0d/MxAffHcCMTyJRee8B3Bwtsfu//4a7k2Wd7fbqbg4LM0ONirfrduqAmO9ew9J1MQj5KQbFZXfhYG2KWQFe+L9pw9GunY5GY9VUU94LjX3fNtdY63v/NPW1ISIiau10qppSBZSIiIi0ntUzn2HaGDH+O/eZlh4KPSH+SM2Gz8y1TSp+T0RERG2fTCZreKc6cAYWERFptfY+H7b0EFqdhyc/U3mO15EepZy9CxEvycTyDUcwcYQ7bLsZ8z3XQtR9/omIiNoCBlhERKTV+GWsefA60qO0Oy4VQcsjMNzTAWsWyAuK8z1HREREzYlLCImIiIiIiIiI6JHjEkIiIiIiIiIiImpVXn311Tq3bdy4Uelx4+6hTURERERERERE1Axqh1T1Pc8Ai4iIiIiIiIiIWkTtsKquUIsBFhERERERERERtRhFaFVXeAWwiDsRERERERERET0G/6SIO2dgERERERERERGRVmOARUREREREREREWo0BFhERERERERERaTUGWEREREREREREpNUYYBERERERERERkVb7f6Nihcq0VBpdAAAAAElFTkSuQmCC' height='250' width='300'/> ]]>
  </system-out>
</testsuite> <!-- com.tribu.qaselenium.tests.mazaprendo.MAScoreCourseTests -->
