<?xml version="1.0" encoding="UTF-8"?>
<!-- Generated by org.testng.reporters.JUnitReportReporter -->
<testsuite skipped="0" hostname="station" name="com.tribu.seleniumframework.tests.PositiveLoginTests" tests="1" failures="0" timestamp="2021-10-15T00:26:36 COT" time="9.514" errors="0">
  <testcase name="logInTest" time="9.514" classname="com.tribu.seleniumframework.tests.PositiveLoginTests"/>
  <system-out/>
</testsuite> <!-- com.tribu.seleniumframework.tests.PositiveLoginTests -->
