<?xml version="1.0" encoding="UTF-8"?>
<!-- Generated by org.testng.reporters.JUnitReportReporter -->
<testsuite hostname="station" failures="0" tests="1" name="com.tribu.qaselenium.tests.mazaprendo.MAUploadEvidenceTests" time="16.371" errors="1" timestamp="2022-04-15T18:42:14 COT" skipped="0">
  <testcase classname="com.tribu.qaselenium.tests.mazaprendo.MAUploadEvidenceTests" name="uploadEvidence" time="16.371">
    <error message="javascript error: Cannot read properties of null (reading &#039;click&#039;)
  (Session info: headless chrome=99.0.4844.51)
Build info: version: &#039;3.141.59&#039;, revision: &#039;e82be7d358&#039;, time: &#039;2018-11-14T08:17:03&#039;
System info: host: &#039;station&#039;, ip: &#039;127.0.1.1&#039;, os.name: &#039;Linux&#039;, os.arch: &#039;amd64&#039;, os.version: &#039;4.19.0-20-amd64&#039;, java.version: &#039;11.0.14&#039;
Driver info: org.openqa.selenium.chrome.ChromeDriver
Capabilities {acceptInsecureCerts: false, browserName: chrome, browserVersion: 99.0.4844.51, chrome: {chromedriverVersion: 99.0.4844.51 (d537ec02474b5..., userDataDir: /tmp/.com.google.Chrome.WiaiIo}, goog:chromeOptions: {debuggerAddress: localhost:33173}, javascriptEnabled: true, networkConnectionEnabled: false, pageLoadStrategy: normal, platform: LINUX, platformName: LINUX, proxy: Proxy(), setWindowRect: true, strictFileInteractability: false, timeouts: {implicit: 0, pageLoad: 300000, script: 30000}, unhandledPromptBehavior: accept, webauthn:extension:credBlob: true, webauthn:extension:largeBlob: true, webauthn:virtualAuthenticators: true}
Session ID: da174fcddbd8f07191b972db827805db" type="org.openqa.selenium.JavascriptException">
      <![CDATA[org.openqa.selenium.JavascriptException: javascript error: Cannot read properties of null (reading 'click')
  (Session info: headless chrome=99.0.4844.51)
Build info: version: '3.141.59', revision: 'e82be7d358', time: '2018-11-14T08:17:03'
System info: host: 'station', ip: '127.0.1.1', os.name: 'Linux', os.arch: 'amd64', os.version: '4.19.0-20-amd64', java.version: '11.0.14'
Driver info: org.openqa.selenium.chrome.ChromeDriver
Capabilities {acceptInsecureCerts: false, browserName: chrome, browserVersion: 99.0.4844.51, chrome: {chromedriverVersion: 99.0.4844.51 (d537ec02474b5..., userDataDir: /tmp/.com.google.Chrome.WiaiIo}, goog:chromeOptions: {debuggerAddress: localhost:33173}, javascriptEnabled: true, networkConnectionEnabled: false, pageLoadStrategy: normal, platform: LINUX, platformName: LINUX, proxy: Proxy(), setWindowRect: true, strictFileInteractability: false, timeouts: {implicit: 0, pageLoad: 300000, script: 30000}, unhandledPromptBehavior: accept, webauthn:extension:credBlob: true, webauthn:extension:largeBlob: true, webauthn:virtualAuthenticators: true}
Session ID: da174fcddbd8f07191b972db827805db
at java.base/jdk.internal.reflect.NativeConstructorAccessorImpl.newInstance0(Native Method)
at java.base/jdk.internal.reflect.NativeConstructorAccessorImpl.newInstance(NativeConstructorAccessorImpl.java:62)
at java.base/jdk.internal.reflect.DelegatingConstructorAccessorImpl.newInstance(DelegatingConstructorAccessorImpl.java:45)
at java.base/java.lang.reflect.Constructor.newInstance(Constructor.java:490)
at org.openqa.selenium.remote.http.W3CHttpResponseCodec.createException(W3CHttpResponseCodec.java:187)
at org.openqa.selenium.remote.http.W3CHttpResponseCodec.decode(W3CHttpResponseCodec.java:122)
at org.openqa.selenium.remote.http.W3CHttpResponseCodec.decode(W3CHttpResponseCodec.java:49)
at org.openqa.selenium.remote.HttpCommandExecutor.execute(HttpCommandExecutor.java:158)
at org.openqa.selenium.remote.service.DriverCommandExecutor.execute(DriverCommandExecutor.java:83)
at org.openqa.selenium.remote.RemoteWebDriver.execute(RemoteWebDriver.java:552)
at org.openqa.selenium.remote.RemoteWebDriver.executeScript(RemoteWebDriver.java:489)
at com.tribu.qaselenium.testframework.pagebase.BasePO.click(BasePO.java:95)
at com.tribu.qaselenium.testframework.pagebase.BasePO.click(BasePO.java:119)
at com.tribu.qaselenium.tests.mazaprendo.MAUploadEvidenceTests.uploadEvidence(MAUploadEvidenceTests.java:42)
at java.base/jdk.internal.reflect.NativeMethodAccessorImpl.invoke0(Native Method)
at java.base/jdk.internal.reflect.NativeMethodAccessorImpl.invoke(NativeMethodAccessorImpl.java:62)
at java.base/jdk.internal.reflect.DelegatingMethodAccessorImpl.invoke(DelegatingMethodAccessorImpl.java:43)
at java.base/java.lang.reflect.Method.invoke(Method.java:566)
at org.testng.internal.MethodInvocationHelper.invokeMethod(MethodInvocationHelper.java:133)
at org.testng.internal.TestInvoker.invokeMethod(TestInvoker.java:598)
at org.testng.internal.TestInvoker.invokeTestMethod(TestInvoker.java:173)
at org.testng.internal.MethodRunner.runInSequence(MethodRunner.java:46)
at org.testng.internal.TestInvoker$MethodInvocationAgent.invoke(TestInvoker.java:824)
at org.testng.internal.TestInvoker.invokeTestMethods(TestInvoker.java:146)
at org.testng.internal.TestMethodWorker.invokeTestMethods(TestMethodWorker.java:146)
at org.testng.internal.TestMethodWorker.run(TestMethodWorker.java:128)
at java.base/java.util.ArrayList.forEach(ArrayList.java:1541)
at org.testng.TestRunner.privateRun(TestRunner.java:794)
at org.testng.TestRunner.run(TestRunner.java:596)
at org.testng.SuiteRunner.runTest(SuiteRunner.java:377)
at org.testng.SuiteRunner.runSequentially(SuiteRunner.java:371)
at org.testng.SuiteRunner.privateRun(SuiteRunner.java:332)
at org.testng.SuiteRunner.run(SuiteRunner.java:276)
at org.testng.SuiteRunnerWorker.runSuite(SuiteRunnerWorker.java:53)
at org.testng.SuiteRunnerWorker.run(SuiteRunnerWorker.java:96)
at org.testng.TestNG.runSuitesSequentially(TestNG.java:1212)
at org.testng.TestNG.runSuitesLocally(TestNG.java:1134)
at org.testng.TestNG.runSuites(TestNG.java:1063)
at org.testng.TestNG.run(TestNG.java:1031)
at org.testng.remote.AbstractRemoteTestNG.run(AbstractRemoteTestNG.java:115)
at org.testng.remote.RemoteTestNG.initAndRun(RemoteTestNG.java:251)
at org.testng.remote.RemoteTestNG.main(RemoteTestNG.java:77)
]]>
    </error>
  </testcase> <!-- uploadEvidence -->
  <system-out>
    <![CDATA[ <img src='data:image/png;base64,iVBORw0KGgoAAAANSUhEUgAABLAAAARMCAYAAACJcWqtAAAAAXNSR0IArs4c6QAAIABJREFUeJzs3XlcVOX+B/DPMMOwr4qIioi4gBvpVQwDNzS1m7ulud3s5pJL1k3FpdIytzKt1DR/3dzQSi+5l6mouSsugfuCiggoqMCwLzPn98c0J4ZZQZYBP+/Xi1fMc855znNmDikfn+d7JIIgCCAiIiIiIiIiIqpACoWizMdaleM4iIiIiIiIiIiIyh0DLCIiIiIiIiIismgMsIiIiIiIiIiIyKIxwCIiIiIiIiIiIovGAIuIiIiIiIiIiCwaAywiIiIiIiIiIqpSu3btMrqdARYREREREREREVUZTXhlLMRigEVERERERERERFWiZGhlKMRigEVERERERERERJXOUFilr10iCIJQ0QMiIiIiIiIiIqLnm0KhKPOxnIFFREREREREREQWjQEWERERERERERFZNAZYRERERERERERk0RhgERERERERERGRRZNV9QCIiIiIiIiIiOj5cfHiRbP3bdu2LQDOwCIiIiIiIiIiIgvHAIuIiIiIiIiIiCxajVlCOH7R//DfnWcMbp86LBRfvtcPuH8BwqqBhjty9IDkw2hAIqmAURIRERERERERUWnVmADLbN5tAUcPICtV//asVODOacAvuHLHRUREREREREQ1hkqlQk5ODnJzc5GXl4f8/HwAgFwuh52dHezs7GBrawuZ7PmLZsri+XuXJBKgZU/gzBaDuwgxuyBhgEVEREREREREpSAIAjIzM5Geni4GViW35+XlIS8vD2lpaZBIJJDL5XB1dYWzszMkXA1m0HNZA0sS2M/4DlcOAIJQOYMhIiIiIiIiomovJycHd+7cwaNHj5CXlwdBEFBUVITs7GwkJSXhyZMnyM3NhUqlEo8RBAH5+fl49OgR4uLikJubW4VXYNmevxlYAND4RS4jJCIiIiIiIqJnJggCUlNToVAoIPw1GUahUOD48eM4d+4cbt68iZycHNStWxf5+fkICAjAK6+8ghYtWmjNuBIEAQ8ePICLiws8PDw4G6uE53IGlriM0AghZlclDYaIiIiIiIiIqiNBEJCQkICMjAwIggCVSoWnT58iPDwcixYtwu+//46UlBRYWVnBy8sLaWlp2LFjB8aPH4+IiAit2VgaGRkZuH//vhiGkdrzOQML6mWEgpE6WLhyABi4kE8jJCIiIiIiIiIdmvCqeK2ruLg4LF68GJcvX4ZcLoevry/8/f3h5+cHFxcX+Pj4IDk5Gbdu3cLGjRvx5MkTTJgwAba2tmKfAJCfn4/4+Hj4+PhwJtZfntsAi8sIiYiIiIiIiKisUlNTtcKrjIwMfPPNN4iNjYVUKkXr1q0RHBwMT09P2NnZwcbGBs7OznB3d4eXlxdu3ryJvXv3olatWhg1apTYjyawKigoQGpqKpcT/qXKlhAGDv7Q6NedBwaCpfLCZYREVA28NmsTpMHhWLr5D4P7zP8hCtLgcIya95PYtnbHGWyNijXrHG99thU2IbPwJCPnmcdb0d5fvgu+AxeJr0tzneZasukIDpy9Va59EhEREVHNkpOTg4yMDPG1IAi4ceMGrl69CisrK7Rr1w7BwcFwcXGBtbU1HBwc4OjoCGdnZ7i6usLJyQl169ZFUFAQzpw5g7S0NADQCqokEgkyMjKQl5dX6ddniapsBta1u0lGt+cXFlb4GLiMkIiqi/V7zmHaiC467YIgYOOv53Ta9xy/Cg9XR7we1sZov7n5hfjl8GUUKVX4+WAMJg6uXrNOzb3O0th6MAbZOfnoGdS03PokIiIiorLJy8vDnj17cOjQITx48ACOjo5o27YthgwZAl9f3yoZkyAISE5O1mmLjIyEQqGAk5MTmjRpAhsbG8hkMlhbW8PW1hZ2dnaQSqVQKpXIz89HdnY2rKyskJ6ejqSkJLi5uek9X2JiIvz8/J77WVjP7xJCwLxlhAkXgYbtKndcRETF1HZ1wLV7KTh7NQFBLby1th398y7uJD5FHTdHrfZdS8eY1ffOo1eRm1+IQV1bIeK3C9UuwDL3Okvj/Iap5d4nEREREZXegwcPEB4ejhdeeAFTp06Fj48PsrOzcfbsWcyePRtDhgzB4MGDK31cWVlZUKlUWoGSUqnEmTNnoFKp4OjoCJlMhhs3buDRo0eoVasWmjZtCn9/f1hbWyMzMxOXL19GTEwMrK2tYWNjg0uXLqFVq1YAoFO8XRAEZGZmwtnZuVKv09I83wGWZhmhkVlYwp+7IGGARURVqH1AA9yIT8X6Ped0Aqz1e84hsKkXnB1stdqD/70SDeq4YNuiUTAm4rfz6PYPP4zp2wF9P1iHWwmP0dS7trjd65X5eKtvB8QlPsHeE9dgI5fhzX+2x5JJr0AqtRL3GdK9NW4/eIKjf97B2R/eRcvGnvj5YAwWrIsS+1w86RW80slfPGbcgI7IyMpDxO8XYCWR4LWwNlj+Xj/IraUAAJVKwMdrf8faHWeQm1+IV18KgNxa+4+t4td5POYeukxYrfc6YyLeRyu/uhAEAct+PIbVkaeQ/ESBZt4e+GTcy+gX2kLct+mQJejRoSlWhw8S24xdCxERERGVv+zsbEybNg2TJk1CaGio2G5ra4s+ffogNDQUU6dOhbu7O7p161apY9Ms9ysuISEBeXl5kMlkcHJyQmpqKuRyOQIDA5Gbm4vc3Fw8fvwYDg4OyM7OhiAIaN68OWQyGe7evYtbt/4uYSGRSHRCrKdPnz73AVaV1cCyFJLAfsZ3iNkD8NGVRFSF8guK8Oar7fHj/j+Rl18ktmfl5ON/h2Ixpm8H5BcUGelBv9S0bOw/ewsDurRCjw5N4WRvg837Lujst3TzH2je0AP/WzQab/6zPZb/eAyLNh7W2mfN9tNwc7LDoomvwMPNAZt+u4DhH21Bv9AW2Pf123ixVUMMmLEBF2/8vXx86ZY/kF9YhC2fDseU10Ow5pfT+O/us+L2ZT8exaINh/F2vyBELh4N33ru2Pz7RYPX80JTL5z5YYr4dey7iajj5ojWfnXRrKEHAODT/x7Ex2t/x8x/dcPBFePQwrcOXpu1CZfjHhrs15xrISIiIqppPHp9AmlwuM6XR69PAACX4x5CGhyO95fr1o526zEX1++lPNP5t27dig4dOmiFV8U5Ojri008/xapVq6BUKp/pXKWhVCpRUFCg056WlgaJRAKVSoX69eujQYMGCAgIgKenJ3x9fWFrawuVSgWVSoXU1FTk5eXB19cXMpkMXl5eyMnJgUQiEWd1lfxvYWEhiopM/53/f79sR+NmLYx+TQufVY7vSOV5vmdgAZWzjDDpGpCb+fdrOyegXkDp+nj6AEgr8ctSPX/AzowENu4MgBJrZd3qAe4NTB9bcuylVZZrLSHmehwUmeri0q2b+8LV2dHEEWrxiY9wP8nw/zQzMrPg4uRodp9Hz8YaXHMcn/gIPvU90bBeHfjU9zTZV7oiC5du3DW5X0mhHVob7Kes742h44xdb3GlOa8hMdfjsPfQaRw9+3cxbhcnRwQGNMaI/j3Mek9rsryCIrz5z/aY938H8MuRSxjeqy0A4OeDsShSqjCiV1us2x1d6n5/PPAnlEoV+nduAbm1FP98yR8R+y5i3tiXtfYb1acdPhmnbuv1YjOkpmXj65+OY9bobuIsrH6hLbBl/nAA6inOs779DcN6BuKzCb0BAKGBvjj25z2s2HYcP3z4urqvjs3FWU4vd2yGXUev4I8Ld/DOoGAUKVX4IuIPvNW3AxZO7CPu8yAlA8di9P/sONrboH3A3/9fm7FiL9KzcrF/xVhxVtdvp27ggzc64+1+QQCAwKb1sO3QJfx26gZa+dXV6dPcayEiIiKqiXZ+8SZeDTH8+5yrkx027buA4b3aokOJlQLPKioqCh9//LHRferXrw8fHx9cv34dLVu2LNfzG6IpqF48YFKpVHBzc4NUKkVhYSHs7e0hlUpx+vRp5ObmwsHBAXXr1oWDgwO8vLyQlZWF/Px8HDx4EEqlEg0bNsSTJ0+gVCq1+i05EysnJ8fkLKwhgwYCAGbMnKN3+6CB/bF0ySK92ywdA6xKWEYo7FgA3Cn2y6WtEyT/2WFegKTp46eZ2n0AkLyzEfDraPzAuDMQVo/Wba/nD8l/dpo+b8mxl1bjDpBMjCj78QB6/ysciix1gDV74nDMmTTSrOMidhzAwm+NFOkvpmG9OvhuwX/QOchwIeg+Y2aa1ZeLkwMmjx6AiSP7Gwx2Yq/fMbu/4rKv/Gqwnzb+jXEqcqVZ/RR/b35bt1jvdZdmfG38G2PkgB4Y0b9HqcKs3VGnMGPxdwaDxj2HTmHBqs0I7dAasyeOMPr51GR5BYVoUMcFL3dsivV7z4kB1vq90RjQuSXcne2RX1j6f3WK+O0Cglv7wKu2+g/BgV1b46cDMTgRew8vtWkk7ufmZKd13MCurRCx7wISUxVoWNcVANC4nru4/dq9FCQ/VmBQt78DVysrCUJfaIRTl+6LbX71/z4GAOrWckJKWhYA4P7DdDxOz0a/zi209qnlYm/WtR29eBfLfjyGxZP6oHWxYOr0fydr7Wdva41azvZ4auAJjOZeCxEREdHzyMZairlv98S4RZGIXv8uZNLyW+SVmJgIHx8fk/v5+vri/v37lRZg5ebm6rRJJBJ4e3vD1dUVKSkpkMvlcHR0RIMGDZCSkoLatWujdevWKCwshEqlgo+PD3x8fGBra4vc3FzUr18fhYWFuH//Puzs7ODg4AAHBwedCQX5+flmjdFQiFWdwyuASwgBAJKWvYzvUN7LCPMyIewqxU0T/UuZQyTh6Ab9G5Ku/zUzy7Jt2n5ADK8AYNWmnUhXZJX7ee4npaDPmJno/Wb4M/efkZmNBas2I3jwZMRcjyunEZoWe/0Oxs9ZVmnnK3nuGYvXosXLY7A76pTJ/dMVWRg/ZxmGvTtfK7wKad9a60vjWPQl9BkzEwu/3Vwh47d0BX+FU2/1DcKhc3G4/zAdtxIe42RsPMb07QAAKCwqXYB1Iz4V568/wIAuf/9B3ye4OWxtZIj4TXcZYXEebg4AgIdP9c/O1IRQr8+O0Jpu/t9d0UjL1P0DvzjNvzA9fKLu29PdybwLKkaRnYc35/+M0Bca4T9vdNbalpqWjXe/3Am/QYthGzob0uBwcbzlfS1ERERENV2RUoVxAzrC0V6OL7ccLde+nZyckJ2dbXK/rKws2NramtyvvGhCJM3fW1Uqlfh9WFgY/Pz8YGNjA4lEgrZt22Lo0KHo3bs3XFxcIAgClEolrKysYGNjgy5duiAsLAy1a9dGVlYWvvjiC2zZsgV//vknUlNTkZ+fD5VKJZ5b39JFQ4YMGojPFy8QX1f38AqoBjOw5qzciTuJjw1unzS0K0Je8Hu2kzTpVPlPI7x8UB0gmZpBlauAsHNh2c7x9AFwJcrgZuHoBkhMnb+KLVilDiy8veogITkFGZnZ2B11CqMG9ixVP4ZmGcVcj0PstTtYsGozEpJTcCz6Ehas2owvZo032FdI+9b4fcMSnfZ0RRaORV/Cyo07cPzcJXUo9uZMXN2/zuispNLMKjMlYsdBhLRvXer3xxhD1wuolxnGXr+DiB0HcOnGXWRkZmPYu/MxcWR/o+/h0CnzcfzcJQCAs6M95kwaiZEDdGdvxSc+0pottmDVZqRlZBntuybS5Of9QlvA3dkOG349j7z8Qnh7uqJHh6Z/7VO6kD3ir1pX4St/RfhK7Zl9W6Ni8dX7/WAj1/9HRMpTdajj6a7/vnaytwEArJ01BP/wr6+1zVomNWt8XrXVwdUTAzOjjHlv+S6kKXJx5NsJsLLS/lervtPWQSa1wpb5w9HM2wN2NtbwHWj4D/LyuBYiIiKi6mrwzI06f596f1ioWOJBENSzj9aED0bIuG8xpFtr+DWoVS7nbteuHaKjo9Grl+EJJ0qlEmfPnsXYsWPL5ZzmyM/PhyAI4myqvLw8ZGVlIT09HXZ2dvDz84NSqURRURGkUins7Owgl8uRnp6OoqIiKJVKyGQySCQS2NraQhAEFBUVoVGjRti2bRtu376N+Ph4tGvXDo0bN4a3tzc8PT0hk8nE5YvmGjJooDgbqyaw+ADrwOlruHgjweD2V0NbP3uAJZVXydMIhZ9mqZcSGqljJRzdAOSVrQaVcMzA7CuNK1HqkKsUSxlLS9L5zTIfuzvqFBKS1bNzvpg1XgyGFn67udwCmkB/PwT6+6FvWDB6vxmOSzfu4tuInegc1AZ9w4JL1ZersyP6hgWjb1gwFqyKwMJvtyAjMxvj5izD1hXG126XpwkfLkebgMYI9H/GnwszdA5qg85BbTB59ADsjjqFcbO/hCIrB99G7EQb/8Z6P6fpi74Tw6vWzX3x84qPDda48qnviTmTRuLVsGBxKamxvms6ubUUI3u3w4a955BfWIR/9+2g8xcKcwiCgM2/X8RLbRqJf/nQiLmVhHe/3Im9J69jUFf1Y3wzc7SnKu8+fhW1XR3QwMNFb/+tGteFs4Mtbt5Pxb/7dRDbE1MzxEDIlIaerqjj5ohdR6+gT3Bzsd3YbCkA2H7kMjbsPY/1Hw8VlzdqPE7PRvTVBGyaNwwdWzYEAOTlFyHPSAH88rgWIiIiouoqcvFoozWwNFo29sTk1zrhnc9/wf5vyidMeuONNzBv3jyEhobC3l5/GYmtW7eiXbt2qFWrfEIzcyiVSigUCiQnJ+PmzZtISkrChQsXkJiYiM6dO6NFixa4evUqHB0dkZ6eDltbWzg7O0MQBMTGxsLNzQ1Pnz5FYGAg3NzcxPDLxcUFOTk5UKlUuHr1KlJSUuDi4gJfX18EBwejadOmlXqdlohLCP9S6csIASAt0fASP0AdLh0wr6aRjlwFEL3d5G7C/hVGt0smRkCy9Ibhr/nR6mLy+o4dugho1aNMwweAlRt3AFDPvuobFozJowcAUC/327T9QJn71cfV2RHfLfyP+Lp4MfGymDNpJLy96gAA9h46/Ux9mat1c1/x+z5vzqyQpZbG9A0Lxr5iM7XCl6zVGUN84iN8G6GuvebsaI9965eYVaA90N9Pp+/n1Vt9O+Bu0lMkpSrw5qsdTB+gx/GYe4hPTsM7g4MREthI6+udQcGo7+GitYxw3Z5z+CLiD5yMjce8/9uPjb9ewHvDQsUC7iXZyGWYN7Ynlv14FHNW78PxmHvYGhWLl8Z+i89+MDwrtDip1ArTR3XF/+08iw/X7MP+Mzcxc9Wv+Pmg4Z/NlLQsjF8ciQ4tvNHary7+vJkkfj3JyIG7sz28ajtjyaYj2BYVi82/X0T3Sd9BkZ2H3PzCCrsWIiIioufBnDfDEJ+cho2/noe17NmjhubNm6Nfv35477338OjRI61tKpUKP/30E1atWoWnT5+Wamnds8rOzsbt27dx9uxZnDt3DlFRUbhz5w4ePnyIuLg4SKVSWFlZicGUQqFAVlYW5HI5AgIC0KBBA3h6eiI3NxdPnz6FQqFAZmYmkpLUD23TBGQpKSlISkpCbGwsDhw4gCtXrlTqdVoiBlgammWEhmiWEZa3AyvVQZUewk+lL/Itiv5Fd+ZW6GjAtsSSn8tR6rCrjISdC9T1tEpqPwDoMKjM/R49GyvO0pkzaQQAdUCiCYU27zxY5r4NCfT3g7OjOtmPvX7nmfvrHPR3Daf4xEdG9iwffcOCMaJ/GAB1Ha6yFIl/VoH+fpg9cbg4hogd2p+TJpQEgM9nji9VwfdAfz9MHNlf7Lu8Q8zqopVfXXRo4Y1u//BDIy+3MvUR8dsFuDrZiTOsirOykmDMq+3x68nr4vK9Eb3bIvZ2MgaGb8CKbSfx3rAQzBjZxeg5pg4NwXczB2PH0SsIm/Qdpn29ByN7t8X88Sb+saCY94eFYNa/uuG77WcweOZG3E16iqlDXzK4/8nYeDzJyEH01QT8419fa31ti4qFlZUEe74cA1dHW4yZvxVzVu/DyD7t0LZ5PVwz8pjn8rgWIiIioprO1kaG1eGDMO2bPVCqymfyxxtvvIGhQ4di8uTJmD59OlatWoUlS5Zg6NChuHfvHkJCQnDq1CnMnDmz0sIdOzs72NjYoEGDBpDL5XBxcYFSqa5He/HiRZw/fx4PHjxAUVGRGGApFAokJCTg0qVLiImJwcOHDxEbG4tHjx4hIyMDjx49ws6dO1FQUCDW1MrPz0deXh7y8vIQFxeHy5cvQyaz+EV0Fer5vvrizFlGeGV/uS8jBADh51mQvLNJu/HywWd6+p++5YOS0H9ByFUA5/4OEZCXqa6F1WtK6c+xc4F2XxqNO0AyTH/NJHNF7FCHE86O9lpL+eZMGoEJHy7HsehLOHo2ttyfSudT3xOXbtwtl8Cp+Myi+MRHZs00elZrF36A2Ot3cOnGXbGo+3cL/mP6wHI0adQAsWbVqk07xJlzgPbnWpYlgJNHDxBncO0+VPpaaNXRtkWjdNpKPkkPAG79L1zr9Sk9+2h8N2swvps12OD2T8a9jE/GvSy+ruVsjy/efdXg/sm/fqS3/a2+HfBWX/2zxPQds/vLMVqvJRIJ5o/vpRMUfTm1r/h98esc0KUllKeM/7/nhWb18Mead7TaJg7WXi6sUgk6T9Axdi1ERERENdWAGRsg0VOx4tz6qZDqKWXRvX0TvNLJH5tMPBSoNMLCwtC1a1fcuHEDCQkJsLOzw4QJE+Di4oKioiLMnj0bx44dw4wZM7BkyRLY2FRsmQcnJydcunQJ169fR2JiIuLi4pCdnQ2lUom8vDzs2rUL7u7uaNSoEVQqFbKysiCVSpGSkgJnZ2fUq1cPWVlZuHv3LrKzs6FSqZCTk4O8vDxYWVmJAZZmJpe9vT0EQUBaWhoDrKoegCWRtOwFwUiAhUu/Ab3Dofcn+FnEnVUHVprlds9SuB1Qz75KS9JuaxkGuDeApPObEEqGTue2A6UNsKJ/AY5t1G338odkzLel66uE+MRH2LxTvTRn8ugBWrN0+oYFY8bi76DIysHKTTvKPcC6dOMuAKBNQONn7ium2CwuY+HV/SR18XhTQju0NrkPAOxbvwQBPd+EIiunQoq6m+Lq7IiQ9q3FQvYa8YmPxCdKlra+mIZPfU+0bu6LSzfu4rgZ7xlRacQ9eIJz1x8gISUDTbxrV/VwiIiIiKpU6u9zy7TP+o+HYv3HQ8t1LFKpFC1atECLFi202mUyGRYsWICZM2fi5MmT+Pjjj7FkybNNpjDF2dkZ586dw+3bt5GTk4OsrCwUFqrLUdjY2EClUiEzMxOpqamws7NDTk4O7OzsUKtWLaSlpeHPP/+ETCaDl5cX5HI5MjIykJqaiqKiIshkMqhUKjEMKyoqgr29PZycnFBYWAhPz4qfFGHJGGAVZ+pphE/ulf/TCP8i7FwIiV8QYOesrouVlqi9g60jkGdeTSMh+hedNolmOV+9AMDLH0gutuwvLVEdSJm75C/pGoSfZ+m22zpC8sZio0XpzbFgVYT4/cgB2sGLq7MjRg7oiW8jdmLvodPlOrOp+HkD/Z8twIq5HicGLN5edYyOMWLHQZ2ldvpkX/nV5D6A+j3at2EJOg1Wh5KVWdRdo3NQa3EJqGamXPFZbc/ymbk4qQPNjEzTj9QlKo3II5fw6fcH0TOoKWdbEREREVUT1tbWWLRoEebOnatTK6siODg4oEmTJrh+/ToKCgpgZWUFqVSKgoICcQkgACQlJUEul0OlUsHe3h4eHh4IDQ2FIAjIzc1FTk4OUlJSkJCQgFu3bkEmk4l9CYIAQRBga2uL/Px82NnZISAgAK6uriZGV7OxBlZxmmWERghX9pfPuXqWWN6jKeiur3B7yzB18GSOpGu6Sw/d6mkVU5d0/pfOYSafWKjx9AGEb3WXNAHqgu9mj9OAdEUW9vxV9HxE/zC9QUfxJWnFQ6dnsWn7AXHZm7OjPSaNGmDiCMOOno3FhDnLxYBFU8OrMgX6+2HNZ++Lr6uiqDvVDMm/fmR0+WBNMmNkV2Qd+Qx7l73FJwwSERERVSNyuRyLFi3CDz/8UOHnkkgkeOWVVyCXy+Hq6gpbW1sA6uLrEokEUqkUEokEKpUKqampiI+PR1xcHO7fv4/Hjx8jLS0NGRkZePLkCW7evImoqCjk5uZCUmKllyAIsLKyEgvCBweXbRVLTfL8zcBKvARcM/zkKIncAUbLzZXTMkJJ539BOFdiqd+BlRCulJiJY+sISf/ZZhd0F46u121sX2JmVasewM4F2jO6kq4DcWcAv46GO89VQFg/Sbc4PP564uAzhleAumaSJvgpOftKw6e+J0b0D8PmnVHYvDPKrGLgm3ceFGcEFRef+AhHz8ZqLXX7ecXHRvu7n/QIC7/drHfb7qhTWgXgR/QPM7l8b0T/MIPX+ixGDeyJY9Gx2LwzSizqfiqyjE+1LKXiyyfb/DWbrU2xWW0xz1AkXzOTS1Nwn4iIiIiIqDJ17doVjRs3FmdhqVQqWFlZwdraGkVFRSgqKoKzszPq1q2L/Px8pKamIjs7G4mJiZBIJMjPz0dWVhaePHmCvLw8SKVSWFtbi7O3NDOxVCoVpFIpmjZtiu7du1fxVVe95y/ASoiFcGC54e2+HQAbByDfwPKk8lpGaOcMybDFEFaP1m4v+US/0DcB9wbm9fn0gd6i6pIOA3XOjVY9dPYVjm6AxEiAJaybqP+Jg6Gjn+mJg8Vt2q4O8ELatzZa32rkgJ5inaxVm3ZgzqSRRvs1Z4met1cdrF34H5N1te4npWDBKv0BVnETR/bHF7PGm9zPp75nudfy0qiqou6x19QBlbOjvRgGujo7wturDhKSU3A8+hLSFVmlegohoF6amZCsDhtDK+g9IyIiIiIiMkYqlWLu3LkYOXIkbGxsUFhYiKKiIgiCAKVSKRZf9/T0hEwmQ2ZmprgdAHJzc2FlZaU166qoqAhyuRxFRUXiDC4HBwfUq1cPn3zyCaytravqci0GlxDqkACtehvdo9yWEfp1VC8PNMStXqmeDihEb9dt/Kt4e0mSzm/q7nslSh2C6ev7p3BbIhiBAAAgAElEQVT9T0VsGQZJ/zlmj9GYTdsPiOHEyAE9jO7bOagNWjf3BQCs2rSzTMvjnB3tEdK+NSaO7I81n72P6wfXlzlIat3cF95edcTXaz5736zwqjLsW79EnK0UseMgNm0/UKHn2x11qtjnqD2zbNRA9eeakZmN3VGnSt33qo1/h659u3MKLRERERERVY127dph+PDhcHFxgZ2dHaRSKWQyGezt7REUFAQ3NzfUqlULXl5e8PT0RK1ateDp6YnatWvD2dkZTk5OKCoq0upTM5NL8yTCx48fo23btmjVqlUVXaVlYYClhySwn/EdLv0GCEYXGpp/rv6z1QXa9W4rRTCUqwD01LGSGJoZpSnmXoLeWljRv+id2QUvf0iGLTZ/jCZoZjV5e9Ux66l5mjpV5oQhv61bjOwrv2p9JZ/5H37fsARfzBpfqqf0hbRvrdPX6V9W4fQvK8WgaOG3my2m5pSmqLvGhA+XI/b63Qo5V7oiCzMWfye+Ll6vDNAOtMKXrEXM9Tiz+94ddUqcdWfuPUJERERERFRRZs2ahQYN1BNGHBwcYGNjg4CAAHTv3h21atVCrVq1UKdOHdStWxfOzs6wsbERa2RpCrQDEGdmCcVyBplMhqZNm2LBggU69bGeVwyw9GnSSb2M0BDNMsLy4N5AvUywpMYdtAqvm3T5oG5tqhLF20vSV8wd0dvVYZhG3Bn9TxwEgPoBwLGNwP6Vxr/McPRsrDhrRzNLx5RRA3uKs54M1aSqTK7Ojli78AMA6mWG4+cYWapayUoWdd9zqPSzn0yJT3yEPmNmivXE9BXh96nviSXh4wCog8dhU+abFWLtjjqF8XOWia/XLqz4ZZBERERERETGSKVS7NmzB40aNRILrj948AC1a9eGl5cXnJycYGtrC2dnZ7i4uMDBwQH29vawtbWFXC5HYWGhVnilmXmlUqng4+ODw4cPQyqVVvFVWg4GWPpI5ZW3jBBQLxMsMRuqtDObhP0rdBtLFm8vqVUP3dlfeZnqGVeaftdNNHz8ue0Q9q8w+WUOzeyr0j4BUBN23U9KqfClceboGxaMiSP7A1CHRGVZJldRRg3sKY6tPMUnqovaBw+eLBawb93cVwzzSpo8egBG9Fcvnb2flIJOg6dgxuK1YnH24mKux2H8nGUY9u58sbj/kvBxFVYzjIiIiIiIqDSsra1x/PhxDB8+HIC6ltXFixdRp04duLq6ivvZ2trCxsZG/N7Kykqsd6UJvzSF4EeNGoXTp0+z7lUJz18RdzNJAvtBOB9peIdyehqheL4BsyH8rg57JK16mF+4HVDPvir+NENNn8WLtyddgxC9HRL3+n/XxTJUzP3Yxr9rZOVV/DK4mOtx4hMC+4YFl6qw96RRA7Dw2y0A1E8atIRlZXMmjRDrQI2fswxt/FfqzEQqLmLHQRyL1n1Coj4j+vd4pmv8YtZ4xF6/o/eJjIZcunEHvd8M17stPvGR1hMc1WMMw+czjdf/WrvwA/jU9xQ/u1WbdmDVph1wcXIQn1ZY8j1xdrTH5zNLt9yTiIiIiIiookmlUixduhSDBg3C6NGjER0djZCQEMhkMnH5n0qlEouzK5VKODg4QCKRQCqVwsbGBjKZDLa2ttiyZQu6dOnCZYN6MMAyRLOMsKKfRqjh1xGSiYafAGiMcHS9bmPx4u1PH0BYpp7VJADA7TOQjPkWgLqYu1CyvlVaonoWVjk9WdCU4oW5TT1NsCRXZ0eM6B+GzTujcCz6Eo6eja3y2Tmuzo74eeVH6DR4CjIyszF+zjLsW7/E4P73k1J0QiBDQju0fubx/bziI7w4aLK4ZNOUjMxsswK2kPatMXn0APQNM6+4+pxJIxHaoQ1WbtqBvYdOGzyXs6M9+oYFY86kkUaDQCIiIiIioqoikUjw0ksv4dq1a4iMjERWVhZsbGyQl5cHmUwdvRQWFkIikUAmk8HR0RGOjo6wtraGr68vpk2bhtdff12cpUW6qizAGtDdePDj7GAHAOge1Bw+9WoZ3M+7rjsAoF3z+nja1XBl/sCm9dTf1GpofHmgZzP1f6Vy4KW3gHt6nrynkXrHvACrfoDpfcrSh53z3/WqGnfQ2qRV3+ryQe3jrkT9/X29AKD9AOBpotYuwtNESPT0W97SFVmIT0xBSPvWaOPfuEwBxZxJIxGfqA5jjkX/HWA1rOeJkPbqwMfF2UhNMzNp+tLMEDIm0N8PS8LHYXfUKQiCuoZT8WDHxdlB7K80GtbTfn+K91NymyGagG3GorViH/qYGp+LswMC/RvDxckRfcOCy/TZdQ5qg85BbRCf+Ai7o04hIzMLR89e+mtbazSs51nqWXlERERERERVRS6X44033oAgCCgsLERKSgrS09Nx9+5dJCQkwMPDAzY2NvDw8EBISAjatGkDDw8PWFmxwpMpEkEop8fpkeVKuibOwAIAuNWDZM7hqhsPERERERERET13FAr1JJyLF81/MF7btm0BsIj786FeABA6Wv1UQi9/SPrPqeoRERERERERERGZjTOwiIiIiIiIiIiownEGFhERERERERER1VgMsIiIiIiIiIiIyKIxwCIiIiIiIiIiIovGAIuIiIiIiIiIiCwaAywiIiIiIiIiIrJoDLCIiIiIiIiIiMiiMcAiIiIiIiIiIiKLxgCLiIiIiIiIiIgsGgMsIiIiIiIiIiKyaAywiIiIiIiIiIjIojHAIiIiIiIiIiIii8YAi4iIiIiIiIiILBoDLCIiIiIiIiIismgMsIiIiIiIiIiIyKIxwCIiIiIiIiIiIovGAIuIiIiIiIiIiCya7G5CclWPgYiIiIiIiIiIarhaLg5lPlbm6+1VjkMhIiIiIiIiIiLSpVAoynwslxASEREREREREZFFY4BFREREREREREQWjQEWERERERERERFZNAZYRERERERERERk0RhgERERERERERGRRWOARUREREREREREFo0BFhERERERERERWTQGWEREREREREREZNEYYBERERERERERkUWTmdohOzu7MsZBRERERERERETVnIODQ4X0yxlYRERERERERERk0RhgERERERERERGRRWOARUREREREREREFo0BFhERERERERERWTQGWEREREREREREZNEYYBERERERERERkUVjgEVERERERERERBaNARYREREREREREVk0BlhERERERERERGTRGGAREREREREREZFFY4BFREREREREREQWjQEWERERERERERFZNAZYRERERERERERk0RhgERERERERERGRRWOARUREREREREREFo0BFhERERERERERWTQGWEREREREREREZNEYYBERERERERERkUVjgEVERERERERERBaNARYREREREREREVk0BlhERERERERERGTRGGAREREREREREZFFY4BFREREREREREQWjQEWERERERERERFZNAZYRERERERERERk0RhgERERERERERGRRWOARUREREREREREFo0BFhERERERERERWTRZVQ/Akhw4cACbN2+GQqHAP/7xD0yaNAmurq5VPSyqYWrSfRYTE4M1a9YgOTkZzZo1w5QpU+Dt7V3VwyIiIiIiIqIaRiIIgmBsh+zs7MoaS5WKiYnBjBkztNo6duyITz/9tIpGRDVRTbrPUlNTMXbsWOTm5optXl5eWLt2LeRyeRWOjIiIiIiIiKqKg4ODwW0KhQIAcPHiRbP7a9u2LQDOwBIdPXpUpy06OhoFBQX8ZZxMmj17Ns6fPy++9vf3x9dff62zX026z6Kjo7XCKwBITk7G3bt30bx58yoaFREREREREdVEFhFgLV++HPv27RNfDxs2DGPGjCmXvq9fv46pU6eKr11cXLB161azjrWysoJUKi2XcRAZUl3vM0OTN6tbEEdERERERESWzyKLuEdGRiI5Oblc+vruu++0Xhv6pbtz5846baGhodUyWCDLVZPus6CgINjZ2Wm1+fr6omHDhlU0IiIiIiIiIqqpLDLAKiwsxNq1a5+5n8OHD+Pq1atm7RsYGIhp06bBy8sLjo6O6N69OyZNmvTMYyAqribdZx4eHvjkk0/QuHFj2NnZoW3btpg7d261DOOIiIiIiIjIslnEEkJ9Tp48iYsXL4rFukqroKAAP/zwQ6mO6dmzJ3r27Fmm8xGZqybdZ4GBgVi9enVVD4OIiIiIiIhqOIucgaWxevVqKJXKMh27bds2pKSk6LSbeOgiERERERERERFZGIsOsOLj47F3795SH/fkyRNs27atAkZERERERERERESVzWKXEGps3LgRXbp0gYuLi9nHrFu3Drm5uaU6T05ODgYOHKjV9vbbb+O1114rVT/6XLt2DefOncPVq1eRmJiIzMxM5Ofnw9HREbVq1UJAQAA6deqE9u3bl2mcX375JVq1aoW0tDTs378f0dHRSEpKQnp6OmxsbODh4YGAgAB06dIF7dq1e6ZzPH36FIcOHcL58+eRmJiIjIwMbNy40eDno1Qqcfr0aZw4cQI3b97E48ePUVBQAAcHB9SvXx+BgYHo1q0bGjVqVOYxpaen48CBAzh//jwePHiAjIwMyGQyuLm5oWXLlujWrZtZ111SQUEBjhw5gtOnT+P27dtIS0uDRCKBm5sbmjdvjtDQUISEhEAikZjdpzn32a5du7Bq1apSj1cjJCQEH330kd5t5XkvAsC4ceMQHx9v1rmLK6/7goiIiIiIiJ4PFh9gZWZmYuPGjZgyZYpZ+9+6dQsHDhyo4FGZ58iRI9iyZYvWL/jFZWRkICMjA3fu3MHevXvh5+eH8PBw+Pj4lPpcu3fvxg8//ICcnByt9pycHMTHxyM+Ph779u1Ds2bNMHXqVDRp0qTU59i1axfWrVuncw5DyzKvXbuGpUuX4sGDBzrbFAoFFAoFrl27hp9++gndu3fH5MmT4eDgUKoxRUZGIiIiQmdMBQUFyMnJQWJiIvbv34927dohPDwcrq6uZvUbFRWFtWvXIj09XWfbw4cP8fDhQ/zxxx9o0qQJwsPDSzXmqlCZ96IplXFfEBERERERUc1i0UsINX799VfcvXvXrH3XrFmj9bo0s2PK06pVq7Bo0SKDgYE+cXFxmDp1Ku7cuVOqc23btg0rV67UCXH0uXnzJt577z0cPXq0VOfYsWMHVq1aZdY5NPt/8MEHekMKfQ4dOoRJkybh3r17Zo9p3bp1WLt2rVljunDhAt5//31kZmYa3U8QBKxYsQKff/653vCqpNu3b2PatGl4+PCh2eOubJV5L5pSGfcFERERERER1TwWGWB5enrCy8tLfK1Sqcx60tkff/yBy5cvi6+tra3RrVu3ChmjKcaWrNnb20Mul+vdlpubi/nz55eqeP3p06d12qRSKWxsbPTuX1hYiMWLFyMmJsbscxw7dkynTS6XQyqV6rQfPnzYYAF+qVQKe3t7vedITk7GvHnzkJWVZdaYin/WGnZ2dnrHBABJSUn45ptvjPa5YcMG7Nmzx+B2W1tbnbaMjAwkJiaaGK355HI5nJ2dTX45OTnpPT4kJETrdWXei8ZU1n1BRERERERENY9FLiGUy+V4++23MXfuXLEtJiYGx44dQ2hoqN5jCgoK8MMPP2i1DR48GDKZ9iVW1lMIg4ODERgYiJiYGPj5+eHll19GmzZt4OPjIwYsjx8/xrFjx7B582atmUFJSUk4dOgQevbsWapzSqVS9O/fH7169YK3tzekUimePn0qniMjI0PcV6lUYunSpVi7di3s7OzMPoeLiwveeOMNhIaGonbt2sjNzdUKyh48eICvv/5a6xiZTCaOq2HDhpBIJMjNzUVsbCy2bt2qFUQlJyfjq6++wocffmj2mOrUqYNRo0YhODgYTk5OEAQBcXFx2LJlC06cOKG179GjRzFq1Cg0bNhQpx/NsrWSGjVqhKFDhyIoKAiOjo4oKCjAtWvXsH37dpw6dcrscZqrd+/e6N27t8n9vvvuO/zyyy9aba+99ppOaFsV92JJVXFfEBERERERUc1hkQEWALz44osICgrC2bNnxbb/+7//Q8eOHfXOGPnll1+0lnHVqlULQ4cORWRkZKWMV5/x48cjISEBXbt21bu9du3aGDhwIAIDA/Huu++isLBQ3Hb69OlShQb29vb47LPP0LJlS612d3d39O/fH506dcKsWbOQkJAgbktJScFvv/2GQYMGmXWOOnXqYOnSpfD09BTbSoZf69ev1yqg7+DggAULFiAgIEBrPzs7O3Ts2BFBQUFYvXo1du7cKW47duwYbt26haZNm5ocU8OGDfHFF19o1baSSCRo0qQJPv74Y3z++eeIiorSOubEiRN6A6yNGzfqBJwhISEIDw/XuufkcjkCAwMRGBiIyMhIrF271uQ4y1tUVJROeNWhQwe89dZbevevzHtRn8q+L4iIiIiIiKhmscglhBoTJkyAtbW1+PrRo0fYtm2bzn5paWn4+eeftdr+/e9/G1ySVFn8/PwMBgbFNW7cWGdm2bVr10p1rilTpuiEV8V5eHjgo48+0lle9/vvv5t9jvfff18rvCopPT1dZ8bT+PHjdUKK4iQSCSZMmIBmzZpptZcMnQyZPn260cLsY8eO1blmfe/tkydPcOHCBa22Bg0aYPr06QaX2AHqWX7du3c3a6zl5caNG/jqq6+02ry9vTFz5kxYWen/ka7Me7GkqrgviIiIiIiIqGax6ACrfv36GDx4sFbb1q1b8fjxY6229evXaxXybtGihRgqVFUR99IqOSPInALiGl5eXmaFKD4+PujcubNW271795CWlmbyWG9vb6O1lADgzz//hEqlEl/b29ujR48eJvu2srLCK6+8otVmTn2uZs2a6QQcJbm5uenM2Cl5/wDAxYsXddqGDBmit+ZVSSNGjDC5T3l5+vQpPvnkExQUFIhtDg4OmDt3LhwdHcvlHM9yL+pT2fcFERERERER1TwWu4RQY9iwYTh48KAYOuTl5eH777/HzJkzAQB37tzRmkUkkUjwzjvvGAyuKqsGlkZWVhaOHDmCCxcu4O7du8jIyEBOTo7JcSiVSuTl5ZkVoAQHB5s9nvbt2+Pw4cNabffv34ebm5vR41q1amWy75JPiszJydEJIMyVlJRkch9jM3iK8/T0xPXr18XX+oqB379/X6fN3Pe1QYMGaNSoUYU/Ka+wsBCffvopnjx5IrZJJBLMmjUL3t7eJo+vjHtRn8q+L4iIiIiIiKjmsfgAy87ODuPGjcPChQvFtsOHD6Nv375o2bIl1qxZo/ULeK9evbRm5VTlDKzjx4/jm2++0SqeXhrFZ60YY2xZX0l16tTRaTNnfLVr1za5j0KhMHscpuTl5UGpVBp8oiAAk6GbRsk6XUVFRTr7FC9cDgA2NjZGlyaWVLdu3QoPsFasWKGznO/f//43OnToYPLYyroX9ans+4KIiIiIiIhqHoteQqjRpUsXtGnTRqtt9erVOH78uNaSInt7e4wZM6ayh6fX2bNnsWDBgjIHBqVRGSFd8ScNVsY4rKysDNZz0ij5hMmqVNEz+3bs2KFTr6x79+547bXXTB5bmfeiPpV9XxAREREREVHNYzkJgAmTJk3CxIkToVQqAQC3bt3C559/rrXPyJEjTc6aqYwlhEqlEitWrNCateLk5IRRo0YhKCgI7u7uOoHQtm3b8P3335fpfMWfvmhKSkqKTpuLi0uZzmuqH7lcjsjISKNF0C2Fs7Oz1uv8/Hykp6ebPQvr0aNHFTEsAOq6TyWfdNisWTO8//77Jo+t7HtRn+p8XxAREREREZFlqDZTGRo1aoRXX31Vqy0/P1/83tvbG/3796/sYel17do1naBoxowZ6N+/P7y8vMyazVQap0+fNnvfc+fO6bT5+PiUyzgaNWqk9bqgoABnz54tl74rmr734NSpU2Ydm5iYWGHLB5OTk/HZZ5+JwS2gXjo5d+5cswKgyr4X9anO9wURERERERFZhmoTYAHA6NGjDc4WGj9+vN4lZVVRAysxMVGnzd/f3+gxt2/fLvP5kpKSdAqz6xMfH4+jR49qtTVu3LhUtZ6MadeunU5too0bN2o9Mc+Y3NzcchlHWbzwwgs6bZGRkcjLyzN57JYtWypiSMjNzcW8efO0akhZW1vj448/NqsmGVD596I+1fm+ICIiIiIiIstQrQIsR0dHvPXWWzrtHTt2NKuQdWWxtrbWabt8+bLB/Q8fPowjR4480zm/+eYbXLlyxeD2x48fY/78+VozeQB10fvy4uTkhK5du2q1xcfHY+HChUaDIEEQ8OOPP2Lq1KnIyckpt/GUhru7u849lJCQgKVLlxoNWrZv346DBw+W+3gEQcDSpUt1ZnZNmTIFLVq0MLufqrgXS6rO9wURERERERFZhmoVYAHqwKV58+bia5lMhnHjxhncvypmYDVo0ECnbdmyZdi3bx+ysrIAAIWFhbh58yaWLVuGxYsXP/M5c3JyMH36dKxduxbx8fFiUJWWloadO3di4sSJSEhI0DqmTp066N279zOfu7jRo0fD1tZWq+3UqVOYMGECfv31Vzx58kRsz8zMxB9//IGpU6di/fr1iI+Px9KlSyulTpk+o0aN0rlfjh07hilTpuDw4cPiZ1dQUICYmBjMmzcPa9asqZCxRERE4Pjx41ptAwYMKHXgWBX3oj7V+b4gIiIiIiKiqldtirhrSCQSTJo0Ce+++y4AYODAgXp/Sa9KzZo1Q+PGjXHnzh2xLTMzE8uXL8fy5ctha2tr1tK00lIqlYiMjERkZCSkUimsra0NnkcqlWLatGk6ocKzqlu3Lt577z2dICQ5ORlff/01AHURb4lEolXDTOPEiROIjIzEkCFDynVc5mjevDneeOMNnSWB9+7dE6+noj674k6dOoWIiAid9qioKBw6dMjk8dbW1uI1VNW9WFJ1vi+IiIiIiIio6lW7GViAOmjYuXMntm/frndJYXElZ9RU1iyOKVOmGCyyrS8weOWVV8p8rmbNmulcp1KpNBhMyGQyhIeHIzAwsMznNKZbt26YNm2a3ppkgHoGk76QAgA8PT3x0ksvVci4zDF69GidhwUUp+89lcvlCAgIKLcxnDhxQm97ZmYmFAqFWV/FVea9aEx1vi+IiIiIiIioalXLAAtQz4Sxt7eHlZVlXkKLFi0wf/58eHh4GN1PKpVizJgx6NOnT5nP1blzZ8yePdtggfvi/Pz8sHz5cnTp0qXM5zNHz549sXLlSrRp08as/SUSCXr27Imvv/4aXl5eFTo2U+OYMmUKPvjgA7Pez/r162PRokWlqktV2SrzXjSlut4XREREREREVLWq3RLC6uSFF17A2rVrERUVhZMnTyIhIQHp6emwtbWFu7s72rVrh969e6NRo0a4efPmM52rc+fOaNu2LX7//XecOXMGCQkJUCgUkMvl8PDwQEBAAEJDQ9G+fftKqwvm6+uLL774Ajdv3sSxY8dw9epVJCQkICsrCzKZDC4uLvDy8kK7du3QqVMnNGzYsFLGZY6XX34ZnTt3xpEjR3DmzBncvn0baWlpkEgkcHV1RdOmTfHiiy+ie/fukMlkOHnyZFUP2ajKuhfNubeq831BREREREREVUMimFhTl52dXVljITPk5ORg4MCBWm1vv/02XnvttSoaET3Phg8frlWAvUePHpg+fXoVjoiIiIiIiIiqkoODg8FtmpI3Fy9eNLu/tm3bAqjGSwiJqGqlpKRohVcA4ObmVkWjISIiIiIiopqMARYRmZSSkoI9e/YgKysLAJCamoovv/xSZ7/mzZtX9tCIiIiIiIjoOcAaWERk0sGDB7FhwwasWLECNjY2ep8W6OLigqCgoCoYHREREREREdV0nIFFRCYdOnRI/F5feAUAY8eOhY2NTWUNiYiIiIiIiJ4jnIFFREbdvn0bCQkJBrdLJBKMGTMGPXv2rMRRERERERER0fOEARYRGeXn54fZs2fj4MGDiIuLQ0ZGBqysrODh4YE2bdpgwIABaNSoUVUPk4iIiIiIiGowiSAIgrEdsrOzK2ssRERERERERERUjTk4OBjcplAoAAAXL140u7+2bdsCYA0sIiIiIiIiIiKycAywiIiIiIiIiIjIojHAIiIiIiIiIiIii8YAi4iIiIiIiIiILBoDLCIiIiIiIiIismgMsIiIiIiIiIiIyKIxwCIiIiIiIiIiIovGAIuIiIiIiIiIiCwaAywiIiIiIiIiIrJoDLCIiIiIiIiIiMiiMcAiIiIiIiIiIiKLxgCLiIiIiIiIiIgsGgMsIiIiIiIiIiKyaAywiIiIiIiIiIjIosmq6sSTv9yNjb9dNLrP8TXj0KZJXfyw5zxcnewwqEuLShpd2azZcRbfRp5BYqoCDeo4Y/KQFzG2X4eqHla1YWmfc/iqfdhz8gaubJ5a1UOxaN0n/xf1PZyxae5rVT0UIiIiIiIiqqGqLMB6f9hLGP5yoPi67/RNGNilBd569R9im199dwDAvtM3UdvFwWKCDX1+jrqEGSv3YfqIUHRr1xgHo2/jg29+Qy1newzq2rKqh1ctVIfPuTpY/+sFvLtsD+5vnw5XJ7sKP46IiIiIiIioolVZgOVX310MqABAIgHq13ZGp9YNdfbd+tkblTm0Mvm/ndF4OagJPhrTDQAQEuiDa/GpWLszmgGWmarD50xEREREREREla/KAqzS0LdEKfLIFXwecRRxiU/hV98dn47tgV4dmwIA/IZ8ibde/QcysvLw86FLsJJIMLBLCyx+pxfk1lKz+lBk52Hefw9h17FryM0vwgtNvfDp2DD8w7++zvhUKgF/3krGx29112p/qY0PPlt/GIIgQCKR6L22tTujsWb7WTxIzUDjeu6YPiIUg/8KvBr0/xzjB3QQQzEAGDhzMwBg++IR4rUO6ByAO0lpOHEpHn+sGov6Hk4mx/6/w1fw5ZZjuPXgCerVdsbb/dpjypAXxXGW5voBQBAErPjfaXy/6xwePs1Ek/q1MIbpqe4AACAASURBVOfNrvhnp+biPqb6LPk5K5UqfPrDYWzcdxG5+YV4OagJfL3c8VNULG789L7Zn7U5Y1OpBHy2/jDW7b2A3PxC9O7YFHJr3R+P8n7fgPK5lzUaDVqKp4ocAEDDgV/g9bDW+H7WQJNjN3ScOe8dERERERERUUWrlkXcfzwQizGfReKfnZpj++IRCGrRAMM+/hkxtx6K+3y97SQKipT4YfYgjB8QhO93ncOG3y6Y3cd7X+3FvtO38NV7/8RP84dCKpWgf/hmPHySqTOe9KxcFBQq4eHqoNVey8UeeflFyMot0HsdX289iZnf/o7hLwdix+KR6PuSP8Z8Fok9J66X6v34757zcHW0xSdv90BtV3uTY9+070+8tSASPTo0wfbFIzC6T1vM/T4Kn60/IvZZmusHgMWbjuKz9Yfxnzdewu7PR8HfpzZGfbINV++mlLnPZT+dwPKfT2BkrxcQMfd1NK7njq+3ndR9H0181uaMbcX/TmHpluP4V5+22DzvdTTycsPPUZe0zlMR71t53MvFHV8zFvPeDgMAnFw7HovfedmssRs6zpz3joiIiIiIiKiiVYsZWMUJgoC530dhSLeW4oynl1r74OSlBKzZcQarp/cHAPRo3wRfvfdPAEBYez/8evIGjsfEY2y/Dmb1cej8XYzu8wJefckfANC8oQdmr9mPpMeZqFvLSWtMhUUqAIC1THtGjNRKPSsnv6AITvY2WtsKCpX4YvNxvDMwCNOGhwAAOrVuiKv3UrBu7wXxvOb4Z6fmWPfhYPG1sbF7uDpg3vdRGNajDeaP6wEACA1shMIiJZZuOY4JA4Lg4eZQqusHgP1nb+PdIcF485V2AIDWfnWx/eg17D97Gy1865gcl+57qsTKyNMY/nKgOM4eHfzwIFWBYzH3tPY19lmbM7YipQpf/XwSo/u0FUOcsPZ+SExV4OTl+wDUs8HK+30rj3u5pAZ1XODurK5f1cDDGa5OdmaNXd9x5n6uRERERERERBWt2gVY1+NT8fBJJvqFBohtVlYSdGrtjTNXHohtvl6uWsd5ujsiNT3b7D6CW3lj074/Uc/DGX1ebAafuq7iUqzS0rd88MrdR1Bk56FHUBOt9v/OGoRCpbJU/Teqq32txsZ+Ke4RUtOzMbBEofQh3Vpi0cY/cPpKAvqG+Jf6+g+v/LfWa3tba7g72SFNkWvWuEpKeJSBtP9n7+6jvaoLfd9/XAsWsHhcQtAmIUoQjg+oqbhFjuYT7EFAYcrxnnZsMtt26Wgl3iwt7Zi1bZR6tJuk14it6VCEMgMfkFQUkp0mx0sq4kIMBeQKgiCKuGjdP4i1WbKQhTz4BV+vMdYYa/3mnN/5/f0m//Aec35/a97K0OMOavR65w5bLy7+Xte6OXN7afnrWfn6mxk6sPG59t/iXM+8+Oou/9x2xb/l5mju3JvSnOsKAAAAu9teF7BWvL5pnZ7Rl0/ealtTdwa93zFu+s7I/PS2Wbn2jj/mW//3fTnkE13zndEnNooNm1X9/c6r9RveafT6hnc2hahWTaxVtGrt+iRJl46NHzts3apFWu/kZXmvua94fd3f32e7Rsd0rdn092t/DxM78v6T5NVV6/LjXz+S+//j+SxdsTbv1G0d4XZkzM3XaPO8dsb25rb8tTe2e67d8bntin/LzdHcuTelOdcVAAAAdre9LmC1a1OVJPnZBcNz5EH/0Gjbux/h25kx2rapymVfPjmXffnkzP/rq7l20h/zz//zztz/v8bkuEMbf1Nix3at06qqxVZ3xSx/7Y1Ut26Zdu96fDBJOrbd9NrKv0eMpmxj3ffteq+579++OkmyYnXj825eo6lzxzbbHePd7z9JRn3v9rSorMiES05P7491TptWLXPIF65t9rzePebm2PLa2m1/Ps21vbk1nOs9Qs7u+Nx2xb/l5mju3JvSnOsKAAAAu9tet4j7wb26pkPb1ql9eWX69/5ow0+XTtX52Eead9fK9saofXllBn/jV/mPp19KkvT7+Edy1XlDk2x6BO/dKir2y9H9PpYHn3ih0esz5y7KUX2b/va5Qz7RLe2qW+UPTyxs9Pql/8+MnPvju5JselRs6Yo1jbZvvptmW7Y394M/8ZF07lid3z36bKPjfjPzmVRWVuS4Q3vu8PtfsXpd/jx/Sb4y4ugc818OSM3fH717+53/vFtnR8f8WJcO6VrTNvfPeb7R6zvy6Fxz59aja8d8pFPb3PPH57Z5rt3xue2Kf8tNqfh7+ayvb/7cmzquOZ8dAAAA7Al73R1Yrapa5OJ/OTEX/2J6WlRW5LQBvfPKa2/kuzc8kNNPPDhXnHvaTo/x/XNOyaq16/M/rvp9vn/OKencoTq3z/h/06KyIsf3/3iTY577uWMy+vLJ+d6NMzLk2D6Z8XhtHvnfL+bXl53Z5P6tW7XIN/7bwFx588zUdGiT4w7tkVlP/TXX3flYfnnx6UmSkz71idxy3//OcYf2zD90bp9Jf5iXp55/JaccfeA231uvf6h5z7m3bFGZ7475dL557T3p0rE6px7TO4/Pfzk/ufXRXHDW8encsTod27Xeofe/f4fqfLRz+1x9++y0qKzIOxv/lhvvejxr1q3PW2+/06x5vVtlZUXOHzUw373hgXTuWJ3j+388M+cuyuSHns4/dGl+3GnO3CorK/KNs47Pd294IPt3aNNwrikPP5MDunZIkt3yue2Kf8tN6dlt05pZv57+VE48olf69/7odufe1HGHfrLbdj87AAAA2BP2uoCVJGNPPzbt2lTlZ5Pn5NpJf0zXmnb574P756J/PmGXjNGisiK/+/EX8r0bZ2TsT+/O2xvqcnCvrrnjB2flkG1889rnTjg413x9aK6d9Fh+PmVOenTrmGu+PnSba0Ylybe+8F9T3aplbvzd4/nhxIfTp0fn3PSd0/P5Tx+SJLl49Kfz/61al4t/8UAqKvbLyBP+SwYP6J2Nf6vf5pjNmfuXhx+dqpYtcu2kP+ZnkzfN9YpzT8vY049t9hhbqqjYL5N/+H/kWz+/L//nT+5O547V+cZ/G5gNdXV5bvGK9zVmkvyPz/9jVq99KxOmPpmfT/mPDDm2T8446ZD8+bml23z/72dum851bFavfSu//P2fc/1v/iODB/TO2NMH5O5Z8xv22dWfW7Jr/i2/2wlH9MrIEw/OFb96KLWnHpZrvzlsu3Pf1nHN+ewAAABgd9uvvr5+2zUkybp1O/bIFuwqb2+oS8sWlamo+M/FwIaO+/dUt2qZyT/67x/gzAAAAICmtG3bdpvb1qzZtEzS3Llzmz3ekUcemWQvvQOLD4fv3Tgj8xe/mq99/h/TvrpVfj/r2cx66q+568f//EFPDQAAANiDBCyK9X/983/NFb96KF/76d1Z++aG9O3ZJbf9z1E5+ahPftBTAwAAAPYgjxACAAAAsEvsrkcIK3ZuWgAAAACwewlYAAAAABRNwAIAAACgaNtdxP29nl0EAAAAgN3NHVgAAAAAFE3AAgAAAKBoAhYAAAAARROwAAAAACiagAUAAABA0QQsAAAAAIomYAEAAABQNAELAAAAgKIJWAAAAAAUTcACAAAAoGgCFgAAAABFE7AAAAAAKJqABQAAAEDRBCwAAAAAiiZgAQAAAFA0AQsAAACAoglYAAAAABRNwAIAAACgaAIWAAAAAEUTsAAAAAAomoAFAAAAQNEELAAAAACKJmABAAAAUDQBCwAAAICiCVgAAAAAFE3AAgAAAKBoAhYAAAAARROwAAAAACiagAUAAABA0QQsAAAAAIomYAEAAABQNAELAAAAgKIJWAAAAAAUTcACAAAAoGgCFgAAAABFE7AAAAAAKJqABQAAAEDRPlQBq66uLhdeeGFOO+203HnnnXvd+NszZsyYDBo0KBMnTtzj5wYAAADYXVp80BPYnokTJ+amm27a5vY2bdrkox/9aA4++OCcfPLJGTBgQPbbb78m9120aFHmzJmTJPntb3+bM888c5fOdXePDwAAAPBhtNffgfXWW29l0aJFmTZtWsaNG5dzzz03L730UpP79urVK8ccc0zatGmTM844Y5fPZXvjT5w4MYMGDcoXv/jFXX5uAAAAgH1V8XdgbdahQ4fcddddjV6rq6vLa6+9lr/+9a+ZMWNGHnrooTzzzDP50pe+lB/96EcZMGBAo/1btmyZa665ZrfNcXePDwAAAPBhtFfdgVVVVdXop7q6OgcccECOP/74XHbZZbnxxhtzwAEHZP369bnsssuyZMmSD3rKAAAAAOykveYOrOY46KCDcvXVV+fLX/5y1q5dmx//+Me57rrrGu0zZsyY1NbW5pxzzsmYMWOaHOeRRx7JtGnTsmDBgqxatSqdOnVK//798/nPfz6HH354vvjFL2bRokX53ve+lyFDhmx3/MsvvzzTp09v2GfRokUZNGhQw9/nnntuo8cK169fnwceeCCzZs3Kc889l9WrV6dly5bp3r17Bg0alLPOOivt27ff4c+nvr4+M2fOzNSpU1NbW5s1a9akc+fOOfTQQzNy5Mj079+/yePWrFmTO+64I7Nnz86SJUuyYcOGdOjQIQceeGAGDBiQoUOHplOnTjs8HwAAAIDm2KcCVpJ07949Z599dq699to8+eSTWbRoUT7xiU8069h169blBz/4QWbNmtXo9RUrVuTBBx/Mgw8+mC984Qu7Y9oNXnjhhYwbNy6vvvpqo9fr6uqycOHCLFy4MPfdd1/Gjx+frl27NnvcdevW5fLLL8/s2bMbvb5s2bIsW7YsDzzwQEaNGpXzzjuv0SL4ixcvznnnnZeVK1c2Om7VqlV54okn8sQTT+TPf/5zrrrqqvfxbgEAAAC2b58LWEnyT//0T/n5z3+eurq6zJkzp9kBa8t49bnPfS7Dhw/PAQcckHXr1uVPf/pTfvnLX+bWW2/d5rccbsvFF1+cb3/727nlllvyq1/9Kr169cqECRMatldWVjb83r1797Rs2TInnXRSTj311PTr1y/t27fPqlWr8qc//Sk33nhjli9fnquvvjpXXnlls+dwxRVXZPbs2enSpUtGjx6do48+OjU1NVm+fHmmT5+eyZMnZ9KkSenUqVNGjx7dcNxVV12VlStXpkuXLjn//PNz2GGHpW3btlmxYkXmzp2byZMnW5QeAAAA2K32yYDVvn37fPSjH83LL7+cxYsXN+uYWbNmNcSrb3/72xk2bFjDtrZt22bYsGEZOHBg/vVf/zWvvPLKDs2nRYtNH/PmULXffvulqqqqyX1bt26dW265Ja1atWr0enV1dUaOHJmOHTvm0ksvzezZs/PGG2+kXbt2zXpvjz76aLp06ZIbbrgh3bp1a9jWvn379O7dOwMGDMi4ceMyYcKEjBgxouGRwKeeeipJMnbs2Jx88skNx/Xs2TM9e/bM8OHDU1GxVy2lBgAAAOxl9tnysP/++yfZ9Ohcc0ydOjVJcsQRRzSKV+8e87zzzts1E3wP745XGzZsaPg59NBDk2xaz+qll15q1nj33HNPkmTEiBGpqalpNN7mn/79++eYY45JXV1dZsyY0XBs27ZtkyTz58/P3/72t63GFq8AAACA3W2fvAMrSV577bUk/xlgtqe2tjZJGi2u3pTjjjsulZWV2bhx485N8D2sXr06N998cx577LEsXbp0m+dqbpxbsGBBkmTChAmNHl3clhdffLHh9yFDhmTSpEmZNGlS5syZk4EDB6Zv377p27dvevToscOPUwIAAADsqH0yYL3xxhsNj/n17NmzWcesXr06SdKxY8f33K+qqirV1dVZu3btzk3yPeZxzjnnNOsxxfr6+maPuSPWrFnT8PvXvva1VFVVZcqUKVm8eHGjRzJramoyZMiQnH322amurt6hcwAAAAA01z4ZsO6///7U1dUlSf7xH/+xWcfU1NRk2bJlWbFixXvu9/bbb++2eJUkt99+e1555ZVUVVXlggsuyPHHH5+OHTs2PKr35ptvZvDgwTs05ub3Nm7cuIwcOXKHjq2srMxXv/rVnH322Xn22WezYMGC1NbWZt68eVm8eHFuv/32zJs3L+PHj/c4IQAAALBb7HPFYdmyZbnpppuSJJ/61Kea/Q2Effr0SZLMnDnzPffb3vadNW/evCTJsGHDMmzYsNTU1DQKQ+/n0cWDDjooSRqtbbWjqqqqcvjhh+fMM8/Md77zndx222259NJLkyRPP/10nn322fc9NgAAAMB72acC1vPPP58LLrgga9euTbt27fKtb32r2ccOHTo0yabFyidNmtTkPitWrMj111//vue3eXH2VatWbXOfzbHqrbfeanL7bbfdtsPnHTFiRJJN3yg4ZcqUJvepr6/P1KlTt1qoffny5dscd8v1wrZ87BAAAABgV9qrHiHcsGFDo783btyY1157LS+++GL+8Ic/5MEHH0xdXV1atWqV73//+znggAOaPfagQYNywgkn5JFHHsl1112XhQsX5rOf/Wx69OiRdevWZc6cOZkwYULD4vDvR+/evZNsWpPqjjvuyBlnnJH169fnqaeeysCBA5MkRx11VObOnZv7778/vXr1yimnnJK2bdvm5Zdfzm9+85vce++9O3zeY489NoMHD8706dNzzTXX5Omnn87IkSPTq1evbNy4MfPnz89tt92WJ598MsuWLctXvvKVJMk777yTsWPHplOnTvnMZz6T/v37p1u3bqmvr8+SJUty8803J0latGiRfv36ve/PBQAAAOC97DUBa82aNTn55JO3u1+/fv1y6aWXNnvx9i1997vfzeWXX55Zs2Zl2rRpmTZt2lb7nHXWWbnrrruyfv36tGixYx/fUUcdlYMPPjjPPPNMfvazn+X666/Pxo0b06JFi0yZMiWdO3fOqFGj8vDDD6e2tjbjx4/P+PHjG40xfPjwzJw5c4fveLroootSWVmZe++9N9OnT8/06dO32qe6ujr9+/dv+HvhwoV5/fXXs3z58jz33HNNjltRUZELL7wwNTU1OzQfAAAAgObaawLWtrRu3TrdunXLwQcfnJNOOinHHXdc9ttvv/c1VnV1da688srMnDkz06ZNy4IFC7J69ep06NAhhx12WE4//fR86lOfanjEsF27djs0fkVFRa6++urceOONeeSRR7J69ep07949gwYNSlVVVcMcxo8fn1//+td56KGHsnTp0lRVVaVXr14ZPnx4Q8DaUa1atcoll1ySoUOHZtq0aZk3b15effXVtGjRIt27d89xxx2XUaNGNQpR/fr1y6RJk3Lffffl8ccfbwhalZWV6dq1a4444oicccYZDXeWAQAAAOwO+9XX19d/0JPYm7zwwgsZPXp0kmTKlCnp1q3bBzwjAAAAgPJtfpps7ty5zT7myCOPTLKPLeK+s2pra99z0fIk+fd///ckSa9evcQrAAAAgD1gr3+EcFdZv359LrnkkqxYsSKnnXZaBg0alN69e6dDhw7ZsGFDnn/++dx555354x//mCT50pe+9AHPGAAAAODDQcD6u3feeSef/OQns2TJkkydOjVTp07d5r5f/vKXc8opp+zB2QEAAAB8eFkD612ef/753H///Zk3b16WLFmStWvXpqqqKh/5yEfSv3//jBw5Mn379v2gpwkAAACwV9mZNbDcgfUuffr0SZ8+fT7oaQAAAADwdxZxBwAAAKBoAhYAAAAARROwAAAAACiagAUAAABA0QQsAAAAAIomYAEAAABQNAELAAAAgKIJWAAAAAAUTcACAAAAoGgCFgAAAABFE7AAAAAAKJqABQAAAEDRBCwAAAAAiiZgAQAAAFA0AQsAAACAoglYAAAAABRNwAIAAACgaAIWAAAAAEUTsAAAAAAomoAFAAAAQNEELAAAAACKJmABAAAAUDQBCwAAAICiCVgAAAAAFE3AAgAAAKBoAhYAAAAARROwAAAAACiagAUAAABA0QQsAAAAAIomYAEAAABQNAELAAAAgKIJWAAAAAAUTcACAAAAoGgCFgAAAABFE7AAAAAAKJqABQAAAEDRBCwAAAAAiiZgAQAAAFA0AQsAAACAoglYAAAAABRNwAIAAACgaAIWAAAAAEUTsAAAAAAomoAFAAAAQNEELAAAAACKJmABAAAAUDQBCwAAAICiCVgAAAAAFE3AAgAAAKBoAhYAAAAARROwAAAAACiagAUAAABA0QQsAAAAAIomYAEAAABQNAELAAAAgKIJWAAAAAAUTcACAAAAoGgCFgAAAABFE7AAAAAAKJqABQAAAEDRBCwAAAAAiiZg0Sx1dXW58MILc9ppp+XOO+/cZeOOGTMmgwYNysSJE3fZmAAAAMC+pcUHPYHtmThxYm666aYmt7Vs2TIdO3ZMnz598ulPfzqnnXZaqqqq9vAMPxwWLVqUOXPmJEl++9vf5swzz/yAZwQAAAB8WOzVd2C98847WbFiRR577LH827/9W770pS9l0aJFH/S09km9evXKMccckzZt2uSMM874oKcDAAAAfIgUfwfWZh06dMhdd93V6LW33347y5cvz6xZs3Lrrbfmr3/9a77xjW9k4sSJqamp+YBmum9q2bJlrrnmmg96GgAAAMCH0F51B1ZVVVWjn/bt26d3794ZM2ZMfvGLX6RVq1ZZuXKl9ZQAAAAA9iF7zR1Y23PggQdm2LBhmTJlSmbOnJlvfvObDdvGjBmT2traXHTRRRk4cGBuvfXWzJkzJ6+++mqmTZvWaN2s+vr6zJw5M1OnTk1tbW3WrFmTzp0759BDD83IkSPTv3//Js+/Zs2a3HHHHZk9e3aWLFmSDRs2pEOHDjnwwAMzYMCADB06NJ06dWp0zPs915bv54QTTsjtt9+eWbNmZdmyZamvr0+PHj1y6qmn5swzz0yrVq22+Zk9+eSTmTp1av7yl79kxYoVqa6uzsc//vGcdtppGT58eCorK5s87znnnJMxY8Y02rZ+/fo88MADmTVrVp577rmsXr06LVu2TPfu3TNo0KCcddZZad++/Tbnsi178noAAAAAZdpnAlaSHHLIIZkyZUpWrFiRDRs2bLWg+6JFi3L99ddn7dq1TR6/bt26XH755Zk9e3aj15ctW5Zly5blgQceyKhRo3Leeedlv/32a9i+ePHinHfeeVm5cmWj41atWpUnnngiTzzxRP785z/nqquu2ulzbam2tja/+MUv8vrrr2/1em1tbR5++OFcd911qa6ubrR9w4YN+clPfpJ77713q9dXr16dp556KtOmTctPfvKTZkWeF154IePGjcurr77a6PW6urosXLgwCxcuzH333Zfx48ena9eu2x1vsz15PQAAAIBy7VMBa3smTZqUFi1a5Oyzz86pp56aLl26NIpcV1xxRWbPnp0uXbpk9OjROfroo1NTU5Ply5dn+vTpmTx5ciZNmpROnTpl9OjRDcddddVVWblyZbp06ZLzzz8/hx12WNq2bZsVK1Zk7ty5mTx5cr74xS82msv7PdeWpkyZkpYtW+acc87JySefnP333z9Lly7NlClTMm3atMyfPz833HBDo7vRkjSKV8OGDcuIESPSo0ePvPHGG3n00Udz00035dlnn821116byy67bLufa/fu3dOyZcucdNJJOfXUU9OvX7+0b98+q1atyp/+9KfceOONWb58ea6++upceeWVzb5ee/J6AAAAAOXapwLWM888kyRbhaktXXbZZTnppJO2en3WrFl59NFH06VLl9xwww3p1q1bw7bNa20NGDAg48aNy4QJEzJixIiGu5OeeuqpJMnYsWNz8sknNxzXs2fP9OzZM8OHD09FRcUuOde7/eAHP8igQYMa/j7ooIPyne98J2+//XZmzJiRe+65J+eff37D44CPP/54Q7waN25cRo4c2ejco0aNypFHHpk777wzY8eObfKc79a6devccsstWz2uWF1dnZEjR6Zjx4659NJLM3v27Lzxxhtp167ddsfck9cDAAAAKNs+87/4RYsWZerUqUmSE088scl9DjrooCbjVZLcc889SZIRI0akpqYmGzZs2Oqnf//+OeaYY1JXV5cZM2Y0HNu2bdskyfz58/O3v/1tq7HfHUt25lxbOuSQQxrFqy2dfvrpSZK33norixcvbnj9d7/7XcOxW8arLfXp0ycXX3zxDq0R9e54teV7OfTQQ5NsWs/qpZdeatZ4e/J6AAAAAGXbq+7A2rBhw1Z/v/LKK5k9e3ZuvfXWrF+/PjU1NfmXf/mXJo8//PDDtzn2ggULkiQTJkzIhAkTtjuXF198seH3IUOGZNKkSZk0aVLmzJmTgQMHpm/fvunbt2969Oix1RpWO3OuLR122GHbPOaAAw5o+H3LNb82n/uEE07Y7nl3xOrVq3PzzTfnsccey9KlS7Nx48Ym91u3bl2zxtuT1wMAAAAo214TsNasWdPocbCm9OjRIz/84Q+z//77N7m9Y8eO2zx29erVOzyfzb72ta+lqqoqU6ZMyeLFixvd8VRTU5MhQ4bk7LPPblhMfWfOtaX3ehSvdevWDb/X1dU1/P7aa68lyTY/o/dj9erVOeecc/LKK69sd9/6+vpmj7kjduZ6AAAAAGXbawJWU1q0aJGOHTumT58+OfHEEzNkyJBtrn21PTU1NVm2bNlW60I1R2VlZb761a/m7LPPzrPPPpsFCxaktrY28+bNy+LFi3P77bdn3rx5GT9+fCoqKnbqXDtr80Lvm0PWrnD77bfnlVdeSVVVVS644IIcf/zx6dixY8Ojem+++WYGDx68Q2PuyesBAAAAlG2vCVgdOnRoWBdpdzjooIOybNmyzJgx431Hpaqqqhx++OGNHlWcPn16Lr/88jz99NN59tlnc8ghh+ySc71fffv2zdKlS/PII4/kC1/4wi4Zc968eUk2faPhsGHDttq+rccJ38uevB4AAABA2dx+8ncjRoxIsukb7KZMmdLkPvX19Zk6depWC4MvX758m+Nuucj65sfcduZcO+uzn/1skuTpdGfNlQAAIABJREFUp5/OXXfd1eQ+zz//fH70ox81+zG+zXcxvfXWW01uv+2223Z4nnvyegAAAABl22vuwNrdjj322AwePDjTp0/PNddck6effjojR45Mr169snHjxsyfPz+33XZbnnzyySxbtixf+cpXkiTvvPNOxo4dm06dOuUzn/lM+vfvn27duqW+vj5LlizJzTffnGTT4479+vXbqXPtCkcffXQ+85nPZNq0afnpT3+aBQsWZMSIEfnYxz6WN954I48++mhuuummvPnmm6mrq8ull1663TGPOuqozJ07N/fff3969eqVU045JW3bts3LL7+c3/zmN7n33nt3eJ578noAAAAAZROwtnDRRRelsrIy9957b6ZPn57p06dvtU91dXX69+/f8PfChQvz+uuvZ/ny5XnuueeaHLeioiIXXnhhampqdupcu8q4ceNSUVGR3//+97n77rtz9913b7XPIYcckq9//evNGm/UqFF5+OGHU1tbm/Hjx2f8+PGNtg8fPjwzZ87c4Tue9uT1AAAAAMolYG2hVatWueSSSzJ06NBMmzYt8+bNy6uvvpoWLVqke/fuOe644zJq1KhG4aNfv36ZNGlS7rvvvjz++OMNAaWysjJdu3bNEUcckTPOOCO9e/fe6XPtKlVVVbnooosyZMiQ3H333fnLX/6SFStWpE2bNvn4xz+ewYMHZ/jw4amsrGzWeNXV1Rk/fnx+/etf56GHHsrSpUtTVVWVXr16Zfjw4Q0Ba0ftyesBAAAAlGu/+vr6+g96EgAAAADs2zY/mTV37txmH3PkkUcmsYg7AAAAAIUTsAAAAAAomoAFAAAAQNEELAAAAACKJmABAAAAUDQBCwAAAICiCVgAAAAAFE3AAgAAAKBoAhYAAAAARROwAAAAACiagAUAAABA0QQsAAAAAIomYAEAAABQNAELAAAAgKIJWAAAAAAUTcACAAAAoGgCFgAAAABFE7AAAAAAKJqABQAAAEDRBCwAAAAAiiZgAQAAAFA0AQsAAACAoglYAAAAABRNwAIAAACgaAIWAAAAAEUTsAAAAAAomoAFAAAAQNEELAAAAACKJmABAAAAUDQBCwAAAICiCVgAAAAAFE3AAgAAAKBoAhYAAAAARROwAAAAACiagAUAAABA0QQsAAAAAIomYAEAAABQNAELAAAAgKIJWAAAAAAUTcACAAAAoGgCFgAAAABFE7AAAAAAKJqABQAAAEDRBCwAAAAAiiZgAQAAAFA0AQsAAACAoglYAAAAABRNwAIAAACgaAIWAAAAAEUTsAAAAAAomoAFAAAAQNEELAAAAACKJmABAAAAUDQBCwAAAICiCVgAAAAAFE3AAgAAAKBoAhYAAAAARROwAAAAACiagAUAAABA0QQsAAAAAIomYAEAAABQNAELAAAAgKIJWAAAAAAUTcACAAAAoGgCFgAAAABFE7AAAAAAKJqABQAAAEDRBCwAAAAAiiZgAQAAAFA0AQsAAACAoglYAAAAABRNwAIAAACgaAIWAAAAAEUTsAAAAAAomoAFAAAAQNEELAAAAACKJmABAAAAUDQBCwAAAICiCVgAAAAAFE3AAgAAAKBoAhYAAAAARROwAAAAACiagAUAAABA0QQsAAAAAIomYAEAAABQNAELAAAAgKIJWAAAAAAUTcACAAAAoGgCFgAAAABFE7AAAAAAKJqABQAAAEDRBCwAAAAAiiZgAQAAAFA0AQsAAACAoglYAAAAABRNwAIAAACgaAIWAAAAAEUTsAAAAAAomoAFAAAAQNEELAAAAACKJmABAAAAUDQBCwAAAICiCVgAAAAAFE3AAgAAAKBoAhYAAAAARROwAAAAACiagAUAAABA0QQsAAAAAIomYAEAAABQNAELAAAAgKIJWAAAAAAUTcACAAAAoGgCFgAAAABFE7AAAAAAKJqABQAAAEDRBCwAAAAAiiZgAQAAAFA0AQsAAACAoglYAAAAABRNwAIAAACgaAIWAAAAAEUTsAAAAAAomoAFAAAAQNEELAAAAACKJmABAAAAUDQBCwAAAICiCVgAAAAAFE3AAgAAAKBoAhYAAAAARROwAAAAACiagAUAAABA0QQsAAAAAIomYAEAAABQNAELAAAAgKIJWAAAAAAUTcACAAAAoGgCFgAAAABFE7AAAAAAKJqABQAAAEDRBCwAAAAAiiZgAQAAAFA0AQsAAACAoglYAAAAABRNwAIAAACgaAIWAAAAAEUTsAAAAAAomoAFAAAAQNEELAAAAACKJmABAAAAUDQBCwAAAICiCVgAAAAAFE3AAgAAAKBoAhYAAAAARROwAAAAACiagAUAAABA0QQsAAAAAIomYAEAAABQNAELAAAAgKIJWAAAAAAUTcACAAAAoGgCFgAAAABFE7AAAAAAKJqABQAAAEDRBCwAAAAAiiZgAQAAAFA0AQsAAACAoglYAAAAABRNwAIAAACgaAIWAAAAAEUTsAAAAAAomoAFAAAAQNEELAAAAACKJmABAAAAUDQBCwAAAICiCVgAAAAAFE3AAgAAAKBoAhYAAAAARROwAAAAACiagAUAAABA0QQsAAAAAIomYAEAAABQNAELAAAAgKIJWAAAAAAUTcACAAAAoGgCFgAAAABFE7AAAAAAKJqABQAAAEDRBCwAAAAAiiZgAQAAAFA0AQsAAACAoglYAAAAABRNwAIAAACgaAIWAAAAAEUTsAAAAAAomoAFAAAAQNEELAAAAACKJmABAAAAUDQBCwAAAICiCVgAAAAAFE3AAgAAAKBoAhYAAAAARROwAAAAACiagAUAAABA0QQsAAAAAIomYAEAAABQNAELAAAAgKIJWAAAAAAUTcACAAAAoGgCFgAAAABFE7AAAAAAKJqABQAAAEDRBCwAAAAAiiZgAQAAAFA0AQsAAACAoglYAAAAABRNwAIAAACgaAIWAAAAAEUTsAAAAAAomoAFAAAAQNEELAAAAACKJmABAAAAUDQBCwAAAICiCVgAAAAAFE3AAgAAAKBoAhYAAAAARROwAAAAACiagAUAAABA0QQsAAAAAIomYAEAAABQNAELAAAAgKIJWAAAAAAUTcACAAAAoGgCFgAAAABFE7AAAAAAKJqABQAAAEDRBCwAAAAAiiZgAQAAAFA0AQsAAACAoglYAAAAABRNwAIAAACgaAIWAAAAAEUTsAAAAAAomoAFAAAAQNEELAAAAACKJmABAAAAUDQBCwAAAICiCVgAAAAAFE3AAgAAAKBoAhYAAAAARROwAAAAACiagAUAAABA0QQsAAAAAIomYAEAAABQNAELAAAAgKIJWAAAAAAUTcACAAAAoGgCFgAAAABFE7AAAAAAKJqABQAAAEDRBCwAAAAAiiZgAQAAAFA0AQsAAACAoglYAAAAABRNwAIAAACgaAIWAAAAAEUTsAAAAAAomoAFAAAAQNEELAAAAACKJmABAAAAUDQBCwAAAICiCVgAAAAAFE3AAgAAAKBoAhYAAAAARROwAAAAACiagAUAAABA0QQsAAAAAIomYAEAAABQNAELAAAAgKIJWAAAAAAUTcACAAAAoGgCFgAAAABFE7AAAAAAKJqABQAAAEDRBCwAAAAAiiZgAQAAAFA0AQsAAACAoglYAAAAABRNwAIAAACgaAIWAAAAAEUTsAAAAAAomoAFAAAAQNEELAAAAACKJmABAAAAUDQBCwAAAICiCVgAAAAAFE3AAgAAAKBoAhYAAAAARROwAAAAACiagAUAAABA0QQsAAAAAIomYAEAAABQNAELAAAAgKIJWAAAAAAUTcACAAAAoGgCFgAAAABFE7AAAAAAKJqABQAAAEDRBCwAAAAAiiZgAQAAAFA0AQsAAACAoglYAAAAABRNwAIAAACgaAIWAAAAAEUTsAAAAAAomoAFAAAAQNEELAAAAACKJmABAAAAUDQBCwAAAICiCVgAAAAAFE3AAgAAAKBoAhYAAAAARROwAAAAACiagAUAAABA0QQsAAAAAIomYAEAAABQNAELAAAAgKIJWAAAAAAUTcACAAAAoGgCFgAAAABFE7AAAAAAKJqABQAAAEDRBCwAAAAAiiZgAQAAAFA0AQsAAACAoglYAAAAABRNwAIAAACgaAIWAAAAAEUTsAAAAAAomoAFAAAAQNEELAAAAACKJmABAAAAUDQBCwAAAICiCVgAAAAAFE3AAgAAAKBoAhYAAAAARROwAAAAACiagAUAAABA0QQsAAAAAIomYAEAAABQNAELAAAAgKIJWAAAAAAUTcACAAAAoGgCFgAAAABFE7AAAAAAKJqABQAAAEDRBCwAAAAAiiZgAQAAAFA0AQsAAACAoglYAAAAABRNwAIAAACgaAIWAAAAAEUTsAAAAAAomoAFAAAAQNEELAAAAACKJmABAAAAUDQBCwAAAICiCVgAAAAAFE3AAgAAAKBoAhYAAAAARROwAAAAACiagAUAAABA0QQsAAAAAIomYAEAAABQNAELAAAAgKIJWAAAAAAUTcACAAAAoGgCFgAAAABFE7AAAAAAKJqABQAAAEDRBCwAAAAAiiZgAQAAAFA0AQsAAACAoglYAAAAABRNwAIAAACgaAIWAAAAAEUTsAAAAAAomoAFAAAAQNEELAAAAACKJmABAAAAUDQBCwAAAICiCVgAAAAAFE3AAgAAAKBoAhYAAAAARROwAAAAACiagAUAAABA0QQsAAAAAIomYAEAAABQNAELAAAAgKIJWAAAAAAUTcACAAAAoGgCFgAAAABFE7AAAAAAKJqABQAAAEDRBCwAAAAAiiZgAQAAAFA0AQsAAACAoglYAAAAABRNwAIAAACgaAIWAAAAAEUTsAAAAAAomoAF/z97dx4Wdbm+AfwGEUSYAalENjFTAQs3FLQUNUk6roialmuLyzlquR8zt8ylskQT+2nuIuYKJFhCmIoWi2IpyaIdlV3UgJkBkUX4/THMlxlmYVCRMe/PdXkJM9/lfUdRuOd5n5eIiIiIiIiIDBoDLCIiIiIiIiIiMmgMsIiIiIiIiIiIyKAxwCIiIiIiIiIiIoPGAIuIiIiIiIiIiAwaAywiIiIiIiIiIjJoDLCIiIiIiIiIiMigMcAiIiIiIiIiIiKDxgCLiIiIiIiIiIgMGgMsIiIiIiIiIiIyaAywiIiIiIiIiIjIoDHAIiIiIiIiIiIig8YAi4iIiIiIiIiIDBoDLCIiIiIiIiIiMmgMsIiIiIiIiIiIyKAxwCIiIiIiIiIiIoPGAIuIiIiIiIiIiAwaAywiIiIiIiIiIjJoDLCIiIiIiIiIiMigMcAiIiIiIiIiIiKDxgCLiIiIiIiIiIgMGgMsIiIiIiIiIiIyaAywiIiIiIiIiIjIoDHAIiIiIiIiIiIig8YAi4iIiIiIiIiIDBoDLCIiIiIiIiIiMmgMsIiIiIiIiIiIyKAxwCIiIiIiIiIiIoPGAIuIiIiIiIiIiAwaAywiIiIiIiIiIjJoDLCIiIiIiIiIiMigMcAiIiIiIiIiIiKDxgCLiIiIiIiIiIgMGgMsIiIiIiIiIiIyaAywiIiIiIiIiIjIoDHAIiIiIiIiIiIig8YAi4iIiIiIiIiIDBoDLCIiIiIiIiIiMmgMsIiIiIiIiIiIyKAxwCIiIiIiIiIiIoPGAIuIiIiIiIiIiAwaAywiIiIiIiIiIjJoDLCIiIiIiIiIiMigMcAiIiIiIiIiIiKDxgCLiIiIiIiIiIgMGgMsIiIiIiIiIiIyaAywiIiIiIiIiIjIoDHAIiIiIiIiIiIig8YAi4iIiIiIiIiIDBoDLCIiIiIiIiIiMmgMsIiIiIiIiIiIyKAxwCIiIiIiIiIiIoPGAIuIiIiIiIiIiAwaAywiIiIiIiIiIjJoDLCIiIiIiIiIiMigMcAiIiIiIiIiIiKDxgCLiIiIiIiIiIgMGgMsIiIiIiIiIiIyaAywiIiIiIiIiIjIoDHAIiIiIiIiIiIig8YAi4iIiIiIiIiIDBoDLCIiIiIiIiIiMmgMsIiIiIiIiIiIyKAxwCIiIiIiIiIiIoPGAIuIiIiIiIiIiAwaAywiIiIiIiIiIjJoDLCIiIiIiIiIiMigMcAiIiIiIiIiIiKDxgCLiIiIiIiIiIgMGgMsIiIiIiIiIiIyaAywiIiIiIiIiIjIoDHAIiIiIiIiIiIig8YAi4iIiIiIiIiIDBoDLCIiIiIiIiIiMmgMsIiIiIiIiIiIyKAxwCIiIiIiIiIiIoPGAIuIiIiIiIiIiAwaAywiIiIiIiIiIjJoDLCIiIiIiIiIiMigMcAiIiIiIiIiIiKDxgCLiIiIiIiIiIgMGgMsIiIiIiIiIiIyaAywiIiIiIiIiIjIoJncyMxt7DEQEREREREREdE/3HNWFg99rsmLTnaPcShERERERERERETqpFLpQ5/LJYRERERERERERGTQGGAREREREREREZFBY4BFREREREREREQGjQEWEREREREREREZNAZYRERERERERERk0BhgERERERERERGRQWOARUREREREREREBo0BFhERERERERERGTQGWEREREREREREZNAYYBERERERERERkUFjgEVERERERERERAaNARYRERERERERERk0BlhERERERERERGTQGGAREREREREREZFBY4BFREREREREREQGjQEWEREREREREREZNAZYRERERERERERk0BhgERERERERERGRQWOARUREREREREREBo0BFhERERERERERGTQGWEREREREREREZNAYYBERERERERERkUFjgEVERERERERERAaNARYRERERERERERk0BlhERERERERERGTQGGAREREREREREZFBY4BFREREREREREQGjQEWEREREREREREZNAZYRERERERERERk0BhgERERERERERGRQWOARUREREREREREBs2ksQdAqv64mo0zF/+HAtk9AEAbOxvczM2HtaU5CotKAAAtRM3Rt9tL6NLBoTGHStSgKqVSlKamIm/RIlRkZ6s8ZzFgAOy+/baRRkb/FBP+sxfnf0/X61jX9rZwsLOGT18XjBjUuYFHRqRdpVSCkugoVGRn4n58rPwxmQTGIivhGBNHR5g4OKGZVy+Y2DuiiaPTYx9HwarlKEtN1vq87b7Dj/2eRERE9GxjgGUACmUl2B2RgMKiEnTp4ICPxnqrPH868S9Yi8xhbWku/11kjrAzSQg7kwRrS3NMHuIJa5F5I42eqGHkLVqE4pMnAQAiPz+UJCSgIicHAGA9aVJjDo2eQanX8pB6LQ8nY9Kw50A81i4ZBrcOrRp7WPQMKQ45DOmebShP0R4aKZQmyH+XbJL/bht0CGZer0Lyzddo5tULZl6vPvJ4ylKuoPR83CNfh+hR5N++CZuWbRp7GERE9IRwCWEj2/D9GeyOSMDkIZ7o0sEBe46fR9iZJJVjVmyLRNiZJPgt3InTF/8CAHRp74D+Hu0xeYgndkckYOOBmMYYPlGDMu/RA8aWlpCFhQnhFVFjS72Wh5mLDkEqu9/YQ6FnQHHIYWT374m/F83RK7zS5X58LPImvIW88aNRGv/bYxohUeMpu3+vsYdARERPEAOsRnIzJx8rtp2AX193zH67L6xF5lixLRIBs/2wYlskbubkqxwfduZPdGnvgD+uZuN04l/wW7gToaeTsGJbJGa/3RfDvV/Bim0n1M4jelrZzJoFADC2slJ7riQh4UkPh0hFdq4EoccvNfYw6B+sUipB3vjR+HvRHDzIznqs1y5NYJBF/zxFkjuNPYRHlhd7obGHoKY4Mwe34xKfyH0KrqQ91muWSWR1jr1MIkOZRPZY70tEDYdLCBvB6cS/cPriX5g82BOzA8JQKCvB6S0zAADptwogKSoRlgTezMnH7Le9cTrxf/Dr+wr+uJqNP65mY/LgHpg8xBN+C3YCAP64lo3ZY/tiw4Ez8Ovrzv5Y9NQzc3ODzaxZuLNmTWMPhZ4xqbFLhY/jL6Zjz4E4/HL2qtpx0TFpmDTW60kOjZ4R5SlXcPs/7z/24Ko2eZAVCzPPXrCeNeexLC0kagy3MpJhY+ssfF4kuQNLqxee+DjyYi/gxpFw5MVdQHFWDiwc7eE4sD9c33sHFk72Ws+5HXcBqTuCUS4rAgA4DuwPj2XzhXOuHz6G23GJKEhOg/vsaWjZsztuHA3H9cPHUJCchqZiEVzfHweXd9+BqZVIOOf6kXBYOtqj59efarx3UsAWZEWdRs+vPkWLl11Unrt++BjSdu5HQbI8VGoqFqHtqGFwnz1NuEdt1w8fQ1bUaeTFXUC5VAbHgf3h6NsfbUcN1Xh8cWYOUnfuR1bUKRRn5Qj3UZ6L4jUtSE6Dy3vvwHFgf5W5Wzjao+3oYSpzL5PI8NO/xqA4OxcA8E7672r3LriShrSd+3H9yDG8OHIoeq1fqXGM9ARJ/wSaOwEm6m9eEykYVVVVVTX2IJ4lYWeSUCgrweQhngg7k4TdEedxMzcff+ybLwRb/bq1Qz+Pdjid+BeMjIxUzu/b7SUUykowe30YbubmY8UUX1iLzDF55fewtjRH2Lr35L2xRObw6+veSLMkenyyx49HyfnzKo+xiTs9DtqauCsHWAqvj/gGObckKo/16OqMoG8nqh0bfSYNqX/lIeHiTQBAVk4hHO2tAQCu7VthgLcLvLo5q52nSfSZNCT8no7Ua7dUHndt3wojBnVS68OluHdtru1s4dNX/sNJyPFLanOxb2UF/8HqzenjL6ZrfI1mvq/aqzE7txAnY9IQHZOGlKu3ICsqhWt7W4hFzeBgZw3Pbs7w7OoMBztrveb9LCtPuYJb40ejSiZ9bNdU9MDKGzdKZ98qC//RsJ45V6+m73Vdq/XVhg3fiAB5DyxLqxfwV9IZdOw+CGWlxcjPS4eNrTNMzSye2DjKJDLEzV+Olj094Pr+OADyMCcpYAuKs3PRVGSJQT8dVAmxCq6kISlgC9qOHgZH3/4ok8iQtjMYSRu2AgAsHOzgc3A7LJzskbojGBdXfgVAHvBYONih05zpKJPKhHsAQMue3eFzcJtagDPgwDbY9uquNu6kgC1I2rAVw88dF8aWFXkK1w8fg8fyBbBwskdxZg4SP12HrJ9Py+/h5QGfQ9tVrlNwJQ2x85bBY/kC2PbqjuLMHFwO2IIbR8O1npMUsAWZkafgc3A7TK1EKM7MQey8ZbgdL6+YUoRK1w8fQ9z85cLcW7h1gOv741AmlSF1RzAKU+RvMLXo6IIBB7YJIZbya6YpwFLMXUH5NaAnryr/V6BcAiPbQY09FHoCpFL59zi//67+talN165dAbAC64n642o2CmUlaGNng3dXfo9dy95G2Ok/MXlwDwBAP492wnEXUjJRWlaBu4XFsBabo1BaguetLXA+OQMmTYwxeUgP9PNoh0JZCV70+wy/B83Him2R8uqs6r5Yf1zNZiUW/SOV19qVkKihiSybAZDoPCbl6i2MmLRN43OKwCjhYjr2HoyHZzdnfPzRQK2N4EOOX8LmHWeQnav5norr7Nk8UQjDUq7ewserfoCsqFTlWEsLM/wQNFX4PPT4JbVQqkdXZ40BVsLFm9i8Q73HonKAtedAPNZujFI7JvWaIkhLR+jxS1oDP6rxICvzsYdX9VEcchjFIYfrFWQRNSablm1w4vuVeN1/Hookd1BWWoxWrTs+0TGUSWQ4OXYKrKuDFYW2o4fBcWB/XD9yDE4D+6uEI9cPH0Piyq/gPnsaHH37AwBMrURwnzMdjgP7I3VHMFzfHyec4/r+OKTtCEZxdi7KpTL0/fGA8JzjwP6IHvMBClOu4nbcBVw/fAxtRw+D97YA/DRoLAAgacNWjQEWIA/KFNfSFGhZONnDe3sArh8+hrzYC/BYvkDl/LzYCzg5dopKSGbhZI9e61ei05zpuH7kGNznTFc5J3buMtw4Go5Rl2OEwMnCyR4+h7YjdUcwCq6kCfdpO3qYEFSVS2XwWL5AqBZrO3oYYj6Yg6yfT6MgOQ1pO4OFe7XoqFpRVltRZg6s3ToIAVjqjmB4rFig8xxqGFVZ3wMAjBzfbuSR0NOAAdYTUigrkTdi7+uONnY22B1xHu+u/B4b5vrh9MW/hN5WFRUPEBx5EX9c096wukt7ezx4UInTF/+CX193BMzxQ79/b0aXDg7o59EOG76XLyPcfTwBbexsuEMhPbVKU1JQrqF5e1lqKqQhIRD7+zfCqOhZE3L8EtI0VDWNqBX4SGsFR7okXEzHxBl7cTLkQ4hFzVSeW/TZDwj78bJe13G0k5fZS2X38fGqY2rhFQB8vnR4g1U+aQuvqP4qpRLcnvF+vcOrpq4dYSwSAwAqsjPxIOfRA34GWU+XwsJCuLm5oqqqCpGRUejcWT2M/qdKvvAjTM2aC583xo6EMVPmoCA5Dd2WzVd7ztRKpBJqAfJlc4krv0K5VIa2o4apndPiZReNy9ksHO2FiirlMMzUSoS+2wLwQ+/BACAEWC1edoH77GlI2rAVt+MuIC/2glqIVXAlDS7V48uLvYCkDVth7dZBYyVS29HD0Ha06niLM3MQM3UumoosNQZkFk72auFVVuQp3DgajhdHDtW4FLH26wUApuKa42ovdez59Uoc6eQtzMF9jtrpGhVn5aDvtgCcmTIHhSlXcf1oONznTNe6PJLqUJKByrwTqMr/FVX3MgHZn4DoFRg1FcPouddg3PJfgPgVtdMqr32JqpJMNOm0qREGTU8jBlhPyIYDZzB7bF+EnUnC5JXfY/eyt+G3YKcQLp1KvIa9xy/g+tV0rGyWB3uzUhwzaol99+X/iA4wL8V/uraCncgM244nYP61HPTr9hKsLJuhhag5bv6wFIWyEoxYuBMF0hKEnfkTYevew4YDZ7BiypuNOXWieitNScHd1atVlg6K/PzQRCyGNCQElUVFuP3xxyiJj8cLn3wCY7G4EUdL/zSB1RVHUmlJ9fI99fDKpZ2txoql2seIRc0gld3XGIDJikoFGly7AAAgAElEQVSxZkMkPl86XHhsTUCk3uEVACGYWrMhUuM4J77lKSwdfNyksvsI3HFG7XFLCzOhskx57p56Lpt8Vsl2b9d7l0GLEaNg6f+W1p5VlVIJylOu4H58LMpSrsBY/HD9RBhkPR0CAwOfyfCqSHIH538Jgu/YpTA1s3iiSwYVCq6kCUve6qr4UUjdEYxyqbxp+MOEJRYOduqPOdmjpZeHMBYFl/fGCb21NFVh5cXVVFQlfrquXvMAaubS0stD73MU97F8TMv1TK1EwtwVfbT0ZeFkj15fr8RPg8aiXCpTqeAiPVVI8CB5KaqyD6g/J/sTVQCq8n9D5bV1MLJ5FU3cVglB1oPL8g2bGF5RfTDAegJu5uSjjZ0Nbubmo1+3dmhjZ4PZ68Owe9nbCDuThLsFRVi5PQqVMhm+eKEIvtI7MGnVCp5Ft9C9SoJl920xr1UFdsSkwLNKAlcA/1d+BZvOy7DyajbWzRqKsDNJAICqKqBLBwdsmOsHAPL75uSjjb1NI74CRLpVZGXhztq1KE1JgbmnJ8QjRsBh3z6Nxz7/ySfCx5VSKQr37kXh7t0wcXCA2N8flgMGwMTR8UkNnf6BArerhzLKenR1xuYv3tL4nN+gTpg0xkttaaBUdh9rNqiHUydjanZcSrl6C3sPad5hs0dXZ4wY3FkIrLJzC4VxRp9J0xh6ubSzxeI5vjrn8ihSruWpVXzZt7JC2N6pKlVlUtl9RMc83p2l/mkeZGVCEhhQ53FmPXri+S8C6gySjMVWMPN6VS3gMnF0ROl5LSfpoAiyRJM+gNWsOQ8diFHDsLKywnffbXumwisA+OvPM3Bq5/HElwwqy4o6JXysbxilaIoOAD/9ayyaVlcXtejoAlMrkXxHvKoqrdVAFo6ag5+y6lBMOaRSVIBpqsLKi70A257dhWorxVK62/GJiB4zBQBg6WgvPN9UZAlTsUilCisv7oIwdn2USWRCFVnShq3Iq94hUHGfMokMxZnZaNmru8ZKLGu3Djrn7jiwv97jUFR1KVeqpe7czwCrPqR/oiLeD6iQVw4bOYyBse2/YCR+BTBvDVRIUCX9E1V//4rKrAOoyv8NFfF+MG6/UN7zykTM8IrqjQHWE7D7eAL6dWuHFdsiUSgrwadT30TYuvfwx9Vs3Mj5Gyu3R6Gw6D6WVGTgjewcGNtV/+BjZIQh0hu41AT4PlcMMSqwx9geUmMTeD6Q4q1WTbDizn0s2BSOZR8MRNcOjujX7SXMfrsvdkckYHfEeZzeMgOz14cJgRaRIanIysLfgYGQhYYKj8lCQyELDYWpqyteWLwY5l7qu7wpB1eVMvk3LWWpqbi7Zg3urlkDCx8fWE+cqPFcokcxwNsFi2cPVFv2BwBe3Zy1NmcXi5rh86XDEX0mDUXFNaGPrKgU8RfT4dXNGXsOxms8129QJ5UqLTl5z6rs3EJ8vOoHtXMsLczw+VL1pSkNLeeWBCnX8lReB7GoWZ3Vas+6wk1f13mMxYhReO6LDY90n+e+2ABL/7dQ+M16nQ3YtZHt2Y6ikEMQT/4AlQ3cpysmJgabNwciJiYGEom8F1zr1s748ssvMWzYMAwcOFBtoxuFyMhIXLp0CQsXLlR7ztnZGePHj4e3tzdiYmKwevVqAMDBgwdhba261DY9PR1Tp8r7x3333XeIiYnBPi1vrowfPx4TJkxQOXffvn0IDz+Gy5flAbOVlRW8vb1x8OAhBAUFab3Wl19+ic6dO2PBgvm4fDlJ7fmhQ4di5syZwucZGemIiIiARCJRGQMgX144ZswYAIC1tRUOHjyk8Z5Pk4xr59G6fQ907P4vvY6/lZGMS78eRZfeo2Ahfr5RdifUxnFgP5XPW3p5qIRG+sqKPIXClKuwdusAl/dUgx/lKqzrh48JAdb1w8eE/lvKmoos4T57GgAIOylqG5Mi9NK38kk5vLNwsIPre++gqViE4qwcmIpF8ibt1UGeJspLCTXNXd/w6XbcBWT9fBr7nbuqPF4ulQlLMKkOSuGVUcs30aTjKnlopczECkY2r8HI5jUYt1+IyptbUZmyFJUpS4BmjjDpc0rztYl0YIDVwG7m5KNLBwfczM3Hzdx8GEG+XLBze3vEJt3El0G/oLDoPgAgxLglmlla4K1WIpjm5aKZ+yu4X1WF0cX3sL2oKbyqijHPthwtq//jCf85EUAbFBbdx8rtUVg44XX8e+Rr6DL+K/j1fQVh694DAHTpYM8qLDIomoKr2spSU5E9cSLMPT3x/OLFMHNz0xhcaVIcHY3i6GiYe3rCdu1aVmTRY3MyJg0nY9IwcYwXFs8eqPGY7NxCJPyejuxcCRIu3kRVFWBkJN850ErcTCXAUhZ9Rr1Kyb6VFRbP1l5F9Z+FhzT2vVo8x1drg/jHRdF/q7ZJM/bCwc4KA7xd4dXNGT26OmsM/EiuUipBcegRncc8jvBKwczrVdgGv4rS+N8eKsiqkkkh2bT+sYxFmylTpiA4uCbccXJqDWtrKyQlJeHy5csYNmwYzp07q/MaEokEZ8+qb0Bw9iywb18QDhw4CG9vb+GY8PBwtfDn2LFjOHs2Bk5OreHs7Iz09HSN1wSAPn36CB9funQJb77pKwRvANC7dx+cO3cW4eHyXdl0XUtx3qVLlzXO8+zZGISHhyMyMlLlOOUxKAQFBancJyYmBt7e3mrHPU0UjdvtWr+MKlShy2ujdB6ffOFH3MpMxpXzx/G6v3qfqsclK/KUxkCoNuUQxnFgf7WeTvWVFLAF1w8fg/vsaRoDHOUqrBtHw9FpznRYONnjdtwFjb22irNztTZ8r02xdK+gOsiqi2p1mFiv10uX1B3BSNsRDPfZ0+Dy3ji9q+AyI0+h51efqlSzXT98DDeOhiNpw9YGC7BecpNvZOLzejds3Tz7oa6RlX0HQ0YshUx2Dx/O8MNHMx9PP9io6ESEhJ3FzycvCo85ODyPUSP6YPIEX4jFNb3mUCGpCa8cxuhdRWXcZhqMzJ3w4OJk4H4WqqR/wsjmNbXjps3YgOhfLmLJonF4d5Lm74HenrgGCedTtb6WySnp2B0UhaOhNf+GjhzRB0sWjVOZi+Jeunj2cMX3exdrfG7Xnkis+jwYIlFz7N/zMTq66W6X0KXHNMDICEs+HodRI9T/zVYcIysq0fn3RCq9h91BkTgSehbZ2XeFx98Y0A2TJ/qip6ebxnECQHjIZzrHuTEwBN9sDtPr2MZg3NgD+KcLO5OEft3aYfIQT5z+vxkY3vcV9OvWDrsjEiApKhHCKwBIbiLCktJWuGsi74tVcfsOTNu+CPeX7PB/gztgfDcnNMvJgvRoGB7kF6Cd9LZwbmHRfUiKSrA7IgF+fV9Blw4OQn8tv77uwhJDosZUKZUiPzAQGX5+OsMrZSUJCcj080PeokW4+frryN+0SWd4VfvcDD8/lKakPMqw6RmzZ/NE4dfHHw1Ej67q/3HvPRiPNQGRKo+lXL2FiTP2YoD/Jnz82TEEbj+DhIvpOP97urBroLZdBQFoDLZc29tqDX82bT+jsbfW6306PJGKJwc7a7zeR/NyjuxcCfYejMeM/x7CAP9vsGZDFKSy+xqPfdaVREfqfL6JvQNafPLpY7+vPMg6ghc2b0cTe8PZsXjVqlVCeDVkyBDk5OQiLS0N8fEJyMnJxdChQ1WOX7z4E9y7V6Lyq7YTJyJx714JDhw4CHF1z8TAwEBYW1tjyJAhAIDw8GNq5+3bFwQAGDZM9Z69e/dRu+eSJUsAyIMpRXglFouFe0dFReHevRKcOBFZ57VqB0yKOaakpGLcuPEA5CHWpUuX6nw9AwMDAchDQEAeaD3tLK1eQO9B/4atk1ud4RUAtGrdES+94l3vpYZlpcUoktzReYzykrXrR8I1HnP98DEkbdiKrEh5tUlLpRAndUew1mvHzl2Ggivqb2yUSWVIXLEO0WOmYL9zV6Tu3A/vbQE6q49c3huHpiJLAMDlgC3IijyFlj1VQyqXd98BUFOFpElxZg6ix0xBXqx86aAikCrOyhEeqy1xxTokbdgqzEXRL6sgOU3rOXmxFxA3bzmKM1UruwpSrgpzP+zujaQNW4W56xteFWfmoCA5DW1HD4Ntr+7CL0UvsOKsHK3zf1yksnsPfe6uPZGQVZ+/a28UpNKHvxYgD0Kmz9yAf8/aqBJeAUB29l1sDAyFt89clfs8SF5SU3lVzyWARraDYOz2mfw6iZOACvXvixSvz6rPgxGXoPt7eE2vZXJKOt6ZtFYlvAKAo6Fn4e0zF8kpNTsxP8qfBQDs3HsCACCT3cOuvbr/PwcAWVEJZLJ7+O/ibSrjqH2MrrFFRSfC22cuNgaGqoRXAPDzyYsYN2ktNgaGqDwulRUrfax7zkeUXjd95vSkMcBqYNYic9zMzcfuiAS8+9n3mD22L/p5tMOtfBm+CFIvm5zQTIrW5UVo1qUTmnt5AsZNYNykCYxFIhTm5OHfJm4w7t8fpalpEKEC4qpy4dytobG4lS/Diilvoo2dDV70+wz9/735SU6XSKuKrCzkLVqEop9/1juAqn2+masrTOzrV1ZfKZMhu9a76kS6KJYCenVzxqSxXgj6dqLGoGbvoQRk5xYCqAmvEi5q/mbkYemqovJyfQ6Hxz2HiBfjEd625teS/IOQfLcelTLtYZm+ZHWETp8vHa41xBKuUVSKvQfjMXPR0790qSHc+/mEzuetP5z32HpOPcjKVHvM/I034XA6Hs99vt4ggqzAQPkPQ71798GhQ4dVlvVZW1s/Up+nYcOGYehQeWWFRCL/2lV8HhERgcLCQuHY9PR0JCXJ3/wbP17//0MCAzcJFVSRkVFqYdSjVD85OzurVIkpV3hpEhMTg8zMDIjFYqxbJ2+cHRERrjLPp0lZaTHyb98EIA+x9A2kOnYfhN6D/o2O3Qfpfa9bGckI3/UxIr//DBnXtDeOa/GyixDIZEWd0hh8pO4IRlLAFmH5nOv744ReTjeOhms8R1ENpOgxpcxULILHigVoUX2NcqkM0WOnaAy7hHOUdkO8cTQcqTv3q/WYcp8zXQi5Eld+pfF6lwO2oOBKKiyrK5eUg7GYqXPl/buUFFxJQ9qu/UgK2CJUnikHbXHzl6udA8iryjIjf1FbtlgulQlzL5fKhLnXJ3C6HLBFY4WVqZUIjm/Il3RqCyMbm1R6D0fDzgmfy2T31EKa+np74mohuBJZmsPfrzc+nOGHD2f4wbOHKwDgoxkjaqqWSjJQlX0QMBGhSeeH619l3GYajGx6ARVSVN36Ueex02duRFa27iC5to2BoULIt2TROATv+RgfzvCDyNIcMtk9fLa2JjgeOaKPMF9/v97C48qvw0gtlVJHQs8iJ+dv4fOQsHP1Guv0WRvrHUDGJaTg37M2CvOzt38OH87ww5JF4zB5wkCILM0hsjTHuxMfbhM3TXN61JD0cWOA1cBu5uZjxbZItLGzgZWFOTYcOIOwM0lobtZU7dgB5qX46vU2KGr9Ivae+B35W75D2f/+B5msGJ8d+BW97joiG2aIPX0RSbdkcBj2L1x+Ph3vVmQBkFdhNTdrirAzSVixLRK/B83HR2O9seHAGRQWqb8jSfQkmTg6wu7bb9H6hx/QLi0Ndps3w2LAAL3PN/fygsO+fWhz6hTanDwJm5kzYWxpqd/JVVWolDZsvxb6Z5s0tqfGx7OqK6oWfXZMbSmfSztbrFkyTKWiy6Wdbb3um3L1ltbnPHu/AveZ/8GLX/0fxBZmMEv7HWZpv6Pij3hIvvsa2UN7Qvb99nrdr7b4OgI5sagZvv1yDEL3TIHfoE6wb6U9aEm4mI49BzT3+XqW3U/QvoTPyFIEC3/NGwY8jLv/nYO88aNRGv+b2nMW/m81epAVExMDafW/1co9nh6XwsJCnD0r/2GvUyd5EKZc0aVY3gfIlw8C8sql+oRmx47JrzFkyJAGaaquqKASi8Xo1KmTXscOHToMw4YNg1gshkQiUZnn08TUzELoZ3X+l706g6VHZWPrjCLpHRRJ79QZlHlvCxACqbj5y1XClLzYCxp7U/kc3K5yTtKGrUKQU3AlDYkrv8KLI4dqbGSu4LFiAXp+9Smaiiz1CnKU719wJVVt6aKplQg+B7erXC9t535hXKk7gnHjaDg8li8QgiVTK5FQuVQuleHk2CkqVVOKCrNuy+YL59j26i6MuzgrBz/0HqwSGKXuCMbt+EThutrm7v3demGscfOXI23nfq3HK2RFnsKNo+Fw0tLsXbGkUdHw3tAcDT0rBBeuLvLNPHYFPXyFzMbAEKSmZQrXiwhbhXVrp+Kjmf74aKY/vt+7GOEhn6ks46u8uRWAPISCycO/uWLcXt6j8MFfX+k8Tia7h+kzN9br2oolgf5+vfHuJPlyuo9m+mPL5tnw9+uNrYE1y/JGjegjzFc5qBqp9Li2pX679sjfgLK3f054rD6BYnb2XSxc/J3ex8ur5WpeiyWLxuHsyQB8NNMf707yxdLF4/HH+a2ICFuluuSzHhRzUvz9AoBde3W/0fakMcBqQDdz5LsOdulgjx9i/oSkuARt7GxQKCvBxbRs4ThxVTmWP1+MTV7P451TuXCN/BsbLFtgeaem2NQuE1tbXISpdwZGtf8NM+3vQIYmWNWkLdqfuIsTuaXIENU0o7yYll3dd8sen26PxJ7j59Glg4O8D1dOfmO8DEQaWfj4wO7bb+EUFgZTV9d6nWvi6AibWbO07lSozNjSErZffAHj6mUjRA9DUWmlScrVW2pL+SwtzBD07UT4D+6sUtGl6zqawp/zv6frPAcAmtg7wfa7o7AYMlrl8aoiKQq+Xo6/V8zReb7iPrWX+GXnFmpcoqiJW4dW+HzpcPwS+iFOhszCxLc8NR6Xck17IPesqtLRDL35G49/F8nShFjkTXjLIIOsmJiaXk36ViqtWbMazZubC79WrVqldszChQvQs6cX7O3tkJGRjnHjxgsVSdqWESr6RtVePggA586dVbln8+bmwnOZmRkAagKyuui6lsK+ffvg6+uL5s3NERy8D05OrdWq02orLCwUlmIqQjpFtdnmzYF6jc0Qdew+CLZObnjpFW+0bt+jwe5jamaBHq9PQP8Rc+s+tjr4cZ89DRYOdoibvxw//Wss4uYtR9qOYPT86lMMOnFQZYmbqZUIg04cRLdl82Ht1gFJAVtwpJM39jt3ReKn6+CxbL5afypTsQgtvTxU+ka1HT0Mg346CMc3+glBzk//Gqu29E5xzxdHyv8utB2lucdTi5ddMPzXH4W5JH66Dkc6eePwK31QcCUNw88dV6teajt6GIafO44XRw5FUWY2fug9GDFT5iJmylyUS2UYcGCbWhCnGLfLu+/AVGSJuHnLsN+5q9b7KOauWOYIyMMmxdwBIPHTdfjhtcFqwZPi+eLMHMTOXw7HN/ppbZLvOLC/UFGWtGGrxmMak2K5mmcPVyxdLF9OnJ19V2XJV30ozhNZmuP7vZ/A0UF9g4Pa/Y8q/5b/v2Fsq39FoyZGNq8BzRyBkkyNywgV4wKAlNQMfLam7u/5FRSBUvz5VJXqoZ6ebli3dupDhzvK4hJShPDvo5n+QvXWrr1Rep2vmNvPJy9i1x79Qsiok4lCgPnhDD+t/cE0/Tnqo/acfF7vBkD/OT0pbOLegG7mygOjFVPexO6IBAz3fgX9PNphxbYTuJmbjznP3Ufv/BuQ2trD1bUNTiVcwXuSu3gPwP3XMyE2uop79wEHZyuUlUhg3BLIkUrhnWEN0YMHKG/xAtq1dUebtGuYY1aJuOatcFZWgsKiErV7nk78Czdz2cidDI+Zmxscg4KQMXw4KnL028VG+VwTBwdUZGdrfF7k54fnZs1iE3d6JPEX07F2g/ZvLqQamqi7dWil1rtqz4F4rQ3cAcDH2wV7DyWoPCYrKsWM/x7C3s0T62yE3mLep7h3+gSqilSXYxRHyJfuPbciAAAgsjTTeP7ajVFYu0T+A0P8xXQs1rC7oT4c7KyxeI4vUq7l4fzvqhVcunqAPYvKU67ofN7EwUnn849CHmTFwsyzF6xnzYGZ16sqz1v4vwUL/7dQHHIIhd98jQc5mv+dbSi6whlligbrCsofKyh2AQTkOxnOnDlT5fpDhw5DRESEyjLCiIgIAJqXD8qrnx5PdZU+18rISEdGRs3X0vDhw+oM+BRVVk5OrTFsmPzreujQoQgO3ofLly/j0qVLDVIh1lCSL/woLAGsby+rh1WfJYemViK4z5mu9y54Cq7vj9NZZaXMe3uAxsctnOzhvT0AZRIZCpLTdDZg77V+pcbG7coeZi4WTvbCdcskMhRn5dTZnN7CyR4eKxbAY4X2SiuFuuYOyKvdlHcwtO3VHe+k/65y7OgkzRsnKJhaiTD6z0dbktdQlJd2vVvdpNve/jnk5PyNkLCzWquEtElOSReuN3JEH/1DHVn1/1viV+p1P02MmjuhSkczdzc3Zzg6PI+QsHPYHRQFNzdnveY5akQffLM5DNnZd+HtMxfvTfKFv1/vhw52NFGETiJLc4wa0Qc9PV0REnYOMtk9HAmt+8/Dzc0ZYlFzRP9yEas+D4abW2u1xuu1xSv1A9O2rPFRKOZkb/8cBvp4QCyWj0/fOT0pDLAaWBs7eWA0eYjqu9GXruXgPx62aGV0FzYm5SipeIDebo4AHPFH2WW8NmgmgAo8byVBbtYtmJs3Q+4dE7zWxgv/a3IE7vnyb2qzjJvB3MYKotL7cHJ2xJnE/6Gfx0tq97QWmaNQxmWEZJiMxWI0dXCod4BVuGeP1vDKZtYsWE+cyMorqreJM/YCAKqqgJxbhVpDF/tWVvDq5qxxmd353+VN2yeO8YJUdh9hP17C2o2638GaNNYLIccvqYVcqdfyMMD/G4wY3AVuHeRLELNzJYg+k4qPZ/vCq5v8B3ZjkRWsp85DwfoVatcujjiEZh49YTF0DLy6tcEvZ9V3jAo9fgmhx+tuCq2su8+XeKOfK3y8XWDfykro2RV/MR05t9Qrx7SFZ8+qSqnuQM/U7eUGH4NykGXzyQo0rXVPC/+3YO7jC9nu7ZDu3q4WkD5OyuGTvrvlTZgwQWigrs2JE5Ho1KkTfH0HIikpCQsXLhR28APkwc60afKPlZfXaVs+2KlTZ0RFaf56FovFkEqlSE/Xrx+ermspLF78CZYsWYJVq1ZhzZrVCAwMxLhx43UGUIpeYlKpBL6+6u/SBwYGYtu2bXqN0RBYWr2AhJN7YGRkhNL7xfAcMBGmZhYPfb2Ma+cbtIKrMZhaifTePbChx2Fq9Wg7K9ZHwZU0xEyVV8q1HT1MXtWlZ0P3p4liaZoiXACA9ya+iVWfByM+IRVxCSl1BiDKlBt5e9XjPADy/lV1qMr/VWMopXqd11CVHwuUa/+/cOnH45Gcko7UtEysWhuMjq6t69wV76OZ/tW79EVBJruHjYGh2BgYKvS7etQgKyv7jrBMUREkOTq8AM8erkg4n4pvNofqFfasWzsVb09cjdS0TEyfuREx0et1BolZSg3bH2cYJ792zZzeq+6fpRyS6junJ4EBViOalijBl+XF8K+8AVyvSVSbuhfBOONDWFi3xo3crmjT3hU3r6Wi8u4fMCr/GpLCtnjpt+sAAEXr3BDjllh4l+9s0z9bSUICKqVSlCQkoCg6Wmt4BQD5mzahcPduWE+eDJsG6KVC/1z6NmKf+UFfAPKm75YWZmrB05oNUVizQf+ya0Xl0uJV6j1MFI3Q6yJ6Zwqk+7fhwS31r43C79bDvN+b8OnrUmeYpuDSzlbnMsKi4tJ6BV/+g7vodRw9eaUJscgd7gsL/9GwnjkXTRxrqr+MxVaw+nAeRJM/aNAgSzmwWr169SM1PK/N2toaM2fOwrRpU4Ud/BQBkGIZYUREhMoyQk3LB+vi7e2NiIgIBAfvw5IlSzRWhD2sJUuWIDBwE6RSqc4A6tKlS0IDeolEIiyHVBYR8XT1wWrdvgcsrV5A2f17j1SBVVZajHPH/w+ZfyXipVe8HzkIK5PIkLZrP4ozc9Cyp4fG5uBZkaeQF5eIFh07aHxeIS/2Am7HJwKoWTKnqYpJnwqn4swclEllwjEFV9JQkHIVxVk5cJ89DVmRp1CQclW4l6ZldcrjcZ89TeM9rh8NR5lEBo/l81Uez4tPRAu3DsL9rx8+hoLkqzC1ks9Ln6Ct9hhfHDlUJZhSfh2G/3ocZRIZsqJOIfHTdbB0sofjwP4wFYtQlJWj9X7FmTlI3bkftj1Vl2YamriEFCScTwVQEy4A8vBkY2AIZEUlOBp6tl4B1qOoKtf97/+Dy7NQ9fevMOl/Uedxgqbae2mJxc2xdfNsDPFbApnsHhYu3ob9exbXecmli8fj3Um+2BgYip+jE4XXKCo6Efv3fFxnCKaL8pI/5WV8I0f0QcL5VGRn39UrUBSLm2Pd2ql4Z+Iaea+vWRv0mltD2Bgo3x1eZGmuUt310Ux//HfxNr3n9CSwB1YDUywjrK1vV3mV1MKmLggxbqny3POveqOyxUhcz6gE/v4B+Ve+QCvjHyC2fABTu5Fo4emncnyIcUssbOqict3aWH1FTztpSAiyJ0xA7owZOiuvlFXKZMjftAkZw4ejNEX3NrxE9THjfW/4D66pfpg01qvOcywtzDT2hlLuceU/uDNmvP9oP7RbT5un8fEHuVmQ7d8OBztrve5haWGGz5dq/2Grds+surzepwN8+j65d+WfBnXtLlhWxxLDhlAcchjZr/fC34vmqO1aqAiyHE7HwWrmHBhZPt4qB2dnZ4wbJ+/rcvZsDKZOnaq2Y96j7KA3YcIEiKurcgMDVftAKe9GqGv5YF0++aSmGszX11elrxfwaOMHIOxCqGs3QcXc3N3dceJEpMqvrVvlDYMlEonQ5N2QKTdqt2nZ5pGXD5qaWcDSSl650Lp990cKrwCgIDkNSQFbcP3IMRRnaa4iv374GNJ2Bmt8vkwiQ9KGrYh+6wMkBfUNy+sAACAASURBVGxB6vZ9SArYgsRP1+GnQWPxw2uDkRWpumt53Lxl+GnQWJ0N24uycvDToLHCToJJAVsQN28ZkgK24LC7N2KmzkVSwBbhXj/0HozET79S2RFQMbekgC1a75EUsAVpO2t2dEvdEYwfeg9G3Lxl8nts2IqYD+YgK/IU0nbKd2M8OXYK4uYt1zr21B3BSFyxDgXJaSjKyBbGeKSTN+LmLRf6eyleB8W1TK1EaDt6GHqtXwn3OdPR4mUXFGXl4KSWHRoVY03bGYzElbobiTc25cbgyuGCWNwcb1RXY9V3BzyxqKbSR3lpml5kf2p+vEKCinOvoyrvR5h47K3zMlX5v+p1O0eHF/Dl2qkA5P2wVn0eXMcZNeetWzsVMScD8OEM+c/P8qCofk3hlSnvBOnzejeVSqhRI/oI/be+2Ryq1/U6ujljSXU/s/iEVJ29vhwdnhc+Tk55fLteS6X3hJ0o36heOqgwcICH0K9L3zk1NAZYDUixfFDT49aimiadC5u6YHWTF4XP09PPQmzXC879v4dVr1Mwbr8N6U2/gdTyP6iy7IX8jJ+EY5XDK0C+VNDaUr0BqK7xED0NxP7+aHv+PFquXQvzHvUr+y9LTUX2hAkMseiR2Leygt+gTjgZMguzqquvFGZ90Bcz3veGpYXmJXIu7WwR9O1EuFYvsVNWu0n7rA/6Ys/miejRte53BzU1eLcYOgZm3TTvmij9fjvK0/4UxquNfSsrBH07UVgSqO+9NbG0MMOM973x7Zdj9Dr+WVJ7uV5tFdmZOp9vSI0VZK1btw69e8t/QNu3Lwj29nZwdXWFr68v7OxaqQVPtZu4a2qCrkxbAKQcbgG6dx/U1Hhd0Ty+c+fOQkiUkZGON9+Uj9vX11doJK/vtTRRhGradhMsLCwUqqvGj58Ab29vlV8TJkyAu7s7AHlzeEOXce0CykqLAQC3MpKRfOFH4fOH1c69L97+aLsQZDU0bVVXBVfS8NOgsWgqsoTPoe3wObQdo/88iwEHtgk7FBZn5SBm6lyVEKtMKg+Zau94qIniWBelPlttRw7FqMsxGHU5Bt7frRfulbYzWFiKBwAtOtb/DQfX98epjL0oIxve2wPgvT0Aw88dF567fuSYWjBWJpEheox8F0OPFQvgPmc6eq1fieHnjqOllzykaSqyFCrFFHO7fuSYzkAMAPLi1HcULJfWhHXFWTl1vpaNJSv7DkKqAxMA6Oo1HS+5TRR+KT+nbzNwQB6cKMKWo2HnVJqd6ySq/n9LWivEqpCgIm4EUJIOE68f9OqRVVV9DSM9jh3o4yGEUEdDzwoVadooh3licXN8NNNfOF9RTfQwlHeCjP7losqfxUtuE4W+YvEJqXoHiqNG9BGawO8O0l4h/8YAD+Hjxxkm7dp7QphTSNg5lfl09ZoOWZG8EKY+c2pIXELYgNrY22D38QT082in+ridDbq5OOCHmJov/F0mjpDCBF88uIamlTlomj0fTQEU3gbuFL0Io7IbcHcFbiYCzU1eAGChFl4BQDcX+Y6DtZ2++BdWTHlT7XGip4mxWAyxvz/E/v6oyMrC35s2QRYWpte5lTIZcmfMQJtffmngUdLTYvHsgRobsGui6DOly6wP+mLSGC+EHr8EadF9JFxMh2c3ZzjYWQvVWg521nDYPFHlPEc79Socr27O8Pp2IlKu3kLKtTxk5xYi5ap8Bz+3Dq0gtmwGz27OWgOmF77eibypo1B+LVnl8aoiKW5NG41WWw9j1gd94T+4M+Ivqu506Nmtjcp899Qar4Jbh1ZIiFqAlGt5SLh4U3g85eotYVxu7VvBs5tznQ3on2VGliKty/HuRUfhOY3PPDnFIYdRHHK4zqWFkm/WQ7Z3xyPfz9raGlFRUQgKCkJ4+DFEREQITczFYvEjL8kbP34CNm/eLFQgzZo1S3hu6NBhws59D7N8UGHCBHlwtGrVKsTExCAzM0NYxqcIjx5W586d4e7ujqSkJKxevVoI5BTCw8MhkUiEcWgyfvwE/Pe/C3H2bAzS09Mf6zLHx63La6NwYv9KFNzJgFM7D3gOmKSzaqpIcqfOYMqmZZvq3x+t+kpfTcXqAW/BlTREj50CU5GlWhN3217dMejEQcTOXYYbR+VhZOz85Rjes7tab6e4+fLgRtfSREA1jFJumu7o2x+Ovv2Fe92Ou4Drh4/VeT1dnHz7o7B66Z/ydSyc7NF3WwB+6D0YAHD9SLhKo/joMR+gMOUqvL9br3I9Cyd7+BzajrzYC1qXAl4/Ig+fen79qcbnlcMqhbzYC+i2bD6SAragXFaE60fCH2neDaU+odTRsHP4aKa/3g3ZFcvDZLJ7eGfSGmwJ/Eitt1JySrrKcjtj23+hUnYFD25uRZNO8l57DxVeZX0PVMjkgZiJ7mpk5fHGJaTqDK+ysu9g4eJtSE7JUFsqKBY9+te8YidIfWwMDMW66sqxuqxbO1Xo9aXNQB8PuLo4ITUtEz+fvIiFi7fhyzVTVI6RSu8hOTW9Xkv96rOLZX3m1FAYYDUwTVVP/Tza4USc+hfeURP5N/wD76uWuZbZvA+zWzUl6aZNjTSGV1YWzXCvtFwtMCP6JzJxdITtF1/AevJk5C1ahLJU3e/EANBr2SE9O3RVFz0ssaiZzuWEYlEzvcIwBbcOrR5qnMYiK9h9/zMkW7+GZJvqDwOKEEv8zhTYvf2+ylJITXSNVzGf+syJVDV/wxfFoUc0Plclk6I45BAs/N96wqNSpxxktVi8QmX5o7HYCi2WfArx5A9QuOlrrfOpjwkTJmgNYADg3j3drRG8vb01HtO5c2et527btk1nY/MlS5bU2TBewdnZ+ZGvpa25e3x8gs7jdL1uADBr1iyV4M7QKIdQllYvYNi7X+h1zv/+jEHGtfN4bdB0IaQyVDFT5qBcKkPbkdqDUo/lC3A77gKKs3NRLpXhdtwFoU+Ty7vv4PqRYyiXFSFu/nIUJF9V6UNVW0Gy+hI6bffKijz12IKc2lVcFk72cHyjH7J+Pq2ypPL64WMoTLmKll4eWhuwawqvXhw5FAXJaShMuVpniKVJ21HDUC6VL+O8HXdBZ0j2OKWkZuCdSWtUHhOLmmPJx+NUAiTl5WqePVzx/V7N/ZF27YnEqs+DIZPdw9HQsyp9mXQZNaIP4hNSEBJ2DimpGejrMw8jR/QRlqpFRSciJTUDI0f0EYISY8exqPzrK1RlHwTaTAOaO9U7vAKAB9fWAQCatKlfGLI1cDa8B8wRqoI0SU5Oh6yoBO9MWouPZo5ARzdnZGXfwcbNNX2eHqaXk/JOkB/O8NPa/H7XnkhE/3IRIWHnsPTj8XoHikKvLx1zE3pmKfX0GlW9i2RW9l1ERSdCJruH8JDP9Orzpe+cNgaGIuF8ar3n1BAYYDWwQlkJCmUlKksGAaCVjQj/ndAfXwSprms/atIKXpav4P79WDRrBrQQA+nXt+OVtjXH3Lr3klp4BQDT/XuhlY36P/qFshKtywqJnnZmbm5wDApC1oQJdYZY9V16SPS0s5o2D5ZD30JR+CEUhR8UmrtXFUkh+e5rSL77Gub9fGHa4RWYdngZ5v30+6aXHp9mXq/qDHzyV6+AuY9vnf2ynpTikMO493MkxJM/gGjS+yrjauLohOe+2ADrWZr7sBmimJgYGBkZAQD69JEvXSwvL0dFRQWaNGkCU1NTtXMKCwuFJumtW7c26Aqmp9Ufvx5Bl9dG6X28abPmuJZ0GsXSuyiS3GmUACsvLhHYsFXtcUXPJoWCK2kozs4FAJ2N2E2tRHB5fxwuVvdnKkhOEwIsjxUL0Hb0MESP+QDlsiKk7QxGuVRWr/Cm9r1a9uyOG0fDkfXz6Ye6hrbr1mbhKF8CaOFQs5xWsUSyXFaE23HyxvHWbh1Uzs+LvYAWHV1UHms7ehhadHQRqrfqE2KVSWUwtRLBfc50ZEaeQmHKVSRt2PpEAiyZ7B7iE9S/Z5080VclwIo6mSgs7fpo5git13t3ki927j2BnJy/sSsoUu8AC5Dv8icWNReWrh3VUI0TG5+MrOw78rGZt4ZxmymovLkNFZc/lB9Qz/CqMuUT4H4WIHoZRo5v6z1WQL4ccP/exRjqv1Tj844OL2DJ4vFCZdmqter9sr58yAoixWsjsjTHuxPf1BriiEXNhR39du09gY9m+ut1fUWvr3/r6NHV0c0Z+/cuxrSZG5CT8zdksnvYtVe9Su/nk4l6BVi79sgrykSW5rrHORMYN2mt/Jx6zKkhMMBqYH593RF2JgmTh6g27p08xBP/d/RXWFk0g6RYtRFucVN3NO32JVJ/2whrs0y0sqtA0xYOKGnaAfY+7yH1pPo3ulYWzSApKsWiSeoNgsPOJMGv76OVrBMZMmOxGJY+PsjXEWCZ9+gBu2+/fYKjIjIMTeydYDVtHqymzcODnEzcT/wNFTlZqJRJUFkkhYmdE0zsHGDmoblvFjUscx/dP2hUyaS4858PYLvv8EPfo1IqeawBWJVMCsmm9ZDu3q41yHpYyj2sUlJSVcKhgQMH4ty5s1i8+BON1UutWtlCKpVqPFfZpUuXsHnzZuzbp9rE3MrKCidOROK777Zi165d6N27j0p106VLl7Bw4UK1Xf369PHGJ598orJr4qpVq7BmzWrh+chI1R8wFPM8cSJSbbfFoKAgTJsm/wFr3LjxGiu56notnmaWVi8gP+8miiR3UFZajMxribAQP4927n21nmNqZgHPARNRdv9evRuzZ1w7j1atOz5yQ/fbcRdwW0OvpdrKavVe0sW2p3qYUpCchoIraWjxsgsG/XQQZ6bMeegKJGWWtXYhrGsudY1dm6woeVilvHxQ0aOqKDMbsXOXCgGftVsHWDrao2Wv7nAa2F9jIGZqJYLPwe31CrEKrqTByMgISdWBo6WTAwpTrsqr0DJz1HZkfFw8e7jqfF65STcApKSkw7OHK8Si5nVWDC39eLwQZNRe9qeLWNwcSxePx8gRfbBrbySysu8KS/Q8e7hi4AAPjKyu8FEwbr8QlX//JjRzb+IVWq/wqvKm/N80E8USxFo6urZW+V3teTdnfLFmCo6GntV4zKjqKjJFJZSCz+vdhIosTcSi5sKfkXKTe6Cmp5biNdFVgdTRzRn+fr2RlX0XySkZKs/5vN4NUtk99PTU/HdhoI+Hzrkprn88dDWiTiaq9ANzdXFCRzdnvDvRV22Obq7OanPLyr4DsdhCmJMuPT3dhLHXntOTxgCrgbWxt8HN4+o7EVqLzNHLvQ3mvtMX6/efUQmxvj1VgX72/0ELux6oEo3Hyx3dIZMWwehONHJjp2FDRHsANSVZVhbNMPedvvDu+pJapRcAnE78n1qARmQoiqOjIQ0NRcn58zqPK9yzB+XZ2TBzc4OZmxvMPWv+TpempKAoOlrjeSb29rCZNQti/8Z7p4DIUDSxd4KFPZupGxJjsRVEE9/X2T+qNCEWfy+ao7Z0Tx9/L5oDyxGjYeb16qMOVU1dQdajWrVqlc5leMqCgoKE8ErxuaZg59ixY5g2barQJ6p37z5wdnZGeno6Ll++pLVxe0xMDMaMeUvlPGtrK8TExODs2Ri8+WYMtm79TuPyvbNnYxATE6MWVGkTGFjzQ11w8D6sW7cO1tbWep37T9Gl9yic+/H/AACtWnfUGV4ptG5f/yrr5As/4vwvQbAUvwDft5c+UmP3ll4e8Dm0Xe3xvNgLODm2pk+NcoVPUabuEEhRrQTULMcrlxUJIZiFk73G8ObFUQ/fw025MkoXTTv76VImkeHiyq9QJpXBffY0zcsUjYww/Lcf9b5mQXIabHt1F0KsmClzcDs+EdePHENRVg5c33tH43lZUadQVVWFvN9qvvdsKrJEuawIlwO2oNf6lfWam760LQHUZmn17nT6GOjjgYE+ukMIXTq6Odezt5GR8NGDyx+iSfsFMHIYq/1w6Z94kLIEVfm/AQCauG/UGnrpM+9RI/pglNKOjLX19HSr9zLBjm7OWv+MHB1eqNefn7bXcuvm2XWeW9fcAHnwqM9xCpr+ftR3TvqM/UlggPUETB7sid0RCWohUj+PdigsKsGKKb5YsS1SCLHulFoh/I8HmNx0J1qUAZk/A9XV7Ui6/gIS79S8W2tl0Qwrpviijb2Nxt5XuyMSsGIKl4RQ46qUSlGamorSlBRUymQoz8pCRXY2ShIS6j5ZcQ2ZDLLQUMhCde+6YWJvL4RcFj4+MHOr/xp3IqInyerDuSgKOaS1mTsgX7pXlnIFz38eUOfuhQDwICsTdxfNRWlCLCxHjNZrHM99vh6F33yNBzn16xeoHGRZfzgXokkf1Ot8bYKD92HJkiV6LdELCpJXUykanO/bt08twCosLBTCKyen1jh06JBKYKW8K2FtU6ZMgUQigVgsRmRklHBeYWEhfH0HIikpCQsXLsDQoUM1hk2rV6/WK8C6dOkSkpKSIBaLYWVljczMDLVm8/9UGdfOCyGUTcs2ePPtZQ1+z9bte+D8L0GwsHq+wXclzIu9APc58o8VfaBuHA1HpznTtVb8KHpXNRVZoqWGaixAcwVSXT2vNFGEafruPqjPPW7HJaIoKwcFV9Jw/cgxuM+ehm7L5qtVUjkO7I8bR8NRLpXp7EOlqDxTUG7Obmolgs+h7SoN6TU1bwfkfxaDThxUe+zk2Cl1/pk885QatjfpthuVN7eiKj8WDy5/CFxbB2PHsTCyeU04vCr/V1Te+kmo1oKJCE06bYKR7aBGmgA97RhgPQGKKixNvbD8+rpjd0QClv8/e/cdX3V9/XH8lXFvcpObm5tBQvZghABhBRRkCxoXAbcVULQ/3ANaR21ti1Zrq1apVmvFKgjUzQjUCoJAANkjrBAgITtk39x7c29u5u+PS77kcm/CEEmA83w8eJD7nZ/vFSR53/M5n5nXs3zDQTbsyQbgv8dHMCwuisB6dzTqJsJi4tm9+xhf7j91/tjBPZg8th96P43LKYIGk5Xckipiw50byQtxMbnrdGiuusqhakoIIYSdu84f3Yz/o+Yfb3d4XEPmIUomp+B72534TLzB5fRD65pVWNZ8R+2Sc59y6HvbXfjedhe1S7487yCr+tU5GOd/RMS6red8/7ZGjRrNpk0bz6oKKy8vj02b7L1JPvxwHiNGDCc/P4+0tDRSU09VeSxcuFCpoJo3b55TtVV7VU5paWkUFNinTLzxxpsO5+n1er788isSE/u4XNlw1KjR5OXlnXUVVuu0xkmTUhkwYADPP/8c77333hUSYNmnkZ1PJdX5Unv7cP9zn2GuubhLwyfNfkTpNZX+0K+Y8Pk8l9Pjcr6yV1SN+NvLyn6Vn9bpuNNDrHMNsOprTJRts/eeSji5KmLb6q/D/17ssFpifY2J6pMrDXbENyKMnXNeV1YlPP71CkKHD0Xt7xiSxd+Zqqy42F4fqtaAafibL3XYZL61eur4Nytcvg85X6U5PFur0BFD8Y0Io7aohMP/XuywWqM4ycVqgx6hN9FS+Jm9Kbu1gOajbwBvOJ/r6Yd75D2493rurFcdFMIV984ewJVi1j1jmb/SudpkzrzvGDekJ+OTezEuuQfPTx/PwF7hZFXr+MU3fVmwRc2X+SN48TMTd3+dxP8KezKwVzjPTx/PuOQe9vOG9GTD7myna8/9fAOz7jlzybUQQlyJ8vLyqKioUF5nZma6PM5isTjtO/3crqLZUIN101asm7Zi23fwnM61btxCs6HmvO/dVd+TS4X/U79G1afvWR1bu+Qryh/7Jfm9IylI7kvptDspSO5Lfu9Iyh/75XmFV2353nYXEeu3EfSXt/AIjzjn85uKCn/S/QGeeOIJoqKiWbx4Eenp6R0e2zrlbtSo0QwcOJBbbrkFwKnH1YoVK5TjznY6H8C+ffuUr11NEYyJiWHUqNEO92irtRLs1VdfPeO9WivJJk2apIRv+fl5Z3wPLgeDRt7Bpv/+kxP5h8g+kM7mbz9gxfzfcGz/hp/tnq19r37u6qvTBfRLYPib9h5N1YeyWHvPTEq3OPacqj6YRdnWndz47edK83awV0i56j/VGmLFdbCyIdjDqLZqC4pZe89MaguLibxunBIexd+Zij6xNwC7X36TXS+9SW1BsTIVMODkPkDpJXU636hwbvruCxIeuFd51jX3zHSafhg6YihJsx4G7L23tv76j9TXOFZP7X/7A1R+WiKvH8+ZjHjrZZfvQ32NfcXBqBTX12i9ds43K5zuL6Ap40mXDdvdIn+B5/jdeI78Afeez+AWOEL55d7zGTyS/o7nddm4J74q4ZX4ySTAukj0fhrGJfd0CLHmfraBlz5ajcFsJeNoMXNm3sANIxKZcfMwfv/Adfzp4RtR9biLoIjheEfdxJ8evpGn7x7NjJuHccOIRObMvAGDycqMlz/j7c82MOutZcq156/czpSxSS57YgkhhIDFixezceOp1Xb+8pe/uDwuMzOTw6ctEHD6uV2Fbf8him68m9q07yi5Zyalj5zdanC1K1ZhXPQV7vrz/8Zy9+7d5OXlnff5AkIXfXXOgVGLyYht+xZaTMYzH3yOfG+7i7C01fg/MRs3reul7X8uer3+rIOftDR7aNQaLk2aZA9+Vq5c6TAtsKbG/vW5rhrY+uc6Kan9BXH0HfzdmT59OlFR0UoVVnta+3jpdDpSU1OJiYlR7tkabF3OtP7duGrC/az6/E/s2fQVtjozw66976z6X3UFbSuUXFHrHP8Oxd+Zag+nrhunhFjLR97MmrtnsuVXf6B0605u/N8XLlcqbK+Butrfr93wptXul99kzd0zlV/LR91M9aEs4m6fxJiPHKtAx857Wwmxsj5ezPJRN5M+czYJD97LxC8/IvK6cQCU/rjDKZRqWymWPOdZxnz4lr3PlNHE/266h/1z/+VwTtLsRxjyh2dQ+WnJ+TqN/910D7teepOsj/9D+sxfATDxi49cVqq50vZ9aK242vrrP1BfY3QIBNtq/W/YYDSR9bHz6nVXsqZ9T9JStbnj1QZ1/XHv9RweVy9Xfrn3eu6cVxoUoiMyhfAiGtQ7gtySKuav3M6g3hHsPVLMwF7hzHj5M/RaDfffPAyD2cqUsUnEhgeyftcxRg2MI7ekinFD7P2txiX3xGCy8vcv0okNC2TvkSJm3DKMKWOTmPLsx4A9vNL7aRjU+9w/NRXiQsqfPJn6w4dx12rBzY3g3/5WaabeWFhI7oQJAER8+ileiYnkjh9Ps9lM/I4duOt0WLdto+i++4jfsYOqd9/F8OmneEZEEPvDD4C9t1bOMPtUg9Pv0XrvsPfew3fiRIfx+E2ZQuhf/9oJ74i4FCxduhRfX1927drFvffei4+PD8HB9pWBNm7cyO7duykoKCAxMRGLxcLSpUupqKhg1KhRJCcns2vXLlavXk1ycjLXX389YK/iWrVqFW5ubpSXl3PrrbcSHBzMxo0b2bRpk3Lsrl27sFgs7N69m6effhqwh2XR0dGMHj2apUuXcuuttyrXyszMZMiQIYwe7djEM/j1OfhOSqHopnsI/eBvGN77N9ZNW9Hdewe+k1Ko+vPbeCX1pSG/EOvGLQT+djZBv52NcdFX6KbZ+yXl5eWxbNkyEhMTycvLY8iQIWzatInrr7+exMREVq1axeHDh5XnDg4OxsfHB4vFwqZNm8jMzCQ5OZlRo0axceNGfHx8yM/P59Zb218K/ErnrvMn5J8fc2LqHR32w7qY3HX++D/1a/xm/B+m+R9hnP/RRRvb9OnTeeWVVzoMftpO75s0aZJy3rPPPoPRaHTZP6o1yDpbreFUfn77Ky8ZzlC9+OKLL/Lwww912AvrVPXVqelR06ZN5/nnn7timrn3TBp7yQRWreJun3TGnkkqP63LaW8B/RIY89Hb9il5J6e7qXV+LkOrVvF3pp6xT9WIt14mdMRQpZoqoG8Cd+xLR+3vR85XaRSuWoe5sBi1zo+42ycRf2eqy2l7rRVUpVvsKyxGXj/eYWzD//YytYXFDtvi70glZPhQp+tFpoxn8vBvKVy9zh7AtbQ4hXp9fjmV+DtSlWPqa0zU1xhJePBep+ud7fvQ55dTCeiXQG2BfZxtVz909bxD/vAMDUYTKt3FDe27sqZ9T9JS+m3H4ZUQF4kEWBfZlLFJ7D1SxLIN+5n7qynMmbeK3JIqZt0zBoPJyqy3ljFuSE/m/moKe48UMS65J3qzvXpr7mcbGJfck1lvLSM2PACAGbdcxbhH32P+yh0nr2efkuiqobsQF5uHn/0f/7D336fovvuoePVVJcCybN+OZ3g4jcXFGBYsIOz99/GdOBHTsmWY16xBd9ttNBQV4TdlCu46HbbMTPvxRUUYlyxBd9ttuOt0yr1i160jZ9gwDAsWoLvtNuXe7id/bzYalTCtdu1amo1Gh/OFaLVs2TKeeuopgoODWb16NcHBwWRmZhIcHMzSpUt5+umnlZ48ixcvpra2ltGjRzNv3jxiYmKYN28eU6dOVUIvAB8fH+W6tbW1LFq0iOTkZJYuXcrMmTNZvHgxLS0tWCwWNm7cyMyZp1asysvLw8fHRxnbrbfeyq5du0hMTCQ6OpqNGzc6BVhVr83Ftu8g6v6JGBd9Re3KVQT/9Y8U3Xg3ETGRVL02F797byfot7OpXbmK5hojzTVGTItPBVgxMTHs3r2bUaNGkZ6eTnBwsPIeVFRUKON87bXXlDAuMTGRw4cPk5eXR0pKCvPmzSMqKoqNGzdisVgcnku4pkrsR3jaasoe+yUNhw919nAUnRVktQ1+XGmdJujv78/dd59aYdPt5Oo3bftH+fvbw599+/af0xiio+0VWzU1NRgMBpchUmuVVnvVXWcK49r28dq4cSMpKSkn73kqbFuxYoXLKYyXsqqyXErzMzEby6kqtb+H5ppyzEZ7TyqtrpvD9L7A0BjUXr4EhsTg6x9MYEhsp4y7VduQqKNj7jzQccWu2t/vjNdp1VH/p/aOa1u1FH9n6llfu9x9qwAAIABJREFUo1V7z6n293PqZ+UbFd5umKf29zvjvc/mGDj796E1XPONCu8wvGp1pkq6K5GbSoeHhFeii5AphJ1gUO8IZtx81ckeVWMY1DtcmV4YGxbIlHH90ftp7NVYz35MbJi9Cfvcz099w6PXasgtqULvp2HvomeY/4dfsGzDfqaMTZLwSnQ5pS+8AIB+xgxlm2nJEgKffBLP8HBq166lsbBQ2W9YsED5XXfbbTQWFmLLzKTb735nP9fFSoTGpUtx12rR33+/yzEYlyzBb8oUdLfdRrPJhHHJkgv6jOLS061bNywWi/Jaozk15bq1oqi8/FRj38OHDxMcHExMTIwSKJWXlzN69GiSk5OJjo6mvLycmTNnsnTpUpYtOzWtu+11hwwZQn5+PhUVFSQnJ5OYmEhycrIyltGjR5N4Fqtn9unThz59+rje2dKC7t47iPzfFzTmF9JkMFK7cjX6x3+Jh789uNVNuxPPmKgz3ic5ORkfHx/69OnDkCFDAJReV7t37yYlJQVfX1/l+MzMTGJiYkhMTCQ4OFiZfpmSknLOU7euVB6RUYQu+grNhOs7eyhOWoOsiPVbL8rUwrbT7/bv3+ewLy8vj5UrVwL2cGnjxnTlV2uz9rb9o1ortPLz83j33XfPegxtG8H/4x//cNqfnp6uVIF11FvrjTfsjY1dhXFtpwjm5+cpz9G2/9Z77znf+1Jkrinn2P4N7N38NflHd+LrH0xUz6GMvOkRUn7xe25/5B3uf+4z7n/uM25/5B1SfvF7Rt70CANH3k5Uz6G00EJlWS7b137K1x88yTcfPMW6pX8jY/M3lBZkXvSG7EJc7twTX5XwSnQZUoHVSWLDA5kz8wbmfrYBvVaDwWRV9g3qZZ/6t/dIMbFhgUqA1Wrur6Yw661lGMxWBvWOYP7K7RjMVubMvOGiPoMQZyv0tdcwLFhA1T/+ge/EiXj4+WHdsQPc3Oy/sIdVwb/7Heo+fag/fJjaNWtoNhrRXH01Fa++Cm5uSrBl3b6dxsJCPCMjlXtUvfMOuLnh085Kh4YFC8DNTanIMnz6qUOgJq48Q4YMYd68efj6+pKXl+dUxXS60aNHs3HjRpYtW0ZlZSUAiYmJLFu2jMOHD5Ofn0+3bt1YtWoVY8aMUSqV2lZirV69WqmY6tOnD3//+9/x9fVl9erVPPXUU069tsAeIG3atEkJuM6mz1Tgb2crX2tGD8fw3r/tf/79dU6hlbu/DsP79inoDflFNBtqztgLa8iQIco0RsDhGVNSUli6dClubm7k5+fz0EMPsWvXLodjxJm56/zp9s+PsW37EcM7b2Hb8dNW9bvQ2lZk1bzzFqZP//2z3au1Cqs1lGrVGvrodDpOnCh1Oq9791BlGuGYMWOYPn06ixYtZP/+/Tz//HMUFOQzdeo0ZVXBtLQ0lwFUTEwMt9xyCytXruTPf34VvV7PpEmT8Pf3Z+PGjTz0kL2yMCkpqcMKqdTUVEaNGs3Gjc4VWK3P8vjjj/PGG2867Xv44YfYt28fGRkZDqsg5ufnO/XjS0pK6tJTDbX+3VxOE6wqywVcN1PX+p+qxOoefXKxg5Gn9p/IP4S5ppy8I9upKsujuiyPwJBYAkNjCAyJRevfjYCQaKVp+9mot9VSX2dB7e1zTucJIYT4+bi1tLS0dPYgrnQGk1UJoQb3jmTy2P7sPVJEbkmVcsyUsUnMX7mdGbfYfzhfvuEAe44UotdqmHHLVdKsXXRJRdOmYd2xg4hPP8WwYAG1a9cStWwZpiVLaDIaCf3rX2k2GskdPx7c3Ij94QfMa9ZQdrJiK/iFF9DPmEFOcjIRixbhlZiIcckSyl54QeljdSzBXhoe9t57lDz+OJqrriJi4UKHezebTJS/+iqx69YBUPLYY9SuXUvEp5+iufrqTnt/ROfLy8sjPz+f4OBgpeopMzOTxMREKioqqK2txdfXl9raWmJiYqioqFCm9HXr1o3g4GDlGq2VSq2vo6OjHSqO7r//fu6991769OmjbK+oqFDuFxwcrFQ2nR72ZGZmKlVfrePp1s3+w1x5eblyvWZDDbb9h9CMHuFwfmNeAZaNW1HFRKIZPQLrxi14JfXFXe+vnKOKjqQhv1DZ3va9yMvLc7pf69hb37s///nPjB49mtGjRysrEsbExCjvUbdu3ZRnEOeudsmXWL7/jrptW8566p7XsOFob78L39vuAqB06h0dBmHRR85/9cCmwgIM7/6N2qVf/6Rr+fjYv5/57rtVDmFSQkKCUuX029/+jhdffFHZ5ir0AXj22Wd47733ACguLkGv15ORkcFDD81k/37X0wi/+24VX3zxOZ988gmjRo1m9erVABgMBlJSrm/3vKSkJFatWq0ER6+88gp//vOrDtcAe7XWDTekONzPYDBwzz326Y+ZmYddViq2hnFTp05j3rx5XH/99cqUQ1fPcC6rLHYFh3Z+S3SvYRd0NcCqslyqSvPsv5flUVWaS0O9le5RfVF7+7icftiC/ccira6bEn4JIYS4sIxG+8Ize/bsOetzBg8eDEgFVpeg99Mw6xf2T6Jyi6uY+9kGDGZ7RZZeq6Gmto7c4ip7ldW879Br7T2xJo+VUk7RtXlGRKABqk5O1Qh57TVUERE0FBUpvbDcdTp8J06ksagI85o1aCdOpOLVV2k2m9Hddhu1a9bglZiIKsJemaiKiEAzbBiNRUU0FhaiOdnEXXPVVejvuw9bZibGJUuUewNYt21De7KRe+uxzUYjtWvWSIB1hYuJiXH6YbE1yGrt+dT69enb2ruGq2uC/Qfw1r42rYKDgx0qv9qrUjp9SmHb49rey13v7xReAXjGRKFrU3nV9pi255xendV639Of7/Sxv/jiiwQHB5OcnKwc4+occf58bzsVRFm//476zIP23n6ZBx2O8756BJ6RUWgmpuCuc6ykUyf2+9nG5xEZRdBf56J/8tcY3v3beV9n1Cj7nyl/f8exv/HGG8r0vZiYGDIyMpQ/Z0888aTTdcDeAD0jwz4FLz09ndTUVAYOHMi2bdtZuHAh6enpDhWNrdcbMGAgN998M/36nfo+S6/XK+etWJGmNG3X6/2ZNCnVqfIqJiaGUaNGM3DgAIftY8aMYerUacp9/f39SU9PZ9So0e3+vwPgiSeeJD09XemJdfp12zr9vbsUqL18L2h4BdgrsEJiAcdqr6qyXOrrLE7HK5VdQgghuiypwBJCCCGEEEIIIYQQP7ufUoElTdyFEEIIIYQQQgghRJcmAZYQQgghhBBCCCGE6NIkwBJCCCGEEEIIIYQQXZoEWEIIIYQQQgghhBCiS5MASwghhBBCCCGEEEJ0aRJgCSGEEEIIIYQQQoguTQIsIYQQQgghhBBCCNGlSYAlhBBCCCGEEEIIIbo0CbCEEEIIIYQQQgghRJcmAZYQQgghhBBCCCGE6NIkwBJCCCGEEEIIIYQQXZoEWEIIIYQQQgghhBCiS5MASwghhBBCCCGEEEJ0aRJgCSGEEEIIIYQQQoguTQIsIYQQQgghhBBCCNGlSYAlhBBCCCGEEEIIIbo0CbCEEEIIIYQQQgghRJcmAZYQQgghhBBCCCGE6NIkwBJCCCGEEEIIIYQQXZoEWEIIIYQQQgghhBCiS5MASwghhBBCCCGEEEJ0aRJgCSGEEEIIIYQQQoguTQIsIYQQQgghhBBCCNGlSYAlhBBCCCGEEEIIIbo0CbCEEEIIIYQQQgghRJcmAZYQQgghhBBCCCGE6NIkwBJCCCGEEEIIIYQQXZoEWEIIIYQQQgghhBCiS5MASwghhBBCCCGEEEJ0aRJgCSGEEEIIIYQQQoguTQIsIYQQQgghhBBCCNGlSYAlhBBCCCGEEEIIIbo0CbCEEEIIIYQQQgghRJcmAZYQQgghhBBCCCGE6NIkwBJCCCGEEEIIIYQQXZoEWEIIIYQQQgghhBCiS/Ps7AEIIYQQQgghhBBCnAur6ShW8zEspqM0N1qwWYsA8FQHovIKQqUOROPXC61+AO4emk4erbgQJMASQgghhBBCCCFEl9fcZMVs2Edl8be4e2jQ6gfQ1Gih/mR4BdBYX0VjfRVeIeMwGzIoL/garX4guqCr0fj16sTRi59KAiwhhBBCCCGEEEJ0aVbTUU7kLsLHrydRCU/hqQ5S9lW1CbBaBYSOU44xVm7lRO5CtPqBBIXfJBVZlygJsIQQQgghhBBCCNFlGSu3Upq7GIDQ2OlndU7bgEsXNBybpQhD2XqspqNEJjwtIdYlSJq4CyGEEEIIIYQQoktqG16BvRKrI0fKgvn+2GjltcFsA8BsyADAZi2iMOvvNDdZf4bRip+TBFhCCCGEEEIIIYTodPV1BqpOZCivTw+vACynBVg+fr04YQrkhCmQ4hofeodU8Fl6Dev35DP3q53M/WoHNmshjfXVyjk2axHlBd8or82GPIf7iq5JphAKIYQQQgghhBCi02XvXUhTUxmB3QfSWF9JecESp2NcVWDtKQjnrZWNGMwNJMX6MnZAKHO/3gnA3CcnYKxY43SOsXKb0tg998C/8fAMJLD7wAv/UOKCkQBLCCGEEEIIIYQQna6pqQw/vR/5h9PoFpFIUPiNTiGW1XzM4bW7p4Yb+x7gxr6QY+jB/PXNLF5XTLWpjrgwfx74y7dEBjaTGDGMkXEHCfe3AKAPGUdTk5WqExlo/DxptBkv2nOK8yMBlhBCCCGEEEIIITqF2ZDHvo2vENlrEt4aL5oaayg5tpLi7BUMHPNcO+fsQ6sfAICXJpITpkD+tSGezZm15J4wKMftPVbmcF5MaDQLHs4n3N+Cl08Eh7cvQOUVgFbXiK8+juy9C7GYsukWdS3dY8f8fA8tzov0wBJCCCGEEEIIIUSn0Opj0AcHUW/Zjco7iOYmFWFx4Wj9w9D49cJXn+R0TttphAazjfs+6M7+PBt3j9Jx81Whyr5BPUN48+FkVj5v5ctfqekf48uuvFA02p7ogobj5aNFF9iCra6BlqYqbNaDqNQNBHYfcFGeXZwbqcASQgghhBBCCCFEp2luUmOrq6ah3opKrcFmqcbDMw6AkKjbyTMdpbmpTjm+bYC192gpIxP9aGqs5V/fVSirDoK9AkungT/l+DPrphbevnsX7h7edI/7zcn7qqivK8XDU4/FbKClxYqbWxBqb/1FenJxLqQCSwghhBBCCCGEEJ2i6kQGhcd+oLkJvDT+NDc34e7uQ86BLzAb8vBUB6EPGe9wjs1aRHOTFYBxg6MxWt3ILFZhMNu4d1yow7GRQW48M0XHS181kFPdg6Dwm/BUBwFQVrCJpkY/WpqbaWpsAKA4dwf5h9MuwpOLcyUBlhBCCCGEEEIIITqFVh9DfL8xeGl0tNBIQ30dKi8NPQekoNXHAJwMnQIczrO0qcIa2CMAnaaFUf0C6RtpjznGDowC4D/rS5k+spxHbuzOvhMJDmFYePwQvH3VNDU14eXjg0qtIzphmFRgdVESYAkhhBBCCCGEEKJTqL31tLR409JiwFBeRFH2Dhrqy2mob3Y4rlvUHQ6vaw0ZytcPjzlKfnkdw3s2YK5XExOqY9ygaFb/Uacc838jd3Pd8GSHazQ3q2iwVVJnqabo6C7csGKzWKSBexclAZYQQgghhBBCCCE6hdmQh6GyiMYGd7T+IXSPGURjgzvG6hPUVOxTpgpq9QPQaHsq51lMxxwv1NLCkOgy7r++D3OfmEhTo5FY3SH8fb0orITY+BQG9QxRDm9uslJRlElTgxqtfwj6kDjq6xuw1dVzIjf9ojy7ODcSYAkhhBBCCCGEEKJTmA15+OkD8PQMQOXlgYeHNyq1Djc3C02NFZzIXaQc2z1umvJ1Y30VjfWVAGj8erH81xUMja2kd1wCeq0X9dZSAN6YWkdkkH0aYqvS3IVUl65DGxCA2jsAaMZL44enSouHRzP1dYaL8/DinEiAJYQQQgghhBBCiE7ROl1PrfGgNP8YRTlb8fC04hcQQ0tzHbWGfVQWfwuApzqIwLAblXPb9sHy8azE3cMbdw+Nw/XHJRQ5BF+GsnUYK7djsxai8QmlpcVI4dGtmGvKUKm98PbxI7D7wJ/zkcV5kgBLCCGEEEIIIYQQnaa5WUVdbQX+QZEEhSVQX9eAp6cOlVcgAFUl/8NYuRWAgNDxSkN368kAy8PTHlp5aSKdrh0YdqOy3Vi5lfKCJQCo1EE0N3vS2GAjLG4YADZrJS3NHkrzeNG1SIAlhBBCCCGEEEKITlF1IoPjB9JobPRAo/VHpfahucWbg1s/xt3DRzmuvGAJNmsh7h4apaG72bAfOBVcefnYf7eas3H31KDWRChTB42VWynNXQyAu4c3Gr9elBzfhJubFnBH4xtAYwMU5+6i6sSpBvGi65AASwghhBBCCCGEEJ0isPtAegy4Ea1/N5oabHhptLjhxsDRD6DVDyCsx0zcPbxpbrJSfGwezU1WpaF7c5MVm7VQuVbr9ME6czbNjVZl6mDb8EqtiSCm72/Q6gcQ0WM4am9foAW1lzca3wCiel4tFVhdlARYQgghhBBCCCGE6DTu7v7U1Z7AYjZgrinDzc1KncWihFUxfX+DWhNBY30VhVl/B6Bb9O2AfRph61RDH79e2KyFNDaY0Pj1wksTic1aqIRXgWE3EtP3N3iqg5TVDRvqS6ipLKCmqoSmpkqaGptRe+s74V0QZ+LZ2QPoLKa8YnJWruf4inUAqHVabDUmdDHhmPJLAIibNJ74W8bhFxPemUMV4pK1YX8Ry7ZkszenHEOtjYyc8rM6b2B8N56ePIgZE/s67TOYbcyel87enHIycsoZmxTJlBE9eHryoAs2boPZxt/T9pJbamRcUiT3T0y8YNcW4qd44MEP2LkrR3k9NDmeTz5+pBNHJDqb6dGnqF/5v84ehugE6kk34ff+3zt7GOIcGcuyOfTDB+3u9/TS4h/aA11IPKE9r3HYt+XzZ3DDTXntFxJPv2sfPeP1I/tfR8GB1Q7nAgy/543zfQwhLriGehvuHuAXEEp9nYXGBiO1plLKCzdgq91LaNw0ohKeprzga4yV2ynNXURo7DT0IeOwmI6iDxkPgMorkOrS9bh5qNl7rAybtZDCrHfwVAfQPXY6Gr9eWE1HOZG7CB/dCIqytxHZqw/+QZF4eKqorzPSUC8rEHZVV1yAdXjRCjIXLkcXE07cpPHc+PlbeOn9AGi0lOLpE6ocm7NiHdtf/QBjXjGJ0yfTZ9qkzhq2EJeUBWsymbN4K3llxvM6PyOnnAff/p7cUiNzpg5XthvMNgY/+R+H627YX8iG/YXszSnnk9nX/eSxG8w24h78hJpaGwAL1hxi/f7CC3JtIYQQQlzZGmxmKgv2dXhM6bEfAdCFxDN0yhw0/vafT6oK9jsc10LLWV0/MGqA07lCdCVmQx4luesJjxtKg82CSq2isdEbfVAAjfVmbNYiCrPeISj8JkJPhlCluYvR+PUkKPwm8g69plzLUx2E2ZCBf9Bkqk0HKcx6B41fT7rHTqe5yUJx9jxqDfa/I431ZmL7XkWDzUpTsw0vjS+0+FBRcoATuenK6oii67hiAqyi9J1sfO5N4ieN49ZVH2GrycFUsIbSvUuor8lxOl7tH48uLolRb8zAyz+ejH8sZmnK/3HV7x4hYszQTngCIbq+3FIjt76y8qwrrc5kwZpMhwBr1ocb2g3FFqw5xOTh8UwZ0eMn3fPWV1Yq4VXbaz89eRCD4rv9pGsLIYQQQpwtY1kOWz5/ltEz3kflpe3s4Qjxs9HqYwiPH42XlxWzsRwvjZ6mBhtqtRe4qwBobrJSXvANZsM+usdOJbrv8xRm/R0vn0iCwm/CajqKLugqbNZCdEHD8ajXQUsTQeE3og8ZT2XxtxjK1ivTBt09vMFdhZtbIz5+gZhryrBZLXj7uBMSmSThVRd1RQRYO/78L4y5Rdz63TyaG4+Tv/5J6mtyaGzwxWSJpeLEtZgMHvTpf4yinN54+Tfj519MQM1yDNnLUfvH0/uemfSZlsr2Vz+geNMuhv324c5+LCG6lL055Yz/zTdO4c9P0TasWr+vkE/XZnZ4/OwP0xmXFIle63Ve91u2JZsN+wtd7tubUy4BlhBCCCEuOL9u8QCYyp0/VLcaSyncv5q4obdd7GEJcVFpfHvTWH8I/6BwzDVVaP0DabA109TgRo9Br2M2ZGA27KPWsJ+8Q38lNHYacUkvcyJ3ISFR9l5YobHTsZqOEhA6HvPBFbi5e+GlieT4/j/SWF+FpzoAXdDVaPx6odUP4ERuOs1N7jS51VFrrKBbeE9qjdV4quI6+d0Q7bmsAyybwcTah/9IxOhkxr/3HCXbX8FasR9TbTxHD1zHwQ3FAARFNREQ5E1jow9Fh614aDRUlemor0umR3Ig/YZmU7/5BTTBSYz884sc+fwH1j78Ryb866UzjsFirePHHbsICgzAx9ubrOwcEnrEk9Azni+WraR3T/s/WAVFxaSmTKSyqprPl61k4piR9u3FJUwcM5KsYzlY6uoY3N+xJ1BBUQk+Gm8A9hw4RFR4GAA+Gg1REfavK6uqycrOISgggMrqagqKSpiUMhGr1epwTmV1NdcMS1bu5ePtTWV1NUEBASScHOePO3aR0COeoMAAZQyVVdXkF5c4jU1cOX6O8ApgTP8I5evZ89LPeHxemZG5y/c4VG2di9kftn8PCa+EEEII8XPoN+ERgqIG0mAzc2jtBxQe/N5h/4ljP0qAJS57UX0mcXxfNsbqMtReWqzmWtTeXlhqMnH3SMXHrxc+fr1wj52OsXIrlcXfYvQKonvsdGXlQQCNXy8a6yvRBQ+nuel7TuQuRKsfiC74arw0kQ73LC/4AbWmCWO1EbW3L7XGKrx9/YnodevFfnxxli7rAGvT828Sf8s44lL7k7/+Saw1FjJzrsdS3MTRHcV4+XoTFqbFcKwQtS4MP30FpuN1gH15xtBeMRzbWYW3Jprmlnj6D1xD4eYXiEudjVrvd8YQy2Kt44tlK7l7yi1KyJTQM57KqmrAHj7dPeUWACX8qaiqxmqtUwKjrOwc1qRv5pphybz5/odOIdGPO3Zx95Rb7KGT1aqc16qgqEQ5plVlj2p8NN4UFBWzd/8hJSxr1TZkA/jNK6/z7GMzCQoM4MftuwkKCHAIsPYcOMSPO3ZJgHWFMphtP0t4pfNRM/fhsQDMX3PorKclvvyfbcyY2JfYUN053a+jnl1j+kdIgHWFOXy4GLPZ/u9B74QwdH6aM5zRsR07snFzc0Or9aZPH9cLg7Tes6NjzvY+YWEBREQEnPkEF/dvNXRofAdHCyGEuNBUXloG3vQMlQUZWI1lyvaGutpOHJUQF0fGhldw9zAREBKJm5sn9XUWGurr8VS1UHUig+YmEzsObiL9aCRbj3pgMIey91gZsd0XENvdn0E9Q7j/hiQG9QzBUx2EzZKFu4eGuKSXsZqOYrMUUWvYj8V0FL/AcXh4+qNSt+Dh7o3WX4WHhweeKjXG6jIyNrzCyMnzOvstES5ctgHW9lc/IDipN3Gp/Sna/BsqDd2prE5iXVolqbcHkH/IG11LHYZjBoKjg0gcX4RbvZFx9yVSuqseYx0UHc0jNDoUv0DYs6YWtde1xPfYRtHm3xAx5i+Y8nqT8Y/FDHxiqssxfLFsJQk945TwqlXb8OdMggMDsFjr8NF4ExUeTtaxHCVYsljr0Jx27dO998lC/vDrp877/gDBAe0f3zq2oIAAh7GJK4ernlGnGxAXfE69qWJDdUwZ3gO91su+6mAHlVGuPPD296z7y+1nfXxuqZG/L9/b7v7WIE1c/hYu2siixZsoLq522D45dSjPPTeJp59e0O4qgEkDn3M459FHJgKwaPEmTKZTwVBCQjjPPzuJYcN6YDRZWbx4EwsXbXQ4xs/Pm8cevZ5pU0edccxGk5XXX1/BD+sOON3n0UeuY8K1/To8d/HiTSxbvtPpmf38vJk+bTRTp45C56ehqKiaG256zeGYhIRwvv5ylstrn/5+aLXebNn88hmfRwghrnQa/1CHAEvl7duJoxHi4hiW8ibb/vcQttoyNNowzDVlqNQa3NysZKS/SFjMKMLiH+R/X/yXjOwi5bzcEzXknqhh/d585n69k9ju/kwZ1YuWlkbySg18nfa2cmxWWRAP3jyR/MwvKcpeQ3Tvq6lvVlFTWUhIVG9sdSXYrE0MS5EVOruqyzLAKkrfSUVGFjcs/hOFm1+g1BBOYUkShUcsXHtrL9Re+URFaKk4YqBHUiRhvRrwbmmg6LMQIu5bT33weMy7ckgcHEdNfSPNNjXxgzzZllZC/eRriIjMwXPP2yQ9/BrrHn+dovSdLhu7Z2XnkJoyocOxHsk+DoDG21uZ8qdpMyUw69hxpXoqNWUCaavWKiHR3gMHGTksWblWVbVBuV5keBgFRcUEBwQ4BWhtWevqlHOCAvRKuGWpq1OmHl5z1ZB2Q6+s7BwG9e9HUEAAP+7YLQHWFWb+mkPt9owCexXVst9PYtyAyHaPOZM5i7eec3XXhv2FrN9XeNb3nf1herv3uG9ColRfXSF+9+IXpK3Y5XLf8rSdHM4qpri46qyvd3pw1Sorq5gH/+9f/Onlu1i0eBNZWcVOx5hMdfz19TRaWlqYPm10u/fIOlLMDTe+1u59Zs1ewLSpo3j+uVSn/UVF1Tw9e4HL+7eO4f1/fs/aHw7y8b8fJiIigN69wzhypMThHkVF1U7VXmt/OOh0vWvHtx+kCSGEOMVYmu3wWhfy0xaoEeJSMXj862Rum0NdaQG6gFBKjmcQEBpLVM9kmpoN+JlXMe9XY3j2w21syChwODcmVEdsd38A1u3JJyPbHgLf+ZZ9/8AeITwxOYGGmmNofD3pPfh6rLWVVBYdIzQ6AYuxErVXED0G3oraW39Rn1ucPffOHsDPIeMfi5nw4cuU7n6bxtoTrNvWhya3FnIOluOvKqG0wJeA7m4ERwVSn5uHPmYvNdu+F1opAAAgAElEQVSDcFd70Vw6EG2ogZBAb2qzsuk1rI7jGyvQBzXgH6KjKN+NnNwETBVllO55m1GvP0vGPxa7HIfVaj1jtVNLSwstLY5L4PpoNHzy2dccOZbDA7+4QwmgggIDsFityhREi7XO4fotLa6v1+H9aVHO0WhOTZGprKrm5b+9Q0KPeK5pE5Kdbu2GzazduJkjOcfZsnO3MjZx+TOYbby0eFu7+6ND/Fj/1zt+Uni1N6ecd9Lar4xKHd5+YPrA29+3u6+t9fsKWb412+U+nY+auQ9J9dWV4P1/rm43vGqVlVXsMihqz5mO/f0fvmw3PGr1zw++x2iydniPM91n0ckKq7aMJmuH4VVbWVnFzJq1AIApk50/rPlh3QGnbTt2Ov+duvba/me8lxBCXMkabGYy/vcmjfUWZZun2of4ZNf9rxpttVQV7HP4ZSxzbgQvxKXEbLDg4x+Mp1pDcEQiGt9uWMwGaDFTVrgKTfUCvvz9RD55/iYA7k/pz553x5L+UgSfPqrl00e1fPf7Hhz4cBJ/vH+kcszqv97MyNB0io59SWNjDXUWCx4eWoIj+uLm7oXGNxCTwYRWH9OZjy/O4LKrwDq8MI3ggQk0Nx6n9sRWlu69nZBuDezPbGFkShQtVNNYqyJ6+FE8jTE0q/1wU+WiqrJCfjbNh3qhGtyIpaCUiOR+ePuUoNZ2x2xUM3C8mv2HvEDVwMaD1zJRlYY+/jjBAxNcVmH17hF/xml1rvYFBeqZOGYUb77/odP5E8eMZPPJRuqtzdfbntf22KiIcAqKO/7hxMdb43IMUeFhPPPYQ7z3yUKeeewhl1Vcew4c4oFf3KGEaEEBejbv2EVqysQO7ykuD/PXHGq3Z1Rr5dVPrVzqaOrgH+69mjlThxP7wMfkl5mc9ueVGZmzeOsZG7p3FHTNmjL4vFc0FJeOoqJq/vnBmp/t+mFhekymOof+UmfLZKrjhx8OugyOzsXrb6Rx7bX9lF5eixZtdBle9e5t/3elbZUVwI6dOSxbvpNrx/fn9TdWOO7bke1UJbZjh2OApdV6dziVUQghrmRbP3/O5XZPtQ/9JjyKxj/U5X5jWQ5bPn/25xyaEBeV2ltPYGhfPDwM1NcV46MNw2atJy9zHbH9JhAS1ZvmBiOZ656gv38UWQtm4VG9Hq1/AL66gQ7X0gIPjjjGvdfeS9OJz8nbtY6AYA2hUb2pNVaSe2gDvYdMwsvbm3prBXjq8NVFSfVVF3fZVWDlrFjHwMenUnV4MVV1ERzO8ULj1YSvWk23gBqqSn3w96sHwNffhibQHsw0ZNu/2W62NIKqDu+QQPzi66mrCCF5shbjCQ88PBoICvCgBR1Hc1RU10VSlfUfBj4+lcOL0pzGcs1VyaxYtfa8nsNH483jD0znk8+/dqhqSugZz5Fjx9l74NAZp+v5aLy5Zlgya9I3n9cYoiLCmDhmJF8sW+ly/5FjOQ4VYIP692Pted5LXHo66hk1Z+rwnxxeLduS3e70RJ2PmlmTBwMwf/b1HY4xt9R1yAYwd9medkO46BA/5R7i8rY8bYfTNq3Wmz+9fBebN73Ed9++oPSzOlfPPTuJ1d/9li2bXyZ1kutq1tRJyWze9BL7M153eczhs6iSmjp1FN99+wL7M17nTy/fhVbr+KGDyVTH8pNVWEaTlUWLNzns7907jO++fYFvvprNN1/N5qsvZjldIy1tpzKNsK116w85vC4qqnYKwGT6oBBCnBtdSDxjZnxAZP/2v88R4nKUOHwW2sBrsVk9MNVU0EIt/UbcgUqlIXvfDwCERvdCH+yHLf8/BIQNwlcXgdmQB0C9zUhtTQFqb38Cuw+kqWQZXt4GfHWe2GxGjh9Mx0ujI2nkdGhpxGKswN09AA/P3iQOd93XU3Qdl1WAZTPYqzA81BaslQf49sg4APbsc0enNlLf4sbRHWWExFVSUxZB2NVbiRpv/8HFt18cAJ7Rzbj7FhJ5fx5esbupOQ40VOHe0kBNlQa9n4XjB+1lvf/dPQxrxX481BaH+7ca3L8vE8baA6C9Bw5xJPs4a9I3k3XsVGnvitVrlV+nCwoM4O4pt/DeJwsdtrfXkyrjQKZyrdZ7TEqZSGVVNWmr1nAk+zhHso+TtmoNFqu9EqCyulo558cdztNnWqcPpq2yVye09ucqKCpxGoOPxptB/fu5vI64vOzNKe9wxb5ZU3568NNR9dXch8ei13oxZ/FWxg2IbHcqYU2tjTmLt7rcZzDbeOk/7U+BnD/7eqm+ukK46tf0ztz7mTJ5KDo/DRERATz26PVMPYuG6m317h3mUJn06it3Ox2j1Xrz/POpSmXUq6/c7RQcZR3uOMB69JGJ/Oa5VKUP1ZTJQ3ln7v1Oxy1Ps/+/efnynU7TDl/9090Ofaz69Al36pu1Y2cORpPVZTVY24ormT7YdamGX+Xy1/keJ4T4+RjLckhf8Cgnjv7Y2UMR4qLrHjsGX10yjfUWvH0CqKu10FBfi7fGH6PBTFOTmbKiIiJ630RDXQ21xkICuw+gLG81xZn/JiDU/n1HbU0BPQZNp7rcSoOtAXd3b9w9NbQ0qzBWFeLl44e7hy91Vk96DJreyU8tzsZlNYXw+Ip1xE8aj7lkCwD/TbeQFK4hL8fAyEEqTpRqie7rBqoTlB/3ISwOylb0R99fjdf1maiTIyGoBOO2ITRZmggYn4FK60VVqZqIHnXs2GAhYawOAE+1J9v3Wph2DZhLthAxeijHV6yjz3THb/gH9+/L4P59sVjrsFqt9O4Rp+x75vGZTs+Q0DPeobKq9fy2XPWkSugZz+9//aTTdh+Nt9IEPutYDlER4coYEnrG89qLziXLp08BfOAXdyhfP/7gqb/YrU3n2ztWXL7mf3+o3X1nmrJ3NuYs3tphQDZjYl/mLN7Ky//ZxrikSOY+NJa0ra57Pny6NpNZUwY7VYTN+nBDu43bU4fH/6TeXeLScnq1UO/eYQwb5tww97FHr2PxaZVLHXE1ZU6r9XaYStgnIVwJr9pua7vS4ZlMc9HkfdiwHi4brgMUFTv3KjSb69i5M8dp2+myDhe7nEa4dt1B5T2T6YNdl+4r1z07K6N6nddxP5Vnv0T8Pvon7pERALQYjVjffhfrR/Mv6H2E6Ooi+12Hxj+UBpuZ0qM/KisQNtpq2bXsJQbe+GuXlVh+3eLp3usah23WmlIKD55dH1AhurrG+hYabHW0tNgLRkKi+qP29qWh3kqfq/4PtZcOtZdO6VtVV56GubpAmQYYENqf+roaInvfQWnul7S0qIjsMRibzYRK3UKd2QB4ovWXvleXissqwCrfl8WgJ6ZiLPg7RwzJmGvracYHAGuTB4d2lHPLZDeKcsNQedub4jZ6a8n/+iChE3vhN3gfFd8NwLD/KIHJMdTXRqONsHAkw4/Yq814aX3Jz3XHU6vBS6XB27uBzIp+DCnZQtykF8l4z/U3fGAPkjpaDfBikBUCxYWy4UCRy+3RIX4/OfjJLTXycgeVUXMfHktuqVGZwjh7Xjp73r2XP9x7dbvnzf4wnXV/uV15vX5fIZ+uzXR5rDRuF30Swl1u1/lpnEKh87n2uYRTZzI0Od4pAGs1bFgP515WO7JdVnQ98MsPzvqerlYjbBt+/bDOsaJNpg+Ks+Wm04FO19nDEOKii0y6jqAoe/+e3iOns+WzZzGVn/r/6pHNi1wGWGG9RyrhF9ibwJvKciTAEpeFHoOm04PpZO9dSEvzUTw8G1B566izGGhu8kDrH0Vp/mYqCn/EzcP+c7ZbbQ6+Gk/2bviT/TVuBIUPJSRqOCXZbqByAzcV7m4NmI1GAkOS6SOVV5eUy2oKYcW+LPxiwmlqqCW32l4d5K31Jioxkt37vUlMDkAT6ElliRtRfauoLh+Mmw68EvtgPmqjuTYSw/7juOsD0PZTYS4IxzuwkLraOirK/OkxUMWhnWWUVFjJKzETER1AniGCpkYLXno/itJ3nmGEQlweMnLKXW6fMvynL/Pc0dTBp1IHMSi+G3MWb6WlpYWPZ19HRk45c5ftYdbkwUSH+Lk8b8P+QuavOVU11tHUwVlTBhMbKj9AXSmKipyrkUwdrPrXXljUFen8LvyHJq3TA0+fRpiVVUxRUTWHDxc7VW7J9EHRnsaDmVSPGEdVv2RqbkilMqoX1rfe6exhCdGpVF5aovpf57DNaizFWOY8PbvkyGZOHN3Mkc0LObJ5IYX7V1NyVPrRistLj0HTCY6cSEVRJm5uVlRqM2qvAMw1BQSE9Ccs5mqaq5diO7EAk9FIQ5OK6pwPyd37AaExY4jsdQPmmgJU6gBUajMenk1Ya6vR6vrLtMFL0GVVgVVvNJ/8/Ti1dUOAOooqrcTpVZRkGrh2uBfHjvigC3LD09uAVl9CS4AvR5fHU5NXTVCDnmrqiRwQjjp0K8GRvlSVJhGX7MG+XY30Hu5JeM8wKlq8OH7MSKhKQ3SDH/U19k9IvPwdf3iurKp22avK1fb2jgV7v6kj2faG6VHhYQQFBihTEk8/p7X3lZubm8N0xQsxnsqqajQaTadXkonOtX6f68bqADOu69vuvrO99vKtzt+ggb0yas7U4Ur11B/uvZoZE/sy//tDvPSfbfZphVOH82A7qwrO/jCdKcN7sGxr+83hpXH7ladt36dWxSWGThjJhXfYRaWV3wUK4FyuRrgzm+LiKodtMn3w8qYacTXev7wfN50O1Yiradhi/3DA9tUSmg5l4vPH3zmdY3npVRoP2itgve+6HfUdtzrsbzx0GMucV5TXui8XubxGi9GEZvaTqEZcTd1XSxyCLzedDu87b0WVch2e/RLtlV2naTtW21dLHPZ59kt0OXbjXdOUr33mvIhn3z4O++u/Xkrdl98or9t7Ptu/5+N1x614jrgaN50Oz36JNGzZRnNhEda336WpoP1/Z8WVQRfq/IFgg83stC2q/3XEDb3NYdvOpXN+tnEJ0Vm6x44hsPsATuSmU3ViAx6eVeis9g8hu/dIJSBsOKvmX425xkhEbCBVRh8mPbwNtbee+joDFmMRtcZympuD8PHrQdKoWbLa4CXqsgqw1Dqt07Zj+TVEBnRDF+SHuaGRimoVVw2s4kRpAiHBXtQaQuiRehBreQIqbRb9H4jHQ5tL/qHhRPfdSnGhnqgeR/APiqOgyAtTsydmVAQHazmQXcVV/U6FOX4xjtNOXv7bOzzz2ENOvaI279jl0GeqsqqaN9+f59SPyt58fS2pKROYMGYkFmsda9I3kZoykYKiYrKyc5Tr7DlwiIKiYiaOGYWPxhuLtY60VWtI6HGqp9Ynn33NNVcNceqhdfp4AN54fx7PPjbTIcT65LOvmZQyQaYiXuEM7fSNAn7yyoMPtBM+gb23Vmvj9gFxwUqvrfm/up74Bz9hzuKtzH14LPO/P0S6iymONbU2Zs9LZ9kW1wEZwNyHxkrj9itQWJiekjahVWs10enhltFkvaDT/y6EnbvsjdVdVYbt2Ok81j59wgkPD4DT1tr47tsXXIZ57XE1jXDHjmynFRNl+uClwWe2cw/NM1GnXIffR+87bFONuFr5vbmwSOlt1VbbMMktMkI559RGN5fXPH2bZvaTLoMpdcp1aN/6i9O+xkOHqf/qG7x/OQP3Nve1h3AzMN41jRajURmjq/u25dkv0amxfcPW7Y6P4uL5PPsl4n3nrU7jaz1OnTKR6hHjlbGIK9NPadxuqSm9gCMRoutQe+uJ7pNKdJ9U8g+nodXHUHUiA61/FG7uakxVJ4gMs9EtQE1pwckVCesM1NfVoFJr6R53HdF9Us9wF9HVXVZTCNuTVVSLxduXrTs8aFQ3o9bkkn/CBy+vCnIPBJC+KAF3/yrcPGsx23xY/3EwOdvrASgrqMdgDiNuoJHKWi1NXl5kZlfhofN1uk99jeMqhFHh4XyxbKWy4l+748vOoXePeKfV+954fx6pKROUEMlH4+0UNIG9Qmvths2kpkxUqqNaj/1i+Uoqq+zpdFBgAGvSN1NQ1HH/lj0HDjG4f1/WpEsJsnC2t53pg+1N3ztbc5ftabdx+4C4YGZNGczcZXtIP1DE3IfG0mI0UfnUc8SG6ngqdRDvpO0lt9TYYRP5BWsOtdu4fUz/CKaM+OlTIMWlZ9hQ5//ur7+R5rTtr3913tYV/P73Xzpte/+fq52m8vXubf8wxdWUvn9+cOZ+Kaev1nj6NMJ16w869dyS6YOXBs2vnnL4dTZ85zhXKLWYTBjvmobhmvE0G00uzrowfP74O5fhFeAyvGoxmTDeORXrR/Mx/+p5p3M8+yW6fJ6fg5tOR91XSzHeNY361Wtc7vfsl3hRxiK6psqCDAoPOP8/WRfiqiqr9rTXzlVaQlyOWpu2a/UxqL31FBxeQWR0CP1v/JHgxD8TFhHMidx06utqUHv7g5u7co64tF1WFVit1Lo4fL1P/ZBaUmEhLimURjcN/eL3caykH3W1jTS3QKPGi8JyG747+zDkmnKOH+2Ge5gfQbHeWGw2Yvs2kpPjQ2TPZvJLbWRXNtJvYCTr99o/3Whprkets0/VM+Y5fvLcu2ccURHhvPn+hzzz2EPtTr2zWOtITZlgr5A6WR2VdSyH4ICAdqcVtrUmfTODklxP3RrUv69SYRUUqCc1ZQJvvD+Pxx+Y7nIVQQCr1crdU27hN6+8zqQ2oZgQHQnQnv+fE4PZ1mFfqrkPjVWOaV0h0PCXt7H+kI5t+y7mTB3Osq3ZPPD296z7y+3cNyGx3Sbt7Zn/K+fmqOLKMGXyUNJWOH6A8MO6g7z4+y+ZNnUUYA94Tm9O3lX8sO4gD/7yAx571P5neMfObP75gfMPxq2B04Rr+zlVnS1P20lxcRWTJw8lIjxQ2V5UXMWOHTn8sO4AQ5PjHaYDnj6N0GRyDMxk+uCl4/TKodMri07n2S/RZXVV/XffK1PzrG+941ShdSHVr16D7csltBiNNBcWKeNyFWzVf/e9UtHUsGUbjYcOO03/U7v4gPDn0LB1uzJFsmHLNgK2rHf5Xoory6Ef7AtpGMtcV/mG9hyByst5psnpoZbKS4vK2/lD9vb8940Ul9t7XTON3iOlN5DougK7DyRz67v0GDSdqhMZqLx1JKemKyGVPnQnVScyMBvycHNzp6pkD4nDz73aWHQ9l1WApYsJx5RXjIfKlz4h2cCpqW4/7i/l+mHhGJqCMZj8GDY8A3NDdwKizVj36yiugp6WeAwNKtz8VcQm7KPWEkZk1G6qmiaQWx5IdqWZkHC9El4BJIbm4KHyxZRXTMSYoU5jGty/L1artd0Q68cdu7hmWLKyvaCohKiIMHtVVs84p+u5UllVzTXDhpzVsUGBATz+wHTe+2ShyxAr61gOGo1GGfveAwedphwK4Up7jd3PxqwPN7RbGXXfhETGDYhk1r/sx8x9aCwNh49gXvQFAFUvvkLY6qVK/6tlW7KZ+9BYlm3JxmipP6v7/+Heq6Vx+xVs2LAeLlcXXJ62k+Vpl8biHDt25nS4kqD2/9u787Coyv4N4Ddu7MMiyq4sLoigQ0qBImLi1qKUuJT2hlpaVorVz7JcSFus1xJbtOxVMJdU1HBPREVExcAYN0QFQhl2FRhAwCV+f4xzZJgBBkQZ8P5cF5fM2Z7nnJlB5uZ5vsdID2OqjZj6PjQI4yaEqhxD3bRDBRcX5Wny6qYRVsfpgy2HbNwkpccdM6/UuX1to5/uSR9M336UU+DK16xTqpPVkH4B6vtW276P2r1aplrSk6W24AoA2nUwqDVMqi2sMrd3x83Mc03SNyJt5Sx+DaVFV2Fk2hWlRVdxu6IIN/NkuFNRjKqqf4UaV3cqS1isvRVpVVMIbQf1R1ZsIgytvdHF8CKMDDsorY9KyMbl6zbQbVcCg/a50G+fBxeHw/B93gAyWQV02t1CsawUHk9noUP7PHQyi0NqrhtMTPIReaQMXZw74dSVB3+xNjLsgF4WF2Bo7Y2s2ERY9Omptl8DPPvB33cglq1crTKd8FLqP4iOjcOuA9HCFD8A6OnsVO9UP4WO5ma4VVH7NEUDfeXaKPa21kKIVbONS2npyMzKxq4D0dDX18OuA4c06gM9OeoKemqbXlgXRVF2dRSF2zPyZPh+l0QImoqWLhe2uZedA9lPvyLI3xW+brbCXQzrmkpYsw0WbqcvlkyA0UOMInyUSkrrnoauic+XTFCqk+XiYoMli8c/9HFrTiOsjtMHnzxK9a0eYSB054D6Ka//SlXrHwJA2xoBkY6x6pT3qpJHN+WRqLGMOznB+5VlaqcPAuqnFQJQO1qLqLXpoGcKI9OuuJTwC3QNLNBBzxTFBRdRfOMyjEy74s7tMuRlxMLM0o0F21uRVhVgOb44BOm7j8DI2hsA8JxPe5VtNv15A45dr+Jq2TPIKeuOWStfxLVKY/zn9RiYGaZh9OiTiL9ggxXrfQEARfc6o62BDmwcO+PoWeUP56MGyP81svZG+u4jsB1U+y/yAzz7QezmipVh64Vll1LT4e87EKNH+GP0CH9MeSUQmdnZuFVeAXtbG2Rm59RbPwsAxO6ukJxLVrtOcj5Z7Qgqe1trTAh4AWGbI3DjpjyUu3GzEBbmZkJ/Ro/wh72NtXBnQyIAcOhc+4eSuoqwqyNJL8BLn++pdX1wgAccLEUI+i5KuENg+aGjqExMUtquZMMW3MvKQeiMwbiaL0PoziQEB3hoVJcrdAYLt5M80Alb81adIdYQP1ehjlRjeXoq3wQj8XQ6srIKlZaNqREKXbqUjYQE9Tcf6NHDus4+GRnpIXT562qn8gWM6Y+1/5uh0Tn17+eEMaM9VZY/O0R9SMXpg62bYppgTXrjXhKm8ek3ojD8w7qXKVUbYnUY4S8Eam3t7dTWmLr9Z/3/fxn/byXaez0Ngznv1TvNkqg27XWNYG7vXueXQ78A9AtYBN+gVUohVc3t1AVV9m7DoW9iqbSdQY3H9X0ZmFg+zktC1Ggd9EzhPugjtO9giJu5Z/Dv3Uq0bdNePq2wgyF6eb3H8KqVaVVTCHVNjVFZXIJ7tw2g39ENz/U6ia0H+qhsl1HUFVV3DdHfNgG2zmL8daESZeVj8ZJ4O/67cyTS02Xo07czAKC4vA0kZ7vixDnVO3o875oI/Y5uuHfbQGi/LqNH+CPs923C4xMJf2PKK4FK2/R0dhLuNDh6xFDsPhCtVIdKMeWwOg83V1xOTUd07HH4+w4EIK+rtftANPx9B9Zaw0oxvfHEX38DkN+N0N/XR3kbd3kxd3V3HrxVXsH6WE8gvz52ta47k16AIR9vx/LpvvXekXBd9MU6pw4qAqvIk2mIPZ+FHfNfgMm/t5H7dajKtlUlpSj6ejnE33+DWaPFWLzpFIL8XRE+ZzienbddzdHlfN1sEeSvvn4cPXlcXGxw4M952LDhGA4dlhckNzLSg2d/J4wZ44mhz/bG0m92KY1k6lltWl3/fso/J22q1ZJSmDx5EFJSspXqRa3feAwfz31wV5yAMf1x+PB55W02HENPFxul9hTtfzx3NCJ3JmLnzkRkZd+ErY05jI318Oyzbnj22d5q71Co4OnpjO0RcxC5MxEJCWlISEwTamP17+eEni42CBjdX2X6oIKtrRlGv9gP2dnKIVzNoI5an7IPPobht0uVlumIRDD5U36zg8qIHc1SjLzkjbchitioNMpKRySC0XdLcftANPSmBansczc5BWUhXzx4fOGi2rsodhgxDB1GDAMgH7GlbiQXUX1EnZ3hPXFZo/bVZD87t+FQ95uanRtrfVLrZW7VF+ZWfZu7G/QYtKoACwCe/vQtnPlpI9xnTEL5jXkYP8IbWw8o36Hj5CULDO6WCb12MpTfqcDpK8VIzumAwe49cCqtHEB7dO1SjsIKOzhbXMaOU6p/YR43rAM66mXC3GUmzvy0EX3fnaSyjYeb6l+fp7wSKEzbU4RN1b04wh+S8/JCwQM8++GGcyFOJJyGvY01MrNz4OEm/7BtYW6G6jW+JgS8gMysHJxIOI2OZvIphf6+A5WKwKvrzwDPfujpLD9OT2cnlUBqgGc/YRTY0MEDcSktHZfS5COyBlar3UVPltFeTtgVr35k3tFzUjz13qaHbiN0+mAAwJzVscIdAmU//Yp72eqn1lYv6B4enYw5q2Pxx4IX6izoHjrjQXH4qqoqFJVVIsjftc6Qjlo3kbE+Zr49XCiIXlP1oKmmsLVvaXT871eofoCuqbZtams/YEz/Oqfz1edh9v/i8wmNbpcer5rF2h9mu4qt23EvUwrdcS+jvfcz0DERyYOfTCkqI3bgzslTaGOv+rO0ev2pKmmWSlt3Lyj/vFbXl7rqa929cBHFI0ZDd1oQ2vXuJR8RZmysFD4B8tDqX6kUdw5Eo2Kr8h86qmQyyMZPhv6c99C2tyvaubqgqqQEdy9cxN0LF1G5Jlw4vtJ+NWttaXB+NR/Xd35ERERPMp2qqqqq5u5EU9s3fg6Grl6Mm5dCUZYbjw8iJuJyunJtgy3vx8KgfQmuFjvg4/VilJbdwbczcvHBL1bo19sEc0fugUE7Ga6VuuCdn5Tnl/dwMsa34zbD2H4oTJ3exKHpC/Hc1uUgelKERydjagOnCzaEr5stYr4ORMjGeCzedArpa6fA/m4Zcka8VOd+bW2sYR31B0Ijk/D+r7E4/NVYOFiKIH53o0pB9/8M7YXw94cjYMluhEzyEkaMBX0XhQBvZwR4q68rQUSkTUrenoXbe/Y3dzeoGXR48TkYr1zR3N0gIiJqENn9P9QkJSXVs+UDHh7ymsWtqgaWQt93J+HQjEWwfGoOOogc8cno47CxNFDaJinfG9dKXZCU8xR+fOM0vn0rD3ZGV7B4Wgne8z+G9YnP40aFPY6mKk9BtLHUwyejj6ODyBGd3Kfj0IxFePrT+v/qTtSaBPm7oo+jxSM7fuiMwcjIk2HFTglmjRbDwVKEm58urne/e9k5KP1tM4IDPNDH0QJzfo2Fg6UIwdXbaLAAACAASURBVAHKRdpFBh2EOxUG+buiqLQSQd9FIWRjPEKnD0Z4tPqackREREQ1JV94tL831Hb8R93u49JazoOIHr1WN4UQAGx9++P62UtI/GYD+r77Pu7GfYTlkw9gwR/PCSOxTqSYYUy/G1izsxJbjfrj/8bfgIGJDLcq9RC0pg8AGWZ4ZSJO8uBOZj2cjLHkpX0w0rsLm2d+xLlfdsLpBT9Y9FV/90Gi1iz8/eHw+2ibysimhzVrtBhip04IWLIbVVVVCJnkhSpZCXQ9n4Ku51MaHyd0+mA8O287QiOTEDzGA+HRybiWL3//Bwd4wNRIF5L0AgR4O6OotBJF92txmRrpwtSQRd2fJLNmh6O0EXf6W7J4AmxtzerfkIiItNr2iG2wtbNDiUyGkpISvBw4tkH7f754MTZt2axxW894ecGu2hTbsDVrMWz4cKVlmhxfsXzJZ4uxYNHCBvW5NmFr1uIZLy+49n5QI/StN6fj519X17uvNFOK7du2Yfac4Aa12ZDrR0RPtlYZYAH3R2FNX4h/dp2H4+ivkff3d1jy0j4cSB2GtTsrkJRyG+/4XoaRYReUlN7GL3st8d0kYyzdIL9z4eBnOiKrwgPZebcAyGteBfbZB1PzjrB5ZgFSt5/C9bOXMHR1/aNCiFojsVMnxHwd2KQhVpfOxgiZ5IWYs1Lsik/Hd2/63r9DoC5E77zZoGP59bHDaC8nfHa/oHvo9MF4+fM9QhsAEODtjMiTaQjwdhbalaQXwMHy0d3+nbTPzLeHo6SkvMH7MbwiImodtm/bJgQocz/4EDa2tvDy9qpnr8aRSqWwlUqVwqqDUVGYMm1qo485NjCw/o00dDAqCr1clW9wM3+hZuGYnb2d0JcVy0MbHGTRk0mSmo8V2xJhYqiL0PeGIibpGo6eyQQALAoaKDw2NdLF7MD+iEm6BgdrEzhYmQjfA8C6P88DAF4f6QYHKxOE7z+HGMk1BPj0gLh7Z2H94L728PPogpCwOOjo6KCvc2cEDOqO9OwiJF3Jw9jB8sEp4fvPwc+jCxysTJrhqlBtWm2ABQBDVy/GoekLUSkrhfv0pWj/93K81G47fB3tEfG3Dw6kDsdHk0qwYHV7ZOXdgrSsBwDAyLADxnsm4PcTHnjetwrjnopDR91MGFp5wfKpOTi3eheun0mpN7z6+PNvMMDzKaFI+omEvyF2dxUKsQPAjZuFOJ5wGva2NjDQ08ONwkLcKq9QKvB+IuE0xG691RZMTzqfLBxv2U+/4sP7H/J3HYiGv6+Pyj7V72K4JXIPJgS8AEB+R8ETCacBAB3NzZCZlY3y8gphvaKv0bHHlZbVPE5tbSmE/b5N5c6L1HKJnTpB8uMkhGyMr7VQuqZ83WwR/v5wmBrpImh5FADg/V9j8f6vsQ/dz5CN8QidMRi+brZCeAXI+x9+MBk749Mx2M0WjlYmCNkYj/A5vFPPk6S2O+wREdGTRyqVws5OHi4dPBCF5ORkuLq6YtiI4ZBmSnExORkXL16EVCrF/IULIBKJ8IyX/HcLmUyGUyfjMWzEcGyP2AapVIqxgYG1jqxSZ3vENshkMohEIgwbMRwikUjtekWbAHAxORmuvV2F/p06dQoAMCt4NkQikbCPVCrFsOHD4drbVVg2ZdpUpTZqtgcAp+LjYWcfiPiT8RCJRDgYFQUTExP4DxuG7du2wcTEBEFTpwjtA8CO7duho6ODWcGzcfBAFGQyGWQyGcaOC5Qf40AUpFKp0nnQkyn4h2hEfjH2/h+tgRjJNfiJu8DPo4vS46LSSoRGJArhVMgUH4RuS0T4vOchuZInn7kxxQeAPHwqKq1E+Lzn5cdIuqa0XnHcmBWvQjwtDH4eXZBXWIZTF7OFACt0WyIAIGiU+2O7FlS/Vh1gAfIQ68yPG/Hn5IUY+stnMHX+B/opG/GW7u/CNt++1R/Jed3RUf8spo5xgK/jX+iom4m3BlyBkd5d6Hd0g7nLTLRp54gj7/4Xtj79NBp5dbOwCKNH+AuPe3Zzwk9r1wMAPNxccau8Aj+FrceHM6crBU2XUtOVwqjMrBxcv1modCxAHhAlnXsQYF1O/0dYl5mVg2UrV6sc+/rNQqVtFJatXI0pE8fB3tZaqX/VVb8DYc1+lFdUIGiicjBVvS3FeWVmZyMzK0doh1o+B0sRwt8fjtDpgyFJL4AkvUCYjqcJsVMniJ06CaOeMvJkCPJ3rWevxolc8KLwn6NC6Ax5vyNPpsHBUoTIBS8+krZJ+yUkpCHxdDp69LDB0GdV79raHFauisLkyYMgMtZXWi4rKUdCQrrW9JOIqKVbsTwUWVIpvLy9hcCp1/3gau4HH6KXqyukUinC1q7Fpi2bcfBAFFYsDxWm7slkMmyP2IYp06YKUxLVBVAAsGPbNpyKjxceS6VSAPLADACmTJsKaaYUb705XWlqnSL0mT0nWKlu1PZt2zB2XCCkUvkUvp9/XY3tEduEqYnJyclYsGghtkdsQ5ZUHjL1cnWFa29Xlf7VHH1V/fiKPs+eE4wlny3Gwago4fv4k/J1ycnJGDZiOGxtbTEreDaSLyTjYFQUvvl2GZIvJOPzzxYLfap5HvTkiUm6BnE3S5Xfz2sqKq3EmbR8dLUUIWBQd4RuS7i/vELtvpFxVxD63tB628/ILZaXD6lxjJikawga6Y7IuCsMsLRMqw+wAPl0Qos+PXFo+kJ0Erugz8z5gE4BSq4dRGVxOnogET1M5AnrSy7y4Yr6Hd1gYe0NfYs+QFUnnF25CQWSMPR9dxJsfRt/q/LRI/wRtjkCHm6u2H0gGgM8+6mMkurZzQnRscdxKTUdPbs5QV9fD5LzyUojqm6VV+D6zUKUl6uv22Jvaw0Pd1e1IVZNJxJOw97GRiVUqr7PrfIK3CqvgNjNVWVk1VDfgbhxswjhm7ephFjVZWbnYMKYFxAde5yjsFohUyNd+PWxg18fzf/KqI6DpUhplFRTqu0/R0WIRk+ulJRszApeh9cm+2DlKvkHCE3CofUbjgEAXps86JH0S1ZSoRJeAUCJrAKXLmUxwCIiaiKK6W5LPluM7RHywEYRSilGLwEQRgw94+2FsLVrAcjDq7kffIhvvl0mbPPW9Onw8vYWRkFV93JgoNIURUUwFLZ2LWYFy/thZ28ntKmQnJwstF+9RlV1igDK1k6+v0gkQsn9O34pRm7JZDJ8vngxAseNw8uBY5X6p7g7WG1c7x9fJBIJbakL6RQORslHX61YHgoAMBaJNDoPenKo+/08/E/59D/FiKngH6MR+q4/AgZ1v7+PHiSp+fATdxH2iZFcQ0hYHIJGuaOotEJl6l/19Q5WJsjILUbQV3uFUVo1tw0Y1AMxkmtNearUBFrlXQjVsfXtj+e2LoexvTX2TZiDuLnrcP2MDSzc5qPbmL3oNmYvnJ7bInxv4TYfuSfbIm7uOuybMAcd3Xvgua3LHyq8AuTBkjQ7F4B8BJS9jfqRSPa21sJoJwtzM/j7DkR0bJywXnL+Avx9fXC9sFDt/gAwwLMfejo7IXzztjr7dP1mITqam9a5jSK08vf1QXTscZX1U14JRFWVfDqhOjduFsLexho9uznhUlq6yuguotrEnJXWvxHRQzp85Dxem+yDmW8PR9jat+Dp6QRZSTnmL9iK2cHrICsph6ykHKt+Poj5C7Zi1c8H5fsdvoAjRy4gK6sQ6zccw6qfD2J28DoA8tFTs4PXISUlGwBw6PAFTJ32s7BvSkq2sP3OXYmYv2Ar5i/YCtn9elwrV0UhJ7tQ2H/9hmPYsDEO8xdsBQAY3w+2Dh2+gNnB6xC5M1HYb+q0n3Ho8IXHdPWIiFoPu/vBT/zJeGHkUS9XV5WaWLJimdJopbGBgfj8M/kMDTt7O+zZvw/GxsYIW7O2QW0rtVFHmCTN1Oz3Izt7OxiLRIg/GS+MuvLy9sKe/ftQXFyM7RHKnxMUUwBrY1xHWKWOYorl7DnBmD0nWKXYvKbnQa2Tg7U8SKopaKS70nS/kCAfRMZdFh77ieU1rAIG9VBeNsUHDlYmEHezREyScvhUfT0AOFiZIMCnByRX8lXaj4y7gp1xV1BcVqlyHGpeT8QIrOpcXhsNl9dGo+RqNrJiE+U1sopLoGtijNuyUnQQGQmPnV4cgqc/mQHjrk1XH+VWeQX09Rp2hzPF9MHF336PgZ79oK+vD319fRjo69U5sgoAJgS8gLDft9U7Oqo+l1LT0dHcDAZ6esLjnt2clLaZ8kogFn/7vdraV9Gxx9Gjm5N8P2cnRMfGqUyJpJYj+JejQrFzvz52WBd9EX0dLRA0zBWhkUkoKqvE9JFuuJxVhOAADwQs2Y0Ab2dI0gpgaqSLkEleCP7lKDLyZfBzt4Opka5wDLFzJyG0Cp0+GJEn0+DXxw6RJ9OwMz4dYXOGAQAk6QX4bOMp/LHgBQT/clSYCqhYVlRaiSnLD6KwtAJBw1yReCUPP7w1BHNWH0XMOal86uOc4YiMT0NRaSX8+thBkl6AIH9XhGyMh4OlCEH+rsKx6cmhGPH06fwt9wu1m2L+/C14bfIg/Lb+GL4PfR2fLtiC/v2c0NPFBiWychiL9HD48AV4ejph8iQfRO5MREpKNsaM8cSUaT/j5PHFEBnr4e23hmH9hmNISEhDQmIaEhLSMXnyIATPWYcli8fj8OHz2LkzES49bZCSko3XJg/CrOBwRP35idLxs7Nv4vDhC3h2iBu+/mYnvlgyAYeOyAOrnj1t4dnfGZ8u2AKXnjYsNk9EpIGDUfI/LpyKjxemu2XdD7IuJifj4IEopfBGMbpJsc+CRQshlUox98P/w7BhwwAdHaX6WAq1hVIymQyzgoMRtnYtdHR0cDE5GQtqFE8fGxiI70NDoaOjg6qqKo3P7WJyMkxMHoxGyZJKITIxkdfZGq5a9/OvU6fw16lTsLW1xdhxyp8fsqR1B06K87Ozs0P8/Xpgn3+2GHb29gAgP2ZgoHCesmLV8IKeHIowacW2RJga6eH1kW4AgDNp+dDR0cFgsb2wnbibJSKPXUHAoO7CNEJxt87Csa7myXBUkom+3TojeFx/BH21F3PKPNH1fhuK9V2tREK7weP6w2/2JqHeFiCfrmhqpItFQQMxOMkekXFXlNZT83riAiwF4642Qpj1OF1KS4fYTT7lo6O5GW7UMoJKcj4Z70x5DZlZObAwl3/48PcdiF0HDsHe1loo8m6gp49b5RV1BllTXgkUQix9PdXtLMzNcCn1HzV7yiWdT8boEf7CFEPFNMCaARYAfDhzOpatVL7N7q3yCvmUxvu1uuxtbbD42+8ZYLVQMWelyMiXIebrQHkxxZ1JcLAUQezcCUWllfBw7oyYs1IY6LZH6M4k+PWxg6mhLjLyZCi+dRti506IPJmGorJKod6UIjASO3dCRp4MOjo6KCqtREa+DJL0AgBAeLT8L4IZeTI4WIpQVFqJpPR8hGyMF7YJjUyCiWEHRJ5MgyS9AIPdbREc4AEA+PXP8zhyJlNep+vHSQiNTELIxniYGuki5qwUpkbyPhaVVgo1sYL8XYVj05MnO7sQly7LawUaG8l/drr0tIGnpzMCxshH44qM9e5/yUMvz/7O8PR0RsKqKLi4yGtprVwl/xmecilbPlor+8HPfU9PJ2EaYMCY/sjOvomSknIkJKbh0uUcrPr5IEpLK4RRWTPfln/QSEhIu9/Hm7C1MYenp7xdADh8+DxycgpRWlohX88Ai4ioTtXrTA0bLv9DmZe3F+zs7GBnb6c0+krxvZe3l/D9nv37AEDpToLJF5LxjNczKtPrao5Aqt6+SCTCgkULkXwhGUFTp6ist7O3wzffLhOKvHt5b1ZaX71Piu+lmfLC7Yq6Wq9OnIjY43G19q/6tai5rPpdBWv7XtH+N98ugzRTXhD/519XQ5ophchEJLS3YNFCpWL19OQKn/e80iisoFHuyMgpFkLaoFHuMDXSg59HF0hS5aOlHKxMEPnFWGEfcXdLABD2cbAyQcyKV+V3KbQyAe4HVtWD39D3/IX2AUDczRLONmZKy/w8usDUuO4BI/R4taoAa4d/428/2xQs+vSE73cf1br+VnkFJOeShTv2TQh4ASvXrle5w+CJhNPo6eyEjuZmuJ6ajo5m8jfSAM9+2HXgEMTuynPFM7Oy1YZJ1SlGRxnoqdZSGeDZD9Gxx2strn45NR0e1e4y2LObE8I2b8ONm4XoaK78wchAX08IscT3A6vo2Dj4+/oobdPT2UntSC1qGXSgo/S4r6MFxE7yAOuf3GL8k1cMvz52CPByxpTlB7Ho1WcgSS8QtsvIk6G47LbaY2TkyfBPbjGKyiqFulSS9AKcSb8OsVMnhEYmCSOigvxdEXNWiqv5JSgqrcTO+HQEeDsjPDpZ3p/7xeSLSuX/1pxjr3gcOmMwApbsRpC/K8Kjk1Fcdhs6OjqIPJnW9BePtJKNjTl27UqErKQcK1cdxNAhvWFsrIfJkwfB09MJl+5P41NHVqI6JdrYWB9Z2YWQlZQj+35gtX7DMUT9+QmWfrNLKcSqrT8uPW2wIvR1HDp8QW0dLEU7inArcmcibG3MkHIpG9sj5mDsuOWanj4REanRkLsH1vQwtZ3q27eumlM1XUxOFqYm2tnbCSOuHkftqerXT921bMh5UOtWvV6Vg5WJymOF6iOuqn9vaqSrdpRU9WU11yv2r358fd12wvHUtUPNr21ISEhIc3eiqVxcF9ms7RtYWaDriAdBjWLa3Y2bhZCcT0Zmdg5GDfUTwqr27dtB7N5bqG0lzc7B+ZTLaN++HUYN9QMAXE5Lh4W5OUxExgCAns5OSmHVrYoKmBgb3x9FlY4BT8sDoRuFhbC3VZ766OnRF8UlJcL+mdk5cHPpIaw7FHscF1Iu459rmcjMykFufgEM9PVx5+5dlWMZ6OsJbdRsq337dvD06Is7d+/CunMnSM4nw6NG6Gagr4fM7Jx6gzfSPg6WIsSn5GDi1/tRVFYJF3tzbD56GX+evoqAAc4QOz8ohu7VyxqS9AKETPJCRr5M2G7pFB/Ep+TgrZ8OAwCszA2x+ehl5Bbegou9OcTOnWBlZghTI13kFt5CUVkl3nrOHR+P74/NsZcR4O2MorJKVNy5h+AAD8SclcLK3BBip04Y2a8rUqSFmDPGA+GHkvFx+HFYmRuiqqoKU4e7obisEiMXRAI6wNIgH+QW3cLIfg4oKqu8f265CJ8zHH597BBzTgpTQ10sjUgEdMBC762Yi4sNLl7KxvwFW2FrY4YxAf3h0tMW8xdswdaIeLi42MKlpy1SLmVj6LNuSLmUDUfHzujTpytCV+yDZ39nXL9RAp+BLhCJ9OHo2BkbNsQhdMV+fDR3NFxcbJCVXYi3Z66BRUcjWFgYw9HRErq67eHiYoOUlCyMGiWGrKQCt2/fxYTx3ti6NR4LFm5Fhw7thDZ9Bspv7VxSUoHbt+9g1Cgx/skowNsz18DGxgyjRolx5PAFrFwVhU4WItjYmsPFpemmwZP2ub13P+5dTm3ublAzaNuzO3SfH9Xc3SAt59zNGelpaSgoKMDF5GSMHRcIXd2GlTMh0lYZucXIyJUh92YZUq7egCQ1H6cuykfPW5kbKm1bVFqJX3ZJ4OXK34uaW2WlfHBBbm6uxvtYW8sH2uhUNWQCNRERERERERE9ETJyi3E1V7V2W99unWu9w/ejFHnsCsTd5aOiJFfyUVRaIcy2MDPWQ99unVFUUqE03bCotALi7pbIyCkW7mT4OGXkFqvcFfFJpqiVl5SUpPE+Hh7ysjCtagohERERERERETUNBysTxCRdw5Sv9+HI8leE5SFhcZCk5iHyi7GPNcgyNdKFqZEeTI101YZCMUnXhMDI1EgXDtYmwvaPazpgUWklIo9dFgrCy0eKFUOSmo854zyFYvXUcByBRURERERERES10vH7GlUxyvWeg384hKLSCqHoOQGS1HxEHruM4HGeKsFeRm4xAj7dATNjPfzx+cvNMoJNG3AEFhERERERERE9NqZGupCk5ikty8gtRvj+cxB3s1SarheTdA1Hz2RijE93tSOhwvefAwBh1BIABAzqoTbkkaTmo6ikQm3h9qLSSpxJzUdXK5HSCC1Jaj6K7081rD79UdGv6gb3tVc6dvj+cygqrYS4W2dk5BZDR0dH7SiqotJKBP8QjZgVr6qsAx7cHVE8bS2Cf4hm8NcIbZq7A0RERERERETUchSVVuLomUwEB3oqLXewMkGM5JpKuOTn0QUh4XEq4VVRaSX8Zm+CuLslgka5I3hcfwSNcoeDlQlCIxJU2g2NSISDlQnE3S0REhanst7USBcmRrrwm71JqI0FyO8muDwiASZGukqhmKJfi4IGCl/V91OcU2TcZfh5dEHQKHdUVVXBb/YmlbbD959DgE+POq6avH+h7/pj3YHzyMgtrnNbUsUAi4iIiIiIiIjqFBIWJ3yJp63F4L72tRZF13R6XMCn2xES5KMSbCnCouoUtaRM74dQRaWVakMgcbfOuJonw5Sle1WWa1IHq75C70Gj3FVCLgCIjLus8fFNDHUhuZJf77akjAEWEREREREREdUpZIqP8CVZMxUZucV4af6ORh8v8tgVZOQWq50KCEClSHtoRCICfB6ES0Gj3NWOwgKA2WP740jSNWFqYlNTF9CpC7VqI+7WWWX6JdWPARYRERERERERaczUSBeh7/kjMu5Ko0MiSWqe2jsJ1qbm1ER5CKR+FJOpkS7CP34ewT8e0miqXvXRZeoUl1XiqCQTRyWZCI1IROh7/mrbjJFc0/BsAD+x+uCOasci7kRERERERETUIKZGuhjc115tQFS9GHvt++vhap5M4/bOpOXjqES54PrVvNrDqYBB3REQ1x1Tlu7DkdBX6jx2yBSfOtdXVQFVVVUI//McdHR0EDyuv8o24m6WWHfgfL3HAlDnyDOqHUdgEREREREREVGDKAq5mxrpqayTXKl/elzAoO4oLKmodRRVzeV9nTujqqpK6aurZd0juELf88c/OUW1jqzSlKmRLvw8uiB83vPyuxTWKBIPyEOwwpKKetsKjUhE6LuqI7iofgywiIiIiIiIiEgtRVBTc6RV8A/R6OvcWWU0UtBId6zYnlhj20Mqx3WwMkHou0MR9NVetfWjMnKU21OESNW/TI10EZNU+7Q9UyNdRH4xFp+tO15rUFZTXccD5LW3gka6q4RYpka6iFnxKkK3JWLOj4fUF3o/dgWmRrr1Foon9TiFkIiIiIiIiIhUZOQWI/LYFQzua4+QsDg4WJnA1EhPPgVOLB+RVFPQKHdk5BYj4NMdMDPWQ1dLEYLH9YckNQ8ZucVKda+CRrlD3N0SIWFxMDXShUd3S1RVqU6xkwc/epCk5gt3+pNPU9RTCoqKSisRvv8cikorhW3F3Tpj+TtDERl3WaWvMUnXhHNTMDXSU2pbkpoPBysTpWmRijskBny6HaHv+Qt9EnfrjIwtbyM0IgEBn26Ho7UpHKxMYGKoK6xneNV4OlVVVVXN3QkiIiIiIiIiopZEkpqP4B+i8dKgHpgdqFoXi1TJZPK6Z0lJSRrv4+HhAYABFhERERERERFRo0Ueu4IYyTWYGulC3M1SmN5IqhhgERERERERERGRVnuYAItF3ImIiIiIiIioRSgqrUTQV3sREhaH0IhEtdsEfLrjMfeKHgcWcSciIiIiIiKiFiE0IgEBPj1qLYYeeewKikorlAq+U+vAEVhERERERERE1CIEDOqB0G0JiEm6pnZ9jOQaggM9a11PLRcDLCIiIiIiIiJqEcTdOiPyi7GIkVxD0Fd7VdZLUvMQMKg7IuMuN0Pv6FFigEVERERERERELYapkS5CpvggI7dYaXlGbjGKSisREhYnfE+tB2tgEREREREREVGLkJFbjNCIROjoAH7iLohJugZJaj6Cx/VHTNI1BAf2R9AodwBATNI1xEiuIWSKD0yNdJu55/SwdKqqqqqauxNERERERERERNS6yWQyAEBSUpLG+3h4eADgFEIiIiIiIiIiItJyDLCIiIiIiIiIiEirMcAiIiIiIiIiIiKtxgCLiIiIiIiIiIi0GgMsIiIiIiIiIiLSagywiIiIiIiIiIhIqzHAIiIiIiIiIiIircYAi4iIiIiIiIiItBoDLCIiIiIiIiIi0moMsIiIiIiIiIiISKsxwCIiIiIiIiIiIq3GAIuIiIiIiIiIiLQaAywiIiIiIiIiItJqDLCIiIiIiIiIiEirMcAiIiIiIiIiIiKtxgCLiIiIiIiIiIi0GgMsIiIiIiIiIiLSagywiIiIiIiIiIhIqzHAIiIiIiIiIiIircYAi4iIiIiIiIiItBoDLCIiIiIiIiIi0moMsIiIiIiIiIiISKsxwCIiIiIiIiIiIq3GAIuIiIiIiIiIiLQaAywiIiIiIiIiItJqDLCIiIiIiIiIiEirMcAiIiIiIiIiIiKtxgCLiIiIiIiIiIi0GgMsIiIiIiIiIiLSagywiIiIiIiIiIhIqzHAIiIiIiIiIiIircYAi4iIiIiIiIiItBoDLCIiIiIiIiIi0moMsIiIiIiIiIiISKsxwCIiIiIiIiIiIq3GAIuIiIiIiIiIiLQaAywiIiIiIiIiItJqDLCIiIiIiIiIiEirMcAiIiIiIiIiIiKtxgCLiIiIiIiIiIi0GgMsIiIiIiIiIiLSagywiIiIiIiIiIhIqzHAIiIiIiIiIiIircYAi4iIiIiIiIiItBoDLCIiIiIiIiIi0moMsIiIiIiIiIiISKsxwCIiIiIiIiIiIq3GAIuIiIiIiIiIiLQaAywiIiIiIiIiItJqDLCIiIiIiIiIiEirMcAiIiIiIiIiIiKtxgCLiIiIiIiIiIi0Wrt/MnOauw9ERERERERERNTKdTQxbPS+7RztrZuwK0RERERERERERKpkMlmj9+UUQiIiIiIiIiIi0moMsIiIiIiIiIiISKsxwCIiIiIiIiIiIq3GAIuIfaYnfwAAEElJREFUiIiIiIiIiLQaAywiIiIiIiIiItJqDLCIiIiIiIiIiEirMcAiIiIiIiIiIiKtxgCLiIiIiIiIiIi0GgMsIiIiIiIiIiLSagywiIiIiIiIiIhIqzHAIiIiIiIiIiIircYAi4iIiIiIiIiItBoDLCIiIiIiIiIi0moMsIiIiIiIiIiISKsxwCIiIiIiIiIiIq3GAIuIiIiIiIiIiLQaAywiIiIiIiIiItJqDLCIiIiIiIiIiEirMcAiIiIiIiIiIiKtxgCLiIiIiIiIiIi0Wrvm7gAREVF9xs3biB0xF4THbdu2gaO1GV4c1AsLpw2FyFBX42N5T1sFu84iRHw1CQBQeus2npsThuKyCkR9Pw2W5kYq+6yO/AumxvoYP9T94U+mAeYs34PI2GT888fcx9puc5yvJm021fV4mOO8+eUOrN2dWOc2p9e9B3EPa+Fx2J7TeGvpH/jfp2Px2iiPBrdZn+Z6fTaFisq7WPpbDDZFSZCZVwwLU0O87Ncbi6cPg4mR3iNvv+ZroaHXsiVfeyIiopaGARYREbUIDtZmWLdoHADg3r9VSLqUjc/DDuNwYhpOrZ2J9u3aNuq44XtPowrAkZVvwlxkgP/tSsCMr/7AjaiFMDWWf4DeE5eCTqaGT8yH1OY435ZyjT/6z2C8/vxTwmP/d9dg3FA3zHjpGWFZd/uOwvc510uwbGMsNi2ZiLFD3B5Jn1rKtavp7r1/MWL2WqRcLcD8qUPQy6EzUjIK8EXYEUgu5+DIyjfRpo3OY+1TQ69lS732RERELREDLCIiahEM9NrDp6+D8HiwhyO62XXEmP/7DbuOXWx0OPDuOG+8O867zm12LftPo47dUjXH+baUa9zNriO62T0IqHR0ALtOJkqvzeqsLYxx4fc5j7RPLeXa1bRyezzizmTgr7B30M/FFgDg79kNbs6WGPrO/7D10DlMHNbnsfapodeypV57IiKi5ubh0fBR6QywiIioxRrSzwkAcPnadWHZ5oNnsXRdDC5dK4BtJxHeHuuF91/xgY6O+pEc1acUdhrxOW7KbgEAOg5fjFdH9MX6kAkq0w4B+Yfv77ecQGZ+EbrZdcQnQUMwwV/+Ybuqqgrf/R6HVdvjkXOjBD3sLfDZ9GEYPahXrefy779VWLj6IFZH/oXyyjt4YaALOrRX/W96S/RZfBF2BFcyr6O7vQWWvjMSzw3oqfaY1s99iakv9kNa1k3sPZ4C3Q7tEPR8P3z9zki0bdtG2CbwWTekSm8gVvIP/lr7Dt74YodwvsHf7cEfRy/g6s6PhONeSM9Dn0krsPe7IIz07qHx+dZ1zWpeY02uhybtanpdH4W6nit1193/3TUIev4pZF8vwc7YZOjoAJNGiPFd8AsI+TUa/9uVgLv3/sWwp7th5dwAdDQxUHvtrJ/7EtMDPFFcWokNB5LQRkcH44a6Y3nwC+jQ/sFIxfreK7KySsxb+Sf+iLmAWxV30M/FFkvfGQlPVzuVc311wWbE/J0O6e55wqipbYfPY8Knm5QCquo27E/CUE9nlXV+Tzlh8FOO+Cf7psZ91eScNXktNPS9rm77puhrfa+fhjw3RERErQWLuBMRUYt1NbcIAIQP8mF7TmPSws0Y4dUdf66YimmjPTFv5QEsXH1Qo+P9/dt7+HLmCABA0vpZWB78gtrtlm08hjnL9+D155/CgRVTEeDrilcXbMbO2GQAwOI1h7Bw9UF8/Lofon94A66OnTFu3kacT8urte3vfo/DV+ti8MZoT2xfOhmONubYeECitM36/Ul4dcFmjB7UC3+umAovN3sEzF2PpEvZtR532cZj6NnFAtu+moyg5/th+e9x+Oq3o0rb/PzHKZgZ6+OrmSPRycxQad2EYX0gzS/G6ZQsYdmuYxdhJtLHUE9njc+3vmvWmOuhSbuaHOdR0OS5UnfdQ7ccR/cuFoj4ahKmBzyNVTtOoc+kFUi5WoDfFo3HVzNHYv/Jy5j/c1Sd7S/bdAyVd+5i0+KJeG/8APy84xTWVKvdpcl75e2v/8De4ylY9VEAdi77D9q21cHwWWuQc71Epb1JI8XIu1mKuDMZwrLdxy7C2c5cbXgFAGdTcyHubqN23eGf3sS81/007qsm59yY10JDX7dN1df6Xj8NeW6IiIhaC47AIiKiFufuvX+RklGAmd9EwkCvPV706YV79/7FJysPYPJID3z97igA8mmGd+7ew5fhMZg1fqBKOFOTvaWJEIZ1sTQVamBVd/vOPXwRdhizxg8QPmD79HXA+fQ8rI78C2N8XbH/5GV88MogvDHaEwDQt7s1Ig6fx/6Tl+DmbKn2fP67IRZTX+wvBGjDn+kOaX4xjt0PBKqqqjBv5Z+YOKwPPn9rOABgUF8HHJNk4IeIE1g7P1DtOb02ygOfTR8GABjh1R0FhWVYsfk45v1nsDAKa/SgXti0ZKLa/b3c7GFvaYKdR5OFIGJPXApeGtxbqDtW3/lqcs0aej00aVfT4zQ1TZ8rddf9tVEemD9lCABg2NPdsO/EJRSWlGPLF68I1zvpUhYOJ6bV2YcRz/TAqo8CAMjPeVdsMo7+nY63X35G4/dK1KlUTBvdX3h+XLpOwIff70VWgQzWFsbK7Xn1gIWpIbYfOQ9fD0fcu/cv9p5IwcyXvdT2T1ZWiTt378GqxnFqasj7uq5zbsxroaGv26bqqyavn4Y8N0RERK0FR2AREVGLkPxPPtp6f4K23p9A12c++k5egaLSCuxbPgXWFsY4n56H/MJSjKtRTHnisL64c/cejp+92iT9OJeWC1lZJUZ491BavvGzidj8+SsAgPg1M7F4xjBhnYFee3QUGeBm8S21x7yWW4TrRWUY7as85U4RpgHAxYwC5FwvwcvVan21aaODQWIHJCRLa+2vmbG+0uOX/HrjpuwWsgpkwjInG/Na99fR0cH4oX0QeX/ESX5hKU5dyFS6zvWdrybXrDpNrocm7Wp6nKam6XOl7rp3FCn3za6zCXo5dFa6SYG1hTEKisrq7IOzrfKxrToaI7+wFAA0fq/49O2KtbsT8UPECWTkFMLS3AjrQyagfy/VEVXt2rbB+KHu2BFzAVVVVTh2JgOFsnJMeMgaVg15X9d1zo15LTT0ddtUfdXk9dOQ54aIiKi14AgsIiJqEarfhbB9u7boYmmqNNJA8YG+5ugDS3MjAMCNWsKjhropKwcAdDJVHs2lp9sOevf/Wy0oLMOStYew9/glZBXIcOfuvTqPmXujRKmv6ig+3I7/ZJPKuoaMuFCMAMm9WYIuVqYa7TPevw++3XQMadKbOJqUDnORPp7t7yysr+98Nblm1WlyPTRpV9PjVPfiB+uw78Ql4fHVnR/BrrOJxvsDTfdc1aWqqqoR+8j/1fS9suGzCfgy/AiWbTiG4O/2wN3ZCoveGIqX/HqrPf6rI8RYuT0eJ85dw+5jF9HbyRK9nVRHHAKAkX4HtGmjg/ybpXX2+WHf14pzbsxroaGv26bqqyavn4Y+N0RERK0BAywiImoRat6FsCbFyJWCQuWRKYqaMBamTTPqxtRIPq3welHtH0Zf/HAd2rVtg01LJqKHvQX0ddvD8aVvat3e2kIEoO4PuMYGugCA1fNeVqkp1L6d5gOqFYGBpbnmQUr/XrZwsjVHZOwFHD9zFS/79Ua7tg/arO98Nblm1WlyPTRpV9PjVPf9B6OxZEaF8LghgYdCUz1Xj4qm7xVD/Q744u0R+OLtEbiYkY//bohF4LyNiP1lBgb26apyXG/3LnCyNcf2w+exO+4igl7oV2sf2rTRQW9HS0guq6/fNvrD3+DXzwlDnnLSqK/1acxroaGv26b6GaTJ66ehzw0REVFr0Py/RRERETUBN2dLdDQxwPYj55WWbz10Fm3btqkz/Kquzf07hdU2wsXd2QpGBh0Qdeqy0vKPf/oTQYsjcL2oDAnJUswc641netvDTCSfwldx+06tbXaxNEFnMyPsir2otFwxEgMA3JwsITLUxeVrBRD3sBa+OpkZwt6y9pFUJbcqlR7vjrsIC1ND2HUS1bqPOuOHumNr9Fkc/OsKxg19MC1Mk/Ot75rVpMn10KRdTY5Tk6ONmdL1rT51T1ONfa4eF03eK1cyr2PQjF9w8tw1AEAvh8748cMxAADJ5Zxaj/3q8L5YszsB6Vk3MdG/b539eHWkGAf/SsW5tFyl5XFnMrD3eArsO5s02fu6Ma+Fhr5um6qv9b1+GvvcEBERtXQcgUVERK1C+3ZtsWTGcMz8JhKdTA0x0rsH4i9k4ouwI/joNV+N6x51tTIDAITtPY1n+zlD3MNaab2ebjvMfW0wFv/vEMxNDODT1wFH//4H3246hg2fTYC5yADWFsb4en0M2rdrg9t37+GniJOQlVWivPKu2jbbtm2D/3vNF3N/2I+OJgbw9XDE4cQ0bIk+B3tL+fQ13Q7tEPKmPz78fh/atW2DUQN6Ivt6Ceb+sA/jh/bBN++NUnvssD2n4WzXEQP7dEXUqSv4bV8SlswYJhRw19R4/z5Y+ttRdDIzhN9TjsJyTc63vmvWmOuhSbuaHOdRaOxz9bho8l4xMdLDTdktvPnlDnw5cwQsTAywfn8S2rVtA1+P2oOYSSM98HnYEfRzsYWzXe211QBg9vgBiIg+i1HBYVj0hj8cbcxwMSMfS9cdxZB+Thg7xA1t2ug0yfu6Ma+Fhr5um+pnUH2vny9njmjUc0NERNTSMcAiIqJWY8ZLT6ND+7b474ZYfPd7HLpYmeCb90Zh9oSBGh9jSD8njBvqjoW/HMTlkQX4+eOXVLb5NGgIDHTb46dtJ7FodTR6drXA+pAJmOAvH5m059sgzP5uN6Ys2QYLUwPMfW0wbt+9h4sZ+bW2O2fiQBTKbuHnHX9hxZbjeG5AT8yeMAA7Yi4I28yeMBDGBrr4dtMxLNt4DJbmRvjPc09hwdRnaz3upJFinE3NwbKNx3D33j0ETxyIuZN9Nb4eCn27W6Nn107we8pRKfxq00ZHo/Ot75o19Hpo2q4m1/VRaMxz9TjV915p17YNor6fho9+3I+pn29D5e27cHOyws7//gfuzla1HrdHFwtYmhtpVLxdt0M7RP/4BhatjkbIr9EoLCmHo40Zpgd44v8mD0abNjoa9VVTjXktNPR121R9rev109jnhoiIqKXTqWpMFVAiIiLSetbPfYnJI8X476znmrsr9IT4KzkT3tNWNar4PREREbV+Mpms/o1qwRFYRESk1dp6f9LcXWhx7p38UmUZryM9Sll75uGYJANL1h7GuKHusOtswtdcM1H3/iciImoNGGAREZFW44expsHrSI/SzthkBC2JwGAPR6ycKy8oztccERERNSVOISQiIiIiIiIiokeOUwiJiIiIiIiIiKhFef3112tdt27dOqXHDbuHNhERERERERERUROoGVLVtZwBFhERERERERERNYuaYVVtoRYDLCIiIiIiIiIiajaK0Kq28ApgEXciIiIiIiIiInoMHqaIO0dgERERERERERGRVmOARUREREREREREWo0BFhERERERERERaTUGWEREREREREREpNUYYBERERERERERkVb7f6m0/Sn806ZSAAAAAElFTkSuQmCC' height='250' width='300'/> ]]>
  </system-out>
</testsuite> <!-- com.tribu.qaselenium.tests.mazaprendo.MAUploadEvidenceTests -->
