<?xml version="1.0" encoding="UTF-8"?>
<!-- Generated by org.testng.reporters.JUnitReportReporter -->
<testsuite hostname="station" failures="0" tests="1" name="com.tribu.qaselenium.tests.apimazaprendo.MAAssignF2FCourseTests" time="28.318" errors="1" timestamp="2022-04-06T12:39:34 COT" skipped="0">
  <testcase classname="com.tribu.qaselenium.tests.apimazaprendo.MAAssignF2FCourseTests" name="assingF2FCourse" time="28.318">
    <error type="java.lang.NullPointerException">
      <![CDATA[java.lang.NullPointerException
at org.openqa.selenium.support.ui.ExpectedConditions.elementIfVisible(ExpectedConditions.java:314)
at org.openqa.selenium.support.ui.ExpectedConditions.access$000(ExpectedConditions.java:43)
at org.openqa.selenium.support.ui.ExpectedConditions$10.apply(ExpectedConditions.java:300)
at org.openqa.selenium.support.ui.ExpectedConditions$10.apply(ExpectedConditions.java:297)
at org.openqa.selenium.support.ui.FluentWait.until(FluentWait.java:249)
at com.tribu.qaselenium.testframework.pagebase.GUtils.waitForVisibilityOf(GUtils.java:37)
at com.tribu.qaselenium.testframework.pagebase.BasePO.type(BasePO.java:153)
at com.tribu.qaselenium.tests.apimazaprendo.MAAssignF2FCourseTests.assingF2FCourse(MAAssignF2FCourseTests.java:49)
at java.base/jdk.internal.reflect.NativeMethodAccessorImpl.invoke0(Native Method)
at java.base/jdk.internal.reflect.NativeMethodAccessorImpl.invoke(NativeMethodAccessorImpl.java:62)
at java.base/jdk.internal.reflect.DelegatingMethodAccessorImpl.invoke(DelegatingMethodAccessorImpl.java:43)
at java.base/java.lang.reflect.Method.invoke(Method.java:566)
at org.testng.internal.MethodInvocationHelper.invokeMethod(MethodInvocationHelper.java:133)
at org.testng.internal.TestInvoker.invokeMethod(TestInvoker.java:598)
at org.testng.internal.TestInvoker.invokeTestMethod(TestInvoker.java:173)
at org.testng.internal.MethodRunner.runInSequence(MethodRunner.java:46)
at org.testng.internal.TestInvoker$MethodInvocationAgent.invoke(TestInvoker.java:824)
at org.testng.internal.TestInvoker.invokeTestMethods(TestInvoker.java:146)
at org.testng.internal.TestMethodWorker.invokeTestMethods(TestMethodWorker.java:146)
at org.testng.internal.TestMethodWorker.run(TestMethodWorker.java:128)
at java.base/java.util.ArrayList.forEach(ArrayList.java:1541)
at org.testng.TestRunner.privateRun(TestRunner.java:794)
at org.testng.TestRunner.run(TestRunner.java:596)
at org.testng.SuiteRunner.runTest(SuiteRunner.java:377)
at org.testng.SuiteRunner.runSequentially(SuiteRunner.java:371)
at org.testng.SuiteRunner.privateRun(SuiteRunner.java:332)
at org.testng.SuiteRunner.run(SuiteRunner.java:276)
at org.testng.SuiteRunnerWorker.runSuite(SuiteRunnerWorker.java:53)
at org.testng.SuiteRunnerWorker.run(SuiteRunnerWorker.java:96)
at org.testng.TestNG.runSuitesSequentially(TestNG.java:1212)
at org.testng.TestNG.runSuitesLocally(TestNG.java:1134)
at org.testng.TestNG.runSuites(TestNG.java:1063)
at org.testng.TestNG.run(TestNG.java:1031)
at org.testng.remote.AbstractRemoteTestNG.run(AbstractRemoteTestNG.java:115)
at org.testng.remote.RemoteTestNG.initAndRun(RemoteTestNG.java:251)
at org.testng.remote.RemoteTestNG.main(RemoteTestNG.java:77)
]]>
    </error>
  </testcase> <!-- assingF2FCourse -->
  <system-out>
    <![CDATA[ <img src='data:image/png;base64,iVBORw0KGgoAAAANSUhEUgAAB4AAAAOiCAYAAACRicroAAAAAXNSR0IArs4c6QAAIABJREFUeJzs3XlcVOXix/HvIAiICqgpoJagbYJ6i8Q9NZcsta6lYaYtlngzl/TmVmlqi6kt7rdEzaLcU29iXQO1TNwxc0GzlDQUlxSQVUH4/cFrzo9hGYZFQPq8Xy9fMWd5zjPnzDlzmu95nsfk6uqaJeAma9++fXlXAeVgx44d5V0FAAAAAAAAAACAvxW78q4AAAAAAAAAAAAAAKB0EAADAAAAAAAAAAAAQCVBAAwAAAAAAAAAAAAAlQQBMAAAAAAAAAAAAABUEgTAAAAAAAAAAAAAAFBJEAADAAAAAAAAAAAAQCVBAAwAAAAAAAAAAAAAlYR9eVcAfw9ZWVnlXQUAAAAAAAAAAACg0iMARpkgAAYAAAAAAAAAAABuPgJglAlbAuCBAwfqmWeeKZXtffXVV/ryyy9LpSyUv7fffltZWVmaPHlyeVel0vP29tZTTz2l1q1bS5J2796t1atXKzo6upxrBgAAAAAAAAAAbFGiANjFxUUBAQFq1KiRvL29JUnR0dH6448/tHfvXiUnJ5dKJXHrsyUALq3w11xWSEhIqZWH8uPt7S0/Pz/jb4LIm8fPz09vv/22xbTWrVurdevWmjRpko4cOVJONQMAAAAAAAAAALYqdgAcGBioXr16qXr16hbTmzVrJklKSkpSaGioVq1aVbIaolKwJQBOTk6Wi4tLqWwvOTmZbqcriV69eln8PW/evHKsTeU2fPhwq/P+9a9/lWFtAAAAAAAAAABAcRQ5AHZxcdH48eONoLcg1atXV//+/eXr66sZM2bQGvhvzpYwdtasWXriiSdKZXvr1q0jAK4EXFxc9NBDDxmvH3roIS1dupTryU3g7e2tevXqFTi/Xr16tMAGAAAAAAAAAOAWUOQAeMKECUZ3rLlFR0dr1apVGj58uNEyuFmzZho/fjxjd/7N2RLGRkREKCIiogxqg1tF586d850WGhpaDrWp3GxpfV9aLfQBAAAAAAAAAMDNY1eUhQMDA62Gv5MmTdKePXvyhL3NmjVTYGCgTdsYMGCA4uPjLf7FxMRo69ateuSRR4pS3Vte3bp1FR8fr6+++qrI63788ceKj483Wmrfd999ev755435+/bt0+nTp0utroXJysqqsP9GjhypsLAwbdiwQfb29laXHTRokMLCwvTAAw8UeTsdO3ZUWFiY+vTpY9Pyo0aNUlhYmHx8fApdtmbNmho0aJCqVKlS7vsz57+Sytn9s7VpxfHRRx8pPj5ep0+flqOjY575I0eOVOPGjQstp1atWoqPj7/lu7tv1KhRocvcdtttxS5748aNio+P1/Tp0y3m3Xfffdq6davOnz+vgwcPWvQCUKtWLS1fvlwxMTE6deqUpkyZYswzmUyaNm2afv/9d8XGxiokJERubm7G/P79++vgwYO6cOGCtm7davHddbO2ae19AgAAAAAAAABQVmxuAezi4lJg8GIOf611y9qrVy+Fhoba3HXrtm3btHXrVklSnTp19NxzzykkJERt27bViRMnbK12hWIymcqsW+IlS5YoPDzcCHnHjh0rLy8vLVu2TJL02muv5Rt6/d3Y29urY8eO2rNnj1q1aqW2bdvqxx9/vCnbOnz4sN566y2dOnXKpuW/+eYb7du3T+fPny902a5du+rZZ5/V6tWrlZGRUdKqlulntW7dugWOPZtfl8T16tXTtGnT8l1+/vz5unjxYqHbdHBwUJ8+ffT999+re/fueuSRR7RhwwZjfvPmzTVt2jT9+uuvOnnypNWyEhMT9cwzz+jChQuFbrci++OPPwpd5tKlS0Uut1WrVlq/fn2+5Ts6OmrFihXKzMzU1KlTFRgYqODgYB06dEi///675syZo+7du2vGjBm655579Oqrr+rkyZMKCQlRUFCQRo4cqa+++kpnz57V2LFjlZKSoqFDh8rPz0//+c9/tGfPHi1atEj//ve/9eWXX8rf31/29vY3ZZvW3icAAAAAAAAAAGXJ5gA4ICDA6NY5p61bt1qMyent7Z1vOFO9enUFBARo27ZtNm1vz549mjdvnvH62rVrGjdunPz9/XXixAnVqVNH77//vjp16iQHBwetWbNG48eP140bN3T33XdrwYIF8vX1VWRkpHbt2qWxY8dqwIAB+vbbb3Xw4EGlp6fr66+/1quvvqr7779f169fL7C8evXqadasWerQoYMcHR116NAhTZw4UT///LMkacyYMRo8eLBq166tX3/9VRMmTNDu3bvVoEEDHTlyRF988YU8PT3l7e2tBx54IM97LWh9W47J22+/LT8/P6Wnp+uHH37QmDFjdOXKFb344ot64YUX1KFDBy1dulR33nmnJCk+Pl533XWXPvjgA9WtW1d33HGHcdzee+89BQQESJL27t2rN954w+awsjC2hIn16tXTww8/XCrb27x5s02BXEBAgGrWrKmQkBB5enqqa9eu+uGHH4z5t99+u8aOHavGjRsrKipKZ86ckfT/LZq//PJLZWRkaP369XrhhReUnp6ujz/+WF5eXho0aJBSUlI0Y8YMHTx4UM2aNdObb76phQsX6uuvv9bYsWPVo0cPvfHGGxoyZIg8PDy0f/9+TZ8+XWlpaerdu7d69+6toKAgnTx5Uj169FD//v3l4eGhhIQEhYWFaenSpRo5cqR69+4tSQoNDdU777yjBx54QD169NCsWbP0r3/9S/Pnz1d4eLgGDBig3r17y9XVVWfOnNH8+fN15MgR1a1bVytWrNC3336rOnXqyMvLS88991ypHIvCuLi4FDqmeG4FLW9rF8Xdu3eXu7u7Zs6cqUaNGikwMNAIgJ944gktXbpUkrRq1Sp99tlnGj16dIHnaY0aNfTVV19p8+bNCgwMlMlkUlBQkF588UU1aNBAMTExWrp0qT755BNJKvR6Ul5seTinOGMvV6tWTcOGDVNMTIzCw8Mt5rVr104eHh6aPHmy/vOf/+jYsWPasGGD+vTpo/nz5+uRRx7R1q1bNWvWLDk5Oemxxx5T3759FRISor59++rq1asaMWKEMjMz9eCDD+qxxx7T8OHD9eSTT8pkMhn7tVatWnrttdcUEBAgZ2fnm7JNa+8TAAAAAAAAAICyZHMA7O3tnWfa1q1bLUJac/ibX1Bsnm9rAOzq6qrbb79dUnYL4B49ekiSoqKiJEmLFy9WmzZtNHDgQLm4uGjp0qWKjo7WggULFBwcbIw9HBcXp1mzZkmSrl+/LklKT0+Xp6enAgICNGHCBCUkJOirr74qsLxp06apa9eueu6555SYmKgPP/xQs2bNUteuXdWnTx9NnjxZISEhWr58uUJCQvT555/r7rvvNrb32GOPaf369VqxYkWe92lt/cJ89tlnunLlip544gnVrl1bCxcu1OjRozVp0iSL5V544QVt3bpVf/zxh4YNG6YrV65YzHd2dtY333yj6tWra8KECTKZTJo5c6bWrVun1q1bKy0tzaZjZo0tAfDHH3+cb4vP4nj44Yc1YMCAQpfr1q2bLly4oKioKG3dulUDBw5UjRo1dPXqVUnSxIkT1aRJE82dO1fJyckaOXKkpP8PgDMyMlS3bl3dfvvtWrhwocaPH6+xY8dq+/btmjNnjiZOnKhhw4ZpyJAhxj4wr5ueni4pu6va//znP+rVq5c6dOigRx99VF9//bVRx6ysLHl6euq1115TeHi43nvvPfn7+2vAgAE6fvy4VqxYocaNG6tp06YaM2aMTp06pRYtWkjK/nwtWbJEx48fV8eOHfXiiy/qu+++0//+9z9NnTpVb731lvr27Wt8Vh988EFt27ZNmzdvLrMWwNHR0Zo7d66xb4tr7ty5io6OtmnZwMBAnTlzRvv379fXX3+t1157TbVq1dKVK1e0bds2LV68WC+99JLefPNNbdy4sUjn6UsvvaQZM2ZozZo1ev311zVw4EC9//77SktL07Jly6xeT8pTdHS0Lly4UOA5eOHCBZv3b07ma35+D780adJEkoyeCszl33XXXfL29pa9vb0xLy0tTefPn9ddd91lrHv27FllZmYa67Zu3VoNGzY0uu7Or1xzzwelvU1r7xMAAAAAAAAAgLJU7AD4yJEjFuGvi4uL1fA3vzKsefnll/Xyyy8bry9fvqyxY8fql19+Ub169dSpUyeFhYUpLCxMkjRs2DANHDhQX3/9tZo3b250/SlJHTp00LPPPmsRaFWvXl0vv/yyEXgUVN6CBQvk7OwsZ2dntWrVSlu3btVDDz2ka9euSZLCwsJ01113KT4+XtevX9fevXv16KOPWoyVeenSJY0ePTrf92nL+gWpVq2aHB0d1aJFC+3cuVPe3t75hnZHjhxRVlaWUlJStH///jzzu3fvroYNG+rDDz80xjG97777NHToULVv375UWrPZ2gK4tHh4eBS6zerVq6t169bavHmz6tSpo0OHDsne3l6dO3fWhg0bVLt2bd111106dOiQ/vvf/0qSWrRoYXSFbi6/atWqWrRokVJTU/XMM8+oQYMGWrRokRITE/X000/r9ttvz1OXnK9XrVqlvXv3KiEhQR06dMj3OFatWlUmk0l33HGHGjZsqC1btliMDW1umXn8+HGlpqYa01esWGF0pX7p0iU9+eSTSkxMVHp6uo4ePap27dpZjGEaFxenjz76yLadXIq2bdumS5cuafz48VavIflJSkrSjBkzdOTIEZuWd3Nz08MPP6wVK1bIy8tLu3btkoODg5544gktXrxYcXFxiomJkST99ttvOn36tC5fvlzgeXrjxg2L8gcPHqzr169r1KhRxjn3z3/+U4MGDdKyZcusXk/K2969e43W5PnNK23mFtvm92/+b7Vq1fLMk7If4qlZs6axbs555r9dXFyMz5D5wYac5To5Od2UbQIAAAAAAAAAUFHYFXfFnD+W3wzr1q3TM888o1dffVVZWVk6efKkgoODJUmenp6SpM6dO+vs2bM6e/as/P39dccddxjB6blz54yyzGFOTklJSUYXwdbKk6QJEyZo27ZtGj16tL799lv99ttvGjVqlKTsLoKXLl2q33//XRcvXjRaKjs4OBjbsjaGqC3rF+SZZ57RpUuXNHPmTO3YsUO//PKLOnfuXOh6uTVo0ECS9OeffxrTzPuvfv36RS4vP+ZWr9b+HTx4sFS2JUkHDx4sdHvm7r579eql1atXG8Fnt27dlJWVZQSjly9fNtYxjy+bs5zk5GSlpKQYf1+/fl1Xr141Xjs4OBjL5l5Xks6fP6+srCwlJiZKUr7Lnzp1SrNnz1adOnX0+uuva8WKFVqwYIHq1q1rtew///zTeF2vXj1NmjRJ69ev1/fff682bdpIkqpUqZLv8qXxryiOHDmiyZMnKykpyeZ1kpKSNHnyZJvDX0n65z//KUdHRz3//POKiorSN998Iym7JXZBinKeNmjQQFeuXFFKSoqk7G7XU1NT5eXlJcn69aS8hYaGFmtecZkfXDCHsub/Jicn55knZY8ZbJ6enJxsMc/8d1JSkvEZMrf2tVZuaW0TAAAAAAAAAICKwuYWwNHR0fLz8zNe+/j4aNq0aZo8ebLxw/nkyZOttgIuSvehJ06c0KZNmyRljxPZr18/DRgwQMuXLzfCyZ9++kljxoyxWM/c4itna1JzV9I55Wy1Z6088/wnn3xS1apV0wMPPKA33nhDU6dO1cqVKzVr1iy1a9dOnTp10sGDB7VhwwZ16tSpwG3lZsv6Bdm5c6fatGmj2267Te3atdPMmTM1c+ZMtWzZ0qb1zcwBec6wt2HDhpJkjHlbFl599VX94x//KJWybAmTu3fvrvj4eM2YMcOY9tBDD6lbt26qX7++EhISJEm1a9c25nt4eJRK/Ypjw4YN2rBhg+rXr6+2bdtq2LBheuaZZ6y22DV3VStl798WLVooKChIJ06c0AcffJCnu9qcy5eH6OjoQq8jZubwt6jdEvfv319//fWXXnnlFWPak08+qaeeeko+Pj75jntdlPM0JiZGjRs3lrOzs1JTU1W7dm05Ozvr8OHDkqxfT2wZt/pmunjxoo4cOWJxrZeyw3nzww+l6cSJE5L+v3cIHx8fSdKxY8cUHR2t9PR0Y5qLi4s8PDy0fft2SdKvv/6qZs2ayd7eXhkZGWrcuLGSk5N15swZo1wfHx9dvnzZ6BL62LFjxoNLpb1NAAAAAAAAAAAqiiIFwLnlDoELC2+KM36kJE2ZMkW9evXS1KlTtWnTJl28eFE//fSTWrVqpRYtWig1NVUTJ05URESE3njjDR0/flytW7dWUFCQkpKSjC57C1JYed9//72qVaum1157TQkJCbpy5YrS09N17do1VatWTVJ2q79mzZrJ19dXkhQQEKBdu3YV+t6Ku76Hh4d27typrVu3av78+bp48aJSUlKMlmq5paamqlGjRurZs6d+/PFHi3lhYWH6888/NXjwYB09elTOzs4KDAzUr7/+qh07dhT6Hmxha2vQn3/+uVS2VxhPT081a9ZMmzdv1s6dO43pycnJ6tatm7p166bPPvtMJ0+elJ+fnx577DGlpqaqffv2kpSnhau1Lp5zL5/futbKy8rKUrt27TRp0iR99tln2r9/v9FqODU1VVlZWUZXtD169FBERES+2zW3hqxbt66aNGlihGK+vr46dOhQgXUva7ZeJ6pXr17ka0qjRo3UunVrrVy5Ups3bzamJyUl6amnnlJgYKCmT59ujHvdq1cvnT171up5+tNPP1lsY+nSpZo1a5Y++OADrVmzRi+++KIkacmSJZJk9XpSGXl7e6t58+ZGqOrj46PHH39cp0+fVkREhP78808NHTpU6enpCgwM1PXr17Vu3TqlpqZq48aNevzxxzVhwgQ1bdpU9vb2Wr58uaTsrtNbt26t+fPn6/z582rZsqWWLVumGzduaO3atRo9erTeffddhYaG6oUXXtBvv/2m/fv3y97e/qZs09r7LM3eDQAAAAAAAAAAKIzNXUDv3bs3324uzSGwuVWVOQTOLSkpqdhjSJ49e1YLFizQbbfdpjfeeEOSNGTIEH3//ff66KOPtHjxYp09e1bz58+XJA0dOlRRUVGaNm2a+vbtqxUrVkiyHmxZK2/cuHFKSEjQmjVr9O2338rDw0PPPPOM4uPjNXXqVP3xxx8KDg5W586d9fTTT+uvv/7S7Nmz5ezsXOh7K+7658+f14QJE+Tr66v//e9/Wr58uX7//Xe99NJL+S7/6aefqmrVqnr//fdVp04di3kpKSl6/PHHtW/fPn388cd6++23tWXLFj355JNKT08v9D3YojS7FS6Nf926dZMk7d6922L64cOHlZSUZHQD/c477+jkyZN65ZVX1LVrV23YsEHS/3fTnPv9WXud3/7IvW8Keh0REaG1a9fqySef1KeffqpXX31V3377rZYuXaqsrCyFhoYqISFBzz//vJo2bZpvWYsWLVJsbKwmTZokf39/TZw4UfHx8fr3v/+tqlWr3pRjVRze3t42jwNclHHFJempp56SlB3C5rR7924lJCQY8zdt2qTff/9dffr00YABA4p0ni5evFgTJ05UQECAli9friZNmmjUqFHG+NrWriflzcXFRY0aNcozvVGjRsXu8r9Hjx76/PPP9dZbb0mSHn74YX3++ecKCgpSenq6nnnmGcXGxmry5MmqVq2annvuOZ0+fVqSNGbMGH377bcaNWqU2rZtq3fffVdr166VJH322WeaPXu2Hn74YQ0ZMkRr1qwxvh+OHz+uoKAg1atXT2+++aaOHz+uAQMGKCsr66Zt09r7BAAAAAAAAACgLJlcXV1tTmkCAwMLHCfz1KlTRktgb2/vPN3Srly50ghAbrYqVarI09PT6Nr4vffe07Bhw/Tggw9atHRE2WnWrFl5VwHlwNztcVH06tXLaDVbmCVLltyUsWmLonbt2jp58qQ2b96swMDAcq1LSXTu3FmBgYEW3efndOHCBa1atUrbtm0r45oBAAAAAAAAAICisLkLaCm7+0s/P78840NK/98SeNWqVRoxYoTFvCNHjpRZ+CtJ69ev14MPPqhXXnnFGG/z9OnTOn78eJnVAZZsaQ06ePBgDR48uFS2t3TpUi1durRUykLZyu/6smfPHklSq1at8ixbngGwq6urBg0aJEmKi4srt3oUV926dfXUU0+pVatWhba6rlevnkaOHKnBgwdrz549Wr169U0ZFxgAAAAAAAAAAJRMkVoAS9ldhE6YMCHfkCY/R44c0fvvv1/g2LQ3Q8OGDfXBBx+oTZs2yszM1IEDB/TGG2/o2LFjZVYHWDKPmWpNzrFrS0O7du1KtTwU3dGjR4u8TkhIiBFGJiUlaenSpUar086dO2vw4MEW880BbHlo3ry5tmzZorNnz+q5557TL7/8Um51Karc+7Koch8bAAAAAAAAAABQMRQ5ADYLDAxUr169CgwPkpKSFBoaWqYtf1Fx2RIAb968udhhVG5JSUl6+OGHS6UsFF9RA+C6devq008/lZT98Mi8efPytDKtW7euRowYYTyEMnToUFqiFlHO/VxS7H8AAAAAAAAAACqWInUBndOqVasUGhqqgIAAeXt7y9vbW5IUHR2t6Oho7d27t0xb/aJis6UL6HfeeafUxlBdtWqVTdtExZKcnKw9e/boyJEjBXbtfPHiRU2aNEm9evWSn58f15liOnLkSHlXAQAAAAAAAAAA3ATFbgEMFMW9995b3lVAOaDbdQAAAAAAAAAAgLJV7BbAQFHQGhcAAAAAAAAAAAC4+QiAUSYIgAEAAAAAAAAAAICbjwAYZYIAGAAAAAAAAAAAALj5CIBRJgiAAQAAAAAAAAAAgJuPABhlggAYAAAAAAAAAAAAuPkIgFEmCIABAAAAAAAAAACAm88+ZzBnMpnKsSqozAiAAQAAAAAAAAAAgNKVXwZnX9gCQGngs/X3xHEHAAAAAAAAAAAoW/YENCgLfM7+njjuAAAAAAAAAAAAZcdkMsmURUJzSzt16pR8fHzKuxooIY5j5cGxrBg4DigIn42Kj2NU8XGMygb7GQAAAACAimvv3r3y8/Mr72oUyK68KwAAAAAAAAAAAAAAKB0EwAAAAAAAAAAAAABQSRAAAwAAAAAAAAAAAEAlQQAMAAAAAAAAAAAAAJUEATAAAAAAAAAAAAAAVBIEwAAAAAAAAAAAAABQSRAAAwAAAAAAAAAAAEAlQQAMAAAAAAAAAAAAAJUEATAAAAAAAAAAAAAAVBL25V0BACWzceNGHThwQCNHjpS7u3t5VwfFEBcXp5kzZ+aZ7u7urnHjxpVDjf6+vvjiCx07dkxOTk7y9fVV27Zt5eXlVd7VQjlLTU3Vpk2bdOrUKeOz0aVLl/KuFqyIjIzU2rVrLab17dtX/v7+5VQjAAAAAAAAoOwUOQCOi4vL84Oat7e3unbtqlOnTsnHx6fUKoeyc+7cOe3cuVOSCDxuIZGRkcZxCwkJ0ciRI8u5RiiOuLi4Ik3HzdOvXz8tWrRI58+fV2RkpCIjIwmNoNDQUB04cMB4HRsbq6ysLHXt2rUcawVr8rt+ck2tGFJTU3Xs2DGdO3dOsbGxkiRPT095eXnp3nvvlbOzcznXEAAAAAAA4NZXrAD41KlTFtOysrIkScHBwfxQfguKi4tTcHCw0tLSJElHjx6lNektIHfrptjYWK1du1Z9+/Ytx1qhOHx8fOTh4aHz589bTG/btm051ejvy9nZWUFBQUYILElr166Vu7s7Dzj9TcXFxVmEv2YHDhwgAAaKKDw8XBEREcY9p5n5/y2cnJzUvn17WtgDAAAAAIBKJSYmRiaTSZJUrVq1MsnfSn0M4LVr1yoyMrK0i8VNFBkZafFDXFpamo4ePVqONUJh8uvaUpKuXLnC+XeLGjVqlLy9vY3XXbp0Ue/evcuxRn8PqampeaY5Ozvn2fehoaFlVSVUMLTQB0ouNTVVwcHB2rJli8U9p5ubm9zc3IzXaWlpCg8PV3BwcL7XZwAAAAAAgFvR2bNnFRMTo5iYmDwNwW6WmzIGsDmYoiXwrSG/Jw3ofq/iKij87du3r5o2bapFixYZXSni1uLk5JTv37h5Fi1apH79+uU5X86dO2fxOjY2VnFxcfSMAMP9999f3lVACezYsUPXrl0zXjs5Oaldu3blWKPKLSQkRNHR0cZrb29v9evXz7imxsXFac2aNcYyp06d0pdffqkhQ4aUS30BAAAAAABudTclAJZKFgLfuHFD33zzjbZv366LFy/K2dlZd911l/r162fRQq44EhISdPz4cbVq1apE5fzwww/aunWrpk2blmfewYMHtXTpUs2dO7dE2ygr/v7+OnXqlNHF5f3331/i8P7555/P072fJHl4eGj27NlW1/3tt99kb29f4mOd286dO9W8eXNVr169VMstS9bCX/MxCwoK0ty5cxUUFFQqYVVycrJGjx6tBg0aaPLkySUuLz+XLl3S8OHDtXz5clWpUqXUy7d2vpaXKVOmWIQPuW3atEmbNm2ymHbvvffq2WefLdF2ly9fru+//17jx4/XvffeW6Ky8pNzXy9cuFC1atVS//79S307peX8+fMKDg7WkCFDLELg3EMdSCq1AHjPnj3auHGjTp8+LTs7OzVs2FA9e/ZUmzZtSlz2unXr9N///lfdu3dXQkJChdn/+Z3jWVlZ+vTTT+Xg4KBnn31WDg4O5VzL/OX3MIY5vJJkfH+mpqbK19e3WMHwmjVr9Ntvv+n111+3mL57924tW7ZMn3zySfEqX0Q3+1pckeS+vkqyGgCnpaXpueee00cffaT69etbLTsuLk5Tp05VcnKyZsyYoVq1apW4vrey8PBwi/DXzc1NgwYNsnjY0N3dXYMGDdLcuXMVHx8vKfvcCg8PL3JX6zf7vuVWu88HAAAAAAC3loyMDCUmJpb4t+ibFgBLxQ+B58yZoz/++ENDhgzRXXfdpWvXrmnz5s2aPHmypk+frgYNGhS7TocOHdLBgwewfACcAAAgAElEQVRLHAC3bdtWDzzwQInKqEj8/f2NALi0Wm5PmDBB//jHP4q83tatW9WkSZM8AbB5rGlzP+lFtXLlSvn4+BQpAM7MzJSdXan3lF4stoS/Unbr7UGDBmnNmjXq2rVricct/eGHH9SxY0dFRkYqNjZWnp6eJSovt8zMTNWuXVuffvrpTQscKuL5ai38LUh+D1UURUZGhnbs2KGBAwcqLCzspgTAOT3//PNFPn/K+pxzdHRUWlqagoOD1a9fP8XFxSkqKirfALg0WmVv3rxZy5cv13PPPaeWLVuqatWq2rdvnz799FOlpaWpc+fOJSo/IiJCL730kjp06KCUlJRS3ZcluQbnd46fOXNGHTt2vOmfw5Ly8vKSm5ubEUpJUq9evSRJR48e1ZdffmlMj4qK0tmzZ2/J7tvL4lr8d/Hrr78qMzNTixYtKtL5UpHuOUpLamqqIiIiLKa1a9fOCH/XrFkjk8mkvn37ytnZWf7+/tqyZYuxbEREhMXytrjZ9y0AAAAAAAA3S0ZGho4dOyZ3d/eKFQD37NkzT0BR1PG7jh07pn379umDDz4wWlg4OjqqX79+8vDwMFoIXbp0SUuXLtW5c+dkMpnk5+enQYMGydHRUSNGjFDPnj0VGRmpxMREOTg4aMyYMTp37pyWLVumGzduaPLkyZo2bZri4uK0ZMkSxcTEyM7OTi1bttRTTz2lKlWq6JNPPlH16tV16dIlXblyRYmJiQoKClLTpk21c+dOo5Xb1atXtWDBAv35559yc3PLEzRt3rxZmzdvVmZmppycnDRw4ED5+fmVYE/f+hISErRw4ULFxsYqMzNTDRo00Msvv6wffvhBP/30kyIjI3X27Fn16NFD//73v/XUU09p/fr1+uCDDzRhwgSNGjVKvr6+kqRly5YpMzNTgwcPVnp6ukJCQrR//37duHFD7dq106BBg/Txxx/rwoULevfdd/X0009r7969ql+/vtGCa9++fVq5cqU+/PBDbdu2Tbt375aDg4MuXbqkGTNm6ODBg/rqq6+UkpKiKlWqqE+fPiUOaopq48aNeablDn/NvLy85O7ubrRsLEkIvGXLFo0ePVo1atTQli1bNHDgQEnShQsXNGbMGA0cOFD79u1TXFycmjVrZoR+Fy5c0KeffqoLFy4oMzNTAQEBev7552UymbRgwQLVrFlTv/zyi5o2barevXtbtDrbtm2bQkNDdePGDdWsWVMvvPCCvL29dfnyZY0aNUovvfSSfvrpJ8XFxcnb21vDhw+XyWTS5cuXFRwcrOjoaFWtWlV9+/ZVx44dLc5XSfrmm28UFhZmlP/iiy/qzjvvLPY+ulXs3btXd955pzp27Kg1a9YoKSnJeCDik08+kbOzs/766y/FxsaqatWqeuGFF7R+/XpdvHhRbm5uGjt2rBwdHTV//ny5uLjo0qVLio+PV0ZGhoYOHarGjRtbbG/ZsmVGC9T09HQFBwfr6NGjyszM1B133KGXX35Zrq6u+Z5zZcXX11cHDhxQWlqaQkJCbuq2rl27phUrVujZZ5/VQw89ZExv37693NzcZG+f/ZV8/fp1ffnllzp06JCysrJUr149vfTSS6pbt662b9+un376SbfffrtOnjypK1eu6JFHHtEjjzyiDz74QLGxsVq+fLn+/PNPxcfHG/vffM39888/Vbt2bbVv314bN27U/PnzFRYWpoiICE2ZMkVSduu5wYMHa/HixUpNTc1zDU5PTy/w3C7oGnz58mWLc7yg78XCzvHy0q5dO6PFqKOjo9FaPDw8PM+yO3fuVNeuXUt9KIWCvjddXV0VFBRk9XvR1nPvtddeszhOUVFRCgkJMR4m6Natmx599FFJ2Q9rffPNN0Zo2bt3b3Xp0qVU33NFVtA94o0bN7Rs2TIlJSVp9OjRmjx5sm7cuFHgPWvu78MmTZpo+/btql+/vk6ePKn4+HgNHTpUERERiomJUUpKikaPHq2GDRsqPT1dK1asMB7gu+OOO/TSSy+pRo0aVj8vZSkqKirP/xucP39eW7ZsUVxcnEXvMz4+PvLx8bEIgNPS0hQVFVWkhxPzu29JTk7W0KFD9c4776hRo0aSssfeGTdunBYtWqTRo0cXeA4Vdp//d72nAAAAAAAApcsc/qakpEjKvyFOjRo1VLNmTZvKK5VmBvHx8YqOjlb9+vXVuHFji3+FdZOX2+HDhwtcr0OHDqpXr54kad68eWrYsKHmzJmjWbNm6ezZs1q/fr0kqUqVKjp06JAmTJig999/X87OzgoLC5Ovr6+6desmf39/IwiaN2+e6tSpo48//ljTp0/X0aNHjR+eqlSpop07d+rFF1/U22+/rc6dO2vVqlV56rV69WrZ29trwYIFmjJlin755ReL97N27Vq98cYbmj17tp5++ml98MEHSkxMLNJ+KU1xcXGKjo62+BcbG2vMj42NzTM/93iYJfXtt9+qRo0amjt3rubNm6e7775bBw8e1OOPPy4fHx8FBgYaXYJev35d165d05IlSwrtRnHDhg06d+6c5syZo9mzZ+vw4cP6/vvvNWrUKEnSG2+8obZt21oto2rVqjp27JgeeughzZgxQ+np6caxW7BggV5++WUtWrRIV69eLbX9YYtnn31Wbm5uxuuCwl8pu7Ww+UfVoj6EkVNUVJRcXFzUsGFDdezYUTt27FBGRoYkyc7OThkZGbp+/brROv/AgQPas2ePJGnx4sXy8fHRggULNHPmTO3cuVP79u2TJDk4OGjXrl2aMGGCBg8ebLHNY8eOKSQkROPGjdPs2bPVs2dPzZw5UxkZGapSpYrS09OVkJCgSZMm6d1339Uvv/yio0ePSpLmz58vHx8fffLJJ5owYYIWL16sP//806L8EydOaN26dUYXxQ888IAWLVpU7H1UXjZu3KiJEyfm2yq8IGFhYerSpYscHBzUunVr/fjjj8a8KlWq6Oeff9awYcM0a9YsZWVlKTg4WKNGjdKsWbMUHx+v/fv3S8o+9nv27NGwYcP03nvv6aGHHtKCBQusbjs0NFSxsbGaM2eO5s+frxs3bhjX7NznXFkqypifwcHBJboW/v7770pNTVWHDh3yzPPz89M999wjSVq/fr1iYmI0a9YszZkzR97e3po/f76k7ON09OhRtWzZUlOmTNGIESMUEhKi9PR0vfbaa6pbt65eeuklDRgwwKL8NWvWqEqVKlqwYIEmTJigbdu22dTSML9rsLVzu6BrcE7WvhcLO8fLizkUkmTRVfj58+fzXT7nd2ppKeh7szDFPfeSkpI0c+ZM9e/fX3PmzNGbb76pdevW6fDhw7p27ZoWLVqkiRMnau7cuZo0aZL279+v9PT0Un/fFVVB94jNmjXToEGD1KBBA82ePVu1atWyes+a+/uwSpUqOnbsmLp06aJ33nlHrVq10qxZs/T444/rnXfekZ+fn7777jtJ0n//+1+dOHFC77//vmbPni03NzctWbJEUvE/L6Utv2tmZGSkwsPDFRkZKen/w9+Cli/Kdbeg+xYXFxcFBARo27ZtxrI7d+7UAw88IBcXF6tlWrvPryz3FAAAAAAAoHzlDn9TUlIUExOT59/Zs2dtLrNUWgDHxcVZ/bGjKC0Qk5OTC23WfPXqVf36668aPXq0pOwfzzp16qRNmzYZYx22bdvW6MLQ29tbly5dylNOYmKijh49arQscnR0VJcuXfTjjz+qe/fukqR//OMfRpreqFEjbd68OU85hw8fVv/+/WUymVS1alV16tTJ+GFv7969atmypWrXri1JatGihapXr67jx4+rZcuWNu2T0pKamqovv/wy365NcwoNDc13uqenp4YMGWJzq6aZM2fmeUKhf//+6t27t2rXrq09e/bowIED8vX1VZ8+ffItw7x+hw4dbGr9tXv3bj3xxBNycHCQg4ODpk6darSqKwoXFxdjHEcHBwctXLjQeN/33nuvqlSpoosXL9r8pEVp8PHx0ciRIxUaGqr4+Hg1bdo03+VydhXt5uZmEVwUVXh4uNFS0dXVVU2aNNHevXstQnRzmOXk5KQWLVro6NGjatOmjcaOHWscsxo1asjHx8cIRUwmk5o2bao6derk2eauXbvUqlUr42GPVq1a6fPPP9evv/5qPBjy4IMPSsru7trDw0OXLl1SYmKioqKiNGrUKJlMJtWvX18LFy5UtWrVdPLkSaP8O++805guZZ/jGzZsKPY+KkuxsbGKiopSZGSkoqKiJGUfbzc3t0LHSIyNjdWlS5fUrFkzSVKXLl2MgN2sefPmxue8fv36cnV1laOjo6Ts0Ovy5cvGsvfdd5/Rerh169b67LPPlJCQUOD2H3vsMT3yyCPG+ejn52e8B8nynCtLXl5e6tu3r01Burmr6NzjBdsqKSlJLi4uqlq1qtXl9uzZY1zHJKlbt27asGGDkpOTJUm33XabERZ7e3vrxo0biouLU926dQss8/DhwxowYIBMJpNcXFzUrl07hYWFFVrn/K7B1s7tgq7BOT8b1r4Xza3m8jvHy1NcXFy5bl+Szd+buRX33Dt8+LBcXV3VokULY/v+/v6KjIyUn5+fXF1dFR4ers6dO8vLy0vjx48vhXd5a7HlHrGwe9b8vg89PDx0++23S8q+Fnt5eRndGNevX18///yzpOzz7fHHHze6p3/00Uc1atQo3bhxo9ifl9JW2MMQ999/v9EbS2pqqnbu3FnkMnKydt/SqVMnzZ49WwMHDpSDg4N27txp9GpijbX7/Fv5ngIAAAAAAFQMucPf0nJTxwAujpo1a+rEiRNWlzH/kJwzfKtZs6bF+Hw5Q0qTyaTMzMw85ZiXnzRpkjHN3H1bfuXY2dnlW05iYqLFuLI1atSwqGvuoCB3XctKREREoeGvNbGxsQoPD7d5bMNx48YVOAZw9+7dZTKZtHHjRs2ePVvNmzfXCy+8YAQCudkatMbHx1vsf/MPcjdu3LBpfbPcXSRu27ZNu3btMsbAzMjIMP4uS87OzurXr5+OHj2qRYsWqXfv3hYPV+QeJ7iwUNCaxMRE7d27VwcOHNDnn38uKXt8wpSUFIsAOPf+Ngc1R48eVWhoqFJTU2UymRQbG2sx1mdBxzQ+Pl6HDh3SoUOHjGnXrl1TfHy8EQDnd16az6mc9cn5t1laWppWrlyp33//XVJ2d7vlcSyLo6Buim05r8PCwhQfH68XXnjBorxjx44ZxyXnGLd2dnZ5Xue8/uV3niUlJRW4/fPnz2v16tW6dOmSTCaTxfGU8p5zZcnf31/u7u7auHFjgS06zUoSAru6uio5OVlpaWlWxxNOSEiwOD/M+9r83Zf7+01Svt9NOeX+nrIWFucnZ32sndsFXYNzsuV70Zbv3rKSs2cQSRb1dHR0zHc876KOF13QfYq55wOp6N+bZsU993J/DqXsz+Lly5dlMpk0ZcoUbdy4Ue+8847s7OzUp0+fv1UX0JJtn1Nb7llz72dbr8Xx8fEKCQnRypUrLdaNj48v9uelLDk6OhrjaZsfUizJwxaF3bc0a9ZMTk5O2r9/vzw9PZWUlFTgfWrucgu6z7+V7ykAAAAAAEDFkd9vjCVV4QLgFi1aaPXq1Tp16lSeVsMbNmyQt7e3MT0+Pt74Ievq1atFHhDZ3J3w+++/n29QZKvq1atbBB85f7xyc3PLE/YWp66lwRwSeXh45Alxz507Z4xv2LNnzzw/zpuDkdLs1rJbt27q1q2bUlNTtWTJEn3xxRdGC5nccrb+zd1taWpqqtFK0dXV1aKlWUJCgm7cuJHnB247OzuLH+isPVkRGRmpdevWafr06apbt66ysrI0aNAg29/oTeDr6ysfHx+FhITIy8tLvXr1yhP+SiXr/nnbtm1q06aNXnnlFWNaZmamhg4dqtjYWKM1WUJCgtFyKTExUTVr1lRiYqJmzZqlMWPGGGPlvfvuuxblF9Siu1atWnrwwQfzdA0tyeqDE+ZjnPO6cOHCBYsfbaXsrnDPnDmjyZMny8nJSSdOnNDUqVOt7ouyYr6+paam6tSpU4WGkbZKT0/Xjz/+qA8//NBoWS1ldxEaHh5uEczbKud5Zu7S3tqDGvPmzZOvr69effVVmUwmrV+/XseOHSvydm8WHx8fjRo1SnFxcYqLizMCl0WLFuX58i1uCNy4cWNVq1ZNW7ZssWh5LUkHDhzQ2bNn1bt3b7m5uVnsX3N38+7u7oqOji7W+3NxcbG4zuVsUZvfNTU38/la2Lld0DU4p4r0vWjNjh07tHPnzjyBVFxcnFJTU+Xs7CwfH588n+OcYwTbqnbt2jp37pyysrIsro1nzpyxCOsL+t609r1Y3HMv9+dQsjxOnp6eCgoKkiQdP35c7733nu6++241aNCgSO+9JKZMmWJxfjo5Oemtt94qs+3bwjx0g7V71uKOb+3u7q6+ffuqVatW+c4vyn3WzeLp6VngdcvLy8sI0desWVPgw0zm1s+FKey+xdPTUx07dlRERIS8vLzUvn174wELa+eQtfv8inxPAQAAAAAAbg329vZq2rSpoqKiityY0ZpSGQO4NDVp0kQdOnTQzJkztW/fPiUnJysuLk4rVqzQxo0b5eHhoRo1aujee+81utpLT0/X1q1bFRAQUGj59vb2RjeaLi4u8vPz08aNGyVJWVlZ2rBhg7Zv316kOjdt2lQ//fSTsrKylJqaajGuZqtWrbR//36j69QDBw4oJSWlWIFLaTH/aJ3zX84fq728vPLMt7XbZ1t98sknRosqZ2dnI1iVLI9RfmrXrm2M65qQkGAxFltAQIDCwsJ07do1Xbt2TTNmzNCePXtkZ2cnk8lklFunTh3FxMRIym4dnF+Xg2ZXr16Vq6urbrvtNmVlZWndunUymUxKS0sr2U4oIWdnZwUFBcnNzU1z5szJtwvbTZs2FWmMWLOsrCyFh4fnGS/Zzs5OLVu2tGgNt3XrVknZwdDBgwfl5+enlJQU3bhxQ40bN5aUHaKfPn3apn3WunVr7d692wioLl68qI8++qjQJ2Bq1qypu+++W5s2bVJWVpYuXLig8ePH66+//rJY7urVq/Ly8pKTk5NSU1P13Xff6caNG+U+duWQIUMUFBSkrl27qnfv3ho1alS+rek8PDzyTCusteGuXbtUr149i/BXktq0aaO9e/dabblbkF9++cW4rm3fvl2333671Qdprl69Kh8fH6PF6K5du8r9HMqPu7u7cU308vJSUFCQEQLkZA6BizI2pYODgwYNGqQVK1Zo06ZNRpD4448/at68eUbQ16pVK23ZssX4TG7evFl+fn4lug7ffffd2rlzp7KyspSSkqJdu3YZ82rXrq3z588b27P2HVjYuV3QNTinivi9mNvGjRuNY5QfcxfK7du3zzMvv2mFCQgIUEZGhkJCQpSYmKhr165p9+7d+t///mc8LGDte9Pa92Jxz71mzZoZ13Up+6GBAwcOqGXLljp9+rSmTp1qXDvq168ve3v7Mm/5mN/DGRVNSe5ZC9O6dWtt3rzZ2A8///yzvvjiC0nWPy9lydrDEPHx8dqyZYu2bNli9YEnWx6osPW+pVOnTjp48KC2b99udDUvWT+HrN3nV9R7CgAAAAAAcGupVq2amjZtajysXrVqVdWvXz/Pv/zygYJUuBbAkvTKK69o06ZNWrlypS5cuCAnJyc1b95c7733nhFgDB8+XIsXLzbG+7z//vv12GOPFVr2fffdp++++07Dhg3T/PnzNXz4cC1ZskQjRoxQZmamGjdurM6dOxepvoGBgZo/f76GDh0qNzc3dezYUd99952k7Jaa/fr107vvvqvMzEy5uLho/PjxcnFxKfqOucW8//77+U5fuHChevbsqSVLlujrr7+WnZ2dvLy8NGTIEEnZP2iGhITo1KlTev755/Os379/fy1dulS7d++Wu7u7WrdurYyMDElSnz59lJSUpFdffVWZmZlq1aqVHn74YZlMJrVr105vv/22+vXrp+7du+vjjz/Wm2++KRcXFzVv3lzh4eH51rd169aKiIjQiBEjVK1aNT355JN68MEHtWDBAk2aNMmiK83y0L59eyOMcHNzM7pT/PLLLyVlBzSS1LdvX5vLPHLkiJKSktS8efM889q0aaM5c+YY4aS7u7tee+01JSUlqU2bNmrZsqVMJpMeffRRTZw4US4uLgoICNDAgQO1dOlSNWzY0Oq277nnHj399NOaPn26MjIyZG9vr8cff1yOjo6FtmgeMWKEgoODNXToUFWtWlWDBg3SHXfcYdH6qHfv3po7d65effVV1axZU4MHD1ZMTIxef/11zZo1y+Z9VJpy9myQU9euXS3Cdg8PD40aNUrnzp2zaJlaWFff4eHhatOmTZ7p7u7u8vb2tvgx21b333+/Pv30U8XGxsrZ2VnDhg2zuvzTTz+tr776Sl9//bUaNmyoIUOGaMaMGfrss8901113FXn7ZcUcApdWS+CHHnpIrq6u+uabb7R69WqZTCb5+PhozJgxxvjM//znP5WUlKSxY8cqKytLDRo0KHT/Fsb8PfXKK6/I09NT7du3N76nmjdvrnvuuUcTJ06Uu7u7EWDm151tvXr1rJ7bBV2Dc44fbe17sTyGR8iP+bpZkAMHDsjf318+Pj55WjQXND67NS4uLpo6dapCQkI0YsQIZWRkGMfd3NLa2vemte/F4p57Li4uGjdunL744gstW7ZMdnZ2evrpp3XvvfcqKytLvr6+mjBhgqTsB7f69u1b6PX976q496yFeeyxx5SSkqJx48YpMzNTrq6uRjf/1j4vZalp06YFdpXu6OhohNL5PWhjnm7LOWXLfUv//v1Vr149NWnSRElJSfL29jaWsXYOWbvPr4j3FAAAAAAA4NZkDoGjoqJ02223lbinPVNWEZsDnDp1SsHBwUXayJAhQ/INN1By+XWVnZ9z584pODjYGHsyd2CxZs0aHThwQFL2eJg5w8LC1kXJ2XocC5KamqrY2Fir4wHnPq4ldenSJQ0fPlwrVqzI03Xi35mtx3LixInG3+7u7ho3blyeZeLi4jRz5kzjtbe3t9HlalxcnCIjI43xa8vSwoULVbt2bQUGBpbpdouipOdUbrlD95ycnJw0bty4Uu8pobRlZmYa52pERIQ2bdqk9957r5xrVfZs+Wx88cUXBbYm9fHxUbt27YzjPWPGDIsAeNy4cRWuO+tbTXGuo2bTp0+XlP3gS84HaCSpS5cuxgMz1tZF4Ypyjc3vWEiWx8OWZUrL3Llz1bhx4zxd8VdEpf1dBgAAAAAASs/evXvl5+dn07I5e0msWbOm1d4QU1JSlJycrNtuu61E9SO1+ZsICQkxfsxOS0szWodK2UGhOfw1v87Z+snauqgYzN165+Tv72/x42ZkZKSCg4NLNC5wfsqjS8nKJi4uTmvXrrU4NufOnVNISEiB67i7u6tr167lFjT93Y57Yd1Bh4aGlkOtbLdhwwZNmzZN6enpysjI0A8//FCslqp/F88++6yCgoLy/de1a1cj/N2xY0eeVstbtmwp9esscCvr2rWrRWtbW3l7e5d6+Hvs2DEdOXKkyL39AAAAAAAAlJVq1aqVOPyVKmgX0Ch9uX+gTklJMf7Ob4zDnD9eW1sXFVv79u0VGxtrBPynTp1SeHi4evfuXc41Q26RkZHy8PAwut8NDw9XbGxsOdcKOVnrDrqgsWIrih49eujMmTMaMWKE7Ozs1LRpUz355JPlXa1bUlxcnLZs2aKjR4/m20o4MjJSR48ela+vr7p06UJrYEDSoEGDFBISYjEkQ1RUlEwmk/F3Tt7e3ho0aFCp1uGdd95RTEyMXnnlFVWrVq1UywYAAAAAAKhoihwAe3p6GmN/FmUdlK+2bdtq586dxmt/f3+Lv3fs2GEEGo6OjvL19bVpXVR8/fr1kyQjBC6toOq2227TqlWrSqWsv6OePXvmCY9ynltdu3bN09V6RbmWlnQ82ltZQSFwu3btyrFWhXNyctLIkSPLuxq3vJxDIliTlpZm9KYxcOBAi+9UlJ7c11EnJyfj7/xauOecZm1dlD5nZ2cFBQUpPDzcuOeMjY3N86CTo6Oj2rdvX+otfyXpzTffLPUyAQAAAAAAbFG/fn3jbxcXlzLZZpHHAEbFUtQx2MzL5/5h7dy5c4qIiJCUHWTkDp5yrptz7EOUjps9xltqaqrCw8MVFxenfv36cfxuIsbrqxjK8pzy9/cn4LuFlOSzsWbNGoshE2xR0BjfKBjX0YqvJMcoNTVVUVFROnfunBEAe3p6ysvLS02bNuUeJQfOBQAAAAAAKq6ijAFcHugC+m/EWmsKLy8vo6VoUddFxefs7Ey3z0Ap4pz6eyrO2L75jRsN/J05OzvL39+fHmUAAAAAAABuIgJgAAAAGzz77LPlXQUAAAAAAAAAKJRdeVcAAAAAAAAAAAAAAFA6CIABAAAAAAAAAAAAoJIgAAYAAAAAAAAAAACASoIAGAAAAAAAAAAAAAAqCQJgAAAAAAAAAAAAAKgkCIABAAAAAAAAAAAAoJIgAAYAAAAAAAAAAACASoIAGAAAAAAAAAAAAAAqCdPq1auzyrsSAAAAAAAAAAAAAICSs09Lu1redQAAAAAAAAAAAAAAFEOVKlXk6OioGjVqyNW1puxdXV3Lu04AAAAAAAAAAAAAgGKoUqWKHBwcVK2as6pWrSr72rVrlXedAAAAAAAAAAAAAADFYGdnJzs7O1WtWlWOjo6yd3OjBTAAAAAAAAAAAAAA3IpMJpMkk6pUsZO9vb3snZycy7tOAAAAAAAAAAAAAIBiMpmyg2CTySR7e/sq5V0fAAAAAAAAAAAAAEApsCvvCgAAAAAAAAAAAAAASgcBMAAAAAAAAAAAAABUEgTAAAAAAAAAAAAAAFBJEAADAAAAAAAAAAAAQCVBAAwAAAAAAAAAAAAAlQQBMAAAAAAAAAAAAABUEgTAAAAAAAAAAAAAAFBJEAADAAAAAAAAAAAAQCVBAAacxu8AACAASURBVAwAAAAAAAAAAAAAlQQBMAAAAAAAAAAAAABUEgTAAAAAAAAAAAAAAFBJEAADAAAAAAAAAAAAQCVBAAwAAAAAAAAAAAAAlQQBMAAAAAAAAAAAAABUEgTAAAAAAAAAAAAAAFBJEAADAAAAAAAAAAAAQCVBAAwAAAAAAAAAAAAAlQQBMAAAAAAAAAAAAABUEgTAAAAAAAAAAAAAAFBJEAADAAAAAAAAAAAAQCVBAAwAAAAAAAAAAAAAlQQBMAAAAAAAAAAAAABUEgTAAAAAAAAAAAAAAFBJEAADAAAAAAAAAAAAQCVBAAwAAAAAAAAAAAAAlQQBMAAAAAAAAAAAAABUEgTAAAAAAAAAAAAAAFBJEAADAAAAAAAAAAAAQCVhX94VQPm5fi1NmzaulCT17N1fVR2dyrlGAAAAAAAAAAAAAEqiQgbAycnJ2rLlB/3yy2GdOROjxMQkmUwm1arlrsaNfRQQ4K/WrVvK3r5CVv+W8fvvx1W3Xn3j76a+/yjnGgEAAAAAAAAAAAAoiQqXoG7Z8oM++yxEqalpeeadP39B589fUETELnXq1EEjRvyrHGpYdEOGDNeVK3GSpEaNbteHH04v5xplOx51UG3ad5UkRe7dTgAMAAAA4P/Yu8/wqMr8/+OfmWTSK0lIowUIEGpApAgoIIKCCrqo2BVxF9CfggWwre5aFgXUVVGXFcW/LEVQpIkgRZFO6BAEEkJCekJ6b/N/EBkzJIFAgMTx/bquXJf3mXPO/T1nzvjkw/c+AAAAAADgD65RBcBLlizTokVLq223t7eXyWRvFQqXlpZezdJsTsaZVElSYGAzSVJJSYkyzqSqiU/ThiwLAAAAAAAAAAAAQD00mgD44MHD1cLfzp076r777lJoaFsZjUbl5xfoyJFIrV27XpKhYQq1EUcjD6hDx987fjt0DNfRyAPqN+CmBqwKAAAAAAAAAAAAQH00mgB4wYIlVuPw8K564YVnrd7z6+rqol69eqpXr55KS0u3bD9+/IReeOE1y/iBB+5Rv359tWDB1zp48LCys3M0efIT6t//Oss+u3fv1caNPysqKlo5OTkymUwKDg5S797X6pZbbpKzs7NVPUlJyfrhh/U6dSpWKSmpys8vUFFRkZycHOXv76+uXTtp+PBh8vX1sRzz+uvTtX//IavznDoVp7/85X7L+MYbB2rixMct48zMTK1Z86P27TuglJRUFReXyMPDXWFhHTRixFC1b9/uYm9tNSXFRYo/fVLdwntbtrVo0VoH9+9USXGRHByd6j0HAAAAAAAAAAAAgKuvUQTA6elndOJElNW2ceMetgp/z+Xn51vrZ6mp6Zo69RXl5ORatpnNZklSSUmp3nvvI+3aFWF1TFlZuaKiTioq6qQ2bfpZL788Vf7+vy+HHBMTq1Wr1lSbq6CgUDExpxQTc0rr12/Sq6++oDZtWp//gmuxf/9BvfvuR8rPz7fanpGRqa1bt2vr1u0aM2a07rrrjjqfc9OGVYo/fbLa9q7hveTm7mEZu7l7qE3bMC1eOKfavs1btNHAwSMu4koAAAAAAAAAAAAANIRGEQCfG/62bNlcgYEBl3y+des21LC1csnouXO/tAp/Q0JaqVu3zsrOztHmzVtVXl6uxMRkTZ8+SzNmvGkVQjs7OyksrIN8fZvIw8ND5eXlSkhIUkTEXlVUVCg/v0CffDJXM2e+KUkKC+sgJycn7d17QCUlJZIqu5i7dOlkOWebNiGSpISERL3zzvsqLi6WJJlMJvXr10fe3l7as2ef4uLiJUmLFi1VYGCA+vfvW6d7kZKcoCHD7rS86/d8ru19va7tfb3VtrjYKG3bUtP9BAAAAAAAAAAAANDYNIoAODs7x2pctfP2UnXr1kUPPXSfAgP9lZqaJpPJpKSkZG3Y8JNln+7du+nFF5+T0Wi0HPP++7MlSXFx8dq6dYduuKG/pMolqefN+0+NXclLliyzvL84JuaUkpNTFBDgr9GjR0mSHn/8SWVkVAbAfn6+ev75SdXO8c03yy3hr8Fg0GuvvagOHSqXe77nnr9oypSXLSHwwoVL6hwAD735Dq37YZl69hqgtqEd63TMWVEnIhWx6xcNvbnuHccAAAAAAAAAAAAAGk6jCICrM9TraC8vL02dOlmOjo6SpObNK7tfV69ea1kKWpJatWqhiIi9v896zrR79+63BMAuLs46fDhS69dvUlTUSWVkZFoC23MlJiYpIMD/omres2e/5b99fX2Uk5Nj1akcEBBgCYCTk1OUkJCo4OCgC563iU9TDb35Dm3bsl6ZGenVOnxrs3vnZqUkx2vozXeoiU/9A3kAAAAAAAAAAAAAV16jCIA9PT2sxikpKfU6X8+e3S3hb1WpqWlW42XLVp73PGlp6Vb7zp+/qE7zFxQU1mm/s/LzC5SXl2c179tvv3fB2uoSAEtnQ+A7te6Hb7X1lx/Vb8BN591/6y8/KjMjTUNvvlMOjk51mgMAAAAAAAAAAABAw2sUAXBoaFurcVxcvGUZ5Uvh6+tzOcqydPhmZ+dYlniWJDc3N40Z8xe1aNFcJpO9du/eq2+/XVHlSLOutLPvFK4rB0cn3TryPn0174MLBsAno4/qwUeeqk95AAAAAAAAAAAAABpAowiAfX19FBraVidOREmSzGazPv/8K02dOll2dnY1HpOefqbWoNfevuZj/Px8rcZTpz6jXr2uuWB9UVHRKisrs4xHjhyhW24ZahlXXb65JoZz15Y+h6uri1xdXZWfny9JCglppZkz37xgXRerpLhIJlP1zuhzmUyOKikuovsXAAAAAAAAAAAA+IMxNnQBZ913311W4z179unNN2coKuqk5b29xcXF2rfvgN56a4b+3/9beNFz9OjRzWr83Xcra+ykzc7O0bffLldU1ElJUllZudXnhYW/L/GclZWt9es3nXdeBweHKvvnqKKi4ry1xcSc0q5de6rtYzabdfhwpBYv/ua889UmOTle3k0u3B3t3cRHycnxlzQHAAAAAAAAAAAAgIbTKDqAJalr184aM2a01VLLBw4c0oEDh+Tg4CAHBwfl5+dbwuB+/fpc9BxBQYEaPPgGbdz4syTp2LETeuKJZ3TttdfIw8NdeXl5OnUqTseOnVBFRYXatGktSWrTJkRGo9ES3K5YsVrZ2TlydnbW1q3blZWVfcF5k5KSJUlZWVl67rkXFRAQIINBuvPO29WmTWvdddcd2rVrj2XZ6bffflc9eoSrZcsWkqTU1FRFRv6qzMwsdejQTvfc85eLvv7MzHQFBDazjJOS4rVj63pJUp9+QxT422cBgc2UmZmuFi3b1ngeAAAAAAAAAAAAAI1TowmAJemuu+6Qt7eX5s2br8LCIsv2kpKSap26JpPpkuZ4/PFHlZ9foJ07d0uSMjIytXbt+hr3Pbt0s6+vj4YPH6ZVq9ZIquwI3rDhJ0sdN9440DKuycCBA7Rnzz7LODb2tGJjT0uSBg26XpIUHBykKVMm6d13P7IsBb13737t3Vt9eekLLSldm+SkeHUN76OS4iId2L9L0VFHdV3/GyVJP29crTZtw9QtvJea+jfTwf071C38kqYBAAAAAAAAAAAA0EAaVQAsSUOGDFKfPtdqw4afdeDAIcXFnVZeXp4kydvbW23ahKh3757q27f3JZ3fwcGkKVMmae/e/dq0abNOnIhWVla2jEajvL291KSJt9q2ba1rrumujh07WI575JH71bSpn9auXa+UlFQ5OzspLKyDxoz5i06ePHXeAPi663qroGCcfvhhvRISEmtcdlqSwsO76oMPZmjt2vXav/+g4uMTVVxcLHd3N3l5eSooKFCdO3dUr149L+naU1MSVZCfqx1b18vL21d3jn7Y8p7fgIBm2rplvVavXKSu4b2VmpJ4SXMAAAAAAAAAAAAAaDiGU6d+NTd0Ebg6DuzfoeSkeIV1DK91eee42CgdjdyvgMBm6hZ+8ctsAwAAAAAAAAAAAGg4BMAAAAAAAAAAAAAAYCOMDV0AAAAAAAAAAAAAAODyIAAGAAAAAAAAAAAAABtBAAwAAAAAAAAAAAAANoIAGAAAAAAAAAAAAABsBAEwAAAAAAAAAAAAANgIAmAAAAAAAAAAAAAAsBEEwAAAAAAAAAAAAABgIwiAAQAAAAAAAAAAAMBGEAADAAAAAAAAAAAAgI0gAAYAAAAAAAAAAAAAG0EADAAAAAAAAAAAAAA2wmA2m80NXQQAAAAAAAAAAAAAoP7oAAYAAAAAAAAAAAAAG0EADAAAAAAAAAAAAAA2ggAYAAAAAAAAAAAAAGwEATAAAAAAAAAAAAAA2AgCYAAAAAAAAAAAAACwEQTAAAAAAAAAAAAAAGAjCIABAAAAAAAAAAAAwEYQAAMAAAAAAAAAAACAjSAABgAAAAAAAAAAAAAbQQAMAAAAAAAAAAAAADaCABgAAAAAAAAAAAAAbAQBMAAAAAAAAAAAAADYCAJgAAAAAAAAAAAAALARBMAAAAAAAAAAAAAAYCMIgAEAAAAAAAAAAADARhAAAwAAAAAAAAAAAICNIAAGAAAAAAAAAAAAABtBAAwAAAAAAAAAAAAANoIAGAAAAAAAAAAAAABsBAEwAAAAAAAAAAAAANiIP2QA/MOxM2r2+tY67Tvt+2g9sODIFa6ofhbtT1HnmTsv+fiisgoZnt+oqPTCOu1/MffvajhfPYv3p6jPhxHKLCy7ylUBAAAAAAAAAAAAfzyNIgDeEZsjw/MblVXHkK+jv6veuLl1nfYd2clXD/cMrE95l2RLTLYMz2/U2K+PXvG5TEaDPhzVTn5upjrtfzH3r+f7uzVvd1J9yrvken6KztR/diRq3ePd5e1sf0VrqOrs83juX//Zey547KrIdLV6c9sVr/FqzQMAAAAAAAAAAIA/lquXql1GLbyc9Mi1dQt1+7b0vMLV1GzOjgQ1cbbX4v0peu/2UHk6XblbbWc06Ml+zeq8/8Xcv7ooLTfLZGe45ONrq2dgG28NbONdn9LqJfnv/eVZJXg2Gi79GqsqrzDLYDDIeHlO94evAwAAAAAAAAAAAJdPowyAJy0/ocScYjnZG3UwKU95JeV65vrmmnhdZcj5w7EzGvf1r4p/pZ8kqcIsfbItXh9vi1dcVrGauNjr5SEherx3kKZ9H634rCLNv6+TJCk1r0STlp/QxqhMGQzSsHZN9O7t7dTEpeZbkZiYqKCgIJnNZqWkpCggIOCC9WcWlmnJwVTNvTtMT313TF/tSbYKaLfHZuuJb48p6kyhuga66ZYOPlbHh7+7S3d1a6ofj2doZ1yO2vu5aMH9nbT7dI5eXRujzMJSPdAjQB/d0V4GQ+US0M4v/KQTU/uqra/zRd+/DScy9fyqE4rJKJLRUNmR+8sT12jS8hM6nJynqd9H6Y0Np9Q9yE1LHuqi8Hd3aVj7JtoZl6OU3BL9c1hr9W3lqceXHFXE6VyVlFeoc4Cb3r09VL1beFiua8OJTP197UlFpuTL3mjQnV389J/RHarVU1pu1uvrY/TVnmRlF5WpR7C73h/ZTp0DXC33Z3iYj3afzlFSTokMBunjO9trQIhXjd9Henq6PDw85ODgYPk+68LR3ign++pN8iXlZv3fsmP67kiaissq5O1s0pu3tFGfFh7669JflZZfqrbTt0uSvrgnTF0C3OT9981697ZQzd+brDP5pdrxVM/K7uoxYRoS2kSSFJ9drOZvbFXmP6+Xl7N9rc/1jW29a5znWGqB5kUkacsT11hqHbfkqNwc7PX+yFBlFZbVWMfXB1L0ybYExWcXy8vZXmPC/fXWLW3qFeoDAAAAAAAAAACgYTTKAFiSVkam65cnrlHPZu46nlag8Hd3aWg7H7X1da62779/Oa33Nsfp6we7qFcLD6Xnlyguq7jG89791WF5O9vr1yl9VG426/7/HdGDC49o9WPdatz/nXfe0ZAhQzR8+HCNHz9e//rXvxQWFnbe2r+MSJKbg51Gd22qnXHZmrMjwRIAZxSUafhnB/T6za01oW+wDiTl6da5B9TExXr55s93JWrpQ13Uoamr/rb0V93+xUHd0NpL+5/ppbT8UvX9cLeGtffR7Z18633/Hlx4RG/d0kaPXBuosgqztsdmS5LeHxmqLTFZerJfs2odut8cStMvE69RoIeDJCkuq0h/6xOspQ81kcnOqLc3xeqOeQcV/cJ1cjYZFRGfqxFz9+vzezpqdNemKis3a9fp7Bprf2N9jBbtT9Hax8PV0ttJr68/pZvm7NOxKX3l4WQnSfrucJp+nnCN/NxM+jIiSQ8sOKLYl/rVeL74+Hh99NFHmjlzpn788UclJiZqypQpsrOzq+0rPK95u5O063SOjk3pKy9neyXnliizsEytfZw1Z3QHPbnsuKKm9bXsf3Zp880nM7X9/3rKoY7Bam3PdW3zHEstqNN5z60jwN1Rqx7rptZNnHUsrUC3fX5AzTwd9fSA5nW9JQAAAAAAAAAAAGgkGsU7gGsyrH0T9WzmLklq5+eiUD8X7YnPqXHfD7ee1qtDQ9SnpYeMBqmpm4Pl2KpOninUzyez9O9R7eTlbC8fF5Nm3Raq7389o6SckhrP/dprr2nZsmWaM2eOpk+frhdffFE///zzeWv/744E3d8jQA52Bj3WK0iHkvMtoeqyw6kKcHfQk/2ayc5oUI9gd43tVb0j9W99gtU92F3OJqMe7hmo6DOFmnVbqLyc7RXq66yb2lV2wF6O++dob9SvaQWKzy6WvdFQaydtVeN6BVnCX6lyGedRnf3k6mAnBzuDXhnSSvkl5Tqami9J+nhbvO7q5q/7uvvLwc4gFwdjrcs7f7E7SS8PCVE7Pxc52hv1j6EhkqTVR9Mt+/y1T7Dlnce3d/JTXFaxUnJr/g7Dw8M1atQoPf7447r++utlNBo1efJk5efnn/ca2/xrm3xf3Wz5m/Z99G/3y6DsojLtT8xVSblZAe4OCmvqcsF7NnVQqzqHv1Ldn+uLdW4dd3drqjY+zjIYpA5NXTTxumbaEJVZ73kAAAAAAAAAAABw9TXaDmBfV+uOWGeTUbnF5dX2M5uluMwitfO7cAB3+reAs4WXk2Vbm986Yk9nFVkFmmd5eXnpueee01//+lfdeuutuueee/Tvf/9bN9xwQ41z/BKTpcjUAi18oLMkqWugm3o2c9d/tieob0tPxWcXV+vCbetTvSs3yNPR8t+uDnZydTDKq8r7aF0dar4fZ9X1/knSike76o0NpxT+7k41cTHp8d7Ben5gi1rPLUnBVeqTpNzicr3wfbTWn8hQfkm57AwG5ZeUKy2vVJJ0KqNIg9pe+H2+ZrOUkFOsNlXuiZ3RoJbeTjqdVVTj9TmbjJYa/GvJR0eMGKHNmzdrwYIFevrpp3Xffffpl19+0c0331xrLb88cY08qry72c2hsmP4gR4BSs0r1TMrTuhEeqEGt/XW2yPaqsMFQuBz79n5XMxzfbHOrWP10TOa+XOsTp4plCTll5Qr1PfyzwsAAAAAAAAAAIArr9EGwHVlMEgtvJ10Iq3wgp2rzT0dVVZhVnx2sZr9FoKdDb2aVwmFq9q2bZveeecdzZ49W+vXr9fGjRs1Z86cWuf4z/YESdLQOfst23KLy3QkOV/vj2ynZp6OWhVp3amaXEvn6tXSJdBNix/oLLNZ2habrVs+269uQW4a2q6JjLU0rBrO2f7KDyd1Ir1AW564xhLOer+yWWaZJUmtmjjpRNqFlyg2GKRgD0fFZBSqXytPSZXveI7NLKr1O7qQoqIivfzyy3J3d9cDDzygcePG6aGHHjpv+CtJQR6OVqH7WXZGg54f2ELPD2yhzMIyPbfyhMZ+HaltT/aU8dwbc861VeXmaKei0grLOD2/1Grf8z3XNc1z7vnOntPNwfoaqh6alleqUfMO6rtHuuqWDj4yGqT3fzmtRftTar0OAAAAAAAAAAAANF6Ndgnoi/HEdc30zx9jtCsuR2ZzZai1Jz632n6tfZx1fYiXnllxQtlFZcooKNNzK6N0S3ufGrt/JenHH3/U7Nmz1bFjRx06dEhz5syRr2/N793NKCjTN4fSNPuOdtr/TC/L39EpfeRkMuqrPcka1dlPJ9ILtP5EhqTKgO6zXYmX72ZcpJJys+bvTVZWYZkMBsnfzUH2RoPsf0t+Az0cdawOwW1mYalaeTtZwt//7EhQVlGZ5fMJfYP19YEULdqfopJyswpKKvTzyawaz/XItYF6a8MpRZ8pVHFZhf6x7qTMZmlEWM33/UL279+vjh076tVXX9VPP/2kp556SqNHj77gccVlFSqq8ldcVhmu/hSdqQOJeSqvMMvd0U6eTvZV7peD0vIr3wl8IT2buWtlZOWy1mUVZs38Kdbq8/M91zXN0yPYXZEp+YrJqOyU3peQq7XHMs5bQ15JuSrMZoUHuclokM4UlOqznQ33PAIAAAAAAAAAAKB+/vAdwJI0+foWsjMa9PCiSJ3OLpKPi0mvDAnRNTW8L3Xxg501ecUJtXt7uwwyaGi7Jnr39tBaz/3KK6/IaKzMyWfMmGH575p8GZEkL2d7jesdXO1dr+P7Bus/OxL0f/2bafVj4Zq0/LhetYuRl7O97u/ur28OpV3i1deP2WzW/D3Jmrz8hEorKtTExaSpg1pq8G/LNU8Z1FLjvj6qT7cnqGdzd/341+41nufVm0L08KJI9Xhvl1wd7HRrR1+18Pp9qeFrm3to+aPd9Pe1J/W3pb/K0d6ov3RpqhtaV+9ufXlIiMorzLrx033KLipT92B3rftruDyc7C7pGnv16qU+ffpIkh588MHzfodVBfxzi9W4pZeTTr10nRJzSjTx22OKzy6Wo51RPZq56793hUmSuge7a0y4v0Knb1NZhVnfPNS1xudQkt4a3kYPL4pUl1k75efqoJGdfPW/fb933p7vua5pnhtDvfXW8DYaOmefAtwd1KqJs24N8znvNYY0cdL04W016NO98nN1kLeLvUZ28uUdwAAAAAAAAAAAAH9QBrPZbG7oIgAAAAAAAAAAAAAA9WcTS0ADAAAAAAAAAAAAAAiAAQAAAAAAAAAAAMBmEAADAAAAAAAAAAAAgI0gAAYAAAAAAAAAAAAAG0EADAAAAAAAAAAAAAA2ggAYAAAAAAAAAAAAAGwEATAAAAAAAAAAAAAA2AgCYAAAAAAAAAAAAACwEQTAAAAAAAAAAAAAAGAjCIABAAAAAAAAAAAAwEYQAAMAAAAAAAAAAACAjSAABgAAAAAAAAAAAAAbQQAMAAAAAAAAAAAAADaCABgAAAAAAAAAAAAAbAQBMAAAAAAAAAAAAADYCAJgAAAAAAAAAAAAALARBMAAAAAAAAAAAAAAYCMIgAEAAAAAAAAAAADARhAAAwAAAAAAAAAAAICNIAAGAAAAAAAAAAAAABtBAAwAAAAAAAAAAAAANoIAGAAAAAAAAAAAAABshH1DF1CT3NxcLV++XDt27FB0dLSys7NlMBjk5+enjh07auDAgRo8eLDs7Rtl+fX25JNPaseOHZIkk8mk7du3N3BF9fP6669r+fLllvEPP/wgX1/fqzb/n/15uhJmzpypRYsWWcbTpk3T6NGjq+03YcIE7d692zL+7LPPFB4ebhn37dtXpaWlkqQ+ffroo48+snxma78DAAAAAAAAAACAq6HRJV7Lly/XrFmzVFBQUO2z+Ph4xcfHa926dRoxYoT+8Y9/NECF+CPheQIAAAAAAAAAAMCfSaMKgD/77DN9+umn1bbb29vLwcHBKsQrKSm5mqXhD4jnCQAAAAAAAAAAAH82jSYA3rVrV7WwrmfPnpo4caI6d+4so9GovLw8RUREaOnSpTIYDA1U6ZU3a9YslZeXS5JNX+eVxPP0x7Bx40aZzWZJkp2dndVn/A4AAAAAAAAAAAAuXqMJgD/++GOrcd++ffXee+9ZvZfVzc1NAwcO1MCBA5WcnGzZfujQIT366KOW8ZNPPqlhw4Zp9uzZ2rlzpzIzM/Xmm29q2LBhln02b96sFStW6MiRI8rMzJSDg4NatWqlwYMH6+6775aLi4tVPadPn9aSJUt0/PhxJSQkKDc3VwUFBXJ2dlazZs3Uq1cvjRkzRv7+/jVeX3Z2tr799ltt3bpVJ0+eVEFBgTw8PBQcHKyePXvqsccek5OTkyTp2WefveC7TyMjI/X1119r//79SktLkyT5+voqPDxcd911lzp37lztmHPftzpz5kx9+eWXWrNmjZKTk+Xl5aUbb7xREydOlKura43XUZvS0lLNnz9fK1euVFJSkry9vTVo0CCNHz++TscfP35cX3/9tfbs2aO0tDSZzWYFBASob9++euCBBxQQEHBR9dTneVq7dq1eeukly/if//ynhg8fbhkvXrxYM2bMsIxnz56t3r17S7q4Z7G4uFhLlizRhg0bdOrUKcvz5OnpqZYtW6pDhw668847q117amqqFi9erG3btikxMVHFxcXy8vJShw4ddOutt+rGG2+sFphe6lxX2uDBg2t9B/CV+h0AAAAAAAAAAADYskYRAKekpOjw4cNW26ZMmWIV1p3rfEFVUlKSHnzwQWVlZVm2ne0yLCkp0YsvvqiffvrJ6piysjJFRkYqMjJSK1as0Icffqjg4GDL58eOHdOCBQuqzZWfn69jx47p2LFjWrZsmT755BOFhYVZ7bN3715NnTpVmZmZVtszMjKUkZGhQ4cOafTo0ZYA+ELmzJmjOXPmVNuekJCghIQErV69Wo899pgmTJhQ6zny8vI0btw4/frrr5Zt6enpWrx4saKjo/XJJ5/UueuyrKxMkydPtoR1knVIGRISct7j582bp9mzZ1u+o7NiY2MVGxurFStW6F//+pf69etXp3ou9/NUn+7T2p7FiooKPf3004qIiLDaPy8vT3l5eUpISNC2bdvUpUsXq9q2bNmil156Sfn5+VbHpaena8uWLdqyZYv69u2rGTNmWJ6nS52rxC8ZvgAAIABJREFUsbscvwMAAAAAAAAAAABb0ygC4HPDurZt26p58+aXfL5vvvmm1s/eeecdq/C3ffv26t27tzIyMrRmzRqVl5crLi5OzzzzjP73v/9ZhYYuLi7q3r27/P395e3trbKyMsXGxmrz5s2qqKhQXl6e3njjDf3vf/+zHBMfH69JkyZZvW/W1dVVoaGhsrOzU3R0tFU4eCGrVq2yCr2MRqM6deokg8GgI0eOWJbMnTt3rgIDAzVq1Kgaz3P2njs6OsrFxcUqnI6IiNDu3bvVq1evOtW0YMECq/DXYDAoNDRUpaWliomJ0enTp2s9ds2aNVZdnz4+PrrpppskST/88IOysrJUUFCgadOmaeHChWrWrNkF67ncz1N9AuDansW9e/daBbI9e/ZU165dVVRUpKSkJB05ckSpqalWx8TExGjq1KkqLi62bAsJCZGfn5+OHDliCYW3b9+uN998U6+//volz3Wxpk+frunTp9frHBfjcv0OAAAAAAAAAAAAbE2jCIAzMjKsxlU7by9V7969NWnSJDVv3lyJiYlycHDQ6dOntXz5css+1113nd5//30ZjUZJlUvQvvzyy5Kk6OhorVu3zrL0b9++fbVx48Yau0g/++wzy/tmjx07pvj4eEtQ+dlnn1mFv9ddd51ef/11eXp6Sqrszvz555/l7Ox8wWsym83Vljb+4IMP1KdPH0mVwe2ECRMsnbSffvqpbr/9dsv1nevmm2/Wq6++KpPJpI8++kjz5s2zfBYREVGnANhsNlfrjJ45c6ZuuOEGSdLy5cstQWRNx86ePdsy9vPz08KFC+Xl5SVJGjNmjO6++26VlJSosLBQX3zxhV555ZUL1nS5n6f6vn+2pmdx3759ls89PT2rva9Yko4cOaImTZpYxnPnzrUKf6t2t6akpGjs2LFKSUmRVBmsjx07ViEhIUpKSrrouRqzy/07AAAAAAAAAAAAsCWNIgA+V30DNx8fH82aNcuyBG7r1q0lSYsWLbJaZjg0NFSbN2+udd6tW7daAmBXV1dFRETou+++05EjR5SWlqaioqIa54+NjbUEwFXPbzKZ9Nprr1nCX6myc3HQoEF1uq6oqCirTs0+ffpYQi+psrOzb9++2rZtm6TKZYGPHz+uDh06VDuXk5OTpkyZIpPJJEm67bbbrALg9PT0OtUUGxtrtW/37t0t4a8kjRw5UvPnz1dMTEyN11P13bvt27fX/v37rfZp2rSp4uPjJVV+H5eivs9TfdT2LJ4NaqXK90M//fTT6tGjh1q1aqXWrVurefPm6tSpk9W5ql6/q6urxo4daxn7+/vr7rvv1ocffmi1f0hIiIKCgi56rsbscv4OAAAAAAAAAAAAbE2jCIDP7Tw8G/hdqgEDBtT4Pt3ExESr8Zdffnne81TtnPzyyy+twrXzObsUb15ennJycizbW7RoUa8uy3PrPxsmVtWmTRtL8CVVXkNNwVerVq3k4eFhGbu5uVl9XlJSUqeaqgaZZ+evqaaaAuBzr+fsO2xrk56ertLSUktoXZvL/TzVR23PYrdu3RQWFqajR49Kqgxrqwa8Pj4+uu222/T444/L0dFReXl5ys3NtXzerFkzOTo6Wp3z3Ht/Nly/2LkuxbPPPquRI0dW2z558mTt2bPnks5Zm8v5OwAAAAAAAAAAALA1jWJN1M6dO1uNo6Oj6xXaBQQE1LckSVJhYaEkKTMzU5988ollu4eHh6ZMmaI5c+boiy++0KOPPmp1XNUu4yupps7Wus59dpnls+zs7C5LTTW5nPejtq7rqi7381RRUWE1PneJ6fOp7Vm0t7fXhx9+qPvvv7/Gfc6cOaN58+bpgw8+qPH4i+lqru9cdWEymeTi4lLt72osu1yf3wEAAAAAAAAAAICtaRQdwP7+/urcubMOHz4sqTK8mTlzpmbNmlVrMJmSkiJ/f/8aP6vpPb2SFBgYaDWeNWuW1XLFtTly5IjKysos44ceekh33323ZVxb16qbm5s8PDwsXcBxcXHKyMi45C7gqkv5SpXB5rlOnjxpNT73mi+3c7+Dc+evbZtUvbb77rtPzzzzzGWpqT7P07kdxlW7uCXp4MGDda6ltmdRqgzhJ0+erMmTJysjI0OxsbGKjo7W/PnzLYH16tWr9fzzz8vNzU3u7u6WLuDTp0+ruLjYqmP33Oehath7MXM1do3xdwAAAAAAAAAAANBYNIoOYEmaOHGi1XjLli166qmnFBkZaenmKyoq0rZt2zRp0iT9+9//vug5+vXrZzX+8ssvVVxcXG2/zMxMffHFF4qMjJQkq/BX+n2JZ6myG3TZsmW1zjlgwADLf5eWluq1115Tdna2ZVtFRYV++OGHaiFjTdq2baumTZtaxjt27NCOHTss44iICG3fvt0y9vX1Vbt27S543vpo2bKlfH19LeO9e/daBeKrVq2qcflnqfIdzFUD5NWrVyshIaHafkVFRfr++++1evXqOtdVn+fJx8fH6ti1a9daOo9XrFih3bt317mO2qSkpOjAgQOWcZMmTdS9e3eNHj1aQ4cOtWzPy8uzdKJXfX7z8/P1+eefW53v66+/tprj7P6XMldj1hh/BwAAAAAAAAAAAI1Fo+gAlqRevXpp/Pjx+vTTTy3bdu7cqZ07d8rR0VGOjo7Kzc21hHc33XTTRc/RokUL3X777VqxYoWkyk7OUaNG6YYbbpCXl5dycnJ0/PhxHTx4UBUVFerYsaMkKSwsTEaj0bIU8FdffaWMjAy5urpq3bp1510SeNy4cdq4caMlWNu2bZtuv/12tWvXTnZ2djp58qQyMjK0evVqq3fy1sRgMGjChAn6xz/+Ydn21FNPqXPnzjIYDDp8+LDV0rfjx4+/4kvwGgwG3XvvvVbvR548ebLatWunsrKyGrszqx47ceJEvfrqq5Kk7Oxs3XPPPRo0aJCCg4NVVFSkmJgY7du3TwUFBRo7dmyd66rP89ShQwe5ubkpLy9PUuVzctNNN8nR0VFZWVl1ruF8kpKSNG7cOPn7+yssLExNmzaVh4eHkpOTtXbtWst+/v7+cnZ2liQ99thj2rRpk+UfLcydO1cbN26Un5+fjhw5YvUPE26++WaFhIRc8lyNWWP8HQAAAAAAAAAAADQWjSYAlirDUl9fX7377rsqKCiwbC8uLq7Wqevg4HBJc0ybNk25ubnatGmTJCktLU1Lly6tcd+z7xb19/fXmDFjtGDBAkmVHcHLly+31DFy5EjL+FzNmzfXe++9p2nTplnCw/z8fO3bt++S6r/tttuUmJio//73v5IqO4hrWpJ47NixGjVq1CXNcbHuv/9+7dy5U7t27ZJUueTysWPHJElNmzZVSEiIdu7cWeOxI0aMUFpamj7++GNVVFSoqKhIa9asqXHfi3nvrXTpz5Ojo6MeffRRq1C7sLBQhYWFcnV1Vf/+/a2C0/pISUlRSkpKjZ8ZjUZNnjzZMg4JCdH06dP10ksvWa4nJiamWod137599fLLL9drrsauMf4OAAAAAAAAAAAAGoNGFQBL0qhRozR48GAtX75cO3bsUHR0tGXJZD8/P4WFhWnQoEEaMmTIJZ3fwcFBM2bM0NatW7Vy5UodPnxYGRkZMhqN8vX1lZ+fnzp16qQBAwaoe/fuluMmT56soKAgLV26VPHx8XJ1dVX37t01fvx4HT16tNYAWJJ69uyppUuX6ptvvtHWrVsVExOjgoICubu7KygoSL169ZKnp2edr+Fvf/ub+vfvryVLlmjfvn1KS0uTVLnUbffu3XXXXXepc+fOl3R/LoW9vb3ef/99ffXVV1q5cqWSk5Pl5eWl/v37a8KECfr444/Pe/wjjzyi/v37a+nSpdqzZ4+Sk5NVWloqHx8f+fr6KjQ0VH369FH//v0vurZLfZ4efvhhubq6avHixTp9+rTc3NzUp08fjR8/Xlu3bq13ANy6dWs999xzOnz4sE6cOKGMjAzl5OTI3t5efn5+Cg8P1z333KOwsDCr4wYMGKAlS5Zo8eLF2rZtmxISElRaWipPT0+FhYVpxIgRGjJkiFVYfqlzNbSqS6/X9C7lxvY7AAAAAAAAAAAAaAwM5qprpQJAI1BRUaFbb71Vqampkio76c/3rm0AAAAAAAAAAABUanQdwAD+vM6cOaMVK1Zo3759lvBXknr37t2AVQEAAAAAAAAAAPxxEAADaDRSUlI0e/Zsq21eXl565JFHGqgiAAAAAAAAAACAPxYCYACNkpeXl6699lpNnDhRAQEBDV0OAAAAAAAAAADAHwLvAAYAAAAAAAAAAAAAG2Fs6AIAAAAAAAAAAAAAAJcHATAAAAAAAAAAAAAA2AgCYAAAAAAAAAAAAACwEQTAAAAAAAAAAAAAAGAjCIABAAAAAAAAAAAAwEYQAAMAAAAAAAAAAACAjSAABgAAAAAAAAAAAAAbQQAMAAAAAAAAAAAAADaCABgAAAAAAAAAAAAAbAQBMAAAAAAAAAAAAADYCAJgAAAAAAAAAAAAALARBMAAAAAAAAAAAAAAYCMIgAEAAAAAAAAAAADARhAAAwAAAAAAAAAAAICNIAAGAAAAAAAAAAAAABtBAAwAAAAAAAAAAAAANoIAGAAAAAAAAAAAAABsBAEwAAAAAAAAAAAAANgIAmAAAAAAAAAAAAAAsBEEwAAAAAAAAAAAAABgIwiAAQAAAAAAAAAAAMBGEAADAAAAAAAAAAAAgI0gAAYAAAAAAAAAAAAAG2HfUBMnJCQoMjJS2dnZKi0tbagybIadnZ1MJpOcnZ3l5OTU0OUAV4W9vb2cnZ3VqlUr+fj4NHQ5AAAAAAAAAAAADc5gNpvNV3vS+Ph47d69W+Hh4QoMDCSwvAyKioqUlJSkHTt2qHfvXgoMDGjokmzWzp271bv3tQ1dBiSVlpYqJydHUVEn1blzZ/n6+jZ0SQAAAAAAAAAAAA2qQTqAIyMj1aNHD7Vs2bIhprdJTk5OCgkJkdFo1NGjRwmA8adgMpl+6/w1KDY2lgAYAAAAAAAAAAD86TXIO4BzcnIUFBTUEFPbvKCgIOXl5TV0GcBV5eXlqYKCgoYuAwAAAAAAAAAAoME1SABcWloqk8nUEFPbPJPJxDuV8adjZ2en8vLyhi4DAAAAAAAAAACgwTVIAAwAAAAAAAAAAAAAuPwIgAEAAAAAAAAAAADARhAAAwAAAAAAAAAAAICNIAAGAAAAAAAAAAAAABtBAAwAAAAAAAAAAAAANoIAGAAAAAAAAAAAAABsBAEwAAAAAAAAAAAAANgIAmBcFeEfHNSyI2ckSetOZKntjH0NXNGfwys/ntbYpVENXQYAAAAAAAAAAACuEvuGLuBqKC6r0Iyf4rRgX7JOnimUp7O9woPcNWlAc93Swaehy/vDGfn/ftWPUdnVtq96uIMGt/G84PFhTZ316o3NLON+nxzW+N7+erCH32Wt05YUlFSozcy9auJsr8OTwmUw1O24Wzt4Ka+44soWBwAAAAAAAAAAgEbD5gPgsgqzbvnsgOKzizTrtlD1aeEpezuDfo7O1JwdCTUGwKXlZpns6piw1VF5hVkGg0HGy3vaBjO+t7/eGtbCapuDXd0aypt7Ol72sPdKfGeNyZJDld3TcVnF2hidrRvbXjhol6Tezd2vZFkXZOvfCwAAAAAAAAAAQGNj8wHw/D3J2h6brcjn+yikiZNl+6jOfhrZqTKE/O5wmp5deUL3dg/Qqsh0uTrYaeuT1+jkmUI9s/KEtsdmy95o0J1dmurt4W3l4lAZdD66+KjWn8hQVmGZgj0d9cLglnq4Z6AkKauwTN5/36x3bwvV/L3JOpNfqh1P9VSAu8PVvwlXgJ3BICf7mgPfknKzXlwbqyWHzsjeaNCE3gFWn687kaWJ38Uo6vnuev77WEWmFuiV9XF6e3OiugW46H9jQrUpOkevrj+tqDNFsjca1L+Vu2YNb6VAD5Mk6fnvY5WYUyI7o3Q0rVCDWnvqnVtaXvHrbihzI1I1pquv4rKKNTci1SoAjs0s1lMrYxSRkC9JCvIw6cvRoero76xXfjythOxifT66rSRpe1yunll9SjEZxerk76Kb2npq6eEziniyqySpz8eHNKydl/Yk5Ck5t1QGg/T+ra3Ur6WHJPG9AAAAAAAAAAAANHI2HwB//+sZ3dDayyr8PavqMronM4rk4Win/c/0kiTll5Rr0Kd79XDPQC28v7MKSss1Zv5hTfs+Sh+MaidJ6tvSUzNubasmLiatO35Gd8w7pK6Bbuoe/HvX5eaTmdr+fz3l8Cfqgpz+U4J+jsnR1vFd5Otqr2lrYnUyo6jGfWcMb6ltsbnVloA22UmzRrRUeKCrcovL9bdlJzVpVYwW39fOss/KXzO1dmyY+rZo2C7XK+1gUoEiEvL079ta6XR2sR5cHKXk3FIFuFeGrq+uP63mXo5aen972RsNOp5eKC+n6j/t9PxS3fHVMf1rWAs91MNPkamFuuOrY/JytrPab+XRTK19NEx+bibN35emsUujdezZ7pL4XgAAAAAAAAAAABq7uq3Z+weWll+iYE/HC+7n6mDUszf8vqTxssNpMtkZ9c9hreVsMsrHxaQ3bm6j+XuTLfv8tU+QfF1NMhqkm9v7aGi7JtoUnWl13qmDWtlk+Ds3IlXNp++x+ssoKJMkfbUvTVOvD1YzTwc52Rv15rAWuthb0L+Vh65t5iaTnUFNXOz10qBg/RSTY7XPoNYef4qQcW5EqroGuKh7kKtuaectbxc7fbUvzfK5o71RCdklOpZWKElq7+cs/9/C4apWHs1UCy8HPdqzqeyMBnUJcNGjPasvxT22Z1P5uVUeP6KDt05nlyglt1QS3wsAAAAAAAAAAEBjZ/MdwH6uDkrILr7gfv5uDrKr8oLemIwiJecWq8M7OyzbKsxmGQ1SXnG53Bzt9O7mOM3fk6y0/FLZGQxKLyhRR39Xq/PWJXz+IxrTzUcvDWpmtc3L2V5ms5SUW6LWVTquXR3s5O92cUtf/5pWqH9uiNfB5AIVl1XIbJZyi8tVXFYhx9+Wng7ysI3ltM8nv6Rciw+m6+83Vt5rk51B93Xz0xd7UvXcgCAZDNJbw5rrrU0JunvhceWXlGtkmI/eGNpcHk7Wnb2JuSVqfs7z2KKG59PH5ff/LTibKu91Xkm5/GXiewEAAAAAAAAAAGjkbD4AHt7BRxO/PabYzCK19LZeBtps/n0ZaIPBukW1pbeTWnk76/BzvWs873eH0zTr5zht+FsPdWjqIkkaNe+gzOfsZ7C95l9JkqvJTsG1BH2B7g5KySu1jMsqzDpTWFrjvpJkrOEePbIkSre099bcv7SRs8moA0kF6vvJIav7a6v3tqqvD55RTnG53tqUoBmbEyVJxWVmZRWVaUN0toa09ZSPi0mzRrTSrBGV/3DhgcVRmrUlUf8Y0tzqXEHuDlqenWG1La4O/ziiKr4XAAAAAAAAAACAxs3ml4B+4JoA9WnpqWH/3a9VkelKyytVZmGZlh9J151fHqz1uFGd/JRbXKbX1sUot7hcZrMUl1WkVZHpkqTMwjJ5O5vU1tdZkrQvIVc/Hs+o9Xy2ptxsVlFZhdVfeUVlDPhAdz99tD1JxWUVkqRPd6Yov6Si1nMFuDvoxBnrdwRnFpYpzM9ZziajyirM+nBb0pW7mEbs84hUjenqo4gnu2r7hC7aPqGL9v5fVw1u46G5u1MlScuOnNHp34LcJi72cjYZZV9Dqn5bmLdis0r0RUSqKszSoeQCfRGRVm2/8+F7AQAAAAAAAAAAaNxsvgPY3mjQmnHd9M5PcXp+VZROZhTK08le4UHumnx981qP83Cy06bxPTTt+2i1f3u78kvK1czTUY9cG6RbO0r3dffXhhMZ6jJzp3xdTerQ1FU3t/e5ilfWsD7dmaJPd6ZYbfvPqNZ6sIefpt0QpBfWxum6Tw4pyMNRfVq4KdTHqZYzSc8MCNTE72L02e5U9Qh20aqHw/Th7SF64YdYfbwjWQ52Rt3VtYkWHEi/0pfVqBxIKtCexHx9PKq1As55p++kfkG6c/4xJeWUKiI+X1PXxCm7uFyuDkYNDfXSM/0Dq53P19Wkb+5vp+e+j9W0tXHq7O+iR67x05rjWXWuie8FAAAAAAAAAACgcTOYzeZzVy2+4hYuXKh77733ak/7p7Fw4UKNGnV7Q5dhs3bu3K3eva9t6DIui9c3xutISqEW3Rva0KXU286duzVw4MCGLgMAAAAAAAAAAKBB2fwS0AB+tz4qW2cKKt/HHBGfp//uStXdXZo0cFUAAAAAAAAAAAC4XGx+CWgAv9sdn6dx30apuMyspq4mTbkhSHd2/vMsXQ4AAAAAAAAAAGDrCICBP5EXBgbrhYHBDV0GAAAAAAAAAAAArhCWgAYAAAAAAAAAAAAAG0EADAAAAAAAAAAAAAA2ggAYAAAAAAAAAAAAAGwEATAAAAAAAAAAAAAA2AgCYAAAAAAAAAAAAACwEQTAAAAAAAAAAAAAAGAjCIABAAAAAAAAAAAAwEYQAAMAAAAAAAAAAACAjbBv6AJwZXz33YqGLsGmcX8bp4ULFzZ0CQAAAAAAAAAA4E/s3nvvbegSZDCbzeaGLgL1s2rVKuXm5jZ0GX8a7u7u3O9GyNPTU8OHD2/oMgAAAAAAAAAAABoUATAAAAAAAAAAAAAA2AjeAQwAAAAAAAAAAAAANoIAGAAAAAAAAAAAAABsBAEwAAAAAAAAAAAAANgIAmAAAAAAAAAAAAAAsBEEwAAAAAAAAAAAAABgIwiAAQAAAAAAAAAAAMBGEAADAAAAAAAAAAAAgI0gAAYAAAAAAAAAAAAAG0EADAAAAAAAAAAAAAA2ggAYAAAAAAAAAAAAAGwEATAAAAAAAAAAAAAA2AgCYAAAAAAAAAAAAACwEQTAAAAAAAAAAAAAAGAjCIABAAAAAAAAAAAAwEYQAAMAAAAAAAAAAACAjSAABgAAAAAAAAAAAAAbQQAMAAAAAAAAAAAAADaCABgAAAAAAAAAAAAAbAQBMAAAAAAAAAAAAADYCAJgAAAAAAAAAAAAALARBMAAAAAAAAAAAAAAYCMIgAEA+P/s3XmU1fV9//HXDMMuCgJhVFRkE9eoHTdq3KKgBBUV4hKjVg01CSoSFzCVmKSioqZiDFpbDS6pxQQTj0sh/Go8So9RQ1xA6wJoBYnJMQGsg2wz9/cHmZEBPKmGSPz4ePzDcO93Pt/3vV/Puefw9PO9AAAAAABQCAH4Qxg0aFDq6ury8MMPf+znXrp0aerq6lJXV5c5c+Z87Of/a/R/uR7XXHNN6urqMmrUqI9xMgAAAAAAANg8ajb3AH8NDj300Lz77rsf+PyAAQNy9913Z5dddsmyZcvSpUuXj3G6T66DDjooK1asyNVXX50jjjhik6/vegAAAAAAAEBLAnCSXXfdNcuXL0+SzJ8/P++991622mqrbL/99kmSXr16JUkmTZq02WZkQ64HAAAAAAAAtCQAJ5k8eXLzz2eeeWbmzp2b/fbbL1dddVWL4wYNGpQ//OEP+c53vpMhQ4Zk3LhxmTlzZg477LC0a9cuTz75ZGpqanLCCSfkrLPOSnX12jtsL1iwIJMnT87cuXNTX1+f7bffPsOHD8+wYcOaj1nfokWLcuWVV2bOnDmpra3NOeecs9Hjnnjiidx2221ZsGBBqqurs8cee2T06NHZcccdP/D1vvHGG7n11lvz7LPP5u23307Xrl1z5plnZsSIEUmSWbNmZcqUKZk/f36qq6vTt2/ffOUrX0ldXV2S5Cc/+UmuvvrqbLvtthk6dGgeeuihLF26NAMHDsz48eOzcuXKFjt+x44dmyQ5/PDDM3HixLz++uuZPHly5syZk/r6+vTu3TsjR47MwIEDkySvv/56hg8fniT5xje+kQceeCBvvPFG+vXrlyuuuKL5ta1/PZLkrrvuytSpU7Ns2bIcccQRqaqq2uD1f5TrAQAAAAAAAJ8Eatcm8Itf/CKtW7fOsGHDsmzZstxyyy2ZNm1akuR//ud/cvrpp+fRRx9NbW1tDj/88Lz22muZMGFCbrrppo2ut2bNmpx//vl5+umns+WWW2bAgAG57rrrNjhuxowZOe+88zJ37twMGTIkhx56aB5//PGcccYZ+c1vfrPRtRcuXJjTTjst06dPT3V1dYYOHZo+ffrktddeS5JMnz49o0ePzrPPPpu6urrssccemT17ds4999zMmjWrxVqLFy/OY489ls9//vNpbGzMzJkzc88996Rt27Y5+eSTU1Oz9v8vOOigg3LyySfnc5/7XBYuXJjTTz89jzzySPbcc8988YtfzIIFC3L++efn0Ucf3WDeH/7whxk4cGC6d++eOXPmZOLEiR94HR588MFMmjQpb731VvbZZ58sXLgwDz74YItjPsr1AAAAAAAAgE8KO4A3gT333DPjx49Psjbe3nnnnbnvvvsyYsSI3HfffVmxYkV69uyZ22+/PdXV1enXr19uuOGGTJ06NV/96lfTunXrFuvNnj07b7zxRpK1u5N79eqVxx57LGPGjGlx3F133ZUkOe6445p3CL/++ut59tlnM23atIwaNWqDWadNm5bly5enW7duueeee9KxY8fmuZPk7rvvTpIMHTo0V1xxRZJk9OjRmTVrVn70ox/loIMOal6rpqYmN910Uzp37pxly5bl/vvvz4svvpj27dvnoosuys9+9rOsWbMmQ4cObd4RfMMNN2T58uXp27dvxo0blySpVCq54447cscdd+TQQw9tMe83v/nNHHLIIendu3fGjx+fF1544QOvw09/+tMka3cGT5gwIZVKJV/+8pfz0ksvNR/zUa4HAAAAAAAAfFIIwJvAdtttt8HPb731Vos/e/Xq1Xx74T59+iRJVq5cmaVLl6Z79+4t1mv6nTZt2jR///CAAQM2OG/TcdOmTWvecdxk4cKFG521aWdw//79m+Nvkubduk1r9u3bt/m5vn37ZtasWc02IDmkAAAgAElEQVTPNenevXs6d+6cJNliiy2SJPX19Rs97/rnnzdvXovbRH/QzP3792+xftN3NW9M03w777xzkqSqqioDBgxoEYA/yvUAAAAAAACATwoBeBN49dVXU6lUUlVVlVdeeSVJUltb2+LP119/PY2Njamurs78+fOTJG3btm0OqOvq0aNHkmTVqlX5wx/+kK233jqLFy/e4Lja2tosXbo0Rx99dIYOHdriuXXj7rq22WabJMkrr7yS5cuXp0OHDknW7gCuqalpXrNpxiTNPzfN1aRVq1bNP2/su3abonKlUmkxc7I2Kl944YUtjm9sbNxgjaZIu7H119ejR4/89re/bXH76zfffLPFMR/legAAAAAAAMAnhQC8CcyfPz/nnHNOunbtmkceeSRJMmzYsCTJ8ccfn2nTpmXRokU555xzssMOO+TnP/95kmTEiBEbvd1wXV1devbsmUWLFuXiiy/OoYcemvvvv3+D4770pS/l8ssvzyOPPJItttgi3bp1y+9+97s8+eSTGTlyZHbfffcNfufEE0/Mfffdl7fffjunnHJK9t133yxZsiS1tbW5+OKLc+qpp2b8+PF54IEHUl9fn9WrV+fxxx9Pkpx66qkf6n2pra3NvHnzMmXKlDz33HM5+OCDc8IJJ2TatGmZN29efvrTn6Z///5ZsmRJ5s6dmz59+uTAAw/8UOdY17Bhw/L888/n/vvvT6dOnfLuu+/m6aefbnHMR7keAAAAAAAA8EkhAG8CRx11VNq3b58ZM2akW7duOeGEEzJixIgka281PGXKlNxyyy2ZO3duXnnlley444458cQTc/zxx290vZqamtx4442ZMGFCXnjhhbzzzjs59dRTM2HChBbHHX300enUqVPuvPPOzJw5M8uXL0/Xrl2z5557bvSW0Umy/fbb56677sqtt96a5557Lg8++GC6du2aAw44IEkyZMiQbLHFFpkyZUqeeuqpVFdXZ5999snZZ5+d/fff/0O9L6NHj84111yTV199NS+//HK6deuW/fbbL3feeWduvfXWPP/883n00Uez1VZbpX///jnkkEM+1PrrO+aYY7JkyZLce++9mTZtWgYOHJjBgwdnxowZzcd8lOsBAAAAAAAAnxRVlXXvz8uHMm7cuMycOTPHHXdcLr/88s09DgAAAAAAAPApV725BwAAAAAAAABg0xCAAQAAAAAAAArhFtAAAAAAAAAAhbADGAAAAAAAAKAQAjAAAAAAAABAIQRgAAAAAAAAgEIIwAAAAAAAAACFqNncA/y1ePjhhzNp0qS89NJLeeeddzb3OADAR7TllltmwIABGTNmTAYPHry5xwEAAAAA+FhVVSqVyuYeYnObMWNGTj755M09BgCwiU2dOjWDBg3a3GMAAAAAAHxsBOAkgwcPzlNPPZWhQ7+QSy+9JDvvvPPmHgkA+IhefvnlXHPNxDz44EPZb7/9MmPGjM09EgAAAADAx0YATtKzZ8/U19fnscd+If4CQAFefvnlHHzwYencuXNee+21zT0OAAAAAMDHRgBO0qVLlyTJW2+9uZknAQA2ldra7ZIkS5Ys2cyTAAAAAAB8fGo29wB/XT71LRwAAAAAAAD4BBOA11GpNG7uEZrttde+mTDhuxky5Ki/+LleeOHFHHvsCXn66Sey9dZd/uLnAwAAAAAAAP4yBOB1bIq7YVcqlUyZcmemTv1xFi16M+3atc2OO+6YYcOOzZe//KUPuVrVJpnpT+nSpXOGDz8xbdq0/ljOBwAAAAAAAPxlCMDr2BTx81/+5bZMmnRTLrtsbPbdd7+sXPleXnjhxSxa9OZHWv/jCLK1tdvk2muvyZo1qzZrAK5UKmloaEhNjf8sAQAAAAAA4KNQ2taxKW4B/Z//+YsMHTo0p512ShobG5JUZY89dk9VVVUaGlb/8TyV3HbblPz7v9+b3/72d+nZc7ucffaZGT78hPVWa2yeaf78BZk48fo8+eTTadu2Tfbff7+MG3dxttlmm+ajH3tsVr7//cl56aWX0759u3z2s3vmxhu/l/bt2+fdd9/NddfdkJkz/zPLli1Lz57b5etfPzfHHPOFvPjif2fYsBH55S8fb74F9OzZz+Taa6/P3LkvpmPHjhky5Khceuk30q5duyTJGWeck379+mbVqpWZMeP/pbq6OsOHH58xYy5IVVVVkuSmm27OQw/9R958c3G6dOmcz3/+8Fx00eh06NAhSfKrX/06p556em688XuZNOmmLFr0Zv71X2/O/vvv92dfBwA+2d56662cdda5qa+v3+jzHTt2zO2335La2tqPeTIAAAAAgL9uAvA6NsXu1x49euT555/L4sVv5jOf+cwfH21occyNN/4gDzzwcL71rcvTr1//zJ07N2PHXpaOHTvmqKMGrTPP2pnefvvtnHrqGTn++OMybty4JMn3v//9nHvuefnJT+5JTU1N/uu/nsjIkV/LyJHn5Nprr0lDQ0Mef3xW1qxZk8bGxnzlK1/LkiVLMnHi1endu3cWLFiQ+vp3//iaq5rO2Hy+c845N0cffVSuvvrqLF68OGPHXpbVq1fnu9/9VpKkqqo6U6f+OFdd9Y+58sorM3/+/JxwwojsttuuGTz4yCRJ27bt8o//+N307Nkzixa9mW9/+9u57rp/yuWXX9bi/bjjjrszZcoPs+2226S+/n/dhhqA9OjRI+ed99VcffV1G33+vPO+mh49evjMAAAAAABYjwC8jk3xj8gXXzwmo0ZdkIMPPiL9+/fL3nt/Nocc8rkcdtihSZIVK1bkttum5J//+eYceOB+qVQaU1t7WM466+9y773TmuNp0zyVSiX33PPj7LRTr1x22djmXcTXXHNV9tqrLs8/Pyd7771Xbr75nzN48KBcdNGYNDSsSZL07dsnDQ2r88tfPpXZs3+d6dMfSu/evVKpNGabbdbG6cbGhubX/f757k3nzlvlyiu/k6QxvXptn8sv/2bOO++CjBlzfjp37pykkoMO+tsMHfqFrF69IjvuuH0OOeTgPPHEkxk06IgkyciR56RSWbt+jx5dM3bspbnwwjH5h38Y1+I9u+SSi/OZz2yd1atX+B5iAJoNHnxknnnmucyYMXODxwcPPtLnBQAAAADARgjALWz8FtCPPPJoRo0a0/z3CRO+nS237LTBY8OGHZNtt/1MHnjgZ5k3b16eeurpPP30r3LBBRfloIMG5gc/+KcsWLAgK1asyBln/N0G59lhhx3Wm6GSpDH//d8v5de/fiZ9+w7Y4HcWLlyUvffeMy+++FIuueQLWbNmRfNzTSH4pZdeSteuXbPTTtunsbHpNtTr7kpuOufa882fvyD77LNPKpX3j91rr93T2NiYBQvmZ5999k6S7LTTTmlsXPXHYxqz9dZd8tZbv21eb+bMGbnlltuyYMGCvPvu+7fwXL783T/eBrryx3V2SKXSkHfe+d8ccMAhzccdf/yxufTSb2zw2JVXXrHB+wBAmUaNGplXX52XBQteS5L07r1TRo0amQ/6zAYAAAAA+LQTgNfxQTuJDjjggPz85//R/PfOnbdMdXXVBo817aBdubI+O+ywXXr12iEnn/zFHHvsMTn77JGZPfuZtGvXPkkyffpD2Xnnndc7f2NWrqxf77FKKpXGHHXU4Nx88w82mG316vfS0LAmlUoljY2NG30NTQ+t/U7iD37dTfMnValUWq7V0LD2d6uqWjU/XlXV8j1rmrVSqeS1117P+edflPHjv5khQ45Oly5b51e/mp2TTjolq1atTvv2lTQF4Natq1OpVNKxY4cW72n79u02+pgdXwCfHh07dszYsWNy4YVjkyRjx45Jx44dfRYAAAAAAHwAAXgdH/SPye3atcl22/VY57i1u47Wf6xlDG1oDq61tWtvt1xfvzy77rpL2rVrl+nT/yM77LDNn5oolUolu+22W+6++0f53e8Wp1OnLTZ65O6775YnnvhlTjrphA2e2223XfL73/8+L7/8avr377uR193059rz9evXJ/fdd3/WrFmTVq1aJUlmz/51qqurs9NOO24Qfddfq1KpZM6cF9KtW9ecdNLwNDSsycqV7+b5559t8brWD89VVVXrvadrI/H6j/lHf4BPlz59eufrXx/Z/LPPAQAAAACADyYAr6Mp7P5fn9vYYxdeeGn69OmdffbZK927d8vixb/J5Mm3pnv3bvnsZ/dM27at8/d//5Xccsu/pEOH9hk4cP+sXLkyzzzzfBoaGnLaaSevs/7aHbWnnDI8//Zv9+S888Zk1Khz06NH9yxcuCgPPjg9l1wyOltttVXOPXdkzj57ZL73vRtzzDFDkiRPPPFkjj/+2NTV7Z26ur/JhRdekksuuTC9e/fKwoWLUl+/PEcccViabqO5NmI35uSTh+e226bkW9/6bs4888v5zW/eyjXXXJ+TThqRTp22WOd1V1q8B+8H3cb07t07b7/9+zz77DPZffdd8/LLr+b22+9o8brWPb5pnf/r+wzAp8ugQYcn8ZkAAAAAAPCnCMDr2BQ7io488sj87Gf35957p+Wdd/43W2/dJXV1f5Prr78uW2zRIZVKJV/72shsvXWX3Hnn3bn22hvSsWOH7LLLgJx11hnr7a5dO9OWW3bKj3/875k48fqMGjUmK1euzDbb1OZv/3Zg2rRpm0qlkgMPrMutt96cSZO+nzvu+FE6dOiQvff+bE48cVgaGxty662TM3Hi9bnssitSX1+f7bbbNqNGnfuB5/vhD/81V111dYYP/1I6dOiQY475Qi6++ML14u/G37O1u5YH5NJLL84FF1ycSqWSbbfdJuedNyqXXfYPzbt4N7z1NAAAAAAAAPDnqKoob+nSpUuSZP78uX/2WjU1bVJT0ybV1a1SVbX2u3QbGhqyatV7LXYt1dS0SevWbVNd3eqP39/bkNWrV6ShYU2SpEOHrbJy5fI0NKxOklRVVadNm/Zp1aomTd/R29CwOqtWvde8ZqtWrdO6dbu0arV2zbW3Xn7/O4XbtOmQmprWzb+/atV7aWhYnerqVmnfvlPq65el6Xt5q6tbpU2b9qmurklSyZo1q1qcq127LdLYuCarVq1YZ/32qaqqbj5n69Zt07p12yRJY2Nj1qxZlbZtOzSf5/3zLv2z33cAWF+fPrsnSZYsWbKZJwEAAAAA+PgIwHk/AM+b9/xmngQA2FT69t0ziQAMAAAAAHy6uAV0C5/6Fg4AAAAAAAB8ggnASTp37pylS5fmlVfmpV+/Ppt7HADgz/Tqq/OTrP2MBwAAAAD4NBGAk/Tv3z9PPfVUJk2anNGjv5Y+fXba3CMBAB/RvHkLMmnSzUnWfsYDAAAAAHya+A7gJNOnT88pp5yyuccAADaxe++9N0ceeeTmHgMAAAAA4GNTvbkH+Gtw1FFH5Z577sm+++6bTp06be5xAIA/w1ZbbZX9998/U6dOFX8BAAAAgE8dO4ABAAAAAAAACmEHMAAAAAAAAEAhBGAAAAAAAACAQgjAAAAAAAAAAIUQgAEAAAAAAAAKIQADAAAAAAAAFEIABgAAAAAAACiEAAwAAAAAAABQCAEYAAAAAAAAoBACMAAAAAAAAEAhBGAAAAAAAACAQgjAAAAAAAAAAIUQgAEAAAAAAAAKIQADAAAAAAAAFEIABgAAAAAAACiEAAwAAAAAAABQCAEYAAAAAAAAoBACMAAAAAAAAEAhBGAAAAAAAACAQgjAAAAAAAAAAIUQgAEAAAAAAAAKIQADAAAAAAAAFEIABgAAAAAAACiEAAwAAAAAAABQCAEYAAAAAAAAoBACMAAAAAAAAEAhBGAAAAAAAACAQgjAAAAAAAAAAIUQgAEAAAAAAAAKIQADAAAAAAAAFEIABgAAAAAAACiEAAwAAAAAAABQCAEYAAAAAAAAoBACMAAAAAAAAEAhBGAAAAAAAACAQgjAAAAAAAAAAIUQgAEAAAAAAAAKIQADAAAAAAAAFEIABgAAAAAAACiEAAwAAAAAAABQCAEYAAAAAAAAoBACMAAAAAAAAEAhBGAAAAAAAACAQgjAAAAAAAAAAIUQgAEAAAAAAAAKIQADAAAAAAAAFEIABgAAAAAAACiEAAwAAAAAAABQCAEYAAAAAAAAoBACMAAAAAAAAEAhBGAAAAAAAACAQgjAAAAAAAAAAIUQgAEAAAAAAAAKIQADAAAAAAAAFEIABgAAAAAAACiEAAwAAAAAAABQCAEYAAAAAAAAoBACMAAAAAAAAEAhBGAAAAAAAACAQgjAAAAAAAAAAIUQgAEAAAAAAAAKIQADAAAAAAAAFEIABgAAAAAAACiEAAwAAAAAAABQCAEYAAAAAAAAoBACMAAAAAAAAEAhBGAAAAAAAACAQgjAAAAAAAAAAIUQgAEAAAAAAAAKIQADAAAAAAAAFEIABgAAAAAAACiEAAwAAAAAAABQCAEYAAAAAAAAoBACMAAAAAAAAEAhBGAAAAAAAACAQgjAAAAAAAAAAIUQgAEAAAAAAAAKIQADAAAAAAAAFEIABgAAAAAAACiEAAwAAAAAAABQCAEYAAAAAAAAoBACMAAAAAAAAEAhBGAAAAAAAACAQgjAAAAAAAAAAIUQgAEAAAAAAAAKIQADAAAAAAAAFEIABgAAAAAAACiEAAwAAAAAAABQCAEYAAAAAAAAoBACMAAAAAAAAEAhBGAAAAAAAACAQgjAAAAAAAAAAIUQgAEAAAAAAAAKIQADAAAAAAAAFEIABgAAAAAAACiEAAwAAAAAAABQCAEYAAAAAAAAoBACMAAAAAAAAEAhBGAAAAAAAACAQgjAAAAAAAAAAIUQgAEAAAAAAAAKIQADAAAAAAAAFEIABgAAAAAAACiEAAwAAAAAAABQCAEYAAAAAAAAoBACMAAAAAAAAEAhBGAAAAAAAACAQgjAAAAAAAAAAIUQgAEAAAAAAAAKIQADAAAAAAAAFEIABgAAAAAAACiEAAwAAAAAAABQCAEYAAAAAAAAoBACMAAAAAAAAEAhBGAAAAAAAACAQgjAAAAAAAAAAIUQgAEAAAAAAAAKIQADAAAAAAAAFEIABgAAAAAAACiEAAwAAAAAAABQCAEYAAAAAAAAoBACMAAAAAAAAEAhBGAAAAAAAACAQgjAAAAAAAAAAIUQgAEAAAAAAAAKIQADAAAAAAAAFEIABgAAAAAAACiEAAwAAAAAAABQCAEYAAAAAAAAoBACMAAAAAAAAEAhBGAAAAAAAACAQgjAAAAAAAAAAIUQgAEAAAAAAAAKIQADAAAAAAAAFEIABgAAAAAAACiEAAwAAAAAAABQCAEYAAAAAAAAoBACMAAAAAAAAEAhBGAAAAAAAACAQgjAAAAAAAAAAIUQgAEAAAAAAAAKIQADAAAAAAAAFEIABgAAAAAAACiEAAwAAAAAAABQCAEYAAAAAAAAoBACMAAAAAAAAEAhBGAAAAAAAACAQgjAAAAAAAAAAIUQgAEAAAAAAAAKIQADAAAAAAAAFEIABgAAAAAAACiEAAwAAAAAAABQCAEYAAAAAAAAoBACMAAAAAAAAEAhBGAAAAAAAACAQgjAAAAAAAAAAIUQgAEAAAAAAAAKIQADAAAAAAAAFEIABgAAAAAAACiEAAwAAAAAAABQCAEYAAAAAAAAoBACMAAAAAAAAEAhBGAAAAAAAACAQgjAAAAAAAAAAIUQgAEAAAAAAAAKIQADAAAAAAAAFEIABgAAAAAAACiEAAwAAAAAAABQCAEYAAAAAAAAoBACMAAAAAAAAEAhBGAAAAAAAACAQgjAAAAAAAAAAIUQgAEAAAAAAAAKIQADAAAAAAAAFEIABgAAAAAAACiEAAwAAAAAAABQCAEYAAAAAAAAoBACMAAAAAAAAEAhBGAAAAAAAACAQgjAAAAAAAAAAIUQgAEAAAAAAAAKIQADAAAAAAAAFEIABgAAAAAAACiEAAwAAAAAAABQCAEYAAAAAAAAoBACMAAAAAAAAEAhBGAAAAAAAACAQgjAAAAAAAAAAIUQgAEAAAAAAAAKIQADAAAAAAAAFEIABgAAAAAAACiEAAwAAAAAAABQCAEYAAAAAAAAoBACMAAAAAAAAEAhBGAAAAAAAACAQgjAAAAAAAAAAIUQgAEAAAAAAAAKIQADAAAAAAAAFEIABgAAAAAAACiEAAwAAAAAAABQCAEYAAAAAAAAoBACMAAAAAAAAEAhBGAAAAAAAACAQgjAAAAAAAAAAIUQgAEAAAAAAAAKIQADAAAAAAAAFEIABgAAAAAAACiEAAwAAAAAAABQCAEYAAAAAAAAoBACMAAAAAAAAEAhBGAAAAAAAACAQgjAAAAAAAAAAIUQgAEAAAAAAAAKIQADAAAAAAAAFEIABgAAAAAAACiEAAwAAAAAAABQCAEYAAAAAAAAoBACMAAAAAAAAEAhBGAAAAAAAACAQgjAAAAAAAAAAIUQgAEAAAAAAAAKIQADAAAAAAAAFEIABgAAAAAAACiEAAwAAAAAAABQCAEYAAAAAAAAoBACMAAAAAAAAEAhBGAAAAAAAACAQgjAAAAAAAAAAIUQgAEAAAAAAAAKIQADAAAAAAAAFEIABgAAAAAAACiEAAwAAAAAAABQCAEYAAAAAAAAoBACMAAAAAAAAEAhBGAAAAAAAACAQgjAAAAAAAAAAIUQgAEAAAAAAAAKIQADAAAAAAAAFEIABgAAAAAAACiEAAwAAAAAAABQCAEYAAAAAAAAoBACMAAAAAAAAEAhBGAAAAAAAACAQgjAAAAAAAAAAIUQgAEAAAAAAAAKIQADAAAAAAAAFEIABgAAAAAAACiEAAwAAAAAAABQCAEYAAAAAAAAoBACMAAAAAAAAEAhBGAAAAAAAACAQgjAAAAAAAAAAIUQgAEAAAAAAAAKIQADAAAAAAAAFEIABgAAAAAAACiEAAwAAAAAAABQCAEYAAAAAAAAoBACMAAAAAAAAEAhBGAAAAAAAACAQgjAAAAAAAAAAIUQgAEAAAAAAAAKIQADAAAAAAAAFEIABgAAAAAAACiEAAwAAAAAAABQCAEYAAAAAAAAoBACMAAAAAAAAEAhBGAAAAAAAACAQgjAAAAAAAAAAIUQgAEAAAAAAAAKIQADAAAAAAAAFEIABgAAAAAAACiEAAwAAAAAAABQCAEYAAAAAAAAoBACMAAAAAAAAEAhBGAAAAAAAACAQgjAAAAAAAAAAIUQgAEAAAAAAAAKIQADAAAAAAAAFEIABgAAAAAAACiEAAwAAAAAAABQCAEYAAAAAAAAoBACMAAAAAAAAEAhBGAAAAAAAACAQgjAAAAAAAAAAIUQgAEAAAAAAAAKIQADAAAAAAAAFEIABgAAAAAAACiEAAwAAAAAAABQCAEYAAAAAAAAoBACMAAAAAAAAEAhBGAAAAAAAACAQgjAAAAAAAAAAIUQgAEAAAAAAAAKIQADAAAAAAAAFEIABgAAAAAAACiEAAwAAAAAAABQCAEYAAAAAAAAoBACMAAAAAAAAEAhBGAAAAAAAACAQgjAAAAAAAAAAIUQgAEAAAAAAAAKIQADAAAAAAAAFEIABgAAAAAAACiEAAwAAAAAAABQCAEYAAAAAAAAoBACMAAAAAAAAEAhBGAAAAAAAACAQgjAAAAAAAAAAIUQgAEAAAAAAAAKIQADAAAAAAAAFEIABgAAAAAAACiEAAwAAAAAAABQCAEYAAAAAAAAoBACMAAAAAAAAEAhBGAAAAAAAACAQgjAAAAAAAAAAIUQgAEAAAAAAAAKIQADAAAAAAAAFEIABgAAAAAAACiEAAwAAAAAAABQCAEYAAAAAAAAoBACMAAAAAAAAEAhBGAAAAAAAACAQgjAAAAAAAAAAIUQgAEAAAAAAAAKIQADAAAAAAAAFEIABgAAAAAAACiEAAwAAAAAAABQCAEYAAAAAAAAoBACMAAAAAAAAEAhBGAAAAAAAACAQgjAAAAAAAAAAIUQgAEAAAAAAAAKIQADAAAAAAAAFEIABgAAAAAAACiEAAwAAAAAAABQCAEYAAAAAAAAoBACMAAAAAAAAEAhBGAAAAAAAACAQgjAAAAAAAAAAIUQgAEAAAAAAAAKIQADAAAAAAAAFEIABgAAAAAAACiEAAwAAAAAAABQCAEYAAAAAAAAoBACMAAAAAAAAEAhBGAAAAAAAACAQgjAAAAAAAAAAIUQgAEAAAAAAAAKIQADAAAAAAAAFEIABgAAAAAAACiEAAwAAAAAAABQCAEYAAAAAAAAoBACMAAAAAAAAEAhBGD+f3t2IAMAAAAwyN/6Hl9pBAAAAAAAAEwIYAAAAAAAAIAJAQwAAAAAAAAwIYABAAAAAAAAJgQwAAAAAAAAwIQABgAAAAAAAJgQwAAAAAAAAAATAhgAAAAAAABgQgADAAAAAAAATAhgAAAAAAAAgAkBDAAAAAAAADAhgAEAAAAAAAAmBDAAAAAAAADAhAAGAAAAAAAAmBDAAAAAAAAAABMCGAAAAAAAAGBCAAMAAAAAAABMCGAAAAAAAACACQEMAAAAAAAAMCGAAQAAAAAAACYEMAAAAAAAAMCEAAYAAAAAAACYEMAAAAAAAAAAEwIYAAAAAAAAYEIAAwAAAAAAAEwIYAAAAAAAAIAJAQwAAAAAAAAwIYABAAAAAAAAJgQwAAAAAAAAwIQABgAAAAAAAJgQwAAAAAAAAAATAhgAAAAAAABgQgADAAAAAAAATAhgAAAAAAAAgAkBDAAAAAAAADAhgAEAAAAAAAAmBDAAAAAAAADAhAAGAAAAAAAAmBDAAAAAAAAAABMCGAAAAAAAAGBCAAMAAAAAAABMCGAAAAAAAACACQEMAAAAAAAAMCGAAQAAAAAAACYEMAAAAAAAAMCEAAYAAAAAAACYEMAAAAAAAAAAEwIYAAAAAAAAYEIAAwAAAAAAAEwIYAAAAAAAAIAJAQwAAAAAAAAwIYABAAAAAAAAJgQwAAAAAAAAwIQABgAAAAAAAJgQwGwJO8sAAAbISURBVAAAAAAAAAATAhgAAAAAAABgQgADAAAAAAAATAhgAAAAAAAAgAkBDAAAAAAAADAhgAEAAAAAAAAmBDAAAAAAAADAhAAGAAAAAAAAmBDAAAAAAAAAABMCGAAAAAAAAGBCAAMAAAAAAABMCGAAAAAAAACACQEMAAAAAAAAMCGAAQAAAAAAACYEMAAAAAAAAMCEAAYAAAAAAACYEMAAAAAAAAAAEwIYAAAAAAAAYEIAAwAAAAAAAEwIYAAAAAAAAIAJAQwAAAAAAAAwIYABAAAAAAAAJgQwAAAAAAAAwIQABgAAAAAAAJgQwAAAAAAAAAATAhgAAAAAAABgQgADAAAAAAAATAhgAAAAAAAAgAkBDAAAAAAAADAhgAEAAAAAAAAmBDAAAAAAAADAhAAGAAAAAAAAmBDAAAAAAAAAABMCGAAAAAAAAGBCAAMAAAAAAABMCGAAAAAAAACACQEMAAAAAAAAMCGAAQAAAAAAACYEMAAAAAAAAMCEAAYAAAAAAACYEMAAAAAAAAAAEwIYAAAAAAAAYEIAAwAAAAAAAEwIYAAAAAAAAIAJAQwAAAAAAAAwIYABAAAAAAAAJgQwAAAAAAAAwIQABgAAAAAAAJgQwAAAAAAAAAATAhgAAAAAAABgQgADAAAAAAAATAhgAAAAAAAAgAkBDAAAAAAAADAhgAEAAAAAAAAmBDAAAAAAAADAhAAGAAAAAAAAmBDAAAAAAAAAABMCGAAAAAAAAGBCAAMAAAAAAABMCGAAAAAAAACACQEMAAAAAAAAMCGAAQAAAAAAACYEMAAAAAAAAMCEAAYAAAAAAACYEMAAAAAAAAAAEwIYAAAAAAAAYEIAAwAAAAAAAEwIYAAAAAAAAIAJAQwAAAAAAAAwIYABAAAAAAAAJgQwAAAAAAAAwIQABgAAAAAAAJgQwAAAAAAAAAATAhgAAAAAAABgQgADAAAAAAAATAhgAAAAAAAAgAkBDAAAAAAAADAhgAEAAAAAAAAmBDAAAAAAAADAhAAGAAAAAAAAmBDAAAAAAAAAABMCGAAAAAAAAGBCAAMAAAAAAABMCGAAAAAAAACACQEMAAAAAAAAMCGAAQAAAAAAACYEMAAAAAAAAMCEAAYAAAAAAACYEMAAAAAAAAAAEwIYAAAAAAAAYEIAAwAAAAAAAEwIYAAAAAAAAIAJAQwAAAAAAAAwIYABAAAAAAAAJgQwAAAAAAAAwIQABgAAAAAAAJgQwAAAAAAAAAATAhgAAAAAAABgQgADAAAAAAAATAhgAAAAAAAAgAkBDAAAAAAAADAhgAEAAAAAAAAmBDAAAAAAAADAhAAGAAAAAAAAmBDAAAAAAAAAABMCGAAAAAAAAGBCAAMAAAAAAABMCGAAAAAAAACACQEMAAAAAAAAMCGAAQAAAAAAACYEMAAAAAAAAMCEAAYAAAAAAACYEMAAAAAAAAAAEwIYAAAAAAAAYEIAAwAAAAAAAEwIYAAAAAAAAIAJAQwAAAAAAAAwIYABAAAAAAAAJgQwAAAAAAAAwIQABgAAAAAAAJgQwAAAAAAAAAATAhgAAAAAAABgQgADAAAAAAAATAhgAAAAAAAAgAkBDAAAAAAAADAhgAEAAAAAAAAmBDAAAAAAAADAhAAGAAAAAAAAmBDAAAAAAAAAABMCGAAAAAAAAGBCAAMAAAAAAABMCGAAAAAAAACACQEMAAAAAAAAMCGAAQAAAAAAACYEMAAAAAAAAMCEAAYAAAAAAACYEMAAAAAAAAAAEwIYAAAAAAAAYEIAAwAAAAAAAEwIYAAAAAAAAIAJAQwAAAAAAAAwIYABAAAAAAAAJgQwAAAAAAAAwIQABgAAAAAAAJgQwAAAAAAAAAATAhgAAAAAAABgQgADAAAAAAAATAhgAAAAAAAAgAkBDAAAAAAAADAhgAEAAAAAAAAmBDAAAAAAAADAhAAGAAAAAAAAmBDAAAAAAAAAABMCGAAAAAAAAGBCAAMAAAAAAABMCGAAAAAAAACACQEMAAAAAAAAMCGAAQAAAAAAACYEMAAAAAAAAMCEAAYAAAAAAACYEMAAAAAAAAAAEwIYAAAAAAAAYEIAAwAAAAAAAEwIYAAAAAAAAIAJAQwAAAAAAAAwIYABAAAAAAAAJgQwAAAAAAAAwIQABgAAAAAAAJgQwAAAAAAAAAATAhgAAAAAAABgQgADAAAAAAAATAhgAAAAAAAAgAkBDAAAAAAAADAhgAEAAAAAAAAmBDAAAAAAAADAhAAGAAAAAAAAmBDAAAAAAAAAABMCGAAAAAAAAGBCAAMAAAAAAABMCGAAAAAAAACAiQAaQPypyasFLAAAAABJRU5ErkJggg==' height='250' width='300'/> ]]>
  </system-out>
</testsuite> <!-- com.tribu.qaselenium.tests.apimazaprendo.MAAssignF2FCourseTests -->
