<?xml version="1.0" encoding="UTF-8"?>
<!-- Generated by org.testng.reporters.JUnitReportReporter -->
<testsuite hostname="station" failures="0" tests="1" name="com.tribu.qaselenium.tests.apimazaprendo.MACreateF2FCourseTests" time="45.649" errors="0" timestamp="2022-04-15T23:37:02 COT" skipped="0">
  <testcase classname="com.tribu.qaselenium.tests.apimazaprendo.MACreateF2FCourseTests" name="createF2FCourse" time="45.649"/>
  <system-out>
    <![CDATA[ <img src='data:image/png;base64,iVBORw0KGgoAAAANSUhEUgAAB4AAAAOiCAYAAACRicroAAAAAXNSR0IArs4c6QAAIABJREFUeJzs3XlcVGX7P/DPsOMoiwoiLjVomoLLIykumCFqpaKZkpRSueGTiWSLYqm551KmoKYgZeKWmJpIpYKWC4oJoQaoJT4pMizqsA/IMr8/+M35MjAMAwwM4uf9es1L5pwz97lnzpzFuc513aIxY8YoQE+d8+fP67sLRERERERERERERERERKTG3bt36/xaAx32g4iIiIiIiIiIiIiIiIiI9IgBYCIiIiIiIiIiIiIiIiKiZoIBYCIiIiIiIiIiIiIiIiKiZoIBYCIiIiIiIiIiIiIiIiKiZoIBYCIiIiIiIiIiIiIiIiKiZoIBYCIiIiIiIiIiIiIiIiKiJ8SxY8c0zmcAmIiIiIiIiIiIiIiIiIjoCaAM/moKAhspFIrG6g8REREREREREREREREREdVB5aDvsWPHMG7cuCrLMQBMRERERERERERERERERNSEVZfxqy4IrFUAeOrUqZgyZYpOOrd3717s2bNHJ22R/q1atQoKhQJLlizRd1eaPYlEgsmTJ8PFxQUAEBMTgx9++AF37tzRc8+IiIiIiIiIiIiIiIioIanL9K2OgUKhQE0PXQV/AWDKlCk1ro+Phn/ogkQigaOjI5ycnCCRSHTSJqnn5OSEjRs3CsFfAHBxccHGjRvh5OSkx54RERERERERERERERHph0QigZeXF8Risb670qQYaLNQfn6+zlaoy7ZIvzw8PNT+Tbrn6+tbp3lERERERERERERERETNkUQiwcqVKzF58mSsXLmSQeAKtCoBvWHDBrz++us6WeHhw4d1loFK+iMWi+Hm5iY8d3NzQ0hICAP8DUAikcDW1rba+ba2tpBIJCwFTURERERERERERERETw1/f38h6KsMBi9ZsoSxKmgZAI6OjkZ0dHQjdIeeFBWDvxWnHT9+XA+9ad60uWOFd7UQEREREREREREREdHTwNbWFhkZGVi7dq1K5q9EIsHYsWPxww8/6LmH+qfVGMD6euzcuRMnT57EmjVralzW29sbJ0+ehLOzc63XM2zYMJw8eRITJkzQavmQkBAcOXJEq2Wfe+45vPrqq3r/LHU9BrC6ks+6KgMdExODrKwsHD58uMq8tm3bwt/fHyYmJjW2M378eGRlZT3xJZKfffbZGpexsbGpU9vDhg3DtWvXkJWVhTFjxqjM8/LyQnx8PNLT03H69GmVsYb79euH06dPIy0tDVevXsXEiROFeW3atMH+/ftx//59JCcnY9myZRCJRAAAAwMDrFy5Ev/88w/S0tKwZ88eWFlZNeg6a3qfRERERERERERERET0ZHBzc8OOHTvg5uaGO3fuVMn4TUhIqLGNzp07IysrS+3j1q1b1b4uKysLkZGRAICJEyciKysL7733HoDaxa9qKz4+XuuHkpHOe6EjXbt2RefOnRETE4MXXngBrVu3xqNHjxpkXdevX8fnn3+udQndwMBAGBsba7Xs1KlT0aZNG/z888/16aJAJBI1WgltW1vbaoOn6koS29raYuXKlWqXDwwMREZGRo3r7Nu3L7p3746TJ0/C3d0ddnZ2SEtLE+a/8cYb8Pf3R2BgIB4/fqyxrZiYGEyZMgVJSUk1rrcp+9///lfjMpmZmbVud86cOVixYgWSk5OrzHNycsI333yDmJgYBAUF4aOPPsLevXvh7OwMIyMj7Nu3DwqFAsuXL8fkyZMRFBSEa9eu4e+//8bmzZsxcuRIrF+/Ht27d8cHH3yA27dvIzQ0FD4+PvD19cW+ffuQkpKCTz75BPn5+Zg9e3aDrVPT+yQiIiIiIiIiIiIioieDm5sb5s2bBwDCv2fOnMGSJUuwcuVKhISE4K+//tK6vTt37iAoKEhlWkFBgVavjY6OxpQpU5CYmAigdvGrxqBVCeh27dph1KhROlnhyZMnkZ6eXuNyI0eOREFBAQICAhAaGgo3NzccOnRImN+5c2d88skncHBwQGJiIu7evQsAUCgUaNu2Lfbv34+ff/4ZBgYGcHNzg1QqxYoVK/DWW29h6NChuHPnDpYtW4YHDx6gV69e+Oyzz7Bt2zYcPnwYe/bsQXFxMfbt24eZM2fCxMQEP/30E3bt2gUA8PX1RevWrTF+/HgYGhpi5syZcHNzg4WFBdLS0rBv3z5ERkbiu+++Q6dOnQAAp06dgqenJwIDA1FcXIwzZ85g8uTJeOedd5Cfnw9fX18MHDgQxsbGuHbtGr7++ms8ePAAI0aMgL+/P4KDg/HKK6/g+vXr2Lhxo062RU3EYrFKBqY2qlte2xLFXl5eyM3Nxccff4z4+HhMnDgRW7duBQB8/fXXmDZtGgDg/v37mDFjBk6cOIEvv/wSo0aNgomJCaKjo+Hn5wepVAoXFxd8//33WLJkCQIDA9GqVSssWbIEo0ePhpWVFW7cuIE1a9bg9OnTAAAXFxesWLECvXr1QnFxMX777Td8+OGHePjwYa0+A13TplZ9XerZP378GMOHD4e7uzs+//xzlXkTJ06ESCTCp59+iri4OLRu3Roff/wx+vfvjxYtWsDOzg5Lly7FN998g6SkJBw9ehQTJkxAYGAgXnnlFZw+fRrr16+HmZkZxo0bB09PT4SGhmLixInIzc2Fr68vSktL8eKLL2L8+PHw9fVtsHVqep9ERERERERERERERNT0VQz+KlUMAs+ePbvWsZLU1FR88803aueJRCL4+/tj+vTpAIDVq1erJGgOHjwYISEhWLRoEbp161YlfvXjjz/Wqi+6plUA+KuvvoKdnZ1OVvjyyy9jypQpGpcxNDSEm5sbzp8/j7S0NFy7dg0jRoxAWFiYsIy/vz+6dOmCwMBAFBQUqGSqFhcXAygv+xocHIz8/HxMnDgRGzduRGhoKB48eAAvLy+88cYb2Lp1q8oGUygUKC4uhq2tLfr164cNGzZgzpw5mDp1Ks6ePYvbt2+rLDty5Eh4enrim2++wfXr1/HGG2/gvffeQ1xcHFauXImtW7dCKpVi/fr1yM7ORnFxMdq2bYsePXpg69atyM3NxX//+1+MGjUKAQEByM3NxWeffYbZs2dj1apVKCkpAVAekPvxxx+RlJTUaBnAd+7cQUBAQJUdqrYCAgK0yq42MjLCxIkTERERgbt37yI6OhpeXl5CAHjTpk1wcnJC//794eHhgYSEBKxYsQJeXl745JNPIJPJsHPnTqxevVrYISvaunUrxo0bh5UrVyIhIQGff/45Dh48iKFDhyIpKQnfffcdHj16hNdffx2tW7fGN998g/nz52Px4sX1ev/1defOHWRkZKjNugaAjIwMrbPXK9q5cycAwN3dvcq8rl27AgD+/fdfoQ8A0K1bN5iZmamd99xzz0EikcDIyEiYV1hYiPT0dHTr1k1o9/79+ygtLQVQnt08cOBAdOrUqcHWqel9EhERERERERERERFR06Yu+Ks0Y8YMXL58uU6JcqampujcubPKtOzsbGRnZ+OVV17BwoULER0dja+++gpTpkxRGXqyInXxK33TagxgXQV/AcDOzq7G9fXr1w/W1tb4888/0bZtW8TGxqJr16545plnoFAo0Lp1a3Tr1g0JCQk4duwYIiMjcfbs2SrrunfvHo4dO4YDBw4AAB4+fIgjR45g//79AIBOnTqpjIlb8W8TExMEBATg8uXLQvnmZ599tkqw2NTUFADQo0cPWFtb4+uvv8aECRPw4MED/PPPP1AoFJDL5UhMTBSCuebm5li3bh2OHz8OuVyOkJAQTJo0CUePHkVUVBQKCgrQpUsXlf5cuHAB+/fvR3x8fKOOAaxMna/LjpOfn48lS5bgzJkzWi0/fPhw2NjY4Ny5c7C3t8dvv/2GXr164fnnnwdQHvzLyckBAMTFxeHRo0dYtWoVunfvjp07d+LQoUPIzc1Vm4Xcpk0bjBs3DjExMfjqq6/w66+/Ys2aNTAyMoKXlxeA8u1iZ2eHPn364O7du5BIJHoP/ipdvny5TvPqSpmxXVRUBABCuYIWLVpUmaf8VywWo2XLlirLK+e3aNFCWEa5fMXXqmtXV+skIiIiIiIiIiIiIqInk6bgrzIOVZcYFgC88MILuHbtmspDmXD6yiuvAADWrl2LqKgofPrpp9W2oy5+pW9aZQBfvXoVffr00ckKr169WmMAUllueuHChSrTR44ciaCgIFhZWQEoD+gq21KOL1sxwKmcn5eXp/Jc+UUwMTGp0hfl84KCAuF1ubm5AABjY+MqAeDw8HB07twZL7/8Ml566SWUlpYiKioKX375pZCJXLFdAJDL5Splhfv06YN3330X9vb2EIlEMDExgZGRkcprUlJSGi3zt7K//vpLqJ+ubSln5U5Xm8zUyZMnA4CQ8avk5eWFZcuWqX2Nq6srFi1aBIlEApFIBFNTUzx48KDKch07dgRQflOAUmpqKgDA3t4eADBlyhRs3LgR69atE5b18/MTSkTrU3h4OMaOHVvtPF1T7iNmZmbIy8sTbnTIz89HWVmZMK/iv3l5ecI+o1xeOV/ZXn5+vsq8iu021DqJiIiIiIiIiIiIiOjJo03wty4VUpVu3LiBlStXqkz7559/AAA2NjYAIAxrm5aWJsQqngRaBYD9/PzQt29fnawwPj5e43xzc3MMHjwYcXFxOHjwoDB91qxZGD58OHbs2IGsrCwA5Vmdyv63a9cOgGoAWF3Gq6b56p5XVnn+48ePsWnTJgQEBKBLly547bXXMHr0aFy6dEklcFjxNWVlZSqZxp999hkePXqESZMmQS6X4/jx41XWVVpaqrcAMFBeclfbIHBddrqWLVtizJgxOHv2LLZt2yZMX7JkCTw9PbF8+fIq79/MzAzBwcHIyMhAjx49kJeXpxLgrSglJQXA/wWCAQjjMytfEx0djUGDBsHGxgZDhgzBunXrsG7dOvTv31/r99FQMjIykJCQAEdHR5XpCQkJws0PunTz5k14eHjAwcEBDx48QJcuXQCUHwyVmbUODg4AoDLvzp07KC4uFuaJxWK0a9dOyNC/efMmevfuDWNjYxQXF6NLly4oKCjA3bt3G2ydRERERERERERERET0ZGno4C9QnjgaERFR7TygPP548+ZNdOjQAQYGBvVaX2PSKgAMAH/++WcDd6XcsGHDYGZmhpMnT+LixYvC9O7du2PatGno27cv/vzzT9y+fRtOTk4YN24c5HI5XF1dAUBtwLciTQHhystXDgSrW/a9996Dh4cHVq1ahYyMDCH7tKCgQAgQd+jQAUOGDEFsbGyVtg0MDGBsbAxjY2N07NgRw4cPR0lJCSwtLYUS1dW9l8am7Y4kFotrvdONHz8eZmZmOHjwIH799Vdhet++feHv7w9XV1ecO3cOhYWFAICpU6fi999/h4mJCYyNjdG1a1dMnDgRRUVFaNOmDbp3767S/sOHD3Hs2DF4eHhg7ty5+Pvvv7Fo0SIUFhZi7969sLOzQ3R0NE6fPo0tW7YgPT0dBQUFzTqLdMCAAWjfvj169OghPDcyMkJcXBwOHTqE+fPnY9WqVTh+/DimTZuGv//+G1euXIGRkRFSUlLg4+ODx48fw8vLC48fP8aPP/4IuVyO8PBwjB8/Hv7+/nB0dISRkZFQdv3gwYMYOHAgAgMDkZaWhv79++P7779HSUlJg61T0/us7oYBIiIiIiIiIiIiIiLSj8YI/gJAhw4dhJLPFe3ZswcnT56Et7c3Fi1aBCMjI3h7e2uM01WMX/388896jz9oNQZwYz6U5Z9jYmJUpiuDwSNHjoRCocDq1atx+/ZtzJkzB+7u7jh69CgAVCmdrE1GsLpl1S2vbv7evXtx6dIl+Pv7Y/v27XB3d8f27dsRHR0NhUKBQ4cOwcjICL6+vkLp6optFRQU4JtvvoGxsTHWrVuHnJwcBAQEwNDQEH5+fmr7ootHXUgkEq1LQEskklq1rRyHNzIyUmX6yZMnAfxfeejdu3fj0aNHWLBgAXr27ImlS5fC1NQUBw8exKNHj+Dv7w8TExOhjHNF77//PkJCQoR/ZTIZXnvtNdy+fRtpaWlYtGgRnJyc8Ouvv2L//v34559/MGvWrFq9j4YiFovx7LPPVpn+7LPPar1NKvvggw/w/fff44033gBQnun//fffY+jQobhx4wZmz54NOzs7LF68GDdu3MCUKVNQVlaGx48f46233oJUKsXSpUthbm6Od955B//++y8A4KOPPsIvv/yCDz74AIMGDcKaNWsQFhYGAPjuu++wadMmvPzyy/Dx8UFYWJhQN7+h1qnpfRIRERERERERERERUdMhFosxY8YMtfN0GfwFymMsK1eurPKwsbFBREQEAgMD8fzzz2Pbtm04efKkyvCVlVWMXzWFyrIiV1dX/aaVkl5cv3691q8ZO3ZstTtdZSEhIUIpa3157bXXsGvXLixZsgSBgYF67Ut9uLm5wcvLC7a2tmrnZ2Rk4MCBAzhz5kwj94yIiIiIiIiIiIiIiEi3JBJJlSFJdR38fRLcvXsXQM3D61akHNJXqxLQ06dPx/Tp0+vWu0q+/fZbfPvttzppixpXr169qky7fPkygPKyupWX1WcA2MHBAaNHjwYAyGQyvfWjrmxtbTF58mS4uLjUmOFra2uLefPmYcaMGYiJicEPP/zQIOMCExERERERERERERERNbQ7d+5gyZIlQhD4aQz+1pfWAWBdmT59OkJCQnTWHjUeR0dH4e/8/HyEhIQIWadubm6YMWOGEKysuKw+jBo1ChMmTEBMTAyOHTum177UVuXPUltisRjDhw+Hi4uLyrYhIiIiIiIiIiIiIiJq6iQSCcaOHYvAwEAhCOzv74+1a9cy+FtLBtoslJeXp7MV6rItajy2trZCQDIhIQEffvihSoDxzJkz+PDDD5GQkACgPBhZXcnixrB9+3bY2Njg5ZdfRk5Ojt76UVvKbN66jusLlH/28+bN0+vnT0REREREREREREREVBvDhw/H8OHD4evrC6A8E3j27NkM/taBVhnAq1atwuTJk3Wywh9++AHarJOalvz8fFy+fBnXr1+vtrRzRkYGFi9ejLFjx6JXr17Iz89v5F42D8ogOhERERERERERERER0dNCLBbj+PHjOH36tL678sQTDRw4kNHYp1BSUpK+u0BEREREREREREREREREaty9excAEB8fr/Vr+vbtC0DLDGAiIiIiIiIiIiIiIiIiImr6tBoDmIiIiIiIiIiIiIiIiIiImj5mABMRERERERERERERERERNRMMABMRERERERERERERERERNRMMABMRERERERERERERERERNRMMABMRERERERERERERERERNRNGZWVlwhORSKTHrhARERERERERERERERERPV10nbCrkgHMbOCnB7c1ERERERERERERERERUfPDEtBPKW53IiIiIiIiIiIiIiIioqanvlWbjeLj43XUFdKH5ORkODg46LsbVE/cjs0Ht2XTwO1A1eF3o+njNmr6uI0aBz9nIiIiIiIiooZ1+fJlODk56bsb1SopKanzaw102A8iIiIiIiIiIiIiIiIiItIjBoCJiIiIiIiIiIiIiIiIiJoJBoCJiIiIiIiIiIiIiIiIiJoJBoCJiIiIiIiIiIiIiIiIiJoJBoCJiIiIiIiIiIiIiIiIiJoJBoCJiIiIiIiIiIiIiIiIiJoJBoCJiIiIiIiIiIiIiIiIiJoJBoCJiIiIiIiIiIiIiIiIiJoJBoCJiIiIiIiIiIiIiIiIiJoJI313gIjqJzw8HHFxcZg3bx6sra313R2qA5lMhvXr11eZbm1tjQULFuihR0+v3bt3IykpCWZmZnB0dMTgwYNhb2+v726RnsnlckRERCA5OVn4bri7u+u7W6RBbGwsDh06pDJt0qRJcHZ21lOPiIiIiIiIiIiIGk+tA8AymazKD2oSiQQjRoxAcnIyHBwcdNY5ajypqamIjo4GAAY8niCxsbHCdgsNDcW8efP03COqC5lMVqvp1HA8PT0RFBSEtLQ0xMbGIjY2lkEjwvHjxxEXFyc8l0qlUCgUGDFihB57RZqoO37ymNo0yOVyJCUlITU1FVKpFADQvn172Nvbo0ePHjA3N9dzD4mIiIiIiIiInnx1CgAnJyerTFMoFACA4OBg/lD+BJLJZAgODkZhYSEAICEhgdmkT4DK2U1SqRSHDh3CpEmT9NgrqgsHBwfY2dkhLS1NZfrgwYP11KOnl7m5OXx8fIQgMAAcOnQI1tbWvMHpKSWTyVSCv0pxcXEMABPVUmRkJC5cuCBccyop/29hZmYGV1dXZtgTERERERERUZOTkpICkUgEAGjRokWTj6HpfAzgQ4cOITY2VtfNUgOKjY1V+SGusLAQCQkJeuwR1URdaUsAePToEfe/J5Sfnx8kEonw3N3dHR4eHnrs0dNBLpdXmWZubl7lsz9+/HhjdYmaGGboE9WfXC5HcHAwoqKiVK45raysYGVlJTwvLCxEZGQkgoOD1R6fiYiIiIiIiIj05f79+0hJSUFKSkqVZK6mqEHGAFYGppgJ/GRQd5cCy+81XdUFfydNmoSePXsiKChIKKVITxYzMzO1f1PDCQoKgqenZ5X9JTU1VeW5VCqFTCZr8nd1UePp16+fvrtA9XD+/HkUFRUJz83MzDBkyBA99qh5Cw0NxZ07d4TnEokEnp6ewjFVJpMhLCxMWCY5ORl79uzBrFmz9NJfIiIiIiIiIqInXYMEgIH6BYFLS0tx7NgxnD17FhkZGTA3N0e3bt3g6empkiFXF9nZ2bhx4wZcXFzq1c5vv/2G06dPY8WKFVXmxcfH49tvv0VAQEC91tFYnJ2dkZycLJS47NevX72D9++++26V8n4AYGdnh02bNml87d9//w0jI6N6b+vKoqOj0bt3b7Rs2VKn7TYmTcFf5Tbz8fFBQEAAfHx8dBKsys/Px/z589GxY0csXbq03u2pk5mZiblz52Lfvn0wNDTUefua9ld9WbZsmUrwobKIiAhERESoTOvRowfefvvteq133759OHnyJBYuXIgePXrUqy11Kn7W27ZtQ+vWreHl5aXz9ehKWloagoODMWvWLJUgcOWhDgDoLAAcExOD8PBw/PvvvzAwMECnTp0wZswYDBo0qN5tHz58GD/99BNGjRqF7OzsJvP5q9vHFQoFduzYAWNjY7z99tswNjbWcy/VU3czhjJ4BUA4f8rlcjg6OtYpMBwWFoa///4bn376qcr0S5cuYdeuXdi+fXvdOl9LDX0sbkoqH18BaAwAFxYW4p133sHGjRvRoUMHjW3LZDIsX74c+fn5WLduHVq3bl3v/j7JIiMjVYK/VlZW8Pb2VrnZ0NraGt7e3ggICEBWVhaA8n0rMjKy1qXWG/q65Um7ziciIiIiIiKixldaWoqcnBy9JhQ1WAAYqHsQePPmzfjf//6HWbNmoVu3bigqKsKJEyewdOlSfPHFF+jYsWOd+3Tt2jXEx8fXOwA8ePBgvPDCC/VqoylxdnYWAsC6ytz29/dH3759a/2606dPo2vXrlUCwMqxppU11mvrwIEDcHBwqFUAuKysDAYGOq+UXifaBH+B8uxtb29vhIWFYcSIEfUet/S3337DsGHDEBsbC6lUivbt29ervcrKysrQpk0b7Nixo8ECDk1xf9UU/K2OupsqaqOkpATnz5/H1KlTcerUqQYJAFf07rvv1nr/aex9ztTUFIWFhQgODoanpydkMhkSExPVBoB1kZV94sQJ7Nu3D++88w769+8PExMT/PHHH9ixYwcKCwvh5uZWr/YvXLiAmTNnYujQoSgoKNDpZ1mfY7C6ffzu3bsYNmxYg38P68ve3h5WVlZCUAoAxo4dCwBISEjAnj17hOmJiYm4f//+E1m+vTGOxU+LmzdvoqysDEFBQbXaX5rSNYeuyOVyXLhwQWXakCFDhOBvWFgYRCIRJk2aBHNzczg7OyMqKkpY9sKFCyrLa6Ohr1uIiIiIiIiIiDQpLS1FYmIirK2tm08AeMyYMVUCFLUdvyspKQl//PEHvvzySyHDwtTUFJ6enrCzsxMyhDIzM/Htt98iNTUVIpEITk5O8Pb2hqmpKXx9fTFmzBjExsYiNzcXxsbG+PDDD5Gamopdu3ahtLQUS5cuxYoVKyCTyRASEoKUlBQYGBigf//+eOONN2BoaIjt27ejZcuWyMzMxKNHj5CbmwsfHx/07NkT0dHRQpZbTk4Otm7dinv37sHKyqpKoOnEiRM4ceIEysrKYGZmhqlTp8LJyaken/STLzs7G9u2bYNUKkVZWRk6duyI9957D7/99hvOnTuH2NhY3L9/H6+88go++ugjvPHGGzhy5Ai+/PJL+Pv7w8/PD46OjgCAXbt2oaysDNOnT0dxcTFCQ0Nx5coVlJaWYsiQIfD29sbXX3+N9PR0rF69Gm+++SYuX76MDh06CBlcf/zxBw4cOICvvvoKZ86cwaVLl2BsbIzMzEysW7cO8fHx2Lt3LwoKCmBoaIgJEybUO1BTW+Hh4VWmVQ7+Ktnb28Pa2lrIbKxPEDgqKgrz589Hq1atEBUVhalTpwIA0tPT8eGHH2Lq1Kn4448/IJPJ0KtXLyHol56ejh07diA9PR1lZWUYMGAA3n33XYhEImzduhUWFha4evUqevbsCQ8PD5WsszNnzuD48eMoLS2FhYUFpk2bBolEgocPH8LPzw8zZ87EuXPnIJPJIJFIMHfuXIhEIjx8+BDBwcG4c+cOTExMMGnSJAwbNkxlfwWAY8eO4dSpU0L7M2bMwHPPPVfnz+hJcfnyZTz33HMYNmwYwsLCkJeXJ9wQsX37dpibm+PBgweQSqUwMTHBtGnTcOTIEWRkZMDKygqffPIJTE1NsWXLFojFYmRmZiIrKwslJSWYPXs2unTporK+Xbt2CRmoxcXFCA4ORkJCAsrKyvDMM8/gvffeg6Wlpdp9rrE4OjoiLi4OhYWFCA0NbdB1FRUVYf/+/Xj77bcxfPhwYbqrqyusrKxgZFR+Sn78+DH27NkDnfxiAAAgAElEQVSDa9euQaFQoF27dpg5cyZsbW1x9uxZnDt3Dp07d8bt27fx6NEjvPrqq3j11Vfx5ZdfQiqVYt++fbh37x6ysrKEz195zL137x7atGkDV1dXhIeHY8uWLTh16hQuXLiAZcuWASjPnps+fTp27twJuVxe5RhcXFxc7b5d3TH44cOHKvt4defFmvZxfRkyZIiQMWpqaipki0dGRlZZNjo6GiNGjND5UArVnTctLS3h4+Oj8byo7b738ccfq2ynxMREhIaGCjcTjBw5EqNHjwZQfrPWsWPHhKClh4cH3N3ddfqem7LqrhFLS0uxa9cu5OXlYf78+Vi6dClKS0urvWatfD7s2rUrzp49iw4dOuD27dvIysrC7NmzceHCBaSkpKCgoADz589Hp06dUFxcjP379ws38D3zzDOYOXMmWrVqpfH70pgSExOr/N8gLS0NUVFRkMlkKtVnHBwc4ODgoBIALiwsRGJiYq1uTlR33ZKfn4/Zs2dj1apVePbZZwGUj9uzYMECBAUFYf78+dXuQzVd5z+t1xREREREREREVJUy+FtQUABAfTKNhYUFWrVq1eB90UmaQVZWFu7cuYMOHTqgS5cuKo+ayuRVdv369WpfN3ToULRr1w4AEBgYiE6dOmHz5s3YsGED7t+/jyNHjgAADA0Nce3aNfj7+2Pt2rUwNzfHqVOn4OjoiJEjR8LZ2VkIBAUGBqJt27b4+uuv8cUXXyAhIUH44cnQ0BDR0dGYMWMGVq5cCTc3N/zwww9V+nXw4EEYGRlh69atWLZsGa5evaryfg4dOoTPPvsMmzZtwptvvokvv/wSubm5tfpcdEkmk+HOnTsqD6lUKsyXSqVV5lceD7O+fv75Z7Rq1QoBAQEIDAxE9+7dER8fj/Hjx8PBwQGTJ08WSoI+fvwYRUVFCAkJqbGM4tGjR5GamorNmzdj06ZNuH79Ok6ePAk/Pz8AwGeffYbBgwdrbMPExARJSUkYPnw41q1bh+LiYmHbbd26Fe+99x6CgoKQk5Ojs89DG2+//TasrKyE59UFf4HybGHlj6q1vQmjosTERIjFYnTq1AnDhg3D+fPnUVJSAgAwMDBASUkJHj9+LGTnx8XFISYmBgCwc+dOODg4YOvWrVi/fj2io6Pxxx9/AACMjY1x8eJF+Pv7Y/r06SrrTEpKQmhoKBYsWIBNmzZhzJgxWL9+PUpKSmBoaIji4mJkZ2djyZIlWL16Na5evYqEhAQAwJYtW+Dg4IDt27fD398fO3fuxL1791Tav3XrFg4fPiyUKH7hhRcQFBRU589IX8LDw7Fo0SK1WeHVOXXqFNzd3WFsbIyBAwfi999/F+YZGhrizz//xJw5c7BhwwYoFAoEBwfDz88PGzZsQFZWFq5cuQKgfNvHxMRgzpw5WLNmDYYPH46tW7dqXPfx48chlUqxefNmbNmyBaWlpcIxu/I+15hqM+ZncHBwvY6F//zzD+RyOYYOHVplnpOTE55//nkAwJEjR5CSkoINGzZg8+bNkEgk2LJlC4Dy7ZSQkID+/ftj2bJl8PX1RWhoKIqLi/Hxxx/D1tYWM2fOxFtvvaXSflhYGAwNDbF161b4+/vjzJkzWmUaqjsGa9q3qzsGV6TpvFjTPq4vyqAQAJVS4WlpaWqXr3hO1ZXqzps1qeu+l5eXh/Xr18PLywubN2/G4sWLcfjwYVy/fh1FRUUICgrCokWLEBAQgCVLluDKlSsoLi7W+ftuqqq7RuzVqxe8vb3RsWNHbNq0Ca1bt9Z4zVr5fGhoaIikpCS4u7tj1apVcHFxwYYNGzB+/HisWrUKTk5O+OWXXwAAP/30E27duoW1a9di06ZNsLKyQkhICIC6f190Td0xMzY2FpGRkYiNjQXwf8Hf6pavzXG3uusWsViMAQMG4MyZM8Ky0dHReOGFFyAWizW2qek6v7lcUxARERERERFR/VUO/hYUFCAlJUXtozHoJANYJpNp/LGjNhmI+fn5NaZE5+Tk4ObNm5g/fz6A8h/PXnrpJURERAhjHQ4ePFgoYSiRSJCZmVmlndzcXCQkJAiZRaampnB3d8fvv/+OUaNGAQD69u0LCwsLAMCzzz6LEydOVGnn+vXr8PLygkgkgomJCV566SXhh73Lly+jf//+aNOmDQCgT58+aNmyJW7cuIH+/ftr9Znoilwux549e9SWNq3o+PHjaqe3b98es2bN0jqraf369VXubvDy8oKHhwfatGmDmJgYxMXFwdHRERMmTFDbhvL1Q4cO1Sr769KlS3j99ddhbGwMY2NjLF++XMiqqw2xWCyM42hsbIxt27YJ77tHjx4wNDRERkaG8N1oDA4ODpg3bx6OHz+OrKws9OzZU+1yFUtFW1lZqQQuaisyMlLIVLS0tETXrl1x+fJllSC6MphlZmaGPn36ICEhAYMGDcInn3wibLNWrVrBwcFBCIqIRCL07NkTbdu2rbLOixcvwsXFRbjZw8XFBd9//z1u3rwp3Bjy4osvAigvd21nZ4fMzEzk5uYiMTERfn5+EIlE6NChA7Zt24YWLVrg9u3bQvvPPfecMB0o38ePHj1a58+oMUmlUiQmJiI2NhaJiYkAyre3lZVVjWMkSqVSZGZmolevXgAAd3d3IcCu1Lt3b+F73qFDB1haWsLU1BRAedDr4cOHwrL/+c9/hOzhgQMH4rvvvkN2dna16x83bhxeffVVYX90cnIS3gOgus81Jnt7e0yaNEmrQLqyVHTl8YK1lZeXB7FYDBMTE43LxcTECMcxABg5ciSOHj2K/Px8AICNjY0QLJZIJCgtLYVMJoOtrW21bV6/fh1vvfUWRCIRxGIxhgwZglOnTtXYZ3XHYE37dnXH4IrfDU3nRWXWnLp9XJ9kMple1w9A6/NmZXXd965fvw5LS0v06dNHWL+zszNiY2Ph5OQES0tLREZGws3NDfb29li4cKEO3uWTRZtrxJquWdWdD+3s7NC5c2cA5cdie3t7oYxxhw4d8OeffwIo39/Gjx8vlKcfPXo0/Pz8UFpaWufvi67VdDNEv379hGoscrkc0dHRtW6jIk3XLS+99BI2bdqEqVOnwtjYGNHR0UJVE000Xec/ydcURERERERERKQ7lYO/TUGDjgFcFxYWFrh165bGZZQ/JFcMvllYWKiMz1cxSCkSiVBWVlalHeXyS5YsEaYpy7epa8fAwEBtO7m5uSrjylZM3c7Ozq4SKKjc18Zy4cKFGoO/mkilUkRGRmo9tuGCBQuqHQN41KhREIlECA8Px6ZNm9C7d29MmzZNCAhUpm2gNSsrS+XzV/4gV1paqtXrlSqXSDxz5gwuXrwojIFZUlIi/N2YzM3N4enpiYSEBAQFBcHDw0Pl5orK4wTXFBTUJDc3F5cvX0ZcXBy+//57AOXjExYUFKgEgCt/3spATUJCAo4fPw65XA6RSASpVKoy1md12zQrKwvXrl3DtWvXhGlFRUXIysoSAsDq9kvlPlWxP+rKKBQWFuLAgQP4559/AJSX29XHtqyL6soUa7Nfnzp1CllZWZg2bZpKe0lJScJ2qTjGrYGBQZXnFY9/6vazvLy8ateflpaGgwcPIjMzEyKRSGV7AlX3ucbk7OwMa2trhIeHV5vRqVSfILClpSXy8/NRWFiocTzh7Oxslf1D+Vkrz32Vz28A1J6bKqp8ntIULFanYn807dvVHYMr0ua8qM25t7FUrAwCQKWfpqamasfzru140dVdpygrHwC1P28q1XXfq/w9BMq/iw8fPoRIJMKyZcsQHh6OVatWwcDAABMmTHiqSkAD2n1Ptblmrfw5a3sszsrKQmhoKA4cOKDy2qysrDp/XxqTqampMJ628ibF+txsUdN1S69evWBmZoYrV66gffv2yMvLq/Y6tXK71V3nP8nXFERERERERESkW5WHwdK3JhcA7tOnDw4ePIjk5OQqWcNHjx6FRCIRpmdlZQk/ZOXk5NR6MGVlOeG1a9fWq952y5YtVQIfFX+8srKyqhLsrUtfdUEZJLKzs6sSxE1NTRXGNxwzZkyVH+eVgRFdlrUcOXIkRo4cCblcjpCQEOzevVvIkKmsYvZv5bKlcrlcyFK0tLRUyTTLzs5GaWlplR+4DQwMVH6g03RXRmxsLA4fPowvvvgCtra2UCgU8Pb21v6NNgBHR0c4ODggNDQU9vb2GDt2bJXgL1C/8s9nzpzBoEGD8P777wvTysrKMHv2bEilUiGbLDs7W8hcys3NhYWFBXJzc7FhwwZ8+OGHwlh5q1evVmm/uozu1q1b48UXX6xSGhqAxhsnlNu44nEhPT1d5UdboLwU7t27d7F06VKYmZnh1q1bWL58ucbPorEoj29yuRzJyck1BiO1VVxcjN9//x1fffWVkFkNlJcIjYyMVAnMa6vifqYsaa/pRo3AwEA4Ojrigw8+gEgkwpEjR5CUlFTr9TYUBwcH+Pn5QSaTQSaTCQGXoKCgKgG+ugaBu3TpghYtWiAqKkol8xoA4uLicP/+fXh4eMDKykrl81WWm7e2tsadO3fq9P7EYrHKca5iRq26Y2plyv21pn27umNwRU3pvKjJ+fPnER0dXSUgJZPJIJfLYW5uDgcHhyrf44pjBGurTZs2SE1NhUKhUDk23r17VyVYX915U9N5sa77XuXvIaC6ndq3bw8fHx8AwI0bN7BmzRp0794dHTt2rNV7r49ly5ap7J9mZmb4/PPPG2392lAO3aDpmrWu41tbW1tj0qRJcHFxUTu/NtdZDaV9+/bVHrfs7e2FIHpYWFi1NzMps59rUtN1S/v27TFs2DBcuHAB9vb2cHV1FW6w0LQPabrOb8rXFERERERERETUeAwNDeHo6IiEhAS9JrNUpJMxgHWpa9euGDp0KNavX48//vgD+fn5kMlk2L9/P8LDw2FnZ4dWrVqhR48eQqm94uJinD59GgMGDKixfSMjI6GMplgshpOTE8LDwwEACoUCR48exdmzZ2vV5549e+LcuXNQKBSQy+Uq42q6uLjgypUrQunUuLg4FBQU1CngoivKH60rPir+WG1vb19lvrZln7W1fft2IaPK3NxcCKwCqttInTZt2gjjumZnZ6uMxTZgwACcOnUKRUVFKCoqwrp16xATEwMDAwOIRCKh3bZt2wp11ktLS9WWHFTKycmBpaUlbGxsoFAocPjwYYhEIr3fzWFubg4fHx9YWVlh8+bNakvYRkRE1GqMWCWFQoHIyMgq4yUbGBigf//+Ktlwp0+fBlAeGIqPj4eTkxMKCgpQWlqKLl26ACgPov/7779afWYDBw7EpUuXhABVRkYGNm7cqDbLriILCwt0794dERERUCgUSE9Px8KFC/HgwQOV5XJycmBvbw8zMzPI5XL88ssvKC0t1fvYlbNmzYKPjw9GjBgBDw8P+Pn5qc2ms7OzqzKtpmzDixcvol27dirBXwAYNGgQLl++rDFztzpXr14Vjmtnz55F586dNd5Ik5OTAwcHByFj9OLFi3rfh9SxtrYWjon29vbw8fERggAVKYPAtRmb0tjYGN7e3ti/fz8iIiKEQOLvv/+OwMBAIdDn4uKCqKgo4Tt54sQJODk51es43L17d0RHR0OhUKCgoAAXL14U5rVp0wZpaWnC+jSdA2vat6s7BlfUFM+LlYWHhwvbSB1lCWVXV9cq89RNq8mAAQNQUlKC0NBQ5ObmoqioCJcuXcKvv/4q3Cyg6byp6bxY132vV69ewnEdKL9pIC4uDv3798e///6L5cuXC8eODh06wMjIqNEzH9XdnNHU1OeatSYDBw7EiRMnhM/hzz//xO7duwFo/r40Jk03Q2RlZSEqKgpRUVEab3jS5oYKba9bXnrpJcTHx+Ps2bNCqXlA8z6k6Tq/qV5TEBEREREREVHja9GiBRwdHYUbzU1MTNChQ4cqD3W/8TeEJpcBDADvv/8+IiIicODAAaSnp8PMzAy9e/fGmjVrhADG3LlzsXPnTmG8z379+mHcuHE1tv2f//wHv/zyC+bMmYMtW7Zg7ty5CAkJga+vL8rKytClSxe4ubnVqr+TJ0/Gli1bMHv2bFhZWWHYsGH45ZdfAJRnanp6emL16tUoKyuDWCzGwoULIRaLa//BPGHWrl2rdvq2bdswZswYhISE4Mcff4SBgQHs7e0xa9YsAOU/aIaGhiI5ORnvvvtuldd7eXnh22+/xaVLl2BtbY2BAweipKQEADBhwgTk5eXhgw8+QFlZGVxcXPDyyy9DJBJhyJAhWLlyJTw9PTFq1Ch8/fXXWLx4McRiMXr37o3IyEi1/R04cCAuXLgAX19ftGjRAhMnTsSLL76IrVu3YsmSJSqlNPXB1dVVCEZYWVkJ5RT37NkDoDxAAwCTJk3Sus2//voLeXl56N27d5V5gwYNwubNm4XgpLW1NT7++GPk5eVh0KBB6N+/P0QiEUaPHo1FixZBLBZjwIABmDp1Kr799lt06tRJ47qff/55vPnmm/jiiy9QUlICIyMjjB8/HqampjVmNPv6+iI4OBizZ8+GiYkJvL298cwzz6hkH3l4eCAgIAAffPABLCwsMH36dKSkpODTTz/Fhg0btP6MdKliZYOKRowYoRJst7Ozg5+fH1JTU1UyU2sq9R0ZGYlBgwZVmW5tbQ2JRKLyY7a2+vXrhx07dkAqlcLc3Bxz5szRuPybb76JvXv34scff0SnTp0wa9YsrFu3Dt999x26detW6/U3FmUQWFeZwMOHD4elpSWOHTuGgwcPQiQSwcHBAR9++KEwPvNrr72GvLw8fPLJJ1AoFOjYsWONn29NlOep999/H+3bt4erq6twnurduzeef/55LFq0CNbW1kIAU92dau3atdO4b1d3DK44frSm86I+hkdQR3ncrE5cXBycnZ3h4OBQJaO5uvHZNRGLxVi+fDlCQ0Ph6+uLkpISYbsrM601nTc1nRfruu+JxWIsWLAAu3fvxq5du2BgYIA333wTPXr0gEKhgKOjI/z9/QGU37g1adKkGo/vT6u6XrPWZNy4cSgoKMCCBQtQVlYGS0tLocy/pu9LY+rZs2e1pdJNTU2FoLS6G22U07XZp7S5bvHy8kK7du3QtWtX5OXlQSKRCMto2oc0Xec3xWsKIiIiIiIiItIfZRA4ISEBNjY2jVotrzKRopbpAMnJyQgODq7VSmbNmqU2uEH1p65UtjqpqakIDg4Wxp6sHLAICwtDXFwcgPLxMCsGC2t6LdWfttuxOnK5HFKpVON4wJW3a31lZmZi7ty52L9/f5XSiU8zbbflokWLhL+tra2xYMGCKsvIZDKsX79eeC6RSISSqzKZDLGxscL4tY1p27ZtaNOmDSZPntyo662N+u5TlVUOuldkZmaGBQsW6LxSgq6VlZUJ++qFCxcQERGBNWvW6LlXjU+b78bu3burzSZ1cHDAkCFDhO29bt06lQDwggULmlw56ydNXY6jSl988QWA8htfKt5AAwDu7u7CDTOaXks1q80xVt22AFS3hzbL6EpAQAC6dOlSpRR/U6TrcxkRERERERERqbp8+TKcnJy0WrZipUMLCwuNFQ0LCgqQn58PGxubevVPeYO6skqfNvr27QugCZaApoYRGhoq/JhdWFgoZIcC5YFCZfBX+bxi9pOm11LToCzrXZGzs7PKj5uxsbEIDg6u17jA6uijpGRzI5PJcOjQIZVtk5qaitDQ0GpfY21tjREjRugt0PS0bfeaykEfP35cD73S3tGjR7FixQoUFxejpKQEv/32W50yVZ8Wb7/9Nnx8fNQ+RowYIQR/z58/XyVrOSoqSufHWaIn2YgRI1SybbUlkUh0HvxNSkrCX3/9VetqP0REREREREREtdGiRYt6B3/rq0mWgCbdq/wDdUFBgfC3ujEOK/54rem11LS5urpCKpUKAf7k5GRERkbCw8NDzz2jymJjY2FnZyeU342MjIRUKtVzr6giTeWgqxsrtql45ZVXcPfuXfj6+sLAwAA9e/bExIkT9d2tJ5JMJkNUVBQSEhLUZgnHxsYiISEBjo6OcHd3ZzYwEQBvb2+EhoaqDMmQmJgIkUgk/F2RRCKBt7e3TvuwatUqpKSk4P3330eLFi102jYRERERERERUVNT6wBw+/bthbE/a/Ma0q/BgwcjOjpaeO7s7Kzy9/nz54WAhqmpKRwdHbV6LTV9np6eACAEgXUVqLKxscEPP/ygk7aeRmPGjKkSPKq4b40YMaJKqfWmciyt73i0T7LqgsBDhgzRY69qZmZmhnnz5um7G0+8ikMiaFJYWChU05g6darKOZV0p/Jx1MzMTPhbXYZ7xWmaXku6Z25uDh8fH0RGRgrXnFKptMqNTqampnB1ddV55i8ALF68WOdtEhEREREREdHTo0OHDsLfYrFYjz3RTq0DwObm5g3yoww1LA8PD5ibmwtjiVXchtbW1vDx8cGFCxcAlAcyKmYsVX5tUw90UFVjx46FmZkZZDKZEBAm/VJm+lbH3t6eY203Ufb29li4cCEiIyMhk8ng7OzMAN9T4sKFCzUGfyuLiIjg96OBaDqO1nQMrekYTA1jxIgRGDJkCBITE5GamioEgNu3bw97e3v07NmzyY+nTkRERERERERPp44dO+q7C7XCEtBPEU2Be3t7e42BQQb9n2zm5uYs+0ykQ9ynnk51GdtX3bjRRE8zc3NzODs7s6IMEREREREREVEDYgCYiIiISAtvv/22vrtAREREREREREREVCMDfXeAiIiIiIiIiIiIiIiIiIh0gwFgIiIiIiIiIiIiIiIiIqJmggFgIiIiIiIiIiIiIiIiIqJmggFgIiIiIiIiIiIiIiIiIqJmggFgIiIiIiIiIiIiIiIiIqJmggFgIiIiIiIiIiIiIiIiIqJmggFgIiIiIiIiIiIiIiIiIqJmggFgIiIiIiIiIiIiIiIiIqJmQnTw4EGFvjtBRERERERERERERERERETlXn75ZQBAfHy81q/p27cvAMDIwsKiQTpFREREREREREREREREREQ1MzIygpmZGSwtLWFtbV2/tlq3bq2jbhERERERERERERERERERUW0ZGhrCxMQEYrEYpqam9WrLyMbGRkfdIiIiIiIiIiIiIiIiIiKi2jIwMIChoSFMTU1hZmaGsrKyOrfFDGAiIiIiIiIiIiIiIiIiIj0SiUQQiUQwNDSEkZER5HJ5ndsyatGihQ67RkREREREREREREREREREtaUMAotEonq1Y2RkZKSjLhERERERERERERERERERkT4Z6LsDRERERERERERERERERESkGwwAExERERERERERERERERE1EwwAExERERERERERERERERE1EwwAExERERERERERERERERE1EwwAExERERERERERERERERE1EwwAExERERERERERERERERE1EwwAExERERERERERERERERE1EwwAExERERERERERERERERE1EwwAExERERERERERERERERE1EwwAExERERERERERERERERE1EwwAExERERERERERERERERE1EwwAExERERERERERERERERE1E0b67gARUXMx+4tDCPkpptr5fl5D8dUH44C7cVBsnVB9Qy1tIFr8ByASNUAviYiIiIiIiIiIiIioOWMAmIiosXX6D9DSBsjLVD8/LxNIvgR0GdS4/SIiIiIiIiIioqdSWVkZCgoKIJfLUVhYiKKiIgCAiYkJzM3NYW5uDjMzMxgZMaRARPQk4NGaiKixiUSA40ggZl+1iyiuHoOIAWAiIiIiIiIiImogCoUCubm5yMrKEgK+lecXFhaisLAQMpkMIpEIJiYmsLKygoWFBUSsXkdE1GRxDGAiIj0Q9RmneYGEU4BC0TidISIiIiIiIiKip0pBQQGSk5ORnp6OwsJCKBQKlJSUID8/H6mpqXj48CHkcjnKysqE1ygUChQVFSE9PR23b9+GXC7X4zsgIiJNmAFMRKQPDgNZBpqIiIiIiIiIiBqVQqFAZmYmcnJyoPj/yQc5OTk4f/48rly5glu3bqGgoAB2dnYoKipCjx49MHr0aPTs2VMl41ehUCAlJQWWlpawsbFhNjARURPDDGAiIn1QloHWQHH1WCN1hoiIiIiIiIiImjuFQoF79+4hOzsbCoUCZWVlePToERYuXIgvvvgCJ06cQEZGBgwMDNC+fXvIZDIcPXoUs2fPxp49e1SygZWys7Nx9+5dIZhMRERNAzOAiYj0RNRnHBQaxgFGwilgwpryYDEREREREREREVEdKYO/Fcf6vX37NtauXYu//voLJiYmkEgkeP7559GlSxdYWlrimWeegVQqxd9//43du3fj4cOH+O9//wszMzOhTQAoKirCv//+i2eeeYaZwERETQQDwERE+sIy0ERERERERERE1AgyMzNVgr/Z2dkICAjAtWvXYGhoiF69emHQoEFo164dzM3NYWpqCgsLC7Ru3Rrt27fHrVu3EBERgTZt2sDb21toRxnwffz4MTIzM1kOmoioiWAJaCJ6avWZuFjjIzmlmsCsrrAMNBE9AbaERcNw0EJ4fPRdtcuci78Dw0EL0WncamHaV/vOwvHNr1BWVnMZsO9/joXhoIUIP5+okz43tKO/J8Bw0EL8TyoDULv3qo1/02To6LEaJy7d0kl7RERERET0dCsoKEB2drbwXKFQ4ObNm0hMTISBgQH69euHQYMGwdLSEsbGxhCLxWjZsiUsLCxgZWWFVq1awc7ODgMGDEBMTAxksvL/C1UM9IpEImRnZ6OwsLDR3x8REVXFDGAiemol3UnVOL+ouLjB+8Ay0ET0pPj10k1IH+SgfVuLKvN2Hb9SZVpPSTuMGvAcDAxqPn7t/TUOALDnlzh4uPasf2cbWW3eqzasWppjlMtz6NTOUiftERERERFR40hPT0dYWBiuXLmCR48ewcbGBq6urpg0aRJatWqllz4pFApIpdIq03788Ufk5OSgVatW6Nq1K0xNTWFkZARjYzMPPMsAACAASURBVGOYmZnB3NwchoaGKC0tRVFREfLz82FgYICsrCykpqbC2tpa7fru37+PLl26MAuYiEjPmAFMRKRPyjLQ1cnLBO792Xj9ISJSw8zUCGYmRgj9/4HaivLljxF2+hpsrVuqTH91UHd8PX9cjW2nZubg9JXbGDPkeRw7l4jsvPrfLV5aWlbvNmpD2/eqLcuWZvh28RvoKWmnszaJiIiIiKhhnT17FnPnzoWtrS3Wrl2LsLAwLFu2DAqFAtOnT0dion4qHuXl5aGsrAwikUh4lJaWIiYmBmVlZWjZsiWMjIxw8+ZN/Pzzzzh16hTi4uLw8OFDFBYWIjc3F3/99RdOnz6Nq1evwsDAANevXxfaqkyhUCA3N1cP75SIiCpiAJiISJ+0KQMdzzLQRKRfIojg6d5bbaZv2OlrKHpcggkvOalMX7T1F9i8vLzGtvee+BPmpkbYtuB1lJYpEHb6msr87YcvwWL4Enz/cyyc3vwKLYZ9hv7vBuBy4j2VZQwHLcTG/edg+8pyeH66B0B5IHhFSCQ6jVsN8Uuf4eV5O/H3vQfC695cvBcjfYPxzeGLcHh9LSyGL8Ho+SG4n5mt0ocfIq/iuUnrYP7ipxg6exuu/aN693zF93r+6v9gOGih2sdft9MAALkFRfDb+BM6eqxGi2Gfoe/Ur3Hkt7+E9lIysmH4/9i77/CoqvyP45/JTHoDAoSETihBqggoCIgUEVYEYRGVImBBiuzPsitlWdZ1qbIWBBV0VxRYxUJVECHiAiusIEIiEISACZBAgPSeKb8/xgwJk05CYny/nmceMveee+659wY0+cz5nh4v6KOdRx3briSla/xfP1KdgfNUZ+A8PbHgU6VlZAsAAABA1Tt27JjeeustvfXWW3rwwQfVoEEDubu7q3Hjxpo0aZIWLVqkuXPn6uLFizd9bHnlmvM7d+6csrKyZDKZ5Ovrq8uX7cugderUSQEBAcrMzNSVK1eUkpKi9PR02Ww2tWnTRq1bt5bVatWpU6ccfRUWAickJFTeBQEASoUS0ABQxUosA330c2noPMpAA6gyWTlmTRraXe9/8b0O/BijO9o3cexb/fkhDe19i/y9PcrV97ovD2twj1A1qu+vu7uEaO32w3r8/u4F2qRn5mjt9sP6559HKdds1fPLPteQZ/6psxtnydfL3dHun1u+08KpQ9Smqb2ywtQlG/Xvr37QgqmD1SSwlv7+rzDdM+MdHfvweXl5uEqS/hv+s5JSM7VgymBdSUrXnLe/1HOvf66P/j5GkvS/YzEa85cPNbB7K/39qXsVczFJL/1rV5HX0yGkgcJWPOl4n2u2avxfP1LdWt5q2aiuJOmRuf9W+Ok4LZ4+RA3r+WnLnuMa/ed1OvjeDHVqFeTUZ3aOWf2mrVRWjllvzxyp9MwczVyxTSnpWVo/f2y57jsAAABQk4yatUYb8n2oMr+ja59R+5AGqjfoRTULqq0D/5wuo/HavKgH/vS+Bt3RRk+NuKPc51+2bJlmzZqlunXrFro/JCREjz32mN555x3NnTu33OcpK4vFopycHKftiYmJjpnADRs2VKNGjRQQECA3NzcZDAYlJSXJarXKarXq8uXLysrKUosWLRQXF6egoCClp6c7gl+bzSaDwVDgz9zcXJnNZplMxccPn27YqD/NnFNsmxEPDNPSxQvLfxMA4DeKABgAqlpeGei0y4XvzysD3aRL+c8Re0LKzFd+x9NXCm5btj4SzkuJ162bHBwqeTqvB+ok6n+SrguwawdLdRqVfOz1Yy+r8lzrdY5GRiklNUOS1KFNc9Xy8ynhCLvoC5cUExtf5P7k1DT5+/qUus8934UXuYZO9IVLatowUE2C66tpw5LLxialpCni5NkS212vd7cORfZT3ntT1HHFXW9+ZTlvUY5GRumLrw9oz3fXZp/6+/qoU9sWGjNsQKnuaU1ms9l0e7vGatW4rt7betARAEedv6q9R85qy9KJCjt4qoRenIWfjlNE1EXNmtBPkjTi7vaaumSjfo5LVLOggutJrfvbw44y058uHKeQEYv0r60H9YfRvRxtNi15VK0a23/hcjL6st7d8p2W/3G4pozoIUnq3DpYISMW69OvwzV+yG2SJF8vd21/7THVreUtSTpz4ar+/dW10vuLP/hGTRvU0tZ/TJTpl18S+Xq5a9rLGwu9Jn8fD/XtEuJ4P+etL5WYmqkvX39cHu72//X+v4d6q0mDWo6x9u0SotVfHNKXB04WGgC/v+17HT8br6Nrn1G7FvbvRVeTix59cb2iLyaqaYPC194CAAAAfkuefbi3Xp5xX7FtElIy9Nr6fXrukT4Vdt7Lly8rJSVFHTt2LLbdPffco3feeUcWi0VGo7HCzl+crCz7Ejt5P1sbDAZZrVbVrl1bRqNRubm58vLyktFo1IEDB5SZmSlvb281aNBA3t7eCgoKUlpamrKzs7Vr1y5ZLBY1adJEV69elcViKdBvXvibJyMjQ35+xf/O6PcjHpCkIkNgwl8AKD8CYACoanlloIuZBWw7skWGGwiAbZvmS2cOXtvg4SvDs5tKF8Dm9fHRzIJ9SDJM+UAKub34A6P+J9tb4523B4fK8Ozmks97/djLqkU3GaauLf/xku599AWlpNkD4NlTH9GcaaWbcbd2004teLOY2d35NAmur5Xzn1Wf7kX/wDh44sxS9eXv663p44dr6thhRQaj4ZFnSt1ffunHthXZT8fQFtr/2fJS9ZP/3mx/b1Gh112W8XUMbaGxwwdozLABZQqDt4bt158WrSwyqP/86/2av2KdenfroNlTxxT7fGq6rByzJg7tpoWrv9Zrz94vT3dXrf7ikILq+uneO1pr27cnytzn2u2H5e5m0u96hkqSRvTtoOlLN2ndjh8055dQOI+Xu6vj60b1/dWhZQOFnypYijkowNfxddih05Kk+3vfoqxssyQpsLavmgfX1qET5x0BcJPAWo7wV5KC6/npcmK64/33kec18u4OjvBXkhrkO09x9h39WYvXfKNF0wYXCHZ7d26uNz/br/U7j+jnuERl5ZiVkp6lpJTMQvsJO3hKbZvVV0jDAMe19OzQTJJ06MR5AmAAAACglBZP/52eXPipRt7dwelDp+UVGxurZs2aldjOZDKpdu3aSkxMLHKmcEXLzHT+GcNgMKhx48aqVauW4uPj5ebmJh8fHzVq1Ejx8fGqW7euOnTooNzcXFmtVjVt2lRNmzaVh4eHMjMz1bBhQ+Xm5iomJkaenp7y9vaWt7e30we4s7NLt2RNUSEw4S8A3BjWAAaAasDQblDxDY5+LuX7FOUNy0qVbUsZ/if64IZyh7C2Pe8XviM28peZwdXbmo07HeGvJK1Ys1lJKWkVfp6Y2HgNnjhT90544Yb7T05N1/wV69Rj5HQdjYyqoBGWLDzyjCbPeeWmne/6c/9p0Srdcs9EbQ3bX2L7pJQ0TZ7zih6a8VKB8LdX1w4FXnn2HozQ4IkzteDNdZUy/l+DnFyLHh1ymzKyc/XZ7ghZrTZ9sO17PTrkNhmNLso1W8rUn9Vq04c7j6hvlxaSpLSMbHm6m9SjfVOt3X64xOPr+HnpUkLR1QEuJ9r/HjW5f4G8+85xvM5cSFBCSkaRx13vUkKaAksZ+OaXkp6l8S9+pLtubeE0u+DppZu06IOv9dTIHtq1/En9sOb/FODvVWRf8YlpOn72UoHraPX7xZKkhCJCYwAAAADO2jarrykjehRZ0ac8fHx8lJZWup/j09PT5e7uXnLDCpIXwubNzLVarY6v+/fvr5CQELm7u8tgMOjWW2/V6NGjde+998rf3182m00Wi0UuLi5yd3fXXXfdpf79+6tu3bpKS0vTyy+/rH//+986cuSILl++rOzsbFmtVse5Cys9XZTfj3hASxbNd7wn/AWAG8cMYAAowZzlm3XmwpUi908b3Ve9OocUub9UWvas/DLQ1/txlz2ALWkGb2aKbJsXlO8cCeelY2FF7rbteV+Gks5fxeavsAd+jYPq61xcvJJT07U1bL/GPTCwTP0UNcv1aGSUwk+c0fwV63QuLl57D0Zo/op1ennW5CL76tW1g3a8v9hpe1JKmvYejNDyDzZp36EIe6g8YaaOf/VesbNiyzKruSRrN+1Sr64dynx/ilPU9Ur2MtHhkWe0dtNORZw8q+TUdD004yVNHTus2Hs4+umXtO9QhCTJz8dLc6aN1djhzrOHoy9cKjBbef6KdUpMTiu275rKZrOpQYCvBvdoo9WfH1L92j46H5+sCfd1/WV/2fr7+vvTir2cotjLKfLv/xen/QePn1O3WxoXeXzclVR1u6XoKgbenm4yGl20+83JMroU/Mxj/hm/JWkQ4Kvk1LKHrE8v3ayk1EytfuvBAp+Ez84x670vDumN54bp0V9mIUtyGmN+Pp7uurVNsJY//4DTvhYN65R5bAAAAEBN9Nr6fVr+6bcFtt0W2kj7Vk11vLfZbPrzpP7qOOYVffjVET18T+cbPm+zZs0UFxen9PR0eXsX/bPGuXPn5O7uLl/fsn/AtLyys7Mda/JarVZlZWUpLS1NSUlJ8vT0VEhIiCwWi8xms4xGozw9PeXm5qakpCSZzWZZLBaZTCYZDAZ5eHjIZrPJbDarWbNm+uSTT3T69GlFR0erS5cuatGihRo3bqzAwECZTCZH+enS+v2IBxyzgQEAN44AGABKsPPACf1w8lyR++/r3eHGA2CjW6WXgS60z49m2UtBF7OOr23P+1JW+dbgte0tYvZvnmNh9pC4DKWoy8rQZ0K5j90atl/n4uyzQ1+eNdkRrC54c12FBZydQkPUKTREQ/v30L0TXlDEybN6c+1m9eneUUP79yhTX7X8fDS0fw8N7d9D81es1YI3/63k1HQ9OecVffyGc8BWWZ7686vq2LaFOoXe4N+LUujTvaP6dO+o6eOHa2vYfj05+x9KScvQm2s3q2Noi0Kf0x8XrnSEvx3aNNf6N/5S5Bq/TRsGas60sbqvfw9HKfDi+v4tmDS0m0a88IGyc83q3bm5Yx3bslq7/bB8vNy1delEubhcC0hzcs2677n3tPbLwwUC4OT0LPl42T8pfzL6so6fvaQnhhf9AZLenZvLYrEqOS1LQ34pMS39MqO3TunLhHdr20g7vzulBVMHO7alpBf/i4xPwsK19svDWve3R9Q4sFaBfakZ2bJYrAVC4dPnryqxmJC5V+fmWrD6azULql2g/PSlhDTHusgAAADAb93/je5V4hrAkuTp7qq3XhihsfM+1KA7Wt/weY1Go4YPH653331Xf/jDHwptY7PZtGzZMo0fX8gSWZXIYrEoJSVFcXFx+umnnxQbG6vDhw/rwoUL6tOnj2655RYdP35cPj4+SkpKkoeHh/z8/GSz2RQeHq7atWsrISFBnTp1Uu3atR3hsb+/vzIyMmS1WnX8+HHFx8fL399fzZs3V48ePdSqVSsFBATc1GsFABRECWgAqCZuehloSUq8UHSJZskezu4s3ZquTjJTpIMll1SyffVGsfsNU9fKsPRk0a+XDkrBoYUfO3qh1H5AuYYvScs/2CTJPvt3aP8emj5+uCR7ueY1G3eWu9/C1PLz0coFzzre7/ku/Ib6mzNtrBoH1ZckffH1gRvqq7Q6tGnu+HrwhJmVUiq7OEP799CX+WYKv7B4ldMYoi9c0ptr7WtP+/l46cvVi4sMf/PrFBri1Pdv1e/ubKvAOj76NjxaE4d2K1cfGVm52vifY3p4YCf1ubW5enVq5nj169pSD9zVTh/tPCqz5Vr5sAf+9IG27juuT7+O0PA/va86fl6a+Mvs48Lc3q6JhvVpp3F//Uivr9+nbw5H6fX1+9Tq94v15f6TpR7rC+Pv1g8/xeoPr2xW+Ok4bdl7XLPe3F5k+9jLKXpq8QZ1u6WxGtX3176jPzteF6+mqm4tb90W2kh/fecrrdx4QK+v36e+U95WrtmitMzC18iaPPx2Bfh7acD0VfrwqyPa/X2U/u+VLWo9akmB9YoBAAAAlM6Abq10T/fW+uOyL+RqMt5wfw8//LBiYmK0YsUK5ebmFtiXnp6uefPmad++fbp48eINn6ss0tPTdfr0aX333Xc6dOiQwsLCdObMGV28eFFRUVEyGo1ycXFxBLspKSlKS0uTm5ub2rZtq0aNGikwMFCZmZlKSEhQSkqKUlNTFRsbK+lawBwfH6/Y2FiFh4dr586dOnbsWJlKQAMAKh4BMABUF3lloIuSVwa6ou1cbg96C2H7aGb5+z24wXnmcO/xksd1s9V+DLOHxeVk2zzfvp7w9boOl7qNKHe/e74Ld8wSnTNtjCR7wJgXqq7bvKvcfRelU2iI/Hzs64CGR5654f76dL+2hm30hUs33F9JhvbvoTHD+kuyr0M8eOINfP+UU6fQEM2e+ohjDGs3FXxOeaG+JC2ZObnY0tiF9T117DBH3xX9IYBfC5PRReOH3CYfL3eN6udc1rw0Nv3nR6VlZOux+7sXuv+x+7vrSlK6tu+/9nd7wn1d9exrWzV23ofy9nTVF69Okq9X8WtnffjSI3r8/u56ee1/dO8f/ql3Nv1Prz1zv+7t0abUY+3atpHW/e1hffHfSN35xAotWfONnnm4d5Htvzt+TkmpmTp4/JzueuqtAq9N/zkmSVo/f4w6tw7W88s+12sf7dWfJ/bXqP4dlZGVW2iftXw9teftKeoQ0kBTl2zU0Ofe05FTsdr+6mOqV7v05awBAAAAXPOPPwzVlr3HdfRU7A33ZTQatXjxYplMJo0ePVp///vftWLFCs2bN09jxoxRy5Yt1bBhQ61YsUKrV6+ugNGXjqenp9zd3dWoUSO5ubnJ399fFotFkvTDDz/o+++/1/nz52U2mx0BcEpKis6dO6eIiAgdPXpUFy9eVHh4uC5duqTk5GRdunRJmzdvVk5OjmNN4ezsbGVlZSkrK0tRUVH68ccfZTJRfBQAqhL/CgNAdVGaMtDHvqrwMtCSZFs/S4Ypawpu/HGXdOZg+fsspPyzofejsmWmSIeuhXDKSrWvBTzo6bKfY/P8gn3ladFNhocKXzO2tNZusod7fj5eBUoxz5k2Rk/9+VXtPRihPd+FF7qu741o2jBQESfPVkhgm39ma/SFS6Wa6XqjVi14TuGRZxRx8qzCI89o8pxXtHL+syUfWIGmjRvuWLN3xZpNjpnbUsHnWp4SztPHD3fMIN76ddnXgv41mj6qp6aP6llg26JpQ7Ro2pAC296Z/fsC7xdOG6yF0warMI8MulWPDLq1yHP269pSlv32v8Nvb7DPYB8/uIumjiy8LPpTI+7QUyPucNru7mbS4ulDtHj6kEKOkj78+xinbc+PuUvPj7mrwLbRAzpp9IBOTu3y5L/W4Xe1c4y9KM2D62jbq485XUMei9U+89lkvPZZzUb1/QsdLwAAAAC7Vz7cq9fW73Pa/o8/DNWMB+902l6vtreWPP07PT7/kwo5v8lk0uTJkzVu3DhFREQoOTlZ3bt31+zZs+Xu7q577rlHU6dO1cqVK2WxWPTYY4+V3OkN8vX1VUREhCIjI3XhwgVFRUUpPT1dFotFWVlZ2rJli+rUqaNmzZrJarUqLS1NRqNR8fHx8vPzU3BwsNLS0nT27Fmlp6fLarUqIyNDWVlZcnFxcQTAeTOJvby8ZLPZlJiYSAAMAFWMf4UBoBoxtBskWzEBsCK2S/e+IOVbO7JCRH1nD3zzyiVnpsi2eUH5+zu4QUq87hO07fpLdRrJ0GeCbNeHtoc2SmUNgA9ukPZ+4Lw9KFSGiW+Wra/rRF+4pHWbwyTZA7/8s0SH9u+hPy1aqZS0DC1fs6nCA+CIk2clSR3btrjhvo7mm0VcXPgbExuvvQcjSuyvd7cOJbaRpC9XL1bbgROUkpahtZt2qVfXDjc1KK3l56NeXTto36EIxcTGO7ZHX7iklLQMSSrz+sp5mjYMVIc2zRVx8qz2leKeAWW17+jP2vSfHyWp3OsrAwAAAL81nywcV2KbyzvmOW2beF/XYpeWKQ8vLy/dfvvtTtsbNGigN998U1OmTNG7774rHx8fjR49ukLPfT0/Pz8dOnRIp0+fVkZGhtLS0hwlqt3d3WW1WpWamqrLly/L09NTGRkZ8vT0VEBAgBITE3XkyBGZTCYFBQXJzc1NycnJunz5ssxms0wmk6xWqyNMNpvN8vLykq+vr3JzcxUYWPkfQgcAFI0AGACqk7wy0GmXC99/9Wd7GejKmAW8eYEMId0lTz/7usCJFwo28PCRskq3pqvt4AanbYa8cszBbaWgUCkuX9nmxAv2QLe0JZtjT8i2fpbzdg8fGR5eJHn6la6fIsxfsdbx9djhBYPLWn4+Gjt8oN5cu1lffH2gQmfW5j9vp9AbC4CPRkY5AsrGQfWLHePaTbucSiUXJv3YtlKdu5afj758f7F6jrSH+k/9+VV1bNtCnUJDSnV8RejTvYOjhHfeTO38s6pv5Jn5+9o/EJCcytqrqHiLP9itfUd/1nOP9FGnVkFVPRwAAAAAFahBgwZasWKFnnvuOV26VPlLNXl7e6tly5aKjIxUTk6OXFxcZDQalZOT4yjhLEmxsbFyc3OT1WqVl5eX6tWrp969e8tmsykzM1MZGRmKj4/XuXPndOrUKZlMJkdfNptNNptNHh4eys7Olqenp9q2bSs/vxv73QwA4MawBjAAVCd5ZaCLYTv2VcWca+D0gu8TL9iD34Tz9nWB82vX3x7clkbsCefS0bWDr80ulmTo86jTYYWVjC5UwnnZ3iz8k72GqWtLP84iJKWk6fOv7SVnxwzrX2hQmL+kcP7Q9kas2bjTUbbYz8dL08YNL+GIou35LlxPzXnVEVDmrWF8M3UKDdHbf3/G8X7whJlKSindBwiA/J4acYcs+xfLp4T1fmuKrf+YqMRdL2rJ07+r6qEAAAAAqATBwcH68MMPNWPGjEo/l8Fg0JAhQ+Tm5qZatWrJw8NDkmSxWGQwGGQ0GmUwGGS1WnX58mVFR0crKipKMTExunLlihITE5WcnKyrV6/qp59+UlhYmDIzM2W4rjKdzWaTi4uLXFxclJaWph49esjFhegBAKoSM4AB4Ga7ECGdCCtyt8HNW7bijq+gMtCGPo/Kdui6Us07l8t27LqZoB4+MgybLdtHM0vVr23PaueNXa+b2dt+gLR5fsEZxbGRUtT/pBDnMkkOmSmyrZ4mZaU67TKMXnjD4a9kXzM2Lzi9fvZvnqYNAzVmWH+t2xymdZvDtGTm5AJloguzbvMux4zU/KIvXNKe78ILlCpe/8Zfiu0vJvaSFry5rtB9W8P2Kzxf6ecxw/qXWH55zLD+RV7rjRj3wEDtPRiudZvDlJyarsETZ2r/Z8tLPrAC5C9/3fGX2dQd882qzr+/rPJmEvv5eJW7DwAAAAAAboa+ffuqRYsWjlnAVqtVLi4ucnV1ldlsltlslp+fnxo0aKDs7GxdvnxZ6enpunDhggwGg7Kzs5WWlqarV68qKytLRqNRrq6ujtnDeTOBrVarjEajWrVqpX79+lXxVQMACIAB4GY7Fy7bzleL3t+8m+TuLWUXUV62ospAe/rJ8NAi2d4aX3B7bGTB970nSHUala7PhPPS9ev7SjJ0e8Dp3Go/wKmtbc/7MhQTANvem+o8PknqPb705aNLsGajPQDv1bVDsev7jh0+0LFO8Io1mzRn2thi+y1NieXGQfW1asGzJa4rHBMbr/krCg+A85s6dphenjW5xHZNGwZW+FrGeVYteE7hkWcUcfKswiPPaPKcV7Ry/rOVcq78wk/YA14/Hy9HmF7Lz0eNg+rrXFy89h2MUFJKWonB/fWORkbpXJw9rO9dSfcMAAAAAICKYjQaNW/ePI0dO1bu7u7Kzc2V2WyWzWaTxWKRi4uLvLy8FBgYKJPJpNTUVMd+ScrMzJSLi0uBWb9ms1lubm4ym82OGcTe3t4KDg7Wiy++KFdX16q6XADAL6jDAADVjkFqf2+xLSqsDHTI7fbyzkWpHSzDoKdL3Z3t4Ebnje36FxogG/pMcG57LMweIhfW90cvOJeW/qV/w7A5pR5jcdZs3OkI98YOH1Bs2z7dO6pDm+aSpBVrNpervLGfj5d6de2gqWOH6e2/P6PIXavLHcR2aNNcjYPqO96//fdnShX+3gxfrl7smC27dtMurdm4s1LPtzVsf77nWHBm87gH7M81OTVdW8P2l7nvFR9c+9DC0H49bmCUAAAAAADcHF26dNEjjzwif39/eXp6ymg0ymQyycvLS927d1ft2rUVEBCgoKAgBQYGKiAgQIGBgapbt678/Pzk6+srs9lcoM+8mcRWq1U2m01XrlzRrbfeqvbt21fRVQIA8iMABoBqyNDp/uIbRGyXbMUWii79uYbNljwKnwVZpmA1M0UqZB1fQ1Ezc4PbSkGhTpsLXQv44IZCZxYrKFSGhxaVfowlyJtV2ziofollkyU51uktTZi4/b1FSj+2rcAr7n+fasf7i/XyrMmlOl+eXl07OPV1YMMKHdiw3BG0LnhzXbVZc7eWn4++fH+x4/1Tf35V4ZFnK+VcSSlp+tOilY73+ddrlgoGwi8sXqWjkVGl7ntr2H7HrO/Sfo8AAAAAAFAdzJo1S40a2T+g7+3tLXd3d7Vt21b9+vVTQECAAgICVL9+fTVo0EB+fn5yd3d3rBHs4eGh7OxsSXLMDLbl+72UyWRSq1atNH/+fKf1gQEAVYMAGACqo5Y97WWgi5JXBroi1GlkL/N8vRbd7GWaS+vHXc5r89YOLrYPQ59HnTce3GgPk/NE/U+29bMK76BhW2nvB9JXy4t/lcKe78Ids0bzZomWZNwDAx2zbotak/dmquXno1ULnpNkLxM9eU4xpcZvsk6hIXr778843n/+ddln35Yk+sIlDZ4407Ge8phh/dW0YWCBNk0bBmrxC09Ksgf3Dz39UqlC4K1h+zV5ziuO96sWVH4Zz5ntygAAIABJREFUawAAAAAAKorRaNTnn3+uZs2aycXFRS4uLjp//rzq1q2roKAg+fr6ysPDQ35+fvL395e3t7e8vLzk4eEhNzc35ebmFgh/82b+Wq1WNW3aVLt375bRaKziqwQA5CEABoDqyOh288pAS/Yyz9fNxi3rzFrbV284b+xawrq87Qc4zz7OSrXP+M3r972pRR9/aKNsX71R4qs08mb/+vl4OWb2lkZeWBwTG1/ppY1LY2j/Hpo6dpgke8hanjLHlWXcAwMdY6tI0RcuacGb69Rj5HSFR9rX/u3QprkjDL/e9PHDNWaYvfR5TGy8eo58Wn9atErRFy45tT0aGaXJc17RQzNeUnKqfV3uxS88WWlrJgMAAAAAUFlcXV21b98+PfLII5Lsa/n+8MMPql+/vmrVquVo5+HhIXd3d8fXLi4ujvV+88JjFxcXubq6aty4cTpw4ADr/gJANWOq6gEAAApn6HS/bN9/VnSDiO3SvS9IFVRaxzB8tmw77GGpof2AQtftLdKPu6TEWOc+uz1w7U3sCdkObpShTsNr6wJ7+tlD4OvKO9v2fnBtjeCsyi9jfDQySvsORUiyB6i1/AoviV2YaeOGa8Gb/5Ykrdu8q1qUBZ4zbYxjHdzJc15Rx9DlTjNh81u7aZf2HowoVd9jhg24oWt8edZkhUeecdzv0og4eUb3Tnih0H3RFy45ZvxeG2N/LZlZ/PrHqxY8p6YNAx3PbsWaTVqxZpP8fb3VMbSFJDndEz8fLy2ZWbZy3QAAAAAAVCdGo1FLly7ViBEjNH78eB08eFC9evWSyWRylG+2Wq0yGAyyWq2yWCzy9vaWwWCQ0WiUu7u7TCaTPDw89O9//1t33XUXZZ8BoBoiAAaA6iqvDHR2euH788pAN+lSMecLuV2GqbeX61DbntXOG/NCXklKOC/bK/ZZtTZJOv0/GSa+KUky9Jkg2/Xr+yZesM8CLmr94Aq24oNr558zbWyZjq3l56Mxw/pr3eYw7T0YoT3fhVf57NBafj5av3yueo58Wsmp6Zo85xV9uXpxke1jYuOdQtSi9O7W4YbHt/6NubpjxHRHye2SJKemlyqg7tW1g6aPH66h/XuUqt8508aqd7eOWr5mk774+kCR5/Lz8dLQ/j00Z9rYYoN0AAAAAAB+DQwGg+68806dOHFCn332mdLS0uTu7q6srCyZTPbIIDc3VwaDQSaTST4+PvLx8ZGrq6uaN2+u559/Xg8++KBjljAAoPohAAbwmzW8X/HBqZ+3pySpX/c2ahocUGS7xg3qSJK6tGmohL7ti2zXqVWw/YuAJsWXdw5sbf/T6CbdOUn6+WDRbS+fKV0A3LBtyW3K04en37X1elt0K7CrwPq+P+4qeNyxsGtfB7eVug6XEi4UaGJLuCBDIf1WtKSUNEVfiFevrh3UMbRFuQK+OdPGKvqCPczce/BaANwkOFC9utoDU3+/YtZ0LqW8vvJmqBanU2iIFr/wpLaG7ZfNZl/DNn8w6u/n7eivLJoEF7w/+fu5fl9R8gLqPy1c5eijMCWNz9/PW51CW8jf10dD+/co17Pr072j+nTvqOgLl7Q1bL+SU9O057uIX/Z1UJPgwDLPCgcAAAAA4NfAzc1NDz/8sGw2m3JzcxUfH6+kpCSdPXtW586dU7169eTu7q569eqpV69e6tixo+rVqycXF1aWBIDqzmDLW7kdAIDKEnvCMQNYklQ7WIY5u6tuPAAAAAAAAAAAVGMpKfbJV0eOHCn1MZ07d5Yk8VEdAEDlC24r9R4v1Q6WgkJlGDanqkcEAAAAAAAAAECNxAxgAAAAAAAAAAAAAKhGmAEMAAAAAAAAAAAAACAABgAAAAAAAAAAAICaggAYAAAAAAAAAAAAAGoIAmAAAAAAAAAAAAAAqCEIgAEAAAAAAAAAAACghiAABgAAAAAAAAAAAIAaggAYAAAAAAAAAAAAAGoIAmAAAAAAAAAAAAAAqCEIgAEAAAAAAAAAAACghiAABgAAAAAAAAAAAIAaggAYAAAAAAAAAAAAAGoIAmAAAAAAAAAAAAAAqCEIgAEAAAAAAAAAAACghiAABgAAAAAAAAAAAIAaggAYAAAAAAAAAAAAAGoIAmAAAAAAAAAAAAAAqCFMZ8/FVfUYAAAAAAAAAAAAAAC/CPD3LvexpuaNg8p1YFxcnGJjY5Wamiqz2VzuAVQEk8kkX19fBQcHKyio9NcTFxenS5cuKSUlRTk5OZU4wrJxc3OTn5+fAgMDy3w98fHxSk5OrlbXU1Hc3Nzk7++v+vXrc1+qgfI+DwAAAAAAAAAAABQvJSWl3McabDabrSwHmM1mHT16VJLUokUL+fr6ymQylXsAFcFsNis1NVVnzpyRJLVr104eHh5Fts/KytKxY8dkNpsVFBQkT09PGY3GmzXcElksFmVmZiouLk4mk0ktW7aUv79/ke3zrsdisahhw4Zyc3OrVtdTUSwWi3JycnThwgUZjUbuSxXLex6xsbFycXEp8XkAAAAAAAAAAACgdPIC4CNHjpT6mM6dO0sqxxrAR48eVe3atXXbbbepdu3aVR7+SvYZwHljkqRjx44V2z48PFweHh5q1aqVfHx8ql0oaDQa5ePjo1atWslsNuunn34qtn1ERIS8vLzUsmXLahdmVySj0ShPT0+1bNlSFouF+1LF8p5HSEhIqZ4HAAAAAAAAAAAAKl+ZAuDY2FhJ9pm/1VVeCJw31uvFxsbKZrP9akrWtmrVSlartdjrsVqtCgwMvMkjq1otW7bkvlQjJT0PAAAAAAAAAAAA3BxlDoCrc/ibp0WLFkUGURcvXvzVhL95goKCdPHixUL3Xbx48TcbcgYGBnJfqpHingcAAAAAAAAAAABujjIFwGlpafL19a2ssVQYX19fpaWlFbovNTVVnp6eN3lEN8bT01OpqamF7ktNTZWXl9dNHlH14OXlxX2pRop7HgAAAAAAAAAAALg5yhQAm83marHmb0lMJpPMZnOh+3Jzc391a8EajUbl5uYWui83N/dX8Uwqg8lk4r5UI8U9DwAAAAAAAAAAANwcZQqAAQAAAAAAAAAAAADVFwEwAAAAAAAAAAAAANQQBMCVZMeOHQoICHCUog4ICNCOHTuqeFQVa/Hixbrrrruqehi/Kvv27VNAQECRa1Tnt3jxYvXv3/8mjAoAAAAAAAAAAAA1RaUEwP/9739lMBj07bffFrp/06ZNcnFxUVRUVGWcvsJkZWUpICCgyNeoUaOKPPb69Wd3796tnj17SpJiYmK0YcOGSh17UcLCwgpcQ3BwsLp06aLp06frxIkTZerL1dW1TOsp79u3T4cOHSrrkG+K6+9LQECA6tevr1tvvVWzZ89WSkpKhZync+fO2r17tzw9PUtsO3HiRK1cubJCzgsAAAAAAAAAAIDfBlPJTcruzjvvVKdOnbRy5UpH6JnfqlWrNGjQIIWEhJSpX7PZ7BSs3gyvvvqqhg8f7rS9LGPp0qWLLBaLbDabtm/frv/+978aMWJERQ6zVPIC24MHD6pBgwZKTk7WyZMn9frrr6tfv35699139bvf/a5Szr1q1Sr16tVLXbt2rZT+b8T190WScnJy9MMPP+iZZ55RdHS01q1bd8Pn8fX1VZcuXRwzw4vToEEDBQUFyWKx3PB5AQAAAAAAAAAA8NtQaSWgp02bpo8//liJiYkFtsfExGjHjh2aNm2aJOnDDz9Uu3bt5OnpqZYtW2r27NnKzs6WZJ81azKZtGHDBgUEBOi1116rrOEWy9fXV7Vq1XJ6eXt7O9ps2bJFd9xxhxo3bqxhw4YpJiamQB/+/v768ssvtWTJEs2bN087duxQ8+bNFR0dfbMvR5Lk5eUlHx8fNWrUSAMHDlRYWJgmTZqkGTNmOGa7WiwWLViwQO3bt1eTJk3Uu3dvrV+/vsg+jx49qmHDhqlx48Zq166dnnjiCV28eFGSNGLECG3btk0vvvii40MBV65c0eTJkxUSEqKQkBDdf//9Onz4cOVffDHy7ouPj4/q1KmjQYMGaf78+dqxY4ejbHNx437ppZfUvXv3An1aLBaFhobq7bff1t69e+Xv7+/oa/369erZs6caNWqk1q1ba8qUKY77v3DhQvXt29fRT0REhB544AG1bNlS7dq106RJkxQXF+fYX79+fX366ad66KGH1K1bN7Vr105vv/12gXEU9zwvX76sSZMmqXXr1mrUqJF69+6trVu3VvAdBgAAAAAAAAAAQGWqtAB4zJgx8vDw0AcffFBg+zvvvKMmTZpoyJAh+vbbb/XYY4/p5ZdfVmpqqrZt26ZNmzZp3rx5kiR3d3dZLBZ9+umnOnz4sKZMmVJZwy2WzWaT1Wp1etlsNkn2UPvxxx/XlClTlJCQoKVLlxZautdkMmnevHl65JFH9Lvf/U5JSUlq3rz5zb4cSdeuyWKxKDc3VykpKZo1a5aSk5MVFhYmSVq2bJm2bt2qHTt2KDk5Wa+++qqee+45x/78UlNTNWrUKA0cOFBXrlzRjz/+KIPBoEcffVSStHPnTjVp0kQLFy7UsWPHJElTpkxRTk6OTp48qbi4OA0dOlQjRozQlStXbt6NuM71zzonJ8fxrPNm4hY37nHjxikqKkoRERGOPvfu3auEhAQ9/PDDBUpm//zzz5o2bZqWLFmi1NRUHTlyRBcvXtTSpUslFSyxnZiYqGHDhun222/Xzz//rPDwcJnNZo0cOVJWq1WS/ftr2bJleuutt3Tq1Cn94x//0Ny5cxUbGyup5Of54osvKi0tTZGRkUpOTtacOXM0ZcqUKn0eAAAAAAAAAAAAKJtKC4C9vLz06KOPFghCLRaL3nvvPU2ZMkUuLi56/fXXNXr0aA0ZMkQmk0mtW7fWzJkz9c4779gH52If3qRJk9S0adMCM25vpqlTpyo4ONjptWvXLkn22b8BAQF64oknlJ6ertDQUI0dO7bQvjIzMx2BYmJioiO8qw58fX0VGBjomL28atUqzZo1S02aNFFycrJ69Oihhx56SGvXrnU69tNPP5Wvr6/++Mc/KjMzUy4uLlq0aJEOHTqk48ePKzU1VZK9rHJycrJ++uknff3111q6dKlcXV2VkZGhp59+WnXr1tXGjRtv6nUX5+TJk1qyZIn69eunWrVqlTjukJAQderUqcDM2U2bNmnQoEGqVatWgb4TEhJks9nk4eGh5ORk+fj4aOfOnY4AOL9PP/1ULi4umjt3rqMU+ksvvaSTJ0/q+++/d7QbM2aMAgIClJSUpAEDBshqtTrW2i7peV69elWurq6yWCxKTU3V/fffr7S0NNWrV68ybi0AAAAAAAAAAAAqQaUuqDt16lQtW7ZMe/fudZSTvXLliiZNmiTJHq4dPXpUq1evdjo2KSnJ8XWrVq0qc5glmj9/voYOHeq0PS/Qi4uLU7NmzZSTkyPJHnS3aNHipo6xIthsNmVlZcnLy0spKSmKj4/XxIkTNXHixALtOnXq5HTsmTNn9PPPP8vLy8tpX0xMjG655Ran9pLUunVrp/bnz5+/kcu4Id27d5fBYJBkX3PaZrNp6NCheuONN2Sz2Uoct8Vi0SOPPKJ33nlHs2fPVk5OjrZu3arly5c7Zozn6datm55++mkNGTJEHTt2VN++fTV8+HC1b9/eqe9z584pJCREubm5kuzPqmHDhpLs97dbt26SpKCgIKcPFWRnZ5fqec6fP18jR47ULbfcorvuuksDBgzQsGHD5OnpWeb7CAAAAAAAAAAAgKpRaTOAJXtINmDAAMcs4FWrVmn06NGqW7eu/eQuLnr22Wdls9mcXvlnS7q7u1fmMEtUp04dNWjQwOnl5uYmyT6r9fpwLy8M/jWJiopSUlKSQkNDHSHoli1bnJ5N/hmneYxGo7p06VLosywsPM8rbZySkuLU/uWXX67cCy3Gjh07dOTIER05ckRz5syRv7+/XnnlFXl4eJR63CNGjNCZM2cUERGhsLAwWa1W3XPPPU7nslgsWrJkiaKjo/Xkk0/qzJkz6t+/v959912ntnnPIz+z2Szp2kz5ohgMhlI9z1atWunUqVP65JNP1LJlSy1ZskR9+/Z1rEkMAAAAAAAAAACA6q9SA2BJmjZtmj777DOdOnVKO3bs0LRp0xz7WrVqpR9++KFA+6tXryo5Obmyh1UmRa0BnKdRo0aKiYkpEAJHRkZWxVBvyKJFi9S4cWP16dNHfn5+ql+/vg4cOKCEhATHKyIiotA1YVu2bKmffvpJ586dc7SNj49XRESEY9ZqfiEhIZKk//znPwX6P3z4sDIyMir9WosSEBCgunXrqm7dunr22WcVGhqqCRMmOJ53acZdt25d9e3bV9u2bdOWLVv0+9//vsDav3nMZrNiYmLk7e2tcePG6eOPP9bcuXP13nvvObUNCQnR6dOnC3yw4PTp0wXGVJzSPM/4+HglJiaqa9eu+tvf/qbw8HDFx8dr9+7dZbyLAAAAAAAAAAAAqCqVHgDfd999ql+/viZMmKAuXbqoe/fujn0zZszQN998o1WrVik7O1vnz5/XyJEjC4TE1cHVq1cVExNT6EuSBg8erPj4eK1cuVJpaWn69ttvtWHDhiL78/T0VHR0tBITE5WVlXWzLqOA+Ph4xcbGKjo6Wrt379ZDDz2kHTt26P3333fMDJ0xY4ZWrlypb7/9VhaLRYcPH9Y999yjjz76yKm/UaNGyd3dXbNnz1ZycrJSU1P1l7/8Rffdd58jAPby8lJUVJQSEhLUqlUrDRw4UH/5y18UHR0ts9msjz/+WD169NBPP/10s2+HQ/6APzs7W//85z918OBBLV++XJJKNW6r1eq4n1999ZUeeuihQs+1fv169e3bV4cOHVJGRoaio6P1/fffq02bNk5tR40aJYPBoMWLFyszM1NXrlzR/Pnz1blzZ916660lXldJz9NqtWrAgAH629/+pqtXryolJUVhYWHKzMwstNw1AAAAAAAAAAAAqqdKD4CNRqOeeuopffvtt5o6dWqBfXfeeafWrFmj119/Xf7+/rrtttvUpk0bvf3225U9rDKZOXOmbr311kJfZrNZbdu21fvvv69//etfatOmjV5++WX99a9/laRCZ78+/PDDiouLU9euXRUREXGzL0eS1K9fP3Xo0EFdu3bV008/rfr16+vQoUO67bbbHG1mzJihyZMna/LkyWrcuLGeeOIJPfvss3r88ced+vPw8ND27dsVExOj9u3bq2PHjvr555+1Y8cOubq6SpImT56sdevWqXfv3srJydF7772nNm3a6O6771bz5s21atUqbdy4UaGhoTftPpSkXr16evXVVzV//nz98MMPslgspRr3fffdp5MnT8rPz6/Ahx7ymzhxop588kk9/vjjaty4sXr27ClPT0+98cYbTm29vLz0+eefa//+/WrdurX69u2revXqadu2bbJYLKW6luKep4uLizZv3qwTJ06oc+fOatasmebOnat//etfha5JDAAAAAAAAAAAgOrJYLt+8dpi7Nq1SwMGDKjM8VSYosa6a9cudenSpdT91KlTp9j9CQkJkiQ3Nzd5eXnJxcVFZrNZWVlZ8vHxceyvU6eOUlNTlZubK5PJJF9fX0lSamqqYy3X4hw+fLhCrsfV1dVx7jxWq1Vms1kZGRkFSltL9tnK7u7ucnFxkdVqVVZWlmPWsqenp9zc3Bwlu41Go7y9vWUymWSz2WQ2m5Wenu7o08PDQ15eXrLZbEpMTJTBYJC3t7dcXV1lMBhksViUkZFRaGh+s+5LUlKS0z1wd3eXt7e3kpOTZbFYSjVug8Gg2rVry2q1KikpybHdZDLJz8/P8X2R//7abDbl5uYqPT1dNpvN6f6aTCZ5eXnJZDI5nlleW8n+PZaWllagTHT+77vrz3f98zQajY7+864rMzOzTOtZF/U8AAAAAAAAAAAAUHopKSmSpCNHjpT6mM6dO0uSTJUyohokL6grSU5OjlNQlv/Y/F+bzWYlJiZWzADLKDc3t9TXJEmZmZnKzMws1T6LxeL4ZixM/rBRspclTktLK/VYKlNx9yU7O1vZ2dmO96UZt81mK7Q/s9lcYHtZ7q/ZbC72/hZ2vuu3FXc+i8Wi1NTUIvsHAAAAAAAAAABA9VfpJaABAAAAAAAAAAAAADcHATAAAAAAAAAAAAAA1BAEwAAAAAAAAAAAAABQQxAAAwAAAAAAAAAAAEANYSqpwa5duxxfBwUFVepgKlJQUFCBsdcENe16Kgr3pXrheQAAAAAAAAAAAJRswIABldKvwWaz2SqlZwAAAAAAAAAAAABAmaWkpEiSjhw5UupjOnfuLIkS0AAAAAAAAAAAAABQYxAAAwAAAAAAAAAAAEANQQAMAAAAAAAAAAAAADUEATAAAAAAAAAAAAAA1BAEwAAAAAAAAAAAAABQQxAAAwAAAAAAAAAAAEANQQAMAAAAAAAAAAAAADUEATAAAAAAAAAAAAAA1BAEwAAAAAAAAAAAAABQQxAAAwAAAAAAAAAAAEANQQAMAAAAAAAAAAAAADUEATAAAAAAAAAAAAAA1BAEwAAAAAAAAAAAAABQQxAAAwAAAAAAAAAAAEANQQAMAAAAAAAAAAAAADUEATAAAAAAAAAAAAAA1BAEwAAAAAAAAAAAAABQQxAAAwAAAAAAAAAAAEANQQAMAAAAAAAAAAAAADUEATAAAAAAAAAAAAAA1BAEwAAAAAAAAAAAAABQQxAAAwAAAAAAAAAAAEANQQAMAAAAAAAAAAAAADUEATAAAAAAAAAAAAAA1BAEwAAAAAAAAAAAAABQQxAAAwAAAAAAAAAAAEANQQAMAAAAAAAAAAAAADUEATAAAAAAAAAAAAAA1BAEwAAAAAAAAAAAAABQQxAAAwAAAAAAAAAAAEANQQAMAAAAAAAAAAAAADUEATAAAAAAAAAAAAAA1BAEwAAAAAAAAAAAAABQQxAAAwAAAAAAAAAAAEANQQAMAAAAAAAAAAAAADUEATAAAAAAAAAAAAAA1BAEwAAAAAAAAAAAAABQQxAAAwAAAAAAAAAAAEANQQAMAAAAAAAAAAAAADUEATAAAAAAAAAAAAAA1BAEwAAAAAAAAAAAAABQQxAAAwAAAAAAAAAAAEANQQAMAAAAAAAAAAAAADUEATAAAAAAAAAAAAAA1BAEwAAAAAAAAAAAAABQQxAAAwAAAAAAAAAAAEANQQAMAAAAAAAAAAAAADUEATAAAAAAAAAAAAAA1BAEwAAAAAAAAAAAAABQQxAAAwAAAAAAAAAAAEANQQAMAAAAAAAAAAAAADUEATAAAAAAAAAAAAAA1BAEwAAAAAAAAAAAAABQQ5iqegAAAAAAAAA3ymazVfUQAAAVxGAwVPUQAAD4VSMABgAAAAAAvxoEvQBQ8xX1bz3BMAAApUMADAAAAAAAqrXCgoCyBMGExgBQ/ZQlzM1rm//fc8JgAACKRgAMAAAAAACqpeuD2/zvi9sHAKj+ivt3u7hw9/owmCAYAABnBMAAAAAAAKBayMrKquohAEAFsEmy6Wqai55/K1kf/ydA1rxfw16fVdokg6yyGVxksFrl5WHRG9PNeuhug1NTlI6Hh0dVDwEAgCrnUtUDAAAAAAAAAAAAAABUDAJgAAAAAAAAAAAAAKghCIABAAAAAECVYw1fAEBF4L8nAAAQAAMAAOAmsVgsev755zVw4EB98sknFdbvhAkT1KtXL61evbrC+qxO5s+fr169emnmzJlVPRQAqDT8sh4AUJH47woA4LfOVNUDAACgImzatElLly4t83GPP/64JkyYUAkjAnC96OhoHThwQJK0ceNGjRo1qopHhIqQkZGh7du367///a/Onj2rpKQkubu7KygoSD179tSDDz4of3//Io9PT0/X5s2b9fXXX+vChQuSpIYNG6pfv366//775ePjU+hxcXFx2rZtm/73v/8pLi5OKSkp8vX1VYsWLXT33Xdr6NChMpmcf9z58ccftXPnTh0+fFhXrlxRVlaWatWqpXbt2mnIkCHq2bNnsdcbERGhTz75RJGRkbpy5Yrq1q2rNm3aaNSoUerYsWMZ7pzdF198oYULF8poNOqNN94o0MeECRN0+vRpp2Pmzp2rQYMGFdj2xBNP6MSJE8Weq3Pnzlq+fHmZxme1WvXNN99oz549On78uBISEiRJdevW1W233aaRI0eqRYsWBY558MEHFRsbW6r+V65cqXbt2mnHjh166aWXSnVM9+7d9corr9z0MeaXm5urL774Qnv27FFUVJSSk5Pl4eGh+vXrq2vXrhoxYoQaNWrk1Fd5xlqcs2fP6vHHH1d2draeeuopjR071rHv9ddfL/TDNvfdd1+1+0BJ3i/p+WU9AKAi2Gw2GQwGx58AAPwWEQADAHATrV69Wu+++66aN2+uNWvWVPVwgJuqSZMm6tKli44ePaqhQ4dW9XBQAfbt26fFixcrMTGxwPbc3FydOnVKp06d0oYNG/Tqq68qNDTU6fgzZ87oueee0+XLlwtsj4yMVGRkpD7++GMtXbpULVu2LLD/vffe0wcffKDc3NwC25OSknT48GEdPnxYmzdv1rJly+Tn5yfJHlQvXLhQu3fvdhrH5cuX9c033+ibb77R4MGDNXv2bKdfFtpsNr3xxhv6+OOPC2yPjY1VbGysdu/erZEjR+oPf/iDXFxKV2gpKipK//jHPyRJTz75ZLkC5DxXr14t97FFiY6O1rx58woNoc+fP6/z58/r888/17PPPqthw4aV6xyenp5lPsbLy6tKx3jp0iU988wziomJcWwzGAxKS0tTWlqazpw5o88++0wzZszQyJEjK22sGRkZmjNnjrKzs3XHHXdozJgx5bq+qkb4CwCoDITAAIDfOgJgAECNMGjQoEJnbb322mvas2ePOnbsqL/+9a9O+4uaWQag4plMJi1btoxfwtQQMTExmjNnjiwWi+rWrathw4apffv28vPz09WrV7V//345HMU5AAAgAElEQVRt2bJFqampmjVrlj7++GO5uro6jo+Pj9fUqVOVlpYmX19fjR49Wp06/T979x0fVZm2cfz3nEmhN+kIiHQpYkSFFRtSBFERFbvCWkBUVhR1baCgqyiKooIINlBXQBQssIINRAR5FbDQESnSCSWAEDLnef84c05mkklIQofr+/lkk8yc8uRwkqy55r7vU3Ech3nz5vHBBx+wadMmevTowciRI6lYsSIAn332GW+88QYAdevWpX379tSqVYukpCTWrVvH559/zsyZM1m6dCnPPfdcUFX6/PPPB+HvOeecwwUXXECVKlUIh8OsWLGC0aNH8+effzJp0iTq169Pp06dYr7eV199NQh/mzZtymWXXUbFihXZsGEDEyZM4Mcff2TcuHEYY7jnnnv2ef127drFo48+Snp6Os2bN+e6667Lts2gQYOCkDscDudYNW+tDQLgPn360KRJk7jbJSUl7XNdvoyMDO6//37WrFlDUlISHTp04Mwzz6Rs2bLs2LGDBQsW8MEHH7Bt2zYGDhxIw4YNqVmzJgBDhw4lHA7HPe6ff/7JvffeC8D1118fVLued955nHbaaTmuZ8CAAcyaNYtSpUpx9913H5Y1+h555BFWrlxJoUKFuOWWW2jZsiXlypVj165dLFiwgJEjRzJnzhwGDRpEzZo1adKkyX6tNSfPPvssK1eupHz58jz22GPZfq7ecsstXHvttcHnd9xxB+vXr8/1mIeLQmARETmQFP6KiIgoABYRkWNE4cKF41YRFSpUCIDExETKly9/qJclInHojzDHhmrVqvHvf/+b6dOn8+ijj2b7GfyPf/yDunXr8swzz7Bx40ZmzpzJOeecEzz/wgsvsGPHDkqVKsWQIUOoVq1a8Nypp57K+eefz5133smWLVsYOHBg0Oa/Xbt2LF68mNKlS9OlS5eY+6l+/fpccMEF9O/fny+++IJvv/2W7du3U6JECXr27ElqaipXX301zZo1i1lr48aNadWqFbfeeisrVqzgk08+iQmA/WpkgCuvvDIm4K1fvz7nnXcegwcPZsyYMYwbN47WrVtnaxmc1TPPPMOqVauoUKFC3PAOoHTp0sHHOYWVANu2bQuer1ev3gH5fZeQkED//v156aWXeOSRR6hSpUrM802bNqVFixbccsstpKen8/nnn9OzZ08ATjjhhLjHTEtLCyqemzVrRrdu3YLnChUqFPzOzurDDz9k1qxZhEIhnnrqKSpUqHBY1giwaNEiFi5cCMADDzxAmzZtgueKFSvGGWecQUpKCl27duWPP/7gk08+oUmTJvu11ng++ugjvvzyS0KhEP369YvbZr1YsWIxL3QrX778ERcARwe+1loFwCIickD4v0/8/3+lIFhERI5HCoBFREQiNm7cyMcff8x3333HunXrSEhIoEqVKrRq1YpLLrmEokWLZttn+/btjBkzhhkzZvDXX3+xe/fuYAblGWecQfv27TnhhBPo168fkydPDvZbvnw5LVq0CD7v1q0bN954Y4HWvXr1aj755BN++OGH4A+7lSpV4pxzzuGKK66ICRDAq5beuXMnDz/8MO3bt497zNmzZ9OrVy8AJk+eHNNu058p2KZNGx555BHGjx/P5MmTWb16NX379uXMM8/M17XJ6qeffmLChAksWLCAzZs3U6JECapXr067du1o1apV3JmeeZGWlka7du0A+OCDD3AchzFjxvDDDz+wceNGihUrxkknnUT79u1p3bo1oVAo2zH8eZwPPvggLVq0YMyYMUyfPp3169fz2WefxVTXFeR+CofDfPbZZ3z11VcsW7aMHTt2ULhwYU488USaNGnCRRddlK0VLnjh1Lhx45g3bx6bNm0KrvPFF19My5Yt47ajjf5azjvvPMaOHcvUqVNZt24dAFWrVqVVq1ZcddVVuV7z/N5//nnjzd9esmQJEydOZM6cOaxdu5bdu3dTsmRJTjnlFK644grOOOOMHNdRUAfivvj777/56quv+O6771i0aBFbt24lMTGRKlWq0KJFC66++mqKFy+e4xo2btzI+PHjg3slFApRvXp12rdvz8UXX5znte/evZuxY8fy888/U6FChWyzXgtyn+xLu3btgjXEc9FFFzFw4EAyMjKC+b7g3TfTp08HoHv37jHhr69atWp0796dp59+mpkzZ7JixQqqV69OKBQKqjNz0qFDB7744gustaxdu5YSJUpQsmRJBg0alOM+hQsX5sILL+TNN9/MNht29OjRuK5L5cqVueuuu+Lu36NHD6ZPn86aNWsYPXo0/fr1y/Fc48aN4+uvvw7CO79NdUFt2rQp+Lhs2bL7daxodevWZciQITk+X6NGDRo0aMCcOXNi/n3jCYfD9OnTh7/++otq1arx+OOP5+me++mnn3j55ZcB6NWrF6eeeuphXWN0u/KcfiaFQiEaN27MH3/8EfxMPZBrXbhwYXBNunfvTsOGDXP9uo5U0VW/0W8iIiL7K+vvE1UDi4jI8UgBsIiICN4cy/79+7Nz586Yx/05lB999BFPP/10TDvGVatWcffdd8f84R1iZ1DOmzePgQMHUqRIEUqUKMH27duD7aL/4J9T1dO+jBs3jldeeSXbHMxly5axbNkyxo8fzzPPPHNQ/jicnp7O3XffzS+//BI85roukL9rE328gQMHMnHixJh9Nm3axKZNm/jpp58YN24c/fv3D1rBFtSPP/7IsGHDYv69U1NTSU1NDWaH9u/fP8cgZdWqVXTt2jXb1+cryP20e/du7rvvPubNmxezz44dO4L9Jk6cyMcff0xycnLw/Jtvvslbb70V8yr3zZs3s3nzZmbPns3nn39Ov379cgwg//zzT9566y02bNgQ8/iiRYtYtGgR33zzDS+//HLMOX0H8v4bNGgQ48aNy/Z4amoq06dPZ/r06dxyyy107dp1n8cqqILcF8uWLeO+++7Ldi9kZGSwdOlSli5dyqRJkxgyZEhQtRjtu+++46mnnmLHjh0xj//222/89ttvTJkyJU/h4LRp0xg+fHjwb5E1eN/f+6Sgov/IFl2hOHXqVMALXS+66KIc92/Tpg2DBg1i9+7dTJ06lZtuuilP540O7eJVRu5rv+hrnpGRwYwZMwC45JJLcnxBREJCAh06dOD1119n5syZpKenx225vGDBgiC8u+OOO/ZZKZwX/v1XuHDhmBfsHAr+v/G+7tNXX32V2bNnU7RoUZ555pk8jWBYs2YNjz32GOFwmMsuu4yOHTse9jVWqlQp+Hjx4sWcddZZ2bax1gZVwpUrVz6ga01LS+Oxxx5j7969tGjRIqbF89FOAbCIHFNs5M0YrAFjXTD+z7gcQkhrsVhvP2/nQ7HSY1LWCmAREZHjkQJgERE57s2fPz+YY9msWTO6du1KnTp1cF2XuXPnMmzYMBYvXswDDzzA22+/HQQkL774Ips2baJSpUrce++9NGjQgOTkZDZs2MDixYsZN24ct9xyCwC9e/emd+/evP3224wYMYIaNWowatSo/Vr3pEmTgmq2xo0bc8MNN1CnTh2stcyZM4cRI0awZs0aHn/8cf773//GzN48EL799lsAUlJSuPLKK6latWrwh/H8XBvfc889x6RJkwCveu/SSy+lcuXKbNu2jWnTpjFy5EgWLFjAfffdx/Dhw/cr5HjhhRcIhUJcd911tGnThnLlyrFx40a++OILxowZw6+//spDDz3EkCFD4l63999/H4BLL72UVq1aUbZs2WC7gt5PH374IfPmzSMpKYmePXvSokULSpYsSWpqKitXrmTSpEnUqVMnJogdPXo0b775JgCdO3emU6dOVK5cmR07djBt2jRee+01Zs+ezZNPPsmAAQPiXovRo0fjOA6dO3fmwgsvpEyZMqxdu5axY8fy3XffMX/+fIYPH56t6vFA338VK1akVKlSXH755Zx99tmceOKJQYg6bNgwFixYwBtvvEHz5s2pV69eXv6Z860g90WlSpWw1nLWWWdx8cUXBzNwN27cyFdffcU777zD+vXref7553n22Wdjzvf777/z6KOPEg6HqVy5Ml27duW0004jMTGRJUuW8O677zJnzpw8rX3IkCEUKVKEm2++OZgr6jsQ90lBzZkzh4yMDADq1KkTPL5gwQIAGjZsmGuFeWJiIo0aNWL27NksWrQoz+f98ccfAS/8zU87ZH+/unXrBo+tWrUqeFFAbjNqo5/ftWsXq1atyjbDNS0tjUcffZSMjAxatGjBNddck+e15caf/5uens7atWsxxlC0aFGKFSt2UP/wmZaWFgSd0dcsq4kTJzJmzBiMMTz++ONxK76z2rVrFw8++CDbt2+ncePGQVeKw73GmjVrkpKSws8//8x//vMfevfuzdlnnx28eGDt2rUMHz6chQsXEgqFuPLKKw/oWp966inWrl1LhQoVeOSRR/J87CNNTtW//gvJRESODS4GB9cYLAYcP9yFmHDXWCwuxjpYx2AwkP/GLBLFdV0cx4l5YZGqgEVE5HijAFhERI57zz33HOFwmJYtW/LEE0/E/AfhWWedxWmnncYdd9zBokWLGDVqFD169AAIgplu3brRvHnzYJ+qVatStWpVLrzwwoO25ugZhRdeeCF9+/aNqXhr06YNzZs35/nnn+fGG2884OGvr3Xr1vTp0yfbf0Tn99rMnj07CH979+4dU+VVqlQpbrzxRpo3b87tt9/OihUrGDVqVLa5jPk1YMCAmDmgJUuWpFatWqSkpPDAAw+wYMECJkyYkOMf77Ou01fQ+2nu3LmA11I3+rgVKlSgQoUK2VqNbt26laFDhwJw7733xswrLVGiBB06dOC0007jn//8J99//z0zZ87MNvfU99hjj9G6devg80qVKpGSkhLMd/3888/p3r17ENQdjPvvqquu4uKLL85W9da0aVPq1q3L9ddfT2pqKlOmTDloATDk/74oUqQIb775ZrZ25lWrVqVLly4kJCTw2muv8cMPP5CWlhZTYevfK9WqVWPYsGExz51wwgmceeaZ9OvXjy+//DJPa3/11VepXbt2zGMH8j7Jr927d/PSSy8BcPrpp8eEoVu2bAGgXLly+zyOH2anpqbm6bzLly/ngw8+ALz7Kq+trSdNmhR0NOjcuXO2teZlvdHPp6amxnzN1lr69+/P+vXrqVixYkx4t2LFCh566CGAbPdCXvgBcDgc5qqrrgoeN8ZQo0YNmjVrRufOnQ9oe2iAwYMHs2vXLkqWLEnbtm1z3O65554DvGvw0ksv8c0339CpU6dcv5fHjRvH8uXLAfjll1+45557OO+887j00kvjdiQ4lGt86qmneOKJJ5g5c2bw75ZV0aJFefTRR/P182pfa33//feZPn06oVCI/v37x9wnt956K7t27eKee+4JRjEcTaJDYP1hXkSOBdaA6zgkWkPNUuk0qrqF7XsLsWpjETLcUJbiXoPjOhRJTKdKxV2USApTJjkZbJKKgAtIv1dERET0ejIRETnOLVmyhCVLlmCM4a677or7H4dJSUncfvvtAPzvf/+LeRy8P0yHw+EDtqZwOBz3LboqZvLkyezevZvk5GTuv//+uAFH8eLFefzxx7NVoB0ojuPkes0g79dm/PjxADRq1CjHFp+1atXi6quvBuDTTz+NOW5O1yynVpKnn356jiFX8+bNadWqFQCfffZZ3G1q1KgRd537cz/5IemSJUuytQOOZ/LkyWRkZFC1atWYUC9alSpVuPzyywGytdb21alTJyb8jeZf77S0tJg5lgfj/ktISMix5Wnx4sU5/fTTAS8oy6u8fC9FK+h9EW+Wte+8884DvD9CrVq1Knh80aJFLF26FPDmmsYL/BzHoXfv3rl8hZk6deqULfyF/btPrLU5XsN9SU9P56GHHmL58uWUKFEiW0iWlpYGEHcWdlb+NtEt9HOydu1aevfuzZ49e2jQoAE33HDDPvcBmDlzZlChfc0118TMmfXXCuyz80D01xO9H8B7773HjBkzSEhIyNZuOz09nZUrV7Jy5coC/T7xA+CsrLX88ccfvP/++1xzzTVBK2tffn92RhsxYkTwwp2HHnpon6G1Pz979erVTJw4kdtuuy0I6uMJh8MxLx6ZO3cuL730Ev/85z9zbL9/qNa4ceNG0tPTcz2W67rZWuvvz1p/+eUXhg0bBsCdd97JKaecEvP8qlWrWLlyZbbRA0eyrNW/agEtIsccayla2OXua0sx5j/FeOr2BEoXjvdz2sWYDOqemMabjyTzXv/itEgJYdDPxILS7xgRERFVAIuIyHHOD2CstUGL1Hh27doFeBVd27Zto2TJkrRq1Yrx48fz0UcfMWPGDJo3b84pp5xC3bp1qV69evCH5Pzq3Lkz69evz/Z4p06duPfeewFv7iB47UbzMkfxYKhevXqOwVd+r82SJUsAOOecc3I95znnnMOoUaPYunUrmzZtokKFCqxduzam4i1a//79ueCCC7I93qZNm32eZ8qUKSxfvjxoHxYtJSUl7n77cz+1bt06aLncqVMnWrRowSmnnEK9evWoXbt2too3/5qtWrWKZ555Jsdz+S1t/Uq6rKKDrqyqVq0afJyamsqJJ54IHLz7b+fOnUyfPp358+ezffv2mIDFnxnrX7u8yMv3UrT9uS8WLlzIzJkzWbduHTt37gxC5r///jvYJnrtf/zxB+DN/27atGmO58zr9c3pntyf+2TSpEn85z//ibv9Z599RqlSpeI+t3v3bh588EF++uknChcuzHPPPZdtbrf/deUlrPK32Vd4t2rVKv71r3+xYcMGTjrpJAYMGJBre2nf9OnTg5mqLVu2DKrys64VvH/D3NYR/fVEbzd37lxef/11IH54t7969eoV0yI5HA6za9cuVq9ezY8//sgHH3wQzI4dPXo0ZcuWLdDPTt9rr73Gu+++C3iV5S1atMh1fd988w3gXb/ffvuN4cOHs2DBAl555RVq164dvMAjWpcuXejSpQuu67J27VqmTJnCW2+9xYoVK+jbty+vvvpqruc8WGtcuXIld955J2lpaZx44olcf/31pKSkUK5cOXbs2MGqVasYP348U6ZMYdCgQWzZsoVbb711v9a6detW+vTpQzgc5txzz42pUD8aZf0DfNZ20CIixwRrcEgAB0oVMZRIdlhWwoUQ2at6rcGGDKEES5ViISoWcwiHNAV4f0T/TslaBayqYBEROV4oABYRkeNadGvPnKo9s0pNTaVkyZL07NmTIkWK8Omnn7Ju3To+/vhjPv74YwBKly5N69at6dq1a75beeZ1Df55Dpfczp3fa5PXr6dMmTLBx1u2bKFChQoFWnvWMCorfx3hcJjt27dnC7pyCr72535q2bIlu3btYuTIkaxZs4bJkyczefJkwKsaPuecc+jSpQs1atQAvEAgP+eKXlu0kiVL5rhPdLWjP8fVXzMc2Pvvt99+4+GHH95nm9+DGQ4U5L5wXZdnnnkmxwrraNFr9/89SpUqdUD+AJXTPXmg7pO82rlzJ/fffz+//PILRYsWZeDAgTRo0CDbdv73cl4qOf1tor//s1q+fDn/+te/SE1NpUaNGrz00ks5XpNoX3/9NU888QThcJgLL7yQPn36ZHvBR/R5/Ree7GutkHm/bNmyhb59++K6Lg0bNqRly5bZKnajP09NTQ2qgEuUKFGgFv6hUIjixYtTv3596tevT4sWLejatSt79uxh0qRJ3Hjjjfk+Jnj38ODBgxk7dizgBc85VZbHU6RIEc4880xOOeUUbr75ZtavX8+4cePiBsA+x3GoUqUKXbp0oUiRIgwePJh58+axdOlSatWqdcjX+M4775CWlkalSpV44403Yqq+y5QpQ5kyZTj11FM56aSTGD58OO+++y6XXnpp3FnUeVmr67o88cQTbNq0ieTkZLp37x634tt/8UFqamrwfOHChfdZtX64xZsFLCKSO3+OrgEDNlIla7JEpTaonjUYC9bE3+5grtOaMN70X4sxCSS4BseabMmuwWJcsCaDcCiMdfbiuAlYRyFlQWVtAa3QV0REjkcKgEVE5Ljm/4G+QoUKjBs3Ll/7JiUl0aNHD2677TZ+/fVXFi5cyKJFi1i4cCF//fUXY8aMYe7cuYwYMSLPMyiBPK3DDyQKEtb4FXG5VVJGh0Y5ye0/oPN7bcqUKcOaNWv2Gf5F/9HbvwaVKlVi+vTp+1xvtBUrVuQaOPjrCIVCcdsS5/S178/9BNChQwc6dOjAokWLWLBgAYsWLWLx4sUsXryYr776ipkzZ/LOO+9QsWLF4Fzt2rWLmSV6KOzP/RdPOBzmscceIzU1laZNm9KzZ0+qVasWU735yiuv5NouNp78/hsU5L745JNPmDhxIqFQiH//+9+cffbZFC9ePLhHdu3aFbey2P/327p1a9wq8/zKaf/9uU/at29P+/bt87x9WloavXr1YuHChRQvXpxBgwblOP+0bt26fPvtt/z6669kZGTkWKmbkZHBb7/9FuwTz+LFi+nVqxfbtm2jdu3avPjii7m+sME3adIknn76aVzXpV27djz00ENxr+OJJ55IkSJF2LVrFz///HPcQNvnzz8vXLgw1apVA2DUqFHBz67ffvuNyy67LNd13XTTTcHHgwYNyjb/uyBq1qxJvXr1mD9/flDlnd+fna7r8txzz/Hpp59ijOGBBx7gkksuKdB6ihUrxj/+8Q8+/vjjoBo+L9q0acPgwYMBr4o+awB8KNb466+/Al6ni9xamHfq1Inhw4eTkZHBggULsgXAeV3r999/z+zZswHYs2cP1113Xa7rHjRoEIMGDQK8e8kfOXCkyVqZFf2xiEjOLBYXQwhwwRoMYVyydF6KZKxgcVwDOFhcL3Q9REGgwWCsE6zDRlJfa2y2sl6LwRqDYx2MNViTwKGMqo9FWX/H+CEw5P7fsSIiIscSzQAWEZHjWp06dQBYv3590NY2vxITE0lJSeG6667jiSeeYPTo0fTr1w/wgonff/892PZA/cemv+45c+bkaV5sND+8W716dY7bzJs3r+CLi5LXa+MHO9OmTcv1eN999x3ghVply5Yt8Lo+/fTTXJ/311GjRo18BXMH4n4C73p07NiRBx98kDfeeIN3332X4sWLs3PnzqAq2D/XDz/8sM9ZlAfa/tx/8SxcuJCNGzcC3uzLk08+OU+tew+0gtwX/j3Ztm1b2rVrR4kSJfL0fe7PRt69ezf/93//l+N2WefI5tehuk+2bt3K3XffzcKFCylVqhQvv/xyjuEvZM5G/vvvv5kyZUqO202ZMiVoo33uuedme/7333+nZ8+ebNu2jVNOOYXBgwfnKfwdP348Tz31FK7r0rFjRx5++OEcv9cTExNp3rw5AJ9//nlMNXy0cDjM559/DkCzZs2CWeh79uzZ53oOBb+qOGs7+bzu++STT/Lpp5/iOA6PPvpogYNVn/9H2MKFC+d5n+j53VkrWw/VGv3ruK/v8+ggM+s9k5+1Hin3z8GmCmARyRsD1gtzXeN64ap1CLkJGGu85yNvjnVIcBOwJowb2oNDBo51MbhwyGbrGjCRt8hE39zObBT6HjD6vSIiIqIAWEREjnM1a9YMZjE+/fTTOc6j/PPPP2OCXCDubFFfs2bNgo+jK20LFSoEeJWs+/Mfo23atKFQoULs2bOHgQMHxvxR3Ldjxw769+/PsmXLYh73Q5kvvviC7du3Z9vvzz//ZPz48QVeG+T/2vgVcb///nvQKjqrpUuXMmbMGAAuueSS/aqYXLJkCTNnzoz73A8//MBXX30VnCc/9ud+2rJlS45/6K9evTpVqlQBMq9Z27ZtSUpKYuvWrbzwwgs53k/Tp0/PU0V3fuzP/RdPdDAZr11pOBzOd/VvQRTkvvDXnlMl4Jdffhn38Tp16gTViy+++GLcoNd1XZ5//vm8fwFxHIr7ZNOmTdx5550sXbqUE044gZdffjlua95o1apVC34WDBkyhFWrVmXb5q+//uK1114D4Iwzzgjan/vmzp1Lr1692LFjB40bN+bFF1/MU8v90aNHM3DgQACuuuoqevfuvc8wr3PnzhhjWL16NUOHDo27zbBhw4IX1kTP1r3//vuZPn16rm9+VSt4rbr9x/NS/btjxw769esXvIginp9//plFixYB5FrBHE9GRgZ9+/Zl8uTJhEIhHn/8cdq2bZvj9tZa+vTpE1TKxrN+/frg+6lhw4YAzJgxg8GDB7N79+4c93v//fcBrwo/+gUGh2qNkPmiiilTpuTaSSP692jt2rULvNZWrVrt8/6JruTu379/8NiRWv0bLadKYBGRnHghqR/6OrjG4DrpYDIw/hsZWBNmr+MSdhKwbiJYBxdwjXPI4l85fPT7RURERC2gRUREePDBB+nWrRtLliyhS5cu3HTTTZx++umULFmSzZs3M3XqVN59912Sk5N58803KVu2LHv37qVHjx6UKFGCDh06cNppp1GxYkWstaxZs4a3334b8CqtotuW+n8E3r59O++88w7XXXcdu3btYt68eUFFXF4UL16c++67j6eeeoovv/ySzZs3c8MNN1C3bl1c12Xu3Lm8/vrrrF69ml9++YX3338/mCN5ySWXMGnSJNLS0ujevTvdunWjdu3aZGRk8OOPP/LGG2/s1/UsyLVp2rQp7du3Z+LEiTz//PMsW7aMSy+9lMqVK7Nt2zamTZvGW2+9RXp6OieddFKB51dGe/DBB7nuuuto27YtZcuWZePGjXzxxRf897//Bbyg/NJLLy3QcfN7P4EXAs6bN48OHTrQrFkzqlWrRlJSEqmpqUycOJGFCxcC0KRJE8C7B+69916eeeYZPvvsM1avXs0111xDvXr1SE5OZtWqVUycOJEJEybQpEkTXnzxRUKhUI7rzo/9uf/iqV27NoULF+bvv//mzTff5K677grWmpaWxoABAw7IuvMiv/fFqaeeypw5c5g8eTIdO3akevXqwXMzZszglVdeyfFcvbzmE00AACAASURBVHv35s4772TlypXceuut3HLLLaSkpJCYmMjixYsZNWoUP//88359PQf7Plm/fj133303a9asAaBv374ULVqUDRs2xN2+TJkyQXV37969uemmm9iyZQvdunXj2muvpUmTJhhjmDdvHv/973/ZunUrhQsX5v777485zuzZs+nduzfhcJhq1arx73//mx07dsStSHccJ/g+e+eddxg+fDjgvZDh2muvzXGtycnJQTVxgwYNuPLKKxk7diyjR4/mzz//pGPHjlSsWJH169czYcIEfvjhBwAuv/xyGjdunOdruL+GDx/O5MmT+frrr7ngggs488wzqVatGsnJyWzYsIEZM2YEM6orVapE69at83zs9PR0Hn30UWbMmAHAv/71Lxo2bJjjNStWrBhTp07l66+/5uuvvyYlJYVzzz2XWrVqUaxYMbZs2cK8efMYN24caWlpJCcnc9VVVxEOh3n55ZdZtWoVX3zxBW3atCElJYVy5crhui5r1qzh008/5aeffgK8lub+v+mhWqPvhhtu4Pvvv2ft2rXceuutdOnShaZNm1K6dGl2797NihUr+Oijj4Jr3rJly6AdeEHWeqTP8M0v/QFeRPaXxQHrku5YXBPC2BCuE8ZxHfzeyv7LukK4GNdrr5wOOMYlZN1sLZjl+KOZwCIicjxQACwiIse9mjVrMnDgQB5//HHWrl2bY9h02mmnBdVly5YtY/v27axfvz6YtZeV4zj07t2bUqVKxRyjUaNG/Prrr4wYMYIRI0YAXjXTuHHj8tXWuF27dvz999+8/PLLzJkzJ5g9Ge2EE06gX79+MeFb48aNufXWWxkxYgQrV67MNhc0MTGR2267LQhJ8qug16Z3794ATJw4kfHjx8etQq5fvz5PPvlkvlqGxnP77bfzwQcfMGrUKEaNGpXt+QYNGvDkk0/mGlrmpCD30549e1iwYAGbNm3i7bffDkLyrC655JKYCuoOHTqQnp7OK6+8wty5c5k7d262fYwxNG3a9ICFv76C3n/xFCtWjJ49ezJgwADGjh3LtGnTqFWrFrt27WL+/PlkZGSQkpKy32HovhTkvrjmmmuYOnUqy5cv56abbqJBgwaUKFGCFStWsGrVKho0aMDy5cvjVgo2bNiQfv368dRTT/HXX38F7dGjNWrUiJNPPpkJEyYU+Os6mPfJww8/HIS/AD179sx1+xEjRgSVmxUrVuTVV1+ld+/ebN68mWHDhmXbvkyZMjz77LNUrlw5eGzbtm088MADQSvelStX5joXtVChQnz55Zd8//33MT/XJk+eHLRUj6d58+Y899xzwed33303rusybtw4Zs2axaxZs7Lt07FjR+65555crsCB165dO37++WeWL1/OlClTcmypXblyZQYMGJCvFtCvv/56EFYCvPDCC7zwwgs5bt+jRw/atGlDs2bNmDlzJj///HOO37dFihShT58+QTh6/fXX8+qrr7Jt2zbGjh3L2LFj4+531lln0atXr8OyRvB+Djz++OM8/fTTrFy5Mvi+DYVCwT3pa9GiRczv2IKsdV8zf49m0WGwWnWKSF4ZwmxLh//+3y6mL80g5ELYgHENxlr8PsvWWjAWrMV1Q5RMSqfLBcU4o0YhNVo+DsT7vaLQV0REjjcKgEVERPCqKkeNGsWkSZP4+uuvWb16NTt27KBUqVKccsoptG/fnhYtWgTb16tXj7FjxzJ58mRmzZrF0qVL2bZtGwkJCZQrV44mTZrQuXPnbC1LjTEMHDiQ119/nalTp7J161bKly/POeecE7SHzo9OnTpx5plnMmHCBGbOnBm0Xq5UqRLnnnsuV1xxRUzI6uvSpQsNGjTgo48+Yv78+Wzbto3SpUtz+umnc80111CoUKECB8AFvTZJSUk8/PDDtG3blgkTJjB//nw2b95MiRIlOOmkk7joooto3br1AZkN26RJE9q2bcvo0aP5/vvv2bhxI0WLFg3O07Zt2/06T37vp+TkZN59912mTp3Kd999x4IFC4I24f4+HTp0COaQRuvUqRNnnXUWn3zyCT/88APr169n7969lC1blpSUFK688sp9tuMtqILef/FccsklVKlShQ8++ID58+cza9YsSpUqxdlnn821117L/PnzD3oAXJD7olixYgwbNoz33nuPqVOnsnDhQhISEqhSpQp33HEHV111FR07dszxnOeddx716tXj448/5vvvv2fdunU4jkP16tVp27Ytl112WYG/F6MdrPtkf2cU165dm3fffZcJEybw7bffBi2Uq1Spwvnnn0/Hjh2ztXXes2cPe/fuzfe59ndeteM49OrVi5YtW/Lhhx+ycOFCNm/eTJkyZahXrx5XXHEFp5122n6doyDq1avHyJEjmTVrFt9++y2///47GzZsYM+ePZQsWZKqVaty7rnncskll+T7xTMFuWZly5Zl4MCBLFq0iMmTJzNv3jzWrFnDzp07KVasGOXLl6d58+Z07NiR8uXLB/t16NCBCy+8kClTpjBr1iwWLVpEamoqxhhKlSpFvXr1aNWqFRdccMFhW6OvZcuWnHbaaYwfP54ff/yR1atXs337dooUKULZsmVp1KgRrVu3pmnTpvu91uOBQl8RyQ8LpIcdflpdmI9/SQQ30tLZGnDBuhYw4EbC4MjI33KFdtO6ieWMGgoAjzf6PSMiIscrY/VbUERERI4DaWlptGvXDvBmjh7KFq1y5NJ9ISJy6ETPY3RdN+YtHA4TDocL9II4ETl+WGDTTsPDn7q893+JWBsKQl7vvYlUAduYEPiEQnsYfLPL5aeHDk39b+SvrdZ4n4RdmLHAcMNTe9iYVoKYPtTW4jhhzjx5M/99ojgVShqwBhWrFtzu3bsJhUKEQiEcx4l586uAVQ0sIiJHg+3btwPE7eaWE398nHNQViQiIiIiIiIikgfRwbCIyL5YIsGqg9fm2QGMibyPenNM5vvMEcFyHNDvFREREQXAIiIiIiIiInKY6Y/0IpJ3BuOYSLDrh7w28j7q4+gQGOuPB5bjhH6viIjI8U4BsIiIiIiIiIgcMvqjvIjsN4NX/WtsbPjrVwT7VcF+ZXDIC4L10+f4pt8/IiJyPEk43AsQERERERERERERyYugk7MTKfN18UJeP9tziYS/ZD5osuwrIiIicoxTACwiIiLHheLFizN9+vTDvQw5wui+EBERETl6mOgPgjbPeKEvWT53gHDsjgqARURE5HihAFhERERERERERESODgZMdLtnP+x1yUx4HQuut50FMAaj9FdERESOIwqARURERERERERE5KhgrfVmuRq8dNfxsmDrVwS7ZIbC+NtYbGQGsHJgEREROR4oABYREREREREREZGjgzHe/F/HBIGvNQZcmxn6Gq8C2NrcDiQiIiJy7HL2vYmIiIiIiIiIiIjI4eW1c46M/zU20gY6kvKaLIN+jY2dE6zSXxERETmOqAJYREREREREREREjmg28r+WMCGzhyQMGU4yYTcRG5n5ixPp84zFWIMhg8SMdJJJJ0QCkIDFKgsWERGRY54CYBERERERERERETmiGbyi3grJhmcvLc4Tl1mmLd3Dgx+6rNldxKsEtnhBsDEY0jm/9i6e7lyMSiWSKWHBWOtVDouIiIgc4xQAi4iIiIiIiIiIyBHNYrHGC4FLsIdEx6FIyGIT8MJf19sqGHhnDSHjUtqxlLdg2EuGAXAwqgEWERGRY5xmAIuIiIiIiIiIiMgRzQAWF9eAxZDgQsi6YPYSBL8m+s1gjQOEsSaDsEnANRoGLCIiIscHBcAiIiIiIiIiIiJyRLOAwcGxmQFu2BisYzLD3+C9BeNiMsuBMdbFsRZ/mvAhW/QBOl1wKJv5sc3pBDEbx+wgIiIixwkFwCIiIiIiIiIiInJEMxiMBddxvTDYgjFgjAHHREJfIiGwV/3rOi5gsAasA85haP/sn81Gf1IgFmtcDC6u1xCbDMfFj8Zj3wBrsGRgzV4cG8LY0P6cXERERI4ymgEsIiIiIiIiIiIiRwGvEbSBSMjrvccBXOM/nVnyEuShx0DbZwvGOrjWweCS4CZibAZYi3Xc2G2NCzhgkzBYwiYDa8IYQpp/LCIicpxQACwiIiIiIiIiIiJHJz8E9ls/QyQMNsdU70ODxRAm7ISwBlx24xqDMV5b7OhY12KwWBwb8mqFnXRs5M/Ain9FRESODwqARURERERERERE5KjgF/laG/WAcb020MFjLoTtEZV22v2uvTW4GAwWXIcMYzDWIWycbKN9LQ7exXAjLbMTCLkOxoSPqGsiIiIiB48CYBERERERERERETk62NiuzsEMYDcyC9cx4HoFwERm5R4JTNR43gIeAUMI61r+WLeX4eNTyQiHCDsu4SyVzjbSJjvkOoRDYRzrUKt8Bl07VKZY8v6swTt6vLWJiIjIkUUBsIiIiIiIiIiIiBzxLHhzfyMZpPXbPhuC4DdIiB3AeLGpsdbb9jCtGQBjM2cS28wvIK/LisTbAPy11WHEFyX52y0c+XKz97q2gLEG62QQci1n19/EtRdZiiXv74VwwYaADCAUaTaNn7iLiIjIEUIBsIiIiIiIiIiIiBz5TPR7r9ExJsvjlmAmsDEm0nj5MIWT/mn9FNgBQtabUezm/1jWeodwMLgmEUsSYOKH29YCFmsTcbHsCRcl9W8HW8Cg1niHI+w4hNwQJQsbQo6DsS7GHBlV1iIiIpJJAbCIiIiIiIiIiIgcFaLjS2sIwt7gScdkVtgaIvWpliOhTbH11weRUNhiD/qoYgfXwJylxTi3e7jghboWDCHchD2UT97M233LcurJocjxDv+1FRERkVgKgEVEREREREREROTo4Beb+tW+TuTNjZTHWsD1qmJtVDCc92bLB5GD17LaX4tLEFYflGnFxngnMZY9JLBnd2LBD2UtDnsJO8kkuMXJcL3HXEI4xh4JV1dERESiKAAWERERERERERGRo0K2oNGf9wuZbZWdSCB5GLs/Z2PIrJaNXnP4YJ3PYq3xejf7703BL4g1ECYxEsAbHCwJFsLGPTLCdREREYmhAFhERERERERERESOIpHA0Zgsb5EaWj/z9Psd+59nOUps7a0fY+YSZlobFXb6Jch+sBpv+zjLNlGfGOu1hM7vPOB9sRaMC8YB62Bc41Ue56PE2Pgtqv01W7COxbFgTAauk+wFwuZgJdgiIiKyPxQAi4iIiIiIiIiIyFHBBrmrEwlQ8d6HomfrgnENxvHTS3+nOEGtNRicyDPRbZjjpaV+WBzK3MbYXCtgjdefOjL/Fy+IdU2WINgEs4H9le4365ccW6yx+RyD7M9N9kLfqAQY11gsBmMtxoQPfNtqEREROSAUAIuIiIiIiIiIiMgRz88vbfQjfrDqRlXTGi/0tNhc20AbvFbRxnqxrjXRcWaIzD7N/vYu4GIJR54z8UuLc1q/IQh6vSpdE5lbbDFObnvmkzFeQB6p4sVxgVDknHmIbC1YxwUccEORY2SGwiIiInLkUwAsIiIiIiIiIiIiRxm/1JfYEDgUFcgasNYPLuOntG4kw7U4GIw3Kjeo9I1tb2z9Y2KxJoyxDsbmY/6t36Y6KqjO/CL8dyZSUbz/YatjLS6Od143cv48rte4xqv+Na43Rtg6kfUpBBYRETkaKAAWERERERERERGRI19OM3X9INUxXghsTFCcG5OtxpEZ+LpeO2cT9j63SQQVwP7OLkGAGjIWx4axuF4dcU5zgGO4kRbQxFYC20gojMlfp+Z9nMtigvMVSdxF6eJ7Muci57anC1u2F+Zvt1Bkxm8uZdQiIiJyRFIALCIiIiIiIiIiIkeRqJjUZAlfI5XAxomEwHk4lgvszAixfoclwybG2cafz2txI2XAjrUUS3YoX8yQYNx9xqPGBP+TmaU6REqQicpYc1+xJboVcx7iYuPiYGlUYwdDHihNmcL77jW9dqelS99NLFlXEes3yjYHLpoWERGRg08BsIiIiIiIiIiIiBzxrB+QWhMVptpIkBq1oT9Xl0huaQ3W+CFuNK/i1rWGGSszuHPMDlJ3J3uhp0ukOpdISBup1HWBsMGwl3YNLK/dWJLiSXHWisU1Fsd6LZ1dB2zIxK7VElT+en2WI2syNtIGOmqlkae951yckCXJTcc1TmSScSxjLMaCayyJjqVoYgblS7qULbKvgBnckCExwfVmIluHIGhWBiwiInLUUAAsIiJSQOFwmFAodLiXISIiIiIicvxyiJoBHHnMZj6eNUiNz+KaBHYnFGN3qBDWEpmXS+bsXDd25rBx97LX7IG48WsO/Cpgf61+tup/DZnLyRa0Zk4yNtSt7DD0XhcyLJhwpIY5atvI0kPWEjYOjjVUKFGU4kn5THAPzChiEREROQwUAIuIiOTTwoULeeaZZ1i2bBk33HAD3bp1O9xLEhEREREROT5EZvBabPxANXhvIkXCmdFpPCZrSOy3YvbD30g1MSbyuf+8Y7wq2/xUxEYH1f5+xkbmFudldxdwKVcKOp9NpMrZwRLbttr7ii0ha7E4XsG0LQaE87FYEREROZopABYRkWPGH3/8wU033RTzWPHixTn55JPp2rUrTZs23e9zWGvp27cvhQsX5tlnn+XEE0/c72OKiIiIiIhIfkRCYGO91s7RwWrw3oJj/Lw4V9Y/pGMyA1+InS3sZ8j+CF3XYg1Zam9zOwFR4XHkExsV/hpyXauJlApbEnCxhNwMwo43n9fJugrrFxVbDOm4WDAJZJYci4iIyLFOAbCIiBxzrrvuOho2bAjAjh07mDJlCvfccw/9+vWjZcuW+3XsDRs28Ndff/Hkk0/SvHnzA7FcERERERGRY1N01mjiPEac5/M0aDZqm5zCXzcSEEOkCnjfSbDxj2Wj0tislcB+f2XHYEweeyRHKpWNQ1CdHPs+9/DXP4jFBZOOYxOAECHXwXX2ZmtCbQBrXNJNAgZDyIawxsUrmtYQXxERkeOBAmARETnm1K9fn3PPPTf4/KKLLuLWW2/lrbfeihsA52eWb1paGgAlSpQ4MIvdD5pBLCIiIiIiRyqvXtXFWK8O1Y30VTbxkk5jI3N3g628h+Me1e/FbDFEQlUTtXEQ4EaO4HeAxpJrv2YD1skSxBobhL1Z5wubyGxgY01mi+hsX5aJnD5LWB2d+PrhsonqVp0jB2OTsBisk4Gx3vU11om7dcj/X+t46zSq/hURETleKAAWEZFjnuM4pKSkMHbsWABWrFjB9ddfz80338xXX33Ftm3bmDRpEgBffvklo0aNYuXKlZQrV47LL7+ca665BmMMQ4cO5b333gOgZ8+eAEyaNInixYuzdetWBg8ezIwZMwA4//zz6dmzJ0WKFAFg586dDB06lGnTprF7927q1atHjx49qFevXrDOhQsXMnToUH7//XcKFSrE+eefzx133EHRokUB6NOnD+vWreOkk07iyy+/pHv37nTu3PnQXEQREREREZF8sNaSYRwMhgSXSGJqcZ3s1aqOG3ncD0wd77H4ga3x8tIgU7WZbZn9al3wQtqgSnffVa9BNGqiwlqyhLQxs3shx0w1sm+kEDnzDA7eDiZLIOz66/Srd+MfM/PUFgjFrCU7J/Nh4+a2oYiIiByDFACLiMhxYd26dZQqVSrmsQ8//JCbb76ZKlWqAPD555/z9NNPc/nll9O9e3d++eUXhgwZQlpaGrfffjtXX3019evX59FHH+Whhx6ifv36FC1alPT0dO6++27S09N54IEH+Pvvvxk6dCg7d+6kf//+ADz33HPMmTOHu+66i6JFizJy5Eh69erF+++/T+nSpVm+fDk9evSgcePG9O3bl82bNzNs2DCWL1/Oyy+/jON4f9GYP38+JUqU4KGHHqJOnTqH9iKKiIiIiIjkkWMdrHVwnTDhkOt1O3a97szRXCDsGBzrYqyDxcF1c+7abLJ8Yp14M4Az5+rGDuCNw0ady/GyWetv70TtH6n8Jeohk7ViOFcmdgZw0FY68rRfySwiIiJyACgAFhGRY056ejq7du0CvJbN33zzDd9++y1XX311zHZ33nknl156KeC1U37ttddo1aoV9913H0Aw4/f999+nc+fOlClTJgiLK1WqxMknnwx4VcB//vknI0eOpEaNGgAkJCTQv39/1q1bR8WKFfnxxx/p0KEDbdq0AaBWrVr85z//YdWqVZQuXZoRI0ZQunRpBg4cSEKC9+u5SpUq9OrVixkzZtCiRQsAKlSowIABA9T6WUREREREjlgWixsKEwonEHJDZIQsIWu9gNcYMAZrLcYYjLU41sVaw14nBMYSsul4iWj8/+5xI+ewNlJNm7VVs19lHCJSbWtz6f5sYipyrRM5lo2kwn7o60aS2uj5wn7P5rwEt374G4pqJ+0fM29FyiIiIiJ5pgBYRESOOX7VrS8UCtG5c2e6desW8/gJJ5wQfLx8+XK2bNlCq1atYra56KKLGDVqFL/88kvMXOFo//d//8dJJ51ElSpVSE9PB6BRo0aA19a5YsWKNGrUiIkTJ1KhQgXOPvtsKlasyEsvvRQc46effuLiiy8Owl+AM844g9KlS/PTTz8FAXCpUqUU/oqIiIiIyBHPWNhhDKkWTNghw0QCXWszq16t8ToiW4NDGNdCMQPlCHkBay7Htxgv6I2uqvWrdKNaNfujgHMVCXuN8cNcf4foEDgy6zdSuevN1M17aut1ovbCaC+0xlt/MJ84ats8H1VEREQkPgXAIiJyzLn11ltJSUkBoHjx4lSpUoWkpKRc99myZQsAZcuWjXm8TJkyAGzfvj3XfZcvX07Lli2zPefv17dvX0aNGsX777/PoEGDqFmzJv/85z8577zzCIfD7NixI9u5wQupt23bluvaRURERERECsqLWS3GjZS6mkjQGd2eGCL5p436NEtMmSXA3Gsdxm7K4Mlle9kRTiTDZBAK45fveplrJAx2AWsNyXsz6FINHm9YiGQ3nMN6iZ2H65BZ+Ru9ABMV4lrrBcYmXrga1WvaD2b9imI3amvHZLaWxqs6drCRFtA59KuOXXVUCExmUA1B8GyjtlYILCIiIvtDAbCIiBxzqlevTuPGjfO1T8mSJQHYunVrzOObN2+OeT6ewoULU6dOnaB1dLTKlSsDUKRIEbp160a3bt1YtWoV7733Ho888ghDhgyhcePGFClSJNu5ATZt2hSE2SIiIiIiIgeasWDcBFwHrNmLJUTYCeFGBuMGQaQhktpml23KroV0DHtCLruSDdttImSEvJm5UdW/fhiM66XA6SadPYnhyJzg+BGoNd6qjPXWZh03dq5u8EXZzB1wMBC3otgag7EuCcbiOBYSTLCeIAQPkxkqmzAGG7SXjjSBzrbamK7OxuL6AbQD1l9n5PjWEmmNHX+NIiIiIvmlAFhERAQ4+eSTKVmyJN988w3NmjULHv/qq68IhUK5BsqnnnoqI0eOpGLFijFtpVNTUyldujQrVqzgoYceonfv3qSkpFC1alXuuecePvvsM5YsWULjxo1JSUlh2rRp3H777UGL559//pmtW7cqABYRERERkYPKdVzCjovFMGdPmM927CHNGqwbCYD9UbWRtNOvBDaR99aaqLm53vsMa1m4J4m/SYqM841Uy1onMvvWRs3s9QNTLzKN/t+sTFTaagFjjBfGhskMgf0ZwJHF++Fv1iPayNpdQhRNdmlc9m827Xb5Ky3Exj2FMjcKqn8toQSoWmQPZZMzqFnaJWScHNcaHCDS9dk63pt30TMrlI1jMguWVforIiIiB4ACYBERESAhIYHbbruNgQMHUqxYMZo1a8bvv//OyJEjuf7663OtAL7ssssYP348//rXv7j55ps54YQTmDZtGhMnTmTMmDFUrVqVpKQkBgwYwG233Ubp0qX53//+RygU4tRTTwXglltuoVu3bjz44IN06tSJLVu2MHToUBo3bsw//vGPQ3UZRERERETkOGSsg3EBHBalhxmVXogNJiFz5q3Xo9kLLa3JnOPrV7K6Jvu21kDYYK1fRhsVyvqBalQI7G9m81wF6++Pl646UVW7/gxg/7kcjuiFzpYQcHo5h5GXFmZjeiJPTs/gw0VuZM5w1O4WiiSE6fEPuP6UIiSGoGhob/Z22DktNwh5/eNGrVnBr4iIiBxACoBFREQiOnbsSGJiIu+99x7jxo2jQoUK3HnnnXTu3DnX/YoXL86QIUN45ZVXGDhwIBkZGdSrV4/nn3+eUqVKATBw4ECGDBnC888/T3p6OjVq1ODpp5+mVq1aANSuXZvBgwczZMgQHnnkEYoVK0bLli3p3r07juPkdnoREREREZH9YggTwrLXWNxQmHDIwTVO7Fzd6AG1US2MTSS0jRwothVzgsWEvVTYWAdjHNygnNgPZm2wj/UD2xzC0OA0FsJ+j2WDF/7aqHM7UTsYG5lzHO+gFoOLNYZEEyI52ZABJCfgBdNZvlZcg3EciieGKVUojDUhjHX8vtQ5Xl2vBDjyJTtkzhIOAms3swJYRERE5ABQACwiIseMk08+menTp+9zu+rVq+e43cUXX8zFF1+c4761a9eOu2/58uXp169fjvuVLVuWPn365Lquhg0bMmTIkByfz+34IiIiIiIiBeEV6rqEbAgXL6B1rBMVrhLpX0xmaGkilavWeO2go3ssR6pvTdiba2sB44awoUiG7AfJkUA1s780eaukjanmjUqeQ5Fz463NGBPM6N3X0ayBEGGMtd4VMDZSUezEmS3s58ve7GDHWm9+7z5WGnzNxmaGy9EVwTFDg/P6tWebviwiIiICKAAWERERERERkSOE67r73uggs9biOA7GGPy6Qe8JYgOqLF1lFb/I0cpgcKyDNS4GQwIGGyLzHvdD1cgDXhbset8jxvWqV23Ia5fsh5jWeseIzM21JlKSG/LbSHvbYExm22jjVQIbkzlHOGtZrPUWjInOPR0y2z9HQl8cGzxtIt+1FuLUARv85Nh7PhQ5r/9UpFV1sKMDoZKDdgAAIABJREFUThhjnMhxLGHHIWvPptiYNnJ+E8m7/aDab1NtIqv0Q/ZgmHHWg3ortJFSZ8carIn+KRX9lXnzlk3mwOHgeVUai4iIHB8UAIuIiIiIiIjIEeG6a689rOc3eNWCCaEQycnJnFD2BCpXrkzNmjVp1LARVatWxUlIiFt/KHI0i3k9Q2TMb3RxLUQ2CHkvkggCXGuAhGB+b2YW6QW9xjhYjJfPmkiabKIOasmshvXbOOc5oYws0tjsM4D94DrP03Qy2zQHoWwkyI45dqQC2EbvkwfBZfFn/UZXV9tItbEhhzCXLI951zTDccFYjPUC/OxLcYEwGDfy7xTK01pFRETk2KAAWERERERERESOCD/9OOuwnt+YSDvbyMc+ay3GGKpUqcIFF1xAy1atqXfKKZQpUwaMidlW5Kjjl9VG4seYSl7IbIEcsl5Y6QJhBxtywUYqS/0AMtjPeMGjMV6RbxLe0N6sLZWjQ1s30lt5X6Ft1ldgGBM1+zdSYeyvO6/fmzGlwSa2TbMNyv8zZ/dmDcfzyuAd1+dmHsQ6kbDZ2Li5sjWRfx0bxhAC18HY6H1jT2RwsGSQWeVsMqurRURE5JinAFhEREREREREjghHQpAabw3+Y3/99RfvvvsuH4weTcWKlbj8ik7885ZbKFq0CK5rcRxV2MnRLOjfHPkwKhX1A1YLjrU4jotxwckAFzfywonY4NL6fY+twXW8xDcIl7NW6QYdpv2q3njtmrN+njk72G8fnRkCE8zb9dokF+BaRIelftDsVyrHPkHcxDbO2o0TFa771cCuBdfm8eefxdgkrHEJh9IxbgKODWEJxzsb3gzkEAYHx+zFWhMpQxYREZFjnQJgEREREREREZG8srA3PZ1VK1fw0qBB/O9/k7jvvvs459xzvbmgR0CIfcTbV1amS3gYRIWYQThpMit18R5zLJyalEG7QhmUcC2uDRF2XK+DsY0U/UaOFLaW2btD/C8tRLqbCCETKW7NZXh2VGfoPC87piLXD6wjR3BMts1z48fUMZXMEAmXbWZoG5m9G33qPK/XiXxgM4NqS9Z5vnFYg8XBmj1sTw+xeC2EbRhj3dhZ5ZEPjPWqhq11CVmXoslhalVJIkmvUxERETkuKAAWEREREREREckHb1awF/4sXrCQ++69l5tvupnbu99BkaJFY7bMR5R1TLHWsnnzJiZ/8T+2bt0a85zJ2q3W3yfy1uLcc2nYoCHGUaB+aGQO7zW4sW2YHbyq3Ejr45AbpkGCy22FEyiPxTV47Yizluta2GOg2A7D1DSXPX41bYjMyl+ItDx2wbU4rgNOGOtYHNfkGKzayPef97H15g8HSWxkLrEbCT+NjRlhbOLWFXtfud/12QtpoyqKff7nxt8DsBZrcgiBLUQPIrZO1GxlP1x2LIQJZgA7biQYjrNM44e6hFi4Frq+vIdte4rgWhfH/X/23jxOjqrc//88p6q32ZNMQlZISAIBwo4YBGRRImERFVRQXK6iiHivCuLVn7ggehERF64ouKFEXOHixr7I9lUQQ9gJ2QjZt5lJZu2tzvn9UXVOnarununuySST5HlrMzPVVadOne7Jq6ff/XkegpL+caQfLygoCSh4EB5w9Ixe/OyKsRjfVGFhGYZhGIbZo2ABzDAMwzAMwzAMwzAMUy1G/pDpDdzb3YOf3PwTKBA+8YlLkG7IBOJy75O/ek2ICCtXrMSNP7wRmzZt9O+DVVm40vEENDU346CDDoYruFTtTsE8VfXHGvT2oAyytPrhCr+ssANAgEBKBkeU2EoklMBk5eFYJ49tVARJASjpC1wZPA+065QAJCBUDjPcBAQSFVVt2fnbZaThy1tS/lzt1r6DDWHqTgPhpxQiEjgQtkRB0nio33FdhtmX0n4JaIS/BESB/AW0RaYwIlx2OEUApEBRAVtzaXT3Z/z7tDgOynT7X5Xfd5kkyAO257K+F2YYhmEYZq+ABTDDMAzDMAzDMAzDMEyd+L1PgXwhj5/97KfIZDL4yEUXIZlM7uKZ7Tr0mmxYvx59PT1G+Aqd5q0g4ox7G9npMdWgazorlCRhFVFV4XaHinhLk4N5mQZ4JCEJADlG/FKgOz2SUFBwpQCpJBoIAIpQVDkFrIm4WCD65Akkbu3O05a8sK5fP5Hr6SlszwuhsHbISFsjh6sdRieVFYV9j/Xxwfj6IayYUmYYhmEYZo+FBTDDMAzDMAzDMAzDMEwdRMoTK4V8Nouf/fRmHHnUUXjDsceaJOzeBBEZAbzytdfgeV7taxCs2962drsOq0iyTplGotqBYDQJ4FAq6sPKjqoUMlRAxhGQAnA8F0IqSBGtAU6KIBSh6HiQ5MEJ0sHS7sE76PSpRHxC+QHYkp7CVZpQAkK5qqs4awlMFLjhCrXMhxpT6IvT8Wey5liNWrb2FMF3HoW9hWVw8aSggh7IpPxy2AzDMAzD7D1wLR2GYRiGYRiGYRiGYZgdAAHYvn07fvHzn6G3t2dXT2eXoOVvsVjE6tWvo1gs7uIZMbVhpbR1L2C7by0F6ddqxKdKQqkktFUuOEUUhQePZHDz/JvwUBAESQ5IOb5YVo5fwrmWacdTwBT0Aa5+FH/a8TEFStbD7y9c48D2Otpjkoquc5VjkX1MfI4OWaWmg/358xQMwzAMs1fBAphhGIZhGIZhGIZhGGaYmLK2ivD444/j8cceg+ftRPmpqr9VumvY57bo6e7Gpo0bIaUse8hop+Ly1bDOu0sLaBX8LzJfQlgGOSIuCWTqCiuTBC69VAUSBRAVIJREQhJcJSAg4MjoTSgCwYMjFZwguSoDyVppxhFEMFdBMbHqT5oqHFZmBcLEsC1Vy31vYtCVxyx7J5XeKEhVQ9hJ4EHQNa9t4WvktC2Tw8ePE/UMwzAMs/fBAphhGIZhGIZhGIZhGGa4BIJFQaGQy+HXv16I7u3bd/Wsdjq+ZFLo2LoFW7dsMYlgZjcgqEqs3aHZZslPRb6gJUtTln+IQ1sqSUCSCkVsiQQN5CTpCs0CRAqlHYB9qWonb025at2z2OrdW85fV0zYmh0UCCIYD9EUtP7e7D6EUCUZ7OPXopaCAAclolZZKd2qC0AbwWvN3Za/AiVCXMVKbzMMwzAMs2fDAphhGIZhGIZhGIZhmN2KWkOYNYc160xw+u08fcOybNkyLF+xfOcJ0DLJwkq3SnftCJRSICKsXrsGvT27bxnsistXwzrvLrItMlXtT4miqVeK3VdmjHIjE7TcpejJyq3RkJY22C2eVNay05bV9td6ictfQmTMan+zKf6ToNh8/bWm+HpUJPjHqeRarTFLksGlM2EYhmEYZs/G3dUTYBiGYRiGYRiGYRiGqYSUEq7r4o1vfCPOOeccpFIpgMhPClLMHtXclNOnWCyio6MDL7zwHB79+9/R29MLhXIJxOrp6+7Bi88/j6OOOgaO4+yw8qtaKOvx9M9avFZ7HnscW1LviHlKKbF2zRr09fcPe6ydTVzY2+tTzdpUenxGd/nd6NykLREVAGl97yGSVK1YpXmE0bna8BMNgRDVc9VfdUrWbKiAgrUMKijHrOu6B+exx7WGGuqRNfOETinr8QFIFV5MLU+RmIw2j48eEwjPofyUNtUgw+2lYBiGYRhm94QFMMMwDMMwDMMwDMMwoxKlFIQQ8DwP//jHP7Bq1Sqcc845OPmUU3Hw3LlIpdJBsHB4cs2Xp77ryA5k8de//AW3/OIXWLF8OXzjUwWxKRSLRTz/3PPI53LINDQMa37liAtcQb4BUkpVLZPi8lePO1xZ6XkeNqxfj0I+P6xxRgP2+lSb5iaQ6Y8LjIxk3/FQ9HlDse81jt6gLAm7cykJymoRKuGXbraEtd+fuMpZmv0DtFTVG+MOmRRIEZSiQU145J8oM3ktgUNJG7WuNMjvsX+HDlYr+4HQSWA9X8BfE0VQtaah9fTUrnqkGYZhGIYZDiyAGYZhGIZhGIZhGIYZtSiljJRcv349brrpJvzy1oWYPmMGPv7xj2P+/LchmUzW5YCNlKPQ86QbMjjvPe/GKaecgosu+iheeenFuue+5NVX0dfXh0xDQ/1itYx38Yoe1qxZg1Wvr8Ka1WuwdetWdHV2oL+3D/lCAdLzBh1Ol6p2XBdjxrRh5v4zcfQxR+PAOXPgusN4qygIMxYKBWzYsBGFYrF+NV9LCe4d4VOtc/X392PN6jVYtWoV1q1diy1bt6J7+3b09/ejUCgAcvAPBejHOZFKoX38eMyePRvHvOEY7LfffhBiN+jGpiUo6dRqsN2WjFUQEa8qHKtysl4FDztB9xgeus+uVZHaSGDyU7B1LzUF4xKUfX4thC1vS4hdp429Wf/+CwrXFQiTxjX5VQrnICiI91pzlOFu/hqQVQZ6B8AumGEYhmF2C1gAMwzDMAzDMAzDMAwzKtEiLS5OB/r78MpLL+Kyz3was2bOxDvfdR7Oeec7MH7ChJoka3xfCu9A+4TxuOTST+KKz12ObH+/766qHFvv17F1K7Zs3Ypx7e1lxZ+dCl2zZjVeX/Uaurq60NHRgY6ODmzr2obe3h4jdovFAjo7O7F2zVoMDAyYuUbmPgwmTp6E0+bPx+kLFmDuoYcinUpHRi65fqWwfv06fPxjF2HpklcjXqjqdqZljrn6a1/D17/2tSH3HzduHK77zvU44aSTzPHR6fkzKhQKWLFiBTauX4eurk50dHZi69at2L59O3p7ezHQ349CvoBCPo/NW7Zg44YNyAfp5eGkdc16KAU3kcDs2bNw+oIz8NbT5mP/mTPhOI6Z9a4MBStdmhgIhSepIDkKf4oSAAikKGzfqwggGQjQmGFUCqQARQQpFBwpoKgIBRGcSoWiOVgoRWHElpSCLJHF/pntQKqCgtT9ihUC+esPo70oKeu4cqXdifw5kQq+EiA8KCe4bi1UVTAHK7mrIMvWVqZgX31ORRIKwk/hChXU2Q4I5kxiiN9lBRAUZHCxggAlJIT0073KJH79OVPwGPrln2XQi7nS4KUI3VOYzGJH58IimGEYhmFGNSyAGYZhGIZhGIZhGIbZrTCBRCmxbNlyfOf66zFp8mSccdaZO7S87klvPglz587Foqf/DaWqLAVt0dPTg87OzkiKOQ4RQUqJhbcuxO2//x36+/vhSRmUjQ1VVaXywzss1KcUNq7fgFt/+SvccccdeMc73oHPXnYZWlrahjy2XKXg4VLNWNWer7OjA9+4+mo8+8y/USwUIaWMVNettf1qtdjje8UilryyBEuWvIpbFy7EJy6+BOdfcAFS6fQIzqBOKJCR5gKsxCl8dzm0+yMoUhBSwZUKkiQUCEJaMVoVO4UScOABSqFIjpGyEVT0HJE0rEYLUFGb8IxOX1gpW0T7IIefFEFdJ7APi6Sqhx5PAfCERCahcNDEHnTlgU3bHXT0p8IxAh/vy2GJyY15tGcKmNlehFvDdJXuVWzKBqCaB55hGIZhmFHCblB3hmEYhmEYhmEYhmEYphQtVKXnQQ5RlrfWcYkI6UwGCxacUXdZ5KLnoWPr1sryNugNS0TI53LIZrOQUgZZSr+0azl5rOe3w1DB+aSf/+zv6cVvFv4an7rkk1i65FU/zbnjzrbToECgSymRy+aQzxcgpTTb9RqKCmJ+R62xfpyVUoBU6Ni8Gd/77nfw7WuvxaaNG6vvUTuSlItvC31TYSJYhGllvzVueWmpyBeIRQfIO4ScKyGJoEjCEyq4AVIAUviC2CNCXhDyjgKoiMFtY1iDmQR8USl0qWN/nsp8jV9glehksV4LnYY1l1z7mCSCcYO5mTUV0SBx+WcewZECCeniyAkC93xmLO7/bArvOtIDkQyv31EASUAR0gnCJacRHr26ET+6pA1jM9XPWenr1zeO/DIMwzDMbgUngBmGYRiGYRiGYRiG2f0ZgRq6BOCwww5FKpVCISgJXCtdXV0VBXC5M9rlaUmnG/XP8ZLVO/qaY+M99eST+OpXvoLrv/tdTJ46ZfeTwEFykeyesrGy4pXKjO9ozPjBfPr7+vDrhb9Cb28Prrzyy2hpax3R8w86N5iphSlPXS7YSD+yUrAUS4OWk8D+nR3SxStFoF8oeLACtDr9q/yixhKEhAQc5WC8K3B40hvSN5o20WaeFE3oavlbj7iMJ3/tBLAW4nVLZV1SWYUlq6FFdeU8uCSg4AJCSRD5nteVgAuy5qPFeHAeoZAgCRdeMO3qUtHhulrXLeOPO8MwDMMwoxkWwAzDMAzDMAzDMAzDMGVQAFpaWpBOp9Db01PXGNlcrrYDdoFlVZXOqYBnFi3C966/Hl/80pcwrr19VFUqrhXbZe66SQRflV/C/IH77sOBsw7A+z/0AaQzmV04sQoYEYxQhAaNe8P0b6kRJAAeCP8sFvGl7XmspSTIc8LjpPKfeBK+WJT+Pa4s4JwG4McTE0jpJr5lxi7ZYKxydE4mVRsp21wBZQ1nUr/BXAEjarXMV/Zx1TynzDpSZDzdp1f760pDEhRcCTiK4JECKQ9K+MlpI2mVCmW1JwEhg/LagCIPFO/VPORcVSj8IxfNHphhGIZhRjtcApphGIZhGIZhGIZhGKYCglwQuUFJ5tqO9Z2UjCSAK+YGR6VNUVDKw/3334v/9/hjpiT17kidec0Rp7e3Bwt/fSteeOG5cG0VduqEzamUrnCsbV9YZtn3htKXiCStfQaznwpKEHJuEjk3hWzSRTaRQM5JIJdIIucmkEu4yCUSyCUSyDtJZN0MiiIBgqyQ3FXGQZsZCIVIuWrH/54cnYwV4QVWuP5wHYLS62RttcthE0E5ury4luBDRZV9m6rMGPZ44U05/tdKq+k/NgrSKsENRVC69HNkPAU4AooEpAiSvxDVP6UU/B7K0OPp8tL+2EIo6BUYlb9YDMMwDMOwAGYYhmEYhmEYhmEYhikHVVQxdYw1wiWGhwNVuGmy2SzuvfcedHZ27Irp1U/8QspVKh4FrF+/Dg/e/wBy2eyuE+zlxCOZ/4TJVUGRpCpBhaHb2MEK5PeR1f2U7SSxHrNsn13/XBWT6bEpmlLpkbGpJi9J+r8UjCd0CWVrnvZc7WMqEo+cG8OOSIltLYApvJ5Ka+qva/TcZl97DYJ5EmmtTaZKdk2UEdUU9FceDYF6hmEYhmEqwwKYYRiGYRiGYRiGYRiGqYhSCosWLcKKFSsgpRz6AKYmlFL419NPY9Omzbt6KuWxP7xAsZ+rPdwSnQDC8sp6W5B+NdursLfGT9uC0pLBVGW148pja+lL0fMIVEgnVzkyBSJYIBzbLxcQ7larvbbnZm1TWi6jts8/RHoA29/bj5G9H8MwDMMwow4WwAzDMAzDMAzDMAzDMEwJpJObALq6urD42WeRz+d38az2DPTa6vXduGEjli1bFtyJ2mzdzoAIEMK/UaxK9WDlqpXf21cJMqWZQ1mp/JslgcPUb3kJHC6L8ssPx1Ovjh7Tkqw1X6s9ph4nNl51jrp0YFOuOlZaWsAvuVzjY26ct10G2oWR1ETVJanLDqwfI/242aLZoYgIZhiGYRhm9MECmGEYhmEYhmEYhmEYhqkIEUEphReee54F8AjR19uL11auhCflbtBStVZLaaVcK960EK1OglYsgQzre+GXQFZ1N1RWUekZSdnWLj7NnHWK2kou+6Hn+tP1ypbJsOaq17Ue7ES1iN3KpZYZhmEYhhlVuLt6AgzDMAzDMAzDMAzDMHsjSikjV+MyRd8HEIQQaGlpQVtbG5qbm5FpbEAmk0EymUIi4UIIZ9DzEIDOzk4899xz6OnpQW3dUcNRNm3ehFw2B7QGcwzukfD7vepUJoEApcIyujXgrwWFJxjEByqt1FT5UrS6n67dV1eZyGootpOpFFpaWtHS2orm5iY0NDQik04jkUzCTbgQNHh+QkqJDRvWY8krr6Cvv7+u8K7nFdHZsRX5fA6ZTEONR+88dPrW74+thWXl5rLKlCEO9hHWIfpwEX5PVPq7YBOe0Tqf/RwT1qGe/0hQ+Ya6FbCSxcKK+epz6CQwEFzYYL9L+pzhE5niqVktV6W9+1Dj2gWdCSCJSINfRwXjWb889fTs1clnGZxTz5v8KZoZ1tNbmGEYhmGYEYcFMMMwDMMwEZ5btgFrN2/Htt4BbO/NYltP+NVss37e0tUHABjX2oCWxjRaGlNobUoH36fR2pjG2JYMxo9twgHTxmP/KWMxe1r7Lr5KhmEYhmGYXY+RvwCOfsMxSCRdJBIJtLa2YuzYsZg4cRKmTpmGqVOnIplM2gdCKmnKB+uxyqGU8kOARFi+fDkuvvjjWL3qtbrmO9A/gFw+F9nW0NiEBWeciaOPOga+JFLI5/P45z/+gQ1r1gWTq/4cRISjjj4Gs2YfAOGUF2FCCSgAmYYGTJo0OTiu8piNjY04/fQFOOKII5FOp9HW1oZx48Zh0qRJmDZtGiZOnAjHdcwgoXwfGt0T2fM8/N8dd+Daa7+F7u3ba/JhRATP89DT2w2vUARlajh4F0IkAxda3tKb3K3udatFvBGrwVepLFlJg39mQD8ltPsEoBwFyGB8bYiDhC0RRYR8tR99MNKaRHiQAuDBlG+mwT6dYM4qreQvWVJVC+VwLYSwI8G2ER5iAXQqV6+jF4wLBRIIPvAha5O0WoAH40ScsyLr94PNL8MwDMOMVlgAMwzDMMxeSm9/Ds8u24BnXl2H55aux3PL12Pxq+vrHq9jez86tvdXvf/+U8Zi1tR2zJo6DrOmteOAfcfjmDlTMX5MY91zYBiGYRiG2Z2wk6lnn/12nH322bE9dIlbiuwLqEAWRVOucWlp7iMASmHmzJk477x34wff+y48r1jzPIteEdKLlqltbW3FpZdeGplbT28PPnfZZVi3bl1NaVhfGCqcedaZeN/7LoTjOlBllB3FMswmdVyB1rY2XHTRRcHBvjSLrqfuZRtNYPu7U0UhrJT/OCil4LouzjrzTDz99L/wt7/8BdLzqrxqfxwFBSll2evdndHVjk1qNn4nEE0Fm+1DpGBV7F6dVNVpWuHvoJOq1a8qhaJTS2s74Rr0w9Vj1qw/BYXln3WyFhQkdOseNRTBCn5/XqnCxRfRRH3VQ1ohY3MOICwBzTAMwzDMqIYFMMMwDMPsBWzu6sWiJeuw+NV1eG7Zeixeuh4r1nbs0jmtXNeJles6cf9T0e0zp47D8YdNx/GHT8fxh03HQdMn7JoJMgzDMAzDjDClUrGyVamUSB0sqVpyn1LYd9o0JFNJDPRXL4DNOAoRQVkinP2N/vaayu5GzgYQBQlMKhG7tSiyyPxic6024TvYvnq7lsSNjU3Yb9994SYSyNcggMlvAAu1Z7nf8DEKng6q5M5ArkqKCtySASqjnycAlZfAdYpK46ARjKcCqaqCEtD6VsNHHJTeXSeAnWCeVjJa1SV/VVQoq+Ac8APMpuR5jcMq01NYW/RQVofJYoZhGIZhRissgBmGYRhmD6RvII+/L1qBh55ehgf+tQyvrNpc9bGHzpyIIw+YhP32acaU9maMa8mgMZNAQ8pFJuUi5TpIuAJO8GaCsFIRUhE8qVD0JLIFD4WiRF+2gN6BAjZ39WHZ2i48v2IT/vnSWvQN5Muef8XaDqxY24Fb714EAGhrzuBNh+6HNx3mC+E3HzljB6wQwzAMwzDMnk88UKkAkBA7Prxnn0gBpAQIg/fNHWq4oUSvQplQaXxnawA1yG47DALESKzvborRo/o/ulmz1KlaXQbZ7lmroIigTGPnKPFSzgQEklJF++jqNGxcPFdLiddVoQwla1sNj3YkURvv+6uFuO4/XE8Q2Ihv+GscJHVrbMMNPZOSBLAuV02xHsAMwzAMw4xKWAAzDMMwzB5Cf7aA39y/GLfd+wweWzx0X7f21gxOPWoGjps7FQft145J4xrRlE6gWCz4ZeisUnf6+7AEngpLCsLvfea/2aXgCsAVhJTrQCmBcU0uhGgE9mvDKYdPBnAIAMBxXeSLCj0DRWzq7MPy9V348xOv4rHFqyLz3NYzgLv/sQR3/2OJ2faBBUfhfW87EvPfeMCOWTyGYRiGYZhdTZVhRSNd6gkKBsnakRI3ZEkrHUocFsFESy6Vot9WfT2EICUZTRYr6DRn/fgp3j2tgPNwiGVZyVK2Jq1q3w8jbf1y3IOPbZdqNucR/iOrVJCwtUpPK6r+90vp+QCBBbUmY2S2vdMgo9mD6WuMiNrwNCTq+KXWRIQy+WWghyPAEaSr7fLceiBLhA/z14ZhGIZhmBGEBTDDMAzD7OY8+eJq/Pwv/8LvHngW/dlCxf1mTR2L9556MN50yFRMG9+IpBuWrNNfC4V8pM+Z7mumsbcTEaQM37mxe9MRETzPKznW3k96HhwotGUIY6Y248ApTTjjmKlw3QQ2b89i0dJN+MPDL+GJ51eXXMvCe57BwnueweTxLfjA6UfhI28/FrOmjhvGKjIMwzAMw+xadAdQ+zWV9Dx0dnaho2MrBgYG4Hlxa1b7WVYuX1HSx3fYlFSylv5tGMOZ5CgGEVhDya1AhiklIwPptc7n8+jo6EBXVxey2SyUtCOZtaBAwajr162NvEbemxFQ2F8QLnAkNlAeTygXq+CEYlHLTwApIXGckDjA8XCEE4RXK1hbFVhHP2lOUI65I5DHZH4GyB9H+Y9QpTSsRDimIkAK+CWaVdBIWJdXNn/eUPCBh0gW2Zqjv79QCgrCTzaD/LLKdg/gQKZKlCuRHUM/3/V/SPppaQdhCtqUqg7GDRLVUMLfv8LQZRHBB4B1mjpYBxWU2w4+KlzLiAzDMAzD7ERYADMMwzDMbkh3Xxa/unsRfnLnU3j5tU1l92lvzeCDpx+Otx49HdMntsAVflLX7mEmhIDneWGCt4L0VUrBcRzzsy2B7XH0cVJKs78+BojKZht7LCk9jGtycdqRkzH/qClw3AQ2bRvAv15ejz8+8gr++eIac9z6Ld24duEjuHbhI3jDwdPwkbPfgPNPOxwtjen6Fpb509DvAAAgAElEQVRhGIZhGGYXYVde2bxpE35z229wxx13YOPGjZHXSvViv4Zz9qrYnrKkuv+69uWXXsbCWxfioYceQldXV8kR9ay1ggzF9bDnvGcgoHAYPBycADoV4TLpYZWWkYCx/EoqNEiFD7oS5yYEHOWBlINAmZYZOVqKOFKSWT92QQSdTAq4+ue8+fCB3VdX97WWyjzIisiSoFWOTQhKXouwVDOCnrqCQFS7UPXHDCYlEZZq1oK53iekWVtdljr8REb0V4QlMMMwDMOMRlgAMwzDMMxuxNrN2/GD3z2Om+58smzad5+xjbjigjfhlCOmoTnjWqWcFZQqfTNLpxOEEEb8akkc/9nzvIjAte/T26SU5jgtffV9SqnI/nofXVq6UprYKxbQ3uRiwRumYcEbpoGcBJ5eshHfuu0feOm1sLfx0y+vwdMvr8EV/3sXPnbOsbjsgjdj8viWHbHsDMMwDMMwI4pSCp5XxLPPLsavFy7Eo488gr7uHgBB1VjyU6zDkcAqKEdLZtQ9H1t65/M5PPjA/fjd736HZ59ZjOzAAIDAj5Wsa22CXKmw3PFwRf2eA4GUAw/wpab2skEZciMnlQr61CooQX5aFQApD5VisH57YBXf7COC8s9WD+B65h7t1RsbT9RXVtnIYkKQkC+dZz3jmsY8+jO8gVRGIJXragKs5bpA0PA3mLdQJmis7J0ZhmEYhhl1sABmGIZhmN2AF1ZsxLW3/h1/eOj5ktJ/TQ1JfObd83DWcTMxptENSwYGQjXex7ccYfpWViz5rBPCUkqzn5bA9ld9fvv7eALYnp+W1PFz6uNtSQz4bwYdM3sc7rjq7cgWCfc8tRLf/s0/0NXjv4nX25/D9377OG74w//De996OD7/gZNx6MyJNa85wzAMwzDMSGO/bvv9736H73znOvR0d0NYOVKyxNlw2FvFpFIKXV2d+NY1/4O//vWvKObykdeWOwJiAVYWpQgOFBQVUSSBonD9csxA1BkK3y8CQSlmBSjyU8AlcjHWBJt0s2lCID4pkMDwv5q0bhhmrerhspPFerzIdqphMOtYQUE62UrpBkORlq7W9Q09IIK+wspfRN1H2IxdZ39rLX91glqvZzCu6Vesl4FhGIZhmFEHC2CGYRiGGcX87YlX8L3fPo5HnllRct/7TpuLj599FKaMy5h0rS1w40LWFrlxMRsXuvb+towFosld+3g7xWuXi9bYQleXjC4nl+MyOi6yPc+D4zhQSiHtKrzrhP1x7okzsb5zADf/ZTF+++CLwX4Sv7lvMX5z32KceswsfPq9J+CsEw7aIY8LwzAMwzDMjqK/vx8333wzfvWLWzDQ1xv4lOC1FkbGrYihd9lj6OrqxDe/8Q389a9/gfK8svsMd53jVYjZB/soISEBuNJBgoT/vBPBAsXbJCuCUB5c5ZeOVoO+ZamtY5ADJgrlqh7XStbWm9Y1QlaXVZaBbPYbFFc9VsxZ67rU0XkGsrWep47vo63far0ORuDqWdRoa+0EcESIh2Pz051hGIZhRi8sgBmGYRhmlFEoerjtvsX47m8ew0sro/19XUfgyx8+EeeeOBuu8KVqsVg0AlVji14tUbW0tUs8A4gkILzYm2J2elh/jSeJ4wljvY8tf4FQEpfrA2yLa1s8E5GRvZp4eWl9/KQxaXztQ8fhSxceh9sffRXfuPUJFIO09MP/Xo6H/70ch86ciMvffxIumH8EXGdveuuTYRiGYZhRg/L/4+sribvv/htuveUXGOjrBYgiadKIWGSqRr9W7OvtwXe//W3ce9ddgCf9tS2zoMNeZ36QyuKvK8ELXnYLIijd41aLVV1e2KFAYkoATlByuFQv+glZGUhJv0uwEZ3a5JvvCRD+75SfPB5MflIoM5Xyp2bLWRVckVRmfygKw8Blrh2gSHBYwb80yEDQSmtKRFAiGFMCUqjqk+UUpIoRl8AyTCuThKLaGgILWGugI8p63kas12mtGYZhGIYZcVgAMwzDMMwo4i+Pv4zLvv9XvLa+M7K9tSmFay5+C049Ymrw1kSIFqfxVC/gi1HHcSJiVovV+DYgmhLWY5WTvvbP9nl1WtjGFrr2/pW263nb6d/4WDamV3CQDHaFwntPno3zT52Dh59diy/e/BC29+YA+KW0P/z13+PrP38AP/zcO/G2eQeUfRwYhmEYhmFGDMtDvfjCi/jRj36E/r6+XTqlPQn7teL99z+Au+66C/l8fq8tgb3rMbFX38kaoYggYhvfiyI/l6Ao7J8LHaa1JKR2yIMOMhi+VFZhw+zopfhNo6tvq1syRiBrTWoZYbnmek1q/BMMen2N76X6krrmeGU/QH5vYbPmnAFmGIZhmNEKC2CGYRiGGQWsXNeJi791Bx7+9/LI9v0mteG6S96Kw2eMhVISUBIggud5pmRzXKjaOI5TUtI5vk+8165dnlm/URY/D4CInLWFcjxdbEvkeJlpezz72HjCuFz/YrsUtS2Mw5LVEm85Ygr+9eMPYfHKDnz+xw9h9cZtZr3P+OzPcdYJB+EHl52D6ZPGVP1YMQzDMAzDDAcVuJRcLodfL7wV69auLftah6kPCgx7b08v/nTnnehjub7r0HLXLn2sxaHuKRtESZWIHFIRQtgvWO9PWqRqL+zAT+oqFZy7uiLfFMxR6dLPJj2LsPyz1bO3ZvQ8hfW7HustrEhB1fNvgS5RTcHkFPyksT1WPa5WX3P8qz00O2CGYRiGGZWwAGYYhmGYXUh/toBv3vIQrv/NYygUw/LL0yY043v/+TYcNmNsIFPD/rs61QsAxWIx0qPXTvjaxOWt/b0tY8uVhbZTwXpf+zz2trhcts+l99Vzt0VxvBdxufv0947jwPM8I3u1DLf3ifcVPmLGGNx37bl48fVt+M/v34eNnb0A/B7L9z+1FJ+/8GR88UOnIp3il0YMwzAMw4w8CsCa1avxzL8X+aWJWf7uWBTw2GOPYdmrrwIAr+8uQq+6rnTs+18VlHGGLyhFICuD7QoSCmJQnxj3r2Y8/SeBDE4mggrTNc06KCsdHB8pK63PoUVuPRDCBLAew5RYVpHdahtX+RJYBV9lkJTWIjsIHte0FuZatVyObh+J/uQMwzAMw+w4uPkdwzAMw+wi/vDQ85jznuvwrVv/buRvwhX40eUL8OD15+PQ6WPgeV5EttopWS1e7RLP5cRvvCRz/H7dZ9cWr+WSu8Vi0ZzT7jkcF86637Dd07dckljfZ38fTw/rOepxbeFbaX+7DLXd05iIcOj0MXj0hvfhh595GxKuv0++4OEbtzyEg86/Dnc+8uKgjxnDMAzDMMxw8V0M4YUXX8SmjZuqDScy1RA4qoGBATz+2GPYvn37rp4RU/Lk1nKVQsFIQbrWblFLNfxSmNLM8e/JhI6rnalu9etPU5drRphcJnvvGrBaB5trNzdLONeDgJ96thPWwlrT2mfrT9XI49jjo8tA1zldhmEYhmF2DiyAGYZhGGYns2TVZpx48Y9wwZW3Yd2W8E2pDy84HM/94iKcevgUAChJsZYr3axTuXYK1k7lanGrt9sp3bhYtssp21I1n8+jUCgYAauP1fvp89vnKCed44leWzDH52PPIX5d9v3xNdLoeTqOE1k3IQSgFN561DQ89/OL8J5TDzb3rd64Ded9cSHe+qmf4NXXtwz9QDIMwzAMsxegIKUHBTn0rmWPRiChog06CQqLFy1CsVCof2aDVF8Z6rg9GQmFzs4OrFi+DMViteurm7DKyGvU+OvVQUdQ4Y3xUZHvynzSwaRhlalcrH0rBv2d8/8+0OXU7ZSrL1eDm94WOW25B8hO3oZNiZUWn0aA+pKWBAHkx4Or//yGdXHmRogIVgqjxoPPMoZJ5ir/ZotwLYKDudaCstPK+jxCi2EZlKqutx42wzAMwzAjDdc5ZBiGYZidyHd/+zi+eOPdKHrhGxpzZ0zAzVcsQHtzEv6bjMqUQrYTs7aABUJhCoS9fm3x6nkeHMeJSNByqVk7Uet5nrklEgkUi0V0d3ejtbXVvPmVSCQgpUQikUA+nzclnXV55kKhYM5pz9GWu/Eyz/E+xfFEs504ttfBTkNr2U1EKBaLZg62lNb7Oo4D5Xm4+j+Ox6XvPBqXXH8vXl7lS9+/L1qBwy/8Hq77rzPxn+8+fkc99AzDMAzD7Kb09vUgn8vWHXdLp9KRnwmEQj6PFStWQiqpN1aNfv3U0NiAyZMnY9zYcZHXPRWPC/qCdnR2YuWKFZFKKXsMgYvq7OrElq1b6u6tTILQ2tKKyZMno7W1tYoxyBe/RFi3dg3WrVsb+XDi3kkgPBWFQVRd6tjER1VYZplUKF+rQPtTBGWlTW9aXa9ZwC9bHBmznKz09yHLFlMwn0jJ49jDSfo6qpinglWK2k7RAqEEVgCRtCLIg4+pdyGd+hXkn0TquQffB4lrCuLx1f426DmbstJ6o9Tbg0bAKig1zXlghmEYhhl1sABmGIZhmJ1AV/cALvjybXjgX8vMtsZMAjd/7iy84YD2SApWi0otS20ZrImLYC1xtRzVZZDtxK7dw1cIYUQvEJZKLhaLSKVSGBgYQE9PD4rFIoQQ6OnpQXd3NxoaGjBmzBgUCgUIIeA4DnK5XKQPsb4v3pc3Lnft7Xpf+7r1z3GJHB/DTjDrOcTHs7/X+2tpPrEtjT9945148pVN+Nh1dyGXL6JQ9PCZ7/4F9z+5FL++6gK0NkXfuGUYhmEYZi+BgCVLlmBgIFv3EC2trQDs1yUKfX196OnpqS8tSsCUqfviK1/9Ko4/4Xgkk0l/XLtPaTmUL4XuuftufOHzn8dAf38dJ9896O3tRX8t16elW1D294QT34zLLr8cBx44B4lE8NbZYBLY8ow3/vAG3HzTTcjq5wx7scGx0qUq0qO2uoXzvXuwr4Df+1YTJIGjv2ZDj6v0fgLhhKyw67CqtttJZQlLgFu3usYNZiSCk2g/rUV7HfMkXapa+109T4HBfx8YhmEYhhkVcAlohmEYhhlhnnxxNea+7/qI/H3vWw7BMz/9CI49cHxETNpyUktN3eM33i/X/t7uiau32ZIU8CWvlqvZbBae50VKKWtxunbtWmSzWaxduxYDAwNYvXo1HnroIaxZswadnZ3YsmUL1qxZg3w+j56eHriui3Q6jWQyiUJQxtAWtfHSzOX6Gdtz13PSvYn19cf7/sZLO8f7/cZluj02EJXSUkoce+B4PPvzj+Dckw4y49z9jyU47P3fxaIla4fxDGAYhmEYZndDv17I5fK49957USwW6yqdLIRA+7hxsfYYfrWSQj5f19wSiSQu/sQncMKJJyKZTIEosDxkG6QyNxK7VYniektcA0C+kDevfasjXKfm5mZceOEHcMghh8JNJPxSvyQw+NpSUC4XQVlcpipMz1qK/r2jCGZBK2CKShOg7P60pgyyfRt0qJKBye73a/r0BmMFJdy1AK16aPPhVf10suYplN/DV5et1hdYxVyVroMtKCz/HO/XWyfKHstBtK/wcIU1wzAMwzAjDieAGYZhGGaEUErh2oWP4Cs/uR+eVfL5lv/v7XjTQfsASkY+sR4XlVpe2iJVp1bLJWnt88bHiwvkZDIJpZQp8UxESCaTWLVqFbLZLFpbW/Haa69h8eLFWLFiBZLJJCZMmICDDz4Y/f39aGxsxJ///Ge0t7djwoQJOPbYY9HY2IhisYjW1lbkcjkkk0l4nodisYhEImFKRWtZW27+diLYLkut18S+jvix+o3V+Nd4WlivoR7blsUEhW9+9HgsmDcTF137NwDA2s3b8aaLbsT/fHIBLn/fm+t+PjAMwzAMs/vx1FNPYdGiRZBK1uU5mpuaMHbsuKiIJP91jVSyLhvb0NCAmTNnwnX37Ld0huOVVEnp3yqPA9A2dhwmTZ5cU2TCnI3Cn5ka0NWLa/x9MHsTlT5hSgTlUBF56zgZ/I0WTwADvmgFQrmsanimkpbWqnwCODaNmtD9g+1y1Tqpqxss1zpksKxKHy8oKKsdTpD9L8MwDMOMXvbsvxYYhmEYZhexdVsf3vul2/DIMyvMtv0nj8Efv/4uNCT8n+MS196mv7e3x7GPt3vpRhMmiNyXz+eRTvvljLPZLNavXw8AWLlyJe69916sWLECUkps3rw5IlAdx8Hy5cuxaNEiTJ8+HevXr0c+n0d/fz+EEEgkEpgxYwZOPvlkHH300WhqasKYMWMAwJSR1iWo7Z7B8R7HACLiu9w12zJXf42vRVz6VjpfvNew/v74g/fBop99FOdeeQdWbdyGoifx+f+9Cw88tRS/vfr9GNOSKZkbwzAMwzA7n+jrBWX9t+oRENY2BUwdWgDd27fjph/fhL7evuoHje03duxYTJgwvuTDeKpaGVUGIoIIXk9FTl3mtY99TL1p2roIjGjVPXgjks1vb6LMxmrWKn6tCJuu1rjMjnBAotT+llu/uNjfKShlLRfp9rm+VKwyfawUQEr3vVVQov7n4w7DyFplHntS5a/J/v0xQWEtUm35qVAmSBxsNNtIb43NR0XlceSx9o8nnVTWKdz4eaD8eHKw1gQd1KewRLMM/v0JUrx1/ZZS8B+rnLZBREes6ZEmQOkewJLCpLG01iO+nAzDMAzDjBpYADMMwzDMDmbp6i14y6d+gvVbus22j555JL7w/jdCxsoU28RFpp0C1jJW9/oFfFGq5aoeSydBCoVCpPxyX18fGhoakEql8Prrr+PWW2/F5s2bkc/nsWXLFmzcuBHJZNIIWtd1IaU0fYJd14VSColEAmvXrsXMmTOxbt06/8055fexe+GFF/DKK6/AdV2kUilMmzYNH/zgB3HwwQcjl8uhsbERAJBIJMyboHp+nuchkUhEykXbZanj222RGye+hvpa9H1xSR4XzvprU0rg3m+/G9/49VP49f3PAwAe+NcyHPWh7+Pe71+EA/cbP9RTgWEYhmGYnQRBok51AqVkUEbZFzZSSjz2yKP40Y034oXnnw9aatagN5SvWBQIBx54EBobG8tIUDL71aqsswMDWLd2LY444oiyKeBKH6LTX7dt3x55bbWjGY5oDvwfVr32GgqFfHB9NdTuhXZxNeooa/dt27vQ0dER1BVWwUNV+ZrMfUoimx1Ad/d2qBFcXyB0cb5YFJDCf8YN/VRSUCShBIEUwYOAo1Qgg01RZQCwft45ak/5UVM4SgEkA0la4YLIF6q6GrHSpYntzwwo+AslKHSgVH6NyPzrEV6zJBWVykGy1h9CQVIgqoN0bPzfH72PIwVAEpIAjwSko/zxHEQTwEDt5cMpeK7rMtL2BymCf1qUkIBQQUC4+sczlNX6uGCrJBApSP3nlJbfDMMwDMOMOlgAMwzDMMwO5InnVuHsy29Bd18WAOC6An+86lzMmdpSIn+1zC2X4vWPdcuWc9Y/x0sjF4tFFAqFSK/cfD6PYrEI13Xx+uuv46c//SmeeOIJZLNZI0GTySRc140co+eYTqdNwjeTyUAIgUwmg66uLsyePRtLly5Fd3c3EokEBgYGkM1mTTnpjo4OPPvss5g8eTJmz56Nj33sY5gxY4aRvfZ12UI23jNYX5+9rVJqWo9ly+N4OlgL5fgbsfb9+mcAuPLCY3HWm2bj/VffCc+TWL1xG+Z99Ie4+3sfwXGH7lfL04NhGIZhmBFkw7r1WPrKEpCozUYQEQYGsujo6MDzzz+Pe++5BytX+FVc/NcR9cxGwXFdzD3sMKSC6ivWXYFcoYpCajCy2Rx+dcstmHvIIdh///3D11HWOJ7nIZ/P+xVb+vqwdNkyPP74Y3jggQewfv0GQHkj6myMRquzH+7f//4wTjn1FMybdxxSyfSQj4G5dHs/8iVcrTJ427Zt+Ntf/4o5B87B2DFj/DRw7DEqFovI5XLI5XLo7u7GCy+8gEce/TueeOJxdG7tGGEf5l+RL24lisJDAS6KJIIk7+DHCiVAiiBIQSgJAQUBwIMLUPj3itbAu4pBz6zCgHdJqWedrq2x92/JRzGM+KRIuWZFHkAyaN/rQAn/wycqVjNcgUDBWhcdGfze6xStsi1+WE65zuUm00sZ/jz1OGaBwouq5eMUSgBEQR5bBHnxQAaTE/HMDMMwDMOMQlgAMwzDMMwO4v8eeREXXHkbikG/38Nm7oPbvnwOXPLK9q11HCcifROJRIkIjpcoLrddS1ulFFKpFAD/Tb/+/n709/dj6dKlePTRR3HnnXfCcRwUCgVkMhkUCgWT9tV9efWbhXpuunev67poa2tDNptFW1sbpJQYP348NmzYACkltm/fjmKxaPoT67GFENiyZQvWrVuHhx9+GKeeeiquvPJKDAwMoK2tzVyv4zgRIW5foy2HK5V/1tjJ33IJaz2GXje7f3C8vLTdj/nwGW1Y/LOP4r1X/QmvrNqC7r4sTr30Ztz61fPx7rccNrwnDsMwDMMwdWN/yOu6676N6677dt1j+D8gkiL0K6vWYGV06g5AY1MTDj30UNP+IsSXw/72evSJwvMvPIdPXnoJ5s2bh3HjxvmvlxQhl8tj+/bt6OrqQmdnJ7Zu3YItmzait7c3fE1ZbVnmYSBIwHVLy1RXJDadDevW4wuf/28cfvgR2GfipCr6HSuAFA4//AgsOONMOK5Tl00jANLz8Oc/3Ynly5bhiCOORGtrq38GpZDNZtHZ1Ylt2zrR2dmJLVu2YNOmTchlc/CVH7T5HkF36id2JfzXqwNwcBck7lGELA39Nh8R0Oh5OFcQ5iNIcyrAgQcV2EOlCEKnXUd7upMoTKoCYcnjoMRymGmuY0xBpQlgKSDIgyIFKYp+YlmJQIxGzCsIRXiO/0EE13PhSj1XivbqrZPw3y0rrSwQimBh/aynVYMQJ7JKaEsVPBeEWWMWvwzDMAwzumEBzDAMwzA7gG/+8mF85eb7zM9nvOkAfPeSk/xPg6tQPNrCEQh79uq0rxaX8cSqLY7tmy1qs9ksurq6kE6ncd999+Gee+7B6tWr0dXVZco46zSvTvTqMXXq13EcJBIJtLS0IJlMolAowHVdZDIZ5HI5KKXQ29uLpqYmFItFzJkzB4sXLzbHpdNp5HI5SCnNTaeNlVJ44IEHsHTpUpx00kl4z3veg6lTp5aUu7bXR98HILIu5eStvc11XSOU4wJdp6819rF2WWr9vU4Mp1zgz994Fz5948O455/LkC94OP/K27BqQxeuuPCkHfZcYhiGYRimNnaEzCzby7XOYbUwmzlrFg448ICy5Z9TqRQyDQ2VS9wOASlg5bLlWLlsebitzAfjIsdYH6AbSYgIjuugqbGp7uMBoGPrVjz80IODXpPGl3wK5573Hpy+4AxkGhqQSCbrOz+AQi6HZ59ZhOcWPzN0718gyH7qGGddp61hgkGpcvjp0gI5eJ4c/MUh9JfpXVyONgIOUxInQSIhARChAEAoF4oEKJDBysRJR5cF1h+bMHI3XqbYLt1s/T7XVNDalvha1hKgHP8myIGEg6Lw5a6C55+UdMrWX0EBIOkJ5MhF1pGBlA0SwFb5Z9LytkZKUtBaKgc/azle6/D6d8ocZJeDVgCECC0xwzAMwzCjEhbADMMwDDMMPE/io9/8Ixbe84zZ9v75h+KrHzzOF6CxMsT2G3O2wLVlYzzBGi9hDCCSlNW3gYEB5HI5XHHFFXjppZeM2E0mk0gmk3Acp0RwAn5PXnu8VCoVkc+FQgGNjY2QUpr08NixYyGEwOrVq80c0+m06SFcLBZNmer4tb/++uu47bbb8Nvf/hZXXnklTj75ZDQ3N5v1q/TmZbnUr53YjZfQ9h8fLyKT48npeInteOLYcRzzuHieByKJH1x6Cloakvj9Qy8BAL5w491YtaET/3v5OyBqLDnJMAzDMMzoolxasA4nA8d1cd673422trayZ2lsaMCE8eMhHAHp7Zh+scPpvbujcRwH4yeMh5tIoFgo1D6ASWHX2l/Ufw3b0tKCtrZWbNm8aVjqsuo1tXcb4ZeDutusUADBg1ASoKSfP65GximFAgjPeRJ3SA+u8gtAE4ACEaQEniZC1kmM7IUMl8Dm6vLERtLalleEOw/1SKqSb4K/MfQPIrw/6wn8X7fCq3kJIRWK8PwkMAClgt/nYC6kCKQk8iKHjf0CvTLpT9B+qPSch/PcESqSVDZyeRhjkiBTURu6ZD1gksV+MLjeMvkMwzAMw4w0LIAZhmEYpk76swWcffkteOSZFWbbZ987D58461BTCtkuJayxRaYWpvF+tTqlqu+LC1G7PHGhUEB/fz9+/OMf48EHH0Rvby9c10WxWEQymYykcpubm9HT0wMiQi6XAxGhr6/PJIM1mUzG9A5OJpMmQdzU1IR0Og2lFBoaGjBmzBhzDQMDA+jo6AAANDQ0mP7DurS0LgmtexWnUilcffXVuOWWW3DppZfitNNOg1LKnNeWt+Vkbbn11OtYqUR0vIQ0gJLksU4Hx89pp7a//uE3YdK4Jnz/D08BAG76vyexakMX7rjmg0in+OUVwzAMw+yuDMfBKKXMsW849licNv+tFUsXExEOOuRgPPLow4AnQ+lUxclHOsE7XPwPObqYvv8spDMN6MlvNxLJvsxBr8KkNqvrWRq88gOBIEBoHzsWUyZNxoqly2qef13ru5MfEgpspCInqDitex1X8wQC+lwHvxeEO6QsuQ8APBIokBi16U6deg2vWIVllWM76HUhpQV5GRWsbFdKfp9foaCEBOBExbJHyAnCfX2E+3uCYxVBSAUlKUj1U1AuOvh3QQFSAfAEFAnACRLACsEdypRaNpcwVBVx+29NUr4Et0s/K38uqsqnRQkU/D1ECCdGZJLQJII1p3pPwDAMwzDMSFPPB1kZhmEYZq9nS1cfTvj4jRH5+61PvBUXnzk3IiHjAhJAiVTUKVnP8yKJ3njp52KxaLYVCgVks1n09/fjhhtuwIIFC/CnP/0JAwMDSCQSRmLqBKtO//b09ACA6ddbKBSQSCSQSqWQSqWQTOD8QlIAACAASURBVCaRyWSQSCTQ0NCAXC6H/v5+9Pb2wvM8DAwMwPM8pFIpNDY2Yu7cuZBSIp1OA4A5VgvjVCplpLFeE/01n8+jv78fr732Gr7whS/gO9/5Djo7O4281vuVS/vqr1qil1vjculgW5zbj49ODcelfbkezJpPnHUovvGxU8zP9/7zVRz/8RuxdVtftU8jhmEYhmH2QBqbGvHRiz6KlpbWCnv4qcJjjj4ajY3Ne5w70a/3jjzySEycONE4xJ2liRSA1tY2HHHEkablyZ5GuJb1rKov7YqOg2wiEb25/q3gOL5QHK3Epka6XHPkpqI/1zO0oOg4gI5eQwkHMrgpIeA5DqQjIB0HkhxIx4EX3O8JB0q4UI4Ie/LqNK2WqCJ28iHD55bMtj2sPb4o/TByTRBA8T7C5vvRU3GAYRiGYZjysABmGIZhmBrpzxYw/79+iueWbTDbfvbfZ+Oc4/YzP9slnIHSxKm9PS4oHccxY9j75vN5ZLNZKKWQy+XQ2dmJT37yk/j9738Px3HQ0NCATCYDx3Hguq4p7dzf34++Pl9K6m1CCLS2tqK5uRnJZBLFYhGJRMKUgE4kEkYmCyGQyWSQTCYxYcIEjB8/HmPGjDGCtrm5GdlsFn19fSZ13NDQgMbGRjN+U1MTxo0bh4aGBqTTaSQSCbiua3ofDwwM4NZbb8X555+Pp59+2kjkeB/fuAzW66QlcLn77TW3U8L6MYqvc0lPtwr3ERHOO3EmfvDp0822Z5eux9s+/TP0DeTBMAzDMMzegf0axE0kcP75F2DevOPNB/BK9ocvkA448EDMnDUzCBfWWup4+HMdqZLR+hz77bcf3jhvHhLJpNlm+6kRgwDHdXDa2+Zj4uRJZk4jTbzqzGgqyb3HYZdp1v8pEaAASEH/r2YJrNPCBCN9TQpWnyNyLutnEeTddUpWi2RhS2kypZRLpHA4i8GXwdpd2dJbjxnMP7yeGiBAkfIFsLm+2DqwBGYYhmGYUQ0LYIZhGIapgaIncdblv8Dzy0P5+6dr3oMTDtnHvMFnC0MAkYRpvJevXSraFpP6a39/P3K5HDzPQzqdRjKZRD6fR09PD7797W/jtddeg+M4cBwHnuchn89HEr+e5yGRSKC5udkka7PZLHK5HHp6esz5GxoaTCnogYEBDAwMGBmtZWyxWERvby96enrw+uuvY+vWreju7kYul8P48ePR3t6OsWPHIp1OI5VKIZfLIZvNRo6zy0Gn02k0NjYimUwilUpBCIHNmzfjYx/7GK666ir09/eX9Cy2yzvr7bq0tL2+WqzbfZS1SNaC3S7Bbb85W+7NunKloPXj+Lajp+L3V51r9n126Xqcc8UvUdxB/fwYhmEYhhm9xD/E9+73vgef+s//QiqdqniMft0xZuxYnHXWWchk0jtlrjJe7neEcRwH73jHOzB58uSdel7A11IzZ83CiSe+eeecr0zLkfj3zA4mWFoJW0rGBKhQdb7zGZQeN2OqcKyIxMUgEnio+/U4OsUbJItRm1bVFacj126diwhQupdxDQ5Y9/1V9nqWJKt1/19+njMMwzDMaIQFMMMwDMNUiVIKF1x5Gx59ZqXZ9serz8OcKS3mZ11y2ZaEWlza4rdcn1otJONfbaHseR66urrw+OOP45///KcRtZ7nIZfLmdLJuryzLZW17NU9fbUgzWQyaG1theM4SCaTRsi6rmuks+4RPGbMGKTTaUyZMgXjx4/H1q1bMWfOHKRSKWQyGTQ2NqKtrQ2u66KlpcUkfpubm5FKpcqWvbbPo3se//GPf8QnP/lJ5PP5inK23BtqtiSOr68W8bZ01+PoktnxseLfx0tO63MdNr0Nt3/j3Wb/vy9agfd/5Tf8ph/DMAzD7CWk02mce+55uOyyK9DY1GzdU9m4CCFw7nnn4k3HHw/hOiP+ukG/nmlpacGsWbOQSCRG/JwHHTQH73jXO9HQ0OCfv1a7VQN2lV4VpIDf+c53Yvbs2Tu1b3J7ezsmTpw4ouco83HFYY5W/fHl96wwhvL/U/UZrIdpsP3tR9N/3Y/ysjVIqVZzbvPc0RtEUP9Yl2guJ1mHlLz6mKg0Nfc7KiZXrfMMggrKyEcmL2LJZN0TmMJrq/n3r5zsDtK/o70XOcMwDMMwLIAZhmEYpmouve5P+L9HXjQ/3/Dp03HY9DGRMs5arNqpVSCaII2XhLPLPtvHCiFMb12lFBKJBPr6+vDoo4/ipptuMlLWcRwUi0Uznud5prevTgcLIYxMTSQSGDduHJLJpOnF293dDcDvDVwoFCClREtLC8aOHYt9990Xhx9+OGbMmIFx48bhgAMOwL777otMJoN9990XiUQCM2bMwPjx49HY2Ij9998fkyZNwvTp0zFjxgzss88+aGlpQTqdRktLiylPrfsa617GWnbrstMvv/wyzjvvPDz55JNm/3jC1+7lG09X28JXi2VbDtt9luO9gW3pHn+8yj2WRIS5+7bifz8TloO+/eEX8F/X/7n+JxzDMAzDMKOKyOs4pYxImTBxH3z161fhy1/7KlraWmPOt7JtIQIymQZc/rkrMOegQwASpa87AMgyt7KjxuSOGSf44rguTjrlZPzwRzfim9f8D9rGjPFzjjW5w9pEYyKZwoUf+BDeed55SKSSUJBQla+gfuxrN9V+CXMOOhif/8IXMGXaNHiDlGWuZZ3t54F/nIIioKmpGRe8/0Lc/LOf4wMf+jBSqYzOkVY3/yoh5V8sBZMOXsWCyl5BhatSCpASUNIfr5abma4KRhSALrMcnWnYKlb55YQlCb2IsZu/jwSgVAKkKq+b9VdU4FVVUP649EYEkBIAAUIiWjO5ZNTgqoJJq0jq1xpXKIAkIPyS5nC80nP7D1SwnzT7hzJYhWWig3lC+NfiSAXAgyJZQfQH1wuASMETBDLjUuz8CkooKOGvl7L7BleBnlfp2gZjm8tlGcwwDMMwoxF3V0+AYRiGYXYHvvnLh3HznU+anz//vuPxtmOmAQjfXLNTvnYC2KacvKzUL0zfn0qlUCgUsGLFClxzzTV49tlnTTlnXdLYcRzkcjmT/HVdF0IIZLNZEJHZplO4AOC6LhobG5HL5aCUMr15dbq3WCyitbUVEyZMQG9vLwBfEDc2NhppPWbMGPT09KChoQGtra3Yd9990dnZiUmTJsFxHPT19aGxsRFjx45FoVBAZ2cnWlpa0Nvbi1wuBwDIZrOmdLVeu1QqhXw+jw0bNuAzn/kMvv/972PevHmmfLRODmuJqxPFlfor2+tup4H1fnb5RvsxiKeI7W36/PbjfNpRU/Hf7z8B1972BADgR3f8E1MmtOILHzyl9icdwzAMwzCjFuEmMHnSZJz6lrfgE5dcgrHt42pKxdn7zZ59AP7nmmvwta9+BS889xy84DUeBQKt1qCd+XAbETwAba1tOOigg/DRiy7Cm08+CcIR6N6+De3j27F10+bBT1CHp41Xb2lpacFnP3sZHEfgjttvR19vT+2DVn/24P/+HITj4qRTTsUVAwO45pr/wcb166GkKnmcbG9X/an8x3vChAmYN+84fPjD/4GDD5kLcgQ2bd6MlpYWbN2S3SFXZSNJf1UoCMADQSkBFTZ+HYRQuBJUIFp1nrQ6Xe0oZYSqqyQ8OMG5Y3/3AFAQkEL5eyj/WFcRPJSWI3eUREJJEAiSJIDgA7LxMYkgFCBJQkHBI1+ECnj+3iQDi6vgKH8U0klkLYTjUBi6lfpEWn7qTwfoiUjyV9mRECBAAopkdF/7ez3WIPLZbwfswSGJgnAgyYPryVBsh9P0rwMCgC/viQgECSEUpJLh+aW/po6QEOSBFPlSG9U+0gCIoAQBKlgA/wHwryUoD63s9WIYhmEYZlTBAphhGIZhhuCXd/0bX7n5PvPzR848EhedcYiRiLrss91T1paOtnzUCVQ7dWq/ASWEQLFYjCSC8/k8lixZgi9/+cvYvHkzHMdBNpuF67rIZDLI5XIm8avFqOM4yOfz8DwPqVQKjY2NkZ65rutCKYWenh5kMhkkEglMnjwZY8aMwfTp0yGlxLhx45BIJCClRFtbm5lfLpczqeJsNovW1lbz5ldjYyOam5tNSeXe3l709fUhkUigo6PDyOOOjg7k83ls27YtIs6LxSI8z4skewuFAj796U/j4osvxqc+9Sn09vaasta6/LUeA0DkWDtNHU9du65r5lmuXLSdDrZTvxqd9rbLdwsh8JHTD8LWbX34+V2LAQBf+vG9mDqhFReeftQOeT4yDMMwDLPzCLKWwU+ETEMGb3zjG3HWWWfj6GOOwaTJ/ofeFA3Pfxx88MH4/g9+gJtu+jHu+OPtKAQflKsJsuesMHHSJJx99tsx/22nY86BByKdyfjSBgrNza2YPGkqlry8xBxjX2nlU1StjiK0tLbgc5+7AkcffTRu+MEPsHL5ijpGGXRiFavbKqUwf/58TJs2Fd+7/no8/vjjUGo4j5dfGnj27Nk497zzcPLJJ2PqtKn+By3hv56cOnUqxo0fjy1bN1d3nnh6dBAc5Sc5CRJJCQyQgCIR5Dur6fOskFDAnGIRMzwPjvIfd6nnMQSukjhGEFxyAUUQpAIpHX1uxMVtSgHHFPNQRRkIzChNysM04ctkIgIp6UvZkg8oSEAHaB3CRAnM9wrYqoqhnFR6rgpzhUKjSoR9cKtCwZR/BkKvHtjOpCxgfqqAw1MimAtBQvrXLENNq0xKm8LDpZXMV3p4AimFfUUCraSC38TyMj/MYPsC1lUSc8cUcVYu538QQClA+eM5UiIhgJlNDgiJIK1dy3Nfl5HWnzpAuB7C/n1jA8wwDMMwoxEWwAzDMAwzCH974hVc9M3bzc9vP+EAfPF9x0Zkqi0HbTFZTvDG06j2dl2mGYBJuhaLRdx+++244YYbkM/nzTbXdZFMJk0PYMAXnzr5K6WE53loaGiAlNLsp6Wx4zimZHNTUxPa29shhMCECRMwMDCA9vZ2NDc3QwhhZLEucZ1MJk1iWEvQQqGAhoYGAEAmkwEA9Pf3Y/z48UaQt7e3I5vNoqurC7NmzUJXVxdaW1vR1dWF7u5u9Pf3m7Xs7u42qd50Oo1cLocbbrgB27dvx8UXX4zGxkazbnEJrM9nl3i2hbt9nBbtev1soRsv9Rx/POPlpvW6CyHw3xe8Aes7enDPk8sBAP9x9R/Q3tqI0487sK7nIcMwDMPsLRwyd+6ungKAsEVHJpPBPhMnYf/9Z+Kwww7DYYcdhubm5ogUGY76sF+fTJ4yBVdd9XXMnz8fC391K5a88gq2bt1qXh/GTxZKJf91SFNzM9rHt+PAA+dgwYLTceKJb0ZTczMoKLurZY3v6gjHHHssNm7aZIrCUhmFqkwy0reT06ZNQzKRrPn6lALSmQacccaZmDfvONz+hz/gwQcfxNq1a7Ft2zYUCoXq08YEZNIZpDNpuI4Lx3WQcBNIZtKYPGWy/zoOMG1XQQTHcTF37qG44Yc/xL333IM777gTK5Yvx7Zt2/zXnIFS1etpry8IcB0XLa0t2GeffXD44UfgrLPOxlFHH41EMhERlH7QU2HixIk45phjkHCcoFByFZclCFOmTIFwHH8+Kjy/jQTBI4JQAkoAQv3/7L15nBxXfe79nFp771k00kiyJMubTPBrGztgm4RLwA7ByQ1JgOSSQHKT8CYEslzuDUuS970seSEJcMklxgE7ewI2BtvXJgFjgw3ybkuyLdmyjXZrpJE0I83S02ut5/2j6nfmdE2PNCNLlpB+X31a3dVVdepUnZqZ7nrqeX4SJmIkPtuFnIkCpSjCeyDwX20bpowRiUTEPJbdPElAlrDixM0bGDbsWMKUEaSYu74pEztqLExUpMTvmQK/Y8wVYikR2U6dphKAiSC9YaFbSpYiTtzXsQ0ninCViHGZm0udwFDnkUDiEjalATdKRtWQyVhDzH8jQ/KjTcJnGqtMDuBU6HZh4vpijF/tsxEZMew4hhS22hdqKZ5vRLLquEiWNGIHTuwjhIFYGEm0c2ZFAaG2IQHkDeDXLizgVy+MZ5tW1uFEnHfiGEYsEYtEGF7wLyyKf06PWeIspqjppPaylIDB9YAZhmEY5rREyPkKoDAMwzDMWc6OfUdw2Xv+Nzw/qa/7uh87B//2J2+dEwesu4AJPY5YFwx7RQnTcxiGSsQlkffhhx/Ghz70IQRBoNoslUoq7plcyOQuJkHWMAxV45cipEn8zeVyGBgYwJo1a1CpVJQIXKlUutrQ6+YCQBAEME0TQgiUy2X4vg/LshAEAZrNJlqtFgCgUCig1WphYmICUkrlMJ6ZmUEYhmi325iYmEA+n4fv+2g2mxBCYPfu3Wqa6hjr++26LqIowuc+9zlcddVVKBQKXQ5eOrYkwmbrL+uvs85dguKl9XWzIn92/Wz7tK5hmHjPX3wLG14YTY5Lzsazt/wPrF0xcBxnI8MwDMP86KOnddDfbLppjR4yXphYdvIRsCxT3VwngdlYZmM2AvVEon+m8D0fY2NjOHjwAHbv3oN9IyOYmZmB53lKnLIsG8ViAcPDw1h73nlYPjyMoSVD6Ovvh2nN3uTWK5ZaQiLwA4R+kEz31hpnReNUeBZCwHHzMMzFOYGzSSwyjtFoNHHkyGFMTU3j8OHDmK5No91uq8+2tJ5AchOj7dgoFUvoH+hHqVRCLpcIwJZlwrZt5HIOCsUy3JwLKJEsUbCzl74ajQbGDo1hdHQ/du/ZgwOjB9BsNhCFkVrWcRxU+6pYvnw51q49D0uXDmFo6VKUy2WY6TmR7lB2ZyGlVGk8CzlOyWdICcM04bi51AHbe1CkjCFgIIaAKYEZI8bnjRj/KA20jYX4PGL0ByE+bJj4LQE4EdlURU9nbmbriEWMyJAQ0oIRJ/HR5HzWz4oYSUy1GSdjGAkDEGEq9iplkVqFFBFEai2VEIhEDFOKJGZZLSdV5LAhDcRCIjKTKGQr7rbhJ0uGMKUBKZPjEqauVXOOk51cwwKxkJiQBj5SF/h6x4KkcdDKKPfJGH/V5+HXy0L1Qwgx+wOTQtpp95u9LsMmdYIlOZ5TMb5HL9Mm0u8mIs2alnQDg36skv4YIky94QYMhCAH+9GQAPb5Ar9y6zS21IbSOGtyV0uISGDIquG233Bw1RILhtAzsk8P2u22KpVE6VX0HTH7PZ1hGIZhTmdmZmYAAJs3b17wOpdffjkAFoAZhmEYpid+EOHK//o3eGHPGADgolVL8B9/+Y60/lGCLvbpkcH6vGzcc1Y41iOhKfqZ2nr66afx4Q9/GFNTUwCgxFdymtKFJcuy1LZs24Zt22pbcRwjn88jDENVp3flypU455xzMDw83LVeuVwGMCv06hHLFCVN7dP2pZQIgkAt43meEnZbrZaKiTbN5MJcu91Go9GAEALj4+MwDANTU1Ndgu/ExARqtRoajYY6LiRkU13iG2+8Ea961avm1OudT2TXRV5deM9eYNShCwO9luk13vq0upggTLz1w1/HnoPJGF5+0Qo8/g9/AMc2wTAMwzBnGwsRgHO53KntYw89IDEBdt/0Ra7abnHnZeUKz/ksMt8NZ9n31ecOmUTOCiPbCZqvbUuk4dYxTR+lX0LTrEQiMi0mTLdnm/Nciprvs7M+n97PHhfl3RW6S3K280dr62XRQwCe27djI2Wcjl16jLss29pyiCGkSByiEvBFjFFY2CclQnHsGygEAFsaONeQWCkjSFgQMg0HXoggJumQSkgRIhYCRmxplutZYikgRJicL9JO3a76CaWaTPomY0hEAAwYMnFCd2nSEjBjA6EhERkhzFjAkFZy7huZ7UsA0kRsxIhFBEPGMKQJldeeFYvT80VCYgIGPtoQuK1jJUIq5WPHEpARqrHEZyoefr1sKgHYEOSg14ORu4Vuelco3z0J2mYi+JMTWMaIDSxQAKZCw1lRV0JImf5sk6icCLXHun1DAtgXaAJwjGR9qgUcAUutGr7+bhevGzJPigAspYSkGyFEIvLLrtsBuvtLbmkaAa/dYQGYYRiGOSN4OQIwR0AzDMMwTA/++G/+Q4m/hmHg9j//JUDGPaOAdaEX6L64SRHDc4TBlOyFUJpuNBr4+Mc/jiNHjsAwDOTzedTrdRSLReWKBQDXddV2hBBwHAdBEKgvtbZtw7IsrF27FnEcY926dVi1apUSdskZ7Lqu2j45bcm9GwQBfN+H67pK5NTr41LNXsuy1EVcy7JQLBbVsiQO53I5mKYJz/NQKpVSt0ZOiciHDx/G8uXLUalUcOjQITQaDdi2jWaziTAMkc/nUavV8OlPfxo33ngjqtVq1zZ61fKlaYrV1o+7Hpdt2/ac2Gd9nLK1mvXt6m3SeCbulgDf/It34rLf/gdIKbF5+wH8yd/eg7/+4M8v8oxkGIZhmLODU31B/mhxrd19k13zTsi2e+x7r5Ii876fRrLOZW5fBf1vzJk1tw9zFnj5PoKjjbM+b77leh+XjKyVsV8eq60TxjxjduzVMjcIzrO6UKOXxAs7EFiLCOcuZnMiVgK5SIrUpixgbDWjq4SZnh/zCfqaMKlEwrnLaiMOATMR8Xq1KYDISGrtmtJI+xLPEXRnl4/SZQWQtit6Lqu7h9MF0jq3SluVAAwBxCakEaobDaSI0yGnhrVzrnenurYze/zS7y1Ihc+jrKnOMZUJP9/JMis1J7t4LIf33PWTfU9F+zgVko1EmBeg3znUjxOJTJ3eEnHqzDbi5HlON9PFxeyaDMMwDMNg7u1hDMMwDHPWc89jP8SX7nxcTX/9E2+Ha3YLgtkaviQC0jwAXSJp1qWadQSQaGqaJsbGxvAHf/AHmJ6eRqFQUDVwi8WiqgHnOEntNd1dm8/n0Wq1EIahEjvL5TIuuOAC2LaNtWvXoq+vTzl+K5WkjtnAwACovi/1OY5juK4LIHEeF4vFOdHKJKbmcjkUCgXk83kVO037b9u2iqMul8uwLEtFUS9fvlxtw/d9VSd45cqVGBoawtDQEPr6+pQ4CwDT09PI5XLYtm0bbr31ViWGZwXaLLoYr48RCbUkXgNzHSXz1XOm9elY0HIUn03PrgXc9om3q3X+5uuP4NuP/nDevjIMwzAMwzDM/Agl7JFuKTCrVy70QfLjUeTDo3Yh6UbawjyNzEqctMIxNiaQ3shwlGVVU0ffdvcm03/Ubo9FZ18LJcVmDpa237JLCO+54cUe1cw2Xj6zjR3b83v0JoQhEvE728ce8eonDgOmNBCnrugYBiIzhBRx5iHVcywkpJCYWzuZYRiGYc5OWABmGIZhGI394zW85+NfU9Pvecul+L/O7QMw6xYldPcuOW6zoqEe9ZxdlgRJcr/GcYx2u417770XO3fuhOd5CMMQzWZT1QUmkdb3feX0pfYajYaqHey6Lvr6+rB8+XI0Gg0UCgUUCgUsWbJEvQ7DEJ1OR4m91HeKXNYjknUx27Is5RCmOGjbtuE4DqSUyOVycBwHuVwOUsquvlMdPYqtdhwH1WoVruvCsiwUCgWYpomlS5dicHAQS5YswYoVKyCEQBiGcBwHjUYDAPDlL38ZN998sxJv6TgQ+hjQtD5+9F6vaT3Cm8ZNb+9Y7erRlgBw2dp+vOvaS9T83/jkbTg0Ue91CjIMwzAMwzAMc4rokg51dT0VPBNRWCgX7pmLLoDLzHFIHydOre5JLGLEwkAogFAa8KUFHxYC2MlDJg9P2mjDRhsOOtJBB/ZJ6xPDMAzD/CjBEdAMwzAMkxLHEu/806+g1ugAAFYOVfA/f+MaFf1Mkb/JsnHPemz6c7YOMM0jUTAMQyUS0jr79+/HV77yFQRBoGKLLctSy5NwS31xXVdFNNN8y7JQqVRQKBQQxzHOPfdcrF27FpVKBZ1OB1EUwfd9lEoleJ6nRGTbtuF5nnLpmqapnM00H5h1BBPlchnNZhOmaaJSqSAMQ+XMJcdwX18f6vU6wjDsEq1JDO7v71f9otoWw8PDKBQKiKIIq1evxp49e1RNY6rjdNttt+HSSy/Fm970JhUBnXX70nbIkUtjo8c/U3skJNPY0XR2nj6W1K6+fVpOdyb/+W/9BB7dug/7xmqYrrfxrv/3FvzgS+875VGXDMMwDMMwDHNWI7Xw5u6E5lkMmdTCFRKIZVds9ZlJWuzZkGmRcDkbhx1LTf8WJycBGknEdcsHfvNLM7j/h3ZSgzlOtxcDkEmfRBwn03GaVIUY+//JPFrTDMMwDHNWwA5ghmEYhkn583/8Hja+sE9Nf/Mvf1mJvwC6nnWRMBvrrAt/emxy1lGqC6r0/he/+EXUajU1HUWRqutL8cpUbzefz6PT6aj2XNeF67qoVqtYunQphoeHMTQ0hGXLlkEIoeKjgaR28MzMDPL5vHLldjodFQUdhiEAKMcvic2WZUFKCdM01T4GQYB8Pq/2z7IsFf1MNX5934dpmsr5S8Kp4zjKsey6LgqFAlzXVf21bRvVahV9fX1Yu3atcgDHcawc05/85CfRaDTm1PulsSAHc7bOMi2TjYbuVcuZpnXhX6+9TMJ2dl2dMAxw5//3DjX98OY9+PS/fH8hpybDMAzDMAzDMCcZkZ3IRlEb9J6Si89slNtXzB4LckADiIRAKAyEwkSIE/uIhIkQNiBN+KIA36jAN8rwjSp8oy999MMXffCMfnhmf/Js9KFj9J/Cg8YwDMMwpw/sAGYYhmEYAI9seQmf+udZMe6mD/0cyq7RMwY5W8+XhE/DMBCGYZfLVBcEqS0ShUmQNE0TjuOg2WzixRdfhGmaME0TrVZLib9RFMF1XdW+lBLtdltFMRuGgWKxCMuysHLlSqxatUo5gXO5HMIwRL1eR7VahWVZaLVayOfzKlbZNM0uUVaPe87n80oEpThnEqRpX6IoUjHWxWIRMzMzat88z1N1jElgJiGY+k/rSylVXWC9P41GA+VyGcuXL8eBAwfQarUAJEL21NQUNm7ciDe84Q1qXHRRl2Kz9THTof7rbt3sGNNypNyXyQAAIABJREFURK9azlmHsD7uNEbVvMANH7wef/SF7wAAPvH338NPv+5CXPXq1Ys9ZRmGYRiGYRiGOREICSkBI/UBSyEB0wCi1NoaY9YiHCMVQ890Tw3VTBaQhoRyAMcxYAi0pIm/2xzhW/kg0cXjVBJPjcPJ4ql7OJ0GJGScPAvMOnkF0u9fEoAUiclaSBiRQBDF2DXhAgYgpIA0qA9InclIXcHphqVIOsMwDMMwDAvADMMwDOP5Id79sVuVcPczV12AN1++Ugm0en3fbB1goDv6OSsS6sJqVizudDpKzI3jGDt27FARzUAitgZBoJzCusuU2jAMQ0Uv9/f3Y8WKFRgaGkK1WlXCabVahe/7GBwcRC6XU45dEn6llModTFHGjuPAMAwl8lJEMtUYJsjdTCJrEASqz3pbJAaTU9nzvK54adM0Vey14ziwbRutVgvtdhuVSgW+76PT6WBwcBC+76NWq6n4agC488478TM/8zNKGNbbzjpzs+KuPq56fLQu/PZaT1+GjqMu+OqOb1ovjmO85YqVuP7qC/CdJ3ZCSolf/8RteP5rfwzb4pgyhmEYhmEYhjltoM/yAqmwiNl6uGcDcxzQMQwRIIaDelzG/9kaQsikPi8JuEKm34VikYjCcSrKxpg1TccSMhV61fu0bBrjLGIJEceQsQkJCQMRYpF+DzXS9oDumsSGJtYzDMMwDMMR0AzDMAzz+Vsfwv7xGgCgmHdwwx9eN8clSmKwXq9Xn0cOVmA2KlhvgxymYRh2RQaTkGuaJjZt2oRWq6WE1zAMEccxfN+HYRgoFAowTbOrBnChUEBfXx/K5TKGh4dRKpWwdOlS5HI5NBoNLFmyBFJK2LaNUqmkth8EgRI86T3btmFZlhJ/SdTM5/NdNXApDhpIHLi0Hq0rpVRtGIahxGbbtuE4DhzHgeu6qj09CptoNpswDAPlchm2baNcLmPJkiWYmZlBX1+f2mYcx6hUKli/fj22b98+p580PtmY56wjWBdy9eXInay/1+uRjZbWxWA9TpuO6V///rUo5JL93rV/Al+47ZFFnLEMwzAMwzAMw5xsBIm9BpJauEICRmo8FcrWeuai9h0q/joWOQAmIIHQMuFbFmJLQFoGpGkgNgWkkTxHpkBsGelDJA9DIDbTZQ0jmTaS19I0IU0jWV8YiCwTsW1AGgKQFmDEmf7o/RPJswm+2s0wDMMwKfwnkWEYhjmrOXhkBn+h1WH9pz/9BUDOxioTVOuV3L+6k5cim+n9XnHD5CKlZxIVW60WfN/Hzp07cdttt3W5jfXtuq6LZrOp6vTq8dGlUgmrV6/GihUrMDw8rATHNWvWwHVdJdi2220lPNP6nU5H7QsJl7Q/UkoVF627mGkfLMuC7/sIgkAdJ3LwUlue56n9J8GbjiGJuABUJDQJp9RvqiVMdYEvvPBCFItF9Pf3K9cwAFQqFXzsYx9TLmI6hvq+6U5t/Tnr7KVjozt5gVlhN7vufJHghL7fdByFjPAPH/0Ftcyn/vkBHJ5qHut0ZRiGYRiGYRjmZKJpupIEYF1oFIAwznzxVwJq34XushUARAxhRBCIAEQqulk9lDqr24cxd1qk/2XbBwAhYEgBM43cji10O5LVeMhuUdjo3gTDMAzDnM2wAMwwDMOc1XzkxnvQ9hIR8TUXLccV5w+oeb1ig6leLImEJObqYm+2FiwJgnrdWxIIbdtGEAS48cYbUa/X1fLtdlu1WSgUVDQ0bZOE2nw+j2q1imq1imKxiGq1isHBQZRKJRWhTNHM5MzV6/ZSn0j0pdjpOI6Vw5binLO1gknEdhxHHTOKiia3b7lcniMsk2hOzl/HcZRwbtu2EoZzuRza7TZs24bruujr64Npmli5ciVWrlyJUqkEx3HQarVgmiZeeukljI6Odo2NLsjSftMx1sVdfcz193RhX3cHE9TvbCx4tr1eIvGPXziAS85bCgBotDx89G+/Pe95yjAMwzAMwzDMSULOPkkhEAuh6Ziyp0AZQySlZ09Ff18p0mMglZ4rUid0nLp8LcAwNfFVzj5TJDM9TCN16ErAFMkzTXcJuDJx8ZoSsRkjskLNfR3PHQsjFYWNjFjPMAzDMAz/SWQYhmHOXja+sA+33veMmv7yH1/fJeSRcJitCZutAUsCoC4W6m1k68UCs85eIQQ2bdqEDRs2KNctABWxbNu2ipemOGFat1KpYGBgAEuWLMG5556LJUuWwLZt+L6PKIrUa+pPoVBAFEVKhNWdqmEYIooihGGoYpxJNCUBlwRUEnJt20Yul1PCMQnEtEwul1PuXf3Y0X6SSE6OZX27dCwLhQJs20ZfXx+EEKhWq7AsC4ODg1i2bBlc10WhUEAYhgjDEHfeeSdM01Sx2STQ66J8L4E469zNiraEPpa9HN76snQu6e/rTuo4jvH3H/nPavl//fZT2Lz9wFHOWIZhGIZhFo08AQ+G6cGc04TPqR9NUm0REJgQJjYC2CAFDuvipS44mhKxEWO3FHhMCuyUBsIz8PIqmXMh4sTxK6LkWMBIRN8uN67oFnBJkKWHSE96JSSn00pcnxVvk+9k1AEDMAwIsiHr25kTT03bBF/tZhiGYZgU/pPIMAzDnJVIKfE7f3GHmv71n7kM/QWzpxioxz4D6IqG1gU/cs6SYJsVGwlqLwxDjIyM4K/+6q+UuFsoFFSssmVZME0TnudBSokgCGAYBnzfRy6XQ7lcRqlUQqlUQhRFaDQaSmA0TRPtdhulUkm5aj3Pg2VZSkzW69fqois5e8kFTP3Qo5jJ0UzHUo941o8L1St2HEfFMwdB0FVnmJ6B7ijoIAhg27baVrFYhBACfX19qvZxX18fOp2O2v7dd9+NVqulnMy6+ErjoMdx6/3XxzQ7bvOJwdlYcL1GdK/nrOO4mgN+/a2Xqun3f+b/ZE9VhmEYhmFeDnOiS4/jwTBHQ2jPfE796CEkYiERihhPQuK32hK/3RF4KKZav5kHBBqGjRt8B2+fjPHpuocG5Bmn60tgVngVRvoAYERKFIaI07q86Z0NgpZHeqwkBN31IOJkOpv4rITcRCiWZuo4NgVMkWjD0hCASf2B5vzVpzNObYZhGIZhWABmGIZhzk7+6T824bldhwAAlmXg/3nPNQC6nZ3kGiVxUBcJs+iCajbqGEBPIbjVamHDhg04fPiwcua2Wi01P5/PK3ds1nFcLpdhmiaWLFmCfD6vxFKKUW42m7BtG1JKtFotJaQKIZDP55HL5boEbaoNrO8PuYgdx1HPurNXF4cLhYLadxJxfd9X7ZFDmpYnEdqyLBUF7bquchZn46bJ1UwuYdu2MTw8jGq1ikqloubFcYz169er466PX68oZnqt1+fVx43m68eezg39fKHlyA0+n2tY3zYt/2fvvgaGkSy/4YV9+Ld7npr3PGMYhmEYhmFOD9SnvTNN+TsbEQYEDEgRoePEaDkGQsOYdcHqJW2lhDQieI5EaLjwjSS56Uw7D2IAUoQwhQ8hQsAIYRoBDCG7HsKg58QlLIwIwgghjAiGiAARzc4TEYSIIUScCMlGOh8RDBHCEBEMBOnrAJEVQpqJyCxknAjBvRRkAz3EZ4ZhGIZhrFPdAYZhGIZ5pam3PPzpl+5R01/84PWADJO7nDPOWBJus8KePq0LxboLNCscB0FSa5gEz1wuh7vvvlu5f6kuLzl22+22imUmUTmOY1QqFRiGgaVLl6JYLKJcLisRmJahurok+FL75MTV+0XiLAmr9D65hZEeFxKZSfwkIZeeSUR1XRdhGEIIoSKs6XhIKZHP55XQTcfWsix4nqeOexiGcF1XHQ+q80t9y+VysG0bAwMDmJmZQbPZRBAEKBaL2LBhA66//noAUHWOiYXUAO7lkKb91YXbbAw0tdtrXnY7XecJYtzw367HH/zv5Jz88Be/jXe++VIUcvYCzmaGYRiGYY6G/ncamPs3+dgNHOWNxbbFnBHMOadIbVrE6ZD9/MicSkT6Y22kAqIEDAEp0vepQpCRvDaEAGBBAgjtVMAUhko1PlMYMCR+71U2DkYREIvE4ywljFjM/hZM3krNvulE+hJSQkBASgFAJk7epMiy2sbse6nfONZ+LuLk0HdiibueNrDrsAspIgCmNiaye3wgu9pnGIZhmLMdFoAZhmGYs44v3PYIJmqJALlmuA9vvmwloiicI9xJKWGapoox1t/Pxifrgh4JhfPViaV44+effx67du1Soqzrul1CMom/1H4QBCryuVAoqAeJwxQD7bquEmtzuVyXgEy1cUlU1Z222X7rblfaN4pvdhxHibO0f7lcDr7vo9lsKmGYRGWKr3ZdF/V6vUtcpv11HAe+7yvBloTxVqulLoxRO4ZhoN1uw7ZtFAoF5HI5tNttOI6DgwcPKhEX6K7Fm3XsZqO5adt0zAgaj6O5wLPb0kXkrCuY2iR++opzsGa4D3sPTePIdBM3fOMR/MlvvGlhJzTDMAzDMEdFSGBqagojIyOI5eJVGpXwKwQuvPBCFAoFdpgxiKIIo/tHMTU5uTjzZ3rurFixAkuXLj0ZXWMWiYCEgRCxYSICACGUoCsNmQrBidM0FgAiwIjTyGJDIIKAFPKM+bUgAFQNid9YV0RgCpiRSNy3AISMZ3//JXdQQ78xRv2KFRT/TC0mz1RvWS2P2ajtpBRwOk8KADFagcQzeyPsmBSJ2JsK9Ihldz9iKJGeYRiGYZgEFoAZhmGYswo/iPC3dzyqpr/8xz8LKeM5omDW3auLv3rtWBJKSRzMxvzqy1ObFGm8c+dO5dal2r5RFCGfz6PRaACAilxut9uwLEuJxZVKBaVSCZ1OB/l8Hp7nIQxDFItF5cIlAZMim+M4hm3bCMMQvu8jn8+rfaD4ZIp1pqhm0zThuq7qCy1PLmZySNO+eZ4Hx3HQ6XTUctRuFEXwPE/FPNP7YRiiVCohDEPk83nU63V17HK5HDqdTpegSm3lcjk4jgPXdeE4DjzPQ6vVwu7duzExMYGhoaGegr0uxBO6Y5v2RV8WQM9x1AVefex1cflobuBZJzlw04d+Dtd/6BYAwN/c9gg+9O43wjK5WgfDMAzDvBxEGtn6z//0j7jpppsS0UDNPPb6afVKAMlnoU99+tN45zvfCU2mYM5SvE4HX/7yl3DH7bcDWHjybCwlYgF89CMfxW+/973qczVz6pACiCFgxCYsKQErSvVHI5mZGFRpaQhDIoaAGSWKoyHPvHtCJBLx25IhTCGUrir0M71rp7vfS74DZW+NoAOlrShl9y9abfsQgCFMrBtsYbrVgoytruUllReWiRM4/XUPAzH4kjfDMAzD8F9DhmEY5izjX+95CoenmgCAi1YP4oLlpTnuXgBdblig29GZRXebkhiou0f19QGg3W6jXq/j5ptvVq5ZEk91cdKyLARBoNy0QFInt1wuo1gsAgCq1SqklKjVaiiXy8qRSxeSyJEchmHXxSXLsiClVOIzOXvJNUzuZ3IL+76v3tNdv1SjOAxDJVCTM5gczBRPTWIvRTuTkEsOX9rfXC6HKIrQbrdVbWE6DnoUdavVQl9fHzqdDsbHx9X4NJtNrF+/Hu9617uUgK9DLl29tq8+Tz8XdEdvdix1V68uBNMy+ljOd+7o0d/nDxdx/soB7BqdxPhUA1+992n85s/9+Jx1GIZhGIZZHF7g4QcP/iC56Q+pSLDAdXVRLw4DPPLII/j5X3ibukGOOftQn+lIfMLinJ8CMhUMz7DM4B9xBARig77/pXHQRuo6NQFEs785EjesAGQMIeQZeTvI7FcXE1Jokm1WwJ13/QXeEkFR23NnwIglSkaI/3l9FR0pYCFMI6WFZjXu3sysVt8+9rYZhmEY5gyHbSUMwzDMWYOUEn9960Nq+jO/d60S7IDu+r/0Prl/9dqx5PbUHb66iExxwVmhkETcIAhw5MgRTE1NKdGTBFbLspSDNwgCSClRr9chhEAulwOAJHYQUA5gz/NQrVaVizeKIuWaJRGTavSSAEvCKMVbEyQIkwuYnLrkHo6iCFEUKZcuXfykfaX26Li4rgvf91XfyX3cbDbn1OClaGna1vj4OCYnJ+E4DiqVinL7kpBMY5LP55HP59V+WpaF73znO10ivB43Tf3tNe7ZCOzsPP190zTnCP+6c1g/twCoY67vt35+RVGEz33gOrX857764LFPaoZhGIZhjoqUwBOPP4E9u3fP1qdczPrQEkWFwMYNG3DwwMHFNcIwGc48ufA4kZnH6YBAIvySfmnoz5oSSu+fwYj0H+Y8TviG5jykiBEaErFhoOjGGMzFGHQEBnIxBnIRBvIxBvIxBgsxBnMSg3lgMC8xmJMYyJ0uJxPDMAzDnFpYAGYYhmHOGr716IvYPnIYAFAtuXj16r4uAXK+Gr80j56z4l1W/KV5OiQGUnTxCy+8oGKPSfyjyGVan8Rb27bhui5s21aiLM3T45QNw1DuWd2pOzU1Bd/3MTMzg3379mFsbAxjY2Oo1WoQQqDRaKh2JycnMTMzoxzJjUZDLTc1NQXP89DpdGDbtnodhqFy7NJ6ev1dIQQ6nY7axsTEBIQQOHz4MIIggGmaGBkZwY4dO7Bnzx6MjIxg9+7d2LVrF1588UXs27dPtUU1gm3b7hqLYrGoYq9N08S2bdvQarXU+NGx0AXcXuOjt6nHOvcaW32dXrWFe50TJETrfaF5pmnikjV96CslYvkPXxrHvY9vW8CZzTAMwzBMFvpM5/sevv712+B3vGTGy9EupMSR8cO451vfRhiEJ6SfDHO2od+Iudh1jmfd44ZEXxJ6BQBTAoacvZpqiDNeBD5VCClhxgJCmjBlCAMdSBEBwux6SKQPaUBKE4ld2zxW8wzDMAxzVsAR0AzDMMxZw+dvmXX/fv7339JVuxZAl3MzK/7Saz2OWY+L1h2/uvCn14ul17ZtY9OmTQCgatcahqEeQRCoyGPDMFAsFpWzNQgCJaYeOnQIq1atUnWBwzBEvV6HYRhdjtjp6WlMTU2hr68PMzMzeP7552EYBnbs2IHLL78cy5cvRxiGGB8fxzve8Q489thjWLZsGdauXavE41WrVuG5557D+eefD9d1USqVlLu33W7Dtu2u40DHKQxDBEGAiYkJVCoV+L4PADhw4ADq9To6nQ46nQ42b96M4eFhbNu2DX19fRgbG8P4+DjiOEan01FCdKVSwfDwMPL5PMrlMjzPg+/7GBgYwOjoKKIoUsfo8OHDWLlyZdcYALNOXHI2Z2s69xrHbEx49lzJnj+ELjTrYnA2alq/mPXZD1yH3/3st5Lz9NaH8NZr1r38k59hGIZhzlL27t2LLU8/0y0cHY9gk64uZYy777oLb3/HO7B8xfIT0keGObuQiOMImzZuxKc+9ankZlN5bAOwAFCpVvCB3/9DvPWt159k4VUAVL9Wr2MrAQhDicOC3mNOAskYxJAALEBaiAEIBOg1+GdiDDfDMAzDvFxYAGYYhmHOCp7deRAPb94DAMg5Fn7ykuVJglcPx2fWyamTjfqlaXLsElnhUBcFfd/H008/rYRkqplL7lbqE9XU1WOaHcdBq9VCpVLB0NCQEn+FEEr0jeNYCaaHDh1Cp9PB2NiYElzb7TZM00ShUMBTTz0FwzBQqVSQy+Vw8803Y2BgAC+99BJGR0dRrVYRhiFeeOEFrFy5EpOTk1ixYoUSbqMoUnHVtG+u60JKqd4DEgfuwYMH0dfXh0OHDiGKIhw4cABhGGJqagqTk5MYHx9HEARoNpvwPA/tdhvFYhGjo6N46aWXVCx1pVLB4OAghoeH0dfXh2KxiHq9jmKxCM/zEEURHMfB888/jxUrVnQ5dsl1q4v32frP84n4WTe4/prcvVlBOHs+ZF/3uqHgDZcMw3VMeH6E72/aic3bD+Dyi1Ys5DRnGIZhGCbDpo2bMDk1dULaEhKAEBjdvx/PbtmM4eXDc1JFGIY5NmEYYv/+/di9aze8TmdB0p2UEs1mP1qt1knuXdobVetZi4NOZ1PZWopHlospLM4sEIFYSEiEMKSZHv4IQs5198Yw+PAzDMMwTA9YAGYYhmHOCv7iX76vXn/yvT8FkX5lJ/Rar0TW5Zl1fB5NFCSRURf3yMW7detWJRqTYBnHMSzLgu/7qtYurRuGoXLXlstl1Ot1LFmyBIZhKIG4XC4jDEO0221EUYQ9e/Zg+/btSlClvlMNYMuy0Ol0lDg6PT2tau0eOnQIpVIJtVoNw8PDME0TuVxOCeS1Wg3FYhGO4yjh2vM81T4wG5NMLmDHcVCr1VAoFDAyMoIwDNFsNnH48GF4nod8Po/p6WlUq1VMTk4CACzLUsJqvV5X+xoEASYnJ7F79268+tWvVkJwqVTCxMQELMtCFEV44YUXcN111/UUZbOCbHY86blXzDc5s/W4cH0bvdrPisqEXqdYzZMSH//NN+LP/i45Z//61ofwb59417FOcYZhGIZhoGkwAojCAPd/7z5EYXjcQq3SfQRSQUgiDH08+tgjeNN1b4ZlO0mVTKmtwDDMURAIwxj7943CX6D4O7vmif8Rk+lvjRgybVtAQCYlw/UNGgBiin82YMSANADEsyWM+cf/xCHSX7wC5qwmD7On0C4g+eAzDMMwTA+4BjDDMAxzxjN6uIY7vv8cAMA0Dfz8NecB6Bb5SOzVnaBZcZem9dqw2fhfipWmebQsCbq+76NQKKi4Z9/3Vd1ax3EQxzGCIIBt20pEdV0XQgiUy2XUajXlanVdVzlwqV8zMzPYtm0bJiYm0G63lds3l8uhXC4jn88rdzFtl/rXaDTQ6XRQKpWQz+eVw3dqagpCCOzatQtAEt/caDQQRRFmZmaUQE2idrvdhu/7CMMQjUYDUkp0Oh1UKhXVRq1WQ6vVguM4qu+0f4ZhIAxDlEolAInruVgswrZt5HJJfVzLslAsFnHw4EGYpol8Pg/HcbrGY/fu3SgWi0p8NU1TjVFW7M1GP+ux3dm6veQa7kXW9atPkzs7e37pznN6vO3158E0k/G/7f4t2D9eO9opzjAMwzBMFgns2LYNm59+5iQ0LfHoo4+iPjMDvJI1SRnmDMHzPOx96aVXtqbvUZEwZPo9AoCUInH+SlKA08/+RhJLLA2J2BCQVgwY7D89WWSO/tw304cQc99mGIZhGIYdwAzDMMxZwN/f/aS6uPBr110CU8yKt7qrt1cUsE4vVygtJ4RQQqHuEKbldHG5v78fnucp4ZbEP4p6podt26q2r+4OdhxHCZ5AcgHFNE3lqD148CBGRkZULWCKks7lcujr60Oz2UQYhigWiwiCQM1rNBqwLAtLly7F1NQUBgcHMT093eVofv7553HhhRcqkdY0TbTbbRU/TX0lUZmioHO5HKanp1EqlTAzMwPXdZHL5TAxMYFCoaD2fWBgQDmF4zhGu91GGIbI5XIoFosAgE6ngyAIcPjwYfT392Pjxo249tprUS6X1bFut9uYmprqElbJuauPTTbeWXde03IkbgNQz9SOTq8o8Oyy+nb1sdfPPSEEbBP4lTf9GL52/1ZEUYx/+o+N+Nh7rzv2yc4wDMMwZzn06S2MInztttvQbDZPgjVPYHTffjz84EP4z2/7BVgW31vPMIuh2WxiZGTkVHcDQBrjnIq/K+IIb5cRJqUJCAEhM784JCCkhJQRDClgxBEuh4QBAaQVahmGYRiGYU4XWABmGIZhznhuuW/W+fG+t13R0/0JQAm4BAlyukAMYM5zth293q8u6lFt2u9+97uqbq+UUgmmtm0DSOroAonzVV9fSolcLodqtaq2FQSBqqvb6XQwMjKC8fFxJS739fXBdV2USiVYloWBgYHkQiiAQqGATqeDer2OSqWCgYEBzMzMIJfLIZ/Po1AowHVdlMtl+L6P1atXY3JyEoVCAc1mUzmJLctSInQcx8rVTH3vdDqwbRumaeLAgQMYGBhQ0dTDw8MoFArYtm0byuUyTNNEsVhEPp9Hu90GkAjcw8PDCIIArVYLtVoNvu+j2Wyi2Wyi0WjA8zxUKpUuQX/nzp1djltdnM2OoV4TOBvrrAv7ver70jzafxKhs230usGAltXFadr++3/xSnzt/q0AgNu+t5kFYIZhGIY5FloM8/jYGB566CHI+CQ486REFIa48/bb8aZrr0O1WmXdh2EWwfT0NA4fOXyqu5GQ5jdbEHhNLHGJcBECMGSY/FhnRODIMCBEBCljCEgYsQU3imbNwgzDMAzDMKcJLAAzDMMwZzTPbDuA3aNJTdlK0cWyPndOvVagW8AlQU6PNSZIqMuKv9l2suIutVer1XDnnXd2CbtCCDiOg3a7rYTSwcFBtFotALPRwVRzl57JYUti7BNPPIFGowHDMNDf349KpYIVK1agWq1izZo1cF0Xtm3DdV3lopVSYmxsTLlsp6amkM/nMTQ0BNM0Ua1WEQQBisUipJRKiHUcR61PwrXneV3HkeoW53I5eJ6HZrOJcrkMy7Jw7rnnqrrDnudh3bp1CNP6fJVKBZZlqeNCMc6WZWFmZgae52FsbAwvvfQSpqamYBgGDh06hKGhIXU8yQW8ZcsWXHLJJXNilnvVAAa6RX09LjqL7iqmsaTzIiv0Zl3GVBtaF/Z7idPLqg7yro22F2Db3sN4dudBXHrB8gWe+QzDMAxzFiOBzc9sxsT4kSSiWRXxPTGIdBsvvvgidu3cgSuu/PET1jbDnOkIITAxMYHa9Myp7goASnqWiBHDlICNAIY0YEoJIZN5XcvLGBIxrMhEaEpARKp2MMMwDMMwzOkEC8AMwzDMGc3X79+sXv/3X7m6p/gLoEvozQp2wKxIaFmWEoF7rUPCHoCuNuh1s9nE2NgYoihSLmDXdWFZFtrttqoLTC5dIQRyuZyqC1wqlZRT1rIs5bi97777YNs2KpUKhBAolUpYt24dzjvvPCxduhTFYhGu66LZbMKyLFVXuNVqoVgsKgfvkiVLYNu2Wo5iouM4hmVZyOfz8DwPlmWIaCVNAAAgAElEQVQp5zDNo8hqqpGr1zKO4xjFYhH9/f0AEnezZSUfQ9rttnI1N5tNFItFFAoFJeTqkcwkCJODuL+/H7t378bo6CiWL18Oz/OUmGqaJn74wx/i8ssvRxAE6njqZAXebBy47uLV45tJtM1GQWeX188dvV39PNQFZL1PURThg798Nf7yqw8n5/L3trAAzDAMwzBHQaYWYAHgBz94AJ7XSc174gQnQAtISNSbDWzcuAGXXXYZDNPq+RlzcVCELLVDzy/DxZxdNZtoq92Qdixe/v4trE9nJ6kNdc74L2bs9QN5OtekjXHo4Cj8wEsm9a6eonNBQMCUAkIm42AiLdfSoz9CCgiYkMJI6gbL0/ton1Ak0DVIomsGwzAMwzCnGVyohmEYhjmj+dp3ZwXgn736fPVad2jO5/IEekcF6+5NQo/87dU+iX6dTkfVzqU2fN/H1NQU4jhGFEUolUrKcUtCahRFysEbRRHiOIZpmsjlcoiiCOeccw6KxSL6+vpw+eWX44orrsCaNWuwYsUKWJaFMAzRaDQAQNXbbbVasG0btm0rMVmv2UvrkRM3l8sBgNom1dyli4btdhtRFClxG0jirBuNBlqtlhJmDcNAs9lELpeD7/sIggDtdhvT09PKAR2GYZe4SmKx67pKTB4aGkK5XMbw8DBc11XibxiGKvL6iSeemCPC93L80n5kRVgab2I+cTd7LmXPD90NTNvVl8uKwXRzwdt+Yvac1aPMGYZhGIbpQfqnd//IPjz68MPpe+KEi0r0dz0KI9x///2oN+pd7x8/2Y6SKPgym9QferNkjpZyznu9Hl3Lneg+LQZ5Ah6nJb3G/3jaOG13EAAQRTEOHDiAKApP9K0Zx4U6FQUAQwDCgFD/evws0Gd3Qya/XgSSq6unfldOPgKAkLOP0/sHimEYhmHOetgBzDAMw5yxPP7cXuwfrwEAViwpob9ozbkwR4KeLuDqcbwkAOp1fem1HhGcje+l17roaJomCoUCTNNUrlhyz1L8My1PIm+n01FR0uQGNk0T+XweQRDAMAxMTk4iDEM4joPBwUEMDAxgeHgY5XK5q/6saZrwfV8JzVEUKZG33W6jUCjA8zwIIZQAS/2mbQGztYl934fjOIiiCL7vKyE5CAK4rqvczPpxCYIAvu/D933U63UlbpNoTG5k27ZVHyzLQqfTUQI0CaSlUglSSqxYsQIHDhxQzmZyUjuOg4MHD6rj30uUpXGg6V4x0fOJu7qY3CvCWXcK69uk842c5DQ+tK4ulA+UBFYOlTF6uI59Y9PY+MI+vPbHVi36Z4FhGIZhzgZITLrjzjsxOTmZvncStkOfJ6TE81u3YuvWrbjmmp+YkwxyHC3PvpSalPcydkKtL7ubUVqwBA4dOoQdO3ZgYvII2u1W1+dlx3Ew0L8E5513Hs455xxV+kO5Ho+jb/P1ab6FT/QYnp5yVffYzzfrqEgJQT74E3XQehz/l9t+u9XGwYMHEYfRCTG5MyeABf6+YfM+wzAMw/xowQIwwzAMc8by9e9tUa8/8quv7ykC6kJeVpgDMGcdXTDuJf72igvW57XbbSWQhmGoREKqzUttNZtNFb1MTl/f91XEM4myU1NTaDabyjW8atUqOI6jhGbf99W26/W6cvQCiRhLfSEhWCeOY1XvN45jhGEI27bh+z5M01RCMAAl3AZBoNqiiGQSbEkopn3zPE+5oQEo0ZiOO4nCFLtNdYpJNKaI6Uqlgna7rUTyKIqUmO77/ryCLe0jTWdjmIlewi71Wd8/3cmrP/e6QUC/0YDc4NltRlEEAPijd7wOH73pAQDAN+7fwgIwwzAMw8yDlBITExP43v3fQxylN++dTIUi/axx+zdux2suvxKFYuGENBsEAe679zt4/vmtkLGEXGD08jkrz8Evvf3tKBaLafcEICUkJASSz4OHDx/Gpo0b8fRTT+P5rVuxa9cu1Go1SBn3bDP5fJJsv1KpYN26dbjqqqvwlre8BRdetA62bXfF5C4sJjr93COBwPcxOTWF6akpTNdqaNTraHc6KjUn8H1MTk7i4IGDGB8fx+TkJKZr02g3W2i1WgjDEFEU9bwZM7sfQghYloVyuYylw8uw9rzzcMUVV+Anf/InsXbtWpimtYh9OPHQDZb//s278cILL6Rjh9RiemyElLBsG+94xy9j3cXrZt9/Gfuze/cu3P6Nb6BWq3X39WUcosDzsGnDhu7vZcdoT31HarVw++3fwIZNG4+5nWqlgnf96q9hzZo1c+adjDHulTK00OUBoFabxo7t2zGybx+OHD6MRrOJwPdfGW1cAq7j4hd+8Rdx/vnnzXvOCQAxpKqD3ul42LVrF3bt3olDBw+qG3zT2a8YQ0NL8d73vjfp4yn6+WUYhmGY0xEWgBmGYZgzEiklvn7/rAD8U69Z3TW/V31eEt30eeQQpS+S5AaeL0pYFxBJ5NOdoCRahmGo3LIAlBOYRGESLi3LUvVyBwcH4TgOHMdRdX4bjQbK5TIsy8Lq1ashpcTQ0JASfUl0pW3o2yoWiypS2nEceJ6nLjxRjDJFQhuGgXa7rVzIjuMgDEPlRCYhmS7ASSmVoEx9qNVq8DwP7XZb7R+QxDtblqXEUMdx1HHO5XLodDrKuUw1hnXxXEqJCy64QInJ1A+qF0xtkeCqj12vmwF6PeuQ+KuLvMcSjLNR03R+ZCPFs+cVALz5NbOC7y33PYPP/uHP8YUNhmEYhumBEAIvvvgiRkdGICFhQEDTL08ckraXPD/++GMY3b8fF61bN/86iyCKQjz44Hr8+ze/iTiMFvx3/9zzz8dPvuENKBaL2ueUZPf37NmNG264Affdcw8CP0jn6a7Towmoybz6TA1PbdqITRs34u9u/jv837/zO3j/Bz6AXCF/lHXnIiBwYHQUH//4x/Doo48i9Py5LtPM5/R520pFbr1qbu/lACljhIGP6alJTE9NYvuLL+K+b38bpmnid9/3Pvzu770fhVQ8f6WhfXQcB9PTU/jarbcgCsNFlgBO/L99fVVcfPG6pKLwy/rMKLFhw5O47Wu3olGvp5t4+T9M2c/NCz5vhICfisebNmw45vLDw8O47qffgnPPPfe4tne8LGZ/pJQ4cGAUN910E751991oNps9z/eT3WcpgVKpjCuvvBLnn3fevD9IMv1ZC3wf937nXvzNF76Akb1709+Fc2+2fiWQAC5cdzHe+9738nckhmEYhsnAAjDDMAxzRrL+6d0Yn0pq3i4fLCNvi54Cmx4BrH9hJNEwG+NMscm6qAd0C3vUli4CU0Sz53koFovq7mhdOLZtW7kdSLw1TROe56FaraJarcIwDFULmBzDjuOgr68Prusil8spEZriloFupyvFKtu2jVwuh3w+DyklPM/D+Pi46jMJweR4JlctuYmLxaKKW9Zr3FK/Sagl0bfT6aDVaiEIAiUO0zK5XA6u62LFihXI5XKYmZlBo9FQx9u2bXVBxPd9JZ6TYzuOY9i2jWKxiKmpqS7ndqfTURHfdAx6XZzQ90Fflpy4eqwjHQcS9rNO8azTOHuO6Num7WXjpMmJXinYWDZQxNhkE2OTDTz23F78xKWzF7IYhmEY5qxE0lO3WPLw+vVod9r6IsdoI1GIJeaWijimmJBuoD4zg02bNuKCC86HYZ2IyywCUlKgtVTvHYvJIxM4PH4Yq9esgSGAiSMT+P4DD+Cee76FDU8+icDzZ1vqIawuxrUYBgH+7uab8OKLL+B/fPhDuPjiiyHlwh3AnudhdPQAAs+DkPOP1Xzib6+b+BbS717TURTh5ptuwpNPbsB/++8fxOuuuhqGaSSxuKdAULrqqmuwbOkwDo7uT95YYB9InNu0cRMmJiYxuGRg4YKc1F8m69RqNTy3ZQvarVbXNk4VelmWBS0PEv5nl280Gvi3f/kXPPbYYye0b6tWr8KHP/JRDAwMdG0f6PWTKwEpMbJvH2756ldx9113Y/LIka6+9io7c3LPxaSWr5TzZ67T97D1P3gA//gP/4DNmzdDRjEE5t4M+0r+3FBt5q5tc6Q4wzAMwwBgAZhhGIY5Q/nOYz9Ur3/75y6fE8lLZL9kZ6OBs5HP+jp6G7qQrAuMugNYSomRkRE0Gg0Vz1woFBAEAUqlEnzfV2IjOWJJHM3n80rcpbaCIMDSpUvRarXU8o7joNlsqmU7nY7qZxzHKJfLsG0b+XwepVJJuWrb7TZqtRra7baKW86iX4QoFAqI41i5k23b7jpG+nGk2Ge95q9+LOlYSClRr9dx5MgRte9SSrRaLXQ6HRUxrdckjqIIhUIB1WoVnU4HpVKpSxDu7+/viqKmPukCP5EVZ/VI7/lq/NJ+6stkHb9Zp7j+Xq92SfjV2/jtn30N/vKrj6hzmwVghmEY5qynR+3QZr2OB+7/HqK0FMXCmqG//92lPxYjYIRBiAcfWo9f/KVfRMEqLWIn5kErxCnEwusKNxt1vLRnDy697FI88cQT+OQnPon9e/dCiN7u3oXsY89lUuE8jiP8YP0PMNOYwef+1//CqlWrsRChmiQbIZPjLwRAAdTHW0X5WPtyrH2PoxhPb9qIP/uTP8FffuazeO3rXqdSX14J9P6sPW8trn791bjrjjsX7QAWAHZs245nNz+Dn7r22uMS4shVfXD0ALZs3qwSkk4lx7cfcw9fFEbYs2sXNj75xInpWEptehK+7y1o2TiOMTKyFx/8oz/C889tpZ+GtM/d302y751UhASERHdoQlIZWEqJOIxwy1e+is995q8Qht0pAmJBP/cnDwOzN7YwDMMwDDPL8X62ZhiGYZjTmke2vKRe/6fLVveM/CXoIt98Iq8eG5yNeqbXNE+vDUsCIgAV+9zX16fq41I9XRJPPc9TfaH6uFJK5fg1TVNFQgNQdXmLxaJyxFIMchiGaLVa8H0f7XYb7XYbruuiXq9j165dePbZZ7F9+3YcOnQI+/fvx65du7B69WqsWbMG+/fvx+joKJrNJtrtxEFDjt7sPjuOo0Ruil92XReO4yCKIiVoNxqNrrq/JJK2Wi2Mjo6iXC7jLW95C5YvX45ly5ZhYGBAOZPz+bxyK5NI7Hmeiq+mscrlcgBmI6Xb7TYGBwdhmmbXctlYbxor3c2bPTeybvCs+Ku/nxWQ9XOCxo3mZ4XgrEuYHv/pstkY6Ic37+lxxjMMwzDM2Y2QwL333ouDBw8uyBFKyPRRLJfxrnf/mvqctTino8SmTZuwe/du9Xf+VBCGEb573734w/e/Hx943/uwf+9LOOlWOCnx1FNP4XOf/SzGx8dP7rZOIjL1ku/bvw+f+tSf49lnt5wyt2uxWMK1116HpUuXYjHjR99yJiaO4NFHH0Wz0TjuPkRRhG3btmFk376eKUrM8SGlxJbNm/H7H/gAtm59PnkPp9ZZfXSSfnkdD//6b/+CL3zh8wijuTcKMwzDMAxzesIOYIZhGOaMo+OF2PTD/Wp6zbIyROor6OXG1MW/Xu7NbPSvfgGkV3sAumrh0rQQAsuWLVNisBBJPV0SMyliudVqKXerbdsAknpgtm0jjmN4nqdEzVwup+rjUp1e13UhhEAQBKjX6xBCoNFoYGZmBkNDQ1i7di1KpRJKpRJc11X927VrF3zfR39/P+I4xsTEBMrlclf0NbULAPl8Hp7nwXEc5HI5WGnkIe03xVc3m01MTk6i1Wopd7HjOGpbV155JZYvX46xsTGUy2VEUYR8Pg/LsrBv3z64rot8Pq/2hWr8Uvw01SAul8vI5/PK3RuGIY4cOaJisLPiPR0zEqnpvV4XuXq5xul9vdZzr4hnap8EYqr5q7dDNwXo4rAuRq9ZVlbLPr51BGEUwzL5Pj6GYRiGEUIAsUSz2cQdt9+hPmMtbGUAsYQwBC5+1cX4wPs/gIfXP4iDBw8eXZAR+svkb399uoZvfvObuGjdxeoz3SuNEMBDD67vmj45G8q8jCXWP/B9XHPNT+C/vOtdr6hz9kQx62QEtv9wG2756ldwwQUXoFyuvGJ9UJHBhsBVV1+NV7361cclqkdRhMcffxz/5dAhXFguH3sFYI5xu+N52LJ5M9qt1qId8Uw35KiVUmJ6cgo33vBF7Ny2HUK/Qfl0PrxS4qlNG/C3N9yAdrOV9vd07jDDMAzDMARfOWQYhmHOOJ54fi+iKBHSfmztEAzEPd0Y2ZpK2WeKDs7OI3q5gAGoyGdyBOv1Yvv7+1GpVCCEUAIvicNUr9b3ffi+D9M0uy4gktDoOA6EEF3P+v5R3d1ms4lms4mxsTEYhoGBgQFVh7fRaKDdbsO2bezatavLnWxZFsIwRD6fx/T0NFqtFjzPU3HRANBsNlWcMzl6SajN5XLKjSyEUI7dMAyVo7jT6WD58uVYuXIlXNfFyMgIDMPAzp078eCDD2Lz5s244447cNddd2Hv3r3YunVr17gAgOd5iKJIxUcDQLlchmmaajzGxsbUcaZ1FxKnNp9zKBsZrr/O3jigX4A+Wh0vusmAzhfdPa5EYyGxcii5ABlFMTY8v2/evjMMwzDM2QA5d5H+Pd6+fTt27Nix+HYEEEuJq665BsuGl+HKK69Uf4MXtL52U+D999+PgwcPLroPJwqJNEo5PThq+hXA8zzcfdddGB0dPY3djEcjPVpSAnGMh9Y/iIceehBB4J+SnlSqFbzxTT8F23UWt2JiJ8XIyAie3bJ4FzO5USeOTOC5Z59b1LrM/Egp0Wm18ZWvfAWPPfboKU0KWCj0nWVycgJf+tLfol6vq/OLYRiGYZgfDdgBzDAMw5xx6PHPv3rtJUpY0x2awGxNW12I6+XcpPq6+rLZC4PzvSbR0XVd+L6vRNKZmRkUi0X4vo98Pg/f9xGGoar/SjV4gyBQUYSu68I0TXQ6HbU/ruui0+koEZiET9/3lUDa39+PyclJbN++Hbt27VL75DiOqqlLdXxXrVqF4eFhlEolFVOt76thGPB9X/WdXMEkytq2jU6nA8uylPOWahGTULt27VpUq9XkLvjpaYyOjmLnzp3Yt28f6vU6SqUSTNNU0dUPPPAAgiBAPp9HtVrF9ddfj06ng/HxcfT390MIoRy01I9Op6Piovfs2YOLLrroqDV69RjrKIqUc0Uf715irn5OZW8YyLpfsnHP2frC2fOSoHbe/dOX4LO3PgYAeHjLHrz+0jW9Tn+GYRiGOauQSMxojz/+OBqN+uJWBFTd1KuvvhqGYeKqq6/GPffcgygMkSmG2RP9s+X4oTFs2bIFq1atooKUr6ixT30CFZnp+ZbrwfH0VwCQUYznnnsOzzzzNJYvX65SbI7dg2xvTrWzUEJCYHJyEt+97z5cc/XrMTA4eEp68trXvhbnrjkX27dvB6RM3Obp4TlGxWP4XgdPPPY43va2t8FKx0LoRXGP1oAAdu7cif379x9loW4WKwm+nFH+kZQfhcDuPXtwyy1fRRiEEBJqLBeEzLw8GT8mPbYRhRG+/4PvY8OTG5K0BCEW8msx21wXJ/UnfKGdYxiGYZizBHYAMwzDMGccj2oC8OsvOWdO/V8ShLNCG4AuIY7cu7ROHMfqoddnzcYAkwior0tCq1471vd9tY4eU5ytT2tZFjqdDoIgQBzHcBxHuUubzaaKaCaiKEKn00G73cbExAQefvhh3HPPPXjmmWeUm7fVamF6ehrNZhOtVgu1Wg1jY2N47rnnsHHjRjzyyCOYnJyEZVno6+tDf3+/2k4QBCrOWUqJQqGgRO5SqYRisahqFpMoats2LMvCmjVr8MY3vhFSSjz44IN48MEHsX79emzduhW1Wg2XXHIJqtUqJicnEQQBrrnmGgwPD6NSqaR3oE/i1ltvRbPZxJEjRxAEgRKWaTskmFqWhVqtpvoKdNffJfRavtm78Wlad3vrtYJp/2gcdfe3/qA2ejmLezmCs89xHOPNV5yrneNcB5hhGIY5uxHai47Xwffuvw/xcdamvPCii3HxRa8CIPCaK1+LYqmCxagI9Pc+8D08+vCD8Lz2cfXj5WKg+yJPdvpkQHGwwjQQ+h4ef/RRdDoL2f8YsxKRhEgfpw4BwACEoaae27wFB0ZHX9EeCCT1rCEFzjlnNd74U2+GY7vJeynzHqW0AYnks+MLL2zFjh3bZ9dbgHNTSCDo+Hh2y2bM1GvHvzOnAaeLUCwAxFGEJ594DLWpSQASMLq/J5xW0IkIoFFv4N/v+mZyA4IhEGvzTidU8gFxGvaRYRiGYU4FLAAzDMMwZxRxLPHos7MC8MolBQCzIpseq6vHAQOYI9iRwEdCZ3Y5XSzUXZx6GxSFTLV7gaR2rmEYyOVyyrmbFZEpspicpFTXN5fLIY5jJbpSlDRtk/pRr9exfv16PPzww9i7dy9yuRwGBgYwPDyMVatWoVarIQgCvPrVr8YVV1yBQqGAKIrQ19eH17zmNXBdF08++SSeeOIJzMzM4Ir/n703D5Ljuu88P5mVlVl3V1ff3UR34z4IkgCISwTAS+RqJFGiJVuX5VjNrHdHGw7NbOzM+FjZY2lsR3gOh3flnQ0vvbG2wmuv1pJoWqRFiaREUDR4ACCJ+777vuu+j9w/qt7rrEYD6GqAINB4H0axClWZL1++zO7Oyu/7fn9btrBixQpM08SyrDoXqxgf4ZR2iqYioto0TXp7e3nsscf48z//c773ve+RTqd58MEHSaVSUugul8vE43Gam5ulg/mZZ57hoYceoq+vT25779695PN5xsbGZL1fp2NZiPeFQkHWTnOKrKVS6Srhda6gL/ahVCpJd7ZzP521hMX6zufZc7JSN7HAOYHAeV4525l7Q8i2bXrb/PLfvzikBGCFQqFQKDQAGw4dOszpk6caX7lWevPLX/4ygWAAG+jr7+OhzZvQ9Mbrctq2zVv/tI/JiYmaY/PORLvOY7GIa5pzZ8+SSCRusPCs0KnbGtj6TW//w2B6epqBwYGPbPs+n48nP/4kXd3dsIjzcWhwkHffeUcmC8las9dtx2Zqeoqjx45SqH13WQjXO6du5XnW6LbuFLLZLIePHJbHomEcO9ToWC94nJwDVrMAj42Ncr6WILXYLt+px0ShUCgUinsBJQArFAqFYklx5Nwo6WzVTbv6vgg69cKt09UrRLm5jsu5r53uT5gV9ITA6RQTnaKgECU1TcMwDCnaPvzww9i2jWmapNNpoCoUC8FSLG+aJh6PR9bzFfV5/X5/natUCKzlcplDhw7x8ssv8/LLL5NKpTAMg0AgQEdHB319fTzzzDPSDWtZFuPj4xw+fJhsNiuFz2eeeYavfvWrfOxjH8MwDF599VX+8i//kpaWFtrb2/H7/Xg8njqRVdM0stksuVxOOmLFDQ5Ry9jv9/Pcc88xPDzMfffdxxNPPMFjjz2Gz+dD0zT8fj+nTp2S8c/imEUiEZYtW8batWtlVLXYdk9PD+FwGJfLRbFYJBAI1AmobrebU6dOUSwWrxLMxbFyivblclmOj6y/W9uWU9Sfz0HsPE/mishz60XPJxrPPS+d77lcLlw6rFlWjSBMZfIcvzA234+AQqFQKBT3BOLvZbFQ5Ic/+AHlBt2/Yv1IpJUnnnwCl1GtkOV2u/nqr/4qHq+nukwDPkINmJyc5Kc/fYVSqVx3nXk7udb1rfOzucvM9/5iiEajpJKp6/cPwNZBc3p+Z/3K17o2d15vu1yu6z7mK7HRKKVSibHRsUWvf7NoaNx//0Y2b94MDTpFxbX5W2+9w/TkVG2yxI33oWLbXLp4idOnTlUnSMyz3fnOl0bOnZs51xpax75zBMdYLMbFixerE0sWifx99CHt1Hxh7KOjY6RT6cW3eQt+pzS4xdu0HYVCoVAo7g5UDWCFQqFQLCkOnxuRrz//+Pq6uF64OuK5XC5Lkc+JEOCcQpwzStop0hmGUecGFkKz2IZ4zufzuN1uNm/ezA9/+ENKpRIul0vGOYuIZSGYin6Xy2XpInbGRwuR2e12Y1kWlmWxY8cONm7cyOXLl4nH4wwNDUnBuq2tjc7OTtauXUsqlZLOYrfbjWmazMzM0NXVhWVZNDU1sWbNGrxeLwcOHCAej/PKK6+wadMmuc9CRDUMg2KxiG3b0imby+XqhObm5mZcLhder5eOjg62bt1KOBzGMAzWrVvH/v37iUajtLS0YJqmFLafeuopNE0jFApx+PBhAoEAlUpFCtpNTU1SjLZtm1AohNvtJpFI0NTURDwe5/Lly7jdbrLZLEbt5q7TjStc1s7xF6/F8s5zSBxvp2NbiMdiubkO3rmfzY2DFq+ddZyd55Po12d3r+VPvve2PNc3ruxczI+JQqFQKBR3P5qGhs342Bjv7T+AXVmcMLJ2/To6Omp/T2vr796zh577lnHu7BkqgOuaa19NpVLhpRdf4ld+5Qs0RyK3uQpwlbllJSriuqJ2zaPpOppu1F3rVhcsUyoVFyXWiLay2SyZ7PUjoDVNA13DtDx4vN6qtqlpoLkwDIP29nZWrlzJihUr6Ovro6enh/b2dsLNYYKB4A3qC1fbKhYKHDh4kP/8n/4jJ48fa3h/oHoso9HobRd/5fHDxuP18Ojjj/HKKz+REyQXuj7AsaNHuXDhAp1dnbU2a8vMWUfsY6lU4sSJE0xMTFZrO9tXl8xxbkcI7pqmUUG/5rL126pQKuQbEgZnr691DMONbtz4dqbb40XTPnrfi23bRKNRJicmsW3QFxH7bNs2tq7Vzn39Q/i9YmNaHjTdJYXzil1hamqSQrG4qBYrto2mVydBt7W1YVnWre2yg/7+aqkc2254roRCoVAoFEsaJQArFAqFYklxfnBKvt68qrPuxpa4weCML3bGQItlhKtgPteBUwx23uAQYrKo8+tcD6gT9tavX09PTw9TU1PYtk0ulwOQjlnbtqWrVrQnxFpnW85+BgIBuU3LsvB4PAwMDFCpVJienqZQKDAyMsLp06d59NFHOXToUF3d4Vgshtvt5stf/jK6rhOPxzl16hTNzc184hOfoCx+ouQAACAASURBVKOjg+bmZkqlEh6PRzpqS6USxWJRiqLFYpFyuSwjrIvFIqZpEg6HsW2bRx99FI/Hw9TUFFeuXGF8fJzHH3+cmZkZTp8+TSKRkDf1nnjiCSKRCBcuXOD48eNomobP56O7u5tIJILH4yEUCmEYBi6Xi0wmQ1NTk3QTZ7NZdF3nK1/5ihSoncKscGiLMRXnRrFYlAK8EG7FZ0L4FeM2Ny7ceR45P5sb5+xECMLCmSzec553YtsPrmyf91xXKBQKheLew8a24dAHHzAzM117p0ENWIPtO7ZjuA3RJACmZbJ121bOnj2zmG4xcOUK586eY/uOHR+JBdF5pWG43fT297FmzRr6+/vp6uqiORIhFGzCNC10ffa6JZVI8O677/DDH/yAeLyx+q/Oa95S6fqCkQ309PTwnT/7DuVSGcNtYHlMLMuDz+eXE/AAOX5O4bLCjbAxLDeP7H6Eb/u+ze/85m9y6VLj5TNskNe2cyeL3jY0ePDBB7l/40beO3iw4RjdeDzGwQMHeOSRRxbkPk0lUxw6dIjrOSnFta7b7aa9vZ377ruP/v7lrFi1mvUb1tPS0nJdITgei/Gnf/JfOHDgQEM1cKuTPYP8D1//H3nq6advuLzLMOjs7Kz7HvhRICYS5Av5Rf86aG1v41e/+lU2b96Mx+O79bWDbRvdpbFi5crZtyoVkslU3XfbRnC5XPzKF7/Ev/pX36Cjo6Mmxt96hda27boa2QqFQqFQKGZRArBCoVAolhTnh2ZFsZ62qijqnF0+t+bvfGLcXJewUxycLy7P6ex0bkdsSzhEhWDq8/lYsWIFY2NjlMtlvF4vhUKBXC4nZ9ALMVG4aEUktDPWrlQqkc/nCQaDsj8uV9U5YRgGra2t0vUqnMKTk5McO3aMT37yk7z44oukUilZU/jXfu3XKJVKvP3228zMzNDT08OmTZvo7e1leHiYVCol91m4fiuVCqZpyrES7uB8Po/P55PidiAQqKvTu2bNGlavXk0oFKJQKPCpT32Kp59+msOHD5NKpejo6KC1tZV//Md/JJVKUS6XiUQiMhZb13UikYispyxEcY/Hg2VZZLNZLMvi2WefZc2aNWQyGRkdLZzYop9CSBfRzqVSSUZqz51A4HRhizF3IlzD17vJNNeVI17PPR/ne6+3o0m+Pj80fc1tKBQKhUKx5LGrfytf/smPyeVz1WuvBptwuUx279oz+7fd1hDC186dj/D8939QnTC30IY1DU2DXDbDu/vfYcvWh3EZBvptUoHFdZovGGTnxx7hl559ll27dxMKhW4oGIl1dz/6GIbb4rnnnoPKwmO16ya7Va6vxmiAaZr09vU5OuD8tK5jiFrN11jiuqxZs5aHNm1hYGCQcqm0oJXlhDxq12sfpbhkQ1dXN088/iQnjh0nm8tiYy/4nCpXyrz3wUGmo9O0trRee8HaPo+MjnD+3NlaGLd2zfESEz2Hh4cZHh7m3Xf309wc4Q/+8A/ZuX0H6Po1152emsbrC4Cmz8ZS32B3xDWxy+Wio6ODVatWL2pyhaaB5fHiD4Su+qxYKpHLZtGofne7llu6UeyKTT6bo1ycLTOzUAG3YtsEQyF+53/5PT777Gcd+/Hh/06xgVKxiGbbVcexXS1FvVC6urr4n/71v6a9vX22ALCt3fzP05w+yNrWV3+kUCgUCsU9jxKAFQqFQrGkOOdwRUaCXqh9gYd6F65TWJsr2jo/dzpA5xPk5ovxFdtyioViu8KpumLFCt5//30pMgpR1+/3S2FXuHyFyClcwVB1IxSLRTweD5VKhUKhgGmauN3uuihjn88nRWKv14vX6yWRSJBIJHj66adJp9N0dHQA0N7eTjqdJhwO4/f75XZmZmbkOFQqFbxerxSrARlhLZyzTiHV7XZLUVS8rlQq8nlwcJCRkREqlQqtra3s2LGDQqFANpslFosRiUTo7OzE5XKRTCYplUpSoBWOaNM0pcNX13Xa29tJJpO0trbyhS98gcnJSXK5nKyn3NraKuOzPR4PHo9H3vRMp9O0tbWRz+fl+WBZlozrniv4O8V9mJ0wMFfknesyn3vTxukwd64/10Xc7J+NPDynHMAKhUKhuMc5c/o07767n2pYblWwaSTw9eGHH2blqpXzfrZ582Za29sZHRpquF8V2+Znr77Kl7/8Fdpq11m3C03T+MIXv8hv/dZvy0l6CxWLNE1D0zV27d7FD37wA2amJj7Mrs7ZuHhxa9VWl8vA5/ej6R99FPBisDUwTTcf//jH+cnLP+a4iLNeqNJl25w/f56DBw7wiX/2yeueC5VKhWNHjzI1NdlwP3VdY/2GDTy0aRP2IiZjfNiIa/BgKMS///a3+Oa//72rlnlr3z5+57d+i2SiMff7QqiWnZlNEVooGtDb18uTH3/y9juZbVF3uHE0TWN5/3JaWluryQxCUL/2nAKFQqFQKBQfAnfnFbBCoVAoFNfg1OXZG1Wmwbxi7VzhVwit84lvzi/oc2u4OmOYBUIgdLbpdA5XKhUikYis62tZlnTsiihjZ3+d/RbRy6ZpSrE3n8/XxVWXy2UpNAvBt7m5GdM0KRQKlEolWlpaaGtrI5fL4fV6yWazJBIJLly4wIULFxgeHqZQKLBy5Uo6OjpkjV3h3hX9EnV6RWRzqVSiUChIARqQ6zkFUo/HI/e9OoN/FaZpcurUKcbHx4nFYmiaJmOeRf1esW5LSwuWZUmBPZfLSeexbdu0tLTgdrvx+Xw899xzvPjii1y+fJmZmRna29vxer1MTk4SDAYpl8tMTk6SSCSIRqMAJJNJ0um03J9kMlnnAp/r7BY1eufWMXMKvXOF3LnCsPPfzvrAcycXeK3ZuXtnrjR+c06hUCgUirsZ5zVcpVLhhz/4IZl0alH1MF2Giy9+6Yt4vd5a47UPak11dHaye/fuxUX/2jbnzp7l/ffeo1K7JrqdaGgymaUh8bf2CPgDUjz+sJnv+mlu2s6t4K4UnWxq0bYa/StWsG379upxbaAJDYhOz7Bv31ukUimw7XnX14BUMsmRw0fIpNML72LtGFkeD9u2b69FLnPHDbjzmtrj8eD3+696WJbnQ3XWilO5kXNa0zQCgQCBQGDeRKvbgm2zmIkZiVSSfD4PmtjnxbUz2w37qodCoVAoFIrrowRghUKhUCwZxqaTFGrRWp2RQPUGR+1GllO4g/obiOLZKf7C7I2wuaKwWFY4WZ2inqjlKt4vFot17Qm3altbG5ZlUSwWyWaz+P1+PB4PhUKBSqVCU1OTdLUK8bFcLmNZFoVCQbp/nY5fsS/Cgev1eunu7qa/v5/e3l5aW1tJp9OMjIwwPj4u+28YBl6vl1gsht/v54EHHmDbtm20tbWhaVqdA1iIrCJOWYi/znq5yWSyLvJauH3FssJdm8vlqjeMLIs1a9awdetW+vr66O7uxuVykU6nsSwLXdcJh8N0d3fT29tLR0cHkUhE7rthGNJFDdDa2oqmabS0tEjH8NjYGENDQ3i9XoaHhwkEAly+fJlMJkMikZBx0Mlkkr1797J3714GBwfJ5/Ok02k5vmJf5nP5OiPBnefK3GXmisLO82NuO1dFllfKNAc9ACQzeabjmYX+eCgUCoVCsSQQf1OnJqd4++23sSuLEwK6urvZtn07uuGaV5LQNI0vf+Ur+GqpKI2goVEuV/jRj35EugEx7VahaY2JTNdq43ZyLUGn6husLPqhVW2Mt2MXbjlSwNfA5dLZ9egemsJNN15xDpVymfcPHmRosOpmn2+cbdtmeHiYE8ePVb97NDhkbW1t7Nq9C03XPtLE7GvhnOBwbRbndr21fZjTI9umWjv36snJtwP9OlHe18O2bc6eOcvrr/8M2y5TtRNXFv2zqMRehUKhUCgWh4qAVigUCsWSwVkT9ZEHll0VqyuYz5Up/j03otcp7orX11pOOFLnW8bpFp2ammLnzp1897vfxePxsGfPHsrlMjMzMwwMDBCLxchkMng8HhmdLFy0wiUsXKeGYci+C9etEEbdbjderxfLsmT/has1FotRLpcpFotymfb2dpqbm6WwLKKYhbBaqVSkoO2M0xYOZBHx7PP5ZPyzYRgy5lpERYv4Zcuy6kTe1tZWAoEA5XKZjo6Ouhq8IhZbbEu8do6/qDHc1NSEy+XiypUrtLe3Uy6XGRwc5OTJk3g8Hpqbm3G73ezfv5+uri6am5uxLIvx8XFGR0dZv349iUSCfD4v+yAitoE60V9sX+znXIQY7IyKdp5TTjd1NRpuNmLaeV45Xd57HuzjxbfO1M75KVqaehv/YVEoFAqF4i7n5MmTDA8OIqq1NioPPPDAA0RaWq56X8SUYtts3Hg/ff39HD92rOH+abbN0SNHGRwYJLTxxjV472Vs2yaTyTAzPc2J48c5fuw4Q8NDJJNJ7EplEUd3lnLZ5uKlS5SKC69nfKdhU42C3rB+PQ8/vJXXXn214TYGBgY5dvQo6zesn38blQrnzpzlypUri3LUr1u7jhUrVorZBw2vf1u5w7t3x6BRS3/SqdC4DpzLZvj27/8+V65c5rHHHpt1MduNe5F0TcNtmhiGgemx5PdXhUKhUCgU10cJwAqFQqFYMjhrom5e3QlQJ6Zdq27SXKemEP3mi4UWyzhdCnPrvgoxb27NYZfLRblcJpFIUCgU+MY3vsH3v/99AoEAXq9X1s+1bZtCoSDb8nq9Mv5YxD6LSGcRYya2Y5rmbBSbZckvxqINsa/9/f2yZq/YX7fbjWVZlMtlcrmcjFZ2CsdCiBTjUqlUpAPXKZKLcRHicT6fl9HPQjQuFovouk6xWKxzFov1hYgMyNrDYh0xnvl8Xh5D4bwW+51OpzEMg8HBQQzDoLu7m3379tHT08PY2BiBQIBQKEQul+P48eO0tLSwYcMGLl26xOrVqwkGgxSLRfx+P6Ojo7S0tBAMBqlUKpimKd3AYkzEOSCc0POdb87PAVmr2en6Fa/n1hwWjy1ru6QAfG5wih33KwFYoVAoFEsYEZtai5W17arc+9qrr5DPZ+sWnU+gEKGjul3/3s6dj9Qmd2lzlmZWBdZ0Ht62jRPHj8vJhAsRcm1s0CAWneG9g/tZt36dvCZSQnC9m29yfJy///sX2Pv665w9e5p0KlX3+c2OV+1bwDWjj+8WNBuaIy088dTTHDhwkHgs2tDYlEoF9u9/l2d/6VlMTzVNpjrPYTZB6MihD8hmMoC9MBHYrrrdLY+H7Tt34vP7qu2qc3xJoOs6oaZQ9bvtIn56NE0jHovxnT/9X/nf/vRPQU7XWWx/XASDQVraWunt7WXbju08++yztLe1g6bJeQfq/FMoFAqFYhYVAa1QKBSKJcOFoVkBeF1fa51IO1dEu5aTt1wuS9FxrnN3buyWU6h01v11/tt5s7BYLJLJZOjo6KCvr4/m5maam5tlTLHX66WpqYmOjg78fj+macr1hEs2m81imiYulwvLsqQ7tVSquhpE/LPf78fn82EYBpZl4XK5MAwDj8eD1+vF4/FgWZasgeXz+aRILJy+TmFXIPoqXLxCBIWqyOus9yvEbKgKuJlMpk70dYqnwtWr63pd34SILOKmhRta9E08C1eurutyXNxuN/F4nGg0ytDQEGfPniWTyXDkyBE8Hg+9vb1cvHiRTCYjndaZTIZQKEQkEiGVSpFKpRgYGCCfz0vntNhXsd/FYlGOu0CMy1x3+dzzyekYF+MmcLrWRRsul4s1y5od5/w0CoVCoVDcK9iAptmMj4/xxht7q39na8LwwsuOavj9AXZ+7GPVv8FivXna0TSdHTs/hrlIp1mpVOTnP/sZ6VRqUesvVTSq10pv7dvHv/jaP+dP/+RP+OC990glquO0mKjc621Lw65GWt+lupDG7HXg7t27Wb12bQMrazVxzOb48eNcvHRp3u8zsViM48ePIydBNDBWy5b1suXhrfI71B2Pdo2Hog5N02hpbcVtuhc9RjJ5C+2mh7lSKROLRblw7hx7f/5z/vMf/zGf+uQn+bu/+//midpXB1ShUCgUClACsEKhUCiWEGPTSfk6UquTKgRMEc8715kpBDnhcjUMQ77n/EyIcU5BTzh8nUKf+Eys5xRUhTAs3vN6vUBVTJyYmJACqGVZ1Xgr08Tr9WIYhox6FuuXSiVcLhemaVIqlaQAOTdWWKxrWZYUlU3TRNd1gsGgFFuFaJpKpchms7IdEdssxkA4eDOZjOwvVEXQcrlcJw6LfginsKhv7HQ3CzezruuyPrIYZ9M0cbvdeDwe+fD7/RiGISPEhGvZKZa6XC68Xi+6ruN2u4lEIui6zsTEBBcuXKC1tZVKpcLLL7/MgQMHeOWVV7h06RKFQoGjR49y/Phxjhw5wptvvsmlS5ekKG8YBlNTUwwMDBCPx+W+ijjqQqEghWjh9nbWDRZjJ8bEiRhf5/Fznk/OddqaZmsROs95hUKhUCiWOhqADf/40ktMTU3daPGrV9aq7txHH3+c7u7uG65i2zabNm2iu6e7ITHSueyRI0c4eeIkdkXlzgo7dqlU4m//n7/mN3/z33H23JlqjVDt9tcdvhtpb29n1yOP1KXvLAgbxkZHeeftdyjWrsVhttzNhQsXGB4ebrg/usvFQ5s3s3LlClWndQnS091DU6jxutO3BRvi0Sjf/v1v8e/+zb9hdGTY8TtEnYsKhUKhUIASgBUKhUKxhEhlZ29meK1Z96ozhlkghFun89cwDOmkdcY/zxV5ndHPtm1L0RiQTk4RqyzaEqKgU9Dcu3cvTU1NRKNRLl26xMTEBC6XC13XWb58OcFgEMuyCAQC0tFqmqbclhAghdArBGxnPSRnzWDRF+ECFmKyUyS3LEsKsmLsBELEzufz0v3rFLnFeAlhWojYmqbJyGSnQFwoFOpqGBuGgc/nk8uLfRZiMFAXOS3q7mazWTkmzjjr5uZmYrEYPp+PlpYWWmp1/o4ePcrRo0fJZrPyeJ84cYJ9+/Zx5swZTpw4wXvvvceqVaukqKtpGtFoFNu2GR8fR9d1RkdHyeVyGIZBKpWSTuRKpSKjncX5MPf8EaK4U/gV/XdGRDvPN3FMvNZsBQ/nOa9QKBQKxZLE4czFhkQ8wSs//Sl2bXJfI9i2jWlZ/MoXvoBZm/x2zc3WJvS1trbw1NNP46pdf8hM6RvoC2L9bCbLiy++SKFWtuKepTZepWKRF/7+7/mvf/ZnTE9MSHfr3ezQvV0IF/Ajjzwir2sXjk02k2H/O+8QjUbrPikUChw7epR4PN6Y81oDf8DP7j178Pp8DfZHcTfQ3tHO2nXr7hhxf24yl4ZGuVjitdde5etf/5eMDA/fMX1VKBQKheJOQAnACoVCoVgypDKzN9ZMY/ZP3NyoYWddYIGMp6o9C8FYiHeGYUhRTsQyC0FTCIRC+BNOX0G5XJaiKiBjoicnJ/F6vVy+fJm2tja6u7vxer2Ypkk0GsXr9eL3+6XI6vF4pHtWiK/is1wuJ4XYQqEgI9iEU9gpUIsYZ2f/hTtVuGbF+m63WwqtwsHrFFyFmJvJZMjlcnIdv98v45qDwaB0ImcyGcrlMh6PR8Yui3WEGAtIV7KzPrAzRln01SnuC/ew2+3G5XLR0tJCX18flUqFkZEREomEjKEWTuehoSEGBweJx+MMDw8zPj5OIpEgFotx5coVTNPk5MmT7N+/n1AoBEB3dzfxeJx0Ok0mk6mr+ZzP58nn86TTaTmmznNKCOWiDqB4Fq/FPonj65ykIJ4N1+xNOec5r1AoFArFvcDZs2e4eP5CQ1qhc9n+Fcu5f+P9Cxa5bBt+6XOfo6k5vChTmabB/nfeYWhoCG0BwvHSxQbb5sjhw/zFc39BPB7/qDt017Jy1SoeffTRq8qHXA+hrx8/fpzz587XfTY9Pc37779PodDYdaUNLOvt5aFND6kY5SWK3+/ni1/8Qt0E4zsGORnHRrc1zpw+zbe+9fvkchklAisUCoVCUUMJwAqFQqFYMqRzs25Iw6Vf5aKcG/8sxDenQDc3ylm04awx63S9CiFULCfcwCJyWjg6RQy0EAYnJydpampifHycSqXC2rVrcblcstZse3s7HR0dAHg8HunQFeKhc/tC8LVtm2w2i6Zpskats8as0+0MyLrCwk1rmqaMVTZNE4/HI8VNIXTGYjFyuZwUg10ul4yfFiJ1IBCgqamJSCQibxb4fD4ZXS3GwjluTre1iLXWNA2PxyOPjeiX87gUi8U6EVUIvKIO8p49e8jn80xPTxONRuviuIW4WigUyGQypNNpcrkcyWSSgYEBLl++zLlz5/D5fLS2tpJIJGhra6u6ebJZTp06RSKRACAUCpFOpzEMQ9Y5zufzMk7bGScO1Ano4tkZC+2cgOB0Duu6jmUqB7BCoVAo7j2qfw9t3nzzTVKp9IJ1VM2mJrzagMbmzZsJBoIL3q6mQV9vL+vWrsNehHpr2zAxMc7RI0eo2Itp4e5GXl/b1eu0v/7rv2ZoYGBBLur6hliw+3qpEwqF+PjTT9Pa2lp9Y6HjYdvEY1EOHjggJ1Tats3AwAAnjp9gwZqZEN00jS0PP0yL6IdiyaHrOrt27eKxxx/HqfDP/XH8SH8kxXf5coU3Xt/Ld//qr7DnlNtRKBQKheJeRQnACoVCoVgypDKzYpjpdl2z7i/MCo4CIeoCV9W9dTqBhaBbLBalYCncr8IJWygUSCaTZLNZoCpSFotFkskkbrdbiow+n4+xsTEefvhh2tra6OrqIhwO09HRQTgclqKs3++viwkWrl3hSna6YEVEtHDfCrexrutStAXqbvoICoVCnSgu2ioWi7jdbpLJJKVSiUAgIB2+YoxdLheWZcnxKRQKckyFKO52uwkEAlJonRvNLaKdRb+c+yzGMJvNygjqQqFQF7sMSEexENOnp6exbZt0Ok0+n6dYLEqnshDbRex1IpGQY5bL5eTyb731FjMzM4yNjUkR2bIsurq6OHjwIOfPn2dgYIALFy4wMjLCxMQE6XSaQqEgo6GFwCvc1MVisW7sxXad8eHO8XHWlXYrB7BCoVAo7jGqfw8hkYjzyk9/QsVuLP7Zrom/ALse2Y3pdqMt1K5oa7gNi23bdqAbrhsvf3UDFPJ59r7xOpls5p51SdrA22+9xcGD+ymVi4t2jN6jw1eHputs3/kx1q7fcONlaw80DXSNYrHA++8fYGpiDKhOMD114gRTU5MN1GCuXsNGWlrZvn0HltuECve8ML/UEN8/vD4/v/7f/0s6OjqxbW3hEwU+bLT6R/U7pc33/+77DC2inrVCoVAoFEsRJQArFAqFYslQ5wDW60Uz8XBG6zqfRTSyEOfEa6eA54xBjsVixONxKUym02lgtpaty+UilUqRTCalGCqcvDBbP7hYLNLb20skEqG7u5utW7eyefNmJicnSafTmKYpRc18Pl/nuHXugxBBnQKjU/QWkdUisll8JiKibdvGsizZd5h1CpdKJSmciprEoVCoTlh3u92yP9PT00xPT5NIJKQILNzBtm0TCARIJpN1dYZFHWOxP2I/dV2nWCxKV7DokzhGokav2DcRUR0IBAgEAlJ4FvHMuq7j8/mkO7e9vV3GZwuR3+fzUalUGBoa4uTJk4yMjPDGG28wNjbG5cuXSafTnDx5ktdee41CocCVK1eYmJggn89z6tQphoeHGR4eJp1O4/V6SaVSVCoVEokE2WyWdDotI6RzuZw8N0VktBh/IWo7hfpKpYLbNXv5phzACoVCoVjqOCdM/dObb3Lp8mXsyuwEshuujw0aVOwKnZ1dbNmyRb634PV1jZ07d+L1+rCdosNC9wGbd999h8uXLt+zzrR8Lsdbb7/NzPTM4hqojbk8G+azIF7rsQQJh8Ps2bOnet3YoCp+/tx53n//A+yKTS6X49ChQ1TKpQZiczXQNFavXcOmTZvQdE0p80sYTdd4aNND/OZv/zZNTU1omkN3tR0pCx8RNtX5BwAaGuOjYxzYf+Cj65BCoVAoFHcQSgBWKBQKxZLB6QDWtdl4YSFUlsvlq1ynQF1dXeHqFWKv81mIj6I+byAQAKquU8uyiMViTExMEI/HZY3ZcrlMMpkkGo2STCa5ePEiZ86ckW7alStX4vF48Hq9uFwuxsfH+cUvfsGlS5ekYClikIWQKNzHzihlqIqiIg5aCKFC+HXGXAuhs1AoyH0VIrAzXlmMi4hJTqVSQNWp63wWoq0YZ8uyZCS0rusyrrpUKmFZFqFQiKamJukCFvHVXq9X7svcPmUyGSmOimMoHMBCxAbktkzTpKmpia6uLnp6eqTILPa7XC7LYwYQi8VkfHQikcDj8eD3++UY2bYtj8f+/fuZmZmhr6+PtrY2crkcK1euRNM0ZmZmGBoaIpfLyXGzLEsK7EL0F+2LfRRjJ5zBTlfz3LrUzvvdqaxyACsUCoXi3iCbzfH8889L8bfRGo+apvPpzzxDpLUFFm51rP7tRWPt+nWsWbumbnJhI8RmYrzyk59QmpMCcq+QSCQ4c+Z03XVpI8iSGLX/Frwe9qKO193Ath3bWdbfV40Wb2D/Zmameffdd0ilU4yOjHD+/LnGNqyB5fGwfft22trbG+y14m5E13U+/elP8/vf/jbhSGR2gnWttvedRLFY5K1/+qePuhsKhUKhUNwRGDdeRKFQKBSKuwOnA9jGxq7FNwvH69warBXH5yK+2e/3YxiGFBdFXLDX662rqyvcmpqmSbFXOGWbmpqIxWJ4vV6CwSDj4+PEYjEp5F66dAnDMMhms6xYsUK2FY/HOX36NIlEAq/Xi2EYhEIhXC6XrL0rBEIheDrdo0J0zefzeDyeughl27blfrndborFIoZhyNhmZ3tiPcMwyOfzlMtlpqampDNXOIWhKkpbliWd0k5BWYyh6IN4LRzB+Xxexlg7aywL164Qup046ysLUVdsS0Rd5/N5vF4vXq8X0zQJh8NyfLLZrKx9LIRWsU65XCYYDMp+i3rNHo+HYDAo0uwmQwAAIABJREFU6wpHo1E0TWN0dJTJyUl8Ph8vvPACq1evZufOnRw4cIBTp07JGG1RCzkcDhONRolEIlKcF8dOjIFpmkB9HLa4STp7s3T2Jotz0oNCoVAoFEuZ8dExTp48VZvF3riAGAgF+fSnn8FwGQ0JkOI6xu/389lnn+X4sWMU84v7+/vG3r185Vd/la6e7kWtfzcTjUYZH59o+NA5ryM1vRpHaxgGmq0vqCnbrpDNZuTExqWAuD5cvnw5jz3+OIODg1QKpbrrxutRqZR57+ABRoeHOXXyNONjYw0dFtu2ibRE2PmxndWJo9qCA9UVdyuahm64eOazn2Ht2rX80R/9EYcOHSKfzVZTEbA/+nPAriU2oHH02LGPujcKhUKhUNwRKAFYoVAoFEuGeCo3+4+a01I4RsVrQIqM1cXsulq6qVSKUCgkHcNCPHS5XJRKJaLRKM3NzSSTSSl05vP56hfgfJ5QKERfXx9er5fBwUH27dtHb28vFy5cIB6PMzAwQDAYJBKJAFXH6ooVK8hkMqTTaSzLkiJ0U1MT7e3tJBIJuez09LSsvyuii4VbVAixXq+XSqWC3++XfRcCuDNCGpBCsHgW0dLCOSwiqGOxWJ07WEQpF4tF4vG4FFgDgYCs+SscHvl8nkQiIQVfITDncjk59mJ8RT/L5XJdVLUYayHAi2en61lsL5VKEQwGCQaD6Louo6CFWC5cuWL7QgSuVCpEo1F8Ph+WZcmJAalUSrq7Dx8+DEAymSQQCBCLxWR95MnJSXK5HF1dXTz//POEQiEADh06xFNPPUU6nSaVSuF2u/H7/XV1pcUxEUK4c6znisBOh4dyACsUCoViqVPTFjhw4ADxWLThSF/xt3P1mtX0L++vxtUuYn2AJ598kv/rL/6C4cGhxsUO22ZocJBTJ0/S1d3VkAt5KRCNRclmM4tev629nX/+3/0LtmzZUk2bYWH1mIuFPH/1l/83r732GqVSadHbvxPx+Xw89fTT/Py1nzE0MLDwc9LWGB4a5u133ubK5cukUklgtk72DdFgw4YNLF++/J47j+91NE1jzfq1/B//559z5PBhXnvlVX7+s58xMTHekDN/QdtazDo22BrEo9Fb2heFQqFQKO5WlACsUCgUiiWDS9colWcdr6Ju7Gx0rlYnsgkRUYiCog6tEAaFY7ZcLnPx4kXy+TzDw8O0tLSg6zrt7e2kUim+973vsW3bNjRNI5lMcvjwYSYmJpienqatrY3JyUkSiYSMUR4YGMA0Tfr7+1m5ciV+v59YLEa5XJbRwMFgkM7OTgKBgHQsCCG0VCpJJ6sQSYWIaJqmbCefz6NpGm63W9YudrvdUkwU+w6zNYnFjTERzSzcsKIeb6FQIJvNSofszMwMmUymTgwWEdSlUkmKy9lslsnJScLhMC6Xq67+balUks5XQMY0G4Yhj5/Yb6dgKmoAC1FbLFMsFqWQHggEmJqaqnN+W5YFIM8H4WYuFovSBS4inIvFIjMzMzQ1NVGpVEilUhSLRbZu3cqpU6fIZDLyOIj96erqoqWlhWPHjtHa2ophGJw7d46enh5mZmbIZrN0d3dLIdgZde2sDS2Ol6gB7TxegjsscU2hUCgUig+FUjHPi//w95SLpcbjg23Q0Nn28Pa6chONILbZ1tbBgxsfZGxweMFih+yvBulMin1v7eORR/fg8VjcE75JDbAhl81SKuQXtceG281vfOMbfOnLX5HXbQsll83R3NKGpukNaZx3MtVzSkPTdB56cBMPPfAQw1cGG9q3XDbHS//wo2rCUbkC2sIqxNmA5fGybcfHCIXCsEDXseLuZu4xDgWD7Nmzh927d/Ot//BtBgYGOHP6DBOTE+SyuWu00hj5fI7v/b9/w+T4xLx9kH2rPaovNLBt0unkLemDQqFQKBR3O0oAVigUCsWSIeCziCWzAOi6C9uu1Ll/nfV9hYiZTCYxTROfz0cqlaJQKEiHqNvtZmhoiJaWFjweDwcOHGBkZIStW7dKkS4WixGJRNB1nd7eXv72b/9WioJTU1Oylm84HCaZTJLL5SgUCuRyOYaGhti1a5esV5tIJCgWiwQCASKRCD09PVQqFSYmJupEVSGsClesiEQWUcJC/LUsq86JK9y9IvZZvC/cuJZlScFbxDQLUVzUy61UKmQyGSYmJvjud7/L+Pg4mqbR3d3Nr//6r5PL5Uin02QyGSmiu91uXnjhBc6cOUNPTw+f+cxnpGgq2nYKtML9KgRsIdgDUsgWtY/L5TL5fF4K26JOsRBsXS4X2WxWishiTPL5PC6XC6/XK0VkqIrs6XRaxkUbhkE4HKa5uZlUKiUdvOfPn2dsbAy/349lWTQ3N3P+/HkSiQT33Xcf/f39nDx5ktbWVo4ePYppmoRCIU6ePCnFaSFuC6FaCN7OKPF0Og1Qd7NT12cdLwHfrHCuUCgUCsVS5fChQxw+fHjBEbd11JSBRx97DFeD4uFcXC4XOx/Zyc9ee5XyItyktm2z9/XX+W+/9jX6ly9fEmLkQikVS5TLlRsvOA/9fX3s2L5dXq8pZvF6vTz+5BP87GevUcgvPBmmUqlw4sSJRW2zv6+fHdt3NCzGK5YW4vuZrussX76c/v5++dmtmBSQTCZ45acvMzE23nB7S83tr1AoFArFYlFXawqFQqFYMvg9phSAK/ZsDWDhpHTGF3s8HgqFAs3NzUxNTZFOpykWi1IYLJVK5Gs3UdLpNIlEgpGRETZu3Eg8HieVSrFs2TJGRka4//77efvtt7ly5QqpVEquJ1yz5XKZRCKBaZqyLmwmkyEej5PL5aQAHIvFCIfDBINBWltbAeSNLq/XK0VP4QgVnzvrxTpryortO6OURVSy2+2W4rEQfG3bxuPxSLEUkFHJPT09XL58mWg0Sj6fZ3x8XNbGDQQCeDwevv/97/Pkk08SDoeBqlg7NjbG3r17GRsbo7W1ld7eXiYnJ8lms/T29kpx3jCMujrFom9CANY0TYrTQgAWYrBwSIvj5nK5iMfjeL1e0ul0nWu2UqnIGGpnjWcRES3isrPZrGxT1EAWdYbdbjcTExMUCgX8fj9TU1NMT09LB/bbb7/N5s2b8fl8DA8PE4lEOHfunHQwJ5NJXnjhBe6//376+/uluC7EaIBsNovP55OTFdxuNx6Pp3rzw3H/I+C1bsnPjkKhUCgUdyLiuuYffvQjmUrSyLpVNFavWcW69esdH8qPFtaWWFzT2L59B6GmJmampxvTb+3qY2R4mDfffJNly3pxGS7Z7pJG5HgvMiI2EAhgWp7rLuO83hPXvXf6uAoXubPO8QJXrFJzV2/atJl169Zx5MhhNG687+IzURJnodsV3yUe2rSJFStXXFWa5HZh2zY29pJ30F+d/NPgedLANuYey2v927lt5zLX6uvN9W12Owtf587/uVcoFAqF4naiBGCFQqFQLBmcbkjbRrpkARkpLIREwzCk6GlZFsVikWg0SjQapbW1VbpOW1paOHjwIO+9956Me+7t7WXXrl289NJLfP7zn+f5559nYmJCRgA3NTUxMzMjHalCdEwkErhcLrl9ISTbti2dtpFIhHA4jK7rTE1NSfepcNoKR6uu67K+LkAmk5GxhqZp1sVB5/N5PB7PVXV+hdAq6hiLz4TgapomhUIBr9dLe3s74XCYQ4cO0dLSAsCaNWsoFouEw2HpaB0cHJSO22KxyPnz5+ns7KSjo0O6kS9cuEChUGDVqlXyeBWLRdxut4zuBqSILZyyYp+FAJzL5erWy+VyJJNJPB6PrOcrRGFAxlEnEgkCgQBut7sae1dzhotaxMIJHggE5I1nMYkgl8sRDAZl/eVUKoWmaSQSCWzbJpFIYBgGJ06cIBwOMzg4iNvtprOzkw0bNhAKheS5cuLECfr6+piYmCAWi9Ha2oplWYRCIVmHWsQ+i35Uz+nZGyoBr3IAKxQKhWJpIgSEqakpDh48uGhBQdM1nn32lwgEA43qvvM0Bv39fWzZ+jCv/+zn2JUFOlqFkFF7/ZMfv8xnP/ss4ebwYntyF1Ed7ZupD5rJZCiVigtevk6U0u5cgT2VTEsRdjHYAJpNV083T33iv+Hs2TNycuNCWMy4BAIBdu3ahdfjXXQbN0OpVCIaq9Z3vRfEPk3TKNe+i4jJzLdqvxv5nXqtbd7q8a8TnYFS7bv8Qlnq54NCoVAoFI2iBGCFQqFQLBmcbsiybaOVqyKniE8WQppt22SzWZLJJPl8nlQqhcvloq+vj1KpxLFjx9B1ndHRUcbGxjhz5gymaWLbNtPT0+TzeSlMfu9732NwcJBSqUQmk8HtdpNMJutqzYov7E53qxBz4/G4dOT6fD7y+bx0olqWxdDQEOFwGK/Xy8zMDF6vl1KpRLlcJpVKSddoIBCQAqkzEhqQtXud41AoFKQjWQiLlUqlri5yPp+Xjluv18v9999PqVRibGyMcrlMZ2cn9913H36/H6/XSzQapVQqMTIyIttqb28nEAigaRqxWIxYLEYoFKK1tRWfzyf746z7KxzITleC2BcR3wxVd24mk5E3Q8QxEVHVPT09chycNZ/FjQHhPM5kMvJ4iO0FAgEsy8LlckkhXDiURZy4cOt6PB66u7tpbm5mZmaGSCRCLBYjGo0SCoXksfzxj3/MypUrMQyDBx54gObmZg4cOEAkEiESicixGB4eprm5mWg0SnNzM7quy5rEAC737OVbwKccwAqFQqFY2hw7epTh4eFFuQ01TaM5HObRxx+rXt/cpDZgU61H+8u//Mu8s+8tMplMgy1oYMP58+e5dOkim5u33FyH7gLsOtl9cQdgYHCAo0eP0tvbh2G4Z5ubb3u16/yZmRlmpqc5dOgQ77777h0ZCXv48CEmJyfp7u5evHClaZiWyZNPPsmPX3yR06dP39pOzqG/v58HHtj4oW5jPoQAmU6n2fdP+3jmM5+lvb19yYvANjZjY6NcuHCB1atXA7dA5Jzn16hIvzJNU0Z7i9+5zknDgg9rzJ2/58+dP8dErf6vQqFQKBSKxaEEYIVCoVAsGfze2WjkdDqH31ON7xWiYrFYrLtJIJydLpeLaDQqa+C++eab9PT00NLSwtTUFA888ADT09Mkk0na2tqIRqOMjIzIeOHOzk6GhoZobW2V9W+F21WIeiKaWLhroepKnp6eJpPJEAgEAOqcqOVyGZ/PJwVhp7NXOF9FfHMul5MxwcLpWyqVME1T9sUp8gIy/lkIw6KWbqFQkP0QTmjLsuju7sbn8xGLxWS8tM/nk85jp+Asavj6fD46OjowDAO/308kEqGpqYlwOEwgEKgTNkX/nNuFqrArxlL0vVgsUiwWZW1jUTu3XC4TDAZZtmwZPT095PN59u/fL4VfIRZrmibbFYK8qEUsxrVYLBIMBqXgK5zNIoLS6cy1bZszZ85IV3A6nZYO4paWFkZHR+Vkgx07dpBMJolEIoyMjEhxuauri3w+TzQapaWlhVAoJOs+i+NdLBYp52ZvYCoHsEKhUCiWGlKb0MAul3npxX+QtU1vJDpIqdGupePasHrNWnp67gPt5gNjq+vrbN22g577lnH2zOkF9au+AZtUMs7BA/vZ+MBGDLdZ//ESQ7ieXS4X6Do2je9nLpvjv37nOxRyOT7xiX9GOBzGpjoxMJ1OMz4+zuDgIOfPnePEiRMMDFxhZjrKzMwMudr1m+zLLUROILSrMnejotgH77/PH3z7W3z961/noYcekpP8NDQxV6D2r/nateueVqxcxZat2zh9+sxs4vat2uHaNlwug80Pb6W1tf2mmtM0Da12TT5nEzfscsW2eeedt/nDP/gPfO1rX6O3dxn6AmpDa+hYHi/+gK+6/dv80ybKuNjYYDcW9z06Msof/Idv84d/+AcsX76idmwXsv5s7LpdqX4Xnp6eYnRklLHRMcbGRhmtPU9PT4Om8T//23/L1q3bZAvFQoH//Tvf4YP336OltYWenvvo6u6mu6ebnu4eurq7aA6Hqc6uuUVjatscPHiQ3/u93yWZSCxq/aU8KUChUCgUikZQArBCoVAolgxOB3AFTYqEztqybrdbujOFy/XYsWP09/dz9OhRhoaGZARvPp9nzZo15HI5YrEYDz74IBcuXJD1fH0+H0NDQ1y5ckU6fDVNky5R4VQVInC5XJbiplguGo3WxTcLwa+5uZlQKMTMzAzFYrHOuSuESmetXBGXbBiGnLUtHBCWZdU5a0WcsoimFuK4s625blxAxhO73W7Zf3Hjy+v1EgwGiUajDA4O4vV60TSNlpYWPB4PuVwOy7JIp9Myolnsg67ruN1u2Vch7Iqau87Z50K0nTuu+XxeCqmmaeJ2u8lkMpw6dYozZ85IV7Pb7ZbR2EJYde6L2I5oa3p6WtaMhqpoLkTrQCAgHSYiNrpUKhEKhTAMg/HxcYLBIH6/n2QyyfDwMCtWrCAajXLs2DECgQA7d+6kXC6zbNkympubyefzHDx4kFWrVhGLxSiXy/T09MjjU6lUKJS1ec95hUKhUCiWFDZcunSRt956qyGXn9C97JpIsm37Dvx+X7000aA2IBYXBuRAIMDmLZs5d/bMwlzJc7ZXLpd55ZWf8rlf/jxt7R2NdeZuozY8pmnJa9TFcOXKFX73m9/kd7/5TQAqtfq31dOi9g97dqjra5UuerPzIgVlXcfjsRrWWuVk0HyevT//OW+8/npNqrNr41UVlD/3+c/zx//xP+F2z5nwp9U9AdVr2T17HuVH//AjMsnErd3pmhjd0trK9h07sLyem9L6XC5dJiUttB0xZhpQLhb5yU9e5icv/7j2/vUb0QDDcPMrX/wi3/zd361e199GfVDTNLxeL4ZhkG8gxEDWai6X2f/OO3zuc5/j/vvvJ+APMncHnL+HxPecfD5HJpMimUqRTCSIJxLVybYwG0vvcNwGggHSqVRduxXbZmBggIMHDsy+p8mfOAD8fj9dnV21ft0ctm0TTyQYHBykUilX+7qI2u+ipJBCoVAoFPc6SgBWKBQKxZLB73BDFktlvIYmBdN0Oo2u68RiMaampjhz5ox01p48eRKXy8Xk5CTZbJampia8Xi+RSITz588zPT1NW1sblUpFujanpqbweDwyWtiyLDRNo7OzszqDmqoTNlGbtRyLxQiHw1KIFjVkC4UC58+fx+PxSNepaZpcvHhRCsVCIBXisRAthQPV6fAV7wmR1Fn3WLiDhStYxHg5XbCiX0Ich/obCiIKW/RF1N/N5/O4XC6CwSB9fX3yJoezHcuypNArXLbiBoVoUwi8wqErtiMemqaRzWarx7gm7s+NkbZtm2QyycjICMePH5fjDrOisailLG4oi+htITILwbdUKsnXwmnsdFqL45DL5SiXy/j9frkdj8eDy+Wivb2dyclJvF4vtm0TDodJJBIMDQ1x4sQJ/H4/4XCY++67j7NnzxIMBmUt4bGxMSqVCsFgUJ5vtj7rdHfWvVYoFAqFYikgbvVXbJuXXnqJZHwRDrBaI6bp5vHHH1+QQ7ARdF1nx84dvPD887IkRKOcOnWKw4cP8/GPP33L+3cnEgwGsSzPLWtPF5entvzfbcfl0mlqClcnGi6ylq8Uqm3bEZKtLWqP7t+4ka3btvHmG6/f8iHRNY1169fxwIMP3rS70rQsws1hdE3Hthur8Sr7Uy2AXHf85/Zr1v9aRbtaOb8t6LpOpCWCx+slnUwurhHbJp1IcuDdd7EX6iCuTZBwfpfT51lsofH6Yjnxsyd6kE2luXj+PLOysHZT8w+qfdGqPwWLbCgUCi2+AwqFQqFQLCGUAKxQKBSKJYMzDjeTKxL2eSiVSqRSKaLRKIVCgXg8TiaTYdOmTRiGwZkzZ3jiiSd47rnncLlc7Nixg87OTiKRCIcOHWJsbIxisUhnZycbNmzA5XJx8eJFRkdHSaVS5PN5/H4/lmVJcTGdTsvIXifJZFJGEYu44mw2y/DwMKtWrZI1gHt7ewmFQoyNjXH27FkStdnaXq+XVG1WtmhbOENFtLFw2AoXshCAhbNYCMPCEQuzs8T9fr+s/STaK5VK8rUQTQHy+bwcW+GIbWtrIxAIUKlUiMfjVCoVTNOUdXqFSOt02wp3s8/nk65jZ9+ES1dsQwjNIr5biNCFQoFsNltXX7lQKNDR0UEsFpP9F2MmhHUhmPv9finailhnIRrncjnpRHZGUAsRXSwvHpVKhXA4jGVZZLNZBgcHmZycpKWlhenpaY4ePQpUb4QeP36c9evXMzk5yfj4OENDQzzwwAOUy2UmJyc5f/68rE0t9jVdnL3BqCKgFQqFQrHUENcAsViMN9544ybiPDUefGgTq9esuWV9ky5EDbY8/DCRtlbGR0bnqkwL6JlGqVDkpz9+mUce2UUgcPPOuTudSCRCOBxmdHiwobjkeZe7nlZ1G8Q9TasKj4bLoLOzA6/Hs4h60HNdyppjv2bDnxuhrb2Np55+ivcP7iedTjfcn/mo1FzJPq+Xbdu309raetNtWpZFd1c3uuGiXGxcAL7mOTHnvJCCulYfpP1RxD83h5vp6OhgemJxNW1nJwo0eIrb19jfRlMQpAP7RivO9nOxOI/UgpiTH25r0NHdtfgOKBQKhUKxhJhv8pdCoVAoFHclnS2zN8+iqTznzp1jcnJS1tTt7u5mZmaGqakppqenKZVKpNNpTNNk5cqV7Ny5k507d6JpGpcuXZLRu93d3WzcuJHjx4/zN3/zN7Kuq2EYBAIBTNMklUoxPT3N2NgYgHSqOp2sQtwUgmupVOLy5cu0trbyxhtvMDU1xenTpzl06BBHjhxhfHwcmI1eFi5VIaTquk6pVKJQKMhoZyGACldqLpeTtYqF41UIp0JUFKJwPp+X0dDCtet0FQt3bCKRIJVKScG1vb2dLVu28NBDD9HT08Pq1avZunUru3fvlu3ncjni8ThTU1NSOE8mk2iaJj8vFotSWBZOZ+GsFf0QMdVCCBa1eQuFAqZpEg6HpWMXqiLr5OQkLpeL5uZmALLZLPl8XtYV1nVdvidcPGI7oq6x2DYg+2eaJqFQCL/fj2maRCIR/H4/mqbJmtG5XI6xsTG5DYDLly9jWRaJRIJgMMjAwACnT58mlUqxdu1aeS51d3dX68G5XDJu2jAMphPZec95hUKhUCiWAlrtZv7ZM2e4culy4+vXnl2Giy988Qs3HVc7H7YNXZ1d7Nmz56papgtFs+HQBx8wNDh4azt3h6FpGpqmEQ6HWb68/9ZEE2vXedxGdF1n5cqVtNwCUdSJPed5obgMF4899jjLV664pf1Bg/b2dh55ZJesZXsz6LrOuvXr8dxCR/idck5ci3A4zLp16+TE2oaZR+C+IR/GmFyvzQ/j0XD/NNA0Htm1a3H7p1AoFArFEkMJwAqFQqFYMqy8b/bmy9nBaT744AMMw6BcLuP1eqVrdtu2bTQ1NTE8PEyhUOD48eNs3LiR3/iN32BgYIDe3l4p8MXjcSzLkuJgR0cHHR0duFwuNmzYwMqVK1m2bBldXV3SAdvU1CTrDQvnqM/nA6iLOK5UKrLGb3NzM3v37mV8fJxz584xOjrK1NQU+Xwer9dLd3e3rM8rYotFNLRpmlJIFe7YQqEgI5FF7LSYuS36IERhsa6IVC4WiwBSKBbvCdE2lUrhcrlIpVIMDw9z8uRJ3nvvPY4dO8bx48e5cuUKJ06c4Ec/+hEDAwNMTU0xMzODZVnS5RqNRkmn08TjcRk9LQTXdDotxeZKpSL7lc/n6/rmrO1cqVSoVCq0tLTIOsWVSoVQKMTQ0BC2bROLxeoEdBGVLfbd6ZrWdb2uXrM4XoZhyCjrZDIpxfBSqUQ4HJbHwO124/f75bFIJBJMTU3JbV26dImZmRkmJib41Kc+RTab5ejRo+zduxdd11mzZg2xWEyK/kNDQ0xMTDA+Ps6ZK1PznvMKhUKhUCwFqomuNq+88gqpZAo0DXuBSoBWW9e2bdo7Oti2bftNx9XOux2tKmJ95jOfwR8ILKKFqo1vYnKSQx8ckuUwliK2bUMtbWXr1q0E/LXxsmefnI9bt2HxsGf78SGwcuUq1q1bj667bmonbKq1VaX4qy0iBtqGzq4OduzcCWhy7G8GrRa1fP8DG+ntXTbb2ZvAtm1Wr17FmrWrZ/to27f4BHBuUP7vI9GDbcDr87F9+3Z0l4GMrr6Zc2WBj3sBUT/b+btmlxKAFQqFQqEAlACsUCgUiiXE6mWzYtj+k0P09vbS1tYm3aKjo6NcunRJRvMWi0XC4TAbN24kEolw4sQJAKampli3bh3xeJwvfelL+Hw+WbdWRBp3dnYSCATw+Xw0NTURiUQwTZOmpiZcLpd8+P1+QqGQdN+KG3yapmGaJoZh8Itf/IKenh62bNlCc3Mzuq7T1NSEx+NhcHBQukyd9X2dcc7O+rjOOGIhdIpHOp2WIqpwv9q2TSaTkU7lVCol3xfb0HWdfD4vx8y2bYaHhxkeHmZiYoJYLMbExARnz57l0qVLnD17lhMnThCNRslmsySTSdxuNxMTExiGQT6fZ2xsjOHhYcbHx0mlUnJ7UHUdC8E5n89LFzNU3bcikrlQKEj3M1RF4fHxceLxOMlkknQ6zb59+4jH4xSLRSkqi5n3tm3jdrsxDEPGXotJAuVymUKhIEVgXddrteusuvERcd+apjE6Okoul5NO3UqlImO1NU3D7XYTCoUwDIOZmRnS6TQdHR0YhkFrayv9/f08+uijtLW1yehr0zQpFAr09PRgWRa2bfPemdF5z3mFQqFQKJYCtg6Tk5O89tOfVOtXLsJxaAMbNmykpaWlJgrf6k4Ctsa6tRvo61ve+Po1cS9fyPPKqz8llUotuA7n3YZWc+Tpus6TT36cFStXoWlX34q65QKwo90Phdo52dTUxFNPPU0weHM1RzWqN+hk0K6M7l34yS/W2bVrD5FI5Kb648Tv87Jj58cIBEO1KOWbl1Hb2tt55rOfwfJ4qpHgjUYbN4I6ARjRAAAgAElEQVRs2P5oqkXXDuOO7TtZtXrN4vrgcMVqWvVc+f/Ze/Pwus77vvNz1rvfi5UACBCEuEmUKEoULUuyNivWkjirYzuasdy0sZNmnmdm0iydJu3MdJK0SdPpdGbytH2aZCZNMlNP7dh9/KSJLUW2JVmLLYuWRFEUKYokBJIAsV9c3OWcu54zf9z7e3EuKYmgREoU+H6eBwJwcbb3PRfiwfmc7++3no+rAiNsPzDR+f/nDddfz549N37AB6XRaDQazZXBVXM9oNFoNJqNz46xfvX1wRMLbNmyhVqthud5Ko15++23s7S0pPq7Tk1NKYHZarXYvXs3/f39FItF+vv7yWQy7Ny5UyVDJycnVZ/cG264gWw2y/XXX8/y8jL1eh3P88jn86TTaUzTZGhoiHg8rmRvMplUIk/KEB8/fpwf/vCHNBoNRkdHGRwcVFJ2ZGSEVqtFsVhU4lOEo9wotG1bCV/pXStS1DAMlf6N9goWGSo9fqXEcbQ/r2yzVqtRqVRUkndlZYW5uTlVJhqgXC6zurpKtVqlUCio7TqOQyaTUYncZDKJ67rtXraVCvPz85w9e1aleKXss6R/gyDoSi7LWER4Ayqxa9s2hw4d4uWXX+bll1/m2Wef5eWXX1bCFtrS99xy3J7nKWGbyWS6+iTbtk08Hsc0TYrFItAuK+26rpLysiysldGu1+sq/R2GIbFYDMuylBSXnsWNRoOnnnqKI0eOUC6XVVnxubk5+vr6VIL59ddfVz2kn3t1+i3f8xqNRqPRbASMEB5//HEWOr0y16TYhYkK1DvvvJN4MqGumS4lHf9LNptl37597TLQF+Hq5DiNEF566SWOvX6065pnQ2LA6Ngon/nsZ8nmsmquLlu13sgGTcvCdd1LufXOPgwM0+Cuu+/mIx+9FcN87+WR3wthJ1h63e7d3H7nx959ueFz2DI+zv79t7TboVyiExWLxXjg/gf56G3tlH772DfeAxBRhoeH+ZVf+RV6e3uuqPLUH3pCMDoPWPf09vCrv/Yb7/mBDI1Go9FoNgpaAGs0Go1mwzDcn8F12n1apxfL5HI9KkU5MzPDmTNnME2TdDpNX18fuVyOffv2cccdd/DRj36U6667jkqlQjabZXl5mZ6eHr7yla/w2GOPUa/XCcOQ8fFxtmzZwszMDPl8nlKpxHPPPaeSpzMzMziOo+Tq7OwsxWJRfS8p3mgZ50ajwTe+8Q0OHDhAsVhU64dhSCaTYWlpicnJSVZWVpRghLWbh81mk1QqpcRls9lU5Z8lSSvlnKMfQRCo5UUuR2+cSvpUSlWvrKyQz+eZn59XIrper1OtVikWixQKBRqNBolEgmQyycDAAJlMhlQqpXoti6B2XRfLsmg0GszNzbG0tKT6D0clrZRMFhkspZkBtX40kXv8+HGeffZZnnrqKaanp9WNVNm2SGZAiWRo34SSXs6yfZHhzWaTYrGoevoWi0VWV1fVWMIwxHVdqtWqShInEgklsnt6eti0aRPpdJpUKsWePXvYvXs36XSa1dVVlcI+duwY3//+97Esi0qlQiqVYmxsjN27dzMyMsL1119PMpliadUDIJVwGehJXb5fKI1Go9FoPgAqlQqPffPRd5WGlX/3M7ksd95112UXqqZt8bGPfQw3Hr+o41VS2jDwKh6PPfoo9U7bh41MCHzyk5/kRz5xv3oAUclwLo0Pk+0FYUiLkKGREf7p//LbfPInf/Ky6cXBwUG++MUvcs327Z0yzh/ceTQMg76+Pu6//xP09PbwXmfVsm1u3LuXiYltKrl+qRgaHuYLX/xF+gcH1kpfb+DfAdtxuPvee/jc5x8ByyToVGvSvHuiD844rss/+LXf4CO33voBH5VGo9FoNFcOWgBrNBqNZkOxe2KT+rpQqhCLxQAYHR2lUChw9uxZjh8/jmEYZLNZxsbGqNVqrKys8MMf/lDJ0ImJCX74wx+yb98+4vE4Tz75JJOTk2zfvl2VUj548CBLS0s0m01yudzaDaxOuV8RjtIXFlAli03TVOlQ0zSpVqs899xzPPfcc0xPTzM3N0elUqFQKDA1NcXhw4d54403KJVKWJbV1RtX5Kf0/1U3vjrLiMSMJmGlt6+UeZY/nqW0cqPRwPM8Go0GCwsLnDlzhlKpxOrqqhLRQRCostepVEolK0zTZGlpiampKSqVCsVikUQiofroyjGnUilisRjNZpPFxUVKpVJXj1/pX3xu4le2Ua/X1bxCW2RLqlpupkgKWVK4Mn5ZTmRvsVjE931arRaO4+A4jkpEh2FIPB4nnU53pY4FEbgitjOZDJ7nqRLT0dLZcvxS1rtUKvH666+r5PTTTz/Nd7/7Xfr6+piZmWF5eVlJdc/zwFpLr1y3de29rtFoNBrNRuHU1FT7Wg0uui5wGIYEBtx1191s2TKmhNWlVkpRsbzvllsY2zKGYV5ECefOQbWlZ8jzz/+AhfmFS3yUVxYyM9meHL/yq/+Ae+/7OLbjXDpJH4YQtLtFh8DoljEeeeQR/vwv/oL/+pFH2Hvj3rZ0vjR7a+9SVK9psP/WW/nVX/81xsfHCTHW2s6+jz7T6LzfDdPkIx+5lW3btr9nGZ1Op/nYnXfixhy1rfc6JHkAwjAMbrvtdn77t/8Z41u3qp9vNAlsIKXQIR6P83f/3t/j4YcfJpFKrpV+31hDfl+QB6rDMCSZTPGFL3yRz3z2s52KDDperdFoNBoNgH3hRTQajUaj+fCwY2yAV463e6SasTTx+Fp53sHBQYaHhxkeHlb9Ynfv3o3neUxPt8vqJpNJDh06xPz8PL7vk0wmGR8fx/d94vE4pVJJCcmlpSVVOtnzPCzLwjAMVlZWVOlgx3EolUoqISolmUUgigC2LItqtcpLL73EoUOH6O3tZdeuXSQSCU6ePMnU1BRBEFAul6nX60A7tSp/9MpNlKgwTSQStFotqtWqKhMtpZkty6LVanWJTClZLMtAW1ifPn2aRqOB7/sUi0Vs26ZSqahetrlcDtd11XIioi3LYm5ujmazSTwep9lskk6n1bFFk86tVotSqaTKRUtPYqCrnLX0MJZ0sO/7KgksPYQl7StzE+2ZHL3hJFI8WmJa9mdZlpLGIoWlp7KkkuXncizZbJYgCFQ6uF6vKxkci8UwTZNSqUQ+nyeRSFAulxkZGeHNN9/Etm0sy2J4eJhHH30Ux3HI5/Ps37+fkZER4vF4+z3SiL7XdflnjUaj0Ww8nnnmGVZW8kgH1Iv1IvF4nE996lNY9vtzu6O3r5cH7n+AN9+cpFVvXHiFKCFgwMzMDIcPH26L5MjDbRuTkNHRUX7nd3+X//1f/2u+8dd/074GkxP9XryNAaNjYzzy+c9z/4MPMDo2hm27gMno2BaSqTTlUvESjOEtdm0YfOIT95PNZvmX/+IPeP3IkQ9QZIb09/dz3XXX8sMDB97TlsbHx7lxzx4ufb3i9m+37Tjc/8AD9PTk+P3f+2ccPXJ0wwngc+nt7eOf/JN/wq5du/jf/td/hVepoP5n8AHyYZ313r4+fvu3f4cHHnwI23U6r2oBrNFoNBoNaAGs0Wg0mg3Gzi0D6usz86vENrkMDQ2Rz+d56aWXuO+++zh06BCDg4NYlsWTTz5JLpdTcnF2dhbbtunt7WVgYICjR4+STqdxXRff9wnDkHw+j23bFItFJV/r9TrZbJZ4PE4QBDSbTSqVipKQkpi1LItkMkmz2cRxHCVdRURKand+fp7FxUX1GrRl8erqqkoPR4WmiF9ol0a2LItaraYSstK3WOSxJFxF1p5bhs9xHMrlMtPT08zMzFCpVKhUKkpszs7O4vs+tm2TyWRIp9OqjLL0JZbj9H1fpYhN06S/v5++vj6VqBWp67quek0kbzTR3Gq11Paj64iwjUpgmQs5P9G+yLItka5AVzlnSRdLr+JYLEa9Xlf9h0XaG4ZBOp1W5zsIArWfeDxOvV6nVqup5Xp7ezl69CiFQoF8Pk+tVuPkyZO4rksikaBer5NOp7nmmmvo6enh2muvZXV1lYMHD7J///72+9NfuzUTfa9rNBqNRrNR+MZ/+at2ftJs/1t+UbfxDYOx0XFu2HPjJU97Rgk7+4J2WbUHH3yIr331aywvLbIujWJEfadBrerxzNNPce/H7yGVTre3a5oYho1ptgjD9ZWJNQyzs0Xzom1OVLoZhoFpmBh0ZLSx3jK1BqZpY2AQRnyWSkB2vgvDkKHhzfzz3/sDbr31dr7y5S9z7PXXqVb9dpL3InBdl5GREXbv3s2P3P8g933iR+jJ5dT5aY8rYHhoiP6+frxSZd1jal9nA4RvmVQ+9zXbdrjjjjv5t//u3/MXf/7nfPtb32J2doYgcg0q60UrB72d8DQJ33o+3naK5KGJENO02TK2lXcrwsIwxLZsPnLrRxncNIzR2falY238lm3x0dtv40//7M/50pe+xGOPPsqZU6epV6uE72WnkhDFaKeXzc7shG9xPsMAkxDLbCeo4eLKkhuGdd7Sb7euYZgkkmk+98jf4SO33saf/PEfc+DACyzNz6u/76Lvj7cf3vp+V+RvLPn7zLJs3JiL68ZIJBIkEgkyuRzjW7dyzbbtkR2AbVo88MCDpFJplpaW8LwKVd+jWq1Sr9dpNhs0Gk3CSKudUqnUVdo6+rDyuf+fWQ/njTMEy7YY2byZO++5m1/6pV9ifHzinO19WHW2RqPRaDSXFiPc6I/WaTQajeaq4j/89QF+6fe/BsCvfvojPLQ3RyKR4MUXXyQIAq677jqVCI3H47zxxhsqzev7Plu2bOHmm2/mb/7mbzh58iTXXXcdr732GqOjo8zMzFAsFmk2m6ocsohb3/cZGBigUmnfVKpWqyoxKkJRpKbjOEomwlrPXiFaKljErLyey+W46667VK/ZWKz9h7uUOq7X6ziOo3rlyv7j8Tiu6xKPxwFUAlekdFQgS1p5YWGBw4cPMzc3h+/7VCoV4vE4qVQKx3FIp9Nd/YNjsZgqe12pVFQC2fM8fN9XY8pms2QyGQqFAuVyWYnd/fv3c/3115NIJAiCQJVOlnFEy1b7vq9KZ4tEnpqa4tlnn+0qC22appK9tm2r8UqZ6EQioaSxlFqW9WV+AXUzplqtEovFsCwLx3HIZrPUajWazSaJRIJUKsXKygqO4ygRPDIyQrVaxfM84vE4i4uLSiIvLi6STCZV3+RSqcQXv/hFhoeHicfjtFotvvvd73LTTTcxNjbGd45W+DdffxmAP/uff46f/+T+S/0rpNFoNBrNZSN6jSPXSfJvvHwUVpYhfHeFa8MQ3Fic/v5+1WNXuJTyquvYwpCgFbC0uEir1QRjfUce7Xlqmia2bdPfP9CuQhKEFFYKVKtVCAPCdW6zbcsMUqkU2Z7cRZVXDjtzbtC+JlpZzncengvXN6bOIoZh0dvfRywW7xLAb7W/zhdUyhVOTU3xzUe/wXee+A5vTr5Js9U8LwEujwQkEnH27NnDPffeyz13383Yli2kUils210T69I6JGyXhW42mxTyK52KL+scE5BKpclkc2t9m99u+OeIrVazyUp+hRdfPMDffONveP77z5Nfyaugp9FeULUMGRwYYHR0jC3jW7hmYoKdu3Zx/fXXs3l0rCP210Fn2yHQajb5iz/7M/7gX/z+u3rvB0HAyObN/O4//z0+ft99XWO7HIRhCIZB0GpRKZeZenOKJ558gh8eeIETJ05QKKzQbLZUGWrR0SHt8+u6MbLZLMPDQ1yzbRtbtmwhlUyRSmXo7+9ndHSULVvH2w/+muZ5cxKGAdWqz8rKSve5XOfx27ZNX/+g+jtiPfMk+2k2mxSLq5w8fpynn36aI0ePMDM9jdd5+PgdNtA+5Z2HXWOxGLlcjr6+PkY3b2Z861a2b9vGxMQE8U47nvaHiWlaWLaNZVrYjt1VFUqOPwzDrl8Teei1GTTU32WtVosw0mYoaLXwq1Wm3nyTqVOnODszw+zcHIWVAoXCCp7v06g3aDQb654nWS6TTrNlfJw9e/Zw7733Mj4+TiabxbTa8v3cRxSkUpR8yN/HhmGoaleXu0+8RqPRaDSXgmKxXcHm4MGD617n5ptvBnQCWKPRaDQbjH27RtXX3/zBSX7mtjtZXV0lk8kwPDxMtVqlXC7TaDRIp9OkUimOHz+uet0uLCwQi8WYn5+nXC7zxhtv0NPTQz6fZ2FhQQlISaBKqeBEIkGhUFDp1WhvXflD03EcbNtWfXllW/IHtywrN0XlD9Movu9Tq9WUhJQkMNC1D3kC27IsJTGl9LTruko4R//oNU2Ter2uhHV/fz/lcpkgCHAch1tvvZXx8XGGh4fVnAJq+UQioRKv1WqVeDzefqq/I0tFFG/atInp6Wk8z6NQKJBIJGg0GmzevFndWIA16SqSXXofy5z5vt81/oWFBXU8Mr/RZLWMTcYu24smi2XeZB6lvLfMwVqfqSTZbBbP86jVakqm+75PLpejUChgWRau67KwsIBlWQwMDDA/P4/rugwODlIul3FdV42l1Wpx11134fs+hUKBa665hunpaW677TYA5ufn+evvza29169de69rNBqNRrNRGNk89p7WX09y7lIhEs+0TIaGh1gzexfHucdsGAa9fX1r6U9jndsNuegErcJYk2qO6zI0Mnzx2zgn9rueIzEMg3QmzQ179nDDjXv4jf/hH1GtVsnn8+r6SJaTyjN9fX1dok09LMn5572dAA2xbJuBTYMX/b5Yb2ai6zjCENOyGNg0yEM/9kke+rFP0mq1WF1dpVgsdl2jy98j544nmpq8uGNpa/Nq1eO1I4c7gvTix2xZFtftvo69e/eq47qsdM6TaVlkcjluvGkve/be2FXVJ4iIxnP/hon+7rxVylQecHi7qTAMk0QiRSKReuuE8AV4L9kax3Ho7x+gr6+fj95+R9c2L+ahg+g6b3U8b7fMOy0ffRTHsEwcy8U1Ym95DFG2jE9w99vs92J5p7ltJ8S1xNVoNBqN5u3QAlij0Wg0G4qbdo6QTsYoezXemF4hk+0hk2k/+S3iTyTqqVOnmJiY4PDhwzz00EPMzc2RzWY5cuQIuVyO2dlZVlZWmJ+fp1QqKSl7bjlgSaP6vq9uSJXLZQzDUBLUMAz1GqylfiWhCnTJX3jrGxgilqvVKslkUm0retNDxilPOddqNZLJJLZtKwlqmqZaT3rpJpNJdXNF0qef//znmZqaol6vk8vlWF5eJplMYlkW2WyWMAxJp9P4vo/neQwODjIwMMDs7CypVEqVzZa+wSJHx8bGOHHiBOl0mkQiwfLyMpOTk2zevFlJdaBLhkf7BTcaDVWaWdJD+Xy+60aZPN197o0zucEmYxVhHovF8DxP3ZxotVqUy2XVv1fmK3peoqWoZT3P89iyZQvNZpN8Ps/o6Ki6iZlMJlXyWR406O3t5aabbmJmZkaVIR8YGOCll15ix44dDA4OUq1WGdw0xNSfHgegN5vgxu3v4sasRqPRaDQbnPdN/F7CfZ63vkRfjTWZehEbu/h13t0Kb7/vdWxRjfmc3r+maZBMJtV17vp2+87HbnTE/LsZ4cWcWyW6Ot9Hh2ZZFn19ffT19a1rO29XcvqdE6FAGFKt+Xz1q1/l6e9+d/1jjh6sYeDEY9x+x8fo7+8777xeLqKi+tw5iKY2L7iddZTrvtj13491LvT9evYZ/TvoQuudO7/r3cfF/PzdLrue9T74rskajUaj0Vz5aAGs0Wg0mg2FaRrcc/M1fPN7rwMwvVhkIN3uD9tqtajVapw9e5adO3fi+z5/+qd/yp49ezh8+DCzs7MsLCywvLys+tTm83mKxSLj4+O8+eab9Pb2MjU1BbT/GJXerSIWq9WqksSxWIxGo6F6u0riN5pMlT9oRTDK6+cSTbTOzs6ya9culZSVPrWSJpByziKYpeSx7FtkcPTn0rtWEsySJp6bm2N1dRXP81hdXcUwDI4dO0YYhuzatYuhoSG2bNnC3NwcQRCQSqWoVCqqfHJPTw+JRILV1VV6e3s5deoU+Xwez/OUWBZ5vmnTJpW+FckrY5dkrtz4icfjSixLn6lSqdQlfEUMi0COCvF4PE4ikVApYukh7DgOgCqjJmluKXEtIjoq9OXcNBoNVlZWcF1XlQI3TZPl5WUmJiawLItisYhpmriui+d5KuW7bds2+vv7OXnyJPv37ycej1Or1RgaGuLb3/42O3fupG6l1fvh7puuueS/OxqNRqPRfNg5r1zw+fWDL+s+172bdwoLGud8vhjewxjPq4h8kdt616tf7mDp+/AeeOsdc0nbkNZqNQ4cOMDi4uL57+0OjXqduflZnn3uWQ4ePEjQaPLuApIho6Oj3Hb7be+bZHuv778LEp6zyfNqQL/DuhvJMr7XcV5B83TZ3zMajUaj0WwAtADWaDQazYbjnn3blAA+OJnnkx8Z5ZlnnmHr1q2cOHEC0zQ5deoUTzzxBPPz8wwODpJOpxkbGyOZTKrE7/bt2xkbG8PzPGZnZ8lms0rSSS9ZKf/cbDZVSeF6vY5lWUpuxmKxrpSulBaW5K8kbqVvMHBe6bfo17Ozs0xMTKieuyIfASUnbdsmHo/j+z5BEOC6LgCpVEr17ZXSzJJ2lfFE+xbXajVarRb5fLsPXCwWU2WkT5w4QaPRoFKpMDg4SDwep9FoqNRzLpdTJZRXV1dpNBrMzc2Rz+c5e/asSti6rkssFusS09LbV2S64zhKDEcFuiwnpZhhLTFg2/Z5sl3mwjRNSqUSyWRSiXGZY0liR9PSknQuFosYRrvnsJTuluOQXsMyf5ZlEY/H6e3t5ezZswwNDalj6enpIZ1Os7CwQC6X49lnn1XvgVKpxMGDB8nlchw9ehTP8zhw4AAM1rve4xqNRqPRaDSaK5RLKH8JwStX+L//+E/43veefYdtRwr2dnofr9eKqSLaoYFp2dz5sbuZmNj2vqV/NRqNRqPRaDSXHi2ANRqNRrPhuGffWjryv3zvBNf2tsslHzlyhJ07d/LSSy9x6NAhpqamSCaTvPbaa5RKJSqVCul0mm3btmFZFktLSxw/fpxUKqV64b788stkMhklViXp6ft+V4q22Wziuq4SvaZpks1mKZVKNBoNUqkUjuNQq9WU5JR15fW3IgxDPM+jUqngOA6WZWGapuotLGWcbdtWqdV6va4EtXwWOXpuKllEsUjMeDxONpulXq+r/YZhSLFYxHEcTp8+zdLSEouLi8TjcQCy2Sy2bWOaJisrK6yurqrk9czMDMvLy3iepyRtb28vlmUpOQ3tVLMclwhYmStJLYtoD8OQ+fl5oLukmaSqAZXclTmEduls6YvsOE5XaltKc0sZbxk7tCW6SHcpIS3b27ZtG6dPn6avr49CoUAsFiORSNDT04Nt20xMTPDCCy8Qi8WUdLdtm3w+3+61dt11PPPMM+rcvPrqq0xOTnL99dfznWOFt3yPazQajUajaXOeqnof3NW72sWV6NTe4zFdiUMCPpADu3y7DC/Y41nt+2LFrcQpQ9g6vpWHHnqoU4b7fZrAy72bC23/in0DX2Le6zivpHm6ko5Fo9FoNJorFC2ANRqNRrPh2H/dGDHXplZv8uKxOV7ZskI6lWR1dZXvfOc7HDlyhJWVFTZt2kQmkyGZTJLP5zl+/DiNRoNjx44pGVkoFFSqM5PJ4LquStZGewG7rkutVlMiMZqmFaJ9e6PpVUn4iqQUUSlE06nQFo2SXgVU2WPbtvE8TwlrSQiLoBQBLElYSSzLzwBVFlokdrVapdFoKKEsy2azWSVFXddVSV7XdVlaWqLRaKiEsGmaKgUsEjWdTmOaJo7jEI/HVUlnEaPyIYnZcrmsehjL+Ygmd5eWltQ8yriCIFCSPJoElrnOZDJqnJVKRc2BpLalH3CtVlPCNzpnvu+TSqWUvLdtm+PHj9PT08PAwAC9vb3E43GKxSJDQ0M0Gg2mp6fJZrNMT0/jui6ZTEbNl2EYnD59Ws2/4ziUSiVc12Xb9h38uwMzAKQSLvt2jV7i3xqNRqPRaDQazVVLx/+6rsPH77uPW/bvb//tEYY6BazRaDQajUbzIUULYI1Go9FsOGzL5O6bruHbB44DkBkYJWW1SxUfPnwY13Xp7e1l586dzM/PMzc3x913383p06eBdo+tXC7HysqKSoICKtUrMlGSvZJQlddEekZLN4tEFBkpfWejZaAltSrJUHkd1lKrQj6fp7+/XwlJkbNhGKo+xLVaTZVsll7EIoqlJ7JIZBmLCGPZv+u6SgTH43GCIKBWq6lUcTKZZGVlheXlZSVzq9Wq6o0s45G0rCSWLctSPXWDICCdTqv+u4CS6q1WS5WAljkQMSw9k6VEtQhymV/5mYwlFot1paNlzuXnUpLacRxVrrlSqShJL/2HK5UKzWZTpZxlXLLPfD5PqVQil8vR19eHYRgUCgUWFhbo7e2lVqsxPDxMPp9XpbqTySSpVIqlpSVuueUWGo0GS0tLeJ7XTpbbkf6/N1+DaeobcRqNRqPRaDSaS8u27dv56U/9DI7rXHhhjUaj0Wg0Gs0VjRbAGo1Go9mQ3HPLNiWAi0GGY698m0qlwh133MG3vvUtlejcu3cvjz/+OE888QT1ep1EIoFlWViWRS6Xo1wuK6HoeZ5KewJdvWCjyVmRgVJeWSQhtCWjvCap11qtpuShiEZJtsrX8lm2u7q62tUnV6SmCGHZp/TylfSsSFVAJXPT6XTXmCSZKyWgpUyxzEu0bHW1WlXloaP9i4Gu0siSxDUMg0QioUpNp9NpcrmcEqH1er3r+KNiWuYwWtq52WySz+dVsljmyXVdldiVuZS+x/V6XaV/Pc9TEl+OvVarcebMGSWqJTntOI4q9Z1Op1VvZ/mZzJ9QLpdptVrE43GWlpawbZubbrqJ2dlZjh07RjKZVHOxY8cOms0mxWJRzffAwADLy8vMzs5ypmiuvbd1/1+NRqPRaDQazSXEMAyy2Syf/zsc8h4AACAASURBVPmfZ9d116pewvqRQ41Go9FoNJoPL+aFF9FoNBqN5sPHJ++4Tn391z84jeM4eJ7HysoK1157LQAvv/wyTz31FJ7nsbi4yObNm5X0zOfzVKtV1UdXJGKj0VBit9lsqpLNkpwVCSupUfm5JE9FCDqOo5KyyWRSCUhJ6EYTxNES0CJXy+UypVKJIAhUOWpoC8xWq0WtVlPpWUAleCURK8LXsiyVBhbhGYah6nHsOA62bZPJZBgcHGTTpk309fWRyWTURzabJZlMKqEZj8eVSDYMQ5XZ7unpIZvNks1myeVyalvZbFYJYZkn+ToqziX5K2lqz/Oo1WocPny4a+xBEKgUtpRzlvkVyd5qtahUKmpfrVarKzkcFfoyD/K6lNGuVCoqnSznQc6PiPhGo6HeJ0EQ8OSTTzI7O6vKOy8sLGDbNsvLyzQaDdLpNJ7nAaikeiwW4y+fPrn23v7Y2ntbo9FoNBqNRqO5OMLIRxvbtvnpT32KT/74j2N3quNoNBqNRqPRaD7c6ASwRqPRaDYk+67dzJahHs7MF3jt1Ar/8nc+y+OPfoNDhw5hmiaDg4P09/dz9uxZVYI42kO2UqngOI5KkoocdRyHWq1GEASq1288Hu8SvSJZpa+rlAiGdkI1m80qEbm8vIxt2/T09LC4uIjruiplK+JRthstAx0EAUtLS2SzWRzHUSWJRTqL+BRhKiWh5fgAJXujvYElqSvjA0gkEmp7sViMeDxOLpdjaWlJSdpSqUQYhpRKJbWMbF96A4tQTaVSpFIp4vE4tm0r6SsSXY4zei4AVUpakrhBEDA3N8fy8nKXHJcUMKD6Kcu4DcNQyd1YLIbrukr0y/FFS0lLSWvpgyxzLOW0pYdw9CEBeVBAktWe55FMJvE8jyAIVOpYpLccr4zT931qtRq1Wo1CocD2Xbt5+lD7XGwf6+fG7cOX7xdHo9FoNBqNRnMVEAJr18+33norX/jFXySdzgA6+avRaDQajUazEdACWKPRaDQblkce2scf/D9PAvC3z7/B0uIid911F0tLS+RyOU6dOkWj0WDTpk1KehaLRYIgIJFIUKlUVEng3t5eVXpZyjjbto3jOKpcsiSDJWkrZYGlF67rutTrder1Or7vKxFp27YqTyzCV8Rls9nsEr8iJyWNWqlUSKfTSpomk0klm2u1mkrjAqq0c61WA1CyWUoii/S1bVsJzWiPY5G6Uvp6eHiYarVKq9Uim83ieR6ZTEYduySeRbTato3ruioBHU3YRscox99sNqnValiWpUovy+uS4p2cnOwqmy0iOBaLqXMg4ld6GAdBQDweVylumVeR9lFZ7Xme6lssyyWTSSV5a7UarusqCS/bA1SJbjne4eHhrl7N8/Pz3HzzzQwODlKr1di2bRu2bVMqlVSP59nZWdzB64AZAD734M3v/RdDo9FoNBqNRnP1EkJb8RqYlsmdd9/Nb/3WbzEysvkDPjCNRqPRaDQazaVEC2CNRqPRbFg++4m9SgB/+bmz/Pon9jI5OcnDDz/M5OQk3/ve91Tys1gs4vs+pmlSqVRUOlUSvs1mk1KpRLPZ7Cq3LCIzlUqpVKqUXhZ5KqWhy+WyEnxBEFCtVpV0jsfjAKp0s2maqiyxEO0NLHJSJKNIVJHXklhuNptKgLZaLTKZjNqW53nYtk02m2V1dZVUKqVkrYhgoKsHrownnU6rtG40CSu9gVOplEoxi3CWctKSgJVS1JJ4Ftkt44zK8WQyqQSrHN/s7Czz8/NqjqL9i6M9mCV9Gy3LLSL23KR1Op1WJZtlrK1Wq0s+RwV9tDey67okEgmazaYqL22apkqXR5Pi+Xye0dFRpqamGBoa4o477uCJJ55Qy3mexwsvvMCePXv4zwcW1Xvg8z+2//L8smg0Go1Go/nQINeC535/7utXKm/1cKPm8hL9G0IwLZMfuf8T/I//0z9l8+hmDIyuqjoajUaj0Wg0mg83WgBrNBqNZsNy867N7Bjr58T0MovFBk4yRyqV4k/+5E/4zGc+w+joKKdOnaJUKqmkqAhGSZyKMIS2CE0mkzQaDdWnFVDSV8o6S5I0mkqVhKhI3ejypmnSaDRUCjkqNKNljaPfR0tL1+t1YrEYnucp+es4DvV6Xe3DdV0ljSUJK0lX2bfIW9ludH8iQqWEsySao4lkEZ7VarWrn67neUqwynihnZCV0tTSI1fKK8sxyDrREtulUolCocDBgwfVORCRLGWnowlu2V4ikVD7CIJAJbCjoj4IAiXqZQ7lvMi8i5yPx+OqTLWMQVLcqVQKx3GIxWJqvWPHjjE8PEylUqG3t1cdaxiGzM7OMjExQRAEDA8Pc/DgQUZGRsBJsVRsP3Bw/TVD7Bjrvzy/LBqNRqPRaD5UnCvprnRpF72GjV5jflik9UZA5tmybbbv3MHDDz/Mz3zqZ0mnMxiRos/6fGg0Go1Go9FsDLQA1mg0Gs2G5ufuv4nf//MnADgy2yA/NcVP/dRPkc/nlYxNJpMUi0VarZZ6TUSmyNsgCDBNk2azqV4XIRrt2Sty0HVdlVgV4SjLnit1pSevpIZl/3D+zbKowIwek4jKcrlMvV5XqeVkMqmWDcOQdDqN7/tYlqWkrpQxrlaruK5LrVYjl8spqSuCGVBlraPlr2W89Xpd9RAGlEiV9K7Iahm3CFYR4zJmkbLR14IgUOOsVCocPXpUlb2O9u2VHsulUol0Ok25XAYgFoupVLMI+6jMlXMjsjyRSKhzKnNVq9WwbVvJfUD18R0dHWVlZUWVra7VasRisS6hHYvF8H0f13XVvPu+Ty6Xo1KpcO+99+L7Pqurq9x7770cPXqU6eYwsAK0E+0ajUaj0Wg0QRDw2muvcfbsLIZhsG9fu6XEh4HXX3+dU6dOYdsOe/feyMDAwAd9SB8aQqRz78WtA+2VTNNk565d/NIv/X0+8cD9JBJJTLP7oU+NRqPRaDQazcZBC2CNRqPRbGg+8yN7lQD+zy/M81/tHOLQoUMEQYDv+ySTSRYWFlSJ52w2S6VSUQndaB/fZDJJIpGgVCqpks2GYeD7vhKQzWaTRCJBsVhUpYhF2JqmqZKkUq45KjilZLHchJEPQEli2U+0t2xU3krSNlrmLfoUf6lUIpVKEYYh1WqVdDqtxir7ifYkltLHjUaDWCymkroiZ0XsNptNlfaN3kCS7UjZbEEkqQht2UcYhqpktsynSNVKpUKz2eS1115jZqbdE1fmVJK3lmVRqVRUr2WR94lEAs/zusYpIldS0FKWWrYpUlhSykK03LacF2hL8YGBAVZXV1lZaUvbcrmMaZrkcjnCMGRgYIBEIsGJEycYHBwkmUzy2GOPMTAwwMrKCkEQsGPHDlqtFtVqlUePFNT2P/fQvvW85TUajUaj2RCEhEQKBWOEAdBJi4amvHxVIddYhcIqj3/rSebn5whDaDSb/OiPPoTVua68sgg6nw1KpQrf+vaTnD59pn29FcK9996N27ne1rwNBuR6e/g//vAPOTszw+zsLAtz8ywvLbG6uopfrapr58gq2I5DPJmkf6Cf8S1buO663UxMTGDbFpyT8tWpX41Go9FoNJqNhxbAGo1Go9nQ3LRzhJ1bBjh+ZonVch0j0cvU1Ouq32xvby/5fJ5arUY2m8X3fZXUTCQSKhEbi8WwLIuVlRWSyaQSr+VyWZUIFmFcq9VU0jeaTI0mf2X/0SSqyE+Ri9HXoyWIoxK52WySTqcBVJrWdd0uoZxKpZSItSwL3/dJpVLU63UlwSVhGxWfcowiV0X2Aqqnrm3bXelY2afI6Xq93tWDOJqItW0b3/eVjJV9Scoa2qK4Xq9TKpVoNBqcPHmSM2fOnJeMlvkIgoBGo6FSyYZhEIvFCIKAeDyuktIyRtd11X7r9bqS741Gg0wmg+d5KhkupbMl/SzvDcMwWF5eptFosLy8rJZrtVpKQNfrdR588EFeffVVJicnqVarzM3NYds2ExMT6v1y8uRJstksuVyOLTv3Un3lFAB7d4zo8s8ajUajuboI2w9stTWwiWWAaV7dkkqueVqtJmEo14ad68QPQSnlaFWa9nVw+7g1F8Y0Tfr6+ujr6+OGPXvU62/V+zl6nSzfR78+V/5qNBqNRqPRaDYmWgBrNBqNZsPzc5/Yy+91UsCHlxIkKhUajQaJRIKZmRmVLBUxKzen6vW66v8ridl4PI5t22odKZEsslYEqdyMkdLIklKN9v6V7cJawleOQ0Sv67qqD66IX9m+9K0F1GeRtrIOQKVSIRaLEYYhnueRSqVUolV6GUsKNh6PqxStZVlKmrZaLbUN6Y0sItnzPEzTVElokckiZGUuZW6k5LN8RGUxtJPAkuD1PE8J3aNHjzI5OdlVGlrKZUfHHxXy0j9YzkcymVR9kFutFpVKhWQy2XXORFaXSiVVOlq2I7Jcfn5uH+Z4PM7g4CCNRoPp6Wmy2SwDAwMUi0UKhQLZbJYTJ06opK9t2xQK7ZTvT/zETzA0NMSxY8dwHIfvvLmozvdndPlnjUaj0VxleJ7Hv/+jP2Fubg4w+MynP8Vtt32Uqy72G0GuU9oPswGEEIZYnWvHKxnDaH+YRltaGwaYlqFl5EUQFbnRikFvd+6jVXmiUlj3XdZoNBqNRqO5OtACWKPRaDQbnl/+2dv5/b94kjAMee6NIj+1Oc3iwjyWZZHNZmm1Wvi+r6Sn9LUFlASV3q0iK0XAxmIxJY1FBIZhSL1eV/LWNE2VFo2WG472uY2WEo4SLf0cTRBLerharZJIJFTKNVqWWaQ1tG/6xGKxLmEtadZyuazGVqvVlOiWcUfTy5KwlbSvlHyWOYuWhhZhHS1JLUJdBHSj0VCJYUkSe55HrVZTItjzPN544w2mpqbe9oZVVPyKFJb5l76/lmV1fS9J7agslmOR+RQh7ziOmj8ZgwhtOaZarUYmkyGVSqk+y1u3bqVQKNBoNHjxxRdVYri/vx/P8/A8j3w+z8DAAM888wypVIqenh7Gt07wh9+f6ezH5Bd+/CPv8bdAo9FoNJoPK0b7I+x81pDL5fj4x+/lzOkzGAbccss+db12pYq9MIRMJs09997N5OQUjuNw4417cGyLdpnoK7F89ZVFVP5GP7/dchfajkaj0Wg0Go1mY6MFsEaj0Wg2PKODOR6+fy9f/tYrhBgEAzcSzs/h+z47duzA933q9TqDg4OcPn0agEQi0VVSWISgiERJgpqmqVKwUk5Yyi2L+IS11Gs0JQyoJKtt213loKF9cyZaUlp6e53b31fkaTKZpFarqZ/XarWuBHKj0SCdTqteveemiiuVCplMhlar1VUmWVK/UZFqmqbarvQGlnSzJGQl0Xvu2PL5vFonKtyr1SqNRgPf9/F9X5VfPnr0KFNTU12paSmtLPMg6WRJT4tYPrfUoMyJCGY5r9FETTKZVOORUtIi7IvFIplMBt/3sW1b9YIeHh5meXkZ0zSZnJxkaGiIdDpNsVik2unLVi6XVV9ox3HwfZ/l5WVyuRw/+ZM/SW9vL+Pj4zz22GMcPLuW2Hj4/pvYPJi9LL8bGo1Go9FcuZgo+avFL7Am7izLZv8tt7D/lltAOiVfsZV95boWMODGvTdy494b268BoEtAXzQXO2VX5PtCo9FoNBqNRnO50QJYo9FoNFcFv/nz9/Hlb70CwDdeLfOrd93J7NkZFhcXVQJWRGetVmN8fJxyuazEqaQ+E4kE1WoV27ZVT2ARhyJEpV+u9MMVKSmlk0VURuVrtP9vq9UiDEPi8TjNZhPHcZT0lOOQG4CSVhVpnEgkVIo12jtYksTSSzeZTHZJZSlhXCqV1FzEYjFc11U9bz3PI5FIUK/XqVarxGIxVUZZpC/QVQLatm1VZlokq0jQMAwpFotKREsiVhLAhUKBQqGg0sLR0nVy3LIdEbIivG3bVslqKcUt56JarSppLOdORPG5KW9BykJblqVKXst7xbIsFhcX1XxkMhkKhQLXXHMNq6urKnEt5a6lrPby8jJbt27FsixefvllVlZWAHjwwYf45387g9yt+82/8/FL80ug0Wg0Gs2HgDBsASahEQAhhhFCGBDSIgw7bTSMMFLe1oLQwMCgbUHPt2PRUrjCue04IOjUKe5cs4QGIqGNt9gmsr/IPtRRRPZnGAah0V62e19mR9p2rjfCyGYvQLfoXasSs14D3F6+nbo11LGtpXC7ywQHkXXoWmZ9O5PDXOtTHMogjbDTA/gdthXS/nnknIedeTaMcO09gaH2ZYhaDtvrYQSdddvn1JAvLzSE6Gk31q5l1/ovn9tvVz6C81Zvv9B9bfmu0UJXo9FoNBqNRrMOtADWaDQazVXB3h0j3Ld/O0++eJIgNGmktrK09ArFYpFNmzYxNzen0q2bNm0in8+rfr+5XI5CoYDruiqpWq1WSSaTGIZBIpFgdXVVpXtFOpqmSSaTUalckYDRG0UiDaUcc1RuBkFAPB7vSrBKqngtAWIpMSmpXUD1uC2Xy0pwyr6lV6+IaekJLD8PgoBqtUpPT49K6UrZakn1ipSOllxeuykWqr7BMidSolkSzVLeWUonNxoNarUaxWKRRqPB6uoqlUoFOP8mKtCVkpZlDMNQJa9lLiQVLeW3RT6L5I3OiySDRbRLCWmZXxm3nJ9YLMbq6qqS/qVSiUwm03XuarUaQRCwdetWzp49q/osb9q0iaWlJZWGXlhYoF6vE4/HOV1J0grKANx/6072bB++5L8PGo1Go9FcuXRaLAQmhmEShqLzLDAsJfKUSwtDDMK2UH2LaOR5MjZESbx2X1oRqBZBELK8vMzq6iqObbNlyximaZ23zc6Wz9+HYdDqPDxYqVTwfZ9arU6zc61nWSbpdJq+3l4c18R8l/1Ywy5pKteVrHtb7UVMwrAjSaEz1525DUPCEKrVKvl8Xj3Ml8vl6Ovr7apms/5jjh7umii9mJHL+VuT7waGYXa2b6jXq7Ua+fyKupZMp1P0D/Th2A4qKn2RElW1QwkDms0Wq6tFKuVy+wHQMMTutI3JZrOk0+k1sY6hDlcSz7oEs0aj0Wg0Go3m/UALYI1Go9FcNfzDR+7lyRdPAvDH33qTX/7IbmIxl56eHp5++mkSiQTz8/N4nkc2m6VWq/HQQw/xyiuvkEgkKJfLzMzMqJtJzWaTZDJJuVxWctZ1XSVXLcuiWq12JWLlJqPjOKpss+M4LC8vq7LFkkrNZrMqsRr9WTRF7LoujuNgWRa23f5nXZK3AOl0WgnYer3e9TmRSKhEr4hZSSFLujkejyvZa5omlUpFveb7vhKnkow1DIN6va7EtAjXaO/jarWqeiW3Wi0lfj3Po9FoUC6XVellKc8Na72Po58BlXKW7yX5K2MR8RudG0lJR4W5nFNZt9FoKDEv5aAllS2JZUCNWcp/S6nsw4cPMzAwQCwWI51OK/EuxxiPx9VDBWup7wT/77PzyC3Cf/j5ey/Tb4NGo9FoNFcm//E//n9Uyh6lSpmlpWVo612+8c1Hefxb31Zp3LDj8b7wC7/A6OhmoNXZQncv2ahse/zxb/P8D36AZVn88t//Iv39fYCFadr84PkX+Nu/fZxiuQRhyDUTW/niL34R15VS1G9NGIZ4ns8PfvACJ05OMjs7p64NZf/Ra0CAZDLBQw8+wG233YZlXbwM9H2f//Tlv2RmZgaAhx58kP3796nrvwsRhrC4uMiXvvQlSqUKt956Kw8++ACm2R7PysoKTz31NK+88gqeX5e1MIyQsbExPvOZTzO6eeSijtkw2g8Sfv3rX+fYGyewbZsf/bGHuGnvjVhvK9nVEauHIc+cmeZrX/sanudx220f5d577yUWiwEGq6slnnjySV588UVVQUZE7MTWrXz6059iaGiwo2XXEQE2ol8alMsVnn7mWV544QUqFf+8cyxfx2IxHMeOBLINYjGXH//kJ9m9+1r1EKZGo9FoNBqNRnM50QJYo9FoNFcNP3rHtewaH+SN04vUWybJ4evIT73M4OAgu3btYnFxkaGhIZaXl1laWuKBBx7g6NGjHD58mL6+PgqFAqVSiXQ6TaVSwXVdCoWCSkFIolRSsSIPRQpKIhZQJaTL5bISmpZlEYvFVFpVSk9LYlW2GU3/CtHy0tE+s7KfqHgUydlsNimVSiqZG4/H1XFESxXLDTcpsVwsFlUJZBmfjF/SsdVqVQlg6Z9bq9XwfZ9KpaJSz5KwLRaLVCoVtR/HcZT4FVGryv51lpFEdTTJK/OWSqVUulq2Jf2Ko5Jd+gXLOKOvyRhln9LXWHogS/9nSTFLL2PLspS8XllZodVqkc/nGRsbo1gsUqvVOHHiBIZhqCTwDTfcwOzsLL0T+zh0pn2ubtg2xAMf3XlZfyc0Go1Go7nSePXQYULa2UkhDENqtVqnjQPtn3Z+HITtUtHvhAjYWq3WafERslqqkM318tKLL/D0M8+ytLhMECknnOo8RPc2W+x8bi9bq9V5/vnnWVkpgErSRvfdnUT2PJ+/+i9/zZkzZ/iJn/hx0unURc1RWzp7lEolAJrNhrrGXA+GYdAKQspln1KpQqlUodkKmJuZ5QfPP89rR47iVbzoGp39GkxPn+WrX/0aDz/8WYY2bTqvbcaF8P0a5bLXftiu3lTlmtdzzO1rvpBypX3chUKJer3J4tIyP3j+AK8cOqQe0GuvA/JeeXPqFP/xS/+Jz372ZxnfsmXdxytp6GPH3uCbjz7G/PxC5+FDOe7uVLI8EFirrV27mqaB6/YSj8e0+NVoNBqNRqPRvG9oAazRaDSaq4rf+rv38YV/9pcA/IenzvJ7n72VV199lc2bN9Pb28vjjz9OuVym2WzyzDPPEAQBuVwOz/NwXVf12xUJaFkWvu+rMsvREsFSPlluHoro7evro9ls4nmeStBKijWZTKoyz77vq56+Im5hLWUgfYJN01THVa1W1bFFE8PSE1fksJR5jiYQyuUyyWQSQIlsaPcP9n1fpY3DMCSVStFsNlWqVWSxCOFoaWYpwZxIJKhUKkpAi3iV+Y6KdOmRLKJYtiXbFREeTQJHx1mv10kmk2qe5EPOi2zfMAw1/5IMjkpzWUe+t21bpYBFDkuaV4S07/tqjPV6nUwmg+/7BEFAOp1m06ZNFAoFRkZGaDQaDA8P09/fz3333cfv/NU80jfuN3/+vkv75tdoNBqN5kPAwMAAAK0wYHV1VV3PpFIpEolY17JhGGJbNutr6ErHCLZ78p46dYZvfuMxTp06pa4v5ME117Xp7++7QDo37Hy0rwNy2Ry+X8V2bLKZDNlcjkwmQyKRUNeHCwsLnDp1Gs/zCYKQQ6+8yq5du9i376Z1i9A1JJkcXkB/vx2GGkGpXOK73/0uzz77HJ5XxTQNHNdl8+YRxsfHCYKA48ePs7i4TBCETE+f5cUfvsgDD9zfSd9e/L67P18IOVLpl9y5dq1UePqZZ/j+979PtVrDNNtlmIeHNzE6Oopt2xw/fpy5uQWCIGR+foFXX32NsdHRdZWxluvASqXCE08+yezsHADJZIq9N17P7t276evrU5Vxzs7OcvDgK0xNTdFsth8KvPOuO3jwwfuJue5aj2ItgTUajUaj0Wg07wNaAGs0Go3mquKRh/bxm//2GyyuVFhcrWJlx1hZeVqlPqPljYvFImEYkk6nVepEpKFhGHieh2maJJPJLkkpH1IGGVCJ00ajoUolG4ZBLpej0Whg27YqhSxSUySlJIplO9EkrJR+lrRqJpPpkpZyDOf2J/Y8Tx23fMiYHMfBdV08zyMWi6mSxiI0Jfkci8WUTJXPzWazq5S09PeV1+WGV71eVylhkeAiyCVtKzd8o+I7OsfR+RA5KyIXUKX/oqWg5VhEfIsMj8Vi1Ot1dQwi86NpbpHfjUYDQIn/eDzO0NAQ8/PzNJtNXNcF2uI8kUhQq9VoNpts3rwZx3EYHR0llUoxMTFBX18fp06doq+vj1ZymGJ1FoCRgSwP33/T5fo10Gg0Go3miuUf/aPfICSk4nn80R/9MXNz7dYIDz74ALff/lG63FnHCa5bI4ZhZ5WQx//28U7bB4sdO3aw98YbGB8fp7e3Fzcmsu6d1Kr0zoV4PMYvfOHvYVl2p/Svcc5i0lsXlhaX+MpX/pIzZ6ZpNJtMTr7Jnj034HbaVbx/rI3tjTeOc+z1Y0DAyMgwt956K9dfv5u+3h41Fs/z+erX/jOvvXaEMITTp6ep1WprAjgain5H3q38lA668l+DN944zuuvv04YBIyMjPCR/fu54YbrO6W92+emWCzx9a//Fa8dOUoYhiwuLFGt1kmlEhfeY6fn8OzcPEtLeQA2jwzz0z/9k0xMTGCaRmS5kNGxUfbdfDPPP/8DvvXtb+P7VabPTFMqFon1D6xtONrCWaPRaDQajUajuUxoAazRaDSaqwrbMvn1z93DP/53jwLw63/0Xf6b28aYnT3L9PQ0c3NzWJbF7t27efXVV/F9n1KpRK1WU0JVyj+L0PQ8T4lASXpGUwUiT6Vsschi6TMrZZCjqVsRmvV6XQlHeT1aQrBarZLNZtU+gyBQAlKStH19fSwvLytJLL2Do+WlJZErElUSudVqVQla2a+MJ1pyWQSrSNuoaI3OQ7vsYqCO89xyhSK9RVhHJbr8XASwjFOSu7It3/eV4K1WqyrNA2spYpG7Um5b5K+UwRYxLQK3Xq9Tr9eVKE6n0+p8h2HI7OwssVhMHbscn6ScXddl+/bttFotXnnlFXp7ezl48CDbt2/HcRxKpTJ/+PQhNc5f/9w92Nb6SzlqNBqNRrNhMMJOnlcs2ZpoPS/ne5ESLbI1go40/NTP/DQTE+OIWlTy1ninHXS/bpoGyeTbCcWw6/Pg4AC33LKPmbNnaTZbLCzIA2QXK4DXrgffjUuMzmUQBMQcl7vvuZOPf/weXNftevAOIB6PM7F1K6+/foxms4VfrVKvN7sqtLztjrq+lzTvRRxoVzPeUEn1VqtFIhbj9jtu45578ea9zgAAIABJREFU7iGdTqqS20Imk2bHju2cOHESv1rFr/o0mw3gwgJYxr4wP6/agOzcuZ2tW7d00uFrOzLadb5xHJvrr9/NSy8fZHp6mny+QKXsMdAvy6x/6BqNRqPRaDQazXtBC2CNRqPRXHX8d5+5kz/88rPMLZdY9Vq8Wc6yPDPD/Pw8g4ODLC4uUigUCIKAoaEhFhcXVVpURGGhUFDlg0VAVioVJVdFMkoCNtpzNpoWBpSsTKfTwJrUlW1GlxeRKYld2bcci0hV2X+z2WR1dZVYLKakpxyjlCqWvsNvJVxFOEeFbrS0tfQmFoka7YMs68vXIpXl+KJjkOOXschxNptNlcI9N/0cTU7Lsch2LMuiXq+TSq311Gs2myqhK9uU/seNRgPHcSiXy+RyOWq1mhLh0bLTUspapLykoHt6epRElx7R0L5ZKlL9xRdfZN++ffT19VEsFimXy3iexzXXXEOrdzer3ioAw/0Z/ttP33Gp3/YajUaj0Wgi7Ny5g0ce+RzxeBxpv3D5iEY+Q7LZdOf6IqRWq3c93PdBkMmkefjnfo4dO7apVOu5SMuPrp9/wCnWWMzlZz/9s+zZcwOWZbzlPEr5cMu22mI4UklmvdTrdXUtmkylsFTZ8bfGcV3i8XYyOggCGs3W2y6r0Wg0Go1Go9FcLnS0RKPRaDRXHcm4w7/6739cff+XB1YZGhnD930mJyfxPI9SqaQSnENDQ13JWbkBlsvlukoRp9NpJTglpSoiVrYVTQM3m00SiYQqsywlkw3DUHJQevtKmje6v6gYluNqtVpqn47jkMlksCxL9Z9zHEcdYyaTUUI5mUyqZURqi0yW/UtpZZkLQMniWq3WNWZJ0crrcqwih+v1uhLCUWkbHWuz2VRlogXZviSEpTSzCOowDGk2m6qct6SrZe6TyaRKW0dTwyK2JS2czWaVwBcJ73RKMzYaDarVqkoF9/b2qt7Ost3e3l5isRitVotcLte+8WhZpFIpMpmMGm86naZ/0whfOVBQY/w/f+2niLn6GT2NRqPRaC4nruu0H0IjVA/6vdverNEWIEHQvhZptlqdj4BmK6TZCmh1PsJwrQdue71LN671s1a+2HVj9A/0d7XIUEupuWknnc3O1yoo/QH2s7Vth56eHJZlvOM5lHEBkZLcF0ZWaZf1bp/nWrWuKsVERXL061azSb1eV/u219FvWKPRaDQajUajudTou4sajUajuSr53EP7+Dd/+RwvHDkDGBxvXsPo6CRnzpyhVquxurpKvV5n69atnDp1CsdxKBaLXUI0WjLZcRwMwyAWi3XJz2iPXekBLAI4FotRqVRIJBJK3EZ70TYaDdXHFuiSq3ITS2SofC1yNgxDJSx7enpUUtZxHBKJBNVqlWq1Si6Xo16vq2OSfQtR8SypWminaSVRLNJUpDa0+w/L+KNJYZHUgJozWVf2J9s3TZNqtdr1OqD6/Mp2oyWoZTkRyACJRIIgCCiVSjSbTVKplJLCskyr1VLCFqBcLqty1DKnMjci613XpdVq4fs+6XSa+fl5rr32WgYHBzl9+jQjIyNMTk6qMtq+73PixAmGhoZIJpNKeD91Og60z/PH9m7ls5/Y+57f3xqNRqPRaC5ECEYAhsl7ibKK+KvX67z22hEm3zxFqVTqeoBtrQdw+1qoVCrTvCJSoWup5LWPD1Nz2ossJ32xW+/0ge7r6+1cJzc4OTnJwsJeRkaGO8usXZfLe2FycpL88jIAuWyWZDL1VpvXaDQajUaj0WguK1oAazQajeaq5d//5s+y/+/+IQAHJsv86iceoPzY1/F9X/V9PX36tEqiSlpVxJ0IyFgspsRsrVbDtm2VDIgK1VarpbYh4liEqmzLcRy1nCRcpVRyNP177s0mkb3R5ENUtMbjcVKpFEtLS0oEw1pZ5GiPYtm/iGz5AJSsFtkaj8fVcYocF/kqolTkb7Sksuxf5lGOXUSwbD8qwGWs8jNJEEs/YRGyksiQOa1Wq+q8ua6rvpdlWq2WksS2bbOysqK+ltQ0rJXdljFIyetWq8XCwgIDAwPkcjnm5uaUvN+0aZNadmlpiXK5TKFQoNFo0Nvby/i1+/jb52udMRv8X//4M5fuDa7RaDQajeYd6IhO5TzD7tfXuxXDwPerfPWrX+Xw4SMEER9pqP9GkqJv8doHwoe+F+3llb9AJ/ULm0dH6evro1KZ5tSpU/ynL3+ZH7nvPnbu3Int2BhAEIZ4FY8DB17k+ee/T7niYZoWWycm6OnJfaBJaY1Go9FoNBrN1YkWwBqNRqO5arl512Z++VO388dffx6Av/h+mZ+++WYee/RR4vE4Q0NDqk8urMnHarWqBK4IzmgqWJZ3XRdAiU+RpyJ1XdfFcdrlB33fVwJZ9uG67nmllW3bVj2FXdclDMOuFLIIaXktFlvrPxaGIclkUu07kUjg+75Kt0paV1K5kkiWfrcyLpG0QJcQhzVxa1kW8Xicer1OrVZT43YcR4ls27bVhyAlsv9/9u47zI3yehvwMyNpNKO23et1L7u4F8AGbDDY4IBp/tEJJYSWhJICJIGQQkIgkHwkkAAhAQKB0MGEXoOxaQYDBtvg3uu6bVcvM98f8nl35HVZ98Jz59rLa2k0885IVyz06JwjgbG0xHaT+6RCV6qnZRZwJpNRLbfd11L2b5omotEoQqGQajEt7bblmhmGocJ70zSxYcMGmKYJwzDQ3NyM4uJiFfZL62i/349FixbhlFNOwbRp09DYmG/rPHjwYCSTSRx99NGorKzEp59+CsuyUFpahsdmtp7XVWeOQN8eHXb2ZU1ERETtpLXJD7e/AtZxNHz00RTMmTsftpNvj1xRUY6OHSth+IyNu8wfSNc1ONDR0NCExYsXqREZe4W2aYC6F9eyQzTXz248igZEwmGMPGIE3mx8C00tzaitXYcnnnxGvf+Tzj3SVUfW17VrFwwfdjD8fl/hsomIiIiI9gAGwERE9I32hyvG4Zl3ZqCxJYGGuI2k1RWdO3dGhw4dEA6HsWjRItXaOBgMIplMwjRNAFCzeiU0BQDTNFVAvGlwLHN7pTIYaG2VLCGmBJq6riOXy6n5trJ/CWO9Xi86d+6sqmwBqBm3EuhGIpGCcFoqgSXwlONI5a+0eJaqVqkUlhBZqpIljJYKXFlnNpstCE4lkJXbAKjAWY4n5yxhrpynO1x3t76W40sILK2gM5lMmz91XVdrlyAXQEFQDEBdB5/Ph0QioQJoOa9YLKbulznQUkUsob/jOGhsbERxcTHmzp0Ln8+HkpISVFZWYv78+SgrK8PcuXOxYcMGHHHEEViyZAmSwe6oi64EABSFTNx6xbjd9TInIiKi3SQajWL69OnIZPLv+wYNGoRzzjkLht8HzckHlJom82IdQNPx9dezsWzZ0r0bANM2yVhfXddxyKEHIxaL438T34Ft56BpunpPDTjQoEHTNfj9BgIBEwMHDsIxxxyDokh4r54DEREREX1zMQAmIqJvtJKIhVt+cAJ+9OcXAQBPfx7D94YdDtPwYMqUKYhEIli1apVqzSxVrMFgEI7jqFm60kbZNE21LdDarlnmy7rvkxnCEtICUDNtt9TyWX46deqkAkkJPYPBoKo0lrCzqKhIrU0qfG3bRlFREWKxGGKxWMFxJOTN5XIoLS1FKpVSc4vl2BLC+v1+FYwDUPOPJbx2z+P1eDyIx+Mq9JW2ynI8Ob6Ez+521HKfhMRS9SzXy92m2TAMaJqmjpVIJNSs4nQ6rSp2w+GwCugl2JfW1wDU8b1eL5LJJPx+PxKJhJrdHI/H1bGkUlsqlmfPno0+ffpgyZIlaGxshGVZaGlpUS2pa2tr0bFzV9z00ir1OvzTD09GOODfha9sIiKi/V/brrn73ozadDq9MQTMv6/p07cPDMMLzbFRWKGaD3sd2NgT7YtpV3KwZPEyfPrpp9A0DccffwK6dumk/hsg/yVFXf03QklJMYLBIPJv7/e91ywRERERfTMwACYiom+8K884AvdNmII5S9cB0DBpVTHKN7yLhoYGeDwehEIhaJqGlpYWlJaWIpfLIZvNIp1Ow7IslJSUoLGxUbU7FhLQSjtm27aRyWRUq+FcLldQcevxeAq2dQez7jbIkUgEZWVlKqg1DAO6rsNxHFiWVdCWWUJmCUklINY0DeFwWFXCSqtrr9eLdDoNv9+vgk85tlTruiuZpcJWgm1N02BZVsEsZAmfZWawbOf1etVaAKi5yz6fD+l0uqCNnnve8eauqVQDS3Wvu6I4GAyqcFrOUSpu5BoCUO273fON3ddenh+v16vad0sVtMz5zWQysCwLK1euRCKRgN/vx5gxY/C///1PzQ6ORCKYVKvB3jgkcFDvjrh8/PDd8tomIiLa38kX4Zx9NC/Ndw2xN35ZTYPp9+erQTUAji5bFXy5j4Hg/kFmANu2jcVLFmP9hvUoLilBt25d0atnj4Lt8twvUsf1w+ebiIiIiPY8fdubEBERHdg0TcNjvzsPPm+++nPhujSMrocjk8mgubkZkUhEVXtqmoaysjIV2jqOg3g8rgJF27YRDAZRVVWlKmRllq5U+UrwKwGlhKF+vx9+v1/NyZWqV9kvkK/oHTBgAIqLi6Hruro/Ho8jm80iEAjA6/Wq+ySElj9lHR6PBz6fD5Zlwev1orS0FKFQSM3IdV8by7LgOI4KkQ3DgN/vRyQSQSAQgGmaau6whLcS1Ep7awCqXbW7HbVUQEulbuuHvI6afwwUzv2VayitlzVNQygUUkGs3+9X56XrOqLRqAqNdV1Xs3+lklkCaWnvLPOCm5ubkUgkVGWvBL7SXlqOL4EwkK8CisViaGxsRDabRTQaxaRJk2BZFmKxGJYvX44Gf29MW7AOAODzevDE789vM+eYiIiIWhWGp/sWeS/nOA7gAI4NABocx/1vu1QC60gmUpg7dy5yObZ/3tfJS85xgFQy/yXPlpYWzJo1C9FoCwpD3k2D3vzzzY/diIiIiGhvYQUwERERgIP7dMIfrz4JP/3bKwCA95f5cMrho7Fs3nTU1dWpINBxHNTV1cHv9yOTySCZTCKVSiEQCCCRSCAUCsE0TTQ1NanANRqNqkpV+fDS5/Op9sdScSohoLQ3doehuq6jW7du6NChAwKBgJqHK4LBoKpmlepVOY4c0zRNNX9Y2kG7K2w9Hg9M01QtpaUNshxfQmD33F5pay2tsaXCVSqkQ6EQMpkM0uk0EomECmmlitpxHBWeSlgux3MHvADUeUh176bzgN2zluVxpmnCtm3U1dUhEAioCl/DMFQVtlwbOW/3ecqxZe6vtNCWymafz4dkMqkqkCUwj8ViKC4uRiqVQm1tLQKBAAzDwMhjT8bDH9Wq5+0vPzkFA3pV7uqXMxER0X5P03Toev7fZQ0aNqzfANsGdN0dtkm4Zm/Hl6k0bL79srtd87bk1+AA0Dw6fIYPiOW/sNfYWA/bzuXfO21s+wwn/z5n/YY6vPzya1i4eDEcO39ecLa0nnach7MzXyDb9LHt2Jez8Zo7Wn6csXvZW3y4O+jetAJ6Z0J9Ddv/nG3nETY+NbquIxKJwOPxIpPN4v0PPsQnU6eiY2VHdO3aBd27d0fHjh0RDAbg83rh9Xrg9XravCb5hT8iIiIi2pMYABMREW10zbePwutT5mDiZwsBABPXVOH/BtpYumQRPB4PAoEAAKiKWQkfAagQM5PJIB6PI5lMAshXhAKtFbwSfgYCgYIwFICaEetu6Sxtlnv16oXu3bsjm80iEomocFTaFksgLNW1qVQKpmmqwFIqgyUAlW1lZrHsz10xnEwmVXWyVNZK9asErF6vV4WmAFRwK8eQsFSOZxgGcrmcul+um2EYBS2fpUpaQl3Zt5u0q5brK+FvNBpVIXUqlYLf71ftuSVcd88MlkBZjiutn90Bt4TmEjZblqVmI7uvvQTFMvPZsix1Xp27dMMT01s/+DtxRB9cfdbInX3ZEhERHZC8Xg8ikQhWrVoNwMHMmTNRXlGOzp07wevJvycIhcKIRMKbmRW8Nbu2kjgYDKC8vByNjc3I2TlM/fRTFBcXo7qmGj6vD3X1dVi2bBnmzZuHJUuWIh6LoaysHPFYHIlkcpMUdXvtxCxhB2hbsbqNC7lD+eWOBtzb4mzyZ3vWsbnft3KEjddI04ABA/pjwcKFmL9gAXK2jVQyhWXLlmH58uX46KMp6ouU4XAI4XAQJSUlqKmuRt9+/WD6jfafFhERERHRLsIAmIiIyOXJ35+PwRfcibX1USTSNubbfeDJzUcwGERdXR0qKirQsWNHzJo1S4WAlZWVSKfTCAQCWLdunZp5K1Wlfr8fsVgMAOD3+2EYhgpj3ZW82WxWVZJ6vV5kMhlEIhEceuihKC8vBwC1P6/Xi0QioULPVCqlgmGPx4NgMAgAqm2xBKRSceyew2sYBjKZjJrjK0G0zP/NZrOqylXaQAMoCEqllbI8Xs5D1iPbSavnQCCg1i6zggGo8/J4PIjH4wCgwmZ3yCzHk1BYwmLDMGBZFpLJJAKBAGKxmKrklfBb9iGBsDvcBfLttHVdVxXTcu0ymQzC4bD6u2EYqqJa9mnbtloLABX2G4aBNeHDkIrmt60sDeHxm8/bXS9jIiKi/Z7P58OA/v0wb95c2DbQ2NSEF154ERL4aXAwZMgQnH9++/49zf/b7A4Ndz6U1AAYXi+OPHIkVq5ciUQihfXr6/D4E0+1buN6D+P16Ojbty/GjRuH5yY8j5UrV+7EOpydzFbdHVbaW0nrqP9t73E2Px93+zht/rbtfTgO8u243T/tJBW7tm2jJRpFKpWGpgFBy4TXk++Ak81mkc1mkcvlEI3FEI3FsGZN/vGfffYF+vXrg/GnnoLS0tLt/KICEREREdHOYQBMRETkUl4cxNO3XogxV/0TAPDFkmacOWQs5kx5CblcTs2F9fl8qK+vRzgcRnNzMzRNU1WmEvpJZW06nVazfTdtZywBsISH7qrf6upqVFdXwzAMFBcXI5FIqPm7ANDY2Kj26W7DLD9SyWuaZsFMYMdxkEwm1WOj0SiCwaCqaJUKXk3TVDVrJBJRAW86nVZhrsz1leBXAl85N6msTaVS6j4JpS3LUtfN3RYaaK0A3vR6SSWyO9R2t6yWY0moLFXQgUAAmUxGzV2WD+pisRgMw1BV03IM+UDPPSfY7/fDtu2CkNc9w1naUksQL2tLp9PoddipeG1OWu3/2du+g+KwtXtfzERERPutfLh38CFDsHzFcnz++Zcb31PI+4H8r+vWrUM2m4XP176PNvLtpLc3wNwaHYCDgw6qwZjRo/HupElIJlNwh6lyzE6dOmHkyJEYOLAfvB4vLMsEtruK1a1w/qy8h2xPm+F85rtJIKsC8m093gFgY+PI43ZqbdfcNojfTo47zG9vkGzDgb3xed++Y9q2g1mz5uDVV19DQ30DuvXojpNPOgnl5eVIJpOIxWKIxWJoaWlBQ2Mj1q9fh1WrVqOhoQG27WDOnLkoLirCSSedBNNkJTARERER7TkMgImIiDZx9ME9ceN3x+D2RycBAJ6fmcGFh4/Cl59+qEJH0zTR2NiIeDyu5r1Kla/M1pVAVtocS/AoH8xJlS0AFUy659v269cPxcXFKsSUyl9pcSyBp4S7Et6GQiG1Rq/Xq8Jhy7LU+iXw1DRNVQvH43GEw2FEo1Ekk0nkcjlVkRsOh5FMJtVaUqmUqqaV0FvC6WQyqaohJNR2z/cVuq6r9tKZTEZdE13Xkc1mkUgkNjsDWLaVYFaum1w7y7Lg8XiQSCRUmGuaprre7kplTdNQUlKCWCymPjiV6yTP16bzmiW8jsfj8Pl88Pv9BRW/Ug0u2x5y+Cg8N6d1/t1vLj0ORw3psUtfs0RERAee/GiK008/DQfV1ODTTz9DS0szgPwIi9LSUvTs2XObVZXuL5EddFAN/Bs7fFR26NBmvET7l9ZaMatpGnxeL8aMOQYDB/bHxx9PxdKlS5HJZOD1GOjYsRJDhg5EdXVv+HyG+oLc4Ycdhu49uiMcDKruKu3l8/kwbNgw1NRUQ4ODLl26bNfjNS3funrUqCORTKUQDFqwAv5tXsuqqiqMHn0Mcjkb4VAYgYC1HaGzA92jY/CQwaiq6gSPx4tOnTuhvWWx8jwWFRfh6KNHIZ1Jw/AZKCoq2tYj0aGyAkcffRTS6QxKSophmn60J+x2HKC+vh7vvfc+6uvrEQyEMPqYo9G9e1foOhAKWSgvL1H7koLsdCaLjz/+BO+88w6SiRQWL1qKhoYGVFVVtutciYiIiIh2Bc1xfxJLREREAIBszsao79+HT2evAACETR2H+2dgxfKlBfNwbdtGU1MTKioqUFtbCwAF1bxAa+s/+ZFw0V0pKx9AuoPHMWPGoKqqCuFwWFWYOo6DeDyOdDqNuro61NfXw7IsBINBRCIRNZ9YWiFLyOquvDVNEwCQSCTyH05ubIMcj8dVFa/MME4mk2ofUjUrrZElIHafl3wImMvlEI1GkcvlkEqlYNs2EokEgHybZ2mFLYF0MpmE4zhoaWlBNBpFQ0MDZsyYoa6d+0+v16sCb7lmcp3dlbgy+1gCaNlOwuxkMqm2k3M0DEMF0u6wXALmWCymwmDHcVBUVKTaQEvo7/f7EQgEkM1m0bGqM2b5jkRLMn/s4f27YsqDV0PX2QOQiIi+eeS9kbxnkM4a8uWsXC4Hy7KQr2jd+CBXB+H8F8p0eDy66wti+Tu3FEK6349t3A1af2lfeNl2p67ftdbj5N+vAI6TPyeP7oGm69DkAe41uPLH7V1Bmw9xXB/rbM/5qO7PyJfz5h+69euoAlvXhWxvAFzweJd2NZ/ewuO3Wa8sz0vrLa7HbCsAdjB37nw8++wEtESj6Ny5Ey684DxUVJRv3K9sV7hfB8D6DfV4+ulnsWLZCoSLIjj3nLPQp0/NNs+TiHYNGSvk/iKvdLmS//beof//JyIi2sOam5sBANOnT2/3Y4YOHQog36+IiIiINuH16Hj2tgsRCuQrdFuSNr6yh6BLl64wTVNVnkor5Q0bNhS0cnaHh3K7O8iU/xCV/bhJkLlhwwaUlpbCsixYlqXaSAcCAZimCcuyVIWvu71zJpNBIBBQla+ynQSvEl4Gg0EVLhuGoYJdWa/f71dtmiXstax8pYe0uJaAVyp33S2opZolnU4jk8moD3rl+DKzV66VVOxK9S5Q2Cpb2i3L3+X6SSUv0DpjWa6hhNZyjjIXWNo9h8PhNhW8yWQS8XhchcaZTEZVMEtQ7DgOvF4vmpubVcW0tNSW9s9lZeVYZI5Q4W9RyMSE27/D8JeIiGibNPXvvvrfxpEXXq+n4L2Tpm39Q3z3+4f8njf+bONx21hem7G5si9NQ+sXyDx6PiTMH6zw4Vr7J+9u7fAaWs9xe8+ndQ3y2G1fx8Lr1/5r2Obx2L7z39Lj2/M4FDxm+46cTqeR3filQ4/HA33j+9jW6yXr0gv26fN64fXogKZt/EJAtp1nSkRERES0azAAJiIi2oKulcV44U8XwePJ/3O5tsXGiuDhsKwAEokEGhsbkc1mVbUo0FrR4q5SdVeuynxfCVXdbZ8BwDAM6LoOj8eDlStXwrIshMNhBAIBlJWVqWpfaXUciURUaJrJZBCJRFQlrXs+r4ScEkBLO2mv1wvTNFWralm3BMUSnEpbZXcoCkBVFrtDUcdxVMCq6zoMw1BVzu522BKKS+WsVETncjnE4/G2H9huPE/3vGB35TEANUNY2m/LHF9pgy2tq3VdRygUgmG0tg50HEeF1hJ+yz51XVezj92zgSXsD4fD8Hg8KlQvKipGS+cTsD7fFRw+rwcv//kSdOmwrTaFRERERLSv8Pq86r8FotEYYtHY5icJq1Q8HwQ3NDSguSUGB44a5UJEREREtCcxACYiItqKY4dV44mbz1N/n78mhVTn0dA0DalUSlWHSvtCN/dMNAmAZW6vBKJSvSvhq2zr8XjQ3NyM2tpaaJqmqnMDgYCamytBpt/vV6GxbduIRCIIBAJtZu7Kh08SYkrwmk6n1exbCYMlnAVaW1pLWOyu2pWqYtl/MplEJpNR10KOIUGvVNJalqUqdaWyWQJfr9erAmC5TnIdbdtWwa+sxV0VnMvl1Pxj+T2Xy6kWYLJ297n5/f6Cymi5XaqM3ZW/EhpLYC6/u6uEKyoqkO12HOavSalr/+xtF3LuLxEREdF+RUNRpAihUAiapqGpqQkff/IJ1q5dt3EkS/79XzabQzabQzqdQyyWwKrVa/DhR1NQX18HAAgGgwiFw3v5XIiIiIjom8a7txdARES0rzv7uMFYtqYBN9z7OgDgi+VpHHXI6Wie/GjB7F6v16uqet3zcCXEdFe5Sgtod/WwaZrIZDJqBrBhGJg5cyZqampUEJlKpVQr5mw226Yls4Si7lbO0ho6nU6rgDeRSKjbNE2DYRhIp9MAUNC62b1u2WcikVAtj+XcPB4P0um0arsMQM3YlX1LAC0V0KlUCrlcTh1PKnaTySRSqVSb2b/SNlrC2WQyWTAbWZ4HaTctwXIqlYKmaWrGsVT0xmIx+Hw+dd7Szloqn2U7uRZyHPc1lXaUMis5lUrB2/1oTF2aUa+fu3/6fxg/qv/ue4ESERER0S6naUBFRTkOOqgGG9bXIZvLYtq0aZgzZw6Ki0vg95sb36Pnt89mskimkmhqakQsFofjaNA0HdXV1arjDBERERHRnsIAmIiIqB1+dsExWFbbgPue/xgA8OFSB8d/6zv4/I1/F7RallBQKk8lHJWKWHdY6Q4tZZ6uVNYCQCaTwdKlSwtmCks1rN/vRyqVQiqVUi2YJVjNZDKqUkHCaF3XUVJSogJOme2r6zoymQzi8bgKk6VSV4JWORcJT2XusLSLlv0YhqFCX6nATSQSqsIYcM/H0wrCXPmR6+Gupvb7/WpN7usGQFUDS/Wz+zjyfEjQHgqFVBhcWlqK5uZmdf3c5yDnKm2V9CszAAAgAElEQVSs5X7TNJFOp1U7aWnXnclkUFJSgubmZvQZdQ4mL21d3/UXjsbVZ43clS9FIiIiItoDHCc/nmX0MaPR3NSMOXPnIpVKIRqNIRqNt9leczQ4cPJdoAH4/QYGDOiPkSNHwr9xDAoRERER0Z7CAJiIiKid7v7p/2FdQxQT3v0KAPD2Ag3jxp6Jz999QYWzWwohAajWyxI2AlCVqvn2cVm1jYSj8Xgcy5cvx8CBA9VtpmkiHo/D7/cjHs9/+CTtoyUItm1btY1OJpPqMcFgEABUlay0ew4EAmhsbAQAtcZAIKBaG0swLGuXEFSqlSXAluA0l8vBsiz1eKnUlXOWamkAKryVcFauhVxD99xeCbTlegq53x2uyxrl92QyqdYvQbX73OS5yGQyqhJb/pTHSJWvrE1aR7e0tGDwUSfjzaU+taYLTjgYt1994q57ARIRERHRHqNtnPQbDgVw5pmnYeXKVVi0aDGWr1iB+voGRKMx1bVGvkgYCgVRVlqKbt26oGfPnujWrStM09zLZ0JERERE30QMgImIiNpJ0zQ88fvzUdf0L0yatggA8ObSIpxy/Nn45O3nVKWvO6iUVsESlkoL6E3n27rDTABqO8dx8OWXX2LIkCEqjASAQCCAlpYWWJaFZDKJXC5XMMtW2j/L3F7HcdTcX5mzK0Gv4zhIpVIwTRPJZFJVF2ez2YKQVNYja5C20O4wW+YcS3WynJv7/GX/cm1yuZwKjGOxGDKZ1vbJm1ZLu1tCS/vlTCajjiFBrlQjS1tp2V4qoJPJZMEsY9M0VQAvgbxU+cpzKtu5j9PS0gLbtjF01Kl4c2lra78xh/bGv39zzq59ARIREX0DMCyjfZEVsFBSUoJBgwbu7aUQUTskEom9vQQiIqK9Tt/2JkRERCS8Hh0v3XExBvSqVLe9ujCIIcedj0wmo2b1StWrhKVS2SuBo7vlsQS7EhpLRay0j549ezYaGhrUfmT7SCQC0zQRCARgmiYsy4LP50MgEEAoFCpo0SzzgSUolZm27pbTEgzLn1KlK9v4/X4YhqFC2FwuB6/Xq8Jmd6Wz7FPaJ0v4K+twt82Wx0i1rnsu8qYBsATOcl4yw1hCZDmGe35xMBiEZVlqdrI8Xq6BzB1Op9OIxWIAoAJruVapVArJZBItLS3q2JlMBoZh4OBvXYh3VpWp18PQgzrhpTsuhsfDt1lERERERERERES05/GTSSIiou0UtAxMvPcHGNS7o7pt4hIDA4+7CKZpqgAVgAo/3e2TJXh0h6dSZetu/yyVp9lsFjNnzlThKZAPKAOBABzHQTgcBoCCIFaqc2Ver1StSmWvBLTuKl6prHUcR80ENgxD/ZlOpwFAVRVLq2k5j1AopCqXAajjAvn5ae7wVkJuwzBU2Cy3NTc3F1xv98xfNwl9JaSW6y3BdCaTQTqdRkNDA+LxOOLxOGzbVkG5VGj7fD4YhqF+l1BarncgEFABtm3bSCaTql10zdEX4n+LWhuqDKmpwtt3fw9Bi3PeiIiIiIiIiIiIaO9gAExERLQDKkqCeP/+K3H4gG7qtslLdFQO/zaKi4vh8+VnwUpVq4SzEnoCKKgClsphCUqlAhUA/H4/Zs+ejVgsBsdxEAwG4ff7VYtnaXlsWZZqAy1zfQGogFVm4cpx5dg+nw+NjY1Ip9NqNm5paWlBi2iZLQy0zgiWx+ZyOaTTaUSjURVw53I5NWdYKogDgYCqIJYKXQlvJRyXdtTultHuUFuuqYTsUo3rfrycs8w3lkre4uLiNtdN2lzLNslkEl6vF6FQSIXJ7udKZgSbpomKYedg0sKsev6H9++K9/55JcqKArvhFUdERERERERERETUPgyAiYiIdlAkaGLi37+PcSP6qNs+W2HD0+c0BIOhgqraTCZTMB8YaK1gdYekUqkrbaQl0KytrVWhqrRj1jRNBZKRSARAPpCV0BSAOpaEwFLFK8F0LBZDMplEJBJRwbK0Q5Zjy7GkSleCZQld3fOG0+m0anXtrkAGWmcES5traTcts3iFhNCyTjmWXD8Jb1OplLrG0s5aAutEIqGqk2X9iUQC6XQa6XQaiUQChmGowF3CZMMwCqqjpVrbHTBXdOiA8CEX4ItVmlrztw6rwaT7foBwwL/LXl9EREREREREREREO4IBMBER0U6w/D68dMfFOOvYQeq22WtySPUaj8qOVSqQlGrUTatOpbJVKlABFMwClsrTlpYWTJs2TYXEEv5K1a9UFkuw6vF41DxcCZk9Ho+qaM3lcipg9ng8ME1TBaHBYFAFrbZtq1bKErJKECttlKUCd9NzkbW720hLEC4hsazJ7/erwFkqgN1zfyUQdrd9ltvkGO5Zw5ZlFcwRluvgvjYSsudyOdV2WmYsZ7NZWJZVMDdZ0zRUdeoMp8+5mLu2NbA+d+wQvHrnpbD8vt35UiMiIiIiIiIiIiJqFwbAREREO8nr0fH0rRfgijOOULctrbOxvOg4DD7kMNXqWGbgSjWrBMGZTEYFnhKGygxhqa41DAOvv/66CmXlR2bxSqCqaZqaZSuPlR/HcdSMYmkFDeRbOsfjcRWq5nI5VQkrM3rlcdlsVrV4lu2lIlfm7qZSqYL2zbJPj8eDYDDYpnJYZutKpXA229pWWUJdd4XwpvfJsaS1ttfrRTabhc/ng2VZBUFxPB5HKpVS65WQXUJhCc01TUNTU5Pa1rZtHHr4UVhbeTKW1beu7/Lxh+GJ358Hr4dvqYiIiIiIiIiIiGjfwE8riYiIdgFN0/D3n5+OO358CnQ93xq4LmbjrfU1OPz4c1Wo6A5kJfh0z7OVSlX37FnZfy6Xw4wZM2CapmrpnEqlVBXwpm2V/X4/fD6fqq6VABoonKMrAaiEynK/tFiWfXq9XgQCAbVfACrYliDW6/UiHA7DNE1VZesOXOW85Hc5Lzm+nLu0rt70Ggu5hnLeUs0sFdbu85Tb5PHuawrk22aXlJSgtLQUnTp1UlXA0j7a5/Nh7Fnfx6Sm/miIy8xmHX/5yam4/8YzN7tWIiIiIiIiIiIior2FATAREdEudN15o/DW3y5HUchUt70w24POR16MqqpOSKVSqu2wuzJVwlf5XcJMCViB/CzeGTNmqApeCUo1TYNpmggGg6p9cjabVSGxVApLZawcU6qRpcWxPE6OL0Gou0JZKmZlDdJ+GsiHrTJjN5VKqdv8fj9MM389ZP+6rsM0TTXTWALaTCajztc9Q1kCa3fr7Gw2q7aX8Ftabcvv0mZa7pc22bZtIxaLIZPJqDnIcv6yNq/Xi5KSUnQ75vt4Y5Glgt7SSAAT7/0+rvn2UXvgFUVERERERERERES0fRgAExER7WLHDqvGl49dg/49K9Vtny1LY3XZ8Rg+YpQKMqXiVcJNCX/lfmkDLUGwbduYM2cOAoEAbNtWAa/wer2IRCLI5XJqji0AGIYB27ZVpbBUB8t8XwmCpcWzhMHS/tk929ddLQwA6XQaPp9PrUOCYffapULXXdkM5Gf9GoahQl7Zn7uiVn53z0MGoKqlZRayhLxyu4THm65JzkMqhCXwTafTiMfjqKurU224D+o/BA3dzsD0Va0tnwdXV+HLx67BqKE9d/p1QkRERERERERERLQ7MAAmIiLaDbp3LMGn//4RTh89UN22riWHN9dV44jjz2nTzlhCVwk6JRx2t3SWWcKPPPIIQqGQCjNl/q27stbn86kKWdlnPB5HOp1WxwoEAjAMA6lUSlUaSytqx3FUGCvHlWBZqm5le2m/LLODAajqZKnUlfslZM5ms/D7/dA0DcFgUIXQADYb9EpFrnsbqfQFoEJfCXtlzXJNPB4PAoGAaj0tFdgSDDuOo6qndV3HwaPPwJTkwaiPtc4ePn30QHzy0A/RpUPR7n3xEBEREREREREREe0EBsBERES7ieX3YcLt38EfrhxXEPi+PN9E2bDz0KGyo6p+lQpWoHC+rbQ/ljDY6/Xiww8/RHNzMwzDUFWw7nm7Ev4C+QrXaDSqAlhd12EYhtqf3+9XrZGlqleOqes6UqmUCoglwJVKWmndLCGvVA9nMhn4fL6CKmQJqePxODKZjGrF7PF4VMVtOp1WlbnudWQyGcTj8YIwV7aT80omk4jH4+r2TCaDQCCgKqklVNd1XVVC+/1+BAIBWJaFYDAIj8eDUDiC8iO+i1cX+NU6dF3DH68+CRNu/w78RmvFNREREREREREREdG+iAEwERHRbvaLi8bgvX9ege5VJeq2Wes8+Noai0OPPRuWZRW0YpY20NlstiAYlgDX7/dj4cKFam6uVMlKMOs4jmrxrOs6AoGAar2cyWSQSqVUWCyBrrv62N2iWu53k+NK+2RZs8/nQyqVgtfrRTKZBJCfWywBbSwWU62lpaJXAlqpQJZzBVrbR0ulrwTXQL7iV8LvsrIyWJYF0zRV0B6JRFSgLaGzPFaut7TR9vv9sCwLA44cj5VVZ2PuutawvneXMnz4wFX4+YXH7NLXBBEREREREREREdHuwgCYiIhoDzhycA/Meuqn+Mm5R7naGGt4e1kIyeqzMWzkGFXtKu2PpS2xhKwSvDqOg6lTpyIQCMA0TVW9m8vlVBWutHIGgObmZjiOA8uyYNu2Cmez2SwSiQQAFLRglhbQ0kJaKn+lIlmqe91zjKXlciAQQCqVAoCC0Nnd5lqqeCX8laDb3c5agmhp4yxhsPu85FrE43G1BmkNnUqlVMiraRpM0yxoY11cXAyv14t0Oo0+g4Yj3vNMfLC2HICm9n3deaMw8/HrcPiAbnvgFUJERERERERERES0azAAJiIi2kMsvw93XnNqm2rgNc0O3qjthu6jvouag/rA5/MBQEH7YqmClarbmTNnIhqNqgpgy7LUnFsAasau4zgwTbNgpi9QOKNXqm8leJUg2V2VLGGsPM7n86lg1l09HI1GVSicSCRUIC1/+v1+NaNY5gXLvqTauKKiQq1NKoB1XUcikVDhuHu+r7SOluDb4/GosFqCb9keyFcEZ7NZ9OpdjV6jL8W79dVYFyus+v3owatwx49Pgelny2ciIiIiIiIiIiLavzAAJiIi2sM2Vw0MAJ8utzFNOxL9R45XLZzlRwJUqarN5XJ44403VDWtzL+VEFTaJUsQCkDN5rUsS83slSrYdDqNZDKpZvJKGOs4jmoBLYGqu7JWfpdKZQmtpZIXgGoxHYvF1Mxgvz8/Y9c9d1iC7qKios3OApb9A1DrkHOQecQSVnfs2BGBQADBYBBerxc+nw/BYDB/bNNE3yNOxgzfaHyxuvA4rPolIiIiIiIiIiKi/R0DYCIior1AqoE/f+THGDm4u7o9k3XwzvIQ1nc6Df0OPwHhSERVwQJQ1bCmaeLzzz9X1brBYFC1iZYKVyAflCYSCRXISogsoa5U+QJQVb7C5/Opql5pBS2Vvl6vF5lMRv1ks9mCx0oYaxiGmk8s83YNw0A6nYbf71fVzu41yYxgdwXw5sJnCYMl9JW5xoZhoL6+HoZhIJVKqYBb1z3of8Q4RHufj/fXlCGbc9R6jz64J6Y/dg2rfomIiIiIiIiIiGi/x084iYiI9qKhB3XCB/dfhTc+nofr73kNs5esBQDEcz68u7ocwQ6nYnTXOJbMeB91dRvUrF0AiEajWLVqFaqrq1WFrLRxlvBUwmGZLezxeNSMXqnC1XUdmUxGVQobhqFaQEu1rrSGlrm/sVgMAFQQDEDtQ1pCy1pTqRSSyaQKhKXKN51OFwS8qVQKmqYhEAiguLgY8Xhc7UvWJOsFWquHJUyWqmk5Pwmre/euRoeawzBpmYGVDYXffRvYuyP+dPVJGDeiz+55gomIiIiIiIiIiIj2MFYAExER7QNOHNEHXz15HZ685Xz07lKmbo+lNby2KIjl5SfjsOPPR3lFBwBQVbCvvPIKwuFwQYtj0zRVO2j5kVm50tpZ13U4jqNCX8uyVKtkeYzM0vV4PKoiN5FIFDxWts3lcjBNE7ZtwzAMeDwe+Hw++Hw+NTvYNE1V6ZtOp9U5uANdmS8cDAYLKpPlT6n69Xg8qurXNE3V0lqOaxgGevWuxpjTv4c51rF4baGJeKb1bU9N13I8d/t3MOPxaxn+EhERERERERER0QGFFcBERET7kHPHDsGZYwbhoZc/xS0PT0TthmYAQDRp45V5HujWWBx5ZAItSz/F6pXLMWvWLCxbtgwdOnRQ4apU7UqIC7RWyTqOUxDyGoYBv9+vWklLIOtuES2tpSU4TqfTqiIYgKrgTafTqm20aZqq2jgYDKrq3tLSUnXfpm2dpb21zCk2TVMFzrJfd5tpCX8zmYwKgW3bRueuPRDqcTgmL9GQmw0AWfWYThUR/ObSsbjs1OHwePg9OCIiIiIiIiIiIjrwMAAmIiLax3g9On5w+hH4welH4KGXP8OdT72PuUvXAQBsR8MHKwNwPMfg4JEauvjW4dVXX8Wll16qqm29Xi9s24bf70c6nQaQD3IlRE2lUmoer4SumUwGhmEAgGrb7G7BLAGwew6wVOw6jgPLspBMJlULamnp7PF4kEgkAORnCksbaAl3gfycYglvbdtWM4Yty0IqlYKu68hms2r9jpOf3SsVwKWlpQgEg+jV/1AsipbgkzoftEVawTUd0KsSPzl3FC4bP3yPPIdEREREREREREREewsDYCIion3YZeOH47Lxw/Hu5wvx16c/wGsfzQWQDz+nrwamowP8vkqUT12Fs44dCA+SsG0bgUBAhbVSxSthrWEYqtWy+3b3jGCpqo3H48hms20qfyUElsdLYOtuzWxZFpqamgBAVQ+bpqmCZqlElmpj92xiwzAQDofR2Nio1iX7kZDYMAwMGX4UMpFqfLxcw5zl2HhtoK7RyUf2xTXfHoUxh/beU08ZERERERERERER0V7FAJiIiGg/cOywahw7rBoLV9bhb09/gEde+xzxZAYAkMo4eHTycjw6eTm6VIRx5amDcVifELy6oyqApY2yhLgSpEYiEcTjcQBQLaK9Xi+8Xq8Kdm3bBgAV+gL5eb0+n68gYPZ6vWr+r2EYqn1zNpuFYRgIhUIqyHUcR1UeS8Wxuw213++HZVlqW+E4DvoMGApf5QDMrAvi3XofUF94rYKWgUtOGYafnDsKvTqX7r4nhYiIiIiIiIiIiGgfpDnuT1WJiIhov9AUTeLJt7/E4298gU++Xr7ZbXp0jODMUTU4vG8lik0byUQcuVwOuVxOBb2lpaVIp9MwTVNV2zqOgw0bNiCRSKg2z6lUCj6fD0C+nXQ2m4XH41Hzf6U9tFTvGoaBWCyGuro6LF68WFUIV1VVwe/3A8jPJc7lcmhqasLatWvR0tKC5uZm1XJ63bp1WLBgAao6d0Xn6iFo8ZRjeq0OeK3Nnu9RQ3rgwhMPxbljByMSNHfPhSciIqId5v4imYyTsG1bvT/J5XIoKSnZy6skIqL9XUNDAzwej/qR0UeapkHXdQD5jlFERET7uubmZgDA9OnT2/2YoUOHAmAFMBER0X6pKGTiyjNG4MozRmBpbQMef/MLPPb6NCxcWae2WbqmGX95bpr6e5fyEMYN74pDepWiY5EPGrIqcHW3dc5ms6r9s6ZpKgSW/2CWlsxSKSx/93g88Pl80HUdlmUhm80WhM3BYBCapqkqXwBqm1wuh0QiAU3TUFFZBW+4EqmyLJzAaCy2DSyWKt9N3rkcMbAbzhk7BOcdPxQdSkK7+7ITERERERERERER7fNYAUxERHQAmbGgFk++9SWeens6Vq1v2uq2ZWE/BnYvxqE1HVDTpRidyoIIW14k4jHEYjFVkSvVvlKtEwqFVICr63pBu2jTNNW2LS0tWLhwIWpra2EYBkpLS2FZFkKhEDKZDIKhCFoSWdTHsli6pgkLaqNYsC6LaMaz1XUf0qczzhk7BBeccDA6VUR22bUjIiKi3YsVwEREtCewApiIiA4UO1MBzACYiIjoAOQ4Dr6YtwqvT5mHN6bMxaezV2B7/skf3LMM3SoslAaAyuIATC8QND0wvBqKQhY8mgPNsaFrgG3nYBgGAoEAvD4/vD4DtgNsaGjC6tq1aI4lkbF1xLMeLN+QwuyVTVhYG2v3Wg7qVoHjhlVj5ODuGHtYDSt9iYiI9lMMgImIaE9gAExERAcKBsBERES0VfXNcXzy9XJ8MW8Vps9fjS/mrcKy2oa9vazNGtCrEscc3AtHH9wLxw6rRllRYG8viYiIiHYBBsBERLQnMAAmIqIDBWcAExER0VaVRgI4aWRfnDSyr7qtKZrEtLkr8cW8Vfhy3ip8OX815i/fsF2VwjsqYPpQ07UcfbpVoE/3Chy08c/+PSth+X27/fhEREREREREREREByoGwERERN9QRSETxw6rxrHDqgtuX1sfRX1zHHVNcdQ1xVDXFEd9cxyNLQmsb4ihrjnuuj//eyqdRVlRAJGgiaKQiUjQj0jQzP89aKI0YqFDaRh9ulegT7cKdOtYvJfOmoiIiIiIiIiIiOjAxgCYiIiIClSWhlBZyjm7RERERERERERERPsjBsBERERERERERLRDPp29AvFkGkOqO6EkYu3t5RAREREREQB9by+AiIiIiIiIiIj2Px/OWIoRl92L2x+ZhHDQv7eXQ0REREREGzEAJiIiIiIiIiKi7ZLL2fjRn19En+4VeOYPF8Dr4UdMRERERET7CraAJiIiIiIiIqIDxrd+9CDe/Xwhnv/jRTjtmAEAgMff/ALfvfkZdCgJYf6E6xEO5KtVX3xvFs78xX9w7LBq/O+e7wEAVq5rQvf/u22z+37o12fj4pOHqb+/9+Vi/O7BtzFt7ioETQOnjuqHP1xxIipKgmqbTfen6xq6Vhbj1KP64XeXH1/QNvl7t03Aw698BgD46MGrccTAbuq+ZCqLinG/QzyZQa/OpVgw4YY265u1eC0GX3AndF3Dqld/jQ4loc2ex+tT5uLWhyfiq0W1qCgJ4YTDD8KtV4xDWVFAbXPrvyfitw+8jR+fcyTuunZ8wePlvBetqkPQNHD9va9t9byn/OtqHD4gfy6NLQmUHf876LqGzEd/3Oz6RM1Zf8LiVfUAAMvvw+DqKvzswmNwxuiBBdvJ87s5L91xMU45qp9aTyRoouGdm7d63E05joO/Pv0h7n/hE6xY14ieVaX47snDcO15owqC7/CYXyOezGDVq79Gx7IwAOBfL3+KH9z+PM4YPRDP3f6dNtcG2PprwnEc3PPcFDz44lQsXLkBJWELZ4wehFuvOAHF4cKW20trG/DL+97AO58tQCZrY+Tg7vjDFeMw9KBO23W+RERERLT/49cziYiIiIiIiOgbYV1DFHc8Nrld2+q6hpGDuxf8VJaG1f1vT52P43/0IN7/cglKwhbiqQweevkzHH3FPxCNp7a4v+H9uqKuKY57n5uC8296covH/++krwr+/tbUeYgnM1td87PvzAAA2LaD5zd5vNrv5K8x/mePYOqs5ejSoRixRBoPvDgVx119P9KZ3Fb3D2z/eQPAz+9+bZv73ZohNVXoUVWCT2evwNk3PoY7n/pgs9uVRKw2z1lpJLDZbbfHdX99BT+7+1UsW9OA3p3LsGxNA37x99fxoz+/uFP7bc9r4paHJ+Lau17GwpUbcGjfLrAdB//478c4+bqH4TiO2q52QzNGXn4vnnlnBmzHQcD04c2P5+HoK/6B6fNX79Q6iYiIiGj/wwCYiIiIiIiIiL4x7nzqA6xe37zN7UKWHx/cf1XBz4kj+qj7f/jnF5HN2bjjx6dg2Uu/xJrXf4MjB/fA/OXr8Zcn39/i/qb862p8/eR1sPw+vD11Ppavadzs8V947+uCv7/43qxtrvm5d2dC0zQArWGwm207uObOl+E4Dp6+9QLMeeZnWPHyr3DssGp8tWgN/vPGtG0eY3vPGwA+mrm0Xevfkod/fQ6+fuqneP+fV8L0e/HL+95QlcFuo4b0bPOcjRzcfYePCwDzlq3HPc9NQSRoYuYT12HmE9dhwYQbUF4cxAMvTsWCFRt2eN/teU088OJUAMCbf7scHz5wFRZMuAGdK4rwydfLMeWrZWq7mx54G2vrozjtmAFY8/pNWPXqr3HdeaMQS6Rx7V9f3vELQERERET7JQbARERERERERPSNoOsaEqkMbnrgrZ3az/T5q7FoZR0qS0P4yTlHAsi3KL7p8rEAgGcnztzq47tWFqO6SxkAYMW6tgHwwX06YfGqesxYUAsAyOZsvPLhbBzSp/MW9zlzYS3mLVuPUUN7oKZrOT6YvhS1GwqD7s/nrsSq9U3o2akUZx83GABg+Dy4+qyROKx/V6ypa9nl5y2B9C/+/jqyOXur+9+WkYO744ITDkYmm8MTb325U/tqr5c+mAXHcXDmmIGo6VoOAOhYFsYVpx+Bw/p33akA2G1Lrwmp8m1sSQAAwgE/JvzxO3jpjovRq1MpgHyw/9/J+S8M/P77J6i21Ddd/i2Yfi/e/3IJ1tZHd8k6iYiIiGj/wACYiIiIiIiIiL4RvnVYDbp1LMYjr03DV4vW7PB+5i1fDwDo37MSHtcM2EG9qwAA85evL2jPu6llaxqwcGUdAKgQz+2kEX0BAC9MzrdxnvzFIjQ0JwoqkDf13Mbw9aSR/XDqUf3gOA4mbNIGeuHGsFKCRnHaMQPw8UM/xK8vOW6L+wd27LzDAT/OOW4wFqzYgPtf+GSr+2+PQ/p0AQDMXLBn2hovWpF/nnp3KS+4/ebvH4+PH/ohThrZd5ccZ0uvie+fdjgA4MxfPIazb3wMEz9biMP6d8UpR/VDVXkEALC+MYbGlgQ8Hh39e3ZQjw0H/OjesQRAvpKZiIiIiL45GAATERERERER0TeC3+fFrVeMg+M4uP6erc+lbY4l4Rlxg/rpefrt6r6maBIAUBy2Ch5TGsn/3bYdtGwyDzeaSGHUD+7DyMv/jkHn34lEKoNLTx2uQjy3gdVV6FpZrKo6X5ycb598QjsC4FOO6odTRvXP3/ZOYUWurL12Xs4AACAASURBVCkc8G/13LdkR84bAG676kT4vB78/qF30Bzb/Jzg9iorys/0rW9OtLnv5Q9mFzxnl9zy7E4dC9j5a7Y17XlN/ObSsfjt5d+C3/Dgv5O/xvE/fhCHfvdvBYFuUzR/LSJBv6q4FjIDuTHa9noRERER0YHLu7cXQERERERERES0p5x//FD89akP8PbU+ejduWyL2+m6hqOG9FB/71gaVr9HgiaA1ra8omHj33VdQ8gqDAxt28GUma0zW08+si/u/8WZmz12PJnGGaMH4m/PfIh5y9bjxfdn4eA+nVDpWoPbl/NWY8GKDejZqRT9enRATddyFIctfDRzKVatb0LniiIA+XbNABBNpLd43luzI+cNAD07leKHZ4/EXU99gP/32OQdOraoa4oDaA2d3TqUhDCsXxf19yE1nXbqWID7mu1ccL057XlN6LqGmy4bi6vPGon/vD4N9z0/BdPnr8aJ1z6Er5/8KQKmTz0vzbEUHMcpCIHluSkKmbt8/URERES072IFMBERERERERF9Y2iahjt+fDIA4IGXpm5xu5Dlx6T7rlA/T916gbqvT7cKAMCsxWuRc821/XpjW+nencug64WVmJGgidzHf8Lnj/wEAPDRzGWIJzcfxMaTGZx57CAA+dm5tRuaceaYwYhtIbh9buIMAMCS1fXwjLgB/qNuVCHtcxNb20BXb2xjvHhVXcHj3/h4Hk6//lHc89xHW7weO3re4lcXH4fisLXVa94eX8xbCQAY2Ltjm/uOGNgNr/zlEvVzzbeP2qljAUDvje2yl6yqL7j9jsffw+nXP4pJ0xap26RKOJHKqNvkd3NjkOy2rdfE0toG3Pyv/+Gf//0EZUUBXHveKHz95E/Ru0sZltU2YMpXSwHkg+/isIVczsbsJevU46PxFJbVNgAAajZpYU1EREREBzYGwERERERERET0jTL6kN445ah+BSHm9ji4TyfUdC3HuoYo7nluCgAglc7iD/9+FwBw1sbwdkuPHTu8Bo0tCfxzCzNx05kcRg7qjqryCF7+YLbaZyab2+z2z72bb/V8aN8uGDm4O0YO7o4hNfm5vM++M0NtN7x/F1SUBLFwZR1e/XCOWvefH38PL38wGxo2H97uivMuiVj41SXH7fA1B4BPvl6OJ976Eh6PjvOOH7rD+9kepxzVDwDw38lfY9mafJi6en0z7nh8Ml7+YDYqioNqWwmlX3gv37I7l7Px+kdzAQADelVu8Rhbek3omobfP/QOfnb3q+rYXo8Ovy/f0E+eL13XcNaY/LX/3YNvq2t8+6OTkEhlMGJQd3SqaNtqnIiIiIgOXGwBTURERERERETfOH+6+iS88fG8HQ4k//7z03HStQ/hp397Bfc8+yEao0k0tiTQs1Mpfn7h6K0+9vrvjMY7ny3AXU99gB+dfST8RtuPZzRNwxmjB+LvE6ZgUO+OqOlajs/nrGyz3bS5K7F4VT1KIwF8/K+r4fHkv+sfS6RRMe5mTJ21HMvXNKJbx2L4vB78vx+ejEtueRanXf8oDupWjrqmODY0xtCnewUuPXX4bj3vH541EvdNmIIlq+u3ut2mvnfbBGSyOcxasha27eAPV47DQRurkd0+nLEUY676Z8Ftt/xgXEEr72gi1Wab2648ESMGdd/ssQdXV+Hik4fhkdc+R79z/4yaruVYtLIOiVQGF447pKAS+VeXHIeJny3Ez+9+FY+9Pg2N0QSWr2lEh5IQLjv1sK2e4+ZeE906FuOy8cPx0MufYdD5d+KQPp2xcl0TlqyuR6/OpThiYDf1+Ju/fzxemzIX/538NapOvgUB08CKtY0w/V7cec2pWz02ERERER14WAFMRERERERERN84fXt0wOXjtx7Kbc1xw6vxzr3fx+hDemN9Yww+r46LTx6GDx+4apvzVo8bXo1D+3bBmroWPPLa51vc7qxjBwMAztz45+Y8NzFf/XvSyL4q/AWAoGVg7PBqAMCzE1urgC866VA8ecv5GNS7I5asrofl9+Gy8cMx+R9XIGC2bVO8K8/b8HnwhyvHbfMYm/pi3iosXFmHQ/t2wdO3XoBfXDRms9vVN8fx/pdLCn42NMYKtrFtp802Mld4S+6/8UzcdNlYVJaGsGDFBnTrWIxbrxiHB395VsF2xxzcC2/dfTmOHNwDS2sb0NCcwPhR/fH+/VeioiS4hb3nbek18Y/rz8Bd145Hz06l+HT2CsSTaZw7dgjevvt7CFqG2q5jWRhTHrxaVUY3tiTwrcNq8N4/rsRh/btu9dhEREREdODRHMdx9vYiiIiIiIiIiOjAJh8/2LYNx3Fg2zZs20Yul1M/JSUle3mVRES0v2toaIDH41E/uq5D13VomgZdz39RRtO23vKeiIhoX9Dc3AwAmD59ersfM3Ro/guBrAAmIiIiIiIiIiIiIiIiIjpAMAAmIiIiIiIiIiIiIiIiIjpAMAAmIiIiIiIiIiIiIiIiIjpAMAAmIqIDxq3/ngjPiBvUT8nY3+LoH/wDT73d/hkJu1s6k8Pwi+9Gp5Nvwdyl63bZfucsXYeqk27B4Zfeg0w21+b+J9/6Ep4RN6Db+Nuwen3zLjvu/uo3978Fz4gbMOaqf+7tpRARERERERERERHtUgyAiYjogKTrGppjSXw0cyku/O1T+N5tE/b2kgAALfEUpi9YjbX1Ucxbvn6X7XfesvVY1xDFF/NWoTmWanPMn9/zGoKWgVf+cgk6VUR22XGJiIiIiIiIiIiIaN/i3dsLICIi2tV6dS7Fggk3YENjDI++Pg2/+PvrePiVzzBqaE9cdNKhe21d2ZyNsqIA/nfP97C2Porxo/rvsn2PH9Ufj998HjpXFKGsKFBw36zFa3HRiYfihBEHYUhN1S475r4om7Ph9fD7bURERERERERERPTNxQCYiIgOWOXFQfz0/KMxe/FaPPLa57jrqQ8KAuD7nv8Y9z73EZasrkdVeQSXjz8Mv7hoDHRdAwBM/mIRbrr/bcxYWIug6cOooT3xhytPRHWXMgD5ds6/e/BtPP7ml6hrjuGgrhW44aIx+Pa3hgAAep5+O5avacRvLj0OT749HYlUBkteuBHHXf0AAKCyNITRh/RW29343TF47aO5mLd8Pfr16IB7f3YaRgzqrtb76OvT8OfH38PClRvQpUMRLhx3CG787rEwfB68O20hLvztUwCA3Md/AgDYtoO7nv4AD744FcvWNOCZiTNwySnDceN3x8Dr0fH1ojUYcuFd8Hp0/PdP38X1976GpbX1GFrTCf/61dno16PDZq9rcyyJn9z5Ml6Y/DXCQT++93+H45l3ZmDu0nV46+7LMXZ4zTav773PTcFP7nwJY4fXYMyw3rjn2Y8QT2Yw7oiDcP+NZyISNAEA8WQGv7n/TTzzzkzUNcXQr0cH3HTZt3DaMQO2eI1XvPwrNDQncNMDb+G/k79GUzSJvj0q8KuLj8PpowfumhcXERERERERERER0T6KJTJERHTAO2PMIADAzIW1WN8QAwD87sG38aM/v4h5y9bD8HmxrLYBv7n/LfzxP5MAADMW1OLEax7CRzOX4uCDOiEc8GPCu1/huKvvR1M0CQC45JZn8KfHJmPV+ibomoaZC2txwU1P4vlJXxUc/5aHJ2LRyjromrbVdd7+6CTEk2kETB+mz1+Nk697WB3rgRen4tJbnsXsJWvh0XUsXlWP3z/0Dn5296tb3N81d72M6+95DQtWbIBH17GstgG/e/BtXPfXVwq2y+ZsnH7Do1iyuh7JVBaffL18qy2zf3D78/jP69PQEk9hfUMMN//rf23mGW/r+opJXyzCr/7xJhpaEmiOJfHsxJn4f49NBgA4joNTfvow/vr0h1hT1wKf14MZC2px5i/+g49mLt3iNXYcBydf9zDue/5jZHM2elSV4Mt5q3HWjY9h8heLtvocEBEREREREREREe3vGAATEdEBr0uHIvX7qvVNWN8Qw22P5oPI5/94EZom/h6v3nkpAOD2R99FNmfjlQ9nI53J4eQj+2LyP67A9MevxZCaKgRMAzMX1mLW4rV4+n8zAABv/u1ytEy6FT+/8BgAwN3PfFhw/P49K/H6XZfhzb9dvtV1/uyCYzDvuesx79nrUVESRFM0iX+/+jls28FvH3gbAPDLi49FdPKtar3/fOETpDO5Nvtasroef58wBQDw0K/PRnTyrXji9+cDAP4+YQrmbBLYPnDjmYhNvhUP/vIsAMDHXy1DKp1ts9+FK+vw7MSZAIC7rh2PxPt/aHNe7bm+IuD3YdqjP0Fs8q2qOnvStHxI+9L7s/He/2fvvqOjLN42jn93NyQkpBcCAYL03ruE3psIgmChCSgdEYOhK72JIL0jAWmCSDGIdA2gFEEBAemdAElIJWV33z/ysj9jCAQF0Xh9ztlDnnmm3DPZHHL2zsxz5Dwero6cWTuIqJ2jGfRmbQBGL9qeaszfr/GR09c4+OsVTCYjhz/rz/GVA6lToQAAK785mt7yi4iIiIiIiIiIiGQKOgJaREQyvT9uvN195Bxms4Usdia2hP7KltBfbffi7idx4Xo4Rfx9ANh+8CwfzPyaepUK8v383jhlzQLAnPX7Acjn50mDyilHHg94rSYv5PTE2ck+1XgD36hJo6qFAVIlP/+oWL6UI5e93Jxo+mJRPttymF/O3uD05duERcQA8PbLVQBoUq0Ic4NewWy2cD8xKU1fOw+lJFF9PZ3p3KwiAO0blGHE/G84d/Uue386T/XSL9jqN69eDIPBQI2y+Wxlt8Jj8M/hnqrfI6evAeDh6kifNi9iMBhs83+S9X0gj687ZQv7AfBi6RdY9vVhbt6NBmD7j78B4OLkwPjPdgLY7h0/fyvVmL9fY4Ck0AkAmM0WbkfEUiiPN7sOn+NKWGSatRIRERERERERERHJTJQAFhGRTO/SzQjb134+rnx/LOX44KRkM4s3HUxTPywihrb1SnPi/E0mBu9myoo9TFmxB2cnB0a/04h+r1YnMjrlaGZPVydbO19PZ3q0rvpUYvZwcQTgVng0kdHxtvLfj9e9ZeV029+OTEkY5/R2TVWe08uFc1fvcjXs3kPbGX6XLbdYrWnu3wpPScDm8nGzPSs5bZ2UsR+1vg8fO/W4D8a6fDMyTT/p9fHAV3tPMGrRdn4+ewOL5X/zeMiURERERERERERERDIVJYBFRCTTW7cz5Zm8xfP5kt3DGTfnrAA4OmTh7rYPcbB/+H+HH3ZvyMA3avHNgTNs2HOclduOMuCTjQSUecGWoA2PirPVj09I4tzVu2SxM1Ekr89fivn67SgAfD1dbGM9GC+bY8oO45MXbmGxWCnsn3asB4niPyZKr99J6dfjd4nkJ5HTKyWhHBYeg9VqTZUwfiAj6/vT6euPHetBP3UqFGD7zLczHOOx327QdshyrFYrI7o2oHyRXCzdfJD1u49nuA8RERERERERERGRfys9A1hERDKtiKh4pqzYw4pvfgKgf/sAAGqVy4/RaCA+IYkPZn6N2WwhMcnM8HnfsPb/n2/batBneNQfybwvD9CmbimWf/QaeXN6AHD+WrjtqOQL18PZfSTluOUZa0Mp8+YnvDZ8xZ+Kd9ehcyQlmzl/LZytB84AUKawH4X9ffDxyAbAks2HAPjx5BVKvT6Vsh2mEROfkKav2uXzAymJ5M//f/7rdx/n/LWU45frlC/wp2IsXyQXBoOBsIgYFv3/rtwH838gI+ubEXUqFgRSngn84LnDd+/F8frwzzl79W667UJ/vojZbCGPrztDO9elSbUimC3a+isiIiIiIiIiIiL/DdoBLCIimc75a+E41hxCYpLZVvZm4/J0eynlyGT/HO68/3otJi3fzYy1oSzc+COQsoO32AvZaVO3FG82Kc/G704yeHYI3xw4w72Y+1y6EYGHqyM1yubD19OZtvVKs3bHz9TrPR8356zci0k5Frpfu4A/FffyrUf4YtfPJCaZsViseLo60aV5RYxGAyO7NaDP5A18tPBbPln5HdFxKUnfDk3KpzoW+oHC/j50fakSizYepMOHq+g16Utbm9calqVcET+On7v5xDHmz+XJaw3L8vk3P/HO+HW8O3Uj8Qmpn0GckfXNiHb1yzBv/QFCf77Ia8NW0GPCOmLiEzGbLXi4OjIrsNVD21UomguASzciyNV8DBarlTuRsQAkJCU/8ZxFRERERERERERE/k20A1hERDKlxCQzLk4OVC3pz+Lhr/LZyHap7o/v3YQ5H7SmZIEcJJstOGXNwpuNy7N1ejcMBgOv1CnF6rFvUq5wLkJ/vsjFG+G0CCjOzlnv4OvpDMBnI9oR+GYt/HxcibufktycP7gNnZtV/FMx92n7IqUK5MQ+i4nyRXLx9Sdv4eLkAEDP1tVYOLQtxV7ITnxCEjm8XAh8sxZzBrVOt785g1rz0dsNeSGnB/EJSeTxdWdYl3osGf7qn4rvgdmDWtGpWQWcnRzwcHVk1DuNbPey2mcBHr++GWFnMrJ1ejfef6MWeXzdiY1PJHd2N4Z0rsuUfs3TbVelhD9LR7SjUB5vYuITKF0wJx+93RCAM5fv/IWZi4iIiPzP3bt3CQgIYPLkyc87FBERERERkVQMVqtVZyKKiIg8R/lajefyzUgWDWv7p5PHf6fLNyM5cOIyr9YrDcDiTQfpPu4LTCYj1zYNsx1XLSIiIvJ7Dz5+sFgsWK1WLBYLFosFs9lse3l4ePzlcWrWrInFYklVVrlyZaZOnfrQ+haLhSVLlpAvXz7q1q2b4XHu3r1Ly5YtadmyJYGBgX863vnz57Ns2bJUZX5+fqxZs+ZP9yki8l8WERGByWSyvYxGI0ajEYPBgNGYsh8qo3+YLCIi8jxFRUUBcPTo0Qy3KVu2LKAjoEVEROQJ9Zq0npD9p3l73Bdkc7Tn5t3olPLW1ZT8FRERkX8Eb29v6tevb7vOmzdvunWtVitLliyhVq1aT5QAfpqaN29OUFDQcxnbYrHYEiIiIiIiIpI56Dd8EREReSKzB7WmY9MKONjbEREdT/F8vkzp15yP+6d/LLOIiIjI3ylnzpz06dPH9mrRogVWq5XZs2fTvHlzGjduzKhRo4iLi6Np06YA7Nmzh549ewJw8OBBOnbsSN26denWrRunTp0C4NatW/Tq1YtGjRoxa9asVGNevHiR3r17U7duXTp06MC+ffts97p06fKnErxNmzZl1apVtGnThubNm7Nt27aH1vvxxx95/fXXadCgAUFBQURGRgJQv359bty4AUBcXBwBAQHExcWxbt06evXqRadOnRgzZgwAX331FS+//DJNmjRhwoQJmM1mAI4fP07nzp1p2LAhAwYM4NatW088DxERERER+XspASwiIvKcXfhyMOb9E/8Vxz8D+OdwZ8nwV7kVMoK4PWP55fP3GPBaDUwm/VohIiIi/wyJiYlcvXrV9kpOTmbPnj18/vnn1KpVi/bt27Nt2zaWLl3KBx98AEDx4sXp2rUrsbGxDBkyhOTkZHr37s2lS5cYO3YsAJMnT+bnn3+mbt26tsQqQHJyMoGBgZw5c4bWrVtjNpsZMmQIFy9eBCBr1qzY29v/qbmcOXOGZcuW0b9/fz799NM09yMjIxk+fDj9+vVjy5Yt+Pj4MHPmzMf2e/HiRYKCghg8eDBhYWHMmjWLOXPmsGbNGs6ePUtISAjR0dEMGjSIjh07snnzZkqVKsXQoUPR08RERERERP7ZdAS0iIiIiIiIiGQqp0+fpn379rbrVatWER8fD4CrqytNmjShUqVKuLi4kCtXLgB8fHyoWLEiMTExDBkyBH9/fwoUKMC+ffv44YcfSEhI4Mcff6RixYp88MEHhIWF0bp1awB++eUXbty4Qbdu3ejcuTP169enW7du7Nq1iy5dujBnzpxHxrt582Y2b95sux43bhw1a9YEoGPHjjg5OREQEMBHH31EXFwcTk5Otro//vgjRYoUoWrVqgC89dZbqXYfp6dixYoUK1YMgCxZsmC1Wrl06RKVKlVi2rRpGAwGQkNDyZMnj+1o7E6dOrFu3TouXrxIvnz5HjuGiIiIiIg8H0oAi4iIiIiIiEim4u/vT/fu3W3XXl5eNGjQgGPHjrFy5UqCg4MpWrQoH374YZq2zs7OREdHM2bMGMLCwoiJiQHg3r17WCwW/Pz8ADCZTLY2ERERALZ7D/79/S7hR3nUM4ANBkOq8R4czfxAZGQk3t7etmsPDw+aNWuWoXF/32b8+PEsWbKEUaNGUbduXfr06UNERAQ5cuSw1TOZTPj4+HDr1i0lgEVERERE/sF0VqOIiIiIiIiIZCpubm7UqVPH9nJ0dOTixYvUq1ePLVu2MHToUM6cOcPChQvTtD19+jSTJk2icOHCzJ07l0qVKgEpO4dNJhPh4eFp2vj6+gJw8+ZNAK5fv56q/Fny8fHhzp07tuu4uDh++eUXAOzs7LBYLI/tIyIiAj8/P2bNmsXKlSu5fPkyX375JdmzZycsLMxWz2w2c/v2bTw8PJ7+RERERERE5KnRDmARERERERERyVRu3ryZ6tjlPHnyEB4ezvz58+nUqRM+Pj5YLBacnZ0xmUw4OTlx9OhRPv/8c4oWLQqk7N7dsWMHx48ft/VTrVo19u/fT3BwMKdPn7aVFy1aFH9/f5YvX05UVBQ//PADJpOJ+vXrA9CrVy+yZ8/+0B3Hf1XFihWZPHkyhw4doly5cixdupRbt25RqlQpcufOTWhoKE2aNGH16tXp9vHbb78xceJE5syZg4eHB9myZSMpKYkqVarw8ccfs2fPHqpXr87KlSvx9PSkcOHCT30eIiIiIiLy9CgBLCIiIiIiIiKZyu3bt1mxYoXtukKFCkydOpWoqCjWrVuHxWKhVq1atmOiu3TpwpIlSzhw4ACvvfYar7zyCiEhIURERFCmTBlCQ0MJCwtjwIABREVFERwcTO3atbGzS/lYxWQyMXHiRCZPnsxXX32Fr68vY8eOJW/evEDKrty4uLh04/3jM4A9PDzYtGlThubq4uLC2LFjmTZtGtevX6dy5coMHToUSEk8jxs3jiVLltCkSZN0+6hcuTJt27blrbfeIjk52Xbt6OjIlClTmDJlCmPGjKFw4cKMHz/ediy1iIiIiIj8MxmsVqv1eQchIiIiIiIiIpnbg48fLBYLVqsVi8WCxWLBbDbbXjpaWERE/qqIiAhMJpPtZTQaMRqNGAwGjMaUJyLqD1lEROTfICoqCoCjR49muE3ZsmUBPQNYRERERERERERERERERCTTUAJYRERERERERERERERERCSTUAJYRERERERERERERERERCSTUAJYRERERERERERERERERCSTUAJYRERERERERERERERERCSTUAJYRERERERERERERERERCSTUAJYRERERERERERERERERCSTUAJYRERERERERERERERERCSTUAJYRERERERERERERERERCSTsHveAYiIiDwNYWFhtG7d+pF1AgICmDBhwt8Sz6VLl3jjjTeYOHEi1atXf+r9d+7cmUKFCjF06NCn3vd/zfTp09m7dy/r1q173qGIiIiIiIiIiIiI/GVKAIuISKbg7u7OxIkTbde7d+8mJCSEsWPHYmeX8t+dl5fXUxlr06ZNTJw4kZCQEFxcXJ5KnyIiIiIiIiIiIiIiT4MSwCIikinY29un2ml7/vx5AKpVq4a9vf3zCus/w2q1AmAwGJ5zJE9XZp2XiIiIiIiIiIiIZF5KAIuIyH9OZGQkn376Kfv27QOgdu3a9OvXDycnJwAuX77MjBkz+Pnnn8mSJQtVqlShd+/eeHp60rRpU6KiogBo0qQJDRs2ZMSIEemOdenSJVauXMmJEyfw9PSkc+fOtGjRwnbfbDazdOlSvv76a8LDw8mfPz/du3enatWqtjpRUVFMmTKF0NBQHB0defnll22JSYCRI0dy9OhRNmzYYEtU7t69m2HDhrFw4UKKFi2aJq6EhATmzp3Ljh07uH//PsWKFaNPnz4UKlQIgKCgIO7du8ecOXNsbYKDg1m8eDG7du0CoEWLFlStWpXr169z/PhxFi5cSKFChThw4AALFy7kwoULuLu707RpUzp37ozJZMrwnP9oxIgRREdHU6hQIXbs2EFERASVK1dm0KBBeHp6AinJ2rVr17JhwwZu3LiBl5cXzZs3p1OnTrZ1sVgsLFiwgI0bN5KQkED16tXJkiVLqrHSm9eZM2eYOXMmJ06cwM3NjTZt2vD666+nG7OIiIiIiIiIiIjI82B83gGIiIj8nRITE+nbty8nTpxg0KBB9O3bl++//57x48cDkJyczIABA4iOjmbkyJH06dOHQ4cO2Z61O2fOHLp27QrA3Llz6dGjxyPHW7JkCVWqVGH48OEULFiQiRMncuTIEdv98ePHs2LFCtq0acPo0aPJmTMngYGB/PDDD7Y6o0ePZt++fXTt2pWBAwdy4sQJzp07Z7vfqFEj7t69y/Hjx21loaGh5MqV66HJX0hJqG7dupW33nqLDz/8EKPRSL9+/bh9+/YTrWdISAhFihRh5MiR5MiRg/PnzxMUFESBAgWYMGECrVu3ZtmyZSxatOiJ5vwwBw8eJDExkcmTJzNy5EiOHz/OqFGjbPdXrlzJnDlzaNGiBVOnTuX1119n2bJlrF+/3lZn1apVBAcHU79+fYYPH46bmxtbt2597LwuX75M7969yZIlC6NGjeKll15i7ty5qfoWERERERERERER+SfQDmAREflPCQkJ4eLFiyxbtox8+fIBYGdnx+jRo7l58yZxcXHcunWLwMBA245UFxcX1q5dS1xcHHnz5sXb2xuAvHnz4uLigtlsxmw228Z48MxhgB49evDKK68AKTuN33zzTVatWkX58uU5f/48W7duJTAwkJYtWwJQvXp1evXqxdy5c6lSpQpnz55l//79BAUF0bx5cwBq1KjBq6++ahujSpUquLu7s3fvXkqVKoXVauXAgQO0aNECdGSTxwAAIABJREFUq9VKUlKSra7JZOLMmTOEhoYyduxYatWqBUCFChVo1aoVO3bsoH379hlezwYNGtCvXz/b9bZt20hOTua9997DwcGBSpUqkZyczK1btwAyNOfExERbfwaDwbZDN2/evLz77rsA5M+fn+TkZEaOHMlvv/1GoUKFqFixImXKlKFEiRIAlCtXjh9//JF9+/bxyiuvYDab+fzzz2nUqBEDBgwAoFatWkRGRnLixIlHzuvjjz/G1dWV8ePH244bv3nzJitXrqR169YZXi8RERERERERERGRZ00JYBER+U85dOgQL7zwArly5bIlGkuVKgXAqVOnqFKlCp6ensyfP5+4uDgqVapE9erVUz1f+I9Wr17N7NmzbdfDhw+37bzNkSOHrdxoNBIQEMD27dttsUBKsvEBg8FAo0aNmDJlCtHR0Zw6dQpISR4/YGdnh6urq+3aZDJRt25d9uzZQ+/evTl58iQRERHUr1+f06dP061bN1vd5s2bkzdvXgBefPFFW7mDgwOLFy9+4ucle3l5pbouVqwYRqORMWPG0LJlS0qXLk2nTp1s9zMy51atWnH//n0A/Pz8WLNmDQBZs2ZNNVa1atUAOHv2LIUKFaJw4cJ8//33vPvuu1y5coWYmBju379PkSJFALh16xaRkZGp1vJhc3hY2aFDh2ztHrxvSpcuzebNm7l37x5ubm4ZWS4RERERERERERGRZ04JYBER+U+JiIjgwoUL1K1bN829qKgoHB0dmTt3LosWLWLy5MnExsZSsWJFevfuTYECBR7aZ+PGjSlfvrzt2s/Pj4iIiIfWdXV1JTw8HEh5FrGjo6Pt2cMPPHimbVRUFBEREdjb2+Ps7PzIeTVq1Ij169dz9uxZ9u3bR758+cifPz/3799n4cKFtnru7u589dVXODs7p3n27e+T1X9W8eLFmTZtGsHBwQQGBmIymWjQoAE9evTAzc0tQ3OePXs2FosF4JEJaScnJ0wmk22tt23bxpgxY3jrrbfo2bMnrq6ufPLJJ0RGRgLY1v3BWBlltVqJjIxkw4YNbNiwIc39qKgoJYBFRERERERERETkH0MJYBER+U9xdHSkcOHCDBw4MM09Pz8/27/Dhw/HYrFw8uRJZs6cSd++ffniiy/SJC4hJaH4x6RiegngyMhIPDw8AHBzcyM+Pp6EhAQcHBxsde7evQukJIs9PT1JTEwkMTHxkcnQEiVKkCtXLvbs2UNoaCj16tUDUnbN/vE5wC4uLsTGxpKcnJzquOrfMxgMWK3WdMd7lPLly1O+fHkSEhI4cOAAU6dO5ebNm3zyyScZmnOuXLkyNE5kZCRms9m2nhs2bKBOnTp07tzZVuf3u4YffI9iYmKeaD4Gg4GsWbNSv359WrRokea+r6/vE/UnIiIi8sDevXsZMmQIAwcOpFWrVs87HBERERERySSMzzsAERGRv1OZMmW4evUqOXLkoESJErZXzpw58fDwICQkhDfffJO4uDiMRiMlS5akU6dOREVFcfPmTSAlIZhRN27csH1ttVrZt28fhQsXBlKeUQuwa9euVG127NhBoUKFcHFxoVixYsD/jk5+0E9cXFyasRo0aMCWLVs4e/Ys9evXTzem3z8n+AGz2UzXrl1ZtWoVkHIE8u3bt1O1e5CkfZSpU6cydOhQIOVY6Vq1atGoUSNOnz6d4TmnJzY2NlVSeu/evQAUKlQIgOjo6FTfm8TERM6dO2e79vX1xcPDI9VaPuj3ccqUKcP58+cpVqyY7T1TrFgxcuXK9cTHZouIiMizZbVaWbZsGa1bt6Z+/fp0796dgwcPPrbd4cOHWbRoUbp/yPe0JSUlMX/+fFq1avVUkr+Bn36NV8NRXLl17ylE9z/TVoXSfdz6p9afS52RXA3LeIzbD57FVG0IjjWH41hzOLlbjKf7uPXcuBNtqzN83jayVB9qq5Oj6VjeGf8lsfGJtjonzt/i5cBgPOp/hHPtkVR5axZf7Dz+1OYlIiIiIvJPoh3AIiLyn9KyZUs2bNhA//796dSpE15eXuzdu5evv/6aNWvWUK5cOVsSs127dpjNZpYtW4aPjw/+/v7A/3Z8rlu3jkqVKlGiRIl0x5s/fz7x8fHkypWLbdu2cfnyZQYNGgRA4cKFqVu3LlOnTiUmJoY8efKwbds2jh07xpQpUwDInz8/1atXZ8qUKbz//vvkyJGDtWvXcv36dcqUKZNqrEaNGrF06VKKFClC7ty5042pVKlSVKpUiQkTJtCjRw98fX3ZsGEDV65coVatWgBUqlSJDRs2MG3aNMqXL8/x48dZv349JpPpketbvnx5hg0bxqeffkpAQAC3b99m69atVKxYMcNzTs/Vq1cZNWoUzZo148qVK8yePZtKlSpRsGBBAKpWrcqaNWvImzcvOXLkYP369Vy6dIl8+fIBKc9KfuONN5g3bx5+fn6ULVuWQ4cO8c033+Dt7f3Isbt27UqvXr0YPHgwLVu2xGAwsHbtWmJjY5k3b94j24qIiMjfa9GiRbbfiapUqcL+/fsJDAxk4cKFtt8bHubw4cMsW7aMOnXq2E4YeVbMZjNZsmRh+fLlT6k/C5u+P0Xgm7VYvvUnBneq/VT6fRbOrQ/E2y3bE7XJn8uT3754H4vFyvnr4Yxbuotq3WZz+LO+eLmlnNDTuVkFFgxpDcDNu9G8NnwVoxbtYGKfJpy/Fk6Nd+bRs3UVpg9sgauTA9t+/I0eE78k9n4inZqWf9TwIiIiIiL/OkoAi4jIf4qLiwuzZ89m5syZTJkyheTkZIoWLcrHH3+Mu7s7ANOnT2fOnDkMHToUe3t7SpUqxeDBg23HJVeoUIG6desSHBxMWFjYIxPAAwYMYPPmzZw8eRJPT08GDx5M2bJlbfeHDx/OggULCA4OJjo6mgIFCjBlyhSqVKliqzN06FAmT57M8OHDcXNzo379+pQqVSrNWHny5MHT09N2/POjjB07ltmzZzNnzhzi4+MpWbIks2bNImfOnADUrFmTTp06sXnzZjZu3EjZsmVp27Yt69c/evdH7dq1GTZsGCtWrGD9+vW4ublRs2ZNevTo8URzfpiCBQvi4+PDhx9+SFxcHJUrV7Yl0yElSRsXF8fatWuxWq00atSIgIAA9uzZYzvuul27dkRFRbFgwQIgZUdyixYt2L9//yPHLl68OJ9++ilz585l2LBhODg4ULlyZQYPHvzIdiIiIvL3SkxMZM2aNeTJk4f58+djMpk4deoU3bp14+uvv6Zfv36sWbOGlStXEhMTQ4UKFQgKCmLbtm0sW7YMgI4dO/LJJ59QsmRJpk2bxq5du3BxceGNN96gdeuUBOPGjRtZvHix7cSYnTt3snDhQooUKcKyZctYt24dSUlJBAQE8O6775ItWzYmT57MV199RbNmzdi5cyfTpk3jnXfeoVu3bnTu3JmDBw8yY8YMrl69Sv78+Xn//fcpWrQou3fvZty4cXz88ccP/R0QYOuBM1QtmYcOTcrRuP/iVAngE+dv0X3ceq6E3SO/nydLR7Qln58HB09epdekDUREx5PVPgsz3n+JOhXycz8hma5jvyD050vk8XWnfBE/W1/RcQn0mbyRA8cvk8XORJ+21ejROuV3OM8Goxj9TkM27DnB2at3+eTd5mwJPcXxc7fIYmfk60+64OxkT4HWk/l19Xvk8nFl4PSv+WrvSSxWK7XL52fBkNbYmdI/rM5oNFAwtxeLh7Whbu8FTF8Vyqh3GqSpl8PLhf7tqjN68Q4Axn+2m0ZVCjG2ZyNbnXb1S2OxWHn/06/p0LgcRmPGT/kREREREfmnUwJYREQypQ4dOtChQ4eH3suePTujRo1Kt23x4sWZMWNGuveNRuMj2wPkzZuX77//HoAmTZqkWy9Lliz06tWLXr16pVvH1dWV0aNHP3I8gF9++YXw8PAMJYCdnJx4//33ef/99x9632Aw0L17d7p3756qvG/fvravN23a9NC2jRs3pnHjxumOnZE5P4zJZHpku6xZsxIYGEhgYGCq8k6dOtm+NhgMvP3227z99tvpjpPevEqXLs3s2bOfKGYRERH5e12+fJm4uDgaNGhgO7mkSJEirF27lqxZs3L48GHbSSX58uUjODiYxYsX06ZNG44ePcrevXvp1asXBQoUYObMmWzZsoUmTZpw584dpk6dSqFChXB2dmbSpEn4+flRq1YtQkJCbONv3ryZBQsWUL58efz8/Ni8eTMWi4Xhw4fb6uzfv59KlSqlijs2NpYhQ4bg4+ND7969mTt3LmPHjiU4OBiTyYSjoyNGY/qJ0c+2HOHtVpXJ5eOKr6czB09epVLx3FitVl4fsYoPu9WnVe0STFq+l16TNhAyrQs9J22g36sv0rFpeVZuO0avSRv4dfV7LNlymCu37nF2XSCx8Ym82H0OL5bKC8DI+duxWq2cWvMe4VHxVOoyk2ql/ClTKCcmo5HY+4l8O6Mr8zf8yOsjVvHziv4UzO1Fvd4L2Rx6ivYNSv9vrUJPse2H3zixcgAGA1R5azZf7Dyeqs6jtK1XmlXbjqV732yxkMUu5T2w56fzjO+V9vfTNnVL0vGjNZy6dJvi+bJnaFwRERERkX8DJYBFRET+5cLCwjh48CDBwcHUrl3bdkS1iIiIyH9NTEwMAM7OzrYyg8FgO+XE19eX0aNHU7p0aTw8PFi7di1nz57F39+fF154gb1791K1alU8PDzYtm0bRYsWJTAwkLi4OJo3b86ePXtwdXUF4IMPPqBChQo4ODiwdOlSALZt20bWrFmZPHkyDg4O3L17l507dxIUFGSLZ8aMGeTNm5cTJ07YyqxWK0OGDMHf358CBQqwb98+fvjhB5KTk6lRowY1atRId84RUfEcPnWNuhUKAPBG43IEhxyhUvHcXL51j8s3I2lVO+XEmgHtq9OrdVUAvpv3Dvb/nyCtXT4/nUetBWDvkfO0ql0CO5MRN+estKxRnNuRsQB8tfckn49uj8FgwMvNiTZ1SvHV3pOUKZSyvs1eLAJAgVxe5PPzoGBur5Tr3J7cuBOVKu7m1YtSp3wBsjqkfDRVtWQezl8Lf+z3+AE/bxfuxdx/6L1rt6OYtiqUpi8WBSAy+j6+ns5p6mWxM+Htlo279+IyPK6IiIiIyL+BEsAiIiL/cqdOneLjjz+mXLlyaXa/ioiIiPyXeHp6Aik7ah+wWq3cu3cPe3t7fH19+fLLL5k/fz6RkZHcv3+f5OTkNP3ExsYSHx/PqVOnqFu3rq08LCzMVj937txASoL5gYiICLy9vXFwcADAz8+PpKQkwsP/l9j8fXL692XR0dGMGTOGsLAwWyLbYrE8ds4rvz3G9TtReDUc9f/zBfssJj7u34yw8BjcnLPa6maxM9l2xX6191dmf7GfpGQLyWYzFqsVgPCoeDxcHW1tPFwdbQngsIgY2gxeYTumOSExmXb1/7djN5ujPQAmkwEnhyy2cpPRiNliTRX3ncg4Bs0M4deLYRgwcPFGBL3bVnvsfB+4djsqVVJ36ZbDLN/6U0rMLo60rVeKQW/WBCC7hzPXbkel6SPZbOHOvVh83J/smcQiIiIiIv90SgCLiIj8y9WsWZOdO3c+7zCeqccduS0iIiICkDNnTpycnDh69Chms9n2DODu3bvTtm1bfH19Wb16NQMHDqRKlSp07do1TR9WqxVnZ2ecnJzw9fW17d5NSkrCy8uL3bt3A3Dt2jV8fX2xWv+X2MyePTvHjx8nMTERe3t7bty4gclkwsvL65Fxnz59mkmTJtGsWTNGjRrF9OnTOXDgQIbmvOzrI+ya3Z2qJf1tZS8HBrMl9DTlivgRHhWPxWLFaDSQmGTm/LVwXLI58NaYLzj8WR+KvZCdq2H3yNdqEpCS8I2M/t/O2rDwGNvXObxcWDvuDcoWzpmh2B5l+LxtAITO74HJZKT7uPVP1H7ltmO8XKu47bpzswosGNL6oXXrVszPqm3HUiWrAdbvPoGftytF8no/YfQiIiIiIv9s6T9ARkRERERERETkXyRLliy8+uqrXLx4kR49ejBx4kQGDx6MnZ0dTZo0se2s/e2331i9ejXR0dG2XbYPjnZesGAB586do2nTply4cIHVq1eza9cuPvzwQ27evGk7jnnChAnMmjWLDRs22MZv3LgxcXFxBAYGMnnyZPbv30+9evWws3v0398/2LF848YNduzYwfHjx4GUHcDff/89L7/8Mr/++muadr9eDOPKrXtUKZEnVXnLWsUJDjmCv68beXO4syzkCABz1h9gwLTNRETF4+xoT34/T8xmCzPW7MNisRKfkETVkv58ufsESclm7kTG8tV3J239vlSjGPO+/AGr1UpSspmB07dw+NS1jH+DfufuvThKFvDFZDJy7Lcb7Dx0jti4hMe2u347infGf8mt8Gh6tKqSobEGdajFd8cu8sHMEK7djiI6LoEvd5+g38cbmdS3Sapd3CIiIiIimYF2AIuIiIiIiIhIptGlSxfMZjNbtmzh/PnzFChQgKFDh1K4cGF8fX05ceIE27Zto0yZMuTLl4/bt28DUL9+fbZu3cqhQ4d4+eWX6dmzJ0ajke3bt3P//n1q1KhBsWLFcHZ2JigoiIULF7Jz507y58/PkSMpCdYGDRpw+/Zt1q9fz5kzZ2jYsCEDBgx4bMzlypXjlVdeISQkhIiICMqUKUNoaChhYWEkJiYSFxdHUlJSmnbLthzhpRrF0iQwWwQUpc+UrwiPiufz0e3pPm49g2d9Q2F/b5aOaEs+Pw+avliEou2m4unqyOS+TTlw/AoN+i7im+lv8f2xi+RtORH/HO60qVOKG3ejAfiwe336TtlI4bYfk2y20Lx6UUoXzPGnvk8DXgug06i1LN50iMrF8/Bx/2a8NeYLXiyTlxYBxVLVPX8tHMeaw7FawTWbA01fLMJ383rYjpx+nNzZ3di3oCeDZ2+lzJvTSUhMplSBHMwf3JqXahR7fAciIiIiIv8yBuvvzyoSEREREREREXkGHnz8YLFYsFqtWCwWLBYLZrPZ9vLw8HjOUWbMlStXyJMnZdft6NGj+eabb1izZg1+fn7POTIREYmIiMBkMtleRqMRo9GIwWDAaEw5EFM7/0VE5N8gKioKgKNHj2a4TdmyZQHtABYRERERERERybC4uDh69uxJ7dq1cXJyYvv27RQsWPC5JH8Lt53Cuavhf/u4mU2RvD6cXPX4ndoiIiIiIv8WSgCLiIiIiIiIiGRQ1qxZeemll9i0aROxsbFUqFCB999//7nEcmbt8xlXRERERET+2XQEtIiIiIiIiIg8c5npCGgREfnn0hHQIiKSWfyVI6CNzyQiERERERERERERERERERH52ykBLCIiIiIiIiIiIiIiIiKSSSgBLCIiIiIiIiIiIiIiIiKSSSgBLCIiIiIiIiIiIiIiIiKSSSgBLCIiIiIiIiIiIiIiIiKSSSgBLCIiIiIiIiIiIiIiIiKSSSgBLCIiIiIiIiIiIiIiIiKSSSgBLCIiIiIiIiIiIiIiIiKSSSgBLCIiIiIiIiIiIiIiIiKSSSgBLCIiIiIiIiIiIiIiIiKSSSgBLCIiIiIiIiIiIiIiIiKSSSgBLCIiIiIiIiIiIiIiIiKSSSgBLCIiIiIiIiIiIiIiIiKSSSgBLCIiIiIiIiIiIiIiIiKSSSgBLCIiIiIiIiIiIiIiIiKSSSgBLCIiIiIiIiIiIiIiIiKSSSgBLCIiIiIiIiIiIiIiIiKSSSgBLCIiIiIiIiIiIiIiIiKSSSgBLCIiIiIiIiIiIiIiIiKSSSgBLCIiIiIiIiIiIiIiIiKSSSgBLCIiIiIiIiIiIiIiIiKSSSgBLCIiIiIiIiIiIiIiIiKSSSgBLCIiIiIiIiIiIiIiIiKSSSgBLCIiIiIiIiIiIiIiIiKSSSgBLCIiIiIiIiIiIiIiIiKSSSgBLCIiIiIiIiIiIiIiIiKSSSgBLCIiIiIiIiIiIiIiIiKSSSgBLCIiIiIiIiKZUlhYGB06dKBVq1YsXLjweYcjIiIiIiLyt1ACWEREREREREQyJW9vb8qUKcPt27dp3bo1AGazOcPtt2/fTkBAANu3b39WIdqMGjWKjh07PvNxREREREQk87N73gGIiIiIiIiIiDxtmzdvZt68eURERADw8ssvU716derVq8euXbsYNWoUJpPpOUf5P25ubnh4eDzTMaxWK4cOHWLTpk3kz5+fzp072+7t2LGDhQsXcvfuXYoWLUpQUBB+fn4ArFu3js8//5yEhATq1KlD//79sbPTR0oiIiIiIv9U2gEsIiIiIiIiIpnKwoULmTBhgi35C2CxWPjuu+8YPXo0CQkJnDhx4pmM/SQ7jH+vf//+TJ8+/SlHk9rgwYNZuHAhN2/eJDEx0VZ+8eJFpkyZwkcffURISAj+/v5MnToVgAsXLrB48WKmTZvGqlWrOHXqFF9//fUzjVNERERERP4aJYBFREREREREJNM4ceIES5cutV07OTnRpEkT27XZbMbBwYHSpUs/tP2hQ4do3749zZs3Z+fOnbbyTZs2ERAQQGhoKAATJkwgICCAu3fvMnnyZAICAhg/fjyNGzcmMTGRSZMm0ahRI5o1a8aMGTOwWq1ASrK1V69eNGjQgC5dutgS0T179qRRo0ZAyk7dzz77jJdeeokmTZowduxYYmNjgZSdzO+88w4jR46kYcOG9OvXj5iYmAytTVBQEPPmzaNEiRKpyq9fv84rr7xC4cKFMZlMNGjQgMuXLwNw4MABqlevTp48eXB2dqZFixYcOHAgw+NNmTKFDh06UK9ePWbMmMGuXbto2bIlTZo0YeXKlRnqR0REREREnowSwCIiIiIiIiKSaaxevTrVdbZs2ShTpkyqsj179nDjxo00bRMSEhg5ciQRERE0atSIM2fOPNHY+/fvp1KlSixbtoyNGzfSsmVLypYty+rVq9m9ezfJyckMGjSIy5cv06pVK+7cucPQoUPT7BrevHkzCxYs4IUXXqBWrVqEhITYduRCSpI7a9aslC5dmiNHjrB169YMxefu7v7Q8hdffJFu3brZrn/++WfKli0LwN27d/H09LTd8/Ly4s6dOxlek/Pnz/PJJ58wb948vvzyS7Zu3cry5cuZMmUK8+fPJyoqKsN9iYiIiIhIxuiBLSIiIiIiIiKSafz8888ZqvfTTz+RM2fOVGUnT57k3r17dO/enU6dOlG4cGFGjx6d4bFnzJhB3rx5OX78OAULFqRGjRqcOnWKPXv2cPbsWby8vLh+/Tp9+/alXbt2lChRgpCQEO7du5eqn23btpE1a1YmT56Mg4MDd+/eZefOnQQFBQGQP39+Bg8ezPXr13n11Ve5cuVKhmN8nHPnzrFu3TrmzZsHQGJiIvb29rb7JpMp1fHRj9OwYUO8vb3x9vYmX758NG3aFBcXF0qUKIG7uzs3b97E1dX1qcUvIiIiIiJKAIuIiIiIiIhIJvLgqOTevXtTvXp1DAYDu3btSlMvLi4uTVlkZCQAfn5+QEqy80k4OzsD4OPjw+rVq5kxYwbR0dEAJCcn23bOent7A1CrVi1q1aqVpp+IiAi8vb1xcHCwxZOUlER4eDgARmPKgW52dna2vp+GO3fuEBQURFBQEL6+vgDY29un2qFssVhs4z4pk8mUqq3RaMRisfy1oEVEREREJA0lgEVEREREREQk08iePTuXLl1i1qxZzJo1K916Hh4e6ZY9SLT+3h+TrQ+e6fswU6dO5aeffmLChAkkJSUxcOBAICUxDNgSwb/++iuHDh2iZcuWaeZw/Phx2+7bGzduYDKZ8PLySnfMvyouLo7AwEA6duxI1apVU8Vy6tQp23VYWFiqI6FFREREROSfRwlgEREREREREck0KleuzKVLlx5Zx2QyUaFChTTlxYsXx93dnVWrVmFnZ8fmzZtt9/LkyQNAcHAwx44d49tvv023/5iYGBISEvjll184ceIEkJIwLlasGH5+fixfvpyIiAi+/fZb4uPjadeuXar2jRs35scffyQwMJDcuXOzf/9+GjRo8Kd33j6O2WxmxIgRBAQE0KJFi1T3qlWrxpIlS7hw4QI+Pj5s2bKFxo0bP5M4RERERETk6TA+7wBERERERERERJ6Wdu3a4eTk9Ng67u7uacrt7e0ZNWoU9vb2LF68mPz589vulSxZkpYtW3Lp0iV++OEHSpUqlW7/ffr0wd/fnxUrVuDr64vRaOTWrVvY2dkxYcIE8uTJw9q1a8mWLRsTJkxI9YxdgAYNGtCzZ0+uXr3Kzp07adiwIe+9994TrkTGHTx4kAMHDrBy5Urq169vex04cIA8efLQo0cP3n//fdq3b0/RokXT7FgWEREREZF/FoP1UWcWiYiIiIiIiIg8BQ8+frBYLFitViwWCxaLBbPZbHs97FjmPyM0NJThw4eTmJiY5l61atUYO3ZsmqSriIhkDhEREZhMJtvLaDRiNBoxGAy2Z6gbDIbnHKWIiMjjRUVFAXD06NEMtylbtiygI6BFREREREREJJOpXr06ixYtIjg4mEOHDhEXF4e/vz8vvfQSLVq0wGQyPe8QRUREREREnhklgEVEREREREQk08mXLx8jRox43mGIiIiIiIj87fQMYBERERERERERERERERGRTEIJYBERERERERERERERERGRTEIJYBERERERERERERERERGRTEIJYBERERERERERERERERGRTMLueQcgIiLyPMTF3yc27j6JSUmYLRYsFgtW6/OO6p/LYDBgNBoxGY3YZ7Ejm5MjTo4OzzssEREREREREREREfkDJYBFROQ/w2KxEhkVTUxcPFkd7HHM6oCrSzZMppTEpsFgeN4h/mNZrVbMFgtms4XEpCRi4uK4G3GPbE5ZcXd1wWjU2omIiIiIiIiIiIj8EygBLCIi/wn3omO5Fx2Dm4sz/n6+zzucfx2DwYCdyYSdyYSDfRZcsjkBKet69eZt3Fyy4eaS7TmoK3lZAAAgAElEQVRHKSIiIiIiIiIiIiJ6BrCIiGRqVquVG2F3SUxKIlcOHyUpnzI3l2zkyuFNYmISt+5EYNU52iL/GlarlfiEpOcdhoiIiIiIiIiIPGVKAIuISKaVlJzMtZu3cbDPgo+nOyaj/tt7FkxGIz5e7tjZmbh28w7xCQnPOyQReYT4hCTeHv8FLnWG41x7GEXaTuLA8cvPOywREREREREREXlK9Em4iIhkShaLhVu3I3B3dcHT3TXdeid/Pc2wj8bx6ptdadWuI4FDPuSnY7/8jZH+dSd+PcUbb/Xg8pWr6daJiY2laav2fLtz9zOLw8vdlSxZ7LgbHoXFYvlLffk0+ghTtQ849Gv6c6rfZz6mah+wcOOPAMTGJ/LCy+P57OvDf2ns5+1+QjKmah8wc+0+AL4/dpFczcdw8sKt5xzZs/Vy4Ge8Pf6Lh9776fR1HGsOYdqq7//mqNLXdnAwpmofMGXFnnTrjF68A1O1D+jw4Spb2aPm+TT88f3zsJ+LcUt3snzrT4x+pxEbJneiQ9MKeLv//acjPGotZn2xD7d6I/ju6IW/OSoRERERERERkX8/JYBFRCRTunk7HEdHB5yzOaZb54eDh/lg+CgMBgO93nmLfr3exsHBnmEfjeOXE78+9Zi2fruTpq3aExMb+1T79fTwoHzZ0ri6ujzVfv8MX28PHB0duHk7/Kn0t3TzoYeWX7oZwa7D51KVZbW3o2GVQhTK7f1Uxn7g7NW7mKp9wIY9J55qvxnl5+1KwyqFn0uC7mE6fLiKch2mPfV+q5d5gcol/NOUR8cl8NrwFXzcvwXvtg946uP+Vem9R61WK8u+TnsvvXk+Kw/7udj43Una1i3NgNdq0CKgOMO61KNgbq+/LaYH0luLY7/dYMziHXwzvRs1yub72+MSEREREREREfm3s3veAYiIiDxtkVExGI1GvB6x8zcpKYlP5yygTKkSjBoehMFgAKBWjeoM+GAocxYsYfa0SX9XyH9Jzhy+DOzX63mHYePl7srN2+FERsXg7ur8p/vxds/Gym+P8nH/5jjYp/6V5bMth/FycyIiOt5WZjIZmT+4TYb7N5stmExP52/hnmZff5Q/lydLhr/6TPr+Jwl8s9ZDy7NltefY8gFp3gP/BN7u2fj1Yhg/nrxC5eJ5Ut3be/QC56+Fk90j9c9AevN8Vh72c3HjThRNqxX9W+N4mPTWokR+Xy5vHEIWO9PfHJGIiIiIiIiISObwz/skTURE5C+wWCzci44ld06fR9b76dgvREREEjSwvy35C2A0GmhYrw5Ll68kOjoGF5eU5M2e7/axet0Grl27jpeXJ82bNKTVS81sbSdMmc696GgCqlVh7ZcbiYqKokSxovTv/Q7eXp6069iN6OgYAF59syt1agYQOKAPAOfOX2DBkmBOnzmLi4sLLzVrTJtWLQC4cvUa7/QdyKD3+rJ7byhHf/4FN1dXXn3lZZo1bgDAoSNHGTF6ArOnT+YF/5Qk1PmLl5g5ZwHnzl/Ex8ebNq1eSrMGkffusXDJcn48fISkpGRKlyxO9y4dyJ3Lz1bn0JGjBH++hstXruLm5kr9urV4rW1rTKZHJ2Z8PN25dvM2Ls5Of/rZy23rlmbO+v1s2HuCdvXL2MqtViufbTnEG43K8emaUFv5/YRkstUeyvT3WtKn7Ytp+pu7/gC9J3/J5H7NmfDZTgLK5GP9xI4ArNnxM2MWb+e3K3co7O/DhN5NaVKtCG0HB7N+93EAXglahp+PK1c2Dk23r2SzhbFLdrBk8yFuhUdTMn8ORr3TiCbVitjiiI5LYNjcrazbdZzwqDgK5/FmZLcGtKpd8qHrsHX/aZq9t5hjywdQskAO5q4/wIBpG/l81OsMm/cN56/dpbC/D7MHtSJbVnveHr+O4+dv4u/rzkdvN0y1dnciY3lv2iY2h6bscH+lTik+ebcFzk4OAORsOpruLStzL/Y+K775CaPBQNt6pfnk3Zc4c/k2Zd78xNaXqdoHzBv8Ct1eqpyhOcUnJDFkdgirtx8j9n4SlYvnYXLfZpQtnPJ+q9Z1Jrmzu7F2fAdbm1XfHmPCZzs5ffk2uXzc6PlKNd57rYbt5+5R8dpnefbJw4rFcnP60m2Wbj6UJgG8dPMhyhTKiWu2rKnKHzbP33vcOj3p++f3PxclC/hSr/d8ACYt382k5bv55tNu3ImM440Rn3PpqyHkzu4GwIXr4Qycvpldh8/hYG+iSbWiTOrTDB+PlJ3oZy7fZvDsEHYdPofFYqVS8TxMfbcFpQrksI39uD7+uBYZ+fl53t9zEREREREREZF/Ax0BLSIimUr4vegMJR3PX7gEQKEC+dPca9a4AWuXL7Ylf7ft2M3EqZ9SolgRhgUNpFbAiyz6bAXLPl+Tqt3JX0/zzfaddHnzNbp0eJ2Tv55mwZJlAEwZ9xFvtm8LwMcTRtGl42sAXLt+g8ChH5IlSxaCAt+lccO6LF3+OZtDtqXqe/qs+RQskI/Ad/uS/4W8zJq3iEuXrzx0bvfvJzDsw3FERcfQu0c3Xn3lZb74cmOqOgmJiQwa+hHHfz1Fj26dGdC3B3fu/h97dx5mZVnwcfzHDsIA4srmyuIugrhkKaZp5YaWpamJ2mJpJalvy1uuaYsmVlqWe6/7Sm6FaQItiKJhpgiuyaJgyjDDNgPMvH+MM84wMzAoAj5+Ptc1FzPnPOeZ+znnDAPne+7nfitnfv/svDV3bpLklVen57wfX5Qtt9gsP/zeGTnoUwfkltvvzg23rHz90jZtWqdz506ZO698pds2Z5MNSvLxXfs1OsXu2Cdfyiuvzc3RB+7yrvZ79T2P5cdf/3S+/YW9kyQ3jflnjv7Bjdl/aP/c+ZMvZqd+PTP8zOvy1POv5ZLTDsl9l5yYJBk18tA89KuvrHBfX7rg9vzshrH5xuf2ym0XHpste/XIIadfmzGPTqu7zRd+eFNGj3smPz3103lg1In5+K798vkf3Jinnn+txcdQuWRZfnTtw/n+iI/niu9+JvMXVuQz3/19hv/P9TnqgEG5/qzPZ7NNu+f4c2/Nf16veTwrKpfm46f8No8+82qu+O5n8vNvHZJ7/vpsTrrg9gb7vvim8flv6YL87nufzYmHDM0Vdz2aq+99LP37bpinbhiZg/baJgM22yhP3TAynxm2Y4uP6agf3Jj/+9OTOeukT+Sm876Q1q1aZf9v/C4z35jX5DFee9+kHHPWTfnozlvmzp98MUd9Yud857IHctbvGv5sNDfeNaGicmlGHLxrbn5wchZXLK27fP7Citzxl3/lhEOGpqJy6Qr20NjK7qf38vwZum3fPHXDyHTr0jEnHjI0T90wMnvusHmj7ebNX5x9Tr4iL896K7/93mdy6cjD8renXs7h37k+VVXVmb+wIvucfEXeKluY3599VG678Ni0btUqB3/7mrr7YWX7aEpLfn6StfuYA6tH/TffLa+qqmoNjgSAolnR75EV/f4BgKIxAxiAwqiqrk75/IXZrPcmK922rLw8nTp2TMeOHVa8z6qqXPd/N2efj30kp3z1pCTJ0CE14fHO0fdk+MGfSrduNaeaXq9Tx5x/1vfT7e21eF97/fU8Mr5mhmrfPr3To8f6dZ936VwzA+6GW25PSZcuOet7Z6Rdu3bZfdfBmfPGf3Pn6Htz8KcOqBvHkYcfmi98/jNJkkE775Ajjzkx/372uWy+WcNZh0nyp4f+ktJ583LRheekd6+eSZJtB/bPV79xet02Dz70SGbOei1X/PLi9O3Tu2a/O+2QE77yjdxx9735yolfzNP/fjZLly7L175yYjq0b5/Bg3bKsqXLMue//13p/Zsk3Uu6ZPqs2enRvWtav4v/aFdULskJB++aL557a2bMmVc3M/Haex/PkG36ZOBmK57l3ZzRPzs+/fvWrIdaXV2d71z+QI7cb6dcclrNrOtP7jEwjz87Pb+89W+5+gdHpmLJsiTJZpt0z8DNN2p2X/9+8fX83x+fzG++c0S+Mnz3JMnBe22bvU/+Tb7/mz/mwD0GJElOO+pj2WzT7nW3GzZ461x3/6T86dGp2bl/zxYfx90/PT6bbdo9Sc06r1/44U0ZNfLQfPNzeyVJ9txx82x+2IX5+1OvZPNN18/1DzyRZ1+ek6duGJntt6r5GWnXtnVdJN5805rn5147bZEbzj06rVq1yhHDdsiDE6dl3JMv5WtH7Jkdtt403bp0Ssf2bbNDvZmeKzumx5+dnvv+NiV3/Pi4upmqH99162x26IW59aF/5dtHf6zBsS1bVpXv//qPOeoTO+eyM4cnST79kZpTFl90w7h883MfrZtFuqLxvt8WVy7NiIN2zTlX/jl3jX06X3j7TQm3PvSvLF1WlWMO3CXX3vt4i/fXkvvpvTx/Ondqnx223jRtWrfOht06N3gM6/vd6Il5o3R+Hrv2G9l0g5q/z7bq3SN7nnRZJj8/K/37bphrf/i5DN2ubzbotl6SZOP1u2TI8b/IUy/Myu7bb7bSfQwe2LvB92zpz0+ydh9z4P1XVVWV1u/y7CEAUBuAxV4APuz8rwqAwli8uCId2rd716ccbsorr05P6bx5GfaxvRpc/vFhH8vSpcvy7HNT6y7baKMN6+JvkmzQo0fmzStb4f4nP/V0dtt1cKqrk8rKJamsXJLttx2Y2XPeSFn5O7Nnt956y7rPO6+3Xjp06JDSeU3PnHzhhZey1Zab18XfJFl//e4Nv++/ns5WW25RF3+TpGtJSYYO2SVPPf1MkmRA/63TunWr/PwXv87kf/07S5YsyVFHHp5vfu3LKzymWm3atE779u2yeHFFi7Zf3uLKpTli2I7p1qVjrn/giSRJ2YLFuWvsv3PiIUNTsWTVZlbW6rnBO4/RlFfmZNYbZRm+zw5ZXLE0iyuWpnLJsuy10xZ5fErTM6yb29fDk15Ikhx9wKC6y1q1apVjDhycydNmZW5ZzXrFHxu0Ze7/+3PZ86TL0vPT52f9/c/OvPmLU1q2KKui/tqytfG2flSrDeZvlC6oGd/jz2fbLTbO1r03qDvWj+y4RZJk0pQZdbcb1L9ngxdLem/ULXPmzl/hWFZ2TOMnv5wkOWivbetu06lDu0y6/ps5pomZ3P9+aXbmzJ2fo+rdl0ly7CcHZ8nSZfn7v155T+NdXRZXLkmfjbvlgN3757r735mpft39j2f43tunR9f16t5A0BItuZ9W1/NnRf46+aUM2aZPXbhNkqHb9skzN5+e/n03TMl6HTJ4m9654NqHM+jYUdnowHOzz9euSJK65/nK9rG8lv78JGv3MQfeH61atar7WLr03f1+B4AkWbp0ad2/FUVgAD7MzAAGoDAWLq5I504dV75hks6d18uixYtTUVGRDh2anwVcG3BrZ+/Wqg2q9SPtqqqurs68svLc/6c/5/4//bnR9bVrBq/o9k0pnTcv63fv3uR1tebNK8sGyx1TUnNctVF7YP9+ufDcH+a2O0fn7PN/ktZt2mTfvffKiOOOTteSkka3bUrnTh2zcHFF1mvh41Jf5ZJl6dihbb5wwKBcf/+k/O+Ij+fWh/6V6lTn6AMGZf6idxeW66uNRsecdVOj63pu2HWV9vXf0gXp3Kl9StZr+HyqDWBvlS3M+l075RsXj84f/vpMfnrqQdl1mz7p3Kl9djvhl+/yCFau9mkyZ+78PPvy7HQe9r+NtnlrJfGwuedarZUd09yyhenWpWOjNVprw/Xy3iiteVx6LfcY1N6Xb85b+J7Gu7pUvh13Tzxktxz1gxvz6uulqViyNP/413/yx0trzhiwZGnLA3BL7qc18fx5q2xRgzcYJDUvnm2zxcZJatYVPuAbV6ZD+7a54GufSv++G2T67Hk54JtXtngfy2vpz09z1tRjDqxeTb0wv2TJknTsuOr/bgCAJKmsrGx0mRAMwIeRAAxAYVRWLkmX7s0Hgvq23HyzJMmLL72S7bYd2OC6hx8Zn5tuuzO/uOjCdH17HeDlZ/K+Nbc0SdK166pFwvpatWqVDh06ZNjH9sqB++/b6PqNNtwws+fMWeX9rt+9e2bOmrXCbUpKSlJa2ngG8Vtz56ZrvVnMO+2wXXbaYbtUVFbmiScn5/LfXZM5b/w3Pzr7+y0aS4cO7bOgdMWzoJtTG3ROOGRofn3nhPx18su57r7H62YFly987wG4S6ea2HTZmcOzy4CGp6RdPsKtTI+u62XBososqliSTh3a1V3+2ps1x79Bt/VSUbk0194/Kb86/bAc/+khdduszlnrzenSqUN2Gdgrl51xeKPrturd413vtyXH1K1Lp5QtqMiSpcvSru3K79cNutac3vmNuQsaXP7amzVvuNiw+3rveryrU21zPPRj26VH1065/oEnsrhiSfpu0j37D+3/9jYtD5Mru5/W1POne5eO+W/pgmav//u/XsnTL76eZ285o+606Muv67uyfSyvJT8/QDEt/6L8kiVLUl1d7cV6AFZZdXV1lixZkjZt3vm3tN8nAHxYOQU0AIWxbFlV2rRp2a+2IYMHpaSkS+78w70NLq+urs4f//xwOnbsmC5dOmfzzTZL15KS/O0fjzbYbvzf/pHWrVtn++Xi8YrUrYNbr5PssN02eeU/r2ZA/37ZZmD/bDOwfwb075eePTdN+/btmt7RSgzov3VefPk/mVf2zuzkhQsbzvDcaYft8vyLL+X12e8E5gULF+aJJ5/KTjtsnyT59e+uyY9+ekmSpEP79vnIHrvl4/t8LM+/+FKLx9KmTessW1b1ro6j1uCBvbNz/575wRV/yqP/fjUnHjL0Pe2vvh233jRdO3fMK7PmZo8dNqv72GbzjbL9ljXr5NY+bisLecMGb50kueMvTze4/LaHnsqgAb3SvaRTyhdWZNmyqgYvQrww483MLV99p+9tzkcHbZnnp7+ZLXqu3+BYt+zVo9FMzRVp3apVg/uiJce0105bpLq6On969J1Tpi9bVpWhI36ZS27+a6PvscPWm2SDbuvljr/8q8Hltz30VNq0aZ2P7rxlo9usTe3btcmxnxyc6++flN//8YmMOGhIWrde9ReaVnY/rannz0d22iKTnpvR4LTKL8x4M30PvSATnv5P3fer/1raY89OX6V9LK8lPz9AsSz/gnztKaCTpKLivb/JC4APn4qKigbLCtQnBAPwYWMGMACFsXTZsgbv9F2RDu3b55SvnpSfXPyLXPCzS7LPx/ZKZWVlxv9tQp6bOi0/Of/sJEnbtm1y3Bc+l8t/e3U6d+6cIbvsnKnPv5Bbbr87Rx5xWItPhZzUrBGcJPc88KcM3nmnbDOwf449+sic+f2zc/6PL8qnDtw/rVq1yh/u+2MWLlyYS376o1W/E5IcsN+w3HL7XbnwolE54dijU53qXH3dDQ22+eQB++W+Pz6YH5734xx39JFp165dbr1zdNq2bZvPHn5IkmSnHbfPhT8bld9dc312H7pr3nzrrfxl7PgM2mmHFo+lTZs2Wbqs5afAbc6Jh+yWb13yh2zRc/0MG7zVe95frQ7t2+acL38iZ/zyvlRVVeWTe26TN0oX5Kzfjclnhu2YH5/yqWy6QUnatmmdW/48Oe3btc1Be23T5L52Gdgrn9tvp5x68eiUzl+UAX03yk1j/pm/Tn4l919yYpJkw+6dM2SbPjnnygdTXV2dxZVLc9EN47Jk6bLVckrrFfnq8N3z27sfzf6n/i7/e8J+2XSDkvxh3DO59v5JeeGO72Sj9Tu3aD+bbdo9dzzyr9w05p8Zul3f9O+74UqP6SM7bZ79h/bPly64Ixd+7VPZbNPu+d3dj+b56f/NEcMaP5/atW2T875yYE656O50L+mUA/cYmInPvJoLrvtLvnPcsHVyNuiJhwzNL279W5JkxMHv7k0KK7uf1tTz56uH75HLbv97Dv72tfne8fumVatWOefKB7Px+l2y23Z980bpgnRZr0OOP/fWnHLkRzLl5TkZdUtNyJ+/qLJF+1heS35+gA++Vsu9iaj+5fUtWLAgHTp08GI9AC1WXV2dBQsWNPjd0dzvEb9fAPgwEIABKJTWq/Afub332jPrdeqUm2+7KxeNuizrrdcp/bbaMj//yfkZ2L9f3XYHffITadeuXe64+57c+8CfstGGG+ZLJxyX4Qd/apXGtvOOO+Rje+2R2+/8Q/775lvZZmD/DOzfLz8576xc+38354KfjUqH9u0zeJedc9qpJ6/Svuvr0KFDzj/7+/nVr6/Md354XjbdZON8ZvgheW7aC3XbdOrYMT/90dm56tr/yy9/XbNu5447bJczTzs1PdavWW/0o3vuntO/9fXccfe9ue+PD6akpCR77j40J3zxCy0ey6o8HityzIG75H8uuz8jDh662v+z/q3PfzQl63XIz28an1/e9vds0qMkx35yl5x10ieSJOt1bJcLvvbJXHDtX/Lvl2Y3G4CT5Pqzj8pZvxuTn1z/SOaWL8pO/Xrm/ktOzIF7DKjb5tYLjskpF92dM355Xzbs3jk/OGG/jH3yxSxcvGS1Htfyupd0yvgrvpYzf3lfvv6zu7Nk6bLsum2f/HHUSS2Ov0ly8hF7ZMyj0/KVH9+ZX//P4enfd8MWHdOdPzku37n8gXzv1w9kweLK7LnD5hn7m5OzRc+m1wE++Yg90qF921x0w9hcdvs/stmm3XPRNw7Ktz7/0fd8X7wfdth60wzdrm+6dGrf7DG1xMrupzXx/Nmg23oZd8XXcvov7s0Xz70l7dq2yWF7b5+fnXpQ2rRpnU03KMndP/1iTv/FffnyhXdk+602yZ0/+WK+e/kDdes3r2wfTWnJzw9QLPVnaNWfsVVVVZVFixZlvfXWvTf8ALBuWrhwYaqrq9O6desmf78AwIdNq+pVWZgMANZhL09/LVv27bm2h8FyPC4AQK3q6uoGH1VVVXUfy5Ytq/uoqqpK9+7d067du1sSA4APj8rKysybNy+tW7dOmzZt6j5at25d91H/jUaCMAAfFGVlZUmSyZMnt/g2gwYNSmINYAAAAGANam5m1vIvzJeWlmbZalhKAoDiWrp0aUpLS5M0/j1iJjAAH2YCMAAAALDGNRV+639UV1dn7ty5qaqqWssjBWBdVFVVlblz5yZp/ndJ7XUA8GEjAAMAAABrxPIvwjcVgeufrnPZsmWZM2dOKioq1sZwAVhHLV68OHPmzElVVVWj3x0rir9iMAAfFm3X9gAAAACAD5faF+Crq6sbxd/q6uq6P2s/3nzzzXTq1Cldu3ZNmzZt1vLoAVhbli1blrKysixatKjBGr+18bep9X6d/hmADyMBGAAAAFgrmpsBXD8C11q0aFEWLlyYkpKSlJSUeDEf4EOkqqoq8+fPT3l5eaMZvyuKvwDwYSUAA1AYXTp3WttDoAkeFwCgvtr1fZuaBVw//jalqqoq5eXlmTdvXjp27Jj11lsv7dq1S+vWrdOmTRsv9gMUQHV1dZYtW5aqqqosWbIkCxcuzOLFixuE3tqPNm3aNJoJ3FwI9jsCgA8TARiAwtioR/e1PQSa4HEBAFak9gX51q1bp6qqqtn4W/sifu16j5WVlamoqKg7TXSSBjOGAfhgaursELVv8qkfeJePv2b/AsA7BGAAAABgjVp+FnD9y1c0+7d2m6qqqgZrBCcN468QDPDBU/93QnNLBCw/A3hlM3/N/gXgw0oABgAAANaq5V+gbyoE176QXxuOmwvA4i/AB1dTvw+aC8DLf97cDGDxF4APIwEYgMJ4efpra3sIAAAfalv27dnibZePufVfsK9dC7h2u/qnfq79UwAGKJ4VBeAVRWCzfgGgIQEYgMJYlRccAQBY+5qKwPUtH4Kbir8CMEBxrCwALx+BV3bKZxEYgA8rARgAAABYa5aPvysKvE1dZw1ggGJY2RrAzYVg8RcAGhOAAQAAgLWqpTOBm4q+zc38FYEBPjiW/3t/+QBc//PmPpa/HQB8mAnAAAAAwFrXXARubr3f+l/XXtbU5wB8MDQ1A7j28+ZCcP1txV8AeIcADAAAAKwTmpsBXP+6+pE4EX4Biqa5U0HX/rmi4Cv+AkANARgAAABYZ9S+eL+yEFx/u/pEYIAPruZOBV3/c+EXAFZOAAYAAADWOfVn+TYVBJa/rrltAfjgaUkIbu5rAEAABgAAANZRqxJ3V3SdWcEA655VCbfNnRECAGiaAAwAAACs0+q/yP9uZvqKBADF4O9zAGgZARgAAAD4wGjuxX+zfAGKQ+gFgPdGAAYAAAA+8MQCAACAGq3X9gAAAAAAAAAAWD0EYAAAAAAAAICCEIABAAAAAAAACkIABgAAAAAAACgIARgAAAAAAACgIARgAAAAAAAAgIIQgAEAAAAAAAAKQgAGAAAAAAAAKAgBGAAAAAAAAKAgBGAAAAAAAACAghCAAQAAAAAAAApCAAYAAAAAAAAoCAEYAAAAAAAAoCAEYAAAAAAAAICCEIABAAAAAAAACkIABgAAAAAAACgIARgAAAAAAACgIARgAAAAAAAAgIIQgAEAAAAAAAAKQgAGAAAAAAAAKAgBGAAAAAAAAKAgBGAAAAAAAACAghCAAQAAAAAAAApCAAYAAAAAAAAoCAEYAAAAAAAAoCAEYAAAAAAAAICCEIABAAAAAAAACkIABgAAAAAAACgIARgAAAAAAACgIARgAAAAAAAAgIIQgAEAAAAAAAAKQgAGAAAAAAAAKAgBGAAAAAAAAKAgBGAAAAAAAACAghCAAQAAAAAAAApCAAYAAAAAAAAoCAEYAAAAAAAAoCAEYAAAAAAAAICCEIABAAAAAAAACkIABgAAAAAAACgIARgAAAAAAACgIARgAAAAAAAAgIIQgAEAAAAAAAAKQgAGAAAAAAAAKAgBGAAAAAAAAKAgBGAAAAAAAACAghCAAQAAAAAAAApCAAYAAAAAAAAoCAEYAAAAAAAAoCAEYAAAAAAAAICCEIABAAAAAAAACkIABgAAAAAAACgIARgAAAAAAACgIBUz3CAAACAASURBVARgAAAAAAAAgIIQgAEAAAAAAAAKQgAGAAAAAAAAKAgBGAAAAAAAAKAgBGAAAAAAAACAgmhVXV1dvbYHAQAAAAAAAECNsrKyd31bM4ABAAAAAAAACkIABgAAAAAAACgIARgAAAAAAACgIARgAAAAAAAAgIIQgAEAAAAAAAAKQgAGAAAAAAAAKAgBGAAAAAAAAKAgBGAAAAAAAACAghCAAQAAAAAAAApCAAYAAAAAAAAoCAEYAAAAAAAAoCAEYAAAAAAAAICCEIABAAAAAAAACkIABgAAAAAAACgIARgAAAAAAACgIARgAAAAAAAAgIIQgAEAAAAAAAAKQgAGAAAAAAAAKAgBGAAAAAAAAKAgBGAAAAAAAACAghCAAQAAAAAAAApCAAYAAAAAAAAoCAEYAAAAAAAAoCAEYAAAAAAAAICCEIABAAAAAAAACkIABgAAAAAAACgIARgAAAAAAACgIARgAAAAAAAAgIIQgAEAAAAAAAAKQgAGAAAAAAAAKAgBGAAAAAAAAKAgBGAAAAAAAACAghCAAQAAAAAAAApCAAYAAAAAAAAoCAEYAAAAAAAAoCAEYAAAAAAAAICCEIABAAAAAAAACkIABgAAAAAAACgIARgAAAAAAACgIARgAAAAAAAAgIIQgAEAAAAAAAAKQgAGAAAAAAAAKAgBGAAAAAAAAKAgBGAAAAAAAACAghCAAQAAAAAAAApCAAYAAAAAAAAoCAEYAAAAAAAAoCAEYAAAAAAAAICCEIABAAAAAAAACkIABgAAAAAAACgIARgAAAAAAACgIARgAAAAAAAAgIIQgAEAAAAAAAAKQgAGAAAAAAAAKAgBGAAAAAAAAKAgBGAAAAAAAACAghCAAQAAAAAAAApCAAYAAAAAAAAoCAEYAAAAAAAAoCAEYAAAAAAAAICCEIABAAAAAAAACkIABgAAAAAAACgIARgAAAAAAACgIARgAAAAAAAAgIIQgAEAAAAAAAAKQgAGAAAAAAAAKAgBGAAAAAAAAKAgBGAAAAAAAACAghCAAQAAAAAAAApCAAYAAAAAAAAoCAEYAAAAAAAAoCAEYAAAAAAAAICCEIABAAAAAAAACkIABgAAAAAAACgIARgAAAAAAACgIARgAAAAAAAAgIIQgAEAAAAAAAAKQgAGAAAAAAAAKAgBGAAAAAAAAKAgBGAAAAAAAACAghCAAQAAAAAAAApCAAYAAAAAAAAoCAEYAAAAAAAAoCAEYAAAAAAAAICCEIABAAAAAAAACkIABgAAAAAAACgIARgAAAAAAACgIARgAAAAAAAAgIIQgAEAAAAAAAAKQgAGAAAAAAAAKAgBGAAAAAAAAKAgBGAAAAAAAACAghCAAQAAAAAAAApCAAYAAAAAAAAoCAEYAAAAAAAAoCAEYAAAAAAAAICCEIABAAAAAAAACkIABgAAAAAAACgIARgAAAAAAACgIARgAAAAAAAAgIIQgAEAAAAAAAAKQgAGAAAAAAAAKAgBGAAAAAAAAKAgBGAAAAAAAACAghCAAQAAAAAAAApCAAYAAAAAAAAoCAEYAAAAAAAAoCAEYAAAAAAAAICCaPvy9NfW9hgAAAAAAAAAeNsG3Tq/69u2qq6url6NYwEAAAAAAADgPSgrK3vXt3UKaAAAAAAAAICCEIABAAAAAAAACkIABgAAAAAAACgIARgAAAAAAACgIARgAAAAAAAAgIIQgAEAAAAAAAAKQgAGAAAAAAAAKAgBGAAAAAAAAKAgBGAAAAAAAACAghCAAQAAAAAAAApCAAYAAAAAAAAoCAEYAAAAAAAAoCAEYAAAAAAAAICCEIABAAAAAAAACkIABgAAAAAAACgIARgAAAAAAACgIARgAAAAAAAAgIIQgAEAAAAAAAAKQgAGAAAAAAAAKAgBGAAAAAAAAKAgBGAAAAAAAACAghCAAQAAAAAAAApCAAYAAAAAAAAoCAEYAAAAAAAAoCAEYAAAAAAAAICCEIABAAAAAAAACkIABgAAAAAAACgIARgAAAAAAACgIARgAAAAAAAAgIIQgAEAAAAAAAAKQgAGAAAAAAAAKIi2a3sAfDi9MuutjPvni3nltbcyedrMlJYvSmn5olQn6d6lU0rnL0qrJN1LOqV7SacMGtA7g/r3zs79e2WLXj3W8ugBWq5iypT898ILV7pdyeGHp+sRR6yBEQHvxjZ7nv+ebt+7Z7f07tm9Zl/9N822AzbJfh8bmK4lHVfH8IACqHhsQpbOmJGlM6encsozqSora7RN665d037b7eu+br/t9mnbu0/a1btsXbNsxvTMv/v2VbpNx932SIfdP/I+jQgAAKD4WlVXV1ev7UHw4TB52sxcf//jeeSJF7JFzx4ZNnjrDBrQO1v07LHCqPvKrLfqQvHYJ19Mafmi7DKwd44/aGgGDei9Bo8AoOX+e8EFqXjuuSyZOTNLZ85c4bYlw4dno//937Tu2nUNjQ5YVe81ADdnv70H5vunHVAXh4EPj2Uzpmfhw2OyeOKELJ44IdXljYPvqmi37XZp27tv2m+7fdbb/8B1JgpXTPxHZh/3uVW6TbdTR6bbN09/n0YErE3z572RLt02WtvDAAD4QChr4o3BLWUGMO+76+9/PKNuHpdB/XtnxMFDM2rk8BVuP/aJFzLuny/m7C8dmNLyRfnP63MzbEi/DBvSL6cdvU/dNpfePD6vvPZWTjhktxx/0NA1cSgALVIxZUpKf//7Bpe17dUrXY84IosmTsyixx9vcF2XT3xC/IUPqYfHT83D46fmwh8cmiMO2nltDwdYAxY9NCbz77otix4as1r3u2TKs1ky5dma/VZXp1u9ADz72CPT/RsjzaoF1joBGABgzbAGMO+bc68ak0HHXpzq6upMvuGMXHf20Rk2pF8mT1vxTLhzrhyTc64ck9LyRbn0lnEZ9rXLM/aJFxpsM2xIv1x39tEZfdGJeXnWmxl28uU596rV+wIKwLvV1Ckbl86alary8lQ891yj6yqmTFkTwwLWYd//0T25cJR/y0CRLbjr9szcd4+88fWTVnv8XZmKxyZk9nGfy+xjj0zFxH+s0e8NAADAmicAs9qNfeKFDDr24nTr3DGTbzgjIw7eLUlyzpV/Sqvdv51djvt5djn24rwy660mbz/uny8mqTll9HX3Pd7o+snTZubcq8bk3KtqIvE5X/5kxl5xSrp17phBx17cKBYDrA2dhg5Nj1NPTY9TT03rLl2SJKXXX5+q8vK1PDJgXfX72x7LxCf/s7aHAaxmS6Y8k9nHHpk3vzsyy2bOWKtjEYIBAAA+HARgVpvS8kU54bybc919j2fsb06pO11zUhOFz73qwdz9sxPy8t0/yNzyRTlt1OhG+6iNt2d/6YCcNmp0upd0anT9Lsf9PHePfTp3j306uxx3cd2M4tOO3idjf3NKLr1lfEaOGp3S8kXv49ECNK9d797pPmJEFj32WBY99lhad+u2wu0XTZy4hkYGrOt+fKlZwFAkcy84J68ddmAqHpuwtofSgBAMrEsqKxas7SEAABSONYBZLSZPm5nTLhmd047eO8P32TGl5Ysy7skXs8/grZMkY598IVv0XD/D99kxSTLi4KE596oHG+1n7JMvZOf+vbJFzx556vlZufaHR+W0S0Zn7JMvZNiQfrn0lvHZfNP1M/mGM5Ikg469OJfePD7XnX10kqR7SaeMvujEXHffYxl+5jW59NvDM2hA7zVzJwC8rW2fPkmSRY89tpZHAqxJA/ttkq4lHRtcNmXa65m/oKLF+3ju+dmZ+VppevfsvrqHB6xBy2ZMz5xTTsqSKc+u7aGsUE0InpAOu+2ZDX9ySdr06bu2hwQU3FtzXsmmm21X9/Xrrz7b4OsiWzB9VhbMfK3u6+7bDkj7biXveb8zxjySuVOm1X298e5Dssmeu7botpXzyrOkrDyd+/Zq8ro5E5/Ighmzsv52A7PxHkNatM+5z0zN+tsPbNng3zZ7wqQWj7n++Gb8eWzmTJiUyrLyrL/9wFU69pWNp1WrVkmSzr17Nnn/rIoF02dl7pRpmfvs1FTOK0/7biXp3KdXtvrsIS26fXP3aeW88pS+vd/1txvYoufU3GemZsHM1zL32ak1n8+YlU/98ZYWH0vlvPK8fOe9mT7mkex/65Utvh0Aa54AzHtWG3+vO+vobNGrR0aPezonnHdzSucvzoiDhubas47OFj175JXX5mbytJkZNKB3Jk+blcP23qHRvrp36ZQRBw3NoAG9s/mmNcG4/mmgS8sXZdjgfg1uUzr/nZm+o8c9nS169siIg3fLoAG9c9olo0VgYK1o26dPtnj44SyZOTOzv/vdLJ01q9ltFz3e+HT3wAfP90cemN0Hb97o8rLyxbn+1om5/OrxLdrPlGmzBWD4AFsy5Zm8fuyRqS4vW9tDabGKxyZk5sf3TOcjjkz3U78tBAPvi/nz3kiPjbdo8HVzs39rL2/fofMaGdv7ZcH0WXnumpsy48FHsmBG4/8TbrzHrtnqyENbHAJrzZ4wKS/fcW+mP/hIlpQ1Xmaoc59e2ePicxvF0AXTZ2X2xCcyZ8KkmgD47NR07tMrn3rglrTvVlIXVWeMeSQzHnykwW3bdS3JNicdkx1P+2qj71c5rzxTr70pL91+TxbMmJXBZ52RbU46psXH8/BRX05SE6/3v+2qFW770u33ZMaDYxuNr/br5o59RWqP+6Xb78mcRyc1un797QZm4EnHrNLjVLvPqVffmLnPTm1ymyfOvajJ+3T2hEmZM/GJmj/fHs9+t1xZd0wzxjySl+64t9F9kCRbffbQDD7rjCZD8OwJk+ru61VV+5x76Y576i576fZ7stWRh76r/UFLVL/197Tq1DfptNnaHgp8ILWqrq6uXtuD4INr9Linc+nN4zP6ohPTvaRTxj7xQvb9+q8z6rTDUjp/Uc696sHMfeiCdC/plGEnX163vu/mm66f0Red2OIw+8qst+ri8uH/c20uHTk8pfMX5Zwrx+Tun52Q4fvsmMnTZmbfr12e0vmLc+0Pj8qIg3dLafmiDD/zmrqZyQBrwwsDV/7u535Tm/4PIbBu2GbP81e6zfWXf7HJAFx3/S0T8+NfND4DyvJOOWnvfONL+6x0u1pl5Yvz3AuzkyTPTXs988oX181Y2O3t8ey2S/Pjeq+mTHs95W/Pcn7s7TWM18T3XdfVPi7PTXs9ZfMbzwLfbfDmKencIdsO2HQtjI73S8XEf2TO17+01uNvt1NHpts3T6/7+tUBfVbp9qszBFdM/EdmH/e5VbrN8uMHiuH1V59Nj002r4u6f7nr4nz8iDMabFNZsaBuVvAHOf5WzivPk+ddnOlj/pKtPntoNtlz17TrWlIXVuvPBE5qouWQs85InwP3XeF+Z0+YlKcv/W022WNItvpsTXib/eikPHf1jSmtNwu41vIx8KXb78mjZ5zdaLuBJx6TJWXlmf7gI+ncu2eSNLm/2n3u8fNz676eMeaRjP/Ktxttd9jf7m/xzNmbNt8lyYoD8OwJk/LkeRdn492H1N1Pc5+dmqlX39jo/qwdZ3MhtL6Xbr8nT1/627rZw5379Gp2vyuK4PXNGPNIJpxxdjbZfUgGvh3Cl5SV18TrP49ttP362w3MHhefWzfL94FPfr7R/d+5T6/sOPLkPD3qiqS6um6cS8rnN9pf5z69svfvLmly1vBzV9+YJ8+7uMFlX/jPP1d4PMk7j9Hy3+ewv9+/0tvCu1E94+YkSas+R6/lkcDaVVb27v9vaQYw79rkaTMbxN8kGTakXw7be4f84taaGS479+9Vd93YK07J5GkzU1q+KIMG9K67fNyTL6a0fFEmP1+zlm9t7E1qZgQPGtC77lTSw/fZMdf+8Ki6WcGjTjus7pTTJ5x3czbv2SNnHzQ0J5x/S7bo2SPDhvTL6ItOzPAzr8kWPXuYCQyssyqmTEmHbbdd28MA3kfHH7V7iwLwysx8rTQPj5+aiU/+J489+UrKm4iLTdlt8OY5/KCds9/HBjY6VfWqKCtfnNEPPJWHxk+tib8r+f7b9N8kRxy0c4Z/eudmv++Uaa/n8ONbdgq5u6//coNo+qurxq10dnVLo/rq2Ndd9z+Vh8dPzcPjW/7Gnt0Gb5799x6Y/fYeaPb3B9iSKc+sE/F3dVhw1+1ZcNftZgQDq11t1J389zuyWf+hDa57/dWa0+Yvf/kHzdxnpuaho76czr175rC/P9AgQG6y567ZceTJmXrNjXnu6hvr4l3lvBX/7lgwfVYmnHF25jw6KXtcfG6DWZdb9T00Wx15aJ67+sY8PeqKBkFw+pi/ZOCJX0j7bjUhcKsjD01lWXmjADj1mhvTrqRL9r5yVN0s0wXTZ+W5q2/M1GtvarBt7QzQ2gjc58B9s+VnDsnLd97bYLt/jboie15y3srvsHqamrVbe+xzn3ku+996VYOoucmeu2abk47JS7ffkyfOvajBsc+e8HgWzJhVd+zLq5xXnvFf+fZK9/v0qCvqQvCSsvJUljb/WFXOK8+jZ5ydGQ8+kh1P+2p2HHlyg+v7HLhv5j4zNRNOP6tB4K2djV07hv1vvSp/2OvTDY5nwYxZefT0sxrNrm7q2BfMmJXxX/l23czu+rb67KGNHv93a8GMWZkx5pGVvnEBVlXVCxeleuGrabPTr9b2UOADTQDmXak97fPoi05Mkpxw3s0ZNXJ4upd0qjkV9GHnZ/2unerW6q01aEDvlJYvyh/G/zv/nFobg3tl0IDe2W9I/yyrrk4G12zbplWrLK2qyj+nzsiom8ele5dO2XfXfhm+z44ZcfBuDfY7/Mxr8vKstzL2ilMyaEDvnHPlmLp1g2vXBbYmMLAuq3oP7+YCPjhKunRYaTDt2qX5OHvYcb/L1Ldn+66qx578Tx578j8p6dIhP/7BYdl/n1Vbm62sfHF+/IsH89C451ocnZOadY0vvPTB/Hnc1Pzfr7/Y5H5P/e5tLdrX9751wDo7Y3bKtNdz6ndvy8zX5q3ybWsfm+buI9Z9H8TTPreEEAysTl26bZSkJvS+8PS4fPbkd17Yf3bSA+m34z4f6Fm/ScMZtvs0Ed+SpH23kuw48uRs9dlDM+H0s1JZVp59rhzV7GzZ2RMmZfxXvp0lZeXZ8bSvNnvK3W1OOiZ9D9g3E04/K3MmPpGNdx+Sva8c1WQAXD4UJ8mQs89sEGA79+2VIeecmfW3H9ho1vBLd9yTLT97SN32e15yXhbMmJU5E5+o2+blO+/NTiNPXqX1c9ffruG/T2tj+pKy8gw+64xm1xbe6shD0+eAfTP+yyMzZ+IT6fOJYdnj5+c1O/u3/n7rz7xtbr+1wX7Pn5/XbOysnFeeh4/6cuY+OzUb7z6kUfytO8btB+bTf7o1T5xzUaZee1M69+6Zva8c1WAM7buVZKvPHtoovvf5xLBGp9auHeNDn/9Sg6i8YMasPHHuRY0i/HtZd7pdSZdGz5vnrrlJAGa1WvavbyapFn9hNRCAWWWl5Ysy4rybM/Y3p6R7SadMnjYzd499OmOffCF3/6zmtM7XnX10Dv+fazN63NN1p14uLV+UX9w6Pv+cOjMjDh6afYf0y9gnX8j19z+ekZf+odnvN6h/rwwb0i/DBvdLdaoz4rybs8vA3vnW5/dO95JOeWXWWzWnf961X7p36ZRLbx6XeQsWN1gruDZMD/+fa+rGDbAuWfDQQ+m0++5rexjA+2jma6UtCqe7reA00u82/tZXPr8ip373thx+0M758Q9atmbXQ+Om5ns/+sMqhd/llXTp0OTl3z3/Dy2Kph//2IAcf9S6+ffkXfc/lR9fOuY93T/Jih971l1VZfMy5+snFS7+1icEU1Q/+tGP6pZN6Nq1a77xjW+s5REVW5duG6WyYkH+/sAV2ax/TTisrFiQZyf9Mdvt+qkPfPydMeaRulC65WcOWWn47Ny310rXu537zNS6NVvblXTJwBNXvK5u7T5XtDZr+24lWX+7gQ1ibZL0OaDpiNfcrOGnL/1tg2C858/Pyx8+elCDbZ67+sYMOefMFY557jM1Z03p3Ltng5BYP9K2K+my0jWF23cryf63XbXSGakLps9qsN+VrWFbG+ybC7q16gfYlW2bJEPOqQnuG++xa5NRdpM9d20cgJs5rvbdSrLPlaPywKc+3yDQvnznvRly9pnvKfrWt+PIkzNnwqQGp7Ge8+ikzJ4waZXWXKZYqt/6R5KkVduuSdcd3v2Ols7LsieOT1KdNrs33wqAlhOAWWUnnH9zLn17tu/YJ2pm2U6+4YwM/59rsu/XLs8jvzklw/fZMXf/7IS6CHv9/Y/nkUkv5LP77ZwkGTlqdF55bW6Lvt/k52dl8vOzcukt47NFz/Uz4uDdMmSbvhlx3s3Zd0i/fOuovTP5hjMy4rybs+XhP0qSHP/poRk2pOZ7X3ffY3nltbdyzpc/mUtHDs8J59+cu3924vtwzwA0VnbXXS3arvT3v0/JEUc4DTQU2Pd+dM9Kt+m1abc1NsP17vufSknnDvn+yANXuN2Fo8bk97c99p6/X1PHdf0tE/OXvza9vlx9vTbtlp/88LD3PIb3w5Rpr6+W+MsH15vf/XaWzZyxtoexRiy46/Ys/POYdB3xpZQcf1Jad+22tocE79qvfvWrXHjhBUlq4u+YMe99mQZW7m/3/ybzy95Ivx1rllN4ddqkDNrrs2t5VO9d5bzyTKg3S7bvapoROeH0s+o+36SZUNiUlUXN5QNwu5IuK9z3Nicd02hN3DmPTmqwTee+vbLjaV/N05f+tu6yl+68NzuOPHmF+577bE0AXj5ATzj9rCwpK2/yuhVZ2WzU+vvdZI/VEy2fHnVFXfzt3Ltni2Poisbarmvj+6xzn+bfVNC5b69sc9IxDe7/JJnx4CMrfT6szOwJNY/1Jnvsmr4H7JvZj05qEJqnXn2jAPxhsejVVM3+U6pnP5DqRdOTRdOb3KxVj4+k1SafTuseH2lZFF46L0sfPTxJddruMXr1jhk+xARgVsmlN4/Lzm/PyL3uvsdywvm35NofHpURB++Wsb85JVscdn4uvXl8rjv76Lq1eUece3OGDdk6uwzsnePOviGl8xena/WS/O/SVzOlVZfc1XaTFX7P3ZeVJmmVma3b55XXknOuHJPuXTrmnC9/MtXV1Rl+5jW57qyj69YYTt451fTIUaNz3f016wUPG9yvZk3gcf/Odfc91ug00gCrw6KJE1N2111p17dvFk2cmEWPNR1NWnfpkqr5DU+dNH348HTabbe07to1XQ8/PJ33339NDBl4H818rTSP/fM/ueyqcS2a5Xr859fsDNff3/ZY9ttnm+zezMzTu+5/arXE36ZMmfZ6Lrt6XIu2vfynn3tP6xa/n757/j2rLf5u23/dPL01zSu/7sosemjMattfp/0OyHqf+GTa9u6Tdttu32RgrSqblyVTnkmSLJ44IZVTnsnSmTOy5LlnV9s4VqS6vCzzfnVJyq67SgjmA6u0tLRR/N15553X8qiK74Wnx2X6C0+kc9cN02PjLTJ/3jsh+IPu6VFX1EXFJNl4NYTFl26/p8EpfZs7TfG7sXyQXf7Uy00ZeNIxjWYBL5g+q8FM54EnHtNgbeMlZeWZes2NK5wRWxsXl1/Xtv6xd1mF00ivyIwxjzQI36vjPq2cV57nrnlnpu7qeOyb076JKFzfVp89tFEAXjBj1mr53u1KutTdXzuOPLnBc2HGn8c2ei5QLNVv/T1Vz19UN9t35dv/I9Vv/SNVqYnBrbf4alpt8qmmNy77d5Y+eXzStmtN/G3r35WwugjAtFhp+aJcd//jdev6jjh4t4x94sWccP4tGffkizn+oKFp1SoZNKDml/0rs97KOVeOybe/sE++dcndGfvki0mSrtVLckvHl7Ndl9ZpXZJcUv5CLpndLr9s+84Lj32qF+X8rdpm27LXMuDQA9N+QP/MOfvcXLqwR65r0yul85PTRo3OsMFb57yvfqrR+r6Tp83MCefdnMnPz8rxnx6aQQN6ZcR5N+eVP/ww53z5wAz72uUZvs+OTgUNrHa1p3Euvf76RvG3ba9e6bTbbtng7VPLvfmrX2XBQw81CMHLysrS/fjjxV/4ADr+lN+/p9u/21McD+y3SaM4Wla+uMWni7786nHZfXDjdWcnPvmffL8Fs5ZbqnfP7g3G970ftSycnnLS3uv0ur8tuZ8H9tskuw/ePCVvP07l5Ysz5fnZmTLt9cxf8M59ULKORm6atmzG9JT+atR73k+bXr3T/Zunp9P+B7YopLbu2i0ddv9IktT9mdSE4YqJE7J44oS0XQOnaBaC+SC77LLLMm/ePPF3DaqsWJDH/1Lzb6Xtdq2JALVrAhfBS3c0/DfT6jjl7owxj7znfaxOTUXi5YNf+24ljWahPnfNTRl44jHN3idzHp2UjXcf8v/snXlcFPX/x18ghwi7HJYgh5gZsBRSIIffFDVRS4WQLA9ENM8SUvNI8S7zSPNI6KdpKiipeYCgJoihUAkoJJDAqpHALggaLLsccv/+WHfZ2Z3dnT04tHk+HvuQmf3MZz7zmVlc5jWv15vQV2cde9EZ4nnShljLSUohiP/SNXK1iTLBmkyA1cYxVqbfJrilneYGyYjpuXsOyNQbpnkBaChBa+5nlIVfMtqr/kBr1R8A4w3oDfmO6Ajm/4WWjAAA7dBzi6LFXxoaLUMLwDSUWbo7DnuXBRDWHds4HW86WGPZ3gs4dukWQiZ4YOn0kbhzj4ulu+Pw1cL3MHJRBHi1TwF0iL9v9DdFE/sedBkCtAlq8cVQdwy6x8GGp5bg6+gj7pUGHCkHDtQxwTycBlb7Fdi29wFHpzdmt5YhX8cEyb364nr23/Bffhjxu+YJx/dMBF66Ow4Py6twdP00zPnqFDbNXyeuRWzGMMLeZQFYujsOxzZO7/J5pKGheTFo4/PBi44G//x5GLJYMPL0hMmYMdCztYWRzYQz6gAAIABJREFUl5dYCG7IyAAAGLJY0GUyCX1Y7tgBAGjhcNDM5cq0EcTG4t/9+wEAJr6+MPL0pIVhGpoXlHdGOFCOOLa2MoWvj6NC5y4gFFm37k1E3OVchf1lZheDW84jCLSAMPqZKibGhvAd6QhfHyexiMkt56Hw3iMkp7JR9qiG0P/WvYkovK9cOPV4yx5h83quMyg5la20TcT2j+A7Uv7NuoJ7jxB7KQfnL+XAtj99w+N5omrrJo3q/uqYMITC6ex5WhFOdZmmMBr7LozGvqtxX6pAC8E0zxs8Hg+pqakYPnwEgoODafG3i3iQdwNNjfUwf3kAnIdO6O7haJWKm8Q43H5e7lrpV7LOKiAUUivSs2Du7EgQU6VjjCvSb6P6LhuDpvgpjUNWBWn3qe3YUaTtVHEBV99lo45bLvOe9LEXnU1Adf49ggBq7uwoM6ZaThkqb95GP2930tjjCqnYam0gLVZzklLwy3vTCHNvbGsNE4n45ia+ANX5bNSVlqG9vV1rwmlTjYCwrM8woeTuVkb1XbaM+Oy+cSV+mTBNvPzPuQQMWbaIdgG/QLRXXEZr7mdAi9T3XT0GdCzehk7ft6HzTMzVsXhb+F5DCdobStH+7+9oq/gFENzt2E4gFHt1X1sF3YEL0M45idaC9QDaoed1QbP6wTQ0NKTQAjANJR6WVeFheZU4+nnZnjgEjHTB0Q3TsXT6SIxyHwyeoEH876ZDifhq4XvwX3FYLP56tfKwo+UeHN/2Rl3KDegyTGDiOwYtT/5FL3Mz+LPZMGypwSf6r6NORw/jTBqgV/sUrPZajG2rQoaOKWx1hH2tb/kbpu3NOKdnBV7tU/ivIIrAxzZMx5szd4EnaEDK959ioLUFAKGLWTTOTYcS8bCsSvweDQ0NDVWqIiLAO3YMbQLhH1ctXC7qkpPxZOtWGHl6Ehy8IiFYEXq2ttCztQVAFJZbuFxxG15UFHhRUdBlMMAMDITZrFnibWhoaJ5frK1MEb50vEKBUJKt6/wROJHajWomoze2r38fNv3NEPljqsK2yTfYBPfx+Us5lB3EAROGIHzpeJKIZntgoivCl43H+Us5YJoYivelTJQGhKJy5I6PKI2hp8IwMVR6blkOVmA5WCF03sgeG3NNI0tzwV2Nop/1nZzx0o490Ge9rsVRycc0dBn4xw6jvVagvLGavChCcGpqKnR0dFBcXAx7e+FDNgMGDBD/TKOcnJwc8Pl88Hg8AICZmVmPmkMzMzMkJdH1frsaA0Nj6BsY4Z3AFRr1U1X5EAaGxj3KPSxdC7ezaOYLUJl+W2Z/eRI/6zNMYOk9FC7LFqkUb0xFJOQkEYVOR4nIZklUcQEXnYmHPsOEUONXWsQEhDHGdZwymTGIMLbpD3NnR9iOHw23DStI3cZ1pWUy7lwTBTV1qdLElx1vdT5bXNtYHrZjR2HQh/5aFeml58dprnzntSpUpN+G5f88UJmeRVhvO240YZ9FZ+MVxn3TPD+0PfwBbQXriCt726LXayuhYzVBvlPXaAB0jAZAx+Jt6L62CuD/hdb736C98orw/RY+2grWoY1zChD8BegxaPGXhqYToQVgGkpsOpSITfPHi+vqhkz0xLGLmQiZ6IGB/YUC6ij3wQCA2V+exPIZowjiLwCE9WuCbVkjGm5nQZdhAl0GA82lHDSXlaGlrBx61v0xVlCOsa1P4FdkirGt9WCiF/brDsAn+sQbI68a94KnTX+cK2oHALEIHPNlMJbujkPczo8Rt/NjsWjNEzRg3+lU7D15A2862CDl/xZj0/zx2HQokXYB09DQUEbkyJUUZqVpyMxEQ2Ym9Gxs0DcsDIzJkyn1LRJ+JYVl0nYCgVgMNvL0hEVoKCWRmYaGpufh6WaPkKleGOND/eYcVfFXkpCpXkoFYL7EdzYAiL2UQ6nvWR95InzZeKXtROPmlvOwZssFSn1HfjO1xwuiAsFTxe/XNiL6dAZmUajt3NOPlYYI/9ghtbc19PDGy//3Y5eKo6afLQdj9jwIjh3uUiHYYu1m6NnYdNq+tEVqaioiIyOQkJAgt82QIUNw8OAPcHV1RWpqKt59V/nvPhFXriTCx8cHALBlyxZx7Vl5jBjhA1fXIVi8OJQgmjo6OqK0tES8fOrUafj7yzrcJOHxeLC27i9etrMbADZbKEr06UO9JNLw4SMUiqaiOUxNTUVNDXnN+54whyKkj72+vkHpGKTn39TUFOXlj6gM/z/Lg7wb4hq/g11Galzvt6mxDjm/n4OBoTE8xgTDwNBYG8PUOpKxuOpSVypbt9WM5QD3jSvlbmPAZKhd01aZSFh9l02oc+u9azMsh8mPFqbqAi46Gw/bcaMJ+ycbi6JjN7G1puQ6rSWphVvL6Zy6tWNOKf6eoGju5KHPMFH4flONgCC6v/KBn1bE2Oq7bDQLapG1eafStsrivmmeD9o5J2XEX93BK6D7ykLVI5qZb6CXezTaq35Ha9YsoOXZd1DBXwCAXkP20+IvDU0nQgvANErhCRrEQurS3XHg1T7FW442uJ5tgdGffg8AOLp+mjh6ed773vjs2/ME8RcAPn1ijnW6/fAuGmEbNBW8mJ/QcDsLetb9YTx6pPhnZkUL+Dr6OKcnrPU2tvUJphvWwcd9MF5zsIMh2lHz0584wm4E9F/tGGftU6z9v0tYMXM0Nh1KxN7PA8ATNGDz4UTsPXkDvNqnCJnggU3zhX9kilzAPEEDXQuYhoZGIVSEX2lauFxUrF6N6mPH8HJ4uFyRlqrwS0ZDZia4s2bByNMTL4WHw5DFUml7Ghqa7iUzuxiZ2cVgmBgiZJo3Zn3kqZEIyBc8ReGDCrS3Azo6AMPYECwHKzAZveHxlj1u/VmscCyS/ShqK8LjLXtK4q8kn676mVLd31kfeSqMt+4pUKnZu3VvEs5fykHgRFd4vGXfY+sZ01CnlVOKutizam2r7+Tc5eKvCF2maZcLwf+uXgYdBlN5426iuLgYU6d+hNxc5akEubm5coVNbZOWloq0tFRERETg4MEfEBwcDADw9/dDZGSkuF1CQoJSAVha1Pb399PqWHk8HqZOnYq0NMUPGgHdN4c7dnyDsLAwjfqLj48niL8AUFNTg+PHj4vPD40sBr374PfLBwhibVXlQ5iYvqyyeJt5LQoFWVfEyw/+uoFX3/CB55hZ3S4EG5O4SOtKNRMW9ZmyApoBk6GWcKgp1XfZSJ42H818AfQZJnDfuJI0XlkSKi5gTmIKmgW1SvsCtHPsZG7fZhL3rjbojPOkyKXdVCPAtWnzUfdM5HacMwPum+Q/LKAKIoevKNrcgMmAsa212OFcnc+mFPfdGeyLOA8dHR3xsu87bnBmdf7fEEejEiGorRcvzw4eDyazT6fvVxH5BcXIuFWIjMwC8AUdY7O1eRlenk4Y+447pTG2V/2O1rwlHSv0GOg1ZD90LDWL7texeBt6o7PRkh5AiIVuq7iCXhT7ljzfqp5r6WslMGA4bG2oJUnkFxTjfNxvyC8sBof7BLY2L4nn9YOAEQq3PRubhrKyJ5THKc1ni6mZSkTjTP41W7ysyeeBw32M83G/AQAYjD74IGAE5WtcclsRqhyHCD6/Hld/zUJGZiE43Mfg8+vFY/D2ZFE+PunxMBh9MGeWavcxRPTEz74yaAGYRinHLmZi9iQPAMDSaT7gCRow+8uTMDPpjY3zxmGU22CMch+Mh2VV4AkakJx5D3fuyz5Vx0QLrur2Bb+uBmMPRGHw0DfQKhCgF4MBXXNz6FlZoa2uDnsG68DzPhu27Y1gtdeCiVYY9HdAU8ovaBe4o6W/8KbZvElDcexKGTg6HeLtnftluJVfioflVbhzjwszEyNsOpSIkW+9imMbpsvEPc+e5IG4G3mYPcmzE2eQhobmeaUhIwMVa9aoJPxK01RYCO6sWTD29cXLa9bIRD2rI/zKjDMzE6UBAWBMnoyXw8Nlag3T0ND0bAS1jYg4fAPJNwqxbZ0/JYGQL3iKuMs5KLhfgczsh+CWK76hzngWv0yFAgq1eQGhs1gVtu5JpBQr7TjYUmVhubvwdBuo1F0NAIX3K7B1r9A5xzAxhKfbQHi52WOMj6NM7WWank/t+Z/V2k7HhAHLE2e6PRa5O4TgnkhOTg7efXc8qSDp4uICU1PhZ7Omhoe8PGHAqqlp15+7hQsXwN7eHj4+Ppg5M5ggAF+8KN+xLCIhIZ6wPHOm9sRKdeawO/jii1VwdXUVO4jV4cSJ43LWn6AFYAUMeM0Dd347i5P75onXvfqGD4ZP+ETlvjzHhKDk/m3U8YU30u0Gu6vVT2dAJgBXpN/GIDvlwqY8DEwZMLbpjzpuuXhdZUYWmmoEXeaurCstQ+GRn8A+EgNjm/5wWboQg6b4U96/Mhdw0Zl4GNv0JxVLzVgO4BXcEy9r49jJBPnSxBSNI5iNba0BKdc3Rwv9UqXoTDyyvtwFtLfjlQ/8tF6Ht+hMPNw2rICTnMjvphoBLrw9QXyei84mdJkA/F1kHGG5vb290wXg9MwCbNkeI7PfJaGBnbpfhePZFoOCwhLS9zNQiHOxaQAO4YPJI/DZ4gD5wmdDCVqzQjqWtR3PrGcKPe84ggjczj2Fdst3KQnMkuf7SFQiUpN3UxbfpK8VTw8npQIwn1+PLdtjns1fB1zuE/G87ouIxbrVQRjnS177/VxsGjJvFVIaIxmqCKcr1/yAQnapePlsbBpSk3ertd+rydnYFxHbsXwtCz9FhVPalsN9QtgWUO04ONzH+C4yDknJWRBIPMwgSUZmIfZFxILlNADr1gTB21O+IeZcbJrM+VdHAE5KzpL57DNM+mBOSM++d6Hb3QOg6flEXbqFgJEuAICB1hY4tnE6/oldB9fXbLD5cJLYPbv3VCrm+nth32nym2AcHSNc7fUStui/igIdY7QKBGgTCNDIZqOtuhptdXVg+vuhpawMsyd54r2FU2EX9BGMhrqjiS380tdwOwtttbWwWLQALfHx8GqV/UNz3+lULJ8xCsv2xGGgtQVCJnhARwektX4DRrpg3ynlN+1oaGj+WzRkZIAbHAzurFkaib+S1CUnoyQgALyoKFSsXo0iDw9U7d+vsfgriSA2FpzgYDQWFGitTxoaGuoETBiCxXN9ZF4eb9nDxFi5AFt4vwKhq38GX0GsMLech8Vf/AzPcTuxdW8SYi/lKBV/AVBy3YrIzH5IqZ2nCg7djOxiRP+cqbSdibEhvv/m+an76+VmD8fBliptI6htxLVUNrbuTcKYwP2YtTgaGdnKHdc0PYfa2DNqbWcVc7bbxV9JREKwzfV0mIYug47JfyeuUeRalRYuw8PXoqysHBkZmUhKSkJSUhIyMjJRUFCI8PC1cHUlj+EfPnwE6usb5L4UCY9XriSK2928mY7w8LVgSj3MFxGxHwDg6uoKO7sB4vU1NTWIjycKvNLHefHiRfGynd0AuccAQOExSMc/83g8LFy4QGYOFy9ejIKCQpk5LCsrx44d38itA6zJHIaHr6U8h+pQXFxMmEdJ0tJSUVxM/w5XxLszNsDjnWC4vv0B/GZv00i0lYyQtrAcqI3hEaiteazWdpbDhsrE87Il4pIVUVdahqKzCTK1VQGgn7esMFp0Vv5nXhpOYgry9h4krakrTfVdNvL2HEDe3oNInf85fnlvGi4Mnwj2kRg4zpmB9/+4rHI9WZELWJLCIz+hqUaAphoBOFevy3X/kq1nH4khaUkOJzEF6cs3ovousQ7vKx8QUxD+OZdAGrdNRuGPMahMz5Jpb0ci9BZSPP+A8BpIX74RFTcV15KuLrgnPkd5ew8ieep8nHHxQfqKjTBgMvD+75cxbPeXWhV/K27eRh23HIOmyH+YwcCUQajhXMcpQ9EZ6tfp88bRqETZddFdX1eez6/HotC9CArZJlf8leZcbBomTV6Ps1KCpojW3M+Alo4H9zqlNu8zERi9baX2q1pCiEBQjxkhW7U7Ngn4fGH/0uKvNFzuE3wStg/fRcYqbNfZpGcWEMRfQDg2eedaGXxBHWFZKLieV3t8VNkXcR4jfZfjXGyaXPFXkoLCEgSFbMOqcPXL81DlaDTJZ/+47LqeBi0A0yjkYVkVXF+zIUQk8wQNGGhtgesHFuPP48vxpoMNrmc9gBmjN7796Tqlfr3dHWCxaAGMR4+CnrXsF5NG9j1UHfgBNTEn0cgmflmrS7kBXsxJcGAojomW5sf4DNhbWeB61gPs/TwA9lYd4u/1rAfgCYT1fcwYRrDvb4GHZVWUxk1DQ/NiIyn8NmQqFypUpU0gwJOtWyGI7bwvhk2FheDSIjANTbcweeKbCJs3UuZ1/PtZ+DX2Myyeq9x5xC2vwda95H9ERJ3KQMCsH3AtlU36fldibWVKOa6aL3iK0C9OU2q7ff373eqILbinei3H7ev9KQn88sjMLkbI4mis2RKvUPyn6Rk0F9xFK5ej8nbGk6dAn/V6J4xIc/6LQvDKlStRUtIh2jGZTFy5koh169bBzEz2d5C9vT3WrVsns17buLq6Yt26ddi5cxdhPY/XcVNUOsJZUd3i1FTiw87ajH+OiIiQic4+ePAH7Ny5i1TkNTMzQ1hYmFwBWFvIm8PcXPUdyMePE92/4eFrCcuaiMsvIk2NxJvGBobGcB46AW++PQUW/TQTbQ0M+2D6ksOYvuQwDAy1G7nY1FiHlNhv1RaBpQWy6nw2JRGsNCkF6cs3IHnqPPxk/xayNnXUWR1C4qKkKugCQNbmncjbcwC/TJimtG0TXwDbcaNR9PMFcJJSxPG+AMA++hPSl2+ktE9pHD8OIojjIhewKFZYnrA4aIq/jKheeOQnGUFXHrl7DqDobDx+mTCNINiSCctZX+6SWSdNXWkZsr/cheSp83Bh+ERcfneq+D3b8aNhxnIgtK9Mv61U0BVR+GMMis7G49q0+QqPr5kvgOPHQaj+qxB5ew6gMv22OMK6jlOGa9PmU742qJK35wBsx45SKvxLz6tk9PeLBIf7mBCxK0IgqFdbaFMHkTh59ZrsWJQhENSDy5X9Pdde9Tvaq/4QL+sOXtF5tXn1TNHLVeL/zhY+WvNV/55VUFiCr7ae0OLAOlgYupeysA4A+yJiSa8BDslcdwZkDyYAwDES0VJdRK7czmLlmh9knLpUuZtP7SF2dckvKCZ1cnO5Tzp1TrQBLQDTKOR69gOMchfW2Z29+SSuZz3AqE8iMfqTSPAEDXjTwQYAcOziLfgOdcCF1L+U9vlZSzFMbqeDHxuHp/kFMBrqDuPRo2CxaAGay8qgZ20NI3c3vLTycxgNdcfd2nb4672JT/RYeGnl5zBwdEBLWTls0QivVh7pPqIu38I8fy8cu3gLZgwjHNs4HXfucWE+JhyjP/0erwR8hWMXheLOKLdXcT37gZZmjIaG5nmFd+wYqvbvR2N+fqfvy8jDA0YeHp3Wf5tAgKr99I0oGpqeBJPRG2HzRmLWR8rLTpAJvOcv5WDbviSVnLydiSoiLZPRG+lR03ErzArX+iYgqfmA3JfD8ndQsXAK6i6qF7ErDwFFYVWd+WU5WOH497NgbaWZszP2Ug5CV2v3uGm0z9OMP5Q3IsEsbLmWR6IabXzlrgqREGwdnwTjyVO6YFTdQ3FxMWJiiDcL165dp1E8sLaRFkklHabSEc6KYqClxWFtxT/zeDxERkYQ1oWHr+1RUcjSc8jjVavdl6QAbGc3AOvWrSM4jE+c6Jybz88rj0ry1RZRleE8dAIMDI3ForI2KLl/C1dOfomEo2tQVVmMhGOr8fvlA6iqVO1mssuyRTKCZdaXu5QKlpzEFMKypGPW2M4aLksXEt5v5gsoCX1FZ+LF8dHGNv2Vjh8AzF93xHu/nJZxyQJC57E6IrA8F3DRmXj083KX61Y1MGXIxAg38wVIX7FR6bFX3Lwtjo9+5QM/wj4shw0V17IVwUlKQeGPit3F0s5racHTfaNsvd3UBZ8rPf9NNQIUnRP+rja26Q/z1+XX+QWE8+JzeA+8d22Wud6q89lKRWRV4CSmoDIji1KUteWwoYTrrI5TJnNtvwhIx9pK0pUO0OmzviYVJxkmRggMGI51q4MQE7UGny0OQGDAcDBMOoxdgQHDSeOq2+53PHyC3rbQfW1Vp4xdhI7F29Cx6XiQop17GmigLriKOHY8SeviO5nY5+RohxvJ3+Lvgmj8mXEAO7bOJ8wrAGzZFiMj+C4JDcRniwMIr9nB42T26fuOm0y7zxYHUBqvvAcTAKFInp6pPYPIqvBDnSJqr1zzg0zdYBGiuYmJWoP/278Eny0OgJOjnfh9J0c7nIxeS7qttiBz/4o41sNdwLQATKOQ61l/Y5TbYBy7mIm4G8InZnPul6Fa0IClu4lPZJxNySXrgsAWw0fYEPIOrHbvhInvGDQ/eICamJOo+r+DaBMIoG9tDYtFC9BWW4uSAz9ix5+P4WfghvxeDKxrKULD7Sz8wy6G8eiRMJ0xDT8YlSCmKRc7mmW/3JxNycWd+1yx2zdg5RGMdBuMlO8/xcZ547F0dxx4ggaMch+M61l/a2G2aGhonmfMZs+GzYkTGJSVhcFsNmyio/HSmjWdItTanDgBmxMnMJjNhl1cHF5aswYGTk5a3UdDRoZW+6OhodEOIdOU180V1DYSIoEzsosRvoVajJq1lSk83rKXeWniUCWj7BH5Q3jy6GVtB8aM+bC5mAnLA2eg/5qz3LaNWTfx76Zl4Pp5aU0IplrXmFuu2nGJYDlYIS56ARbP9dFICM7MLkbUKfr3d0/macZNlbcxnjwFvWztlDfsRLijh6Fm/25KQnAvWzv03bEXNr/efCGFYGlXrJ3dAISFhXXTaMiRjhSWFDPJYqClj0mEZP1fZfHPqpCamkqIfmYymQgNDdVK39qCxyP+Ph8yRL1jT01NRWlpxw1p0XH6+XWIPzU1NTIu4f8yA17zQOa1KIITuKmxDhWlPTOhaMBrHhj8xkjU8oU3tJsa66FvaKSyW9nAlIFh335JWNfMFyBZgSBXV1qGSonasY5zZsgIoi7LFskIsiKhT150cVONQOzA1GeYkIqTCo9j95fw3rVZ5j2RCKyqy5TMBVyZkSU3/lmE09wguccub06baoQiMSD/2H0O7ZFx7GZ/uUuhY1vyPWOb/jKituWwoTJzJjr/ipzAWZt3il28qpynQR/6w/f0YZnjqM5nK7zmqNJUI8DNZ/MoGe+sCOl2qsRgPw/w+fUKHbdc7hOtCm3y+GrrCZmoXwD4bHEAUq/twc5tCzAnZDy8PVlYEhqIndsWIPXaHrHwuHPbAtlO+X8R3L+9XqN+LWqC9H7aKn5Rq58t22KQX6C9cgxXrxEdndbWfXEyeq24ZjCT2QdTJo9A6rU9YiGSYWKEdWuCZOoKT5k8AktCAwmv9eEzZfY5J2S8TDuqdaUVPZgAyHcHq4NAUI9Fofu01h8grK1LJv76vuOGG8nf4mDkUiwJDYS3JwvjfN2xJDQQl+K+RkzUGvi+44aDkUsp14JWBw73sVxxGhDGY2vz+tM2tABMo5Cc+1wMtLbAw/IqzJ7kiYH9hTV19y4LwMNyYWzy9awHeNPBGhdSFUcqjTFqxEL/oWh98gR3Nm7Hks3RWFnfH1wYoqX8EZ7s3I2qAz8ga9lafH0pF8MbWfhOr+MP3WO9rPEo5Tdc1e2LRym/4d+sO3jMfAkjHCxh2t4is78LqXmYPdED17Mf4GFZFYofVePYhukY5T4YS6ePRE3dU9y5x8WbDjbIua+dGp80NDQvDkZeXh2i8K1bsAgNJY2s1xRDFgtms2djwIULsIuL05rgzAyk9kWRhoama1En3jji8A2lbQImDMG182H4NfYzHP9+lsyL5UBeNoMMponyaGdueY3accWGQ/+H/ievwnT+5wrbtZZz8O+mZahYOAWtZbI3ObQNt5yHskeq1Z6SROTy/jX2M8RGzcesjzxVrg8MANE/0wJwT+ZpZrrK2/TxfbcTRqIa7QI+avbvRvn741F3nloN4xdVCO6MWGQ+vwZpaWmkr5ycHJXHt2oV8YaodPy0bAy0rGgRHx8PPr+jjh+V45R3DGlpaVLtiHPo5+dPGp2tCtqcw5ycHGzd+jVhnboR3tLCrr+/ULDy8yPOJ+0CJuI8dALij65G4smvkHBsNc7+XxgEvMruHpZcJGsLA1DbXWw7frRKIuDN5RvEPzvOmQH3TeSiy7DdX8JxzgzCuup8Ni5PmIa8vQcJQnBTjQCpCz5HHacM+gwT+J4+rNRVSsagD/3x3uVTMu5hUVQx1bq5gFBUJot6NndWPq5hu7+E24YVhHXV+Wz8MmEasjYTHdZ1pWXiYzdjOcD39GHS6GIDUwapeJq+YiNpdDEnMUXspjZjOeC9X8hLmwz60B8+P+yWEbuvTZuP1PmfE66BphoBsjbvwj/P3L/euzZTctpKYv66I3xPH4bt2FGE9aJrjmodajLSl29AM18AM5YD5brP0oK+KjHYzwNHo68QapJaW/dFYMBwQpvOdgFzuI9x7LhsveEdW+djSWigXBGMyewjV3gEgLaKyx0LvW2hYztdK+NVitEA6PTr+J7cLjkOFRAI6rEq/BD4fOU1Y9XB2cmedG6ZzD7YuW2BWHyfMnlEp+xfEXx+vYw4Ke0cTv41W6uu3YLCEq3V3OXz60n7CgwYjoORS2UEdUm8PVlK22gD6TrQnh5O8PQgmngUOYS7G73uHgBNz8b0WZSBmYkRoi7dQsDIN3Bs43TM3nxSXBc47sZfGOfliIfl5JFKzPZmrH3VAB/0NUAF9zHmplUgo5ez+Oo7p2cFhk4N3jcvRLN+K6p19aDXyoFXryr8+cgG/VqM4NteBVZ7LQCAq2OIRXrOEPzdC/m9XsYDbhryew2Q2e/D8mo4DOiHpAw2Aka6wNS4N/adTsXGeeOx96TwRurA/haE46ShoaEhQ5fJhEVYGMxCQsCLikJVRITyjdTAkMWCzYkTqPjiCwj7dEzHAAAgAElEQVTi1Kt7AQAGTk6w6GFOFhoaGiFURVOhE9UefMFT3PpT8dOkAROGYPv69yn0Rw0nimJx1OkMhM0bqbyhHEwXLoeetS3+3axYCG7MuomyGeNgdfAM9B3Vq0N1689i8AVPFdYtPn9JNYFBESwHK7Hozhc8RXIqG7GXcpSeS0Aorhfce6SSaE/TNbTxa9Au4CtvKIGOCQNGY7tfABbRyuXg39XLwNv/LczClsM48EOl24iEYLOw5eDt/xZ1sWe7YKSdh7S7dsQIzaOfc3NzMX68bJwfAAwfPgJJSbI3a0WsWrUSpqZm4rFJ1iYGhNHK0vHUoaFhiIyMFC8nJFyUqXkrHf8cGqr8u6G8YwCA+voG8c85OcT0ryFDhijtWxmazOGJEyfEIjXVOaQCj8cjxIW7uLiI3dj+/v6wsxsgdgenpaWiuLi402scPy9YDXDGO4HL8SDvBgx6G2PwGyNhYtq5N2g1obbmMewGu8N56AQ8Ks1HVeVDtcc76EN/mDs7ImvzTrG7VyQC2o4bDdvxo2HAZKDwxxhUZmShn5c7XJYtguWwoQr7dd+0ErbjRwtrv0r0m7fnAPL2HIA+kwETW2tx7V6XpQvh+HEQZfGODFEkdN6eA2Af7RATq/PZuDB8IgZN8cegD/3Rz9tdQS9CnOYGEfoQ9U8Fp7lBsPQeirw9B8C5el28nn0kBuwjxOhmfYYJpWMXicDsIzEo/DEGzQLhPce8PQdQdCYetuNGw278aFSk30bhjzHQZ5jAaW6Q0n5tx4/G+96XZeaMk5QirnssST8vd7hvXKmWSC86Dp/De1D4YwyyJWoZN/MFyNq8E0Vn4uE4NwjmLAe5+5AW+SXnWdrprAjz1x1hxnIQx28DAPvHGKXX9vOCdMzwx7PehZenE0F8y8gsBIf7uNMEKTKn57rVQRoLj+1Vv4t/1rV6T6O+VEXX8j20Vl55Ng7Vk3ZECEXJH3AgYqm2htbRN1t+NLUzyx7OrO77v/9o9BXCsrV1XywJDUR6ZiEhxvpoVKLcBwDU4VxsGjw9nDS+9pKuZREerACEzl9Sp3o3wOfX42g08TvonFnjAYAwv+fjfsOS0MmdLkarAy0A08jlYVmVWCCdPckTxy7dwuhPvwcAmBr3xvUDiwEAd+5xxXWCpRnb+gQRLkZ4eZgr4n/NwWdFteD36ngyeMqA3zH59UIwdfnQ1wOamwGrfsCjSkBfHzA0AB7VDkDjP+aoyLXBAj0WbvUyByAUlo/3rYReuxUser0MkDzI0tTSgjv3hO7evZ8HYM5Xp7DpkPCJjKPrp2GgtfD4zBhGwuN9tkxDQ0NDhkgINvb1BXfmTLTV1nbKfix37EBdcrJa/ZvNmoWX1nZu7QsaGhr1iaUoMoqcwlSii0OmKo6VzsguVsnZ6uUmjIyurVNcDzf6dAZCpnopFFWVYew3FU3suxCc+lFhu/ZaPsqDxqN/TKKMCEzFsQwI515eBHfBvUeIPt05zlsmozcCJ7oicKIrzl/KoRTnze8htZ5piDQX3FV5m95ewzphJJpDC8EdaOpc1ZTcXPJSSosXL4afnz+pcGlvbw8XFxfk5QlTuEpKipGTk0OIeJZ0BUsKl52BtqKl1aWkRFb0BRTPIRWk3b/SNZT9/f0IQvzx48fVdho/71RVPpSJTLboNxCeY1SLUe4uDHr3wTuBQpep1QD5ZSqoYv66I3x/Pozqu2xwklJQfZeNJr4ATTV8FP18AQZMBmzHjYL7hhUqCX+Ww4bCclhHv9LuSmNbYc3gft5DlQq//byHwmWp8F8TW2uFtXjdN62E09wg5O45gOp8NngF96DPMEFtKRe1pVxKLlFRPePa0jKY2FnD2Fa1dC3z1x3hc3gP6krLUPpsTus4HS5kc2dHYX1fCscueWwuyxbB8eMgoUCbmIImvgDV+Wywj8Sg+m4hDJgMuG9YAUvvoXLniKxf900r4bJskfj8i4R5ADBgMmD+uiMGTfFX2KfJs/Np7uwIc2dHhW2d5gbBbtxoFP4Yg4r0jhrITTV8VPxxC5ZSdY/7ebnD3NlRxp1dfZeNipu30c/LHbbjRyuN6ZZm2LdfImtzRy1Z4XUv0OhBhJ7A2dg0lJX9K15mmBjhg8kjwGT2gaeHE0EI2hcR22ni1dVkYjSxk6Md5oSM17hfSeFVx+JtjftTBR2rCUDeEomx/E55DNJzf/VaNo5GJWo8J16eLCCyw5TB5T7BpMnrcCBiSY8T+KQfTBAJsktCJyMoZJt4/bm43xS6xKkgPd9btsXA2WmARgK49DUNAOvDqT940tlIC9TW1n0xztdd/LPk74VzsWmUY7u7EloAppHLw/IqDLQWiq1mDCPcObEC17MegFfbgFFug8UO4DcdbMQiK7O9GTta7oHZ3gq9XrqwnvQuzHWfohG6sHvCRXZTR3xfhlMLzF3/Bp8nQC0AI0Og4SmQcf9N9O9zB62tgKAWaGsuQR+7arxaD5y8Xwk8S3uuHT0W7b37oaa+HoG/3cDM1mYAQH0vfXzebxiSq9px5x4XvFrhk8qzJ3lilNtg4XH1tyCIvW86WD87XloApqGhUY7IqVsaEKC8sQb7aLh1i3J7Iw8PWISFwchLeX1RGhqa7iH5BhsRPyqPcwYA2/7COrJUnLvKBFgqEdLSeLrZ49e0ewrbCGobMWtxNCJ3fKRWtLUI8xVfov76FbQ+Ul6S49HCD2WcwFQdyxE/3oCnm72Ms7bg3iOs2RIPQReIroETXSk7gWleDAxYr3f3EBSiqRD85ItlaLyleix2d1JTo16t767mxIkTMoKjJDNnBuOLL1ZJtD8uFmKl458V9aMNpOvt9hSUzaEyIqRSf4KDiX3NnBlMEIBPnDjxnxWAm57W40HeDZko5ecFA0PjTunX/HVHtZ2dVPp1WaZ+H0Ixmboz09jOGsN2f6m8oQJcli3SaHvROFRxpVLBwJSBQR/6qyx2Uu0Xyv9rJcXYzlqlOTO2s5YbIy6N78+HSdeLHl5QF02376kcjSK6LMf6uouFtA8mj5BxAq5fM1PrNUnzC4ohqG0grJsTooWUGf5fhEWdvl0rAEPPFGC8DgiePWhZXwJQFICXhE7GvohYoii5PQZenk4aiZLeniwZsbOgsAQjfZfjg8kjEBgwHN6eLLX71xbSDyYAwJxZwmvC25NFECgFgnqci03TSBw/GLEUEyevJfS5KvwQfooKV/t6z5Cqm+3p4dSjRPZ9EecJyx/Pepfw85btHSkUR6OTMGfWu51aj1gd6BrANCoxyn0wAka6iMVfQOgA5j2LM8xdOhrTP5+NN4On4NUPJqFPWxNKW3RRxqkE75XBKH3FCY+sB+KR9UDoOg8Ea9IpvDx4PGxtmbCzAZgMoLnmDnobAnY2gEVfBvo7+WF48Cm0vWWHR9YDUTvYEU8dWWhlMME0Z8LW6RXYzJuNfps3oO/yzzFgWRj2fdRRQ9NMIt55oLUFRrkPpoVeGhoajTFkdd6XvRYOh7L4ywgIgE10NGxOnKDFXxqaboZ9/xEy/ywmvDKyixHxYyoCZv2A0NU/UxIZra1MxYIqFXdr8g223PdWf3VBLbExZJo3pXaF9ysQMOsHxF7OURhvXXDvEaJOyXfYmi1cTml/7bV8VK6YizZBh6NZJJYrQ1DbiMkhh7D4i58R8WOq+LxMDjmEQgpOa3ms/uoCrqXKPwfSFNx7pPa+aLqXFi6nu4fQaYiEYO5ob5VqBFvGnIXl8Z9h6EHtd0ZPQBS3LELV+rJkDB8+AvX1DaQvRdHFALBjxzc4deo0wsPXws6uo7RRTU0NVq1aJXc7US1aEQkJFyV+TlDYVh7yjkEy/pkMeS5mVeiOOVRETk6OON4ZACZNmiTjFnd1dSXsr6SkGPHxylMeXkSsBjgj//ZlVFU+FK+rqnyIv/9KJazrbGprtFfjkIbmeaT6Lht5ew8ia/MucJKuo6lG0N1Deu5JzyxAIbuUsG5J6GTxz1Mmj4C1dV/C+9KxvNogv1A2htjZSbYkoqq0t0glRelR+9tKm+joM8U/tzeUKmgpy8GIpTLzPyNkm8b1gNevCZLpFxC6PINCtsHH93Oci0vrtLrDVJB+MCEwYDhBfJR2ox49rlmdWiazDw5KRWyLorfVRfqhBm9PJzktu56k5CxS57+IDyaPAENCdxII6pF0TdbR3N3QDmAarSByAM87/jv2VN6EUWszDKXa2L3UH82GvQEdHQBAY2MBHhVexLDppwAAxTln4WZhglceP0LT06f4t/opqlp4mDJ3LzIubIQOHsCc6Qme4NkvhqxstHP/gXTlYQF6IUjPBejFwPWsvzvxqGloaGi0T11yMipWr6bcvuHWLRg6O8OQxYIuk6l8Axoamk5j617ZG9Qeb9mrLMBOntgRpcmgEK+8bV8SBHWNmDxhiFg4Tr7BRvTPGcjMVs9p6uVmT3nsgtpGrPlKeMPb080enm4dcY+Z2Q9RcO8RBLWN8HjLXm4Es7HfVPAOfkvJBdxazkH1txvRd9NeAMK4bGsrU8ox19dS2SoJtsqIu5yLuMtC8WOMjyNYDlbwdBM+ce75VseT5xnZxYg+naE0WhsQzj9Nz6OFo9oNKaDnO4ClEQnB/KhDsAjfBEOv/yndxtDrf7CM+R8aM/4A77vdPd4RbG9vj99+64jLS0tLRViY8vq4nYWrqyt8fHzg7++P4OBgsFgdN77S0lJlop1FKIqB7uz4Z1fXIYQ5vHgxoVudr9Jz6OXlKXZAp6WlIjU1VeUYaGn378WLF9Gnj5Gc1h2cOHGcsuD+ojF84if49fy3YJj2Q23NY9TyH+PVN3xg95ry+rDaoKmxDoknv8IHi77rkv3R0PQ0qu+y8cuEaeJl9pEY6DMZwtrFc2Y89zHM3cXRKKJoRuZQnDJ5BL6TiAwWxe1qEy5X9gGX7qw9S4D/F9oqf4HuYGoOdBk0EJ1FoqRf4HrxOoGgHovC9uKnqHC1+3Vm2eNS7Nf4atsJQp1nEVzuE6xacwgMRgy+2TpfHAvcVZA9mCCqTSti3Bh3bDE5IRZZudwnOBubplHdXmeWPdatDiI4X9WN3u5O8ZwKR6OJn31J5z8gvPbG+roTro/vImM1rousbWgHMI1WSa5qx1Sd11GgIxufY/GkHJbcf8QvJ9u/YSz4P2QeccC9K9PRUHUX3Id/o6W5BU8bGtDWwIXB00zciBwIi9ovMdCiEI3Ftwl9SCMSf/N70V9qaGhonh8aCwpQFRGBh++8g/LFi9EmoP6UbguXiydbt+LhO++gKiICbRJxfzQ0NM8fJsaGCJQQgEX1eJURcfgGxgTuh9Owr+A07CuErv5ZbfFXxPb1/pT2LUlmdjEiDt8QvzKzi8WuZ0GtfIcwQN0FDAB1F8+gtazjD15J0VxTrK2o34CQdj1fS2Uj4vANzPo0GrM+jRafD6dhXyFkcTQl4fmdEQ4qj5mGRts0F+SjIvgjVMz8EI0Zf1DaRigE93xHsLQQePHiRRQX94xYdnt7ewQFzSSskxYiJZGONz5x4jhycnI6Pf55xAjiHObm5iI1NVXr+1EHe3t7+PkRBVjpWr7K4PF4uHgxQXlDEnrS9dTVWPQbiHenb4DlABZedfHBBwu/w/AJn3RavLKI2prHKL1/G4knv0It/zFSYr/F33+loqmxrlP3S0ZdaRkq07OQt/cgUud/Tnm7phoBOEnXkbV5F6rvqv+QWlONAJXpWahM73kOJNHckK1Td8yi7TlJ1ylvU3HzNirTs1B0NgF1pWXKNyBBNM+cpOuoTM/Sqsu2+i5bPB+qXgvmrztiRvGf4td7l0/BZelClF75Fb9MmIaszbvAPvITis7Eazzmipu3kbV5l0Z9PA9wuI+R/Gs2YZ20yCZcR4xiFglt/wXaOSfR8vs7aLu/E2iQdSlTQsKFrKoDGOgQJSXJyCyUie9VFSazD3ZuW4CYqDUIDBhO2kYgqMcnYfuwKHRvlwqaZA8mSD8QIBIoJTkfp/l1OSdkvMx8bNkeg/wC1b7/9LSoZEnyC4oJEeAA0fkvbx2X+wRJJHWNuxPaAUyjFd50sMGNP4Vu2/xeDATpuiCmOQ+sdvIv3A9sG9FXpwX9+wGNjY9h0/sKHpZewUA7oOQB8KoN8LABeNMRKK8EzE2BGgGQa6uD4ffJx0Am/o5yf5V2AdPQ0PQ4qiIi0MzhoIXLRUNmplb6bBMIULV/P3jHjsFy+3YY+/pqpV8aGpquJfKbqTL1dH1HOoodpuriONgS7AeqxRzb9DfD8e9nIfjTaEquVWUoi1k29psK/k+H0Xw/n1J/Vbs34uVdRwAAIVO9EHWKmrtWEbM+8kTB/QrKbuICDaKj5UE1fpum61HHzdtUcBdGY7VQn62baMy8iYrgmzD0HAazsGUvhCPYz88PK1cyCSLp1Kkf4cqVRJmI3+4gNDQUMTEnxMsxMSewc+dO0rH5+/sT6gBLxkBLttE2/v7+sLMbQIhIXrVqZY+ew3Xr1lF2QickJKCmhtr/A2QcP378P1ELuKmxTkbcNTF9GW++PaVLx2Fi+jIyr0WhqlJ447nk/m2Y97PvdOFZmjNvjECzoFalbZpqBEieOg+8gnvidbbjRlHevq60DJyr11GamILK9Nsy75s7O6Kf91A4fTwDxnbWCvsqOhOPvL0H4b1rs0q1gQEgb88BFJ1NgMvSheI6uk01AuTtOYDqgnuozmejmS8UHN+7fAqVGVko/DEGdRxZAbaf91AM+tAftmNHyXWsJn80D5UZxBvsM4r/VDpO6e3GnDpEmJfqu2xUZmSh4uZtVKTfRjNfAO9dm8XHVFdahry9B1GalCI+HhG240bDfcMKpfNMBicxBUVnE8BJSpF5z9jWGoM+9Jfr4OUkpuDmio2wGzcabhtWENqIakU7zQ1C9V02OEkp0GeYwHbcaHG7n+zfwqAp/vD+drPScTbVCPDPuQTCubMdN0rl6+V5Yl9ELGHZ2rovqdOTyeyDwIDhBCfgsehErToBWU6y/4flFxR3qwu4nXMSrXlLAAC6A+cDRppHUusY2am13ZyQ8cgvLJZyY8aB5WSvsTvX25MFb08WloROxtGoRJyLTZOJLr56LRtbtgvdwJ0N2YMJH8i51paETibMSUZmIdIzCzSuYbx+zUzkFxQTXMgzQrYhNXm3Rv32FFewtPtXXm1iW5uXZepFHzue2OWOcEXQDmAarWAmFU/I19FHkL4LqRMYAHj2/fHS/y6B+3Q8mkEeWWr4zHAiEABPWkfDzP0UzP7nQdqWC0O5zl9ereJ6RTQ0NDRdTdX+/RDExmpN/JWkTSBA+eLF4AYH025gGprnCBNjQ0Rs/4g0+jd86XiVnbiSOA62RNi8kQrblD3ika5nOVhh+/r3Ndq/KlgsV37zSUTD9UQ03hY6E5mM3ti+/n2N9u042BKhSuaps1k814eOf+7B/JdLLQiF4BfDEWxmZoa1a4niXG5uLt59d3yPcG5K15UF5DtYRTHQIkpKinHiRIfw2RnxzyKkBc6eNoeS8wKo5gKOiNhPWL5yJVFhfeSDB4m17yTPwYvMnd/OdvcQxDgPnSC1/F6Xj0FV8RcADEwZsBs/WuXt6krLkDx1PpKnzkPplV+B9nbSdtX5bLCPxODC8IlIX75RruO14uZtpK/YiDpOGa5Nm4+iM6rXsq7jlCF9xUbxsoEpA8Z21qh8JqSKEDpRd5KKvwBQmX4b6cs34JcJ01BxU1bUBgCXZYtUHh8VsjbvRNbmneBICLxZX+4Szs/yjUieOg+1pVwY2/SX2ZaTlILLE6aBkygr4sqj4uZtXHh7IorOxKOftzvcNqyA45wZ0GeYiNvUccqQt+cALgyfiLy9B2XOYdbmnWjmC1B0Nh7Xps2X6+w1f90RLssWYdCH/jJCctHZeErn/OwQH5lzl7f3IOXjfd7g8+tx9RpRZPt4lvyH+qQFuILCEqRnFmhtPLY2L8msy8gsJGmpGjKCK/8vSttJir86NlOhy/pa7TG0N3DU3laS9WtmwsmReDyrwg+BQxKfrQ62Ni9jffhMpF7bg88WBxDqvwLC+sBd4f4kezBB3sMGIoFSknNacKeL3NHSNXAXhe1VqR/p85VxS/NrWlM43Mcysd9kzn8R0p/9jMxCld3QnQntAKaRy8D+FnhYJl1hl5w3HWxk1olEYDIncBVq0cfMDgOnXMG/jx5CwElGH/2/UN7EA6/lDvRbBqOl70tILeLj9eHBcHR/D49L8tDeclpmPwU6xgjSdwFfR590XFQcwHfulWH2RE9Kx0pDQ0OjKQOvXUN9ZibqkpNRd+1ap+yjITMTnOBgWG7fDkOWZk/20dDQdC4BE4YgbN5IGeevCCajt9pOXGsrU3z/zUdK23HL5TudfEc64oLDAqz+Kl7lesaqYjj0f2BMmwvBqR8ptecd2g3LoUJHou9IR2xd54/wLarftHQcbInj388Ck0LN5c5i8VwfpUI9zfPH04ybUL+qWc9DE0dw3fmfwfvuW7SWKa/13dmEhYUhNzeX4BLNzc0Fi+UEPz8/jBjhI667W1xcjNzcHKSmpuKbb3aS1pItKSnB11/Lv/E5c+ZMlYTY0NBQgrM3MjJSbp3i0NAwLFy4QLws6VxVNf5Z0TEMGDAAwcEd/QUHByM1NZXSHPJ4POTm5iIhIV7tORwxYoRKdXxnzgwmzOGJEycouXJzcnLEdZUBwM5ugNL9+vn5YeHCjuWSkmLEx8e/8LWAa2se41FJPqwGOHf3UNDUWAeW+7uw6DcQD/66gaan9V3uAFYXx4+DKItoTTUCsI/+hLw9B/DKB37wPX2I8H71XTaKzsSj6Gy8jCBddDYepUkp8D11COavOxLek3YPi4RckfNVXZzmBoH9YwzquOWE9bZjR6HfsKEwsbVGdT4btaVlQtFVYswiMVrSgSvCcthQGNv0l+lXU3wO7cEv700l9NvMF+DatPl45QM/vP/HZfF6YQTyToJ7u5kvwM0VG+Fray0zx5I01QiQvmIjOEkppMfnsmwR8vYcAPvoT4S+8/YcgD7DBE5zO6JuJcdanc/GtWnzMebUIZXr/coT5JVRmX4bFTdvv5Au4KPRVyAQEN2IGbcKIKgldyiSORePRiVq7LQU4cyyB8PEiOA8PXpc9bqrMki5dtv5edBhvqFwE2nxt9eQ/QrbK6ShBJCIfdbp+7baXYlEyRmztornSSCox4yQbeqPT85+loQGYs6sd+EzZhnhnJyLTetU9yfZgwkCQQO+i4yVswVkruPzcb9hSehkUkerKjiz7PHNtgX4JGyfeF1GZiFWcQ8p2IrIOF93gotY9OCEtj436kAmkJ+PS0MhmzzinOxBj6PRidi5bQFJ666HFoBp5DLQ2gIPy6uUtnvTwQYGeuSXkjwR2KCFg78vDUf5y/9Dm/FwvPTKSDgPnUfY9q/0y9CrTAHn7iU8/ec7VD28giaBBYBB4jaKxF8AeNrYQipOS8MTNGCgtYXSdjQ0NDTaQM/WFkxbWzADA9HG54N//jz4sbFoKtTuk25NhYUoX7wYA+Li/tOuJRqanojHW/bw9XGE70hHucKvJCwHK1w4vgBf70nEr2n3lLYX7SNyx0eURc2Ce4/AcrAifU8UB518g42o0xmdKgSbLlyOp1k3KUVBN2bdxL+blqHvpj0AgMCJrmCa9MbWvYmUYpxNjA0RMs0LIVO91BJ/ueXkzmlVeGeEA0KmedPO3+cAKmKnND0t/lhbqCMEGwd+BOPAj3qMEHzo0CHU1PBw8SIxNjkhIQEJCarVfy0pKcbXX2+R+/6IESNUEoCDg4niZUlJMVJTU0mFSGnxURJVBUhFxzB8+AiCAAwI59DMzBSRkZGE9Z0xh+Hha1USgMnmkIooe+IE0SkcGhqqdF9mZmYICppJEMMTEhJeeAHYeegE/Hb5/+A/ZzsMDI3R1FiHipICPCrNx78VD+E5ZhYs+g3skrFYDXDGgNeEiXGDXUZ2S/1fdTEwZUCfYaLUQdxUIxQiq/PZ6OfljmG7v5RpY/66I9xfXwmXZYuQtXkn/jlH/Bw28wVInjYfEy6fUhpVrC0R2HbcaIKQ6bJ0IcHBa/vMAd1UIwD7SIyMGJ6+YiPMnR1lBFVjW2utC8AGpgy4LFtEcDIDgLFNf5n5thw2FL6nD8vMczNfKO6+98sp0n1InkfHOTNI59fAlAH3TSthO3400pdvQB23HMY2/eFzaI9CYRnQTARWl6Iz8S+kAExWw/fqtWwZ8U0Ryb9mg8N9rLHQJmKsrzvBmcjlPsHRKM1FYB2LYWivugkAaKv4Bb1sp8ttq1Xx99n+CGNRIj4rg0yU5HKfqNXX2dg0jBvjLrdWLZPZBx9MHoFjx5M69lWm3r6oQvZggkBQL+MKVtpPVCLWh8/UeDzjfN0xO3gccQ5UmO+xY9zxXWQcYd2WbTG4GCv/O2FnwufX42h0ksx6VT/72hLZtQEtANNozCj3V3GvpBL2VuYofiTrGCYTgRlGvaEPvrD278Mr0KkDLp83gbnlQDQ06sHCFCgrfgA3h1o8egzYWADNxsBjiTRTZeKvvZU5CosrMMr9VaXHQMdE09DQdBe6TCbMZs+G2ezZaMjIAP/8eQji4pRvSJEWLhePv/4aljt2aK1PGpr/IovnUr/pLIlNfzOETPUC45m4aNvflJLgK6+v77+ZCm45D1GnMlBwv0JGiLW2MoXTa5akgqKyY6AigPqOFIrWBfceITO7GBnZD5GZXUzqTDYxNgTLwQqs1yzh6TYQnhQFTl2GKSx/OIuKBVMoicB1F3+GgYMzGDPmE8aYfION5NRCFNyrINQ/Fs2Rl9tATJ7oKnPckye6Khyrp1vHzezAia4InOiKjOxiZGY/RMG9RxDUNqLg3iO5bm2Pt+zBMDGE70gneLnZq3090HQPOiYMtNeSxyvKo+Hqlee6DrAiREKwke94WIRvQi9b5XXbepIQ/PPPZxAfH4+IiAj89hZoqGsAACAASURBVJvmcXjagkxQjIjYTyqAmpmZYdKkSTJCdmfGP0uyc+cu+Pn5Y8uWLZTmMCcnRyUhV13I5jAyMlKpKCsdFU1VxPXz86Ncu/lFwWqAMyz62SPl/G40NdaJa/CavzwAwyd+0mXiLwAZt+/z4v4VYe7sKFPTVhJJ0RBQHoFsYMrAsN1fwnLYUBkxU+xSPa3coaUNEVhahHT8OEhuO5dli9DPeyiuTSPW0EyeNh/v/3aJ0JdoLrSNpbeskGk7jjym28CUAfeNK1GdzyY4gavz2aSuWOnzKOnkJR3LsKF475fTYB+JgePHQZQF3c4UgR3nzEB1Pptwvf5zLgFDli1Sq/5xT+VsbBrKyv7VSl/7ImK15gRcEjoZV5OzCI7TLdtjwGD20ajesI7lBLEA3F55BWipAfRkM2y0Lf4CQLuEAKxjMYx0v6pCJkqqQnpmAb6LjEVGZiG4ix9jSWgg5W05HO3ETcuD7MEEdTgX9xuWhAbKFbdVYX34TKRnFhCcvFRxZtnD9x03Qk3jgsISzAjZigP7l2plfKqQdC1LRmBXl3OxaSpdO50FLQDTKGRgfwvcucdV6KId5TYYow9FImCkC/adTiVtIxKB17UUIbCtEnp6vQjv9+4N9DOvhaHOX8gvBJgsoJ+5cD0ZysRfAAgY6YILN/7C0mmKo/Tu3OPizdeUu4RpaGhoOhsjLy8YeXmhb1gYHm/dqrV4aEFcHC0A09BoSE+K5rXpb4bwZao/5a3NY2A5WIHlYIWQaV6E9YpcxKqgqghcvXsTmu7lw3z5JugyhDcNREKwqgROdFV5Gy83e9rB+x+ht9cwNFxT7WZSffKLKwCLaEhOBDc5EcaBH8Is9PPnSgj29/eHv78/cnJykJubi9TUVJk6tj4+PrC3t8eQIUMACGvvhoevpbwPSSFWWvyUJ9KGhoZSFnBDQ8MwZAjxdxcVkVXdY5DGx8cHSUlJKC4WOpUVzaFoXKrOoeTxaGMOyfZdXFyM0NCOqG17e3vK58Df31+mz+Li4hdaAAaA4RM/Qea1aLTXtMNusDsGvOaBwS7qfd/IvBYFzzEhWh7h84Gy+N3kqfPEAqMZy4Gy23LQh/5o4guQ/eUuwvrK9NuovstW6iYFtOcEFqFMkLQcNhRuG1YQxtzMF4CTlEIYgzo1l8n2JQ2ZiKlozCIRWFq05iSmyPSftXmnWPzt5+VOSTAVCeOqom0RWFSP2XLYUDjNDcKF4RMJ7+fuOUDqSn9eORp1hbDMMDECi0Xt/4OCgmKCQHv1Wjb4/HqtCFm2Ni9jSWggtmyPIaz/IvwQMm8VYt3qINL9cLiPcSw6CWdj03Ax9isZV6Ku5XtoK1gvXm775yB0X1tFaNMp4m/V72iv+qNjHDbTNO5TxPrwmcgvLEGmijVl0zMLECQRGf1dZBxsbF4mFdj5/Hpc/ZXoCqV6naiDNh9MEAjqcS42TfMI8WecjF4rE4dNlfXhQcjILCBsm5FZiEmB67B+zUyMHeMmsw2fX49jxxNxJCoR69YEafQAhCT7Is5rpR8AOBqdhDmz3u1yEVsaWgCmUcgo91dxPeuBQgHYjGEE19dsMGX0ELkCMCAUgVfpOwLNgHUj+ZN62UVvYtDIEDwozsFgo2OkbaiIvwAwzssRPEEDzBhGCttdz3pAySVMQ0ND01Xo2dqi//ffoyEjA+Wffoq2Ws3/uG0sKKBrAdPQ0HQ62hB/RegyTNH/5FXUHPwW/JOHlLou6y7+jKdZf8Bs4XIYT1Je95iGRh3UEYDrYs/CLGw5JVH0eafu/BnUnT/zXArBrq6ucHV1lYk5JsPe3p5SPVkyfHx8KImzovFos09p1D0Gedjb2yM4OPi5mEOyfWsyJnl9vkg0NdaROm2HT/hE7T5rax6jjv8ED/Ju4MFfN6CjowOW+3sw6N3nuXPxaoKiKOO8PQcI7lK78eRuVHk4zQ1C0Zl4Qh8AwElKkRGAHefMQB2nDJyr1wnr01dsRGV6Fry/3azSvtXFaW4QOIkpBJcpJzFFrgitzzDp1PH0I3EFS2I5bKhMjLe0Q7ni5m1CVLQ2I5P1GSZw37gSeXsOyNQE/mXCNPj8sJuS2E+Fft5DhaL00oWEuO5/ziXAfePKLoudlse5uN+QoUTwG/uOu0LRi8zJeCByKeWapBzuY4z0XS5eFgjqcTT6itacgHNCxiO/sJgQBQ0I3YbnYtMwdowbnFn2sLF5CVzuE+QXFBOiaxeF7sNPUeFEUcpoAHRspqKdexoA0PbwB+jaThPXB+4M8RcA2u7v7FjobQsdBdHT6nAwYqnKoqS3JwtOjnaEa0AksI8d446xY9zA4T5Gxq1CHI1KlIk7Hjem8+r/Sj+Y4OnhhJPR4ZS3X7nmB8J1o5Ua0s9gMvvgQORSgnhOFVubl7EufCa+CCcmU3C5T7AodC9sbF4iRHHnFxQjPbNQ7NT9IvwQmIw+GtdeTkrOkhHYY6LWUP7s5xcUwy+w40EKgaAeSdeytCZOq4tut+6dpsczym0wrmf/rbTd7EkeOByfgfd9lOf0r9J3xN1aQxgayr7HMOKhvR0QPLojXmcqUbbycZ0RJfE3ZIIHfk6+g9mTPJSO53r23xjlNlhpOxoaGpquxsjLCwNTUmDg5KRRP7omJrT4S0ND89xiunA5rH+6CuNJH0LHRPFNpdZyDv7dtAxcPy/U/LAbzey/umiUNP8VeqtRBxgAnqz+XMsj6dnUnT8D7jvD8O/qZWjlUIuDMw78CDbXM2Aaugy6TKbyDWhoaLqUB3k3UFuj3WhLg959kJF8DA/+ugEAyL/9C+78flar+3jeKToTT1g2d1ZdyBtC4iAVOTolsR0/Gj6H98B7l6zQW3Q2HunLN8qsl6auVLGbmSrSYm+FhBhcfZcorqozJ9pGegzGtkR3r/R51GdqTyg1d3bEoA/98d4vp2HGciC8V8cpQ/K0+TJzpiqV6bdhxnIQC7wuyxbB2KY/oQ37SAzZpl0Kl/sEGZmFCl9J1+THrQPC2qiSODnaURaAAKGYFRgwnLDunJRYqyk7ty2Apwf5faKr17KxLyIWq9Ycwr6IWJm6pQWFJVgUtldmu16vrexYaOGjNfczAJ0p/n5DcP8S9q8lmMw++EkFgVTEzm0LwDAhGsrOxaZhUehevMqahZG+y7FqzSEUFJYQ2lhb99WaoCoN2YMJH6goLC4JnUxY5nKfaC1SGhCK558tDlBr2ymTR2DH1vmk73G5T3A0OhH7ImLF17R0TPOq8EPgcDX7jnI0WrPPvjPLXuZz+V2karWZOwNaAKZRyEBrCzwsrwJPoPhJmVHug/GwvAoLAoZR6penNxClPFmx2Mf1IRoKluE9zw4BuOZZ3d8mPUc0GioXfwHgI9838bC8CqPcFQu7PEEDHpZXYaC1BaVx09DQ0HQ1ukwmrCMjoWui/lPNL62lHq9HQ0ND0xPpZW2Hvpv2wiYhA3037oahm7fC9q3lHNT88C3Kg8ajdBQLFQunoPrbjWi4fkXhdjQ0ytBnvQ59J2eVt2vMvInGjD+UN3zBUEcINv1sORizyW8A/dcpLi5GWloaEhISEPH/7Z15VFPnuod/IIMhJAxFFAhgW4GARaugyD2IWimxjkD14IRoBbVHbcGhVy3OgvagQFexxSO1KKC1WqFotVhbFfSIVLwiLYO11jBZMCJJGIoD3j9iNtmZE4Jo+z1rZene+fb3vdkJIeTZ7/umpqKwsBCFhfQv7jo7OyEUCqlba2urznNnZWWhsLBQoYwzgXDxZJpB5zMzZ2LC7A20fSPHz/vLZP+eCY/W6qZKBj4QihWyg/URhxzeOAVZp45XZkzVWwK3aChnrS3yvXgfiroqwTwQqa8K0xvIxySf4Vt7+ixtu7n8BspS9qCxqIS6KZO0rTX1uHX0OGrzzyrcJ4+ZFQtBh9MVJPBDkbjbErilpl7hORm1i17yuXLfQTwQPn/PjS7U1t2l9SIFgAWRurfxkBdzhhZtAHDowDrErVHfR1oZLEsGwkKUiEOGC4wHdn3+etL0Xzy68EaPyN8nDSfReVOmND1rsMGzf6V4ebrqfJ68PF0Rt26uggRWB8uSgT2pMbqGpzXyFyY4Or6kc2Ypx6mfgqA8lmvY1+X7y8IQ9IZiyWZtmB46Gtn718LR8SWdj307JEChtLkulFfwFcqFG+pn//QZ9Red9DREABM0EjMzELnnyzSOS1kRgr3fXML74ZpLMX1VZgO/2cdxl52MP83+gfvCrvsc7Lt6/94XAi19AtBo9r8YNqsIglbN8ndjVDASs35EygrNV5zkni/D/Emas4QJBAKhNzHhcPTO4LWeNw/sMMOUGiIQCITexphlBeaUcPT/z9fgnC1Hv52fwyp6BcyHj0KfAcpblpi5e8HMzQt9ffzBGPvX7sNKeDZYhs3Q67jGf0XhYcUvBo7mxUBWBHeKhJoP6GEsLBi0m4PDADQ3N6scHxwcTBuvDX5+IxXW0Ueo8vl8LFq0CFwuF56eXPB4wQgP/yc++GA1eLxg8HjBcHAYgNWrVwEAysvL4eAwgLpNnaq6b2dzczPi4+MV5l60KBo8XjA8PbngcrmIj49Xe362bdum8Fijo9VLfNmxwcHBWp0H+TV4PO2ybOSfv4IC1a2rCKpxcRuBP2rKUf3rT7T9TY238dvPBSi/clKveR/82QbnQT7w9JkAJtvOEKHS5+9oxc2y8wafVxsai65odXuoQmiq2q8P8hmpmuiOBDYE2vTHfVZoyjBuramnldi29nRXyGCW71l862geypLTcCY8irqdmjgTB12HUbcjr43G9eQ0mLEswdGy9HdPSeDGoisKUru/vy88FsymrXHraJ78oT2KLoJOCpuluh/nx6n0bD2WJUOv8q2jRnoqiLYMuexCQ7AgkofzZ3ZhfkSwxnPBsmTgvaUhKPghWeVjMvaMB1iDu3aIJdWUDCp/aw9R2cUAABMWTAw0tyoWRPIUsrI1MT10NA4eWKcy01qWsJAAFPyQDK8e6v+r7MIEfcsKL5hH/+x0ubgSRcUVCuOcuiFTE7cvAtdDv9Y3o0Z64tuceLy3NEQrERwWEoDs/Wuxft1clWPYLM0Xlcln/7IsGXqV854eOloh7oxMw//s6wLpAUzQSMgYb4R+sA/zJ49UO+51dye4DrCFu0s/DHVzROmvqq/6u/fEHudzNmL0pFXwDIxBRvxsuL02BC0D7GDStwV3zQBzL0vYegTBbcBACGrLcP3MRzj4f33VxjDUzREDHWzR7Pan2r7FUvZ/+xO+WN8zVxgRCIS/Nu2XLz/T9R6Ldfvj39jSEv0/+gjMoKAeiohAIBB6F2OWFRhjJ4AxdgKssFLzAQSCgbAImoD7Cbr3QXwiFkGwJhb9M4/AmG3VA5FJ6BQJ8UQkei57DrceO4K27/PBnh8FVuTCHj0PuiAUCpGammqwHq58Ph9lZYoXUWdmZuq0xrZt25CQEK9xnFAoRGnpdZ1iLC0tRXh4OKqr1Uvp6mo+4uO3ITMzE4cPH9a6L3F2dhbi4uLg6mqYL0NTUxW/HC4sLACfzzfYGgT1WFr1w6uvBeLiyTQYTTSSyOAbV9Aiugubfi4Kmby6zPtGmOQChpHjI9EivGvQDODiHw6goboCLu6+zzyz2N5Puy+PZXvdyqJMgt4vr9Krf2x/f1+V66jilRlTYcZm4dLKDTSBKZV82vQE7m7pYUMi35dXWzT1tS3Z3NXH1JRlCX+5zFhlWHu6q+znzOQ4ov8oX70luFQCl2xOpPUdlkrgoC/36tQTuLWmHq11d1CwSHM7i6p9B8FdqHtWqr4cPLAOIrlSsJrgOKm+0GTBPB4tg0/dWE3sSY1BeWXX71h14rk7cJz6Yf26uVi/bi6KiitQWydAnUwpXDaLCb+RXK3lpMmQT/Do4htye42AR0LApHuf2zpv/wedFfTPQcZuHwBszS0lAUk/Vlm8uNr//k/cvggL5vGo14s2x3p5uuLQgXVP+yiXoKiYniE6aiQXb4eO1ivzVJfHwmYxFcbrUppYluAgH63WDh7vA87+rte/Lq9fNtsChw58SHv96wKbbYH3l4Xh/WVhKK/g43JxJUTiVtQ+7bfMcbKDk1M/Wl9gdbwdOhqeni5d8yt5LMp+9rWZWxmHDqyjYlW13rOECGCCRqxZDLgOsMW5kpsaSyqnrAjB2CW7sTZyPBZvPwJh658qx+ZcugG7BwGodhgLPGiCEYZCIGbBNygKv147h8ei39BQtge3C8rx4N45nKtkg9+h+mp7K2ZfJLw7Cf/O/BG5ie9ofFznSm7CdYAtKf9MIBB0ov3yZYhyciDO0b+Pw00PDzBGjgTDzw+MkSNhzuWq7XUnSEjAg8pKlffLYmxpCev582EdGUn65xEIBAKB0AP04TiDGTodrTm696l8WFGOhogZsN/9eY8I2ocVv0CwJha26zY9lwIYkIhw4SdJEGWkP1ciePfuVCxbtgzW1tbdnkuZrASArKwsrQVwdHQ0srOzFPY7O7vQhCefz0dNTbVOErS0tBQTJvAgFNKzsWXnls4rpbqajwkTeDh8+CsEBmqu+gVIBPbevXu1jksdmZmZSvenpn6CxMSdSu8jGJ6R4+ehRXgXP+bsAgCYmjEw9B9vw8v3LYPJVUsr/bOOZGlqvI0fj+1Cq0jyJezXae89jXWiQebXhqCv0rUad9B1mMr77P18aOK28dIVgwg2bfvmcnjjEMRJx5nwKL0kcE+Ua27Vs8y0fBauIbi0YgNqvz8HQCJ1/Xdt0UqumrFZ8FbSm1kf5MuEAxIJ7J8kEdHdlcA1T8tXq7qgQfb12Vpbj1tH8hQyoHsKQ2dcGnI+NttCb0mnL4ZY74lI8QK2J3Vf4lHTRfTx3Aqj/rq/hz5puojOXxNpPX8BoI/3xzqVfu7u49P3+fXydIWXpyve79bqdHR5LIZ+LWkzV3fXNFTM0nPfHbSJxZA/+xynft0qR21oiAAmaMWmaB4WbD2kUQADQMaGWQj5YB+O74rClJXpKiXwkaphiBxyBTYteQjyBu7fuwCHPsDVPTPh4gTcaQTs7YE7LcATAIW3ByudB5DI3+O7ohCxKRu5ie/AmqW5BMjm9HyS/UsgENTSKRKho7ISHRUV6KioQHtxMR7V1Rlk7vbiYrQXF1PbxiyW0jLPsmPUwRw/HuywMJLxSyAQCATCM8B6+Uq9BDAgkcD103gYkHUEpp6q/8bRlfbvv4NgzQo8EYu6PZeRpSTb6UlLz/Xye95EsCGzgFXJyupqPvLy8tSWZQaA1atXKchfb29vJCbuVCpfCwoK1JZolqW5uRnh4eE0+ctms5GYuBMREREK80ZHR1MiWCgUIjz8n6ioqNRKlBsqCzgvLw8ikfLXdVZWFhHAPURT423Y2g+k7TMzZ2LCLP0yfZ81tvYD4eLmi4qS7wAApuYWz1T+Ggr5zN3a78+htaZe5+xQ+UxcZSWFVZWcthnsgaDDqiWwKctSp1i0Qb6XrGxJY30EcMOlK92OSZZbR/JQlrIHD4QicN4cCw5vnFrpyXRyoIna+zIlo7uLuvOhSQJrQ9Xn2Ri1c7PKx3f/lyqcmjiT2i5L2fPMBDDBsDypPUT1/EVfjiTr99HTn8X2Gjy+Oh9gvYY+Ly+CkdNM1RMBwCMhnjScQmfDKTxpOKVwt67yl0AgdBEZGanyvv3799O2SQ9gglYMdLTFUDcnnCu5qdXYjA2zsH7PKRzcGgErpvKyzR3oiwPXXgcA/HEX6OiQu//ptlgMFPzMwqk/Rimdx4rZF3vWzsD6PaeQm/iOVqWfSfYvgUCQpSk1FU2pqbizdCnqIiJQPW0abnp44NaIEaiLiIAgIQHinByDyV9ldIrFlBSWvSmDMWIEmOPHw27tWjgdOIBBVVVw+PRTIn8JBAKBQHhG9OE4gzVvod7HPxGLcGcaD/fjN3W7J+7j2hrcWxOLu0ujDCJ/AcDMczCczhXBalksJYN7CqkIrhvnD+EnSb3aIzghIV6vPr2yZGZm0mTlunUf0u4/fvy4/CE0+Hw+du/eTds3Z85cXL5crDLzNjAwUKNUlpKamkor+8xms5Gff1pB/krnPX36NNgyVWWkolxbFi1apPVYVWRldQl1NpuNpUuX0uLJy3u2PSf/Lvx4bBcedLT2dhjdYoCLF0zNGGCy7QyWWfyseWW64s925efZOs/TIiMJ7f18lJaRVlciWSqB5WXvraN5qPrioM7xaEI+FlXlkgHtMnsbi/QXwCWbElGWsgclm3fiTHg0DroOQ9GqjXggEmPaxZMITE/WKDztR9HP90ORGLeOaP/edf+XKtw6qv73hyr8k7bg5benKKx/Zqb6Xu2ARJy31t0BJ1j1+bcZ7EGbv7W23uDCndDz0OQvazBMRp+FybirMLL1pw8U/4zH19/Do1P2eHw5BJ03E9F5MxFP6r6k/v/4cggefe+Gx9ffU5S/fTno45dD5C+B0A3kJa+6/SQDmKA1m6J5GPvublzLWqVx7OvuTkhZEYKQ1ftwPCkK69NO4fz//aYwLvfXIRjzshk8XjbB3drrAJphbAzcFwLidgvUtgxDdas5Lt01UrrOmGGvYtXccViW+LXW8hcAYpJzce6zpZoHEgiEvwWMESNo/z6PMPz8ejsEAoFAIBAIMli9twItx77qVpaseH86Wo59Bfb8KFiGztCpbPPj2hq05ByB8JMkvddXhzHbClbvrQRrfhTEGekQZaQ/k4zglmNfwW5HEsz9/qfH1pLF29sbfD6fkrbdLVssm/3LZrMRFxeH48fzqJ7A2dlZSExMVJlBu23bNtq2s7MLEhMTlY7tbnwAsGzZcrV9fV1dXZGYuBOLF3eJ3N271WdKz5kzl8pgLiwsQEFBgdZlo+Xh8/k4ceIEtT1lylTMnRtBk+RZWZlaC3CC9piZW+DiyTSMC13Z26HojZk5E7Nj9gEAqn/9qZej0Q+msyM8FsymSdaqLw6iv7+v0ixeZdz/pQrNTzNOte1RqwypBC6IjlVadtiQyMtRWREuX776fnkVGi5dUdsbuSb/rN6x+GxajbLkNFTto4v3hyIxvgmYpFU55SGxS2hZuIAkU5YTPE5jj2FA0me48XIJypI+w7T/ntT5MfgnbYEZm0V7HanK+KbFmJwGzptjNcbozBtHe3xlKXv06lVN6B0U5O+oXKrfbx+/byT3V8R1ZQNLj2v6r0JZZ3UYD1oF45cXd7uXMIFAkMhe2UxgVVKYZAATtMaaxUDMzEBs2vudVuNfd3fCtaxVWJ92CuN8ByE5ZppCNrAYVkj7ZRjqOobgTpsv4HEIpt55sB3/Oyy9U3HjrhuO/mKDo/whtOOsmH3xxfqZGOc7CDuzzuJa1iqt5e+mvd9h/qQRWpWJJhAIfw8Yfn7P/Y1AIBAIBMLzhTHbCnYfJXd7HioD9g1/3JkWDOEnSegovoSO4kvUmE6RkNp3P34T7kwLRt0b/j0mf2WRiuBnlRH8uK4Wf16+pHmggbCyssayZcup7ezsLL2zgPl8Pi5cKKS2p0yRCIu5c+nZtapKRAPA8eN06REXF2eQvsSApPevbF9fAFi2bJnG4yIiIhSygAsKCtSO9/b2prbj4+P1iFaC/LmKiIjA0KFDafOfOHGi25nbBEUGeY9B9a9X1IrTpsbbaKipeIZR6cYAFy/q/y5uz+/Fvprwjl2ikHl7adVGrTNISzZLLiIxZVki6HC6zuWjZbEZ7IG3Th2mlWTWhdYazeWbGy5docnEl9+eQovZfpSvwvkoWLRC5dwNl65QAlwW+bLY6vCOXYLxX+5VWFeaSatpLqnIl6W1th5Xt2guYd9w6QpVBlxV72b5ktnK8Nm0GqN2qu/ZrGxdbS404PDGgenkQG03Fl0hWcAvCOrkrxQjziyYjLsKY8+tktLQumDCgvHAaJiMvQJjtw+I/CUQDIhU+qqSvwARwAQdmT95JK7dqNdYCjomKRe558tgzWLgXNpSWDH7IuPbn/DpB9OxMSoYrgNsqLFX6swwM8MUS896Y97WY9j88X4EhkVjZFwZwrNs8PVNF2qs6wAbbIwKxqcfTEfKlwWwYvbFubSlsGYxcO1GHa7dUF+e9VzJTVy7UY+YWWO6dyIIBAKBQCAQdITP55MvqHuRjuu/oP1CETqbe768bFtbGyorK3t8HULvw3hzApih0w0238OKcgg/SULD3BlomDsD1e4cVLtzUOs7mNon3p+OhxXlBltTW561CH6WLFu2jCY45bNwtSU19RPa9pQpkpKY8tmp8iWepZSWlir0ulVWmllf5KVtQMBoreWyfAavOgEMgNaXV5oFrA+yAtjZ2YWKQxepTtAPL9+JsOnngosn06hS0E2Nt1F68WvkH9qKQx8vxPGMtbjX8HsvR/rXx8yKhWkXT9Kk60ORGEWrNqJk8061UvXWkTw0Xi6BvZ8Ppl08qTZTVRuJKI0n6HC6XhK4RIPwrM0/i4JFK6htppMDfDauVljfO3YJbd9DkRgnJ85UKJPcWlOPolUbYe/noyBvy1L26BR7f39fTLt4EvZ+Pgprn5kZrVHIe8cuUThnt47moWjlRrXHlSWnUf/3WDhH6Rh15btleWXGVKUSWJmslV440H+Udpm88mWidSlxTegdtJG/FCZWMB64GCbjrkpkrudWGDmFS0pEswZTw4xs/WFk6w/jQavQxy8HJm/+BmPPeIDhonxeAoHQLdTJX4AIYIIeZGyYhZjkXNyub1J6//zNh/Dx4QJknOi6SjRm1hic+2wpbtQ0Ivf8z4idNQZZm+fg/fBADHXruoqvoo2Dr2+7oPxx19W8Q90c8X54ILI2z0HsrDHIPf8zbtQ04txnSxEzawyaxe0Y9+5uDIvYhWERuzDu3d1oFrcrxNUsbsf8LYeQsYH0GCAQCAQCgaA9FRUViIyMpJXXkRIZGYmcnByt5tmwYQN27Nih9D6BQIDIyEgkJCR0K9YXmbq3/ombLFfaSqIWywAADh5JREFU7c6saHRc/6Xbc3c2C1E3cSaa4pNgbN3zV53n5+dj+/btyM/P7/G1CL2PzYebYcr10jzwL8JfUQRbW1vjww+7ShrrmwUsX/5ZKn5dXV1pGavV1XylQlQopF+gEhAwWucY1CE/v7UO74dDhqguE62MwMBAWvz6ZAEXFBTQMpanTp0i83+6VM/KytJ5foJmAia9iydPnuDQx1HY/+9ZOJ6xFtcuHsUfNeUwNbfAuNAV8PKd2Nth/i2QSlfOm2Np+6v2ZeObgEkoWrkRt44eR2NRCR4IxWi4dAVlKXtQlpyGwP8kIeirdI1lfLWViLLx6CqBa0+fRUH0CjQWleD+L1VoralHY1EJqvYdxJnwaBQsWkGVJrb2dEfQYeVxcxfOUdrXtmjlBhzxDsSZ8Ointyh4vDMbQV+lI3AvvWpH7emz+OYfkzSKSlk5ambFQtBX6fCOWay49qqNaqWy9JzJC+RbR/Nw6q2ZSiWsVOADwKidmw1SVlmVBJalLDkNzRU3YO3prnXGuHwf5N+/Pq5Vxjehd9BJ/srDcIHxwMXoM+QT9PH7BiYBZ2HyViNM3mpEH79v0MfvGxi7fQAj23/03AMgEAhaQXoAE3TGmsVAxoZZmL/lEHIT36GVUk45dB77T/6EoW6OCBnzGq7dqENsci6SY0PwursTNkVPQMzMMcg9X4YjP5SCf6cJoWO9ETtrDPqameKPeyL0t2WhoUmMAS+x8eeDh7h2o+5p5m4d5k8egXOfLaWv+eV5/F7fhN9z4nD7ThNCVu9DypfnsSl6AjWmWdyOkNX7FOIlEAgEAoFA0ISnp6dB5gkJCYGFhYXS++zs7AyyxouMubcX2i9cBmv227CczEN74SU0f/YFWk+cxsCfL8DEVfveqPK0nDgNRoAf+qftMmDEqhk+fDgEAgF8fHw0Dya88BizrdA/6wjqxo7q0R65zxtSEWwZ9k80f7ILrTlHezukbrF8+XKkpqZSwlHXXsB5eXm07F35zN1ly5bT+uhmZmYqZNU+6yoRukpdWa5fL9U4Ji4uDhMm8ADo1wtYPqtXNutXKtWlvZWrq/nIy8sjvYANjK39QARMehfFPxwAAFha9YOlVT8McPaCi7svzMyZvRzh84kpy1Iha9UQmFmxEJiejNaaelxPTqOVSb51NA+3jnaJTGtPd3AXztGrX6wu8QQdTseZ8CiqxLIlhy4LW2vrqXikY2pPn0XtafU9ee39fBC4N1mttPZP2gKbwR4oS07DQ3ELtf+hSIzGoiuw9/Ohlbzu7++L4RtWUWWX7f184B27RK1UNWVZKr3fO3YJOMHjcGnlBlp56bLkNNw6kgfv2CWw8XRXyLiWCuTKz7Npcd8vr8IPM6PB5DjCxssDTI4jGouu4H55Fez9fOCzcbXGPsO6IJW1Ras20rYBiXSWimyuioxjZdgM9gDTyYHWH/p6chr8k/TrOU3oObolfwkEwgsFEcAEvXjd3QkpK0JoUjXjRDFiU77BF+tnIiYpF83idoxdshvC1j9x7UYdXnd3QrO4HdYsBuZPHon5k0cCACV3m1skWbs558ow1udV3Be3wdqSgWmBryE5NoRa+3Z9E0p/rceY4a8+Pf43hIzxxkBHWwx0tMVYn0E4V/IbEC0ZL80QlkpoAoHw9+bOv/6F1h9+UNhv4uSEfuvWgRkUpPEYh927wQwKQqdIhOpp0/CoXvJHLSskBP0/+oga1ykSoTYiAg8qK2E9bx7sPvwQ7Zcvo27ePGoMc/x4OHz6KW29jooK1ISEQB5jFgsMPz/0W7sWJhyO0ticc3NhLiOrmjMyINi+ndqWxkEgEAwPn89He3s7uFwuSkpKUFNTAw8PD0ogc7lcGBkZKRxTVaU620I6j4uLC7hcLk0gV1RUoKqqChYWFhg+fLhSiVxRUQELCwswmUxcvXoVdnZ2CvMIBAJUVlaira0NHh4ecHV1BSApY1xdXU3Ne+HCBQQEBNDWycnJgZGREUKevmcJBAIIBALY2dnBzs5O4zmRRZqZa+rqDOYUHphTeHhYXYvWb7+HKPsobNfForNZiPYLl9FRVg5TFw6Yk96EsbUVOpuF6Pi5AqbOks96ooNfw3Lym2g5fhowMoLt2hiw587AI34NOn6ugPlrngqZwPn5+Whvb0dISAhKSkpw79496rxKY5d//LLPQUBAAO28jh49Wul5FggE4HK54HK5Sp8nZeeZ8PxjzLbCgOyj+GPO9L+VBAaAPhxnvPRRCqyXr3zhRXBcXBwlabOzsxAXF0e9J2oiK0u1rAQk5aAXyySMZWdnITEx0WD9ffVBKGzW+1htzos0C1jaFzk+Pl5rAdzc3Izs7K6sXmdnFwwdShfW8lI9KyuTCOAewMVtxAvdP/dZYsqyBHfhHHi8M0djtq0qVPV4lYXp7Aj/pC3w2biakoRS7Ef5wsbLQ6f1mRxH2Pv5KGRwaoOZFQsTvzuMkk2JYDo7KmSL2o/ypQTgA6FYIqqP5CntyQtIRPGQ2CVa9Z0FJILylelTcetoHhovXcEDkRg2Xh7g8MYpFbfchXNgyXGEKZulUvx6xyyGjZeH2jGARHhO/O4wbh3JQ23+WTQUXcFDcQuYTg5o+O9P6O+n+kJA7sI54C6co3Bsa209WmvrYe3pDhsvD3jHLFZ7Luz9fMDkOOqVGfzKjKmw8fJA7emz1HP/QChGbf5Z2Pv5wMbLQ+fXhM/G1aj8PJvall4AQHh+IPKXQPh7QQQwQW8kGb08SgIPdLDFF+tnwprFgJERkPHtT3jd3Qm37zRRsjfjRDE2p+cjZIw33p8ZiNfdnTDWZxDG+gzqmjha9ZoZJ4qxYOuXAICcfy+QiF8HW+z/thjzJ4/AQAdblP5ah8hJkj9OpJm/788MpK9BIBD+tlhHRlLC1MTREeywMDRnZOBRXR3uLF0KpwMHwPDzox1jzKL/8Sw6dgzMoCAYs9mwXb4cjWvXAoCCWDZms2HO5UoE8NPSscYy/eWkxzyqraWELgCawAUkYrmjshIPKivReuYMOioqMPDHHwEA7LAwal3GiBEKx8qvJ8rJge3y5Qr7CQRC98nOzkZVVRXs7OwgEAio/Vu2bIGrqytV/lnaoyUhIYGSvwwGvUJJW1sbtm/fjurqrtKXdnZ2eO+99+Dq6ors7GycPn0azs7OEAgEOHbsGJKSkhQyjHfs2AELCwu0tbXR5tm6dSssLCxQWFiI9PR02jEBAQGIjpZ8INu+fTucnZ1x7949tLW1ITg4mDZWKkClAriwsBC5ubkICQlBaGioxnOiCWOrrveqR/wa1M9ahEf8GpgP8ULThcsw8/YC56Tks2HdW+Ewe80Tj2rq0CkUwfrdBWjangIAsF0bAwAQZR9F0/YUOJ38EozR/rS1SkpKUFVVhZKSEuq8FxZKpIXs9q5dkixi6fPn4eGB6upq5OTkYM2aNXB1dcXVq1eRm5uLNWvWwNPTEyUlJUhPT6c9D1wuF2uf/v7YsWMHnJ2d0d7eDoFAgGHDhhEB/AJi6jn4byuBgb+GCI6IiMC2bdt0zgLm8/k4ceIEta1MVlpbW2Py5Mm0cZmZmVi+fDm1Lf++WFZ2Xa/HoS2lpdrPLy+Lray0E9f6ZgHLZ/8q64UsL9VPnDgBPp+vtbQnaMefrUKImhvQ+fgRtc+4jwlMTc1hYtYXJqbmMDE1h6nZ37vamnfMYr3Fr7WnO/qP8sUrM6bqdLyZFQsc3jitZakqXpkxVS/5K4vPJuUZz7LZn2ZWLEp8ttbU4355FSWv7Uf5wpKjKJC1QXZebdB0vuT7C2uiO+evu+c+6Kt0zYPUYDPYg5ZZLM0y1xdDvB4JPcvjivUAJL16+/gcIPKXQPiLQwQwoVuM9RmEFBZDUnZ5RQjm+4xEyqHzGOomyRAeFrELX6yfSY3P+PYnDHVzwpMnQO75MolE3vsdjIyMsDGKh4wTxbBmMRAyxhu365uwYOshWuZuTFIu3g8PRMqKrsy4lBUhuPZrHYZFSL6MGzPsVcTMHINrN+oQk5SLlBUk85dAICjH1MkJtsuX42FtLcS5uQCA9uJimgDuFInQ+sMPMHF0pDJ9ZaWtZVAQBPHx6GxpQadYDNGxY2CHhdGOZYwYQQne5owMAICxpSU6WyTlnpr371eblcsOC4O5pydujZBc3PKorg7tly+D4eenIKflER87BgBU/J1iMVrOnKFiJBAIhic4OBg8Ho+StFevXlX4Mjo/Px9VVVUYNmwYYmIkclK2x3B2djaqq6sxe/Zs8Hg8VFRUYMeOHTh48CDWrl1LlQmNiYmhMm1VlZdua2vDrl27YGdnh7179+LChQsoLCyEj48P0tPT8dJLL2Hbtm2wsLBASkoKLly4gOHDh1Pli6WZr6GhoSrXMMQ5kfKwuhbtF4rQejwf4oNfAwDYc6bjXkIyHpSVw+Hgf8CcwkPz7s8hWLMFouyjsF66EADw4OcKWL+7ANZLF+rd6zcgIAA8Hg9xcXGorq5GVFQUfHx8kJCQgJqaGggEApr4Dg0NpZ6fnJwc6vmURSqQpOJb+jzk5+eDx5OIEel5Dg4OJvLiBcbUczAc806j8V8L8bCyvLfD6RVedBGsLAtYE/KysqamGhYWmmVYdnYWTQBbWdHft4RCIUpLSxVksr4EBgYiIaGrF68uglm+Z/GQIUO0XlOfLODU1FTadkJCPC12VWRmZmr1nBEUaW+5j2ZBLZoa+bgvqIHwXj2aBTV49LBD6znMGSwwLKzAsLRCXwYbfZlWYLJfgq39QLzU/2WY9f3rlozWVRrKMvG7wwaM5MVAmi1MZCGB8Gwxsv0fGLFfg7HbB70dCoFAeAb8Pwo3pfaZjYFqAAAAAElFTkSuQmCC' height='250' width='300'/> ]]>
  </system-out>
</testsuite> <!-- com.tribu.qaselenium.tests.apimazaprendo.MACreateF2FCourseTests -->
