<?xml version="1.0" encoding="UTF-8"?>
<!-- Generated by org.testng.reporters.JUnitReportReporter -->
<testsuite hostname="station" failures="0" tests="1" name="com.tribu.qaselenium.tests.mazaprendo.MAScoreCourseTests" time="29.257" errors="0" timestamp="2022-04-06T03:50:51 COT" skipped="0">
  <testcase classname="com.tribu.qaselenium.tests.mazaprendo.MAScoreCourseTests" name="scoreCourse" time="29.257"/>
  <system-out>
    <![CDATA[ <img src='data:image/png;base64,iVBORw0KGgoAAAANSUhEUgAAB4AAAAOiCAYAAACRicroAAAAAXNSR0IArs4c6QAAIABJREFUeJzs3WlQXOmd5/tf7glksu+rQAtoQ0tJqpIsqTapXKvb7qpuu+1yu7vH0xFzu+/MxH1x40bMi/GbG/1ypmMm4t473e7pxW539ZRdZdfmslSrpNKuEmgBtIBAbMmakCTknvdFihRbQpIgoKjvJ4IgyXPOc56TiQjE7/z/j+EnP/lJVAAAAAAAAAAAAACArzzjak8AAAAAAAAAAAAAALA8CIABAAAAAAAAAAAAYJ0gAAYAAAAAAAAAAACAdYIAGAAAAAAAAAAAAADWCQJgAAAAAAAAAAAAAFgnCIABAAAAAAAAAAAAYJ0gAAYAAAAAAAAAAACAdYIAGAAAAAAAAAAAAADWCQJgAAAAAAAAAAAAAFgnCIABAAAAAAAAAAAAYJ0gAAYAAAAAAAAAAACAdYIAGAAAAAAAAAAAAADWCQJgAAAAAAAAAAAAAFgnCIABAAAAAAAAAAAAYJ0gAAYAAAAAAAAAAACAdYIAGAAAAAAAAAAAAADWCQJgAAAAAAAAAAAAAFgnzKs9AQBYL945dVNXWjoTbn9iR5W++UStNNIjXfiXxANZM6Qn//wRzBAAAAAAAAAAAKx3BMAAsNKySmIhb8A79/aAVxq6L+VWrOy8AAAAAAAA8LUUjUYVDAYVDAYVCoUUDoclSSaTSWazWRaLRWazWUYjTUUB4KuAABgAVkNhjdR5LfF2VwsBMAAAAAAAAB4pv98vn8+nUCg05/ZQKKRQKCSfzycpFgjb7XbZ7faVnCYAYJG4XQcAVkNR7fzb+1pXZh4AAAAAAAD42gkGgxoaGtLY2Fg8/I1EIgoGg/J4PJqYmFAwGFQ0Gp12XDgcltfr1dDQkILB4GpMHQCQBCqAAWA15FbQBhoAAAAAAAArzuv1yu/3x8Ndv9+vjo4OdXd3a3BwUMFgUA6HQ6FQSAUFBdq8ebMKCgqmjRGNRjU6Oiq73a6MjIzVuAwAwDwIgAFgtdAGGgAAAAAAACtoZGQkXvEbjUbl8/n00Ucfqa+vT9FoVFarVTabTQ6HQ729vWpublZzc7P27dunnTt3ymAwTBvP5/MpGAwqOzt7NS4HAJAAATAArJai2vkD4L5WaevKTQcAAAAAAADr19TwV5KGh4d1+vRp9fX1yWQyKTs7W/n5+crJyZHdbld2drY8Ho+GhobU0NCg8fFx7du3T2bz9FghHA7L7XYTAgPAGkIADACrhTbQAAAAAAAAWAFer3da+Ov3+3X+/Hm5XC4ZDAYVFhaqoqJCGRkZslgsMplMstlsSktLk9Pp1ODgoG7fvq309HTV19fPGn9ybWDaQQPA2kAADOBr6/954+N5t3/vhceVk/mIf2mlDTSANe7Cjfv64GyzNlfk6/vf3DPnPu29w/r7dy/JmWHT//FHRyVJX1xr15ctXfrfXj2kGR3CZrl6u1u//uyGvvfcbtVWFsy/8xrQfK9Pb5xs0H/47mFlO9MWda3JcI9N6O9+c1HfOrpdm8rzlj4gAAAAgK+1YDAon8837bmBgQH19/fLYDCopKREFRUVstlsMplMslgsMpvNikQikmLhrsPhUFlZmTo7O7VlyxbZ7fZZ5/H5fLJarbJYLCtyXQCAxAiAAXxtDbg9824PhSOPfhK0gQbwFXGnc1Cecb+c6bZZ267e6p71XEF2hjaW5SUViF670yNJarzd85UIgGdazLUmw261aGN5nrIyZr/WAAAAANausbEx3bx5U93d3ZqYmFB6eroqKyu1bds22Wyr9/u9xzP9b2DRaFRNTU3y+/2yWq3Kzc2VyWSS0WiU0WiU2WyWxWJROBxWJBKRzWZTMBiUwWCQz+eTx+OZMwCePFdubu5KXBYAYB4EwACwmpJpAz3SI2WVrOy8AGAKs9kogwxqvNOjb9RvmLYtEAzrZptLGWnWac9vrsjX5or8Bcf2eP1q7R7Wlsp8tXT0yxcIyW5d2q+okUhURuMypbFJSPZak2W3mvV7R7cv23gAAAAAHr329nadP39e27dv17Fjx2S32+X1etXa2qpf//rXevrpp1VQsPI3vPr9fkWjURmm3LEaiUTU2dmpaDQqq9Uqo9GowcFBjY2NKT09Xbm5ucrPz5fJZFIgEFBfX59cLlc8HHa5XCosLJQUC5Onikaj8vv9qxp4AwAIgAFg9S3UBrq3hQAYwKoyyKDtNUW6eqt7VgB8s82lUDii+k0launojz9/8sJtXWnp0v/5w6fmHbvxbo8sJqNe+sZW/fUbp3WzzaW9tWXx7ZeaOnXiwi29cKhOXzTc07BnQgU5Dr30jTqVFWTF93nvTJOee3yLTje0qbIoR989vkuRSFSnrrbpckunJvxBVRbl6MVDdcrLSpckvflxo8Z9QW2tLtQXje0a9wVUWZStV45sU2bGw7vZr7f26uNLdzTq9as0P1Mby6a3ZZ56rR29bv3Pdy/Oea3/7vcPqjDXIX8wpI8v3VFTW58m/EHlZaXryb0btXVD7A8oo16f/ssvTunVp3dqx8ZiSdK4L6APz93SrQev8dbqIj3/xBZZLfw6DwAAAKy2vr4+Xbx4US+//LLS09Pjz2dlZWnPnj2qqqrSiRMn9NJLL8nhcKzo3Ga2fpakkZERhUIhGY1G2Ww2jY+Py2Qyqbi4WMFgUKFQSOPj47JarQoEApKkvLw8GY1Gud1uDQ0NxccyGAyzQuCJiQkCYABYZfzFCABW20JtoHtvSbXzBygA8CgFwxHt2VKmq7e61dk3ovLCrPi2q7e6VVtZIFuKQeS1Oz3aXJGvzAy7NpTkqvF2z7QAWIpVGTfe7tG3jm5XJBLV787f0s9/+6X+w/cOTzvvlZYuPbt/s/KzYuu3v3emSdfu9urZ/ZuU5bDr8y/b9E8fXNZfvHZIFrNJknTf5ZYvENKz+zZp3BfUR5fu6Hfnb+m1Z+olSZ19I/rlJ9e1sSxXz+zbpJExnz7/sjXh9RTmOvSjlx6Lfx2ORPXWp9eVbrcqNzP2h6BffnxNrqExHTuwWZkZNrW09+vNjxv1b3/vcRXnOWeNGQpH9A/vXVYoHNHLh7cpEArr5IXb8gdC+oNn61N63QEAAAAsn/Pnz+vIkSPTwt+pcnNztXfvXl2+fFlPPvnkis0rEokoHA7Pet7n88lgMCgSicjpdCozM1NpaWkymUzxNs/RaFTRaFTj4+MKhULKycmRx+ORw+FQMBicNt5kCDz5ebJ1tNFonHd+N5uadOLkx/Pus7WuVs8dP7b4iweArzkCYABYbSvRBtrTLwUDD7+2WCXnItsOTYxKEzPWTXbmS5Yk7ugc6pQ0ox1rmlNKy1z42JlzX6xUrnWG3oEh+f2x/9wU5efIbrMucESMe3RMI54E76skfyAgm9Wa9JjtXa6E20Y8XmU5M5TlzFB25sJ3E/v8AbkGhhfcb6aqsqKE46T62iQ6br7rnWox502kd2BIt9s6p53TZrWquCBHO2trknpN17VoVGWFmcrLSteXLV3xAHhodFztvcP6o+f2qK17cNHDuoY8cg2N6fDuaknS1g2Feu9Mk9yeCWU706bt++rTO+Ntpv/wWL3++o3T+rKlW0/sqIzv873ju+PVvQNur660dOnFb9Rp/9YKSVJxnlN//cYZ3WxzadfmUkmS1WLW68/vUbo9NvawZ1zX7vbGxzzTcE/ZDru+/9yeeFtpm8Ws9840zXlNdqtZG0oernf10cU78vlDev35vTKbY3/8eGJHlbIc9vhcN5Tk6uqtbt3pHJwzAG643a0+t1f/7vefUGFO7HvRZDTorU+vyz02oWxH2qxjAAAAAKwMr9crv9+voqKieffbuHGjLl++nFQwulxCoZAkTWv/HI1GZbfb42GtxWKRwWBQZ2enQqGQLBaLHA6HLBaLnE6nAoGAQqGQWltbFYlElJWVpfHx8WlVvwaDYVYlcDAYXLAKeNvWrZKUMAQm/AWA1BEAA8Ba8KjbQDefkoa7Hn5ttkkHv5dcADvp+snpY0jSvu9IueXzHzfUKV16a/bzznzp4B8tfN6Zc1+snDJp/++nfrykn711Uv5ALAA+sn+njh5IruKusblVpy7O875OkeXM0CvPHpwVsE6bx9snkxrLbrPowK467a+vSxiMugaGkx5vqv/0Fz9IOE5Rfo5+/N0Xkxpn6mvz+rePzXndi5lfUX6O6utqVF9Xs6gwuKX1vk6cvpwwqL/V1qnPL1xTVVmhjuyvn/f9We9C4Yh2bynT6attev5grSxmk67e6pYz3aZN5Xm6fb9/4UFmaLzdI7PJqC0P1s/duqFQ73/RrMa7vTr6IBSeZDE//ANJZoZdRbkOuYam35TiTH/43rd1x1qS1VYWKBSKSJIcdptynHZ194/GA+Ashz0e/sbGsMk78fCmk+6BUW2rLpy2prAjLbnvsY5et0433tPx/ZumBbtVxdm62NSptz7tlXtsQqFwRP5ASD5/cM5xWruGVJCdoVxnevxaKgqzY/PrHyUABgAAAFaRx+NRdnb2gvsZjUalpaXJ5/MlrBRebpMB8FQGg0FZWVnxNYpNJpOsVqsyMzPl9XqVnp6uoqIihcNhRaNRZWVlKSsrS319fQqFQsrMzFQkEtHIyIjMZrOsVms8RJ557mTaQCcKgQl/AWBpCIABYC0o2LSybaBDfqnllLT7peT272pKPYRtb5j7ec9ALBxeKEBeZQ1Nd+PhryRdbGzWgV2Jg9VUjXi8+tnbJ1VVVqjXXnhySeP7/EF9fuGaGppa9dqLR1Wcn7vwQcvANTCsdz46q1eePbgi55t57hOnL+vUxUa9/MxB1dZUzLu/zx/QidOX1dg8vZVvZWnhtK87uvskSe1dfWrvOqmjB3bqyP6vZ8vdcDiq3ZtL9MnlO2q616edG0vUcLtHuzaXymg0KBKJLjjGVNGodK21VxtKciRJgWBIFrNRFYVZarzdMysAninNZpkW1M7k9cW2/ZdfnJq1bSJB0DrnOBMBZaQtfu0qfyCktz67rg3FOTo0Y93k979oVktHv44d2KzS/ExZzSb9za/PJ56DL6D+4TH933//0axtE/7Zf9ABAAAAsHKmrpO7kEAgIJPJ9Ihn9NBkADy1PfOkmpoadXV1yWw2y2AwqKSkRHa7XUajUYFAQOPj44pEIjIYDDKZTNqwYYPC4bAmJibU19enM2fOKDc3V2VlZcrLy5PNZpPRaIwHwXO1nk5kZghM+AsAS0cADAAL+OhCs4ZHxxNuP7BjgyqLlxiwrUQb6Jn6WpMLYIMPwuJUTIxK/YnXylR7w5oPgCerVLOcGRrxeOXzB9XSel+7tm5c1DiJqlx7B4bk6h/WqYvXNOLxqr2rT59faNRzR/YlHKuytFA//M7xWc/7/AG1d7l0oaFZHd19GvF49fO3T+ovfvjteQPlxVQ1L6SxuVWVpYWLfn3mk+h6pVibaNfAsBqb78o14JbPH9SbH3yu/fW1876G/+v9z+Lhrs1q0dED9XNWD7tHx6ZVK39+4ZomfIF5x16/onKk27SpPF9Xb3Urw27VqNen3VtKH2xdnLbuQXm8fnm8fv3VP3wya3tX/4jKCrLmODLGMx5QWUHiLgZWs0lGo0E/emmfjDPuRE+3W5KepyPdOu0mkGS9/0WzfP6gvv3S9O+VUDiiq7e79cLBOu1+UIUsadbd8lNZzSaV5Dv14qGts7blOKn+BQAAAFZTdna2xsbGFAgEZLUm/r/3ZMVsMlWxy2WyijcSiSgajSoUCikQCMjn88lsNisnJ0eRSCQe9JrNZplMJvl8vvgxk+2qzWZzfKzs7GzduHFDQ0NDGhkZUUlJiXJycpSZmSmHwyGj0Thn9fF8tm3dGg+CAQBLRwAMAAto7RxQz8BIwu1bqopUWbzEkxhNj74N9FyufxRrBT3fOr7tV2MVw6lovzr/9v7WWEi8mFbUi1W1O+VDW1rvx1sDHz/8WDxYPXXx2rIFnMX5uSrOz1VtTYV+9vYJuQbcutjYoqqyogWrWGey26yqralQbU2FPr/QqFMXr8nnD+qdj87qD158clnmm4x3Pz6nooKcFak8riorUlVZkQ7sqlNL632989FZ+QNBXWxsUVF+zpzv0+9OXYqHv0X52XrthScTrvGbnenQ0QP12lJTHm8FPt/YXwd7akv1xokGhcIRVRXnxNexXazGOz2yWsz6/nO7p4Wf4UhE//zhl2q80zMtAPYFQrJaYr+6Dri96h8e02N1ZQnHryzOUSQSlT8Q0uYHLaYlaWwikHQLZ0kqzc/U3a4hPbv/4XP+4Px/yLjR6lLjnR69+vROZTns07YFgiFFIlFNzXuHRsflm6eSt7I4R6eutinbYZcj/eHP67GJQHxdZAAAAACrw2g0qq6uTleuXNETTzyRcL/z589r165dKzgzKRKJyO/3a2xsTIODg/J4POrp6dHo6KiqqqpUUFCg/v5++Xw+2Wy2aQG1y+WS3W7XxMSEiouLFY1G4+GxzWZTMBhUNBpVf3+/vF6vbDabcnJyVF5erry8PKWlcbMqAKymlVltHgCwsIJN82/vvbX85/SNzh/SToxKrRdSGzvol7qbF97vbuK2p5Ji6/c+978n/nj6z2PrCc9l+7FYsJ6iCw2x+Wc5M1RbU6EDu+okxdo1NzTdTXncudhtVr08pXVye5drSeMdPVCvLGeGpNg6tiuhKP/hmkc/f/ukfP7kWmAtl9qaCr3+nYctok6euTxrDu7RMV1sbJEUq/x9/dvHE4a/UxXn584a++tqS0WBHGlW3Xe5tbu2dOED5hAMhdV0r187NxapqiRHlcXZ8Y/q0lzVbSjU9buuaW2l3zjRoJaOft1sc+lfTjQozWaJVx/PpbwwS3VVhfrVp9d17nqH7vUM6dz1Dv23fz2tO/cHkp7r4V3V6hn06IOzzXINedTS3q+TF+8k3N/j9evdM00qK8hSZoZdHb3u+MfYuF/pdqtK8zP16eW7utTUqXPXO/T3715SOBJRIDR3i7R9dWVKt1v0j+9f1rW7vWrrHtJvz7bov/3rmXnbYAMAAABYGTt27NDIyIguXLgwq/VxIBDQJ598oo6ODo2Nja3ovILBoIaGhtTV1aXu7m61trZqeHhYY2NjGh4ejrdsngx2/X5/vE11fn5+vKI3GAxqYmJCfr9ffr9fHo9HUqy1tN/vl9frlcfjkcvlUmtrq/r6+hbVAhoAsPwIgAFgrZhsA53IZBvo5dZ6IRb0zuX6ydTH7W6aXTlcuUsyz6hW62uLhcWpavk8tp7wTKV1UlnqrYPau1zxKtEj+3dKigWMk6HqtZZ5WlunqDg/VzZrrDWta2B4yeNVlT1cz9Y9+uj/k7mlukL1dbF1W33+oH729hK+f1JUnJ8bf798/uCsNX4nQ30pVtW9mLWWi/Nztb++Nj72ct8E8FVhNBq0a3OprBaztlfPbmuejOZ7fQoEQ9pTO3cF797aMo37Arrd+fDf9u4tpfrwXIt+9cl1WS1G/eD5PbJZ5m9m8+ozO7W3tkxfNN7Tzz74UleaO/X8E7XaVJHgppE5lBZk6tWnd+h2x4B++puLOtN4Twd3VCbcv6t/RD5/UF39I/qf716c9tHc3i9Jeu3ZehXnOfW787d07nq7ju6p0faaIgUTBMB2m0V/+vI+FeY69N6ZJv3id1fVO+jR68/voQIYAAAAWAOMRqOOHz8uo9GoN998U59//rkuXLigTz75RL/61a+Um5urzMxMXbhwQVevLtAtbRmZzWaZzWZlZmbKZDLJbrcrEolIknp6etTd3a3R0VFFIpF4AOz3+zUyMqK+vj65XC6NjY3FP0+GvS0tLfH20pOtpSc/hoaG1NfXF28dDQBYHbSABoC1Ipk20H13l78NtBQLevf//oxztUrDXamPOVdlcdXuWCg8tTI45I/tu+nxxZ+j+fO5q4xzyqQdc68Zm6zG5li4Z7NaprViPrJ/p979+Jzau/rU3uWac13fpcjOzJBrwB1vPb0UWc6Hla0jHm9Sla5L9cqzh+QaGJZrwC3XwLDe+eisXplS2bwSDuyqi6/Ze6GhOV65LSkeCNuslpRaOB/YVRevIL7V1vm1aAN9YHuFDmyf3o782IHNOnZg87TnvnVk24L7TNq5qUQ7NyX+WVZdmqv//OPYv+FLTbEK9l2bS7R/29xt0fdtLde+rbPXEzebjDp+YLOOJ5jHa8/MXvv6UP0GHarfMO25HTXF2lFTPGu/SVOvtW5DYXzuieQ40/SD5/fOuoZJkWis8tlofNgnOjPDPud8AQAAAKwNRqNR+/bt065du+RyueT3+1VWVqYjR47IbDZr48aNeu+993Tp0iVFIhHt3bt34UGXyGazyeVyaWBgQB6PR0NDQ/HWzaFQSC0tLUpLS1N2dna8xbPRaIy3dHY6nQoEAhoeHo4fFwwGFQqFZDAYFI3/3yVWSWyxWBSNRuXz+QiAAWCV8VMYANaShdpA991+NOcd7ooFvpOCfqn5VOrjdTVJPs/05wpqYmv9zrUmbzKtouc6R0fD7Ocd+dLulxY/3hTu0TE1NrdJigV+U6tEa2sq4lW6U6tJl4trwC1JKsrPWYaxHlYRT1Yuz2XE41V7l2vBj2S9/u3j8deosbl1xStl7TarKktj1c9Tg3T36Jj8gaAkqbZmdliYjOxMR7zVdUf30tp0A3Pp6HXrwo37kqTczNTWVwYAAACweiwWi8rLy7Vx40aVlZXJbI7VYDkcDr300ktyOBy6cuWKrl+//sjnYrPZ1N3drd7eXrndbgUCgXhrZrPZHG//PD4+rnA4rGAwqHA4rPT0dIXD4fhxTqdTJpNJoVBIXq9X4XA4HgBHIhGFQiEFAoF4gBwOh+VwPPqb0AEAiVEBDABryWQb6ECC6s9xd6wN9KOoAm4+FauctdhiFbm+GW2hzVYplORak91Ns5+bbMfsLIiFtGNT2jb7RmOBbrItmz390o052gubrdLOY7FrWIJTFxvjj+vrpq8hbLdZVV9Xo4uNLbrV1in36NiyVdZ+fuHheZcaAPcODMUDyixnxrxzbGxundUqeS7/6S9+kNS57TarXv/OMf30jQ8kSe9+fE5FBTkqzs9N6vjlUFVWFG/hPVmpPTUMnlodvVg2a+yGAJ8/uLRJAnM43dCmDpdbh3ZWqTjPudrTAQAAALCMJkPgDz/8UF7v0jt/LcRqtSo3N1cDAwPx0NZgMExr3xyJROTxeGQymRSNRmWxWJSRkaHKytjSN8FgUMFgUF6vV6OjoxoaGpLJZIqPJcXWAjabzQqHw4pEIiooKJDNtrS/zQAAloYKYABYSybbQM+nb5mqKWsOTP/aNxoLfidGY+sCT1VQEwtuk+Hpn9062u6cfl1zVQF3JLkGzsSodPGtubft//3k55mAzx/QrbZYy9n6uuo5g9OpLYWnhsVL0dB0N9622Ga1TDvHYrV3ufTuR+fiAeXkmrgrqTg/Vy8/80T865+/fVI+f5I3EABT7Ntarv/84+OyLrDe73rx/W/u0f/1x0/r+ONbVnsqAAAAAB4Bp9Op1157TY8/nsJSWCnYvHlzfP3fyWrkma2bo9GovF6v3G63hoeHNTIyovHxcU1MTMjv92tiYkKDg4NqbW1VMDj3zdCTgXAgEFB5eXk8HAYArI6vx1/SAGAtGXVJA22Jt5usibdJsTbQmw8vfR5Vu2OVulNbNbdekPpnVIKarVLdkdg6wcmYa+3f0hmVvYU1UsuMimLPgDTUKeXO05o36JeuvhdbN3im7ceWHP5KsbbOk8Fpfd3c67tmZzpUX1etxuY2NTa36fjhfdPaRM+lsbl1zpbB7tFY++Wp1al/8OKT84434vEmDJ5bWjuntX6ur6tecJ3a+rrqhNe6FLu2blRHt0uNzW3y+YP62dsn9ePvvrjs55nL1Ndgspp6alX11O2LNfleTba5BgAAAABgrdqwYYNycnLiVcDRaFQGg0FGo1GRSESRSEQ2m00OhyPe4jkQCGh0dFQGgyHe3nliYkKhUEhGozFeLSw9DH4nx83Ly1N1dfUqXzUAgAAYAFbaqEu6ezbx9pyy+dstL1cbaItN2nFMujSjmtYzMP3ryt2xtXuTMTE693q+M1s7W2yxEHjmvu0N8wfAV9+bPT9JqtyVfPvoBUy2Qq4sLVRVWVHC/errNsbXCb7Q0KyjB+qTGnc+Wc4MvfLswXnPK8UCyM8vXFtwvP31tXruyL4kzutY8JypeuXZQ3INDMs14JZrYFjvfHRWrzx78JGca6rJgNdmtcTDdLvNqixnhkY8XnV0u+TzBxYM7mfqHRiKB8CP6jUDAAAAAGC5GI1GPfXUU/rVr34ls9kcD30lxUPbybbPRqNRgUBAkUgkHvCGQqFZ1byRSEQmk2naOBaLRU6nU0899ZRMJtPKXiQAYBZaQAPAWlS4af7ty9UGOrc81t45EbtT2rSIlkRdc6z9W1Azd4A8Vxvo/tZYiDyX6ydmt5aeHL/uaPJznEdD0914uDdz7d+ZqsqKVJSfLUm62NicUntjm9WiytJC7a+v1cvPPKG//ONvpxwqFuVnK8uZEf/65WeeSCr8XQmvf/t4vFq2sblVDU3L9P2bQEvr/YTv4+TXPn9QLa33Fz32xYaHNy1sqZ7nZgUAAAAAANaIkpIS7dy5UzabTWazWUajUUajURaLRWVlZbLb7UpPT5fT6VRGRobS0tLkcDiUnp4um80mm80WD3snTYbHk0Hx+Pi4SkpKVFTEzdIAsBZQAQwAa1FRrdR9M/H25WoDLcXaOw93zl1xvJhgNeiXOhpmP5+oMtdZIDnypbEZFb3tV2eft6tp7spiR36sinmZTK7Bm+XMWLBtsiTtr6/Tux+fi4eJ8x3z+rePLVvFaGVpoX74neOznvf5A/rv//i2/IGgTl28ptqaikVXuD4KdptVr3/nmH76xgeSpHc/PvfIwlOfP6ATpy/Hv565lnJ9XU38fT555rKKCnJUnJ+b1NgtrffjVd/Jfo8AAAAAALAWHD7dvqsuAAAgAElEQVR8WO3t7ZqYmJDFErtJOycnR9XV1fJ6vUpLS4sHxBMTE4pEIgqHw5Iks9kcfzwZ+E4GwFKsyjgvL0/PPPPMKlwZAGAuVAADwFqUWxFrA53IZBvo5ZCWGWvzPFNOWaxNc7L6WmevzWt3zj/GXFXA3c2xMHnSUKd0I8H6w5kFsdD57oX5P5IwdR3ehap/J+3aujFedTsZKq4mu80ab6884vHqnY/maTW+worzc/XyM0/Ev77V1rns53CPjulnb5+c8j5WKzvTMW2f7EyHjh9+TFKsCvjN9z9X78DQgmO3tN7Xux8/fD1Xoo01AAAAAADLxWg06vvf/76ys7Pj6/aOjo4qPT1dDocjHv7abDbZ7XZZrVZZLBaZzWaZTKb4+sFSLPyd+pGVlaUf/ehHMhqJGwBgreAnMgCsRUbTyrWBlmJtnh35059bbGXt3fOznytdYF3ewprZQXfIL3VPaSV99b3Ex3c3xc670EcSPr/QKCnWlnlm1eh8JsPiEY/3kbc2TkZtTYX219dKioWsqbQ5flR2bd0Yn9tyco+O6dTFRv30X9+Pr/1blJ+tV549NOf+B3bVqb6uWlLsffvpGx/oxOnLco+Ozdq3d2BI73x0Vm9+8Ll8/qAk6fjhx1j/FwAAAADwlWMymfRnf/Zn2rlzp6TYWr69vb3KyMiQ3W6P7zcZ+k4+NhgMikQi8eB48sNkMmnXrl368Y9/zLq/ALDG0AIaANaqlWwDLcVaQU9WyxYmWLc34VxaJZ9n9vNT2z97+qWuZinN+XB8iy32eGZ75/aGh9XBc7WmXma9A0Pq6O6TJNXWlC+qbfKBXXXx6t9rLa1roi3w0QP1utXWqRGPV+9+fFZF+TmzKmGnamxuVUe3K6mxd9bWLOkanzuyT66B4fjrnYy+wWH97O0Tc25zj3rjFb+T6uuqdfzw/Osfv/LsIWU5HfH37kJDsy40NMtus6goP0eS1N41fY42q0XHDz+2Jt5jAAAAAABSYTQa9c1vflNbt27VW2+9pa6uLlVWVk6r3p26vm80GpXFYpHBYJDRaIyvIWw2m/Xqq69qw4YNq3g1AIBECIABYK2abAOdKACdbAOdVbJM5yuPfaSi/ers5wqmhMgTo9LZf3m4bahL2vNS7HHV7tkBsG80tu5vovWDl9nFhofnP7K/flHH2m1W1ddVq7G5Te1dfWrvcq16dajdZtVrLx7VT9/4QD5/UO9+fFavf3v2msGTRjyzQ9REKkuXfm1/8OKT+ts33k/6nD5/cFYYO5fK0kId2FWn2pqKpMY9eqBeVWVFutDQHG9JPde5bFaLamvKdWR//bxBOgAAAAAAXxWVlZX6y7/8S928eVOBQEAmk0lGozEeBIfD4Xjoa7VaZbVaZTQalZ2drUOHDmn79u0ym4kXAGCt4ic0gK+tuur5g1ObNfYjsrosT1nOtIT7ZTli20ryndrqL0y4X3GuM/YgLWv+9s6OvNhno0mq2CO5uxLv6x1OLgB25i+8TypjWGwP1+vNKZu+rWrXw8d9rdO39U/52lkgldZJEzMqiCdG5x53mfn8AblHvaosLVywUjaRI/vr5R6NhZlTA+AsZ4YqS2PfEzabZclznRxrskJ1PsX5uTp++DG1tN5XNBpbw3ZqMGqzWeLjLcbkmsdzjTNzWyKTAfWJU5fjY8xlofnZbVYV5efIbrNqS3V5Su9dVVmRqsqK5B4d0622Tvn8AbV3ueLbspwZqq2pWFRVOAAAAAAAXwUmkyneDjocDsvr9crn82l4eFijo6PKyMiQyWRSRkaGKisrVVRUpIyMDBkMhlWeOQBgIYaf/OQn0dWeBABgnfP0T68Atjulo3+yevMBAAAAAAAAAGCdMi68CwAAS+QskCp3xYJfR75Ud3S1ZwQAAAAAAAAAwLpEC2gAwMqoO0rwCwAAAAAAAADAI0YFMAAAAAAAAAAAAACsEwTAAAAAAAAAAAAAALBOEAADAAAAAAAAAAAAwDpBAAwAAAAAAAAAAAAA6wQBMAAAAAAAAAAAAACsEwTAAAAAAAAAAAAAALBOEAADAAAAAAAAAAAAwDpBAAwAAAAAAAAAAAAA6wQBMAAAAAAAAAAAAACsEwTAAAAAAAAAAAAAALBOEAADAAAAAAAAAAAAwDpBAAwAAAAAAAAAAAAA6wQBMAAAAAAAAAAAAACsEwTAAAAAAAAAAAAAALBOEAADAAAAAAAAAAAAwDpBAAwAAAAAAAAAAAAA64R5eMSz2nMAAAAAAAAAAAAAADyQk+VM+VjzUg4GAAAAAAAAAAAAAKwdtIAGAAAAAAAAAAAAgHWCABgAAAAAAAAAAAAA1gkCYAAAAAAAAAAAAABYJwiAAQAAAAAAAAAAAGCdIAAGAAAAAAAAAAAAgHWCABgAAAAAAAAAAAAA1gkCYAAAAAAAAAAAAABYJwiAAQAAAAAAAAAAAGCdIAAGAAAAAAAAAAAAgHXCvNAOgUBgJeYBAAAAAAAAAAAAAF8bVqv1kYxLBTAAAAAAAAAAAAAArBMEwAAAAAAAAAAAAACwThAAAwAAAAAAAAAAAMA6QQAMAAAAAAAAAAAAAOsEATAAAAAAAAAAAAAArBMEwAAAAAAAAAAAAACwThAAAwAAAAAAAAAAAMA6QQAMAAAAAAAAAAAAAOsEATAAAAAAAAAAAAAArBMEwAAAAAAAAAAAAACwThAAAwAAAAAAAAAAAMA6QQAMAAAAAAAAAAAAAOsEATAAAAAAAAAAAAAArBMEwAAAAAAAAAAAAACwThAAAwAAAAAAAAAAAMA6QQAMAAAAAAAAAAAAAOsEATAAAAAAAAAAAAAArBMEwAAAAAAAAAAAAACwThAAAwAAAAAAAAAAAMA6QQAMAAAAAAAAAAAAAOsEATAAAAAAAAAAAAAArBMEwAAAAAAAAAAAAACwThAAAwAAAAAAAAAAAMA6QQAMAAAAAAAAAAAAAOsEATAAAAAAAAAAAAAArBMEwAAAAAAAAAAAAACwThAAAwAAAAAAAAAAAMA6QQAMAAAAAAAAAAAAAOsEATAAAAAAAAAAAAAArBMEwAAAAAAAAAAAAACwThAAA8DX1MWmLv3VP36m662u1Z4KAAAAAAAAAABYJgTAAAAAAAAAAAAAALBOmFd7AgDwVfL+2VtquN2j15/frYrCrCWN9V/f+EJGg0H//g8PLtPs1pf/960LGvZMqDjPqT99aW/K4/z8dw3q6HUrLytdf/57+5M6xjU0pjtdQ7rXM6yxcb/G/SEFgiHZrWZl2K0qyXeqvCBLWyrzlGazLDjef3/znDzj/pSvQZJeOLhFuzeXLGl8m9Usu9Ws/Kx0leZnauuGAuVlpS9pXsnyjPt16/6gOnrd6nd75Z0IKBAKy2wyKs1mic2pIFO1lfkqyM5Y1nMPjU7o//v1RSkaVbrdor949QmZTYu/B669161//l2DCnMc+jevPLascwQAAAAAAACA5UIADADAAwPucf32/C3dd43MuX3cF9S4L6h+t1eNd3r14XmjtlTm6ejuDcrNXJkgdSn8gZD8gZBGxny62zWkUw33VF2So+ce36zczLRHcs5+t1enG9rV0jGgaDQ6a3sgElYgGH44p6v3VF6YpW/UV6mmNGdZ5nDh5n3pwbnHfUE13unV3trSRY9jNBokSaYHnwEAAAAAAABgLSIABgBA0r2eYb35yQ0FQ2FJkjPdps0VeSrKdSjdbpHJaJQvEJLbM6HuAY/ae90KhsJqutev1q5h/fs/PLhgVWl+VrqefqwmpfkV5jgW3Ge+8aNRKRAKa2zcr97BMd3tGpI/GFJbz7B++u4lfevwVtVW5qc0t7nPF9Wphnadvd6hSORh8Fuan6nSfKdyMtNktZgUCkXkGferZ9Cjjt4RhSMRdfaN6I2Tjdq6oUAvPLFFNmvqv654fUFduxtb59psNioUiuhCU6f2bCmVYZE57mTwayQABgAAAAAAALCGEQADAL72JvxBvfXZTQVDYRkMBj29t1r7t5XLOE9CGAiG1dTery8a21VdmpNUS2G7zaJN5XnLOfWUxw+FI7rY1KnTDe0KhSL69edN+t7xelUWLa21+eTYv/zkhlq7hyRJJqNRe2tLdWBbuTIzbAmP8wdC+vJ2j85dv68Jf1BN9/rVN+zV947Vz3vcfC41dSoUjshiNunlb9Tqrc9uanh0Qi0d/aqrKljUWCajcdpnAAAAAAAAAFiL+AsmAOBr73JLt3yBkCTpuQOb9Pj2innDX0myWkzatalYf/7tA3pyT/VKTHNZmU1GHdxRqdee2SGT0ahwJKLfnrs1rVo3FdFoVL/69GH4W5CdoT975TEd279xwRDXZjXrie0V+vPf2x8PsgdHxvUvJxs14Q8uei6BYFhXbvVIkuo3FqmuqkDFeU5J0rkb9xc9npEKYAAAAAAAAABfAQTAAICvvbudsbDSmW7Tni2LWxvWZDQozWZ5FNNaEdUlOdq/tUxSLGy9+yC4TdWZax262xUbo6wgU3/8wh7lZy1ufeR0u0WvPb1DOzcWx+f1wbnbi57L1ds98vmDMhgMOrCtQpL0+PbY554Bjzpc7kWNZ2INYAAAAAAAAABfAbSABgDFQqtz1ztUv7FYxw9sWu3pJDTq9avxbq/udQ9rcHRcvkBIZpNJWQ6bKgqztK26UBWFS2/hO9O4L6jm9n7d63Wrb3hM4xNBhcIR2W1mFeU4tKk8T/WbimQxm5b93CvBPTYhKVatuth1YdeDPVtK4xWxdzuHtDnFNtXuMZ/ONLZLioXpf/DMDlktqX1PGAzSi4e2aNgzoc6+EbW09+t252DSc4tEo7rY1CVJqq3MV7bTLknaWpWvTx12jYz5dO76fVUWZSc9J+OD1s9GWkADAAAAAAAAWMMIgAFA0pct3QoEw7rc0q1j+zetuRAwGpVON97T2Wv3FY5ElG63qDjXqTS7RcFQWAPucV1p6daVlm5Vl+bolcNblWFfelWqPxjS51/e09U7PQqFIrJZzCrOc6g0zymj0aBRr1/3+0bU2j2ks9c79J0nt6msIHMZrnhlTbZ79kz4V3kmqyPbaVe63aJxX1DDnomUxzl7rSPeQvqbj29ecmW00WDQS4e26G9+c0mRSFSnG9qTDoBvtvVp1OuT9LDqV5IMBoP2by3XyYt3dLdrSP1urwqyM5IakwpgAAAAAAAAAF8FBMAAIGn/1jKdvX5fuzYVr7nw1x8I6Vef3dS9nmEVZGfoqb012liWO2ueA26vTjW0q7m9X3/3ziW9+vR2leanHsaOjPn0ixONGvZMqLI4Wwd3VGpDcfas9U/9wZDOXruvs9c79MZH1/QnL+5VbmZayuddDUW5Do11DanfPa7OvhGVP4Iq6rXObjVr3BdMaa1dSQqFI2q61y8p9npurkitinim3Mx0bdtQqOutLvUOepIObM8/qGiuLMpWab5z2rZdm4p1urFdPn9Q567f1yuH65Kai2myAnit/ZAAAAAAAAAAgCnoYQgAilUI/sfvHtLTj9Ws9lRmef/sLd3rGda2DYX60Yt7tal8dvgrSfnZGfrOk9v0zcc3a9wf1Juf3JDXl1qYJ0mONKtsVrO+dWSrfvDcLtWU5swKfyXJZjHrqb3VOrqnWv5ASJ9+2ZbyOVfL7i0lsQfRqH756Q219Qyv7oRWgS8QkqSUWzZ39o3KH4yNsaOmaNnmNXO8yfWF53O3a0h9w15J0oHt5bO2Wy0m7X3wnt+816dRb3KV35PB71z/DgAAAAAAAABgrSAABoA17EpLt5rb+1VZlK1vHamTxbzwj+29taU6unuDvBMBvXO6KeVzm0xG/cmLe7W9ujCp/Q9ur5Az3aZbHQPxIPCrYktFfrxN8LgvqH850aif/65BjXd6Nb6EEP2rwu3xxa8zNzM9pTF6hzzxxxVFy1tBXV6Yqcm7HnoHPQvsrfh6xnlZ6QlbRu+rK5PJZFQkEtXFps6k5mEyPWgBbeLXJwAAAAAAAABrFy2gASAFZ691qMFuXdIYgVBYdkviH8PhcESnG9plMhr1rSN1Miyi7ezBHZW61TGotu5hdbjcqizKTmmOi+l0azQatLEsV1dv96hnYEwbSlI752p55rEa5TjT9NmXbZrwB9XR61ZHr1uSVJCToQ3F2aoqzlFlcZZs87xv8+nsG9Ff/eNnizqmOM+pP31pb0rnS9aXt7vjj6tLc1IaY2z8YRVtjnN5W4BbzCY506zyjPs1Nh6Yd9+eQU/8fTuwbXb176SMNKt2VBeq4U6vrt7u0Tfqq2S3zv++Gh+0gGYNYAAAAAAAAABrGQEwAKQgmTa0SbEk3tTWMyyvL6C6qgI5022LHvqxulJ1nx7V9buulAPgxcp5sPbvuG/+kG6t2rOlRNs2FKjhTq+a7vWre2BUktQ/7FX/sFcXm7pkNBpUXpiluqoCba8uXDA0XOvae926eLNLkpSZYdeWivyUxgmEIvHHthTbSM9nsjV1IBSed79z12PVvxl2q3Yu0Ir6wPYKNdzpVSAY1pWWbh3aWTnv/pPBL2sAAwAAAAAAAFjLvtp/tQaAZTI4Mq7/8euL+uHze2LtZhfw+vO7VVG4tDa3//WNL+bdfr9vRJJUt6EgpfHrqgr0zpkWdTwYZyVYzbGQLjglDPyqsVnNOrCtXAe2lcvrC6qte0jtvW6197o1MuZTJBKNVwd//mWbHt9eoYM7KpOqli7IztCx/RsXNR9ritXGCwmHI7rc0q3PrrYpHIlIBoNeeGJzytWtliltkQPBsGzLHIwHgrHg1zxP++Vhz4RaOgYkSY9tLVuwVXN+Vro2lefpTuegLjV36fFt5QseYzQaWAMYAAAAAAAAwJpGAAwAkiLR6IPPaye4HPb4JEnZDntKx5tNRjnsFg17fIpGF9fOOZFIJCp/MKRQeO7XaXLt36iiSz7XZBAXjiztPQk/mGsqoV2G3aIdNUXa8aCS1D3m092uITW19el+34h8gZA++7JNPYMeffvotgXDU5vVrA0lqbVYToY/ENK9nuE5t0UVC1HHxgPqHfLo9v1BTfhj6/4ajQa9cHCLaspyUz53RtrDlujDYz4V5zpSHmumYCiisYlYVfl81fAXbnYqGo3KYjZp75aSpMZ+fHu57nQOyjsR0LVWl3Zvnv84k9Eok5E1gAEAAAAAAACsXQTAACApHIlO+7wWBB9UPKbb5+kTvYCMNKvGJgIKhsLxFrqL1e/26kpLt+71DGvI45OiK/MaTbYR9gfmb/m7EF8gFkqn2VJ/HSdlO+x6rLZUj9WW6n7fiN453ayRMZ9udQzodMM9PbmnesnnWIp+t1e/ONG4qGPKC7N0fP9GFec5l3TuqYFvZ9/IsgbAXf2jij74vitKMO64L6jGu72SpF2bipN+vyuLslWS71TPgEfnb3Rq16aSeW+WMBoNrAEMAAAAAAAAYE0jAAYAPawSjayhANjyIAAd9wWVlZFaFbD3QdWkxZxa+HulpVsnLt6RyWhUbWW+9tWVK91ukcU8dwXk3a4hXWnpTulcM00G396JgMLhyIKteecSjUqecX9svGUIgKeqKMzS69/crb9955L8gZCutHTr6O7qZam0flSsFpMMMsQrtV88WKtdm4uXZeyKoixZzCYFQ2HdaO3TvrqyZRlXkm60ueKPE1UpX27uUuhB6/FLzV261Ny16PMMjY7r1v0B1VYmXgfZZDTIQAAMAAAAAAAAYA0jAAYAPQx+l9pueDnlOGOhr9vjU0kK1ZmhcERjvqByMtNSCiW7+kf14fnbys9K1/eO18/benfSqNe/+BMlUJzr1O37gwpHIuodGlNZwcJrM880MOKNrx2bqHJ0KTIzbNq2oVBf3uqWLxCSe2xCOc60ZT9PssoLs/TD53fPu8/YREB/+5tLmvAHdf7mfW2rLkwY6C+GxWzSlsp83Wh1qXtgVK3dw6opXXq7a/eYT9dbYwFwUa5jzsriYCi2nvFyOH/j/rwB8JaKfBVkZyzLuQAAAAAAAADgUSAABgBNaQEdXjsVwBWFWTqn+2rp6NfWDQWLPr6lY0CKRlVZmJXS+S82dUqSXjxUm1T4u9wqih7O+2ZbX0oB8M22vofjpfg6LCQz4+FrEwytnRsIEnGkWfXiwS365ac3NDgyrpMX7+iFg1uWZexDOyp0o61Pikb123O39G9eeUw2S+q/akSj0vtftMRv0Di0s3LO/Rru9MTXM371qe3Ky0pf9Lma7vXrVMM9dfWP6r5rZNr331TL9VoBAAAAAAAAwKOy9JIfAFgHJit/Iyu0vm0yqktylGG36tb9QY09aOW8GJOtmHdsLErp/P3DXlnMpkUFr6Hw8gWglUVZ8Wraa3ddi64u9vqC+vJWjyQpNzNN5fMEwJNVwqkYGp2IP3amW1MeZyVtqczX7s0lkqSrt3t0q2NgWcbNz87Q41tjrZ9Hxnz65Sc3lvQ98bsLt9Xe65Yk1ZTmqq5q9o0Q0WhUF27GblYoK8jUlsp85WWlL/pj/7ayeFh97sb9lOcMAAAAAAAAAKuNABgA9LAF9FpaA9hkMurwriqFwxH95lSTFpNNn7/Zqc6+EVWX5qiyKDul8xuNRkUiUUWTPHEoHElp3dVEDAaDHt9eIUnyB0P69ammpIPaYCj2mk1WhT6xozJhG+xwJKq/e/eyzl5ffOg3ODKupvZYlXFZQabSlnmd4Ufp2P5N8UrZ98/e0tj44m8ymMuTe6rjYXt7r1s/+/Cq3GO+RY3hD4T01mc34zcxZDnseuVw3Zz73rzXr5EH4+/fWp7yvG0Wc3w95Dudgxpwe1MeCwAAAAAAAABWEwEwAOhhBfBaWgNYkvbWlqq2qkDtvW69e6Y5qWrKhtu9+vRKqzLSrHrl8NaUz11emKlwJKJb9wcX3DcalU5cuJNSpfJ89mwp0eaK2HqsnX0j+ocPvlSHyz3vMZ19I/qn336pez3DkmJrtu7aVJxw/xutLg17JvTplVb9zW8u6dpdV7wl+Hzu9bj1zycaFXrQ9vnI7g3JXtaaYDEb9a3DdTIaDZrwB/XOmeZlGddkMuq1p7erJD+2bnXPgEd/+5tL+vzqPY37gvMeGwrH1vL9H7++qOb2fkmx8PePjtcr3T53uH7+QbVulsOuuqrEa/cmY19dmQwP7hQ4/6CqGAAAAAAAAAC+algDGAD0sPI3meBvpb10cIv8gZCut7rUNzymb9RXaUtlvowzSlp7Bj06f+O+mu71y5Fm1atPb1dGgtAsGY9vr9D1Vpd+e+6WMuyWhC2Ux31B/fbcLd3vG9GRXRv06ZXWlM85l1cO1+qtT8Nq6xnWgNurn3/YoPzsDG0ozlaWwy6rxaRAMKyRMZ86XG71DT+s3KwuzdHLh2vnHX9bdaHae9263urSgNurd88068Pzt1VZlKXywiw50q3KsFsVjUblC4Q0ODKu1u4h9Q6Oxcd4am+NqktyFrwWnz+oO50LB+pzMRmNqi5d+ByLUZzn1NHdG/TplTbd6xnW+Zudenxb6lW0k9JsFr3+zd368PxtNd7pVTAU1pnGdp293qHywiyV5Wcq22mXzWJWMByWx+tX79CY2rqHFQw9rPKuKcvVK9+oSxj+tnUPyzUUex8emxLepirLYVdtZb6a2/t1o7VPR3dvmLb+dYfLrXfPtCgvK12vPrVdZhP30QEAAAAAAABYewiAAUAPg9+11AJ6ks1q1veO1et04z19ca1Db312U2k2i/Kz0uVIt8rnD8k95tOwJ7YWbXVJjl45snVJ4a8kZTvs+sNnd+rtz27qn357VVXF2aoszlZmhk1Gg0FeX1Dd/aO62zWk3Mw0/eC53ep7BG1zbRazvntsp764fl8XbtyXLxDSgNs7b4teu9WsA9vKdWhn5YKhoNlk1CuH67RzY7G+uNau9l63gqGw7nYN6W7X0LzH5mSm6di+jdpUnpfUtQyMjOt/fXw9qX1nSrNZ9B+/eyilY+fzxPZKtXYP6/9n7z6D40rvfL//OnejkXNORGTOnOFEcbJGGgWvpNWuNmh3vXt9y+Wy7wu7XOVyqa5f3BfXvlU3eG3vrnZ19650FVajGU3QcIJEzgxzJkEig8g5A53D8YsGmmhEkgMSJPD9VGGGOH2e00+fPt2NPr/zf57uwUmdvHxb5fnpystM/sLbtVrMev1orbZX5OrTK53qH51WNGqoe3BS3YOrV3Fnp7v19J4y1S8z5+9C83P12m1W7V2lyvteHKovVlPXiCLRqC409unYgcr4bVdbBzU169fUrF/9o9P3Pbw6AAAAAAAAADxIBMAAoEd3COh5JpP0zJ5y7akq0PW2QXUOTGh0yqvekWnZrGaluZ3aV1OoHRW5KslbvlL3fpTkpukvv35I19uG1NY7pstN/fIFQ7JZLHK77MrLdOurT9epuiRLZpPpgQTAUmw+4Kd2lepgXaEaO0fUNTCpwfFZ+QIhBUJhOWxWuRw25WW6VV6QofqyHDns9/YRV16QrvKCdE15/OociIWUwxMeeQMh+fwhWSxmJTmscrvsKslNU2VRpkrz0r5w1elGM5mkN56u09+9c0n+QEi//rxJ3399/7pVt1YUZKiiIEODYzNq6RlT38i0Rqe88gdCCUOaZ6S6VF+Wo6riLBXlpK653aHx2fgw33uq8u75+V5JcW6qCrNT1T86rastA3pqV2l82zsrctXRN66stCQVZKWsy/0BAAAAAAAAwHoz/eAHP1i13C0YXN/5HAHgUXSpuV8fnmvVc/sqdHRX6UZ3B9gSbrQP6d25uYeddqu+8+JuFWavHqx29I2rojDjsQ/eAQAAAAAAAMButz+Q7TJ5HQDoztDPj+IQ0MBmtWtbnl4/WiuTySR/MKz/+tF1NXQMrbj+peZ+/ey3DfrkYvtD7CUAAAAAAAAAPF4YAhoA9OgPAQ1sVrur8uVy2vTrz5oUDIX1zudNutY6qH01BcrNcMtQbLjnq60D6hmakqR1G+4ZAAAAAAAAAJKVUBMAACAASURBVDYjzqACgKQIFcDAhqkuztL3X9+n90+3qGd4St1Dk+oemlyyns1q0fP7K3SwrmgDegkAAAAAAAAAjwcCYACQFKUCGNhQmalJ+t6re9XRN66GjiH1jkxrxhuQ3WpRWrJT1SVZ2lNVoFS3Y6O7CgAAAAAAAACPNAJgAJB0oLZI28tz5XTYNrorwJZWWZSpyqLMje4GAAAAAAAAADy2CIABQFKS06YkJ+EvAAAAAAAAAAB4vJk3ugMAAAAAAAAAAAAAgPVBAAwAAAAAAAAAAAAAmwQBMAAAAAAAAAAAAABsEgTAAAAAAAAAAAAAALBJEAADAAAAAAAAAAAAwCZBAAwAAAAAAAAAAAAAmwQBMAAAAAAAAAAAAABsEgTAAAAAAAAAAAAAALBJEAADAAAAAAAAAAAAwCZBAAwAAAAAAAAAAAAAmwQBMAAAAAAAAAAAAABsEgTAAAAAAAAAAAAAALBJEAADAAAAAAAAAAAAwCZBAAwAW5BhbHQPVjcx47ur9bz+kALB8APuDQAAAAAAAAAAjw8CYADYIgxD+uRiu/7dT0/p3/74M4XCkY3u0rK6hyb1o/evyB9YO9jtH53Rj96/Iq8/9BB6BgAAAAAAAADAo8+60R0AgI30q5O31NQ1suxtz++v0JM7Sx9yjx6cm7eHdP5Wr57bV6GC7BTZrJaN7tISHl9Qvzp5Sy8frpLTsfZHVFVxplp7RvXrzxr1+y/tvuf7++E7l5SXmayvPFV7P92VJDV1jehsQ4/Gpr1yOWyqK8vRM3vKHsn9i+WFI1H92x9/ppcPV+tAXeFGdwcAAAAAAAAAvhACYABbXqrbqVeOVC1ZnpWWtAG9eXC6ByeVk+7W0V2Pbqh98mqnctLd2lGRe9dtvrS/Uv/3m+fU1DWiurKcB9i7pRo7R/TWp7d0sK5Iz+wt1+iUV59evS2vP6ivPFX3UPuy2fynfz6rurJsvXho6WtzNb/+vEkjEx79+VcPPKCeAQAAAAAAAMCjjQAYwJZnt1lUVZy10d144HzBsFxO20Z3Q4ZhyGQyLVnu9Yd0o31Q3z62656253RYtXtbns429Dz0APj0jS7VluXopcOxkHJbUab8gZDO3uzRa0/WymJe+jgfhJX2KQAAAAAAAABg6yEABoA1/Iefn9G24kxNzvjVOzKlP/3yfuVlJmtofFafXGxX/+iMXA6rDtQV6YkdJfF249NefXKxQz3DU7KYTaoszNSxg9vkXiGE/Q8/P6Mdlbma9gTUPTQpw5B2bcvTsQOV8XBvpb4Mjs3od5dvq29kWjarWXVlOXp+f4UcNmt8eNt5/+YfT+pQfZFePFQlwzB06nq3rrYOyBcMqSQnTS8fqVZmqiu+/vlbvbrc3K9ZX1DpKU4d3VWm7eV3glavP6RPLrarvW9c4UhUZfnpOnagMl5BPTbl1d+8fUFP7S5TY+ewvIGw/qfvHF3y+Bs7R2S1mFWan56wvKN/Qqeud2lwfEYOq1WVRZl64WClXI47+7G2LFsXm/o0NuVdsXLbFwjp+LlWtfWOy2Y1a39NoSQjYZ272R8LFWSlqKY0O2FZVlqSolFDoVBElhWGsb7U3K+LjX2a9vqVmeLSU7vL4uH1hcY+fXyhTf/LHz0r89zz3jcyrX/8zRX98Wv7VJSTqrc+vaWp2YCy05N0q3NYz++r1KH6ors65m51jujMjS6NTfuUkuTQ/tpCHdleHL89EArrxOXbau4eVTgcVX5Wso4dqFR+Vsqyj0XSqq+F+ef/a8/U6+btYXUOTijJYdeTO0u0v3bpcMuXmvr14fnW+L640Ninf/GNw8pIcSlqGDp9vVvX2gbl8QeVk+7Ws3vLta0oUyOTHv3dry/Gt/Nv/vGkXnuyRnurCxQMRXTyym01dY/KHwgpM9Wlp/eUq3bRcwcAAAAAAAAAm4Hl+eef/8FqK0QikYfVFwB46Jq6RuQNhLSrMk+RqBH/MSSZ56o3z93sVe/wlGpKs3Voe7HyM1M07fXrH39zRekpLh07UKnkJIc+vdopl9OmwuwURaOGfvT+FVnMZr14sEqleWm62jKg2wMT2lOVv2xf5u9nf22hnt5dLneSXadvdMtkNqs0L23FvkzO+vWfP7iiVLdTXzpQoYKsFF1q6lfXwKR2bcuXxWxSXVmOxqa8SnLY9Psv7VZlYabsNos+ONuqKy0DenpPmfZU5aujf0JXWwe0t7pQFrNJV1oG9PGFdj25s0SH6ovlD4b16ZXbKs5NU0aKS+FIVP/5N1c0OevXlw5UqrYsR22947rY1KedlXmy2yzyBUK61Nyv4QmPDtcXa9e2fGUvE9Kev9WjJIdNuxfsn/7Raf34w+vaVpSh5/dVqjQvXdfbBzU4Nqv6BSG022XXmYYe5WUkKz8redn9+9anjbrdP6Gn95RpZ2WeWnvG1DcyrbzM5HiIu9b+WKy6JFuZqYmP5XJzv6JRQ4cXhKoJz/OtXn18sV37agr0xI4SGYahTy52qDA7VZmpLvWPzqijf1xP7ymLB/8z3oCutQ1qT3WBUt0ONXWN6Hb/hJJddj29u0wluWly2q1rHnPX2wb1zudNqi3L0dO7y+SwWfTptS4ZhqGyueD9vdPN6ugb1wsHt2lHRa66Bid1obFPu6vyl53XeHzau+prYf757+ifUH1ZjvbXFsrjD+r8rV7Vl+UqadEFERkpTu3clqfmrlHVlmbrjWfqlZ7iktlk0nunm3WldUBP7irV/tpCTXsCOnm1U0U5qSrITFZ9RewCCpPJpD98ZY+KslNltZr15slb6h6a1JcOVGp/baEiEUO/u9yhmpJsuV32WLB8o1vbirJUmL1y0A0AAAAAAAAA68liWXrOdT1QAQxgyxud9Oj/+q+fJywrzU/XH768J/77jopcvXhoW/z34+db5bTb9HvP75DFYlZVcZamPQGdv9mjA7WFGpv2amrWr1eOVGtbUaYkyWm36kJjn4KhiOy25d/Ud1fla19NrCoyOz1JkzM+XbjVq6M7S+Jh4OK+/OZsi9xOu77zwq54aJ2R6tJPP7qutt4xVZdkKSfdLYfNKkNSTrpbUqwy82rrgF45Uh2vxMzLTNZfv3leTV0j2rUtT50DEyrIStGRuWrOisIMhcIRjU/7VFGQoWutgxqb9ukv3zgYr7wtz0/XX795Xudu9uiFg3f6eexApfZWF6z4PIxMeFSUm5awzO2KPa6KggzNj3A86wvq5JXbMgzFl1ktZqW5HRqZnF1228MTHrX1junLR2vjYWhNSbb+n1+di69zN/tjLf2jM7rWNqivPVO/7O3RqKHT17t0sLZQz+2rkCRVFmVqfNqnKy398WPlbqS6nfrWsZ3x42Jk0rPqMWezmnXi8m1tr8jVK0eqJSm+3tmGHh2sK1KS06bb/RPaU50fn4c5NyNZ751u1vi0V0nOtCX9+Oxa16qvhXlP7CjR03vKJMWOkX/301PqHppUdnpigO5y2ORy2GQ2m+RyWOPH68ikRzfah/TqEzXaVxM7jqqLs/RfPriqE5c79GdfORA7zu1WWczmeDtJOlRfrFS3I17JXZqXrhvtg2rvG1duhlsAAAAAAAAAsJkQAAPY8tKTnfrK03UJy5z2xLfHZJc94ffOgQnVleXIkBSORCVJxbmputY6IF8gpPRkp9wuuz69elvBcEQV+RmqKs5ac65hm8Wc8HtlUaYuN/drxhtUqtuxYl92V+XHw19JqijIkNtpV9fghKpLlr/PzsFJSVJ1SVb8MbiddmUkOzUwNqNd2/JUlJOq5u4OnbxyW3VlOcrLTNbXn92+YBsTys90Jwy77HLYtK0oQ50Dk6vuw8W8gdCSddLcTgWCEb392S0NjXvk9QcVjkYVDkcViUZlXbC/nA6rfIHwstseGJuRJNUtGPLXbDbJab9TfXo3+2M1s76g3jxxU/VlOSvORTw8MSt/MKyqRc/JV56qUzB8byNuJDltCfP+rnXMDU945PEHtX0u2J23szJPp290xyvLi3NTdb1tUKlup6qKM5Xmduq7L+1esR9rvRbmLazMdtitslkt8vpDize3yv3Enp8di/q/oyJXx8+1yh8Iy7nCkNsleWm63Nyvdz4f1tSsX+FoVIFgWIHg8scLAAAAAAAAADzOCIABbHlWq0UluUsrG1fj9Yd0ublfl5v7l9zmC4SVmerSH7+6T59d69QHZ1sVCIZVUZChYwcrEyoT1+KaC6I9vjsB8EKGYcgfDCs5aeltbpd9xUBUknxz4dt/+uezS27zzwV3h7cXy26z6HJzv07f6Fayy64DdUV6cq4i2esPKdm19L6TXXb1Dk/f3YOcEzUUn/N23vi0V//lgyuqLs7Sl4/WKMXl0M3OYX165faS9hazOR5ALubxBWW1mOWwr/yxdzf7YyWhcES/+O0NpSQ59OWjtSvfx1zg6HYmBt1JTpuStPzc0HfLZrWsesx5/UFJUsqikN099/v8sfLG0/U609Ctczd79OG5VuVmuFedL3et18J68QVCstssS6rn5y8a8AVDKwbAH55rVUvPqI4d2KaCrBTZrGb96P3L69Y3AAAAAAAAAHiUEAADwH2wWS3aUZGbMF/tvPmgNj3Fqa8+XSfDiM1l+9tLHfrx8Wv6l988suIQ0IvN+mKhXZJr+XDQZDLJYbPGw8vEtoH4vK7LPwazzGaT/vDlPQmVpJIS5mXdW12gvdUF8vpDunl7WL+91C5JOrqrVC6HTZ65Pi7u9+K5XdfisFkUWlQF29AxLLvNqjcWDKnsWiHE9QZCK4bryS67wpGoIpGoLIuqrOfd7f5YzDAMvfVpowLBiP74td0JVcmLOW2xvt9V5ashaem0w6ta7ZhzOWzL3vf8MeZyxvpmt1n03L4KPbevQuPTPp292aM3T9zUH726V8XLXCix1mthatZ/bw9iBU67VcFQROFIYuV3vP+O5Z+jSCSq6+2DevlwVUIVt+ledy4AAAAAAAAAPCZWPksNAFhRSV6ahic8KsxOVVFO7KcwO1UZKS5ZLWbdaB/S3759QcFQRCaTVJSTqqO7SuULhDTlWTkQC4QSA9CW7lElOW1KXabCd15pfrqau0dlGEZ8WffQpLz+0KoBcElemqJRQ4FQJP4YinJSlZ7iUkZKbK7UH71/WWcaeiTFQtBD9UXKy0zW0Hhsrt3SvDQNjs9ockHIFwiG1dE3sep9Lyct2alpTyBhmT8QkknSgocWH855Ma8vpLRk57K3FWSnSJJuLxqWeuGwy3ezP5bz0fk29Y9O6zsv7loz9M7JcMtus6q9byxh+fFzrfrVyVuS7lS0Tnvv7IvZZUL2xdY65nLS3Upy2tTUNZLQrqlzRGazSSW5aRqb8upv3r6grrnhsDNTXXrpUJUkaWjcs+z9rvVauF8mU+LzPn88Le5/Y9eI8jKT48O2x2LdOw0DoYii0cQ0fWLGJz/DPwMAAAAAAADYpKgABrDlhcIRdfSNL1meluxMmNt2oWf2lOufPriqX55o0N7qQplM0sXGPgVCYf3xa/tUmp+mD88H9ObJmzpcX6yoYej0jW6lJDmUlbr8NiXpevugUtwOleSmqaNvXDdvD+u5fRVLKlIT+1Kmf/zNFf3itw3aX1skrz+o313uUEle2qpzDhdmp6qmNFu//rxJT+8uU16mW0PjHn169ba+8ex2VRZlqig7Vaeud8lmNSs3w62+kRkNjc9q97ZYtefe6gJdbunXzz6+oWf3lstiNulMQ48sFpOO7ChZ8b6X7U9WitoWPQ+VRVm61Nyvd081qbIoU229Y7p1e1iSFAxF4gHj+LRXgVBYhdmpy247J92t6pIsHT/XIqlGackOXWzs0+SMLz78993sj8XO3+rVpeZ+vXBwm2Z9wYSgNslhW3L8WC1mPbGzRJ9f65TDZlVxbpq6hyZ1uWVA33wuNrdySW6arBazPjjbon01hZr2BHTqetea+2+tY85sNumZPeU6fq5VDrtVlUWZ6h+Z1qkbXXpyZ6ya22m3yWI26zdnW/Ts3gq5nTY1dAzFAuK85YdJX+u1cL9S3U51Dk6quXtU5fnpystMVn15jo6fa5M/GFZmapJudgype2hK33lhV7xdWrJTTd0junl7WAVZKcpMdakgK0WfXeuUZCgcMXT2Zo8i0aiCIUJgAAAAAAAAAJuP5fnnn//BaitEIpHVbgaAx1pT14j6RqZ18/bwkh+rxayKwkydu9mr3Ay3KgrvBIApSQ6V5aerrW9cFxp71do7rpx0t758tEYOm1VOu1XlBRnq6J/QhcY+tfaOKys1SV99ui4+5+pi5272qqYkW7PeoD6/3qXhSY/21xbq2b3l8QB4ub4ku+wqL8hQe++4zjf2qnd4WvVlOXr9aF1CBWZj54jC0Wg8vJWk2pJsBYJhXW4Z0NWWAU3N+vTM3grVl+dIksoLMhSJRHWlpV9X5m5/YkeJDtUXS5IsFrNqS7M1PDGrC7f61NIzppwMt77+7PZ4Na4vENKl5n7tqMhV5irht81q0dmGbu2tLpBjbqjkzFSXXA6bbt0e0a3OYaW6HXpqd5nGp30qy09XylxldGPniPpHZ/Ty4aoVw/KKwgwNjXt0pqFbLd2jKshKkUwmuRw21czNb7vW/ljsw/NtmvUFdbt/QtfbBhN+vIGQ6sqWtivNS5PdatHVtkFdae6XNxDSy4er4uvabRZlpSWpuXtU11oHNeMN6FB9sTr6x7WnukCpboeaukbkD4a1r6Ygvt27OeYKslOU5nbqRvuQLjf1a8rj11O7ynR0V6mkWNVtTWm2Rqe8utjYp4aOIUnSq0dqVgyA13otrPT8n77RreLcNJWuUCmenuzUrdvDauoa0Y6KPLkcNlWXZCsYDutyU79utA/KbDbry0drVVmYEW+XmepS18CkrrcNKjcjWXmZySovzNDg+Kyutg5qZNKjoztLY8Owm0yqKcmOh+XbirJUOFctDgAAAAAAAAAPmsVyd9NF3ivTD37wA2O1FYLBtYedBAB8cf/h52e0szJXxw5u2+iubJi/e+ei6kpz9PSesntq90/Hr6ogK0UvbOF9BwAAAAAAAAB4vNjtyxeMfVHMAQwAeGQcO7BN5xt75fGH7rrN7YEJjUx44lWsAAAAAAAAAABsZQTAAIBHRmVhhnZV5umtk7cUiUTXXH9yxq/3TjXr9adq5XLYHkIPAQAAAAAAAAB4tFk3ugMAgJj/4dtPbnQXHgkvHtqmz651adX5CebM+gJ64dA21ZRkP/B+AQAAAAAAAADwOCAABgA8Ukwmk57dW35X6xbnpj3g3gAAAAAAAAAA8HhhCGgAAAAAAAAAAAAA2CQIgAEAAAAAAAAAAABgk1hzCGi73f4w+gEAAAAAAAAAAAAA+IKoAAYAAAAAAAAAAACATYIAGAAAAAAAAAAAAAA2CQJgAAAAAAAAAAAAANgkCIABAAAAAAAAAAAAYJMgAAYAAAAAAAAAAACATYIAGAAAAAAAAAAAAAA2CQJgAAAAAAAAAAAAANgkCIABAAAAAAAAAAAAYJMgAAYAAAAAAAAAAACATYIAGAAAAAAAAAAAAAA2CQJgAAAAAAAAAAAAANgkCIABAAAAAAAAAAAAYJMgAAYAAAAAAAAAAACATYIAGAAAAAAAAAAAAAA2CQJgAAAAAAAAAAAAANgkCIABAAAAAAAAAAAAYJMgAAYAAAAAAAAAAACATYIAGAAAAAAAAAAAAAA2CQJgAAAAAAAAAAAAANgkCIABAAAAAAAAAAAAYJMgAAYAAAAAAAAAAACATYIAGAAAAAAAAAAAAAA2CQJgAAAAAAAAAAAAANgkCIABAAAAAAAAAAAAYJMgAAYAAAAAAAAAAACATYIAGAAAAAAAAAAAAAA2CQJgAAAAAAAAAAAAANgkCIABAAAAAAAAAAAAYJMgAAYAAAAAAAAAAACATYIAGAAAAAAAAAAAAAA2CQJgAAAAAAAAAAAAANgkCIABAAAAAAAAAAAAYJMgAAYAAAAAAAAAAACATcK60R0AgMddNBqVYRgyDEOSEv4NAHfLZDLJZDIl/Nts3lzX6oVCYYUjEUWiURlRQ9G590veMwEAAABg64p/BzaZZDKbZDGbZbVYZLMRXwDA/eIdFADuQyQSkWEYikajG90VAJvESkGo2WyWyWSSxWLZgF59cYFgSKFwWKFQWHabTTabRVaLOR52A3gwrFa+6gEAAODxEDvHFvtOHDVihRaBYEizXp9sNqtsVqscdttGdxMAHiucFQCAexCJRBSJRDa6GwC2kPkLTSKRiCwWy2MTBAcCQfkCQTnsNjlsVjn5sg4AAAAAWEbsouf5i4Rj33kd9thvwVBIoVBYPn9ALqddDrt9YzoJAI8ZAmAAuAsEvwAeBfPvRY9yEBwMheTzB+Sw25Sc5Nzo7gAAAAAAHmN2m012m02GYcjnD2hqxiOX0y67jYuMAWA1BMAAsIZQKMT8lAAeKZFIRNFoVLZH7AvvrNcni8kkt4vgFwAAAACwfkwmk5JcTkWiUfn9AYVCYbmTXBvdLQB4ZJk3ugMA8KiKRqMKBoOEvwAeSYZhPDLvUYZhaGrGI4fNKpuN6wsBAAAAAA+GxWyWO8klm82qqRmPNv4bMQA8mgiAAWAZ0WhU4XB4o7sBAGsKhULxeYI3QiQS1dSMR26XQyaTae0GAAAAAAB8QXabTclJLk1NzSiygd+JAeBRRQAMAIsQ/gJ43ITD4Q0JgSORqHz+AHP9AgAAAAAeOovFrPS0FHl9fkJgAFiEABgAFjAMg/AXwGMpHA4/1OGgDcPQjMcrp+PRmocYAAAAALC1pLiTNMNw0ACQgAAYABYIhUIb3QUAuG8P8z1setZL5S8AAAAA4JGQkuzW9Ixno7sBAI8MAmAAmEP4C2AzeBjvZbNen5Kcjgd+PwAAAAAA3A2LxSyX0y6P17fRXQGARwIBMABIikQiD3XoVAB4UAzDUCQSeWDbD4ZCMptMMpke2F0AAAAAAHDP7DabDMW+twLAVkcADADSAw1LAOBhe5DvaT5/QHab9YFtHwAAAACA++VyOuTzBze6GwCw4QiAAWx5hL8ANqMH8d4WCARlt9nWfbsAAAAAAKwHi9ksm9WiQJAqYABbGwEwgC2PABjAZvQg3tt8gaBsVsu6bxcAAAAAgPXidDrk8wc2uhsAsKEIgAFsadFodKO7AAAPzHq+xwWCITntVP8CAAAAAB5tZpNJNqtFQaqAAWxhBMAAtjQCYACb2Xq+x4XCYVks/OkIAAAAAHj02WxWhcLhje4GAGwYzuIB2NIIgAFsZusaAIfCMplM67Y9AAAAAAAeFJvNplCIABjA1kUADGDLIvwFsBWsx3tdKBSW3cbwz9iKjNjP3P/uLDUW/rpo+dxthmQYK68LAAAA4MExSbJYLVQBA9iyCIABbFmGwelYAJvferzXhSMR2WyWdegN8HiJ5b6GTJqrfjdMkjEX6RpK/JEkmRQ1GYqdbor9GPFt8XcHAAAA8DDZbVaFw5GN7gYAbAjrRncAADYKATCArWA93usi0aiszP+LrciQJJOiikqmqGSYZJIhs2Geu3np68sSNcukqAxFZZJZMqT44OnxcBgAAADAg2YymRSNEgAD2JoIgAFsWQTAALaC9XivM6IG8/9iS5qv/DVMkgyLJJMMkzEX6hoL6ntjDCO2NGKSJLPMc+sZC4JfXkkAAADAw2EymRTl/B+ALYoAGAAAAKviCzO2LJMkQzIbkhSbT9swTDJMERkya8mMOibJpIjMMsk0N1y0TKaFg0gDAAAAeEjMJrOiUb7PAtiaCIABbFlUAAPYCtalApj3S2xRxvwQ0EZU0yFDwYhJZkOKmmLhrmkuFI6tdadRbAhoswxJVrOhFJdFFlFJDwAAADxMZrOJ77MAtiwCYAAAAKyKL8zYumLDPPsiJl3pjKpzzJA5alLUFAt4TUZsnfmRoOd/NcmQYcTa5iT59fyeFLlthL8AAADAw2QyEQAD2LoIgAFgkwqFI5qc9csfCCsUjkgmk1KT7EpLdspmtazYZmrWr2lvUDIM2awWOR1WpSe7ZLOal20DAMBmZig27POE36q+Gcv8hMCSMfe5aMwHwKb5kuG5RopVCEcMRaKEvwAAAAAA4OEhAAaATWJk0qPOgUn1Dk+pf3Ra057AsuuZzSZVFGRod1W+6spyJElNXSO63jao2wMTK86Nkup2qDA7VcW5aSovSFdOuvuBPRYAAB4JC4ZsNkyaG+c5/o9Y0JswrPOdeX/nbpQxfzsZMAAAAAAAeEgIgAHgMTbl8evW7WHd7BjWyKRnye0mk0kOu1UWs0mRSFT+YFjRqKH2vnG1942rsihTMqSO/vGEdk67VRaLWZGooUAwLMMwNO0JaNozoqauEUlSTrpbOypztb0iV2lu50N5vAAAbIiEjNeIpcGLA11DCwLiVdoDAAAAAAA8YATAAPCYeu90s663DSYsy05LUmVRpopyUpWbkaz0FKfMCyqT/MGweoendK1tUC3do+rouxP81pRma09Vvopz0+S03/l4iBqGJmf8Gp6YVd/ItDr6xjU65dXIpEcnLt/Wicu3tbsqX68frX3wDxoAgI1iWhT6Lhwww7Rg2Xzx7/w/TImrAgAAAAAAPGgEwADwmLrePiRJSnbZtae6QDsr85SZ6lq1jdNuVVVxlqqKs9TQMaR3Pm+SJL3xTL12VOQu28ZsMikz1aXMVJfqynL0wsFtGp/2qaFjSNdaBzTrC+p6+9AjHwAbhqFfnriprsFJPbevQgfrija6SwCAx41Jc9W/8XLfO+nu4hAYAB6wtt4x/erEDaW6nfreq/vldtm/8DabOof1s4+vyWQy6X//8xe/eCcfMZMzPv37n30uSfqrbzyh/KyUDe4RAAAA8GAQAAPA48qInXF+/ak6VRZm3HPzbUWZ8X/fa/vMVJee3Vuu4tw0/ezj6/G+rIdT17v06dVOFeem6Y9e3XtPbSNRQ3/7/dFvTQAAIABJREFU6wuamPbpK0/Vade2vPhto1NetfaMSZIuN/cTAAMA7l1CsLso+V0Y/C6sBDY9nmnw//njk/L4gvfUZrMGRsCj6nJTr7z+kLz+kG73j2vntvyN7hLWQd/IlG60Dep2/7imvQEFQ2G5nXYV5qRqf22xakqzV23f3jemi7d61TM8KV8gJJfDpuLcNB3aXqJtRVkrtmvsHFZj57B6hyc16w3KkKHUJKfKCjJ0ZEep8jKTl7QJhiK61tavlq4RDU945PEHZTGblZnqUnVJto7sKF31woTRSY/ONnSpvW9c0x6/bBaL8rKStae6UHurC2U239tn6PDErP7u7fMKhSN68XC1ntpdvur6vkBI5252q6lzWGPTXsmQMtOSVF+WqyM7S+Vy2O7p/oOhiP727XManfSouiRbf/DKvntqL0n/75tnNTQ+s2T5N57fqd1VBcu2udf9eL1tQL860XBX/dlWnKXvvbr/rtZ962SDrrUOKNXt1F994wklOe9t/11p6devP70ps9mkP3n9oErz0ldd3xcI6XJzn1q6RzQy4ZE/GJbNalFWmkvlBZk6UFesrLSk+PqtPaP6yfEra/bjT14/oPKCzCXL7/d4mZr162prv9p6RjUx45MvEJLDZlVuZrJ2VORpf12RLGbzmv0CAOBeEQADAB5JvcNTaugY0s7KvLVXnnOhsVcT0z5JkrFowM2s1CSV5aerZ3hKe6qX/+IMAMBKTAv/Ycz9Zpr7rFl8HVQ8/KUg+EH71z/8WIZh6Fsv7Nb2irv/mwHYDHZXF6i9b0ypbqcqCpeGFXi8BEMRvfP5LTW0Dy65bcYbUHPXiJq7RrS3plBvPLNjyfVFhiEdP9uscze7E5Z7fMF42yM7SvXKE7UJbcemPHrzdw3qH51ecr/j016NT3t1rbVfrz1Zp4P1xfHbWrpH9c7ntzTrDSS0iUSiGhyb0eDYjC419eoPXtmnopy0Jdu+0T6ot0/eVCQajS8LRMPqHpxU9+CkrrX26/df2nvXIWwwFNYvPrmuUDii6pLsNcPfofEZ/fj4Fc14Evs/PD6r4fFZXW7p0x++sk95mXdfJf7uqUaNTnqU6nbq68/tvOt2X8R678fFHLa7O3V8ublP11oHZDab9HvHdt1z+Ds0Pqv3TzdKko4drFoz/G3vG9Mvf3tDvkAoYXkwFNbA6IwGRmdkt1r0/IFt8dsWH6v31r/7O14+u3pbn17pUDgSTVjuC4TUNTChroEJXWnp0/de3a8k5xcfxQEAgIUIgAEAj6zfXepQTUm27DbLmut6/CGdut694u1ms0l/8PKe9eweAGCTi0/nO//L3OjPRkIavICxuJFkekxnAP6rbzwhY9EIH5Mzfv3DuxckSd9+cY+KclI3omsA5tSV5ep//ZNjG90NrJP3TzfGw9+68lzVl+cqMzVJUcOYq/Ds1sjErK629Cs/K0VHdpQmtP/w3J3wt7okW/tri5Sa7NT0rF+XmvvU1jOqcze7ZTJJrzwRm74nEo3qJ8evanzaK6vVrH01RdpWnKWUJIf8gbD6RqZ0tqFLXn9I751uUlFOmgqyUzQ25dHPPr6qaNRQSpJDB+qKVZKXLpfDqllfUK3do7rc3CevP6Sff3xd//23jspmvfOdrqlzWG/+7oYkKSfdrSd3lSkvM0WBUFiNncO62Nir7sFJ/dMHl/XnXz18V5XA73x+J3z9xvOrh69Ts379w7sXFQiG5XTY9NTuMpXlx0bF6hqc1KnrnZrxBPQP717Uf/fNJ5WW7Fzz/i829upG2/0HoPP+6LX98TA3ahj69z/9fMV173c/1pfnqvy7z6y43d+caVZT57CSnHa9fKRmzT4Pjs3oN6dj00u9cLBKJWuEt4sFQmH94pNrCoejqildO7xv7BzWzz+JjUSWne7Woe0lKslNV5LTpkAwrIlZn1q6RvTErrKEdjNzAXBJXrp+79iuFbe/OIi93+PlSku/fnuxTZJUmJ2qPTWFystMltVi1tSsX1daYlXBA6MzeufzRn3nRc5XAADWFwEwAOCRNesL6tSNLn1pf+Wa65643KFgKHxnweN5vh0A8KgyLfj/MkHvimW+j2n5b0qSY8myhdUrbqddqe61T4gDAO7Oy0dqNesN6omdpaoqSRzmuTQvXTsr8/V3b5/TyKRHl5v7EgLg/pFpnb3ZI0l6ane5XjxcHb+tMDtVdeW5+uhci07f6NLZmz3ata1AhTmpspjN+r1ju3T8bIu+9uwOZaS6Eu63sihTdWU5+pu3zykcjupqa58KsuuUlebWG89sV3PXiL7+3M4lF+xWl2SrICdVv/70pqY9frX1jqm+PFdSLOx7/0wsLCwryND3Xtkvq/XO8LcVhZnaVpSln358Tf0j0zp3s1tPLgryFrtwq0cN7YMym0361gu716x2ff90kwLBsJJddv3ZG4eVkXLncZfkpWt7Ra7+/p0L8viC+s3pJv3+y6tPTTQwOqMPzjZLkl44VH3PAehCC4fMjkZX/lL7RfajzWpJCOQXunCrR02dwzKbTfr2C7vXDL8DwVjldTgSVU1pjo6uEd4u553Pbmlsyqu05LUrp2e8Ab3z2S3JMLS3plBfebp+yfDJuZnJqi3NWdJ21hub2iI92XlPf8Pc7/Gyp6pAA6PTcrvsem5f4jmNopw0ba/I01snb+paa7+aukbk9QepAgYArCsCYADAI8liMSsSierCrT7tqcpXZmrSiusOjs3oevuQzGaTTDIlDH+10A/fuaThiVk9u7dcT+1OPInQ0TeuK60D6h+ZljcQktViVqrbqaKcVNWX5ajiHudJ7h6a0rXWAfWNTmvGG5DdalF2mlvbK3K0p7pA5gXjrg2Nz+rv370kSfqX3zyy4pfsT6926tT1LuVnpej7ryfOwzT/2F57skZ1ZTk6f6tXLd2jmvIE9D9++0lZLLEvxaOTHl1o7FPX4KRmvAEZkpJddhVkpaiqOEvby3Pi686LRg3d6hzWjfYhjU555Q+EYm2yU7SvplBl+cuf4PAFQrrQ2Ke23jFNzPgUjkTlstuUk+FWRWGGdm/Lv+8r4wHgYTLm/xsPf+fKgBeHwtKiqYFNj+0cwF9UKBzR1ZZ+XW8b0Pi0V6FwVGnJTtWU5uhQfbHSU1zLtmvrGdWlpj71jkzJ6w/KajErLdml4tw07ajI07biLI1Pe/Uff34qod0vPrke/7fFYtb/9v0X7qvfvkBIV1v6dev2kManfQqGw0pJcmhbUZYO1Zcod9EcmD/96Kqau0a0p7pQX39ux7LbjEYN/R9//7Ek6bsv71XNgpPSTZ3D+tnH15TiduhfffdZtfWO6WJjj/pGprWvplDHDlbFt3G5uU8N7YMamphVIBiWw2ZRVppb5QUZ2l1VsKRvUuxz/1JTr9p6xzTt8ctiNisjxaXtlXnaV1P0hT6H5+ep/Ooz21VfnqszN7rU1DWiyRmfLJbY/eyozNP+2qJlw5gPzsSqFXdVFegbz+3UpaZeXW8b0OikR9/80i5VFSfOVdrUOazLzX0aGp+V1x9UcpJDJXnpOlRfvGLYcjfH02LTHr8uNvaquWtEk7O+uflMk2KPpa5o2eFQFz6WN57ZrouNvbrZMajRKa9CoYhS3Y7YkLR7ylcNHaJRQzdvD+l6a398PtU7c78WqXpRKDh//Cw3/3YwFNGN9kG1dI9oYGxaXl9IFotJGSku1Zbm6IldZfc9JOxqFu6Lrz+7Q5eae3WjbVAjE7OKRA2lJTtjr6ftxcpKcy+7jYHRGV1r7VfnwIQmZ30KhSNKcthUdBfz2Eqx6sArc8fK/D6sLMrUU7vLZbWsPM/m3b4eF65/r8fkapKcNn3vtZXnWrXbLNpRma8Tl9vj097MO9vQJRmGctLdS/o574VD1WruHtXYVGy+2G9+KVYBWZCdqj/9ysEV7zcnI1nFOWnqHJhIuN891YXaU124YrvdVfl671SjIpGoJqa98eUN7UOa8QRkMZv19ed2JISW82rLcrSvukBXWvp1pqFr1QC4f3Rax8+1SJJePFSt4tylw00vND7tVUv3iCTp5SdqE8K8eZmpSXrpcI3eOtmg5u4RjU15E+aSXcgfDOsXv72mSCSq2tIcHV0jrF4v670fJalrYCIeZL/6RK3KCtb+Dvzrz25pfHo+vF3+c3A152/26GbH0Fzl9Nrh/bmGbvkCIeVnpeirT2+/p3miZ3yxCuDkZS5yW8kXOV7MZpO+fLRu1e3vrSnUtdZ+yTA0OeMnAAYArCsCYADAIykjxaWMFJdae0b18YV2ffuFlYdo+uhCu2QYOlhfrBvtQ/IFovdUAPzJxXadv9WbsCwYjWh00qPRSY+utQ7oT7+8XwXZa8//FIlE9eH5Nl1tHUhYHg5H1e2fVPfQpK61DerbX2BYsNXMeoP64TsXNb1gbqL5fdHUNaK3P2tcciX51KxfU7P++FXHR3aU3LnN49dbJxuXzAk2OevX5KxfjZ0j2l2Vr1eOVCecUBub8uonH17TrC+Y0M7jD8ozEFTnwIR6hqb0rWMPZ24sAPjiTPE5fZeIT/RrzP2YY5MxbtHhKEYnPfr5x9c0MulZsnx00qOLjT366jPbtbMyP+H2D8+16MyNroRlwWhEIxOzGpmY1ZXmPv3F1w4ryWmPnyCen/vPbrPKMncSeLmT4Heja3BCv/zdjSXz+01M+3RxuldXmvv12tE6Hagruq/tr+XklQ6duNQe/33+8zoUjuiffnNZ3UOTCev7g7HhWftGpnS5uU//6rvPJjz2sw3d+vh866IL4yLyBULqH53W2Rtd+m+O7VJ5wRebO3Z00qO//ufT8c98m9UifzCsgdFpDYzGqs6+dWz3ioGYETX04+OX1d47tmDhnddOIBTWWyduqqlrOKHd5IxPkzM+3Wgb0NHd5XppQcWjdPfH08K5SZu7R/TWiQb5gwtGlVEkvp8vNPboOy/uWXFOUI8vqL99+5yGx2djC0wmyTA0MePT+Vs9augY0h9/+YDylgnrp2b9+uXvbqhn0fM87fFr2uNXU+ew9tUU6o1n1w5YhsZn9eMPLseHO40/kmjstqHxWV1rG9CfffXQA6vkD4bC+tF7F+OPx2I2y5Bx532gqVevPlGbMKesJP3mTJPOz1WyLjS7YB7b5w9sW1JNJ0n+QEi/Otmglu7RhOXTHr+utvTrRtugjh3ctqTdclZ6PUr3f0yuh/mwy+m4czovEo2qtSf2mPfWFq0YiJnNJu2rLdTH51vV0jOqSCS65MLPle/XPHe/d//9xWy6s+2F7Zrn9tu24kylJy9/MZAkHagv1pWWfs14AuobmVp2HmF/IKRffHI9Fr6W5awZcEqxCwTm+7S9InfF9XZW5umDM03yB8Nq6hpecVjitz+9qYlpn9JTXPrafQSg92s996MkTc769PNPrisaNbS/tkiHtpcsu95CZxu6dev20F1XXi/WNzKlD+fC+5cO16wZ3kvSzdtDkqTDO0rvKfyVFP98X1hlvZb1Pl4Wsyx4DAtf1wAArAc+WQAAj6wXD27T7f5xtfeNq613bEkliCTdvD2s3uEpuZ12Pb2nTDfah+7pPnqGp+Lh74HaQh2sL1Kq2xmbO2jGp5u3h+ULhO4q/JWk4+dada0tNnfXnqp87akuUEaKS4FQWC3do/r8ercGRmf08YU2vfFM/T319W6cbuhWJBJVdUm26stzlJJkl8VsVigc0funWxSNGirLT9dz+yqUk+6WYRianPWrvW9cTV0j2ldz5yr+YCiin3/SoNFJj2xWi47uKlVtabZcDpumZv261jaoKy39uj73eF8/Whtv++H5Ns36gkpLduqlw1UqzkmVzWrR1KxffaPTutTUp6d3P5yr4wHgfiXEt/FqXyNxCGjTwpXnJgnWgvB3ixUA+wMh/fj4FU3O+JSbmRyfC9BmsWh4clafXb2tps5h/epEg1LdTpXOhYLdg5PxsO7Q9hId2VGiNLdL/mBI43OBii8Qip+4/p//6HlJ0r/+4ccyDENfe3a7tlfk3Xe/RyY9+snxKwqGIkpPcenZvRWqKMyUzWrR0PisTl3vVEffmN471ajS/HTlpC9fuXi/PL6gTlxql9tl1+HtJSrMSVPW3OgnZ250qXtoUhaLWS8frlF9ea5cTptmvQENT8QqfMsLMhLC3yvNfTo+V8VVXpChp3aXKz8rReFoVF0Dkzp5JVZB+JPjV/Xffu2wcjKWBpJ3K/681Zfoyd1lykhxKRKJBVIfnmvRxIxPPzl+RX/5jSeWrZxq7BpWJBJVXmayDtaXKCstSflZd/7ueutkLGhLctr1/IFK1ZbmKNnl0OSsT5eb+nS2oVunr3fK5bDp6T2xE+73ejxJsSDiFx9fVyQaq+J7Zl+FcjOSFYlE1TM8pU8utGlofEY/OX5Vf/WNJ5a9kK+jLxZiH95eoiM7S5WZmjQXXA7ro3Ot8vqD+tWJG/oX33wyoV0oHNFPjl/R8MSsbFaLnt5TrvryXLldDk3N+nSluV8XGnt0paVfRbnpa16EkJHilCGpqjhLe2uKVJKXJpfDphlvQE2dwzpxuUNTs369f2rtoW3vV3NXrGKuojBTLxyqUmF2bF/3j07ptxfb1NE3rvdONcrtsseHBpaktGSXkpx2HdperJqSHGWmJckwDA2Pz+rE5XZ1DkzoxKV21ZRkqyA7cR7yN0803AlCawp1oK5Ymakuefwh3bo9pFPXOvXR+dY1+77a61G6v2NyvcxXIpYuuKBifMobv2ihdI3K4/nbA8GwRqe8y16MsJgvEFL30IQkqSRv7YBuXntvLGSOtbvTr76R6SXLllOQlSqr1axwOKre4eWDy7dO3tTkTCx8/fpdXBwhxYbLlqSiuSGwV2KxmFWYk6aOvjH1DU8tu86ZG11q6hyOD6X9IKrqV7Ke+zEUjuhnH12T1x9USV76mlWrktQ7PKWPzt8Jb1cKllfimw/vo1HVleXqiZ2la7aZmLvIQpJK89I04wno3M3uBaNcmJSRmqTtFXk6WFe85IKw2bkKYLPJpMkZn8xmkxw2qxz2lU+Pr+fxspz598rkJIcyUlYe9QwAgPtBAAwAeGSlpzj1xI4SfX69Sx9fbFdFQUbCVeqhcFS/u9QhSXr+QIUcNuudkTbvsuiqZyj25SwrLUkvH7lzlb7VZZfbZb+rq5DndQ5MxsPfV45Ua3/tnTA1yWnTkR0lKi/I0MWmvrua1/h+RCLRZYe4Hhr3KDA3R/LXnqlPuOo5LzNZeZnJOror8Uv3mYZujU56ZLWa9b1X9yp/wQmiJKdNBdkpyst064OzrbreNqidlXnx4aDn9+vz+ytVvSC4z0pLUlZaknZvS6z6AoBHkzH3cWKSSXPFfFIs5I0uWGC6s/78ENEmw5BJJhmm2GjRc7du+jz406u34+Hvn3/1kOwLhsstzE7Vd17co3c/v6VLTX364EyT/vLrT0iKVd9KUlaaO+HEc7LVoeQkx5qhxhf17me3FAxFlJXm1p+/cSjhJH5lUaYqizL1wZlmlRVkrHv4K8WqC1PdTv3FG4eV4k4cmrJrMFZBube6UIcXjNKRnuJSeopLNaWJwwL7AiH95kws/N25LV/ffH5Xwkjk6dUu1Zbl6Ie/Pq/RSY/ePdWo73/l0Bfq/4uHqxOqnSwWs+rKc1VWkKH/71dnNTXr14fnWvSdF/csaTt/4dp3XtyzpBqxuXtETZ3Dstus+pPXDyh3QVCdmZqkFw9XKy8zWW+eaNCJS+3aX1uoJKf9vo6n9041KhKNam9Nob62IEiyWS2qLslWWX6G/uHdCxocm9FnVzv0yhO1S7YhSc/srUgYgjfZZdeBumJZLRa9dbJBQ+Oz6h2eSvgb8/OrtzU8MSurxazvf+VgQrAZ+5srVfnZKZr1BRMu1luJ3WbVX339yJJhTjNTk3R0d7nsNqveO9Wo5p5R+YNhOVcJP76ImtJs/f5L+xKOv6KcNH3v1QP62UdX1dw9ovdONaqmNDserBzZUaJ9NYVLgrSyggz9wSv79Ne/PBOrsm0fTNhPjZ3D8fD31SdrE+bHTXLG5t+sLs7W3797IR5KrmS11+P9HpPr4XJzn3rngqWFldMLR9xJX2O+1oWVoh5fQNLaAfAHZ5oVDkfldNiWjNywkmAoHB+WuXzB+2Y0asg7N3LDalWrUqxiOTXJqfFprzyLRhWSpFPXO9XcPRIPXxdWGf/t2+cUCEb02pO1S4Z6n9/WWvcfWye2PxePaiRJPUOT+vhC7IKCl45UJwSg759uUkffuHZX5evZZarVv6j13I+SdP5WjwbHZiTFhjz+6UdXVVeeq73VhctWifsCIf3zb2PVwvXlieHttdZ+fXa1U1lpSfruKheYvHWyQVOz/ljl9LPb48tHJz366UfXJEl/8cahhOd1dsGoBsMTHr198mb8O258HV9QPUOTutTUq++9uj9heqX5OYA/PNcSrzyWYtW9xTmp2lNTuOQYX6/jZTnD47M6d7NbknSwrnirzhoCAHiA7m9sLAAAHpInd5Uq1e3UxLRP5xYN03y2oVsz3oAKs1PvO1Ccv9p31hfU+KK5tO7VlZZ+SbGrgxeGvwvlZSbr9aO1D2zu24xU15LwV1LCib3uu7gi2TCM+DDWh+uLE8LfhfbVFKooJ3by7XJzf3y5w26RJPUNT8kwtuYQqAAef6a5aX/N5qjSnQEVun3KdQVlXzHKjc35azFHlZUUVkGKX7lJAdnmguHNfl4vGjVi89hJ+tL+bQnh70IvHq6R2WzSwOiMhuaGyr3zeRzQ2JR32Xb3wzBi/VruZ97IxGx8eOXXnqxdsYLr1SdrEyoV19uxg1VLwibp/2fvvqPjurMEv39fBRRiIecMIhEgwZzEpEgFUqmlGXWY0Gd2vDPb42Ovz7H/sH18PPYf3r/s3bXXc3Z3ZrzdM53UrdhqqUWKEilmggQJAiRyDoWMqgJQhcrPf1TVQxVQSAySKN2PDgVUvVjF914V3/3de5c+wydm53F7fCumL9faM47X58dg0HHyidqYN5Tj4wxaAHNo3MaUdUGbttr7tdrHeXpKwqqlLhNMRp7aEwyGdg0FW02soCi8dLg2ZpChOfTdald1QVSgLdL2ynwKss34AwFae4MD8TZ7PE3MzjM2PY+iKDy3vzrmPHFGvRbYvbOs1UeYQa9bNeNzR1W+lo02FtFaQ1WDgT2Ag9tKV2S1hu2uKeTYzvINlzxdq8el1ktYVZmxO1adb7n1zqXlXjwU+/hTFHghVDnGseihO6Jks16nW/UcNBr0lId6kk4vKzF/J3SsFGSbo4K/kQqyzRzYQFlbWP18vN9jEjZ/bkXqHp7m48vtAByoL4kq3R5Zstxg0K+5HqNxafqie/3ryRc3e2jpCR7vrxyt21CGq88X4Nef3WHa5iDeZOTlo0vBPbfXp5V430i5/rjQ/obL/YcNTdj44mYPACcOrMw+nbE7mbE7VgQHARY9wXUZH2D7TpeHd75o1QKgy4+5OYeLGbtj1UDgZs+l5R7W+xgWWQ7cseihZ2SG319q5z9/eH1FWwSA988Hg7fpKQkrytIvun3M2B1Y51f/t/WlOwN0DU2j1+n4o2caooK8Pn+AGbuDGbuDwLKTI/L9fO98Kz5/gOO7K/hv/vgI//OPn+Fv3nyCJ3dvwWDQMW1z8PbZO9r55XR5l7VEWOJye+kZmeHdL1r5xae38Pr8S6/nIRwvsdjmF/n56Vv4/AEKss0cfsjVAoQQQgiQDGAhhBDfcAa9jmf2VvD+l21caR1i+5ZcUhJNzDncXGsbBkXhxIHKFcupG0wBri7O5FxTH26Pj7//3Q0qCjIoyjGTl5lCXkbypsp4jYduYi/PxPkqhW+KLRcupzg+M88HX7bRmGWmLD+NvMwU8jNTMC+7wTXv9OB0Bf/hqt0kXEVVcRajU3PaTXyA+vJcbrSPcLNjlJ6RGbYUZZKfmUJeZjJZqUkyulkI8dhQVIVEReFYeTxPVKhY3fBRs4eJxXhih3QDJBtdnGiIpyjVgA4jBjXyU+nbewGcc7q0z46bHSM0d1tWndeg1+MJ+JiyLZCbkUxtaTZnG7txe3z83btXqCzKpDg3jfwsMwVZ5vsuq/nhhXtaUDpSdnoyP3kjWIbXMh3MejIa9FQUrmw38VWJ1eoCYHtlHm39E4xM2vm3v75ITUk2hTmpFGSZyctIWXHzf2wmGFwsy89Ys1/nlsJMjAY9Xp+fsZl5rQz0//2bS9gXXCvm31dXHLMs6Ea+J0Aw4DFldVCaH50NmZWauGpmVTgjbWjCxq8/a151G+HjLhwU3OzxNBbajkGv43cX7626HX8oQLPo9rKw6CF5WR/JnPTkVQc+QDCDbNrmiAoOzDlcWlCjtix71WXvx8iknd6RGazzi3h9fm1QXmRMxe3xr7J0tOYuCx9eiP3e/A9/cnxFlmtOejJpMUp+h6UlJ5CTnsykNdiTuDZicIXL7aV9YJKxmXkWlwVtJkODFZYPhpgIPb/eII3ashyuLOsNHctq5+P9HpOw+XMrrHNwit+Gsi3rK3I5cSB6kELkQE+fzw9rZHRHBrYS1uk3+vmNbi7dGQCCwfyNDIDx+vz86kwz/ZZZ4owGfnhiJxkR5bNNRoPWG9vnWzsTO3J/I89Zx6JHyz6tK8+NqoywEQlxxtC672/7ECw3PudwkW5eGQBdz2bPpVgexvsY6diuCo7tqkBVwTrv5G7vOBea+5mcXeDd8638+ORebd6Lzf10D0+j1+t485mGTVcQGByzLgXvD1ZTsMqgl1gi++X6fAH+6JmGqPYPWWlJHN9dQWG2mV+cvs3Y9Bzdw9NUl2SRGG/kf/3L56LW5/MHcCx6GJ+d52b7CD3D0/SMzPD5jR5eOBQcpPIwjpflZuxO/umTJuYdbrLTkvjhiV0YNtiPWwghhNgMCQALIYT4xqstzaYsP52BMSvnmvp45ehWPr/Zi88XYEdVPvmZG+t7sTzMAAAgAElEQVTPG0tKookfntjBp9e6mJhdoGdkhp6RGW16QZaZww2lVBZlrLGWoHB5qKSHVObtfqy2bUWBP35mO59e66JraBrL9ByWiOyTtJQE9tQUsG9rsPSUIyJDJylh7X/Ahm9+Ro7IfnpPBXq9QlOHBduCi6aOUW1agslIXVk2x3aVP7KSg0II8TAESzcHUFAwEEBFHyyhpCO6B3BUL2AF0KEH4gKKVgaa5dWiv4Wci0tBrd6Iz9K1uEIZaOakeP785B5+f6md8Zl5uoam6YrICizMTuXYropHMsjKEeoJmJQQ9/UNUFKUqPYMkWpLc3j1eD1f3Ohh3ummpWdMy8gz6HVsKcrkmb2VWgA3/H1keXAyxiZJSojDNr8YVVZzs9YLViTGG7VAhSNGBnBywuqZquHXMjY9x9j0qrNpwoHVzR5PztB2vD6/1o9xPS63d8V7vFYfSQgOMgCistoiS7KudgxsViCg8uGFe9pxsrZHU6llI0GscEWcyONiaNzG22ebtQDqapbvdfh9TFkj8xmImdW7whrn4/0ek/frXt8E750PZpo2VObz6rH6FVngkcehbcG1Zva3LSIrM2mNc+/Tq51aadqTh7dGlZxejdvj45enbzM0YSM+zsCPXti9op2OTqeQaDLidHmwxQiGR1JVsDtcoX2N05577/xd5h1ukhNNPL13S+zrV+gAcXl82vQ4o544o0Fbl31h/epPtvng9iPf4y9v99E7MoOiKLx4qBafz8+CL3ogRbjMuNfn17av16+e3b5ZD/o+rkZRgqXMj+2qwJwUz4cX7jE4ZmV8Zp68zBQGxmY519QLwJEdZZgTTSve/3DWdSCgRk1LTjQFg/fnWlFVlYrCTOrKclYsH3nuOxY9WmZ0gskY9f7lZqREBX8jVRZnkZuRzMTsAoNjs6t+dzDodaQmx5OaHE9NSTbvfNHCvb4JbneN8uz+Kgx63QMfL8tNWhf450+aWFj0kJuRwp++uPuhXfuFEEKI5eSuqxBCiMfCc/sr+cePbnKvf5KstCQ6BqeIjzPw5K7yB153QVYKf3FqD9b5RSzT80zOLjAe6s9mmZ7jt1+08sZT9VSvk+ESvoka6+bmWiJv4nh9q2dhuDZQ9nGtG9dJ8UbeeLIep8urZexOWhcYnrRjm1/k85u9zDvdPLN3S1Qg2bHoITVp9X5iCzFuNOt0Ck/truDojrKobY1MzWGdW6Sp04Jlep4/f2m3ZAMLIb7Rgrcdddr/dSqAH5QAoI8OAkfUeVZRUZXgNT2gBGf4tl/uIm9g/uTNJzbdK7cwO5W/ev0gs3NORibtTMwuMD4zx9C4jdEpO786c5u3nttBbenGyzC/drye146vnZ0VDoI4Fj2o6tqfpcvpQjM/8Of3OtN3VhWwo7KA8Zm50OdqsGTx6JSdzsEpBixWfvLmIcxJ8drfw3pBXVWNCBZHBIz+9fePrru/kebX2c68w62lnMYaqLbmd5fQd6uXDteyb+vmsvw2czyF37OkhDj++x8d39R2HlTkeeNY9Gyoz+R6mjpGaOkZQ6dTOHGgmvryXJISTNp77fH6+Dc/O7epde6sLmDnBvoPh613XADMhUrLho8LfyDAO+dacLq8lOal89yBKrLTkrWyqhDs3Xk1Rgbv0vfwtQOu6wWWYe3z8UGOyc2eW83dFn53oQ1VVdldU8ipI3Uxz5eM1ETi4wy4PD6GJ2wrgq6RhkOtYExxBrJSE1dMV1X4/aW2YFlyReHVY3XsrFr/733R7eXnn97CMjVHYryRP3lhD/lZsQfpFmab6R6eZiRUen81YzNzWnZr+DV1Dk3SNxocYLTgdPMffntlzXV8dLFN+z3cn7sg20xb/wSjU3MEAuqqZdX9gQCjoQGzhaHtL7q9nL/VBwRb5vzy9O01t9/cZdHKhhfnpvEXL+/b9Lm0mgd5HzeirjxXy1Sesi6Ql5nC6WtdWiWBL2/18WXovYhlxu7g//zlBe3x//IXz3LpTr/22dQ3OhM1PZa/e/eq9vufvhgaUBAaUJSVtvL4jZSanMDE7ILWK3kjdlYXcq9vAo/Xj33BRWZq4gMdL8uNTc/z80+bcLq8FGSZ+ZMXdz+0QQFCCCFELFJfQgghxGMhKzWRvbWFAHx5ux+AozvLHmov3fSUBOrLc3hqTwU/eK6Bn3zvgNbf9nbn+hkU4T65kRkmGxEuKwVgW1j9ZtlYqETlg0qMN1JVnMmRHaV878l6/uaNg1rP4luhGxQpiSbtZlzX0NpZXOHXm5e5sg+aQa+jNC+N/XVFnDpcy1+/tp9Th4Ml7sZm5qOykIUQ4ptIQbcUDAiXcg7fgQ9l9kb9rixFEMMZaor67Q/+QuizIxTMuhfR93KzMsyJNFTm89z+Kv70xT38t28d0W5a32wfeSj7GqkgFKTw+vxaYGGjwjdubWv0Ohydst//zkVQFMjPMrN3axEnD2/lL1/dz7987SDxJiNur0/L9gz3kB0Yt66Zfdg7Mq0Frh+kmkrX8NSavSvbBiaA4OCw7PTNDQoI79e93on73r+NHE/5mcH3zLHood8ye9/buh/mpHhtEF3HwMayj9fTEcpi3lGZz4H6EpITTV/5gLsZu4Mp2+r9hSdnF5idC/Znzg19h7RMzWn9Rl9/chuF2alRwd+15IYy4HuG1/4e3r3O9PU8jGNyI262j/Dhl/dQVZX99cW8fDR28BeCfZPDpdZvd1lWPR8DAZXboX7T1cVZK/puBwIqH3x5l1udo+h0Cm88uW1DwV/HooeffdyEZWqO5IQ4/vzk3lWDvwA1oUE8PSMzMUtihzWFzs+UJJPW43cj5Y7XEx5EtOj2atenWO71TeAKXUPDy/j9ATbUtPkr8CDv40ZEDmwKl7bfSBnktdf5YMvHGQ0Uh67fa/UYhmB5fVi/KkCkQES5+bhQxYYHOV4ijUza+adPbuJ0eSnOTePPXtojwV8hhBCPnGQACyGEeGwc2VHKvf5JHIsestKStKBlLBv9d3lAVXG6Vpbwg+AI/6JsM6NTcyx61h85vKu6gI7BKUan5rjVaYm5f5NWB00doxzfVa4Fr5MT40gOlc9q7R2PWW56YMz6wMHSOYd7Ra9fCJWPLMzgVqcFny+A1xfAaNCxoyqPK61D3GgfobY0i7wYN4dvdVq0/doVMZJ9tW0B1JRk8fvLwd83khUlhBBfFyWU1asq6lJyrxL+Ga7pHEoBVsPPKUulSZVQT3pVF374rabTKeyqLuDSnQEutw5QVZIV82azy+Oje2iK7ZX52nOBQLA8cKwbtcmJJopz0xiZtK8IaBoNejxeHwvOzVXfiJSdnkxJbhpDEzb+cLWTv3xlX8zeuWeud1GSmxbVq7Qg28ytzlEsM/NMzM6TmxH9WamqcDnUQ/N+ORY9mIyGFb1+AfKzUkhPSWDM7WUxVE67YUseZxu78fr8fHy5nTeealgROHK5vXx6rQuAkrw0rXz0/Zh3uPn8Zg/P7a9aMc06t6hliFWXZG+oLHCk3bVFtA9MMjhupfHe8Kq9Pps6RthdU6S9zs0eTzkZyRTlpDIyaefjyx38xct7Y+7rxOwCbo+Pkry0Tb2OtSgK7K4p5EJzP9fuDVJXnhszeNbcZWFh0c2h7aXodWuP5feFAjerlaRuf0iB5vX8/lIbf/rCnhXHrtfn56NLwczMpIQ4LXgZGRyKte+BgErXUOx931FdQOfQFP2WWdoHJmP2q7XNL3JtA/1/13K/x+RmXG0d5Mz14Pl5uKGMZ2OcW8sd3FZKa98EU9YFzt/q5em9lSvm+eJmT7AnsaJwcFtp1DR/IMB75+7S1j+BXqfjzae3R13rVjPvcPNPf2hi2ubAnBTPn720m8zUtQd6bNuSy5e3e5l3uPnwwj1++PzK/qddQ9PawNRDEfu6bUse27bkrbtf/9s/fAawokcsQGZqItUl2XQNTXHmWhdFOakrMu9t84t8Fvo7qCnJJjOULZ2caFrRRzaWn358k8Ex67r9nR/Eg7yPXUPT9FtmeHpvpVaafrlwpr1Op2jXpP/6j55Yd7/O3+rly1t9ZKcn85M3DkVNO3VkK6eObF1z+YGxWX72cRMQuyfy3q1FDE/YsEzN0TM8TWWMKl39llmtX3dlUXD69XtDxMcZ2LHKoIZAQKWxbRgIDswJl4t/kOMlbHDMyi/PNOPx+igvyOD7z+3c8OAWIYQQ4kFIAFgIIcRjw2Q08PSeCs409nBif6VWdvFB3Oke44umPrZvyaO6OJPs9GRMRj0uj49+i5XmnmAGU9EGRkuX5aexozKPOz3jnL7ezaR1gR1V+aSnJOD2+OganuHinQHcHh9ef4BXjizdDNhVlc/FOwN0DE7xWWMPB7cVk5JowuP10zYwyec3Vy+vtRHTdif/+NFNqoqzqCvLJj8rhaT4OLw+PxOzC5y/Fcyqzs1Ixhi6SffE9hK6hqaZtjv5+ek7HG4oobY0mwSTEduCi+auMW6Hbig0VOZRGroZ6g+o/Px0M0nxcTRU5lKck4o5KR4VFdu8i8utwX5ier3ugTKOhBDi0dMa+2qPVS3TNzxJiZ5NAUVRo2ZB+fYHf8OO7CynY3CKaZuDn358k8Pby6ivyMWcHI/L7aPfMsuXt/uwLbhIiI+jsigTgFudo3zW2MXOqgJqSrPJyUgh3mhg0eOlb3QmWI4UKMmNDrzlZSQzNGGjsW2IisIMMsyJDE1YSU1OID1l46V0Tx2t4x8+vM6M3cF//uA6x3dvobwgHaNBz8TsApdbBugZnub6vSH++nuHtPLW9RXBYKvL4+Ptz+7w0uGtlOalhZab5+yNHgbHrQ/0nn56tZPhSRu7awrZUpRJhjkRg17HvNPNne4xxkIDsYpzg99V4k1GXnyilt9duMe9vgkcizc5srOc/MwU/H6V/rFZzt/qxTq3iNGg59ThtW/Gb8SVlgFs84sc3FZCVlpS6HvPNOebell0ezHFGTixv3rT660symR7ZT6tPWP84WoHo1N29m4tIjstCX9AxTI9x5WWAQbGrNgXXFrQ636Op1NHtvKPv7vBjN3Bf3r/Osd2VVBZlEm8ycC8w01b/wSXWwYxGnT81WsHN9ZLdoOO7CynY2iKydkF/svvb3BsVzlby3JISjBhX3Bxu3OU623DoKokxsexu6ZwzfUVhQY0tPaOs3drcVQwomtoik+udDy0fV/L0LiN/+/3jRzbVUFxThoqMDxh48tbvUzMLgDw0hO1WkA7PysFvV6H3x/gwu0+nttfrQVQF91ePrrYxozdGXNbW8tyqCrOont4mne/aOWpvVvYU1NIvMmIPxCgc3CKP1ztfODBh/d7TG7UheZ+zt3sAYIDA/bXF2uZjMsZ9HptQGlBtpmD9cVcuzvExeZ+JmcX2F1bSGpyPPYFN00dI1rw/GB9MQWhKkcAPn+A335+J1jVR1F46XAtBdnmVbcbH2cgzmjAvuDiZ5/cxDq3SGK8ke89tQ2jQb/qckkJceh1OkxGAy8dquXts3fot8zy9x9e54ntZeRmJOP2+OgYnAwG4lSVgiwzB+pLNvUebsRLT9QyOG5l3unm7z+4zuEd5dq/ZQbHbVxq7teuXS8+ogDug7rf9zEQUDlzvZMZu5OWnjEaKvMpzU8nNSmegKpinV+kudNCb6gixs6qAsxrtAP6qjVU5tPcZaHfMstvPm/hyd0VNFQVkJwQx4LTzd2+Ca1P8ZaiTEry0rAvuPj8Rg9en5/LdwbYtiWPwpxUkhPicHv9TNscNN4bZmI2GDQ+sqMsapsPcrz0js7w9md38Pr8FGSZOXVkKy6PF1eMAeYKykP9bBFCCCEkACyEEOKxsq0il20VuevPyMZSgIfG7Xi8fpo6RmnqGI05T25GMkd2lMacttzzB6pQFIXm7jFudwX/LFeQZea5fVuinju0vYThSTsDY1Zudoxys2MUg16Hzx/MhDAZDVpw+X4MjdsIBFQ6B6foHIydOZFgMvLSEzXaY6NBz1vPNvD+l21Ypuc4f6tfCxRHaqjM4/kDS5kJU9YFnC4v9gXXqlnLiqLw/IGqh1rCWwghvlorA7/h39Wo6O93i8lo4Ecv7OKdz1sZnbLz5e0+vry9chBTZmpSVP/JwTErHq+fxrZhLQNnubzMFI7vqoh67sjOcn55+jYzdif/7ztLvSD31xVv6qZ9dloSP3p+N++ca8E6v8gHX95dMY9ep+Olw7VRvY3j4wx876nt/ObzO1jnF/nFp7dAUdArCv5QKcn6ilwGx6wsLG4+S9nr8zMyZce+4OJcU692U3u5ndUFUSUnd1UX4PH6+Ox6NwNjVgbGVgahkxPieOPphgfK/gXYt7WY/rFZ2vonaOtfWR4zOdHEm09vJ918f71tXz6yFb1OobnLQkvPmFbqOpLJaKAkL117fD/HU25GCj84sZP3zt9lzuHi95faYi5XXpBNvOnh3koxGvT86PldvPNFK8MTNj6/0cPnN3pWzLe7pnDd4C8Es0Y7BiaZnXPyd+9eoTgnjfg4A9N2JzN2B7kZyVjnXXi8j64SS2l+OknxcbT1T/D2Z3dWTNfrdDx/sDoqOzPBZOTZfVWcvtbJ1dZB2vonyM1IweP1MTo1h9fnpzg3jeFVep6+/uQ23jvXSs/IDGcbuznb2E1CqER6uCzy03sr+eLmyvd2M+7nmNyIrqEpLfgLwYEM4cEKsVQVZ/HD53dpj08cqMEfULnRNkzn0BSdMbKl99UVc+JATdRzX9zsWWpho6pRfXNjeW5/FU80lPH22TtY54JleJ0uLz/9/c01l/uvXj2gBZ5ry3J4/cltfHjhHpOzCzGvucW5afzgxM5Ve64+iNTkeH58ci+/OH2bBadby96MlJxo4kfP7yI1+ZsT/Fzuft5HnU7hiYYyzlzvwunycu3uENfuDsVcf01p9jcyAP7Wszu0wPdnjd181tiNTqdElT8vzk3jjae2A8HPu/11wQESUzbHqp+lAIe2l7KvLjqz/36PF6fLy6/ONAdLhwOW6Tn+n99cXnXbRoOe/+nHT2/sTRBCCCE2QALAQgghvlWUTd5xf/XYVnZU5dE+MMXI1BxzDjden5/4OAPZ6UnUlmazszJvRY+s1ej1Ol48VE19RS53uscYnZpj3ukmzqgnMzWR+vIcdlTlr8he1usUvv/sdm53jXGvf5IpqwOfP0BaSgJbCjM4tK2Y3tHZ+w4A764poCQ3jda+cYYn7MzOLeLy+DAadKSHtrFva9GKgKw5ycSfvrCTe/2T3O2bYNrmYNHjIzkhjoKsFHZVF2ijn8PyMlP4V987wN3ecfrHrExaHSy6vegUBXNSsOzi3tpCcjbZB1AIIb5uS7cVlaVH4eu5Vg5apCUn8Bcv7+Ne3zitveNMzC7gWPQQZ9STk5FMXVkuu2sLo0pVvvH0dnbVFHCvb4LhyWDAM/x5nJORTF15LrtrCleUt6wqzuIHJ3Zx6U4/YzNzGHQ6cjKSqSrJ3vR+l+Sl8a++d4jmLgv3+iawzjvxeP2kJJmoKMhkf10xORkrg6VVxVn81WsHudIyQJ9llgWnB6NRT0lmGrtqCtm+JY//61cXNv9GErwZ/JM3DtHWP0nX0BSW6TkWFt0EAipJ8XEUZJvZVV1ITenK13ugvoQthZncbB+hdzTYI1KvD37uh9/PhzEQKzkxjn/52gGu3xviXt8EM3Ynep1CWmg7e2oLN136OZLRoOfVY/XsqCqguWuU4Qk7c04XOiX4WqpLsjhQX6L1n4b7P57KCzL4yRvBY6CtfwLr/CIut4/EeCOFOalaRvGjYE4KBhju9U/Q0m1h0urAseghMcFIYXYqu2sKtVLJ60mMN/KXr+7n0p0BOgYmGZm0o9MppKckcGxnOU80lPHv3770SF5HmE5R+KNnGmjtHedWxyjjM3P4AyrmpHi2FGawt644ajBF2MFtJWSmJnL97hCjU3Z6RqZJMBkpL8jg4LYSpqyOVQPACSYjP3phN/f6JmjutjAxM4/T5SUpPo7SvHQObi8hNz3lgQPA93NMbsSDZicrSjBTsb4il8Z7w8HrhdNNcqKJ/MwUDtSXUJq/Mih9v9uNlcG4GQ2V+RTlpHL97hD9lllsCy5MRj1ZacnsqilgW0XeIwn+huVlpvA3bxziZsco7f0TWk/qdHMideU57K0titkO4Jvmft7H3TWFbKvIpaVnnN7RGcam53C4PCgoJCXEUZhtZntlPjX38Vn6VTDFGfizl/Zwr2+C1p4xRqfnWHR5SYw3kpOeRENlPjuqCrTXrdfreHZ/FQe3ldDcPcaAZZbJ0KBlvV5HSmLwGrGzuoDi3Ngl/u/nePH5/VrwVwghhPg6KH/7t38rdymEEN9JHs/994r7Jvg3//QlAG8920BFweZGl0OwjNq/ezuYKfOv33qChPv4x22fxcrbZ1sA+B//7PimlxdCfDXi4u7/xjuA1T5PStL9ZW4J8VgL/Usp3ANYVRSmPfC7ux7GF+PRev+Gf6qAGsBsdPHKNiOl5vBKdF95QrDBIGN9xaP1H9+7xsTsPE/t2cKxZZnZ4rvr06udXL83RHlBBn/20p6ve3eEEEIIrPZ50lOl/ZQQ4rtnY+lMQgghhBBCCCGWKKE6z+HIblRvYBljK4QQQgghhBBCiK+PBICFEEIIIYQQIgaVUD/f5RSC5Z6V0INlQWAl/JSqSCxYCCGEEEIIIYQQXzmpCyaEEN9CTpeXabsD67wLl8eH1+vHYNCRYDKSl5Ecs/eqqqpMWh2Mzy6w6Pbi8wUwGvXExxlIT4knKzXpofSJE0IIIR4byiq/L39uRZBXifhNkRiwEEIIIYQQQgghvlISABZCiG8Bt9dH76iVfsssg+M27AuuNedPjDdSX56jPb7cMsi9/kmcLu+ay6Umx1Oal0Z5QQZbCjffd1gIIYR4HCksi/Eq2v8iHodmiioFLYQQQgghhBBCCPHVkwCwEEI85s7f6mPG7sTnD8ScrtfrMBn1AFqA1+nycqN9VJsn8ndAy/R1e/34I9ZrX3DR0jNOS884Br2OzNTEh/pahBBCiG+kULXnqHLQiroU8FWVFQFfNTwPEgsW305//b2DX/cuiG+gFw7V8MKhmq97N4QQQgghhPjOkwCwEEI85iZmFwAwGHRUFmZSlJNKQVYK5iQTiSYjev1Su3e/P8CUzcHdvklud1m0oLFBr2NXdQHbKnLITktasYzT7WXO4cYyPc/IpJ0+ixWP16dtWwghhPhOUQg2+kUBVQ0FekNh3ohfhRBCCCGEEEIIIb4OEgAWQojHVGZqIjN2J/mZKTRU5lFfnoMpbu3Lul6vIy8zhbzMFLZV5PDhxQ4AXj1aS15myqrLpCSaSEk0UZhtZt/WQnz+AD0jM9zqtDA4bpNMYCGEEN9KCsTo7xs5MfSLuuz5lQnBMakR/w8vIbFjIYQQQgghhBBCPCgJAAshxGPqz17chdPlIcN8f8HXvMwU/uq1ffe1rEGvo7Y0m9rSbGbnFrWS0UIIIcS3yWqxXy1KG/kzQESd6HA2cLB7cIwK0doWIoPAwbnXCgGrWjlq0C09pz0p4WMhhBBCCCGEEEJIAFgIIR5b8XEG4tfJ+P0qZJgTvu5dEEIIIR6JqL6/oThrOEwb7AGsaA+jfkauYK31qwrB/yKzgaPzglcKB43DEeeIXZL4rxBCCCGEEEIIIZAAsBBCCCGEEEKsKjL+u/RkRJ3n5UFfVdXKQK8vGPBVIx6t3HLsZ1QtWKyAqkjurxBCCCGEEEIIITQSABZCCCGEEEKIDQuFaWNl/oZLQbN+Hi8sZRcHF9dpD0KFo1fZsgKKGioVrWp9ipfHoYUQQgghhBBCCPHdJQFgIYQQQgghhIglHINdHllVCJaADs+jKNHzKitnj0WJiiUHy0orSgAFFVQ9qtbnFyLqREdl/CqoKOFwcXhfhBBCCCGEEEII8Z0mAWAhhBBCCCGEWEvMRF5lKdgamQkcmhT59HorV1HwBsAT0BFApwWGo7e2PC84+FgHxBkUDKGgtIR/hRBCCCGEEEIIIQFgIYQQQgghhIghXMZZC6oqET+XB3xjRHu1JGElevHo9SsEUOi3qtwY8uIN6CInai2F1XC2sBrO9g2uzYCHw9XxlGfqJPgrhBBCCCGEEEIIQALAQgghhBBCCBGbFlFVl6K42pPq6hnAUStYuw9weC6HX4fFYcQT0IcWCZWV1so+L/sZCD4wEsDlC5eCFkIIIYQQQgghhCCyqZQQQgghhBBCiGirNPVVlJWTw89vMhKrJQ9r64loDrw87qws+yOEEEIIIYQQQgixjASAhRBCCCGEEGI1yxN4Ixv0Lg/KhqYrGwzOrphvMwHf5fMJIYQQQgghhBBChEgJaCGEEEIIIYTYjOXB2Mj+v+qy+Ta52qiy0xAsPb283/DybSoxWxALIYQQQgghhBDiO0oCwEIIIYQQQojHW6yg61qtd6OCrBsPm0atcnlQViW6dDOgbrYvrxbQVZYCvyt2M/QgXIFa/WaHfYeHh2lubsZqtRIfH09hYSF79uwhPj7+6961DXO73bzzzjsoisLLL79MSkrKA68zEAjw61//mi1btnDgwIGHsJexzc/P89vf/pY333wTs9n80Nf/7rvvsnfvXkpLSze13OXLl+ns7ARAr9eTkZHB9u3bKSsr0+bp6+vj/Pnz2uPwfHv27KGgoEB73uVycePGDYaGhlBVlby8PPbv3/9IXq/4Zrh06RJdXV0rnk9KSuKtt9667/WOjIxw5swZSkpKePbZZx9kF5mYmODjjz8mIyOD1157bUPbPnfuHDt37mT79u0Pbd7VfBuuzUI8TC09Y7x/vk17nJJkoqYkiyd3V5CUEPc17tnXx+P1c66pl7b+SRbdXjLMieyrK2J3TaHWCWUtPSMz/PbzVo7tKudww+a+JwghhHg4JAAshBBCCCGEeCwtxV/VUAxWQY2OwcZeLiKgqkSEaVcuoy4FY4NrJzL4unKBpahwZE9e97wAACAASURBVDx4I1FgNbykFkwOPxHeB2IEnSMDwRvf1ldlYGCAL774AoDU1FTcbjednZ1MTk7yyiuvoNfr11w+HACsrKzk2LFjX8Uux9TU1ITX6+XFF198KMFfgLGxMVwuF319fezfvx9lI3dSv4Hq6+vJzMy8r2Vzc3M5fPgwgUCAsbExLly4wOLiIlu3btXm0el0vPrqqwD4/X76+/s5ffo0r7zyCpmZmfj9fv7whz9gNBo5duwYOp2OtrY2Pv74Y1577TUSEhIeyusU30zJyckkJiZqjyN/f9wsLi7i9XpZWFh4qPPG8qDXZiG+zRJMBjJTk5i2O7jZPkrvyAx/+eo+EuO/W0FgVYVffHqboQk7cUY9mamJTFkd/P5SB4tuL0d2lK27DseiB4/Xz5zD9RXssRBCiFgkACyEEEIIIYR4bKmAqigoqoJOBZQAqhKOky4PqqnBeYAAwWVUZSN5wEooUBz+fdkCK4KzSnguluUNr7WJpRrQyrIJ2vrVpZ+h+bTA8TeMqqpcu3YNgKeeeory8nL8fj9nzpxhbGyMnp4eampqvua9XFsgEECn01FRUcHWrVtJT09/aOvu6+ujurqa/v5+xsfHyc/Pf2jr/irV1tbe97IGg4G0tDQAMjIyMJlMXL58mfLy8qgsxMj3PSsri+npae7du8exY8fo7OzE4XDw1ltvYTQaAcjPz+f999+npaXlkWZXi69ffX099fX1X/duPBRVVVXk5+dvKIi9mXmXexTX5vC1Uohvg5K8NL7/3A78gQDvnbtHW/8kZ2/08srRresv/JgKBFR0uuhvwq294wxN2Ek3J/AvXt5LUkIcluk5/uHDG1y43c+h7SXo1znvd1TlU5qfjjnR9Ch3XwghxBokACyEEEIIIYR4LCkq6FAJKKAqwZ8QmX27LDSqgF8JLxdAAQKqghJ6bkP17JavNapM8/JmwOusT42eQwkHgWNl82r7F7FeNZi7/E1MHp2ensbpdJKSkkJ5eTkQLOFbV1eHz+djcXERgNHRUZqamrBarZhMJiorK9mzZw9tbW1cv34dgJ6eHiwWC9///vcJBALcvn2brq4ufD4f2dnZHDx4UAskTk9Pc+nSJex2O7m5uej1eoaHhzl58iS5ubk4nU6uXr2KxWLBYDBQXFzMvn37MJlMNDc3c+vWLWpqahgfHyctLY3Dhw/zySefkJiYyPe//30A7t69S3t7Ow6Hg5SUFHbt2kVFRQUAFy5cYGRkhJMnT5KamhrzvfH7/QwODvL000/j9/vp7e2NCgAHAgFu3bpFd3c3Pp+PoqIiDh06pAVFh4eHaWpqwmazkZKSwp49e7TSyX6/n6tXr9LX10dCQgJVVVUrtn/37l3u3r0btW6TyURjYyM2mw2TycTg4CBGo5G9e/eSlJTElStXcDqd5OTkcOzYMS3w9M///M8cOXKE8vJyPB4PjY2NDAwMAFBYWMgTTzyBybSxG78VFRU0NjYyNDREdXX1qvNlZWUxMTEBwODgIFu2bNGCvxDMGq6qqqKzs1MCwN9R610nhoeHuXnzJna7nZSUFBoaGqLOFZ/Px4ULFxgcHCQpKYkjR46Qk5MDrH3+ryVcXjp8PRwaGiIpKYnDhw+Tn59PZ2cnly9fpqamhsOHDwPQ2tpKW1sbLpeLzMxM9u/fT05OTsx5u7q6aGlpweFwkJaWxu7duykuLl6xHxu5Nscqhf32229rgy26u7tXXCufeeYZBgcHuXXrFnNzcyQmJlJbW6uVqPb7/TQ1NdHb24vP5yMnJ4cDBw6QlpaG3+/ngw8+wGAw8PLLL0swWXwj6HU6Thyooq1/kru947x4qBqjQY9lao7T17sZm54jOdHE7poCDjeUoSgwaV3g9LUuRibniDPoqS7J4rkDVcTHBW+/X24ZpPHeMItuL3mZKZw4UEVRTvC7wtXWIW62j2B3uEhPSeD4rgq2bckF4H//x89JjDdSX5HL7U4L/+KVfaQkxvG7C+30WmbJSEmgLD+dxrYRntpTwbFd5czOOTl9rZuBMSt6ncKWwkxeOFRNUkIcF273c66pjz21BQyM2chJT+KPn22Iev2dg1MA7N1aqJXALsgyc7ihFLvDxYLTw5TVwS9ON1NTmsX3n9sBwL/79WXsCy7+ux8cpmdkho8udrCntpBTR2rxeP181thN+8AUHq+P/CwzLxysJj/r4VRXEUIIsZJ8qxJCCCGEEEI8hlRURQ0FdHXoVB3hwKiiBvN0l/+HqmhBY1XVEUAfLP+8gRTapUzbUElmJRy9VSOyd1l6PvK5VUXMpETshKKGHi9fV3iepefVje3+V25ubg5gRcnk0tJSXn75ZXbu3IndbufMmTPYbDbKy8uJi4ujpaWF9vZ2MjMzteBFWlqalmna2NjInTt3tH6wFouF06dP4/P58Pv9nD17ltnZWZKTk3E4HAwPD2vbDpcLDgd1DAYDXV1dnDt3LmofOzs7mZ+fx2BYOV66u7ubxsZGAoEAVVVVLC4u8uWXXzI7OwuA3W7H5XLhcq1e7nBkZASAvLw8ysrKGBgYIBAIaNNv375NT08Px44d49SpU7jdbr788ksAbDYbZ8+eZevWrbz55pts3bqV8+fPa6VgW1tbGRwc5NixYzz11FNaoDSsra2NtrY2jh8/zsmTJ3E6nVy5ckWbPjo6Sm5uLqdOnaKsrIzLly/T2NjI4cOHOXHiBAsLCzQ3N8d8XVeuXMFqtXLy5ElOnjzJ3NwcTU1Nq74Py+l0OsxmM3a7fc35HA6HVtp5bm4uZqDdbDYzPz8f9b6K7461rhN2u52zZ89is9nIzs7G4XBw8eJFRkdHteUtFgszMzMkJiZis9m4dOkSsP75vxH9/f1YrVaSk5OZm5vT1r1cd3c3N27cwOv1kpWVxeTkJGfOnIl5benu7ubSpUs4nU6ysrKwWq189tlnjI+Pr5h3I9fmjYq8VtpsNr744gsWFxepqalBURRu3Lih9Wq+cuUKd+/eRVEUUlNTGR0d5ZNPPsHlcuHz+VhYWGBubk7OWfGNkpocT1JCHF5fAOvcIvYFFz/75BYjk3YKs834/AE+v9HLjfbg5/ovTzczMGZjW0Uu2elJ3Oq08OnVYL/75i4LZxt78Pr85GemMDxh55enm3EsemjusnDmejf+QICdVfk4Fj28d/4u4zPz2r44Fr003htBpyjoFIWPL3fSOTSNyWggzqinsW1EmzcQUPn5H27TNTRNRUEG+Vlm7vZN8PHljqjX19RhwTa/iNGwsuy7dT44UC8rNSnq+Wf2VfK9J7eRmrz5fuGfXOnkZvsoqckm6spzGJqw8avP7uDzy3kvhBCPimQACyGEEEIIIR47asRvgXCwNJQdq6AnALEqQIeXCC1HsPeqGgj1+d2AyP6/6rL+vChLZZpZStrd2JqViMCvspRRHN7GCiuzm79JvF4vQFRm5nI6nY4jR46QkpJCXl6elnVmsVioq6vD6XQyPDxMVlYWO3fuxOv10tHRgclk4vnnn8dgMNDU1KRlCAcCAS0AcurUKRRF4YMPPsBqtQLBrD+73U5+fj4vvvgifr+fDz/8EIvFwvT0tLZfRUVFPPPMM+j1+hXBltTUVI4ePUpOTg6pqamYTCZaWlqwWCxkZGTw/PPP43Q6tUzDWPr6+igtLUWn01FUVEQgEGB0dJTi4mJUVaWjo4N9+/ZRWFgIwBNPPMH58+fx+/0kJCRo/W8B6urqaGpqYnp6muTkZDo6OtixY4eWEXzw4EHeffddbdt3795l7969Wsbx/v37+eijj7SgS15enhZs37t3L+3t7TQ0NGjzV1ZWMjQ0FPN17dixg/j4eC04u2XLFrq7u1d9H2KJj4/H7XbHnBYIBBgZGWFgYICjR48CweMsLm5lX8Zw1rHP54s5XXw7XL9+XasUAHD06FHKysrWvE6Mjo6iqioHDx6krq5O64c7MDBAaWkpADk5OZw6dQq/388vf/lLbDYbXq933fN/I7Kzs3n55Ze1dc/Pz+PxeFbM19raCsBLL71ERkYG165do62tDYvFsuq8zz33HPn5+fT09HDhwgVaWlrIy8uLmncj1+aNirxW9vf3o6oqhYWFHDx4kJmZGfr6+oiLi8PlctHd3U1cXByvv/46JpOJS5cu0dXVRXd3N9u3b+eNN95Ap9PFHHgjxNcp0WTEsehh0e3lbt8EHq+fYzvL2LO1EKfLy396v5HmLgv15TnYF9ykmxN48YkafP4Al5oHSIgPnmtXWoOfnX9+cg+5Gcl8erWL6/eG6bdYyUxN4tVjWynOTSMzNZEEk5FLdwbpt1jJy1warPHnJ3dTlp+OY9FD28AkBoOOv3p9PymJJj650smNUBDYHwhwbFc5RoOe+opcvD4//8dPz9M3Gj1Ypao4kz9+pgGDYWV+mNvjA9Cyl5s6RhmdmtOmH9pesun3sqY0i7L8NLaW5RBnNDA7t8jwhJ0pq0OygIUQ4hGRb1ZCCCGEEEKIR0LrmhsruPqAAUut0LKqMO1XsHiC5Zz9oUxZZVl8VI1I2FUVBZ2qYESlIB6yDJvZGSUUj1VCwd/lQeCorW6oEvSKF6atMxQUjgwwh9cZMfs3kV4fzCbx+XyrzpOSksL4+DhXrlyJyvyKFQyBYHZtIBDA7XZHBTUB5ufntW0VFRVpJUQjyw+Hs/QKCgq0fSwoKMBms0UFgHNycrT9Xy4rK4uhoSFu3bqF0+lEVdWofY6Li1sz4Oj1ehkaGuLpp5/W9qG4uJi+vj6Ki4txuVy43W6ysrK0ZcxmM6+88oo2/8TEBFevXtXeD6/XSyAQwOfz4XQ6yc7O1paNLKXqdrtZWFjg4sWLWtahqqqoqorD4VgxfzhAFPkeGo3GVf9OExMTaWpqYnR0FJfLRSAQIDk5edX3IpbFxUXMZrP2OBAI8NOf/lTbV71ez86dO9myZQsQ7CMc63gJPyfBpG+3lJQUkpKWstMSEhLWvU7YbDYAraRzWVkZP/7xj1EURcsCDpdb1+v1xMXF4fV68Xg8657/GxEeIBG57nBQNkxVVebm5jAYDFpg+eDBg+zfvx+dTkdnZ6c2byAQwGazodPptIEa4eoJkde1sI1cmzcq8loZ7knc29vL5OQkhYWFVFZWkpOTw9jYGBC8foavJ8XFxXR1dWn7uNlrhRBfFac7eH4mmIxaRu6F5gEuNA9o81jnF0lKiGNLYQa9o7P8219doqIwg9rSbOorclFVmLU7MRp05GYEj/UXDlVz4kAVOp2CPxCga2iK87f6mHO4CV1acHuXzlNFgbL8dABm5xZBDZZkTgn1102MXxrUYTToyUxN4oubPXx0sR231x9anz/qtRXlpMYM/gLEGYPntisUCO63zHKvb1Kbvq0idzNvIwCF2al81tjNZ409OF1L173I1ymEEOLhkn8NCSGEEEIIIR6BWIWJlehpavSk8M10CGfmrrJ4BD8Kw26Vi7YALjWY+augEtUQeNnPAKBTVcyKj6PZBtKNCno11v4GF1AJpvEqkeWatX6/EcHfZc2BFW351XZfC5FHTAtn/IYzgZWldUcGh0NP6kJ9gEN7GftN+hqEg3jz8/NRz4+MjNDR0UFBQQHp6elcvHiR1NRUnn32WZxO56rlUAEtQJyUlMShQ4eipqWnp9PX1weEjp0YwoGKyOnhY26jPSfv3LlDS0sLJSUlHD9+nL6+Pjo6OtZfMGRoaAi/38/nn38etQ96vR6fz7fufkxPT3Pu3DmOHz9OcXExer2eX/ziF1HzrLeO48ePr8hWjAyi3a+LFy+iqiovvvgiycnJtLW10d7evuHlA4EAc3NzUb1YdTodr732GhAM5iYlJUX9/a1WMnpubo7k5GTpJfotV1dXR319fdRzk5PBAMVq14lYGexf1fn/oGLtp6Io6HS6mNe9WPNv5NocOQhjo+Lj43nttdfo6OhgeHiYjo4OOjo6ePrpp7Wg94Nce4X4Osw5XDgWPRgMOtLNCQQCweP2yI5SinOXKn3oQsf2D5/fSXO3hfb+SToGprjbO8HIpJ0TB2L3tdfpgstdah7k0p1Bakuzef3JEu72jnOzfTTmMrBUGEa3yvcdl8fHL0834w8EOHm4lqy0JP7xdzdY9atuDJmpiYzPLDAxu0B1SRZvPr2dN5+Gf/jwRlQm8Ga8f/4eA2NWju8qp7I4k0+vdt33uoQQQmyMfNMSQgghhBBCPBKKqqAEdKgoBJQAAcWPXwdenYJXUYI/w38UBZ9Op/1ZMT28TOiPT9HhRYdP0eHXKfh1Cj49BBQ9fgz4dXr8ij74M/wn9FhV9PgVHX6dLhTYXe+FRPweTsBVYk1XV8y71trVUCBXpwZQCAT/dRbap5jrA1B0oKgoqg8UlYCi09bzTeoFnJ2dTXx8PHNzc1rAxe/309raqj0O96ctLy+nqKhIy7pbzu8PZqykpqaiKApOp5PExERKSkrIy8vD4/GQkpKi9YINl3hVVTUqMy9cljlcQjUQCGg9Mtcq2RwpvM91dXXk5eWtyBT2eDxr9rDt6+ujvLyc1157LeqPoigMDw9jMpmIj49nZmZGW8bpdHL16lX8fj/j4+OkpqZSVlaGXq8nEAhogXGDwUBiYqJW8no5k8lEQkIC8/PzmM1m7U9CQsJDCcKMjY1RXV2tZfJtNsOwq6sLn8+nleENS0tLIy0tjeTk5BVBrtLSUvr6+qIyKFVVpbu7m5KSzZenFI+/9a4T4XM9HCgeGxvjvffe21C/6vXO/4dFURTMZjM+n087n1tbW3nvvfcYHBxcMW9aWpp2fQC0TOb09PQV697ItTmc/R8ux+7z+dY9n/v6+rh58yZFRUW8/PLLWpn2wcFB7e9kampKuyaHr8PhfXQ4HDidzs28TUI8Uv5AgDPXg20M6spyMBr05ISyd6ftTqpLsqguycLnD5CXlcLY9Dy/v9yBUa/nRy/s4m/+KDgA5V7/JIoCGamJeH0BJq0LAFxpGeTv3r1Gx+AUQxPB83x/fRGleWkY9Gt/JmeYE0ABy/QcTlfwnFqMyKidtC7g8vjIzzKzoyqfTHPipr8jbi0LVkm42T6CfSHYDiMQUPH6l7KIw1nC4W17fX68Pj+rGZ6wodMpHNlZRlFOKoHNRKSFEELcF8kAFkIIIYQQQjwiKqoCaqge81xAocPtZUYNlm4OiyrXrIbzWaOfV7X/RT8RUFVm/Aa8hAKnSihoGl7/8vTbqHLKMaO4sV5G1ORgvFWJMT2yB/DSQsqy5VesXlFIjIPiZC+eQIA5F9g8xpWlpcNvggLm+ABpJj9GvCQbv3njenU6Hfv27ePixYucPXuW1NRU3G43LpeL1NRUqqurGRkJ9qprb2/HbrdrQYvITF8IZs2ePn2a559/ntraWtrb2/nkk0/IycnBarXicrnIz8+nuLiYpKQkJicn+eCDD1BVVSv3CsGSo2lpaVgsFj744AP8fr/WEzgnJydmb83lUlNTsVgsXLt2DbPZrAVMwtlsZ86cYXJyklOnTmklZsPcbjejo6M888wzKwLO4TLQ5eXl1NfXc+vWLZKSkkhMTOTGjRt4vV70ej1msxmr1Up3dzdms5m7d+/i9Xq1IHltbS137twhOzubxMREbt++HbWd7du3c/v2bZKSksjOzqa3t5f+/n5ef/31jf3FrsFsNtPe3k5CQgI2m42WlpY1y2H7fD7m5ubw+XyMjIxw+/Zt9u7dq2ULbkRtbS2dnZ2cOXOGXbt2oaoqbW1tuFwuGhoaHvg1icePyWRa8zpRV1dHR0cHjY2NDA4OMjMzg8fjYd++feuue73z/2Hatm0bly5d4pNPPiEjI4Px8XEMBgPZ2dkMDw9HzdvQ0MD58+f57LPPyMrK0oLbO3bsWLHejVyb/X6/Vm7+448/ZmFhYdXe3GFxcXF0dXUxNjZGRUWFdj3NysoiPj6empoaOjo6eP/997XrtMlkoqamBrfbzTvvvINer+cHP/jBIwusC7ERQ+N2/svvm5i2OXC6vKQmx/PcgWBlin11RTR1jNIxMMXfvXuN+DgDwxN29tQW8tSeCtr6JrjXN8HYzDzzjuA5UxDqbXtoWwm/u9jOzz6+RW5GMgNjVowGPUXZZvrTkugbtfKHq11kpCTQORwsjR7OOF4uMT6O+vIc7vVN8h/fbyQ9OZ6hiaXBZ+kpCeh1CsMTNt75ohXL1Jz2fXi1dS5XX5FLU8co/RYr/+Gdq+SkJTHvdDPv9KDXKyQnxpGSaMJg0DE0EXzP7AuuqNLOy2WmJTI56+BXZ5rxeP2MTc9vap+EEEJsngSAhRBCCCGEEA9fKPs1WLU4GGxdVKHXr2NY1RNQFFRVDfUHDqXVqqCioKjRAWAtWKxG9L8NzR9ev4ouOD0qUrtsf5YHgTdSLTm8jegXtnL9kZS1JkbMpi7NXpqikF9pwKPquWHx0zSuLr2ccBlobTmVyswAT5QY0at64oygEIgqJP1NUFVVhV6vp6WlBZvNRkJCAtXV1ezZsweDwUBZWRkNDQ10dnYyPj7O9u3baWpqYmEhmB2Tm5tLdXU1fX19zM0FSwQeOHAAk8lEV1cX4+PjmM1m9u/frwWLn3nmGS5duqQFdgFsNptWJvXEiRNcu3YNi8WCoihUVFRw8ODBDb+m3bt343Q6teDGtm3buHv3rlZONSUlBbvdHtU3N2xgYEDrO7xceXk5586dw+PxsH37djweD+fOncPn81FcXKxl05WUlLB9+3YaGxvR6/Vs3boVv9+vZdVt376dhYUFPvroIy24Eqm+vh6v18v169e1XsPHjh3b8Otfy9GjR7l06RKffvopWVlZ7Nq1i87OTi2YtNzExIQW9MnIyOD48eOUlZVtapt6vZ4XX3yRxsZGzp07RyAQIC8vj5MnT5KYmPhQXpd4/Kx3nXj22We5efMm4+PjJCcns2/fPoqLi7VBKatZ7/x/mKqrq3G5XLS1tTExMUFmZiYHDhyIeVxXVFTgdru5e/eu9np37dpFXl5ezHWvd202GAwcOXKEmzdvMjs7S3FxMTMzM2tWNygqKuLo0aO0tLTQ2tpKQkICO3fupK6uDgj+nSiKQl9fH9PT0+Tm5nLw4EFMJhM+n4/k5GT0ev2qJfyF+Kosur0MjdtISYxjT20BT+7ZQnJCcDBTekoCPz65h88auxmesGMw6GiozOOpPRUkJcTxpy/t4sz1Hm60jRBn1LOjKo8ToeDxrpoCHC4PN9pGGBq3kZ+VwvMHqklONPHU7i3MO9z0js4CwWDx1dYhrPOLq+7nS0/U4vMF6LXMkmgyUl2SRdfQNIqikJJo4ntPbeNsYze9I7Ns25LLwJiVaZtzzXUu98MTO/nydh93+yaYmF0gwWSkviKHww1l5KQHs6FfPrKVz2/0MDE7T1VxFkaDjmlb7Gz+7z25jY8utjM8Yac4N4268hza+ic3tU9CCCE2R/nbv/1bGWYjhPhOiiwJKIQQ32ZrZWBthNU+T0rSxjOyhACi4qTBWK3KuApfLAYYxBjsWKuyIqAb8/flP1W0TOHwc+GgMaqCElCiJsdeR7AH8JNZCtsSQRczSzcccNYBAQKKwrQPPhr0MOZNCO7DinUHSFM8nKrQU5oQDGavWmdaVVFQCaAQUHToUPEGdFwe9XNlVB8R1A6/XrTHhwpcPFVuQFF1qEpwPZE9gA2G7+ZY35mZGZKSkoiPj8fr9fKb3/wGt9vNW2+99VD63AohhBBCfN2cLi+2+UUKsoM9u3/+h9v0js7y+pP1NFTGHvzxXWa1z5OemvJ174YQQnzlvpt3BYQQQgghhBCPlhIKyKKiqP8/e/cVHNeV53n+e29aJBJIeEOAIEiQIkWC3gukvCmpJFXJlOmp2dmemp6emY3Z2ceNeZid3qeNjY3Yh9mOje2Zmoru3jZTtSorlVQlSpQhxaJIAhQ9SIAwhPcmgQTS3bMPmXmRPmHp8P9EUMzMe++5J28mRTB/+f8fUOgYmjLXq02biCaW2uYYn4VQVItWy6rYeRWR0Db2WJrfIXEKWYuO4icVnXvaQDe6h6aZOXWuWiaDSAtoizKix0ZzZT02XlwbaKXM1tMLxcwaYEQrqRdxwsfcZ599ht/vp7KykvHxcfx+v9kaWgghhBAi2fWOIX5x+vqDnsai/cc/e4FPL7ZzpX2A+qpi5vxB+ke9FOQ72L6pjP/1J58+6Ckuia5r/IcfP/+gpyGEEI8lCYCFEEIIIYQQa2AhbY3kmBq6YcayC7vES1ivN1Y5a8QFoVp88rkQiiYcqKUGvSQfk2a6ceFq2unEP5YcIKc5lxbXkDndOPF7YkbloCkjWs2rUMknjq4JrEXXOY5sNqJVxpnPsJ4cPXqUy5cv09vbi91uZ8eOHRw6dOhBT0sIIYQQD6nGLZU0bql80NNYkuO765iZC9DZP46uaTxRV8bLR7fhsFn5j3/2woOenhBCiIeEBMBCCCGEEEKINaERWec3FuiaUWdyMrpwANF+zpFA1oiVwyZtjz9Y6eaAkfFV3OLBemoYbI6lMIuRsz8J87iMu2atXM5QLRw3uIZhNnBOWT84wzrGWjQQjxRCa7FH1r2NGzeycePGBz0NIYQQQog1U1aUz5+8vPdBT0MIIcRDTgJgIYQQQgghxJpJWYo3XdvllDbN0bVvtaTK1pQBVKRCOFr5G1sDOHJI3DHpKoIViRW2i5CQ8WYIZlO25ZA2FNdInX/cuWKZ+GK7ZQshhBBCCCGEEGJ90XPvIoQQQgghhBDLEJdspoSnWtJtjWjgay6ku/CYZizsax6jLeyjIlW0kR7TxkJ4mnweko5f9HNIkm7+Sc9lSeGsuXPcYMnz1sj8fIQQQgghhBBCCCHiSAWwEEIIIYQQ4v6Jb+McXdM2sYWyhoaBHi11jSwBrAADlEoJVpU5qA7KiH8w8ZwZ1ulF01DRMyRnqub9TGluuvbSZkCrULG2zOkGT8ss/zXHiF/7N3EMqf8VQgghhBBCCCFEZgrgFAAAIABJREFUehIACyGEEEKIh89isi2pgHykJLxcWlyZbEKIqpFPmHqbQamm0FVk5eDYCrlaSvqrMICBkIWugEZIWczh076FVHSQaO/npbaANp9IrPI4Ydy423rqIYsRaWEdC8fjjszUxjrr2sNCCCGEEEIIIYRYryQAFkIIIYQQD4RSiomJccbHx1EqKcVS2UMzBeS786moqMBiifxIqy22pa+4j5Je1+Q2xkk0ZZCvGTxp02nQFToLFb6p+WfkkSAaVwLQFzQIqUglsIodmFxdrKlowKqhaQtvsixTSnoWsfA4zfOKW65YpX04exmwFlf8q5KT7oT1keMelPBXCCGEEEIIIYQQaUgALIRYt2bn/A96CkIIcV/Y7fYHPQVTLOjVNI1wOMydO3f45ptvUIaRsm+uQG7z5s08/fQz5LnkR9qHVlxgaTZZTlfBav6uodDQUVhUpJBWaSpa+ZtcdRsZ0QLYDQNHOExYU2Do5tnMEl9zaeFIS2XNMEALYyOMRdlTK4tTnkR8eW90WC19oBt7OOH7CNlPsHAOlfSQ+VxJrQCOC68lBxZCCCGEEEIIIUQ8+bRMCLFu5ec5HvQUhBBiXQuFQkxPTRP0B+KC4cUdq6LHJxcOi0eBSsxTk6pnF51mRhfX1VHU2zXyC3XCABioaMvo5LFiObCudJSmYcNKhY3oer2LbNUcy6GT+0zHd2vWiM1gedItRpxSASxvfiHE+tXa2sqNGzeYnZ2lqKiIo0ePUllZaW7v7Ozk0qVL5vbjx4+b20OhEM3NzXR2dhIKhaiqquLYsWO43e5FbU/m9/s5d+4cPT096LpOQ0MDR48eRdf1lH0/+ugjxsfH+dGPfpTxuWWbO8DPfvYzZmdnE4555ZVXqKmpWfwFFEIIIYQQjz0JgIUQQgghxH2nlCIQCDA7O4tSatHBbyLNPE7aPz9K4tLM5JctUwVsFjqKIg2K7Hq0O3P8uNF2z9GbKnojsgywhqb0yArDsdR2KU8h/neVeF/F/mtWIEefc85TxM033b4Jl01LOLUQQqwXHR0dXLhwgaamJkpLS7lx4wanTp3i3Xffxel0MjU1xeeff87BgwfZuHEjra2tfPLJJ3z/+9/HZrNx4cIFBgYGeOaZZ7Db7Zw7d47PP/+c119/HSDn9mTnz59ncnKSV199lUAgwJdffonL5WLv3r0J+929e5eBgQEcjsxfRM41d4D5+XmeeuopPB6PeVxJSclKL6sQQgghhHjMpH4dUQghhBBCiDUSC2o1TcPv9zPn8y0z/E0dUzyMElfXjXRyjgah6da5TVojOGfjZAUoDaUplGYABhoKi6GwKANdKXRloCkDDQNdGViN6HrCmoHSQqCFo+vzLjFKjQ+BMy0irGW8k3FQFZtHcshsniO6R66Fi4UQ4jF1584dtm/fTkNDg1khGw6HGRwcBCIVtCUlJezZs4fi4mKOHDmCUore3l6UUrS1tXH48GGqq6spLS3lyJEjDA8P4/f7c25PFg6H6erq4uDBg5SXl1NTU8OuXbu4e/duwn7BYJALFy7Q0NCQ9bllmztAIBAgHA5TW1tLdXW1+StbqCyEEEIIIdYnCYCFEEIIIcR9E2v1rJRibm6O+TQfporHUHK2aoamSWFn9M7i41gNDR1NWdBVpKLX0BVhXWFopP0V0hWGpqEbOprSUEoHLAvVukuRHNLGP7flSNf6Ofl3XTOD4LTHCCHEY66xsZEdO3aY93Vdx2KxmC2XJyYmEipiLRYLHo+HyclJDMPg5MmTVFVVmdut1khzPE3Tcm5PNjMzQzgcTjhfaWkpU1NTGIZhPtbS0kJFRUXONs3Z5g4wNzcHQF5eXtZxhBBCCCGEkBbQQgghhBBibSW1x43dnJ2dIRgMPIgZramsweViugAne4QDPpV0NbSEW9rCzYQFeFV8sStomTooq7idFKjot1uVlj5Xjp9VNEM1OzQrFQ2js/Rdjh9RS2pfHb+LSno8K5V0KzKQSn6yCev/xlqma4nbhBBinaitrU24f+/ePQA2bNgARKpt8/PzE/ZxOBwEAgEsFgtbtmxJ2Nbe3s6GDRuw2+0AObfHCwQC5vgxdrsdpRShUAi73c74+Dh37tzhrbfeMquUM8k2dwCfz4emaXz44YeMj4/j8Xg4evQo1dXVWccVQgghhBDrj1QACyGEEEKI+2ahekYx4/USCoYe6HzEfZJcIZt8O9P2mLRBauJBKlo5nDUL1QBNWzitMh9Cy3RkunbVmaYSy4W1xBA645q+CeeI3dRSq6NT2kBjBsKS/Qoh1rP5+XnOnTvHgQMHzErdWLeRZOkeHxwcpLW1lcOHD6c9Jtf2dGPGftaJbTt37hx79uzB7XbnfD655m6z2aisrGTnzp288soreDweTp06hc/nyzm2EEIIIYRYX6QCWAghhBBC3DdKLVQvTk5MZvyg81GWM4BcR1KKYjVtIeCMZya3Km7nxDg3/aXTFv6bK0ROe+gidoxOwyzAjR2WoUJXZVsTeKmSq6NVXCgshBDrnGEYnD59mrKyMnbu3Gk+rmla2p8vYi2iY2ZmZjh9+jQHDx6ktLQ0Zf9023//+9+bVbzbt29n69atQGJwG7ut6zp37txhfn6exsbGtM/hr//6r83bzzzzTM65l5WV8dprr5mPV1RU8POf/5yurq6EayCEEEIIIYQEwEIIIYQQIqdIcLt6qVM4HGZqeuqxCoCTn0vyh7iLuX7p9l/qGA+X+AhYy/6wim5YrfB0NcW9tAkBb9aSYy1SxRt7XrnGT7uOsFo4abohElJpIYRYX86fP4/f7+ell15KeNxut+P3+xMe8/v9CS2cQ6EQn376KbW1tWnD2UzbT548STgcTjlPIBAwx/f7/WiahtVq5erVq3i9Xv7+7/8eiITWhmHwt3/7tzz//PO8/fbb5th5eXl0d3fnnHs8XdfxeDxSASyEEEIIIVJIACyEEEIIIXKKhZmrFUDOz809Vh9Wpguykx9bTtidboxHLwSGWHqpWFh3N81mYhXAKvrgw5JvZst4E9fnjXs8V9vojNIcl1IJvHD7Ybg+Qghxv928eZOuri7efPNNbDZbwrbi4mI6OjrM++FwmKmpKXbv3m0+dubMGaxWK01NTWnHz7Q9eX1eu92O1WpldHTUbPE8Pj5OUVERmqbxyiuvJPxd3t3dzZUrV3jzzTdxuVxm2+rFzv3ixYsYhsHRo0fNfbxeL/X19ZkvlhBCCCGEWJckABZCCCGEEDmtSvAYXa9UKZiZnWV+bo5Via+WOsRq5qdmR14NhUIphWEY5u+x2+aHv0uaq4q0TNY0dF3HYrFgsVjMrY9UEJyuwjV+W9oNuR6NHJxwuFpYGDfjmr4JxyU2qc5+TNKctOwv55Lf2dFrZM5Liy8zNs8KykgIf2NZc9pgXQghHkMDAwNcuHCBZ599Fl3XzS+U6bqO0+lky5YttLS0cOXKFerr67l16xa6rlNTUwPAN998w8DAAK+++mpCta3VasVut+fcHk/XdbZs2UJzczP5+fmEQiFu3LjBrl27ACgoKEjYPy8vD03TKCwsTPvccs29traWjz/+mIqKCkpLS80W05s2bVrhVRVCCCGEEI8bCYCFEEIIIUROk5MTeDxF6LoWiaOS0q20YaRSzMzMcOvWLQzDSNg0MTFOIBhc0ZwmJsZpaWnGZkvfFjGZ0+lk67ZtuKLVO+nyslhQaz4fpVAowmGDQCCA3z9PMBgkFAoRCoUxjDDKUASDQXxzPnyzs8zNzTM3N4ff7zf3DYfDZhic6dzpaJqG1WbD6XTidrspLi6isrKKyspKnNEPkRfmHjtmkYPfByol+VU51+rVYrvEt11Ou+tC+Bv7PT4yVbFx4itlY19C0BJH0LL3ck7dGh/+ZmgFramF8Db231yh9EIbbCNuPC2xyjgueX6IXmohhLhvYj9XnD59OuFxj8fDO++8Q0FBAc899xyXLl2ipaWF4uJiXnjhBbNS+MaNG/j9fn71q18lHL99+3aamppybk925MgRvvrqKz766CN0XaehoSHjmr+55Jp7dXU1TU1NtLS0MDMzQ3FxMS+//DIul2tZ5xNCCCGEEI8v7S/+4i+ka5gQYl0KBAIPegpCCHFfZFo3brEmprz86r2fsaWhgUOHDuF0OknuZpwpAB4cHOBXv/wVoVAwpUPualnsD7PFRcV869VXKauoyDiHWEAbDofp6emhu6uTyclJfD4foVDIrOo1lEIZhpkqGoaxEAivYhCrkm5EqpsclJSWsauxkS1btmC1WqMtulfvvKslvj7XQGMQ+MxQdFssKHQSElwFmlKUqzDPWmGrAh1QmhENbrXEJ6ciqagWXZQ3sl8kPI0rBE4JgAGzZFZDi/4Oykyek59D7BCFoWkMhzV+NxxkIOwgIQlWsV8GRYR4vVpnk52FsclQYWwWhys0IIjOmVGDP47oKGVJHT+63/EyP89usEY6TWsqZfTktqJCCCGEEEKsRxNTXoo9Bbl3FEKIx4x8KiCEEEIIIXKanJikpbmZ27dv8+KLL1JbW4tFj7QjXmwAu1a55FqMGwqF6Ozo5MaNayjjwX1fMrFBMRiGgc83h8/XQ/9AP0/ueJL9+w9QVFwUF8Iv7oqEw+GEyuSUdtWrID4AVmj4gLBSYLFihqcJAafCUAY+i8JrBsAKlEoNgOPG16LhsdJitbzp2icvnCbWtFvDiK5LrMc6bqfbOZIrKzA08BkaYV8IwgFSFuKNBsAGIeZmdbz+pQfAIXQCswrmdYiF5AmlzpFK4aAviNerSwAshDBp0WUDYksHpFs+QAghhBBCCLE+yKcCQgghhBAip1gwNuud4dNTn3Dw0CEaG3djsegPdmKrTNO0SGVpmmLQ2KbY79keW/15kVB1rQFGKEzrrZvMzMxw6NAhqjdsyLkucDgcjravDlFQUMCGDRtwuVwJv9YqOFTADHACmNT0xHw27rnlK0Wdpihh8eF+cjvm5OA8skmLC6STT7641X8V4FMah2fDzChr6kYApXBqBtvyNTzLyFwMNA75FL2+WIid9ESit2tdITa59Yzz1vXH68+mECK3UCiEz+fD5/MxNzfH7Owso6OjeL1ebDYbVqtVwmAhhBBCCCHWCQmAhRBCCCHEomkazM7O8PX5r1FKsWfvXnTtMQqa0hS/xmeqsdu5HlsLWlKqqQHhsEHPvXuEgiGaTpygsrIybWoaCoUIBAKUl5dTXV1NVVUVDodjbSecjpmYx+6TuL7two7JD2QVRmNeEWnNnTBGygSItVCOtX6267CsK5E8xQxrAS9b/PiZbgshRByr1UphYSGFhYUJj8/PzzM4OMjQ0BAjIyM4HA7pEiCEEEIIIcRjTn7iF0IIIYQQOamkO/Pzc3x19iwej4dN9fXo6GvX4/l+SRf+Eld5+7A8v/h5qEhb6L6+XlqaL/HUU0144tpBh0IhwuEwdXV1bN26FafT+WDmnE3GEHhxDGBSKXqCBvNaZE3fCJXwm0nF2i0rbCiqrBo1Vh1tKSdfxJzVCt4vWvyNTCGwEEIsktPppL6+nvr6erxeLzdv3mR0dBSHwyEVwUIIIYQQQjymJAAWQgghhBDLEg6HufLNN5SWllJY6DHXjs3VhvhRsorL4a653p4e7t5tZ/fevdhsNubn5ykpLuHgwYM4nA+g2ncpzEA1br3fJRwKENY1wujRKuM0Y6eIVAIbCYvsLkNKSKutOKBNCI8zhMCPz58yIcT9VFBQwNGjR5mYmODmzZt4vd4H0xFCCCGEEEIIsaYeo359QgghhBBirWhxv+INDg7Qc+8eShkPYFarLOkJqvjHHoG0zR8I0NnVydjYKL7ZWTZv3sxTTU89VOFv9ssYn2wuPpBNbPmspdxMuR9XXrtqL23a8VNnuCjpdk/zXNSj8KYUQjy0iouLaWpqYtu2bczNzZlf4hJCCCGEEEI8HiQAFkIIIYQQSxJf4BsIBGlvb8cwHoMA+BGnlMH42Di9vb0cO36cXbt2PegpLU30jbWsCCJT+JopI11pdprpiwGrkcnGCojThdjxdxPuSxgshFiehoYGDhw4gN/vl7/LhRBCCCGEeIxIACyEEEIIIZYlFkANDQ0xPj7xYCcjAA2rzcazzz5HUVHRg57M8pjh5xIDzeSWz2S4n3R7Verdskx11ceXnFcIsQaqqqpoamrCMAxCodCDno4QQgghhBBiFcgawEIIsY798fo9Pm/pzLh9d0MVrzdtv48zEmvtHz6+wuTMPD/+9kGcjuw/Bvz2bCs3Oob4ztM72Vlffl/m9//86gIT3jn+7bvHKHA9PG1rRar4fG7eP09vXy+lZaWP1fq/j4L4y63rFn70ox9R4HYT8Aew2+0PbmLLlnHB3sUdmmmYDOvorlqgmjDmGrRRXYs5CyFEnMLCQg4fPsy5c+ewWCzy97kQQgghhBCPOKkAFkKIdaww30lthYfaCg8etxMAd57dfKykMG9F4//n31zkf/vbL5iamV+N6YpVMDUzz8xcgFBYWvyJ1aFFg6n+vr51uX6gWuVfy56HUrzzzjuUl5cTDAYJBPyP7uuxnNAhXZXsEiqBlyVji+ZVDE2k+lcIcR8VFRWxf/9+5ubmHvRUhBBCCCGEECskFcBCCLGO7dpcwa7NFcBCNfD2ujJePrrtAc9s+ZRSD7xi4WGYQyb/4o1DhMIGLqftQU9lyR7m6ypg2uslHA6j65HvF8bCRwWRVruKhABLMzeyrGBLpanmzPb2SCgGVaBQaQ9IDU21lMe06PPRdR27zYbNbsdus2G12bBaLVgsFnRdR9P0Rb9ng8Egk5OTzM7OopRhPrXFUEpx4sRJntge6dgQa+G5Lv/MpAt9F1MJvNJzrvaYsbGyiv9D9YiG/UKIh051dTUNDQ10dHSQl7eyL4MKIYQQQgghHhwJgIUQQmRlKMXZK91caRsgGDbYUFbAS4e3UupxAXCnZ5Qz33Qx7p3Dnedg/xPVHNu1kf/zv32FPxBZQ+z//uXXvHr8CfZtq057jkAwzCeX7nL73igA9VVFvHRkK+48O3/z4WX6R6f58esHqSxxc/XuIL/76jZ7t1Xz2vEn+MdTV+kamOB4Yx1X2gdo2rOJxi2VfHrpLu29YxiGoqa8kBcONZhz7h2e4rOWTobGZ3C77OzbVs3RnRszhkc9w1P83e+/oa4qsqZm/+g0pYUuvv3UdipL3Ob2zRuKUQqGJ2b4n77/FL75IKcutHO3fxyrRWdrbSnPH9yC025lPhDKOseBMS+fXrrL4NgM7jw7e7dFrmvYMPg//v4MxYV5NG6u5FJrH5oGxxvrOLKzFoDxaR8fX2inZ3iKPLuNXVsqeHrfZiy6xn/+zUW8Pj//7nvHyc+z09k/wRffdDIyMUuew8buhkqe3rd50QV4X13t5stvuti1pZLBMS9TM/Ns3lDC609tx+mwEgiG+aylg9vdowRCYapK3bx4eCtVJW4A7g1N8vvzbXh9AXZsKkuoTF7OdRUPTjAQJBQKYbMlfrnA4XCycWMd4VAYABVtjzs7M8P42Hhckrt0LpeL4pJSrBZLlra7Cwu95rvdZlvkdG/x+KBX13VKS0uor69H0zSsFis2mxW7w4HT6STPmUeeKw+73Y7VZsNms2GxWLBaLOhmAKwtKoBVShEKhRgfH6eluZne3l4MI7zo61BRWcmzzz0XN55B2HhcqvyTvjmQZa8E6Vomp3mLLDsfzxYsxz20vOEVKl3lb+xSKNamzbQQQkTt2LGD4eFh/H4/Vqv8fCWEEEIIIcSjSH6SF0IIkdXpS3e5eKsPj9tJcWEenQOT/LdPrvGvvnuYqZl5fvXFTfLsNvZvq+Zu3zifNXfgctg4tKOGltv9zPmD7NtWTUWxO+M5Pr7QzrW7gxQV5GGz6rR2jzA7F+Cffmvfouf5x+v3sFktWHSNUxfaud4xxNbaUlxOG1fbBxmd8vFv3jrKhNfHP566SihsUFvhYWzKx2fNHYQNRdPuuqznuDc4SUNNCbXlHroGJvj1l7f48+8cNrd39k8AUFSQh1KKn316jcExL1WlbsKG4krbAP5AiLee2Zl1jl6fn3/4+CqhcJjaCg8T03N83tKB3WZh79YqACam57jcNkCpx0Xv8BSnmzvYvqmMgjwHPz99nYnpOarLCpjxBTh/vQeLrvP0vvqE5zM+PcfPT1/Douvs3FxB/8g0567dw53n4OCODYu+9gC3u0fYsakcDWjrGeWzFhuvHn/CfG2rywoo87i41jHMe6ev82/eOoKhFL/8/CZz/iAVxW46+yfw+vwpYy/luor7L5aZho0wRprQsbi4mG+//npSPqZobW3ls08/JRQOLy8k06Cquornn38elys/Omra3VK2KdJXxmraQrWv3W5n79597N27d2EkLV2FcJYpxo2X7nzxYzkcDvLz87FZrfjmfIyOjCzqHEopXnn5laTHIiHwI9sCerVkCn5Xq2g2eRwznF3huNnOFze+WqvzCCEE8OSTT/L1119LACyEEEIIIcQjSn6SF0IIkVEgGKblzgB5Dhs/fHEPNqvOF5c7uXZ3iM6BCUJhA8NQbN5QzIuHt7K7YYZbXSPYbRae3ldPa/cIc/4gT+2uw+N2crNrhFudw+b4R3bVUlro4lrHEG6Xgz9/8xAWi85/fb+ZnuEpZucCi57r0/s381RjHZoGl1r7AXjxcAPFBXmUelzM+0MEgiEutfYTChuc3FvPib2bmPTO81e/ucD56z081VjHmStdjEzMmuN+u2m7ebumvJDvv7AbgJ9+0MzQ+Ay9I1Pm9gKXgz997QBul52ugQkGx7zUVxfzetN2lIJ/PHWV1u4RAsEwg+MzGef4TdsAgWCIpj2b2P9ENb75ID/9oJmr7QNmAGy16vzLNw7hdFj52afX6OgbZ3h8lgHDy8T0HNs3lfP2MzvxzQf5T//fH2ntHkkJgHVd49XjT1DkzqOu0kNH/wQ/++QqnQMTaQPgX3x2I+652hNahR/ZWcsz+zfjmw/yl++d51rHEN86to1tG0upq/Kwva4Mu9XKhHee3uEpRqd8jE75mPMH2VRVxD95eS+BYJj/+5dfM+cPJpx3Kdf1/I2elNdPKoPvD6VUQuAYH3gqpdJnbStuTxytsdRS2zSb517myLEZaxnSPC3pnJnC3mwVwLFt8eN4PB48Hg9jo6M5q6OVgs1btrCpvj7rfuuBZv4n107ctxbQsXWdl/0uTxdUr2aLaSGEyKK8vJzi4mJmZ2dTunsIIYQQQgghHn7yiagQQoiMxqZ9hMMGc2GDv/r1hYRtUzPz7KyvoMDl4HrHEH2j02yuLqZxSyU15YVpxxuf8nGnZ9S8/2R0/WGUoqrEjcUSWTv0x68fRKHQlxAO1VV6zCxp1+YKvrjcyU/ev0RdZRFbNpTw1O467DaLGQ5u3lAMQFGBkzJPPsMTM4xP++gZnuLe4KQ57rfCCyGnzWoxb28oK2BofIapmXk8bicApR4XblekvexQNODtGpjgL987nzDXyZn5rHOMHfvV1W6+utodd9xCdaxF13E6In+N5zsj5/QHQ0zNzANQU1YAgMtp43/+pyfTXrMit5OeIY2Pv25j3DtHONp+2R8Mpd0//rWLtaqOsUZfO5fThsftZHzah9cXYENZAaebO/isuQPf/EKw6w+GmJieA6C+OvJa2G0WnHZrSgC8lOua7fUTayP25y7bn1Yz6FyjOajoRJLnkJybLUauls3Zwt3lrrebEB7rOjarFQ2NDLF5HMWLL76YedxlzeYRt5jQdDVCVE3LMuYqv9PTzXddvrhCiPutsbGRM2fOPHQB8NmzZ7lz507K4/n5+fzgBz9Y9ri9vb18/PHH1NXVZf37dTHa29v58ssv02773ve+R1tbGzdu3OCll16iqqpqRef64osvuHv3Ls8++yxbtmzho48+Ynp6mu9+97s4HI4VjZ2Jz+fjt7/9LaWlpbz00ktrco7r16/T2trK7OwsBQUFbNu2jV27dqHr+pqcTwghhBDicSMBsBBCiIwMI/KJc2G+k1eObk3YVubJx+W08S/eOEjL7X7ae8dpud1Py+1+3n52F9vrylLGO7F3Eyf2bkp4rGd4KmU/TctcdbcYT+2uo7q0gGsdQ3T2j9PRN871jiH+9LUDWHTNPEdMLGTRdY0fvbw3Zbxx71zKY2Ej+wf8se1ba0vZ/0Ti2seefEfWOcbW7jzeWEdtxUKYvpRAPF6mUOre0CQffNVKWVE+7zy7ixlfgA//eDvjOP/+nz2zqPPFtwF+/2wr3YOTnNi7iS0bSvjk4l36R6ej84rsE3tNFiPXdU33+omHQPSPi/lWVFq0f+1K/qQvVFhmkjJ2rhAtTWK8nBB5OTRNi/ZuXtz+CtjV2Ehl5co+NH5spav2jb+fsvMyQttsLaBX+9sO6dY0FkKINebxeKisrGRycvKhbAXtdrtxuRa+lBh/+2Fht9spKipKeMxisTA7O0swGGR+fn7Vz+n1epmbmyMcDq/62DGhUIi5uTlmZmbWZPzz589z8+ZNdF2nsLCQmZkZLl68yPT0NE1NTWtyTiGEEEKIx83D9xO8EEKIh0ZJYR66ruH1+XHn2akqLcAfDNHWM0ZRQaSlc9fABAeeqKZpzyau3R3ig69auX1vNCEADoVT1wWNKS10gaYxND5D2FBYdI1ff3mTkUkff/LiHuy2SNXtnD9SlRpfRZpOMGRw6mI7BS47b57YQThs8F8/aGZwzMvkzBxlRfl0DkzQ0T/BhrJCpmf9jE35sNssFEUreTPxzQeia2sqeqPBdZE7L22VXnlxZE3S4YlZNlZ4cNitjE768PkD6LrOh3+8k3GO5UX5dPZPMD7t49kDmwFo7R5hY2VRynlSrme0Mrd/1AtEKm3/7vdXyM+LtPGO1zMcCWJ31JXRUFNCW89YzvEzibXrnvTOMzkzj9Wq486z0zs8ja5rPNVYh8WiY6iF90JxYWSug2P3wzaEAAAgAElEQVSRD44MpQiGsn9Qle26OqTV88PP7Ier0FArzrESjs+VBC8jkFPxA2dZcNVsF73sltZxwa+22ARYsXnz5mWe73GkoWGgozCi93PsjqYi78NlnCr1fkIIrK08pE13vLR/FkI8AOXl5YyOjj6UAfCuXbvYtWvXg55GVlVVVWmriZuamti/fz9ut3vVz/nWW28RDodxOrP/22YlCgsL+eEPf7gm74upqSlu3ryJzWbjzTffxOPx4PP5+PWvf83t27dpbGzE4/EsaUzDMKRyWAghhBDrzsP3E7wQQoiHRp7Dxv5t1TTf7ufv/nCF2vJChidn8c1H1m112ixcaRvg3uAkOzdX0DUwAUB1aaT9cKHLwdiUj19+foOmPZvYGWv5HMfltNG4uYLrHUP85LeXcNgsDIx5qS4twO2yU1XqpmtggvfP3qKk0JWw5m46NqvOyMQsV9oGmJqZJ89hY3JmHpfTRmG+k8M7a7h8p58zV7rpHpxkdHIWw1Ac27MxZ3gzPDHLT96/BEoxPh0Jk2srCtNWMTfUlFBZ4mZofIb//JuLlBfl0zMyhSffyZ9/53DWOR7cUcM3bYPcvjfKf/ntJZx2K73DU+x/YgMvHm7IOscnNpZRXJBHa/cIf/vRZWbnAkzOzHN0w8aUfcuiYXHLnX7Gp+fo6B8HFiq/l6L5dj9DE7NMRKul9zRUoesaJZ48RiZm+fnp6wRD4YWw11A8sbEUl9PGza5hFAqvL8BMjnWfc11X8ZBKF5hFg+DVGHpJ678ucp/UNYUXvuoRDAaZnZ1lZmaGYDCIkeVLLosWDX4DgQBer5fFXJsdO55c+XkfAxqQD9RoGkENpoHJWKaepv2zpiBfU5TqYFUa7sWG7ubZ0o+bubp4qaKD5WxnLaXAQqwnly9fBmD37t2LDt1CoRDXrl0jFApx+PDyfk6qqqri2rVryzr2QTEMg8uXL3Pnzh1CoRDl5eUcO3bMrMTt6enh0qVLTE1NUVBQwJ49e9i2bWHZkFAoxJdffkl3dzf5+fmcOHGCiorIv2OuX7/OrVu3zLbE+/fvZ8uWLUue45kzZ8y2zZs2beJv/uZvKCgooKGhwax83bNnD42NjQD09fXR3NzMxMQEDoeDrVu3cvDgwbT/fvnFL36Bz+fjhz/8IT09PXz11Vcp++zevZvDhw/nHPfatWvcvHmT+fl5SktLOXLkCBUVFUxPT/Pee+/h8Xh45513ALhz5w5Xr15ldnaWoqIiDhw4wMaNkX+DvP/++4yMjHDs2DGuX7+O3+9n06ZNnDhxIiWY7e6OLIFTX19vBr0ul4sdO3bQ19fH9PQ0Xq83pV33z372M2ZnZ/nBD35AW1sbLS0tbN++ncHBQYqKinjhhRfo7u6mpaWF6elpc8zdu3cDEA6HaW5u5u7du4RCISoqKjh69ChFRUWEw2F+/etfY7VaeeONNyRMFkIIIcQjQQJgIYQQWb14ZCt5ThtX2ga5NzRFSWEeLx5qoMDloMDl4PWmHZy/0cP56z24XXZO7q3n0I4aAE7uq2dydp6pWT+BLJWdrxzdhkXXuH1vFK9P8URdGS8fibScPrZrI6OTPu4NTTIzF2DftmpabvdnnfO7z+3ik4t3udMzhlKwscLD8we3YNE1PPlOfvDibk43d9A3PE2ew0rTnk08tbsu57WoLHFT4HLQPThJVWkBbzTtyLivrmn88MU9fHrpLu194/SMTFFTVsjzB7fknGOR28mPXtnL6Ut36RuZxmq10Lilkqf31eeco65rfO/5Rk5daKdneAq7zcKRnbU8k+bY7XVlPLW7jm/aBrg3NMnRXRv54nInkzNLb0W3fVM5E9Nz+IMhtm8qNyuXv3PyST48d4e+kWlqywvZsamc1u4RJrzz1FcX8/Yzu/jo/B3u9o2zZUMJG8oKzRbRy7muQqyW+HV5AULBIL29vVy/fp2+vj78/kB0v0jn5oXjlne+WLVx7PBcw1RWVq5pZc+jREORBzg1CEev4RRxVzMpnNVQuJSiStewaiuoRM/YAlqhmfntKpTsrsUaxkKIR878/Dxzc3NcvnyZ/fv35wyBQ6EQly9fxuv1kpeXt+zzOp1OCgsLCQaDWCyWZY9zP124cIGbN2/idrspLCykv7+fP/zhD7zzzjvMzs7yySefAFBRUcHY2BhnzpxJaB/d399PcXExLpeLyclJzp49y9tvv01bWxsXLlwgPz+fbdu20dnZyRdffEFRURElJSUrnrfX6+XOnTsUFRUxPDzMxYsXqa+vJxwO8/HHH2OxWNi8eTOjo6NcvXoVl8vFzp07s47pdrupra0FIgHnwMAAAGVlZUxNTWUdt62tjYsXL2K32ykrK2NoaIiPP/6Yd999N+U8bW1tnD17FqvVSllZGSMjI5w6dYrXXnstYY3jS5cuUVZWxtzcHO3t7dTU1NDQkPgF1+npyL8FCgsLEx4/cOAABw4cACLrNS/G7du30XWdsrIyJicnOX36NA6Hg+3bt9Pb28vFixdxOBw88cQTnDt3jra2NlwuFx6Ph76+Pj788EPefvttNE1jZmYGXdelmlgIIYQQjwwJgIUQQgCR9WaPN6aGoLqmcXJvPSf3pg8fdzdUsruhMu22mvJC/vV3j+Q8t91m4bWntvPaU9tTtuU5bHzv+caEx145uvAN/T95aU/yIeTn2fnO05kr4+oqi/jT1w7knNdi5gKR8Dbd+rgup403TqQPiXPNsarEzT/JsJ5t8rleb9rO600L167U4+KHaa4LwL9991jC/Wf2b+aZ/QttZOOD8DdP7ODNDPNPVlmcz9vPpH4AVV6Uz3//2v6Mx22s9GSs3C1wOZZ8XYVYqcTKX4XX66Xj7l1u3brF2OioWSGvsRD2Lrvzs3nOhSxxMWMppdi27YmVnfSxktzIWVuoCk8OZ+Nvx9o1r2aaGt8CejULdNOFwFIALMS6snv3bjPQzRUCx4e/NpvNrHBcrqqqKjo7Ox+6APjrr7/m66+/Nu+fPHmS+vp6WltbcTgcvPLKK1itVpqbm2lvb6e/v5++vj6UUhw7doydO3fS1dXF6dOn6erqYtOmTUAkGH799dcJh8P8wz/8A5OTkwSDQTweDydPnqSiogKPx4PD4eDq1av09/dnDIDv3bvHT3/6U/P+1q1befrpp9Pua7FYeOutt3A4HPzhD3+gr6+P8fFxiouLOXHiBAUFBVRVVdHb28vHH39Mf39/zgC4pqaGmprIl3P/+Mc/MjAwQH19PZs3b8br9WYdN1b5/dprr1FSUmKuy9vf309ZWVnCeWL7vvTSS1RXV9Pe3s6XX37J1atXEwLg559/ntraWq5evcqlS5cYHR1NCYCDwciSPzabLetzW4za2lpeeOEFLBYLnZ2dKKWoqanh2LFjjI2N0dHRgd1uZ35+nra2Nux2u/kanD17ljt37tDW1sbu3bt555130HX9oWyHLoQQQgiRjvzUIoQQQgghBInhr2EY9Pb20NzczODAAKFQZB3ylYa96SxnyOrq6lWfx6MsvtpWxT2SEvzGdjAvukqzw2IklBQnZcgqaY+EEy5epgpjIcS65Ha72b9/f84QODn8XY11Zj0eD4axCssdrLKCggLy8/PN+3l5eUxNTWEYBn6/n1/84hcJ+3u9XiYnJwHMls719fX86Z/+KZqm0dfXB2B22LBYLNjtdoLBIIFAgLKyMu7du0dLSws+n8/8uSEQyLyEicPhoLi42Lyfbe1aXddxOBzmc4mNXVBQwODgIOfOnWN6etp8LbKdN1lfXx+3bt0iLy+Pp556CiDruEoppqensVqtZrh97Ngxjhw5gq7rZpUuRH5mmpycRNd18+eTWOvn0dHRhHnEnlfs91jYGy/2nk63bakqKirMLy5UV1fjcrm4e/cuw8PD1NTUsHXrVioqKhIqo2OvwcaNG7lz5475HNZivWYhhBBCiLUkAbAQQgghhBAktn3u7LjL2bNnIx9wqtj2+zCJRWaF7oKCNZ/Ko0WLtF3W4oLfLPuCAqUtIZZNV4Kb5q5Ks+tKpQuuJQgWYl3KFQKvRfgLYLfbkzpkPBx27tzJrl27Eh4bHh4GID8/n+PHjydsKy4u5t69eynjLLad75UrV7h69Sp1dXU888wzdHR00NramvWYyspKc43a5RoYGODMmTN4PB5efPFFfD4fZ8+eXfTxfr+fM2fOAJEq6VjAvZxx010rTdPQdT3tesTLaZUca/3s9XoTHr927RpDQ0Mpr/liOZ1Ovvvd79La2kpPTw+tra20trby/PPPm4F0/HOIveel3bMQQgghHlXyU4wQQgiRQ6zFc7p20+td055N/Pt/9gxNezY96KkIsSJKqcgvw6Czo8OshoFI8Jsu/FWr9UtLW0CaVWGhBMAxkeuoUFrkVnJD6HQpb6RFtAEYLC5NVUm/Z3C/2jJL+2ch1q1YCGyz2cwQOBQKrVn4C5Eq1ocxAE7H4/GgaRo+nw+Xy0VdXR1VVVVmJW1RURGwEBQPDAzwy1/+kubm5pxjDw0NAZHguaqq6r61xI6dd/PmzdTW1poB7mKdO3cOn8/Hjh07zPWAc42raRqFhYWEQiEmJiaASAD7y1/+ku7u7oTxNU2jqKiIcDjM4OAggFlNHV/9vFix6uHu7m5mZmYA8Pl8XL16lXv37uF0Os320H6/H8D8M5BNR0cHly5dora2ljfeeIOTJ0+a54m9b0ZGRszK6v7+/oTnMDs7i8/nW/LzEUIIIYR4UKQCWAghhBBCiKiRkREuXPiaqckpUNmrflc1g1viYHl5rtU8+yNNS3Mr4W5y5ay59u8Kz5mx0lfLcHuxYiXniXelBbQQIiZdJTCwJuEvRConH8YW0Ok4HA527NjBrVu3+PDDD6moqGBiYoL5+Xmqq6vZuXMnra2tXLhwge7ubsbGxggEAhw+fDjn2B6Ph/7+fs6fP09hYaFZTbzW4XgstL516xZTU1NmuLqY16Srq4vOzk4Apqen+eSTT4BIO+Rc4zY2NnL27Fk+/PBDSkpKGBwcxGq1Ul5enhK27tmzh88//5xTp05RVlZmBux79+5d8vMtKSlh27ZttLW18Ytf/ILCwkKmp6cJh8M0NDRQXFyM3+/HYrEwNDTE7373O2ZmZswwOBO73c6dO3cYGBhgy5YtZsBbVlaG0+lk+/bttLa28qtf/Yr8/HyGh4dxOBxs374dv9/Pe++9h8Vi4U/+5E8euvWwhRBCCCHSkQpgIYQQQgixbsUqfyGy5t3t27cZHRlFKXV/Wj4vg4KUNR9FksW8dubn9Ut/oc38ON2hGnHfHFheKJDxKG3hxkP69hRC3CfJlcBrFf4Cj1zYdfToUfbt24fdbmdwcBCHw8HTTz9Nfn6+2e7Y4/GY25qamsyq02wOHDjApk2bmJ2dZXp6msbGRiC1VfFqq6+vZ8+eSCeiwcFBdu/eDWBWx2YzPj5u3u7v7+fevXvcu3eP0dHRnOM+8cQTHDp0yAxaS0tLefnll3G5Ur+EtmXLFo4fP47T6WRwcBC3282zzz5LVVXVsp5zU1MT+/btw+l0Mj09jdvt5uDBg5w4cQKIBP0nTpwgPz+f8fFxKisrs66vDFBbW8vJkyfRdZ1r167h8/nYt28fO3fuBCLvmyeffJJQKMTo6CiVlZV861vfwuFwYLFYcLvduN3utK2uhRBCCCEeRtpf/MVfyPfIhRDrUqy1kxBCPO7sdvuKjp+Y8vLXP/mrrPu4Cwp593vfW+QHY4rWW7f47PTpnO36Mo8AW7Y08Pzzz+PKz1/WGOZA0bLQ3t4ePv/sMyYmxokV8zyMn/EZSvEf/sP/knG7pmlsqNlAVWUV+kP0ob0CZjWNLqWYzLKeXr5SbAKKVayd8+JfhDAwoGn0AGFNS9u5WVdQpgw2WzRsammL9irAh0Z7wMCLJXFDnDxl0OAAj7b0eNkAuv3QF9BIODr+HAo2OsLUOTMHwbJmoRCPv/i2zwAFBQUJawKvpt/+9rcUyPrzQgghHkETU16KPfJ3mBBi/ZFPBYQQQgghxDqnoZRKWGsu07q/4hETX6lr3l75919TRljF90ru6t/VPZ8Q4tGUvOZv8prAQgghhBBCiPVNAmAhhBBCCLHuzc/PMTgwIB+aP47SBaerEaAmFeiuaiirkTq+EEJEJYe/+/fvT2gHLSGwEEIIIYQQQgJgIYQQQgixjilAMTE+gdc7g1LG8kZRmX8tZwyxtiK5apr+0MsfLPH2iqqMtcx3JRQWYt1LF/7G1iaVEFgIIYQQQggRs/oLwwghhBBAKGzw5eVOrncMEwwbVJW4ee7gFjaULay78tXVblpu9zMfCFFdVsArR7dRXpS/qONXOn68M1e6OHulm9oKD//dt/Yt6fiBMS9X2gaY84d465mdi7o2gWCYG53DXGkb4OWjW9lQVgjAf/ntJUYnZ9Me8+PXD1JZ4mZ61s8nl+7S1T+BxaJRX1XMC4cbcOdF1nj1+vx8eukuXQOTAGyqKuKFQw0U5jvMsZRStPeNc6VtgI0VHo7u2gjAx1+30Xy7P+35Xzy8lcNP1pjXKtn/8PZRPG4n/mCIj79up61nDAVsqy3h5aPbcNojP3Lk2i7E/RZbAXZsYoxgcDlrw8cHfZFkTtPAarVhtVoXsR5y0mhKEQwGCYflQ/tVZS7zqzIs+bu0tYZT9ow9sLQlhdNNMPsJVdJ9IcS6kin8jYmFwLF9Ll++vGZrAgshhBBCCCEebvKvACGEEGvig69audU1gsftxON2cm9okp9/eo0//85hXE4bzbf7+fKbLlxOGxXFbnqGpvj5p9f5N28dQde1nMevdPwYr8/P1zd6U+af6/i23jHOfNPF0HhkvdAtG0pyXpNgKMypC+3c7BohGAoDiZV+dZUeitzOhGPu9o2jaxqF+Q6CoTB///EVJr1zVJW68QfD3OwaZmYuwI9e2QvAr7+8Re/wFGUeF2gard0jTM7M88+/fQCAP17v4VJrHzM+PwA15YXmucqK8tlaW5pw/v7RaXzzQYoKIvOa8UUCsuqyAmxWi7mf1RJpKvLhuTu0do9QUpgHwI3OYRTwnZNPLmq7EA+CArzT04TCIZRa7tq/kYPy3fkcOnSIhq1bsdtscZtzDKoiY8zPz3Puq7O0t7cvuxpZZLCsYDbLWKs5XqZzQOp3DKRCXIh1KVf4GyMhsBBCCCGEEAIkABZCCLEGvD4/t7pGcDlt/Nkbh7DbLPy3T67S2T/BvaFJdmwqp6W1D4B/8vJeyovy+fWXN7nVNcLtnlFqywuzHl+TY3uu8Z/cVG7O9bOWTjOMjZfr+LaeMcamfFSXFjAw5l3UdZkPhLjSPkhJYR7+QJjZ+cRqw1eObku43zcyTXvvGNvqyshz2LjROcykd44tG0r4wYu7CYYM/vIX57k3NMmcPwhA7/AUeQ4bP37jEBrwl++dZ3DMy4wvgNtl50rbAIZhUOpxMTblSzjfge0bOLB9g3k/FDb4v947jzvPTkNNifnaArz7XKNZdRwzOx+k9d4oBS4Hf/bGIQD+6jcXudU1wguHGtA0Lev25PGEWCyl1JIrbeMZhkEgGIyOs5QTQ3wpprvAzYkTJ2ho2IYe/VLEoualzP8QDofMY6Xacw1oWpoe20us0k4+dK0D2vtxDiHEQ28x4W9MuhD48OHD93G2QgghhBBCiAdN1gAWQgix6gxDcbyxjqf3bcZui1SJFrkjFZ/BkEE4bDA65SPPYTNbKm+qKgJgdGI25/ErHT+mf9TLjY4h6iqLEua/mOMP7ajh333/OM8f2rLo6+K02/jn3z7Av/ruEUqLXDn3b4m2Y963rRoAd56d4411HN1VC4DNqpPvjFQYBkJhLLqOrmvRLElFVzaNBGMWSyTgeOPEDv7H7x1nZ31FzvPf6Bhm3h9kz9Yq9GiINTMXAE0zzxtveHwGlGJDeSEWi47FolNTVohSirEpX87tQqyEWsHCuUopDMOAFay/q+saVVVVVFVvWFr4C6DFViJmueXHYonUal7mlLHWIJ1NN195qwix7uTl5eUMf2Pi1wQWQgghhBBCrD9SASyEEGLVedxOnj2w2bwfCIa5c28UNI26Kg/+YKTiNhbeAjjskQ+nvHOBnMd78lc2fswnF9vJc9h4ak8d905Nmo8v5viK4tS1hHOxWXWqSgty7wjM+YPc6o60uK6vLgYiIXQsiIZIgD025aO4MA9PfqRFc9PuTZy50sVP3m9G08A3H6RpzybyHJH5x7d8zqXlTiSA3rO1ynzM6/Oja/DTD5qZ8M5TUZzPy0e2UlVawHwgsmap3Rp/3azmcRZdz7pdiAcqrgp3OTRNx+XKx263LzmYk2LOR1Dyaxxflatpa/OiJpxD3jdCrDfLqeB1u92cPHlyDWYjhBBCCCGEeNhJACyEEGLN/eHrNmbnA+x/YgOefCezc4GM+xpG6kfaycevxvg3O4fpG5nmxcNbcdoT/zrMVkmYbn7pfPlNFyNx1cbfbtqecp5srrQPEg4b7GmoSlsQGAiG+d252wA8vW8hDC8vzsdq0RmfjlTUWiw65csIq/tHvQyOedlUVURxQZ75uNNuwx8MU+px4bTbomsvX+dfv3UkaxhhKJW17YixgupN8WiK/Tlb0pq7SW1wDSOMsax1chcGSqzS1VZUVKmUivv/h5ayLVnCuc2b8mdhzaW0UF7mNU9eozf+vsbKKnSTj48/h0o8XcoGIYQQQgghhBBCrHsSAAshhFhT567d43rHEGUeFy9E2yVna4uqJ21Kd/xKxw+FDT5r6aSkMI+D2zcwNDGTsM9S5pdJz/AU9wYXqoq/Fd6WZe9ESsHlOwOgaQnVtwvbFb/+8iajk7PsbqhkZ31kTWPffJDfnr2F3Wbhx68fRNPg//39N7x/ppWN5R7crsWvsRtrP7032n465l999zCBYNisjv6Hj6/QPThJ1+BE1muja1rO7WJ9iA9CV5T7K/B6vfj9fvLz81lu2raS1tHxpzSUgc/nIxgM4nTmmdtzjZ+4XREIBAgGgzzYMG95YWIs98w+xsMWUibOelmyBMqLHznHdUlzOc27SgPtYbuuQgixtlpbW7lx4wazs7MUFRVx9OhRKisrze2dnZ1cunTJ3H78+HFzeygUorm5mc7OTkKhEFVVVRw7dsxsrZ1rezK/38+5c+fo6elB13UaGho4evQoup769cePPvqI8fFxfvSjH2V8bpnmPjw8zAcffJD2mAMHDrBv375FXz8hhBBCCPH4kwBYCCHEmmntHuGLy524nDa+98JubNHWvy6nDYuum62WAfyBILDQEjjb8Ssdv61njOnZeQD+97/70tynd3iK//TzP/Lvvn98UfPL5kcv713Uful09I8z6Z2joaaEwnxHyvZTF+9yt2+cjRUeXj32hPl43+g0oZDBttpSSj2RNYbrq4u52TlM78gUOzaVL+r8c/4gt7qGcTpsbK8rMx9XShEMGehxSW5FcT7dg5N4fQEqo5XGgWDI3O6PtoV22K3kRa9dpu1ivVl56D8xMUHrrVscPnIEm80eTZSXMG6aXZcbByqlGBwcZKB/gPxt+ZGW50ozczst4YQqdhAoxdT0NP39fXR3dzM8NMTs7OzKgull0lhYO3w5VyExo1SLCIMfXSnPJrkF9GpIrjA2H1cp+ynzesuXaYQQj7+Ojg4uXLhAU1MTpaWl3Lhxg1OnTvHuu+/idDqZmpri888/5+DBg2zcuJHW1lY++eQTvv/972Oz2bhw4QIDAwM888wz2O12zp07x+eff87rr78OkHN7svPnzzM5Ocmrr75KIBDgyy+/xOVysXdv4r8H7t69y8DAAA5H6s/3MdnmXlpayg9+8IOE/QOBAL/5zW+ora1d4VUVQgghhBCPG/m0VQghxJroH/Xy/letWK0633t+N0XuxNbNZUUuhsZnGJ6YpaI4n3tDUwDmGrm5jl/J+B63g621pea+/kCInuEpnA4bmzcUL2p+aylT9S1Ac2s/za19lBS6eOe5XVgsC5UFedF1isemfGZl5dhUpBV0bA3gxbjaPkgobLBvWzXWuPGHJ2b56QfNlHpc/Ms3D6FpGoNjkerpApedkkIXuq7RN+olFDbQNI2+0WkAqkrcWHQ963axvugWHU1bYlaW1BLXCBu0tLQwNz/P9ie2k5fnylrBn0ihW3QKCgrR0JZwXMbhmJ2d4ezZM8zMeKmrq8NmW/hzp1SkZXUgEMDr9TI+Mc7IyAgjw8PMzM6Cisausfa+K20hvPTpmyc0gBk0/EtcZ1YDHAryUViJD75jo6iEWPiRpSW9PmnaM6/2+cyLqSIPLJw+8qCEv0KI9eTOnTts376dhoYGAI4fP057ezuDg4PU19fT2dlJSUkJe/bsAeDIkSPcvXuX3t5e6uvraWtr47nnnqO6utrc/rvf/Q6/34/dbs+6PTm8DYfDdHV18dxzz1FeHvmy5a5du2hvb08IgIPBIBcuXKChoYHe3t6Mzy3b3Ddv3hzterKgu7ub4uJiysrK0g0nhBBCCCHWMQmAhRBCrLpQ2OC9z64TChl43E7+eO2eua28OJ+n99Vz+MlaPviqlX88dYWSQhe9w1O4XQ621ZbmPP6p3XUrGt9us/C95xvNYwbGvPz171oo87h448QOgKzHr6WpmXna+8ZxOW0p5xoY83LqYjsAdpuFD8/dMbc9ubmC7XVllBXlMzwxy399/xJoMDIxS3FhHjXlhYuew+W2ASA1gK4scVNTXkjfyDQ/eb8Zi64xND6Dx+1ky4YSrBadxi2VXG0f5KcfNKNFn8+2jWUUuCIfluXaLtYPp8PJSgIrM69Vips3btB68xa6xbIwYtZAN5LSuQsK+Na3XqWkpASr1bry/EzB7MwM5776ikuXLmGzLvyobShFKBgkGApmrO7Vck17zShz9WMF+NEYQDGBtrQAWClKgI1E/pGR+lQ0NBUNLFWkc/GjLZrKJlT/sgohcJZBopuUpqL7xBV7mt0AACAASURBVH498hdTCCEWrbGxkYKChS9l6rqOxWIxWy5PTExQUlJibrdYLHg8HiYnJzEMg5MnT1JVtbDMijX697WmaTm3J5uZmSEcDiecr7S0lObmZgzDMOfU0tJCRUUFNTU1WQPgbHNPp7W19f9n776C5Ljyc8F/J8v7tmjvuwEQlh4kQBJ042c4MxxzZzVaSat7V1rdUGj3Pm3obV83NnYfFArFSldXV1eruRqNNE4z0hiSIIcccmgAkPBoAO2BttXd5U1mZZ59qKrsqi7bBt0N4PtFNNFVWXnyZFah2aiv/v+Dw4cPVxyPiIiIiB5cDICJiGjbqZqOeFIFkA34wrGUuS2Va/97dKgNkXgK50dnMbccRfe+AD5zYgR2mwWJlFZ1/62OX4+t7r9ZH9+YA6TEsaH2olbLQPZc88HR/HIU88tRc1tbkxcWReCbLx7BG+fGzfWHR3pa8NLjg0WVvNWMz65iNZJER4sP+xo9Jdu//sIRnDk3hpu3V6DrBoa6mvCpJ4fN8V9+YgiGIXFjZhmAxKH+ffjMibX1j2ttp/tf9s1TCY/HDavVikxG2/qYAKQ0kNEM5MOwakFqPlrLZDKAlFAUBW63G4rFAhS0KN8sKSXSqRTSlea7R7O6/LSEAAwIGBuuABYwJGAIQEf5GNMAcq26DQD1/Vzai6q3gJZrXb6x2WhWlL9ZMKCEgC4UFLfbXnPvXl0iourWtzuens5+GLSzsxNAttp2faWsw+GAqqqwWCwYHBws2nbr1i10dnbCbrcDQM3thVRVNcfPs9vtkFIik8nAbrdjZWUFN27cwFe/+lXMz89XPbdqc19vbm4O8Xi8ZL5ERERERAADYCIiugvcThv+9HdO13zcqWN9OHWsb1P7b2X89TqafWXHq2f/3raGuuayXqU1gp9/dADPPzpQdtvBvtaaxwp4nXj19KGax3/meB+eOV56boOdjVWP4Xba8MVTBytud9isZhX1ZrbT/S//IQa3xwOXy4VUKoV8Wlay1GnNwdY9XtS111pWl8vppJQINDTAZrVCFZVi2xpj5kM5WXy78L719689oMwEd1Rho2aZW0p54z2oJSTiArhtGFjfdN4M3QEkFQVyr6bgdcq+1Mwkdu1OaW7dglxVb9GLqPQYC7qCcEI3bxeFzRJ4xHdvX2MionqkUim89957ePTRR81K3UqdNsrdPz8/j+vXr1dc37fW9nJj5iuF89vee+89HDt2DF5v7SVPNjL3a9euYWhoqGjJCSIiIiKiPAbARERERLTjXC43GpqaEAqFKr7ZWdMW8y1R8NXS1AyX04VEPL61McvMqWbWuadyOrH56QiBFIC0Ur329F4Pf0uUawGd+zDCxpporxuzxjE0CGiGsnanlBV2JiK6PxmGgTNnzqClpQWHDq19AFIIUfZ3C2Xd/59isRjOnDmDxx57DM3Npcu8lNv+85//3KziPXDgAIaHhwEUB7T57xVFwY0bN5BKpXDkyBGU87d/+7fm96dPn6577olEAlNTU/jyl79cdlwiIiIiIgbARERERLRjCtfP6+rqwszUFDIZI7sN27B86gbJ3JF9fj+ampsQCq1C1/UdnsVes7UA8b4LeMupdopbeiHXuaMZNBf06V5fkUxEdJ97//33kU6n8alPfarofrvdjnS6uKNHOp0uauGcyWTwxhtvoLu7u2w4W2n7s88+a/6eUHgcVVXN8dPpNIQQsFqtuHjxIqLRKL7zne8AyIbWhmHg7/7u7/Diiy/i1VdfNcd2uVyYmpqqOXcAGB0dRUtLS9F6wUREREREhRgAExEREdGOKaxq6ersRCAQwPJysGzr5B0jAItFwcDAIO7cuYNEPL7j81l/vF29HrRxRaGvNP/c/BrABTuuL+wtV20s1+3HEJiI7nNXr17F5OQkXnnllZIWyI2NjRgfHzdv67qOcDiMo0ePmve98847sFqtOHXqVNnxK21fvz6v3W6H1WpFMBg0WzyvrKygoaEBQgh85jOfKfrdZ2pqChcuXMArr7wCt9tttq3eyNwNw8Do6CgeffTRqteIiIiIiB5s1fuzERERERHdJQ2Njejt64MQu/srqZTZoK69ox1t+9qw0y10Czs9Sll6m/ao9cskF97eUuorSu+qdrvexxAR3Sfm5ubw4Ycf4uTJk1AUBYlEAolEAqlUCgAwODiIUCiECxcuIBwO46OPPoKiKOjq6gIAfPLJJ5ibm8PJkyeRTqfN/VVVrWt7IUVRMDg4iHPnzmFpaQlzc3O4cuUKhoaGAAA+nw9+v9/8crlcEELA7/eXhL/1zB0ApqenoWkaBgcHt/3aEhEREdH9gxXARERERLQrbDYbDh0+hLGxW4iEwzt67KJ8LFdm6/P5MLJ/BPPzc0gmkzs6n0KKokAIwVbU94qdqLitdIzCqmBW/hLRA+LatWvm+r+FAoEAvva1r8Hn8+GFF17A2bNncf78eTQ2NuKll14yK4WvXLmCdDqNH/7wh0X7HzhwAKdOnaq5fb0nn3wS7777Ln72s59BURQMDQ1VXPO3llpzB4Dr169jeHi4bIBMRERERJTH3xaJiIiIaNc0NTbh9OnTOHPmDOKxGIAdaH9cIUgTEBgYGMTc3ByuXbsGTdXWNpeZSz1Z2/rd5PpWvQUsFguamptw5MgRzM8vYPT6NRjGbiR6W2pcvM3u5jzu0th3K4gtHLdS22eGwET0AHjxxRdrPqa/vx/9/f1lt33729+uum+t7evZ7Xa88MILdT12eHgYw8PDVR9Tbe4A8NnPfnZD8yMiIiKiBxMDYCIiIiLanE0ETaIgSc23Xu7rH8DJU6fw4QcfIBQKYecCSGE23BUQgBCwOxx48sRTEELBtevXoKbSubluPZCu1M7ZYrWira0N+0f2Y2BoEC6XC6qqwWazQ02nt3bQjc6x5LvNnPT6JHIjY2RfE4UjbO6yV9mr6HmoLzEVkJCF5baicCBRuj6vFLVmUXFqwhy/7ERyLyQBiNyfhZ+Y2EvZPRERERERERHtGgbARERERLRxZTKzreROw8MjcDqdeOvNNxGNRLYw0sYUnkY2R5NwuVx4/IknYLPbcOGTT4oqgQttKWcT2VbP7e3tOHL0KLo6u+DxeCAUCyAAv98Ph8OxowHwWna5mYVspflHNlCXpdvqpEjDXBda1JlomsFpjoCEIsvvp0BCQGbz04K96yWRzV4VkT8zWXSKAoAQxWNuKpddHyqb94vcdZYQMnse2XDaWPf43V1bm4iIiIiIiIh2DwNgIiIiIqqppHo1VziZr3PcTBhaWA1ssVjQ39+Pb37zm3jvvfcwOTGJVCqZrRKW6/erPU+xvjByXZFk2flgbZvb7caJEyfQ2NiIj8+fRygUgp7JlK3iLRy/3PzWji1gsVrhcDjQ2dmJI0eOorOzAxaLBfkrKXNhYqChAU6XC5FopHTCEghFYhWvgVAEPJEYnO44LBalciFuhQuREAJhAGFRGAbXJqSEUwIBKWFDvmq23IGrjAEJGwTSAgjlrxvMgtrSkfLZa26DlNkY1IN8LXHpsQUkFAhEkItIC1/L658789xytwWgAnAYBY+VhRc4+70NQDp3HfPzE+WnU5idAyI7/7AuENYLT6z0pFsUA63WtapfIYuD5nCUATARERERERHRg4oBMBERERHVdODgwYJb6xYflYDL5YLVurVfLaUE3G4Pnn/hBSw8tIDJiQksLi0hHAohHo9D13XzcfWMBSFgtVrhdDpgs9qgKAoUiwVWqxV2ux2BQABOp9M8o7VW0Nn21IpiwcGDD6GzsxMT4xO4PTODpWAQ8XgchqGvBXeyzLFzFEWB2+1CIBBAU3MT2ts70NnZBb/fD0XJNaAuDAVz+/p8PgwPj6CxsbHk3DRNw9BAX+WTF0BjYyMCfi8UpXYIuD6XtEMgIABD5CtL66NIiSYp0SMEXChII6WoPwOWhUfMf7yg+hOej10lBAQkGgB0i8KtheMD+bMS5neyaqWxzAXGUgozCW7N71tSpbvWvlkpTKY3UAWdD4BjhQFwmSHaFB29NsVsRy3WbbfU8dwTERERERER0f2JATARERER1fTiiy+a35cvKBWw2Kwl926YELBYrOjq6kZ7RwdSyRSSqSTS6TQSiQTS6TQymQxkmRRYABCKAotigdWWrbR1OBywWa1QLBYIIaAoCiyKAovVAqvVBqvNWnPKfn8Ax44fx/4DBxCPxxGLxRAOhxGLxaCmVRiGXjAfAYvFAofTAY/HA7/fD6/HA5fLDafLCavVWhBYVr5cTqcTDz/yMAzDKHlILBZDf39/yT6F6+YqijDbKNci1n8vJBQpYakZvRYfXchs6KkICUXmK1ILy1vrHKlgbdt6Xk35YtzC2Sqy8GqUzjVLmFXKsmoVe25kYTZ8Nq8RStpMr7WDLjx6pSLsmtYvpVwwdn5mokKrayIiIiIiIiJ6cDEAJiIiIqKarDZb6Z2FgZTYSFhYZqhcq2EpZXYsKWGxWOD2uOH2uOvar9y2cvcXqtSieP24Qgi4XC643W60traWHLOeYxUfszohskFytj10MUsu0K5+hM2FggYAmwS6oWCflGsBbq355v60CwG7zIWqYpOtwaWAkCIXBNc+l3zz7PwtYdb3Ft5fbrbS3KMaRQoYYi0mFhAQRn5+ZcbOVTwbZrS8ySbphUsxFyXIhW3Ra/SVJiIiIiIiIqIHEgNgIiIiIqpJVFoLVpT9dsvHWf9nvfvVe7+5veKN2vuv31bvXKtPqKAB8ibPaSvPhED2HwgeSHg2NUJh1e7mQ8i1cLXecynTR3tD+1SfS74ZdX78qkW3ovBjBZuKwEvXuS7KrEW+5BmVq5xZFUxERERERET0IGMATERERERERRgf7i6zPXjFLJsVvkRERERERERUWX0LgxEREREREdHOqlQJTERERERERERUBQNgIiIiIiKiPaKktrdcCMwgmIiIiIiIiIiqYABMRERERES0lzHwJSIiIiIiIqINYABMRERERES0lwgAQhQHv0WVv0yEiYiIiIiIiKgyBsBERERERER7hiz+s8I6wEIwBCYiIiIiIiKi8hgAExERERER7WVlsl5ZulowEREREREREREABsBERERERER70/oW0OW+JyIiIiIiIiJahwEwERERERHRXiEq/Lnue2bARERERERERFQJA2AiIiIiIqK9rEwIzAbQRERERERERFQJA2AiIiIiIqI9QEIUB7vrg991VcGGyD6eYTARERERERERFbLu9gSIiIiIiB40JYGd3EBLX6Z99x0JgRiAVSmRkUAUqPyCEACkREQKTOsSVinRpCjwCL4wiIiIiIiIiCiLATARERER0W7byIKuXPz1PiMhIRGDgjkIZIDSKuD12a4AIlAQNSRshoRDkXCDLw0iIiIiIiIiymIATERERES0wxjU0RoFAhJCyFw751yv58LQtzAElrnb5uOV3AtqeyuAU2l1W8cjontbOBJDxtjtWRAREZVqDPh2ewpERHsSA2AiIiIioh0iZXFIJwqjYKbCD6hcopt/aQixFvLmNwNrIbAAIAtfN3cnkXE67HdlXCK6NwX8Xvh8fIOdiIiIiOhewQCYiIiIiGgHFIa/Ukokk0mo6fSG6zbj8ThSqRQAwGKxwGq1Qgimx/cyCQkpBGS5F0Nh9W/J0ywBIcttICIiIiIiIqIHGANgIiIiIqIdIIQwQ2BN0/Dhhx/iyuUrMAx97TF1jGMYEocPHYIE0NHRgY6ODlit/LX+Xpbr6Jx7/mVB6FvhFSFkrgpYZFtA5/cjIiIiIiIiIgIDYCIiIiKiHZOv1M0v2SogITYa3Am5NgbdN8yuzmar59wd5dpBFz37rAAmIiIiIiIiomJK7YcQEREREdFexNjvflTns1oYGLP6l4iIiIiIiIgKMAAmIiIiIiLaS0SV74WEGfiK/B/8KAARERERERERrWELaCIiIiIium+pqgpVVc31lzfCYrHA6XRCUXb6c7OiuO1zUQvo0rCX9b9EREREREREVIgBMBERERER3YckpJRYXV3B/PwCDEPf8Agejwd9ff1wOBx3YX51yq8JXOU+1v8SERERERERUSEGwEREREREdF+SUkJNq9A2WQGsZ/S9VV5bGPwWfL+XpkhEREREREREu49rABMRERER0X1IwDAkVG1z4e9OKuzyXFaVNYEFy3+JiIiIiIiIaB1WABMRERER0X1J13Voqrbb06iDqFHFK0urfyEAmQ+P93bAvdPSWgbzy1HMLkUQiqWQUjWk0hmkcq8Fp90Gp8MKp92GBp8TnS1+dDT7YbdZdnnmRERERERERNuDATAREREREd2XdF2Hpu39AFgCEFLCCgnIGiW90twDAGCTBgQshRsfSNMLIVwem8fN6SCWI4lNjdHsd2OktwVHhtrR29awzTMkIiIiIiIi2jkMgImIiIiI6L4jpYSmashkMrs9lZoskGgG4BMKDOQreisEwbnq33xBsBAW2EU2QH7QRONpvHdpCpfG5hGJp7Y83nIkgeXL03j/8jQCHieODrfj6aN98Lkd2zBbIiIiIiIiop3DAJiIiIiIiO47Ukqoahq6ru/2VGqSAGwAbFJC5sLdStW8MvdfAQEJCQgB8YBlv5F4Gu98MoGz12eg63fn5MPxFH59YRLvX57G4w9149njA/B5GAQTERERERHRvYEBMBHRA+w3l6fx1vmJituPDrXji6cO7OCM6G7777+8gFAshd//wmNwOqr/GvAvv76OK+ML+PJzh3Cov3VH5vf//vBDrEaT+OOvP8WKKyLaEsMwkE6rkHu8Mtas9ZWyoOi3cgWwuRSwFBBC5M6vcIHg+5duSLx57hbevThZMfgVAuho9mfX9W3xoa3ZB7fDBqfDBqfdCgEgqWaQSmtIpDUsLEcxF4xiNhjB3HIE618uGd3A+5en8dG1GTx7fADPPzoERanRppuIiIiIiIholzEAJiJ6gPk9TnTvCwAAook0wrEUvC47GnwuAECT37Wl8f/qxx9hOZzAf3z1BAJe55bnS1sXjqUQS6rI6MZuT4XuMbVCNCG2MRApdyjmLbvk3g0WDUNHMrm5tWB3kvnSzv0dEsX3VthHIF/2W61a+H4yuxTBD966jMXVWMk2IYC+9kYcHmzD4cF2eF32qmN5XXbzMYVr/caSKq6Mz+Py2Dym5kNF++i6xFvnx3FtchGvPn8EHS3+bTirzclkMkilUrBYLHC5tva7GhEREREREd2fGAATET3ADg/sw+GBfQDWqoEP9Lbg0ydGdnlmmyel3N4g6h6dQyX//kuPI6MbcDttuz2VDdvL1/VBUPPKF+ZPW32atutp3u5M7IF8+d27waKhG0ir6d2eBm2DX308jjfPjcEwil+PQgBHBtvx/GNDaG3wbPk4XpcdJw734sThXiytxvDW+XFcHp8vqgpeWInhL3/0AV56fBjPPjyw5WNuxtTUFGKxGIaGhnbl+ERERERERLT3MQAmIqKqDCnx6wtTuHBzDppuoLPFh089MYzmgBsAcGMmiHc+mcRKNAmvy4FH9nfgqcM9+H+++y7SagYA8Bc/+ACfe3o/Hh7pKHsMVdPx+tkxjE4HAQD97Q341JPD8Lrs+G//9jFmgxH8/hcfQ1uTFxfH5vGv747i+EgHPv/0fvzDaxcxObeKp4/04sKtOZw61ocjg2144+wYbt1ehmFIdLX68dLjQ+acby+G8eb5CSysxOB12/HwSAdOHOpBpWxxZjGMv//5J+htz1YJzQYjaPa78YWTB9DW5DW3D3Q2QkpgcTWG//WbJ5FIaXjtw1sYm12B1aJguLsZLz42CKfdipSaqTrHueUo3jg7hvnlGLwuO46PZK+rbhj4v77zDhr9LhwZaMPZ63cgBPD0kV48eagbALASSeCXH97CzGIYLrsNhwf34bmHB2BRBP7qxx8hmkjjT77xNDwuOyZmV/GrTyawtBqHy2HD0aE2PPfwQMVrsd67F6fw9ieTODzYhvnlKMKxFAY6m/DFkwfgdFihajrePD+O0akg1IyO9mYvXn5iGO1NXgDA9EIIP3//JqIJFQf7WooqkzdzXenuuT563fxeEQJWqw1utxuBQABOp6v4NZMPSzYZmK6PHDcUPhMh+4ERLaNBU7XdngptgWFI/PidK/h4dLZk24HeFnz6qQPbEvyW09roxTdeOobnHxvCL98fNX9Hyc/rtQ9vYjmcwCvPHYKygx9OCoVCiMVi6O7uhtfr3bHjEhERERER0b2F75QSEVFVZ86O4aNrdxDwOtHod2FiLoTvvn4Jf/iVJxCOpfDDX12Fy27DIyMdGLuzgjfPjcPtsOHxg104PzqLZFrDwyMd2NdY+U3KX354C5fG5tHgc8FmVXB9agnxpIrf/uzDdc/zN5enYbNaYFEEXvvwFi6PL2C4uxlupw0Xb80jGE7gj756AqvRBP7htYvI6Aa69wWwHE7gzXPj0A2JU0d7qx5jej6Eoa4mdLcGMDm3ih+9fQ1/8OUnzO0Ts6sAgAafC1JK/OMblzC/HEV7sxe6IXHh5hzSagZfPX2o6hyjiTT++y8vIqPr6N4XwGokibfOj8Nus+D4cDsAYDWSxMc359AccOP2Yhhnzo3jQF8LfC4HvnfmMlYjSXS0+BBLqHj/8gwsioLnHu4vOp+VSBLfO3MJFkXBoYF9mF2K4L1L0/C6HHjsYGfd1x4ARqeWcLCvFQLAzZkg3jxvw+ee3m8+tx0tPrQE3Lg0voh/PnMZf/TVJ2FIiR+8dRXJtIZ9jV5MzK4imiit1tvIdaW755e/+EXR7XxFnKIo8Pv86OntwdDgEFr3tcLlcuXWJi0eo/4Kbln0rW4Y0HUdhqFD1w0Yhg7DkJCy+CudSmFldRWh1VVEYzHEYzGkUimkUilompYbw6gvoC44P7vDDp/Ph6amJnR1d6GtrR0+nw92u73onPZShbphGIjH48hkMlsaR1EUuFwu2O3VW+puVP75isfjdye/lxKJZGLL55/JZLCyugKbrb6uCRaLAo/Hu+3X616kaRquXr1q3rZYLPB4PGhvby9pWzwzM4OVlZWi+1Kqhu++dgGepk4oigUAkE6nsbqyhGePdOFopxWhpVk4lDb4/aXtmJeWlhAMBqFpGux2O5qamtDa2lr09/TatWtQVbVkjh0dHXA6s0tXtDZ48PIjXdCi8/joxjKaW9vM8/uv//ivePvd9/GtTz0Mh90Ki8WCQCCAjo4OWK3F/9TWdR3z8/MIhUIwDANOpxNtbaVzv3DhAgDgyJEjsFgs5v2GYZj7CyGwvLwMq9WKQCBQtP/q6iqmp6dhsVhw6NAhKIoCAAiHw5icnITX662rcjgYDCIYDEJVVdhsNgQCAbS3t5vjFR6rnIGBAfj9/qLXwcjICNxut3k9Ll++DAA4fvy4ud/65yTP5XJh//79AEpfL4qiwOl0or09+7O50vncuXMHTqcTBw4cKNmePxe/34+Bgd2p7CYiIiIiItpODICJiKgiVdNx/sYcXA4bvvXyMdisCn718QQujS1gYm4VGd2AYUgMdDbi5SeGcXQohmuTS7DbLHju4X5cn1pCMq3h5NFeBLxOXJ1cwrWJRXP8Jw93o9nvxqXxBXjdDvzBK4/DYlHwX35yDjOLYcSTpW8AVvLcIwM4eaQXQgBnr2crhV5+YgiNPheaA26k0hmoWgZnr88ioxt49ng/njneh1A0hb/88Yd4//IMTh7pxTsXJrG0GjfH/cKptTcJu1r9+OZLRwEAf/PTc1hYieH2Utjc7nM78HuffxRetx2Tc6uYX46iv6MRXzx1AFIC//DaRVyfWoKq6ZhfiVWc4yc356BqGZw61odH9ncgkdLwNz89h4u35swA2GpV8D9/6XE4HVb84xuXMH5nBYsrccwZUaxGkjjQ14pXTx9CIqXhz/7pN7g+tVQSACuKwOee3o8Grwu9bQGMz67iH1+/iIm51bIB8PffvFJwrvaiVuFPHurG6UcGkEhp+PN/fh+Xxhfw2adGMNLTjN72AA70tsButWI1msLtxTCC4QSC4QSSaQ197Q34rU8fh6rp+IsffIBkurhibyPX9f0rMyXPHyuDt0dRga9cuy0NA+FwCJHLIYxev4b29g6M7N+PoaEhOLeyNqWUmJubw/z8PBLxOFLJFFLpFNS0ClVTkclkkMlkYBgGDMOAntGhaiqkUTi5+s+p5PC5Pw1DRyqZRCqVxNLSIm6MjsLtcaOjowPDw8Po6e2F07n31uA0DAPB4BKWl5ez12STFIuCzs4utLW1FQU/W5XJZLCwuIDFhcXaD95FqVQKt2dm6n683WFHf/8AA+B13G43NE1DJBJBNBrF0NAQPJ7Syl2bzQabzQZdN/DdN65gfjWFoabs39RMJgM1GsTvfOowmhv9sFgsSCQSmJiYwODgYFHwd+fOHQSDQQghYLfboWka5ubmoKoquru7S47rdDqhKApUVUUkEkEikcDBgweLAthH9nfhqYcP4t1rwaL1gcfurOCH74zidz//GDIZDSsrK4jH4zhw4IAZNkspMTY2hmQyCYvFApvNZs69r68PDQ0NJXNab2JiArFYDEII2Gw2JJNJTE5Ooru7G83NzSWP13UdCwsL6Ogo332lmrm5OSwuLprXRtM0LC0tIZVKYXBwsOTxFosFDoej5L71ZmdnMTw8XNcc8s9J4e311l4vOhKJBMbHxzE8PFz2tRUKZZ+z/IeCyo1HRERERER0P+E7okREVNFyJAFdN5DUDfzljz4s2haOpXCofx98bgcujy/gTjCCgY5GHBlsQ1draSUOAKyEE7gxs9ZC8aHc+sOQEu1NXlgs2Tf6fv+Lj0FCbqilYm9bwGxBe3hgH3718QT++idn0dvWgMHOJpw82gu7zWKGgwOdjQCABp8TLQEPFldjWIkkMLMYxnTBG7uf1ddCTpt17c3MzhYfFlZiCMdSCHizbyI2B9zwurNv+i/kAt7JuVX8yxr5FQAAIABJREFU+T+/XzTXUCxVdY75fd+9OIV3L04V7LdWHWtRFDgd2f+Ne5zZY6a1DMKxFACgqyX7RrjbacP//tvPlr1mDV4nZhYEfvnBTaxEk9Bz7ZfTWvmKucLnLt+qOs+ae+7cThsCXidWIglEEyo6W3w4c24cb54bRyK1FuymtQxWI0kAQH9H9rmw2yxw2q0lAfBGrmu154/uLikBTcvg9u3bmJ2dw9jYGJ47fbquYGM9AUBC4Pr167h27Rr0TAaQ+fvrmUyZMcXaPDdD5PaVkIjH4hi7dQvTU9Po7evDiaeeQlNT055ap9piscDn8yMcCkMz8h+m2fjcDMNANBpFc3PztoaamqYhEU9s23jlSWx+4eZN7lvh9ZXJZBAOh6Fpd68ltcfjqVj9uJsURcHISPZn8dLSEmZnZzE9PY2HHnqo5LGtra1obW3FP71xETZvC0ZGWsxtPc0uPHniYTQ0+M0K1vx4i4uL5rmn02kEg0EoioL9+/fD4XBA0zSMjo5ieXkZra2tJWFlb28vXK5sl4mbN28imUwiHA6jqamp6HE+twO/94XH8f03L+Hj0dvm+dm8Lbh0J41Xnz+MGzduIJ1OIxwOmz//VlZWkEwm4XK5MDw8DEVREIvFMDY2hjt37tT8Obm6uopYLAa73Y6RkRFYrVZEIhFMTExgdnYWDQ0NZQPXpaUltLS01F3BDgCqqprhb75iV9d1jI6OIhqNIh6PlwSsHo+nrqrZeDyOcDhcUrVcTv45qSb/egHWQv+VlZWS+Wmahnh87cNhoVAI7e3tNedARERERER0L2MATEREFRm5qjG/x4nPnCiu2GgJeOB22vDvv/QYzo/O4tbtFZwfncX50Vm8+vxhHOhtKRnvmeN9eOZ4X9F9M4vhkscJAYhNv2kPnDzai45mHy6NL2BidgXjd1ZweXwBv/f5R2FRhHmMPJl7x15RBL796eMl461EkyX36TUq6vLbh7ub8cj+4uqbgMdRdY66kQ1inz7Si+59a2H6ZtcYrBRITS+E8NN3r6OlwYOvPX8YsYSKf/vNaMVx/vR3Ttd1PMNYW8f3J7++jqn5EJ453ofBzia8/tEYZoOR3Lyyj8k/J/WodV3LPX+0/Sq+FCUAKWEYGUxPTeLMGxpefPFFNDQ2bjAYFRACkEZ2PJG9a6tLC1efex2PW3+fpqoYu3UT0UgYp559Fh0dnWbF2m4HwUIIeDweuN1uhMNbCB0lkE6lkEwmty8AlhKpVLJsm9fttaVXyrbupmkaFubni0Ko7dbe3g6v17vrr71qWltbzbbC5YJEAHjtg5u4NDZfdN/Jo314fKQZd+7cgWEY5octmpqa4HA4iipFw+Hs7xUNDQ1m0Guz2dDS0oJoNIp0Ol0SAOfl/94kk8mKYb3FouCbLx+H067g6pW1zhiXxubR6HPhQIcXKysrSKfXPrSVn1Nra6s5V6/XC5/PB13XoWla1ZA2X73a2tpqtpb2+/1wu91IJBKIRqNlQ2QpJebn59HT01Nx7PUikUjR+NlztqCjowPRaLTo//GbMTs7W7Zl91Z5vV7ztbVe/vo1NTVhZWWFATARERERET0Qtq+PGxER3Xea/C4oikA0kYbXZcdwdzN62gJIqRk0+LItnd88P4Ghrib87ucfwRdPHQQAjE4Hi8bJ6JXfLGz2uwEhsLASM8O9H719Ff/5X84illBht2UrWpLpbFVqYRVpOVrGwL/95gZuL4XxyjMH8cdfewrNATfml6MIxZJoaci+2TyeW1c2Ek9jOZyA3WZBg7d6O8BESoWU2WD8di64bvCWr05pbcweZ3E1jp59AQx3N6PB64LdZoGiKFXn2Jqb40okgeHuZgx3NyOjG2hrrl3Zla/MnQ1GAWQrbf/LT87hu69fLHnszGL2Td6DvS0Y6mqC21l/hdB6+XbdoWgKoVgKVqsCr8uO24sRKIrAySO96Gr1w5Brr4VGf3au88vZql5DSmgZvepxql1XB1s97ykS2Yqs119/PduG+K4s9Lq7ZO4/CwuLeO+998xwaq+w2+3w+f1bbt2saRpi2xD85BlSIpHY+vq8dG/Kh4rJZOmHq27dXsY7FyaK7nt4fyc++/QBs8o1kUjg2rVrWFhYgJQSfr8fXq/XfHw+eF3/gYX29naMjIxUDR+llGZIXykkzvvc0wdxfH/xcgm/+ngMl27OlBw/P6f1Yw4ODmJkZKRmhW5+//UVsfnbqVSqZB+fzwebzWZWH9er0lwbGxvR29u76SpzRVHQ0NAAVVWxvLy8qTGqicWyv0uUe97yAXBzczNcLhfS6fSGrgkREREREdG9iO+UEhFRRS6HDY+MdODc6Cz+/hcX0N3qx2IojkQqu26r02bBhZtzmJ4P4dDAPkzOZUPVjlxQ6Xc7sBxO4AdvXcGpY304lG/5XMDttOHIwD5cHl/AX//LWThsFswtR9HR7IPXbUd7sxeTc6v4ya+vocnvLlpztxybVcHSahwXbs4hHEvB5bAhFEvB7bTB73HiiUNd+PjGLN65MIWp+RCCoTgMQ+KpYz01q6YWV+P465+cBaTESiQbJnfv85etYh7qakJbkxcLKzH81Y8/QmuDBzNLYQQ8TvzBl5+oOsfHDnbhk5vzGJ0O4j//y1k47VbcXgzjkf2dePmJoapz3N/TgkafC9enlvB3P/sY8aSKUCyFE52l1T8tubD4/I1ZrESSGJ9dAbBW+b0R50ZnsbAax2quWvrYUDsURaAp4MLSahzfO3MZWkZfC3sNif09zXA7bbg6uQgJiWhCRazGus+1rivtIbmX0dzcHM6ePYvTp5+v2c7zXpT/27IwP48LFz6Bz+dFQ0Pjrs4pL9sG2geXy7WlylNd1xGLx6Gq6rasm5nJZJBMJPdUWE47J9+qeP0HAFKqhr/4p18hElsLM59/+mF85bnDAACr1Yrh4WFMT08jmUxifn4eCwsLaGtrQ1tbm7lP/nVVriVyJdPT0+YawJlMBg6Ho642xV85fRixRBo3b94EAKjpNKbGrPhP336+aP/8nDb7YQxd18vunz/H/PZCQgh0dHRgenoac3NzZdcJLmf99YvFYlhdXTW3+/3+kmsTiURw4cIF83Y+LF6vo6MD4XAY8/PzNauAb9y4UXT7oYceKgn1l5aWEAqFoOs60uk0FEVBS0txBxpN05BIJGC1WuF2u+H3+5FMJhEKhe7L/ycRERERERHlsQKYiIiqevnJYTxzvA9OuxXTC2G4HTa88sxB+NwODHY14YunDsJiUfD+5RnEkiqePd6Pxw92AQCefbgfjX4XwvE01CqVnZ85MYLjw+1IpFQEwwns723B117IvuH71OEeDHc3Q83oiCVVPDzSUXGcvK+/cBiH+vfhxswyPrk5j559AXzr5WOwKAIBjxP/7uWj6Gj24s5iBIoQOHWsDyePlr5RuV5bkxcNXifC8TTam3346nOHKj5WEQLfevkYjgy2IWNIzCyF0dXixyvPHKw5xwavE9/+zHH0tTcgFE0iGE7gyGAbnnu4v+YcFUXgGy8ewUBHIxZWYlAzOp481I3TZfY90Ntinvf0QggnDmdD4lCstJKolgN9rVA1HWktgwN9rXj+0exagF9+9iF0tvhxZykCu9WCg33ZtfpWoylYLQpePX0YzQE3xu6swOuyo7Ol+hvCta4r7TIBswWu+XkKCUxNTmJmehpSSvPrfiDE2pc0JKanpjF6/TpUNZ07x90/T7fLBZ/ft+Uq4GQigVgsti3PXSqVKluxSA+GfFiZb2Wc97P3RpHOAD6/Hz6/H10d+/Dbn38CSsEyAU6nE/v378fQ0BAaGhrMFsfB4FrnkfxrvVwoWkkqlTKr0q1WK0ZGRupqpW1Rsu2gLcggEY8DQkDYXLi1pBf9ncuPtdkPPeTD2PX758+xUtjd2NgIl8uFaDSKaDRa17HWX790Oo2VlRXzK5EoXbs7/2GT/FelYNVut6O5uRm6rpvrDFeSX9M6/1XuZ1g+3M1XLQ8NDZV8SCVf/ZsPnPPhdf5+IiIiIiKi+xUrgImICEB2vdmnj5SGoIoQePZ4P549Xj58PDrUhqNDbWW3dbX68b985cmax7bbLPj8yQP4/MkDJdtcDhu+8eKRovs+c2LE/P5/+NSxkn08Lju+/NxDFY/X29aA3/v8ozXnVc9cAKBnX6Ds+rhupw1fqhBM1ppje5MXv1VhPdv1x/riqQP44qm1a9cccONbZa4LAPzx158qun36kQGcfmTAvF0YhL/yzMG6g9W2Rg9ePV0aiLc2ePC7n3+k4n49bYGKlbs+t2PD15X2JjWdxuiNG+gfGKjZ6vTekw1EBQT0TAajozfQ1d2Nrq4uAErdaw7fLYrFAr/fj9BqaEuhayaTQTwWQyAQ2NJzaBgGkonEDqz/S3tVPkAsDOpuL4bx8egddHZ1obU1+0Gh3/ncY2htXqumX1lZgaqqaGhogNfrNdfQnZmZwerqqln5ma8SLXyNSQn89K1zOHdlAq2tLXj8yCCePLT2/7v9+/fD6XTiypUryGQySKVSZdcnLsfjcuD/+JPfxt/97Jx536XxJZxcCqOrNRs2OhwOaJqGdDpttsAGspXHuq6jp6enJBAv5HA4zLbFhfPK/52u1q66s7MTY2Njdbddzo+Vb5Hc3NyM5uZmzM7OYmlpqew+Ho8HAwMDZbet197ejtXV1Zrz6erqqlmh29nZidbWVkxMTCASiSAajRZdX2At6M0H2HmqqiKZTLIKmIiIiIiI7lusACYiIiKibZcvFBW57+/cvo3l4DIgUVdl3b0ne8KRSBjT09NQ1errle8kt9sDt9u9pesupUQsHjcr7TYro2UQj8fZ/vkBtbS0BFVVYbPZioLMt86NFT3u8Ye6MdxT3LI4Ho9jYWGhbLVv4Ws7X+kZDofNEPgHZy7gv/7wV/j46jimFiL413ev4ye/vlo0vhDCDJ8XFhY2dF7DPc14/GB30X1vFpxTfk7BYNCsoo9Go1hdXUU8Hq8a/gJAQ0MDgOz1y7fOjkajiMfjUBSlajtlr9dbs91yoXyFbCwWM9fVBTZfvbyexWIpatm9Hfbtyy4xsrS0VDRPVVWRSCQghIDb7Ta/8h9iYRUwERERERHdz1gBTERERETbrjBrFMhWAY+P3ULrvlZYlVq/gubTY1l6H/ZaeJydT3520pCYvXMHhx46VLUqbydZrVb4/H5EIpGSdVc3Ip1KIRGPw+12b66ltARUNb2l9Yjp3mMYBm7dugVN06CqKoQQ6O3tNUPbO0th3JjJhrrBYBDJRAxfP9WDW7duAQAGBwehKApaW1sRCoWwvLyMWCwGq9VqVhM3Nq5VCrtcLjQ1NWFlZQXXr19HPG3g//vh65CGgcbGRrPy+Oy122g+3gKvc619cktLCxYXFxGNRjdcHfryiRFcHJuDqmVbJ9+YDuJOrgq4paUFy8vLSCQSuHLlCqxWq/lhis7OzppjNzY2YmVlBbFYDFevXoXdbjf37+joqLnecUdHByKRSF3nYbPZ0NbWhoWFBYyNjcHpdEJKaR5v/Tq8QDaczz9fhcesVEXd0tKCYDBYtRPAzMxM0c8Zh8OBnp6eso/1eDzweDyIx+NYWVkxq8EL2z/39691sonFYhgbG0MoFEJHR/HSIuXOJf8aJCIiIiIiupfwXzFEREQ15Fs8l2s3/aA7dawPf/o7p3HqWN9uT4XuATO3Z6Bp6sbWkc0vpStF4RLDe1p+vc29staxEAIejwdO59ZanRqGgVgstukQ2TAMJJJJpNWtVRHTvScej0PXdfj9foyMjMDr9ZrbfnV+3PxeTadxdKAZMqMiHo8jHo+bf4+cTidGRkbQ0NCATCaDRCIBh8OB7u5uNDcXVwt3d3ejra0NVqsVYzMLsNvtaO/oQE9vcYB4e6G4AtRisZhj1Vqjdj23w4anDhcvpZE/NyEEhoeHzaBa0zS4XC709/ejqamprvEHBwexb98+WK1WqKoKp9OJvr4+M+ysxul0llyjatrb29HT0wOn04l0Oo1MJgOv14v+/v6y4+i6bj5f+a9qPyeEECXB63rJZLJovHJrDxfKVwEvLi6ar5n16//meTweWCwWsw10rXMhIiIiIiK6F7ECmIiIiIjuqnwOGo1kq+pqBpEFBcDFge/ejX+FWDtPTdX2VAAMAE6HE/6APxeoba6Vq5QSiWQCqVSqbBVgLRk9g1gsBmnsnetCd4/NZsPx4+XXss9LpDXcmAmip6cHPT09sNss+KPfeg5uR/l1pvOhZy1CCLS3t6O9vR2avRE3guV/dhw6dAhHh9uL7uvs7Cypym1raytpW1zu/E4e78f7V6bXqoBngkikNbgdNlitVvT2FgfE5VS6ZvnQtFZw2tjYWFQRndfd3Y3u7u4ye5TX1NRUM5yudKxClV4HDQ0NZmvrQg899FDNueVfL4X8fn/Jcfbv3192fyEEjhw5UnRfPedCRERERER0L2EATEREREQ1mWv6biGDTadTSKcrt/w0j4Xc2sFYa61sziF3fAEBRVGgWBQoQsl+rwhACCgi2+RGUQQUpXpr1Dxd16GqKlQ1DaMgoNzM+eqGjmQyCSmlGQLv9rrHFqsFPp8Pq86Vkoq3jdBUDbFYDH6fb8MXR9M0pLZw7N1R8KKjbXd1fKHo79ux4Y6K4e9mBTzOitt8nu1t0+522HBsqANnr98GABiGxNWJRTx+sGtbj0NERERERERUCwNgIiIiIqqpsMJ1s/saUkLTtDoeLyClRFNzM3r7+iANAxaLBYrFAqvVCqvNBofDAZfLZX45HU44HA7Y7DbYrDZYrBYoilJ3dJfRdczNzeHCJ59ganICum5sOuyWRvY891IFMAC43W54fT6kUqlNz03XdcRiMaiatqEqYCklkslk1TU/17NYLLDb7bBarbkAfd3C0tUPaLYJ3gqr1Qqn0w3FUt/KOTarFVYr/4lVr8tj80W3jw61V3jk5vmrhLzVwuHNOjLcbgbAAHB5bI4BMBEREREREe04vjtBRERERDXZbDaoau3wtpzCrFHXM5BSVq2IlQAgBA4dOoQD+/dDCAGhCAiRrei1WCyl+1cYrt6Y02K1oKu7CxaLgtDqClZXV+vcM3ecdQcyDGPPBcBWqxV+vx/hcAhqHZXY5UgpkUomkYgnNhwAJxIJ6Lq+gX0Mcx1Rp9MJt8cDr9cLp9NZs6JaGgbC4TAmJyfrPl45DocTPb09cDjqrxS1MACui6rpmJhbMW97XXb0d9S3Hu5GVAt5q4XDmzXQ0Qivy45YMvt3bGJ2Baqmw26rrxsBERERERER0XbguxNEREREVNMjjz6Gjz76CNKoP8DLy2d1EvVVEeejPYfDARQGb9X23YZOvQICTU3NaGxqQSgUhmEY2SHrGHd9Hll4nrvd/rmQ1+uF2+WGpm6+QllVVURjUfj8Xlgs9f1zQtM0JBMJGEb96w8bhoRhaNl9k0lEIhF0dHTA5/PVDoCl3JYgVggBm9UGm21rbYmFELDZbGVDcwlAz2Q2dG3uB3PLkaK/JyO9LVtqMV+JxaLA7bAhkS7+AIvbaYOlzsrujRBCYKS3BR+PzgLI/iyYW46ir710vVsiIiIiIiKiu4UBMBERERHV1NPTg6tXryIWjezeJHYgR7UoCmw2654KbbeTzWqFz+dDNBrdUDVuIUNKxGIxpNMq3O76/jmRSqWQTqc3dbw8h8MBvz9wTz43DocDg0NDZUN3wzAwMzODleXlXZjZ7pkNFv8s6Wzx37Vj+b3OkgDYfxfaP+d1tvjNABgA5oIRBsBERERERES0oxgAExHRXZHRDbz98QQujy9C0w20N3nxwmOD6GzxmY959+IUzo/OIqVm0NHiw2dOjKC1wVPX/lsdv9A7Fybx6wtT6N4XwP/42Ye3bf9KVE3HlYlFXLg5h0+fGC560zsYTuAXH9zEnaUIXHYrHtnfiWeO95nb54JRnDk/jtlgBA6bFf3tDXjhsUH43KVtLL/zywuYng/h1LE+PPdwf93bdd3Ah9fu4PL4AkLRJP7Tt07BmquSyp/rev/x1RMIeJ1Iaxn88oNbuDmzDAlgpLsJnz4xAqc9+ytHJJ7G62fHMDm7CotFoL+9ES89MQSvq/5WsrQ77HbHlqsg7x2i4L/3FyEUeL0+OJ1OxOPxzY2BbKCbSCTgcrlqBrKGYSCRSNS1/nPFYyoCLrcbLrdr02PsJiEELJbyLYANw4CibH8l6l43F4wW3b6rAbDHgfnl4uMF7kL757yOdecyF9zFD84QERERERHRA+nBe6eBiIh2xE/fvY4Prt6G1aqgJeDG9EII33vjEhKpbABwbnQWb38yCUNK7Gv0YmYhjO+9cRmGIevaf6vj50UTaXxw5XbJ/Le6fzlaRse/vTeKP/un3+Dn79/A3HK0qP1lRjfwj69fwvR8CG2NXhhS4p0Lk/j4xhwAIJZU8Q+vXcT0fAjtTT447VZcmVjE99+6UnKs61NLmJ4PVZxLpe26buC7r1/CW+fHEYol0drggVIQ7sQS2TUNO1p86G1vML/yAfG/vXcDl8cX4HHZ4HXZcGViEb/44KZ5/t/55QWMTi2h0e+Ew27F1clF/Pjta3VdP9pdu1V0KaU0v9bfXn9frsn0lr5yI+7U6e08ATidDnh9vi0l3Homg3gsBj1Tu4pY0zTEY7EttTi2WCzw+/z3b1B6H7/kKlkOF38Aob3ZV+GRW1eu2vduVgB3rDuX5XDirh2LiIiIiIiIqBxWABMR0baLJtK4NrkEt9OG//Clx2G3WfDd1y9iYnYV0wshHOxrxfnrdwAAv/Xp42ht8OBHb1/FtckljM4E0d3qr7p/V43ttcZ/qK/VnOub5yeglQkwtrp/OSk1gwu35tHkdyGt6oin1KLtN2eWEYmncLCvFV89fQjL4QT+6scf4ez1O3hkfwdmlyLweRw43tmOlx4fgmFI/MUPPsBcMIpoIm1WAeuGxJvnJyrOo9r29y5PY3ohhO59Abx6+hA86ypzo4lsC9evv3CkpGo3ntJwfToIn9uB//ClxwEAf/njj3BtcgkvPT6EqfkQQtEkBjub8O9ePgotY+DPv/8+phdCSKY1uBwPSnUpbYYQwgx60+k0kskkVFXNrp0qJcQ2JWiZjI54PF7XWsX3KovVCr/Ph9Dq6qbbMkspEU8kkFbTsNoq/5Mi/3wlElsLwBwOBzze0g4MdO9KpTPm9zarApu1fIX0dtjpANhmtcBmVaBlsh96SKY3X/1OREREREREtBkMgImIaNsZhsTTR3oR8Dpht2Xf0G3wugCsQssY0HUDwXACLofNbKnc196Aa5NLCK7G0dnsq7r/VsdHLsCdDUZxZXwBvW0NmF5Yq4bd6v6VOO02/E9feBTtzT5855cXEJ8vDoAXV2MAgJ62AACgOeCGx2VHMJyAISX297Zgf29L0T4SudaiBVVxH127jVA0WXFelbZLCZwfnYUQAq88e7Ak/AWyVcgQAh5naVi7uBIDpERnqx+WXEVwV4sf4dgilsMJeF12PH2kF/0d2XUQbVYFHqcNqbQGNaMzAKaqNE3D+Pg4JicmsLq6CjWdRiaTgW7o21o9KXPHMmQ2uLk/20ALeLweeH1eqKpadl3aeqTTacSiMXg8lYPZfPtnVVUrPqYWIQQ8bs8D1IL8wZBS1wLgu/3zv2wA7L17ATCQ/X++lsl+wKLwXImIiIiIiIh2AgNgIiLadgGvE88/OmDeVjUdN6aDgBDobQ8grWUrZvPhLQA47Nk3f6NJteb+Ac/Wxs97/aNbcDlsOHmsF9OvrQWhW92/EptVqdriMv8GceFxnXYr4kkV8aRqVvjOL0fx4dXbWFiNI5ZI49nj/XDnAtlESsN7F6fR196Aoa6mkgC42vZgOI5ESkOD14kzZ8cxMbsKn8eBl58YwkBHY/b8E2koAvibn57DajSFfY0efPrJYbQ3+9bmby28blZzvyODbehrbzC3zQajWA4n0Oh3IXAXK7Ho3lMYSGqqhonxMbz//geIRMKQUu5IO2ph/uf+ZLPZ4fcHEAlHNr02r57JIBaPojnTDKu1/D8r9EwG8Xhs0yEzAFitVng83opr6NK9Kamuve6c9rsdAJeu91vuvu3ktFvNrhkplRXAREREREREtLPu00W0iIhoL/nFBzcRT6l4ZKQDAY+zahCwfo3dcvtvx/hXJxZxZymCU8f64LQXBxdb3R8A3v5kEt9/84r5VU/1T7V8pPC6ROJpXJlYRDAUh8NmRVuTt+C4E0hndLz0+FDZcaptz6/vG4qlML8cRZPfhWAoju+/eQXxXPDttNsghEBzwI2OZh/uLEXwvTcuQ9X0qkWYxrqTUzUd//reKADguYcHyu1CD7B87hpcWsKZM2dw5sybCIfDWwoRqZTX64XT5dr0/lJKJBNJJJPJio9RVRWpZGrTxwAAh8MJj9cDsVsLUdNdIQv+v3a3n9pA2QD47n7wSFHWTqrc7zZEREREREREdxMDYCIiuqveuzSNy+MLaAm48dLjgwBQ9U18Zd2mcvtvdfyMbuDN8xNo8rvw2IHOksdsdX8AmFkM48ZM0PzSdaPimIVjV1I4p/29LfjT3zmN3//iY1AUgR++fRXxlIalUByf3JzHsaG2olA4r9b2TG6O7c1e/OFXn8TvfeFR7O9tgZbRMTodBAD84VeewP/2zZP4ynOH8O3PHEdfewPiKRWT86tV568UzF9KiR+9fRXBUBxHh9pwqL+18o70YJHZLyklZqan8dprr+HWzRvQNBVAtvKXEeD2sdvt8Pl8UCyb/ydBWlURi0ZhGKU/46SUSCaTuedvcxRFgcfrgcNxd6s1aec5C9o+3+0WyeXaPd/tzhOFaxxziQMiIiIiIiLaaWwBTUREd831qSX86uMJuJ02fOOlo7DlWgO7nTZYFMVstQwA6Vx7REdBNW2l/bc6/s2ZZUTi2Yq0//Pv3zYfc3sxjD/73m/wJ998esv7f/vTxzeSN2UBAAAgAElEQVR8vTy5Fs9qwXHzb4o77VYkUhqSaQ0elx1Oe7byt6+9AdenljAbjGD8zgqklLh4ax4Xb82bY7x7cQorkeyaxtW2P3W4BwDgdTnMwLar1Y8b00HEktl1QrWMUVTVtK/Rg6n5EKIJFW2Nntz81970TufmX/i8vvbRGMburKBnXwCfe2r/hq8T3adyBXJSSiwsLODdX/8ay8ElAOuqA5kAbxtFUeDz+bC6slK1ircaQ9cRjcXQqKpwOosDNcMwEE8kkNH1CnvXZrfbEQgEoCj83Or9Jr/EAQCk0ne3RbLDZkXA40Q49//ugNdZtNzC3bCTLa6JiIiIiIiI1uM7KUREdFfMBqP4ybvXYbUq+MaLR9GwrvqmpcGNVFrD4mocADC9EAYAc43cWvtvZfyA14Hh7mbzq2dfAEC2Gmmgs3Fb9t+MfQ3ZAHV6Prsu70okgXhSRaPfBbvNgsvjC/irH3+EN8+NA8i2VV4OJwAAXpcdbU3eonm15MZr9LvQ3uyrub3J74bNasFsMIJ0LsS9sxQBkF0rcXE1jv/7H36Nv/npObMV7/xyDADgc9vR5HdDUQTuBKPI6AZ0Q+JOMLt/e67i+Nz1WZy7fgdNfje+9sJhWLZQeUj3m2z5byqVwkcffYTl5eXdntADwel0wust7QiwEclEEsn/n737DJIkvc/E/rxpK8t2tTfT093j3c4u1jtgAQggAIIkAB11PB7J40kMSSGJirjQSRGnLyI+6asUitBJobsjTxcKkSeCVBCOIACCFMwarN+xO66nve/yNs2rD1mVXdW2qs10z/bz26jtrqrMN9/Mrpnd6qf+/7dY2tCi27ZtlEulpla/7RBCwLIsRCKRPc2PjqbGqtiK7R54m+SvfeYyEpEQEpEQvv7a5QM9lufJpg9zhUx+7pqIiIiIiIgeLb4TJSKifee4Hr71d9fhOB4S0RDeuDYZPNeTjOAzT43iuYsn8N1f3Maf/uhDdMbDmF7MIBo2cfZE1477v/zEyT2Nb+gq/qPPXwn2mVvJ4d9+7z10J8L49VcvAMCe99+NMyc6kYxb+HhyGf/ur99HOu9XKj19zm8zfX6kGz/7cAIf3J3DUrqActXBSqaIgW4/3B3oiuGpswPBeG/dmMJP3n2AS6O9QXXvTs+/cOkEfv7RBP7Nd95FOKRjbjmHqGXgwkgPQoaGoZ44Zpay+NffeReqIrCwmkciGsKpwU5oqoIrp/rw0b15/PF334UAkMmXcXa4G7GwibmVHH709j0AgKGr+P7rd4K5XBzrZStogudJfPjB+5iemoZsbCnMqt8Do+s64vE4Mpk0qtXdVWE6jo1CIY9YPAZNW3t7USqVUKlUdj03VVUQjTWPSZ8c8XXr8i6l8+jrjB3Y8c4Md+Gf/85nDmz8RoupfNP99edKREREREREdND42xQiItp3VdsN2jpm8mVkakEmAJRrlaVPnO5DtlDGex/PYm4lhxO9CXzphbMwdBXFsr3t/nsdvxV73X83hBD4zc9dwd+8dRczS1mEdA2vXB3B85dOAPDXK/ztL17F37/3APMreeiagidO9+NzT481rbG7F68+OQLXk/jw3hyW0zbGBpL4wvNnEKq1cP7Nz13BT969j7vTq3BdD6eHOvHF589Aq1XyfuG50/A8iTtTKwAkLo324ksvnAXg/6zWKodzmF/JBcfdbE1i+uSrvx7qa1ynUqu4ceNGsGbsrl7WmxURMkDekhACkWgU4UgU1WpqV2NI6SFfyMNx7CCsdV0XpWIRtrP71r667q9RTJ9Mg91x3BxfDO7PLucONAB+lGaXc033B7sThzQTIiIiIiIiOq4YABMR0b4Lh3T89//ktR23e+XqCF65OrKr/fcy/noDXbFNx9vr/tvZao3g7kR42/WDB7tj+Mctri/8wuVhvFCr7G31eSEEPvv0GD779Nim+4RDOn7tla2rnE1d27IK+sJIT9vXiY4HKSWk52FiYgLlcnnnHbYjsHkITFsyDAPxeBz5XA6O4+y8wzpSApVKBYVCAaGQBcBv/5wv5Hfd/hkCsMJhGIaxu/3pyBvojjfdn13K4lO1jhePu7na8gd1g+vOlYiIiIiIiOigceE9IiIiIjpUQgiUy2XMz83Ddd3dVf42DYjmql/Z5u2YEUIgHo/DClu7HsOxHeRyObiuCyn9tZyLxeKux1NVFdFolO2fP8HWB8D3Zw5+3e9UroRUtnTgx7k/3XwuAz2fjMpmIiIiIiIienzwNypEREREdOiKxSLSmXQQ/u42BJbS31c2BLmtjhXss4t9H3emaSIajaGQL8BrXH+5RZ7noVAoolKpwDRNlEol2LtcUxgATMNEJBIJ2oPTJ0/UMtDXGcXCqr9e7nK6gIXVg2kDfXN8Ad/7xW3kiv6a1PGIia++fBEXx3r3/VjzKzksZwrB/f6uGCIhVrITERERERHRo8UAmIiIiIgOl5QoFou7bv+8PuwVQsC0QtBUFUIobVb1eiiXy7tqhfw4UxSBWCyG1ZUVVCqVXY1RrZSRy+WgKAoK+fyu5yKEQDgSQSgU2vUY9Hh44nQ/FlbvBfev3Z/f9wD43vQK/uxHHzY9li1U8Kc/+gC//9VncHqoa1+Pd/3+fNP9K6f693V8IiIiIiIiolYwACYiIiKiQ1cq7T50baz4DYUsXLp8GUMnhqDrOsSGftDbcx0b7733Hqanp3ZVCfv4EghZIUSikV0HwI7rIp/PQVWVWphfT97bq+LVdR3xeByapu5qHvT4uHK6Hz9+ey0A/uDOHD73zBmoyv5Vfr99c2rb5/YzAHY9iQ/uzjU9duV0376NT0RERERERNQqBsBEREREdDga2vvadhWe6+55qOeefx5Xnnhid2vHSqBqV2GFIwDEbvPLx5ahG0jEE8hmsrsL4yVQyBfgOi5su4pdXTgBmKEQ4vH47vanx0pnPIwTvQlML2YAANlCGe/dnsZzl4b37Rj50tYfaMgXq/t2HAB49/Y0soW1TgYnehPojIf39RhERERERERErVAOewJEREREdJxJSCnheS6k3F3FrZT+LZnsxMjoCFSVlaO7IYRAJBpFOBLZ9RiVSgXZbBaOs7swX1VUxGIx6Lq+6znQ4+XVJ8ea7v/0/XG4Xlt927fVm4xu+VxPcvev9fVcT+Jn7483PfbpdedGRERERERE9KgwACYiIiKiQ7IW8tRD3L2IRqMwDXOPczreTNPcc/tluYcfpK7riMX2dw1YOtoujfWir3MtpM0Uynjj2sS+jf/K1VHo2sa3vYau4pWro/t2nDeuPUSmofq3rzOKi2O9+zY+ERERERERUTsYABMRERHRofIb/e694k8ooqWuwVLK4NZ4vz6Xejvp/atB3Gey8VuJ/ZypoiiIx+MwQ6F9G7MdoVAIoUM69lbk0X0lfGJ87pnTTfd/8s49LKcL+zJ2d0cE//Srz6K/a+2DBf1dMfzTrz6L7o79qQBeThfwk3fuNz32uWfO7MvYRERERERERLvBNYCJiIiI6JDUo1+J/VjvNZ/Po1qtwrJaX3MzCH6FgOd5qFQqsKt2w+yOtmrVhut62M2Sx1sJmSaikSiKheKeqnnbpSgKotHo7tZvPiCO4+xuPWRqy6WxPoz0d2BiPg0AcFwPf/n31/Gffu15CLH3P4nDfR34L//BSyhW/D/bYXP/WoxLKfGXf38djrvWwn6kvwOXWP1LREREREREh+jo/HaFiIiIiI6ZdeHiHnOedCqNe/fu4erVJ6HrOkR9wG3GrVarSKfTWF5awvLyMlZXV7G0uATP2916xI9aPp9HLpeDrutQlP1p7qOoKmLxOFKpFKrV6r6M2QrDNBCJRPbtPPZDtVrFysoKwuHwkZrX42Bqagqrq6vbbnPu3DlYlgUA+MZnr+B//dbrsB3/z970YgZ/8+YdfPml8/syn+vXr6OzsxODg4P7Ml7dD968gxt3J/FwfBwXL11CJBzCNz57ZV+PcZxkMhk8fPgQFy9ehGEYhz0dIiIiIiKixxYDYCIiIiI6dH64truATQh//WDXdfHuO+/ArlbxxJUriEZjfvgrBTzPRalcRi6bRTqdxtLSMhYXF7C6ugrHduB5HjzP86uRa7n0wVYACyhKrQJarrWdbnHXQLVSwezMDBzbRld3F3RNXzdxAbRZYS2EQDgchhUOP7IAWAgBywq3Vb2945j78BP0PA9LS0uolMvo6+9DKGS1N6oQ/ocR9qGK9XHT3d2NRCIR3B8fH0cikUBnZ2fwWGPA1xkP44vPn8P3X78dPPb6tQkkYiG8dGVk22PduHEDHR0dGBoa2scz2Nkb1yY2rFf8Ky+cQ2d8/17HRERERERERLvBAJiIiIiIDkdDAbCqqlAUAXePQ1bKFbz9y7fx9i/f9h8QfovWDQFcw7EbnxLBv/ZfYztlIQRUVQuO1XYI3KBSqWBqagpTU1PrjwgJIBqNYmzsVFBp2Qpd15GIx5HL5uB5e/2p7EzVNMRjMWj6/r09EYqAUBTIPVZzS89DOpNBOpNuO1Q2TRNnG6pcjxPLsprOWwgBwzAQj8e33OfFKydxd2oJd6dWgsd+8MbHiFomnjjdf6Dzbde1+/P4wZsfNz12drgbL1w+eUgzarbp33ufAJ/U8yIiIiIiItpvDICJiIiI6NCZpglVVWHvYt9tl6mVtUrQbbbZS/i6W0IRME3jgIOM3dfAKoqCaCyGcNhCPp/f11ltJmSaiMXj+3o9VFWFqqpw9qGdt2j4d7t7MqranpQSCwsLWFlZgeu6eHYshuVUFqm8XXse+Jd/9rd47mwXnr0wCNM00dfXh46ODiwvL2NmZgYAsLy8jOXlZVy4cAGmaW56LM/zMDk5iUwmAyEEkskkBgcHm1536XQaCwsLqFQq0HUdXV1d6O1tXs/3r3/2If74L/8edrUKKxxGLBZDf3ccv/WFq1hZWcH09DTOnz+PUCgEwF9L+saNGxgYGNgwVl0+n8fc3BxKpRI0TQuOK4TA0tISZmdncfXq1WCuxWIRd+/exdmzZxEOh4PjDg4OYmFhAZFIBGNjY6hUKpiZmUGhUIAQAvF4HIODg01rbbdyzo1WVlYwOzuLoaEhLC4uolqtIhQK4cSJEwiH16qfc7kc5ufnUSqVoCgK4vE4hoaGoKpq07Hn5uZg2zYsy0IsFms61sTERDB+KpXCwMAAenp64DgOZmdnkc1mAQCJRAJDQ0Ns1U5ERERERFTDd0dEREREdCjqQYYAEA6HD2S9R7HFrXke+37YHSlCQTgchq7rj2AOuxvcsizEE4kDD1QURUEkEgnCsv0gaq2X69f3MG33+QQCpqensbS0hL6+PoyMjEBVgJfPdSAW9v8+WFlZxuzsLH55Zxm35yoIhSxMTEwgl8shmUzi/PnzUFU1+H67v0dWVlagKApOnjyJZDKJ5eVlLCwsBM+vrq5iYmICkUgEo6Oj6OjowNzcHObm5gD4YfW3fvQu/vc//RuYhoGTJ08ikUigWsri9778KRi6ho6ODgghkMlkgnHrIWVHR8em8yoWi7h//z50Xcfo6Ch6enqwuLgYHLcdKysrGBwcRG9vL6SUuH//PlzXxcjICIaGhpDL5TA+Pt7yOW/F8zykUimcPHkSp0+fBgA8ePAgWD+9WCziwYMHsCwLp06dwokTJ1AoFJo6FRSLRUxMTMA0zeBaLi0tbXp9bNvG8PAwYrEYpJS4d+8eCoUCTpw4gcHBQWQyGUxOTrZ9vYiIiIiIiD6pWAFMRERERIdG1BbwDYcjiEajyKTTDc+1OsYujtv+LnsWVBlKQChALBZDyAyhVCwdShXyThRFQSwWQzqVQrFY3Pfx6ysTa5q279W/gF8BHIlEUDqAudP+qFQqWF1dxdDQELq7uwH4Hzwo3bqFr718Gt95cxwPx3OwLAu9vb24PpFCuuTh6dEoKpUKYrEYVFWttVRXgw8RyHVtAeqvrUQigRMnTgTfSymxvLyMvr4+AMDs7Cw6OjqCbertqpeWlgA9jO/8/DZ+9tYH0A0DY6dOQQiBjmgIX33hMyjnUwD8110sFkMmkwnGzWazwYdcNpvb/Pw8QqEQRkdHg8frldGDg4NtXdOxsbGgArpcLjcFp/X5LS0twfM8CCG2Peeenp6mat3GawkAIyMjQSXx2NgYbt68iZWVFfT09EDTNJw6daqpote27aZgeWFhAbquY2xsLBhXVVVMT083HXP9NisrK6hUKk1V1kIITE5OolqtHsiHiYiIiIiIiB43DICJiIiI6FDUgxABP/Tp6urC7OwMpCePXBh6EBKJBJLJJNLp1PZtrA+RZVl+iFoqbQiu9qr+IzZDIYTD+79GrqqqiMdiWF1ZCaoSD8MxeCnvWi6XA7AWxgJ+2GcYBiKmgv/s6y/gf8qm8e61jzE3N4eOjg5MLwJzK1l8HmG83NkFVdl4ha9fvx78zA3DwMWLF4PvG8XjcaysrMC2bbiuC9d1kUwm122TwLd++BbGf3wH0WgcpVIJHYkEhBAY6I7h9778DFy7hIe1ABgAkslk0LpY13XkcjkMDAxsObdCoRAE4HXd3d2Ix+Nt/7lrrHo3DAOapmFubg6u6yIWiyEejwchb6lU2vSck8kkFhcXUSgUUKlUmkLbkyfX1jhu7A6g6zosy0K5XA6O7bouJiYmUCwW4bouPM+DlDJYx7dUKiFRu5Z1ja2pGx9r3CaXy8E0TZimGVyfSCQSnBMDYCIiIiIiIgbARERERHSoBAAJXdcxNDSE27duoVqtrpWHYmML3X0P1OSm3/rHOsD0LhqNYmBgEDMzs6hWymsHP0KJoV+dG0MqlYLjOPs+vhACkUgEmrb/rZoVRUEkGoUVtlDIF/Z9/NZItoDeRv01dfPmzU2fi4VN/Is/+Cr+5b+38Mb7t7G4sABN19Hd3Y0fOh7eujGFz3xqDCG3OeA/c+ZM8P12leX1sNFxHLiuC2AtQHVdD+/cnsbfv3MPr791B8Mnh/1tbRuaruH8yW78wy88CV1TkcmUmsZN1FqnZzIZWJYFz/OC9s/r5yalhOd5G4JPRVH23BZdURScPXsW8/PzmJ6eDkLggYEBWJYVXP/1rdLXroGLzs7OpipewzCQbujU0EhVVdi2v3ZzpVLBvXv3EI/HcfLkSei6jlQqhfn5+WB7x3F21abdcRxUKhV89NFHmz5HREREREREDICJiIiI6JCsBTMCAsDw8DC6e3owNzfrVwEHzx7wOqr1oPlRJXW1E1JVFWOnxvDw4UP/nOXhValuRQiBcDgCy7KCas39pBs6otHIhjaz+8UwDCQSHSiVSvDco3d9j7t6BemZM2c2BLX114Shq/hnv/tFvPSp8/jrX9zCwpK/JjAACNGH7/78FqYe3sNnn7+EL4Xi6O+KwbJaqyivh4X1NtIAMLWQwuTiNN6/M4tcsRJUtKqq/9Y5bIXwlRfP42tfeHrLcYUQ6OjoQCaTQbVaRTQaDQLezeamKMqBBZdGba1iwF9Ld2ZmBvfv38elS5eaAvBG9RBXVVVomrZpVe5mbNtGOBwG4K8trCgKRkZGgufXj6NpWhC8t0NRFFiWFbStbsTqXyIiIiIiIh8DYCIiIiI6AiRCoRBefPEl/PjHP0Ium2l69sBD4IaDaJoGRVVgV+0DPKofNiWTSVy8dBHZXBb5XPaAjrU3foiaQKGQh+ft7/WwLAvhcGRfx2ykKAqSySTy+RyymaN5fY+zaDQKwK80rbclBvxAsh4W3rlzBx0dHXjh8kmcG+7B//v/XccPU6mmtZ1zxSp++v447i9W0RUP48xwNwZ74hjsjqEnGYVSC3er1WrT8VOpNJbSRbgPlzG7lMVf/eB1ONAx3NDmOJ1OA7VK9VODnfjGS19AxGz+wMJmIWYymcT9+/dRqVTQ39+/7XUIh8NNbaL9uaUwNzeHixcvBlWytm0HAWc9pN3O6uoqFhcXce7cOSiKgnA4jL6+PoyPj6NarSIUCkFVVaTT6aYq33qFb72t8lZc1w1C/Eqlgkqlgq6uLgDYtO36+rXENzvvVgLhaDQarB/cWEHc+LohIiIiIiI67vjuiIiIiIiOBAlgaGgQV69exS9/+RbsajWoyhVi/zsjS+mPKxvaTSc7O/HCCy9icXEB169fQ7VaPcCOzP46mGNjp7C8vIxr1z4Kwo8j1AUaqqoiFo8htGptCHD2PG40duAVe5Zlob9/AMViCU4LoRk9OuFwGPF4HJOTk+jr64NlWSiVSpifn8fo6ChisRgikQjm5+eDlshfff4kLDeFuwsV1OtW6+vsZtJpuK6Lleza61QIwDQ03L/zMXRVINnZCcO0sJLKYGpmDv39/ejr86vbjUgCi1PTtdd8HMViEQsLC3jq0mn89q8+iwujvSiVSrhz5w5mZmbQ2dkJ27ab1siti0aj0HUdtm0H7Z+30t/fj3v37mFiYgKdnZ2oVquYm5tDMpkM2qQLITA1NYXu7m5Uq1UsLCzseH2j0ShmZmYwPj6O3t5eSCmxsLAATdNgmqa/jvHAAKanp6EoCuIN59zb27tjmDo+Po7+/n54nof5+XmoqhoEwLFYDMvLy5icnEQsFkM2mw2CZdd1oWka+vr6WrqW63V1dWF5eRn3799HX18fdF1HJpPB6uoqLl68yBCYiIiIiIgIDICJiIiI6AgI6kqFwMVLF5HL53D9o2twXXf/1+Gth8rww19FUxGJRHDm9Gk8cfUqEgk/rNG02xsqBvdvCmuVtFbYwtWrV5HL5/BwfByu6/pLIB+hNYFDIQvRWBSlUglyn3plm6aJeCK+7Rqt+0EIgVgshtHRUUxOTqJaqRzo8ag9o6OjmJubw+LiIlzXhWEYGBoaCipSBwcHoSgKFhcXgzVj/4OXn8Jv9/bi9sQSfvbBA+Rz/ZiYnMTk1BTOnTvX1FJcSqBccZDOldDV3Y25pQwy2SkIAD3d3ejt7Q227erqhhACi4tLWF5exqnhHvx3/8lX8eozl4JtLMvCyMgI5ubmsLq6ilAohJ6enk2Dy0gkAtd1d2xxHolEcOrUKczNzWF8fByqqqK7uxt9fX0A/IB7ZGQEs7OzmJiYgGma6OvrC1phb8UwDJw+fRqzs7MYHx/318WORDA8PBz8uevq6qqd8yJWVlag6zoGBwfR09Oz/Q8OQGdnJ2ZmZmDbNkKhEE6dOhVUBMfjcQwODmJpaSmoMD558iQWFhZg2zY0TWvrWjZSVRVnz57F7OwspqenIaVEOBzGqVOnGP4SERERERHV8N0RERERER0ZQgiEQhaee/ZZ6JqGmzduolSqVfPtcyAqVAW9PT0YGRnBqdOn0dXZBaW2zmcsFkUoFEKxWNifg21DSolERwIvv/wywpaFu3fvoVIuHfhx26FqKsLhMDRNa6n17E7q7WhDodbWat2P43V0dEBKifn5eRTy+UdyXFpz9erVTR8XQmBwcBCDg4NbPj8wMNDUJrjuwkgPLoz0IJ17EtcfzOP6g3nMLm3e6vvylSstzfPK+TFc+cpLuHK6Hx3R0KbbdHR0bKjqbQySAb8Fci6Xw9DQUEvHjcViTW2Y10skEkgkEk2PNYa0XV1dQfVto3A4jDNnzmx77M7OTnR2drY0z/X7dXd3b/l8T0/PhiA5mUw23d/pWjauIdyoHooTERERERHR5hgAExEREVFL6hWze1mPV2Dj/gJ+yCOlDKpLrXAEL7z4EoaGhvHmm29gcWFhrWq2sXUzNn4PrN3fcHwB6IaBU6dO4eLly+ju6vJboSpKwzgS4XAEkXAYqdVVQMo2z1dipytUP9+1+Qt0dCTx8iuvor9/EG+//UukU2l/nE3O81ETEAiZoaCl7V5pmoZYPL5jZeR+EkIgmUwiEolgaXERi0uLcJ2d1xttT0M/8bb32/uRj6uOWAivPjmKV58cRbFsY24li9mlLOaWs0jnyyhVbFSqDkpV/7VrGTpCho6QqaEjGsJAdxyDPXEMdMURDuk7HG17UsqgHbEQYsf2z0REREREREQHgQEwEREREe1I0zR0dXdD0+vhSLtxkx+KmaaJrQKyxlbAUkqoqoqTIyfR39+Hjz++g48/vo1sNotqpQzHcYJhG0PRYD3f2prBiqpC13SYponOziRGR8cwdmoMkWi0aR5rgawM5jkwOATbdhraNbd2zqqiIBqLBecjpdy0zXHj83WGYeDCxQs4MXwCt27ewvj4A+SyWVSrVbius+00hPDHFEKBotS/KgiZBhRl72XTiqruW7tm0zQRiUT2Zax2CCFgmiZODA+js9NfRzSbzcJxHHieC8/zWm5x7V8KAUVRIIQIWt9CCChCQAgBwzTXHt+GGQohEt3L9RAHvpby4yIc0nF6qAunhzZWwz4KruticnISpmni1KlTB97inIiIiIiIiGgz4pvf/OZx/rA4ER1jB7WuIxHRUbPXYCiVySEaCdXWpG2o320111hb4DcIU4UQ23Z0XquOXUt4K5UKVlZXkVpdRS6XQ7lchl0L7hoHUxQFqqohFPJDxlgsjmQyiXgs5oeY66YVBLGNyepmp9jG+a7/H+ztQqAtA0cJlMolrCwvI5VOoZAvoFwuo1gq4g//8L+uBb5+yOufswpVVaFpKlRVg65pUDUNuq63FELuJJNJY3JyEuVSeU/jCCHQ19eHgcHBQ1+vU0oJ13FRKpdQrVZg285aCFwvd99ANF17TdNqNxUCAmLdz+OwAsD9+JkTEdV9+9vf3rZNORER0VGVyuSQTPC/YUR0/LACmIiIiIhaIBrCsDYDrXW9o9sJxKSUwdFM08TgwGCwFqjruk1toxvVQ9H6sRqrbdcHv80TBRrjW7npdjuon++Wx1m3eUM76KbHFYFwOIzwyZM4MTwMKSU8z0M2mw3WvhS1StODDhld10Uul9+XD0+pmoZINPJI2z9vRQgBTdcQ02MA+EshIiIiIiIiIvpkYABMRERERDvaS7zoFw43B7E7jbldoClqe+6menT7cRu+2wRCK78AACAASURBVGOe2m4gu1aFvKaxQroe8iqKAl3XH014KgFPenAcB6urK1haWoLnense1rJCCIcjbI1LRERERERERHRAGAATERER0c6269f86Ic5GJt1Yj6SE92bcrmMTCYD13UBbNGCG4D0PNi2jWKphGKxCOntPfxVNRXxeILr1RIRERERERERHSAGwEREREREx4WUKJVKmJ+fR7VSeeSHD4UsJDs6uD4tEREREREREdEBYgBMRERERDvbQyXsY1NEewQm+kimING0RvGjoqoqEvE4Qpb1yI9NRERERERERHSc8KP3RERERER04CzLQkcyybV/iYiIiIiIiIgOGANgIiIiIiI6UIqioCOZhBVi9S8RERERERER0UFjAExERERERAcqGo0imUxCUfn2g4iIiIiIiIjooPE3MEREREREdGBCVgi9fX0wTfOwp0JEREREREREdCwwACYiIiIion0ga7c1uq6jp7sHiUSCa/8SERERERERET0iDICJiIiIiGifrIW8iqKgq6sL3d3dUBS+7SAiIiIiIiIielS0w54AERERERF9EqyFv6qqorOrC719fdB0/RDnRERERERERER0/DAAJiIiIqIjRcq1NsJsG3zUSTQGv0Ct7XNvL3p7e6Ez/CUiIiIiIiIieuQYABMRERHRoauHvkKIIPSVUjY9TkdRw89FCFihEAYGB5FMJtn2mYiIiIiIiIjokDAAJiIiIqIjo1QqoVq1AUgYhgHTNBn+HnGapsKywognEujq6oRh8GdGRERERERERHSYGAATERER0SGRDd8L2LaN27c/Ri6Xh4SEZVm4cvkyLCt0aDP8xBECkWgEQydOoFwqoVypoFqtwq5W4TgOPM/bcQhFVWEaBqxwGNFIBJFoFKZhQNN1Br9EREREREREREcAA2AiIiIiOhJc10W+UEC5UgnuO45zyLP65DEMA93d3Rsel1LCdV14rgu/87Zsel4IBaqqQlEVBr1EREREREREREcYA2AiIiIiOmIkIAEBhoyPkhACmqYBGt8iEBERERERERE9zpTDngARERERkRB+AKnUK0sFIBT/cSIiIiIiIiIiImodP95PRERERIdMQEoJ0zRw5uwZZNIZSCkRT8QQDoex1oqYaTAREREREREREdFOGAATERER0SFZC3SFEJCQ6O3tQW9vj5/51p+WctO9iYgOSyZfxr/7/rsoVWz81hefwkh/x4775ItV/Ml338ZSuoDhvgT+0RefQixsPoLZEhERERER0XHDAJiIiIiIWiKlhBACaxW5/mOA8APc4PlWB6x9FbU7jaGvWL9RC+PU9pOyceDm/f3piXWhcsOchf94/bz8Z8Wmm7Y/n+Z5+A9vfc027FV7YLPxiB6VP//bj3Dt/jwA4L/6zZfQ1xk75BkdjtsTi1hKFwAAH92d3TEAzhUr+JPvvoPldAHPXjyBr75yEarCrgZERERERER0MLgGMBERERHtqDF0lHLtJoTSFGDuLZyUftgqazcI/582FwIWonEfgSDIFU0bBTcJrN2kqAWzIthkbZ9dnFHteqw/B//aCQihNMzRv9WvbTAprH1t91oQ7adsoYIb4wvB/dc/mmhpvz/6Vz/E//B//BA3HizsvPFj4txwDzpiFkKmhifODGy7bbZQwR9/522kskX8xmcu4zc+fYnhLxERERERER0oVgATERER0Y48z0OxWEKxWEQ2m0WpXIbrONA0DZFIBIlEAvF4HJq2u/+9rOfG6XQajuNCAtA0FfFYDIqioNXcsx64SimRzeXh2DYAiVgsBsMwapXKgOdJlMtlFItF5PM5FApFOI4DoQiEQiEkOxKIJxIwDQP19FU0/HtbTQXDfmV0pVJFsVREoVBEqVhEpVLxz7NWNa1qKkzTRNgKwzANKLVKa9lwVMMwEImEW7sQRAfgjWsT8DyJWNhErljBR/fm8IXnzx7LNsbJuIX/5rc/3dK2nifxH37uCUQtA8mYdcAzIyIiIiIiImIATEREREQtuHnzJjKZLEql8qYtljVdx8BAP06fGoNhGG23gxZCwHFcPHjwAKlUBlJKRKNRfOpTT8IwDLRbfut5Evfv30c6lYaUHq5cuYze3l4AAvl8ATMzM1hNpVAqleA6zob9pzUVPd3dOH36NMLh9gObtSAaWF5exvT0NLK5HOyqHbR+bjh5BBvXqpebLp0EhCLQ29ODs2fPtD0Xov1QtV28c3saAPDll87jZx+MY34lh7euT+ILz5895NkdbR2xEDpiocOeBhERERERER0jDICJiIiIaEdz8wtBQLm2WK8MwkvHcTAzM4t4LIbBQb8dattrAgOQnoTnSUjpwZOylRWAmzS1o/YkXM8DpETVduA4LmZnp/FwYgLVSmX9kWvn4u/vuh7mFxZhWSGMjo5C1/V2ZwIASKVTuHP3LorF0rp1h4MJNz9eO2cZ/MsfytRMWJYFVVXbnAfR/nj39jQqVQexsInLY32o2i7+6qc38MtbU3jt6VPQtebX5mq2iP/5z37e9Ni///GHwfeqKvBHf/DFDce59XAR796axvxqHsVyFbGwiZN9HXj+8jCG+zaus3vr4SL+9IcfIB4x8d/+zmu4Nb6Idz+exsxSFqWKjbCpY6Q/iVefGsVQT2Lbc3w4l8K7t6YxtZhBtliGqWnoSUbwxJl+PHPhRK0y31euOvgf/+1PAAB/8BvPb7oGcLFi473b07j+YAGpbBGuJ5GIhHBmuBvPXTyB7o7Ihn0ax/1n/+hVVKou3rw+gQezq8gXK9A1FQPdcTx38QSunO7f9nyIiIiIiIjo+GIATEREREQ7UlUNkXAYsVgUkWgUuqahalextLSMTCbrB7eui8XFRQwM9K9bh7dVe1xwd5O4uB5Xp9NpLC0tIbWagud5UFQVYctCNBpBJBqFaZpwHBvpVBorqym4jgtAYmFhCX19fdA0reXzqVf/Oo6L2ZkZlEtlQEqomoauzk50d3chFotC1w0oigIpPVSrNnL5PFaWl7GaSsO2bQgh0NXdhQsXzsGyLK4DTIdGSok3r08CAJ67NAxFEXjy7AB+9NYdP+T8eAYvXD7ZtI8QAmHT/+BEsWIDAAxdhaYoAABNU5q2r9ou/uLvruHWw8Wmx1O5ElK5Ej68N4dXnxzFr7xwbtM5ep7Et35yDR/dm2t6PF+q4sb4Am5NLOIbr13Bk2c3rtfruh6++4tbePf2TNPjjlNFYa6Kh3MpvHd7Br/3lWcQDrX2YZDx2VX8+d9+hHyp2vT4UrqApXQBv7wxiS+9eB4vXjm5xQjAWzem8Ob1ibXPggg/IB6fXQ1uv/7pSy3Nh4iIiIiIiI4XBsBEREREtKMLF84h2ZH0g0ghgzCyq7MLN27cRC6XA4BgLd2mitnGjtE7kJt8tyui+c7iwiKk9CAlEI1GMTg4gK6uLoTDFhRlrXKxv68PN2/exsrKCqQUKFfKKJUqiEajLQev9XWGi8UicvkCPE9CCGCgvw9jY2MIhcx120qEQiHE43H0dHfj4cOHmJqegee6KBVLKJfKsELWWrHwHi8NUbtuji8ilStBVQSeu3QCAKCpCp65cAI/+3Acb1ybwPOXTja1Lk/GLPyL3/8cAOCP/tUPISXwjdeu4PKpvk2PUQ9/IyEDn3v2NC6M9CIaNpDOlfDOrWm8cW0CP//wISxTx6efGtuwf75UxUf35nB6qBOff+4shnricBwPk/NpfO/1W1jJFPFXP72BU4OdiEWa1yz+zs9v4b2P/fD36fNDeObiCXTFwyhXbdwaX8TfvXcfM0tZfP/12/jNzz+x4/VaWM3j//rBe7AdD8mYhc89cxqjg53QFAXzKzn8/MNxPJhdxfdfvw3T0PCpc4ObjvPGtQl0xi186cXzOHOiC4qiYCmVx49+eQd3p1bw9q1pnD7RjUtjvTvOiYiIiIiIiI4XZedNiIiIiOi4GxwYgGWFIAQgsFbdG65VBdfvO64Lp7amrtys5XGjtY7LNXKTx1pQ3ydo4bx+AAnP86CpGk6fPoXnnnsGo6MjiMWiUBTFPyfhb2eaJpLJDqia5u/nenAce+dz2UCiWCzAtquAAAzDQG9vD0Iho3a8tWu4FixLGIaOrq5umKYBAKjaNsrlSm2b3VRVE+3d6x89BAA8cXoAkZARPP785WEIAaxmSxsqd9vx8cQSbj1chKGr+I9//Vk8f2kY8YgJRQh0xsP4lRfO4RufvQIA+Mk791As25uOMzqQxD/51Wcw3JuAIgQMXcWZ4S783leehqoIOK6HD+7ONu3zYGY1CH9/7dWL+PprlzHcm0A4pKMzHsYrT47iD379eTx9fgi/+vKFls7n2z+7Advx0J2I4L/4By/hqXOD6IiGEA0bODPchd//6rO4esavRP7eL26hUt24DjkAREIG/uA3nsfF0V7omgpVEejviuF3vvw0uhN+++h3b0+1NCciIiIiIiI6XhgAExEREVFbpJRBIKooApqmoXG13raz0kcgEong6pNXMTY25s+34Rzq6qGsYRhra32KFoLsdRpbQEvPr5ZWNa1WFb1Twi2g61qw1q+Ufni92XyJHoXJhTSmFjMAgBeuDDc9l4iGcGHErz6th8S7UQ9gnzk/hN5kdNNtrp4ZwFBPHK4n8dH9uU23+ezTpzf9kERnPIyxwU4AwOxytum5t2/5AepwXwLPXxresC8ADHTH8PXXLrfU/nlxNY+pBf96/eorFxAyNjbdEsIPmzVNQdV28eG9zc/n2YsnEAubGx5XhMCnzvtVw7NLuR3nRERERERERMcPW0ATERER0ba2Ws+33r5YKEf/M4VmyEQkEqmdhx+k1ue/nvDLnHdts8pe6Ul4nn+s+jG3qub1pL89UC9sZtUvHZ56sDvcm8BQT2LD8y8+cRK3Hi4GQfFw78ZtdjK34oeYE/Np/N9/8/6W29Urf5dShU2fH+7b+tid8TCAFZQqzdXDs0t+IHxxdH/aKNcDZl1TcHqoa8vtQoaGsYEk7k6tYG5dKF033Nex5f7JeBgAUKxUt9yGiIiI6LiTUvL9FBEdWwyAiYiIiGhb698wN98XQU2rFGKtE/Mm+x02v0q5+RcAW8+x3hda7iIMlpASMAwdquqH49VqFaVSCfF4HIrSHKg3htBSSpRLJVRtP9RRFKXWjpro0Us1tHZ+4crJTbcZG+hEX2cUC6t5vP7hQ/zWF59s+ziFUgWAH57OLu+8fam8MfQUAtA1dZOtfbrm/1msfxCjLl87dsTaWGm7G4VSNRhvp78Co7Xq3lyxsunz5ibVw3V67e8WNgYgIiIi2prnMQAmouOLv00iIiIiom0pfMPclnogE4lEYJgmSuUKXNfF9PQ0TNNAIpEIWjw3/jLCdV3k83nMzc3BsR1ACJihEMJW+DBOgwhvXJ8IXs/f+sk1fOsn17bd/ubDBaRyJSRjVlvHiVomUrkSfu3Vi1u2YT4o9WPXQ+i9ilj+GsmFUgVSYtsQOF8Lfjdr80xEREREe+dJD4rC97NEdDwxACYiIiKibQlFsHVWG4TwQ2DLstDT3Y1ioQjbtpHOZHHz5i1EolFYoRB0XYeiqPCkB9u2US6Xkc/lUS6XIaWEqqroTCZhWSFee3rkylUnWJtX1xQoO7R6r9oOpATeuDaBX335QlvHGuiOIZUr4fr9+UceAA/2xJHK+ZXOrz45ti/jAYDteLg3vYyzw92bbleuOBifTQEABrrjez4uEREREW0kpeQHmono2GIATERERETbUhUFEntaFvfY8X/HIDA0NIRCoYiFhQV4nodSqYxSqQzU2mXXbbYWcVdXJwYHB6Ctb2vLHwQ9Am/fnELVdqFpCv75P34N4ZC+7fY//uVd/PSDcbz38Qw+/+wZhBraF+uaiqrtBu2W13v2wjBuji/i4VwKb92YxAuXN283/c6taTxz4cSOrZXb8dzFYdx4sICphQzevjmF5zYJoBdWc3jr+hS+8PzZHa9DbzKK4b4EphYy+P7rt/Gff/1FhMzmt91SAt/5+U04rgdDV/HkmYH9OyEiIiIiCkgpd/wgIxHRJxX/9iMiIiKibWmqCtt2Dnsajw0p19pAG4aBgf4BhMNhCCFgGAZ0Q4eqKH5Vr/DbQKuqCl3XYVkWkskOnL9wHhcvXUQkEmH1Lz1ynifx1o1JAMDT54Z2DD0B4MUrI1BVgart4u2bU03PDXTFAABvXp/EcroAT0qMz60ilSsBAM4MdwUh6Pd+cRt/8ZNrmFxIo1x1UCjbuDO5jD/57tv49s9u4ifv3NvPU8WpoU48fX4IAPCdn9/Ct392E7NLWZSrDtK5Mt64NoF//e238c7tafz167dbGvNrn74MXVOwkinif/vLN/Dh3TlkCxUUKzbuz6zg//zeO7h2fx4A8GuvXNx2rV8iIiIi2r2q7Wz8QC0R0THBd5pERESPIc+T8OAnTEpDOSDXtqGDoOsa8sUSTGPnEIjWCAFUKlXMzc+hWCwiHA5jbGwUmqbBcRx4nhe01lYUBbquwTBMWJbfHtrPfeuVwfyzTY/OtfvzyBYqEAJ4+epIS/tEwwaeOjuId2/P4M3rk3jl6mjw36RPP3UKEz94DyuZIv6X/+cXwT4vXD6Jr77it4v+2muXoagC7388iw/vzeHDe3MbjmHqKkb6k/twhs1+/dWLUITAO7en8c4t/7beid4EvvJKa62tezuj+N2vPI0///FHSOVK+Iu/27h2sqoIfOml83jq3OCe509EREREG0kJuK4LXWMEQkTHE//2IyIieowUq1XM2jZKjrvhObUhHzJU/xOuiusBADpCZvBcCGtBsSKUYD0cBYIBMm1J1zWuA9yi+hrAUgLFYgGZdBqe5yESiaCzswumaTRsK7AW8jba7DGiR+P1aw8BABdGetEZD7e83ytXR/Hu7RnkihV8dG8uCDfPnezG7375afz0/QeYXclCUxT0dUZx/mRPsK+mKvjGa1fwqXNDeO/jGUzOp5EtlqEIgc54GOdOduOlJ0YQCRlbHX7XVFXBb3zmEq6eHcC7t6YxtZhGtlCBoavo6Yjg6tkBPHPhRFvrx40NdOIP/+ErePfWNG6ML2A1W4TreuiIWjhzogvPXRpGd0dk38+FiIiIiHy2YzP8JaJjTXzzm9/kb5eI6FiqVquHPQWilpUdGw+KJWRrbXhb+SW02uLvqTUIaEKgnv1qtfDYf8x/UBf+NsE+tTV0QrX7iiKgiOaVJbaao7JJJSOD54NlGHsPTCpVG57nQV/XPsvzJO7du4eJiQlICJiGgeeeewaWZa2FxS0WsTqOgw8+/BCpVAbS8xCNRfH005+CaRhtB8+O6+KD9z9EKpWClBKdXZ24fPkSQqa541izs3O4c/de7b8TEpcuXcRAfz9UtbXWYY3r+S4uLuH27Y9RqVQQi8Vw4cJ5JBLxYA67CdRzuRy+/vWvt70fHS9c64yI9tO3v/1txGKxw54GERFRy/LFEnRNYycrIjq2+BEYIiKiI65YreJ+qYySu7HqdztuLYPaKQh2IOFICU36Ia/julCEQONHJMoN3282nCIEvIbQS9SCh8bQOKQoqNa20RvD5HUBmLYutGgMmf1jKcExgbVAmSHywTINHelsfkMADKAW8IpdFK0+6s8htvMakdjr/AQATdWC12y+UMCdu3fRkUjACodhhUII1W6apq2VDteOH8xWiCBUZgU2ERERERHR9jxPwnFcRMPWYU+FiOjQMAAmIiI6wqquiwfFIgT8INdrI4+qB7+ubK0auB4EQwKmEFAbKoB30hj+Kg0hltvweMHzgu/tbcbarEJ4J6pYC7yFIhCqhcgSawHzVlXLihBsf90iK2TAdtzNQ+DtHPqlFY90Eo1dncORMMKRMMqVMjzpIZ3JIpPJ+q87RYGiKFBVFaZpIhqLIhaNIhaLIRqNBBXHh375iIiIiIiIHiOlSgVWw1JYRETHEQNgIiKiI8rzJJYbWpUbANx1lbbbabUCuFG9krciJRQAqgQUSAgIaLWAdKduvp6Uba2TGBwbAh4kPMi2Q2C34ZIoUqLaUC29PmzObTOOoapQhUBcUxHS2CZqPdMwkMkVNgbAu04ot1r/dr/JdV9bUQuNpQRkeydY/yMqhIBpmujt60M+n0elUoGszcGTEl7DhyJKpRJS6XRwKXVdQ1d3N4YGB5FIJKCqbOdLRERERES0E9f14DguIlZo542JiD7BGAATEREdUY70UGgIMoUQMAFU0FrI2m4FMLBWyVsf24WEPwMJx5VQBZrC4J3GaicI9mrBWD38bSUIrlf+Nn4FNn+sFfXgOOM4iKgOek1zQ0vq484KGajaDgy9/r+RstaeuJZ6SokWP6NQs1kIvLdQePO9dx6zPu/mLdtPt+ttmj3Pw+LiMuZn52DbNnRDR093DzRVQ6VaQaVSQaVcQbVahes1t3i3bQfz8/NIp9IYGxvFwMBAy2sQExERERERHVd+9a9x2NMgIjp0DICJiIiOqLzrouI4TY+pAjAhUGlh/3r4uZsK4M14AvDrFSWqnoQKAQUyaBXdeJi9VgErEC1VAdcrf9cHvvVzbufcGxkAbNfFUqWCHobATQxdR9V2IKUMgs76j1oG9a3tavhBNb3+9hoE14Np2VYTaH9bGcxFiPbnIaXEwsIi7t+/j1KpDEURGBsdxeDgIFRVhaxVAEsp4bouypUK8vk8spks0ukUiqUSIIFyuYypqWlEo1F0dHS0PQ8iIiIiIqLjomrbEPDftxIRHXcMgImIiI6odHnzmDcIgdtoBd1qNWyr7aWBtepg1/MDtnp1sCLWguR2Q+B6FXA9BN6pCrhx7d/159lu9e9mqgyBNxUNW8jkCohYJoQQ6OzshKL41amqqkGvvdluDIl3IqWEoigYGBhAR0cSgIBh6tBUta0iXBmEtgIDAwNIJpMAJCzLaqGC1t83Go3g5MmTcGsV4bFYrHYeEq1MRkqgWCxhdnYWxWIJAgK9vX3o6+uDrmsQQkBK2dDWWYdlhdDZkYA8MQTbdvDw4UNMT0/DcVwUi0XkcjnE4zFWARMREREREW3CdV2Uy1XEY5HDngoR0ZHAAJiIiOiImlxdQfcWFX+qACwAVTSvf7t+m82+7hdF+lXBda70K0FdiaByUoEHVYigSnjb8RoC38a1gLcLgbcKfTdrB73++1ZVXRer1Sp6Q1w/qFE8FkEmm0M0bKGrqwtd3d3+E8Hrsf2qWSEEBoeG1j3qr0HdLkURGBoabJhL66PE4zHE4vF1c2iHRLFUQqlUBgComopEIg7DMCBEPRhv2Fo2x8q6rqGvrw8rq6vIZXPwPA/lcgWu6zEAJiIiIiIi2kQ2X0QyETvsaRARHRkMgImIiI6g5Vw+qD7ciiIUhAA4kHAgm4Lgva6F20r1rtfCeB4EPAnYtTViVSCoEAb80Kv+fWP1L7C2FvBOraB3qgBuPO/dhuAF10XVdWEwfAsIALFoBKVyBSFDb36i+ZvWxtvy9bYf47Q2RuO+zXu0/8JxHAeu5zdNF4qApmlQFOGHvWL96BvDck3ToAZV5wKO60BKr+15EBERERERfdLlCkUkWPlLRNSEvQyJiIiOoGKl2vK2mhAwa7etAs921wFuabtaZrU+CHa3qfx0AdgSqHgStueh6nmouB5sz781tqCuVwHXv9/OdoF3Y0C8W9KTyO8QyB9HqqLACpnIF0uHPZUjRzSsiy09Cdt24Hn+i3DDS1GItVuNbdtw3XrgK6EqSsvttImIiIiIiI4D13WRyuQQsUJQuGwTEVET/q1IRET0CSAgYCgCIaHAaHPf9YFvPYTdaT3gevDb2ApaSgm1xWpJD8K/CQEH/q0igZInUaoFxK6UcGpVj/VAeLMweLNwt/7YZiF4K2GwK/1b2fNQgYTjsfpyM6qiIBGPoVCqBOvvEqBrGlTNrxh3XBcrqysoFIuoR8BSrt0Avw20/62A7ThYWlpCqewH60IRMEyTv9AgIiIiIiKqqVZtFIplJBMxvlciItoEW0ATERE9xiQkwtUCIlpxx20LThgRrYiCE97wXEk1UFX9Nr47Bb+NVAi4onl7F62HwNtxINZKJetrCgtACb5fayPdeN+Ta22jtwt6G59rDJU9KSEBePVgvPa1xAB4SwJAIhZBoViCEAKGftz/F1PAsixYloVCoQhIidWVVdys3EBPby86EgmYoZDfFloISEh4rodKpYp8Po/l5SWsplJwHL/q3DAMRMJhKApbkBMRERER0fHmuh5KlQoEgDjbPhMRbem4/3aOiIjosSUhoeQz6CrdhhKJQtF0CG3r+t+YVmj6ul7Oi2AeXUAbn5x1IYMKYCEEpPTvQ/jVwK22rG11W0/6lcP+Tv4XJeiz25j2Nie/ipStnxfb7O5aJGyhatsolCowdA26dnwDy1AohL7ePhTyBZRKZXieh2w2i2w257/GNnzQQmBjc2gBRVHR09OLRCLBFtBERERERHRseZ5EqVKB47iwQgYMXT/sKRERHWkMgImIiB5Ttuuiy55vekw6G9cO3i4UbhRDAQUnjIzhf4LWk3LH9YAbK4BdyKa1JTwBtBL/tds2WBG1Kt/a11Z4DYGbIkRwbq2cYzAG2xu3xNB1GLqOStVGvliGaejQ1OO3fq0QAv39fVAUgenpaWSyWXj1NX0bX0ubhsEABBAyTfT19WF4+AQMw+BnE4iIiIiI6FiRErAdG7btwHZcWCETESt02NMiInosMAAmIiJ6DEkp4Ta0JJZ2FVs2KHZsAICi6fAcG4q28VOy9ZDYVNv7BK1bq1hUIYLv61ptA12vHAZaqwSuh76thr91ipRBW2dl3ddWOAyA22IaOkxDR7Vqo2o7sG0Huq5B1zQ/yBRiHxqFH02i9mdBUQT6+nqRTHYgl8sjlUohl8ujVCqhattwHcd/7QsBVVGg6TpM00Q0EkZHRwcSiTgsy4Kqqgx/iYiIiIjoE0tKCc+T8KQHKSWklKjaDlzXha757yMjYeuwp0lEQyMIwwAAIABJREFU9FhhAExERHQEhc2dq3ZVRcGil0CH4a//K+2N1b+N3NrzbsN2Qq8dpx4Mq4CO2vq4bSRO9VbQ6x9rJQRurABupUp0NxXA/o5KUGm5mwpgx3XbOBjVGYYOw/A/WGA7DhzHhed58Gpv8Otv7j/pQuEIBsIRDLS5X6liA7CbHisUy6jazr7NjYiIaCeZbB7Olp82JCIi2hshBIQQUBQBRQioqoKQaUDXGF8QEe0W/wYlIiJ6TGmKAnT0YLrkfwo2uq4d9GY6lCLSXhgdSnNoLHQDeS2JojSgKwrUICj11xr24FfpeltkpfV1gBtD4FYrgAFAgYSsHaPdCuB6GLyTxhbOu6kAhqLA8ySUVg5Gm6p/cpv2RlOAUAsfEiGi/5+9O39u4z7zB//uCzcIArwJHiIpkZIsWQep01JkxXEi2/Ex45nM8fVWsjOzW7s/bNX+CfkTdutbW7U/bE1tZmcyk0kyM5Ed24plWxdlidRFWqIkHhJFivcJAsTV6P7sD2CDaKABNHjooJ5XlQtkoy80eMh89/M8hJCN4ilxwe12P+/TIIQQQgghhJhEf4EjhBBCXmIiz0NxlgAAAijRPcer2RWCwYxH3frCSqCkC0oBgEvO8l0JS1UGKICu5XNmMGwmyNVwHAeVARzMVQDrzrmIKmCt4jddMRXAAKCCgd+yjYsJIS8qVVVTVRGEEEIIIYQQQgghhVAATAghhLyEMkMAw2mqgrkKQa2g1Sgg1ZZnri+uHFVlTF8ljOztC7WCTm//W0xwDJiv/k2um/+1SchstGtuH4QQslmCwSAuXbqEyclkh4fy8nK8++67kKTi5rUTQgghhBBCCCHk1UIBMCGEEPKSMwx/c8gXlq4l3OQ5LlUlnNxHcrnCGFQkA12hQKDLcVwqBC4m/NWqf82GwPkqfUvBwcJzmFUUqHnWU5kKJOuhCSGvoFAohFu3bmF0dBSxWAxutxuvvfYadu/evSnHu3DhApaXl3Hq1CmIoojp6ekXKvw9f/48hoeHDZ/7wQ9+gNbWVnz33Xfo7+/Hz3/+cwBAX18frl69ipMnT6KtrU23zcLCAn7/+9/jRz/6EbZt25a1z9/85jewWCz4sz/7s6zntP1+8sknsNlshueUeS7/+I//CFU1HmoqiiJ+8YtfZC2/ePEiBgcH8cknn8Bqteqem5ubw3/+53+mPuc4Dk6nEzU1NWhvb4fL5TI8lmZgYAD37t3DwsICBEFAbW0tDh8+jJKSZIeP+/fvo7Oz0/A1nj9/HoFAAB9//DEA4E9/+hNGRkZSz0uSBI/Hgz179mD79u2p5Yqi4Pvvv8fAwABCoRCsVisaGxvR0dGR9fqGhobw/fffY2FhARaLBQ0NDTh48CCcTmfe10UIIYQQQggh5NmjAJgQQgjZQpKTdAvP0NXCU7Ozcwu1Sdae1cLe1dCXg8LYSiBsvI+1VgBrYXMx4W/ma5EAVHIcJEEAY2re8BcAVLP9pgkhW04wGMTZs2dhsVjQ3t4Oq9WK8fFxXL16FbFYDAcOHNjQ48XjcUxNTeHkyZOpwM4oFH3enE4n3njjjazlZWVlebfr6upCY2NjzrA209TUFILB5ACDhYUFeL3e4k82w9tvv637HQQAsVgMly5dQlVVVdb6iqJgeHgYjDEMDQ3lDP737duHqqoqMMawtLSE3t5ePH36FH/5l38Ji8W4O0d3dzd6enqwa9cu7N+/H5FIBN9//z0+/fRTfPzxx6avU7r09yYej2NkZAQXLlxAKBTC/v37ASSD44mJCbz++uvw+XwIhULo7e3F+Pg4Pvroo9QNB7dv38bNmzfR3NyM3bt3IxqN4t69exgdHcWHH35IITAhhBBCCCGEvGAoACaEEEJeYMW2RDYb/gKrj8W0UV4LgeNSgTADstpGa4p9rcVWAGvhr8oYRAAlHI9SkYcWX3McB4ExKHnOIQrAYfoMCSFbybVr18AYw4cffpgK8ZqamiAIAm7duoVdu3atKaTLZXl5GQDgcLzYP3W0StBixeNxXL9+HadOnTK1/sDAALxeL+LxOAYHB3Ho0KGij5mpvr4+a9mFCxcgCAJOnjyZ9dzw8DASiQTq6uowODiYMwAuLy/XXZOqqiqcPXs25zZzc3Po6elBR0dHKpgFgMbGRvz2t7/F7du3cezYsaJfX+Z7s337dsTjcXz//ffYv38/FhYWMDo6iuPHj+vOy+/34/e//z0GBgawe/duLC4u4tatW9i3b5/uure2tuK3v/0trl+/jh/+8IdFnx8hhBBCCCGEkM1DATAhhBDygkooCpZVBp4DJJ4DzwAe2SGpNnfXTCvo9Mpf7XEzw1/9sVerg5PtpldD4YTKClbfZiqmAlhrb51QGawcUCYIcPB8xlrP6EIQQl5onZ2dCIVC+MlPfpJaplVPHjhwIKuCs7W1FQ8fPsTU1BQaGxsBALOzs+jq6sL09DREUURTUxMOHz6cqqb8+uuvEYvF0NTUhJ6eHkSjUVRXV+PkyZNwOp24efMmbt++DQA4d+4cAODv//7v0dnZibGxMfzVX/0VAOCf//mfUV9fj2AwiKmpKXz00UeYnp7Gd999hx/+8Ifo7u5GMBiEx+PBiRMnIIoiLl++jIWFBTidTnR0dKC5uTn1Wp4+fYpbt25hbm4OkiShvr4eR48ezWoFvBH27t2L3t5etLa2oqamJu+6qqri0aNH2LNnTyoA7ujoKOqmITNGR0cxODiI48ePG7ZrHhgYQHV1NXbt2oWvvvoKgUAAHo+n4H4rKyvBcRyWlpYMnx8cHIQkSdizZ49uucPhQENDA2ZmZtb2ggxUVVXh6dOnkGUZiqIAQNaNC16vF/v370/dfDAwMACe57Fv3z7dejabDbt27UJvby9kWTZsT/71118jHo+jrKwMQ0NDiEaj8Pv9OHnyJOx2e2q9u3fv4v79+wgGg3A4HGhra9NV1Rt9rZeUlKC7uxvDw8OIxWLweDw4ePDgC1kpTwghhBBCCCHPWuZfPgkhhBDyglEZQ0xREVFVLKsMYZUhxhhkAApL/scYg8rUVBice1/Z7Z/NdDUuNB8437Pp7ZfTl2n/CRwHq8DDznOwcoAIBt7EPGKz569VCQNAicCjXhINwl/9ueaSyDErkhCydVRUVKC2tla3bGFhAYwxlJeXZ63v8/nw85//PBX+Liws4NNPPwUAnD59Gu3t7RgaGsK5c+d07Yanpqbw8OFDHDp0CIcPH8bU1BSuXbsGAHjttdfwox/9CADwxhtv4OOPP84Zdg4MDKC8vBynT5+G2+0GkAxMb9++jQMHDuDkyZOQZRlfffUV/vSnP6GlpQWnTp2Cy+VKtQMGgOnpaXz55Zfw+Xw4c+YMjh8/jsnJSVy+fHk9lzOnPXv2wOfz4cqVKznn8GpGRkYQj8fR1NSEpqYmLC8vY3JyckPPR5ZlXLlyBVVVVYZVutFoFGNjY2hqakJdXR0kScLg4KCpfQeDQTDGcrZJnpubg8fjgShm3599+vRpfPDBB8W9mDyWlpYgSRIkSYLP54Pb7UZXVxempqZ063V0dKSC1NnZWXi9XsP21ZWVlVBVFQsLCzmPOTY2BkVRcObMGZw+fRrT09P49ttvU8/39vaiq6sLO3fuxDvvvIPXX38dd+7cQV9fn24/mV/r33zzDZ48eYLDhw/jzJkzqK2txddff435+fn1XCJCCCGEEEII2RKoApgQQgh5yWgtlLXYNT20FMAAJFsd81qFLBh4jk/b/tlWAJuZIazRQmFtOyB3hbCZCmBtndWqXw75Kn15cMgfZxNCtrrW1tasZdFoFIC5dsw3b96EzWbDmTNnwK/cbFJSUoIvvvgCIyMjqaBYkiScOXMmVX25tLSUChRtNluqstTlcuWdd9vS0oKjR49mLX/77bdTVayCIOCbb77BsWPH8NprrwFIVoL+67/+KyYnJ7F9+3Y4HA6cOXMGfr8/FTaHw2F0d3fnbdGvqipkWdYt43kegiDkvU48z+PEiRM4e/Ysenp68s5QHhgYgMfjSV0Hh8OBgYGBgpXDxbh+/Tqi0Sjeffddw+eHhobAGMO2bdsgCALq6+sxODiI9vb2rHUVRUldk8XFRXz33XeQJAktLS2G+47FYpsyQzf9vZFlGY8fP8bg4CD27t0LIPke/PjHP8bXX3+NTz/9FF6vF83NzWhtbdWdTyQSMayIBpBaLxKJ5DwPj8eTamHt9Xqhqiq++eYbzM3NoaysDH6/H9XV1aisrAQA1NTU4OnTpxgZGdGF8Zlf63v37oXT6Ux9r9TU1KC/vx+jo6Pw+XxFXy9CCCGEEEII2UooACaEEEJeclpQynMclJXsUsmsoGUqBA6pYFhAsmV0ZvXsWsPgzciQdcG2kPxYYQwJ5A9/M19TicCjskAQYVbCRGUyIeTlNjAwgFAolDeQzGd8fBytra2p8BdIzlS12WwYHx9PBcAul0vXetfhcKSC5mLkCqXT2+tq4V16BbMW3GnHdLlciMfjqWAuGo1CURQoigJVVXMGuoFAAL/61a90y3bu3IkTJ04UPPfKykrs3LkTd+7cyRmOxuNxjI6O4vXXX08t27ZtGwYGBvDGG28UDJrNmJiYwIMHD3D48OGcLZ0HBgZQVVWVut5NTU149OgRpqamUFVVpVv3woULus89Hg/efffdZz7P2ei92bNnj26Or9frxccff4yRkREMDQ3hzp07uH37Ntrb27NaPq9VZmtobfby/Pw8ysrKUFZWhidPnuDzzz9HIBBAPB5HIpHIqrjPvH7V1dXo6+vDhQsXEAwGU8F7LBbbkPMmhBBCCCGEkJcZBcCEEELIFmCmwjbZLjoZYCb/XL4aHGvVwlownFy+8ee5HjyS1cESAJVjUBmDkponnB386qt+zREKFADLFAATsuX19fVlzbzVWt/mq3IEku344/G4YTWnw+F4oYOpQCCAs2fPorGxEadOnYLD4cDg4CBu3ryZdzuXy4XTp0/rlqWHz4UcPnwYw8PD6OzsNKxkHhoagqqqqKurS1Wz1tfXo6+vD8PDwzmDY7MSiQQuXbqE8vLyVGVspkAggNnZWXR0dKTOoaamBoIgpILhdO3t7ak24hcvXoTb7UZFRUXOc7BYLAW/ttYi/b2ZnJxEd3c3mpubs6q5OY5DY2MjGhsbIcsyurq60N3dDZ/Ph/r6etjtdoTDYcNjLC8vA8ieI5yPJEngOC71mgcHB3Hx4kUcPHgQhw8fhtVqxdWrVwveENHZ2YknT57gyJEjKC8vhyiK+K//+i/T50EIIYQQQgghWxkFwIQQQshLQGWqro1z9vPJNsuF2i0LHFJVwunbatMXEyutpXmOAxiS1cIcIJjYdy5r2Ua3PTioGamsFgaLAFQu+RrklbbWjDF4RAEVPAcuzzVbi0KzkAkhL7eHDx9iZmYG77zzjm651k52dnY2Vb2oCQQC+PLLL3HixAn4/X5IkmQY5oXD4azZwi+SgYEBWCwWXZhrJtSTJCkrAC2GxWLB0aNHceHCBQwNDWU9r7XF/uyzzwzPeb0B8I0bNxAKhfD222/nnbOsrXvjxg3dc48ePcKxY8d0lcilpaWpa9Le3o5vv/0Wk5OTqK6uNty/z+dDf38/EolE1hzgzs5OhEIh/OQnP0k9F4vFst6bWCyWVQ2d/t5UVlZiYGAA3d3deO+99wAAjx8/xszMDA4fPqzb5o033sDQ0BBGRkZQX1+P8vJy3L17F/F4PGsO8OzsLHieL6rlcjQaBWMsdaPA/fv30dTUpKu6N5qHnE5RFPT39+P48ePYsWNHanmu95AQQgghhBBCXjUb+1dRQgghhGyKfOFv8nlO95jLaoto/WOm5JxhhgQYYowhrKqIMoaookJW1eRM3mcUhqpgK7N5c+M5DlaOg5Pn4ZdEVAr8msJfC+W7hLyyxsbGcOXKFRw8eBB+v1/3nNVqRV1dHe7fv58177a/vx+hUAhlZWUAkpWhw8PDYGk/IycmJhCNRjd0Zu1Gi8fjAKA775mZmWdy7O3bt6O2tha9vb265cFgEFNTU9i9ezfef/993X9tbW0YGxtbU9tszfT0NO7evYsDBw7kDTAHBwdRVVWVdQ7Hjx9PtajOpaWlBV6vF93d3TnX2b59O2RZxoMHD3TLo9EohoaGUFJSAmC1hffIyIhuvXA4jJmZmdQMXSMcx6G9vR0TExMYGxsDkKxo7+3tzXqftRbMWqC8Y8cOqKqKnp4e3XqxWAx9fX1oaGjIavOcub90w8PDAJD6nsl8XlEUzM/P59wfkJxpnDmbemlpKWtfhBBCCCGEEPKqogpgQggh5CVgpgJYUygETq8CFooolNEqhVUk+yTzKsBxyT8q81zyHxWcieMXK1/4q1UGq4zBzfFwcoDEb979bQnGoKoM/IvWH5sQsm5XrlxBfX09Dh48aPj8sWPH8Ic//AGfffYZ9uzZA1EUMTk5ib6+PrS3t6cqMtvb23H27FmcO3cOu3fvRjQaRVdXF6qqqtDQ0PAsX1JR6urq0NfXh4sXL6Kurg4jIyN49OgRgGTYthGzdvN544038Pvf/163bHBwEBzHYd++fVlttW02Gx4+fIjBwUHs2bMntXx8fDwrjCwtLYXb7dYtY4zh4sWLsFgsKCsrMwxxq6urMTc3h1AohEOHDmVVOldWVuLOnTsYGBjAtm3bcr62jo4OfPXVVxgdHc2qIAeAiooK7N69G9evX0c4HEZVVRXC4TD6+vogimKqMtbr9aK5uRnd3d0Ih8OorKxENBpFb28vRFHUzUk20tTUhLKyMty4cQN+vx+tra148OABvvzyS+zZswderzcV6nIch7a2ttT1O3jwIG7evInl5WXU1dUhGo2m1jNq3Z1uaWkJ3377Ldra2hAIBHD9+nX4/f5U6F5XV4e7d+/i1q1bcLvd6OvrQyAQgNfrzblPm82G8vJy3Lx5E4wxKIqC3t5eqKqKRCKR93wIIYQQQggh5FVAATAhhBDyAtOC30IVwID54FVhq8Fv+sdm9p8eNKscADCAMQiMg7KyXOCT/8AQNqD1c+pYGVXA6cEvz3Ers37XH/xaeC57mHAGMxXJhJCXy+LiIoLBII4dO5ZzHY/Hgw8//BBdXV24evUqgGQwdurUKWzfvj21XllZGd577z1cv34d58+fh8ViQXNzMw4dOvRCt6dtaGjAsWPH0Nvbi8ePH8Pv9+PNN99ET08PQqFQUTNe18Lj8WD//v24detWatnAwAD8fr/hTGWPx4OqqioMDAzoAuBvvvkma92Ojg7s379ftywWiyEQCAAAvvrqK8Nz+uijj1KtsY0CXi0k7enpyTvfubGxERUVFeju7jYMgIHkDQYlJSW4f/8+7t69C4fDgdraWt3NBQBS70l/fz/u3r0Lm80Gv9+Pw4cPw+Fw5DyH9Gtx7tw5DA8PY9u2bXj//ffR09ODgYGB1PtcWVmJU6dO6QLYAwcOwO124+7du3j8+DEkSUJ9fT3a29vhcrnyHtPn88HpdOKbb76BLMvw+/04efJk6vn29nbIsox79+6BMYYdO3agoaEBw8PDUFUVfI7f72+99RY6Oztx/fp1WK1WHDhwAOPj4xQAE0IIIYQQQggA7pe//CU1OySEvJKoRRx5kc0GQ7g5MQ63z5cKfwtVAWcyCoTXWv2bb78COFQIApwcsMyARVVBIi0gXWt1sDb71yj41TjBJat+BX7lCOsTVlVMq2rO50WOQ5PDAXETq4w3Q+bMRvJyCwaD+OCDD573aWwpwWAQv/nNb/Dmm2+mwtzBwUFcunQJf/M3f5OaVUoIKc7XX3+NYDCIjz766HmfClmns2fPZlXSE0IIIYQQQl5cVAFMCCGEvABUlSGRSIabsswQC2b/ijZbBaxVxRrJnPm7ngpgIBn++iUR9pVW0B7G4OQELABYUpJBqsqA1O0WjEHkOQh5zlF3zJVQNz341V6fl+fh4DlsRPBbjGc1+5gQ8uy43W74fD50d3cjkUhAVVXcvn0bFRUVFP4SQgghhBBCCCHkpUMBMCGEEGKCmtYWWAtqM8ny6vJYPPlxJJKALK8siyUDUXnlubgMyLKKeEzJ6jqsKArgzzgHExXAZsJJoypgM0Gwtm/t0cpxqEkLf4HkoyRwqATg4jgsqCoiGS8uoTIkgLxhsFb9m3l8nuNg5XlU8By4IqqhzZJMXD+VqQA2dxYmIeTZe/vtt/Hdd9+hq6sLHMfB7/cXnG1KCCGEEEIIIYQQ8iKiAJgQQsgrI7PKFtAHtcnlq+trgS2wGtpq4mnryfLqevGYAnAckCNILDBeNnWe+m2KmwNcKATWwl8t9C2mCljb1i3w8AsCxLTwlzGmm2/p4DnYOR4RHoZBMLAaBvNIhrtaGJxZ8QsAIsfDw3MrgfPmtGCWBB5IKIVXJIRsOW63Gz/+8Y+f92kQsqW89dZbz/sUCCGEEEIIIeSVRAEwIYSQl1I8rupC3MxK28wqWyVH1a6RQkWgOQNWbTnLDHALHzMz9E3Hc3wqBC5UBWy2PXGxs4C1dVXG4BaEZPjLrwa/AHThr4bjODg4wM7xCIBhNsd8XZUl962FwRJW5wUzADaeR+UGzfldr3zvFSGEEEIIIYQQQgghhDxvFAATQgjZULFYMoWV5WRFbTSamv6KSDjt40hMt348JkOWldT62vPhcAxV9TvgsLp1QW6eIts1WXPoa7BxoXyw2AAxPfTdiDnAgL7qN1cFcPq8YJUx8ExFGSfCb9H/84HjODDGsiqAM9cpFTk4FWABQEhVc14nlQFRxsBxgJ3nULJS+ftswt/8x0goVB1MCCGEEEIIIYQQQgh5sVEATAghxFAsJkOWE6uBbDiuC23TA9v0sDadtnx1n/G0jxOpytFCrPYweJ9Dt2y94a/Z7QtW1KY9ny/XXUvVKKdKafs2VwGcXNfcsbTgN1/4q+2LZyqqbDZU8KsrZwa/Zt5PSeBRwRhcnICAyhBh2UGwth87z6GS45JtmZ8hgTEoGUF2eqAeBeAw2I48e3OBZTx4MgMOwK5tVfCW2J/3KRFCCCGEEEIIIYQQ8txRAEwIIa+YWExGMBjG/FwQ83NBLCwEU8FtJBJDLBZHNCqDMX2r3s2auWqGzSYVXmmDFVPxm1w/+ciBga1UkRYb+mZe83RrqQAulpKxSXr4W2+1rVThrkpv/ax9nK8dtGa1LTQQYQLmFAWxVPdsBh4MZYIIj8Bl7Ec7wc2tBOY5Dpl1vvmqqcnz8Xh8Hr8+dxsJJfl98+2tIfwP77Sjoar0OZ/Z5rn9cAzBcAyxaBj7Dy/CbpNQUep83qdFCCGEEEIIIYQQQl4wFAATQsgrIhaT8WR4CkOD4xgfn82qzs30PAPfLNzGVvXly0bX2upZC34ZuFTwK/CAkjvTXdllgRVSx0quZ3YOcKHAUpsBnBn6attrx7RzHKqtNniE7Mpfowpgs5XA2n4cHCAxHssMmGcqrDwPL8/Dwec7f4bnMQtYZQwv0HfFK+/CzaFU+AsAiYSKy7cf4b+dOfgcz2pzdd9/ionZJUCJ48zkAnwldgqACSGEEEIIIYQQQkgWCoAJIeQVEIvJ+OzsNUxOzpsKHF+k8JfjOPB5w8DirLl1tInwlwNLBb6Fwt/094HjeMP3hfGy4bZmqoC1EDhXGKwFv1oQnL5N8mMVFsbQYrNBNGj7nHwNuSuA880DziQJPDyMwQPB1PpJm1cNzINL23/mkzwSqrnQfqvqHZzAf164m/q8vqoUf/f+oQ3Zd0xO4L//eyeWI6vt4v/Xj4+h0uvKWnc5mv39EZNpRjMhhBBCCCGEEEIIIS/OX/gJIYRsiv6HT/HP//QVJiZmX7rwFwA4rphQMBtj+v9yURkzrv412DC93TO3EhSqKtMFvpnhL2Oq7r/M57LOR2W6GcD64+d/H1dD3MKVwJmzfhOqApWp8HAMrXa7LvxNnuvqtdAC3sy2z2aD33Qcx+n+M7EFNqsK2Ggm8mpV9DqHT29Bo1OL+H5wYkP2dfn2Y134CyBnFt/WUJ69rLFiQ86DEEIIIYQQQgghhJCX2Yv1V35CCCEbqv/hU1y+1Fuw3fOLTBI5SOLmVlzmDPVMzvotps1zoYBdVVnB2cGFKoBTs3tNBrHpLZ8BoIITUW/NDn8zZQa/RlXAZttBv+gyr2Wx8523uq+6BxBfZ/XtQjCCa/dGTK9/un07Dr9WD4fNAqfdghP7tuHYnsZ1nQMhhBBCCCGEEEIIIVsBtYAmhJAtanRkBn861/28T2PdBH5tFcBmc0ez4a9R3pcvBMxVbZ2r2rcY2gzgXLOAtdbPhSqA0197evjrtxtXHmuMZgAbLS9mHnDxMve7uTOB069VYouE2hspuBzDlZ7H+GHH9jXv46vr/VAK3U2RRhR5vHNsJ945tnPNxySEFOc//uM/UFZWhlOnTm3aMf7whz/A6XTiRz/60aYd42U6j400NzeH69evY2ZmBpIkoaWlBR0dHRCE9XVbIYQQQgghhBDy4qEKYEII2YJmZwO4eKHH9PovWtvndFyR838LtXpOZ7adb+a83/RZv8bnkHwy33XVQt+1hL+aXJXAhSqA09tdq0yFylSIAJqstoLhL5Bd6ZuvAlh73LwgeONbQVso312T775/goVgZE3bPplcwP3hacPn6O0gZH1+/etf47vvvnvep0Ges1gshi+++AKyLOP48ePYtWsX7t69i9u3bz/vUyOEEEIIIYQQsgle3L/4E0IIWbO7vcNYXAw+79PYELxQOJDUFJMx5g1/czyX3vY596aq4ceZeJ5bUxvh9NC30CzgzNeYOedY214E0GK3w2M0/DaPQjOA1zMT+HmyFLjpQKYKYEMJRcWfrvcXvR1jwLlrDzfhjAghhGimp5M32bz11lvYsWMHDhw4gJaWFjx58uQ5nxkhhBBCCCGEkM1ALaAJIWSLmZ0N4N694ZzPCwIHjzP54385kkBMZmBMBcfxsFstqKp2wuVyYHaEQkcEAAAgAElEQVR+CdNTEahqAkAyzPSVSPD4SgAA0XgCU5OhZzLjlTHjX1faoTlug6p+88z8TZer+le7jrmCX1Vlaw5+V88nf/tnTXobaKN9aOwchwabDfY1ZLSZrZ/zVQBvXghsdC3XfyyBMSgr52y2UpwAD4an8WhsHs1+n+lt7vSPYWK2+BtW+kdm8K9/uqNb9j99eAS1FSWG66sqw9DYHO4PT2NidgmBUBQxOQGB52GzivCVOFDlc6G5tgzNfh8kcf0tUZcjcdwfnsbT6UVMzAaxHI0jEpMhCjzsVgmVXhcaa7zYv6MWTrtl3cfTjM0sYWhsTrfs+N5GiEL+ez+XI3HcfDimW/ZaUxXKPI6sdW8/HEMwEk99vq3ai4bqUiiKisn5EBaWwliOypATCnieg1US4XHZUOl1osRpy9rf0nIUs4thBEIRxGQFsqJAFATYLSK8bjtqyktgkQq/J7nOS1UZphaS5xWKxCEnFDAGSKIAt8OCMo8TlV7nmn5WBUJRzC4uY2k5ikg8AUVRwfM8bJIAl8OKslInykocKGbXoUgMM/PLWApHEYklkFj5xSMKPKySAKfdghKXHb4SOyw5vlb7+vpw9epVAMC9e/dw7949/OxnP0NJSQmi0SiuXbuGkZERqKqKmpoaHD16FB6PJ7V9LBbDlStXMDIyAkmSsGvXrqxjMMZw69Yt9Pf3IxKJwOfzob29HfX19avXJxDAtWvXMDk5CUEQUFdXhyNHjsBut5u+HkNDQ+jp6cHi4iKcTid2796NvXv3pp6XZRldXV0YHh5GIpFAeXk5jhw5gvLy8pz7vHv3Lu7fv49gMAiHw4G2tjYcOHAg5/q/+tWv8Nprr6GjoyO17IsvvgAAvPPOO1hcXMTvfvc7nDx5EoODg5ienobVak0FrRcvXsTY2BgsFgt27NiBQ4cOAUBqu9OnT2NwcBDj4+Ow2WzYv3+/7pqbec/yXev6+np88sknutckSRISiYTJd4EQQgghhBBCyMuEAmBCCNliLn7bmzOAtEocDm7nUFfFwWYXMT4FXPk+GQK7XQ4cPdyEqppSgOcRVxm6rtzDk5FFqKoCX4mEylIFJRVWbW9YDioIhsKb+noE0frSVJDmC3+BZNVv+qO2TWYmk3y9MnI10y1U+ZtcJ3doqf3y93IiqqwixDVe3vTgN9f8382dA7x5eI6DkuM5CoTz+/LaQ/wvf3ZU93WeS1xO4JsbgwXWWv/1HplaxGeX+zCzuJz1nKoqkBMKgssxPJlYQNe9UVgkEcf2NODN9pY1HW8hGMH5rgE8eDJteMNHXFUQlxUEQlEMjM7i25tD+MH+Jpzc31xUSPiimZoP4dHYHOSMu2RUhSGhxLEcjWN8dgmVpU5sry+HKPCIxGQMjc1hfin7J56cSL43S+EYRmcCaK71obbcOODPZ2ZxGUNP5xBPZH9Xx+QEYoEEZgNhjEwuYFdTJVx2q8FesoUiMQyOzmEpHMt6TlFVLMdULMdkTC2EYLOIaPaXodwgTM88n4HRWcPrAQDxhIJ4QkEwEsfkfAgAdNczXUtLC2pqavDHP/4RdXV12LdvH1wuFxRFwaeffgpFUXD8+HHwPI87d+7g008/xZ//+Z/D4Uie44ULFzAxMYH29na43W48ePAA8/PzKCsrSx3j0qVLePToETo6OlBSUoKBgQGcO3cOZ86cQV1dHVRVxeeffw6n04nTp08jFouhq6sL58+fx/vvv2/qOvf39+PSpUvYtWsXDh06hMnJSVy/fh2xWCwVxl6+fBkTExM4cuQILBYL7ty5g88//xw/+9nPYLNl33DQ29uLGzdu4NChQygvL8fCwgKuX78Oq9WK3bt3mzqvXLq7u3Hw4EHs3r0b9+/fR2dnJ77//ns0NDTgzTffxPj4OHp6euDz+dDSsvoz5vLly9i7dy/a2trQ39+Pzs5OVFdXw+v1mnrPir3WkUgEQ0NDaG1tXdfrJYQQQgghhBDyYqIAmBBCtpDZ2QAmJmZzPJvAwe0W1FWJsHsc4CQL6pqByrE5TMwm0NjoRUWFC+B5cKIFVgC1taUYGV2EKDA47SqsHpduj063gGBo019WTlpQsmEzf1d2mD47V//n9JXtBQ4cx6WOnx50iXw8tTyrFbJB8Z2W5epDUgbG+JwBcL7K31x4joPE1GRlMDi4ICTD3yJnLKdLP+d81b/pj88mzGdYbxUwDy5v0K6Cgd/g2cNbxcxCCN33R3HktYaC616+M4xQWrXmeivkjfSPzODfz/dCUQvfOKGJywksR+OFVzQwvxTG//0f1yAbhI25KIqKb28OYX4pjI9O7VnTcZ+36YUQwjHZ3LqLy4gnFGyr8eLeo6mswNiIqjIMPp2DqjLUVXoKrq+ZWQhh2eR5ReIJ3BmYwL7tNXA78ofAk3NBDDydNf37JxpPoO/xFPzlJWipKzNeJ5ZAz+AEYnJxFZnLkbhhdbfVaoXVagXP87BarfB6vQCSlcGBQAB/8Rd/gdLSUgCA3+/Hv/3bv6G3txdHjx7F/Pw8RkdHcfLkSbS1tQEAGhsb8Zvf/Ca1/4WFBQwMDODEiRPYuXNnap1PP/0U3d3dqKurQyAQwPLyMk6cOJGqCrZarbh79y5kWYYk5R/zwBhDV1cXmpub8cYbbwBAaj+9vb3Ys2cPbDYbxsbG0NbWhu3btwMAfD4fLl26hEAgYBgA+/1+VFdXo7KyEgBQU1ODp0+fYmRkZN0B8JEjR7Bjxw4AQHV1Nf7lX/4FXq8XR48eBQBs27YNo6OjGB8f1wXAr7/+Og4ePAgAqK2txT/90z9hcnISXq8XDx8+LPieFXOt4/E4vvjiC9hsttQxCSGEEEIIIYRsLRQAE0LIFjIxPp/jmQREQYDDLsBmN/7Rb7cr4HijYFFFQlHgtCZbTMaiIVhtySA4tsnVv4ypsFqsOSsJNyz4XWGReFgsHCRByarCS/88uTsGxpJ/nGap5QzpkXFmfsjUzKA322pgmnsdLZg0EwRLPAeRMQAs9SJ8Viu8wLrC30yFKoAz20RvfhC8vhBY4LQQOPuNSFAFcJbWhgr0j8ykPr9w6xH2ttTAYcsd7iwGI7h2Vz97smNXHbrujW7YeYWjMv7r4r2s8JfnOXjdDjhtEhSVIRSJIRCK6p4/sa9pTcf0lThQW16CJ5MLWcd0WCVIooBwVDYM+XoGJrCtxof9rbVrOvbzlBn+CnyyVbGiqojJ2WH4YiiKOwMTWcslgYckCpAVBXIiOxh+PD4Pr9tuumV2ZvjLcxyskgCO4xCNJ7JnpasM9x9Po2N3ne5moHTTCyH0j+a62Sr52nPdcDA2uwRwQIs/OwTuH5kx/LqwSSIskgCOA+SEikhM1tXFN1R7c56L4TmMjaGsrCwVJALJoLCurg7j4+MAgJmZ5PdzU9Pq94EWJKfvB4AuxASA7du3o7OzE/F4HG63G3a7HTdu3IAsy6irq0NDQwMaGgrfIAIkQ+ZoNJp1jB07dqCnpweTk5PYtm0bqqqq0N/fD5fLhYaGBrhcLrz77rs591tWVoYnT57g888/RyAQQDweT7WOXq/0wNlut4Pn+az9Op1ORKNR3bL0dSwWC0RRRCSSvBXMzHtWzLW+dOkSwuEwPvzwQ1gsG9d+nhBCCCGEEELIi4MCYEII2ULmZpcMlib/mJxQ9H+AZ3IckUAYyxEeCUVBJLI6Q5Al4oCqYnx8EYqS/DPzcoyD9mffWDRZ9hvKVaK6QTiDgDN97u9G4TkOHjcDL6wEpUx/LO1jllqeGfpmnKPB3/3NtEHeyFbJPMfBmrpIq7OAqy1WeDYw+NUUUwH87FpCr78SmJjzVsd2jEwtIroStkVjMr69OYj33sieGar5qmsgNdcUAJpqfdi1rSorAF7Pl8vdoUlEMgLAo3sacGJfU1aAGI7G8eDJDG7cH0VNWQk8ruyqQbPePrID/88fuuCwSdi3oxa7tlWiprxEV6U5PR/C5TuPcffRpG7bS3cevZQBsMZuEdFSVw6v2576OR2OyhgcncXicjTndm67BS11Zbr5wEvLUfSPzOrCZQZgdDqAnY0VRZ2XJPJoqvGhwuuCsPIzUFUZJueDeDQ2rwuCo3ICU/Mh1JS5s/YTjSVbNGedv8OChiovvG47eJ4DY8BSOIqnUwHMLelvlhqbWUKpy66brRyOxLOuj9dtQ4u/POtGClVlWAhFMDUXRDgqo8LrLOpaRKPRVJvndA6HA1NTUwCS7YEFQcgbDkajUYiimFXFq832jUajKCkpwQcffICbN2/iypUrkGUZtbW1OHLkCHy+wrPCtQDU6dS/Ru38Y7Fk++3Tp0/jzp076OnpwdWrV+Hz+XDw4EFs27bNcL+Dg4O4ePEiDh48iMOHD8NqteLq1atZoexmKubfBWbeM1EUTV3raDSK4eFhHDt2DG539tc4IYQQQgghhJCtgQJgQgjZImIxGZFI9hzCdGOzCnwlHLQ/rz+dSmBpORkMj41MorLcDV9ZCWSZYXxiFE+fBqAFyKNTyX07rQzLMQ7TC0JRLU7XJzvE26gMUeA5lLgYBJEDS2s9mxn+rn7Mck4kzar4NVHtu5ZAlOf4vO2JJZ6DqF0zpkJlDCLPo1yU4BE2NxA1WwG8+ZXA69+vBMDoOypeRCvhV4XDJuH0wRZ88d2D1LKbD8bQvrMO1QYh2sjkIvoeT6U+5zgOZ462mW4hbNbkfFD3eZXPjZ8cbTNc12Gz4GCbHwfb/Ov+2eav8OCjU69hZ2MlrBbjf25X+lz4+Id7IYo87vSPp5YvLEUwPR9Cpc9luN2LzCqJ2N9aC0kUdMsdNgl7Wqpx6+GY4Xvsdliwb3ttVreHEqcNe7dX4+aDMd3NAvOB4rpPiAKP/TtqYbfqg0qe51BbXgKrJOJe2tcjAMwuLhsGwMOTC1Ay2pRX+Vxora/Q3ZjEcYDHaYOn2Yan0wE8yujQ8Xh8Hr4SR2qbkEHL8V3bqgxbO/M8h7ISB8pKHFnnYobVak0Fq+nC4XCqetXhcEBRFCiKAkEQstYFkpWuiUQiax1t39q+3G433nzzTTDGMDMzg2vXruGPf/wj/vqv/7pgC2htH5nnGw6Hdc9LkoRDhw7h0KFDCAQC6O3tTc2+raqqytrv/fv30dTUhAMHDqSWiWL+/zV+njPtzbxngLlrrSgKdu7cCb/f/8zOnxBCCCGEEELIs1f8EEFCCCEvJFlOIBzOjKv0rSQfjMRx7b6C7ntRXLgVw61BlqoMnl+K4ErnfVz57j6++fYebt6agpxIIP1eodGpGAbGGJ5OM8SLnFG4VrxoT3280X931Sp/iwl/063nD8FrDX+B1RbQ6Y/ax1awZMtnpurC31qLZdPDX8D8DOBn0wJ6be+PZOI9MdtW/FXSsasOVWmhJWMMX157aLhu5vKOXXWbEngmMoLchIlZswCyAsy12LejNmf4m+7k/uxW009nAus+/vPQVOvLee14nkN9Vanhczvqy3O2+rdKIqozvjYSqopwETOam2p8WeFvujKPAyUZM3+XlrNv/0goKmYW9YPvXXYLWuvL83alqKv0oMqrfw3hmIzFtDYaRkGumXnYgomODpk/b2trazE7O4tgcPUGiXg8jqdPn6K2Nll9XlGRrLDW2jxrZHk1wK+pqQEAPHr0SLfO0NAQysrKYLFYMDAwgN/97neQZRkcx6GyshIHDhxALBZDKKS/lka8Xi+sViseP36cdQyO41BdXY3FxUX89re/xcREsqW4x+PBsWPHAABzc3OG+43H9V8/iqJgfj7XGI0ku92eCp41RqHsZjDznpm91k6nEydOnNC1kyaEEEIIIYQQsvVQAEwIIVtIdgVwdvgwOhXDgxEVo1MKYjJbWSf5X0xmmBgPIBgKQ9G1jE4+z3EWqOrzaam79rzNYMOVfs52Ow9eyB3+mtxbcnlarpRe6Wq4bkYoanBqBWnzf9Mrge0cUjMrVZZs+2yBikZJgv0Zv22ZQa/2mCsY3jws49E8PkcVscqQtwL7VcXzHN45tlO37MnEAu490ldW3u4fx0Rau3q7VcLp9uR8z43+MvWV6FumzgWW8etztzE4OvsMOxjk5ytxQMiYvx6KmA83XxQ8x6GiNLtFbbpSg7baTpsFLrvVYO1VHrc9a1ncYK6wEY6D7saEnOeWcQxFVaFk3DCwEIxk/Xyuryo1dUNLY032nN75tNbQdmv27+vewQlMzYfW/bXqcrkwPj6O4eFhxONxtLW1weVy4YsvvsCjR48wPDyML774AjzP4/XXXweQDF4bGhrQ2dmJkZERLCws4PLly7oAsqysDE1NTbh69Sru3buHp0+f4sKFC5icnMShQ4cAJEPiUCiE8+fPY3R0FCMjI7h9+zYcDgc8Hk/Bc+d5Hh0dHejv78e1a9cwNjaG27dv486dO9i3bx+sVis8Hg8EQcClS5cwNDSE8fFxdHZ2pgJiI3V1dXj8+DFu3bqFgYEBfPbZZwgEAkgkct/c5vf78ejRI9y7dw+PHz/GV199VTA03ihm3jOz1zoej+PSpUsIBF7OG00IIYQQQgghhJhDLaAJIWQLicWMQoPif9Qzg3DLaB7vi48hXwGVRVTAWO4/3Jut/s0Mf/OeUY7Ql+P0xytUYZoZQNrTgl8gGV7YeaCS48EScZhprMuJFrBEHJyYe+ZjJjFH9VmhGcDPs5XmRjBTmfcqaqzxYk9ztW6u7Vdd/WhtKIckCojLCXxzY1C3zen2lrzVmevxWks1Lt15rPtaGxidxcDoLHieQ6XXheoyN6rL3PBXeFBbXpKzEnUtnk4HcHdoEmMzASwEI4jFE6aqkGPxZ9NhYSM5bVLBINSoItrlKPzzxiplb2e2mttps5h6T43OTVZUCGktmJcNgnmvQThtxGYR4bBKuhbY6fvzOG2wSSKiad01wjEZD0dmAAB2iwSXwwKX3QKXw4oSpzXrxoFc2tvbceHCBVy8eBEfffQRPB4PfvrTn+LatWu4fPkygGR4+Oabb+rmzJ46dQpXrlzB119/DZvNhpaWlqx2yqdPn8aNGzdw584dxONx+Hw+nDlzBnV1dQCS4fN7772Hrq4unD9/HoIgoKqqCj/4wQ/Amzz/Xbt2QRAE9PT0oK+vD06nE0eOHMGePXsArLSQP3MGXV1d6OzshKIo8Hq9ePvtt3POGW5vb4csy7h37x4YY9ixYwcaGhowPDwMVVUNz62jowORSAQ3btwAx3Fobm5GXV3dM/ldJklSwffM7LWORqMYGRlBS0uLqRCeEEIIIYQQQsjLiQJgQgjZIqKG7TC1Fs76Vs7Fep7hr8ViywpHzTLM6FZ2xPNcsvVzjnbPRlK1pDlWNFP1m3kqHJcd/hZLe2fTw19FUQBeQJwpiK8Uj1m4Am1t4zH9owlm17TwHOIqg8UgiMkVOKeHy+trGZ2rCtj8PjO/lqIA8tc6vrrePrIDD0dmUlWLgVAUV3uf4NTBZlzpGUYorVV9pc+F9p11qxtvcAlwRakT7xxvw+dXH2Z9k6kqw+RcEJNzqxWNVknEnpYqvLGvyXSwZyQaT+APl+7hwfD0mrZ/GW+OMNs2m+c43Q0uUo75sukEg+9/s5fI7HkZtVLOfB8yK3FFgTec0ZuLzSLqAmA5sRpicxyHXU2VuDs0Cdkg3I7EZUTiMmYWl1fWT4bPDVWlKHFmV1anq62txd/+7d/qljmdTrz11lt5t7NarQXX4Xkehw8fxuHDh3OuU1FRgffeey/vftJ9+OGHWctaW1vR2tqacxuHw4E333zT9DFEUcSJEydw4sQJ3fL0mcCZ52GxWPJej9LSUvzDP/xD1vK/+7u/y1r205/+tOB2v/jFL3Sfm3nPzFzrkpISfPLJJ3nXIYQQQgghhBDy8qMAmBBCtpDcLaDz/7jXAl7G1Beq0nftoV+OZGDlj/kqA6yiDMCSM0XQFhes6C1QhKZVuxrJFfwWO19WWtl/KvgFEE8kMLm8jMFwGLGIfmahJOq/HnjJAonnYTd4MW57dmWmw5o7GLNZRETjCdhMzD61Civ7VtZW7Vgo0M4Mm4upbCZrV+K04eT+Jl2l75Xex9hW48V33z/RrXvmaNuGVtwaObSrHmUlDpzvHsDEbDDvujE5gZsPxnD30RT+8q3X0eIvK/p4qsrwr+duY2Rqca2n/Nwo6jpam6/xbdzsceCbuv8ic3pWYAO3w4r9rbV4PD6P2UA477qMAfNLEcwvRdBU40N9FVVyEkIIIYQQQgghZBUFwIQQskVEwi/fzEizNqz6dwUHBknUB92bUXBXaM5t5mKVMfAcl1UhZyihAKKQav2cHtzEEwnEYzGEwmGocjwr8M0Ui4QRAxAyeG7GIIOIJ+ZgEUXEEwlYCuxbU+gccim1GIe2ZoLp9BDaKkgFg2YtUA5brFBWLj/PGBIGyVZiPUHZK+D43kbc6R9PzThNJFT8f1/c0n2d7tpWiaZafXtWzuBab8T3ZrO/DP+zvwzT8yE8npjH+MwSpuaDmF0MG4aesXgC/36+F//bz96Ay17cjQN3Bsazwt/a8hIc3duIKq8LTrslK5T8P/7tyobOJDYKPRVVLVitanau7qvKklFNnFBVJJTC11UTjemvr0XM3s5ulbC7qQoxOYHFYBTBcBShcBzLUTlnQP94Yh5OuwW+krVXrRNCCCGEEEIIIWRroQCYEEK2iOzqX3PSK35fpOpfIBli2GzFzgZNzv3luYwQOK36V1W1WbTFn5NxK+fidpRrdS345c2UrOVra5pgSCgKJJ4HrPlbgwKA1ar/XM4RMqhyPFktLCdvNigU6sqJBCRRhJxIQE7kD1/jK89HY/qv47m8WxXHZrXCIoqp87ZabRAkCQ6LHS63A27JAonjUuEvWTtB4HHmWBt+fe52all6eCUKPH58JHc7181S6XOh0udKfa6qDDOLITyZWMSth2OYml+tEI7LCdx7NIkjrzUUdYy7Q5O6z30lDvz8vQ5YJHOtiDeCUSAZicmGs3TTBZajm3VKW4LT4GaA+aUwKr0ug7X1IrFkC+dC+9NYJRFVPheq0r5eo/EElpajmFlYxtyS/u6cybklCoAJIYQQQgghhBCSQgEwIYRsEbGYXHilDC9a4LuRjMLfdPle+norDvPPAl7/zF+NiNXQWOD5jIBNgJg2W1MQBCiKkvVoJD0PTigKREFIPjocSChKdmKcQZGTX4vaavlW18JmbRWnLW46LC6WVq28uv8oeFWFKAiQmT15LjwP3kQv28RLOKP1WdtRX47WhnL0j8xmPXf89W0oNZqxu8ntgDPxPIcqnxtVPjcO7vTj//y3ywhFVrspzBdow2tkPiOYa/GX5Q1/Y/HE+lovGzAKeucCYZS6cgeECUXF1LxRHwCiKXXbs35+j04FUF7qLHjjzpOJhaxlvpLiJonbLCJsFhcqvS70PZ7StYmOxNb2c5EQQgghhBBCCCFbEwXAhBCyRSyHiqvcemnCX674iqas6l/DdVb/ip/+x/xcuR5DdrBbaP5vLrlCYDVVpZz2xEqr5ywJBVKuaj6Rg0XMTl1tkgUyUyGsBKHa5/lYACDBYLFyusd0CjKC5Bxtm1PrpwXPmWeZUKypABkwrkbOHz8nK5WNaLOONYIkQRQEWKxWSCutt3X7yTOvU6YA2JSfHG3D0Ng8FGX1fSxx2nBi37Yi9rK+a919fxRNNT6UlzrzricKfNa8bsFka1/dNrx+m3Asf3v+y3ceQy30A6tIboc162fMxGwQVV4XXI7s7yBVZXgwPI2EQq3N8xEFHpWlLkwtrAbly9E4+kdm0NZQkXPe+8jkIqYXl3XLHFYp6yaI+aUIOA7wGt0ckSFzdvYmj9ImhBBCCCGEEELIS4YCYEII2SKi0cIzgF+a0HcFz3FZf+TOb7XNc8F9m9hvaoav0XOqfp3Mj433txr85pr/W3D27wpRFHJWnFlEEUxRwRmEVxbweT83PliOx5TsNt3a8ZlRoJSnq7fMVCgrFbqKosAK5K1WBvRVygBWK5UzX4YgQFipihYgrATlIgRBgJgW2uULflPrUABsiq/EgeN7G3H5zuPUsh8d3gEpRwvzjc6wFpYi+PK7hwCA7XXl2Lu9Go1VXrid+hA0GI7h0u1HCIb1LcirfO6ij1lR6tRVAT94MoORqUU0VJXq1lNVhs7eYXT2Dhd9jEJ4noOvxIG5tApRlTH0DE6gvrIUZR4HJFFAQlERCEXxdDqQ1Z6YGGus8WI2sAwl7RfN9MIywhEZ9VWlKHXbIYnJjgxLyzE8nQ5gIRjJ2k+zXz//mjFg6OkcInEZbocFVV43vG477BljEBSVYWo+iJmMQDlfO2lCCCGEEEIIIYS8eigAJoSQLaLQDOCXLfwFAJXxhrMs14NbCffMjNnNZS2Vv1peaJQbGlb+FiDleAFaWCpaip2dvMG09tNCcXNPRQAJjtdVKgPQfZzJkvGY+bFu3ZX9pIJgnofI8+A5M42fV1ELaPNO7GtCz8AElpajaKgqxd6W6md27Mt3HqWqa/tHZtA/MgMgGZY5bBYIPIdITEbAoIOC22HFrm2VRR/zQJsfD1eOAwCKouL//ewGdjdVoqa8BJIoYDEYQd/jKcPjbpSGqlLMB8K62xkUlWF4cgHDk9ntiIk5NouIHfXlePBkRrc8FI3j/pNpU/vwV5RktX+eXgilQvhgOI5gODkBXeB5WCUBAs8hoaiIyUrW7woOQG15yRpfESGEEEIIIYQQQrYiCoAJIWSLCIfzB8AvK44vLgA220mV4zmwPCsXquZdK6PWz8VU/qZvk0mbA5webiqqqnt8KVgkqJvQilYAg0VKBuPa9eM5DjzHF90+NbbGOcSvIosk4H//65NgjBVZ0Z+01u/EcDSO3sFJw+eWI3EsR3J3TZBEAX9+em/e2b25tDVWYHdTFfoeT6WWMcZw79EU7j2aylpfFHm47FYsGlSJrofbYUVTrQ+PxudNb+NxWrEUjm3IjPKtrNLrgqoyDDydLa25DCoAACAASURBVPpa+ctL0OIvy1o+NhMwXF9RVYRj+X8eNtX6DFt7E0IIIYQQQggh5NVFATAhhGwRhSqAX0aSmD2XNTdmOvwFVoJYFJ7/y1LPFWrvbO7g+SqAzcr85Z0eIGeGvNrnhcJf89d5Y4lMQYLTh2y8IEBdOZ8Ecv9jRXsu52NCgZjWaphnTNfqOT34zff6Dd9bjoeqri3QfBVxHHLOR90sDpsF/+P7Hfj25hCGxuZzD/jO4K/w4KcndqG6rPj2z5o/O7UHVouI2w/HCpyjhI9O7UF33+iGB8AAUFfpgSgKGHo6B8Vgnna6Kp8LO+rKcfX7J2DrnLv8Kqguc8Nlt2Dg6SyC4cIjGGwWEc3+MpR7HIbPv9ZclZwVvBDStZfOxyoJaPaXoaLAfGtCCCGEEEIIIYS8eigAJoSQLSIWK/wHaMbUl6oVtJin7a8RnjNfAbwRzIS+m1JJxwsopi5yM8JdLXROfwSg+9gMlRMNpxBLHAeZsbz/UMk1mjj1mDFnVuB5cBwHDlr17+prWcsVUsFQXONoUshGh8T+Cg8+OXMQwXAMD5/MYGwmgInZJYQicURjCYBLBnNetx21FSXYva0KjTXedR9XFHl8cHI32nf60TswgccTCwiGY5BlBQ6bBJ/HgR315TjY5ofdKqG7b3QDXq2xap8L5R4HJueCWAiGsRyRkVBU8DwHqyTC67ah0pcMM0lxXA4rDrT6EQhFMbO4jKXlKKLxBJS06+t2WFHmcaDM48w7esAqJVtLN/vLML8UxtJyFMHlGGJyAglFhcoYBJ6HTRLhdFjgK3GgrMRBN6EQQgghhBBCCCHEEPfLX/6SbvEnhLyS4vHCgenL5P/6738AWxlO+zKFvPm43SVo2dFuYs3VX2W6ANggfdVC28oKAarCclYAa+sxZAe9TDVYZngsE6eO3BXACyVBuEodQEaQaeeKqYwuAseD3+DKP47jkq1/OR4qU3WPWpWhUfyaUBXETIarElMhc3zWo8ABCgOEld2IjEHkBcOqXw7ZQbnKGBTGIOe4JDvdLliKnHH8vFgsFO5tJcFgEB988MHzPg1CCCGvkLNnz8LtXnt3DEIIIYQQQsizRRXAhBCyBYRCkVT4u5UIotmZhhzMVMRqIW0ylFz7eT1LSkKGIG5CyJhxk0Ay+C3uohhVa3LgdO1jOXCp9fiVY2rhb966W45PJehGAa/K8+DV5KOM1WUCAJVLPvKqCqSthxwtn6l+jhBCCCGEEEIIIYQQspVQAEwIIVtANLpazbwZ1b91lRzqfAxLNc2YCYchjCxjciK44cfJZLWYDYDNYSvxpNYys1D1bz5aZavZ9dfCumyFYotDSChZVcAF5fk6KDbsLdSWVwt90x8L7jPHOlobbx4sVbmrBbrpjwCSoS6SFb7aMi3s5TkOEIRke2ntkWnH4FbOIf24xufzLFuKE0IIIYQQQgghhBBCyEagAJgQQraASHjj21mLAo+WWhV7m0XY7MlfF7clNypdbqASsC8vI3J/6pkEwYUlU7piwrpcmW16mGu0ilZonS/0XW/rZyAZSIpMgCzzUBCHYLOkQuC1tn8upr2zmVmsRiFusdN0U4Evl72s4LZaZS9WZxJr4W/Rs4hX3otithG3SKt1QgghhBBCCCGEEELI1kJ/uSSEkC0gEokB2LjqX0kUcPxYMw69ZkuFv5kcTif8x3Ziz2v+DTmmEV60F1hDX8maHiLmS2EFQdY9ny+w3azqXiB/2KgyBklZrfpVEjKQUArvlOPzVv9uFC3ozTfHN5fVNsz68Dc99FVN7C8z/OXTZiPnurY8lzzTXHvPF8qnc0hiqpKcEEIIIYQQQgghhBBCXiQUABNCyBYQi8kbti9R4HHoUAPq/GUF1y1hMvbv34bqGrfh8/mqSM1UmFostgJr6PehqxrN2H96kLvW3O5Zj1nmOEAKWKHIDEgwKNF4/hA4R/DLg21o9W96+Js58zeXXKFverWvmfclM+BNfzQKb3l19U0zew1UxvIGwRxTUWe1mNoXIYQQQgghhBBCCCGEPGsUABNCyBawHIpuSPUvYyrq6jyor68Gpy6b3q61pQqikPv4ZsJenl9fpW1Wy+CMAE+LKjfCRlYFF2o5bFGF1RAYgBKNIxKJIhqPQ1YUfVD5jBNqszN/00Neo8fMCmCVAQmD9yq90jf9dedr36xVCQMAW8P3CAMDY0w377nKboeFpykahBBCCCGEEEIIIYSQFxP99ZIQQraAaHTjZgC3tTZAkniwjF0GxNKsdW2W5K+Rcl8JrFYrEuEIAH3gmyv81QI1nmdQVQ6qmr2ezSat6TXko6iAwHMF5/SajXg3s0W0xqIKQMAK2RNbWaJACSdMbStI2ddVklZbS3Npwb0grC4X0tora4/ae5ne9tlMCJxe4asFvkZVv/kqgNND38zqXO0cC839TVYAr69tc6nVgnKLldo/E0IIIYQQQgghhBBCXlgUABNCyBagzQBeD8ZU+EokVFS6it7Wbo3DIsSh1QwzxsBxXOoRyA6CGWOp8BdYDYJ1ywSH6XNIDxULpbtmwjsO5kPg9crVvjidRRUgzTsgCwoi4v/P3p0GR3KnZ2J/8qoTd+NG4+q72XeTTQ7ZHJIznJsjSiONRtaOFJJWsbb3w4ZiHQ7bH/XNdoQjHA6HVxur3fWuLGlHWs3BIefkDDkzJLvJZpN9dwN9AmjcN1AA6sjKTH9IZCErK6sq60Kh0M8volhVWXn8qwCigXzyff9xyGFzeULLPS9wMla5qmBZca+o9dmCZIsziM4WQlu0HEGtBCP1uiynH8v6NBQrFBbFjFDYawxs/4rE4jG0hcLoDQQZ/hIREREREREREdGOxgCYiGgX2NgoPQAGgJ6+TvOBKEIRF+CtxtQUDupYiqQvy9f62R74WqGvvRJYkTODxHTbFdFWjlW16iUEFoTNIDgeAuKAKmnwWiOdFDKDYlXK/xVOSNnnl06qmeGyrIjYiKlpz5OqDsQ8DrQIKjY8raeIIiTF/MTkzZBakiRI2Po+swfTALAei2J1ZRmHO7rQ4w8w/CUiIiIiIiIiIqIdjwEwEVGNi8fVkiuADUMHkER7a725QNehJ7MHf/nkC36ttsmCIEDfzBCdFcCiKEAUyzNVvXm8/G2p07Ypy5HzyzcHsBtrE5+eHlYahvmaW46sIDNMDyZ9ADLbMhdLkzXA+a0YTw+f1xPuoXNcjsKfDCIuR4s4svk+JDl3K/QkdMTjkZzrAICaNMeY2Lx/6dBR9LW2FDEuIiIiIiIiIiIiou3HAJiIiFIkl9a9ufilrfrT9aiIrQa8+ZlBb+YcwNa9XOBYchEcqahQnly5bAqpArazAl/n40JZRa25ilu9hMNS0v1rZq+wXVtyP4gPCnQY8KEhbbnhJYrXY0gkYmjpbsORY1stzDfiuQPhtXjusuQ6fwAd9fXw+8s/FzURERERERERERFRpTAAJiKqcapaSKPm3OKJOLBZdWuoucMze6i3tKJjI15YAOwMfJ0VwLJU5D9RLgGqYVvmMt2s63rbqZgqYCB7+JutCrgUVjhcSpWwquZpcW2r0jZgpD33qrXeNod1fcGbExEREREREREREdW8HVYDRUREhYrFcge1brK1QF5cigK6jlRfZptZvTHr/pYj0VTbXC/tlQEz8LXfOwNhSfF52o+lkGDS6xiLVczurcpfKwwuJBR2W1UQtpaX8+2KQu5K4XKwwl97COwlDA76/ZUdGBEREREREREREVENYABMRLQLxPO0urXLFX7eHR6Hqprhr5Hwvs8bNxeg64bnYNWc+zezAth+b67neQg7UiHjtwe+VivoYiuDSx2LF5UMge3hr9UC2lMraCIiIiIiIiIiIiJiAExEVOuiG2ZQa4WvgiCkBbHWc7flW49FADLiqorHj6cL6h989eoIIpHVosZuhb1ugbAk+8vextiyHblysYGrvRK4kPmAyz0OLwqpBva6nj3oLbYNNBEREREREREREdGTjAEwEdEu4hb8el3fcufmGBbnl/MeS4OG+9fGcPPWhKdjuR3bMMS04DrXuPLxGkYWsm8vcwKXu510Oat+napZUe21Rbcz8GXlLxEREREREREREVFh5GoPgIiIShONxkva3gxiDQiCCMOQsbgaxS/euYUvPqOgucn9nwlN07B8ZRSzM2tFHdM8XmYauRUG6/D7CpvPtZA5gHc6q/1zuaqAnQShoCLvvJzBeylfC6vq1wqCGQDXHlVNIqEmoekaDMPYvFV7VLvL+toaYgW0/t+JrJ/3oiBAkkSIIq9LJSIiIiIiIiIqFwbAREQ1Lh5XkUgkS9qHMwSOqyreuqjiSJ8PPa0SACDSpCKiqliNriJ6fRkJNVlU5a91vFwMo4QgIE+6KYoC4DFUtD6XUhQTtjrnAwZQtiB4O6qARcEMga17r5zz/hYqFOSvNdViGEAsHkdCVSFLEmRZhl9SzAsZGOyVnSwCAb+v2sMoiWGY/6cbugFN06EmNUiiCFmWqj00IiIiIiIiIqKaxzOlRES7gK67V9QWwwqBAWBoLIH7ExIkUQTwAEkd0DQzKC5362MnUQ4Wt2GBbZtzrV5q+LuTOb985Xir9tDXfm+9lndMm1W/2eb9zTYnsCEG4KvtLKymxeIJxBMJ+H0+NNbXVXs4VCMEYfP/ZsmsAAaApKYhnlAhSSJkiUEwEREREREREVGxGAATEdW4RFwtSxhr7cOqBDb5oOmApm+tsx3FfIKgb95vLatUFuu1QtfQsyz3FDhb6xYwMIdKtYO2lOOztsJe573zcSEkSYSm6amAyE1S04rbOZUssr4BURRRXxeu6PzV9GSQJQmSJCGpJpHQk/Ap/FOFiIiIiIiIiKgYPKtCRFTjVLW84ZczTM42X28lGYYIny9Q3MZlnODWSwvoQtpE24PgUltDb0cYXM5DOCuArUA3X7hrX9eN1S42iSK/X6gomq5jfT0KRZERDBQ2XzdRLgIARZGhJs1qYEWW2EaciIiIiIiIiKhADICJiGpcLJao6P63O/w1j+llrfREsZD5Zot5S4KYvQq4Gso9N7CbcgbBVgWwM/jNF/5aZFlCMqllnR9UliQEg0rpA6W8DMPA+noUAb8PPh8/82pZWV2r9hAqLpFMwtAN+HxKlsbwRERERERERETkhgEwEVGNi0bj1R5C2XlrJSvAGQIDyJtWSpIKoLyhVSFVwJnbFhew6oYBURAq3hoaKC4wz8dL8OsMe63noqOftBUO0/ZYW49CVmSGv1XW2PBkzLesJjUYus7vNyIiIqJdbGRqEbcfzWJ8dgUbsQRi8SSCAQXLkWi1h/ZEaqoPIhpTEfDLCAV86G1vxNHBDgx0NVd7aEREVAAGwERENW5jY/cFwIIgIBAo8mS/h0Q12yrOILfYUNcLexvoUttBWyHwdoTBXsfkLnNs2Sp6M/btMomwNVe1KOqe90OlicUTEAQBIbZ9pm2iyBISqoGkpkGW+P85ERER0W4xsxjBxRujuPlwBpIoIOGY3iquJqs0MrKC97iaxMpaDFPzq7h6bxK6buDE/k585kQ/2pufjAtSiYhqGQNgIiLaEQRhq7+yKFbunyfD8MG1ctg5HnNQFQmB7TlpuaYstsJXtxDWLRS2h8blkG83VitxL0GtW9hr7iOzalgUBei6CFHUobBAsKIMw0AsnkBDfbjaQ6EnjCLLSCQSkCSJraCJiIiIatzqegw/vjCEsellRBMqYAAaGzrteFZAf+XeJIZG5zDQ1YyvPn8E9WFeHExEtFMxACYiqnGVagEtCBIMQ8t6XymGIXoMJYtLTSUxgXK3gAZKbwMNbAXB5QqFLdk+z0LD32yr2997rjmjRdEHQHVZnn0bZ+griYABe/Wz+R9d9zaXMBUvGovD71PKdtEAkVeCAIiShGQyCUXmny9EREREteo3Vx7ig+sjSCb1qnavohIYQDSu4u7YHB5MLOCzp/fhxVMD1R4VERG54BkUIqIaF48nyro/K+C1Qt5s94UGwblCTfM1EYKgb96KC/NEAdBz/A1pQMhZqVrJls9eWJ9RNYdhD6NzfVbOoNct+HVblivsNbdxr/K1GNgMfQVHCEwVZQCIJ9QnZt5Z2nlkSUI8kYDCv16IiIiIatJ33r6K0amljFbPVJs03YCma7hwfQSTcyv41hdOVXtIRETkwHIZIqIalyzzH0/2gNe6N2+wPU9fTxDs67vfrEDR7WZut9UCWhAFQAiW9X0BgIDcLY9zVa96WU8QBM/7yL5vb7dC1891E0XBdm/e7I/dbtnee9pNRPotIzQWM26AWeUrisLWTTBDXuu59QGIggBJFFiRug2SahKyJPGzpqoRhM3W9bqef2UiIiIi2lH+zXcv4v7jecQSnNd3t4nGVdx7PI9/+72L1R4KERE5MAAmIqph8bgKLVfJawGcga99mUmyPZfS1gMkAFreeWC9EiUFfl/6+yrXvsu3n8wdbWcFsTMILnz79DC3kPDbU9gruq2bHvra2UNfA+mhr/PNWsHv1sUD+SuLqTRqMgmFpZdUZaIkQmMATERERFRT/s13L2Buaa1s5y5o50lqOmYW1/BX32UITES0kzAAJiKqYZHIRlHbuWV91vy+xZM2b7Dd5z5mOhH5/llK30fO/sQ5XsrXgthbkOgW9tq3zVc9W7bgtchbtrFnW1+UzJtb0CtK7tsC5ldJFDKrdJ1VvrlCX2t7ScwMfgVRTK0TDDKgrBRN0yFLpfx8ICqdKIgweOKQiIiIqGb8l59fxeJKcectqPbMr6zjH96+Vu1hEBHRJp4pJSKqYdGN4ub/NQzAp8hoaRtAKLwHsrwV7LhVUuaal1VVk5iZuovVlaXNV8xq4MrLNdmvs3pYSAW2+QJXe7Ar5DiKfT/OMDjbMQzDKCkELqecIbCHy8NyzQEsZNk/sPV9Y31iqW83l/XF1OfjPLb1QNy8EwFWBVaUbhhma3aiKhKEnD/5iYiIiGgH+dUnDzA6tcjK3yeIrht4OLmA964+wmdPD1Z7OERETzwGwERENSwajed8XRDSs1DruSAALW0DaGvrhiQV3gzCarkrSQIEUUEs2mkLgItlBXjWeJQc61buD0h7WOx8LoiA4cgZ7cFyvhbQztDYGZK6LSuF5+pij98CrqFxjtfdDp+RITpWyhb6pi0TrKpf8/PWDSFVCUyVoes6RH7GVGVefs4SERERUfWtrsdw4cYo1OR2XBxOO0lC1fCbKw9x5lA36kL+ag+HiOiJxgCYiKiGRVbNVkpWMOZ2Xtz+mvW6YQA+XwCyLEKWvbcgtoedVhakqm6Vl8VUAW+FS5LszzOna67a3Nzcws7MoDx7yOAMgbMFxlYYaj2231vrZY7DvT1zqUoJeNNeR+b7S9/ebZ9bj1OtnR28VvpurW/7vEUBom5AN1idWmn8hImIiIiIyIs337vD8PcJltQN/PC92/hnXz5T7aEQET3RWMpBRFTDIpFo2vNs+V16uKlD1zUszo8imYxD15G6Ae6Pdd0MMq3lhmFA0wyoqoH1jQRWlqczjumc87VQ2cJIwT1DtB03WxvrrflkCxqHy1icgaqXVs724LSQuXkLGqvL/Lz5wt+c8wIjfQ5ft/dpfT3sm6ctc1th09Z+PYS/hg5RMDLCX/s9ERERERERVdfMYgSPZ5arPQyqJsPA6PQS5pbXqz0SIqInGiuAiYhqWDQazx6cwbncTG81zQCQxOrqPG5e/wDhcCMkubi2PFoyjvX1DdfXdEOEKOjQi2jX6feV3iZIFAXoLnMNbYWY5nNreLmqgK0Q2P5ebLlk1mPkeuyV1+rdrNvnCqULWTdPda/bQvcW0HmqfYG0N50KfO37zRL4+n0MgomIiIiIiKrpvauPEFeT1R4GVVl8sxX0733uRLWHQkT0xGIATERUwzY2cs8BDFhz/poppQAd9tbMmqZidXV+85kMWTKQ1PKHaII1B6sowGz3nJ3oCE7Lpdi5IN2CRy8hcNb9ucwLnOt1t+flllGxnGO9XPMO58qr0wPb3HP/OquDcx7DMb/v1uLc35dS7m9DIiIiIiIi2gZDo3Ml70MUBfz2S8ewr7sFG3EVf/PjT7AeTeDPX38WH1wfwdDIbBlGajp5oAuDPS1449e3AADf/PxJTMyt4OKN0bIdw4vmhiBePDWIA3v3IBTwYWUtipsPZnDhxggSau210xYADI2W7+tERESFYwBMRFTDotH8AXA+siQhqWmewl8r+N0KDHOnbrphhXm6bVn+0FaUgzlfzxVapu3HpQo432bOEDj9ta15fdOW20JcQ3dpEZ3nebEKqe7Nto2znXPu42VfkK9C2Jo3WtNc1ner+E17OfvARAFwKfQmIiIiIiKibTYytQifLCGq5bhK2oOjA+0IB3z4P7/zHoJ+BevRBADg6t1JzCxEyjHUrK7fn8TKWqyix3Dq72zGt75wEpfvjOM/vXUZqxtx7GkI4YWTA/jdz53Ad35+dVvHUy6yKGFsehl9nU3VHgoR0ROJATARUQ1bX4vmXccZzMmOUkkz9JWR1MyAVxTT0zTDyEwrzX26h7+SaEDT0w9qD4K9VgR7CWKzBbJ2zhBYEAVzv/Z2zjnaQduPkZqWNsd7qGTLZiB7sFvovjxX97os9Lqt67zCzrl9UVzou7UiAAbAREREREREVXf/8QJiidLbPzeEA5iYX4WuG6nwFwA+GRoved/53B2bz79SGfl9Mn7vcyfwxm9u4+7YVvX07NIafvDrmwgFlG0dTzklkkncezzPAJiIqEoYABMR1ah4XPXYWtn9ylsDZgBn5cFW0GsY+aqA3YNfWQKSGjLCXysQtlcBW/PAuo9fh88X2DxW9hA4fUy5WzW7zgecZ+eZoXD6MURBgJkjewmzc7dazljf01qZx8j9er7t8y/0Og9wZpWx7aN2CX51Q3ANgd1khL9gFXAtGRq+h0+uXEs9FyURdeEw+vt68dSRQ5Dlnfur6U/ffgehUBAvnX8eyWQSb/74Zzh14hj2DQ5Ue2gVM7+wiKWlZRw8sC/jNV3Xcf/BIwSDAezt6S5qjnOiner2oxnMr2y4vjbY1YzejtwnMTXdwCd3xtHf1YyOljrXdZKajgs3RnG4ry3rOpUwPruC6YUInjm6t2z7nF9ex7V7kxifWcZaNIFoPAFFkRHZ5uqp3aa+LgBVTSLo96Eu6ENvRzNOHerCnsZwtYdWc/7xF9dwJ0u72FfPHcCLpwZLPsYvLt3Dp8MT+J/++JWS90VUy0aml4qaqsnuv/niaQx0N0MUBJw93IOp+VX8/c+uAAD+5LVn8OtPH2BkagkN4QD++Ktn8ZOLw3j13AE0hgOIxlX85spD3HgwndrfQFcLXj67D5176pHUdNwfn8dPLw4jniWo/q3PPoXHM8u4encSn3/mAM4c7km9JgAIB334929cwsTcSt59nzzQhd6OJiysrOMzx/vx9qW7uPVwJu14J/Z3YnxuJS38tduIqQCAzxzvQ2NdED/7cDjt9W9/5Swu3hjBw4lFAMC/+tZ5fP9XN/HK2f0IBRT8ux98hL3tjfjSc4fQ0hCCpuuYnF/Fzz68i+WIWVRwqK8VL5/Zj5aGIKKJJD4dmsAH10dK/lpquoGx6aWS9kFERMXbuWfZiIgoJ1Ut7KpaUZAgCLKHoDAzrLQCW8EW3rlVaCq2C1N1TUNc1aHpAiTRAJAZ0rpXAxdXQuulGlgQhPRg15HyOkNfa5lbNTBg/vGXWuY8VpbxFctzeFxM0Ot4odB9uAW+qce2B4LgHvSKgmFWZuuG6/dVxiK35wagKAygasULzz8LRVGgaxoWFhdx6/YQ5ucX8PlXPut5H9974y309e7FM2dPV3Ck7iRJQldnJ+rr67f92G6WlpYxMTmFo0cOQSrjhNgBvx91de5Bw8TkFEKhIPb2dJfteEQ7SUCRcaB3T8byoD9/FY4oCGhuCCLo33l/bocCPjQ35J5qw4tYXMWvPn2Aa3cnEFc1JO2tPgUAerzYX+lo08LSOiACq+txzAB4MLGA9689hN8n48zhHrx8Zj/8vp33PbZTNdYF8LUXjmQsb21ioE5UTusbifwr5fGdt6/ihRP9CIf8ePujuznXrQ/5cf5kP/7h7WtYXY+ho6Ue3/7yGSysbmBybhUAMNDVjLc/uovpxQhEUcCrzxzEq88cwI8vDOUdyzuX7+Ody/dTz8+fHEB3WwMm5lY87/tgbytCAQV/+9NPsbiaeYFZf2czhss8V+5r54/i/WuP8HBiEYIg4A++eBrfe/cGHk0uQpZEHB3sSFVqH+5vw5eeO4TvvXsTE3MrqA/58dr5o/jaC0fwow/ulDQOAUBko/Spy4iIqDj8a4GIqEbFYvn/sJIlCYcOdWP/vm4Egrl/5BtK+UIDi7ZhYGp6EjduzCAWi7tW6rqFwAFbiyNn2Jgt3/VSYSuKmSGn2/6cxcGZzzPD5nJHj+UKfHOu46HCN9vynO2dredZHmdst/l1yRv+ZhlHqVcl0/br6uxAwO8HAPT17oXP58PVazexvLKCpsbGshyjkKr7QgmCgM88+3RF9r2T1NWFswbArPql3U6SRLQ0hIraVhDMk707UUtDEC0lBsBvvncLnw6PQ9eNrQvgnD8OGP6WzvoMbZ9tUteRjCbw/rVHuHh9BM8c7cVrLz5VleHVGp8i41BfW7WHURJdN9L+niHaiaJxdVuP5/fJePP9O1hdN7tOzCxG8PGdxzg60JEKgH/16YPU+rpu4P1rj/BnXz9X8LG6Wxtw9kgP/voHH6WWedm3KAj43q9uQssyL3I46MNatPTg3O7K3YlUpXEooECWRIzNLAMwu5DcuD+VWvfVcwfxxq9vpULtyEYc3333Bv7iD17E+9celTwf8sY2f08QEdEWBsBERDUq6uHK2pbWII4d3QvFLwPi5lkkffOPDrGMZ+Z0xx8y1r7rBOzd14PJyWVMTm6N1y2w8zo3cDb2eYGzBYJusxefXAAAIABJREFUJ0wEAUjN7uuYFzhXCJzvWNnGl6oeLjI48bqZl5bO+fZXTPArZHvBMNwD3ELm+s0yFvOeIXAta281g5K1tfVUADw69hg3bt1BJLKGhvo6nDl9Et1dnRi+dx+XP7kKABi+ex/Dd+/j9de+At3Q8daPf47jx45gdGwc8Xgcv/+7vw0AGBl9jFt3hrC6GkEoFMShA/tx9MihtDEMDd/DvQcPsba2jmAwgP37BnHi2FHX8Wqahu/81+/jmadP4/DBA1hZXcVbP/45njv3NB6NjmF+YQEBvx/HnjqCgb5eXLx0GVPTM/ApCvYN9uP0yROpfRmGgRu37uD+g4dIJBJoa2vFuafPoGGzuvj9Cx8iFk+gr7cHt+8MIx6Po7GhHl/96tegKDLuDN+FltQAAHeG7qKpqTFVlbuwsIjFpWUkEgnIiozmpia0t6WHUouLS5hfXISqqvD7/Ghva0VDg3ns6ZlZLC0v4+jhrc8qGo1henYWGxtRiKKAxoYGdHa0Q9z8uf94fAJJTUNjQz3m5hegJTWEwiH0dHVBUfinB+0ODyYWML+8geeO9aaWbUQTuDw8gRP7OtFYF8D710dwoGcPutsaAADr0QTuPZ7HWjQBvyKjtyPzYhc1qeHhxCIWNquDWpvC2N/TAmnz/68Pb46ha089krqO2cU1QADamsLY37Mn7d/nyflVTM6tIqYmEfIp6OtsSlU5PppcxPRCBM+f6E+tPzG3iqn5VcQSSfgUCZ0t9Wlz9UXjKh5MLODdj+/jzfdvoaUhhIHuFvgqcPEgebD5pdYMAx/feYyPbo3hG6+cSGtRSoX56cVh3BmZxb/+w61OJLOLa/ir713Et798Bgd6W3F/fAG/ufIQUwur8CsyDuxtxZc/cyhrV4D/7W/exbNP9eLzzxxILfvbn34KAPijr5wFAMTVJN65fB93Hs0iGlexpzGEl8/ux9GBdgBme/X/558u4KXTg7j5cAYbcRX/M1tM0w4X9CuIF9itrBQbsUSqjbFlcXUDh20XfPR2NOGl04MIbP7/KghAuMB5dX2KhG+8chxv/PpW2hzHXvY9MbeSNfwFzN8R6oK+gsaTz+jUcurxRkzFrYcz+O+/8RncejiDsZlljE4vQdN0+BQZjeFAKhy2qEkNYzPL6GlrLDkADgXK+96IiMg7noUhIqpR0WiuNjrmHxcBnwzFJ6WHveUMfj3us64uBMNYzRp6Wi2mrXu/P5B1X85M0X0dl0pjUdgMgA3XcBfIDIIz5wHOPHahQW6pc/XmXLeEfWev/i2s0jdbK+nU5+WhaiFf8Os2LkliNUQtW11bAwAEg2ZV2qPRMVy4eAlHDh/AmVMnMDL6GL967wN89UuvYqCvDx3tbfjlu79BZ2cHjh09jFA4hLXNfQzfvY/jx46ivs6cU/PBwxF8eOkyDh7Yh9Mnj2NufgGfXruOeCKB0yePAwBuDw3j2vVbOH3yOFpamrGysopPrl6Dz6fg8MEDLiN2d/X6DZw4/hQOH9yPu/cf4uPLVzA0fA893Z144blnMTM7i1u3h9HU2ISBfjM4unT5UzwaHcOZkycQCodw89ZtvPOr9/D1r34pNSfy3Pw8VDWB0ydPIJ6I4/LlK5iemUHv3h7sG+jHymoEs7Nz2LdvAMrmNvMLC5iZmUNHRzuCwQDisTimZmYgSRL2tDRvrrOI6ZkZtLW2IhwKIbK2hrHH4xjo73Ot/I3F43g4MoJwKITevT1IJlXMzMwhHo9jcGArTNrY2ICuaehsb0dS0zAzM5saL1GtMAwDmuMCNwHm7xJtTWFMzK0ishFHfcjsZrCwugFFEtFUH8j4/UTTDdx4MA1JFHFgszL48XT6iVbdMHD9/jR03cDB3lZouoFHk4vQND0VBgHA49kVtDaFcLCvDZH1GB7PriAU8KG71Qyax2dX8HByEX0dTWgMB7AY2cDtkVkc39fpWvk7PruCkaklDHQ1oz7kx3osgYcTi5BlEd2tDeZFKven8YtLd7Gwso7Bnj14NLmI6KNZnDrUVfLnTKWxLp788YU7mFpYxddecL9wicz/pxOOUEoQBCiyhGP7OvDRrTFMzK2gp828OGN4bA5Bv4LBnhaMz67g7352BU8f7sbnnt6PjZiKX358D2+9fwe//+rJosf03XduYGZxDV949iAawn4Mj87hn965jn/x28+hc8/WNBMf3X6Ml04PornIrgRE22m7K4ATmxdC2hnG1t+dPkXGNz9/An//s6uYWYxsLpPwr//wpYKO87UXjuLmw+m0oNTrvmN5AvGx6WUc7m/HtXtTOdfTDSN1zsTOJ2dekOUM4d96/zY699RjsLsF557ai2+8fAx/97MrWFqNFnQOohgbHrrXERFRZTAAJiLaVbZOVArQMTW1hrGxWfT2tkGoRPCbh6EbmJ9cxOjo0rYf2y0EVqQEAA9X+joS4nxzAxc2rsK3ybttjp26V/Fu/lFcQOjrtj+34Nfr+/M032+B45NlhsC1QksmoUoSdE3D3PwCrl67gT17WlLB5JWr19HXtxdPnzHn9+3u6sLC4iKGhu/j+eeegd/vgyAI8Pt8GS2jz54+iQP79wEwT/ZevX4D/f29ePYZs9qmp9sMLO4MDePIoYMIBPzo7GhH+6ttaN3TAgDoaG/D1PQMJianCgqAz54+hX2DZhDa1taK7/3gLTQ2NqTeR19vDyanpjEzO4uB/l6srkZw/8EjnHvmDA4d2A8AaGlqxA/e+gnGHk+k9qXIMj738mdTbbPn5+extm5WCPr9fiiyWfXg9/lScwCHw2HsGwylQvVwKIS19XVE1tawp6UZhmFgdm4ee1pa0NFuVkjU1YWRSCSwsLjkGgDPzs1DlmX09/Wm/j/0+XwYGRlDJLKG+nozdBdFEf39fZA3x5JIJLC8sur5cyTaCTbiKj64Ppq2rKkugJMHutAQDiCgyFhY3tgKgFc2sKcp7Pr7x/RCBImkhnNHu1LVgo0hPz4eGk+tM7O4hvVYAs8c6UlVyogCMDQ6h8FEEoHNuV4bw34c6TcD4dbGEJYiUaysxVJhrVmt04CBLvPnaXNDENG4iqn5VdcAuKk+iFN1gdT7aKwLYCkSxeLKBrpbGxCNqfh3P7iIxroAwiEfwiEfFEnExNwqNE2HJLHXc9UJ5on+K8MTWFrdwLe/svunKCjG/PI6/tf//G7asv6uZvzpa8+gt6MJjXUBDI3MbQXAo3M4MtAOSRRRF/Lh218+s1ltb24b2Yjjncv3c/5Onc9njvejsS6APY1msDvQ1YKrdydxf3whLQD+4rOH8PQRXkRFtSEU2N4K4HxaGoKIbMRTAS1gtlwuxIn9nWiqD+CN39wq+74B4MaDKXz2zCAO9bXi7th8xuvhoA/r0QRW1+I4sDe9m48si2hr9jaX+fRCBNMLEVy8MYrnT/Tj6SN78aMP7mA5EkV/ZzNGp7fO2/gUCf2dTfjZh8MFvx+nUJZOCUREVHkMgImIalQ848ra9PAXAGLxdXxwYRiSeA8tmy0IvbBOMpZqYSGOREKFvllB47VdsiiW1iIo29yfgqM6NbOls7W9t+PkC4FLvZI25/YFhr5e1ikq+N18Me8xnfMNFxn+0u7wgzd/kva8q6sDzz9nzpW1srKKaDSG3p4eaNrWFf1tra1YWFzMu+9AcCvgWF5ZQSwWx0Bfb9o6gwN9uHV7CHPz8+jd24OW5maMT0zil+/+BquRCFRVRVLT0NLcXND7CgT8qcfBQACiKGbsIxQKIhY3OzhMz8wCAPZ2d6feayAQQF04jIXFxVQAHA6HUuGvtY6WzH1iLRgIIBJZw8joGOLxBDRdg64bCAbNDguxWBy6pqVCW0tPd3fqZ7bT2to6mpsa035W1IXDkGUZa+vrqX35FCUV/gKAosh5x0u00wR8Mo70p88XKtkupmtrCmN+ZR0D3c1IqBpWN+Lo73L/mbG2EUdd0JfWKlZxtE9ejkQRDvgQ8CnQdfOXi4ZQILW99btZOOhP286nSFA3q5/WYwkkNT1j7uLDfW3QdPdfWOqCPiysbODGgylEY0kkdR2arqN+8zj/+IurGJ9dxsyihL3tTWiuD6KlMYSWRlYi7jRxNYkH4wv42598gj/6KkNgp6b6IL7x8vG0ZX7b3zzHBjswNDqLV88dQGQjjom5FXzuafPirKa6IOKJJL777nVML0SwHk2Y8zEndWiaDlku7kKI/s4mfHxnHN//1TSW16JIajriiSRijr/z6kNsn0q1Ixz0YcnRkrmallajaAgH0FwfxFIkCkWW8IVzBz1v31wfxOfPHcD/++bljPMZpe7bEksk8b13b+BbXziFj26N4dq9KUTW42hpDOH8yQEEfDK+8/ZVPJpaxGvnj6SCYkWW8LUXjuQ9f9FcH8Szx/pw6dYYliJR+BQZe9sbMT5rzvn7y8v38dsvHcP3f30Tj2eW0RAO4LXzR3Hr0UzJ7Z8NAA3h7B3eiIioshgAExHVqPUsv4gL0JG0hSZJTUNS0zA1uZB2Qr5SJFGEpuswIEIUpNS8kF6Joug6V6+bbO2g0+eGzT7vbrbAVxDM/xgGXCuB7dsUG/J63q7EltFlrfJ1rFTIsQ3DDHidsVLGlzpnm+rcB/T6fUPV98pL56EoClRVxa/fv4CO9jYEA5vB5GY4+sHFjzK2s8JLr2Kx+OZ26VVv1rHiCbMd2aPRMVz88BJOHD+GM6dOwOf34fInV1NjKbvNnx+xuPlz/Ps//FHGKolEaa3SlldWMT4xgfa2NnS0t0OSJUxNzSCpmUGsppv/Tjj/XZBlCYD7vxW6pkFRMq/gl2U5Lawn2g0kUcx5wrKtOYzHcyvYiKlYWYtBkUU01WVW2ALmPHpu7Rmd66zHEnj/+kjmaznmDUzfh7me81iKLGXtfzK7tIbh0Tn0dzZjsDsIWZLwYHwealLHW+/dwuT8Kk4e6Mbo1BLuPZ6Hpulorg9isKelqConqqykrmN0egk/+uA2Xjv/VLWHs6MospQ2t7XTsX2duHBjFHPL6xidWkIooGCw2+wMsrCyjv/45sc43NeG1z97DPUhP248nMa7l++XNKYfXxjC8NgcvvDsQXS3NsAnS/jrNzJ//yGqJf2dzZiYWymqW1YlxNUkfvibW/jm509C03XohoEL10ewr2ePp+1fOrMP4YAPf/76ubTlb71/B/cez5e0b7uRqSX8hx9+jBdPD+Cff/0cQgEFy2sx3HwwjQ82fzeIJ5L4ztvX8OXPHMLXX3wKalLDxRujCPhzn97fiJsX5f/xV59GOKgglkji1sMZfHRrDIDZ8cAwDHzl+cNobQxhI6bik6EJ199JCiUKAnpz/OwlIqLKYgBMRFSjYmnzqOQ/Mbgd4S+AtPDXrQ1iPrJU2D9NVts1Ly2ZxSzzxObcNktKXEy1cEGybFBsde/WayUEvx7bPHsZo2tWW0L4S7Vlz56WVEXr/sEB3L4zjIMH9puVo5tz2J575gxamtJPFhR6QYnfb4YTcUeQG43FNl83x3Dv/gP09fbixLGtuRNlWQIqlP9uHUOGIAj44udfzvge9/v9WbbyZnFpCY0NDWhv22oTJ4oCsJnTWpWMmsdgCQBESUTSpZJXTSYRllgNSE+WupAfQZ+MhZV1rKzH0NoYzvrvn6JIiMZyz4koigLqg77UHMF2XjuzyJvtmFWX+RCzmZpfRVtTOC0YE0URnwyNYX55DTE1iYBfxuGBNsAAVtfjeDS5iOv3pvDssV62gN6B4moSN+9PoaetEacPsW2wV91tDWhuCGJoZBZjM8s4OtCeurjw+r0p+BUZv/u5E6n187U0zfeba1LTcfXeJL76/BGcPti9tR1/56Uad6C3FZ8OT5Q8F/CFG6Ouy//zjy6nHq+ux/B/fef9jHVuP5rB7Uczqef3xxdwf3whbZ3//W+2WsJfvz+F6/e35t99873bqcdv/OZWRutnu0L3ncvCyjre+HX2YwHAxNwK/uObH6ctu3xnPO35//2PH6Q9jyeSePvSPbx96V7W/d4dm3dtP10qv0/CQZffbYiIaHvwrzUiol0h/ce5LEkZt0ozIKZuolD88SSlsGqStNBSyBY+mgtFQYCwecu1H+f+BMG9ZXHGOo717bdsKzrXS91cVhfFHMdLuwk5bjm2w9bN+SbtY8r3OeT6bEUhS9Vvlv2KAk+E7XYnjj2FpKbh9h1zfqmmxgYoioy1tXW0tu5J3Roa6tHYuNXK3sv3RVNjI/x+H8Yep58UGR17DEEQ0N5qXp2fSKhp34OapmFpeaUM7y639rY2GIaBhKqmvddwXTijNXNOLh+Fpmlpyw3DSFVEA2YbaVEUsRqJpG03OTWNx+MTrocJh8MZ669vbEBLJlEX9jb3GNFu0tZUh9mldSxHYmhryv7/QH3Qj7VoIi2YdV580RgOYiOehF+RUR/yp25+nwwlT/WwJRzwQRJFLK6mt968Pz6POyOzrtskNSPtZ4VuGFhcWcePP7iN9VgCM4tr+OTOuDleAWio86O3oynVqpZ2pvW4ijffu1XQxQAEHBvsxI0H03g0uYinBjtTy6OJJOC4YHRiLvfvCXUhP1bX0zs2rW1sXcCbUJPQdSPt9+TF1Q3E4vz/imrbQFczf/ZQiqYZ6OtgBTARUbWwApiIqAbF4yqi0fylaUlNgCwZMCBCgFmZWwmyCCR1pAW/xYZ2klx81Vu2amDrudfK1WxVvYIobL3mspJhAFIYgAKIyvaHlmKRE+fKUQFqwqUKME+b51KrkfMRBcDw+J4E7JAeY1SwUCiIQwf2YfjuPRw5dACBQAAnTxzDp1euATDQ3dWFWCyOazduoq93L86cMqtvwqEQpmdm8Xh8Ah0d7a77FkURJ08cw8eXr0BRFHR3dWJ+YRE3bw3hqaOHU1W23V2dGBq+hxv19QiHQ7h7/wFWVyNpgXMltO5pwd693bjw4SWcOP4UmpuasLS8jGvXb+Kz559Hd1dn/p0AqbbMC4tLqK8LIxgMor6uDvMLi/D75uFTFCwsLSEej8O/OU+xIAhoa92Dmbl5SJKEcCiEtfV1LC4toW/vXtfjtLe14uGjEYyOPUZLSzOSSQ3TM7MIhUOFBdZENUDTdCytZs5hGPDJCAbM/+famsMYm12GT5bQmKX9MwB07qnH2Mwy7ozMYrC7BYZh4NFk+pzmXa31mFpYxY37U+jtbIZPEbGwsoHphTU8+9ReTyGwKAro7WjE6PQSZElEQ9iPlbUYJucjeGqww3WblvogxudXEPIvw++TMTW/in/65fVU2+nGugDuP07izqNZ9LQ1woCBsZll+JStz4F2JsMAfvTBHfyOY97bJ1VCTeL+48zqtqb6IFo3L+A4tq8D7197hHDQhwHbnN4H9rbi49uP8YNf38SBvXtw9/E8bj6YNvebTEKWMy9g3dfTgk+HJ9DV2mC2jL4/jZnFCOpC5sVnoYAP3a0N+NUnD2AYZkXwhesj0HQdCYZnVOOeGuzwXPVKu5cB8+cqERFVDwNgIqJdxh7ySpIZoJUS/oqCBN1wnoQQsdV2WoRuCGlVndWq2LQHuG5tne0toJ3zA2fbj9trhuG+ktqQQKJOREATYWxPx21zTIoAQzWQ61SRtY79uSyIkATAFzbgh4C1yc25kguYSzdbsO62zAxzrcmTc+/XyxDsX2PZt40fOJXdsaNHcO/BI9y8PYRnzp7GkUMHocgybg/dxdDd+wgGAhjo78PJ41vzGZ48cQwXP/oYFz/6GF/50qtZ933owH5IooTbQ8O4e+8+QqEQzp45iSOHDm7t6/hTUFUVQ/fuA4aBwYF+7O3uxtj4BHRdL7j1dCFefP45XLtxC7fvDCMej6O+rg7PnD3tOfwFgLpwGI2NDZibX4CqqugJBtHe1gpN07CwuAgYQFNTIxrq6rASicAwDDMAbmuFIIpYXFzC3Nw8/H4fevf2oKGh3vU4wUAAgwP9mJ6ZxdjYOCRJQmNDPTqzBPBEtSymJnHj4XTG8r1tjdjXY84LGg76EPIraKoP5LzgSRQFnNjfiXuP53Ht3hQCPhl7O5qwujGXWkeWRJw62IWHE4u4Pz4PwzBQH/TjxP4OzxXAANDX0QRJEDA5v4qxmWUE/QqODrSjtdG9TXt/VzOSum7O1wjAr0hYjyVgGAYMw0DAJ+PkgS48mlzE7ZEZCIKAxrAfhw60sUPHDpfUddy4P4XPP3MQDeHSphXYDVbWYvi7n13JWP78iX586blDAMyLNVqbwhjoak61fwaAQ32t+Mrzh3Hxxihuj8xgX/cefOOV43j/2giWIzGEApkB8Ctn92M9msC7nzyAIAg4NtiOg72t0G1/O3zz1ZP48Qd38POP7iIUUPDSmX0YmVpk9STVvPOnBjA8NsdOEU+4gCLj/MmBag+DiOiJJvzlX/4lS2aI6ImUSCTyr7RDxeMq3vrhh5idXbIt9TqP41aQIVboxF0hJwStANaaL3hPazd6es1gRhQF6Hpx/0zZg0nDMI+zp0WAaK/idRlHrv3ley1RF4c/aF5bJdbInHiKT4JVsxSdBfQ830bFzv+raUBkDfDy5cxV+esaLBuA4hNx8nj26qsnnc9XWGt1p6WVCJob3UNB2n6RSASvv/56tYdRFbF4AgF/ad/PRJTdd9+5jmv3JvNPYEo145kjvXj9pWMl7+eHP/wh6uv5uwARefMPb1/F0Ngc2KjpySSKAg73t+Nbr56s9lCIiJ5orAAmIqpBqmpeSSsKgu0q8vSq3GzStzHneitnEFxoNYh9fUEQIMpbIV6x4a+5L/PeHtyKOcpKrQA61/6ytobe3K09/BU3/9LVd/gZVDWhQYMBySfnDNyLDX4LYQW/2b4KLDQiIiKqrDsjM9UeQtkMdrXg/KlB9LQ3QpEkzC2t4dLtMVy5mz7P+bmjfdjb0YTv/+p62vLmuhD+9LfO4Ts/v4KphdXtHHpZ3XgwWZYAmIioEF974SgeTLCi/UkliSJee+FItYdBRPTEYwBMRLSrmMGvFehmC3fty6oZ/mbjFkRay6wQ12s4vDX/r5C2zM4Kdu3r5GoN7bYtAEi6DEHRYL/MWaziJc9JzYC82fbaemy/t+gAklEVgiFChn0e59z7L9e3jtd2z0RERFQ5j2eXzd8Ld8G/uc8fH8D5U4P4xaW7+P6vbkDVdPS2N+LVc4dwsLcN//WX12Dk+B0t4FPwR189i59cuFPT4a9lcm4F3W2N1R4GET1B6sN+vHxmHz64/gjROFtBP0mCfhmfPb0P4SC79hARVRsDYCKiGhSLJRCNxgGkh732587HlVLu+d98vgAApAW99vC32KrgXMN0q+7NNUdw1v2uAFpIgKiI0MSd8UeuPei1HtuXxaPmOAOaD7Jmhr/l/JJaX0dNy9NiezecbSYiIqphwyOziKu1X6nV296El87sw7/93gWsrMdSyx9MLGBk6iP82dfP4fkT/bhwY8R1e0kU8c++fBafDI1jaHR2u4ZdMQlVx52RWQbARLTtzp8awMTcCu6OzUPLN9cQ7QqSKGBfzx48f6K/2kMhIiIwACYi2jW2I+x1Knf4axgGAgElbZlb22a3QNhrOGztzblmthbP+VpD2+m6AawJMARAhFxykKorFfgjWQGgbj0NwAdJFSF4KcOF93DY69fDOqwAo6B5f52CfgbIREREpXg0uZizKrZWPH9iAL/+9EFa+GvRdB0/unAH3/7y07h4Y9T1/f7Oyycwt7SWNSCuNQYMjE4tVnsYRPSE+tYXTuGvvncRs4tr1R4KbYO25jp88/Oc95eIaKfIPkkkERHtaPF4oqL7d87N63ar5DGB9DbPVhDsDH+9tIQWBHM7+94FZHY4FIStm3Nchbx3wzA2b2aorOtG2r3bzY2oihBV0QxoE+a9l5usSdlvsfTnii5BlIQc7z3755KPM7y3theFrZs556+QEf5mHNNjCE9ERETFWdvsLlPrBrpacGcke+Xu1LzZ0rmlIZTx2hfOHUI4qOBHH9yu2Pi2nQFENnbH15aIatO//N3n0d5cV5WL1ml7iKKAzj31+O++8ZlqD4WIiGwYABMR1aDoRgLJMrfoq3S465XfH0g9dqv+tZa7zRGcexv342V7p/kCT7fPKdtnaD12zkOcL1i1h9T5CnQFUUjdvPAS6BYb+Gb7GhhG+vvw1PZ5a4LmwgZDREREBYnG1MwWKTUoHFTyhtlrGzHUhdLnJjx7eC9eOrMPhr41tcquIADrscpeOEpElM+//L3ncaC3FT5ZqvZQqMwUWcTh/naGv0REOxADYCKiJ5DXilavYXC5AmOv+7Eqf92CRntVsOfjIn8Q7KU6ON92XippBeQZjy3o9RL6Fnp8+zZe2b8WhX72eY9tPdlNJ2KJiIh2oIBPzv4LSA1Zj6qoC/pzrlMXCmBtYysU7W1vxBefPYR//8ZHaGkM4qXT+yo9zG0VUDj7FxFV3x9+6TQ+e2YffLIEqcS/G6n6JFGAIkt45ewBfOtVtn0mItqJGAATEdWgaAEt+irZutnal9c5cp3bOccnZSvTdXC2fXa2g3auB8BTZayA/AGsOebiA95ij1moYr7MxQS/hbC3es5b/Wt9T23e5xuXLPMEAhERUSk24rujAnhkahFHBtqzvt65pwEAsLi6kVrWWBfAf/n5pxibWcLf/+wKXjy9DwOdLRUf63aJJtRqD4GICADw4qkB/Ktvncfh/nb4fbw4pSYJAgI+GUf62/EXf/AiXjjZX+0RERFRFgyAiYhqUMR2wiqX7Wjl7HYMe8tje+ic7bFFlLy1g7IHv9ZzexhpnyPYIqHw1neV+PQE272X/VvBdSHtnVPbeli91Pl9CwmBU8W8Xt65tbLgMTAmIiKikoQCvl1RAXzxxghePrsfDaFAxmuSKOK180dx8cYIDFvafevhDMZmlgEAc8treOPXN/H7r55COODL2EfNMYCQfxe8DyLaNepCfvz+qyfx568/i6eP7IUiSwgHfPAp8m4Hpsc3AAAgAElEQVS4DmnXMQD4FAnhoA+KLOHpwz3489efxTdfPYlwkP++EBHtZLzUioioBqmqBkEQXCtvt2v+Xvvxc4XAhYxLlBSIYv4/INwqfd3aQttD4FTwLAowdO9/VrqN2m1rwWV51jbOuY7nEqjmC34L/ZKX8i1STIvncs81TEREROVXH/RheS1a7WGU7PHsMt678hD/7Teexy8u3cXdsTkkNQ29HU149dwhrKzFcOH6SNo2zt/hbj2axt72Rnzz1VP4mx9dTguLa44ANNRlhuFERNXW1hTG1188iq+/eBRj08t4NLmIsZklrKzFsB5NIOj3YSni7eJ3Kq/m+hCi8QTCQR8a6wLo62jGYE8L+jqaqj00IiIqAANgIqIaFIuZ1azbFfZa3ELdQts/V4qzGthZFSyI6dW0hYTATvk+9WK+KpWo7s21jWEU3+65mHmWrWPmXUEQCh8cERERlayvqwUT8yso4VekHePizRFML6zi/KlBfOX5I5AlEXPLa7h8ZxyfDD32tI+fX7qLP3ntHF45ux/vfnq/wiOuHAEC+jqaqz0MIqKc+jqb0NfJcJGIiKicGAATEdWgQuYALlW+kLmcIbQk+0veh7M1sRUGZ4TXtgCzlDA4bZ9e19sMoAsNfYHyVfvm249biO5WZV3MsbO+5mj7XAhFYWBMRERUiv09e3BleNycC3gXeDS1iEdTi3nX+/jOGD6+M5ax3DAM/Ke3LlViaNsq6JOxv3dPtYdBRERERETbjHMAExHVoI2N7QuAt1t6C+f0+0JYrZ91D+GuNb+uvUK4Eoo5hn2O3kJyUfv6xRRp28Nf55zLhRw7L2twVjvxWm6xSEREVMMO9LYiGk9WexhUZnE1iX3dDICJiIiIiJ40DICJiGpQJSuABUFIu20Xt2Ppevp9IUGwsxLY8zjKGP7ag+VC9ltCIWwaK1stdD9ucyl7le1YhmF4qvo1imqgTUREROVwdKA9c0Jcql0G8NRgR7VHQUREREREVcAAmIioBsXjiZK2t4e71Qp8nQzDgN9ntoAWxczqX1EsLgi2JJJyYRW0jvC2mJvnY7lU+RZT7VvKPqzQt5i5fb2wh9GpcbH6l4iIaEc5f3oQoYBS7WFQmQT9Ms6fGqz2MIiIiIiIqAoYABMR1Zh4XIWuFR+U2UPeaga+2WRrAa3rW8+dQbCXQFhN6NC1LFWoVVJoW2e3bUt5P84qaS/tsouVsF+z4CxNZvUvERHRjtDb3oSuPQ38F3kXEAUBPe1N6G5rrPZQiIiIiIioChgAExHVGFVNwvA4qetOaufsZX1RDmZdxx72OgPffJXBVsAZWbeqnkuvmC1UtmMWu49iOSt9i2317BxPrnEZBqBqYvqG1gv2+xL4fDxVTUREVA5fO38UfkWu9jCoRD5Zwmvnj1Z7GEREREREVCUMgImIakws5q39s1sIW0wI7NYq2v7cbf1CAmoAOdd3zgPsFvY6K4Odr1vicR3xuJ75AtJDYPvbyvY4n2z7qwa3sLeS1b5OGxva1hNbu2dB2LonIiKinaGtuQ7nnupFOOCr9lCoSOGAgueO92FPY7jaQyEiIiIioiphAExEVGOiG7kD4HJV+zrDXudr2bbxssztOKkqYMe/TG5zAQP5q351R86bqgJeE7KGwOnjMu8NIzPAzfW8XBXF5agYttjDXutxKXP9FjKeRMJAPOFS/WvD1s9EREQ7yxefO4z25jpIXubZoB1FEkV0tDTg1XOHqj0UIiIiIiKqIv41R0RUY6LROIDM9s6FBr/hgJHzFvLraTcxx76dx85WLZxvrD5fIO+4swW/Vmtot9vWOgJ03cDKKrC+noSmGTCM7B2InWGuPQx2ax9dzsC3WPZqX+fN/nop4/MqmTSwviGYAa+98hfG5n8Fhr9ERRAEAaqqVnsYRLTL/dlvPQu/IgHb1zSESmUAQZ+MP/36ubLuVlXVbZ1OhoiIiIiISseJfYiIakw8XvpJ//ZmDaf2SQj6s6+zmTPbnmu4O6Fjbjn9n45ynQzKFTCnrZfj0iVdN1933luPze3N46xviIjGAEXZWiaJ+SuDAUCSMs+EZlYBC+nPneuLQtp2Vghd7MdphdvW43IqdEyGASQSOjaiInTDDH3ND4BnkInKQRAExGIxKIpS7aEQ0S73v/zJq/g//r93sRZLQPc4xQdVhyQKqA8G8D98++Wy7zsWizEAJiIiIiKqMQyAiYhqzPpaaSdgBEHAoR4RzU25/wkIBG3b+Mw54FoaNvDLT3VsxMvfQEIQRAQCpYUZ2dpFOx+bwbD5GaqqgcKDyXKcAMt+TGusqa+zAFiZrjNc3gqtzf1J0laILQhb79O+nVubantoXMr5vUTCrPrVdHEr3IZghsAVJCs8KUlPDisArq+vr/ZQiOgJ8D/+8efw1z/4ELNLEcRVrdrDIRc+WUJ3awP++evPVWT/DICJiIiIiGoPA2AiohoTi+WeA9grK9R9EpVrOjurwtj5uFwMq9LGANJPt26FqZn14LlOzuUKYTdbNNtCZ2AreDZfsz/OPE5qrmF7wOw4Jls+E5XOCoCJiLbLv/idz+CnF4dwdXgCG3G1PNfCUVmEfArOHNmLL3/mcMWOEY1GGQATEREREdUYBsBERDUm6uzN7NFWmKhiYl5Ad0fuINkZEBuJBMZnktiIm1W6oiDs2laAbmGu27JsFcalKOrkmoDMbLcM5+icnaTtX27D5WtvQEgPiTcHtR0VwFRZfh9bDe8koihiZWUFvb291R7KtpMkEbF4eS6EIqLCvHJ2Hw73teKHv7mJueV1JNQkmARXiwGfLKNjTx1+67PH0bmnvqI/Gycmp7G6toFYIlmxYxAREVVScyO7JxHRk4cBMBFRjdnYKDwAtsI6AeZJm0dTBh5NRdHeIiLsTw/mmsPWo/TqsqV1YGRmKwQqd/grlHne2lK4hblVDXiB/OdXPe62HB+zVcXrfCuiLeQ1IGRU+7L6t3aFgoFqD4FsJEnC3NxctYdRFYosQ+FfMERVM9jTir/4w1fwaHIR716+h7HpJYiSiGRyawoK/nNfZrZfuRVZQlLTMNDVgs89cwADXS3bMoRYdB17mhshy/wBTERERERUK/jbOxHRLucMfzVdh7SZZs4u6hnrP8qyH0FMrwiuRAWw32+GTIIgwDCMVFjqVm1ai4qu7i2BKABWZ+ayZOyCsDUkwzBT4M37XAEvw1+i8pEkCZFIBKqqQlFYnU1E22+wuwWDrz+HpKZjaGQWdx7NYGJuBRuxBGKJJPY0hhFZZ6v6UtTXBbCwvI6AT0Yo4ENPWwOeGuzEkYF2SFKZ5x3JIZFIIBKJoK6ubtuOSUREREREpWMATERUQ+JxFYZeWhhqhb9WEGwPhLMStgIGK/jVDaMsIbC4GYqKjnTSHpZmC053cjDsDLEL27j84yk1/BWEzBDXfGsGDNt7TCYNqAkdiagEAAjUGZAkQJYrGwD7fQyY6ckhCAJkWcb09PQT2QaaiHYOWRJxfH8nju/vTFu+tsFW7aUzUBfyV3sQmJ6ehizLnAOYiIiIiKjGMAAmIqohqlr4vFtWEOlkhb5ewl9BEFyD32LDXzHLCSRFEQo6ueRc161q2Pn+s30epXIbt+f3UuHAt5TwN9ucvta99VEmEgbWlwUkVRHA1vdUPGquKysGwk0GfD4ho3U0ERVOlmXMzMwwACaiHaku5Mu/EtWE2dlZtn4mIiIiIqpB/C2eiKiGxGIJxOKFV1RY7Z8BQDckiILmup6x+c+CW/WtM/i1HuerAs4W9mYOUoZhlHayMFvVcK4gtphA2B4yF1wNIcCcy20HVvk6WW/NgJAKfwEzCLbCX00zsLpgBb/ZJVUBq3MCfEED4UajbBXBO7gInKiirAA4Ho/D769+hRgREe0+8XgcMzMzCAaD1R4KEREREREVaPsmjiEiorIRBCHrzX0DBQZkGDDbt1mPDchme+fNm3Mf9sf2wNce+tqXud0K4WwDXSnOzyvX55nrM84Z/gpZbkDZwl9RSL+ViyC4V/5adMMZ/no7uAGzInh1QShbcMtqYnpSWW2gh4aGqj0UIiLapYaGhtj+mYiIiIioRjEAJiKqIVEP86nZQ03ncq+BsfO11Dy9jmXFhLy5SNIuOblUwbdRicDX4gx+czF0A+sr3sNfu6QqYHWxPNW71j4UZZd87xAVQFEUjI+PY319vdpDISKiXWZjYwOPHz+GoijVHgoRERERERWBATARUY1R4+7tm0uVLTjeLpJc4y1My1zda7dNhdGeGYaByLKQmt+3GPGogESC/ZuJSmFVAd+5c6faQyEiol3m9u3bUBSF1b9ERERERDWKATARUQ2JRuMwDD3veta8toW0ObbWsVSiwjcXv8+fvW1yrnbKFrc2y9nW9UJwPPYyliI/KivgdbZ0tlf6lrPq117paz32+mXWDQFa0oCWzL9uPrG18rSCLnQOZ6LdxOfzYWZmBuPj49UeChER7RITExOYmZmBz+er9lCIiIiIiKhIDICJiHYpK8y1gmArJMsXlm1X4GsnCCX+c+RlyMWEyxX+KJwB73Yr9Ettzv1rIJk0oBXR+tlJS5rzCBNRaYLBIK5du4aFhYVqD4WIiGrcwsICrl69imAwWO2hEBERERFRCRgAExHVkHhchV5gtaOzujdbGzfn/L6VZoW+giDCMHSIco6TTEaWx/aw1rDdl3P4Je7LHuy6VfZWir2y13krhAEBBgTohgABBmAAiaiEcsS2SVWAVoaO5nr+oniiXU0QBPj9fly6dAmRSKTawyEiohq1traGS5cuIRAIsPUzEREREVGNYwBMRFRDEnG15H04w13ruW4YFQt+7WGvdW+1sjYMHYIgwucLOMaFrVDX2Y7Z+bp9nR1wrsoZ8G5H4FtJgu2DZrtlop1JkiRIkoQPP/wQ0Wi02sMhIqIaE4vFcPHiRciyDFHkqSIiIiIiolrH3+qJiGqIqpZeLmkPekVBSD2vZPjrDHut5dbNfZwAhPSg1x6i6gYgiuZr1joZoXA+2SqLPXAGuvZWzrrLeCup1CrfbAxbmi7AgG6w2pZoJ1MUBbqu45133sHc3Fy1h0NERDVicnISv/zlL2EYBmRZrvZwiIiIiIioDBgAExHVkFgsUdD69qDXundbViq3UNce7OYLewEgEFA2x4PUvRWmOosQ7K/BcW9fN9/8umnripnrum1nLbOHvKlxbsN8vpUKey1Wy2fDpZTa7X3Zu3Dbn7tNpVzoUJ2fZ7bPNxCUCtwz0e7l8/ng8/nw4Ycf4t69e9UeDhER7XDDw8P45JNP4Pf7oShKtYdDRERERERlwks7iYh2OavKt1Kc7Z3dXiuEFaTaA1b7Mi+v2dex79O5f+c69vtslbz2feXbf7mD4EpNxWZASLV5FmC4hr8WUQQgJyDAX/Q8wFahtqwYkFyyW+fXR3ccyPmciNLJsoxQKITh4WHMz8/j7Nmz8Pv91R4WERHtIPPz87h16xYikQjC4TDn/CUiIiIi2mUYABMR7ULZ5vkthb2Vs/W8nPz+QEaI6uQMVnOFrG4hbLaw2E2+UDfbPspZBVzJ83BW6GuFvda9Vf9rX89JlgRoigFNtbeIdperCliSAUnaWuIWursF+vbPXWMYTORKFEWEQiGsrq7iF7/4Bfr7+3HgwAEEAoH8GxMR0a4ViURw69YtzM3NwefzIRwOV3tIRERERERUAQyAiYhqSCDgS3tun8PXqvKtxFy+uap8y0VRMoNAt3svj3Mtc+4fyF1FbO3H2s4+Ruey3cIZ+hoQIAgGDAMQBAGSJEKSAU0t/hgCgECdkao2yfZ52sPfbPdE5E4QBPh8PsiyjMePH+Phw4fo6OhAe3s7urq6GAYTET0hYrEYpqenMTMzg5mZmVTwy6pfIiIiIqLdiwEwEVENCdcFMlo6l3MuXztnxW+lCJuJnySltyf9/9m716em8n1/8O+1Vi6EhEAggCB3BEREREGRFry0u20VbbtPd+0++1TXqTlV8y9M1Tzbf8PMPJgns+fMcXrOqf3rrt2evWu3e7e92zuIgq0CCl5QEJU7QS65rMs8CFkkIYEEAbm8X1Upk6zbN2tlLUze+Xy/kcZ9jRb8AtHH4F0s2I1mtbpwjsdafB8XHPQGqoEX6/55bkZIkgDR5IMkG0OqgGPfrr/7Z5Np6WWjVXEH7hPR0kRRREJCAsxmMyYmJjA6OoqHDx/CbrfD6XTCarXCYrEgMTERiYmJMBj4EYGIaCPy+XyYnZ3FzMwMZmdnMT09jZGREUxOTkKSJBgMBthsNga/RERERERbAL/dISLaQFJSbDAYDZB98oquN1pl70pU/AYCXk3V9PvhRFGIOi1kvggVuNEeB0QKhqMtu9j6V9NafQcX+LJP07QIwbkQMfoNDlkFARABQBJgNIhQE7wATHGHwAajBkfG/OteKoyP1BaGv0TxC1QEB/h8Prx69QqapkFVVWiapt+IiGjjEQRBv4miONdzi4SkpKQP3TQiIiIiIlpjDICJiDYQR6oNiYlmTLpWLgBejW6dI4W5iwa8gmHVAtfN2EXzWgoffxcARNHfZbemifAivhBYMmqwpmjLqjyJdCwZVBEtn8FgYLUvEREREREREdEmxG98iIg2EJvNAmd6MiZd0++1npUMfWOp3F2KZDAvPdM6IwhAtOwxeFqknNM/lu7qtW0xmhYavsZy+PwhsODvIHrutQmiAJNJBCDEHAKbLBqsyZq/C+n3fP3h3UAbDEz6V1NXVxdaWlqiTv/kk0+Qk5Ozhi1aeRcuXMDhw4dRWFiI69evIyEhAbW1tR+6We9lYmICly5dwrlz55CYmBgy7S9/+QvsdjsaGxs/UOs+rCdPnuDx48c4e/bsh24KhfmQx6azsxPd3d344osv1nzb67Ed33//PWpqapCfnx/3sotdfz60J0+eoK2tDV9//fWHbkrM1st7goiIiIiINg4GwEREG8zuPQXoezm07G6gV7Jb54DFunferJYqPF0s4F3L8FcQhJDQd7ljvgW6iVY1QBA0iABUUYDJBIiiBFnyQVY0QDZBCXtrSgbAZFFgNIkrHtSqGiD7Vn+s6q2uuLgY2dnZAICxsTFcuXIFTU1NenfCVqt1Vbf//PlzNDc341/+5V9WdTsBhYWFH6wydiVfq9Vqxe7du2E2h/7IpqurCyaTCYcPH37vbWxUGRkZH7oJC9y8eRNutxsff/zxulzfWlmPx2arqqioQFpa2rKWjXb9WY61/huwmI16XhERERER0dbDAJiIaINxOpNRWpaDro4XcS/7vuFvcMgbHPq+b/hrNq2fCmC9wjXs36WWAT5sZW+48KA3vPJ3ucSg/RIYD1gQBRgMAlQVUFUF6lweK0oiREGDKAKiJEEUNGhY2W65FQVItKzc+igys9msf4nv9XoBAHa7HQkJCe+9blVVIYrvd21aqfd3wEavZg4wGo3YvXv3gufLyspQXl6+ovtso0lOTkZycvKHbgaAlTkH1rN4z8/1dGxWykpfo9Zquzt37lz2stGuP0RERERERLQ2GAATEW1Au/cUYGBgBK7xqUXnW8nANyAQ/K5Uxa+4yHqWCl+jhbWR/gXiux8t/F0vlb2Rtx+5ASv9pfP8+vw7RxIATRAgiICE0G2JguDfjwA0vH/Xz8E0TYMsKzCajCu3UloWj8eDb7/9Fp999pleLdbW1obBwUGcPn16wfwXL16Ew+HA6OgoDAYDzp49i8nJSdy6dQtDQ0OwWq3Yv38/CgoKcPnyZfT19QEA/vCHP+DEiRMAgCtXrqCsrAw9PT04duwYcnJy8PDhQ3R1dcHtdiMzMxOHDh3SgySv14vW1la8eOH/8cz27dtRX18fsTrt8uXLsFqtOHToEPr6+nDjxg1UVFSgs7MTsiyjpKQElZWVuHr1KkZGRpCUlITDhw/rlYuyLKOlpQW9vb0wmUwoKSnB3r17IYoiWltbMTk5CavViqdPn8JoNGLfvn0oLS2N+Frz8vLQ39+PtrY2TExMICkpSd83gD88bG9vx5MnTyDLMnJycnDo0CEkJCRgdHQUFy9exO9+9zskJCTA5/Ph9u3bePHiBTRNQ0FBAerq6mA0GuHz+XDhwgV89NFH6OrqwuTkJDIzM3H06NGoQX9HRwc6OjpCthvYn8+fP8e9e/cwNTWF1NRUHDx4MGJl58WLF7Ft2zaMjIxgeHhY75Z6cHAQ9+/fh6qqKCwsRH19PQRBQEtLC6ampvT3gaqq+Pd//3ecOnUK4+PjuHfvHv75n/9ZD1R/+OEHbN++fUF33sHdqcZ7jAP7at++fXj69Cmmp6eRlZWFxsZGfV/Fsq8rKirQ29uL4uJiPH78GD6fTz/233zzDYxGIx48eIBHjx7B7XbD6XTi0KFDSE1N1fddTk4ORkdH8ebNGyQlJaGhoQHp6em4cOFCxPUNDAygtbUV7969Q1paGurr6+FwOCIel/T0dIyOjmJsbAx2ux0NDQ1wOp1Lnk99fX0Lzs+MjIyYz7/VPDbxXqtGR0fR3NyM0dFRJCYmYu/evSgpKVnWPgj/Ycli14nFLHbOR9vuYufqyMgIWlpaMDo6CpvNhurqahQVFQEI7Rq/tbUVExMTMJvNePnyJYxGI2pqamC1WnHr1i3MzMwgIyMDjY2NSExMXHD9WenrosvlQnNzMwYHB2E2m7Fr1y7s2bMn4j6bmprC9evXMTQ0BIfDseBaFOuxiHRetbW1Rb0mZWVlwe12o7m5Ga9evYLBYEBRURFqa2sjHufFrvXBlnofx3us+vr6cP36ddTU1ODevXuQZRlFRUWor68Padvdu3fhcrlgt9tRW1uL3NxcfXpbWxt6enogyzKys7Nx6NChddf1NxERERHRVrN5f2pORLSJ2WwWHDi4Ewbjwt/xCIKo395HIODV5gZZDfy70l09q6oG0RBawikI0cPUwLTw6UuFwMHzBN8PnidSaBy8vQ8V8C4W7Abf1poWFPYKAiCJC28QBD34XelewmVZg6pqMJvFRX9IQOvTq1evsH//fhw5cgQ+nw8//vgj0tLScP78eezZswdXrlzB+Pg4jh07hoaGBpjNZnzzzTd6iCLLMnw+H06fPo3MzEx0dHTg/v37qKurw7lz52A2m/H3v/8diqIAAG7duoXx8XGcOXMGZ86cweTkJNra2mJqq9vtxvT0ND799FPU1dXh0aNH+POf/4zy8nI0NTXBbrfj+vXr+vzXrl3D1NQUmpqa0NjYiJ6eHvT09OjT+/r6YDQacebMGezYsQO3bt2C2+2O+FonJiZw+fJllJeX48svv0R5eTmuXLmCqSn/D4Du3buHp0+forGxEU1NTfB4PLh69WrE13HlyhWMjIzg5MmTOHnyJEZGRnDr1q2QeR4+fIi6ujqcPHkSLpcLDx48iLiurq4udHV14ciRIzhz5gxmZmb0dblcLly9ehV79+7FF198AafTiZ9++kk/FuF6e3tRVVWFpqYmmM1m/Pjjj3jz5g1OnjyJjz76CE+ePNFDtsUUFBTA4/FgcHAQADAzM4OxsbGIAUq4eI8x4A8Hm5qacP78eUxPT+P27dv6tFj29fDwMI4dO4aKigp8/fXXKC0tRV5enh7WPn78GA8fPkRjYyP+6Z/+CUlJSfjll19C1tHR0YHi4mI0NTXBarWiubkZACKub2xsDD///DMqKytx/vx5pKWlhZwj4d68eYOGhgb89re/RWpqKv7xj39AneviYanzKfz8XMvzb6ljE4/Lly/D6XTiiy++QFVVFW7cuIHh4eFl7YNwS10nolnqnA/f7mLnqtvtxqVLl+B0OnH+/HlUVVXh2rVr+jkUbmBgAJmZmWhqakJBQQFu3ryJ1tZWfPTRR/jkk08wNTWFX3/9NeKyK3ld9Hq9+PHHH2GxWHDu3DnU1dXhwYMH6O7ujrjt69evw+v14tNPP8X+/fv1QDneYxHpvFrK7du3MTs7i7Nnz+Lo0aN4/vw5Ojs7F8y31LU+XvEeK4/Hg5cvX+LEiROor69Hd3c3+vv7AfivVZcvX8aOHTvw+eefo7i4GJcvX8bExAQAoLu7G93d3Th+/Diamprgdrtx48aNZbWbiIiIiIhWDgNgIqINKjcvHV98dVgPgd839A1U9YZX965UN8+Av9o30g1YPNgNnxYIcaNV8Qb/u1Slb3jQG7z8Ul0/r6XgMXw/VOAbThQWhtDht9UIfgO8XhWKosBuZ4cmG1F5eTny8vJgt9vx4sULGAwG1NbWwm63o6SkBNnZ2ejt7YUkSZAkCYC/S9FA1ZQgCKivr0daWhqMRiM6OjpQXV2N/Px8OBwONDY2wufzobe3FwBQVVWFEydOwOFwwOFwoLi4OGrIEU4URdTV1SE1NRWlpaVIS0tDXl4eioqKkJaWhsrKSrhcLsiyjHfv3uHFixdobGyEw+FAVlYWKioq8OzZM3196enpqKmpQWpqKqqrq6GqKlwuV8TXGgg4ysrKYLPZsGvXLkiShJGREWiahsePH2Pfvn3Yvn07HA4H6uvr4fF4FoR6LpcL/f39aGxsRHp6OjIyMtDQ0IBnz56FBAx1dXXIysrCtm3bUFxcjNHR0Yj7pKOjAzU1NcjKyoLD4cCBAwfw4sULqKqKyclJCIKA3NxcJCUloaamBtXV1ZDlyGPX79y5Ezk5OXA6naisrITP59OPbWFhoV4hvJTExERkZWXh5cuXAPw/MrBarUhPT19y2XiOcUBlZSUSEhKQnJyMmpoaPH/+HIqixLyva2pqkJmZicTERBiNRv26GQiVcnJycPbsWWRlZcFms6GiogIulwsej0dfx65du1BcXIy0tDRUVFRgdHQUmqZFXF8gLN6xYwfsdjsOHDgAr9cb9TzYsWMHUlJSkJCQgLq6OszMzODt27cAlj6fws/PtTr/ljo28fD5fJienkZOTg6SkpJQWlqKhoYGfXzwePdBsFiuE5HEcs5HujZGO1efPXsGk057SisAACAASURBVMmEgwcPIjk5GTt27EBFRQXGxsYibn/btm3YuXMnUlNTUVNTA1VVsWfPHv2asWPHjojn6kpfF58/fw5VVXH48GE4HA4UFBSgqqoq4g9WXC4X3rx5g48++giZmZnYvn07qqqqlnUsIp1XS3G5XEhPT0dKSgqysrJw9OjRiFX3i13rlyPeYyUIAo4dOwan04mioiI4nU79+t/Z2Ync3FxUVlYiOTkZVVVVeq8bgdeYlJSEzMxMOBwOHD58OKYf3hARERER0eriN6ZERBuYzWbB6bMHcOd2N96+Hl/WOiKN6xs8vu9aMJliH0c0POgNDnKjVfCGh72xjtW7lhlrLIHuegh91wtV1eDxypCMAmxW/p5tIwru/nJ0dBSTk5P4j//4D/05RVEWHWNYEAR9HW63GzMzMyFVdpIkwel0Ynzcf21MTExEW1sbBgYG4Ha7oaoqbDbbstprNBpD2hYIhGRZ1oOT7777Tp+uqioslvmeDkwmU0g7BUHQuxUNZzabMTg4iObmZrhcLqiqCp/PB1VV4Xa74fF49G55Af/YzOfOnVuwnrGxMRgMBr37YABwOp2QJAkTExP6vgtum8FgiBjaejwevUvVQJWXpmnQNA3T09PIzs5GRkYGvvvuO+Tn5yMvL2/RMYeDnw+EKuH7N1p4HK6wsBAPHjxAXV0d+vv74wohYj3GgTAqWGpqKjRNw9TUVMz7eqmufm02Gx4+fIgnT55gZmYG2tyvkoKDzODjZTQaoWkaVFWN2MaxsTFMTEyEBFuyLMdUYWg2m2G1WvHu3TsAS59PwednLPMvZaWOTTzjlhuNRlRWVuLnn39GTk4OcnNzUVhYqL9H490HwWK5TkQSyzkfvN2lzlWXy4XU1NSQczC8u/Rg4ccBQEg33kajMeK5utLXxbGxMf2cCti2bRvu3LkDWZb19wQA/Qcpwfss+HUs91jEas+ePbh27RqGhob0Hy5YrdYF8y12rV+OeI9VeKhtMBj0/T82NqZ3fR6QmZmp98xQVlaG3t5efP/998jPz0dBQQFKS0uX1W4iIiIiIlo5DICJiDY4pzMZx09UY2hwAh0Pe2MKgqOFuytZ7RuwVNe8qqohIWH+C6dIIW7w89GCXmBhBW/489EeL4cgCPqX8ctdnpbP41ExO+vF3jIHTCYGwJtBoEoyWKwVVsFVwcFUVdXDsuvXr0PTNJw6dQo2mw1dXV149OjRCrQ8cnvOnz8f8txyz/mRkRH88ssvOHLkCHJzcyFJEr799lt9O7EKBCqRxFsZGXDkyJGQkBMArFYrRFHE6dOnMTQ0hP7+fty6dQs2mw2nTp2Kq83LUVBQgObmZgwPD+P169c4efLkqm4vIDikWal93dnZiUePHuHjjz9GamoqJiYm8Kc//em92llRUYGysrKQ52INRVVV1f/uxXs+reX5F6ndy1VbW4uysjL09fXh8ePHaGtrQ1NTE5KSkt77NS3nOrHc82exc3Wt/j+yktdFSZIW7IvgH0gEB8CLBfGr0bZwBQUFyMrKQl9fH16+fIn29nYcPXoU+fn5IfMtdq3/0ERRjLi/A+dWcnIyvvzySwwMDODVq1f461//ivLy8kV/TEBERERERKuP35gSEW0CZrMRuXnpOHXmAL7650Z81FiB8oo8FBZvw7ZsB7ZlO2BPSUSS3YIkuwU2W0LUW7QumuMV67Lh88QS4kabZ7VE+hIw8EVjpC6Zo43Nu566b97INE2Da3IWiVYB27Njr+ai1RMIaoOrieIJXVJSUuByuZCYmAi73Q673Q6LxRJzBZbJZEJiYiKGhob05xRFwejoqB56vHnzBqWlpXqFXqwVpfFKSUmBqqrwer36a7HZbMuuJnv79i2Sk5NRUFAASZKgqqq+b81mMxISEkK6aZ6ZmUFzc/OCoDElJQU+n08fsxHwBw6KokTsjnQxZrMZFosF7969019j4JiJooj+/n709PQgIyMD+/fvx7lz5zA4OKiPnfo+jEZjSFVg+PssISEB2dnZaG1thdFoREZGxntvM5rgHwGNjIxAEATYbLZl7+vwvw2vX79Gfn4+0tLSFq2GjHV9ycnJmJiYWHDMgisvo5mZmcHMzAzsdjuA+M+ntTr/AqIdm3iuVRMTE2hra4Pdbsfu3bv1scUDFdTv85qWe52I55wPzL/YuZqcnIyxsbGQ/dXT0xPTmNvxWOnrosPhwMjISMixGxwchNVqDalyBfwV0oqi6NXrQOj7I962hZ9Xi12TFEXBnTt34PP5UFJSghMnTqCkpARdXV0L1rvYtT7c+/7NjZfD4Qj5+wr493fgetbV1aVXONfX16OhoQEdHR2r1h4iIiIiIooNK4CJiDYZm82C0rKcqNM9Hv+XVD6f/0sjt9urT5udCbo/6wmZ36svp4QsF5gPAKan3Pr9mZn559eaKPigarFVDi4lUqVvLN2YxvI8xc/fjecsZN80du1P+dDNoTmiKMLhcKCjowNGoxEulwvd3d0LKs6iKS4uxq+//oqrV69i37598Pl8uHHjBqqrq1FYWAiz2QyPx4OBgYGQbjyD7dmzB/fu3YPVaoXdbsf9+/chSRIKCwsB+EOAR48ewWKxYGJiAg8ePIgp+IpXcnIycnNzce3aNdTX1yMhIQHt7e2wWCw4dOjQksuHv1a73Y7x8XE8efIEdrsdHR0d8Pl8ethTUVGB9vZ2WK1WJCYm6mFDeFe4drsd+fn5uHbtmt6Omzdv6uMwxxsuVlZW6vs7PT0dz549Q29vLz7//HMoioLm5mYYjUakp6ejr68PgiAgKSkprm1EkpaWhocPH6Kvrw+JiYkRQ4bCwkLcuHEDu3bteu/tLaa9vR11dXXwer24e/cuduzYAUmSlr2vzWYzBgYGMDIygtTUVH187JycHKiqijt37gCIPegJX19lZSX++7//G7/++iuKioowNjaGmzdv4vz58xG7pH306BEyMjKQkJCAO3fuwGazISsrC0D859NanX8B0Y4NgJivVYHxcwVBQElJCSYnJzE9PY3k5OT3fk3vc52I9ZwPWOxcLS4uRnt7O1pbW7Fz506Mjo6iubkZn3zySUyvI1YrfV0sKipCe3s7bt68qY8Bff/+fVRXVy9Y1m63IysrCy0tLTh8+DBkWQ4JYONtW/h5tdg1SZIkvHr1ChMTE6itrYWiKBgeHo44LvlS1/pg7/s3N16VlZW4ePEiOjs7kZOTg76+PgwMDODs2bMA/GMAd3V1oaGhARaLBf39/fp54vP50NHRgV27di0I54mIiIiIaHUxACYi2mLMZmPIvzbbyoxxFo3H44PPJ8Pt9uoB8+ysBx6PD16PDz6fAoczDaLg75Ri1jPXhZ9PWXY3y4uFv4EwNriCF/CHxopq0LcZXrlL64PH48bw8DCcTivynKvzRSctz0cffYQbN27gL3/5C5xOJwoKCjA5ORnTskajEZ988glaWlpw8eJFmM1mlJaW6l1kZmVlISsrC5cvX8axY8cirmPXrl3wer24efMmvF4vMjMzcfr0ab1SqqGhATdu3MClS5fgdDpRXV2N7u5uKIoSNThZrsbGRrS0tOCnn34CAOTk5EQMJiIJf615eXmorKxEa2srJElCeXk5FEWB1+u/nlZWVsLr9eKXX36BLMvIzc1d0JV2QENDA1paWnDp0iUIgoCCggIcPHhwWa+xoqICPp8Pt2/f1sckbWxsBODv8nR6ehp37tzRq0aPHz+OxMTEZW0rWH5+PkpLS3Ht2jUYjUbs3LlzwfHLz8/HjRs34hr/dzkyMjLwj3/8A1NTU8jOzsaBAwf0acvZ1zt27EBvby9+/PFHfPXVV9i7dy+mpqbw888/w2azYc+ePbh//z5mZmZiGj83fH1OpxPHjx9HW1sb7t27B7vdjkOHDkUMfwEgOzsb9+7dw/DwMJKTk3H8+HH97+Fi51Mka3n+AYsfm1ivVVarFSdOnMCdO3fw4MEDWCwWVFZW6j8qiXcfhFvudSKecx5Y/Fw1mUz6tffRo0ewWq04fPiwHvSvpJW+Lp48eRLNzc344YcfYLFYUFVVhYqKiojLNzQ04Pr16/jjH/+oB8LBVc7xtC38vFrqmnTixAk0Nzfj4sWLkCQJeXl5qKmpWbDepa714d7nb268UlNTcfz4cdy9exd37txBSkoKfvOb3+g/yKqtrYWmabh8+TIURUF6err+t3pmZgaPHj1Cfn4+A2AiIiIiojUm/P73v1/+AIZERBtYtC9UaP1QVQ2y7P8z5fPN/7nyeP335aDnvN75+8Hzzk67IYgCAjmypvrvqNr8KAiKOn8/OPwN3A8PhGntqRoge2cxNDwJu13CwYPZ+o8YaGmrWWlHtN4MDQ3h559/xtdff70q126fz4cLFy6gqalpVbuY/pAuXryIgoICVFVVfeimxGUrHBsiIiIiIiKiWLACmIiI1i1RFGAy+b+8D86vohQrhVDngl73jBsz72aCV6rflX1i+GIAAG/Y8z7FBFVRoQHQNP+6NQ1QFH/bggPk5ZBE9b3XsdnJ3lm8GhiC02nFvn0ZDH+JaAFFUTAyMoLW1laUlJTwhztEREREREREtGUxACYiok1JFOe6dhYNCO1dcn7sRMkceWxfs1kJCw7kCFsIDRY0TYWi+p8LDpYjh8kaNMwHyZoGSJK/y8hAqByNoopbKjAOjPkb6PaZlb9EFM3U1BQuXbqE7Oxs7N2790M3h4iIiIiIiIjog2EX0ES0ZbEL6K3BLfswOzYaeWJYdVh4188RFljRtmmaGvI4ECADsVcn68/LJn+X2T4VRrMZBoOgd58NzI+trMpqxOVjFR4+r2YY7fXMYvLdLEwmFQW7kjjm73tgF9BERERERERERERbByuAiYhoUzOJBsxGmhAU8IaHvaFBsAhNU5fsStQ/z8IgNPz54Mfh80ticHWyEnE75uDn5wY2VhQgEf4fNLybfIeM7CJYLIuHsrKs6WMlh4+pHBhP2eebH4M5ECArYcXQqxH+yoqGifFxmEwqSvcmISfVoVd0ExEREREREREREdHiGAATEdGmJooCDCYT5CgV34sFu/5p2lxQG6im1RCpEjgQ5oYHvuHPRwqDA5XA4fMGgmdNi9BZR9BzgS6uFQUwGgxQlBmIYlLU1wUAJpOgj6scy5jKwVR1PhgOD5GBhUFy8HwAQiqTg3k8CiSDinS7EQWlDjiTbPE1jIiIiIiIiIiIiIgYABMR0eYnGSTI4fmvpkEQY61enQ8so3cP7RepCjja85EqgcND4Yjhr3+hwAILJs1MTcNuXzwAfh+iKMBk8m9/OSGyqkZ+TazyJSIiIiIiIiIiInp/DICJiGjTE8Xof+40VY0xCPaHk9EC3vcVXiE8vx0tegisaf4geG66JAGSYf3/aWfQS0RERERERERERLR6VudbbCIiovUkUKYaQexVwKsrPFgOVAD7p0UJTKM8P+uOOOoxEREREREREREREW0B6+NbbyIiolVkECUYwkLgQPCrqWqkRcKsXcXqwvGA58ccXqzr6QDRYEBwl9VEREREREREREREtLUwACYioi0pEPxGrwAWgm5R5hDm/w2/H+m5SPcXrlOM8Dh03OEFQXDQY0kU4JtVo46zS0RERERERERERESbGwNgIiLa9EQIkAzSiq83bAjekOeDp4fPG3x/sTB43nwQHQh/F6sGNho0qKwCJiIiIiIiIiIiItqSGAATEdGmJ4oCRNEQxxKRw9XgzDVSJW/wv5oGCKKwYFlB8D8fPD3aepZqlyAI80Hw3L/SXM49MzUd9dURERERERERERER0ebFAJiIiCgGkbpwBhZW/wZmEoSgieHJsaaFTo9hO0FzYKkxiY0GAwNgIiIiIiIiIiIioi2KATAREW0NJlMMMy0MV6MHsfPTFzwID36Dg97g++HB8FLrX0qgCtgQT7UzEREREREREREREW0m/IaYiIi2BIMYOgawIC79G6i4wlcgSjlwhBVGGgQ4/H6UdsxPWti9tBa0jln3bJyNJyIiIiIiIiIiIqLNgBXARES0JYgQYFi0Cjg0UI05/I00cG9gBYFANnyF0ZYJrhyOtBxia5fRZAQAqOoSgTQRERERERERERERbToMgImIaEsQRQGSwV8FvLD615+qxh38Rpo5UtC7VGVwpGWDlwvb1sJs2N91tRDoAnqu2FmWGQATERERERERERERbTXsApqIiLYMUYz8Zy/uat9Izwd34QyEPl5qA9GWDV8uQl/QwYXD/scC/A81RHm5RERERERERERERLSJsQKYiIi2DNVgjPh8TAW6S4W4i4W18a47lmWDAuLQSmDolcCeWVYAExEREREREREREW01rA0iIqItxevTIImq/jjQXbImhIan8wR/la2qxZXpxjdzFKIIqOri8wTaDW0uyBYAaDCbTFCUGQBJ798O2vK6urrQ0tISdfonn3yCnJycNWzR5vH999+jpqYG+fn5H7opMfn111/x7NkznDlzBgkJCSu23omJCVy6dAnnzp1DYmLiiq13q7lw4QIOHz6MwsLCD90UIiIiIiIiIvqAGAATEdGW4PWqGHw1APhk/TmjYf7PoGQI/ZMozj2WxNAgV5IQNh5v4H7k8Xuj5sCxBMSB8DfGIDg4BBYUVv/SyikuLkZ2djYAYGxsDFeuXEFTUxNMJhMAwGq1fsjmfTA3b96E2+3Gxx9/vOx1VFRUIC0tbQVbtXpcLhd6enpw6tSpFQ1/Af97aPfu3TCbzUvOOzMzg//6r//C559/DofDsaLtWG0bue1EREREREREtHEwACYiok3N61UxNjKE0aERqJoAgzQX7EoSgPkw2CfLIcsZDQb4ZDkkJA4Xa2jsnzf0OUFYOApD1Ex4qfA3aAWBamVxkXYTxctsNuvBnNfrBQDY7fYVDwG3ElVVIYoidu7c+aGbsihN0/QfuiQlJeHLL7+EKK78KDJGoxG7d+9e8fV+SIFjTERERERERES01vjtMBERbTqqqmFqagozU9MYHRqBV1ZhCPT1PEdRFAASjIbIlbKB8HexEFgJC40Dj31zjyWDAYosQzIY4PMuXD44pI0UGkMUIYmh7QsPjoUIywlClPURrRKPx4Nvv/0Wn332mV7N2tbWhsHBQZw+fRoA8Pz5c9y7dw9TU1NITU3FwYMHkZGRsWBdqqqivb0dT548gSzLyMnJwaFDh/Sw2eVyobm5GYODgzCbzdi1axf27NkDAOjr68ONGzdQUVGBzs5OyLKMkpISVFZW4urVqxgZGUFSUhIOHz6sb1uWZbS0tKC3txcmkwklJSXYu3cvRFHExYsXkZOTg9HRUbx58wZJSUloaGhAeno6Lly4AJ/Pf7b/4Q9/wDfffAOj0Yj+/n60tbVhYmICSUlJ2L9/PwoKCgAAFy9ehMPhwOjoKAwGA86ePbugy97+/n7cvXsXLpcLdrsdtbW1yM3N1fdPW1sbenp6IMsysrOzcejQoYhdJo+OjqK5uRmjo6NITEzE3r17UVJSok/v6OhAR0dHyD42m83o6+vDlStXUFZWhp6eHhw7dgwZGRlobW3FixcvAADbt29HfX29Pv/169dRU1ODe/fuQZZlFBUVob6+fkGbrl+/Dp/Ph+PHjwPwh8v/+Z//iYMHDyIlJQUXL17E7373OyQkJMDtdqO5uRmvXr2CwWBAUVERamtr8ejRI9y+fRsA8Kc//Qm7d+/GgQMHFn1fxPP+a21txfj4OIxGI16/fg2DwYD9+/eH7LuHDx+iq6sLbrcbmZmZOHToEJKTk6Me44DOzs4Fba+qqlry3Anm9XqjHotwP/zwA0pKSlBRUQEAGBgYwN/+9jf827/9G3w+Hy5cuIDa2lp0d3djamoK27ZtQ2NjI9ra2vTzobq6GmVlZfpri3Y+AIDP58Pt27fx4sULaJqGgoIC1NXVwWg0LmgbEREREREREa0u/iSdiIg2lcnJd3j6+Cn6n7/Em9dDC8JfWZkPbRVFgU8W9Fu4QFVw+L/RBCqCJYMhJPyNRpVl/ebz+hbcFFmBe8YLr1fVbx6PDNmn6DefT4XPp0JVFGiq5r9pgKKyC2haP1wuF65evYq9e/fiiy++gNPpxE8//TT3Q4xQ9+7dw9OnT9HY2IimpiZ4PB5cvXoVgD/8+vHHH2GxWHDu3DnU1dXhwYMH6O7u1pd3u92Ynp7Gp59+irq6Ojx69Ah//vOfUV5ejqamJtjtdly/fl2f/9q1a5iamkJTUxMaGxvR09ODnp4efXpHRweKi4vR1NQEq9WK5uZmAMDXX3+N0tJS5OXl6eHvxMQELl++jPLycnz55ZcoLy/HlStXMDU1pa/v1atX2L9/P44cObLgtQ8PD+Py5cvYsWMHPv/8cxQXF+Py5cuYmJgAAHR3d6O7uxvHjx9HU1MT3G43bty4EXGfX758GU6nE1988QWqqqpw48YNDA8PA/CP6dzV1YUjR47gzJkzmJmZwa1bt/RlZVmGz+fD6dOnkZmZiVu3bmF8fBxnzpzBmTNnMDk5iba2Nn1+j8eDly9f4sSJE6ivr0d3dzf6+/sXtKmwsBCvXr3Sj/vQ0BB8Ph/y8vIWzHv79m3Mzs7i7NmzOHr0KJ4/f47Ozk6Ul5fjq6++AgCcPXsW+/fvX/J9Ec/7DwDevn2L0tJS/Pa3v8WePXtw/fp1TE5O6u+H+/fvo66uDufOnYPZbMbf//73kHVFO8aR2h6vpY5FvPr6+nDkyBH85je/wfj4OL7//ntYrVY0NTWhtLQUt27dwvT0tD5/tPMBAK5cuYKRkRGcPHkSJ0+exMjISMj7ioiIiIiIiIjWDgNgIiLa8LxeFZOT79DT9QTPenoxPTMLr+zvNjm88jfQBXRA8Jf2wUGwohlD/vUqEjTBrN8PkDFf2aTIMiCZocgyFE1aNPwNEA2GqDcAMJqMkEQh5OZfUPTfAttWBciKBlnR4PHIePfOs+S2idbK5OQkBEFAbm4ukpKSUFNTg+rqashhP6rQNA2PHz/Gvn37sH37djgcDtTX18Pj8UBRFDx//hyqquLw4cNwOBwoKChAVVUVHjx4oK9DFEXU1dUhNTUVpaWlSEtLQ15eHoqKipCWlobKykq4XC7Isox3797hxYsXaGxshMPhQFZWFioqKvDs2TN9fbt27UJxcTHS0tJQUVGB0dFRaJoGo9EIQRAgCIJe4RgIIMvKymCz2bBr1y5IkoSRkRF9feXl5cjLy4Pdbl+wnzo7O5Gbm4vKykokJyejqqoKOTk5ePjwIQB/kJmUlITMzEw4HA4cPnxYry4O5vP5MD09jZycHCQlJaG0tBQNDQ0wzF1XOjo6UFNTg6ysLDgcDhw4cAAvXryAOtfdvCAIqK+vR1paGoxGI6qqqnDixAk4HA44HA4UFxdjcHBQ354gCDh27BicTieKiorgdDoxOjq6oF3Z2dmQJAmvX78G4A8ft2/fHrFC1OVyIT09HSkpKcjKysLRo0fhcDggiuJcF/6AwWCAJElLvi9iff8FbNu2DTk5OTAajdi1axecTieePHmi77vq6mrk5+fD4XCgsbERPp8Pvb29Sx7jSG2P11LHIl41NTVIT0/H9u3bUVRUhMTEROzbtw+pqamorq6GIAgYHx/X5492PrhcLvT396OxsRHp6enIyMhAQ0MDnj17FvIDCCIiIiIiIiJaG+wCmoiINqzA+L6TE+8wPTMbMi08+PU/t/DPXqQv4P0hsAxIQSGwpkISfPAqoSGwSfKFhMBQVBgkM2RFBRb5ct9oFODzaRDhrwSONmZv1EpeNXLl2qxbgdfthtEiItFmjbp9orWUnZ2NjIwMfPfdd8jPz0deXh7Ky8v1sWUD3G43PB4PnE6n/pzdbse5c+cAAGNjY3A6nSHn7bZt23Dnzp2QMC943FWj0RgyVnEgBJVlGWNjYwCA7777Tp+uqiosFov+2GQyhaxL0zSoqhrx2mE2mzE4OIjm5ma4XC6oqgqfz6cHq+FtCzc2NhbS1TAAZGZm6t39lpWVobe3F99//z3y8/NRUFCA0tLSBesxGo2orKzEzz//jJycHOTm5qKwsBBGoxEejwdTU1O4fv26Xj2saRo0TdMrPQVBCGlnYmIi2traMDAwALfbDVVVYbPZ9OnBIXhgHwe6xw4miiLy8/Px8uVL5Obmoq+vD3v37o24L/bs2YNr165haGhID/Ct1sjXtKXeF7G+/6JJTU3Fu3fv4Ha7MTMzg8zMTH2aJElwOp0hIelqjvu71LGIV/A+MBqNIV1JC4IASZJCjmW082FsbAwGgwGpqan69MAxmZiYeK82EhEREREREVH8GAATEdGGEwh+hwfnK8wiVfrKihwx9AUiB78AIEaZXxRFaFg4xqIMI1RFhSjNf+EvK2rIv/72hAYCPp8W9K8Exff+XTbPTM/oFc1GSBDBcYBpfZAkCadPn8bQ0BD6+/tx69Yt2Gw2nDp1KiQsWyo4kyRpwTya5j93onXnuxRRFHH+/PmQ52INBsONjIzgl19+wZEjR5CbmwtJkvDtt9/G1ZZIry8QICcnJ+PLL7/EwMAAXr16hb/+9a8oLy9HbW3tgnXV1tairKwMfX19ePz4Mdra2tDU1KQHeEeOHAkJ6wDAarWGBJkB169fh6ZpOHXqFGw2G7q6uvDo0aOYX1ewwsJCXLt2DS6XC+/evQsZ3zhYQUEBsrKy0NfXh5cvX6K9vR1Hjx5Ffn7+gnmXel+YzeaY3n/RBPZ/YN7w94eqqst+/8VrJY/FSpIkKep5s1b7hoiIiIiIiIjmsQtoIiLaEFRVw+TkO7x9/RbPHj/B+IgLBsmw4GY2mWGQ/F1rmk1mSJIU8RYQCHxFyRA1/J1vgxpSyQcA6lzIqyrqglvwdK9XhtcrQ1bUBfdlRX2vm9vtxbvJd/B4/d0+J9hMSHM6IYoMgGltBKo/g6twg8+V/v5+9PT0ICMjA/v378e5c+cwODioj0kbYDabkZCQENJ98MzMDJqbkjAbtQAAIABJREFUm6EoChwOB0ZGRkLWPTg4CKvVGlK5GKuUlBSoqgqv1wu73Q673Q6bzRZSAbyY8MDr7du3SE5ORkFBASRJinjNWIzD4cDQ0FDIc4ODg3A4HAD8Y/cGKmLr6+vR0NCAjo6OBeuZmJhAW1sb7HY7du/erY9V++zZM5jNZlgsFrx7905/zXa7HRaLJWoY+ubNG5SWlupVnNG6To5FVlYWVFXF3bt3sX379pCK0gBFUXDnzh34fD6UlJTgxIkTKCkpQVdXF4CF+32p90Ws77+AQHgcMDIyArvdDpPJhMTExJBjpCgKRkdHF4Tp0YS3falzJ1w8x8JoNIZU78bzXoxXSkoKfD6fPl414N9vgfOWiIiIiIiIiNYWK4CJiGhD8KoypiZd8HoAi9XqD1mDqrJCulhdJMgNDzhUVYXBaIKqqvp6ooUg8XbrGR4CR7sfeC2LrT/aF/ezs9OQFUWvgHY4k+HclgHDKnZBShROFEU4HA50dHTAaDTC5XKhu7tbD8UURUFzczOMRiPS09PR19cHQRCQlJS0YF0VFRVob2+H1WpFYmKiHgRKkoSioiK0t7fj5s2b+li+9+/fR3V19bLanZycjNzcXFy7dg319fVISEhAe3s7LBYLDh06tOTyZrMZAwMDGBkZQWpqKux2O8bHx/HkyRPY7XZ0dHTA5/PFXAFZWVmJixcvorOzEzk5Oejr68PAwADOnj0LwD8ubldXFxoaGmCxWNDf34/k5OQF6zEajejo6IAgCCgpKcHk5CSmp6f1eSsrK3Hv3j1YrVakp6fj2bNn6O3txeeffx6xXXa7HY8ePYLFYsHExAQePHgQMbiNRaAb6J6eHjQ0NEScR5IkvHr1ChMTE6itrYWiKBgeHkZ6ejqA+W6I+/r6YDKZlnxfxPP+A/wha09PD7Zt24YnT57A5XLpXXPv2bNH33d2ux3379+HJEkoLCyM6fWHt91qtS567oSL51ikpqbi6dOnyM7OhqIoaGtri6mNy2G325Gfn49r167p587NmzdDxkLu7OxEVlZWzGE5ERERERERES0fA2AiItoQVFWDxWSANTHoT5emQdMATVOhqAIwF5IGxs31RehWWVZUGCRR75450HVz+L9Ltmeu2+dI/8b3uuaD33iqs1RFxvTsjP5YFDSkZTixLXtbXNsnWikfffQRbty4gb/85S9wOp0oKCjA5OQkAH93vtPT07hz5w5mZmZgt9tx/PhxJCYmLlhPZWUlvF4vfvnlF8iyjNzcXD0oNBgMOHnyJJqbm/HDDz/AYrGgqqoKFRUVy253Y2MjWlpa8NNPPwEAcnJyYg6Ud+zYgd7eXvz444/46quvkJeXh8rKSrS2tkKSJJSXl0NRFHi93pjWl5qaiuPHj+Pu3bu4c+cOUlJS8Jvf/EYfE7m2thaapuHy5ctQFAXp6ek4duzYgvVYrVacOHECd+7cwYMHD2CxWFBZWamHlBUVFfD5fLh9+7Y+5nJjY2PUdjU0NODGjRu4dOkSnE4nqqur0d3dveyufYuKivDkyRPk5eVFnefEiRNobm7GxYsXIUkS8vLyUFNTA8AfEO/Zswf379+H1+tFbW3tou+LeN5/gH/s2jdv3qC1tRUGgwGNjY16WLxr1y54vV7cvHkTXq8XmZmZOH36dMgYyIuJ1PbFzp1wix2L8KEN9u7dC5fLhUuXLsFms6GgoEAf93o1NDQ0oKWlBZcuXYIgCCgoKMDBgwf16Y8fP14wTjARERERERERrQ7h97///fsPOkhEtAHF+oU8rQ8zXi88E2MQDcv47dJcd56BXj01bT5oVdSg7jhVVQ+Pg4UHyeEhcryWCokXC4JVRYaiKHDPdfcMANZEC7blbIPdHrmajWi51ZpEW01rayvGx8dx8uTJD90UIiIiIiIiIqJlYwUwERFtCAZJAhItUGQFaqDqTIhxjNu5+QKzCwgeAzh4RhF6DVfQGJAJCUHrmas69s+ihgTIijxfDRep+hjwh8cmk2HR8DhQhRweFKuqCo/XAzmo6i4rO4NVv0RERERERERERESkYwBMREQbgkmSYLLNj3WpqhpUaFA1DaqmQp2r3BVl39x0OWT54HB2/jkZgp4KRwiT5wJf3dz9+UVEBA+1awyqTg6ExoEuqvVtqvPzhLdpQWg8FwTLigrZJ+vj/QKs+iUiIiIiIiIiIiKiyBgAExHRhiSKAkQEQtugMt6wrm4DwbCK+XBV1YLvRw+PAwGtHhQHkl8t9tET/IvNp8TRAmNNA8xmBD0OjGcswOf2wOv2t8kgSUjPTEOqMwMmU2zjFRMRUWwOHDjwoZtARERERERERPTeGAATEdGmJor+0HY+LA4XPTwOFqniOFpgHE72eiHMJb9ClG6rw5+eD41VKAYDAA9syYlIczpZ9UtEREREREREREREUTEAJiIiikHEiuMIgXFwxXGg0tgYVGUMzFca++ef76o6OEBWZEUPhRVNgd1hg3NbBgwiq36JiIiIiIiIiIiIKDoGwERERCsocsWxFDrTIsFxyHPQIEJActB6iYiIiIiIiIiIiIgWwwCYiIhoHYgU8EbvtpqIiIiIiIiIiIiIKDL2I0lEREREREREREREREREtEkwACYiIiIiIiIiIiIiIiIi2iQYABMRERERERERERERERERbRIMgImIiIiIiIiIiIiIiIiINgkGwEREREREREREREREREREmwQDYCIiIiIiIiIiIiIiIiKiTcLwoRtARERERBuPpmkrOh8RERERERFRNIIgrOh8RESbHQNgIiIiIopJcJjLYJeIiIiIiIjWynI+gzIMJqKtjAEwERERES0qUvArCAI/TBMREREREdG6oWlayGfW4PtERFsNA2AiIiIiiirwgZnBLxEREREREa1ngc+rkYJgfo4loq2GATARERERRRT8oRkARFH8gK0hIiIiIiIiWlogCFZVNeQzLUNgItpK+C0eERERES0QHP5yvF8iIiIiIiLaiII/1/KzLRFtJQyAiYiIiChEePgrCAKrf4mIiIiIiGhDCXyOZQhMRFsRv8kjIiIiIl3wh2F+MCYiIiIiIqKNLNDtMz/rEtFWwwCYiIiIiEKEfzDmOElERERERES0EQmCwPCXiLYkBsBEREREBGBh8Bu4MQAmIiIiIiKijSgQAId3/8wgmIg2OwbARERERKTjh2AiIiIiIiLazPi5l4i2AsOHbgARERERrS/Bv47mB2MiIiIiIiLayMI/17KXKyLaClgBTERERERRw14GwERERERERLSRRftcy8+7RLSZMQAmIiIiooj4YZiIiIiIiIg2g/DPt/y8S0SbHbuAJiIiIiIdu34mIiIiIiKizSj4cy67gSaizY4VwEREREQUFYNgIiIiIiIi2sj4uZaItiIGwEREREQUET8kExERERER0WbAz7dEtNUwACYiIiIiIiIiIiIiIiIi2iQ4BjARERERRbUSv5KenHwHzI2vJABYrd9dR1uvsGDKUmM9hU9fosWapr8+ALAn2ZZYPxEREREREa0VTdM45i8RbTmsACYiIiKiBVaje6xN+3GbXyQQERERERGte+wGmoi2ElYAExEREdHqfhBeo4B0PcSw66ENREREREREtDRWBhPRZsYKYCIiIiJaU0KU+xuVEHQjIiIiIiIiIiL60FgBTERERERrbm1D4Pi2oAmh1dACewkjIiIiIiIiIqINhBXARERERERERERERERERESbBCuAiYiIiGjVvVeVb3gJrsbOlomIiIiIiIiIiKJhBTARERERERERERERERER0SbBAJiIiIiIVpf2foPozi8uIvDfVw2AIIqAIPhvgH5f0zRomqY/FgQBoji3XFBbtCjtEjSO+0tERERERERERBsXu4AmIiIionVNkkQoigpoKjRNgyRJ/vBW06AqCgRRhABAVVUIgH86AFVR/EExAGEuGBZFEaqq6sEwBOG9A2oiIiIiIiIiIqL1hAEwEREREa1rqqJBgAAVGgwGA1RNg6aqUAUBksEATfUHuKIkAdDgU1QAGgRBhCAAoiBAURRIc+GvIIqApkEQRSiyrFcHh2MVMBERERERERERbUQMgImIiIhoXVNVFZIkwSCK8Pp8MBmNwFxo668AlvxVvaoKURRhMBggiuJc1a8K2euDAEBRFIiSBE1V/ZXBc+uN1hU0ERERERERERHRRsQAmIiIiIjWNUmSAPgDXKPBAEVR5rqCNgDQoEGDyWyGx+3B+MQ43F4PZFmGpqqQDBISzAlISkpCYmIifD4vIAr+bqE1QFFViIExhHXhgXD4dCIiIiIiIiIiovWLATARERERrWuBCl1RFKHNdd0swB/eGo1GzMzOYmDgNbweL0wJZgiCAFEQIBgMUFQVbrcbk5MuaBqQnp6OlBS7HiILC8Lftdf7egxX25/jzegkTAYJZfnpOF5TgsQE44J5/3j5Ph69GMKBilycOrQz6jr/v7/dw5P+EfzTsUrsLt4GABibnMH//sebsJiN+F++OQoAGHVN4x93n6H39Rh8ioJMRxIaqgtRlpcOAPjv61241z0QcRv/678ew//5pxaMT87qz1ktJuRmpODj2h1wplgXfd2zHh/+tz/ehNvjwzen9qFoe9riO4qIiIiIiIiIiGISecAzIiIiIqJ1wt+VswZVAyCIAASoigpLYiLevH2LN6/fQBREmMwmKIoCANAEwKeoc6GxCpPJjISEBIyPj6O3txeCsD7+G/zs1Sj+30vtePl2HBazEV5ZRdvjAfzff7kDn6yEzOv1KXj6ahQA0NU7hPftuXrG7cUf/nwXXb2DSDAZkJFiw8CwC//191/xpH8kZN6UJAtyM1NCbsHh+ba0JP25xy+H8P/8tQ2zHt+i27/S9gzuJeYhIiIiIiIiIqL4sQKYiIiIiNa1QNUvNP99TdNgtiSgp6cbBoMBJpMJquYPeyVJgqKpAACDJAGaCkGUIAqALMswGg1QVRVPnz5BcWEx/N09Cwjt9jn88er5663HUFUNnx4qw8GKPPhkBRd+bEf/4ASaH75EY3WRPm9P37A/FBYETM148PLtGAqyUpe97UcvhjHj9qIgKxX/emY/AKClow9/a+lGS8dLlOQ69XkPVuShbnde1HV91liBbWlJUBQV/9ef7+DNyCR6+oZRVZIdcf6RiWncffxq2W0nIiIiIiIiIqLo1kfpAxERERFRFBqAQLmrIAowmkx49WoAgABBEKFCAwJVwqoKQfOP74u5INgfGgMQRKiqBggiEhIS0fvyJUSDAZogQNEADYJe1ar5Rwme+3d1vBmZxNjkDJKsZhzY5Q9XjQYJjXsLAQCdvYMh8wce7y/zh6qdz0Onx8+/T32yAlnx76u9JVn450/2omFv0WILRiVJIvIyUwAArmlP1Pn+drsHkigiy5m0rO0QEREREREREVF0DICJiIiIaF0TRRGKqkKQJKiqCpdrAm73LIxGoz4+8GIC9byiKMKfC6sQRBEGyYDXr9/AYDBAFMS5qFfwb2suCF7NMYKHJ6YBABkpNgRvJiPVBgAYnZjRn/P6ZDztH4HZZMCx/TsgigIevRjyB9rLtDM/A4kJRgwMu/B//I+buHG/F4qqoTQvHQVZjmWtU1ZU9A2OAwBS7ZaI8zx7NYqn/SP4aE8BbBbzsttPRERERERERESRsQtoIiIiIlrXVEWBwWCALPtgNJowPDwCk8kIRVUhBoLaxVYgCHroKwDQBAGqokAySHDPujE9NQ2LxQJVVfx1v4Iw3wn0+w60uwiPVwYAJJhD/0tuMRsBAIqqwicrMBokdL8chqyoKMtPh9ViQl5mCl68GceLN+Mo2r68bqCtFhP+9UwNLl7rxOvhSfx85ymutD9HY3WRXoUc8LeWbvytpVt//FljBfaWznfvfPFaJ4wGCePvZjE140GGw4adeRkLtqmqGv52uwdJVjPq9+Tjf/z8YFltJyIiIiIiIiKi6BgAExEREdG6p6kqjEYjxsfHYTAYoKoaREnyB7sxVulqmr9DZ1EUIcsyJAgwmUwYHR1FXn4eFEWGJgiQ5tYLzI8QvBrMJv9/xWc9csjz7rnHoijAaJAAzHf3XJKbDgAozUvHizfj6Hz+dtkBMABkOGz4nz87iBdvxtH++BU6ng/il7tPYTEZULsrV58vPcWKlKT5il67NSFkPW9H3+n3bRYT/qeztTAYFnY21Pb4FYbHp/DZkQr9tRERERERERER0cpiAExERERE65ogivo4vpOTLoiiBEADNA2CKMZUpSuI/jBSU1UImgZJkqBqKqABXp8XsixDmBtHGJrmD4uFuTGBV6kKOC05Efj/27vTH7muM8/zv3PujYjMZG7cSTEpcZMoanFJsna5bJVc3kouGzXVflFdMIxq16AHM+8baKAb0GD+gUZPNTCN7ulBTQ+M6bKBsrqmq0bustxayiOL1mJZpEiJYnJPJnMjc4vt3nPmxV0yMplBZjK3YOT3Y4RjOffGvRkG6Lz5i+d5JF2bmE4CbWvy58n6FklJpfCZy2OSpJ++8bF++sbH+Xt8cu6aXn7hWL5vplRIfs2vp7N9JakeJY+zYPbDT6/o+nRZjxzaowN7tya3e7bpb946qd9+fnVeAPzEgwN69pF7m/4s//SPntWOvi36V//pLU2XaxqZmNb+dBZwo+MnL0qSXn3jhF5940T++n/8u/f18gvH9OSxgeYfGAAAAAAAAJaEGcAAAABoaVkIG8eR4jzQNNISw1mjpI20URIEx24uFPXyCsNQU5NTstbKGCOXhr/JBmvXAnrfzj5t7e3U9GxV76bBaBQ5vfXhoCTpoYNJC+VT50cUx05bOovav7s/v3WWCipX6zp7Zfym996ZzhH+9PxI/iOcvjAiKan6laQLw9f1xvtn9e6Ji/l+xUJSlXsnVc9haPXMw0lInP0MCx3at13379+R37Z0FvPPoq+7Y9F9AAAAAAAAsDxUAAMAAKClZW2ey5WqwjCU9142qwrW0sJKr7l2zkaSc06BtbLGyjmnmdkZbe3vU5y2iTbGJPsso8X0nXj5+WP60c8+0GvvnNa7Jy6oXK2rUou0va9Lzz1ynyTp5OBVSdLvPnYwD1gl6Rfvfa43Pzirk2ev6sjA9nnv++SDA/rVxxd06vw1/eu/elulQqDh8WnJGH3pdw5Ikp579D6dPDus459c1ODQuLo6Crp8bVKS9OiRvfPe792TyXs1+sdff+ymn+epYwN6+zfn9NnFUQ2PT2n3tp5569987ui85z967QN9dnFULz15WIf2zf8ZAAAAAAAAcGeoAAYAAEDLM9aqVqvK+ySQdc4lFcBL4LxXGCSVrbFzskEga4zkpTiO07bPkozJA9+8CngNw19JOjywXd//1hd1YO9WTZdreZvm3i0d8pIqtUifX0oqfB9I5/9mjt6XPP/k/Mi8qmZJ6uoo6IffeUrHDuxSFMUavTGrfTv79KffeFwH9iYzg3f2b9Gff/dpPXxot2YrNQ2NTmlHf5e+/aWHbmrFPDFZ1vmhiXk3526uju4oFfTFB/dJkt7+8NzKPyAAAAAAAAAsm3nllVfWrq8dALSwWq220acAAOuiWCzedhuXBog+nX/rnMvvOzs7V3T8ycmpFVXROucUFgoaHRvTzMyMgjTMzXPb2+yfZLtzLZ3nKoGNvJKgN6pHOnzooGr1upSGzEttMb1QT0/3svfJVOuRfvL6b3Xm4qiO7N+hP/3G43f8XgAAAAAAqVwu5yN/svvsGtFaauQAtCdaQAMAAKClWWvTINbIGDuXyRojs9SAtmG7LDBOouCkCjgIgqQSOD2ecy65T1tCr5dSIdSffO0xvfXhoB574J51PDIAAAAArI8TZ4c1dmPmltts6+vSI4f2rNMZAUD7IQAGAABAa0tbMieVv0lI672WXFVs8r0WVAs3ZMfZTOFs23wpOdAKTn75rDX6yhOH1vWYAAAAALAenPN69c0TqkfxLbcLAquHDuyWtet7PQYA7YL+BgAAAGh53nuVSiXFcaw8xvVeS6r/NSZt+dzwfvlaEv6GhTCpAE7nC9v0fiWtqwEAAAAA81lr9K3nH7ztdi+/cIzwFwBWgAAYAAAArS1tzdzR0ZEX5BpjljT/t3H//Gn2wCRzgKMoUveW7rkW0A3zfw3zoAAAAABgVT3+wD168YnDTddffOKwHmckDgCsCH/RAgAAQEvLAtsgsCqVinLOzb26hApdv8jjxjnALnbq2tIl5718Ovs3D42XOmMYAAAAALBkX3ni0KIh7+NH9zESBwBWAQEwAAAA7gpx7NTb2yfv/Vwuu9Q20A2MJBkj773iOFZPb4+MTP5ePr036TYAAAAAgNX37S89pCMD2/PnR/bv0LdfOLaBZwQA7YMAGAAAAC3PSPLOqbe3V5KRMUa2oQH0rWJaoyTMXVgt7L1XHMXauWOnonpNxlpZYxSns3+NtcsOlwEAAAAAS2Ot0fe++gUN7OrTwK4+fe+lR5n7CwCrJNzoEwAAAABuxSiryvWKo7oG9t2jwXPnVCqVlEzxTWS1wPkrWeDrfdI22pg8DPbOS95r184dkryCwMp7Nxcsey+v5DkpMAAAAACsjWIh1A+/8/RGnwYAtB0qgAEAANDSTBrkhmGYz+jdPzCgcrmSrs0Fv0ZJpW8S3CYzfRvfJ2kfnbR+LhaL6u/vl7zLWz3T8hkAAAAAAAB3OyqAAQAA0NKymbxRFCkMAtXqdXWUShoYGNDly5dVKpWSYl+TBrjOyzdU+8bOqRCGcml4XK/X1dFR0r0D+1WpVJQXDDceM/0vY/yCldV1ZWRS75++pHI10ve++oV5a29+cFbHP7mkSrWue3b26uXnj2nXtu5VWz91/pp+fvyMJibL2trbqZeePKJjB3at23rm3NC4/vK/vCdJ+pf/5Pdp+QYAAAAAALBCVAADAACg5RlJQRAojmOFYajYOXV0lHTgwH2K40hxHMs7L2usrE2mA2e1vGEQKHZOURyrWq1qx44d2rdvn2ZnZ/P3bhY5rlVB8OkLI/q3f/2O/t2rv9J7py6rWo/mrR8/eVG/eO9zOee0e1uPLly9rh/97APFaUXzStevjk3pxz//SBNTZe3b2auJqbJ+/POPNHJ9Zl3WGz/f1975dG0+ZAAAAAAAgE2KABgAAACtzRgFQaCoXpeMkXNe3iWtnI2xOnz4sLZu3SrnvSqViur1ulw69zeKIlVrVdVqVfX29ujgwYPq6upUvV5XEIYy1t484td4GeNlzNwY4dV2+vyIRq/P6J4dvYuuHz95UZL0gz94Un/+3af18KHdujFd0alzI6uy/v6py3LO6+vPPKA/+8On9M1nj8p7r3dPXFiX9cwHn17W1bGpVftcAQAAAAAAQAtoAAAAtDjnXNLS2VoFQSAXO3kl7Z6DIFStVldfX6+2bd8u75zKlYqqlYpkjAqFgkqlooqFoqIoSmcAZ7OAk5bQkuaHwD4Lfs3ClVXz9EP79Y1nHtDQ2GTe/jgTxU4j12fUWSrkLZsP7N2mE2eHdW1iWkfjnStaf1i7NTQ2KUm6b8/WdD25vzYxLUlrvi5J1Xqk1399Rnt39Gr0+ozqUXznHygAAAAAAAByBMAAAABYU35Bj2Wz3EzVWMkYWSvVo1jGGBUKoSSjWq2qWq2uqamaqrWa4jhO+gqnM4ClJCgulooyxqhYKKqrq0thGCbzgiV5l9ybdNtkmHB+8Dv9sW9pz/aepmvVWtIOulgI8tc6ismv7VOz1RWvNx6jlG6z3uuS9PaHg5op1/SPXvqCfvTaB00/DwAAAAAAACwPATAAAABamjFJMGttoEIh0PT0tEZHp9MZvkkbaGONjEmqeY0kY0xeJWyMNDMzIyOjGTOj0dERee/V09OrYrGgvr60DXOyw7ya3zQOXlf+FoOHXdr6eiXrkuSabLJe69enynrn4wt68L5deXUwAAAAAAAAVgcBMAAAANZUVvHbLEj1kgJr5VwytzcMQ8XOJdsbo2KxqJmZGY2NjWp2tix5KQgDFYpFeedkmgzqzYJgSQrsXDWsLRTkvVSpVFSplDU2Nq6uri719/epu7tb1WrSPtr4dP80UDXGyKXHyx5ba28ZuN4Ja5tHztasfP1Wx7Dp57XW6//13c/kvNfvP31/03MFAAAAAADAnbEbfQIAAADY5LxPWjcboyAIFMWxbDrz10saHBzU1atDmp0tKwgCFYvFfHZvdr9cc5lxEjBXKhUNDw9rcHAwnS0cNHSBTqqJozhWEIbyUhJQNwmeV6qro6jAWlXrczNxK2lL5Y5SYcXrktTTVZSUzOGdvx6u+fpMuaaTg8NyzusvfvwP+p///X/N5//+L//h7zV6fWbZnxkAAAAAAADmEAADAABgw3hJNgzljZXzXk6SDayCQqiR0RENDg5KXrJBqDAMJWMUu1jOOTnnFDt3B0dNAl2ZuVuxlIXKRhcvXtbQ0FUFYUFx2lLZZuF0vS6TPlZaBbwWdm7dokq1ruHxKUnS+asTkuZmB690fdfWbknSuaGJeet7t/eu+XqxEOj+/Tvm3bIw/f79O+bNLgYAAAAAAMDyBS+++OIrG30SALAR4ji+/UYA0AaC4PaB2sI2xtlz770KhcKKjl+t1pKWyk3Wo9gpDAM5F6dBoNHZs2flXKxSqZTM8U0rfZOZvkY2CBQEwbwWzcthGv7jvEtCZpu0drbWKo6dRkdH1dvbo2IYKkr/PyMIAnnnkrbVQZC3hG5UKhWXfB7Xp8v6zWdD2tbbpS8c2Zu/HoZWp8+P6OTgNZ0+P6IzF0fV01XSHzz/oILArnh9W2+Xfv3JJZ29Mq7BK+N6/9PLcl769gvH1LOltKbr/T2devTI3nm3f/jonJzz+p/+0fN5lTIAAAAArIYoivJRPo03SWvW2QkANhoBMIBNiwAYwGbRCgFw40W11/x5wMZYSV5hGKpWq+vy5cvpMdM5u2noKiWzgo0xSbWwc1IaCK/EXJBr5WXWp1zSAAAgAElEQVSkdPavtVYTExMqhKE6OjryecPO++T8G4LpRqsRAO/Z3iNrjIbGpjQxVdbArj798UuPqq+7c1XWO0sF7dnWo6HRSV0dn1J/d6defv6YDg9sX5f1hd76cFDOeX3l8UP8AQYAAADAqiIABrAZmVdeeWX5JRMA0AZqtdpGnwIArIti8faBZNbK2Puk5bFzLr/v7Oxc0fEnJ6eaBsBekrFWcZy0db5w4aIKxYIKYUFxHOfhbKPsl1ej5GJ9YXi9XM45BWEoF8dy3qsQhoqjWEEYyHunqB5p+/Zt6uvtVbVWU2CtrLWqR5HCILjp+D093Ss6HwAAAADA6imXy7Lpl4mz++wa1S7ypV4AaAf86wYAAIANFcdOQRDq4qVL6uzqlDVJuBoEgWLn5JyXjE0qdL3yqt+sGnelspDZSwrDMAmcjRRHsZxLjnVteFjTMzMqFgrykpz3CqxdleMDAAAAAAAAq4kAGAAAABsii06LxaLOnz+nQqGQz9S11uYtnoO0yjZbM9ZK3s+1Yl4hl1Y9B9bKO5e0nTZWNki+GR6EoYodJV0dvqY4PScpnUe8CscHAAAAAAAAVhMBMAAAANaU9z5p9WySmb5GkqxRFMcKC0VduXJFxWIpmQWcpsLGGMlYyVh572TklXTo8nkAu1rhqzFGtqGVtLVWXj5/HjsnYwKFYaihq1cVFkty3ssGYXKOAAAAAAAAQAvhL1YAAABYU9mMJZ+2bnby8l4qFkuq12uqViuKokhSMg9YxkhpVe66VNgu0sbZN9xsYBU5JxsEqtXqKpdnJc2dIwAAAAAAANBKCIABAACwprxPqna9kjBYSiqBJWl8fFySyWf6pjukFcPJLX+wXjcl1cXZLTs/772MtZqYmFAYhorjeNHwGAAAAAAAANhI4UafAAAAADaJecGukTFSuVxRGIZS2nLZL9w+rQbeKF6S4lg2sHKxUxiGmp0tS/JJmG2M5N2GnR8AAAAAAACwEBXAAAAAWBfGWnnvZWVkZVSt1lSv15PgN+23nBT8zlUDe7ex4Wp+Pl7JnGAXy0qanpqWtTavZAYAAAAAAABaBRXAAAAAWFNec0GqS59751StVmWtVRRFaedlc9M+rcA7L1mTn08YhqpWKurp7k6DatpAAwAAAAAAoHUQAAMAAGBNZdW8zrmkrbP3MsaoVCpox45tMiaZC5y0gZayQDXZL2sBvTEha9Ky2jacmyTnFIShnItlCH8BAAAAAADQYgiAAQAAsKaywFeSbBDkr4dhqCAIZW0g3zDnN9s2mwu84ZXAxsq5WEEQynsn45W2rSb8BQAAAAAAQOshAAYAAMCaygJcY7Jq3rnXjSS5ON0mnfu7sKp2g4NWL5e0r3Zx9gIAAAAAAADQsuxGnwAAAAAAAAAAAAAAYHVQAQwAAIAWkc7+bbEKW0OrZwAAAAAAANxFqAAGAAAAAAAAAAAAgDZBBTAAAADWVG9vz0afAgAAAAAAALBpUAEMAAAAAAAAAAAAAG2CABgAAAAAAAAAAAAA2gQBMAAAAAAAAAAAAAC0CQJgAAAAAAAAAAAAAGgTBMAAAAAAAAAAAAAA0CYIgAEAAAAAAAAAAACgTRAAAwAAAAAAAAAAAECbIAAGAACAjDEbfQoAAAAAAKwbroMBtDMCYAAAANwkuxA2xiiO4w0+GwAAAAAAli+O43nXtwCwWRAAAwAA4Jaccxt9CgAAAAAALBvXswA2KwJgAAAA3BIVwAAAAACAuxHXswA2KwJgAAAALCprj+W9V61W2+CzAQAAAABg6Wq1mrz3kmj/DGDzIQAGAABAU9lFchRFfHMaAAAAAHBXcM4piiJJhL8ANicCYAAAAOSMMfmt8TVJqlQqVAIDAAAAAFparVZTuVyWpJuubRde7wJAuwo3+gQAAADQGowxeXus7LmUtIDOHtdqNUVRpDAMZa1VEARcPAMAAAAANoz3XnEc51W/zjlZa/Nr1cVCX65jAbQ7AmAAAADcFP4uXJPmgmDnnKrVar79wnsAAAAAANZaY8Cb3TeGvber9iUEBtDOCIABAAAwT7OL4MW+Md2sYhgAAAAAgLWw2LXpYiFwsxsAbAYEwAAAAMgtpRJ44XbNgmAAAAAAANbSYtW+VP4CAAEwAAAAUgtD3aVu1zgjmOpfAAAAAMBaW/gF5ez+dpXAi+0PAO2IABgAAADz3CoIvlXlLwAAAAAA62FhmHu7EHix/QCgnREAAwAAIHer6l5JN1X7ZhfTS6kcBgAAAABgNTWGvQvvF4bBC/cBgHZGAAwAAIB5Fga8Kwl3qRAGAAAAAKxUs+vRW1UCL9zmdrOBAaCdEAADAADgJgtD4MbHCwPhxaqEF74PAAAAAACrYbFRRYs9b9YaGgA2AwJgAAAA3GSxyt3GltBBEEiSrLXrfWoAAAAAAMzjnJt3v1jYu/DLywDQzgiAAQAAcJPGSt9G1lpCXwAAAABAS8muU621cs41/VIzAGwWBMAAAAC4pexb0gS/AAAAAIBWl127ZkEwwS+AzYi/4gEAAOAm3vtFvzENAAAAAMDdhmtcAJsNATAAAADmabwwpvoXAAAAAHA3yq5jG69vCYEBbBb8JQ8AAAC5xothLowBAAAAAHezrP0z17oANhsCYAAAAMyz8MKYeUkAAAAAgLuRMYbwF8CmRAAMAAAASTcHv9mNABgAAAAAcDfKAuCF7Z8JggG0OwJgAAAA5LgIBgAAAAC0M657AWwG4UafAAAAAFpL47ejuTAGAAAAANzNFl7X0uUKwGZABTAAAACahr0EwAAAAACAu1mz61qudwG0MwJgAAAALIqLYQAAAABAO1h4fcv1LoB2RwtoAAAA5Gj9DAAAAABoR43XubSBBtDuqAAGAABAUwTBAAAAAIC7Gde1ADYjAmAAAAAsiotkAAAAAEA74PoWwGZDAAwAAAAAAAAAAAAAbYIZwAAAAGhqNb4lPTk5JaXzlYyktfredbP3NTet3G7W08L125yx9/nPJ0m9Pd23eX8AAAAAwHrx3jPzF8CmQwUwAAAAbrIW7bHa9nKbPyQAAAAAQMujDTSAzYQKYAAAAKzthfA6BaStEMO2wjkAAAAAAG6PymAA7YwKYAAAAKwr0+Tx3co03AAAAAAAAICNRgUwAAAA1t36hsDLO4I386uhDV3CAAAAAAAAcBehAhgAAAAAAAAAAAAA2gQVwAAAAFhzK6ryXViC62m2DAAAAAAAADRDBTAAAAAAAAAAAAAAtAkCYAAAAKwtv7IhunO7W2W/vnpJxlrJmOQm5Y+99/Le58+NMbI23a/hXHyT8zKeub8AAAAAAAC4e9ECGgAAAC0tCKzi2EneyXuvIAiS8NZ7uTiWsVZGknNORkrWJbk4ToJiSSYNhq21cs7lwbCMWXFADQAAAAAAALQSAmAAAAC0NBd7GRk5eYVhKOe9vHNyxigIQ3mXBLg2CCR51WMnycsYK2Mka4ziOFaQhr/GWsl7GWsVR1FeHbwQVcAAAAAAAAC4GxEAAwAAoKU55xQEgUJrVavXVSwUpDS0TSqAg6Sq1zlZaxWGoay1adWvU1Sry0iK41g2COSdSyqD0/dt1goaAAAAAAAAuBsRAAMAAKClBUEgKQlwC2GoOI7TVtChJC8vr2KppGqlqonrE6rUqoqiSN45BWGgjlKHenp61NXVpXq9JlmTtIX2UuycbDZDOLcwEF64DgAAAAAAALQuAmAAAAC0tKxC11orn7ZuNkrC20KhoNlyWZcvX1GtWlOxoyRjjKwxMmGo2DlVKhVNTt6Q99LOnTvV39+bh8jmpvB3/Q1eGdcb75/V0NikimGgo/ft1EtP3q+ujsJN2/7V3/9Gn5y7pqcf3q9vPfdg0/f80Wsf6LOLo/rj33tUjxzeI0kan5zV//pX/6DOUkH/7PsvSpLGbszo9V9/rsEr46rHsXZv7dHvPn5QR+/dKUn6z2+d1AenLy96jH/+g9/T//bX72hispy/tqWzqP27+vXVp45oR/+WRff76MyQ3v7NOY1Pzqqnq6RHD+/Rlx8/pDBYvBU3AAAAAAAAloe/sgAAAKClJa2cvZyXZKwkIxc7dXZ1aejqVQ1dGZI1VsVSUXEcS5K8keqxS0Njp2KxpI6ODk1MTGhwcFDGtMavwZ9fGtP/9f++r/NXJ9RZKqgWOb136rL+j//nuOpRPG/bWj3WmUtjkqSTg9e00s7Vs5Wa/sPf/FonB4fVUQy1q79bl0du6P/+2Yf67OLovG37ezq1f3f/vFtjeL5ne0/+2qnz1/SXf/ueytX6Tcf89MKI/vq/fazxyVndt6df9SjWWx8O6hfvfb6yHwYAAAAAAAA5KoABAADQ0rKqX/nksfdepc4OffrpaYVhqGKxKOeTsDcIAsXeSZLCIJC8k7GBrJGiKFKhEMo5pzNnPtPhg4eVtHs2mt/2eeHztfO3vzwl57y++dxRPfPwvapHsf7j372vi8PX9f/99ry+/PihfNtPL4wkobAxmp6t6vzVcR3Yu+2Oj/3JuRHNVmo6sHebfvDyFyVJ73x8Qa+9c1rvfHxe9+/fkW/7zMP36tlH7m36Xt/98sPas71Hcez0v//NcQ2NTurTCyP6nfvvmbfdpWs3tHNrt7782EE9cniPRq/P6N/85Jc6de6avvb0/Xf8swAAAAAAAGBOa5Q+AAAAAE14SVm5q7FGhWJRly5dlmRkjJWTl7IqYedkfDLfV2kQnITGkoyVc14yVh0dXRo8f142DOWNUewlL5NXtfpkSnB6vzaGRieTNshbSnr6oSRcLYSBvvzYQUnSicHhedtnz794NAlVT5ydv758yWdaj2JFcfJZPXb/Xv3J1x/T7z526FY7NhUEVvfu7pck3Zip3rT+0pNH9D/+8XN5W+qsvXcYclkCAAAAAACwWvhLCwAAAFqatVaxczJBIOecbty4rkqlrEKhkAeIt5LV81prleTCTsZahUGoK1eGFIahrLFp1GuSY6VB8FrOCB65PiNJ2tXfrcbD7NrWLUkauz6bv1arRzpzcVSlYqjf++IRWWv0yblrSaB9hx68b5e6Ogq6PHJDf/Hjf9DbvxlU7LweuHenDuzdekfvGcVOF4YnJEnbejubbvfRmSH95PWP9H/+7XsKQ6uvPUX1LwAAAAAAwGqhBTQAAABamotjhWGoKKqrUChqZGRUxWJBsXOyWVB7qzcwJg99jSRvjFwcKwgDVcoVzUzPqLOzU87FSd2vMXNNoFc6aPcWqrVIktRRmv8reWepIEmKnVM9ilUIA50+P6Iodjp6305t6Szq3t39Ojc0oXNDEzq0787aQG/pLOoHLz+pV988oSsjk/r58TP6b++f1ZcfP5RXIWdee+e0XnvndP78u19+WI89MNfe+dU3T6gQBpqYKmt6tqpdW7v14L27mh77yshkXsG8o3+L+nuah8UAAAAAAABYHiqAAQAA0PK8cyoUCpqYmFAYhnLOJxW9fulNmrNqYWutnPcyMioWixobG5MNkvfykoIgyLddy0nApWIS/Jar0bzXK+lza40KYSBprt3z/ft3SpIeuHdn+vrVFZ3Drq3d+u+/+4x+8PKTevTwHjnn9Ytfn9Hxkxfnbbezf4vu378jv/Vu6Zi3fnVsSheHr2t6tqruzqL+7A+fumVb528+d1T/4p98VX/04iMavT6jn7z+2xX9HAAAAAAAAJhDBTAAAABamkmDXu+lyckbsjaQ5CXvZaxdUpWusUkY6Z2T8V5BEMh5J3mpVq8piiKZdI6wvE+CZZPOBF6jKuDtfV2SpGsT02mgbfLnyfoWSUml8JnLY5Kkn77xsX76xsf5e3xy7ppefuFYvm+mVEh+za+ns30lqR4lj7Ng9sNPr+j6dFmPHNqjA3u3Jrd7tulv3jqp335+VU89tD/f94kHB/TsI/c2/Vn+6R89qx19W/Sv/tNbmi7XNDIxrf3pLOBG16fLiiKnrT2dCgKrLxzZq9feOa3h8SlV61F+3gAAAAAAALhzVAADAACgpWUhbBxHivNA00hLDGeNkjbSRkkQHLu5UNTLKwxDTU1OyVorY0xSHZwN5V3DFtD7dvZpa2+npmerejetuI0ip7c+HJQkPXQwaaF86vyI4thpS2dR+3f357fOUkHlal1nr4zf9N470znCn54fyX+E0xdGJCVVv5J0Yfi63nj/rN49MVftWywkFcd3Mvk4DK2eeTgJibOfYaG/++Vp/Zuf/FInB5OK5smZiiq1SMVCQPgLAAAAAACwSvgrCwAAAFqad07GGJUrVYVhKO/n2j97LS2s9OnNpDfnnAJrZY2Vc04zszPa2t+nOG0pbYxJ9kmPvVZefv6YfvSzD/TaO6f17okLKlfrqtQibe/r0nOP3CdJOjmYtHn+3ccO5gGrJP3ivc/15gdndfLsVR0Z2D7vfZ98cEC/+viCTp2/pn/9V2+rVAg0PD4tGaMv/c4BSdJzj96nk2eHdfyTixocGldXR0GXr01Kkh49snfe+717MnmvRv/464/d9PM8dWxAb//mnD67OKrh8Snt3tYzb/2xB+7RpxdG9OqbJ/XhZ1c0PJ5UPz/x0L47+fgAAAAAAACwCCqAAQAA0PKMtarVqvI+CWSdc0kF8BI47xUGSWVr7JxsEMgaI3kpjuO07bMkY/LAN68CXsPwV5IOD2zX97/1RR3Yu1XT5Vreprl3S4e8pEot0ueXkgrfB9L5v5mj9yXPPzk/Mq+qWZK6Ogr64Xee0rEDuxRFsUZvzGrfzj796Tce14G92yQlc33//LtP6+FDuzVbqWlodEo7+rv07S89pCePDcx7v4nJss4PTcy7OXdzdXRHqaAvPpiEuW9/eO6m9WMHdumPXnxE2/u7dHH4hoqFQC8+cVi//9T9d/DpAQAAAAAAYDHmlVdeWbu+dgDQwmq12kafAgCsi2KxeNttXBog+nT+rXMuv+/s7FzR8Scnp1ZUReucU1goaHRsTDMzMwrSMDfPbW+zf5LtzrV0nqsENvJKgt6oHunwoYOq1etSGjIvtcX0Qj093cveJ1OtR/rJ67/VmYujOrJ/h/70G4/f8XsBAAAAAKRyuZyP/Mnus2tEa6mRA9CeaAENAACAlmatTYNYI2PsXCZrjMxSA9qG7bLAOImCkyrgIAiSSuD0eM655D5tCb1eSoVQf/K1x/TWh4N67IF71vHIAAAAALA+Tpwd1tiNmVtus62vS48c2rNOZwQA7YcAGAAAAK0tbcmcVP4mIa33WnJVscn3WlAt3JAdZzOFs23zpeRAKzj55bPW6CtPHFrXYwIAAADAenDO69U3T6gexbfcLgisHjqwW9au7/UYALQL+hsAAACg5XnvVSqVFMex8hjXey2p/teYtOVzw/vla0n4GxbCpAI4nS9s0/uVtK4GAAAAAMxnrdG3nn/wttu9/MIxwl8AWAECYAAAALS2tDVzR0dHXpBrjFnS/N/G/fOn2QOTzAGOokjdW7rnWkA3zP81zIMCAAAAgFX1+AP36MUnDjddf/GJw3qckTgAsCL8RQsAAAAtLQtsg8CqVCrKOTf36hIqdP0ijxvnALvYqWtLl5z38uns3zw0XuqMYQAAAADAkn3liUOLhryPH93HSBwAWAUEwAAAALgrxLFTb2+fvPdzuexS20A3MJJkjLz3iuNYPb09MjL5e/n03qTbAAAAAABW37e/9JCODGzPnx/Zv0PffuHYBp4RALQPAmAAAAC0PCPJO6fe3l5JRsYY2YYG0LeKaY2SMHdhtbD3XnEUa+eOnYrqNRlrZY1RnM7+NdYuO1wGAAAAACyNtUbf++oXNLCrTwO7+vS9lx5l7i8ArJJwo08AAAAAuBWjrCrXK47qGth3jwbPnVOpVFIyxTeR1QLnr2SBr/dJ22hj8jDYOy95r107d0jyCgIr791csOy9vJLnpMAAAAAAsDaKhVA//M7TG30aANB2qAAGAABASzNpkBuGYT6jd//AgMrlSro2F/waJZW+SXCbzPRtfJ+kfXTS+rlYLKq/v1/yLm/1TMtnAAAAAAAA3O2oAAYAAEBLy2byRlGkMAhUq9fVUSppYGBAly9fVqlUSop9TRrgOi/fUO0bO6dCGMql4XG9XldHR0n3DuxXpVJRXjDceMz0v4zxC1ZW15WRSb1/+pLK1Ujf++oX5q29+cFZHf/kkirVuu7Z2auXnz+mXdu6V2391Plr+vnxM5qYLGtrb6deevKIjh3YtS7rsXN64/2z+s1nQ5qt1rStt0vPP3pAv3P/3tX7cAEAAAAAADYpKoABAADQ8oykIAgUx7HCMFTsnDo6Sjpw4D7FcaQ4juWdlzVW1ibTgbNa3jAIFDunKI5VrVa1Y8cO7du3T7Ozs/l7N4t416og+PSFEf3bv35H/+7VX+m9U5dVrUfz1o+fvKhfvPe5nHPava1HF65e149+9oHitKJ5petXx6b0459/pImpsvbt7NXEVFk//vlHGrk+sy7rrx8/o7c+HFQUO927e6vGbszqp298rM8ujq7NBw4AAAAAALCJEAADAACgtRmjIAgU1euSMXLOy7uklbMxVocPH9bWrVvlvFelUlG9XpdL5/5GUaRqraparare3h4dPHhQXV2dqtfrCsJQxtqbR/waL2O8jJkbI7zaTp8f0ej1Gd2zo3fR9eMnL0qSfvAHT+rPv/u0Hj60WzemKzp1bmRV1t8/dVnOeX39mQf0Z3/4lL757FF57/XuiQvrsn51fFo7t3brh995St//1hP65rNHJUmnzl1b3Q8aAAAAAABgE6IFNAAAAFqacy5p6WytgiCQi528knbPQRCqVqurr69X27Zvl3dO5UpF1UpFMkaFQkGlUlHFQlFRFKUzgLNZwElLaEnzQ2CfBb9m4cqqefqh/frGMw9oaGxSf/lf3pu3FsVOI9dn1Fkq5C2bD+zdphNnh3VtYlpH450rWn9YuzU0NilJum/P1nQ9ub82MS1Ja77+/W89Me9nzmYvhyHfTwUAAAAAAFgpAmAAAACsKb+gx7JZbqZqrGSMrJXqUSxjjAqFUJJRrVZVrVbX1FRN1VpNcRwnfZvTGcBSEi4WS0UZY1QsFNXV1aUwDPPQ0bvk3igLIk1D7rs2JcB7tvc0XavWknbQxUKQv9ZRTH5tn5qtrni98RildJv1Xs+8/uszGpmY0ZlLo+rr7tDzjx5o+rkAAAAAAABgaQiAAQAA0NKMSYJZawMVCoGmp6c1OjqdzvBN2kAba2RMUj1qJBlj8iphY6SZmRkZGc2YGY2Ojsh7r56eXhWLBfX1pW2Ykx3m1fymcfC68rcYPOzS1tcrWZck12ST9VrPfHphVMPjU5KkXVu71VkqNDt1AAAAAAAALBEBMAAAANZUVvHbLEj1kgJr5VwytzcMQ8XOJdsbo2KxqJmZGY2NjWp2tix5KQgDFYpFeedkmgzqzYJgSQrsXDWsLRTkvVSpVFSplDU2Nq6uri719/epu7tb1WrSPtr4dP80UDXGyKXHyx5ba28ZuN4Ja5tHztasfP1Wx7Dp57XW65n/4b97VrV6rL8//pmOn7yo1399Rt987mjT8wcAAAAAAMDtMWQLAAAAG8v7pHWzMQqCQFEcy6Yzf72kwcFBXb06pNnZsoIgULFYzGf3ZvfLNZdDJgFzpVLR8PCwBgcH09nCQUMX6KSaOIpjBWEoLyUBdZPgeaW6OooKrFW1HuevVdKWyh2lworXJamnqyhJqtajBevhuqyPXp/R+OSspKRV9ZPHBiRJF4YnlvFJAQAAAAAAYDEEwAAAANgwXpINQ3lj5byXk2QDq6AQamR0RIODg5KXbBAqDEPJGMUulnNOzjnFzt3BUZNAV2buVixlobLRxYuXNTR0VUFYUJy2VLZZOF2vy6SPlVYBr4WdW7eoUq3n7ZHPX02C0Wx28ErXd23tliSdG5qYt753e++6rP/7//yu/uLHv9SN6Yok6drEtCSpu7O07M8KAAAAAAAA8wUvvvjiKxt9EgCwEeI4vv1GANAGgiC47TYL2xhnz733KhRWNpe1Wq0lLZWbrEexUxgGci5Oq2qNzp49K+dilUqlZI5vWumbzPQ1skGgIAjmtWheDtPwH+ddEjLbpLWztVZx7DQ6Oqre3h4Vw1BR+v8ZQRDIO5e0rQ6CvCV0o1KpuOTzuD5d1m8+G9K23i594cje/PUwtDp9fkQnB6/p9PkRnbk4qp6ukv7g+QcVBHbF69t6u/TrTy7p7JVxDV4Z1/ufXpbz0rdfOKaeLaU1X5+erenStRv66MyQzl4e069OXJT3Xl975n7t6N+y7P89AQAAAKCZKIryUT6NN0lr1tkJADYaATCATYsAGMBm0QoBcONFtdf8ecDGWEleYRiqVqvr8uXL6THTObtp6Cols4KNMUm1sHNSGgivxFyQa+VlpHT2r7VWExMTKoShOjo68nnDzvvk/BuC6UarEQDv2d4ja4yGxqY0MVXWwK4+/fFLj6qvu3NV1jtLBe3Z1qOh0UldHZ9Sf3enXn7+mA4PbF+X9QP3bJMxRqM3ZjV6fVY7+rfoG88d1UMHdy/vfzwAAAAAuA0CYACbkXnllVeWXzIBAG2gVqtt9CkAwLooFm8fSGatjL1PWh475/L7zs7OFR1/cnKqaQDsJRlrFcdJW+cLFy6qUCyoEBYUx3EezjbKfnk1Si7WF4bXy+WcUxCGcnEs570KYag4ihWEgbx3iuqRtm/fpr7eXlVrNQXWylqrehQpDIKbjt/T072i8wEAAAAArJ5yuSybfpk4u8+uUe0iX+oFgHbAv24AAADYUHHsFAShLl66pM6uTlmThKtBECh2Ts55ydikQtcrr/rNqnFXKguZvaQwDJPA2UhxFMu55FjXhoc1PTOjYqEgL8l5r8DaVTk+AAAAAAAAsJoIgAEAALAhsui0WCzq/PlzKhQK+Uxda23e4jlIq2yzNWOt5P1cK+YVcmnVc2CtvHNJ22ljZYPkm+FBGKrYUdLV4WuK0yByDv0AAAeNSURBVHOS0nnEq3B8AAAAAAAAYDURAAMAAGBNee+TVs8mmelrJMkaRXGssFDUlStXVCyWklnAaSpsjJGMlYyV905GXkmHLp8HsKsVvhpjZBtaSVtr5eXz57FzMiZQGIYaunpVYbEk571sECbnCAAAAAAAALQQ/mIFAACANZXNWPJp62YnL++lYrGker2marWiKIokJfOAZYyUVuWuS4XtIm2cfcPNBlaRc7JBoFqtrnJ5VtLcOQIAAAAAAACthAAYAAAAa8r7pGrXKwmDpaQSWJLGx8clmXymb7pDWjGc3PIH63VTUl2c3bLz897LWKuJiQmFYag4jhcNjwEAAAAAAICNFG70CQAAAGCTmBfsGhkjlcsVhWEopS2X/cLt02rgjeIlKY5lAysXO4VhqNnZsiSfhNnGSN5t2PkBAAAAAAAAC1EBDAAAgHVhrJX3XlZGVkbVak31ej0JftN+y0nB71w1sHcbG67m5+OVzAl2sayk6alpWWvzSmYAAAAAAACgVVABDAAAgDXlNRekuvS5d07ValXWWkVRlHZeNjft0wq885I1+fmEYahqpaKe7u40qKYNNAAAAAAAAFoHATAAAADWVFbN65xL2jp7L2OMSqWCduzYJmOSucBJG2gpC1ST/bIW0BsTsiYtq23DuUlyTkEYyrlYhvAXAAAAAAAALYYAGAAAAGsqC3wlyQZB/noYhgqCUNYG8g1zfrNts7nAG14JbKycixUEobx3Ml5p22rCXwAAAAAAALQeAmAAAACsqSzANSar5p173UiSi9Nt0rm/C6tqNzho9XJJ+2oXZy8AAAAAAAAALctu9AkAAAAAAAAAAAAAAFYHFcAAAABoEens3xarsDW0egYAAAAAAMBdhApgAAAAAAAAAAAAAGgTVAADAABgTfX29mz0KQAAAAAAAACbBhXAAAAAAAAAAAAAANAmCIABAAAAAAAAAAAAoE0QAAMAAAAAAAAAAABAmyAABgAAAAAAAAAAAIA2QQAMAAAAAAAAAAAAAG2CABgAAAAAAAAAAAAA2gQBMAAAAAAAAAAAAAC0CQJgAAAAyBiz0acAAAAAAMC64ToYQDsjAAYAAMBNsgthY4ziON7gswEAAAAAYPniOJ53fQsAmwUBMAAAAG7JObfRpwAAAAAAwLJxPQtgsyIABgAAwC1RAQwAAAAAuBtxPQtgsyIABgAAwKKy9ljee9VqtQ0+GwAAAAAAlq5Wq8l7L4n2zwA2HwJgAAAANJVdJEdRxDenAQAAAAB3BeecoiiSRPgLYHMiAAYAAEDOGJPfGl+TpEqlQiUwAAAAAKCl1Wo1lctlSbrp2nbh9S4AtKtwo08AADaKMSZvAwMA7Wo5F7YL/11sbAGdPa7VaoqiSGEYylqrIAi4eAYAAAAAbBjvveI4zqt+nXOy1ubXqouFvlzHAmh3BMAAAAC45ZdiFgbBzjlVq9V8+4X3AAAAAACstcaAN7tvDHtvV+1LCAygnREAA9i0qAAGsBncyQVts30W+8Z0s4phAAAAAADWwmLXpouFwM1uALAZEAAD2LT4hQ/AZrDcf+uWUgm8cLtmQTAAAAAAAGtpsWpfKn8BgAAYwCbGL3sANoM7nQF8u4vlheEv1b8AAAAAgPWy8AvK2f3tKoEX2x8A2hEBMIBNy1q70acAAGvuTv6tu1UQ3Cz8XUpwDAAAAADAamo2B7jxMcEvgM2IABjApmatlXNuo08DANbEaoS/jdW9t9q+cRuqgAEAAAAAa2WxLyo3u1/42mL7A0A7IgAGsKkRAANoZ3fa6aCxnXOzEJgZwAAAAACAjdasFXSze65XAWwWBMAANjXaQANoZyv5N25hCNxsm8VaP1MBDAAAAABYK4tdo94qCM4eE/4C2EwIgAFsekEQKI7jjT4NAFhVQRCs+D0WhrpLvVjmohoAAAAAsJ6atXheLAwGgM2AABjAphcEgZxzVKwBaBvGmFUJgLP3agx/lxMEAwAAAACwHprNBV5sDQA2AwJgAFDSJpUqYADtYrXb2y8W/i7W+hkAAAAAgI1E8AsACQJgABBVwADax2pW/y723svFv6sAAAAAgJViJBEALA8BMACkCoWC6vU6YQWAu5YxRoVCYd2OtZrbAQAAAAAAAFgdq9sfEADucmHI92IA3L34NwwAAAAAAAAAATAANDDGEKAAuCuFYUi1LQAAAAAAAAACYABYyFpLCAzgrhKGoazl1zoAAAAAAAAABMAAsChr7brN0QSAO5XN/CX8BQAAAAAAAJDhr4UA0IQxRsVikZaqAFpSFv7ybxQAAAAAAACARgTAAHAbhUJBQRBs9GkAQC4IAroUAAAAAAAAAFgUQy4BYAmCIFAQBIrjWHEcb/TpANiksn+LAAAAAAAAAKAZAmAAWIbGINh7L+fcRp8SgDZnrZUxhuAXAAAAAAAAwJIQAAPAHWgMYpxz8t7Ley9J8x4DwFIZY/J5vtlja5nWAQAAAAAAAGB5CIABYIUIaAAAAAAAAAAAQKsgtQAAAAAAAAAAAACANkEADAAAAAAAAAAAAABtggAYAAAAAAAAAAAAANoEATAAAAAAAAAAAAAAtIn/H9fA4t5Zs9hhAAAAAElFTkSuQmCC' height='250' width='300'/> ]]>
  </system-out>
</testsuite> <!-- com.tribu.qaselenium.tests.mazaprendo.MAScoreCourseTests -->
