<?xml version="1.0" encoding="UTF-8"?>
<!-- Generated by org.testng.reporters.JUnitReportReporter -->
<testsuite hostname="station" failures="0" tests="1" name="com.tribu.qaselenium.tests.apimazaprendo.MAAssignF2FCourseTests" time="34.119" errors="0" timestamp="2022-04-07T13:25:23 COT" skipped="0">
  <testcase classname="com.tribu.qaselenium.tests.apimazaprendo.MAAssignF2FCourseTests" name="assingF2FCourse" time="34.119"/>
  <system-out>
    <![CDATA[ <img src='data:image/png;base64,iVBORw0KGgoAAAANSUhEUgAABLAAAARMCAYAAACJcWqtAAAAAXNSR0IArs4c6QAAIABJREFUeJzs3XdYFFfbBvB7pRcpoghYQaMRUJOggGIPlsQWY8GGXfxiQ401lqhRo2JiifpGUWKCsbdX0YRQTFRQUAwqxQpREVBUOgvSvj+4dl4WlmWXtmu8f9flJTvlzNmZnfbMOc+IjI2Ni0FUy7p166bqKpAKXLlyRdVVICIiIiIion+BeqquABERERERERERkTwMYBERERERERERkVpjAIuIiIiIiIiIiNQaA1hERERERERERKTWGMAiIiIiIiIiIiK1xgAWERERERERERGpNQawiIiIiIiIiIhIrWmqugL0biguLlZ1FYiIiIiIiIjoLcUAFtUJBrCIiIiIiIiIqKoYwKI6oUgAa/z48Rg3blyNLO/XX3/FwYMHa6QsUr1vvvkGxcXFWLVqlaqr8q9nbW2NUaNGwdnZGQBw7do1HDt2DPHx8SquGRERERERvcuqFcAyMDCAo6MjWrZsCWtrawBAfHw8/vnnH4SHhyM7O7tGKklvP0UCWDUVvJKU5evrW2PlkepYW1vD3t5e+JuBlNpjb2+Pb775RmqYs7MznJ2dsXLlSkRFRamoZkRERERE9K6rcgDLzc0NgwYNgqGhodTw9u3bAwCysrLg5+eHo0ePVq+G9K+gSAArOzsbBgYGNbK87Oxsdlv8lxg0aJDU3z/88IMKa/PvNnv2bLnj/u///q8Oa0NERERERPQ/SgewDAwMsGTJEiFQVRFDQ0OMHj0adnZ22LRpE1tjveMUCSZ5eXnh888/r5HlnTp1igGsfwEDAwP06dNH+NynTx/4+PjweFILrK2t0bhx4wrHN27cmC3giIiIiIhIZZQOYC1dulTozlNWfHw8jh49itmzZwsts9q3b48lS5Ywd807TpFgUkhICEJCQuqgNvS26N27t8xhfn5+KqjNv5sirR9rqoUkERERERGRsuopM7Gbm5vc4NXKlSsRFhZWLljVvn17uLm5KbSMsWPHIi0tTepfQkICgoOD8cknnyhT3beeubk50tLS8Ouvvyo979atW5GWlia0lPvwww8xadIkYfz169fx+PHjGqtrZYqLi9X239y5cxEQEIAzZ85AU1NT7rTu7u4ICAhAp06dlF5Oz549ERAQgGHDhik0vaenJwICAmBjY1PptEZGRnB3d4eGhobK12fpf9VVuvugvGFV8f333yMtLQ2PHz+Gjo5OufFz585Fq1atKi2nQYMGSEtLe+u7S7ds2bLSaRo1alTlss+dO4e0tDR8++23UuM+/PBDBAcHIzk5GZGRkVKtMBs0aIBDhw4hISEBcXFxWL16tTBOJBJh7dq1ePjwIZKSkuDr6wsTExNh/OjRoxEZGYnnz58jODhY6txVW8uU9z2JiIiIiKh6FG6BZWBgUOGNoyR4Ja9bz6BBg+Dn56dw15+LFy8iODgYANCwYUNMnDgRvr6+6Nq1K+7fv69otdWKSCSqs25t+/fvR2BgoBCkWrRoEaysrHDgwAEAwMKFC2XetL9rNDU10bNnT4SFhcHJyQldu3bFX3/9VSvLunPnDr7++mvExcUpNP3Zs2dx/fp1JCcnVzqtq6srJkyYgGPHjqGgoKC6Va3T36q5uXmFuZdkdWlr3Lgx1q5dK3P6nTt34sWLF5UuU0tLC8OGDcMff/yBfv364ZNPPsGZM2eE8R06dMDatWtx7949PHr0SG5ZmZmZGDduHJ4/f17pctXZP//8U+k0KSkpSpfr5OSE06dPyyxfR0cHhw8fRlFREdasWQM3Nzd4e3vj9u3bePjwIbZv345+/fph06ZNeP/99zFv3jw8evQIvr6+8PDwwNy5c/Hrr7/i2bNnWLRoEXJycjBjxgzY29vjP//5D8LCwrB37158+eWXOHjwIBwcHKCpqVkry5T3PYmIiIiIqPoUDmA5OjqWS9gOAMHBwVI5aaytrWXeXBoaGsLR0REXL15UaHlhYWFSyZrz8vKwePFiODg44P79+2jYsCE2btyIXr16QUtLC8ePH8eSJUtQWFiItm3bYteuXbCzs0NERASuXr2KRYsWYezYsbhw4QIiIyORn5+PkydPYt68efjoo4/w5s2bCstr3LgxvLy80L17d+jo6OD27dtYtmwZ/v77bwDAggULMGXKFJiZmeHevXtYunQprl27hqZNmyIqKgq//PILLC0tYW1tjU6dOpX7rhXNr8g2+eabb2Bvb4/8/Hz8+eefWLBgAV6/fo2pU6di8uTJ6N69O3x8fPDee+8BANLS0tCmTRts2bIF5ubmaNGihbDdNmzYAEdHRwBAeHg4li9frnCwpTKKBEMaN26M/v3718jy/P39FQooODo6wsjICL6+vrC0tISrqyv+/PNPYXzz5s2xaNEitGrVCjExMXjy5AmA/7UoO3jwIAoKCnD69GlMnjwZ+fn52Lp1K6ysrODu7o6cnBxs2rQJkZGRaN++PVasWIHdu3fj5MmTWLRoEQYMGIDly5dj+vTpsLCwwI0bN/Dtt98iNzcXgwcPxuDBg+Hh4YFHjx5hwIABGD16NCwsLJCeno6AgAD4+Phg7ty5GDx4MADAz88P69atQ6dOnTBgwAB4eXnh//7v/7Bz504EBgZi7NixGDx4MIyNjfHkyRPs3LkTUVFRMDc3x+HDh3HhwgU0bNgQVlZWmDhxYo1si8oYGBhUmlOvrIqmV7SLW79+/WBqaorNmzejZcuWcHNzEwJYn3/+OXx8fAAAR48exU8//YT58+dXuJ/Wr18fv/76K/z9/eHm5gaRSAQPDw9MnToVTZs2RUJCAnx8fPDjjz8CQKXHE1VR5OFCVXKP6evrY+bMmUhISEBgYKDUOBcXF1hYWGDVqlX4z3/+g9jYWJw5cwbDhg3Dzp078cknnyA4OBheXl7Q1dXFkCFDMGLECPj6+mLEiBHIyMjAnDlzUFRUhB49emDIkCGYPXs2hg8fDpFIJKzXBg0aYOHChXB0dISenl6tLFPe9yQiIiIioupTOIBlbW1dblhwcLBUkEkSvJIV6JKMVzSAZWxsjObNmwMoaYE1YMAAAEBMTAwAYN++fejSpQvGjx8PAwMD+Pj4ID4+Hrt27YK3t7eQeys1NRVeXl4AgDdv3gAA8vPzYWlpCUdHRyxduhTp6en49ddfKyxv7dq1cHV1xcSJE5GZmYnvvvsOXl5ecHV1xbBhw7Bq1Sr4+vri0KFD8PX1xc8//4y2bdsKyxsyZAhOnz6Nw4cPl/ue8uavzE8//YTXr1/j888/h5mZGXbv3o358+dj5cqVUtNNnjwZwcHB+OeffzBz5ky8fv1aaryenh7Onj0LQ0NDLF26FCKRCJs3b8apU6fg7OyM3NxchbaZPIoEsLZu3So3ibQy+vfvj7Fjx1Y6Xd++ffH8+XPExMQgODgY48ePR/369ZGRkQEAWLZsGVq3bo0dO3YgOzsbc+fOBfC/AFZBQQHMzc3RvHlz7N69G0uWLMGiRYtw6dIlbN++HcuWLcPMmTMxffp0YR1I5s3PzwdQ0tXpP//5DwYNGoTu3bvj008/xcmTJ4U6FhcXw9LSEgsXLkRgYCA2bNgABwcHjB07Fnfv3sXhw4fRqlUr2NraYsGCBYiLi0PHjh0BlPy+9u/fj7t376Jnz56YOnUqfvvtN/z+++9Ys2YNvv76a4wYMUL4rfbo0QMXL16Ev79/nbXAio+Px44dO4R1W1U7duxQOMG4m5sbnjx5ghs3buDkyZNYuHAhGjRogNevX+PixYvYt28fpk2bhhUrVuDcuXNK7afTpk3Dpk2bcPz4cXz11VcYP348Nm7ciNzcXBw4cEDu8USV4uPj8fz58wr3wefPn1cpgbvkmC8reN+6dWsAEFqKSspv06YNrK2toampKYzLzc1FcnIy2rRpI8z77NkzFBUVCfM6OzujWbNmQtdPWeVKWp7W9DLlfU8iIiIiIqq+KgewoqKipIJXBgYGcoNXssqQ54svvsAXX3whfH716hUWLVqEW7duoXHjxujVqxcCAgIQEBAAAJg5cybGjx+PkydPokOHDkLXEQDo3r07JkyYIHVDbmhoiC+++EK4YauovF27dkFPTw96enpwcnJCcHAw+vTpg7y8PABAQEAA2rRpg7S0NLx58wbh4eH49NNPpXLFpKSkYP78+TK/pyLzV0RfXx86Ojro2LEjQkNDYW1tLTPoEBUVheLiYuTk5ODGjRvlxvfr1w/NmjXDd999J+Tx+fDDDzFjxgx069atRloTKNoCq6ZYWFhUukxDQ0M4OzvD398fDRs2xO3bt6GpqYnevXvjzJkzMDMzQ5s2bXD79m3897//BQB07NhR6EorKV9bWxt79+6FWCzGuHHj0LRpU+zduxeZmZkYM2YMmjdvXq4upT8fPXoU4eHhSE9PR/fu3WVuR21tbYhEIrRo0QLNmjVDUFCQVG40ScuYu3fvQiwWC8MPHz4sdMVNSUnB8OHDkZmZifz8fERHR8PFxUUqh09qaiq+//57xVZyDbp48SJSUlKwZMkSuccQWbKysrBp0yZERUUpNL2JiQn69++Pw4cPw8rKClevXoWWlhY+//xz7Nu3D6mpqUhISAAAPHjwAI8fP8arV68q3E8LCwulyp8yZQrevHkDT09PYZ/77LPP4O7ujgMHDsg9nqhaeHi40JpP1riaJmkxJ/n+kv/19fXLjQNKHkIYGRkJ85YeJ/nbwMBA+A1JArOly9XV1a2VZRIRERERUe1SKol7aaUv9mvDqVOnMG7cOMybNw/FxcV49OgRvL29AQCWlpYASt5G9uzZMzx79gwODg5o0aKFEPhJTEwUypLcjJaWlZUldDGTVx5Q8ubFixcvYv78+bhw4QIePHgAT09PACVdzHx8fPDw4UO8ePFCaCmmpaUlLEteDh1F5q/IuHHjkJKSgs2bN+PKlSu4deuWzLe2VaZp06YAgKdPnwrDJOuvSZMmSpcniyIJvyMjI2tkWQAQGRlZ6fIk3UUHDRqEY8eOCYGbvn37ori4WAjsvHr1SphHkl+pdDnZ2dnIyckR/n7z5g0yMjKEz1paWlJJzcsmOU9OTkZxcTEyMzMBQOb0cXFx2LZtGxo2bIivvvoKhw8fxq5du2Bubi637KdPnwqfGzdujJUrV+L06dP4448/0KVLFwAQEr+Xnb6uk7hHRUVh1apVyMrKUnierKwsrFq1SuHgFQB89tln0NHRwaRJkxATE4OzZ88CKGkJVxFl9tOmTZvi9evXyMnJAVDSbVcsFsPKygqA/OOJqsl7u2NtvPlREniVBJUk/2dnZ5cbB5TkzJIMz87Olhon+TsrK0v4DUlaW8krt6aWSUREREREtUvhFljx8fFSb3GysbHB2rVrsWrVKuHCf9WqVXJbYSnT/eT+/fs4f/48gJI8KSNHjsTYsWNx6NAhIbhy+fJlLFiwQGo+yRP30q15JF0RSyvdakJeeZLxw4cPh76+Pjp16oTly5djzZo1OHLkCLy8vODi4oJevXohMjISZ86cQa9evSpcVlmKzF+R0NBQdOnSBY0aNYKLiws2b96MzZs3o3PnzgrNLyEJ8JUOVjVr1gwAhJxPdWHevHn44IMPaqQsRYJh/fr1Q1paGjZt2iQM69OnD/r27YsmTZogPT0dAGBmZiaMt7CwqJH6VcWZM2dw5swZNGnSBF27dsXMmTMxbtw4uS2mJF2dgJL127FjR3h4eOD+/fvYsmVLue5OpadXhfj4+EqPIxKS4JWy3dpGjx6Nly9fYtasWcKw4cOHY9SoUbCxsZGZ902Z/TQhIQGtWrWCnp4exGIxzMzMoKenhzt37gCQfzxRdSL4Fy9eICoqqtzbZqOiohRKjq8syQs5JK1zbWxsAACxsbGIj49Hfn6+MMzAwAAWFha4dOkSAODevXto3749NDU1UVBQgFatWiE7OxtPnjwRyrWxscGrV6+ELoWxsbHCg5eaXiYREREREdUupQJYZZUNYlV281mV/CkAsHr1agwaNAhr1qzB+fPn8eLFC1y+fBlOTk7o2LEjxGIxli1bhpCQECxfvhx3796Fs7MzPDw8kJWVVeHbEyUqK++PP/6Avr4+Fi5ciPT0dLx+/Rr5+fnIy8uDvr4+gJJWF+3bt4ednR2AkuTgV69erfS7VXV+CwsLhIaGIjg4WHjzWk5OToVJlsViMVq2bImBAweWe8teQEAAnj59iilTpiA6Ohp6enpwc3PDvXv3cOXKlUq/gyIUbY1TV4msLS0t0b59e/j7+yM0NFQYnp2djb59+6Jv37746aef8OjRI9jb22PIkCEQi8Xo1q0bAJRrYSSvi2DZ6WXNK6+84uJiuLi4YOXKlfjpp59w48YNodWWWCxGcXGx0JVpwIABCAkJkblcSWsUc3NztG7dWript7Ozw+3btyuse11T9DhhaGio9DGlZcuWcHZ2xpEjR+Dv7y8Mz8rKwqhRo+Dm5iYk0QdK3p767Nkzufvp5cuXpZbh4+MDLy8vbNmyBcePH8fUqVMBlLwZFIDc48m/kbW1NTp06CAEhWxsbDB06FA8fvwYISEhePr0KWbMmIH8/Hy4ubnhzZs3OHXqFMRiMc6dO4ehQ4di6dKlsLW1haamJg4dOgSgpOuts7Mzdu7cieTkZHTu3BkHDhxAYWEhTpw4gfnz52P9+vXw8/PD5MmT8eDBA9y4cQOampq1skx537MmW5cSEREREb2rFO5CGB4eLrObhCSIJXmqLQlilZWVlVXlHCrPnj3Drl270KhRIyxfvhwAMH36dPzxxx/4/vvvsW/fPjx79gw7d+4EAMyYMQMxMTFYu3YtRowYISRPl3djLq+8xYsXIz09HcePH8eFCxdgYWGBcePGIS0tDWvWrME///wDb29v9O7dG2PGjMHLly+xbds26OnpVfrdqjp/cnIyli5dCjs7O/z+++84dOgQHj58iGnTpsmcfs+ePdDW1sbGjRvRsGFDqXE5OTkYOnQorl+/jq1bt+Kbb75BUFAQhg8fLiQar66a7JZWE//69u0LALh27ZrU8Dt37iArK0voRrhu3To8evQIs2bNgqurq/CmOkk3v7LfT95nWeuj7Lqp6HNISAhOnDiB4cOHY8+ePZg3bx4uXLgAHx8fFBcXw8/PD+np6Zg0aRJsbW1llrV3714kJSVh5cqVcHBwwLJly5CWloYvv/wS2tratbKtqsLa2lrhPFjK5NUDgFGjRgEoCSKVdu3aNaSnpwvjz58/j4cPH2LYsGEYO3asUvvpvn37sGzZMjg6OuLQoUNo3bo1PD09hfxy8o4nqmZgYICWLVuWG96yZcsqdxkfMGAAfv75Z3z99dcASl6w8PPPP8PDwwP5+fkYN24ckpKSsGrVKujr62PixIlCEvUFCxbgwoUL8PT0RNeuXbF+/XqcOHECQMlLLLZt24b+/ftj+vTpOH78uHB+uHv3Ljw8PNC4cWOsWLECd+/exdixY1FcXFxry5T3PYmIiIiIqPpExsbGCt9lurm5VZgnJi4uTmiJZW1tXa5b05EjR4QbuNqmoaEBS0tLoWvchg0bMHPmTPTo0UOqpQnVnfbt26u6CqQCkm5zyhg0aJDQaqky+/fvr5XcTMowMzPDo0eP4O/vDzc3N5XWpTp69+4NNzc3uW8hPHr0qMJvkiUiIiIiIqpJCnchBEq6T9jb25fLjwL8ryXW0aNHMWfOHKlxUVFRdRa8AoDTp0+jR48emDVrlpBv5vHjx7h7926d1YGkKdIaZ8qUKZgyZUqNLM/Hxwc+Pj41UhbVLVnHl7CwMACAk5NTuWlVGcAyNjaGu7s7gJI3OL5tzM3NMWrUKDg5OVXa6q1x48aYO3cupkyZgrCwMBw7dqxW8mIRERERERHJolQLLKCki8nSpUtl3mTKEhUVhY0bN1aYm6k2NGvWDFu2bEGXLl1QVFSEmzdvYvny5YiNja2zOpA0Sc4geUrnbqoJLi4uNVoeKS86OlrpeXx9fYVgSlZWFnx8fIRWP71798aUKVOkxksCSKrQoUMHBAUF4dmzZ5g4cSJu3bqlsrooq+y6VFbZbUNERERERFSblA5gSbi5uWHQoEEV3vxkZWXBz8+vTltekfpSJIDl7+9f5ZvpsrKystC/f/8aKYuqTtkAlrm5Ofbs2QOgJPj9ww8/lGvlY25ujjlz5ghB9BkzZrAlkJJKr+fq4vonIiIiIqK6oFQXwtKOHj0KPz8/ODo6wtraWkimHB8fj/j4eISHh9dpqytSb4p0IVy3bl2N5RA6evSoyt+mR8rLzs5GWFgYoqKiKuwa+OLFC6xcuRKDBg2Cvb09jzNVFBUVpeoqEBERERERKazKLbCIlNGuXTtVV4FUgN12iYiIiIiIqCZUuQUWkTLYGoqIiIiIiIiIqooBLKoTDGARERERERERUVUxgEV1ggEsIiIiIiIiIqoqBrCoTjCARURERERERERVxQAW1QkGsIiIiIiIiIioqhjAojrBABYRERERERERVZVm6cCCSCRSYVXo34wBLCIiIiIiIiJShKwYgmZlExDVBP623k3c7kRERERERFQTNHmDSXWBv7N3E7c7ERERERERVZdIJIKomHeYb7W4uDjY2NiouhpUTdyO/x7cluqB24Eqwt+G+uM2Un/cRnWD65mI6lp4eDjs7e1VXY0K1VN1BYiIiIiIiIiIiORhAIuIiIiIiIiIiNQaA1hERERERERERKTWGMAiIiIiIiIiIiK1xgAWERERERERERGpNQawiIiIiIiIiIhIrTGARUREREREREREao0BLCIiIiIiIiIiUmsMYBERERERERERkVrTVHUFiKh6zp07h5s3b2Lu3LkwNTVVdXWoClJTU7F58+Zyw01NTbF48WIV1Ojd9csvvyA2Nha6urqws7ND165dYWVlpepqkYqJxWKcP38ecXFxwm/j448/VnW1SI6IiAicOHFCatiIESPg4OCgohoRERFRdSkdwEpNTS13QWBtbQ1XV1fExcXBxsamxipHdScxMRGhoaEAwBu2t0hERISw3Xx9fTF37lwV14iqIjU1VanhVHtGjhyJvXv3Ijk5GREREYiIiOBNL8HPzw83b94UPiclJaG4uBiurq4qrBXJI+v4yWOqehCLxYiNjUViYiKSkpIAAJaWlrCyskK7du2gp6en4hoSEZG6qlIAKy4uTmpYcXExAMDb25sX+m+h1NRUeHt7Izc3FwAQHR3N1jxvgbJPl5OSknDixAmMGDFChbWiqrCxsYGFhQWSk5Olhnft2lVFNXp36enpwcPDQwhiAcCJEydgamrKBzTvqNTUVKnglcTNmzcZwCJSUmBgIEJCQoRrTgnJvYWuri66devGFo5ERG+BhIQEiEQiAIC+vn6dxA9qPAfWiRMnEBERUdPFUi2KiIiQupDIzc1FdHS0CmtElZHVNQIAXr9+zf3vLeXp6Qlra2vh88cff4zBgwersEbvBrFYXG6Ynp5euXXv5+dXV1UiNcMWkkTVJxaL4e3tjaCgIKlrThMTE5iYmAifc3NzERgYCG9vb5nHZyIiUh/Pnj1DQkICEhISyj2Iry21kgNLcmPNllhvB1mRUjbfVl8VBa9GjBgBW1tb7N27V2iKT28XXV1dmX9T7dm7dy9GjhxZbn9JTEyU+pyUlITU1FS2TCXBRx99pOoqUDVcuXIFeXl5wmddXV24uLiosEb/br6+voiPjxc+W1tbY+TIkcIxNTU1FcePHxemiYuLw8GDBzF9+nSV1JeIiNRTrSVxr04Qq7CwEGfPnsWlS5fw4sUL6OnpoU2bNhg5cqRUC4WqSE9Px927d+Hk5FStcv78808EBwdj7dq15cZFRkbCx8cHO3bsqNYy6oqDgwPi4uKELhIfffRRtYOPkyZNKtc8HAAsLCywbds2ufM+ePAAmpqa1d7WZYWGhqJDhw4wNDSs0XLrkrzglWSbeXh4YMeOHfDw8KiRm+3s7GzMnz8fTZs2xapVq6pdniwpKSmYPXs2Dh06BA0NjRovX97+qiqrV6+Wunkq6/z58zh//rzUsHbt2mHChAnVWu6hQ4fwxx9/YMmSJWjXrl21ypKl9LrevXs3GjRogNGjR9f4cmpKcnIyvL29MX36dKkgVtmu8gBqLIAVFhaGc+fO4fHjx6hXrx6aNWuGgQMHokuXLtUu+9SpU/jvf/+Lfv36IT09XW3Wv6x9vLi4GHv27IGWlhYmTJgALS0tFddSNlnBZMnNNwDh/CkWi2FnZ1elwNbx48fx4MEDfPXVV1LDr127hgMHDuDHH3+sWuWVVNvHYnVS9vgKQG4AKzc3FxMnTsT333+PJk2ayC07NTUVa9asQXZ2NjZt2oQGDRpUu75vs8DAQKnglYmJCdzd3aUelpqamsLd3R07duxAWloagJJ9KzAwUOmuurV93fK2XecTEamDgoICZGZmVvtaulbfQljVINb27dvxzz//YPr06WjTpg3y8vLg7++PVatW4dtvv0XTpk2rXKfbt28jMjKy2gGsrl27olOnTtUqQ504ODgIAayaajm3dOlSfPDBB0rPFxwcjNatW5cLYElyrUn62SrryJEjsLGxUSqAVVRUhHr1arynbZUoErwCSlrPubu74/jx43B1da123p4///wTPXv2REREBJKSkmBpaVmt8soqKiqCmZkZ9uzZU2s3TOq4v8oLXlVEVlBYGQUFBbhy5QrGjx+PgICAWglglTZp0iSl95+63ud0dHSQm5sLb29vjBw5EqmpqYiJiZEZwKqJVnH+/v44dOgQJk6ciM6dO0NbWxvXr1/Hnj17kJubi969e1er/JCQEEybNg3du3dHTk5Oja7L6hyDZe3jT548Qc+ePWv9d1hdVlZWMDExEW6qAWDQoEEASnJGHjx4UBgeExODZ8+evZXdf+viWPyuuHfvHoqKirB3716l9hd1uuaoKWKxGCEhIVLDXFxchODV8ePHIRKJMGLECOjp6cHBwQFBQUHCtCEhIVLTK6K2r1uIiEg5BQUM6uJtAAAgAElEQVQFiI2NhampqXoFsAYOHFjuBkvZ/uuxsbG4fv06tmzZIjzh0tHRwciRI2FhYSE8oU1JSYGPjw8SExMhEolgb28Pd3d36OjoYM6cORg4cCAiIiKQmZkJLS0tLFiwAImJiThw4AAKCwuxatUqrF27Fqmpqdi/fz8SEhJQr149dO7cGaNGjYKGhgZ+/PFHGBoaIiUlBa9fv0ZmZiY8PDxga2uL0NBQoZVBRkYGdu3ahadPn8LExKTcjbK/vz/8/f1RVFQEXV1djB8/Hvb29tVY02+/9PR07N69G0lJSSgqKkLTpk3xxRdf4M8//8Tly5cRERGBZ8+eYcCAAfjyyy8xatQonD59Glu2bMHSpUvh6ekJOzs7AMCBAwdQVFSEKVOmID8/H76+vrhx4wYKCwvh4uICd3d3bN26Fc+fP8f69esxZswYhIeHo0mTJsIT9OvXr+PIkSP47rvvcPHiRVy7dg1aWlpISUnBpk2bEBkZiV9//RU5OTnQ0NDAsGHDqn2jqaxz586VG1bRSxOsrKxgamoqtCypThArKCgI8+fPR/369REUFITx48cDAJ4/f44FCxZg/PjxuH79OlJTU9G+fXshaPH8+XPs2bMHz58/R1FRERwdHTFp0iSIRCLs2rULRkZGuHXrFmxtbTF48GCpp/4XL16En58fCgsLYWRkhMmTJ8Pa2hqvXr2Cp6cnpk2bhsuXLyM1NRXW1taYPXs2RCIRXr16BW9vb8THx0NbWxsjRoxAz549pfZXADh79iwCAgKE8qdOnYr33nuvyuvobREeHo733nsPPXv2xPHjx5GVlSUEdH/88Ufo6enh5cuXSEpKgra2NiZPnozTp0/jxYsXMDExwaJFi6Cjo4OdO3fCwMAAKSkpSEtLQ0FBAWbMmIFWrVpJLe/AgQNCC6D8/Hx4e3sjOjoaRUVFaNGiBb744gsYGxvL3Ofqip2dHW7evInc3Fz4+vrW6rLy8vJw+PBhTJgwAX369BGGd+vWDSYmJtDULDklv3nzBgcPHsTt27dRXFyMxo0bY9q0aTA3N8elS5dw+fJlNG/eHI8ePcLr16/xySef4JNPPsGWLVuQlJSEQ4cO4enTp0hLSxPWv+SY+/TpU5iZmaFbt244d+4cdu7ciYCAAISEhGD16tUASlovTJkyBfv27YNYLC53DM7Pz69w367oGPzq1Supfbyi82Jl+7iquLi4CC12dHR0hNZ6gYGB5aYNDQ2Fq6trjXfFr+i8aWxsDA8PD7nnRUX3vYULF0ptp5iYGPj6+grB0L59++LTTz8FUPKw6ezZs0LQZfDgwe9U4u2KrhELCwtx4MABZGVlYf78+Vi1ahUKCwsrvGYtez5s3bo1Ll26hCZNmuDRo0dIS0vDjBkzEBISgoSEBOTk5GD+/Plo1qwZ8vPzcfjwYeEBZIsWLTBt2jTUr19f7u+lLsXExJS7N0hOTkZQUJDUCxI++ugj2NjYwMbGRiqAlZubi5iYGKUersq6bsnOzsaMGTOwbt06tGzZEkBJ7pbFixdj7969mD9/foX7UGXX+e/qNQURkSIkwaucnBwAsh+E1q9fH0ZGRgqVVyOPedLS0hAfH48mTZqgVatWUv8qa2Zd1p07dyqcr3v37mjcuDEA4IcffkCzZs2wfft2eHl54dmzZzh9+jQAQENDA7dv38bSpUuxceNG6OnpISAgAHZ2dujbty8cHByEG9kffvgBDRs2xNatW/Htt98iOjpaOHFqaGggNDQUU6dOxTfffIPevXvj6NGj5ep17NgxaGpqYteuXVi9ejVu3bol9X1OnDiB5cuXY9u2bRgzZgy2bNmCzMxMpdZLTUpNTUV8fLzUP8lrjIGSXC9lx5fNB1NdFy5cQP369bFjxw788MMPaNu2LSIjIzF06FDY2NjAzc1N6FLy5s0b5OXlYf/+/ZU2wz9z5gwSExOxfft2bNu2DXfu3MEff/wBT09PAMDy5csrfbObtrY2YmNj0adPH2zatAn5+fnCttu1axe++OIL7N27FxkZGTW2PhQxYcIEqUSn8t74GRERIVwUVicJakxMDAwMDNCsWTP07NkTV65cQUFBAQCgXr16KCgowJs3b4TWkTdv3kRYWBgAYN++fbCxscGuXbuwefNmhIaG4vr16wAALS0tXL16FUuXLsWUKVOklhkbGwtfX18sXrwY27Ztw8CBA7F582YUFBRAQ0MD+fn5SE9Px8qVK7F+/XrcunVLeOnAzp07YWNjgx9//BFLly7Fvn378PTpU6ny79+/j1OnTgld3Dp16oS9e/dWeR2pyrlz57Bs2TKZrfIqEhAQgI8//hhaWlpwdnbGX3/9JYzT0NDA33//jZkzZ8LLywvFxcXw9vaGp6cnvLy8kJaWhhs3bgAo2fZhYWGYOXMmNmzYgD59+mDXrl1yl+3n54ekpCRs374dO3fuRGFhoXDMLrvP1SVlct54e3tX61j48OFDiMVidO/evdw4e3t7vP/++wCA06dPIyEhAV5eXti+fTusra2xc+dOACXbKTo6Gp07d8bq1asxZ84c+Pr6Ij8/HwsXLoS5uTmmTZuGsWPHSpV//PhxaGhoYNeuXVi6dCkuXryoUEsPWcdgeft2Rcfg0uSdFyvbx1VFclMLQKqraUUJS0ufU2tKRefNylR138vKysLmzZsxevRobN++HStWrMCpU6dw584d5OXlYe/evVi2bBl27NiBlStX4saNG8jPz6/x762uKrpGbN++Pdzd3dG0aVNs27YNDRo0kHvNWvZ8qKGhgdjYWHz88cdYt24dnJyc4OXlhaFDh2LdunWwt7fHb7/9BgD473//i/v372Pjxo3Ytm0bTExMsH//fgBV/73UNFnHzIiICAQGBgovnZEEryqaXpnjbkXXLQYGBnB0dMTFixeFaUNDQ9GpUycYGBjILVPedf6/5ZqCiKg2lA1e5eTkCEnfS/979uyZwmXWSAus1NRUuQdrZVqAZGdnV9qsLCMjA/fu3cP8+fMBlJz8e/XqhfPnzwu5Prp27So0gbe2tkZKSkq5cjIzMxEdHS082dXR0cHHH3+Mv/76C/369QMAfPDBB0I0sGXLlvD39y9Xzp07dzB69GiIRCJoa2ujV69ewoVJeHg4OnfuDDMzMwBAx44dYWhoiLt376Jz584KrZOaIhaLcfDgQZldY0qr6G1blpaWmD59usJPlTdv3lwuwjp69GgMHjwYZmZmCAsLw82bN2FnZ4dhw4bJLEMyf/fu3RV6+n7t2jV8/vnn0NLSgpaWFtasWSO0alCGgYGBkMdES0sLu3fvFr53u3btoKGhgRcvXigcKa4JNjY2mDt3Lvz8/JCWlgZbW1uZ05XuamhiYiJ146WswMBAoaWIsbExWrdujfDwcKkgoORmXFdXFx07dkR0dDS6dOmCRYsWCdusfv36sLGxEW7qRCIRbG1t0bBhw3LLvHr1KpycnIRgtZOTE37++Wfcu3dPCGz36NEDQEl3SQsLC6SkpCAzMxMxMTHw9PSESCRCkyZNsHv3bujr6+PRo0dC+e+9954wHCjZx8+cOVPldVSXkpKSEBMTg4iICMTExAAo2d4mJiaV5ghJSkpCSkoK2rdvD6DkLYeSAKFEhw4dhN95kyZNYGxsDB0dHQAlN+2vXr0Spv3www+F1lvOzs746aefkJ6eXuHyhwwZgk8++UTYH+3t7YXvAEjvc3XJysoKI0aMUCgQKOlqWDZflqKysrJgYGAAbW1tudOFhYUJxzEA6Nu3L86cOYPs7GwAQKNGjYRgl7W1NQoLC5Gamgpzc/MKy7xz5w7Gjh0LkUgEAwMDuLi4ICAgoNI6yzoGy9u3KzoGl/5tyDsvSlotyNrHVUkd3jio6HmzrKrue3fu3IGxsTE6duwoLN/BwQERERGwt7eHsbExAgMD0bt3b1hZWWHJkiU18C3fLopcI1Z2zSrrfGhhYYHmzZsDKDkWW1lZCd3gmjRpgr///htAyf42dOhQoXvzp59+Ck9PTxQWFlb591LTKgvmfvTRR0JreLFYjNDQUKXLKE3edUuvXr2wbds2jB8/HlpaWggNDRValcsj7zr/bb6mICKqTWWDVzWlVnNgVYWRkRHu378vdxrJhXDp4IGRkZFUforSQRaRSISioqJy5UimX7lypTBM0vxXVjn16tWTWU5mZqZUXqX69etL1bXsjU7ZutaVkJCQSoNX8iQlJSEwMFDh3B6LFy+uMAdWv379IBKJcO7cOWzbtg0dOnTA5MmThRuashQNFKWlpUmtf8kFRWFhoULzS5RtYn/x4kVcvXpVyAFTUFAg/F2X9PT0MHLkSERHR2Pv3r0YPHiwVHC4bJ4sZROflpaZmYnw8HDcvHkTP//8M4CS/Bw5OTlSAayy61tyoxkdHQ0/Pz+IxWKIRCIkJSVJ5bqpaJumpaXh9u3buH37tjAsLy8PaWlpQgBL1n4p2adK16f03xK5ubk4cuQIHj58CKCku5YqtmVVVNTNTZH9OiAgAGlpaZg8ebJUebGxscJ2KZ3jqV69euU+lz7+ydrPsrKyKlx+cnIyjh07hpSUFIhEIqntCZTf5+qSg4MDTE1Nce7cuUpfAVydIJaxsTGys7ORm5srN59Wenq61P4hWdeSc1/Z8xsAmeem0sqep+QFu2QpXR95+3ZFx+DSFDkvKnLurSulW2YDkKqnjo6OzHx2yuZLq+g6RdLyFFD+vClR1X2v7O8QKPktvnr1CiKRCKtXr8a5c+ewbt061KtXD8OGDXunuhACiv1OFblmLbueFT0Wp6WlwdfXF0eOHJGaNy0trcq/l7qko6Mj5JOTPGStTrC4suuW9u3bQ1dXFzdu3IClpSWysrIUytUq7zr/bb6mICKqbVXJ+VsZtQtgdezYEceOHUNcXFy5VltnzpyBtbW1MDwtLU04EWdkZCidEEzSHW3jxo0yb3QVZWhoKHXjVvrkWzbxa1XrWhMkN7kWFhblglCJiYlCfo+BAweWu7mQ3NjVZLeIvn37om/fvhCLxdi/fz9++eUX4QllWaVbX5Xt9iIWi4VWIsbGxlJP+tPT01FYWFjuAr1evXpSFxjyIsMRERE4deoUvv32W5ibm6O4uBju7u6Kf9FaYGdnBxsbG/j6+sLKygqDBg2SmeS9Ot0HL168iC5dumDWrFnCsKKiIsyYMQNJSUnC0/z09HThyXFmZiaMjIyQmZkJLy8vLFiwQMgVsX79eqnyK2pR16BBA/To0aNc10IAcgO/km1c+rjw/Pnzckn7jx8/jidPnmDVqlXQ1dXF/fv3sWbNGrnroq5Ijm9isRhxcXGVBlMUlZ+fj7/++gvfffed0LINKOliEhgYWKUk2qX3M0mXaHmB5h9++AF2dnaYN28eRCIRTp8+jdjYWKWXW1tsbGzg6emJ1NRUpKamCjeMe/fuLXfyrWoQq1WrVtDX10dQUJBUyzcAuHnzppD828TERGr9Srorm5qaSr3JSxkGBgZSx7nSLZpkHVPLkuyvle3bFR2DS1On86I8V65cQWhoaLkb6tTUVIjFYujp6cHGxqbc77h0jixFmZmZITExEcXFxVLHxidPnkgFGys6b8o7L1Z13yv7OwSkt5OlpSU8PDwAAHfv3sWGDRvQtm3bar1oR1ll3+aqq6uLr7/+us6WrwhJ139516xVze9mamqKESNGVPhiImWus2qLpaVlhcctKysrqWTuFT2MUTQJe2XXLZaWlujZsydCQkJgZWWFbt26CQFiefuQvOt8db6mICJSJU1NTdja2iImJkbpxiTyqN2rTlq3bo3u3btj8+bNuH79OrKzs5GamorDhw/j3LlzsLCwQP369dGuXTuhqXZ+fj6Cg4Ph6OhYafmamppCNwwDAwPY29sLybGLi4tx5swZXLp0Sak629ra4vLlyyguLoZYLJbKK+Pk5IQbN24IXW9u3ryJnJwclb51SXLRXfpf6YttKyurcuNrOhntjz/+KDzR1tPTEwJDgPQ2ksXMzEzIa5Seni6Vi8DR0REBAQHIy8tDXl4eNm3ahLCwMNSrVw8ikUgot2HDhkhISABQ0jpLVpN1iYyMDBgbG6NRo0YoLi7GqVOnIBKJqv1GuOrS09ODh4cHTExMsH37dpldoM6fP69UjiSJ4uJiBAYGlssXJnnRQenWCMHBwQBKbmwjIyNhb2+PnJwcFBYWCkm9IyIi8PjxY4XWmbOzM65duybcYL948QLff/99pRF8IyMjtG3bFufPn0dxcTGeP3+OJUuW4OXLl1LTZWRkwMrKCrq6uhCLxfjtt99QWFio8twt06dPh4eHB1xdXTF48GB4enrKbM1gYWFRblhlrT2uXr2Kxo0bSwWvAKBLly4IDw+X23KqIrdu3RKOa5cuXULz5s3lPgjIyMiAjY2N0GLn6tWrKt+HZDE1NRWOiVZWVvDw8BBuYkqTBLGUyc2ipaUFd3d3HD58GOfPnxcCIX/99Rd++OEHIVDh5OSEoKAg4Tfp7+8Pe3v7ah2H27Zti9DQUBQXFyMnJwdXr14VxpmZmSE5OVlYnrxzYGX7dkXH4NLU8bxY1rlz54RtJIukC163bt3KjZM1rDKOjo4oKCiAr68vMjMzkZeXh2vXruH3338Xgp3yzpvyzotV3ffat28vHNeBkqDnzZs30blzZzx+/Bhr1qwRjh1NmjSBpqZmnbc8kRVcVjfVuWatjLOzM/z9/YX18Pfff+OXX34BIP/3UpfkBXPT0tIQFBSEoKAguQ9sFAkIK3rd0qtXL0RGRuLSpUtCV2VA/j4k7zpfXa8piIjUgb6+PmxtbYWHBdra2mjSpEm5f7Lubyqidi2wAGDWrFk4f/48jhw5gufPn0NXVxcdOnTAhg0bhBuw2bNnY9++fUK+m48++ghDhgyptOwPP/wQv/32G2bOnImdO3di9uzZ2L9/P+bMmYOioiK0atVK6bfLubm5YefOnZgxYwZMTEzQs2dPIcGmnZ0dRo4cifXr16OoqAgGBgZYsmRJpQkj/w02btwoc/ju3bsxcOBA7N+/HydPnkS9evVgZWWF6dOnAyi5IPP19UVcXBwmTZpUbv7Ro0fDx8cH165dg6mpKZydnYXE4sOGDUNWVhbmzZuHoqIiODk5oX///hCJRHBxccE333yDkSNHol+/fti6dStWrFgBAwMDdOjQQebbpCT1CQkJwZw5c6Cvr4/hw4ejR48e2LVrF1auXKn0iwpqWrdu3YSbKRMTE6E5vuTV7pIkqSNGjFC4zKioKGRlZaFDhw7lxnXp0gXbt28XgiumpqZYuHAhsrKy0KVLF3Tu3BkikQiffvopli1bJiROHT9+PHx8fNCsWTO5y37//fcxZswYfPvttygoKICmpiaGDh0KHR2dSluUzZkzB97e3pgxYwa0tbXh7u6OFi1aSD39HTx4MHbs2IF58+bByMgIU6ZMQUJCAr766it4eXkpvI5qUumWpaW5urpKBQstLCzg6emJxMREqZZBlXUVDQwMRJcuXcoNNzU1hbW1tdTFuKI++ugj7NmzB0lJSdDT08PMmTPlTj9mzBj8+uuvOHnyJJo1a4bp06dj06ZN+Omnn9CmTRull19XJEGsmmqJ1adPHxgbG+Ps2bM4duwYRCIRbGxssGDBAiE/2WeffYasrCwsWrQIxcXFaNq0aaXrtzKS89SsWbNgaWmJbt26CeepDh064P3338eyZctgamoqBGBkdYdq3Lix3H27omNw6fxp8s6LquheL4vkuFmRmzdvwsHBATY2NuValFWUn1AeAwMDrFmzBr6+vpgzZw4KCgqE7S5p6SbvvCnvvFjVfc/AwACLFy/GL7/8ggMHDqBevXoYM2YM2rVrh+LiYtjZ2WHp0qUASh48jRgxotLj+7uqqteslRkyZAhycnKwePFiFBUVwdjYWOgmLu/3UpdsbW0r7Gqro6MjBNVkPSiQDFdkn1LkumX06NFo3LgxWrdujaysLFhbWwvTyNuH5F3nq+M1BRGROpEEsWJiYtCoUaNqt9QWFSv5OCYuLg7e3t5KLUSZJO6kHFldLWVJTEyEt7e3kHul7A3X8ePHhbfWOTg4SAU7KpuXqk/R7VgRsViMpKQkufmwym7X6kpJScHs2bNx+PBhhd5m9q5QdFsuW7ZM+NvU1BSLFy8uN01qaio2b94sfLa2tha67KSmpiIiIkLI31SXdu/eDTMzM7i5udXpcpVR3X2qrLJBw9J0dXWxePHiGm+pWtOKioqEfTUkJATnz5/Hhg0bVFyruqfIb+OXX36psDWPjY0NXFxchO29adMmqQDW4sWL1a475NumKsdRiW+//RZASeC+9AMAoOTlFZKAv7x5qXLKHGNlbQtAensoMk1N2bFjB1q1alWuK7c6qulzGRFRZcLDw2Fvb6/QtKVb2RsZGcltTZ+Tk4Ps7Gw0atSoWvXjXec7wtfXV7gYz83NFVrnACWBDknwSvK59NNnefOSepB0Cy3NwcFB6uIsIiIC3t7e1cqLJQuTlVZfamoqTpw4IbVtEhMTZSZslzA1NYWrq6vKbpTfte1eWXfCit7eqi7OnDmDtWvXIj8/HwUFBfjzzz+r1FLoXTFhwgR4eHjI/Ofq6ioEr65cuVKu1VhQUFCNH2eJ3maurq5SrZ0UZW1tXePBq9jYWERFRSnd24KIiKpHX1+/2sErQE27EFLNK3uBXTqZr6wcH6UvvuXNS+qtW7duSEpKEgKUcXFxSr1JkupOREQELCwshO5bgYGBNfrSBKo+ed0Jq/PmrLowYMAAPHnyBHPmzEG9evVga2uL4cOHq7pab6XU1FQEBQUhOjpaZiutiIgIREdHw87ODh9//DFbYxEBcHd3h6+vr1SX/piYGCGBvSQVgoS1tXWNvzBn3bp1SEhIwKxZs2S+IZWIiNSf0gEsS0tLpV+TrOjbQ6j2dO3aVSpRuYODg9TfV65cEW7IdHR0YGdnp9C8pP5GjhwJAEIQq6ZutBs1aoSjR4/WSFnvooEDB5a7+S29b7m6upbrqqsux9Lq5mN6m1UUxHJxcVFhrSqnq6uLuXPnqroab73SXerlyc3NFVozjx8/XuqcSjWn7HG09AstZLUwLD1M3rxU8yQvngkMDBSuOZOSkso9qNHR0UG3bt1qvOUVAKxYsaLGyyQiepeVzgVdVzm+lc6BRepF2RwEkunLXhgkJiYiJCQEQMmNWNkb59Lzls79QTWjtnMciMViBAYGIjU1FSNHjuT2q0XMV6Ee6nKfcnBwYIDiLVKd30bpfJGKqijHHVWMx1H1V51tJBaLERMTg8TERCGAZWlpCSsrK9ja2vIapRTuC0RU15TJgaUK7EL4DpH3NMvKykpoqaPsvKT+9PT02G2QqAZxn3o3VSW3VUVvVyN6V+np6cHBwYEt+omISGkMYBEREREpYMKECaquAhEREdE7i28hJCIiIiIiIiIitcYAFhERERERERERqTUGsIiIiIiIiIiISK0xgEVERERERERERGqNASwiIiIiIiIiIlJrDGAREREREREREZFaYwCLiIiIiIiIiIjUGgNYRERERERERESk1kTHjh0rVnUliIiIiIiIiIiIKqIpFmeoug5EREREREREREQCTU0N6OjooH59QxgbG0PTxMRY1XUiIiIiIiIiIiISaGjUg5aWFvT19aGtrQ1NM7MGqq4TERERERERERGRQCQSQUNDA9ra2tDR0YamsTFbYBERERERERERkfoQiUQQiQANDQ1oaGhAU09PV9V1IiIiIiIiIiIiklISxCr5p6mpqanq+hAREREREREREVWonqorQEREREREREREJA8DWEREREREREREpNYYwCIiIiIiIiIiIrXGABYREREREREREak1BrCIiIiIiIiIiEitMYBFRERERERERERqjQEsIiIiIiIiIiJSawxgERERERERERGRWmMAi4iIiIiIiIiI1BoDWEREREREREREpNYYwCIiIiIiIiIiIrXGABYREREREREREak1BrCIiIiIiIiIiEitMYBFRERERERERERqjQEsIiIiIiIiIiJSawxgERERERERERGRWmMAi4iIiIiIiIiI1BoDWEREREREREREpNYYwCIiIiIiIiIiIrXGABYREREREREREak1BrCIiIiIiIiIiEitMYBFRERERERERERqjQEsIiIiIiIiIiJSawxgERERERERERGRWmMAi4iIiIiIiIiI1BoDWEREREREREREpNYYwCIiIiIiIiIiIrXGABYREREREREREak1TVVXgFTnTV4uzp87AgAYOHg0tHV0VVwjIiIiIiIiIqLy1DaANXPmfDx//kJq2IYNX6Nt2zYqqhFw//4DLFu2Wvg8frwbhg0borL6VNfDh3dh3riJ8Let3QcqrhERERERERERUXlq2YXw3r375YJXAHDpUqgKavPvdTcmEjat28GmdTvEPYxRdXWIiIiIiIiIiGRSywBWRYGq0NBrKCgoqOPa/Du9flUSILS0bApLy6Z48+aNMIyIiIiIiIiISJ2oXRfCgoIChIZeEz5ramoKQauMjEzcunUHDg4fqqRurVu3wsGD+4TPWlpaKqlHTYiNuYX3bf/XZfB92w8QG3MLLt37qrBWRERERERERETlqV0A69atO8jIyBQ+f/bZIJw6dRZFRUUAgEuXQioMYIWEXMPFi5cQH/8YWVlZ0NDQgKGhAczNG8HGpiVcXJylcmi9efMGv/8egKtXw/HsWRJyc3Ohq6sDQ0NDWFlZwsamJfr27YNGjRoCAB4+fCQ3B9bo0RORn18SbPvgg/ZYvHg+zpzxw6VLIXj58iXq16+PLl0cMWbMKOjr65Wr/z//PMHhw8cQG3sPBQWFaNGiGYYOHYjWrVthxoy5wnT9+vXBjBlTq7J6S753Xi4Snsah4wdOwrDmzW1wOzIMb/JymcydiIiIiIiIiNSK2gWwLl0Kkfrcr9/HuHfvAe7ciQYAXL9+E68YLYEAACAASURBVGKxGHp60gGgI0dO4Pjx01LDCgoKkJeXh1evXiM29h40NDSEAFZRURHWr/dCVJR07qfs7BxkZ+fg+fMX+PvvW2jTprUQwFJGTo4YK1Z8g7i4eGFYamoaLlz4A0+eJGD16q8gEomEcVFRMVi/3gtv3rwRht2//xBeXtvRt29vpZcvcTHIDwlP48oN7/CBIwzrGwmfDesboVXrdjh6eG+5aZs1b4VefQZWuQ5ERERERERERNWhVgEssViM69dvCp/ff78NzMwaoEsXRyGAlZeXh/DwCPTs2U2YLi8vD2fO+AmfmzSxQqdOH6JePQ28fPkST548xePHT6WWFRNzVyp4ZW9vi7Zt30Ne3hukpLzEw4eP8OrV6yp/l/v3HwIAtLW1oaeni/T0DGFcVFQM7tyJRocO9gCA3NxcbNu2Syp4ZWRUH02bNsHjx08REHCxyvV4nvwMrv0/h6Vl00qn7ezUA52dekgNe/L4IUKvBFV5+URERERERERE1aVWAaywsBvIy8sTPnft6gwAcHLqjH37fpbqRlg6gJWenoH8/Hzh85dfzkWLFs2kyn7xIgWZmf/rmpiS8lL4u359Q6xZs7xcfR48eARjY6NywxXVvXtXzJrlAS0tLRw8eBSnT58VxkVFxQgBrMuXQ5GamiaMe//9NlixYjH09PSQkZGB1as3lAvAKarfgGH44/fT6OTYHa3fs1Vq3ocPYnAj/DL6DRhWpWUTEREREREREdUEtXoL4eXL/+s+KBKJ0KWLIwDAxMQY7dq1Fcbdvh0lFfBp0MAUmpr/i8Xt2LEbR4+exJUroYiP/wcFBQUwN2+EVq1shGlKdwvMzMzC+vVeOH36HMLDI5CUlAwAeO+9VjA3b1Sl76Kjo4Np0yYKid579+4uNb50/e/cke7G6OY2XOgiaWRkhM8/H4KqamBmjn4DhuFuTCSuh11SeL7rYZdwNyYS/QYMQwMz8yovn4iIiIiIiIioutSmBVZaWjpu344WPr//fhs0aGAqfO7a1QnR0bEASvJXhYaGYeDA/gBK3lTYv//HOH/eH0BJMvR//nkizKujowNHRweMHz8aDRuaCeW3amWNR49KclTdvBmJmzcjhXlMTEzQu3d3jBr1ObS1tZX+Pk2aWMHQ0FD4rK+vLzW+dIux16+luyo2b95M7mdllQSxPscfv59CyOWASt80GHI5AKmvU9BvwOdM6E5EREREREREKqc2LbBCQq4JXQQBIC7uH0ydOlP4d/jwCanpS7fWAoAJE8Zi8mR3tGzZolzZeXl5uHw5FJs2bUVBQclbAjU1NbFixWIMHvypzCTtaWlpOH36HHx9D1fp+xgZGUp91tDQqHDa4uJiqc+lk7vXFG0dXQwaOhZxj2IrnTbuUSwGDR3L4BURERERERERqQW1aYF16dIVqc95eXlS+bDKevDgERITk2BlZQmgJCA1aNAADBo0AGKxGImJSUhMTEZQ0J9CAvi4uHg8ffoM1tYlQS4jIyNMmjQOkyaNQ1paOhITk/D0aQLOnr2A5OTnAIA//7yCqVMn1sZXFkhahUk8fZoAY+P/5at6/PhJ2Vmq5E1eLrS0dCqdTktLB2/ychnAIiIiIiIiIiK1oBYtsBITk/DwYZzS812+HCr8fe1auNC6Sk9PD61a2aB7964YNmyw1DyS7novX77C3bv3heEmJsawtX0f/fu7wsXFWRiek5OD3NxcpeumjPbt7aQ+Hz9+WgjeZWRk4tSps7JmU1pycgJMG5hVOp1pAzMkJyfUyDKJiIiIiIiIiKpLLVpglQ5EAYCHx2T07+9abrqMjAxMmzYb/8/efUdHUe5/HP/spveEJKTSISTUgJEmKAgCIgoqKFYUUcHrVVCxYy/oxa6o/ERRuAIKIoJKEwFDBwmdEBII6ZDeQ8r+/ojZmyUJBAhklffrnBx2Zp+Z+c7MLufs5zzPM+Xl5ZIqn0Z46603S5LeeecjOTk5ql27tvLx8ZaXl6cKCgq0ceNWi30EBQVKqnwK4fPPvyIfH2+1bt1K3t5ecnV1VXp6hiIj/1ePj4+3HB0vbE+kvn17a/78heaJ3ffu3a8JEx5VYGCAEhISVVBQ2CDHycpKl39AsHk5JSVRmzesliT1umKQAv56zz8gWFlZ6Wreom2DHBcAAAAAAOB8WF2AZTAY1KPHZbW2c3d3V4cOoeYhgampaTp06LBCQiqDloKCQkVF7a7zONddN0T+/n4W69LTM5SenlFre6PRqLFj7zirczkXjo6OmjTpX3rttbfNk7vn5uYpNzdPUmXdVRPUS7J44uLZSE1JVJfwXjpZUqxdUVsVe/iA+vQdKElat+ZntWkbpq7hPdTUL1i7ozara/h5nhgAAAAAAEADaPQA69Chw0pJSTUvh4W1l5eXV53te/fuYQ6wpMrJ3ENC2uqhh+7XoUOHFRd3RJmZWcrLy5fJVCF3d3e1bt1S/fv3U+/ePc3bNWsWpHHj7lZMzGHFxx9TTk6u8vMLZGNjoyZNvBQaGqJhwwarTZvWF+bET9GpUwe9+ebLmj//ex04EK2ysnK1atVCI0deLycnR4sAy8vL85yOcTwtWYUFedq8YbU8vXx006ix5nmu/P2DtSFytX5eOl9dwnvqeFpyg5wXAAAAAADA+TIcPXrQdOZmuNBycnLl6OggBwfLSdbLyso0bdq72rlzl3ndm2++bO51djZ2RW1WakqiwjqE1zk88Fj8YR3YHyX/gGB1De9VaxsAAAAAAICLiQDLSqxe/bu+/HKOOnUKk59fUzk7Oys7O0c7d+5SRkamuV14eBdNnfpUI1YKAAAAAABwcTX6EEL8T0lJiXbsiKrz/Y4dw/TYYw9fxIoAAAAAAAAaHwGWlejYMUw33DBM+/YdUEZGpnk+Lk9PD7Vp00p9+/ZWjx4RMhgMjV0qAAAAAADARcUQQgAAAAAAAFg1Y2MXAAAAAAAAAJwOARYAAAAAAACsGgEWAAAAAAAArBoBFgAAAAAAAKwaARYAAAAAAACsGgEWAAAAAAAArBoBFgAAAAAAAKwaARYAAAAAAACsmsFkMpkauwgAAAAAAACgLvTAAgAAAAAAgFUjwAIAAAAAAIBVI8ACAAAAAACAVSPAAgAAAAAAgFUjwAIAAAAAAIBVI8ACAAAAAACAVSPAAgAAAAAAgFUjwAIAAAAAAIBVI8ACAAAAAACAVSPAAgAAAAAAgFUjwAIAAAAAAIBVI8ACAAAAAACAVSPAAgAAAAAAgFUjwAIAAAAAAIBVI8ACAAAAAACAVSPAAgAAAAAAgFUjwAIAAAAAAIBVI8ACAAAAAACAVSPAAgAAAAAAgFUjwAIAAAAAAIBV+1sGWMujMxT86oZ6tX36l1jd+e2+C1zR+ZkflaZO07ec8/bFZRUyTFmjw+lF9Wp/NtfvYjhdPQui0tTro+3KKiq7yFUBAAAAAABrYRUB1ub4XBmmrFF2PUOKDn4uem1o63q1HdHRR2MjAs6nvHMSeSRHhilrNO67Axf8WHZGgz4aGSJfV7t6tT+b6xfx/jbN3pZyPuWdcz1rY7P0+eZkrby/m7ycbC9oDdVVfR5P/ev7yY4zbrtsf7pavr7xgtd4sY4DAAAAAIA1uHipQANq7umoey6vXyjVu4XHBa6mdjM3J6mJk60WRKXpvRvaycPxwl1qG6NBD18RXO/2Z3P96qO03CQ7G8M5b19XPf3beKl/G6/zKe28pL7QVx7VgjOj4dzPsbryCpMMBoOMDbO7v30dAAAAAACciVUGWJOWxCg5t0SOtkbtTslX/slyPXZlMz3UpzKkWR6dofHfHVTi1CskSRUm6dONiZqxMVHHskvUxNlWzw9qpft7BurpX2KVmF2subd3lCQdzz+pSUtitOZwlgwGaUhIE717Q4iaONd+KZKTkxUYGCiTyaS0tDT5+/ufsf6sojJ9v/u4Zt0Spkd+jNacHakWAdOm+Bz964doHc4oUpcAV10b6m2xffi7WzW6a1OtOpSpLcdy1d7XWd/e0VHbEnL14oojyioq1Z3d/fXxje1lMFQOIXR6Zq1inuqttj5OZ339fovJ0pRlMTqSWSyjobJH1B//ukyTlsRob2q+nvrlsF777ai6Bbrq+7s7K/zdrRrSvom2HMtVWt5JvTKktXq39ND93x/Q9oQ8nSyvUCd/V717Qzv1bO5uPq/fYrL0woo47U8rkK3RoJs6++rzUaE16iktN+nV1Uc0Z0eqcorL1D3ITe+PCFEnfxfz9RkW5q1tCblKyT0pg0GacVN79WvlWev9SE9Pl7u7u+zt7c33sz4cbI1ytK3ZSfFkuUn/XhytH/edUElZhbyc7PT6tW3Uq7m7Hlh4UCcKStV22iZJ0le3hqmzv6u8Xlivd69vp7l/piqjoFSbH4mo7N02JkyD2jWRJCXmlKjZaxuU9cqV8nSyrfNzPbCtV63HiT5eqNnbUxT5r8vMtY7//oBc7W31/oh2yi4qq7WO73al6dONSUrMKZGnk63GhPvpjWvbnFcoCQAAAABAQ7LKAEuSlu5P1x//ukwRwW46dKJQ4e9u1eAQb7X1carR9oM/EvTe+mP67q7O6tHcXekFJ3Usu6TW/d4yZ6+8nGx18MleKjeZdMd/9+muefv0831da23/9ttva9CgQRo2bJgmTJigN998U2FhYaet/evtKXK1t9GoLk215ViOZm5OMgdYmYVlGvbFLr06tLUm9g7SrpR8DZ+1S02cLYf/fbk1WQvv7qzQpi56cOFB3fDVbl3V2lNRj/XQiYJS9f5om4a099YNHX3O+/rdNW+f3ri2je65PEBlFSZtis+RJL0/op0ij2Tr4SuCa/SQWrTnhP546DIFuNtLko5lF+vBXkFaeHcT2dkY9dbv8bpx9m7FPtNHTnZGbU/M03WzovTlrR00qktTlZWbtDUhp9baX1t9RPOj0rTi/nC18HLUq6uP6pqZOxX9ZG+5O9pIkn7ce0LrJl4mX1c7fb09RXd+u0/xz11R6/4SExP18ccfa/r06Vq1apWSk5P15JNPysbGpq5beFqzt6Voa0Kuop/sLU8nW6XmnVRWUZlaeztp5qhQPbz4kA4/3dvcvmpo7Pq4LG36d4Ts6xkM1fW5rus40ccL67XfU+vwd3PQsvu6qnUTJ0WfKNT1X+5SsIeDHu3XrL6XBAAAAACAC8oq5sCqzZD2TRQR7CZJCvF1VjtfZ+1IzK217UcbEvTi4Fbq1cJdRoPU1NXevG11cRlFWheXrQ9GhsjTyVbeznZ65/p2+uVghlJyT9a675deekmLFy/WzJkzNW3aND377LNat27daWv/v81JuqO7v+xtDLqvR6D2pBaYQ6HFe4/L381eD18RLBujQd2D3DSuR80eQQ/2ClK3IDc52Rk1NiJAsRlFeuf6dvJ0slU7HyddE1LZA6khrp+DrVEHTxQqMadEtkZDnT2ZqhvfI9AcXkmVwwBHdvKVi72N7G0MmjqopQpOluvA8QJJ0oyNiRrd1U+3d/OTvY1BzvbGOocHfrUtRc8PaqUQX2c52Br18uBWkqSfD6Sb2zzQK8g859cNHX11LLtEaXm138Pw8HCNHDlS999/v6688koZjUZNnjxZBQUFpz3HNm9ulM+L681/T/8S+9f1MiinuExRyXk6WW6Sv5u9wpo6n/GaPTWgZb3DK6n+n+uzdWodt3RtqjbeTjIYpNCmznqoT7B+O5x13scBAAAAAKChWG0PLB8Xyx5JTnZG5ZWU12hnMknHsooV4nvmACHhr4CmuaejeV2bv3okJWQXWwQyVTw9PfXEE0/ogQce0PDhw3Xrrbfqgw8+0FVXXVXrMf44kq39xws1785OkqQuAa6KCHbT55uS1LuFhxJzSmr0gmrrXbNXVKCHg/m1i72NXOyN8qw2H5OLfe3Xo0p9r58k/XRvF73221GFv7tFTZztdH/PIE3p37zOfUtSULX6JCmvpFzP/BKr1TGZKjhZLhuDQQUny3Uiv1SSdDSzWAPannk+K5NJSsotUZtq18TGaFALL0clZBfXen5OdkZzDX515DvXXXed1q9fr2+//VaPPvqobr/9dv3xxx8aOnRonbX88a/L5F5t7jJX+8oeW3d299fx/FI99lOMYtKLdHVbL711XVuFniHEOvWanc7ZfK7P1ql1/HwgQ9PXxSsuo/IplgUny9XOp+GPCwAAAADAubLaAKu+DAapuZejYk4UnbHnUDMPB5VVmJSYU6Lgv37EV/1ob1Yt1Kpu48aNevvtt/XJJ59o9erVWrNmjWbOnFnnMT7flCRJGjwzyrwur6RM+1IL9P6IEAV7OGjZfsueQql19By6WDoHuGrBnZ1kMkkb43N07RdR6hroqsEhTeqc4PvU+cynLo9TTHqhIv91mTlc8pq6XiaZJEktmzgq5sSZh7gZDFKQu4OOZBbpipaVE/BXmKT4rOI679GZFBcX6/nnn5ebm5vuvPNOjR8/XnffffdpwytJCnR3sAgNq9gYDZrSv7mm9G+urKIyPbE0RuO+26+ND0ecdqL3U99ydbBRcWmFeTm9oNSi7ek+17Ud59T9Ve3T1d7yHKpveiK/VCNn79aP93TRtaHeMhqk9/9I0PyotDrPAwAAAACAi81qhxCejX/1CdYrq45o67FcmUyVP8p3JObVaNfa20lXtvLUYz/FKKe4TJmFZXpi6WFd29671t5XkrRq1Sp98skn6tChg/bs2aOZM2fKx6f2eacyC8u0aM8JfXJjiKIe62H+O/BkLznaGTVnR6pGdvJVTHqhVsdkSqoMGL7YmtxwF+MsnSw3ae6fqcouKpPBIPm52svWaJDtX8lVgLuDousRPGUVlaqll6M5vPp8c5Kyi8vM70/sHaTvdqVpflSaTpabVHiyQuvismvd1z2XB+iN344qNqNIJWUVenllnEwm6bqw2q/7mURFRalDhw568cUXtXbtWj3yyCMaNWrUGbcrKatQcbW/krLKcGhtbJZ2JeervMIkNwcbeTjaVrte9jpRUDkn1plEBLtp6f7KYZFlFSZNXxtv8f7pPte1Had7kJv2pxXoSGZlT7WdSXlaEZ152hryT5arwmRSeKCrjAYpo7BUX2xpvM8jAAAAAAC1+dv3wJKkyVc2l43RoLHz9yshp1jeznaaOqiVLqtlvqAFd3XS5J9iFPLWJhlk0OCQJnr3hnZ17nvq1KkyGitzvv/85z/m17X5enuKPJ1sNb5nUI25jib0DtLnm5P0777B+vm+cE1ackgv2hyRp5Ot7ujmp0V7Tpzj2Z8fk8mkuTtSNXlJjEorKtTE2U5PDWihq/8a7vfkgBYa/90BfbYpSRHN3LTqgW617ufFa1pp7Pz96v7eVrnY22h4Bx819/zfULXLm7lryb1d9cKKOD248KAcbI26uXNTXdW6Zu+i5we1UnmFSQM/26mc4jJ1C3LTygfCzRO4n60ePXqoV69ekqS77rrrtPewOv9XIi2WW3g66uhzfZSce1IP/RCtxJwSOdgY1T3YTf83unJi/25BbhoT7qd20zaqrMKkRXd3qfVzKElvDGujsfP3q/M7W+TrYq8RHX30353/6/l0us91bccZ2M5Lbwxro8Ezd8rfzV4tmzhpeJh3rceu0qqJo6YNa6sBn/0pXxd7eTnbakRHH+bAAgAAAABYFYPJZDI1dhEAAAAAAABAXf4RQwgBAAAAAADwz0WABQAAAAAAAKtGgAUAAAAAAACrRoAFAAAAAAAAq0aABQAAAAAAAKtGgAUAAAAAAACrRoAFAAAAAAAAq0aABQAAAAAAAKtGgAUAAAAAAACrRoAFAAAAAAAAq0aABQAAAAAAAKtGgAUAAAAAAACrRoAFAAAAAAAAq0aABQAAAAAAAKtGgAUAAAAAAACrRoAFAAAAAAAAq0aABQAAAAAAAKtGgAUAAAAAAACrRoAFAAAAAAAAq0aABQAAAAAAAKtm29gF4O9n8+bN2rVrlyRp8ODBatWqVSNXBAAAAAAA/skIsHBWEhMT9eSTT6qwsFAjR44kvAIAAAAAABec1QZYI0aMUFJSksW6L7/8Ul26dGmwYzz88MPavHmzJMnOzk6bNm1qsH3/HZzt+ZeVlenZZ59VYWGhhg4dqmefffZilFlvr776qpYsWWJeXr58uXx8fC7a8fPy8rRkyRJt3rxZsbGxysnJkcFgkK+vrzp06KD+/fvr6quvlq2t1X7trM706dM1f/588/LTTz+tUaNG1Wg3ceJEbdu2zbz8xRdfKDw83Lzcu3dvlZaWSpJ69eqljz/+2Pzepf7/AAAAAAD8HVjlL+ndu3fXCK8k6ddff23QAAtn5+OPP9b+/fvVv39/vfTSSzIamUKtypIlS/TOO++osLCwxnuJiYlKTEzUypUrdd111+nll19uhAoBAAAAAPj7ssoE4tdff611/apVq1RWVnaRq4EkFRYWysXFRQ8//LDefPNNehFV88UXX+jVV1+tEV7Z2trK2dnZYt3JkycvZmkAAAAAAPwjWF0KUVZWplWrVpmXbW1tzaFVdna2Nm/erL59+zbIsd555x2Vl5dLkgwGQ4Ps8+/kbM7f2dlZ999//8Uo629l69at+uyzzyzWRURE6KGHHlKnTp1kNBqVn5+v7du3a+HChZfk58warFmzRiaTSZJkY2Nj8d6l/v8AAAAAAPwdWF2AtXnzZmVnZ5uXx44dq6+++koVFRWSKntn1RVgrVq1SkuXLlV0dLRycnJka2srd3d3BQYGKjQ0VIMHD7YYgvj444+fdu6bsrIyzZ07Vz/99JNSUlLk6empq666ShMmTNBHH31U53xLs2fPtphjp6r+WbNmaffu3SotLVVISIgefPBB9erVy+KYCQkJ+v7773Xo0CElJSUpLy9PhYWFcnJyUnBwsHr06KExY8bIz8+v1muQk5OjH374QRs2bFBcXJwKCwvl7u6uoKAgRURE6L777pOjo2O9zl+S9u/fr++++05RUVE6ceKEJMnHx0fh4eEaPXq0OnXqVGObU+cbmj59ur7++mv9+uuvSk1NlaenpwYOHKiHHnpILi4utZ5HXUpLSzV37lwtXbpUKSkp8vLy0oABAzRhwoR6bZ+enq7vvvtOGzduVGJiooqLi+Xl5aVu3bppzJgxZz1EdcaMGRbLvXv31nvvvWfRQ83V1VX9+/dX//79lZqaal6/YsUKPffcc+blV155RcOGDTMvL1iwQP/5z3/My5988ol69uwpSdqzZ4/uvfde83sPP/ywhgwZok8++URbtmxRVlaWXn/9dQ0ZMkQlJSX6/vvv9dtvv+no0aPmz5OHh4datGih0NBQ3XTTTfL397c4l+PHj2vBggXauHGjkpOTVVJSIk9PT4WGhmr48OEaOHBgjcDnXI91oV199dV1zoF1ob4HAAAAAICGY3UB1qnDB2+++Wbt3r3bPEHzunXrVFhYWGNo1meffaYvvvjCYl1ZWZmKi4t1/PhxRUVFydbWtt4BRXl5uZ544glFRkaa1504cUILFy5UZGSkWrZsWe9zWrp0qRYvXmzuASJVBhCPPPKIPvnkE11++eXm9dHR0fr2229r7KOgoEDR0dGKjo7W4sWL9emnnyosLMyizZ9//qmnnnpKWVlZFuszMzOVmZmpPXv2aNSoUeYA60xmzpypmTNn1liflJSkpKQk/fzzz7rvvvs0ceLEOveRn5+v8ePH6+DBg+Z16enpWrBggWJjY/Xpp5/Wu9dLWVmZJk+ebA4bJMuQ5UxPRNy8ebOeeeYZ5eXlWaw/ceKEVq5cqZUrV2rChAkaP358vepJS0vT3r17LdY9+eSTpx1eebrg5nx6/6SkpOiuu+6yCH9NJpMqKir06KOPavv27Rbt8/PzlZ+fr6SkJG3cuFGdO3e2qC0yMlLPPfecCgoKLLZLT09XZGSkIiMj1bt3b/3nP/8xf57O9VjWriG+BwAAAACA82NVAVZhYaHWrVtnXu7atauaNm2qgQMHmgOs4uJirV271qKnSnFxsb755hvzcsuWLdWvXz/Z2NgoNTVVhw8f1uHDh8+qlnnz5lmEVwaDQe3bt1dZWZkOHz5s0ZPmTH744QdJkq+vrzIzM83DlSoqKvT5559bBFhS5XC9bt26yc/PT15eXiorK1N8fLzWr1+viooK5efn67XXXtN///tf8zaJiYmaNGmSxTxMLi4uateunWxsbBQbG2sRbpzJsmXLLH60G41GdezYUQaDQfv27TOfw6xZsxQQEKCRI0fWup+qgMfBwUHOzs4W4dr27du1bds29ejRo141ffvttxbhlcFgULt27VRaWqojR44oISGhzm3j4+P1xBNPqLi4WJJkb2+vwYMHy9vbW5GRkYqNjZVUGYQ2b95cgwcPPmM9p4ZXbdu2VbNmzep1LrU5nwBr0aJFta7/888/LQKliIgIdenSRcXFxUpJSdG+fft0/Phxi22OHDmip556SiUlJeZ1rVq1kq+vr/bt22cOtTZt2qTXX39dr7766jkf62xNmzZN06ZNO699nI2G+h4AAAAAAM6PVQVYv//+uzlgkKRrrrlGUuXwn7fffttiGGH1ACszM9Nicuxp06apbdu2FvtOTk5WTk5OveowmUw1ekG9/fbbGjBggCRp8eLFev311+t9Xi4uLvrggw8UHh6ulJQUjR07VpmZmZIqn7hYUlIiBwcHSZVD0NasWVNrL54vvvjCPN9SdHS0EhMTFRwcbH6venjVp08fvfrqq/Lw8JBUGZatW7dOTk5O9Tr/U4fGffjhh+bhjtu3b9fEiRPNPco+++wz3XDDDXU+lXDo0KF68cUXZWdnp48//lizZ882v7d9+/Z6BVi13ZPp06frqquuklT5FMCqIKU2s2bNMn+2DAaDPv30U3Xt2lWSNGHCBN15553mEGvGjBn1CrCq7mGVoKCgM25zOuc7/1LPnj01adIkNWvWTMnJybK3t9fOnTvN73t4eNSYr0uS9u3blzbawQAAIABJREFUpyZNmpiXZ82aZRFeVe9dlJaWpnHjxiktLU1S5Xdx3LhxatWqlVJSUs76WNasob8HAAAAAIBzZ1W/tKoPHzQYDBo4cKAkqUmTJurWrZv5vS1btigjI8O83LRpU4vAZ+rUqfr888+1YsUKRUdHq6ysTIGBgTWG3NUlPj7eoqdIeHi4ObySpBtvvPGshhCOHj1a4eHhkqSAgACLHlcVFRUWvZJcXFwUFRWl559/XjfeeKP69u2riIgIRURE1AgE4uPjza/Xr19vfm1nZ6eXXnrJHF5JlT1HBgwYIHd39zPWe/jwYYvz79Wrl8VcXREREerdu7d5OT09XYcOHap1X46OjnryySdlZ2cnSbr++ust3k9PTz9jPVLluVZv261bN3N4JUkjRow47RDC6r3p/Pz8lJWVpbVr12rt2rXasGGDRc+pxMREi2tbX405Abi3t7feeecdtWvXTo6OjmrdurWCg4MVGBhobpOTk6NHH31UX3/9tdatW2fusdaxY0cFBASY223YsMH82sXFRePGjTMv+/n56ZZbbrE4dlX7czmWNWvI7wEAAAAA4PxYTQ+szMxMbd261bzctWtX+fr6mpcHDRqkHTt2SKoMfVatWqUxY8ZIqnxS4ahRozR//nxJUkxMjGJiYszbOjo6qn///vr3v/9d5+Tn1Z06zOnU3lyS1KZNGx09erRe53bqvFuurq4Wy1WTS0vS119/rY8++qhe+60aypWfn6/c3Fzz+ubNm59XL5fk5GSL5datW9do06ZNG23cuNG8nJKSotDQ0BrtWrZsaRGanXru1XvOnU5Vj5/qx6+tpiNHjtRYf+r1SU1N1RNPPHHa46WkpKhFixanbXPqNU5MTDxt+wupX79+tc5t1rVrV4WFhenAgQOSKsOm6gGVt7e3rr/+et1///1ycHBQfn6+xRxhwcHB5t6BVU699lXDac/2WOfi8ccf14gRI2qsnzx5svn/h4bSkN8DAAAAAMD5sZoAa+XKleYhgpJ08OBBi2FcZWVlFu1//fVXc4AlSZMmTVJQUJCWLl1aoxdEcXGxli9frqNHj2r27NmnnWRbksVk6w3By8vLYrmuIUZZWVn69NNPzcvu7u6aMGGC2rZtKzs7O61fv15fffXVBauzLrX1LKrvsT09PS2WbWxsGqSm2jTk9ag+lLUupz55LjY21mJY59mq/vmXag5RPJ26JkW3tbXVRx99pK+++kq//fZbjbnbMjIyNHv2bBUVFWnKlCk1tj+bXmXne6z6sLOzq/EAB6nu71RDOp/vAQAAAADg/FhNgPXLL79YLBcXF582RNi3b5+OHTum5s2bS6r88XzbbbfptttuU2FhoeLj4xUfH68lS5aYJ4A/ePCg4uLiFBISctpaTg0DauvVc7aTwtfHvn37LIK6u+++22K4VvVhcNW5urrK3d3d3Mvo2LFjyszMPOdeWNWHgkkyzw1VXVxcnMXyhR4WdmrPuVOPX9c6qfL6uLm5mXsWtW/f3mIC/POpqVOnTubJ3E0mk6ZPn6533nmnzqAuLS3NfC5VwyqrVO8lJlXOj1ZfpwtlPT09NXnyZE2ePFmZmZmKj49XbGys5s6da+419vPPP2vKlCk1rlVCQoLFHG1Szc9D9e/L2RzL2lnj9wAAAAAALlVWMQfWsWPHtH///rPervqcWWvWrDGHP87OzgoLC9PQoUN1zz33WGxTn6egNW/eXE2bNjUv79ixw2KY0MKFC89pjqQzObWXWdUQQamyN87ixYvr3LZfv37m16WlpXrppZcsJq2vqKjQ8uXLa4QktWnbtq3F+W/evNni6X/bt2/Xpk2bzMs+Pj5nDAXPV4sWLeTj42Ne/vPPPy0CvWXLltUaNFa54oorzK+jo6MtnnZZxWQyafv27RZPnTuThx56yGI5MjJSjzzyiPbv32/unVNcXKyNGzdq0qRJ+uCDD8xtvb29LbZdsWKFObT96aefzMHr+UhLS9OuXbvMy1XzyY0aNcqih2N+fr6KiookWV6rgoICffnllxb7++677yyOUdX+XI5lzazxewAAAAAAlyqr6IFVPYiSpKefflqjRo2q0S47O1tDhgwxP7r+119/1YMPPmjextnZWZ07d5afn598fHyUl5en1atXW+yjPpOvGwwG3XHHHXrvvffM6x599FGFhITo5MmTpw1KzkdYWJiMRqN5KNmcOXOUmZkpFxcXrVy58rRDysaPH681a9aYg4GNGzfqhhtuUEhIiGxsbBQXF6fMzEz9/PPPZ5zI3WAwaOLEiXr55ZfN6x555BF16tRJBoNBe/futRg6NWHChAs+hMtgMOi2226zmB9s8uTJCgkJUVlZWa29Y6obP3681q5daw6IHn/8cV1xxRVq166dJCkpKUk7d+5Uenq6unbtqgceeKBedfXo0UMTJkywmGB/y5Yt2rJlixwcHOTg4KC8vDzz9ap6sqYkhYaGytXVVfn5+ZIqe1xdc801cnBwUHZ2dr2OfyYpKSkaP368/Pz8FBYWpqZNm8rd3V2pqalasWKFuZ2fn5/5CZX33Xeffv/9d/OTCGfNmqU1a9bI19dX+/btswhWhw4dap48/1yOZc2s8XsAAAAAAJcqqwiwli9fbn5tMBjUv3//Wtt5enqqe/fu5p4piYmJ2rt3r3kuovz8fIseEacaM2ZMvecnGjNmjLZt22bu5WMymRQdHS2pcmLrFi1aWExQfepwsHPh5+enMWPG6Ntvv5VU2SNryZIlkiR7e3uNGDHCvHyqZs2a6b333tPTTz9tDj8KCgq0c+fOc6rl+uuvV3Jysv7v//5PUmUPrtqGtI0bN04jR448p2OcrTvuuENbtmwxT/Zf/Z40bdpUrVq10pYtW2rdtmXLlpo+fbqeeeYZ8/C4UycZr3K2TxMcP368fHx89O6776qwsNC8vqSkxBwCVbG3tze/dnBw0L333msRyhUVFamoqEguLi7q27evRfBzPtLS0mpMhF/FaDRq8uTJ5uVWrVpp2rRpeu6558znc+TIkRrBbe/evfX888+f17GsnTV+DwAAAADgUtToAdbevXuVkJBgXg4PD7cYKnaqgQMHWgyt+vXXX9WpUye98MIL2rNnjw4cOKATJ04oJydHFRUV8vLyUmhoqIYPH66BAwfWuy4bGxtNnz5dc+fO1U8//aTk5GR5eXlpwIABmjBhgsUcPvb29mfs1VRfkydPVmBgoBYuXKjExES5uLioW7dumjBhgg4cOFBngCVJERERWrhwoRYtWqQNGzboyJEjKiwslJubmwIDA9WjRw95eHjUu5YHH3xQffv21ffff6+dO3fqxIkTkiqHSnXr1k2jR4+uMZH5hWRra6v3339fc+bM0dKlS5WamipPT0/17dtXEydO1IwZM067fa9evbRo0SItXLhQGzdu1NGjR1VUVCQPDw95e3urRYsWioiI0IABA866tpEjR+rqq6/WkiVLtHnzZsXGxpqHcPr6+iosLEwDBgzQoEGDLLYbO3asXFxctGDBAiUkJMjV1VW9evXShAkTtGHDhvMOsFq3bq0nnnhCe/fuVUxMjDIzM5WbmytbW1v5+voqPDxct956q8LCwiy269evn77//nstWLBAGzduVFJSkkpLS+Xh4aGwsDBdd911GjRokEXYd67HamzVh+7WNpeYtX0PAAAAAOBSZDDxGK06paSk1Dop844dOzRx4kTzUL/evXtb9KIB8PdQUVGh4cOHm+fGa9as2WnnmgMAAAAANI5G74Flze677z65urqqQ4cO8vX1VWlpqeLi4rRp0ybz3DdGo1Hjx49v5EoBnI2MjAz99NNP2rlzp8WDHXr27NmIVQEAAAAA6kKAdRomk0lxcXGKi4ur9X1HR0c999xz6tq160WuDMD5SEtL0yeffGKxztPTs8ZTSwEAAAAA1oEA6zQmTpyoP/74Q9HR0crOzlZJSYlcXV3VvHlz9ezZUyNHjpS/v39jlwngPHh6euryyy/XQw89xPcZAAAAAKwUc2ABAAAAAADAqhkbuwAAAAAAAADgdAiwAAAAAAAAYNUIsAAAAAAAAGDVCLAAAAAAAABg1QiwAAAAAAAAYNUIsAAAAAAAAGDVCLAAAAAAAABg1QiwAAAAAAAAYNUIsAAAAAAAAGDVCLAAAAAAAABg1QiwAAAAAAAAYNUIsAAAAAAAAGDVCLAAAAAAAABg1QiwAAAAAAAAYNUIsAAAAAAAAGDVCLAAAAAAAABg1QiwAAAAAAAAYNUIsAAAAAAAAGDVCLAAAAAAAABg1QiwAAAAAAAAYNUIsAAAAAAAAGDVCLAAAAAAAABg1QiwAAAAAAAAYNVsG7uAKhkZGYqPP6rCwiKVlZU1djnAWSsuLlZRUZFKS0tVXl7e2OVcsuzs7OTh4aEOHTooKCioscsBAAAAADQAg8lkMjV2Eenp6Tp0KFrNmzeTu7u77OzsGrukf5QtW7apZ8/LG7uMf7SUlFRFRe1St27dFBAQIEdHx8Yu6ZJVXFyslJQUbd68Wf369VNwcHBjlwQAAAAAOE9W0QMrPj5ezZs3l7d3k8YuBTgnhw7F6LLLLlOLFi0au5RLnqOjo1q1aiWj0aj9+/cTYAEAAADAP4BVzIFVWFgoT0+Pxi4DOGf5+fkKDAxs7DJQTWBgoHJzcxu7DAAAAABAA7CKAKu8vFw2NjaNXQZwzkpLSxn6amXs7OxUWlra2GUAAAAAABqAVQRYAAAAAAAAQF0IsAAAAAAAAGDVCLAAAAAAAABg1QiwAAAAAAAAYNUIsAAAAAAAAGDVCLAAAAAAAABg1QiwAAAAAAAAYNUIsGAVwj/crcX7MiRJK2Oy1fY/Oxu5on+up3+J1Z3f7mvsMgAAAAAAqDfbxi6gMZSUVei9yBR9tydDRzKL5eFkoy7+LvpXL38NCfFs7PL+9kZ8c1CrDufUWL9sbKiubuNxxu3DmjrpxYHB5uUrPt2rCT39dFd33wat8++u8GSFAl/9Q97Odjr8dB8ZDPXbbkRHH+WXlF/Y4gAAAAAAaECXXIBVVmHSyDnRSso9qWlDm+vyIFfZ2hgUeTRXX24/XmuAVVpukp1NPdOBeiqvMMlgMMjYsLu1GhN6+umNIc0t1tnb1K/DXzMPhwYPqy7EPWxs86PSJEnxWcVaHZOpa0Ka1Gu73i3OHCJeSP/EewEAAAAAuLAuuQBrXlS6tiTk689/d1FLLwfz+uvDmmh4aGUAsPRApp5efky3dPHRr9FZcraz0Zr7O+hIZrGeWn5MWxPzZGMwaESHJnrtmuZytq8MZh5cHKc1sTnKKS5XoLu9nugXoDu7VQYx2UVlCnxzh94a2kLzd6cro6BMax/oKH83u4t/ES4CG4NBjra1B1Yny016dkW8vt+TIVujQRN7+lu8vzImWw/9eESHp3TTlF/itf94oaauPqa31ierq7+z/jumnX6PzdWLqxN0OKNYtkaD+rZ00zvDWirAvfJ6TvklXsm5J2VjlA6cKNKA1h56+9oWF/y8L6bPNyfpzu4Bis8q0uebkywCrKOZxZqw6KC2JuRKkoI8HDT/jk7q6O+ip3+JVWJ2sebe3lGStOFojh5eHK24jCJ1DnDV0Pbemh+Vpr1P9JQkhb+7VcPCvLUtIVcpuSdlMEgzbmqvfq0qw97fYrL07K+xOnSiULZGg65q46mPRrZXgLu9JGnSkhgl5RTLxmjQvrQCDWrXRO/d0O5iXioAAAAAwN/cJRdgrYjJVr+WbhbhVZXqQ7COZJXIzd6ozQ91liQVnCzX0K8O6M5uvvp6dFsVlpZr7PeHNXXVMb1zXUtJUo9gV70+uJmaONtp9eFsjZkXo05+zgoPdDHvN/Jorn6/v6PsL+EeKNPWJmndkVxtmNBZPi62evrXeMVlFtfa9j/DWmhjfF6NIYR2NtI717VQeICL8krK9eDiOE1adkQLbg8xt1l6MEsrxoWpd3O3C35OF9uu5HxtTcjVpze3V3xWsW6ds1epeSfl71YZGj37a6yaezlq6biusjUaFH2iUF5ONb/u6QWlGvZFlN65vp3uvTxA+9IKNOyLXfI8pe2Pe09o3cTL5Otqp6+3p+jOb/cp/rkrJEl2NgZ9ODJE3YPclFdSrnsX7NdDPxzU4nu6/G/7felaO7G7rmjZuL2/AAAAAAB/T5fcJO7phaUK/KtnyOm42Bv16BUB5uWfDmTJzsaoqVcHy8nOKG9nO704sJnm784wt7nv8qbycbGT0SANbuepgW08tP5orsV+H+8XeEmEV7O2H1ezaTss/jILyyRJc3ae0FNXBinYw16Otka9PqS5zvaS9G3prsuDXWVnY1ATZ1s9NyBIa49YXusBrd3/keGVVNn7qmuAq7oHuWl4mI+8nG311bYU8/sOtkYlZpfo4PECSVJoU2f5udX83P+494RaeDlqfM9A2RgN6hLgqvt7BdZo90CvIPm6VvZuu6Gjr45llygt76Qk6crWnurZ3N18L14a3Eq/Hc6y2H5gWy/CKwAAAADAObvkemD5ONspOffkGds1dbGTTbUJqo5mlSgt/6TCP9xtXldhMslokPJLyuXqYKMPN6Zo/q50nSgok43BoIyiUoU1dbLYb33Cs3+CMV299dyAYIt1nk62MpmklLyTat3E0bzexd5Gfq5nd10OnijSK78landqoUrKKmQySXkl5Sopq5DDX0MX/6nXuuBkuf77Z6peHdpaUmUPqLsvC9D/bUnS0wNayGCQpl/fVi+vPKIRs3crv6RcN3duqreuayt3RxuLfSXllqiFl6PFuhaelsuS5OPyv6GuTnaV1zevpFx+btKB44WaujxWUcn5dd6LII+aPR4BAAAAAKivSy7AGtLOU5OWHdWx7BI197T8UW0y/W8YoeGUR7o193RQC08HbX+4i2qz9ECmPtiQol/uCVN738rQ6pZvD8l0Srv6Pinu787FzkZBdQRIAW72SssvNS+XVZiUUVRaa1tJtU50f8/3h3Vtey/NurmNnOyM2pVSqN6f7rG43v/Uaz1vZ5pyS8r18sojeuO3eEmVT9bMLi7TqphMDQ5pIm9nO304MkQfjgxRXEaRbpmzV9N+P6o3rm1jsa8gdwctyrIcvhmfXftwzrrcNnevhnfw0ZzbOsrJzqio5Hx1e2/rJXEvAAAAAAAXxyU3hPC2cB/1aOaqG76J1i8Hs3Qiv1RZRWVadjBLY+YdqnO760O9lFdSrtd/T1JeSblMJikhp0S/HKwcKpVVVC4vJ1u18a7svRKVXKA1sTkX5ZysUbnJpOKyCou/8orKSOPObr76eFOKSsoqJEmfbUlTwcmKOvfl72avmAzLUCWrqExhvk5ysjOqrMKkjzam1LH1P8/MzUm6o5uf9k3ppajHeijqsR468GQvDWrnpc83JUmSFu4+rmN/BVHeLnZysjPKtpYkcGQnXx3NKtYXW5JVYZJ2p+Tr/zYnn1U9WUWl6ujnYr4X7647dv4nCQAAAABANZdcDyxbo0E/3tVe70am6LmVCTqSVSwPRxt18XfRw73969zO3dFGy+8N09RVCer6wS4VllYoyN1Od3ZrqmGSbu3irbVxObr84z3ydrZVe18nXdPW8+KdmJX5bEuaPtuSZrHu85GtdVd3Xz19VaCeWXFMfT7do0B3B/Vq7qp23jWHrVV5rF+AHvrxiL7Ydlzdg5y1bGyYPrqhlZ5ZHq8Zm1Nlb2PU6C5N9O2u9At9Wo0uKjlf2xLz9MUtYeYJ26tM6d9C183apZTck9p6LFeP/RSj7OIyudjb6NpQbz01oOZTGH1c7LRsXFc98uMhPbY0Rl0CXHVfjwAtO5BRo21dPh8Vqsd/itGHkQmytzFqTDc/zfkz9bzPFQAAAACAKgaTyXTqKLeLbu3aterZ8/LGLuMfa8uWbVzfC+zHH3/Sbbfd1thlNIgXVsRpb2qBfhjbubFLOW/z5s37x9wXAAAAALiUXXJDCAFYWnkoUxmFlXOQbT2Wq083Jum2cL9GrgoAAAAAgP+55IYQArC05Viu7pq3TyVlFfJztddzg1pqdNemjV0WAAAAAABmBFjAJW7qoJaaOqhlY5cBAAAAAECdGEIIAAAAAAAAq0aABQAAAAAAAKtGgAUAAAAAAACrRoAFAAAAAAAAq0aABQAAAAAAAKtGgAUAAAAAAACrRoAFAAAAAAAAq0aABQAAAAAAAKtmMJlMpsYuYt68eY1dAnDebrvttsYuAafg/xYAAAAAOH/W8HvXKgKsX375RTk5OY1dxj+Wm5ub8vLyGruMS4abm5uGDx/e2GUAAAAAAPCPYRUBFgAAAAAAAFAX5sACAAAAAACAVSPAAgAAAAAAgFUjwAIAAAAAAIBVI8ACAAAAAACAVSPAAgAAAAAAgFUjwAIAAAAAAIBVI8ACAAAAAACAVSPAAgAAAAAAgFUjwAIAAAAAAIBVI8ACAAAAAACAVSPAAgAAAAAAgFUjwAIAAAAAAIBVI8ACAAAAAACAVSPAAgAAAAAAgFUjwAIAAAAAAIBVI8ACAAAAAACAVSPAAgAAAAAAgFUjwAIAAAAAAIBVI8ACAAAAAACAVSPAAgAAAAAAgFUjwAIAAAAAAIBVI8ACAAAAAACAVSPAOguDBw9WRESEfvnll4t+7OzsbEVERCgiIkJ79uy56Me3RvW5H2+99ZYiIiL08MMPX8TKAAAAAABAQ7Jt7AKsQf/+/ZWfn1/n+6GhoZo7d67CwsKUk5MjLy+vi1jd31ffvn1VXFysadOmadCgQQ2+f+4HAAAAAACXBgIsSR06dFBhYaEkKTY2VkVFRfLw8FCzZs0kSS1btpQkffDBB41WI2rifgAAAAAAcGkgwJI0Y8YM8+t77rlHe/fuVY8ePfTmm29atBs8eLAyMzP1yiuvaNiwYXrmmWe0atUqDRgwQI6OjtqyZYtsbW110003ady4cTIaK0doxsXFacaMGdq7d68KCgrUrFkzjRo1SiNHjjS3OVViYqJef/117dmzR/7+/ho/fnyt7TZt2qRZs2YpLi5ORqNRnTt31qRJk9SiRYs6z/fYsWOaOXOmoqKilJ6eLm9vb91zzz0aPXq0JCkyMlKzZ89WbGysjEaj2rZtq/vvv18RERGSpIULF2ratGkKDAzU8OHD9fPPPys7O1t9+vTRCy+8oJKSEoseV08//bQk6eqrr9bbb7+to0ePasaMGdqzZ48KCgrUunVrPfDAA+rTp48k6ejRoxo1apQk6fHHH9fSpUt17NgxtWvXTi+99JL53E69H5I0Z84cLViwQDk5ORo0aJAMBkON8z+X+wEAAAAAABoPv9YbwO+//y47OzuNHDlSOTk5+uyzz7Ro0SJJUnx8vO6++26tXbtW/v7+uvrqq3XkyBG98cYb+vjjj2vdX1lZmR555BFt27ZN7u7uCg0N1fTp02u0W7Fihf79739r7969GjZsmPr3768//vhDY8eOVUpKSq37TkhI0J133qnly5fLaDRq+PDhatOmjY4cOSJJWr58uSZNmqSoqChFRESoc+fO2rFjhyZMmKDIyEiLfSUnJ2v9+vUaOHCgKioqtGrVKs2bN08ODg4aM2aMbG0r89G+fftqzJgx6tevnxISEnT33XdrzZo16tKli2655RbFxcXpkUce0dq1a2vU+9VXX6lPnz7y9fXVnj179Pbbb9d5H5YtW6YPPvhAqamp6t69uxISErRs2TKLNudyPwAAAAAAQOOiB1YD6NKli1544QVJleHTN998ox9++EGjR4/WDz/8oOLiYgUHB+vLL7+U0WhUu3bt9P7772vBggWaOHGi7OzsLPa3Y8cOHTt2TFJl77CWLVtq/fr1euyxxyzazZkzR5I0YsQIcw+to0ePKioqSosWLap14vJFixapsLBQPj4+mjdvnlxcXMx1S9LcuXMlScOHD9dLL70kSZo0aZIiIyP13//+V3379jXvy9bWVh9//LE8PT2Vk5OjJUuWaP/+/XJyctITTzyhH3/8UWVlZRo+fLi5R9b777+vwsJCtW3bVs8884wkyWQy6euvv9bXX3+t/v37W9T73HPP6aqrrlLr1q31wgsvaN++fXXeh8WLF0uq7Jn1xhtvyGQy6a677tLBgwfNbc7lfgAAAAAAgMZFgNUAgoKCarxOTU21+Ldly5bm4Wlt2rSRJJWUlCg7O1u+vr4W+6vaxt7e3jz/VmhoaI3jVrVbtGiRucdXlYSEhFprreqZFRISYg6vJJl7S1Xts23btub32rZtq8jISPN7VXx9feXp6SlJcnV1lSQVFBTUetxTj3/48OEaE7vXVnNISIjF/qvmKqtNVX3t27eXJBkMBoWGhloEWOdyPwAAAAAAQOMiwGoAMTExMplMMhgMOnTokCTJ39/f4t+jR4+qoqJCRqNRsbGxkiQHBwdzAFSdn5+fJOnkyZPKzMxUkyZNlJycXKOdv7+/srOzde2112r48OEW71UPp6oLCAiQJB06dEiFhYVydnaWVNkDy9bW1rzPqholmV9X1VXFxsbG/Lq2uaaqQjGTyWRRs1QZik2ePNmifUVFRY19VIVMte3/VH5+fkpLS7MYPpmUlGTR5lzuBwAAAAAAaFwEWA0gNjZW48ePl7e3t9asWSNJGjlypCTpxhtv1KJFi5SYmKjx48erefPmWrlypSRp9OjRtQ5Xi4iIUHBwsBITEzVlyhT1799fS5YsqdHujjvu0NSpU7VmzRq5urrKx8dHx48f15YtW/TAAw+oU6dONba5+eab9cMPPyg9PV233XabLr/8cmVlZcnf319TpkzR7bffrhdeeEFLly5VQUGBSktL9ccff0iSbr/99rO6Lv7+/jp8+LBmz56tXbt26corr9RNN92kRYsW6fDhw1q8eLFCQkKUlZWlvXv3qk2bNurdu/dZHaO6kSNHavfu3VqyZInc3NyUn5+vbdu2WbQ5l/sBAAAAAAAaFwFWAxg6dKicnJy0YsUK+fj46KabbjImM/C1AAAgAElEQVQ/0a9ly5aaPXu2PvvsM+3du1eHDh1SixYtdPPNN+vGG2+sdX+2trb68MMP9cYbb2jfvn3Kzc3V7bffrjfeeMOi3bXXXis3Nzd98803WrVqlQoLC+Xt7a0uXbrUOuRQkpo1a6Y5c+Zo5syZ2rVrl5YtWyZvb2/16tVLkjRs2DC5urpq9uzZ2rp1q4xGo7p376777rtPPXv2PKvrMmnSJL311luKiYlRdHS0fHx81KNHD33zzTeaOXOmdu/erbVr18rDw0MhISG66qqrzmr/p7r++uuVlZWl7777TosWLVKfPn00ZMgQrVixwtzmXO4HAAAAAABoXAZT9fFdOCvPPPOMVq1apREjRmjq1KmNXQ4AAAAAAMA/krGxCwAAAAAAAABOhwALAAAAAAAAVo0hhAAAAAAAALBq9MACAAAAAACAVSPAAgAAAAAAgFUjwAIAAAAAAIBVI8ACAAAAAACAVbNt7AKsQUFBgX7//Xfl5eU1dikAYMHd3V0DBgyQs7NzY5cCAAAAAI2GpxBKWrZsmTp0aC9/f//GLgUALCQnpyg6OkbXXXddY5cCAAAAAI2GHliS8vLy5OfnJ7I8ANYmIMBf27btaOwyAAAAAKBREWCZEV4BAAAAAABYIwKsv9D7CgAAAAAAwDoRYP2FAAsAAAAAAMA6GRu7ANSuWbOW+vHHJRflWLt375G7exNlZGRclOMBAAAAAACcDXpg/aWhemCZTCZ9+unn+vrrbxQff0yOjo5q06a1br31Fj3wwPiz2JNBBoPxovQM8/Ly0l133SV7e3t6ogEAAAAAAKtDgPWXhgpuPvjgI7355lt6443X1a9fXxUWFmnXrl06diz+HI5huiiBUnBwkD7/fIZOnixp1ADLZDKpvLxctrZ8LAEAAAAAwP8whNDM1CB/y5ev0OjRo/TAA/cpJKStunXrrHvvHauXX37R3MZkqtBHH32sbt0ul79/sHr1ukJz5/73lH1Z1nXo0CGNGXO7goNbqE2b9ho7dpySkpIstlm9erUGDRoif//g/2fv3mPsrOs8jn/nTK9TWgqF1kIRKRSLsMBGykVZlHJTsgUFArICxXpBUIncKhguBmpcoJhdTRDkthg3hUBEWNAuVC5FS8tNQEBLMWvjRrkq0Mu0nTnn7B9tx97Jbrrho7xeyZOceS6/53fOTCaZd55nntppp3F1/PGfqqVLl1RVuxYtWlTnnju1xo/fvUaN2r4mTNi/brvt9qpq1zPPPF1dXUPr9ddf6xtr3rx5dcQRR9aoUdvXLruMr/PO+1p1dy/t23700cfUBRd8vc4665zaZZfxteuuH6hLL72s2u1W3z5XXDG99tvvQzV69A61xx571dSp59eSJYv7tj/yyCM1fPg2ddddd9X++3+4Ro/eoebOnbvZvhcWS8ry0ksv1VFHHVOHHHLEBpejjjqmXnrppU2MAQAA8O4mYK3Sbrc3yzJ69Oh64okn6ve//321Ws1qNpvV27ui7+qmdrtd3/rWFXXTTTfXVVdNr6eeerIuvviiuvDCi+vHP76rb5815/Tyyy/XkUceVePG7VoPPzy7Zs26twYMGFCf+tSnq6enp9rtdt1//wN1wgmfro9+9KM1Z87P6957Z9bEiROrt7dZrVarjj/+xJo9++G69tpr6qmnnqzp06fX4MGDV52rY9X5qu98xx13Qr3//e+vuXPn1I03Xl8/+cnMuuCCC/vm1Gg06qabflAHHnhgLVz4XzVz5j11/fU31V133d23z6BBg+q73/1OPfXUk3XjjTfUnDlz6xvfuKxve0fHyh+/733v+3XnnXfU66+/Wvvss89m+15YLCnLqFEj64wzTtvo758zzjitRo0audHjAQAA3u062v46qhkzZtTHPnbIZhnrD394qU4+eXI9/fQztdtu42vffSfU4YcfWkcccXhVVXV3d9e4cR+oW2+dUQcddGC1Ws1qNDrryiu/XXPmzKnbb7+lqqp22mnX+s53/qUmTTqyrrjiqnrggYdq1qz/rN7enqpaGZpGj96h7rrrRzVhwj41adIna+TIkfWDH/xb3z6dnf2qt3dFPfzwz+voo4+txx9/tMaNG1utVqsajUZVdVSz2VvPPfdc/cM/TKwFC35dI0ZsXZdfPr1uueXWevrpX1a73apGo6PuvntmnXLK5Jo//9naeuut69hjT6jBgwfXjBk/rGaztzo6GvX5z3+xhg0bVtOn/3NVVfXrN6BarWa1263q6GjUQw/9vKZMmVILFvy6qqrmzXusPv7xf6xZs+6tD35wb3+o8zfviiuuqvvu+9la6w477JCaOvWcTR43c+bP6sQTT/z/nBoAAEA0V2D12fjtPz/96czadtvt+pZbbrl1g+uq2rX99u+pX/zi4Xr88Ufri188rbq7l9Wpp36uTjppcrXbrVqwYEEtXbq0Jk06urbcckRttdXI2nLLETVt2jfrd79bWGvfMrTy9TPP/KrmzZtXQ4cOr6222ra22mrb2nrrkbV8+fK+Y5555lf1kY8cVD09y6rdbla73aze3uVV1a5nn32uRo4cWTvv/L5qNnur3W5Vs9lbzWZPrX170srzvfDCgtp3332r1eqpdrtZzWZvTZjw99VsNuvFF3/bd8y4ceP6xmi3mzVixNb12muv9o1z993/UYceeni997071/Dh29TRR3+iXn/9T7VkyZK13ue4cWOr3W7VW2+9udZneuaZX93gunf6djCL5f+6nHHGaTV27E612tixO626MuvtjgUAAHh389+yV9nU1T8f+chB9eSTj/V9vdVWw6vR6Fhv3erbfbq7F9f73rdD7bzzSfWZz0yu448/vo455tiaO3dedXV1VVXVE088Wrvvvvta52m1WtXdvXjNWfWN+clPfqJmzPj39ea2fHl39fauvI1w5dVOG3sfK7dv6r2ve7vSmq+bzZXHdnR09K1vNBrr7d9qrRxjwYIXa/Lkz9aVV15exxxzTG2zzYiaM+eROvTQw6unZ0W124Nr9aH9+nVWu92uIUOGrPWZdnV1bXCdK7X4azVkSFedd95Zde65F1RV1XnnnVVDhviZBgAAeDsC1iqb+gNy0KCBNWbMdmvs26qqWm/d2jGnWa1Ws3p6qrbbblRVVS1ZsrT22muvGjx4cN1xxx21445j3mZOK+e199571XXXXV9//ON/19ChQze47957710PPji7Tjnl0+tt23PPPeuVV16t55//de222/iNvvfVAWv8+PE1Y8aM6u3trc7Ozqqqmjt3XnV2dtbOO49dtV/V6sC2ofF++cuna+TIbevUU0+pZrOnli5dVI899uha72v1lSWrz9vR0bHWZ7p6/A2tg79WY8fuVKef/vm+136eAQAA3p5bCPts+hae1bfltdvNTa6bMuULdfnlV9aDDz5Uv/nNb+q++2bV6ad/ud7znlG177771KBBA+rss8+qb3/7X+u6626oF1/8bT377LN100031/e/f/0a5/zLvD772VOr0WjUySdPqblz59XChQtr9uyH6ytf+Wq98cafq6pd5557dt199z01bdq3av78+TV//vy69trravHiRfXhD+9fBxxwQE2Z8oWaNetntXDhwnroodl1zz0/Wedcq883uV5//U91zjlT64UXXqj773+gLrzwkjr11Mk1fPiW68xxQ7c5tWv8+F3rlVderccff7Ta7VY9//zzdfXV12zkmA1/zqufaLihdRbLX/Ny2GET67DDJv4vjgEAAHh3cwXWKpvrKohJkybVjBm31M03/7DeeOPN2mabEXXAAQfUDTdcX0OGDKl2u11Tp55d2267TV1zzbV1ySWX1dChW9Qee+xRZ575pXXmsfJqo+HDh9X998+qiy66uE466TO1bNmyGjNm+5o48eAaOHBQtdvtOuigD9Vtt91a06Z9s66++toaMmRI7bffhDrppH+qZrO3br/9lrroom/Ul7/81Vq0aHHtuON7a+rUc9a6bXD16+HDh9Wdd/6ozj//63XwwUfUFltsUccdd2xdeuklfVefrbn/uvNtt9u1555/V9OmXVannPK5qmrXmDFj6vzzv1Zf+tJX1nu6mietAQAAAJviKYS18imEhx560GYZq1+/AdW//4BqNDpX/b+oVjWbzVqxortarb/En/79B1T//gOr0eisqvaqfZZVs9lbVVVbbLFlLVu2tO+Jgh0djRo4cHD169evqlaO29vbU8uXd/eN2dnZvwYOHLTGmL3V3b2kb/vAgV3Vv3//vuNX//+sRqOzhgwZWosXv9kXkjo7O2vgwMHVaPSrqnb19KxY61yDB29RzWZvrVixbI3xB1ej0eg7Z//+A2vAgIFVVdVut6qnZ0UNGtRVixa9WVXt6uzsrK6uobVo0Rub5bOHv1WzZs32FEIAAOBdzRVYfTZPx+vtXb7q6X+b1tOzvHp6Nr7f4sVrR512u1nLli3eyN4rNZsraunSFRvdvnz5klq+gVO2Wr21aNGf1xmrt5YuXbTRsbq719+2fPnStb7u6VlWPT3L1ln3lwk0m+ufFwAAAGBdAtYqLkQDAAAAyCRgrSJgAQAAAGQSsPoIWAAAAACJBKyqGjZsWL388ms1cuSId3oqAGt55ZXXatiwYe/0NAAAAN5RnkJYVUuWLKkHH3yw3nrrrXd6KgB9Ojo6aujQoXXwwQdXV1fXOz0dAACAd4yABQAAAEC0xjs9AQAAAADYFAELAAAAgGgCFgAAAADRBCwAAAAAoglYAAAAAEQTsAAAAACIJmABAAAAEE3AAgAAACCagAUAAABANAELAAAAgGgCFgAAAADRBCwAAAAAoglYAAAAAEQTsAAAAACIJmABAAAAEE3AAgAAACCagAUAAABANAELAAAAgGgCFgAAAADRBCwAAAAAoglYAAAAAEQTsAAAAACIJmABAAAAEE3AAgAAACCagAUAAABANAELAAAAgGgCFgAAAADRBCwAAAAAoglYAAAAAEQTsAAAAACIJmABAAAAEE3AAgAAACCagAUAAABANAELAAAAgGgCFgAAAADRBCwAAAAAoglYAAAAAEQTsAAAAACIJmABAAAAEE3AAgAAACCagAUAAABANAELAAAAgGgCFgAAAADRBCwAAAAAoglYAAAAAEQTsAAAAACIJmABAAAAEE3AAgAAACCagAUAAABANAELAAAAgGgCFgAAAADRBCwAAAAAoglYAAAAAEQTsAAAAACIJmABAAAAEE3AAgAAACCagAUAAABANAELAAAAgGgCFgAAAADRBCwAAAAAoglYAAAAAEQTsAAAAACIJmABAAAAEE3AAgAAACCagAUAAABANAELAAAAgGgCFgAAAADRBCwAAAAAoglYAAAAAEQTsAAAAACIJmABAAAAEE3AAgAAACCagAUAAABANAELAAAAgGgCFgAAAADRBCwAAAAAoglYAAAAAEQTsAAAAACIJmABAAAAEE3AAgAAACCagAUAAABANAELAAAAgGgCFgAAAADRBCwAAAAAoglYAAAAAEQTsAAAAACIJmABAAAAEE3AAgAAACCagAUAAABANAELAAAAgGgCFgAAAADRBCwAAAAAoglYAAAAAEQTsAAAAACIJmABAAAAEE3AAgAAACCagAUAAABANAELAAAAgGgCFgAAAADRBCwAAAAAoglYAAAAAEQTsAAAAACIJmABAAAAEE3AAgAAACCagAUAAABANAELAAAAgGgCFgAAAADRBCwAAAAAoglYAAAAAEQTsAAAAACIJmABAAAAEE3AAgAAACCagAUAAABANAELAAAAgGgCFgAAAADRBCwAAAAAoglYAAAAAEQTsAAAAACIJmABAAAAEE3AAgAAACCagAUAAABANAELAAAAgGgCFgAAAADRBCwAAAAAoglYAAAAAEQTsAAAAACIJmABAAAAEE3AAgAAACCagAUAAABANAELAAAAgGgCFgAAAADRBCwAAAAAoglYAAAAAEQTsAAAAACIJmABAAAAEE3AAgAAACCagAUAAABANAELAAAAgGgCFgAAAADRBCwAAAAAoglYAAAAAEQTsAAAAACIJmABAAAAEE3AAgAAACCagAUAAABANAELAAAAgGgCFgAAAADRBCwAAAAAoglYAAAAAEQTsAAAAACIJmABAAAAEE3AAgAAACCagAUAAABANAELAAAAgGgCFgAAAADRBCwAAAAAoglYAAAAAEQTsAAAAACIJmABAAAAEE3AAgAAACCagAUAAABANAELAAAAgGgCFgAAAADRBCwAAAAAoglYAAAAAEQTsAAAAACIJmABAAAAEE3AAgAAACCagAUAAABANAELAAAAgGgCFgAAAADRBCwAAAAAoglYAAAAAEQTsAAAAACIJmABAAAAEE3AAgAAACCagAUAAABANAELAAAAgGgCFgAAAADRBCwAAAAAoglYAAAAAEQTsAAAAACIJmABAAAAEE3AAgAAACCagAUAAABANAELAAAAgGgCFgAAAADRBCwAAAAAoglYAAAAAEQTsAAAAACIJmABAAAAEE3AAgAAACCagAUAAABANAELAAAAgGgCFgAAAADRBCwAAAAAoglYAAAAAEQTsAAAAACIJmABAAAAEE3AAgAAACCagAUAAABANAELAAAAgGgCFgAAAADRBCwAAAAAoglYAAAAAEQTsAAAAACIJmABAAAAEE3AAgAAACCagAUAAABANAELAAAAgGgCFgAAAADRBCwAAAAAoglYAAAAAEQTsAAAAACIJmABAAAAEE3AAgAAACCagAUAAABANAELAAAAgGgCFgAAAADRBCwAAAAAoglYAAAAAEQTsAAAAACIJmABAAAAEE3AAgAAACCagAUAAABANAELAAAAgGgCFgAAAADRBCwAAAAAoglYAAAAAEQTsAAAAACIJmABAAAAEE3AAgAAACCagAUAAABANAELAAAAgGgCFgAAAADRBCwAAAAAoglYAAAAAEQTsAAAAACIJmABAAAAEE3AAgAAACCagAUAAABANAELAAAAgGgCFgAAAADRBCwAAAAAoglYAAAAAEQTsAAAAACIJmABAAAAEE3AAgAAACCagAUAAABANAELAAAAgGgCFgAAAADRBCwAAAAAoglYAAAAAEQTsAAAAACIJmABAAAAEE3AAgAAACCagAUAAABANAELAAAAgGgCFgAAAADRBCwAAAAAoglYAAAAAEQTsAAAAACIJmABAAAAEE3AAgAAACCagAUAAABANAELAAAAgGgCFgAAAADRBCwAAAAAoglYAAAAAEQTsAAAAACIJmABAAAAEE3AAgAAACCagAUAAABANAELAAAAgGgCFgAAAADRBCwAAAAAoglYAAAAAEQTsAAAAACIJmABAAAAEE3AAgAAACCagAUAAABANAELAAAAgGgCFgAAAADRBCwAAAAAoglYAAAAAEQTsAAAAACIJmABAAAAEE3AAgAAACCagAUAAABANAELAAAAgGgCFgAAAADRBCwAAAAAoglYAAAAAEQTsAAAAACIJmABAAAAEE3AAgAAACCagAUAAABANAELAAAAgGgCFgAAAADRBCwAAAAAoglYAAAAAEQTsAAAAACIJmABAAAAEE3AAgAAACCagAUAAABANAELAAAAgGgCFgAAAADRBCwAAAAAoglYAAAAAEQTsAAAAACIJmABAAAAEE3AAgAAACCagAUAAABANAELAAAAgGgCFgAAAADRBCwAAAAAoglYAAAAAEQTsAAAAACIJmABAAAAEE3AAgAAACCagAUAAABANAELAAAAgGgCFgAAAADRBCwAAAAAoglYAAAAAEQTsAAAAACIJmABAAAAEE3AAgAAACCagAUAAABANAELAAAAgGgCFgAAAADRBCwAAAAAoglYAAAAAEQTsAAAAACIJmABAAAAEE3AAgAAACCagAUAAABANAELAAAAgGgCFgAAAADRBCwAAAAAoglYAAAAAEQTsAAAAACIJmABAAAAEE3AAgAAACCagAUAAABANAELAAAAgGgCFgAAAADRBCwAAAAAoglYAAAAAEQTsAAAAACIJmABAAAAEE3AAgAAACCagAUAAABANAELAAAAgGgCFgAAAADRBCwAAAAAoglYAAAAAEQTsAAAAACIJmABAAAAEE3AAgAAACCagAUAAABANAELAAAAgGgCFgAAAADRBCwAAAAAoglYAAAAAEQTsAAAAACIJmABAAAAEE3AAgAAACCagAUAAABANAELAAAAgGgCFgAAAADRBCwAAAAAoglYAAAAAEQTsAAAAACIJmABAAAAEE3AAgAAACCagAUAAABANAELAAAAgGgCFgAAAADRBCwAAAAAoglYAAAAAEQTsAAAAACIJmABAAAAEE3AAgAAACCagAUAAABANAELAAAAgGgCFgAAAADRBCwAAAAAoglYAAAAAEQTsAAAAACIJmABAAAAEE3AAgAAACCagAUAAABANAELAAAAgGgCFgAAAADRBCwAAAAAoglYAAAAAEQTsAAAAACIJmABAAAAEE3AAgAAACCagAUAAABANAELAAAAgGgCFgAAAADRBCwAAAAAoglYAAAAAEQTsAAAAACIJmABAAAAEE3AAgAAACCagAUAAABANAELAAAAgGgCFgAAAADRBCwAAAAAoglYAAAAAEQTsAAAAACIJmABAAAAEE3AAgAAACCagAUAAABANAELAAAAgGgCFgAAAADRBCwAAAAAoglYAAAAAEQTsAAAAACIJmABAAAAEE3AAgAAACCagAUAAABANAELAAAAgGgCFgAAAADRBCwAAAAAoglYAAAAAEQTsAAAAACIJmABAAAAEE3AAgAAACCagAUAAABANAELAAAAgGgCFgAAAADRBCwAAAAAoglYAAAAAEQTsAAAAACIJmABAAAAEE3AAgAAACCagAUAAABANAELAAAAgGgCFgAAAADRBCwAAAAAoglYAAAAAEQTsAAAAACIJmABAAAAEE3AAgAAACCagAUAAABANAELAAAAgGgCFgAAAADRBCwAAAAAoglYAAAAAEQTsAAAAACIJmABAAAAEE3AAgAAACCagAUAAABANAELAAAAgGgCFgAAAADRBCwAAAAAoglYAAAAAEQTsAAAAACIJmABAAAAEE3AAgAAACCagAUAAABANAELAAAAgGgCFgAAAADRBCwAAAAAoglYAAAAAEQTsAAAAACIJmABAAAAEE3AAgAAACCagAUAAABANAELAAAAgGgCFgAAAADRBCwAAAAAoglYAAAAAEQTsAAAAACIJmABAAAAEE3AAgAAACCagAUAAABANAELAAAAgGgCFgAAAADRBCwAAAAAoglYAAAAAEQTsAAAAACIJmABAAAAEE3AAgAAACCagAUAAABANAELAAAAgGgCFgAAAADRBCwAAAAAoglYAAAAAEQTsAAAAACIJmABAAAAEE3AAgAAACCagAUAAABANAELAAAAgGgCFgAAAADRBCwAAAAAoglYAAAAAEQTsAAAAACIJmABAAAAEE3AAgAAACCagAUAAABANAELAAAAgGgCFgAAAADRBCwAAAAAoglYAAAAAEQTsAAAAACIJmABAAAAEE3AAgAAACCagAUAAABANAELAAAAgGgCFgAAAADRBCwAAAAAoglYAAAAAEQTsAAAAACIJmABAAAAEE3AAgAAACCagAUAAABANAELAAAAgGgCFgAAAADRBCwAAAAAoglYAAAAAEQTsAAAAACIJmABAAAAEE3AAgAAACCagAUAAABANAELAAAAgGgCFgAAAADRBCwAAAAAoglYAAAAAEQTsAAAAACIJmABAAAAEE3AAgAAACCagAUAAABANAELAAAAgGgCFgAAAADRBCwAAAAAoglYAAAAAEQTsAAAAACIJmABAAAAEE3AAgAAACCagAUAAABANAELAAAAgGgCFgAAAADRBCwAAAAAoglYAAAAAEQTsAAAAACIJmABAAAAEE3AAgAAACCagAUAAABANAELAAAAgGgCFgAAAADRBCwAAAAAoglYAAAAAEQTsAAAAACIJmABAAAAEE3AAgAAACCagAUAAABANAELAAAAgGgCFgAAAADRBCwAAAAAoglYAAAAAEQTsAAAAACIJmABAAAAEE3AAgAAACCagAUAAABANAELAAAAgGgCFgAAAADRBCwAAAAAoglYAAAAAEQTsAAAAACIJmABAAAAEE3AAgAAACCagAUAAABANAELAAAAgGgCFgAAAADRBCwAAAAAoglYAAAAAEQTsAAAAACIJmABAAAAEE3AAgAAACCagAUAAABANAELAAAAgGgCFgAAAADRBCwAAAAAoglYAAAAAEQTsAAAAACIJmABAAAAEE3AAgAAACCagAUAAABANAELAAAAgGgCFgAAAADRBCwAAAAAoglYAAAAAEQTsAAAAACIJmABAAAAEE3AAgAAACCagAUAAABANAELAAAAgGgCFgAAAADRBCwAAAAAoglYAAAAAEQTsAAAAACIJmABAAAAEE3AAgAAACCagAUAAABANAELAAAAgGgCFgAAAADRBCwAAAAAoglYAAAAAEQTsAAAAACIJmABAAAAEE3AAgAAACCagAUAAABANAELAAAAgGgCFgAAAADRBCwAAAAAoglYAAAAAEQTsAAAAACIJmABAAAAEE3AAgAAACCagAUAAABANAELAAAAgGgCFgAAAADRBCwAAAAAoglYAAAAAEQTsAAAAACIJmABAAAAEE3AAgAAACCagAUAAABANAELAAAAgGgCFgAAAADRBCwAAAAAoglYAAAAAEQTsAAAAACIJmABAAAAEE3AAgAAACCagAUAAABANAELAAAAgGgCFgAAAADRBCwAAAAAoglYAAAAAEQTsAAAAACIJmABAAAAEE3AAgAAACCagAUAAABANAELAAAAgGgCFgAAAADRBCwAAAAAoglYAAAAAEQTsAAAAACIJmABAAAAEE3AAgAAACCagAUAAKcATaQAAALaSURBVABANAELAAAAgGgCFgAAAADRBCwAAAAAoglYAAAAAEQTsAAAAACIJmABAAAAEE3AAgAAACCagAUAAABANAELAAAAgGgCFgAAAADRBCwAAAAAoglYAAAAAEQTsAAAAACIJmABAAAAEE3AAgAAACCagAUAAABANAELAAAAgGgCFgAAAADRBCwAAAAAoglYAAAAAEQTsAAAAACIJmABAAAAEE3AAgAAACCagAUAAABANAELAAAAgGgCFgAAAADRBCwAAAAAoglYAAAAAEQTsAAAAACIJmABAAAAEE3AAgAAACCagAUAAABANAELAAAAgGgCFgAAAADRBCwAAAAAoglYAAAAAEQTsAAAAACIJmABAAAAEE3AAgAAACCagAUAAABANAELAAAAgGgCFgAAAADRBCwAAAAAoglYAAAAAEQTsAAAAACIJmABAAAAEE3AAgAAACCagAUAAABANAELAAAAgGgCFgAAAADRBCwAAAAAoglYAAAAAEQTsAAAAACIJmABAAAAEE3AAgAAACCagAUAAABANAELAAAAgGgCFgAAAADRBCwAAAAAoglYAAAAAEQTsAAAAACIJmABAAAAEE3AAgAAACCagAUAAABANAELAAAAgGgCFgAAAADRBCwAAAAAoglYAAAAAEQTsAAAAACIJmABAAAAEE3AAgAAACCagAUAAABANAELAAAAgGgCFgAA8D/t2LEAAAAAwCB/62nsKIwAYE1gAQAAALAmsAAAAABYE1gAAAAArAksAAAAANYEFgAAAABrAgsAAACANYEFAAAAwJrAAgAAAGBNYAEAAACwJrAAAAAAWBNYAAAAAKwJLAAAAADWBBYAAAAAawILAAAAgDWBBQAAAMCawAIAAABgTWABAAAAsCawAAAAAFgTWAAAAACsCSwAAAAA1gQWAAAAAGsCCwAAAIA1gQUAAADAmsACAAAAYE1gAQAAALAmsAAAAABYCy96cOVd+AEtAAAAAElFTkSuQmCC' height='250' width='300'/> ]]>
  </system-out>
</testsuite> <!-- com.tribu.qaselenium.tests.apimazaprendo.MAAssignF2FCourseTests -->
