<?xml version="1.0" encoding="UTF-8"?>
<!-- Generated by org.testng.reporters.JUnitReportReporter -->
<testsuite hostname="station" failures="0" tests="1" name="com.tribu.qaselenium.tests.beerpassion.BPContentTests" time="9.385" errors="1" timestamp="2021-11-04T19:17:29 COT" skipped="0">
  <testcase classname="com.tribu.qaselenium.tests.beerpassion.BPContentTests" name="checkBanner" time="9.385">
    <error message="Expected condition failed: waiting for visibility of element located by By.xpath: //button[contains(text(),&#039;NO&#039;)] (tried for 5 second(s) with 500 milliseconds interval)" type="org.openqa.selenium.TimeoutException">
      <![CDATA[org.openqa.selenium.TimeoutException: Expected condition failed: waiting for visibility of element located by By.xpath: //button[contains(text(),'NO')] (tried for 5 second(s) with 500 milliseconds interval)
at org.openqa.selenium.support.ui.WebDriverWait.timeoutException(WebDriverWait.java:95)
at org.openqa.selenium.support.ui.FluentWait.until(FluentWait.java:272)
at com.tribu.qaselenium.testframework.pagebase.POUtils.waitForVisibilityOf(POUtils.java:37)
at com.tribu.qaselenium.testframework.pagebase.BasePO.click(BasePO.java:33)
at com.tribu.qaselenium.tests.beerpassion.BPContentTests.lambda$0(BPContentTests.java:41)
at com.tribu.qaselenium.tests.beerpassion.BPContentTests.checkBanner(BPContentTests.java:60)
at java.base/jdk.internal.reflect.NativeMethodAccessorImpl.invoke0(Native Method)
at java.base/jdk.internal.reflect.NativeMethodAccessorImpl.invoke(NativeMethodAccessorImpl.java:62)
at java.base/jdk.internal.reflect.DelegatingMethodAccessorImpl.invoke(DelegatingMethodAccessorImpl.java:43)
at java.base/java.lang.reflect.Method.invoke(Method.java:566)
at org.testng.internal.MethodInvocationHelper.invokeMethod(MethodInvocationHelper.java:133)
at org.testng.internal.TestInvoker.invokeMethod(TestInvoker.java:598)
at org.testng.internal.TestInvoker.invokeTestMethod(TestInvoker.java:173)
at org.testng.internal.MethodRunner.runInSequence(MethodRunner.java:46)
at org.testng.internal.TestInvoker$MethodInvocationAgent.invoke(TestInvoker.java:824)
at org.testng.internal.TestInvoker.invokeTestMethods(TestInvoker.java:146)
at org.testng.internal.TestMethodWorker.invokeTestMethods(TestMethodWorker.java:146)
at org.testng.internal.TestMethodWorker.run(TestMethodWorker.java:128)
at java.base/java.util.ArrayList.forEach(ArrayList.java:1541)
at org.testng.TestRunner.privateRun(TestRunner.java:794)
at org.testng.TestRunner.run(TestRunner.java:596)
at org.testng.SuiteRunner.runTest(SuiteRunner.java:377)
at org.testng.SuiteRunner.runSequentially(SuiteRunner.java:371)
at org.testng.SuiteRunner.privateRun(SuiteRunner.java:332)
at org.testng.SuiteRunner.run(SuiteRunner.java:276)
at org.testng.SuiteRunnerWorker.runSuite(SuiteRunnerWorker.java:53)
at org.testng.SuiteRunnerWorker.run(SuiteRunnerWorker.java:96)
at org.testng.TestNG.runSuitesSequentially(TestNG.java:1212)
at org.testng.TestNG.runSuitesLocally(TestNG.java:1134)
at org.testng.TestNG.runSuites(TestNG.java:1063)
at org.testng.TestNG.run(TestNG.java:1031)
at org.testng.remote.AbstractRemoteTestNG.run(AbstractRemoteTestNG.java:115)
at org.testng.remote.RemoteTestNG.initAndRun(RemoteTestNG.java:251)
at org.testng.remote.RemoteTestNG.main(RemoteTestNG.java:77)
Caused by: org.openqa.selenium.NoSuchElementException: no such element: Unable to locate element: {"method":"xpath","selector":"//button[contains(text(),'NO')]"}
  (Session info: chrome=95.0.4638.69)
For documentation on this error, please visit: https://www.seleniumhq.org/exceptions/no_such_element.html
Build info: version: '3.141.59', revision: 'e82be7d358', time: '2018-11-14T08:17:03'
System info: host: 'station', ip: '127.0.1.1', os.name: 'Linux', os.arch: 'amd64', os.version: '4.19.0-18-amd64', java.version: '11.0.12'
Driver info: org.openqa.selenium.chrome.ChromeDriver
Capabilities {acceptInsecureCerts: false, browserName: chrome, browserVersion: 95.0.4638.69, chrome: {chromedriverVersion: 95.0.4638.54 (d31a821ec901f..., userDataDir: /tmp/.com.google.Chrome.tz6VXp}, goog:chromeOptions: {debuggerAddress: localhost:41073}, javascriptEnabled: true, networkConnectionEnabled: false, pageLoadStrategy: normal, platform: LINUX, platformName: LINUX, proxy: Proxy(), setWindowRect: true, strictFileInteractability: false, timeouts: {implicit: 0, pageLoad: 300000, script: 30000}, unhandledPromptBehavior: dismiss and notify, webauthn:extension:credBlob: true, webauthn:extension:largeBlob: true, webauthn:virtualAuthenticators: true}
Session ID: aac9c18b31dcf0ea56da8d87be54543c
*** Element info: {Using=xpath, value=//button[contains(text(),'NO')]}
at java.base/jdk.internal.reflect.NativeConstructorAccessorImpl.newInstance0(Native Method)
at java.base/jdk.internal.reflect.NativeConstructorAccessorImpl.newInstance(NativeConstructorAccessorImpl.java:62)
at java.base/jdk.internal.reflect.DelegatingConstructorAccessorImpl.newInstance(DelegatingConstructorAccessorImpl.java:45)
at java.base/java.lang.reflect.Constructor.newInstance(Constructor.java:490)
at org.openqa.selenium.remote.http.W3CHttpResponseCodec.createException(W3CHttpResponseCodec.java:187)
at org.openqa.selenium.remote.http.W3CHttpResponseCodec.decode(W3CHttpResponseCodec.java:122)
at org.openqa.selenium.remote.http.W3CHttpResponseCodec.decode(W3CHttpResponseCodec.java:49)
at org.openqa.selenium.remote.HttpCommandExecutor.execute(HttpCommandExecutor.java:158)
at org.openqa.selenium.remote.service.DriverCommandExecutor.execute(DriverCommandExecutor.java:83)
at org.openqa.selenium.remote.RemoteWebDriver.execute(RemoteWebDriver.java:552)
at org.openqa.selenium.remote.RemoteWebDriver.findElement(RemoteWebDriver.java:323)
at org.openqa.selenium.remote.RemoteWebDriver.findElementByXPath(RemoteWebDriver.java:428)
at org.openqa.selenium.By$ByXPath.findElement(By.java:353)
at org.openqa.selenium.remote.RemoteWebDriver.findElement(RemoteWebDriver.java:315)
at org.openqa.selenium.support.ui.ExpectedConditions$7.apply(ExpectedConditions.java:205)
at org.openqa.selenium.support.ui.ExpectedConditions$7.apply(ExpectedConditions.java:201)
at org.openqa.selenium.support.ui.FluentWait.until(FluentWait.java:249)
... 32 more
]]>
    </error>
  </testcase> <!-- checkBanner -->
  <system-out>
    <![CDATA[ <img src='data:image/png;base64,iVBORw0KGgoAAAANSUhEUgAAB4AAAAOiCAYAAACRicroAAAAAXNSR0IArs4c6QAAIABJREFUeJzs3XmUV/Vh/+E3ImDVnqixiZooyfkO2whCVXADFTAKLiiMCnHDvRVjXJLaaNSjWJpoNXWvSyuKuGBwq6DigsY1jVuiRg0QE1xQa0BcEQa5vz888/0xsojWin76PH85l7t+7r1zjuc19942VVVVAQAAAAAAAOArb5WVvQMAAAAAAAAAfD4EYAAAAAAAAIBCCMAAAAAAAAAAhRCAAQAAAAAAAAohAAMAAAAAAAAUQgAGAAAAAAAAKIQADAAAAAAAAFAIARgAAAAAAACgEAIwAAAAAAAAQCEEYAAAAAAAAIBCCMAAAAAAAAAAhRCAAQAAAAAAAAohAAMAAAAAAAAUQgAGAAAAAAAAKIQADAAAAAAAAFAIARgAAAAAAACgEAIwAAAAAAAAQCEEYAAAAAAAAIBCCMAAAAAAAAAAhVh1Ze/Al82bb765sncBAAAAAAAA4DPxBDAAAAAAAABAIdpUVVWt7J0AAAAAAAAA4H/OE8AAAAAAAAAAhRCAAQAAAAAAAAohAAMAAAAAAAAUQgAGAAAAAAAAKIQADAAAAAAAAFAIARgAAAAAAACgEAIwAAAAAAAAQCEEYAAAAAAAAIBCCMAAAAAAAAAAhRCAAQAAAAAAAAohAAMAAAAAAAAUQgAGAAAAAAAAKIQADAAAAAAAAFAIARgAAAAAAACgEAIwAAAAAAAAQCEEYAAAAAAAAIBCCMAAAMD/CaeffnoaGhry2GOP1ac98cQT6dmzZw488MC8+eabS13u5ZdfzpZbbpmDDz74i9rVujfeeCMNDQ059NBDv/Btt7jrrruyySab5KKLLvrCtllVVfbaa6/069cvc+bMWeZ8n+f4TJo0KQ0NDbnsssv+x+v6os2fPz/77bdfNt100zzwwAP/q9tamfdDKb73ve+lR48eSVb8Wl/cyrgnAQCAr5ZVV/YOAAAALMs222yT119/vf5zu3btsv7662eHHXbIqFGjstZaa33mdf/+97/PD37wg4wcOTLHHHNM5s6dm4aGhvTr1y9jx46tz/f2229n9uzZefnll/9Hx/JVNWvWrLz//vt59dVXv7Btfvjhh5k5c2beeeedfPDBB1/Ydr8snn322QwZMmS585x11lnZY489smDBgowaNSqzZ8/OTTfdlI4dO/6v7tv/9fvh8/ZZrvWVcU8CAABfLQIwAADwpdamTZsMHTo0STJv3rw89dRTufzyy/PAAw/k5ptvTocOHT7TejfeeOM8/PDDnzhfY2Njpk6d+j+KzV9lI0eOzNZbb53vfOc7X9g2V1111dxxxx2ZP39+1l9//S9su18Wa621VoYNG1b/ecqUKXnvvfcydOjQtGnTJkmy0UYbJUnat2+fSy65JG3btq3/2/+m/+v3w+fts1zrK+OeBAAAvlq8AhoAAPhSa9euXc4888yceeaZOf/88zN16tQMGDAg06dPz+23357ko9eojhs3LoMHD05jY2O22WabjB49Ou+8884y13vXXXeloaEhF154YSZNmpQ+ffokSR544IE0NDSkqakpyUdPPPbv3z+jRo2qL/vee+/l5z//ebbddts0NjZm4MCBueyyy7Jo0aIkyZNPPpkjjjgi/fr1S/fu3TNo0KCMHz9+ucfZ3NycCy64INtvv326deuWwYMH55577llivrfeeiunnHJKttxyyzQ2Nmb33XfPLbfcssz1vv3222loaMgRRxyRk046Kb1790737t2z995756GHHlpiPC666KL88Ic/TK9evfLKK6/krrvuyuDBg3PppZfmpZdeSqdOnbLvvvsusZ3dd989W221Vd56661cfPHF2W233dKzZ89sscUWGTVqVGbOnNlq/pkzZ+boo49O7969s/HGG2fYsGGZOnVq/d8POOCAbLfddp9qfBYtWpRJkyZlxIgR6dOnT3r16pW99947jzzySKv5Zs+enZ/85Cfp06dPGhsbc8ABB2TGjBnLHMMv2gYbbFC/5s8888x8/etfT5L87Gc/q0/bdNNNM23atBx++OHZfPPN06tXrxx44IF56qmn6utZ3jltaGjIv/7rv+bwww9P9+7ds+mmm+YnP/lJ5syZkzPOOCN9+/ZN9+7d09TU1Oq16R+/Hxa/vk455ZT06dMnPXr0yIgRI1rtS5K8++67GTNmTPr165fGxsbstNNOGTt2bP2+SZK77747TU1N6dmzZzbbbLMMGzYsEydOXGKMbrzxxjQ0NOS8885rNX3OnDlpbGzMUUcdtdSx/aR7d0V+l7S8Tn78+PEZOnRoGhsb069fv5x11llZsGBBq+1Nnjw5u+++exobG9O3b9/827/92xL79PFrPUkeeuih7LfffunZs2d69eqVww47LH/84x/r57Xlnvw0Y7vrrrtmm222ydixYzNgwIA0NjZm0KBBufnmm1tt+8MPP8xll12WgQMHprGxMf379895553X6thW9DwBAAArhwAMAAB8pbRt2zYDBgxIkrz44otJklNOOSWjR4/OvHnzMmTIkGywwQYZN25chg8fnnnz5n3iOrt06ZK///u/T5J07Ngxxx57bPbZZ5+lzrtgwYLsu++++fd///ess846GTZsWNq1a5czzjgjl1xySZLklltuybRp07LVVltl7733TnNzc0499dTccMMNy9yHf/iHf8g555yTJGlqasrXvva1nHTSSa3mmTdvXkaMGJEbbrgh2223XQ4++OC0adMmP/rRj3LllVcu9xjvuuuu3H777RkyZEiampry/PPP58ADD8yvfvWrVvOdf/75uffee9O5c+e0b9++1b9tuOGG2XbbbfNf//VfeeGFF+rTn3zyyfz+97/P8OHD89577+WSSy7JN77xjTQ1NaV37965++67c8ghh9QD0syZM7PHHntk8uTJ6dmzZ4YMGZKXX345hx9+eB5//PHPPD5VVeXiiy/OwoULM2jQoAwePDjTp0/PIYccUo9n7733XoYPH56JEyemY8eOGTZsWF555ZVccMEFyx2/L5vp06enqakpzzzzTPbcc88MHz4806ZNy/Dhw5cIr8s6pxdeeGFmzZqVPffcM+uss04mTpyY/v37Z+zYsdliiy2y00475emnn84hhxyS//7v/17u/tx111257bbbsuOOO2a77bbLY489loMPPrj+be358+dnn332ydixY/ONb3wju+++e5qbmzNmzJiceOKJSZKnn346o0aNyptvvpn9998/Q4cOTXNzc6qqWmJ7u+66a9Zee+1MmDAhCxcurE+fOHFi/R79uBW5dz/N75JTTz01a6yxRoYPH562bdvm4osvbhV4r7vuuhx99NGZOXNmdt1112yyySY555xz8qc//Wm5Y3nbbbdl5MiReeqppzJw4MBsu+22efDBBzNixIi8++67S8y/ImPb4vXXX8/Pf/7z9OjRI8OGDcusWbPy4x//OL/+9a/r85x44ok544wzUqvVcuihh6Zz584577zzcvTRR3/q8wQAAKwkFQAAwJfU1ltvXXXr1q3VtA8//LD6u7/7u6pWq1U33XRTNX369KpWq1U777xz9f7779fnO/nkk6tarVZdccUVVVVV1ejRo6tarVY9+uijVVVV1Z133lnVarXqggsuqKqqqmbPnl3VarXqwAMPbLW9t956q6rVatV+++1XVVVVXXPNNVWtVqv+8R//sVq0aFFVVVW1YMGC6vLLL6/efvvtqqqqav78+fV/W7hwYTV79uyqU6dO1ciRI5d6nM8//3xVq9WqXXbZpdUxnHbaaVWtVqsOOeSQqqqqaty4cVWtVqvuuOOOqrm5uWpubq7mz59fDRs2rNpss82q5ubmJdbdsv9dunSpZsyYUZ/+9NNPV506dap23XXXVuPRu3fvatasWfX5Pj5Od999d1Wr1aoxY8bU5/nRj35UderUqXr11VerqqqqefPmVVVVVYsWLaqam5ur008/varVatXjjz9eVVVV/fCHP6xqtVp1ww031Nfx6quvVtdee2314YcfVlVVVbvsskvVqVOnTzU+i2+7qqqqubm5vv8XXXRRVVVVdcUVV1S1Wq068cQT6/N98MEH1dChQ6tarVZdeumlSz1HK1P//v2rWq3W6vweeeSRVWNjYzVr1qz6tfDqq69W3bt3rw4//PCqqj75nA4aNKi+ztmzZ1eNjY1LnJdf/OIXVa1Wq6677rqqqpa8H1p+7tq1a/XnP/+5vlzLOb/55purqqqq8ePHLzHu8+bNq4YMGVLVarXqueeeq6688sqqVqtVEyZMaHX8LffSx51xxhlVrVarpkyZUp9v++23r3baaaelzv9J9+6n/V1y/PHH1+d54403qm7dulUDBgyoquqja693795V9+7dqxdeeKE+35QpU6parVZ17969Pm3xa33hwoXVNttsU2288cat7tdHHnmkeuihh6qqWvKeXJGxbdnOx89vy7pOOOGEqqqqatq0aVWtVqtOO+20+nXV3NxcjRkzpqrVatUzzzzzqc8TAADwxfMEMAAA8KXW3Nyc448/Pscff3yOOuqoDBgwIHfffXc6deqUwYMH119Pu+eee+av/uqv6suNHDkySfKb3/zmc92fRx99NMlHr21t+eZqu3btctBBB+Wv//qvkyQvvPBC9t9///Tq1StdunRJnz59smjRorz88stLXeeTTz6ZJNlrr72WegwtnnjiiSTJkUcema5du6Zr165pbGzM7373u8ydOzevv/76Mve7V69eqdVq9Z+7d++eLl265LnnnssHH3xQn77LLrss91uk/fv3zwYbbJAbb7wxCxYsyJw5c3Lbbbdl4MCBWW+99VJVVS677LL069cvXbp0SdeuXXPFFVckSV555ZUkyWOPPZY111yz1Xdu11tvvYwYMSKrrLLk/6au6PgkyX333Zedd945jY2N6dq1a4444ohW225Z1/77719fpkOHDhkxYsQyj/nL6Iknnsj8+fPTr1+/+rXQt2/fzJs3L88//3yreZd1TrfffvusuuqqSZJ11lknHTt2TJJ873vfq8/zt3/7t0mSWbNmLXd/unTpUl8+STbffPMkqV/zLffp4k/mrrbaahk+fHiSj+7TLbbYIu3bt89JJ52UoUOH5uSTT87kyZNbPeG7uH322Sdt2rTJ1VdfnSS5//7789JLLy316d/kk+/dT/u7ZNCgQfX/XnfdddOxY8f68b700kuZM2dO+vbtm+9+97v1+Xbcccest956S92/lvF67bXX0rdv31b365Zbbpmtt956qcusyNgubqeddqr/98fPU8sT+OPGjatfV127ds3ll1+eJPnDH/7wqc8TAADwxVt1Ze8AAADA8lRVlRtvvDFJsuqqq2b99dfPQQcdlCOPPDIdOnRoNd/iWr592RJ6Ps/9Wdr2FnfEEUdk7ty5+ed//udsuOGGST6KM4t/j3Np2rZt2+rnljj3cWeccUY6d+68xPS/+Zu/Wea6lxZnPvzwwyWmrbvuusvdx1VWWSUjRozIL37xi9x+++157bXXsmDBguy3335JkptvvjnnnntuhgwZkn333Tft27fPrbfemssvv7y+veWN3fJ80vi8+OKLOeaYY9KlS5dceuml+drXvpY//elPOe6445Y41hUd6y+z1VZbLePHj1/iWD7+6u5lndM111xzqcu1/CFD8lEgTT76Q4zlWXyZxdf18etuefdply5dcsstt+Smm27KU089lUmTJuXaa6/NwIED669oXty3v/3t9O/fP1OnTs3MmTNz9dVXZ/XVV8/QoUOXuo8rcu9+0j4u75g7dOiwxHW2tOvq4+frs+zj8pZtsbT9XmWVVbLGGmvUf17Wedp///1b/YFGi29/+9tZe+21P9V5AgAAvnieAAYAAL7U2rdvnxkzZmTGjBl5/vnnc++99+anP/1p1lprrST//wm2X/7yl3n//ffry7V8E7d3794rtJ3VVlstST7xm8FbbLFFff0tweXdd9/NhRdemLlz52bu3Ll56aWXsvnmm2fnnXdOjx498q1vfav+/dulaXnKcuLEia22//Hv+rYc69SpU9PY2JgePXqkR48emTVrVrp3775E+FvcU089lYcffrj+88MPP5xp06alW7du9WNfUcOHD0+7du1y9dVX55prrknHjh3rTyc+/fTTSZKDDz44m222WXr06LFEmOrTp0/efffd/PKXv6xPmzFjRq688sqlhuoVHZ/nnnsuCxcuzG677Za+ffumR48eWX311VvNs+mmmyZJrrrqqvq0BQsW5LrrrvtUY7Cybb755vnggw/y29/+tn4ddO7cOX/5y1/SpUuXlb17S2i5dq+66qr69TBv3rxMmDAhyUf3aXNzc9ZZZ50cf/zxGT9+fB599NF06dIl99133zKDaMsfHpx99tm57777ssceeywRtlt80r37ef0uST76XvY666yTBx54IH/+85/r0++555760+jLWm699dbLgw8+mOnTp9en33nnnbnvvvuWusyKjO2KalnXr371q2y44Yb1a+v999/Pt771ray99tqf6TwBAABfrK/enzgDAAAspqGhId///vdz7bXXZqeddkrv3r3zwgsv5Jlnnknnzp2z9957r9B6Vl999dRqtTz++OM54YQT8v777+ess85aYr5hw4ZlwoQJufHGG/Pss8+msbExjz32WF588cW0a9cuhx12WDbccMM88sgjmTBhQtZee+1cfPHFy309apcuXbLbbrvl1ltvzd57753+/fvnj3/8Y6ZMmdJqvj333DPXX399pkyZkp133jk9e/bMtGnT8swzz+T000/P97///WVuY9GiRTn00EMzYMCALFy4MPfdd1/atGmTH//4xys0Pov7+te/nh133DGTJ09Okpx44on1pwy7d++eJDn33HOz33775Zlnnsm4ceNaLX/sscfm/vvvzwknnJBbb7016667bu699968++672WSTTerB99OOT7du3dK2bdtcd9112WijjfLWW2/l7LPPbjVPU1NTxo0bl2uuuSavvfZaunXrlvvvv78err8qjj322DzwwAP5p3/6p9x5553ZYIMN8thjj2XWrFmZPHlyOnXqtLJ3sZWmpqZMmDAhEydOzLPPPpuGhoY8+uijefXVV7PXXnula9euue666zJ69Ohsu+222WijjTJ37txMnz49m2+++TKf5O/Xr186duyY2267Lcn/D8JL80n37uGHH/65/C5JPnry97jjjstJJ52UESNGZI899sh7771Xf5vBsrRt2zY//elPc9RRR2Xo0KHZfvvts3DhwkydOjVrr7127rnnns80tiuqoaEh++67b66++ursuOOO2XbbbTN79uw8/PDDGTRoUM4999zccMMNn/o8AQAAXyxPAAMAAF95o0ePzimnnJI111wzd9xxR954440ccMABmTBhQqtveX6Ss88+O927d89//ud/5g9/+EPeeOONJeZp3759xo8fn8MOOyxvv/12Jk2alLZt2+bkk0/OYYcdljZt2uSSSy7JxhtvnNNOOy2nn356evToke985zvL3fa//Mu/5Jhjjsk777yT//iP/8iLL76YCy64oNU8HTp0yDXXXJPDDjss8+fPz6233pq//OUvOfDAA7Pbbrstd/19+vTJyJEj85vf/CYPPvhgNtlkk1x55ZXZbrvtVnh8FtcS2jp06JCmpqb69KFDh+bII4/M008/nR/84Ae55557lvgma8eOHXPzzTdn1113zXPPPZcpU6akoaEhl19++RLxt8WKjM9GG22Uc845J0lyzDHH5LLLLmv1rd8kWWONNXL99denqakpv/3tb3PllVdmzTXXzMknn/yZxmFl+e53v5tbbrklu+22W2bMmJHJkydntdVWy0knnfSli7/JR0/YX3PNNTnooIMyZ86c3HHHHVl99dVz4oknZsyYMUk+Cvg77LBDpk+fnvHjx+ehhx5KU1NTzj///GWut02bNvXrq3fv3kt9NXqLT7p3k8/vd0mSjBgxIueee26++c1vZty4cXnooYcyatSo9OrVa7nLDR48OFdddVV69eqV+++/P7/+9a8zcODAXH/99Ut9unlFxvbTOPXUUzN69Oh885vfzO23357f/e532WGHHXLccccl+WznCQAA+GK1qbyfBwAAoFhvv/12Nt1002y11VatXnsMX2VVVdWfNh07dmzGjBmT8847LzvvvPNK3jMAAICVzyugAQAAgK+USZMmZdy4cenYsWNuv/32dO7cOYMGDVrZuwUAAPClIAADAAAAXzmzZ8/Oc889l8022yw/+9nPssoqvnIFAACQeAU0AAAAAAAAQDH8eSwAAAAAAABAIQRgAAAAAAAAgEIIwAAAAAAAAACFEIABAAAAAAAACiEAAwAAAAAAABRCAAYAAAAAAAAohAAMAAAAAAAAUAgBGAAAAAAAAKAQAjAAAAAAAABAIQRgAAAAAAAAgEIIwAAAAAAAAACFEIABAAAAAAAACiEAAwAAAAAAABRCAAYAAAAAAAAohAAMAAAAAAAAUAgBGAAAAAAAAKAQAjAAAAAAAABAIQRgAAAAAAAAgEIIwAAAAAAAAACFEIABAAAAAAAACiEAAwAAAAAAABRCAAYAAAAAAAAohAAMAAAAAAAAUAgBGAAAAAAAAKAQAjAAAAAAAABAIQRgAAAAAAAAgEIIwAAAAAAAAACFEIABAAAAAAAACiEAAwAAAAAAABRCAAYAAAAAAAAohAAMAAAAAAAAUAgBGAAAAAAAAKAQAjAAAAAAAABAIQRgAAAAAAAAgEIIwAAAAAAAAACFEIABAAAAAAAACiEAAwAAAAAAABRCAAYAAAAAAAAohAAMAAAAAAAAUAgBGAAAAAAAAKAQAjAAAAAAAABAIQRgAAAAAAAAgEIIwAAAAAAAAACFEIABAAAAAAAACiEAAwAAAAAAABRCAAYAAAAAAAAohAAMAAAAAAAAUAgBGAAAAAAAAKAQAjAAAAAAAABAIQRgAAAAAAAAgEIIwAAAAAAAAACFEIABAAAAAAAACiEAAwAAAAAAABRCAAYAAAAAAAAohAAMAAAAAAAAUAgBGAAAAAAAAKAQAjAAAAAAAABAIQRgAAAAAAAAgEIIwAAAAAAAAACFEIABAAAAAAAACiEAAwAAAAAAABRCAAYAAAAAAAAohAAMAAAAAAAAUAgBGAAAAAAAAKAQAjAAAAAAAABAIQRgAAAAAAAAgEIIwAAAAAAAAACFEIABAAAAAAAACiEAAwAAAAAAABRCAAYAAAAAAAAohAAMAAAAAAAAUAgBGAAAAAAAAKAQAjAAAAAAAABAIQRgAAAAAAAAgEIIwAAAAAAAAACFEIABAAAAAAAACiEAAwAAAAAAABRCAAYAAAAAAAAohAAMAAAAAAAAUAgBGAAAAAAAAKAQAjAAAAAAAABAIQRgAAAAAAAAgEIIwAAAAAAAAACFEIABAAAAAAAACiEAAwAAAAAAABRCAAYAAAAAAAAohAAMAAAAAAAAUAgBGAAAAAAAAKAQAjAAAAAAAABAIQRgAAAAAAAAgEIIwAAAAAAAAACFEIABAAAAAAAACiEAAwAAAAAAABRCAAYAAAAAAAAohAAMAAAAAAAAUAgBGAAAAAAAAKAQAjAAAAAAAABAIQRgAAAAAAAAgEIIwAAAAAAAAACFEIABAAAAAAAACiEAAwAAAAAAABRCAAYAAAAAAAAohAAMAAAAAAAAUAgBGAAAAAAAAKAQAjAAAAAAAABAIQRgAAAAAAAAgEIIwAAAAAAAAACFEIABAAAAAAAACiEAAwAAAAAAABRCAAYAAAAAAAAohAAMAAAAAAAAUAgBGAAAAAAAAKAQAjAAAAAAAABAIQRgAAAAAAAAgEIIwAAAAAAAAACFEIABAAAAAAAACiEAAwAAAAAAABRCAAYAAAAAAAAohAAMAAAAAAAAUAgBGAAAAAAAAKAQAjAAAAAAAABAIQRgAAAAAAAAgEIIwAAAAAAAAACFEIABAAAAAAAACiEAAwAAAAAAABRCAAYAAAAAAAAohAAMAAAAAAAAUAgBGAAAAAAAAKAQAjAAAAAAAABAIQRgAAAAAAAAgEIIwAAAAAAAAACFEIABAAAAAAAACiEAAwAAAAAAABRCAAYAAAAAAAAohAAMAAAAAAAAUAgBGAAAAAAAAKAQAjAAAAAAAABAIQRgAAAAAAAAgEIIwAAAAAAAAACFEIABAAAAAAAACiEAAwAAAAAAABRCAAYAAAAAAAAohAAMAAAAAAAAUAgBGAAAAAAAAKAQAjAAAAAAAABAIQRgAAAAAAAAgEIIwAAAAAAAAACFEIABAAAAAAAACiEAAwAAAAAAABRCAAYAAAAAAAAohAAMAAAAAAAAUAgBGAAAAAAAAKAQAjAAAAAAAABAIQRgAAAAAAAAgEIIwAAAAAAAAACFEIABAAAAAAAACiEAAwAAAAAAABRCAAYAAAAAAAAohAAMAAAAAAAAUAgBGAAAAAAAAKAQAjAAAAAAAABAIQRgAAAAAAAAgEIIwAAAAAAAAACFEIABAAAAAAAACiEAAwAAAAAAABRCAAYAAAAAAAAohAAMAAAAAAAAUAgBGAAAAAAAAKAQAjAAAAAAAABAIQRgAAAAAAAAgEIIwAAAAAAAAACFEIABAAAAAAAACiEAAwAAAAAAABRCAAYAAAAAAAAohAAMAAAAAAAAUAgBGAAAAAAAAKAQAjAAAAAAAABAIQRgAAAAAAAAgEIIwAAAAAAAAACFEIABAAAAAAAACiEAAwAAAAAAABRCAAYAAAAAAAAohAAMAAAAAAAAUAgBGAAAAAAAAKAQAjAAAAAAAABAIQRgAAAAAAAAgEIIwAAAAAAAAACFEIABAAAAAAAACiEAAwAAAAAAABRCAAYAAAAAAAAohAAMAAAAAAAAUAgBGAAAAAAAAKAQAjAAAAAAAABAIQRgAAAAAAAAgEIIwAAAAAAAAACFEIABAAAAAAAACiEAAwAAAAAyMQLYAAAZ40lEQVQAABRCAAYAAAAAAAAohAAMAAAAAAAAUAgBGAAAAAAAAKAQAjAAAAAAAABAIQRgAAAAAAAAgEIIwAAAAAAAAACFEIABAAAAAAAACiEAAwAAAAAAABRCAAYAAAAAAAAohAAMAAAAAAAAUAgBGAAAAAAAAKAQAjAAAAAAAABAIQRgAAAAAAAAgEIIwAAAAAAAAACFEIABAAAAAAAACiEAAwAAAAAAABRCAAYAAAAAAAAohAAMAAAAAAAAUAgBGAAAAAAAAKAQAjAAAAAAAABAIQRgAAAAAAAAgEIIwAAAAAAAAACFEIABAAAAAAAACiEAAwAAAAAAABRCAAYAAAAAAAAohAAMAAAAAAAAUAgBGAAAAAAAAKAQAjAAAAAAAABAIQRgAAAAAAAAgEIIwAAAAAAAAACFEIABAAAAAAAACiEAAwAAAAAAABRCAAYAAAAAAAAohAAMAAAAAAAAUAgBGAAAAAAAAKAQAjAAAAAAAABAIQRgAAAAAAAAgEIIwAAAAAAAAACFEIABAAAAAAAACiEAAwAAAAAAABRCAAYAAAAAAAAohAAMAAAAAAAAUAgBGAAAAAAAAKAQAjAAAAAAAABAIQRgAAAAAAAAgEIIwAAAAAAAAACFEIABAAAAAAAACiEAAwAAAAAAABRCAAYAAAAAAAAohAAMAAAAAAAAUAgBGAAAAAAAAKAQAjAAAAAAAABAIQRgAAAAAAAAgEIIwAAAAAAAAACFEIABAAAAAAAACiEAAwAAAAAAABRCAAYAAAAAAAAohAAMAAAAAAAAUAgBGAAAAAAAAKAQAjAAAAAAAABAIQRgAAAAAAAAgEIIwAAAAAAAAACFEIABAAAAAAAACiEAAwAAAAAAABRCAAYAAAAAAAAohAAMAAAAAAAAUAgBGAAAAAAAAKAQAjAAAAAAAABAIQRgAAAAAAAAgEIIwAAAAAAAAACFEIABAAAAAAAACiEAAwAAAAAAABRCAAYAAAAAAAAohAAMAAAAAAAAUAgBGAAAAAAAAKAQAjAAAAAAAABAIQRgAAAAAAAAgEIIwAAAAAAAAACFEIABAAAAAAAACiEAAwAAAAAAABRCAAYAAAAAAAAohAAMAAAAAAAAUAgBGAAAAAAAAKAQAjAAAAAAAABAIQRgAAAAAAAAgEIIwAAAAAAAAACFEIABAAAAAAAACiEAAwAAAAAAABRCAAYAAAAAAAAohAAMAAAAAAAAUAgBGAAAAAAAAKAQAjAAAAAAAABAIQRgAAAAAAAAgEIIwAAAAAAAAACFEIABAAAAAAAACiEAAwAAAAAAABRCAAYAAAAAAAAohAAMAAAAAAAAUAgBGAAAAAAAAKAQAjAAAAAAAABAIQRgAAAAAAAAgEIIwAAAAAAAAACFEIABAAAAAAAACiEAAwAAAAAAABRCAAYAAAAAAAAohAAMAAAAAAAAUAgBGAAAAAAAAKAQAjAAAAAAAABAIQRgAAAAAAAAgEIIwAAAAAAAAACFEIABAAAAAAAACiEAAwAAAAAAABRCAAYAAAAAAAAohAAMAAAAAAAAUAgBGAAAAAAAAKAQAjAAAAAAAABAIQRgAAAAAAAAgEIIwAAAAAAAAACFEIABAAAAAAAACiEAAwAAAAAAABRCAAYAAAAAAAAohAAMAAAAAAAAUAgBGAAAAAAAAKAQAjAAAAAAAABAIQRgAAAAAAAAgEIIwAAAAAAAAACFEIABAAAAAAAACiEAAwAAAAAAABRCAAYAAAAAAAAohAAMAAAAAAAAUAgBGAAAAAAAAKAQAjAAAAAAAABAIQRgAAAAAAAAgEIIwAAAAAAAAACFEICB/9eeHcgAAAAADPK3vsdXGgEAAAAAADAhgAEAAAAAAAAmBDAAAAAAAADAhAAGAAAAAAAAmBDAAAAAAAAAABMCGAAAAAAAAGBCAAMAAAAAAABMCGAAAAAAAACACQEMAAAAAAAAMCGAAQAAAAAAACYEMAAAAAAAAMCEAAYAAAAAAACYEMAAAAAAAAAAEwIYAAAAAAAAYEIAAwAAAAAAAEwIYAAAAAAAAIAJAQwAAAAAAAAwIYABAAAAAAAAJgQwAAAAAAAAwIQABgAAAAAAAJgQwAAAAAAAAAATAhgAAAAAAABgQgADAAAAAAAATAhgAAAAAAAAgAkBDAAAAAAAADAhgAEAAAAAAAAmBDAAAAAAAADAhAAGAAAAAAAAmBDAAAAAAAAAABMCGAAAAAAAAGBCAAMAAAAAAABMCGAAAAAAAACACQEMAAAAAAAAMCGAAQAAAAAAACYEMAAAAAAAAMCEAAYAAAAAAACYEMAAAAAAAAAAEwIYAAAAAAAAYEIAAwAAAAAAAEwIYAAAAAAAAIAJAQwAAAAAAAAwIYABAAAAAAAAJgQwAAAAAAAAwIQABgAAAAAAAJgQwAAAAAAAAAATAhgAAAAAAABgQgADAAAAAAAATAhgAAAAAAAAgAkBDAAAAAAAADAhgAEAAAAAAAAmBDAAAAAAAADAhAAGAAAAAAAAmBDAAAAAAAAAABMCGAAAAAAAAGBCAAMAAAAAAABMCGAAAAAAAACACQEMAAAAAAAAMCGAAQAAAAAAACYEMAAAAAAAAMCEAAYAAAAAAACYEMAAAAAAAAAAEwIYAAAAAAAAYEIAAwAAAAAAAEwIYAAAAAAAAIAJAQwAAAAAAAAwIYABAAAAAAAAJgQwAAAAAAAAwIQABgAAAAAAAJgQwAAAAAAAAAATAhgAAAAAAABgQgADAAAAAAAATAhgAAAAAAAAgAkBDAAAAAAAADAhgAEAAAAAAAAmBDAAAAAAAADAhAAGAAAAAAAAmBDAAAAAAAAAABMCGAAAAAAAAGBCAAMAAAAAAABMCGAAAAAAAACACQEMAAAAAAAAMCGAAQAAAAAAACYEMAAAAAAAAMCEAAYAAAAAAACYEMAAAAAAAAAAEwIYAAAAAAAAYEIAAwAAAAAAAEwIYAAAAAAAAIAJAQwAAAAAAAAwIYABAAAAAAAAJgQwAAAAAAAAwIQABgAAAAAAAJgQwAAAAAAAAAATAhgAAAAAAABgQgADAAAAAAAATAhgAAAAAAAAgAkBDAAAAAAAADAhgAEAAAAAAAAmBDAAAAAAAADAhAAGAAAAAAAAmBDAAAAAAAAAABMCGAAAAAAAAGBCAAMAAAAAAABMCGAAAAAAAACACQEMAAAAAAAAMCGAAQAAAAAAACYEMAAAAAAAAMCEAAYAAAAAAACYEMAAAAAAAAAAEwIYAAAAAAAAYEIAAwAAAAAAAEwIYAAAAAAAAIAJAQwAAAAAAAAwIYABAAAAAAAAJgQwAAAAAAAAwIQABgAAAAAAAJgQwAAAAAAAAAATAhgAAAAAAABgQgADAAAAAAAATAhgAAAAAAAAgAkBDAAAAAAAADAhgAEAAAAAAAAmBDAAAAAAAADAhAAGAAAAAAAAmBDAAAAAAAAAABMCGAAAAAAAAGBCAAMAAAAAAABMCGAAAAAAAACACQEMAAAAAAAAMCGAAQAAAAAAACYEMAAAAAAAAMCEAAYAAAAAAACYEMAAAAAAAAAAEwIYAAAAAAAAYEIAAwAAAAAAAEwIYAAAAAAAAIAJAQwAAAAAAAAwIYABAAAAAAAAJgQwAAAAAAAAwIQABgAAAAAAAJgQwAAAAAAAAAATAhgAAAAAAABgQgADAAAAAAAATAhgAAAAAAAAgAkBDAAAAAAAADAhgAEAAAAAAAAmBDAAAAAAAADAhAAGAAAAAAAAmBDAAAAAAAAAABMCGAAAAAAAAGBCAAMAAAAAAABMCGAAAAAAAACACQEMAAAAAAAAMCGAAQAAAAAAACYEMAAAAAAAAMCEAAYAAAAAAACYEMAAAAAAAAAAEwIYAAAAAAAAYEIAAwAAAAAAAEwIYAAAAAAAAIAJAQwAAAAAAAAwIYABAAAAAAAAJgQwAAAAAAAAwIQABgAAAAAAAJgQwAAAAAAAAAATAhgAAAAAAABgQgADAAAAAAAATAhgAAAAAAAAgAkBDAAAAAAAADAhgAEAAAAAAAAmBDAAAAAAAADAhAAGAAAAAAAAmBDAAAAAAAAAABMCGAAAAAAAAGBCAAMAAAAAAABMCGAAAAAAAACACQEMAAAAAAAAMCGAAQAAAAAAACYEMAAAAAAAAMCEAAYAAAAAAACYEMAAAAAAAAAAEwIYAAAAAAAAYEIAAwAAAAAAAEwIYAAAAAAAAIAJAQwAAAAAAAAwIYABAAAAAAAAJgQwAAAAAAAAwIQABgAAAAAAAJgQwAAAAAAAAAATAhgAAAAAAABgQgADAAAAAAAATAhgAAAAAAAAgAkBDAAAAAAAADAhgAEAAAAAAAAmBDAAAAAAAADAhAAGAAAAAAAAmBDAAAAAAAAAABMCGAAAAAAAAGBCAAMAAAAAAABMCGAAAAAAAACACQEMAAAAAAAAMCGAAQAAAAAAACYEMAAAAAAAAMCEAAYAAAAAAACYEMAAAAAAAAAAEwIYAAAAAAAAYEIAAwAAAAAAAEwIYAAAAAAAAIAJAQwAAAAAAAAwIYABAAAAAAAAJgQwAAAAAAAAwIQABgAAAAAAAJgQwAAAAAAAAAATAhgAAAAAAABgQgADAAAAAAAATAhgAAAAAAAAgAkBDAAAAAAAADAhgAEAAAAAAAAmBDAAAAAAAADAhAAGAAAAAAAAmBDAAAAAAAAAABMCGAAAAAAAAGBCAAMAAAAAAABMCGAAAAAAAACACQEMAAAAAAAAMCGAAQAAAAAAACYEMAAAAAAAAMCEAAYAAAAAAACYEMAAAAAAAAAAEwIYAAAAAAAAYEIAAwAAAAAAAEwIYAAAAAAAAIAJAQwAAAAAAAAwIYABAAAAAAAAJgQwAAAAAAAAwIQABgAAAAAAAJgQwAAAAAAAAAATAhgAAAAAAABgQgADAAAAAAAATAhgAAAAAAAAgAkBDAAAAAAAADAhgAEAAAAAAAAmBDAAAAAAAADAhAAGAAAAAAAAmBDAAAAAAAAAABMCGAAAAAAAAGBCAAMAAAAAAABMCGAAAAAAAACACQEMAAAAAAAAMCGAAQAAAAAAACYEMAAAAAAAAMCEAAYAAAAAAACYEMAAAAAAAAAAEwIYAAAAAAAAYEIAAwAAAAAAAEwIYAAAAAAAAIAJAQwAAAAAAAAwIYABAAAAAAAAJgQwAAAAAAAAwIQABgAAAAAAAJgQwAAAAAAAAAATAhgAAAAAAABgQgADAAAAAAAATAhgAAAAAAAAgAkBDAAAAAAAADAhgAEAAAAAAAAmBDAAAAAAAADAhAAGAAAAAAAAmBDAAAAAAAAAABMCGAAAAAAAAGBCAAMAAAAAAABMCGAAAAAAAACACQEMAAAAAAAAMCGAAQAAAAAAACYEMAAAAAAAAMCEAAYAAAAAAACYEMAAAAAAAAAAEwIYAAAAAAAAYEIAAwAAAAAAAEwIYAAAAAAAAIAJAQwAAAAAAAAwIYABAAAAAAAAJgQwAAAAAAAAwIQABgAAAAAAAJgQwAAAAAAAAAATAhgAAAAAAABgQgADAAAAAAAATAhgAAAAAAAAgAkBDAAAAAAAADAhgAEAAAAAAAAmBDAAAAAAAADAhAAGAAAAAAAAmBDAAAAAAAAAABMCGAAAAAAAAGBCAAMAAAAAAABMCGAAAAAAAACACQEMAAAAAAAAMCGAAQAAAAAAACYEMAAAAAAAAMCEAAYAAAAAAACYEMAAAAAAAAAAEwIYAAAAAAAAYEIAAwAAAAAAAEwIYAAAAAAAAIAJAQwAAAAAAAAwIYABAAAAAAAAJgQwAAAAAAAAwIQABgAAAAAAAJgQwAAAAAAAAAATAhgAAAAAAABgQgADAAAAAAAATAhgAAAAAAAAgAkBDAAAAAAAADAhgAEAAAAAAAAmBDAAAAAAAADAhAAGAAAAAAAAmBDAAAAAAAAAABMCGAAAAAAAAGBCAAMAAAAAAABMCGAAAAAAAACACQEMAAAAAAAAMCGAAQAAAAAAACYEMAAAAAAAAMCEAAYAAAAAAACYEMAAAAAAAAAAEwIYAAAAAAAAYEIAAwAAAAAAAEwIYAAAAAAAAIAJAQwAAAAAAAAwIYABAAAAAAAAJgQwAAAAAAAAwIQABgAAAAAAAJgQwAAAAAAAAAATAhgAAAAAAABgQgADAAAAAAAATAhgAAAAAAAAgAkBDAAAAAAAADAhgAEAAAAAAAAmBDAAAAAAAADAhAAGAAAAAAAAmBDAAAAAAAAAABMCGAAAAAAAAGBCAAMAAAAAAABMCGAAAAAAAACACQEMAAAAAAAAMCGAAQAAAAAAACYEMAAAAAAAAMCEAAYAAAAAAACYEMAAAAAAAAAAEwIYAAAAAAAAYEIAAwAAAAAAAEwIYAAAAAAAAIAJAQwAAAAAAAAwIYABAAAAAAAAJgQwAAAAAAAAwIQABgAAAAAAAJgQwAAAAAAAAAATAhgAAAAAAABgQgADAAAAAAAATAhgAAAAAAAAgAkBDAAAAAAAADAhgAEAAAAAAAAmBDAAAAAAAADAhAAGAAAAAAAAmBDAAAAAAAAAABMCGAAAAAAAAGBCAAMAAAAAAABMCGAAAAAAAACACQEMAAAAAAAAMCGAAQAAAAAAACYEMAAAAAAAAMCEAAYAAAAAAACYEMAAAAAAAAAAEwIYAAAAAAAAYEIAAwAAAAAAAEwIYAAAAAAAAIAJAQwAAAAAAAAwIYABAAAAAAAAJgQwAAAAAAAAwIQABgAAAAAAAJgQwAAAAAAAAAATAhgAAAAAAABgQgADAAAAAAAATAhgAAAAAAAAgAkBDAAAAAAAADAhgAEAAAAAAAAmBDAAAAAAAADAhAAGAAAAAAAAmBDAAAAAAAAAABMCGAAAAAAAAGBCAAMAAAAAAABMCGAAAAAAAACACQEMAAAAAAAAMCGAAQAAAAAAACYEMAAAAAAAAMCEAAYAAAAAAACYEMAAAAAAAAAAEwIYAAAAAAAAYEIAAwAAAAAAAEwIYAAAAAAAAIAJAQwAAAAAAAAwIYABAAAAAAAAJgQwAAAAAAAAwIQABgAAAAAAAJgQwAAAAAAAAAATAhgAAAAAAABgQgADAAAAAAAATAhgAAAAAAAAgAkBDAAAAAAAADAhgAEAAAAAAAAmBDAAAAAAAADAhAAGAAAAAAAAmBDAAAAAAAAAABMCGAAAAAAAAGBCAAMAAAAAAABMCGAAAAAAAACACQEMAAAAAAAAMCGAAQAAAAAAACYEMAAAAAAAAMCEAAYAAAAAAACYEMAAAAAAAAAAEwIYAAAAAAAAYEIAAwAAAAAAAEwIYAAAAAAAAIAJAQwAAAAAAAAwIYABAAAAAAAAJgQwAAAAAAAAwIQABgAAAAAAAJgQwAAAAAAAAAATAhgAAAAAAABgQgADAAAAAAAATAhgAAAAAAAAgAkBDAAAAAAAADAhgAEAAAAAAAAmBDAAAAAAAADAhAAGAAAAAAAAmBDAAAAAAAAAABMCGAAAAAAAAGBCAAMAAAAAAABMCGAAAAAAAACACQEMAAAAAAAAMCGAAQAAAAAAACYEMAAAAAAAAMCEAAYAAAAAAACYEMAAAAAAAAAAEwIYAAAAAAAAYEIAAwAAAAAAAEwIYAAAAAAAAIAJAQwAAAAAAAAwIYABAAAAAAAAJgQwAAAAAAAAwIQABgAAAAAAAJgQwAAAAAAAAAATAhgAAAAAAABgQgADAAAAAAAATAhgAAAAAAAAgAkBDAAAAAAAADAhgAEAAAAAAAAmBDAAAAAAAADAhAAGAAAAAAAAmBDAAAAAAAAAABMCGAAAAAAAAGBCAAMAAAAAAABMCGAAAAAAAACACQEMAAAAAAAAMCGAAQAAAAAAACYEMAAAAAAAAMCEAAYAAAAAAACYEMAAAAAAAAAAEwIYAAAAAAAAYEIAAwAAAAAAAEwIYAAAAAAAAIAJAQwAAAAAAAAwIYABAAAAAAAAJgQwAAAAAAAAwIQABgAAAAAAAJgQwAAAAAAAAAATAhgAAAAAAABgQgADAAAAAAAATAhgAAAAAAAAgAkBDAAAAAAAADAhgAEAAAAAAAAmBDAAAAAAAADAhAAGAAAAAAAAmBDAAAAAAAAAABMCGAAAAAAAAGBCAAMAAAAAAABMCGAAAAAAAACACQEMAAAAAAAAMCGAAQAAAAAAACYEMAAAAAAAAMCEAAYAAAAAAACYEMAAAAAAAAAAEwIYAAAAAAAAYEIAAwAAAAAAAEwIYAAAAAAAAIAJAQwAAAAAAAAwIYABAAAAAAAAJgQwAAAAAAAAwIQABgAAAAAAAJgQwAAAAAAAAAATAhgAAAAAAABgQgADAAAAAAAATAhgAAAAAAAAgAkBDAAAAAAAADAhgAEAAAAAAAAmBDAAAAAAAADAhAAGAAAAAAAAmBDAAAAAAAAAABMCGAAAAAAAAGBCAAMAAAAAAABMCGAAAAAAAACACQEMAAAAAAAAMCGAAQAAAAAAACYEMAAAAAAAAMCEAAYAAAAAAACYEMAAAAAAAAAAEwIYAAAAAAAAYEIAAwAAAAAAAEwIYAAAAAAAAIAJAQwAAAAAAAAwIYABAAAAAAAAJgQwAAAAAAAAwIQABgAAAAAAAJgQwAAAAAAAAAATAhgAAAAAAABgQgADAAAAAAAATAhgAAAAAAAAgAkBDAAAAAAAADAhgAEAAAAAAAAmBDAAAAAAAADAhAAGAAAAAAAAmBDAAAAAAAAAABMCGAAAAAAAAGBCAAMAAAAAAABMCGAAAAAAAACACQEMAAAAAAAAMCGAAQAAAAAAACYEMAAAAAAAAMCEAAYAAAAAAACYEMAAAAAAAAAAEwIYAAAAAAAAYEIAAwAAAAAAAEwIYAAAAAAAAIAJAQwAAAAAAAAwETSWqQXWYnTbAAAAAElFTkSuQmCC' height='250' width='300'/> ]]>
  </system-out>
</testsuite> <!-- com.tribu.qaselenium.tests.beerpassion.BPContentTests -->
