<?xml version="1.0" encoding="UTF-8"?>
<!-- Generated by org.testng.reporters.JUnitReportReporter -->
<testsuite hostname="station" failures="0" tests="1" name="com.tribu.qaselenium.tests.apimazaprendo.MACreateF2FLessonTests" time="29.701" errors="1" timestamp="2022-04-06T12:39:34 COT" skipped="0">
  <testcase classname="com.tribu.qaselenium.tests.apimazaprendo.MACreateF2FLessonTests" name="createF2FLesson" time="29.701">
    <error type="java.lang.NullPointerException">
      <![CDATA[java.lang.NullPointerException
at org.openqa.selenium.support.ui.ExpectedConditions.elementIfVisible(ExpectedConditions.java:314)
at org.openqa.selenium.support.ui.ExpectedConditions.access$000(ExpectedConditions.java:43)
at org.openqa.selenium.support.ui.ExpectedConditions$10.apply(ExpectedConditions.java:300)
at org.openqa.selenium.support.ui.ExpectedConditions$10.apply(ExpectedConditions.java:297)
at org.openqa.selenium.support.ui.FluentWait.until(FluentWait.java:249)
at com.tribu.qaselenium.testframework.pagebase.GUtils.waitForVisibilityOf(GUtils.java:37)
at com.tribu.qaselenium.testframework.pagebase.BasePO.type(BasePO.java:153)
at com.tribu.qaselenium.tests.apimazaprendo.MACreateF2FLessonTests.createF2FLesson(MACreateF2FLessonTests.java:47)
at java.base/jdk.internal.reflect.NativeMethodAccessorImpl.invoke0(Native Method)
at java.base/jdk.internal.reflect.NativeMethodAccessorImpl.invoke(NativeMethodAccessorImpl.java:62)
at java.base/jdk.internal.reflect.DelegatingMethodAccessorImpl.invoke(DelegatingMethodAccessorImpl.java:43)
at java.base/java.lang.reflect.Method.invoke(Method.java:566)
at org.testng.internal.MethodInvocationHelper.invokeMethod(MethodInvocationHelper.java:133)
at org.testng.internal.TestInvoker.invokeMethod(TestInvoker.java:598)
at org.testng.internal.TestInvoker.invokeTestMethod(TestInvoker.java:173)
at org.testng.internal.MethodRunner.runInSequence(MethodRunner.java:46)
at org.testng.internal.TestInvoker$MethodInvocationAgent.invoke(TestInvoker.java:824)
at org.testng.internal.TestInvoker.invokeTestMethods(TestInvoker.java:146)
at org.testng.internal.TestMethodWorker.invokeTestMethods(TestMethodWorker.java:146)
at org.testng.internal.TestMethodWorker.run(TestMethodWorker.java:128)
at java.base/java.util.ArrayList.forEach(ArrayList.java:1541)
at org.testng.TestRunner.privateRun(TestRunner.java:794)
at org.testng.TestRunner.run(TestRunner.java:596)
at org.testng.SuiteRunner.runTest(SuiteRunner.java:377)
at org.testng.SuiteRunner.runSequentially(SuiteRunner.java:371)
at org.testng.SuiteRunner.privateRun(SuiteRunner.java:332)
at org.testng.SuiteRunner.run(SuiteRunner.java:276)
at org.testng.SuiteRunnerWorker.runSuite(SuiteRunnerWorker.java:53)
at org.testng.SuiteRunnerWorker.run(SuiteRunnerWorker.java:96)
at org.testng.TestNG.runSuitesSequentially(TestNG.java:1212)
at org.testng.TestNG.runSuitesLocally(TestNG.java:1134)
at org.testng.TestNG.runSuites(TestNG.java:1063)
at org.testng.TestNG.run(TestNG.java:1031)
at org.testng.remote.AbstractRemoteTestNG.run(AbstractRemoteTestNG.java:115)
at org.testng.remote.RemoteTestNG.initAndRun(RemoteTestNG.java:251)
at org.testng.remote.RemoteTestNG.main(RemoteTestNG.java:77)
]]>
    </error>
  </testcase> <!-- createF2FLesson -->
  <system-out>
    <![CDATA[ <img src='data:image/png;base64,iVBORw0KGgoAAAANSUhEUgAAB4AAAAOiCAYAAACRicroAAAAAXNSR0IArs4c6QAAIABJREFUeJzs3Xd4FNXixvE3PSFAEjoB1AREIQG5Ik1ApCsI6DUIKniVS7kqRSyUewUVRQQsdJUIokFQQECKioQqCQRNDCVBERKlhdDSC6T9/siz88um9w3h+3keHrMzs2fOzuwU951zjtXAgQOzhFvOgQMHLF0FAAAAAAAAAAAAAPk4c+ZMqd9rXY71AAAAAAAAAAAAAABYEAEwAAAAAAAAAAAAAFQTBMAAAAAAAAAAAAAAUE0QAAMAAAAAAAAAAABANUEADAAAAAAAAAAAAADVBAEwAAAAAAAAAAAAANwktmzZUuh8AmAAAAAAAAAAAAAAuAmYwt/CQmDbrKysyqoPAAAAAAAAAAAAAKAUcoe+W7Zs0eDBg/MsRwAMAAAAAAAAAAAAAFVYQS1+8wuBixUAjxgxQk8//XS5VO6rr77S6tWry6UsWN7bb7+trKwszZw509JVqfY8PDz0xBNPqHPnzpKkQ4cOad26dYqMjLRwzQAAAAAAAAAAAFCR8mvpW5BiBcDlFf6ayvLz8yu38mA5Hh4e8vb2Nv4miKw43t7eevvtt82mde7cWZ07d9aMGTN0/PhxC9UMAAAAAAAAAAAAVYl1VlaWivqXlJRUbitMSkoqcn38q/h/5eGRRx7J92+Uv/Hjx5dqHgAAAAAAAAAAAG4txWoBPH/+fP3zn/8slxVu3Lix3AJIWI6zs7N69eplvO7Vq5dWrlxZrg8LIJuHh4caNmxY4PyGDRvSAhsAAAAAAAAAAACSihkABwQEKCAgoBKqg5tFz5498522bds2C9SmenN2di6XZQAAAAAAAAAAAFD9FasLaEv9++yzz7Rz507NmTOnyGVHjhypnTt36r777ivxenr06KGdO3fqscceK9byK1eu1ObNm4u1bMuWLTVgwACLb8vy7gI6vy6fy6sb6KCgIMXGxmrjxo155tWtW1fTpk2TnZ1dkeUMGTJEsbGxmjBhQrnUy1LuuOOOIpepX79+qcru0aOHjhw5otjYWA0cONBs3vDhwxUaGqro6Gjt3r3bGO9Zkv7xj39o9+7dunjxokJDQ816CKhTp47WrFmjc+fOKSIiQm+++aYxz8rKSrNmzdKpU6cUFRUlPz8/ubq6Vug6i/qcAAAAAAAAAAAAVVVoaGix/5nYWrC+hbrzzjt1++23KygoSB06dFCdOnV07dq1ClnXsWPH9MYbbygiIqJYyy9atEj29vbFWvbpp59WvXr1tH379rJU0WBlZVVpXWg3aNCgwPFl8+uSuGHDhpo1a1a+yy9ZskSXLl0qcp3t2rXTXXfdpZ9++km9e/dWw4YNFR0dbcwfNmyYpk2bpsWLFystLa3QsoKCgvT0008rPDy8yPVWZX/99VeRy1y+fLnE5b7wwguaNWtWvt97b29vffzxxwoKCtLy5cv1yiuvaPXq1Wrfvr1sbW21du1aZWZm6q233tKwYcPk6+uro0eP6tSpU1q4cKH69eunuXPn6u6779ZLL72k06dPy8/PT2PHjtXEiRP11Vdf6fz583rttdeUnJyscePGVdg6C/ucAAAAAAAAAAAA1U2xuoBu2LCh+vfvXy4r3LFjh1mgV5A+ffooKSlJCxcu1OrVq9WzZ09t2LDBmH/bbbfptddeU/PmzRUeHq4zZ85IkrKyslS/fn2tXbtW33//vaytrdWzZ09FRUXprbfe0tNPP63u3bsrMjJSb7zxhq5cuaI2bdro9ddf17Jly/Ttt99q9erVSk9P15o1azR69GjZ29vru+++0+effy5JmjhxourUqaPBgwfL2tpaY8eOVc+ePeXi4qKoqCitWbNGO3fu1KpVq9SsWTNJkr+/v3x8fLR48WKlp6drz549Gj58uEaOHKmkpCRNnDhRnTt3lq2trY4dO6YPP/xQV65cUd++fTVt2jT5+vrqoYce0rFjx/TBBx+Uy74oirOzs9q0aVOi9xS0fHG7KB42bJji4+P16quvKjQ0VD4+Plq6dKkk6aOPPtJzzz0nSTp//rxGjRqln376SfPnz1f//v1lZ2engwcPatKkSYqKilKnTp30xRdfaMaMGVq8eLFq1aqlGTNm6OGHH5arq6v++OMPzZ49W3v27JEkdezYUW+//ba8vb2VlpamvXv36uWXX66wBw+KqzjjKpdm7OXr16+rV69e6tWrV54Ws48//risrKw0ffp0/fbbb6pTp45effVVdezYUU5OTmrUqJFmzpypjz/+WCdOnNDmzZv12GOPacmSJXr44Ye1e/duzZ8/X46Ojho8eLB8fHzk5+cnHx8fxcfHa8KECcrMzNQDDzygwYMHa/z48RW2zsI+JwAAAAAAAAAAQHVTrAD4o48+yrfFZ2n0799fTz31VKHLWFtbq1evXgoICNDFixd19OhR9e3bV+vXrzeWmT59ulq0aKFFixYZAaqUHQDfuHFDUna3r76+vkpKStLjjz+ujz76SF9++aWuXLmi4cOHa9iwYVqyZInRotbUPXJ6eroaNGige++9V/PmzdOLL76oESNGaN++fTp9+rRRh6ysLPXr109Dhw7Vxx9/rGPHjumJJ57Q888/r+DgYM2aNUvLli1TVFSU5s6dq7i4OKWnp6tevXpq3bq1lixZooSEBP3nP/9Rv379tHDhQiUkJOj111/Xf/7zH7399ttGK9fHH39c3377rcLDwyutBXBkZKQWLVpkbNvSWrRokSIjI4tczsbGRj4+Ptq+fbvOnDmjgIAADRs2zAiAFyxYIG9vb3Xo0EGDBg3S8ePHNWvWLD355JN69dVXFRMToxUrVmj27NkaNWpUnvKXLFmiIUOGaNasWQoLC9Mbb7yh9evXq3v37jpx4oQ+//xzXbt2Tf/85z9Vt25dLVu2TJMnT9aMGTPK9PnLKjIyUtHR0QUeg9HR0cXavrmtWLFCktSrV68885o3by5J+vvvv406SFLLli3l4OBQ4DwPDw/Z2toa81JTU3Xx4kW1bNlSktSiRQudP39emZmZxns7d+6sZs2aVdg6C/ucAAAAAAAAAAAA1U2xxgAur/BXkho1alTk+u677z65ubnpt99+U7169RQcHKwWLVro9ttvV1ZWlurUqaOWLVvq+PHj+u677+Tv7699+/blWdfZs2f13Xffae3atZKkq1evatOmTVqzZo0kqVmzZnnCVNNre3t7LVq0SIcPH9b3338vSfLw8DBbPisrywimWrVqJVdXV3344Yd69NFHdeXKFZ06dUpSdiAVHh6u9PR0SZKTk5PmzJmjrVu3KiUlRStWrNDjjz+uzZs3a9euXUpKSlLz5s3N1hUQEKA1a9YoNDS0UscA3rNnj2bMmKHExMRiv8ckMTFRM2bMMFrYFqVXr16qX7++Dhw4IHd3d+3du1dt27bV3XffLSk7/IuPj5ckhYSEKCYmRm+//bZatmypzz77TN9++63i4+PNxo01qVOnjoYMGaKgoCB9+OGH2rFjh+bMmSNbW1sNGzZMklSjRg01btxY99xzj86cOSMPDw+Lh78mhw8fLtW80qpZs6YkGQ9TXL9+XVL2NjK15jZNK2yeqYwaNWpIym4JnnOe6W9nZ+cKWycAAAAAAAAAAMCtpFgBcM5Bg8uqOAFm3759JUlTp07VunXr9O9//1uS1LdvX2VlZcnV1VVSdqBreo9pfNmcAeeVK1eUlZVldI9rWt702s7Ozmz5nHVISkpSQkKCsrKylJCQkGd507+tW7fqu+++U6dOnfTuu+9q06ZNmj59umxtbQv8fCkpKWZ1v+eee/T+++/rxx9/1I4dO+Ts7CwbGxuzup09e7Zcgt+SBsCSdPz4cc2cObNEIXBiYqJmzpyp48ePF/s9w4cPlyQtXbpU4eHhRvhqmp6f7t27a/PmzYqKilJ0dLRq164tOzu7PMuZuuI+e/asMe38+fOSpCZNmkjKHq/58uXLmjdvng4cOKAjR46oZ8+exa5/Rdq2bVup5pWWaV+bHnBwdHSUlN3VtOn4MU0rbJ6pDNP0pKQks3mmvxMTEytsnQAAAAAAAAAAALcS2+Is9NJLL6ldu3blssKiwmQnJyd169ZNISEhZl0+jx49Wn369NHy5csVFxcnSapbt64xv1GjRuVSv5JKS0vTggULtGjRIjVv3lyPPvqoBgwYoEOHDmn37t35vicjI8P4297eXq+//rquXbsmHx8fJScnGy2OczJ1mWspkZGRmjlzpmbNmmW01CyIKfwtSbfENWvW1IABA7Rv3z4tW7bMmD5jxgz5+PjkO3arg4ODfH19FR0drVatWikxMdEs4M3JNN0U9krZ40jnnBcYGKguXbqofv366tq1q+bNm6d58+apQ4cOxf4cFeXSpUs6fvx4ntbNx48fNx5+KE8nT56UJHl6eurq1atG98wnTpwwWtx6eHgYy5jmRUZGKi0tzZjm7OysRo0aaf/+/ZKkP/74Q23atJGtra3S09PVvHlzJSUl6cyZMxW2TgAAAAAAAAAAgFtJscYAlqTffvutgquSrUePHnJwcNDOnTsVGBhoTG/ZsqWee+45tWvXTr/99ptOnz4tb29vDR48WCkpKerWrZsk5WnhWpLX+c3L/d/c8//zn/9o0KBBevfddxUdHa0rV65IkpKTk43xiJs0aaKuXbsqODg4T9nW1tays7OTnZ2dmjZtqt69eystLU0uLi667bbbCly3JRQ30K1Zs2aJx6QdMmSInJyctH79eu3YscOY3q5dO02fPl3du3fXzz//rJSUFEnZrXX37dsne3t72dvbq0WLFnr88cd1/fp1o4vwnK5du6bvvvtOgwcP1vjx43Xy5ElNnz5dqampWr16tRo1aqTAwEDt3r1bS5Ys0aVLl5ScnFytW5F26NBB7u7uat26tfHa1tZWISEh2rBhgyZPnqzZs2dr27Zteu655/Tnn3/q119/la2trc6ePatx48YpLS1Nw4YN040bN7Rx40alpKRo69atGjJkiKZNm6bWrVvL1tbW6Hb9m2++UefOnbVkyRJdvHhRHTp00KpVq5SRkVFh6yzscxb0wAAAAAAAAAAAAMDNqlhdQFfmv379+kmSDh06ZDb94MGDkv6/G+h33nlHp0+f1osvvqg+ffpo8+bNkv6/m2aT4gTAORW2bH7z16xZo6CgIE2dOlWffPKJevfurY8//liBgYHKysrShg0bZGtrq4kTJ8rFxSVP2cnJyfr4449lZ2enuXPnKi4uTosWLZKdnZ0mTpyYZ92W6ALaxMPDo8jWvzmXLQnTOLw7d+40m/7TTz9Jkp544glJ0pdffqlr165p6tSpat26tWbOnCkHBwetX79e165d0/Tp02Vvb6958+blWcf48eO1YsUKvfDCC1qxYoWuXbumRx99VBEREbp48aKmTZsmLy8v/fjjj1qzZo1OnTql0aNHl+hzVBRnZ2fdcccdeabfcccdRuvYknrppZf0xRdfGNvW9Lp79+76/fffNXbsWDVs2FCvv/66fv/9dz311FPKyspSWlqann76aUVFRWnmzJmqUaOG/vWvf+nvv/+WJL388sv6/vvvNWnSJN1///2aPXu2NmzYIEn6/PPPtWDBAvXv319jxozR+vXr9b///U+SKmydhX1OAAAAAAAAAACA6saqW7dulm1WCos4duxYid/zyCOPGOMxF2XFihUVMjZtSTz66KNatWqVZsyYocWLF1u0LmXRs2dPDRs2TA0bNsx3fnR0tL755hvt2bOnkmsGAAAAAAAAAACAinDmzBlJRQ+vm5NpSN9idQE9atQojRo1qnS1y2XlypVauXJluZSFypV7/FlJCgoKkiR16tQpz7KWDIA9PDw0YMAASVJMTIzF6lFaDRo00BNPPKFOnToV2eq6YcOGmjhxokaNGqWgoCCtW7euQsYFBgAAAAAAAAAAQNVX7AC4vIwaNUorVqwot/JQeby8vIy/ExMTtXLlSqPVac+ePTVq1CgjrMy5rCX069dPjz32mIKCgrRlyxaL1qWkcm/L4qpZs6Z69+6tTp06me0bAAAAAAAAAAAA3Dqsi7NQYmJiua2wPMtC5WnQoIERSB4/flyvvPKKWcC4Z88evfLKKzp+/Lik7DCyQYMGFqmrJH366aeqX7+++vfvr/j4eIvVo6QaNGigiRMnljj8zalmzZqaOHGiRbc/AAAAAAAAAAAALKNYLYDfeecdDRs2rFxW+M0336g460TVkpSUpKCgIB0/frzArp0vXbqkGTNm6JFHHpG3t7eSkpIquZbVgylEBwAAAAAAAAAAAErKqnPnzqSxt6ATJ05YugoAAAAAAAAAAAAA8nHmzBlJUmhoaLHf065dO0nFbAEMAAAAAAAAAAAAAKj6CIABAAAAAAAAAAAAoJogAAYAAAAAAAAAAACAaoIAGAAAAAAAAAAAAACqCQJgAAAAAAAAAAAAAKgmCIABAAAAAAAAAAAAoJqwzczMNF5YWVlZsCoAAAAAAAAAAAAAcGsp7wa7thVZOKou9jUAAAAAAAAAAABQ/dAF9C2K/Q4AAAAAAAAAAABUPWXttdk2NDS0nKoCS4iIiJCnp6elq4EyYj9WH+zLqoH9gILw3aj62EdVH/uocrCdAQAAAACoWIcPH5a3t7elq1Gg9PT0Ur/XuhzrAQAAAAAAAAAAAACwIAJgAAAAAAAAAAAAAKgmCIABAAAAAAAAAAAAoJogAAYAAAAAAAAAAACAaoIAGAAAAAAAAAAAAACqCQJgAAAAAAAAAAAAAKgmCIABAAAAAAAAAAAAoJogAAYAAAAAAAAAAACAaoIAGAAAAAAAAAAAAACqCVtLVwBA2WzdulUhISGaOHGi3NzcLF0dlEJMTIzmzZuXZ7qbm5umTJligRrdur788kudOHFCjo6O8vLy0v333y93d3dLVwsWlpKSou3btysiIsL4bvTu3dvS1UIhgoODtWHDBrNpPj4+at++vYVqBAAAAAAAAFSeEgfAMTExeX5Q8/DwUJ8+fRQRESFPT89yqxwqz4ULFxQYGChJBB43keDgYGO/+fn5aeLEiRauEUojJiamRNNRcYYOHarly5fr4sWLCg4OVnBwMKERtG3bNoWEhBivo6KilJWVpT59+liwVihMfudPzqlVQ0pKik6cOKELFy4oKipKktS4cWO5u7urVatWcnJysnANAQAAAAAAbn6lCoAjIiLMpmVlZUmSfH19+aH8JhQTEyNfX1+lpqZKksLCwmhNehPI3bopKipKGzZskI+PjwVrhdLw9PRUo0aNdPHiRbPp999/v4VqdOtycnLS2LFjjRBYkjZs2CA3NzcecLpFxcTEmIW/JiEhIQTAQAn5+/srICDAuOc0Mf2/haOjo7p160YLewAAAAAAUOWcO3dOVlZWkqQaNWpU+Qyt3McA3rBhg4KDg8u7WFSg4OBgsx/iUlNTFRYWZsEaoSj5dW0pSdeuXeP4u0lNmjRJHh4exuvevXtr0KBBFqzRrSElJSXPNCcnpzzbftu2bZVVJVQxtNAHyi4lJUW+vr7atWuX2T2nq6urXF1djdepqany9/eXr69vvudnAAAAAAAASzl//rzOnTunc+fO5WnMVRVVyBjApmCKlsA3h/yeUqD7vaqroPDXx8dHrVu31vLly42uFHFzcXR0zPdvVJzly5dr6NCheY6XCxcumL2OiopSTExMlX+qC5Xn3nvvtXQVUAYHDhzQ9evXjdeOjo7q2rWrBWtUvfn5+SkyMtJ47eHhoaFDhxrn1JiYGK1fv95YJiIiQqtXr9aYMWMsUl8AAAAAAICbXYUEwFLZQuCMjAxt2bJF+/fv16VLl+Tk5KSWLVtq6NChZi3kSiMuLk6///67OnXqVKZy9u7dq927d2vWrFl55oWGhmrlypVatGhRmdZRWdq3b6+IiAiji8t77723zOH9s88+m6d7P0lq1KiRFixYUOh7//zzT9na2pZ5X+cWGBiotm3bqmbNmuVabmUqLPw17bOxY8dq0aJFGjt2bLmEVUlJSZo8ebKaNm2qmTNnlrm8/Fy+fFnjx4/XmjVrZGNjU+7lF3a8Wsqbb75pFj7ktn37dm3fvt1sWqtWrfTMM8+Uab1r1qzRTz/9pKlTp6pVq1ZlKis/Obf1smXLVKdOHQ0fPrzc11NeLl68KF9fX40ZM8YsBM491IGkcguAg4KCtHXrVv3999+ytrZWs2bNNHDgQHXp0qXMZW/cuFHfffed+vXrp7i4uCqz/fM7xrOysvTpp5/Kzs5OzzzzjOzs7Cxcy/zl9zCGKbySZFw/U1JS5OXlVapgeP369frzzz/13//+12z6oUOHtGrVKn3yySelq3wJVfS5uCrJfX6VVGgAnJqaqn/961/68MMP1aRJk0LLjomJ0VtvvaWkpCTNnTtXderUKXN9b2b+/v5m4a+rq6tGjhxp9rChm5ubRo4cqUWLFik2NlZS9rHl7+9f4q7WK/q+5Wa7zwcAAAAAAJUvIyND8fHxFm1QVGEBsFT6EHjhwoX666+/NGbMGLVs2VLXr1/Xjh07NHPmTM2ZM0dNmzYtdZ2OHj2q0NDQMgfA999/v+67774ylVGVtG/f3giAy6vl9rRp09SuXbsSv2/37t1q0aJFngDYNNa0qY/1kvr666/l6elZogA4MzNT1tbl3lN6qRQn/JWyW2+PHDlS69evV58+fco8bunevXvVo0cPBQcHKyoqSo0bNy5TebllZmaqbt26+vTTTysscKiKx2th4W9B8nuooiTS09N14MABjRgxQjt37qyQADinZ599tsTHT2Ufcw4ODkpNTZWvr6+GDh2qmJgYhYeH5xsAl0er7B07dmjNmjX617/+pQ4dOsje3l6//PKLPv30U6Wmpqpnz55lKj8gIECjR49W9+7dlZycXK7bsizn4PyO8TNnzqhHjx4V/j0sK3d3d7m6uhqhlCQ98sgjkqSwsDCtXr3amB4eHq7z58/flN23V8a5+Fbxxx9/KDMzU8uXLy/R8VKV7jnKS0pKigICAsymde3a1Qh/169fLysrK/n4+MjJyUnt27fXrl27jGUDAgLMli+Oir5vAQAAAAAAKExGRobCw8Pl5uZWfQLggQMH5gkoSjp+14kTJ/TLL7/o/fffN1pYODg4aOjQoWrUqJHRQujy5ctauXKlLly4ICsrK3l7e2vkyJFycHDQhAkTNHDgQAUHByshIUF2dnZ6+eWXdeHCBa1atUoZGRmaOXOmZs2apZiYGK1YsULnzp2TtbW1OnTooCeeeEI2Njb65JNPVLNmTV2+fFnXrl1TQkKCxo4dq9atWyswMNBo5RYfH6+lS5fq7NmzcnV1zRM07dixQzt27FBmZqYcHR01YsQIeXt7l2FL3/zi4uK0bNkyRUVFKTMzU02bNtXzzz+vvXv36ueff1ZwcLDOnz+vhx56SK+88oqeeOIJbdq0Se+//76mTZumSZMmycvLS5K0atUqZWZmatSoUUpLS5Ofn59+/fVXZWRkqGvXrho5cqQ++ugjRUdHa/bs2XryySd1+PBhNWnSxGjB9csvv+jrr7/WBx98oD179ujQoUOys7PT5cuXNXfuXIWGhuqrr75ScnKybGxs9Nhjj5U5qCmprVu35pmWO/w1cXd3l5ubm9GysSwh8K5duzR58mTVqlVLu3bt0ogRIyRJ0dHRevnllzVixAj98ssviomJUZs2bYzQLzo6Wp9++qmio6OVmZmpjh076tlnn5WVlZWWLl2q2rVr68iRI2rdurUGDRpk1upsz5492rZtmzIyMlS7dm0999xz8vDw0NWrVzVp0iSNHj1aP//8s2JiYuTh4aHx48fLyspKV69ela+vryIjI2Vvby8fHx/16NHD7HiVpC1btmjnzp1G+f/+97915513lnob3SwOHz6sO++8Uz169ND69euVmJhoPBDxySefyMnJSVeuXFFUVJTs7e313HPPadOmTbp06ZJcXV312muvycHBQUuWLJGzs7MuX76s2NhYpaena9y4cWrevLnZ+latWmW0QE1LS5Ovr6/CwsKUmZmp22+/Xc8//7xcXFzyPeYqi5eXl0JCQpSamio/P78KXdf169e1du1aPfPMM+rVq5cxvVu3bnJ1dZWtbfYl+caNG1q9erWOHj2qrKwsNWzYUKNHj1aDBg20f/9+/fzzz7rtttt0+vRpXbt2TQ8//LAefvhhvf/++4qKitKaNWt09uxZxcbGGtvfdM49e/as6tatq27dumnr1q1asmSJdu7cqYCAAL355puSslvPjRo1Sp999plSUlLynIPT0tIKPLYLOgdfvXrV7Bgv6LpY1DFuKV27djVajDo4OBitxf39/fMsGxgYqD59+pT7UAoFXTddXFw0duzYQq+LxT32Xn31VbP9FB4eLj8/P+Nhgr59+2rAgAGSsh/W2rJlixFaDho0SL179y7Xz1yVFXSPmJGRoVWrVikxMVGTJ0/WzJkzlZGRUeA9a+7rYYsWLbR//341adJEp0+fVmxsrMaNG6eAgACdO3dOycnJmjx5spo1a6a0tDStXbvWeIDv9ttv1+jRo1WrVq1Cvy+VKTw8PM//G1y8eFG7du1STEyMWe8znp6e8vT0NAuAU1NTFR4eXqKHE/O7b0lKStK4ceP0zjvv6I477pCUPW7PlClTtHz5ck2ePLnAY6io+/xb9Z4CAAAAAADkZQp/k5OTJeXfmKZ27dqqVatWhdelXJoZxMbGKjIyUk2aNFHz5s3N/hXVTV5ux44dK/B93bt3V8OGDSVJixcvVrNmzbRw4ULNnz9f58+f16ZNmyRJNjY2Onr0qKZNm6b33ntPTk5O2rlzp7y8vNS3b1+1b9/eCIIWL16sevXq6aOPPtKcOXMUFhZm/PBkY2OjwMBA/fvf/9bbb7+tnj176ptvvslTr3Xr1snW1lZLly7Vm2++qSNHjph9ng0bNuh///ufFixYoCeffFLvv/++EhISSrRdylNMTIwiIyPN/kVFRRnzo6Ki8sw9PAs+AAAgAElEQVTPPR5mWX3//feqVauWFi1apMWLF+uuu+5SaGiohgwZIk9PTw0bNszoEvTGjRu6fv26VqxYUWQ3ips3b9aFCxe0cOFCLViwQMeOHdNPP/2kSZMmSZL+97//6f777y+0DHt7e504cUK9evXS3LlzlZaWZuy7pUuX6vnnn9fy5csVHx9fbtujOJ555hm5uroarwsKf6Xs1sKmH1VL+hBGTuHh4XJ2dlazZs3Uo0cPHThwQOnp6ZIka2trpaen68aNG0br/JCQEAUFBUmSPvvsM3l6emrp0qWaN2+eAgMD9csvv0iS7OzsdPDgQU2bNk2jRo0yW+eJEyfk5+enKVOmaMGCBRo4cKDmzZun9PR02djYKC0tTXFxcZoxY4Zmz56tI0eOKCwsTJK0ZMkSeXp66pNPPtG0adP02Wef6ezZs2blnzx5Uhs3bjS6KL7vvvu0fPnyUm8jS9m6daumT5+eb6vwguzcuVO9e/eWnZ2dOnfurH379hnzbGxs9Ntvv+mFF17Q/PnzlZWVJV9fX02aNEnz589XbGysfv31V0nZ+z4oKEgvvPCC3n33XfXq1UtLly4tdN3btm1TVFSUFi5cqCVLligjI8M4Z+c+5ipTScb89PX1LdO58NSpU0pJSVH37t3zzPP29tbdd98tSdq0aZPOnTun+fPna+HChfLw8NCSJUskZe+nsLAwdejQQW+++aYmTJggPz8/paWl6dVXX1WDBg00evRoPfXUU2blr1+/XjY2Nlq6dKmmTZumPXv2FKulYX7n4MKO7YLOwTkVdl0s6hi3FFMoJMmsq/CLFy/mu3zOa2p5Kei6WZTSHnuJiYmaN2+ehg8froULF+r111/Xxo0bdezYMV2/fl3Lly/X9OnTtWjRIs2YMUO//vqr0tLSyv1zV1UF3SO2adNGI0eOVNOmTbVgwQLVqVOn0HvW3NdDGxsbnThxQr1799Y777yjTp06af78+RoyZIjeeecdeXt764cffpAkfffddzp58qTee+89LViwQK6urlqxYoWk0n9fylt+58zg4GD5+/srODhY0v+HvwUtX5LzbkH3Lc7OzurYsaP27NljLBsYGKj77rtPzs7OhZZZ2H1+dbmnAAAAAAAAZZc7/E1OTta5c+fy/VcZyqUFcExMTKE/dpSkBWJSUlKRTaLj4+P1xx9/aPLkyZKyfzx78MEHtX37dmOsw/vvv9/owtDDw0OXL1/OU05CQoLCwsKMlkUODg7q3bu39u3bp379+kmS2rVrp9q1a0uS7rjjDu3YsSNPOceOHdPw4cNlZWUle3t7Pfjgg8YPe4cPH1aHDh1Ut25dSdI999yjmjVr6vfff1eHDh2KtU3KS0pKilavXp1v16Y5bdu2Ld/pjRs31pgxY4rdqmnevHl5nm4YPny4Bg0apLp16yooKEghISHy8vLSY489lm8Zpvd37969WK2/Dh06pH/+85+ys7OTnZ2d3nrrLaNVXUk4Ozsb4zja2dlp2bJlxudu1aqVbGxsdOnSJeO7URk8PT01ceJEbdu2TbGxsWrdunW+y+XsKtrV1dUsuCgpf39/o6Wii4uLWrRoocOHD5uF6KYwy9HRUffcc4/CwsLUpUsXvfbaa8Y+q1Wrljw9PY1QxMrKSq1bt1a9evXyrPPgwYPq1KmT8bBHp06d9MUXX+iPP/4wHgx54IEHJGV3d92oUSNdvnxZCQkJCg8P16RJk2RlZaUmTZpo2bJlqlGjhk6fPm2Uf+eddxrTpexjfPPmzaXeRpUpKipK4eHhCg4OVnh4uKTs/e3q6lrkGIlRUVG6fPmy2rRpI0nq3bu3EbCbtG3b1vieN2nSRC4uLnJwcJCUHXpdvXrVWPYf//iH0Xq4c+fO+vzzzxUXF1fg+gcPHqyHH37YOB69vb2NzyCZH3OVyd3dXT4+PsUK0k1dReceL7i4EhMT5ezsLHt7+0KXCwoKMs5jktS3b19t3rxZSUlJkqT69esbYbGHh4cyMjIUExOjBg0aFFjmsWPH9NRTT8nKykrOzs7q2rWrdu7cWWSd8zsHF3ZsF3QOzvndKOy6aGo1l98xbkkxMTEWXb+kYl83cyvtsXfs2DG5uLjonnvuMdbfvn17BQcHy9vbWy4uLvL391fPnj3l7u6uqVOnlsOnvLkU5x6xqHvW/K6HjRo10m233SYp+1zs7u5udGPcpEkT/fbbb5Kyj7chQ4YY3dMPGDBAkyZNUkZGRqm/L+WtqIch7r33XqM3lpSUFAUGBpa4jJwKu2958MEHtWDBAo0YMUJ2dnYKDAw0ejUpTGH3+TfzPQUAAAAAACg/ucPfqqBCxwAujdq1a+vkyZOFLmP6ITln+Fa7dm2z8flyhpRWVlbKzMzMU45p+RkzZhjTTN235VeOtbV1vuUkJCSYjSubs+l2XFxcnqAgd10rS0BAQJHhb2GioqLk7+9f7LENp0yZUuAYwP369ZOVlZW2bt2qBQsWqG3btnruueeMQCC34gatsbGxZtvf9INcRkZGsd5vkruLxD179ujgwYPGGJjp6enG35XJyclJQ4cOVVhYmJYvX65BgwaZPVyRe5zgokLBwiQkJOjw4cMKCQnRF198ISl7fMLk5GSzADj39jYFNWFhYdq2bZtSUlJkZWWlqKgos7E+C9qnsbGxOnr0qI4ePWpMu379umJjY40AOL/j0nRM5axPft0opKam6uuvv9apU6ckZXe3a4l9WRoFdVNcnON6586dio2N1XPPPWdW3okTJ4z9knOMW2tr6zyvc57/8jvOEhMTC1z/xYsXtW7dOl2+fFlWVlZm+1PKe8xVpvbt28vNzU1bt24tsEWnSVlCYBcXFyUlJSk1NbXQ8YTj4uLMjg/TtjZd+3Jf3yTle23KKfd1qrCwOD8561PYsV3QOTin4lwXi3PtrSw5ewaRZFZPBweHfMfzLul40QXdp5h6PpBKft00Ke2xl/t7KGV/F69evSorKyu9+eab2rp1q9555x1ZW1vrscceu6W6gJaK9z0tzj1r7u1c3HNxbGys/Pz89PXXX5u9NzY2ttTfl8rk4OBgjKdtekixLA9bFHXf0qZNGzk6OurXX39V48aNlZiYWOB9au5yC7rPv5nvKQAAAAAAQPnKPQyWpVW5APiee+7RunXrFBERkafV8ObNm+Xh4WFMj42NNX7Iio+PL/FgyqbuhN97770y9bdds2ZNs+Aj549Xrq6uecLe0tS1PJhCokaNGuUJcS9cuGCMbzhw4MA8P86bgpHy7Nayb9++6tu3r1JSUrRixQp9+eWXRguZ3HK2/s3dbWlKSorRStHFxcWspVlcXJwyMjLy/MBtbW1t9gNdYU9lBAcHa+PGjZozZ44aNGigrKwsjRw5svgftAJ4eXnJ09NTfn5+cnd31yOPPJIn/JXK1v3znj171KVLF7344ovGtMzMTI0bN05RUVFGa7K4uDij5VJCQoJq166thIQEzZ8/Xy+//LIxVt7s2bPNyi+oRXedOnX0wAMP5OkaWlKhD06Y9nHO80J0dLTZj7ZSdle4Z86c0cyZM+Xo6KiTJ0/qrbfeKnRbVBbT+S0lJUURERFFhpHFlZaWpn379umDDz4wWlZL2V2E+vv7mwXzxZXzODN1aV/YgxqLFy+Wl5eXXnrpJVlZWWnTpk06ceJEiddbUTw9PTVp0iTFxMQoJibGCFyWL1+eJ+ArbQjcvHlz1ahRQ7t27TJreS1JISEhOn/+vAYNGiRXV1ez7Wvqbt7NzU2RkZGl+nzOzs5m57mcLWrzO6fmZjpeizq2CzoH51SVrouFOXDggAIDA/MEUjExMUpJSZGTk5M8PT3zfI9zjhFcXHXr1tWFCxeUlZVldm48c+aMWVhf0HWzsOtiaY+93N9DyXw/NW7cWGPHjpUk/f7773r33Xd11113qWnTpiX67GXx5ptvmh2fjo6OeuONNypt/cVhGrqhsHvW0o5v7ebmJh8fH3Xq1Cnf+SW5z6oojRs3LvC85e7uboTo69evL/BhJlPr56IUdd/SuHFj9ejRQwEBAXJ3d1e3bt2MBywKO4YKu8+vyvcUAAAAAACg8tjY2MjLy0thYWEWbcySU7mMAVyeWrRooe7du2vevHn65ZdflJSUpJiYGK1du1Zbt25Vo0aNVKtWLbVq1croai8tLU27d+9Wx44diyzf1tbW6EbT2dlZ3t7e2rp1qyQpKytLmzdv1v79+0tU59atW+vnn39WVlaWUlJSzMbV7NSpk3799Vej69SQkBAlJyeXKnApL6YfrXP+y/ljtbu7e575xe32ubg++eQTo0WVk5OTEaxK5vsoP3Xr1jXGdY2LizMbi61jx47auXOnrl+/ruvXr2vu3LkKCgqStbW1rKysjHLr1atn9LOekZGRb5eDJvHx8XJxcVH9+vWVlZWljRs3ysrKyuJPczg5OWns2LFydXXVwoUL8+3Cdvv27SUaI9YkKytL/v7+ecZLtra2VocOHcxaw+3evVtSdjAUGhoqb29vJScnKyMjQ82bN5eUHaL//fffxdpmnTt31qFDh4yA6tKlS/rwww/zbWWXU+3atXXXXXdp+/btysrKUnR0tKZOnaorV66YLRcfHy93d3c5OjoqJSVFP/zwgzIyMiw+duWYMWM0duxY9enTR4MGDdKkSZPybU3XqFGjPNOKam148OBBNWzY0Cz8laQuXbro8OHDhbbcLciRI0eM89r+/ft12223FfogTXx8vDw9PY0WowcPHrT4MZQfNzc345zo7u6usWPHGiFATqYQuCRjU9rZ2WnkyJFau3attm/fbgSJ+/bt0+LFi42gr1OnTtq1a5fxndyxY4e8vb3LdB6+6667FBgYqKysLCUnJ+vgwYPGvLp16+rixYvG+gq7BhZ1bBd0Ds6pKl4Xc9u6dauxj/Jj6kK5W7dueeblN60oHTt2VHp6uvz8/JSQkKDr16/r0KFD+vHHH42HBQq7bhZ2XSztsdemTRvjvC5lPzQQEhKiDh066O+//9Zbb71lnDuaNGkiW1vbSm/5mN/DGVVNWe5Zi9K5c2ft2LHD2A6//fabvvzyS0mFf18qU2EPQ8TGxmrXrl3atWtXoQ88FeeBiuLetzz44IMKDQ3V/v37ja7mpcKPocLu86vqPQUAAAAAAKh8NWrUkJeXl/Ggub29vZo0aZLnX36/8VeEKtcCWJJefPFFbd++XV9//bWio6Pl6Oiotm3b6t133zUCjPHjx+uzzz4zxvu89957NXjw4CLL/sc//qEffvhBL7zwgpYsWaLx48drxYoVmjBhgjIzM9W8eXP17NmzRPUdNmyYlixZonHjxsnV1VU9evTQDz/8ICm7pebQoUM1e/ZsZWZmytnZWVOnTpWzs3PJN8xN5r333st3+rJlyzRw4ECtWLFC3377raytreXu7q4xY8ZIyv5B08/PTxEREXr22WfzvH/48OFauXKlDh06JDc3N3Xu3Fnp6emSpMcee0yJiYl66aWXlJmZqU6dOql///6ysrJS165d9fbbb2vo0KHq16+fPvroI73++utydnZW27Zt5e/vn299O3furICAAE2YMEE1atTQ448/rgceeEBLly7VjBkzzLrStIRu3boZYYSrq6vRneLq1aslZQc0kuTj41PsMo8fP67ExES1bds2z7wuXbpo4cKFRjjp5uamV199VYmJierSpYs6dOggKysrDRgwQNOnT5ezs7M6duyoESNGaOXKlWrWrFmh67777rv15JNPas6cOUpPT5etra2GDBkiBweHIls0T5gwQb6+vho3bpzs7e01cuRI3X777WatjwYNGqRFixbppZdeUu3atTVq1CidO3dO//3vfzV//vxib6PylLNng5z69OljFrY3atRIkyZN0oULF8xaphbV1be/v7+6dOmSZ7qbm5s8PDzMfswurnvvvVeffvqpoqKi5OTkpBdeeKHQ5Z988kl99dVX+vbbb9WsWTONGTNGc+fO1eeff66WLVuWeP2VxRQCl1dL4F69esnFxUVbtmzRunXrZGVlJU9PT7388svG+MyPPvqoEhMT9dprrykrK0tNmzYtcvsWxXSdevHFF9W4cWN169bNuE61bdtWd999t6ZPny43NzcjwMzvSbWGDRsWemwXdA7OOX50YddFSwyPkB/TebMgISEhat++vTw9PfO0aC5ofPbCODs766233pKfn58mTJig9PR0Y7+bWloXdt0s7LpY2mPP2dlZU6ZM0ZdffqlVq1bJ2tpaTz75pFq1aqWsrCx5eXlp2rRpkrIf3PLx8Sny/H6rKu09a1EGDx6s5ORkTZkyRZmZmXJxcTG6+S/s+1KZWrduXWBX6Q4ODkYond+DNqbpxTmminPfMnz4cDVs2FAtWrRQYmKiPDw8jGUKO4YKu8+vivcUAAAAAADAckwhcFhYmOrXr1+pveXlZpVVwuYAERER8vX1LdFKxowZk2+4gbLLr6vs/Fy4cEG+vr7G2JO5A4v169crJCREUvZ4mDnDwqLei7Ir7n4sSEpKiqKiogodDzj3fi2ry5cva/z48Vq7dm2erhNvZcXdl9OnTzf+dnNz05QpU/IsExMTo3nz5hmvPTw8jC5XY2JiFBwcbIxfW5mWLVumunXratiwYZW63pIo6zGVW+7QPSdHR0dNmTKl3HtKKG+ZmZnGsRoQEKDt27fr3XfftXCtKl9xvhtffvllga1JPT091bVrV2N/z5071ywAnjJlSpXrzvpmU5rzqMmcOXMkZT/4kvMBGknq3bu38cBMYe9F0Upyjs1vX0jm+6M4y5SXRYsWqXnz5nm64q+KyvtaBgAAAAAAzB0+fFje3t7FWjZnT4e1a9cutEfD5ORkJSUlqX79+mWqn+kBdVMvfcXRrl07SVWwC2hUDD8/P+PH7NTUVKN1qJQdFJrCX9PrnK2fCnsvqgZTt945tW/f3uzHzeDgYPn6+pZpXOD8WKJLyeomJiZGGzZsMNs3Fy5ckJ+fX4HvcXNzU58+fSwWNN1q+72o7qC3bdtmgVoV3+bNmzVr1iylpaUpPT1de/fuLVVL1VvFM888o7Fjx+b7r0+fPkb4e+DAgTytlnft2lXu51ngZtanTx+z1rbF5eHhUe7h74kTJ3T8+PES9/YDAAAAAABQEjVq1Chz+FtWVbILaJS/3D9QJycnG3/nN8Zhzh+vC3svqrZu3bopKirKCPgjIiLk7++vQYMGWbhmyC04OFiNGjUyut/19/dXVFSUhWuFnArrDrqgsWKrioceekhnzpzRhAkTZG1trdatW+vxxx+3dLVuSjExMdq1a5fCwsLybSUcHByssLAweXl5qXfv3rQGBiSNHDlSfn5+ZkMyhIeHy8rKyvg7Jw8PD40cObJc6/DOO+/o3LlzevHFF1WjRo1yLRsAAAAAAKCqKXEA3LhxY2Psz5K8B5Z1//33KzAw0Hjdvn17s78PHDhgBBoODg7y8vIq1ntR9Q0dOlSSjBC4vIKq+vXr65tvvimXsm5FAwcOzBMe5Ty2+vTpk6er9apyLi3reLQ3s4JC4K5du1qwVkVzdHTUxIkTLV2Nm17OIREKk5qaavSmMWLECLNrKspP7vOoo6Oj8Xd+LdxzTivsvSh/Tk5OGjt2rPz9/Y17zqioqDwPOjk4OKhbt27l3vJXkl5//fVyLxMAAAAAANw6mjRpYvzt7OxswZoUT4kDYCcnpwr5UQYVa9CgQXJycjLGEsu5D93c3DR27FgFBARIyg4ycrZYyv3eqh50IK9HHnlEjo6OiomJMQJhWJappW9B3N3dGWu7inJ3d9fUqVPl7++vmJgYtW/fnoDvFhEQEFBk+Jvb9u3b+X5UkMLOo0WdQ4s6B6Ni9OnTR127dlV4eLguXLhgBMCNGzeWu7u7WrduXeXHUwcAAAAAALempk2bWroKJUIX0LeQwoJ7d3f3QoNBQv+bm5OTE90+A+WIY+rWVJqxffMbNxq4lTk5Oal9+/b0KAMAAAAAAFCBCIABAACK4ZlnnrF0FQAAAAAAAACgSNaWrgAAAAAAAAAAAAAAoHwQAAMAAAAAAAAAAABANUEADAAAAAAAAAAAAADVBAEwAAAAAAAAAAAAAFQTBMAAAAAAAAAAAAAAUE0QAAMAAAAAAAAAAABANUEADAAAAAAAAAAAAADVBAEwAAAAAAAAAAAAAFQTVuvWrcuydCUAAAAAAAAAAAAAANn69+8vSQoNDS32e9q1aydJsk1Nja+QSgEAAAAAAAAAAAAAimZjYyMHBwfVqlVLLi61y1SWrYuLSzlVCwAAAAAAAAAAAABQUjY2NrKzs1ONGk6yt7cvU1m2devWKadqAQAAAAAAAAAAAABKytraWtbW1rK3t5eDg0OZyrJ1daUFMAAAAAAAAAAAAABYipWVlSQr2dhYy9bWtkxl2To6OpVPrQAAAAAAAAAAAAAApWJllR0EZ4fBpWdra2tTTlUCAAAAAAAAAAAAAFiStaUrAAAAAAAAAAAAAAAoHwTAAAAAAAAAAAAAAFBNEAADAAAAAAAAAAAAQDVBAAwAAAAAAAAAAAAA1QQBMAAAAAAAAAAAAABUEwTAAAAAAAAAAAAAAFBNEAADAAAAAAAAAAAAQDVBAAwAAAAAAAAAAAAA1QQBMAAAAAAAAAAAAABUEwTAAAAAAAAAAAAAAFBNEAADAAAAAAAAAAAAQDVBAAwAAAAAAAAAAAAA1QQBMAAAAAAAAAAAAABUEwTAAAAAAAAAAAAAAFBNEAADAAAAAAAAAAAAQDVBAAwAAAAAAAAAAAAA1QQBMAAAAAAAAAAAAABUEwTAAAAAAAAAAAAAAFBNEAADAAAAAAAAAAAAQDVBAAwAAAAAAAAAAAAA1QQBMAAAAAAAAAAAAABUEwTAAAAAAAAAAAAAAFBNEAADAAAAAAAAAAAAQDVBAAwAAAAAAAAAAAAA1QQBMAAAAAAAAAAAAABUEwTAAAAAAAAAAAAAAFBNEAADAAAAAAAAAAAAQDVBAAwAAAAAAAAAAAAA1YStpSsAANXJjeup2r71a0nSwEHDZe/gaOEaAQAAAAAAAACAW0mVDICTkpK0a9deHTlyTGfOnFNCQqKsrKxUp46bmjf3VMeO7dW5cwfZ2lbJ6leIw4d/1dy5Hxmvu3btrJdfnmDBGpXdpk1btHr1N8brOXPeVMuWd1qwRoXLvQ9ysrGxUc2azvLwuF3dut2vBx7oKhsbm0quYfX19tvvKTT0mCTJzs5WX3/9RZnLPHnyT02f/qbxesSIYXrsscFlLvfUqd/VoGET4+/WXu3KXCYAAAAAAAAAAEBxVbkEddeuvfr8cz+lpKTmmXfxYrQuXoxWQMBBPfhgd02Y8B8L1BDIKyMjQ3Fx8QoNPabQ0GPavXuf/ve/1+ToSOvPW83v4aHq0q2PJCn48H4CYAAAAAAAAAAAUKmq1BjA69dv0rJlvnnCX1tbWzk5mQdpaWlplVk1IA9bWxvVqlVTtWrVlJWVldm88PDftWLFlxaqGSzl2tVLkqTGjZuqceOmunHjhjENAAAAAAAAAACgMlSZFsBHjx7X119vMJvm7d1aTz01VHfe2ULW1tZKSkpWWFi4duzwl2SVf0G4aQwaNEAPPdTXeO3g4GDB2pRcp04djG64r1+/rq+/3qAtW7435u/d+7OeeeZJ1apVy1JVrDamTn1ZGRkZkpQnbK9KToQf0d2t/7/F792t2+lE+BF17d63kHcBAAAAAAAAAACUnyoTAK9Zs97sdbt2bTV9+itm4/w6O9dQx473qWPH+3T58hVjen5jeXbt2kVr1qzT0aPHFRcXr8mTX1S3bvcby/zyS4h2796nU6dOKz4+XnZ2dmrSxF2dOnXQww/3lZOTk1l9oqIu6scf/fXXX38rOvqSkpKSlZqaKkdHBzVs2FBt23ppwID+qlevrtn7SlO38nbjxg3t2bNfgYFBOnPmrJKTU+Tk5ChPTw/17Nld3brdX2Codvx4uPz99+jkyVOKjY2TJLm5uap5c0/17t1D99zTxmz5hIQE7dy5WyEhR3T27HmlpqaqZk1nNWhQX97ereXj86gR9G7d+n2RYwCfOhWhH374Sb//flLXrsUY62/V6i71799HLVu2yFPn/MaL3bNnv378cafOnDknW1tbeXu31siRw+Xu3riUW9Wcg4ODRo58UgcOHDTqmZmZqdOnI9WuXVtJ0vDh/1JaWrokqV27NpoyZbLWr9+kgIBDunr1mnr37qFx4/5tlBkZ+bd+/HGnwsJO6Nq1GGVlZal+/bpq166tBg0aoPr16+Wpx6lTEdq27Qf98cefiomJVVZWpmrWrCU3N1d5eNyutm291L171zzvK+nxkN/3unv3rvrmm28VEnJEiYkJatiwgfr166NHHnko321Wku/K3LkfFjgGcGmPzfJ243qqzp2N0D3tOhnTbrvNU0dDg3TjeqrsHegOHAAAAAAAAAAAVLwqEQBfuXJVf/55ymza6NH/Mgt/c8sv/DK5dOmKpk6dofj4BGNaVlaWJOnGjTR99NESHT78q9l70tMzdOpUhE6ditCePfv0+utT1bBhA2N+ZOTf2rbthzzrSk5OUWTkX4qM/Ev+/nv0xhvT1by5Z6nqVhEuXbqsd999X2fPnjObnpCQqCNHjunIkWP6+edAvfrqS7K3tzPmp6ena+nS5dq/PyBPmaaxmB0dHcwC4LCwE/rgg0WKi4s3Wz42Nk6xsXE6efKU+vfvU+yWvt98863WrduYZ3p09CVFR1/S3r0/y8fnUT355NBCy1m2zFe7du01Xt+4cUOHD/+qkyf/1AcfzJGrq0ux6lMUa2tr1a9fzwiAJSkpKTnfZdPTMzRr1nv6/feTxrSc34ONG7dozZp1eb4b589H6fz5KO3evU8vvzxB9977/61NQ0OP6t133zdayprExsYqNjZWkZF/6a+//jYLgEt7POQWGfm3Nm/ersTERLO6fv65n5KTk/XEE/80W2dTabYAACAASURBVL48vyvldWyWxJ5d23TubESe6W3bdVTNWrWN1zVr1VbzFq30zdrleZZtdltzPdhrYLnUBwAAAAAAAAAAwKRKBMC5w9/bb2+mxo0blbq8n37alc/U7BauK1Z8YRZ2eXjcoXvu8VZcXLz27w9QRkaGLly4qPfe+0Dz5882C6GdnBzVqtXdqlevjmrXrq2MjAydPx+lX38NUWZmppKSkvXxxyv0/vuzS1W38paenq7Zs+fr3LnzxrT27f+h225rqsjIv4wWlcHBof/H3p3Hx3Tvfxx/zWSPhIQgISQRsaYoale1VksXtXRzVel2uyiqpbe/tqq6aSlaWlSrt6WtLqhqtVQttV8EQUhCkBBLZJfJNvP7Y8yRiVhKiKbv5+Mxj+Rs3/M9Z86QR975fL989tkXPP74EGO/Tz/94pzwt2bNGlSrVpWTJ1NISjritC05+RhvvfWe0/zN3t5ehITUxmw2c/hwolPofTF//LHaKfw1m83UrVsHk8lEXNx+I+T87ruFVK0aQLdunUtsJz+/gN9/X4nZbMbf34+UlFPGtrS0dH755beLBsiXqqCggOTkY07rfH19Stw3Onr3OescWe/q1WuZO/dsZbSfnx/t29urStesWUdGRiY5ORYmTpzKxIlvERhYHbCHxo774uvrQ/v2bfH19SEl5RRHjyazb5/z5wyu7PNQ1Nq1G4zz5ufnY7HkGtsWLvyJXr16UqGCN1D6zwqUzmfzrziWnES3W+8hKCj4ovve1Ppmbmp9s9O6QwfjWPdnSf8WiIiIiIiIiIiIiIiIXJnrIgAuXgV4oUrDS9W06Q0MGvQAQUHVOX78BG5ubhw9muxUCXrjjU35z39GYTabjWMmT54GwKFDiaxdu4FOnToA9iGp58yZUWIA9u23C4z5iw8cSCA5+ZgRyl1q366GVav+dAp/H3zwXu65505j+aOPPmH58j8AWL78D/r0uYNq1aqSnHzMKah2dXXhueeepVWrFsa61NRU9u9PMJa/+26hU6B3441NefbZfxvz31qtVjZv3oKn58UrOm02G1995Twk+EsvPW8MpRwdvZuxY980qmO//vo7unTpZLyPxYWE1OLll0fj7+/Ptm07GD/+HWNbSUHs5Th1KpWvv/7O6Vl2dXW9YMVp9erVePzxIdSrV5fs7NNnhmy2MW/efGOfypX9mTjxLSpWtN/H22+/leHDRxsh6w8//MiTTz4K2Ku9Hfr3v4devW51Ol9WVpbTe3Yln4eSPPLIQ9x2Ww/y8vIYP34Cu3btAezzI8fFxRvV4qX5rEDpfjYvVY+effht6QJatupI3YhGf+nYuNjd/G/TGnr07HPF/RARERERERERERERESnuugiAz3VlFbF+fn6MHj3CGD62Vi17ld6SJb86DakbGlqb//1v69mzFjvt1q1RRuDl7e1lzIcbF7efU6dSyc3NpSRHjhw9b8h0vr5dDf/73zan5cqV/Z2qPYsOfWy1WomK2kGPHl3ZsiXK6T7demt3p/AXwN/fnxYt/I3lzZvP3kc3N1eefvpxI9ADewVv69Y3XVK/Dx487FSp26zZDUb4CxAZ2YhmzZqwbdt2AFJT00hIOEidOmEltvevfz2Av7+9rzfe2AR/fz9SU9OMYy/X2rUbjMrXknTv3tmoei3JqFHDjD57eXkREFCFhIRDTvNbh4WFEhOz1+m4KlUqG5XGW7dGGeurVatqHPvDDz9y4sRJatWqSY0aQYSE1MbHx4cmTSKN/bdu3X7Zn4fiIiLqctttPQBwd3enQ4e2RgAMzve5NJ8VKL3P5l9RuUo1evTsw7o/l5N66uQ5Fb7ns3njao4lJ9KjZx8qV7nyP3QREREREREREREREREp7roIgCtVqui0fOzYsfPseWlatryxxLlDi1ZIAixYsPiC7RQN4hYsWMyXX359Sec/fTrnL/ftaijaf4APPvj4kvYvfp8aNqx3weOys087zf0aFBR4RfPqFj9/cPC5IXnt2sFGAAz2vp8vAK5fP8Jp2dvb2wgk8/PzL7ufF9KiRTMGDXrwvNuDggJL7G/xa9+yZRtbtmw7Zz+H1NQ08vPzcXNzo3fvnkbompaWxuLFPxv7mc1mGjasz/3396dhw/olnuuvfB6Ka9DA+Rnx9nYOvgsKCoDSf1ag9D6bf5U9BL6H35b+wNo1y2jfsfsF91+7Zhmpp07Qo+c9uHt4llo/REREREREREREREREirouAuCIiLpOy4cOJV7RUK0BAVVKo1tGFWF6eoYxjCyAj48P993Xl9q1a+Hm5srmzVv54Ycfixxp43xKq29Xw/mqJsuaqXgpKjhVrl6Im5sr3t5eTuvON1T0X+Xq6oKXl71tFxcXKlSoQGhoCB06tD2nYrq4KlUql0ofAPLy8nBzc6NVq5aMGfMcS5YsJSZmL/n5BcY+VquVXbv28MYbE5g06W2qVav6l89zoeejUiVfp+XSuscXU5qfzcvh7uFJ77se4Is5Uy8aAO+P38O/Bg8r1fOLiIiIiIiIiIiIiIgUd10EwAEBVYiIqEtsbBxgD/c+/fQLRo8egYuLS4nHnDyZct4w1dW15GOqVg1wWh49euRFgzqAuLh4o4IR4K67ehnD3QJs2RJV0mF/qW9XQ9WqARw4YJ/z1WQyMWfOx/j4+Fz0uOLh4J49+2jbtvV5969QwRsfHx+jsvPo0WTS0tIvu7Kz+PkPHz58zj6HDyc5LRd/b6+F1q1vYuTIZy7r2Et9Rnv3vo2HHx54ye3edFNzbrqpOQUFBSQnH+PIkaNERe3k11+XA5CTY2HTpi307t3zsj8PV6K0n5XS/GxerrxcC25uF6/qd3PzIC/XoupfERERERERERERERG5qq5Nmd4leOCB/k7LW7Zs44033iUubr9R7Zmbm8u2bdt58813+e9/v/rL52jevKnT8sKFi8nLyztnv/T0DH74YRFxcfsBKCgodNqek3N2GNm0tHSWL//jL/flShUWFpKTk1PiKy/PPqxxixbNjP1tNhvffbeoxLYSE5OYOfMzCgsLjeOKVt3++usyNm3a4nTMiRMn2bjx7HzCLVveaHyfn1/Ahx/OIDMz01hntVpZs2ad0/C/5xMSUsupQjYqaidRUTuM5ejo3U7L/v5+hIaGXLTdv4PQ0NpOf9iwatUajh07fs5+ubm5rFr1JytXrjHWbdu2g+zsbABcXV0JDq5Jq1YtGTz4Qac/pEhJSQEu//NwpUrzWbkePpvJyYn4V754Zb9/5SokJyde9f6IiIiIiIiIiIiIiMg/23VRAQzQpEkk993Xz2k41+3bd7J9+07c3d1xd3cnOzvbCIPbt2/zl89Ro0YQXbp0YsWKVQDs3RvLU0+N5KabWlCxoi9ZWVkkJBxi795YrFYr4eF1AAgPD8NsNmO1WgH48cclpKdn4OXlxdq160lLS7/Sy//LNmzYzIYNm0vc1rFjO4YPf4pOnTrw448/k5R0BIDFi39m1649NGrUAC8vT06dSmXfvjgOH7aHUkOG/AuAwMDqdO/emd9+WwHYQ7Z33plEzZo1qF69GikpKSQlHaVTpw60bt0SgH797mbDhk1YLPZhgrdt286TT44gNDQEs9lMYmISaWnpzJgx9aJVyCaTifvv78+HH84w1r3xxrtERIRjMpmIjY13GgL6vvv6XbMhh682x7U75mvOzMxixIgxtG7dkurVq5Gbm0ti4hH27IkhJ8dC3753GccuWvQTe/bsJSIinOrVq+Hv7wfA1q1RRrgPULNmDeDyPw9XqjSflevhs5maepLAoLPzVB89msiGtfaK6zbtuxF0ZltgUDCpqSepHVK3xHZERERERERERERERERKw3UTAAP0798Hf38/5sz5kpwci7E+Ly/vnMpENze3yzrHo48+THb2aTZutIenp06lGsPjFueogg0IqMLtt9/KTz/9AtgD0d9/X2n0o2vXW4zl64mbmxsvvfQ8b7010Qh59+8/wP79B0rcv2jV79ChD3H6dA5//rneWJeUdMQIk4sLCgrkxRdHMXHiVDIy7NWcp0/nsHt3zGX1vXPnmzl+/ATz5/8A2KtC9+6NPWe/vn3volu3zpd1juvVLbd0JDU1lXnzvsVqtZKbm8vq1WtL3Lf4/MgFBQXs2bOXPXv2lrh/3bp1uPnmDsby5XwerlRpPivXw2cz+WgiTZq1IS/XwvaoTcTH7aFdh64ArFqxhPC6DWnarBXVqgezI2oDTZtdpEEREREREREREREREZErcF0FwADdunWmTZub+P33VWzfvpNDhw4bQ8H6+/sTHh5G69YtLzgn7YW4u7vxwgvD2bo1ij/+WE1sbDxpaemYzWb8/f2oXNmfunXr0KLFjTRq1MA4bvDgB6lWrSq//rqcY8eO4+XlScOGDbjvvr7s359wXQbAANWrV2PChPGsWrWGDRs2ceDAQbKzT+Ph4YGfXyWqVatKw4b1ad26pdMwwa6urowY8bRRIbp3byxpaemYTCYqVapIREQ47do5vweRkY2YMuVdfvvtd7ZujSIx8QgWi4UKFbypVq0qN9wQia/vxecgdrj33r40b96MpUuXsWfPXk6dSgXsQz43atSAW2/tRr165bOask+fO2nevBm//vo7u3bt4eTJkxQUFODn54e/vx8hIbVp2vQGp2G++/W7m/DwMGJj4zl+/ASZmZnk5xfg7e1FrVrBtG7dku7du+DufvaPJy7383ClSvNZKevP5vFjRzidncmGtcvx8w/gnn4PGfP8BgYGs/bP5SxZ/DVNmrXm+LGS/4BCRERERERERERERESktJgSEmJsF99NRERKsj1qA8lHE2nYqNl5h3c+dDCOPbujCAwKpmmzvz58vYiIiIiIiIiIiIiI/LP4+wcBEBUVdcnHNGtmLxy87iqARUT+Tpo2a3PRYZ1rh9TV3L8iIiIiIiIiIiIiInJNmMu6AyIiIiIiIiIiIiIiIiIiUjoUAIuIiIiIiIiIiIiIiIiIlBMKgEVEREREREREREREREREygkFwCIiIiIiIiIiIiIiIiIi5YQCYBERERERERERERERERGRckIBsIiIiIiIiIiIiIiIiIhIOaEAWERERERERERERERERESknFAALCIiIiIiIiIiIiIiIiJSTigAFhEREREREREREREREREpJxQAi4iIiIiIiIiIiIiIiIiUEwqARURERERERERERERERETKCdeQkPpl3QcRERERERERERERERERETkjIyPjso9VBbCIiIiIiIiIiIiIiIiISDmhAFhEREREREREREREREREpJxQACwiIiIiIiIiIiIiIiIiUk4oABYRERERERERERERERERKScUAIuIiIiIiIiIiIiIiIiIlBMKgEVEREREREREREREREREygkFwCIiIiIiIiIiIiIiIiIi5YQCYBERERERERERERERERGRckIBsIiIiIiIiIiIiIiIiIhIOaEAWERERERERERERERERESknFAALCIiIiIiIiIiIiIiIiJSTigAFhEREREREREREREREREpJxQAi4iIiIiIiIiIiIiIiIiUEwqARURERERERERERERERETKCQXAIiIiIiIiIiIiIiIiIiLlhAJgEREREREREREREREREZFyQgGwiIiIiIiIiIiIiIiIiEg5oQBYRERERERERERERERERKScUAAsIiIiIiIiIiIiIiIiIlJOKAAWERERERERERERERERESkn/pYB8NK9KQS/vvaS9h3zczwD5+26yj26+tYcSOOGiRv5v6X7+XHXScYtO3BF7T3xfQxPL9gHgKXAiun5FcSdzCmNrl63LvbcJGfmYXp+BSez869hr0RERERERERERERERERKz3URAG84mIHp+RWk5RRc0v6NqldgfM86l7TvXY0DeKhl0JV075r480A6pudXMGT+nhK3L9t3irkPNMbXw4Xxyw/wwI2BpXZuN7OJD+6uR1Uft1Jr80q1nLyZOZuPlmqbf+W5EREREREREREREREREfk7ci3rDlyO2n6eDL7p0kLdtiGVrnJvSsfMDUlU9nLlm6hjvH9nBJU8nd+acbfag8smQT6M7hxSqud2MZt4un3webfnF9pwczGV6jnLwl95bkRERERERERERERERET+jq7LAHj4oliOZOTi6Wpmx9EssvIKGXlzLZ5sZw8pl+5N4ZH5MSS+3B4Aqw0+WpfI9HWJHErLpbK3K//XLYxHW9dgzM/xJKZZ+PKBxgAcz8pj+KJYVsSlYjLBrfUqM+nOelT2LvlWHDlyhBo1amCz2Th27BiBgReuvHXsX/z7C0nNKeDbHceZPaAhwxbu5YstyU6B7MXuR2J6Lo9+u4f/Hc4kr9BKZKAPk+6MoHXtikYbszYe4a0VCZw6nc8djapiNoGvh70A3FJgxevFlcSObkvdAC+GL4olKd2Ci9nErmPZdIuozPt3RpzT7/iUHEYtjmX9wQwsBYXcEOjDkqHNqOjpwtakTEb+GMv2I1lU9nZlSKsajOkcgovZRFpOAf6vrOaDu+vx5dZk0nIKCK7kwef3NaJmJQ+GL4olOjmL0T/HMf73BG6s4cO3g27AZoOP1ify4dpEktJziQjwZuKdEXSq43dZz83RjDwe/W4Paw+kU9XHjRe7hDpdX36hjdeXH+CLLcmkWwpoXtOXyXfVIzKwwkXfUxEREREREREREREREZGycF0MAV2SxbtPMqxjLaJGtuLnoU0ZtTjuvHPUTllzmHf+OMjsAY1IH9+Jzc/exI01fUvcd8AX0eTkFxLzQhuiR7UmOTOPf311/jmCJ0yYwE8//YTNZuOJJ55gz56Sh2h2WLp0Ke+88w6FhYW89957LF68+KLX+vn/juLj7kK/JtV4sHkgMzcknbPPhe6H1Wbj8TY1SXipHSdeu5meDarQZ84OcvKtAKyIS2Xkj7H8977GnBrXiZ71KzNv27EL9mnhrpM806EWO59rXWL4m5lbyC0fbSWsshf7Rrfl5Gs383avuriaTaSczqf7jG3cWr8Kx8Z25MeHmzJrwxEmrT7s1Ma6hHTWPNmCmBfaUMvPk//8Eg/A5LsiiAz04Z3b6xI3pi3fDroBgA/WHmbS6sN89WAkqa934uXuYdz56XYOp+Ve0n0q7t4vd1LJ05Wklzvw51Mt+GzzEaft45cf4OuoY/z6aDOOvtKBNiGV6D5zGxmWwgveOxEREREREREREREREZGyct0GwLfWr0zLYHuIW6+qNxFVvdmSmFHivh+sPcyrPcJoE1IRswmq+bgbxxa1PyWHVfvTmHJ3Pfy8XKni7cbEOyL4OSaFoxl5JbY9duxYFixYwMyZM3n77bf5z3/+w6pVq87b74ceegibzcbIkSMZNWoUixYt4uOPP77gtc7akMSDzQNxdzExtFUNdiZns/5g+iXfj9p+ntwdWZUK7i64u5h4uVso2XmF7DmeDcBnm48ysHkgHcIqYTbBg80DnaqDS9K1rj/tQ88/fPaC6BO4mEy8d0cEFT1dcDWbaB9aCW93M4uiT+Ln5cqYziG4u5hoHFiB52+pzScbnYPtFzqHGENL39k4gE2HSn5/Hab+mcjYHmE0reGD2WSf37ldaCUWRB+/pPtUVHxKDmsOpDPpjgi83c1U83Hnle5hTvt8tvko/9ctjHpVvfFwNfNaD/v2JXtOXrCfIiIiIiIiIiIiIiIiImXlug2AAyq4OS17uZnJzD238tJmg0OpFupV9b5om4fTc3E1m6jt52msCw/wsm9Ls5R4jJ+fH6NGjWLu3Ln4+Phw7733MmXKlPOew8XFhaeeeooDBw6wY8cO49jExMQS919zII3dx08zpJV9btomQT60DPZlxnrnsPRC9yMzt5CnF+yjwYQN1Bq/ltA31pGdV8iJrHwAEtMt1D1znQ51qzgvF1ezkscFtyecyiE8wAtzCVMDH063UKeKF6Yi28IDvJwqdYtf0/neXwebzX7O//tlPw0mbDBeO49mczI7v8Q2L9RuYnouPu4uVPd1N9bVrXL2GbLZICkjl/Ai98nFbCLE3/O8z4qIiIiIiIiIiIiIiIhIWbsu5wD+K0wmqO3vSeyJHDqG+V1w31qVPCiw2khMzyX4TMC5P8U+PHCtIqFwUevWrWPChAlMmzaN5cuXs2LFCmbOnHnecyQmJjJq1CgGDRqEn58fY8aM4cMPPyQ4OLjE/R1Bb4+ZUca6zNwCdiVnM/kue6Xyxby8dD+xJ0/z51MtjADU/+XV2LABEFzJk+RM5wrn5Mw86nqcv21TCcFuUaGVvfh001GsNs4JgWtV8iThlHNIuj8lh1p+Fw6ViyrepuN9ntCrLv2aVLvkds4nuJIHWXmFZOYW4uvhAuB0j0wmqFnRgwOncoxKaKsNDqZazvusiIiIiIiIiIiIiIiIiJS167YC+K94ql0w45YdYNOhDGw2OJGVz5bEzHP2q1PFi5vD/Bj5YyzplgJOnS5g1OI4bqtfhaCK7iW0DMuWLWPatGk0atSInTt3MnPmTAICAs7bl2XLljF8+HD69evHsmXL+PDDD2natGmJ+546XcD3O08wrU89oka2Ml57XmiDp5uZL7YkX9L1p+bkE+rvaYS/MzYkkWYpMLY/1DKQL7Ykk5Rur8DdfDiD3+NSL6nt87m7cVUKrDZGL4kjM7eQAquNdQnpnM6zcldkACmn83lv1SHyCm3sOX6ad1ceYmirGpfcflBFD/aeOO20bliHWrz0SzxbkzKx2SAn38rK+FQOnPrrFbnhVbxoH1qJd/44CECh1cZ7qw467TP4piDe/D2B+JQccgusvPbbfmw26NXw/O+/iIiIiIiIiIiIiIiISFn621cAA4y4uTYuZhMPfb2bw+kWqni78XK3MFqUMA/wN/+KZMSPsdR7Zz0mTPSoV5lJd0act+2XX34Zs9mek7/77rvG9+fz0EMPGfu89NJLF9z/8/8dxc/LlUda18Tdxbnk9Ym2NZmxIYlnOpRcOVzUq93DeOjr3TR/fxMV3F3o3SiA2kWqbbtFVGZsjzBunRVFVR83avt50v8Kq2grerqw4okbGfVTHHXeXEeB1UaTIB9+GtqUKt5u/PbYjYz8cR/jlx/A38uNh28KYmSn2pfc/gudQ3hk/h4+Xp9Ey1q+LHvsRp7tUAsvNzODv97NwVQLXm4utKzly+Q7613WNXwzMJJHv42hxeTN+Hu50q9JNb7fecLY/n/dwii02uj68TbSLQXcWNOX3x5rRkVPl8s6n4iIiIiIiIiIiIiIiMjVZrLZbLay7oSIiIiIiIiIiIiIiIiIiNhlZGQAEBUVdZE9z2rWrBlQToaAFhERERERERERERERERERBcAiIiIiIiIiIiIiIiIiIuWGAmARERERERERERERERERkXJCAbCIiIiIiIiIiIiIiIiISDmhAFhEREREREREREREREREpJxQACwiIiIiIiIiIiIiIiIiUk4oABYRERERERERERERERERKScUAIuIiIiIiIiIiIiIiIiIlBMKgEVEREREREREREREREREygkFwCIiIiIiIiIiIiIiIiIi5YQCYBERERERERERERERERGRcsK1rDsgIiIiIiIiIiJyvcnLy2P//jgyM7OwWCwUFlrLuksiIiIicpW4uJjx9PTEx8eH8PC6uLu7l3WXrogCYBERERERERERkWJiY/dRWFhIaGgoPj4+uLu7lXWXREREROQqycvLJysri+Tko8TGxtK4ceOy7tIV0RDQIiIiIiIiIiIixaSknCIsLITKlf0V/oqIiIiUc+7ublSu7E9oaAgpKSll3Z0rpgBYRERERERERESkGKvVird3hbLuhoiIiIhcQ97eFbBa//5TfygAFhEREREREREREREREREpJxQAi4iIiIiIiIiIiIiIiIiUEwqARURERERERERERERERETKCQXAIiIiIiIiIiIiIiIiIiLlhAJgEREREREREREREREREZFyQgGwiIiIiIiIiIiIiIiIiEg5oQBYRERERERERERERERERKScUABcCgqjosjs3JnCqKiy7oqIiIiIiIiIiIiIiIiI/IMpAL4CtrQ042vBypXnrBcRERERERERERERERERuZb+dgHw2LFj6d69OwcPHryidl588UVatmzJ66+/ftltZA8eTMaNN1K4fTsAhdu3k3HjjWQPHnxFfRMRERERERERERERERERuRyuZd2BefPmMWnSpAvu8/7779OxY0eWL1/OypUrmTFjBiEhIXTo0AGLxcLbb79Nt27drlGPz3K75RbyV67E8v77AOS8+iouzZrhdsst17wvIiIiIiIiIiIiIiIiIiJlHgAHBAQQGRkJQFZWFgkJCQBERETg4eEBgK+vLwAnT55k2rRp1K9fv2w6W4zH8OG4Dx5MZufOmAGTvz8V5szB5OdX1l0TERERERERERERERERkX+gMg+Ae/ToQY8ePQBYt24dw4YNA+Ctt94iNDTU2O+7777jvffeIzg4mDlz5jhV/I4ZMwaALl26MGHCBFq1aoXVamXy5Ml06NCBY8eO0atXL6Odou0WtX//fqZPn050dDTZ2dnUqlWLfv36cffdd2M2nztati0tjczOnbGlplIxKoqMZs3I7NwZ3z/+UAgsIiIiIiIiIiIiIiIiItdcmQfAl8PDw4P77ruP7777joKCAjp06EBwcPAVVQYfPHiQQYMGYbFYiIyMJCQkhN9++40333yTxMREI5guyuTnh+ezz2IODcXk54f35MnY0tIU/oqIiIiIiIiIiIiIiIhImfhbBsBeXl6MGjWKhQsXUlBQQO/evUucA7ikqt3z+eGHH7BYLAQHB/Ppp59iNpuJiIhg8uTJfPPNN/z73//Gzc3tnOPcBw82vne7++7LuyARERERERERERERERERkVJw6Qnp31hhYeFF90lOTgYgNDTUCI7Dw8MByM3NJS0t7ep1UERERERERERERERERESkFPytA2BX9AvHmQAAIABJREFUV3sBs81mc1rv7e0NQEZGBgCxsbEXbSswMBCAhIQErFYrAPHx8YB9yGk/DessIiIiIiIiIiIiIiIiIte5Mg2AbRd4WUt42UwmbCaTsVw9KAibycRnn3/OhPfeY8OmTViBho0bYzOZmDFrFpOnTuX1N94459jiy3f16YOHlxeHk5IY+uijvPraa0z76CNsJhN9+/fHxc2txD7ppZdeeumll17nf13o/3oREREREbm+WK1WOnXqTOvWbVm9evUVtfXssyNo3botkydPKaXelY2MjAzuvfd+HnvscaPYBGDdunW0bt2Wdu06kJeXd8E2Hn54CK1bt2XWrE+udnf/tgoLC7n55luIidlb1l25Yl9+OZfhw0eWdTdKNHLkKP773y9Krb2VK1fy0EODNXqmiMh16JrPAVz8F762It/YbGAymcFkwnZm+SyTfRsmY/2wYc/y7rvvEhcXz759sQQEVOWmm1oxatTzjBs3jvj4eDZs2MjQoY8wceJE+2mMdp3bCwkJ5dNPP2PmzJlER0cTGxtHSEgo99xzD3fffXexvoiIiMilsAGmoitMZ7/Yzl0tIiIiIvKPsG7dOhYtWkx0dDRpaWn4+PgQHFyT1q1b8/DDg3FzcyuTfiUlJWGxWACoV6/eFbXlGFnvStspS3l5eTz//AvUrl2b119/DU9PT2Pbvn32EQfDwkJxd3fHarXSpUs3cnJyeOutN+jSpQtgH7nQ09OTyMjGNG/evEyu43qQnZ3NvHlfsWzZcpKTk/Hy8qJOnTBGjRpFeHgdcnNzefrppwgPr1PWXb1icXFx1K9fus/9Z5/NITp6FxMnvntF7cTFxXHvvf1LpU/btkUxb95XTJ06hUqVKpVKmyIiUnquaQBsK/YVm/O61m3bsX7jJmO50HZ221339OWue/oCUHBmfcvWbfjmu++dzlFgg+CQUGbO/tRp/T39Bzjt89r4N3ht/BtO7YWG1+XNdyaU2O8CBcAiIiKXxHS+701gKiH1dYTBCoFFREREpLzLz8/n9dfH8+uvvwHg7+/PDTdEkp2dzb59sRw8eIhHH33kqvejoKDAmFqtKEdoW6lSJWO6tMuRkZHBiRMngOs7AD7ffXDYsyeGLl260K9fX1xcXJy27du3D4D69esDcOjQIXJycgDnazaZTHz00fTS7vrfitVq5dlnh+Pl5c2bb75BrVrBnDp1inXr1lOpUkXAPqXfgAGlE0xeCzabDavVes5zAfaQtWPHDpfV7vmeyX37YmnQoP5ltemQmZnJsWPHjGf2SthsNvbt28fEie/h6+t7xe2JiEjpu2YBsFP4aysyBGRJ39vOrRQWERGRvx8TZ4Jfir3OhMEmwGZSCCwiIiIi/wyTJ0/h119/w9XVlREjhnPPPX0wm+0ztGVlZREdHY3JZP+peOzY1/jll6X06NGd118fB8AjjzzKzp3RDB06hMcee5RDhw7x5ptvkZBwkMzMTDw9Palfvz4jRgwnIqIuABMnTmL+/G9p0aIFdeqEsWzZcho3bsykSe8xb95XzJ//LSkpKbRr145atYIB5wBz1qxP+O23ZZw8eZK8vDyqVq1Kr163OwXVGzZs4KOPPiY+fj/h4XW4++67AXB3dyc0NASAtLQ0PvtsDitXriIlJYWqVavSvXs3hg4dgoeHR4n3a+XKlYwe/SKenp78618D+eWXpaSlpdG2bRtefHEMFSpUACA+fj+zZ89my5at5OTkUKtWMPfffz+9e/cCID09nR49egLw1FNPsmLFCmJj45g1ayaNGjV0OuePPy7mjTfeJCAggCVLFtO0aROmT/+Izz//L82aNWXGjI8B2Lv3bAD82Wdz+PjjGUYbffvag8zp0z8kIyODMWP+g6enJ3/88Ttms5kHHxxIXFw8Awb05/jxE6xfv56goCDGjn2VHTt28NVXX5OWlkaPHt158cUxmEymS3qvi7v33vtJSEhg+vRptGhhrz6eMWMmn376mXEtVquVBQsWsnjxYg4cSMDT05M2bVozfPiz+Pv7A9C9+61Ow187TJ06mVatWtGtWw+ysrIYN+41br21xzn7xcTsZefOaObNm2tU+AYFBdG37z3GPjNnziIhIYE337QX7DzyyKO0bNmSQ4cOcfjwYdLTMxg9+nnat29f4rXm5+fzySez+eWXpeTm5tK37z1s2bKFnj170qfP3SxYsJAlS5bwySezjGNef308vr6+DB/+LGAfunnx4p84fvw4Hh4e3HFHb5566knAXg3euXNXhg17ht9++42TJ1OYOnUyFStWZPLkKWzatBkPDw+GDXuaAwcSjJA1MTGRiRPfJyYmhtOnTxMeXofRo0cbFcIzZ85iz54YgoIC2bZtG40bN+b//u8lp2sbPnwkGzZsIDo6mqVLf6VDh/aMGDGcU6dO8eGH01i7dh2FhYW0a9eWF154Hh8fH+O+T5kylfj4eIKCArnnnnuoVq0afn5+gH0kgtmzP+XQocMUFhbSsmVLXn75JXx9fZkz53PWr19vPO9gD6Eff/wJvv56Hv7+/kyd+gE33dQSX1/fi16niIhce9ckAC4e/lo5G/JabfaX4/uiX+HsMNAKhEVERK5/jgDXVKS612w696uZs0Gw2aYQWERERETKv8TERL7//gcAHnvsUfr16+u03cfHhzZt2hjLe/bEANCgQQPAPkdqbGwcgBGqREVtB6BXr9vx9PRk6dJf2bJlC+PHj+fzz+cAsHevfU7VrVu3kpNzmvbt29G4cWNmzpzF7Nmf4urqSseOHTl8+JAx72/R0Gb16tU0bdqEoKAgkpKSWLLkZz75ZDYNGzagQ4cObNy4kREjnsNqtdK8eXPc3NyYMME+TG3duuG4urqSmZnJ0KGPkpiYSFhYKLfd1pPff1/B55//l+zsbJ5/flSJ98wxzLLFYmHv3n3cfvttxjDCQUFBPPXUk0RH7+Kpp57GYrHQokUL/P39WL78d15/fTxeXp507drVuAcA//3vF7Rt24bKlatQt274OeeMiYk5cw/qF1m312lddnY2iYmJxrrk5GTCwkI5cCCB4OBg2rdvZ2z78su5Z97H+pjNZnJzczlwIAGAhQsX0aJFC2w2GwkJCTz99DP4+fnh7+/H0aNHWbToR3r37k2TJjdc0ntdXIMG9UlISGDfvn20aNGcEydOMG/eV5jNZkaNst/zceNe55dfllKrVi0GDnyQ9evXs3Tpr6SmpjF16mROnz7Nbbf1NNpcsuRnsrKy8PPzo2HDhiQmJpKVlXXOc1NUpUoVcXFx4ZNPZtOvX18aN27kNJy24x43bdoEsFcMx8bG4e1dgfHjx1GxYkW+/HIus2Z9ct4AePz4Nzh1KpXZs2fh7+/PuHGvs3NnNMOGDTPeV8dn6ew5Yxg4cKCx7OfnxwcfTKFatWrs3BnN008/Q5s2bWjRojlxcfEUFBSwd+9epk+fhoeHBzk5OTz88BA6dOjA999/S15eHk8//Qyenp7UrFkTgKysbAYOfIDIyEhsNhtvvfU2kydP4aOPphnXvXPnTh5+eDAvvPD8ea5tHF27dmf27FlUq1YNgNOnT/P44/+mU6ebWbjwB6xWK6NHv8i0adMZPfoF4uLiefbZ4YwcOYKuXbsQFxfPv//9pNMw5FarlRdffJGwsFBSUlIYMWIkX3/9DY8++gj16kXwxRdfOvVj8uQpDBz4INWrV2f37j24uroSGhp6SdcpIiLX3rWtAC4S/haeCX6t2L8WFllnKxYSG8eLiIjIdc1U5KvJEfSa7KGvy5mXGXvoazaBC2AtFgKLiIiIiJRH69dvwHam0qFHj+4A7N+/n/vvf9DYp1ev23nllZc5ffo0Bw8eBDCGfU1IOGjMz+sIIm+9tQd33nkHYA9JAwMDGT/+DU6eTAHsAY8jRO3du5dRWXjkyBH6978XgFdffYUePbpz4sQJeve+06l9gE8+mYWHhwcFBQXk5eWxffsOEhMTOXHiJFarlUmTJmO1WunT527GjBkNQP/+93Lo0CGjnWnTppOYmEhERF1mz/4EDw8PAgMDmTlzFitXrjpvAOyosm3bti3vvvsOACdPnuSHHxYQHR2N1Wpl/PjxWCwWp/OnpqaxZcsWVq5cRdeuXY0A19PTk08+mWmEViXZs2eP032398M5AHbcU4B69SJo1qwpCxYsAKBz51t4+umnjO3Fw+PY2DgKCwsBGDv2Fbp27crzz49m9erV+Pn5MXfuF6SlpXHXXX2c+nWx97okDRs2ZOnSX4mNtfd35sxZWCwWBgzoT0REXVatWsUvvyzF1dWVt99+i4CAKjRu3IgRI55j8+bN5OXl4e3tzciRI8jNzWXs2HFkZWVRu3Zt3n9/IhUrViQvL4+xY1/FZDIREhJSYj9q1qzJ9OnT+O677/jPf17i9OnTdOp0M889N9KoMo6JieG+++xT+CUkJGCxWPjPf8ZQsaJ9iOiKFSsan5/idu6MZvXqNXz77TcEBAQY92vZsuVGyB8TE0O/fv2MYywWy5lK3bOhtaNiHOCGGyIJDQ0hMzPDOL5q1aq8+OIYY47u+fO/xdvb23i/vb29adeuHTt37jQq+YsP29y9ezc++uhsVW1MTAyPP/4YTZrccJ530f78+fv7G+EvwNdff0OVKpWdnrUePbozf/58AKZO/YA77uhtVGQ3aFCf8PA6Tv3p0OHsMNXVqlWjdevWZGZmAhAREUFWVhbHjh2jevXqrFy5kqSkJN5/f6LR7/r16xkjGFzsOkVE5Nq76gGwY3jn4uFv0VeB9cxXGxRanYPhokNEi4iIyPWt6BDPjkpfswlczOB6JgB2NZ8Jg88cUzwEdrQjIiIiIlKepKamGt875vgsKCikX7++/PjjYvLy8mjY0D4ccUzMXiPscgzHHB0dDdirFAMDA8nNzeWLL75k2bLlJCYmUlBQYLTvCOKKzks7cODZoHnDho0UFBRQqVIlunfvBmCEkvZzRgCwffsO5s6dx7Zt284ZAjgkJIRDhw6RkGCvZi0arjn64ui7Y87jXr16GcM95+XlOd2Lkjjm2XX0EezDOQNUqVKFfftijWraPn3OBqb5+c5tOwLcDh3aXzD8LSgoMKqsHYFWYmIiaWlpZ9Y1cOpX7dq18fb2PjMfaqzTNRe/Bsexjr5UqVKFLl26AJCUZK8mvv322/D09CQpKQmwzx9ct274Jb3XJSna3/j4/fz00xL8/f157LFHAViy5Bfjuh98cKDTsWaz2Qj30tLSGDXqeXbujKZp0yZMmPCOMYxwQECAU4Xw+TRr1pRmzZoCEB29i+eff4EZM2YyZsxoTpw4QUpKihGS7927j/DwOk7zUO/bt4/w8HMrtsE+VHjbtm2M8Nfe53TCwkLx8PAgPz+fuLh4pwrg2Ng43NzcjOfh8OHD/Pe/X7Bjx07jDy2OHTtGWFgYYA88b765oxH+AqxatYpu3c4+m2D/A4Wiz8DChYv45ZdfOH78BFarlezsbNq2tVf6O667S5fOF7x3MTF7z3mu1q1bR8+ezvc9NTWVqlWrkZ2dzebNm3nyyX87bT9x4qTx2T59+jRffPEla9euJT09wzh+xIjhAFStWhU/Pz/i4+OpXLkyH3wwjWHDnjY+v8Urqi90nSIiUjauaQVw8fA332oPf/POfM0vEgYbFcIlDActIiIi15/iwz4Xrfp1NYPbma/uNvtXzGePdUEVwCIiIiJSvgUFBRnfL1iwkMcee5R69SIYMuRhvvvuewAjAI6PjwfsYa+vry82m40lS5YAOFXVfvPNfEJCQhg/fhz+/pV59913iYuLp2FDezDjqD718/NzCj4dYXTFihWNSsU//lgJ2Ktka9euzYkTJ3jmmWHk5uYyaNC/aNOmNfv2xTJ58hRMJhMNGtQ3KnTBPswv2MO7I0eOAPYw1GazYbVaAfucwGAfQtkRCp8v/EpLS+P48ePA2SA3OTmZtWvXAdC+fXunINTd3R7M7dsXS3T0Lqe2HfehadOmJZ7L4eDBQ+Tn5wMQHGyfD/nHHxcD4OHhYcxn7Ah1HdWjiYmJnD59GsBpPt7jx4+TkmKv0HUEyo4AODIyEpPJZFSi2vvXxKm/oaEheHt7M2nS+xd9r0viGHb6wIEEJk+egtVq5amnnsTX1xfACDpvueUW+vZ1rjg2m824urpy6NAhRox4jsTERLp27cKrr77iNGfzxo0bOXUqlbp16553LuLiIiMbU6tWsDF0dExMDDVq1KBSpUrGcknDNRcPPB1SU1ONa3L444+VRmiakGCvpg8LO/sZWL9+PfXqRRjDcj/22BMMGvQvhg9/lgoVKrBjx05GjBhJ7dq1Afv71r9/f6dzpKScokqVKsZydnY2a9b8acwpPG/eVyxZsoRx48YZcx8PGzbcuLaYmBgCAwOd2iiJ/X44V9impqY5XbPNZmPFihV07dqV9PR0rFYrVapUNrZHRW0nOTnZ+PfjlVfGUqGCN5MmTSQgIACLxUKvXncY/waBvQo4Li6e+Pj9VK0aQNeuXY1te/fuZcCAAZd0nSIiUjauagBsK/KNo4rXWiT8zbdCbqE9AM6zQl7hmfVnKoEdQbAjPBYREZHrm+lMiOsIfl3OBL9uZnB3sYe/VhsYvy4wnw2MbYDpzCTAmgtYRERERMqb7t278eWXc0lISGD27E9Zvvx3AgMDSU5OBuwhpyNQdASeaWlpjBv3OklJSWzfvgM4GyQ6QkM3N1dsNhurVq0iLs4eHDtCnOJDFzs0amTffvjwYaZO/QCTycTXX38DYIRiR44cJTc3F7CHwsePn2DBgoWAverU29ubsLBQPD09sVgsvPPOuzRu3MiY59hsNlO3bjgmk4kOHdqzfPnvzJw5i71797Jly1aOHj1KRERdhg4dUuL9cvTdZDIxdeoHbNiwgY0bN2GxWLjhhkhuvbUH+fn5xj38v/97mfr167N69RqsViu9et1Ox44dycrKMubrLRpulcTV1cX4/r33JlG5sj/Lli0H7MGui4t9uyMAdgSM2dmnjeOmT/+YGjXs8xM7rsHT09MI4B3riob0joDcEZg5hqF29PdS3uuSeHp6EhYWSnz8fjZt2kRkZGOnYY7btWvLxo0b2bx5MzVr1qBChQokJyezefP/eO21sWRkZPDoo4+TlpaGj48PAQEBTJs2HYABA/oTHBzMq6++RmpqKq+88nKJAfDevftYtWoV3bt3o0aNGmRkZLBw4SJ27drN448/ZtyDomHh3r17jepoODv/9fDhJQeK4eHhzJ//LSdOnMDX15evvvqaNWvW8Oyz9vl/HdX02dnZVKpUia1btzFv3lfGvTh69CinTp2iR4/uxj14++23qV+/PiaTqcQKYoA6derwyy9L6dTpZk6fPs348W+SkZFhfN52795NkyZNCA+vg81m45tv5rNx40YGD37IuO6LPZNgr2Yu+gckYB+ietmy5XTqdDMWi4WPPvqYvLw8+vfvh5ubGz4+Pixa9CNDhw4hLi6e118fT8WKFY2q6t27dzNixHACAgLIycnhrbfeJjc312le7Hr1Ivjf/7awe/dupk370Fhf/H5c7DpFRKRsXLMhoG1F5vx1DPucW2h/WaxgKYDcIoGwoxLYERg72hIREZHrkyOwdSlS/etqBnczeLiAhxUKXc/+UVfRSmGrzb6sIaBFREREpLzy9PRk9uxZzJ07jz/++IOjR5NJSUkhICCA3r170a1bV2N42e7du7Fs2XKio6OJiYmhd+/exMTsxWKxGCHx4MEPcezYMRITk/jiiy/p3PlsJa0jJHZUkhavEm3bti2PPDKU77//gSVLfqZjxw7ccEMk27ZFGaFmZGRj7rijN7//voIfflhA27ZtCAoK4uDBg0Z7fn5+jBs3lg8+mMaWLVuwWCy0a9eWRYt+JDQ0BE9PTwBefHEMfn5+rF69hiVLfiYwMJCHHhrEQw8NokKFCiXeL8eQyjfcEEnr1q356quvAbjzzjsYNuwZzGYzHh4eTJnyPh9+OJ0dO3Zw+HAiYWGh3HXXXfTpczdwdh5hs9l80QrVkJAQ+vfvx08/LSEpKYk6dcJo1qwpUVHbjVCvoKCA/fsPON3niIi69Ox5KytXrmL16tVUr16dESOGG/ffEaoXFBQYwa0jhHcEwrVq1cLHx8fpfXMEbJfyXp9Pw4YNiY/fj8lk4vnnnzcqvgHuvXcAeXl5/PTTEubP/xZ3d3eqV69Gu3ZtadiwAVFRUcbw11lZWXzzzXzj2IcfHkxycrJRTX6+SmSTyURsbByLFv1IWloafn5+NG7cmBkzPiYysjEAe/bEGHPgOobTfvLJJ402EhIOUlBQYAxfXFzfvvcQHb2L/v3vpUqVKjzwwP3GeRz3/7bbejJw4CBq1AiiVatWhITUNt7T0NBQ7rvvXoYMeYSwsDBq1AgiMDDIqBiOi4vHxcXFqYIY4Nlnn+G118Zx++29CQysTvv27dm0aZNRKT5w4EDGjRvHkCFD8fevzE03tTSq54tf94UMGNCPCRPe47vvvufBBx9g6NAhDBv2DG+/PYFeve7A1dWVjh078NFH0/Hy8gLglVf+j0mTJjN//reEhYXStGkTjh07brT5zDNPM23adBYsWIi/vx/Vq1cnIqKu05DsERERzJ07j7vvvstpruS4uHhcXV0v+TpFRKRsmGy2q1dbW7Tq13om9C2wnQl9z7xyCuFINnwWC8ctV6snIiIiUtaqesKQCKhRAbxcwPPMy8PFPj+wq/lsIOyYS1hEREREpKysXLmSjh3bl3U3/rFefvkVfvttGX363M2YMaPLujvyN7Jp0yZeeWUsP//8kzGPsYiIyF+xZs1abrnllrLuBhkZ9nnao6KiLvmYZs2aAdd6DmDODuvsmPvXUgCfxsKTEXm0rlLo9FdoIiIiUj7YbDY2prjwUaw7z0WeqQ42QaHZ/nOBi0kjfYiIiIiIyFmOCuDw8PCL7Cn/dBs2bKBRo0ZUrFiR6OhdvPHGWzz55L8V/oqIyD/a1Q+AbfahHm1FhnMusNnn+c0rtA/7fMICbavaMJvt3VEILCIiUn44BhtpW9XKazvt//e7FdrnBXazgeuZnxFstiIhsH4UEBERERH5x7JYLBw8eBBQACwXt2rVal566WVcXFyoXr0aTzzxOLfd1rOsuyUiIlKmrmoAXLySxzEXcOGZOX7zz8z5C/Z5OMxmMyaTSQGwiIhIOWKz2Sg640RuIXiY7T8LFFrBZi75Zwb9NCAiIiIi8s/k6enJhg3ryrob8jcxevQLjB79Qll3Q0RE5LpyTYeAdswF7KgEzrfZh4F2MJlMGppDRESknDGZTFitZ//Dz7PafwYotDn/bKAhoEVERERERERERESu3FVPWx1z/zqGdbSeeRUWqQQGVPkrIgI88MADZd0Fkaui6P/zjsrfQtvZnwuK/qygIFhERERERERERETk8l2zclvHL3NtxaqAC/VbXhERkX+UwmLVv47RofUjgYiIiIiIiIiIiMiVuyYBcNHw1/G16JCP17Mvv/ySxx9/nKFDh5KVlVXW3blsBw8eZMyYMTzyyCPMmzfvmp//5Zdf5o8//rjm5xURkeuPtaTwVyGwiIiIiIiIiIiISKm4ZnMAO9iKvS5WAXyh4VBNJhNz5879y33YunUrc+bMYerUqRfc7+DBg6xYsYIPPviAChUq/OXzXCmLxcKQIUOYMmUKVatWvaK2vv/+e5o3b86AAQNKqXf/DH/++SfLli3j0KFD5OXlXdLz9tVXX7Ft2zaOHTuGj48PLVq04P7778fLy8vYZ82aNXz//fecOnWKWrVqMWTIEMLDwwGIjY1l0aJFxMXFkZubS3BwMH379qVZs2YApKWl8c0337Br1y7S09OpUqUKXbt2pVevXk79uNA5itq1axdvvPEGLVq04LnnnjPWp6enM3v2bHbs2IGHhwcdO3bkgQcecJqne8+ePXzzzTccOHAAd3d3WrRowRNPPHHZ93PNmjX8/vvvHD58GBcXF+rVq8cDDzxAjRo1ADh27BgzZswgKSkJi8VCQEAAPXr04NZbbzXaiI2NZd68eSQkJODu7k5kZCSDBg2iUqVKAPzwww/8+eefpKSk4OHhQYMGDRg4cCDVqlUz2jh58iRz585lx44dFBYWUqtWLV588UW8vb0vqQ8Xu3dWq5WvvvqK1atXk5ubS5MmTRg6dKjRR5HyrtB27s8DIiIiIiIiIiIiIlI6rmkAXPyXvJfyC9/PP//c+P6DDz7A29uboUOHlnbXSnTixAn8/f3LJPwtbcePH6dNmzZl3Y2/HV9fX3r27ElmZqbTs3ghGRkZDBo0iODgYFJSUpg+fTpz5szh3//+NwAxMTHMmjWLZ555hsjISJYsWcLbb7/N+++/j4+PD8ePH+eGG27g/vvvp0KFCqxYsYKJEyfyzjvvUKNGDTIyMqhYsSLDhw+nSpUq7Nu3j2nTpuHj40OnTp0u6RwOFouFTz/9lPr1659zHR9++CEuLi5MmTKFzMxMJkyYgJeXF3379gVg3759vPPOOwwYMICnn34agCNHjlzR/Tx+/Dg9e/akbt26FBYWMnfuXN5++22mTJmCyWTC29ubAQMGEBgYiKurKwcOHGDy5MkEBATQokULCgsLmTBhAh06dOD/2bvv+Brv/o/jr3OySSIkCCKCRKmtNFWbDiON2Zp3je7WXaM1WpRWuVVLW1q1q2YpsfcorflTo2qHSOwZI7KTc35/xLnkSBCEuN3v5+ORh3Ou8f1+rus6eeRyfc738+3bty9xcXGMHj2ayZMn06NHDwDKly/Pc889R548eYiLi2PevHl8++23/Oc//wEgNjaWQYMGUb58eQYPHkzu3LmJiorCwcEB4K4xZOXcLVy4kC1bttC/f388PT0ZN24co0aNYsCAAVn6jIk8CW69H1ASWERERERERERERCR7PPIRwHDjQe+Nso93e+Dr5ORkvDabzZjNZmPZ+fPnmTbFCLMiAAAgAElEQVRtGuHh4ZjNZp599lnatm2Li4sLKSkpTJkyhb/++ovk5GRy585N69atCQoKYuLEiVy7do3u3bsD8O6771K6dGm7fn///XfmzJnD9evX6d69OyVKlODDDz9kxYoVrFmzhkuXLpE7d26qV69OmzZtjOTQuXPnmDFjBuHh4SQlJeHv70/v3r1xc3MjISGB2bNns2PHDuLj4wkKCqJLly74+PhkeuxDhgwBYPDgwZjNZl544QVCQkI4duwY06dPJyoqCnd3d+rWrUtoaKjdyMz0+vbty6lTp5g2bRpz5szh/fffJykpidmzZ3PmzBkcHBwoU6YMnTp1wsvLK+0aWa2sXr2a1atXc/HiRdzd3WnevDn169fHarWyZs0aVq5cyeXLl/H19aVDhw6UKVPmLlfzpvu5djVq1ODChQtMmjSJo0ePApA3b14+/PBD/Pz8SE1NJSwsjD///JP4+HgCAgJ4/fXXKVq0KABTp07l8uXLODk5cfz4cRISEmjSpAkvvvjibeOsWLEikDZqPKveeecd47WXlxcvvPACK1euNJatXbuWypUrU61aNQBatmzJunXr2LZtGw0aNKBGjRp27bVo0YJly5Zx9OhRChcujL+/P/7+/sb6atWqUaFCBQ4ePGgkgO/Wh82MGTOoUaMGly9f5sqVK8bys2fPsm/fPoYNG0aePHnIkycPr7zyCmFhYUYSc/bs2dSpU4fGjRsb+93us2xzt/Npazv9+08++YTo6Gi8vb3x8PCw+10tVKgQzs7OnDlzBoDr168TGxtLgwYNcHFxwcXFheeff54lS5YY+wQFBRmv3dzc8Pb2ZuvWrcayFStWkDt3bt5++21MJhMAFSpUMNbfLYasnLs1a9YQGhpqfDbbt29Pr1697ppAF3lS3Mt9gIiIiIiIiIiIiIjcmxxJAGeHxMREBg8eTO3atfn3v/9NYmIio0eP5tdff6Vjx45s2LCBo0ePMmLECHLnzs2VK1eIjY2lQIECvPnmm0yZMoXvvvvutu3Xq1ePXLlyMWfOHEaMGGEs9/LyolevXhQoUIAzZ87w9ddfky9fPho1akR8fDyDBw8mODiY9957D2dnZ44cOWIkZseMGUNKSooxqnDu3LmMGDGCoUOHGomm9Pr160eXLl0YMGCAUQI6JiaGoUOHEhISwieffMLZs2cZPnw4jo6OhISEZHosw4YNo3fv3jRr1oznn38eSCvd27FjR4oXL058fDxjx45l8uTJ9OzZE4Dly5ezbNkyunXrRmBgINeuXePSpUsArFy5khUrVtCjRw/8/f3ZsWMH33zzDcOHD8fb2/uhXTtISzp6e3vTq1cvzGYzZ86cMUZoz58/ny1btvDJJ5/g4+PD/PnzGTp0KCNHjjTKL+/cuZOBAwdSokQJzpw5Q9++fSlfvjy+vr53jft+HTp0iICAAON9VFQUNWvWNN6bTCYCAgKIiorKdP8TJ04QFxdHsWLFMl2fnJzM0aNHCQ0Nvac+9u3bR3h4OEOGDGHKlCl2bR4/fhxHR0e7RHOJEiW4evUqV69exd3dnUOHDlGiRAn69OnDxYsX8fPzo127dpmOJr5fBw8exNPTk3z58tkt79evH+fPnyc2NpbChQsbx5onTx7q1KnD2rVradOmDfHx8WzevDnD6PctW7YwdepU4uLiSElJoW3btsa6/fv3U6RIEYYNG8bhw4fx9vamcePG1K9fP0sx3O3cmc1mLl++TIkSJYz1RYoUwdnZmePHj2fPiRMRERERERERERERkf9ZmQ8Z/S+wfft2HBwcePXVV3F2dsbDw4PXXnuNjRs3Amkjh+Pi4oiKiiIlJQUvLy+KFCnywP0+99xzFCxYEJPJROHChXnxxRfZt28fAH/99Rdms5kOHTrg5uaGg4MDTz31FC4uLkRHR/PXX38Z83w6Ojry2muvcfbsWU6cOJHl/nfs2EHu3LkJDQ3F0dERPz8/QkJCWLdu3T0dR5kyZQgMDMTBwQF3d3datWrF3r17jfUrV66kZcuWBAUFYTKZyJMnj5GwWrFiBa1ataJYsWKYTCaqVq1KUFAQ27dvz1LfD3LtHB0diY6O5tSpUwAULlzYmDd1/fr1NG/enEKFCuHk5ESrVq0A2LVrl9F3hQoVjOMoVKgQhQoV4tixY/d07u7F6tWrOXDgAO3btzeWxcfH280HDGllhePj4zPsHxMTw6hRo2jSpIldQtHGarUyduxY8ufPbzey9259JCQkMGHCBN566y1j9Hp68fHx5MqVy26ZLdEeHx9PXFwcFouFzZs389577/HTTz9RuXJlvvrqK6Kjo+92WrLk6NGjzJkzh7feeivDFyT69OnDkCFDePPNN6lcubLdsT7//PPs3LmTzp078/7772M2m2nWrJnd/s888wz/+c9/6N+/Pw0aNLBL0MfExLBt2zbq1avH+PHjef3115kyZUqGUcu3i+Fu5852DW7d5nafARERERERERERERERkXvxXzsC+Pz581y9epWPPvrIWGa1WjGZTCQkJFCzZk2uXbvGtGnTOHv2LGXLlqVdu3YULlw40/a6d+/O+fPnAWjYsCGvv/56ptvt2rWLJUuWGNsmJiYao0cvXLhgJIczixdg6NChdstdXFy4cuUKx48fZ8yYMcbyCRMmZJqYu3TpEgUKFLDro2DBgsbo3I0bN2ZoJ7M5jE+dOsVvv/1GZGQkKSkpWK1WEhISSE5OxtHRkYsXL1KoUKEM+1mtVi5cuMCcOXOYP3++sTwhIYGSJUsSHR1tzAcL0LNnT6pWrZrhXNzvtWvfvj1hYWGMGDGChIQEnn32Wdq1a4erqyuXL1+mQIECRptmsxkfHx/j3EBa+d70nJycSEhIALL+GbC527EuX76cxYsX243ghrSyw7cm+uLi4jKUT75y5QpDhw6lXLlytGvXLkP/qampjBkzhujoaPr06YOj481f57v1MXPmTKpVq0bJkiUzPTY3Nzfi4uLsltlGYbu5ueHi4gKkjZS3JU+bNm3K8uXL2bdvH2XLlr3r5+BODh06xMiRI3nzzTeNeXXT8/T0xNPTk/r16/PDDz8QFhZG27ZtOX36NF999RXt27enQYMGJCYmMm3aNIYMGcLgwYON/Z2dnXF2dsbLywsPDw/69u3L6NGj8fDwwNXVldKlSxujhitUqECVKlXYvn07VapUuWsMdzt3tooAt24TFxeXIWkvIiIiIiIiIiIiIiJyr3IkAWwCTKYbP/fZRv78+cmfPz/Dhw+/7TYhISGEhIQQGxvL9OnTGTduHJ9//nmmc+XeqRy0zbVr1xgxYgQfffQRlSpVwmQysXz5cjZv3mzEtH79eiOZmZ4t8TZw4EA8PT0zbT99yV5ISy7fytvbmwsXLtgtO3/+vFF6uWbNmhnayczo0aOpUqUK77//Ps7OzkRFRfHJJ58AaeWCfXx8OHv2bIa5kW3r2rVrR3BwcKZtz5w58459P8i18/DwoGPHjnTs2JHz58/z/fffs3DhQtq0aUPevHm5cOGCUYLYarVy8eLFLJWlhqx9BtLLly/fbY81LCyMdevW8dlnn2UoL12sWDEiIiKM91arlcjISLtE5/nz5xk6dCjPPfccbdq0ydB+UlIS3333HcnJyfTt29dIyGa1jz179nD9+nU2bNgApH3WLBYLb7/9NqNHj8bf35+UlBROnjyJn58fAJGRkcactpA2+jr959xkMhmf/Tudm7v5+++/+eGHH3j33XczTf5m5ty5c0BauWyz2UyjRo2AtETvyy+/zIABA4iJicnwBQDbuUlKSuLKlSt4eHhQrFixTOfizeyLHZnFkJVzlzdvXo4dO2bMR3z69GljznCR/wXZcR8gIiIiIiKZmzcvjOHDv8bPz495837L6XBEREREJAc80hLQJuwf9D7IQ9+qVasSHx/P3LlziY+PN5J9tjKt+/fvJyoqCovFgqurK7ly5TISv15eXly7ds0YlZdVCQkJWK1Wo/RxTEwMv//+u11MqampzJw5k/j4eFJTUzl8+DCJiYn4+PhQtWpVxo8fb4xIjY2NZevWraSmpmban4uLC25ubpw5c8ZY9swzz3D9+nWWLFlCSkoKp06dYvHixdSrV++ejiU2NhY/Pz+cnZ1JTU1l6dKldutfeuklwsLCOHr0KFarlWvXrhmlkhs2bMjs2bM5duyYkTzbv3+/MXr2bh7k2m3bto2LFy8C4O7ujrOzszFSuk6dOixYsIBz586RnJzMvHnzAKhcufI9nZv0LBYLycnJxjVKTk4mOTn5jvvMmDGD33//nU8//RRvb+8M+9SvX59du3axa9cukpKSWLhwIcnJyUZC/fTp03z++edUr16dli1bGvtbLBYgrYzwV199RUpKCt27d8dsNtvFmJU+Bg0axPDhwxk2bBjDhg0jODiYsmXLMmzYMJydnfH19aVs2bLMnDmT69evc+bMGRYvXmxXZvrFF19k3bp1HD9+nJSUFBYtWkRqairlypW77/P5f//3f3z//fe8++67VKhQwVhvtVqBtBLou3fvNubT/f3339m6dSsVK1YEMMp7r1q1ipSUFGJjY1m1ahU+Pj54eHhgtVpZsGABp06dMsqMT5w4ER8fH6M6QIMGDTh8+DDbt28nNTWVvXv3smvXLp599tksxZCVc/fCCy+wdOlSTp8+TWxsLDNnzqRMmTK3rVAg8iS69X5AiWARERER+V/yxReDCQ6uTnBwdfr0+eS+2pg+fQbBwdVp2zZj1bDHQXx8PH37fkqLFq0IDq7OpEmTM2wTHR1N7959qVOnHi+/3Ijvvx9l93wjNTWVUaNG8/LLjahTpx69e/e1q/QGsHTpMlq0aEXNmrXp1Kkze/fus1u/f/8BOnfuQs2atWnevCVLltg/A3sUMYwZ8xPt23fg+edr8sEH/763EykiIiJyHx75CGDTLT8O9/nE183NjQEDBjBr1iw++ugjEhMTyZcvH3Xq1KFKlSpcvnyZyZMnEx0djZOTEwEBAbz11lsABAQEUL16dXr06EFqaio9evS4Y9LKpkCBArRt25Yvv/wSDw8PcufOzTPPPGPMnevm5kb//v2ZMWMG3bt3JzU1FX9/f3r16gXAe++9R1hYGIMHD+bq1at4eHhQpkwZI7GUmbZt2zJ27FiSkpJo1KgRLVu25JNPPmHatGnMnz+f3LlzU7duXRo3bnxP5+/NN99k+vTprFixAkdHR6pXr27MwQvQuHFjzGYzP/30E5cuXcLd3Z0WLVpQvHhxGjZsiLOzM2PHjuXixYs4OztTvHjxu5ZMtnmQa3f06FGmTZtGXFwcLi4uVKpUidDQUACaN2+OxWJhyJAhxMXFERAQwCeffPJAZXU3bNjAhAkTjPcdO3YEYNy4cZmOJk1ISDCS6R9//LGx3NHRkalTpwJp8y+/+eabTJkyhcuXL1O0aFH69OmDu7s7AL///juXL19m4cKFLFy40GijTZs2hIaGcuDAAQ4cOABgnBdIK1Xct2/fLPXh5eVlF7eLiwtOTk7ky5fPWNa1a1cmTZpE165dcXJyok6dOrRo0cJY//LLLxMXF8ewYcOIj4/H39+fvn37Zmj7Xs7nwoULSUhIYMSIEXb7ff755wQFBWGxWJg7dy5nz57FZDJRsGBBOnbsaHwBIn/+/PTs2ZN58+bx66+/4uDgQMmSJY3fQYCIiAhWrlzJ9evX8fDw4Omnn+btt982vkgQEBBAt27d+PXXX/nhhx/Inz8/Xbp0oVKlSgB3jSEr565p06bExcUxaNAgkpKSKF++PB9++OFtz5vIk8bBlPF+QERERETkf0VsbCxr164z3m/cuJHo6Gi7/5M/rmyJ0cymLbuVyWSiYsUKvPpqK0aOHJnpNgMGDMTBwYH58+dx+fIVevb8iFy5cvHWW28CMGXKL6xZs5Yff/yBfPnyMnjwEPr3/4yffvoRgF27dvOf/wzjyy+/oFq1asyYMZMePXoyd+4c8uTJQ0xMDD169KR582aMHj2KHTt20K/fAAoV8jWqjj3sGACKFCnC+++/x++/r+fMmbMPcAVEREREssZktQ2tewgsgNUKqVZItkCSBeJTIDYFYpLhahJcSYJR+2H1iyk4ODjctcyqiMiTrF27dvddPlvkcWa1WklNTeXF1Y58+DR4OUMeZ/BwgtyO4OYIzmZwMt9IEJsecZkSEREREZFbrF+/nlq1amR7u2Fh8/nqq+F4eXkZld+6dv2Af/2rg7FN9eo1sFgsjBz5DTVq1ODcuXOEhjYDYPbsWfz221zmzp2Xoe0ZM6bz999/GyWg27dvx5QpvxATE8Pzz1enf/9+xhflIyIiGDt2PPv27SM2NpaiRf1o0aIFTZuGYjabiYyMpHXrtgD07duHWbN+5fjx4yxYEMaRI0f46KO0L1tv27blrsfcsWMnateuzRtvdDGWnThxglatXmPGjOkEBpYE0spXT5o0mWXLlgAQEhLKv/7VgdatXwPg2LFjtGnTjtmzZxEQEMBnnw0kMTGJr776D5D2pe1XXmnKG290oUWL5ixcuIiffhrL0qWLjaT1p5/2w2w28+WXgx9JDOmNGjWaQ4cO8+OPo+96zkRERCTn/PnnJurWrZvTYXDt2jUAdu/eneV9bIPZHtmzVVta12QC840fB9P9jwAWERGR/062v/+2+wHbd790SyAiIiIi/wsWLVoEQP369XjxxRcAWLx4yT218cwzVahUKW0qojx58tC69Wu0bv0aXl55jG1Onz7NxImTCAwMJCEhgTVr1vLrr7MBiIqKonPnN9iwYQO+vgWpV68ux45FMmzYV4wZ81OG/r75ZgQBAQHUrl07S6N/syI8PBwnJycj8QpQunRpLl26RHR0NFeuXOHChQs8/fTTxvrixYvj6urKkSNHAThy5AhPP13GWG82mylVqhRHjhwx+ihVqpRdzGXKlCE8/Ob6hx2DiIiISE546CWgjfKON8o9mm/8OJjAwQyOGt4jIiLyP8XRnHYP4GC6eV+Q/l5BiWAREREReVKFhx/hwIGDALzwwgu4u7szdeo0oqKi2LVrN5UrV7Lb3mzO/MFZ/fr1OX36DLt3/423dz569uyR6Xbjx4/Fz8+Pzz4byMqVq4y+FyxIm4LJz8+PCRPGYzabCQwMZNSo0cyZ8xvvvPO2XTs9e/agZcubUxtZrVYGDRp43+cBIDY2zpiqysbDw/3Guljj2N3dc9tt4+7uTmxs7B3buH79utHOrft7eHjcdf/sjEFEREQkJzyyOYBN3BzpYxv962RKK/coIiJpVP5Z/hc4m9PuAdKPAjablPgVERERkSffwoULAfDx8aFy5UqYzWYCAgKIjIxk0aJFGRLANra5d+9F/vz58fPzA8Db2xvASFqePXsOgGLFihlJzpIlSwCQmJjIlStX7Np69tlqdu8LFChAo0YN7zmm9HLnzpUhSRoTc/3GutxGXNevx9ptc/36dXLnzn3HNgoV8jXauXQp+pb1MXfdPztjEBEREckJDzX9euuDXNvoHtvIXyczuNyowGK1WnmI0xGLiIhIDkr/d97FIe0ewDYS2JRJ8lfJYBERERF50iQmJrJixUoALl68SPXqNQgOrk5kZCQAa9euMxKJuXLlAuDatRiATMsJ28oaWyyZP09zcnIyXptM9nfYvr4FgbRS0BaLBYCjRyMAcHFxwcvLy257Z2dnu/fnz59n+fIVLF++4o7HfCdBQUEkJycb/QIcOnQIb29v8uXLh5eXF/nz5+fgwYPG+sjISBISEoySzYGBgRw8eMhYb7FYOHz4MIGBgUYf4eHhxjHa+ggKurn+YccgIiIikhMe/gjgdOUcbSN/HW2jfx3AxQIFXGHrBRPPF7RisVgy3JSKiIjIfy9b8nfrBRMFXMHFnHYP4HTjnsA2Ethkmw9YtwEiIiIi8gT6/ff1xMSkJXRr1KhhJHCtVit//vkniYmJrFy5ipYtW1CmTBm2b9/OxImTCA8PZ8mSpRnas40wPXHiBEOH/gd3d3c+/PDfWYqladNQwsLmc/LkSd55512KFi3K6tVrAGjVqqVd8jgzhw8fZtCgzwHuOBI4KSnJ+CKoxWIhMTERBwcHHB0dKVq0KFWrVuXHH8cwcOAArly5wvTpM2jevJmxf/PmzZg5cxbVqlUlX758/PDDGKpUqUxAQAAAzZo1o1u37mzatIlnnnmGmTNnkZSURIMG9YG0eZZ//HEMkyf/TIcO7dm5cyd//PEn3347AuCRxACQkpJCamoqqampWK1WEhMTMZvNdz3PIiIiIvfrkZaANnFj7l9T2qgfZyukOkKXUvDDIUc++/tRRSMiIiKPTlpGt6ArdAkCV8e0MtCO5pv3Bcr7ioiIiMiTbtGixQBUqVKFkSO/sVvXu3dfNmzYwKJFi2jZsgUff9yTwYO/5MiRo2zdupUuXTozYsRIu31q1qzJiy++wObNW1i4cBFOTk5ZTgAHBAQwadJExo+fwL59+zh8OJxixfxp3rw5zZo1zZ4DBlq0aMWFCxcAOHjwEBMnTqJVq5b06vUxAIMHf86wYcMJDW2Gs7MzISFN6NKls7F/p04diY2N5e233yUxMZFnn32WL78cbKyvUqUyffv24ZtvRnLhwgUCA0vy7bcjyZMnD5A23++3347km2++YcqUX/Dx8aF3714888wzRhsPOwaAL74YzMqVq4z3tWvXpUSJ4syapWmgRERE5OEwWR9i3WWr7ccKFiukWiHFCskWSEqFhFRITIUECySkQKIl7X2SBVIsadvb9rO1JyIiIo8nWwLXNqLX+MLXjSkfXMxpyV/XG+9dHW6MBDZnMhIYJYRFREREJGetX7+eWrVq5HQYIiIiIvKI/fnnJurWrZvTYXDt2jUAdu/eneV9KlWqBDyCEcC2h7cmU9qEw2brzQfCLunWOZjAKTXt4XCyFVJvJIBTrTeTyCIiIvJ4syVvbSN7HcxppZ6dbpR9dk6XELaNADajxK+IiIiIiIiIiIhIdnmoCWATN0btmsBkTTcPMKQ97eXmMscbD4dT0iV+LTd+bLlfJYFFREQeX6YbmVvb33bbKGDbF7+c0o0IdjSn/d03Rv3e2I90bYiIiIiIiIiIiIjIvXu0cwDbkr825psPiFPN4HRj5K/FChZuJH+tN0tJi4iIyOPNlsg13fj7bhvd65CuzHP6uX+NOYBNSvqKiIiIiIiIiIiIZIdHVgLaakor/2xJlwQ2RgSb0kb8OlrBYr4xZzA3k7+gBLCIiMh/A1O6f23TP9iSwbZkr11i2HRzO1QCWkREREREREREROSBPdIRwLcmgc2mm6N9HUw3yz1nVvZZCWAREZHHn5EAvqUc9K3/GmWfb0n+ioiIiIiIiIiIiMiDeSQJYNtcwOmTwFbTzWXmG6+Ncs9WJXxFRESeBLYkr92/t7xOn/xVElhERERERERERETkwTzaEcDcTAKbANONRDDcMs+vyT4BrGSwiIjIfw/T7V7fmug12W+j5K+IiIiIiIiIiIjIg3tkCWCwTwIbC2wv061QwldEROTJYcrkza3JXiV/RURERERERERERLLHI00Ag/0D3tsmg1ESWERE5Elwp8Sukr4iIiIiIiIiIiIi2e+RJ4DT00NhEREREREREREREREREZHsY87pAEREREREREREREREREREJHsoASwiIiIiIiIiIiIiIiIi8oRQAlhERERERERERERERERE5AmhBPA9eOmll6hatSrLli3Ltjbnzp1L1apVadasWabrL168SEhICP369SMpKSlb+uzSpQvVqlUjIiLigdrpOv8wpl7raDhhNwAHz8dh6rUOU691nLyamB2hShZ169aNqlWrsnfv3pwORURERERERERERERERHLQY5EAXr9+PVWrVjV+atSoQUhICL179+avv/7K6fAMZcqUoVy5cuTNmzfb2vT29qZcuXI89dRTGdbFxsby4YcfEhISwpAhQ3B2dn7g/tauXcuePXuoU6cOJUqUAGDB3gtG4vbWnxWHLmW5bTcnM8H+ngT7e+LikPbR+mbDcUy91lHum20PHLvcXufOnQH47rvvcjgSEREREREREXkSzZsXRnBwdVq2fDXb227bth3BwdX55Zep2RpPVraJjIwkOLg6wcHVOXfu3D3FnZ3u5/zeb+xr164lOLg6NWvWvp9QH5lGjZoQHFyd5ctXZGn7fv36ExxcnSFDhj7kyERERB5/jjkdwK1KlSpFYmIip06dYt26daxbt46uXbvSqVOnHIspOTkZJycnvv/++2xvu169etSrVy/Tdblz52bmzJnZ2t+sWbMACAkJyXR9pcLuuDje/F6Al6tTltsulteVrf+u+mAB3kVSqhVnB1O2b/vfrlKlSvj5+bF7924OHjxI6dKlczokEREREREREblFhw7/Ijz8CACdOnXkvffeNdYNH/418+aFAVC1alV+/HF0jsR4O97e+ShXriwFChTM6VCylYuLC+XKlQXI8uCLOnXqkZCQwNChX9KgQYNsieNJPb8PonTp0ly7dpW8eb2ytL2/vz/lypWlSJEiDzkyERGRx99jlwD+6quvKFq0KJcuXWLgwIFs3bqVH3/8kVq1alGyZElSUlKYN28e8+fP5+TJk3h5eVGzZk0++OADPDw8AJg5cyZz587l7NmzODg4ULBgQVq0aEG7du0AOH78OOPHj2f37t1cvHgRb29vOnXqxKuvvsrcuXMZNmwYfn5+NGvWjFmzZuHm5saCBQt46aWXiI6O5osvvqBx48bGtoULF6ZJkyYsX76cq1evUrNmTfr06YO7u/s99bdgwQIArl69yoQJE9i4cSMXLlygYMGC1KlThzfeeAN3d3ciIyNp1aoVAB999BGLFy/m+PHjBAUFMWjQIIoVK5bpub18+TK7d+/GZDJRrVq1TLf57V/lCfRxy3TdNxuO88PGk1yKS+bVigW4NbV68HwcZb7eCsCJ/jUYti6KHzefBGDfub4gnzkAACAASURBVFhMvdYB8M9HwcQlpfLB/ENEXIrnWmIq7s4OPOvvyTchgZQvlHbe2kzfy+y/z9O2UkEczSbm773AaxULMOm1Mhliu9O2Kw9FM2TtMfadjcVsMlE9IA/fhARSKn8uAFYdjmbAiggOnI8lKcWCr4cLdUp68UubpwFw7L2OVCss6VKRJmW8OXk1kaJfbgLgQK/nKF0gF62m/sO8fy7QrnJBnB3MzPn7HL4ezoxq9hQpFiu9loRzNiaJl0rlY/JrT+Pp6pB2TeJT+GL1MZbsv8jpa4kUy+vK288V4d81/HAwm+zO6XehQUz56wzhF+OoUMidKa2fNo4BIDg4mJMnT7J27VolgEVEREREREQec2Fh8+nUqSNubm5cuXKFpUuzb8qxh6Fu3brUrVs3p8PIdoUKFWLSpIk5GkNycvITc35tA2myw7ffjrin7d95523eeeftbOlbRETkv91jlwC28fb2ZuDAgTRq1Air1cq6desoWbIkw4cPJywsDB8fHzp06MCePXuYO3cue/fu5ZdffuHw4cOMHDkSLy8vOnbsSGpqKseOHeP48eMAnDhxgg4dOhAXF0fhwoUJCQnh/PnzHDt2zK7/kydPMnXqVJ5//nkcHe98mk6fPs3OnTsJDQ1l/vz5LF++nOTkZIYNG5bl/mySk5N56623iIiIoHDhwjRs2JBNmzYxbdo0du3axeTJk+22//nnnwkNDSU+Pp5//vmH4cOH8+OPP2ba9sGDBwEoUqQIuXPnznSbV6f9YzcC+Pd3q+DmZOaXv87Qa0naN1Qbl/Ym/EIcW6Ku3vG81AvMy54zMfx57CreuRzpUKUQAD65ndh6MQ6LFTpVK0ReNycW7rvAqsPRNJuyh0N9quNovple/nX3OYJ83GhRPr9dwjMzt2776+5ztJ2xD2cHE+9V9yMuOZUJ207zR8Rl/u4ZTFEvV16b9g/XElLpVqso+XI5EXEpnv3nYjO0nZWxxL/uPsczRTwo6e3GP2djaT39HxxMJuqWzMvJK4nM++cCTxeM4ouXS5CcaqXOmB38czaWqn4edHjGl5k7z9JjUThRlxP4NjTIru3/rIuic7VCxCalsiXqGl3nH2bV25WM9UFBadvv378/C5GKiIiIiIiISE7JkycPV69eZfHiJbz22qvMmxdGQkKCsTy9a9euMWnSZDZu3MTFixfx9fWlWbOmvPbaqzg4OBAZGUnr1m0B6NGjO0uXLuX48RMEBQUyYEB/Y6DArFm/EhY2327ARLNmTWnbtg0JCQn06NGTqKjjXL16FQcHB4oXD6Bjx9epX78+kFaiePjwr/Hz82PevN+yFFtm4uPjGTnyWzZs+ANHR0fat2+X6XZbt27l55+nEBFxDLPZTLly5fjww663HfhwN2Fh85ky5RdiYmJ4/vnq9O/fDzc3N7vzt2jRAgoWLMi2bdsYN248x45FkpycjLe3N1WqVKZbtw95+eVGRpufftof6E+9evUYNmwoV69eZdKkyWzatNkY1FG7di06d+5kDBRp1KgJ0dHRvPFGF3bu3Mk//+ylX79PiY+Pz3B+hw//ms2bt3D58mVSUlLw9fWlceNGvPFGl3s69m3btjFq1GiOHz9B+fLlqV79uQzb3M+17NevP2vWrOWll17EwcGB9es38MILDejfvx+RkZGMHTuevXv3EhsbS4kSxXnzzTeoXj2tXHWzZi2wWCzMmfOrcU179+7Lhg0baNWqJb16fWycq0GDBtKoUUNOnjzJyJHfGW16enpSvHhxvvzyC/Lly2fEExr6Cv36fQpAREQEY8eOZ9++fcTGxlK0qB8tWrSgadNQzGaz8bkuXLgwjRs3YvnyFVy5coXq1Z8zPiPAHY8HIDExke+++54//viTK1eu4ObmRtGifnzwwftUrfpwKyaKiIhk5rFNAAPkz58fNzc34uPjuXTpEjExMcYo2Q8//JDnn3+eFi1a0Lx5cw4ePMj27duNb5g5OTnh6+tLsWLF6Nixo5HwnDdvHnFxcfj4+DBr1ixjeUpKSob+J0yYQMmSJe8ap7OzMyNHjiR37tw89dRTdOvWjTVr1nDt2rV76g9gy5YtREREADBu3DgKFSrEgQMH+Ne//sXevXvZs2cPXl43y57069fPmM/3s88+Y9++fbeN0/YfCNsNZ2Z2n75u9z7VYk07F9tOA9CmUkFmtS+L1QrVvt/OjlMxt22rZfn8HIuO589jV/H1cOG7pjcTmg1Le9OsXH4AElIsvFaxAE8N30pEdAJHLsZTusDNRG9RLxf+/igYV8e7T1l967ZVv9sOQJdqhen/QgAAB87FsjHyKuO2nuLzl0oQl2TBZILCni5UKeLBW8GF8fXIWPLHnIUZs58umJutH1Zj/7lYyo/YRmyShR+aleKDGn78e8Fhfth0ku0nrgGw8tAl/jkbi6PZxMz25cjr5kiVIh6E/ryHHzedZPDLJezaHt+qNKFlfSjrm5t/zdpvtGNju65Xrly5e6AiIiIiIiIikmNefvklli5dxq+/ziY09BXmzp1Hvnz5qFWrJgsXLjK2S0lJ4b333ufIkaOUKVOahg1fZtWq1Xz33fecPXuWHj2627X7yy9TeeWVEOLjE/jnn718881IRo/+ngMHDvLdd9/j5eXF66//68aAiUhOnDgBpA1IOHHiJHXr1sHHx4fDh8P5/fffGTBgICVKlCAgICDDMdxrbDZff/0NS5cuw8XFhTp1ahMWNp/Tp0/bbbNq1WoGDPgMR0dHWrZsQUJCAgsXLmL37t1Mnz6VQoUK3dP5Pn36NBMnTqJ06dJs2bKFNWvWEhgYSOfOGaecs1gsfPppf65fv06bNq3x9PTk1KlTREZG4uLiQuvWrzFvXhgpKSnUqFEDP78ilCpViuTkZN599z0iIo5RuHBhXn75JTZv3sL06TPYvXs3EyaMx5zu4dKkSZOpVKkiL7zQgDx5PImPj88Qy5EjR6hYsQL+/v5cvnyZBQsWMn78BPLnz09o6CtZOvYTJ07Qs+fHpKSkULr0U3h6ejJ27Di7be73WtqsWrUaf39/6tWrS9GiRTlx4gSdO79BXFwc9evXp2hRP377bS7du/dk+PBh1KlTh+rVq7Np0yZWrFjJO++8zdWrV9m0Ka3iXrNmzTLtZ+TI79i0aRN16tShTJnSXLp0iZ07dxIXF0e+fPkybB8VFUXnzm+QkJBAuXJl8ff3Z/XqNQwb9hWnTp2ia9cPjG1Pnz7Nxo0bqV+/HnPnzrP7jGTleObOnUdY2HxKlQqiVauWXL9+nf3793Pu3PksXScREZHs9lgngC9cuGDc/Hh7e3P+/HksFgsAn332WYbtjx8/TqtWrWjWrBlLlixh8ODBADg6OtKhQwe6du3KmTNngLS5htOPgr11lG/+/PmzlPwF8PLyMtpKP8fEuXPnstyfzdmzZwFwc3MzbmbTx3H27Fm7BHCpUqWAm8m/uLi428aZlW3C+1TPtAT08csJAFQunNaGyQSVi3jcMQF8JwfOxfLxkiNsjbpKXLLFbt2560l2CeBaxb2ylPzNbNuoG3GP3XqKsVtP2W0bfiEOJwcTo5qV4tPlR+m99Iix7qVS+VjYuUKm/aakWm/bf5UiHphN4J3rZqmbZ/09AfByTbvmMYmpdrGlWKyU+mqLXTvJFitRlxNwSDcSuuKNc5/HaMf+SwS262orhS4iIiIiIiIij6fcuXMTGvoKs2b9yqef9ic6Opq3336L6Ohou+22bt3KkSNHcXBw4IsvPsfT05PSpZ/i4497M3fuvAzlbj/5pA+1a9emePHiDBr0uVElzPbMwMnJiYIFC+Lv78+//tXBeFaVO3duFiwIw9HRkZSUFJKSkjh8+DCnTp1ix46dmSaAsxJbrlz2ldySkpJYvnwFAN27d6NFi+ZcvnyZV15pajzzA5gxYwYAoaGv0KVLZyAtmbd799/Mn7+A999/757P+fjxY/Hz8+OzzwaycuUqDhw4mOl2FouFhIQETCYTPj4+lC79FE2bhuLj4wNAz549WLhwESkpKTRp0siYA/jPP/8kIiKt4t+YMT/cGNRxkE6dOrN37z727PmHSpUqGv00aFCfoUOHGO9t8z+nN3r0KFxcXLBYLCQmJhIXF8fSpcvYtm1blhPAS5cuIyUlhYIFCzJp0kQcHR35/vtRzJw5y9jmfq5ler6+vkyfPhUXFxcARo0aTVxcHIGBJenTpxcAVquVqVOnMW3adOrUqUOzZqFs2rSJ5ctX8Pbbb7FmzVpSUlIoV64sQUGBmfZje06cJ48ngYEladCgPh9//NFt41qwYCEJCQn4+fkZCfjAwEBGjRrNnDm/2f3+pJ2X7/Dy8uLq1assWrTY+IzMn7/grsdj+x3LlSsXRYsWpWjRorz33rt3rSwpIiLysDy2f4Gio6P5/PPPATCZTNSrV48CBQpgNpuxWCx069bNSH4CpKamUqxYMUwmE/3796d3795ERESwa9cuRowYwZQpU+jUqZORVD18+DBxcXHGzUtKSordH2TbDUtWXLp0iYsXL974huRhY3nBggWz3J+Nr68vkHZDc/bsWXx9fY0RwbY207N9c9BkunuB4sDAtJun06dP3/N8HEW9XDlxNZHIG0lLgGPRGb+ZeCtbKWeL1T5p2nn2Af4+c51mZX3oWqMosUmpNJ2yB0i7gUrP1Slryd/MtvXP68rFuGQ6VPGlY1Vfu3WeLmnn/53nivD2c0UIvxjHgXOxdJlzgFWHo1l1KJrQsj64uzhwNSGV6Li0hOueM/ajpNNzckg73vSXw8khLaZb08b+eV0BcHYwEdaxAi6ON3dKTLFSLK8rJ68mGstsyeDbXWlbWfH0vxciIiIiIiIi8nhq3fo1Zs+ew6ZNm3BxcaFlyxZMmGA/F+2ZM2kDBVJTU3n11dZ261JSUjhz5iwODjefhdimh3J3T0vs2pJSlStXomnTUJYuXcaQIUMBjPLL77//HtevX+ebb0awZctWrl2zrzh2a1L6XmIrWdK+uln6wR225xd58+alYMGCnDx50tju7NlzQFrZ5rCw+XZtnDhxknuVP39+/Pz8gLRBJgCxsRmn/4K089KzZw9++mksP/xwc5q14OBgvv76q9s+M7TFbD+o4+bxnzt3zm774ODgO8ZstVqZMuUXli1bzrlz5+yel0VHX77jvvZxpV2nEiVKGM8in3rqKbtt7udaplexYgW782Jr78iRo3Yls+Hm9atRowb58+fnzJkz7Nq1m2XL0ubAvt3oX0ib4/fLL4ewaNFiFi1aDICfnx8jR36TaWlw2zUpVqyY8QzVdhyJiYl2VfTy589vDLqxDaKxfUaycjwtWjRn586d7Ny5i927/zba6d//U+rVq3fbYxIREXlYHrsEcJ8+fUhKSuLkyZNGmeQPPvjASF6GhoayYMECfv31Vxo1aoSTkxMnT55k8+bNzJw5k3379jF48GCeeeYZfHx8jLl/c+XKhaurKy1btiQsLIyLFy/Stm1bqlWrxuXLl/H19aVXr173FbPFYuHNN9+kYsWKrF+/HoD69evj6el5z/1Vr16dgIAAIiMjeeedd6hWrZpR/qRs2bJUrFjROKZ75evrS2BgIEeOHOHvv//OdP6JW+cA/riOP60qFODN4MJsjrrK5P87TV43R64mpLLuyN1vNovdSHKGX4znrd8O4uXmyNchgaSmu2m9kpDCtB1n7uuY7qZn7aJ0mLWfeXvOk8fVkUKezpy8ksia8GgGvlScZ/09KTlsM3VL5iUgryvxyRbib4xILnijDHS1op6sCb/M56si+Pt0DFP+yp5YX37Km6cL5GL/+Ti+WH2MkKd9iEtKZe/Z6xyLTmDvx3f+j8Ct/vrrLwBq166dLfGJiIiIiIiIyMNTqFAh6tevx5o1a2nSpLFdxTcbX9+0gQCOjo4MHz7M7sv8ycnJFCrky/nzN0vM3m6ggMlk4tNPP+Hjjz8iIuIYu3fv5ttvv+OXX6by+uv/YuLESaxcuYqAgAAGDhyAu7sHAwcOMpKHmclKbLfKnz8/JpMJq9XK2bNnKVeuLAkJCVy6dClD21euXKFhw5dp0qSx3bpcuXJzr9LHlpVBFC1aNKd582YcP36cqKgoBg8ewrZt29i2bRu1a9c2EqnpxzDYzof9oI5jxvoCBQrY9eHsnHH6sfT++OMPJk/+GRcXFz77bACFCxdmxoyZ/PHHH2QcZnB7tsEktiqFAKdO2VfJu59rmd6tSXFbe4GBJenW7UO7dbYvADg4OPDKKyFMnvwzEydOYu/efbi7u/Piiy/ctp+KFSswd+4czp8/T2RkJOPGjWfv3n3Mn7+A7t27ZdjeFkdUVBQWiwWz2czRoxFGzOl/59LPc3zrZyQrx5MvXz5++mkMMTExREQcY/HixSxevISff56iBLCIiOSIxy4BfPjwYZydnfHx8aFs2bK8+uqrdonKvn37EhQUxIIFC5g9ezYmk4mCBQvy0ksv4enpSUpKCt7e3qxevZqYmBhcXV2pVKkS776bVnKjaNGiTJs2jfHjx/P333+zZMkSvL29ee655+475iJFitCmTRumTJmCyWSiYcOG9OnTB+Ce+3NycmLixImMHz+eTZs2sWzZMgoUKECHDh1444037OYKuR9t2rThyy+/ZOnSpZkmgG+dA/hsTBIAnaoW4sL1JH7YdJKxW07RsLR32nzAu89laCO9V572oU2lgiw7cJGJ/3caFwcTX4cEMvHVMrwfdoiVh6I5dCGO95/3Y+G+iw90bJlpX8WXvG5ODF8fxezd57ielIqvhzPVi+WhSpG0UsnVinqyLvwy564nYTZBSW83utbwI/hG6ebRzZ6i8+z97DlznZWHohnwQnH+veDwnbrNEmcHE3988AxD10ayeP9Fhq6NJJeTmaD8uehU7d7msjly5Ajh4eEEBgZmel1FRERERERE5PHTo0d3mjYNvW01r+eee47ixQM4diySSZMmU6NGDRITEzly5Chnzpxm1qyZWepn3779DB06lCpVquDt7W3M/WsbMGFLYplMEB+fwJ49/9wx+Xu/sbm4uNCoUUOWLVvOqFGjOX36NDt37sow/23btm0ZOHAQv/++Hnd3d7y9vblw4QL/93/befPNNyhXrmyWjvt+tWjRiipVKlOoUCGSkpJITEyr0JYvX9roYV/fghw5cp2pU6eyZ88eatWqyXPPPWcM6nj//a5UrfoMmzenTflVtuzTVKxY4Z5iSE1Nm0LMZDKRnJzM0aNH2bFjxz0fS+PGjZg+fQaRkZEMGvQ5RYsWZcYM+2uTXZ8zm2bNmhIWNp8jR46yYMFCgoKCuHLlCvv27aNEiRLGc9HQ0Ff4+ecpxnG9/PJLuLq63rbdTz7ph9VqpXjxAJycnLh0KW10et68eTPdvmnTUMLC5nPy5EneeeddihYtyurVawBo1apllqsjZuV4ZsyYyebNW4x5lm0j2vPmzTg3sYiIyKPwWCSA69ata4xevBtHR0dat25N69atM11fpEgRxowZc8c2ihUrxpAhQzJd16pVK1q1apXpulWrVt22zTZt2tCmTZts6c/Ly4vevXvftq+AgIAM56tWrVpZOoevvPIKM2fOZPny5bzzzjv4+vrSrFx+rF/Xv+N+JhP0rleM3vXsy6nMbH/zhrt0gVwZ2nE0m5jVPuNNebC/Jzu6V7Nb1rWGn937XzuU49cOdz2ku27buIw3jct433bf2R3K3bHt0gVyseXf9knVW2Od+3p5u/e+Hs4ZzsWXDUvwZUP7cjneuZwY8UoQI14Jum3ft7YT8rRPhmVTpkwBoFu3jN92FBEREREREZHHk4+PjzG3bGacnJwYO/YnfvllKn/+uZEpU37B1dUVf/+iNGnSJMv95M3rRb583qxZszbdgImKvP32Wzg6OvLGG104ffoMO3bsYPToH2jQoD5BQYGEhx/J9tg+/vgjzGYzf/zxJ3PnzuOVV0I4c+YMkZGRxjYNG76Mh4c706fPYM2atcTFxeHt7U358uV46qmHP/VVmTKl+euvHURHR2M2m/HzK0KrVq2MxPOHH/6br78eQXj4EQ4dOoy3tzfVqlVj3LifmDhxEps3b2H58hUUKFCA9u3b0blzp3se1FG3bl3atGnNsmXL+fHHMVSqVIlatWqyYsXKe2qnWLFifPPNcEaP/oH16zdQuvRTtGnTmkmTJhvbZNfnLH2fP/88iYkTJ/HPP3vZsOEP8uTJQ1BQELVr1zK2K1SoEMHBwWzduhW4c/lnSLsuy5YtZ9u2bSQnJ+Pj40ObNq1p2zbzZ7IBAQFMmjSR8eMnsG/fPg4fDqdYMX+aN29Os2ZNs/V4ihcPYN26dSxcuIj4+Hg8PT2pW7cuPXroWZ2IiOQMk/XWCVcly+bOncuwYcPw8/NjwYIFOR1OlsXExBATE0PevHlxc3PL6XAkG9i+lWubQ1pEREREREREHsz69eupVatGTofx2JgxYyajRo2mTJnSTJnyc06HIyIiIvLQ/PnnJurWrZvTYXDt2jUAdu/eneV9KlWqBDwmI4Dl0fLw8MDDwyOnw5BspMSviIiIiIiIiDwss2fPYf78tMEPtoeKIiIiIvL4UgL4AdypXLSIiIiIiIiIiMiTYPz4CVgsFurXr88bb3TJ6XBERERE5C6UABYREREREREREZHbWrt2dU6HICIiIiL3wJzTAYiIiIiIiIiIiIiIiIiISPZQAlhERERERERERERERERE5AmhBLCIiIiIiIiIiIiIiIiIyBPisZgDeM+ePTkdgoiIiIiIiIiIPOYqVKiQ0yHct9OnT7Np0xauXbuW06GIiIiIPDE8PT15/vnqFClSOKdDeaw8FglggKeeeiqnQxARERERERERkcfUoUOHcjqEB3LsWBTVqj2Dq6srJpMpp8MRERER+a9ntVpJSUkhKuq4EsC3eGwSwCIiIiIiIiIiIk+q+Ph4vLy8cHZ2xmzWrGwiIiIiD8pisZCUlERcXFxOh/LYUQJYRERERERERETkEXB2dsbFxUUJYBEREZFsYLFYcjqEx5YSwCIiIiIiIiIiIo+A2WzGbDarBLSIiIhINrDdW0lGOisiIiIiIiIiIiIiIiIiIk8IJYBFRERERERERERERERERJ4QSgCLiIiIiIiIiIiIiIiIiDwhlAAWEREREREREREREREREXlCKAEsIiIiIiIiIiIiIiIiIvKEUAJYREREREREREREREREROQJoQSwiIiIiIiIiIiIiIiIiMgTQgngx8zGjRtzOoRHTsf8v+F/8ZgfV7oWIiIiIiIiIiIiIiJPLiWARURERERERERERERERESeEI45HYCIiDy+tm/fftt13t7elChR4hFGIyIiIiIiIiIiIiIid/PEJYB37txJampqhuX58uWjZMmSD6XPlJQUdu3alWF5wYIF8ff3fyh9ijwMy5Ytu6/9GjdunM2RyOOkWrVqmS7fvn07JpOJ4sWLP+KIRERERERERERERETkdp64BLCzszPx8fEZlkdHRxMdHU3VqlUxmUzZ2uf58+czXV6oUKFs7Ufg+vXrHDhwAIAyZcrg7u4O3HmU4u2SV1lla9vWzsPs63YuXLiAi4sLnp6ema6PjY0lISEBb2/vB+rHw8ODOnXq3NM+69evf6A+72bGjBn89ttvmM32Fet79uxJzZo1H2rft/r777/x8/N74PP8pKhWrZrx+3CnJPCjvIapqals3Ljxnj/Hffv2pVGjRnb7RURE0L9/f2bOnMmgQYPYs2cPABaLxe5Ypk2bxuDBg4mOjmbcuHF2f2P++OMPRo4cyeeff07FihUz7UdEREREREREREREJDs9cQng9A/ebcm4uLg49u3bB8DRo0cJDAzM1j4LFy5M4cKFjURI+fLlcXV1zdY+bmW1Wjl16hRRUVFcvXrVWB4UFARAeHi4sSxPnjwUK1aMIkWK3Hfy+1H3dzu25K/tte0aP6zEq63t9Enfh9nXrWJjY9m/f3+GeNJLP+o9IiKC0qVL4+HhcV/9paamYrFYiIiI4NixYxQvXvyuJX5TUlLuq6978cILL9C1a9f73v/WhN39Wrp0Ka1atVICOB3b74fVar3jZ+VBr2FWRUVFsX79+mxPsA4aNMh43aVLF/r27UupUqXstklNTeXgwYOUKVPGWLZx40by5s2brbGIiIiIiIiIiIiIiNzJE5cAzkyuXLmM146OD+eQExMTjdcPO/kLGMnYWrVq2S1fsmQJACEhIXbL//zzTwD8/Pz+K/q7V49yVO6j7OvW5C/A6dOnKVy4MAAXL17MUPL84MGD9x2H1WoFIDIyEg8PDyIjI++aALZYLPfVV3awWCzMmjWLTZs2AWlfSHjnnXfIlSsXQ4YMwd/fn3Xr1tG1a1dWrVpF8eLFCQ8P58SJE9SvXx8XFxd27NjB5cuX+fjjjylevDgxMTF89913nDx5EqvVSmhoKCEhIcybN49du3YRFRVFp06dKF++PD/99BMRERGYzWZq1apFmzZtcuxc5CRbEvh+5gOeN28e58+f57333svwPi4ujnHjxnH48GEcHR1p0qQJDRs2BKB9+/a8/vrrbN68mXPnztGgQQOaNGnCkCFDiI2N5bPPPuOLL77g1KlTjBkzhitXruDq6spbb71F6dKls/X4bSpXrswff/zx/+zdd3hUVeL/8c/MZNILaaSQAAFCCUivoYiIirIrCoqNoqA/y4qsUixf6+oqWGjisqBiRxYsYEcRkSoSejH0ECBAEkJ6n5nfHyEDkw6EBMf363nyMJlzT7n3nskffOacaw+As7OzdejQoTr7OwgAAAAAAAAAgPQXCICLi4t1+PBh++9Nmza9JP2kpKRcknYrc/jwYfXu3Vtr1qxRenp6ufLSYFaSGjRooN69e2vt2rUXHEScb3+xsbFat25drQcfbdq0cdgCulRdrsqty74qkpuba3+dn59fq22XhsnNmjXT0aNHa/Rs19LQuD6srCoqLwAAIABJREFUXbtWmzZt0rRp0+Tm5qbp06dr8eLFGj16tEwmk3bv3q3//ve/cnNz0/Lly7Vv3z49/fTTSkpK0rhx4/Twww/rpZde0sKFC/XDDz/owQcf1OLFi9WgQQM988wzSk5O1j/+8Q/FxsZq2LBhWrlypcaNG6eWLVtqzpw58vLy0pw5c5Sbm6tJkyYpOjpaXbp0qbfrURfi4+PVunVr/fHHHw6fwUvh008/lST95z//UXZ2tiZMmKBWrVopKipKBoNBKSkpeuGFF3Tq1Cndf//9uvHGGzVmzBgtX75czz33nCTpjTfe0KBBg3Tttddq3759evnllzVv3jyZzeZaH2+3bt00Z84c3XvvvTKZTPrtt9/UvXt3JSQk1HpfAAAAAAAAAABUxqkD4LIrNdu3b3/J+ioNgOtqa9jSbZjT09N1ww03VLq9rdVq1XfffedQ51L2Z7FY9P3338tgMKioqOiC+6uMt7d3vQewdSk4OLjclwvOXdEeERGh48eP11p/pat5S7d+ttls5QLelJQUZWRk2LdSr+1tviuyatWqcp/n559/XnFxcerbt6991f1VV12lDz/8UKNHj5bBYFDXrl3l5uZmr9OlSxcZDAaFhYXJarXaw9qwsDAdPHhQkjR69Gj7ttYNGzZUcHCwkpOTFRAQ4NB/XFycnnjiCUkl96Rnz57aunVrnQXAK1as0KxZsxzeu+qqqzR+/PhL1ueePXuUlZUl6ezzuGsaAld2D6uyYcMGTZw4UQaDQT4+PoqNjdWGDRvsX0yIjY2VVPJ3193dvdyXU1JSUnTs2DENHDhQUskK8cDAQO3du1dt27Yt19/cuXM1f/58++9lV9dXx9fXV82bN7fPg1WrVumuu+4iAAYAAAAAAAAA1CmnDoD9/PyUn59v3555+/btCg0NVWRkZK33VRoYBQcH13rbFfHx8VF6erqCg4PtAW9lgoKClJ6efsHPha2qP4PBoA4dOsjf3195eXnauHGjoqOjVVBQoAEDBtTr9sC1qb5C56ZNmyooKEgpKSlKTU2VVP5LBt26dVNSUpJOnDghi8VyUVuQl4a9FQW/kpSXl2ffltrHx0chISEymUwX3F9N9ezZU2PGjHF4z8fHRxkZGfL19bW/5+3t7fBFh7JzvvTalH6BwdXV1f57adh36NAhffrpp8rMzJRUss12Rdeior7rMugbMGCAJNlD4Esd/u7atUu5ubn28LVly5bau3evduzYoSuuuKLa+pXdw82bN1daJyMjQ1OmTLHPsaKiIvXp08de7uHh4XB82b836enpKioq0v33329/Lz8/v8JdDCRpxIgR9lBZkhITEzVlypRqzsxRv3799Ouvv6pFixZKTk5Wq1atzqs+AAAAAAAAAAAXy6kD4JYtW9pfJyQkKCUlRSdOnKj1APjc5/9eTMh6PqKiohQfH+8QVkiVP5N33bp1F7X9dWX9JSYmKiAgQCtXrlS7du10/fXXy2az6eeff1ZwcHCNgiFUzdvbW56envYA+NwVraXCw8PtK4Frsm1zTRw7dkwnT55Uu3bt5OrqKqvVqi1btsjX11cGg0Hx8fHy8vKqkwDY1dVVDRo0KPe+n5+fQ+CbmZnpcNyFrE6eNm2ahg4dal81+sADD1R4XGnfISEh9r79/PzOu7+LURoC79ix45KGvzk5Ofatx4OCgiSVnL/BYFB+fr49LK9KZffQaDQ6BOx5eXn21/7+/po8efIFPVtYkgICAuTu7q633367Rsd7eXk5jDEtLe28++zRo4fmz5+v1atXq3fv3uddHwAAAAAAAACAi+XUAfC5SldRSiWBbUUh2oUqDebqUmRkpIxGo1atWuUQvkRHR0tyfCavr6+vmjVrpkaNGl3w81or669169Zyd3dXRESEdu/erdzcXB09elSurq6XZOVb6bazUskzgL29vSWV3+77XBezevfcdkvbuVR9VWXv3r2SpE6dOlVYbrVaZbVa5eXlZb8mF6J0ZWx2drb27dsnNzc3rVmzRjExMUpNTZXZbLavDvb29taWLVsuuK/a0K1bN33++ecaPHiwzGazfv75Z3Xt2vWi2szMzLR/WeLXX39VZmamPZR0cXFRdna2ve/ly5erZcuWys7O1vr16/XQQw9d3AldgAEDBtiD4EvFy8tLLVq00P79+7Vt2zZ16NBBW7Zskc1mU1RUlMNK6PMVEBCgDRs2SCr52xwXF2f/29G9e3ctW7ZMDzzwgCwWiz788EP169fPvv14RVxcXJSTkyObzabAwECFhoZq1apV6tevnzIzM/X222/roYceKrd6uLa4u7urffv2+uKLL/Tss89ekj4AAAAAAAAAAKjKXyYALg3QpIpXUF6MU6dOSZJCQ0Nrtd2q2Gw2NWrUSBEREeXel1QufK1sS9/a6M9ms+mKK66QyWRSUlKSPD09FRsbe0m2fy4Nf0tflwaulyp4rSj0revtoPPz85WVlaXQ0FC5uFT8kd20aZMkKSYm5qL6cnFxkcVi0bZt2+Tt7S2j0Siz2az4+Hi5urrKzc1NVqtVNptNBoNBZrPZYQV8XYuNjdXhw4f16KOPymazqW3btho6dOhFtXnXXXfplVdekaenp6655hoNHjxYs2fP1tSpU9WjRw+9/vrruvPOOzVixAjNmTNHDz74oIxGowYNGnRJnzNe3/z9/RUdHa19+/ZJKtn2vmXLlhe96rlnz576+eef9eijjyo4OFhdunSxr+q+/fbbNW/ePD344IOyWCzq2rVrtTsZtGrVSmlpaRo7dqzmz5+vCRMmaM6cOVqwYIEMBoOGDBlyycLfUn379lVCQkKlY50xY4Zmzpxp/33o0KEaMWLEJR0TAAAAAAAAAOCvw2C7mFSwlmzfvr3WVovu3LnTYQvRsiIiIhQWFnZJ+7qYgHDNmjUOz7j8s8jOztbWrVtlNBpltVoVHh5e421bz+ecy66+vdSrci/VCuCanrPVatWmTZsUFRVl33q3rN27dysvL09dunSpUd9V+eWXXxQQEKDc3Fz7auCyzv2TYbValZeXp6uvvrratv+sc9sZne9n7tx5nZGRIT8/P2VnZzusNi97HAAAAADUtj179tTpF29Xrlypvn1r79Euy5evUJ8+sXJzc7ugRxYBAADAkc1mU0FBgdasWaeBA2tvp8zVq9eqf//+tdbehSrdkXfr1q01rtOxY0dJTrgCuLCwsML3vby81KRJE3l5edVaXxWFv7W9uvjPIDc3V7///ruMRqMGDBigLVu2KD4+Xi4uLmrcuHGt9tWmTRuHLaBLXcrgqWzbdRlynTx5Ul26dKk0jM3Ly1NISIgCAwNrpb+8vDwdO3ZMrq6uklTtqnGbzabi4uJa6Rt/DqUrfi9mq3EAAAAAAAAAAHDpOF0A3Llz5zrri9VuJcxms9zc3NS7d29ZrVZ17NhRRUVFlW5XfDG8vb3r/LqXrvitj/td3Wp1Dw+PWt3O9m9/+9sF1bsU233j8lHVqncAAAAAAAAAAHB5cboAGHXPbDarb9++9hDQZrPZw9LLYIfxi/JXC/kJclHWX+0zAAAAAAAAAADAnx0BMGpF2eDwzx78AgAAAAAAAAAAAH9GFT9YFPWmT58+9T2EOsc5/zX8Fc/5csW9AAAAAAAAAADAeREAAwAAAAAAAAAAAICTIAAGAAAAAAAAAAAAACdBAAwAAAAAAAAAAAAAToIAGAAAAAAAAAAAAACcBAEwAAAAAAAAAAAAADgJAmAAAAAAAAAAAAAAcBIEwAAAAAAAAAAAAADgJAiAAQAAAAAAAAAAAMBJEAADAAAAAAAAAAAAgJMgAAYAAAAAAAAAAAAAJ0EADAAAAAAAAAAAAABOwqW+B1Bqz5499T0EAAAAAAAAAAAAAPhTu2wC4Pbt29f3EAAAAAAAAHCZ2r59e30PAQAAAPhTYAtoAAAAAAAAAAAAAHASBMAAAAAAAAAAAAAA4CQIgAEAAAAAAAAAAADASRAAAwAAAAAAAAAAAICTIAAGAAAAAAAAAAAAACdBAAwAAAAAAAAAAAAAToIAGAAAAAAAAAAAAACcBAEwAAAAAAAAAAAAADgJAmAAAAAAAAAAAAAAcBIEwAAAAAAAAAAAAADgJAiAAQAAAAAAAAAAAMBJEAADAAAAAAAAAAAAgJMgAAYAAAAAAAAAAAAAJ0EADAAAAAAAAAAAAABOggAYAAAAAAAAAAAAAJwEATAAAAAAAAAAAAAAOAkCYAAAAAAAAAAAAABwEgTAAAAAAAAAAAAAAP5UHnzwofoewmWLABgAAAAAAAAAAADAn8YDDzykuXPn1vcwLlsEwAAAAAAAAAAAAAD+FErDX6vVUt9DuWwRAAMAAAAAAAAAAAC47JWGvzYb4W9VCIABAAAAAAAAAAAAXNbKhr88A7hyBMAAAAAAAAAAAAAALltlw1+eAVw1AmAAAAAAAAAAAAAAl6XKwl+eAVw5l/oeAAAAAAAAAODsPDw8VFBQKLPZLKORNRkAAAA1NWfOW7Jai8v9brVaZTAY5OnpWY+juzwRAAMAAAAAAACXWIsWzbVr1y7l5ubV91AAAACchqenh4KCgup7GJcdAmAAAAAAAADgEgsJaaiQkIb1PQwAAAD8BbDfDAAAAAAAAAAAAAA4CQJgAAAAAAAAAAAAAHASBMAAAAAAAAAAAAAA4CQIgAEAAAAAAAAAAADASRAAAwAAAAAAAAAAAICTIAAGAAAAAAAAAAAAACdBAAwAAAAAAAD8xaxf/5tefPElSVJKSopGjbq71tqeO3eelixZWmvt/ZVMnvyEdu7cWd/DuCDVzaNz59yf1eU8t8+9vunp6Ro5crQsFkut9nHixAndc8/YWm0TAHBpuNT3AAAAAAAAAIC/gueff0EHDhyUJLm5uSkkpKE6deqkwYNvkIeHR52OJSqqqQYNuq5O+3R2aWlpGj/+Ub3//nyZTKb6Hs5lhzlXdzw8PDRy5AgZjaz/AoC/KgJgAAAAAAAAoI6MGHGXBg68WllZWTpy5IgWL/5McXFxev755+Tu7l4nY7BYLAoNDVVoaGid9FfdWIxGowwGQ30PBZfY5TLnLlfFxcVycamd/653c3PTtddeUyttAQD+nAiAAQAAAAAAgDpiMBhkMpnUoEEDNWjQQFFRUZo8+Qn98stKXX/9IEnSxo0btWTJUqWkpCo8PEwjR45U8+bNJElLl36ln39eofz8fHl5eemOO25T9+7dHeolJ6fI29tbt902XD179tDcufPk4uKi1NRTSk1N1e23D1dhYZGWL1+uZ5552j62X35ZqSVLlqqoqEj9+vXV8OG3ymg0ymaz6c0339LevXtVWFioiIhGGjVqlJo2bVLpeWZmZmrKlFd14MABhYWFauzYsWrSpLEk6dFHJ6hfv77avHmzMjOz9PLLL+nUqTR9/PEnSkxMlLe3t4YMuVF9+/aRxWLRww8/oscee1TR0S0kSVarVY888k899NADiomJUWLikQrrSiVb9np7e+vYsSTFx8erUaNwjRv3sNav/03Llv0oo9GoESPuUs+ePSSVBNJfffW11qxZq5ycHLVu3Vp33z1KDRo0sI+9f/8rtW3bNmVn5yg4OFgPPni/vL299frrb0iSJk6cLEm6776xiomJqfJ+Vuenn5Zr2bIflZWVpWbNmmn06JH2ELWquVBWZXNj8+bN+vzzL5ScnCIPDw/16dNbt956iwwGg1JSUjRhwiTdd9+9Wrz4M+Xn52vw4BvUo0d3zZv3thITj6hVq1Z6+OGHHFawVzaP1q//zWHOpaam6v33P9T+/fvl6empgQOv1vXXD5LBYFBSUpLee+99HTlyVJLUuHFjPfXUExWe28mTJ/X22+8oMfGIIiMj1Lp1ax06lKDJkyfq4MFDmjZtumbPnmU/fvbstxQVFaXBg29wuDY1vT+5ubmaMWOWduzYoZCQhrrvvvsUFdVUkrRkyVKtWrVamZmZCggI0M0336RevXpW2M6qVau1atUqhYaGat++/ercuZNuuWVYpfPvfD6H6enpGjduvN5/f74KCws1adLj9jKr1aqsrCy98MLziopqWmWbBQUFeu+997V16zb5+PjouuuudeinsLBQn366UHFxm2Sz2dSpU0fdeecddb6jAQCgPAJgAAAAAAAAoJ54e3urbdsY/fFHvK6/fpDi4/fo3XffsweecXFxmj59hl57baqSk1O0bNmPeumlfykgIEDp6enKzc2VJO3evVvvvvuexo37h2JiYpSZmamMjEx7P3Fxm/Tcc88oNDRUNptNv/22wWEcNptNf/zxh159dYqys7M1deprCgoK0sCBV0uS2re/QvfdN1aurq5auvQrvfXWf/Tqq1MqXbm7evUaTZjwmFq2jNYPPyzTtGnT9frrr8psNkuSdu7cqf/7v6fk7u6unJwcTZkyVbfeeosef3ySkpKOa+rUVxUaGqro6Bbq2bOH1q1bZw+Ad+3aJZPJpDZt2lRbV5LWrFmrxx57VE2bNtHcufM0Zcqr6tOnt2bOnK4dO3bov/+dp86dO8nV1VVfffW1tm7dqieffFwNGjTQokWLNW/eO5o8eaL93OLj9+jJJ5+Q2WzWW2/9R99++51uu224Jk6coPHjH9Xrr79q3wK6qvtZXUi2adMmLV36lSZOnKBGjcL15ZdLNG3aDL3yyr919OixSudCWVXNDTc3N91///2KjIzQ8ePH9dprb6hRo0bq3TvWPi/27t2r116bqqSk43rhhX9p167duvfesQoICNDrr7+hH3/8SUOG3FijeXTufJs5c5Zatmyp8ePH6eTJk3rttTfk6+urPn16a9Giz9SqVSs99dSTslqt2r//QIXnZrPZNGvWm+rYsaOefPIJHTlyVK+99rqaNKn8ywnnupD7s3r1Gv3zn+M1btw/9OWXS/TBBx/o+eefkySFhITo6aefkr+/v7Zv366ZM99U8+bN1LBhwwrb2rNnr6677lrde+9Y2Ww2LVmytMr5d76fQ6lkO+hzA/CFC/+n+Ph4RUZGVNvm//63SKdPp2vatNdVXFys6dNnOLS9aNFiHTlyRC+99C+ZTCbNnv0fffzxJ7rvvntrdP0BAJcODwEAAAAAAAAA6pG/v79yc3MkSStWrNC1116jli2jZTAY1K1bN4WENNTu3btlMhlVXFysxMREFRUVqUGDBgoPDz9T7xcNHHi12rZtK4PBID8/PzVuHGnvo3v3bvaVo5WFRbfcMkxubm4KDAzUDTdcr/Xr19uP79//Snl4eMhkMummm4YoJSVFp0+frvScunbtotatW8loNNpXNu/Zs8defs0119i3vN6w4Xc1ahSuq67qL5PJpMjICPXvf6V+//13SVJsbKw2bPhdFotFkrR27TrFxvaSwWCotq4k9ejRXdHRLWQ2mxUb20tZWVm6+eabZDab1blzZxmNRp08mWy/jrfdNlxBQUFycXHRrbfeop07dzqEqwMHDrAH2R06dNChQwmVXoeq7md11q5drwEDrlLTpk1kNps1bNhQZWRkaP/+A1XOhfJjqHxutG3bVo0bR8pgMCg8PFxXXtlP8fHxDvVL50VUVFNFRDRShw7tFR4eLnd3d3Xr1k2HDydWeHzZeXSuo0eP6dixJN1223CZzWZFRETo2muv0Zo1ayVJLi4mpaSkKCUlRSaTSa1atazw3I4cOaqTJ5N18803yWQyqWnTJurTp3e11/bstTn/+9OjR3e1atVSJpNJ/ftfqYSEw7LZbJKkXr16KiAgQAaDQR06dFB0dLT27dtfaVvh4eHq1q2bpJLPWVXz70I+h2WtXbtO69at1z//OV5ms7naNtetW6+hQ2+Wp6enfH199fe//61ce8OGDZOfn5+8vb01fPitWrduvf16AADqDyuAAQAAAAAAgHp0+vRpeXp6SSrZFnfnzl1avXqNvbygoEAZGZnq0qWLRo8epa+++lpvvvmW2rRpoxEj7lRoaKjS0tLUvn37Svso3cK4KkFBQee8DlRaWkkIZLPZ9OWXS7Rx40bl5ubJaDSe2UY2WwEBARW2FRgYaH9tMBgUFBSo06fTKxzPqVOndOhQgh59dIL9veLiYrVtGyNJio5uIU9PT23fvl0xMTGKi9tkX3FZXd2yfbm6usrX19chBHd1dVV+fr6Ki4uVnp6uuXPfltF4dt2Mp6en0tLS5OnpKUny9vY5p65Z+fl5FV9QVX0/q3P6dJo6depo/91kMikgwF/p6elq1aplpXOhrKrmxqFDCfrss8+VlJQkm82m/Px8tW7d2l5eGhiXcnNzc7iebm5uys/Pd2izsnl0rvT00/Lz85Orq6v9veDgIHvwOGLEXfrss8/1r3+9JLPZrGuuGagbbri+XDsZGelq0KCBw7NzAwMD7VtHV+dC7k/Z87dYLCouLpbZbNZvv23QsmXLlJZ2WkajUZmZmQ73sKq2qpt/Hh4e5/05PNeBAwf10Ucfa9KkifZ+q/ps+/j4KCcnR8HBZ+9nw4Yh9tdFRUXKzs52KA8ODlJxcbEyMzMd5g0AoO4RAAMAAAAAAAD1JCcnR7t27bavrAsMDFSnTp3KrbQr1bt3rHr3jlVeXp4WLPhUH374sSZPnqiAgAAlJydX2k9VW8SWSk1NtW9Vm5p6SgEB/pJKVvnFxcVp8uRJ8vf3l81m05gxVW/xeurUKftrm82mU6fS5O9/Nuw6dzyBgYFq2bKlwzbLZcXG9tLateuUl5ev0NAQRUQ0qnHdmnJxcZGfn58efvgf9u2jz0dF17i6+1kVf/8ApaSk2H+3WCxKSzttD+8qmwtlVTU33nxztgYPvkGPPfZPmUwmLV36lQ4ePHTeYz1XZfPoXA0a+CsjI0NFRUX21dQpKany9/c/U95A9947VpK0f/8BTZ36qqKjo8vdFz+/BkpPT1dxcbE9BD537rm7u6mwsNChTlZWtv31xdyfslJSUvT22+/oqaeetD9DeMqUV2tcv7r5t2bN2vP+HJY6ffq0ZsyYqZEjRzg837iqz7bZbJaXl5cyMjLtAXNGxtkvcZjNZnl7eyslJdUe+qekpMpkMsnX17fG5w0AuDTYAhoAAAAAAACoIzabTRaLRRkZGdq5c6dee+11+fr66Kqr+kuSBgy4SsuW/ag9e/bKZrOpoKBAO3bsUGZmpo4dO6b4+D2yWCxyc3OTp6enfaXggAFXafnyn7V7927ZbDZlZGQoMfHIeY3t88+/UGFhodLS0vT99z+oZ8+ekkpCal9fP3s499NPy1VcXFxlW3Fxm7Rnz15ZrVYtW/ajbDabWrVqVeGx3bp1VWJiolau/FVFRUWyWCxKSDjssLVwbGwvbd68RStWrFBsbOx51T0fAwZcpYULF+rkyZOSpKysLG3cuLFGdX18fGQwGOx1S9ur7H5WJza2p1as+EWJiUdUXFysL79cIl9fX7Vo0bzKuVDROVU2N3JzcxURESGTyaSsrCytXbuuRudalcrm0bkiIhopPDxMixYtVlFRkZKSkvTTT8vt2zf//vvvSk8vCRv9/HxlMpnsz1U+V2RkhBo2DNaSJUtlsVh0+HCiwzkEBwfLYDDYt2E+cOCgw1bkF3N/ysrLy5fZbFZ4eJikktXV5/ZVE1XNvwv5HEolK3VnzpylPn1625/tXKq6Nnv16qlly5bJZrPJarXqhx9+dKgfG9tLX3zxhTIzM5WTk6PFiz9T796xMhgMOn36tD79dKHy8ipfIQ8AuHRYAQwAAAAAAADUkY8//kQff/yJXF1dFRLSUJ07d9bgwTfYn4fbpk0b3XPPaH3yySc6ceKkXF1d1bx5c40de48KCgq1YMECHT9+Qi4uLmratKnuuWe0JCkmJkZ33z1aH3/8iZKTU+Tj46Pbb7/N4TnAVTEYDGrdurUmTXpcRUVF6tu3j66+eoAk6cor+2n37j/05JNPycvLS506dZK3t3eV7fXr11dffrlEBw4cUFhYqP2ZoxXx8fHR449P1qefLtSiRYtltVoVEdFIw4cPtx8TGhqqpk2baO/efXr44X+cV93zMWTIjTKbzXr99Wk6ffq0fHx81LlzJ/tzWqvi4uKiYcOG6qWXXlZxcbHGjfuHrrjiikrvZ3W6du2qtLTTmjlzlrKystSsWTP7St2q5kJZVc2NMWPu1vz578nLy1Oenl7q0KG9kpNTKmynJqqaR2WPGz/+Eb3//ocaN268PDw8NHDg1faAcs+evfroo09UUFAgLy8vDRlyo5o1i6qwnUceGad33nlXDz74D/szoEtXMZvNZt177xjNm/e2fHy8FRISonbt2tnrV/V5O1+NG0fq6qsH6Nlnn5efn6/CwsLUpk2b82qjqvl3IZ9DSUpIOKwDBw7q1Kk0h3B84sQJ1bZ5223D9d577+vpp5+Rj4+vOnbsoJ07d9rLhw+/VZ9+ulBPPfW0bDabOnbsoBEj7pIkZWZm6bvvvtf11w+Sh4fHeV0HAMDFM9gugyeyb9++vcpnlAAAAAAAAOCvra7//2jlypXq27d3nfUHoHasXPmrfv99Y61sCw4A+GtavXqt+vfvX9/DsO9IsXXr1hrX6dix5NnzbAENAAAAAAAAAAAAAE6CABgAAAAAAAAAAAAAnATPAAYAAAAAAAAAOIX+/a9U//5X1vcwAACoV6wABgAAAAAAAAAAAAAnQQAMAAAAAAAAAAAAAE6CABgAAAAAAAAAAAAAnAQBMAAAAAAAAAAAAAA4CQJgAAAAAAAAAAAAAHASBMAAAAAAAAAAAAAA4CQIgAEAAAAAAAAAAADASRAAAwAAAAAAAAAAAICTIAAGAAAAAAAAAAAAACdBAAwAAAAAAAAAAAAAToIAGAAAAAAAAAAAAACcBAEwAAAAAAAAAAAAADgJAmAAAAAAAAAAAAAAcBIEwAAAAAAAAAAAAADgJAiAAQAAAAAAAAAAAMBJEAADAAAAAAAAAAAAgJMgAAYAAAAAAAAAAAAAJ0EADAAAAAAAAAAAAAA8QBL+AAAgAElEQVROwqW+BwAAAAAAAABcjlavXlvfQwAAAADOGwEwAAAAAAAAUIH+/fvX9xAAAABQx1auXFnfQ7hoBMAAAAAAAABABSyWovoeAgAAAHDeeAYwAAAAAAAAAAAAADgJAmAAAAAAAAAAAAAAcBIEwAAAAAAAAAAAAADgJAiAAQAAAAAAAAAAAMBJEAADAAAAAAAAAAAAgJMgAAYAAAAAAAAAAAAAJ0EADAAAAAAAAAAAAABOggAYAAAAAAAAAAAAAJwEATAAAAAAAAAAAAAAOAkCYAAAAAAAAAAAAABwEgTAAAAAAAAAAAAAAOAkCIABAAAAAAAAAAAAwEkQAAMAAAAAAADAeUpMPKKnn35GNputRsdPnvyEdu7cWevjSE9P18iRo2WxWGqtn127dmnq1NdqY3gAAKAeuNT3AAAAAAAAAABnk5CWL0lqGuB+UW1Ev7pRpfHilvGddUWYl7186a5UDfvoD0lS/MSuahHkUa6NLjM3a9vxHN3ZMVgf3t7a/r7NJrV+PU4HTuVJkmb8vbke7h3uUHfzsWw99+NhxR3NUmZ+sQK9zGoZ5KmHe4fpprZBFY45Pa9YQS+st//uajLI38OsNg09NaJzQ43qEiKjofz4y/p2TFtd1zKgyvbnDo3W2O6hkqTPd6Totk/iS67bk90V4edWrn0Xo0HBXmb1ifLVS9c1VfNAjxpfx4osWrRYQ4YMkcFQckKHDiVo4cL/6dChQ7LZbAoJaahBgwapT5/ekqSbb75ZjRo1qlHbF6M2+mnXrp0+++wL7d69WzExMbU0MgAAUFdYAQwAAAAAAADUssPp+Wrx6kZN+Oag0vOKL6iN9+JO6ty1pfPjTpQ5wlCDVkqOKQ0pS/1yIN0e/pa0fdKh/HResa5/d4e+35MmL1eT+jXzV4i3q35LzNTvR7JrNP5mAe5q3dBLuUUWrTyYrns/26uhH+5WsbX0rM6OqWO4t3o09rX/NHB3rf7MHM6pomtx9r2rmvurb1QDncot0uLtqbpjQXw1dauWnJys/fv3q1OnTpIki8Wi119/Q9HR0Zo5c6beeustjR49Wh4envY6sbG95O/vf959na/a6Mdms6lfv776+ecVtTQqAABQl1gBDAAAAAAAAFwiM9cc0wdxJzXt7800qktIjetZbdIHm0pC2W4RPtp4NEufbE7WlOuj5OZy8Ws63t1Y0nbXCB/FHc3S9uPZ2ngkS90ifSRJW5OydSq3WB4uRu15vJfMRslgkHIKrTqZVVCjPp4c0FT39ghTQbFNz/94SFN+Oaxv/jild34/oQd6hjkcu3hkO4eVtyXbGddsa+WamDuslVoEeejF5Ql67sdD2pqULYvVJpPx/MNfSdq6dZtatGghFxeTJCklJUWZmZm6/vpB8vBwkyRFR0fLYJB9i+hJkyZr1KgRateunebOnSdXV1elpZ1WamqKjEaj7r33XkVFNa2wvyVLlmrVqtXKzMxUQECAbr75JvXq1bPCY8/t58SJE3r33fd05MgRGQwGxcS00d13j5aPT8l9Xrr0K/388wrl5+fLy8tLd9xxm7p37y5Jat26tT75ZIEsFotMJtMFXScAAFA/WAEMAAAAAAAAXELp+cUas3ivus7arF8Ppteozg970nQ0o0BGg/TBHTFyMxmUllesL3eeuujxpOUWa8nOFEnSxCsj1aOxryRp/sazK4yb+rvLZJDyiq26/u0t+vfyg1oWnyLZitWkgblG/dhsVlksxXIxWPTvQVFqeSbg/XxHarljb/1oh3q+GWf/ySuyXOxpOrBai5WdX6g9yTmSpLYhXhcc/krSkSNHHbZZDg4OVlBQkObOnadNmzYpPT1dkq2C5wOfXZG9efMWjRkzRq+++qoGDhyoDz74oNL+QkND9dxzz2n+/PkaOXKk3n77HSUnJ1cxwpJ+rFarbrrpJv3nP//R9OnTVVhYpP/9b5Ek6fDhRC1b9qNefPFFvfvuu/rXv/6lyMjIc/oMUWFhoU6cKLvyHAAAXO4IgAEAAAAAAIA6sDUpR1fP26HHvj5Y7bGlYWy/Zg3UMtBVg1oHlrxfbhvo8/fx5pMqsNjk5WrU4NaBur1jQ0nSwm0pyiksCV6jAtz1we0xauTrphUH0vXMj4c16N2dCn/xN3246WRVzVfIZrOoZXDJdsgnsgrLlW9NytGGxCz7j8Vae6t/pZLnHfs+u1YLtiYrtomfvhh9xUW1l5ubK3d3N/vvJpNJL7zwgkJDQ7Vo0Wd65JF/6vnnX9DBg4cqbaNXr17y9/eTxVKsDh06KCHhcAWB8dlj/fx8ZLUWq337dmrZsqX27dtf7TjDw8PVrl2MjEbJ3d1VN954o+Lj99jHXFxcrEOHDig/P1c+Pl4KCzu7MttgMMjd3V05Obk1vSwAAOAywRbQAAAAAAAAQB0Z1bmhHukdXuUxJ7MK9c0faZKk2zo0tP+7dFeqftmfroOn8tQs0KOqJqr03pnn/f49JlgeZumWK4I04ev9yiqwaPH2VN3dtWSr6js6BuuuzqHadSJHaxMyNH9jkjYkZuqBL/bpliuC5ela87UlNpu0N6UkSAz1cStXvu/xXmW2gC6qsB2z6eyq3YJiq/11oeXsa1dT+ZW9N7cL1sFTedp2PFubj2Vpf2q2oi7iObleXl7Ky8tzeM/X11sjRtylkSNHKicnR5988ommT5+hWbNmlHsGc2kb9vMyu8hisai4uFhmc/kV1uvXr9eyZcuUlnZaRqNRmZmZ6tSpY7XjzMrK0qefLtTevftUVFQkq9WqwsKSAD4iopHuueceffXV13rzzbfUpk0bjRhxp0JDQyWVbF1dujU0AAD4c2EFMAAAAAAAAHCJdQjz0s//7wrNH95KTQPcqzz2g00nVXxmBeyDX+yVyxOrdeeC3ZJKnopbGuBeiA2JWdpxomQb5IVbT8rlidWK/PdvKl1wO//Ms4EPn87Xt3+kqqCoUK2D3XRv9xC9cG2UJKnQYlNWQXGN+ywoturpZQnam1oSmA67IqjcMRZLkcNPZbxcTWroXRKQrjucaX9/9aGS1z5uJgV6lg9Qp97QXFsf66YhbYOUX2zV2MV7lVtoLXdcTUVGRiop6Xi5961WiyyWIrm7u+q6665Venq6MjMzK2hBqukzjlNSUvT22+9o9OjRmj17tmbNmqWWLVvWqO7Chf+TJL388suaPXu2xo8f77DKODa2l1544QXNmTNHAQEB+vDDj+1lx48fl6urq0JDa/7sagAAcHlgBTAAAAAAAABwifi5mzTtb801umvNQ7T3zwS8zQM91C707OrLPcm5ik/J1QebTur5a5o41Ll9wR9yczm71uOxvo007Irgcm2XBrx+7ib1b352BeypnCKtScjQusMZ+iM5V6dyinXj+7vk525SyyAP+bi56PcjWZKkjuHeCvFxrfY8pvySqLfWHdPBtHxlFZRsLf33mCDd1yNMZcPPmo5fkh6KjdDzPx7Sp1uTtfNEtlyMBm1JKgm1H+jZqMJn+1qtxbJYivXq4Bb6ZneqkjILNXvdMU3uH+lwXE3H0aFDe3322WcqKiqS2WxWamqqfvllpXr16qWGDYOVnZ2tb7/9TsHBwfLz86v2WlUlLy9fZrNZISEhsliKdOhQguLj49WxY4dq6+bm5ikqKkquri4qLMzXsmXL7GXHjh1TVla2oqNbyMXFKE9PD5lMJnv5H3/Eq3379g7vAQCAPwcCYAAAAAAAAOASeKR3Iz07sLEaeNT8v+BWHcywr5R9d3gb9Ys6Gx5uO56jTtN/V1Jmob7fk+ZQb+uZALTUyezyK3RzCi1atD1ZkvRov8Z6dmBTe1mhxaqmL6/XiaxCzd94QpOujNTEKxtr5YHTOpSWr8yCHDX0dtXQK4L14qCoGp3LwbR8mY0GBXia1TXCVyO7hGp0l1DZbOXHVpPxl/q/AY3l6+ai+RuTtDclVzZJbRp6alSXME28MkJS5St7mweYNaprmN7beFyv/3pU9/cMcyiv6TgaNgxWy5YtFRe3Sb169ZSHh4cyMjI0ffoMpaWlycPDQ9HR0Zo0aVKlY6mpxo0ba+DAgXr22efk5+ersLBwxcTE1KjuLbfcorlz52rz5k0ym83q3LmLtm3bJkkqKCjUggULdPz4Cbm4uCgqKkpjxoyx1127dp2GDRt20eMHAAB1z2A7d8+PerJ9+3a1b9++vocBAAAAAACAy1Rd///RypUr1bdv7zrr7yyDTKaSwNhiKZbjStmzZVZrSTBpNFYcLlutFtls1jPHG2SzWWW1WmQymR3Kz1VaVnqs0Wg68+zasytqS8uqUtrOuWw2m2w2q0OfBoOh2vFXxmAwymg0OoytbJ1z2z93W+mS8zLa37/QcRw5ckxz587Viy++cKaNs+2WnnPpfZJKrovVWiybzSaj0WS/JueWV7b99dm2bWe2cDY4XM9z657bT8mcObuC12q1ymg0nTm2tMxQbry7du3SN998pyeemKzL4L+PAQCoU6tXr1X//v3rexj2x0hs3bq1xnU6duwoiRXAAAAAAAAAwGXEVsUzcMuXVfW83JLy4jK/V3582bLqgt6atlMZm62qc62urlUWS9XP8K2s/ZLzslR7XHUiIyP0yisv269x2XbLOrePiq5tVWM4n7Yd27FVMAeslZaVateuna64ooNDgA0AAP48CIABAAAAAAAA4LxVHqD+2ZWsTnbOcwMA4K/AWP0hAAAAAAAAAAAAAIA/AwJgAAAAAAAAAAAAAHASBMAAAAAAAAAAAAAA4CQIgAEAAAAAAAAAAADASRAAAwAAAAAAAAAAAICTIAAGAAAAAAAAAAAAACdBAAwAAAAAAAAAAAAAToIAGAAAAAAAAAAAAACcBAEwAAAAAAAAAAAAADgJAmAAAAAAAAAAAAAAcBIEwAAAAAAAAAAAAADgJAiAAQAAAAAAAAAAAMBJEAADAAAAAAAAAAAAgJNwqe8BAAAAAAAAAJej1avX1vcQAAAAgPNGAAwAAAAAAABUoH///vU9BAAAANSxlStX1vcQLhoBMAAAAAAAAFABi6WovocAAAAAnDeeAQwAAAAAAAAAAAAAToIAGAAAAAAAAAAAAACcBAEwAAAAAAAAAAAAADgJAmAAAAAAAAAAAAAAcBIEwAAAAAAAAAAAAADgJAiAAQAAAAAAAAAAAMBJEAADAAAAAAAAAAAAgJMgAAYAAAAAAAAAAAAAJ0EADAAAAAAAAAAAAABOggAYAAAAAAAAAAAAAJwEATAAAAAAAACAv4Q9Kbny+r81euqHhPoeyl/a1qQc/Wt5ov5Izq3voQAA4JQIgAEAAAAAAAD8JTz05X4N7xCiV65vXt9D+cs6llGgmz/YJT93s9o09Kzv4QAA4JQIgAEAAAAAAAD8JfzyQGd9cHtr2WyW+h7KX1YjPzclPt1b/+zbqNbanDVrtjZu3Fhr7aH21Oa9+eyzz7V06Ve10hYu3ksv/Vt79uyt72EAqIRLfQ8AAAAAAAAAcDYJafmSpKYB7uddd+muVA376A9JUvzErmoR5KHHvj6oWWuPSZJevSFKj/WLkCR9EHdSYz/bKz93k049HytJDseWlf1Sb7m7lKwJScos0CsrjuiHvad1LKNA7i5GtQ/z0r3dwzSic0N7nbLtubsYFebrqiExgXrxuqbyMBvLHRfbxFerHuxgr7N4e6ruWFByTiaDVPBKX4dxfbjppMYsLgkSQrxddfip7nIxGhyOycy36I1VR7V0d6oOpObLbDKoeaC7hl0RrCeuilR6XrGCXlgvSZo7NFpju4dKkgqKrZq++pgWbU/RvpQ8SVLzIHcNaxekiVdG2sd/7nUf3DpAS+9uK6nkXrZ4tSTAinukszqGe1V4bbvM3Kxtx3MkSS5Gg3zcTGoW4K6/tQnQ+D4R8nU3SZLDOMua3D9SLw9qWmFZTa9V6Tju7BisD29vLUlKzSlS6Iu/SZI+uK2VUnOKNOGbg1X2s3R0jAa3Cbxk86SRr5sOP9X9vM6tIgcOHFRSUpK6desmSdq+fbtee+0NSZLRaFRQUJCuvnqAbrjh+irbqak9e/bq88+/UEJCgoqKivTee+86lBcWFur99z/Qxo1xMpvNuuqq/rrllmEyGErOIzk5WW+//a4OHDggf39/DR9+q3r0OHsdqivfsWOHPv54gVJSUtS4caTGjBmjxo0ja1z+7bff6fvvf1B+fr7at2+vsWPvkZeXV43KV6z4RStXrlRi4hHFxMRo8uSJVV6rsvdm9+7d+uqrb5SQULIFe6tWrTRixJ0KDg621/nhh2X68ceflJ6erhYtWmjs2HsUEhIiSRo8eLAmTpykgQOvdhjzpVKT8VZ2vaxWqz75ZIG2b9+hU6dOKTAwUNddd60GDrxakqotr0x190+ScnJy9PjjT8psNmv69DeqbK+6+ZKYeESffLJA+/btk6urq668sp/uuON2SdLNN9+sxYsX6+mn/6/mFxVAnWEFMAAAAAAAAFDLDqeXhIYTvjmo9Lzi86xdPvAqDY8k6eUVR3Qqt6jc+2WPdTUZ1KOxr8OP8UzZvtQ8dZ21RXN+O64TmYXqHumrEB9XrUnI1N2L9ujhJfvLtefuYtTgNoFqF+qlQ2n5mrHmmJ79MaHccZK07nCm1h/OtP8+fXXFgXSp+RtP2l+fzC7UN3+ccihPyixQtze36N8rErXzRK5aBHmoUyMfHc8q0iu/JFZ6DfKLrbrm7R16elmCdhzPUUyIl9qGemn3yVy9sDxRV83dppzC0tXAZ8f/bXyafjmQXuWYyyupH+RpVocwb7kYDdp0LFsvLE9Utze3KCmzoFyNZgHuDvencYPqvzBQ3bUqHUdFc6P0/XBfN3ufrYPPbsPcIczb/r6/p+slnyfnf27lLV/+s/r27eNw/t7e3vroo480f/58jRo1SosWLdb27durbassi6X8SvGSEOxKjRo1qsI6//vfIiUlHdf06dP1/PPPa+3adfr55xWSJJvNppkzZykiIkJz587VqFGjNHfuPB05crRG5WlpaZoxY5aGDBmiefPmqUOHjpo2bbqKiopqVB4XF6evv/5GkydP1uzZs1VYWKj33nvfPvbqyv38Guimm27SwIEDq7yPpcrem7S0NPXp00evvPKKpkyZIoPBoNmz37KXb9iwQV999bUeffRRvfPOO2rRooVmzJgpm80mSfLwcFdMTIzWrl1Xbd+1obrxVnW9rFarrFarHnroIb311lu66667tGDBp9q6dWuNyitS3f0ptXDh/xQWFlaj86tqvpw6dUovv/yK2rVrpxkzZmjq1Knq2rWrvX7btjE6eTLZPj8BXF4IgAEAAAAAAIBLZOaaY2oxdaM+3HSy+oNrwGiQ0vOL9dLP5UPPsoK9XPXbuC4OP66mktBmwjcHlZxdpAbuLto+oYdW/6Oz9j7eS5OubCxJ+u9vx7U2IdOhvUBPs76+p702ju+qq5r7S5I2Hc0p12+AR8mmg6Wh7+pDGfr9SKYCPSvejHBPSq7WJGRIkrpF+EhyDAKlklWjB07lydVk0PL/10nbJ3TXygc7KemZPvp8VPtKr8Fb65K07kwQvWhkO8X9s6s2ju+qpXeX1Ik7mq2Za8qH00aDNOnbQ7LaKm26Ute1ClDcP7sq+fm+WjyyncxGgw6cyqtwxe2TA5o63J8He4VX2XZNrlVNDO/Q0N7n9CHR9vcXjmhrfz+2ie8lnSe1dW7btm1TmzZtKiixymQyqGPH9mrUqJESE49Ikn76abkmTpys++9/UFOnvqYTJ07Ya8ydO0/vvjtfU6e+pkmTHq8wjIuKilKfPr3VsGFwuTKbzabVq9do6NCb5e3tqYYNgzRo0CCtWrVakpSQcFjHjiVp+PBbZTab1LFje7Vr105r1qypUflvv21Qo0aN1Lt3rFxcjLrppiHKz8/Xrl27alS+atVq9e/fX40bR8rd3VW33nqrNm6MU25ubo3Ku3btrC5dOsvHx6fa+1LRvenbt5/69u0jf38/NWjgqxtvvFEHDx6yB+1btmxTbGysIiMjZDRKw4YN1bFjSdq7d5+9jZiYmCpD0qysLP33v3P18MOPaNy48fr004X29lNSUjRq1N366aflevbZ5zRhwiR99NHHlbZV3Xirul4uLi665557FBXVVB4eburUqYPatGmj/fsPSFK15RWp7v5IUnz8Hh0+nKhrrhlY1a2RVP18+f77H9S6dWvdeOPf5evrLT8/H0VHRzu00aZNG23ZUvn9AFB/CIABAAAAAACASyg9v1hjFu9V11mb9evB811V6qhbZMmKzf+uP659qXlVHpuSU6ieb8bZf+5euFuSVGix6ae9pyVJo7qGKsrfRRZLsSyWIj13TVOdyYj1bXxauTat1mIlpefq+JnVrB3Cvcsd0ybES1c2a6Alu1J18FSepq0qCVgf6BVR4ThLQ77WwZ7616AoSdKyPWk6mlHSR5HFpq93l6wEHdUlTFc19zkz3mJZrUW6Jtq30mvw7R8l59k+zFtD2wXY693QuoF6NvY9c56ny9Ub2TlUW5Oy9dEFBfc2+/Uc2i5Ad3crWYn31a5TKrI4JsqvrEhwuEdrDlU9P6q7VjUeoc16zjU8u8q19D2LpViFFuslnSe1cW5paWnKysqqdLWjxWLR9u3blZSUpMjIxtq0aZOWLv1K48eP15w5c9SsWTNNmzbDHugZDAbFxW3SPffco2nTpqlLly4VtGqTzWaVrYIvB6SkpCgvL0+RkWfnekREhI4eLVkheeTIEQUFBcnDo2Slt81mU5MmTXT06LEalh9V06ZNZbNZz4xXatSoUY3LExOPqHHjxpJsZ8bWSFarVUlJx2tUbrPZzqzGrf6bERXdm5LrZrX/Hh8fr4iICJlMJodrW9p+6dw8d4VpWFioDh+u/Asws2f/58zWx9M1depUHTx4SN999/05Y7ApIyNT//73vzVlyhRt3bqt0tXh1Y23uutVMv6SsoKCAh0+fFhNmjSxt1ddeVnV9VdcXKwPPvhQY8eOUUU7SZRV3XyJj98jHx8fPfPMM/p//+8BvfTSv+3bYZcKDw9XYmL1X0gCUPcIgAEAAAAAAIA6sDUpR1fP+//s3Xd81EX+x/H3lvTeEwIBIXSE0KsIinpKsaKcZ29nr8B5d3je2UVERQ8FBfHUswCK9SeICgLSq5FeE5IAKaS3ze7+/thkk81uGgKB3Ov5eOTxIDvznfnMfGcR97Mz31/16Ff1P3u1PmajQS+OTpTFZtdfvj1Qb91yq11rUwqcP8lHHLvEjhdbZKnc2to6xMflGl+zXZEB3pKkzCKLS1lafpnMj69Q/LNrtTOzWLf2j9Nzl57jse9Hh7eRzS499OV+fbMzWxckhqlXnL9bPYvVrvc3ORJ/E3rH6IIOIYr095LVLs3b4Hj9eIlFZZWJ08QIX+dxsFVq/17TscJySVKbUB+Xena7XW3DfF3q1PTUJecowNuoJ5YcVLHF/RjgxrLb7eoU6SdJKrPadbzEdU7355S63KP6jgtvzFydTKdjnVQ50bEVFzu+BOHr6xpfYWGhbrzxZt122x169933NH78eCUl9dQvv6zWqFGjnDtMr7nmauXl5bnsuhw4cKCioyNltbqOqzFKSx3Jaj8/P+dr/v5+slgsslqtKisrk7+/6/vAz89PpaWOZ4Y3rtzPpdzf39/Zb0PlpaWlLrGZTEZ5e3s722+ovCnqujdVDhw4qC+++EI331x9lHZSUm+tXr1GBw4cVHl5uRYu/Ex2u12lpdVfdvHz81NRkecd5RkZGdq9e7duvvlmeXmZ5O/vqyuvvEJr165zqTd69GWyWivk5WVS165ddfDgoQbH4ynexs6X3W7XO+/MUUJCgvr376faGipvbH9ffvmVunXrVplEbjhJ39B6KSoq0tq1a3XzzTdr5syZ6t69h15+ebrKyqq/lOHn5+uyAxnAmcPzuSsAAAAAAAAATrqb+kTrwaH1H/PbkDFdQzWiQ6i+3J6tMD+vOuvFB/vo8BNDa7zi2Jka6meWl9Egi82u1FzXREWJxaasIkdCNDrQ26XM38uoy7tHacWBXB3OK9MPe3KUXVTmlhyUpNFdwtQp0k//t8uxO/TR89qoqNw9ofbVjmwdK3S8fm3PSJkM0tU9ozRrTbrmbTiqv1+QoDA/L/mYDCqz2hvc9VxbVKCXdmZKqbnuu0hTKsdee5ySFBNo0qQRbfXPJQf08s/1P7+4IbsyHckRH5NBYX5eNZ45LL19TRfdMbB6PdhsFXUmtBszVwaD5FW5NbesorqdsorqXYzepsbtCTod66SpY6stICBAkntiLDAwULNnz3b+brNZZbfblJNzXL1791ZVcsxgkMLDw5WbW73zOjQ0tBGz45mvr+NLBcXFxS5/9vLykslkkq+ve7KsZt3TUV5SUp08tVqtKi8vd85dQ+VNUde9kRxHXb/88nTdeeed6tq1i3PNDx48SNnZ2Zox43UVFRVp+PDz1KpVKwUGVu8gLy4ucbZdW3Z2tmw2myZNmux8zWaz1dhh7NjlXbXDWpK8vb1UUlJ/gruueBszX3a7XXPmzFVOznFNnjzZre26yt988y398stqSdIFF4zUrbfeUm9/GRkZWrFipV544Xl5Sv4uW7Zcc+bMlSTFxcVp6tQXGrVeunXrpg4dOkiy66qrrtTXX3+t/fsPqGvXLpKkkpK67weA5kUCGAAAAAAAADjFesUFaPrY9jq//Yknl6rY7XZNG5Oo/q9t0PubjtRb19MuRh+zURd1Cte3O7P1waajun9InDpEOBIWz/yQoqpTikd3iXC5LszPSx9e31UFZXb1mLZGKblleuiLfVp4UzdPUeqR4Qm657Nd6hrtrz90DtXCXzPdas1dXx1/t2nrXcoOHi/VD3uPa1THMI3tFqkFv2bq/U1HdH3vSOc82u1y1vFkbLdIrTiQp20ZhVr0W5au6B4pSfpuV45WVz4beEzXCI/XPnlWiOMAACAASURBVHpevGavSXPuTD0RnyVn6b0NjjGO6x7lTM5WcRzF3Lidpo2dq/YRftpwuEAb0wpUVmGTj9molTWe09surO5EbE2nZ500bWy1hYWFKigoSOnpGerQob1Lmad5DQ8PV2ZmZo06VuXk5CgsrLptT4nmxoqKipSfn59SU1MVHh4uyXGsc+vWjiOh27Rpo6ysLBUVFTmTZikpKWrTpk2jy9esWeMSf1pamsaOHduo8oSEBKWkHNaQIapsO1VGo9F5THND5U1R1705cOCgXnppmm699Vb179+31s58m8aMGa1x48ZJkrKzs7R06Q/q3Lmzs05GRkadxyRHREQ4j3+umfR1zEXd77P67nl98TY0X1U7ezMyjujxx/8ib2/XdEx95ffdd5/uv/8B57zYbNZ6+1u3bp3y8vL02GMTJUkWi0UlJSW6//4HNWXK3zRy5EhdeGH1c4GtVkuj1otjblyP5K55vHRaWnrlsdQAzjQcAQ0AAAAAAACcIiG+Js25ppM2PtTnpCR/qyTF+euGPrGyNXzKp0fTxyYq0t9Lx0sq1PvVTRo5a6u6TdugF5elSpLuGthKQ9oGuV1ns1kV4GXTPy92JHS+2J6ttSkFHvu4qW+0vr8rSV/c2kuedqSl5pZpSeUzZgcmBOvy7pHOn0h/x87mOZXPhX1lXEe1C/NVudWuUbN/VZ/XNunC2dvU7vl1uvr97XWO897BrTSw8lm/49/foUFvbNbgNzZr3LzfJEl94oP00LB4j9f6exn09CUdmjzHi3cd16A3NqvVM2t07Qc7ZLHZ1SHCT6+M6+BW94WfUjR05hbnz5TFBz202LS5+vPAOBkN0oGcUnV5aYNGvLVVt366y3lt33j3+1qX07FOmjI2T5KSkrR9+45GjWfIkCH64YcflZKSqoqKCn3++SIFBwdX7nBsHLvdXnmks+O4bovFIovFkVw0GAwaPny4Fi36Qnl5eTpy5IiWLPleI0acL0lq27at4uPjtWDBQpWVlWnr1q1KTk7WeecNa1T5oEEDdfjwYa1a9YvKy8v15ZdfydfXVz16dGtU+fDhw7V8+XIdOHBQRUVFWrjwMw0YMMB5DHBD5TabrXLsthrzUPcR6bXvzYEDBzV16ku6/vrr1bt3ksrLy2WxWJxJ1ZKSEu3evVv5+bnav3+f3njjDQ0cOFBxcbHONrZv3165i9tdXFycEhMT9e67c5Wfn6uKinIdOZKubdu2NPr+1tRQvPXNl91u19tvv6OUlFQ9+ugjMhjkMl8NldtsVlmtFlmtFmfitb7+hg4dqtdee03PP/+8nn/+ef3pT39SWFiYnn/+eUVHRzu/bFL1IzW8XkaOHKF169Zr3779qqio0KJFXyggIEDt25/jHMPOnTuVlNTrhOYXwKnFDmAAAAAAAADgFHhwaLz+MSpBoX6n4iM4u5699Bwt2HZMJTWO922sxAhvbX50gJ5delDf7crWmkMF8vUyakjbEN05sJVu7hdTY7eXuxv7ROmFnw5qT1aJpiw+qO/vPNetjo9JuqBDcJ1HGs/bcEQ2uyNJvuTOJAX5VO/Ym7HysB7+co+++C1LWUUWxQV5afMjA/TSskNalJyp3Zkl8jIZ1CHCT/cNbV1nnL5madk9vfXy8lR9suWo8znIXaL8Nb5XjCaPSJCPqe75u6lvtGasTNXWjMI669SWVWxRTolFIb5m9Y0P0uU9ovTQsDYK8HLvZ39OqfbnVB8/2zrE162O1LS5GtEhRF/e2ktTfzqkzekFykgpV2yQt0Z3jdCzl7aXwdD4jPbpWCdNGVtkgPuR5xddNEpvvTVLY8ZcJkMD23f79euj48eP67XXZqigoEAdOnTQpEmTZGrksdiStHfvPj311NPO32+77Q6ZzWa9++4cSdKECddp7tx39dhjk2Q2m3XhhRfqggsukGSXwSA98sjDmj37bd19970KCwvT3Xffrfj4+EaVh4WF6tFHH9V7773nfGbsxIkTZTY7/o5pqLx//77KzMzUyy9PV0lJiZKSknTbbbc6x9JQ+TfffKtPP53vMvZzzz1XkydP9DhXte/NsmXLVFhYqFmzZmnWrFnOetOnT1NUVJTKy8s1d+67ysjIUEBAgIYOHarrrrvWWa+oqEg7duxwiam2Bx54QJ988rH++te/q7S0VJGREbrkkosbvrEeNBRvffOVl5enFStWSpLuuede57XDhg3Vn/98V4PlntTXn5eXWV5e1f+t8fX1ldFoVFBQ3cczN7ReunbtohtuuEGvv/6GCgsL1a5dO02ePFk+Po5j35OTkxUdHV25Q/0Ev40E4JQx2Ov6F9hptG3bNvXs2bO5wwAAAAAAAMAZ6nR/frRs2TKdd97QhiueAgaDQUaj4wP4qp1aRqNJBoNRVc/xrWIyVSfE3OvWf+xp7boOdtlsNtntNo91arZX1bfdbpfNVlFnjHWNy2Awymg0eYyzrjJHHwZVH0HqGm9VTFXPfHVtz+hynSNua4067vPuaNPsvM4xLs8fp9asV819PmvGWVvVXNbW1LlyjMXkEk/VMbLubXsed02nZp2c+DqoNQK9/vobGjRogPr37+8cT131a7ZZe76NRpPsdrvb/ardn+Neu3Jfp8bKPtznveZaqb1WGyqveb8c7zWraq7JhsvrHn9D5TXLqtS1ZiuvcLk37uvIoa73W+25W7BgoXx8fDV27Og6+nNw7cf974ja90qSx/dGY+Ktb748vc9rjqmhck8aun/V9ep/H9SuV9l7veuldvkzzzyrCRMmKDGx8TvogbPFihWrNGLEiOYOQ/n5jkc4bNnS+JMMkpKSJJEABgAAAAAAwFngfykBDKBpjEaz7HZrnbvN0XxO5r1pXIIep4vJZHZLGAMtRUtIAHMENAAAAAAAAADgrFX3DlQ0t5N5b+rbGYvTz9NJDwDOHI1/uAEAAAAAAAAAAAAA4IxGAhgAAAAAAAAAAAAAWggSwAAAAAAAAAAAAADQQpAABgAAAAAAAAAAAIAWggQwAAAAAAAAAAAAALQQJIABAAAAAAAAAAAAoIUgAQwAAAAAAAAAAAAALQQJYAAAAAAAAAAAAABoIUgAAwAAAAAAAAAAAEALQQIYAAAAAAAAAAAAAFoIEsAAAAAAAAAAAAAA0EKQAAYAAAAAAAAAAACAFoIEMAAAAAAAAAAAAAC0EObmDgAAAAAAAAA4E61Ysaq5QwAAAACajAQwAAAAAAAA4MGIESOaOwQAAACcZsuWLWvuEH43EsAAAAAAAACAB1arpblDAAAAAJqMZwADAAAAAAAAAAAAQAtBAhgAAAAAAAAAAAAAWggSwAAAAAAAAAAAAADQQpAABgAAAAAAAAAAAIAWggQwAAAAAAAAAAAAALQQJIABAAAAAAAAAAAAoIUgAQwAAAAAAAAAAAAALQQJYAAAAAAAAAAAAABoIUgAAwAAAAAAAAAAAEALQQIYAAAAAAAAAAAAAFoIEsAAAAAAAAAAgJNm3oaj8vnrCn2zI7u5QwEA4H8SCWAAAAAAAAAAwEmRXWzR498e0KxrumhMt8jmDgcAgP9JJIABAAAAAAAAACdFhL+XMv91nm7tFyO73X5K+pgx4w2tX7/+lLR9MjzyyGPatWu3x7Lc3FzdeOPNslqtkqR3352nBQsWnvQYli1brqlTp530dk+l779fqqlTpzVp3Uye/LiSk5NPYVSNt3r1Gj399DNnTDue2nrmmWfrXJsAWhZzcwcAAAAAAAAAtDQHc0olSe3CfU/o+rIKm15ZkaZPt2VqT2aJJKlDpK+u7hGpiee3kZ+XY1/HF79l6er3dzivM0iKCvRS71aBmnJhgga3DXaW7ckq0UvLU/XDnjxlFJQpxNes7jEBun9onK7oHqnckgpF/mu1JGnWVR11+4DYE45ldJdwfXFLd+dcJE51JOs2PNhHSa0C3OKu6ZvbuuuSTuGy2ux6cVmqPth0TCm5ZfIxGxQf7K1erQL17rWdZTYaPF7/6Ff7NWNVmiTJaJD8vUxqHeKj89uH6JHz4pUY6ees2/e1TdqaUeTWxsCEIK26N8lj+42d89ptB/mYdE64r+4cEKt7BrdyaXN9aoFeWn5Yqw7mK7vYojA/swa3DdbE4a01pF31PazZ5l9HttHTl7Rzlt2/aK/eWpMhSbqgQ6iW3Hluk9uXGl4nNce/c2I/53ym55fp+R9T9d3u40rLK5Ov2aiecQG6Y0CcbugT7XH+Glonnuzbt1/p6enq37+/JMlisei22+5Qq1at9Pzzz8podKzHH374Ub/88oueeGKKx3ZOPc/rs7bBgwfL29v75PduMMhgaFwMZ4Jjx47pxx9/0hNPPNGkuK+88krFx8efwsgar3379rrsssvOmHYkVc5l9XxeeeWVmj9/vqZM+ftJaR/AmYsdwAAAAAAAAMBJdijXkcx67Ov9yi2paNK1pRU2XfT2r5qy+KB+zShSt5gAdY8N0PajxfrX0hSNnLVVReXWytrVH+yP7BCmiysTp4t3H9cf5vyqPVmOhO2yfbnq+9omzV1/VEcLy9U7PkjtI/y0Ma1A72446hZDVQLmRGP5ZmeOftqXW88oq+smtQrUwIRg50+oryMZ9tyPKfrHkkM6kFOqfq2D1Ds+SIXlNn20JVMVtrp3CFbF7m0yqH+bYIX7m7Urs1iz1mao74xNteJy1I3093KJoUdsYKNir2/Oq+rFB/vosi4Rig701raMIj3wxT59XePZuJ8lZ+m8N7fqs+Qs2ex2DW0XIqPBoC+3Z2vkrK36eEumx75nrclwzn12sUX/2Vh9H2sm0JrSfuPWiXtybk9WifrN2Kw312ToSH65BrQJVkyQt1YezNctn+7S/Yv2ehxDw+vE3dKlP+i884a5vZ6fn6+ff15Raw7O/ARo165d1L59++YOo9mlpaXp/vvvk79/0740M2TIYIWFhZ2iqBqvoqJCMTHR6tev7+9u62S140n37t109OgxpaYePiXtAzhzsAMYAAAAAAAAOEVeW5mm9zYc1fSx7XVT35hGXfPvX9L1y6F8SdKnN/bQNT2jJElfb8/W2He3acPhQr22Mk1/uyDB5bpZV3dWYqSf9maXqtOLq1VUbtOS3cfVNsxXN3+yW8UWmxIj/LTkrt46J9xHklRcbtf61LyTHovRIE365oDWPdC7wfHOv7GHy65cx9G4dv24zxHXExedoydGtZXd7kjqbT9aJG9Tw/taogK8teaBvpIM2ppeqMvf3aZDuaW69dPd2jO5v7xM1cnBSzqH64Pruzl/t9vtstmsHlp1Vdecd6wxnhEdQvX+H7upzGpXxD9+VrHFpo2HCzWma4RKLDbd+9leVdjsGtw2WIvv7K0gH6OKym0aPWerlu/P1f2L9mpM13AF+picbUb4m5VdXKF5G47qviGt9ObqDBVbbM7XqzSlfW+z8YTXyWNf79exQotCfc1a/1B/JUb6SjJo8td79dLyFL21JkN/TIrW0Fq7jZuyTqps3bpVF100yu31cePG6fPPF2no0CHy8vJyK9+xY6c++ugjHTlyVFFRkZow4Tqde+65bvUkadas2TIajcrLy1dhYYEk6dZbb1Xbto51Pm3adPXunaQLL7xAkpSenq5//OOfeued2c429u7dq3ffnavjx3PVtWtX3X77rQoKCnLra+7cdxUUFKRrrrlakpSSkqoPP/yvDh06JKPRqOHDz9OECdfpyJEjmjPnXaWmpspgMKhbt6665ZabnW0ePXpUb7/9jlJSUtWmTWt17drNpZ+srCzNm/cf7d27V/7+/ho16kJdeukfPO62tVqt+vLLr7Ry5SoVFRWpS5cuuuWWmxQaGirJccT1iBHna+vWrSosLFJUVJTuuefPCgx0/+JEZmamHntsksaPv0a//pqsvLw89e6dpGuvHS+j0djguNLT0zVnzlylph6uHFdX7d9/QJMnT5QkTZo0WTfddIN69OihWbNmy9vbWzk5x5WVlSmj0ag77rhD55zj2Cm/adMmLVz4mY4dy5Sfn5+GDRuq8eOv8TgHDcX9888r9PPPPys2NlZ79uxVnz69lZCQoKVLlzp3nTc0T3Xd69Wr17i1M3ToEO3evUdFRYWKiop2WU+LFn2hn39eofz8fIWHh+vKK6/Q4MGD3MZUpWvXrtq8eYvatGldZx0AZz92AAMAAAAAAACnUG5phW6bv1v9ZmzS8v0N73b8ZsdxSVLPuEBd1SNcVmuFrNYKXdYlVIMSHAm0b3Yed7vOZquQpcKitYeqy0L8vLTmUL7S8sskSf+8+BwlhJicbfqYrBrWzj0p9XtjubFPrLakF+r9je67i2sb//6vGvT6BudPicWReE2M9JckzViRqvs+26U5a9O0+1i+Okd6q47Tn9044rWoR4yvnrusgyTpcF6ZVlcmtass3pXjEsOMFamNar+uOXdll9Vaod8y8lVWYZMk9WrlmPO1KfnKKrZIkiaNSJC/2SartUK+Jpv+ekFbSY71s+qQa/L1+t6xCvYx6bWVaSout+nN1RmKCfTWlT2iXeo1pf0TXSflVru+3+0Y/039YnVOmNk5709e1E5VefZvdua4XduUdSJJOTk5KigoUFxcnFtZnz69FR4eru+/X+pWdvz4cb388nSNHj1as2fP1vjx4/XKK6/p6FHP/RoMBm3cuEm33nqrnn76aY0dO1bTp78ii8XiLG/omOKVK1fq8ccf17///W+ZTCbNm/denX1VtVVQUKDnn39B/fr108yZMzVjxgz169dPkmSz2XTFFVdo5syZeuWVV1RebtEnn3wqyfGFhRkzXlenTp01e/Zs3Xzzzfrxxx+dfdjtdr322gzFxsZq5syZmjRpkhYvXqJVq37xGNOXX36lLVu2asqUKXrzzTcVExOj2bPfcamza9cuTZkyRS+//LICAgL0zTff1jkXdrtd+fkFmjJlip599lnt3LlLP/74U6PG9frrb6hbt+6aPXu2brvtNi1f/rOHuTc453LTps267bbbNHXqVI0aNUrvvVc97z4+vrr33ns1Z84c/f3vf9fq1Wv0yy+rTyhug8GgXbt2KykpSdOmTdOECRM87jqva57qu9ee2tm+fYcmT56sF154QZGRkS7rKTY2Vk8++aTmzp2rG2+8UW+//Y6OHTtW57hatWqllJSUOssBtAwkgAEAAAAAAIDTYEt6kS6c/ase/Wp/vfWOFZZLktqE+shurz7q2G63q22Yr0udmrpM2yCfv63UjR/vlCR1ivTT5d0idbTQ4qzToXJHp6u6j1M+0VieuuQcBXgb9cSSgyq21L+Tdkt6kdamFDh/rJXHO79waXvHs4lLKzRzdbruXLhbnV/aoFGzf1VOcdOO1Zbs6hhRPfaacyJJWcUWlxhSct3H5Eldc17Th5uPyeuvK9RvxiZ5mYyaPrajruwRIUnKLKqOIz7Y9TmwbUKqE8mZRa7jDfY16fYBrbQ/p1QT/rtDRwvLdd/Q1vIxuyaNmtL+ia6T48UWWSrvWesQ1+t8zXZFBni7xVKlKetEkoqLHcdr+/q6x2e32zRhwnX66quvVVJS4lK2fv0GtW/fXoMGDZJkU+/eSerevbvWrFlbZ18DBgxQRESYrNYK9evXV2azWbt27WowxiqjR1+m0NAQmc1GTZgwQevXb3AmkOuybt16tWrVShdffJGMRslsNioxMVGSI2nXo0c3GY2Sr6+3xo0bp507HfGkph7W0aPHdPXVV0myKSEhQcOGVR+TffhwmtLS0jVhwnUyGqW4uBj94Q9/0KpVqzzG8eOPP+mPf5ygsLAQGQx2XXvteCUnJ6u4uNhZZ9Soi2Q0GmS1WtSrVy8dPHio3rGNGTNaNluFzGajLrnkYq1evaZR48rMzNJVV10pyab4+HiXcXkyePBghYWFyGqtcMZV9XdXjx7dFR8fL5utQjExURo5cqSzr6bGXRV7//79ZLVaZLfbPF5f1zzVd689ufjii2Q2G2W1VmjMmNEu62nw4MEKCQmSzVahnj17qFOnTtqzZ2+dbfn5+brcSwAtE0dAAwAAAAAAAKfJTX2i9eDQVvXWiQr00s5MKTW3zK0sJbdUkhQd6O1WNrJDmAK8jYoK9FbvVkG6tX+c/Mw2xQZV192TVaz+bep7vu3JiSUm0KRJI9rqn0sO6OWf0+rtY89fBtc6AtqR1IjwN+qzm89VQZlNvxzK1Y97jmvGylQt25+rV1em6amL2zZ6HJK0K7M64VFzTiTpT71j9MH13Z2/2+22Rh0BXdec19Q+3Fc94wL1w97jKiiz6rtdWbp3cIzMRoMiA6oTmam5peobH+D8vWp+Jcdx1rU9OCxeM1am6tudOfIzG/XngbF6aqlrEq4p7ft7Ve8Vaso6CfUzy8tokMVmV2qNNiXHEdRZRY5k+u9dJ5IUEOCIv7S0VH5+fm7lXbp0Vvv27fXNN98qPDzc+Xpubp6ioqKcSTq73a6oqCgdP173jvyQkOrjqu12u8LCwpSb2/jnFYeFVfcfHh4qu92uvLw8mc11fySfnZ2jmJiYWslER/KyoKBAH330sXbv3iOLxSKbzabycsfc5uXlKTQ0VCbn0eh2RUdHKy0trXL8uQoJCZHZXOMY8YgI5eS4796vqKhQbm6u3nzzLRmN1WvC399fOTk58vd37MwPDKxeS15eXm5J99qCgqrXU3BwiHJychocV25urkJDQ1W94deuiIiIenevVq0RR1xmWa1WVVRUyMvLS/v3H9CCBQuVnp4uu92u0tJSde3a9YTilqSwsDCXL8Z4Utc81XevPccRXOPPgc71FBkZqdWrV2vx4sXKyTkuo9Go/Px89e6dVGdbJSUlLvMEoGUiAQwAAAAAAACcYr3iAjR9bHud3z60wbpju0VqxYE8bcso1KLfsnRFd8eO0u925TiPLh7TNcLtuqrn0Up22e12Z2JhYEKwWgV7Kz2/XE//kKKh7YKdu3dLLDZtOFyg884JOamxSNKj58Vr9po0vb+p/uN9rVaLrFb3jym/+C1LveMDlRDqq4s7huiSTmFaeTBXqw/lN3kH8LaMIk357qAkKT7YRwMTgmvVsDsTz01R15zXNLhtiN7/YzdtTCvUoBnrtWT3cc38JV0PDovX4LZBzuf2vrLisEYlhirQx6TicpumLjssSQr1NWtYu9rxOnbwXtMzWp9sPaab+8Upwt/kVqcp7XuZjCe0TnzMRl3UKVzf7szWB5uO6v4hceoQ4UjOPvNDiqyVOa3RXX7fOpGksLBQBQUFKT09Qx06tHcrt9vtuu666/T000/rsssurXFdmPbudd0RmZmZqY4dO9bZV2Zmpku7x44dU2ioI6nr6+vrspu3oKDQ7fqcnCznn7OysmQwGBQSEqKioqI6+4yMjKxzl/HHH38iSXruuefk5+enXbt2aerUqZKk0NAQ5efny263O49HrpmsDgsLVV5eniwWi/P5yFlZmS5J8ipms1khISF66KGH3Oan5nvENe9ZfxJUko4dO6bY2NjKPx9x9l3fuMLCQpWbmyur1SqTyVQZd5aH1hsXy+uvv6ExY8Zo0qRJMplMWrRokfbt23dCcTdWXfNU3732JCvrmKSuzpiq1lNmZqbefvsdPfHEFHXo4NhB/Nxzz9XbVlpauhISEuqtA+DsxxHQAAAAAAAAwCkS4mvSnGs6aeNDfRqV/JWkewe3ciYox7+/Q4Pe2KzBb2zWuHm/SZL6xAfpoWHxbtfZbBWVP1aXRKS3SXpvQjf5mY3ak1Wi7i9v1LCZWzT8za1q/ewavbT88EmPRZL8vQx6+pIOsjWQG5rw3x0aOnOL82fhr47E28zVGerwwnp1eWmDLpq9Tee+vM6ZdL64U1j9jUrKLCrX0Jlb1OGF9er72iYdyi1VgLdR//ljN3nXypUu3nXcJYbL5iQ32L5U95y7sstmq1DvOD9d39uRSHr+p1QVllnlazbozau6yGSQVh3MV6eX1uvC2dvUcep6/bQvV0aD9PqVnRTg7flj3OljE/X9XUl66pJ2Hsub0v7vWSfTxyYq0t9Lx0sq1PvVTRo5a6u6TdugF5c5nqV818BWGtLW8zOEG7tOqiQlJWn79h11licktFFSUpKWLPne+Vq/fn21f/9+rV27VlarVZs3b9Zvv/2mgQMH1NnOhg0btWPHTtlsNn377f/JYDCoS5dOkqS2bdtq27ZtstvtslqtWrx4idv13323RDk5OSorK9P8+QvUv39/Z/K1LgMG9FdaWpq+/36pLBaLysrKtHv3HkmO469jY+Pk7W1WeXmpFi9e7Lyudes2ioyM1PLlP0uS8vPztXLlSmd5fHxrtWrVSp9+Ol8Wi0Xp6elasuT7Oo9THjVqlD788AOlpx+W1WpRbm6O1qzx/LzgxlqwYKHKysqUlZWlb7/9TkOGDG7UuKKiovT554tktVqVkpJa57HVjVFcXKzWreMl2ZSbm6MVK1accNy/V3332pPvvlui7OxslZWV6dNPq9dTSUmpvLy8FBMTI6vVor1792jnzp11tmO327Vz504lJfU6KeMAcOZiBzAAAAAAAABwCjw4NF7/GJWgUL+mfQTna5aW3dNbLy9P1Sdbjir5iOPo4i5R/hrfK0aTRyTIx1RXstGzCzoEa/OjA/TiT4f0w54cbTxcqBBfs3rHB+n2AXUfSf17Y7mpb7RmrEzV1gz3HZJVtqS77og8WujY3Xv34NYK8fXS5vQCrT6UL2+zQX3jg3T/0Na6vHtEg0evllvtWpdSoABvkzpF+euCxDA9dn6Czgnzcrs2q9iirJTq3Y0R/qfiY1O7nryorT7aclSZRRa9ujJNUy5M0NXnhmvV/f304k+HtPJArlYdzFeor1lju0Vq8oi2GtI2sM7kckygSbFBwfXORVPaP9F1khjhrc2PDtCzSw/qu13ZWnOoQL5eRg1pG6I7B7bSzf1i6j1SuzHrpMpFF43SW2/N0pgxlzl3u7qya/z4a7Ru3TrnK2FhHabr9wAAIABJREFUoZo4caI+/PBDvfPOXEVHR+uRRx5RTEx0nf2MGDFCX375lfbu3au4uDg99thjzuObR426UPv27dPjj/9NISEh6tWrl7Zt2+Zy/bBhQzV16kvKyTmurl276q677mpwbIGBAfr73/+u99//jxYsWCiTyaTzzx+uTp066pprrtGsWbO0adNGeXl5qU+fvtq6daskyWCQHnnkYc2aNVvLly9XQECghgwZokOHDjnLH330Ec2d+64eeOAh+fn56eKLL9bQoUPkacfsuHFj5eVl1rRp03X8+HEFBQWpT5/e6t+/f4Nj8MRgMOjcc3tq8uTHZbFYNHz4cF1wwQWS1OC4Hn74Ic2aNVtLlnyvNm1aa9iwYUpPTz+hOO644w7NmTNXAQH+8vcPUFJSko4dO3ZCcf9e9d1rT84/f7heemmacz3dcccdkqSEhASNGjVK//jHkwoJCVZcXCt169atzn6Tk5MVHR2tNm3aqDE7twGcvQz2hv6ldBps27ZNPXv2bO4wAAAAAAAAcIY63Z8fLVu2TOedN/S09eeJwWCsfAZnVZLLccxwzUSawWCQ0ehISjXmCGOj0SSDoXo3qePYYqszgWgyOXYo1t7R+ntiMZnMzuus1gpJdpe6tVX1bTAYZDCYaiX57LLZbPXstnUfY/VY3Z/rWzO22uqaz8bOeVXbtfv1PMeGyrirY6meX3uDbVapGrvj2prHZDeu/drt1KxbtU7qG7/73Lvfr6asE88Mev31NzRo0ABnQtJk8nKLxTHP9sq2qvo1VfZhr5x/z33Mnv22YmJideWVV1bOmWOnb82YjEazDAaD8+hvo9HkjMFk8pLNZnW+Z2rfj5rxOmJSjfvpeq+q77XBeQyyo75rn9VzWHXssF2SwaXfqpir+qvvfeR4z1f3V3PNOeKvvkdVc1s11zVlZmbqsccm6f33/+Nsz3X9NnZcjvvwwQcfyGKp0E033eCMxWarkN1ul9FocjuKveZcV689e51z1Ni4DQajDAajy7VVf09WzUPD8+T5Xtdu55FHHtM999xd+bxi9/VU/b6zV65px98Rjr9HXdt65plnNWHCBCUmdnAbM4BqK1as0ogRI5o7DOXnO04+2bJlS6OvSUpyPAOcHcAAAAAAAADAGchut8lqrX+nr+MI2sY/u9aRvKh7J2Zdbf2eWDwlhRoTtyOR07Rn/UoNj7Gh2BrS2Dmvq23P19ZO2DatzSp1j71x7TfcTv3jb8zcN2Wd1NGCHnroIZcvLnhuz/U1R79Nud/1z1ntsprvj6q+63rP1IzNPZFfV7/u8dduv+H10fjx1/eeP5G5rbu9+se1Z89ehYWFKjIyUrt379Hy5T/r4Ycf8hiLpy9FuD63uOnP+q4r7qoEa311G54nz/faU592e933t/73q2tbTz75pNuXGQC0TCSAAQAAAAAAAABnjaYkMnF2O3bsmGbMeF0lJSUKCwvTtddeq65duzR4BDw8O5EvvQA4O5EABgAAAAAAAACg0t133+12lDBOTFRUlD788MMm77ytMmzYMA0ffr7z94aOrj5Zfm/cJ9OMGTMaOBYdANyRAAYAAAAAAAAAoJKno4Rx4n5PErUxx8+fKmdC8lc6c+IAcHYxNncAAAAAAAAAAAAAAICTgwQwAAAAAAAAAAAAALQQJIABAAAAAAAAAAAAoIUgAQwAAAAAAAAAAAAALQQJYAAAAAAAAAAAAABoIUgAAwAAAAAAAAAAAEALQQIYAAAAAAAAAAAAAFoIEsAAAAAAAAAAAAAA0EKQAAYAAAAAAAAAAACAFoIEMAAAAAAAAFCL0WhUWVlpc4cBAACA06isrFRG49mfPj37RwAAAAAAAACcZBERETp0KFWlpWXNHQoAAABOg9LSMh06lKqIiIjmDuV3Mzd3AAAAAAAAAMCZpmPHjtq/f6927tyh4uISWa225g4JAAAAp4jJZJS/v5/8/QPUsWPH5g7ndyMBDAAAAAAAANTi7e2tLl26NXcYAAAAQJNxBDQAAAAAAAAAAAAAtBAkgAEAAAAAAAAAAACghSABDAAAAAAAAAAAAAAtBAlgAAAAAAAAAAAAAGghSAADAAAAAAAAAAAAQAtBAhgAAAAAAAAAAAAAWggSwAAAAAAAAAAAAADQQpAABgAAAAAAAAAAAIAWggQwAAAAAAAAAAAAALQQ5uYOoMq2bduaOwQAAAAAAAAAAAAAOKudMQngzp07N3cIAAAAAAAAOEPt2rWruUMAAAAAzgocAQ0AAAAAAAAAAAAALQQJYAAAAAAAAAAAAABoIUgAAwAAAAAAAAAAAEALQQIYAAAAAAAAAAAAAFoIEsAAAAAAAAAAAAAA0EKQAAYAAAAAAAAAAACAFoIEMAAAAAAAAAAAAAC0ECSAAQAAAAAAAAAAAKCFIAEMAAAAAAAAAAAAAC0ECWAAAAAAAAAAAAAAaCFIAAMAAAAAAAAAAABAC0ECGAAAAAAAAAAAAABaCBLAAAAAAAAAAAAAANBCkAAGAAAAAAAAAAAAgBaCBDAAAAAAAAAAAAAAtBAkgAEAAAAAAAAAAACghSABDAAAAAAAAAAAAAAtBAlgAAAAAAAAAAAAAGghSAADAAAAAAAAAAAAQAtBAhgAAAAAAAAAAAAAWggSwAAAAAAAAAAAAADQQpAABgAAAAAAAAAAAIAWggQwAAAAAAAAAAAAALQQJIABAAAAAAAAAAAAoIUgAQwAAAAAAAAAAAAALYS5uQOosmvXruYOAQAAAAAAAAAAAADOamdEAthisahv377NHQYAAAAAAADOUBs3bmzuEAAAAICzAkdAAwAAAAAAAAAAAEALQQIYAAAAAAAAAAAAAFoIEsAAAAAAAAAAAAAA0EKQAAYAAAAAAAAAAACAFoIEMAAAAAAAAAAAAAC0EObmDgBoqqKiIv30008qKCho7lDQAgUHB2vkyJHy9/dv7lAAAAAAAAAAAACajAQwzjo//fSTunXrrNjY2OYOBS1QenqGfvrpJ40ePbq5QwEAAAAAAAAAAGgyEsA46xQUFCgmJkZ2u725Q0ELFBcXq/XrNzZ3GAAAAAAAAAAAACeEBDDOUiR/AQAAAAA4kxUVFSkjI0M5OTmqqKhwvh4eHq7w8HBFR0c3Y3QAAABAy0UCGGcldv8CAAAAQPPoMnWNnvlDe13T88SSdx9tPqq/fLNXBWVWvTehm8Z1jzzJEZ4dPt5yVM8sPajkiQObO5RTIjU1VampqR7LcnJylJOTo8zMTHXu3FlmMx9PAQAAACcT/8LGWel/PQH82WeLZDIZdfnl45o7FAAAAACN8MzSg3pi8X69N6Gbbuob29zhNKv7Pt+l+Teeqws7hjV3KE6FZVYFTVmuA38donbhvs0dTqNM/GqvsorKNW9Ct5PS3smcg5rJX7PZrC5duig4OFiSVFZWpp07d6qoqEh5eXn67bff1KtXr98dPwAAAIBqxuYOAIAUFhal77//oVF1ly1brn/96ykNGjSo0e1v2/argoPDlZ2dfaIhAgAAADhBNrs0Z126wv3MmrU67ZT2ZbGe2V+WzS2p0PGSCnWPDTjhNs70Mf6vKyoqctn5m5iYqODgYJWVlSknJ0c+Pj7q3r27c9dvUVGR0tJO7fsCAAAA+F/DDuAWYOnSpXr88cfl5eWl1atXN3c4p0VDO4A//PAj3Xvv/crLc094hodHa9q0F9WqVStdd9319bYzd+7bKi0t07333q927dpqy5aNMhgMzvIlS77X+PET5OPjo2PH0iVJhw6lqGfP3vr66y903nnDGj0mg8HQ4LjS0zM0ceJftGjR54qOjm70TuiwsDDdeOON8vb2/p/fPQ0AAACcbot3ZetwXpkW3dJTY+ZuVfKRIvWokQDdl12iiV/t0epD+SqtsOrc2EB9c3uSgn1NKiyz6u/f7dMXyVkqKKvQ4HYh+veVndU2zLFDM2n6Ol3SOVxrU/J1tKBcT13SXpd0jtATi/fpy9+ylFVkUdswX825tqsGJgRrxspUvflLmg7nlSnUz6wJSTF67tIO8jIZPMZebrVr0td79NHmo/IyGfTA0DZudX7ae1x/+7992nmsWJEBXnpkeBvdO6S1W73kI0Ua9+5WSdLg1zfIZDRo1+RBstmlp5ce0PsbjyivtEJ94oP06uWdnHPkaYyrDuYpu9giL5NB87ceU4ivWa9e3lHtwv101/wd2pVZrKHtQvXh9d0VFeglSfWO/cJZmyVJI97cJLPJoLsHx2vi+Qk6Vliuh7/Yox/3HpfBIF3SKVzTx3VSuL/Z2eYrP6fqeIlFPmajbugTq5fHdvQ4l6sP5em+z3Zpb3aJesYF6tIuES7lDd3rmj7afFRz1qXLardr5QuOzwG2TxokL6NBb64+rDdWHVZaXpk6Rvrr5XEddX77UKXnl6n3K+v08tiOuqGPYxf6LR9v16HcUi29q3edc7AprUCPfrlHW9MLFe5v1m0DWunxkW1lMnpeMxkZGS6/h4eHS5K2bt2qiooKJSYmKjo6WgEBAcrLy5PkSAIDAAAAOHnOqgTwtGnT9PHHH3ssW7VqlXx8fE5zRI3z/vvv67XXXlP79u316aefNnc4ddq+fbtuuukmSY6kcmho6Elt/+GHH9bKlSs1fvx4/eUvf/ldbTWUxDQYjPXWMxiMGjp0qNatW+N87a9//ZuKi4v12muvOl+Li4vT119/Iy8vL5WUlGrFipUuSd0PPvivEhLa6OjRY259NSahW3tMDdVv1SpO27ZtUVlZiex2W6Pbbt06XrNmzVR5eRkJYAAAAOA0m7UmTZd2idDorhHqFReo2WvSNOOKTpKkgjKrRry5SeN7Ruu9Cd3l723U2pR8mSuTazd9vF3lVpvWPthPYf5eenLxfl05b5s2PDxAVfm3hb9masW9fRUX7C1JuvzdbSost2rZPX2UEOqr3VnF8qqsHBvko69v76X24X7alVmssXO3qnWIjx46zz2xK0lPf39AP+49ro0PD1BUoJce+3KP9mWXOMu3pBdqzNyt+u+femhM1wjtPFasP7yzRbFBPrrq3CiXtnrEBmjdg/0V9c8VWv1AP8UGOeJ9avF+fbzlqBbfmaS2Yb56eulBXTR7s3ZNHqxgX5PHMa46mKcF247pg+u7a+ZVnTVvfYZu+3SHhrUL1fybzlVkgJfGzt2q5388qOnjOjY49h/+3FtBU5Zr2T19XI4/vvb9ZIX5mbVz8iBZ7Xb96cPfdONHv+mb23tpd2ax/vLNPm1+ZIC6RPurqNyq3454TmTmFFfosne26uk/tNc9g+O1NaNQY+ZsVbi/l7NOY+51lT/2jtHGwwVuR0DPWJmqGSsPa+FN5+rcuEB9tT1L4+ZuVfLEQWoT6qMPr++uq977VX1bB2vtoTx9tytHWx4dIJPR4HEOsostumjWZk0c0VZL7uqtPZnFGj1nq7xNRk0akeB5rDk5Lr//9ttvkqSKigqZzWaFhIQ4f6+SlZWlTp06eWwPAAAAQNOdlUdAm81m9ejRw+XHaDzxoVgslpMYHU4PeyN+6qrnEBjor86dOzp/goODFRgY6PJaUJC/JLuMRqOuv/6P+uCD/zrbyc7O0nffLdb111/voa+mxOmon56erquuGq/Y2Nbq2bOPPv10vrO8qKhQd999r3r06KXQ0HD16zdQs2e/7dLG0qVLdf75Fyguro3atu2gSy65TCkpKZLs2rZtq/z9g5SdneVSf9SoSxQb21rnnNNR1147QcXFRZLsKi8v0xNPPKnOnbspOrqVRo4cpZ9//rkJ4znbfwAAAICTIz2/TN/syNZt/eMkSbcNiNP7G4+oxOL4QufnyZkyGQyaNrajgn1NMhsNGtouRP7eRh3OK9PnyZl686ouignylrfJoGf+0F57skqUfKTQ2ccdA1o5E6MpuaX6cnuWZl/TRW3DfGUwSJ2j/NU+wk+SdG2vaHWI8JPBIHWJ9te9Q1rrh73H64x/3oYMTbmwndqE+sjXbNTUMYmquVn4jVWp+mPvGF3ePVImo0HdYwN0/9DW+mDTkUbP0bvrMzRl1DnqFOUvH7NR/7r4HEnSNzuyPI6xysgOYbr63Cj5mo26fUArFZZZ9efB8eoQ4acQX7P+1CdW61PznfWbOvb92SVavj9Xr13RSaF+ZkX4e+nlsR317c5sZeSXy8tklN1u16a0AuWVVijA26QBCcEe2/o8+Zhig7x1/9DWMhkN6hMfpNsGtHKWN/ZeN2TGysP658XnqFerQBkN0uXdIzWkXYg+Tz4mSRrVMVyPDk/Q5e9u1YNf7NZ//9TdmYj35IvkLIX6mfX4yLbyNjnu76QRCXpnbd1HNtdM7EpSXl6ec6dvYmKifHx8lJOTw65fAAAA4BQ6q3YAVwkLC9O8efM8lq1cuVLz5s3Tvn37ZDQalZiYqDvvvFP9+vWTJC1YsEAvvPCCWrdurSuuuEIfffSR/Pz8NG3aNE2YMEGS9I9//EPz5s3T0aNHNWLECD3yyCN69dVXtWzZMkVEROihhx7SBRdcIElKTk7Wiy++qLS0NBUVFcnPz089evTQww8/rMTERL344ouaP3++JGn//v3OOD7++GMlJiY2GK8na9as0auvvqqUlBT17NlTQ4YMcatTUVGhhQsX6vPPP9fhw4cVGhqqYcOG6b777lNQUJBb/apjpKuMGjVKkjRp0iRdd911OnjwoGbOnKlff/1VRUVFat++ve666y4NGTJEFRUVuuOOO5ScnKxrrrlGjz/+uJKTk3X77bfLYDBozpw5+te//qX9+/dLkubPn6/58+crJCREP/zwgyoqKrRgwQItWrRIhw8fVnBwsHr16qX77rtPrVu7HxsmNbwDuCqJV3c9e+WOW6tbmzab1a2uJP3pT9dr+PARmjr1eQUHB+njj+dryJAhat06vlZf1X03ZbftU089o+eee0b//vcbWrBgoe6++z4lJnZQ795Jslgs6tSpkx544EFFRkZo/fr1uu+++xUTE6Nx48aosLBIN954q6ZM+ZuuvfY6lZaWaO3adTIajZUxGCpjcsT100/LdN11f9Ijjzys2bNnyWq1Vt4Lq+x2u5555jl99NEnevPNf6tTp06aNWuWxo//o9auXam2bds2ekzN7ciRo/rzn++r84OFgIAAzZr1b8XGxpzmyAAAAPC/Ys66DIX7mzWmW6Qk6YY+cZr89V59suWobukfp4M5JeoQ6ee2w1OSDuSUyCDpotmbXV739zYqI79cPR05ZcWHVJ+GdTCnVCaD1D7cz2M83+zI1rTlh7S/chdvUblVHSP9Pda12x0J7MQa5QHeJsUGVfd3IKdUv2YUqsuB6tOVyipszoRzQ+x2KS2/TB1q1DcZDWob5qvU3FLnazXHWKVVSHXi0stkkLfJ4FIvwNukgrLq/79rytglKTWvTGajQQmh1TuCO0Q64kzNLdWAhGB9fEMPvbHqsO5asEPnxgZqyqhzNLprhFtbh/PKlBjpOieJNcbc2HtdH7tdOphToin/t1/PLD3ofL2wzKr+baoT03cPjtfzPx7UoIQQXZAYVm+bqXmlal+ZNK/SIdJPqbllDQdUS5s2bRQeHq6ioiLt3bu3ydcDAAAAaLyzMgF8/Phx3XLLLc7f27Vrp3/+85/67rvvNGXKFEnSyJEjZbFYtHLlSm3cuFGvvvqqhg2rPrr38OHD+s9//qMhQ4bIbHadhunTp6tPnz5KT0/X4sWL9csvvygmJkbt2rXTzp079eSTT2rAgAEKDAxUVlaW7Ha7xo4dq6CgIC1fvlxr1qzRY489poULF6pfv37as2ePtmzZopCQEF166aWSpNDQ0CbFWyU1NVUPP/ywKioq1KVLFwUHB2vmzJlu9aZOnarPPvtMkZGRuuGGG7Rt2zYtWLBAycnJeu+992QymVzqJyQk6JJLLtHixYslSVdddZW8vb3VuXNnpaam6qabblJxcbEuvPBCtWnTRp9++qkefPBBTZs2TSNGjNALL7yg66+/XgsWLFC/fv30xhtvyGq1auLEierevbsuu+wyffbZZ0pPT1fHjh3Vt29f+fs7/kf7hRde0KJFi+Tn56eLLrpIu3fv1vfff681a9bok08+UXR0tNv4Gv/sW/drHdd7bqOu1yWpQ4dzdO65PfTZZ5/r5ptv1IcffqSJEx9TUVGhS0w1r29KAnjChAm69trxstkq9PDDD2j58p/11luz9dZb/1ZwcLAmTXpMVmtF5Xobra1bt+qzzz7X2LGjlZmZqZKSEl188UWKjAyVFKaEhKtls1VUxuCalH755Vc1btxYPfnkE6qocOyA79y5kyoqylVSUqJZs97RK69M18UXj5LNZtOLLz6v5ctX6K233tZzzz3d6DE1t5iYaN1775/10kvTPZbfe++fFRPT+GcpAwAAAE1hs0vvrE1TbkmFWj+9yvm61S7NXpumW/rHqV24n+auy5DNLrckcNWzX/+fvfuOrqrK2zj+3JveSIGQIBBKIkVaCIiAiAQpgyKgKEpRUEFHpUQBlaHqIKOgFEdEYXAYAor6RpqKAgpIlSKhCVJMqAGCqaTe9v6BuRKSkIDiTS7fz1osk33O2ee3z4El4bl7743PtbDvY1ucy8O52kGestguBYpXhrDJF03qtWCvlg1qqm4NKstokGZuPKkl8edK7PeWSh46m5lvbzNbbbqQ/fv3tQI91bCqj9594PqW7zUYpOqVPJSQkqM7a19aGthqk46n5qrmZcGrofjtZsustLEbi7lBTX8Pma02nUrPU43fguWC8Ligtl6Ng9WrcbDyzFYt2JmkB/+3VxdebS8/j8I/c9fw99AXP+UXarv8uZb1XV/uyt8vBoMUFuipqfdF6KGmxf8sbLVJA5f8pO4Nq2jr8XR9uD1JT7aqdpVn4KnElNxCbb/8mqOaAde+BVfB0s9Hjx4tMksYAAAAwJ+rQi4BbTabtX//fvuvgk+OLlq0SJLUvXt3TZs2rVCIunjx4iL9zJs3T5MnT9akSZMKtY8dO1bTp09X+/btJUkeHh5atGiR3n33XUlSTk6OEhMvfZq2TZs2WrRokV544QU99thjmjx5siTp9OnTOnXqlO655x7dfffdkqTKlStr1KhRGjVqlKpUqXLN9UrSypUrZTabFRISogULFmjq1Kl65JFHCp2TmZmpZcuWSZKGDx+uRx99VJMmTZKHh4cOHTqkHTt2FOm3Xr166t+/v/375557TqNGjVJkZKTi4uKUnZ2tiIgIjRkzRgMGDNDDDz8sSfrf//4nSQoNDdWrr74qSXrllVd06tQpRUdH22dVDxo0SHXr1pUkRUZGatSoUXruueeUmZmpFStWSJJefvllTZw4UR9++KECAgIKHSuqbEv4/vDD1iK/LoXfV1v2t/h2m82ixx57TB99tEQ7d+7SmTNndN99f7vsnCuvubYlh1u2bC6LJV82m1UmU57uuON2/fzzEfs5b789Xbff3kbVqoXJ37+ypk17W6dOnZZkU+3aYerZs4fuvrujBgwYqLlz5+nMmVO/7RNcdGx79+7T3Xe3l8mUK5vNIpvNIrM5T5JNiYmJysvL0x13tJDFYpLNZpHJlKfWre/Q4cNHrnFcjv/Vpcs96tz5Hl2pc+d71KXLPaX8XgAAAACu39eHftWp9DxtGdpS8S+2sv/68qlm2no8Q/uSLqpXo2CZrTa9/OVRZeZZZLbatCUxXdn5VoUFeKpnoyoa/NlB+4zL1ByzPt1zXmZr8X9vDQvwVPeGlfVM3CGdTMuTzSYdTs7WL7/m6GK+RVabTZG/LQ/8a7ZJ//nhzFXHMLBlNc34/oTyzJeWrH538yll5Vvtx59rW0MLdyVp6f5kmSw2ma027Uu6qK3H08v8nAbdXk1Tvk3UsV9zlGe26tXVv8hmk+5rWKXMfZSmtLF7uxtVycNFPydn29vqVvZS+zoBenHFEaXnmpWSbdaolUfVrX5lVavkrsPJ2VpzOEW5Zqs8XI0K9nGXQZJLMUFqr8bBOnIhW2uPXNof90KWSf/Z/vv9r+ddV6vkoaO/5shy2fHh7Wpq7Kpj+vF0pmw2Kcdk1fpjqUr4LcSdvDZBJ9NytbDvbfqofyPFrDis/b/tW1zcM+jZuIp+zTbprQ0nlG+x6eD5bE1bf0JPXbZ89ZV8fHyKbc/KylJGRkaxKzSVdA0AAACA61MhZwAHBwdr1apVRdrPnr20x1BERIS9rWCZ5YJjl/cRHh5ebP+33XabpN8/nVq/fn25uroWWjq54AeWhIQEzZw5U/v371dubuFPxf7666+qXbt2ieO4lnqvvCY8PNw+c7lBgwaFzjl//rys1ks/kE+YMKFIHydOnFDr1q1LrOtKSUlJki59SrdgaegCJ0+etH991113qUGDBjp06JAk6amnniq178trLXgfHh4eqlGjhtLS0kp8DqXN2Cw4Xq9e3VLPuaK1SPvlM3t79bpfL7/8il577XX16fOwXF2NRWb+Flx+rUtAW63WQudbrVYZDJf6Wbz4Y73zzmz973//VatWreTvX0lTpryhpUuX2a9ZvDhWP/4Yr6+//lqffPKZ/vnP1/X555+qRYuoQjUW/LJaLSXUd+kfKyyWwvXYbDYZDIYKOVv22Wef1rFjx/TLL5c+uFG3bm09++zTFXIsAAAAqDg+2HZavRoFq0WNwtvwhPoFqU2tSvpg2xm9+0A9fff35hr1xVHVnbJFZqtNTav56ounmkmSFvZtpNfWJKjDnF06f9Gkyt5uujs8QL2bBJd430X9GukfXx3Tne/uVGqOWbWDPDX/4YZqFVZJb9wboej3f1Swj7sCvV3Vs1GVq+6DO75TbY364qiiZmxXdX9P3VnHX/UuW8q4ZQ0/rXiiqSZ+k6DBnx6UTZf21x13T50yP6dxnerIYrXpnvd3Kz3XrObV/bT66UhV8nQp/eIyqhPkWerY37wvQk9++pOy862KaV9TEzvX0SePNdYLK46o3ptbZZBBXeoakcnqAAAgAElEQVQFaXqPWyVJuWarxn/ziw6dz5LRYFDtQE/FDWwqb/ein7Wv7O2mL5+KVMzyw5rokqAAL1f1bx6iuH3J9nOu9V0PiArVsv3JCp60UVabTecm3qUR7WrKy82oQUt+0vHUXHm5uahlTT/N7FFP646m6q0NJ7R1aEv5uLuoQ3igXupQSw8v3KedMbfLx92l2Gew+unmenHFYU1em6BALzc9cXs1vXh3WInPulq1asUu8ZyVlVXizN/L/10EAAAAwB9XIQPgkoSGhiotLU3Hjh2ztxV8HRJSeI9PD4+SlysqCFYNv31qt+D74sKiV199VUeOHFGHDh3Up08f5eTkaOTIkYXOL1huuSDovJ56CxS0nznz+yeFT58+XeicqlWrymg0ymq1asSIEapX7/eluCwWS4l7uF6+LPTltYaGhkq69APZCy+8UOiay89bsmSJDh06JHd3d+Xn52vKlCmaP3++3NzcCvV/+XOsWrWqPVQ8duyYGjZsqPz8fJ06darQva9U1j2ALZYr9/MtuL64Poou4Xxlu6enu3r16qnFiz/S66//s9jlnq8MW8tqx46duv/+e+3fb9++XfXr15fNZtOOHbvUpUtntWvXRhaLWRcvpmv37h8L3S83N0uNGzdQs2aNNXbsGEVH36OlS1coKqp5kZoiIyO1fv33evzx/kXqqFUrTB4eHtq27QfVrVvbft22bT8oOrpDhQxNfXy8NWrUCxo9eowkadSoF+Tj410hxwIAAICKY/kTTUs8tmVoS/vX9YK9taKEc/08XDSte4SmdS8+IIt/sVWRNn9PV81+sL5mP1i/yLHRHcI0ukPh8O71EquUPFyN+nevwss7T+xcONztEB6oDc9dfS/ZAlV83GSb1rFQm7uLQa93C9fr3Yr/kHZxY5zZ89YibblvRBf6fkBUqAZE/f4zZWlj/3ub6vp7m+qFjof6uevj/o2KratpNV9tG9ay2GPFubO2v3aMuL1Q26tdf//Qcmnv+krBvm7a8FxUkfZnWlfXM62rF2mPqOKljMl3F2ob16m2xnX6/YPrxT2DljX89P1zLcpUk3Tp5/zk5GSlp6cXaa9UqVKhD5JLl/7N5cqtuQAAAAD8MU71N+x+/fppwoQJWrlypbKysmQymbRx40b7sRvh8gA0MzNTX331VZFzqlW7tJ/OyZMnNXnyZPn6+iomJua66u3evbtiY2OVmJioCRMmKCwsTLGxsYXO8fPzU48ePbRs2TItWbJE3bp1k5ubm06dOqUtW7boo48+KrbvkJAQexj72muvqUaNGurfv78efPBBxcXF6ejRo1q6dKnq1aun1NRU7d+/X+Hh4WrTpo0OHjyomTNnytXVVXPnztVbb72l/fv3a9asWRo1alSh57Bu3ToZjUaFh4erd+/e6tGjh5YvX66pU6dq165dOnLkiNLS0uTr66v777+/hCdf1uCupPOuttTv1dtnznxbb775hry93WW1WoocL5CQkCA/P99CbeHhdeXtXXgfrgKffRanxo0bqlWr27VixRf67rv1WrdurSSb6tevr//+d4GSk88rKChQy5ev1DffrFH9+vUl2XTw4CGtXPmVunS5R6GhITp8+KiOHTumAQP6FTMem0aNelEPPviQJk/+lx5++EFJ0vr136t//0fl6+ur559/TpMn/0uVKweqbt06+vDD/+nYsWP65JOPrvJ8yrfw8Dp69tkh9q8r6jgAAAAAoLyrX7++Dhw4UGi554SEhCJBr6urqxo1anTVD+kDAAAAuHZOFQDfe++98vX11YIFC7R9+3YZjUZFRUXpqaee0h133HFD7jl+/Hi98cYb2rp1qxITE/Xwww9rw4YNhc6566671KVLF23evFnLli2Tm5ubYmJirqveWrVqafr06Zo1a5bWrVunBg0aqG/fvvrPf/5T6LxXXnlFt956q5YtW6ZPPvlEBoNBISEh6tKliypVqlRs3wEBARo2bJgWL16sTZs2SZK6du2qJk2aaOHChZo7d6727t2r9evXy9/fX/Xq1dPdd9+tixcv6pVXXpHZbNbQoUPVuHFjTZ48Wf3799eSJUvUsmVLdejQQf369dNPP/2kQ4cO6dNPP1Xr1q3Vu3dvjRkzRnXq1NGKFSu0Zs0a+fn5qVOnTnr22WdLnAld+hLQpZ1X3FLPxV9TtN0iDw8XWSzmQu1X/nfEiJFF7rpq1Qq1bFn0E9qSNGnSRH3yyad64YWXVLVqsP7zn7lq0uQ2Wa0WDRnypH7++bDuvLOD3N3d1arV7Ro+fJi++Wa1bDabfH19FR+/VwsWLFRaWrqqVQvVs88+qwED+v22j2/hGcDt27fVZ599osmTX9d7730gHx8f3XHH7RowoJ9sNpvGjBkti8WiF14YrbS0dDVu3EjLln2uatWq/ravcMXUqdOlmQbM/AUAAACAG8fV1VXNmjXTyZMnlZSUJLPZXGTv36pVq6pmzZqEvwAAAMANYLCVgyRk165datGi7MsJ4eb28ccfq1On9lc9x9XVXV5e3srMTCtyzNc3QHl52TKZ8gu1e3r6yGAwKCfnYpG+PD29dfFi0b4kyc3NXR4evx83GIzy9S0+ZM/Kyrxi1nDhmlxd3eXi4iqbzaq8vFyZzb/X6OnpLRcXN0k2WSwWWa0Wubq6KTs7UwaDUZ6eXjIaXX+bxW2VyZSv/PxL+1IbjS7y8fHTxYvply1N7iYPD08ZjS6/9WlWTs7vP5B7eHjJ1dVdBoNBVqtFeXk59tDb2a1d+7369u3r6DIAAAAAwCmkp6crIyNDkuTj46NKlSpd17LP/PsRAAAAbiYFf4eOj48v8zWRkZGSnGwGMG4mV//cgtmcp8zMvGKPXbyYWmx7bu7FYtvN5jxdvFh8X5JkMuXJZPr9uM1mUWZm8fcoSUFNl/dTtL6sIm35+Tn2e14ZXF/OajUXqcliyVd2dn4JV0h5ednKy8u+at0AAAAAAJTG399f/v7+ji4DAAAAuGkQAKNCKgcT1wEAAAAAAAAAAIByhwAYFRIBMAAAAAAAAAAAAFAUATAqKAJgAAAAAAAAAAAA4EoEwKhwKlWqpHPnLqhq1cqOLgVO6Pz5C6pUqZKjywAAAAAAAAAAALguBMCocDp06KD169frwIHDji4FTsZgMMjPz0/R0dGOLgUAAAAAAAAAAOC6EACjwvHx8dF9993n6DIAAAAAAAAAAACAcsfo6AIAAAAAAAAAAAAAAH8OAmAAAAAAAAAAAAAAcBIEwAAAAAAAAAAAAADgJAiAAQAAAAAAAAAAAMBJEAADAAAAAAAAAAAAgJMgAAYAAAAAAAAAAAAAJ+Hq6AIK7Nq1y9ElAAAAAAAAAAAAAECFVi4C4BYtWji6BAAAAAAAAAAAAACo8FgCGgAAAAAAAAAAAACcBAEwAAAAAAAAAAAAADgJAmAAAAAAAAAAAAAAcBIEwAAAAAAAAAAAAADgJAiAAQAAAAAAAAAAAMBJEAADAAAAAAAAAAAAgJMgAAYAAAAAAAAAAAAAJ0EADAAAAAAAAAAAAABOggAYAAAAAAAAAAAAAJwEATAAAAAAAAAAAAAAOAkC4JuYJT5emdHRssTHO7oUAAAAAAAAAAAAAH8CAuCbkC0tzf5f8/r1RdoBAAAAAAAAAAAAVEwEwOXU2rVr1bJlS7Vp0+ZP7ztr0CBlNG8uy549kiTLnj3KaN5cWYMG/en3AgAAAAAAAAAAAPDXcXV0AQWsVqtWrFihlStX6ujRozKZTKpataratm2rZ555Rv7+/o4usVh9+/bVkSNH7N+7u7srNDRUXbt21aBBg+Th4eHA6orn1qGDTOvXK3fGDElSzsSJcomMlFuHDg6uDAAAAAAAAAAAAMAfUS4CYLPZrNGjR2vjxo2SpNDQUNWoUUNnz57Vp59+qu7du/+hANhkMsnNze3PKrdYwcHBql+/vlJSUvTTTz9p3rx5Sk5O1rhx427ofa9nbB4xMXIfNEiZ0dEySjIEBspnwQIZAgJuTJEAAAAAAAAAAAAA/hLlIgBeunSpPfx99tln9eSTT8pgMEiSDh06pODgYElSq1atZLVaNXPmTLVr107nzp3TfffdJ0n6v//7P9WuXVtjxozRmjVr1LVrV7m4uGjdunXq3LmzXn75ZU2fPl0bNmxQWlqavLy8VLNmTQ0bNky33367JGnTpk1asGCBjh07JqPRqIiICA0ZMkQtW7YsdQwtWrTQ5MmTJUnjxo3T119/rXXr1mncuHF64403tHnzZqWmpspsNis0NFTdu3fX4MGD7ddv27ZNM2fO1IkTJ9S0aVO1bdu2yD1KGtuECRO0detWzZ8/X7/88ouMRqOaNGmimJgY1apVq0g/trQ0ZUZHy5aaqkrx8cqIjFRmdLT81q0jBAYAAAAAAAAAAAAqsHIRAH/77beSpJo1axYKfyWpQYMG19XnN998o7CwMHXs2FFhYWH67LPPFBcXp3r16qlPnz7KzMzUgQMHdO7cOUnS119/bZ+tGx0dLZPJpE2bNmnXrl32wLksUlJSdOrUKUmSj4+PJOnIkSOKjIxUrVq1lJKSoqVLl+r9999XcHCwevbsqZMnTyomJkZms1kNGjRQpUqV9N5775V5bN98843Gjh0rV1dXPfTQQ8rNzdWyZcu0e/duffzxx6pWrVqh6w0BAfIcMULG2rVlCAiQ98yZsqWlEf4CAAAAAAAAAAAAFVy5CIAvXLgg6VIAfHn4WxKj0VjqOaGhofr444/te/DOnTtXkuTt7a2aNWsqLCxMzz//vFxdLz2CRYsWSZK6d++uSZMmSZJiYmK0adMmLV68uNQA+Ouvv9bXX39dqG3gwIGSpPfee08eHh6yWq3Ky8tTdna2vvjiC23btk09e/bUypUrZTabFRISogULFsjV1VUzZszQ4sWLyzS2AQMGSJJ69uxpn1WcmJio+Ph4xcXFaejQoUX6cB80yP61W69eVx0bAAAAAAAAAAAAgIqhXATAVapUUWJiok6ePHlN11kslhKPRUZG2gNSSerdu7d27typH3/8UfHx8ZIkX19fTZgwQR07dtTZs2clSREREfZrIiIitGnTJvuxqynYA9jDw0MhISHq0qWLGjduLJvNpg8//FBffvmlzp07J5vNZr8mJSVFkuz9h4eH2wPpq818vnJsBdfHxcUpLi6u0LnX+kwBAAAAAAAAAAAAVFzlIgDu2LGjdu7cqZMnT2rBggUaOHCgfSbwkSNHFBQUpMqVK8vb21sXL15URkaG/VhJLg9IJSkoKEhz585VZmamfvnlFy1fvlwrVqzQ/Pnz1bFjR4WGhiotLU3Hjh2zX1PwdUhISKljuHwP4Mtt2LBB8+fPl4eHhyZNmqTq1asrNjZWGzZssIfBBf2fOXPGft3p06fLPLaC2rt166bu3bsXOlawDDUAAAAAAAAAAAAA51cuAuAHH3xQmzdv1ubNm/Xuu+8qLi5ONWrUUHJyshITE7Vw4UJVrlxZt912m7Zv3665c+fq8OHDWrlyZZnvsWjRIm3evFkNGjSQv7+/fWZsUFCQJKlfv36aMGGCVq5cqaysLJlMJm3cuNF+7HoVzFI2GAwymUw6evSodu7cWeic7t27KzY2VomJiZowYYLCwsIUGxtb5nv0799f48eP13fffSdfX19VqVJF58+f1w8//KCnn35ajRs3vu76AQAAAAAAAAAAAFQcpW+m+xco2PN2zJgxatKkidLT0xUfHy+z2ayHH35Y1atXlyS99NJLaty4sc6fP6+tW7fa97stizp16ignJ0fLli3T+++/r8TEREVHR2vs2LGSpHvvvVfTp09X06ZNtX37du3Zs0dRUVGaPXu22rdvf91ji46OVt++feXu7q5///vf2rZtW5H+atWqpenTpys8PFzr1q3TDz/8oL59+5b5Ht26ddPMmTPVqFEjrVmzRvPnz9eWLVvUqFGjqy4lDQAAAAAAAAAAAMC5GGyXb0oLAAAAAAAAAAAAAHCogi1x4+Pjy3xNZGSkpHIyAxgAAAAAAAAAAAAA8McRAAMAAAAAAAAAAACAkyAABgAAAAAAAAAAAAAnQQAMAAAAAAAAAAAAAE6CABgAAAAAAAAAAAAAnAQBMAAAAAAAAAAAAAA4CQJgAAAAAAAAAAAAAHASro4uQJJOnTqlzZs3Kz093dGlAACAG8Tf319t27ZVzZo1HV0KAAAAAAAAADitchEAJyQkqGXLKHl6espgMDi6HAAA8Cez2Wwym81KTEwkAAYAAAAAAACAG6hcBMDZ2dkKCAiQu7u7jEZWpQYAwNlYrVbl5+crOzvb0aUAAAAAAAAAgFMrFwGwJLm7u8vDw4MAGAAAJ2S1Wh1dAgAAAAAAAADcFMpNAGw0GmU0GlkCGgAAJ1Tw/3kAAAAAAAAAwI1VbgJgAABQMWVmZik1NVW5ubkKDAxUQECA3NxcHF0WAAAAAAAAANyUCIABAMB1MZksOnjwoJKSkuxtCQkJkqRq1aqpYcOGBMEAAAAAAAAA8BcjAAYAANfMZLJoy5Ytys3NlaenpwIDA+Xp6am0tDSlpqYqKSlJqamp6tixoywWk6PLBQAAAAAAAICbBgEwAAC4ZgcPHrQv+dy8efNCM30zM7P0448/Kjc3VwcPHlS9ehEOrBQAAAAAAAAAbi5GRxcAAAAqlszMLCUlJcnT07NI+CtJfn4+ioqKknRpSWiTyeKIMgEAAAAAAADgpkQADAAArklqaqqkS/v8lrTHr5+fjwIDAyVJaWlpf1ltAAAAAAAAAHCzIwAGAADXJDc3V5Lk6el51fMCAgIkSTk5OTe8JgAAAAAAAADAJQTAAADgmhQEvwVBcEkKZv56eXnd8JoAAAAAAAAAAJcQAAMAgGtSsLRzUlJSifv7ZmZm2ZeKLpgJDAAAAAAAAAC48QiAAQDANfHz81G1atWUm5ur3bt3FwmBMzOz9OOPP0qS6tSpU+I+wQAAAAAAAACAP5+rowsAAAAVT8OGDZWamqrU1FR99913qlatmjw9PZWWlmaf+evp6amGDRvKYjE5uFoAAAAAAAAAuHkQAAMAgGvm5uaitm3b6uDBg0pKSlJSUlKh43Xq1FGdOnUIfwEAAAAAAADgL0YADAAAroubm4uaNm2sOnXqKDU1Vbm5uQoMDFRAQADLPgMAAAAAAACAgxAAAwCAP8TPz0d+fj6OLgMAAAAAAAAAIMno6AIAAAAAAAAAAAAAAH8OAmAAAAAAAAAAAAAAcBIEwAAAAAAAAAAAAADgJMrFHsDe3t7Ky8uXm5ubjEYyaQAAnI3VapXBYJC3t7ejSwEAAAAAAAAAp1YuAuBbb71VBw78pOzsbEeXAgAAbhBvb28FBwc7ugwAAAAAAAAAcGrlIgAODQ1VaGioo8sAAAAAAAAAAAAAgAqN9ZYBAAAAAAAAAAAAwEkQAAMAAAAAAAAAAACAkyAABgAAAAAAAAAAAAAnQQAMAAAAAAAAAAAAAE6CABgAAAAAAAAAAAAAnAQBMAAAAAAAAAAAAAA4CQLgP2jLli2aNGmSo8twqL/iGYwcOVL79u0r0r5jxw69+uqrys3NvaH3BwAAAAAAAAAAACoCV0cXUCA7O1txcXHasWOH0tLSFBgYqGbNmqlXr14KCgpydHlOLSYmRk899ZSaNGni6FJK9MADD6h69eqF2hISErR69Wq99NJL8vT0dFBlRc2dO1cBAQHq06ePo0sBAAAAAAAAAADATaZcBMB5eXl67bXX5OHhoeeff15hYWHKysrSli1btGvXLnXu3Pma+rNYLDIajTIYDDeoYvzV2rVrV6StTp06Gjt2rAOqKZnFYnF0CQAAAAAAAAAAALiJlYsA+Ntvv1VqaqpmzpwpLy8vSZKXl5d69Oghm80mSZo6daqioqLUqVMnSdKZM2c0duxY/fe//5UkDR8+XB06dNDOnTuVkZGhN998U2vWrNGaNWuUm5srHx8f9e/fX3fccYckafXq1Vq1apUyMzMVHh6uJ554QqGhocXWt3TpUq1fv14ZGRkKCgpS79691bZt2zKNLT4+XrGxsUpLS1OLFi2Un5+vunXrqkePHvrll180bdo0zZkzx37+O++8o7p166p79+6SpO3bt+vzzz9XcnKybrnlFg0aNEjh4eHF3iszM1OxsbHat2+fDAaD7rzzTj366KNycXFRXl6e5s2bp71798pqtSooKEgvvviivvrqK124cEHvvfee3Nzc1LFjR/Xq1esPjfnEiRNauHChjh8/Ll9fXz3wwANq3769/XjBmM6fPy9fX1/17dtXbdq0kcVi0fLly/X9998rPT1dISEhGjp0qGrUqKGRI0dq0KBB9lnKV3t/w4cPV8eOHbV7925dvHhRVatW1fPPPy9fX98itSYnJysmJkaPPPKI9u7dq7S0NEVFRenRRx+V0Wgs9R3MmTNHrq6uunDhgpKTkxUZGamtW7fKaDRq06ZNCgsL06hRo676bgpqGDhwoDZs2KCsrCw1b95cAwcOLPLMiqshMzNTixYt0r59+5SXl6fatWtr3LhxMhgMpb4LAAAAAAAAAAAAOJdyEQDv3btXUVFR9vD3ctcyi3fv3r2aMGGCPD09dfz4ca1atUr/+te/FBQUpLS0NGVnZ0uSdu7cqaVLl+rll19W9erVFRcXp2nTpmnq1KlycXEp0m9ISIgmTpyowMBA7dmzRzNmzFBERISqVq161XpSUlI0a9YsDRs2TM2bN9fmzZs1Z84c1a1bt0zjOXTokObNm6fRo0fr1ltv1Y4dO/TWW29p+vTpxT6rd955R8HBwZoxY4ZMJpNmzJihL7/8Uj169NB3332njIwM/fvf/5a7u7vOnDkjHx8fPfnkk9q7d2+RJaCvd8xZWVl6/fXX9cgjj2jMmDE6c+aMpkyZomrVqunWW2/VgQMHNG/ePI0YMUKNGjVSRkaG0tPTJV0K2nft2qWXX35ZoaGhOnPmTLHjLMv7O3jwoMaNGyc3Nzf9+9//1sqVK9W3b99ia7bZbEpPT9e4ceOUl5enyZMn69tvv1Xnzp3L9A527Nih1157TaGhobLZbMrNzS2yBPTV3k1BDWlpaXr99deVm5urV155RZGRkWrWrFmpNcycOVNBQUGaOnWqvLy8dPjw4TK9CwAAAAAAAAAAADgfo6MLkC7NYAwMDPzD/XTt2tW+F6yLi4vMZrOOHz8uk8mkgIAA3XLLLZKkTZs2qVOnTqpdu7bc3Nz08MMPKz09XUePHi2237Zt2yooKEgGg0GRkZGqV6+ePWS7mh07dqhevXqKioqSwWBQu3btVLt27TKPZ+3ateratavq1asng8GgVq1aKSQkRAcOHChyblJSkn7++WcNGjRInp6e8vPz0wMPPKCtW7dKklxdXZWZmanTp09LkqpXry4/P78S7329Y962bZuqV6+ujh07ysXFRTVr1lR0dLS2bdsmSfZgtXHjxjIYDPL391dYWJj9WL9+/VStWjUZDAZVr1692P2fy/L+OnfuLDc3N0lSZGSkEhISrlp3wYxrDw8Pde3aVZs3b5ZUtndwxx132GcfF/eBhdLeTYH77rtPkuTp6amGDRvaa75aDWfOnNGRI0c0ePBg+fr6ysXFRQ0bNpTBYCj1XQAAAAAAAAAAAMD5lIsZwH5+fkpNTf3D/VweIteoUUNPPPGEli1bplmzZum2227T448/rtDQUKWkpCgqKsp+rouLi4KCgkqsYevWrVq1apVSUlJkNBqVkZFR6PqSpKamqkqVKoXagoODyzye5ORk7du3T99//729LS8vzz5j9nIXLlyQ1WrVqFGj7G1Wq9U+IzY6Olrp6emaPXu2MjIy1Lp1aw0YMEAeHh7F3vt6x3zhwgUlJCRo+PDh9jaz2azGjRtLkn799Vc1a9asyHVms1np6eklLsN9ubK8v8vDbXd3d+Xk5Fy1T39/f/vXAQEBSklJkVS2d1DahxdKezfSpeDYx8en2JqvVoO7u7sCAgKKfY+lvQsAAAAAAAAAAAA4n3IRADdt2lQrVqxQTk5OkSV/bTabDAaDPD09ZTKZ7O2ZmZlF+rly9mW7du3Url075eTkaNGiRVqwYIFeeeUVBQUFKTk52X6exWJRSkpKsUFecnKyPvjgA40fP96+5+qUKVPKNK7AwMAiM0+Tk5PtS0B7enoqPz+/0PHLx1WlShW1aNHCvkzw1VSuXFlubm6aMWNGsctYu7q66qGHHtJDDz2kCxcuaMaMGfrmm2/Uo0cP+163f8aYq1Spovr16+uVV14psc5z584VW5+/v7/Onj1bakh+Le+vrM6fP28Pn8+dO2efeVyWd3Dl77srvy/t3ZTmajWcOXNGaWlpysvLKxICl/YuAAAAAAAAAAAA4HzKxRLQ99xzjwICAjR16lQdOXJEOTk5unDhglasWKG1a9dKkmrXrq09e/bIZrPJYrFo1apVV+3z9OnTOnTokCwWizw8POTt7W0POu+8806tXbtWJ06ckNlsVlxcnCpVqqSIiIgi/eTk5MjNzc2+fHRCQoIOHTpUpnHdfvvt+vnnnxUfHy+bzabNmzcrMTHRfjw4OFgGg0FHjhyRJB07dqxQ3/fcc49WrVqln3/+WTabTXl5edq7d68yMjKK3OuWW25RRESEFixYoKysLNlsNiUnJ2v//v2SZF8u2GazydfXVx4eHvbn4e/vXyiU/SNjbtWqlY4fP65169bJZDLJYrEoMTFRx48ft49pzZo1OnDggH3v3RMnTkiSOnbsqI8//lhnz56VzWbTmTNn7DNxL3ct76+sPv30U+Xl5enChQv68ssv1bZtW3u9ZX0HBQqC7AKlvZvSXK2Ggr4//PBDZWVlyWKx6ODBg7LZbKW+CwAAAAAAAAAAADifcjED2MPDQ+PHj1dcXJzeeecdpaWlKSgoSJGRkerZs6ekS3u6Hj16VKNHj1ZAQICaNWumPXv2lNhnXl6eYmNjlZSUJFdXV9WpU0dPPdfdMAwAACAASURBVPWUpEvBbEpKiqZPn67MzEyFh4dr9OjRxc7ODAsLU6dOnTR27Fj5+/vrlltu0W233VamcQUFBWnEiBFauHCh0tPT1aJFC91+++32425ubnr66ac1Z84c+fn5KTQ0VE2aNLEfv+222/TUU09p4cKFOnv2rNzd3RUREaEhQ4YUe7/hw4dryZIleumll5Sbm6sqVarob3/7m6RLywHPnz9faWlp8vDwUFRUlLp27SpJ6tmzpz788EN9/PHH6tq1q/r06XPdY/bz89M//vEPLV68WEuWLJHValWNGjXUt29fSVKjRo305JNPauHChTp//rz8/PzUr18/hYWF6cEHH5TBYNCUKVOUmZmpkJAQDRs2rMg9ruX9lYXBYFCTJk00cuRImUwmtW/fXp06dZJ07e9Akjp06KBZs2Zp8ODBqlWrlsaPH3/Vd1Oa0moYMWKEFi1apJEjR8psNqtOnTr6xz/+Ueq7AAAAAAAAAAAAgPMx2Gw2m6OLuJnMnj1bNWvWLNOyzrjxkpOTFRMTo8WLFzu6FAAAAAAAAAAAAECS7KvRxsfHl/mayMhISeVkCWgAAAAAAAAAAAAAwB9HAAwAAAAAAAAAAAAAToIloAEAAAAAAAAAAACgHGEJaAAAAAAAAAAAAAAAATAAAAAAAAAAAAAAOAsCYAAAAAAAAAAAAABwEgTAAAAAAAAAAAAAAOAkCIABAAAAAAAAAAAAwEkQAAMAAAAAAAAAAACAkyAABgAAAAAAAAAAAAAnQQAMAAAAAAAAAAAAAE6CABgAAAAAAAAAAAAAnAQBMAAAAAAAAAAAAAA4CQJgAAAAAAAAAAAAAHASBMAAAAAAAAAAAAAA4CQIgAEAAAAAAAAAAADASRAAl2OW+HhlRkfLEh/v6FIAAAAAAAAAAAAAVAAEwOWQLS3N/l/z+vVF2gEAAAAAAAAAAACgOATA5VDWoEHKaN5clj17JEmWPXuU0by5sgYNcnBlAAAAAAAAAAAAAMqzchsAv/nmm2rZsqWGDh3q6FLsunTpopYtW+qrr766ofdx69BBxlq1lDtjhiQpZ+JEGWvVkluHDjf0vgAAAAAAAAAAAAAqNldHF1CRNGzYUOnp6QoMDLyh9/GIiZH7oEHKjI6WUZIhMFA+CxbIEBBwQ+8LAAAAAAAAAAAAoGK7KQJgk8kkNze3P9zPrFmz/oRqSmdLS1NmdLRsqamqFB+vjMhIZUZHy2/dOkJgAAAAAAAAAAAAACUqNwFwbGysPvnkE6Wnp6tTp04yGAyFjsfHx2vw4MGSpI0bN8rLy0tfffWVJkyYoKCgIK1evVrSpWWaU1JSNHjwYO3atUv79u3T+PHjVatWLb355ps6ffq0srKy5OXlpcaNGysmJkYRERGSJIvFouXLl+vzzz/XyZMnZbPZVLduXb377rvy9fW19/3aa6/p3nvvlSRt2rRJCxYs0LFjx2Q0GhUREaEhQ4aoZcuWkqQxY8ZozZo1io6OlpeXl7Zt2yabzaY+ffpoyJAhxT4LQ0CAPEeMkLF2bRkCAuQ9c6ZsaWmEvwAAAAAAAAAAAACuqlzsAfzFF19o1qxZOnv2rKKionTy5El98cUXJZ5/ZThcnP/85z+y2Wzq3Lmz/P39deHCBdlsNt1///0aMmSIatasqW3btmnkyJEym82SpGnTpmnKlCn6+eef1aJFC91zzz1KTU1Vbm5usff4+uuvFRMTo/j4eLVs2VJNmjTRrl279Pe//12bNm0qdO66deuUnZ2tu+66S6mpqfrggw+0Z8+eEut3HzRIrr/t+evWq5fcBw0qdcwAAAAAAAAAAAAAbm7lYgbw0qVLJV2avTtlyhTZbDY99thjOnToULHnlyUA7tSpk9544w3793l5eerwW6Cal5enzp07q3fv3jp9+rROnTqlypUr6/PPP5ckjRgxQgMGDJAkWa3WEu+xaNEiSVL37t01adIkSVJMTIw2bdqkxYsXq127dvZz69evr7feekuStGvXLp06dUo//fSTmjVrVupYAAAAAAAAAAAAAKAsykUAfPbsWUmXQlLpUsDboEGDEgPgAhaLpcRjrVu3LvR9QkKCZs6cqf379xeZ0fvrr7/KYrHYw97IyEj7MaOx5EnSBXUXLCFd8PWmTZvsxwrceuut9q99fX0lSVlZWSX2DQAAAAAAAAAAAADXqlwsAR0SEiJJSkpKsredPn260DleXl72rzMyMiRJR44cKbFPd3f3Qt+/+uqr2rlzp1q3bq333ntPb7/9tv2YzWZT1apV7WFvfHy8/ZjVai1xFnBoaKgk6dixY/a2gq8LxlTAxcWlxFoBAAAAAAAAAAAA4M9QLmYA9+rVS3v37tXy5cvl5+enixcvaseOHYXOCQsLk6+vry5evKiJEycqLCzMvnR0WVwe4mZmZuqrr74qdNzPz08PPPCA4uLiNGvWLO3evVsBAQGKj4/XBx98oCpVqhTps1+/fpowYYJWrlyprKwsmUwmbdy40X4MAAAAAAAAAAAAAP5K5WIG8P33369hw4YpKChIcXFxyszMVNeuXQud4+XlpUmTJqlGjRrav3+/jh8/rscee6zM9xg/frwaNGigrVu3as6cOWrVqlWRc1566SWNGTNG9evX186dO7V69Wr5+fnJ09Oz2D7vvfdeTZ8+XU2bNtX27du1Z88eRUVFafbs2Wrfvv21PQQAAAAAAAAAAAAA+IMMNpvN5ugiAAAAAAAAAAAAAACXFGyJe/nWtaWJjIyUVE5mAAMAAAAAAAAAAAAA/jgCYAAAAAAAAAAAAABwEgTAAAAAAAAAAAAAAOAkCIABAAAAAAAAAAAAwEkQAAMAAAAAAAAAAACAkyAABgAAAAAAAAAAAAAn4eroAiTp1KlT2rx5s9LT0x1dCnBd/P391bZtW9WsWdPRpQAAAAAAAAAAAOAmVi4C4ISEBLVsGSVPT08ZDAZHlwNcE5vNJrPZrMTERAJgAAAAAAAAAAAAOFS5CICzs7MVEBAgd3d3GY2sSo2KxWq1Kj8/X9nZ2Y4uBQAAAAAAAAAAADe5chEAS5K7u7s8PDwIgFHhWK1WR5cAAAAAAAAAAAAASCpHAbDRaJTRaGQJaFQ4Bb93AQAAAAAAAAAAAEcjtQIAAAAAAAAAAAAAJ0EADAAAAAAAAAAAAABOggAYAAAAAAAAAAAAAJxEudkD+Go2b96ib7/9VidOnFR+fr4WLlzg6JIAAAAAAAAAAAAAoNypEDOA/fx81aVLFz3ySB9HlwIAAAAAAAAAAAAA5VaFmAHctGlTSdLu3bsdXAkAAAAAAAAAAAAAlF8VYgYwAAAAAAAAAAAAAKB0BMAAAAAAAAAAAAAA4CQIgAEAAAAAAAAAAADASRAAAwAAAAAAAAAAAICTcHV0AWVhtVplsVhksVgkSSaTSZLk5ubmyLIAAAAAAAAAAAAAoFypEAHw999v1Pz5H9q/f/LJwZKk9957V35+fo4qCwAAAAAAAAAAAADKlQoRAHfocLc6dLjb0WUAAAAAAAAAAAAAQLnGHsAAAAAAAAAAAAAA4CQIgAEAAAAAAAAAAADASRAAAwAAAAAAAAAAAICTIAAGAAAAAAAAAAAAACdBAAwAAAAAAAAAAAAATsLV0QVIkre3t/Ly8uXm5iajkUwaFYvVapXBYJC3t7ejSwEAAAAAAAAAAMBNrlwEwLfeeqsOHPhJ2dnZji4FuC7e3t4KDg52dBkAAAAAAAAAAAC4yZWLADg0NFShoaGOLgMAAAAAAAAAAAAAKjTWWwYAAAAAAAAAAAAAJ0EADAAAAAAAAAAAAABOggAYAAAAAAAAAAAAAJwEATAAAAAAAAAAAAAAOAkCYAAAAAAAAAAAAABwEgTAJZg/f74+/fTTIu3nzp3T6NGjdfr0aQdU9edKS0tTv379ZLFY/pL7zZ49WytWrPhL7vVn2rJliyZNmuToMq7Z2bNn9fjjj1/XtX9kzH/F8xo5cqT27dtXpH3Hjh169dVXlZube0PvDwAAAAAAAAAAUF65OroASdqzZ4/efPNNSZLRaJSfn5/Cw8P1t7/9TY0bN3ZITW3atJG7u3uhtqysLL3//vsaMWKEqlev7pC6/kxeXl4aOHCgjEY+B3A1devW1b333vun9LVp0yatXbu2QgbK5ckDDzxQ5M9gQkKCVq9erZdeekmenp4OqgwAAAAAAAAAAMCxykUALEm+vr6aM2eOLBaLkpOTtXXrVk2dOlVPPvmkOnTocM39mc1mubpe//Buu+22Im0+Pj6aOHHidfd5I/yRcXp4eKhr165/ckXOJzQ0VKGhoY4uA5dp165dkbY6depo7NixDqgGAAAAAAAAAACg/Cg3AbAkubi4yMXFRdWrV9dDDz0ko9Gojz76SHfddZdcXFz0xBNP6PXXX9ctt9wiSVq7dq1+/PFHvfTSS0pOTlZMTIwGDBigdevWyc/PT+PHj9fSpUu1fv16ZWRkKCgoSL1791bbtm3t99y+fbs+//xznT9/Xr6+vurbt6/atGmj+fPny8/PT3369JEkHTx4UIsWLdLZs2cVHBysfv36qWnTppKkOXPmyN3dXSkpKUpOTpbRaNQzzzyjOnXqFDvOq9W0YcMGrVu3TiEhITp//ryysrLUs2dP3Xnnnfbj69evV7Vq1XT48GG1aNFCvXv31uLFi7Vjxw7ZbDZFRUVpwIABcnd318SJExUVFaUHH3xQ0qVlmE0mk2JiYpSWlqbnnntOsbGxcnFx0fDhw9WtWzetW7dO586dU/PmzTV48GD973//086dOxUcHKxhw4apZs2akqRdu3bps88+0/nz5+Xl5aW77rpLjzzyiAwGgyQpPj5esbGxSktLU4sWLWQymezP4OzZs5o3b55OnDghg8GgRo0a6cknn5Sfn1+xzywzM1OxsbHat2+fDAaD7rzzTj366KNycXHRhg0btGHDBtWoUUOHDx9Wbm6uevfurbvuuqvYvubMmSNfX1+dPn1aBw8eVPXq1RUTE6MtW7Zo1apVMhqNevzxx9WmTRtJl5Y0Xr16tSZNmmT/fTZw4EBt2LBBWVlZat68uQYOHChJ+uWXXzRt2jTNmTPHfr933nlHdevWVYsWLRQbG6ucnBwNHz5ckjRt2jQZDIZi35+Xl5fy8vI0b9487d27V1arVUFBQXrxxReLDaTz8vI0f/587d69W35+furWrVuZn2FpSvtzdDWl3bekP4MWi0XLly/X999/r/T0dIWEhGjo0KGqUaOGRo4cqUGDBqlJkyaSpNWrV2vVqlXKzMxUeHi4nnjiCfszGj58uDp27Kjdu3fr4sWLqlq1qp5//nn5+vqWqX4AAAAAAAAAAICKpFwFwFdq3bq1/u///k8nT55U7dq1Sz3fZrMpOTnZvpy0JIWEhGjixIkKDAzUnj17NGPGDEVERKhq1ao6cOCA5s2bpxEjRqhRo0bKyMhQenp6kX5TU1M1depUDRkyRHfccYfi4+P19ttva+rUqQoJCZF0KQz95z//qcqVK2vt2rX68MMP9c9//rPYOq9WkyQdPnxY999/v1q0aKHz589r7NixCgsLswevP//8s7p166ann35aNptNsbGxOnHihP71r3/JxcVF77zzjhYuXKhnnnlGQ4cO1bhx49SkSROdO3dOBw8eLPR8rrRlyxa9/PLLcnNz06RJkzRhwgQ9/vjj+vvf/64lS5Zo0aJFGjNmjKRLM4ife+451axZU0lJSXrjjTdUo0YNtWvXTikpKZo5c6aGDRumqKgobdy4UR988IHq1q0rSbJarerVq5caNGig/Px8zZ49Wx9//LGefvrpYut65513FBwcrBkzZshkMmnGjBn68ssv1aNHD+n/27vzsKrK/f//rw1s5lmRUcVEE7MjKHaM1NCUOtYxtRxzqixz1rTUUuucT1pZ3zQtS21wLLRMzass0zKHSk0jzYMeJzQCFYINCDLv3x/82Edktmzj9vn4J/Za97rv97rXpq6rF/e9JB09elR9+vTRI488oqSkJM2aNUuRkZFVhny7du3SU089pdDQUL311luaM2eOOnfurDfeeEOHDh3S4sWL1b59+wrbgEul3zOTyaQ5c+YoLy9P06dPV0REhNq2bVvlvEpSYGCghg4dWmEL6JUrV1b5/L7++mtlZWVp0aJFcnR0VHJystzc3Crt/8MPP1RGRoZef/11FRUV6dVXX63THFanpu9sdaobt7rfwQ0bNujAgQOaNm2aAgIClJycLBcXlwr9//jjj9qwYYOmTZum4OBgrV+/Xq+88ormzZtnCZkTEhI0c+ZMGY1GLVq0SJs3b9agQYNqrB0AAAAAAAAAAOB6U69f/urj4yNJunjxYq2vuf/++2UwGCyrUKOjo+Xr6yuDwaCIiAi1bNlS//3vfyVJ27dvV48ePdSmTRsZDAZ5eXmpSZMmFfrct2+fbrrpJkVHR8ve3l7t27fXLbfcou+//97S5vbbb1eDBg0kSZGRkUpMTJTZbK60xupqkkrDtvbt20uSGjVqpA4dOpQbKygoSLfddpskyWAwaPfu3erfv7+8vLzk7u6ugQMHas+ePTKbzQoICNDQoUO1aNEiLV++XGPHjq0yQJSke++9Vw0aNJCnp6ciIyMVEBCgiIgI2dvbq3Pnzjp9+rSlbZs2bdSkSRMZDAYFBQWpa9euSkhIkCTt379fLVq0UPv27WUwGNSlS5dycxsUFKRbb71VRqNRbm5uuv/++y3XXiklJUXHjh3TiBEj5OzsLA8PD/Xp06fcnDRt2tSyGjQkJEReXl767bffqrzPjh07qkWLFjIajbrjjjuUnZ2tBx54QEajUe3bt5ednZ3Onz9f7TxJkrOzs8LDw8vNS11V9/wcHByUnZ1tuZfg4OAqV0nv2bNHDz74oFxdXeXp6an777/fcq42c1idmr6zValp3Op+B7dv367BgwcrMDBQBoNBwcHB8vX1rXT+unfvrtDQUBmNRvXr10+ZmZk6ceKEpU2PHj1kNBolSREREX/oeQEAAAAAAAAAANRn9XoFcEZGhiTVeqvWsgDpct9//722bNmi9PR02dnZKSsrS+3atZMk/f777zWu2iyrw8/Pr9wxPz8/paenWz5fXqOjo6OKi4tVVFRkCZ1qW5MkeXt7l2vv7e1dbqyyYFySCgsLdfHixXL1+fn5qaioSFlZWfLy8lLHjh21Zs0aNW7cWOHh4dXe6+V9Ozk5lavF0dFReXl5ls+nT5/WunXr9Ntvv8lsNisvL8/Sf0ZGRoXVoWWrpaXSbYHXrFmjY8eOqbCwUCUlJSooKKi0prS0NJWUlGjq1KmWYyUlJeW2Lr7yO3JlrdXdp6Ojozw9PS1/NFDT9QaDoVyI7ujoqEuXLlU5VnVqen5du3ZVZmam3nzzTWVlZaljx44aMmSInJycKvSTk5NTrp/L57s2c1idmr6zValp3Kp+B4uKipSZmVmrdy+np6eXq8Xe3l6+vr6Wf39IKhea/5HnBQAAAAAAAAAAUN/V6wB47969cnd3t2x97OzsXO49stnZ2dVen5qaqiVLlmjWrFlq3ry5JGnu3LmW8w0aNKh2lWcZHx8fHT9+vELfLVu2rPW91LamsjZms9kSSF64cKHKrXaNRqPc3d2Vmpqqhg0bWq63t7eXp6enJGnVqlW66aab9Ntvv2n37t3q1KlTneuuzIIFC/TPf/5TU6dOlb29vTZu3KiTJ09KKp2zpKSkcu0v3177gw8+kNls1ty5c+Xi4qJjx45p3rx5lY7ToEEDGY1GzZ8/v9aBpbU4OztXCLIv/55eHjJLNT8/g8GgBx98UA8++KDS0tI0f/58ffnllxW2bS5bSZ2ZmWlZJWsymSzn/8gc1uY7W5Waxq3qd9DBwUFeXl6Wd25Xx9fXV6mpqZbPxcXFSk9PLxfyAwAAAAAAAAAA3Cjq1RbQxcXFKigoUHJysj755BNt3LhRgwcPtgRHTZs2VXx8vKTSUG3nzp3V9nfp0iUZjUYFBQVJKl2xevToUcv5u+66S1999ZWOHDkis9mszMxMnT17tkI/HTp00KlTp/TDDz+ouLhYBw8e1JEjR9SxY8c632NNNUmlq2c///xzlZSUKCEhQfv37692rDvuuEMfffSRsrKylJOTo7Vr16pTp04yGAz68ccfdfDgQY0dO1ZjxozR8uXLdeHChTrXXZnc3Fw1btxY9vb2ys7O1q5duyznOnTooISEBEsIfPz48XJbBufk5CgwMFAuLi4qLi7W1q1bqxwnKChIYWFhWr58uXJycizvev7ll1/+lPv4M/n5+clgMFj+YODkyZPlnq+Xl5d+//33cn/IUN3zO3LkiJKTk2U2m+Xu7i4nJyfZ2VX+axsdHa0tW7bIbDarpKREW7ZssZz7I3NYm+9sVWoat7rfwW7duunDDz/UuXPnZDablZycXG4l/OXzt23bNp09e1ZFRUVav369PD09FRYWVqsaAQAAAAAAAAAAbEm9WQF88eJFDR06VAaDQZ6enmrevLmeeuoptWnTxtJmyJAheuutt7R37155e3urXbt2SklJqbLPJk2aqHv37nr22Wfl5eWloKAgtW7d2nL+lltu0SOPPKKVK1fqwoUL8vDw0ODBgyu8B9jX11dTp07VmjVrtHTpUjVq1EiTJ0+u1fa0da1JksLDw3XhwgWNGjVKLi4uGjlyZKXvJi4zcOBArVmzRtOmTZPZbFZkZKSGDRum9PR0LVu2TOPGjZOHh4fCw8MVGxurN954Q88991yda7/SyJEjtWzZMrm5ucnNzU0RERGWcNnX11fjxo3TG2+8ITc3N/n5+VneayxJ/fr109tvv60DBw5Y3rtbFu5XZsKECYqLi9PTTz+tvLw8NWzYUPfcc88fvoc/m9Fo1OOPP6633npLHh4eCggIsLybWCp9ts2aNdOYMWNUUlKixYsXV/n8pNItlN99912ZTCY5OTmpXbt2uvvuuysde9CgQXr33Xc1Y8YMyzucDx8+bDl/tXNYm+9sdaobt7rfwb59+8pgMGju3LnKzs6Wv7+/xo8fX6H/Dh06KD09Xa+99pqys7Mt/+6o76vFAQAAAAAAAAAArgWD2Ww2W7sI/M+3336r3bt369lnn7V2KQAAAAAAAAAAAACsICsrS5KqXUB5pYiICEn1bAtoAAAAAAAAAAAAAMDVIwAGAAAAAAAAAAAAABvBFtAAAAAAAAAAAAAAUI+wBTQAAAAAAAAAAAAAgAAYAAAAAAAAAAAAAGwFATAAAAAAAAAAAAAA2AgCYAAAAAAAAAAAAACwEQTAAAAAAAAAAAAAAGAjCIABAAAAAAAAAAAAwEYQAAMAAAAAAAAAAACAjSAABgAAAAAAAAAAAAAbQQAMAAAAAAAAAAAAADaCABgAAAAAAAAAAAAAbAQBMAAAAAAAAAAAAADYCAJgAAAAAAAAAAAAALARBMAAAAAAAAAAAAAAYCMIgAEAAAAAAAAAAADARhAAA39AcXy8srt2VXF8vLVLAQAAAAAAAAAAAAiAgathNpks/yzasaPCcQAAAAAAAAAAAMAabDoANplMioqKUlRUlA4fPnzDjX+t9O/fX1FRUVq+fHmtr/n4448VFRWl3r17X8PK/jo5I0YoKzJSxT//LEkq/vlnZUVGKmfECCtXBgAAAAAAAAAAgBtZvQmACwoK9P7772vgwIG64447dMcdd2jAgAFatmyZ8vLyrF1evbNq1SpFRUWpf//+1i7lhmSMiZFd06bKmz9fknTpuedk17SpjDExVq4MAAAAAAAAAAAANzIHaxcgSfn5+Ro9erQOHTokSWrVqpUMBoOOHj2qJUuWaOfOnVq6dKlcXFwqvb6wsFBGo/GvLPm6cqPPz7W4f6dJk+Q4YoSyu3aVnSSDj4/cli+Xwdv7Tx0HAAAAAAAAAAAAqIt6EQCvW7fOEv6+9NJL6t69uyRp165dmjx5shISEvTBBx/o0Ucf1ccff6yXXnpJISEh6t27tz788EO5uLho48aNSkpK0pw5c3T48GEFBARo5MiRFcYqKirS+vXrtWHDBiUlJcnb21udOnXS2LFj5eHhIUmKjY1Venq6hg4dqqNHj+o///mPfHx8NGXKFHXu3LnK+/irxn/55Zf10UcfSZJOnTqlqKgoSVJcXJzi4+OrnJ/MzEwtW7ZMu3fvVmpqqvz9/XXnnXfq0Ucflbu7e6X3dOnSJb366qvasWOHHBwcNHTo0ErbJSYmavHixTp8+LBycnJ000036fHHH1d0dHSV81WZffv26f3339eJEyeUk5Oj4OBgzZw5U23bttXo0aO1f/9+DRkyRJMmTZIk9e7dW0lJSZo+fboefPDBKr8fa9eu1WuvvaZvv/1WJpNJLi4uaty4scaPH68OHTpIknbv3q3ly5fr5MmTsrOzU1hYmB577DHL/F7ObDIpu2tXmTMy5Bkfr6yICGV37SqPb74hBAYAAAAAAAAAAIDV1IstoHfu3ClJCgsLs4S/ktS5c2e1adNGUmkYfLmkpCStXLlSHTp0UEREhIqKijRhwgTt379fnp6eatWqlV599dUKY82bN0+vvPKKTCaThgwZoiZNmujjjz/W6NGjVVxcXK7thx9+qGbNmql169ZKSkrSrFmzqtyO+q8cPyoqShEREZIkLy8vDRw4UAMHDpT3ZcHjlfNTWFioxx57THFxcSopKdE999yj3NxcrVq1SuPGjVNJSUml9/Xyyy9r06ZNlnE//vhjJSYmlmvz66+/atiwYfr666/1t7/9Tf3799epU6c0YcIE7dixo9J+K7N161aNGTNG+/fvV3BwsHr27ClXV1edP3++XDuDwVBjX1fe/0cffaT169fL19dXjz/+uHr37i1nZ2dL31988YUmTZqk+Ph4RUVF6dZbb9WBAwf0xBNPaPfu3RX6N3h7y3niRMuqX9cFC+Q8cSLhLwAAAAAAAAAAAKyqXqwAzsjIkCQFBARUOBcYGKhffvlF6lXq0wAAIABJREFU6enpFc4tW7ZMzZs3lyTt3btXZ8+elSQtXrxYoaGh2rlzp5588klL++zsbG3cuFGSNGHCBEVHR6tv377q06ePjh49qv3796tjx46W9v3799eTTz6p8+fP695779XFixd19uxZtWzZskItBw4c+MvGv+uuu5ScnKz4+Hg1aNBAU6dOrXReL5+fnTt36tSpU5KkJUuWKDAwUAkJCRo6dKh++eUXHTp0yBIqlykoKNDnn38uSXryySf1wAMPKCMjQz179iwXGK9fv165ubkKCwvTjBkzJElms1krVqzQihUrFFPL9+KuXLlSktSpUyctWLDAcryoqKhcOzu72v3dwuX3v3TpUkmSq6urGjdurCZNmmjs2LFycCj9FVi9erUk6b777tPzzz8vSZo0aZJ2796tNWvWqFOnThX6dxwxwvKzsXfvWtUEAAAAAAAAAAAAXEv1IgAuW7l67ty5CufKjvn6+pY77ufnZwn3Lm/n6Oio0NBQSaXvEr7chQsXLMHl7NmzK4x19uzZcgFsWdB7+fbIubm5ld6Dtce/UlXz4+LiosDAQEmq9HxV9d58882SJB8fH/n7+yspKcnSLiUlRZJ04sSJciu4pdLVwbVVVkNkZGS542UhbWWuDIfLXHn/DzzwgH788UcdPHhQ8fHxkkrndfbs2erWrZtl7LCwMMs1YWFh2r17d6VzAwAAAAAAAAAAANRH9SIA7tKli+Lj43XixAl988036tq1qyRpz549Onz4sCRVWIHp5ORU7rO/v7+k0lWr6enp8vX1VXJycrk2jRo1kp2dnUpKSjRx4sRyK3mLi4vVtGnTcu3LVprWZsvhv3p8e3t7Sapy6+Yr56dsdfWlS5d07tw5BQQEWFYEX17/5fz8/GQwGGQ2m5WSkqI2bdooLy9Pv//+e6V9h4WFafLkyeXOVVVfZQICAmQymRQfH6/hw4dbjhcVFcnBwUGurq6SpMzMTEmSyWRSWlpapX1def++vr5aunSpsrOzderUKW3atEmffvqp3n33XXXr1s0y9smTJy3XlP1c2dwAAAAAAAAAAAAA9VG9CID79++vr7/+Wr/88oueeuophYeHy2AwKCEhQVLpStqHHnqo2j6ioqIUEhKipKQkPfXUU4qJidGmTZvKtfHw8FCvXr20ceNGxcXF6R//+IeMRqOSkpL03Xff6YMPPrjqe/irxy9bxfvrr7/qhRdekLu7uyZNmlRl+9tvv12hoaFKTEzUqFGj1KFDB+3Zs0eSdMstt6ht27YVrnFyclLPnj312WefacGCBUpOTtaBAwd06dKlcu369u2r9evX68SJE9qwYYNatmypjIwM/fLLL2revLluv/32Wt3TsGHD9Mwzz2jXrl16+OGH1aJFC506dUr9+/dXbGysWrdurW+//VZbt26Vh4eH9u3bV+UK4CutXr1ae/bsUatWreTl5WVZmVy2snzw4MGaPXu2Nm/erJycHBUWFlreOz148OBajQEAAAAAAAAAAABYW70IgJ2dnbVkyRKtXr1aX331lWXlZWhoqLp3767hw4fL2dm52j4cHBy0cOFCzZ07V0eOHFFWVpYGDx6suXPnlms3ffp0tWjRQhs3btTatWtlMBjk7++v2NhYeXp6XvU9/NXjd+7cWbGxsdqzZ482btwoo9FYbQBsNBr1zjvvaOnSpdqzZ48+//xzNWrUSEOGDNGjjz5a5Xt1n376adnZ2enbb7/VunXr1KtXLyUnJysxMdHSpmnTplq5cqWWLl2qQ4cOaceOHfLy8lLLli1155131vqeYmNj5eXlpffff18nTpzQ0aNHFRwcbFmBO3DgQB0/flzfffedtm/frl69eik7O7vCSuvKNGvWTNu2bdPGjRt16dIleXp6qmvXrpoyZYokqWfPnnJ3d9fy5cu1b98+2dnZqV27dnr00Uf197//vdb3AAAAAAAAAAAAAFiTwWw2m61dBAAAAAAAAAAAAACgVFZWliQpPj6+1tdERERIkipf9gkAAAAAAAAAAAAAuO4QAAMAAAAAAAAAAACAjSAABgAAAAAAAAAAAAAbQQAMAAAAAAAAAAAAADaCABgAAAAAAAAAAAAAbAQBMAAAAAAAAAAAAADYCAdrFyBJSUlJ2rNnjzIzM61dCnBVvLy8FB0drcaNG1u7FAAAAAAAAAAAANzA6kUAfPr0aUVFtZOzs7MMBoO1ywHqxGw2q6ioSImJiQTAAAAAAAAAAAAAsKp6EQDn5ubK29tbjo6OsrNjV2pcX0pKSlRQUKDc3FxrlwIAAAAAAAAAAIAbXL0IgCXJ0dFRTk5OBMC47pSUlFi7BAAAAAAAAAAAAEBSPQqA7ezsZGdnxxbQuO6UfXcBAAAAAAAAAAAAayO1AgAAAAAAAAAAAAAbQQAMAAAAAAAAAAAAADaCABgAAAAAAAAAAAAAbAQBMAAAAAAAAAAAAADYCAJgAAAAAAAAAAAAALARBMAAAAAAAAAAAAAAYCMIgAEAAAAAAAAAAADARhAAAwAAAAAAAAAAAICNIAAGAAAAAAAAAAAAABtBAAwAAAAAAAAAAAAANoIAGAAAAAAAAAAAAABsBAEwAAAAAAAAAAAAANgIAmAAAAAAAAAAAAAAsBEEwAAAAAAAAAAAAABgIwiAAQAAAAAAAAAAAMBGEAADAAAAAAAAAAAAgI0gAAYAAAAAAAAAAAAAG0EADAAAAAAAAAAAAAA2wsHaBUiSq6ur8vMLZDQaZWdHJo3rS0lJiQwGg1xdXa1dCgAAAAAAAAAAAG5w9SIAbtGihY4c+Y9yc3OtXQpwVVxdXeXn52ftMgAAAAAAAAAAAHCDqxcBcEBAgAICAqxdBgAAAAAAAAAAAABc19hvGQAAAAAAAAAAAABsBAEwAAAAAAAAAAAAANgIAmAAAAAAAAAAAAAAsBEEwAAAAAAAAAAAAABgIwiAAQAAAAAAAAAAAMBGEAADAAAAAAAAAAAAgI0gAAYAAAAAAAAAAAAAG0EADAAAAAAAAAAAAAA2ggAYAAAAAAAAAAAAAGwEATAAAAAAAAAAAAAA2AiD2Ww2W7sIAAAAAAAAAAAAAECprKysq76WFcAAAAAAAAAAAAAAYCMIgAEAAAAAAAAAAADARtwwAXBsbKyioqL0+eefW7sUAAAAAAAAAAAAALgm6kUA/J///EdRUVGKioqSyWS6JmOEh4erTZs28vHxuSb9AwAAAAAAAAAAAIC1OVi7gL/K66+/bu0SAAAAAAAAAAAAAOCasvoK4G3btmnYsGGWz927d1dUVJTWrl0rSTp16pSmTp2qe+65R507d9bgwYP1ySefqKSkRJKUmJhoWT38wQcfaPDgwerSpYsee+wxJSYmWvqtbAvoffv2afTo0erRo4eio6PVr18//fzzz3/RnQMAAAAAAAAAAADAn8vqAXCTJk109913Wz737dtXAwcO1M0336wzZ85o2LBh2rFjhwICAtStWzedPn1ac+fO1RtvvFGhr7Vr16pHjx5q1aqVfvrpJ40bN075+fmVjrt161aNGTNG+/fvV3BwsHr27ClXV1edP3/+mt0rAAAAAAAAAAAAAFxLVt8CumXLlnrooYf05ZdfSpLGjBkjb29vSdL8+fOVl5enkJAQvffee7Kzs1OLFi20YMECrV27VqNHjy7X14wZM9SxY0f169dP3bt317lz5/T9998rJiamwrgrV66UJHXq1EkLFiywHC8qKrpWtwoAAAAAAAAAAAAA15TVVwBX59y5c5Kk0NBQ2dmVltq8eXNJUn5+vkwmU7n2ISEhkiR3d3d5eXmV66OqviMjI8sdd3CweiYOAAAAAAAAAAAAAFelXgTA9vb2lp/L3u0rSQEBAZJK3/NbdvzkyZOSJCcnJ8tK4TLHjh2TJKWmpiojI6NcH1cqOx4fH1/uOCuAAQAAAAAAAAAAAFyv6sVyV39/fxkMBpnNZv373/9WSEiIHnroIfXp00fr169XUlKSRo4cqSZNmmjr1q2SpH79+sloNJbrZ86cOdq5c6d+/vlnlZSUyN/fXx07dqx0zGHDhumZZ57Rrl279PDDD6tFixY6deqU+vfvr9jY2Gt+zwAAAAAAAAAAAADwZ6sXK4C9vb01fvx4NWjQQLt371ZcXJzS0tIUGhqq5cuXKyYmRsnJydq2bZuaNm2q6dOna/z48RX6mTJlio4eParU1FRFRERo0aJFcnZ2rnTM2NhYvfnmm4qKitKvv/6qzZs3y2Qyyd/f/1rfLgAAAAAAAAAAAABcEwaz2Wy2dhF/RGJioh588EFJ0meffUaACwAAAAAAAAAAAOC6lpWVddXX1osVwAAAAAAAAAAAAACAP44AGAAAAAAAAAAAAABsxHW/BTQAAAAAAAAAAAAA2BK2gAYAAAAAAAAAAAAAEAADAAAAAAAAAAAAgK0gAAYAAAAAAAAAAAAAG+Fg7QIkKSkpSXv27FFmZqa1SwEAANeIl5eXoqOj1bhxY2uXAgAAAAAAAAA2q14EwKdPn1ZUVDs5OzvLYDBYuxwAAPAnM5vNKioqUmJiIgEwAAAAAAAAAFxD9SIAzs3Nlbe3txwdHWVnx67UAADYmpKSEhUUFCg3N9fapQAAAAAAAACATasXAbAkOTo6ysnJiQAYAAAbVFJSYu0SAAAAAAAAAOCGUG8CYDs7O9nZ2bEFNAAANqjsv/MAAAAAAAAAgGuL/xMLAAAAAAAAAAAAADai3qwABgAA16fs7BxlZGQoLy9PPj4+8vb2ltFob+2yAAAAAAAAAOCGRAAMAACuSmFhsRISEpSSkmI5dvr0aUlSYGCgwsPDCYIBAAAAAAAA4C9GAAwAAOqssLBY3333nfLy8uTs7CwfHx85OzvLZDIpIyNDKSkpysjIULdu3VRcXGjtcgEAAAAAAADghkEADAAA6iwhIcGy5XNkZGS5lb7Z2Tk6ePCg8vLylJCQoJYtw6xYKQAAAAAAAADcWOysXQAAALi+ZGfnKCUlRc7OzhXCX0ny8HBTu3btJJVuCV1YWGyNMgEAAAAAAADghkQADAAA6iQjI0NS6Xt+q3rHr4eHm3x8fCRJJpPpL6sNAAAAAAAAAG50BMAAAKBO8vLyJEnOzs7VtvP29pYkXbp06ZrXBAAAAAAAAAAoRQAMAADqpCz4LQuCq1K28tfFxeWa1wQAAAAAAAAAKEUADAAA6qRsa+eUlJQq3++bnZ1j2Sq6bCUwAAAAAAAAAODaIwAGAAB14uHhpsDAQOXl5emnn36qEAJnZ+fo4MGDkqRmzZpV+Z5gAAAAAAAAAMCfz8HaBQAAgOtPeHi4MjIylJGRoa+//lqBgYFydnaWyWSyrPx1dnZWeHi4iosLrVwtAAAAAAAAANw4CIABAECdGY32io6OVkJCglJSUpSSklLufLNmzdSsWTPCXwAAAAAAAAD4ixEAAwCAq2I02utvf2ujZs2aKSMjQ3l5efLx8ZG3tzfbPgMAAAAAAACAlRAAAwCAP8TDw00eHm7WLgMAAAAAAAAAIMnO2gUAAAAAAAAAAAAAAP4cBMAAAAAAAAAAAAAAYCMIgAEAAAAAAAAAAADARtSLdwC7uroqP79ARqNRdnZk0gAA2JqSkhIZDAa5urpauxQAAAAAAAAAsGn1IgBu0aKFjhz5j3Jzc61dCgAAuEZcXV3l5+dn7TIAAAAAAAAAwKYZzGaz2dpFAAAAAAAAAAAAAABKZWVlXfW17LcMAAAAAAAAAAAAADaCABgAAAAAAAAAAAAAbAQBMAAAAAAAAAAAAADYCAJgAAAAAAAAAAAAALARBMAAAAAAAAAAAAAAYCMIgGtp7NixOn78uLXLqJN3331X69atu2b9m0wmDR48WMXFxRXOrVixQitWrLhmY1/vpkyZosOHD1s+b9myRWPGjNGoUaP022+/VTmvAAAAAAAAAAAAQHXqRQC8e/duPf/889Yuo15JT0+v9yGgi4uLhg8fLju78l+j7du3q6SkRMOHD7dSZfVfnz59FBwcLEnKz8/XBx98oH//+99asmSJGjZsWOm8AgAAAAAAAAAAADVxsHYBuH45OTnp7rvvrnD8rrvuskI115dOnTpZfs7IyJCDg4MaNmwoqep5BQAAAAAAAAAAAGpi9QA4JSVFq1at0qVLlzRhwgRJ0iuvvCIHBwdt2rRJO3fuVE5OjsLDw/XII4/I29tbkjRhwgT94x//0DfffKPz588rMjJSI0eO1IoVK/Tjjz/Kz89P48ePV+PGjSVJGzZs0I4dO5SVlSVfX1898MADio6OrrKuTZs26YsvvpAk3XvvveXOFRcXV1vblc6ePauVK1fqzJkzcnd3V58+fdSlSxdJUnJyst555x39+uuvkqSmTZtq5syZevnllyVJkydPliSNGjVKrVu31uuvv65jx46poKBAISEhevjhhxUaGlqrud63b58++eQTpaamKigoSCNGjFDz5s0r3FNmZqb8/f01btw4hYSEKDs7W6tXr9bhw4eVn5+v0NBQzZw5U5mZmRozZoxWrVole3t7FRQUaM2aNdq/f7/MZrPatWunIUOGyMXFRampqZo0aZKGDx+ub7/9Vjk5OYqMjKx2lXB19U6YMEHdunXTTz/9pIsXL6pRo0YaO3as3N3d/7RnUFbzgAEDdOjQIZlMJrVr104DBw60rM6trt/q5nTKlCkaMWKEPDw8NG/ePOXn52vChAkKDQ3VI488Um5eq+snLS1N7733no4fPy5XV1fFxsaqZ8+eMhgMtfpOAAAAAAAAAAAAwLZYPQAODAzU0KFDtW3btnLbQH/yySc6ePCgZs6cKW9vb8XFxentt9/W9OnTLW2+++47TZs2TUajUc8//7xmz56tYcOG6YknnlBcXJxWr16tGTNmSJL8/f313HPPycfHRz///LPmz5+vsLAwNWrUqEJN+/bt05dffqlZs2bJz89PK1askMlkspzftGlTjbWVycnJ0Zw5czRgwADNmDFDycnJmjt3rgIDA9WiRQvFxcWpVatWmjVrlkpKSnTixAlJ0rRp0zRu3DjNnz9f9vb2kiSz2ay2bdtq1KhRcnR01IYNG7Rw4UL9v//3/2oM/I4ePaply5bpqaeeUosWLbR//369+uqreu211+Ti4qINGzbowIEDmjZtmgICApScnCwXFxdJ0oIFC+Tr66t58+bJxcVF//3vfysdIy4uTmfPntWLL74oe3t7LVy4UCtXrtSoUaMs9ZtMJs2ZM0d5eXmaPn26IiIi1LZt2zrXK0kJCQmaOXOmjEajFi1apM2bN2vQoEF/2jMoqzkzM1MzZ85Ufn6+XnjhBW3fvl09evSosd/q5rRMWZj+7LPPauHChZJU7rsmqcp+zGazXnvtNd18882aPHmyzp8/r5deekmenp7q3Llztd8HAAAAAAAAAAAA2KZ6+5LRbdu2adCgQWrYsKEcHBw0YMAAHT58WLm5uZY29957rxo0aCBPT09FRkYqICBAERERsre3V+fOnXX69GlL2+joaPn6+spgMCgiIkItW7asMsjcs2ePevTooaCgIBmNRg0aNEhms7lOtZX54YcfFBwcrG7dusne3l6NGzdW165d9cMPP0iSHBwclJqaqtTUVNnb2+vmm2+uck4MBoO6du0qFxcX2dvbq2/fvkpNTVVGRkat5vPuu+9Wy5YtZTAYdNttt8nf319HjhyRVPre3sGDByswMFAGg0HBwcHy9fVVcnKyjh8/rpEjR8rd3V329vYKDw+vNHDevXu3+vfvLy8vL7m7u2vgwIHas2dPubkrW03t7Oys8PDwcs+oLvVKUo8ePWQ0GiVJERERVfb1R5/BfffdJ+l/WzPv2bOnVv1WNad1VVU/SUlJ+u233zRo0CAZjUaFhITonnvu0a5du+o8BgAAAAAAAAAAAGyD1VcAV6aoqEgmk0lvvfWWZatdSXJ1dVV6erpcXV0lST4+PpZzTk5O5bZgdnR0VF5enuXz999/ry1btig9PV12dnbKyspSu3btKh0/IyNDHTp0sHx2c3OTh4dHnWork5aWptOnT1u2ty7ro02bNpKkYcOGad26dXruuedkNBp19913V9hyuozZbNYnn3yivXv3Kjc3V3Z2diopKVF2dnaNwWJqaqoOHz6snTt3Wo7l5+crMzNTRUVFyszMVEBAQIXr0tLS5O3tLScnp2r7Lyws1MWLF+Xn52c55ufnp6KiImVlZUkqDbDd3Nws5x0dHXXp0qU611um7JnU1NcffQZeXl6Wn729vZWenl5jv9XNaV1U109GRoa8vLzk6OhoOebn52epDwAAAAAAAAAAADeeehEAX7ma1MHBQV5eXpo4caJatGjxh/tPTU3VkiVLNGvWLMs7ZOfOnVtlex8fn3JBY1m4eTW1NWzYUDfffHOl20NLpYHi448/Lkk6ceKE5s6dq5YtW6phw4YV2u7evVv79u3TjBkz5OPjI7PZXO07dK+so3379urVq1el5728vHTu3LlyAW7ZdSaTSfn5+dWGwEajUe7u7kpNTbXUXrai1tPTU2lpabWqs7b11rWvq3kGZX9QcOHCBUsAe/78eUvYXlO/Vc1pXZR93yrrp+x7WlhYaFkJnZqaelWrjAEAAAAAAAAAAGAb6sUW0F5eXvr9999VWFhoOda9e3etWbNG58+flyRlZ2dr3759V9X/pUuXZDQaFRQUJEk6ffq0jh49WmX76Oho7dixw7KidMuWLeW2Ma5LbbfddpvOnDmjb775RoWFhSouLlZiYqLOnDkjSdq7d6/lna9eXl6yt7eXvb29PDw8ZDAYLGNIpe+y9fLysqx83rp1q4qKimo1B3fddZe2bNmiY8eOyWw2Kz8/X4cOHbKszu3WrZs+/PBDnTt3TmazWcnJyUpPT1dQUJDCwsL03nvvKScnR8XFxUpISCg3H2XuuOMOffTRR8rKylJOTo7Wrl2rTp061fh+4qupty6u9hmUWbdunfLz85WWlqbPPvtM0dHRteq3qjmtq6r6CQkJUVBQkOLi4lRYWKjk5GR9+eWXvP8XAAAAAAAAAADgBlYvVgCHh4erWbNmGjNmjEpKSrR48WL17t1bRqNRL7/8sjIyMuTh4aH27dvrtttuq3P/TZo0Uffu3fXss8/Ky8tLQUFBat26dZXt//73vyslJUWzZ8+Wr6+vWrVqVW676brU5uHhoWeeeUZr1qxRXFycSkpKFBISokGDBkmSjh49qhUrVig/P19ubm7q06ePbrrpJklSv3799K9//UtFRUWaOHGiYmJidOTIET399NNyc3NT+/bt5e7uXqs5aN26tR599FGtXLlS586dk6Ojo8LCwvTYY49Jkvr27SuDwaC5c+cqOztb/v7+Gj9+vCRp4sSJWr16taZMmaKioiI1a9ZMzzzzTIUxBg4cqDVr1mjatGkym82KjIzUsGHDalVfXeuti6t9BqmpqTIYDLr11ls1ZcoUFRYWqkuXLurevXut+q1uTuuiqn58fX315JNP6r333tOYMWPk4uKi2NhYderUqc5jAAAAAAAAAAAAwDYYzJUt5QSg1NRUTZo0SWvWrLF2KQAAAAAAAAAAALiBXM2uuGXqxRbQAAAAAAAAAAAAAIA/jgAYAAAAAAAAAAAAAGwEW0ADAAAAAAAAAAAAQD3CFtAAAAAAAAAAAAAAAAJgAAAAAAAAAAAAALAVBMAAAAAAAAAAAAAAYCMIgAEAAAAAAAAAAADARhAAAwAAAAAAAAAAAICNIAAGAAAAAAAAAAAAABtBAAwAAAAAAAAAAAAANoIAGAAAAAAAAAAAAABsBAEwAAAAAAAAAAAAANgIAmAAAAAAAAAAAAAAsBEEwAAAAAAAAAAAAABgIwiAAQAAAAAAAAAAAMBGEAADAAAAAAAAAAAAgI0gAAYAAAAAAAAAAAAAG0EADAAAAAAAAAAAAAA2ggAYAAAAAAAAAAAAAGwEATAAAAAAAAAAAAAA2AgCYAAAAAAAAAAAAACwEQ7WLkCSvtmx1dolAAAAAAAAoJ7rGhNr7RIAAACAes9gNpvN1i4CAAAAAAAAAAAAAFAqKyvrqq9lC2gAAAAAAAAAAAAAsBEEwAAAAAAAAAAAAABgIwiAAQAAAAAAAAAAAMBGEAADAAAAAAAAAAAAgI0gAAYAAAAAAAAAAAAAG0EADAAAAAAAAAAAAAA2ggAYAAAAAAAAAAAAAGwEATAAAAAAAAAAAAAA2AgCYAAAAAAAAAAAAACwEQTAAAAAAAAAAAAAAGAjCIABAAAAAAAAAAAAwEYQAAMAAAAAAAAAAACAjSAABgAAAAAAAAAAAAAbQQAMAAAAAAAAAAAAADaCABgAAAAAAAAAAAAAbAQBMAAAAAAAAAAAAADYCAJgAAAAAAAAAAAAALARDtYuQJI2HpH+9ZUUn1xz21AfaX4vqfct174uAAAAAAAAAAAAALieGMxms9naRYTOlc6Yat8+Ikj6adK1qwcAAAAAAAAAAAAArCUrK+uqr60XW0DXFP56O0vfjPrfqt/arBQGAAAAAAAAAAAAgBtNvQiAa7KglxTTXFo+4NqNsWPHDvXu3bvK8/n5+YqKitKvv/4qSVq0aJFmzpxZY7/Z2dmKiorS+fPn/7Ra09LSFBUVJZOpDsumAQAAAAAAAAAAANi8evEO4OpM6iQNjyr9Oebt6tvefvvtKiwslCR5eHiodevWmjhxolq2bPmn13XnnXcqNzf3T+8XAAAAAAAAAAAAAK5WvVsB7O38v59jbpLm9yr9+eF1tdv6ed68efrhhx+0du1aubq6avLkyboWrzn+29/+po4dO/7p/QIAAAAAAAAAAADA1apXAfCIKOn0DCkiSAr1kTYMLz2+4kdp+Y+168POzk4ODg5q1KiRBgwYoPPnzys9PV0zZ87U4sWLy7Xt3bu3duzYUe7Y8uXLdc8996h79+6aN2+eCgoKKh3nyi2g4+Li9M9//lMxMTHq0aOH5s+fX679Tz/9pP6jo2YIAAAEuUlEQVT9+6tTp04aPXq0Lly4YDmXm5urV199Vffdd5+6deumSZMmKSUlxXI+LS1NkyZNUkxMjPr06aPvvvuudpMBAAAAAAAAAAAA4IZSrwLgSZ0kbxfpm1Gl4a+3i/RzsjRiXd37Kioq0ldffSVvb2/5+PjU6prk5GSdO3dOn376qdasWaODBw9q2bJlNV535swZLVy4UIsWLdKOHTv06aefqkePHuXabN68WQsXLtQXX3whBwcHvfnmm5Zzs2fPVlJSklasWKEvv/xSYWFhmjp1qkpKSiRJ06dPl7u7u7744gu9++67+vTTT+swEwAAAAAAAAAAAABuFPUqAI55uzTw9XYpXQWcmVfze3+v9Pzzzys2NlZdunTRTz/9pJdeekl2drW7TTs7O02aNEmOjo7y9/fXyJEjtXnz5hqvc3BwkNls1tGjR3Xx4kW5uLioTZs25do88cQTCggIkLu7u+6//34dOXJEknT+/Hnt2LFD06dPV4MGDWQ0GjV69GidPXtWJ0+eVFJSkuLj4zV58mQ5OzvL19dXjz32WN0mBQAAAAAAAAAAAMANwcHaBVzO9P8HvjuekNoGlf5syqtbH1OmTFF0dLTc3d3l5ORUp2t9fX3l7Py/lxAHBQUpLS1NxcXF1V4XHBysF198UWvXrtULL7ygsLAwjRw5Up06dbK0adSokeVnV1dX5eTkSCpddSxJY8eOLdens7Oz0tLS5OjoKBcXFzVo0MByrnHjxnW6LwAAAAAAAAAAAAA3hnoVAEv/C4FjmkvxyXW/3sPDo1xYWsbV1bXC+3xNJlO5z+np6crLy7OEwMnJyWrYsKHs7e1VVFRU7bgxMTGKiYlRQUGBNm/erKlTp2r79u011hsYGChJeueddyrdqjopKUmXLl1STk6O3NzcJEm///57jf0CAAAAAAAAAAAAuPHUiy2gm3qX/2zKkzYeqbp928C6j9G6dWvt3btX+fn5kqSPP/5YFy9eLNempKRECxcuVEFBgS5cuKD33ntP9913X419nzlzRj/88IPy8/Pl6OgoHx8fGQwG2dvb13htQECAYmJi9H//9386d+6cJCkrK0tfffWVioqKFBISorZt22rFihWSpOLiYq1ataqutw8AAAAAAAAAAADgBlAvVgAvuF96fqv0c0rNbZt6S8/H1n2Me++9V/Hx8RowYID8/f0VGRmp4ODgcm2CgoLUqFEj9erVS0VFRerevXut3rdbUFCgt99+W4mJiTIYDAoKCtIrr7wiZ2dnFRYW1nj9v/71Ly1btkyjRo1Senq6vLy81L59e3Xr1k2S9OKLL+qFF17QkCFD5OHhobvuuktff/113ScBAAAAAAAAAAAAgE0zmM1ms7WLAAAAAAAAAAAAAACUysrKKvd5+PDhVbYt20m4TL3YAhoAAAAAAAAAAAAAULkrQ97qjhMAAwAAAAAAAAAAAEA9d2XYW1UoTAAMAAAAAAAAAAAAANeBstC3qvBX4h3AAAAAAAAAAAAAAFCvXPkO4LpgBTAAAAAAAAAAAAAA2AgCYAAAAAAAAAAAAACwEQTAAAAAAAAAAAAAAGAjCIABAAAAAAAAAAAAwEYQAAMAAAAAAAAAAACAjfj/AGwgPFIfjowbAAAAAElFTkSuQmCC' height='250' width='300'/> ]]>
  </system-out>
</testsuite> <!-- com.tribu.qaselenium.tests.apimazaprendo.MACreateF2FLessonTests -->
