<?xml version="1.0" encoding="UTF-8"?>
<!-- Generated by org.testng.reporters.JUnitReportReporter -->
<testsuite hostname="station" failures="0" tests="4" name="com.tribu.qaselenium.tests.negative.NegativeTests" time="17.202" errors="0" timestamp="2021-11-03T09:13:01 COT" skipped="0">
  <testcase classname="com.tribu.qaselenium.tests.negative.NegativeTests" name="negativeLoginTest" time="5.228"/>
  <system-out>
    <![CDATA[ <img src='data:image/png;base64,iVBORw0KGgoAAAANSUhEUgAAB4AAAAOiCAYAAACRicroAAAAAXNSR0IArs4c6QAAIABJREFUeJzs3Xd8VHW6x/HvmZreO4QECDVU6YgFRMWC6FpQV7FfV12v7lp3111116tey6q7a9u91rW3VVGxURRFqVKE0FtCEtJ7JpMp948JSYYkJIFAyPB5v168mJzz+53znDPDCa88eZ6fYb30r14BAAAAAAAAAAAAAHo8U3cHAAAAAAAAAAAAAADoGiSAAQAAAAAAAAAAACBAWCSju2MAAAAAAAAAAAAAAHQBC/lfAAAAAAAAAAAAAAgMtIAGAAAAAAAAAAAAgABBC2gAAAAAAAAAAAAACBAW0r8AAAAAAAAAAAAAEBhYAxgAAAAAAAAAAAAAAgQtoAEAAAAAAAAAAAAgQJi6OwAAAAAAAAAAAAAAQNcgAQwAAAAAAAAAAAAAAYI1gAEAAAAAAAAAAAAgQLAGMAAAAAAAAAAAAAAECAvpXwAAAAAAAAAAAAAIDKwBDAAAAAAAAADAERJqt8rxys0amBzd7th/XTtd950/8YBj0uLC5XjlZplNR1+516bHr9S0zFS/bSP6xGnJfbM1ZVBKN0UFAIHPIuPo+6YAAAAAAAAAAEBA2vczecNQez+fv+2NxXJ7vAccl11SrbRbXpTbq3aP1zwEr7ejAR+84+9/W+U1Tr+4RqbFa/pDH6jG6epwvACAzrF0dwAAAAAAAAAAAByrNjwyR3//8iedOaqvYsOCVFfv1qVPf668smo9/ssTtaekSvd98KPsVrMemn28zh7dV1azSe/+uEV3vf2dUmPDtOmxKxR69dNye7z6zZmjdd3Jw2UxGyqudOi/X12k5dv3Kj0uQqsevFT3f/Cj7p45TmPueUO5pdWNcRiG9PilJ2rGyHR5vV6V19bpN699q6Vb82WzmPSXCybrzFG+feuyi/Xfry5ScZVD8eHB+r/rpisjKUomw9DGPSW6/sX5Kqio1ff3ztYNL83XgvU56hMbricvP0kDk6J059ljtXBDju5+6zvVOF0HvAcAgM6jBTQAAAAAAAAAAN3E5XZremYfnfvXuZp83zuqqHXquqnDWoy746wxGpgUreF3v6bhd7+mqZm99V/ThvuNmZCRpN/NHKdp//OeBt72iub+tF3PXDVVkuSodynEZlFYkE3JN/3LL/krSadkpur0EWka9fvXlHnXv3X/B0t1wbgMSdLtZ43RhIwkTbz3bY343evaW16jpy4/SZJ082mjVFRZq8w7/60hd7yqJVvzdOrwtBbxv3T9aVqfU6xhd7+mMfe8oUHJ0brz7LGdugcAgI6xSLRYAAAAAAAAAADgyDD2e23onaVb5Pb4vl6zq0h9YsNbjPvFuAw99PEK1dV7VFfv0SkP/kdOl1uJkSGNY5Zu3auM376iilqnJENfrtutO84aI8mQt+F4by7ZpNbyArmlNYqPCNYvjx+iT3/aoS/W7tYXa3dLMnT+uAF69NOVqq5zSTL09y/X6Of/vUzm579STmmVzhvXXzNGpuvbrD169JNV+12nobjwYB0/MFmXPfO5JENOl1evfpelW04fpfs+WNrBewAA6CgLz08AAAAAAAAAAI4Qo9nfDa8rHPWNrz3yymw2tRiXGBmikmpHsznOFscLC7bqvvMnanz/RHm9XgXbLDIZht+5CiprW82rbsgt0cX/mKf/mjpMD82erC35Zbrzre/0w5Z8JUaG6H8vPl73nz+xcXyVo15JUSH658Kf5fF69ZszRuu1G07X/PXZ+u3r32pPswrjhIYkdWFVU/xFVQ7f9o7cAwBAp1h4fgIAAAAAAAAAcGS0kv/1e6029heU1ygxIrhxW0JEsCwmk9+YP84ar+GpsZrxvx+quq5eE/on6Yu7zvU/vrftvOrCDTlauCFHZpOh66YO09u/PlNpt7yovLJqPfjxcn24Ylur1/PCovV6YdF6hQdZ9cRlJ+mRi6fosme/aDxPQXmNJCkpIrgxMZwQHqz8sup27wEAoPNoAQ0AAAAAAAAAwBHTVsrTOMDfhj5atUPXnDxMH63cIUl675az9daPm/TpTzsbx8WFB2tzXqmq61wKC7LpxlNHyGI2yWYxH+C8PleeOERj0hN062vfyu3xKiu3VIbhG/+fFdt0/dRh+nLtbtU4XTp9RB9NG5qqu976Xs9eNVVLt+Xr5W+zVOlwaWdRhYakxPidr7iqTos35er6aSP0p/d/lN1q1hUnDtVHK7d38B4AADrD0t0BAAAAAAAAAACAA3vkk5WKDQ3Smoculdlk0kcrt+m5r39WamxY45invlitl68/VWsevFRFVbX6zWuLNSQlRt/96ULNfHzuAY///rKtOmlwL2U9erncbo9Kq+t0xXNfSZIe/2yVIoJtWvrn2TIbhgoqa3Xb64slSX/7crWeuvwk/e6ccfJ4PNqSX6abX/2mxfGv+efXemrOSVr38C/l9Xo1b80uPfH56i68QwCAfYygK5/2dncQAAAAAAAAAAAAAIBDRwtoAAAAAAAAAAAAAAgQpu4OAAAAAAAAAAAAAADQNUgAAwAAAAAAAAAAAECAsBgGLaABAAAAAAAAAAAAIBBQAQwAAAAAAAAAAAAAAYIEMAAAAAAAAAAAAAAECBLAAAAAAAAAAAAAABAgLGINYAAAAAAAAAAAAAAICFQAAwAAAAAAAAAAAECAIAEMAAAAAAAAAAAAAAHCYogW0AAAAAAAAAAAAAAQCCzkfwEAAAAAAAAAAAAgMNACGgAAAAAAAAAAAAAChEWUAAMAAAAAAAAAAABAQKACGAAAAAAAAAAAAAACBGsAAwAAAAAAAAAAAECAoAU0AAAAAAAAAAAAAAQIC+lfAAAAAAAAAAAAAAgMrAEMAAAAAAAAAAAAAAHCIoMaYAAAAAAAAAAAAAAIBFQAAwAAAAAAAAAAAECAIAEMAAAAAAAAAAAAAAHCItECGgAAAAAAAAAAAAACgYX8LwAAAAAAAAAAAAAEBgv5XwAAAAAAAAAAAAAIDLSABoCjRJC3Tg7D3t1hAAAAAAAAAACAHszU3QEAAHySyjcpyFXd3WEAAAAAAAAAAIAejDWAAeAoEOSq1mUX/UIvf7ZYebLLbVi6OyQAAAAAAAAAANADUQEMAEeBEG+tZk3KlCUySSmOHJm9ru4OCQAAAAAAAAAA9ECsAQwAR4HRqTEanBKj2KgwFStN8aX5yrendHdYAAAAAAAAAACgh6ECGAC6WZCrWlfNmCRJslvMktmioPBoJTuyuzkyAAAAAAAAAADQ01gMCoABoNuYvS6dkBqkWROHqqiyVnVut68xQ1Co7IaUXJ6twqBk1gQGAAAAAAAAAAAdQgtoAOgmZq9LU+Pr9epd10qSvt24R8WVdWp8LtvDZI8NUnJJjoossXJYQrsvWAAAAAAAAAAA0CPQAhoAukGwu0aXD4/Sa/dcK5vFpAXrs/XyovUtB5otMsenK8niUGJttsxe15EPFgAAAAAAAAAA9Bj0FAWAI8jsdSndWqW/3zxLU4ama2NuiZZv26sF67O1o7CizXne8HgFhbjUu6pIjjqXSm2xcprsRzByAAAAAAAAAADQE1jEIsAAcERE1RXqsuMH6Z5fzlGI3dq4vdJRr0EpMVqxo+DAB7BYpahkBbldSqkqVG2dm0QwAAAAAAAAAADwQwUwABxmoa4KnT4gRn+47CoNSI7x29crJkySVFxZ2/EDmi3yRiYrSFJKZYEctQUqsSeQCAYAAAAAAAAAACSAAeBwCXVV6NQBMbr53PM0bkCvVscsWJ8jSVqbXXRQ5/CGJ8geLqWU5qjG6VWxPVFug0c7AAAAAAAAAADHKoshWkADQFfyrfNbqceuP0vTRvZvc9yC9TnaU1Kl5dv2Kq+0Rof0PI5OVYjbpeDSHBWZo1RjiTj4YwEAAAAAAAAAgB7LQv4XALpOkKtaF4+I0wNX/1LhwbY2xy1Yn6ONuSXalFeqlTsL1CXPYotFRny6EioLVFWXryJ7UhccFAAAAAAAAAAA9CT0CQWALhLpKNTfrztdsyZmHnDcvuTvjsIKLdyQ0+VxeMMTFGqrlrlij4ps8XKb2k5EAwAAAAAAAACAwGLpmrIzADi2ZahAr//5Cg3uFdvmGKfLrXlrdmtPSZU25ZU1JH8P0zPYHqagmCAlF+5QXkga6wIDAAAAAAAAAHCMMHV3AADQ040JKddb91x5wORvUaVDb/+4tSH5W3pYKn9bMFtkju+r5JpdMntdh/98AAAAAAAAAACg27EGMAAcgoEq0Mt3Xas+cRFtjlm+fa+Wby+QJC3MytGmvNIj13zBYpE5oa8SCncpL7TvETopAAAAAAAAAADoLrSABoCDlOIu1NyHrldSVGir+4sqHVqwIUdFlbUqqqzVwg05Kq5yHOEo5asEjk1VWHaWquKHHvnzAwAAAAAAAACAI8ZC+hcAOi+0rlgv335+q8lfp8ut5dsLtHZ3kSRp3e4irdixV06Xp9t+5cZitckcFC57Ra6cESndFAWOBLvFpL1PXCJJOvnReVq9u6SbIzr63XfOKN16aqa++HmPZj+/qLvDAQAAAAAAAIBDYunuAACgpzF5Xbp0TC9NGJTaYt/y7Xu1bnex6lxuFVXWasmWPOWWVndDlK0IjZatcIfcQVFy20IO66k2P3i+EsKDWmz3eqWqunpll1Rr2Y5Cvfz9Vq3OJkEJtOX4jAR9esupkqQteys07oG5Bxw/IDFCy++Z2eb+erdHJdVOrc0u0bsrd+rdFTvk9bYct+Ev5yklKkQPfLpGj33+8yFdAwAAAAAAAIAjyyKDGmAA6IwMFWlk5ng5XW7ZLGblllZrR2GFNuWWqs7lVp3LrbW7i7VyR0HDjKPjOWu1WlQZHKuQsu2qTBx+RM7pqHerzuVp/NpsMhQeZNXQlCgNTYnSFZMH6P65q/Xk1xuOSDzHhObf1w1DfJ/vCKPpr6Psfl15/IDG1wMSIzQ5I1FLthW0PaFZ/FV1Lrk9/tndIKtZiRFBOjUzRadmpmjO5Axd/PwiVdW59j9Q099H2T0BAAAAAAAAcGBUAANAJ4TUl2tYZoYq61x6YZF/0nJf4ndddpGczZKeRwvDbJFMZrkswbLWFKk+JO6wn/Phz9fpya/871OIzazJGQm6b+ZoDesVpXtnjtKCjXlam1N62OMBepKoEJvOGdVHkvT1hjxNH5qsOZP6HzgB3My5T8/Xip3FLbanRofqson9dPvpwzQlI0FPzp6ga1/9vktjBwAAAAAAANB9TN0dAAD0JDHOItlDI/y21TWs+fve0q1auaPgqEz+SpLb5avwc9vCFFS6u9viqHG69fWGPF3w3ELfusiGdM7Ilu20gWPdpRP6yW4xaU1OqZ6cv16SNGt0H0UEWQ/puNml1Xpo3jo98OlaSdL5Y9KUEhV8yPECAAAAAAAAODpQAQwAHRTpKJA5Il4rdhSo0lEvm8WsvLLqo2eN33YYzRb6dAVFyFZVIGdYQrfFk19eq817KzSsV5QSIlpPPkUEWXXj1ME6a0RvpceGy2o2lF9Rq++2FOjphVnKyivvknmhNov2PHaRJKnv3e/ppEFJuueskeobF6Y5Ly7Wp2tzOnRN54xM1WUT+2tkaoxiw+xyujzaWVSleety9NT8Dapw1PuNnzYkWR/cMFVZeeWa9NCnmjGsl247LVNDkqNU7/Zo1a5i/Xnuaq3JKZXZZOiW6UN1ybi+6hMbpipHveZn5emeD1epoNLRekBeaWhKpO48fbgmZyQoKtimvZW1+nzdHj00b51KqutaTLFbTLp6ygCdOypNg5IiFB5kVVWdS1l5ZXpr2Q698sPWVteMnTYkWVcfP0Bj0mIVF2ZXjdOt/PJazc/K1b8Wb9aOoiq/8WaTocsn9deFY9I1NCVK4UFWlVbXKae0Rh+u3qWXvtva4n5J0sje0brh5MGa2C9eSZHBMgxDeeU1Wrx5r578eoO2FVa2eiuG9YrS784YoUn94xVisyi3rEYfr87WI1+sa+PdbHL2iN66fFJ/je4Tq+gQm6rrXNqUX6G5a3fr/xZvkaPe7Td+0e0zNKpPjOa8sFg7iqr06IVjNSo1Ri99v1W/+2Blu+fbZ86k/pKk91bu1PdbC5RbVquUqGBdOC5dLyze0uHjtOX1H7fp3pkjZRjS2LQ4fVyWfcjHBAAAAAAAAND9WAMYADooXLVSSJKcbq/W5ZQ07eghz9F6V31jrG57uOyVuXKGJx7msx54/dAwu+/3kHLLaluM6xcfrg9vnKo+MaGqdrqUlVsuh8utwUmRumxiP80el65fvf6j3l+565Dn1Tar2h6THqcXrjheZlPn1kB99Pyxuu5E33qt+RW1Wr27RFEhNg1OjtDQlEzNGt1Hpz7xpUprnI1z9q2PHGK36Nzj0vTiFZO1vbBKOaXVykiI0ClDkjUmLVbjH/xUj14wVmeP6K31uWXKK69VemyoLhqXrsHJkTrpsc+bkrLNYs3sFa1HLhgjSdqyt0KVjnr1jw/XdScO1ClDkjXtr1+qrFk8wVazPr15uo5Li5EkbS+s1JaCCiVHhmhiv3hN7BevqYOTdcVL3/ld+6+nDdYDs0ZLknJKa7RsR5HsFrMGJUXqxqmDdenE/jrvmQX6aXfTv5vXrj1RZwzrJUnamF+udXtKFRls04je0RrdJ0YXju2rmX+f73e/fnFcH/3z8smymAxVOOq1Mb9CZpOhjIRwXT6pv84fk66Z/5ivlbv82x5P6Bunj26apiCrWeW19fphW6GsFpOuP3mQpg5J1ndb9rb5Xj/7y4m6ZHxfSdLWgkqtyS5RTKhdY9NjNaFfnGaP66dZTy/wS6bXNiSEo0LtevMXY9Q7OqTpgB18XkzsF6/BSZFye7x6d8UueWXonRU7dOv0obpiUoZe+G5rGzM7vgZ0SbN7GxFia33sUbguMgAAAAAAAIADs/AjPQBon91VJUtwRPsDj2L1Tmfz1JC8Frsszhq5bSFtzjlUhvzSUX5GpcYoLTZMkvTF+j1+4ywmQ69ePUV9YkL12boc/fqNpY2JQKvZpNtOy9RdM4bpH5dM0MqdRdpVXH1I87xer7xeX57r1lOGasHGPD3w6VoVV9Wp0lHf5jXsM6FvXGPy9zfvLNfL3zcl5zJTovTxr6cpIyFct52aqT9+9FPjPo/Hl7WNDrbpL7NG64LnFmnhxnxJ0pDkSM275VRFhdj0+rUnKCbUrjEPzG2MedaoVL181RSN6B2tKRkJ+m5LQeM93+f+c0bp/ZW7dPf7KxuTklMyEvT29SerX3y47jwtU3/4sCmem6YO1nFpMap0uHTeMwv8EqkXjk3TPy+frFmjUjUjM0VfrM+VJIUHWfTHs0ZKkv77rWX69w/bGucEW816+PwxmjOpvx6YNVpn/32+JGna4CSdMayXKh0uzfzH11qT3bT+c3JksF6/9kSN7hOjX500SA/P81XohtjMeuKi8bKYDL25dId+++7yxsrb2DC7Xr/2RE3oG6fHLxyrqY994ff+/O3iCQqymrVkW6Eu+ec3jZXFMaF2/fuaEzRnUkbj2Ob377oTB+iS8X3ldHl09cvf69N1TZXgGQnh+uDGaRreK0qPnD9G1726pHGfu+F9vWhMupwut857ZqE27y2Xy+1t97O0z5WTfdW/87PytLeiVoak15du163Th2pE72iNSo32u2+txX+gf3+S1DcurPF1cVVdq2PbOwYAAAAAAACAow9rAANAB0Q4y6Sw2O4O46DVOp3yevzXJq4PjpG9omOtjbuK2WQoNTpEv5zYT29cd6IMQ3p6wUatzi7xG3f2yFQNS4nSnrIa/derP/hVgda7PXp43jot2JivYKtZ100ZeMjzJMnTUEKbFhuqOS9+p7U5pdpTVtNqG+L9xYTa9dm6HM1dk+2X/JWk9blljdWa04cmtzo/ItiqD1ftakz+SlJWXrnmrvG15B2XHqc//GdVY/JXkj5ana0tBRWSfMn01hRVOXTr28sak7+S9N3WAj27aKMkafa4vjI1q+50e7z6akOu/rEwq0UV7bsrdumHbYW+6xiS0rh9UFKk7BaTHPVuv+Sv5KuEvfv9lXr8y/V6d+XOxkLSEb198S7bUdgiiZlXXqub31yqh+et06rdTTEkRYZo4cY8fb+1QH/5dI1f2+Xiqjo9+NnaxnsRG2Zv3De+b5wGJfl+eeOOd5f7vZ8l1XX61b+XKMRmbnHvDEO6edpQSdKzizb5JX8lXzXwvnbO543uo+TIpjbm+xLAk/rH67IXFmvRpnzlltW23ap7P5HBVs0a1UeS9Pqy7X7nXLajSJI0Z2JGq3M74/KJviRzvdujH7cXHvLxAAAAAAAAABwdLNR1AED77IZbPfl56aipVWvxm9yOVrd3lXtnjtS9M0e2um/z3grd8+FP+mDV7hYxnDmstyTp6w15qna2fu8/WZujaYOTdNLgJOkj45DmNffuil1y1HtanduWeT/nat7PuQ1ftZy3tSFRmxgR3OZx31mxq8W+7Q3r5lbU1uuL9Xkt9u8orNKAhAjFhNib7Wsa8/6q3fJ6W57vi/W5uu20TMWG2dUvPlxbC3zr5j75dZae/DrrANdRqUn94/2uo7Tal1ANspp1woBELW6oRN6ntt6jBz7dt85uw5yGxPzw3tFKjAjW3gr/xOj63HKtzy33m7O9sEpXvbyk2Sj/+PZdgyQlhgeruMp3jkn9fetc55bVakNeRYt52aW1WrGrWBP6xvkdd0hSpFIbWje/v6rleyNJX23Ik6PerSCrWVMGJOrdFf7tyFfuKlZWK+dsz8Xj+ynYalZJtVPz1uX6zX9t6XaN7xunC8am6Z4Pf/JL7rfUsn7XMKTeUSG67oSBunHqIEnSC99tVVlNfRtxUgMMAAAAAAAA9DQWfqYHAAdmc9fJYrOrlTxaj+DxelTndLSawzG8kuFxymu2HZZzVzjqVVXn8tsWZDErOsSmgYkR+t0Zw5UYGaznvtnUtIatpMxeUZKkkwcl6ZObp7V67OhQX5XngISIxms72HnNrc0tPeh8V1JEsE4cmKC+ceEKt1sb1xHe12rXbBgte/Q22F1a3eK8jnrfvcsurWk1JofLl/yzmk2t5X/1857Wr2VbUVOyNC0uTFsLK/32D02O1Pi+cUqJDFGozSJTw3WM7uOr3DWbmq5jW1Gl5mfl6ZQhyfrgxqn6dG2OPl+/R99s3qu88tqWJ5f00Zps3X3GMCVFBGvp78/Seyt36eusXH2/tUCV+31e9hdiM+vkQUkalBSpqCCrbBZf9a7d0tTUxGxuiq9fw73fXljZ5vu6Ob+iKQHcMGZQcqQkX2V4Vn55q3Odbo92lVRrUGKEBiZGtHgP1uYc3GdpziRfZe47K3aq3uPxO8Z/ftqth38xRhFBVp17XB+9uWyH/+RmY9//1clyebx+u8OCLLKZm+7VZ+v26E8fr24ZZxufUwAAAAAAAABHP0t3BwAAR7vg+nJ5I3tu++fKqhp590sC7eOyhcpSXaT6iJRW9x+qJ77e0KyitEmIzaxThiTrz+eM0oPnjtaJAxJ16f9925gEjg7xJaTTYkOVFht6wHPYLSbZzCY53Z6Dntdc87bRHWU2GXr4vON09ZQMv5bKnXGgVtOVHWhD3ZqSNq6lorbpeOFBTf8VSIwI0r8un6wTBiR06jxXvPS9HjxvtH45oZ9mjUrVrFGpkhraWK/N0Yvfb/Gr8i2rceqMp+brH5eM1/EZCbpmSoaumZIhl8er5TuL9O7KXXpj6XbVufzfmzmT+uuBc0cr3N7x/75EBPk+Ewe6v+W1Le/Tvs9SVZ2rRRK1ubKGexwZ3PKXKA7mszQuPVZDG5LPbzRr/7xPVZ1LH63erUvG99Wcif1bJoCbiQi2ttjm9nhVWFmn1dklen3Zdn20OrvTMQIAAAAAAAA4utECGgDaYTYMyRrU3WEclLr6etVUVamtZ73bFi5rXYXqD9v3gtbbx9Y4PZq7Zo/WZJdp5T1naUZmimaOSNXHa3zrrO7Lt/3p4zX6+4KNHT7Xwc5rzrdUcufux5/OGqlrTxggl8erhz9fpw9/ytaeshrVOH0VuueM7K1Xrjq+lfO1V2bZ0f2GWisB9q1F23Ket9k2X4to39evXXOCxqbFqqDSofs/WatFG/NVWFWn+oYk+SPnH6frThjQ4jzVTrdueXuFHpz3s2aO7K1pg5J1fP94DUmO1JDkSN148iDNefF7LdzUtMbxzuJqnf2PhRqSHKmzR/TS1EHJGpMWo0n94jWpX7x+ffJgzXpmoXJKayRJpw1N1lOzx0mS3lu5W89+s0lb9lY0VgzHhNq07X/Oa3E//PPxrb+vZpOplTHGvpvV5jzfHqPhPrYc52lnbmuunNS0tu+3d8w44NiJ/eI0ICFCWwqaV3A3ne/UJ77Wiv3Wcm6pI/Hxf0UAAAAAAACgJ7EcZKESABwz7N469cRnpcfjUUV5efuxm0yH7foM7Z+A85ddWq2f95RpVGq0ThqYqLlrfQng0uo69YoKVkJ4UKdiO9h5+wfdmblWs0lXT/El7R76fJ2e+Kqp4nnfccKDrC22NZyq1e0tBrQXU7P9zcdFhdhanRfZrDK00lEvw/BVno5N81W6X/HS91q6o6jD17FPQaVDL3y3VS98t1Umw9CJAxP0p7NGalRqtJ67bIKOe+CTxqT4Phvzy7Uxv1yPfblBoTaLzhmVqnvPHqF+8WF67IIxuuT/FkuSrj9xoCRp4aZ8/ddrPxwwtub3Y18L8ohga5v3MDbMvm9a45jSmjpJDS2TLabGJPj+okJ85y2vdbZ6/M58liKCrDp3dB9JUnF1XYsKaL+YQ+2yW0yaM6m/r4VzK+czOvlZblVXHAMAAAAAAADAEUULaABoh9l74DVJj1blFZVyu9pvHWy4HO2OOZz2JSObr0u6Ia9cw3pFNSYkO+pg5x2KXlEhCmtoSfzVhrxWxzSuL3uEDUqK0IKN+S2294sPa3y9rWH930FJvrbDFbX1fsnf5sald/y+erxeLdq0V6tLje6TAAAgAElEQVR2L9TG+2cpITxIw3tFt3lsSap2uvTmsh0qqKjVu9efpJMGJspkGPJ4vY3xfZXVxj3u1/o93llSJUnqFx/e5nmHNawd3dyGvHJJkskwNCQ50ree736CrWalN6wxnJVf3ubxO+qCsWkKsZnlqHdr3IOfNbaXbs2dp2fq7hnDdPG4dP3l07VtJqgBAAAAAAAAHHtoAQ0A7bB43e0POsqUV1bLUVvTobGGt/U2wV2n7WMP6xWl9NiGBNreisax89bv0UVj0zS+b6yGJEUqK7+ixdy7Ts/UuPRYPfvNZs1vSHIe7LzOxLw/t7dpfVi7xdxi7oCEcF0wJk2SZDLt3xL7UFtAtza2adzMEal6dtGWFiOnD/at+bynrFa7S2okGQ3toiWrxdTquS4el67+DUlUc7PrmD0uTeeMSNVrS7dr3s+5LeZV1LpU5/IoyGpWqN0qydA9Zw7XmLQY3fTGMuWW17aYs7fSV30bZDXLajapzuWRpyG+1u5xkNWs304f2vi12Wi6hhU7SyRJKZHBykyJ0vpc/0RtZkpk45q7zVtHb95bqR1FVeobF6ZfjO6jtTllLeI8e2SqbA3xfbO5oNX71pnP0hUT+0uS5q7JUVlN/QHnvr50h+48PVNxYXadObyXPlqd08r5Wm/B3jldcQwAAAAAAAAAR5Kp/SEAcIyz2rs7gk6pqa1VTVXLxGdbzJ72q4S7Wrjdopkje+uNa6bIMKTSGqfeWb6rcf+na/doQ165TIahF66YrLTY0MZ9hiHNmdRPt502VNMGJ6m8tv6Q5x2KnNIaFVX5Epb7Enj7jEuP1XvXn6T//JQtSQqzW5QYceTWkx6aHKnbThvq18J3RO8o3XCSr53ym8t2NG5fvduXKA22mjV7XFrjdsOQLh2frofPG633Vu6W5F9NG2Qx64xhKXr0gjEakxbjd36zydCtpwxWZLBVNU5343q0fWJDddLARD1/2USlRAb7zYkIsuqOU33J3GU7ixvbIP+U7YvvwuN8VbL7pEQG663rTlBWXrmqnb5q/YyEpvi+31rQuI7wExeNVVxY07/nfnFh+tflk1RQ2XoV/JPzfe28f3XSQM0YluK3b3ivKP3lnJGSpJeXbFPpAap1O+K4PjEa3lCJ/MqP29sdv6esVgs27pUkXT6h3yGdGwAAAAAAAEBgsVDUAQAd0MXPykHJUQqz+1ofb84vU6Wja5KRNbW1Ki8v61S8HpP5sBX43Xl6pm6dPsRvm9lkKNTWtAJBcXWdLn/xexXX1DXG4fJ6deXLS/TBDSdpcFKEVvz+TP2UXaJap1sZCeFKjgyW1yv98eM1WrG7+JDn+elkwaNX0hPzs/Q/s0bpsol9Na5vrLYVViotJkyZKZF6b+Vu3fXBKp0zsrfC7BZ9dvM0rdhVrOtfX3pYCoDN5qaBd32wSn+9cKyumtxfG3LLFRFs1Zg+MTKbDK3PLdffFm5snJe1t0Lzfs7VGcNS9MwlE3TFpP4qr3EqMyVKKVHBuvODVdqYX6ELxvTRgIRwfXHLKZq3IVdPL9yk04am6IxhKfrq1unKLq3RnrIa2cwmpceGKSbUJo/Xqzs+WKkKR71kSPd/skajU2N0fEa81t57tjbvrVRJdZ3Cg6zKSAhXsNWs0hqnbn9/ZWN8f1u4UWcMS9HQlEit/MNZ+im7RFHBNo1Nj9XmvRW68pUlevXKyZqSkaBHzz9OvxjdR3d/uErZJTX67Xsr9OY1J2hsWqzW3TtTG/PLZbeYNSgxQmtySvX84i3645nDZexX/PzvpTs0Ji1Wcyb20xvXTFFWfoWyS6qVFBGs4b2iZBjSgk35uv/TtYf8Wbpiku+XB7YVVmnJ9sIOzfv30u2aPiRJJw9KVO+YEF+iu6sLgPcdBwAAAAAAAECPQQtoAGhX12RRZo5O19QhKZo6pFeLfZWOei3M2qOFWblalLXnoI5fWlouh8PXzrc1w1LjFR5i04bsIpXX1O239/B8LwiymhVkNfttc3m8Kq6u0+a9lfoqK08vLdnWUI3rH8PWwipNefRL3XDiQJ05LEWDkyJlNhnKL6/Vuyt364Xvt2rZzuIum9ek8+/3s99sUXWdS9dNGdCYaN68t1K/eXelXvnBV8352/dW6t6zRig5MliJEcGtnKejLZ4PHHOQtSm5vmhzgU57ar7uPC1TE/rGKirEptzyWn28JkePfrlBVXVuv+Ne8+8fddfpmfrF6FSN6ROjstp6/bS7RL9+a7m+3VIgSXpm0WZdOj5dg5Ii9O2WAtW7vZrz8hJdMamfzh2ZqiHJERqXFiuXx6vcshp9sSFXzy/e0tBC2XeuPWUOnf63+brhxIGaPiRJfePCNDAxXDVOt7YXVmn+xnw9++1m7a1wNM5ZtbtU5z77je4+PVOj+8TopIGJyi6p0VPzN+qpBRtVVefS7z9ao2cuGacBCREalBQhr8d3X77O2quzn16o304fqnFpMRqcFKncshr9Y9EmPfLFBl0wpo8kKdhqaXGfb31npb7MytMVE/trdGq0BiSEq9JRr8VbC/T2yl16e/kueVq0UW/ejrv9z1KY3aLzRqdK8iV1O/r5m/dzrgqr6hQfZtdl4/vp4S/WtzKXDDAAAAAAAABwrDGib33H2/4wADh2JdfvlS068aDnD0qO0l8vnayUqND2B0vKLavWcws2aO5POzs03uPxqrS8XE5Hy7VUJemiyUN0xzkTlBoXIUkqr6nTn95erLe/3yBJslXlqyp5dIfOBQAAAAAAAAAAjm5GDAlgADigpENIAJ9zXLruP2/cQc3dlFeme/+zXJvyytoc43a5VVJaJper5fqjw1Lj9eTV0zUsNb7VuePuflnZRRUyOyrliB94UDECAAAAAAAAAICji0UGbf0A4EC8LqcOpgWqL/k79qDPOyg5Sm/deKqeW7BBzy/c0GJ/rcOhivJyeTyeFvHdfs4E3X7O+AMe/45zJui/X/xaJk+9+F4AAAAAAAAAAEBgsLQ/BACObS6vZO/knJToUN1+xsguOf+vpg3V1CEp+u2bPyi3tFper0dllVVyVFe3GOur+j2lzarf5k4f1U+S5DVbuyROAAAAAAAAAADQ/UzdHQAAHO1qbZFSvaNTc341dYjCg7ouseqrBp6ui8b3U0FRcYvkb2SIXX+efYK+vvfiDiV/983xYSUAAAAAAAAAAAACBRXAANAOhzlURnWBvFEpHRofHmTVzNHpXR5HeJBVv5t5nC6blKFHP16mDdlFCg+x6fhBvXXd9JHNErodZ3ZWyRUS2+WxAgAAAAAAAACA7sEawADQDo/ZqnqnS5YOPi/POa7vYY0nNS5Cf7t6epccy+xyyBGW0CXHAgAAAAAAAAAA3Y8W0ADQAbVei+R2dWhseFDPaK7ww+Y9ksG3AQAAAAAAAAAAAomF+l8AaF+NPVYR1cVSRGK7Y8ODbIc1lpziSj02d5nW7y6UJN12znjNGNWv08dZv2uv3EHh4vsAAAAAAAAAAACBwyJ+9A8A7XKag+WoLlBQRPvPzEpH/WGJIae4Ure8NF9LNu3x237V0/M0+/gh+vPsKYoI7njyeenPm1UX2Ud8HwAAAAAAAAAAIHBY+Lk/AHRMuTVSQbVlUkjUAcflldd06Xkrap16fO4y/fPrNb4NrTy3316SpfXZhXr/9vM6lASuqHXqi1VbpMTMLo0VAAAAAAAAAAB0LxZ/BIAOqrNHyVFV3u64FTsKu+yc7yzZqPG/e7Up+XsAP2cX6fzH/qOKWme7Y1+Y94PqotO7IkQAAAAAAAAAAHAUMWJv+8Db3UEAQE9hc1Yp0pGv4OT+Bxx3+xkjdOnEjIM+zw+b9+ixuctbtHueMaqvMnvHNRuXqyWb/ccMS407YCVwTnGFZvz+eeWHH3x8AAAAAAAAAADg6EQCGAA6Kahoi0whEQqLjFGQzdLqmPAgq/56ySSNSY9rdX9bcoor9djc5Xp7SZbf9skDe+nJq05Ramx4izmtVf4eKAk8+y8van5xqGTp+HrBAAAAAAAAAACgZzBibycBDACdFbbnJ9WFJ8pisSk4JFhWq1WSZLVY5PZ45fG4JUm/mjpEN586ot3jfb56hz5fs6NF4leSZk8arCevPEUVtU59vnq75q3erooapzJT43TGqH6aNDBFj3+yXI/NXeY3b1hqnJ688pTGiuGKWqfufWO+3v5xi5xRqYd6CwAAAAAAAAAAwFHIiLv9PySAAaCTzLXlspftVH1ofLtjI0LsmjwwRZmpcUqNDVdqbIQqaur0c06RKmqcevuHjaqoqWt17oxRffXiDWdofU6RrnpmnnKKK1uM+eqPFyki2K4Jv/93q8eYPXmwJGnJxt3K25Oj2sRhnbhSAAAAAAAAAADQk5AABoCDZKoplb0iR66Q2MN2jhmj+mrSwF56fO4yvxbPzWX2jtOM0X31+NzlBzyWrTJf1YnDaP0MAAAAAAAAAEAAIwEMAIfAXrJTJmflYU0CdwVrdaFq4wbLa7V3dygAAAAAAAAAAOAwssgwujsGAOix6mL7yl6yU5bakqM2CWwr36PahMHy2oK6OxQAAAAAAAAAAHCYmbo7AADo6epi0lUfniRrVeFBHyMi2KZrpw1X79jwg5rfOzZcT1wxVZm9myWhPS7ZKvPlSBwqj/3gjgsAAAAAAAAAAHoWS3cHAACBwBUaL49hUXDJdjnD4iVT5x6v150yUredPVZ/vmiK/jV/rf61YK1yiivbnTdjZF+dPipdM0b2lWEYevyTFZIkk7NGpvoa1vwFAAAAAAAAAOAYY8Td8RFrAANAV3E5FVy8VV555Q6O7vC0zN6xevLKaX4VvOU1Tq3PKVJ2caWyi3zJ4MgQmzJT4xQRbNOw1LjGse/8sEmPfbJCOcWVslYVym0LUV3cgK67LgAAAAAAAAAA0CMY8XeSAAaArmaqKVVw6Q7VB8fIa+54Be6104brosmD/Vs5tyGnuFKfr9mpf833VQub6yplctWqLm6A3LbQQwkfAAAAAAAAAAD0UCSAAeAwspXukrmuSl6TRe5OrMMbEeyr9J08MMVve3ZxZeOffS2iLTXFktej+ogUucLiuzR+AAAAAAAAAADQsxjxd35MAhgADjNLVaEs1UWS1yWPLbxTVcGtMTlrZK4rl8dskzMmXZ5OJJcBAAAAAAAAAEDgsnR3AABwLHCFxTdW51rLsmWuKZbJkLxeyWuxy20JkkytP5JNzhoZ8shwVsswW+Q1zHLZI1QXn3EkLwEAAAAAAAAAAPQAFhndHQIAHFvqo1NVH53a+LWlqlCGq07murJWx7tC4+U1zHInDDxSIQIAAAAAAAAAgB6KCmAA6Gb7KoPruzkOAAAAAAAAAADQ81lECTAAAAAAAAAAAAAABAQL6V8AAAAAAAAAAAAACAysAQwAAAAAAAAAAAAAAYIW0AAAAAAAAAAAAAAQIEzdHQAAAAAAAAAAAAAAoGuQAAYAAAAAAAAAAACAAGGRQQtoAAAAAAAAAAAAAAgEVAADAAAAAAAAAAAAQICwUP8LAAAAAAAAAAAAAIHBIpECBgAAAAAAAAAAAIBAYCH/CwAAAAAAAAAAAACBgTWAAQAAAAAAAAAAACBA0AIaAAAAAAAAAAAAAAKEpbsDAICeqn9cqE7MiFOvSLtSIoMUbj96HqmVdS7lljuUU+bQ4m3F2lZU3d0hAQAAAAAAAACAI8BI/MM8b3cHAQA9idVs0i9GJuuMIQkym47+Lgpuj1efbSjQB2ty5fLwyAcAAAAAAAAAIJBZDFpAA0CH9YkO1k0n9FVyZFB3h9JhZpOhmcOSNDIlUv9cslO7S2u7OyQAAAAAAAAAAHCYmLo7AADoSSamR/eo5G9zfWKCNTE9urvDAAAAAAAAAAAAhxEJYADooAHxoTozM7G7wzgkZ2Ymqk90cHeHAQAAAAAAAAAADhOLDFpAA0BHHN8vVqYe/sw0GYamDYzXy8uyuzsUAAAAAAAAAABwGFABDAAd1CcmMCpne2oLawAAAAAAAAAA0D4SwADQQSkRgZE4TY6wd3cIAAAAAAAAAADgMCEBDAAdFGIzd3cIXSIq2NrdIQAAAAAAAAAAgMPEYvTw9SwBAJ3Hsx8AAAAAAAAAgMBEBTAAAAAAAAAAAAAABAgSwAAAAAAAAAAAAAAQICwSbUABoGMC6XkZSNcCAAAAAAAAAAD2sZADAIBjEM9+AAAAAAAAAAACEi2gAeAwyFq1VP9z4yUdGvu/t8zRlnWrDjjm3ecf15fvvNwVoQEAAAAAAAAAgABGC2gAOAxCrZKlg79i8/TTT6vIHawab9tjbrrxRrm9UrGna+Lj2Q8AAAAAAAAAQGCykAIAgI7pzPPSaPZ3aVGBHr/9Wp179a/103cLVFFarF7pGZp9450yDEM33XSTLrj2VmUMP047Nv6sT157ThWlxQqPitW5V/1afTIG69lnnlFkTKxOvfBKOesc+uzNF7R13Sp55VVsQopmXXWTYhOSD8u1AAAAAAAAAACAnoM1gAGgow7meWlIQTazXPVOearL9Mgjj6jeUa3rrrpS27LWKCNzlGwmKdhqqLamSq/+9T797g/3aOyY4/T5l1/qlSf/rDufelWhVinUakiG9M3ct1WxN1vPPf+c7Ha7XnzhRb333GO6/t7HD++1AAAAAAAAAACAox4toAHgCDlh6nRtKffIbISod68UOUoL/PZv+3mVYmOiFTdwtNYWe5Q56RQ9M368sl1mv3FZK77XRRdfqu01VnmqPTrx9LP0n3ffUm11lYJDwzoYDc9+AAAAAAAAAAACUQdXqAQAHKpaU7Akye31SoZJZvkv6FtfVabwsHBVOH2LAZc6DeV5IyTDP1lbWV4mb1CEPA1rBtdZwyVJNeWlh/kKAAAAAAAAAADA0Y4EMAAcIR6vt/G1t+FPczHR0SotK2sa4/Uqe+cOuV2uFuPKmo0rLy/3bY+J7fKYAQAAAAAAAABAz2LZv7IMANA9+meOVEV5mdavWKLMsZO1buliffTS0/rD06/7jZt0/An6YcHnyhg7RVarTT98OVejR4+WOTiksSq4XTz7AQAAAAAAAAAISJbuDgAA4OMNitCf7rtP/3jmeX3wf39TdEyM7r/vPrkt/o/qabMuVHllhZ66+wZ5vV6lp6XrV7fcrtKOJn8BAAAAAAAAAEDAMnrdt4CUAQB0wMuXDO/w2EibobRwk9YWu2U1SSNizVpd5Ja74Yk7KMqsIodHxQ6vhseatavSowqnV+FWQ73DDFlNhuo9Xu2u9KjaJaWHm+T0eJVb7ZXJkHqFmhRh8x3L4ZJ2V3lU72k7nv1d+ea6Tlw5AAAAAAAAAADoKSwSbUABoGM6/rwsd0priz2SDNV7pJWFHr/5m8r2ZWsNrStuel1ZL2WVNl8h2DdnZ2XT1x6vlF21/+/udPZZzrMfAAAAAAAAAIBAZCEHAADHIJ79AAAAAAAAAAAEJFN3BwAAAAAAAAAAAAAA6BokgAEAAAAAAAAAAAAgQLAGMAAck3j2AwAAAAAAAAAQiFgDGAA6KpCel4F0LQAAAAAAAAAAoJGFHAAAHHt49gMAAAAAAAAAEJhoAQ0AxySe/QAAAAAAAAAABCJTdwcAAAAAAAAAAAAAAOgarAEMAMcinv0AAAAAAAAAAAQkWkADQIcF0vMykK4FAAAAAAAAAADsQwtoAAAAAAAAAAAAAAgQJIABAAAAAAAAAAAAIEAYXq/X291BAAAAAAAAAAAAAAAOHRXAAAAAAAAAAAAAABAgSAADAAAAAAAAAAAAQIAgAQwAAAAAAAAAAAAAAYIEMAAAAAAAAAAAAAAECBLAAAAAAAAAAAAAABAgSAADAAAAAAAAAAAAQIAgAQwAAAAAAAAAAAAAAYIEMAAAAAAAAAAAAAAECBLAAAAAAAAAAAAAABAgSAADAAAAAAAAAAAAQIAgAQwAAAAAAAAAAAAAAYIEMAAAAAAAAAAAAAAECBLAAAAAAAAAAAAAABAgSAADAAAAAAAAAAAAQIAgAQwAAAAAAAAAAAAAAYIEMAAAAAAAAAAAAAAECBLAAAAAAAAAAAAAABAgSAADAAAAAAAAAAAAQIAgAQwAAAAAAAAAAAAAAYIEMAAAAAAAAAAAAAAECBLAAAAAAAAAAP6fvfuMjqrawzD+zkx6h5AEEkoI0nsX6dUCAioKqFfFq6IiYi8gEgQFVBALggqKoqIUQYqIgvRO6DUhJJRAIAXSJ5My90NkyJhAQEpg7vNbi8XknH32+c+eE3Std/beAAAAcBAEwAAAAAAAAAAAAADgIAiAAQAAAAAAAAAAAMBBEAADAAAAAAAAAAAAgIMgAAYAAAAAAAAAAAAAB0EADAAAAAAAAAAAAAAOggAYAAAAAAAAAAAAAByEU2kXAAA3OvNvs5T6ydvKizlY7HmXlh3kcd8AmSpUvs6VAQAAAAAAAP9H3NxlCqkqk39gaVcCADc0g9VqtZZ2EQBwIzt9R60Lhr+SVPabP+VUr6lk4js1AAAAAAAAwDWTma68k0fl0qBlaVcCADc00goAKMHFwl9JcmrI/3ACAAAAAAAA15yHl2TOKu0qAOCGxx7AAAAAAAAAAAAAAOAgCIABAAAAAAAAAAAAwEEQAAMAAAAAAAAAAACAgyAABgAAAAAAAAAAAAAHQQAMAAAAAAAAAAAAAA6CABgAAAAAAAAAAAAAHAQBMAAAAAAAAAAAAAA4CAJgAAAAAAAAAAAAAHAQBMAAAAAAAAAAAAAA4CAIgAEAAAAAAAAAAADAQRAAAwAAAAAAAAAAAICDIAAGAAAAAAAAAAAAAAdBAAwAAAAAAAAAAAAADoIAGAAAAAAAAAAAAAAcBAEwAAAAAAAAAAAAADgIAmAAAAAAAAAAAAAAcBBOpV0AAPy/sqaeVfrMycpeuVg5kbskSc41Gsi1Q3d59X9GBh+/Uq4QAAAAAAAAAADcbJgBDAClIGvBDzrVs4HSvxxjC38lKSdyl9K/HKNTPRsoa8EPpVjh1bW0V2tFff9FaZdxU4v8drLm31pVeyeNU15WptYNfri0S3IoF3tG02Kj9XNNH5kTTl3nqq5M00kRmrQp7oraHUrKlNPwVYpPt1zt8nAVrDuSopCx6/Wf2QeUmJGjJ+cdVGJGTmmXBQAAAAAAgFJGAAwA11nWgh90duQzsqadvWAba9pZnR35zL8Kgee1DNXhWd8WOX5q/Qr9XNNHeWbzZfd5pZqP/lQVu9x93e97NeVlZSr6p29K7f5xyxer43eLlRK5T3ObhKhMnUalVosjupme0cSMHL302yFVn7BJHuGrFTx2ve79cY82Hkv9V/190buGetcud5WrLGpJZLIiE7P+1bWZljx9teXkVa7o6pi8KU6WvPxSuffUrSc1+8F6qu7vrqrjN+pYSrbKeTpf0rXp2Xl6cfEhhX6wUb6j1qrl5G1auD/pGlcMAAAAAACA64EAGACuI2vqWaVMeFOS5N7jQZVfcVTO1evbzjtXr6/yK47KvceDkqSUCW/KmnrhoPiGZ7XKmp+vsvWbyL18cGlXc0USt2/S4VnTiz1nzc295ve/beK38q1RR7d9/K16b4xRnWdeueb3vFzXYxyulZvlGU1Iz1GrL7ZpSWSywjtX1Yanm2hWv7oK8nRRx6k7tGB/4mX32SzEWyE+rtegWntjVx1RVGLmv7p2w7FUTd164wXAmZY8vfRbtCy51iLncvOLHrvaPrijmm6r7KO3O1XRiddbafEj9Uu+6G8Df43U8ugz+rRHdf05oIG63FJG9/+0VztOpl/DigEAAAAAAHA9EAADwHWUMXOybeav78tjZfDxk/+Xi+Vcvb6cq9eX/5eLZfDxk+/LYyUVzATOmDn5mtQS9cOXWtS5gWbXD9Cizg1sy9+aE07p55o+SouNPt/2+y+0tFdr289JuyK0vH83zWlUQfNvDdOW4c8rPztbkhS3/Dct7tZI+7+aqNkNg3T24J4iy+tG/fCVltzZTHMbB+uPXm104q8lF6wzz5ylbe+8qoXt62heiypa+VgvpUZHXrD9iZVLteSu5ppdP0B/9Gqj0xtX286d3rRWy+7vqLlNQrS4WyPtmzJe1vyCmXs7x72lzW8+q53j3tKSO5vp19bVtfP94ZIKZk+vfup+Je/bqTmNKij10EH90butDkz7REvuaq51Qx4pcVzyc3K0NfxFzW9VTXMaBumPe9rZ17Zxtf7o3VZzGgZpcbdGOjD1Y1ttuz96R9vfe127J4zUkruaa8ldzbV99Gu2a7OTk7Tu+f9oXosqmtskRKv+e68yjh8pdnxyMzP0c00fxS3/Tcv6dtbCDnX1R++2Soncd0nj9E87xrypzUMHae2gBzW/9S2SpIy4o1r9VB/NaVRBC9rW1Ja3Bisn7fzs1LSYQ1rxSA/Nrh+ghR3q2j0bGSeOac3TfTWvZagWtK2pzW8+q5zUFNtnu7hLQx1Z8LOW9rxNv7aurjUDH7Dr+2LPVm5Guja9/rTmNq2oeS2raOuIF2yfT+Fn1JxwSisfv0dzGwdryV0tlLRzq917LumZvNDv1uWYtClOQWPWFTn+9vIYZefma/MzTfRQw0A1LO+lNqG+mtyrhp5sFqyB8yOLzEZ9Y+lhdZi6w+7Yn4eS5Rm+RinmXLsloOPTLbrz293yG7VWDT7Zok3H7cPAxIwcPfDTXgW8t15lRq/VXd/uVuyZ86sKfL4pTtUnbJJn+BpVn7DJ1m+Xr3dq3dFU9f15nx6ds1+StDLmrJp/HiHvd9ao1sRN+nDtMRWXmS6PPqO7Z+zW9pNp8h21VvtPZ+rZBZF6ZPZ+u3ZBY9bp133FB+CRiVnq8vVOeYavUdiHm+yWvD561qzeP+xR0Jh1qvz+Bj0x76BSzAVfZvjtYLJqTNisH3eeUpPPtqriuA3q9f1upZpzlZ2br6Cx65WTb1XI+xv01ZaTemXJIT0576Du+3GvQsatv6Ixk6QjZ826e8Zu+WgxgGQAACAASURBVI5aq8rvb9DA+ZFK/bu2ZYeS1ezzCM3ec1pNJ0WozsQt6vn9Hp3JLFgCOt8qvbn0sCq/v0FeI9eo6aQIrTh8RpKUlp2rZdHJmnZvTd1d218tKvro3a5VVTfQU8ujzxQ7hgAAAAAAALh5EAADwHVkXrHI9jppYA9ZU8/aQuBz4a819aySBvY4f83KxVe9jpSo/dox7i21/nSG+uyIV6sJX2vPJ+/p7MG9JV9stWr94P+oXOOWumdDtLrM/kunN61W5N8hl9HJSdlnkpVxLEbdl26Tb7VadpcfWzJfez4erWajP9M9m2JV++lXtHbQg0res73Y2+0cN1xJOzar04+/6+6V++RXq55WPNJdeeaiS8lmnTqpdc//R7UHvqLe6w6p6gOPaM0z/ZSdnKSs+BNa9cQ9qtrnUd2z4bBu+/g7RX3/hSK/myJJMphMOrb0V5Vt0FR3Ltmq9tPm6cDXn+rM/l0Kuq2jGrzyjsrWaag+O07K55aaMjo76fCs6Wr69ni1eHdSieMSPWu6EiM26o4F63VfRJxuefAJbXj5v7Lm5sqclKA1z/ZXrSee130RcWoz6SdFff+lYufP/HtMnRX31xL5VK+tO3/bog7TFyrqh6+UuGOLJGn7e6/LcvaM7lyyVT1X7pOTh4ciRhU/Q9hgNEmSor7/Uu2nztPdK/fKs0pV7Z44qmAMSxinIv05OSt+zTIFtmynOxdtkiRteOFReVeppt7rD+n2X9crM/6Etp0LrK1WrR/yiHyr11bP1Qd164dTtfPDcJ1c9YdktWrNwAfkWraceizbpW7z1ijjeKw2vfF0wTgYjco8fVLJe7br9l/Xqfsf25UStV+H535/Sc/WrgkjlX70sO5YuEFd56xS0vbN2vPpe0XeU8Q7L0tWq+5euU8dvp6vmLkzLvmZvKLfrUJaVfLRWx1Cixz/ZV+CBreqKG9XpyLnhnasrITMHK04bL9qQJ96AVp/NEWnC+0NO29fou6sWVa+bvb9DF4YJavVqthXWmrJYw30TYT9rNuXfjuk5Mxc7R3SXLGv3CpPF6OeXxQlSdp7OkOv/X5Ys/rXUerbbfTDA7UVvvyIdp/K0LLHG8rXzUk/962jb/vU1umMHN3zwx693KaizrzVRr/0r6/PN57QjO3xRd5X52plNKZbNTWu4K2U4W1UO9Dj0gdSktUq9ftpr+oFeujoq7fquz61NPSPGP0emSSrVer1/R4FeDgr6sWW2vJsU8WcydKAXw5IkkxG6URatiLi0hQxqJkOvNBCe09l6pttp+TqZNSaJxtLkuJea6Unm1eQs9GopVHJ6lDVTzsHN7+iMZOk/j/vU3V/d514vZW2DWqm46nZeuG3Q5IkZ5NRpzMsWheboi3PNtXBF1soOjlTX/49U/qbiJP6dnu8lj7WUAlDb1P/hoHq+/M+WfLy5e3qpFNvtlbzij62ccq3SinmXAV4ulzW+AIAAAAAAODGQwAMANdRTtTu868jd9mFwIXD35zIXXbtrnodGQWz+lx8y8hgMsm/YTP13nBYfjXrlnyxwaBuv6xW/SFvyeTuIa9KoarQpquSd2//+7RBOalnVXvgy/KoUFFGF/sw4fDcGQrt2VcBTW+V0cVFle7sLf8GTXVs8dyi97JadfiXGar99CvyDKksJw9P1Rv8piwpZ3Sq0OzZc2IX/Cy/6nUU2quvnH18Vf2hp9R0xARZ83IVu+Bn+VStrmp9H5PR1VVlajdQ2L0P6ejCWbbrPYMrqdKd90iS/GrVk0dQsNJioi44DuUat1Tgre3k4lemxHHJSU+TydlFzt4+Mjg5Kez+R9Rz9QEZnJwUO+9Hla3bUJV73C+Dk5N8q9fSLQ8+odh55/eAdg8IVJW7H5Ak+VavJc9KVWy1NR0xQW0m/Sg3/wA5+/iqSvf7dWZ38YH6Obf0HSBn74Lwp0Lbrra+LmWc7IfBIKOzi2o88rTcAoKUtCtCZ/bvVsNXR8nJw1OuZf1V77k3dWThLFlzc5W0K0IpUftV/4Xhci1TVgHNWqnNJ9/JPShYSTsjlBK5Tw1fHSVnbx+5lQtU7YEvK+6vJcpNT5Mk5WebVeeZ1ySDQU6eXgpo1kppsQW1X/TZslp1eM4M1R74sjyDK8mrUqhajJuiwFvb2b0fa26u4pb/ploDBsnF10/u5YNV/aGnCjW4+DN5Rb9bhQR6uqhBeU+7YynmXCVl5qpOQPEBaHkvF5X1cFJ0sv2XI5qFeCvUz12LDhTMjs23Sgv2J6lv/QC7drn5Vi08kKQXW1eUn7uzQnxcNahliF2bz+6url8erKtAT2f5ujmpf4NARcQVfDZp2XmSpLLuzjIZDWpR0Ufxb7RS/SD79yFJ322PV5NgL/VrECQno0F1gjz0dIsK+m5H0QD4Sm2JS9Xe0xl6p0tV+Xs6q02or2b1q6NgH1dtPp6mPacyNLZbmHzcnBTk5aI32lXWogNJSssumGlrzs3X0PZVZDBIXq4mtanio8ik4peyNhgkF5NRg1uFqLyXyxWN2ZbjqdpxMl1jbw+Tp4tJ5Tyd9XbHUP2487RteWlLnlWvtasso0HycDGpfWgZRf69zPZDDYO0a3Bz1Q70kLuzSQMal1dyZq4OJxfdB96Sl69BCyLl42rSA/UCipwHAAAAAADAzaXo9BEAwPVjLWa90+KOXWX+9Zuo0u299NsdTRXQrLUqtO+q0F795Vqm7CVdn7hjsw5O+1iZJwuWKs1OPauglm1t5w1OzvIMqVzstRnHYhTc8Xa7Y56Vqyr9eGyRtlkJp5RnzpJ31Vtsx5w8veTqH6D0YzHF9u1Z0X7WZGjvfgXnjsfKq1A/kuRZqarSj39t+9kjuKLdeaOLi/LMRcMS2/VVwux+vti4hPX5j47/9osWtKuloFYdFdL5TlW6814ZTCalHz2s05vX6ueaPvb9B58fQ/fy9rWZnF1ts6AzTx7X7omjlBK5T/m5ucrLNis/x3LBuiXJvdB7NTqff5+XMk7/5FX5/DhkHD2s/ByLZtcvV6RdZnycMo7FyMWvrC18lqTy7bpKko4umi3XMmXtnkOvSlUla77S444WvG83D7vzRmcX5WUVjMPFnq2CZylTXoWejzK1GxSp0Zx4Wta8XHmEVDlfQ2g12+uSnsnqbbtc0e/WOaNWHFFSVo7aV/U7fx+jQZKUd5F/I/LzJUMxx/vUK6df9yfq8aYVtP5IitIteepew9+uzal0i3Lzrari52Y7dks5d7s2R1Oy9fbyGO2Jz1RuvlXm3Dxl5xXU0zzEW/fVLac6E7eobaiv7qhRVv9pGCR/T+ci9UQnZWlVTIqchq+yO1743lfL4eQs+Xs4y6fQbOfbqxd8Hj/tOiV/T2e7GsPKuCvfKsWeLVge3MPZZHfexcmorJy8C96vWtmrM2bRyVmy5FnlEb6myD2OpxTUZjRIwYX2b3Y1GW2hcmZOnkb8FatVMWeVaTm/LLg5136J8BRzru76dpeCvF206slGcnPm+6EAAAAAAAA3OwJgALiOnKvXt80CLrznrzW1YMnWc8tBJz3V3a7d5TC5uiknM6PIcUtKigwmJxldXGQwGnXrB1+pzjOv6cRfv+noglna/8UEdZ2zQiYX1yLXWgsFTqmHo7Tu+f+oxbufqUrPvjIYjdox5k2lHzsf4BqdS1pC9B8RldVaMHXuMtobLtDequL3qi3opZj7Fj520RqKKjxWJY2Lm3+Aus1fo4SIjTq58nftHB+uQzOnqdOM3ySjUSGdu6vN5zMvcrcL1Ga1avVT96tCh25qNeFrmdzcFbf8N216feBFa7/Q+BXcqYRx+geja6HP22iUs7ev7t16rNi2STs2S9YLf0b/vM+5Z89Wb4mf0cWfLetF7y3lWbLPX3fumrzcS7qPwWCQwWS64O/Whb4U8c9y31t1RIsOJGrZ443sznm6mFTey0W7T2WoZ+2iAXt8ukVnzbmqUa7oDOE+9QL0yVdxyrDkaf7+BN1dq5w8XEx2bbL/DgYL58u5hfZ+tlqlnjP26M6aZfXD/bXl7mzSwv1Jesy2XLJB3/apraHtM7XwYJJm7jyt91cf1YanmxQJdo1Gg3rW9tcvD9YrcUwu1cW+OnPRJ+4fF1r/7uncJ3yZ/yzI1anw8/bvx8xoMMjXzUlJw1oXe58jZ80X+a0sWHr6UHKW/hzQUBW8XZRqzlXZd4vuKz1+7TEZDNKsfnVtXzIAAAAAAADAzY2v+APAdeTW8fzevv/c8/efewIXd82l8KlWS4kR64scj1//l/xq1pPBaFR+To6yzyTLJ6y6aj0xRF3nrpRHULCO/7lQJteCoCY/5/x+oVknjtteJ++KkJt/gEJ795fBWPCfkTN7d1xyfV5VwpT+j2WV02Kj5V05rEhb94Agmdw97ZZhzklNkTkpodj2nhVDlXbooN2xA19/qrTYaHlVDiuynHNa7CF5Vynaz79R0rjkZqQrNytTAc1aqcErI3XHr+uUuH2zzkbulVflMKVE7bfrz5x4+qKzj8/JjI9T5sljqvnYczK5Fcw8PHOB/ZQvxZWOk1flMOWkpSjz5PlnJjczQ9lJBcsPe1asquwzybafpYK9e0+tXyHPymHKPpOk7DPJtnPpsdEyGE2XFJ5e7NlyDwiSyc1DqYWej6RdETo8+zu79u4BQZLBqMwTR8/3cTjS7vzFnsmL/W5diqfmH9TCA0na/GzTYve6faB+gCZtjFOquWgo/f7qowr2drGbNXxOk2BvVfR10Z+HzmjB/mT1q190md/yXi4yGqSjKeefu4MJ55c6Pp5q1tEUs168LUTuzgXhccSJtPPjkGdVUkaOagZ46JU2lbTx6SYK8XHVvH3nP+tzqpV1195T9sson0q3yJxz8YD+HHcnoyx555Pb9Ow8ncksLqiXqpbxUFJGjhLSz/+bNndPgpZHn1G1su5KzMxRUqH9kaOSzDIZpNCrMBv5SsasWll3pZhzdazQ55FhybN7Hxez/miaBjSpoAreLkXuW9hdNf01uVdNwl8AAAAAAAAHQgAMANeRZ/9nZPDylSSlTHjTbs/fwnsCp4x/Q5Jk8PKVZ/9nLusedQa+qLhli7XrwxFK3rtDybu3adf4cMXMmaG6zxX0Gz1ruv56sJtSD0fJmp+v1MNRykqIl1fFUDn7+MrNP1Dx65ZLktKPxer4skW2/j0qhMiclKCUqAPKz87W7o/eUU5GhswJl7Z3Z7UHBih2wc9K3LFF+RaLYufP1Jl9O1WlZ9+ijQ0GVXvgUe3/Yrwy4+OUm56mXRNGyj2gvAJvbV+keWjPvko7eliRM6Yo+0yyomd+rb2fjpGzt49Ce/VT2pFoHZ4zQ/kWi5J2blXML98r9J6HLqluJ1c3ZSWeUnZyUrHBbEnjsnnoIG1+81llJyXKmpenxG2bZHRykkdQiEJ79VNWwint+2KC8sxmZRw/otVP3KcDX39SYl2uZfxldHVTwua1ktWq438sVPz6v5SbmaGctNRLem+FXek4la3XWGXrN9W2d1+X5WyyclJTFDHyZa1/6XFJkn/DpvKtUUc7xg2VOeGUErZu0Jbhg5WfkyP/Bk1VpnYD7ZoQrtyMdGXGx2nv5HGqeHtvOXl6lXjviz5bBoPC7n1Y+ya/r9TDUUo/clgRI15UWuwhuz5M7h4KaN5aB77+TOakBKXFRuvQzGnnG5TwTF7sd0uSImdMUeyvPxdb/874dH27PV7zHqqnEJ+iM/ElaUSnUPm5O6nD1B2avy9RUYlZ2nQsTS8sitIXm09q6j0XDvL61A3UpxvidMacq67VyxQ57+FiUtsqfpqw9rhOZ+QoKjFLX2w5aTtfzsNZbk5GrYpJkdUqzd+XqGXRycqw5CnVnKupW0+o/bQdOpiQqXyrdDAxUyfTLAorUxCkujsZFZWcpbNZOXq4UZDi0y0at/qozDn5ij1jVo/vdmv8uuJnjrs7GRSfblFiRo7MOfmqUc5Dm46n2oLwMauPXnDp4hYVvVUvyFOv/n5I8ekWrY1N0VO/RionL1/NK/qoUQUvDVsWo/TsPB1Pyda7K2N1X91Aebmaiu3Pvq6Cex5IzLTtGVzYlYxZ0xBvNQ/x1ou/RSs5M0cp5lwNXhSlh2bvL3Kf4lTyc9Ga2LPKt0r7TmVqwrrjcjYadDLNfnn4o2fNSsi4+JLxAAAAAAAAuLkQAAPAdWTw8ZPvy2MlSVkLf1B8x8rKidxlO58TuUvxHSsra9GPkiS/8Mky+BSdzXcxgbe2V/upc5W4fZNWPHyXVjzSQ4kRG9R28s8K6XyXJOmWfo8rpHN3rXzsbs1pGKTVT96n6o88o5Au3SVJTcM/UtR3U7S4ayNFvPOyqj/ytKy5BeFGYMu2qnb/o1rev6sWdW0oJ09vNX/vM6UdjdHa50oOCUO6dFftp17S+uf/o19aVFHUjC/Uftov8q1Rp9j29V8YLt+adfX73a20sHM9ZZw8po7fLZLRpegy0+7lg9X64+8UPXOaFrSrqUM/TVPbyTPl5h8gt4Agtfn0e0VOn6S5zSpq02tPqc6zr+uWfo9f0riWb99VJhdXLe7WSEm7txUd9xLGpenb42WVVb/d1VRzmwRrz8fvqvUnM+TqX05u/gFqO3mmji+Zp1+aV9Kyvl0UdFsH1XnqpRLrMrm5q9mICdr98Wj90qKK4pYvVtvJs+QTVkO/3dFU+ZbLC3audJwkqdVH3yjfkq0FHepqYad6ys1MV6vxUwtOGgy6beK3yjx5XAs71dPGl/+rekOGqUL7bgXXTpyujGNHNP+2alrWt4vK1G6oFu9+ekn3LenZavDyCPnVqqc/+3TQnw90VNn6jVVv8NAi/bQcN0X5ebla1Km+1j7bX7X+O0SSlJ9bMPPyYs9kSb9bJ1f+oYTNRfd0laQjZ8zycnGyzdiUpKycPN32xTbtik+XJPm6OWnDwCbqeksZvb70sBp9tlX3/LBbcWkWrX6ykbpVv/Bew/fXD9Cq2LO6p46/XEzF/y/gN/fVVG6+VbeM36T7ftyjl1tXkiTl5OXL3dmkz+6urhHLYxXw3jotOJCo+Q/VV61yHqrz8RY91qS8etbyV7fpu+Q9co16fLdbg1uF2JarfrJ5BQ1fFqPH5x1UoKez5j1UV3P2JMj/3XVq8+V2da5WRq+3K36m9x01ysrVZFTNiZu1JS5NDzcKUuNgL9X9eIsafbpVYWXcFOrnptz8ogtBGwzSzL51dCw1W9U+3KT/zNmvkZ2r6I6/90Ce2be2YpLNqjBuvdp8uV2NKnjry941LjiOhVUv56Eu1cqo07SddmH5OVc6Zj/2ra3s3HxVHb9JYeM3KS07TzPur3VJtY3tFqZtJ9JVdvRaPbcoUhPvukUPNgzUw7P3a92RFFu7L7ac0Py9SZfUJwAAAAAAAG4OBmvhjR0BAEWcrHnxZTEDt13+LMusBT8oZfwbsqanFHve4OUrv/DJl738M4Cb17EUs2p9tEVvd6qiwbeGKDMnX2/8cVh/RZ/VwRdbyNnEEr0AAAAAAOTtjZBLiw6lXQYA3NAIgAGgBNciAJYka+pZZcycLPOKRcqJ2i1Jcq5eX24dexQsFX2ZM38B3Pzm7E7QkMVROvX3nrT1gzz1zX211KhCyUtgAwAAAADw/4AAGABKRgAMACW4VgEwABTHapWOp5rlYjIqyKvoUucAAAAAAPw/IwAGgJKxBzAAAMANwGn4KkmS89urVMnXTSHjNtgd52/+vp5/AwAAAAAA4ObFDGAAKAEzgAEAAAAAAIAbAzOAAaBkzAAGAAAAAAAAAAAAAAdBAAwAAAAAAAAAAAAADoIAGAAAAAAAAAAAAAAcBAEwAAAAAAAAAAAAADgIAmAAAAAAAAAAAAAAcBAEwAAAAAAAAAAAAADgIAiAAQAAAAAAAAAAAMBBEAADAAAAAAAAAAAAgIMgAAYAAAAAAAAAAAAAB0EADAAAAAAAAAAAAAAOggAYAAAAAAAAAAAAABwEATAAAAAAAAAAAAAAOAgCYAAAAAAAAAAAAABwEATAAAAAAAAAAAAAAOAgCIABAAAAAAAAAAAAwEEQAANACUxVa170fO7OTVJe7nWqBgAAAAAAAPg/lZkuubmXdhUAcMMzWK1Wa2kXAQA3MvNvs5T6ydvKizlY7HmXlh3kcd8AmSpUvs6VAQAAAAAAAP9H3NxlCqkqk39gaVcCADc0AmAAAAAAAAAAAAAAcBAsAQ0AAAAAAAAAAAAADoIAGAAAAAAAAAAAAAAcBAEwAAAAAAAAAAAAADgIAmAAAAAAAAAAAAAAcBAEwAAAAAAAAAAAAADgIAiAAQAAAAAAAAAAAMBBEAADAAAAAAAAAAAAgIMgAAYAAAAAAAAAAAAAB0EADAAAAAAAAAAAAAAOggAYAAAAAAAAAAAAABwEATAAAAAAAAAAAAAAOAgCYAAAAAAAAAAAAABwEATAAAAAAAAAAAAAAOAgCIABAAAAAAAAAAAAwEEQAAMAAAAAAAAAAACAgyAABgAAAAAAAAAAAAAHQQAMAAAAAAAAAAAAAA6CABgAAAAAAAAAAAAAHAQBMAAAAAAAAAAAAAA4CAJgAAAAAAAAAAAAAHAQBMAAAAAAAAAAAAAA4CAIgAEAAAAAAAAAAADAQRAAAwAAAAAAAAAAAICDIAAGAAAAAAAAAAAAAAdBAAwAAAAAAAAAAAAADoIAGAAAAAAAAAAAAAAcBAEwAAAAAAAAAAAAADgIAmAAAAAAAAAAAAAAcBAEwAAAAAAAAAAAAADgIAiAAQAAAAAAAAAAAMBBEAADAAAAAAAAAAAAgIMgAAYAAAAAAAAAAAAAB0EADAAAAAAAAAAAAAAOggAYAAAAAAAAAAAAABwEATAAAAAAAAAAAAAAOAgCYAAAAAAAAAAAAABwEATAAAAAAAAAAAAAAOAgCIAB4BI0m7BGU9YfKbHd9M3H1OaTdSW2Cx21XMsiE69GaQAAAAAAAAAAADZOpV0AADiSvo2D1bNe+RLbbXmxrXzd+ScYAAAAAAAAAABcXaQPAHCZ/vvTTpX1cNaRM1mKSzErKcOiLx5ooPbV/PXz9hOauvGo1j7fWpI0ed0RTVgVrTRzrppX9tPX/RopwMtFzT9ao6l9G6pLjXJaFZ2kVxbsU0pWrkxGg56+rYqGtKtayu8SAAAAAAAAAADcjFgCGgAuk7PJoFk7TmrSffW17vnWGtCikoYvOVik3aroJI36I1Irnr1NJ0Z2U5C3qwbN3W3XJjkzR72mbdHoO2spcmhH/fn0rXr3zyiWhwYAAAAAAAAAAP8KATAA/Au31wpQgJeLJKlxRV8dSc4q0mb2jpPqWS9IFf3cZDRIn95bT1P7NrRrszwyUYFerrq9VoAkqaKfm3rUDdKifaeu/ZsAAAAAAAAAAAAOhwAYAP4FH7fzK+gbDQblWa1F2sSnmeXv6WL72d3ZZHedJJ1Kz7YFyeeU83TRqbTsq1wxAAAAAAAAAAD4f0AADADXSJC3q12Qm56dp8iEDLs25f/RRpIS0rNVwcf1utQIAAAAAAAAAAAcCwEwAFwj99SvoPm74xWdmKl8q/Tm4v16Y9F+uzadq5dTUoZFvx9IkCQdOZOlRftO6576FUqjZAAAAAAAAAAAcJNzKrkJAODf6FKjnN7uVkPdpmxUhiVXTSr6alq/RnZtyng469f/ttDLC/ZqyLw9cjIa9F73WmobVraUqgYAAAAAAAAAADczg9VazMaVAAAAAAAAAAAAAICbDktAAwAAAAAAAAAAAICDIAAGAAAAAAAAAAAAAAdBAAwAJTC8tEiGlxbZXl/PvwEAAAAAAAAAAC4HewADAAAAAAAAAAAAgINgBjAAAAAAAAAAAAAAOAgCYAAAAAAAAAAAAABwEATAAAAAAAAAAAAAAOAgCIABAAAAAAAAAAAAwEEQAAMAAAAAAAAAAACAgyAABgAAAAAAAAAAAAAHQQAMAAAAAAAAAAAAAA6CABgAAAAAAAAAAAAAHAQBMAAAAAAAAAAAAAA4CAJgAAAAAAAAAAAAAHAQBMAAAAAAAAAAAAAA4CAIgAEAAAAAAAAAAADAQRAAAwAAAAAAAAAAAICDIAAGAAAAAAAAAAAAAAdBAAwAAAAAAAAAAAAADoIAGAAAAAAAAAAAAAAcBAEwAAAAAAAAAAAAADgIAmAAAAAAAAAAAAAAcBAEwAAAAAAAAAAAAADgIAiAAQAAAAAAAAAAAMBBOJV2AQBwo7NYLKVdAgDYuLi4lHYJAAAAAAAAAG5gBMAAcAny8rJLuwQAkMnkWtolAAAAAAAAALjBsQQ0AAAAAAAAAAAAADgIAmAAAAAAAAAAAAAAcBAEwAAAAAAAAAAAAADgIAiAAQAAAAAAAAAAAMBBEAADAAAAAAAAAAAAgIMgAAYAAAAAAAAAAAAAB0EADAAAAAAAAAAAAAAOggAYAAAAAAAAAAAAABwEATAAAAAAAAAAAAAAOAgCYAAAAAAAAAAAAABwEATAAAAAAAAAAAAAAOAgCIABAAAAAAAAAAAAwEEQAAMAAAAAAAAAAACAgyAABgAAAAAAAAAAAAAHQQAMAAAAAAAAAAAAAA6CABgAAAAAAAAAAAAAHAQBMAAAAAAAAAAAAAA4CAJgAAAAAAAAAAAAAHAQTqVdAAD8P9qzZ6/mzftVq1evUevWt8nV1VVms1mnTp1S+/bt1K/fAzIYDKVdJgAAAAAAAAAAuMkQAANAKWjQoIEyMrK0evUavfDCCwoMDJQk7dmzR4MGPacKFcqrQ4f2pVwlAAAAAAAAAAC42bAENACUgvz8POXn50mScnKyZbFkyWLJUtWqVSRJiYlJpVkeAABF9OnTRwaDQQaDQZ988klplwMAAAAAAIALIAAGgBvIokWLVa5cOXXu3FmStHr1GnXv3ksbNmySJC1f/pfuu+8BLVv2lyRp585dGj48XB9//JleffUN7d69R5KUlpamCRMm6oMPxuuTTybppZde1cGDxi6QZwAAIABJREFUByVJU6Z8qbFj39fHH3+mwYNfUFxcnM6eTdG7747Vo48+rl9/XaCnnnpGy5f/VQojAOBGNWPGDFWrVk1OTk62ENBgMCgwMFD9+vW7Kvd48cUX5e3trTFjxlyV/n7++Wf5+fmpd+/eysvLuyp9OorLHetPP/1Uc+fOVUBAgBYvXqznn3/+GlcIAAAAAACAf8tgtVqtpV0EANzILBaL8vKyr3q/GzZs0ttvh6tdu7ZydXXR0aPHdPp0gh5//HHdfntnGQwGmUxO6t37Pr322itq2bK5TCYnPfbYf/XQQw+qU6f2euaZ5zRo0CA1btxYp06dUlJSoqpXr6aRI0crICBAL7wwRFartHHjJhmNVjVu3Ejz5y/UAw/cL6tVeuONN1S5ciU9+eQTWr9+oz78cLw+++wTubq66dChKLVs2fyqv28A/57J5CoXF5dSreHgwYOqVauWJCk8PFwjRoy4Kv1arVa5uroqJydHFStW1LFjx664z65du2rZsmWSpEOHDqlatWpX3KcjuNyx3rp1q1q3bq127drpu+++U4UKFa5TpQAAAAAAAPg32AMYAErZ4MGDFRgYIIPBqMTERL355lCtXbtao0aNVF5erl3bf/7s6+unmTNnysvLQ1WrhqpcuTLKysrS2rXr9MknH8tiMUuSmjRpZFtyuk+f+2zH/fzKKCsrW5JV+fl5cnV1VUhIsCSrAgNbFbkfAJhMpmJfXymDwaChQ4dq2rRpeuONN65Kn0OGDFFUVJQ6dOigsLCwq9KnI7jcsR4wYIDeeecdvfbaazIYDNehQgAAAAAAAFwJAmAAKGUFewAXBLI+Pp7q37+/wsPDFRMTq7Cwqhe99rXXXtWUKV9o0KDnFRoaqjfeeFUmU8Hq/p6e7rZ2BoNVJpNRVqtVv/wyV0ePHpO3t7cOHYpS7dp17Pq0WvMlFQ2bAeBaCw8PV3h4+FXrr0ePHurRo8dV68+RXM5Y7969+xpXAwAAAAAAgKuJPYAB4AZitVpltRbM1HVyKvk7Ov7+fgoPH6FFixYpMDBQU6d+LX9/f0lSYmJSkfarVq3WvHm/asiQIXriiSdUvXr1q/sGAAAAAAAAAABAqSIABoAbSG5urn7//Q/VqFFDlSpVkiR5e3vr2LHjkgoC4vz8fFv76dO/k8WSJYMhT82bN5fBYJSrq6vatGmjOXPmKjvbfu/itLQMOTu7KDfXopyc7CLnAeBKDBs2TEajUQaDQQaDQatWrdKwYcN06623qmzZsnJ3d1fDhg01Z84cu+u2b9+uVq1aydPTUwaDQc2aNbvgPZYsWaJ77rlHwcHBcnFxkaenp0JCQtS2bVuNGTNGkpSdna2uXbsqICDAVkt6enqRvsaNG6eOHTuqUqVK8vT0lIuLi8LCwvTSSy8pLS3N1i4mJkZ169a1vbenn35akrRmzRo9+uijqlChgubOnVvi+FgsFn322Wdq0qSJfH195enpqSpVqqhr165aunRpkfaZmZl677331KhRI3l5ecnd3V116tTRsGHDlJqaWqT9nj171LdvX4WGhsrV1VX+/v5q1KiRBgwYcNljnZeXp+nTp6tLly4KCAiQi4uLypUrp86dO+ubb75RXl6eXfu2bdvaxrpq1apav369Bg4cqPr168vLy0t+fn7q1KmTdu7cWeI4AQAAAAAA4MoQAANAKdixY6eWLv1DkvT555M1duz7Gj16jF5/fagCAgI0btxYndtm8eGHH9aPP87UCy+8rM8/n6K8vDytXLlKiYlJOnr0mEaPHqNJkyZr48YNeuqpJyVJr776isqW9ddzzw3Ra6+9qQ8+GK/9+w+oXbs2MplMevrpQZowYaIMBqP27Nmt7du3a9OmzcrMzNSiRYuVm8vyzwAu37vvvqtDhw7Zfu7Tp482btyoGjVqqGfPngoICNCuXbt0//33a9OmTbZ2jRs31oYNGzR8+PAL9m21WvXkk0/qrrvu0rFjx/TNN98oJiZGW7Zs0fvvv68zZ87YQlRXV1f9+eefWrhw4UXrnTdvnsqWLauffvpJR44cUWRkpOrUqaOPPvpI//3vf23tqlatqr1792rw4MGSpF27dqlTp066/fbbtXnzZsXHx8tqtZY4Pvfff78GDx6sHj16KCIiQjt37tS4ceO0f//+Isssp6amqm3btho2bJh69OihHTt2aPPmzWrVqpXee+89tWnTRhkZGbb2GzduVLNmzbR792598803io6O1tKlS9WkSRPNnj37ssY6Oztb3bt314ABAxQUFKQlS5YoNjZWv/zyi4xGox5//HH16NFDFovFds2aNWs0bdo0SVJsbKweeughxcXFqWXLlurevbtyc3O1YsUKde3a1S5cBwAAAAAAwNXHHsAAUAqaNGmiFi1ulcnk9Pdeu1ZJBTOnrNZ8WSzZfx+Tbr+9q+6++27l5+cpPz9PJpOz8vPzZLGYNWrUKEkF+/YaDEbl5GTLas2Xh4ebhg59Q0aj6e9lpfOVm5uj/Px8ffPN15Kk/Pw8SQYZjUZZLFlq2bKV3npruHJyzMrNzSmVcQFw8ytbtqzt9ZIlS+xmmKalpalBgwaKjY3V119/rZYtW15yvx999JGmTp2qKlWq6K+//pKPj48kKSQkRHXq1FFOTo6mT59+WbV6eHjogw8+UFhYmCSpXLlyGj16tBYvXqzZs2crLS1N3t7etvaGv7+Zc+bMGU2aNEnt27eXyWRS9+7dS7zXjh07tGDBAjVv3lzvvPOO7fgtt9yi+Pj4Il+8efPNN7Vt2zY9+OCDGj16tO34tGnTbOHxxx9/rKFDh0qSxo4dq+zsbH344Yfq2LGjJKlixYqaMmWKVq5ceVnjMnLkSC1dulSdOnXS999/b3vfwcHBWrx4sZo3b67ff/9d4eHheu+992zXnfvsPT09FRMTU+T9N2vWTAkJCVq0aJH69+9/WTUBAAAAAADg0jEDGABKQUGAm6WsrDRZLFmyWMyyWLKUnZ0pi8Wsc+GvJOXl5SgrK03Z2ZnKycmW2ZwuiyVLkvXva7OUk5MtiyVLVuu55aGtsljMMpszbH0WBL5Wmc0ZMpszbPc0mzOUn58vi8WsrKw0wl8A14y3t7d69eolSUUCwouxWCwaO3asJGnIkCG28Lewbt26KSQk5LLq+euvv2zh7zmF+4iOji72umrVqqlTp04ymUySpAkTJqhx48YXvdfhw4clqdiZws8++6yeeuop28+ZmZn69ttvJclu+eZzunbtKklasGBBif27uLjYzbYuSVZWliZNmiRJeuKJJ2zhb+H+Bg0aJEmaNGmSsrKyLqnfRo0aqV69epIu77MHAAAAAADA5SMABgAAwHXj5+cnqSDkvFQRERFKSEiQJHXo0KHYNsHBwfrhhx+uuL7CgeelLodfs2ZNVatW7aJtqlSpIknaunWrhg8fbvf+XVxc7ELtbdu22ZZ3rlq1apG+goODJdkHqef6f+mll7R161a79gEBAZf0PiRpy5Yttv2FLxRqt2rVSlLBMtX/vNfF/JvPHgAAAAAAAJePABgAAAA3tIMHD9penws6r4bFixerT58+CgsLk7+/v/z8/EoMcv+tpk2b6o477pAkjR49WhUqVNCAAQO0bNmyIrN2jxw5YnvdpEkT+fn52f0ZNmyYJPsg9bXXXpOLi4siIyPVvHlzNWvWTOPHj1d8fPxl1Vl41nP58uWLbXMps6QBAAAAAABQegiAAQAAcENLT0+3vXZzc7sqfY4dO1Y9evRQbGys5s6dq9OnT+vs2bPXNNCcN2+e3nnnHQUHBys1NVXTp09X165d1axZM0VGRtraFV5WedWqVdqxY4fdn3379ikmJkZ79+61tWvbtq3WrFmjO+64QyaTSREREXrllVdUpUoVjRkz5pJrPDfzWCqYmVycwp9B4fYAAAAAAAC4MRAAAwAA4Ibm7e1te52WlnbF/aWlpWnUqFGSpIkTJ6px48a2/XyvJTc3Nw0fPlzHjh3TqlWrNHDgQLm6umrbtm3q0aOHzGazJMnDw8N2jZ+fn0JDQ4v9U7lyZbv+W7RooSVLliguLk5TpkxR/fr1ZbFYNHToUE2bNu2SavTy8rK9zs7OLrZN4YC6cHsAAAAAAADcGAiAAQAAcEO75ZZbbK8PHDhwxf3t37/ftnxyw4YNr7i/y2U0GtWuXTtNmTJFK1askJOTk6KiorRx40ZJsgt2C+/ze6mCgoI0cOBAbdu2Tb169ZIkzZgx45KuLTzWJ0+eLLbN8ePHi20PAAAAAACAGwMBMAAAAG5ozZo1U5kyZSRJs2fPvqp9/3P/3Wtlw4YNWrx4cZHjrVq1UvPmzSVJcXFxkqTGjRvbllku7privPXWW0Xei5OTk5599lm7vkvSrFkz+fr6SpK2bdtWbJsNGzZIknx9fdW0adNL6hcAAAAAAADXDwEwAAAAbmiurq568cUXJUlffPGFFi1adEX9hYaG2l4vW7bM7typU6euqO8LiYuL07hx44oct1qtio+PlyTVrl1bkuTp6an+/ftLkj7//HNb4Hox8+fP14oVK4ocP3HihF3fJXFzc9Nzzz0nSfrqq6+KhMoWi0Wff/65JGnQoEFXbU9mAAAAAAAAXD1OpV0AAPw/io09XnIjADe90NCKpV3CVZeTk1Ps62tt6NCh2rNnj2bNmqW7775bnTt3VocOHVSuXDllZWUpMTFR27dv16xZs0rclzYwMFA9evTQokWL9Oijj2rlypXy9vbWjh07dOLECbm5uclsNis9Pf2qvoc1a9aoX79+eu6551StWjUlJSVp4sSJiomJ0b333qsmTZrY2n7wwQfatGmT9u3bpw4dOqhPnz5q2rSpPDw8lJCQoOjoaN15553q27ev7ZqHH35YI0eOVLt27eTl5aXNmzdr2LBhcnd311tvvXXJdQ4fPlxbtmzRH3/8oYceekivv/66goODFRUVpfDwcO3evVt33HGHRowYcVXHBwAAAAAAAFeHwXq91r0DgJuUxWJRXl52aZcBADKZXOXi4lIq954xY4ZGjBihI0eOKD8/33a8XLly6ty5s3766SdNnjxZEydOVGRkpCSpYsWKatOmjWbOnKnY2Fg9/vjjioiIUGpqqpydndWkSRN9+umnWrt2rWbMmKGDBw8qMzNTRqNRYWFhqlWrlhYuXGi7l9Vq1fz58zV9+nRt2bJFiYmJMplMqlixolq2bKnHHntMXbp00bJlyxQeHq79+/crOTlZ/2PvzsNjvvr/j78myySZCImE1C4osa+x3FKlRVpb6a2VUq0W7U17Karowq2L0uUuWlt746ZVim5UVS2lSlGhLUXEErGESMREksk2y+8P38xPmh0R4vm4Lpdkzvmc8/6cz5lJ9Z1zjiRVrVpVwcHBmj17tho2bKiLFy9q1KhR2rRpk5KTk3X33XcrPDxcL7zwgjp06KD9+/fLYDCoX79+mjFjhp588klFREQoJSVFRqNRwcHBCgkJ0YIFC4o0fsePH9c777yjvXv3KjY2VgkJCfLy8lJwcLAGDhyo5557Tu7u7jmuSU5O1uzZs/X1118rKipKFotFfn5+atGihfr27ashQ4bIZDJJkubPn681a9YoKipKcXFxysjIUGBgoDp16qQJEyaoWbNmkqQZM2YUaaytVquWLFmizz77TPv371dycrJ8fX3VvHlzDR48WI8//rhcXV2d9Z999lmtWbPGuZq5UaNGevLJJzV+/Hh9//33ev311/XHH38oKytL5cuXV7t27fT1118XmqwHAAAAAABA8ZEABoBCkAAGcKsozQQwAAAAAAAAgNsDZwADAAAAAAAAAAAAQBlBAhgAAAAAAAAAAAAAyggSwAAAAAAAAAAAAABQRpAABgAAAAAAAAAAAIAyggQwAAAAAAAAAAAAAJQRJIABAAAAAAAAAAAAoIwgAQwAAAAAAAAAAAAAZYRbaQcAAHeiQ4eiSjsElJBGjeoX+xqbza6sLKsyM62y222y2x1Fus7FxSAXF1cZjW5yd3eTqyu/1wUAAAAAAAAAdzoSwABQSlq3bl3aIeAG27t3b7HqW602WSwZstlscnNzk7u7uwwGo1xcipbItdvtcjgcysqyKi0tQ66urjKZPOTm5not4QMAAAAAAAAAygASwAAAlIKUlDRlZVnl4eEhT0/Pa2ojO1Hs6uoqDw8PWa1WJSdb5O7upnLlvG5kuAAAAAAAAACA2wR7RQIAcBM5HFJSUopsNru8vb3l5nbjfhfLzc1N3t7estnsunzZIoejaFtJAwAAAAAAAADKDhLAAADcRKdPn5XVapOXV8mt0PXy8pLD4dDZs3El1gcAAAAAAAAA4NbEFtAAANwkcXEJcnc3ysfHJ986FotF3377rfbt26eEhASZTCa1atVK3bt3V82aNYvcl5eXl1JSUhQXl6DAwIAbET4AAAAAAAAA4DZAAhgAgJsgPT1DFkuaqlSpkm+dU6dOafr06fLy8lJoaKhq1aqlmJgYRUZGavLkyRo2bJhCQ0OL3Ke/v7/OnTun9PQMeXp63IjbAAAAAAAAAADc4kgAAwBwEyQkXJKvr69cXPI+fSEhIUHTp09Xy5YtNWjQIJlMJklSq1atJEkbNmzQggULFBAQoODg4CL16eLiIl9fXyUkXFL16nfdmBsBAAAAAAAAANzSOAMYAIASlpmZpaysLHl7e+db58cff5SXl1eO5O/VunfvrpYtW2rZsmXF6tvb21tZWVnKzMwqdtwAAAAAAAAAgNsPCWAAAEpYcnJKnkndq/3+++8KDQ0tsF5YWJhOnTqlhISEYvVvMplksaQV6xoAAAAAAAAAwO2JBDAAACUsLS2j0ARwQkKCatWqVWCdmjVrOusWh8lkUkqKpVjXAAAAAAAAAABuT5wBDABACbNas+TmVvCPXC8vL8XExDjP/M3LqVOnJEkBAQHF6t/FxUV2u61Y1wBFde7cOcXHxyspKUkZGRmlHU6Z4+HhoQoVKqhSpUqqUqVKka87d+6cLly4oMTERNlsvP/vNO7u7qpQoYICAwOvad4kJSUpMzOzBCMEis9oNKpChQqqXLlyseY1AAAAANyJSAADAFDCrFabXF1dC6zTqlUrHTlypMA6hw8flr+/f7ETwO7u7pwBjBsuPT1dhw4dksFgUL169eTl5VXoLzqg+KxWq9LS0nTs2DGdO3dOdevWVYUKFfKtn56eroMHD8pms6latWoKDAyU0Wi8iRHjVmCz2ZSZmamzZ88qNjZW9erVK9a8qVq1aqE/t4CbLXtenzlzpkjzGgAAAADuZGwBDQDALSAsLEyRkZHasGFDnuWnTp3S6tWrC1whDNxMf/31lypWrKiWLVvKx8eH5G8JcXNzk4+Pj1q2bClJOnr0aIH1Dxw4IJPJ5EzKk/y9M7m6usrLy0t16tSRzWZTVFRUgfX/Pm9I/uJWlD2v69atW6R5DQAAAAB3MhLAAACUMDc310K3YK1Zs6aGDRumZcuW6cMPP9SRI0dksVh05MgRrV69WpMnT5Ykbdy4Udu3by9W/1lZWTIa3a85fuDvYmNjZTAYVLt27dIO5Y7SqlUrubi4KDY2Ns/y2NhY2e12BQYG3uTIcCurV6+e7HY78wZlSmHzGgAAAADudCzVAACghLm5uctqtRa6oio0NFQBAQH6/PPPNW3aNOfr/v7+6tatmzZu3ChJWrBggbN+Udjtdrm4sJoLN05cXBzJ31JSq1YtnTp1SlWrVs1Vdv78eZJ4yFNgYKDOnz/PvEGZUtC8BgAAAIA7HQlgAABKmJeXhywWizw8PAqtGxwcrDfffFMJCQlKSEhQQECA88zfWrVqOZO/xUkCWywWlStnuo47AHJKTk6Wj49PaYdxR/Lx8VFycnKeZcnJyapevfpNjgi3A5PJpJiYmDzLmDe4XRU0rwEAAADgTscW0AAAlDAfn3KyWCzFuiYgIEDBwcHO5K90Jdk7bNgw5/cLFiwo0nbQFotFJpNXsfoHCpKZmcnZsqXEaDQqMzMzz7KsrCzOYkae3NzclJWVlWcZ8wa3q4LmNQAAAADc6UgAAwBQwoxGd7m7uys1NfW62/p7EriwlS+pqalyd3fnDGAAAAAAAAAAuEOQAAYA4CYICPCT2WyWw+G47rayk8DdunXToEGD8q3ncDhkNpsVEOB33X0C12rt2rW66667ilS3du3a2rRpU4F1Fi9eXOTzr2+mkydPymAwyGq15nj9f//7n7p27apTp06VUmQFi4+P14svvqgmTZqoSpUqatKkicaOHauLFy+Wdmh3vEWLFpV2CLnMnz9fAQEBqlq1qvNPcHCwnnnmGcXFxRWpjRYtWujnn3++IfWWL1+uHj16FNrW1fWKek1ZdOHCBa1du/am9mm329WnTx/Vrl1btWvXVps2bRQREXFTYwAAAACAOxEJYAAAbgJPTw+ZTF5KSEi4Ie2FhoYWmPyVpISEBJlMXvL0LPzsYeBWsGfPHnXq1KnAOgMGDNCaNWuK1a7NZruesIqkRo0aOnfuXI6tdJOSkmQ0GrVx40bVrFmzxGMorsuXL6tHjx46e/as1q1bp+TkZG3ZskVJSUnq2bOn0tPTc9S/keN4M57J7ezcuXOaOXNmaYeRi5ubm9q2bav09HTnnz///FPp6ekaO3Zskdooyvu8qPWK+nng5uYmV1fXYl1TVLfTXN62bZvWrVuXZ1lJ3YeLi4u2bt2qpKQkJSUl6dixY2rfvn2J9AUAAAAA+P9IAAMAcJMEBgbIZrPq/PnzJd7XhQsX5HA4FBgYUHhl4CY5ffq0vLy8tHjxYnXt2lWNGjXS448/7lwZHxISom3btkmSzpw5o169eqlq1aqqW7eulixZIklasWKF+vTpI0lKT0/XkCFDVLt2bdWoUUM9e/bUhQsXJF1ZedujRw89/PDDCgkJyRXLhQsX1KNHD9WrV0916tRRr169nCsYY2Nj9fDDD6tBgwZq1KiRXnnlFefK3p07dyokJET169dXnTp1NHr0aFmtVp0+fVpVqlRx1vv555/VtWtXvf7662rUqJFmzZrl7Ltu3bqaPXu2wsLC1KZNG3Xs2FGxsbElMeQF+uSTTyRJ33zzjYKCgpSSkqLAwEB99tlnGj16tDIzM7Vs2TINGDBATzzxhLp27SpJioiIUFhYmNq1a6dOnTrpq6++crYZHR2tvn37qkWLFmratKkmTpzofL4jR47U5MmTFRoaqpdffjlXPKNGjdK///1vPf3003rwwQfVvn177dixQ9KV55n93KUryXV/f3/nSuX8YnrzzTf1xBNP5OhnyJAhmjp1qiTpo48+UuvWrdW8eXPdd9992rt3b55jlZ6ergkTJqh58+Zq3LixXnvtNdntdkVFRcnf3z9H3XvvvdeZYDx37pyeeOIJtWvXTh06dNCbb77pnCP53a/FYlFYWJji4uLUvn17xcTEFDiuN5vD4VBiYqLzj6enpwYNGqS//vrLWaegOZL9Pj979qyqVaum5cuXq1+/furQoYP+9a9/5fl5EBsbq8cee0yNGzdW69at9cUXX0jK/Xnw3HPPOccoPDxc8fHxueK/+pqnnnpKTZo0UZMmTdSwYUP5+/tr3759kqTNmzerU6dOatGihdq0aaNly5Y522jevLk++ugjNW7cWKtXr87Vx9KlS9W+fXuFhISoffv2+uyzzyQVPo+vlt+ck6QdO3aoa9euatu2rdq3b6+PP/7YeV3r1q21YMEC9e/fX/fff78efPBBnTt3Ttu3b9fLL7+sH374QT179szzPgoaw/j4eA0YMEBt2rRRq1at9Nhjjzk/bwua5+PGjdMLL7yg/v37q0OHDgoODtZPP/3kjLeo70EAAAAAQPGQAAYA4CaqVq2Kzp2L1aFDh0pktY3NZtOhQ4cUFxenKlUq3fD2gevh7u6u9PR0xcXFadOmTdq9e7c2bNigLVu25Ko7ePBgtWrVSmfPntX333+vkSNH5kgwSdKMGTN09OhRRUVFKTo6Wlar1ZnY8/T01C+//KKhQ4c6EzpXmzlzpgICAnTs2DEdP35cHTt21I8//ujsu0aNGoqMjNSePXu0ZcsW/fe//5UkvfjiixoxYoSioqJ06NAhmc3mXHElJibqoYce0ltvvaWoqCht3LhRU6dOdW5v7e7urg0bNuj7779XRESEypcvr/nz51//ABfTL7/8okceeUQZGRnOzyO73a7MzEw9+eSTqlChgsqVK6ddu3Zp+PDh2rdvn5KSkhQeHq7x48fryJEj+uabbzR+/HhFRkZKksaPH6+QkBCdPHlSv//+u1avXu1ccViuXDmtWbNG33//vWbPnp0rHi8vL61evVpz5szRjh079PTTT2v69OmScq7glCSDweD8u6CYBg8erM2bNyslJUWSlJKSok2bNumJJ57Qnj179MEHH2j79u2KiYlR3759813FOmvWLEVHR+vIkSM6cuSItm/frv/9739yccn9zylXV1fnSvCRI0eqdu3azrn066+/6tNPPy3wfk0mkxYtWqTAwEBFRkYqKCiowHEtbefOndPChQt1zz33SFKhc8TFxUWurq4yGo1KT09XYmKi8/Ng69at+uWXX3LUk6QRI0YoJCTE+Xnw0ksv6fDhwznmxbx58xQTE+P8PJCufEb83dXXrFq1SmfOnNGZM2c0YMAA3XvvvWrTpo0yMjI0bNgwTZs2TSdPntSiRYs0ZswY5y4eJpNJO3bs0PHjxxUeHp6jfYvForFjx2rdunU6evSoNm7cqB9//FHp6ekFzuO/y2/OXbp0SYMHD9bUqVOdny8zZsxwbpft4eGhn3/+2fn54ufnpyVLlqhz584aMWKEevfu7Rzjv99HQWP48ccfKzAw0PmZec899zg/uwua5x4eHlq9erVmzZql7du3a+TIkZo2bZokFes9CAAAAAAoHhLAAADcRK6uLmrXro2MRnft27fPuXrmRrhw4YL27dsno9FdrVs3z/E/mYH8BmlqAAAgAElEQVRbyeDBgyVJPj4+qlevnmJiYnKUJyQkaOvWrRo5cqQMBoOCg4MVExOj4ODgHPXGjRunH3/8UUajUW5ubrr//vt19OhRSVcSKr6+vs6Vbn9Xo0YN7d69W99//70sFotefvllPfHEE7p48aJ++uknjR8/XgaDQd7e3ho+fLhWrFjhvO7rr7/Wrl275O7ursWLF6tFixY52t68ebMqV66ssLAwSVL16tXVq1evHGdvhoeHO5OELVu2zDUGN0NSUpIqV66cZ1lGRoZzJaavr6/uu+8+JSUladu2bfL399eDDz4os9msSpUqqXfv3vruu+8kXVlNPHnyZJnNZrm7u6t169Y6efKkpCvPpFOnTvLz85PFYsmz37CwMJlMJl2+fFmNGzfWmTNnCr2PgmKqW7euGjRooA0bNkiS1q1bp6ZNm6pWrVrO1bUmk0lms1n333+/jh8/nmcfa9eu1VNPPaX09HRZrVZt3bpVTz31VIFxJSYmatu2bRozZoySkpJktVo1bNiwHNsP53e/2dtvm81m2e32Asf1Ztu7d6+CgoIUFBSkmjVrqm3btgoODtaHH34oqeDncbXs+TVw4EAlJyfLbrerXr16uVbDX7x4Udu3b9fQoUNlNptVtWrVfD8P1q1bJ4vFopSUFHXp0qXQMUpJSZHZbNby5cu1fPlyLVmyRHa7XR4eHoqJidG9994rs9msVq1ayd3d3XmWt8FgUP/+/ZWenq7MzMwcbXp6eqpy5cqaPXu29uzZowoVKmj16tXy9PQs1jjnN+e2bdumypUrKzQ0VGazWRUqVFCvXr20ceNG57Xh4eFKS0tTUlKSWrRoodjYWFmtVlmtVtntdl2+fDnP+yhoDGvXrq3ffvtNK1euVGxsrMaOHavBgwcXaZ5369ZN3t7eunz5sho1auSc58V5DwIAAAAAiset8CoAgJLAFnd3tkaNGshsTtLx4ycVExMjf39/BQQEyNXVVd7e3kVqIzU1VTabTQkJCbp48aI8PT3VuHGwfH0rlHD0wPUpX76882sXF5dcq+Gzt0m/emvdgIDc25kfP35ckydP1smTJ+Xi4qLz58/nSArll9yUrqwodHFx0fvvv6/w8HB169ZNH374oZKSkiRJHTt2dNa1Wq3O/hcsWKB33nlHzz77rE6fPq2nnnrKuZotW1xcnCpVyrkCPyAgQKdPny7yGNwMlSpVcia0ClK5cmVlZWVJupKMO336tBo1auQsz8zMVN++fSVJ69ev15w5c5ScnCwXFxedOHFCHTp0cNYNCAhwbmObl3LlyjkTgw6Ho0jjUlBMNptNAwcO1Jo1a/Twww9rzZo1evzxx2W325WcnKypU6cqIiJCBoNBGRkZ+cYWFxcnHx8f5/cGgyHP1b9Xy946t0uXLs7XbDZbjrlR1PstbFxvpjZt2mjnzp2SpKioKLVq1UpPPfWUXF1d5XA4Cp0jf2c0Gp1fGwyGXFtbZ49j9s9Gu93u7Otqhw8f1vTp03Xq1Cm5uLgoPj4+V5I4L7GxsRo1apQWL16sChUqOOfAnDlztHr1auf3mZmZOVbq+vn55dle9pm377zzjvr37y8XFxeNGTMm11bkhclvziUmJqpSpUrO96Tdbpefn1+Oz5e/J5sLes9dfR8FjeHQoUNlNBo1d+5cDR8+XPfee6+mT5+u5ORkSdc2z81mc5HfgwAAAACA4iEBDACloFGj+qUdAm4Bvr4V1Lp1c6WkpOrChXjFxMTIas1SamreK+P+ztvbJDc3d1WuHKDq1ZuoXLmiJY6BW11gYKCkKwmQ6tWrS5JOnDihihUr5qg3aNAgdenSRStWrJDBYNC0adOc26BKeW+rerVnn31Wzz77rC5fvqznn39eY8eOdZ6luXfv3lxnu0pXVi2/9dZbeuuttxQTE6M+ffqobt266tGjh7POXXfd5TxPOFt8fLyqVKlSjFEoeV27dtXs2bP14osv5vjFE5vNpnHjxmn06NGSco5jlSpVdPfdd+vPP/90vpaduDlz5owef/xxffHFF85zTvNbgZ2f/M61/XvCLzvpVFhMFotFDz/8sN544w2dO3dO27Zt07x58yRJ7777rg4fPqyffvrJudV19jnHfxcYGJhjx4a4uDjZbDbnTgsOh8M5TtmrK6tWrSop91xyOBzOXzQoyjm+iYmJ1z2uN5LD4dClS5ckXRmXZ599VqNGjXKu8C3seeTVXkGyPw8uXLjgHNPo6OhcCdh//etf6tKli1atWiWDwaB33303x+dBXmw2m5599lkNHjxYnTt3diZV169frxkzZmjnzp0KCgqS3W6Xr69vgW1drXLlypo7d67c3d21fft29ejRQ+3atStwHud133nNuZL8fCloDDMyMjR48GANGzZMFotFI0eO1KRJkzRz5kxJBc/z/BTnPQgAAAAAKB62gAYAoJSVK+etOnVqq3Xr5mrXro3uu69Tkf60a9dGrVs3V40a1Uj+okypVKmSOnbsqBkzZshut+v48eNq1apVrm2S4+Pj1bp1axkMBh09elQrV650nvVamGHDhmnBggWSrqzGDQoKksPhkJ+fn+6//3699957kq6snJs+fbo+++wzZWZmqk2bNtq/f78kqVq1agoICMiVwLr//vt18eJFrV+/XpIUExOjtWvXql+/ftc1LjfasGHDVL58ef3zn//U3r17ZbFYFBUVpSeeeEIHDx50Jt+v1qlTJ507d06rVq2S2WzW2bNn9eSTT2rXrl1KTk5WVlaWmjZtqsuXL2vVqlX6888/i/xMClK9enWdOHHCuTXyypUrixSTdGXVcbt27TRp0iR17drVufrabDYrODhYdrtdZ8+e1cyZM2W1WpWRkZGr/759+2rRokVKTU1VamqqHn/8ca1du1aBgYFyc3Nznm+7fft250rM8uXL6/7779fUqVNlNpuVmJioKVOm6JNPPin0fo1Go1JTU5WZmVmi43q97Ha7JkyYoKNHj+qLL76QVPjzKK6KFSuqY8eOmj9/vux2u6Kjo9WlS5dc24MnJiaqZcuWSk5O1u+//64VK1YUOkbvv/++0tLS9MYbbziTv9KVuVG5cmX5+/vLbDbr9ddfl8FgKNKY//XXX+rdu7fOnDkjs9msGjVqyMPDQwaDocB5/Hf5zblOnTrp4sWL2rx5syTp9OnT+uGHH5y/HFAQd3d3Z/I+LwWN4QsvvKAFCxbo8uXLstlsql27tlxcXK5rnhfnPQgAAAAAKB4SwAAAALjlLF26VIcOHVK1atXUtWtXvffee2revHmOOtOmTdPEiRPVqFEjvfrqq5o3b56OHDmiUaNGFdr+mDFj9Nlnn6lWrVqqU6eOdu/e7Uz6fvrpp4qKilLdunVVp04dRUREKCwsTEajUa+88ooGDhyooKAg1a9fX/Xq1dOwYcNytO3n56fVq1dr0qRJatCggXr06KG3335b99xzz40boBvA1dVVv/zyi9q2bauhQ4eqbt26GjBggBo1aqTNmzfneY64yWTSd999p//85z9q06aN7rnnHlWuXFnNmjVTUFCQRo8erc6dO6tjx476448/9O6772r+/Pn66quvrivWzp076x//+Ie6deum/v37q2bNmjIYDLLZbAXGJF1JUoaHh+ubb77RwIEDnQn7MWPG6Ndff1X79u01YMAATZgwQY0bN1a3bt1y9T927Fg1bdpU7du3V9u2bdW2bVuNHDlSJpNJb7/9toYMGaJ+/frpp59+UseOHWWz2eRwOLRw4UKdPHlSrVu3VqtWrXTgwAE98MADhd5v06ZNVa1aNTVt2lQXLlwosXG9EYxGo958801NmTJFSUlJhT6P4nI4HFq8eLGOHj2qJk2a6OGHH9Z7772Xq723335br732mjp06KC3335bc+fOVVRUlCZOnJhv2x999JFiYmLUpEkTtWjRQi1atND333+vhx9+WFWrVlWrVq3UpUsXNWnSRIMHD9aIESMUFRVVYLzNmjXTfffdp/vvv18tW7ZU9+7dNWnSJDVs2LDAefx3+c25cuXK6dtvv9X06dPVrl07hYeHa+rUqQoJCSl0LMPCwrRnzx41a9Yszz4LGsOxY8fqyy+/VPPmzdWyZUv99ttvmjZt2nXN8+K8BwEAAAAAxWNwFGXfMQC4g2VmZspmYyUCgNLn6uqR47zM0rJp0ya26SxF+Y3/pk2b1KpVq2K1ZTAY5OXlJaPRKBcXF9ntdmVmZjq36jUajfLy8sqxlaubm5tMJpPzDNyr65tMJhmNRjkcjv/7+WmTt7e3UlNT5e7uLofDkec2wNKVM16vLnd3d5e3t7fMZrOkK+eIurq6OmP09vbWpUuX5HA4CoxJkjw8POTt7a2UlBRlZmZKupIAL1eunAwGg+x2u1JTU1WuXDlJynPrWm9vb7m7u+faztjT01Oenp6y2Wyy2Wxyc3NTenq688xYb29vubldOXnHarUqNTVVDoej0PutUKGCXFxclJycLKPRmO+4Zt9PYfbt23fd88bT01NGo9G5zXU2Dw8PmUwmmc3mQp+Hr6+vUlNTZbVa5efnp8TERGc75cuXV0ZGhjIyMpz1srKy5OLi4hxHh8OhtLQ0ZWRkyMPDQx4eHrp8+bKMRqNMJpPzjNn09HT5+PgoIyNDNpvNWe/qaypWrCiHw5FjFX92nz4+Ps4tm9PS0uTu7i53d3clJyfLx8fHWS8vXl5e8vDwcH6fnp7uXPVb0Dz+u/zmnJubm7y9vZ1nJqenpztXzV49btmxuLq6KiUlRa6uripfvrwcDofMZnOuugWNYUZGhry9vZ3P1GazKTU1VXa7vcB5bjKZJClH7D4+Prp06VKx34N5yW9eAwAAAMCdjgQwABSCBDCAWwUJYEg3NgGMO8eNSAADtxoSwAAAAACQN7aABgAAAAAAAAAAAIAyggQwAAAAAAAAAAAAAJQRJIABAAAAAAAAAAAAoIwgAQwAAAAAAAAAAAAAZQQJYAAAAAAAAAAAAAAoI0gAAwAAAAAAAAAAAEAZQQIYAAAAAAAAAAAAAMoIEsAAAAAAAAAAAAAAUEYYHA6Ho7SDAIBbWWZmpmy2jNIOAwDk6uoho9FYKn1v2rTJ+XXVqlXVqFGjUokD0uHDh3X27NnSDgMAAAAASk3Xrl1LOwQAuKWRAAaAQpAABnCrKM0EMAAAAAAAAIDbA1tAAwAAAAAAAAAAAEAZQQIYAAAAAAAAAAAAAMoIEsAAAAAAAAAAAAAAUEa4lXYAAHA7cHX1KO0QAAAAAAAAAAAACmVwOByO0g4CAAAAAAAAAAAAAHD92AIaAAAAAAAAAAAAAMoIEsAAAAAAAAAAAAAAUEaQAAYAAAAAAAAAAACAMoIEMAAAAAAAAAAAAACUESSAAQAAAAAAAAAAAKCMIAEMAAAAAAAAAAAAAGUECWAAAAAAAAAAAAAAKCNIAAMAAAAAAAAAAABAGUECGAAAAAAAAAAAAADKCBLAAAAAAAAAAAAAAFBGkAAGAAAAAAAAAAAAgDKCBDAAAABQxllGj1bGzJmlHQYAAAAAAABuAhLAAAAAQBll3bpVDrNZBl9f2c1mOcxmWbduLe2wAAAAAAAAUIJIAAMAAOCWsWvXLnXq1EmPPvpoifXhcDg0btw4hYaGauXKlSXWz42Unp6uRx99VO+++26xrrOMHi2zn58ylyxR5pIlMvv5yTJ6dAlFCQAAAAAAgFsBCWAAAAAUKC4uTtOnT1doaKgefPBBxcbGSpLOnDmjadOmadCgQdqwYcMN6at9+/ZydXW9IW3lx2AwKDQ0tET7uNFcXFxUvnx5lStXrljXlf/jD/ls2SLH/63+LffNNyr/xx8lFCUAAAAAAABuBSSAAQAAUKDAwEA99thjKl++vJKTkzVhwgRZLBZVr15dAwYMUKNGjdS9e/cb2qebm9sNbe/vDAZDibZ/oxmNRi1YsEAjR44s1nUOs1mWMWPk/tBDcrv3XqW9/rocZnMJRQkAAAAAAIBbQcn+nzUAAACUGe3bt5enp6fWrFmjN954Q9OmTctVZ9myZdq4caP8/Pxks9k0ceJEeXl56fnnn9fJkyfVvn17nT9/XvHx8erXr5+ysrK0ceNGeXp66r333lOtWrUkSRaLRXPmzNH27dtlMpn0yiuvKCAgQP/+978VERGhCRMm6PTp0/r222+1YcMG/fe//1VERISsVqtq1qyp1157LddK4u+++06ffvqpgoODlZiYmKPs559/1v/+9z/5+voqIyNDU6ZMUWBgoLN87969Gjt2rAICAvTVV19pzpw5Wr58ucLDw/X8889r2bJl+uOPP+Tp6an09HSNHj1aY8aM0dmzZ7Vq1SpFR0dr/PjxatCggRYuXKhLly7p1VdfVVBQkCIiIhQQEKC33npL58+f1xtvvKHTp0/rk08+0aeffqrMzEx169ZNU6dOVdOmTTVv3jylp6frgw8+0JkzZ2Sz2RQUFKSxY8fKaDTmeiZu994rrylTJElp//c3AAAAAAAAyi5WAAMAAKDIxo4dq2bNmmn79u1asGBBjrKDBw9q7ty56tKli9555x0dOHBAH3zwgXx9fRUSEiJJ6t+/v2bPni2LxaKNGzfq+eefV3h4uGJjY7V161ZnW0ajUc8995z+85//6MiRI/roo49UoUIF50rjr7/+Wh4eHmrWrJl27dqlJUuW6KGHHtKAAQO0ceNG7dy5M0ds0dHRevfdd9WsWTO9+eab6tatm7MsKSlJb7zxhu6++2699tprOnDgQK6zgVu3bi13d/cc32dLTU3V3Llz1adPH73xxht64IEHVLVqVdWsWdNZp02bNjna8/Dw0NixY/XSSy8pPDxcf/75p7Zs2aKGDRuqSZMmkqRFixapZcuW8vf3z7Vl9apVq7Ru3TqNGDFCI0aM0Nq1a/Xll1/mel4GX1+ZZs6Uwdc3x9cAAAAAAAAou1gBDAAAgCJzc3PT1KlTNXToUC1ZsiTHVsoHDx6UJAUEBMjd3V1+fn46cOBAjutdXV3l6+srk8kkm80mg8GgKlWqSJIyMjJy9Ve1alWVK1dOx48fz/F6t27dNHDgQFksFi1fvlyStHbtWplMJgUFBcliseSov3//fjkcDjVs2DBXH8ePH1dGRoYOHjyoWbNmKSgoSA6Ho8hj4unpqUqVKmnixIlq0qSJBg8eXOg1FotFK1askMViccaanp6eo86wYcMUHBwsi8Uim82Wo+zqsc6O9e9jDQAAAAAAgDsTCWAAAAAUi5+fn6ZNm6YRI0Zo8eLFevDBB3OUZyck7Xb7DTlr12azqUKFCnmWmUwmZx+PPvqoOnfunGc9u92eb/vZ14eEhGjMmDHFjs/V1VVz587VsmXLtGnTJr388statWpVgddMmzZNu3fv1tdff62IiAjt2bMn37omk0nJycl5ljkcDud4327nGgMAAAAAAKBksAU0AAAAiq1BgwZ6+eWXc7yWvXVxYmKiMjMzZTab1bhx4+vq59SpU0pLS1OHDh3yrdO0aVNJ0m+//ZZvneDgYEnSoUOHcpXVq1dPXl5e+v3335WVlZVvGx4eHrp06ZLS09NzJJTNZrN2796tF198UZ9++qnsdrsyMjLk4eEhSYqNjc21gjclJUWSVK5cuXz7K0j2PScmJiouLk7S/x9/AAAAAAAA3Nlcp0yZMqW0gwAAAMCtKy4uTp999pkOHjwoDw8P1a9fX5JUt25dZWRkKC0tTZ06dVKlSpXk5eWljRs3avv27apcubJeeuklSdLSpUsVHx/vrPPdd9/JZrOpZcuW2r59uyIjIyVJ9913n86ePavU1FT98ccfWr16tdq1a6fnnntO6enp+vzzz3Xq1CnZ7XbdfffdqlixoqpVqyY3Nzdt2rRJa9as0cGDBxUUFJRj1XClSpXk5uamn376Sb/++qsiIyMVHx+vlJQU9ezZUw0aNFBERISWLl2qAwcOyMvLSzVq1MgxDhkZGdq/f7+2bt2q06dP68yZM0pNTVXnzp01Z84cHTx4UDt27FCnTp103333yWQyadeuXdqxY4eOHz+u6OhoZWRkqHXr1goKCtLevXu1b98+Xb58WceOHZPValWdOnX07bff6tKlS5KuJHo9PDy0YcMG7dixQ3a7XS1bttQ//vEPxcfHa/PmzYqIiFDbtm01dOhQubmxwQ8AAAAAAMCdzuAozgFnAAAAAAAAAAAAAIBbFltAAwAAAAAAAAAAAEAZQQIYAAAAAAAAAAAAAMoIEsAAAAAAAAAAAAAAUEaQAAYAAAAAAAAAAACAMoIEMAAAAAAAAAAAAACUESSAAQAAAAAAAAAAAKCMcCvtAAAAAHB7WLdunWbNmqXIyEhdvny5tMMBAOCGKV++vIKDgzV27FiFhYWVdjgAAAAAcF0MDofDUdpBAAAA4Na2fv16PfbYY6UdBgAAJW7FihXq3r17aYcBAAAAANeMBDAAAAAKFRYWpt9++019+vTRyy+/rODg4NIOCQCAGyYyMlLTpk3TmjVr1LZtW/3444+lHRIAAAAAXDMSwAAAAChU9erVlZqaqp07d5L8BQCUSZGRkerQoYN8fX0VHR1d2uEAAAAAwDUjAQwAAIBC+fn5SZIuXbpUypEAAFBy+HkHAAAAoCxwKe0AAAAAAAAAAAAAAAA3BglgAAAAXLPQ0NDSDgEAAAAAAADAVUgAAwAAAAAAAAAAAEAZQQIYAAAAAAAAAAAAAMoIEsAAAAC4LnFxcRo1apR69OiRq2z9+vV65JFH1L17dw0bNkzHjh1zlkVGRmrYsGHq3r27Hn30UW3atMlZZjab9fLLLyssLEy9evXS/Pnz5XA4JEl2u11z5sxRz549FRYWpldffVXJycnX3WdBZZK0f/9+9e/fX6+++ur1DxoAAAAAAABQQkgAAwAA4LqMHj1aTZo0yfX68ePHNXPmTE2ZMkXr16/XAw88oIkTJ8pqtSozM1MTJ05Ur169tH79ek2aNEnvvvuuYmJiJEnvv/++ypUrpzVr1mjx4sXatm2b1q5dK0n65ptv9Ntvv+nTTz/VmjVr5ObmphkzZlxXn4XFs2HDBn344Ydq0aLFTRpVAAAAAAAA4NqQAAYAAMB1mTNnjtq3b5/r9U2bNqlz585q3LixXFxc1L9/f1mtVh04cEB//vmnjEaj+vbtKxcXFzVt2lQdO3bU5s2blZ6erl9++UXDhw+Xh4eHAgICFB4erg0bNkiSNm7cqIEDB8rf318eHh4aNmyYtmzZoszMzGvus6AySapTp47mzZun6tWr39SxBQAAAAAAAIrLrbQDAAAAwO2tYsWKOnPmTK7XY2Ji1LRp0xyv1axZUydPnpTValXt2rVzlNWqVUsnTpzQmTNnZDQaVbly5Rxl0dHRznZr1arlLKtevbrsdrtiY2OvuU8fH598yySpXr16RR0OAAAAAAAAoFSRAAYAAECJSEtLk9FozPGap6en0tLSZLPZcpV5eHgoLS1N6enpeZalp6c72/Xw8HCWGQwGGY1Gpaen3/A+09LSru3mAQAAAAAAgFJCAhgAAAAlwmQyKTU1NcdrKSkpMplMslqt+ZZ5eXkpJSUlzzJJucptNpvS0tJkMpmuq8/8ygAAAAAAAIDbCWcAAwAAoETUrl3buYWydCVRe/LkSdWpU0e1a9dWdHS0HA6Hs/z48eOqU6eOqlevLoPBoFOnTjnLTpw4oTp16kiSgoKCcrR74sQJeXh4qEqVKtfcZ0FlAAAAAAAAwO2EBDAAAABKRLdu3fTrr7/qzz//lM1m07Jly+Tn56cmTZqoRYsWcnV11apVq2Sz2bRnzx7t27dP3bt3l4eHhzp37qwFCxYoLS1N586d05dffqmePXtKksLCwrRixQpduHBBFotFCxcuVFhYmNzd3a+5z4LKAAAAAAAAgNuJwXH1MgcAAAAgD35+fpKkS5cu5Xg9NDRU7u7ucjgcslqtcnd3lyR99dVXqlixojZv3qz58+crMTFRDRo00MSJE1WzZk1J0rFjxzR9+nRFR0erUqVKev755xUaGipJSk5O1vTp07Vnzx4ZjUY98sgjevLJJyVJDodDn3zyiVavXi2r1arQ0FCNGzfOuV3ztfZZUNmoUaN04MAB2e122e12ubm5qWbNmlqyZElJDjsA4CbL7+cdAAAAANxOSAADAACgUAUlgLdv314aIQEAcMORAAYAAABQFrAFNAAAAAAAAAAAAACUESSAAQAAAAAAAAAAAKCMIAEMAACAa8b2zwAAAAAAAMCthQQwAAAAAAAAAAAAAJQRJIABAABQKF9fX0lSZGRkKUcCAEDJyP4Zl/0zDwAAAABuVySAAQAAUKj69etLkqZNm6aoqKhSjgYAgBsrMjJS06ZNk/T/f+YBAAAAwO3K4HA4HKUdBAAAAG5t69ev12OPPVbaYQAAUOJWrlypbt26lXYYAAAAAHDNWAEMAACAQj3wwANavny5QkJC5OPjU9rhAABwQ1WoUEHt2rXTihUrSP4CAAAAuO2xAhgAAAAAAAAAAAAAyghWAAMAAAAAAAAAAABAGUECGAAAAAAAAAAAAADKCBLAAAAAAAAAAAAAAFBGkAAGAAAAAAAAAAAAgDKCBDAAAABK3cKFCzVixIjSDuOamc1mvfrqq/rkk09uaLt79uxRr169dO7cuRvaLq7f7t271blzZ9lstpvWJ/MBAAAAAAAUhVtpBwAAAIBbm8Vi0dKlS7V06VL985//lMPhkNVqVVpamiZNmnTN7R49elTvv/++Pv74Y3Xs2FERERE3MOqby9fXV40bN1ZKSsoNbTckJETly5e/oW1eL7vdrvDwcM2bN0/+/v4l1s/p06c1f/58RUZGqlOnTsrKytKJEyf00EMPKSwsrMT6Lap27drJze3m/nPqRs2HvXv3at68eZo4caLq1avnfP2HH37QBx98oA4dOshkMunixYsaNWqU7rrrLn311VeaPXu2xowZo759+8rV1fW64wAAAAAAACJGf0EAACAASURBVCWDFcAAAAAokMlkUlhYmFxdXfXCCy9o9OjRGjdunNq3b39d7daqVUtjxoxxfu/icvv/p2lJ3MOtNi4uLi6aPHmyKlasWKL91KhRQyEhIapVq5ZeeOEFjRs3TkOGDNGMGTNKtN/iMBgMMhgMN7XPGzEf4uPj1bdvX/3www85Xn/wwQfl6empAQMGaOLEiWrTpo1mzJghd3d3PfDAA846JH8BAAAAALi1sQIYAAAAxfbnn3+qW7dukqSdO3fqxx9/lL+/v/z9/TVw4ECdOXNGCxcuVLVq1XT27Fn17dtXP/74o+Li4lStWjUZDAY1btxYc+fO1bfffitJSkxM1IwZM3T8+HHVr19fo0aNkiS9/vrrqlatmg4cOKCJEyeqSpUqzjisVqumTZsmf39/nThxQv/+9781e/ZsmUwmvfDCC1q2bJk2b96shQsX5oj/rbfe0smTJ1W7dm399ddf6tevnwYMGKDo6GgtXbpUVapUUUxMjJ555hmZTCa98sorKl++vFxdXRUVFaV+/frp/Pnz2rNnjx566CENGjRIknTw4EFNnTpVMTEx6t+/v7p166b33nsvx30//fTT+uijj3TXXXcpOjpa48aNk5+fX474Pv74YyUnJ8vPz09ms9n5+ocffigPDw+dOXNGjzzyiJo1a+Ysi4yM1OjRo7Vq1SolJibqzTff1FNPPaU6depo9uzZqlmzphITE/Xiiy/qP//5T55jdPLkSX3xxRfy9fXVyZMnNXXqVG3evFkff/yxevfurYiICD333HN65ZVXNHfuXFWvXl1bt27V7t275evrq4SEBI0dO1ZeXl457ueHH37QwYMHZbVa1aBBA917772aMGGCAgIC5OLiosjISP373//OcT95OXv2rOrXr59vu/369dORI0e0cuVKBQQEKCkpSePHj9f777+f4xlc/YsHed3zhg0b9OGHH6pz5846fPiw7rrrLgUHB+uvv/7S2bNnNW/ePPn6+spgMOjjjz9WTEyMbDabJk+eLB8fH/33v/+Vi4uLoqKi1KdPH3Xs2FGLFy9WYmKiLBaLevbsqaZNm+aYu1OnTtW5c+dyxeLq6prvfPjkk09ktVplsVgUEBCgIUOGaMOGDTme1+zZs3OMYUZGhlxcXHTvvfdq0aJFGjlyZL4J3WrVqun8+fMFPhMAAAAAAHDrIQEMAACAIrHZbJo1a5akK9sAN2/eXJL05Zdfavjw4QoODtbJkyclSe+8846efvpptWzZUnFxcYqPj1dISIg2bdqksWPH6uDBg6pWrZrmzp3rbN/X11djxoyR3W7X0KFDFRERoTZt2mj48OGqWrWq5syZo127dqlfv37Oa44cOaLLly9r0qRJOnv2rLy8vNSkSROdOHFCktSxY0dt3rw517107NhRdrtdr732mg4dOqRp06ZpwIABevfddzVmzBjVr19fu3fv1owZM/TBBx+oUaNGqlWrlvr27atly5YpNjZWL730ko4dO6bXX3/dmQBu2LChnnnmGV28eFGPP/64OnbsmOu+ly9frhYtWqhXr15asmSJVq9erSFDhjhj2717tw4fPqyZM2dKkjP+3bt3y2w2a/Lkydq/f78WLlzofB6SFBwcLE9PT0lXVldXrVrVeX3jxo01cOBAnTx5UkajMd8x8vf31/PPP69y5cpp2LBhOn36tNq2bavZs2fr8ccfV0hIiBo2bKgKFSpIkpKTk/XRRx9p5cqVcnV11fz58/Xll19q8ODBzriSk5P12Wef6fPPP5fNZlPv3r3Vp08fNWzYUHfffbd69+6tzz//XJs3b84zARwTE6NZs2bp4sWLioyM1EsvvVRgux988IEmT56satWqafTo0frrr79yPYOr5XXPoaGhmjt3riZMmCCr1apevXpp/PjxGjJkiF555RX98ccf6ty5s+x2u5555hm5urpq5syZ+uKLLzR8+HD17NlTVatW1a+//qr169erY8eO+vLLL7VmzRrZbDbFx8fnmruurq55xhIXF5fnfNizZ49OnDih6dOnS5KeffZZhYSE5Hpef7dz5061adNGPj4+qlu3rn777Td16NAhVz2Hw6Fff/1VrVu3zlUGAAAAAABubSSAAQAAUCTZW0BL0sqVK52vt2rVSq+++qrCw8PVu3dv2e12HThwQA0bNpQkBQYGKjAwUFu2bJGHh4ckqXHjxjlWMl7NxcVFTZo0UVRUlJo1a6Z169bJZDIpKipKlSpVylG3Zs2aOnbsmKZMmaLw8HBVq1at2PcVEBCgjIwM2e12HTp0SLVr15Yk1a9fP1eyUJIqV66s6OhoSVL58uWVkZGRq072aujTp09LUo77XrBggeLj4xUXF6eLFy+qRo0aOa49cOCAGjVqlKvNI0eO6Pz581q4cKEyMjKKfP5us2bNNGHCBJnNZvXv37/AuhaLRV999ZUqVqyoS5cuKSsrS9KVZ+Lm5qbGjRvnqB8dHS1/f3/nCtL69etrw4YNOeqcPHlS6enpWrRokaQrieq/n5UcEBDgHKu/y94CWpIuXbqk4cOHa/z48fLy8srVbnJyso4cOaIffvhBBoNB5cuXV2ZmpqScz6Ao95zNzc1NFStWdD7n/J55s2bNnFsq7927Vxs2bFB8fLyz/+DgYI0cOVLh4eHq3LmzfHx8cs3dvGLJbz4cPHhQtWrVcn5/9913O3+xIr/nJUn79u3T4cOHJV3ZwvqHH37IlQBesWKFvLy8dNddd+mxxx7L87kAAAAAAIBbFwlgAAAAFNujjz6q1NRUubm5adCgQWrdurU+//xz7dy5U++//76kK6uEr5XNZpOHh4e+/vprubm5aeDAgUpKSspVz8fHR0uXLtXmzZv10ksvaerUqdfcZzaHw+H8+3rOd82+h7x06dJFoaGheZZlZWXJ3d09z7KGDRtq6NChxYqjWbNmWrx4sVavXq1hw4bpiy++yLfuBx98oEGDBqlZs2b66aefitR+9nhlf53XmPn6+hY77rz4+fmpefPm2rNnjzp16pSr3exYBg4cKJPJ5Hx9y5Yt+bZ5Lfecl+znfeTIEW3atEmzZs3Srl27nFucv/POO9q9e7c++eQTnT59WoMHD841dz///PNcsRQ0H64e+6K4fPmyatas6fxFgOTkZPXr10/Jycny8fFx1hswYECeyWMAAAAAAHB7cCntAAAAAHB72rZtmy5evKg9e/YoODhYkyZN0okTJ+Ti4qJGjRpp165d19Suw+HQ4cOH1axZMyUmJjoTeXklu44fP6709HT16dNHvXv3VnR0tIxGY64VpkWRHXf26t5jx47lufKyKMxms9LT0/NckVyvXr0Cx6ZevXrav39/nq9HRETIZrPle63RaFRqamqO1/bs2aPAwEA988wzqlatmhISEvIdo8LG+++CgoKUkJAgq9UqKe8xq1Wrls6ePau4uLhC2yuM3W7X0aNHVbdu3TzbNRgMhY7v3xX3nvNz6NAhNW/eXJcuXcqRfM62b98+/eMf/9Bzzz2n48eP5zl384olv/nQuHFj51yVpKNHjxaatP3pp59ybAudvQ30tSS+N2/erISEhGJfBwAAAAAASp7rlClTppR2EAAAALh1WSwWffvtt/rjjz90+fJl7d69W7/++qs2b96s3r17a82aNfr999+1c+dOdenSRcHBwWrSpIkWLVqkHTt2aN++fQoMDNQvv/yiY8eOqWHDhvL399e6deu0a9cu1a1bV1WqVNHvv/+uEydO6Mf/x96dh2lV0P0f/8yCwDjAsMnmAq4QyqLhgv0yKi3r0itNC0tTM/PKyrRHu3zcTUnbNHIp3DIfd7PEfV9KBARBNkVlE8UFZcCJZWCYmd8fPs4lAgJiz+Dx9frncM/c9znf+z5n+GPec8554IEMGjQo++yzTzbffPOMGDEic+bMyYIFC/Lqq6/mc5/7XMrL372QzYIFC/KnP/0pc+fOzdy5c3PYYYela9euufbaazN58uTMnz8/kyZNyq677ppOnTo1vac777wzM2fOzO67754JEyZk1KhR2XPPPTN48ODcdNNNmTVrVp5++ukcf/zxSZJ//OMfWbx4cfr06ZMHHnggs2fPzoABAzJu3LiMGTMmgwYNSsuWLTNx4sS88MILuf/++/PDH/4wW265ZUaOHLnK+95+++1zzz335IknnsjUqVPTpUuXtG/fvmm2bbbZJuPHj8/IkSMzderUzJ49O+3bt8++++6bWbNm5bbbbsvUqVNTUlKy2uWjFy9enKuuuiqvvPJK5syZk8WLF6d169YZOXJknn/++VRUVOSrX/1qqqqq1vgZtWvXLldeeWVee+21pvvS1tbW5vHHH892222XrbbaKuPHj8+DDz6YysrKDBgwIF27ds1tt92W559/Pm+99VaOOeaYVc5YbdmyZaqqqjJixIhMmTIlr7/+erbaaqv8/e9/z7JlyzJgwIDcc889efnll7P33ns33cd47ty5GTlyZGbOnJk33ngjo0ePzsiRIzNgwIB861vfSqtWrVZbb9++fbPddtvlmmuuycSJEzN9+vTstNNOue+++1bZB++3cuXK1d7z8uXL8+ijj6Zv376prq7Ovffem44dO6aqqip33XVX6urqsscee+SFF17IrFmz8tRTT2XZsmU5+uij06lTp9x8882ZNGlSampqMnXq1Oyxxx4ZMWJE5s2bl4kTJ+bggw9OWVnZasdueXn5arMceOCBazwevvzlL2fmzJkZN25cnnzyyeywww7Zb7/9MmbMmFX213vGjx+f66+/Pu3atUvv3r2TJFOnTs3TTz+diRMnpnPnzpk1a1Yee+yxtGjRIl26dElVVVWSd89CvvPOOzNu3Lh06NAhvXv3zoUXXpiePXtmyy233Oj/YwAAAICPV0njxvyZOwAAAAAAAACbDJeABgAAAAAAACgIARgAAAAAAACgIARgAAAAAAAAgIIQgAEAAAAAAAAKQgAGAAAAAAAAKAgBGAAAAAAAAKAgBGAAAAAAAACAghCAAQAAAAAAAApCAAYAAAAAAAAoCAEYAAAAAAAAoCAEYAAAAAAAAICCEIABAAAAAAAACkIABgAAAAAAACgIARgAAAAAAACgIARgAAAAAAAAgIIQgAEAAAAAAAAKQgAGAAAAAAAAKAgBGAAAAAAAAKAgBGAAAAAAAACAghCAAQAAAAAAAApCAAYAAAAAAAAoCAEYAAA+oqUnnpjlf/hDc48BAAAAAE0EYAAA2EArH388jYsWpaSqKg2LFqVx0aKsfPzx5h4LAAAAAFLS2NjY2NxDAADA/5Wampoce+yxqayszBlnnJErr7wyv/rVrzZsHQMGpH7SpJT27JkkaZgzJ2X9+6fts8/+J0YGAAAAgPUmAAMAsF7mzp2ba6+9Ns8991y6du2aqqqqLFiwIJ/97Gdz5JFHbtS677333vTp0ye9evX6mKZduwcffDBLly7NCy+8kLvvvjsnnnhivvnNb27welY+/ngWH3RQkmTzv/wlLb7xjY97VAAAAADYYAIwAADr9Morr+QHP/hBWrduncsvvzzdu3dPkqxYsSLnnHPOBp9B+35z587N4YcfnnPPPTdDhgz5uEZeqxUrVqSsrCxlZWWpq6tLixYtNngdjYsW5d9DhqSsf/80LlqUhpdfTpvHHktJVdV/YGIAAAAAWH/lzT0AAACbvhtuuCFLlizJ4Ycf3hR/k2SzzTbLscce2/T4xhtvzEMPPZT27dunvr4+p556alq3bp2f/OQnmTNnTvbaa6+88cYbef3113PkkUfmS1/6Us4777w0NDTktttuS21tbcrKyvKb3/wm7dq1y7Bhw3LhhRdmyJAhOfDAA3P66aenV69eGT9+fDp16pTzzz8/lZWV+dWvfpXS0tJUV1enf//+Oeqoo/LEE0/kL3/5S6qqqrJ8+fKcc845GTVqVC666KJ0794922yzTSZOnJiuXbvm4osvTufOnXP11Vfn1VdfzYoVKzJlypQcddRROfjgg9f4mZTvs09an3NOkmTZ/y4BAAAAoLmVNvcAAABs+qZPn54k6fm/97x9v/cu2zxt2rRcfvnlGTJkSH79619nypQpueiii1JVVZVBgwYlSQ455JD86U9/ysqVK/O3v/0t3bt3b/reoYcemv333z/77bdf2rVrl4ULF+b222/Pfvvtl5KSkrRs2TI///nPc8opp2To0KGZNGlSHnvssYwdOzZPPPFEjj/++Fx00UXZZptt8s477+SXv/xldthhh5xxxhmZMmVKbr311uy7775Jkvbt2+e3v/1tDj744MyZMydPPfVUkmTQoEE5++yzM2zYsDQ0NOSaa65Z4+dRUlWVij/8ISVVVav8GwAAAACamzOAAQBYp4aGhiRJSUnJWp8zbdq0JEmnTp3SokWLtG/fPlOmTFnlOaWlpamsrExVVVWWLVv2odssLS3N6aefniRZunRpli5dmltuuaXp30lSW1ubHj16pK6uLoccckj22muvHHvssZk5c2aWL1+eadOmZfjw4enVq1fef+eT0tJ3/w5yq622SpIsX748ybuXuv7rX/+abt26ZcWKFU3vGwAAAAA+KZwBDADAOvXp0ydJMmvWrNW+N3r06FUevxdaGxoaPjQYb4iKiopccMEFue+++/Kzn/2s6Uze5N0zkC+77LIMHjw4Tz31VE477bSm7Q4aNCjnnXde/ud//icnnHDCh25j2rRpueCCC9K5c+ecfPLJadOmzccyOwAAAAD8XxKAAQBYpyOPPDJt27bNbbfdlnnz5jV9va6uLrfeemuSZOedd06SVFdXZ8WKFVm0aFH69u27znW3aNEiSdZ5RvDixYuTJJWVlat8/cknn0xFRUWGDRuW0047LUuXLs3222+f1q1bZ+LEiamrq1uv97hkyZI1rh8AAAAAPknKzjnnnHOaewgAADZtbdq0yRe/+MW89dZbuf766zNmzJg8/fTTufvuu7PTTjvls5/9bDp37pzWrVvnoYceypNPPpktttgip5xySpLk+uuvz1tvvZXOnTunsrIyI0eOTF1dXfr165c+ffpk3LhxGTt2bOrq6lJTU5OHHnooK1asSEVFRVNYbtOmTZ555plMmDAhNTU1mTFjRlauXJnddtstw4cPz/Tp0zN58uQceeSR2WmnnbLddttl/Pjxuf766zNlypS0bt06s2fPzhNPPJHGxsb8v//3/3LXXXdl9uzZKSkpydChQ/P888/n6aefzuuvv57XX389NTU16dOnT7bccsvm/PgBAAAAYL2VNL7/ZmgAAAAAAAAAfGK5BDQAAAAAAABAQQjAAAAAAAAAAAUhAAMAAAAAAAAUhAAMAAAAAAAAUBACMAAAAAAAAEBBCMAAAAAAAAAABVHe3AMAALDpe+aZZ5p7BAD4j9ttt92aewQAAICNJgADALBe/FIcgCLzx04AAEBRuAQ0AAAAAAAAQEEIwAAAAAAAAAAFIQADAAAAAAAAFIQADAAAAAAAAFAQAjAAAAAAAABAQQjAAAAAAAAAAAUhAAMAAAAAAAAUhAAMAAAAAAAAUBACMAAAAAAAAEBBCMAAAAAAAAAABSEAAwAAAAAAABSEAAwAAAAAAABQEAIwAAAAAAAAQEEIwAAAAAAAAAAFIQADAAAAAAAAFIQADAAAAAAAAFAQAjAAAAAAAABAQQjAAAAAAAAAAAUhAAMAAAAAAAAUhAAMAAAAAAAAUBACMAAAAAAAAEBBCMAAAAAAAAAABVHe3AMAAPDJ8MwzzzT3CAAAAADAOpQ0NjY2NvcQAAAAAAAAAGw8l4AGAAAAAAAAKAgBGAAAAAAAAKAgBGAAAAAAAACAghCAAQAAAAAAAApCAAYAoNldffXV+dGPfrTBr5s9e3Z++tOf5t577/0PTPV/b9SoUTnqqKNy1113NfcoG+zWW2/NN7/5zeYe42P3UY/NDzN79uwcf/zxhTluAQAAgE2LAAwAwIdaunRprrjiinz+85/P8OHD84c//CG/+93vct55523Uel966aUcd9xxSZK99977I62jV69e6dWr10bN8VFMnjz5P7LeHj165M9//nMmTJiQ8847L/X19R/r+v/+97/nkksu+VjX+Z4vfelL/5H1NrePemx+mOY6bj9MQ0NDvvWtb2XBggXNPQoAAACwkcqbewAAADZtFRUV+cpXvpKbbropP/vZz5q+/tBDD23UerfZZpucdNJJTY9LSz8Zf5s4derU/POf/0y/fv0+9nX37NkzSXL22Wd/7OtOkn322Se1tbVr/N6ECROy4447prKy8iOtu6ysbGNG26T9J47NTe14Ly0tzVlnnZUOHTo09ygAAADARhKAAQDYYJMmTcq+++6bJBk9enQeeOCBdOzYMR07dsx3vvOdvPrqq7n66qvTo0ePzJs3L9/4xjfywAMP5M0330yPHj1SUlKSvn375vLLL88dd9yRJKmurs7FF1+cmTNnZscdd8wJJ5yQJDn33HPTo0ePTJkyJaeeemq6deu21rnuv//+zJkzJwsXLswWW2yRY445ZpXvL1u2LMOHD0/79u2zfPnybLHFFhk6dGiuuOKKrFy5MkuXLk2nTp1y1FFH5Z577snll1+eIUOGZPr06enatWtOP/303HTTTZk/f35uv/327Lzzzjn55JMzdOjQPProo7nwwgtz+eWXrzbvtddem+rq6ixdujRf//rXM3DgwPzxj39My5Yt8+qrr+bQQw9NeXl5TjnllAwZMiTz5s3L22+/nUsvvTTt2rXLlVdemdLS0rz44os58MADVzsrdU3v+4P75ZBDDsm1116bJUuW5KyzzsqKFSvym9/8Jt26dcszzzyTHj16ZNddd83555+fOXPmpGfPnpk6dWoOOuigfPvb317jNhYvXpzf//736dy58yrzzJkzJzfffHOqqqoyZ86cDBs2bLVA/GH7deXKlbngggvSsWPHzJo1K8OGDcuDDz6Y22+/Pddee22eeeaZ/Pd//3fuuOOOVFRUNL1ubbMvXrw4l1xySTp37pxXX301X/nKV7LXXnvlV7/6VV588cX06tUr06ZNy+DBg1NeXp5nn302nTp1yoUXXrjWY/PBBx/MiBEjcsABB2T8+PG59NJLV9unH/wjgcceeyyPPfZYtt5660yfPj19+vRJkg993fTp03PiiSfmtttuS3V1dc4777wcffTR2WOPPdb7M5o/f/5q+2PGjBmrHLvHHHNM0/G75ZZbZvbs2bn++uvTrVu3vPzyy/nhD3+Yrbbaaq0/ewAAAMCmQwAGAGC91NfXZ/jw4UnevVxs//79kyR/+9vfcuyxx6Z3796ZM2dOkuTXv/51vv/972fgwIF5880389Zbb2XQoEF5+OGH8/Of/zzTpk1Ljx49cvnllzetv6qqKieddFIaGhpyzDHHZPz48fnsZz+bY489Nt27d89ll12WMWPG5KCDDlrrjP369ctXv/rVLFu2LIceeuhqAfimm27KFltske9///tJkkceeSTjxo3LrFmzmmLfcccdl0GDBmXvvffOlVdemZNPPjn19fXZf//9s2LFiuy66655/fXXm+53W1VVlT333DOf+9zn0qpVqzXO+7e//S133nln6uvr89Zbb2Xs2LFZtGhRzjrrrEyePDlXX311hg8fng4dOmTo0KHZcsstc/LJJ2fixIn5whe+kK9//evp3r17nnrqqdx///2rBeA1ve8P7pfNNtssu+66a/71r38lSe67775svvnmOeaYY7LTTjvl7rvvTvLuJY8bGhpyxhln5LnnnssFF1yQb3/722vcxvXXX5+ePXvmyCOPzIIFC/LII48kSTp27Jif/OQnqayszA9+8IO88sorTWc3v+fD9usLL7yQmpqanHnmmZk3b17KysoycODA3H777UmS3XbbLS1btlxt/69t9htvvDHbbrttUww+/PDDc/PNN+dzn/tcamtrc/bZZ2f69On55S9/mRtvvDH19fU58MAD884776z12Nx9991z6aWX5vDDD8+gQYPWuk/fU1NTkz/84Q+55ZZb0qpVqyxcuDBJ1vm63r17p1WrVknePWu+e/fuG/wZrWl/7LTTTqscux06dEi7du2atvub3/wmJ510UnbccceMHTs2F198cS666KLVPnMAAABg0yMAAwCwXsrKypouAX3rrbc2fX3XXXfN6aefnqFDh+aAAw5IQ0NDpkyZ0nR2Y5cuXdKlS5c89thjTUGqb9++WbRo0Rq3U1pamp133jkvvvhi+vXrl3vvvTcVFRV58cUXVzvT9IPmz5+fu+66K23atEldXd1q3580aVKGDh3a9PhLX/pSrr322myzzTZNX9thhx2aAvX733tVVVWWL1++xu22bNkyW265ZVasWJFbbrlltXl79+6d448/PkOHDs0XvvCFPPzww3njjTdy9dVXZ/ny5enYseNq6+zUqVPT9p555pk8+OCDeeutt7JixYr1et8f3C8f9MYbb6R9+/ZJ3g2cNTU1HzrDmrYxefLkHH300au9bunSpbn99tvToUOHLFy4cLV9sWLFig/dr1tvvXVmzJiRc845J0OHDl1lX6yv988+bdq0HHbYYUmSysrKbL755nnllVdWeX7nzp2bnl9WVpbNN998tf39/mNz++23T2lpacrLy9O3b99cd911H7pPX3rppXTv3r0p5r7nhRdeWOexsCYb8hl92P5479h9v4aGhjz33HNN0X7HHXfMtGnT1msuAAAAoPkJwAAAbLBvfetbWbJkScrLy/Pd7343u+22W2644YaMHj06v/vd75K8G5E+qvr6+rRs2TJ///vfU15enu985ztNZ2OuTWNjY84555ymOP3Xv/51rete02s/Dmub99e//nXGjh2bK664oik89unTZ7UzlNfkhRdeyMMPP5zhw4dnzJgxTZfMfv/sa3rfH9wvHzx7s2fPnhk9enSSdy/Z/JnPfGatM6xtGytXrlzjvWwvuuiixLvO4AAAIABJREFUfPe7302/fv3y6KOPrvb9de3XNm3a5Prrr88jjzySU045JcOGDftY703b2NiYkpKSj/Ta947NNfmwfVpXV7fWba7vsfB+G/IZrWt/rM17Pxcb83kBAAAA//dW/20NAACsh3/+859ZsGBBxo0bl969e+fMM8/MrFmzUlpams985jMZM2bMR1pvY2Njnn/++fTr1y/V1dVN93hdV6RdsWJFli9fnhYtWqz1ubvssstqc/Xt2zezZ89uevzSSy+lb9++a91OSUnJGs8uTrLWeSdMmJDBgwfnxz/+cWbOnJntt98+48ePX2OM/qCFCxeucp/bD1rb+/7gfvmg3XbbLdXV1bnmmmvy5ptvNl0We0O2sf3222fy5MmrPX9d+21d3585c2Zqa2tz4IEH5oADDsjs2bOz2WabZcmSJWud8cP07du36TNYsmRJlixZstpZr+vj/cfmB61rn2677baZPXt2li5dukGvS7LG974hn9GG/BwlafoZfu/nYsaMGU1/IPDII4/k7bffXuc6AAAAgOZTds4555zT3EMAALDpWrp0ae644448++yzqampydixY/PUU0/lkUceyQEHHJA777wzEydOzOjRozNkyJD07t07O++8c6655pqMGjUqEyZMSJcuXfKvf/0rM2bMSJ8+fdKxY8fce++9GTNmTLbbbrt069YtEydOzKxZs/LAAw9k0KBB2WeffbL55ptnxIgRmTNnThYsWJBXX301n/vc51Je/u6FbGbPnp377rsvS5cuzS677JLXXnstI0eOzNtvv51p06alT58+TfdMTd69FPOjjz6au+++O88880waGxszePDgzJw5M+PGjcuTTz6ZHXbYIfvtt1+efvrpPPbYYxk4cGCqq6tz9913Z9ttt812222Xa6+9Nu+8807at2+fO++8M23atEmfPn3Spk2bNc578cUXZ968eZk4cWIOPvjg7Lrrrpk1a1Zuu+22TJ06NSUlJamvr8/IkSPTpUuXdOzYMSNHjkxdXV2+9rWv5ZZbbsmkSZNSU1OTqVOnZo899kjbtm2TJOXl5Zk5c+Zq7/tf//rXKvulW7duufvuuzNz5sz07t07b7zxRm6++eY8++yzmTJlSkaPHp3Bgwfn4YcfzsyZM7P77rtnwoQJGTVqVPbee+9UV1evto3Pf/7zufHGGzN69Oi89NJLee655zJgwIB06NAhV155ZV577bWm+9MOGDCgaT+sa78uWLAgf/rTnzJ37tzMnTs3hx12WDp06JAxY8bknnvuyWuvvZbnnnsuPXr0yHbbbde03jvvvHO12ffcc8/sueeeuf/++zNjxow88MADOeKII7Lttttm5MiRmTFjRgYMGND0/J133jnz58/Pfffdl2222SY9e/Zc47E5ZsyYPP7449luu+2y1VZbpUePHqvt06222mqV91xWVpYRI0ZkypQpefnll/POO+9k6NChmT179lpflySLFy/OVVddlVdeeSVz5szJ4sWL07t37/X+jLbeeuvV9kfbtm1XOXYnTJiQBx98MJWVlfnMZz6Tvn375qabbsqsWbPy9NNP5/jjj0+7du1ywQUXpGfPnh8poAMAAAD/N0oaP67r3QEAAJ8Yjz/+eBoaGvLFL34x9fX1+e1vf5sddtgh3/zmN5t7NAAAAAA2gktAAwDAp9BDDz2U3r17J0nKysrS0NCQHj16NPNUAAAAAGwsZwADAMCn0IQJE3LfffelS5cu+fe//51OnTrliCOOaO6xAAAAANhIAjAAAAAAAABAQbgENAAAAAAAAEBBCMAAAAAAAAAABSEAAwAAAAAAABSEAAwAAAAAAABQEAIwAAAAAAAAQEEIwAAAAAAAAAAFIQADAAAAAAAAFIQADAAAAAAAAFAQAjAAAAAAAABAQQjAAAAAAAAAAAUhAAMAAAAAAAAUhAAMAAAAAAAAUBACMAAAAAAAAEBBCMAAAAAAAAAABSEAAwAAAAAAABSEAAwAAAAAAABQEAIwAAAAAAAAQEEIwAAAAAAAAAAFIQADAAAAAAAAFIQADAAAAAAAAFAQAjAAAAAAAABAQQjAAAAAAAAAAAUhAAMAAAAAAAAUhAAMAAAAAAAAUBACMAAAAAAAAEBBCMAAAAAAAAAABSEAAwAAAAAAABREeXMPAADAJ1tjY2OWLVuWZcuWZeXKlamvr09jY2Nzj/WJV1JSkrKyspSXl6d169Zp3bp1SkpKmnssAAAAADZxJY1+OwcAwEfQ0NCQmpqa1NbWNoXKsrKylJSUpKSkJI2NjZYbuWxsbEx9fX3q6urS0NCQVq1apW3btiktdSEfAAAAANZMAAYAYIPV1tZm4cKFadmyZVq0aNHc43xq1NXVZfny5Wnfvn1atWrV3OMAAAAAsAly6gAAABukuro6CxcuTEVFRVq0aNF0uWfL//yyRYsWqaioyMKFC1NTUxMAAAAA+CBnAAMAsN4WLVqUN954I127dnUZ4mbU2NiY119/PV26dEn79u2bexwAAAAANiF+awcAwHpZvHhxXn311XTs2DGlpaWbxBmxn9ZlSUlJOnTokHnz5mXx4sUBAAAAgPc4AxgAgPUyZ86clJSUpKqqqrlH4X8tWrQojY2N6dmzZ3OPAgAAAMAmwhnAAACs08qVK7NkyZK0a9dukzgD1vLdZbt27bJkyZKsXLkyAAAAAJAIwAAArIeamppUVFQ0Pd6QSHnVVVflwgsvXK/nH3nkkZk4ceKHPu+iiy7KX//61w2e4z+9fOihh3LyySev8vWGhoYMHz48l156aVasWPGxbzdJKioqUlNTEwAAAABIXAIaAID1MGvWrFRUVKRVq1ZN96Bd3+WVV16Z6urq/OIXv1jn8995551UVFRks802W+vzFi9enNLS0rRu3Xq952hoaEhpaekGzb2hy9ra2tTV1aWysrLp63PmzMmSJUuy8847/8e2u2zZstTW1qZXr17NfZgAAAAAsAkob+4BAADY9C1btuxjufzz/Pnzc9xxx+VHP/pRHn/88VRXV2e77bbLf/3Xf6WkpCQnnnhiTjjhhAwcODDTpk3LFVdckerq6nTs2DE/+tGPstNOO+WKK65Ip06dcsQRR2T58uW57LLLMnny5DQ0NKRXr1458cQTU1VVlYceeihPPvlkNttss7z55pv54x//uMo806dPz4gRI7JkyZLU19dnjz32yDHHHJOysrI899xzueqqq7J48eK0aNEihx56aPbZZ580NjbmgQceyD/+8Y/U19enrKwsBx10UL7yla/kn//8Zx588MH89re/TWNjY+6+++7cc889aWhoSOvWrXP00Uenf//+eeutt9b6GbxnQz7XzTbbLNXV1R/7PgcAAADgk0kABgBgnd472/T9/17f5fvXUVZWlhUrVuSdd97J+eefn2XLluXYY4/N5MmT069fv6bnLl68OOedd15OPfXU9O/fP48++miGDRuWv/zlL6vEzzvuuCPz5s3LFVdckZKSkvzyl7/MLbfckuOOOy4tWrTIc889l1NOOSW77777anNdddVV2X///bPvvvumrq4ul156aV5++eV07tw55557bn76059m7733zmuvvZaTTjop22yzTbp27ZrLLrssI0aMSNeuXfP222/n8ssvz5AhQ1Z5n5MmTcrNN9+ciy++OJ06dcrEiRNz/vnn5+qrr05paWlWrFiRRYsWZdiwYVmyZEl++MMfZtKkSRkwYMAGf77v/RsAAAAAEvcABgBgA2zMvWrf//gLX/hCkqR169bp1q1b5s+fv8rznn322VRVVaV///5Nzx8+fPgqETpJDjrooJx77rkpLy9PWVlZdtlll7z22mtNcbSioiKDBg1a41ydOnXK6NGjM3369JSWluakk05Kr169Mnny5LRp0yaDBw9OY2NjunXrlt133z2jRo1KixYtUlVVlfvvvz+vvvpqOnXqlLPOOistWrRYZf6nnnoqe+yxRzp16pQkGThwYNq2bZupU6c2PWfIkCFpbGxMRUVFunXrlrfeeusjf77vD+0AAAAAfLo5AxgAgHUqLy/PypUrU15e/pHuVZusGoNbt269yhms9fX1qzxv4cKFqaysbHpcWlqadu3arXZG8euvv54bbrghb775ZkpLS7Nw4cJsueWWTd+vqqpa61w//elPc/vtt+eyyy7L22+/nS9/+cv53ve+l+rq6rz99tv5/ve/37Sturq6DB48OKWlpRk2bFjuuOOOnHnmmSktLc2hhx6ar371q6vMv2jRovTo0aPpcUlJSdq0aZNFixY1Pa9Vq1arfH/lypWrPF7f5cqVK1cL0AAAAAB8egnAAACsU+vWrVNXV5eysrIkG38G8Lqe165du7zzzjtNX29oaMjcuXOboup7fv/732fnnXfOL37xi5SUlOS2227L1KlT12u7rVu3zuGHH57DDz888+fPz/nnn5+uXbumQ4cO6d69ey655JLVPofGxsb06NEjP/7xj5Mk06ZNy7nnnps+ffqs8ryqqqpVYm9jY2NqamrSvn37Nc61vp/PmpZ1dXVp2bLlarMCAAAA8OnkEtAAAKzT5ptvntra2iQbH3/X9bixsTH9+/fPokWLMnbs2DQ2NmbUqFE544wzVjsD+J133sn222+fkpKSzJs3L6NGjWqac03rfW9ZV1eXk046KbNnz05jY2M6duyYtm3bprGxMbvsskuqq6szbty4JMnSpUtz6aWXZubMmZk1a1ZOO+20/Pvf/05jY2O23HLLprOi37/+wYMH5+mnn266rPO4ceOydOnS9O3bd6Mj+QeXtbW1adOmTQAAAAAgcQYwAADroU2bNnnjjTfStm3bNV7WeWOXH1RZWZnTTjst11xzTS677LK0b98+p556akpLS1d53RFHHJHrrrsut9xyS7beeuscd9xxGTZsWEaMGLHKWbkf3F55eXkOOeSQ/P73v09tbW1KSkrSv3//fPnLX85mm22WM844I9dcc02uuuqqNDQ0ZO+9984222yT0tLS7LLLLvn5z3+exsbGlJeXZ+jQodl6663z4osvNm1vl112ydChQ3P22WenoaEhlZWVOf3007P55ptn+fLlq821tjnXtayvr8+yZcuy9dZbr3nHAQAAAPCpU9K4tt+6AQDA+8yaNSslJSWprKzc4HsAW/5nlv/+979TWlqanj17NvfhAQAAAMAmwiWgAQBYLz169MiSJUuyYsWKj/0MYMuPdu/fpUuXrnZfZAAAAAA+3QRgAADWS8uWLdOjR48sWrQoK1eu3CQi6Kd1uXLlyixcuDA9evRIixYtAgAAAADvEYABAFhv7du3T1VVVaZOnZply5ZtEjH007ZctmxZpk6dmk6dOqV9+/YBAAAAgPcTgAEA2CA9evRIv3798uKLL+bNN9/cJKLop2U5f/78vPjii+nfv3+6dOkSAAAAAPigksb3fqMEAAAboLa2NpMnT05NTU3atWuXtm3bplWrVmnRokXKysqae7xPvPr6+tTV1aW2tjY1NTVZtGhR2rVrl379+qVVq1bNPR4AAAAAmygBGACAjVJdXZ0FCxZk4cKFWbp0aWpra1NfX9/cY33ilZWVpVWrVqmoqEhVVVU6deqUDh06NPdYAAAAAGziBGAAAAAAAACAgnAPYAAAAAAAAICCEIABAAAAAAAACkIABgAAAAAAACgIARgAAAAAAACgIARgAAAAAAAAgIIQgAEAAAAAAAAKQgAGAAAAAAAAKAgBGAAAAAAAAKAgBGAAAAAAAACAghCAAQAAAAAAAApCAAYAAAAAAAAoCAEYAAAAAAAAoCAEYAAAAAAAAICCEIABAAAAAAAACkIABgAAAAAAACgIARgAAAAAAACgIARgAAAAAAAAgIIQgAEAAAAAAAAKQgAGAAAAAAAAKAgBGAAAAAAAAKAgBGAAAAAAAACAghCAAQAAAAAAAApCAAYAAAAAAAAoCAEYAAAAAAAAoCAEYAAAAAAAAICCEIABAAAAAAAACkIABgAAAAAAACgIARgAAAAAAACgIARgAAAAAAAAgIIQgAEAAAAAAAAKQgAGAAAAAAAAKAgBGAAAAAAAAKAgBGAAAAAAAACAghCAAQAAAAAAAApCAAYAAAAAAAAoCAEYAAAAAAAAoCAEYAAAAAAAAICCEIABAAAAAAAACkIABgAAAAAAACgIARgAAAAAAACgIARgAAAAAAAAgIIQgAEAAAAAAAAKQgAGAAAAAAAAKAgBGAAAAAAAAKAgBGAAAAAAAACAghCAAQAAAAAAAApCAAYAAAAAAAAoCAEYAAAAAAAAoCAEYAAAAAAAAICCEIABAAAAAAAACkIABgAAAAAAACgIARgAAAAAAACgIARgAAAAAAAAgIIQgAEAAAAAAAAKQgAGAAAAAAAAKIiSPn36NDb3EAAAAAAAAABsPGcAAwAAAAAAABSEAAwAAAAAAABQEAIwAAAAAAAAQEEIwAAAAAAAAAAFIQADAAAAAAAAFIQADAAAAAAAAFAQAjAAAAAAAABAQQjAAAAAAAAAAAUhAAMAAAAAAAAUhAAMAAAAAAAAUBACMAAAAAAAAEBBCMAAAAAAAAAABSEAAwAAAAAAABSEAAwAAAAAAABQEAIwAAAAAAAAQEEIwAAAAAAAAAAFIQADAAAAAAAAFIQADAAAAAAAAFAQAjAAAAAAAABAQQjAAAAAAAAAAAUhAAMAAAAAAAAUhAAMAAAAAAAAUBACMAAAAAAAAEBBCMAAAAAAAAAABSEAAwAAAAAAABSEAAwAAAAAAABQEAIwAAAAAAAAQEEIwAAAAAAAAAAFIQADAAAAAAAAFIQADAAAAAAAAFAQAjAAAAAAAABAQQjAAAAAAAAAAAUhAAMAAAAAAAAUhAAMAAAAAAAAUBACMAAAAAAAAEBBCMAAAAAAAAAABSEAAwAAAAAAABSEAAwAAAAAAABQEAIwAAAAAAAAQEEIwAAAAAAAAAAFIQADAAAAAAAAFIQADAAAAAAAAFAQAjAAAAAAAABAQQjAAAAAAAAAAAUhAAMAAAAAAAAUhAAMAAAAAAAAUBACMAAAAAAAAEBBCMAAAAAAAAAABSEAAwAAAAAAABSEAAwAAAAAAABQEAIwAAAAAAAAQEEIwAAAAAAAAAAFIQADAAAAAAAAFIQADAAAAAAAAFAQAjAAAAAAAABAQQjAAAAAAAAAAAUhAAMAAAAAAAAUhAAMAAAAAAAAUBACMAAAAAAAAEBBCMAAAAAAAAAABSEAAwAAAAAAABSEAAwAAAAAAABQEAIwAAAAAAAAQEEIwAAAAAAAAAAFUd7cAwBs6nbeeefmHgEAAAAA+F9Tp05t7hEANmklffr0aWzuIQAAAAAAAADYeC4BDQAAAAAAAFAQAjAAAAAAAABAQQjAAAAAAAAAAAUhAAMAAAAAAAAUhAAMAAAAAAAAUBACMAAAAAAAAEBBCMAAAAAAAAAABSEAAwAAAAAAABSEAAwAAAAAAABQEAIwAAAAAAAAQEEIwAAAAAAAAAAFIQADAAAAAAAAFIQADAAAAAAAAFAQAjAAAAAAAABAQQjAAAAAAAAAAAUhAAMAAAAAAAAUhAAMAAAAAAAAUBACMAAAAAAAAEBBCMAAAAAAAAAABSEAAwAAAAAAABSEAAwAAAAAAABQEAIwAAAAAAAAQEEIwAAAAAAAAAAFIQADAAAAAAAAFIQADAAAAAAAAFAQAjAAAAAAAABAQQjAAAAAAAAAAAUhAAMAAAAAAAAUhAAMAAAAAAAAUBDlzT0AwCfFAQcckH333TedO3dOTU1Nxo4dmxtuuCHLly//yOvs2rVrqqqqMn369I+8jl122SWvvfZaFixY8JHXAQAAAAAAFIMzgAHWw+GHH5799tsvf/7zn/O9730vZ599drbYYouccsopG7Xe3XbbLb17996odey///7p0KHDRq0DAAAAAAAoBmcAA6xDu3bt8vWvfz1nnnlmZsyYkSR54403Mnz48Oy1114pLS1NY2Njvv3tb2evvfZKSUlJXnrppVx11VVZtmxZvva1r2XrrbdOy5Yts8UWW6SsrCy/+93v0q1btxx66KGpr69PZWVlrr/++nz+85/PIYcckhYtWuTNN9/MJZdc0nRm75577pnDDjssrVu3zuTJk/PnP/85BxxwQAYOHJiePXvmuuuuy9ixY9c6BwAAAAAAUHzOAAZYhx122CHV1dVN8fc9y5Yty6OPPpqGhobstddeGThwYH7xi1/khBNOSGlpab7xjW8kSRoaGjJo0KBcd911Of3/t3dvsV3Whx/HP63IoQdbaDAEYfYCmCULHsqcp7gLUIcaFkGS4ZQZDxFkZiYmms1oTJUsLNkku5jTC+OMDJREzTxxsS1hGQuLyFCGWkRRo2YUaKkcSmXt73/B31/WiYLixvbd63XT/p7f93me79Pbd7/P9847s23btlx00UXZtGlT1q5dm2eeeSaPPfZY6uvrc9NNN+Xee+/NokWL0tXVlTlz5iRJRo8enRtvvDFLlizJwoUL09jYmEsvvTRPPfVUtm/fnvvvvz/r1q37zHkAAAAAAADlE4ABjqCuri69vb2fOaa9vT1r166t7ge8Zs2anH766dXvOzs709PTkyR5991309LS8olr7Nu3LzfeeGN27NiRJPnrX/+acePGJUmmTZuWLVu2pKurK4ODg7n//vvzwgsvfO55AAAAAAAAZfMKaIAj2Lt37xH32G1qasqePXuGnHPSSSdVPx84cKD6e6VSSW3tJ///pqamJrNnz860adOSJA0NDdUY3NTUlH379h32ep9nHgAAAAAAQNmsAAY4gs7OzjQ1NWXq1KlDjg8fPjwLFy7MiBEj0tvbm8bGxup3DQ0N2b179+e6z3nnnZevf/3rue+++/KjH/0oTz75ZPW7w13/cKuIv4x5AAAAAAAA/70EYIAj2LdvX55++unceuutaW9vz6hRozJ+/PjccccdqaurS39/f9avX58LLrggw4cPT01NTWbMmJENGzYc8doDAwOpr69PkjQ2Nqarqyv79+9PQ0NDLrzwwowYMSJJsmnTppx22mmZMGFCamtrs2jRopx//vmfuMYXnQcAAAAAAFCGE8aOHXvP8Z4EwH+6zZs35+DBg5kzZ06uuuqqfOMb38iGDRvy8MMPp1Kp5P33309LS0uuu+66zJo1Kx988EFWrlyZgYGBTJo0KS0tLfnzn/+cJEM+VyqVXHPNNTnllFPy7LPPZubMmZk9e3bOPPPM/PrXv87FF1+choaGvPjii9m+fXsWLlyYK664Ih988EFWrFiRwcHBNDc3Z8GCBenr68uaNWs+dR4AAAAAAED5atra2irHexIAAAAAAAAAHDuvgAYAAAAAAAAohAAMAAAAAAAAUAgBGAAAAAAAAKAQAjAAAAAAAABAIQRggCNobW1Na2trkuTUU0/9r/4JAAAAAACUraatra1yvCcBAAAAAAAAwLGzAhgAAAAAAACgEAIwAAAAAAAAQCEEYAAAAAAAAIBCCMAAAAAAAAAAhRCAAQAAAAAAAAohAAMAAAAAAAAUQgAGAAAAAAAAKIQADAAAAAAAAFAIARgAAAAAAACgEAIwAAAAAAAAQCEEYAAAAAAAAIBCCMAAAAAAAAAAhRCAAQAAAAAAAAohAAMAAAAAAAAUQgAGAAAAAAAAKIQADAAAAAAAAFAIARgAAAAAAACgEAIwAAAAAAAAQCEEYAAAAAAAAIBCCMAAAAAAAAAAhRCAAQAAAAAAAAohAAMAAAAAAAAUYtjxngDAf7ra2tosXbo0g4ODQ453dXXlpz/96Zd+v+uuuy4bN27Mhg0bvvRr/zvV1tbm8ccfz8GDB5Mk/f392bJlS1atWpWtW7f+2+Zx++23Z926dfnDH/7wb7snAAAAAAAcLwIwwFG67777smfPnn/5fVasWFGNpiVYtGhRent709zcnAsvvDB33313lixZks7OziHjamtrPxHZAQAAAACAz0cABjhG119/fdavX5+XX365+vnFF1/MK6+8ku9973t577330trampNOOind3d159NFHU6lUMm7cuMybNy+jR4/Ojh07snLlyvT09GT+/PnVFcDjxo3L3Llz09DQkL///e95/vnn89prryVJOjo68txzz+WMM85IU1NT1q9fn9///vdJkvb29sycOTPDhg3Lrl27smLFivT29n5i7qNGjcqVV16Z1tbWHDhwIE8//XTeeOON1NXVZc6cOTnllFMyODiYv/zlL/ntb3+bJJ/5TJ9l9+7d+c1vfpORI0dm/vz5ueeee3L55Zdn4sSJaW1tzcaNG7N+/fosXrw4t956a5Jk8uTJWbhwYW677bbMnj07X/nKVzJq1KiMGTMmH330UZYtW5aenp4kyYIFC3LOOeektrY2mzZtygMPPCAoAwAAAADwP8cewAD/QpVKJZMnT84jjzySZcuWZezYsZk0aVKS5KqrrsqaNWvS0dGRzs7OzJkz5xPnX3311Vm7dm2WLl2a5cuXZ/78+amrq0uSDA4OZsyYMXnwwQfz4IMP5uKLL86JJ56YUaNGZe7cuXnooYeyZMmSdHd3Z+bMmYed3yWXXJIPP/ww9957b5544olcffXVOeGEEzJr1qz09fVl6dKl+fnPf56zzjorkydPPuIzHY1169blq1/9amprazMwMJDp06fnZz/7WVasWPGZ53089qGHHsoPf/jDvPXWW7nyyiuTJNOnT8/pp5+eH/zgB7nlllsyadKknHPOOUc9JwAAAAAAKIUVwABH6e677x7y+bXXXsvDDz98xPM2b96cgYGBJIf2DW5qakpzc3NGjx6dV155JUmyZs2a/OlPfxpyXktLS5qbm7Nx48Ykyd/+9rfs2LEjp556anUV8Merjnt7e9Pf35/GxsZ0d3eno6MjBw4cSJK8+eabOeussw47t7a2tjz66KNJknfeeSc/+clPMjAwkNNOOy2/+tWvkhzau3fTpk0fZ/UNAAAIBUlEQVSZMmVK3njjjU99pqPV3d2dYcOGZcSIEalUKtm2bVu2b99+VOe++uqr1ZXMGzZsyIIFC5IkL730UjZv3lx9dfaWLVsybty4o54TAAAAAACUQgAGOEodHR1faA/g/v7+IZ9ra2vT2NiYvr6+6rGBgYFqUP1YQ0ND9u/fP+TY/v37U19ff9hrVyqV1NTUJEm++c1vZsqUKUmSurq66muS/1lDQ8OQeezbty9J0tjYOOTe+/fvHxJUD/dMR2vMmDHp7++v3vfDDz886nM/nl+S9PX1paGhoTrfa665JhMmTEilUsnJJ5+cF1544aivCwAAAAAApRCAAb4EH4fXJBk5cuQRx+/Zs6f6KuckGTZsWJqbm7Nz587qsb179w4ZkxyKuUeK0GeccUa+9rWv5Re/+EX6+voyffr0T10BvHfv3tTX16e7uztJMnbs2HR3d2fPnj1DjtfX13+h+H04F1xwQXXl8j/7x4idHNqj+B81NjZWf6+vr6/G4+985zupqanJnXfemcHBwSxevPhLmSsAAAAAAPy3sQcwwDHavXt3xo4dm+TQa5vHjx9/VOf09PRk+vTpSZLzzjsv3/72t4eM2bVrV3p6enLmmWcmScaPH5+Wlpa88847n3nturq6dHd3p6+vL3V1dWlvb8/w4cMPO/b111+v7pU7ceLEfP/7309y6FXLZ599dpJDEXbatGnV105/USNHjsysWbNyySWX5PHHHz/smF27dqW5ubkafv95H9+2trbq3/rcc8+tzqmxsTFvv/12BgcH09ramqlTp37qMwMAAAAAQMmsAAY4Rn/84x/z3e9+N1OmTMn27dvT2dk5ZBXrp1m+fHnmzZuXSy+9NDt37szKlSsPO2bu3Lm56KKL8tFHH+Wxxx6r7u37aV5++eW0t7fn9ttvT29vb55//vlce+21+da3vpXVq1cPGbt69erMmzcvd911V/r7+7N8+fIMDAxk9erVmTt3bu64444MDg5m7dq12bZt2+f7w/y/Bx54IEly8ODBbN26NR0dHXn33XcPO7anpye/+93v8uMf/zg7d+7MSy+9lKlTpw55thtuuCETJkxIV1dXli1bliR59tlns3jx4syYMSNbt27NI488kptvvrm6ZzEAAAAAAPyvqGlra6sc70kAwJFcdtllmThxYn75y18e76kAAAAAAMB/LK+ABgAAAAAAACiEAAwAAAAAAABQCAEYgH+JVatWZdWqVdXfj/Xnc889lxkzZhzTdQAAAAAAoHT2AAYAAAAAAAAohBXAAAAAAAAAAIUQgAEAAAAAAAAKIQADAAAAAAAAFEIABgAAAAAAACiEAAwAAAAAAABQCAEYAAAAAAAAoBACMAAAAAAAAEAhBGAAAAAAAACAQgjAAAAAAAAAAIUQgAEAAAAAAAAKIQADAAAAAAAAFEIABgAAAAAAACiEAAwAAAAAAABQCAEYAAAAAAAAoBACMAAAAAAAAEAhBGAAAAAAAACAQgjAAAAAAAAAAIUQgAEAAAAAAAAKIQADAAAAAAAAFEIABgAAAAAAACiEAAwAAAAAAABQCAEYAAAAAAAAoBACMAAAAAAAAEAhBGAAAAAAAACAQgjAAAAAAAAAAIUQgAEAAAAAAAAKIQADAAAAAAAAFEIABgAAAAAAACiEAAwAAAAAAABQCAEYAAAAAAAAoBACMAAAAAAAAEAhBGAAAAAAAACAQgjAAAAAAAAAAIUQgAEAAAAAAAAKIQADAAAAAAAAFEIABgAAAAAAACiEAAwAAAAAAABQCAEYAAAAAAAAoBACMAAAAAAAAEAhBGAAAAAAAACAQgjAAAAAAAAAAIUQgAEAAAAAAAAKIQADAAAAAAAAFEIABgAAAAAAACiEAAwAAAAAAABQCAEYAAAAAAAAoBACMAAAAAAAAEAhBGAAAAAAAACAQgjAAAAAAAAAAIUQgAEAAAAAAAAKIQADAAAAAAAAFEIABgAAAAAAACiEAAwAAAAAAABQCAEYAAAAAAAAoBACMAAAAAAAAEAhBGAAAAAAAACAQgjAAAAAAAAAAIUQgAEAAAAAAAAKIQADAAAAAAAAFEIABgAAAAAAACiEAAwAAAAAAABQCAEYAAAAAAAAoBACMAAAAAAAAEAhBGAAAAAAAACAQgjAAAAAAAAAAIUQgAEAAAAAAAAKIQADAAAAAAAAFEIABgAAAAAAACiEAAwAAAAAAABQCAEYAAAAAAAAoBACMAAAAAAAAEAhBGAAAAAAAACAQgjAAAAAAAAAAIUQgAEAAAAAAAAKIQADAAAAAAAAFEIABgAAAAAAACiEAAwAAAAAAABQCAEYAAAAAAAAoBACMAAAAAAAAEAhBGAAAAAAAACAQgjAAAAAAAAAAIUQgAEAAAAAAAAKIQADAAAAAAAAFEIABgAAAAAAACiEAAwAAAAAAABQCAEYAAAAAAAAoBACMAAAAAAAAEAhBGAAAAAAAACAQgjAAAAAAAAAAIUQgAEAAAAAAAAKIQADAAAAAAAAFEIABgAAAAAAACiEAAwAAAAAAABQCAEYAAAAAAAAoBACMAAAAAAAAEAhBGAAAAAAAACAQgjAAAAAAAAAAIUQgAEAAAAAAAAKIQADAAAAAAAAFEIABgAAAAAAACiEAAwAAAAAAABQCAEYAAAAAAAAoBACMAAAAAAAAEAhBGAAAAAAAACAQgjAAAAAAAAAAIUQgAEAAAAAAAAKIQADAAAAAAAAFEIABgAAAAAAACjE/wGRE5GdQHux2gAAAABJRU5ErkJggg==' height='250' width='300'/> ]]>
  </system-out>
  <testcase classname="com.tribu.qaselenium.tests.negative.NegativeTests" name="negativeLoginTest" time="3.924"/>
  <system-out>
    <![CDATA[ <img src='data:image/png;base64,iVBORw0KGgoAAAANSUhEUgAAB4AAAAOiCAYAAACRicroAAAAAXNSR0IArs4c6QAAIABJREFUeJzs3Xd8VHW6x/HvmZreO4QECDVU6YgFRMWC6FpQV7FfV12v7lp3111116tey6q7a9u91rW3VVGxURRFqVKE0FtCEtJ7JpMp948JSYYkJIFAyPB5v168mJzz+53znDPDCa88eZ6fYb30r14BAAAAAAAAAAAAAHo8U3cHAAAAAAAAAAAAAADoGiSAAQAAAAAAAAAAACBAWCSju2MAAAAAAAAAAAAAAHQBC/lfAAAAAAAAAAAAAAgMtIAGAAAAAAAAAAAAgABBC2gAAAAAAAAAAAAACBAW0r8AAAAAAAAAAAAAEBhYAxgAAAAAAAAAAAAAAgQtoAEAAAAAAAAAAAAgQJi6OwAAAAAAAAAAAAAAQNcgAQwAAAAAAAAAAAAAAYI1gAEAAAAAAAAAAAAgQLAGMAAAAAAAAAAAAAAECAvpXwAAAAAAAAAAAAAIDKwBDAAAAAAAAADAERJqt8rxys0amBzd7th/XTtd950/8YBj0uLC5XjlZplNR1+516bHr9S0zFS/bSP6xGnJfbM1ZVBKN0UFAIHPIuPo+6YAAAAAAAAAAEBA2vczecNQez+fv+2NxXJ7vAccl11SrbRbXpTbq3aP1zwEr7ejAR+84+9/W+U1Tr+4RqbFa/pDH6jG6epwvACAzrF0dwAAAAAAAAAAAByrNjwyR3//8iedOaqvYsOCVFfv1qVPf668smo9/ssTtaekSvd98KPsVrMemn28zh7dV1azSe/+uEV3vf2dUmPDtOmxKxR69dNye7z6zZmjdd3Jw2UxGyqudOi/X12k5dv3Kj0uQqsevFT3f/Cj7p45TmPueUO5pdWNcRiG9PilJ2rGyHR5vV6V19bpN699q6Vb82WzmPSXCybrzFG+feuyi/Xfry5ScZVD8eHB+r/rpisjKUomw9DGPSW6/sX5Kqio1ff3ztYNL83XgvU56hMbricvP0kDk6J059ljtXBDju5+6zvVOF0HvAcAgM6jBTQAAAAAAAAAAN3E5XZremYfnfvXuZp83zuqqHXquqnDWoy746wxGpgUreF3v6bhd7+mqZm99V/ThvuNmZCRpN/NHKdp//OeBt72iub+tF3PXDVVkuSodynEZlFYkE3JN/3LL/krSadkpur0EWka9fvXlHnXv3X/B0t1wbgMSdLtZ43RhIwkTbz3bY343evaW16jpy4/SZJ082mjVFRZq8w7/60hd7yqJVvzdOrwtBbxv3T9aVqfU6xhd7+mMfe8oUHJ0brz7LGdugcAgI6xSLRYAAAAAAAAAADgyDD2e23onaVb5Pb4vl6zq0h9YsNbjPvFuAw99PEK1dV7VFfv0SkP/kdOl1uJkSGNY5Zu3auM376iilqnJENfrtutO84aI8mQt+F4by7ZpNbyArmlNYqPCNYvjx+iT3/aoS/W7tYXa3dLMnT+uAF69NOVqq5zSTL09y/X6Of/vUzm579STmmVzhvXXzNGpuvbrD169JNV+12nobjwYB0/MFmXPfO5JENOl1evfpelW04fpfs+WNrBewAA6CgLz08AAAAAAAAAAI4Qo9nfDa8rHPWNrz3yymw2tRiXGBmikmpHsznOFscLC7bqvvMnanz/RHm9XgXbLDIZht+5CiprW82rbsgt0cX/mKf/mjpMD82erC35Zbrzre/0w5Z8JUaG6H8vPl73nz+xcXyVo15JUSH658Kf5fF69ZszRuu1G07X/PXZ+u3r32pPswrjhIYkdWFVU/xFVQ7f9o7cAwBAp1h4fgIAAAAAAAAAcGS0kv/1e6029heU1ygxIrhxW0JEsCwmk9+YP84ar+GpsZrxvx+quq5eE/on6Yu7zvU/vrftvOrCDTlauCFHZpOh66YO09u/PlNpt7yovLJqPfjxcn24Ylur1/PCovV6YdF6hQdZ9cRlJ+mRi6fosme/aDxPQXmNJCkpIrgxMZwQHqz8sup27wEAoPNoAQ0AAAAAAAAAwBHTVsrTOMDfhj5atUPXnDxMH63cIUl675az9daPm/TpTzsbx8WFB2tzXqmq61wKC7LpxlNHyGI2yWYxH+C8PleeOERj0hN062vfyu3xKiu3VIbhG/+fFdt0/dRh+nLtbtU4XTp9RB9NG5qqu976Xs9eNVVLt+Xr5W+zVOlwaWdRhYakxPidr7iqTos35er6aSP0p/d/lN1q1hUnDtVHK7d38B4AADrD0t0BAAAAAAAAAACAA3vkk5WKDQ3Smoculdlk0kcrt+m5r39WamxY45invlitl68/VWsevFRFVbX6zWuLNSQlRt/96ULNfHzuAY///rKtOmlwL2U9erncbo9Kq+t0xXNfSZIe/2yVIoJtWvrn2TIbhgoqa3Xb64slSX/7crWeuvwk/e6ccfJ4PNqSX6abX/2mxfGv+efXemrOSVr38C/l9Xo1b80uPfH56i68QwCAfYygK5/2dncQAAAAAAAAAAAAAIBDRwtoAAAAAAAAAAAAAAgQpu4OAAAAAAAAAAAAAADQNUgAAwAAAAAAAAAAAECAsBgGLaABAAAAAAAAAAAAIBBQAQwAAAAAAAAAAAAAAYIEMAAAAAAAAAAAAAAECBLAAAAAAAAAAAAAABAgLGINYAAAAAAAAAAAAAAICFQAAwAAAAAAAAAAAECAIAEMAAAAAAAAAAAAAAHCYogW0AAAAAAAAAAAAAAQCCzkfwEAAAAAAAAAAAAgMNACGgAAAAAAAAAAAAAChEWUAAMAAAAAAAAAAABAQKACGAAAAAAAAAAAAAACBGsAAwAAAAAAAAAAAECAoAU0AAAAAAAAAAAAAAQIC+lfAAAAAAAAAAAAAAgMrAEMAAAAAAAAAAAAAAHCIoMaYAAAAAAAAAAAAAAIBFQAAwAAAAAAAAAAAECAIAEMAAAAAAAAAAAAAAHCItECGgAAAAAAAAAAAAACgYX8LwAAAAAAAAAAAAAEBgv5XwAAAAAAAAAAAAAIDLSABoCjRJC3Tg7D3t1hAAAAAAAAAACAHszU3QEAAHySyjcpyFXd3WEAAAAAAAAAAIAejDWAAeAoEOSq1mUX/UIvf7ZYebLLbVi6OyQAAAAAAAAAANADUQEMAEeBEG+tZk3KlCUySSmOHJm9ru4OCQAAAAAAAAAA9ECsAQwAR4HRqTEanBKj2KgwFStN8aX5yrendHdYAAAAAAAAAACgh6ECGAC6WZCrWlfNmCRJslvMktmioPBoJTuyuzkyAAAAAAAAAADQ01gMCoABoNuYvS6dkBqkWROHqqiyVnVut68xQ1Co7IaUXJ6twqBk1gQGAAAAAAAAAAAdQgtoAOgmZq9LU+Pr9epd10qSvt24R8WVdWp8LtvDZI8NUnJJjoossXJYQrsvWAAAAAAAAAAA0CPQAhoAukGwu0aXD4/Sa/dcK5vFpAXrs/XyovUtB5otMsenK8niUGJttsxe15EPFgAAAAAAAAAA9Bj0FAWAI8jsdSndWqW/3zxLU4ama2NuiZZv26sF67O1o7CizXne8HgFhbjUu6pIjjqXSm2xcprsRzByAAAAAAAAAADQE1jEIsAAcERE1RXqsuMH6Z5fzlGI3dq4vdJRr0EpMVqxo+DAB7BYpahkBbldSqkqVG2dm0QwAAAAAAAAAADwQwUwABxmoa4KnT4gRn+47CoNSI7x29crJkySVFxZ2/EDmi3yRiYrSFJKZYEctQUqsSeQCAYAAAAAAAAAACSAAeBwCXVV6NQBMbr53PM0bkCvVscsWJ8jSVqbXXRQ5/CGJ8geLqWU5qjG6VWxPVFug0c7AAAAAAAAAADHKoshWkADQFfyrfNbqceuP0vTRvZvc9yC9TnaU1Kl5dv2Kq+0Rof0PI5OVYjbpeDSHBWZo1RjiTj4YwEAAAAAAAAAgB7LQv4XALpOkKtaF4+I0wNX/1LhwbY2xy1Yn6ONuSXalFeqlTsL1CXPYotFRny6EioLVFWXryJ7UhccFAAAAAAAAAAA9CT0CQWALhLpKNTfrztdsyZmHnDcvuTvjsIKLdyQ0+VxeMMTFGqrlrlij4ps8XKb2k5EAwAAAAAAAACAwGLpmrIzADi2ZahAr//5Cg3uFdvmGKfLrXlrdmtPSZU25ZU1JH8P0zPYHqagmCAlF+5QXkga6wIDAAAAAAAAAHCMMHV3AADQ040JKddb91x5wORvUaVDb/+4tSH5W3pYKn9bMFtkju+r5JpdMntdh/98AAAAAAAAAACg27EGMAAcgoEq0Mt3Xas+cRFtjlm+fa+Wby+QJC3MytGmvNIj13zBYpE5oa8SCncpL7TvETopAAAAAAAAAADoLrSABoCDlOIu1NyHrldSVGir+4sqHVqwIUdFlbUqqqzVwg05Kq5yHOEo5asEjk1VWHaWquKHHvnzAwAAAAAAAACAI8ZC+hcAOi+0rlgv335+q8lfp8ut5dsLtHZ3kSRp3e4irdixV06Xp9t+5cZitckcFC57Ra6cESndFAWOBLvFpL1PXCJJOvnReVq9u6SbIzr63XfOKN16aqa++HmPZj+/qLvDAQAAAAAAAIBDYunuAACgpzF5Xbp0TC9NGJTaYt/y7Xu1bnex6lxuFVXWasmWPOWWVndDlK0IjZatcIfcQVFy20IO66k2P3i+EsKDWmz3eqWqunpll1Rr2Y5Cvfz9Vq3OJkEJtOX4jAR9esupkqQteys07oG5Bxw/IDFCy++Z2eb+erdHJdVOrc0u0bsrd+rdFTvk9bYct+Ev5yklKkQPfLpGj33+8yFdAwAAAAAAAIAjyyKDGmAA6IwMFWlk5ng5XW7ZLGblllZrR2GFNuWWqs7lVp3LrbW7i7VyR0HDjKPjOWu1WlQZHKuQsu2qTBx+RM7pqHerzuVp/NpsMhQeZNXQlCgNTYnSFZMH6P65q/Xk1xuOSDzHhObf1w1DfJ/vCKPpr6Psfl15/IDG1wMSIzQ5I1FLthW0PaFZ/FV1Lrk9/tndIKtZiRFBOjUzRadmpmjO5Axd/PwiVdW59j9Q099H2T0BAAAAAAAAcGBUAANAJ4TUl2tYZoYq61x6YZF/0nJf4ndddpGczZKeRwvDbJFMZrkswbLWFKk+JO6wn/Phz9fpya/871OIzazJGQm6b+ZoDesVpXtnjtKCjXlam1N62OMBepKoEJvOGdVHkvT1hjxNH5qsOZP6HzgB3My5T8/Xip3FLbanRofqson9dPvpwzQlI0FPzp6ga1/9vktjBwAAAAAAANB9TN0dAAD0JDHOItlDI/y21TWs+fve0q1auaPgqEz+SpLb5avwc9vCFFS6u9viqHG69fWGPF3w3ELfusiGdM7Ilu20gWPdpRP6yW4xaU1OqZ6cv16SNGt0H0UEWQ/puNml1Xpo3jo98OlaSdL5Y9KUEhV8yPECAAAAAAAAODpQAQwAHRTpKJA5Il4rdhSo0lEvm8WsvLLqo2eN33YYzRb6dAVFyFZVIGdYQrfFk19eq817KzSsV5QSIlpPPkUEWXXj1ME6a0RvpceGy2o2lF9Rq++2FOjphVnKyivvknmhNov2PHaRJKnv3e/ppEFJuueskeobF6Y5Ly7Wp2tzOnRN54xM1WUT+2tkaoxiw+xyujzaWVSleety9NT8Dapw1PuNnzYkWR/cMFVZeeWa9NCnmjGsl247LVNDkqNU7/Zo1a5i/Xnuaq3JKZXZZOiW6UN1ybi+6hMbpipHveZn5emeD1epoNLRekBeaWhKpO48fbgmZyQoKtimvZW1+nzdHj00b51KqutaTLFbTLp6ygCdOypNg5IiFB5kVVWdS1l5ZXpr2Q698sPWVteMnTYkWVcfP0Bj0mIVF2ZXjdOt/PJazc/K1b8Wb9aOoiq/8WaTocsn9deFY9I1NCVK4UFWlVbXKae0Rh+u3qWXvtva4n5J0sje0brh5MGa2C9eSZHBMgxDeeU1Wrx5r578eoO2FVa2eiuG9YrS784YoUn94xVisyi3rEYfr87WI1+sa+PdbHL2iN66fFJ/je4Tq+gQm6rrXNqUX6G5a3fr/xZvkaPe7Td+0e0zNKpPjOa8sFg7iqr06IVjNSo1Ri99v1W/+2Blu+fbZ86k/pKk91bu1PdbC5RbVquUqGBdOC5dLyze0uHjtOX1H7fp3pkjZRjS2LQ4fVyWfcjHBAAAAAAAAND9WAMYADooXLVSSJKcbq/W5ZQ07eghz9F6V31jrG57uOyVuXKGJx7msx54/dAwu+/3kHLLaluM6xcfrg9vnKo+MaGqdrqUlVsuh8utwUmRumxiP80el65fvf6j3l+565Dn1Tar2h6THqcXrjheZlPn1kB99Pyxuu5E33qt+RW1Wr27RFEhNg1OjtDQlEzNGt1Hpz7xpUprnI1z9q2PHGK36Nzj0vTiFZO1vbBKOaXVykiI0ClDkjUmLVbjH/xUj14wVmeP6K31uWXKK69VemyoLhqXrsHJkTrpsc+bkrLNYs3sFa1HLhgjSdqyt0KVjnr1jw/XdScO1ClDkjXtr1+qrFk8wVazPr15uo5Li5EkbS+s1JaCCiVHhmhiv3hN7BevqYOTdcVL3/ld+6+nDdYDs0ZLknJKa7RsR5HsFrMGJUXqxqmDdenE/jrvmQX6aXfTv5vXrj1RZwzrJUnamF+udXtKFRls04je0RrdJ0YXju2rmX+f73e/fnFcH/3z8smymAxVOOq1Mb9CZpOhjIRwXT6pv84fk66Z/5ivlbv82x5P6Bunj26apiCrWeW19fphW6GsFpOuP3mQpg5J1ndb9rb5Xj/7y4m6ZHxfSdLWgkqtyS5RTKhdY9NjNaFfnGaP66dZTy/wS6bXNiSEo0LtevMXY9Q7OqTpgB18XkzsF6/BSZFye7x6d8UueWXonRU7dOv0obpiUoZe+G5rGzM7vgZ0SbN7GxFia33sUbguMgAAAAAAAIADs/AjPQBon91VJUtwRPsDj2L1Tmfz1JC8Frsszhq5bSFtzjlUhvzSUX5GpcYoLTZMkvTF+j1+4ywmQ69ePUV9YkL12boc/fqNpY2JQKvZpNtOy9RdM4bpH5dM0MqdRdpVXH1I87xer7xeX57r1lOGasHGPD3w6VoVV9Wp0lHf5jXsM6FvXGPy9zfvLNfL3zcl5zJTovTxr6cpIyFct52aqT9+9FPjPo/Hl7WNDrbpL7NG64LnFmnhxnxJ0pDkSM275VRFhdj0+rUnKCbUrjEPzG2MedaoVL181RSN6B2tKRkJ+m5LQeM93+f+c0bp/ZW7dPf7KxuTklMyEvT29SerX3y47jwtU3/4sCmem6YO1nFpMap0uHTeMwv8EqkXjk3TPy+frFmjUjUjM0VfrM+VJIUHWfTHs0ZKkv77rWX69w/bGucEW816+PwxmjOpvx6YNVpn/32+JGna4CSdMayXKh0uzfzH11qT3bT+c3JksF6/9kSN7hOjX500SA/P81XohtjMeuKi8bKYDL25dId+++7yxsrb2DC7Xr/2RE3oG6fHLxyrqY994ff+/O3iCQqymrVkW6Eu+ec3jZXFMaF2/fuaEzRnUkbj2Ob377oTB+iS8X3ldHl09cvf69N1TZXgGQnh+uDGaRreK0qPnD9G1726pHGfu+F9vWhMupwut857ZqE27y2Xy+1t97O0z5WTfdW/87PytLeiVoak15du163Th2pE72iNSo32u2+txX+gf3+S1DcurPF1cVVdq2PbOwYAAAAAAACAow9rAANAB0Q4y6Sw2O4O46DVOp3yevzXJq4PjpG9omOtjbuK2WQoNTpEv5zYT29cd6IMQ3p6wUatzi7xG3f2yFQNS4nSnrIa/derP/hVgda7PXp43jot2JivYKtZ100ZeMjzJMnTUEKbFhuqOS9+p7U5pdpTVtNqG+L9xYTa9dm6HM1dk+2X/JWk9blljdWa04cmtzo/ItiqD1ftakz+SlJWXrnmrvG15B2XHqc//GdVY/JXkj5ana0tBRWSfMn01hRVOXTr28sak7+S9N3WAj27aKMkafa4vjI1q+50e7z6akOu/rEwq0UV7bsrdumHbYW+6xiS0rh9UFKk7BaTHPVuv+Sv5KuEvfv9lXr8y/V6d+XOxkLSEb198S7bUdgiiZlXXqub31yqh+et06rdTTEkRYZo4cY8fb+1QH/5dI1f2+Xiqjo9+NnaxnsRG2Zv3De+b5wGJfl+eeOOd5f7vZ8l1XX61b+XKMRmbnHvDEO6edpQSdKzizb5JX8lXzXwvnbO543uo+TIpjbm+xLAk/rH67IXFmvRpnzlltW23ap7P5HBVs0a1UeS9Pqy7X7nXLajSJI0Z2JGq3M74/KJviRzvdujH7cXHvLxAAAAAAAAABwdLNR1AED77IZbPfl56aipVWvxm9yOVrd3lXtnjtS9M0e2um/z3grd8+FP+mDV7hYxnDmstyTp6w15qna2fu8/WZujaYOTdNLgJOkj45DmNffuil1y1HtanduWeT/nat7PuQ1ftZy3tSFRmxgR3OZx31mxq8W+7Q3r5lbU1uuL9Xkt9u8orNKAhAjFhNib7Wsa8/6q3fJ6W57vi/W5uu20TMWG2dUvPlxbC3zr5j75dZae/DrrANdRqUn94/2uo7Tal1ANspp1woBELW6oRN6ntt6jBz7dt85uw5yGxPzw3tFKjAjW3gr/xOj63HKtzy33m7O9sEpXvbyk2Sj/+PZdgyQlhgeruMp3jkn9fetc55bVakNeRYt52aW1WrGrWBP6xvkdd0hSpFIbWje/v6rleyNJX23Ik6PerSCrWVMGJOrdFf7tyFfuKlZWK+dsz8Xj+ynYalZJtVPz1uX6zX9t6XaN7xunC8am6Z4Pf/JL7rfUsn7XMKTeUSG67oSBunHqIEnSC99tVVlNfRtxUgMMAAAAAAAA9DQWfqYHAAdmc9fJYrOrlTxaj+DxelTndLSawzG8kuFxymu2HZZzVzjqVVXn8tsWZDErOsSmgYkR+t0Zw5UYGaznvtnUtIatpMxeUZKkkwcl6ZObp7V67OhQX5XngISIxms72HnNrc0tPeh8V1JEsE4cmKC+ceEKt1sb1xHe12rXbBgte/Q22F1a3eK8jnrfvcsurWk1JofLl/yzmk2t5X/1857Wr2VbUVOyNC0uTFsLK/32D02O1Pi+cUqJDFGozSJTw3WM7uOr3DWbmq5jW1Gl5mfl6ZQhyfrgxqn6dG2OPl+/R99s3qu88tqWJ5f00Zps3X3GMCVFBGvp78/Seyt36eusXH2/tUCV+31e9hdiM+vkQUkalBSpqCCrbBZf9a7d0tTUxGxuiq9fw73fXljZ5vu6Ob+iKQHcMGZQcqQkX2V4Vn55q3Odbo92lVRrUGKEBiZGtHgP1uYc3GdpziRfZe47K3aq3uPxO8Z/ftqth38xRhFBVp17XB+9uWyH/+RmY9//1clyebx+u8OCLLKZm+7VZ+v26E8fr24ZZxufUwAAAAAAAABHP0t3BwAAR7vg+nJ5I3tu++fKqhp590sC7eOyhcpSXaT6iJRW9x+qJ77e0KyitEmIzaxThiTrz+eM0oPnjtaJAxJ16f9925gEjg7xJaTTYkOVFht6wHPYLSbZzCY53Z6Dntdc87bRHWU2GXr4vON09ZQMv5bKnXGgVtOVHWhD3ZqSNq6lorbpeOFBTf8VSIwI0r8un6wTBiR06jxXvPS9HjxvtH45oZ9mjUrVrFGpkhraWK/N0Yvfb/Gr8i2rceqMp+brH5eM1/EZCbpmSoaumZIhl8er5TuL9O7KXXpj6XbVufzfmzmT+uuBc0cr3N7x/75EBPk+Ewe6v+W1Le/Tvs9SVZ2rRRK1ubKGexwZ3PKXKA7mszQuPVZDG5LPbzRr/7xPVZ1LH63erUvG99Wcif1bJoCbiQi2ttjm9nhVWFmn1dklen3Zdn20OrvTMQIAAAAAAAA4utECGgDaYTYMyRrU3WEclLr6etVUVamtZ73bFi5rXYXqD9v3gtbbx9Y4PZq7Zo/WZJdp5T1naUZmimaOSNXHa3zrrO7Lt/3p4zX6+4KNHT7Xwc5rzrdUcufux5/OGqlrTxggl8erhz9fpw9/ytaeshrVOH0VuueM7K1Xrjq+lfO1V2bZ0f2GWisB9q1F23Ket9k2X4to39evXXOCxqbFqqDSofs/WatFG/NVWFWn+oYk+SPnH6frThjQ4jzVTrdueXuFHpz3s2aO7K1pg5J1fP94DUmO1JDkSN148iDNefF7LdzUtMbxzuJqnf2PhRqSHKmzR/TS1EHJGpMWo0n94jWpX7x+ffJgzXpmoXJKayRJpw1N1lOzx0mS3lu5W89+s0lb9lY0VgzHhNq07X/Oa3E//PPxrb+vZpOplTHGvpvV5jzfHqPhPrYc52lnbmuunNS0tu+3d8w44NiJ/eI0ICFCWwqaV3A3ne/UJ77Wiv3Wcm6pI/Hxf0UAAAAAAACgJ7EcZKESABwz7N469cRnpcfjUUV5efuxm0yH7foM7Z+A85ddWq2f95RpVGq0ThqYqLlrfQng0uo69YoKVkJ4UKdiO9h5+wfdmblWs0lXT/El7R76fJ2e+Kqp4nnfccKDrC22NZyq1e0tBrQXU7P9zcdFhdhanRfZrDK00lEvw/BVno5N81W6X/HS91q6o6jD17FPQaVDL3y3VS98t1Umw9CJAxP0p7NGalRqtJ67bIKOe+CTxqT4Phvzy7Uxv1yPfblBoTaLzhmVqnvPHqF+8WF67IIxuuT/FkuSrj9xoCRp4aZ8/ddrPxwwtub3Y18L8ohga5v3MDbMvm9a45jSmjpJDS2TLabGJPj+okJ85y2vdbZ6/M58liKCrDp3dB9JUnF1XYsKaL+YQ+2yW0yaM6m/r4VzK+czOvlZblVXHAMAAAAAAADAEUULaABoh9l74DVJj1blFZVyu9pvHWy4HO2OOZz2JSObr0u6Ia9cw3pFNSYkO+pg5x2KXlEhCmtoSfzVhrxWxzSuL3uEDUqK0IKN+S2294sPa3y9rWH930FJvrbDFbX1fsnf5sald/y+erxeLdq0V6tLje6TAAAgAElEQVR2L9TG+2cpITxIw3tFt3lsSap2uvTmsh0qqKjVu9efpJMGJspkGPJ4vY3xfZXVxj3u1/o93llSJUnqFx/e5nmHNawd3dyGvHJJkskwNCQ50ree736CrWalN6wxnJVf3ubxO+qCsWkKsZnlqHdr3IOfNbaXbs2dp2fq7hnDdPG4dP3l07VtJqgBAAAAAAAAHHtoAQ0A7bB43e0POsqUV1bLUVvTobGGt/U2wV2n7WMP6xWl9NiGBNreisax89bv0UVj0zS+b6yGJEUqK7+ixdy7Ts/UuPRYPfvNZs1vSHIe7LzOxLw/t7dpfVi7xdxi7oCEcF0wJk2SZDLt3xL7UFtAtza2adzMEal6dtGWFiOnD/at+bynrFa7S2okGQ3toiWrxdTquS4el67+DUlUc7PrmD0uTeeMSNVrS7dr3s+5LeZV1LpU5/IoyGpWqN0qydA9Zw7XmLQY3fTGMuWW17aYs7fSV30bZDXLajapzuWRpyG+1u5xkNWs304f2vi12Wi6hhU7SyRJKZHBykyJ0vpc/0RtZkpk45q7zVtHb95bqR1FVeobF6ZfjO6jtTllLeI8e2SqbA3xfbO5oNX71pnP0hUT+0uS5q7JUVlN/QHnvr50h+48PVNxYXadObyXPlqd08r5Wm/B3jldcQwAAAAAAAAAR5Kp/SEAcIyz2rs7gk6pqa1VTVXLxGdbzJ72q4S7Wrjdopkje+uNa6bIMKTSGqfeWb6rcf+na/doQ165TIahF66YrLTY0MZ9hiHNmdRPt502VNMGJ6m8tv6Q5x2KnNIaFVX5Epb7Enj7jEuP1XvXn6T//JQtSQqzW5QYceTWkx6aHKnbThvq18J3RO8o3XCSr53ym8t2NG5fvduXKA22mjV7XFrjdsOQLh2frofPG633Vu6W5F9NG2Qx64xhKXr0gjEakxbjd36zydCtpwxWZLBVNU5343q0fWJDddLARD1/2USlRAb7zYkIsuqOU33J3GU7ixvbIP+U7YvvwuN8VbL7pEQG663rTlBWXrmqnb5q/YyEpvi+31rQuI7wExeNVVxY07/nfnFh+tflk1RQ2XoV/JPzfe28f3XSQM0YluK3b3ivKP3lnJGSpJeXbFPpAap1O+K4PjEa3lCJ/MqP29sdv6esVgs27pUkXT6h3yGdGwAAAAAAAEBgsVDUAQAd0MXPykHJUQqz+1ofb84vU6Wja5KRNbW1Ki8v61S8HpP5sBX43Xl6pm6dPsRvm9lkKNTWtAJBcXWdLn/xexXX1DXG4fJ6deXLS/TBDSdpcFKEVvz+TP2UXaJap1sZCeFKjgyW1yv98eM1WrG7+JDn+elkwaNX0hPzs/Q/s0bpsol9Na5vrLYVViotJkyZKZF6b+Vu3fXBKp0zsrfC7BZ9dvM0rdhVrOtfX3pYCoDN5qaBd32wSn+9cKyumtxfG3LLFRFs1Zg+MTKbDK3PLdffFm5snJe1t0Lzfs7VGcNS9MwlE3TFpP4qr3EqMyVKKVHBuvODVdqYX6ELxvTRgIRwfXHLKZq3IVdPL9yk04am6IxhKfrq1unKLq3RnrIa2cwmpceGKSbUJo/Xqzs+WKkKR71kSPd/skajU2N0fEa81t57tjbvrVRJdZ3Cg6zKSAhXsNWs0hqnbn9/ZWN8f1u4UWcMS9HQlEit/MNZ+im7RFHBNo1Nj9XmvRW68pUlevXKyZqSkaBHzz9OvxjdR3d/uErZJTX67Xsr9OY1J2hsWqzW3TtTG/PLZbeYNSgxQmtySvX84i3645nDZexX/PzvpTs0Ji1Wcyb20xvXTFFWfoWyS6qVFBGs4b2iZBjSgk35uv/TtYf8Wbpiku+XB7YVVmnJ9sIOzfv30u2aPiRJJw9KVO+YEF+iu6sLgPcdBwAAAAAAAECPQQtoAGhX12RRZo5O19QhKZo6pFeLfZWOei3M2qOFWblalLXnoI5fWlouh8PXzrc1w1LjFR5i04bsIpXX1O239/B8LwiymhVkNfttc3m8Kq6u0+a9lfoqK08vLdnWUI3rH8PWwipNefRL3XDiQJ05LEWDkyJlNhnKL6/Vuyt364Xvt2rZzuIum9ek8+/3s99sUXWdS9dNGdCYaN68t1K/eXelXvnBV8352/dW6t6zRig5MliJEcGtnKejLZ4PHHOQtSm5vmhzgU57ar7uPC1TE/rGKirEptzyWn28JkePfrlBVXVuv+Ne8+8fddfpmfrF6FSN6ROjstp6/bS7RL9+a7m+3VIgSXpm0WZdOj5dg5Ii9O2WAtW7vZrz8hJdMamfzh2ZqiHJERqXFiuXx6vcshp9sSFXzy/e0tBC2XeuPWUOnf63+brhxIGaPiRJfePCNDAxXDVOt7YXVmn+xnw9++1m7a1wNM5ZtbtU5z77je4+PVOj+8TopIGJyi6p0VPzN+qpBRtVVefS7z9ao2cuGacBCREalBQhr8d3X77O2quzn16o304fqnFpMRqcFKncshr9Y9EmPfLFBl0wpo8kKdhqaXGfb31npb7MytMVE/trdGq0BiSEq9JRr8VbC/T2yl16e/kueVq0UW/ejrv9z1KY3aLzRqdK8iV1O/r5m/dzrgqr6hQfZtdl4/vp4S/WtzKXDDAAAAAAAABwrDGib33H2/4wADh2JdfvlS068aDnD0qO0l8vnayUqND2B0vKLavWcws2aO5POzs03uPxqrS8XE5Hy7VUJemiyUN0xzkTlBoXIUkqr6nTn95erLe/3yBJslXlqyp5dIfOBQAAAAAAAAAAjm5GDAlgADigpENIAJ9zXLruP2/cQc3dlFeme/+zXJvyytoc43a5VVJaJper5fqjw1Lj9eTV0zUsNb7VuePuflnZRRUyOyrliB94UDECAAAAAAAAAICji0UGbf0A4EC8LqcOpgWqL/k79qDPOyg5Sm/deKqeW7BBzy/c0GJ/rcOhivJyeTyeFvHdfs4E3X7O+AMe/45zJui/X/xaJk+9+F4AAAAAAAAAAEBgsLQ/BACObS6vZO/knJToUN1+xsguOf+vpg3V1CEp+u2bPyi3tFper0dllVVyVFe3GOur+j2lzarf5k4f1U+S5DVbuyROAAAAAAAAAADQ/UzdHQAAHO1qbZFSvaNTc341dYjCg7ouseqrBp6ui8b3U0FRcYvkb2SIXX+efYK+vvfiDiV/983xYSUAAAAAAAAAAAACBRXAANAOhzlURnWBvFEpHRofHmTVzNHpXR5HeJBVv5t5nC6blKFHP16mDdlFCg+x6fhBvXXd9JHNErodZ3ZWyRUS2+WxAgAAAAAAAACA7sEawADQDo/ZqnqnS5YOPi/POa7vYY0nNS5Cf7t6epccy+xyyBGW0CXHAgAAAAAAAAAA3Y8W0ADQAbVei+R2dWhseFDPaK7ww+Y9ksG3AQAAAAAAAAAAAomF+l8AaF+NPVYR1cVSRGK7Y8ODbIc1lpziSj02d5nW7y6UJN12znjNGNWv08dZv2uv3EHh4vsAAAAAAAAAAACBwyJ+9A8A7XKag+WoLlBQRPvPzEpH/WGJIae4Ure8NF9LNu3x237V0/M0+/gh+vPsKYoI7njyeenPm1UX2Ud8HwAAAAAAAAAAIHBY+Lk/AHRMuTVSQbVlUkjUAcflldd06Xkrap16fO4y/fPrNb4NrTy3316SpfXZhXr/9vM6lASuqHXqi1VbpMTMLo0VAAAAAAAAAAB0LxZ/BIAOqrNHyVFV3u64FTsKu+yc7yzZqPG/e7Up+XsAP2cX6fzH/qOKWme7Y1+Y94PqotO7IkQAAAAAAAAAAHAUMWJv+8Db3UEAQE9hc1Yp0pGv4OT+Bxx3+xkjdOnEjIM+zw+b9+ixuctbtHueMaqvMnvHNRuXqyWb/ccMS407YCVwTnGFZvz+eeWHH3x8AAAAAAAAAADg6EQCGAA6Kahoi0whEQqLjFGQzdLqmPAgq/56ySSNSY9rdX9bcoor9djc5Xp7SZbf9skDe+nJq05Ramx4izmtVf4eKAk8+y8van5xqGTp+HrBAAAAAAAAAACgZzBibycBDACdFbbnJ9WFJ8pisSk4JFhWq1WSZLVY5PZ45fG4JUm/mjpEN586ot3jfb56hz5fs6NF4leSZk8arCevPEUVtU59vnq75q3erooapzJT43TGqH6aNDBFj3+yXI/NXeY3b1hqnJ688pTGiuGKWqfufWO+3v5xi5xRqYd6CwAAAAAAAAAAwFHIiLv9PySAAaCTzLXlspftVH1ofLtjI0LsmjwwRZmpcUqNDVdqbIQqaur0c06RKmqcevuHjaqoqWt17oxRffXiDWdofU6RrnpmnnKKK1uM+eqPFyki2K4Jv/93q8eYPXmwJGnJxt3K25Oj2sRhnbhSAAAAAAAAAADQk5AABoCDZKoplb0iR66Q2MN2jhmj+mrSwF56fO4yvxbPzWX2jtOM0X31+NzlBzyWrTJf1YnDaP0MAAAAAAAAAEAAIwEMAIfAXrJTJmflYU0CdwVrdaFq4wbLa7V3dygAAAAAAAAAAOAwssgwujsGAOix6mL7yl6yU5bakqM2CWwr36PahMHy2oK6OxQAAAAAAAAAAHCYmbo7AADo6epi0lUfniRrVeFBHyMi2KZrpw1X79jwg5rfOzZcT1wxVZm9myWhPS7ZKvPlSBwqj/3gjgsAAAAAAAAAAHoWS3cHAACBwBUaL49hUXDJdjnD4iVT5x6v150yUredPVZ/vmiK/jV/rf61YK1yiivbnTdjZF+dPipdM0b2lWEYevyTFZIkk7NGpvoa1vwFAAAAAAAAAOAYY8Td8RFrAANAV3E5FVy8VV555Q6O7vC0zN6xevLKaX4VvOU1Tq3PKVJ2caWyi3zJ4MgQmzJT4xQRbNOw1LjGse/8sEmPfbJCOcWVslYVym0LUV3cgK67LgAAAAAAAAAA0CMY8XeSAAaArmaqKVVw6Q7VB8fIa+54Be6104brosmD/Vs5tyGnuFKfr9mpf833VQub6yplctWqLm6A3LbQQwkfAAAAAAAAAAD0UCSAAeAwspXukrmuSl6TRe5OrMMbEeyr9J08MMVve3ZxZeOffS2iLTXFktej+ogUucLiuzR+AAAAAAAAAADQsxjxd35MAhgADjNLVaEs1UWS1yWPLbxTVcGtMTlrZK4rl8dskzMmXZ5OJJcBAAAAAAAAAEDgsnR3AABwLHCFxTdW51rLsmWuKZbJkLxeyWuxy20JkkytP5JNzhoZ8shwVsswW+Q1zHLZI1QXn3EkLwEAAAAAAAAAAPQAFhndHQIAHFvqo1NVH53a+LWlqlCGq07murJWx7tC4+U1zHInDDxSIQIAAAAAAAAAgB6KCmAA6Gb7KoPruzkOAAAAAAAAAADQ81lECTAAAAAAAAAAAAAABAQL6V8AAAAAAAAAAAAACAysAQwAAAAAAAAAAAAAAYIW0AAAAAAAAAAAAAAQIEzdHQAAAAAAAAAAAAAAoGuQAAYAAAAAAAAAAACAAGGRQQtoAAAAAAAAAAAAAAgEVAADAAAAAAAAAAAAQICwUP8LAAAAAAAAAAAAAIHBIpECBgAAAAAAAAAAAIBAYCH/CwAAAAAAAAAAAACBgTWAAQAAAAAAAAAAACBA0AIaAAAAAAAAAAAAAAKEpbsDAICeqn9cqE7MiFOvSLtSIoMUbj96HqmVdS7lljuUU+bQ4m3F2lZU3d0hAQAAAAAAAACAI8BI/MM8b3cHAQA9idVs0i9GJuuMIQkym47+Lgpuj1efbSjQB2ty5fLwyAcAAAAAAAAAIJBZDFpAA0CH9YkO1k0n9FVyZFB3h9JhZpOhmcOSNDIlUv9cslO7S2u7OyQAAAAAAAAAAHCYmLo7AADoSSamR/eo5G9zfWKCNTE9urvDAAAAAAAAAAAAhxEJYADooAHxoTozM7G7wzgkZ2Ymqk90cHeHAQAAAAAAAAAADhOLDFpAA0BHHN8vVqYe/sw0GYamDYzXy8uyuzsUAAAAAAAAAABwGFABDAAd1CcmMCpne2oLawAAAAAAAAAA0D4SwADQQSkRgZE4TY6wd3cIAAAAAAAAAADgMCEBDAAdFGIzd3cIXSIq2NrdIQAAAAAAAAAAgMPEYvTw9SwBAJ3Hsx8AAAAAAAAAgMBEBTAAAAAAAAAAAAAABAgSwAAAAAAAAAAAAAAQICwSbUABoGMC6XkZSNcCAAAAAAAAAAD2sZADAIBjEM9+AAAAAAAAAAACEi2gAeAwyFq1VP9z4yUdGvu/t8zRlnWrDjjm3ecf15fvvNwVoQEAAAAAAAAAgABGC2gAOAxCrZKlg79i8/TTT6vIHawab9tjbrrxRrm9UrGna+Lj2Q8AAAAAAAAAQGCykAIAgI7pzPPSaPZ3aVGBHr/9Wp179a/103cLVFFarF7pGZp9450yDEM33XSTLrj2VmUMP047Nv6sT157ThWlxQqPitW5V/1afTIG69lnnlFkTKxOvfBKOesc+uzNF7R13Sp55VVsQopmXXWTYhOSD8u1AAAAAAAAAACAnoM1gAGgow7meWlIQTazXPVOearL9Mgjj6jeUa3rrrpS27LWKCNzlGwmKdhqqLamSq/+9T797g/3aOyY4/T5l1/qlSf/rDufelWhVinUakiG9M3ct1WxN1vPPf+c7Ha7XnzhRb333GO6/t7HD++1AAAAAAAAAACAox4toAHgCDlh6nRtKffIbISod68UOUoL/PZv+3mVYmOiFTdwtNYWe5Q56RQ9M368sl1mv3FZK77XRRdfqu01VnmqPTrx9LP0n3ffUm11lYJDwzoYDc9+AAAAAAAAAAACUQdXqAQAHKpaU7Akye31SoZJZvkv6FtfVabwsHBVOH2LAZc6DeV5IyTDP1lbWV4mb1CEPA1rBtdZwyVJNeWlh/kKAAAAAAAAAADA0Y4EMAAcIR6vt/G1t+FPczHR0SotK2sa4/Uqe+cOuV2uFuPKmo0rLy/3bY+J7fKYAQAAAAAAAABAz2LZv7IMANA9+meOVEV5mdavWKLMsZO1buliffTS0/rD06/7jZt0/An6YcHnyhg7RVarTT98OVejR4+WOTiksSq4XTz7AQAAAAAAAAAISJbuDgAA4OMNitCf7rtP/3jmeX3wf39TdEyM7r/vPrkt/o/qabMuVHllhZ66+wZ5vV6lp6XrV7fcrtKOJn8BAAAAAAAAAEDAMnrdt4CUAQB0wMuXDO/w2EibobRwk9YWu2U1SSNizVpd5Ja74Yk7KMqsIodHxQ6vhseatavSowqnV+FWQ73DDFlNhuo9Xu2u9KjaJaWHm+T0eJVb7ZXJkHqFmhRh8x3L4ZJ2V3lU72k7nv1d+ea6Tlw5AAAAAAAAAADoKSwSbUABoGM6/rwsd0priz2SDNV7pJWFHr/5m8r2ZWsNrStuel1ZL2WVNl8h2DdnZ2XT1x6vlF21/+/udPZZzrMfAAAAAAAAAIBAZCEHAADHIJ79AAAAAAAAAAAEJFN3BwAAAAAAAAAAAAAA6BokgAEAAAAAAAAAAAAgQLAGMAAck3j2AwAAAAAAAAAQiFgDGAA6KpCel4F0LQAAAAAAAAAAoJGFHAAAHHt49gMAAAAAAAAAEJhoAQ0AxySe/QAAAAAAAAAABCJTdwcAAAAAAAAAAAAAAOgarAEMAMcinv0AAAAAAAAAAAQkWkADQIcF0vMykK4FAAAAAAAAAADsQwtoAAAAAAAAAAAAAAgQJIABAAAAAAAAAAAAIEAYXq/X291BAAAAAAAAAAAAAAAOHRXAAAAAAAAAAAAAABAgSAADAAAAAAAAAAAAQIAgAQwAAAAAAAAAAAAAAYIEMAAAAAAAAAAAAAAECBLAAAAAAAAAAAAAABAgSAADAAAAAAAAAAAAQIAgAQwAAAAAAAAAAAAAAYIEMAAAAAAAAAAAAAAECBLAAAAAAAAAAAAAABAgSAADAAAAAAAAAAAAQIAgAQwAAAAAAAAAAAAAAYIEMAAAAAAAAAAAAAAECBLAAAAAAAAAAAAAABAgSAADAAAAAAAAAAAAQIAgAQwAAAAAAAAAAAAAAYIEMAAAAAAAAAAAAAAECBLAAAAAAAAAAAAAABAgSAADAAAAAAAAAAAAQIAgAQwAAAAAAAAAAAAAAYIEMAAAAAAAAAAAAAAECBLAAAAAAAAAAP6fvfuMjqrawzD+zkx6h5AEEkoI0nsX6dUCAioKqFfFq6IiYi8gEgQFVBALggqKoqIUQYqIgvRO6DUhJJRAIAXSJ5My90NkyJhAQEpg7vNbi8XknH32+c+eE3Std/beAAAAcBAEwAAAAAAAAAAAAADgIAiAAQAAAAAAAAAAAMBBEAADAAAAAAAAAAAAgIMgAAYAAAAAAAAAAAAAB0EADAAAAAAAAAAAAAAOggAYAAAAAAAAAAAAAByEU2kXAAA3OvNvs5T6ydvKizlY7HmXlh3kcd8AmSpUvs6VAQAAAAAAAP9H3NxlCqkqk39gaVcCADc0g9VqtZZ2EQBwIzt9R60Lhr+SVPabP+VUr6lk4js1AAAAAAAAwDWTma68k0fl0qBlaVcCADc00goAKMHFwl9JcmrI/3ACAAAAAAAA15yHl2TOKu0qAOCGxx7AAAAAAAAAAAAAAOAgCIABAAAAAAAAAAAAwEEQAAMAAAAAAAAAAACAgyAABgAAAAAAAAAAAAAHQQAMAAAAAAAAAAAAAA6CABgAAAAAAAAAAAAAHAQBMAAAAAAAAAAAAAA4CAJgAAAAAAAAAAAAAHAQBMAAAAAAAAAAAAAA4CAIgAEAAAAAAAAAAADAQRAAAwAAAAAAAAAAAICDIAAGAAAAAAAAAAAAAAdBAAwAAAAAAAAAAAAADoIAGAAAAAAAAAAAAAAcBAEwAAAAAAAAAAAAADgIAmAAAAAAAAAAAAAAcBBOpV0AAPy/sqaeVfrMycpeuVg5kbskSc41Gsi1Q3d59X9GBh+/Uq4QAAAAAAAAAADcbJgBDAClIGvBDzrVs4HSvxxjC38lKSdyl9K/HKNTPRsoa8EPpVjh1bW0V2tFff9FaZdxU4v8drLm31pVeyeNU15WptYNfri0S3IoF3tG02Kj9XNNH5kTTl3nqq5M00kRmrQp7oraHUrKlNPwVYpPt1zt8nAVrDuSopCx6/Wf2QeUmJGjJ+cdVGJGTmmXBQAAAAAAgFJGAAwA11nWgh90duQzsqadvWAba9pZnR35zL8Kgee1DNXhWd8WOX5q/Qr9XNNHeWbzZfd5pZqP/lQVu9x93e97NeVlZSr6p29K7f5xyxer43eLlRK5T3ObhKhMnUalVosjupme0cSMHL302yFVn7BJHuGrFTx2ve79cY82Hkv9V/190buGetcud5WrLGpJZLIiE7P+1bWZljx9teXkVa7o6pi8KU6WvPxSuffUrSc1+8F6qu7vrqrjN+pYSrbKeTpf0rXp2Xl6cfEhhX6wUb6j1qrl5G1auD/pGlcMAAAAAACA64EAGACuI2vqWaVMeFOS5N7jQZVfcVTO1evbzjtXr6/yK47KvceDkqSUCW/KmnrhoPiGZ7XKmp+vsvWbyL18cGlXc0USt2/S4VnTiz1nzc295ve/beK38q1RR7d9/K16b4xRnWdeueb3vFzXYxyulZvlGU1Iz1GrL7ZpSWSywjtX1Yanm2hWv7oK8nRRx6k7tGB/4mX32SzEWyE+rtegWntjVx1RVGLmv7p2w7FUTd164wXAmZY8vfRbtCy51iLncvOLHrvaPrijmm6r7KO3O1XRiddbafEj9Uu+6G8Df43U8ugz+rRHdf05oIG63FJG9/+0VztOpl/DigEAAAAAAHA9EAADwHWUMXOybeav78tjZfDxk/+Xi+Vcvb6cq9eX/5eLZfDxk+/LYyUVzATOmDn5mtQS9cOXWtS5gWbXD9Cizg1sy9+aE07p55o+SouNPt/2+y+0tFdr289JuyK0vH83zWlUQfNvDdOW4c8rPztbkhS3/Dct7tZI+7+aqNkNg3T24J4iy+tG/fCVltzZTHMbB+uPXm104q8lF6wzz5ylbe+8qoXt62heiypa+VgvpUZHXrD9iZVLteSu5ppdP0B/9Gqj0xtX286d3rRWy+7vqLlNQrS4WyPtmzJe1vyCmXs7x72lzW8+q53j3tKSO5vp19bVtfP94ZIKZk+vfup+Je/bqTmNKij10EH90butDkz7REvuaq51Qx4pcVzyc3K0NfxFzW9VTXMaBumPe9rZ17Zxtf7o3VZzGgZpcbdGOjD1Y1ttuz96R9vfe127J4zUkruaa8ldzbV99Gu2a7OTk7Tu+f9oXosqmtskRKv+e68yjh8pdnxyMzP0c00fxS3/Tcv6dtbCDnX1R++2Soncd0nj9E87xrypzUMHae2gBzW/9S2SpIy4o1r9VB/NaVRBC9rW1Ja3Bisn7fzs1LSYQ1rxSA/Nrh+ghR3q2j0bGSeOac3TfTWvZagWtK2pzW8+q5zUFNtnu7hLQx1Z8LOW9rxNv7aurjUDH7Dr+2LPVm5Guja9/rTmNq2oeS2raOuIF2yfT+Fn1JxwSisfv0dzGwdryV0tlLRzq917LumZvNDv1uWYtClOQWPWFTn+9vIYZefma/MzTfRQw0A1LO+lNqG+mtyrhp5sFqyB8yOLzEZ9Y+lhdZi6w+7Yn4eS5Rm+RinmXLsloOPTLbrz293yG7VWDT7Zok3H7cPAxIwcPfDTXgW8t15lRq/VXd/uVuyZ86sKfL4pTtUnbJJn+BpVn7DJ1m+Xr3dq3dFU9f15nx6ds1+StDLmrJp/HiHvd9ao1sRN+nDtMRWXmS6PPqO7Z+zW9pNp8h21VvtPZ+rZBZF6ZPZ+u3ZBY9bp133FB+CRiVnq8vVOeYavUdiHm+yWvD561qzeP+xR0Jh1qvz+Bj0x76BSzAVfZvjtYLJqTNisH3eeUpPPtqriuA3q9f1upZpzlZ2br6Cx65WTb1XI+xv01ZaTemXJIT0576Du+3GvQsatv6Ixk6QjZ826e8Zu+WgxgGQAACAASURBVI5aq8rvb9DA+ZFK/bu2ZYeS1ezzCM3ec1pNJ0WozsQt6vn9Hp3JLFgCOt8qvbn0sCq/v0FeI9eo6aQIrTh8RpKUlp2rZdHJmnZvTd1d218tKvro3a5VVTfQU8ujzxQ7hgAAAAAAALh5EAADwHVkXrHI9jppYA9ZU8/aQuBz4a819aySBvY4f83KxVe9jpSo/dox7i21/nSG+uyIV6sJX2vPJ+/p7MG9JV9stWr94P+oXOOWumdDtLrM/kunN61W5N8hl9HJSdlnkpVxLEbdl26Tb7VadpcfWzJfez4erWajP9M9m2JV++lXtHbQg0res73Y2+0cN1xJOzar04+/6+6V++RXq55WPNJdeeaiS8lmnTqpdc//R7UHvqLe6w6p6gOPaM0z/ZSdnKSs+BNa9cQ9qtrnUd2z4bBu+/g7RX3/hSK/myJJMphMOrb0V5Vt0FR3Ltmq9tPm6cDXn+rM/l0Kuq2jGrzyjsrWaag+O07K55aaMjo76fCs6Wr69ni1eHdSieMSPWu6EiM26o4F63VfRJxuefAJbXj5v7Lm5sqclKA1z/ZXrSee130RcWoz6SdFff+lYufP/HtMnRX31xL5VK+tO3/bog7TFyrqh6+UuGOLJGn7e6/LcvaM7lyyVT1X7pOTh4ciRhU/Q9hgNEmSor7/Uu2nztPdK/fKs0pV7Z44qmAMSxinIv05OSt+zTIFtmynOxdtkiRteOFReVeppt7rD+n2X9crM/6Etp0LrK1WrR/yiHyr11bP1Qd164dTtfPDcJ1c9YdktWrNwAfkWraceizbpW7z1ijjeKw2vfF0wTgYjco8fVLJe7br9l/Xqfsf25UStV+H535/Sc/WrgkjlX70sO5YuEFd56xS0vbN2vPpe0XeU8Q7L0tWq+5euU8dvp6vmLkzLvmZvKLfrUJaVfLRWx1Cixz/ZV+CBreqKG9XpyLnhnasrITMHK04bL9qQJ96AVp/NEWnC+0NO29fou6sWVa+bvb9DF4YJavVqthXWmrJYw30TYT9rNuXfjuk5Mxc7R3SXLGv3CpPF6OeXxQlSdp7OkOv/X5Ys/rXUerbbfTDA7UVvvyIdp/K0LLHG8rXzUk/962jb/vU1umMHN3zwx693KaizrzVRr/0r6/PN57QjO3xRd5X52plNKZbNTWu4K2U4W1UO9Dj0gdSktUq9ftpr+oFeujoq7fquz61NPSPGP0emSSrVer1/R4FeDgr6sWW2vJsU8WcydKAXw5IkkxG6URatiLi0hQxqJkOvNBCe09l6pttp+TqZNSaJxtLkuJea6Unm1eQs9GopVHJ6lDVTzsHN7+iMZOk/j/vU3V/d514vZW2DWqm46nZeuG3Q5IkZ5NRpzMsWheboi3PNtXBF1soOjlTX/49U/qbiJP6dnu8lj7WUAlDb1P/hoHq+/M+WfLy5e3qpFNvtlbzij62ccq3SinmXAV4ulzW+AIAAAAAAODGQwAMANdRTtTu868jd9mFwIXD35zIXXbtrnodGQWz+lx8y8hgMsm/YTP13nBYfjXrlnyxwaBuv6xW/SFvyeTuIa9KoarQpquSd2//+7RBOalnVXvgy/KoUFFGF/sw4fDcGQrt2VcBTW+V0cVFle7sLf8GTXVs8dyi97JadfiXGar99CvyDKksJw9P1Rv8piwpZ3Sq0OzZc2IX/Cy/6nUU2quvnH18Vf2hp9R0xARZ83IVu+Bn+VStrmp9H5PR1VVlajdQ2L0P6ejCWbbrPYMrqdKd90iS/GrVk0dQsNJioi44DuUat1Tgre3k4lemxHHJSU+TydlFzt4+Mjg5Kez+R9Rz9QEZnJwUO+9Hla3bUJV73C+Dk5N8q9fSLQ8+odh55/eAdg8IVJW7H5Ak+VavJc9KVWy1NR0xQW0m/Sg3/wA5+/iqSvf7dWZ38YH6Obf0HSBn74Lwp0Lbrra+LmWc7IfBIKOzi2o88rTcAoKUtCtCZ/bvVsNXR8nJw1OuZf1V77k3dWThLFlzc5W0K0IpUftV/4Xhci1TVgHNWqnNJ9/JPShYSTsjlBK5Tw1fHSVnbx+5lQtU7YEvK+6vJcpNT5Mk5WebVeeZ1ySDQU6eXgpo1kppsQW1X/TZslp1eM4M1R74sjyDK8mrUqhajJuiwFvb2b0fa26u4pb/ploDBsnF10/u5YNV/aGnCjW4+DN5Rb9bhQR6uqhBeU+7YynmXCVl5qpOQPEBaHkvF5X1cFJ0sv2XI5qFeCvUz12LDhTMjs23Sgv2J6lv/QC7drn5Vi08kKQXW1eUn7uzQnxcNahliF2bz+6url8erKtAT2f5ujmpf4NARcQVfDZp2XmSpLLuzjIZDWpR0Ufxb7RS/SD79yFJ322PV5NgL/VrECQno0F1gjz0dIsK+m5H0QD4Sm2JS9Xe0xl6p0tV+Xs6q02or2b1q6NgH1dtPp6mPacyNLZbmHzcnBTk5aI32lXWogNJSssumGlrzs3X0PZVZDBIXq4mtanio8ik4peyNhgkF5NRg1uFqLyXyxWN2ZbjqdpxMl1jbw+Tp4tJ5Tyd9XbHUP2487RteWlLnlWvtasso0HycDGpfWgZRf69zPZDDYO0a3Bz1Q70kLuzSQMal1dyZq4OJxfdB96Sl69BCyLl42rSA/UCipwHAAAAAADAzaXo9BEAwPVjLWa90+KOXWX+9Zuo0u299NsdTRXQrLUqtO+q0F795Vqm7CVdn7hjsw5O+1iZJwuWKs1OPauglm1t5w1OzvIMqVzstRnHYhTc8Xa7Y56Vqyr9eGyRtlkJp5RnzpJ31Vtsx5w8veTqH6D0YzHF9u1Z0X7WZGjvfgXnjsfKq1A/kuRZqarSj39t+9kjuKLdeaOLi/LMRcMS2/VVwux+vti4hPX5j47/9osWtKuloFYdFdL5TlW6814ZTCalHz2s05vX6ueaPvb9B58fQ/fy9rWZnF1ts6AzTx7X7omjlBK5T/m5ucrLNis/x3LBuiXJvdB7NTqff5+XMk7/5FX5/DhkHD2s/ByLZtcvV6RdZnycMo7FyMWvrC18lqTy7bpKko4umi3XMmXtnkOvSlUla77S444WvG83D7vzRmcX5WUVjMPFnq2CZylTXoWejzK1GxSp0Zx4Wta8XHmEVDlfQ2g12+uSnsnqbbtc0e/WOaNWHFFSVo7aV/U7fx+jQZKUd5F/I/LzJUMxx/vUK6df9yfq8aYVtP5IitIteepew9+uzal0i3Lzrari52Y7dks5d7s2R1Oy9fbyGO2Jz1RuvlXm3Dxl5xXU0zzEW/fVLac6E7eobaiv7qhRVv9pGCR/T+ci9UQnZWlVTIqchq+yO1743lfL4eQs+Xs4y6fQbOfbqxd8Hj/tOiV/T2e7GsPKuCvfKsWeLVge3MPZZHfexcmorJy8C96vWtmrM2bRyVmy5FnlEb6myD2OpxTUZjRIwYX2b3Y1GW2hcmZOnkb8FatVMWeVaTm/LLg5136J8BRzru76dpeCvF206slGcnPm+6EAAAAAAAA3OwJgALiOnKvXt80CLrznrzW1YMnWc8tBJz3V3a7d5TC5uiknM6PIcUtKigwmJxldXGQwGnXrB1+pzjOv6cRfv+noglna/8UEdZ2zQiYX1yLXWgsFTqmHo7Tu+f+oxbufqUrPvjIYjdox5k2lHzsf4BqdS1pC9B8RldVaMHXuMtobLtDequL3qi3opZj7Fj520RqKKjxWJY2Lm3+Aus1fo4SIjTq58nftHB+uQzOnqdOM3ySjUSGdu6vN5zMvcrcL1Ga1avVT96tCh25qNeFrmdzcFbf8N216feBFa7/Q+BXcqYRx+geja6HP22iUs7ev7t16rNi2STs2S9YLf0b/vM+5Z89Wb4mf0cWfLetF7y3lWbLPX3fumrzcS7qPwWCQwWS64O/Whb4U8c9y31t1RIsOJGrZ443sznm6mFTey0W7T2WoZ+2iAXt8ukVnzbmqUa7oDOE+9QL0yVdxyrDkaf7+BN1dq5w8XEx2bbL/DgYL58u5hfZ+tlqlnjP26M6aZfXD/bXl7mzSwv1Jesy2XLJB3/apraHtM7XwYJJm7jyt91cf1YanmxQJdo1Gg3rW9tcvD9YrcUwu1cW+OnPRJ+4fF1r/7uncJ3yZ/yzI1anw8/bvx8xoMMjXzUlJw1oXe58jZ80X+a0sWHr6UHKW/hzQUBW8XZRqzlXZd4vuKz1+7TEZDNKsfnVtXzIAAAAAAADAzY2v+APAdeTW8fzevv/c8/efewIXd82l8KlWS4kR64scj1//l/xq1pPBaFR+To6yzyTLJ6y6aj0xRF3nrpRHULCO/7lQJteCoCY/5/x+oVknjtteJ++KkJt/gEJ795fBWPCfkTN7d1xyfV5VwpT+j2WV02Kj5V05rEhb94Agmdw97ZZhzklNkTkpodj2nhVDlXbooN2xA19/qrTYaHlVDiuynHNa7CF5Vynaz79R0rjkZqQrNytTAc1aqcErI3XHr+uUuH2zzkbulVflMKVE7bfrz5x4+qKzj8/JjI9T5sljqvnYczK5Fcw8PHOB/ZQvxZWOk1flMOWkpSjz5PlnJjczQ9lJBcsPe1asquwzybafpYK9e0+tXyHPymHKPpOk7DPJtnPpsdEyGE2XFJ5e7NlyDwiSyc1DqYWej6RdETo8+zu79u4BQZLBqMwTR8/3cTjS7vzFnsmL/W5diqfmH9TCA0na/GzTYve6faB+gCZtjFOquWgo/f7qowr2drGbNXxOk2BvVfR10Z+HzmjB/mT1q190md/yXi4yGqSjKeefu4MJ55c6Pp5q1tEUs168LUTuzgXhccSJtPPjkGdVUkaOagZ46JU2lbTx6SYK8XHVvH3nP+tzqpV1195T9sson0q3yJxz8YD+HHcnoyx555Pb9Ow8ncksLqiXqpbxUFJGjhLSz/+bNndPgpZHn1G1su5KzMxRUqH9kaOSzDIZpNCrMBv5SsasWll3pZhzdazQ55FhybN7Hxez/miaBjSpoAreLkXuW9hdNf01uVdNwl8AAAAAAAAHQgAMANeRZ/9nZPDylSSlTHjTbs/fwnsCp4x/Q5Jk8PKVZ/9nLusedQa+qLhli7XrwxFK3rtDybu3adf4cMXMmaG6zxX0Gz1ruv56sJtSD0fJmp+v1MNRykqIl1fFUDn7+MrNP1Dx65ZLktKPxer4skW2/j0qhMiclKCUqAPKz87W7o/eUU5GhswJl7Z3Z7UHBih2wc9K3LFF+RaLYufP1Jl9O1WlZ9+ijQ0GVXvgUe3/Yrwy4+OUm56mXRNGyj2gvAJvbV+keWjPvko7eliRM6Yo+0yyomd+rb2fjpGzt49Ce/VT2pFoHZ4zQ/kWi5J2blXML98r9J6HLqluJ1c3ZSWeUnZyUrHBbEnjsnnoIG1+81llJyXKmpenxG2bZHRykkdQiEJ79VNWwint+2KC8sxmZRw/otVP3KcDX39SYl2uZfxldHVTwua1ktWq438sVPz6v5SbmaGctNRLem+FXek4la3XWGXrN9W2d1+X5WyyclJTFDHyZa1/6XFJkn/DpvKtUUc7xg2VOeGUErZu0Jbhg5WfkyP/Bk1VpnYD7ZoQrtyMdGXGx2nv5HGqeHtvOXl6lXjviz5bBoPC7n1Y+ya/r9TDUUo/clgRI15UWuwhuz5M7h4KaN5aB77+TOakBKXFRuvQzGnnG5TwTF7sd0uSImdMUeyvPxdb/874dH27PV7zHqqnEJ+iM/ElaUSnUPm5O6nD1B2avy9RUYlZ2nQsTS8sitIXm09q6j0XDvL61A3UpxvidMacq67VyxQ57+FiUtsqfpqw9rhOZ+QoKjFLX2w5aTtfzsNZbk5GrYpJkdUqzd+XqGXRycqw5CnVnKupW0+o/bQdOpiQqXyrdDAxUyfTLAorUxCkujsZFZWcpbNZOXq4UZDi0y0at/qozDn5ij1jVo/vdmv8uuJnjrs7GRSfblFiRo7MOfmqUc5Dm46n2oLwMauPXnDp4hYVvVUvyFOv/n5I8ekWrY1N0VO/RionL1/NK/qoUQUvDVsWo/TsPB1Pyda7K2N1X91Aebmaiu3Pvq6Cex5IzLTtGVzYlYxZ0xBvNQ/x1ou/RSs5M0cp5lwNXhSlh2bvL3Kf4lTyc9Ga2LPKt0r7TmVqwrrjcjYadDLNfnn4o2fNSsi4+JLxAAAAAAAAuLkQAAPAdWTw8ZPvy2MlSVkLf1B8x8rKidxlO58TuUvxHSsra9GPkiS/8Mky+BSdzXcxgbe2V/upc5W4fZNWPHyXVjzSQ4kRG9R28s8K6XyXJOmWfo8rpHN3rXzsbs1pGKTVT96n6o88o5Au3SVJTcM/UtR3U7S4ayNFvPOyqj/ytKy5BeFGYMu2qnb/o1rev6sWdW0oJ09vNX/vM6UdjdHa50oOCUO6dFftp17S+uf/o19aVFHUjC/Uftov8q1Rp9j29V8YLt+adfX73a20sHM9ZZw8po7fLZLRpegy0+7lg9X64+8UPXOaFrSrqUM/TVPbyTPl5h8gt4Agtfn0e0VOn6S5zSpq02tPqc6zr+uWfo9f0riWb99VJhdXLe7WSEm7txUd9xLGpenb42WVVb/d1VRzmwRrz8fvqvUnM+TqX05u/gFqO3mmji+Zp1+aV9Kyvl0UdFsH1XnqpRLrMrm5q9mICdr98Wj90qKK4pYvVtvJs+QTVkO/3dFU+ZbLC3audJwkqdVH3yjfkq0FHepqYad6ys1MV6vxUwtOGgy6beK3yjx5XAs71dPGl/+rekOGqUL7bgXXTpyujGNHNP+2alrWt4vK1G6oFu9+ekn3LenZavDyCPnVqqc/+3TQnw90VNn6jVVv8NAi/bQcN0X5ebla1Km+1j7bX7X+O0SSlJ9bMPPyYs9kSb9bJ1f+oYTNRfd0laQjZ8zycnGyzdiUpKycPN32xTbtik+XJPm6OWnDwCbqeksZvb70sBp9tlX3/LBbcWkWrX6ykbpVv/Bew/fXD9Cq2LO6p46/XEzF/y/gN/fVVG6+VbeM36T7ftyjl1tXkiTl5OXL3dmkz+6urhHLYxXw3jotOJCo+Q/VV61yHqrz8RY91qS8etbyV7fpu+Q9co16fLdbg1uF2JarfrJ5BQ1fFqPH5x1UoKez5j1UV3P2JMj/3XVq8+V2da5WRq+3K36m9x01ysrVZFTNiZu1JS5NDzcKUuNgL9X9eIsafbpVYWXcFOrnptz8ogtBGwzSzL51dCw1W9U+3KT/zNmvkZ2r6I6/90Ce2be2YpLNqjBuvdp8uV2NKnjry941LjiOhVUv56Eu1cqo07SddmH5OVc6Zj/2ra3s3HxVHb9JYeM3KS07TzPur3VJtY3tFqZtJ9JVdvRaPbcoUhPvukUPNgzUw7P3a92RFFu7L7ac0Py9SZfUJwAAAAAAAG4OBmvhjR0BAEWcrHnxZTEDt13+LMusBT8oZfwbsqanFHve4OUrv/DJl738M4Cb17EUs2p9tEVvd6qiwbeGKDMnX2/8cVh/RZ/VwRdbyNnEEr0AAAAAAOTtjZBLiw6lXQYA3NAIgAGgBNciAJYka+pZZcycLPOKRcqJ2i1Jcq5eX24dexQsFX2ZM38B3Pzm7E7QkMVROvX3nrT1gzz1zX211KhCyUtgAwAAAADw/4AAGABKRgAMACW4VgEwABTHapWOp5rlYjIqyKvoUucAAAAAAPw/IwAGgJKxBzAAAMANwGn4KkmS89urVMnXTSHjNtgd52/+vp5/AwAAAAAA4ObFDGAAKAEzgAEAAAAAAIAbAzOAAaBkzAAGAAAAAAAAAAAAAAdBAAwAAAAAAAAAAAAADoIAGAAAAAAAAAAAAAAcBAEwAAAAAAAAAAAAADgIAmAAAAAAAAAAAAAAcBAEwAAAAAAAAAAAAADgIAiAAQAAAAAAAAAAAMBBEAADAAAAAAAAAAAAgIMgAAYAAAAAAAAAAAAAB0EADAAAAAAAAAAAAAAOggAYAAAAAAAAAAAAABwEATAAAAAAAAAAAAAAOAgCYAAAAAAAAAAAAABwEATAAAAAAAAAAAAAAOAgCIABAAAAAAAAAAAAwEEQAANACUxVa170fO7OTVJe7nWqBgAAAAAAAPg/lZkuubmXdhUAcMMzWK1Wa2kXAQA3MvNvs5T6ydvKizlY7HmXlh3kcd8AmSpUvs6VAQAAAAAAAP9H3NxlCqkqk39gaVcCADc0AmAAAAAAAAAAAAAAcBAsAQ0AAAAAAAAAAAAADoIAGAAAAAAAAAAAAAAcBAEwAAAAAAAAAAAAADgIAmAAAAAAAAAAAAAAcBAEwAAAAAAAAAAAAADgIAiAAQAAAAAAAAAAAMBBEAADAAAAAAAAAAAAgIMgAAYAAAAAAAAAAAAAB0EADAAAAAAAAAAAAAAOggAYAAAAAAAAAAAAABwEATAAAAAAAAAAAAAAOAgCYAAAAAAAAAAAAABwEATAAAAAAAAAAAAAAOAgCIABAAAAAAAAAAAAwEEQAAMAAAAAAAAAAACAgyAABgAAAAAAAAAAAAAHQQAMAAAAAAAAAAAAAA6CABgAAAAAAAAAAAAAHAQBMAAAAAAAAAAAAAA4CAJgAAAAAAAAAAAAAHAQBMAAAAAAAAAAAAAA4CAIgAEAAAAAAAAAAADAQRAAAwAAAAAAAAAAAICDIAAGAAAAAAAAAAAAAAdBAAwAAAAAAAAAAAAADoIAGAAAAAAAAAAAAAAcBAEwAAAAAAAAAAAAADgIAmAAAAAAAAAAAAAAcBAEwAAAAAAAAAAAAADgIAiAAQAAAAAAAAAAAMBBEAADAAAAAAAAAAAAgIMgAAYAAAAAAAAAAAAAB0EADAAAAAAAAAAAAAAOggAYAAAAAAAAAAAAABwEATAAAAAAAAAAAAAAOAgCYAAAAAAAAAAAAABwEATAAAAAAAAAAAAAAOAgCIAB4BI0m7BGU9YfKbHd9M3H1OaTdSW2Cx21XMsiE69GaQAAAAAAAAAAADZOpV0AADiSvo2D1bNe+RLbbXmxrXzd+ScYAAAAAAAAAABcXaQPAHCZ/vvTTpX1cNaRM1mKSzErKcOiLx5ooPbV/PXz9hOauvGo1j7fWpI0ed0RTVgVrTRzrppX9tPX/RopwMtFzT9ao6l9G6pLjXJaFZ2kVxbsU0pWrkxGg56+rYqGtKtayu8SAAAAAAAAAADcjFgCGgAuk7PJoFk7TmrSffW17vnWGtCikoYvOVik3aroJI36I1Irnr1NJ0Z2U5C3qwbN3W3XJjkzR72mbdHoO2spcmhH/fn0rXr3zyiWhwYAAAAAAAAAAP8KATAA/Au31wpQgJeLJKlxRV8dSc4q0mb2jpPqWS9IFf3cZDRIn95bT1P7NrRrszwyUYFerrq9VoAkqaKfm3rUDdKifaeu/ZsAAAAAAAAAAAAOhwAYAP4FH7fzK+gbDQblWa1F2sSnmeXv6WL72d3ZZHedJJ1Kz7YFyeeU83TRqbTsq1wxAAAAAAAAAAD4f0AADADXSJC3q12Qm56dp8iEDLs25f/RRpIS0rNVwcf1utQIAAAAAAAAAAAcCwEwAFwj99SvoPm74xWdmKl8q/Tm4v16Y9F+uzadq5dTUoZFvx9IkCQdOZOlRftO6576FUqjZAAAAAAAAAAAcJNzKrkJAODf6FKjnN7uVkPdpmxUhiVXTSr6alq/RnZtyng469f/ttDLC/ZqyLw9cjIa9F73WmobVraUqgYAAAAAAAAAADczg9VazMaVAAAAAAAAAAAAAICbDktAAwAAAAAAAAAAAICDIAAGAAAAAAAAAAAAAAdBAAwAJTC8tEiGlxbZXl/PvwEAAAAAAAAAAC4HewADAAAAAAAAAAAAgINgBjAAAAAAAAAAAAAAOAgCYAAAAAAAAAAAAABwEATAAAAAAAAAAAAAAOAgCIABAAAAAAAAAAAAwEEQAAMAAAAAAAAAAACAgyAABgAAAAAAAAAAAAAHQQAMAAAAAAAAAAAAAA6CABgAAAAAAAAAAAAAHAQBMAAAAAAAAAAAAAA4CAJgAAAAAAAAAAAAAHAQBMAAAAAAAAAAAAAA4CAIgAEAAAAAAAAAAADAQRAAAwAAAAAAAAAAAICDIAAGAAAAAAAAAAAAAAdBAAwAAAAAAAAAAAAADoIAGAAAAAAAAAAAAAAcBAEwAAAAAAAAAAAAADgIAmAAAAAAAAAAAAAAcBAEwAAAAAAAAAAAAADgIAiAAQAAAAAAAAAAAMBBOJV2AQBwo7NYLKVdAgDYuLi4lHYJAAAAAAAAAG5gBMAAcAny8rJLuwQAkMnkWtolAAAAAAAAALjBsQQ0AAAAAAAAAAAAADgIAmAAAAAAAAAAAAAAcBAEwAAAAAAAAAAAAADgIAiAAQAAAAAAAAAAAMBBEAADAAAAAAAAAAAAgIMgAAYAAAAAAAAAAAAAB0EADAAAAAAAAAAAAAAOggAYAAAAAAAAAAAAABwEATAAAAAAAAAAAAAAOAgCYAAAAAAAAAAAAABwEATAAAAAAAAAAAAAAOAgCIABAAAAAAAAAAAAwEEQAAMAAAAAAAAAAACAgyAABgAAAAAAAAAAAAAHQQAMAAAAAAAAAAAAAA6CABgAAAAAAAAAAAAAHAQBMAAAAAAAAAAAAAA4CAJgAAAAAAAAAAAAAHAQTqVdAAD8P9qzZ6/mzftVq1evUevWt8nV1VVms1mnTp1S+/bt1K/fAzIYDKVdJgAAAAAAAAAAuMkQAANAKWjQoIEyMrK0evUavfDCCwoMDJQk7dmzR4MGPacKFcqrQ4f2pVwlAAAAAAAAAAC42bAENACUgvz8POXn50mScnKyZbFkyWLJUtWqVSRJiYlJpVkeAABF9OnTRwaDQQaDQZ988klplwMAAAAAAIALIAAGgBvIokWLVa5cOXXu3FmStHr1GnXv3ksbNmySJC1f/pfuu+8BLVv2lyRp585dGj48XB9//JleffUN7d69R5KUlpamCRMm6oMPxuuTTybppZde1cGDxi6QZwAAIABJREFUByVJU6Z8qbFj39fHH3+mwYNfUFxcnM6eTdG7747Vo48+rl9/XaCnnnpGy5f/VQojAOBGNWPGDFWrVk1OTk62ENBgMCgwMFD9+vW7Kvd48cUX5e3trTFjxlyV/n7++Wf5+fmpd+/eysvLuyp9OorLHetPP/1Uc+fOVUBAgBYvXqznn3/+GlcIAAAAAACAf8tgtVqtpV0EANzILBaL8vKyr3q/GzZs0ttvh6tdu7ZydXXR0aPHdPp0gh5//HHdfntnGQwGmUxO6t37Pr322itq2bK5TCYnPfbYf/XQQw+qU6f2euaZ5zRo0CA1btxYp06dUlJSoqpXr6aRI0crICBAL7wwRFartHHjJhmNVjVu3Ejz5y/UAw/cL6tVeuONN1S5ciU9+eQTWr9+oz78cLw+++wTubq66dChKLVs2fyqv28A/57J5CoXF5dSreHgwYOqVauWJCk8PFwjRoy4Kv1arVa5uroqJydHFStW1LFjx664z65du2rZsmWSpEOHDqlatWpX3KcjuNyx3rp1q1q3bq127drpu+++U4UKFa5TpQAAAAAAAPg32AMYAErZ4MGDFRgYIIPBqMTERL355lCtXbtao0aNVF5erl3bf/7s6+unmTNnysvLQ1WrhqpcuTLKysrS2rXr9MknH8tiMUuSmjRpZFtyuk+f+2zH/fzKKCsrW5JV+fl5cnV1VUhIsCSrAgNbFbkfAJhMpmJfXymDwaChQ4dq2rRpeuONN65Kn0OGDFFUVJQ6dOigsLCwq9KnI7jcsR4wYIDeeecdvfbaazIYDNehQgAAAAAAAFwJAmAAKGUFewAXBLI+Pp7q37+/wsPDFRMTq7Cwqhe99rXXXtWUKV9o0KDnFRoaqjfeeFUmU8Hq/p6e7rZ2BoNVJpNRVqtVv/wyV0ePHpO3t7cOHYpS7dp17Pq0WvMlFQ2bAeBaCw8PV3h4+FXrr0ePHurRo8dV68+RXM5Y7969+xpXAwAAAAAAgKuJPYAB4AZitVpltRbM1HVyKvk7Ov7+fgoPH6FFixYpMDBQU6d+LX9/f0lSYmJSkfarVq3WvHm/asiQIXriiSdUvXr1q/sGAAAAAAAAAABAqSIABoAbSG5urn7//Q/VqFFDlSpVkiR5e3vr2LHjkgoC4vz8fFv76dO/k8WSJYMhT82bN5fBYJSrq6vatGmjOXPmKjvbfu/itLQMOTu7KDfXopyc7CLnAeBKDBs2TEajUQaDQQaDQatWrdKwYcN06623qmzZsnJ3d1fDhg01Z84cu+u2b9+uVq1aydPTUwaDQc2aNbvgPZYsWaJ77rlHwcHBcnFxkaenp0JCQtS2bVuNGTNGkpSdna2uXbsqICDAVkt6enqRvsaNG6eOHTuqUqVK8vT0lIuLi8LCwvTSSy8pLS3N1i4mJkZ169a1vbenn35akrRmzRo9+uijqlChgubOnVvi+FgsFn322Wdq0qSJfH195enpqSpVqqhr165aunRpkfaZmZl677331KhRI3l5ecnd3V116tTRsGHDlJqaWqT9nj171LdvX4WGhsrV1VX+/v5q1KiRBgwYcNljnZeXp+nTp6tLly4KCAiQi4uLypUrp86dO+ubb75RXl6eXfu2bdvaxrpq1apav369Bg4cqPr168vLy0t+fn7q1KmTdu7cWeI4AQAAAAAA4MoQAANAKdixY6eWLv1DkvT555M1duz7Gj16jF5/fagCAgI0btxYndtm8eGHH9aPP87UCy+8rM8/n6K8vDytXLlKiYlJOnr0mEaPHqNJkyZr48YNeuqpJyVJr776isqW9ddzzw3Ra6+9qQ8+GK/9+w+oXbs2MplMevrpQZowYaIMBqP27Nmt7du3a9OmzcrMzNSiRYuVm8vyzwAu37vvvqtDhw7Zfu7Tp482btyoGjVqqGfPngoICNCuXbt0//33a9OmTbZ2jRs31oYNGzR8+PAL9m21WvXkk0/qrrvu0rFjx/TNN98oJiZGW7Zs0fvvv68zZ87YQlRXV1f9+eefWrhw4UXrnTdvnsqWLauffvpJR44cUWRkpOrUqaOPPvpI//3vf23tqlatqr1792rw4MGSpF27dqlTp066/fbbtXnzZsXHx8tqtZY4Pvfff78GDx6sHj16KCIiQjt37tS4ceO0f//+Isssp6amqm3btho2bJh69OihHTt2aPPmzWrVqpXee+89tWnTRhkZGbb2GzduVLNmzbR792598803io6O1tKlS9WkSRPNnj37ssY6Oztb3bt314ABAxQUFKQlS5YoNjZWv/zyi4xGox5//HH16NFDFovFds2aNWs0bdo0SVJsbKweeughxcXFqWXLlurevbtyc3O1YsUKde3a1S5cBwAAAAAAwNXHHsAAUAqaNGmiFi1ulcnk9Pdeu1ZJBTOnrNZ8WSzZfx+Tbr+9q+6++27l5+cpPz9PJpOz8vPzZLGYNWrUKEkF+/YaDEbl5GTLas2Xh4ebhg59Q0aj6e9lpfOVm5uj/Px8ffPN15Kk/Pw8SQYZjUZZLFlq2bKV3npruHJyzMrNzSmVcQFw8ytbtqzt9ZIlS+xmmKalpalBgwaKjY3V119/rZYtW15yvx999JGmTp2qKlWq6K+//pKPj48kKSQkRHXq1FFOTo6mT59+WbV6eHjogw8+UFhYmCSpXLlyGj16tBYvXqzZs2crLS1N3t7etvaGv7+Zc+bMGU2aNEnt27eXyWRS9+7dS7zXjh07tGDBAjVv3lzvvPOO7fgtt9yi+Pj4Il+8efPNN7Vt2zY9+OCDGj16tO34tGnTbOHxxx9/rKFDh0qSxo4dq+zsbH344Yfq2LGjJKlixYqaMmWKVq5ceVnjMnLkSC1dulSdOnXS999/b3vfwcHBWrx4sZo3b67ff/9d4eHheu+992zXnfvsPT09FRMTU+T9N2vWTAkJCVq0aJH69+9/WTUBAAAAAADg0jEDGABKQUGAm6WsrDRZLFmyWMyyWLKUnZ0pi8Wsc+GvJOXl5SgrK03Z2ZnKycmW2ZwuiyVLkvXva7OUk5MtiyVLVuu55aGtsljMMpszbH0WBL5Wmc0ZMpszbPc0mzOUn58vi8WsrKw0wl8A14y3t7d69eolSUUCwouxWCwaO3asJGnIkCG28Lewbt26KSQk5LLq+euvv2zh7zmF+4iOji72umrVqqlTp04ymUySpAkTJqhx48YXvdfhw4clqdiZws8++6yeeuop28+ZmZn69ttvJclu+eZzunbtKklasGBBif27uLjYzbYuSVZWliZNmiRJeuKJJ2zhb+H+Bg0aJEmaNGmSsrKyLqnfRo0aqV69epIu77MHAAAAAADA5SMABgAAwHXj5+cnqSDkvFQRERFKSEiQJHXo0KHYNsHBwfrhhx+uuL7CgeelLodfs2ZNVatW7aJtqlSpIknaunWrhg8fbvf+XVxc7ELtbdu22ZZ3rlq1apG+goODJdkHqef6f+mll7R161a79gEBAZf0PiRpy5Yttv2FLxRqt2rVSlLBMtX/vNfF/JvPHgAAAAAAAJePABgAAAA3tIMHD9penws6r4bFixerT58+CgsLk7+/v/z8/EoMcv+tpk2b6o477pAkjR49WhUqVNCAAQO0bNmyIrN2jxw5YnvdpEkT+fn52f0ZNmyYJPsg9bXXXpOLi4siIyPVvHlzNWvWTOPHj1d8fPxl1Vl41nP58uWLbXMps6QBAAAAAABQegiAAQAAcENLT0+3vXZzc7sqfY4dO1Y9evRQbGys5s6dq9OnT+vs2bPXNNCcN2+e3nnnHQUHBys1NVXTp09X165d1axZM0VGRtraFV5WedWqVdqxY4fdn3379ikmJkZ79+61tWvbtq3WrFmjO+64QyaTSREREXrllVdUpUoVjRkz5pJrPDfzWCqYmVycwp9B4fYAAAAAAAC4MRAAAwAA4Ibm7e1te52WlnbF/aWlpWnUqFGSpIkTJ6px48a2/XyvJTc3Nw0fPlzHjh3TqlWrNHDgQLm6umrbtm3q0aOHzGazJMnDw8N2jZ+fn0JDQ4v9U7lyZbv+W7RooSVLliguLk5TpkxR/fr1ZbFYNHToUE2bNu2SavTy8rK9zs7OLrZN4YC6cHsAAAAAAADcGAiAAQAAcEO75ZZbbK8PHDhwxf3t37/ftnxyw4YNr7i/y2U0GtWuXTtNmTJFK1askJOTk6KiorRx40ZJsgt2C+/ze6mCgoI0cOBAbdu2Tb169ZIkzZgx45KuLTzWJ0+eLLbN8ePHi20PAAAAAACAGwMBMAAAAG5ozZo1U5kyZSRJs2fPvqp9/3P/3Wtlw4YNWrx4cZHjrVq1UvPmzSVJcXFxkqTGjRvbllku7privPXWW0Xei5OTk5599lm7vkvSrFkz+fr6SpK2bdtWbJsNGzZIknx9fdW0adNL6hcAAAAAAADXDwEwAAAAbmiurq568cUXJUlffPGFFi1adEX9hYaG2l4vW7bM7typU6euqO8LiYuL07hx44oct1qtio+PlyTVrl1bkuTp6an+/ftLkj7//HNb4Hox8+fP14oVK4ocP3HihF3fJXFzc9Nzzz0nSfrqq6+KhMoWi0Wff/65JGnQoEFXbU9mAAAAAAAAXD1OpV0AAPw/io09XnIjADe90NCKpV3CVZeTk1Ps62tt6NCh2rNnj2bNmqW7775bnTt3VocOHVSuXDllZWUpMTFR27dv16xZs0rclzYwMFA9evTQokWL9Oijj2rlypXy9vbWjh07dOLECbm5uclsNis9Pf2qvoc1a9aoX79+eu6551StWjUlJSVp4sSJiomJ0b333qsmTZrY2n7wwQfatGmT9u3bpw4dOqhPnz5q2rSpPDw8lJCQoOjoaN15553q27ev7ZqHH35YI0eOVLt27eTl5aXNmzdr2LBhcnd311tvvXXJdQ4fPlxbtmzRH3/8oYceekivv/66goODFRUVpfDwcO3evVt33HGHRowYcVXHBwAAAAAAAFeHwXq91r0DgJuUxWJRXl52aZcBADKZXOXi4lIq954xY4ZGjBihI0eOKD8/33a8XLly6ty5s3766SdNnjxZEydOVGRkpCSpYsWKatOmjWbOnKnY2Fg9/vjjioiIUGpqqpydndWkSRN9+umnWrt2rWbMmKGDBw8qMzNTRqNRYWFhqlWrlhYuXGi7l9Vq1fz58zV9+nRt2bJFiYmJMplMqlixolq2bKnHHntMXbp00bJlyxQeHq79+/crOTlZ/2PvzsNjvvr/j78myySZCImE1C4osa+x3FKlRVpb6a2VUq0W7U17Karowq2L0uUuWlt746ZVim5UVS2lSlGhLUXEErGESMREksk2y+8P38xPmh0R4vm4Lpdkzvmc8/6cz5lJ9Z1zjiRVrVpVwcHBmj17tho2bKiLFy9q1KhR2rRpk5KTk3X33XcrPDxcL7zwgjp06KD9+/fLYDCoX79+mjFjhp588klFREQoJSVFRqNRwcHBCgkJ0YIFC4o0fsePH9c777yjvXv3KjY2VgkJCfLy8lJwcLAGDhyo5557Tu7u7jmuSU5O1uzZs/X1118rKipKFotFfn5+atGihfr27ashQ4bIZDJJkubPn681a9YoKipKcXFxysjIUGBgoDp16qQJEyaoWbNmkqQZM2YUaaytVquWLFmizz77TPv371dycrJ8fX3VvHlzDR48WI8//rhcXV2d9Z999lmtWbPGuZq5UaNGevLJJzV+/Hh9//33ev311/XHH38oKytL5cuXV7t27fT1118XmqwHAAAAAABA8ZEABoBCkAAGcKsozQQwAAAAAAAAgNsDZwADAAAAAAAAAAAAQBlBAhgAAAAAAAAAAAAAyggSwAAAAAAAAAAAAABQRpAABgAAAAAAAAAAAIAyggQwAAAAAAAAAAAAAJQRJIABAAAAAAAAAAAAoIwgAQwAAAAAAAAAAAAAZYRbaQcAAHeiQ4eiSjsElJBGjeoX+xqbza6sLKsyM62y222y2x1Fus7FxSAXF1cZjW5yd3eTqyu/1wUAAAAAAAAAdzoSwABQSlq3bl3aIeAG27t3b7HqW602WSwZstlscnNzk7u7uwwGo1xcipbItdvtcjgcysqyKi0tQ66urjKZPOTm5not4QMAAAAAAAAAygASwAAAlIKUlDRlZVnl4eEhT0/Pa2ojO1Hs6uoqDw8PWa1WJSdb5O7upnLlvG5kuAAAAAAAAACA2wR7RQIAcBM5HFJSUopsNru8vb3l5nbjfhfLzc1N3t7estnsunzZIoejaFtJAwAAAAAAAADKDhLAAADcRKdPn5XVapOXV8mt0PXy8pLD4dDZs3El1gcAAAAAAAAA4NbEFtAAANwkcXEJcnc3ysfHJ986FotF3377rfbt26eEhASZTCa1atVK3bt3V82aNYvcl5eXl1JSUhQXl6DAwIAbET4AAAAAAAAA4DZAAhgAgJsgPT1DFkuaqlSpkm+dU6dOafr06fLy8lJoaKhq1aqlmJgYRUZGavLkyRo2bJhCQ0OL3Ke/v7/OnTun9PQMeXp63IjbAAAAAAAAAADc4kgAAwBwEyQkXJKvr69cXPI+fSEhIUHTp09Xy5YtNWjQIJlMJklSq1atJEkbNmzQggULFBAQoODg4CL16eLiIl9fXyUkXFL16nfdmBsBAAAAAAAAANzSOAMYAIASlpmZpaysLHl7e+db58cff5SXl1eO5O/VunfvrpYtW2rZsmXF6tvb21tZWVnKzMwqdtwAAAAAAAAAgNsPCWAAAEpYcnJKnkndq/3+++8KDQ0tsF5YWJhOnTqlhISEYvVvMplksaQV6xoAAAAAAAAAwO2JBDAAACUsLS2j0ARwQkKCatWqVWCdmjVrOusWh8lkUkqKpVjXAAAAAAAAAABuT5wBDABACbNas+TmVvCPXC8vL8XExDjP/M3LqVOnJEkBAQHF6t/FxUV2u61Y1wBFde7cOcXHxyspKUkZGRmlHU6Z4+HhoQoVKqhSpUqqUqVKka87d+6cLly4oMTERNlsvP/vNO7u7qpQoYICAwOvad4kJSUpMzOzBCMEis9oNKpChQqqXLlyseY1AAAAANyJSAADAFDCrFabXF1dC6zTqlUrHTlypMA6hw8flr+/f7ETwO7u7pwBjBsuPT1dhw4dksFgUL169eTl5VXoLzqg+KxWq9LS0nTs2DGdO3dOdevWVYUKFfKtn56eroMHD8pms6latWoKDAyU0Wi8iRHjVmCz2ZSZmamzZ88qNjZW9erVK9a8qVq1aqE/t4CbLXtenzlzpkjzGgAAAADuZGwBDQDALSAsLEyRkZHasGFDnuWnTp3S6tWrC1whDNxMf/31lypWrKiWLVvKx8eH5G8JcXNzk4+Pj1q2bClJOnr0aIH1Dxw4IJPJ5EzKk/y9M7m6usrLy0t16tSRzWZTVFRUgfX/Pm9I/uJWlD2v69atW6R5DQAAAAB3MhLAAACUMDc310K3YK1Zs6aGDRumZcuW6cMPP9SRI0dksVh05MgRrV69WpMnT5Ykbdy4Udu3by9W/1lZWTIa3a85fuDvYmNjZTAYVLt27dIO5Y7SqlUrubi4KDY2Ns/y2NhY2e12BQYG3uTIcCurV6+e7HY78wZlSmHzGgAAAADudCzVAACghLm5uctqtRa6oio0NFQBAQH6/PPPNW3aNOfr/v7+6tatmzZu3ChJWrBggbN+Udjtdrm4sJoLN05cXBzJ31JSq1YtnTp1SlWrVs1Vdv78eZJ4yFNgYKDOnz/PvEGZUtC8BgAAAIA7HQlgAABKmJeXhywWizw8PAqtGxwcrDfffFMJCQlKSEhQQECA88zfWrVqOZO/xUkCWywWlStnuo47AHJKTk6Wj49PaYdxR/Lx8VFycnKeZcnJyapevfpNjgi3A5PJpJiYmDzLmDe4XRU0rwEAAADgTscW0AAAlDAfn3KyWCzFuiYgIEDBwcHO5K90Jdk7bNgw5/cLFiwo0nbQFotFJpNXsfoHCpKZmcnZsqXEaDQqMzMzz7KsrCzOYkae3NzclJWVlWcZ8wa3q4LmNQAAAADc6UgAAwBQwoxGd7m7uys1NfW62/p7EriwlS+pqalyd3fnDGAAAAAAAAAAuEOQAAYA4CYICPCT2WyWw+G47rayk8DdunXToEGD8q3ncDhkNpsVEOB33X0C12rt2rW66667ilS3du3a2rRpU4F1Fi9eXOTzr2+mkydPymAwyGq15nj9f//7n7p27apTp06VUmQFi4+P14svvqgmTZqoSpUqatKkicaOHauLFy+Wdmh3vEWLFpV2CLnMnz9fAQEBqlq1qvNPcHCwnnnmGcXFxRWpjRYtWujnn3++IfWWL1+uHj16FNrW1fWKek1ZdOHCBa1du/am9mm329WnTx/Vrl1btWvXVps2bRQREXFTYwAAAACAOxEJYAAAbgJPTw+ZTF5KSEi4Ie2FhoYWmPyVpISEBJlMXvL0LPzsYeBWsGfPHnXq1KnAOgMGDNCaNWuK1a7NZruesIqkRo0aOnfuXI6tdJOSkmQ0GrVx40bVrFmzxGMorsuXL6tHjx46e/as1q1bp+TkZG3ZskVJSUnq2bOn0tPTc9S/keN4M57J7ezcuXOaOXNmaYeRi5ubm9q2bav09HTnnz///FPp6ekaO3Zskdooyvu8qPWK+nng5uYmV1fXYl1TVLfTXN62bZvWrVuXZ1lJ3YeLi4u2bt2qpKQkJSUl6dixY2rfvn2J9AUAAAAA+P9IAAMAcJMEBgbIZrPq/PnzJd7XhQsX5HA4FBgYUHhl4CY5ffq0vLy8tHjxYnXt2lWNGjXS448/7lwZHxISom3btkmSzpw5o169eqlq1aqqW7eulixZIklasWKF+vTpI0lKT0/XkCFDVLt2bdWoUUM9e/bUhQsXJF1ZedujRw89/PDDCgkJyRXLhQsX1KNHD9WrV0916tRRr169nCsYY2Nj9fDDD6tBgwZq1KiRXnnlFefK3p07dyokJET169dXnTp1NHr0aFmtVp0+fVpVqlRx1vv555/VtWtXvf7662rUqJFmzZrl7Ltu3bqaPXu2wsLC1KZNG3Xs2FGxsbElMeQF+uSTTyRJ33zzjYKCgpSSkqLAwEB99tlnGj16tDIzM7Vs2TINGDBATzzxhLp27SpJioiIUFhYmNq1a6dOnTrpq6++crYZHR2tvn37qkWLFmratKkmTpzofL4jR47U5MmTFRoaqpdffjlXPKNGjdK///1vPf3003rwwQfVvn177dixQ9KV55n93KUryXV/f3/nSuX8YnrzzTf1xBNP5OhnyJAhmjp1qiTpo48+UuvWrdW8eXPdd9992rt3b55jlZ6ergkTJqh58+Zq3LixXnvtNdntdkVFRcnf3z9H3XvvvdeZYDx37pyeeOIJtWvXTh06dNCbb77pnCP53a/FYlFYWJji4uLUvn17xcTEFDiuN5vD4VBiYqLzj6enpwYNGqS//vrLWaegOZL9Pj979qyqVaum5cuXq1+/furQoYP+9a9/5fl5EBsbq8cee0yNGzdW69at9cUXX0jK/Xnw3HPPOccoPDxc8fHxueK/+pqnnnpKTZo0UZMmTdSwYUP5+/tr3759kqTNmzerU6dOatGihdq0aaNly5Y522jevLk++ugjNW7cWKtXr87Vx9KlS9W+fXuFhISoffv2+uyzzyQVPo+vlt+ck6QdO3aoa9euatu2rdq3b6+PP/7YeV3r1q21YMEC9e/fX/fff78efPBBnTt3Ttu3b9fLL7+sH374QT179szzPgoaw/j4eA0YMEBt2rRRq1at9Nhjjzk/bwua5+PGjdMLL7yg/v37q0OHDgoODtZPP/3kjLeo70EAAAAAQPGQAAYA4CaqVq2Kzp2L1aFDh0pktY3NZtOhQ4cUFxenKlUq3fD2gevh7u6u9PR0xcXFadOmTdq9e7c2bNigLVu25Ko7ePBgtWrVSmfPntX333+vkSNH5kgwSdKMGTN09OhRRUVFKTo6Wlar1ZnY8/T01C+//KKhQ4c6EzpXmzlzpgICAnTs2DEdP35cHTt21I8//ujsu0aNGoqMjNSePXu0ZcsW/fe//5UkvfjiixoxYoSioqJ06NAhmc3mXHElJibqoYce0ltvvaWoqCht3LhRU6dOdW5v7e7urg0bNuj7779XRESEypcvr/nz51//ABfTL7/8okceeUQZGRnOzyO73a7MzEw9+eSTqlChgsqVK6ddu3Zp+PDh2rdvn5KSkhQeHq7x48fryJEj+uabbzR+/HhFRkZKksaPH6+QkBCdPHlSv//+u1avXu1ccViuXDmtWbNG33//vWbPnp0rHi8vL61evVpz5szRjh079PTTT2v69OmScq7glCSDweD8u6CYBg8erM2bNyslJUWSlJKSok2bNumJJ57Qnj179MEHH2j79u2KiYlR3759813FOmvWLEVHR+vIkSM6cuSItm/frv/9739yccn9zylXV1fnSvCRI0eqdu3azrn066+/6tNPPy3wfk0mkxYtWqTAwEBFRkYqKCiowHEtbefOndPChQt1zz33SFKhc8TFxUWurq4yGo1KT09XYmKi8/Ng69at+uWXX3LUk6QRI0YoJCTE+Xnw0ksv6fDhwznmxbx58xQTE+P8PJCufEb83dXXrFq1SmfOnNGZM2c0YMAA3XvvvWrTpo0yMjI0bNgwTZs2TSdPntSiRYs0ZswY5y4eJpNJO3bs0PHjxxUeHp6jfYvForFjx2rdunU6evSoNm7cqB9//FHp6ekFzuO/y2/OXbp0SYMHD9bUqVOdny8zZsxwbpft4eGhn3/+2fn54ufnpyVLlqhz584aMWKEevfu7Rzjv99HQWP48ccfKzAw0PmZec899zg/uwua5x4eHlq9erVmzZql7du3a+TIkZo2bZokFes9CAAAAAAoHhLAAADcRK6uLmrXro2MRnft27fPuXrmRrhw4YL27dsno9FdrVs3z/E/mYH8BmlqAAAgAElEQVRbyeDBgyVJPj4+qlevnmJiYnKUJyQkaOvWrRo5cqQMBoOCg4MVExOj4ODgHPXGjRunH3/8UUajUW5ubrr//vt19OhRSVcSKr6+vs6Vbn9Xo0YN7d69W99//70sFotefvllPfHEE7p48aJ++uknjR8/XgaDQd7e3ho+fLhWrFjhvO7rr7/Wrl275O7ursWLF6tFixY52t68ebMqV66ssLAwSVL16tXVq1evHGdvhoeHO5OELVu2zDUGN0NSUpIqV66cZ1lGRoZzJaavr6/uu+8+JSUladu2bfL399eDDz4os9msSpUqqXfv3vruu+8kXVlNPHnyZJnNZrm7u6t169Y6efKkpCvPpFOnTvLz85PFYsmz37CwMJlMJl2+fFmNGzfWmTNnCr2PgmKqW7euGjRooA0bNkiS1q1bp6ZNm6pWrVrO1bUmk0lms1n333+/jh8/nmcfa9eu1VNPPaX09HRZrVZt3bpVTz31VIFxJSYmatu2bRozZoySkpJktVo1bNiwHNsP53e/2dtvm81m2e32Asf1Ztu7d6+CgoIUFBSkmjVrqm3btgoODtaHH34oqeDncbXs+TVw4EAlJyfLbrerXr16uVbDX7x4Udu3b9fQoUNlNptVtWrVfD8P1q1bJ4vFopSUFHXp0qXQMUpJSZHZbNby5cu1fPlyLVmyRHa7XR4eHoqJidG9994rs9msVq1ayd3d3XmWt8FgUP/+/ZWenq7MzMwcbXp6eqpy5cqaPXu29uzZowoVKmj16tXy9PQs1jjnN+e2bdumypUrKzQ0VGazWRUqVFCvXr20ceNG57Xh4eFKS0tTUlKSWrRoodjYWFmtVlmtVtntdl2+fDnP+yhoDGvXrq3ffvtNK1euVGxsrMaOHavBgwcXaZ5369ZN3t7eunz5sho1auSc58V5DwIAAAAAiset8CoAgJLAFnd3tkaNGshsTtLx4ycVExMjf39/BQQEyNXVVd7e3kVqIzU1VTabTQkJCbp48aI8PT3VuHGwfH0rlHD0wPUpX76882sXF5dcq+Gzt0m/emvdgIDc25kfP35ckydP1smTJ+Xi4qLz58/nSArll9yUrqwodHFx0fvvv6/w8HB169ZNH374oZKSkiRJHTt2dNa1Wq3O/hcsWKB33nlHzz77rE6fPq2nnnrKuZotW1xcnCpVyrkCPyAgQKdPny7yGNwMlSpVcia0ClK5cmVlZWVJupKMO336tBo1auQsz8zMVN++fSVJ69ev15w5c5ScnCwXFxedOHFCHTp0cNYNCAhwbmObl3LlyjkTgw6Ho0jjUlBMNptNAwcO1Jo1a/Twww9rzZo1evzxx2W325WcnKypU6cqIiJCBoNBGRkZ+cYWFxcnHx8f5/cGgyHP1b9Xy946t0uXLs7XbDZbjrlR1PstbFxvpjZt2mjnzp2SpKioKLVq1UpPPfWUXF1d5XA4Cp0jf2c0Gp1fGwyGXFtbZ49j9s9Gu93u7Otqhw8f1vTp03Xq1Cm5uLgoPj4+V5I4L7GxsRo1apQWL16sChUqOOfAnDlztHr1auf3mZmZOVbq+vn55dle9pm377zzjvr37y8XFxeNGTMm11bkhclvziUmJqpSpUrO96Tdbpefn1+Oz5e/J5sLes9dfR8FjeHQoUNlNBo1d+5cDR8+XPfee6+mT5+u5ORkSdc2z81mc5HfgwAAAACA4iEBDACloFGj+qUdAm4Bvr4V1Lp1c6WkpOrChXjFxMTIas1SamreK+P+ztvbJDc3d1WuHKDq1ZuoXLmiJY6BW11gYKCkKwmQ6tWrS5JOnDihihUr5qg3aNAgdenSRStWrJDBYNC0adOc26BKeW+rerVnn31Wzz77rC5fvqznn39eY8eOdZ6luXfv3lxnu0pXVi2/9dZbeuuttxQTE6M+ffqobt266tGjh7POXXfd5TxPOFt8fLyqVKlSjFEoeV27dtXs2bP14osv5vjFE5vNpnHjxmn06NGSco5jlSpVdPfdd+vPP/90vpaduDlz5owef/xxffHFF85zTvNbgZ2f/M61/XvCLzvpVFhMFotFDz/8sN544w2dO3dO27Zt07x58yRJ7777rg4fPqyffvrJudV19jnHfxcYGJhjx4a4uDjZbDbnTgsOh8M5TtmrK6tWrSop91xyOBzOXzQoyjm+iYmJ1z2uN5LD4dClS5ckXRmXZ599VqNGjXKu8C3seeTVXkGyPw8uXLjgHNPo6OhcCdh//etf6tKli1atWiWDwaB33303x+dBXmw2m5599lkNHjxYnTt3diZV169frxkzZmjnzp0KCgqS3W6Xr69vgW1drXLlypo7d67c3d21fft29ejRQ+3atStwHud133nNuZL8fCloDDMyMjR48GANGzZMFotFI0eO1KRJkzRz5kxJBc/z/BTnPQgAAAAAKB62gAYAoJSVK+etOnVqq3Xr5mrXro3uu69Tkf60a9dGrVs3V40a1Uj+okypVKmSOnbsqBkzZshut+v48eNq1apVrm2S4+Pj1bp1axkMBh09elQrV650nvVamGHDhmnBggWSrqzGDQoKksPhkJ+fn+6//3699957kq6snJs+fbo+++wzZWZmqk2bNtq/f78kqVq1agoICMiVwLr//vt18eJFrV+/XpIUExOjtWvXql+/ftc1LjfasGHDVL58ef3zn//U3r17ZbFYFBUVpSeeeEIHDx50Jt+v1qlTJ507d06rVq2S2WzW2bNn9eSTT2rXrl1KTk5WVlaWmjZtqsuXL2vVqlX6888/i/xMClK9enWdOHHCuTXyypUrixSTdGXVcbt27TRp0iR17drVufrabDYrODhYdrtdZ8+e1cyZM2W1WpWRkZGr/759+2rRokVKTU1VamqqHn/8ca1du1aBgYFyc3Nznm+7fft250rM8uXL6/7779fUqVNlNpuVmJioKVOm6JNPPin0fo1Go1JTU5WZmVmi43q97Ha7JkyYoKNHj+qLL76QVPjzKK6KFSuqY8eOmj9/vux2u6Kjo9WlS5dc24MnJiaqZcuWSk5O1u+//64VK1YUOkbvv/++0tLS9MYbbziTv9KVuVG5cmX5+/vLbDbr9ddfl8FgKNKY//XXX+rdu7fOnDkjs9msGjVqyMPDQwaDocB5/Hf5zblOnTrp4sWL2rx5syTp9OnT+uGHH5y/HFAQd3d3Z/I+LwWN4QsvvKAFCxbo8uXLstlsql27tlxcXK5rnhfnPQgAAAAAKB4SwAAAALjlLF26VIcOHVK1atXUtWtXvffee2revHmOOtOmTdPEiRPVqFEjvfrqq5o3b56OHDmiUaNGFdr+mDFj9Nlnn6lWrVqqU6eOdu/e7Uz6fvrpp4qKilLdunVVp04dRUREKCwsTEajUa+88ooGDhyooKAg1a9fX/Xq1dOwYcNytO3n56fVq1dr0qRJatCggXr06KG3335b99xzz40boBvA1dVVv/zyi9q2bauhQ4eqbt26GjBggBo1aqTNmzfneY64yWTSd999p//85z9q06aN7rnnHlWuXFnNmjVTUFCQRo8erc6dO6tjx476448/9O6772r+/Pn66quvrivWzp076x//+Ie6deum/v37q2bNmjIYDLLZbAXGJF1JUoaHh+ubb77RwIEDnQn7MWPG6Ndff1X79u01YMAATZgwQY0bN1a3bt1y9T927Fg1bdpU7du3V9u2bdW2bVuNHDlSJpNJb7/9toYMGaJ+/frpp59+UseOHWWz2eRwOLRw4UKdPHlSrVu3VqtWrXTgwAE98MADhd5v06ZNVa1aNTVt2lQXLlwosXG9EYxGo958801NmTJFSUlJhT6P4nI4HFq8eLGOHj2qJk2a6OGHH9Z7772Xq723335br732mjp06KC3335bc+fOVVRUlCZOnJhv2x999JFiYmLUpEkTtWjRQi1atND333+vhx9+WFWrVlWrVq3UpUsXNWnSRIMHD9aIESMUFRVVYLzNmjXTfffdp/vvv18tW7ZU9+7dNWnSJDVs2LDAefx3+c25cuXK6dtvv9X06dPVrl07hYeHa+rUqQoJCSl0LMPCwrRnzx41a9Yszz4LGsOxY8fqyy+/VPPmzdWyZUv99ttvmjZt2nXN8+K8BwEAAAAAxWNwFGXfMQC4g2VmZspmYyUCgNLn6uqR47zM0rJp0ya26SxF+Y3/pk2b1KpVq2K1ZTAY5OXlJaPRKBcXF9ntdmVmZjq36jUajfLy8sqxlaubm5tMJpPzDNyr65tMJhmNRjkcjv/7+WmTt7e3UlNT5e7uLofDkec2wNKVM16vLnd3d5e3t7fMZrOkK+eIurq6OmP09vbWpUuX5HA4CoxJkjw8POTt7a2UlBRlZmZKupIAL1eunAwGg+x2u1JTU1WuXDlJynPrWm9vb7m7u+faztjT01Oenp6y2Wyy2Wxyc3NTenq688xYb29vubldOXnHarUqNTVVDoej0PutUKGCXFxclJycLKPRmO+4Zt9PYfbt23fd88bT01NGo9G5zXU2Dw8PmUwmmc3mQp+Hr6+vUlNTZbVa5efnp8TERGc75cuXV0ZGhjIyMpz1srKy5OLi4hxHh8OhtLQ0ZWRkyMPDQx4eHrp8+bKMRqNMJpPzjNn09HT5+PgoIyNDNpvNWe/qaypWrCiHw5FjFX92nz4+Ps4tm9PS0uTu7i53d3clJyfLx8fHWS8vXl5e8vDwcH6fnp7uXPVb0Dz+u/zmnJubm7y9vZ1nJqenpztXzV49btmxuLq6KiUlRa6uripfvrwcDofMZnOuugWNYUZGhry9vZ3P1GazKTU1VXa7vcB5bjKZJClH7D4+Prp06VKx34N5yW9eAwAAAMCdjgQwABSCBDCAWwUJYEg3NgGMO8eNSAADtxoSwAAAAACQN7aABgAAAAAAAAAAAIAyggQwAAAAAAAAAAAAAJQRJIABAAAAAAAAAAAAoIwgAQwAAAAAAAAAAAAAZQQJYAAAAAAAAAAAAAAoI0gAAwAAAAAAAAAAAEAZQQIYAAAAAAAAAAAAAMoIEsAAAAAAAAAAAAAAUEYYHA6Ho7SDAIBbWWZmpmy2jNIOAwDk6uoho9FYKn1v2rTJ+XXVqlXVqFGjUokD0uHDh3X27NnSDgMAAAAASk3Xrl1LOwQAuKWRAAaAQpAABnCrKM0EMAAAAAAAAIDbA1tAAwAAAAAAAAAAAEAZQQIYAAAAAAAAAAAAAMoIEsAAAAAAAAAAAAAAUEa4lXYAAHA7cHX1KO0QAAAAAAAAAAAACmVwOByO0g4CAAAAAAAAAAAAAHD92AIaAAAAAAAAAAAAAMoIEsAAAAAAAAAAAAAAUEaQAAYAAAAAAAAAAACAMoIEMAAAAAAAAAAAAACUESSAAQAAAAAAAAAAAKCMIAEMAAAAAAAAAAAAAGUECWAAAAAAAAAAAAAAKCNIAAMAAAAAAAAAAABAGUECGAAAAAAAAAAAAADKCBLAAAAAAAAAAAAAAFBGkAAGAAAAAAAAAAAAgDKCBDAAAABQxllGj1bGzJmlHQYAAAAAAABuAhLAAAAAQBll3bpVDrNZBl9f2c1mOcxmWbduLe2wAAAAAAAAUIJIAAMAAOCWsWvXLnXq1EmPPvpoifXhcDg0btw4hYaGauXKlSXWz42Unp6uRx99VO+++26xrrOMHi2zn58ylyxR5pIlMvv5yTJ6dAlFCQAAAAAAgFsBCWAAAAAUKC4uTtOnT1doaKgefPBBxcbGSpLOnDmjadOmadCgQdqwYcMN6at9+/ZydXW9IW3lx2AwKDQ0tET7uNFcXFxUvnx5lStXrljXlf/jD/ls2SLH/63+LffNNyr/xx8lFCUAAAAAAABuBSSAAQAAUKDAwEA99thjKl++vJKTkzVhwgRZLBZVr15dAwYMUKNGjdS9e/cb2qebm9sNbe/vDAZDibZ/oxmNRi1YsEAjR44s1nUOs1mWMWPk/tBDcrv3XqW9/rocZnMJRQkAAAAAAIBbQcn+nzUAAACUGe3bt5enp6fWrFmjN954Q9OmTctVZ9myZdq4caP8/Pxks9k0ceJEeXl56fnnn9fJkyfVvn17nT9/XvHx8erXr5+ysrK0ceNGeXp66r333lOtWrUkSRaLRXPmzNH27dtlMpn0yiuvKCAgQP/+978VERGhCRMm6PTp0/r222+1YcMG/fe//1VERISsVqtq1qyp1157LddK4u+++06ffvqpgoODlZiYmKPs559/1v/+9z/5+voqIyNDU6ZMUWBgoLN87969Gjt2rAICAvTVV19pzpw5Wr58ucLDw/X8889r2bJl+uOPP+Tp6an09HSNHj1aY8aM0dmzZ7Vq1SpFR0dr/PjxatCggRYuXKhLly7p1VdfVVBQkCIiIhQQEKC33npL58+f1xtvvKHTp0/rk08+0aeffqrMzEx169ZNU6dOVdOmTTVv3jylp6frgw8+0JkzZ2Sz2RQUFKSxY8fKaDTmeiZu994rrylTJElp//c3AAAAAAAAyi5WAAMAAKDIxo4dq2bNmmn79u1asGBBjrKDBw9q7ty56tKli9555x0dOHBAH3zwgXx9fRUSEiJJ6t+/v2bPni2LxaKNGzfq+eefV3h4uGJjY7V161ZnW0ajUc8995z+85//6MiRI/roo49UoUIF50rjr7/+Wh4eHmrWrJl27dqlJUuW6KGHHtKAAQO0ceNG7dy5M0ds0dHRevfdd9WsWTO9+eab6tatm7MsKSlJb7zxhu6++2699tprOnDgQK6zgVu3bi13d/cc32dLTU3V3Llz1adPH73xxht64IEHVLVqVdWsWdNZp02bNjna8/Dw0NixY/XSSy8pPDxcf/75p7Zs2aKGDRuqSZMmkqRFixapZcuW8vf3z7Vl9apVq7Ru3TqNGDFCI0aM0Nq1a/Xll1/mel4GX1+ZZs6Uwdc3x9cAAAAAAAAou1gBDAAAgCJzc3PT1KlTNXToUC1ZsiTHVsoHDx6UJAUEBMjd3V1+fn46cOBAjutdXV3l6+srk8kkm80mg8GgKlWqSJIyMjJy9Ve1alWVK1dOx48fz/F6t27dNHDgQFksFi1fvlyStHbtWplMJgUFBcliseSov3//fjkcDjVs2DBXH8ePH1dGRoYOHjyoWbNmKSgoSA6Ho8hj4unpqUqVKmnixIlq0qSJBg8eXOg1FotFK1askMViccaanp6eo86wYcMUHBwsi8Uim82Wo+zqsc6O9e9jDQAAAAAAgDsTCWAAAAAUi5+fn6ZNm6YRI0Zo8eLFevDBB3OUZyck7Xb7DTlr12azqUKFCnmWmUwmZx+PPvqoOnfunGc9u92eb/vZ14eEhGjMmDHFjs/V1VVz587VsmXLtGnTJr388statWpVgddMmzZNu3fv1tdff62IiAjt2bMn37omk0nJycl5ljkcDud4327nGgMAAAAAAKBksAU0AAAAiq1BgwZ6+eWXc7yWvXVxYmKiMjMzZTab1bhx4+vq59SpU0pLS1OHDh3yrdO0aVNJ0m+//ZZvneDgYEnSoUOHcpXVq1dPXl5e+v3335WVlZVvGx4eHrp06ZLS09NzJJTNZrN2796tF198UZ9++qnsdrsyMjLk4eEhSYqNjc21gjclJUWSVK5cuXz7K0j2PScmJiouLk7S/x9/AAAAAAAA3Nlcp0yZMqW0gwAAAMCtKy4uTp999pkOHjwoDw8P1a9fX5JUt25dZWRkKC0tTZ06dVKlSpXk5eWljRs3avv27apcubJeeuklSdLSpUsVHx/vrPPdd9/JZrOpZcuW2r59uyIjIyVJ9913n86ePavU1FT98ccfWr16tdq1a6fnnntO6enp+vzzz3Xq1CnZ7XbdfffdqlixoqpVqyY3Nzdt2rRJa9as0cGDBxUUFJRj1XClSpXk5uamn376Sb/++qsiIyMVHx+vlJQU9ezZUw0aNFBERISWLl2qAwcOyMvLSzVq1MgxDhkZGdq/f7+2bt2q06dP68yZM0pNTVXnzp01Z84cHTx4UDt27FCnTp103333yWQyadeuXdqxY4eOHz+u6OhoZWRkqHXr1goKCtLevXu1b98+Xb58WceOHZPValWdOnX07bff6tKlS5KuJHo9PDy0YcMG7dixQ3a7XS1bttQ//vEPxcfHa/PmzYqIiFDbtm01dOhQubmxwQ8AAAAAAMCdzuAozgFnAAAAAAAAAAAAAIBbFltAAwAAAAAAAAAAAEAZQQIYAAAAAAAAAAAAAMoIEsAAAAAAAAAAAAAAUEaQAAYAAAAAAAAAAACAMoIEMAAAAAAAAAAAAACUESSAAQAAAAAAAAAAAKCMcCvtAAAAAHB7WLdunWbNmqXIyEhdvny5tMMBAOCGKV++vIKDgzV27FiFhYWVdjgAAAAAcF0MDofDUdpBAAAA4Na2fv16PfbYY6UdBgAAJW7FihXq3r17aYcBAAAAANeMBDAAAAAKFRYWpt9++019+vTRyy+/rODg4NIOCQCAGyYyMlLTpk3TmjVr1LZtW/3444+lHRIAAAAAXDMSwAAAAChU9erVlZqaqp07d5L8BQCUSZGRkerQoYN8fX0VHR1d2uEAAAAAwDUjAQwAAIBC+fn5SZIuXbpUypEAAFBy+HkHAAAAoCxwKe0AAAAAAAAAAAAAAAA3BglgAAAAXLPQ0NDSDgEAAAAAAADAVUgAAwAAAAAAAAAAAEAZQQIYAAAAAAAAAAAAAMoIEsAAAAC4LnFxcRo1apR69OiRq2z9+vV65JFH1L17dw0bNkzHjh1zlkVGRmrYsGHq3r27Hn30UW3atMlZZjab9fLLLyssLEy9evXS/Pnz5XA4JEl2u11z5sxRz549FRYWpldffVXJycnX3WdBZZK0f/9+9e/fX6+++ur1DxoAAAAAAABQQkgAAwAA4LqMHj1aTZo0yfX68ePHNXPmTE2ZMkXr16/XAw88oIkTJ8pqtSozM1MTJ05Ur169tH79ek2aNEnvvvuuYmJiJEnvv/++ypUrpzVr1mjx4sXatm2b1q5dK0n65ptv9Ntvv+nTTz/VmjVr5ObmphkzZlxXn4XFs2HDBn344Ydq0aLFTRpVAAAAAAAA4NqQAAYAAMB1mTNnjtq3b5/r9U2bNqlz585q3LixXFxc1L9/f1mtVh04cEB//vmnjEaj+vbtKxcXFzVt2lQdO3bU5s2blZ6erl9++UXDhw+Xh4eHAgICFB4erg0bNkiSNm7cqIEDB8rf318eHh4aNmyYtmzZoszMzGvus6AySapTp47mzZun6tWr39SxBQAAAAAAAIrLrbQDAAAAwO2tYsWKOnPmTK7XY2Ji1LRp0xyv1axZUydPnpTValXt2rVzlNWqVUsnTpzQmTNnZDQaVbly5Rxl0dHRznZr1arlLKtevbrsdrtiY2OvuU8fH598yySpXr16RR0OAAAAAAAAoFSRAAYAAECJSEtLk9FozPGap6en0tLSZLPZcpV5eHgoLS1N6enpeZalp6c72/Xw8HCWGQwGGY1Gpaen3/A+09LSru3mAQAAAAAAgFJCAhgAAAAlwmQyKTU1NcdrKSkpMplMslqt+ZZ5eXkpJSUlzzJJucptNpvS0tJkMpmuq8/8ygAAAAAAAIDbCWcAAwAAoETUrl3buYWydCVRe/LkSdWpU0e1a9dWdHS0HA6Hs/z48eOqU6eOqlevLoPBoFOnTjnLTpw4oTp16kiSgoKCcrR74sQJeXh4qEqVKtfcZ0FlAAAAAAAAwO2EBDAAAABKRLdu3fTrr7/qzz//lM1m07Jly+Tn56cmTZqoRYsWcnV11apVq2Sz2bRnzx7t27dP3bt3l4eHhzp37qwFCxYoLS1N586d05dffqmePXtKksLCwrRixQpduHBBFotFCxcuVFhYmNzd3a+5z4LKAAAAAAAAgNuJwXH1MgcAAAAgD35+fpKkS5cu5Xg9NDRU7u7ucjgcslqtcnd3lyR99dVXqlixojZv3qz58+crMTFRDRo00MSJE1WzZk1J0rFjxzR9+nRFR0erUqVKev755xUaGipJSk5O1vTp07Vnzx4ZjUY98sgjevLJJyVJDodDn3zyiVavXi2r1arQ0FCNGzfOuV3ztfZZUNmoUaN04MAB2e122e12ubm5qWbNmlqyZElJDjsA4CbL7+cdAAAAANxOSAADAACgUAUlgLdv314aIQEAcMORAAYAAABQFrAFNAAAAAAAAAAAAACUESSAAQAAAAAAAAAAAKCMIAEMAACAa8b2zwAAAAAAAMCthQQwAAAAAAAAAAAAAJQRJIABAABQKF9fX0lSZGRkKUcCAEDJyP4Zl/0zDwAAAABuVySAAQAAUKj69etLkqZNm6aoqKhSjgYAgBsrMjJS06ZNk/T/f+YBAAAAwO3K4HA4HKUdBAAAAG5t69ev12OPPVbaYQAAUOJWrlypbt26lXYYAAAAAHDNWAEMAACAQj3wwANavny5QkJC5OPjU9rhAABwQ1WoUEHt2rXTihUrSP4CAAAAuO2xAhgAAAAAAAAAAAAAyghWAAMAAAAAAAAAAABAGUECGAAAAAAAAAAAAADKCBLAAAAAAAAAAAAAAFBGkAAGAAAAAAAAAAAAgDKCBDAAAABK3cKFCzVixIjSDuOamc1mvfrqq/rkk09uaLt79uxRr169dO7cuRvaLq7f7t271blzZ9lstpvWJ/MBAAAAAAAUhVtpBwAAAIBbm8Vi0dKlS7V06VL985//lMPhkNVqVVpamiZNmnTN7R49elTvv/++Pv74Y3Xs2FERERE3MOqby9fXV40bN1ZKSsoNbTckJETly5e/oW1eL7vdrvDwcM2bN0/+/v4l1s/p06c1f/58RUZGqlOnTsrKytKJEyf00EMPKSwsrMT6Lap27drJze3m/nPqRs2HvXv3at68eZo4caLq1avnfP2HH37QBx98oA4dOshkMunixYsaNWqU7rrrLn311VeaPXu2xowZo759+8rV1fW64wAAAAAAACJGf0EAACAASURBVCWDFcAAAAAokMlkUlhYmFxdXfXCCy9o9OjRGjdunNq3b39d7daqVUtjxoxxfu/icvv/p2lJ3MOtNi4uLi6aPHmyKlasWKL91KhRQyEhIapVq5ZeeOEFjRs3TkOGDNGMGTNKtN/iMBgMMhgMN7XPGzEf4uPj1bdvX/3www85Xn/wwQfl6empAQMGaOLEiWrTpo1mzJghd3d3PfDAA846JH8BAAAAALi1sQIYAAAAxfbnn3+qW7dukqSdO3fqxx9/lL+/v/z9/TVw4ECdOXNGCxcuVLVq1XT27Fn17dtXP/74o+Li4lStWjUZDAY1btxYc+fO1bfffitJSkxM1IwZM3T8+HHVr19fo0aNkiS9/vrrqlatmg4cOKCJEyeqSpUqzjisVqumTZsmf39/nThxQv/+9781e/ZsmUwmvfDCC1q2bJk2b96shQsX5oj/rbfe0smTJ1W7dm399ddf6tevnwYMGKDo6GgtXbpUVapUUUxMjJ555hmZTCa98sorKl++vFxdXRUVFaV+/frp/Pnz2rNnjx566CENGjRIknTw4EFNnTpVMTEx6t+/v7p166b33nsvx30//fTT+uijj3TXXXcpOjpa48aNk5+fX474Pv74YyUnJ8vPz09ms9n5+ocffigPDw+dOXNGjzzyiJo1a+Ysi4yM1OjRo7Vq1SolJibqzTff1FNPPaU6depo9uzZqlmzphITE/Xiiy/qP//5T55jdPLkSX3xxRfy9fXVyZMnNXXqVG3evFkff/yxevfurYiICD333HN65ZVXNHfuXFWvXl1bt27V7t275evrq4SEBI0dO1ZeXl457ueHH37QwYMHZbVa1aBBA917772aMGGCAgIC5OLiosjISP373//OcT95OXv2rOrXr59vu/369dORI0e0cuVKBQQEKCkpSePHj9f777+f4xlc/YsHed3zhg0b9OGHH6pz5846fPiw7rrrLgUHB+uvv/7S2bNnNW/ePPn6+spgMOjjjz9WTEyMbDabJk+eLB8fH/33v/+Vi4uLoqKi1KdPH3Xs2FGLFy9WYmKiLBaLevbsqaZNm+aYu1OnTtW5c+dyxeLq6prvfPjkk09ktVplsVgUEBCgIUOGaMOGDTme1+zZs3OMYUZGhlxcXHTvvfdq0aJFGjlyZL4J3WrVqun8+fMFPhMAAAAAAHDrIQEMAACAIrHZbJo1a5akK9sAN2/eXJL05Zdfavjw4QoODtbJkyclSe+8846efvpptWzZUnFxcYqPj1dISIg2bdqksWPH6uDBg6pWrZrmzp3rbN/X11djxoyR3W7X0KFDFRERoTZt2mj48OGqWrWq5syZo127dqlfv37Oa44cOaLLly9r0qRJOnv2rLy8vNSkSROdOHFCktSxY0dt3rw517107NhRdrtdr732mg4dOqRp06ZpwIABevfddzVmzBjVr19fu3fv1owZM/TBBx+oUaNGqlWrlvr27atly5YpNjZWL730ko4dO6bXX3/dmQBu2LChnnnmGV28eFGPP/64OnbsmOu+ly9frhYtWqhXr15asmSJVq9erSFDhjhj2717tw4fPqyZM2dKkjP+3bt3y2w2a/Lkydq/f78WLlzofB6SFBwcLE9PT0lXVldXrVrVeX3jxo01cOBAnTx5UkajMd8x8vf31/PPP69y5cpp2LBhOn36tNq2bavZs2fr8ccfV0hIiBo2bKgKFSpIkpKTk/XRRx9p5cqVcnV11fz58/Xll19q8ODBzriSk5P12Wef6fPPP5fNZlPv3r3Vp08fNWzYUHfffbd69+6tzz//XJs3b84zARwTE6NZs2bp4sWLioyM1EsvvVRgux988IEmT56satWqafTo0frrr79yPYOr5XXPoaGhmjt3riZMmCCr1apevXpp/PjxGjJkiF555RX98ccf6ty5s+x2u5555hm5urpq5syZ+uKLLzR8+HD17NlTVatW1a+//qr169erY8eO+vLLL7VmzRrZbDbFx8fnmruurq55xhIXF5fnfNizZ49OnDih6dOnS5KeffZZhYSE5Hpef7dz5061adNGPj4+qlu3rn777Td16NAhVz2Hw6Fff/1VrVu3zlUGAAAAAABubSSAAQAAUCTZW0BL0sqVK52vt2rVSq+++qrCw8PVu3dv2e12HThwQA0bNpQkBQYGKjAwUFu2bJGHh4ckqXHjxjlWMl7NxcVFTZo0UVRUlJo1a6Z169bJZDIpKipKlSpVylG3Zs2aOnbsmKZMmaLw8HBVq1at2PcVEBCgjIwM2e12HTp0SLVr15Yk1a9fP1eyUJIqV66s6OhoSVL58uWVkZGRq072aujTp09LUo77XrBggeLj4xUXF6eLFy+qRo0aOa49cOCAGjVqlKvNI0eO6Pz581q4cKEyMjKKfP5us2bNNGHCBJnNZvXv37/AuhaLRV999ZUqVqyoS5cuKSsrS9KVZ+Lm5qbGjRvnqB8dHS1/f3/nCtL69etrw4YNOeqcPHlS6enpWrRokaQrieq/n5UcEBDgHKu/y94CWpIuXbqk4cOHa/z48fLy8srVbnJyso4cOaIffvhBBoNB5cuXV2ZmpqScz6Ao95zNzc1NFStWdD7n/J55s2bNnFsq7927Vxs2bFB8fLyz/+DgYI0cOVLh4eHq3LmzfHx8cs3dvGLJbz4cPHhQtWrVcn5/9913O3+xIr/nJUn79u3T4cOHJV3ZwvqHH37IlQBesWKFvLy8dNddd+mxxx7L87kAAAAAAIBbFwlgAAAAFNujjz6q1NRUubm5adCgQWrdurU+//xz7dy5U++//76kK6uEr5XNZpOHh4e+/vprubm5aeDAgUpKSspVz8fHR0uXLtXmzZv10ksvaerUqdfcZzaHw+H8+3rOd82+h7x06dJFoaGheZZlZWXJ3d09z7KGDRtq6NChxYqjWbNmWrx4sVavXq1hw4bpiy++yLfuBx98oEGDBqlZs2b66aefitR+9nhlf53XmPn6+hY77rz4+fmpefPm2rNnjzp16pSr3exYBg4cKJPJ5Hx9y5Yt+bZ5Lfecl+znfeTIEW3atEmzZs3Srl27nFucv/POO9q9e7c++eQTnT59WoMHD841dz///PNcsRQ0H64e+6K4fPmyatas6fxFgOTkZPXr10/Jycny8fFx1hswYECeyWMAAAAAAHB7cCntAAAAAHB72rZtmy5evKg9e/YoODhYkyZN0okTJ+Ti4qJGjRpp165d19Suw+HQ4cOH1axZMyUmJjoTeXklu44fP6709HT16dNHvXv3VnR0tIxGY64VpkWRHXf26t5jx47lufKyKMxms9LT0/NckVyvXr0Cx6ZevXrav39/nq9HRETIZrPle63RaFRqamqO1/bs2aPAwEA988wzqlatmhISEvIdo8LG+++CgoKUkJAgq9UqKe8xq1Wrls6ePau4uLhC2yuM3W7X0aNHVbdu3TzbNRgMhY7v3xX3nvNz6NAhNW/eXJcuXcqRfM62b98+/eMf/9Bzzz2n48eP5zl384olv/nQuHFj51yVpKNHjxaatP3pp59ybAudvQ30tSS+N2/erISEhGJfBwAAAAAASp7rlClTppR2EAAAALh1WSwWffvtt/rjjz90+fJl7d69W7/++qs2b96s3r17a82aNfr999+1c+dOdenSRcHBwWrSpIkWLVqkHTt2aN++fQoMDNQvv/yiY8eOqWHDhvL399e6deu0a9cu1a1bV1WqVNHvv/+uEydO6Mf/x96dh2lV0P0f/8yCwDjAsMnmAq4QyqLhgv0yKi3r0itNC0tTM/PKyrRHu3zcTUnbNHIp3DIfd7PEfV9KBARBNkVlE8UFZcCJZWCYmd8fPs4lAgJiz+Dx9frncM/c9znf+z5n+GPec8554IEMGjQo++yzTzbffPOMGDEic+bMyYIFC/Lqq6/mc5/7XMrL372QzYIFC/KnP/0pc+fOzdy5c3PYYYela9euufbaazN58uTMnz8/kyZNyq677ppOnTo1vac777wzM2fOzO67754JEyZk1KhR2XPPPTN48ODcdNNNmTVrVp5++ukcf/zxSZJ//OMfWbx4cfr06ZMHHnggs2fPzoABAzJu3LiMGTMmgwYNSsuWLTNx4sS88MILuf/++/PDH/4wW265ZUaOHLnK+95+++1zzz335IknnsjUqVPTpUuXtG/fvmm2bbbZJuPHj8/IkSMzderUzJ49O+3bt8++++6bWbNm5bbbbsvUqVNTUlKy2uWjFy9enKuuuiqvvPJK5syZk8WLF6d169YZOXJknn/++VRUVOSrX/1qqqqq1vgZtWvXLldeeWVee+21pvvS1tbW5vHHH892222XrbbaKuPHj8+DDz6YysrKDBgwIF27ds1tt92W559/Pm+99VaOOeaYVc5YbdmyZaqqqjJixIhMmTIlr7/+erbaaqv8/e9/z7JlyzJgwIDcc889efnll7P33ns33cd47ty5GTlyZGbOnJk33ngjo0ePzsiRIzNgwIB861vfSqtWrVZbb9++fbPddtvlmmuuycSJEzN9+vTstNNOue+++1bZB++3cuXK1d7z8uXL8+ijj6Zv376prq7Ovffem44dO6aqqip33XVX6urqsscee+SFF17IrFmz8tRTT2XZsmU5+uij06lTp9x8882ZNGlSampqMnXq1Oyxxx4ZMWJE5s2bl4kTJ+bggw9OWVnZasdueXn5arMceOCBazwevvzlL2fmzJkZN25cnnzyyeywww7Zb7/9MmbMmFX213vGjx+f66+/Pu3atUvv3r2TJFOnTs3TTz+diRMnpnPnzpk1a1Yee+yxtGjRIl26dElVVVWSd89CvvPOOzNu3Lh06NAhvXv3zoUXXpiePXtmyy233Oj/YwAAAICPV0njxvyZOwAAAAAAAACbDJeABgAAAAAAACgIARgAAAAAAACgIARgAAAAAAAAgIIQgAEAAAAAAAAKQgAGAAAAAAAAKAgBGAAAAAAAAKAgBGAAAAAAAACAghCAAQAAAAAAAApCAAYAAAAAAAAoCAEYAAAAAAAAoCAEYAAAAAAAAICCEIABAAAAAAAACkIABgAAAAAAACgIARgAAAAAAACgIARgAAAAAAAAgIIQgAEAAAAAAAAKQgAGAAAAAAAAKAgBGAAAAAAAAKAgBGAAAAAAAACAghCAAQAAAAAAAApCAAYAAAAAAAAoCAEYAAA+oqUnnpjlf/hDc48BAAAAAE0EYAAA2EArH388jYsWpaSqKg2LFqVx0aKsfPzx5h4LAAAAAFLS2NjY2NxDAADA/5Wampoce+yxqayszBlnnJErr7wyv/rVrzZsHQMGpH7SpJT27JkkaZgzJ2X9+6fts8/+J0YGAAAAgPUmAAMAsF7mzp2ba6+9Ns8991y6du2aqqqqLFiwIJ/97Gdz5JFHbtS677333vTp0ye9evX6mKZduwcffDBLly7NCy+8kLvvvjsnnnhivvnNb27welY+/ngWH3RQkmTzv/wlLb7xjY97VAAAAADYYAIwAADr9Morr+QHP/hBWrduncsvvzzdu3dPkqxYsSLnnHPOBp9B+35z587N4YcfnnPPPTdDhgz5uEZeqxUrVqSsrCxlZWWpq6tLixYtNngdjYsW5d9DhqSsf/80LlqUhpdfTpvHHktJVdV/YGIAAAAAWH/lzT0AAACbvhtuuCFLlizJ4Ycf3hR/k2SzzTbLscce2/T4xhtvzEMPPZT27dunvr4+p556alq3bp2f/OQnmTNnTvbaa6+88cYbef3113PkkUfmS1/6Us4777w0NDTktttuS21tbcrKyvKb3/wm7dq1y7Bhw3LhhRdmyJAhOfDAA3P66aenV69eGT9+fDp16pTzzz8/lZWV+dWvfpXS0tJUV1enf//+Oeqoo/LEE0/kL3/5S6qqqrJ8+fKcc845GTVqVC666KJ0794922yzTSZOnJiuXbvm4osvTufOnXP11Vfn1VdfzYoVKzJlypQcddRROfjgg9f4mZTvs09an3NOkmTZ/y4BAAAAoLmVNvcAAABs+qZPn54k6fm/97x9v/cu2zxt2rRcfvnlGTJkSH79619nypQpueiii1JVVZVBgwYlSQ455JD86U9/ysqVK/O3v/0t3bt3b/reoYcemv333z/77bdf2rVrl4ULF+b222/Pfvvtl5KSkrRs2TI///nPc8opp2To0KGZNGlSHnvssYwdOzZPPPFEjj/++Fx00UXZZptt8s477+SXv/xldthhh5xxxhmZMmVKbr311uy7775Jkvbt2+e3v/1tDj744MyZMydPPfVUkmTQoEE5++yzM2zYsDQ0NOSaa65Z4+dRUlWVij/8ISVVVav8GwAAAACamzOAAQBYp4aGhiRJSUnJWp8zbdq0JEmnTp3SokWLtG/fPlOmTFnlOaWlpamsrExVVVWWLVv2odssLS3N6aefniRZunRpli5dmltuuaXp30lSW1ubHj16pK6uLoccckj22muvHHvssZk5c2aWL1+eadOmZfjw4enVq1fef+eT0tJ3/w5yq622SpIsX748ybuXuv7rX/+abt26ZcWKFU3vGwAAAAA+KZwBDADAOvXp0ydJMmvWrNW+N3r06FUevxdaGxoaPjQYb4iKiopccMEFue+++/Kzn/2s6Uze5N0zkC+77LIMHjw4Tz31VE477bSm7Q4aNCjnnXde/ud//icnnHDCh25j2rRpueCCC9K5c+ecfPLJadOmzccyOwAAAAD8XxKAAQBYpyOPPDJt27bNbbfdlnnz5jV9va6uLrfeemuSZOedd06SVFdXZ8WKFVm0aFH69u27znW3aNEiSdZ5RvDixYuTJJWVlat8/cknn0xFRUWGDRuW0047LUuXLs3222+f1q1bZ+LEiamrq1uv97hkyZI1rh8AAAAAPknKzjnnnHOaewgAADZtbdq0yRe/+MW89dZbuf766zNmzJg8/fTTufvuu7PTTjvls5/9bDp37pzWrVvnoYceypNPPpktttgip5xySpLk+uuvz1tvvZXOnTunsrIyI0eOTF1dXfr165c+ffpk3LhxGTt2bOrq6lJTU5OHHnooK1asSEVFRVNYbtOmTZ555plMmDAhNTU1mTFjRlauXJnddtstw4cPz/Tp0zN58uQceeSR2WmnnbLddttl/Pjxuf766zNlypS0bt06s2fPzhNPPJHGxsb8v//3/3LXXXdl9uzZKSkpydChQ/P888/n6aefzuuvv57XX389NTU16dOnT7bccsvm/PgBAAAAYL2VNL7/ZmgAAAAAAAAAfGK5BDQAAAAAAABAQQjAAAAAAAAAAAUhAAMAAAAAAAAUhAAMAAAAAAAAUBACMAAAAAAAAEBBCMAAAAAAAAAABVHe3AMAALDpe+aZZ5p7BAD4j9ttt92aewQAAICNJgADALBe/FIcgCLzx04AAEBRuAQ0AAAAAAAAQEEIwAAAAAAAAAAFIQADAAAAAAAAFIQADAAAAAAAAFAQAjAAAAAAAABAQQjAAAAAAAAAAAUhAAMAAAAAAAAUhAAMAAAAAAAAUBACMAAAAAAAAEBBCMAAAAAAAAAABSEAAwAAAAAAABSEAAwAAAAAAABQEAIwAAAAAAAAQEEIwAAAAAAAAAAFIQADAAAAAAAAFIQADAAAAAAAAFAQAjAAAAAAAABAQQjAAAAAAAAAAAUhAAMAAAAAAAAUhAAMAAAAAAAAUBACMAAAAAAAAEBBCMAAAAAAAAAABVHe3AMAAPDJ8MwzzzT3CAAAAADAOpQ0NjY2NvcQAAAAAAAAAGw8l4AGAAAAAAAAKAgBGAAAAAAAAKAgBGAAAAAAAACAghCAAQAAAAAAAApCAAYAoNldffXV+dGPfrTBr5s9e3Z++tOf5t577/0PTPV/b9SoUTnqqKNy1113NfcoG+zWW2/NN7/5zeYe42P3UY/NDzN79uwcf/zxhTluAQAAgE2LAAwAwIdaunRprrjiinz+85/P8OHD84c//CG/+93vct55523Uel966aUcd9xxSZK99977I62jV69e6dWr10bN8VFMnjz5P7LeHj165M9//nMmTJiQ8847L/X19R/r+v/+97/nkksu+VjX+Z4vfelL/5H1NrePemx+mOY6bj9MQ0NDvvWtb2XBggXNPQoAAACwkcqbewAAADZtFRUV+cpXvpKbbropP/vZz5q+/tBDD23UerfZZpucdNJJTY9LSz8Zf5s4derU/POf/0y/fv0+9nX37NkzSXL22Wd/7OtOkn322Se1tbVr/N6ECROy4447prKy8iOtu6ysbGNG26T9J47NTe14Ly0tzVlnnZUOHTo09ygAAADARhKAAQDYYJMmTcq+++6bJBk9enQeeOCBdOzYMR07dsx3vvOdvPrqq7n66qvTo0ePzJs3L9/4xjfywAMP5M0330yPHj1SUlKSvn375vLLL88dd9yRJKmurs7FF1+cmTNnZscdd8wJJ5yQJDn33HPTo0ePTJkyJaeeemq6deu21rnuv//+zJkzJwsXLswWW2yRY445ZpXvL1u2LMOHD0/79u2zfPnybLHFFhk6dGiuuOKKrFy5MkuXLk2nTp1y1FFH5Z577snll1+eIUOGZPr06enatWtOP/303HTTTZk/f35uv/327Lzzzjn55JMzdOjQPProo7nwwgtz+eWXrzbvtddem+rq6ixdujRf//rXM3DgwPzxj39My5Yt8+qrr+bQQw9NeXl5TjnllAwZMiTz5s3L22+/nUsvvTTt2rXLlVdemdLS0rz44os58MADVzsrdU3v+4P75ZBDDsm1116bJUuW5KyzzsqKFSvym9/8Jt26dcszzzyTHj16ZNddd83555+fOXPmpGfPnpk6dWoOOuigfPvb317jNhYvXpzf//736dy58yrzzJkzJzfffHOqqqoyZ86cDBs2bLVA/GH7deXKlbngggvSsWPHzJo1K8OGDcuDDz6Y22+/Pddee22eeeaZ/Pd//3fuuOOOVFRUNL1ubbMvXrw4l1xySTp37pxXX301X/nKV7LXXnvlV7/6VV588cX06tUr06ZNy+DBg1NeXp5nn302nTp1yoUXXrjWY/PBBx/MiBEjcsABB2T8+PG59NJLV9unH/wjgcceeyyPPfZYtt5660yfPj19+vRJkg993fTp03PiiSfmtttuS3V1dc4777wcffTR2WOPPdb7M5o/f/5q+2PGjBmrHLvHHHNM0/G75ZZbZvbs2bn++uvTrVu3vPzyy/nhD3+Yrbbaaq0/ewAAAMCmQwAGAGC91NfXZ/jw4UnevVxs//79kyR/+9vfcuyxx6Z3796ZM2dOkuTXv/51vv/972fgwIF5880389Zbb2XQoEF5+OGH8/Of/zzTpk1Ljx49cvnllzetv6qqKieddFIaGhpyzDHHZPz48fnsZz+bY489Nt27d89ll12WMWPG5KCDDlrrjP369ctXv/rVLFu2LIceeuhqAfimm27KFltske9///tJkkceeSTjxo3LrFmzmmLfcccdl0GDBmXvvffOlVdemZNPPjn19fXZf//9s2LFiuy66655/fXXm+53W1VVlT333DOf+9zn0qpVqzXO+7e//S133nln6uvr89Zbb2Xs2LFZtGhRzjrrrEyePDlXX311hg8fng4dOmTo0KHZcsstc/LJJ2fixIn5whe+kK9//evp3r17nnrqqdx///2rBeA1ve8P7pfNNtssu+66a/71r38lSe67775svvnmOeaYY7LTTjvl7rvvTvLuJY8bGhpyxhln5LnnnssFF1yQb3/722vcxvXXX5+ePXvmyCOPzIIFC/LII48kSTp27Jif/OQnqayszA9+8IO88sorTWc3v+fD9usLL7yQmpqanHnmmZk3b17KysoycODA3H777UmS3XbbLS1btlxt/69t9htvvDHbbrttUww+/PDDc/PNN+dzn/tcamtrc/bZZ2f69On55S9/mRtvvDH19fU58MAD884776z12Nx9991z6aWX5vDDD8+gQYPWuk/fU1NTkz/84Q+55ZZb0qpVqyxcuDBJ1vm63r17p1WrVknePWu+e/fuG/wZrWl/7LTTTqscux06dEi7du2atvub3/wmJ510UnbccceMHTs2F198cS666KLVPnMAAABg0yMAAwCwXsrKypouAX3rrbc2fX3XXXfN6aefnqFDh+aAAw5IQ0NDpkyZ0nR2Y5cuXdKlS5c89thjTUGqb9++WbRo0Rq3U1pamp133jkvvvhi+vXrl3vvvTcVFRV58cUXVzvT9IPmz5+fu+66K23atEldXd1q3580aVKGDh3a9PhLX/pSrr322myzzTZNX9thhx2aAvX733tVVVWWL1++xu22bNkyW265ZVasWJFbbrlltXl79+6d448/PkOHDs0XvvCFPPzww3njjTdy9dVXZ/ny5enYseNq6+zUqVPT9p555pk8+OCDeeutt7JixYr1et8f3C8f9MYbb6R9+/ZJ3g2cNTU1HzrDmrYxefLkHH300au9bunSpbn99tvToUOHLFy4cLV9sWLFig/dr1tvvXVmzJiRc845J0OHDl1lX6yv988+bdq0HHbYYUmSysrKbL755nnllVdWeX7nzp2bnl9WVpbNN998tf39/mNz++23T2lpacrLy9O3b99cd911H7pPX3rppXTv3r0p5r7nhRdeWOexsCYb8hl92P5479h9v4aGhjz33HNN0X7HHXfMtGnT1msuAAAAoPkJwAAAbLBvfetbWbJkScrLy/Pd7343u+22W2644YaMHj06v/vd75K8G5E+qvr6+rRs2TJ///vfU15enu985ztNZ2OuTWNjY84555ymOP3Xv/51rete02s/Dmub99e//nXGjh2bK664oik89unTZ7UzlNfkhRdeyMMPP5zhw4dnzJgxTZfMfv/sa3rfH9wvHzx7s2fPnhk9enSSdy/Z/JnPfGatM6xtGytXrlzjvWwvuuiixLvO4AAAIABJREFUfPe7302/fv3y6KOPrvb9de3XNm3a5Prrr88jjzySU045JcOGDftY703b2NiYkpKSj/Ta947NNfmwfVpXV7fWba7vsfB+G/IZrWt/rM17Pxcb83kBAAAA//dW/20NAACsh3/+859ZsGBBxo0bl969e+fMM8/MrFmzUlpams985jMZM2bMR1pvY2Njnn/++fTr1y/V1dVN93hdV6RdsWJFli9fnhYtWqz1ubvssstqc/Xt2zezZ89uevzSSy+lb9++a91OSUnJGs8uTrLWeSdMmJDBgwfnxz/+cWbOnJntt98+48ePX2OM/qCFCxeucp/bD1rb+/7gfvmg3XbbLdXV1bnmmmvy5ptvNl0We0O2sf3222fy5MmrPX9d+21d3585c2Zqa2tz4IEH5oADDsjs2bOz2WabZcmSJWud8cP07du36TNYsmRJlixZstpZr+vj/cfmB61rn2677baZPXt2li5dukGvS7LG974hn9GG/BwlafoZfu/nYsaMGU1/IPDII4/k7bffXuc6AAAAgOZTds4555zT3EMAALDpWrp0ae644448++yzqampydixY/PUU0/lkUceyQEHHJA777wzEydOzOjRozNkyJD07t07O++8c6655pqMGjUqEyZMSJcuXfKvf/0rM2bMSJ8+fdKxY8fce++9GTNmTLbbbrt069YtEydOzKxZs/LAAw9k0KBB2WeffbL55ptnxIgRmTNnThYsWJBXX301n/vc51Je/u6FbGbPnp377rsvS5cuzS677JLXXnstI0eOzNtvv51p06alT58+TfdMTd69FPOjjz6au+++O88880waGxszePDgzJw5M+PGjcuTTz6ZHXbYIfvtt1+efvrpPPbYYxk4cGCqq6tz9913Z9ttt812222Xa6+9Nu+8807at2+fO++8M23atEmfPn3Spk2bNc578cUXZ968eZk4cWIOPvjg7Lrrrpk1a1Zuu+22TJ06NSUlJamvr8/IkSPTpUuXdOzYMSNHjkxdXV2+9rWv5ZZbbsmkSZNSU1OTqVOnZo899kjbtm2TJOXl5Zk5c+Zq7/tf//rXKvulW7duufvuuzNz5sz07t07b7zxRm6++eY8++yzmTJlSkaPHp3Bgwfn4YcfzsyZM7P77rtnwoQJGTVqVPbee+9UV1evto3Pf/7zufHGGzN69Oi89NJLee655zJgwIB06NAhV155ZV577bWm+9MOGDCgaT+sa78uWLAgf/rTnzJ37tzMnTs3hx12WDp06JAxY8bknnvuyWuvvZbnnnsuPXr0yHbbbde03jvvvHO12ffcc8/sueeeuf/++zNjxow88MADOeKII7Lttttm5MiRmTFjRgYMGND0/J133jnz58/Pfffdl2222SY9e/Zc47E5ZsyYPP7449luu+2y1VZbpUePHqvt06222mqV91xWVpYRI0ZkypQpefnll/POO+9k6NChmT179lpflySLFy/OVVddlVdeeSVz5szJ4sWL07t37/X+jLbeeuvV9kfbtm1XOXYnTJiQBx98MJWVlfnMZz6Tvn375qabbsqsWbPy9NNP5/jjj0+7du1ywQUXpGfPnh8poAMAAAD/N0oaP67r3QEAAJ8Yjz/+eBoaGvLFL34x9fX1+e1vf5sddtgh3/zmN5t7NAAAAAA2gktAAwDAp9BDDz2U3r17J0nKysrS0NCQHj16NPNUAAAAAGwsZwADAMCn0IQJE3LfffelS5cu+fe//51OnTrliCOOaO6xAAAAANhIAjAAAAAAAABAQbgENAAAAAAAAEBBCMAAAAAAAAAABSEAAwAAAAAAABSEAAwAAAAAAABQEAIwAAAAAAAAQEEIwAAAAAAAAAAFIQADAAAAAAAAFIQADAAAAAAAAFAQAjAAAAAAAABAQQjAAAAAAAAAAAUhAAMAAAAAAAAUhAAMAAAAAAAAUBACMAAAAAAAAEBBCMAAAAAAAAAABSEAAwAAAAAAABSEAAwAAAAAAABQEAIwAAAAAAAAQEEIwAAAAAAAAAAFIQADAAAAAAAAFIQADAAAAAAAAFAQAjAAAAAAAABAQQjAAAAAAAAAAAUhAAMAAAAAAAAUhAAMAAAAAAAAUBACMAAAAAAAAEBBCMAAAAAAAAAABSEAAwAAAAAAABREeXMPAADAJ1tjY2OWLVuWZcuWZeXKlamvr09jY2Nzj/WJV1JSkrKyspSXl6d169Zp3bp1SkpKmnssAAAAADZxJY1+OwcAwEfQ0NCQmpqa1NbWNoXKsrKylJSUpKSkJI2NjZYbuWxsbEx9fX3q6urS0NCQVq1apW3btiktdSEfAAAAANZMAAYAYIPV1tZm4cKFadmyZVq0aNHc43xq1NXVZfny5Wnfvn1atWrV3OMAAAAAsAly6gAAABukuro6CxcuTEVFRVq0aNF0uWfL//yyRYsWqaioyMKFC1NTUxMAAAAA+CBnAAMAsN4WLVqUN954I127dnUZ4mbU2NiY119/PV26dEn79u2bexwAAAAANiF+awcAwHpZvHhxXn311XTs2DGlpaWbxBmxn9ZlSUlJOnTokHnz5mXx4sUBAAAAgPc4AxgAgPUyZ86clJSUpKqqqrlH4X8tWrQojY2N6dmzZ3OPAgAAAMAmwhnAAACs08qVK7NkyZK0a9dukzgD1vLdZbt27bJkyZKsXLkyAAAAAJAIwAAArIeamppUVFQ0Pd6QSHnVVVflwgsvXK/nH3nkkZk4ceKHPu+iiy7KX//61w2e4z+9fOihh3LyySev8vWGhoYMHz48l156aVasWPGxbzdJKioqUlNTEwAAAABIXAIaAID1MGvWrFRUVKRVq1ZN96Bd3+WVV16Z6urq/OIXv1jn8995551UVFRks802W+vzFi9enNLS0rRu3Xq952hoaEhpaekGzb2hy9ra2tTV1aWysrLp63PmzMmSJUuy8847/8e2u2zZstTW1qZXr17NfZgAAAAAsAkob+4BAADY9C1btuxjufzz/Pnzc9xxx+VHP/pRHn/88VRXV2e77bbLf/3Xf6WkpCQnnnhiTjjhhAwcODDTpk3LFVdckerq6nTs2DE/+tGPstNOO+WKK65Ip06dcsQRR2T58uW57LLLMnny5DQ0NKRXr1458cQTU1VVlYceeihPPvlkNttss7z55pv54x//uMo806dPz4gRI7JkyZLU19dnjz32yDHHHJOysrI899xzueqqq7J48eK0aNEihx56aPbZZ580NjbmgQceyD/+8Y/U19enrKwsBx10UL7yla/kn//8Zx588MH89re/TWNjY+6+++7cc889aWhoSOvWrXP00Uenf//+eeutt9b6GbxnQz7XzTbbLNXV1R/7PgcAAADgk0kABgBgnd472/T9/17f5fvXUVZWlhUrVuSdd97J+eefn2XLluXYY4/N5MmT069fv6bnLl68OOedd15OPfXU9O/fP48++miGDRuWv/zlL6vEzzvuuCPz5s3LFVdckZKSkvzyl7/MLbfckuOOOy4tWrTIc889l1NOOSW77777anNdddVV2X///bPvvvumrq4ul156aV5++eV07tw55557bn76059m7733zmuvvZaTTjop22yzTbp27ZrLLrssI0aMSNeuXfP222/n8ssvz5AhQ1Z5n5MmTcrNN9+ciy++OJ06dcrEiRNz/vnn5+qrr05paWlWrFiRRYsWZdiwYVmyZEl++MMfZtKkSRkwYMAGf77v/RsAAAAAEvcABgBgA2zMvWrf//gLX/hCkqR169bp1q1b5s+fv8rznn322VRVVaV///5Nzx8+fPgqETpJDjrooJx77rkpLy9PWVlZdtlll7z22mtNcbSioiKDBg1a41ydOnXK6NGjM3369JSWluakk05Kr169Mnny5LRp0yaDBw9OY2NjunXrlt133z2jRo1KixYtUlVVlfvvvz+vvvpqOnXqlLPOOistWrRYZf6nnnoqe+yxRzp16pQkGThwYNq2bZupU6c2PWfIkCFpbGxMRUVFunXrlrfeeusjf77vD+0AAAAAfLo5AxgAgHUqLy/PypUrU15e/pHuVZusGoNbt269yhms9fX1qzxv4cKFqaysbHpcWlqadu3arXZG8euvv54bbrghb775ZkpLS7Nw4cJsueWWTd+vqqpa61w//elPc/vtt+eyyy7L22+/nS9/+cv53ve+l+rq6rz99tv5/ve/37Sturq6DB48OKWlpRk2bFjuuOOOnHnmmSktLc2hhx6ar371q6vMv2jRovTo0aPpcUlJSdq0aZNFixY1Pa9Vq1arfH/lypWrPF7f5cqVK1cL0AAAAAB8egnAAACsU+vWrVNXV5eysrIkG38G8Lqe165du7zzzjtNX29oaMjcuXOboup7fv/732fnnXfOL37xi5SUlOS2227L1KlT12u7rVu3zuGHH57DDz888+fPz/nnn5+uXbumQ4cO6d69ey655JLVPofGxsb06NEjP/7xj5Mk06ZNy7nnnps+ffqs8ryqqqpVYm9jY2NqamrSvn37Nc61vp/PmpZ1dXVp2bLlarMCAAAA8OnkEtAAAKzT5ptvntra2iQbH3/X9bixsTH9+/fPokWLMnbs2DQ2NmbUqFE544wzVjsD+J133sn222+fkpKSzJs3L6NGjWqac03rfW9ZV1eXk046KbNnz05jY2M6duyYtm3bprGxMbvsskuqq6szbty4JMnSpUtz6aWXZubMmZk1a1ZOO+20/Pvf/05jY2O23HLLprOi37/+wYMH5+mnn266rPO4ceOydOnS9O3bd6Mj+QeXtbW1adOmTQAAAAAgcQYwAADroU2bNnnjjTfStm3bNV7WeWOXH1RZWZnTTjst11xzTS677LK0b98+p556akpLS1d53RFHHJHrrrsut9xyS7beeuscd9xxGTZsWEaMGLHKWbkf3F55eXkOOeSQ/P73v09tbW1KSkrSv3//fPnLX85mm22WM844I9dcc02uuuqqNDQ0ZO+9984222yT0tLS7LLLLvn5z3+exsbGlJeXZ+jQodl6663z4osvNm1vl112ydChQ3P22WenoaEhlZWVOf3007P55ptn+fLlq821tjnXtayvr8+yZcuy9dZbr3nHAQAAAPCpU9K4tt+6AQDA+8yaNSslJSWprKzc4HsAW/5nlv/+979TWlqanj17NvfhAQAAAMAmwiWgAQBYLz169MiSJUuyYsWKj/0MYMuPdu/fpUuXrnZfZAAAAAA+3QRgAADWS8uWLdOjR48sWrQoK1eu3CQi6Kd1uXLlyixcuDA9evRIixYtAgAAAADvEYABAFhv7du3T1VVVaZOnZply5ZtEjH007ZctmxZpk6dmk6dOqV9+/YBAAAAgPcTgAEA2CA9evRIv3798uKLL+bNN9/cJKLop2U5f/78vPjii+nfv3+6dOkSAAAAAPigksb3fqMEAAAboLa2NpMnT05NTU3atWuXtm3bplWrVmnRokXKysqae7xPvPr6+tTV1aW2tjY1NTVZtGhR2rVrl379+qVVq1bNPR4AAAAAmygBGACAjVJdXZ0FCxZk4cKFWbp0aWpra1NfX9/cY33ilZWVpVWrVqmoqEhVVVU6deqUDh06NPdYAAAAAGziBGAAAAAAAACAgnAPYAAAAAAAAICCEIABAAAAAAAACkIABgAAAAAAACgIARgAAAAAAACgIARgAAAAAAAAgIIQgAEAAAAAAAAKQgAGAAAAAAAAKAgBGAAAAAAAAKAgBGAAAAAAAACAghCAAQAAAAAAAApCAAYAAAAAAAAoCAEYAAAAAAAAoCAEYAAAAAAAAICCEIABAAAAAAAACkIABgAAAAAAACgIARgAAAAAAACgIARgAAAAAAAAgIIQgAEAAAAAAAAKQgAGAAAAAAAAKAgBGAAAAAAAAKAgBGAAAAAAAACAghCAAQAAAAAAAApCAAYAAAAAAAAoCAEYAAAAAAAAoCAEYAAAAAAAAICCEIABAAAAAAAACkIABgAAAAAAACgIARgAAAAAAACgIARgAAAAAAAAgIIQgAEAAAAAAAAKQgAGAAAAAAAAKAgBGAAAAAAAAKAgBGAAAAAAAACAghCAAQAAAAAAAApCAAYAAAAAAAAoCAEYAAAAAAAAoCAEYAAAAAAAAICCEIABAAAAAAAACkIABgAAAAAAACgIARgAAAAAAACgIARgAAAAAAAAgIIQgAEAAAAAAAAKQgAGAAAAAAAAKAgBGAAAAAAAAKAgBGAAAAAAAACAghCAAQAAAAAAAApCAAYAAAAAAAAoCAEYAAAAAAAAoCAEYAAAAAAAAICCEIABAAAAAAAACkIABgAAAAAAACgIARgAAAAAAACgIARgAAAAAAAAgIIQgAEAAAAAAAAKQgAGAAAAAAAAKIiSPn36NDb3EAAAAAAAAABsPGcAAwAAAAAAABSEAAwAAAAAAABQEAIwAAAAAAAAQEEIwAAAAAAAAAAFIQADAAAAAAAAFIQADAAAAAAAAFAQAjAAAAAAAABAQQjAAAAAAAAAAAUhAAMAAAAAAAAUhAAMAAAAAAAAUBACMAAAAAAAAEBBCMAAAAAAAAAABSEAAwAAAAAAABSEAAwAAAAAAABQEAIwAAAAAAAAQEEIwAAAAAAAAAAFIQADAAAAAAAAFIQADAAAAAAAAFAQAjAAAAAAAABAQQjAAAAAAAAAAAUhAAMAAAAAAAAUhAAMAAAAAAAAUBACMAAAAAAAAEBBCMAAAAAAAAAABSEAAwAAAAAAABSEAAwAAAAAAABQEAIwAAAAAAAAQEEIwAAAAAAAAAAFIQADAAAAAAAAFIQADAAAAAAAAFAQAjAAAAAAAABAQQjAAAAAAAAAAAUhAAMAAAAAAAAUhAAMAAAAAAAAUBACMAAAAAAAAEBBCMAAAAAAAAAABSEAAwAAAAAAABSEAAwAAAAAAABQEAIwAAAAAAAAQEEIwAAAAAAAAAAFIQADAAAAAAAAFIQADAAAAAAAAFAQAjAAAAAAAABAQQjAAAAAAAAAAAUhAAMAAAAAAAAUhAAMAAAAAAAAUBACMAAAAAAAAEBBCMAAAAAAAAAABSEAAwAAAAAAABSEAAwAAAAAAABQEAIwAAAAAAAAQEEIwAAAAAAAAAAFIQADAAAAAAAAFIQADAAAAAAAAFAQAjAAAAAAAABAQQjAAAAAAAAAAAUhAAMAAAAAAAAUhAAMAAAAAAAAUBACMAAAAAAAAEBBCMAAAAAAAAAABSEAAwAAAAAAABSEAAwAAAAAAABQEAIwAAAAAAAAQEEIwAAAAAAAAAAFUd7cAwBs6nbeeefmHgEAAAAA+F9Tp05t7hEANmklffr0aWzuIQAAAAAAAADYeC4BDQAAAAAAAFAQAjAAAAAAAABAQQjAAAAAAAAAAAUhAAMAAAAAAAAUhAAMAAAAAAAAUBACMAAAAAAAAEBBCMAAAAAAAAAABSEAAwAAAAAAABSEAAwAAAAAAABQEAIwAAAAAAAAQEEIwAAAAAAAAAAFIQADAAAAAAAAFIQADAAAAAAAAFAQAjAAAAAAAABAQQjAAAAAAAAAAAUhAAMAAAAAAAAUhAAMAAAAAAAAUBACMAAAAAAAAEBBCMAAAAAAAAAABSEAAwAAAAAAABSEAAwAAAAAAABQEAIwAAAAAAAAQEEIwAAAAAAAAAAFIQADAAAAAAAAFIQADAAAAAAAAFAQAjAAAAAAAABAQQjAAAAAAAAAAAUhAAMAAAAAAAAUhAAMAAAAAAAAUBDlzT0AwCfFAQcckH333TedO3dOTU1Nxo4dmxtuuCHLly//yOvs2rVrqqqqMn369I+8jl122SWvvfZaFixY8JHXAQAAAAAAFIMzgAHWw+GHH5799tsvf/7zn/O9730vZ599drbYYouccsopG7Xe3XbbLb17996odey///7p0KHDRq0DAAAAAAAoBmcAA6xDu3bt8vWvfz1nnnlmZsyYkSR54403Mnz48Oy1114pLS1NY2Njvv3tb2evvfZKSUlJXnrppVx11VVZtmxZvva1r2XrrbdOy5Yts8UWW6SsrCy/+93v0q1btxx66KGpr69PZWVlrr/++nz+85/PIYcckhYtWuTNN9/MJZdc0nRm75577pnDDjssrVu3zuTJk/PnP/85BxxwQAYOHJiePXvmuuuuy9ixY9c6BwAAAAAAUHzOAAZYhx122CHV1dVN8fc9y5Yty6OPPpqGhobstddeGThwYH7xi1/khBNOSGlpab7xjW8kSRoaGjJo0KBcd911Of3/t3dvsV3Whx/HP63IoQdbaDAEYfYCmCULHsqcp7gLUIcaFkGS4ZQZDxFkZiYmms1oTJUsLNkku5jTC+OMDJREzTxxsS1hGQuLyFCGWkRRo2YUaKkcSmXt73/B31/WiYLixvbd63XT/p7f93me79Pbd7/P9847s23btlx00UXZtGlT1q5dm2eeeSaPPfZY6uvrc9NNN+Xee+/NokWL0tXVlTlz5iRJRo8enRtvvDFLlizJwoUL09jYmEsvvTRPPfVUtm/fnvvvvz/r1q37zHkAAAAAAADlE4ABjqCuri69vb2fOaa9vT1r166t7ge8Zs2anH766dXvOzs709PTkyR5991309LS8olr7Nu3LzfeeGN27NiRJPnrX/+acePGJUmmTZuWLVu2pKurK4ODg7n//vvzwgsvfO55AAAAAAAAZfMKaIAj2Lt37xH32G1qasqePXuGnHPSSSdVPx84cKD6e6VSSW3tJ///pqamJrNnz860adOSJA0NDdUY3NTUlH379h32ep9nHgAAAAAAQNmsAAY4gs7OzjQ1NWXq1KlDjg8fPjwLFy7MiBEj0tvbm8bGxup3DQ0N2b179+e6z3nnnZevf/3rue+++/KjH/0oTz75ZPW7w13/cKuIv4x5AAAAAAAA/70EYIAj2LdvX55++unceuutaW9vz6hRozJ+/PjccccdqaurS39/f9avX58LLrggw4cPT01NTWbMmJENGzYc8doDAwOpr69PkjQ2Nqarqyv79+9PQ0NDLrzwwowYMSJJsmnTppx22mmZMGFCamtrs2jRopx//vmfuMYXnQcAAAAAAFCGE8aOHXvP8Z4EwH+6zZs35+DBg5kzZ06uuuqqfOMb38iGDRvy8MMPp1Kp5P33309LS0uuu+66zJo1Kx988EFWrlyZgYGBTJo0KS0tLfnzn/+cJEM+VyqVXHPNNTnllFPy7LPPZubMmZk9e3bOPPPM/PrXv87FF1+choaGvPjii9m+fXsWLlyYK664Ih988EFWrFiRwcHBNDc3Z8GCBenr68uaNWs+dR4AAAAAAED5atra2irHexIAAAAAAAAAHDuvgAYAAAAAAAAohAAMAAAAAAAAUAgBGAAAAAAAAKAQAjAAAAAAAABAIQRggCNobW1Na2trkuTUU0/9r/4JAAAAAACUraatra1yvCcBAAAAAAAAwLGzAhgAAAAAAACgEAIwAAAAAAAAQCEEYAAAAAAAAIBCCMAAAAAAAAAAhRCAAQAAAAAAAAohAAMAAAAAAAAUQgAGAAAAAAAAKIQADAAAAAAAAFAIARgAAAAAAACgEAIwAAAAAAAAQCEEYAAAAAAAAIBCCMAAAAAAAAAAhRCAAQAAAAAAAAohAAMAAAAAAAAUQgAGAAAAAAAAKIQADAAAAAAAAFAIARgAAAAAAACgEAIwAAAAAAAAQCEEYAAAAAAAAIBCCMAAAAAAAAAAhRCAAQAAAAAAAAohAAMAAAAAAAAUYtjxngDAf7ra2tosXbo0g4ODQ453dXXlpz/96Zd+v+uuuy4bN27Mhg0bvvRr/zvV1tbm8ccfz8GDB5Mk/f392bJlS1atWpWtW7f+2+Zx++23Z926dfnDH/7wb7snAAAAAAAcLwIwwFG67777smfPnn/5fVasWFGNpiVYtGhRent709zcnAsvvDB33313lixZks7OziHjamtrPxHZAQAAAACAz0cABjhG119/fdavX5+XX365+vnFF1/MK6+8ku9973t577330trampNOOind3d159NFHU6lUMm7cuMybNy+jR4/Ojh07snLlyvT09GT+/PnVFcDjxo3L3Llz09DQkL///e95/vnn89prryVJOjo68txzz+WMM85IU1NT1q9fn9///vdJkvb29sycOTPDhg3Lrl27smLFivT29n5i7qNGjcqVV16Z1tbWHDhwIE8//XTeeOON1NXVZc6cOTnllFMyODiYv/zlL/ntb3+bJJ/5TJ9l9+7d+c1vfpORI0dm/vz5ueeee3L55Zdn4sSJaW1tzcaNG7N+/fosXrw4t956a5Jk8uTJWbhwYW677bbMnj07X/nKVzJq1KiMGTMmH330UZYtW5aenp4kyYIFC3LOOeektrY2mzZtygMPPCAoAwAAAADwP8cewAD/QpVKJZMnT84jjzySZcuWZezYsZk0aVKS5KqrrsqaNWvS0dGRzs7OzJkz5xPnX3311Vm7dm2WLl2a5cuXZ/78+amrq0uSDA4OZsyYMXnwwQfz4IMP5uKLL86JJ56YUaNGZe7cuXnooYeyZMmSdHd3Z+bMmYed3yWXXJIPP/ww9957b5544olcffXVOeGEEzJr1qz09fVl6dKl+fnPf56zzjorkydPPuIzHY1169blq1/9amprazMwMJDp06fnZz/7WVasWPGZ53089qGHHsoPf/jDvPXWW7nyyiuTJNOnT8/pp5+eH/zgB7nlllsyadKknHPOOUc9JwAAAAAAKIUVwABH6e677x7y+bXXXsvDDz98xPM2b96cgYGBJIf2DW5qakpzc3NGjx6dV155JUmyZs2a/OlPfxpyXktLS5qbm7Nx48Ykyd/+9rfs2LEjp556anUV8Merjnt7e9Pf35/GxsZ0d3eno6MjBw4cSJK8+eabOeussw47t7a2tjz66KNJknfeeSc/+clPMjAwkNNOOy2/+tWvkhzau3fTpk0fZ/UNAAAIBUlEQVSZMmVK3njjjU99pqPV3d2dYcOGZcSIEalUKtm2bVu2b99+VOe++uqr1ZXMGzZsyIIFC5IkL730UjZv3lx9dfaWLVsybty4o54TAAAAAACUQgAGOEodHR1faA/g/v7+IZ9ra2vT2NiYvr6+6rGBgYFqUP1YQ0ND9u/fP+TY/v37U19ff9hrVyqV1NTUJEm++c1vZsqUKUmSurq66muS/1lDQ8OQeezbty9J0tjYOOTe+/fvHxJUD/dMR2vMmDHp7++v3vfDDz886nM/nl+S9PX1paGhoTrfa665JhMmTEilUsnJJ5+cF1544aivCwAAAAAApRCAAb4EH4fXJBk5cuQRx+/Zs6f6KuckGTZsWJqbm7Nz587qsb179w4ZkxyKuUeK0GeccUa+9rWv5Re/+EX6+voyffr0T10BvHfv3tTX16e7uztJMnbs2HR3d2fPnj1DjtfX13+h+H04F1xwQXXl8j/7x4idHNqj+B81NjZWf6+vr6/G4+985zupqanJnXfemcHBwSxevPhLmSsAAAAAAPy3sQcwwDHavXt3xo4dm+TQa5vHjx9/VOf09PRk+vTpSZLzzjsv3/72t4eM2bVrV3p6enLmmWcmScaPH5+Wlpa88847n3nturq6dHd3p6+vL3V1dWlvb8/w4cMPO/b111+v7pU7ceLEfP/7309y6FXLZ599dpJDEXbatGnV105/USNHjsysWbNyySWX5PHHHz/smF27dqW5ubkafv95H9+2trbq3/rcc8+tzqmxsTFvv/12BgcH09ramqlTp37qMwMAAAAAQMmsAAY4Rn/84x/z3e9+N1OmTMn27dvT2dk5ZBXrp1m+fHnmzZuXSy+9NDt37szKlSsPO2bu3Lm56KKL8tFHH+Wxxx6r7u37aV5++eW0t7fn9ttvT29vb55//vlce+21+da3vpXVq1cPGbt69erMmzcvd911V/r7+7N8+fIMDAxk9erVmTt3bu64444MDg5m7dq12bZt2+f7w/y/Bx54IEly8ODBbN26NR0dHXn33XcPO7anpye/+93v8uMf/zg7d+7MSy+9lKlTpw55thtuuCETJkxIV1dXli1bliR59tlns3jx4syYMSNbt27NI488kptvvrm6ZzEAAAAAAPyvqGlra6sc70kAwJFcdtllmThxYn75y18e76kAAAAAAMB/LK+ABgAAAAAAACiEAAwAAAAAAABQCAEYgH+JVatWZdWqVdXfj/Xnc889lxkzZhzTdQAAAAAAoHT2AAYAAAAAAAAohBXAAAAAAAAAAIUQgAEAAAAAAAAKIQADAAAAAAAAFEIABgAAAAAAACiEAAwAAAAAAABQCAEYAAAAAAAAoBACMAAAAAAAAEAhBGAAAAAAAACAQgjAAAAAAAAAAIUQgAEAAAAAAAAKIQADAAAAAAAAFEIABgAAAAAAACiEAAwAAAAAAABQCAEYAAAAAAAAoBACMAAAAAAAAEAhBGAAAAAAAACAQgjAAAAAAAAAAIUQgAEAAAAAAAAKIQADAAAAAAAAFEIABgAAAAAAACiEAAwAAAAAAABQCAEYAAAAAAAAoBACMAAAAAAAAEAhBGAAAAAAAACAQgjAAAAAAAAAAIUQgAEAAAAAAAAKIQADAAAAAAAAFEIABgAAAAAAACiEAAwAAAAAAABQCAEYAAAAAAAAoBACMAAAAAAAAEAhBGAAAAAAAACAQgjAAAAAAAAAAIUQgAEAAAAAAAAKIQADAAAAAAAAFEIABgAAAAAAACiEAAwAAAAAAABQCAEYAAAAAAAAoBACMAAAAAAAAEAhBGAAAAAAAACAQgjAAAAAAAAAAIUQgAEAAAAAAAAKIQADAAAAAAAAFEIABgAAAAAAACiEAAwAAAAAAABQCAEYAAAAAAAAoBACMAAAAAAAAEAhBGAAAAAAAACAQgjAAAAAAAAAAIUQgAEAAAAAAAAKIQADAAAAAAAAFEIABgAAAAAAACiEAAwAAAAAAABQCAEYAAAAAAAAoBACMAAAAAAAAEAhBGAAAAAAAACAQgjAAAAAAAAAAIUQgAEAAAAAAAAKIQADAAAAAAAAFEIABgAAAAAAACiEAAwAAAAAAABQCAEYAAAAAAAAoBACMAAAAAAAAEAhBGAAAAAAAACAQgjAAAAAAAAAAIUQgAEAAAAAAAAKIQADAAAAAAAAFEIABgAAAAAAACiEAAwAAAAAAABQCAEYAAAAAAAAoBACMAAAAAAAAEAhBGAAAAAAAACAQgjAAAAAAAAAAIUQgAEAAAAAAAAKIQADAAAAAAAAFEIABgAAAAAAACiEAAwAAAAAAABQCAEYAAAAAAAAoBACMAAAAAAAAEAhBGAAAAAAAACAQgjAAAAAAAAAAIUQgAEAAAAAAAAKIQADAAAAAAAAFEIABgAAAAAAACiEAAwAAAAAAABQCAEYAAAAAAAAoBACMAAAAAAAAEAhBGAAAAAAAACAQgjAAAAAAAAAAIUQgAEAAAAAAAAKIQADAAAAAAAAFEIABgAAAAAAACiEAAwAAAAAAABQCAEYAAAAAAAAoBACMAAAAAAAAEAhBGAAAAAAAACAQgjAAAAAAAAAAIUQgAEAAAAAAAAKIQADAAAAAAAAFEIABgAAAAAAACiEAAwAAAAAAABQCAEYAAAAAAAAoBACMAAAAAAAAEAhBGAAAAAAAACAQgjAAAAAAAAAAIUQgAEAAAAAAAAKIQADAAAAAAAAFEIABgAAAAAAACjE/wGRE5GdQHux2gAAAABJRU5ErkJggg==' height='250' width='300'/> ]]>
  </system-out>
  <testcase classname="com.tribu.qaselenium.tests.negative.NegativeTests" name="negativeLoginTest" time="4.449"/>
  <system-out>
    <![CDATA[ <img src='data:image/png;base64,iVBORw0KGgoAAAANSUhEUgAAB4AAAAOiCAYAAACRicroAAAAAXNSR0IArs4c6QAAIABJREFUeJzs3Xd8VHW6x/HvmZreO4QECDVU6YgFRMWC6FpQV7FfV12v7lp3111116tey6q7a9u91rW3VVGxURRFqVKE0FtCEtJ7JpMp948JSYYkJIFAyPB5v168mJzz+53znDPDCa88eZ6fYb30r14BAAAAAAAAAAAAAHo8U3cHAAAAAAAAAAAAAADoGiSAAQAAAAAAAAAAACBAWCSju2MAAAAAAAAAAAAAAHQBC/lfAAAAAAAAAAAAAAgMtIAGAAAAAAAAAAAAgABBC2gAAAAAAAAAAAAACBAW0r8AAAAAAAAAAAAAEBhYAxgAAAAAAAAAAAAAAgQtoAEAAAAAAAAAAAAgQJi6OwAAAAAAAAAAAAAAQNcgAQwAAAAAAAAAAAAAAYI1gAEAAAAAAAAAAAAgQLAGMAAAAAAAAAAAAAAECAvpXwAAAAAAAAAAAAAIDKwBDAAAAAAAAADAERJqt8rxys0amBzd7th/XTtd950/8YBj0uLC5XjlZplNR1+516bHr9S0zFS/bSP6xGnJfbM1ZVBKN0UFAIHPIuPo+6YAAAAAAAAAAEBA2vczecNQez+fv+2NxXJ7vAccl11SrbRbXpTbq3aP1zwEr7ejAR+84+9/W+U1Tr+4RqbFa/pDH6jG6epwvACAzrF0dwAAAAAAAAAAAByrNjwyR3//8iedOaqvYsOCVFfv1qVPf668smo9/ssTtaekSvd98KPsVrMemn28zh7dV1azSe/+uEV3vf2dUmPDtOmxKxR69dNye7z6zZmjdd3Jw2UxGyqudOi/X12k5dv3Kj0uQqsevFT3f/Cj7p45TmPueUO5pdWNcRiG9PilJ2rGyHR5vV6V19bpN699q6Vb82WzmPSXCybrzFG+feuyi/Xfry5ScZVD8eHB+r/rpisjKUomw9DGPSW6/sX5Kqio1ff3ztYNL83XgvU56hMbricvP0kDk6J059ljtXBDju5+6zvVOF0HvAcAgM6jBTQAAAAAAAAAAN3E5XZremYfnfvXuZp83zuqqHXquqnDWoy746wxGpgUreF3v6bhd7+mqZm99V/ThvuNmZCRpN/NHKdp//OeBt72iub+tF3PXDVVkuSodynEZlFYkE3JN/3LL/krSadkpur0EWka9fvXlHnXv3X/B0t1wbgMSdLtZ43RhIwkTbz3bY343evaW16jpy4/SZJ082mjVFRZq8w7/60hd7yqJVvzdOrwtBbxv3T9aVqfU6xhd7+mMfe8oUHJ0brz7LGdugcAgI6xSLRYAAAAAAAAAADgyDD2e23onaVb5Pb4vl6zq0h9YsNbjPvFuAw99PEK1dV7VFfv0SkP/kdOl1uJkSGNY5Zu3auM376iilqnJENfrtutO84aI8mQt+F4by7ZpNbyArmlNYqPCNYvjx+iT3/aoS/W7tYXa3dLMnT+uAF69NOVqq5zSTL09y/X6Of/vUzm579STmmVzhvXXzNGpuvbrD169JNV+12nobjwYB0/MFmXPfO5JENOl1evfpelW04fpfs+WNrBewAA6CgLz08AAAAAAAAAAI4Qo9nfDa8rHPWNrz3yymw2tRiXGBmikmpHsznOFscLC7bqvvMnanz/RHm9XgXbLDIZht+5CiprW82rbsgt0cX/mKf/mjpMD82erC35Zbrzre/0w5Z8JUaG6H8vPl73nz+xcXyVo15JUSH658Kf5fF69ZszRuu1G07X/PXZ+u3r32pPswrjhIYkdWFVU/xFVQ7f9o7cAwBAp1h4fgIAAAAAAAAAcGS0kv/1e6029heU1ygxIrhxW0JEsCwmk9+YP84ar+GpsZrxvx+quq5eE/on6Yu7zvU/vrftvOrCDTlauCFHZpOh66YO09u/PlNpt7yovLJqPfjxcn24Ylur1/PCovV6YdF6hQdZ9cRlJ+mRi6fosme/aDxPQXmNJCkpIrgxMZwQHqz8sup27wEAoPNoAQ0AAAAAAAAAwBHTVsrTOMDfhj5atUPXnDxMH63cIUl675az9daPm/TpTzsbx8WFB2tzXqmq61wKC7LpxlNHyGI2yWYxH+C8PleeOERj0hN062vfyu3xKiu3VIbhG/+fFdt0/dRh+nLtbtU4XTp9RB9NG5qqu976Xs9eNVVLt+Xr5W+zVOlwaWdRhYakxPidr7iqTos35er6aSP0p/d/lN1q1hUnDtVHK7d38B4AADrD0t0BAAAAAAAAAACAA3vkk5WKDQ3Smoculdlk0kcrt+m5r39WamxY45invlitl68/VWsevFRFVbX6zWuLNSQlRt/96ULNfHzuAY///rKtOmlwL2U9erncbo9Kq+t0xXNfSZIe/2yVIoJtWvrn2TIbhgoqa3Xb64slSX/7crWeuvwk/e6ccfJ4PNqSX6abX/2mxfGv+efXemrOSVr38C/l9Xo1b80uPfH56i68QwCAfYygK5/2dncQAAAAAAAAAAAAAIBDRwtoAAAAAAAAAAAAAAgQpu4OAAAAAAAAAAAAAADQNUgAAwAAAAAAAAAAAECAsBgGLaABAAAAAAAAAAAAIBBQAQwAAAAAAAAAAAAAAYIEMAAAAAAAAAAAAAAECBLAAAAAAAAAAAAAABAgLGINYAAAAAAAAAAAAAAICFQAAwAAAAAAAAAAAECAIAEMAAAAAAAAAAAAAAHCYogW0AAAAAAAAAAAAAAQCCzkfwEAAAAAAAAAAAAgMNACGgAAAAAAAAAAAAAChEWUAAMAAAAAAAAAAABAQKACGAAAAAAAAAAAAAACBGsAAwAAAAAAAAAAAECAoAU0AAAAAAAAAAAAAAQIC+lfAAAAAAAAAAAAAAgMrAEMAAAAAAAAAAAAAAHCIoMaYAAAAAAAAAAAAAAIBFQAAwAAAAAAAAAAAECAIAEMAAAAAAAAAAAAAAHCItECGgAAAAAAAAAAAAACgYX8LwAAAAAAAAAAAAAEBgv5XwAAAAAAAAAAAAAIDLSABoCjRJC3Tg7D3t1hAAAAAAAAAACAHszU3QEAAHySyjcpyFXd3WEAAAAAAAAAAIAejDWAAeAoEOSq1mUX/UIvf7ZYebLLbVi6OyQAAAAAAAAAANADUQEMAEeBEG+tZk3KlCUySSmOHJm9ru4OCQAAAAAAAAAA9ECsAQwAR4HRqTEanBKj2KgwFStN8aX5yrendHdYAAAAAAAAAACgh6ECGAC6WZCrWlfNmCRJslvMktmioPBoJTuyuzkyAAAAAAAAAADQ01gMCoABoNuYvS6dkBqkWROHqqiyVnVut68xQ1Co7IaUXJ6twqBk1gQGAAAAAAAAAAAdQgtoAOgmZq9LU+Pr9epd10qSvt24R8WVdWp8LtvDZI8NUnJJjoossXJYQrsvWAAAAAAAAAAA0CPQAhoAukGwu0aXD4/Sa/dcK5vFpAXrs/XyovUtB5otMsenK8niUGJttsxe15EPFgAAAAAAAAAA9Bj0FAWAI8jsdSndWqW/3zxLU4ama2NuiZZv26sF67O1o7CizXne8HgFhbjUu6pIjjqXSm2xcprsRzByAAAAAAAAAADQE1jEIsAAcERE1RXqsuMH6Z5fzlGI3dq4vdJRr0EpMVqxo+DAB7BYpahkBbldSqkqVG2dm0QwAAAAAAAAAADwQwUwABxmoa4KnT4gRn+47CoNSI7x29crJkySVFxZ2/EDmi3yRiYrSFJKZYEctQUqsSeQCAYAAAAAAAAAACSAAeBwCXVV6NQBMbr53PM0bkCvVscsWJ8jSVqbXXRQ5/CGJ8geLqWU5qjG6VWxPVFug0c7AAAAAAAAAADHKoshWkADQFfyrfNbqceuP0vTRvZvc9yC9TnaU1Kl5dv2Kq+0Rof0PI5OVYjbpeDSHBWZo1RjiTj4YwEAAAAAAAAAgB7LQv4XALpOkKtaF4+I0wNX/1LhwbY2xy1Yn6ONuSXalFeqlTsL1CXPYotFRny6EioLVFWXryJ7UhccFAAAAAAAAAAA9CT0CQWALhLpKNTfrztdsyZmHnDcvuTvjsIKLdyQ0+VxeMMTFGqrlrlij4ps8XKb2k5EAwAAAAAAAACAwGLpmrIzADi2ZahAr//5Cg3uFdvmGKfLrXlrdmtPSZU25ZU1JH8P0zPYHqagmCAlF+5QXkga6wIDAAAAAAAAAHCMMHV3AADQ040JKddb91x5wORvUaVDb/+4tSH5W3pYKn9bMFtkju+r5JpdMntdh/98AAAAAAAAAACg27EGMAAcgoEq0Mt3Xas+cRFtjlm+fa+Wby+QJC3MytGmvNIj13zBYpE5oa8SCncpL7TvETopAAAAAAAAAADoLrSABoCDlOIu1NyHrldSVGir+4sqHVqwIUdFlbUqqqzVwg05Kq5yHOEo5asEjk1VWHaWquKHHvnzAwAAAAAAAACAI8ZC+hcAOi+0rlgv335+q8lfp8ut5dsLtHZ3kSRp3e4irdixV06Xp9t+5cZitckcFC57Ra6cESndFAWOBLvFpL1PXCJJOvnReVq9u6SbIzr63XfOKN16aqa++HmPZj+/qLvDAQAAAAAAAIBDYunuAACgpzF5Xbp0TC9NGJTaYt/y7Xu1bnex6lxuFVXWasmWPOWWVndDlK0IjZatcIfcQVFy20IO66k2P3i+EsKDWmz3eqWqunpll1Rr2Y5Cvfz9Vq3OJkEJtOX4jAR9esupkqQteys07oG5Bxw/IDFCy++Z2eb+erdHJdVOrc0u0bsrd+rdFTvk9bYct+Ev5yklKkQPfLpGj33+8yFdAwAAAAAAAIAjyyKDGmAA6IwMFWlk5ng5XW7ZLGblllZrR2GFNuWWqs7lVp3LrbW7i7VyR0HDjKPjOWu1WlQZHKuQsu2qTBx+RM7pqHerzuVp/NpsMhQeZNXQlCgNTYnSFZMH6P65q/Xk1xuOSDzHhObf1w1DfJ/vCKPpr6Psfl15/IDG1wMSIzQ5I1FLthW0PaFZ/FV1Lrk9/tndIKtZiRFBOjUzRadmpmjO5Axd/PwiVdW59j9Q099H2T0BAAAAAAAAcGBUAANAJ4TUl2tYZoYq61x6YZF/0nJf4ndddpGczZKeRwvDbJFMZrkswbLWFKk+JO6wn/Phz9fpya/871OIzazJGQm6b+ZoDesVpXtnjtKCjXlam1N62OMBepKoEJvOGdVHkvT1hjxNH5qsOZP6HzgB3My5T8/Xip3FLbanRofqson9dPvpwzQlI0FPzp6ga1/9vktjBwAAAAAAANB9TN0dAAD0JDHOItlDI/y21TWs+fve0q1auaPgqEz+SpLb5avwc9vCFFS6u9viqHG69fWGPF3w3ELfusiGdM7Ilu20gWPdpRP6yW4xaU1OqZ6cv16SNGt0H0UEWQ/puNml1Xpo3jo98OlaSdL5Y9KUEhV8yPECAAAAAAAAODpQAQwAHRTpKJA5Il4rdhSo0lEvm8WsvLLqo2eN33YYzRb6dAVFyFZVIGdYQrfFk19eq817KzSsV5QSIlpPPkUEWXXj1ME6a0RvpceGy2o2lF9Rq++2FOjphVnKyivvknmhNov2PHaRJKnv3e/ppEFJuueskeobF6Y5Ly7Wp2tzOnRN54xM1WUT+2tkaoxiw+xyujzaWVSleety9NT8Dapw1PuNnzYkWR/cMFVZeeWa9NCnmjGsl247LVNDkqNU7/Zo1a5i/Xnuaq3JKZXZZOiW6UN1ybi+6hMbpipHveZn5emeD1epoNLRekBeaWhKpO48fbgmZyQoKtimvZW1+nzdHj00b51KqutaTLFbTLp6ygCdOypNg5IiFB5kVVWdS1l5ZXpr2Q698sPWVteMnTYkWVcfP0Bj0mIVF2ZXjdOt/PJazc/K1b8Wb9aOoiq/8WaTocsn9deFY9I1NCVK4UFWlVbXKae0Rh+u3qWXvtva4n5J0sje0brh5MGa2C9eSZHBMgxDeeU1Wrx5r578eoO2FVa2eiuG9YrS784YoUn94xVisyi3rEYfr87WI1+sa+PdbHL2iN66fFJ/je4Tq+gQm6rrXNqUX6G5a3fr/xZvkaPe7Td+0e0zNKpPjOa8sFg7iqr06IVjNSo1Ri99v1W/+2Blu+fbZ86k/pKk91bu1PdbC5RbVquUqGBdOC5dLyze0uHjtOX1H7fp3pkjZRjS2LQ4fVyWfcjHBAAAAAAAAND9WAMYADooXLVSSJKcbq/W5ZQ07eghz9F6V31jrG57uOyVuXKGJx7msx54/dAwu+/3kHLLaluM6xcfrg9vnKo+MaGqdrqUlVsuh8utwUmRumxiP80el65fvf6j3l+565Dn1Tar2h6THqcXrjheZlPn1kB99Pyxuu5E33qt+RW1Wr27RFEhNg1OjtDQlEzNGt1Hpz7xpUprnI1z9q2PHGK36Nzj0vTiFZO1vbBKOaXVykiI0ClDkjUmLVbjH/xUj14wVmeP6K31uWXKK69VemyoLhqXrsHJkTrpsc+bkrLNYs3sFa1HLhgjSdqyt0KVjnr1jw/XdScO1ClDkjXtr1+qrFk8wVazPr15uo5Li5EkbS+s1JaCCiVHhmhiv3hN7BevqYOTdcVL3/ld+6+nDdYDs0ZLknJKa7RsR5HsFrMGJUXqxqmDdenE/jrvmQX6aXfTv5vXrj1RZwzrJUnamF+udXtKFRls04je0RrdJ0YXju2rmX+f73e/fnFcH/3z8smymAxVOOq1Mb9CZpOhjIRwXT6pv84fk66Z/5ivlbv82x5P6Bunj26apiCrWeW19fphW6GsFpOuP3mQpg5J1ndb9rb5Xj/7y4m6ZHxfSdLWgkqtyS5RTKhdY9NjNaFfnGaP66dZTy/wS6bXNiSEo0LtevMXY9Q7OqTpgB18XkzsF6/BSZFye7x6d8UueWXonRU7dOv0obpiUoZe+G5rGzM7vgZ0SbN7GxFia33sUbguMgAAAAAAAIADs/AjPQBon91VJUtwRPsDj2L1Tmfz1JC8Frsszhq5bSFtzjlUhvzSUX5GpcYoLTZMkvTF+j1+4ywmQ69ePUV9YkL12boc/fqNpY2JQKvZpNtOy9RdM4bpH5dM0MqdRdpVXH1I87xer7xeX57r1lOGasHGPD3w6VoVV9Wp0lHf5jXsM6FvXGPy9zfvLNfL3zcl5zJTovTxr6cpIyFct52aqT9+9FPjPo/Hl7WNDrbpL7NG64LnFmnhxnxJ0pDkSM275VRFhdj0+rUnKCbUrjEPzG2MedaoVL181RSN6B2tKRkJ+m5LQeM93+f+c0bp/ZW7dPf7KxuTklMyEvT29SerX3y47jwtU3/4sCmem6YO1nFpMap0uHTeMwv8EqkXjk3TPy+frFmjUjUjM0VfrM+VJIUHWfTHs0ZKkv77rWX69w/bGucEW816+PwxmjOpvx6YNVpn/32+JGna4CSdMayXKh0uzfzH11qT3bT+c3JksF6/9kSN7hOjX500SA/P81XohtjMeuKi8bKYDL25dId+++7yxsrb2DC7Xr/2RE3oG6fHLxyrqY994ff+/O3iCQqymrVkW6Eu+ec3jZXFMaF2/fuaEzRnUkbj2Ob377oTB+iS8X3ldHl09cvf69N1TZXgGQnh+uDGaRreK0qPnD9G1726pHGfu+F9vWhMupwut857ZqE27y2Xy+1t97O0z5WTfdW/87PytLeiVoak15du163Th2pE72iNSo32u2+txX+gf3+S1DcurPF1cVVdq2PbOwYAAAAAAACAow9rAANAB0Q4y6Sw2O4O46DVOp3yevzXJq4PjpG9omOtjbuK2WQoNTpEv5zYT29cd6IMQ3p6wUatzi7xG3f2yFQNS4nSnrIa/derP/hVgda7PXp43jot2JivYKtZ100ZeMjzJMnTUEKbFhuqOS9+p7U5pdpTVtNqG+L9xYTa9dm6HM1dk+2X/JWk9blljdWa04cmtzo/ItiqD1ftakz+SlJWXrnmrvG15B2XHqc//GdVY/JXkj5ana0tBRWSfMn01hRVOXTr28sak7+S9N3WAj27aKMkafa4vjI1q+50e7z6akOu/rEwq0UV7bsrdumHbYW+6xiS0rh9UFKk7BaTHPVuv+Sv5KuEvfv9lXr8y/V6d+XOxkLSEb198S7bUdgiiZlXXqub31yqh+et06rdTTEkRYZo4cY8fb+1QH/5dI1f2+Xiqjo9+NnaxnsRG2Zv3De+b5wGJfl+eeOOd5f7vZ8l1XX61b+XKMRmbnHvDEO6edpQSdKzizb5JX8lXzXwvnbO543uo+TIpjbm+xLAk/rH67IXFmvRpnzlltW23ap7P5HBVs0a1UeS9Pqy7X7nXLajSJI0Z2JGq3M74/KJviRzvdujH7cXHvLxAAAAAAAAABwdLNR1AED77IZbPfl56aipVWvxm9yOVrd3lXtnjtS9M0e2um/z3grd8+FP+mDV7hYxnDmstyTp6w15qna2fu8/WZujaYOTdNLgJOkj45DmNffuil1y1HtanduWeT/nat7PuQ1ftZy3tSFRmxgR3OZx31mxq8W+7Q3r5lbU1uuL9Xkt9u8orNKAhAjFhNib7Wsa8/6q3fJ6W57vi/W5uu20TMWG2dUvPlxbC3zr5j75dZae/DrrANdRqUn94/2uo7Tal1ANspp1woBELW6oRN6ntt6jBz7dt85uw5yGxPzw3tFKjAjW3gr/xOj63HKtzy33m7O9sEpXvbyk2Sj/+PZdgyQlhgeruMp3jkn9fetc55bVakNeRYt52aW1WrGrWBP6xvkdd0hSpFIbWje/v6rleyNJX23Ik6PerSCrWVMGJOrdFf7tyFfuKlZWK+dsz8Xj+ynYalZJtVPz1uX6zX9t6XaN7xunC8am6Z4Pf/JL7rfUsn7XMKTeUSG67oSBunHqIEnSC99tVVlNfRtxUgMMAAAAAAAA9DQWfqYHAAdmc9fJYrOrlTxaj+DxelTndLSawzG8kuFxymu2HZZzVzjqVVXn8tsWZDErOsSmgYkR+t0Zw5UYGaznvtnUtIatpMxeUZKkkwcl6ZObp7V67OhQX5XngISIxms72HnNrc0tPeh8V1JEsE4cmKC+ceEKt1sb1xHe12rXbBgte/Q22F1a3eK8jnrfvcsurWk1JofLl/yzmk2t5X/1857Wr2VbUVOyNC0uTFsLK/32D02O1Pi+cUqJDFGozSJTw3WM7uOr3DWbmq5jW1Gl5mfl6ZQhyfrgxqn6dG2OPl+/R99s3qu88tqWJ5f00Zps3X3GMCVFBGvp78/Seyt36eusXH2/tUCV+31e9hdiM+vkQUkalBSpqCCrbBZf9a7d0tTUxGxuiq9fw73fXljZ5vu6Ob+iKQHcMGZQcqQkX2V4Vn55q3Odbo92lVRrUGKEBiZGtHgP1uYc3GdpziRfZe47K3aq3uPxO8Z/ftqth38xRhFBVp17XB+9uWyH/+RmY9//1clyebx+u8OCLLKZm+7VZ+v26E8fr24ZZxufUwAAAAAAAABHP0t3BwAAR7vg+nJ5I3tu++fKqhp590sC7eOyhcpSXaT6iJRW9x+qJ77e0KyitEmIzaxThiTrz+eM0oPnjtaJAxJ16f9925gEjg7xJaTTYkOVFht6wHPYLSbZzCY53Z6Dntdc87bRHWU2GXr4vON09ZQMv5bKnXGgVtOVHWhD3ZqSNq6lorbpeOFBTf8VSIwI0r8un6wTBiR06jxXvPS9HjxvtH45oZ9mjUrVrFGpkhraWK/N0Yvfb/Gr8i2rceqMp+brH5eM1/EZCbpmSoaumZIhl8er5TuL9O7KXXpj6XbVufzfmzmT+uuBc0cr3N7x/75EBPk+Ewe6v+W1Le/Tvs9SVZ2rRRK1ubKGexwZ3PKXKA7mszQuPVZDG5LPbzRr/7xPVZ1LH63erUvG99Wcif1bJoCbiQi2ttjm9nhVWFmn1dklen3Zdn20OrvTMQIAAAAAAAA4utECGgDaYTYMyRrU3WEclLr6etVUVamtZ73bFi5rXYXqD9v3gtbbx9Y4PZq7Zo/WZJdp5T1naUZmimaOSNXHa3zrrO7Lt/3p4zX6+4KNHT7Xwc5rzrdUcufux5/OGqlrTxggl8erhz9fpw9/ytaeshrVOH0VuueM7K1Xrjq+lfO1V2bZ0f2GWisB9q1F23Ket9k2X4to39evXXOCxqbFqqDSofs/WatFG/NVWFWn+oYk+SPnH6frThjQ4jzVTrdueXuFHpz3s2aO7K1pg5J1fP94DUmO1JDkSN148iDNefF7LdzUtMbxzuJqnf2PhRqSHKmzR/TS1EHJGpMWo0n94jWpX7x+ffJgzXpmoXJKayRJpw1N1lOzx0mS3lu5W89+s0lb9lY0VgzHhNq07X/Oa3E//PPxrb+vZpOplTHGvpvV5jzfHqPhPrYc52lnbmuunNS0tu+3d8w44NiJ/eI0ICFCWwqaV3A3ne/UJ77Wiv3Wcm6pI/Hxf0UAAAAAAACgJ7EcZKESABwz7N469cRnpcfjUUV5efuxm0yH7foM7Z+A85ddWq2f95RpVGq0ThqYqLlrfQng0uo69YoKVkJ4UKdiO9h5+wfdmblWs0lXT/El7R76fJ2e+Kqp4nnfccKDrC22NZyq1e0tBrQXU7P9zcdFhdhanRfZrDK00lEvw/BVno5N81W6X/HS91q6o6jD17FPQaVDL3y3VS98t1Umw9CJAxP0p7NGalRqtJ67bIKOe+CTxqT4Phvzy7Uxv1yPfblBoTaLzhmVqnvPHqF+8WF67IIxuuT/FkuSrj9xoCRp4aZ8/ddrPxwwtub3Y18L8ohga5v3MDbMvm9a45jSmjpJDS2TLabGJPj+okJ85y2vdbZ6/M58liKCrDp3dB9JUnF1XYsKaL+YQ+2yW0yaM6m/r4VzK+czOvlZblVXHAMAAAAAAADAEUULaABoh9l74DVJj1blFZVyu9pvHWy4HO2OOZz2JSObr0u6Ia9cw3pFNSYkO+pg5x2KXlEhCmtoSfzVhrxWxzSuL3uEDUqK0IKN+S2294sPa3y9rWH930FJvrbDFbX1fsnf5sald/y+erxeLdq0V6tLje6TAAAgAElEQVR2L9TG+2cpITxIw3tFt3lsSap2uvTmsh0qqKjVu9efpJMGJspkGPJ4vY3xfZXVxj3u1/o93llSJUnqFx/e5nmHNawd3dyGvHJJkskwNCQ50ree736CrWalN6wxnJVf3ubxO+qCsWkKsZnlqHdr3IOfNbaXbs2dp2fq7hnDdPG4dP3l07VtJqgBAAAAAAAAHHtoAQ0A7bB43e0POsqUV1bLUVvTobGGt/U2wV2n7WMP6xWl9NiGBNreisax89bv0UVj0zS+b6yGJEUqK7+ixdy7Ts/UuPRYPfvNZs1vSHIe7LzOxLw/t7dpfVi7xdxi7oCEcF0wJk2SZDLt3xL7UFtAtza2adzMEal6dtGWFiOnD/at+bynrFa7S2okGQ3toiWrxdTquS4el67+DUlUc7PrmD0uTeeMSNVrS7dr3s+5LeZV1LpU5/IoyGpWqN0qydA9Zw7XmLQY3fTGMuWW17aYs7fSV30bZDXLajapzuWRpyG+1u5xkNWs304f2vi12Wi6hhU7SyRJKZHBykyJ0vpc/0RtZkpk45q7zVtHb95bqR1FVeobF6ZfjO6jtTllLeI8e2SqbA3xfbO5oNX71pnP0hUT+0uS5q7JUVlN/QHnvr50h+48PVNxYXadObyXPlqd08r5Wm/B3jldcQwAAAAAAAAAR5Kp/SEAcIyz2rs7gk6pqa1VTVXLxGdbzJ72q4S7Wrjdopkje+uNa6bIMKTSGqfeWb6rcf+na/doQ165TIahF66YrLTY0MZ9hiHNmdRPt502VNMGJ6m8tv6Q5x2KnNIaFVX5Epb7Enj7jEuP1XvXn6T//JQtSQqzW5QYceTWkx6aHKnbThvq18J3RO8o3XCSr53ym8t2NG5fvduXKA22mjV7XFrjdsOQLh2frofPG633Vu6W5F9NG2Qx64xhKXr0gjEakxbjd36zydCtpwxWZLBVNU5343q0fWJDddLARD1/2USlRAb7zYkIsuqOU33J3GU7ixvbIP+U7YvvwuN8VbL7pEQG663rTlBWXrmqnb5q/YyEpvi+31rQuI7wExeNVVxY07/nfnFh+tflk1RQ2XoV/JPzfe28f3XSQM0YluK3b3ivKP3lnJGSpJeXbFPpAap1O+K4PjEa3lCJ/MqP29sdv6esVgs27pUkXT6h3yGdGwAAAAAAAEBgsVDUAQAd0MXPykHJUQqz+1ofb84vU6Wja5KRNbW1Ki8v61S8HpP5sBX43Xl6pm6dPsRvm9lkKNTWtAJBcXWdLn/xexXX1DXG4fJ6deXLS/TBDSdpcFKEVvz+TP2UXaJap1sZCeFKjgyW1yv98eM1WrG7+JDn+elkwaNX0hPzs/Q/s0bpsol9Na5vrLYVViotJkyZKZF6b+Vu3fXBKp0zsrfC7BZ9dvM0rdhVrOtfX3pYCoDN5qaBd32wSn+9cKyumtxfG3LLFRFs1Zg+MTKbDK3PLdffFm5snJe1t0Lzfs7VGcNS9MwlE3TFpP4qr3EqMyVKKVHBuvODVdqYX6ELxvTRgIRwfXHLKZq3IVdPL9yk04am6IxhKfrq1unKLq3RnrIa2cwmpceGKSbUJo/Xqzs+WKkKR71kSPd/skajU2N0fEa81t57tjbvrVRJdZ3Cg6zKSAhXsNWs0hqnbn9/ZWN8f1u4UWcMS9HQlEit/MNZ+im7RFHBNo1Nj9XmvRW68pUlevXKyZqSkaBHzz9OvxjdR3d/uErZJTX67Xsr9OY1J2hsWqzW3TtTG/PLZbeYNSgxQmtySvX84i3645nDZexX/PzvpTs0Ji1Wcyb20xvXTFFWfoWyS6qVFBGs4b2iZBjSgk35uv/TtYf8Wbpiku+XB7YVVmnJ9sIOzfv30u2aPiRJJw9KVO+YEF+iu6sLgPcdBwAAAAAAAECPQQtoAGhX12RRZo5O19QhKZo6pFeLfZWOei3M2qOFWblalLXnoI5fWlouh8PXzrc1w1LjFR5i04bsIpXX1O239/B8LwiymhVkNfttc3m8Kq6u0+a9lfoqK08vLdnWUI3rH8PWwipNefRL3XDiQJ05LEWDkyJlNhnKL6/Vuyt364Xvt2rZzuIum9ek8+/3s99sUXWdS9dNGdCYaN68t1K/eXelXvnBV8352/dW6t6zRig5MliJEcGtnKejLZ4PHHOQtSm5vmhzgU57ar7uPC1TE/rGKirEptzyWn28JkePfrlBVXVuv+Ne8+8fddfpmfrF6FSN6ROjstp6/bS7RL9+a7m+3VIgSXpm0WZdOj5dg5Ii9O2WAtW7vZrz8hJdMamfzh2ZqiHJERqXFiuXx6vcshp9sSFXzy/e0tBC2XeuPWUOnf63+brhxIGaPiRJfePCNDAxXDVOt7YXVmn+xnw9++1m7a1wNM5ZtbtU5z77je4+PVOj+8TopIGJyi6p0VPzN+qpBRtVVefS7z9ao2cuGacBCREalBQhr8d3X77O2quzn16o304fqnFpMRqcFKncshr9Y9EmPfLFBl0wpo8kKdhqaXGfb31npb7MytMVE/trdGq0BiSEq9JRr8VbC/T2yl16e/kueVq0UW/ejrv9z1KY3aLzRqdK8iV1O/r5m/dzrgqr6hQfZtdl4/vp4S/WtzKXDDAAAAAAAABwrDGib33H2/4wADh2JdfvlS068aDnD0qO0l8vnayUqND2B0vKLavWcws2aO5POzs03uPxqrS8XE5Hy7VUJemiyUN0xzkTlBoXIUkqr6nTn95erLe/3yBJslXlqyp5dIfOBQAAAAAAAAAAjm5GDAlgADigpENIAJ9zXLruP2/cQc3dlFeme/+zXJvyytoc43a5VVJaJper5fqjw1Lj9eTV0zUsNb7VuePuflnZRRUyOyrliB94UDECAAAAAAAAAICji0UGbf0A4EC8LqcOpgWqL/k79qDPOyg5Sm/deKqeW7BBzy/c0GJ/rcOhivJyeTyeFvHdfs4E3X7O+AMe/45zJui/X/xaJk+9+F4AAAAAAAAAAEBgsLQ/BACObS6vZO/knJToUN1+xsguOf+vpg3V1CEp+u2bPyi3tFper0dllVVyVFe3GOur+j2lzarf5k4f1U+S5DVbuyROAAAAAAAAAADQ/UzdHQAAHO1qbZFSvaNTc341dYjCg7ouseqrBp6ui8b3U0FRcYvkb2SIXX+efYK+vvfiDiV/983xYSUAAAAAAAAAAAACBRXAANAOhzlURnWBvFEpHRofHmTVzNHpXR5HeJBVv5t5nC6blKFHP16mDdlFCg+x6fhBvXXd9JHNErodZ3ZWyRUS2+WxAgAAAAAAAACA7sEawADQDo/ZqnqnS5YOPi/POa7vYY0nNS5Cf7t6epccy+xyyBGW0CXHAgAAAAAAAAAA3Y8W0ADQAbVei+R2dWhseFDPaK7ww+Y9ksG3AQAAAAAAAAAAAomF+l8AaF+NPVYR1cVSRGK7Y8ODbIc1lpziSj02d5nW7y6UJN12znjNGNWv08dZv2uv3EHh4vsAAAAAAAAAAACBwyJ+9A8A7XKag+WoLlBQRPvPzEpH/WGJIae4Ure8NF9LNu3x237V0/M0+/gh+vPsKYoI7njyeenPm1UX2Ud8HwAAAAAAAAAAIHBY+Lk/AHRMuTVSQbVlUkjUAcflldd06Xkrap16fO4y/fPrNb4NrTy3316SpfXZhXr/9vM6lASuqHXqi1VbpMTMLo0VAAAAAAAAAAB0LxZ/BIAOqrNHyVFV3u64FTsKu+yc7yzZqPG/e7Up+XsAP2cX6fzH/qOKWme7Y1+Y94PqotO7IkQAAAAAAAAAAHAUMWJv+8Db3UEAQE9hc1Yp0pGv4OT+Bxx3+xkjdOnEjIM+zw+b9+ixuctbtHueMaqvMnvHNRuXqyWb/ccMS407YCVwTnGFZvz+eeWHH3x8AAAAAAAAAADg6EQCGAA6Kahoi0whEQqLjFGQzdLqmPAgq/56ySSNSY9rdX9bcoor9djc5Xp7SZbf9skDe+nJq05Ramx4izmtVf4eKAk8+y8van5xqGTp+HrBAAAAAAAAAACgZzBibycBDACdFbbnJ9WFJ8pisSk4JFhWq1WSZLVY5PZ45fG4JUm/mjpEN586ot3jfb56hz5fs6NF4leSZk8arCevPEUVtU59vnq75q3erooapzJT43TGqH6aNDBFj3+yXI/NXeY3b1hqnJ688pTGiuGKWqfufWO+3v5xi5xRqYd6CwAAAAAAAAAAwFHIiLv9PySAAaCTzLXlspftVH1ofLtjI0LsmjwwRZmpcUqNDVdqbIQqaur0c06RKmqcevuHjaqoqWt17oxRffXiDWdofU6RrnpmnnKKK1uM+eqPFyki2K4Jv/93q8eYPXmwJGnJxt3K25Oj2sRhnbhSAAAAAAAAAADQk5AABoCDZKoplb0iR66Q2MN2jhmj+mrSwF56fO4yvxbPzWX2jtOM0X31+NzlBzyWrTJf1YnDaP0MAAAAAAAAAEAAIwEMAIfAXrJTJmflYU0CdwVrdaFq4wbLa7V3dygAAAAAAAAAAOAwssgwujsGAOix6mL7yl6yU5bakqM2CWwr36PahMHy2oK6OxQAAAAAAAAAAHCYmbo7AADo6epi0lUfniRrVeFBHyMi2KZrpw1X79jwg5rfOzZcT1wxVZm9myWhPS7ZKvPlSBwqj/3gjgsAAAAAAAAAAHoWS3cHAACBwBUaL49hUXDJdjnD4iVT5x6v150yUredPVZ/vmiK/jV/rf61YK1yiivbnTdjZF+dPipdM0b2lWEYevyTFZIkk7NGpvoa1vwFAAAAAAAAAOAYY8Td8RFrAANAV3E5FVy8VV555Q6O7vC0zN6xevLKaX4VvOU1Tq3PKVJ2caWyi3zJ4MgQmzJT4xQRbNOw1LjGse/8sEmPfbJCOcWVslYVym0LUV3cgK67LgAAAAAAAAAA0CMY8XeSAAaArmaqKVVw6Q7VB8fIa+54Be6104brosmD/Vs5tyGnuFKfr9mpf833VQub6yplctWqLm6A3LbQQwkfAAAAAAAAAAD0UCSAAeAwspXukrmuSl6TRe5OrMMbEeyr9J08MMVve3ZxZeOffS2iLTXFktej+ogUucLiuzR+AAAAAAAAAADQsxjxd35MAhgADjNLVaEs1UWS1yWPLbxTVcGtMTlrZK4rl8dskzMmXZ5OJJcBAAAAAAAAAEDgsnR3AABwLHCFxTdW51rLsmWuKZbJkLxeyWuxy20JkkytP5JNzhoZ8shwVsswW+Q1zHLZI1QXn3EkLwEAAAAAAAAAAPQAFhndHQIAHFvqo1NVH53a+LWlqlCGq07murJWx7tC4+U1zHInDDxSIQIAAAAAAAAAgB6KCmAA6Gb7KoPruzkOAAAAAAAAAADQ81lECTAAAAAAAAAAAAAABAQL6V8AAAAAAAAAAAAACAysAQwAAAAAAAAAAAAAAYIW0AAAAAAAAAAAAAAQIEzdHQAAAAAAAAAAAAAAoGuQAAYAAAAAAAAAAACAAGGRQQtoAAAAAAAAAAAAAAgEVAADAAAAAAAAAAAAQICwUP8LAAAAAAAAAAAAAIHBIpECBgAAAAAAAAAAAIBAYCH/CwAAAAAAAAAAAACBgTWAAQAAAAAAAAAAACBA0AIaAAAAAAAAAAAAAAKEpbsDAICeqn9cqE7MiFOvSLtSIoMUbj96HqmVdS7lljuUU+bQ4m3F2lZU3d0hAQAAAAAAAACAI8BI/MM8b3cHAQA9idVs0i9GJuuMIQkym47+Lgpuj1efbSjQB2ty5fLwyAcAAAAAAAAAIJBZDFpAA0CH9YkO1k0n9FVyZFB3h9JhZpOhmcOSNDIlUv9cslO7S2u7OyQAAAAAAAAAAHCYmLo7AADoSSamR/eo5G9zfWKCNTE9urvDAAAAAAAAAAAAhxEJYADooAHxoTozM7G7wzgkZ2Ymqk90cHeHAQAAAAAAAAAADhOLDFpAA0BHHN8vVqYe/sw0GYamDYzXy8uyuzsUAAAAAAAAAABwGFABDAAd1CcmMCpne2oLawAAAAAAAAAA0D4SwADQQSkRgZE4TY6wd3cIAAAAAAAAAADgMCEBDAAdFGIzd3cIXSIq2NrdIQAAAAAAAAAAgMPEYvTw9SwBAJ3Hsx8AAAAAAAAAgMBEBTAAAAAAAAAAAAAABAgSwAAAAAAAAAAAAAAQICwSbUABoGMC6XkZSNcCAAAAAAAAAAD2sZADAIBjEM9+AAAAAAAAAAACEi2gAeAwyFq1VP9z4yUdGvu/t8zRlnWrDjjm3ecf15fvvNwVoQEAAAAAAAAAgABGC2gAOAxCrZKlg79i8/TTT6vIHawab9tjbrrxRrm9UrGna+Lj2Q8AAAAAAAAAQGCykAIAgI7pzPPSaPZ3aVGBHr/9Wp179a/103cLVFFarF7pGZp9450yDEM33XSTLrj2VmUMP047Nv6sT157ThWlxQqPitW5V/1afTIG69lnnlFkTKxOvfBKOesc+uzNF7R13Sp55VVsQopmXXWTYhOSD8u1AAAAAAAAAACAnoM1gAGgow7meWlIQTazXPVOearL9Mgjj6jeUa3rrrpS27LWKCNzlGwmKdhqqLamSq/+9T797g/3aOyY4/T5l1/qlSf/rDufelWhVinUakiG9M3ct1WxN1vPPf+c7Ha7XnzhRb333GO6/t7HD++1AAAAAAAAAACAox4toAHgCDlh6nRtKffIbISod68UOUoL/PZv+3mVYmOiFTdwtNYWe5Q56RQ9M368sl1mv3FZK77XRRdfqu01VnmqPTrx9LP0n3ffUm11lYJDwzoYDc9+AAAAAAAAAAACUQdXqAQAHKpaU7Akye31SoZJZvkv6FtfVabwsHBVOH2LAZc6DeV5IyTDP1lbWV4mb1CEPA1rBtdZwyVJNeWlh/kKAAAAAAAAAADA0Y4EMAAcIR6vt/G1t+FPczHR0SotK2sa4/Uqe+cOuV2uFuPKmo0rLy/3bY+J7fKYAQAAAAAAAABAz2LZv7IMANA9+meOVEV5mdavWKLMsZO1buliffTS0/rD06/7jZt0/An6YcHnyhg7RVarTT98OVejR4+WOTiksSq4XTz7AQAAAAAAAAAISJbuDgAA4OMNitCf7rtP/3jmeX3wf39TdEyM7r/vPrkt/o/qabMuVHllhZ66+wZ5vV6lp6XrV7fcrtKOJn8BAAAAAAAAAEDAMnrdt4CUAQB0wMuXDO/w2EibobRwk9YWu2U1SSNizVpd5Ja74Yk7KMqsIodHxQ6vhseatavSowqnV+FWQ73DDFlNhuo9Xu2u9KjaJaWHm+T0eJVb7ZXJkHqFmhRh8x3L4ZJ2V3lU72k7nv1d+ea6Tlw5AAAAAAAAAADoKSwSbUABoGM6/rwsd0priz2SDNV7pJWFHr/5m8r2ZWsNrStuel1ZL2WVNl8h2DdnZ2XT1x6vlF21/+/udPZZzrMfAAAAAAAAAIBAZCEHAADHIJ79AAAAAAAAAAAEJFN3BwAAAAAAAAAAAAAA6BokgAEAAAAAAAAAAAAgQLAGMAAck3j2AwAAAAAAAAAQiFgDGAA6KpCel4F0LQAAAAAAAAAAoJGFHAAAHHt49gMAAAAAAAAAEJhoAQ0AxySe/QAAAAAAAAAABCJTdwcAAAAAAAAAAAAAAOgarAEMAMcinv0AAAAAAAAAAAQkWkADQIcF0vMykK4FAAAAAAAAAADsQwtoAAAAAAAAAAAAAAgQJIABAAAAAAAAAAAAIEAYXq/X291BAAAAAAAAAAAAAAAOHRXAAAAAAAAAAAAAABAgSAADAAAAAAAAAAAAQIAgAQwAAAAAAAAAAAAAAYIEMAAAAAAAAAAAAAAECBLAAAAAAAAAAAAAABAgSAADAAAAAAAAAAAAQIAgAQwAAAAAAAAAAAAAAYIEMAAAAAAAAAAAAAAECBLAAAAAAAAAAAAAABAgSAADAAAAAAAAAAAAQIAgAQwAAAAAAAAAAAAAAYIEMAAAAAAAAAAAAAAECBLAAAAAAAAAAAAAABAgSAADAAAAAAAAAAAAQIAgAQwAAAAAAAAAAAAAAYIEMAAAAAAAAAAAAAAECBLAAAAAAAAAAAAAABAgSAADAAAAAAAAAAAAQIAgAQwAAAAAAAAAAAAAAYIEMAAAAAAAAAAAAAAECBLAAAAAAAAAAP6fvfuMjqrawzD+zkx6h5AEEkoI0nsX6dUCAioKqFfFq6IiYi8gEgQFVBALggqKoqIUQYqIgvRO6DUhJJRAIAXSJ5My90NkyJhAQEpg7vNbi8XknH32+c+eE3Std/beAAAAcBAEwAAAAAAAAAAAAADgIAiAAQAAAAAAAAAAAMBBEAADAAAAAAAAAAAAgIMgAAYAAAAAAAAAAAAAB0EADAAAAAAAAAAAAAAOggAYAAAAAAAAAAAAAByEU2kXAAA3OvNvs5T6ydvKizlY7HmXlh3kcd8AmSpUvs6VAQAAAAAAAP9H3NxlCqkqk39gaVcCADc0g9VqtZZ2EQBwIzt9R60Lhr+SVPabP+VUr6lk4js1AAAAAAAAwDWTma68k0fl0qBlaVcCADc00goAKMHFwl9JcmrI/3ACAAAAAAAA15yHl2TOKu0qAOCGxx7AAAAAAAAAAAAAAOAgCIABAAAAAAAAAAAAwEEQAAMAAAAAAAAAAACAgyAABgAAAAAAAAAAAAAHQQAMAAAAAAAAAAAAAA6CABgAAAAAAAAAAAAAHAQBMAAAAAAAAAAAAAA4CAJgAAAAAAAAAAAAAHAQBMAAAAAAAAAAAAAA4CAIgAEAAAAAAAAAAADAQRAAAwAAAAAAAAAAAICDIAAGAAAAAAAAAAAAAAdBAAwAAAAAAAAAAAAADoIAGAAAAAAAAAAAAAAcBAEwAAAAAAAAAAAAADgIAmAAAAAAAAAAAAAAcBBOpV0AAPy/sqaeVfrMycpeuVg5kbskSc41Gsi1Q3d59X9GBh+/Uq4QAAAAAAAAAADcbJgBDAClIGvBDzrVs4HSvxxjC38lKSdyl9K/HKNTPRsoa8EPpVjh1bW0V2tFff9FaZdxU4v8drLm31pVeyeNU15WptYNfri0S3IoF3tG02Kj9XNNH5kTTl3nqq5M00kRmrQp7oraHUrKlNPwVYpPt1zt8nAVrDuSopCx6/Wf2QeUmJGjJ+cdVGJGTmmXBQAAAAAAgFJGAAwA11nWgh90duQzsqadvWAba9pZnR35zL8Kgee1DNXhWd8WOX5q/Qr9XNNHeWbzZfd5pZqP/lQVu9x93e97NeVlZSr6p29K7f5xyxer43eLlRK5T3ObhKhMnUalVosjupme0cSMHL302yFVn7BJHuGrFTx2ve79cY82Hkv9V/190buGetcud5WrLGpJZLIiE7P+1bWZljx9teXkVa7o6pi8KU6WvPxSuffUrSc1+8F6qu7vrqrjN+pYSrbKeTpf0rXp2Xl6cfEhhX6wUb6j1qrl5G1auD/pGlcMAAAAAACA64EAGACuI2vqWaVMeFOS5N7jQZVfcVTO1evbzjtXr6/yK47KvceDkqSUCW/KmnrhoPiGZ7XKmp+vsvWbyL18cGlXc0USt2/S4VnTiz1nzc295ve/beK38q1RR7d9/K16b4xRnWdeueb3vFzXYxyulZvlGU1Iz1GrL7ZpSWSywjtX1Yanm2hWv7oK8nRRx6k7tGB/4mX32SzEWyE+rtegWntjVx1RVGLmv7p2w7FUTd164wXAmZY8vfRbtCy51iLncvOLHrvaPrijmm6r7KO3O1XRiddbafEj9Uu+6G8Df43U8ugz+rRHdf05oIG63FJG9/+0VztOpl/DigEAAAAAAHA9EAADwHWUMXOybeav78tjZfDxk/+Xi+Vcvb6cq9eX/5eLZfDxk+/LYyUVzATOmDn5mtQS9cOXWtS5gWbXD9Cizg1sy9+aE07p55o+SouNPt/2+y+0tFdr289JuyK0vH83zWlUQfNvDdOW4c8rPztbkhS3/Dct7tZI+7+aqNkNg3T24J4iy+tG/fCVltzZTHMbB+uPXm104q8lF6wzz5ylbe+8qoXt62heiypa+VgvpUZHXrD9iZVLteSu5ppdP0B/9Gqj0xtX286d3rRWy+7vqLlNQrS4WyPtmzJe1vyCmXs7x72lzW8+q53j3tKSO5vp19bVtfP94ZIKZk+vfup+Je/bqTmNKij10EH90butDkz7REvuaq51Qx4pcVzyc3K0NfxFzW9VTXMaBumPe9rZ17Zxtf7o3VZzGgZpcbdGOjD1Y1ttuz96R9vfe127J4zUkruaa8ldzbV99Gu2a7OTk7Tu+f9oXosqmtskRKv+e68yjh8pdnxyMzP0c00fxS3/Tcv6dtbCDnX1R++2Soncd0nj9E87xrypzUMHae2gBzW/9S2SpIy4o1r9VB/NaVRBC9rW1Ja3Bisn7fzs1LSYQ1rxSA/Nrh+ghR3q2j0bGSeOac3TfTWvZagWtK2pzW8+q5zUFNtnu7hLQx1Z8LOW9rxNv7aurjUDH7Dr+2LPVm5Guja9/rTmNq2oeS2raOuIF2yfT+Fn1JxwSisfv0dzGwdryV0tlLRzq917LumZvNDv1uWYtClOQWPWFTn+9vIYZefma/MzTfRQw0A1LO+lNqG+mtyrhp5sFqyB8yOLzEZ9Y+lhdZi6w+7Yn4eS5Rm+RinmXLsloOPTLbrz293yG7VWDT7Zok3H7cPAxIwcPfDTXgW8t15lRq/VXd/uVuyZ86sKfL4pTtUnbJJn+BpVn7DJ1m+Xr3dq3dFU9f15nx6ds1+StDLmrJp/HiHvd9ao1sRN+nDtMRWXmS6PPqO7Z+zW9pNp8h21VvtPZ+rZBZF6ZPZ+u3ZBY9bp133FB+CRiVnq8vVOeYavUdiHm+yWvD561qzeP+xR0Jh1qvz+Bj0x76BSzAVfZvjtYLJqTNisH3eeUpPPtqriuA3q9f1upZpzlZ2br6Cx65WTb1XI+xv01ZaTemXJIT0576Du+3GvQsatv6Ixk6QjZ826e8Zu+WgxgGQAACAASURBVI5aq8rvb9DA+ZFK/bu2ZYeS1ezzCM3ec1pNJ0WozsQt6vn9Hp3JLFgCOt8qvbn0sCq/v0FeI9eo6aQIrTh8RpKUlp2rZdHJmnZvTd1d218tKvro3a5VVTfQU8ujzxQ7hgAAAAAAALh5EAADwHVkXrHI9jppYA9ZU8/aQuBz4a819aySBvY4f83KxVe9jpSo/dox7i21/nSG+uyIV6sJX2vPJ+/p7MG9JV9stWr94P+oXOOWumdDtLrM/kunN61W5N8hl9HJSdlnkpVxLEbdl26Tb7VadpcfWzJfez4erWajP9M9m2JV++lXtHbQg0res73Y2+0cN1xJOzar04+/6+6V++RXq55WPNJdeeaiS8lmnTqpdc//R7UHvqLe6w6p6gOPaM0z/ZSdnKSs+BNa9cQ9qtrnUd2z4bBu+/g7RX3/hSK/myJJMphMOrb0V5Vt0FR3Ltmq9tPm6cDXn+rM/l0Kuq2jGrzyjsrWaag+O07K55aaMjo76fCs6Wr69ni1eHdSieMSPWu6EiM26o4F63VfRJxuefAJbXj5v7Lm5sqclKA1z/ZXrSee130RcWoz6SdFff+lYufP/HtMnRX31xL5VK+tO3/bog7TFyrqh6+UuGOLJGn7e6/LcvaM7lyyVT1X7pOTh4ciRhU/Q9hgNEmSor7/Uu2nztPdK/fKs0pV7Z44qmAMSxinIv05OSt+zTIFtmynOxdtkiRteOFReVeppt7rD+n2X9crM/6Etp0LrK1WrR/yiHyr11bP1Qd164dTtfPDcJ1c9YdktWrNwAfkWraceizbpW7z1ijjeKw2vfF0wTgYjco8fVLJe7br9l/Xqfsf25UStV+H535/Sc/WrgkjlX70sO5YuEFd56xS0vbN2vPpe0XeU8Q7L0tWq+5euU8dvp6vmLkzLvmZvKLfrUJaVfLRWx1Cixz/ZV+CBreqKG9XpyLnhnasrITMHK04bL9qQJ96AVp/NEWnC+0NO29fou6sWVa+bvb9DF4YJavVqthXWmrJYw30TYT9rNuXfjuk5Mxc7R3SXLGv3CpPF6OeXxQlSdp7OkOv/X5Ys/rXUerbbfTDA7UVvvyIdp/K0LLHG8rXzUk/962jb/vU1umMHN3zwx693KaizrzVRr/0r6/PN57QjO3xRd5X52plNKZbNTWu4K2U4W1UO9Dj0gdSktUq9ftpr+oFeujoq7fquz61NPSPGP0emSSrVer1/R4FeDgr6sWW2vJsU8WcydKAXw5IkkxG6URatiLi0hQxqJkOvNBCe09l6pttp+TqZNSaJxtLkuJea6Unm1eQs9GopVHJ6lDVTzsHN7+iMZOk/j/vU3V/d514vZW2DWqm46nZeuG3Q5IkZ5NRpzMsWheboi3PNtXBF1soOjlTX/49U/qbiJP6dnu8lj7WUAlDb1P/hoHq+/M+WfLy5e3qpFNvtlbzij62ccq3SinmXAV4ulzW+AIAAAAAAODGQwAMANdRTtTu868jd9mFwIXD35zIXXbtrnodGQWz+lx8y8hgMsm/YTP13nBYfjXrlnyxwaBuv6xW/SFvyeTuIa9KoarQpquSd2//+7RBOalnVXvgy/KoUFFGF/sw4fDcGQrt2VcBTW+V0cVFle7sLf8GTXVs8dyi97JadfiXGar99CvyDKksJw9P1Rv8piwpZ3Sq0OzZc2IX/Cy/6nUU2quvnH18Vf2hp9R0xARZ83IVu+Bn+VStrmp9H5PR1VVlajdQ2L0P6ejCWbbrPYMrqdKd90iS/GrVk0dQsNJioi44DuUat1Tgre3k4lemxHHJSU+TydlFzt4+Mjg5Kez+R9Rz9QEZnJwUO+9Hla3bUJV73C+Dk5N8q9fSLQ8+odh55/eAdg8IVJW7H5Ak+VavJc9KVWy1NR0xQW0m/Sg3/wA5+/iqSvf7dWZ38YH6Obf0HSBn74Lwp0Lbrra+LmWc7IfBIKOzi2o88rTcAoKUtCtCZ/bvVsNXR8nJw1OuZf1V77k3dWThLFlzc5W0K0IpUftV/4Xhci1TVgHNWqnNJ9/JPShYSTsjlBK5Tw1fHSVnbx+5lQtU7YEvK+6vJcpNT5Mk5WebVeeZ1ySDQU6eXgpo1kppsQW1X/TZslp1eM4M1R74sjyDK8mrUqhajJuiwFvb2b0fa26u4pb/ploDBsnF10/u5YNV/aGnCjW4+DN5Rb9bhQR6uqhBeU+7YynmXCVl5qpOQPEBaHkvF5X1cFJ0sv2XI5qFeCvUz12LDhTMjs23Sgv2J6lv/QC7drn5Vi08kKQXW1eUn7uzQnxcNahliF2bz+6url8erKtAT2f5ujmpf4NARcQVfDZp2XmSpLLuzjIZDWpR0Ufxb7RS/SD79yFJ322PV5NgL/VrECQno0F1gjz0dIsK+m5H0QD4Sm2JS9Xe0xl6p0tV+Xs6q02or2b1q6NgH1dtPp6mPacyNLZbmHzcnBTk5aI32lXWogNJSssumGlrzs3X0PZVZDBIXq4mtanio8ik4peyNhgkF5NRg1uFqLyXyxWN2ZbjqdpxMl1jbw+Tp4tJ5Tyd9XbHUP2487RteWlLnlWvtasso0HycDGpfWgZRf69zPZDDYO0a3Bz1Q70kLuzSQMal1dyZq4OJxfdB96Sl69BCyLl42rSA/UCipwHAAAAAADAzaXo9BEAwPVjLWa90+KOXWX+9Zuo0u299NsdTRXQrLUqtO+q0F795Vqm7CVdn7hjsw5O+1iZJwuWKs1OPauglm1t5w1OzvIMqVzstRnHYhTc8Xa7Y56Vqyr9eGyRtlkJp5RnzpJ31Vtsx5w8veTqH6D0YzHF9u1Z0X7WZGjvfgXnjsfKq1A/kuRZqarSj39t+9kjuKLdeaOLi/LMRcMS2/VVwux+vti4hPX5j47/9osWtKuloFYdFdL5TlW6814ZTCalHz2s05vX6ueaPvb9B58fQ/fy9rWZnF1ts6AzTx7X7omjlBK5T/m5ucrLNis/x3LBuiXJvdB7NTqff5+XMk7/5FX5/DhkHD2s/ByLZtcvV6RdZnycMo7FyMWvrC18lqTy7bpKko4umi3XMmXtnkOvSlUla77S444WvG83D7vzRmcX5WUVjMPFnq2CZylTXoWejzK1GxSp0Zx4Wta8XHmEVDlfQ2g12+uSnsnqbbtc0e/WOaNWHFFSVo7aV/U7fx+jQZKUd5F/I/LzJUMxx/vUK6df9yfq8aYVtP5IitIteepew9+uzal0i3Lzrari52Y7dks5d7s2R1Oy9fbyGO2Jz1RuvlXm3Dxl5xXU0zzEW/fVLac6E7eobaiv7qhRVv9pGCR/T+ci9UQnZWlVTIqchq+yO1743lfL4eQs+Xs4y6fQbOfbqxd8Hj/tOiV/T2e7GsPKuCvfKsWeLVge3MPZZHfexcmorJy8C96vWtmrM2bRyVmy5FnlEb6myD2OpxTUZjRIwYX2b3Y1GW2hcmZOnkb8FatVMWeVaTm/LLg5136J8BRzru76dpeCvF206slGcnPm+6EAAAAAAAA3OwJgALiOnKvXt80CLrznrzW1YMnWc8tBJz3V3a7d5TC5uiknM6PIcUtKigwmJxldXGQwGnXrB1+pzjOv6cRfv+noglna/8UEdZ2zQiYX1yLXWgsFTqmHo7Tu+f+oxbufqUrPvjIYjdox5k2lHzsf4BqdS1pC9B8RldVaMHXuMtobLtDequL3qi3opZj7Fj520RqKKjxWJY2Lm3+Aus1fo4SIjTq58nftHB+uQzOnqdOM3ySjUSGdu6vN5zMvcrcL1Ga1avVT96tCh25qNeFrmdzcFbf8N216feBFa7/Q+BXcqYRx+geja6HP22iUs7ev7t16rNi2STs2S9YLf0b/vM+5Z89Wb4mf0cWfLetF7y3lWbLPX3fumrzcS7qPwWCQwWS64O/Whb4U8c9y31t1RIsOJGrZ443sznm6mFTey0W7T2WoZ+2iAXt8ukVnzbmqUa7oDOE+9QL0yVdxyrDkaf7+BN1dq5w8XEx2bbL/DgYL58u5hfZ+tlqlnjP26M6aZfXD/bXl7mzSwv1Jesy2XLJB3/apraHtM7XwYJJm7jyt91cf1YanmxQJdo1Gg3rW9tcvD9YrcUwu1cW+OnPRJ+4fF1r/7uncJ3yZ/yzI1anw8/bvx8xoMMjXzUlJw1oXe58jZ80X+a0sWHr6UHKW/hzQUBW8XZRqzlXZd4vuKz1+7TEZDNKsfnVtXzIAAAAAAADAzY2v+APAdeTW8fzevv/c8/efewIXd82l8KlWS4kR64scj1//l/xq1pPBaFR+To6yzyTLJ6y6aj0xRF3nrpRHULCO/7lQJteCoCY/5/x+oVknjtteJ++KkJt/gEJ795fBWPCfkTN7d1xyfV5VwpT+j2WV02Kj5V05rEhb94Agmdw97ZZhzklNkTkpodj2nhVDlXbooN2xA19/qrTYaHlVDiuynHNa7CF5Vynaz79R0rjkZqQrNytTAc1aqcErI3XHr+uUuH2zzkbulVflMKVE7bfrz5x4+qKzj8/JjI9T5sljqvnYczK5Fcw8PHOB/ZQvxZWOk1flMOWkpSjz5PlnJjczQ9lJBcsPe1asquwzybafpYK9e0+tXyHPymHKPpOk7DPJtnPpsdEyGE2XFJ5e7NlyDwiSyc1DqYWej6RdETo8+zu79u4BQZLBqMwTR8/3cTjS7vzFnsmL/W5diqfmH9TCA0na/GzTYve6faB+gCZtjFOquWgo/f7qowr2drGbNXxOk2BvVfR10Z+HzmjB/mT1q190md/yXi4yGqSjKeefu4MJ55c6Pp5q1tEUs168LUTuzgXhccSJtPPjkGdVUkaOagZ46JU2lbTx6SYK8XHVvH3nP+tzqpV1195T9sson0q3yJxz8YD+HHcnoyx555Pb9Ow8ncksLqiXqpbxUFJGjhLSz/+bNndPgpZHn1G1su5KzMxRUqH9kaOSzDIZpNCrMBv5SsasWll3pZhzdazQ55FhybN7Hxez/miaBjSpoAreLkXuW9hdNf01uVdNwl8AAAAAAAAHQgAMANeRZ/9nZPDylSSlTHjTbs/fwnsCp4x/Q5Jk8PKVZ/9nLusedQa+qLhli7XrwxFK3rtDybu3adf4cMXMmaG6zxX0Gz1ruv56sJtSD0fJmp+v1MNRykqIl1fFUDn7+MrNP1Dx65ZLktKPxer4skW2/j0qhMiclKCUqAPKz87W7o/eUU5GhswJl7Z3Z7UHBih2wc9K3LFF+RaLYufP1Jl9O1WlZ9+ijQ0GVXvgUe3/Yrwy4+OUm56mXRNGyj2gvAJvbV+keWjPvko7eliRM6Yo+0yyomd+rb2fjpGzt49Ce/VT2pFoHZ4zQ/kWi5J2blXML98r9J6HLqluJ1c3ZSWeUnZyUrHBbEnjsnnoIG1+81llJyXKmpenxG2bZHRykkdQiEJ79VNWwint+2KC8sxmZRw/otVP3KcDX39SYl2uZfxldHVTwua1ktWq438sVPz6v5SbmaGctNRLem+FXek4la3XWGXrN9W2d1+X5WyyclJTFDHyZa1/6XFJkn/DpvKtUUc7xg2VOeGUErZu0Jbhg5WfkyP/Bk1VpnYD7ZoQrtyMdGXGx2nv5HGqeHtvOXl6lXjviz5bBoPC7n1Y+ya/r9TDUUo/clgRI15UWuwhuz5M7h4KaN5aB77+TOakBKXFRuvQzGnnG5TwTF7sd0uSImdMUeyvPxdb/874dH27PV7zHqqnEJ+iM/ElaUSnUPm5O6nD1B2avy9RUYlZ2nQsTS8sitIXm09q6j0XDvL61A3UpxvidMacq67VyxQ57+FiUtsqfpqw9rhOZ+QoKjFLX2w5aTtfzsNZbk5GrYpJkdUqzd+XqGXRycqw5CnVnKupW0+o/bQdOpiQqXyrdDAxUyfTLAorUxCkujsZFZWcpbNZOXq4UZDi0y0at/qozDn5ij1jVo/vdmv8uuJnjrs7GRSfblFiRo7MOfmqUc5Dm46n2oLwMauPXnDp4hYVvVUvyFOv/n5I8ekWrY1N0VO/RionL1/NK/qoUQUvDVsWo/TsPB1Pyda7K2N1X91Aebmaiu3Pvq6Cex5IzLTtGVzYlYxZ0xBvNQ/x1ou/RSs5M0cp5lwNXhSlh2bvL3Kf4lTyc9Ga2LPKt0r7TmVqwrrjcjYadDLNfnn4o2fNSsi4+JLxAAAAAAAAuLkQAAPAdWTw8ZPvy2MlSVkLf1B8x8rKidxlO58TuUvxHSsra9GPkiS/8Mky+BSdzXcxgbe2V/upc5W4fZNWPHyXVjzSQ4kRG9R28s8K6XyXJOmWfo8rpHN3rXzsbs1pGKTVT96n6o88o5Au3SVJTcM/UtR3U7S4ayNFvPOyqj/ytKy5BeFGYMu2qnb/o1rev6sWdW0oJ09vNX/vM6UdjdHa50oOCUO6dFftp17S+uf/o19aVFHUjC/Uftov8q1Rp9j29V8YLt+adfX73a20sHM9ZZw8po7fLZLRpegy0+7lg9X64+8UPXOaFrSrqUM/TVPbyTPl5h8gt4Agtfn0e0VOn6S5zSpq02tPqc6zr+uWfo9f0riWb99VJhdXLe7WSEm7txUd9xLGpenb42WVVb/d1VRzmwRrz8fvqvUnM+TqX05u/gFqO3mmji+Zp1+aV9Kyvl0UdFsH1XnqpRLrMrm5q9mICdr98Wj90qKK4pYvVtvJs+QTVkO/3dFU+ZbLC3audJwkqdVH3yjfkq0FHepqYad6ys1MV6vxUwtOGgy6beK3yjx5XAs71dPGl/+rekOGqUL7bgXXTpyujGNHNP+2alrWt4vK1G6oFu9+ekn3LenZavDyCPnVqqc/+3TQnw90VNn6jVVv8NAi/bQcN0X5ebla1Km+1j7bX7X+O0SSlJ9bMPPyYs9kSb9bJ1f+oYTNRfd0laQjZ8zycnGyzdiUpKycPN32xTbtik+XJPm6OWnDwCbqeksZvb70sBp9tlX3/LBbcWkWrX6ykbpVv/Bew/fXD9Cq2LO6p46/XEzF/y/gN/fVVG6+VbeM36T7ftyjl1tXkiTl5OXL3dmkz+6urhHLYxXw3jotOJCo+Q/VV61yHqrz8RY91qS8etbyV7fpu+Q9co16fLdbg1uF2JarfrJ5BQ1fFqPH5x1UoKez5j1UV3P2JMj/3XVq8+V2da5WRq+3K36m9x01ysrVZFTNiZu1JS5NDzcKUuNgL9X9eIsafbpVYWXcFOrnptz8ogtBGwzSzL51dCw1W9U+3KT/zNmvkZ2r6I6/90Ce2be2YpLNqjBuvdp8uV2NKnjry941LjiOhVUv56Eu1cqo07SddmH5OVc6Zj/2ra3s3HxVHb9JYeM3KS07TzPur3VJtY3tFqZtJ9JVdvRaPbcoUhPvukUPNgzUw7P3a92RFFu7L7ac0Py9SZfUJwAAAAAAAG4OBmvhjR0BAEWcrHnxZTEDt13+LMusBT8oZfwbsqanFHve4OUrv/DJl738M4Cb17EUs2p9tEVvd6qiwbeGKDMnX2/8cVh/RZ/VwRdbyNnEEr0AAAAAAOTtjZBLiw6lXQYA3NAIgAGgBNciAJYka+pZZcycLPOKRcqJ2i1Jcq5eX24dexQsFX2ZM38B3Pzm7E7QkMVROvX3nrT1gzz1zX211KhCyUtgAwAAAADw/4AAGABKRgAMACW4VgEwABTHapWOp5rlYjIqyKvoUucAAAAAAPw/IwAGgJKxBzAAAMANwGn4KkmS89urVMnXTSHjNtgd52/+vp5/AwAAAAAA4ObFDGAAKAEzgAEAAAAAAIAbAzOAAaBkzAAGAAAAAAAAAAAAAAdBAAwAAAAAAAAAAAAADoIAGAAAAAAAAAAAAAAcBAEwAAAAAAAAAAAAADgIAmAAAAAAAAAAAAAAcBAEwAAAAAAAAAAAAADgIAiAAQAAAAAAAAAAAMBBEAADAAAAAAAAAAAAgIMgAAYAAAAAAAAAAAAAB0EADAAAAAAAAAAAAAAOggAYAAAAAAAAAAAAABwEATAAAAAAAAAAAAAAOAgCYAAAAAAAAAAAAABwEATAAAAAAAAAAAAAAOAgCIABAAAAAAAAAAAAwEEQAANACUxVa170fO7OTVJe7nWqBgAAAAAAAPg/lZkuubmXdhUAcMMzWK1Wa2kXAQA3MvNvs5T6ydvKizlY7HmXlh3kcd8AmSpUvs6VAQAAAAAAAP9H3NxlCqkqk39gaVcCADc0AmAAAAAAAAAAAAAAcBAsAQ0AAAAAAAAAAAAADoIAGAAAAAAAAAAAAAAcBAEwAAAAAAAAAAAAADgIAmAAAAAAAAAAAAAAcBAEwAAAAAAAAAAAAADgIAiAAQAAAAAAAAAAAMBBEAADAAAAAAAAAAAAgIMgAAYAAAAAAAAAAAAAB0EADAAAAAAAAAAAAAAOggAYAAAAAAAAAAAAABwEATAAAAAAAAAAAAAAOAgCYAAAAAAAAAAAAABwEATAAAAAAAAAAAAAAOAgCIABAAAAAAAAAAAAwEEQAAMAAAAAAAAAAACAgyAABgAAAAAAAAAAAAAHQQAMAAAAAAAAAAAAAA6CABgAAAAAAAAAAAAAHAQBMAAAAAAAAAAAAAA4CAJgAAAAAAAAAAAAAHAQBMAAAAAAAAAAAAAA4CAIgAEAAAAAAAAAAADAQRAAAwAAAAAAAAAAAICDIAAGAAAAAAAAAAAAAAdBAAwAAAAAAAAAAAAADoIAGAAAAAAAAAAAAAAcBAEwAAAAAAAAAAAAADgIAmAAAAAAAAAAAAAAcBAEwAAAAAAAAAAAAADgIAiAAQAAAAAAAAAAAMBBEAADAAAAAAAAAAAAgIMgAAYAAAAAAAAAAAAAB0EADAAAAAAAAAAAAAAOggAYAAAAAAAAAAAAABwEATAAAAAAAAAAAAAAOAgCYAAAAAAAAAAAAABwEATAAAAAAAAAAAAAAOAgCIAB4BI0m7BGU9YfKbHd9M3H1OaTdSW2Cx21XMsiE69GaQAAAAAAAAAAADZOpV0AADiSvo2D1bNe+RLbbXmxrXzd+ScYAAAAAAAAAABcXaQPAHCZ/vvTTpX1cNaRM1mKSzErKcOiLx5ooPbV/PXz9hOauvGo1j7fWpI0ed0RTVgVrTRzrppX9tPX/RopwMtFzT9ao6l9G6pLjXJaFZ2kVxbsU0pWrkxGg56+rYqGtKtayu8SAAAAAAAAAADcjFgCGgAuk7PJoFk7TmrSffW17vnWGtCikoYvOVik3aroJI36I1Irnr1NJ0Z2U5C3qwbN3W3XJjkzR72mbdHoO2spcmhH/fn0rXr3zyiWhwYAAAAAAAAAAP8KATAA/Au31wpQgJeLJKlxRV8dSc4q0mb2jpPqWS9IFf3cZDRIn95bT1P7NrRrszwyUYFerrq9VoAkqaKfm3rUDdKifaeu/ZsAAAAAAAAAAAAOhwAYAP4FH7fzK+gbDQblWa1F2sSnmeXv6WL72d3ZZHedJJ1Kz7YFyeeU83TRqbTsq1wxAAAAAAAAAAD4f0AADADXSJC3q12Qm56dp8iEDLs25f/RRpIS0rNVwcf1utQIAAAAAAAAAAAcCwEwAFwj99SvoPm74xWdmKl8q/Tm4v16Y9F+uzadq5dTUoZFvx9IkCQdOZOlRftO6576FUqjZAAAAAAAAAAAcJNzKrkJAODf6FKjnN7uVkPdpmxUhiVXTSr6alq/RnZtyng469f/ttDLC/ZqyLw9cjIa9F73WmobVraUqgYAAAAAAAAAADczg9VazMaVAAAAAAAAAAAAAICbDktAAwAAAAAAAAAAAICDIAAGAAAAAAAAAAAAAAdBAAwAJTC8tEiGlxbZXl/PvwEAAAAAAAAAAC4HewADAAAAAAAAAAAAgINgBjAAAAAAAAAAAAAAOAgCYAAAAAAAAAAAAABwEATAAAAAAAAAAAAAAOAgCIABAAAAAAAAAAAAwEEQAAMAAAAAAAAAAACAgyAABgAAAAAAAAAAAAAHQQAMAAAAAAAAAAAAAA6CABgAAAAAAAAAAAAAHAQBMAAAAAAAAAAAAAA4CAJgAAAAAAAAAAAAAHAQBMAAAAAAAAAAAAAA4CAIgAEAAAAAAAAAAADAQRAAAwAAAAAAAAAAAICDIAAGAAAAAAAAAAAAAAdBAAwAAAAAAAAAAAAADoIAGAAAAAAAAAAAAAAcBAEwAAAAAAAAAAAAADgIAmAAAAAAAAAAAAAAcBAEwAAAAAAAAAAAAADgIAiAAQAAAAAAAAAAAMBBOJV2AQBwo7NYLKVdAgDYuLi4lHYJAAAAAAAAAG5gBMAAcAny8rJLuwQAkMnkWtolAAAAAAAAALjBsQQ0AAAAAAAAAAAAADgIAmAAAAAAAAAAAAAAcBAEwAAAAAAAAAAAAADgIAiAAQAAAAAAAAAAAMBBEAADAAAAAAAAAAAAgIMgAAYAAAAAAAAAAAAAB0EADAAAAAAAAAAAAAAOggAYAAAAAAAAAAAAABwEATAAAAAAAAAAAAAAOAgCYAAAAAAAAAAAAABwEATAAAAAAAAAAAAAAOAgCIABAAAAAAAAAAAAwEEQAAMAAAAAAAAAAACAgyAABgAAAAAAAAAAAAAHQQAMAAAAAAAAAAAAAA6CABgAAAAAAAAAAAAAHAQBMAAAAAAAAAAAAAA4CAJgAAAAAAAAAAAAAHAQTqVdAAD8P9qzZ6/mzftVq1evUevWt8nV1VVms1mnTp1S+/bt1K/fAzIYDKVdJgAAAAAAAAAAuMkQAANAKWjQoIEyMrK0evUavfDCCwoMDJQk7dmzR4MGPacKFcqrQ4f2pVwlAAAAAAAAAAC42bAENACUgvz8POXn50mScnKyZbFkyWLJUtWqVSRJiYlJpVkeAABF9OnTRwaDQQaDQZ988klplwMAAAAAAIALIAAGgBvIokWLVa5cOXXu3FmStHr1GnXv3ksbNmySJC1f/pfuu+8BLVv2lyRp585dGj48XB9//JleffUN7d69R5KUlpamCRMm6oMPxuuTTybppZde1cGDxi6QZwAAIABJREFUByVJU6Z8qbFj39fHH3+mwYNfUFxcnM6eTdG7747Vo48+rl9/XaCnnnpGy5f/VQojAOBGNWPGDFWrVk1OTk62ENBgMCgwMFD9+vW7Kvd48cUX5e3trTFjxlyV/n7++Wf5+fmpd+/eysvLuyp9OorLHetPP/1Uc+fOVUBAgBYvXqznn3/+GlcIAAAAAACAf8tgtVqtpV0EANzILBaL8vKyr3q/GzZs0ttvh6tdu7ZydXXR0aPHdPp0gh5//HHdfntnGQwGmUxO6t37Pr322itq2bK5TCYnPfbYf/XQQw+qU6f2euaZ5zRo0CA1btxYp06dUlJSoqpXr6aRI0crICBAL7wwRFartHHjJhmNVjVu3Ejz5y/UAw/cL6tVeuONN1S5ciU9+eQTWr9+oz78cLw+++wTubq66dChKLVs2fyqv28A/57J5CoXF5dSreHgwYOqVauWJCk8PFwjRoy4Kv1arVa5uroqJydHFStW1LFjx664z65du2rZsmWSpEOHDqlatWpX3KcjuNyx3rp1q1q3bq127drpu+++U4UKFa5TpQAAAAAAAPg32AMYAErZ4MGDFRgYIIPBqMTERL355lCtXbtao0aNVF5erl3bf/7s6+unmTNnysvLQ1WrhqpcuTLKysrS2rXr9MknH8tiMUuSmjRpZFtyuk+f+2zH/fzKKCsrW5JV+fl5cnV1VUhIsCSrAgNbFbkfAJhMpmJfXymDwaChQ4dq2rRpeuONN65Kn0OGDFFUVJQ6dOigsLCwq9KnI7jcsR4wYIDeeecdvfbaazIYDNehQgAAAAAAAFwJAmAAKGUFewAXBLI+Pp7q37+/wsPDFRMTq7Cwqhe99rXXXtWUKV9o0KDnFRoaqjfeeFUmU8Hq/p6e7rZ2BoNVJpNRVqtVv/wyV0ePHpO3t7cOHYpS7dp17Pq0WvMlFQ2bAeBaCw8PV3h4+FXrr0ePHurRo8dV68+RXM5Y7969+xpXAwAAAAAAgKuJPYAB4AZitVpltRbM1HVyKvk7Ov7+fgoPH6FFixYpMDBQU6d+LX9/f0lSYmJSkfarVq3WvHm/asiQIXriiSdUvXr1q/sGAAAAAAAAAABAqSIABoAbSG5urn7//Q/VqFFDlSpVkiR5e3vr2LHjkgoC4vz8fFv76dO/k8WSJYMhT82bN5fBYJSrq6vatGmjOXPmKjvbfu/itLQMOTu7KDfXopyc7CLnAeBKDBs2TEajUQaDQQaDQatWrdKwYcN06623qmzZsnJ3d1fDhg01Z84cu+u2b9+uVq1aydPTUwaDQc2aNbvgPZYsWaJ77rlHwcHBcnFxkaenp0JCQtS2bVuNGTNGkpSdna2uXbsqICDAVkt6enqRvsaNG6eOHTuqUqVK8vT0lIuLi8LCwvTSSy8pLS3N1i4mJkZ169a1vbenn35akrRmzRo9+uijqlChgubOnVvi+FgsFn322Wdq0qSJfH195enpqSpVqqhr165aunRpkfaZmZl677331KhRI3l5ecnd3V116tTRsGHDlJqaWqT9nj171LdvX4WGhsrV1VX+/v5q1KiRBgwYcNljnZeXp+nTp6tLly4KCAiQi4uLypUrp86dO+ubb75RXl6eXfu2bdvaxrpq1apav369Bg4cqPr168vLy0t+fn7q1KmTdu7cWeI4AQAAAAAA4MoQAANAKdixY6eWLv1DkvT555M1duz7Gj16jF5/fagCAgI0btxYndtm8eGHH9aPP87UCy+8rM8/n6K8vDytXLlKiYlJOnr0mEaPHqNJkyZr48YNeuqpJyVJr776isqW9ddzzw3Ra6+9qQ8+GK/9+w+oXbs2MplMevrpQZowYaIMBqP27Nmt7du3a9OmzcrMzNSiRYuVm8vyzwAu37vvvqtDhw7Zfu7Tp482btyoGjVqqGfPngoICNCuXbt0//33a9OmTbZ2jRs31oYNGzR8+PAL9m21WvXkk0/qrrvu0rFjx/TNN98oJiZGW7Zs0fvvv68zZ87YQlRXV1f9+eefWrhw4UXrnTdvnsqWLauffvpJR44cUWRkpOrUqaOPPvpI//3vf23tqlatqr1792rw4MGSpF27dqlTp066/fbbtXnzZsXHx8tqtZY4Pvfff78GDx6sHj16KCIiQjt37tS4ceO0f//+Isssp6amqm3btho2bJh69OihHTt2aPPmzWrVqpXee+89tWnTRhkZGbb2GzduVLNmzbR792598803io6O1tKlS9WkSRPNnj37ssY6Oztb3bt314ABAxQUFKQlS5YoNjZWv/zyi4xGox5//HH16NFDFovFds2aNWs0bdo0SVJsbKweeughxcXFqWXLlurevbtyc3O1YsUKde3a1S5cBwAAAAAAwNXHHsAAUAqaNGmiFi1ulcnk9Pdeu1ZJBTOnrNZ8WSzZfx+Tbr+9q+6++27l5+cpPz9PJpOz8vPzZLGYNWrUKEkF+/YaDEbl5GTLas2Xh4ebhg59Q0aj6e9lpfOVm5uj/Px8ffPN15Kk/Pw8SQYZjUZZLFlq2bKV3npruHJyzMrNzSmVcQFw8ytbtqzt9ZIlS+xmmKalpalBgwaKjY3V119/rZYtW15yvx999JGmTp2qKlWq6K+//pKPj48kKSQkRHXq1FFOTo6mT59+WbV6eHjogw8+UFhYmCSpXLlyGj16tBYvXqzZs2crLS1N3t7etvaGv7+Zc+bMGU2aNEnt27eXyWRS9+7dS7zXjh07tGDBAjVv3lzvvPOO7fgtt9yi+Pj4Il+8efPNN7Vt2zY9+OCDGj16tO34tGnTbOHxxx9/rKFDh0qSxo4dq+zsbH344Yfq2LGjJKlixYqaMmWKVq5ceVnjMnLkSC1dulSdOnXS999/b3vfwcHBWrx4sZo3b67ff/9d4eHheu+992zXnfvsPT09FRMTU+T9N2vWTAkJCVq0aJH69+9/WTUBAAAAAADg0jEDGABKQUGAm6WsrDRZLFmyWMyyWLKUnZ0pi8Wsc+GvJOXl5SgrK03Z2ZnKycmW2ZwuiyVLkvXva7OUk5MtiyVLVuu55aGtsljMMpszbH0WBL5Wmc0ZMpszbPc0mzOUn58vi8WsrKw0wl8A14y3t7d69eolSUUCwouxWCwaO3asJGnIkCG28Lewbt26KSQk5LLq+euvv2zh7zmF+4iOji72umrVqqlTp04ymUySpAkTJqhx48YXvdfhw4clqdiZws8++6yeeuop28+ZmZn69ttvJclu+eZzunbtKklasGBBif27uLjYzbYuSVZWliZNmiRJeuKJJ2zhb+H+Bg0aJEmaNGmSsrKyLqnfRo0aqV69epIu77MHAAAAAADA5SMABgAAwHXj5+cnqSDkvFQRERFKSEiQJHXo0KHYNsHBwfrhhx+uuL7CgeelLodfs2ZNVatW7aJtqlSpIknaunWrhg8fbvf+XVxc7ELtbdu22ZZ3rlq1apG+goODJdkHqef6f+mll7R161a79gEBAZf0PiRpy5Yttv2FLxRqt2rVSlLBMtX/vNfF/JvPHgAAAAAAAJePABgAAAA3tIMHD9penws6r4bFixerT58+CgsLk7+/v/z8/EoMcv+tpk2b6o477pAkjR49WhUqVNCAAQO0bNmyIrN2jxw5YnvdpEkT+fn52f0ZNmyYJPsg9bXXXpOLi4siIyPVvHlzNWvWTOPHj1d8fPxl1Vl41nP58uWLbXMps6QBAAAAAABQegiAAQAAcENLT0+3vXZzc7sqfY4dO1Y9evRQbGys5s6dq9OnT+vs2bPXNNCcN2+e3nnnHQUHBys1NVXTp09X165d1axZM0VGRtraFV5WedWqVdqxY4fdn3379ikmJkZ79+61tWvbtq3WrFmjO+64QyaTSREREXrllVdUpUoVjRkz5pJrPDfzWCqYmVycwp9B4fYAAAAAAAC4MRAAAwAA4Ibm7e1te52WlnbF/aWlpWnUqFGSpIkTJ6px48a2/XyvJTc3Nw0fPlzHjh3TqlWrNHDgQLm6umrbtm3q0aOHzGazJMnDw8N2jZ+fn0JDQ4v9U7lyZbv+W7RooSVLliguLk5TpkxR/fr1ZbFYNHToUE2bNu2SavTy8rK9zs7OLrZN4YC6cHsAAAAAAADcGAiAAQAAcEO75ZZbbK8PHDhwxf3t37/ftnxyw4YNr7i/y2U0GtWuXTtNmTJFK1askJOTk6KiorRx40ZJsgt2C+/ze6mCgoI0cOBAbdu2Tb169ZIkzZgx45KuLTzWJ0+eLLbN8ePHi20PAAAAAACAGwMBMAAAAG5ozZo1U5kyZSRJs2fPvqp9/3P/3Wtlw4YNWrx4cZHjrVq1UvPmzSVJcXFxkqTGjRvbllku7privPXWW0Xei5OTk5599lm7vkvSrFkz+fr6SpK2bdtWbJsNGzZIknx9fdW0adNL6hcAAAAAAADXDwEwAAAAbmiurq568cUXJUlffPGFFi1adEX9hYaG2l4vW7bM7typU6euqO8LiYuL07hx44oct1qtio+PlyTVrl1bkuTp6an+/ftLkj7//HNb4Hox8+fP14oVK4ocP3HihF3fJXFzc9Nzzz0nSfrqq6+KhMoWi0Wff/65JGnQoEFXbU9mAAAAAAAAXD1OpV0AAPw/io09XnIjADe90NCKpV3CVZeTk1Ps62tt6NCh2rNnj2bNmqW7775bnTt3VocOHVSuXDllZWUpMTFR27dv16xZs0rclzYwMFA9evTQokWL9Oijj2rlypXy9vbWjh07dOLECbm5uclsNis9Pf2qvoc1a9aoX79+eu6551StWjUlJSVp4sSJiomJ0b333qsmTZrY2n7wwQfatGmT9u3bpw4dOqhPnz5q2rSpPDw8lJCQoOjoaN15553q27ev7ZqHH35YI0eOVLt27eTl5aXNmzdr2LBhcnd311tvvXXJdQ4fPlxbtmzRH3/8oYceekivv/66goODFRUVpfDwcO3evVt33HGHRowYcVXHBwAAAAAAAFeHwXq91r0DgJuUxWJRXl52aZcBADKZXOXi4lIq954xY4ZGjBihI0eOKD8/33a8XLly6ty5s3766SdNnjxZEydOVGRkpCSpYsWKatOmjWbOnKnY2Fg9/vjjioiIUGpqqpydndWkSRN9+umnWrt2rWbMmKGDBw8qMzNTRqNRYWFhqlWrlhYuXGi7l9Vq1fz58zV9+nRt2bJFiYmJMplMqlixolq2bKnHHntMXbp00bJlyxQeHq79+/crOTlZ/2PvzsNjvvr/j78myySZCImE1C4osa+x3FKlRVpb6a2VUq0W7U17Karowq2L0uUuWlt746ZVim5UVS2lSlGhLUXEErGESMREksk2y+8P38xPmh0R4vm4Lpdkzvmc8/6cz5lJ9Z1zjiRVrVpVwcHBmj17tho2bKiLFy9q1KhR2rRpk5KTk3X33XcrPDxcL7zwgjp06KD9+/fLYDCoX79+mjFjhp588klFREQoJSVFRqNRwcHBCgkJ0YIFC4o0fsePH9c777yjvXv3KjY2VgkJCfLy8lJwcLAGDhyo5557Tu7u7jmuSU5O1uzZs/X1118rKipKFotFfn5+atGihfr27ashQ4bIZDJJkubPn681a9YoKipKcXFxysjIUGBgoDp16qQJEyaoWbNmkqQZM2YUaaytVquWLFmizz77TPv371dycrJ8fX3VvHlzDR48WI8//rhcXV2d9Z999lmtWbPGuZq5UaNGevLJJzV+/Hh9//33ev311/XHH38oKytL5cuXV7t27fT1118XmqwHAAAAAABA8ZEABoBCkAAGcKsozQQwAAAAAAAAgNsDZwADAAAAAAAAAAAAQBlBAhgAAAAAAAAAAAAAyggSwAAAAAAAAAAAAABQRpAABgAAAAAAAAAAAIAyggQwAAAAAAAAAAAAAJQRJIABAAAAAAAAAAAAoIwgAQwAAAAAAAAAAAAAZYRbaQcAAHeiQ4eiSjsElJBGjeoX+xqbza6sLKsyM62y222y2x1Fus7FxSAXF1cZjW5yd3eTqyu/1wUAAAAAAAAAdzoSwABQSlq3bl3aIeAG27t3b7HqW602WSwZstlscnNzk7u7uwwGo1xcipbItdvtcjgcysqyKi0tQ66urjKZPOTm5not4QMAAAAAAAAAygASwAAAlIKUlDRlZVnl4eEhT0/Pa2ojO1Hs6uoqDw8PWa1WJSdb5O7upnLlvG5kuAAAAAAAAACA2wR7RQIAcBM5HFJSUopsNru8vb3l5nbjfhfLzc1N3t7estnsunzZIoejaFtJAwAAAAAAAADKDhLAAADcRKdPn5XVapOXV8mt0PXy8pLD4dDZs3El1gcAAAAAAAAA4NbEFtAAANwkcXEJcnc3ysfHJ986FotF3377rfbt26eEhASZTCa1atVK3bt3V82aNYvcl5eXl1JSUhQXl6DAwIAbET4AAAAAAAAA4DZAAhgAgJsgPT1DFkuaqlSpkm+dU6dOafr06fLy8lJoaKhq1aqlmJgYRUZGavLkyRo2bJhCQ0OL3Ke/v7/OnTun9PQMeXp63IjbAAAAAAAAAADc4kgAAwBwEyQkXJKvr69cXPI+fSEhIUHTp09Xy5YtNWjQIJlMJklSq1atJEkbNmzQggULFBAQoODg4CL16eLiIl9fXyUkXFL16nfdmBsBAAAAAAAAANzSOAMYAIASlpmZpaysLHl7e+db58cff5SXl1eO5O/VunfvrpYtW2rZsmXF6tvb21tZWVnKzMwqdtwAAAAAAAAAgNsPCWAAAEpYcnJKnkndq/3+++8KDQ0tsF5YWJhOnTqlhISEYvVvMplksaQV6xoAAAAAAAAAwO2JBDAAACUsLS2j0ARwQkKCatWqVWCdmjVrOusWh8lkUkqKpVjXAAAAAAAAAABuT5wBDABACbNas+TmVvCPXC8vL8XExDjP/M3LqVOnJEkBAQHF6t/FxUV2u61Y1wBFde7cOcXHxyspKUkZGRmlHU6Z4+HhoQoVKqhSpUqqUqVKka87d+6cLly4oMTERNlsvP/vNO7u7qpQoYICAwOvad4kJSUpMzOzBCMEis9oNKpChQqqXLlyseY1AAAAANyJSAADAFDCrFabXF1dC6zTqlUrHTlypMA6hw8flr+/f7ETwO7u7pwBjBsuPT1dhw4dksFgUL169eTl5VXoLzqg+KxWq9LS0nTs2DGdO3dOdevWVYUKFfKtn56eroMHD8pms6latWoKDAyU0Wi8iRHjVmCz2ZSZmamzZ88qNjZW9erVK9a8qVq1aqE/t4CbLXtenzlzpkjzGgAAAADuZGwBDQDALSAsLEyRkZHasGFDnuWnTp3S6tWrC1whDNxMf/31lypWrKiWLVvKx8eH5G8JcXNzk4+Pj1q2bClJOnr0aIH1Dxw4IJPJ5EzKk/y9M7m6usrLy0t16tSRzWZTVFRUgfX/Pm9I/uJWlD2v69atW6R5DQAAAAB3MhLAAACUMDc310K3YK1Zs6aGDRumZcuW6cMPP9SRI0dksVh05MgRrV69WpMnT5Ykbdy4Udu3by9W/1lZWTIa3a85fuDvYmNjZTAYVLt27dIO5Y7SqlUrubi4KDY2Ns/y2NhY2e12BQYG3uTIcCurV6+e7HY78wZlSmHzGgAAAADudCzVAACghLm5uctqtRa6oio0NFQBAQH6/PPPNW3aNOfr/v7+6tatmzZu3ChJWrBggbN+Udjtdrm4sJoLN05cXBzJ31JSq1YtnTp1SlWrVs1Vdv78eZJ4yFNgYKDOnz/PvEGZUtC8BgAAAIA7HQlgAABKmJeXhywWizw8PAqtGxwcrDfffFMJCQlKSEhQQECA88zfWrVqOZO/xUkCWywWlStnuo47AHJKTk6Wj49PaYdxR/Lx8VFycnKeZcnJyapevfpNjgi3A5PJpJiYmDzLmDe4XRU0rwEAAADgTscW0AAAlDAfn3KyWCzFuiYgIEDBwcHO5K90Jdk7bNgw5/cLFiwo0nbQFotFJpNXsfoHCpKZmcnZsqXEaDQqMzMzz7KsrCzOYkae3NzclJWVlWcZ8wa3q4LmNQAAAADc6UgAAwBQwoxGd7m7uys1NfW62/p7EriwlS+pqalyd3fnDGAAAAAAAAAAuEOQAAYA4CYICPCT2WyWw+G47rayk8DdunXToEGD8q3ncDhkNpsVEOB33X0C12rt2rW66667ilS3du3a2rRpU4F1Fi9eXOTzr2+mkydPymAwyGq15nj9f//7n7p27apTp06VUmQFi4+P14svvqgmTZqoSpUqatKkicaOHauLFy+Wdmh3vEWLFpV2CLnMnz9fAQEBqlq1qvNPcHCwnnnmGcXFxRWpjRYtWujnn3++IfWWL1+uHj16FNrW1fWKek1ZdOHCBa1du/am9mm329WnTx/Vrl1btWvXVps2bRQREXFTYwAAAACAOxEJYAAAbgJPTw+ZTF5KSEi4Ie2FhoYWmPyVpISEBJlMXvL0LPzsYeBWsGfPHnXq1KnAOgMGDNCaNWuK1a7NZruesIqkRo0aOnfuXI6tdJOSkmQ0GrVx40bVrFmzxGMorsuXL6tHjx46e/as1q1bp+TkZG3ZskVJSUnq2bOn0tPTc9S/keN4M57J7ezcuXOaOXNmaYeRi5ubm9q2bav09HTnnz///FPp6ekaO3Zskdooyvu8qPWK+nng5uYmV1fXYl1TVLfTXN62bZvWrVuXZ1lJ3YeLi4u2bt2qpKQkJSUl6dixY2rfvn2J9AUAAAAA+P9IAAMAcJMEBgbIZrPq/PnzJd7XhQsX5HA4FBgYUHhl4CY5ffq0vLy8tHjxYnXt2lWNGjXS448/7lwZHxISom3btkmSzpw5o169eqlq1aqqW7eulixZIklasWKF+vTpI0lKT0/XkCFDVLt2bdWoUUM9e/bUhQsXJF1ZedujRw89/PDDCgkJyRXLhQsX1KNHD9WrV0916tRRr169nCsYY2Nj9fDDD6tBgwZq1KiRXnnlFefK3p07dyokJET169dXnTp1NHr0aFmtVp0+fVpVqlRx1vv555/VtWtXvf7662rUqJFmzZrl7Ltu3bqaPXu2wsLC1KZNG3Xs2FGxsbElMeQF+uSTTyRJ33zzjYKCgpSSkqLAwEB99tlnGj16tDIzM7Vs2TINGDBATzzxhLp27SpJioiIUFhYmNq1a6dOnTrpq6++crYZHR2tvn37qkWLFmratKkmTpzofL4jR47U5MmTFRoaqpdffjlXPKNGjdK///1vPf3003rwwQfVvn177dixQ9KV55n93KUryXV/f3/nSuX8YnrzzTf1xBNP5OhnyJAhmjp1qiTpo48+UuvWrdW8eXPdd9992rt3b55jlZ6ergkTJqh58+Zq3LixXnvtNdntdkVFRcnf3z9H3XvvvdeZYDx37pyeeOIJtWvXTh06dNCbb77pnCP53a/FYlFYWJji4uLUvn17xcTEFDiuN5vD4VBiYqLzj6enpwYNGqS//vrLWaegOZL9Pj979qyqVaum5cuXq1+/furQoYP+9a9/5fl5EBsbq8cee0yNGzdW69at9cUXX0jK/Xnw3HPPOccoPDxc8fHxueK/+pqnnnpKTZo0UZMmTdSwYUP5+/tr3759kqTNmzerU6dOatGihdq0aaNly5Y522jevLk++ugjNW7cWKtXr87Vx9KlS9W+fXuFhISoffv2+uyzzyQVPo+vlt+ck6QdO3aoa9euatu2rdq3b6+PP/7YeV3r1q21YMEC9e/fX/fff78efPBBnTt3Ttu3b9fLL7+sH374QT179szzPgoaw/j4eA0YMEBt2rRRq1at9Nhjjzk/bwua5+PGjdMLL7yg/v37q0OHDgoODtZPP/3kjLeo70EAAAAAQPGQAAYA4CaqVq2Kzp2L1aFDh0pktY3NZtOhQ4cUFxenKlUq3fD2gevh7u6u9PR0xcXFadOmTdq9e7c2bNigLVu25Ko7ePBgtWrVSmfPntX333+vkSNH5kgwSdKMGTN09OhRRUVFKTo6Wlar1ZnY8/T01C+//KKhQ4c6EzpXmzlzpgICAnTs2DEdP35cHTt21I8//ujsu0aNGoqMjNSePXu0ZcsW/fe//5UkvfjiixoxYoSioqJ06NAhmc3mXHElJibqoYce0ltvvaWoqCht3LhRU6dOdW5v7e7urg0bNuj7779XRESEypcvr/nz51//ABfTL7/8okceeUQZGRnOzyO73a7MzEw9+eSTqlChgsqVK6ddu3Zp+PDh2rdvn5KSkhQeHq7x48fryJEj+uabbzR+/HhFRkZKksaPH6+QkBCdPHlSv//+u1avXu1ccViuXDmtWbNG33//vWbPnp0rHi8vL61evVpz5szRjh079PTTT2v69OmScq7glCSDweD8u6CYBg8erM2bNyslJUWSlJKSok2bNumJJ57Qnj179MEHH2j79u2KiYlR3759813FOmvWLEVHR+vIkSM6cuSItm/frv/9739yccn9zylXV1fnSvCRI0eqdu3azrn066+/6tNPPy3wfk0mkxYtWqTAwEBFRkYqKCiowHEtbefOndPChQt1zz33SFKhc8TFxUWurq4yGo1KT09XYmKi8/Ng69at+uWXX3LUk6QRI0YoJCTE+Xnw0ksv6fDhwznmxbx58xQTE+P8PJCufEb83dXXrFq1SmfOnNGZM2c0YMAA3XvvvWrTpo0yMjI0bNgwTZs2TSdPntSiRYs0ZswY5y4eJpNJO3bs0PHjxxUeHp6jfYvForFjx2rdunU6evSoNm7cqB9//FHp6ekFzuO/y2/OXbp0SYMHD9bUqVOdny8zZsxwbpft4eGhn3/+2fn54ufnpyVLlqhz584aMWKEevfu7Rzjv99HQWP48ccfKzAw0PmZec899zg/uwua5x4eHlq9erVmzZql7du3a+TIkZo2bZokFes9CAAAAAAoHhLAAADcRK6uLmrXro2MRnft27fPuXrmRrhw4YL27dsno9FdrVs3z/E/mYH8BmlqAAAgAElEQVRbyeDBgyVJPj4+qlevnmJiYnKUJyQkaOvWrRo5cqQMBoOCg4MVExOj4ODgHPXGjRunH3/8UUajUW5ubrr//vt19OhRSVcSKr6+vs6Vbn9Xo0YN7d69W99//70sFotefvllPfHEE7p48aJ++uknjR8/XgaDQd7e3ho+fLhWrFjhvO7rr7/Wrl275O7ursWLF6tFixY52t68ebMqV66ssLAwSVL16tXVq1evHGdvhoeHO5OELVu2zDUGN0NSUpIqV66cZ1lGRoZzJaavr6/uu+8+JSUladu2bfL399eDDz4os9msSpUqqXfv3vruu+8kXVlNPHnyZJnNZrm7u6t169Y6efKkpCvPpFOnTvLz85PFYsmz37CwMJlMJl2+fFmNGzfWmTNnCr2PgmKqW7euGjRooA0bNkiS1q1bp6ZNm6pWrVrO1bUmk0lms1n333+/jh8/nmcfa9eu1VNPPaX09HRZrVZt3bpVTz31VIFxJSYmatu2bRozZoySkpJktVo1bNiwHNsP53e/2dtvm81m2e32Asf1Ztu7d6+CgoIUFBSkmjVrqm3btgoODtaHH34oqeDncbXs+TVw4EAlJyfLbrerXr16uVbDX7x4Udu3b9fQoUNlNptVtWrVfD8P1q1bJ4vFopSUFHXp0qXQMUpJSZHZbNby5cu1fPlyLVmyRHa7XR4eHoqJidG9994rs9msVq1ayd3d3XmWt8FgUP/+/ZWenq7MzMwcbXp6eqpy5cqaPXu29uzZowoVKmj16tXy9PQs1jjnN+e2bdumypUrKzQ0VGazWRUqVFCvXr20ceNG57Xh4eFKS0tTUlKSWrRoodjYWFmtVlmtVtntdl2+fDnP+yhoDGvXrq3ffvtNK1euVGxsrMaOHavBgwcXaZ5369ZN3t7eunz5sho1auSc58V5DwIAAAAAiset8CoAgJLAFnd3tkaNGshsTtLx4ycVExMjf39/BQQEyNXVVd7e3kVqIzU1VTabTQkJCbp48aI8PT3VuHGwfH0rlHD0wPUpX76882sXF5dcq+Gzt0m/emvdgIDc25kfP35ckydP1smTJ+Xi4qLz58/nSArll9yUrqwodHFx0fvvv6/w8HB169ZNH374oZKSkiRJHTt2dNa1Wq3O/hcsWKB33nlHzz77rE6fPq2nnnrKuZotW1xcnCpVyrkCPyAgQKdPny7yGNwMlSpVcia0ClK5cmVlZWVJupKMO336tBo1auQsz8zMVN++fSVJ69ev15w5c5ScnCwXFxedOHFCHTp0cNYNCAhwbmObl3LlyjkTgw6Ho0jjUlBMNptNAwcO1Jo1a/Twww9rzZo1evzxx2W325WcnKypU6cqIiJCBoNBGRkZ+cYWFxcnHx8f5/cGgyHP1b9Xy946t0uXLs7XbDZbjrlR1PstbFxvpjZt2mjnzp2SpKioKLVq1UpPPfWUXF1d5XA4Cp0jf2c0Gp1fGwyGXFtbZ49j9s9Gu93u7Otqhw8f1vTp03Xq1Cm5uLgoPj4+V5I4L7GxsRo1apQWL16sChUqOOfAnDlztHr1auf3mZmZOVbq+vn55dle9pm377zzjvr37y8XFxeNGTMm11bkhclvziUmJqpSpUrO96Tdbpefn1+Oz5e/J5sLes9dfR8FjeHQoUNlNBo1d+5cDR8+XPfee6+mT5+u5ORkSdc2z81mc5HfgwAAAACA4iEBDACloFGj+qUdAm4Bvr4V1Lp1c6WkpOrChXjFxMTIas1SamreK+P+ztvbJDc3d1WuHKDq1ZuoXLmiJY6BW11gYKCkKwmQ6tWrS5JOnDihihUr5qg3aNAgdenSRStWrJDBYNC0adOc26BKeW+rerVnn31Wzz77rC5fvqznn39eY8eOdZ6luXfv3lxnu0pXVi2/9dZbeuuttxQTE6M+ffqobt266tGjh7POXXfd5TxPOFt8fLyqVKlSjFEoeV27dtXs2bP14osv5vjFE5vNpnHjxmn06NGSco5jlSpVdPfdd+vPP/90vpaduDlz5owef/xxffHFF85zTvNbgZ2f/M61/XvCLzvpVFhMFotFDz/8sN544w2dO3dO27Zt07x58yRJ7777rg4fPqyffvrJudV19jnHfxcYGJhjx4a4uDjZbDbnTgsOh8M5TtmrK6tWrSop91xyOBzOXzQoyjm+iYmJ1z2uN5LD4dClS5ckXRmXZ599VqNGjXKu8C3seeTVXkGyPw8uXLjgHNPo6OhcCdh//etf6tKli1atWiWDwaB33303x+dBXmw2m5599lkNHjxYnTt3diZV169frxkzZmjnzp0KCgqS3W6Xr69vgW1drXLlypo7d67c3d21fft29ejRQ+3atStwHud133nNuZL8fCloDDMyMjR48GANGzZMFotFI0eO1KRJkzRz5kxJBc/z/BTnPQgAAAAAKB62gAYAoJSVK+etOnVqq3Xr5mrXro3uu69Tkf60a9dGrVs3V40a1Uj+okypVKmSOnbsqBkzZshut+v48eNq1apVrm2S4+Pj1bp1axkMBh09elQrV650nvVamGHDhmnBggWSrqzGDQoKksPhkJ+fn+6//3699957kq6snJs+fbo+++wzZWZmqk2bNtq/f78kqVq1agoICMiVwLr//vt18eJFrV+/XpIUExOjtWvXql+/ftc1LjfasGHDVL58ef3zn//U3r17ZbFYFBUVpSeeeEIHDx50Jt+v1qlTJ507d06rVq2S2WzW2bNn9eSTT2rXrl1KTk5WVlaWmjZtqsuXL2vVqlX6888/i/xMClK9enWdOHHCuTXyypUrixSTdGXVcbt27TRp0iR17drVufrabDYrODhYdrtdZ8+e1cyZM2W1WpWRkZGr/759+2rRokVKTU1VamqqHn/8ca1du1aBgYFyc3Nznm+7fft250rM8uXL6/7779fUqVNlNpuVmJioKVOm6JNPPin0fo1Go1JTU5WZmVmi43q97Ha7JkyYoKNHj+qLL76QVPjzKK6KFSuqY8eOmj9/vux2u6Kjo9WlS5dc24MnJiaqZcuWSk5O1u+//64VK1YUOkbvv/++0tLS9MYbbziTv9KVuVG5cmX5+/vLbDbr9ddfl8FgKNKY//XXX+rdu7fOnDkjs9msGjVqyMPDQwaDocB5/Hf5zblOnTrp4sWL2rx5syTp9OnT+uGHH5y/HFAQd3d3Z/I+LwWN4QsvvKAFCxbo8uXLstlsql27tlxcXK5rnhfnPQgAAAAAKB4SwAAAALjlLF26VIcOHVK1atXUtWtXvffee2revHmOOtOmTdPEiRPVqFEjvfrqq5o3b56OHDmiUaNGFdr+mDFj9Nlnn6lWrVqqU6eOdu/e7Uz6fvrpp4qKilLdunVVp04dRUREKCwsTEajUa+88ooGDhyooKAg1a9fX/Xq1dOwYcNytO3n56fVq1dr0qRJatCggXr06KG3335b99xzz40boBvA1dVVv/zyi9q2bauhQ4eqbt26GjBggBo1aqTNmzfneY64yWTSd999p//85z9q06aN7rnnHlWuXFnNmjVTUFCQRo8erc6dO6tjx476448/9O6772r+/Pn66quvrivWzp076x//+Ie6deum/v37q2bNmjIYDLLZbAXGJF1JUoaHh+ubb77RwIEDnQn7MWPG6Ndff1X79u01YMAATZgwQY0bN1a3bt1y9T927Fg1bdpU7du3V9u2bdW2bVuNHDlSJpNJb7/9toYMGaJ+/frpp59+UseOHWWz2eRwOLRw4UKdPHlSrVu3VqtWrXTgwAE98MADhd5v06ZNVa1aNTVt2lQXLlwosXG9EYxGo958801NmTJFSUlJhT6P4nI4HFq8eLGOHj2qJk2a6OGHH9Z7772Xq723335br732mjp06KC3335bc+fOVVRUlCZOnJhv2x999JFiYmLUpEkTtWjRQi1atND333+vhx9+WFWrVlWrVq3UpUsXNWnSRIMHD9aIESMUFRVVYLzNmjXTfffdp/vvv18tW7ZU9+7dNWnSJDVs2LDAefx3+c25cuXK6dtvv9X06dPVrl07hYeHa+rUqQoJCSl0LMPCwrRnzx41a9Yszz4LGsOxY8fqyy+/VPPmzdWyZUv99ttvmjZt2nXN8+K8BwEAAAAAxWNwFGXfMQC4g2VmZspmYyUCgNLn6uqR47zM0rJp0ya26SxF+Y3/pk2b1KpVq2K1ZTAY5OXlJaPRKBcXF9ntdmVmZjq36jUajfLy8sqxlaubm5tMJpPzDNyr65tMJhmNRjkcjv/7+WmTt7e3UlNT5e7uLofDkec2wNKVM16vLnd3d5e3t7fMZrOkK+eIurq6OmP09vbWpUuX5HA4CoxJkjw8POTt7a2UlBRlZmZKupIAL1eunAwGg+x2u1JTU1WuXDlJynPrWm9vb7m7u+faztjT01Oenp6y2Wyy2Wxyc3NTenq688xYb29vubldOXnHarUqNTVVDoej0PutUKGCXFxclJycLKPRmO+4Zt9PYfbt23fd88bT01NGo9G5zXU2Dw8PmUwmmc3mQp+Hr6+vUlNTZbVa5efnp8TERGc75cuXV0ZGhjIyMpz1srKy5OLi4hxHh8OhtLQ0ZWRkyMPDQx4eHrp8+bKMRqNMJpPzjNn09HT5+PgoIyNDNpvNWe/qaypWrCiHw5FjFX92nz4+Ps4tm9PS0uTu7i53d3clJyfLx8fHWS8vXl5e8vDwcH6fnp7uXPVb0Dz+u/zmnJubm7y9vZ1nJqenpztXzV49btmxuLq6KiUlRa6uripfvrwcDofMZnOuugWNYUZGhry9vZ3P1GazKTU1VXa7vcB5bjKZJClH7D4+Prp06VKx34N5yW9eAwAAAMCdjgQwABSCBDCAWwUJYEg3NgGMO8eNSAADtxoSwAAAAACQN7aABgAAAAAAAAAAAIAyggQwAAAAAAAAAAAAAJQRJIABAAAAAAAAAAAAoIwgAQwAAAAAAAAAAAAAZQQJYAAAAAAAAAAAAAAoI0gAAwAAAAAAAAAAAEAZQQIYAAAAAAAAAAAAAMoIEsAAAAAAAAAAAAAAUEYYHA6Ho7SDAIBbWWZmpmy2jNIOAwDk6uoho9FYKn1v2rTJ+XXVqlXVqFGjUokD0uHDh3X27NnSDgMAAAAASk3Xrl1LOwQAuKWRAAaAQpAABnCrKM0EMAAAAAAAAIDbA1tAAwAAAAAAAAAAAEAZQQIYAAAAAAAAAAAAAMoIEsAAAAAAAAAAAAAAUEa4lXYAAHA7cHX1KO0QAAAAAAAAAAAACmVwOByO0g4CAAAAAAAAAAAAAHD92AIaAAAAAAAAAAAAAMoIEsAAAAAAAAAAAAAAUEaQAAYAAAAAAAAAAACAMoIEMAAAAAAAAAAAAACUESSAAQAAAAAAAAAAAKCMIAEMAAAAAAAAAAAAAGUECWAAAAAAAAAAAAAAKCNIAAMAAAAAAAAAAABAGUECGAAAAAAAAAAAAADKCBLAAAAAAAAAAAAAAFBGkAAGAAAAAAAAAAAAgDKCBDAAAABQxllGj1bGzJmlHQYAAAAAAABuAhLAAAAAQBll3bpVDrNZBl9f2c1mOcxmWbduLe2wAAAAAAAAUIJIAAMAAOCWsWvXLnXq1EmPPvpoifXhcDg0btw4hYaGauXKlSXWz42Unp6uRx99VO+++26xrrOMHi2zn58ylyxR5pIlMvv5yTJ6dAlFCQAAAAAAgFsBCWAAAAAUKC4uTtOnT1doaKgefPBBxcbGSpLOnDmjadOmadCgQdqwYcMN6at9+/ZydXW9IW3lx2AwKDQ0tET7uNFcXFxUvnx5lStXrljXlf/jD/ls2SLH/63+LffNNyr/xx8lFCUAAAAAAABuBSSAAQAAUKDAwEA99thjKl++vJKTkzVhwgRZLBZVr15dAwYMUKNGjdS9e/cb2qebm9sNbe/vDAZDibZ/oxmNRi1YsEAjR44s1nUOs1mWMWPk/tBDcrv3XqW9/rocZnMJRQkAAAAAAIBbQcn+nzUAAACUGe3bt5enp6fWrFmjN954Q9OmTctVZ9myZdq4caP8/Pxks9k0ceJEeXl56fnnn9fJkyfVvn17nT9/XvHx8erXr5+ysrK0ceNGeXp66r333lOtWrUkSRaLRXPmzNH27dtlMpn0yiuvKCAgQP/+978VERGhCRMm6PTp0/r222+1YcMG/fe//1VERISsVqtq1qyp1157LddK4u+++06ffvqpgoODlZiYmKPs559/1v/+9z/5+voqIyNDU6ZMUWBgoLN87969Gjt2rAICAvTVV19pzpw5Wr58ucLDw/X8889r2bJl+uOPP+Tp6an09HSNHj1aY8aM0dmzZ7Vq1SpFR0dr/PjxatCggRYuXKhLly7p1VdfVVBQkCIiIhQQEKC33npL58+f1xtvvKHTp0/rk08+0aeffqrMzEx169ZNU6dOVdOmTTVv3jylp6frgw8+0JkzZ2Sz2RQUFKSxY8fKaDTmeiZu994rrylTJElp//c3AAAAAAAAyi5WAAMAAKDIxo4dq2bNmmn79u1asGBBjrKDBw9q7ty56tKli9555x0dOHBAH3zwgXx9fRUSEiJJ6t+/v2bPni2LxaKNGzfq+eefV3h4uGJjY7V161ZnW0ajUc8995z+85//6MiRI/roo49UoUIF50rjr7/+Wh4eHmrWrJl27dqlJUuW6KGHHtKAAQO0ceNG7dy5M0ds0dHRevfdd9WsWTO9+eab6tatm7MsKSlJb7zxhu6++2699tprOnDgQK6zgVu3bi13d/cc32dLTU3V3Llz1adPH73xxht64IEHVLVqVdWsWdNZp02bNjna8/Dw0NixY/XSSy8pPDxcf/75p7Zs2aKGDRuqSZMmkqRFixapZcuW8vf3z7Vl9apVq7Ru3TqNGDFCI0aM0Nq1a/Xll1/mel4GX1+ZZs6Uwdc3x9cAAAAAAAAou1gBDAAAgCJzc3PT1KlTNXToUC1ZsiTHVsoHDx6UJAUEBMjd3V1+fn46cOBAjutdXV3l6+srk8kkm80mg8GgKlWqSJIyMjJy9Ve1alWVK1dOx48fz/F6t27dNHDgQFksFi1fvlyStHbtWplMJgUFBcliseSov3//fjkcDjVs2DBXH8ePH1dGRoYOHjyoWbNmKSgoSA6Ho8hj4unpqUqVKmnixIlq0qSJBg8eXOg1FotFK1askMViccaanp6eo86wYcMUHBwsi8Uim82Wo+zqsc6O9e9jDQAAAAAAgDsTCWAAAAAUi5+fn6ZNm6YRI0Zo8eLFevDBB3OUZyck7Xb7DTlr12azqUKFCnmWmUwmZx+PPvqoOnfunGc9u92eb/vZ14eEhGjMmDHFjs/V1VVz587VsmXLtGnTJr388statWpVgddMmzZNu3fv1tdff62IiAjt2bMn37omk0nJycl5ljkcDud4327nGgMAAAAAAKBksAU0AAAAiq1BgwZ6+eWXc7yWvXVxYmKiMjMzZTab1bhx4+vq59SpU0pLS1OHDh3yrdO0aVNJ0m+//ZZvneDgYEnSoUOHcpXVq1dPXl5e+v3335WVlZVvGx4eHrp06ZLS09NzJJTNZrN2796tF198UZ9++qnsdrsyMjLk4eEhSYqNjc21gjclJUWSVK5cuXz7K0j2PScmJiouLk7S/x9/AAAAAAAA3Nlcp0yZMqW0gwAAAMCtKy4uTp999pkOHjwoDw8P1a9fX5JUt25dZWRkKC0tTZ06dVKlSpXk5eWljRs3avv27apcubJeeuklSdLSpUsVHx/vrPPdd9/JZrOpZcuW2r59uyIjIyVJ9913n86ePavU1FT98ccfWr16tdq1a6fnnntO6enp+vzzz3Xq1CnZ7XbdfffdqlixoqpVqyY3Nzdt2rRJa9as0cGDBxUUFJRj1XClSpXk5uamn376Sb/++qsiIyMVHx+vlJQU9ezZUw0aNFBERISWLl2qAwcOyMvLSzVq1MgxDhkZGdq/f7+2bt2q06dP68yZM0pNTVXnzp01Z84cHTx4UDt27FCnTp103333yWQyadeuXdqxY4eOHz+u6OhoZWRkqHXr1goKCtLevXu1b98+Xb58WceOHZPValWdOnX07bff6tKlS5KuJHo9PDy0YcMG7dixQ3a7XS1bttQ//vEPxcfHa/PmzYqIiFDbtm01dOhQubmxwQ8AAAAAAMCdzuAozgFnAAAAAAAAAAAAAIBbFltAAwAAAAAAAAAAAEAZQQIYAAAAAAAAAAAAAMoIEsAAAAAAAAAAAAAAUEaQAAYAAAAAAAAAAACAMoIEMAAAAAAAAAAAAACUESSAAQAAAAAAAAAAAKCMcCvtAAAAAHB7WLdunWbNmqXIyEhdvny5tMMBAOCGKV++vIKDgzV27FiFhYWVdjgAAAAAcF0MDofDUdpBAAAA4Na2fv16PfbYY6UdBgAAJW7FihXq3r17aYcBAAAAANeMBDAAAAAKFRYWpt9++019+vTRyy+/rODg4NIOCQCAGyYyMlLTpk3TmjVr1LZtW/3444+lHRIAAAAAXDMSwAAAAChU9erVlZqaqp07d5L8BQCUSZGRkerQoYN8fX0VHR1d2uEAAAAAwDUjAQwAAIBC+fn5SZIuXbpUypEAAFBy+HkHAAAAoCxwKe0AAAAAAAAAAAAAAAA3BglgAAAAXLPQ0NDSDgEAAAAAAADAVUgAAwAAAAAAAAAAAEAZQQIYAAAAAAAAAAAAAMoIEsAAAAC4LnFxcRo1apR69OiRq2z9+vV65JFH1L17dw0bNkzHjh1zlkVGRmrYsGHq3r27Hn30UW3atMlZZjab9fLLLyssLEy9evXS/Pnz5XA4JEl2u11z5sxRz549FRYWpldffVXJycnX3WdBZZK0f/9+9e/fX6+++ur1DxoAAAAAAABQQkgAAwAA4LqMHj1aTZo0yfX68ePHNXPmTE2ZMkXr16/XAw88oIkTJ8pqtSozM1MTJ05Ur169tH79ek2aNEnvvvuuYmJiJEnvv/++ypUrpzVr1mjx4sXatm2b1q5dK0n65ptv9Ntvv+nTTz/VmjVr5ObmphkzZlxXn4XFs2HDBn344Ydq0aLFTRpVAAAAAAAA4NqQAAYAAMB1mTNnjtq3b5/r9U2bNqlz585q3LixXFxc1L9/f1mtVh04cEB//vmnjEaj+vbtKxcXFzVt2lQdO3bU5s2blZ6erl9++UXDhw+Xh4eHAgICFB4erg0bNkiSNm7cqIEDB8rf318eHh4aNmyYtmzZoszMzGvus6AySapTp47mzZun6tWr39SxBQAAAAAAAIrLrbQDAAAAwO2tYsWKOnPmTK7XY2Ji1LRp0xyv1axZUydPnpTValXt2rVzlNWqVUsnTpzQmTNnZDQaVbly5Rxl0dHRznZr1arlLKtevbrsdrtiY2OvuU8fH598yySpXr16RR0OAAAAAAAAoFSRAAYAAECJSEtLk9FozPGap6en0tLSZLPZcpV5eHgoLS1N6enpeZalp6c72/Xw8HCWGQwGGY1Gpaen3/A+09LSru3mAQAAAAAAgFJCAhgAAAAlwmQyKTU1NcdrKSkpMplMslqt+ZZ5eXkpJSUlzzJJucptNpvS0tJkMpmuq8/8ygAAAAAAAIDbCWcAAwAAoETUrl3buYWydCVRe/LkSdWpU0e1a9dWdHS0HA6Hs/z48eOqU6eOqlevLoPBoFOnTjnLTpw4oTp16kiSgoKCcrR74sQJeXh4qEqVKtfcZ0FlAAAAAAAAwO2EBDAAAABKRLdu3fTrr7/qzz//lM1m07Jly+Tn56cmTZqoRYsWcnV11apVq2Sz2bRnzx7t27dP3bt3l4eHhzp37qwFCxYoLS1N586d05dffqmePXtKksLCwrRixQpduHBBFotFCxcuVFhYmNzd3a+5z4LKAAAAAAAAgNuJwXH1MgcAAAAgD35+fpKkS5cu5Xg9NDRU7u7ucjgcslqtcnd3lyR99dVXqlixojZv3qz58+crMTFRDRo00MSJE1WzZk1J0rFjxzR9+nRFR0erUqVKev755xUaGipJSk5O1vTp07Vnzx4ZjUY98sgjevLJJyVJDodDn3zyiVavXi2r1arQ0FCNGzfOuV3ztfZZUNmoUaN04MAB2e122e12ubm5qWbNmlqyZElJDjsA4CbL7+cdAAAAANxOSAADAACgUAUlgLdv314aIQEAcMORAAYAAABQFrAFNAAAAAAAAAAAAACUESSAAQAAAAAAAAAAAKCMIAEMAACAa8b2zwAAAAAAAMCthQQwAAAAAAAAAAAAAJQRJIABAABQKF9fX0lSZGRkKUcCAEDJyP4Zl/0zDwAAAABuVySAAQAAUKj69etLkqZNm6aoqKhSjgYAgBsrMjJS06ZNk/T/f+YBAAAAwO3K4HA4HKUdBAAAAG5t69ev12OPPVbaYQAAUOJWrlypbt26lXYYAAAAAHDNWAEMAACAQj3wwANavny5QkJC5OPjU9rhAABwQ1WoUEHt2rXTihUrSP4CAAAAuO2xAhgAAAAAAAAAAAAAyghWAAMAAAAAAAAAAABAGUECGAAAAAAAAAAAAADKCBLAAAAAAAAAAAAAAFBGkAAGAAAAAAAAAAAAgDKCBDAAAABK3cKFCzVixIjSDuOamc1mvfrqq/rkk09uaLt79uxRr169dO7cuRvaLq7f7t271blzZ9lstpvWJ/MBAAAAAAAUhVtpBwAAAIBbm8Vi0dKlS7V06VL985//lMPhkNVqVVpamiZNmnTN7R49elTvv/++Pv74Y3Xs2FERERE3MOqby9fXV40bN1ZKSsoNbTckJETly5e/oW1eL7vdrvDwcM2bN0/+/v4l1s/p06c1f/58RUZGqlOnTsrKytKJEyf00EMPKSwsrMT6Lap27drJze3m/nPqRs2HvXv3at68eZo4caLq1avnfP2HH37QBx98oA4dOshkMunixYsaNWqU7rrrLn311VeaPXu2xowZo759+8rV1fW64wAAAAAAACJGf0EAACAASURBVCWDFcAAAAAokMlkUlhYmFxdXfXCCy9o9OjRGjdunNq3b39d7daqVUtjxoxxfu/icvv/p2lJ3MOtNi4uLi6aPHmyKlasWKL91KhRQyEhIapVq5ZeeOEFjRs3TkOGDNGMGTNKtN/iMBgMMhgMN7XPGzEf4uPj1bdvX/3www85Xn/wwQfl6empAQMGaOLEiWrTpo1mzJghd3d3PfDAA846JH8BAAAAALi1sQIYAAAAxfbnn3+qW7dukqSdO3fqxx9/lL+/v/z9/TVw4ECdOXNGCxcuVLVq1XT27Fn17dtXP/74o+Li4lStWjUZDAY1btxYc+fO1bfffitJSkxM1IwZM3T8+HHVr19fo0aNkiS9/vrrqlatmg4cOKCJEyeqSpUqzjisVqumTZsmf39/nThxQv/+9781e/ZsmUwmvfDCC1q2bJk2b96shQsX5oj/rbfe0smTJ1W7dm399ddf6tevnwYMGKDo6GgtXbpUVapUUUxMjJ555hmZTCa98sorKl++vFxdXRUVFaV+/frp/Pnz2rNnjx566CENGjRIknTw4EFNnTpVMTEx6t+/v7p166b33nsvx30//fTT+uijj3TXXXcpOjpa48aNk5+fX474Pv74YyUnJ8vPz09ms9n5+ocffigPDw+dOXNGjzzyiJo1a+Ysi4yM1OjRo7Vq1SolJibqzTff1FNPPaU6depo9uzZqlmzphITE/Xiiy/qP//5T55jdPLkSX3xxRfy9fXVyZMnNXXqVG3evFkff/yxevfurYiICD333HN65ZVXNHfuXFWvXl1bt27V7t275evrq4SEBI0dO1ZeXl457ueHH37QwYMHZbVa1aBBA917772aMGGCAgIC5OLiosjISP373//OcT95OXv2rOrXr59vu/369dORI0e0cuVKBQQEKCkpSePHj9f777+f4xlc/YsHed3zhg0b9OGHH6pz5846fPiw7rrrLgUHB+uvv/7S2bNnNW/ePPn6+spgMOjjjz9WTEyMbDabJk+eLB8fH/33v/+Vi4uLoqKi1KdPH3Xs2FGLFy9WYmKiLBaLevbsqaZNm+aYu1OnTtW5c+dyxeLq6prvfPjkk09ktVplsVgUEBCgIUOGaMOGDTme1+zZs3OMYUZGhlxcXHTvvfdq0aJFGjlyZL4J3WrVqun8+fMFPhMAAAAAAHDrIQEMAACAIrHZbJo1a5akK9sAN2/eXJL05Zdfavjw4QoODtbJkyclSe+8846efvpptWzZUnFxcYqPj1dISIg2bdqksWPH6uDBg6pWrZrmzp3rbN/X11djxoyR3W7X0KFDFRERoTZt2mj48OGqWrWq5syZo127dqlfv37Oa44cOaLLly9r0qRJOnv2rLy8vNSkSROdOHFCktSxY0dt3rw517107NhRdrtdr732mg4dOqRp06ZpwIABevfddzVmzBjVr19fu3fv1owZM/TBBx+oUaNGqlWrlvr27atly5YpNjZWL730ko4dO6bXX3/dmQBu2LChnnnmGV28eFGPP/64OnbsmOu+ly9frhYtWqhXr15asmSJVq9erSFDhjhj2717tw4fPqyZM2dKkjP+3bt3y2w2a/Lkydq/f78WLlzofB6SFBwcLE9PT0lXVldXrVrVeX3jxo01cOBAnTx5UkajMd8x8vf31/PPP69y5cpp2LBhOn36tNq2bavZs2fr8ccfV0hIiBo2bKgKFSpIkpKTk/XRRx9p5cqVcnV11fz58/Xll19q8ODBzriSk5P12Wef6fPPP5fNZlPv3r3Vp08fNWzYUHfffbd69+6tzz//XJs3b84zARwTE6NZs2bp4sWLioyM1EsvvVRgux988IEmT56satWqafTo0frrr79yPYOr5XXPoaGhmjt3riZMmCCr1apevXpp/PjxGjJkiF555RX98ccf6ty5s+x2u5555hm5urpq5syZ+uKLLzR8+HD17NlTVatW1a+//qr169erY8eO+vLLL7VmzRrZbDbFx8fnmruurq55xhIXF5fnfNizZ49OnDih6dOnS5KeffZZhYSE5Hpef7dz5061adNGPj4+qlu3rn777Td16NAhVz2Hw6Fff/1VrVu3zlUGAAAAAABubSSAAQAAUCTZW0BL0sqVK52vt2rVSq+++qrCw8PVu3dv2e12HThwQA0bNpQkBQYGKjAwUFu2bJGHh4ckqXHjxjlWMl7NxcVFTZo0UVRUlJo1a6Z169bJZDIpKipKlSpVylG3Zs2aOnbsmKZMmaLw8HBVq1at2PcVEBCgjIwM2e12HTp0SLVr15Yk1a9fP1eyUJIqV66s6OhoSVL58uWVkZGRq072aujTp09LUo77XrBggeLj4xUXF6eLFy+qRo0aOa49cOCAGjVqlKvNI0eO6Pz581q4cKEyMjKKfP5us2bNNGHCBJnNZvXv37/AuhaLRV999ZUqVqyoS5cuKSsrS9KVZ+Lm5qbGjRvnqB8dHS1/f3/nCtL69etrw4YNOeqcPHlS6enpWrRokaQrieq/n5UcEBDgHKu/y94CWpIuXbqk4cOHa/z48fLy8srVbnJyso4cOaIffvhBBoNB5cuXV2ZmpqScz6Ao95zNzc1NFStWdD7n/J55s2bNnFsq7927Vxs2bFB8fLyz/+DgYI0cOVLh4eHq3LmzfHx8cs3dvGLJbz4cPHhQtWrVcn5/9913O3+xIr/nJUn79u3T4cOHJV3ZwvqHH37IlQBesWKFvLy8dNddd+mxxx7L87kAAAAAAIBbFwlgAAAAFNujjz6q1NRUubm5adCgQWrdurU+//xz7dy5U++//76kK6uEr5XNZpOHh4e+/vprubm5aeDAgUpKSspVz8fHR0uXLtXmzZv10ksvaerUqdfcZzaHw+H8+3rOd82+h7x06dJFoaGheZZlZWXJ3d09z7KGDRtq6NChxYqjWbNmWrx4sVavXq1hw4bpiy++yLfuBx98oEGDBqlZs2b66aefitR+9nhlf53XmPn6+hY77rz4+fmpefPm2rNnjzp16pSr3exYBg4cKJPJ5Hx9y5Yt+bZ5Lfecl+znfeTIEW3atEmzZs3Srl27nFucv/POO9q9e7c++eQTnT59WoMHD841dz///PNcsRQ0H64e+6K4fPmyatas6fxFgOTkZPXr10/Jycny8fFx1hswYECeyWMAAAAAAHB7cCntAAAAAHB72rZtmy5evKg9e/YoODhYkyZN0okTJ+Ti4qJGjRpp165d19Suw+HQ4cOH1axZMyUmJjoTeXklu44fP6709HT16dNHvXv3VnR0tIxGY64VpkWRHXf26t5jx47lufKyKMxms9LT0/NckVyvXr0Cx6ZevXrav39/nq9HRETIZrPle63RaFRqamqO1/bs2aPAwEA988wzqlatmhISEvIdo8LG+++CgoKUkJAgq9UqKe8xq1Wrls6ePau4uLhC2yuM3W7X0aNHVbdu3TzbNRgMhY7v3xX3nvNz6NAhNW/eXJcuXcqRfM62b98+/eMf/9Bzzz2n48eP5zl384olv/nQuHFj51yVpKNHjxaatP3pp59ybAudvQ30tSS+N2/erISEhGJfBwAAAAAASp7rlClTppR2EAAAALh1WSwWffvtt/rjjz90+fJl7d69W7/++qs2b96s3r17a82aNfr999+1c+dOdenSRcHBwWrSpIkWLVqkHTt2aN++fQoMDNQvv/yiY8eOqWHDhvL399e6deu0a9cu1a1bV1WqVNHvv/+uEydO6Mf/x96dh2lV0P0f/8yCwDjAsMnmAq4QyqLhgv0yKi3r0itNC0tTM/PKyrRHu3zcTUnbNHIp3DIfd7PEfV9KBARBNkVlE8UFZcCJZWCYmd8fPs4lAgJiz+Dx9frncM/c9znf+z5n+GPec8554IEMGjQo++yzTzbffPOMGDEic+bMyYIFC/Lqq6/mc5/7XMrL372QzYIFC/KnP/0pc+fOzdy5c3PYYYela9euufbaazN58uTMnz8/kyZNyq677ppOnTo1vac777wzM2fOzO67754JEyZk1KhR2XPPPTN48ODcdNNNmTVrVp5++ukcf/zxSZJ//OMfWbx4cfr06ZMHHnggs2fPzoABAzJu3LiMGTMmgwYNSsuWLTNx4sS88MILuf/++/PDH/4wW265ZUaOHLnK+95+++1zzz335IknnsjUqVPTpUuXtG/fvmm2bbbZJuPHj8/IkSMzderUzJ49O+3bt8++++6bWbNm5bbbbsvUqVNTUlKy2uWjFy9enKuuuiqvvPJK5syZk8WLF6d169YZOXJknn/++VRUVOSrX/1qqqqq1vgZtWvXLldeeWVee+21pvvS1tbW5vHHH892222XrbbaKuPHj8+DDz6YysrKDBgwIF27ds1tt92W559/Pm+99VaOOeaYVc5YbdmyZaqqqjJixIhMmTIlr7/+erbaaqv8/e9/z7JlyzJgwIDcc889efnll7P33ns33cd47ty5GTlyZGbOnJk33ngjo0ePzsiRIzNgwIB861vfSqtWrVZbb9++fbPddtvlmmuuycSJEzN9+vTstNNOue+++1bZB++3cuXK1d7z8uXL8+ijj6Zv376prq7Ovffem44dO6aqqip33XVX6urqsscee+SFF17IrFmz8tRTT2XZsmU5+uij06lTp9x8882ZNGlSampqMnXq1Oyxxx4ZMWJE5s2bl4kTJ+bggw9OWVnZasdueXn5arMceOCBazwevvzlL2fmzJkZN25cnnzyyeywww7Zb7/9MmbMmFX213vGjx+f66+/Pu3atUvv3r2TJFOnTs3TTz+diRMnpnPnzpk1a1Yee+yxtGjRIl26dElVVVWSd89CvvPOOzNu3Lh06NAhvXv3zoUXXpiePXtmyy233Oj/YwAAAICPV0njxvyZOwAAAAAAAACbDJeABgAAAAAAACgIARgAAAAAAACgIARgAAAAAAAAgIIQgAEAAAAAAAAKQgAGAAAAAAAAKAgBGAAAAAAAAKAgBGAAAAAAAACAghCAAQAAAAAAAApCAAYAAAAAAAAoCAEYAAAAAAAAoCAEYAAAAAAAAICCEIABAAAAAAAACkIABgAAAAAAACgIARgAAAAAAACgIARgAAAAAAAAgIIQgAEAAAAAAAAKQgAGAAAAAAAAKAgBGAAAAAAAAKAgBGAAAAAAAACAghCAAQAAAAAAAApCAAYAAAAAAAAoCAEYAAA+oqUnnpjlf/hDc48BAAAAAE0EYAAA2EArH388jYsWpaSqKg2LFqVx0aKsfPzx5h4LAAAAAFLS2NjY2NxDAADA/5Wampoce+yxqayszBlnnJErr7wyv/rVrzZsHQMGpH7SpJT27JkkaZgzJ2X9+6fts8/+J0YGAAAAgPUmAAMAsF7mzp2ba6+9Ns8991y6du2aqqqqLFiwIJ/97Gdz5JFHbtS677333vTp0ye9evX6mKZduwcffDBLly7NCy+8kLvvvjsnnnhivvnNb27welY+/ngWH3RQkmTzv/wlLb7xjY97VAAAAADYYAIwAADr9Morr+QHP/hBWrduncsvvzzdu3dPkqxYsSLnnHPOBp9B+35z587N4YcfnnPPPTdDhgz5uEZeqxUrVqSsrCxlZWWpq6tLixYtNngdjYsW5d9DhqSsf/80LlqUhpdfTpvHHktJVdV/YGIAAAAAWH/lzT0AAACbvhtuuCFLlizJ4Ycf3hR/k2SzzTbLscce2/T4xhtvzEMPPZT27dunvr4+p556alq3bp2f/OQnmTNnTvbaa6+88cYbef3113PkkUfmS1/6Us4777w0NDTktttuS21tbcrKyvKb3/wm7dq1y7Bhw3LhhRdmyJAhOfDAA3P66aenV69eGT9+fDp16pTzzz8/lZWV+dWvfpXS0tJUV1enf//+Oeqoo/LEE0/kL3/5S6qqqrJ8+fKcc845GTVqVC666KJ0794922yzTSZOnJiuXbvm4osvTufOnXP11Vfn1VdfzYoVKzJlypQcddRROfjgg9f4mZTvs09an3NOkmTZ/y4BAAAAoLmVNvcAAABs+qZPn54k6fm/97x9v/cu2zxt2rRcfvnlGTJkSH79619nypQpueiii1JVVZVBgwYlSQ455JD86U9/ysqVK/O3v/0t3bt3b/reoYcemv333z/77bdf2rVrl4ULF+b222/Pfvvtl5KSkrRs2TI///nPc8opp2To0KGZNGlSHnvssYwdOzZPPPFEjj/++Fx00UXZZptt8s477+SXv/xldthhh5xxxhmZMmVKbr311uy7775Jkvbt2+e3v/1tDj744MyZMydPPfVUkmTQoEE5++yzM2zYsDQ0NOSaa65Z4+dRUlWVij/8ISVVVav8GwAAAACamzOAAQBYp4aGhiRJSUnJWp8zbdq0JEmnTp3SokWLtG/fPlOmTFnlOaWlpamsrExVVVWWLVv2odssLS3N6aefniRZunRpli5dmltuuaXp30lSW1ubHj16pK6uLoccckj22muvHHvssZk5c2aWL1+eadOmZfjw4enVq1fef+eT0tJ3/w5yq622SpIsX748ybuXuv7rX/+abt26ZcWKFU3vGwAAAAA+KZwBDADAOvXp0ydJMmvWrNW+N3r06FUevxdaGxoaPjQYb4iKiopccMEFue+++/Kzn/2s6Uze5N0zkC+77LIMHjw4Tz31VE477bSm7Q4aNCjnnXde/ud//icnnHDCh25j2rRpueCCC9K5c+ecfPLJadOmzccyOwAAAAD8XxKAAQBYpyOPPDJt27bNbbfdlnnz5jV9va6uLrfeemuSZOedd06SVFdXZ8WKFVm0aFH69u27znW3aNEiSdZ5RvDixYuTJJWVlat8/cknn0xFRUWGDRuW0047LUuXLs3222+f1q1bZ+LEiamrq1uv97hkyZI1rh8AAAAAPknKzjnnnHOaewgAADZtbdq0yRe/+MW89dZbuf766zNmzJg8/fTTufvuu7PTTjvls5/9bDp37pzWrVvnoYceypNPPpktttgip5xySpLk+uuvz1tvvZXOnTunsrIyI0eOTF1dXfr165c+ffpk3LhxGTt2bOrq6lJTU5OHHnooK1asSEVFRVNYbtOmTZ555plMmDAhNTU1mTFjRlauXJnddtstw4cPz/Tp0zN58uQceeSR2WmnnbLddttl/Pjxuf766zNlypS0bt06s2fPzhNPPJHGxsb8v//3/3LXXXdl9uzZKSkpydChQ/P888/n6aefzuuvv57XX389NTU16dOnT7bccsvm/PgBAAAAYL2VNL7/ZmgAAAAAAAAAfGK5BDQAAAAAAABAQQjAAAAAAAAAAAUhAAMAAAAAAAAUhAAMAAAAAAAAUBACMAAAAAAAAEBBCMAAAAAAAAAABVHe3AMAALDpe+aZZ5p7BAD4j9ttt92aewQAAICNJgADALBe/FIcgCLzx04AAEBRuAQ0AAAAAAAAQEEIwAAAAAAAAAAFIQADAAAAAAAAFIQADAAAAAAAAFAQAjAAAAAAAABAQQjAAAAAAAAAAAUhAAMAAAAAAAAUhAAMAAAAAAAAUBACMAAAAAAAAEBBCMAAAAAAAAAABSEAAwAAAAAAABSEAAwAAAAAAABQEAIwAAAAAAAAQEEIwAAAAAAAAAAFIQADAAAAAAAAFIQADAAAAAAAAFAQAjAAAAAAAABAQQjAAAAAAAAAAAUhAAMAAAAAAAAUhAAMAAAAAAAAUBACMAAAAAAAAEBBCMAAAAAAAAAABVHe3AMAAPDJ8MwzzzT3CAAAAADAOpQ0NjY2NvcQAAAAAAAAAGw8l4AGAAAAAAAAKAgBGAAAAAAAAKAgBGAAAAAAAACAghCAAQAAAAAAAApCAAYAoNldffXV+dGPfrTBr5s9e3Z++tOf5t577/0PTPV/b9SoUTnqqKNy1113NfcoG+zWW2/NN7/5zeYe42P3UY/NDzN79uwcf/zxhTluAQAAgE2LAAwAwIdaunRprrjiinz+85/P8OHD84c//CG/+93vct55523Uel966aUcd9xxSZK99977I62jV69e6dWr10bN8VFMnjz5P7LeHj165M9//nMmTJiQ8847L/X19R/r+v/+97/nkksu+VjX+Z4vfelL/5H1NrePemx+mOY6bj9MQ0NDvvWtb2XBggXNPQoAAACwkcqbewAAADZtFRUV+cpXvpKbbropP/vZz5q+/tBDD23UerfZZpucdNJJTY9LSz8Zf5s4derU/POf/0y/fv0+9nX37NkzSXL22Wd/7OtOkn322Se1tbVr/N6ECROy4447prKy8iOtu6ysbGNG26T9J47NTe14Ly0tzVlnnZUOHTo09ygAAADARhKAAQDYYJMmTcq+++6bJBk9enQeeOCBdOzYMR07dsx3vvOdvPrqq7n66qvTo0ePzJs3L9/4xjfywAMP5M0330yPHj1SUlKSvn375vLLL88dd9yRJKmurs7FF1+cmTNnZscdd8wJJ5yQJDn33HPTo0ePTJkyJaeeemq6deu21rnuv//+zJkzJwsXLswWW2yRY445ZpXvL1u2LMOHD0/79u2zfPnybLHFFhk6dGiuuOKKrFy5MkuXLk2nTp1y1FFH5Z577snll1+eIUOGZPr06enatWtOP/303HTTTZk/f35uv/327Lzzzjn55JMzdOjQPProo7nwwgtz+eWXrzbvtddem+rq6ixdujRf//rXM3DgwPzxj39My5Yt8+qrr+bQQw9NeXl5TjnllAwZMiTz5s3L22+/nUsvvTTt2rXLlVdemdLS0rz44os58MADVzsrdU3v+4P75ZBDDsm1116bJUuW5KyzzsqKFSvym9/8Jt26dcszzzyTHj16ZNddd83555+fOXPmpGfPnpk6dWoOOuigfPvb317jNhYvXpzf//736dy58yrzzJkzJzfffHOqqqoyZ86cDBs2bLVA/GH7deXKlbngggvSsWPHzJo1K8OGDcuDDz6Y22+/Pddee22eeeaZ/Pd//3fuuOOOVFRUNL1ubbMvXrw4l1xySTp37pxXX301X/nKV7LXXnvlV7/6VV588cX06tUr06ZNy+DBg1NeXp5nn302nTp1yoUXXrjWY/PBBx/MiBEjcsABB2T8+PG59NJLV9unH/wjgcceeyyPPfZYtt5660yfPj19+vRJkg993fTp03PiiSfmtttuS3V1dc4777wcffTR2WOPPdb7M5o/f/5q+2PGjBmrHLvHHHNM0/G75ZZbZvbs2bn++uvTrVu3vPzyy/nhD3+Yrbbaaq0/ewAAAMCmQwAGAGC91NfXZ/jw4UnevVxs//79kyR/+9vfcuyxx6Z3796ZM2dOkuTXv/51vv/972fgwIF5880389Zbb2XQoEF5+OGH8/Of/zzTpk1Ljx49cvnllzetv6qqKieddFIaGhpyzDHHZPz48fnsZz+bY489Nt27d89ll12WMWPG5KCDDlrrjP369ctXv/rVLFu2LIceeuhqAfimm27KFltske9///tJkkceeSTjxo3LrFmzmmLfcccdl0GDBmXvvffOlVdemZNPPjn19fXZf//9s2LFiuy66655/fXXm+53W1VVlT333DOf+9zn0qpVqzXO+7e//S133nln6uvr89Zbb2Xs2LFZtGhRzjrrrEyePDlXX311hg8fng4dOmTo0KHZcsstc/LJJ2fixIn5whe+kK9//evp3r17nnrqqdx///2rBeA1ve8P7pfNNtssu+66a/71r38lSe67775svvnmOeaYY7LTTjvl7rvvTvLuJY8bGhpyxhln5LnnnssFF1yQb3/722vcxvXXX5+ePXvmyCOPzIIFC/LII48kSTp27Jif/OQnqayszA9+8IO88sorTWc3v+fD9usLL7yQmpqanHnmmZk3b17KysoycODA3H777UmS3XbbLS1btlxt/69t9htvvDHbbrttUww+/PDDc/PNN+dzn/tcamtrc/bZZ2f69On55S9/mRtvvDH19fU58MAD884776z12Nx9991z6aWX5vDDD8+gQYPWuk/fU1NTkz/84Q+55ZZb0qpVqyxcuDBJ1vm63r17p1WrVknePWu+e/fuG/wZrWl/7LTTTqscux06dEi7du2atvub3/wmJ510UnbccceMHTs2F198cS666KLVPnMAAABg0yMAAwCwXsrKypouAX3rrbc2fX3XXXfN6aefnqFDh+aAAw5IQ0NDpkyZ0nR2Y5cuXdKlS5c89thjTUGqb9++WbRo0Rq3U1pamp133jkvvvhi+vXrl3vvvTcVFRV58cUXVzvT9IPmz5+fu+66K23atEldXd1q3580aVKGDh3a9PhLX/pSrr322myzzTZNX9thhx2aAvX733tVVVWWL1++xu22bNkyW265ZVasWJFbbrlltXl79+6d448/PkOHDs0XvvCFPPzww3njjTdy9dVXZ/ny5enYseNq6+zUqVPT9p555pk8+OCDeeutt7JixYr1et8f3C8f9MYbb6R9+/ZJ3g2cNTU1HzrDmrYxefLkHH300au9bunSpbn99tvToUOHLFy4cLV9sWLFig/dr1tvvXVmzJiRc845J0OHDl1lX6yv988+bdq0HHbYYUmSysrKbL755nnllVdWeX7nzp2bnl9WVpbNN998tf39/mNz++23T2lpacrLy9O3b99cd911H7pPX3rppXTv3r0p5r7nhRdeWOexsCYb8hl92P5479h9v4aGhjz33HNN0X7HHXfMtGnT1msuAAAAoPkJwAAAbLBvfetbWbJkScrLy/Pd7343u+22W2644YaMHj06v/vd75K8G5E+qvr6+rRs2TJ///vfU15enu985ztNZ2OuTWNjY84555ymOP3Xv/51rete02s/Dmub99e//nXGjh2bK664oik89unTZ7UzlNfkhRdeyMMPP5zhw4dnzJgxTZfMfv/sa3rfH9wvHzx7s2fPnhk9enSSdy/Z/JnPfGatM6xtGytXrlzjvWwvuuiixLvO4AAAIABJREFUfPe7302/fv3y6KOPrvb9de3XNm3a5Prrr88jjzySU045JcOGDftY703b2NiYkpKSj/Ta947NNfmwfVpXV7fWba7vsfB+G/IZrWt/rM17Pxcb83kBAAAA//dW/20NAACsh3/+859ZsGBBxo0bl969e+fMM8/MrFmzUlpams985jMZM2bMR1pvY2Njnn/++fTr1y/V1dVN93hdV6RdsWJFli9fnhYtWqz1ubvssstqc/Xt2zezZ89uevzSSy+lb9++a91OSUnJGs8uTrLWeSdMmJDBgwfnxz/+cWbOnJntt98+48ePX2OM/qCFCxeucp/bD1rb+/7gfvmg3XbbLdXV1bnmmmvy5ptvNl0We0O2sf3222fy5MmrPX9d+21d3585c2Zqa2tz4IEH5oADDsjs2bOz2WabZcmSJWud8cP07du36TNYsmRJlixZstpZr+vj/cfmB61rn2677baZPXt2li5dukGvS7LG974hn9GG/BwlafoZfu/nYsaMGU1/IPDII4/k7bffXuc6AAAAgOZTds4555zT3EMAALDpWrp0ae644448++yzqampydixY/PUU0/lkUceyQEHHJA777wzEydOzOjRozNkyJD07t07O++8c6655pqMGjUqEyZMSJcuXfKvf/0rM2bMSJ8+fdKxY8fce++9GTNmTLbbbrt069YtEydOzKxZs/LAAw9k0KBB2WeffbL55ptnxIgRmTNnThYsWJBXX301n/vc51Je/u6FbGbPnp377rsvS5cuzS677JLXXnstI0eOzNtvv51p06alT58+TfdMTd69FPOjjz6au+++O88880waGxszePDgzJw5M+PGjcuTTz6ZHXbYIfvtt1+efvrpPPbYYxk4cGCqq6tz9913Z9ttt812222Xa6+9Nu+8807at2+fO++8M23atEmfPn3Spk2bNc578cUXZ968eZk4cWIOPvjg7Lrrrpk1a1Zuu+22TJ06NSUlJamvr8/IkSPTpUuXdOzYMSNHjkxdXV2+9rWv5ZZbbsmkSZNSU1OTqVOnZo899kjbtm2TJOXl5Zk5c+Zq7/tf//rXKvulW7duufvuuzNz5sz07t07b7zxRm6++eY8++yzmTJlSkaPHp3Bgwfn4YcfzsyZM7P77rtnwoQJGTVqVPbee+9UV1evto3Pf/7zufHGGzN69Oi89NJLee655zJgwIB06NAhV155ZV577bWm+9MOGDCgaT+sa78uWLAgf/rTnzJ37tzMnTs3hx12WDp06JAxY8bknnvuyWuvvZbnnnsuPXr0yHbbbde03jvvvHO12ffcc8/sueeeuf/++zNjxow88MADOeKII7Lttttm5MiRmTFjRgYMGND0/J133jnz58/Pfffdl2222SY9e/Zc47E5ZsyYPP7449luu+2y1VZbpUePHqvt06222mqV91xWVpYRI0ZkypQpefnll/POO+9k6NChmT179lpflySLFy/OVVddlVdeeSVz5szJ4sWL07t37/X+jLbeeuvV9kfbtm1XOXYnTJiQBx98MJWVlfnMZz6Tvn375qabbsqsWbPy9NNP5/jjj0+7du1ywQUXpGfPnh8poAMAAAD/N0oaP67r3QEAAJ8Yjz/+eBoaGvLFL34x9fX1+e1vf5sddtgh3/zmN5t7NAAAAAA2gktAAwDAp9BDDz2U3r17J0nKysrS0NCQHj16NPNUAAAAAGwsZwADAMCn0IQJE3LfffelS5cu+fe//51OnTrliCOOaO6xAAAAANhIAjAAAAAAAABAQbgENAAAAAAAAEBBCMAAAAAAAAAABSEAAwAAAAAAABSEAAwAAAAAAABQEAIwAAAAAAAAQEEIwAAAAAAAAAAFIQADAAAAAAAAFIQADAAAAAAAAFAQAjAAAAAAAABAQQjAAAAAAAAAAAUhAAMAAAAAAAAUhAAMAAAAAAAAUBACMAAAAAAAAEBBCMAAAAAAAAAABSEAAwAAAAAAABSEAAwAAAAAAABQEAIwAAAAAAAAQEEIwAAAAAAAAAAFIQADAAAAAAAAFIQADAAAAAAAAFAQAjAAAAAAAABAQQjAAAAAAAAAAAUhAAMAAAAAAAAUhAAMAAAAAAAAUBACMAAAAAAAAEBBCMAAAAAAAAAABSEAAwAAAAAAABREeXMPAADAJ1tjY2OWLVuWZcuWZeXKlamvr09jY2Nzj/WJV1JSkrKyspSXl6d169Zp3bp1SkpKmnssAAAAADZxJY1+OwcAwEfQ0NCQmpqa1NbWNoXKsrKylJSUpKSkJI2NjZYbuWxsbEx9fX3q6urS0NCQVq1apW3btiktdSEfAAAAANZMAAYAYIPV1tZm4cKFadmyZVq0aNHc43xq1NXVZfny5Wnfvn1atWrV3OMAAAAAsAly6gAAABukuro6CxcuTEVFRVq0aNF0uWfL//yyRYsWqaioyMKFC1NTUxMAAAAA+CBnAAMAsN4WLVqUN954I127dnUZ4mbU2NiY119/PV26dEn79u2bexwAAAAANiF+awcAwHpZvHhxXn311XTs2DGlpaWbxBmxn9ZlSUlJOnTokHnz5mXx4sUBAAAAgPc4AxgAgPUyZ86clJSUpKqqqrlH4X8tWrQojY2N6dmzZ3OPAgAAAMAmwhnAAACs08qVK7NkyZK0a9dukzgD1vLdZbt27bJkyZKsXLkyAAAAAJAIwAAArIeamppUVFQ0Pd6QSHnVVVflwgsvXK/nH3nkkZk4ceKHPu+iiy7KX//61w2e4z+9fOihh3LyySev8vWGhoYMHz48l156aVasWPGxbzdJKioqUlNTEwAAAABIXAIaAID1MGvWrFRUVKRVq1ZN96Bd3+WVV16Z6urq/OIXv1jn8995551UVFRks802W+vzFi9enNLS0rRu3Xq952hoaEhpaekGzb2hy9ra2tTV1aWysrLp63PmzMmSJUuy8847/8e2u2zZstTW1qZXr17NfZgAAAAAsAkob+4BAADY9C1btuxjufzz/Pnzc9xxx+VHP/pRHn/88VRXV2e77bbLf/3Xf6WkpCQnnnhiTjjhhAwcODDTpk3LFVdckerq6nTs2DE/+tGPstNOO+WKK65Ip06dcsQRR2T58uW57LLLMnny5DQ0NKRXr1458cQTU1VVlYceeihPPvlkNttss7z55pv54x//uMo806dPz4gRI7JkyZLU19dnjz32yDHHHJOysrI899xzueqqq7J48eK0aNEihx56aPbZZ580NjbmgQceyD/+8Y/U19enrKwsBx10UL7yla/kn//8Zx588MH89re/TWNjY+6+++7cc889aWhoSOvWrXP00Uenf//+eeutt9b6GbxnQz7XzTbbLNXV1R/7PgcAAADgk0kABgBgnd472/T9/17f5fvXUVZWlhUrVuSdd97J+eefn2XLluXYY4/N5MmT069fv6bnLl68OOedd15OPfXU9O/fP48++miGDRuWv/zlL6vEzzvuuCPz5s3LFVdckZKSkvzyl7/MLbfckuOOOy4tWrTIc889l1NOOSW77777anNdddVV2X///bPvvvumrq4ul156aV5++eV07tw55557bn76059m7733zmuvvZaTTjop22yzTbp27ZrLLrssI0aMSNeuXfP222/n8ssvz5AhQ1Z5n5MmTcrNN9+ciy++OJ06dcrEiRNz/vnn5+qrr05paWlWrFiRRYsWZdiwYVmyZEl++MMfZtKkSRkwYMAGf77v/RsAAAAAEvcABgBgA2zMvWrf//gLX/hCkqR169bp1q1b5s+fv8rznn322VRVVaV///5Nzx8+fPgqETpJDjrooJx77rkpLy9PWVlZdtlll7z22mtNcbSioiKDBg1a41ydOnXK6NGjM3369JSWluakk05Kr169Mnny5LRp0yaDBw9OY2NjunXrlt133z2jRo1KixYtUlVVlfvvvz+vvvpqOnXqlLPOOistWrRYZf6nnnoqe+yxRzp16pQkGThwYNq2bZupU6c2PWfIkCFpbGxMRUVFunXrlrfeeusjf77vD+0AAAAAfLo5AxgAgHUqLy/PypUrU15e/pHuVZusGoNbt269yhms9fX1qzxv4cKFqaysbHpcWlqadu3arXZG8euvv54bbrghb775ZkpLS7Nw4cJsueWWTd+vqqpa61w//elPc/vtt+eyyy7L22+/nS9/+cv53ve+l+rq6rz99tv5/ve/37Sturq6DB48OKWlpRk2bFjuuOOOnHnmmSktLc2hhx6ar371q6vMv2jRovTo0aPpcUlJSdq0aZNFixY1Pa9Vq1arfH/lypWrPF7f5cqVK1cL0AAAAAB8egnAAACsU+vWrVNXV5eysrIkG38G8Lqe165du7zzzjtNX29oaMjcuXOboup7fv/732fnnXfOL37xi5SUlOS2227L1KlT12u7rVu3zuGHH57DDz888+fPz/nnn5+uXbumQ4cO6d69ey655JLVPofGxsb06NEjP/7xj5Mk06ZNy7nnnps+ffqs8ryqqqpVYm9jY2NqamrSvn37Nc61vp/PmpZ1dXVp2bLlarMCAAAA8OnkEtAAAKzT5ptvntra2iQbH3/X9bixsTH9+/fPokWLMnbs2DQ2NmbUqFE544wzVjsD+J133sn222+fkpKSzJs3L6NGjWqac03rfW9ZV1eXk046KbNnz05jY2M6duyYtm3bprGxMbvsskuqq6szbty4JMnSpUtz6aWXZubMmZk1a1ZOO+20/Pvf/05jY2O23HLLprOi37/+wYMH5+mnn266rPO4ceOydOnS9O3bd6Mj+QeXtbW1adOmTQAAAAAgcQYwAADroU2bNnnjjTfStm3bNV7WeWOXH1RZWZnTTjst11xzTS677LK0b98+p556akpLS1d53RFHHJHrrrsut9xyS7beeuscd9xxGTZsWEaMGLHKWbkf3F55eXkOOeSQ/P73v09tbW1KSkrSv3//fPnLX85mm22WM844I9dcc02uuuqqNDQ0ZO+9984222yT0tLS7LLLLvn5z3+exsbGlJeXZ+jQodl6663z4osvNm1vl112ydChQ3P22WenoaEhlZWVOf3007P55ptn+fLlq821tjnXtayvr8+yZcuy9dZbr3nHAQAAAPCpU9K4tt+6AQDA+8yaNSslJSWprKzc4HsAW/5nlv/+979TWlqanj17NvfhAQAAAMAmwiWgAQBYLz169MiSJUuyYsWKj/0MYMuPdu/fpUuXrnZfZAAAAAA+3QRgAADWS8uWLdOjR48sWrQoK1eu3CQi6Kd1uXLlyixcuDA9evRIixYtAgAAAADvEYABAFhv7du3T1VVVaZOnZply5ZtEjH007ZctmxZpk6dmk6dOqV9+/YBAAAAgPcTgAEA2CA9evRIv3798uKLL+bNN9/cJKLop2U5f/78vPjii+nfv3+6dOkSAAAAAPigksb3fqMEAAAboLa2NpMnT05NTU3atWuXtm3bplWrVmnRokXKysqae7xPvPr6+tTV1aW2tjY1NTVZtGhR2rVrl379+qVVq1bNPR4AAAAAmygBGACAjVJdXZ0FCxZk4cKFWbp0aWpra1NfX9/cY33ilZWVpVWrVqmoqEhVVVU6deqUDh06NPdYAAAAAGziBGAAAAAAAACAgnAPYAAAAAAAAICCEIABAAAAAAAACkIABgAAAAAAACgIARgAAAAAAACgIARgAAAAAAAAgIIQgAEAAAAAAAAKQgAGAAAAAAAAKAgBGAAAAAAAAKAgBGAAAAAAAACAghCAAQAAAAAAAApCAAYAAAAAAAAoCAEYAAAAAAAAoCAEYAAAAAAAAICCEIABAAAAAAAACkIABgAAAAAAACgIARgAAAAAAACgIARgAAAAAAAAgIIQgAEAAAAAAAAKQgAGAAAAAAAAKAgBGAAAAAAAAKAgBGAAAAAAAACAghCAAQAAAAAAAApCAAYAAAAAAAAoCAEYAAAAAAAAoCAEYAAAAAAAAICCEIABAAAAAAAACkIABgAAAAAAACgIARgAAAAAAACgIARgAAAAAAAAgIIQgAEAAAAAAAAKQgAGAAAAAAAAKAgBGAAAAAAAAKAgBGAAAAAAAACAghCAAQAAAAAAAApCAAYAAAAAAAAoCAEYAAAAAAAAoCAEYAAAAAAAAICCEIABAAAAAAAACkIABgAAAAAAACgIARgAAAAAAACgIARgAAAAAAAAgIIQgAEAAAAAAAAKQgAGAAAAAAAAKAgBGAAAAAAAAKAgBGAAAAAAAACAghCAAQAAAAAAAApCAAYAAAAAAAAoCAEYAAAAAAAAoCAEYAAAAAAAAICCEIABAAAAAAAACkIABgAAAAAAACgIARgAAAAAAACgIARgAAAAAAAAgIIQgAEAAAAAAAAKQgAGAAAAAAAAKIiSPn36NDb3EAAAAAAAAABsPGcAAwAAAAAAABSEAAwAAAAAAABQEAIwAAAAAAAAQEEIwAAAAAAAAAAFIQADAAAAAAAAFIQADAAAAAAAAFAQAjAAAAAAAABAQQjAAAAAAAAAAAUhAAMAAAAAAAAUhAAMAAAAAAAAUBACMAAAAAAAAEBBCMAAAAAAAAAABSEAAwAAAAAAABSEAAwAAAAAAABQEAIwAAAAAAAAQEEIwAAAAAAAAAAFIQADAAAAAAAAFIQADAAAAAAAAFAQAjAAAAAAAABAQQjAAAAAAAAAAAUhAAMAAAAAAAAUhAAMAAAAAAAAUBACMAAAAAAAAEBBCMAAAAAAAAAABSEAAwAAAAAAABSEAAwAAAAAAABQEAIwAAAAAAAAQEEIwAAAAAAAAAAFIQADAAAAAAAAFIQADAAAAAAAAFAQAjAAAAAAAABAQQjAAAAAAAAAAAUhAAMAAAAAAAAUhAAMAAAAAAAAUBACMAAAAAAAAEBBCMAAAAAAAAAABSEAAwAAAAAAABSEAAwAAAAAAABQEAIwAAAAAAAAQEEIwAAAAAAAAAAFIQADAAAAAAAAFIQADAAAAAAAAFAQAjAAAAAAAABAQQjAAAAAAAAAAAUhAAMAAAAAAAAUhAAMAAAAAAAAUBACMAAAAAAAAEBBCMAAAAAAAAAABSEAAwAAAAAAABSEAAwAAAAAAABQEAIwAAAAAAAAQEEIwAAAAAAAAAAFIQADAAAAAAAAFIQADAAAAAAAAFAQAjAAAAAAAABAQQjAAAAAAAAAAAUhAAMAAAAAAAAUhAAMAAAAAAAAUBACMAAAAAAAAEBBCMAAAAAAAAAABSEAAwAAAAAAABSEAAwAAAAAAABQEAIwAAAAAAAAQEEIwAAAAAAAAAAFUd7cAwBs6nbeeefmHgEAAAAA+F9Tp05t7hEANmklffr0aWzuIQAAAAAAAADYeC4BDQAAAAAAAFAQAjAAAAAAAABAQQjAAAAAAAAAAAUhAAMAAAAAAAAUhAAMAAAAAAAAUBACMAAAAAAAAEBBCMAAAAAAAAAABSEAAwAAAAAAABSEAAwAAAAAAABQEAIwAAAAAAAAQEEIwAAAAAAAAAAFIQADAAAAAAAAFIQADAAAAAAAAFAQAjAAAAAAAABAQQjAAAAAAAAAAAUhAAMAAAAAAAAUhAAMAAAAAAAAUBACMAAAAAAAAEBBCMAAAAAAAAAABSEAAwAAAAAAABSEAAwAAAAAAABQEAIwAAAAAAAAQEEIwAAAAAAAAAAFIQADAAAAAAAAFIQADAAAAAAAAFAQAjAAAAAAAABAQQjAAAAAAAAAAAUhAAMAAAAAAAAUhAAMAAAAAAAAUBDlzT0AwCfFAQcckH333TedO3dOTU1Nxo4dmxtuuCHLly//yOvs2rVrqqqqMn369I+8jl122SWvvfZaFixY8JHXAQAAAAAAFIMzgAHWw+GHH5799tsvf/7zn/O9730vZ599drbYYouccsopG7Xe3XbbLb17996odey///7p0KHDRq0DAAAAAAAoBmcAA6xDu3bt8vWvfz1nnnlmZsyYkSR54403Mnz48Oy1114pLS1NY2Njvv3tb2evvfZKSUlJXnrppVx11VVZtmxZvva1r2XrrbdOy5Yts8UWW6SsrCy/+93v0q1btxx66KGpr69PZWVlrr/++nz+85/PIYcckhYtWuTNN9/MJZdc0nRm75577pnDDjssrVu3zuTJk/PnP/85BxxwQAYOHJiePXvmuuuuy9ixY9c6BwAAAAAAUHzOAAZYhx122CHV1dVN8fc9y5Yty6OPPpqGhobstddeGThwYH7xi1/khBNOSGlpab7xjW8kSRoaGjJo0KBcd911Of3/t3dvsV3Whx/HP63IoQdbaDAEYfYCmCULHsqcp7gLUIcaFkGS4ZQZDxFkZiYmms1oTJUsLNkku5jTC+OMDJREzTxxsS1hGQuLyFCGWkRRo2YUaKkcSmXt73/B31/WiYLixvbd63XT/p7f93me79Pbd7/P9847s23btlx00UXZtGlT1q5dm2eeeSaPPfZY6uvrc9NNN+Xee+/NokWL0tXVlTlz5iRJRo8enRtvvDFLlizJwoUL09jYmEsvvTRPPfVUtm/fnvvvvz/r1q37zHkAAAAAAADlE4ABjqCuri69vb2fOaa9vT1r166t7ge8Zs2anH766dXvOzs709PTkyR5991309LS8olr7Nu3LzfeeGN27NiRJPnrX/+acePGJUmmTZuWLVu2pKurK4ODg7n//vvzwgsvfO55AAAAAAAAZfMKaIAj2Lt37xH32G1qasqePXuGnHPSSSdVPx84cKD6e6VSSW3tJ///pqamJrNnz860adOSJA0NDdUY3NTUlH379h32ep9nHgAAAAAAQNmsAAY4gs7OzjQ1NWXq1KlDjg8fPjwLFy7MiBEj0tvbm8bGxup3DQ0N2b179+e6z3nnnZevf/3rue+++/KjH/0oTz75ZPW7w13/cKuIv4x5AAAAAAAA/70EYIAj2LdvX55++unceuutaW9vz6hRozJ+/PjccccdqaurS39/f9avX58LLrggw4cPT01NTWbMmJENGzYc8doDAwOpr69PkjQ2Nqarqyv79+9PQ0NDLrzwwowYMSJJsmnTppx22mmZMGFCamtrs2jRopx//vmfuMYXnQcAAAAAAFCGE8aOHXvP8Z4EwH+6zZs35+DBg5kzZ06uuuqqfOMb38iGDRvy8MMPp1Kp5P33309LS0uuu+66zJo1Kx988EFWrlyZgYGBTJo0KS0tLfnzn/+cJEM+VyqVXHPNNTnllFPy7LPPZubMmZk9e3bOPPPM/PrXv87FF1+choaGvPjii9m+fXsWLlyYK664Ih988EFWrFiRwcHBNDc3Z8GCBenr68uaNWs+dR4AAAAAAED5atra2irHexIAAAAAAAAAHDuvgAYAAAAAAAAohAAMAAAAAAAAUAgBGAAAAAAAAKAQAjAAAAAAAABAIQRggCNobW1Na2trkuTUU0/9r/4JAAAAAACUraatra1yvCcBAAAAAAAAwLGzAhgAAAAAAACgEAIwAAAAAAAAQCEEYAAAAAAAAIBCCMAAAAAAAAAAhRCAAQAAAAAAAAohAAMAAAAAAAAUQgAGAAAAAAAAKIQADAAAAAAAAFAIARgAAAAAAACgEAIwAAAAAAAAQCEEYAAAAAAAAIBCCMAAAAAAAAAAhRCAAQAAAAAAAAohAAMAAAAAAAAUQgAGAAAAAAAAKIQADAAAAAAAAFAIARgAAAAAAACgEAIwAAAAAAAAQCEEYAAAAAAAAIBCCMAAAAAAAAAAhRCAAQAAAAAAAAohAAMAAAAAAAAUYtjxngDAf7ra2tosXbo0g4ODQ453dXXlpz/96Zd+v+uuuy4bN27Mhg0bvvRr/zvV1tbm8ccfz8GDB5Mk/f392bJlS1atWpWtW7f+2+Zx++23Z926dfnDH/7wb7snAAAAAAAcLwIwwFG67777smfPnn/5fVasWFGNpiVYtGhRent709zcnAsvvDB33313lixZks7OziHjamtrPxHZAQAAAACAz0cABjhG119/fdavX5+XX365+vnFF1/MK6+8ku9973t577330trampNOOind3d159NFHU6lUMm7cuMybNy+jR4/Ojh07snLlyvT09GT+/PnVFcDjxo3L3Llz09DQkL///e95/vnn89prryVJOjo68txzz+WMM85IU1NT1q9fn9///vdJkvb29sycOTPDhg3Lrl27smLFivT29n5i7qNGjcqVV16Z1tbWHDhwIE8//XTeeOON1NXVZc6cOTnllFMyODiYv/zlL/ntb3+bJJ/5TJ9l9+7d+c1vfpORI0dm/vz5ueeee3L55Zdn4sSJaW1tzcaNG7N+/fosXrw4t956a5Jk8uTJWbhwYW677bbMnj07X/nKVzJq1KiMGTMmH330UZYtW5aenp4kyYIFC3LOOeektrY2mzZtygMPPCAoAwAAAADwP8cewAD/QpVKJZMnT84jjzySZcuWZezYsZk0aVKS5KqrrsqaNWvS0dGRzs7OzJkz5xPnX3311Vm7dm2WLl2a5cuXZ/78+amrq0uSDA4OZsyYMXnwwQfz4IMP5uKLL86JJ56YUaNGZe7cuXnooYeyZMmSdHd3Z+bMmYed3yWXXJIPP/ww9957b5544olcffXVOeGEEzJr1qz09fVl6dKl+fnPf56zzjorkydPPuIzHY1169blq1/9amprazMwMJDp06fnZz/7WVasWPGZ53089qGHHsoPf/jDvPXWW7nyyiuTJNOnT8/pp5+eH/zgB7nlllsyadKknHPOOUc9JwAAAAAAKIUVwABH6e677x7y+bXXXsvDDz98xPM2b96cgYGBJIf2DW5qakpzc3NGjx6dV155JUmyZs2a/OlPfxpyXktLS5qbm7Nx48Ykyd/+9rfs2LEjp556anUV8Merjnt7e9Pf35/GxsZ0d3eno6MjBw4cSJK8+eabOeussw47t7a2tjz66KNJknfeeSc/+clPMjAwkNNOOy2/+tWvkhzau3fTpk0fZ/UNAAAIBUlEQVSZMmVK3njjjU99pqPV3d2dYcOGZcSIEalUKtm2bVu2b99+VOe++uqr1ZXMGzZsyIIFC5IkL730UjZv3lx9dfaWLVsybty4o54TAAAAAACUQgAGOEodHR1faA/g/v7+IZ9ra2vT2NiYvr6+6rGBgYFqUP1YQ0ND9u/fP+TY/v37U19ff9hrVyqV1NTUJEm++c1vZsqUKUmSurq66muS/1lDQ8OQeezbty9J0tjYOOTe+/fvHxJUD/dMR2vMmDHp7++v3vfDDz886nM/nl+S9PX1paGhoTrfa665JhMmTEilUsnJJ5+cF1544aivCwAAAAAApRCAAb4EH4fXJBk5cuQRx+/Zs6f6KuckGTZsWJqbm7Nz587qsb179w4ZkxyKuUeK0GeccUa+9rWv5Re/+EX6+voyffr0T10BvHfv3tTX16e7uztJMnbs2HR3d2fPnj1DjtfX13+h+H04F1xwQXXl8j/7x4idHNqj+B81NjZWf6+vr6/G4+985zupqanJnXfemcHBwSxevPhLmSsAAAAAAPy3sQcwwDHavXt3xo4dm+TQa5vHjx9/VOf09PRk+vTpSZLzzjsv3/72t4eM2bVrV3p6enLmmWcmScaPH5+Wlpa88847n3nturq6dHd3p6+vL3V1dWlvb8/w4cMPO/b111+v7pU7ceLEfP/7309y6FXLZ599dpJDEXbatGnV105/USNHjsysWbNyySWX5PHHHz/smF27dqW5ubkafv95H9+2trbq3/rcc8+tzqmxsTFvv/12BgcH09ramqlTp37qMwMAAAAAQMmsAAY4Rn/84x/z3e9+N1OmTMn27dvT2dk5ZBXrp1m+fHnmzZuXSy+9NDt37szKlSsPO2bu3Lm56KKL8tFHH+Wxxx6r7u37aV5++eW0t7fn9ttvT29vb55//vlce+21+da3vpXVq1cPGbt69erMmzcvd911V/r7+7N8+fIMDAxk9erVmTt3bu64444MDg5m7dq12bZt2+f7w/y/Bx54IEly8ODBbN26NR0dHXn33XcPO7anpye/+93v8uMf/zg7d+7MSy+9lKlTpw55thtuuCETJkxIV1dXli1bliR59tlns3jx4syYMSNbt27NI488kptvvrm6ZzEAAAAAAPyvqGlra6sc70kAwJFcdtllmThxYn75y18e76kAAAAAAMB/LK+ABgAAAAAAACiEAAwAAAAAAABQCAEYgH+JVatWZdWqVdXfj/Xnc889lxkzZhzTdQAAAAAAoHT2AAYAAAAAAAAohBXAAAAAAAAAAIUQgAEAAAAAAAAKIQADAAAAAAAAFEIABgAAAAAAACiEAAwAAAAAAABQCAEYAAAAAAAAoBACMAAAAAAAAEAhBGAAAAAAAACAQgjAAAAAAAAAAIUQgAEAAAAAAAAKIQADAAAAAAAAFEIABgAAAAAAACiEAAwAAAAAAABQCAEYAAAAAAAAoBACMAAAAAAAAEAhBGAAAAAAAACAQgjAAAAAAAAAAIUQgAEAAAAAAAAKIQADAAAAAAAAFEIABgAAAAAAACiEAAwAAAAAAABQCAEYAAAAAAAAoBACMAAAAAAAAEAhBGAAAAAAAACAQgjAAAAAAAAAAIUQgAEAAAAAAAAKIQADAAAAAAAAFEIABgAAAAAAACiEAAwAAAAAAABQCAEYAAAAAAAAoBACMAAAAAAAAEAhBGAAAAAAAACAQgjAAAAAAAAAAIUQgAEAAAAAAAAKIQADAAAAAAAAFEIABgAAAAAAACiEAAwAAAAAAABQCAEYAAAAAAAAoBACMAAAAAAAAEAhBGAAAAAAAACAQgjAAAAAAAAAAIUQgAEAAAAAAAAKIQADAAAAAAAAFEIABgAAAAAAACiEAAwAAAAAAABQCAEYAAAAAAAAoBACMAAAAAAAAEAhBGAAAAAAAACAQgjAAAAAAAAAAIUQgAEAAAAAAAAKIQADAAAAAAAAFEIABgAAAAAAACiEAAwAAAAAAABQCAEYAAAAAAAAoBACMAAAAAAAAEAhBGAAAAAAAACAQgjAAAAAAAAAAIUQgAEAAAAAAAAKIQADAAAAAAAAFEIABgAAAAAAACiEAAwAAAAAAABQCAEYAAAAAAAAoBACMAAAAAAAAEAhBGAAAAAAAACAQgjAAAAAAAAAAIUQgAEAAAAAAAAKIQADAAAAAAAAFEIABgAAAAAAACiEAAwAAAAAAABQCAEYAAAAAAAAoBACMAAAAAAAAEAhBGAAAAAAAACAQgjAAAAAAAAAAIUQgAEAAAAAAAAKIQADAAAAAAAAFEIABgAAAAAAACiEAAwAAAAAAABQCAEYAAAAAAAAoBACMAAAAAAAAEAhBGAAAAAAAACAQgjAAAAAAAAAAIUQgAEAAAAAAAAKIQADAAAAAAAAFEIABgAAAAAAACiEAAwAAAAAAABQCAEYAAAAAAAAoBACMAAAAAAAAEAhBGAAAAAAAACAQgjAAAAAAAAAAIUQgAEAAAAAAAAKIQADAAAAAAAAFEIABgAAAAAAACiEAAwAAAAAAABQCAEYAAAAAAAAoBACMAAAAAAAAEAhBGAAAAAAAACAQgjAAAAAAAAAAIUQgAEAAAAAAAAKIQADAAAAAAAAFEIABgAAAAAAACiEAAwAAAAAAABQCAEYAAAAAAAAoBACMAAAAAAAAEAhBGAAAAAAAACAQgjAAAAAAAAAAIUQgAEAAAAAAAAKIQADAAAAAAAAFEIABgAAAAAAACjE/wGRE5GdQHux2gAAAABJRU5ErkJggg==' height='250' width='300'/> ]]>
  </system-out>
  <testcase classname="com.tribu.qaselenium.tests.negative.NegativeTests" name="negativeLoginTest" time="3.601"/>
  <system-out>
    <![CDATA[ <img src='data:image/png;base64,iVBORw0KGgoAAAANSUhEUgAAB4AAAAOiCAYAAACRicroAAAAAXNSR0IArs4c6QAAIABJREFUeJzs3Xd8VHW6x/HvmZreO4QECDVU6YgFRMWC6FpQV7FfV12v7lp3111116tey6q7a9u91rW3VVGxURRFqVKE0FtCEtJ7JpMp948JSYYkJIFAyPB5v168mJzz+53znDPDCa88eZ6fYb30r14BAAAAAAAAAAAAAHo8U3cHAAAAAAAAAAAAAADoGiSAAQAAAAAAAAAAACBAWCSju2MAAAAAAAAAAAAAAHQBC/lfAAAAAAAAAAAAAAgMtIAGAAAAAAAAAAAAgABBC2gAAAAAAAAAAAAACBAW0r8AAAAAAAAAAAAAEBhYAxgAAAAAAAAAAAAAAgQtoAEAAAAAAAAAAAAgQJi6OwAAAAAAAAAAAAAAQNcgAQwAAAAAAAAAAAAAAYI1gAEAAAAAAAAAAAAgQLAGMAAAAAAAAAAAAAAECAvpXwAAAAAAAAAAAAAIDKwBDAAAAAAAAADAERJqt8rxys0amBzd7th/XTtd950/8YBj0uLC5XjlZplNR1+516bHr9S0zFS/bSP6xGnJfbM1ZVBKN0UFAIHPIuPo+6YAAAAAAAAAAEBA2vczecNQez+fv+2NxXJ7vAccl11SrbRbXpTbq3aP1zwEr7ejAR+84+9/W+U1Tr+4RqbFa/pDH6jG6epwvACAzrF0dwAAAAAAAAAAAByrNjwyR3//8iedOaqvYsOCVFfv1qVPf668smo9/ssTtaekSvd98KPsVrMemn28zh7dV1azSe/+uEV3vf2dUmPDtOmxKxR69dNye7z6zZmjdd3Jw2UxGyqudOi/X12k5dv3Kj0uQqsevFT3f/Cj7p45TmPueUO5pdWNcRiG9PilJ2rGyHR5vV6V19bpN699q6Vb82WzmPSXCybrzFG+feuyi/Xfry5ScZVD8eHB+r/rpisjKUomw9DGPSW6/sX5Kqio1ff3ztYNL83XgvU56hMbricvP0kDk6J059ljtXBDju5+6zvVOF0HvAcAgM6jBTQAAAAAAAAAAN3E5XZremYfnfvXuZp83zuqqHXquqnDWoy746wxGpgUreF3v6bhd7+mqZm99V/ThvuNmZCRpN/NHKdp//OeBt72iub+tF3PXDVVkuSodynEZlFYkE3JN/3LL/krSadkpur0EWka9fvXlHnXv3X/B0t1wbgMSdLtZ43RhIwkTbz3bY343evaW16jpy4/SZJ082mjVFRZq8w7/60hd7yqJVvzdOrwtBbxv3T9aVqfU6xhd7+mMfe8oUHJ0brz7LGdugcAgI6xSLRYAAAAAAAAAADgyDD2e23onaVb5Pb4vl6zq0h9YsNbjPvFuAw99PEK1dV7VFfv0SkP/kdOl1uJkSGNY5Zu3auM376iilqnJENfrtutO84aI8mQt+F4by7ZpNbyArmlNYqPCNYvjx+iT3/aoS/W7tYXa3dLMnT+uAF69NOVqq5zSTL09y/X6Of/vUzm579STmmVzhvXXzNGpuvbrD169JNV+12nobjwYB0/MFmXPfO5JENOl1evfpelW04fpfs+WNrBewAA6CgLz08AAAAAAAAAAI4Qo9nfDa8rHPWNrz3yymw2tRiXGBmikmpHsznOFscLC7bqvvMnanz/RHm9XgXbLDIZht+5CiprW82rbsgt0cX/mKf/mjpMD82erC35Zbrzre/0w5Z8JUaG6H8vPl73nz+xcXyVo15JUSH658Kf5fF69ZszRuu1G07X/PXZ+u3r32pPswrjhIYkdWFVU/xFVQ7f9o7cAwBAp1h4fgIAAAAAAAAAcGS0kv/1e6029heU1ygxIrhxW0JEsCwmk9+YP84ar+GpsZrxvx+quq5eE/on6Yu7zvU/vrftvOrCDTlauCFHZpOh66YO09u/PlNpt7yovLJqPfjxcn24Ylur1/PCovV6YdF6hQdZ9cRlJ+mRi6fosme/aDxPQXmNJCkpIrgxMZwQHqz8sup27wEAoPNoAQ0AAAAAAAAAwBHTVsrTOMDfhj5atUPXnDxMH63cIUl675az9daPm/TpTzsbx8WFB2tzXqmq61wKC7LpxlNHyGI2yWYxH+C8PleeOERj0hN062vfyu3xKiu3VIbhG/+fFdt0/dRh+nLtbtU4XTp9RB9NG5qqu976Xs9eNVVLt+Xr5W+zVOlwaWdRhYakxPidr7iqTos35er6aSP0p/d/lN1q1hUnDtVHK7d38B4AADrD0t0BAAAAAAAAAACAA3vkk5WKDQ3Smoculdlk0kcrt+m5r39WamxY45invlitl68/VWsevFRFVbX6zWuLNSQlRt/96ULNfHzuAY///rKtOmlwL2U9erncbo9Kq+t0xXNfSZIe/2yVIoJtWvrn2TIbhgoqa3Xb64slSX/7crWeuvwk/e6ccfJ4PNqSX6abX/2mxfGv+efXemrOSVr38C/l9Xo1b80uPfH56i68QwCAfYygK5/2dncQAAAAAAAAAAAAAIBDRwtoAAAAAAAAAAAAAAgQpu4OAAAAAAAAAAAAAADQNUgAAwAAAAAAAAAAAECAsBgGLaABAAAAAAAAAAAAIBBQAQwAAAAAAAAAAAAAAYIEMAAAAAAAAAAAAAAECBLAAAAAAAAAAAAAABAgLGINYAAAAAAAAAAAAAAICFQAAwAAAAAAAAAAAECAIAEMAAAAAAAAAAAAAAHCYogW0AAAAAAAAAAAAAAQCCzkfwEAAAAAAAAAAAAgMNACGgAAAAAAAAAAAAAChEWUAAMAAAAAAAAAAABAQKACGAAAAAAAAAAAAAACBGsAAwAAAAAAAAAAAECAoAU0AAAAAAAAAAAAAAQIC+lfAAAAAAAAAAAAAAgMrAEMAAAAAAAAAAAAAAHCIoMaYAAAAAAAAAAAAAAIBFQAAwAAAAAAAAAAAECAIAEMAAAAAAAAAAAAAAHCItECGgAAAAAAAAAAAAACgYX8LwAAAAAAAAAAAAAEBgv5XwAAAAAAAAAAAAAIDLSABoCjRJC3Tg7D3t1hAAAAAAAAAACAHszU3QEAAHySyjcpyFXd3WEAAAAAAAAAAIAejDWAAeAoEOSq1mUX/UIvf7ZYebLLbVi6OyQAAAAAAAAAANADUQEMAEeBEG+tZk3KlCUySSmOHJm9ru4OCQAAAAAAAAAA9ECsAQwAR4HRqTEanBKj2KgwFStN8aX5yrendHdYAAAAAAAAAACgh6ECGAC6WZCrWlfNmCRJslvMktmioPBoJTuyuzkyAAAAAAAAAADQ01gMCoABoNuYvS6dkBqkWROHqqiyVnVut68xQ1Co7IaUXJ6twqBk1gQGAAAAAAAAAAAdQgtoAOgmZq9LU+Pr9epd10qSvt24R8WVdWp8LtvDZI8NUnJJjoossXJYQrsvWAAAAAAAAAAA0CPQAhoAukGwu0aXD4/Sa/dcK5vFpAXrs/XyovUtB5otMsenK8niUGJttsxe15EPFgAAAAAAAAAA9Bj0FAWAI8jsdSndWqW/3zxLU4ama2NuiZZv26sF67O1o7CizXne8HgFhbjUu6pIjjqXSm2xcprsRzByAAAAAAAAAADQE1jEIsAAcERE1RXqsuMH6Z5fzlGI3dq4vdJRr0EpMVqxo+DAB7BYpahkBbldSqkqVG2dm0QwAAAAAAAAAADwQwUwABxmoa4KnT4gRn+47CoNSI7x29crJkySVFxZ2/EDmi3yRiYrSFJKZYEctQUqsSeQCAYAAAAAAAAAACSAAeBwCXVV6NQBMbr53PM0bkCvVscsWJ8jSVqbXXRQ5/CGJ8geLqWU5qjG6VWxPVFug0c7AAAAAAAAAADHKoshWkADQFfyrfNbqceuP0vTRvZvc9yC9TnaU1Kl5dv2Kq+0Rof0PI5OVYjbpeDSHBWZo1RjiTj4YwEAAAAAAAAAgB7LQv4XALpOkKtaF4+I0wNX/1LhwbY2xy1Yn6ONuSXalFeqlTsL1CXPYotFRny6EioLVFWXryJ7UhccFAAAAAAAAAAA9CT0CQWALhLpKNTfrztdsyZmHnDcvuTvjsIKLdyQ0+VxeMMTFGqrlrlij4ps8XKb2k5EAwAAAAAAAACAwGLpmrIzADi2ZahAr//5Cg3uFdvmGKfLrXlrdmtPSZU25ZU1JH8P0zPYHqagmCAlF+5QXkga6wIDAAAAAAAAAHCMMHV3AADQ040JKddb91x5wORvUaVDb/+4tSH5W3pYKn9bMFtkju+r5JpdMntdh/98AAAAAAAAAACg27EGMAAcgoEq0Mt3Xas+cRFtjlm+fa+Wby+QJC3MytGmvNIj13zBYpE5oa8SCncpL7TvETopAAAAAAAAAADoLrSABoCDlOIu1NyHrldSVGir+4sqHVqwIUdFlbUqqqzVwg05Kq5yHOEo5asEjk1VWHaWquKHHvnzAwAAAAAAAACAI8ZC+hcAOi+0rlgv335+q8lfp8ut5dsLtHZ3kSRp3e4irdixV06Xp9t+5cZitckcFC57Ra6cESndFAWOBLvFpL1PXCJJOvnReVq9u6SbIzr63XfOKN16aqa++HmPZj+/qLvDAQAAAAAAAIBDYunuAACgpzF5Xbp0TC9NGJTaYt/y7Xu1bnex6lxuFVXWasmWPOWWVndDlK0IjZatcIfcQVFy20IO66k2P3i+EsKDWmz3eqWqunpll1Rr2Y5Cvfz9Vq3OJkEJtOX4jAR9esupkqQteys07oG5Bxw/IDFCy++Z2eb+erdHJdVOrc0u0bsrd+rdFTvk9bYct+Ev5yklKkQPfLpGj33+8yFdAwAAAAAAAIAjyyKDGmAA6IwMFWlk5ng5XW7ZLGblllZrR2GFNuWWqs7lVp3LrbW7i7VyR0HDjKPjOWu1WlQZHKuQsu2qTBx+RM7pqHerzuVp/NpsMhQeZNXQlCgNTYnSFZMH6P65q/Xk1xuOSDzHhObf1w1DfJ/vCKPpr6Psfl15/IDG1wMSIzQ5I1FLthW0PaFZ/FV1Lrk9/tndIKtZiRFBOjUzRadmpmjO5Axd/PwiVdW59j9Q099H2T0BAAAAAAAAcGBUAANAJ4TUl2tYZoYq61x6YZF/0nJf4ndddpGczZKeRwvDbJFMZrkswbLWFKk+JO6wn/Phz9fpya/871OIzazJGQm6b+ZoDesVpXtnjtKCjXlam1N62OMBepKoEJvOGdVHkvT1hjxNH5qsOZP6HzgB3My5T8/Xip3FLbanRofqson9dPvpwzQlI0FPzp6ga1/9vktjBwAAAAAAANB9TN0dAAD0JDHOItlDI/y21TWs+fve0q1auaPgqEz+SpLb5avwc9vCFFS6u9viqHG69fWGPF3w3ELfusiGdM7Ilu20gWPdpRP6yW4xaU1OqZ6cv16SNGt0H0UEWQ/puNml1Xpo3jo98OlaSdL5Y9KUEhV8yPECAAAAAAAAODpQAQwAHRTpKJA5Il4rdhSo0lEvm8WsvLLqo2eN33YYzRb6dAVFyFZVIGdYQrfFk19eq817KzSsV5QSIlpPPkUEWXXj1ME6a0RvpceGy2o2lF9Rq++2FOjphVnKyivvknmhNov2PHaRJKnv3e/ppEFJuueskeobF6Y5Ly7Wp2tzOnRN54xM1WUT+2tkaoxiw+xyujzaWVSleety9NT8Dapw1PuNnzYkWR/cMFVZeeWa9NCnmjGsl247LVNDkqNU7/Zo1a5i/Xnuaq3JKZXZZOiW6UN1ybi+6hMbpipHveZn5emeD1epoNLRekBeaWhKpO48fbgmZyQoKtimvZW1+nzdHj00b51KqutaTLFbTLp6ygCdOypNg5IiFB5kVVWdS1l5ZXpr2Q698sPWVteMnTYkWVcfP0Bj0mIVF2ZXjdOt/PJazc/K1b8Wb9aOoiq/8WaTocsn9deFY9I1NCVK4UFWlVbXKae0Rh+u3qWXvtva4n5J0sje0brh5MGa2C9eSZHBMgxDeeU1Wrx5r578eoO2FVa2eiuG9YrS784YoUn94xVisyi3rEYfr87WI1+sa+PdbHL2iN66fFJ/je4Tq+gQm6rrXNqUX6G5a3fr/xZvkaPe7Td+0e0zNKpPjOa8sFg7iqr06IVjNSo1Ri99v1W/+2Blu+fbZ86k/pKk91bu1PdbC5RbVquUqGBdOC5dLyze0uHjtOX1H7fp3pkjZRjS2LQ4fVyWfcjHBAAAAAAAAND9WAMYADooXLVSSJKcbq/W5ZQ07eghz9F6V31jrG57uOyVuXKGJx7msx54/dAwu+/3kHLLaluM6xcfrg9vnKo+MaGqdrqUlVsuh8utwUmRumxiP80el65fvf6j3l+565Dn1Tar2h6THqcXrjheZlPn1kB99Pyxuu5E33qt+RW1Wr27RFEhNg1OjtDQlEzNGt1Hpz7xpUprnI1z9q2PHGK36Nzj0vTiFZO1vbBKOaXVykiI0ClDkjUmLVbjH/xUj14wVmeP6K31uWXKK69VemyoLhqXrsHJkTrpsc+bkrLNYs3sFa1HLhgjSdqyt0KVjnr1jw/XdScO1ClDkjXtr1+qrFk8wVazPr15uo5Li5EkbS+s1JaCCiVHhmhiv3hN7BevqYOTdcVL3/ld+6+nDdYDs0ZLknJKa7RsR5HsFrMGJUXqxqmDdenE/jrvmQX6aXfTv5vXrj1RZwzrJUnamF+udXtKFRls04je0RrdJ0YXju2rmX+f73e/fnFcH/3z8smymAxVOOq1Mb9CZpOhjIRwXT6pv84fk66Z/5ivlbv82x5P6Bunj26apiCrWeW19fphW6GsFpOuP3mQpg5J1ndb9rb5Xj/7y4m6ZHxfSdLWgkqtyS5RTKhdY9NjNaFfnGaP66dZTy/wS6bXNiSEo0LtevMXY9Q7OqTpgB18XkzsF6/BSZFye7x6d8UueWXonRU7dOv0obpiUoZe+G5rGzM7vgZ0SbN7GxFia33sUbguMgAAAAAAAIADs/AjPQBon91VJUtwRPsDj2L1Tmfz1JC8Frsszhq5bSFtzjlUhvzSUX5GpcYoLTZMkvTF+j1+4ywmQ69ePUV9YkL12boc/fqNpY2JQKvZpNtOy9RdM4bpH5dM0MqdRdpVXH1I87xer7xeX57r1lOGasHGPD3w6VoVV9Wp0lHf5jXsM6FvXGPy9zfvLNfL3zcl5zJTovTxr6cpIyFct52aqT9+9FPjPo/Hl7WNDrbpL7NG64LnFmnhxnxJ0pDkSM275VRFhdj0+rUnKCbUrjEPzG2MedaoVL181RSN6B2tKRkJ+m5LQeM93+f+c0bp/ZW7dPf7KxuTklMyEvT29SerX3y47jwtU3/4sCmem6YO1nFpMap0uHTeMwv8EqkXjk3TPy+frFmjUjUjM0VfrM+VJIUHWfTHs0ZKkv77rWX69w/bGucEW816+PwxmjOpvx6YNVpn/32+JGna4CSdMayXKh0uzfzH11qT3bT+c3JksF6/9kSN7hOjX500SA/P81XohtjMeuKi8bKYDL25dId+++7yxsrb2DC7Xr/2RE3oG6fHLxyrqY994ff+/O3iCQqymrVkW6Eu+ec3jZXFMaF2/fuaEzRnUkbj2Ob377oTB+iS8X3ldHl09cvf69N1TZXgGQnh+uDGaRreK0qPnD9G1726pHGfu+F9vWhMupwut857ZqE27y2Xy+1t97O0z5WTfdW/87PytLeiVoak15du163Th2pE72iNSo32u2+txX+gf3+S1DcurPF1cVVdq2PbOwYAAAAAAACAow9rAANAB0Q4y6Sw2O4O46DVOp3yevzXJq4PjpG9omOtjbuK2WQoNTpEv5zYT29cd6IMQ3p6wUatzi7xG3f2yFQNS4nSnrIa/derP/hVgda7PXp43jot2JivYKtZ100ZeMjzJMnTUEKbFhuqOS9+p7U5pdpTVtNqG+L9xYTa9dm6HM1dk+2X/JWk9blljdWa04cmtzo/ItiqD1ftakz+SlJWXrnmrvG15B2XHqc//GdVY/JXkj5ana0tBRWSfMn01hRVOXTr28sak7+S9N3WAj27aKMkafa4vjI1q+50e7z6akOu/rEwq0UV7bsrdumHbYW+6xiS0rh9UFKk7BaTHPVuv+Sv5KuEvfv9lXr8y/V6d+XOxkLSEb198S7bUdgiiZlXXqub31yqh+et06rdTTEkRYZo4cY8fb+1QH/5dI1f2+Xiqjo9+NnaxnsRG2Zv3De+b5wGJfl+eeOOd5f7vZ8l1XX61b+XKMRmbnHvDEO6edpQSdKzizb5JX8lXzXwvnbO543uo+TIpjbm+xLAk/rH67IXFmvRpnzlltW23ap7P5HBVs0a1UeS9Pqy7X7nXLajSJI0Z2JGq3M74/KJviRzvdujH7cXHvLxAAAAAAAAABwdLNR1AED77IZbPfl56aipVWvxm9yOVrd3lXtnjtS9M0e2um/z3grd8+FP+mDV7hYxnDmstyTp6w15qna2fu8/WZujaYOTdNLgJOkj45DmNffuil1y1HtanduWeT/nat7PuQ1ftZy3tSFRmxgR3OZx31mxq8W+7Q3r5lbU1uuL9Xkt9u8orNKAhAjFhNib7Wsa8/6q3fJ6W57vi/W5uu20TMWG2dUvPlxbC3zr5j75dZae/DrrANdRqUn94/2uo7Tal1ANspp1woBELW6oRN6ntt6jBz7dt85uw5yGxPzw3tFKjAjW3gr/xOj63HKtzy33m7O9sEpXvbyk2Sj/+PZdgyQlhgeruMp3jkn9fetc55bVakNeRYt52aW1WrGrWBP6xvkdd0hSpFIbWje/v6rleyNJX23Ik6PerSCrWVMGJOrdFf7tyFfuKlZWK+dsz8Xj+ynYalZJtVPz1uX6zX9t6XaN7xunC8am6Z4Pf/JL7rfUsn7XMKTeUSG67oSBunHqIEnSC99tVVlNfRtxUgMMAAAAAAAA9DQWfqYHAAdmc9fJYrOrlTxaj+DxelTndLSawzG8kuFxymu2HZZzVzjqVVXn8tsWZDErOsSmgYkR+t0Zw5UYGaznvtnUtIatpMxeUZKkkwcl6ZObp7V67OhQX5XngISIxms72HnNrc0tPeh8V1JEsE4cmKC+ceEKt1sb1xHe12rXbBgte/Q22F1a3eK8jnrfvcsurWk1JofLl/yzmk2t5X/1857Wr2VbUVOyNC0uTFsLK/32D02O1Pi+cUqJDFGozSJTw3WM7uOr3DWbmq5jW1Gl5mfl6ZQhyfrgxqn6dG2OPl+/R99s3qu88tqWJ5f00Zps3X3GMCVFBGvp78/Seyt36eusXH2/tUCV+31e9hdiM+vkQUkalBSpqCCrbBZf9a7d0tTUxGxuiq9fw73fXljZ5vu6Ob+iKQHcMGZQcqQkX2V4Vn55q3Odbo92lVRrUGKEBiZGtHgP1uYc3GdpziRfZe47K3aq3uPxO8Z/ftqth38xRhFBVp17XB+9uWyH/+RmY9//1clyebx+u8OCLLKZm+7VZ+v26E8fr24ZZxufUwAAAAAAAABHP0t3BwAAR7vg+nJ5I3tu++fKqhp590sC7eOyhcpSXaT6iJRW9x+qJ77e0KyitEmIzaxThiTrz+eM0oPnjtaJAxJ16f9925gEjg7xJaTTYkOVFht6wHPYLSbZzCY53Z6Dntdc87bRHWU2GXr4vON09ZQMv5bKnXGgVtOVHWhD3ZqSNq6lorbpeOFBTf8VSIwI0r8un6wTBiR06jxXvPS9HjxvtH45oZ9mjUrVrFGpkhraWK/N0Yvfb/Gr8i2rceqMp+brH5eM1/EZCbpmSoaumZIhl8er5TuL9O7KXXpj6XbVufzfmzmT+uuBc0cr3N7x/75EBPk+Ewe6v+W1Le/Tvs9SVZ2rRRK1ubKGexwZ3PKXKA7mszQuPVZDG5LPbzRr/7xPVZ1LH63erUvG99Wcif1bJoCbiQi2ttjm9nhVWFmn1dklen3Zdn20OrvTMQIAAAAAAAA4utECGgDaYTYMyRrU3WEclLr6etVUVamtZ73bFi5rXYXqD9v3gtbbx9Y4PZq7Zo/WZJdp5T1naUZmimaOSNXHa3zrrO7Lt/3p4zX6+4KNHT7Xwc5rzrdUcufux5/OGqlrTxggl8erhz9fpw9/ytaeshrVOH0VuueM7K1Xrjq+lfO1V2bZ0f2GWisB9q1F23Ket9k2X4to39evXXOCxqbFqqDSofs/WatFG/NVWFWn+oYk+SPnH6frThjQ4jzVTrdueXuFHpz3s2aO7K1pg5J1fP94DUmO1JDkSN148iDNefF7LdzUtMbxzuJqnf2PhRqSHKmzR/TS1EHJGpMWo0n94jWpX7x+ffJgzXpmoXJKayRJpw1N1lOzx0mS3lu5W89+s0lb9lY0VgzHhNq07X/Oa3E//PPxrb+vZpOplTHGvpvV5jzfHqPhPrYc52lnbmuunNS0tu+3d8w44NiJ/eI0ICFCWwqaV3A3ne/UJ77Wiv3Wcm6pI/Hxf0UAAAAAAACgJ7EcZKESABwz7N469cRnpcfjUUV5efuxm0yH7foM7Z+A85ddWq2f95RpVGq0ThqYqLlrfQng0uo69YoKVkJ4UKdiO9h5+wfdmblWs0lXT/El7R76fJ2e+Kqp4nnfccKDrC22NZyq1e0tBrQXU7P9zcdFhdhanRfZrDK00lEvw/BVno5N81W6X/HS91q6o6jD17FPQaVDL3y3VS98t1Umw9CJAxP0p7NGalRqtJ67bIKOe+CTxqT4Phvzy7Uxv1yPfblBoTaLzhmVqnvPHqF+8WF67IIxuuT/FkuSrj9xoCRp4aZ8/ddrPxwwtub3Y18L8ohga5v3MDbMvm9a45jSmjpJDS2TLabGJPj+okJ85y2vdbZ6/M58liKCrDp3dB9JUnF1XYsKaL+YQ+2yW0yaM6m/r4VzK+czOvlZblVXHAMAAAAAAADAEUULaABoh9l74DVJj1blFZVyu9pvHWy4HO2OOZz2JSObr0u6Ia9cw3pFNSYkO+pg5x2KXlEhCmtoSfzVhrxWxzSuL3uEDUqK0IKN+S2294sPa3y9rWH930FJvrbDFbX1fsnf5sald/y+erxeLdq0V6tLje6TAAAgAElEQVR2L9TG+2cpITxIw3tFt3lsSap2uvTmsh0qqKjVu9efpJMGJspkGPJ4vY3xfZXVxj3u1/o93llSJUnqFx/e5nmHNawd3dyGvHJJkskwNCQ50ree736CrWalN6wxnJVf3ubxO+qCsWkKsZnlqHdr3IOfNbaXbs2dp2fq7hnDdPG4dP3l07VtJqgBAAAAAAAAHHtoAQ0A7bB43e0POsqUV1bLUVvTobGGt/U2wV2n7WMP6xWl9NiGBNreisax89bv0UVj0zS+b6yGJEUqK7+ixdy7Ts/UuPRYPfvNZs1vSHIe7LzOxLw/t7dpfVi7xdxi7oCEcF0wJk2SZDLt3xL7UFtAtza2adzMEal6dtGWFiOnD/at+bynrFa7S2okGQ3toiWrxdTquS4el67+DUlUc7PrmD0uTeeMSNVrS7dr3s+5LeZV1LpU5/IoyGpWqN0qydA9Zw7XmLQY3fTGMuWW17aYs7fSV30bZDXLajapzuWRpyG+1u5xkNWs304f2vi12Wi6hhU7SyRJKZHBykyJ0vpc/0RtZkpk45q7zVtHb95bqR1FVeobF6ZfjO6jtTllLeI8e2SqbA3xfbO5oNX71pnP0hUT+0uS5q7JUVlN/QHnvr50h+48PVNxYXadObyXPlqd08r5Wm/B3jldcQwAAAAAAAAAR5Kp/SEAcIyz2rs7gk6pqa1VTVXLxGdbzJ72q4S7Wrjdopkje+uNa6bIMKTSGqfeWb6rcf+na/doQ165TIahF66YrLTY0MZ9hiHNmdRPt502VNMGJ6m8tv6Q5x2KnNIaFVX5Epb7Enj7jEuP1XvXn6T//JQtSQqzW5QYceTWkx6aHKnbThvq18J3RO8o3XCSr53ym8t2NG5fvduXKA22mjV7XFrjdsOQLh2frofPG633Vu6W5F9NG2Qx64xhKXr0gjEakxbjd36zydCtpwxWZLBVNU5343q0fWJDddLARD1/2USlRAb7zYkIsuqOU33J3GU7ixvbIP+U7YvvwuN8VbL7pEQG663rTlBWXrmqnb5q/YyEpvi+31rQuI7wExeNVVxY07/nfnFh+tflk1RQ2XoV/JPzfe28f3XSQM0YluK3b3ivKP3lnJGSpJeXbFPpAap1O+K4PjEa3lCJ/MqP29sdv6esVgs27pUkXT6h3yGdGwAAAAAAAEBgsVDUAQAd0MXPykHJUQqz+1ofb84vU6Wja5KRNbW1Ki8v61S8HpP5sBX43Xl6pm6dPsRvm9lkKNTWtAJBcXWdLn/xexXX1DXG4fJ6deXLS/TBDSdpcFKEVvz+TP2UXaJap1sZCeFKjgyW1yv98eM1WrG7+JDn+elkwaNX0hPzs/Q/s0bpsol9Na5vrLYVViotJkyZKZF6b+Vu3fXBKp0zsrfC7BZ9dvM0rdhVrOtfX3pYCoDN5qaBd32wSn+9cKyumtxfG3LLFRFs1Zg+MTKbDK3PLdffFm5snJe1t0Lzfs7VGcNS9MwlE3TFpP4qr3EqMyVKKVHBuvODVdqYX6ELxvTRgIRwfXHLKZq3IVdPL9yk04am6IxhKfrq1unKLq3RnrIa2cwmpceGKSbUJo/Xqzs+WKkKR71kSPd/skajU2N0fEa81t57tjbvrVRJdZ3Cg6zKSAhXsNWs0hqnbn9/ZWN8f1u4UWcMS9HQlEit/MNZ+im7RFHBNo1Nj9XmvRW68pUlevXKyZqSkaBHzz9OvxjdR3d/uErZJTX67Xsr9OY1J2hsWqzW3TtTG/PLZbeYNSgxQmtySvX84i3645nDZexX/PzvpTs0Ji1Wcyb20xvXTFFWfoWyS6qVFBGs4b2iZBjSgk35uv/TtYf8Wbpiku+XB7YVVmnJ9sIOzfv30u2aPiRJJw9KVO+YEF+iu6sLgPcdBwAAAAAAAECPQQtoAGhX12RRZo5O19QhKZo6pFeLfZWOei3M2qOFWblalLXnoI5fWlouh8PXzrc1w1LjFR5i04bsIpXX1O239/B8LwiymhVkNfttc3m8Kq6u0+a9lfoqK08vLdnWUI3rH8PWwipNefRL3XDiQJ05LEWDkyJlNhnKL6/Vuyt364Xvt2rZzuIum9ek8+/3s99sUXWdS9dNGdCYaN68t1K/eXelXvnBV8352/dW6t6zRig5MliJEcGtnKejLZ4PHHOQtSm5vmhzgU57ar7uPC1TE/rGKirEptzyWn28JkePfrlBVXVuv+Ne8+8fddfpmfrF6FSN6ROjstp6/bS7RL9+a7m+3VIgSXpm0WZdOj5dg5Ii9O2WAtW7vZrz8hJdMamfzh2ZqiHJERqXFiuXx6vcshp9sSFXzy/e0tBC2XeuPWUOnf63+brhxIGaPiRJfePCNDAxXDVOt7YXVmn+xnw9++1m7a1wNM5ZtbtU5z77je4+PVOj+8TopIGJyi6p0VPzN+qpBRtVVefS7z9ao2cuGacBCREalBQhr8d3X77O2quzn16o304fqnFpMRqcFKncshr9Y9EmPfLFBl0wpo8kKdhqaXGfb31npb7MytMVE/trdGq0BiSEq9JRr8VbC/T2yl16e/kueVq0UW/ejrv9z1KY3aLzRqdK8iV1O/r5m/dzrgqr6hQfZtdl4/vp4S/WtzKXDDAAAAAAAABwrDGib33H2/4wADh2JdfvlS068aDnD0qO0l8vnayUqND2B0vKLavWcws2aO5POzs03uPxqrS8XE5Hy7VUJemiyUN0xzkTlBoXIUkqr6nTn95erLe/3yBJslXlqyp5dIfOBQAAAAAAAAAAjm5GDAlgADigpENIAJ9zXLruP2/cQc3dlFeme/+zXJvyytoc43a5VVJaJper5fqjw1Lj9eTV0zUsNb7VuePuflnZRRUyOyrliB94UDECAAAAAAAAAICji0UGbf0A4EC8LqcOpgWqL/k79qDPOyg5Sm/deKqeW7BBzy/c0GJ/rcOhivJyeTyeFvHdfs4E3X7O+AMe/45zJui/X/xaJk+9+F4AAAAAAAAAAEBgsLQ/BACObS6vZO/knJToUN1+xsguOf+vpg3V1CEp+u2bPyi3tFper0dllVVyVFe3GOur+j2lzarf5k4f1U+S5DVbuyROAAAAAAAAAADQ/UzdHQAAHO1qbZFSvaNTc341dYjCg7ouseqrBp6ui8b3U0FRcYvkb2SIXX+efYK+vvfiDiV/983xYSUAAAAAAAAAAAACBRXAANAOhzlURnWBvFEpHRofHmTVzNHpXR5HeJBVv5t5nC6blKFHP16mDdlFCg+x6fhBvXXd9JHNErodZ3ZWyRUS2+WxAgAAAAAAAACA7sEawADQDo/ZqnqnS5YOPi/POa7vYY0nNS5Cf7t6epccy+xyyBGW0CXHAgAAAAAAAAAA3Y8W0ADQAbVei+R2dWhseFDPaK7ww+Y9ksG3AQAAAAAAAAAAAomF+l8AaF+NPVYR1cVSRGK7Y8ODbIc1lpziSj02d5nW7y6UJN12znjNGNWv08dZv2uv3EHh4vsAAAAAAAAAAACBwyJ+9A8A7XKag+WoLlBQRPvPzEpH/WGJIae4Ure8NF9LNu3x237V0/M0+/gh+vPsKYoI7njyeenPm1UX2Ud8HwAAAAAAAAAAIHBY+Lk/AHRMuTVSQbVlUkjUAcflldd06Xkrap16fO4y/fPrNb4NrTy3316SpfXZhXr/9vM6lASuqHXqi1VbpMTMLo0VAAAAAAAAAAB0LxZ/BIAOqrNHyVFV3u64FTsKu+yc7yzZqPG/e7Up+XsAP2cX6fzH/qOKWme7Y1+Y94PqotO7IkQAAAAAAAAAAHAUMWJv+8Db3UEAQE9hc1Yp0pGv4OT+Bxx3+xkjdOnEjIM+zw+b9+ixuctbtHueMaqvMnvHNRuXqyWb/ccMS407YCVwTnGFZvz+eeWHH3x8AAAAAAAAAADg6EQCGAA6Kahoi0whEQqLjFGQzdLqmPAgq/56ySSNSY9rdX9bcoor9djc5Xp7SZbf9skDe+nJq05Ramx4izmtVf4eKAk8+y8van5xqGTp+HrBAAAAAAAAAACgZzBibycBDACdFbbnJ9WFJ8pisSk4JFhWq1WSZLVY5PZ45fG4JUm/mjpEN586ot3jfb56hz5fs6NF4leSZk8arCevPEUVtU59vnq75q3erooapzJT43TGqH6aNDBFj3+yXI/NXeY3b1hqnJ688pTGiuGKWqfufWO+3v5xi5xRqYd6CwAAAAAAAAAAwFHIiLv9PySAAaCTzLXlspftVH1ofLtjI0LsmjwwRZmpcUqNDVdqbIQqaur0c06RKmqcevuHjaqoqWt17oxRffXiDWdofU6RrnpmnnKKK1uM+eqPFyki2K4Jv/93q8eYPXmwJGnJxt3K25Oj2sRhnbhSAAAAAAAAAADQk5AABoCDZKoplb0iR66Q2MN2jhmj+mrSwF56fO4yvxbPzWX2jtOM0X31+NzlBzyWrTJf1YnDaP0MAAAAAAAAAEAAIwEMAIfAXrJTJmflYU0CdwVrdaFq4wbLa7V3dygAAAAAAAAAAOAwssgwujsGAOix6mL7yl6yU5bakqM2CWwr36PahMHy2oK6OxQAAAAAAAAAAHCYmbo7AADo6epi0lUfniRrVeFBHyMi2KZrpw1X79jwg5rfOzZcT1wxVZm9myWhPS7ZKvPlSBwqj/3gjgsAAAAAAAAAAHoWS3cHAACBwBUaL49hUXDJdjnD4iVT5x6v150yUredPVZ/vmiK/jV/rf61YK1yiivbnTdjZF+dPipdM0b2lWEYevyTFZIkk7NGpvoa1vwFAAAAAAAAAOAYY8Td8RFrAANAV3E5FVy8VV555Q6O7vC0zN6xevLKaX4VvOU1Tq3PKVJ2caWyi3zJ4MgQmzJT4xQRbNOw1LjGse/8sEmPfbJCOcWVslYVym0LUV3cgK67LgAAAAAAAAAA0CMY8XeSAAaArmaqKVVw6Q7VB8fIa+54Be6104brosmD/Vs5tyGnuFKfr9mpf833VQub6yplctWqLm6A3LbQQwkfAAAAAAAAAAD0UCSAAeAwspXukrmuSl6TRe5OrMMbEeyr9J08MMVve3ZxZeOffS2iLTXFktej+ogUucLiuzR+AAAAAAAAAADQsxjxd35MAhgADjNLVaEs1UWS1yWPLbxTVcGtMTlrZK4rl8dskzMmXZ5OJJcBAAAAAAAAAEDgsnR3AABwLHCFxTdW51rLsmWuKZbJkLxeyWuxy20JkkytP5JNzhoZ8shwVsswW+Q1zHLZI1QXn3EkLwEAAAAAAAAAAPQAFhndHQIAHFvqo1NVH53a+LWlqlCGq07murJWx7tC4+U1zHInDDxSIQIAAAAAAAAAgB6KCmAA6Gb7KoPruzkOAAAAAAAAAADQ81lECTAAAAAAAAAAAAAABAQL6V8AAAAAAAAAAAAACAysAQwAAAAAAAAAAAAAAYIW0AAAAAAAAAAAAAAQIEzdHQAAAAAAAAAAAAAAoGuQAAYAAAAAAAAAAACAAGGRQQtoAAAAAAAAAAAAAAgEVAADAAAAAAAAAAAAQICwUP8LAAAAAAAAAAAAAIHBIpECBgAAAAAAAAAAAIBAYCH/CwAAAAAAAAAAAACBgTWAAQAAAAAAAAAAACBA0AIaAAAAAAAAAAAAAAKEpbsDAICeqn9cqE7MiFOvSLtSIoMUbj96HqmVdS7lljuUU+bQ4m3F2lZU3d0hAQAAAAAAAACAI8BI/MM8b3cHAQA9idVs0i9GJuuMIQkym47+Lgpuj1efbSjQB2ty5fLwyAcAAAAAAAAAIJBZDFpAA0CH9YkO1k0n9FVyZFB3h9JhZpOhmcOSNDIlUv9cslO7S2u7OyQAAAAAAAAAAHCYmLo7AADoSSamR/eo5G9zfWKCNTE9urvDAAAAAAAAAAAAhxEJYADooAHxoTozM7G7wzgkZ2Ymqk90cHeHAQAAAAAAAAAADhOLDFpAA0BHHN8vVqYe/sw0GYamDYzXy8uyuzsUAAAAAAAAAABwGFABDAAd1CcmMCpne2oLawAAAAAAAAAA0D4SwADQQSkRgZE4TY6wd3cIAAAAAAAAAADgMCEBDAAdFGIzd3cIXSIq2NrdIQAAAAAAAAAAgMPEYvTw9SwBAJ3Hsx8AAAAAAAAAgMBEBTAAAAAAAAAAAAAABAgSwAAAAAAAAAAAAAAQICwSbUABoGMC6XkZSNcCAAAAAAAAAAD2sZADAIBjEM9+AAAAAAAAAAACEi2gAeAwyFq1VP9z4yUdGvu/t8zRlnWrDjjm3ecf15fvvNwVoQEAAAAAAAAAgABGC2gAOAxCrZKlg79i8/TTT6vIHawab9tjbrrxRrm9UrGna+Lj2Q8AAAAAAAAAQGCykAIAgI7pzPPSaPZ3aVGBHr/9Wp179a/103cLVFFarF7pGZp9450yDEM33XSTLrj2VmUMP047Nv6sT157ThWlxQqPitW5V/1afTIG69lnnlFkTKxOvfBKOesc+uzNF7R13Sp55VVsQopmXXWTYhOSD8u1AAAAAAAAAACAnoM1gAGgow7meWlIQTazXPVOearL9Mgjj6jeUa3rrrpS27LWKCNzlGwmKdhqqLamSq/+9T797g/3aOyY4/T5l1/qlSf/rDufelWhVinUakiG9M3ct1WxN1vPPf+c7Ha7XnzhRb333GO6/t7HD++1AAAAAAAAAACAox4toAHgCDlh6nRtKffIbISod68UOUoL/PZv+3mVYmOiFTdwtNYWe5Q56RQ9M368sl1mv3FZK77XRRdfqu01VnmqPTrx9LP0n3ffUm11lYJDwzoYDc9+AAAAAAAAAAACUQdXqAQAHKpaU7Akye31SoZJZvkv6FtfVabwsHBVOH2LAZc6DeV5IyTDP1lbWV4mb1CEPA1rBtdZwyVJNeWlh/kKAAAAAAAAAADA0Y4EMAAcIR6vt/G1t+FPczHR0SotK2sa4/Uqe+cOuV2uFuPKmo0rLy/3bY+J7fKYAQAAAAAAAABAz2LZv7IMANA9+meOVEV5mdavWKLMsZO1buliffTS0/rD06/7jZt0/An6YcHnyhg7RVarTT98OVejR4+WOTiksSq4XTz7AQAAAAAAAAAISJbuDgAA4OMNitCf7rtP/3jmeX3wf39TdEyM7r/vPrkt/o/qabMuVHllhZ66+wZ5vV6lp6XrV7fcrtKOJn8BAAAAAAAAAEDAMnrdt4CUAQB0wMuXDO/w2EibobRwk9YWu2U1SSNizVpd5Ja74Yk7KMqsIodHxQ6vhseatavSowqnV+FWQ73DDFlNhuo9Xu2u9KjaJaWHm+T0eJVb7ZXJkHqFmhRh8x3L4ZJ2V3lU72k7nv1d+ea6Tlw5AAAAAAAAAADoKSwSbUABoGM6/rwsd0priz2SDNV7pJWFHr/5m8r2ZWsNrStuel1ZL2WVNl8h2DdnZ2XT1x6vlF21/+/udPZZzrMfAAAAAAAAAIBAZCEHAADHIJ79AAAAAAAAAAAEJFN3BwAAAAAAAAAAAAAA6BokgAEAAAAAAAAAAAAgQLAGMAAck3j2AwAAAAAAAAAQiFgDGAA6KpCel4F0LQAAAAAAAAAAoJGFHAAAHHt49gMAAAAAAAAAEJhoAQ0AxySe/QAAAAAAAAAABCJTdwcAAAAAAAAAAAAAAOgarAEMAMcinv0AAAAAAAAAAAQkWkADQIcF0vMykK4FAAAAAAAAAADsQwtoAAAAAAAAAAAAAAgQJIABAAAAAAAAAAAAIEAYXq/X291BAAAAAAAAAAAAAAAOHRXAAAAAAAAAAAAAABAgSAADAAAAAAAAAAAAQIAgAQwAAAAAAAAAAAAAAYIEMAAAAAAAAAAAAAAECBLAAAAAAAAAAAAAABAgSAADAAAAAAAAAAAAQIAgAQwAAAAAAAAAAAAAAYIEMAAAAAAAAAAAAAAECBLAAAAAAAAAAAAAABAgSAADAAAAAAAAAAAAQIAgAQwAAAAAAAAAAAAAAYIEMAAAAAAAAAAAAAAECBLAAAAAAAAAAAAAABAgSAADAAAAAAAAAAAAQIAgAQwAAAAAAAAAAAAAAYIEMAAAAAAAAAAAAAAECBLAAAAAAAAAAAAAABAgSAADAAAAAAAAAAAAQIAgAQwAAAAAAAAAAAAAAYIEMAAAAAAAAAAAAAAECBLAAAAAAAAAAP6fvfuMjqrawzD+zkx6h5AEEkoI0nsX6dUCAioKqFfFq6IiYi8gEgQFVBALggqKoqIUQYqIgvRO6DUhJJRAIAXSJ5My90NkyJhAQEpg7vNbi8XknH32+c+eE3Std/beAAAAcBAEwAAAAAAAAAAAAADgIAiAAQAAAAAAAAAAAMBBEAADAAAAAAAAAAAAgIMgAAYAAAAAAAAAAAAAB0EADAAAAAAAAAAAAAAOggAYAAAAAAAAAAAAAByEU2kXAAA3OvNvs5T6ydvKizlY7HmXlh3kcd8AmSpUvs6VAQAAAAAAAP9H3NxlCqkqk39gaVcCADc0g9VqtZZ2EQBwIzt9R60Lhr+SVPabP+VUr6lk4js1AAAAAAAAwDWTma68k0fl0qBlaVcCADc00goAKMHFwl9JcmrI/3ACAAAAAAAA15yHl2TOKu0qAOCGxx7AAAAAAAAAAAAAAOAgCIABAAAAAAAAAAAAwEEQAAMAAAAAAAAAAACAgyAABgAAAAAAAAAAAAAHQQAMAAAAAAAAAAAAAA6CABgAAAAAAAAAAAAAHAQBMAAAAAAAAAAAAAA4CAJgAAAAAAAAAAAAAHAQBMAAAAAAAAAAAAAA4CAIgAEAAAAAAAAAAADAQRAAAwAAAAAAAAAAAICDIAAGAAAAAAAAAAAAAAdBAAwAAAAAAAAAAAAADoIAGAAAAAAAAAAAAAAcBAEwAAAAAAAAAAAAADgIAmAAAAAAAAAAAAAAcBBOpV0AAPy/sqaeVfrMycpeuVg5kbskSc41Gsi1Q3d59X9GBh+/Uq4QAAAAAAAAAADcbJgBDAClIGvBDzrVs4HSvxxjC38lKSdyl9K/HKNTPRsoa8EPpVjh1bW0V2tFff9FaZdxU4v8drLm31pVeyeNU15WptYNfri0S3IoF3tG02Kj9XNNH5kTTl3nqq5M00kRmrQp7oraHUrKlNPwVYpPt1zt8nAVrDuSopCx6/Wf2QeUmJGjJ+cdVGJGTmmXBQAAAAAAgFJGAAwA11nWgh90duQzsqadvWAba9pZnR35zL8Kgee1DNXhWd8WOX5q/Qr9XNNHeWbzZfd5pZqP/lQVu9x93e97NeVlZSr6p29K7f5xyxer43eLlRK5T3ObhKhMnUalVosjupme0cSMHL302yFVn7BJHuGrFTx2ve79cY82Hkv9V/190buGetcud5WrLGpJZLIiE7P+1bWZljx9teXkVa7o6pi8KU6WvPxSuffUrSc1+8F6qu7vrqrjN+pYSrbKeTpf0rXp2Xl6cfEhhX6wUb6j1qrl5G1auD/pGlcMAAAAAACA64EAGACuI2vqWaVMeFOS5N7jQZVfcVTO1evbzjtXr6/yK47KvceDkqSUCW/KmnrhoPiGZ7XKmp+vsvWbyL18cGlXc0USt2/S4VnTiz1nzc295ve/beK38q1RR7d9/K16b4xRnWdeueb3vFzXYxyulZvlGU1Iz1GrL7ZpSWSywjtX1Yanm2hWv7oK8nRRx6k7tGB/4mX32SzEWyE+rtegWntjVx1RVGLmv7p2w7FUTd164wXAmZY8vfRbtCy51iLncvOLHrvaPrijmm6r7KO3O1XRiddbafEj9Uu+6G8Df43U8ugz+rRHdf05oIG63FJG9/+0VztOpl/DigEAAAAAAHA9EAADwHWUMXOybeav78tjZfDxk/+Xi+Vcvb6cq9eX/5eLZfDxk+/LYyUVzATOmDn5mtQS9cOXWtS5gWbXD9Cizg1sy9+aE07p55o+SouNPt/2+y+0tFdr289JuyK0vH83zWlUQfNvDdOW4c8rPztbkhS3/Dct7tZI+7+aqNkNg3T24J4iy+tG/fCVltzZTHMbB+uPXm104q8lF6wzz5ylbe+8qoXt62heiypa+VgvpUZHXrD9iZVLteSu5ppdP0B/9Gqj0xtX286d3rRWy+7vqLlNQrS4WyPtmzJe1vyCmXs7x72lzW8+q53j3tKSO5vp19bVtfP94ZIKZk+vfup+Je/bqTmNKij10EH90butDkz7REvuaq51Qx4pcVzyc3K0NfxFzW9VTXMaBumPe9rZ17Zxtf7o3VZzGgZpcbdGOjD1Y1ttuz96R9vfe127J4zUkruaa8ldzbV99Gu2a7OTk7Tu+f9oXosqmtskRKv+e68yjh8pdnxyMzP0c00fxS3/Tcv6dtbCDnX1R++2Soncd0nj9E87xrypzUMHae2gBzW/9S2SpIy4o1r9VB/NaVRBC9rW1Ja3Bisn7fzs1LSYQ1rxSA/Nrh+ghR3q2j0bGSeOac3TfTWvZagWtK2pzW8+q5zUFNtnu7hLQx1Z8LOW9rxNv7aurjUDH7Dr+2LPVm5Guja9/rTmNq2oeS2raOuIF2yfT+Fn1JxwSisfv0dzGwdryV0tlLRzq917LumZvNDv1uWYtClOQWPWFTn+9vIYZefma/MzTfRQw0A1LO+lNqG+mtyrhp5sFqyB8yOLzEZ9Y+lhdZi6w+7Yn4eS5Rm+RinmXLsloOPTLbrz293yG7VWDT7Zok3H7cPAxIwcPfDTXgW8t15lRq/VXd/uVuyZ86sKfL4pTtUnbJJn+BpVn7DJ1m+Xr3dq3dFU9f15nx6ds1+StDLmrJp/HiHvd9ao1sRN+nDtMRWXmS6PPqO7Z+zW9pNp8h21VvtPZ+rZBZF6ZPZ+u3ZBY9bp133FB+CRiVnq8vVOeYavUdiHm+yWvD561qzeP+xR0Jh1qvz+Bj0x76BSzAVfZvjtYLJqTNisH3eeUpPPtqriuA3q9f1upZpzlZ2br6Cx65WTb1XI+xv01ZaTemXJIT0576Du+3GvQsatv6Ixk6QjZ826e8Zu+WgxgGQAACAASURBVI5aq8rvb9DA+ZFK/bu2ZYeS1ezzCM3ec1pNJ0WozsQt6vn9Hp3JLFgCOt8qvbn0sCq/v0FeI9eo6aQIrTh8RpKUlp2rZdHJmnZvTd1d218tKvro3a5VVTfQU8ujzxQ7hgAAAAAAALh5EAADwHVkXrHI9jppYA9ZU8/aQuBz4a819aySBvY4f83KxVe9jpSo/dox7i21/nSG+uyIV6sJX2vPJ+/p7MG9JV9stWr94P+oXOOWumdDtLrM/kunN61W5N8hl9HJSdlnkpVxLEbdl26Tb7VadpcfWzJfez4erWajP9M9m2JV++lXtHbQg0res73Y2+0cN1xJOzar04+/6+6V++RXq55WPNJdeeaiS8lmnTqpdc//R7UHvqLe6w6p6gOPaM0z/ZSdnKSs+BNa9cQ9qtrnUd2z4bBu+/g7RX3/hSK/myJJMphMOrb0V5Vt0FR3Ltmq9tPm6cDXn+rM/l0Kuq2jGrzyjsrWaag+O07K55aaMjo76fCs6Wr69ni1eHdSieMSPWu6EiM26o4F63VfRJxuefAJbXj5v7Lm5sqclKA1z/ZXrSee130RcWoz6SdFff+lYufP/HtMnRX31xL5VK+tO3/bog7TFyrqh6+UuGOLJGn7e6/LcvaM7lyyVT1X7pOTh4ciRhU/Q9hgNEmSor7/Uu2nztPdK/fKs0pV7Z44qmAMSxinIv05OSt+zTIFtmynOxdtkiRteOFReVeppt7rD+n2X9crM/6Etp0LrK1WrR/yiHyr11bP1Qd164dTtfPDcJ1c9YdktWrNwAfkWraceizbpW7z1ijjeKw2vfF0wTgYjco8fVLJe7br9l/Xqfsf25UStV+H535/Sc/WrgkjlX70sO5YuEFd56xS0vbN2vPpe0XeU8Q7L0tWq+5euU8dvp6vmLkzLvmZvKLfrUJaVfLRWx1Cixz/ZV+CBreqKG9XpyLnhnasrITMHK04bL9qQJ96AVp/NEWnC+0NO29fou6sWVa+bvb9DF4YJavVqthXWmrJYw30TYT9rNuXfjuk5Mxc7R3SXLGv3CpPF6OeXxQlSdp7OkOv/X5Ys/rXUerbbfTDA7UVvvyIdp/K0LLHG8rXzUk/962jb/vU1umMHN3zwx693KaizrzVRr/0r6/PN57QjO3xRd5X52plNKZbNTWu4K2U4W1UO9Dj0gdSktUq9ftpr+oFeujoq7fquz61NPSPGP0emSSrVer1/R4FeDgr6sWW2vJsU8WcydKAXw5IkkxG6URatiLi0hQxqJkOvNBCe09l6pttp+TqZNSaJxtLkuJea6Unm1eQs9GopVHJ6lDVTzsHN7+iMZOk/j/vU3V/d514vZW2DWqm46nZeuG3Q5IkZ5NRpzMsWheboi3PNtXBF1soOjlTX/49U/qbiJP6dnu8lj7WUAlDb1P/hoHq+/M+WfLy5e3qpFNvtlbzij62ccq3SinmXAV4ulzW+AIAAAAAAODGQwAMANdRTtTu868jd9mFwIXD35zIXXbtrnodGQWz+lx8y8hgMsm/YTP13nBYfjXrlnyxwaBuv6xW/SFvyeTuIa9KoarQpquSd2//+7RBOalnVXvgy/KoUFFGF/sw4fDcGQrt2VcBTW+V0cVFle7sLf8GTXVs8dyi97JadfiXGar99CvyDKksJw9P1Rv8piwpZ3Sq0OzZc2IX/Cy/6nUU2quvnH18Vf2hp9R0xARZ83IVu+Bn+VStrmp9H5PR1VVlajdQ2L0P6ejCWbbrPYMrqdKd90iS/GrVk0dQsNJioi44DuUat1Tgre3k4lemxHHJSU+TydlFzt4+Mjg5Kez+R9Rz9QEZnJwUO+9Hla3bUJV73C+Dk5N8q9fSLQ8+odh55/eAdg8IVJW7H5Ak+VavJc9KVWy1NR0xQW0m/Sg3/wA5+/iqSvf7dWZ38YH6Obf0HSBn74Lwp0Lbrra+LmWc7IfBIKOzi2o88rTcAoKUtCtCZ/bvVsNXR8nJw1OuZf1V77k3dWThLFlzc5W0K0IpUftV/4Xhci1TVgHNWqnNJ9/JPShYSTsjlBK5Tw1fHSVnbx+5lQtU7YEvK+6vJcpNT5Mk5WebVeeZ1ySDQU6eXgpo1kppsQW1X/TZslp1eM4M1R74sjyDK8mrUqhajJuiwFvb2b0fa26u4pb/ploDBsnF10/u5YNV/aGnCjW4+DN5Rb9bhQR6uqhBeU+7YynmXCVl5qpOQPEBaHkvF5X1cFJ0sv2XI5qFeCvUz12LDhTMjs23Sgv2J6lv/QC7drn5Vi08kKQXW1eUn7uzQnxcNahliF2bz+6url8erKtAT2f5ujmpf4NARcQVfDZp2XmSpLLuzjIZDWpR0Ufxb7RS/SD79yFJ322PV5NgL/VrECQno0F1gjz0dIsK+m5H0QD4Sm2JS9Xe0xl6p0tV+Xs6q02or2b1q6NgH1dtPp6mPacyNLZbmHzcnBTk5aI32lXWogNJSssumGlrzs3X0PZVZDBIXq4mtanio8ik4peyNhgkF5NRg1uFqLyXyxWN2ZbjqdpxMl1jbw+Tp4tJ5Tyd9XbHUP2487RteWlLnlWvtasso0HycDGpfWgZRf69zPZDDYO0a3Bz1Q70kLuzSQMal1dyZq4OJxfdB96Sl69BCyLl42rSA/UCipwHAAAAAADAzaXo9BEAwPVjLWa90+KOXWX+9Zuo0u299NsdTRXQrLUqtO+q0F795Vqm7CVdn7hjsw5O+1iZJwuWKs1OPauglm1t5w1OzvIMqVzstRnHYhTc8Xa7Y56Vqyr9eGyRtlkJp5RnzpJ31Vtsx5w8veTqH6D0YzHF9u1Z0X7WZGjvfgXnjsfKq1A/kuRZqarSj39t+9kjuKLdeaOLi/LMRcMS2/VVwux+vti4hPX5j47/9osWtKuloFYdFdL5TlW6814ZTCalHz2s05vX6ueaPvb9B58fQ/fy9rWZnF1ts6AzTx7X7omjlBK5T/m5ucrLNis/x3LBuiXJvdB7NTqff5+XMk7/5FX5/DhkHD2s/ByLZtcvV6RdZnycMo7FyMWvrC18lqTy7bpKko4umi3XMmXtnkOvSlUla77S444WvG83D7vzRmcX5WUVjMPFnq2CZylTXoWejzK1GxSp0Zx4Wta8XHmEVDlfQ2g12+uSnsnqbbtc0e/WOaNWHFFSVo7aV/U7fx+jQZKUd5F/I/LzJUMxx/vUK6df9yfq8aYVtP5IitIteepew9+uzal0i3Lzrari52Y7dks5d7s2R1Oy9fbyGO2Jz1RuvlXm3Dxl5xXU0zzEW/fVLac6E7eobaiv7qhRVv9pGCR/T+ci9UQnZWlVTIqchq+yO1743lfL4eQs+Xs4y6fQbOfbqxd8Hj/tOiV/T2e7GsPKuCvfKsWeLVge3MPZZHfexcmorJy8C96vWtmrM2bRyVmy5FnlEb6myD2OpxTUZjRIwYX2b3Y1GW2hcmZOnkb8FatVMWeVaTm/LLg5136J8BRzru76dpeCvF206slGcnPm+6EAAAAAAAA3OwJgALiOnKvXt80CLrznrzW1YMnWc8tBJz3V3a7d5TC5uiknM6PIcUtKigwmJxldXGQwGnXrB1+pzjOv6cRfv+noglna/8UEdZ2zQiYX1yLXWgsFTqmHo7Tu+f+oxbufqUrPvjIYjdox5k2lHzsf4BqdS1pC9B8RldVaMHXuMtobLtDequL3qi3opZj7Fj520RqKKjxWJY2Lm3+Aus1fo4SIjTq58nftHB+uQzOnqdOM3ySjUSGdu6vN5zMvcrcL1Ga1avVT96tCh25qNeFrmdzcFbf8N216feBFa7/Q+BXcqYRx+geja6HP22iUs7ev7t16rNi2STs2S9YLf0b/vM+5Z89Wb4mf0cWfLetF7y3lWbLPX3fumrzcS7qPwWCQwWS64O/Whb4U8c9y31t1RIsOJGrZ443sznm6mFTey0W7T2WoZ+2iAXt8ukVnzbmqUa7oDOE+9QL0yVdxyrDkaf7+BN1dq5w8XEx2bbL/DgYL58u5hfZ+tlqlnjP26M6aZfXD/bXl7mzSwv1Jesy2XLJB3/apraHtM7XwYJJm7jyt91cf1YanmxQJdo1Gg3rW9tcvD9YrcUwu1cW+OnPRJ+4fF1r/7uncJ3yZ/yzI1anw8/bvx8xoMMjXzUlJw1oXe58jZ80X+a0sWHr6UHKW/hzQUBW8XZRqzlXZd4vuKz1+7TEZDNKsfnVtXzIAAAAAAADAzY2v+APAdeTW8fzevv/c8/efewIXd82l8KlWS4kR64scj1//l/xq1pPBaFR+To6yzyTLJ6y6aj0xRF3nrpRHULCO/7lQJteCoCY/5/x+oVknjtteJ++KkJt/gEJ795fBWPCfkTN7d1xyfV5VwpT+j2WV02Kj5V05rEhb94Agmdw97ZZhzklNkTkpodj2nhVDlXbooN2xA19/qrTYaHlVDiuynHNa7CF5Vynaz79R0rjkZqQrNytTAc1aqcErI3XHr+uUuH2zzkbulVflMKVE7bfrz5x4+qKzj8/JjI9T5sljqvnYczK5Fcw8PHOB/ZQvxZWOk1flMOWkpSjz5PlnJjczQ9lJBcsPe1asquwzybafpYK9e0+tXyHPymHKPpOk7DPJtnPpsdEyGE2XFJ5e7NlyDwiSyc1DqYWej6RdETo8+zu79u4BQZLBqMwTR8/3cTjS7vzFnsmL/W5diqfmH9TCA0na/GzTYve6faB+gCZtjFOquWgo/f7qowr2drGbNXxOk2BvVfR10Z+HzmjB/mT1q190md/yXi4yGqSjKeefu4MJ55c6Pp5q1tEUs168LUTuzgXhccSJtPPjkGdVUkaOagZ46JU2lbTx6SYK8XHVvH3nP+tzqpV1195T9sson0q3yJxz8YD+HHcnoyx555Pb9Ow8ncksLqiXqpbxUFJGjhLSz/+bNndPgpZHn1G1su5KzMxRUqH9kaOSzDIZpNCrMBv5SsasWll3pZhzdazQ55FhybN7Hxez/miaBjSpoAreLkXuW9hdNf01uVdNwl8AAAAAAAAHQgAMANeRZ/9nZPDylSSlTHjTbs/fwnsCp4x/Q5Jk8PKVZ/9nLusedQa+qLhli7XrwxFK3rtDybu3adf4cMXMmaG6zxX0Gz1ruv56sJtSD0fJmp+v1MNRykqIl1fFUDn7+MrNP1Dx65ZLktKPxer4skW2/j0qhMiclKCUqAPKz87W7o/eUU5GhswJl7Z3Z7UHBih2wc9K3LFF+RaLYufP1Jl9O1WlZ9+ijQ0GVXvgUe3/Yrwy4+OUm56mXRNGyj2gvAJvbV+keWjPvko7eliRM6Yo+0yyomd+rb2fjpGzt49Ce/VT2pFoHZ4zQ/kWi5J2blXML98r9J6HLqluJ1c3ZSWeUnZyUrHBbEnjsnnoIG1+81llJyXKmpenxG2bZHRykkdQiEJ79VNWwint+2KC8sxmZRw/otVP3KcDX39SYl2uZfxldHVTwua1ktWq438sVPz6v5SbmaGctNRLem+FXek4la3XWGXrN9W2d1+X5WyyclJTFDHyZa1/6XFJkn/DpvKtUUc7xg2VOeGUErZu0Jbhg5WfkyP/Bk1VpnYD7ZoQrtyMdGXGx2nv5HGqeHtvOXl6lXjviz5bBoPC7n1Y+ya/r9TDUUo/clgRI15UWuwhuz5M7h4KaN5aB77+TOakBKXFRuvQzGnnG5TwTF7sd0uSImdMUeyvPxdb/874dH27PV7zHqqnEJ+iM/ElaUSnUPm5O6nD1B2avy9RUYlZ2nQsTS8sitIXm09q6j0XDvL61A3UpxvidMacq67VyxQ57+FiUtsqfpqw9rhOZ+QoKjFLX2w5aTtfzsNZbk5GrYpJkdUqzd+XqGXRycqw5CnVnKupW0+o/bQdOpiQqXyrdDAxUyfTLAorUxCkujsZFZWcpbNZOXq4UZDi0y0at/qozDn5ij1jVo/vdmv8uuJnjrs7GRSfblFiRo7MOfmqUc5Dm46n2oLwMauPXnDp4hYVvVUvyFOv/n5I8ekWrY1N0VO/RionL1/NK/qoUQUvDVsWo/TsPB1Pyda7K2N1X91Aebmaiu3Pvq6Cex5IzLTtGVzYlYxZ0xBvNQ/x1ou/RSs5M0cp5lwNXhSlh2bvL3Kf4lTyc9Ga2LPKt0r7TmVqwrrjcjYadDLNfnn4o2fNSsi4+JLxAAAAAAAAuLkQAAPAdWTw8ZPvy2MlSVkLf1B8x8rKidxlO58TuUvxHSsra9GPkiS/8Mky+BSdzXcxgbe2V/upc5W4fZNWPHyXVjzSQ4kRG9R28s8K6XyXJOmWfo8rpHN3rXzsbs1pGKTVT96n6o88o5Au3SVJTcM/UtR3U7S4ayNFvPOyqj/ytKy5BeFGYMu2qnb/o1rev6sWdW0oJ09vNX/vM6UdjdHa50oOCUO6dFftp17S+uf/o19aVFHUjC/Uftov8q1Rp9j29V8YLt+adfX73a20sHM9ZZw8po7fLZLRpegy0+7lg9X64+8UPXOaFrSrqUM/TVPbyTPl5h8gt4Agtfn0e0VOn6S5zSpq02tPqc6zr+uWfo9f0riWb99VJhdXLe7WSEm7txUd9xLGpenb42WVVb/d1VRzmwRrz8fvqvUnM+TqX05u/gFqO3mmji+Zp1+aV9Kyvl0UdFsH1XnqpRLrMrm5q9mICdr98Wj90qKK4pYvVtvJs+QTVkO/3dFU+ZbLC3audJwkqdVH3yjfkq0FHepqYad6ys1MV6vxUwtOGgy6beK3yjx5XAs71dPGl/+rekOGqUL7bgXXTpyujGNHNP+2alrWt4vK1G6oFu9+ekn3LenZavDyCPnVqqc/+3TQnw90VNn6jVVv8NAi/bQcN0X5ebla1Km+1j7bX7X+O0SSlJ9bMPPyYs9kSb9bJ1f+oYTNRfd0laQjZ8zycnGyzdiUpKycPN32xTbtik+XJPm6OWnDwCbqeksZvb70sBp9tlX3/LBbcWkWrX6ykbpVv/Bew/fXD9Cq2LO6p46/XEzF/y/gN/fVVG6+VbeM36T7ftyjl1tXkiTl5OXL3dmkz+6urhHLYxXw3jotOJCo+Q/VV61yHqrz8RY91qS8etbyV7fpu+Q9co16fLdbg1uF2JarfrJ5BQ1fFqPH5x1UoKez5j1UV3P2JMj/3XVq8+V2da5WRq+3K36m9x01ysrVZFTNiZu1JS5NDzcKUuNgL9X9eIsafbpVYWXcFOrnptz8ogtBGwzSzL51dCw1W9U+3KT/zNmvkZ2r6I6/90Ce2be2YpLNqjBuvdp8uV2NKnjry941LjiOhVUv56Eu1cqo07SddmH5OVc6Zj/2ra3s3HxVHb9JYeM3KS07TzPur3VJtY3tFqZtJ9JVdvRaPbcoUhPvukUPNgzUw7P3a92RFFu7L7ac0Py9SZfUJwAAAAAAAG4OBmvhjR0BAEWcrHnxZTEDt13+LMusBT8oZfwbsqanFHve4OUrv/DJl738M4Cb17EUs2p9tEVvd6qiwbeGKDMnX2/8cVh/RZ/VwRdbyNnEEr0AAAAAAOTtjZBLiw6lXQYA3NAIgAGgBNciAJYka+pZZcycLPOKRcqJ2i1Jcq5eX24dexQsFX2ZM38B3Pzm7E7QkMVROvX3nrT1gzz1zX211KhCyUtgAwAAAADw/4AAGABKRgAMACW4VgEwABTHapWOp5rlYjIqyKvoUucAAAAAAPw/IwAGgJKxBzAAAMANwGn4KkmS89urVMnXTSHjNtgd52/+vp5/AwAAAAAA4ObFDGAAKAEzgAEAAAAAAIAbAzOAAaBkzAAGAAAAAAAAAAAAAAdBAAwAAAAAAAAAAAAADoIAGAAAAAAAAAAAAAAcBAEwAAAAAAAAAAAAADgIAmAAAAAAAAAAAAAAcBAEwAAAAAAAAAAAAADgIAiAAQAAAAAAAAAAAMBBEAADAAAAAAAAAAAAgIMgAAYAAAAAAAAAAAAAB0EADAAAAAAAAAAAAAAOggAYAAAAAAAAAAAAABwEATAAAAAAAAAAAAAAOAgCYAAAAAAAAAAAAABwEATAAAAAAAAAAAAAAOAgCIABAAAAAAAAAAAAwEEQAANACUxVa170fO7OTVJe7nWqBgAAAAAAAPg/lZkuubmXdhUAcMMzWK1Wa2kXAQA3MvNvs5T6ydvKizlY7HmXlh3kcd8AmSpUvs6VAQAAAAAAAP9H3NxlCqkqk39gaVcCADc0AmAAAAAAAAAAAAAAcBAsAQ0AAAAAAAAAAAAADoIAGAAAAAAAAAAAAAAcBAEwAAAAAAAAAAAAADgIAmAAAAAAAAAAAAAAcBAEwAAAAAAAAAAAAADgIAiAAQAAAAAAAAAAAMBBEAADAAAAAAAAAAAAgIMgAAYAAAAAAAAAAAAAB0EADAAAAAAAAAAAAAAOggAYAAAAAAAAAAAAABwEATAAAAAAAAAAAAAAOAgCYAAAAAAAAAAAAABwEATAAAAAAAAAAAAAAOAgCIABAAAAAAAAAAAAwEEQAAMAAAAAAAAAAACAgyAABgAAAAAAAAAAAAAHQQAMAAAAAAAAAAAAAA6CABgAAAAAAAAAAAAAHAQBMAAAAAAAAAAAAAA4CAJgAAAAAAAAAAAAAHAQBMAAAAAAAAAAAAAA4CAIgAEAAAAAAAAAAADAQRAAAwAAAAAAAAAAAICDIAAGAAAAAAAAAAAAAAdBAAwAAAAAAAAAAAAADoIAGAAAAAAAAAAAAAAcBAEwAAAAAAAAAAAAADgIAmAAAAAAAAAAAAAAcBAEwAAAAAAAAAAAAADgIAiAAQAAAAAAAAAAAMBBEAADAAAAAAAAAAAAgIMgAAYAAAAAAAAAAAAAB0EADAAAAAAAAAAAAAAOggAYAAAAAAAAAAAAABwEATAAAAAAAAAAAAAAOAgCYAAAAAAAAAAAAABwEATAAAAAAAAAAAAAAOAgCIAB4BI0m7BGU9YfKbHd9M3H1OaTdSW2Cx21XMsiE69GaQAAAAAAAAAAADZOpV0AADiSvo2D1bNe+RLbbXmxrXzd+ScYAAAAAAAAAABcXaQPAHCZ/vvTTpX1cNaRM1mKSzErKcOiLx5ooPbV/PXz9hOauvGo1j7fWpI0ed0RTVgVrTRzrppX9tPX/RopwMtFzT9ao6l9G6pLjXJaFZ2kVxbsU0pWrkxGg56+rYqGtKtayu8SAAAAAAAAAADcjFgCGgAuk7PJoFk7TmrSffW17vnWGtCikoYvOVik3aroJI36I1Irnr1NJ0Z2U5C3qwbN3W3XJjkzR72mbdHoO2spcmhH/fn0rXr3zyiWhwYAAAAAAAAAAP8KATAA/Au31wpQgJeLJKlxRV8dSc4q0mb2jpPqWS9IFf3cZDRIn95bT1P7NrRrszwyUYFerrq9VoAkqaKfm3rUDdKifaeu/ZsAAAAAAAAAAAAOhwAYAP4FH7fzK+gbDQblWa1F2sSnmeXv6WL72d3ZZHedJJ1Kz7YFyeeU83TRqbTsq1wxAAAAAAAAAAD4f0AADADXSJC3q12Qm56dp8iEDLs25f/RRpIS0rNVwcf1utQIAAAAAAAAAAAcCwEwAFwj99SvoPm74xWdmKl8q/Tm4v16Y9F+uzadq5dTUoZFvx9IkCQdOZOlRftO6576FUqjZAAAAAAAAAAAcJNzKrkJAODf6FKjnN7uVkPdpmxUhiVXTSr6alq/RnZtyng469f/ttDLC/ZqyLw9cjIa9F73WmobVraUqgYAAAAAAAAAADczg9VazMaVAAAAAAAAAAAAAICbDktAAwAAAAAAAAAAAICDIAAGAAAAAAAAAAAAAAdBAAwAJTC8tEiGlxbZXl/PvwEAAAAAAAAAAC4HewADAAAAAAAAAAAAgINgBjAAAAAAAAAAAAAAOAgCYAAAAAAAAAAAAABwEATAAAAAAAAAAAAAAOAgCIABAAAAAAAAAAAAwEEQAAMAAAAAAAAAAACAgyAABgAAAAAAAAAAAAAHQQAMAAAAAAAAAAAAAA6CABgAAAAAAAAAAAAAHAQBMAAAAAAAAAAAAAA4CAJgAAAAAAAAAAAAAHAQBMAAAAAAAAAAAAAA4CAIgAEAAAAAAAAAAADAQRAAAwAAAAAAAAAAAICDIAAGAAAAAAAAAAAAAAdBAAwAAAAAAAAAAAAADoIAGAAAAAAAAAAAAAAcBAEwAAAAAAAAAAAAADgIAmAAAAAAAAAAAAAAcBAEwAAAAAAAAAAAAADgIAiAAQAAAAAAAAAAAMBBOJV2AQBwo7NYLKVdAgDYuLi4lHYJAAAAAAAAAG5gBMAAcAny8rJLuwQAkMnkWtolAAAAAAAAALjBsQQ0AAAAAAAAAAAAADgIAmAAAAAAAAAAAAAAcBAEwAAAAAAAAAAAAADgIAiAAQAAAAAAAAAAAMBBEAADAAAAAAAAAAAAgIMgAAYAAAAAAAAAAAAAB0EADAAAAAAAAAAAAAAOggAYAAAAAAAAAAAAABwEATAAAAAAAAAAAAAAOAgCYAAAAAAAAAAAAABwEATAAAAAAAAAAAAAAOAgCIABAAAAAAAAAAAAwEEQAAMAAAAAAAAAAACAgyAABgAAAAAAAAAAAAAHQQAMAAAAAAAAAAAAAA6CABgAAAAAAAAAAAAAHAQBMAAAAAAAAAAAAAA4CAJgAAAAAAAAAAAAAHAQTqVdAAD8P9qzZ6/mzftVq1evUevWt8nV1VVms1mnTp1S+/bt1K/fAzIYDKVdJgAAAAAAAAAAuMkQAANAKWjQoIEyMrK0evUavfDCCwoMDJQk7dmzR4MGPacKFcqrQ4f2pVwlAAAAAAAAAAC42bAENACUgvz8POXn50mScnKyZbFkyWLJUtWqVSRJiYlJpVkeAABF9OnTRwaDQQaDQZ988klplwMAAAAAAIALIAAGgBvIokWLVa5cOXXu3FmStHr1GnXv3ksbNmySJC1f/pfuu+8BLVv2lyRp585dGj48XB9//JleffUN7d69R5KUlpamCRMm6oMPxuuTTybppZde1cGDxi6QZwAAIABJREFUByVJU6Z8qbFj39fHH3+mwYNfUFxcnM6eTdG7747Vo48+rl9/XaCnnnpGy5f/VQojAOBGNWPGDFWrVk1OTk62ENBgMCgwMFD9+vW7Kvd48cUX5e3trTFjxlyV/n7++Wf5+fmpd+/eysvLuyp9OorLHetPP/1Uc+fOVUBAgBYvXqznn3/+GlcIAAAAAACAf8tgtVqtpV0EANzILBaL8vKyr3q/GzZs0ttvh6tdu7ZydXXR0aPHdPp0gh5//HHdfntnGQwGmUxO6t37Pr322itq2bK5TCYnPfbYf/XQQw+qU6f2euaZ5zRo0CA1btxYp06dUlJSoqpXr6aRI0crICBAL7wwRFartHHjJhmNVjVu3Ejz5y/UAw/cL6tVeuONN1S5ciU9+eQTWr9+oz78cLw+++wTubq66dChKLVs2fyqv28A/57J5CoXF5dSreHgwYOqVauWJCk8PFwjRoy4Kv1arVa5uroqJydHFStW1LFjx664z65du2rZsmWSpEOHDqlatWpX3KcjuNyx3rp1q1q3bq127drpu+++U4UKFa5TpQAAAAAAAPg32AMYAErZ4MGDFRgYIIPBqMTERL355lCtXbtao0aNVF5erl3bf/7s6+unmTNnysvLQ1WrhqpcuTLKysrS2rXr9MknH8tiMUuSmjRpZFtyuk+f+2zH/fzKKCsrW5JV+fl5cnV1VUhIsCSrAgNbFbkfAJhMpmJfXymDwaChQ4dq2rRpeuONN65Kn0OGDFFUVJQ6dOigsLCwq9KnI7jcsR4wYIDeeecdvfbaazIYDNehQgAAAAAAAFwJAmAAKGUFewAXBLI+Pp7q37+/wsPDFRMTq7Cwqhe99rXXXtWUKV9o0KDnFRoaqjfeeFUmU8Hq/p6e7rZ2BoNVJpNRVqtVv/wyV0ePHpO3t7cOHYpS7dp17Pq0WvMlFQ2bAeBaCw8PV3h4+FXrr0ePHurRo8dV68+RXM5Y7969+xpXAwAAAAAAgKuJPYAB4AZitVpltRbM1HVyKvk7Ov7+fgoPH6FFixYpMDBQU6d+LX9/f0lSYmJSkfarVq3WvHm/asiQIXriiSdUvXr1q/sGAAAAAAAAAABAqSIABoAbSG5urn7//Q/VqFFDlSpVkiR5e3vr2LHjkgoC4vz8fFv76dO/k8WSJYMhT82bN5fBYJSrq6vatGmjOXPmKjvbfu/itLQMOTu7KDfXopyc7CLnAeBKDBs2TEajUQaDQQaDQatWrdKwYcN06623qmzZsnJ3d1fDhg01Z84cu+u2b9+uVq1aydPTUwaDQc2aNbvgPZYsWaJ77rlHwcHBcnFxkaenp0JCQtS2bVuNGTNGkpSdna2uXbsqICDAVkt6enqRvsaNG6eOHTuqUqVK8vT0lIuLi8LCwvTSSy8pLS3N1i4mJkZ169a1vbenn35akrRmzRo9+uijqlChgubOnVvi+FgsFn322Wdq0qSJfH195enpqSpVqqhr165aunRpkfaZmZl677331KhRI3l5ecnd3V116tTRsGHDlJqaWqT9nj171LdvX4WGhsrV1VX+/v5q1KiRBgwYcNljnZeXp+nTp6tLly4KCAiQi4uLypUrp86dO+ubb75RXl6eXfu2bdvaxrpq1apav369Bg4cqPr168vLy0t+fn7q1KmTdu7cWeI4AQAAAAAA4MoQAANAKdixY6eWLv1DkvT555M1duz7Gj16jF5/fagCAgI0btxYndtm8eGHH9aPP87UCy+8rM8/n6K8vDytXLlKiYlJOnr0mEaPHqNJkyZr48YNeuqpJyVJr776isqW9ddzzw3Ra6+9qQ8+GK/9+w+oXbs2MplMevrpQZowYaIMBqP27Nmt7du3a9OmzcrMzNSiRYuVm8vyzwAu37vvvqtDhw7Zfu7Tp482btyoGjVqqGfPngoICNCuXbt0//33a9OmTbZ2jRs31oYNGzR8+PAL9m21WvXkk0/qrrvu0rFjx/TNN98oJiZGW7Zs0fvvv68zZ87YQlRXV1f9+eefWrhw4UXrnTdvnsqWLauffvpJR44cUWRkpOrUqaOPPvpI//3vf23tqlatqr1792rw4MGSpF27dqlTp066/fbbtXnzZsXHx8tqtZY4Pvfff78GDx6sHj16KCIiQjt37tS4ceO0f//+Isssp6amqm3btho2bJh69OihHTt2aPPmzWrVqpXee+89tWnTRhkZGbb2GzduVLNmzbR792598803io6O1tKlS9WkSRPNnj37ssY6Oztb3bt314ABAxQUFKQlS5YoNjZWv/zyi4xGox5//HH16NFDFovFds2aNWs0bdo0SVJsbKweeughxcXFqWXLlurevbtyc3O1YsUKde3a1S5cBwAAAAAAwNXHHsAAUAqaNGmiFi1ulcnk9Pdeu1ZJBTOnrNZ8WSzZfx+Tbr+9q+6++27l5+cpPz9PJpOz8vPzZLGYNWrUKEkF+/YaDEbl5GTLas2Xh4ebhg59Q0aj6e9lpfOVm5uj/Px8ffPN15Kk/Pw8SQYZjUZZLFlq2bKV3npruHJyzMrNzSmVcQFw8ytbtqzt9ZIlS+xmmKalpalBgwaKjY3V119/rZYtW15yvx999JGmTp2qKlWq6K+//pKPj48kKSQkRHXq1FFOTo6mT59+WbV6eHjogw8+UFhYmCSpXLlyGj16tBYvXqzZs2crLS1N3t7etvaGv7+Zc+bMGU2aNEnt27eXyWRS9+7dS7zXjh07tGDBAjVv3lzvvPOO7fgtt9yi+Pj4Il+8efPNN7Vt2zY9+OCDGj16tO34tGnTbOHxxx9/rKFDh0qSxo4dq+zsbH344Yfq2LGjJKlixYqaMmWKVq5ceVnjMnLkSC1dulSdOnXS999/b3vfwcHBWrx4sZo3b67ff/9d4eHheu+992zXnfvsPT09FRMTU+T9N2vWTAkJCVq0aJH69+9/WTUBAAAAAADg0jEDGABKQUGAm6WsrDRZLFmyWMyyWLKUnZ0pi8Wsc+GvJOXl5SgrK03Z2ZnKycmW2ZwuiyVLkvXva7OUk5MtiyVLVuu55aGtsljMMpszbH0WBL5Wmc0ZMpszbPc0mzOUn58vi8WsrKw0wl8A14y3t7d69eolSUUCwouxWCwaO3asJGnIkCG28Lewbt26KSQk5LLq+euvv2zh7zmF+4iOji72umrVqqlTp04ymUySpAkTJqhx48YXvdfhw4clqdiZws8++6yeeuop28+ZmZn69ttvJclu+eZzunbtKklasGBBif27uLjYzbYuSVZWliZNmiRJeuKJJ2zhb+H+Bg0aJEmaNGmSsrKyLqnfRo0aqV69epIu77MHAAAAAADA5SMABgAAwHXj5+cnqSDkvFQRERFKSEiQJHXo0KHYNsHBwfrhhx+uuL7CgeelLodfs2ZNVatW7aJtqlSpIknaunWrhg8fbvf+XVxc7ELtbdu22ZZ3rlq1apG+goODJdkHqef6f+mll7R161a79gEBAZf0PiRpy5Yttv2FLxRqt2rVSlLBMtX/vNfF/JvPHgAAAAAAAJePABgAAAA3tIMHD9penws6r4bFixerT58+CgsLk7+/v/z8/EoMcv+tpk2b6o477pAkjR49WhUqVNCAAQO0bNmyIrN2jxw5YnvdpEkT+fn52f0ZNmyYJPsg9bXXXpOLi4siIyPVvHlzNWvWTOPHj1d8fPxl1Vl41nP58uWLbXMps6QBAAAAAABQegiAAQAAcENLT0+3vXZzc7sqfY4dO1Y9evRQbGys5s6dq9OnT+vs2bPXNNCcN2+e3nnnHQUHBys1NVXTp09X165d1axZM0VGRtraFV5WedWqVdqxY4fdn3379ikmJkZ79+61tWvbtq3WrFmjO+64QyaTSREREXrllVdUpUoVjRkz5pJrPDfzWCqYmVycwp9B4fYAAAAAAAC4MRAAAwAA4Ibm7e1te52WlnbF/aWlpWnUqFGSpIkTJ6px48a2/XyvJTc3Nw0fPlzHjh3TqlWrNHDgQLm6umrbtm3q0aOHzGazJMnDw8N2jZ+fn0JDQ4v9U7lyZbv+W7RooSVLliguLk5TpkxR/fr1ZbFYNHToUE2bNu2SavTy8rK9zs7OLrZN4YC6cHsAAAAAAADcGAiAAQAAcEO75ZZbbK8PHDhwxf3t37/ftnxyw4YNr7i/y2U0GtWuXTtNmTJFK1askJOTk6KiorRx40ZJsgt2C+/ze6mCgoI0cOBAbdu2Tb169ZIkzZgx45KuLTzWJ0+eLLbN8ePHi20PAAAAAACAGwMBMAAAAG5ozZo1U5kyZSRJs2fPvqp9/3P/3Wtlw4YNWrx4cZHjrVq1UvPmzSVJcXFxkqTGjRvbllku7privPXWW0Xei5OTk5599lm7vkvSrFkz+fr6SpK2bdtWbJsNGzZIknx9fdW0adNL6hcAAAAAAADXDwEwAAAAbmiurq568cUXJUlffPGFFi1adEX9hYaG2l4vW7bM7typU6euqO8LiYuL07hx44oct1qtio+PlyTVrl1bkuTp6an+/ftLkj7//HNb4Hox8+fP14oVK4ocP3HihF3fJXFzc9Nzzz0nSfrqq6+KhMoWi0Wff/65JGnQoEFXbU9mAAAAAAAAXD1OpV0AAPw/io09XnIjADe90NCKpV3CVZeTk1Ps62tt6NCh2rNnj2bNmqW7775bnTt3VocOHVSuXDllZWUpMTFR27dv16xZs0rclzYwMFA9evTQokWL9Oijj2rlypXy9vbWjh07dOLECbm5uclsNis9Pf2qvoc1a9aoX79+eu6551StWjUlJSVp4sSJiomJ0b333qsmTZrY2n7wwQfatGmT9u3bpw4dOqhPnz5q2rSpPDw8lJCQoOjoaN15553q27ev7ZqHH35YI0eOVLt27eTl5aXNmzdr2LBhcnd311tvvXXJdQ4fPlxbtmzRH3/8oYceekivv/66goODFRUVpfDwcO3evVt33HGHRowYcVXHBwAAAAAAAFeHwXq91r0DgJuUxWJRXl52aZcBADKZXOXi4lIq954xY4ZGjBihI0eOKD8/33a8XLly6ty5s3766SdNnjxZEydOVGRkpCSpYsWKatOmjWbOnKnY2Fg9/vjjioiIUGpqqpydndWkSRN9+umnWrt2rWbMmKGDBw8qMzNTRqNRYWFhqlWrlhYuXGi7l9Vq1fz58zV9+nRt2bJFiYmJMplMqlixolq2bKnHHntMXbp00bJlyxQeHq79+/crOTlZ/2PvzsNjvvr/j78myySZCImE1C4osa+x3FKlRVpb6a2VUq0W7U17Karowq2L0uUuWlt746ZVim5UVS2lSlGhLUXEErGESMREksk2y+8P38xPmh0R4vm4Lpdkzvmc8/6cz5lJ9Z1zjiRVrVpVwcHBmj17tho2bKiLFy9q1KhR2rRpk5KTk3X33XcrPDxcL7zwgjp06KD9+/fLYDCoX79+mjFjhp588klFREQoJSVFRqNRwcHBCgkJ0YIFC4o0fsePH9c777yjvXv3KjY2VgkJCfLy8lJwcLAGDhyo5557Tu7u7jmuSU5O1uzZs/X1118rKipKFotFfn5+atGihfr27ashQ4bIZDJJkubPn681a9YoKipKcXFxysjIUGBgoDp16qQJEyaoWbNmkqQZM2YUaaytVquWLFmizz77TPv371dycrJ8fX3VvHlzDR48WI8//rhcXV2d9Z999lmtWbPGuZq5UaNGevLJJzV+/Hh9//33ev311/XHH38oKytL5cuXV7t27fT1118XmqwHAAAAAABA8ZEABoBCkAAGcKsozQQwAAAAAAAAgNsDZwADAAAAAAAAAAAAQBlBAhgAAAAAAAAAAAAAyggSwAAAAAAAAAAAAABQRpAABgAAAAAAAAAAAIAyggQwAAAAAAAAAAAAAJQRJIABAAAAAAAAAAAAoIwgAQwAAAAAAAAAAAAAZYRbaQcAAHeiQ4eiSjsElJBGjeoX+xqbza6sLKsyM62y222y2x1Fus7FxSAXF1cZjW5yd3eTqyu/1wUAAAAAAAAAdzoSwABQSlq3bl3aIeAG27t3b7HqW602WSwZstlscnNzk7u7uwwGo1xcipbItdvtcjgcysqyKi0tQ66urjKZPOTm5not4QMAAAAAAAAAygASwAAAlIKUlDRlZVnl4eEhT0/Pa2ojO1Hs6uoqDw8PWa1WJSdb5O7upnLlvG5kuAAAAAAAAACA2wR7RQIAcBM5HFJSUopsNru8vb3l5nbjfhfLzc1N3t7estnsunzZIoejaFtJAwAAAAAAAADKDhLAAADcRKdPn5XVapOXV8mt0PXy8pLD4dDZs3El1gcAAAAAAAAA4NbEFtAAANwkcXEJcnc3ysfHJ986FotF3377rfbt26eEhASZTCa1atVK3bt3V82aNYvcl5eXl1JSUhQXl6DAwIAbET4AAAAAAAAA4DZAAhgAgJsgPT1DFkuaqlSpkm+dU6dOafr06fLy8lJoaKhq1aqlmJgYRUZGavLkyRo2bJhCQ0OL3Ke/v7/OnTun9PQMeXp63IjbAAAAAAAAAADc4kgAAwBwEyQkXJKvr69cXPI+fSEhIUHTp09Xy5YtNWjQIJlMJklSq1atJEkbNmzQggULFBAQoODg4CL16eLiIl9fXyUkXFL16nfdmBsBAAAAAAAAANzSOAMYAIASlpmZpaysLHl7e+db58cff5SXl1eO5O/VunfvrpYtW2rZsmXF6tvb21tZWVnKzMwqdtwAAAAAAAAAgNsPCWAAAEpYcnJKnkndq/3+++8KDQ0tsF5YWJhOnTqlhISEYvVvMplksaQV6xoAAAAAAAAAwO2JBDAAACUsLS2j0ARwQkKCatWqVWCdmjVrOusWh8lkUkqKpVjXAAAAAAAAAABuT5wBDABACbNas+TmVvCPXC8vL8XExDjP/M3LqVOnJEkBAQHF6t/FxUV2u61Y1wBFde7cOcXHxyspKUkZGRmlHU6Z4+HhoQoVKqhSpUqqUqVKka87d+6cLly4oMTERNlsvP/vNO7u7qpQoYICAwOvad4kJSUpMzOzBCMEis9oNKpChQqqXLlyseY1AAAAANyJSAADAFDCrFabXF1dC6zTqlUrHTlypMA6hw8flr+/f7ETwO7u7pwBjBsuPT1dhw4dksFgUL169eTl5VXoLzqg+KxWq9LS0nTs2DGdO3dOdevWVYUKFfKtn56eroMHD8pms6latWoKDAyU0Wi8iRHjVmCz2ZSZmamzZ88qNjZW9erVK9a8qVq1aqE/t4CbLXtenzlzpkjzGgAAAADuZGwBDQDALSAsLEyRkZHasGFDnuWnTp3S6tWrC1whDNxMf/31lypWrKiWLVvKx8eH5G8JcXNzk4+Pj1q2bClJOnr0aIH1Dxw4IJPJ5EzKk/y9M7m6usrLy0t16tSRzWZTVFRUgfX/Pm9I/uJWlD2v69atW6R5DQAAAAB3MhLAAACUMDc310K3YK1Zs6aGDRumZcuW6cMPP9SRI0dksVh05MgRrV69WpMnT5Ykbdy4Udu3by9W/1lZWTIa3a85fuDvYmNjZTAYVLt27dIO5Y7SqlUrubi4KDY2Ns/y2NhY2e12BQYG3uTIcCurV6+e7HY78wZlSmHzGgAAAADudCzVAACghLm5uctqtRa6oio0NFQBAQH6/PPPNW3aNOfr/v7+6tatmzZu3ChJWrBggbN+Udjtdrm4sJoLN05cXBzJ31JSq1YtnTp1SlWrVs1Vdv78eZJ4yFNgYKDOnz/PvEGZUtC8BgAAAIA7HQlgAABKmJeXhywWizw8PAqtGxwcrDfffFMJCQlKSEhQQECA88zfWrVqOZO/xUkCWywWlStnuo47AHJKTk6Wj49PaYdxR/Lx8VFycnKeZcnJyapevfpNjgi3A5PJpJiYmDzLmDe4XRU0rwEAAADgTscW0AAAlDAfn3KyWCzFuiYgIEDBwcHO5K90Jdk7bNgw5/cLFiwo0nbQFotFJpNXsfoHCpKZmcnZsqXEaDQqMzMzz7KsrCzOYkae3NzclJWVlWcZ8wa3q4LmNQAAAADc6UgAAwBQwoxGd7m7uys1NfW62/p7EriwlS+pqalyd3fnDGAAAAAAAAAAuEOQAAYA4CYICPCT2WyWw+G47rayk8DdunXToEGD8q3ncDhkNpsVEOB33X0C12rt2rW66667ilS3du3a2rRpU4F1Fi9eXOTzr2+mkydPymAwyGq15nj9f//7n7p27apTp06VUmQFi4+P14svvqgmTZqoSpUqatKkicaOHauLFy+Wdmh3vEWLFpV2CLnMnz9fAQEBqlq1qvNPcHCwnnnmGcXFxRWpjRYtWujnn3++IfWWL1+uHj16FNrW1fWKek1ZdOHCBa1du/am9mm329WnTx/Vrl1btWvXVps2bRQREXFTYwAAAACAOxEJYAAAbgJPTw+ZTF5KSEi4Ie2FhoYWmPyVpISEBJlMXvL0LPzsYeBWsGfPHnXq1KnAOgMGDNCaNWuK1a7NZruesIqkRo0aOnfuXI6tdJOSkmQ0GrVx40bVrFmzxGMorsuXL6tHjx46e/as1q1bp+TkZG3ZskVJSUnq2bOn0tPTc9S/keN4M57J7ezcuXOaOXNmaYeRi5ubm9q2bav09HTnnz///FPp6ekaO3Zskdooyvu8qPWK+nng5uYmV1fXYl1TVLfTXN62bZvWrVuXZ1lJ3YeLi4u2bt2qpKQkJSUl6dixY2rfvn2J9AUAAAAA+P9IAAMAcJMEBgbIZrPq/PnzJd7XhQsX5HA4FBgYUHhl4CY5ffq0vLy8tHjxYnXt2lWNGjXS448/7lwZHxISom3btkmSzpw5o169eqlq1aqqW7eulixZIklasWKF+vTpI0lKT0/XkCFDVLt2bdWoUUM9e/bUhQsXJF1ZedujRw89/PDDCgkJyRXLhQsX1KNHD9WrV0916tRRr169nCsYY2Nj9fDDD6tBgwZq1KiRXnnlFefK3p07dyokJET169dXnTp1NHr0aFmtVp0+fVpVqlRx1vv555/VtWtXvf7662rUqJFmzZrl7Ltu3bqaPXu2wsLC1KZNG3Xs2FGxsbElMeQF+uSTTyRJ33zzjYKCgpSSkqLAwEB99tlnGj16tDIzM7Vs2TINGDBATzzxhLp27SpJioiIUFhYmNq1a6dOnTrpq6++crYZHR2tvn37qkWLFmratKkmTpzofL4jR47U5MmTFRoaqpdffjlXPKNGjdK///1vPf3003rwwQfVvn177dixQ9KV55n93KUryXV/f3/nSuX8YnrzzTf1xBNP5OhnyJAhmjp1qiTpo48+UuvWrdW8eXPdd9992rt3b55jlZ6ergkTJqh58+Zq3LixXnvtNdntdkVFRcnf3z9H3XvvvdeZYDx37pyeeOIJtWvXTh06dNCbb77pnCP53a/FYlFYWJji4uLUvn17xcTEFDiuN5vD4VBiYqLzj6enpwYNGqS//vrLWaegOZL9Pj979qyqVaum5cuXq1+/furQoYP+9a9/5fl5EBsbq8cee0yNGzdW69at9cUXX0jK/Xnw3HPPOccoPDxc8fHxueK/+pqnnnpKTZo0UZMmTdSwYUP5+/tr3759kqTNmzerU6dOatGihdq0aaNly5Y522jevLk++ugjNW7cWKtXr87Vx9KlS9W+fXuFhISoffv2+uyzzyQVPo+vlt+ck6QdO3aoa9euatu2rdq3b6+PP/7YeV3r1q21YMEC9e/fX/fff78efPBBnTt3Ttu3b9fLL7+sH374QT179szzPgoaw/j4eA0YMEBt2rRRq1at9Nhjjzk/bwua5+PGjdMLL7yg/v37q0OHDgoODtZPP/3kjLeo70EAAAAAQPGQAAYA4CaqVq2Kzp2L1aFDh0pktY3NZtOhQ4cUFxenKlUq3fD2gevh7u6u9PR0xcXFadOmTdq9e7c2bNigLVu25Ko7ePBgtWrVSmfPntX333+vkSNH5kgwSdKMGTN09OhRRUVFKTo6Wlar1ZnY8/T01C+//KKhQ4c6EzpXmzlzpgICAnTs2DEdP35cHTt21I8//ujsu0aNGoqMjNSePXu0ZcsW/fe//5UkvfjiixoxYoSioqJ06NAhmc3mXHElJibqoYce0ltvvaWoqCht3LhRU6dOdW5v7e7urg0bNuj7779XRESEypcvr/nz51//ABfTL7/8okceeUQZGRnOzyO73a7MzEw9+eSTqlChgsqVK6ddu3Zp+PDh2rdvn5KSkhQeHq7x48fryJEj+uabbzR+/HhFRkZKksaPH6+QkBCdPHlSv//+u1avXu1ccViuXDmtWbNG33//vWbPnp0rHi8vL61evVpz5szRjh079PTTT2v69OmScq7glCSDweD8u6CYBg8erM2bNyslJUWSlJKSok2bNumJJ57Qnj179MEHH2j79u2KiYlR3759813FOmvWLEVHR+vIkSM6cuSItm/frv/9739yccn9zylXV1fnSvCRI0eqdu3azrn066+/6tNPPy3wfk0mkxYtWqTAwEBFRkYqKCiowHEtbefOndPChQt1zz33SFKhc8TFxUWurq4yGo1KT09XYmKi8/Ng69at+uWXX3LUk6QRI0YoJCTE+Xnw0ksv6fDhwznmxbx58xQTE+P8PJCufEb83dXXrFq1SmfOnNGZM2c0YMAA3XvvvWrTpo0yMjI0bNgwTZs2TSdPntSiRYs0ZswY5y4eJpNJO3bs0PHjxxUeHp6jfYvForFjx2rdunU6evSoNm7cqB9//FHp6ekFzuO/y2/OXbp0SYMHD9bUqVOdny8zZsxwbpft4eGhn3/+2fn54ufnpyVLlqhz584aMWKEevfu7Rzjv99HQWP48ccfKzAw0PmZec899zg/uwua5x4eHlq9erVmzZql7du3a+TIkZo2bZokFes9CAAAAAAoHhLAAADcRK6uLmrXro2MRnft27fPuXrmRrhw4YL27dsno9FdrVs3z/E/mYH8BmlqAAAgAElEQVRbyeDBgyVJPj4+qlevnmJiYnKUJyQkaOvWrRo5cqQMBoOCg4MVExOj4ODgHPXGjRunH3/8UUajUW5ubrr//vt19OhRSVcSKr6+vs6Vbn9Xo0YN7d69W99//70sFotefvllPfHEE7p48aJ++uknjR8/XgaDQd7e3ho+fLhWrFjhvO7rr7/Wrl275O7ursWLF6tFixY52t68ebMqV66ssLAwSVL16tXVq1evHGdvhoeHO5OELVu2zDUGN0NSUpIqV66cZ1lGRoZzJaavr6/uu+8+JSUladu2bfL399eDDz4os9msSpUqqXfv3vruu+8kXVlNPHnyZJnNZrm7u6t169Y6efKkpCvPpFOnTvLz85PFYsmz37CwMJlMJl2+fFmNGzfWmTNnCr2PgmKqW7euGjRooA0bNkiS1q1bp6ZNm6pWrVrO1bUmk0lms1n333+/jh8/nmcfa9eu1VNPPaX09HRZrVZt3bpVTz31VIFxJSYmatu2bRozZoySkpJktVo1bNiwHNsP53e/2dtvm81m2e32Asf1Ztu7d6+CgoIUFBSkmjVrqm3btgoODtaHH34oqeDncbXs+TVw4EAlJyfLbrerXr16uVbDX7x4Udu3b9fQoUNlNptVtWrVfD8P1q1bJ4vFopSUFHXp0qXQMUpJSZHZbNby5cu1fPlyLVmyRHa7XR4eHoqJidG9994rs9msVq1ayd3d3XmWt8FgUP/+/ZWenq7MzMwcbXp6eqpy5cqaPXu29uzZowoVKmj16tXy9PQs1jjnN+e2bdumypUrKzQ0VGazWRUqVFCvXr20ceNG57Xh4eFKS0tTUlKSWrRoodjYWFmtVlmtVtntdl2+fDnP+yhoDGvXrq3ffvtNK1euVGxsrMaOHavBgwcXaZ5369ZN3t7eunz5sho1auSc58V5DwIAAAAAiset8CoAgJLAFnd3tkaNGshsTtLx4ycVExMjf39/BQQEyNXVVd7e3kVqIzU1VTabTQkJCbp48aI8PT3VuHGwfH0rlHD0wPUpX76882sXF5dcq+Gzt0m/emvdgIDc25kfP35ckydP1smTJ+Xi4qLz58/nSArll9yUrqwodHFx0fvvv6/w8HB169ZNH374oZKSkiRJHTt2dNa1Wq3O/hcsWKB33nlHzz77rE6fPq2nnnrKuZotW1xcnCpVyrkCPyAgQKdPny7yGNwMlSpVcia0ClK5cmVlZWVJupKMO336tBo1auQsz8zMVN++fSVJ69ev15w5c5ScnCwXFxedOHFCHTp0cNYNCAhwbmObl3LlyjkTgw6Ho0jjUlBMNptNAwcO1Jo1a/Twww9rzZo1evzxx2W325WcnKypU6cqIiJCBoNBGRkZ+cYWFxcnHx8f5/cGgyHP1b9Xy946t0uXLs7XbDZbjrlR1PstbFxvpjZt2mjnzp2SpKioKLVq1UpPPfWUXF1d5XA4Cp0jf2c0Gp1fGwyGXFtbZ49j9s9Gu93u7Otqhw8f1vTp03Xq1Cm5uLgoPj4+V5I4L7GxsRo1apQWL16sChUqOOfAnDlztHr1auf3mZmZOVbq+vn55dle9pm377zzjvr37y8XFxeNGTMm11bkhclvziUmJqpSpUrO96Tdbpefn1+Oz5e/J5sLes9dfR8FjeHQoUNlNBo1d+5cDR8+XPfee6+mT5+u5ORkSdc2z81mc5HfgwAAAACA4iEBDACloFGj+qUdAm4Bvr4V1Lp1c6WkpOrChXjFxMTIas1SamreK+P+ztvbJDc3d1WuHKDq1ZuoXLmiJY6BW11gYKCkKwmQ6tWrS5JOnDihihUr5qg3aNAgdenSRStWrJDBYNC0adOc26BKeW+rerVnn31Wzz77rC5fvqznn39eY8eOdZ6luXfv3lxnu0pXVi2/9dZbeuuttxQTE6M+ffqobt266tGjh7POXXfd5TxPOFt8fLyqVKlSjFEoeV27dtXs2bP14osv5vjFE5vNpnHjxmn06NGSco5jlSpVdPfdd+vPP/90vpaduDlz5owef/xxffHFF85zTvNbgZ2f/M61/XvCLzvpVFhMFotFDz/8sN544w2dO3dO27Zt07x58yRJ7777rg4fPqyffvrJudV19jnHfxcYGJhjx4a4uDjZbDbnTgsOh8M5TtmrK6tWrSop91xyOBzOXzQoyjm+iYmJ1z2uN5LD4dClS5ckXRmXZ599VqNGjXKu8C3seeTVXkGyPw8uXLjgHNPo6OhcCdh//etf6tKli1atWiWDwaB33303x+dBXmw2m5599lkNHjxYnTt3diZV169frxkzZmjnzp0KCgqS3W6Xr69vgW1drXLlypo7d67c3d21fft29ejRQ+3atStwHud133nNuZL8fCloDDMyMjR48GANGzZMFotFI0eO1KRJkzRz5kxJBc/z/BTnPQgAAAAAKB62gAYAoJSVK+etOnVqq3Xr5mrXro3uu69Tkf60a9dGrVs3V40a1Uj+okypVKmSOnbsqBkzZshut+v48eNq1apVrm2S4+Pj1bp1axkMBh09elQrV650nvVamGHDhmnBggWSrqzGDQoKksPhkJ+fn+6//3699957kq6snJs+fbo+++wzZWZmqk2bNtq/f78kqVq1agoICMiVwLr//vt18eJFrV+/XpIUExOjtWvXql+/ftc1LjfasGHDVL58ef3zn//U3r17ZbFYFBUVpSeeeEIHDx50Jt+v1qlTJ507d06rVq2S2WzW2bNn9eSTT2rXrl1KTk5WVlaWmjZtqsuXL2vVqlX6888/i/xMClK9enWdOHHCuTXyypUrixSTdGXVcbt27TRp0iR17drVufrabDYrODhYdrtdZ8+e1cyZM2W1WpWRkZGr/759+2rRokVKTU1VamqqHn/8ca1du1aBgYFyc3Nznm+7fft250rM8uXL6/7779fUqVNlNpuVmJioKVOm6JNPPin0fo1Go1JTU5WZmVmi43q97Ha7JkyYoKNHj+qLL76QVPjzKK6KFSuqY8eOmj9/vux2u6Kjo9WlS5dc24MnJiaqZcuWSk5O1u+//64VK1YUOkbvv/++0tLS9MYbbziTv9KVuVG5cmX5+/vLbDbr9ddfl8FgKNKY//XXX+rdu7fOnDkjs9msGjVqyMPDQwaDocB5/Hf5zblOnTrp4sWL2rx5syTp9OnT+uGHH5y/HFAQd3d3Z/I+LwWN4QsvvKAFCxbo8uXLstlsql27tlxcXK5rnhfnPQgAAAAAKB4SwAAAALjlLF26VIcOHVK1atXUtWtXvffee2revHmOOtOmTdPEiRPVqFEjvfrqq5o3b56OHDmiUaNGFdr+mDFj9Nlnn6lWrVqqU6eOdu/e7Uz6fvrpp4qKilLdunVVp04dRUREKCwsTEajUa+88ooGDhyooKAg1a9fX/Xq1dOwYcNytO3n56fVq1dr0qRJatCggXr06KG3335b99xzz40boBvA1dVVv/zyi9q2bauhQ4eqbt26GjBggBo1aqTNmzfneY64yWTSd999p//85z9q06aN7rnnHlWuXFnNmjVTUFCQRo8erc6dO6tjx476448/9O6772r+/Pn66quvrivWzp076x//+Ie6deum/v37q2bNmjIYDLLZbAXGJF1JUoaHh+ubb77RwIEDnQn7MWPG6Ndff1X79u01YMAATZgwQY0bN1a3bt1y9T927Fg1bdpU7du3V9u2bdW2bVuNHDlSJpNJb7/9toYMGaJ+/frpp59+UseOHWWz2eRwOLRw4UKdPHlSrVu3VqtWrXTgwAE98MADhd5v06ZNVa1aNTVt2lQXLlwosXG9EYxGo958801NmTJFSUlJhT6P4nI4HFq8eLGOHj2qJk2a6OGHH9Z7772Xq723335br732mjp06KC3335bc+fOVVRUlCZOnJhv2x999JFiYmLUpEkTtWjRQi1atND333+vhx9+WFWrVlWrVq3UpUsXNWnSRIMHD9aIESMUFRVVYLzNmjXTfffdp/vvv18tW7ZU9+7dNWnSJDVs2LDAefx3+c25cuXK6dtvv9X06dPVrl07hYeHa+rUqQoJCSl0LMPCwrRnzx41a9Yszz4LGsOxY8fqyy+/VPPmzdWyZUv99ttvmjZt2nXN8+K8BwEAAAAAxWNwFGXfMQC4g2VmZspmYyUCgNLn6uqR47zM0rJp0ya26SxF+Y3/pk2b1KpVq2K1ZTAY5OXlJaPRKBcXF9ntdmVmZjq36jUajfLy8sqxlaubm5tMJpPzDNyr65tMJhmNRjkcjv/7+WmTt7e3UlNT5e7uLofDkec2wNKVM16vLnd3d5e3t7fMZrOkK+eIurq6OmP09vbWpUuX5HA4CoxJkjw8POTt7a2UlBRlZmZKupIAL1eunAwGg+x2u1JTU1WuXDlJynPrWm9vb7m7u+faztjT01Oenp6y2Wyy2Wxyc3NTenq688xYb29vubldOXnHarUqNTVVDoej0PutUKGCXFxclJycLKPRmO+4Zt9PYfbt23fd88bT01NGo9G5zXU2Dw8PmUwmmc3mQp+Hr6+vUlNTZbVa5efnp8TERGc75cuXV0ZGhjIyMpz1srKy5OLi4hxHh8OhtLQ0ZWRkyMPDQx4eHrp8+bKMRqNMJpPzjNn09HT5+PgoIyNDNpvNWe/qaypWrCiHw5FjFX92nz4+Ps4tm9PS0uTu7i53d3clJyfLx8fHWS8vXl5e8vDwcH6fnp7uXPVb0Dz+u/zmnJubm7y9vZ1nJqenpztXzV49btmxuLq6KiUlRa6uripfvrwcDofMZnOuugWNYUZGhry9vZ3P1GazKTU1VXa7vcB5bjKZJClH7D4+Prp06VKx34N5yW9eAwAAAMCdjgQwABSCBDCAWwUJYEg3NgGMO8eNSAADtxoSwAAAAACQN7aABgAAAAAAAAAAAIAyggQwAAAAAAAAAAAAAJQRJIABAAAAAAAAAAAAoIwgAQwAAAAAAAAAAAAAZQQJYAAAAAAAAAAAAAAoI0gAAwAAAAAAAAAAAEAZQQIYAAAAAAAAAAAAAMoIEsAAAAAAAAAAAAAAUEYYHA6Ho7SDAIBbWWZmpmy2jNIOAwDk6uoho9FYKn1v2rTJ+XXVqlXVqFGjUokD0uHDh3X27NnSDgMAAAAASk3Xrl1LOwQAuKWRAAaAQpAABnCrKM0EMAAAAAAAAIDbA1tAAwAAAAAAAAAAAEAZQQIYAAAAAAAAAAAAAMoIEsAAAAAAAAAAAAAAUEa4lXYAAHA7cHX1KO0QAAAAAAAAAAAACmVwOByO0g4CAAAAAAAAAAAAAHD92AIaAAAAAAAAAAAAAMoIEsAAAAAAAAAAAAAAUEaQAAYAAAAAAAAAAACAMoIEMAAAAAAAAAAAAACUESSAAQAAAAAAAAAAAKCMIAEMAAAAAAAAAAAAAGUECWAAAAAAAAAAAAAAKCNIAAMAAAAAAAAAAABAGUECGAAAAAAAAAAAAADKCBLAAAAAAAAAAAAAAFBGkAAGAAAAAAAAAAAAgDKCBDAAAABQxllGj1bGzJmlHQYAAAAAAABuAhLAAAAAQBll3bpVDrNZBl9f2c1mOcxmWbduLe2wAAAAAAAAUIJIAAMAAOCWsWvXLnXq1EmPPvpoifXhcDg0btw4hYaGauXKlSXWz42Unp6uRx99VO+++26xrrOMHi2zn58ylyxR5pIlMvv5yTJ6dAlFCQAAAAAAgFsBCWAAAAAUKC4uTtOnT1doaKgefPBBxcbGSpLOnDmjadOmadCgQdqwYcMN6at9+/ZydXW9IW3lx2AwKDQ0tET7uNFcXFxUvnx5lStXrljXlf/jD/ls2SLH/63+LffNNyr/xx8lFCUAAAAAAABuBSSAAQAAUKDAwEA99thjKl++vJKTkzVhwgRZLBZVr15dAwYMUKNGjdS9e/cb2qebm9sNbe/vDAZDibZ/oxmNRi1YsEAjR44s1nUOs1mWMWPk/tBDcrv3XqW9/rocZnMJRQkAAAAAAIBbQcn+nzUAAACUGe3bt5enp6fWrFmjN954Q9OmTctVZ9myZdq4caP8/Pxks9k0ceJEeXl56fnnn9fJkyfVvn17nT9/XvHx8erXr5+ysrK0ceNGeXp66r333lOtWrUkSRaLRXPmzNH27dtlMpn0yiuvKCAgQP/+978VERGhCRMm6PTp0/r222+1YcMG/fe//1VERISsVqtq1qyp1157LddK4u+++06ffvqpgoODlZiYmKPs559/1v/+9z/5+voqIyNDU6ZMUWBgoLN87969Gjt2rAICAvTVV19pzpw5Wr58ucLDw/X8889r2bJl+uOPP+Tp6an09HSNHj1aY8aM0dmzZ7Vq1SpFR0dr/PjxatCggRYuXKhLly7p1VdfVVBQkCIiIhQQEKC33npL58+f1xtvvKHTp0/rk08+0aeffqrMzEx169ZNU6dOVdOmTTVv3jylp6frgw8+0JkzZ2Sz2RQUFKSxY8fKaDTmeiZu994rrylTJElp//c3AAAAAAAAyi5WAAMAAKDIxo4dq2bNmmn79u1asGBBjrKDBw9q7ty56tKli9555x0dOHBAH3zwgXx9fRUSEiJJ6t+/v2bPni2LxaKNGzfq+eefV3h4uGJjY7V161ZnW0ajUc8995z+85//6MiRI/roo49UoUIF50rjr7/+Wh4eHmrWrJl27dqlJUuW6KGHHtKAAQO0ceNG7dy5M0ds0dHRevfdd9WsWTO9+eab6tatm7MsKSlJb7zxhu6++2699tprOnDgQK6zgVu3bi13d/cc32dLTU3V3Llz1adPH73xxht64IEHVLVqVdWsWdNZp02bNjna8/Dw0NixY/XSSy8pPDxcf/75p7Zs2aKGDRuqSZMmkqRFixapZcuW8vf3z7Vl9apVq7Ru3TqNGDFCI0aM0Nq1a/Xll1/mel4GX1+ZZs6Uwdc3x9cAAAAAAAAou1gBDAAAgCJzc3PT1KlTNXToUC1ZsiTHVsoHDx6UJAUEBMjd3V1+fn46cOBAjutdXV3l6+srk8kkm80mg8GgKlWqSJIyMjJy9Ve1alWVK1dOx48fz/F6t27dNHDgQFksFi1fvlyStHbtWplMJgUFBcliseSov3//fjkcDjVs2DBXH8ePH1dGRoYOHjyoWbNmKSgoSA6Ho8hj4unpqUqVKmnixIlq0qSJBg8eXOg1FotFK1askMViccaanp6eo86wYcMUHBwsi8Uim82Wo+zqsc6O9e9jDQAAAAAAgDsTCWAAAAAUi5+fn6ZNm6YRI0Zo8eLFevDBB3OUZyck7Xb7DTlr12azqUKFCnmWmUwmZx+PPvqoOnfunGc9u92eb/vZ14eEhGjMmDHFjs/V1VVz587VsmXLtGnTJr388statWpVgddMmzZNu3fv1tdff62IiAjt2bMn37omk0nJycl5ljkcDud4327nGgMAAAAAAKBksAU0AAAAiq1BgwZ6+eWXc7yWvXVxYmKiMjMzZTab1bhx4+vq59SpU0pLS1OHDh3yrdO0aVNJ0m+//ZZvneDgYEnSoUOHcpXVq1dPXl5e+v3335WVlZVvGx4eHrp06ZLS09NzJJTNZrN2796tF198UZ9++qnsdrsyMjLk4eEhSYqNjc21gjclJUWSVK5cuXz7K0j2PScmJiouLk7S/x9/AAAAAAAA3Nlcp0yZMqW0gwAAAMCtKy4uTp999pkOHjwoDw8P1a9fX5JUt25dZWRkKC0tTZ06dVKlSpXk5eWljRs3avv27apcubJeeuklSdLSpUsVHx/vrPPdd9/JZrOpZcuW2r59uyIjIyVJ9913n86ePavU1FT98ccfWr16tdq1a6fnnntO6enp+vzzz3Xq1CnZ7XbdfffdqlixoqpVqyY3Nzdt2rRJa9as0cGDBxUUFJRj1XClSpXk5uamn376Sb/++qsiIyMVHx+vlJQU9ezZUw0aNFBERISWLl2qAwcOyMvLSzVq1MgxDhkZGdq/f7+2bt2q06dP68yZM0pNTVXnzp01Z84cHTx4UDt27FCnTp103333yWQyadeuXdqxY4eOHz+u6OhoZWRkqHXr1goKCtLevXu1b98+Xb58WceOHZPValWdOnX07bff6tKlS5KuJHo9PDy0YcMG7dixQ3a7XS1bttQ//vEPxcfHa/PmzYqIiFDbtm01dOhQubmxwQ8AAAAAAMCdzuAozgFnAAAAAAAAAAAAAIBbFltAAwAAAAAAAAAAAEAZQQIYAAAAAAAAAAAAAMoIEsAAAAAAAAAAAAAAUEaQAAYAAAAAAAAAAACAMoIEMAAAAAAAAAAAAACUESSAAQAAAAAAAAAAAKCMcCvtAAAAAHB7WLdunWbNmqXIyEhdvny5tMMBAOCGKV++vIKDgzV27FiFhYWVdjgAAAAAcF0MDofDUdpBAAAA4Na2fv16PfbYY6UdBgAAJW7FihXq3r17aYcBAAAAANeMBDAAAAAKFRYWpt9++019+vTRyy+/rODg4NIOCQCAGyYyMlLTpk3TmjVr1LZtW/3444+lHRIAAAAAXDMSwAAAAChU9erVlZqaqp07d5L8BQCUSZGRkerQoYN8fX0VHR1d2uEAAAAAwDUjAQwAAIBC+fn5SZIuXbpUypEAAFBy+HkHAAAAoCxwKe0AAAAAAAAAAAAAAAA3BglgAAAAXLPQ0NDSDgEAAAAAAADAVUgAAwAAAAAAAAAAAEAZQQIYAAAAAAAAAAAAAMoIEsAAAAC4LnFxcRo1apR69OiRq2z9+vV65JFH1L17dw0bNkzHjh1zlkVGRmrYsGHq3r27Hn30UW3atMlZZjab9fLLLyssLEy9evXS/Pnz5XA4JEl2u11z5sxRz549FRYWpldffVXJycnX3WdBZZK0f/9+9e/fX6+++ur1DxoAAAAAAABQQkgAAwAA4LqMHj1aTZo0yfX68ePHNXPmTE2ZMkXr16/XAw88oIkTJ8pqtSozM1MTJ05Ur169tH79ek2aNEnvvvuuYmJiJEnvv/++ypUrpzVr1mjx4sXatm2b1q5dK0n65ptv9Ntvv+nTTz/VmjVr5ObmphkzZlxXn4XFs2HDBn344Ydq0aLFTRpVAAAAAAAA4NqQAAYAAMB1mTNnjtq3b5/r9U2bNqlz585q3LixXFxc1L9/f1mtVh04cEB//vmnjEaj+vbtKxcXFzVt2lQdO3bU5s2blZ6erl9++UXDhw+Xh4eHAgICFB4erg0bNkiSNm7cqIEDB8rf318eHh4aNmyYtmzZoszMzGvus6AySapTp47mzZun6tWr39SxBQAAAAAAAIrLrbQDAAAAwO2tYsWKOnPmTK7XY2Ji1LRp0xyv1axZUydPnpTValXt2rVzlNWqVUsnTpzQmTNnZDQaVbly5Rxl0dHRznZr1arlLKtevbrsdrtiY2OvuU8fH598yySpXr16RR0OAAAAAAAAoFSRAAYAAECJSEtLk9FozPGap6en0tLSZLPZcpV5eHgoLS1N6enpeZalp6c72/Xw8HCWGQwGGY1Gpaen3/A+09LSru3mAQAAAAAAgFJCAhgAAAAlwmQyKTU1NcdrKSkpMplMslqt+ZZ5eXkpJSUlzzJJucptNpvS0tJkMpmuq8/8ygAAAAAAAIDbCWcAAwAAoETUrl3buYWydCVRe/LkSdWpU0e1a9dWdHS0HA6Hs/z48eOqU6eOqlevLoPBoFOnTjnLTpw4oTp16kiSgoKCcrR74sQJeXh4qEqVKtfcZ0FlAAAAAAAAwO2EBDAAAABKRLdu3fTrr7/qzz//lM1m07Jly+Tn56cmTZqoRYsWcnV11apVq2Sz2bRnzx7t27dP3bt3l4eHhzp37qwFCxYoLS1N586d05dffqmePXtKksLCwrRixQpduHBBFotFCxcuVFhYmNzd3a+5z4LKAAAAAAAAgNuJwXH1MgcAAAAgD35+fpKkS5cu5Xg9NDRU7u7ucjgcslqtcnd3lyR99dVXqlixojZv3qz58+crMTFRDRo00MSJE1WzZk1J0rFjxzR9+nRFR0erUqVKev755xUaGipJSk5O1vTp07Vnzx4ZjUY98sgjevLJJyVJDodDn3zyiVavXi2r1arQ0FCNGzfOuV3ztfZZUNmoUaN04MAB2e122e12ubm5qWbNmlqyZElJDjsA4CbL7+cdAAAAANxOSAADAACgUAUlgLdv314aIQEAcMORAAYAAABQFrAFNAAAAAAAAAAAAACUESSAAQAAAAAAAAAAAKCMIAEMAACAa8b2zwAAAAAAAMCthQQwAAAAAAAAAAAAAJQRJIABAABQKF9fX0lSZGRkKUcCAEDJyP4Zl/0zDwAAAABuVySAAQAAUKj69etLkqZNm6aoqKhSjgYAgBsrMjJS06ZNk/T/f+YBAAAAwO3K4HA4HKUdBAAAAG5t69ev12OPPVbaYQAAUOJWrlypbt26lXYYAAAAAHDNWAEMAACAQj3wwANavny5QkJC5OPjU9rhAABwQ1WoUEHt2rXTihUrSP4CAAAAuO2xAhgAAAAAAAAAAAAAyghWAAMAAAAAAAAAAABAGUECGAAAAAAAAAAAAADKCBLAAAAAAAAAAAAAAFBGkAAGAAAAAAAAAAAAgDKCBDAAAABK3cKFCzVixIjSDuOamc1mvfrqq/rkk09uaLt79uxRr169dO7cuRvaLq7f7t271blzZ9lstpvWJ/MBAAAAAAAUhVtpBwAAAIBbm8Vi0dKlS7V06VL985//lMPhkNVqVVpamiZNmnTN7R49elTvv/++Pv74Y3Xs2FERERE3MOqby9fXV40bN1ZKSsoNbTckJETly5e/oW1eL7vdrvDwcM2bN0/+/v4l1s/p06c1f/58RUZGqlOnTsrKytKJEyf00EMPKSwsrMT6Lap27drJze3m/nPqRs2HvXv3at68eZo4caLq1avnfP2HH37QBx98oA4dOshkMunixYsaNWqU7rrrLn311VeaPXu2xowZo759+8rV1fW64wAAAAAAACJGf0EAACAASURBVCWDFcAAAAAokMlkUlhYmFxdXfXCCy9o9OjRGjdunNq3b39d7daqVUtjxoxxfu/icvv/p2lJ3MOtNi4uLi6aPHmyKlasWKL91KhRQyEhIapVq5ZeeOEFjRs3TkOGDNGMGTNKtN/iMBgMMhgMN7XPGzEf4uPj1bdvX/3www85Xn/wwQfl6empAQMGaOLEiWrTpo1mzJghd3d3PfDAA846JH8BAAAAALi1sQIYAAAAxfbnn3+qW7dukqSdO3fqxx9/lL+/v/z9/TVw4ECdOXNGCxcuVLVq1XT27Fn17dtXP/74o+Li4lStWjUZDAY1btxYc+fO1bfffitJSkxM1IwZM3T8+HHVr19fo0aNkiS9/vrrqlatmg4cOKCJEyeqSpUqzjisVqumTZsmf39/nThxQv/+9781e/ZsmUwmvfDCC1q2bJk2b96shQsX5oj/rbfe0smTJ1W7dm399ddf6tevnwYMGKDo6GgtXbpUVapUUUxMjJ555hmZTCa98sorKl++vFxdXRUVFaV+/frp/Pnz2rNnjx566CENGjRIknTw4EFNnTpVMTEx6t+/v7p166b33nsvx30//fTT+uijj3TXXXcpOjpa48aNk5+fX474Pv74YyUnJ8vPz09ms9n5+ocffigPDw+dOXNGjzzyiJo1a+Ysi4yM1OjRo7Vq1SolJibqzTff1FNPPaU6depo9uzZqlmzphITE/Xiiy/qP//5T55jdPLkSX3xxRfy9fXVyZMnNXXqVG3evFkff/yxevfurYiICD333HN65ZVXNHfuXFWvXl1bt27V7t275evrq4SEBI0dO1ZeXl457ueHH37QwYMHZbVa1aBBA917772aMGGCAgIC5OLiosjISP373//OcT95OXv2rOrXr59vu/369dORI0e0cuVKBQQEKCkpSePHj9f777+f4xlc/YsHed3zhg0b9OGHH6pz5846fPiw7rrrLgUHB+uvv/7S2bNnNW/ePPn6+spgMOjjjz9WTEyMbDabJk+eLB8fH/33v/+Vi4uLoqKi1KdPH3Xs2FGLFy9WYmKiLBaLevbsqaZNm+aYu1OnTtW5c+dyxeLq6prvfPjkk09ktVplsVgUEBCgIUOGaMOGDTme1+zZs3OMYUZGhlxcXHTvvfdq0aJFGjlyZL4J3WrVqun8+fMFPhMAAAAAAHDrIQEMAACAIrHZbJo1a5akK9sAN2/eXJL05Zdfavjw4QoODtbJkyclSe+8846efvpptWzZUnFxcYqPj1dISIg2bdqksWPH6uDBg6pWrZrmzp3rbN/X11djxoyR3W7X0KFDFRERoTZt2mj48OGqWrWq5syZo127dqlfv37Oa44cOaLLly9r0qRJOnv2rLy8vNSkSROdOHFCktSxY0dt3rw517107NhRdrtdr732mg4dOqRp06ZpwIABevfddzVmzBjVr19fu3fv1owZM/TBBx+oUaNGqlWrlvr27atly5YpNjZWL730ko4dO6bXX3/dmQBu2LChnnnmGV28eFGPP/64OnbsmOu+ly9frhYtWqhXr15asmSJVq9erSFDhjhj2717tw4fPqyZM2dKkjP+3bt3y2w2a/Lkydq/f78WLlzofB6SFBwcLE9PT0lXVldXrVrVeX3jxo01cOBAnTx5UkajMd8x8vf31/PPP69y5cpp2LBhOn36tNq2bavZs2fr8ccfV0hIiBo2bKgKFSpIkpKTk/XRRx9p5cqVcnV11fz58/Xll19q8ODBzriSk5P12Wef6fPPP5fNZlPv3r3Vp08fNWzYUHfffbd69+6tzz//XJs3b84zARwTE6NZs2bp4sWLioyM1EsvvVRgux988IEmT56satWqafTo0frrr79yPYOr5XXPoaGhmjt3riZMmCCr1apevXpp/PjxGjJkiF555RX98ccf6ty5s+x2u5555hm5urpq5syZ+uKLLzR8+HD17NlTVatW1a+//qr169erY8eO+vLLL7VmzRrZbDbFx8fnmruurq55xhIXF5fnfNizZ49OnDih6dOnS5KeffZZhYSE5Hpef7dz5061adNGPj4+qlu3rn777Td16NAhVz2Hw6Fff/1VrVu3zlUGAAAAAABubSSAAQAAUCTZW0BL0sqVK52vt2rVSq+++qrCw8PVu3dv2e12HThwQA0bNpQkBQYGKjAwUFu2bJGHh4ckqXHjxjlWMl7NxcVFTZo0UVRUlJo1a6Z169bJZDIpKipKlSpVylG3Zs2aOnbsmKZMmaLw8HBVq1at2PcVEBCgjIwM2e12HTp0SLVr15Yk1a9fP1eyUJIqV66s6OhoSVL58uWVkZGRq072aujTp09LUo77XrBggeLj4xUXF6eLFy+qRo0aOa49cOCAGjVqlKvNI0eO6Pz581q4cKEyMjKKfP5us2bNNGHCBJnNZvXv37/AuhaLRV999ZUqVqyoS5cuKSsrS9KVZ+Lm5qbGjRvnqB8dHS1/f3/nCtL69etrw4YNOeqcPHlS6enpWrRokaQrieq/n5UcEBDgHKu/y94CWpIuXbqk4cOHa/z48fLy8srVbnJyso4cOaIffvhBBoNB5cuXV2ZmpqScz6Ao95zNzc1NFStWdD7n/J55s2bNnFsq7927Vxs2bFB8fLyz/+DgYI0cOVLh4eHq3LmzfHx8cs3dvGLJbz4cPHhQtWrVcn5/9913O3+xIr/nJUn79u3T4cOHJV3ZwvqHH37IlQBesWKFvLy8dNddd+mxxx7L87kAAAAAAIBbFwlgAAAAFNujjz6q1NRUubm5adCgQWrdurU+//xz7dy5U++//76kK6uEr5XNZpOHh4e+/vprubm5aeDAgUpKSspVz8fHR0uXLtXmzZv10ksvaerUqdfcZzaHw+H8+3rOd82+h7x06dJFoaGheZZlZWXJ3d09z7KGDRtq6NChxYqjWbNmWrx4sVavXq1hw4bpiy++yLfuBx98oEGDBqlZs2b66aefitR+9nhlf53XmPn6+hY77rz4+fmpefPm2rNnjzp16pSr3exYBg4cKJPJ5Hx9y5Yt+bZ5Lfecl+znfeTIEW3atEmzZs3Srl27nFucv/POO9q9e7c++eQTnT59WoMHD841dz///PNcsRQ0H64e+6K4fPmyatas6fxFgOTkZPXr10/Jycny8fFx1hswYECeyWMAAAAAAHB7cCntAAAAAHB72rZtmy5evKg9e/YoODhYkyZN0okTJ+Ti4qJGjRpp165d19Suw+HQ4cOH1axZMyUmJjoTeXklu44fP6709HT16dNHvXv3VnR0tIxGY64VpkWRHXf26t5jx47lufKyKMxms9LT0/NckVyvXr0Cx6ZevXrav39/nq9HRETIZrPle63RaFRqamqO1/bs2aPAwEA988wzqlatmhISEvIdo8LG+++CgoKUkJAgq9UqKe8xq1Wrls6ePau4uLhC2yuM3W7X0aNHVbdu3TzbNRgMhY7v3xX3nvNz6NAhNW/eXJcuXcqRfM62b98+/eMf/9Bzzz2n48eP5zl384olv/nQuHFj51yVpKNHjxaatP3pp59ybAudvQ30tSS+N2/erISEhGJfBwAAAAAASp7rlClTppR2EAAAALh1WSwWffvtt/rjjz90+fJl7d69W7/++qs2b96s3r17a82aNfr999+1c+dOdenSRcHBwWrSpIkWLVqkHTt2aN++fQoMDNQvv/yiY8eOqWHDhvL399e6deu0a9cu1a1bV1WqVNHvv/+uEydO6Mf/x96dh2lV0P0f/8yCwDjAsMnmAq4QyqLhgv0yKi3r0itNC0tTM/PKyrRHu3zcTUnbNHIp3DIfd7PEfV9KBARBNkVlE8UFZcCJZWCYmd8fPs4lAgJiz+Dx9frncM/c9znf+z5n+GPec8554IEMGjQo++yzTzbffPOMGDEic+bMyYIFC/Lqq6/mc5/7XMrL372QzYIFC/KnP/0pc+fOzdy5c3PYYYela9euufbaazN58uTMnz8/kyZNyq677ppOnTo1vac777wzM2fOzO67754JEyZk1KhR2XPPPTN48ODcdNNNmTVrVp5++ukcf/zxSZJ//OMfWbx4cfr06ZMHHnggs2fPzoABAzJu3LiMGTMmgwYNSsuWLTNx4sS88MILuf/++/PDH/4wW265ZUaOHLnK+95+++1zzz335IknnsjUqVPTpUuXtG/fvmm2bbbZJuPHj8/IkSMzderUzJ49O+3bt8++++6bWbNm5bbbbsvUqVNTUlKy2uWjFy9enKuuuiqvvPJK5syZk8WLF6d169YZOXJknn/++VRUVOSrX/1qqqqq1vgZtWvXLldeeWVee+21pvvS1tbW5vHHH892222XrbbaKuPHj8+DDz6YysrKDBgwIF27ds1tt92W559/Pm+99VaOOeaYVc5YbdmyZaqqqjJixIhMmTIlr7/+erbaaqv8/e9/z7JlyzJgwIDcc889efnll7P33ns33cd47ty5GTlyZGbOnJk33ngjo0ePzsiRIzNgwIB861vfSqtWrVZbb9++fbPddtvlmmuuycSJEzN9+vTstNNOue+++1bZB++3cuXK1d7z8uXL8+ijj6Zv376prq7Ovffem44dO6aqqip33XVX6urqsscee+SFF17IrFmz8tRTT2XZsmU5+uij06lTp9x8882ZNGlSampqMnXq1Oyxxx4ZMWJE5s2bl4kTJ+bggw9OWVnZasdueXn5arMceOCBazwevvzlL2fmzJkZN25cnnzyyeywww7Zb7/9MmbMmFX213vGjx+f66+/Pu3atUvv3r2TJFOnTs3TTz+diRMnpnPnzpk1a1Yee+yxtGjRIl26dElVVVWSd89CvvPOOzNu3Lh06NAhvXv3zoUXXpiePXtmyy233Oj/YwAAAICPV0njxvyZOwAAAAAAAACbDJeABgAAAAAAACgIARgAAAAAAACgIARgAAAAAAAAgIIQgAEAAAAAAAAKQgAGAAAAAAAAKAgBGAAAAAAAAKAgBGAAAAAAAACAghCAAQAAAAAAAApCAAYAAAAAAAAoCAEYAAAAAAAAoCAEYAAAAAAAAICCEIABAAAAAAAACkIABgAAAAAAACgIARgAAAAAAACgIARgAAAAAAAAgIIQgAEAAAAAAAAKQgAGAAAAAAAAKAgBGAAAAAAAAKAgBGAAAAAAAACAghCAAQAAAAAAAApCAAYAAAAAAAAoCAEYAAA+oqUnnpjlf/hDc48BAAAAAE0EYAAA2EArH388jYsWpaSqKg2LFqVx0aKsfPzx5h4LAAAAAFLS2NjY2NxDAADA/5Wampoce+yxqayszBlnnJErr7wyv/rVrzZsHQMGpH7SpJT27JkkaZgzJ2X9+6fts8/+J0YGAAAAgPUmAAMAsF7mzp2ba6+9Ns8991y6du2aqqqqLFiwIJ/97Gdz5JFHbtS677333vTp0ye9evX6mKZduwcffDBLly7NCy+8kLvvvjsnnnhivvnNb27welY+/ngWH3RQkmTzv/wlLb7xjY97VAAAAADYYAIwAADr9Morr+QHP/hBWrduncsvvzzdu3dPkqxYsSLnnHPOBp9B+35z587N4YcfnnPPPTdDhgz5uEZeqxUrVqSsrCxlZWWpq6tLixYtNngdjYsW5d9DhqSsf/80LlqUhpdfTpvHHktJVdV/YGIAAAAAWH/lzT0AAACbvhtuuCFLlizJ4Ycf3hR/k2SzzTbLscce2/T4xhtvzEMPPZT27dunvr4+p556alq3bp2f/OQnmTNnTvbaa6+88cYbef3113PkkUfmS1/6Us4777w0NDTktttuS21tbcrKyvKb3/wm7dq1y7Bhw3LhhRdmyJAhOfDAA3P66aenV69eGT9+fDp16pTzzz8/lZWV+dWvfpXS0tJUV1enf//+Oeqoo/LEE0/kL3/5S6qqqrJ8+fKcc845GTVqVC666KJ0794922yzTSZOnJiuXbvm4osvTufOnXP11Vfn1VdfzYoVKzJlypQcddRROfjgg9f4mZTvs09an3NOkmTZ/y4BAAAAoLmVNvcAAABs+qZPn54k6fm/97x9v/cu2zxt2rRcfvnlGTJkSH79619nypQpueiii1JVVZVBgwYlSQ455JD86U9/ysqVK/O3v/0t3bt3b/reoYcemv333z/77bdf2rVrl4ULF+b222/Pfvvtl5KSkrRs2TI///nPc8opp2To0KGZNGlSHnvssYwdOzZPPPFEjj/++Fx00UXZZptt8s477+SXv/xldthhh5xxxhmZMmVKbr311uy7775Jkvbt2+e3v/1tDj744MyZMydPPfVUkmTQoEE5++yzM2zYsDQ0NOSaa65Z4+dRUlWVij/8ISVVVav8GwAAAACamzOAAQBYp4aGhiRJSUnJWp8zbdq0JEmnTp3SokWLtG/fPlOmTFnlOaWlpamsrExVVVWWLVv2odssLS3N6aefniRZunRpli5dmltuuaXp30lSW1ubHj16pK6uLoccckj22muvHHvssZk5c2aWL1+eadOmZfjw4enVq1fef+eT0tJ3/w5yq622SpIsX748ybuXuv7rX/+abt26ZcWKFU3vGwAAAAA+KZwBDADAOvXp0ydJMmvWrNW+N3r06FUevxdaGxoaPjQYb4iKiopccMEFue+++/Kzn/2s6Uze5N0zkC+77LIMHjw4Tz31VE477bSm7Q4aNCjnnXde/ud//icnnHDCh25j2rRpueCCC9K5c+ecfPLJadOmzccyOwAAAAD8XxKAAQBYpyOPPDJt27bNbbfdlnnz5jV9va6uLrfeemuSZOedd06SVFdXZ8WKFVm0aFH69u27znW3aNEiSdZ5RvDixYuTJJWVlat8/cknn0xFRUWGDRuW0047LUuXLs3222+f1q1bZ+LEiamrq1uv97hkyZI1rh8AAAAAPknKzjnnnHOaewgAADZtbdq0yRe/+MW89dZbuf766zNmzJg8/fTTufvuu7PTTjvls5/9bDp37pzWrVvnoYceypNPPpktttgip5xySpLk+uuvz1tvvZXOnTunsrIyI0eOTF1dXfr165c+ffpk3LhxGTt2bOrq6lJTU5OHHnooK1asSEVFRVNYbtOmTZ555plMmDAhNTU1mTFjRlauXJnddtstw4cPz/Tp0zN58uQceeSR2WmnnbLddttl/Pjxuf766zNlypS0bt06s2fPzhNPPJHGxsb8v//3/3LXXXdl9uzZKSkpydChQ/P888/n6aefzuuvv57XX389NTU16dOnT7bccsvm/PgBAAAAYL2VNL7/ZmgAAAAAAAAAfGK5BDQAAAAAAABAQQjAAAAAAAAAAAUhAAMAAAAAAAAUhAAMAAAAAAAAUBACMAAAAAAAAEBBCMAAAAAAAAAABVHe3AMAALDpe+aZZ5p7BAD4j9ttt92aewQAAICNJgADALBe/FIcgCLzx04AAEBRuAQ0AAAAAAAAQEEIwAAAAAAAAAAFIQADAAAAAAAAFIQADAAAAAAAAFAQAjAAAAAAAABAQQjAAAAAAAAAAAUhAAMAAAAAAAAUhAAMAAAAAAAAUBACMAAAAAAAAEBBCMAAAAAAAAAABSEAAwAAAAAAABSEAAwAAAAAAABQEAIwAAAAAAAAQEEIwAAAAAAAAAAFIQADAAAAAAAAFIQADAAAAAAAAFAQAjAAAAAAAABAQQjAAAAAAAAAAAUhAAMAAAAAAAAUhAAMAAAAAAAAUBACMAAAAAAAAEBBCMAAAAAAAAAABVHe3AMAAPDJ8MwzzzT3CAAAAADAOpQ0NjY2NvcQAAAAAAAAAGw8l4AGAAAAAAAAKAgBGAAAAAAAAKAgBGAAAAAAAACAghCAAQAAAAAAAApCAAYAoNldffXV+dGPfrTBr5s9e3Z++tOf5t577/0PTPV/b9SoUTnqqKNy1113NfcoG+zWW2/NN7/5zeYe42P3UY/NDzN79uwcf/zxhTluAQAAgE2LAAwAwIdaunRprrjiinz+85/P8OHD84c//CG/+93vct55523Uel966aUcd9xxSZK99977I62jV69e6dWr10bN8VFMnjz5P7LeHj165M9//nMmTJiQ8847L/X19R/r+v/+97/nkksu+VjX+Z4vfelL/5H1NrePemx+mOY6bj9MQ0NDvvWtb2XBggXNPQoAAACwkcqbewAAADZtFRUV+cpXvpKbbropP/vZz5q+/tBDD23UerfZZpucdNJJTY9LSz8Zf5s4derU/POf/0y/fv0+9nX37NkzSXL22Wd/7OtOkn322Se1tbVr/N6ECROy4447prKy8iOtu6ysbGNG26T9J47NTe14Ly0tzVlnnZUOHTo09ygAAADARhKAAQDYYJMmTcq+++6bJBk9enQeeOCBdOzYMR07dsx3vvOdvPrqq7n66qvTo0ePzJs3L9/4xjfywAMP5M0330yPHj1SUlKSvn375vLLL88dd9yRJKmurs7FF1+cmTNnZscdd8wJJ5yQJDn33HPTo0ePTJkyJaeeemq6deu21rnuv//+zJkzJwsXLswWW2yRY445ZpXvL1u2LMOHD0/79u2zfPnybLHFFhk6dGiuuOKKrFy5MkuXLk2nTp1y1FFH5Z577snll1+eIUOGZPr06enatWtOP/303HTTTZk/f35uv/327Lzzzjn55JMzdOjQPProo7nwwgtz+eWXrzbvtddem+rq6ixdujRf//rXM3DgwPzxj39My5Yt8+qrr+bQQw9NeXl5TjnllAwZMiTz5s3L22+/nUsvvTTt2rXLlVdemdLS0rz44os58MADVzsrdU3v+4P75ZBDDsm1116bJUuW5KyzzsqKFSvym9/8Jt26dcszzzyTHj16ZNddd83555+fOXPmpGfPnpk6dWoOOuigfPvb317jNhYvXpzf//736dy58yrzzJkzJzfffHOqqqoyZ86cDBs2bLVA/GH7deXKlbngggvSsWPHzJo1K8OGDcuDDz6Y22+/Pddee22eeeaZ/Pd//3fuuOOOVFRUNL1ubbMvXrw4l1xySTp37pxXX301X/nKV7LXXnvlV7/6VV588cX06tUr06ZNy+DBg1NeXp5nn302nTp1yoUXXrjWY/PBBx/MiBEjcsABB2T8+PG59NJLV9unH/wjgcceeyyPPfZYtt5660yfPj19+vRJkg993fTp03PiiSfmtttuS3V1dc4777wcffTR2WOPPdb7M5o/f/5q+2PGjBmrHLvHHHNM0/G75ZZbZvbs2bn++uvTrVu3vPzyy/nhD3+Yrbbaaq0/ewAAAMCmQwAGAGC91NfXZ/jw4UnevVxs//79kyR/+9vfcuyxx6Z3796ZM2dOkuTXv/51vv/972fgwIF5880389Zbb2XQoEF5+OGH8/Of/zzTpk1Ljx49cvnllzetv6qqKieddFIaGhpyzDHHZPz48fnsZz+bY489Nt27d89ll12WMWPG5KCDDlrrjP369ctXv/rVLFu2LIceeuhqAfimm27KFltske9///tJkkceeSTjxo3LrFmzmmLfcccdl0GDBmXvvffOlVdemZNPPjn19fXZf//9s2LFiuy66655/fXXm+53W1VVlT333DOf+9zn0qpVqzXO+7e//S133nln6uvr89Zbb2Xs2LFZtGhRzjrrrEyePDlXX311hg8fng4dOmTo0KHZcsstc/LJJ2fixIn5whe+kK9//evp3r17nnrqqdx///2rBeA1ve8P7pfNNtssu+66a/71r38lSe67775svvnmOeaYY7LTTjvl7rvvTvLuJY8bGhpyxhln5LnnnssFF1yQb3/722vcxvXXX5+ePXvmyCOPzIIFC/LII48kSTp27Jif/OQnqayszA9+8IO88sorTWc3v+fD9usLL7yQmpqanHnmmZk3b17KysoycODA3H777UmS3XbbLS1btlxt/69t9htvvDHbbrttUww+/PDDc/PNN+dzn/tcamtrc/bZZ2f69On55S9/mRtvvDH19fU58MAD884776z12Nx9991z6aWX5vDDD8+gQYPWuk/fU1NTkz/84Q+55ZZb0qpVqyxcuDBJ1vm63r17p1WrVknePWu+e/fuG/wZrWl/7LTTTqscux06dEi7du2atvub3/wmJ510UnbccceMHTs2F198cS666KLVPnMAAABg0yMAAwCwXsrKypouAX3rrbc2fX3XXXfN6aefnqFDh+aAAw5IQ0NDpkyZ0nR2Y5cuXdKlS5c89thjTUGqb9++WbRo0Rq3U1pamp133jkvvvhi+vXrl3vvvTcVFRV58cUXVzvT9IPmz5+fu+66K23atEldXd1q3580aVKGDh3a9PhLX/pSrr322myzzTZNX9thhx2aAvX733tVVVWWL1++xu22bNkyW265ZVasWJFbbrlltXl79+6d448/PkOHDs0XvvCFPPzww3njjTdy9dVXZ/ny5enYseNq6+zUqVPT9p555pk8+OCDeeutt7JixYr1et8f3C8f9MYbb6R9+/ZJ3g2cNTU1HzrDmrYxefLkHH300au9bunSpbn99tvToUOHLFy4cLV9sWLFig/dr1tvvXVmzJiRc845J0OHDl1lX6yv988+bdq0HHbYYUmSysrKbL755nnllVdWeX7nzp2bnl9WVpbNN998tf39/mNz++23T2lpacrLy9O3b99cd911H7pPX3rppXTv3r0p5r7nhRdeWOexsCYb8hl92P5479h9v4aGhjz33HNN0X7HHXfMtGnT1msuAAAAoPkJwAAAbLBvfetbWbJkScrLy/Pd7343u+22W2644YaMHj06v/vd75K8G5E+qvr6+rRs2TJ///vfU15enu985ztNZ2OuTWNjY84555ymOP3Xv/51rete02s/Dmub99e//nXGjh2bK664oik89unTZ7UzlNfkhRdeyMMPP5zhw4dnzJgxTZfMfv/sa3rfH9wvHzx7s2fPnhk9enSSdy/Z/JnPfGatM6xtGytXrlzjvWwvuuiixLvO4AAAIABJREFUfPe7302/fv3y6KOPrvb9de3XNm3a5Prrr88jjzySU045JcOGDftY703b2NiYkpKSj/Ta947NNfmwfVpXV7fWba7vsfB+G/IZrWt/rM17Pxcb83kBAAAA//dW/20NAACsh3/+859ZsGBBxo0bl969e+fMM8/MrFmzUlpams985jMZM2bMR1pvY2Njnn/++fTr1y/V1dVN93hdV6RdsWJFli9fnhYtWqz1ubvssstqc/Xt2zezZ89uevzSSy+lb9++a91OSUnJGs8uTrLWeSdMmJDBgwfnxz/+cWbOnJntt98+48ePX2OM/qCFCxeucp/bD1rb+/7gfvmg3XbbLdXV1bnmmmvy5ptvNl0We0O2sf3222fy5MmrPX9d+21d3585c2Zqa2tz4IEH5oADDsjs2bOz2WabZcmSJWud8cP07du36TNYsmRJlixZstpZr+vj/cfmB61rn2677baZPXt2li5dukGvS7LG974hn9GG/BwlafoZfu/nYsaMGU1/IPDII4/k7bffXuc6AAAAgOZTds4555zT3EMAALDpWrp0ae644448++yzqampydixY/PUU0/lkUceyQEHHJA777wzEydOzOjRozNkyJD07t07O++8c6655pqMGjUqEyZMSJcuXfKvf/0rM2bMSJ8+fdKxY8fce++9GTNmTLbbbrt069YtEydOzKxZs/LAAw9k0KBB2WeffbL55ptnxIgRmTNnThYsWJBXX301n/vc51Je/u6FbGbPnp377rsvS5cuzS677JLXXnstI0eOzNtvv51p06alT58+TfdMTd69FPOjjz6au+++O88880waGxszePDgzJw5M+PGjcuTTz6ZHXbYIfvtt1+efvrpPPbYYxk4cGCqq6tz9913Z9ttt812222Xa6+9Nu+8807at2+fO++8M23atEmfPn3Spk2bNc578cUXZ968eZk4cWIOPvjg7Lrrrpk1a1Zuu+22TJ06NSUlJamvr8/IkSPTpUuXdOzYMSNHjkxdXV2+9rWv5ZZbbsmkSZNSU1OTqVOnZo899kjbtm2TJOXl5Zk5c+Zq7/tf//rXKvulW7duufvuuzNz5sz07t07b7zxRm6++eY8++yzmTJlSkaPHp3Bgwfn4YcfzsyZM7P77rtnwoQJGTVqVPbee+9UV1evto3Pf/7zufHGGzN69Oi89NJLee655zJgwIB06NAhV155ZV577bWm+9MOGDCgaT+sa78uWLAgf/rTnzJ37tzMnTs3hx12WDp06JAxY8bknnvuyWuvvZbnnnsuPXr0yHbbbde03jvvvHO12ffcc8/sueeeuf/++zNjxow88MADOeKII7Lttttm5MiRmTFjRgYMGND0/J133jnz58/Pfffdl2222SY9e/Zc47E5ZsyYPP7449luu+2y1VZbpUePHqvt06222mqV91xWVpYRI0ZkypQpefnll/POO+9k6NChmT179lpflySLFy/OVVddlVdeeSVz5szJ4sWL07t37/X+jLbeeuvV9kfbtm1XOXYnTJiQBx98MJWVlfnMZz6Tvn375qabbsqsWbPy9NNP5/jjj0+7du1ywQUXpGfPnh8poAMAAAD/N0oaP67r3QEAAJ8Yjz/+eBoaGvLFL34x9fX1+e1vf5sddtgh3/zmN5t7NAAAAAA2gktAAwDAp9BDDz2U3r17J0nKysrS0NCQHj16NPNUAAAAAGwsZwADAMCn0IQJE3LfffelS5cu+fe//51OnTrliCOOaO6xAAAAANhIAjAAAAAAAABAQbgENAAAAAAAAEBBCMAAAAAAAAAABSEAAwAAAAAAABSEAAwAAAAAAABQEAIwAAAAAAAAQEEIwAAAAAAAAAAFIQADAAAAAAAAFIQADAAAAAAAAFAQAjAAAAAAAABAQQjAAAAAAAAAAAUhAAMAAAAAAAAUhAAMAAAAAAAAUBACMAAAAAAAAEBBCMAAAAAAAAAABSEAAwAAAAAAABSEAAwAAAAAAABQEAIwAAAAAAAAQEEIwAAAAAAAAAAFIQADAAAAAAAAFIQADAAAAAAAAFAQAjAAAAAAAABAQQjAAAAAAAAAAAUhAAMAAAAAAAAUhAAMAAAAAAAAUBACMAAAAAAAAEBBCMAAAAAAAAAABSEAAwAAAAAAABREeXMPAADAJ1tjY2OWLVuWZcuWZeXKlamvr09jY2Nzj/WJV1JSkrKyspSXl6d169Zp3bp1SkpKmnssAAAAADZxJY1+OwcAwEfQ0NCQmpqa1NbWNoXKsrKylJSUpKSkJI2NjZYbuWxsbEx9fX3q6urS0NCQVq1apW3btiktdSEfAAAAANZMAAYAYIPV1tZm4cKFadmyZVq0aNHc43xq1NXVZfny5Wnfvn1atWrV3OMAAAAAsAly6gAAABukuro6CxcuTEVFRVq0aNF0uWfL//yyRYsWqaioyMKFC1NTUxMAAAAA+CBnAAMAsN4WLVqUN954I127dnUZ4mbU2NiY119/PV26dEn79u2bexwAAAAANiF+awcAwHpZvHhxXn311XTs2DGlpaWbxBmxn9ZlSUlJOnTokHnz5mXx4sUBAAAAgPc4AxgAgPUyZ86clJSUpKqqqrlH4X8tWrQojY2N6dmzZ3OPAgAAAMAmwhnAAACs08qVK7NkyZK0a9dukzgD1vLdZbt27bJkyZKsXLkyAAAAAJAIwAAArIeamppUVFQ0Pd6QSHnVVVflwgsvXK/nH3nkkZk4ceKHPu+iiy7KX//61w2e4z+9fOihh3LyySev8vWGhoYMHz48l156aVasWPGxbzdJKioqUlNTEwAAAABIXAIaAID1MGvWrFRUVKRVq1ZN96Bd3+WVV16Z6urq/OIXv1jn8995551UVFRks802W+vzFi9enNLS0rRu3Xq952hoaEhpaekGzb2hy9ra2tTV1aWysrLp63PmzMmSJUuy8847/8e2u2zZstTW1qZXr17NfZgAAAAAsAkob+4BAADY9C1btuxjufzz/Pnzc9xxx+VHP/pRHn/88VRXV2e77bbLf/3Xf6WkpCQnnnhiTjjhhAwcODDTpk3LFVdckerq6nTs2DE/+tGPstNOO+WKK65Ip06dcsQRR2T58uW57LLLMnny5DQ0NKRXr1458cQTU1VVlYceeihPPvlkNttss7z55pv54x//uMo806dPz4gRI7JkyZLU19dnjz32yDHHHJOysrI899xzueqqq7J48eK0aNEihx56aPbZZ580NjbmgQceyD/+8Y/U19enrKwsBx10UL7yla/kn//8Zx588MH89re/TWNjY+6+++7cc889aWhoSOvWrXP00Uenf//+eeutt9b6GbxnQz7XzTbbLNXV1R/7PgcAAADgk0kABgBgnd472/T9/17f5fvXUVZWlhUrVuSdd97J+eefn2XLluXYY4/N5MmT069fv6bnLl68OOedd15OPfXU9O/fP48++miGDRuWv/zlL6vEzzvuuCPz5s3LFVdckZKSkvzyl7/MLbfckuOOOy4tWrTIc889l1NOOSW77777anNdddVV2X///bPvvvumrq4ul156aV5++eV07tw55557bn76059m7733zmuvvZaTTjop22yzTbp27ZrLLrssI0aMSNeuXfP222/n8ssvz5AhQ1Z5n5MmTcrNN9+ciy++OJ06dcrEiRNz/vnn5+qrr05paWlWrFiRRYsWZdiwYVmyZEl++MMfZtKkSRkwYMAGf77v/RsAAAAAEvcABgBgA2zMvWrf//gLX/hCkqR169bp1q1b5s+fv8rznn322VRVVaV///5Nzx8+fPgqETpJDjrooJx77rkpLy9PWVlZdtlll7z22mtNcbSioiKDBg1a41ydOnXK6NGjM3369JSWluakk05Kr169Mnny5LRp0yaDBw9OY2NjunXrlt133z2jRo1KixYtUlVVlfvvvz+vvvpqOnXqlLPOOistWrRYZf6nnnoqe+yxRzp16pQkGThwYNq2bZupU6c2PWfIkCFpbGxMRUVFunXrlrfeeusjf77vD+0AAAAAfLo5AxgAgHUqLy/PypUrU15e/pHuVZusGoNbt269yhms9fX1qzxv4cKFqaysbHpcWlqadu3arXZG8euvv54bbrghb775ZkpLS7Nw4cJsueWWTd+vqqpa61w//elPc/vtt+eyyy7L22+/nS9/+cv53ve+l+rq6rz99tv5/ve/37Sturq6DB48OKWlpRk2bFjuuOOOnHnmmSktLc2hhx6ar371q6vMv2jRovTo0aPpcUlJSdq0aZNFixY1Pa9Vq1arfH/lypWrPF7f5cqVK1cL0AAAAAB8egnAAACsU+vWrVNXV5eysrIkG38G8Lqe165du7zzzjtNX29oaMjcuXOboup7fv/732fnnXfOL37xi5SUlOS2227L1KlT12u7rVu3zuGHH57DDz888+fPz/nnn5+uXbumQ4cO6d69ey655JLVPofGxsb06NEjP/7xj5Mk06ZNy7nnnps+ffqs8ryqqqpVYm9jY2NqamrSvn37Nc61vp/PmpZ1dXVp2bLlarMCAAAA8OnkEtAAAKzT5ptvntra2iQbH3/X9bixsTH9+/fPokWLMnbs2DQ2NmbUqFE544wzVjsD+J133sn222+fkpKSzJs3L6NGjWqac03rfW9ZV1eXk046KbNnz05jY2M6duyYtm3bprGxMbvsskuqq6szbty4JMnSpUtz6aWXZubMmZk1a1ZOO+20/Pvf/05jY2O23HLLprOi37/+wYMH5+mnn266rPO4ceOydOnS9O3bd6Mj+QeXtbW1adOmTQAAAAAgcQYwAADroU2bNnnjjTfStm3bNV7WeWOXH1RZWZnTTjst11xzTS677LK0b98+p556akpLS1d53RFHHJHrrrsut9xyS7beeuscd9xxGTZsWEaMGLHKWbkf3F55eXkOOeSQ/P73v09tbW1KSkrSv3//fPnLX85mm22WM844I9dcc02uuuqqNDQ0ZO+9984222yT0tLS7LLLLvn5z3+exsbGlJeXZ+jQodl6663z4osvNm1vl112ydChQ3P22WenoaEhlZWVOf3007P55ptn+fLlq821tjnXtayvr8+yZcuy9dZbr3nHAQAAAPCpU9K4tt+6AQDA+8yaNSslJSWprKzc4HsAW/5nlv/+979TWlqanj17NvfhAQAAAMAmwiWgAQBYLz169MiSJUuyYsWKj/0MYMuPdu/fpUuXrnZfZAAAAAA+3QRgAADWS8uWLdOjR48sWrQoK1eu3CQi6Kd1uXLlyixcuDA9evRIixYtAgAAAADvEYABAFhv7du3T1VVVaZOnZply5ZtEjH007ZctmxZpk6dmk6dOqV9+/YBAAAAgPcTgAEA2CA9evRIv3798uKLL+bNN9/cJKLop2U5f/78vPjii+nfv3+6dOkSAAAAAPigksb3fqMEAAAboLa2NpMnT05NTU3atWuXtm3bplWrVmnRokXKysqae7xPvPr6+tTV1aW2tjY1NTVZtGhR2rVrl379+qVVq1bNPR4AAAAAmygBGACAjVJdXZ0FCxZk4cKFWbp0aWpra1NfX9/cY33ilZWVpVWrVqmoqEhVVVU6deqUDh06NPdYAAAAAGziBGAAAAAAAACAgnAPYAAAAAAAAICCEIABAAAAAAAACkIABgAAAAAAACgIARgAAAAAAACgIARgAAAAAAAAgIIQgAEAAAAAAAAKQgAGAAAAAAAAKAgBGAAAAAAAAKAgBGAAAAAAAACAghCAAQAAAAAAAApCAAYAAAAAAAAoCAEYAAAAAAAAoCAEYAAAAAAAAICCEIABAAAAAAAACkIABgAAAAAAACgIARgAAAAAAACgIARgAAAAAAAAgIIQgAEAAAAAAAAKQgAGAAAAAAAAKAgBGAAAAAAAAKAgBGAAAAAAAACAghCAAQAAAAAAAApCAAYAAAAAAAAoCAEYAAAAAAAAoCAEYAAAAAAAAICCEIABAAAAAAAACkIABgAAAAAAACgIARgAAAAAAACgIARgAAAAAAAAgIIQgAEAAAAAAAAKQgAGAAAAAAAAKAgBGAAAAAAAAKAgBGAAAAAAAACAghCAAQAAAAAAAApCAAYAAAAAAAAoCAEYAAAAAAAAoCAEYAAAAAAAAICCEIABAAAAAAAACkIABgAAAAAAACgIARgAAAAAAACgIARgAAAAAAAAgIIQgAEAAAAAAAAKQgAGAAAAAAAAKAgBGAAAAAAAAKAgBGAAAAAAAACAghCAAQAAAAAAAApCAAYAAAAAAAAoCAEYAAAAAAAAoCAEYAAAAAAAAICCEIABAAAAAAAACkIABgAAAAAAACgIARgAAAAAAACgIARgAAAAAAAAgIIQgAEAAAAAAAAKQgAGAAAAAAAAKIiSPn36NDb3EAAAAAAAAABsPGcAAwAAAAAAABSEAAwAAAAAAABQEAIwAAAAAAAAQEEIwAAAAAAAAAAFIQADAAAAAAAAFIQADAAAAAAAAFAQAjAAAAAAAABAQQjAAAAAAAAAAAUhAAMAAAAAAAAUhAAMAAAAAAAAUBACMAAAAAAAAEBBCMAAAAAAAAAABSEAAwAAAAAAABSEAAwAAAAAAABQEAIwAAAAAAAAQEEIwAAAAAAAAAAFIQADAAAAAAAAFIQADAAAAAAAAFAQAjAAAAAAAABAQQjAAAAAAAAAAAUhAAMAAAAAAAAUhAAMAAAAAAAAUBACMAAAAAAAAEBBCMAAAAAAAAAABSEAAwAAAAAAABSEAAwAAAAAAABQEAIwAAAAAAAAQEEIwAAAAAAAAAAFIQADAAAAAAAAFIQADAAAAAAAAFAQAjAAAAAAAABAQQjAAAAAAAAAAAUhAAMAAAAAAAAUhAAMAAAAAAAAUBACMAAAAAAAAEBBCMAAAAAAAAAABSEAAwAAAAAAABSEAAwAAAAAAABQEAIwAAAAAAAAQEEIwAAAAAAAAAAFIQADAAAAAAAAFIQADAAAAAAAAFAQAjAAAAAAAABAQQjAAAAAAAAAAAUhAAMAAAAAAAAUhAAMAAAAAAAAUBACMAAAAAAAAEBBCMAAAAAAAAAABSEAAwAAAAAAABSEAAwAAAAAAABQEAIwAAAAAAAAQEEIwAAAAAAAAAAFIQADAAAAAAAAFIQADAAAAAAAAFAQAjAAAAAAAABAQQjAAAAAAAAAAAUhAAMAAAAAAAAUhAAMAAAAAAAAUBACMAAAAAAAAEBBCMAAAAAAAAAABSEAAwAAAAAAABSEAAwAAAAAAABQEAIwAAAAAAAAQEEIwAAAAAAAAAAFUd7cAwBs6nbeeefmHgEAAAAA+F9Tp05t7hEANmklffr0aWzuIQAAAAAAAADYeC4BDQAAAAAAAFAQAjAAAAAAAABAQQjAAAAAAAAAAAUhAAMAAAAAAAAUhAAMAAAAAAAAUBACMAAAAAAAAEBBCMAAAAAAAAAABSEAAwAAAAAAABSEAAwAAAAAAABQEAIwAAAAAAAAQEEIwAAAAAAAAAAFIQADAAAAAAAAFIQADAAAAAAAAFAQAjAAAAAAAABAQQjAAAAAAAAAAAUhAAMAAAAAAAAUhAAMAAAAAAAAUBACMAAAAAAAAEBBCMAAAAAAAAAABSEAAwAAAAAAABSEAAwAAAAAAABQEAIwAAAAAAAAQEEIwAAAAAAAAAAFIQADAAAAAAAAFIQADAAAAAAAAFAQAjAAAAAAAABAQQjAAAAAAAAAAAUhAAMAAAAAAAAUhAAMAAAAAAAAUBDlzT0AwCfFAQcckH333TedO3dOTU1Nxo4dmxtuuCHLly//yOvs2rVrqqqqMn369I+8jl122SWvvfZaFixY8JHXAQAAAAAAFIMzgAHWw+GHH5799tsvf/7zn/O9730vZ599drbYYouccsopG7Xe3XbbLb17996odey///7p0KHDRq0DAAAAAAAoBmcAA6xDu3bt8vWvfz1nnnlmZsyYkSR54403Mnz48Oy1114pLS1NY2Njvv3tb2evvfZKSUlJXnrppVx11VVZtmxZvva1r2XrrbdOy5Yts8UWW6SsrCy/+93v0q1btxx66KGpr69PZWVlrr/++nz+85/PIYcckhYtWuTNN9/MJZdc0nRm75577pnDDjssrVu3zuTJk/PnP/85BxxwQAYOHJiePXvmuuuuy9ixY9c6BwAAAAAAUHzOAAZYhx122CHV1dVN8fc9y5Yty6OPPpqGhobstddeGThwYH7xi1/khBNOSGlpab7xjW8kSRoaGjJo0KBcd911Of3/t3dvsV3Whx/HP63IoQdbaDAEYfYCmCULHsqcp7gLUIcaFkGS4ZQZDxFkZiYmms1oTJUsLNkku5jTC+OMDJREzTxxsS1hGQuLyFCGWkRRo2YUaKkcSmXt73/B31/WiYLixvbd63XT/p7f93me79Pbd7/P9847s23btlx00UXZtGlT1q5dm2eeeSaPPfZY6uvrc9NNN+Xee+/NokWL0tXVlTlz5iRJRo8enRtvvDFLlizJwoUL09jYmEsvvTRPPfVUtm/fnvvvvz/r1q37zHkAAAAAAADlE4ABjqCuri69vb2fOaa9vT1r166t7ge8Zs2anH766dXvOzs709PTkyR5991309LS8olr7Nu3LzfeeGN27NiRJPnrX/+acePGJUmmTZuWLVu2pKurK4ODg7n//vvzwgsvfO55AAAAAAAAZfMKaIAj2Lt37xH32G1qasqePXuGnHPSSSdVPx84cKD6e6VSSW3tJ///pqamJrNnz860adOSJA0NDdUY3NTUlH379h32ep9nHgAAAAAAQNmsAAY4gs7OzjQ1NWXq1KlDjg8fPjwLFy7MiBEj0tvbm8bGxup3DQ0N2b179+e6z3nnnZevf/3rue+++/KjH/0oTz75ZPW7w13/cKuIv4x5AAAAAAAA/70EYIAj2LdvX55++unceuutaW9vz6hRozJ+/PjccccdqaurS39/f9avX58LLrggw4cPT01NTWbMmJENGzYc8doDAwOpr69PkjQ2Nqarqyv79+9PQ0NDLrzwwowYMSJJsmnTppx22mmZMGFCamtrs2jRopx//vmfuMYXnQcAAAAAAFCGE8aOHXvP8Z4EwH+6zZs35+DBg5kzZ06uuuqqfOMb38iGDRvy8MMPp1Kp5P33309LS0uuu+66zJo1Kx988EFWrlyZgYGBTJo0KS0tLfnzn/+cJEM+VyqVXHPNNTnllFPy7LPPZubMmZk9e3bOPPPM/PrXv87FF1+choaGvPjii9m+fXsWLlyYK664Ih988EFWrFiRwcHBNDc3Z8GCBenr68uaNWs+dR4AAAAAAED5atra2irHexIAAAAAAAAAHDuvgAYAAAAAAAAohAAMAAAAAAAAUAgBGAAAAAAAAKAQAjAAAAAAAABAIQRggCNobW1Na2trkuTUU0/9r/4JAAAAAACUraatra1yvCcBAAAAAAAAwLGzAhgAAAAAAACgEAIwAAAAAAAAQCEEYAAAAAAAAIBCCMAAAAAAAAAAhRCAAQAAAAAAAAohAAMAAAAAAAAUQgAGAAAAAAAAKIQADAAAAAAAAFAIARgAAAAAAACgEAIwAAAAAAAAQCEEYAAAAAAAAIBCCMAAAAAAAAAAhRCAAQAAAAAAAAohAAMAAAAAAAAUQgAGAAAAAAAAKIQADAAAAAAAAFAIARgAAAAAAACgEAIwAAAAAAAAQCEEYAAAAAAAAIBCCMAAAAAAAAAAhRCAAQAAAAAAAAohAAMAAAAAAAAUYtjxngDAf7ra2tosXbo0g4ODQ453dXXlpz/96Zd+v+uuuy4bN27Mhg0bvvRr/zvV1tbm8ccfz8GDB5Mk/f392bJlS1atWpWtW7f+2+Zx++23Z926dfnDH/7wb7snAAAAAAAcLwIwwFG67777smfPnn/5fVasWFGNpiVYtGhRent709zcnAsvvDB33313lixZks7OziHjamtrPxHZAQAAAACAz0cABjhG119/fdavX5+XX365+vnFF1/MK6+8ku9973t577330trampNOOind3d159NFHU6lUMm7cuMybNy+jR4/Ojh07snLlyvT09GT+/PnVFcDjxo3L3Llz09DQkL///e95/vnn89prryVJOjo68txzz+WMM85IU1NT1q9fn9///vdJkvb29sycOTPDhg3Lrl27smLFivT29n5i7qNGjcqVV16Z1tbWHDhwIE8//XTeeOON1NXVZc6cOTnllFMyODiYv/zlL/ntb3+bJJ/5TJ9l9+7d+c1vfpORI0dm/vz5ueeee3L55Zdn4sSJaW1tzcaNG7N+/fosXrw4t956a5Jk8uTJWbhwYW677bbMnj07X/nKVzJq1KiMGTMmH330UZYtW5aenp4kyYIFC3LOOeektrY2mzZtygMPPCAoAwAAAADwP8cewAD/QpVKJZMnT84jjzySZcuWZezYsZk0aVKS5KqrrsqaNWvS0dGRzs7OzJkz5xPnX3311Vm7dm2WLl2a5cuXZ/78+amrq0uSDA4OZsyYMXnwwQfz4IMP5uKLL86JJ56YUaNGZe7cuXnooYeyZMmSdHd3Z+bMmYed3yWXXJIPP/ww9957b5544olcffXVOeGEEzJr1qz09fVl6dKl+fnPf56zzjorkydPPuIzHY1169blq1/9amprazMwMJDp06fnZz/7WVasWPGZ53089qGHHsoPf/jDvPXWW7nyyiuTJNOnT8/pp5+eH/zgB7nlllsyadKknHPOOUc9JwAAAAAAKIUVwABH6e677x7y+bXXXsvDDz98xPM2b96cgYGBJIf2DW5qakpzc3NGjx6dV155JUmyZs2a/OlPfxpyXktLS5qbm7Nx48Ykyd/+9rfs2LEjp556anUV8Merjnt7e9Pf35/GxsZ0d3eno6MjBw4cSJK8+eabOeussw47t7a2tjz66KNJknfeeSc/+clPMjAwkNNOOy2/+tWvkhzau3fTpk0fZ/UNAAAIBUlEQVSZMmVK3njjjU99pqPV3d2dYcOGZcSIEalUKtm2bVu2b99+VOe++uqr1ZXMGzZsyIIFC5IkL730UjZv3lx9dfaWLVsybty4o54TAAAAAACUQgAGOEodHR1faA/g/v7+IZ9ra2vT2NiYvr6+6rGBgYFqUP1YQ0ND9u/fP+TY/v37U19ff9hrVyqV1NTUJEm++c1vZsqUKUmSurq66muS/1lDQ8OQeezbty9J0tjYOOTe+/fvHxJUD/dMR2vMmDHp7++v3vfDDz886nM/nl+S9PX1paGhoTrfa665JhMmTEilUsnJJ5+cF1544aivCwAAAAAApRCAAb4EH4fXJBk5cuQRx+/Zs6f6KuckGTZsWJqbm7Nz587qsb179w4ZkxyKuUeK0GeccUa+9rWv5Re/+EX6+voyffr0T10BvHfv3tTX16e7uztJMnbs2HR3d2fPnj1DjtfX13+h+H04F1xwQXXl8j/7x4idHNqj+B81NjZWf6+vr6/G4+985zupqanJnXfemcHBwSxevPhLmSsAAAAAAPy3sQcwwDHavXt3xo4dm+TQa5vHjx9/VOf09PRk+vTpSZLzzjsv3/72t4eM2bVrV3p6enLmmWcmScaPH5+Wlpa88847n3nturq6dHd3p6+vL3V1dWlvb8/w4cMPO/b111+v7pU7ceLEfP/7309y6FXLZ599dpJDEXbatGnV105/USNHjsysWbNyySWX5PHHHz/smF27dqW5ubkafv95H9+2trbq3/rcc8+tzqmxsTFvv/12BgcH09ramqlTp37qMwMAAAAAQMmsAAY4Rn/84x/z3e9+N1OmTMn27dvT2dk5ZBXrp1m+fHnmzZuXSy+9NDt37szKlSsPO2bu3Lm56KKL8tFHH+Wxxx6r7u37aV5++eW0t7fn9ttvT29vb55//vlce+21+da3vpXVq1cPGbt69erMmzcvd911V/r7+7N8+fIMDAxk9erVmTt3bu64444MDg5m7dq12bZt2+f7w/y/Bx54IEly8ODBbN26NR0dHXn33XcPO7anpye/+93v8uMf/zg7d+7MSy+9lKlTpw55thtuuCETJkxIV1dXli1bliR59tlns3jx4syYMSNbt27NI488kptvvrm6ZzEAAAAAAPyvqGlra6sc70kAwJFcdtllmThxYn75y18e76kAAAAAAMB/LK+ABgAAAAAAACiEAAwAAAAAAABQCAEYgH+JVatWZdWqVdXfj/Xnc889lxkzZhzTdQAAAAAAoHT2AAYAAAAAAAAohBXAAAAAAAAAAIUQgAEAAAAAAAAKIQADAAAAAAAAFEIABgAAAAAAACiEAAwAAAAAAABQCAEYAAAAAAAAoBACMAAAAAAAAEAhBGAAAAAAAACAQgjAAAAAAAAAAIUQgAEAAAAAAAAKIQADAAAAAAAAFEIABgAAAAAAACiEAAwAAAAAAABQCAEYAAAAAAAAoBACMAAAAAAAAEAhBGAAAAAAAACAQgjAAAAAAAAAAIUQgAEAAAAAAAAKIQADAAAAAAAAFEIABgAAAAAAACiEAAwAAAAAAABQCAEYAAAAAAAAoBACMAAAAAAAAEAhBGAAAAAAAACAQgjAAAAAAAAAAIUQgAEAAAAAAAAKIQADAAAAAAAAFEIABgAAAAAAACiEAAwAAAAAAABQCAEYAAAAAAAAoBACMAAAAAAAAEAhBGAAAAAAAACAQgjAAAAAAAAAAIUQgAEAAAAAAAAKIQADAAAAAAAAFEIABgAAAAAAACiEAAwAAAAAAABQCAEYAAAAAAAAoBACMAAAAAAAAEAhBGAAAAAAAACAQgjAAAAAAAAAAIUQgAEAAAAAAAAKIQADAAAAAAAAFEIABgAAAAAAACiEAAwAAAAAAABQCAEYAAAAAAAAoBACMAAAAAAAAEAhBGAAAAAAAACAQgjAAAAAAAAAAIUQgAEAAAAAAAAKIQADAAAAAAAAFEIABgAAAAAAACiEAAwAAAAAAABQCAEYAAAAAAAAoBACMAAAAAAAAEAhBGAAAAAAAACAQgjAAAAAAAAAAIUQgAEAAAAAAAAKIQADAAAAAAAAFEIABgAAAAAAACiEAAwAAAAAAABQCAEYAAAAAAAAoBACMAAAAAAAAEAhBGAAAAAAAACAQgjAAAAAAAAAAIUQgAEAAAAAAAAKIQADAAAAAAAAFEIABgAAAAAAACiEAAwAAAAAAABQCAEYAAAAAAAAoBACMAAAAAAAAEAhBGAAAAAAAACAQgjAAAAAAAAAAIUQgAEAAAAAAAAKIQADAAAAAAAAFEIABgAAAAAAACiEAAwAAAAAAABQCAEYAAAAAAAAoBACMAAAAAAAAEAhBGAAAAAAAACAQgjAAAAAAAAAAIUQgAEAAAAAAAAKIQADAAAAAAAAFEIABgAAAAAAACiEAAwAAAAAAABQCAEYAAAAAAAAoBACMAAAAAAAAEAhBGAAAAAAAACAQgjAAAAAAAAAAIUQgAEAAAAAAAAKIQADAAAAAAAAFEIABgAAAAAAACiEAAwAAAAAAABQCAEYAAAAAAAAoBACMAAAAAAAAEAhBGAAAAAAAACAQgjAAAAAAAAAAIUQgAEAAAAAAAAKIQADAAAAAAAAFEIABgAAAAAAACiEAAwAAAAAAABQCAEYAAAAAAAAoBACMAAAAAAAAEAhBGAAAAAAAACAQgjAAAAAAAAAAIUQgAEAAAAAAAAKIQADAAAAAAAAFEIABgAAAAAAACjE/wGRE5GdQHux2gAAAABJRU5ErkJggg==' height='250' width='300'/> ]]>
  </system-out>
</testsuite> <!-- com.tribu.qaselenium.tests.negative.NegativeTests -->
