<?xml version="1.0" encoding="UTF-8"?>
<!-- Generated by org.testng.reporters.JUnitReportReporter -->
<testsuite hostname="station" failures="0" tests="1" name="com.tribu.qaselenium.tests.apimazaprendo.MAAssignF2FCourseTests" time="45.948" errors="0" timestamp="2022-04-17T19:24:25 COT" skipped="0">
  <testcase classname="com.tribu.qaselenium.tests.apimazaprendo.MAAssignF2FCourseTests" name="assingF2FCourse" time="45.948"/>
  <system-out>
    <![CDATA[ <img src='data:image/png;base64,iVBORw0KGgoAAAANSUhEUgAAB4AAAAOiCAYAAACRicroAAAAAXNSR0IArs4c6QAAIABJREFUeJzs3XdYU9f/B/B3GDKiAk7AUYPWVkFtiyLuhaN11YriwlXFnxP168BarasubF3oV0XRFjeuKmoRxFYFEcW6wFGFqigq1YCMoIz8/uDJ/RIIIYFAEN+v5+ExuePck3tz7r3mcz/niCwsLOQgKmXt27fXdxVIDy5evKjvKhAREREREREREREREb13Hj9+XOx1DXRYDyIiIiIiIiIiIiIiIiIi0iMGgImIiIiIiIiIiIiIiIiIKggGgImIiIiIiIiIiIiIiIiIKggGgImIiIiIiIiIiIiIiIiIKggGgImIiIiIiIiIiIiIiIiIKggGgImIiIiIiIiIiIiIiIiI3hOjRo1SO58BYCIiIiIiIiIiIiIiIiKi94Ai+KsuCGxUVpWhD5tcLtd3FYiIiIiIiIiIiIiIiIjeW/mDvqNGjcIvv/xSYDkGgKlMMABMREREREREREREREREVDyFZfyqCgIzAExlQpMA8IgRIzB8+HCdbG/Pnj3YvXu3Tsoi/Vu6dCnkcjkWLlyo76pUeBKJBIMHD4azszMAICIiAgcPHkRcXJyea0ZERERERERERERE9OFSlelbmBIFgMViMZycnNCgQQNIJBIAQFxcHP755x9ERkYiLS2tJMVTBaJJAFhXwV9FWf7+/jorj/RHIpHAwcFBeM1AZOlxcHDA0qVLlaY5OzvD2dkZCxYswO3bt/VUMyIiIiIiIiIiIiIi0lSxA8Bubm7o06cPKleurDS9WbNmAIDU1FQEBgbiwIEDJashVQiaBIDT0tIgFot1sr20tDR2O11B9OnTR+n1xo0b9Vibim3KlClq5/3f//1fGdaGiIiIiIiIiIiIiIiKQ+sAsFgsxty5c4VAb2EqV66MIUOGwN7eHqtWrWI28AdOk2Cst7c3vvnmG51s78iRIwwAVwBisRhdu3YV3nft2hV+fn48n5QCiUSC2rVrFzq/du3azMAmIiIiIiIiIiIiInoPaB0A9vLyErpjzS8uLg4HDhzAlClThMzgZs2aYe7cuRy78wOnSTA2LCwMYWFhZVAbel906dJF5bTAwEA91KZi0yT7XlcZ+kREREREREREREREVHoMtFnYzc1NbfB3wYIFuHz5coFgb7NmzeDm5qbRNoYNG4akpCSlv/j4eISGhuLLL7/UprrvvVq1aiEpKQl79uzRet21a9ciKSlJyNT+/PPPMXr0aGH+lStX8OjRI53VtShyubzc/k2bNg3BwcE4duwYjIyM1C7r7u6O4OBgtGzZUuvtdOrUCcHBwRgwYIBGy3t6eiI4OBh2dnZFLlu1alW4u7vD0NBQ7/sz719J5e3+Wd204vj555+RlJSER48ewcTEpMD8adOmoWHDhkWWU61aNSQlJb333d03aNCgyGVq1qxZ7LJPnDiBpKQkrFixQmne559/jtDQUDx//hzXr19X6gWgWrVq2Lt3L+Lj4xEbG4tFixYJ80QiEZYsWYIHDx4gISEB/v7+sLS0FOYPGTIE169fx4sXLxAaGqp07Sqtbar7nEREREREREREREREZUXjDGCxWFxo4EUR/FXXLWufPn0QGBiocdet586dQ2hoKACgRo0aGDVqFPz9/dG2bVvcv39f02qXKyKRqMy6Jd6xYwdCQkKEIO/s2bNha2uLXbt2AQBmzZqlMuj1oTEyMkKnTp1w+fJltG7dGm3btsWff/5ZKtu6desWfvjhB8TGxmq0/PHjx3HlyhU8f/68yGVdXFwwcuRIHDx4EFlZWSWtapl+V2vVqlXo2LOquiSuXbs2lixZonJ5Hx8fvHz5sshtGhsbY8CAAThz5gx69OiBL7/8EseOHRPmN2/eHEuWLMG9e/fw8OFDtWWlpKRg+PDhePHiRZHbLc/++eefIpdJTEzUutzWrVvj6NGjKss3MTHBvn37kJOTg8WLF8PNzQ2+vr64efMmHjx4gPXr16NHjx5YtWoVPv30U0yfPh0PHz6Ev78/PDw8MG3aNOzZswdPnz7F7NmzkZ6ejgkTJsDBwQH//e9/cfnyZWzbtg3/+c9/sHv3bjg6OsLIyKhUtqnucxIRERERERERERERlSWNA8BOTk5Ct855hYaGKo3JKZFIVAZnKleuDCcnJ5w7d06j7V2+fBkbN24U3r99+xZz5syBo6Mj7t+/jxo1amDlypXo3LkzjI2NERAQgLlz5yI7OxuffPIJNm3aBHt7e0RFReHSpUuYPXs2hg0bhlOnTuH69evIzMzE4cOHMX36dHzxxRd49+5doeXVrl0b3t7e6NChA0xMTHDz5k3MmzcPf/31FwBg5syZGDt2LKpXr4579+7By8sLERERqFu3Lm7fvo1ff/0VNjY2kEgkaNmyZYHPWtj6mhyTpUuXwsHBAZmZmfjjjz8wc+ZMvH79Gt9++y3GjBmDDh06wM/PDx9//DEAICkpCY0bN8aaNWtQq1YtfPTRR8JxW758OZycnAAAkZGRmD9/vsbByqJoEkysXbs2evbsqZPtBQUFaRSQc3JyQtWqVeHv7w8bGxu4uLjgjz/+EObXr18fs2fPRsOGDRETE4PHjx8D+F9G8+7du5GVlYWjR49izJgxyMzMxNq1a2Frawt3d3ekp6dj1apVuH79Opo1a4bvv/8emzdvxuHDhzF79mz06tUL8+fPx/jx42FtbY2rV69ixYoVyMjIQN++fdG3b194eHjg4cOH6NWrF4YMGQJra2skJycjODgYfn5+mDZtGvr27QsACAwMxLJly9CyZUv06tUL3t7e+L//+z/4+PggJCQEw4YNQ9++fWFhYYHHjx/Dx8cHt2/fRq1atbBv3z6cOnUKNWrUgK2tLUaNGqWTY1EUsVhc5Jji+RW2vKZdFPfo0QNWVlZYvXo1GjRoADc3NyEA/M0338DPzw8AcODAAezcuRMzZswotJ1WqVIFe/bsQVBQENzc3CASieDh4YFvv/0WdevWRXx8PPz8/LBlyxYAKPJ8oi+aPJxTnLGXzc3NMWnSJMTHxyMkJERpXrt27WBtbY2FCxfiv//9L+7cuYNjx45hwIAB8PHxwZdffonQ0FB4e3vD1NQU/fr1g6urK/z9/eHq6oo3b95g6tSpyMnJQceOHdGvXz9MmTIFAwcOhEgkEvZrtWrVMGvWLDg5OcHMzKxUtqnucxIRERERERERERERlSWNA8ASiaTAtNDQUKUgrSL4qypQrJivaQDYwsIC9evXB5CbAdyrVy8AQExMDABg+/btaNOmDUaMGAGxWAw/Pz/ExcVh06ZN8PX1FcYelkql8Pb2BgC8e/cOAJCZmQkbGxs4OTnBy8sLycnJ2LNnT6HlLVmyBC4uLhg1ahRSUlLw008/wdvbGy4uLhgwYAAWLlwIf39/7N27F/7+/vjll1/wySefCNvr168fjh49in379hX4nOrWL8rOnTvx+vVrfPPNN6hevTo2b96MGTNmYMGCBUrLjRkzBqGhofjnn38wadIkvH79Wmm+mZkZjh8/jsqVK8PLywsikQirV6/GkSNH4OzsjIyMDI2OmTqaBIDXrl2rMuOzOHr27Ilhw4YVuVz37t3x4sULxMTEIDQ0FCNGjECVKlXw5s0bAMC8efPQqFEjbNiwAWlpaZg2bRqA/wWAs7KyUKtWLdSvXx+bN2/G3LlzMXv2bJw/fx7r16/HvHnzMGnSJIwfP17YB4p1MzMzAeR2Vfvf//4Xffr0QYcOHfDVV1/h8OHDQh3lcjlsbGwwa9YshISEYPny5XB0dMSwYcNw9+5d7Nu3Dw0bNkTTpk0xc+ZMxMbGokWLFgByv187duzA3bt30alTJ3z77bc4ffo0fv/9dyxevBg//PADXF1dhe9qx44dce7cOQQFBZVZBnBcXBw2bNgg7Nvi2rBhA+Li4jRa1s3NDY8fP8bVq1dx+PBhzJo1C9WqVcPr169x7tw5bN++HePGjcP333+PEydOaNVOx40bh1WrViEgIADfffcdRowYgZUrVyIjIwO7du1Sez7Rp7i4OLx48aLQNvjixQuN929einO+qodfGjVqBABCTwWK8hs3bgyJRAIjIyNhXkZGBp4/f47GjRsL6z59+hQ5OTnCus7OzqhXr57QdbeqchU9H+h6m+o+JxERERERERERERFRWSp2APj27dtKwV+xWKw2+KuqDHUmTpyIiRMnCu9fvXqF2bNn48aNG6hduzY6d+6M4OBgBAcHAwAmTZqEESNG4PDhw2jevLnQ9ScAdOjQASNHjlQKaFWuXBkTJ04UAh6Flbdp0yaYmZnBzMwMrVu3RmhoKLp27Yq3b98CAIKDg9G4cWMkJSXh3bt3iIyMxFdffaU0VmZiYiJmzJih8nNqsn5hzM3NYWJighYtWiA8PBwSiURl0O727duQy+VIT0/H1atXC8zv0aMH6tWrh59++kkYx/Tzzz/HhAkT0L59e51ks2maAawr1tbWRW6zcuXKcHZ2RlBQEGrUqIGbN2/CyMgIXbp0wbFjx1C9enU0btwYN2/exG+//QYAaNGihdAVuqL8SpUqYdu2bZDJZBg+fDjq1q2Lbdu2ISUlBUOHDkX9+vUL1CXv+wMHDiAyMhLJycno0KGDyuNYqVIliEQifPTRR6hXrx7Onj2rNDa0IjPz7t27kMlkwvR9+/YJXaknJiZi4MCBSElJQWZmJqKjo9GuXTulMUylUil+/vlnzXayDp07dw6JiYmYO3eu2nOIKqmpqVi1ahVu376t0fKWlpbo2bMn9u3bB1tbW1y6dAnGxsb45ptvsH37dkilUsTHxwMA/v77bzx69AivXr0qtJ1mZ2crlT927Fi8e/cOnp6eQpv7+uuv4e7ujl27dqk9n+hbZGSkkE2uap6uKTK2FZ9f8a+5uXmBeUDuQzxVq1YV1s07T/FaLBYL3yHFgw15yzU1NS2VbRIRERERERERERERlRcGxV0x74/lpeHIkSMYPnw4pk+fDrlcjocPH8LX1xcAYGNjAwDo0qULnj59iqdPn8LR0REfffSREDh99uyZUJYimJNXamqq0EWwuvIAwMvLC+fOncOMGTNw6tQp/P333/D09ASQ20Wwn58fHjx4gJcvXwqZysbGxsK21I0hqsn6hRk+fDgSExOxevVqXLx4ETdu3ECXLl2KXC+/unXrAgCePHkiTFPsvzp16mhdniqKrFd1f9evX9fJtgDg+vXrRW5P0d13nz59cPDgQSHw2b17d8jlciEw+urVK2EdxfiyectJS0tDenq68Prdu3d48+aN8N7Y2FhYNv+6APD8+XPI5XKkpKQAgMrlY2NjsW7dOtSoUQPfffcd9u3bh02bNqFWrVpqy37y5Inwvnbt2liwYAGOHj2KM2fOoE2bNgAAQ0NDlcvr4k8bt2/fxsKFC5GamqrxOqmpqVi4cKHGwV8A+Prrr2FiYoLRo0cjJiYGx48fB5CbiV0Ybdpp3bp18fr1a6SnpwPI7XZdJpPB1tYWgPrzib4FBgYWa15xKR5cUARlFf+mpaUVmAfkjhmsmJ6WlqY0T/E6NTVV+A4psn3VlaurbRIRERERERERERERlRcaZwDHxcXBwcFBeG9nZ4clS5Zg4cKFwg/nCxcuVJsFrE33offv38fJkycB5I4TOWjQIAwbNgx79+4VgpMXLlzAzJkzldZTZHzlzSZVdCWdV96sPXXlKeYPHDgQ5ubmaNmyJebPn4/Fixdj//798Pb2Rrt27dC5c2dcv34dx44dQ+fOnQvdVn6arF+Y8PBwtGnTBjVr1kS7du2wevVqrF69Gq1atdJofQVFgDxvsLdevXoAIIx5WxamT5+Ozz77TCdlaRJM7tGjB5KSkrBq1SphWteuXdG9e3fUqVMHycnJAIDq1asL862trXVSv+I4duwYjh07hjp16qBt27aYNGkShg8frjZjV9FVLZC7f1u0aAEPDw/cv38fa9asKdBdbd7l9SEuLq7I84iCIvirbbfEQ4YMwb///ovJkycL0wYOHIjBgwfDzs5O5bjX2rTT+Ph4NGzYEGZmZpDJZKhevTrMzMxw69YtAOrPJ5qMW12aXr58idu3byud64Hc4Lzi4Qddun//PoD/9Q5hZ2cHALhz5w7i4uKQmZkpTBOLxbC2tsb58+cBAPfu3UOzZs1gZGSErKwsNGzYEGlpaXj8+LFQrp2dHV69eiV0CX3nzh3hwSVdb5OIiIiIiIiIiIiIqLzQKgCcX/4gcFHBm+KMHwkAixYtQp8+fbB48WKcPHkSL1++xIULF9C6dWu0aNECMpkM8+bNQ1hYGObPn4+7d+/C2dkZHh4eSE1NFbrsLUxR5Z05cwbm5uaYNWsWkpOT8fr1a2RmZuLt27cwNzcHkJv116xZM9jb2wMAnJyccOnSpSI/W3HXt7a2Rnh4OEJDQ+Hj44OXL18iPT1dyFTLTyaToUGDBujduzf+/PNPpXnBwcF48uQJxo4di+joaJiZmcHNzQ337t3DxYsXi/wMmtA0G/Svv/7SyfaKYmNjg2bNmiEoKAjh4eHC9LS0NHTv3h3du3fHzp078fDhQzg4OKBfv36QyWRo3749ABTIcFXXxXP+5VWtq648uVyOdu3aYcGCBdi5cyeuXr0qZA3LZDLI5XKhK9pevXohLCxM5XYV2ZC1atVCo0aNhKCYvb09bt68WWjdy5qm54nKlStrfU5p0KABnJ2dsX//fgQFBQnTU1NTMXjwYLi5uWHFihXCuNd9+vTB06dP1bbTCxcuKG3Dz88P3t7eWLNmDQICAvDtt98CAHbs2AEAas8nFZFEIkHz5s2FoKqdnR369++PR48eISwsDE+ePMGECROQmZkJNzc3vHv3DkeOHIFMJsOJEyfQv39/eHl5oWnTpjAyMsLevXsB5Had7uzsDB8fHzx//hytWrXCrl27kJ2djUOHDmHGjBn48ccfERgYiDFjxuDvv//G1atXYWRkVCrbVPc5ddm7ARERERERERERERFRUTTuAjoyMlJlN5eKILAiq0oRBM4vNTW12GNIPn36FJs2bULNmjUxf/58AMD48eNx5swZ/Pzzz9i+fTuePn0KHx8fAMCECRMQExODJUuWwNXVFfv27QOgPrClrrw5c+YgOTkZAQEBOHXqFKytrTF8+HAkJSVh8eLF+Oeff+Dr64suXbpg6NCh+Pfff7Fu3TqYmZkV+dmKu/7z58/h5eUFe3t7/P7779i7dy8ePHiAcePGqVx+69atqFSpElauXIkaNWoozUtPT0f//v1x5coVrF27FkuXLsXZs2cxcOBAZGZmFvkZNKHLboV18de9e3cAQEREhNL0W7duITU1VegGetmyZXj48CEmT54MFxcXHDt2DMD/umnO//nUvVe1P/Lvm8Leh4WF4dChQxg4cCC2bt2K6dOn49SpU/Dz84NcLkdgYCCSk5MxevRoNG3aVGVZ27ZtQ0JCAhYsWABHR0fMmzcPSUlJ+M9//oNKlSqVyrEqDolEovE4wNqMKw4AgwcPBpAbhM0rIiICycnJwvyTJ0/iwYMHGDBgAIYNG6ZVO92+fTvmzZsHJycn7N27F40aNYKnp6cwvra684m+icViNGjQoMD0Bg0aFLvL/169euGXX37BDz/8AADo2bMnfvnlF3h4eCAzMxPDhw9HQkICFi5cCHNzc4waNQqPHj0CAMycOROnTp2Cp6cn2rZtix9//BGHDh0CAOzcuRPr1q1Dz549MX78eAQEBAjXh7t378LDwwO1a9fG999/j7t372LYsGGQy+Wltk11n5OIiIiIiIiIiIiIqCyJLCwsNI7SuLm5FTpOZmxsrJAJLJFICnRLu3//fiEAUtoMDQ1hY2MjdG28fPlyTJo0CR07dlTKdKSy06xZM31XgfRA0e2xNvr06SNkzRZlx44dpTI2rTaqV6+Ohw8fIigoCG5ubnqtS0l06dIFbm5uSt3n5/XixQscOHAA586dK+OaERERERERERERERF9eEoy/KDGXUADud1fOjg4FBgfEvhfJvCBAwcwdepUpXm3b98us+AvABw9ehQdO3bE5MmThfE2Hz16hLt375ZZHUiZJtmgY8eOxdixY3WyPT8/P/j5+emkLCpbqs4vly9fBgC0bt26wLL6DABbWFjA3d0dACCVSvVWj+KqVasWBg8ejNatWxeZdV27dm1MmzYNY8eOxeXLl3Hw4MFSGReYiIiIiIiIiIiIiIhKRqsMYCC3i1AvLy+VQRpVbt++jZUrVxY6Nm1pqFevHtasWYM2bdogJycH165dw/z583Hnzp0yqwMpU4yZqk7esWt1oV27djotj7QXHR2t9Tr+/v5CMDI1NRV+fn5C1mmXLl0wduxYpfmKAKw+NG/eHGfPnsXTp08xatQo3LhxQ2910Vb+famt/MeGiIiIiIiIiIiIiIh0pyQZwFoHgBXc3NzQp0+fQoMHqampCAwMLNPMXyq/NAkABwUFFTsYlV9qaip69uypk7Ko+LQNANeqVQtbt24FkPvwyMaNGwtkmdaqVQtTp04VHkKZMGECM1G1lHc/lxT3PxERERERERERERGR7pVZF9B5HThwAIGBgXBycoJEIoFEIgEAxMXFIS4uDpGRkWWa9UvlmyZdQC9btkxnY6geOHBAo21S+ZKWlobLly/j9u3bhXbt/PLlSyxYsAB9+vSBg4MDzzPFdPv2bX1XgYiIiIiIiIiIiIiISkGxM4CJtNGkSRN9V4H0gN2uExERERERERERERERaU8vGcBE2mA2LhEREREREREREREREVHpYwCYygQDwERERERERERERERERESljwFgKhMMABMRERERERERERERERGVPgaAqUwwAExERERERERERERERERU+hgApjLBADARERERERERERERERFR6WMAmMoEA8BEREREREREREREREREpc8ob2BOJBLpsSpUkTEATERERERERERERERERFSQruNoShnADNJRaeF368PE405ERERERERERERERFS2jBigobLA79mHicediIiIiIiIiIiIiIhIOyXttVkkZ4TmvRYbGws7Ozt9V4NKiMex4uCxLB94HKgw/G6UfzxG5R+PUdngfiYiIiIiIiIqXZGRkXBwcNB3NQqVlZVV7HUNdFgPIiIiIiIiIiIiIiIiIiLSIwaAiYiIiIiIiIiIiIiIiIgqCAaAiYiIiIiIiIiIiIiIiIgqCAaAiYiIiIiIiIiIiIiIiIgqCAaAiYiIiIiIiIiIiIiIiIgqCAaAiYiIiIiIiIiIiIiIiIgqCAaAiYiIiIiIiIiIiIiIiIgqCAaAiYiIiIiIiIiIiIiIiIgqCAaAiYiIiIiIiIiIiIiIiIgqCCN9V4CISubEiRO4du0apk2bBisrK31Xh4pBKpVi9erVBaZbWVlhzpw5eqjRh+vXX3/FnTt3YGpqCnt7e7Rt2xa2trb6rhbpmUwmw8mTJxEbGyt8N7p166bvapEaUVFROHTokNI0V1dXODo66qlGREREREREREREZUfrALBUKi3wg5pEIoGLiwtiY2NhZ2ens8pR2Xn27BnCw8MBgAGP90hUVJRw3Pz9/TFt2jQ914iKQyqVajWdSs+gQYOwbds2PH/+HFFRUYiKimLQiBAYGIhr164J7xMSEiCXy+Hi4qLHWpE6qs6fPKeWDzKZDHfu3MGzZ8+QkJAAALCxsYGtrS2aNGkCMzMzPdeQiIiIiIiIiOj9V6wAcGxsrNI0uVwOAPD19eUP5e8hqVQKX19fZGRkAACio6OZTfoeyJ/dlJCQgEOHDsHV1VWPtaLisLOzg7W1NZ4/f640vW3btnqq0YfLzMwMHh4eQhAYAA4dOgQrKys+4PSBkkqlSsFfhWvXrjEATKSlkJAQhIWFCfecCor/W5iamqJ9+/bMsCciIiIiIiKicic+Ph4ikQgAYG5uXu5jaDofA/jQoUOIiorSdbFUiqKiopR+iMvIyEB0dLQea0RFUdW1JQC8fv2a7e895enpCYlEIrzv1q0b+vbtq8cafRhkMlmBaWZmZgX2fWBgYFlVicoZZugTlZxMJoOvry/Onj2rdM9paWkJS0tL4X1GRgZCQkLg6+ur8vxMRERERERERKQvT58+RXx8POLj4wskc5VHpTIGsCIwxUzg94OqpxTY/V75VVjw19XVFU2bNsW2bduErhTp/WJqaqryNZWebdu2YdCgQQXay7Nnz5TeJyQkQCqVlvunuqjsfPHFF/quApXAxYsX8fbtW+G9qakp2rVrp8caVWz+/v6Ii4sT3kskEgwaNEg4p0qlUgQEBAjLxMbGYvfu3Rg/frxe6ktERERERERE9L4rlQAwULIgcHZ2No4fP47z58/j5cuXMDMzQ+PGjTFo0CClDLniSE5Oxt27d9G6desSlfPHH38gNDQUS5YsKTDv+vXr8PPzw4YNG0q0jbLi6OiI2NhYoYvLL774osTB+9GjRxfo3g8ArK2tsW7dOrXr/v333zAyMirxsc4vPDwczZs3R+XKlXVabllSF/xVHDMPDw9s2LABHh4eOglWpaWlYcaMGahbty4WLlxY4vJUSUxMxJQpU7B3714YGhrqvHx17VVfFi1apBR8yO/kyZM4efKk0rQmTZpg5MiRJdru3r17cebMGcydOxdNmjQpUVmq5N3XmzdvRrVq1TBkyBCdb0dXnj9/Dl9fX4wfP14pCJx/qAMAOgsAX758GSdOnMCjR49gYGCAevXqoXfv3mjTpk2Jyz5y5Ah+++039OjRA8nJyeVm/6tq43K5HFu3boWxsTFGjhwJY2NjPddSNVUPYyiCVwCE66dMJoO9vX2xAsMBAQH4+++/8d133ylNj4iIwK5du7Bly5biVV5LpX0uLk/yn18BqA0AZ2RkYNSoUfj5559Rp04dtWVLpVIsXrwYaWlpWLVqFapVq1bi+r7PQkJClIK/lpaWcHd3V3rY0MrKCu7u7tiwYQOSkpIA5LatkJAQrbtaL+37lvftPp+IiIiIiIiIyl52djbevHkWirYhAAAgAElEQVSj14SiUgsAA8UPAq9fvx7//PMPxo8fj8aNG+Pt27cICgrCwoULsWLFCtStW7fYdbp58yauX79e4gBw27Zt0bJlyxKVUZ44OjoKAWBdZW57eXnhs88+03q90NBQNGrUqEAAWDHWtKKPdW3t378fdnZ2WgWAc3JyYGCg857Si0WT4C+Qm73t7u6OgIAAuLi4lHjc0j/++AOdOnVCVFQUEhISYGNjU6Ly8svJyUH16tWxdevWUgs4lMf2qi74WxhVD1VoIysrCxcvXsSIESMQHBxcKgHgvEaPHq11+ynrNmdiYoKMjAz4+vpi0KBBkEqliImJURkA1kVWdlBQEPbu3YtRo0ahVatWqFSpEq5cuYKtW7ciIyMDXbp0KVH5YWFhGDduHDp06ID09HSd7suSnINVtfHHjx+jU6dOpf49LClbW1tYWloKQSkA6NOnDwAgOjoau3fvFqbHxMTg6dOn72X37WVxLv5Q3Lt3Dzk5Odi2bZtW7aU83XPoikwmQ1hYmNK0du3aCcHfgIAAiEQiuLq6wszMDI6Ojjh79qywbFhYmNLymijt+xYiIiIiIiIiInWys7MRExMDKyurihMA7t27d4EAhbbjd925cwdXrlzBmjVrhAwLExMTDBo0CNbW1kKGUGJiIvz8/PDs2TOIRCI4ODjA3d0dJiYmmDp1Knr37o2oqCikpKTA2NgYM2fOxLNnz7Br1y5kZ2dj4cKFWLJkCaRSKXbs2IH4+HgYGBigVatWGDx4MAwNDbFlyxZUrlwZiYmJeP36NVJSUuDh4YGmTZsiPDxcyHJ78+YNNm3ahCdPnsDS0rJAoCkoKAhBQUHIycmBqakpRowYAQcHhxLs6fdfcnIyNm/ejISEBOTk5KBu3bqYOHEi/vjjD1y4cAFRUVF4+vQpevXqhf/85z8YPHgwjh49ijVr1sDLywuenp6wt7cHAOzatQs5OTkYO3YsMjMz4e/vj6tXryI7Oxvt2rWDu7s71q5dixcvXuDHH3/E0KFDERkZiTp16ggZXFeuXMH+/fvx008/4dy5c4iIiICxsTESExOxatUqXL9+HXv27EF6ejoMDQ0xYMCAEgdqtHXixIkC0/IHfxVsbW1hZWUlZDaWJAh89uxZzJgxA1WqVMHZs2cxYsQIAMCLFy8wc+ZMjBgxAleuXIFUKkWzZs2EoN+LFy+wdetWvHjxAjk5OXBycsLo0aMhEomwadMmVK1aFTdu3EDTpk3Rt29fpayzc+fOITAwENnZ2ahatSrGjBkDiUSCV69ewdPTE+PGjcOFCxcglUohkUgwZcoUiEQivHr1Cr6+voiLi0OlSpXg6uqKTp06KbVXADh+/DiCg4OF8r/99lt8/PHHxd5H74vIyEh8/PHH6NSpEwICApCamio8ELFlyxaYmZnh33//RUJCAipVqoQxY8bg6NGjePnyJSwtLTF79myYmJjAx8cHYrEYiYmJSEpKQlZWFiZMmICGDRsqbW/Xrl1CBmpmZiZ8fX0RHR2NnJwcfPTRR5g4cSIsLCxUtrmyYm9vj2vXriEjIwP+/v6luq23b99i3759GDlyJLp27SpMb9++PSwtLWFklHtJfvfuHXbv3o2bN29CLpejdu3aGDduHGrVqoXz58/jwoULqF+/Ph4+fIjXr1/jyy+/xJdffok1a9YgISEBe/fuxZMnT5CUlCTsf8U598mTJ6hevTrat2+PEydOwMfHB8HBwQgLC8OiRYsA5GbPjR07Ftu3b4dMJitwDs7MzCy0bRd2Dn716pVSGy/sulhUG9eXdu3aCRmjJiYmQrZ4SEhIgWXDw8Ph4uKi86EUCrtuWlhYwMPDQ+11UdO2N2vWLKXjFBMTA39/f+Fhgu7du+Orr74CkPuw1vHjx4WgZd++fdGtWzedfubyrLB7xOzsbOzatQupqamYMWMGFi5ciOzs7ELvWfNfDxs1aoTz58+jTp06ePjwIZKSkjBhwgSEhYUhPj4e6enpmDFjBurVq4fMzEzs27dPeIDvo48+wrhx41ClShW135eyFBMTU+D/Bs+fP8fZs2chlUqVep+xs7ODnZ2dUgA4IyMDMTExWj2cqOq+JS0tDRMmTMCyZcvQoEEDALnj9syZMwfbtm3DjBkzCm1DRd3nf6j3FERERERERERUkCL4m56eDkB1Mk3VqlVRpUqVUq+LTtIMkpKSEBcXhzp16qBhw4ZKf0V1k5ffrVu3Cl2vQ4cOqF27NgBg48aNqFevHtavXw9vb288ffoUR48eBQAYGhri5s2b8PLywsqVK2FmZobg4GDY29uje/fucHR0FAJBGzduRI0aNbB27VqsWLEC0dHRwg9PhoaGCA8Px7fffoulS5eiS5cuOHDgQIF6HTx4EEZGRti0aRMWLVqEGzduKH2eQ4cOYf78+Vi3bh2GDh2KNWvWICUlRav9oktSqRRxcXFKfwkJCcL8hISEAvPzj4dZUqdOnUKVKlWwYcMGbNy4EZ988gmuX7+O/v37w87ODm5ubkKXoO/evcPbt2+xY8eOIrtRPHbsGJ49e4b169dj3bp1uHXrFs6cOQNPT08AwPz589G2bVu1ZVSqVAl37txB165dsWrVKmRmZgrHbtOmTZg4cSK2bduGN2/e6Gx/aGLkyJGwtLQU3hcW/AVys4UVP6pq+xBGXjExMRCLxahXrx46deqEixcvIisrCwBgYGCArKwsvHv3TsjOv3btGi5fvgwA2L59O+zs7LBp0yasXr0a4eHhuHLlCgDA2NgYly5dgpeXF8aOHau0zTt37sDf3x9z5szBunXr0Lt3b6xevRpZWVkwNDREZmYmkpOTsWDBAvz444+4ceMGoqOjAQA+Pj6ws7PDli1b4OXlhe3bt+PJkydK5d+/fx9HjhwRuihu2bIltm3bVux9pC8nTpzAvHnzVGaFFyY4OBjdunWDsbExnJ2d8eeffwrzDA0N8ddff2HSpEnw9vaGXC6Hr68vPD094e3tjaSkJFy9ehVA7rG/fPkyJk2ahOXLl6Nr167YtGmT2m0HBgYiISEB69evh4+PD7Kzs4Vzdv42V5a0GfPT19e3ROfCBw8eQCaToUOHDgXmOTg44NNPPwUAHD16FPHx8fD29sb69eshkUjg4+MDIPc4RUdHo1WrVli0aBGmTp0Kf39/ZGZmYtasWahVqxbGjRuHYcOGKZUfEBAAQ0NDbNq0CV5eXjh37pxGmYaqzsHq2nZh5+C81F0Xi2rj+qIICgFQ6ir8+fPnKpfPe03VlcKum0UpbttLTU3F6tWrMWTIEKxfvx7ff/89jhw5glu3buHt27fYtm0b5s2bhw0bNmDBggW4evUqMjMzdf65y6vC7hGbNWsGd3d31K1bF+vWrUO1atXU3rPmvx4aGhrizp076NatG5YtW4bWrVvD29sb/fv3x7Jly+Dg4IDTp08DAH777Tfcv38fK1euxLp162BpaYkdO3YAKP73RddUnTOjoqIQEhKCqKgoAP8L/ha2vDbn3cLuW8RiMZycnHDu3Dlh2fDwcLRs2RJisVhtmeru8yvKPQURERERERERlVz+4G96ejri4+NV/pUFnWQAS6VStT92aJOBmJaWVmRK9Js3b3Dv3j3MmDEDQO6PZ507d8bJkyeFsQ7btm0rdGEokUiQmJhYoJyUlBRER0cLmUUmJibo1q0b/vzzT/To0QMA8Nlnn6Fq1aoAgAYNGiAoKKhAObdu3cKQIUMgEolQqVIldO7cWfhhLzIyEq1atUL16tUBAC1atEDlypVx9+5dtGrVSqN9oisymQy7d+9W2bVpXoGBgSqn29jYYPz48RpnNa1evbrA0w1DhgxB3759Ub16dVy+fBnXrl2Dvb09BgwYoLIMxfodOnTQKPsrIiIC33zzDYyNjWFsbIzFixcLWXXaEIvFwjiOxsbG2Lx5s/C5mzRpAkNDQ7x8+VL4bpQFOzs7TJs2DYGBgUhKSkLTpk1VLpe3q2hLS0ulwIW2QkJChExFCwsLNGrUCJGRkUpBdEUwy9TUFC1atEB0dDTatGmD2bNnC8esSpUqsLOzE4IiIpEITZs2RY0aNQps89KlS2jdurXwsEfr1q3xyy+/4N69e8KDIR07dgSQ2921tbU1EhMTkZKSgpiYGHh6ekIkEqFOnTrYvHkzzM3N8fDhQ6H8jz/+WJgO5LbxY8eOFXsflaWEhATExMQgKioKMTExAHKPt6WlZZFjJCYkJCAxMRHNmjUDAHTr1k0IsCs0b95c+J7XqVMHFhYWMDExAZAb9Hr16pWw7Oeffy5kDzs7O2Pnzp1ITk4udPv9+vXDl19+KbRHBwcH4TMAym2uLNna2sLV1VWjQLqiq+j84wVrKjU1FWKxGJUqVVK73OXLl4XzGAB0794dx44dQ1paGgCgZs2aQrBYIpEgOzsbUqkUtWrVKrTMW7duYdiwYRCJRBCLxWjXrh2Cg4OLrLOqc7C6tl3YOTjvd0PddVGRNaeqjeuTVCrV6/YBaHzdzK+4be/WrVuwsLBAixYthO07OjoiKioKDg4OsLCwQEhICLp06QJbW1vMnTtXB5/y/aLJPWJR96yqrofW1taoX78+gNxzsa2trdCNcZ06dfDXX38ByG1v/fv3F7qn/+qrr+Dp6Yns7Oxif190raiHIb744guhNxaZTIbw8HCty8hL3X1L586dsW7dOowYMQLGxsYIDw8XejVRR919/vt8T0FEREREREREupM/+FselOoYwMVRtWpV3L9/X+0yih+S8wbfqlatqjQ+X94gpUgkQk5OToFyFMsvWLBAmKbovk1VOQYGBirLSUlJURpXNm/qdnJycoFAQf66lpWwsLAig7/qJCQkICQkROOxDefMmVPoGMA9evSASCTCiRMnsG7dOjRv3hxjxowRAgL5aRpoTUpKUtr/ih/ksrOzNVpfIX8XiefOncOlS5eEMTCzsrKE12XJzMwMgwYNQnR0NLZt24a+ffsqPVyRf5zgooKC6qSkpCAyMhLXrl3DL7/8AiB3fML09HSlAHD+/a0I1ERHRyMwMBAymQwikQgJCQlKY30WdkyTkpJw8+ZN3Lx5U5j29u1bJCUlCQFgVe1S0aby1kdVNwoZGRnYv38/Hjx4ACC3u119HMviKKybYk3adXBwMJKSkjBmzBil8u7cuSMcl7xj3BoYGBR4n/f8p6qdpaamFrr958+f4+DBg0hMTIRIJFI6nkDBNleWHB0dYWVlhRMnThSa0alQkiCwhYUF0tLSkJGRoXY84eTkZKX2odjXimtf/usbAJXXprzyX6fUBYtVyVsfdW27sHNwXppcFzW59paVvD2DAFCqp4mJicrxvLUdL7qw+xRFzweA9tdNheK2vfzfQyD3u/jq1SuIRCIsWrQIJ06cwLJly2BgYIABAwZ8UF1AA5p9TzW5Z82/nzU9FyclJcHf3x/79+9XWjcpKanY35eyZGJiIoynrXhIsSQPWxR139KsWTOYmpri6tWrsLGxQWpqaqH3qfnLLew+/32+pyAiIiIiIiIi3co/DJa+lbsAcIsWLXDw4EHExsYWyBo+duwYJBKJMD0pKUn4IevNmzdaD6as6E545cqVJepvu3LlykqBj7w/XllaWhYI9hanrrqgCBJZW1sXCOI+e/ZMGN+wd+/eBX6cVwRGdNmtZffu3dG9e3fIZDLs2LEDv/76q5Ahk1/e7N/83ZbKZDIhS9HCwkIp0yw5ORnZ2dkFfuA2MDBQ+oFO3VMZUVFROHLkCFasWIFatWpBLpfD3d1d8w9aCuzt7WFnZwd/f3/Y2tqiT58+BYK/QMm6fz537hzatGmDyZMnC9NycnIwYcIEJCQkCNlkycnJQuZSSkoKqlatipSUFHh7e2PmzJnCWHk//vijUvmFZXRXq1YNHTt2LNA1NAC1D04ojnHe88KLFy+UfrQFcrvCffz4MRYuXAhTU1Pcv38fixcvVrsvyori/CaTyRAbG1tkMFJTmZmZ+PPPP/HTTz8JmdVAbhehISEhSoF5TeVtZ4ou7dU9qLFx40bY29tj+vTpEIlEOHr0KO7cuaP1dkuLnZ0dPD09IZVKIZVKhYDLtm3bCgT4ihsEbtiwIczNzXH27FmlzGsAuHbtGp4+fYq+ffvC0tJSaf8qupu3srJCXFxcsT6fWCxWOs/lzahVdU7NT9Fei2rbhZ2D8ypP10V1Ll68iPDw8AIBKalUCplMBjMzM9jZ2RX4HucdI1hT1atXx7NnzyCXy5XOjY8fP1YK1hd23VR3XSxu28v/PQSUj5ONjQ08PDwAAHfv3sXy5cvxySefoG7dulp99pJYtGiRUvs0NTXFDz/8UGbb14Ri6AZ196zFHd/aysoKrq6uaN26tcr52txnlRYbG5tCz1u2trZCED0gIKDQh5kU2c9FKeq+xcbGBp06dUJYWBhsbW3Rvn174QELdW1I3X1+eb6nICIiIiIiIqKyY2hoCHt7e0RHR+s1mSUvnYwBrEuNGjVChw4dsHr1aly5cgVpaWmQSqXYt28fTpw4AWtra1SpUgVNmjQRutrLzMxEaGgonJyciizfyMhI6EZTLBbDwcEBJ06cAADI5XIcO3YM58+f16rOTZs2xYULFyCXyyGTyZTG1WzdujWuXr0qdJ167do1pKenFyvgoiuKH63z/uX9sdrW1rbAfE27fdbUli1bhIwqMzMzIbAKKB8jVapXry6M65qcnKw0FpuTkxOCg4Px9u1bvH37FqtWrcLly5dhYGAAkUgklFujRg2hn/Xs7GyVXQ4qvHnzBhYWFqhZsybkcjmOHDkCkUik96c5zMzM4OHhAUtLS6xfv15lF7YnT57UaoxYBblcjpCQkALjJRsYGKBVq1ZK2XChoaEAcgND169fh4ODA9LT05GdnY2GDRsCyA2iP3r0SKN95uzsjIiICCFA9fLlS/z8888qs+zyqlq1Kj755BOcPHkScrkcL168wNy5c/Hvv/8qLffmzRvY2trC1NQUMpkMp0+fRnZ2tt7Hrhw/fjw8PDzg4uKCvn37wtPTU2U2nbW1dYFpRWUbXrp0CbVr11YK/gJAmzZtEBkZqTZztzA3btwQzmvnz59H/fr11T5I8+bNG9jZ2QkZo5cuXdJ7G1LFyspKOCfa2trCw8NDCALkpQgCazM2pbGxMdzd3bFv3z6cPHlSCCT++eef2LhxoxDoa926Nc6ePSt8J4OCguDg4FCi8/Ann3yC8PBwyOVypKen49KlS8K86tWr4/nz58L21F0Di2rbhZ2D8yqP18X8Tpw4IRwjVRRdKLdv377APFXTiuLk5ISsrCz4+/sjJSUFb9++RUREBH7//XfhYQF1101118Xitr1mzZoJ53Ug96GBa9euoVWrVnj06BEWL14snDvq1KkDIyOjMs98VPVwRnlTknvWojg7OyMoKEjYD3/99Rd+/fVXAOq/L2VJ3cMQSUlJOHv2LM6ePav2gSdNHqjQ9L6lc+fOuH79Os6fPy90NQ+ob0Pq7vPL6z0FEREREREREZU9c3Nz2NvbCw+aV6pUCXXq1Cnwp+o3/tJQ7jKAAWDy5Mk4efIk9u/fjxcvXsDU1BTNmzfH8uXLhQDGlClTsH37dmG8zy+++AL9+vUrsuzPP/8cp0+fxqRJk+Dj44MpU6Zgx44dmDp1KnJyctCwYUN06dJFq/q6ubnBx8cHEyZMgKWlJTp16oTTp08DyM3UHDRoEH788Ufk5ORALBZj7ty5EIvF2u+Y98zKlStVTt+8eTN69+6NHTt24PDhwzAwMICtrS3Gjx8PIPcHTX9/f8TGxmL06NEF1h8yZAj8/PwQEREBKysrODs7IysrCwAwYMAApKamYvr06cjJyUHr1q3Rs2dPiEQitGvXDkuXLsWgQYPQo0cPrF27Ft9//z3EYjGaN2+OkJAQlfV1dnZGWFgYpk6dCnNzcwwcOBAdO3bEpk2bsGDBAqWuNPWhffv2QjDC0tJS6E5x9+7dAHIDNADg6uqqcZm3b99GamoqmjdvXmBemzZtsH79eiE4aWVlhVmzZiE1NRVt2rRBq1atIBKJ8NVXX2HevHkQi8VwcnLCiBEj4Ofnh3r16qnd9qeffoqhQ4dixYoVyMrKgpGREfr37w8TE5MiM5qnTp0KX19fTJgwAZUqVYK7uzs++ugjpeyjvn37YsOGDZg+fTqqVq2KsWPHIj4+Ht999x28vb013ke6lLdng7xcXFyUgu3W1tbw9PTEs2fPlDJTi+rqOyQkBG3atCkw3crKChKJROnHbE198cUX2Lp1KxISEmBmZoZJkyapXX7o0KHYs2cPDh8+jHr16mH8+PFYtWoVdu7cicaNG2u9/bKiCALrKhO4a9eusLCwwPHjx3Hw4EGIRCLY2dlh5syZwvjMX3/9NVJTUzF79mzI5XLUrVu3yP1bFMV1avLkybCxsUH79u2F61Tz5s3x6aefYt68ebCyshICmKqeVKtdu7batl3YOTjv+NHqrov6GB5BFcV5szDXrl2Do6Mj7OzsCmQ0FzY+uzpisRiLFy+Gv78/pk6diqysLOG4KzKt1V031V0Xi9v2xGIx5syZg19//RW7du2CgYEBhg4diiZNmkAul8Pe3h5eXl4Ach/ccnV1LfL8/qEq7j1rUfr164f09HTMmTMHOTk5sLCwELr5V/d9KUtNmzYttKt0ExMTISit6kEbxXRN2pQm9y1DhgxB7dq10ahRI6SmpkIikQjLqGtD6u7zy+M9BRERERERERHpjyIIHB0djZo1a5Zpb3n5ieRapgPExsbC19dXq42MHz9eZXCDSk5VV9mqPHv2DL6+vsLYk/kDFgEBAbh27RqA3PEw8wYLi1qXSk7T41gYmUyGhIQEteMB5z+uJZWYmIgpU6Zg3759BbpO/JBpeiznzZsnvLayssKcOXMKLCOVSrF69WrhvUQiEbpclUqliIqKEsavLUubN29G9erV4ebmVqbb1UZJ21R++YPueZmammLOnDk67ylB13JycoS2GhYWhpMnT2L58uV6rlXZ0+S78euvvxaaTWpnZ4d27doJx3vVqlVKAeA5c+aUu+6s3zfFOY8qrFixAkDugy95H6ABgG7dugkPzKhbl4qmzTlW1bEAlI+HJsvoyoYNG9CwYcMCXfGXR7q+lhERERERERGRssjISDg4OGi0bN6eDqtWraq2R8P09HSkpaWhZs2aJaqf4gH14mDU5gPh7+8v/JidkZEhZIcCuYFCRfBX8T5v9pO6dal8UHTrnZejo6PSj5tRUVHw9fUt0bjAquijS8mKRiqV4tChQ0rH5tmzZ/D39y90HSsrK7i4uOgt0PShHfeiuoMODAzUQ600d+zYMSxZsgSZmZnIysrCH3/8UaxM1Q/FyJEj4eHhofLPxcVFCP5evHixQNby2bNndX6eJXqfubi4KGXbakoikeg8+Hvnzh3cvn1b695+iIiIiIiIiIi0YW5uXuLgb0mVyy6gSffy/0Cdnp4uvFY1xmHeH6/VrUvlW/v27ZGQkCAE+GNjYxESEoK+ffvquWaUX1RUFKytrYXud0NCQpCQkKDnWlFe6rqDLmys2PKiV69eePz4MaZOnQoDAwM0bdoUAwcO1He13ktSqRRnz55FdHS0yizhqKgoREdHw97eHt26dWM2MBEAd3d3+Pv7Kw3JEBMTA5FIJLzOSyKRwN3dXad1WLZsGeLj4zF58mSYm5vrtGwiIiIiIiIiovJG6wCwjY2NMPanNuuQfrVt2xbh4eHCe0dHR6XXFy9eFAIaJiYmsLe312hdKv8GDRoEAEIQWFeBqpo1a+LAgQM6KetD1Lt37wLBo7xty8XFpUBX6+XlXFrS8WjfZ4UFgdu1a6fHWhXN1NQU06ZN03c13nt5h0RQJyMjQ+hNY8SIEUrXVNKd/OdRU1NT4bWqDPe809StS7pnZmYGDw8PhISECPecCQkJBR50MjExQfv27XWe+QsA33//vc7LJCIiIiIiIqIPR506dYTXYrFYjzXRjNZjAFP5ou0YbIrl8/+w9uzZM4SFhQHIDWTkDzzlXTfv2IekG6U9xptMJkNISAikUikGDRrE41eKOF5f+VCWbcrR0ZEBvvdISb4bAQEBSkMmaKKwMb6pcDyPln8lOUYymQwxMTF49uyZEAC2sbGBra0tmjZtynuUPNgWiIiIiIiIiEqXNmMA60NJxgBmF9AfEHXZFLa2tkKmqLbrUvlnZmbGbp+JdIht6sNUnLF9VY0bTfQhMzMzg6OjI3uUISIiIiIiIiIqRQwAExEREWlg5MiR+q4CERERERERERERUZEM9F0BIiIiIiIiIiIiIiIiIiLSDQaAiYiIiIiIiIiIiIiIiIgqCAaAiYiIiIiIiIiIiIiIiIgqCAaAiYiIiIiIiIiIiIiIiIgqCAaAiYiIiIiIiIiIiIiIiIgqCAaAiYiIiIiIiIiIiIiIiIgqCAaAiYiIiIiIiIiIiIiIiIgqCAaAiYiIiIiIiIiIiIiIiIgqCNHBgwfl+q4EERERERERERERERERERHl6tmzZ7HXNapataoOq0JERERERERERERERERERNowMjKCqakpLCwsYGVlVbKyqlWrpqNqERERERERERERERERERGRtgwNDVGpUiWIxWKYmJiUqCyjmjVr6qhaRERERERERERERERERESkLQMDAxgaGsLExASmpqbIyckpdlmi5ORkjgFMRERERERERERERERERKQnIpEIIpEIhoaGMDIygkwmK3ZZRubm5jqsGhERERERERERERERERERaUsRBBaJRCUqx8jIyEhHVSIiIiIiIiIiIiIiIiIiIn0y0HcFiIiIiIiIiIiIiIiIiIhINxgAJiIiIiIiIiIiIiIiIiKqIBgAJiIiIiIiIiIiIiIiIiKqIBgAJiIiIiIiIiIiIiIiIiKqIBgAJiIiIiIiIiIiIiIiIiKqIBgAJiIiIiIiIiIiIiIiIiKqIBgAJiIiIiIiIiIiIk3xmB4AACAASURBVCIiIiKqIBgAJiIiIiIiIiIiIiIiIiKqIIz0XQEiIiIiIiIiIiIiIiIiIiro+vXrGi/72WefAWAGMBERERERERERERERERFRhcEAMBERERERERERERERERFRBcEAMBERERERERERERERERFRBcEAMBERERERERERERERERFRBWGk7wrQ+yciIgI3btwAAPTo0QMSiUTPNSIiIiIiIiIiIiIiIiIigAFg0lJ8fDzmzJmD9PR0fP311wz+EhEREREREREREREREZUj5TYA3L9/fzx9+lRpmp+fH5o3b66zbUyZMgUREREAAGNjY1y6dElnZb8PtP38WVlZ+O6775Ceno5evXrhu+++K4tqamzp0qX47bffhPe///47atSoUWbbT0lJwW+//YaIiAg8fPgQycnJEIlEqFmzJpo2bYrOnTuja9euMDIqt82u3FmzZg32798vvPfy8oKrq2uB5SZOnIgrV64I77dv347PPvtMeN+mTRtkZmYCAJydneHj4yPM+9DPA0REREREREREREREVLGUy0jUzZs3CwR/AeD06dM6DQCTdnx8fBATE4POnTtj0aJFMDDgENIKv/32G3766Sekp6cXmBcfH4/4+HicOXMGvXv3xuLFi/VQQyIiIiIiIiIiIiIiIvoQlMsI3unTp1VODw4ORlZWVhnXhgAgPT0dYrEYU6ZMwYoVK5jFmsf27duxdOnSAsFfIyMjmJubK0179+5dWVaNiIiIiIiIiIiIiIiIPjDlLoqXlZWF4OBg4b2RkZEQ9E1KSkJERATat2+vk2399NNPyM7OBgCIRCKdlPk+0ebzm5ubY/z48WVRrfdKZGQktmzZojStZcuWmDRpEhwcHGBgYIDU1FRcvXoVhw4d+iC/Z+VBaGgo5HI5AMDQ0FBp3od+HiAiIiIiIiIiIiIiooql3AWAIyIikJSUJLwfNWoUdu7ciZycHAC52cGFBYCD/5+9+w6PourbOH5vKpCQQioBQmghKCVgqIJUUREEC7xBQRERAzZ4BAURLDwgIjZUVB5REARpIr0pzYB0AiT0hJJACCW9krLvHzEjSxIIRYLx+7muvdiZPXPmN2d2+efOObN2rZYuXarDhw8rKSlJNjY2cnJyko+PjwICAtS5c2eLJaRfe+21qz77MycnR7NmzdKSJUsUGxsrFxcXtW3bViEhIfr888+Lfd7s9OnTLZ4xWlD/tGnTtG/fPmVnZ8vf318vvPCCWrRoYXHO6OhozZ8/X0eOHNHp06eVkpKi9PR0lS9fXlWrVlWzZs0UHBwsLy+vIscgKSlJP//8szZv3qyoqCilp6fLyclJVapUUVBQkJ577jmVK1euRNcvSQcOHNC8efMUFham8+fPS5Lc3d0VGBionj17qn79+oWOufJ5q5MmTdKMGTO0cuVKnT17Vi4uLurYsaMGDx4sBweHIq+jONnZ2Zo1a5aWLl2q2NhYubq6qn379goJCSnR8RcuXNC8efO0ZcsWxcTEKDMzU66urmrcuLGCg4Ove4nxKVOmWGy3bNlSn3zyicUMaUdHR7Vr107t2rXT2bNnjf2rV6/WqFGjjO333ntPXbp0Mbbnzp2rDz/80Nj+8ssv1bx5c0nS/v379eyzzxqfvfTSS3rggQf05Zdfatu2bUpISNC4ceP0wAMPKCsrS/Pnz9dvv/2mEydOGN8nZ2dnVa9eXQEBAXrsscfk7e1tcS3nzp3T3LlztWXLFp05c0ZZWVlycXFRQECAunbtqo4dOxYKTG/0XH+3Dh06FPsM4L/rdwAAAAAAAAAAAFAa7rgA+Mrlnx9//HHt27dPO3bskCRt3LhR6enphZbW/frrr/Xtt99a7MvJyVFmZqbOnTunsLAw2djYlDjgy83N1bBhwxQaGmrsO3/+vBYsWKDQ0FD5+fmV+JqWLl2qRYsWGTMQpfwA75VXXtGXX36ppk2bGvsPHz6s2bNnF+ojLS1Nhw8f1uHDh7Vo0SJ99dVXqlevnkWb3bt364033lBCQoLF/vj4eMXHx2v//v164oknjAD4WqZOnaqpU6cW2n/69GmdPn1ay5cv13PPPadBgwYV20dqaqoGDBigQ4cOGfsuXLiguXPnKjIyUl999VWJZ13m5ORo6NChRlgnWYaUNWrUuOrxW7du1ciRI5WSkmKx//z581qzZo3WrFmjkJAQDRgwoET1xMXFKTw83GLf66+/ftXlsa8WfN7M7NPY2Fj17dvX4o8nzGaz8vLy9Oqrr2rnzp0W7VNTU5WamqrTp09ry5YtatCggUVtoaGhGjVqlNLS0iyOu3DhgkJDQxUaGqqWLVvqww8/NL5PN3quO92t+B0AAAAAAAAAAADcLndUAJyenq6NGzca240aNZKnp6c6duxoBMCZmZnasGGDxUzJzMxM/fDDD8a2n5+f2rRpI2tra509e1bHjh3TsWPHrquWOXPmWIS/JpNJdevWVU5Ojo4dO2Yxk/Nafv75Z0mSh4eH4uPjjeVm8/Ly9M0331gEwFL+csuNGzeWl5eXXF1dlZOTo5MnT2rTpk3Ky8tTamqq/vvf/+rHH380jomJidGQIUMsnkPr4OCgOnXqyNraWpGRkRbh4LUsW7bMIvSysrLS3XffLZPJpIiICOMapk2bpsqVK6tHjx5F9lMQkNrb26tChQoW4fTOnTu1Y8cONWvWrEQ1zZ492yL8NZlMqlOnjrKzs3X8+HFFR0cXe+zJkyc1bNgwZWZmSpLs7OzUuXNnubm5KTQ0VJGRkZLy/5DA19dXnTt3vmY9V4a/tWvXVrVq1Up0LUW5mQB44cKFRe7fvXu3RSAbFBSkhg0bKjMzU7GxsYqIiNC5c+csjjl+/LjeeOMNZWVlGftq1KghDw8PRUREGKHwH3/8oXHjxmns2LE3fK7rNWHCBE2YMOGm+rget+p3AAAAAAAAAAAAcLvcUQHw+vXrjYBOku6//35J+cu3Tpw40WIZ6MsD4Pj4eF26dMnYnjBhgmrXrm3R95kzZ5SUlFSiOsxmc6FZuBMnTlT79u0lSYsWLdK4ceNKfF0ODg767LPPFBgYqNjYWD3zzDOKj4+XJO3bt09ZWVmyt7eXlL+E8Lp164qcRfrtt98az5s9fPiwYmJiVLVqVeOzy8PfVq1aaezYsXJ2dpaUHzZv3LhR5cuXL9H1X7m08eTJk43lqnfu3KlBgwYZM5q//vprPfLII7KysiqyvwcffFBvv/22bG1t9cUXX2j69OnGZzt37ixRAFzUPZk0aZLatm0rSVq8eLERRBZl2rRpxnfLZDLpq6++UqNGjSRJISEh6tOnjxECT5kypUQBcME9LFClSpVrHnM1N/v82ebNm2vIkCGqVq2azpw5Izs7O+3Zs8f43NnZudDziiUpIiJClSpVMranTZtmEf5ePrs1Li5O/fv3V1xcnKT832L//v1Vo0YNxcbGXve57mS3+ncAAAAAAAAAAABwO9xRScXlyz+bTCZ17NhRklSpUiU1btzY+Gzbtm26ePGise3p6WkRmI4ePVrffPONVq9ercOHDysnJ0c+Pj6FlkwuzsmTJy1mKgYGBhrhryQ9+uij17UEdM+ePRUYGChJqly5ssWM37y8PItZsQ4ODgoLC9Nbb72lRx99VK1bt1ZQUJCCgoIKBWonT5403m/atMl4b2trq3feeccIf6X8mYvt27eXk5PTNes9duyYxfW3aNHC4lnFQUFBatmypbF94cIFHTlypMi+ypUrp9dff122traSpG7dull8fuHChWvWI+Vf6+VtGzdubIS/ktS9e/erLgF9+WxuLy8vJSQkaMOGDdqwYYM2b95sMXM3JibGYmxL6mYD3Jvh5uamjz76SHXq1FG5cuVUs2ZNVa1aVT4+PkabpKQkvfrqq5oxY4Y2btxozJi+++67VblyZaPd5s2bjfcODg7q37+/se3l5aVevXpZnLug/Y2c6052K38HAAAAAAAAAAAAt8sdMwM4Pj5e27dvN7YbNWokDw8PY7tTp07atWuXpPzQdO3atQoODpYk2djY6IknntBPP/0kSTp69KiOHj1qHFuuXDm1a9dOL7/8sry8vK5Zy5XL1F45m1iSatWqpRMnTpTo2q587rCjo6PFdnZ2tvF+xowZ+vzzz0vUb8FSvKmpqUpOTjb2+/r63tQsyzNnzlhs16xZs1CbWrVqacuWLcZ2bGysAgICCrXz8/OzCJ2vvPbLZ25fTcGM08vPX1RNx48fL7T/yvE5e/ashg0bdtXzxcbGqnr16ldtc+UYx8TEXLX936lNmzZFPtu5UaNGqlevng4ePCgpP6y9POB1c3NTt27d9Pzzz8ve3l6pqakWz0iuWrWqMTu9wJVjX7Ac+vWe60a89tpr6t69e6H9Q4cONf5/uFVu5e8AAAAAAAAAAADgdrljAuA1a9YYSzxL0qFDhyyW4c3JybFov3LlSiMAlqQhQ4aoSpUqWrp0aaFZeJmZmVq1apVOnDih6dOnF7m88uUKlnS9VVxdXS22i1siNiEhQV999ZWx7eTkpJCQENWuXVu2trbatGmTvv/++7+tzuIUNbO1pOd2cXGx2La2tr4lNRXlVo7H5UuRF6d+/foW25GRkRbLcl+vy7//UuElpq/G29u7yP02Njb6/PPP9f333+u3334r9Ozqixcvavr06crIyNDw4cMLHX89s5pv9lwlYWtrqwoVKhTafzuWXb6Z3wEAAAAAAAAAAMDtcscEwCtWrLDYzszMvGoIFxERoVOnTsnX11dSfvjUu3dv9e7dW+np6Tp58qROnjypxYsXa8eOHZLyQ+WoqCj5+/tftZYrw7SiZpUeO3asRNd1PSIiIiyC7qefftpiud3LlzG+nKOjo5ycnIxZrqdOnVJ8fPwNzwK+fClfScazcS8XFRVlsf13L+t75cztK89f3D4pf3wqVqxozGytW7eufvzxx1tSU/369RUeHi4pPwycNGmSPvroo2KD7ri4OONaCpbFLnD5LGUp//nQJXW1P2pwcXHR0KFDNXToUMXHx+vkyZOKjIzUrFmzjFnLy5cv1/DhwwuNVXR0tMUzqqXC34fLfy/Xc6473Z34OwAAAAAAAAAAALiWO+IZwKdOndKBAweu+7jLnxm8bt06IzytUKGC6tWrpwcffFD9+vWzOObK5Z2L4uvrK09PT2N7165dFsu8Lliw4IaeEXstV85yLljiWcqfDbpo0aJij23Tpo3xPjs7W++8846SkpKMfXl5eVq1alWhkLEotWvXtrj+rVu3auvWrcb2zp079ccffxjb7u7u1wzVb1b16tXl7u5ubO/evdsiEF+2bFmRQX2Be++913h/+PBhbdy4sVAbs9msnTt3aurUqSWua/DgwRbboaGheuWVV3TgwAFjdmhmZqa2bNmiIUOG6LPPPjPaurm5WRy7evVq448elixZYvzhws2Ii4vT3r17je2C52k/8cQTFjPsU1NTlZGRIclyrNLS0vTdd99Z9Ddv3jyLcxS0v5Fz3cnuxN8BAAAAAAAAAADAtdwRM4AvD3IlacSIEXriiScKtUtMTNQDDzyg3Nxc47gXXnjBOKZChQpq0KCBvLy85O7urpSUFP36668Wffj5+V2zHpPJpKeeekqffPKJse/VV1+Vv7+/Ll26dNWg8WbUq1dPVlZWxlLAM2fOVHx8vBwcHLRmzZqrLgk8YMAArVu3zgjWtmzZokceeUT+/v6ytrZWVFSU4uPjtXz5cotn8hbFZDJp0KBBevfdd419r7zyiurXry+TyaTw8HCLpW9DQkL+9iV4TSaTevfubfF85KFDh8rf3185OTlFzs683IABA7RhwwYjYH3ttdd07733qk6dOpKk06dPa8+ePbpw4YIaNWqkgQMHlqiuZs2aKSQkRF9//bWxb9u2bdq2bZvs7e1lb2+vlJQUY7zuv/9+o11AQIAcHR2VmpoqKX/G7/333y97e3slJiaW6PzXEhsbqwEDBsjLy0v16tWTp6ennJycdPbsWa1evdpo5+XlpfLly0uSnnvuOa1fv15ZWVmSpGnTpmndunXy8PBQRESExR8mPPjgg6pRo8YNn+tOdif+DgAAAAAAAAAAAK7ljgiAV61aZbw3mUxq165dke1cXFzUpEkTY2ZkTEyMwsPDjWexpqamWszIu1JwcHCJn88aHBysHTt2GLNMzWazDh8+LEmqWrWqqlevrs2bNxvtr1zO90Z4eXkpODhYs2fPlpQ/I3jx4sWSJDs7O3Xv3t3YvlK1atX0ySefaMSIEUZ4mJaWpj179txQLd26ddOZM2f0v//9T1L+DOKiliTu37+/evTocUPnuF5PPfWUtm3bpu3bt0uyvCeenp6qUaOGtm3bVuSxfn5+mjRpkkaOHGksb7x582aLe1jgep57K+WHy+7u7vr444+Vnp5u7M/KyjJC1AJ2dnbGe3t7ez377LMWoXZGRoYyMjLk4OCg1q1bWwSnNyMuLk5xcXFFfmZlZaWhQ4ca2zVq1NCECRM0atQo43qOHz9e6A8fWrZsqbfeeuumznWnuxN/BwAAAAAAAAAAAFdT6gFweHi4oqOjje3AwECLpX6v1LFjR4ulcVeuXKn69etrzJgx2r9/vw4ePKjz588rKSlJeXl5cnV1VUBAgLp27aqOHTuWuC5ra2tNmjRJs2bN0pIlS3TmzBm5urqqffv2CgkJsXiGqZ2d3TVn1ZbU0KFD5ePjowULFigmJkYODg5q3LixQkJCdPDgwWIDYEkKCgrSggULtHDhQm3evFnHjx9Xenq6KlasKB8fHzVr1kzOzs4lruWFF15Q69atNX/+fO3Zs0fnz5+XlL/UbePGjdWzZ08jfL8dbGxs9Omnn2rmzJlaunSpzp49KxcXF7Vu3VqDBg3SlClTrnp8ixYttHDhQi1YsEBbtmzRiRMnlJGRIWdnZ7m5ual69eoKCgpS+/btr7u2Hj16qEOHDlq8eLG2bt2qyMhIYwluDw8P1atXT+3bt1enTp0sjnvmmWfk4OCguXPnKjo6Wo6OjmrRooVCQkK0efPmmw6Aa9asqWHDhik8PFxHjx5VfHy8kpOTZWNjIw8PDwUGBur//u//VK9ePYvj2rRpo/nz52vu3LnasmWLTp8+rezsbDk7O6tevXp6+OGH1alTJ4uw/EbPVdouX3q9qGcp32m/AwAAAAAAAAAAgKsxmS9fwxQWYmNjVbly5UL7d+3apUGDBhlLNbds2dJiFieAf4a8vDx17drVeDZ4tWrVrvqsbQAAAAAAAAAAgNshOTlZkhQWFlbiYwIDAyXdATOA72TPPfecHB0dddddd8nDw0PZ2dmKiorSH3/8YTz708rKSgMGDCjlSgFcj4sXL2rJkiXas2ePEf5KUvPmzUuxKgAAAAAAAAAAgJtHAHwVZrNZUVFRioqKKvLzcuXKadSoUWrUqNFtrgzAzYiLi9OXX35psc/FxUX9+vUrpYoAAAAAAAAAAABuDQLgqxg0aJB+//13HT58WImJicrKypKjo6N8fX3VvHlz9ejRQ97e3qVdJoCb4OLioqZNm2rw4MH8ngEAAAAAAAAAwD8ezwAGAAAAAAAAAAAAgDvIzTwD2OpvqQgAAAAAAAAAAAAAcNsRAAMAAAAAAAAAAABAGUEADAAAAAAAAAAAAABlBAEwAAAAAAAAAAAAAJQRBMAAAAAAAAAAAAAAUEYQAAMAAAAAAAAAAABAGUEADAAAAAAAAAAAAABlBAEwAAAAAAAAAAAAAJQRBMAAAAAAAAAAAAAAUEYQAAMAAAAAAAAAAABAGUEADAAAAAAAAAAAAABlBAEwAAAAAAAAAAAAAJQRBMAAAAAAAAAAAAAAUEYQAAMAAAAAAAAAAABAGUEADAAAAAAAAAAAAABlBAEwAAAAAAAAAAAAAJQRBMAAAAAAAAAAAAAAUEYQAAMAAAAAAAAAAABAGUEADAAAAAAAAAAAAABlBAEwAAAAAAAAAAAAAJQRBMAAAAAAAAAAAAAAUEYQAAMAAAAAAAAAAABAGUEADAAAAAAAAAAAAABlhE1pF1Dg4sWLOnnyhNLTM5STk1Pa5QDXLTMzUxkZGcrOzlZubm5pl/OvZWtrK2dnZ911112qUqVKaZcDAAAAAAAAAABwW90RAfCFCxd05Mhh+fpWk5OTk2xtbUu7pDJl27Ydat68aWmXUabFxp5VWNheNW7cWJUrV1a5cuVKu6R/rczMTMXGxmrTpk1q06aNqlatWtolAQAAAAAAAAAA3DZ3RAB88uRJ+fr6ys2tUmmXAtyQI0eO6p577lH16tVLu5R/vXLlyqlGjRqysrLSgQMHCIABAAAAAAAAAMC/yh3xDOD09HS5uDiXdhnADUtNTZWPj09pl4HL+Pj4KDk5ubTLAAAAAAAAAAAAuK3uiAA4NzdX1tbWpV0GcMOys7NZuvwOY2trq+zs7NIuAwAAAAAAAAAA4La6IwJgAAAAAAAAAAAAAMDNIwAGAAAAAAAAAAAAgDKCABgAAAAAAAAAAAAAyggCYAAAAAAAAAAAAAAoIwiAAQAAAAAAAAAAAKCMIAAGAAAAAAAAAAAAgDKCABgAAAAAAAAAAAAAyggCYNwRAifv06KIi5KkNUcTVfvDPaVcUdk1YkWk+syOKO0yAAAAAAAAAAAA8DewKe0CSkNWTp4+CY3VvP0XdTw+U87lrdXQ20EvtvDWA/4upV3eP173Hw5p7bGkQvuXPROgDrWcr3l8Pc/yertjVWP73q/CFdLcS32beNzSOv/p0i/lyWfs73KrYKtjI1rJZCrZcd3vdldqVu7fWxwAAAAAAAAAAABKxb8uAM7JM6vHzMM6nXxJEx70VdMqjrKxNin0RLK+23muyAA4O9csW+sSpmsllJtnlslkktWt7faOEdLcS+Mf8LXYZ2ddsgnn1Zztb3nY+3fcw9L2U1icJOlkQqZ+PRqv+/0rlei4ltWvHcL/ncrivQAAAAAAAAAAALhT/OsC4DlhF7QtOlW7X24oP1d7Y3+3epXUNSA/QFt6MF4jVp1Sr4buWnk4QRVsrbXu+bt0PD5Tb6w6pe0xKbI2mdT9rkr67/2+qmCXH2y+sChK6yKTlJSZKx8nOw1rU1l9GucHmYkZOfJ5f5c+eLC6ftp3QRfTcrRh4N3yrmh7+wfhNrA2mVTOpujA91KuWW+uPqn5+y/KxsqkQc29LT5fczRRg385rmPDG2v4ipM6cC5do389pQ82nVEj7wr6MbiO1kcm6+1fo3XsYqZsrExq7VdRH3XxU2Wn/PEcvuKkziRfkrWVdPB8htrXdNbEh6r/7dd9O32z9bT6NKmskwkZ+mbraYsA+ER8pkIWHtL26GRJUhVne/30VH3d7e2gESsiFZOYqVlP3i1J2nwiSS8tOqyoixlqUNlRD9Z1009hcQof1lySFPjxdnWp56Yd0cmKTb4kk0ma8lhdtamR/8cSvx1N0JsrI3XkfLpsrExqW8tFn/eoq8pOdpKkIYuP6nRSpqytTIqIS1OnOpX0ySN1budQAQAAAAAAAAAA/Gv86wLg1UcT1cavokX4W+DyJXSPJ2Spop2Vtg5uIElKu5SrB78/qD6NPTSjZ22lZ+fqmfnHNHrtKX30sJ8kqVlVR43rXE2VKtjq12OJCp5zVPW9KijQx8HoN/REstY/f7fs/sUzICdsOK2Nx5O1OaSB3B1sNGLlSUXFZxbZ9sMu1bXlZEqhJaBtraWPHq6uwMoOSsnK1QuLojRk2XHNfdLfaLP0UIJW96+nlr4V//Zrut32nknV9uhkffV4XZ1MyNT/zQzX2ZRL8q6YH7q+uTJSvq7ltLR/I9lYmXT4fLpcyxf+uV9Iy1aXb8P0Ubc6erZpZUXEpanLt3vlckXbX8LPa+Oge+ThaKsZO2PVZ3aETo66V5Jka23S5B7+alKlolKycvXs3AMa/PMhLerX8K/jIy5ow6AmutevdGcfAwAAAAAAAAAAlHUlW5O3DLmQni2fP2cmXo2DnZVevbeysb3kYIJsra00ukNVlbe1klsFW73dsZp+2nfRaPNcU0+5O9jKyiR1ruOijrWctelEskW/r7Xx+VeEv9N2nlO1CbssXvHpOZKkmXvO6437qqiqs53K2Vhp3AO+ut4hae3npKZVHWVrbVKlCjYa1b6KNhy3HOv2NZ3KZPgr5c/+bVTZUU2qVFTXeu5yrWCj73fEGp/b21gpJjFLh86lSZICPCvIq2Lh7/0v4edV3bWcBjT3kbWVSQ0rO+r5Fj6F2g1sUUUejvmzqx+520OnErMUl3JJknRfTRc193Uy7sU7nWvot2MJFsd3rO1K+AsAAAAAAAAAAHAb/OtmALtXsNWZ5EvXbOfpYCvryx7QeyIhS3GplxQ4eZ+xL89slpVJSs3KlaO9tSZvidVPey/ofFqOrE0mXczIVj3P8hb9liR8LguCG7lpVPuqFvtcytvIbJZiUy6pZqVyxn4HO2t5OV7fuBw6n6H3fovRvrPpysrJk9kspWTlKisnT/Z/Lj1dVsc67VKuftx9VmMfrCkpfwbu0/dU1v+2ndaI9tVlMkmTutXWu2uOq/v0fUrNytXjDTz1wcO15VTO2qKv08lZqu5azmJfdRfLbUlyd/hrqfLytvnjm5KVK6+K0sFz6Rq9KlJhZ1KLvRdVnAvPuAcAAAAAAAAAAMCt968LgB+o46Ihy07oVGKWfF0sQymz+a9loE0myympvi72qu5ir50vNVRRlh6M12ebY7WiXz3V9cgPfXvNPiLzFe1MZX/yryTJwdZaVYoJYCtXtFNcaraxnZNn1sWM7CLbSpJVEWPWb/4xPVTXVdMer6XytlbaG5uull/ttxjvsjrWc/bEKTkrV++uOa7xv52UJGXl5CkxM0drj8ars38luVWw1eQe/prcw19RFzPUa2a4Jqw/ofEP1bLoq4qTvRYmWC6/fTKx6OW4i9N7Vri63uWumb3vVnlbK4WdSVXjT7b/K+4FAAAAdXwfPwAAIABJREFUAAAAAADAneZftwR070B3NavmqEd+OKwVhxJ0PjVbCRk5WnYoQcFzjhR7XLcAV6Vk5Wrc+tNKycqV2SxFJ2VpxaH8pW4TMnLlWt5GtdzyZ0+GnUnTusik23JNd6Jcs1mZOXkWr9y8/EiwT2MPffFHrLJy8iRJX2+LU9qlvGL78q5op6MXLUPJhIwc1fMor/K2VsrJM+vzLbHFHF32TN16Wk819lLE8BYK+08zhf2nmQ6+3kKd6rjqmz9OS5IW7DunU38GuW4OtipvayWbIpL0HvU9dCIhU99uO6M8s7QvNlX/23rmuupJyMjW3V4Oxr34eOOpm79IAAAAAAAAAAAA3JB/3QxgGyuTfulbVx+HxmrUmmgdT8iUczlrNfR20EstvYs9zqmctVY9W0+j10ar0Wd7lZ6dpypOturT2FNdJP1fQzdtiEpS0y/2y62Cjep6lNf9tV1u34XdYb7eFqevt8VZ7PumR031beKhEW19NHL1KbX6ar98nOzVwtdRddwKLztc4D9tKmvwL8f17Y5zalKlgpY9U0+fP1JDI1ed1JStZ2VnbaWeDStp9t4Lf/dllbqwM6naEZOib3vVk/cVz/Qd3q66Hp62V7HJl7T9VLL+s+SoEjNz5GBnrYcC3PRG++qF+nN3sNWy/o30yi9H9J+lR9WwsqOea1ZZyw5eLNS2ON88EaDXlhzV5NBo2VlbKbixl2buPnvT1woAAAAAAAAAAIDrZzKbzVeuUnzbbdiwQc2bNy3tMsqsbdt2ML5/s19+WaLevXuXdhm3xJjVUQo/m6afn2lQ2qXctDlz5pSZ+wIAAAAAAAAAAP49kpOTJUlhYWElPiYwMFDSv3AJaACW1hyJ18X0/Gcwbz+VrK+2nFbvQK9SrgoAAAAAAAAAAAA34l+3BDQAS9tOJavvnAhl5eTJy9FOozr5qWcjz9IuCwAAAAAAAAAAADeAABj4lxvdyU+jO/mVdhkAAAAAAAAAAAC4BVgCGgAAAAAAAAAAAADKCAJgAAAAAAAAAAAAACgjCIABAAAAAAAAAAAAoIwgAAYAAAAAAAAAAACAMoIAGAAAAAAAAAAAAADKCAJgAAAAAAAAAAAAACgjCIABAAAAAAAAAAAAoIwgAAYAAAAAAAAAAACAMsKmtAuQpNjYWP3yy5LSLqNMY3zxbzVnzpzSLgEAAAAAAAAAAPyD9O7du7RLuCkms9lsLu0iVqxYoaSkpNIuo8yqWLGiUlJSSruMf42KFSuqa9eupV0GAAAAAAAAAAAA/qGSk5MlSWFhYSU+JjAwUNIdMgO4S5cupV0CAAAAAAAAAAAAAPzj8QxgAAAAAAAAAAAAACgjCIABAAAAAAAAAAAAoIwgAAYAAAAAAAAAAACAMoIAGAAAAAAAAAAAAADKCAJgAAAAAAAAAAAAACgjCIABAAAAAAAAAAAAoIwgAAYAAAAAAAAAAACAMoIAGAAAAAAAAAAAAADKCAJgAAAAAAAAAAAAACgjCIABAAAAAAAAAAAAoIwgAAYAAAAAAAAAAACAMoIAGAAAAAAAAAAAAADKCAJgAAAAAAAAAAAAACgjCIABAAAAAAAAAAAAoIwgAAYAAAAAAAAAAACAMoIAGAAAAAAAAAAAAADKCAJgAAAAAAAAAAAAACgjCIABAAAAAAAAAAAAoIwgAAYAAAAAAAAAAACAMoIAGAAAAAAAAAAAAADKCAJgAAAAAAAAAAAAACgjCIABAAAAAAAAAAAAoIwgAL4OnTt3VlBQkFasWHHbz52YmKigoCAFBQVp//79t/38d6KS3I8PPvhAQUFBeumll25jZQAAAAAAAAAAAEDpsCntAu4E7dq1U2pqarGfBwQEaNasWapXr56SkpLk6up6G6v752rdurUyMzM1YcIEderU6Zb3z/0AAAAAAAAAAAAALBEAS7rrrruUnp4uSYqMjFRGRoacnZ1VrVo1SZKfn58k6bPPPiu1GlEY9wMAAAAAAAAAAACwRAAsacqUKcb7fv36KTw8XM2aNdP7779v0a5z586Kj4/Xe++9py5dumjkyJFau3at2rdvr3Llymnbtm2ysbHRY489pv79+8vKKn+F7aioKE2ZMkXh4eFKS0tTtWrV9MQTT6hHjx5GmyvFxMRo3Lhx2r9/v7y9vTVgwIAi2/3xxx+aNm2aoqKiZGVlpQYNGmjIkCGqXr16sdd76tQpTZ06VWFhYbpw4YLc3NzUr18/9ezZU5IUGhqq6dOnKzIyUlZWVqpdu7aef/55BQUFSZIWLFigCRMmyMfHR127dtXy5cuVmJioVq1aacyYMcrKyrKY8TtixAhJUocOHTRx4kSdOHFCU6ZM0f79+5WWlqaaNWtq4MCBatWqlSTpxIkTeuKJJyRJr732mpYuXapTp06pTp06euedd4xru/J+SNLMmTM1d+5cJSUlqVOnTjKZTIWu/0buBwAAAAAAAAAAAPBPQNp1C6xfv162trbq0aOHkpKS9PXXX2vhwoWSpJMnT+rpp5/Whg0b5O3trQ4dOuj48eMaP368vvjiiyL7y8nJ0SuvvKIdO3bIyclJAQEBmjRpUqF2q1ev1ssvv6zw8HB16dJF7dq10++//65nnnlGsbGxRfYdHR2tPn36aNWqVbKyslLXrl1Vq1YtHT9+XJK0atUqDRkyRGFhYQoKClKDBg20a9cuhYSEKDQ01KKvM2fOaNOmTerYsaPy8vK0du1azZkzR/b29goODpaNTf7fF7Ru3VrBwcFq06aNoqOj9fTTT2vdunVq2LChevXqpaioKL3yyivasGFDoXq///57tWrVSh4eHtq/f78mTpxY7H1YtmyZPvvsM509e1ZNmjRRdHS0li1bZtHmRu4HAAAAAAAAAAAA8E/BDOBboGHDhhozZoyk/PD2hx9+0M8//6yePXvq559/VmZmpqpWrarvvvtOVlZWqlOnjj799FPNnTtXgwYNkq2trUV/u3bt0qlTpyTlz0728/PTpk2b9J///Mei3cyZMyVJ3bt3N2YInzhxQmFhYVq4cKFeeumlQrUuXLhQ6enpcnd315w5c+Tg4GDULUmzZs2SJHXt2lXvvPOOJGnIkCEKDQ3Vjz/+qNatWxt92djY6IsvvpCLi4uSkpK0ePFiHThwQOXLl9ewYcP0yy+/KCcnR127djVmBH/66adKT09X7dq1NXLkSEmS2WzWjBkzNGPGDLVr186i3lGjRqlt27aqWbOmxowZo4iIiGLvw6JFiyTlzwweP368zGaz+vbtq0OHDhltbuR+AAAAAAAAAAAAAP8UBMC3QJUqVQq9P3v2rMW/fn5+xvLCtWrVkiRlZWUpMTFRHh4eFv0VHGNnZ2c8fzggIKDQeQvaLVy40JhxXCA6OrrIWgtmBvv7+xvhryRjtm5Bn7Vr1zY+q127tkJDQ43PCnh4eMjFxUWS5OjoKElKS0sr8rxXnv/YsWMWy0QXV7O/v79F/wXPai5KQX1169aVJJlMJgUEBFgEwDdyPwAAAAAAAAAAAIB/CgLgW+Do0aMym80ymUw6cuSIJMnb29vi3xMnTigvL09WVlaKjIyUJNnb2xsB6uW8vLwkSZcuXVJ8fLwqVaqkM2fOFGrn7e2txMREPfTQQ+ratavFZ5eHu5erXLmyJOnIkSNKT09XhQoVJOXPALaxsTH6LKhRkvG+oK4C1tbWxvuinrVbECqbzWaLmqX8UHno0KEW7fPy8gr1URDSFtX/lby8vBQXF2ex/PXp06ct2tzI/QAAAAAAAAAAAAD+KQiAb4HIyEgNGDBAbm5uWrdunSSpR48ekqRHH31UCxcuVExMjAYMGCBfX1+tWbNGktSzZ88ilxsOCgpS1apVFRMTo+HDh6tdu3ZavHhxoXZPPfWURo8erXXr1snR0VHu7u46d+6ctm3bpoEDB6p+/fqFjnn88cf1888/68KFC+rdu7eaNm2qhIQEeXt7a/jw4XryySc1ZswYLV26VGlpacrOztbvv/8uSXryySeva1y8vb117NgxTZ8+XXv37tV9992nxx57TAsXLtSxY8e0aNEi+fv7KyEhQeHh4apVq5Zatmx5Xee4XI8ePbRv3z4tXrxYFStWVGpqqnbs2GHR5kbuBwAAAAAAAAAAAPBPQQB8Czz44IMqX768Vq9eLXd3dz322GPq2bOnpPylhqdPn66vv/5a4eHhOnLkiKpXr67HH39cjz76aJH92djYaPLkyRo/frwiIiKUnJysJ598UuPHj7do99BDD6lixYr64YcftHbtWqWnp8vNzU0NGzYscsloSapWrZpmzpypqVOnau/evVq2bJnc3NzUokULSVKXLl3k6Oio6dOna/v27bKyslKTJk303HPPqXnz5tc1LkOGDNEHH3ygo0eP6vDhw3J3d1ezZs30ww8/aOrUqdq3b582bNggZ2dn+fv7q23bttfV/5W6deumhIQEzZs3TwsXLlSrVq30wAMPaPXq1UabG7kfAAAAAAAAAAAAwD+FyXz5+ry4LiNHjtTatWvVvXt3jR49urTLAQAAAAAAAAAAAFAGJCcnS5LCwsJKfExgYKAkyepvqQgAAAAAAAAAAAAAcNsRAAMAAAAAAAAAAABAGcES0AAAAAAAAAAAAABwB2EJaAAAAAAAAAAAAAAAATAAAAAAAAAAAAAAlBUEwAAAAAAAAAAAAABQRhAAAwAAAAAAAAAAAEAZYVPaBdwJ0tLStH79eqWkpJR2KQBgwcnJSe3bt1eFChVKuxQAAAAAAAAAAPAPQAAsaf369brrrrry9vYu7VIAwMKZM7Fav369Hn744dIuBQAAAAAAAAAA/AMQAEtKSUmRl5eXzGZzaZcCABYqV/bWjh27SrsMAAAAAAAAAADwD0EAbCD8BQAAAAAAAAAAAPDPRgD8J2b/AgAAAAAAAAAAAPinIwD+EwEwAAAAAAAAAAAAgH86q9IuAGXTxImT1KFD56u26d27j4YNe73YbQAAAAAAAAAAAADXhwD4T2azudiXk1Olq75effU/Vz3+aq+ePYP1xhsjb/j4O/VlZWUlKyvTVdu0b99ezZs3L3b7Rl7Jycl6++331KLFvfL2rip//7sUEjJYZ86csWgXFxenp5/uJx8fX/n61tCgQS8qKSnZ+PzIkSN66aVX1KBBoDw9fdSo0T0aN+59ZWVlXVcbs9msXbt2qWPHzvLwqKx69epr0qSPi61/585dcnPzkp9fbYv969dvUM+ewapTp56cnCrpp5/mFjr2nnuaF/n9fPLJPlcds5L0nZycrBEj3tTddzeUp6eP2rfvpC1b/riucS9Jm/j4BAUHP6WAgLvl7u6tunXv0uDBLykuLq7I2hMSElW/fiM5OVVSRMSB67rHJRl3s9mszMxMvffef1W/fiO5u3urYcPG+u6772/r7wkAAAAAAAAAAKCkWAL6T1cLWbZv32q8nz9/gT77bLJCQzcZ+1xcXG44pMkPSq1KJeTJzs6Wra3t39J3weVc7bpCQgbKbDYrNzenyO0bERt7Vps3b1ZISIjq16+v2NhYvfXWaPXq1VubNq03anrqqaeVkZGhZcuWKisrSy+8EKKQkMH68ccfJEl//LFNyckpevfdd+Xn56c9e/bozTdHKTk5We+/P67Ebc6dO6dHH31CDzzwoKZM+VJ79+7Tiy++pPLly2vQoBcsak9JSdXzz4eoQ4f22rlzl8XYZWRkKjAwUM8++6yCg3vLZCr8nVmwYJ6ysrKM7bNn4/TII9312GOPX/U+lKTvl18eop07d+nLL7+Qn5+fZs+eo8ce66nNmzeqRo0aJRr3krTJzc1RkyZN9MILA+Xm5qYTJ07q7bffUb9+z2n58iWFan/11aG66667depUtCSTUXdJ7nFJxl2S+vXrr4MHD2v06NGqW9dfFy9eVE5ODsEsAAAAAAAAAAC4IxEAG4oPc+rWrWO89/b2kslksti3Zs0ajR//gQ4ePCRPTw/16NFdb775hsqVKydJ+vLLrzR16jTFxsbK2dlZLVu20A8/fKfBg1/WypWrjDaStH37Fvn711FRUlJS9e67Y7Vs2XIlJCTK17eaXn99mHr2fFwjR45SVNRxzZ0722j/3XfT9fnnU7Rnz3ZJ0ocffqzVq9eoS5cHNW3a94qLO6cLF2L166+/aezY8Tpy5Kjs7OwUEFBX//vf1/L1rSZJmjVrtj755DOdOhUtHx8fvfhiiAYOHFCiUf3pp7l6//2JSkiIV7t27TR58sdycXGRJP3f/wXLx8dHH344ocjt2NizGjFilNatW6e8PLPuu6+1JkwYp+rVqxd7Pn//2tq4cf2fAV2uTKYmcnCooB49HtOJE8fl5+enrVu3avv2HQoN/V0NG94lyaSPPvpQjz/eU8ePR6lGjRrq1+9pPfdcf+Xm5shszlNQUGNFR0dr3rz5ev/9/0pSidrMmDFTJpOVvvlmikwmKSDAX/v379eXX36lQYMGWtQ+bNhwdevWVZ6eHtq5c5cu/0526fKgunZ9WGZz3mVHWH5n/fyqSTIZ28uXL5erq6u6detSqO3lrtV3RkaGlixZqq+++lLt2t0nszlPb731ppYvX6GpU7/V++//t0TjXpI2bm6VNGLE68rLy5VkVqNGDZSamqIXX3xZubk5sra2Nur64YdZOn36jD78cIJWrVr1Z835dZfkHpdk3Nes+VW//bZeYWG7VLVqlT/HKH+M82ssmbNn4zRw4GClpaUV+bmDg4OmTp0ib2+vEvcJAAAAAAAAAABQFJaA/tPVll/Ny8s1XgWz/gq2169fr379BmjAgOe0e/dOff/9d1q/fqPeeuttmc1mbdiwUePHf6BPPvlYhw4d1IoVS9W27X0ym8363/+m6qGHHtJLL72krKwMZWVlyN/fv5ga8v6cKfm7vvnma4WF7dakSZNUvnx5mc1mmUzWsrKytjjGyspKJpPJYnvv3n06dSpGe/bsUmzsaaWkpKpv32fVq1dP7du3V6Ghm/T8888bs5JXr16rV1/9jwYOHKjdu3dq2LDX9NZbb2v+/IXXWLLWrMOHj2jRosWaOfMHLVy4UPv27de4cROMNiaTlTHb9MrtvLw89e3bTzExp7V8+XL9+usapaam6f/+7ylj9mVx45SZma6cnEvKzc1VTk62UlNTZTKZ5OpaSWazWdu375SLi4saNKin3Nxc5ebmqHXrlpKkbdt2yGw2KycnW1lZGcrJyVZubq6ysy8pIyNDHh7uxrlK0mbHjp1q3fpemc3535ecnGy1a9dWMTExio6OMdr99NNcHThwSKNHj1JeXl6h72Rubo6ys7OUk5Nd8I0t8toLvpe5uTmaOXOWnnyyt2xsrIsdr5L0nZ2do9zcXNnZ2Sk3N0d5eXnKzs5ShQoVtHXrthKPe0na5J8vS7m5+ec8fvy45s2br3vvbWV8J83m/O/Wf//7vr777lsVBLaX11ySe1yScV+xYqXuuaeJvv76G9Wte5cCA4P02mvDlZiYeF1LOHt5eWrwYMsZ35cbPPgFeXl5sgQ0AAAAAAAAAAC4acwA/lNJQ5bLl5iVpI8++lQvvjhYffs+pdzcHPn4eGvSpInq3v1RTZgwTjExp+XmVkn33ttCdna2cnV1Ut26/kZ4aDbnh3ZpaclXPe/vv4fqjz+2aufO7apTp6by8vLk4+MlyWQsmXxlWFTUMsz29vaaOHGCbGzys//z588rIyNDnTvfL3d3F0mu8vV9XHl5+SHr559/qV69emrQoBeUm5ujZ57po4iICE2e/IUef/zRq9acm5ur6dO/U/ny9pJMGjQoRN99912hsS5qOzR0s3bt2q29e3fL17eqJGn69O8UEHC3Vq5crYcffuiq5y6QnJyisWP/q6effloVKzrKbDbr3Lnz8vDwUG7uXzM4bW1tVbFiRZ07d6HI70JExAFNnz5Dn38+udjvSlFt4uLO6Z57mlgcU6lS/gzoc+fOqUoVH0VFHddbb72jVatWymS6/P4V/528VjC4cePvioo6rmee6XPdAeKVfTs6OqhVq5b69NPJatKkkSpXrqxfflmsHTt2yMvLq8j+ixr362nTv/9ALVmyVHl5ebr33laaN+8n4/OsrCwNGPCC3nvvXVWtWlkXLpwrVHdJ7nFJxv3EiVPauXOXHBwcNGfOHCUkxGvIkKGKiYkptJT0tXTu3ElhYXu1du1vFvvvv7+jOnfuRNALAAAAAAAAAABuCWYAG8wlfFm237t3nyZO/FBOTpXk6uopFxd3PfDAQ8rMzFRsbKwefvgh2draqUGDQL344stasGCBUlKSiu1PMqtDh87y8PCRh4eP7rmnuSSzwsMj5OnpqVq1/Iwlh/NnSWYX289f+//arlmzhmxsTMa2n5+vund/RG3bdlCfPs9o6tT/6cyZGOUvdWvW4cOH1aJFC+XkZMlszlVOziW1aNFMR48ek9mcp5UrVxm1enj46Kef5hp9165dS/b2Nn/OSs2Rt7enzp07f5Vr/2v7yJGj8vLyUrVqVYxZrZUqOatGjRo6evSoJLPeeutti3NHR5+yuNa0tDT16fO0PDw89eGH7xv7TaYrz/vX+a2sTIX2R0ZGqlev3goJGaiePR8r8ntRXJv8cxX9PbKyslJubo4GDhykkSNHqFat6te4l8V/Z658/fDDTDVv3kx16tQ29l3tXl2r72+//UbOzk5q1ChI3t7V9PnnU/TII93+XJLZsm1x4349bT74YLy2bt2i2bN/VHx8vEJCBhmfvffeONWsWVNPPtnL+J5eWfO17nFJxz3/DzTy9N1336pRo7vVvv19+vDDiVq5crViYqKveg+Keg0e/IJq1vxr+emaNWv8OTO4pP/vAAAAAAAAAAAAXB0zgP90I7MkJSkvL0+ffPKRBg0KKdQmPT1FZrO0a9d2rV+/Qb/++qvGjh2v99+fqN9+WyUnJ6eC3izOP2fOLF26lL8cr7W19WWfmYt97mh+cGl5HQWzH/+atSzZ25crdK0//jhTu3eHadWqVZo7d77Gjh2nn3+ep3vuafLncXnF9tu27X3avXuH8Zmrq8ufMzElW1u7K86VvwzwlfuK2jaZTDKZLJ+zWrC0dMEy0cOG/UcvvPDXc3S9vT2MvlJSUhQc3Fe2trZauHC+rK3/GgdPT0+dP3/e4rwZGRlKSUmRp6e7xf7Dh4/oscd6KTg4WO+9944uXcosNPZXa+Pl5aW4uHMWfeaH4JK7u7tSUlK0e/ce7d27T6+//oZxnXl5efLwqKLJkz9RcHDPQuf8azwKu3jxopYvX6nJkz+1GL/i7lVJ+vb29tSKFcuUlZWlxMQkeXt76dFHH5efn59F26uN+/W08fBwk6enu/z9a8nXt6pat26rvXv3qWHDBgoN3ayIiANydfW0OOa++zooOLiXJk/++Jr3uKTj7u3tLS8vT1WoUM6YaV+zpp8kKTo6RlWqVCly/Irj4FBBw4cP1bBhIyVJw4cPlYNDBWb/AgAAAAAAAACAW4YA+E8lD2AKwtT8fwMDA7VkyVL17du72CNycrLUrl0bdezYXmPGjFaVKr7avHmLHnzwAdnZ2So3N9fi/J6e7pKMKYwym/PUsGFDnTt3XgcOHFS9egGFzuHu7q5t27Zb9HPsWGQR11Z46eDMzDTVrx+gRo3qa9SokWrfvqMWLVqiJk0aKyCgnrZu3ao+fYKN9lu3blPduv6SpHLl7FW1qo9FrZcH1tdakrq47bp16+rs2ThFRR1XjRr5gdvZs2d1/PgJ1a2b/5xkZ+eKcnZ2uuy4/HMnJiaqZ88n5ezsrHnzfpKVlVmXn6JZs6ZKTEzUnj1hCgxsJEnauHGTJKlp0yCjnn379qtnzyf17LP9NGbMKGVlZRQa92u1adasmb744gtlZWXJzs5OkrRhwyZVrVpVPj7eys3N086d2y2OmTnzR82YMUO//rpGHh6VivxuXm0J6Dlz5qtcuXLq1q2LRZur36ur9202m5WRkSpJcnZ20IED4frtt3UaO/Zdo+21xr2kbQrOly9XKSn5y6NfupQts9ms2bNnKSvrktH24MGD6tv3Gc2e/aMCAxvIbDZf8x47OlYs0bg3b95MP/+8SImJCXJ2dpaUH/hLkq+v7w0FtzVr1tCgQc8b7wl/AQAAAAAAAADArUQAbLi+ALjg3xEjhuuRRx7VG2+8qb59n1S5cuV18OBBbdmyVe+/P1a//LJUSUmJat68mZydnbRmza8ym82qU6eOJLOqV6+uLVv+0KlTp+Tg4CAXF+c/l9W1dO+9LdSyZUv17z9QY8e+rTp1auvEiZNKTU3Vww8/pLZt22js2HHatWuX7rmnif74Y5vmzp0nV9dKhWq+/FoPHjykpUtXqHPnjvL29tKRI8cUGRmpPn2elGTW0KGvqlevYDVocLc6deqg0NAtmjFjpr755iv9FYYXNSu58LmKH+vC261atVDTpkEKCXlJEyaMlZWVtcaMeVe1a9dS584dVVSQLUlJSUnq0aOnLl26pEmTJioiYr/xWY0afnJ0dFDTpk3UvHlzDRkyTBMnjtelS1l6880xeuSRbvL1rSazOU/79oXr0Ud7qX37turRo5t27dpp9NOgwd2SVKI2ffv21uTJn+vll4fqlVcGKyLigKZN+3/27j0+57rx4/j72rXNsLExY6wwxySRJeSwMGdRbkSrkPoRCkM6cDNuciiKu1txm5Iz5XxbMhOVMrU0x9ZMho0ZO9jx2q7fH2vfe9cObCK1+/V8PDwe1/f7/Xw/n8/3c30v/7z3+XyCfgtOc2RnJ3l732PzDNWqVZHZbJa39z3Kycmd9ZyScl1nzkQbZWJiYvTTTxGqUsVNtWrVtLl/9eo1GjRooMqVcyg0tkV9VyWpOzh4j+Ljr/z23kVr9ux5uu++xho+/DlJ1hKNe0nK7Nz5H/3yS5SaNXtAzs4VFRkZpQULFqpx48Zq0eJBSVbVrFk93xLPUnLyNUmSl5en3N3dZLVaS/S7GNk/AAAgAElEQVQdl2Tc//a3JzV//gKNHv2KpkyZqGvXrmnq1L+rT5/eqlmzxi2Ht35+nfK+kVu6HwAAAAAAAAAAoDgEwL8paZBTcBZr27aPaMeObZo16x/q2bOv7OzMql+/ngYPHiSr1SpXV1ctW/ZvBQbOUWZmhurXr6+PP16pevW8ZbXm6MUXX9D33/+gdu0eU2pqmr7+OvS3fVttZWdbtGnTOk2dOl1jxoxTcnKKate+V5MnB8hqtapZs6aaM2e2hg37P2VlZeqRR1pp9OjRWrNm7Q1n3Do7Oys8/KhWrvxY164lytOzhkaNGiV//yHKzs6Sr287LVnynubPX6Dp02epZs2amjNntvr16y2LJauU42o7ezpvSeeijrOzs7R69SpNmvSqnnhioKxWqzp06KAPP1z6276vRTt9OlIREcckSZ07d7W5tmXLRj36aBtZrdlau3aVJkyYpAEDBststlefPr01b94cY8nkffv2KzExUVu2bNOWLdts6rl8OabEZapUcdX27Vs0ceIkde3aW1WquOm1117VCy8MV1ZWhqT/LqltO2ZWm/NhYUf0t7/9d5b5zJmzNXPmbPn7D9bChfON84cOfavTp3/W8uUflPidLkndJpOd3nvvnzp3LkaVK1dWnz69NX36NNnZ5fa3JONekjLVqlXTsmVBWrz4X0pLS5OnZw317NlDkyZNksmUNzvZdryys3N+G7ds5eT89/PNvuOSjHv58o7auXOHAgImqkePvnJ1raxevXppxoxpRlsAAAAAAAAAAAB/JiYr649q7dq16tKlQ4nKOjiUU7ly5ZWScs04Zzbby9HRSWazvfL2uc3KylRWVobMZnuVK+ckOzuzJJNycrKVmZluhKcmk52cnCrIbLaXySRdv550w2CpXLkKcnBwkGSS1ZqjjIw0oy4Hh3JydCwnyaTsbItycrLl4OCo69dzl9B1dHSSvb2DUlOTjfpy2y8vOzt7mUy5dWZlZdrsY+vg4ChHR6ff9t7NUWZmhhFeFqeotuztHeTkVEEpKYmSpPLlKyonJ8dYNvnpp4fq/vvv1+uvT/qtbyaVK1dB9va5f6eQnW1RenraDQNgOzuzKlZ0KfJaamqKsY9rwbotliylp6fm63/u91yUvBmnJSmT1ycnpwqyszP/Nr4Zyswsfvxy3zEnY5yk3HesQgXnQmUzMzOVkZFaqNz168nF7hddUEnqNpsd5ORU3th/2WLJ+u17sxrPeLNxL0mZ//6Wcn8vVmuOLJYsZWamFxto59Vb8Ldzs++4oKLGPbd+O5Url/sbzetPUcuB30lffPGlBg8ufpl5AAAAAAAAAABQtiQl5eZ74eHhJb6nefPmkpgBnE/JcvCsrHRlZaXbnMvOzlJaWtGzYbOzs5SaWvxMWas1W2lpycVeLygj47oyiskOi+pbZmaazef8x/9tP+WGbWZl3TzwLaiotiyWTKWk/Hfv1rx2MzMz9fPPvyg8/Ef17/+k8s8UTk+/cd8KysmxKDn56k3L3azuzMx0mxD8Vsvk9Sk1Nemm5fIU946V5LlKWq6092RnZ+r69cxir5dk3EtS5ka/pdLWW9r3p6hxz62/dL9RAAAAAAAAAACAu4kA+DdMhL57vvsuTM88M1w9enRX3769+C4AAAAAAAAAAACAW0QA/BtCx7unfft2unTpoiyWLKWlpfBdAAAAAAAAAAAAALeIANhA6Hi35C5BnHC3uwEAAAAAAAAAAAD85REAS6pUqZLi4uLl4VH1bncFAGxcuhSvSpUq3e1uAAAAAAAAAACAvwgCYEm+vr4KDQ3VsWOn73ZXAMBgMpnk4uKixx577G53BQAAAAAAAAAA/EUQAEuqWLGievXqdbe7AQAAAAAAAAAAAAC/i93d7gAAAAAAAAAAAAAA4PYgAAYAAAAAAAAAAACAMoIAGAAAAAAAAAAAAADKCAJgAAAAAAAAAAAAACgjCIABAAAAAAAAAAAAoIwgAAYAAAAAAAAAAACAMoIAGAAAAAAAAAAAAADKCAJgAAAAAAAAAAAAACgjCIABAAAAAAAAAAAAoIwgAAYAAAAAAAAAAACAMoIAGAAAAAAAAAAAAADKCAJgAAAAAAAAAAAAACgjCIABAAAAAAAAAAAAoIwgAAYAAAAAAAAAAACAMoIAGAAAAAAAAAAAAADKCAJgAAAAAAAAAAAAACgjCIABAAAAAAAAAAAAoIwgAAYAAAAAAAAAAACAMoIAGAAAAAAAAAAAAADKCAJgAAAAAAAAAAAAACgjCIABAAAAAAAAAAAAoIwgAAYAAAAAAAAAAACAMoIAGAAAAAAAAAAAAADKCAJgAAAAAAAAAAAAACgjCIABAAAAAAAAAAAAoIwgAAYAAAAAAAAAAACAMoIAGAAAAAAAAAAAAADKCAJglAmjRo2Sj4+PfHx8tGnTpt91z63UBQAAAAAAAAAAAPwZ2N/tDvwZdO3aVQkJCSUuv3r1ajVq1Oi29+PHH3/UoUOHJEm1a9dW9+7db3sb+PP47rvvdPDgQR09elRxcXG6evWqHB0dVadOHXXt2lUDBw6Uo6NjofsiIyMVFBSkI0eO6Nq1a6pcubIeeughDR8+XA0aNPhdbeTk5GjXrl06cuSITpw4ofj4eCUnJ8vZ2VmNGzfWk08+qc6dOxf5PF9++aXWr1+vEydOKC0tTdWrV1f79u01fPhwubm5FTsO2dnZeuGFF3T06FHj3FtvvaUuXbrYlPv4448VERGh48ePKzY21ji/cOFCtW/f3qbsgQMHNH78+GLbzPPkk0/q9ddfv2k5STp58qS2b9+uY8eO6fTp08rMzJQkNW7cWJ988kmR9yQnJ+ujjz7S/v37deHCBZlMJtWuXVs9evTQoEGD5ODgYJS9lbGPiorS3r179f333+v8+fNKSEhQTk6OatasqdatW2vo0KFyd3e3uWf79u0KCQlRZGSkEhMTlZGRIWdnZ9WtW1ePPfaYBgwYUOR7l+err77SK6+8Yhx7e3trw4YNhcpZLBZt3LhRO3fu1NmzZ2W1WlWnTh316NFDAwcOtHn2gi5fvqyBAwcqOTnZOPfFF1/I1dW1UNn4+Hh98skn+uqrr3Tx4kVJkru7uxo3bqynn35aDzzwQLHtAAAAAAAAAABQFhEA/4kcPXpUy5YtkyS1a9eOAPgO8/PzM4L8/IF+cedvt/fee08nT560OWexWHT8+HEdP35c+/bt0wcffCB7+//+TL/++msFBAQoKyvLOHflyhXt2bNH+/bt04IFC9SuXbtbbiM9PV3Tp08v1NfExER9++23+vbbb/XMM8/YBICStHTpUi1fvtzmXExMjNauXauQkBB9+OGHqlWrVpHjsHLlSpvwtzj/+te/bJ77djCZTCUue+jQIa1fv77E5ePi4jRixAgjlMxz6tQpnTp1SgcOHNDixYuNsPVWxn7btm1Fhs/R0dGKjo7W559/rhUrVsjLy8u4tmvXLh0+fLhQG+Hh4QoPD9c333yjJUuWFPlM165dU2Bg4E2fPSsrS6+88oq+++47m/MnT57UyZMndeDAAb333ntFBs1Wq1UzZsywCX+LEx4ervHjxxcqGxMTo5iYGN1///0EwAAAAAAAAACA/zkEwJIGDRqk1NRU4zgsLEzHjh2TJLm6uqpv37425atWrfqH9u/Pzmq1KiMjQ05OTne7K6Xy5JNPlur8neDh4aHu3bvr/vvvV3p6ujZs2GC8ez/++KN27Nihfv36ScoN6aZOnWqEoJ06dVLnzp21b98+ffHFF7JYLJo2bZo+/fRTm5mSpWkjT+PGjdWlSxfVqVNHsbGxWrlypeLj4yVJq1at0pNPPql77rlHknTkyBGb8Hfo0KHy9vbWmjVrdPLkScXFxWn69OnGHzfkd/LkSeO8g4PDDQPeRo0aqV69emrSpImWLFlyw4Cwbt26GjNmTKHzqampWrFihXHcpk2bYusoyMXFRW3btlWTJk10+fJlbd269Ybl33nnHSP8ffDBBzVp0iTl5ORozpw5OnHihI4cOaIVK1Zo5MiRNveVZuwlqXz58vLz81PLli1Vrlw5hYaGavfu3ZKkhIQEffDBB5o5c6ZRvnbt2mrQoIHq1asnV1dXXb16VRs3btSpU6ck5QbdkZGRql+/fqFnmj17tq5cuSJHR0djBnRRVq5caYS/Li4ueumll2RnZ6f3339fiYmJCgsLK/LZJWn9+vU6dOjQTduIj49XQECA8R507dpV3bp1U9WqVXXt2jUdP37cZpwAAAAAAAAAAPhfQQAs6fnnn7c5XrRokRGQValSRWPHjrW5npGRoVWrVmnPnj2Kjo5WZmamatSooY4dO2rYsGGFlindunWrtm7dqqioKKWlpcnZ2Vnu7u5q2LChBgwYoCZNmqh169Y29xw8eFA+Pj6SJGdnZ4WGhpboWSwWiz799FN9/vnn+uWXX5SWliZXV1c1bNhQw4YNU4sWLRQfH28zuzj/0qrBwcF64403JBVe2rZVq1bKycmRJH3yySfavXu3Pv/8c12+fFnz58+Xr6/vTZ+1WbNmRn1paWlat26d9u7dq7NnzyorK0vu7u7y8fHRs88+K29v7xI9c1FCQ0P173//W5GRkapUqZJ69OihMWPG2MymHTVqlDETcsqUKfrb3/52w/O3u8+jRo3SI488YtMnX19f9erVSykpKZKkEydOGOHsrl27lJiYKEny8vLSnDlzZDab5efnp59//llnz55VUlKSduzYIX9//1tqw8HBQYsXLy4UjDZu3FgjRowwjk+cOGGEa2vXrjXO9+7d2wheH3roIfXp00dWq1U//PCDTpw4ofvuu88om5GRoalTp8pisWjIkCEKCQmxWdq5oJUrVxqfP/jggxuOrZeXl4YOHVrofP73uXbt2urYseMN68mvf//+6t+/vyRp06ZNNwyArVarDhw4YBy/8MILaty4sSRp+PDhmjRpkiRpw4YNGjFihOzt7W9p7H19fTVs2DBVrlzZuN6lSxdduXLFeIdPnDhhU9+UKVMK9bdZs2YaOHCgcZz3buS3Y8cOhYSEyNnZWU8//XSx34HFYrGZKT1hwgT16dNHklShQgVNnTrVePbnn3/eZino6OhoLV68WJI0duxYvf3220W2IeWG4Xm/h/79++u1116zuZ5/JjwAAAAAAAAAAP9LCIBLKSkpSaNGjTJmy+WJiYnR6tWr9cUXX2j58uXy9PSUlDubbf78+TZlExMTlZiYqF9++UUNGzZUkyZNbkvfUlJSNHr0aCO8zhMfH6/4+Hg99NBDatGiRaH7SrMMbp6pU6fqzJkzxnFOTk6JnjUvAL527ZpGjBih6Ohom/KxsbHasWOHgoOD9dZbb5UqoMuzY8cORUREGMdXrlzRJ598ovLly+v//u//Sl1fntvd50cffbTQuYoVK8rDw8MI4CpVqmRcy7+cbvPmzWU2myVJdnZ2atGihc6ePStJOnz4sBEAl7YNBweHImfF1qlTx+Y47x6r1aqwsDDjfMuWLY3PNWrUkJeXl86dO2f0K38AvHjxYp05c0be3t4aPXq0QkJCCrV7O1ksFpuw+plnnrmld78kMjIybGav5g85839OSkpSZGSkGjduXOqxl3Lfg6LUqVPHCIDzly8oOztb8fHx2rRpk3HOzc2t0NLnsbGxWrBggSRp8uTJys7OLrbOyMhIXbt2zTjO/07k/VGLlPvsp0+f1v333y8p9/uZOnWqMjIy1LdvX3Xs2PGGAfDevXuNzy4uLho6dKiioqJkZ2enpk2basSIEcWODwAAAAAAAAAAZRkBcCm9/fbbRvjbpEkTTZ48Wa6urlqxYoW2bdumuLg4zZgxQ0uXLpUk7dmzx7h3wYIFatq0qRITExUTE6NvvvlGVapUkb29vZYvX67g4GBt3LhRUu6MvJdfflmSjKCvJH3LC3/t7e311FNPycfHR2lpaTp8+LDKlStX5H12dnalHoczZ86oX79+at26ta5duyZPT0+tWbPmps+aZ/78+UaQ6urqqtGjR6tq1apav369vv32W2VlZWnatGnatm2bzezGkoiIiFC7du306KOPavfu3frxxx8l5c5U/T0B8J3sc55jx44pKipKUm4w361bN+NaTEyM8dnd3d3mvvzH+cuVto3ibN++3fhcrVo1I9S7du2azWzRovqVFwDn79d3332ndevWyd7eXjNnziz23bydgoODFRcXJyl3GfeePXvesbacnJxUq1YtnT9/XlLuzGNvb29lZ2fb/E4k6cKFC8bs4KIUN/bFSUlJ0b59+4zjHj16FCqTmpqqDh06FDrfrFkzTZ48WeXLlzfOWa1W/f3vf1dKSoq6dOminj172vSpoILvX/53ouDy+Xn79ErS8uXLdeLECdWqVUsBAQE2IXJRz5h/tnj+2eFS7jLW3333nebMmaPOnTsXWw8AAAAAAAAAAGURAXAppKWlKTg42DieNm2asU/m66+/ruDgYGVkZCgsLEznz59XrVq1bPbFvXDhgjw9PeXl5aV69erZzBRt3ry5fvrpJ+O4UqVKhWavff311zpy5Eihfo0dO1bp6enGvp+SNGbMGGMWqCT5+fkV+1y3EgA/8cQTxlLReUr6rGlpaTaz91599VWjfz4+PurZs6dSUlJ0/fp17du3T/369dPGjRsLLQ9cq1atIvfrbdq0qRYuXCiTyaT27durd+/eknJDo6tXr8rNza3Uz3un+yxJp0+f1oQJE4zj0aNH2+zDmpaWZnzOv6SzJDk6Ohqf8+9nXdo2ivKf//xHS5YskZQ7e3XWrFnGLNb8fcq7frN+JScna/r06ZKkkSNHFppteqesWrXK+PzUU0/Z9M1isehf//pXoXtatWqlRx555JbaGzVqlN58801J0oEDB4r9Dd5on9sbjX1REhMTNWHCBGPP4Hbt2pV6T+uMjAyb408++URHjhyRu7t7oWWWi3Kjd8LOzk729vayWCw2ZSMiIrRixQrZ2dkpMDBQFSpUuGEAXHD/Z0dHR02ePFl169ZVUFCQDh48aOy33KFDhxuOGQAAAAAAAAAAZQ0BcCnExMQYwYWUGyIVJyoqSrVq1VLv3r116NAhSdI777xjXPfy8lKHDh30/PPPl3i26JEjR/TRRx8VOj927FjFxMQoKyvLONepU6cS1Snd2hLQRYVZJX3WguOYP+iuUKGCGjVqZATdectM79y502ZZZyl3j9miwq127doZz1RwRmpiYuItBcB3us8HDhzQ66+/bgRiY8aMKbSHbf5Zmfm/a8k2RKxQoUKRz1CSNgr68MMP9eGHHxrtL1iwwGYGav4+FexHcf16//33denSJTVv3lzPPvvsDdu/Xb766itFRkYa/ci/r7OUuxRyUb8tR0fHWw6Au3fvLrPZrH/+85/GrFiTyaSuXbvqyy+/NL4HFxeXIu+/2dgX9Ouvv2rcuHH69ddfJeXuDzx79uwiVxAoX768Nm3aJIvFotjYWG3atEkHDx7U0aNHNXLkSG3cuFFeXl66dOmS3n//fUnS9OnTS/R/VVHvRN4M75ycHJvfUV7ZwMBA5eTkaNiwYXrwwQdv2kb+8F7K3fc4bx/r1157Tb169ZKUO0P9+PHjJaoTAAAAAAAAAICyggD4d3B2di72Wl5A1717d1WoUEFbt27VsWPHjJl5MTExWrNmjaKioowZfr+H1Wq1Ob5RqFvwWv79PK9evVqi9qpVq1boXEmftWBfbzdXV1fjc8GZsrfqTvZ5zZo1WrhwoaxWqxwcHDRt2rQil+318vIywuW8sc2T/9jLy+uW28iTmZmpwMBAY1a5h4eHFi5cWGi2rqurq5ydnY1loAv26/Lly4X6denSJUlSeHi4WrVqVWT7U6ZMkSR9/PHHt2WP7I8//tj4/MQTTxQbut5ufn5+8vPz06VLl5SamipPT08lJSXZrCTQoEEDm3tKOvb5hYWFafLkyUpKSpKU+8cpEyZMKHZ2v8lkMvYWrl+/vtq2basePXroypUrysrK0u7duzVixAhdvXrV+L9szJgxRdYVFRUlHx8ftWvXTosWLSr0/sXHx6tWrVrG5/wKvhNBQUEKCgoqsp0uXbrIyclJBw8elKurq5ycnJSeni5JqlmzplGuevXqNrOM8y9RDgAAAAAAAADA/wIC4FLw8vKyCRZWrlxphCj5WSwWm+CxQ4cOxn6bqampOnr0qAICApSRkaFvv/1W6enpcnJysglmc3JyCtU7duxYjR07tsi+3XPPPXJwcDDCmpCQED399NM2ZaxWq0wmU6HwKy4uzjh38ODBm46DVHzAXJJnLTiOP/74o7p06SIpd0nY06dPG/XljW/BPT7/aHeizxaLRfPnz9fmzZsl5YapCxYsKLT0d56HH35YBw4cMNrPzs6W2WxWTk6Ovv/+e5tyt9qGlPtHABMmTDCWJG/cuLEWLlxYZOhvMpnUsmVL7d+/X5L0/fff6/HHH5ckxcbG2uwHm79ff6Tjx48bs7Pt7e01ZMiQQmXKlSunsLCwO9YHDw8P4/OKFSuMz/fff7/NtdKMfZ6tW7dqzpw5slgssrOz06RJkzRgwIAiy6ampqpcuXKFZgVnZWXZzMwtuMRyadSvX1+urq7GEs7ff/+9EQDnH+NKlSqpYcOGt9SG2WxW8+bNjRUH8gJkSbpy5YrNs+QPhwEAAAAAAAAA+F9AAFwK5cuXV5cuXYyZeVOmTNG4cePk7e2tzMxMRUVF6euvv9bRo0e1Zs0aSdKCBQtkNpvVpk0bVa9eXS4uLsrKyrKZdZsX9uafuXr8+HGFhobK1dVVrq6uRQbN+Tk5Oalbt27asWOHJGnx4sW6cuWKWrZsqbS0NB05ckT33HOPhgwZIkdHR9WoUcPYnzYwMFCPP/64wsLCjEDlVpT0WStUqKDOnTsbsyDnzZunlJQUVa1aVevXrzfCp4oVK+qxxx675f7cTneiz2+++aa++OIL49jX11fh4eEKDw83znl5eRlBc69evbR8+XIlJSUpJiZGr732mjp37qx9+/YZy/66uLgYex7fShvp6el69tlndfHiRUm571W7du20c+dOm777+PioadOmkqTBgwcbAfCOHTtUrVo1eXt7a/Xq1Ub55s2b67777pMk9e3bt8iljJctW2aMY+/evdWwYUPVqFHDuP7NN98Y+9PmX1r6p59+Mt6xZs2aqUqVKjb15p/927VrV1WvXr1Q2yVx8eJFnTp1SpL0888/G+dTUlIUGhoqKTfUfOihhyRJJ0+e1JIlS9S1a1fde++9Sk5O1ueff67//Oc/xr2jR482Pt/K2G/atElvvfWWca1ly5a6fv26zR8f2NvbG/uBHzlyRLNmzZKfn5+8vb1VtWpVxcfHa+vWrUpMTDTuyavfw8PDZs/oPMeOHTN+C1WrVtVzzz1nhLz29vYaMGCAli1bJil3Ofj09HSZTCZjOWlJGjBggLE375gxYwotH56UlKTly5cbx6NGjVKlSpWM48GDBxv/X+3Zs0ft27dX7dq1be5p1KiR6tatW6j/AAAAAAAAAACUZQTApTRx4kRFRkYa/4paFjV/aHXp0iWFhITYhGH5+fn5GXuj+vj4GLNMr127pokTJ0rK3c933rx5N+1bQECAIiMjdfLkSVksFn388cc24Vf+vj711FNatGiRpNyw+fjx45JyZ+/l7ZVaWqV51okTJ+rUqVOKjo5WQkKCZs2aZVPWwcFBgYGBNqH43Xa7+xwVFWVzvGXLlkJl2rVrZ4SzlStXVmBgoCZOnCiLxaKQkBCFhIQYZe3t7TV9+nSb9kvbRnp6uhFA5h3nD9TyvPLKK0ZI6OPjo+HDhxszWwsu4VutWjVNnz7dOM6bIV7QmjVrjAA4f5/yBAYG2iwpnSf/jNr33ntPbdu2NY5jYmJsxuj37Dn87bffFvrO89rI+602bdrUCF9zcnJ06NChIv+owmQy6dVXX7VZAvtWxv6XX36xuXb48GEdPnzY5pyTk5MRAEu5M2TXrVtX7HN26tTJGHs3N7ciZ0xv377dCIArV65cqMywYcP0ww8/KCwsTMnJyZo7d67N9YceekjDhw83jgvuySxJFy5csHn+/v3727zbjz76qIYMGaI1a9YoLS1NkyZNsrm/cuXKmjFjRrHPCQAAAAAAAABAWUUAXEqurq766KOPtHHjRu3du1dnzpxRenq6KleurGrVqqlly5Y2AVfPnj3l4OCgkydP6sqVK0pNTZWTk5Nq166tzp072yzTXKNGDc2ZM0fLli1TVFSUzTKmJeHi4qKgoCBt3rxZe/bs0S+//GL0rWHDhmrWrJlRdvDgwUpOTtbWrVt17do11a5dW/7+/nJ0dNQbb7xxS2NTmmd1c3PTqlWrtHbtWoWEhCg6OloWi0Xu7u7y8fHRM888o3r16t1SP26n/Etd/xn63K5dO61atUpBQUE6cuSIEhMTjVmnw4YNu+E+sXfSSy+9pCZNmmj9+vU6ceKE0tPTVb16dbVv317Dhg1T1apV70q/PvnkE2OGfdu2bVW/fv0/rG0PDw91795dERERxt66ee/KkCFDbnn549+jQYMGevrppxUeHq6LFy8qKSlJJpNJVatWVePGjdW9e3d17tz5hnuIl4Sjo6MWL16sDRs2aNeuXTp79qwk6d5771XPnj01aNAgY/bv7zFhwgQ1a9ZMGzdu1KlTp5Senq5q1arp0Ucf1fDhw22W1wYAAAAAAAAA4H+FyWq1Wu92J4A/k+eee07Hjh2TJM2fP/9Psww1AAAAAAAAAAAA/jckJSVJks22njfTvHlzScwABgxpaWk6ceKEsc+rJPYPBQAAAAAAAAAAwF8KATDwG39/f2OpWknq2LGj6tSpcxd7BAAAAAAAAAAAAJQOATBQgKurqzp06KDx48ff7a4AAAAAAAAAAAAApUIADPxm8+bNd7sLAAAAAAAAAAAAwO9id7c7AAAAAAAAAAAAAAC4PQiAAQAAAAAAAIN8ZpUAACAASURBVAAAAKCMIAAGAAAAAAAAAAAAgDKCABgAAAAAAAAAAAAAyggCYAAAAAAAAAAAAAAoIwiAAQAAAAAAAAAAAKCMIAAGAAAAAAAAAAAAgDKCABgAAAAAAAAAAAAAyggCYAAAAAAAAAAAAAAoIwiAAQAAAAAAAAAAAKCMIAAGAAAAAAAAAAAAgDKCABgAAAAAAAAAAAAAyggCYAAAAAAAAAAAAAAoIwiAAQAAAAAAAAAAAKCMIAAGAAAAAAAAAAAAgDKCABgAAAAAAAAAAAAAyggC4L+42bNna+7cube1zqFDh2rLli23tc7/RV27dpWPj4927dpV4ntee+01+fj4aObMmXewZwAAAAAAAAAAACir7O92B/5MIiIitGLFCv34449KS0tTzZo15evrK39/f7m6ut7t7t0R/v7+GjRokPr06WNzztvb+y72qmy47777lJiYKDc3t7vdFQAAAAAAAAAAAPyPIAD+zddff62AgAD1799fY8aMkaenp+Li4rR9+3YdOnRI3bt3L3WdFotF9vZ/vSHu0qXL3e5CkbKysuTg4HC3u1Fi77777t3uAgAAAAAAAAAAAP7H/PXSyTvAarVqzpw56tOnjyZOnGicr1OnjsaOHSur1SpJ6tGjh6ZPn65HHnlEkhQXF6devXpp3759cnFx0YIFC3T58mXZ2dkpKipKrVq10ssvv6x58+YpNDRUWVlZcnFx0ejRo41AOTg4WCtWrNDFixdVs2ZNjRw5Ur6+vsX29bPPPlNQUJCSkpLUvn172dnZqUKFCsb1mJgYLVy4UEePHpXZbFanTp308ssvy8nJqVBdCxYs0C+//KL33ntP//73v9WoUSPNnTtXQ4cOVb9+/dSvXz8lJyfrscce09ixY7V//36lp6erWrVqeuONN+Th4SFJSkhI0Ntvv63Dhw/LZDKpTZs2Gj9+vCpXrlzkM3Tt2lUJCQl65plndPLkSZ04cULu7u4aO3asOnbsKCl3KeQ9e/aoW7duMpvN2rdvn/z8/DRt2jRFR0fr/fff108//aTr16/L29tbL774otq2bWuMwYIFC4zrlSpVkre3t2bPnq0qVarIYrFo8+bN+uyzzxQTEyNXV1e1a9dOo0ePlouLS5F9PH78uNzc3BQQEKD27dtLkrKzs7V161Z9+umnOnfunKxWq7y9vbVkyRI5OzsbdQQGBqpnz56KiIjQ3Llzdf78eV2/fl3ly5dX06ZNNW7cONWvX78EbyoAAAAAAAAAAABwY+wBLOnMmTO6ePGizTLI+ZlMphLXFRoaqkGDBmn9+vUKCAjQ9u3bdezYMX366acKDQ1VUFCQGjVqJEkKCwvTjBkzNG7cOIWEhGjUqFGaMmWKIiIiiqz78OHDeueddxQYGKiQkBC1bdtWu3fvNq6npaVp5MiRatCggbZv365169YpOjpaixcvLrK+iRMnql69enr55Ze1ZcuWG+4l/NNPP+nDDz/UmjVr1KhRI02ZMsW4NmXKFGVkZGjz5s1av3694uPjNW3atJuO1caNG/XAAw/oscceU3R0tCZNmqTIyEibMsHBwYqIiFCnTp1077336ty5c3r22WcVEhKiZs2aaeDAgYqKitLLL7+s0NBQSbnB9sGDB9WiRQu9+OKL6tKli65evarU1FRJ0rx58zR//nxdu3ZN/v7+uvfee7Vp0yaNGjVK2dnZNu2vXbtWdevWVZMmTRQTE6OpU6cqPT1dkjR//nzNnj1bp06dUsuWLdW5c2ddvXrVuF5QfHy8rFar+vTpoxdeeEH33HOPDh06pICAAFkslpuOFwAAAAAAAAAAAHAzzACWdPXqVUlStWrVfnddDz/8sJo3b24cOzo6KiUlRadOndKDDz4od3d3ubu7S5K2bdumbt26qU2bNpKkjh07qmPHjtq6dauaNm1aqO5t27apZ8+eRv09evTQpk2bjOv79u2Tvb29Ro4cKUlycnLSSy+9pLFjx2rSpEm/67n8/f2N5ayfe+45rVixQmfPnpXZbNb333+vHTt2GLNnx48fr0GDBik+Pt541qIMHjxYL730kiQpKipKx44d05YtW2xmYdeoUUNr165VuXLlJEmLFi1Samqq6tevr9dee01S7gzujz76SB999JF8fX2VlpYmSapcubLq16+vLl26aPLkyZKk5ORkbdmyRZL08ssvq23btnryySf1xBNP6OTJkzp8+LBat25ttD9w4EBNmDDBmO2dkpKiX3/9VZ6envr0008lSa+88or8/f0lSTk5OcU+b5s2bYzZ3RkZGfLz81P//v11/vx5xcTEqE6dOiX6LgAAAAAAAAAAAIDiEABLcnNzkyRdvnxZNWrU+F115S2LnKdHjx5KSEjQwoUL9euvv+rhhx/Wyy+/rDp16iguLk6tWrWyKe/l5aWff/65yLovXbpkLD+c55577jE+X7hwQfHx8erfv79xLicnR3Z2dkpNTbVZKrq08ge5FStWVPny5XXp0iXZ2dnJbDbbjJuXl5ckKTY29oYBcK1atWw+Hzt2TLGxsTZlmjdvboS/knTx4kVJUmRkZKG9is+dOydJGjVqlGbMmKGtW7dq69atRp/effddWSwWI6Qtapbyr7/+ahMAN2zYUJLk7OxsnEtNTdWlS5eMevIH/nZ2xU+qP3PmjBYtWqSIiIhCs4SvXLlCAAwAAAAAAAAAAIDfjQBYUt26deXp6amdO3fqgQceKHTdarXKZDKpQoUKyszMNM5fu3atUNmCy0WbzWY9++yzevbZZ5WUlKRFixZpxowZCgoKUvXq1XXhwgWb8ufPn1f16tWL7KeHh4fi4+NtzsXHxxshcI0aNVSzZk1t2LChZA+uGweW+Z07d84Idq9cuaK0tDR5eHjIbDYrOztbcXFxRr/Pnz9v9OdGTp8+LSl3fPNC74L35A9/81+vX7++xo8fb3MtL5B98MEH9dlnn+nSpUs6c+aM/vWvfykiIkKbN2/WCy+8IDs7O+Xk5OiVV14xAl4pd0/f2rVr29SZNz4Fv1cPDw+jnvDwcGPGdl4fihrXGTNm6Oeff5avr68GDhyotLQ0BQQEGGMAAAAAAAAAAAAA/F7sAazccO+1117T1q1btWjRIp05c0bp6enG/rnBwcGSpPvuu09ffvmlJMlisWjVqlU3rTssLEynT59Wdna2KlSoIGdnZ5nNZklSnz59FBwcrO+++07Z2dk6cOCAQkND9fjjjxdZV+/evbVr1y5dunRJknTs2DEdPnzYuO7r66vU1FR98MEHun79uqxWq2JjY3XgwIFi++fu7q6zZ8/e9DmWL1+uK1euKD09XQsXLlTTpk1Vu3ZteXl5qUWLFlq4cKFSUlKUmJioRYsWqW3btjec/StJmzdv1quvvqoRI0bozJkzMplMxT57nieffFJOTk6KjIzUZ599pmPHjungwYNaunSp9u7dK0l69dVXNWnSJG3atEk//fSTrly5IkmqUqWKXFxcjDbWrVunw4cPKzw8XDt27NDUqVONZa5vxsXFRU888YQk6d1331VAQIBmzpypAQMGKCEhoch78i8PnZycrG3btpWoLQAAAAAAAAAAAKCkmAH8m7Zt22rZsmX697//reeff17p6eny9PSUr6+vsSTwmDFj9Pe//12DBg2Sm5ubOnbsqN27d9+w3vj4eL311lu6dOmSHB0d1bhxY7355puScvcLfuONNzR//nzFxcWpZs2a+sc//lHkLGRJeuSRR/Tiiy9qzJgxcnNzU40aNWyWQXZ2dtbSpUu1ZMkS9e/f35il26dPn0JLR+d59tlnNWvWLG3atElNmjTR+++/X2S5Pn36aMSIEbp69aoeeOABzZ0717g2Z84cvfPOO3riiSdkMpnUunVrTZgw4YbjIkkvvviifvjhB504cUJ16tTR6NGjbWbkFqV27dr6+OOP9eGHH+ro0aMKDQ1V5cqV1bBhQ3Xs2FGS1KRJE+3YsUOHDh1SVlaW3N3dNXjwYA0ZMkSSNGXKFDVo0EBbtmzR+vXrZTKZVL16dXXt2lWVKlW6ab/zTJ48WQ0bNtRnn32msLAw5eTkqF69enJyciqy/NSpU/XWW2/pm2++UXR0tAYMGKD9+/eXuD0AAAAAAAAAAADgZkxW1p7FDSQnJ+uxxx7Tzp07i12aurS6du2qhIQEBQYGqmfPnrelTgAAAAAAAAAAAKCsSEpKkiSFh4eX+J7mzZtLYgloAAAAAAAAAAAAACgzCIABAAAAAAAAAAAAoIxgCWgAAAAAAAAAAAAA+BNhCWgAAAAAAAAAAAAAAAEwAAAAAAAAAAAAAJQVBMAAAAAAAAAAAAAAUEYQAAMAAAAAAAAAAABAGUEADAAAAAAAAAAAAABlBAEwAAAAAAAAAAAAAJQRBMAAAAAAAAAAAAAAUEYQAAMAAAAAAAAAAABAGUEADAAAAAAAAAAAAABlBAEwAAAAAAAAAAAAAJQRBMAAAAAAAAAAAAAAUEYQAAMAAAAAAAAAAABAGUEADAAAAAAAAAAAAABlBAEwAAAAAAAAAAAAAJQRBMAAAAAAAAAAAAAAUEYQAAMAAAAAAAAAAABAGWF/tzvwZ5CUlKTY2Filp6fftKyDg4Nq1aqlSpUq/QE9AwAAAAAAAAAAAICSYwawpPPnz5co/JWkrKwsxcbG3uEeAQAAAAAAAAAAAEDpEQArN9S9EZPJJHd3dzk5OUlSicNiAAAAAAAAAAAAAPgjEQCXgKurq5ycnFSlSpW73ZWbGjp0qLZs2XK3u/G77d69W7169ZKvr6/2799/t7sDAAAAAAAAAAAA/CWwB/BNODs7q2LFipKky5cv37DsypUrtWTJEkmS2WyWh4eHevbsqZEjR8pkMt3xvkqSv7+/vL29/5C28owZM0aHDh2SJDk5Oenee+/V888/r86dO99ynXPnztXcuXPVqlWr29VNAAAAAAAAAAAAoMxjBnAB+YNaR0dHubq6SpISEhJuulS0JDVo0ECHDh3S/v379cYbb2j16tXaunXrHetvQV26dLnlADg7O1s5OTm3dO9TTz2lQ4cOaffu3erSpYtef/11RUdHFypnsVhuWldycrKSk5P/8CBb+n1jAAAAAAAAAAAAANxtBMD5VKhQQZ6ennJwcJDZbJa7u7sk6fr160pNTS1xPfb29nJyclLr1q11//336/jx48a1sLAwDR06VL6+vurXr582btxoc+9nn32mxx9/XL6+vnrzzTc1bdo0zZ07V5J07tw5+fj42ISou3bt0uDBg43jgktAx8TEKCAgQH5+furevbvmzZtn7GGcnJwsHx8frV69Wv7+/urbt68SEhJueM/NntvZ2VnPPfeccnJydPr0aYWGhqpv3756//33NXjwYL344ouSpODgYA0aNEgdOnTQU089pdDQUElSZGSknn76aUnSsGHD1K9fP2VnZys1NVULFixQ79691alTJ40bN04XL1402l63bp369OkjX19f+fn5aeHChca1hIQEvfHGG+ratau6deum6dOnKzEx8YZjAAAAAAAAAAAAAPwVEQDn4+zsLDs7O1WrVk1Vq1aVnZ2dMjMzdfXq1VuqLyoqSqdOnVLt2rUlSadOndK4ceM0dOhQ7d27V2+//baCgoIUEhIiSTp8+LAWLlyowMBAhYSEqH379goODr7l50lLS9PIkSPVoEEDbd++XevWrVN0dLQWL15sU+6HH35QUFCQduzYoYoVK5bonhvZvXu3rFar6tatK0k6f/68KlasqLVr12rFihUKCwvTjBkzNG7cOIWEhGjUqFGaMmWKIiIiVL9+fX388ceSpKCgIG3ZskVms1nTpk1TTEyMPvroIwUHB6t+/fqaOHGicnJydPbsWb333ntavHixQkNDtW3bNvn5+Rn9mTJlijIyMrR582atX79e8fHxmjZtWrFjkBf8AwAAAAAAAAAAAH81BMD5XL58WZmZmbKzs5Ojo6NycnJuuu9vQVFRUeratas6d+6sgQMHys/PT4MGDZIkbdiwQd26dZOvr6/MZrPq1aungQMHateuXZKkbdu2qVevXmrevLns7OzUrVs3Pfjgg7f8PPv27ZO9vb1GjhwpJycnubq66qWXXjLay/Pcc8/JwcGhVPcUtGXLFnXt2lUdOnTQu+++q8mTJ6tBgwaScvcF9vf3N8pu27ZN3bp1U5s2bWRvb6+OHTuqY8eOxS6VHRcXp9DQUE2ZMkVVq1aVg4ODRo0apV9//VW//PKL7O3tZbVadfLkSaWkpKh8+fJq2rSppNwZ0N9//70mTpwoFxcXubq6avz48frqq68UHx9f5BgAAAAAAAAAAAAAf1X2d7sDfyZWq1WXL19WtWrV5OjoqMuXL8tqtZaqjtq1a+v9999XRkaGNmzYoC+//FKpqamqVKmSzp8/r8jISIWHhxvlMzMzVatWLUnSpUuX1KhRI5v6atasecvPc+HCBcXHx6t///7GuZycHNnZ2dksaV2tWrUS31OhQoUi2+revbtGjhyp8uXLq2LFijbXqlatKrPZbBzHxcWpVatWNmW8vLz0888/F/sckjR69Gib805OToqPj1ebNm00Z84crV+/XrNmzVL9+vU1YsQItWvXTnFxcTKbzapRo4ZNW5IUGxtrzM7OPwYAAAAAAAAAAADAXxUBcAF5IXC5cuWUlZVV6vvz7x08fvx4RUREaOnSpZo8ebI8PT1Vt25dvfrqq0Xe6+HhYYSdeS5cuKB69epJksqXLy8pNzS2t8/96q5du1ZsX2rUqKGaNWtqw4YNRV5PTk6WJJlMphLfUxwnJ6dil07OX78kVa9evdBznj9/XtWrVy/yfk9PT0nS8uXL5ebmVmQZX19f+fr6KjMzU9u3b9fEiRO1d+9eVa9eXdnZ2YqLizPqP3/+vCTZhMIF+wgAAAAAAAAAAAD8FbEEtFRo6V+r1ar09PRiyzs5OZW47jFjxujTTz9VTEyMBgwYoJ07d2rfvn2yWCyyWCyKjIzU0aNHJUm9e/fWzp07dfToUeXk5GjPnj368ccfjbqqVq0qDw8Pffnll5Jyw98tW7YU27avr69SU1P1wQcf6Pr167JarYqNjdWBAwdu6z2l1adPHwUHB+u7775Tdna2Dhw4oNDQUD3++ONFlq9Ro4Z8fX01c+ZMxcbGSpKSkpK0Z88eWSwWnT17VocOHVJGRoYcHR3l5uYmk8kks9ksLy8vtWjRQgsXLlRKSooSExO1aNEitW3blr1+AQAAAAAAAAAAUOYwA1hSrVq1FBsbe8PQN4+Dg4PNzNGbadGihVq2bKmlS5dq1qxZeuedd/TBBx9o5syZslqtqlOnjp5//nlJ0iOPPKKxY8fq9ddfV0pKitq1a6du3boZdZlMJgUGBmrevHlavXq13Nzc1L59e3399ddFtu3s7KylS5dqyZIl6t+/v9LS0uTh4aE+ffqoffv2t+2e0nr44Yf1xhtvaP78+YqLi1PNmjX1j3/8Qw888ECx98yYMUPLli3T//3f/ykhIUGVK1dWy5Yt1alTJ2VmZmrp0qWKjo6WyWRSzZo1NX/+fCOonzNnjt555x098cQTMplMat26tSZMmHBbngUAAAAAAAAAAAD4MzFZS7vJLf5Qs2fPltlsLnbZaAAAAAAAAAAAAABlS1JSkiQpPDy8xPc0b95cEktAAwAAAAAAAAAAAECZQQAMAAAAAAAAAAAAAGUES0ADAAAAAAAAAAAAwJ8IS0ADAAAAAAAAAAAAAAiAAQAAAAAAAAAAAKCsIAAGAAAAAAAAAAAAgDKCABgAAAAAAAAAAAAAyggCYAAAAAAAAAAAAAAoIwiAAQAAAAAAAAAAAKCMIAAGAAAAAAAAAAAAgDKCABgAAAAAAAAAAAAAyggCYAAAAAAAAAAAAAAoI+zvdgf+DJKSkhQbG6v09PSblnVwcFCtWrVUqVKlP6BnAAAAAAAAAAAAAFByzACWdP78+RKFv5KUlZWl2NjYO9wjAAAAAAAAAAAAACg9AmDlhro3YjKZ5O7uLicnJ0kqcVgMAAAAAAAAAAAAAH8kAuAScHV1lZOTk6pUqXK3u3JTQ4cO1ZYtW+52N0osIyNDPj4+OnfuXLFlZs+erblz5/4h/fmrjR8AAAAAAAAAAACQH3sA34Szs7MqVqwoSbp8+fINy65cuVJLliyRJJnNZnl4eKhnz54aOXKkTCbTHe+rJPn7+8vb2/sPaSvPmDFjdOjQoULn//nPf+qRRx654b329vaaNGmS3Nzc7lT3SuVujB8AAAAAAAAAAABwuxAAF2AymWS1WiVJjo6OcnV1lSQlJCTcdKloSWrQoIFWrVoli8Wi8PBwTZw4UZ6enurXr98d7XeeLl263PK92dnZMplMsrMr/cTwgQMH6pVXXrE55+DgcNP7zGazBg0aVOr27pTfM34AAAAAAAAAAADA3cYS0PlUqFBBnp6ecnBwkNlslru7uyTp+vXrSk1NLXE99vb2cnJyUuvWrXX//ffr+PHjxrWwsDANHTpUvr6+6tevnzZu3Ghz72effabHH39cvr6+evPNNzVt2jRj+eNz587Jx8dHFovFKL9r1y4NHjzYOC64hHFMTIwCAgLk5+en7t27a968ecYexsnJyfLx8dHq1avl7++vvn37KiEh4Yb3FMfOzk7lypWz+WdnZ6f169dryJAhNmXPnz+vhx9+WBcuXChyCej8YzB16lRlZGTY3F+SZ1q/fr2GDh2q/v37a9SoUbp06ZJxf0pKihYsWKA+ffqoffv2GjhwoCIiIoocv+nTp6tnz55q3769+vfvrx07dtxwHAAAAAAAAAAAAIC7iQA4H2dnZ9nZ2alatWqqWrWq7OzslJmZqatXr95SfVFRUTp16pRq164tSTp16pTGjRunoUOHau/evXr77bcVFBSkkJAQSdLhw4e1cOFCBQYGKiQkRO3bt1dwcPAtP09aWppGjhypBg0aaPv27Vq3bp2io6O1ePFim3I//PCDgoKCtGPHDlWsWLFE95RUjx49dObMGZ06dco4t337drVs2VI1a9YsVP7w4cN65513jDFo27atdu/eXepnOnr0qJYvX67NmzerevXq+uc//2lcmzZtmiIjI/Xhhx/qyy+/1Lx584yZ3gU1a9ZMa9as0f79+xUQEKDZs2fr5MmTtzQWAAAAAAAAAADg/9m78/Carv2P459zMiIICZKYZ0U1vVJThSgR81hTq2iVojH9uK22qE7cKq0qqr0o11DzFNQcDdWiaqgpmhoTEokIksh8fn+42U+OjMa0ue/X85znOWfvtff67r1P8s/nrLUAPG4EwBlERkYqKSlJZrNZ9vb2SktLy3Xd33udO3dOrVu3VsuWLdWzZ0/5+voaUxyvXLlSfn5+8vHxkY2NjapWraqePXtqy5YtkqSNGzeqffv28vT0lNlslp+fn5555pkHvp7AwEDZ2tpqyJAhcnR0lLOzs4YNG2b0l65///7GdM15PeZea9euVcuWLa1eN2/eVLFixdS8eXMFBARIkiwWizZt2qTOnTtneZ6NGzeqXbt2xj1o27at6tate9/X1K9fP9na3p3hvHnz5jp58qQkKTw8XEFBQRo/frzc3d1lMplUqVIllStXLst6unXrJmdnZ5nNZjVp0kSNGjXSr7/+muO9AAAAAAAAAAAAAPILawBnYLFYFBkZqVKlSsne3l6RkZHGesB5VbFiRc2ZM0eJiYlauXKlgoKCFB8fr2LFiiksLEwhISE6evSo0T4pKUlly5aVJF27dk01a9a0Ol9Wo2Tz6sqVK4qKilL37t2NbWlpaTKbzVZTWpcqVSrPxxQuXDjLvtq2bavBgwdbbStatKgkqVOnTpowYYJGjhypI0eOKDY2Vi1atMjyPNeuXZO3t7fVtvLly9/3NWUc0evg4KC4uDjjeLPZbNzz3CxZskQ//PCDbty4IbPZrJiYGFWpUiVPxwIAAAAAAAAAAABPGgHwPdJDYAcHByUnJ9/38RnXDh49erROnDihuXPn6q233pK7u7sqV66st99+O8tjS5curStXrlhtu3LliqpWrSpJKlSokKS7oXH66NaYmJhsa3Fzc5OHh4dWrlyZ5f7bt29LkkwmU56PyU6hQoVUpkyZLPc1atRI9vb22rt3rwIDA9W6dWs5Ojpm2bZ06dKKioqy2hYVFWWEwHm9pux4eHgoLS1NYWFh2Y76Tbdnzx4tWbJEc+fOVaVKlSRJY8aMue8fBQAAAAAAAAAAAABPClNAS8b0x+ksFosSEhKybZ9deJkVf39/rV27VqGhoerRo4c2b96swMBApaSkKCUlRSEhITp+/LgkqUOHDtq8ebOOHz+utLQ07dixQ8eOHTPO5eLiotKlSysoKEjS3fB3/fr12fbt4+Oj+Ph4ffPNN4qLi5PFYlF4eLj27t37SI+R7o7CTUxMtHqlpqZKksxms9q3b6/ly5crMDBQnTp1yvY8HTp00JYtW3Tt2jVJ0smTJ3Xo0KGHri+dm5ubmjZtqsmTJys8PFwWi0UXL15UaGhopra3bt1SsWLFjKD4zJkzOnDgQJ76AQAAAAAAAAAAAPIDI4AllS1bVuHh4TmGvuns7Ozk5uaW53M/++yzql+/vubOnauPP/5Yn3/+ub755ht99NFHslgsqlSpkgYOHChJatiwoYYPH653331XsbGxatq0qfz8/IxzmUwmffjhh5o6daqWLl2qEiVKyNvbW/v378+ybycnJ82dO1ezZs1S9+7ddefOHZUuXVodO3bMNM3ywxwj3V3f+N5Rue+//746duwo6e400AsXLlSVKlWs1vS9V8OGDTV48GD5+/urRIkScnNzU6tWrR66vow+/vhjzZo1SwMHDtStW7fk4eGhCRMmZBoR3KZNGx08eFC9e/eWs7OzKlWqpMaNG+epDwAAAAAAAAAAACA/mCzMZ/uXNnnyZNnY2GQ7bTQAAAAAAAAAAACAguXWrVuSpKNHj+b5GE9PKdlGBQAAIABJREFUT0lMAQ0AAAAAAAAAAAAABQYBMAAAAAAAAAAAAAAUEEwBDQAAAAAAAAAAAAB/IUwBDQAAAAAAAAAAAAAgAAYAAAAAAAAAAACAgoIAGAAAAAAAAAAAAAAKCAJgAAAAAAAAAAAAACggCIABAAAAAAAAAAAAoIAgAAYAAAAAAAAAAACAAoIAGAAAAAAAAAAAAAAKCAJgAAAAAAAAAAAAACggCIABAAAAAAAAAAAAoIAgAAYAAAAAAAAAAACAAsI2vwv4K7h165bCw8OVkJCQa1s7OzuVLVtWxYoVewKVAQAAAAAAAAAAAEDeMQJYUlhYWJ7CX0lKTk5WeHj4Y64IAAAAAAAAAAAAAO4fAbDuhro5MZlMcnV1laOjoyTlOSwGAAAAAAAAAAAAgCeJADgPnJ2d5ejoqJIlS+Z3KYaoqCh5eXkpJiZGkjRt2jR99NFHj6WvPXv2qEuXLo/sfAMGDND69etzbffVV19p/Pjxxuc+ffpoy5YteW4PAAAAAAAAAAAA/K9hDeBcODk5qUiRIpKkyMjIHNsuXLhQs2bNstpmZ2enn3/++bHV93fUt29fValSJdd2zZs3V3x8/BOoCAAAAAAAAAAAACgYCIDvYTKZZLFYJEn29vZydnaWJEVHR+c6VbQkVatWTYsWLbI6H6y1atUqT+3q1av3mCsBAAAAAAAAAAAAChamgM6gcOHCcnd3l52dnWxsbOTq6ipJiouLy/NIVJPJJAcHB+Nlb28vSYqPj9e0adPUoUMHvfDCCxo1apSuXr1qHJfb/qioKI0aNUo+Pj7q2rWr9u/fn6nvxMRETZgwQT4+PurUqZNWr15t7IuIiNDw4cPVqlUrNW/eXK+99ppOnDhhdfzBgwf12muvycfHR61atdInn3yS5TXu379ffn5+2rt3b6Z9ISEhatSokW7cuGFss1gs6tixozZt2iTJegroK1euyN/fXy1atFCLFi3Uq1cv/fnnn5KyntI5NDRUAwcOVLNmzfTyyy/r6NGjWdaY3nbMmDHy9fVVmzZtNHXqVNZvBgAAAAAAAAAAQIFGAJyBk5OTzGazSpUqJRcXF5nNZiUlJVmFmQ9q4sSJCg0N1aJFi7Rt2zZVq1ZNY8eOVVpaWp72jxs3Tk5OTtq6davmz5+vjRs3Zupjx44datKkiXbv3q0PP/xQM2fO1C+//CLpbgjbvXt3BQQEaOfOnWrSpInGjh1rBKKnTp3SyJEj1bNnT+3YsUObNm2Sn59fpj7WrFmjjz/+WDNmzJC3t3em/dWqVVONGjX0ww8/GNsOHz6smzdvZjnyd/bs2XJzc9OOHTu0e/duffrpp8ao66ysWbNG//znPxUYGKguXbpo5MiRxjrIGd25c0dDhgxR9erVFRAQoOXLl+vChQv66quvsj03AAAAAAAAAAAA8HdHAJxBZGSkkpKSZDabZW9vr7S0tFzX/b3Xn3/+qZYtWxqvOXPmKCIiQnv27NG4cePk4uIiOzs7DR06VJcuXdKff/6Z6/7Q0FAdPXpUo0ePlqOjo0qWLKlBgwZl6rtu3bpq27atzGazPD091b59ewUEBEiS3Nzc5OPjo0KFCsnOzk6vv/667ty5owsXLkiSVq1apVatWqlNmzays7OTo6OjvLy8jHNbLBbNnDlTy5cv1/z58/XUU09lew86depkFVBv3LhRrVu3lqOjY6a2dnZ2unbtmlFHpUqV5OLiku25O3furFq1asnGxkY9evRQmTJltHv37kztAgMDZWtrqyFDhsjR0VHOzs4aNmyYtmzZku25AQAAAAAAAAAAgL871gDOwGKxKDIyUqVKlZK9vb0iIyON9YDzqmLFipo1a5bxuUiRIvrjjz8kSW+++aZVW0dHR0VFRSk2NjbH/fb29ipUqJBVMFq+fPlMfXt4eGT6nN53XFycZs2apYMHD+rOnTsym826c+eOMbr56tWrVoHvvaKjo7Vy5Uq99dZbcnd3z/Ee+Pn56fPPP9eZM2dUvnx57d69W3PmzMmy7ahRo/Tvf/9b//d//6f4+Hi1bNlSw4cPl5OTU5bts7rGa9euZWp35coVRUVFqXv37sa2tLQ0mc1mxcfHq3DhwjleAwAAAAAAAAAAAPB3RAB8j/QQ2MHBQcnJyfd9vK2trcqUKWO1LT0wnTdvnkqUKJHpmPDw8Bz3h4aG6s6dO4qLi1ORIkUkSdevX8/ULuOawdLdEDS9lq+//lqXL1/W/PnzjSmWfXx8jIDb3d1dly5dyva6XFxcNGnSJI0ZM0a2trZq165dtm2LFi0qHx8fBQQEqHr16nJzc1O9evWybOvs7Kx//vOf+uc//6nQ0FCNGzdOCxculL+/f5bts7rGZs2aZWrn5uYmDw8PrVy5Mts6AQAAAAAAAAAAgIKGKaB1dxrijCwWi7E2blaymso4J+nTL3/00UdG2Hvr1i3t2LFDKSkpue4vV66cnnnmGS1atEiSlJqaqsWLF2fq5/fff9fWrVuVlpam48ePa8uWLerQoYMk6fbt23J3dzfC3zVr1hgjjyXpxRdf1I4dO7Rt2zYlJycrISFBhw8ftjq/p6enZs+erS+++EKrV6/O8Zo7deqkrVu3at26derYsWO27Xbu3Glcs7OzsxwdHWVrm/3vEjZs2KDg4GClpqZqzZo1Cg8PV4sWLTK18/HxUXx8vL755hvFxcXJYrEoPDxce/fuzbFuAAAAAAAAAAAA4O+MAFhS2bJl8xzq2tnZyc3N7b77+OCDD1ShQgW98cYb8vb21ksvvaR9+/bJZDLlaf+UKVN05swZ9e3bV/7+/mrQoEGmPnx9fbVv3z698MILevfdd+Xv76/GjRtLkgYNGqTz58/r5Zdf1uuvv67bt29bXUedOnX0+eefa9myZWrVqpU6dOig7du3Z+qjVq1a+uabbzR//nz95z//yfZ6GzRoIEdHR50+fVrt27fPtt3Jkyc1cOBANWvWTN27d1f58uXVv3//bNt369ZNU6dOVYsWLbRmzRp9+eWXWY6adnJy0ty5c3X+/Hl1795dPj4+Gj58uM6fP5/tuQEAAAAAAAAAAIC/O5Plfhe5BQAAAAAAAAAAAAA8Nrdu3ZIkHT16NM/HeHp6SmIEMAAAAAAAAAAAAAAUGATAAAAAAAAAAAAAAFBAEAADAAAAAAAAAAAAQAFBAAwAAAAAAAAAAAAABQQBMAAAAAAAAAAAAAAUEATAAAAAAAAAAAAAAFBAEAADAAAAAAAAAAAAQAFBAAwAAAAAAAAAAAAABQQBMAAAAAAAAAAAAAAUEATAAAAAAAAAAAAAAFBAEAADAAAAAAAAAAAAQAFBAAwAAAAAAAAAAAAABYRtfhfwV3Dr1i2Fh4crISEh17Z2dnYqW7asihUr9gQqAwAAAAAAAAAAAIC8YwSwpLCwsDyFv5KUnJys8PDwx1wRAAAAAAAAAAAAANw/AmDdDXVzYjKZ5OrqKkdHR0nKc1gMAAAAAAAAAAAAAE8SAXAeODs7y9HRUSVLlszvUnI1YMAArV+/Pr/LeGi3b9+Wl5eXIiIiHms/3bt3186dOx/o2P3796tt27aPpf1XX32l8ePHP1BdD+Ls2bPq06ePfHx89OWXXz7x/gEAAAAAAAAAAPBosAZwLpycnFSkSBFJUmRkZI5tFy5cqFmzZkmSbGxsVLp0abVr105DhgyRyWR67LVKUt++fVWlSpUn0lc6f39//fLLL1bbGjVqZNyLgqpKlSoaNmzYY2nfvHlzxcfHP2hp9+3bb79Vs2bNNHToUEnS8ePHn2j/AAAAAAAAAAAAeDQIgO9hMplksVgkSfb29nJ2dpYkRUdH5zpVtCRVr15dixcvVkpKio4ePaqxY8fK3d1dXbp0eax1p2vVqtUDH5uamiqTySSz+f4Hhvfs2VMjR440PtvY2DxwHX8Xbm5u6tix42NpX69evQct64GEhYXJ19c33/oHAAAAAAAAAADAo8EU0BkULlxY7u7usrOzk42NjVxdXSVJcXFx9zUa0tbWVo6OjmrUqJHq1KmjU6dOGft+/fVXDRgwQD4+PurSpYtWrVpldey6devUqVMn+fj4aPz48Zo4caI+/fRTSdLly5fl5eWllJQUo/2WLVvUp08f4/O9U0CHhoZqzJgx8vX1VZs2bTR16lRjDeP0aZaXLl2qvn37qnPnzoqOjs7xmOyYzWY5ODgYL1tb21z7T98/duxYtW7dWj4+Pnr99dcVGxtr7D9y5Ih69uyppk2baujQobp27Zqxb/ny5XrxxRfl7e2tdu3aacaMGVb35l7JycmaNm2aWrVqpTZt2mjhwoWZ2uT2fDK6d0rnadOmady4cZo4caL69OmT6fh728fGxmratGnq2LGjvL291bNnT504cUJS5imgz5w5o8GDB8vHx0edO3fW/PnzlZqammVd48aN07Rp06y2bdiwQV26dDF+3JBR7969df78eU2fPl1dunTRsWPHrPpP/56sWLFCAwYMUPfu3TM9CwAAAAAAAAAAAPw1EABn4OTkJLPZrFKlSsnFxUVms1lJSUm6cePGA53v3LlzCg4OVsWKFSVJwcHBGjVqlAYMGKBdu3Zp+vTp+u6777R7925J0qFDh/TFF1/oww8/1O7du+Xt7a1t27Y98PXcuXNHQ4YMUfXq1RUQEKDly5frwoUL+uqrr6zaHTlyRN999502bdqkIkWK5OmYR9F/XFycBg8eLA8PD61du1Y7d+6Uv7+/ER5LUkBAgGbOnKmtW7fK1tZWs2fPNva5uLhoxowZCgoK0pw5c7Rnz54cA9t58+bp0KFDWrJkiTZs2KDw8HCFhoYa+3N7PnkRFBSk3r176/vvv9eXX36pGTNm6PLly1m2nThxokJCQvTtt98qKChIU6dONUacZxQTE6Nhw4apcePG2rFjhz7//HOtW7dOS5cuzfK83bt315YtW5SUlGRsW79+vbp06ZLlVOTLly9XhQoVNGbMGK1fv17PPPNMluc9fvy45s2bpzVr1qhMmTJWzwIAAAAAAAAAAAB/DQTAGURGRiopKUlms1n29vZKS0vLdd3fe507d06tW7dWy5Yt1bNnT/n6+qpXr16SpJUrV8rPz08+Pj6ysbFR1apV1bNnT23ZskWStHHjRrVv316enp4ym83y8/PLNozLi8DAQNna2mrIkCFydHSUs7Ozhg0bZvSXrn///rKzs7uvY+61du1atWzZ0nj99NNPuZ4rMDBQZrNZo0aNkpOTk2xtbeXp6SlHR0fjvEOGDJGbm5ucnJzUuXNnnTx50tjn6+urcuXKyWQyqVKlSurRo4cOHjyYbY0BAQEaOHCg3Nzc5ODgoJEjR1pNd53b88mLxo0bq3bt2pKkihUrqnz58jp9+nSmduHh4QoKCtL48ePl7u5uXEO5cuUytf3xxx9VtGhRDRgwQHZ2dqpatar69etnNdI7Iy8vLxUvXlyBgYGSpPPnz+v06dPq0KFDnq8jK/369TPC+ebNm1s9CwAAAAAAAAAAAPw1sAZwBhaLRZGRkSpVqpTs7e0VGRmZ5ZS5OalYsaLmzJmjxMRErVy5UkFBQYqPj1exYsUUFhamkJAQHT161GiflJSksmXLSpKuXbummjVrWp3Pw8Pjga/nypUrioqKUvfu3Y1taWlpMpvNVlNalypVKs/HFC5cOMu+2rZtq8GDBxufnZ2dtXjx4hzPdfXqVZUrVy7HNYdLly5tvC9cuLDi4uKMz/v27dPixYsVFhYm6e6I4/Lly2d5nvRnm3F/oUKF5OLiYnzO7fnkxb0jeB0dHbOcPvzKlSsym815OndERITKli1rNXq3XLlyioiIyLK9yWRS165dtX79evn5+Wn9+vVq2rSpMaX5g8p4bQ4ODlbPAgAAAAAAAAAAAH8NBMD3SA8KHRwclJycfN/HZ1w7ePTo0Tpx4oTmzp2rt956S+7u7qpcubLefvvtLI8tXbq0rly5YrXtypUrqlq1qqS7gaV0N5RMH4kZExOTbS1ubm7y8PDQypUrs9x/+/ZtSbIKFnM7JjuFChVSmTJl7qt/d3d3hYaGGqHw/bhx44bGjBmj6dOnq0mTJjKbzVq2bJm2b9+eZXuTyaRSpUrp+vXrxraUlBSr+5fb83mUPDw8lJaWprCwsCxH/WZUpkyZTN+LsLCwTPc7o44dO2ru3Lm6cOGCNm/erA8++OCR1A0AAAAAAAAAAIC/NqaAlozpj9NZLBYlJCRk2z7jFMW58ff319q1axUaGqoePXpo8+bNCgwMVEpKilJSUhQSEqLjx49Lkjp06KDNmzfr+PHjSktL044dO3Ts2DHjXC4uLipdurSCgoIk3Q1/s5sGWJJ8fHwUHx+vb775RnFxcbJYLAoPD9fevXsf6TEPei4fHx+lpqZq5syZiouLU0pKio4dO5bjvU8XHx+vtLQ01ahRQ2azOdd7Id29v0uXLjXWxl25cqVVX7k9n0fJzc1NTZs21eTJkxUeHi6LxaKLFy9arUmcrnnz5rp586YWL16s5ORknT9/Xv/5z3/UuXPnbM9fokQJNW/eXO+9954cHR3VuHHjR34NAAAAAAAAAAAA+OshAJZUtmzZPIe6dnZ2cnNzy/O5n332WdWvX19z585V7dq19fnnn2vZsmVq3bq1fH199cknn+jWrVuSpIYNG2r48OF699139cILL+jHH3+Un5+fcS6TyaQPP/xQCxYs0CuvvKKJEyfK29s7276dnJw0d+5cnT9/Xt27d5ePj4+GDx+u8+fPP9JjHvRc6fsvXryozp07q1WrVpo1a5ZSU1NzPXfZsmU1fPhwvfHGG3rttdc0adIkNW/ePMdjXn/9dVWuXFkvv/yy3nzzTcXGxqpChQrG/tyez6P28ccfq0KFCho4cKCaNWumt956K8sR3c7Ozpo9e7Z+/PFH+fr6asSIEerUqZNefvnlHM/fvXt3BQcHq1OnTvc9whoAAAAAAAAAAAB/TybL/S5yiydq8uTJsrGxeSLTEqNgCQsLU9euXbVx48b7+tECAAAAAAAAAAAA8lf6AMWjR4/m+RhPT09JjAAGCqSUlBQtWrRILVq0IPwFAAAAAAAAAAD4H0IADBQwp06dko+Pj44dO6ZRo0bldzkAAAAAAAAAAAB4gpgCGgAAAAAAAAAAAAD+QpgCGgAAAAAAAAAAAABAAAwAAAAAAAAAAAAABQUBMAAAAAAAAAAAAAAUEATAAAAAAAAAAAAAAFBAEAADAAAAAAAAAAAAQAFBAAwAAAAAAAAAAAAABQQBMAAAAAAAAAAAAAAUEATAAAAAAAAAAAAAAFBAEAADAAAAAAAAAAAAQAFBAAwAAAAAAAAAAAAABQQBMAAAAAAAAAAAAAAUEATAAAAAAAAAAAAAAFBAEAADAAAAAAAAAAAAQAFBAAwAAAAAAAAAAAAABQQBMP5nHD16VF5eXvLy8lLr1q3zu5x8N3ToUON+rF69Or/L+cvYu3evcV86dOiQ3+X85c2YMcO4X5MmTTK2z5s3z9j+zjvv5GOFAAAAAAAAAAD8b7HN7wL+aiwWi/bu3astW7boxIkTunHjhuzs7OTm5qa6deuqQ4cO8vT0zO8y81X37t118eLFHNvMnDlTTZo0eUIVQZIuXbqkhQsX6tChQ4qMjJSNjY2KFSsmNzc31alTR35+fnr66afzu0w8ZseOHdMvv/wiSapYsaLatGmTzxXljwULFig5OVmS1K1bN5UqVSqfKwIAAAAAAAAA4MkgAM4gOjpa7777rn799Ver7YmJiQoJCVFISIjWr1+vwMBAFS1aNJ+qBDI7c+aMBg0apDt37hjbUlJSFBkZqcjISP3+++9ycHAgAP4fcPz4cf373/+WJDVt2jTfAuB69eqpb9++kqSaNWs+8f4XLFighIQESZK3tzcBMAAAAAAAAADgfwYB8H8lJiZqxIgROnPmjLGtdu3aev755+Xk5KRr167pwIEDCgkJeSz9WywWJSYmytHR8bGcP68SExNlZ2cnszlvs4PXrVtX9evXz7S9bNmyj7o05GDWrFlG+Ovu7q42bdqoePHiioqK0oULF3To0KF8rjCzO3fuqFChQvldBh6TBg0aqEGDBvldBgAAAAAAAAAA/3MIgP9rxYoVVuHvkCFD9Prrr2dq98svv8jOzk6SFBsbqy+++ELBwcGKiIhQbGysJMnV1VWenp7q37+/qlWrZnV8gwYNlJaWJklasmSJtm7dqu3btysyMlKfffaZfHx8FBsbqzlz5mjnzp2KjY1VjRo1NGTIEP3yyy9asmSJJKlDhw7Gepv3W8fRo0eNaytZsqQWLVqkL7/8UgcOHNDt27fva4Rz/fr1NXz48Gz3f//995o+fbokqVKlSlq6dKkcHByUlpamN954Q0eOHJEkvfLKKxo5cqRx3L59+7RmzRqdOnVKN2/eVJEiRVS+fHl16dJFXbp0MdolJiZq5cqV2rFjhy5cuKCkpCS5ubmpefPmevXVV+Xs7Jyn68hJdHS0li1bpn379iksLEypqalydXVVvXr1NGLECJUuXdpo+8MPP2jDhg06e/as4uPjVbRoUdWpU0c9evTQ888/b3XeoUOHGsHsuHHjZGNjoxUrVujixYsqVqyY2rZtK39/f9na5v5nmvG7+9lnn6lWrVpW+xMSEnT9+vUcz7Fnzx7Nnz9fISEh2fb/7bff6tdff9Xly5d1+/ZtJScnq3jx4qpVq5Z69Oghb2/vHK/RZDJpxYoVunTpkl588UWNHTvW6m9i4cKF2rZtm3bu3KkbN26oQoUK6tevX6a1eI8cOaJFixYZ3w9HR0eVKFFC1apVU4sWLdS+fftc75nFYtHSpUu1evVqRUREyMPDQ7169ZKbm1uOx+3cuVPr16/X6dOnFRcXp+LFi8vLy0uvvvpqpr/3nERGRmrx4sX66aefdPXqVZnNZlWqVEnt2rVTz549re57QkKCFi5cqMDAQIWFhSklJUXFihWTh4eHatWqpddff13Ozs5q1KiRVR/79u2Tl5eXJMnJyUl79uzRtm3b9N5770mSqlatqhUrVhjtJ0+erLVr10qS+vbtq1GjRhn7YmNjNWvWLO3atUvx8fGqUaOGhg4dmu31zZs3T3PnzpUk+fr6asqUKcZ5Hub/1Xfffaevv/5aP//8s+Lj41WrVi2NHj1a9erVkyTNmTNHCxYssKqlX79+xvv/+7//00svvfRYnoGrq2u29wMAAAAAAAAAgCeFAPi/Nm3aZLyvXbt2luGvJKuAJS4uThs2bMjU5urVq7p69ap27dql+fPn66mnnsryXBMmTND58+eNz2lpaUpJSZG/v79OnDhhbD9x4oRGjBiRbbj0MHUkJCTo9ddfV0REhFUdj0qfPn104MAB7du3TxcuXNDXX3+tUaNGadmyZUb4W7t2bb355pvGMRlDqHQ3b97UzZs35eTkZATAt27d0tChQxUcHGzVNjQ0VEuXLtXOnTs1b948ubu7P3D9Z8+e1ZtvvqkbN25Ybb9y5YquXLmiXr16qXTp0kpLS9N7772nHTt2WLW7ceOG9u3bp3379mnAgAHy9/fPsp8FCxbo2rVrxufr169ryZIlKlSokN54441c6yxevLhiYmIkSRs2bFDx4sWtrtvR0THHUdmbNm2y+s5l1/+WLVsUGhpqdWx0dLT279+v/fv36+2331aPHj2y7GPFihVW33eLxZKpzdixYxUVFWV8PnfunCZNmqSbN2/q5ZdflnQ37B4yZIhSU1ONdnFxcYqLi1NoaKhSUlLyFABPnz5dy5cvNz5fvHhRU6dOzfbv1WKx6MMPP1RAQIDV9uvXr2vbtm0KDAzU1KlT1bRp01z7Pn36tPz9/XXz5k2r7WfOnNGZM2e0d+9ezZw50/ixycSJE7V7926rttHR0YqOjtaJEyfUqVOnB/qxg8lkylO75ORkDRs2TKdOnTK2/f777/L391f16tXvq8+H+X8VFxenV155Rbdu3bKqY8SIEdq4caOKFSuW5zoexzMgAAYAAAAAAAAA/BUQAEtKSkrSuXPnjM/NmjXL03GFCxfWqFGj9PTTT8vFxUWFChXS7du3tXbtWi1btkxJSUmaN2+eMQL2XufPn1eXLl3UqFEjxcTEyN3dXatXrzaCOLPZrAEDBqhOnTravn27tm3b9sjriI+PV1pamoYMGaKqVavqwoULRuCRF4sWLdKiRYustqWPNEw3adIk9e7dW1FRUVq6dKkqVKigOXPmSJKKFCmiyZMnGyPtNm3aZBX+tmjRQn5+fnJwcNCpU6d05coVY9/06dON8Ld27dp666235OzsrAULFmjjxo2KiIjQBx98YIxCvF8pKSl6++23jfDX2dlZAwYMULVq1RQVFaXt27cbAdr69euN8NfGxkavvfaa6tatq/379xsjLBcuXKjnnntODRs2zNTXtWvXNHToUHl7e2vt2rVavXq1pLsjqPMSAPv6+mrevHmSpFWrVmnVqlUqWbKkatWqJS8vL7Vp08ZqpPK9Tpw4oaZNm+r555/X1q1bdezYsSz7f+mll1ShQgW5ubnJyclJiYmJOnLkiDEa/euvv1a3bt1kY2OTqY/z58/Ly8tLHTt2lI2NTZbfMzs7Oy1YsEAeHh5aunSpFi9eLOnuFNdt2rSRi4uLAgMDjfB34MCB6tq1q5KTkxUeHq5ff/1VSUlJud6vs2fPWoW/rVq1kp+fn4KDg/Xdd99leUxAQIAR/jo7O2vChAmqWbOm9u7dq08//VRJSUmaMGGCAgIC5OTklG3fKSkpeuedd4zgsUOHDnr11VeVkJCgyZMn6+TJkzp06JAWLlyoQYMGKSUlRYGBgZIkNzc3TZ06VaVKldL169f1559/au/evXJwcJCtra3mzZunbdu2adWqVZJkjFKXlOUzyWsAvHr1aiP8NZvN6t+/v2rXrq2dO3dm+38pOw/z/yoxMVHlypXTtGnTlJycrPHjx+vGjRuKjY3V5s2b1adPyFdpAAAgAElEQVRPH3Xr1k1NmjTRm2++qcTEREnS+PHjValSJUl3p6d/XM8AAAAAAAAAAIC/AgJgSbdv37b6nNeRdEWLFlWTJk20bt06nT59WjExMUpJSVFycrLR5vjx49ke37VrV2Mq1nQZQ4+OHTtq2LBhku6G0sHBwbpw4cIjr2P8+PFq06ZN7hf8gJydnfXRRx9p2LBhslgsmjx5srHvnXfeUbly5YzP69evN943bdpUn332mfE54/TCd+7csQqeJk6caIyQfvfdd7Vt2zYlJibq119/VVhY2AOtSfzbb7/p8uXLxueZM2eqdu3axueM0xJnHBXatWtXIzR9/vnndf78eR08eNBol1UA3LRpUw0cOFDS3enH0wPg2NhY3bhxQyVKlMix1oEDByoyMlIbN240RtZmHJn79ddf67333ss0lXK6unXr6osvvpDJZJK3t7fR7t7+W7durdWrV2vJkiWKjIw0AjaTySSLxaJbt27p0qVLqly5cqY+KlWqpNmzZ2cZRKYbNGiQMZXv8OHDtX37dkVERCg5OVlBQUHq2rWr1brBUVFRioiIUPny5fXcc8/pueeey/E+pdu1a5fxvmLFipoyZYpMJpNatGihmJgY4/5nlHHU6qBBg9S8eXNJUo8ePbR7924dOnRIt2/f1u7du9WpU6ds+z58+LAxirpkyZKaMGGCcU9Gjx5tzD6wYcMGDRo0SGazWQ4ODkpISFBSUpLCwsJUuHBhVa1aVbVq1bIa7ezp6anff//d+FysWDF5enpmW0tOzyKjjPerU6dOxoh9Hx8fnT171mpkd24e9v/VpEmTjNHBrVq1MsLuixcvSrob0Lq5uVmF2zVq1LD62z1w4MBjewYAAAAAAAAAAOQ3AmAp03q36VPp5ubnn3/W6NGjlZKSkm2be8PljHx9fTNtu3TpkvH+2WefNd6bTCZ5enpmGQA/TB0mk0ktW7bM9rjc1KlTx6pOSVmOhHvuuefUr18/q9HC7dq1yxQ8ZxyJnVNd6VP9puvdu3e2bc+dO/dAAXDGWtzc3KwCpHtlfC73Bm6enp5GAJzV87v3mHu/jzdv3sw1ALazs9OECRM0ePBg/fzzzzp+/LiOHDliBNjJycmaPHmyGjRokOVI4KZNmxqB2b3T2Kb3HxERof79+1tN0ZyVjNPzZtSyZctcA8caNWoY781ms6pUqWJMT57+t/HCCy9o3rx5SkhI0IYNG4xg1tnZWQ0bNtRrr72mqlWr5thPxmC/Xr16VmHhM888k2UAnPH78Nlnn1n9OCG7dlnJGJZGR0dn+YMASQoPD1d8fLwKFy6stm3bat26dYqOjtY777wj6e79qVGjhtq1a6fevXvLbDbn2O/DyHi/Mn5XTSaTnnnmmfsKgB/m/5W9vb3V1NAZp3zO7nuXlb/jMwAAAAAAAAAAIK8IgHU3VKhSpYoR3AQFBWW7BnBGc+bMMUKMtm3bavTo0SpZsqROnDihAQMGSMp5Pd1SpUpl2pYxiLp3etas1kx92DqcnZ3va8rne3l5eWn48OF5avvnn39afT537pySk5Ot+s94jXmdnlZSjlPuZhxZ+KByqyW7Z5NXGevP66jMrJQpU0ZdunQx1kk+cuSIhg4dqpSUFCUlJenUqVNZBsAZR72nT8d9r++//94If6tXr64pU6aoQoUKMpvNev75543RwNndi6y+7/e6d/rmrJ5dhQoV9N1332n58uX67bffFBYWprS0NMXExGjbtm369ddftXr16kxBekYP+7wKFSqU7XO6nzW0bWxsrEY03yshIUGFCxfW22+/rapVq2r37t06e/asYmNjlZaWZqxXm5SUZPyt5ybjdznjOsqSMq11ne5h71dGD/P/6t6/84yB64PWmB/PAAAAAAAAAACAx4kA+L86duyoL7/8UpJ06tQpzZs3L8sQ+JdffpGnp6ccHR2tRsV17dpVJUuWlCRjDd/cZBUqli9fXtevX5ckHTt2zJhaNC0tTUePHs3yPA9Tx/2ErA/j+++/1759+yTdDVxSU1N15swZzZo1S6NHjzbaVa1a1bjO3bt3Z5qy2GKxyGQyqVy5crK1tTWCpIULFxprfGaUkpKSbaCZmypVqhjvr169qtOnT1uNPsxYT+XKlY2pd48ePWo1sjl9PV1JWdb4KKxcuVLNmjWTm5ub1fa6devK0dFRsbGxkjIHrPcj4/fshRdeMK7ljz/+MMLfh/Xbb78ZU0DfuXNHZ86cMfaVL1/eeF+9enVNmDBB0t1n/Oeff+r9999XSEiIrl+/rhMnTqhx48bZ9pPxXMePHzeeo2T9vDKqXLmyMTXxyJEj9eKLL2Zqk5aWlmsQmfE7UKJECW3evDnLMDnjd9fW1la9e/c2RrrfuHFDmzdv1owZMyRJe/bsMcLHjH/TWQWpGUfNRkZGGtceHx+vw4cPZ1lz+fLlFR0dLenu9zv979JisWR7v7LzsP838ypjOHzvfXjczwAAAAAAAAAAgPxEAPxfPXv21LZt24zAae7cudqzZ4+ef/55FSlSRFFRUTp48KBCQkIUGBgoR0dHubm5KSQkRNLdtWvd3NwUHBysb7755oHr8PX1NQLQDRs2qGTJkqpZs6a2bdtmrHF5r8dRR14dPnxYX331VabtjRs3lpeXlyQpODhYM2fOlCQ5Ojpqzpw5GjNmjG7cuKGlS5eqYcOGatKkiSSpS5cuxvUHBQXp7bfflp+fn+zt7XXmzBmFhoZq0qRJKlSokFq1aqWtW7dKksaNG6dRo0apSpUqSkpK0rlz57R//34dP35cy5Yte6Br+8c//qFy5coZa4WOHDlSAwYMUJUqVXT9+nXt3LlTAwcOVN26ddWxY0cjAF6/fr1cXFxUp04d7d+/XwcOHDDO2bFjxweqJTcrVqzQ1KlTVadOHT399NMqVaqUEhMTFRQUZIS/0t0pux+Uu7u78X737t164YUXdOfOHX3yyScPVXtG8+bNk42Njdzd3bV69WqjdltbWzVr1kyStGnTJh04cEA+Pj4qV66cXFxclJqaahVC3zuy9V4tW7bUggULJN1dO/add96Rn5+fgoODtW7duiyP6dSpkxEAz5o1S46OjvrHP/4hGxsbhYaG6tChQ/rhhx/09ddfy8PDI9u+vby85OHhoStXrigqKkrvvPOO+vfvrzJlyujWrVs6c+aM9uzZo2LFimn8+PGSpGHDhqlBgwaqV6+eSpcuLVtbWyUkJBjnzBhwZhzNferUKe3Zs0fOzs5ydnZWpUqVrMLvmJgYvffee/L09FRAQECO03enB70bN25UyZIl9dRTT2nXrl33Nf2z9OT+XxUvXlzx8fFGzYmJibKxsVGtWrUe+zMAAAAAAAAAACA/EQD/l4ODg2bOnKl33nnHGAWXPrVndnr06KEpU6ZIkrZs2aItW7ZIkmrVqpXjcTnp3r27fvjhB504cUKpqamaN2+epLuj+qpVq2YEJ4+7jrw6ceJEliP3ChUqJC8vL925c0fvvvuuMZXvmDFjVK9ePU2cONEY+fv+++9r+fLlcnFxUfv27XX06FGtX79ekrRr1y7t2rXLOG+jRo2M92PHjlVISIjx8vf3z1THvSNi74etra3+9a9/yd/fXzExMYqOjtbnn39u1ea1116TdDe4PnjwoHbu3KmUlJQsw6wBAwZku9boo3Ly5EmdPHkyy329e/d+oLWQ03Xp0kWrV69WSkqK/vjjD/Xq1UvS3dGUDg4Oj2QUcJUqVYyR+Bn5+/sbaxPHxcXphx9+0A8//JDlOcqWLWv8+CA7NWvWVI8ePbRq1SpJ0s6dO7Vz505Jd0f6ZhVqdu7cWb/99pu2bNmi2NhYTZo06b6uLZ2tra0mT56s4cOH6/bt29q9e7d2796dqV3G0e/BwcHGOtJZ6dSpk/Hey8vLGB0fExOjsWPHSro7anvq1KkqW7asvL29tXfvXknS9u3btX37dtna2qpSpUpZrlP94osvasuWLTpz5ozS0tKM8FxStsdk50n9v2rcuLHWrl0rSVq7dq3xfvny5apWrdpjfQYAAAAAAAAAAOQnAuAMSpYsqblz5yooKMgIYaOjo2Vra6vSpUvr6aefVocOHYy1Rbt37y6LxaLly5crLCxMrq6u6tChg5o2bar+/fs/UA22traaNWuWZs+erR07dig+Pl7VqlXTkCFDtGvXLiMAdnR0NI55HHU8Kp9++qkxcrlp06bq2rWrJMnb21tdu3bVunXrdOPGDb3//vv66quvZDKZNH78eDVt2lTr16/XqVOndPPmTRUpUkQVKlRQy5YtjXM7Oztr0aJFWrVqlTESMSEhQcWLF1epUqVUv359Y9Tog6pVq5ZWrFihZcuW6aefflJoaKhSU1Pl6uqqevXqqUyZMpLuTjc7ZcoUNWvWTBs3blRwcLDi4+NVtGhR1alTRz169FDTpk0fqpacTJ8+XT/99JMOHDig0NBQRUdH686dOypWrJhq1qypDh06WE1L/SCqVaum2bNna9asWfrjjz/k6Oiopk2basSIEerWrdsjCYAnTpyoXbt2KSAgQFFRUSpfvrxeeeUVq3Dt2WefVbdu3XTy5ElFREQoNjZWZrNZ7u7uatSokV599VWrv4/s/POf/5S7u7vWrFmjiIgIlSlTRl27dlXlypU1ZsyYTO1NJpM+/PBDNW/eXBs2bNDp06d169YtFSlSRK6urqpdu7aef/75LNdYvlfdunW1cuVKLV26VPv379eVK1eUlpamkiVLysPDQw0bNrT6rg8YMECHDx9WSEiIbt68qcTERBUrVkzVq1dXt27d5Ovra7R1c3PTlClT9O9//1vnzp0zpknP6P3339dnn32mn376SSkpKapbt66GDh2qzZs3Zxnm2tvba86cOZo9e7Z27dqluLg4Va1aVYMGDdKRI0fuKwB+Uv+vRowYoaSkJO3bt08xMTGZ9j/OZwAAAAAAAAAAQH4yWXJbsBJPXMb1SNOlpqaqV69eRtAyduxYYy1K4O+sQYMGxvS5q1evfmzrJAMAAAAAAAAAAPxdpC/bmL50al54enpKYgTwX9LEiRNVrVo1/eMf/1Dp0qV17do1LVmyxAh/HRwcrEamAQAAAAAAAAAAAIBEAPyXFBUVle36pra2tpo4caJKlSr1hKsCAAAAAAAAAAAA8FdHAPwX5OfnJ4vFogsXLigmJka2trYqU6aM6tevrz59+qhy5cr5XSIAAAAAAAAAAACAvyDWAAYAAAAAAAAAAACAv5CHWQPY/FgqAgAAAAAAAAAAAAA8cQTAAAAAAAAAAAAAAFBAEAADAAAAAAAAAAAAQAFBAAwAAAAAAAAAAAAABQQBMAAAAAAAAAAAAAAUEATAAAAAAAAAAAAAAFBAEAADAAAAAAAAAAAAQAFBAAwAAAAAAAAAAAAABQQBMAAAAAAAAAAAAAAUELb5XcBfxeLFixUfH69z587ldykFSpUqVVS4cGG98sor+V0KAAAAAAAAAAAAUOARAOtu+Fu4cGF17Ngxv0spkHbt2qXFixcTAgMAAAAAAAAAAACPGVNAS4qLi1PLli3zu4wCq2XLloqLi8vvMgAAAAAAAAAAAIACjwBY0vnz5/O7hAKPewwAAAAAAAAAAAA8fgTAAAAAAAAAAAAAAFBAEAA/Qt7e3lq5cmV+l/FQEhISVKJECZ07d06S9MEHH2jw4MH5XFX29u/fr7Zt2z6280dFRcnLy0sxMTEPdPyAAQO0fv36R1wVAAAAAAAAAAAAkDUC4Ptw+PBhvfTSS6patarc3d3VsGFDffDBB7p+/Xp+l3bfvvjiC5UoUcLq5ebmJjs7O02dOlUuLi75XSIAAAAAAAAAAACA+0QAnEc7d+5U+/btVbFiRW3evFkhISFavHixJGn37t35XN2DqVOnjq5evWq8Ll68KBsbGw0aNEjFixfP7/IAAAAAAAAAAAAA3CcC4DywWCwaM2aMXnrpJU2ZMkW1atVSkSJFVKNGDb3//vt68cUXjbZXrlxRt27d5OHhocaNG+vnn3829iUnJ2vy5Ml65plnVLlyZXXp0kWnTp3K8/4ff/xRzZs3V6VKlVSlShWrqY9jY2M1btw41atXT1WqVFGvXr10+fLlHK/LZDLJ0dHReDk4OGSaAvpeD9JPTtq2basDBw4YnyMiIuTl5aXbt29LkqZNm6axY8dq3LhxGjBggHr16qXVq1dne77o6Gi99957at26tfz8/DRp0iTdvHnT2L98+XK9+OKL8vb2Vrt27TRjxgylpKQY+6OiojRq1Cj5+Pioa9eu2r9/f7Z9paamavDgwfroo4+MbQEBAfL19VVUVFSm9snJyfrkk0/k6+srHx8fdezYUVu3bpUkzZkzR71791ZCQoIk6dy5c/L29tYvv/yS2y0EAAAAAAAAAAAADATAeRAcHKxLly6pT58+We43mUzG+wULFui9997TuXPn1LlzZ6v1c6dNm6a1a9dqzZo1OnPmjLy8vNStWzfdunUrT/uHDBmiN954QxcuXNDZs2c1ceJE49xDhw7V+fPntXPnTp05c0a1a9dW3759lZaW9kjvxZPqJ6OgoCD17dtXCxcu1MyZM/Xtt99mG4yOGzdOiYmJWrNmjVasWKGoqCir++Ti4qIZM2YoKChIc+bM0Z49e7Rq1Sqr452cnLR161bNnz9fGzduzLYuGxsbTZ48WXv37tWmTZt07tw5ffbZZ/r444/l6uqaqX1AQIBOnjyptWvXas+ePfruu+9Us2ZNSdIbb7whZ2dnffrpp0pISNDbb7+tl19+WY0aNXrQ2wYAAAAAAAAAAID/QQTAeZC+xq+7u3uubV999VXVr19fjo6OGjRokEJDQ3Xt2jVJ0rJlyzR27FhVq1ZNDg4OeueddyRJ27dvz9N+e3t7/fHHHwoLC5Otra0aN24sSQoLC9OmTZs0ffp0lS5dWvb29ho/frzOnTun06dPZ1vr6dOnVbVqVeP18ccf53htD9rPw6pfv77q1q0rSSpTpozatWungICATO1CQ0P122+/aezYsSpatKicnZ01evRo/fTTT8aIXF9fX5UrV04mk0mVKlVSjx49dPDgQeP4o0ePavTo0XJ0dFTJkiU1aNCgHGtzdXXVJ598oqlTp2rMmDHq27evGjZsmGVbe3t7xcbGKjg4WMnJyXJ1dVXlypUl3Q2TP/74Y+3fv1+vvfaaXF1drX48AAAAAAAAAAAAAOSFbX4X8Hfg4uIiSbp69arKlSuXY9uyZcsa74sUKSLp7rTJpUqV0pUrV1SpUiVjv42NjcqXL6+wsDBZLJYc90t3A+Lp06erWbNmKlGihPr166cRI0bo0qVLMplM6tatm1UthQoVUnh4uOrUqZNlrdWrV7eaTtnJySnHa3vQfh7WvaNpXV1ddeLEiUztIiIiZGNjIzc3N2Nb+vMKDw+Xq6ur9u3bp8WLFxv39M6dOypfvrxxfKFChYznLcnYlxMvLy+VK1dOly5d0ssvv5xtu7Zt2yo6OlpffPGFLl26pOeee04jRowwnrmrq6t8fX21fPlyzZ07V2Yzv88AAAAAAAAAAADA/SEAzoOaNWuqQoUKWr58uZ577rlM+y0Wi9U00FkxmUzy8PDQpUuXjGl909LSdPnyZZUtWzbX/ZJUp04dLViwQBaLRQcOHFDPnj1Vt25dVa9eXZK0ZcuWLKcezo6tra1VYC3JWIM2K+lh6v32k5PChQsrKSnJ+BwTE5Opzb1rDF++fFllypTJ1K5MmTJKTU1VRESEsT896HVzc9ONGzc0ZswYTZ8+XU2aNJHZbNayZcuMEdZlypTRnTt3FBcXZ4T36aO/czJ//nwlJSXp6aef1qeffqoPP/wwy3Y2Njbq16+f+vXrp1u3bmnGjBn64IMP9N1330mSDh8+rI0bN6pTp07617/+pcWLF6tQoUK59g8AAAAAAAAAAACkY4hhHphMJk2fPl1Lly7VhAkTFBwcrPj4eJ09e1YffPCB1SjanPTp00eff/65zp8/r8TERH366aeyWCxq3bp1rvuTkpK0cuVK3bx5UyaTSaVLl5aNjY1sbW1Vvnx5tWvXTiNGjFBoaKiku0HqunXrlJKS8sjuw+Po56mnnlJQUJAkKSUl5f/Zu/fAHuv+j+OvfWdHY8NoZo6hOS9bheRcuHMupn66cwwlKkQ5RDkk0XkpE0MOUZHjGKbDTUxmLaYYZmxz3Hmz0/f3h3vX7ds2NsZYz8c/9/e6rs/1/ry/13fd/7x8PpeWLVuWZ8yRI0e0ceNG5eTkKDQ0VJs3b1a3bt3yjPPw8NCDDz6oDz74QMnJyUpISNCHH36oVq1aydXVVampqcrJyVH9+vVlMpkUHx+vdevWWdzfrFkzBQQESJKys7Pz9BMREaGPP/7YOA4JCdHSpUv17rvvaubMmdq3b5/Wr1+f73cNCQnRn3/+qezsbDk6OsrJyUnW1taSrgbNkyZN0rhx4zR58mTdd999mj17dhGfJgAAAAAAAAAAAP7pCIALqVOnTtq0aZOOHTumrl276v7779eAAQMkSR06dChUjXHjxunJJ59Uz5499cADD2jPnj367rvvVL58+RteN5vN+uabb+Tt7a2aNWuqT58+GjNmjNq0aSNJ+vzzz1W3bl11795d1atXV5s2bbRt27YbrkwuquKeZ9SoUYqKipKvr69GjRqV7zbSjz/+uH799Vd16NBBkydP1ujRo433H//d7NmzZTKZ1Lt3b/Xt21cuLi7Gitxq1arp5Zdf1vDhwzV48GBNmzZNbdu2zXN/RESEBgwYoFGjRunhhx+2uB4ZGanly5dL+l9oO378eNWtW1cVK1bUjBkz9P777+vYsWN5ertw4YLefPNNtW/fXl26dFFkZKQmT56snJwcTZ48WS1atFCPHj1kMpn0zjvvaN++fRYBNQAAAAAAAAAAAHAjVmaz2VzSTZS0CRMm6I033ijpNkq12bNna86cOUW+7/3331daWpqmTJlyG7oCAAAAAAAAAAAA7j6JiYmSpNDQ0ELf4+XlJYkVwAAAAAAAAAAAAABQahAAAwAAAAAAAAAAAEApUaakG7gb1K5du6RbKPVu9hmPGzeumDsBAAAAAAAAAAAASi9WAEsqW7asduzYUdJtlFo7duxQ2bJlS7oNAAAAAAAAAAAAoNSzMpvN5pJu4m6wbNkypaamKjIysqRbKVXq1KkjR0dHPffccyXdCgAAAAAAAAAAAHBPSExMlCSFhoYW+h4vLy9JbAFtIKAEAAAAAAAAAAAAcK9jC2gAAAAAAAAAAAAAKCUIgAEAAAAAAAAAAACglCAABgAAAAAAAAAAAIBSggAYAAAAAAAAAAAAAEoJAmAAAAAAAAAAAAAAKCUIgAEAAAAAAAAAAACglCAABgAAAAAAAAAAAIBSggAYAAAAAAAAAAAAAEoJAmAAAAAAAAAAAAAAKCUIgAEAAAAAAAAAAACglCAABgAAAAAAAAAAAIBSggAYAAAAAAAAAAAAAEoJAmAAAAAAAAAAAAAAKCUIgAEAAAAAAAAAAACglCAABgAAAAAAAAAAAIBSggAYAAAAAAAAAAAAAEoJAmAAAAAAAAAAAAAAKCUIgAEAAAAAAAAAAACglCAABgAAAAAAAAAAAIBSggAYAAAAAAAAAAAAAEoJAmAAAAAAAAAAAAAAKCUIgAEAAAAAAAAAAACglCAABgAAAAAAAAAAAIBSggAYAAAAAAAAAAAAAEoJAmAAAAAAAAAAAAAAKCUIgAEAAAAAAAAAAACglCAABgAAAAAAAAAAAIBSggD4LvTwww/Lx8dHPj4+OnnyZEm3U2Q//fST0X+3bt1uyxwjR4405li7dm2J17rXf7PrKc5nDQAAAAAAAAAAgNurTEk3cLcIDAzUpEmTrjumcePGWrJkyR3qCLg9nnrqKZ06deq6Yz7++GO1atXqDnUEAAAAAAAAAACA4kIAjHvS448/rgceeECSjP8tyVoDBgxQTk6OJMnZ2fmW+rnbFOezBgAAAAAAAAAAwO1FAFyAAQMGyNra2uKcm5tbCXWDv+vTp89dVWv06NHF0Mmd17hxY3l7e+c5X61aNeNzcT5rAAAAAAAAAAAA3F4EwAUYOXKk7Ozsrjvm8OHD+vrrr3Xw4EFdunRJ9vb2atiwofr37682bdrkGX/p0iWtWLFCP//8s86cOaPs7Gy5urqqadOmGj16tKpUqZLnnuzsbAUEBOj7779XbGysqlatqkGDBqlHjx7GmOTkZH3wwQc6evSo4uLilJycLElydXWVl5eXnn/+edWtW9ei7sGDBxUQEKDDhw8rISFB9vb2qlChgurWrav27dvrySefvOEzMpvN+vrrr7V27VrFxcXJ3d1dvr6+NwzKg4KCtG7dOh05ckQpKSlydnaWj4+PBg0alKfPgowcOVL79++XJE2cOFFPP/20JMnf318LFiyQdHXl6tNPP62FCxcqPDxc1tbWeuSRR/T666/L1dX1hrUkKSsrS9999522bdum48ePKy0tTS4uLqpfv74GDRqkBx98UNLVdwDnrgBeu3atatWqZdSIiYnRsmXLtGfPHsXFxclkMsnd3V1t2rTRgAED5OLict3veuHCBXXr1k1ZWVkqU6aMtm7danHPt99+q9mzZ0uSWrZsqU8++aRQz1CSvL299fLLL193TEHP5+/nra2ttXr1ap06dUrly5dX165dNWrUKJUpw//NAAAAAAAAAAAA3CkkMzdp3bp1mjVrlhH6SVeD2H379mnfvn0aOnSoRowYYVz7888/9dJLL+ny5csWdc6ePauzZ8/K19c33wB4xowZ+v33343j06dP6+2335a7u7t8fHwkSSkpKVq/fn2ee2NiYhQTE6MdO3Zo0aJFatCggSQpIiJCI0aMUHZ2tjE2JSVFKSkpio6OVlZWVqEC4Hnz5mnVqlXG8alTp/Tee+8Z8/yd2WzW22+/rQ0bNlicv3jxogIDA7Vr1y699957apEKZnQAACAASURBVN269Q3nLoyDBw8qKChIZrPZOLdz507Fx8fryy+/vOH9ycnJeumll/THH39YnL9w4YIuXLig5s2bGwFwQcLCwjR69GgjlM8VGRmpyMhIbdq0SQsXLpSHh0eBNVxdXdWhQwdt27ZNWVlZ2rx5s5599lnj+o4dO4zP1/7DgDvpq6++0rlz54zjixcvavny5XJwcNDw4cNLpCcAAAAAAAAAAIB/IgLgAjz66KN5zr322mt69tlnFRUVpdmzZxvh72uvvab27dvrxIkTmjp1quLj4+Xv76+HH35YzZs3V1ZWliZMmGCEvy4uLho4cKDq1q2rCxcuaNu2bbKyssq3j/DwcPn6+qp69epaunSpEbKtWrXKCIAdHR31yiuvqEmTJqpUqZIcHByUlJSk7777TitWrFBGRob8/f01b948SdKuXbuM8HfIkCHq3bu3MjMzFRsbq5CQEGVkZNzw+fz5558W4W+nTp3UuXNnHT16VIsXL873ng0bNhjhr4uLi6ZMmaIHHnhAP/30k+bMmaOMjAxNmTJFGzZskJOT0w17uJELFy6oU6dOGjhwoI4cOaKZM2dKkn777Tf9+eefql+//nXvnzdvnhH+lilTRv3795ePj4/S0tK0f//+G64Qz8zM1KRJk4zw19PTU4MHD1ZGRob8/Px09uxZnT9/Xm+99ZYWLVp03Vr9+vXTtm3bJEnr1683AuD4+HgdOHBAklSuXDm1bdv2Bk/FUkBAgAICAizOOTk5KTg4uEh1zp07p5EjR+qxxx7Td999p7Vr10qSVq5cSQAMAAAAAAAAAABwBxEA34SNGzcaAWqHDh2MMK5q1arq37+/sQXx+vXr1bx5c/322286ffq0cf/HH3+shg0bGsfdunUrcK7nnnvOeL+sk5OTpk2bJunqattc5cqVU6tWrfT999/ryJEjio+PV1ZWljIzM40xYWFhxmcHBwfj84ULFxQXF6fq1avroYce0kMPPVSoZ3DtqtOaNWtq9uzZsrKyUvv27RUfH28EgNe6dpXysGHDjLCyb9++2rlzp/bv36+kpCTt3LmzWFayuri4aPr06bKzs5Onp6dWrlypyMhISVJUVNR1A+D09HRt3brVOB41apQGDBhgHD/++OM3nP/AgQOKiYmRJFlbW2v+/PnGKm83NzcNHTpUknTo0CGdPn1a1atXL7CWl5eX6tWrp7/++kvHjx9XeHi4GjdurODgYONvsXPnzrK1tb1hX7dD69atNWTIEEnSiBEjjN8/OTlZly9fVoUKFUqkLwAAAAAAAAAAgH8aAuACPPPMM7K2trY4l7u1cW6IKF3dUjh3Je7fHT9+PM94Nzc3i/D3Rq59l3DlypWNz4mJicbnPXv26NVXX1VWVlaBdZKSkozPHTp0kL+/v9LT07V+/XojmHVxcdEjjzyiwYMH6/77779uX9cG2k2bNrVYwdysWbN8A+Brn8PcuXM1d+7cfGtfO+5WNGjQwGKVbvny5Y3PCQkJ1703OjraIkDv0KFDkec/efKk8dnd3d1ii+8mTZrI2traCG9PnDhx3QBYuroKOHcV87p169S4cWOLIL579+5F7rFRo0Z5trG+0crm/Hh5eRmfy5UrZ3EtISGBABgAAAAAAAAAAOAOIQAuwKhRowoVhNna2ha46tJkMuU5V9BWzwVxcXExPl8bSF/7Xls/Pz8j/O3atateffVVVaxYUeHh4Ro4cKAkWbyruEaNGlq8eLFWrVql3377TWfOnFFOTo7i4+MVGBiokJAQrV27Nk+Qd61r578ZDg4OeQL2XNf2eiv+vo30tb/Hjfr/+/Wi/m6FmaOounbtqo8++kjJycnatm2bhg0bpv3790uS6tSpo0aNGhW5po+Pj15++eVb7u3aZ13Q7woAAAAAAAAAAIDbjwD4JtSuXdt4R2rbtm01e/bsfMflhrJ16tQxzsXExOjIkSPGauJcZrP5pkJGyXI1bu/evVWxYkVJV98fXJB69eppypQpRp/Hjx/XW2+9pWPHjunixYsKDw9Xy5YtC7z/2tWqYWFhFv0fOnQo33tq165tbEU9ZswYPf3003nG5OTkFHtwejOqV68uGxsbYxXwzp079X//938WY270m9WuXdv4nPu+39xV3OHh4cbqX0mqVavWDXuyt7dXjx49tGLFCqWmpuqtt94y/sZuZvUvAAAAAAAAAAAASh8C4Jvw5JNPKiAgQDk5Odq+fbtq1qypLl26yMnJSefOnVNYWJi2b9+u3r17q1u3bmrevLk8PDwUHR0t6Wr4OXDgQNWpU0cXL15UUFCQhgwZosaNG99UP25ubjp27Jikq1sDu7m56ejRo/riiy/yHb9x40b9+uuvateunTw8PFSpUiVlZ2frypUrxphrw8n8dOzYUV999ZWkq+8jfuONN9S5c2cdPXpU33//fb739OjRwwiAP/30U9nb26t58+aytrZWdHS09u/fry1btujzzz+Xu7t7kZ9DcbK3t1fnzp21ceNGSdInn3yiixcvytvbW2lpaTpw4ICqV69uvP85P97e3nJzc1NsbKyys7M1duxYDRw4UJmZmfr888+Ncc2aNVONGjUK1Vffvn21YsUKSVJISIikqytuu3bterNfFQAAAAAAAAAAAKUIAfBNqFWrliZMmKA5c+YoJydH/v7+8vf3zzOuV69ekqQyZcro3Xff1ahRoxQfH69Lly5p/vz5FmMHDx580/307dvXWIW8efNmbd68WZLk6empiIiIPONTUlK0ZcsWbdmyJd961apVK/C9xrkeeOAB9e3bV2vWrJEkBQUFKSgoSNLVla8nTpzIc0/Pnj3122+/afPmzUpOTta0adMK/yVLwNixY3Xs2DFFREQoKytLS5cu1dKlS43ro0aNuu79NjY2mjVrll5++WWlpKTo8OHDev311y3GVK5cWdOnTy90T9WrV1eLFi20d+9e41zLli3l6upa6BoAAAAAAAAAAAAovQiAb9JTTz2lBg0aaOXKlTp48KAuXLggW1tbVaxYUXXq1FGrVq302GOPGeM9PT21evVqrVixQr/88ouio6OVnZ0tV1dXNW3aVPfdd98t9WI2m7Vq1SqdOXNGrq6u6tatm1q3bq3nn38+z/gHH3xQffr00R9//KG4uDglJyfLZDKpatWqatGihQYNGiR7e/sbzjt+/HhVrVpV3377reLi4nTfffepd+/eql27tsaOHZtnvJWVld5++221bdtW69ev15EjR5SYmKiyZcvK1dVVDRs21KOPPqoqVarc9LMoTuXKldPixYv17bffavv27Tp+/LjS09Pl7Oys+vXrq2nTpjes0bRpU61atUpLly7Vnj17FBcXJysrK1WrVk1t2rTRc889Z/Ge58Lw9fW1CIB79OhR5O8GAAAAAAAAAACA0snKfDe8cBVAoWVlZalNmzbKyMiQs7Oztm7dKhsbm5JuCwAAAAAAAAAAAMUkMTFRkhQaGlroe7y8vCSxAhi4Z1y5ckXp6elat26dMjIyJEndu3cn/AUAAAAAAAAAAICBABi4R0yYMEE///yzcezs7KznnnuuBDsCAAAAAAAAAADA3YYAGLjHODg4qHHjxnrllVdUqVKlkm4HAAAAAAAAAAAAdxHeAQwAAAAAAAAAAAAAd5FbeQew6bZ0BAAAAAAAAAAAAAC44wiAAQAAAAAAAAAAAKCUIAAGAAAAAAAAAAAAgFKCABgAAAAAAAAAAAAASgkCYAAAAAAAAAAAAAAoJQiAAQAAAAAAAAAAAKCUIAAGAAAAAAAAAAAAgFKCABgAAAAAAAAAAAAASgkCYAAAAAAAAAAAAAAoJcqUdAN3g+joaP3yyy9KSEgo6VYAOTs769FHH5WHh0dJtwIAAAAAAAAAAIB7DAGwpBMnTsjHp7ns7e1lZWVV0u3gH8xsNisrK0snTpwgAAYAAAAAAAAAAECREQBLSk1NlYuLi2xtbWUysSs2Sk5OTo4yMjKUmppa0q0AAAAAAAAAAADgHkQA/F+2trays7MjAEaJysnJKekWAAAAAAAAAAAAcA8jAP4vk8kkk8nEFtAoUbl/hwAAAAAAAAAAAMDNIGkCAAAAAAAAAAAAgFKCABgAAAAAAAAAAAAASgkCYKAY7N69W7t37y7yNQAAAAAAAAAAAKA48Q5g4BaFhh7S0qXL/nuU9x3SudecnV3k5dXsDnYGAAAAAAAAAACAfxoCYOAWhIYeko/PQ8ZxQMDSAscGBCxVSMj+uzIEDg4O1ocffqh169bdtjkCAwO1aNEiffPNNzd1/8CBA9WrVy/16tWrWMdfuXJFjz76qL7//ntVr179pnoDAAAAAAAAAAC4WxAAF0Fk5AkFBAQoKuq0KlSooF69eqpNm8fyjEtMTNTEiW8qKytLX365IN9aY8eO18iRI1S37v26cuWKvvhioU6dOqVz587pqaf6qFevnhbj//rrmFavXq2TJ0/J1tZWjRo11IAB/ydnZ+fr1v7rr2PasGGjjh8/ritXrsjDo5p69+6lZs3+F0ImJCRo8eIA/f7777Kzs1Pr1o+qf39fmUxXdwhfvfobhYaGKi7unJycnNS8+YPy9e0nBwcHSdLPP/+iXbt26fTpaFlbW6tevXrq37+f3N3db/pZ3ysSEuJv6/i/+/333zVo0KA85xcvXqwmTZrcUu273YABA1SnTp1iH1+mTBmNHz9eFSpUuJX2AAAAAAAAAAAA7goEwIWUkpKi99+fpw4d2mvixAk6fPiwPv3UT5Uru6pBgwYWY5csWaoaNWooMjIy31pRUaeVkZGh++//XzhVv349Pf54Jy1btizP+OzsbM2bN1+PPtpK48ePU2pqqvz8PteSJUs1ZszL1619/vx5NW7cSL6+fVW2bFnt2hWsDz74SLNmzTACWj+/BbK2ttb8+e8rKSlZ8+bNl729vfr06S3paqA9YMD/qVq1arp48ZK++OJLLV26TMOHvyBJOnfunJ544gndf38dZWdna+XK1Zo7d57mz39fVlZ5t0QubZydnQu1qjc09FCxzRkYGCgnJyfj2NbWtthq3606dep0W8ZbW1vL19f3ZloCAAAAAAAAAAC46xAAF9L+/SGysrJSnz69ZTKZ5O3tLW/v5tq5c5dFALx3769KSUlRu3ZtCwyADxw4IG/v5kY4amdnpy5dOku6uhrx75KTk5WSkqL27dvLzs5OdnZ2atGihTZv3nLD2q1atbS43rt3L23dGqjIyBNyd3dXbGysDh8+rJkzZ8jZ2VnOzs568sl/ad269UYAPGzYUON+FxcXdejQXtu3BxnncsddO8fkyVN06dIlVapUqeCHWkp4eTXTjh1BNxzXsWPRAszrsbW1lZ2dncU5s9mstWvXavXq1Tp//ryqV6+uV199Vd7e3pKknJwcrV27VmvWrFFsbKycnZ01ZMgQ9e79v99vzZo1WrRokdLT09WpUydNnDjR+JucNm2a9u3bp6SkJFWpUkWDBg1St27dCuwxLCxMc+bM0enTp1WvXj21atXK4vrVf8jgp+DgYKWmpqpp06aaMGGCqlatmm+9a7d0TkpKUvv27TV+/Hht2bLF6Gn69OmqUqVKnvGStG/fPi1YsECRkZEqU6aM2rdvr0mTJuXZAjorK0v+/v7atGmTkpOT5enpqbFjx6pu3bpF/JUAAAAAAAAAAADuPFNJN3CviIqKUs2aNY1tkSWpdu3aioo6bRwnJiZq1arVGjIk7xa918oNaQvL2dlZbdo8pl27dunKlSuKj4/X3r179cgjDxe59unT0UpNTVWNGjX+e3xaZcqUUY0a/3v3ae3atZWQkKCEhIR8a/z551+qWbNmgXMcPXpU5cuXV8WKFQv7FVEMVq9era+//lqzZs3Srl27NHToUL322muKjY2VJK1cuVIBAQGaOnWqdu/eraVLl+qBBx4w7o+NjVVUVJTWrl2r5cuX6z//+Y82b95sXG/atKlWrFih3bt3a+zYsZo1a5YiIiLy7SUhIUGjR49Wjx49tGvXLo0fP15r1qyxGDN16lRFR0crICBAgYGBqlu3rsaNG6ecnJxCf+ewsDD5+/vr22+/1X333afPPvss33GHDx/WmDFj1K9fP23fvl0bN25U586d8x3r7++vwMBAffrppwoMDFSTJk300ksvKTk5udB9AQAAAAAAAAAAlBQC4EJKS0uTo6ODxTlHR0elpaUZx0uWLNUTTzxurEDMz4ULF3T+/AU1bNiwSPO3bNlCBw+GaujQF/Tyy2NkZWVSjx7di1Q7KSlJn332mf71r65G4JuWli5HR0eLcWXLOv73WlqeGkFBOxQREaFnnsl/y9zjxyO1du23GjJk0D9i++eS0rNnT3Xs2FEdO3bU8OHDJUmrVq3SCy+8oPr168tkMqldu3Zq2rSpgoODJV0NiIcNG6YmTZrIZDKpYsWKFn8rNjY2GjNmjJycnOTh4aG2bdvqjz/+MK736dNHLi4uMplMatWqlVq0aKGQkJB8+9u1a5dcXV3l6+sra2treXp6qkePHsb1uLg4BQcHa+LEiapUqZJsbGw0cuRIRUVF6fjx44V+Dv/+97+NFcp/7/daa9asUadOndSlSxfZ2NjI3t5ePj4++Y7dsGGDhgwZopo1a8rW1tZ4vj///HOh+wIAAAAAAAAAACgpbAFdSA4ODkpISLQ4l5qaKgeHq6Hwr7/u06VLF9W160vXrXPgwG9q1qyprK2tCz332bNnNXfuPD3zTH916NBeV65c0ddfr9C7787RtGlvFap2fHy85sx5T40aNVL//v8Lbx0c7JWammoxNiUl1fjO19q6NVCbNm3Wm2++ocqVK+eZ4+jRP/XRRx9r8OBBat688CucUXT+/v4qW7aspKvBrdls1tmzZ+Xn56dFixYZ41JTU9WoUSOZzWbFxsZed+V2pUqVLLYgd3R0VFxcnHG8fPlybdmyRZcvX5bJZFJ8fLzq1KmTXymdO3dOHh4eFueqV//fKvOzZ89Kkl56yfK/F3t7e124cEH16tW70SOQdHVL8lx2dnZKSUnJd1xMTEyBge+1zGZznt6tra1VtWpVi2cBAAAAAAAAAABwtyIALqQaNWpo3779MpvNxsrWkydPGitpf//9d0VHn9GLL46SJGVlZSk9PV0jR76kF18coSZNmkiSQkIOqFOnDkWaOzo6WiaTyXhPsK2trR5//HFNmzZdSUlJKleu3HVrnzt3TnPmzNUjjzysfv36WlzLfedpdPQZeXhUkySdOnXKeB9wru+/X6fg4N2aNOkNubm55ZkjLCxMfn4L9MILQwl/74DKlSsbv3suNzc3jR49Wp065f+uYTc3N0VFRenBBx8s8nzBwcFavny5FixYoFq1akmSxo4dK7PZnO/4KlWq6KeffrI4d/HiReNz7nt+/f39VaFChSL3U1RVq1ZVVFTUDcdZWVmpSpUqOnv2rLy8vCRdfXdyTEyM7rvvvtvdJgAAAAAAAAAAwC1jC+hCeughH2VnZ2vduvXKyMjQoUOHdODAb+rQob0k6Zln+uu9997VzJnvaObMd+Tr208ODg6aOfMdeXp6Srq6BfOJEyfUrFmzPPUzMzOVmZkps9msnJwcZWZmKjs7W9LVd/JK0vbtQcrKylJKSoqCgoLk6upqhIAF1T579qxmzJilFi0eUe/evYx5ct+z6ubmpoYNG2rVqtVKTk5WTEyMNm3abHwvSVq5cpV27/5REyaMV6VKlYwaufbv369PPvlML7wwVE2aNLH4Lrhz+vfvLz8/P0VERMhsNis9PV0hISE6c+aMJKlfv35auHChwsPDZTabdfnyZR05cqRQtRMTE1W+fHljZWxERIR+/fXXAse3a9dOp0+fNsbEx8dr3bp1xnU3Nze1a9dO77zzjvGO4sTERG3fvl1ZWVk39f2v5+mnn9b27dsVGBiozMxMpaen68CBA/mO7d69u7766itFR0crIyNDX375pcxms1q3bl3sfQEAAAAAAAAAABQ3VgAXUtmyZTVu3FgtXbpUP/ywQS4uLho48Hk1aNDAuJ67JW/usSRVrFjROHfwYKg8PT1lb2+fp/7YseN1+fJlSdLJk6f0/ffr1KlTRz3//L9VuXJlvfLKaH3//Tp9880aWVtbq06dOnrttVdvWHv37h91+fJl/fDDBv3wwwbjfL9+fdW9ezdJ0osvjtDixQEaM+ZV2djYqE2bx9SrV09JUnp6ujZv3iJJmjDhDeP+MmXKaPHiq1sNb9iwUenp6frgg48s5p46dYrq1atbqOeLW/fMM8/Izs5O06ZNU0xMjOzs7NSwYUONHTtWkvTss8/KZDJp2rRpio2NlYuLi4YOHWr8DV9Ply5dtG/fPvXv318uLi6qVauWWrZsWeB4FxcXffjhh5o3b56++OILlStXTl26dNHOnTuNMdOnT9fChQs1fPhwXbp0Sc7OzvL29laHDkVbIV8YjRo10vz587VgwQLNmjVLNjY26tixo7y9vfOMHTJkiLKzszVixAglJyfL09NTn332mZycnIq9LwAAAAAAAAAAgOJmZWaZpgIDA9W6dSvZ2dkZ2zvfDh988JEefNBL7dq1vadqo2C7d+/WU0/1zXdV998dOnRIQUHb5eVV8Fiz2awrV67o55//o86dOxdnqwAAAAAAAAAAALhHJCYmSpJCQ0MLfU/u6y1ZAXwH1atXV97et+f9uLezNgrWtm1bLVq0UIcOhd1w7OjRo64b/gIAAAAAAAAAAAC3igD4DurW7cl7sjaur2fPnurZs2dJtwEAAAAAAAAAAADIVNINAAAAAAAAAAAAAACKBwEwAAAAAAAAAAAAAJQSBMAAAAAAAAAAAAAAUEoQAAMAAAAAAAAAAABAKUEADAAAAAAAAAAAAAClRJmSbuBu4OjoqCtXMmRjYyOTiUwcJScnJ0dWVlZydHQs6VYAAAAAAAAAAABwDyIAllSvXj398cdhpaamlnQrgBwdHVW5cuWSbgMAAAAAAAAAAAD3IAJgSW5ubnJzcyvpNgAAAAAAAAAAAADglrDfMQAAAAAAAAAAAACUEgTAAAAAAAAAAAAAAFBKEAADAAAAAAAAAAAAQClBAAwAAAAAAAAAAAAApQQBMAAAAAAAAAAAAACUEgTAAAAAAAAAAAAAAFBKlCnpBu4G0dHR+uWXX5SQkFDSrQBydnbWo48+Kg8Pj5JuBQAAAAAAAAAAAPcYAmBJJ06ckI9Pc9nb28vKyqqk28E/mNlsVlZWlk6cOEEADAAAAAAAAAAAgCIjAJaUmpoqFxcX2draymRiV2yUnJycHGVkZCg1NbWkWwEAAAAAAAAAAMA9iAD4v2xtbWVnZ0cAjBKVk5NT0i0AAAAAAAAAAADgHkYA/F8mk0kmk4ktoFGicv8OAQAAAAAAAAAAgJtB0gQAAAAAAAAAAAAApQQBMAAAAAAAAAAAAACUEgTAQDHYvXu3du/eXeRrAAAAAAAAAAAAQHHiHcDALQoNPaSlS5f99yjvO6Rzrzk7u8jLq9kd7AwAAAAAAAAAAAD/NATAwC0IDT0kH5+HjOOAgKUFjg0IWKqQkP13ZQgcHBysDz/8UOvWrbttcwQGBmrRokX65ptvir32J598ori4OM2YMaPYawMAAAAAAAAAANxLCICLIDLyhAICAhQVdVoVKlRQr1491abNY3nGJSYmauLEN5WVlaUvv1yQb62xY8dr5MgRqlv3fv311zFt2LBRx48f15UrV+ThUU29e/dSs2b/CwoTEhK0eHGAfv/9d9nZ2al160fVv7+vTKa8u3gXd+3Vq79RaGio4uLOycnJSc2bPyhf335ycHCQJP388y/atWuXTp+OlrW1terVq6f+/fvJ3d39lp73vSAhIf62jv+733//XYMGDcpzfvHixWrSpMkt1b6XtW3bVqmpqSXdBgAAAAAAAAAAQIkjAC6klJQUvf/+PHXo0F4TJ07Q4cOH9emnfqpc2VUNGjSwGLtkyVLVqFFDkZGR+daKijqtjIwM3X9/HUnS+fPn1bhxI/n69lXZsmW1a1ewPvjgI82aNcMIUf38Fsja2lrz57+vpKRkzZs3X/b29urTp/dtr52YmKgBA/5P1apV08WLl/TFF19q6dJlGj78BUnSuXPn9MQTT+j+++soOztbK1eu1ty58zR//vuyssq7JXJp4+zsXKhVvaGhh4ptzsDAQDk5ORnHtra2xVb7XtS0adObvjc7O1tWVlZ5/jFFVlaWypTh/yIBAAAAAAAAAMC9hXSjkPbvD5GVlZX69Oktk8kkb29veXs3186duywC4L17f1VKSoratWtbYAB84MABeXs3N8LRVq1aWlzv3buXtm4NVGTkCbm7uys2NlaHDx/WzJkz5OzsLGdnZz355L+0bt36PAHw7ag9bNhQ434XFxd16NBe27cHGef+3kPv3r00efIUXbp0SZUqVSrU872XeXk1044dQTcc17Fjp2Kb09bWVnZ2dhbnzGaz1q5dq9WrV+v8+fOqXr26Xn31VXl7e0uScnJytHbtWq1Zs0axsbFydnbWkCFD1Lv3/36/NWvWaNGiRUpPT1enTp00ceJEIwSdNm2a9u3bp6SkJFWpUkWDBg1St27dCuwxLCxMc+bM0enTp1WvXj21atXK4npqaqr8/PwUHBys1NRUNW3aVBMmTFDVqlXzrZecnKwFCxZo9+7dio+PV9WqVTV16lQ1btw4zxbQ16udlJSk9u3b69VXX9WWLVsUHx+vJUuW6OWXX1bLli0VHh6uS5cuacSIEWrVqlWRegQAAAAAAAAAAChpBMCFFBUVpZo1a1qsEqxdu7Z+/PEn4zgxMVGrVq3Wm29O1PHj+Ye/0tWQ1te3X4HXT5+OVmpqqmrUqPHf49MqU6aMatSobjF3QkKCEhIS5OzsfEdq5/rzz79Us2bNAuc4evSoypcvr4oVKxY4BsVv9erVWrVqld577z3VrVtXP/74o1577TWtXr1abm5uWrlywEpZAgAAIABJREFUpVasWKF3331XjRo1Unx8vGJjY437Y2NjFRUVpbVr1yo+Pl4vvPCCNm/erB49eki6usr2lVdeUfny5bV3716NGzdOdevWlaenZ55eEhISNHr0aI0cOVJPP/20/vrrL+PeXFOnTlVWVpYCAgJUvnx5ffHFFxo3bpyWLVuW79bmU6dOVWpqqr788ku5ubnp1KlTBa7QvV7tXAcPHtTixYtlY2NjnNu5c6f8/f3l6uoqSRo3blyRegQAAAAAAAAAAChpJBiFlJaWJkdHB4tzjo6OSktLM46XLFmqJ554XFWqVCmwzoULF3T+/AU1bNgw3+tJSUn67LPP9K9/dTVC2bS0dDk6OlqMK1vW0ejrTtTOFRS0QxEREXrmGd985zh+PFJr136rIUMG/SO2fy4pPXv2VMeOHdWxY0cNHz5ckrRq1Sq98MILql+/vkwmk9q1a6emTZsqODhY0tWAeNiwYWrSpIlMJpMqVqxo8bdiY2OjMWPGyMnJSR4eHmrbtq3++OMP43qfPn3k4uIik8mkVq1aqUWLFgoJCcm3v127dsnV1VW+vr6ytraWp6enESRLUlxcnIKDgzVx4kRVqlRJNjY2GjlypKKionT8+PE89WJjY/Xjjz9q8uTJqlq1qqysrFSrVi15eHjkGVvY2s8//7xF+CtJvXr1MsLfovYIAAAAAAAAAABwN2AFcCE5ODgoISHR4lxqaqocHK6Gwr/+uk+XLl1U164vXbfOgQO/qVmzprK2ts5zLT4+XnPmvKdGjRqpf///BawODvZKTU21GJuSkmr0dSdqS9LWrYHatGmz3nzzDVWuXDnPHEeP/qmPPvpYgwcPUvPmzQt8Brh1/v7+Klu2rKSrwa3ZbNbZs2fl5+enRYsWGeNSU1PVqFEjmc1mxcbGXnfldqVKlSxW1Do6OiouLs44Xr58ubZs2aLLly/LZDIpPj5ederUybfWuXPn8oSz1av/b5X52bNnJUkvvWT534u9vb0uXLigevXqWZw/e/asTCaTqlWrVmD/ha3t5uYmSfn+DV97rqg9AgAAAAAAAAAA3A0IgAupRo0a2rdvv8xms7Gy9eTJk8ZK2t9//13R0Wf04oujJElZWVlKT0/XyJEv6cUXR6hJkyaSpJCQA+rUqUOe+ufOndOcOXP1yCMPq1+/vhbXqlevrqysLEVHn5GHx9UA7NSpU8Y7e3Pdztrff79OwcG7NWnSG0aAdq2wsDD5+S3QCy8MJfy9AypXrqxy5cpZnHNzc9Po0aPVqVP+7xp2c3NTVFSUHnzwwSLPFxwcrOXLl2vBggWqVauWJGns2LEym835jq9SpYp++ukni3MXL140Pue+Q9ff318VKlS44fzu7u7KycnRmTNn8l31e60b1U5KSpKkfFeoX3uuqD0CAAAAAAAAAADcDdgCupAeeshH2dnZWrduvTIyMnTo0CEdOPCbOnRoL0l65pn+eu+9dzVz5juaOfMd+fr2k4ODg2bOfMd4R2pSUpJOnDihZs2aWdQ+e/asZsyYpRYtHlHv3r2UmZmpzMxM5eTkSLoa3DVs2FCrVq1WcnKyYmJitGnTZmPu21175cpV2r37R02YMF6VKlUyauTav3+/PvnkM73wwlA1adLEuF5QOIjbo3///vLz81NERITMZrPS09MVEhKiM2fOSJL69eunhQsXKjw8XGazWZcvX9aRI0cKVTsxMVHly5c3wteIiAj9+uuvBY5v166dTp8+bYyJj4/XunXrjOtubm5q166d3nnnHeM9xImJidq+fbuysrLy1HNzc1Pr1q01a9YsxcbGymw269SpU4qOjs53bFFqF6S46gAAAAAAAAAAANxJrAAupLJly2rcuLFaunSpfvhhg1xcXDRw4PNq0KCBcT13S97cY0mqWLGice7gwVB5enrK3t7eovbu3T/q8uXL+uGHDfrhhw3G+X79+qp7926SpBdfHKHFiwM0ZsyrsrGxUZs2j6lXr563vXZ6ero2b94iSZow4Q3j/jJlymjx4qtbDW/YsFHp6en64IOPLOaeOnWK6tWre+OHi2LxzDPPyM7OTtOmTVNMTIzs7OzUsGFDjR07VpL07LPPymQyadq0aYqNjZWLi4uGDh1q/A1fT5cuXbRv3z71799fLi4uqlWrllq2bFngeBcXF3344YeaN2+evvjiC5UrV05dunTRzp07jTHTp0/XwoULNXz4cF26dEnOzs7y9vZWhw55V7FL0owZM/Tpp59qyJAhSkxMlLu7u6ZMmZLviuCi1i5IcdUBAAAAAAAAAAC4U6zMLNNUYGCgWrduJTs7u3y3hS0uH3zwkR580Evt2rW9p2qjYLt379ZTT/XNs/I6P4cOHVJQ0HZ5eRU81mw268qVK/r55/+oc+fOxdkqAAAAAAAAAAAA7hGJiYmSpNDQ0ELf4+XlJYkVwHdUvXp15e19e96Peztro2Bt27bVokULdehQ2A3Hjh496rrhLwAAAAAAAAAAAHCrCIDvoG7dnrwna+P6evbsqZ49e954IAAAAAAAAAAAAHCbmUq6AQAAAAAAAAAAAABA8SAABgAAAAAAAAAAAIBSggAYAAAAAAAAAAAAAEoJAmAAAAAAAAAAAAAAKCUIgAEAAAAAAAAAAACglChT0g3cDRwdHXXlSoZsbGxkMpGJo+Tk5OTIyspKjo6OJd0KAAAAAAAAAAAA7kEEwJLq1aunP/44rNTU1JJuBZCjo6MqV65c0m0AAAAAAAAAAADgHkQALMnNzU1ubm4l3QYAAAAAAAAAAAAA3BL2OwYAAAAAAAAAAACAUoIAGAAAAAAAAAAAAABKCQJgAAAAAAAAAAAAACglCIABAAAAAAAAAAAAoJQgAAYAAAAAAAAAAACAUoIAGAAAAAAAAAAAAABKCQJgAAAAAAAAAAAAACglCIABAAAAAAAAAAAAoJQgAAYAAAAAAAAAAACAUoIAGAAAAAAAAAAAAABKCQJgAAAAAAAAAAAAACglCIBRKAMGDJCPj498fHy0YcOGkm7ntjt58qTGjRunLl26GN975MiRJd3WPcPf3994bm+88UZJt3NL/ml/+wAAAAAAAAAA4N5WpqQbuFsEBgZq0qRJFudsbGzk5OSk++67T56enurevbuaNWt2y3OdP39e3333nTHH4MGDb7lmafDUU0/p1KlTec7b29vLw8NDrVu31r///W+VL1/+tvaRnp6u0aNH6+zZs7d1HgAAAAAAAAAAAKC4EQBfR2Zmpi5fvqzLly8rIiJC69at0xNPPKHJkyfL0dHxpuueP39eCxculHQ13CQAvr709HQdO3ZMx44d09atW7V48WJVrlz5ts139OhRI/wtV66cAgIC5OrqKmtr69s2Z2nTtGlTDRgwQJL0wAMPlHA3AAAAAAAAAAAA/xwEwAUYMGCAzGaz4uLitG/fPiUmJkqStm3bpqSkJH388ceysrIq4S5Lr0ceeURt2rRRZmamDh06pF27dkmSYmNj9fnnn2vq1KnXvd9sNuvKlSuyt7cv8tznzp0zPlerVk01atQoco27QVpamhwcHEpk7ocfflgPP/xwicwNAAAAAAAAAADwT0YAXICRI0fKzs5O0tUg7e2339b27dslSXv27NH27dv1xBNPSJIiIiIUEBCgv/76S5cuXVJKSopsbGzk7u6uVq1aaeDAgXJxcZEkDRkyRIcOHTLmSU9Pl4+Pj3H89ddfGysmY2JitGzZMu3Zs0dxcXEymUxyd3dXmzZtNGDAAKNmbp0lS5Zo165dOnPmjLKyslS+fHm5u7vL09NTQ4cOlaur6w2/98mTJ/Xhhx/qwIEDMplMeuihh/TKK69c954rV67om2++0fbt23Xy5EllZGTIzc1Nbdu21aBBgyz6LCxPT0/5+vpKuhrGv/zyy9qzZ48kad++fca4hx9+WDk5OZKk5cuXa+vWrdq2bZvOnz+vuXPnql27dpKkQ4cOaeXKlQoNDVV8fLzs7e1Vp04dde3aVb1791aZMlf/U3jiiSd06dIlo35ERITx+wwbNkzDhw+XdHUV97Jly/TLL78oJiZGJpNJtWrV0r/+9S/169fPqCcV/bcpbK/S1XftLliwQJL0+OOPq2/fvvLz81NERISqV6+ulStXFviMk5OT9cEHH+jo0aOKi4tTcnKyJMnV1VVeXl56/vnnVbduXYt71q9fr/Xr1ysyMlJpaWlycnKSq6ur6tevr759+6pp06b59jV79myLef38/BQUFKTk5GTVr19fI0aM0N69e7V8+XJJUrdu3TRt2rR8az399NNauHChwsPDZW1trUceeUSvv/66xTPcvn27Nm3apMjISCUmJio1NVWOjo6qVauWunTpoqefftriOUo397eflpamVatWaceOHTp16pQyMzPl6uoqHx8f/fvf/1adOnWuez8AAAAAAAAAAEBxIwAuBAcHB02fPl2HDh0yVodu3LjRCIAjIyONcDhXdna2IiMjFRkZqeDgYC1fvlxOTk6FnjMsLEyjR482QrlcuTU3bdqkhQsXysPDQ5I0depU7dy502LspUuXdOnSJYWHh6tHjx43DICjo6M1ePBgY7WzJAUHByssLEw2Njb53pOYmKiRI0fq6NGjeWp9/fXXCgoKkr+/v6pWrVro754fd3d343NaWlq+Y6ZMmaITJ04Yx7nB8OrVq/X+++/LbDYb15KTkxUWFqawsDDt2LFDH330kRH438iRI0c0atQoJSQkWJyPiIhQRESEfvrpJ3388cfGMyvKb3MrvR45ckQvvviisrKyJMmiRn5SUlK0fv36POdjYmIUExOjHTt2aNGiRWrQoIHR29y5cy3GJiQkKCEhQcePH1f9+vWNALggWVlZGjVqlMLDw41z4eHhGj16dJ6wOT8HDx5UUFCQxXfbuXOn4uPj9eWXXxrn9u7dq59//tni3uTkZIWHhys8PFyhoaF69913jWs387cfHx+voUOH6uTJkxbnY2NjtXHjRgUGBurdd99V27Ztb/i9AAAAAAAAAAAAigsBcCHZ2trqscce07fffitJOnz4sHGtTp06mjx5sjw9PeXs7CwbGxudP39eH330kUJCQhQdHa0ffvhBzz77rN544w2Fh4drxowZkiQ7Ozt99tlnRq0aNWooMzNTkyZNMsJfT09PDR48WBkZGfLz89PZs2d1/vx5vfXWW1q0aJGysrKMLZLd3Nz03nvvqXLlyrp48aKOHz+un376qVDh5ocffmgEYC4uLhoxYoTKly+vZcuW6ciRI/neM2/ePCP8bdiwoV5//XW5uLjoq6++0g8//KC4uDhNnz7dWMFZVFlZWQoNDVVgYKBxrlatWvmOPXHihHr16qUWLVooPj5eVatW1YkTJzRv3jwjMOzSpYu6dOmiU6dO6fPPP1d6erpCQkK0aNEivfjii5o/f77+85//GGFizZo1NWXKFElXn21WVpbeeOMNI/zt1q2bBg0apPT0dM2aNUt//PGH9u/fryVLlmjYsGFF+m2K2uvfRUdHq2rVqnr++edVoUIFnT9//rrP1tHRUa+88oqaNGmiSpUqycHBQUlJSfruu++0YsUKZWRkyN/fX/PmzZMki3/k8P7776tx48ZKSEhQdHS09uzZo4oVK97g15TWrl1rhL8mk0kDBw5Uo0aNtG3bNovfuCAXLlxQp06dNHDgQB05ckQzZ86UJP3222/6888/Vb9+fUlS69at1bJlS9WqVUvly5eX2WzWyZMnNX36dJ07d05BQUE6evSosdr+Zv72586da4S/Li4ueumll1SpUiWtXr1av/76qzIzMzV16lT98MMPcnZ2vuF3AwAAAAAAAAAAKA4EwEVQoUIF4/O1K3M9PT11+fJlrVq1SidOnFBycrKys7MtxoSFhenZZ59V3bp1lZGRYZy3srKSl5eXxTx79+5VTEyMJMna2lrz589XlSpVJF0NEYcOHSrp6lbBp0+fVrVq1WRnZ6f09HRlZGTozJkzcnR01P333y9PT089+eSTN/xu6enpFismx40bpy5dukiSvLy81L17d2VnZ1vck5aWZhHaTZ061VjF+eabbyowMFBXrlxRSEiIzpw5o2rVqv0/e/ce33P9/3/8vu29djDM2NEwLBZznoqYsyFKHznlWM4ZIZJP5UtUlBwKOeXYnEoROeSQT+QQamY+TjPThm1pDG02O/z+2G+vz962sSHLu9v1cnG5vN+v1/P1fD1eh/f+uXs+n3etI9uyZcu0bNmyPPf16NEjz+0vvPCC3nrrLbNts2fPNkYCV6xYUZMmTZKVlZUaNWqkmzdv6rPPPpMkbdy4Ua+++qr8/f114cIF43gHBwez53Pw4EHFxMRIklxcXPTOO+/IxsZGkjRy5Ejj2WzYsEEDBgyQtbV1gZ/Nd999V6hab2cymbRgwYICj7YuXry4GjZsqG+++UYnTpzQ1atXlZaWplu3bhltwsLCjM8511O+ePGiPD095e3trcqVKxd4lOuOHTuMzx06dDCuIzAwUKdOnco1mvZ2zs7Omjhxouzs7OTn56dVq1YpMjJSkvTbb78ZAXDjxo21adMmzZ8/XxcuXFBycrIyMzPNRvgeO3ZMVatWved3f+fOncb3sWPHqlWrVpKkgIAAtWvXTjdu3NCff/6pH374QR07dizQ/QEAAAAAAAAAALhfBMCFcOXKFeNzzumc582bp0WLFt3x2OvXrxf4PDlDMC8vLyP8laQaNWrIxsbGCKTOnTuncuXKqW3btvrmm2+UkJCgcePGScoaYVmlShW1a9dO3bp1k7W1db7njI2NNaYOlmQWerq5ucnT09MIPrPFxMSYHdOtW7d8+4+MjCxUAJyX4sWL67XXXlPz5s3z3J8dwOWU817WqlVLVlZWxvec1/j777/rzz//VLFixe5YQ84pphMSEvTUU0/l2S42NtZYd7agz+Z+a/X39y/UVNv79+/XyJEjzZ7h7XK+t+3bt9eBAwckSdOnTze2e3t7KzAwUP369bvrSNfffvvN+FynTh3jc/Z/hLhbAPzEE0+YjWYvUaKE8Tl7VHZGRoaGDh2qI0eO3LGv7DD4Qbz7OY9xdHRU1apVjfPnfGcAAAAAAAAAAAD+agTABZSamqo9e/YY36tVqyYpKyBbsmSJsX306NF6/vnn5eDgoKVLl2r27NmS/rcebUHcbe3WvIwdO1aVK1fWrl27dPr0ad24cUMZGRnGurSpqanq27dvofstjDutcZxzVGlB1K9fX40bN5aVlZXs7e1VtmxZ1apV645TWbu6uhbqHPfLxsZGDg4O+e6/efOmHB0dH9qzudsaz7ebO3euEWK2bdtWI0eOlIuLi8LDw416cr63bdq0kaOjozZs2KDjx4/r8uXLkrLC0JUrVyoyMtJ43/OTM9TO+Vkq2Ht/+zuW8z81ZB+/b98+I3x1cHDQjBkzVKtWLdna2mrYsGHav39/rmsrrHv5jQIAAAAAAAAAADwMBMAFkJycrHfffVfx8fHGtvbt20vKmgo3ezSutbW1unTpYoRS2Wud3i6v0CqnihUrGp+z1/vNDjfDw8PNpqPNXg/XZDKpW7duxijcK1eu6LvvvtPMmTMlSbt3775jyOjh4SGTyWQEgqGhocY0uPHx8caU1Dl5e3ubHbN06dI81+dNS0uTyVS4V61atWp66aWXCnXM7YGiZL5ecFhYmDIzM412R48eNfa5urredfTv7f2VKlVK3333nTEFdE45r7mgz+Z+a83r+u8kOjra+PzCCy8Ya/jm995KWVM1BwYGSpKSkpIUFham119/XSkpKTp48KBu3rxpNlX07cqVK6c//vjDuKbsKbAzMjIUGhpaqPrzk3OUcfXq1RUQECAp6z9xnD59Olf7B/HuHz16VC1btpSU9fci53nyW7MaAAAAAAAAAADgr0AAnI/s9Vbj4uJ08OBBs7VDGzRoYEw3nHPK3YyMDK1du1aBgYHasWOHdu/enWffOafJTUlJ0ZdffilfX1/Z2trK399f9erVk4eHh2JjY5Wenq7XX39dffv21a1bt4y6pKxpgsuXLy9JevXVV/Xkk0+qZs2acnNzk8lk0s2bN81quxN7e3s988wz+s9//iNJmjZtmm7cuKGSJUtq+fLludZAlbJGV7Zs2VJbt26VJL355psaMWKEKlWqpNTUVEVGRmrfvn0KCwvTypUr73j+v8qzzz6rZcuWKTMzU5GRkRo/fryCgoIUHR2txYsXG+06dOhQoP4CAgLk5eWlixcv6vLlyxo3bpz69Okjd3d3Xbt2TSdPntTu3btVokQJvf3225IK/mwedK134+HhoYiICEnS+vXr5eHhoVOnTmn+/Pl5tp82bZpsbGzUoEEDubu7q3jx4rp165bZu3G396xVq1ZG0Lthwwa5uLioatWq2rZtm86fP/9Arivnb/L48eM6dOiQ3NzctGDBAiN8zule3n1HR0e1aNHCWAP7ww8/1I0bN1S6dGmtWbPGmDq7WLFiatas2QO5LgAAAAAAAAAAgIIgAM7HF198kef2oKAgvfXWW8ZoyxIlSqh169b6/vvvJWWFR9OmTZMkVa1aVadOncrVh6enpypUqGAEXlOnTpWUFQzv3LlTtra2ev/99zVs2DD9+eef+u9//6s33njDrA9XV1dNnDjR+H7q1Cn9/PPP+V7Pc889d9drfu2113TkyBHduHFDV69e1ZQpUyRlrb1bpkwZY8rfnEaPHq2IiAjjX3BwcK42Hh4edz33X6VixYp6/fXXjWeyZcsWbdmyxaxNvXr11K9fvwL1ZzKZjGdz/fp17dq1S7t27crVLnuEuFTwZ/Oga72bzp0764MPPpAkbd68WZs3b5Yk+fn56eTJk7nax8fHa9euXQoJCcmzv1atWsnR0fGO5+zUqZO2bNlijGTPXjvbyspKvr6+RiB9Pxo0aCBvb2/FxMQoOTlZQ4YMkZQV9JYvX95shHC2e333T506paioKCUkJGjy5Mlm+21tbfXuu+/K2dn5vq8JAAAAAAAAAACgoAiA78BkMsnJyUnu7u6qVq2aOnTooJo1a+Zq984776hMmTLauXOnEhIS5OPjo759++qPP/7IMwCWskYMfvzxxzp27JiSk5Nz7a9Zs6ZWr16t5cuXa//+/YqLi5OVlZXKli2rwMBA9erVyyxY6tu3r44cOaKIiAglJiYqJSVFJUqU0OOPP65//etfxojlOylfvrwWL16sTz75xFhDtU6dOhoxYoTGjx+fZwjm7OysZcuW6csvv9TOnTt17tw53bx5UyVLlpSrq6vq1atnTBlcVLp16yY/Pz+tXr1aoaGhunLliuzt7VWpUiW1adNGnTp1KtQU1f7+/lq7dq1CQkK0b98+Xbx4URkZGXJxcZGXl5eeeuoptWjRwmhfmGfzoGu9k06dOikzM1OrV6/WhQsXVKZMGbVv316NGjVSnz59crVv166dbG1tdfLkSf3xxx9KSkqSvb29KlSooBYtWqhHjx53PafJZNLs2bM1Z84cbd++XUlJSfL19dXgwYO1c+dOIwC+0zTSd2Nvb6+5c+dq+vTp+vXXX5WamqoaNWpo+PDhWrhwYZ4B8L28+6VKldKKFSu0atUq7dq1S1FRUUpLS1OZMmUUEBCgXr16qXLlyvd8HQAAAAAAAAAAAPfCKjOvRWgB4C+Sc23jbOnp6eratauioqIkZY2uzV4zGQAAAAAAAAAA4J8me3na7KU1C6J27dqSGAEM4CEbP368fH19VbduXbm5uSk+Pl5ffPGFEf7a2dmZjaAGAAAAAAAAAABAwREAA3ioLl++nGtt42wmk0njx4+Xq6vrQ64KAAAAAAAAAADAMhAAA3iogoKClJmZqaioKF29elUmk0nu7u6qV6+eunfvrooVKxZ1iQAAAAAAAAAAAI8s1gAGAAAAAAAAAAAAgL+R+1kD2PovqQgAAAAAAAAAAAAA8NARAAMAAAAAAAAAAACAhSAABgAAAAAAAAAAAAALQQAMAAAAAAAAAAAAABaCABgAAAAAAAAAAAAALAQBMAAAAAAAAAAAAABYCAJgAAAAAAAAAAAAALAQBMAAAAAAAAAAAAAAYCEIgAEAAAAAAAAAAADAQhAAAwAAAAAAAAAAAICFIAAGAAAAAAAAAAAAAAtBAAwAAAAAAAAAAAAAFoIAGAAAAAAAAAAAAAAsBAEwAAAAAAAAAAAAAFgIAmAAAAAAAAAAAAAAsBAEwAAAAAAAAAAAAABgIQiAi9i0adM0adKkoi7jnmzdulXPPvusmjZtqv/85z9FXQ4AAAAAAAAAAADwj2cq6gL+LoKDg3XgwAF9+umnatCggbG9Z8+eCgoKUq9evYqwuvvXoEED3bp1S5JUvHhxVatWTa+99pqqVKlyz31OnTpVU6dO1ZNPPvmgyiwy06ZN0+rVq+Xq6qotW7YY27t06aLIyEg9//zzeueddyRJJ0+e1Geffabjx4/rzz//VMmSJeXj46OuXbuqWbNmZv3l5aeffpKdnZ26d++uM2fOGNsdHR3l5eWlTp06qXPnznesNzU1VSEhIdq2bZuio6OVmZmpsmXLqkWLFurTp48cHBzM2mdmZuqFF15QTEyMJGn06NHq1q1b4W8UAAAAAAAAAAAA/tYYAZxDyZIlNWvWLKWnpxd1KflKT09XRkbGPR374Ycf6sCBA1qzZo0cHR01cuRIZWZm5mqXlpZ2176uX7+u69evq1KlSvdUy/24n3twv65du6ahQ4fqp59+koODg+rWravSpUsrLCxM4eHhudqbTCb5+/ub/bO2Nv/Zubq66plnnpGLi4siIiI0depU/fjjj/nWkJKSosGDB2vOnDmKiIhQxYoVVblyZUVFRWnRokV65ZVXlJSUZHbMoUOHjPBXktavX3+fdwIAAAAAAAAAAAB/R4wAzqFDhw7asWOHNm7cqI4dO+bZ5uTJk5o+fbpOnz6tkiVL6rnnnlPfvn1lY2Oj69evq1mzZprcdgDVAAAgAElEQVQwYYKWLFmiS5cu6amnntK7776rzz//XBs2bNBjjz2mV199Vc8//7zRZ0pKit555x3t2bNHJUqUUO/evfXiiy9KktHnyJEjtWXLFl29elVLly7VzZs3NWPGDIWFhcnGxkbNmzfX8OHDZW9vn+/1WVtby2Qyyc3NTV27dtXgwYOVkJCgY8eOacaMGQoKCtKePXvk4OCgxYsXa9u2bVq8eLEuXbokLy8vDR48WE2bNlVERIRGjRolSXr55ZdlY2OjdevWKSUlRXPnztXu3buVlJSkmjVrauzYsfL09JQkrV69WiEhIbp+/bpsbW3Vrl07jRw5ssD39fZ7UKZMmQfy3Avj1KlTSkxMlJ2dnb7++mvZ2tpKkpKTk5WQkJCrfalSpbR06dI79lmvXj1NnjxZKSkpatGihW7evKn//ve/CgwMzLP92rVrFRYWJkmaMmWKWrZsKUnas2ePRo4cqTNnzigkJEQDBgwwjskOfJ944gmdOHFCEREROn78uKpXr174mwAAAAAAAAAAAIC/LQLgHB577DEFBwdrxowZat26tRwdHc32X716Va+++qp69eqlOXPm6LffftNrr70mW1tb9e7d22j3/fffa/78+bKystKrr76q3r17q0ePHtqyZYsOHDigcePGqXHjxnJxcZEkbd++XRMmTNDEiRMVFham4cOHy9vbW08//bTR56+//qolS5bI1tZWycnJ6tu3r9q3b6/33ntPN2/e1L///W99+umnGjNmzF2vMy0tTdu3b5ezs7NKlSolSbpw4YKKFSumVatWSZIOHz6siRMn6uOPP1b9+vX1008/aezYsVq0aJH8/f21fPlytWzZUkuWLDGC2PHjxystLU3Lli1TiRIlNH/+fI0ePVorVqxQdHS0PvnkE61cuVI+Pj5KTk7W2bNnC3Vfc96DvHz//feaNm1avtft7++v6dOn3/X+3Imnp6esra2VkpKi4cOHq379+qpWrZrq1KmjsmXL5mp/5coV9e3b1/ju4+OjCRMm5GqXmZmpqKgopaamStIdp+bOHh3s6+trhL+S1LhxY/n7+ys8PFw//fSTEQAnJibqhx9+kCT16tVLK1euVHh4uNavX08ADAAAAAAAAAAAYGEIgG8TFBSkVatWafny5Ro8eLDZvv/85z8qXry4+vbtKysrK1WuXFm9e/fW6tWrzYLKgQMHGqFo06ZNtWfPHmNEb9OmTVWiRAlFREQYa+f6+/urbdu2kqTatWvr2Wef1caNG80C4D59+hjB5w8//CCTyWTUZ29vr1dffVXDhg27YwA8YcIEPfbYY7px44a8vb01ZcoUYzpie3t79ezZ02j77bffKigoyFgPuUmTJmrSpIk2bNggf3//XH3HxcVp9+7d2rRpk0qXLi1JGjJkiNasWaOzZ8/K0dFRmZmZOnnypMqUKSMnJyejn4Le15z3IC+BgYGqW7duvvvvdGxBeXt7a+LEifrkk0906NAhHTp0SJJUrFgxjRkzRu3btzdrn5aWZjY1dF7Ta2/dulVbt26VlPWfEIYOHarmzZvnW8OVK1ckSR4eHrn2eXp6Kjw83GgjSZs3b9atW7dkb2+vwMBAXb58WeHh4dq2bZtGjRqVa71gAAAAAAAAAAAAPLoIgG9jZWWlkSNHKjg4WP/617/M9sXFxals2bKysrIytnl7eysuLs6snaurq/HZwcFBbm5uZvsdHBzM1mj18vIy2+/l5aUzZ87k2+fFixd1+fJlderUydiWkZEha2trJSUl5Rq5nO31119Xw4YN5eTkJDs7O7N9pUuXlo2Njdm1ZgfUOa/19rpy1iRJQ4cONdtub2+vy5cvq0GDBvrggw+0Zs0aTZ48Wb6+vurfv78aNWp0T/c1L/b29necAvtOTKasn8KtW7fMtmePyM0ZHrdt21Zt27bV2bNndfToUX377bcKDw/X5MmT1bJlS7MaXF1dtWXLljueu2zZsnr88cf1888/KykpSfv371fXrl2Nmm7n7OwsSYqPj8+1LzY21jhvtg0bNkjKCsjt7e3VqlUrzZgxQ0lJSdq+fbuee+65O9YHAAAAAAAAAACARwcBcB5q166tBg0aaO7cuWbb3d3djaAz24ULF+Tu7n5f57t06ZLZ94sXL+bqM2c46uHhIS8vL61du7ZQ5ylevLgxOvd2OfuXCn+t2ev8Llq0yJhW+nZNmzZV06ZNlZqaqo0bN2r06NHauXNngc91e42327p1q6ZMmZLv/ho1aujTTz/Nc5+3t7ekrOmoo6Ki5OPjo9jYWCNQzQ7pL126pLNnz+rpp59W5cqVVblyZXl6emrYsGFKS0vTn3/+WegQukaNGpo8ebL++9//qm/fvjpw4IC+/PJLde/ePc/2gYGBCg0N1enTp/Xjjz8aawX/9NNPOnbsmCQZU0OHh4crIiJCUtYU2d9//71ZX+vXrycABgAAAAAAAAAAsCAEwPkYPny4unTpYjY9bpMmTTRz5kytWLFC3bp1U0xMjJYvX25M73yvjh07pq1bt6p169YKDw/X5s2b7xhkNm3aVPPmzdP8+fPVs2dPOTo6Ki4uTmfOnFHjxo3vq5ZsHTp00MiRIxUUFKR69epp37592r17txYuXJhnew8PDzVt2lSTJk3SG2+8IQ8PD127dk0HDx5Us2bNdOHCBV26dEl16tSRnZ2dSpUqJSsrK9nY2Dyw+9q0aVPVqVMn3/2PPfZYvvtatmypefPm6erVq+rbt68ef/xxnT17VmlpaXJycjKm6I6Li9OIESPk5OSk8uXLq1ixYsYUz1WqVMkVsN++BrAkTZ482Qicc6pWrZratGmjzZs36/PPP9fzzz+f52juLl26aNeuXQoPD9frr78uPz8/WVlZ6cSJE5KkevXqGaPD169fL0lycnJSvXr1jD4SExMVGhqqsLAwnTt3ThUrVsz33gAAAAAAAAAAAODRQQCcj3LlyunFF1/UqlWrjG3Ozs6aM2eOpk+frs8//1zFixfXc889px49etzXuVq1aqW9e/dqypQpcnJyUnBwsLH2bl6cnJw0b948zZ49W506dVJycrLc3NzUoUOHBxYA169fX2+99ZY++ugjxcXFycvLS++9955q1KiR7zETJ07UwoULNWjQICUkJKhkyZKqV6+emjdvrtTUVM2bN09RUVGysrKSl5eXPvroI2Pa5gdxX+9nCmhnZ2ctWrRIc+fO1S+//KKjR4/KyclJgYGBGjJkiDGlcvny5dWzZ08dOXJEFy9e1I0bN+Ti4qLmzZtryJAhufq9fQ1gSbp582a+dQwcOFDbtm3T1atXtXLlSvXv3z/P65w/f75CQkK0fft2RUZGKiUlRVJWcP/vf/9btra2Sk5ONkb8vvTSSxo4cKDRR2pqqjp06KA//vhD69ev18iRIwt/0wAAAAAAAAAAAPC3Y5WZmZlZ1EUAuD+HDx/WiBEjZDKZNGfOHFWvXr2oSwIAAAAAAAAAAMA9unbtmiQpNDS0wMfUrl1bkmT9l1QE4KEKCAjQvHnz1L17dx09elTp6elFXRIAAAAAAAAAAACKAFNAAxbC399f/v7+RV0GAAAAAAAAAAAAihAjgAEAAAAAAAAAAADAQhAAAwAAAAAAAAAAAICFIAAGAAAAAAAAAAAAAAtBAAwAAAAAAAAAAAAAFoIAGAAAAAAAAAAAAAAsBAEwAAAAAAAAAAAAAFgIAmAAAAAAAAAAAAAAsBAEwAAAAAAAAAAAAABgIQiAAQAAAAAAAAAAAMBCEAADAAAAAAAAAAAAgIUgAAYAAAAAAAAAAAAAC0EADAAAAAAAAAAAAAAWggAYAAAAAAAAAAAAACwEATAAAAAAAAAAAAAAWAgCYAAAAAAAAAAAAACwEATAAAAAAAAAAAAAAGAhCIABAAAAAAAAAAAAwEIQAAMAAAAAAAAAAACAhSAABgAAAAAAAAAAAAALQQAMAAAAAAAAAAAAABaCALiApk2bpkmTJhV1GX+J06dPq3v37mratKlmzZpV1OUAAAAAAAAAAAAAuEemoi7g7yIqKkqffvqpjh49qqSkJLm5ualu3boaP358UZdmZunSpZo9e7YkyWQyyd3dXR06dFC/fv1kZWV1T30uWLBAgYGBGjJkyIMstcgsWLBAP/zwgyIjI5Wenq66detqwYIFZm2uXr2qmTNnau/evbpx44YqVKigPn36qF27dkXSJj09XYsXL9a3336r33//XWXKlFHbtm01aNAgmUymB9pm+vTpOnz4sC5duqTU1FR5eHioXbt26tu3r2xsbB78AwEAAAAAAAAAAMBDYzNhwoQJRV1EUcvMzFSfPn3k4+OjKVOmaNCgQWrYsKGSkpJUo0YNSdK+ffuUlpamJk2aPJBzpqWlydq68AOwQ0NDdeXKFW3evFm9e/dWxYoV9dFHH6l06dLy8/Mza5ueni5Jdw2GlyxZombNmsnX17fQ9dyve70Pd7JkyRJZW1vL3t5eV69elaenpzp06GB2zgEDBmj//v0qXbq06tSpo6NHj2rXrl3y8vJSlSpVHmobKWuE+fLlyyVJzzzzjM6fP6+DBw8qLi5OTZs2faBtxowZI2tra9WuXVt2dnY6c+aMDh8+rPT0dD355JMP9FkAAAAAAAAAAACg8FJSUiRJsbGxBT7Gw8NDElNAS5ISEhJ08eJFdevWTW5ubrKzs1OlSpX00ksvmbVLS0vTBx98oMDAQLVp00ZffvmlsS8uLk7Dhg1Ty5Yt1aRJE73yyisKDw839u/evVvPP/+85s6dq+7du2vgwIG6fv26AgICtGzZMr3yyit66aWX9Nprryk+Pv6uNZtMJtnb26tRo0aqXr26Tpw4YfQXEhKinj176vnnn1dCQoISEhL01ltvqXXr1goKCtKECROUmJgoSerWrZvOnTunjz/+WB07dtTRo0clSYcPH1bfvn3VtGlTdezY0exaL168qODgYDVr1kzNmjVT165ddfbsWeMezZs3Tx06dFCzZs00ZMgQRUREGMdOmzZNY8eO1bhx49S1a9e/ZMrp2bNna9GiRXrqqafy3L9nzx6dOnVKkrRw4UJNmzZNXbt2lSQtWrToobe5cuWK1q1bJ0kaN26cpk6daow837hxo2JjYx9YGynrGXz77beaOnWqli5dqjp16kjK+k8OAAAAAAAAAAAAeLQxBbQkFxcXVapUyQjn/Pz8VK5cuVzttm/frvHjx2vUqFH65ZdfNGLECD399NMqV66cMjMz1alTJz311FMymUxatmyZRo8erfXr18ve3l6SdOHCBRUrVkyrVq2SJF2/fl2SdOzYMS1YsEAmk0lz587Vm2++qcWLFxeo9oiICJ0+fVrNmzc3tv36669asmSJbG1tJUkDBw5UiRIltG7dOqWnp+vtt9/W+PHjNWvWLK1evVpdunRRv379FBQUJEk6deqURowYocmTJ6tx48aKiorSsGHDVLp0aTVv3lxz5syRh4eHZs6cKRsbG50/f17FixeXlBVqbtu2TbNnz5anp6cWLVqkoUOHat26dXJycpKUFYbPnz9ftWvXzvOaYmNj1bt37zte95YtW+55uuLskNvT01Nubm6SpFq1amnVqlWKiYlRQkLCQ21z/PhxY7R2zZo1jTbZjh07Jnt7+wfSxsPDQ08//bTZ/bh165Yk5fnOAwAAAAAAAAAA4NFCAKysKZIXLlyoVatWafny5YqIiFCpUqXUt29fdenSxWhXt25dtWnTRpLUoEEDVahQQSdOnFC5cuXk4eFhDKuWpP79+2vFihWKiooypma2t7dXz549c52/Z8+exvqsffr00eLFi3X+/HlVqFAhz3ojIyPVunVrpaWlKTU1VW3bttWLL76o5ORko4/s8DcmJka//PKLNm3aZIS0I0eOVNeuXXX58mWVKVMmV/9r165VUFCQMWVw5cqV1aVLF23evFnNmzeXra2t4uPjFRUVpcqVK8vHx8c4duPGjRoyZIhR+6BBg7Rhwwbt3bvXuHf169fPN/yVJFdXV61cuTLf/ZLua63a7ODd0dHR2Jbz87Vr14qkjSQ5ODjk2SY7pL3fNjllZGRo+vTpCg8Pl4eHh0aOHCkAAAAAAAAAAAA82giA/7+SJUtq8ODBGjx4sFJSUrRlyxa99957Klu2rJ555hlJkru7u9kxjo6OSkpKkiT9+eefmj17tn7++WclJyfL2tpaycnJunLlitG+dOnSeQaXOUPYYsWKycHBQfHx8fkGwBUqVNDcuXNlMpnk7Oyca7+rq6vxOS4uTjY2NmbhtLe3t6SskbZ5BcAXLlxQRESEQkNDjW2pqakqW7asJGnEiBFauHChRo0apaSkJLVo0ULDhg1TsWLFFB8fb/QvZQW1np6eiouLM7Zlj4TNj42NTZ51PSjZQXj2s7v9c4kSJYqkjSQlJyfL2dk5V5vsUeT32ybb9evX9dZbb2nfvn3y8/PTzJkz/9J7DgAAAAAAAAAAgIeDADgPdnZ26tixoxYvXqxTp04ZAfCdfPbZZ4qOjtbnn39uhLJNmzZVZmam0cbKyirPY6Ojo43Q9I8//lBycvIdQ9K7BaQ5z+Pu7q709HTFxcUZAfaFCxckySwUzsnT01MVK1bU2LFj89zv7OysMWPGaMyYMYqJidGbb76ppUuXKjg4WG5ubrp48aIxwjcjI0OXLl0yC8/zuw/ZYmNj1a1btzu22blz5z2PAs6eHjk2NtYYBR0WFiZJKlu2rFxcXB5qm+rVq8vGxkbp6ek6duyYPD09jTaS5O/vLzs7uwfSRpLOnTunUaNGKTo6Wq1bt9b48ePNwmMAAAAAAAAAAAA8ugiAJV25ckVLly5VmzZtVL58eWVmZmrr1q26dOmSEeDdzfXr1+Xp6WmEv+vWrdONGzcKdOyiRYtUpUoVFStWTDNmzJC/v3++o38Ly9vbW3Xq1NGMGTP09ttvKz09XTNnzlTDhg3zDZE7d+6swYMH68knn1Tjxo0lSVFRUUpKSlLNmjW1Y8cO+fv7y8PDQ87OzrK3tzemsO7QoYMWL16smjVrys3NTYsXL1ZmZqYaNWpU4JpdXV21Zs2aO7a5U/j7xRdfKCIiQuHh4UbtEyZMkJOTk0aPHq3AwEA9/vjjOnPmjPr37y8/Pz/t2rVLktSvXz9JeqhtXFxc9MILL+irr77SBx98oN27d+vnn3+WJD377LPy9PSUpAfWpn///kpMTJTJZNKVK1eMqZ+dnJz00Ucf3e3xAAAAAAAAAAAA4G+MAFhZI36Tk5P19ttvKzY2ViaTSRUqVNCkSZMUEBBQoD4GDBigCRMmqEePHnJwcFCjRo3yHWF7uw4dOqh///66cuWKatSooalTp97P5eTywQcfaPr06XrhhRdkZWWlp59+WqNGjcq3fbVq1TR9+nTNnz9fkyZNUmZmpnx8fIzA8vjx45oxY4auX78uBwcHNWzYUH369JGUFWqmp6dr8ODBunHjhvz8/DRnzhw5OTkVuF4bG5tc020XxoEDB3TgwAHje0JCgjZt2iQXFxeNHj1aJpNJc+bM0SeffKI9e/Zo9+7d8vHxUe/evdW+fXtJeqhtJGn06NEqVaqUNm7cqJ07d6p06dLq27evBg0a9MDbZE8LnZaWpkOHDhnbS5Ysec/3HAAAAAAAAAAAAH8PVpk55yjGQ3X9+nU1a9ZM33333X0FngAAAAAAAAAAAAAsx7Vr1yRJoaGhBT4me4lW67+kIgAAAAAAAAAAAADAQ0cADAAAAAAAAAAAAAAWgjWAi1Dx4sV1+PDhoi4DAAAAAAAAAAAAgIVgBDAAAAAAAAAAAAAAWAgCYAAAAAAAAAAAAACwEATAAAAAAAAAAAAAAGAhCIABAAAAAAAAAAAAwEIQAAMAAAAAAAAAAACAhSAABgAAAAAAAAAAAAALQQAMAAAAAAAAAAAAABaCABgAAAAAAAAAAAAALAQBMAAAAAAAAAAAAABYCAJgAAAAAAAAAAAAALAQBMAAAAAAAAAAAAAAYCEIgAEAAAAAAAAAAADAQhAAAwAAAAAAAAAAAICFIAAGAAAAAAAAAAAAAAtBAAwAAAAAAAAAAAAAFoIAGAAAAAAAAAAAAAAsBAEwAAAAAAAAAAAAAFgIAmAAAAAAAAAAAAAAsBAEwAAAAAAAAAAAAABgIQiAAQAAAAAAAAAAAMBCEAADAAAAAAAAAAAAgIUgAAYAAAAAAAAAAAAAC0EADAAAAAAAAAAAAAAWggAYAAAAAAAAAAAAACwEATAAAAAAAAAAAAAAWAgCYAAAAAAAAAAAAACwEATAAAAAAAAAAAAAAGAhCIABAAAAAAAAAAAAwEIQAAMAAAAAAAAAAACAhSAABgAAAAAAAAAAAAALQQBsgfbs2aOAgAAFBASoffv2xvbQ0FBje+vWrYuwQgAAAAAAAAAAAAB/BVNRF/B3sW3bNr311lt3bOPv76+lS5cWuu/ff/9dX3/9tSTJ1tZWr7zyyj3V+KjbunWrzp8/L0l6+umnVatWrSKuCAAAAAAAAAAAALAsBMAPwe+//66FCxdKkuzt7YssAHZzc1PPnj0lScWKFXvo59+6dav27t0rSXJ0dCQABgAAAAAAAAAAAB4wAuB89OzZUzY2NmbbPDw8iqiaB8PLy0sjRowo6jIAAAAAAAAAAAAA/EUIgPMxZMgQ2dnZ3bHNhg0btGHDBkVGRio5OVlOTk4qU6aMqlSpos6dO6tmzZrq16+fjh49ahxz8+ZNBQQEGN9DQkJUtWpVderUyZgeeerUqWrRooUk6fLly2rTpo3R/scff5Sjo6MkKTMzUyEhIfrqq68UFxcnLy8vde3aNd+gOjQ0VP3795ckubi46Pvvvzf2LViwQIcPH1Z0dLSuX7+uW7duqWTJkvLz81Pnzp3VuHHjXPfn0KFDkqQ333xTNjY2WrNmjc6fP68SJUqobdu2Cg4Olslk0sGDBzV06FCz42fNmqVZs2ZJkpo0aaKPP/5YkpSSkqK1a9dq+/btioqKUmpqqjw8PNSkSRO9/PLLcnZ2LvQzAAAAAAAAAAAAAP4pCIDv0Zo1a/TRRx+ZbUtMTFRiYqLOnj2rKlWq3HP4aGVlVaB2H3/8sVavXm18P3/+vD788EM98cQThT7n5s2bFRMTY7YtISFB+/bt0759+zR27Fh17tw5z2MXL16s+Ph44/sff/yhL774Qg4ODho0aFCBa7h27ZqGDBmiU6dOmW2PiYlRSEiIduzYoUWLFsnT01PSX/sMAAAAAAAAAAAAgEcRAXA+nnnmmVzbRo0apZdeekmStH37dmP7tGnT5O/vr8TERMXExGj//v1ycXGRJI0bN07h4eGaPHmyJMnOzk5z5swxji1fvnyu81hbW9+1vtOnT5uFvy1btlRQUJBOnTqlJUuWFPAq/+ell15S+fLl5eHhIScnJ6WkpOjXX3/VhAkTJEmfffaZ/vWvf+WaFluS4uPjNWTIEDVu3Fhff/21vvrqK0nSqlWrNGjQIFWvXl2LFi3SJ598orCwMElS586dFRQUJEkqWbKkpKxAOzv8rVatmt544w05Oztr8eLF+vbbbxUXF6eJEydq3rx5kgr+DAAAAAAAAAAAAIB/CgLge2Rvb298vnjxojw9PeXt7a3KlSurSZMmxj5fX1+lpqYa362srFS7du079l2QAHjnzp3G5woVKuiDDz6QlZWVmjVrpqtXrxohbEG1bt1aX331lb744gv9/vvvSklJMerNzMzUtWvX9Ntvv6lixYq5jm3UqJH69esnSRo8eLBx7hs3bujKlSsqVaqUateurRIlShjHeHl5md2H5ORkbdu2zfg+fvx4+fr6SpL+/e9/a9u2bUpJSdHhw4d14cIFlS1btsDPAAAAAAAAAAAAAPinIADOR/fu3XONds05tXL79u114MABSdL06dON7d7e3goMDFS/fv2Mka2FVZApoKOjo43PNWvWNDumVq1ahQqA4+Li1KdPH12+fPmO7a5du5bn9pxBbvHixc32JSYmqlSpUnetISYmRmlpacb3bt265ds2MjJSZcuW/UufAQAAAAAAAAAAAPAoIgDOR3BwsOzs7PLd36ZNGzk6OmrDhg06fvy4EZ7GxMRo5cqVioyM1OzZswt8vpwBbnp6uvH56tWrebbPzMwscN93s2rVKqP+xx9/XB988IHKly8va2trPfPMM8Zo4PzO6eTkZHzOa4roe5Gzz9vdunVL0oN/BgAAAAAAAAAAAMCjjgD4PgQGBiowMFCSlJSUpLCwML3++utKSUnRwYMHdfPmTdnb25tN6ZxfiJpz5GxcXJzx+ccff8yzfbly5YzPYWFhyszMNELko0ePFuo6co4mbt68uXx8fCRJZ86cMcLfByFnyJ2RkWG2z9vbWyaTyRgFvHTpUqOOnNLS0mQy/e+1LegzAAAAAAAAAAAAAP4JCIDz8dlnn+UazWptba2hQ4dKkqZNmyYbGxs1aNBA7u7uKl68uG7dumU2ejc75Mw5DXFKSoq+/PJL+fr6ytbWVv7+/pKy1vE9duyYJGnRokXKyMhQfHy8Vq5cmWd9LVq00OLFiyVJ58+f17hx4xQUFKRTp07pm2++KdS1enp6Gp937dql5s2bKzk5We+9916h+rmbnPfhxx9/lJ+fn+zs7OTt7a0yZcqoZcuW2rp1qyTpzTff1IgRI1SpUiWlpqYqMjJS+/btU1hYmHFPCvMMAAAAAAAAAAAAgH8CAuB8fPHFF7m25QyA4+PjtWvXLoWEhOR5fKtWreTo6CgpK2CtUKGCzp8/L0maOnWqpKxAdOfOnZKkLl26aNOmTZKkK1eu6OOPP5Yk+fr6KiIiIlf/VatWVefOnfXll19Kknbs2KEdO3ZIkipWrKhz584V+Fo7duyor776SmlpaTpz5oy6du0qSfLx8ZGdnd0DGwXcoEED4xqPHj1q3MsxY8aoa9euGj16tCIiIox/wcHBufrw8PAwPhfmGQAAAAAAAJAbx88AACAASURBVAAAAAD/BNZ3b4K8tGvXTkFBQapQoYKcnJxkbW0tR0dHPfHEEwoODtbEiRPN2n/44Yd68skn5eDgkGd/1apV03vvvScfHx+ZTCa5u7vr5ZdfNoLgvIwZM0bDhw9X2bJlZTKZVLZsWQUHB+cZnN6Jr6+v5syZoxo1asje3l7Ozs5q3769FixYIFtb20L1dSdBQUEaPHiwPDw8zKbFzubs7Kxly5ZpxIgRqlGjhpycnGQymVS6dGn5+fmpR48eZve1sM8AAAAAAAAAAAAAsHRWmfktSgsAAAAAAAAAAAAAeOiuXbsmSQoNDS3wMbVr15bECGAAAAAAAAAAAAAAsBgEwAAAAAAAAAAAAABgIQiAAQAAAAAAAAAAAMBCEAADAAAAAAAAAAAAgIUgAAYAAAAAAAAAAAAAC0EADAAAAAAAAAAAAAAWggAYAAAAAAAAAAAAACwEATAAAAAAAAAAAAAAWAgCYAAAAAAAAAAAAACwEATAAAAAAAAAAAAAAGAhCIABAAAAAAAAAAAAwEIQAAMAAAAAAAAAAACAhSAABgAAAAAAAAAAAAALQQAMAAAAAAAAAAAAABaCABgAAAAAAAAAAAAALAQBMAAAAAAAAAAAAABYCAJgAAAAAAAAAAAAALAQBMAAAAAAAAAAAAAAYCEIgAEAAAAAAAAAAADAQhAAAwAAAAAAAAAAAICFIAAGAAAAAAAAAAAAAAtBAAwAAAAAAAAAAAAAFoIAGAAAAAAAAAAAAAAsBAEwAAAAAAAAAAAAAFgIAmAAAAAAAAAAAAAAsBAEwAAAAAAAAAAAAABgIQiAAQAAAAAAAAAAAMBCEAD/hXbs2KGAgAA1aNCgqEsBgLtq3bq1AgICtHnz5qIu5ZHxd71nU6dOVUBAgIKDg4u6FAAAAAAAAADAQ2Yq6gIeVd27d9eZM2fUpk0bTZ48uajL+UfLyMjQt99+q40bNyoiIkK3bt2Sm5ubGjZsqEGDBqlkyZJFXSJwR7t379bo0aMlSY0aNdLMmTMlSRcvXtRzzz0nSQoJCVHVqlWLrMZHwfXr19WsWTOzbSVLllTlypXVv39/Pfnkkw/8nE888YQSExNVqlSpArVfsWKFZs2apUqVKmnt2rUPvB4AAAAAAAAAAAiA8UhLS0vTmDFjtGfPHkmSh4eHvL29FRsbq7Vr16p9+/b3FQDfunVLtra2Bd4O3K+9e/fq0KFDql+/flGXUmB/x9+Dr6+vypQpoxMnTuiXX37RyJEjtXHjRrm4uDzQ88yaNeuB9pfT3/G+AgAAAAAAAAD+/giAH6ADBw5o5syZ+u2331SzZk01bNiwqEuyeN98840R/g4ZMkSvvPKKrKysJEknT56Uq6urJCkxMVELFy7U3r179fvvv8vd3V1NmjRRv3795OTkJClrKteEhAT1799fR44c0bFjx/TOO+9o79692r59u4KCgmRjY6MffvhBrVq10vjx4xUVFaW5c+fq2LFj+vPPP1WpUiUNHDjQ7Nnv3btXS5cu1dmzZ2VtbS1fX18NGDBAAQEBD/lu4VFgZWWlGTNm6Isvvsi3zd3eqTVr1uijjz6St7e3XnzxRS1dulQZGRnq0aOHWrRooUmTJunkyZPy9fXV//3f/6lSpUpm/cfGxio4OFi//PKLvLy8NGzYMDVp0kSSNG7cuPv6PTws3bp1U8eOHfXLL79o4MCBSklJUWRkpBEAF6TW7L/p0dHRqlGjhho2bKhPPvlEtra22r9/v6T//d1499131a5dO8XExGjatGlGvyVKlFClSpX0/vvva+HChfryyy8lSZGRkcbzWr16tUJDQzVlyhR5e3urY8eOWrVqlRwcHLR69WoNHz5c58+fV2JiomxsbFSxYkW9/PLLatGihVHrihUrtGbNGiUmJqply5bG38GcCvJ3EAAAAAAAAADw6GMN4AckOjpaI0aMUEREhCpVqqQSJUpo7ty5RV2Wxdu5c6ckqVy5cmbhryT5+fmpdOnSunXrlgYMGKDVq1crIyNDbdq0UVJSklasWKHg4GBlZGSY9blo0SJlZmaqVatWZqOHt23bpvDwcDVv3lzly5dXdHS0evfurV27dqlmzZrq0qWLIiMjNXz4cO3evVuStHXrVo0YMUKhoaEKCAhQjRo1dOTIEQ0ePFh79+59CHcIj5pnn31Wp0+f1nfffZfn/sK8UxcuXNDq1avl6+ura9eu6bPPPtPLL7+sxx57TCVLltTx48f1/vvv5zrHggULZG9vr6pVqyoqKkpjxoxRRESEWZt7+T08bGlpaTp79qwkyWQyycfHR5IKVOtvv/1m/E2vXLmySpUqVaC/6dOmTdPevXtVp04dDRw4UC1bttSVK1eUlJSkgIAA1a5dW1LW1NTdunVTt27d5OzsbBwfExOj5cuXq379+qpdu7Zu3bql6OhoNWvWTAMGDNAzzzyjkydP6q233lJUVJQkadOmTZo1a5ZiY2NVt25dRUdHa9OmTWZ1FfbvIAAAAAAAAADg0cUI4Adk48aNSktLk7u7u5YuXSqTyaQZM2YoJCSkqEuzaJcvX5aUFQDnNeJNkvbv36/IyEhJ0vz58+Xp6akTJ06oV69eCg8PV1hYmBHKSFLLli01ZcoU43t2EOfh4aFVq1bJzs5OkjRz5kwlJSXJ19dX48aNkyRlZmZq2bJlWrZsmZo2bWqM4mzfvr0mTJggSRoxYoT27t2rkJAQNWrU6EHeDliAwYMHa8eOHZozZ06egWNh3ilra2stWbJErq6uatGihRITE/Xkk09q6tSp2rlzp8aOHasTJ07kOkenTp00ZswYZWZmqlu3bjp79qzWr19vrFMs3dvv4WGaPHmysT67m5ubxo8frzJlykiS1q1bd9das/+me3h4aPHixTKZTPr000+1bNmyO543OTlZUlbA6+vrq5YtW+qNN96QJHl7e+vixYsKDQ1V6dKlze5nTgsXLlTlypUlZa1xvnHjRplMJqWlpSk1NVWnTp3ShQsXdPjwYfn4+Oibb76RlDUa+f3331dmZqZ69eqlkydPGn0W9u8gAAAAAAAAAODRRQD8gMTGxkqSKleuLJMp67b6+fkVZUn/CGXKlFFUVJSio6PzbZP9bBwcHOTp6SlJRriSc3+2p59+Os9+ateubYRdknTp0iVJUkREhFq2bGnWNrue7L59fX2Nfb6+vtq7d2+u8wJS1jvdu3dvLViwQMuXL8+1vzDvlKurqzENesmSJZWYmKjq1atLkooXLy5JSklJUVpamvF3S5Ief/xxSVnTUVeqVElnz57N1fe9/B4eppo1a8rOzk5HjhxRfHy8jh07Zvy2C1JrXFycJKlixYrGvcn5dyM/Q4YM0cSJE7VhwwZt2LBBUlbwO2vWLFWoUOGux7u6upqd58aNG/rwww+1b98+Xbt2zaxtQkKCpP+9E1WrVpWU9dz8/PzMAuDC/h0EAAAAAAAAADy6CIAfEHd3d0nSxYsXjW0XLlwoqnL+MZo3b67Dhw8rOjpaS5cuVZ8+fYyRwGfOnJGLi4s8PDwkZY3Mi42NlYeHhzESTvrfs8v22GOP5XmunGGXJKNfX19fjRw50mxf9nSqHh4eunr1qjENrSTj8+3nBbL16tVLX3/9dZ7TQBfmncoZ6mb/LrK3ZWZm5nv+nH2fO3fOOG9O9/J7eJiee+45dezYUSEhIZoxY4YWLFigxo0by8/Pr8C/XSlrreD09HTZ2NjozJkzdz1vrVq19M033yg+Pl7nzp3TZ599pvDwcK1bt06jRo2SjY2N2Xlud/t9XbBggbZu3SofHx9NnDhRxYsX19tvv63Y2FjjGbq7uysu7v+xd+dxVdb5//+fZxFQQFFxQUlNxS01LXIhTPykUgqKOjVqac7oIDbq4DI/La1v7uWUCy5h49JoOmqi5G6uZZpl5dbkPmGigrjCQVnP9fuDuOoEhhlqQ4/77XZup3Ne7/N+v6/rXJy53ebp+30lm8G2VPB/f37p7yAAAAAAAAAA4H8XAXAxCQsL05IlS5SQkKBXX31VNWrU0JIlS+73tEq87t27a8+ePdqzZ49mz56tuLg4+fv7KyUlRQkJCVq8eLFat26tWrVqKSEhQQMHDtRjjz2mPXv2SJIeeughPfzww3c8dlxcnE6dOqU1a9aoXr16unr1qr7++mvVqVNHrVu3Vu/evfXqq69q3bp1Sk9PV3Z2tnbv3i1J6t27d7GdB5QspUuX1qBBgzRhwoQCtXtxTb3//vtKSUnRpUuXdOrUKVksFnXp0uVnP3M7fw/3wx//+Ee9//77SkxM1Jw5czRr1qzbmmt4eLgWL16sCxcuqF+/fvLz89PHH39c5HijRo2SYRh68MEH5ebmpsuXL0uSKlSoIEnm6tuzZ89q4sSJ8vLyUnR09C37yw+KLRaLbt68qUOHDhVYrRsREaHDhw/rgw8+kLe3txwOh/bv3+/S5m79DgIAAAAAAAAAfnus93sCJUXNmjU1bdo01alTRzt37tRnn32mXr163e9plXj591p+6aWX1KRJE12/fl0HDx5UTk6OnnnmGVWvXl2lSpXS/Pnz9eyzz0qSNm7cKHd3dz3//POaPXu2rNY7+zOoWbOmFi9erPbt2+vw4cN655139OGHH8rLy0tt27aVJHXq1EnTpk1T06ZN9fnnn+vQoUN65JFHNGfOHD3xxBPFdh5Q8oSHh5tbMf/Yvbim/vKXv8jhcOibb75RrVq1NHXqVNWrV+9nP3M7fw/3g91u14ABAyTl3Qf3wIEDtzXXBx54QDNmzFDdunV1+vRpXb9+3ewnfxVvYRo1aqRvv/1W//73vzV//nwZhqFevXqZ4XybNm3UsWNHeXh4KD4+XitWrPjZ+f/lL39RcHCwLly4oJkzZyo7O7vAdREeHq4hQ4aoQoUKiouLU1pamkJDQ13a3K3fQQAAAAAAAADAb4/F+Ll9QAEA+J1KTU1V2bJlzddTp07VypUrVbduXS1fvvw+zgwAAAAAAAAAUNKlpqZKkg4ePHjbn2nWrJkktoAGAKBQf/vb3+Tn56fatWsrISFBW7ZskSS98MIL93lmAAAAAAAAAADcGgEwAACFaNq0qT788EPt2LFDZcuW1aOPPqp+/fqpVatW93tqAAAAAAAAAADcEltAAwAAAAAAAAAAAMBvyK/ZAtp6V2YEAAAAAAAAAAAAALjnCIABAAAAAAAAAAAAoIQgAAYAAAAAAAAAAACAEoIAGAAAAAAAAAAAAABKCAJgAAAAAAAAAAAAACghCIABAAAAAAAAAAAAoIQgAAYAAAAAAAAAAACAEoIAGAAAAAAAAAAAAABKCAJgAAAAAAAAAAAAACghCIABAAAAAAAAAAAAoIQgAAYAAAAAAAAAAACAEoIAGAAAAAAAAAAAAABKCPv9nsBvwYVzCfd7CgAA/E/xq17rfk8BAAAAAAAAAFAIAmDxf2IDAAAAAAAAAAAAKBnYAhoAAAAAAAAAAAAASggCYAAAAAAAAAAAAAAoIQiAAQAAAAAAAAAAAKCEIAAGAAAAAAAAAAAAgBKCABgAAAAAAAAAAAAASggCYAAAAAAAAAAAAAAoIQiAAQAAAAAAAAAAAKCEIAAGAAAAAAAAAAAAgBKCABgAAAAAAAAAAAAASggCYAAAAAAAAAAAAAAoIQiAAQAAAAAAAAAAAKCEIAAGAAAAAAAAAAAAgBKCABgAAAAAAAAAAAAASggCYAB3JDMzU4GBgTp79myx9Pfmm29qwoQJxdIXAAAAAAAAAADA7xUB8B3atGmT/vznPys4OFgtWrQotM369evVtWtXtW7dWn369NHXX3/tUv/mm2/Ut29ftW7dWl26dNG6detc6leuXNHIkSMVHBys9u3ba/r06crNzTXrubm5mjFjhtq3b6/g4GCNHDlSly9fvqdjfPTRR3ruuefUtm1btWnTRn/605/0+eef/7KTCRfz589Xt27dFBQUpCeffFIjR45UYmJigXYZGRlavny5IiMjFRYWpoiICA0dOlSbN2+WYRjFOqfdu3crLCysWPvED9atW6cnn3yywPurVq3S008/bb5OSEjQiBEj1L59ewUFBSkiIkLjx4836++++64CAwMLPObOnStJOnLkiMv7oaGhGjt2rK5evVrkHNeuXavnnntOQUFBatu2rYYMGVLgNy3f/PnzFRgYqPXr1//SU/Gr3LhxQ4GBgTp//vw9HRcAAAAAAAAAgN8SAuA7VK5cOfXs2VNDhw4ttH7gwAFNmjRJ0dHR2rZtmx5//HENHTpU169flySlpaVp6NChatWqlbZu3arhw4dr8uTJ+uKLL8w+xowZo4yMDK1du1bz5s3T9u3btWDBArO+aNEibd26VbGxsVq7dq2ys7P18ssvm/V7MUbNmjX1yiuv6IMPPlB8fLyeeuopRUdH68qVK7/+JJcwubm5cjqdRbZr2bKlpk+frs2bN2vJkiXy8vLSqFGjXNokJCSob9++SkpK0ujRoxUfH681a9Zo8ODB2r9/v6KiouRwOO7WoeA+MAxDQ4cOlbe3t5YtW6adO3dq2rRpqlu3rku7unXras+ePS6PyMhIlzbbtm3Tvn37NHfuXJ04cUJvvfXWz449Z84cTZs2Tb1799bGjRu1fPly1a9fX5GRkS6/J5LkdDr1wQcfqGzZslq9enXxHHwxy8nJud9TAAAAAAAAAADgriEAvkNBQUHq2LGj/Pz8Cq3HxcUpODhY7dq1k6enpyIjI+Xm5qZt27ZJkrZv3y6LxaKBAwfKy8tLISEhatu2rRmYnD17Vvv371d0dLQqVKigOnXqqF+/foqLi3MZo0+fPqpbt64qVKig6Ohoffnll0pISLhnY9SqVUsNGjSQj4+PKlasqJo1ayorK0sXLlwo/pN+C2vWrFGXLl0UEhKisWPH6tVXX9Ubb7xh1l977TV16tRJbdq0UY8ePVxWJZ49e1aBgYEugdDGjRvVq1cv8/Xy5csVHh6ukJAQdejQQdOnTzdriYmJGjFihDp06KCnnnpKU6dOVUZGhqS8AD4wMFBLly7V888/r65du+q7775TYGCgVqxYoX79+qlHjx4aNGiQLl68aPbZpEkT1apVS2XLllWVKlVUtWpVnTlzxqynp6dr2LBhGjVqlKKjo1W7dm3Z7XZZLBbVq1dPr7zyikJCQjRlyhTzMzk5OYqNjVV4eLjatWunQYMG6dSpU2Z97Nix5irRfBEREdq1a5cSExM1adIkpaSkKCIiQhERETpw4ECB76GoMYqq/1T+Sujvvvuu0HpiYqJGjhypjh07KiQkRAMGDDBD7ytXrmjMmDHq2LGjQkND9dprr5n/+EKSevXqpQULFigyMlJBQUHq1auX/vvf/2r9+vUKCwtT27Zt9frrrxf7Supf48qVKzp//rx69uypypUry93dXbVr11bv3r1d2lksFrm7u7s87Ha7SxubzSa73a46deqoffv2Onr06C3HTUxM1LvvvqsxY8aoc+fO8vHxkZ+fnwYPHqzQ0FC9/vrrLu0//fRTXbx4UePHj9fhw4d/9jsuboMGDZIkRUZGKiIiQkuWLJGU933HxMQoMjJSf/jDH7Rr166fvebzffHFF+rXr59CQkIUERGh999//54dCwAAAAAAAAAAd4oA+C45efKkHnroIfO11WpV/fr1dfLkSUnSiRMnVL9+fdlsNrNNo0aNdOLECbNeqlQpl9V9DRs21OXLl3XlyhVdu3ZNKSkpLmM8+OCD8vDwuKdjSFJSUpI6duyotm3bavDgwQoJCVHDhg1/3Qm8Tfv379f06dM1fvx47dixQ23atNGWLVtc2jRt2lTLli3TRx99pBEjRmjy5Mk6duzYbfV/5swZxcTEaNasWdq1a5fWrl2rDh06SJJu3rypqKgoBQQEaN26dVq+fLkSEhI0a9Yslz4OHDigRYsWaf369apYsaIk6fDhw5o/f77i4uJUpUoVzZkzx+UzH374oTp27Kg2bdpo4cKFGjhwoFlbsWKFOnTooEcffVQXL17U8OHD1bVrV0VHR2vatGlasWKFevbsqdOnT5tb4c6fP19btmzR7NmztWXLFjVp0kR//etfb2uVsL+/v8aMGaNKlSopPj5e8fHxat68eYF2RY1xu3PIycnRuHHjtGfPHi1atEg1atQoMFZ6eroiIyNVrVo1rV69Wtu2bdPgwYPNoHP06NHKzMxUXFycVqxYoUuXLunVV1916WPt2rUaPny4duzYoYCAAA0fPlxfffWV/v3vf2vJkiXaunWrPv744yLPz71SoUIF1a5dW2+++aa2bt1aLPdeTk1N1d69e1WzZs1btvn000/l5uam9u3bF6h16dJFCQkJLluUr169WkFBQQoODlZAQIDWrFnzq+d5u95++21J0jvvvKP4+Hj16dPHrO3YsUOTJ0/WqlWrCj2Wnzp+/Liio6PVr18/bd++XW+99ZYWLVqkHTt23LX5AwAAAAAAAABQHAiA75L09HR5eXm5vOft7W2GXbeqp6en/2w9v5bf7qdtvLy8iuyjOMeQpEqVKmnZsmVatGiR+vfvrxYtWshqvTeX1tq1a9W5c2c1a9ZMVqtVoaGhevjhh13adO/eXT4+PrJarQoKClKrVq0KbFt7K3a7XYZh6NixY3I4HCpdurQaN24sSdq5c6fsdruioqLk4eEhHx8fvfjii9q4caNLHy+88IJKlSrl8l7fvn3NsLJt27b6z3/+41J/4okntGzZMs2bN0/du3dX/fr1zdonn3xi3o/3jTfeMEO20aNHa9euXcrKypLFYlGDBg10+vRpSXn3mO3fv79q1qwpNzc3M1D+5JNPbus83I6ixridOTgcDg0ZMkTp6el6++235ePjU+hYO3fulNVqVXR0tLy8vGS329WsWTN5eHgoMTFRX331lUaOHClvb2/5+Pho2LBh2rNnjy5dumT20b17dzVo0EAeHh4KCwtTYmKihg0bJm9vb9WoUUMtW7bUN998U2zn59eyWCz65z//qcDAQC1evFjPPvusOnXqpJUrV7q0O336tJ588kmXx0+D7O7du6tDhw5q3769rFarXnrppVuOe/XqVVWqVEkWi6VArXLlypJkbvmekpKiTz75RF27dpUkde3aVRs2bDBXxd9PERER8vX1ve32K1euVGhoqEJCQmSz2VSnTh09++yzBf6+AQAAAAAAAAD4rbEX3QR3wtPTs8DKxrS0NHPLaE9PT12+fLlA3dPT82c/n1/LD1h/2sbhcLj0cbfHkPK2k/X19ZWvr6+ioqLUqVMn+fv7KygoqPCTU4wuXrzoEo5KUrVq1Vxev/fee9q0aZOuXr0qq9Wqa9euqXbt2rfVf/Xq1TVlyhStWLFCEydOVN26dTVgwAAFBwfr/PnzunTpknr06GG2dzqdslqtunHjhvlepUqVCvT742DT3d3dJVCXJA8PD3l4eMjX11flypVT7969tX79evn4+OjSpUuqWrWqpLxVisOGDZPValXVqlXVunVrs4+kpCT5+PjIMAxdvHhR/v7+Zs1ms8nPz0/Jycm3dR6KUtQYtzuHAwcOyOFwaOnSpfLw8LjleBcuXJC/v3+h/9AgOTlZNpvNPEeSzHGTkpLMEPDH30vp0qXl4eFh/gOI/Pd++r3cLXa7vdD70ubk5Lhs31yuXDlFRUUpKipKmZmZ2rRpkyZNmqTq1avr8ccfl5R3X+7Zs2e79FOuXDmX1/Pnz5eHh4f279+vt956S8nJyYVep5JUvnx5paSkyDCMAiFwSkqKpLzVyZLMe/8GBwdLkp5++mnNnDlTW7duVXh4+C85JcXuVsd3K+fOndOpU6d08OBB872srCxVr169uKcGAAAAAAAAAECxIgC+SwICAlzuq+l0OnX8+HE98cQTkqR69epp27ZtZmAoSceOHVO9evXMenZ2tk6fPq06deqY9YoVK5phS6VKlXT06FE1adJEkpSQkKCMjAwFBATcszEKYxhGsWxPezsqV65sbnOc7/z58+bx7Nq1S++9955iY2NVq1YtSdKIESPMe7uWLl1aUl6wkx+0Xbt2zaW/kJAQhYSEKCsrS+vWrdPIkSO1fft2Va1aVdWqVSuwAjNffphe2MrJX8IwDGVkZOjSpUvy8fFRhQoVlJKSourVq6t+/fpav369IiMjlZKSon379qlbt26Ki4tTTk6OGjduLIvFYp6nZs2aScq7Hi9cuKAqVapIksqUKaOsrCyXcX98Hoo6hqLGuJ05SFKbNm0UEBCggQMHavbs2ea1+lN+fn5KTEx0ubbzValSRbm5uUpOTjb7PnfunCS5hMK/JdWqVVN6erquXLli/u1JefeovlXg6O7uroiICC1cuFDHjx83A2C73e5yTgtToUIFeXt7KywsTGfOnNHEiRO1bNmyQgP1Vq1aKSsrS9u3by+wdfK6devk7++v6tWry+l0Kj4+XmlpaerUqZPZxul0avXq1fckAP65nQd+eg0Xdc37+fnpwQcf1KhRo4p3kgAAAAAAAAAA3GVsAX2HcnNzlZmZaa7ay8zMVGZmplnv3r27du/erU8++UQZGRlatGiRsrKyzADlySefVG5urhYsWKCMjAzt2bNHH330kbp37y5JeuCBB/TYY49p1qxZun79us6cOaPFixebdUnq0aOH3nvvPSUkJCg1NVUxMTF65JFHzKDzXoyxatUqff3110pNTdW5c+f0j3/8Q9evX9djjz12F8/+D8LCwrRhwwYdPnxYTqdTW7du1aFDh8x6amqqypYta64APXbsmD777DOzXrFiRVWuXNncIvfatWuKj48362fOnNG+ffuUmZkpNzc3lS9fXhaLRTabTSEhIbpx44bmzZun9PR0GYahpKQk7d69+46Px+l0asGCBfr222/lcDh0/PhxTZ48WX5+fuY5DwoK0qZNmyRJo0aN0okTJxQREaGJEyeqXbt22rZtm1JSUjRr1iwz9AoPD9fChQuVmJiobW1QtgAAIABJREFUrKwsvfPOOzIMw1yp2ahRI3322WfmNbxq1SqXld++vr66du2aUlNTbzn3osYoqp6vZ8+eGjx4sF588UUdOXLEfP/dd9/V559/LikvlM/NzVVMTIzS09OVk5OjQ4cOKSMjQ/7+/mrevLmmT58uh8Oh69eva8aMGQoKCvpFWwDfSw899JBq166tqVOnKikpyfx7Xb9+vRmcXr16VdOnT9fRo0eVnp4uh8OhVatW6cKFC2ratKnZl2EY5u9R/qOw1cX5XnjhBSUnJ2vz5s2F1h944AH16dNHkydP1ubNm3X9+nUlJSVp7ty5Wr9+vaKjo2WxWLR3714lJydr0aJFWrZsmfmYOXOmjhw5olOnThXvSSuEh4eHPD09debMmSLbFnXNP/PMM9qwYYN27typnJwc5eTk6NSpUzp8+PBdmz8AAAAAAAAAAMWBFcB3aN26dZo4caL5On/13bZt2+Tj46NHHnlEL7/8sqZOnaqUlBTVrVtXMTEx5las3t7eiomJ0RtvvKGFCxfK19dXo0ePVmBgoNnnpEmTNHnyZHXu3Flubm4KDw/XgAEDzPqf/vQnORwO9e/fX5mZmWrZsqWmTJli1u/FGFeuXNGYMWN08eJFlSlTRgEBAZo5c+Ztb7H8a7Vs2VJDhgzRyy+/LIfDoeDgYIWGhpr1p556Sp9//rl69uwpHx8f1apVy2WbZIvFovHjx2vq1KlaunSpypcvrzZt2mjv3r2S8lYGx8bGKiEhQRaLRdWqVdM//vEPc3vi2NhYzZ49Wz169NDNmzdVuXJlhYeHq02bNnd8TEePHtXKlSt1/fp1+fj4KDAwUK+88oq5QrlXr17q06ePWrRooaZNm2ratGkun//ptsGS1L9/f+Xm5ioqKkoOh0MNGjTQnDlzzPs7d+7cWQcPHtQf//hHValSRc2bN3dZedqgQQN17NhR3bp1U25urqZOnVrgXstFjVFU/ce6dOmiMmXK6G9/+5umTp2qwMBAxcfHKycnRy1atJCXl5diY2M1Y8YMde3aVTk5OQoICNCMGTMkSVOmTNG0adPUrVs3WSwWtWrVSsOHD7/j7+Rus9vtiomJUUxMjPr16yeHwyF/f39FR0erc+fOkvJW/N68eVNjx45VUlKS7Ha7atasqQkTJrj8TZ86dcr8PcoXFham1157rdCxvby81KdPH8XGxqpjx44Frh1JGjp0qGrUqKHFixdr3Lhxys7Olo+Pj6ZPn25u9b569WqFhISoYcOGLp/19fVVkyZNFBcXd09W0w4ZMkTjxo1TRkaGevfurcjIyELbFXXNN2rUSNOmTdO8efM0YcIEGYahWrVqqX///nf9GAAAAAAAAAAA+DUsRv5euEAJMXnyZNlsthK9devJkyc1evRohYaGKjw8XH5+fsrOztaePXs0c+ZMjRs3zmVVKFCcjh8/rqioKA0bNkxdunS539MBAAAAAAAAAKDEyd+V9eDBg7f9mfzbcLICGPgfFBAQoH/9619atWqVXnrpJV26dEk2m00NGzbUmDFjCH9xV9WvX1+zZs3Svn37lJaWJm9v7/s9JQAAAAAAAAAA8D0CYOB/lJeXl/r166d+/frd76ngd6hx48Zq3Ljx/Z4GAAAAAAAAAAD4CbaABgAAAAAAAAAAAIDfkF+zBbT1rswIAAAAAAAAAAAAAHDPEQADAAAAAAAAAAAAQAnBFtAAAAAAAAAAAAAA8BuSvwX0nWAFMAAAAAAAAAAAAACUEATAAAAAAAAAAAAAAFBCEAADAAAAAAAAAAAAQAlBAAwAAAAAAAAAAAAAJQQBMAAAAAAAAAAAAACUEATAAAAAAAAAAAAAAFBCEAADAAAAAAAAAAAAQAlBAAwAAAAAAAAAAAAAJQQBMAAAAAAAAAAAAACUEPb7PYHfggvnEu73FAAA+J/iV73W/Z4CAAAAAAAAAKAQFsMwjPs9CQAAAAAAAAAAAABAntTU1Dv+LFtAAwAAAAAAAAAAAEAJQQAMAAAAAAAAAAAAACUEATAAAAAAAAAAAAAAlBAEwAAAAAAAAAAAAABQQhAAAwAAAAAAAAAAAEAJQQAMAAAAAAAAAAAAACUEATAAAAAAAAAAAAAAlBAEwAAAAAAAAAAAAABQQhAAAwAAAAAAAAAAAEAJQQAMAAAAAAAAAAAAACUEATAAAAAAAAAAAAAAlBAEwAAAAAAAAAAAAABQQhAAAwAAAAAAAAAAAEAJQQAM4I5kZmYqMDBQZ8+eLZb+3nzzTU2YMKFY+gIAAAAAAAAAAPi9IgC+Q5s2bdKf//xnBQcHq0WLFoW2Wb9+vbp27arWrVurT58++vrrr13q33zzjfr27avWrVurS5cuWrdunUv9ypUrGjlypIKDg9W+fXtNnz5dubm5Zj03N1czZsxQ+/btFRwcrJEjR+ry5cv3fIx8sbGxCgwM1LJly4o+gSiSYRgaOHCgAgMDdfz48QL1jIwMLV++XJGRkQoLC1NERISGDh2qzZs3yzCMYp3L7t27FRYWVqx94gfr1q3Tk08+WeD9VatW6emnnzZfJyQkaMSIEWrfvr2CgoIUERGh8ePHm/V3331XgYGBBR5z586VJB05csTl/dDQUI0dO1ZXr14tco5r167Vc889p6CgILVt21ZDhgwp8JuWb/78+QoMDNT69et/6an4VW7cuKHAwECdP3/+no4LAAAAAAAAAMBvCQHwHSpXrpx69uypoUOHFlo/cOCAJk2apOjoaG3btk2PP/64hg4dquvXr0uS0tLSNHToULVq1Upbt27V8OHDNXnyZH3xxRdmH2PGjFFGRobWrl2refPmafv27VqwYIFZX7RokbZu3arY2FitXbtW2dnZevnll836vRgj37Fjx7Rt2zZVrVr1zk9qCZebmyun03nb7VeuXCmbzVZoLSEhQX379lVSUpJGjx6t+Ph4rVmzRoMHD9b+/fsVFRUlh8NRXFPHb4BhGBo6dKi8vb21bNky7dy5U9OmTVPdunVd2tWtW1d79uxxeURGRrq02bZtm/bt26e5c+fqxIkTeuutt3527Dlz5mjatGnq3bu3Nm7cqOXLl6t+/fqKjIx0+T2RJKfTqQ8++EBly5bV6tWri+fgi1lOTs79ngIAAAAAAAAAAHcNAfAdCgoKUseOHeXn51doPS4uTsHBwWrXrp08PT0VGRkpNzc3bdu2TZK0fft2WSwWDRw4UF5eXgoJCVHbtm3NwOTs2bPav3+/oqOjVaFCBdWpU0f9+vVTXFycyxh9+vRR3bp1VaFCBUVHR+vLL79UQkLCPRtDygtTxo8fr5deeknu7u7Fe6Jvw5o1a9SlSxeFhIRo7NixevXVV/XGG2+Y9ddee02dOnVSmzZt1KNHD5dViWfPnlVgYKBLILRx40b16tXLfL18+XKFh4crJCREHTp00PTp081aYmKiRowYoQ4dOuipp57S1KlTlZGRISkvgA8MDNTSpUv1/PPPq2vXrvruu+8UGBioFStWqF+/furRo4cGDRqkixcvuhxTYmKili5dqhEjRhQ43vT0dA0bNkyjRo1SdHS0ateuLbvdLovFonr16umVV15RSEiIpkyZYn4mJydHsbGxCg8PV7t27TRo0CCdOnXKrI8dO9ZcJZovIiJCu3btUmJioiZNmqSUlBRFREQoIiJCBw4cKDCvosYoqv5T8+fPV7du3fTdd98VWk9MTNTIkSPVsWNHhYSEaMCAAWbofeXKFY0ZM0YdO3ZUaGioXnvtNfMfX0hSr169tGDBAkVGRiooKEi9evXSf//7X61fv15hYWFq27atXn/99WJfSf1rXLlyRefPn1fPnj1VuXJlubu7q3bt2urdu7dLO4vFInd3d5eH3W53aWOz2WS321WnTh21b99eR48eveW4iYmJevfddzVmzBh17txZPj4+8vPz0+DBgxUaGqrXX3/dpf2nn36qixcvavz48Tp8+PDPfsfFbdCgQZKkyMhIRUREaMmSJZLyvu+YmBhFRkbqD3/4g3bt2vWz13y+L774Qv369VNISIgiIiL0/vvv37NjAQAAAAAAAADgThEA3yUnT57UQw89ZL62Wq2qX7++Tp48KUk6ceKE6tev77LCs1GjRjpx4oRZL1WqlMvqvoYNG+ry5cu6cuWKrl27ppSUFJcxHnzwQXl4eNzTMaS8oK5x48Z69NFHf91JuwP79+/X9OnTNX78eO3YsUNt2rTRli1bXNo0bdpUy5Yt00cffaQRI0Zo8uTJOnbs2G31f+bMGcXExGjWrFnatWuX1q5dqw4dOkiSbt68qaioKAUEBGjdunVavny5EhISNGvWLJc+Dhw4oEWLFmn9+vWqWLGiJOnw4cOaP3++4uLiVKVKFc2ZM8dsbxiGJkyYoL/+9a8qV65cgTmtWLFCHTp00KOPPqqLFy9q+PDh6tq1q6KjozVt2jStWLFCPXv21OnTp82tcOfPn68tW7Zo9uzZ2rJli5o0aaK//vWvt7VK2N/fX2PGjFGlSpUUHx+v+Ph4NW/evEC7osa43Tnk5ORo3Lhx2rNnjxYtWqQaNWoUGCs9PV2RkZGqVq2aVq9erW3btmnw4MFm0Dl69GhlZmYqLi5OK1as0KVLl/Tqq6+69LF27VoNHz5cO3bsUEBAgIYPH66vvvpK//73v7VkyRJt3bpVH3/8cZHn516pUKGCateurTfffFNbt24tlnsvp6amau/evapZs+Yt23z66adyc3NT+/btC9S6dOmihIQEJSYmmu+tXr1aQUFBCg4OVkBAgNasWfOr53m73n77bUnSO++8o/j4ePXp08es7dixQ5MnT9aqVasKPZafOn78uKKjo9WvXz9t375db731lhYtWqQdO3bctfkDAAAAAAAAAFAcCIDvkvT0dHl5ebm85+3tbYZdt6qnp6f/bD2/lt/up228vLyK7KM4xzh27Jg2btx4y62w77a1a9eqc+fOatasmaxWq0JDQ/Xwww+7tOnevbt8fHxktVoVFBSkVq1aFdi29lbsdrsMw9CxY8fkcDhUunRpNW7cWJK0c+dO2e12RUVFycPDQz4+PnrxxRe1ceNGlz5eeOEFlSpVyuW9vn37mmFl27Zt9Z///MesrVy5UmXKlFFoaGihc/rkk0/M+/G+8cYbZsg2evRo7dq1S1lZWbJYLGrQoIFOnz4tKe8es/3791fNmjXl5uamgQMHmn0Vl6LGuJ05OBwODRkyROnp6Xr77bfl4+NT6Fg7d+6U1WpVdHS0vLy8ZLfb1axZM3l4eCgxMVFfffWVRo4cKW9vb/n4+GjYsGHas2ePLl26ZPbRvXt3NWjQQB4eHgoLC1NiYqKGDRsmb29v1ahRQy1bttQ333xTbOfn17JYLPrnP/+pwMBALV68WM8++6w6deqklStXurQ7ffq0nnzySZfHT4Ps7t27q0OHDmrfvr2sVqteeumlW4579epVVapUSRaLpUCtcuXKkvJWJ0tSSkqKPvnkE3Xt2lWS1LVrV23YsMFcFX8/RUREyNfX97bbr1y5UqGhoQoJCZHNZlOdOnX07LPPFvj7BgAAAAAAAADgt8ZedBPcCU9PzwIrG9PS0swtoz09PXX58uUCdU9Pz5/9fH7Nas3L7n/axuFwuPRxN8fIX6n597//vUBIfK9cvHhR9evXd3mvWrVqLq/fe+89bdq0SVevXpXVatW1a9dUu3bt2+q/evXqmjJlilasWKGJEyeqbt26GjBggIKDg3X+/HldunRJPXr0MNs7nU5ZrVbduHHDfK9SpUoF+v1xsOnu7m4G6ufOndOiRYu0ePHiW87p0qVL5r2Wjx8/rmHDhslqtapq1apq3bq12S4pKUk+Pj4yDEMXL16Uv7+/WbPZbPLz81NycvJtnYeiFDXG7c7hwIEDcjgcWrp0qTw8PG453oULF+Tv729eoz+WnJwsm83mcj/q/HGTkpLMEPDH30vp0qXl4eFh/gOI/Pfyv5e7zW63F3pf2pycHJftm8uVK6eoqChFRUUpMzNTmzZt0qRJk1S9enU9/vjjkqSaNWtq9uzZLv38dCX5/Pnz5eHhof379+utt95ScnJyodepJJUvX14pKSkyDKNACJySkiIpb3WyJPPev8HBwZKkp59+WjNnztTWrVsVHh7+S05JsbvV8d3KuXPndOrUKR08eNB8LysrS9WrVy/uqQEAAAAAAAAAUKwIgO+SgIAAl/tqOp1OHT9+XE888YQkqV69etq2bZsZGEp5q2nr1atn1rOzs3X69GnVqVPHrFesWNEMWypVqqSjR4+qSZMmkqSEhARlZGQoICDgnoxx+fJlnTx5Uq+99pp5nGlpaZo7d652795tbsd6N1WuXNnc5jjf+fPnzePZtWuX3nvvPcXGxqpWrVqSpBEjRpj3di1durSkvGAnP2i7du2aS38hISEKCQlRVlaW1q1bp5EjR2r79u2qWrWqqlWrVmAFZr78ML2wlZO3cujQIV27ds28B3H+PAcOHKiePXsqKipKFSpUUEpKiqpXr6769etr/fr1ioyMVEpKivbt26du3bopLi5OOTk5aty4sSwWi3memjVrJinverxw4YKqVKkiSSpTpoyysrJc5vLj81DUMRQ1xu3MQZLatGmjgIAADRw4ULNnzzav1Z/y8/NTYmKiy7Wdr0qVKsrNzVVycrLZ97lz5yTJJRT+LalWrZrS09N15coV829PyrtH9a0CR3d3d0VERGjhwoU6fvy4GQDb7XaXc1qYChUqyNvbW2FhYTpz5owmTpyoZcuWFRqot2rVSllZWdq+fXuBrZPXrVsnf39/Va9eXU6nU/Hx8UpLS1OnTp3MNk6nU6tXr74nAXBh88/302u4qGvez89PDz74oEaNGlW8kwQAAAAAAAAA4C5jC+g7lJubq8zMTHPVXmZmpjIzM8169+7dtXv3bn3yySfKyMjQokWLlJWVZQYoTz75pHJzc7VgwQJlZGRoz549+uijj9S9e3dJ0gMPPKDHHntMs2bN0vXr13XmzBktXrzYrEtSjx499N577ykhIUGpqamKiYnRI488Ygadd3sMX19fbdiwQcuWLTMf1apVU9++fTVp0qS7+wV8LywsTBs2bNDhw4fldDq1detWHTp0yKynpqaqbNmy5grQY8eO6bPPPjPrFStWVOXKlc0tcq9du6b4+HizfubMGe3bt0+ZmZlyc3NT+fLlZbFYZLPZFBISohs3bmjevHlKT0+XYRhKSkrS7t277/h4/u///k8ffPCBeT7nzp0rSXr99df1/PPPS5KCgoK0adMmSdKoUaN04sQJRUREaOLEiWrXrp22bdumlJQUzZo1ywy9wsPDtXDhQiUmJiorK0vvvPOODMMwV2o2atRIn332mXkNr1q1ymXlt6+vr65du6bU1NRbzr2oMYqq5+vZs6cGDx6sF198UUeOHDHff/fdd/X5559Lygvlc3NzFRMTo/T0dOXk5OjQoUPKyMiQv7+/mjdvrunTp8vhcOj69euaMWOGgoKCftEWwPfSQw89pNq1a2vq1KlKSkoy/17Xr19vBqdXr17V9OnTdfToUaWnp8vhcGjVqlW6cOGCmjZtavZlGIb5e5T/KGx1cb4XXnhBycnJ2rx5c6H1Bx54QH369NHkyZO1efNmXb9+XUlJSZo7d67Wr1+v6OhoWSwW7d27V8nJyVq0aJHLb8LMmTN15MgRnTp1qnhPWiE8PDzk6empM2fOFNm2qGv+mWee0YYNG7Rz507l5OQoJydHp06d0uHDh+/a/AEAAAAAAAAAKA6sAL5D69at08SJE83X+avvtm3bJh8fHz3yyCN6+eWXNXXqVKWkpKhu3bqKiYkxt2L19vZWTEyM3njjDS1cuFC+vr4aPXq0AgMDzT4nTZqkyZMnq3PnznJzc1N4eLgGDBhg1v/0pz/J4XCof//+yszMVMuWLTVlyhSzfrfHsNlsBVYa2mw2eXl5uaxivJtatmypIUOG6OWXX5bD4VBwcLDLvXOfeuopff755+rZs6d8fHxUq1Ytl22SLRaLxo8fr6lTp2rp0qUqX7682rRpo71790rKWxkcGxurhIQEWSwWVatWTf/4xz/M7YljY2M1e/Zs9ejRQzdv3lTlypUVHh6uNm3a3NHxeHh4uGx9bLPZJOVtw5u/zXavXr3Up08ftWjRQk2bNtW0adNc+vjptsGS1L9/f+Xm5ioqKkoOh0MNGjTQnDlzzD47d+6sgwcP6o9//KOqVKmi5s2bu6w8bdCggTp27Khu3bopNzdXU6dOLXCv5aLGKKr+Y126dFGZMmX0t7/9TVOnTlVgYKDi4+OVk5OjFi1ayMvLS7GxsZoxY4a6du2qnJwcBQQEaMaMGZKkKVOmaNq0aerWrZssFotatWql4cOH39F3ci/Y7XbFxMQoJiZG/fr1k8PhkL+/v6Kjo9W5c2dJeSt+b968qbFjxyopKUl2u101a9bUhAkTXP6mT506Zf4e5QsLC3NZqf9jXl5e6tOnj2JjY9WxY8cC144kDR06VDVq1NDixYs1btw4ZWdny8fHR9OnT1dQUJAkafXq1QoJCVHDhg1dPuvr66smTZooLi7unqymHTJkiMaNG6eMjAz17t1bkZGRhbYr6ppv1KiRpk2bpnnz5mnChAkyDEO1atVS//797/oxAAAAAAAAAADwa1iM/D1mgRJi8uTJstlsJXrr1pMnT2r06NEKDQ1VeHi4/Pz8lJ2drT179mjmzJkaN26cy6pQoDgdP35cUVFRGjZsmLp06XK/pwMAAAAAAAAAQInzc7uyFoUVwMD/oICAAP3rX//SqlWr9NJLL+nSpUuy2Wxq2LChxowZQ/iLu6p+/fqaNWuW9u3bp7S0NHl7e9/vKQEAAAAAAAAAgO+xAhglzu9hBTAAAAAAAAAAAABKrl+zApgAGAAAAAAAAAAAAAB+Q35NAGwtxnkAAAAAAAAAAAAAAO4jAmAAAAAAAAAAAAAAKCEIgAEAAAAAAAAAAACghCAABgAAAAAAAAAAAIASggAYAAAAAAAAAAAAAEoIAmAAAAAAAAAAAAAAKCEIgAEAAAAAAAAAAACghCAABgAAAAAAAAAAAIASggAYAAAAAAAAAAAAAEoIAmAAAAAAAAAAAAAAKCEIgAEAAAAAAAAAAACghCAABgAAAAAAAAAAAIASwn6/J/BbcOFcwv2eAgAA/1P8qte631MAAAAAAAAAABTCYhiGcb8nAQAAAAAAAAAAAADIk5qaesefZQtoAAAAAAAAAAAAACghCIABAAAAAAAAAAAAoIQgAAYAAAAAAAAAAACAEoIAGAAAAAAAAAAAAABKCAJgAAAAAAAAAAAAACghCIABAAAAAAAAAAAAoIQgAAYAAAAAAAAAAACAEoIAGAAAAAAAAAAAAABKCPv9nsD/CsMwZBiG+d/4/bJYLOZz/n8DAAAAAAAAAAAAvwUEwEUwDEO5ubk6mZKpr85laOeJNB27lKuzaRY5clhA/XviZXfqAW9DDXxtalfPW4/6e6iur7tsNhtBMAAAAAAAAAAAAH4TLAbLWQuVH/x+ezlTf1h2UecdUk4pu5x2m1TKLqfNIovdJsMwZLFYeP49PDsNKTtX1lynLFk5sufkqJqXtOa5yqpRgSAYAAAAAAAAAAAAxSM1NfWOP0sA/BOGYcjpdCorK0uRay5q42lD2eVKS6Vs93tq+C3KzpXbtRvqFGDVO92qqFSpUrLZuFYAAAAAAAAAAABw5wiAi1Fubq6upt1U8D8vKtkopVwv90JXhMowpJ9ZMUr991W3pmaoqi1be/5SReW8PAiBAQAAAAAAAAAAcMcIgItJbm6ukq/dUKt3UpRa2kOGm00WSYbEM89FPisrV+Vu3tSXg6qovHdpQmAAAAAAAAAAAADcEQLgYuB0OpWZmalmsy/oYikPGaUsssgiQz9a+clrXhf1OitXVXIydOCvfvLw8JDVar3flzYAAAAAAAAAAAD+xxAA/0qGYSgrK0sDVp3ThkS7DE/7D8X8JZ685vVtvrak5aizf47mP1Ndbm5ueVtGAwAAAAAAAAAAALfp1wTALE9U3tbP35x3aONpi4wyVllkSIYz79np/M28/kfbcrr612o6/EKV38R8eF34a3nZtPG/Fp2+mK7c3Nz7fXkDAAAAAAAAAADgd+R3HwA7nU5lZWer7+prMrytsn4f5hX38x/qldaVwdV1dYi/rgyurkYV7L+4H+fls5IkIyPtrs2T5+J5lpdVz626oqzsbDmdzvt8lQMAAAAAAAAAAOD3ggDY6dTxpHQl3bDIYrf8bKhnKSL0+7l6z9qu4/aqY/nF/f9/Kz9T+S5/18ODY4p9fsVRd7Pen/Hdrb+N43ep26XENKtOJd8gAAYAAAAAAAAAAMA9Yy+6ScllGIZycnL0+ZkbctosshjO/IIst3i+k7qfp1Xt6laQJH154js9Wq+Gnm1UThP2Jyn3R+0GNy+r5x7ykr+3XbmGdMGRo08SM/T3nZdlkfTmwG4a8PALOpuao+bvJkqGIe9SFk1tV1Gd65RRerZTCw+n6YGydj3XyEsnr2ar9ZJzkmFoz3PV1aBiKb1/PF1nU3P03ENe8rBZ9GHCTf19xyU5sg3JMDSyhY+6BniqmpdNnqWsupbp1KfnMjRuzxUlXM+RJIXXKa1FnSpLkl7YcFFDHy2nppXdNeTDZK06cbPQ89KuRmkNfbScmlVxk7vNosS0XM368pre+49D/Rp76c12FSVJD8aeUVqWU/XKl9KnfapLknqvTdaHCTd/dtzN32boteDy6vhgGfmWtulGjlPfXs/Rsv+kadGRNFkklXe36KXWFfTUg2VUuYxNVzOd2vXdTU3ee1Vn03Lu+Pu9Vd1pt+iLszdVr6qnbDYb9wIGAAAAAAAAAADAXfe7XgFsGIacTqc+P5sp2Ywf7uVquK7oLPD8C+s9A0rJarHoquOGBszdIMMwVLmshzrUdDfbhdUprdeCy6uWt1U5VQykAAANB0lEQVQfHzyuvYePyz3nhjrXtJv9OK+ey5t3psP83LR25fVsA095lrLoRlqqBjf3Utc67nntbqSa7Zw3rkmSugeUUZ8G7ko8d0Hl3K16pr6n/vaIl9muZfkM2TNTte/ICX24/z+y5mQovG4ZrepaWaWs+fO4YJ7DeaG+quNtKOXqdRnXkgo9/u71ymhVRBU98YCHShm5Onk2Sb5uOXrU+4ZkOJV7JfGH7yQrQxbDkDP9qvme83pev85rtx53TKuy6tfEW+5GpjZ/dkRHTiaoZplctS6fIYsMlbYZ2tCjiv7cxFuVS1t0MjFJ3jannqnvqc3PVlWl0pbi//5t0t4zN+V0OmXkh8MAAAAAAAAAAADAXfS7XgEs5W0BfeyyIavNkJyGLBZJhiGrRTKcBZ/vpN6rgackKW73IX1XKVB7//NfPd64jnrVtenDbw0ZTkMBpVIlVdGBU2f13NwtysrOkdNxVbWr+EgNusn6fb/5rDJUw9umbvXLSpLeWb9bwxd8qCrepfTl3L9L7qUkGbIqr//8tadpNzIUOOhNXcmxad3oPyikWT21qfxDuz9Nj9OllIuqVKWqvEt7qEmlr7R0dB/V8nFTc1+b9idnS8YPWxpv+exr9Z26VLkWmzwbtpGlar0Cx/9qq7w5/vf8JbX//2brYqZV9ux0NXg4UNYKj7gcl/HjbZTNN/PmJ+etx+3VrJKk8lq6/Uu9En9ARnaGDMdlPVjvIan643qmoafqVcwLxntPXKhNR86pqZ+Xds8criqedkU2Lq3Jn6UV6/fvtBo6dtlgC2gAAAAAAAAAAADcM7/rADh/BfBZh00q7ZRFlu+377V8H+ZZvg8fXV//knpLPw/VruQtSfr3wWTZPB/S8k9P6vHGddSxvq8q7nboyk2nPjryrV7uUFctGtRS8oK/6bvr2Tp0MVOL959TckpeOOvC6VQDr2zl7yr8/tdXVabtC7qekaadB0+qW3DT7w/SKass0veB6sdHTulmk64q7VZaZ67elCRV8iolOZ2yWCzq0a2rRgX7qbKnrcD5qmp1yGKUclk2PnvHUbm3/bNkscrpzJXFcLocf+UyVvn7eEiSluw6qLQmEfJ095IzN0enblyT1XC69GcpJOy1fP/6xxsoz95+VG5t/yyL1SojN1c7D55USINqGhrRRgPDg3XqarY+P3dDsZ+elTXD0MPeGZKkG5lZ2p7xgEo/3lbH0lJ0IjFZDWpU1cPlcr5fwVuM37/Nou/SbDIMgxXAAAAAAAAAAAAAuCd+1wGwlBcCG8oLGS1mSPeTe7r+itc96/wQpK4ZFi5ZLLLqQUlSKZtVPeq4659H0vXVdXc9OXy6erdvoYfrPKAGNasqop6XwuvW0/+9d0bHLmflBZR53X+/rXOq2bet4gOyOJyyuXvK4v5DVJp3TD+Ej44cmyxudkmGnBab2cYiQw0qlNKbHf1lsUirPz6gdXsPqUJZT7314jOSJGtOpiyG3aW/y561vr+3rSGL1fr9OfjR+bh544c5eleS1a10XihttUpeFSTDkPGjFcW271cAl/X40aX5/fwsPx7Xq5as3weuslo1a+95nfl2kZ5q2ViNa1dXff8qesjXR6EPllHgwgQZWTfNz9orPyjJkN3bV7LmnQMjJ+uHe0AX4/dvyEb4CwAAAAAAAAAAgHvmd30P4Hx+HtkycnXre7re4bOnXerykK85TlkPm8q6W+Xl/kO42auRpywy9MAD1XWmUguNXPO12v+/Jar7/P9TVnaObFaLmpZz3XZZkmQ4dSzZYYaL3RpXkkWGqpSxKuShGpL0fQjpdAlOZbWa8zOXD3/frr5nlvnWmNVfau2Virpaxt9sYjGc38/jR/2Vcv/Z85DsyFZiSt79fHu3qm3ea9cmpxpULCUZTl1yZJrd1SqXd8/jzvW8fxg3f74/M26D5i20+XolDVy8T0Ej31GPV+dJkqqVdZOfp1UHvk2WJJVxd9NTdTwlw6mmld30/7d397FV1Xccx9/n3HPuQ9vbB/pkC5SCFdwABcRthgnESBgqcTGw4DbCplnMssTE4DCL7I+NZckW/5lz+2cjhsmmQ8ke4jKnqDg35+qEAEKdawGhDRQKvdw+3XvPw29/3NvuXqCxA4LEfl7/nP76vfmdX87pf59+v3d2c/797D184oq/fwKLpkROAbCIiIiIiIiIiIiIiIhcNZO+A9iyLNpqDEdOWeAEY52bF16tQrg38frd18dJxl0AlnzrR+zrPD5233V33MovH9vA3OZq5tf3s6DW4gcPLOHgqVs4OeQztcIh6jqEoWFf5zEsa2rpuTF052K88MYe1i6/hYdum8Zdcz2mJCIY3yv5HOcHkKPnLApULWB/VzdB2EbEtvnZw2s5cNpj/fzKC+5bvF+++Tcc9/lE4mV8d9tLPP3o/cyqT9L+YDlHUx7NSYc/dfSx8fUM73QPMJL1SMRcnl0zk6Npn8VN8eIDn9dhW3zf/O83faaaZfev4v2+LGdHAubX5f+0T6UG6Dl9hp2pFN88dpIbW65j6z3NdPbnaK1ysW2L3rNpfvGPD6Gx+oq+/zCA2bWF0dAiIiIiIiIiIiIiIiIiV8GkDoAty8K2bZbNjLHrhD82Ajo/WdgUfhhdhxR6aidcXzenDIBjvWf5T91nSc5aPVZ/9UwnOc8n6jqsmx3lhbc6+Gv9CHNnTWNefRnDWY/2jiP85Pld/Ducg50MSkdUm5BIWSUbn91NEASsXnIzCePz5I43mTO9kfuWLmQk5+XHOxfljxb579gt7Uo1WCbgSCbGQ09s5/H1d/H5lhpqIv18++fPs/XRrxQ+Zgrjoov2M6P7jf98XuxNcO93nuKRL61g0ZwZtNW4HD/VT/v+Q1imkX5nCg/++Fd87+urmd4wBT99mm888xpbH/ta4cxgmeC8+4522uZvs+vtd7nOns0NUxuoaionNTjMn/95gC2/fhmrZSV+XStf2LyVx9fezt233URbTSWpwWH+8G4HW37zCqlZK7Cv8Pu3Alh+fQLbthUCi4iIiIiIiIiIiIiIyCXbsGHDuLVt27aVrC0ziefThmFIJpNhz+E+1vwuh53IjLaW5j9guKz1cPvvCVInsOMVlC9dX1I3XpbB3U+DMbjT5+E23UCu618Eg2cxuWGsiItdVo07cxFuY/47gzOH3sTrfq9kv6Yy6Nn7OsM9nWA7NH5qMX/ffC8NVWVsf20Pm/bGAMPQW88RDpzFnXoj8Xl35Pc7+AZez6GS/bwTH5DraifMDBKpqMWdcTOZ93YBEJ+/ArdpNl5vJ5l9fwED5UvXYyeSH/k8/L7j5I7sJUyfwoQ+djxJtHUB7vR5gMHrPUzug7cJs4NEKhtwp32azIFdYFkkFq7CqW/FO9lFZv/LgKH89q9ixyvH9vd6OvC6OwhH0hgvg+XGiFQ2EG37HJHK2vxxsiNku97BP300/4ydGJG6FmJtt2InKi/7fZ+/DoYT/HFNlPmtdcRjsfz3HouIiIiIiIiIiIiIiIh8hHQ6fcHvLhYCnx/+wiQPgI0x5HI5UqkUK7efozfwsKxwtLGT0Siv5Pq/xs9rov7ATRVsXNrC/t4RvMCwuLmMqniE9HCGO7fsoLt24TV9/k9qPQhsmh2Hl9bXUF1djeu66gIWERERERERERERERGRCblYAAylIfDFwl+ASd2SaFkWjuOQSCT46Z02/ki8MFY4zI9bvtj1GqsffL+Lzg+7WVDvsmxGOcNDg/z21XaWP/wEx2ItH/v5Jms9yMR5akWEeDxOJBJR+CsiIiIiIiIiIiIiIiKXbTT0HS/8hUneAQxgjCGbzdLf388Pd/ezo8vCjeUKrZyM0+ppXTN1v6+bbFc74VAKE/pYbgJnylSiMxcRqaj+2M83GeteLs6X20I2LauhpqaGWCymAFhEREREREREREREREQmbLwO4ImY9AEwgO/7DA0N0XfmDF/c6XPGzxKJ+BgMFsXB3WjKN7pSXfXSehC4NLhRdt7nUldbS3l5OY7jICIiIiIiIiIiIiIiIjJRlxMAT+oR0KMikfyo3spkku2rQpzAJfDt/MMxIRZh4Vq6Vl314nUYODhBlGdWGSqTybHxzyIiIiIiIiIiIiIiIiJXizqAC8IwJJPJcC6d5mRfP+tetEh5hlh0qDDut6jTs7QRVHXVyXoVTHEtnrvH0FBXQ3VVFbFYDNvW/1iIiIiIiIiIiIiIiIjI/0cjoK+QIAjIZDKkBwY4l0rx/b/leKWnnJhzDtv2izJAqzD+t2htjOqTsO4HDjm/ipXTBtm8JEZVVRVVhfBX3b8iIiIiIiIiIiIiIiJyKRQAX0FBEJDL5RgYGCA9MMDRvmEe2e3Qm3HB8ojYARHLw7Z8LCvMh4KFJ2gwWJZVtEb1T1A9MBbGuATGJQwdjHFoTOR4cnnA9NoyKpNJkskk0WhU4a+IiIiIiIiIiIiIiIhcsssJgP8LW8FxjYzZywkAAAAASUVORK5CYII=' height='250' width='300'/> ]]>
  </system-out>
</testsuite> <!-- com.tribu.qaselenium.tests.apimazaprendo.MAAssignF2FCourseTests -->
